<?xml version="1.0" encoding="UTF-8"?>
<testsuite xmlns:xsi="http://www.w3.org/2001/XMLSchema-instance" xsi:noNamespaceSchemaLocation="https://maven.apache.org/surefire/maven-surefire-plugin/xsd/surefire-test-report.xsd" name="org.apache.hadoop.hdds.scm.pipeline.TestNodeFailure" time="72.459" tests="1" errors="1" skipped="0" failures="0">
  <properties>
    <property name="awt.toolkit" value="sun.awt.X11.XToolkit"/>
    <property name="file.encoding.pkg" value="sun.io"/>
    <property name="java.specification.version" value="1.8"/>
    <property name="sun.cpu.isalist" value=""/>
    <property name="sun.jnu.encoding" value="UTF-8"/>
    <property name="java.class.path" value="/workdir/hadoop-ozone/integration-test/target/test-classes:/workdir/hadoop-ozone/integration-test/target/classes:/home/user/.m2/repository/org/apache/hadoop/hadoop-ozone-common/0.5.0-SNAPSHOT/hadoop-ozone-common-0.5.0-SNAPSHOT.jar:/home/user/.m2/repository/org/apache/commons/commons-compress/1.4.1/commons-compress-1.4.1.jar:/home/user/.m2/repository/org/tukaani/xz/1.0/xz-1.0.jar:/home/user/.m2/repository/org/apache/hadoop/hadoop-common/3.2.0/hadoop-common-3.2.0.jar:/home/user/.m2/repository/org/apache/hadoop/hadoop-hdfs/3.2.0/hadoop-hdfs-3.2.0.jar:/home/user/.m2/repository/org/apache/hadoop/hadoop-hdfs-client/3.2.0/hadoop-hdfs-client-3.2.0.jar:/home/user/.m2/repository/com/fasterxml/jackson/core/jackson-annotations/2.9.5/jackson-annotations-2.9.5.jar:/home/user/.m2/repository/org/apache/hadoop/hadoop-hdds-common/0.5.0-SNAPSHOT/hadoop-hdds-common-0.5.0-SNAPSHOT.jar:/home/user/.m2/repository/javax/annotation/javax.annotation-api/1.2/javax.annotation-api-1.2.jar:/home/user/.m2/repository/org/apache/ratis/ratis-server/0.4.0-2337318-SNAPSHOT/ratis-server-0.4.0-2337318-SNAPSHOT.jar:/home/user/.m2/repository/org/apache/ratis/ratis-thirdparty-misc/0.2.0/ratis-thirdparty-misc-0.2.0.jar:/home/user/.m2/repository/org/apache/ratis/ratis-proto/0.4.0-2337318-SNAPSHOT/ratis-proto-0.4.0-2337318-SNAPSHOT.jar:/home/user/.m2/repository/org/apache/ratis/ratis-common/0.4.0-2337318-SNAPSHOT/ratis-common-0.4.0-2337318-SNAPSHOT.jar:/home/user/.m2/repository/org/apache/ratis/ratis-client/0.4.0-2337318-SNAPSHOT/ratis-client-0.4.0-2337318-SNAPSHOT.jar:/home/user/.m2/repository/org/apache/ratis/ratis-metrics/0.4.0-2337318-SNAPSHOT/ratis-metrics-0.4.0-2337318-SNAPSHOT.jar:/home/user/.m2/repository/org/apache/ratis/ratis-netty/0.4.0-2337318-SNAPSHOT/ratis-netty-0.4.0-2337318-SNAPSHOT.jar:/home/user/.m2/repository/org/apache/ratis/ratis-grpc/0.4.0-2337318-SNAPSHOT/ratis-grpc-0.4.0-2337318-SNAPSHOT.jar:/home/user/.m2/repository/org/rocksdb/rocksdbjni/6.0.1/rocksdbjni-6.0.1.jar:/home/user/.m2/repository/org/apache/logging/log4j/log4j-api/2.11.0/log4j-api-2.11.0.jar:/home/user/.m2/repository/org/apache/logging/log4j/log4j-core/2.11.0/log4j-core-2.11.0.jar:/home/user/.m2/repository/com/lmax/disruptor/3.4.2/disruptor-3.4.2.jar:/home/user/.m2/repository/org/apache/commons/commons-pool2/2.6.0/commons-pool2-2.6.0.jar:/home/user/.m2/repository/org/bouncycastle/bcpkix-jdk15on/1.60/bcpkix-jdk15on-1.60.jar:/home/user/.m2/repository/commons-validator/commons-validator/1.6/commons-validator-1.6.jar:/home/user/.m2/repository/commons-digester/commons-digester/1.8.1/commons-digester-1.8.1.jar:/home/user/.m2/repository/io/jaegertracing/jaeger-client/0.33.1/jaeger-client-0.33.1.jar:/home/user/.m2/repository/io/jaegertracing/jaeger-thrift/0.33.1/jaeger-thrift-0.33.1.jar:/home/user/.m2/repository/org/apache/thrift/libthrift/0.11.0/libthrift-0.11.0.jar:/home/user/.m2/repository/com/squareup/okhttp3/okhttp/3.9.0/okhttp-3.9.0.jar:/home/user/.m2/repository/com/squareup/okio/okio/1.13.0/okio-1.13.0.jar:/home/user/.m2/repository/io/jaegertracing/jaeger-core/0.33.1/jaeger-core-0.33.1.jar:/home/user/.m2/repository/io/jaegertracing/jaeger-tracerresolver/0.33.1/jaeger-tracerresolver-0.33.1.jar:/home/user/.m2/repository/io/opentracing/contrib/opentracing-tracerresolver/0.1.5/opentracing-tracerresolver-0.1.5.jar:/home/user/.m2/repository/io/opentracing/opentracing-util/0.31.0/opentracing-util-0.31.0.jar:/home/user/.m2/repository/io/opentracing/opentracing-api/0.31.0/opentracing-api-0.31.0.jar:/home/user/.m2/repository/io/opentracing/opentracing-noop/0.31.0/opentracing-noop-0.31.0.jar:/home/user/.m2/repository/org/apache/hadoop/hadoop-hdds-server-framework/0.5.0-SNAPSHOT/hadoop-hdds-server-framework-0.5.0-SNAPSHOT.jar:/home/user/.m2/repository/org/apache/hadoop/hadoop-hdds-container-service/0.5.0-SNAPSHOT/hadoop-hdds-container-service-0.5.0-SNAPSHOT.jar:/home/user/.m2/repository/org/apache/hadoop/hadoop-hdds-client/0.5.0-SNAPSHOT/hadoop-hdds-client-0.5.0-SNAPSHOT.jar:/home/user/.m2/repository/org/apache/hadoop/hadoop-hdds-tools/0.5.0-SNAPSHOT/hadoop-hdds-tools-0.5.0-SNAPSHOT.jar:/home/user/.m2/repository/org/apache/hadoop/hadoop-hdds-server-scm/0.5.0-SNAPSHOT/hadoop-hdds-server-scm-0.5.0-SNAPSHOT.jar:/home/user/.m2/repository/org/apache/hadoop/hadoop-hdds-docs/0.5.0-SNAPSHOT/hadoop-hdds-docs-0.5.0-SNAPSHOT.jar:/home/user/.m2/repository/io/dropwizard/metrics/metrics-core/3.2.4/metrics-core-3.2.4.jar:/home/user/.m2/repository/org/hamcrest/hamcrest-all/1.3/hamcrest-all-1.3.jar:/home/user/.m2/repository/org/bouncycastle/bcprov-jdk15on/1.60/bcprov-jdk15on-1.60.jar:/home/user/.m2/repository/info/picocli/picocli/3.9.6/picocli-3.9.6.jar:/home/user/.m2/repository/com/google/protobuf/protobuf-java/2.5.0/protobuf-java-2.5.0.jar:/home/user/.m2/repository/com/google/guava/guava/11.0.2/guava-11.0.2.jar:/home/user/.m2/repository/org/apache/hadoop/hadoop-ozone-ozone-manager/0.5.0-SNAPSHOT/hadoop-ozone-ozone-manager-0.5.0-SNAPSHOT.jar:/home/user/.m2/repository/org/apache/hadoop/hadoop-minikdc/3.2.0/hadoop-minikdc-3.2.0.jar:/home/user/.m2/repository/commons-io/commons-io/2.5/commons-io-2.5.jar:/home/user/.m2/repository/org/apache/kerby/kerb-simplekdc/1.0.1/kerb-simplekdc-1.0.1.jar:/home/user/.m2/repository/org/apache/kerby/kerb-client/1.0.1/kerb-client-1.0.1.jar:/home/user/.m2/repository/org/apache/kerby/kerby-config/1.0.1/kerby-config-1.0.1.jar:/home/user/.m2/repository/org/apache/kerby/kerb-core/1.0.1/kerb-core-1.0.1.jar:/home/user/.m2/repository/org/apache/kerby/kerby-pkix/1.0.1/kerby-pkix-1.0.1.jar:/home/user/.m2/repository/org/apache/kerby/kerby-asn1/1.0.1/kerby-asn1-1.0.1.jar:/home/user/.m2/repository/org/apache/kerby/kerby-util/1.0.1/kerby-util-1.0.1.jar:/home/user/.m2/repository/org/apache/kerby/kerb-common/1.0.1/kerb-common-1.0.1.jar:/home/user/.m2/repository/org/apache/kerby/kerb-crypto/1.0.1/kerb-crypto-1.0.1.jar:/home/user/.m2/repository/org/apache/kerby/kerb-util/1.0.1/kerb-util-1.0.1.jar:/home/user/.m2/repository/org/apache/kerby/token-provider/1.0.1/token-provider-1.0.1.jar:/home/user/.m2/repository/org/apache/kerby/kerb-admin/1.0.1/kerb-admin-1.0.1.jar:/home/user/.m2/repository/org/apache/kerby/kerb-server/1.0.1/kerb-server-1.0.1.jar:/home/user/.m2/repository/org/apache/kerby/kerb-identity/1.0.1/kerb-identity-1.0.1.jar:/home/user/.m2/repository/org/apache/kerby/kerby-xdr/1.0.1/kerby-xdr-1.0.1.jar:/home/user/.m2/repository/org/slf4j/slf4j-log4j12/1.7.25/slf4j-log4j12-1.7.25.jar:/home/user/.m2/repository/org/apache/hadoop/hadoop-ozone-objectstore-service/0.5.0-SNAPSHOT/hadoop-ozone-objectstore-service-0.5.0-SNAPSHOT.jar:/home/user/.m2/repository/org/apache/hadoop/hadoop-ozone-s3gateway/0.5.0-SNAPSHOT/hadoop-ozone-s3gateway-0.5.0-SNAPSHOT.jar:/home/user/.m2/repository/org/jboss/weld/servlet/weld-servlet/2.4.7.Final/weld-servlet-2.4.7.Final.jar:/home/user/.m2/repository/org/glassfish/jersey/containers/jersey-container-servlet-core/2.27/jersey-container-servlet-core-2.27.jar:/home/user/.m2/repository/org/glassfish/hk2/external/javax.inject/2.5.0-b42/javax.inject-2.5.0-b42.jar:/home/user/.m2/repository/org/glassfish/jersey/core/jersey-common/2.27/jersey-common-2.27.jar:/home/user/.m2/repository/org/glassfish/hk2/osgi-resource-locator/1.0.1/osgi-resource-locator-1.0.1.jar:/home/user/.m2/repository/javax/ws/rs/javax.ws.rs-api/2.1/javax.ws.rs-api-2.1.jar:/home/user/.m2/repository/org/glassfish/jersey/ext/cdi/jersey-cdi1x/2.27/jersey-cdi1x-2.27.jar:/home/user/.m2/repository/org/glassfish/jersey/inject/jersey-hk2/2.27/jersey-hk2-2.27.jar:/home/user/.m2/repository/org/glassfish/hk2/hk2-locator/2.5.0-b42/hk2-locator-2.5.0-b42.jar:/home/user/.m2/repository/org/javassist/javassist/3.22.0-CR2/javassist-3.22.0-CR2.jar:/home/user/.m2/repository/org/glassfish/hk2/hk2-api/2.5.0/hk2-api-2.5.0.jar:/home/user/.m2/repository/org/glassfish/hk2/external/jakarta.inject/2.5.0/jakarta.inject-2.5.0.jar:/home/user/.m2/repository/org/glassfish/hk2/hk2-utils/2.5.0/hk2-utils-2.5.0.jar:/home/user/.m2/repository/jakarta/annotation/jakarta.annotation-api/1.3.4/jakarta.annotation-api-1.3.4.jar:/home/user/.m2/repository/org/glassfish/hk2/external/aopalliance-repackaged/2.5.0/aopalliance-repackaged-2.5.0.jar:/home/user/.m2/repository/com/fasterxml/jackson/dataformat/jackson-dataformat-xml/2.9.0/jackson-dataformat-xml-2.9.0.jar:/home/user/.m2/repository/com/fasterxml/jackson/core/jackson-core/2.9.5/jackson-core-2.9.5.jar:/home/user/.m2/repository/com/fasterxml/jackson/module/jackson-module-jaxb-annotations/2.9.5/jackson-module-jaxb-annotations-2.9.5.jar:/home/user/.m2/repository/javax/enterprise/cdi-api/1.2/cdi-api-1.2.jar:/home/user/.m2/repository/javax/el/javax.el-api/3.0.0/javax.el-api-3.0.0.jar:/home/user/.m2/repository/javax/interceptor/javax.interceptor-api/1.2/javax.interceptor-api-1.2.jar:/home/user/.m2/repository/javax/inject/javax.inject/1/javax.inject-1.jar:/home/user/.m2/repository/com/sun/xml/bind/jaxb-impl/2.3.0.1/jaxb-impl-2.3.0.1.jar:/home/user/.m2/repository/com/sun/xml/bind/jaxb-core/2.3.0.1/jaxb-core-2.3.0.1.jar:/home/user/.m2/repository/javax/xml/bind/jaxb-api/2.3.0/jaxb-api-2.3.0.jar:/home/user/.m2/repository/javax/activation/activation/1.1.1/activation-1.1.1.jar:/home/user/.m2/repository/org/apache/hadoop/hadoop-ozone-csi/0.5.0-SNAPSHOT/hadoop-ozone-csi-0.5.0-SNAPSHOT.jar:/home/user/.m2/repository/com/google/protobuf/protobuf-java-util/3.5.1/protobuf-java-util-3.5.1.jar:/home/user/.m2/repository/org/apache/hadoop/hadoop-hdds-config/0.5.0-SNAPSHOT/hadoop-hdds-config-0.5.0-SNAPSHOT.jar:/home/user/.m2/repository/io/grpc/grpc-netty/1.17.1/grpc-netty-1.17.1.jar:/home/user/.m2/repository/io/grpc/grpc-core/1.17.1/grpc-core-1.17.1.jar:/home/user/.m2/repository/io/grpc/grpc-context/1.17.1/grpc-context-1.17.1.jar:/home/user/.m2/repository/com/google/errorprone/error_prone_annotations/2.2.0/error_prone_annotations-2.2.0.jar:/home/user/.m2/repository/org/codehaus/mojo/animal-sniffer-annotations/1.17/animal-sniffer-annotations-1.17.jar:/home/user/.m2/repository/io/opencensus/opencensus-api/0.17.0/opencensus-api-0.17.0.jar:/home/user/.m2/repository/io/opencensus/opencensus-contrib-grpc-metrics/0.17.0/opencensus-contrib-grpc-metrics-0.17.0.jar:/home/user/.m2/repository/io/netty/netty-codec-http2/4.1.30.Final/netty-codec-http2-4.1.30.Final.jar:/home/user/.m2/repository/io/netty/netty-codec-http/4.1.30.Final/netty-codec-http-4.1.30.Final.jar:/home/user/.m2/repository/io/netty/netty-codec/4.1.30.Final/netty-codec-4.1.30.Final.jar:/home/user/.m2/repository/io/netty/netty-handler/4.1.30.Final/netty-handler-4.1.30.Final.jar:/home/user/.m2/repository/io/netty/netty-handler-proxy/4.1.30.Final/netty-handler-proxy-4.1.30.Final.jar:/home/user/.m2/repository/io/netty/netty-codec-socks/4.1.30.Final/netty-codec-socks-4.1.30.Final.jar:/home/user/.m2/repository/io/netty/netty-transport-native-epoll/4.1.30.Final/netty-transport-native-epoll-4.1.30.Final.jar:/home/user/.m2/repository/io/netty/netty-common/4.1.30.Final/netty-common-4.1.30.Final.jar:/home/user/.m2/repository/io/netty/netty-buffer/4.1.30.Final/netty-buffer-4.1.30.Final.jar:/home/user/.m2/repository/io/netty/netty-transport/4.1.30.Final/netty-transport-4.1.30.Final.jar:/home/user/.m2/repository/io/netty/netty-resolver/4.1.30.Final/netty-resolver-4.1.30.Final.jar:/home/user/.m2/repository/io/netty/netty-transport-native-unix-common/4.1.30.Final/netty-transport-native-unix-common-4.1.30.Final.jar:/home/user/.m2/repository/io/grpc/grpc-protobuf/1.17.1/grpc-protobuf-1.17.1.jar:/home/user/.m2/repository/com/google/api/grpc/proto-google-common-protos/1.0.0/proto-google-common-protos-1.0.0.jar:/home/user/.m2/repository/io/grpc/grpc-protobuf-lite/1.17.1/grpc-protobuf-lite-1.17.1.jar:/home/user/.m2/repository/io/grpc/grpc-stub/1.17.1/grpc-stub-1.17.1.jar:/home/user/.m2/repository/org/apache/hadoop/hadoop-ozone-recon/0.5.0-SNAPSHOT/hadoop-ozone-recon-0.5.0-SNAPSHOT.jar:/home/user/.m2/repository/org/apache/hadoop/hadoop-ozone-reconcodegen/0.5.0-SNAPSHOT/hadoop-ozone-reconcodegen-0.5.0-SNAPSHOT.jar:/home/user/.m2/repository/com/google/inject/extensions/guice-multibindings/4.0/guice-multibindings-4.0.jar:/home/user/.m2/repository/com/google/inject/guice/4.0/guice-4.0.jar:/home/user/.m2/repository/aopalliance/aopalliance/1.0/aopalliance-1.0.jar:/home/user/.m2/repository/com/google/inject/extensions/guice-servlet/4.0/guice-servlet-4.0.jar:/home/user/.m2/repository/org/glassfish/jersey/containers/jersey-container-servlet/2.27/jersey-container-servlet-2.27.jar:/home/user/.m2/repository/org/glassfish/hk2/guice-bridge/2.5.0/guice-bridge-2.5.0.jar:/home/user/.m2/repository/org/glassfish/jersey/core/jersey-server/2.27/jersey-server-2.27.jar:/home/user/.m2/repository/org/glassfish/jersey/core/jersey-client/2.27/jersey-client-2.27.jar:/home/user/.m2/repository/org/glassfish/jersey/media/jersey-media-jaxb/2.27/jersey-media-jaxb-2.27.jar:/home/user/.m2/repository/javax/validation/validation-api/1.1.0.Final/validation-api-1.1.0.Final.jar:/home/user/.m2/repository/org/glassfish/jersey/media/jersey-media-json-jackson/2.27/jersey-media-json-jackson-2.27.jar:/home/user/.m2/repository/org/glassfish/jersey/ext/jersey-entity-filtering/2.27/jersey-entity-filtering-2.27.jar:/home/user/.m2/repository/com/google/inject/extensions/guice-assistedinject/4.0/guice-assistedinject-4.0.jar:/home/user/.m2/repository/org/jooq/jooq/3.11.10/jooq-3.11.10.jar:/home/user/.m2/repository/org/jooq/jooq-meta/3.11.10/jooq-meta-3.11.10.jar:/home/user/.m2/repository/org/jooq/jooq-codegen/3.11.10/jooq-codegen-3.11.10.jar:/home/user/.m2/repository/com/jolbox/bonecp/0.8.0.RELEASE/bonecp-0.8.0.RELEASE.jar:/home/user/.m2/repository/org/xerial/sqlite-jdbc/3.25.2/sqlite-jdbc-3.25.2.jar:/home/user/.m2/repository/org/springframework/spring-jdbc/5.1.3.RELEASE/spring-jdbc-5.1.3.RELEASE.jar:/home/user/.m2/repository/org/springframework/spring-beans/5.1.3.RELEASE/spring-beans-5.1.3.RELEASE.jar:/home/user/.m2/repository/org/springframework/spring-core/5.1.3.RELEASE/spring-core-5.1.3.RELEASE.jar:/home/user/.m2/repository/org/springframework/spring-jcl/5.1.3.RELEASE/spring-jcl-5.1.3.RELEASE.jar:/home/user/.m2/repository/org/springframework/spring-tx/5.1.3.RELEASE/spring-tx-5.1.3.RELEASE.jar:/home/user/.m2/repository/org/apache/hadoop/hadoop-ozone-client/0.5.0-SNAPSHOT/hadoop-ozone-client-0.5.0-SNAPSHOT.jar:/home/user/.m2/repository/commons-lang/commons-lang/2.6/commons-lang-2.6.jar:/home/user/.m2/repository/org/apache/hadoop/hadoop-ozone-ozone-manager/0.5.0-SNAPSHOT/hadoop-ozone-ozone-manager-0.5.0-SNAPSHOT-tests.jar:/home/user/.m2/repository/junit/junit/4.11/junit-4.11.jar:/home/user/.m2/repository/org/hamcrest/hamcrest-core/1.3/hamcrest-core-1.3.jar:/home/user/.m2/repository/org/openjdk/jmh/jmh-core/1.19/jmh-core-1.19.jar:/home/user/.m2/repository/net/sf/jopt-simple/jopt-simple/4.6/jopt-simple-4.6.jar:/home/user/.m2/repository/org/apache/commons/commons-math3/3.1.1/commons-math3-3.1.1.jar:/home/user/.m2/repository/org/openjdk/jmh/jmh-generator-annprocess/1.19/jmh-generator-annprocess-1.19.jar:/home/user/.m2/repository/org/mockito/mockito-all/1.8.5/mockito-all-1.8.5.jar:/home/user/.m2/repository/org/apache/hadoop/hadoop-kms/3.2.0/hadoop-kms-3.2.0.jar:/home/user/.m2/repository/org/apache/hadoop/hadoop-auth/3.2.0/hadoop-auth-3.2.0.jar:/home/user/.m2/repository/com/nimbusds/nimbus-jose-jwt/4.41.1/nimbus-jose-jwt-4.41.1.jar:/home/user/.m2/repository/com/github/stephenc/jcip/jcip-annotations/1.0-1/jcip-annotations-1.0-1.jar:/home/user/.m2/repository/net/minidev/json-smart/2.3/json-smart-2.3.jar:/home/user/.m2/repository/net/minidev/accessors-smart/1.2/accessors-smart-1.2.jar:/home/user/.m2/repository/org/ow2/asm/asm/5.0.4/asm-5.0.4.jar:/home/user/.m2/repository/org/apache/curator/curator-framework/2.12.0/curator-framework-2.12.0.jar:/home/user/.m2/repository/com/sun/jersey/jersey-core/1.19/jersey-core-1.19.jar:/home/user/.m2/repository/javax/ws/rs/jsr311-api/1.1.1/jsr311-api-1.1.1.jar:/home/user/.m2/repository/com/sun/jersey/jersey-server/1.19/jersey-server-1.19.jar:/home/user/.m2/repository/javax/servlet/javax.servlet-api/3.1.0/javax.servlet-api-3.1.0.jar:/home/user/.m2/repository/org/eclipse/jetty/jetty-server/9.3.24.v20180605/jetty-server-9.3.24.v20180605.jar:/home/user/.m2/repository/org/eclipse/jetty/jetty-http/9.3.24.v20180605/jetty-http-9.3.24.v20180605.jar:/home/user/.m2/repository/org/eclipse/jetty/jetty-io/9.3.24.v20180605/jetty-io-9.3.24.v20180605.jar:/home/user/.m2/repository/org/eclipse/jetty/jetty-webapp/9.3.24.v20180605/jetty-webapp-9.3.24.v20180605.jar:/home/user/.m2/repository/org/eclipse/jetty/jetty-xml/9.3.24.v20180605/jetty-xml-9.3.24.v20180605.jar:/home/user/.m2/repository/log4j/log4j/1.2.17/log4j-1.2.17.jar:/home/user/.m2/repository/org/slf4j/slf4j-api/1.7.25/slf4j-api-1.7.25.jar:/home/user/.m2/repository/org/slf4j/jul-to-slf4j/1.7.25/jul-to-slf4j-1.7.25.jar:/home/user/.m2/repository/org/eclipse/jetty/jetty-util/9.3.24.v20180605/jetty-util-9.3.24.v20180605.jar:/home/user/.m2/repository/com/fasterxml/jackson/core/jackson-databind/2.9.5/jackson-databind-2.9.5.jar:/home/user/.m2/repository/org/apache/hadoop/hadoop-kms/3.2.0/hadoop-kms-3.2.0-tests.jar:/home/user/.m2/repository/org/apache/hadoop/hadoop-hdds-server-scm/0.5.0-SNAPSHOT/hadoop-hdds-server-scm-0.5.0-SNAPSHOT-tests.jar:/home/user/.m2/repository/org/apache/hadoop/hadoop-hdds-container-service/0.5.0-SNAPSHOT/hadoop-hdds-container-service-0.5.0-SNAPSHOT-tests.jar:/home/user/.m2/repository/org/yaml/snakeyaml/1.16/snakeyaml-1.16.jar:/home/user/.m2/repository/org/apache/hadoop/hadoop-common/3.2.0/hadoop-common-3.2.0-tests.jar:/home/user/.m2/repository/org/apache/hadoop/hadoop-annotations/3.2.0/hadoop-annotations-3.2.0.jar:/usr/lib/jvm/java-1.8-openjdk/jre/../lib/tools.jar:/home/user/.m2/repository/commons-cli/commons-cli/1.2/commons-cli-1.2.jar:/home/user/.m2/repository/org/apache/httpcomponents/httpclient/4.5.2/httpclient-4.5.2.jar:/home/user/.m2/repository/org/apache/httpcomponents/httpcore/4.4.4/httpcore-4.4.4.jar:/home/user/.m2/repository/commons-codec/commons-codec/1.11/commons-codec-1.11.jar:/home/user/.m2/repository/commons-net/commons-net/3.6/commons-net-3.6.jar:/home/user/.m2/repository/commons-collections/commons-collections/3.2.2/commons-collections-3.2.2.jar:/home/user/.m2/repository/org/eclipse/jetty/jetty-servlet/9.3.24.v20180605/jetty-servlet-9.3.24.v20180605.jar:/home/user/.m2/repository/org/eclipse/jetty/jetty-security/9.3.24.v20180605/jetty-security-9.3.24.v20180605.jar:/home/user/.m2/repository/javax/servlet/jsp/jsp-api/2.1/jsp-api-2.1.jar:/home/user/.m2/repository/com/sun/jersey/jersey-servlet/1.19/jersey-servlet-1.19.jar:/home/user/.m2/repository/com/sun/jersey/jersey-json/1.19/jersey-json-1.19.jar:/home/user/.m2/repository/org/codehaus/jettison/jettison/1.1/jettison-1.1.jar:/home/user/.m2/repository/org/codehaus/jackson/jackson-core-asl/1.9.13/jackson-core-asl-1.9.13.jar:/home/user/.m2/repository/org/codehaus/jackson/jackson-mapper-asl/1.9.13/jackson-mapper-asl-1.9.13.jar:/home/user/.m2/repository/org/codehaus/jackson/jackson-jaxrs/1.9.13/jackson-jaxrs-1.9.13.jar:/home/user/.m2/repository/org/codehaus/jackson/jackson-xc/1.9.13/jackson-xc-1.9.13.jar:/home/user/.m2/repository/commons-logging/commons-logging/1.1.3/commons-logging-1.1.3.jar:/home/user/.m2/repository/commons-beanutils/commons-beanutils/1.9.3/commons-beanutils-1.9.3.jar:/home/user/.m2/repository/org/apache/commons/commons-configuration2/2.1.1/commons-configuration2-2.1.1.jar:/home/user/.m2/repository/org/apache/commons/commons-lang3/3.7/commons-lang3-3.7.jar:/home/user/.m2/repository/org/apache/commons/commons-text/1.4/commons-text-1.4.jar:/home/user/.m2/repository/org/apache/avro/avro/1.7.7/avro-1.7.7.jar:/home/user/.m2/repository/com/thoughtworks/paranamer/paranamer/2.3/paranamer-2.3.jar:/home/user/.m2/repository/org/xerial/snappy/snappy-java/1.0.5/snappy-java-1.0.5.jar:/home/user/.m2/repository/com/google/re2j/re2j/1.1/re2j-1.1.jar:/home/user/.m2/repository/com/google/code/gson/gson/2.2.4/gson-2.2.4.jar:/home/user/.m2/repository/com/jcraft/jsch/0.1.54/jsch-0.1.54.jar:/home/user/.m2/repository/org/apache/curator/curator-client/2.12.0/curator-client-2.12.0.jar:/home/user/.m2/repository/org/apache/curator/curator-recipes/2.12.0/curator-recipes-2.12.0.jar:/home/user/.m2/repository/com/google/code/findbugs/jsr305/3.0.0/jsr305-3.0.0.jar:/home/user/.m2/repository/org/apache/htrace/htrace-core4/4.1.0-incubating/htrace-core4-4.1.0-incubating.jar:/home/user/.m2/repository/org/apache/zookeeper/zookeeper/3.4.13/zookeeper-3.4.13.jar:/home/user/.m2/repository/org/apache/yetus/audience-annotations/0.5.0/audience-annotations-0.5.0.jar:/home/user/.m2/repository/org/codehaus/woodstox/stax2-api/3.1.4/stax2-api-3.1.4.jar:/home/user/.m2/repository/com/fasterxml/woodstox/woodstox-core/5.0.3/woodstox-core-5.0.3.jar:/home/user/.m2/repository/dnsjava/dnsjava/2.1.7/dnsjava-2.1.7.jar:/home/user/.m2/repository/org/apache/hadoop/hadoop-hdfs/3.2.0/hadoop-hdfs-3.2.0-tests.jar:/home/user/.m2/repository/org/eclipse/jetty/jetty-util-ajax/9.3.24.v20180605/jetty-util-ajax-9.3.24.v20180605.jar:/home/user/.m2/repository/commons-daemon/commons-daemon/1.0.13/commons-daemon-1.0.13.jar:/home/user/.m2/repository/io/netty/netty/3.10.5.Final/netty-3.10.5.Final.jar:/home/user/.m2/repository/io/netty/netty-all/4.0.52.Final/netty-all-4.0.52.Final.jar:/home/user/.m2/repository/org/fusesource/leveldbjni/leveldbjni-all/1.8/leveldbjni-all-1.8.jar:"/>
    <property name="java.vm.vendor" value="IcedTea"/>
    <property name="sun.arch.data.model" value="64"/>
    <property name="test.build.dir" value="/workdir/hadoop-ozone/integration-test/target/test-dir"/>
    <property name="test.cache.data" value=""/>
    <property name="java.vendor.url" value="https://icedtea.classpath.org"/>
    <property name="user.timezone" value=""/>
    <property name="java.vm.specification.version" value="1.8"/>
    <property name="os.name" value="Linux"/>
    <property name="test.build.data" value="/workdir/hadoop-ozone/integration-test/target/test-dir"/>
    <property name="user.country" value="US"/>
    <property name="sun.java.launcher" value="SUN_STANDARD"/>
    <property name="sun.boot.library.path" value="/usr/lib/jvm/java-1.8-openjdk/jre/lib/amd64"/>
    <property name="sun.java.command" value="/workdir/hadoop-ozone/integration-test/target/surefire/surefirebooter2969282903300918759.jar /workdir/hadoop-ozone/integration-test/target/surefire 2019-09-20T09-23-56_214-jvmRun1 surefire1366513980622399093tmp surefire_16984460716054033827tmp"/>
    <property name="test" value="!TestMiniChaosOzoneCluster"/>
    <property name="surefire.test.class.path" value="/workdir/hadoop-ozone/integration-test/target/test-classes:/workdir/hadoop-ozone/integration-test/target/classes:/home/user/.m2/repository/org/apache/hadoop/hadoop-ozone-common/0.5.0-SNAPSHOT/hadoop-ozone-common-0.5.0-SNAPSHOT.jar:/home/user/.m2/repository/org/apache/commons/commons-compress/1.4.1/commons-compress-1.4.1.jar:/home/user/.m2/repository/org/tukaani/xz/1.0/xz-1.0.jar:/home/user/.m2/repository/org/apache/hadoop/hadoop-common/3.2.0/hadoop-common-3.2.0.jar:/home/user/.m2/repository/org/apache/hadoop/hadoop-hdfs/3.2.0/hadoop-hdfs-3.2.0.jar:/home/user/.m2/repository/org/apache/hadoop/hadoop-hdfs-client/3.2.0/hadoop-hdfs-client-3.2.0.jar:/home/user/.m2/repository/com/fasterxml/jackson/core/jackson-annotations/2.9.5/jackson-annotations-2.9.5.jar:/home/user/.m2/repository/org/apache/hadoop/hadoop-hdds-common/0.5.0-SNAPSHOT/hadoop-hdds-common-0.5.0-SNAPSHOT.jar:/home/user/.m2/repository/javax/annotation/javax.annotation-api/1.2/javax.annotation-api-1.2.jar:/home/user/.m2/repository/org/apache/ratis/ratis-server/0.4.0-2337318-SNAPSHOT/ratis-server-0.4.0-2337318-SNAPSHOT.jar:/home/user/.m2/repository/org/apache/ratis/ratis-thirdparty-misc/0.2.0/ratis-thirdparty-misc-0.2.0.jar:/home/user/.m2/repository/org/apache/ratis/ratis-proto/0.4.0-2337318-SNAPSHOT/ratis-proto-0.4.0-2337318-SNAPSHOT.jar:/home/user/.m2/repository/org/apache/ratis/ratis-common/0.4.0-2337318-SNAPSHOT/ratis-common-0.4.0-2337318-SNAPSHOT.jar:/home/user/.m2/repository/org/apache/ratis/ratis-client/0.4.0-2337318-SNAPSHOT/ratis-client-0.4.0-2337318-SNAPSHOT.jar:/home/user/.m2/repository/org/apache/ratis/ratis-metrics/0.4.0-2337318-SNAPSHOT/ratis-metrics-0.4.0-2337318-SNAPSHOT.jar:/home/user/.m2/repository/org/apache/ratis/ratis-netty/0.4.0-2337318-SNAPSHOT/ratis-netty-0.4.0-2337318-SNAPSHOT.jar:/home/user/.m2/repository/org/apache/ratis/ratis-grpc/0.4.0-2337318-SNAPSHOT/ratis-grpc-0.4.0-2337318-SNAPSHOT.jar:/home/user/.m2/repository/org/rocksdb/rocksdbjni/6.0.1/rocksdbjni-6.0.1.jar:/home/user/.m2/repository/org/apache/logging/log4j/log4j-api/2.11.0/log4j-api-2.11.0.jar:/home/user/.m2/repository/org/apache/logging/log4j/log4j-core/2.11.0/log4j-core-2.11.0.jar:/home/user/.m2/repository/com/lmax/disruptor/3.4.2/disruptor-3.4.2.jar:/home/user/.m2/repository/org/apache/commons/commons-pool2/2.6.0/commons-pool2-2.6.0.jar:/home/user/.m2/repository/org/bouncycastle/bcpkix-jdk15on/1.60/bcpkix-jdk15on-1.60.jar:/home/user/.m2/repository/commons-validator/commons-validator/1.6/commons-validator-1.6.jar:/home/user/.m2/repository/commons-digester/commons-digester/1.8.1/commons-digester-1.8.1.jar:/home/user/.m2/repository/io/jaegertracing/jaeger-client/0.33.1/jaeger-client-0.33.1.jar:/home/user/.m2/repository/io/jaegertracing/jaeger-thrift/0.33.1/jaeger-thrift-0.33.1.jar:/home/user/.m2/repository/org/apache/thrift/libthrift/0.11.0/libthrift-0.11.0.jar:/home/user/.m2/repository/com/squareup/okhttp3/okhttp/3.9.0/okhttp-3.9.0.jar:/home/user/.m2/repository/com/squareup/okio/okio/1.13.0/okio-1.13.0.jar:/home/user/.m2/repository/io/jaegertracing/jaeger-core/0.33.1/jaeger-core-0.33.1.jar:/home/user/.m2/repository/io/jaegertracing/jaeger-tracerresolver/0.33.1/jaeger-tracerresolver-0.33.1.jar:/home/user/.m2/repository/io/opentracing/contrib/opentracing-tracerresolver/0.1.5/opentracing-tracerresolver-0.1.5.jar:/home/user/.m2/repository/io/opentracing/opentracing-util/0.31.0/opentracing-util-0.31.0.jar:/home/user/.m2/repository/io/opentracing/opentracing-api/0.31.0/opentracing-api-0.31.0.jar:/home/user/.m2/repository/io/opentracing/opentracing-noop/0.31.0/opentracing-noop-0.31.0.jar:/home/user/.m2/repository/org/apache/hadoop/hadoop-hdds-server-framework/0.5.0-SNAPSHOT/hadoop-hdds-server-framework-0.5.0-SNAPSHOT.jar:/home/user/.m2/repository/org/apache/hadoop/hadoop-hdds-container-service/0.5.0-SNAPSHOT/hadoop-hdds-container-service-0.5.0-SNAPSHOT.jar:/home/user/.m2/repository/org/apache/hadoop/hadoop-hdds-client/0.5.0-SNAPSHOT/hadoop-hdds-client-0.5.0-SNAPSHOT.jar:/home/user/.m2/repository/org/apache/hadoop/hadoop-hdds-tools/0.5.0-SNAPSHOT/hadoop-hdds-tools-0.5.0-SNAPSHOT.jar:/home/user/.m2/repository/org/apache/hadoop/hadoop-hdds-server-scm/0.5.0-SNAPSHOT/hadoop-hdds-server-scm-0.5.0-SNAPSHOT.jar:/home/user/.m2/repository/org/apache/hadoop/hadoop-hdds-docs/0.5.0-SNAPSHOT/hadoop-hdds-docs-0.5.0-SNAPSHOT.jar:/home/user/.m2/repository/io/dropwizard/metrics/metrics-core/3.2.4/metrics-core-3.2.4.jar:/home/user/.m2/repository/org/hamcrest/hamcrest-all/1.3/hamcrest-all-1.3.jar:/home/user/.m2/repository/org/bouncycastle/bcprov-jdk15on/1.60/bcprov-jdk15on-1.60.jar:/home/user/.m2/repository/info/picocli/picocli/3.9.6/picocli-3.9.6.jar:/home/user/.m2/repository/com/google/protobuf/protobuf-java/2.5.0/protobuf-java-2.5.0.jar:/home/user/.m2/repository/com/google/guava/guava/11.0.2/guava-11.0.2.jar:/home/user/.m2/repository/org/apache/hadoop/hadoop-ozone-ozone-manager/0.5.0-SNAPSHOT/hadoop-ozone-ozone-manager-0.5.0-SNAPSHOT.jar:/home/user/.m2/repository/org/apache/hadoop/hadoop-minikdc/3.2.0/hadoop-minikdc-3.2.0.jar:/home/user/.m2/repository/commons-io/commons-io/2.5/commons-io-2.5.jar:/home/user/.m2/repository/org/apache/kerby/kerb-simplekdc/1.0.1/kerb-simplekdc-1.0.1.jar:/home/user/.m2/repository/org/apache/kerby/kerb-client/1.0.1/kerb-client-1.0.1.jar:/home/user/.m2/repository/org/apache/kerby/kerby-config/1.0.1/kerby-config-1.0.1.jar:/home/user/.m2/repository/org/apache/kerby/kerb-core/1.0.1/kerb-core-1.0.1.jar:/home/user/.m2/repository/org/apache/kerby/kerby-pkix/1.0.1/kerby-pkix-1.0.1.jar:/home/user/.m2/repository/org/apache/kerby/kerby-asn1/1.0.1/kerby-asn1-1.0.1.jar:/home/user/.m2/repository/org/apache/kerby/kerby-util/1.0.1/kerby-util-1.0.1.jar:/home/user/.m2/repository/org/apache/kerby/kerb-common/1.0.1/kerb-common-1.0.1.jar:/home/user/.m2/repository/org/apache/kerby/kerb-crypto/1.0.1/kerb-crypto-1.0.1.jar:/home/user/.m2/repository/org/apache/kerby/kerb-util/1.0.1/kerb-util-1.0.1.jar:/home/user/.m2/repository/org/apache/kerby/token-provider/1.0.1/token-provider-1.0.1.jar:/home/user/.m2/repository/org/apache/kerby/kerb-admin/1.0.1/kerb-admin-1.0.1.jar:/home/user/.m2/repository/org/apache/kerby/kerb-server/1.0.1/kerb-server-1.0.1.jar:/home/user/.m2/repository/org/apache/kerby/kerb-identity/1.0.1/kerb-identity-1.0.1.jar:/home/user/.m2/repository/org/apache/kerby/kerby-xdr/1.0.1/kerby-xdr-1.0.1.jar:/home/user/.m2/repository/org/slf4j/slf4j-log4j12/1.7.25/slf4j-log4j12-1.7.25.jar:/home/user/.m2/repository/org/apache/hadoop/hadoop-ozone-objectstore-service/0.5.0-SNAPSHOT/hadoop-ozone-objectstore-service-0.5.0-SNAPSHOT.jar:/home/user/.m2/repository/org/apache/hadoop/hadoop-ozone-s3gateway/0.5.0-SNAPSHOT/hadoop-ozone-s3gateway-0.5.0-SNAPSHOT.jar:/home/user/.m2/repository/org/jboss/weld/servlet/weld-servlet/2.4.7.Final/weld-servlet-2.4.7.Final.jar:/home/user/.m2/repository/org/glassfish/jersey/containers/jersey-container-servlet-core/2.27/jersey-container-servlet-core-2.27.jar:/home/user/.m2/repository/org/glassfish/hk2/external/javax.inject/2.5.0-b42/javax.inject-2.5.0-b42.jar:/home/user/.m2/repository/org/glassfish/jersey/core/jersey-common/2.27/jersey-common-2.27.jar:/home/user/.m2/repository/org/glassfish/hk2/osgi-resource-locator/1.0.1/osgi-resource-locator-1.0.1.jar:/home/user/.m2/repository/javax/ws/rs/javax.ws.rs-api/2.1/javax.ws.rs-api-2.1.jar:/home/user/.m2/repository/org/glassfish/jersey/ext/cdi/jersey-cdi1x/2.27/jersey-cdi1x-2.27.jar:/home/user/.m2/repository/org/glassfish/jersey/inject/jersey-hk2/2.27/jersey-hk2-2.27.jar:/home/user/.m2/repository/org/glassfish/hk2/hk2-locator/2.5.0-b42/hk2-locator-2.5.0-b42.jar:/home/user/.m2/repository/org/javassist/javassist/3.22.0-CR2/javassist-3.22.0-CR2.jar:/home/user/.m2/repository/org/glassfish/hk2/hk2-api/2.5.0/hk2-api-2.5.0.jar:/home/user/.m2/repository/org/glassfish/hk2/external/jakarta.inject/2.5.0/jakarta.inject-2.5.0.jar:/home/user/.m2/repository/org/glassfish/hk2/hk2-utils/2.5.0/hk2-utils-2.5.0.jar:/home/user/.m2/repository/jakarta/annotation/jakarta.annotation-api/1.3.4/jakarta.annotation-api-1.3.4.jar:/home/user/.m2/repository/org/glassfish/hk2/external/aopalliance-repackaged/2.5.0/aopalliance-repackaged-2.5.0.jar:/home/user/.m2/repository/com/fasterxml/jackson/dataformat/jackson-dataformat-xml/2.9.0/jackson-dataformat-xml-2.9.0.jar:/home/user/.m2/repository/com/fasterxml/jackson/core/jackson-core/2.9.5/jackson-core-2.9.5.jar:/home/user/.m2/repository/com/fasterxml/jackson/module/jackson-module-jaxb-annotations/2.9.5/jackson-module-jaxb-annotations-2.9.5.jar:/home/user/.m2/repository/javax/enterprise/cdi-api/1.2/cdi-api-1.2.jar:/home/user/.m2/repository/javax/el/javax.el-api/3.0.0/javax.el-api-3.0.0.jar:/home/user/.m2/repository/javax/interceptor/javax.interceptor-api/1.2/javax.interceptor-api-1.2.jar:/home/user/.m2/repository/javax/inject/javax.inject/1/javax.inject-1.jar:/home/user/.m2/repository/com/sun/xml/bind/jaxb-impl/2.3.0.1/jaxb-impl-2.3.0.1.jar:/home/user/.m2/repository/com/sun/xml/bind/jaxb-core/2.3.0.1/jaxb-core-2.3.0.1.jar:/home/user/.m2/repository/javax/xml/bind/jaxb-api/2.3.0/jaxb-api-2.3.0.jar:/home/user/.m2/repository/javax/activation/activation/1.1.1/activation-1.1.1.jar:/home/user/.m2/repository/org/apache/hadoop/hadoop-ozone-csi/0.5.0-SNAPSHOT/hadoop-ozone-csi-0.5.0-SNAPSHOT.jar:/home/user/.m2/repository/com/google/protobuf/protobuf-java-util/3.5.1/protobuf-java-util-3.5.1.jar:/home/user/.m2/repository/org/apache/hadoop/hadoop-hdds-config/0.5.0-SNAPSHOT/hadoop-hdds-config-0.5.0-SNAPSHOT.jar:/home/user/.m2/repository/io/grpc/grpc-netty/1.17.1/grpc-netty-1.17.1.jar:/home/user/.m2/repository/io/grpc/grpc-core/1.17.1/grpc-core-1.17.1.jar:/home/user/.m2/repository/io/grpc/grpc-context/1.17.1/grpc-context-1.17.1.jar:/home/user/.m2/repository/com/google/errorprone/error_prone_annotations/2.2.0/error_prone_annotations-2.2.0.jar:/home/user/.m2/repository/org/codehaus/mojo/animal-sniffer-annotations/1.17/animal-sniffer-annotations-1.17.jar:/home/user/.m2/repository/io/opencensus/opencensus-api/0.17.0/opencensus-api-0.17.0.jar:/home/user/.m2/repository/io/opencensus/opencensus-contrib-grpc-metrics/0.17.0/opencensus-contrib-grpc-metrics-0.17.0.jar:/home/user/.m2/repository/io/netty/netty-codec-http2/4.1.30.Final/netty-codec-http2-4.1.30.Final.jar:/home/user/.m2/repository/io/netty/netty-codec-http/4.1.30.Final/netty-codec-http-4.1.30.Final.jar:/home/user/.m2/repository/io/netty/netty-codec/4.1.30.Final/netty-codec-4.1.30.Final.jar:/home/user/.m2/repository/io/netty/netty-handler/4.1.30.Final/netty-handler-4.1.30.Final.jar:/home/user/.m2/repository/io/netty/netty-handler-proxy/4.1.30.Final/netty-handler-proxy-4.1.30.Final.jar:/home/user/.m2/repository/io/netty/netty-codec-socks/4.1.30.Final/netty-codec-socks-4.1.30.Final.jar:/home/user/.m2/repository/io/netty/netty-transport-native-epoll/4.1.30.Final/netty-transport-native-epoll-4.1.30.Final.jar:/home/user/.m2/repository/io/netty/netty-common/4.1.30.Final/netty-common-4.1.30.Final.jar:/home/user/.m2/repository/io/netty/netty-buffer/4.1.30.Final/netty-buffer-4.1.30.Final.jar:/home/user/.m2/repository/io/netty/netty-transport/4.1.30.Final/netty-transport-4.1.30.Final.jar:/home/user/.m2/repository/io/netty/netty-resolver/4.1.30.Final/netty-resolver-4.1.30.Final.jar:/home/user/.m2/repository/io/netty/netty-transport-native-unix-common/4.1.30.Final/netty-transport-native-unix-common-4.1.30.Final.jar:/home/user/.m2/repository/io/grpc/grpc-protobuf/1.17.1/grpc-protobuf-1.17.1.jar:/home/user/.m2/repository/com/google/api/grpc/proto-google-common-protos/1.0.0/proto-google-common-protos-1.0.0.jar:/home/user/.m2/repository/io/grpc/grpc-protobuf-lite/1.17.1/grpc-protobuf-lite-1.17.1.jar:/home/user/.m2/repository/io/grpc/grpc-stub/1.17.1/grpc-stub-1.17.1.jar:/home/user/.m2/repository/org/apache/hadoop/hadoop-ozone-recon/0.5.0-SNAPSHOT/hadoop-ozone-recon-0.5.0-SNAPSHOT.jar:/home/user/.m2/repository/org/apache/hadoop/hadoop-ozone-reconcodegen/0.5.0-SNAPSHOT/hadoop-ozone-reconcodegen-0.5.0-SNAPSHOT.jar:/home/user/.m2/repository/com/google/inject/extensions/guice-multibindings/4.0/guice-multibindings-4.0.jar:/home/user/.m2/repository/com/google/inject/guice/4.0/guice-4.0.jar:/home/user/.m2/repository/aopalliance/aopalliance/1.0/aopalliance-1.0.jar:/home/user/.m2/repository/com/google/inject/extensions/guice-servlet/4.0/guice-servlet-4.0.jar:/home/user/.m2/repository/org/glassfish/jersey/containers/jersey-container-servlet/2.27/jersey-container-servlet-2.27.jar:/home/user/.m2/repository/org/glassfish/hk2/guice-bridge/2.5.0/guice-bridge-2.5.0.jar:/home/user/.m2/repository/org/glassfish/jersey/core/jersey-server/2.27/jersey-server-2.27.jar:/home/user/.m2/repository/org/glassfish/jersey/core/jersey-client/2.27/jersey-client-2.27.jar:/home/user/.m2/repository/org/glassfish/jersey/media/jersey-media-jaxb/2.27/jersey-media-jaxb-2.27.jar:/home/user/.m2/repository/javax/validation/validation-api/1.1.0.Final/validation-api-1.1.0.Final.jar:/home/user/.m2/repository/org/glassfish/jersey/media/jersey-media-json-jackson/2.27/jersey-media-json-jackson-2.27.jar:/home/user/.m2/repository/org/glassfish/jersey/ext/jersey-entity-filtering/2.27/jersey-entity-filtering-2.27.jar:/home/user/.m2/repository/com/google/inject/extensions/guice-assistedinject/4.0/guice-assistedinject-4.0.jar:/home/user/.m2/repository/org/jooq/jooq/3.11.10/jooq-3.11.10.jar:/home/user/.m2/repository/org/jooq/jooq-meta/3.11.10/jooq-meta-3.11.10.jar:/home/user/.m2/repository/org/jooq/jooq-codegen/3.11.10/jooq-codegen-3.11.10.jar:/home/user/.m2/repository/com/jolbox/bonecp/0.8.0.RELEASE/bonecp-0.8.0.RELEASE.jar:/home/user/.m2/repository/org/xerial/sqlite-jdbc/3.25.2/sqlite-jdbc-3.25.2.jar:/home/user/.m2/repository/org/springframework/spring-jdbc/5.1.3.RELEASE/spring-jdbc-5.1.3.RELEASE.jar:/home/user/.m2/repository/org/springframework/spring-beans/5.1.3.RELEASE/spring-beans-5.1.3.RELEASE.jar:/home/user/.m2/repository/org/springframework/spring-core/5.1.3.RELEASE/spring-core-5.1.3.RELEASE.jar:/home/user/.m2/repository/org/springframework/spring-jcl/5.1.3.RELEASE/spring-jcl-5.1.3.RELEASE.jar:/home/user/.m2/repository/org/springframework/spring-tx/5.1.3.RELEASE/spring-tx-5.1.3.RELEASE.jar:/home/user/.m2/repository/org/apache/hadoop/hadoop-ozone-client/0.5.0-SNAPSHOT/hadoop-ozone-client-0.5.0-SNAPSHOT.jar:/home/user/.m2/repository/commons-lang/commons-lang/2.6/commons-lang-2.6.jar:/home/user/.m2/repository/org/apache/hadoop/hadoop-ozone-ozone-manager/0.5.0-SNAPSHOT/hadoop-ozone-ozone-manager-0.5.0-SNAPSHOT-tests.jar:/home/user/.m2/repository/junit/junit/4.11/junit-4.11.jar:/home/user/.m2/repository/org/hamcrest/hamcrest-core/1.3/hamcrest-core-1.3.jar:/home/user/.m2/repository/org/openjdk/jmh/jmh-core/1.19/jmh-core-1.19.jar:/home/user/.m2/repository/net/sf/jopt-simple/jopt-simple/4.6/jopt-simple-4.6.jar:/home/user/.m2/repository/org/apache/commons/commons-math3/3.1.1/commons-math3-3.1.1.jar:/home/user/.m2/repository/org/openjdk/jmh/jmh-generator-annprocess/1.19/jmh-generator-annprocess-1.19.jar:/home/user/.m2/repository/org/mockito/mockito-all/1.8.5/mockito-all-1.8.5.jar:/home/user/.m2/repository/org/apache/hadoop/hadoop-kms/3.2.0/hadoop-kms-3.2.0.jar:/home/user/.m2/repository/org/apache/hadoop/hadoop-auth/3.2.0/hadoop-auth-3.2.0.jar:/home/user/.m2/repository/com/nimbusds/nimbus-jose-jwt/4.41.1/nimbus-jose-jwt-4.41.1.jar:/home/user/.m2/repository/com/github/stephenc/jcip/jcip-annotations/1.0-1/jcip-annotations-1.0-1.jar:/home/user/.m2/repository/net/minidev/json-smart/2.3/json-smart-2.3.jar:/home/user/.m2/repository/net/minidev/accessors-smart/1.2/accessors-smart-1.2.jar:/home/user/.m2/repository/org/ow2/asm/asm/5.0.4/asm-5.0.4.jar:/home/user/.m2/repository/org/apache/curator/curator-framework/2.12.0/curator-framework-2.12.0.jar:/home/user/.m2/repository/com/sun/jersey/jersey-core/1.19/jersey-core-1.19.jar:/home/user/.m2/repository/javax/ws/rs/jsr311-api/1.1.1/jsr311-api-1.1.1.jar:/home/user/.m2/repository/com/sun/jersey/jersey-server/1.19/jersey-server-1.19.jar:/home/user/.m2/repository/javax/servlet/javax.servlet-api/3.1.0/javax.servlet-api-3.1.0.jar:/home/user/.m2/repository/org/eclipse/jetty/jetty-server/9.3.24.v20180605/jetty-server-9.3.24.v20180605.jar:/home/user/.m2/repository/org/eclipse/jetty/jetty-http/9.3.24.v20180605/jetty-http-9.3.24.v20180605.jar:/home/user/.m2/repository/org/eclipse/jetty/jetty-io/9.3.24.v20180605/jetty-io-9.3.24.v20180605.jar:/home/user/.m2/repository/org/eclipse/jetty/jetty-webapp/9.3.24.v20180605/jetty-webapp-9.3.24.v20180605.jar:/home/user/.m2/repository/org/eclipse/jetty/jetty-xml/9.3.24.v20180605/jetty-xml-9.3.24.v20180605.jar:/home/user/.m2/repository/log4j/log4j/1.2.17/log4j-1.2.17.jar:/home/user/.m2/repository/org/slf4j/slf4j-api/1.7.25/slf4j-api-1.7.25.jar:/home/user/.m2/repository/org/slf4j/jul-to-slf4j/1.7.25/jul-to-slf4j-1.7.25.jar:/home/user/.m2/repository/org/eclipse/jetty/jetty-util/9.3.24.v20180605/jetty-util-9.3.24.v20180605.jar:/home/user/.m2/repository/com/fasterxml/jackson/core/jackson-databind/2.9.5/jackson-databind-2.9.5.jar:/home/user/.m2/repository/org/apache/hadoop/hadoop-kms/3.2.0/hadoop-kms-3.2.0-tests.jar:/home/user/.m2/repository/org/apache/hadoop/hadoop-hdds-server-scm/0.5.0-SNAPSHOT/hadoop-hdds-server-scm-0.5.0-SNAPSHOT-tests.jar:/home/user/.m2/repository/org/apache/hadoop/hadoop-hdds-container-service/0.5.0-SNAPSHOT/hadoop-hdds-container-service-0.5.0-SNAPSHOT-tests.jar:/home/user/.m2/repository/org/yaml/snakeyaml/1.16/snakeyaml-1.16.jar:/home/user/.m2/repository/org/apache/hadoop/hadoop-common/3.2.0/hadoop-common-3.2.0-tests.jar:/home/user/.m2/repository/org/apache/hadoop/hadoop-annotations/3.2.0/hadoop-annotations-3.2.0.jar:/usr/lib/jvm/java-1.8-openjdk/jre/../lib/tools.jar:/home/user/.m2/repository/commons-cli/commons-cli/1.2/commons-cli-1.2.jar:/home/user/.m2/repository/org/apache/httpcomponents/httpclient/4.5.2/httpclient-4.5.2.jar:/home/user/.m2/repository/org/apache/httpcomponents/httpcore/4.4.4/httpcore-4.4.4.jar:/home/user/.m2/repository/commons-codec/commons-codec/1.11/commons-codec-1.11.jar:/home/user/.m2/repository/commons-net/commons-net/3.6/commons-net-3.6.jar:/home/user/.m2/repository/commons-collections/commons-collections/3.2.2/commons-collections-3.2.2.jar:/home/user/.m2/repository/org/eclipse/jetty/jetty-servlet/9.3.24.v20180605/jetty-servlet-9.3.24.v20180605.jar:/home/user/.m2/repository/org/eclipse/jetty/jetty-security/9.3.24.v20180605/jetty-security-9.3.24.v20180605.jar:/home/user/.m2/repository/javax/servlet/jsp/jsp-api/2.1/jsp-api-2.1.jar:/home/user/.m2/repository/com/sun/jersey/jersey-servlet/1.19/jersey-servlet-1.19.jar:/home/user/.m2/repository/com/sun/jersey/jersey-json/1.19/jersey-json-1.19.jar:/home/user/.m2/repository/org/codehaus/jettison/jettison/1.1/jettison-1.1.jar:/home/user/.m2/repository/org/codehaus/jackson/jackson-core-asl/1.9.13/jackson-core-asl-1.9.13.jar:/home/user/.m2/repository/org/codehaus/jackson/jackson-mapper-asl/1.9.13/jackson-mapper-asl-1.9.13.jar:/home/user/.m2/repository/org/codehaus/jackson/jackson-jaxrs/1.9.13/jackson-jaxrs-1.9.13.jar:/home/user/.m2/repository/org/codehaus/jackson/jackson-xc/1.9.13/jackson-xc-1.9.13.jar:/home/user/.m2/repository/commons-logging/commons-logging/1.1.3/commons-logging-1.1.3.jar:/home/user/.m2/repository/commons-beanutils/commons-beanutils/1.9.3/commons-beanutils-1.9.3.jar:/home/user/.m2/repository/org/apache/commons/commons-configuration2/2.1.1/commons-configuration2-2.1.1.jar:/home/user/.m2/repository/org/apache/commons/commons-lang3/3.7/commons-lang3-3.7.jar:/home/user/.m2/repository/org/apache/commons/commons-text/1.4/commons-text-1.4.jar:/home/user/.m2/repository/org/apache/avro/avro/1.7.7/avro-1.7.7.jar:/home/user/.m2/repository/com/thoughtworks/paranamer/paranamer/2.3/paranamer-2.3.jar:/home/user/.m2/repository/org/xerial/snappy/snappy-java/1.0.5/snappy-java-1.0.5.jar:/home/user/.m2/repository/com/google/re2j/re2j/1.1/re2j-1.1.jar:/home/user/.m2/repository/com/google/code/gson/gson/2.2.4/gson-2.2.4.jar:/home/user/.m2/repository/com/jcraft/jsch/0.1.54/jsch-0.1.54.jar:/home/user/.m2/repository/org/apache/curator/curator-client/2.12.0/curator-client-2.12.0.jar:/home/user/.m2/repository/org/apache/curator/curator-recipes/2.12.0/curator-recipes-2.12.0.jar:/home/user/.m2/repository/com/google/code/findbugs/jsr305/3.0.0/jsr305-3.0.0.jar:/home/user/.m2/repository/org/apache/htrace/htrace-core4/4.1.0-incubating/htrace-core4-4.1.0-incubating.jar:/home/user/.m2/repository/org/apache/zookeeper/zookeeper/3.4.13/zookeeper-3.4.13.jar:/home/user/.m2/repository/org/apache/yetus/audience-annotations/0.5.0/audience-annotations-0.5.0.jar:/home/user/.m2/repository/org/codehaus/woodstox/stax2-api/3.1.4/stax2-api-3.1.4.jar:/home/user/.m2/repository/com/fasterxml/woodstox/woodstox-core/5.0.3/woodstox-core-5.0.3.jar:/home/user/.m2/repository/dnsjava/dnsjava/2.1.7/dnsjava-2.1.7.jar:/home/user/.m2/repository/org/apache/hadoop/hadoop-hdfs/3.2.0/hadoop-hdfs-3.2.0-tests.jar:/home/user/.m2/repository/org/eclipse/jetty/jetty-util-ajax/9.3.24.v20180605/jetty-util-ajax-9.3.24.v20180605.jar:/home/user/.m2/repository/commons-daemon/commons-daemon/1.0.13/commons-daemon-1.0.13.jar:/home/user/.m2/repository/io/netty/netty/3.10.5.Final/netty-3.10.5.Final.jar:/home/user/.m2/repository/io/netty/netty-all/4.0.52.Final/netty-all-4.0.52.Final.jar:/home/user/.m2/repository/org/fusesource/leveldbjni/leveldbjni-all/1.8/leveldbjni-all-1.8.jar:"/>
    <property name="sun.cpu.endian" value="little"/>
    <property name="user.home" value="/home/user"/>
    <property name="user.language" value="en"/>
    <property name="java.specification.vendor" value="Oracle Corporation"/>
    <property name="java.home" value="/usr/lib/jvm/java-1.8-openjdk/jre"/>
    <property name="java.security.krb5.conf" value="/workdir/hadoop-ozone/integration-test/target/test-classes/krb5.conf"/>
    <property name="basedir" value="/workdir/hadoop-ozone/integration-test"/>
    <property name="file.separator" value="/"/>
    <property name="line.separator" value="&#10;"/>
    <property name="java.vm.specification.vendor" value="Oracle Corporation"/>
    <property name="java.specification.name" value="Java Platform API Specification"/>
    <property name="java.awt.graphicsenv" value="sun.awt.X11GraphicsEnvironment"/>
    <property name="surefire.real.class.path" value="/workdir/hadoop-ozone/integration-test/target/surefire/surefirebooter2969282903300918759.jar"/>
    <property name="hadoop.log.dir" value="/workdir/hadoop-ozone/integration-test/target/log"/>
    <property name="sun.boot.class.path" value="/usr/lib/jvm/java-1.8-openjdk/jre/lib/resources.jar:/usr/lib/jvm/java-1.8-openjdk/jre/lib/rt.jar:/usr/lib/jvm/java-1.8-openjdk/jre/lib/sunrsasign.jar:/usr/lib/jvm/java-1.8-openjdk/jre/lib/jsse.jar:/usr/lib/jvm/java-1.8-openjdk/jre/lib/jce.jar:/usr/lib/jvm/java-1.8-openjdk/jre/lib/charsets.jar:/usr/lib/jvm/java-1.8-openjdk/jre/lib/jfr.jar:/usr/lib/jvm/java-1.8-openjdk/jre/classes"/>
    <property name="sun.management.compiler" value="HotSpot 64-Bit Tiered Compilers"/>
    <property name="java.runtime.version" value="1.8.0_212-b04"/>
    <property name="java.net.preferIPv4Stack" value="true"/>
    <property name="user.name" value="jenkins1000"/>
    <property name="path.separator" value=":"/>
    <property name="java.security.egd" value="file:///dev/urandom"/>
    <property name="os.version" value="3.10.0-957.12.2.el7.x86_64"/>
    <property name="java.endorsed.dirs" value="/usr/lib/jvm/java-1.8-openjdk/jre/lib/endorsed"/>
    <property name="java.runtime.name" value="OpenJDK Runtime Environment"/>
    <property name="file.encoding" value="UTF-8"/>
    <property name="java.vm.name" value="OpenJDK 64-Bit Server VM"/>
    <property name="test.build.webapps" value=""/>
    <property name="localRepository" value="/home/user/.m2/repository"/>
    <property name="java.vendor.url.bug" value="https://icedtea.classpath.org/bugzilla"/>
    <property name="java.io.tmpdir" value="/tmp"/>
    <property name="require.test.libhadoop" value=""/>
    <property name="java.version" value="1.8.0_212"/>
    <property name="user.dir" value="/workdir/hadoop-ozone/integration-test"/>
    <property name="os.arch" value="amd64"/>
    <property name="java.vm.specification.name" value="Java Virtual Machine Specification"/>
    <property name="test.build.classes" value="/workdir/hadoop-ozone/integration-test/target/test-classes"/>
    <property name="java.awt.printerjob" value="sun.print.PSPrinterJob"/>
    <property name="sun.os.patch.level" value="unknown"/>
    <property name="hadoop.tmp.dir" value="/workdir/hadoop-ozone/integration-test/target/tmp"/>
    <property name="java.library.path" value="/usr/lib/jvm/java-1.8-openjdk/jre/lib/amd64/server:/usr/lib/jvm/java-1.8-openjdk/jre/lib/amd64:/usr/lib/jvm/java-1.8-openjdk/jre/../lib/amd64:/workdir/hadoop-ozone/integration-test/target/native/target/usr/local/lib:/workdir/hadoop-ozone/integration-test/../../hadoop-common-project/hadoop-common/target/native/target/usr/local/lib:/usr/java/packages/lib/amd64:/usr/lib64:/lib64:/lib:/usr/lib"/>
    <property name="java.vm.info" value="mixed mode"/>
    <property name="java.vendor" value="IcedTea"/>
    <property name="java.vm.version" value="25.212-b04"/>
    <property name="java.ext.dirs" value="/usr/lib/jvm/java-1.8-openjdk/jre/lib/ext:/usr/java/packages/lib/ext"/>
    <property name="sun.io.unicode.encoding" value="UnicodeLittle"/>
    <property name="java.class.version" value="52.0"/>
  </properties>
  <testcase name="org.apache.hadoop.hdds.scm.pipeline.TestNodeFailure" classname="org.apache.hadoop.hdds.scm.pipeline.TestNodeFailure" time="72.458">
    <error message="Could not allocate container. Cannot get any matching pipeline for Type:RATIS, Factor:THREE, State:PipelineState.OPEN" type="java.io.IOException">java.io.IOException: Could not allocate container. Cannot get any matching pipeline for Type:RATIS, Factor:THREE, State:PipelineState.OPEN
	at org.apache.hadoop.hdds.scm.container.ContainerStateManager.allocateContainer(ContainerStateManager.java:260)
	at org.apache.hadoop.hdds.scm.container.SCMContainerManager.allocateContainer(SCMContainerManager.java:247)
	at org.apache.hadoop.hdds.scm.pipeline.TestNodeFailure.init(TestNodeFailure.java:81)
	at sun.reflect.NativeMethodAccessorImpl.invoke0(Native Method)
	at sun.reflect.NativeMethodAccessorImpl.invoke(NativeMethodAccessorImpl.java:62)
	at sun.reflect.DelegatingMethodAccessorImpl.invoke(DelegatingMethodAccessorImpl.java:43)
	at java.lang.reflect.Method.invoke(Method.java:498)
	at org.junit.runners.model.FrameworkMethod$1.runReflectiveCall(FrameworkMethod.java:47)
	at org.junit.internal.runners.model.ReflectiveCallable.run(ReflectiveCallable.java:12)
	at org.junit.runners.model.FrameworkMethod.invokeExplosively(FrameworkMethod.java:44)
	at org.junit.internal.runners.statements.RunBefores.evaluate(RunBefores.java:24)
	at org.junit.internal.runners.statements.RunAfters.evaluate(RunAfters.java:27)
	at org.junit.runners.ParentRunner.run(ParentRunner.java:309)
	at org.apache.maven.surefire.junit4.JUnit4Provider.execute(JUnit4Provider.java:365)
	at org.apache.maven.surefire.junit4.JUnit4Provider.executeWithRerun(JUnit4Provider.java:273)
	at org.apache.maven.surefire.junit4.JUnit4Provider.executeTestSet(JUnit4Provider.java:238)
	at org.apache.maven.surefire.junit4.JUnit4Provider.invoke(JUnit4Provider.java:159)
	at org.apache.maven.surefire.booter.ForkedBooter.invokeProviderInSameClassLoader(ForkedBooter.java:384)
	at org.apache.maven.surefire.booter.ForkedBooter.runSuitesInProcess(ForkedBooter.java:345)
	at org.apache.maven.surefire.booter.ForkedBooter.execute(ForkedBooter.java:126)
	at org.apache.maven.surefire.booter.ForkedBooter.main(ForkedBooter.java:418)
</error>
    <system-out><![CDATA[2019-09-20 09:26:38,943 [main] WARN  server.ServerUtils (ServerUtils.java:getScmDbDir(145)) - ozone.scm.db.dirs is not configured. We recommend adding this setting. Falling back to ozone.metadata.dirs instead.
2019-09-20 09:26:39,067 [main] WARN  server.ServerUtils (ServerUtils.java:getScmDbDir(145)) - ozone.scm.db.dirs is not configured. We recommend adding this setting. Falling back to ozone.metadata.dirs instead.
2019-09-20 09:26:39,070 [main] WARN  server.ServerUtils (ServerUtils.java:getScmDbDir(145)) - ozone.scm.db.dirs is not configured. We recommend adding this setting. Falling back to ozone.metadata.dirs instead.
2019-09-20 09:26:39,088 [main] INFO  util.log (Log.java:initialized(192)) - Logging initialized @919ms
2019-09-20 09:26:39,190 [main] INFO  db.DBStoreBuilder (DBStoreBuilder.java:addTable(110)) - using custom profile for table: deletedBlocks
2019-09-20 09:26:39,191 [main] INFO  db.DBStoreBuilder (DBStoreBuilder.java:processTables(161)) - Using default column profile:DBProfile.DISK for Table:deletedBlocks
2019-09-20 09:26:39,191 [main] INFO  db.DBStoreBuilder (DBStoreBuilder.java:addTable(110)) - using custom profile for table: validCerts
2019-09-20 09:26:39,191 [main] INFO  db.DBStoreBuilder (DBStoreBuilder.java:processTables(161)) - Using default column profile:DBProfile.DISK for Table:validCerts
2019-09-20 09:26:39,192 [main] INFO  db.DBStoreBuilder (DBStoreBuilder.java:addTable(110)) - using custom profile for table: revokedCerts
2019-09-20 09:26:39,192 [main] INFO  db.DBStoreBuilder (DBStoreBuilder.java:processTables(161)) - Using default column profile:DBProfile.DISK for Table:revokedCerts
2019-09-20 09:26:39,204 [main] INFO  db.DBStoreBuilder (DBStoreBuilder.java:addTable(110)) - using custom profile for table: default
2019-09-20 09:26:39,204 [main] INFO  db.DBStoreBuilder (DBStoreBuilder.java:processTables(167)) - Using default column profile:DBProfile.DISK for Table:default
2019-09-20 09:26:39,206 [main] INFO  db.DBStoreBuilder (DBStoreBuilder.java:getDbProfile(198)) - Using default options. DBProfile.DISK
2019-09-20 09:26:39,758 [main] INFO  net.NodeSchemaLoader (NodeSchemaLoader.java:loadSchemaFromFile(125)) - Loading file from sun.misc.CompoundEnumeration@243c4f91
2019-09-20 09:26:39,761 [main] INFO  net.NodeSchemaLoader (NodeSchemaLoader.java:loadSchema(171)) - Loading network topology layer schema file
2019-09-20 09:26:39,867 [main] INFO  node.SCMNodeManager (SCMNodeManager.java:<init>(121)) - Entering startup safe mode.
2019-09-20 09:26:39,943 [main] INFO  algorithms.ContainerPlacementPolicyFactory (ContainerPlacementPolicyFactory.java:getPolicy(56)) - Create container placement policy of type org.apache.hadoop.hdds.scm.container.placement.algorithms.SCMContainerPlacementRandom
2019-09-20 09:26:39,959 [main] WARN  server.ServerUtils (ServerUtils.java:getScmDbDir(145)) - ozone.scm.db.dirs is not configured. We recommend adding this setting. Falling back to ozone.metadata.dirs instead.
2019-09-20 09:26:40,192 [main] INFO  pipeline.SCMPipelineManager (SCMPipelineManager.java:initializePipelineState(126)) - No pipeline exists in current db
2019-09-20 09:26:40,197 [main] WARN  server.ServerUtils (ServerUtils.java:getScmDbDir(145)) - ozone.scm.db.dirs is not configured. We recommend adding this setting. Falling back to ozone.metadata.dirs instead.
2019-09-20 09:26:40,477 [main] WARN  events.EventQueue (EventQueue.java:fireEvent(175)) - No event handler registered for event TypedEvent{payloadType=SafeModeStatus, name='SafeModeStatus'}
2019-09-20 09:26:40,987 [main] INFO  ipc.CallQueueManager (CallQueueManager.java:<init>(84)) - Using callQueue: class java.util.concurrent.LinkedBlockingQueue, queueCapacity: 2000, scheduler: class org.apache.hadoop.ipc.DefaultRpcScheduler, ipcBackoff: false.
2019-09-20 09:26:41,337 [Socket Reader #1 for port 36356] INFO  ipc.Server (Server.java:run(1074)) - Starting Socket Reader #1 for port 36356
2019-09-20 09:26:41,368 [main] INFO  ipc.CallQueueManager (CallQueueManager.java:<init>(84)) - Using callQueue: class java.util.concurrent.LinkedBlockingQueue, queueCapacity: 2000, scheduler: class org.apache.hadoop.ipc.DefaultRpcScheduler, ipcBackoff: false.
2019-09-20 09:26:41,369 [Socket Reader #1 for port 38682] INFO  ipc.Server (Server.java:run(1074)) - Starting Socket Reader #1 for port 38682
2019-09-20 09:26:41,378 [main] INFO  ipc.CallQueueManager (CallQueueManager.java:<init>(84)) - Using callQueue: class java.util.concurrent.LinkedBlockingQueue, queueCapacity: 2000, scheduler: class org.apache.hadoop.ipc.DefaultRpcScheduler, ipcBackoff: false.
2019-09-20 09:26:41,379 [Socket Reader #1 for port 40006] INFO  ipc.Server (Server.java:run(1074)) - Starting Socket Reader #1 for port 40006
2019-09-20 09:26:41,402 [main] INFO  hdfs.DFSUtil (DFSUtil.java:httpServerTemplateForNNAndJN(1641)) - Starting Web-server for scm at: http://0.0.0.0:0
2019-09-20 09:26:41,548 [main] INFO  server.AuthenticationFilter (AuthenticationFilter.java:constructSecretProvider(240)) - Unable to initialize FileSignerSecretProvider, falling back to use random secrets.
2019-09-20 09:26:41,556 [main] WARN  http.HttpRequestLog (HttpRequestLog.java:getRequestLog(97)) - Jetty request log can only be enabled using Log4j
2019-09-20 09:26:41,564 [main] INFO  http.HttpServer2 (HttpServer2.java:addGlobalFilter(975)) - Added global filter 'safety' (class=org.apache.hadoop.http.HttpServer2$QuotingInputFilter)
2019-09-20 09:26:41,567 [main] INFO  http.HttpServer2 (HttpServer2.java:addFilter(948)) - Added filter static_user_filter (class=org.apache.hadoop.http.lib.StaticUserWebFilter$StaticUserFilter) to context scm
2019-09-20 09:26:41,567 [main] INFO  http.HttpServer2 (HttpServer2.java:addFilter(958)) - Added filter static_user_filter (class=org.apache.hadoop.http.lib.StaticUserWebFilter$StaticUserFilter) to context static
2019-09-20 09:26:41,567 [main] INFO  http.HttpServer2 (HttpServer2.java:addFilter(958)) - Added filter static_user_filter (class=org.apache.hadoop.http.lib.StaticUserWebFilter$StaticUserFilter) to context logs
2019-09-20 09:26:41,600 [main] INFO  server.StorageContainerManager (StorageContainerManager.java:start(759)) - StorageContainerLocationProtocol RPC server is listening at /0.0.0.0:40006
2019-09-20 09:26:41,694 [main] WARN  impl.MetricsConfig (MetricsConfig.java:loadFirst(134)) - Cannot locate configuration: tried hadoop-metrics2-storagecontainermanager.properties,hadoop-metrics2.properties
2019-09-20 09:26:41,709 [main] INFO  impl.MetricsSystemImpl (MetricsSystemImpl.java:startTimer(374)) - Scheduled Metric snapshot period at 10 second(s).
2019-09-20 09:26:41,710 [main] INFO  impl.MetricsSystemImpl (MetricsSystemImpl.java:start(191)) - StorageContainerManager metrics system started
2019-09-20 09:26:41,959 [main] INFO  server.SCMClientProtocolServer (SCMClientProtocolServer.java:start(151)) - RPC server for Client  is listening at /0.0.0.0:40006
2019-09-20 09:26:41,960 [IPC Server Responder] INFO  ipc.Server (Server.java:run(1314)) - IPC Server Responder: starting
2019-09-20 09:26:41,960 [IPC Server listener on 40006] INFO  ipc.Server (Server.java:run(1153)) - IPC Server listener on 40006: starting
2019-09-20 09:26:41,963 [main] INFO  server.StorageContainerManager (StorageContainerManager.java:start(769)) - ScmBlockLocationProtocol RPC server is listening at /0.0.0.0:38682
2019-09-20 09:26:41,963 [main] INFO  server.SCMBlockProtocolServer (SCMBlockProtocolServer.java:start(140)) - RPC server for Block Protocol is listening at /0.0.0.0:38682
2019-09-20 09:26:41,963 [IPC Server Responder] INFO  ipc.Server (Server.java:run(1314)) - IPC Server Responder: starting
2019-09-20 09:26:41,963 [IPC Server listener on 38682] INFO  ipc.Server (Server.java:run(1153)) - IPC Server listener on 38682: starting
2019-09-20 09:26:41,966 [main] INFO  server.StorageContainerManager (StorageContainerManager.java:start(773)) - ScmDatanodeProtocl RPC server is listening at /0.0.0.0:36356
2019-09-20 09:26:41,966 [main] INFO  server.SCMDatanodeProtocolServer (SCMDatanodeProtocolServer.java:start(191)) - RPC server for DataNodes is listening at /0.0.0.0:36356
2019-09-20 09:26:41,966 [IPC Server Responder] INFO  ipc.Server (Server.java:run(1314)) - IPC Server Responder: starting
2019-09-20 09:26:41,966 [IPC Server listener on 36356] INFO  ipc.Server (Server.java:run(1153)) - IPC Server listener on 36356: starting
2019-09-20 09:26:41,970 [main] INFO  http.HttpServer2 (HttpServer2.java:bindListener(1191)) - Jetty bound to port 44273
2019-09-20 09:26:41,972 [main] INFO  server.Server (Server.java:doStart(351)) - jetty-9.3.24.v20180605, build timestamp: 2018-06-05T17:11:56Z, git hash: 84205aa28f11a4f31f2a3b86d1bba2cc8ab69827
2019-09-20 09:26:42,003 [main] INFO  handler.ContextHandler (ContextHandler.java:doStart(781)) - Started o.e.j.s.ServletContextHandler@1755e85b{/logs,file:///workdir/hadoop-ozone/integration-test/target/log,AVAILABLE}
2019-09-20 09:26:42,004 [main] INFO  handler.ContextHandler (ContextHandler.java:doStart(781)) - Started o.e.j.s.ServletContextHandler@2371aaca{/static,file:///workdir/hadoop-ozone/integration-test/target/test-classes/webapps/static,AVAILABLE}
2019-09-20 09:26:42,033 [main] INFO  handler.ContextHandler (ContextHandler.java:doStart(781)) - Started o.e.j.w.WebAppContext@51768776{/,file:///workdir/hadoop-ozone/integration-test/target/test-classes/webapps/scm/,AVAILABLE}{/scm}
2019-09-20 09:26:42,039 [main] INFO  server.AbstractConnector (AbstractConnector.java:doStart(278)) - Started ServerConnector@30b34287{HTTP/1.1,[http/1.1]}{0.0.0.0:44273}
2019-09-20 09:26:42,039 [main] INFO  server.Server (Server.java:doStart(419)) - Started @3870ms
2019-09-20 09:26:42,041 [main] INFO  server.BaseHttpServer (BaseHttpServer.java:updateConnectorAddress(213)) - HTTP server of SCM is listening at http://0.0.0.0:44273
2019-09-20 09:26:42,046 [org.apache.hadoop.util.JvmPauseMonitor$Monitor@41200e0c] INFO  util.JvmPauseMonitor (JvmPauseMonitor.java:run(188)) - Starting JVM pause monitor
2019-09-20 09:26:42,048 [main] WARN  server.ServerUtils (ServerUtils.java:getDBPath(222)) - ozone.om.db.dirs is not configured. We recommend adding this setting. Falling back to ozone.metadata.dirs instead.
2019-09-20 09:26:42,182 [main] WARN  server.ServerUtils (ServerUtils.java:getDBPath(222)) - ozone.om.db.dirs is not configured. We recommend adding this setting. Falling back to ozone.metadata.dirs instead.
2019-09-20 09:26:42,182 [main] WARN  server.ServerUtils (ServerUtils.java:getDBPath(222)) - ozone.om.db.dirs is not configured. We recommend adding this setting. Falling back to ozone.metadata.dirs instead.
2019-09-20 09:26:42,183 [main] INFO  om.OzoneManager (OzoneManager.java:setOMNodeDetails(645)) - OM Service ID is not set. Setting it to the default ID: omServiceIdDefault
2019-09-20 09:26:42,183 [main] INFO  om.OzoneManager (OzoneManager.java:setOMNodeDetails(651)) - OM Node ID is not set. Setting it to the OmStorage's OmID: f657ce84-6d23-40de-bbe4-83cd6959afdc
2019-09-20 09:26:42,185 [main] INFO  om.OzoneManager (OzoneManager.java:loadOMHAConfigs(602)) - Found matching OM address with OMServiceId: null, OMNodeId: null, RPC Address: localhost:0 and Ratis port: 9872
2019-09-20 09:26:42,466 | INFO  | SCMAudit | user=jenkins1000 | ip=192.168.36.99 | op=GET_SCM_INFO null | ret=SUCCESS |  
2019-09-20 09:26:43,021 [main] WARN  server.ServerUtils (ServerUtils.java:getDBPath(222)) - ozone.om.db.dirs is not configured. We recommend adding this setting. Falling back to ozone.metadata.dirs instead.
2019-09-20 09:26:43,028 [main] INFO  db.DBStoreBuilder (DBStoreBuilder.java:addTable(110)) - using custom profile for table: userTable
2019-09-20 09:26:43,029 [main] INFO  db.DBStoreBuilder (DBStoreBuilder.java:processTables(161)) - Using default column profile:DBProfile.DISK for Table:userTable
2019-09-20 09:26:43,029 [main] INFO  db.DBStoreBuilder (DBStoreBuilder.java:addTable(110)) - using custom profile for table: volumeTable
2019-09-20 09:26:43,029 [main] INFO  db.DBStoreBuilder (DBStoreBuilder.java:processTables(161)) - Using default column profile:DBProfile.DISK for Table:volumeTable
2019-09-20 09:26:43,029 [main] INFO  db.DBStoreBuilder (DBStoreBuilder.java:addTable(110)) - using custom profile for table: bucketTable
2019-09-20 09:26:43,030 [main] INFO  db.DBStoreBuilder (DBStoreBuilder.java:processTables(161)) - Using default column profile:DBProfile.DISK for Table:bucketTable
2019-09-20 09:26:43,030 [main] INFO  db.DBStoreBuilder (DBStoreBuilder.java:addTable(110)) - using custom profile for table: keyTable
2019-09-20 09:26:43,030 [main] INFO  db.DBStoreBuilder (DBStoreBuilder.java:processTables(161)) - Using default column profile:DBProfile.DISK for Table:keyTable
2019-09-20 09:26:43,030 [main] INFO  db.DBStoreBuilder (DBStoreBuilder.java:addTable(110)) - using custom profile for table: deletedTable
2019-09-20 09:26:43,031 [main] INFO  db.DBStoreBuilder (DBStoreBuilder.java:processTables(161)) - Using default column profile:DBProfile.DISK for Table:deletedTable
2019-09-20 09:26:43,031 [main] INFO  db.DBStoreBuilder (DBStoreBuilder.java:addTable(110)) - using custom profile for table: openKeyTable
2019-09-20 09:26:43,031 [main] INFO  db.DBStoreBuilder (DBStoreBuilder.java:processTables(161)) - Using default column profile:DBProfile.DISK for Table:openKeyTable
2019-09-20 09:26:43,031 [main] INFO  db.DBStoreBuilder (DBStoreBuilder.java:addTable(110)) - using custom profile for table: s3Table
2019-09-20 09:26:43,031 [main] INFO  db.DBStoreBuilder (DBStoreBuilder.java:processTables(161)) - Using default column profile:DBProfile.DISK for Table:s3Table
2019-09-20 09:26:43,032 [main] INFO  db.DBStoreBuilder (DBStoreBuilder.java:addTable(110)) - using custom profile for table: multipartInfoTable
2019-09-20 09:26:43,032 [main] INFO  db.DBStoreBuilder (DBStoreBuilder.java:processTables(161)) - Using default column profile:DBProfile.DISK for Table:multipartInfoTable
2019-09-20 09:26:43,032 [main] INFO  db.DBStoreBuilder (DBStoreBuilder.java:addTable(110)) - using custom profile for table: dTokenTable
2019-09-20 09:26:43,032 [main] INFO  db.DBStoreBuilder (DBStoreBuilder.java:processTables(161)) - Using default column profile:DBProfile.DISK for Table:dTokenTable
2019-09-20 09:26:43,033 [main] INFO  db.DBStoreBuilder (DBStoreBuilder.java:addTable(110)) - using custom profile for table: s3SecretTable
2019-09-20 09:26:43,033 [main] INFO  db.DBStoreBuilder (DBStoreBuilder.java:processTables(161)) - Using default column profile:DBProfile.DISK for Table:s3SecretTable
2019-09-20 09:26:43,033 [main] INFO  db.DBStoreBuilder (DBStoreBuilder.java:addTable(110)) - using custom profile for table: prefixTable
2019-09-20 09:26:43,033 [main] INFO  db.DBStoreBuilder (DBStoreBuilder.java:processTables(161)) - Using default column profile:DBProfile.DISK for Table:prefixTable
2019-09-20 09:26:43,034 [main] INFO  db.DBStoreBuilder (DBStoreBuilder.java:addTable(110)) - using custom profile for table: default
2019-09-20 09:26:43,034 [main] INFO  db.DBStoreBuilder (DBStoreBuilder.java:processTables(167)) - Using default column profile:DBProfile.DISK for Table:default
2019-09-20 09:26:43,034 [main] INFO  db.DBStoreBuilder (DBStoreBuilder.java:getDbProfile(198)) - Using default options. DBProfile.DISK
2019-09-20 09:26:44,119 [main] INFO  ipc.CallQueueManager (CallQueueManager.java:<init>(84)) - Using callQueue: class java.util.concurrent.LinkedBlockingQueue, queueCapacity: 2000, scheduler: class org.apache.hadoop.ipc.DefaultRpcScheduler, ipcBackoff: false.
2019-09-20 09:26:44,121 [Socket Reader #1 for port 40706] INFO  ipc.Server (Server.java:run(1074)) - Starting Socket Reader #1 for port 40706
2019-09-20 09:26:44,143 [main] INFO  om.OzoneManager (OzoneManager.java:start(1256)) - OzoneManager RPC server is listening at localhost/127.0.0.1:40706
2019-09-20 09:26:44,143 [main] INFO  impl.MetricsSystemImpl (MetricsSystemImpl.java:init(158)) - OzoneManager metrics system started (again)
2019-09-20 09:26:44,145 [IPC Server Responder] INFO  ipc.Server (Server.java:run(1314)) - IPC Server Responder: starting
2019-09-20 09:26:44,145 [IPC Server listener on 40706] INFO  ipc.Server (Server.java:run(1153)) - IPC Server listener on 40706: starting
2019-09-20 09:26:44,150 [main] INFO  hdfs.DFSUtil (DFSUtil.java:httpServerTemplateForNNAndJN(1641)) - Starting Web-server for ozoneManager at: http://0.0.0.0:0
2019-09-20 09:26:44,152 [main] INFO  server.AuthenticationFilter (AuthenticationFilter.java:constructSecretProvider(240)) - Unable to initialize FileSignerSecretProvider, falling back to use random secrets.
2019-09-20 09:26:44,153 [main] WARN  http.HttpRequestLog (HttpRequestLog.java:getRequestLog(97)) - Jetty request log can only be enabled using Log4j
2019-09-20 09:26:44,156 [main] INFO  http.HttpServer2 (HttpServer2.java:addGlobalFilter(975)) - Added global filter 'safety' (class=org.apache.hadoop.http.HttpServer2$QuotingInputFilter)
2019-09-20 09:26:44,157 [main] INFO  http.HttpServer2 (HttpServer2.java:addFilter(948)) - Added filter static_user_filter (class=org.apache.hadoop.http.lib.StaticUserWebFilter$StaticUserFilter) to context ozoneManager
2019-09-20 09:26:44,158 [main] INFO  http.HttpServer2 (HttpServer2.java:addFilter(958)) - Added filter static_user_filter (class=org.apache.hadoop.http.lib.StaticUserWebFilter$StaticUserFilter) to context static
2019-09-20 09:26:44,158 [main] INFO  http.HttpServer2 (HttpServer2.java:addFilter(958)) - Added filter static_user_filter (class=org.apache.hadoop.http.lib.StaticUserWebFilter$StaticUserFilter) to context logs
2019-09-20 09:26:44,161 [main] INFO  http.HttpServer2 (HttpServer2.java:bindListener(1191)) - Jetty bound to port 45175
2019-09-20 09:26:44,161 [main] INFO  server.Server (Server.java:doStart(351)) - jetty-9.3.24.v20180605, build timestamp: 2018-06-05T17:11:56Z, git hash: 84205aa28f11a4f31f2a3b86d1bba2cc8ab69827
2019-09-20 09:26:44,163 [main] INFO  handler.ContextHandler (ContextHandler.java:doStart(781)) - Started o.e.j.s.ServletContextHandler@325bb9a6{/logs,file:///workdir/hadoop-ozone/integration-test/target/log,AVAILABLE}
2019-09-20 09:26:44,164 [main] INFO  handler.ContextHandler (ContextHandler.java:doStart(781)) - Started o.e.j.s.ServletContextHandler@72fe8a4f{/static,file:///workdir/hadoop-ozone/integration-test/target/test-classes/webapps/static,AVAILABLE}
2019-09-20 09:26:44,339 [main] INFO  handler.ContextHandler (ContextHandler.java:doStart(781)) - Started o.e.j.w.WebAppContext@65bb9029{/,file:///workdir/hadoop-ozone/integration-test/target/test-classes/webapps/ozoneManager/,AVAILABLE}{/ozoneManager}
2019-09-20 09:26:44,340 [main] INFO  server.AbstractConnector (AbstractConnector.java:doStart(278)) - Started ServerConnector@1bfe3203{HTTP/1.1,[http/1.1]}{0.0.0.0:45175}
2019-09-20 09:26:44,341 [main] INFO  server.Server (Server.java:doStart(419)) - Started @6171ms
2019-09-20 09:26:44,343 [main] INFO  server.BaseHttpServer (BaseHttpServer.java:updateConnectorAddress(213)) - HTTP server of OZONEMANAGER is listening at http://0.0.0.0:45175
2019-09-20 09:26:44,530 [main] INFO  impl.MetricsSystemImpl (MetricsSystemImpl.java:init(158)) - HddsDatanode metrics system started (again)
2019-09-20 09:26:44,621 [main] INFO  ozone.HddsDatanodeService (HddsDatanodeService.java:start(184)) - HddsDatanodeService host:pr-hdds-1569-p5fx8-1226042367 ip:192.168.36.99
2019-09-20 09:26:44,656 [main] INFO  volume.HddsVolume (HddsVolume.java:<init>(176)) - Creating Volume: /workdir/hadoop-ozone/integration-test/target/test-dir/MiniOzoneClusterImpl-a33d77e5-464b-4d19-8e6b-a171e580bf0e/datanode-0/data/containers/hdds of  storage type : DISK and capacity : 1482555576320
2019-09-20 09:26:44,659 [main] INFO  volume.VolumeSet (VolumeSet.java:initializeVolumeSet(170)) - Added Volume : /workdir/hadoop-ozone/integration-test/target/test-dir/MiniOzoneClusterImpl-a33d77e5-464b-4d19-8e6b-a171e580bf0e/datanode-0/data/containers/hdds to VolumeSet
2019-09-20 09:26:44,664 [main] INFO  volume.ThrottledAsyncChecker (ThrottledAsyncChecker.java:schedule(140)) - Scheduling a check for org.apache.hadoop.ozone.container.common.volume.HddsVolume@4ab550d5
2019-09-20 09:26:44,690 [main] INFO  volume.HddsVolumeChecker (HddsVolumeChecker.java:checkAllVolumes(203)) - Scheduled health check for volume org.apache.hadoop.ozone.container.common.volume.HddsVolume@4ab550d5
2019-09-20 09:26:44,810 [main] INFO  impl.RaftServerProxy (ConfUtils.java:logGet(43)) - raft.rpc.type = GRPC (default)
2019-09-20 09:26:44,900 [main] INFO  grpc.GrpcFactory (GrpcFactory.java:checkPooledByteBufAllocatorUseCacheForAllThreads(45)) - PERFORMANCE WARNING: useCacheForAllThreads is true that may cause Netty to create a lot garbage objects and, as a result, trigger GC.
	It is recommended to disable useCacheForAllThreads by setting -Dorg.apache.ratis.thirdparty.io.netty.allocator.useCacheForAllThreads=false in command line.
2019-09-20 09:26:44,904 [main] INFO  grpc.GrpcConfigKeys$Server (ConfUtils.java:logGet(43)) - raft.grpc.server.port = 0 (default)
2019-09-20 09:26:44,905 [main] INFO  server.GrpcService (ConfUtils.java:logGet(43)) - raft.grpc.message.size.max = 33570816 (custom)
2019-09-20 09:26:44,907 [main] INFO  server.RaftServerConfigKeys (ConfUtils.java:logGet(43)) - raft.server.log.appender.buffer.byte-limit = 33554432 (custom)
2019-09-20 09:26:44,908 [main] INFO  server.GrpcService (ConfUtils.java:logGet(43)) - raft.grpc.flow.control.window = 1MB (=1048576) (default)
2019-09-20 09:26:44,908 [main] INFO  server.RaftServerConfigKeys (ConfUtils.java:logGet(43)) - raft.server.rpc.request.timeout = 3000ms (default)
2019-09-20 09:26:45,062 [main] INFO  server.RaftServerConfigKeys (ConfUtils.java:logGet(43)) - raft.server.storage.dir = [/workdir/hadoop-ozone/integration-test/target/test-dir/MiniOzoneClusterImpl-a33d77e5-464b-4d19-8e6b-a171e580bf0e/datanode-0/data/ratis] (custom)
2019-09-20 09:26:45,097 [main] INFO  replication.SimpleContainerDownloader (SimpleContainerDownloader.java:<init>(72)) - Starting container downloader service to copy containers to replicate.
2019-09-20 09:26:45,111 [main] INFO  hdfs.DFSUtil (DFSUtil.java:httpServerTemplateForNNAndJN(1641)) - Starting Web-server for hddsDatanode at: http://0.0.0.0:0
2019-09-20 09:26:45,112 [main] INFO  server.AuthenticationFilter (AuthenticationFilter.java:constructSecretProvider(240)) - Unable to initialize FileSignerSecretProvider, falling back to use random secrets.
2019-09-20 09:26:45,113 [main] WARN  http.HttpRequestLog (HttpRequestLog.java:getRequestLog(97)) - Jetty request log can only be enabled using Log4j
2019-09-20 09:26:45,114 [main] INFO  http.HttpServer2 (HttpServer2.java:addGlobalFilter(975)) - Added global filter 'safety' (class=org.apache.hadoop.http.HttpServer2$QuotingInputFilter)
2019-09-20 09:26:45,115 [main] INFO  http.HttpServer2 (HttpServer2.java:addFilter(948)) - Added filter static_user_filter (class=org.apache.hadoop.http.lib.StaticUserWebFilter$StaticUserFilter) to context hddsDatanode
2019-09-20 09:26:45,115 [main] INFO  http.HttpServer2 (HttpServer2.java:addFilter(958)) - Added filter static_user_filter (class=org.apache.hadoop.http.lib.StaticUserWebFilter$StaticUserFilter) to context logs
2019-09-20 09:26:45,115 [main] INFO  http.HttpServer2 (HttpServer2.java:addFilter(958)) - Added filter static_user_filter (class=org.apache.hadoop.http.lib.StaticUserWebFilter$StaticUserFilter) to context static
2019-09-20 09:26:45,116 [main] INFO  http.HttpServer2 (HttpServer2.java:bindListener(1191)) - Jetty bound to port 40894
2019-09-20 09:26:45,116 [main] INFO  server.Server (Server.java:doStart(351)) - jetty-9.3.24.v20180605, build timestamp: 2018-06-05T17:11:56Z, git hash: 84205aa28f11a4f31f2a3b86d1bba2cc8ab69827
2019-09-20 09:26:45,118 [main] INFO  handler.ContextHandler (ContextHandler.java:doStart(781)) - Started o.e.j.s.ServletContextHandler@3f0d6038{/logs,file:///workdir/hadoop-ozone/integration-test/target/log,AVAILABLE}
2019-09-20 09:26:45,119 [main] INFO  handler.ContextHandler (ContextHandler.java:doStart(781)) - Started o.e.j.s.ServletContextHandler@58f39564{/static,jar:file:/home/user/.m2/repository/org/apache/hadoop/hadoop-hdds-container-service/0.5.0-SNAPSHOT/hadoop-hdds-container-service-0.5.0-SNAPSHOT.jar!/webapps/static,AVAILABLE}
2019-09-20 09:26:45,150 [main] INFO  handler.ContextHandler (ContextHandler.java:doStart(781)) - Started o.e.j.w.WebAppContext@4f89331f{/,file:///tmp/jetty-0.0.0.0-40894-hddsDatanode-_-any-3297973255898217745.dir/webapp/,AVAILABLE}{/hddsDatanode}
2019-09-20 09:26:45,151 [main] INFO  server.AbstractConnector (AbstractConnector.java:doStart(278)) - Started ServerConnector@618ff5c2{HTTP/1.1,[http/1.1]}{0.0.0.0:40894}
2019-09-20 09:26:45,151 [main] INFO  server.Server (Server.java:doStart(419)) - Started @6982ms
2019-09-20 09:26:45,153 [main] INFO  server.BaseHttpServer (BaseHttpServer.java:updateConnectorAddress(213)) - HTTP server of HDDSDATANODE is listening at http://0.0.0.0:40894
2019-09-20 09:26:46,302 | INFO  | ObjectStoreRestHttpServer | Listening HDDS REST traffic on /0.0.0.0:37839 |  
2019-09-20 09:26:46,303 [main] INFO  ozone.HddsDatanodeService (HddsDatanodeService.java:startPlugins(395)) - Started plug-in org.apache.hadoop.ozone.web.OzoneHddsDatanodeService@68a305eb
2019-09-20 09:26:46,305 [main] INFO  impl.MetricsSystemImpl (MetricsSystemImpl.java:init(158)) - HddsDatanode metrics system started (again)
2019-09-20 09:26:46,309 [main] INFO  ozone.HddsDatanodeService (HddsDatanodeService.java:start(184)) - HddsDatanodeService host:pr-hdds-1569-p5fx8-1226042367 ip:192.168.36.99
2019-09-20 09:26:46,311 [org.apache.hadoop.util.JvmPauseMonitor$Monitor@1052d1bb] INFO  util.JvmPauseMonitor (JvmPauseMonitor.java:run(188)) - Starting JVM pause monitor
2019-09-20 09:26:46,319 [main] INFO  volume.HddsVolume (HddsVolume.java:<init>(176)) - Creating Volume: /workdir/hadoop-ozone/integration-test/target/test-dir/MiniOzoneClusterImpl-a33d77e5-464b-4d19-8e6b-a171e580bf0e/datanode-1/data/containers/hdds of  storage type : DISK and capacity : 1482555576320
2019-09-20 09:26:46,319 [main] INFO  volume.VolumeSet (VolumeSet.java:initializeVolumeSet(170)) - Added Volume : /workdir/hadoop-ozone/integration-test/target/test-dir/MiniOzoneClusterImpl-a33d77e5-464b-4d19-8e6b-a171e580bf0e/datanode-1/data/containers/hdds to VolumeSet
2019-09-20 09:26:46,319 [main] INFO  volume.ThrottledAsyncChecker (ThrottledAsyncChecker.java:schedule(140)) - Scheduling a check for org.apache.hadoop.ozone.container.common.volume.HddsVolume@40717ed
2019-09-20 09:26:46,320 [main] INFO  volume.HddsVolumeChecker (HddsVolumeChecker.java:checkAllVolumes(203)) - Scheduled health check for volume org.apache.hadoop.ozone.container.common.volume.HddsVolume@40717ed
2019-09-20 09:26:46,340 [main] INFO  impl.RaftServerProxy (ConfUtils.java:logGet(43)) - raft.rpc.type = GRPC (default)
2019-09-20 09:26:46,340 [main] INFO  grpc.GrpcFactory (GrpcFactory.java:checkPooledByteBufAllocatorUseCacheForAllThreads(45)) - PERFORMANCE WARNING: useCacheForAllThreads is true that may cause Netty to create a lot garbage objects and, as a result, trigger GC.
	It is recommended to disable useCacheForAllThreads by setting -Dorg.apache.ratis.thirdparty.io.netty.allocator.useCacheForAllThreads=false in command line.
2019-09-20 09:26:46,341 [main] INFO  grpc.GrpcConfigKeys$Server (ConfUtils.java:logGet(43)) - raft.grpc.server.port = 0 (default)
2019-09-20 09:26:46,342 [main] INFO  server.GrpcService (ConfUtils.java:logGet(43)) - raft.grpc.message.size.max = 33570816 (custom)
2019-09-20 09:26:46,342 [main] INFO  server.RaftServerConfigKeys (ConfUtils.java:logGet(43)) - raft.server.log.appender.buffer.byte-limit = 33554432 (custom)
2019-09-20 09:26:46,343 [main] INFO  server.GrpcService (ConfUtils.java:logGet(43)) - raft.grpc.flow.control.window = 1MB (=1048576) (default)
2019-09-20 09:26:46,343 [main] INFO  server.RaftServerConfigKeys (ConfUtils.java:logGet(43)) - raft.server.rpc.request.timeout = 3000ms (default)
2019-09-20 09:26:46,344 [main] INFO  server.RaftServerConfigKeys (ConfUtils.java:logGet(43)) - raft.server.storage.dir = [/workdir/hadoop-ozone/integration-test/target/test-dir/MiniOzoneClusterImpl-a33d77e5-464b-4d19-8e6b-a171e580bf0e/datanode-1/data/ratis] (custom)
2019-09-20 09:26:46,345 [main] INFO  replication.SimpleContainerDownloader (SimpleContainerDownloader.java:<init>(72)) - Starting container downloader service to copy containers to replicate.
2019-09-20 09:26:46,346 [main] INFO  hdfs.DFSUtil (DFSUtil.java:httpServerTemplateForNNAndJN(1641)) - Starting Web-server for hddsDatanode at: http://0.0.0.0:0
2019-09-20 09:26:46,348 [main] INFO  server.AuthenticationFilter (AuthenticationFilter.java:constructSecretProvider(240)) - Unable to initialize FileSignerSecretProvider, falling back to use random secrets.
2019-09-20 09:26:46,349 [main] WARN  http.HttpRequestLog (HttpRequestLog.java:getRequestLog(97)) - Jetty request log can only be enabled using Log4j
2019-09-20 09:26:46,351 [main] INFO  http.HttpServer2 (HttpServer2.java:addGlobalFilter(975)) - Added global filter 'safety' (class=org.apache.hadoop.http.HttpServer2$QuotingInputFilter)
2019-09-20 09:26:46,352 [main] INFO  http.HttpServer2 (HttpServer2.java:addFilter(948)) - Added filter static_user_filter (class=org.apache.hadoop.http.lib.StaticUserWebFilter$StaticUserFilter) to context hddsDatanode
2019-09-20 09:26:46,352 [main] INFO  http.HttpServer2 (HttpServer2.java:addFilter(958)) - Added filter static_user_filter (class=org.apache.hadoop.http.lib.StaticUserWebFilter$StaticUserFilter) to context logs
2019-09-20 09:26:46,352 [main] INFO  http.HttpServer2 (HttpServer2.java:addFilter(958)) - Added filter static_user_filter (class=org.apache.hadoop.http.lib.StaticUserWebFilter$StaticUserFilter) to context static
2019-09-20 09:26:46,353 [main] INFO  http.HttpServer2 (HttpServer2.java:bindListener(1191)) - Jetty bound to port 36992
2019-09-20 09:26:46,354 [main] INFO  server.Server (Server.java:doStart(351)) - jetty-9.3.24.v20180605, build timestamp: 2018-06-05T17:11:56Z, git hash: 84205aa28f11a4f31f2a3b86d1bba2cc8ab69827
2019-09-20 09:26:46,357 [main] INFO  handler.ContextHandler (ContextHandler.java:doStart(781)) - Started o.e.j.s.ServletContextHandler@44aa2e13{/logs,file:///workdir/hadoop-ozone/integration-test/target/log,AVAILABLE}
2019-09-20 09:26:46,358 [main] INFO  handler.ContextHandler (ContextHandler.java:doStart(781)) - Started o.e.j.s.ServletContextHandler@3a1b36a1{/static,jar:file:/home/user/.m2/repository/org/apache/hadoop/hadoop-hdds-container-service/0.5.0-SNAPSHOT/hadoop-hdds-container-service-0.5.0-SNAPSHOT.jar!/webapps/static,AVAILABLE}
2019-09-20 09:26:46,392 [main] INFO  handler.ContextHandler (ContextHandler.java:doStart(781)) - Started o.e.j.w.WebAppContext@6b8d54da{/,file:///tmp/jetty-0.0.0.0-36992-hddsDatanode-_-any-6907234316081259800.dir/webapp/,AVAILABLE}{/hddsDatanode}
2019-09-20 09:26:46,392 [main] INFO  server.AbstractConnector (AbstractConnector.java:doStart(278)) - Started ServerConnector@79957f11{HTTP/1.1,[http/1.1]}{0.0.0.0:36992}
2019-09-20 09:26:46,393 [main] INFO  server.Server (Server.java:doStart(419)) - Started @8224ms
2019-09-20 09:26:46,396 [main] INFO  server.BaseHttpServer (BaseHttpServer.java:updateConnectorAddress(213)) - HTTP server of HDDSDATANODE is listening at http://0.0.0.0:36992
2019-09-20 09:26:46,426 [Datanode State Machine Thread - 0] INFO  datanode.InitDatanodeState (InitDatanodeState.java:persistContainerDatanodeDetails(140)) - DatanodeDetails is persisted to /workdir/hadoop-ozone/integration-test/target/test-dir/MiniOzoneClusterImpl-a33d77e5-464b-4d19-8e6b-a171e580bf0e/datanode-0/meta/datanode.id
2019-09-20 09:26:46,581 | INFO  | ObjectStoreRestHttpServer | Listening HDDS REST traffic on /0.0.0.0:39634 |  
2019-09-20 09:26:46,582 [main] INFO  ozone.HddsDatanodeService (HddsDatanodeService.java:startPlugins(395)) - Started plug-in org.apache.hadoop.ozone.web.OzoneHddsDatanodeService@46a123e4
2019-09-20 09:26:46,582 [main] INFO  impl.MetricsSystemImpl (MetricsSystemImpl.java:init(158)) - HddsDatanode metrics system started (again)
2019-09-20 09:26:46,585 [main] INFO  ozone.HddsDatanodeService (HddsDatanodeService.java:start(184)) - HddsDatanodeService host:pr-hdds-1569-p5fx8-1226042367 ip:192.168.36.99
2019-09-20 09:26:46,586 [org.apache.hadoop.util.JvmPauseMonitor$Monitor@3ef0dab2] INFO  util.JvmPauseMonitor (JvmPauseMonitor.java:run(188)) - Starting JVM pause monitor
2019-09-20 09:26:46,594 [main] INFO  volume.HddsVolume (HddsVolume.java:<init>(176)) - Creating Volume: /workdir/hadoop-ozone/integration-test/target/test-dir/MiniOzoneClusterImpl-a33d77e5-464b-4d19-8e6b-a171e580bf0e/datanode-2/data/containers/hdds of  storage type : DISK and capacity : 1482555576320
2019-09-20 09:26:46,595 [main] INFO  volume.VolumeSet (VolumeSet.java:initializeVolumeSet(170)) - Added Volume : /workdir/hadoop-ozone/integration-test/target/test-dir/MiniOzoneClusterImpl-a33d77e5-464b-4d19-8e6b-a171e580bf0e/datanode-2/data/containers/hdds to VolumeSet
2019-09-20 09:26:46,595 [Datanode State Machine Thread - 0] INFO  datanode.InitDatanodeState (InitDatanodeState.java:persistContainerDatanodeDetails(140)) - DatanodeDetails is persisted to /workdir/hadoop-ozone/integration-test/target/test-dir/MiniOzoneClusterImpl-a33d77e5-464b-4d19-8e6b-a171e580bf0e/datanode-1/meta/datanode.id
2019-09-20 09:26:46,595 [main] INFO  volume.ThrottledAsyncChecker (ThrottledAsyncChecker.java:schedule(140)) - Scheduling a check for org.apache.hadoop.ozone.container.common.volume.HddsVolume@5db3d57c
2019-09-20 09:26:46,596 [main] INFO  volume.HddsVolumeChecker (HddsVolumeChecker.java:checkAllVolumes(203)) - Scheduled health check for volume org.apache.hadoop.ozone.container.common.volume.HddsVolume@5db3d57c
2019-09-20 09:26:46,612 [main] INFO  impl.RaftServerProxy (ConfUtils.java:logGet(43)) - raft.rpc.type = GRPC (default)
2019-09-20 09:26:46,612 [main] INFO  grpc.GrpcFactory (GrpcFactory.java:checkPooledByteBufAllocatorUseCacheForAllThreads(45)) - PERFORMANCE WARNING: useCacheForAllThreads is true that may cause Netty to create a lot garbage objects and, as a result, trigger GC.
	It is recommended to disable useCacheForAllThreads by setting -Dorg.apache.ratis.thirdparty.io.netty.allocator.useCacheForAllThreads=false in command line.
2019-09-20 09:26:46,613 [main] INFO  grpc.GrpcConfigKeys$Server (ConfUtils.java:logGet(43)) - raft.grpc.server.port = 0 (default)
2019-09-20 09:26:46,613 [main] INFO  server.GrpcService (ConfUtils.java:logGet(43)) - raft.grpc.message.size.max = 33570816 (custom)
2019-09-20 09:26:46,613 [main] INFO  server.RaftServerConfigKeys (ConfUtils.java:logGet(43)) - raft.server.log.appender.buffer.byte-limit = 33554432 (custom)
2019-09-20 09:26:46,613 [main] INFO  server.GrpcService (ConfUtils.java:logGet(43)) - raft.grpc.flow.control.window = 1MB (=1048576) (default)
2019-09-20 09:26:46,613 [main] INFO  server.RaftServerConfigKeys (ConfUtils.java:logGet(43)) - raft.server.rpc.request.timeout = 3000ms (default)
2019-09-20 09:26:46,614 [main] INFO  server.RaftServerConfigKeys (ConfUtils.java:logGet(43)) - raft.server.storage.dir = [/workdir/hadoop-ozone/integration-test/target/test-dir/MiniOzoneClusterImpl-a33d77e5-464b-4d19-8e6b-a171e580bf0e/datanode-2/data/ratis] (custom)
2019-09-20 09:26:46,615 [main] INFO  replication.SimpleContainerDownloader (SimpleContainerDownloader.java:<init>(72)) - Starting container downloader service to copy containers to replicate.
2019-09-20 09:26:46,616 [main] INFO  hdfs.DFSUtil (DFSUtil.java:httpServerTemplateForNNAndJN(1641)) - Starting Web-server for hddsDatanode at: http://0.0.0.0:0
2019-09-20 09:26:46,618 [main] INFO  server.AuthenticationFilter (AuthenticationFilter.java:constructSecretProvider(240)) - Unable to initialize FileSignerSecretProvider, falling back to use random secrets.
2019-09-20 09:26:46,619 [main] WARN  http.HttpRequestLog (HttpRequestLog.java:getRequestLog(97)) - Jetty request log can only be enabled using Log4j
2019-09-20 09:26:46,621 [main] INFO  http.HttpServer2 (HttpServer2.java:addGlobalFilter(975)) - Added global filter 'safety' (class=org.apache.hadoop.http.HttpServer2$QuotingInputFilter)
2019-09-20 09:26:46,622 [main] INFO  http.HttpServer2 (HttpServer2.java:addFilter(948)) - Added filter static_user_filter (class=org.apache.hadoop.http.lib.StaticUserWebFilter$StaticUserFilter) to context hddsDatanode
2019-09-20 09:26:46,623 [main] INFO  http.HttpServer2 (HttpServer2.java:addFilter(958)) - Added filter static_user_filter (class=org.apache.hadoop.http.lib.StaticUserWebFilter$StaticUserFilter) to context static
2019-09-20 09:26:46,623 [main] INFO  http.HttpServer2 (HttpServer2.java:addFilter(958)) - Added filter static_user_filter (class=org.apache.hadoop.http.lib.StaticUserWebFilter$StaticUserFilter) to context logs
2019-09-20 09:26:46,624 [main] INFO  http.HttpServer2 (HttpServer2.java:bindListener(1191)) - Jetty bound to port 37913
2019-09-20 09:26:46,624 [main] INFO  server.Server (Server.java:doStart(351)) - jetty-9.3.24.v20180605, build timestamp: 2018-06-05T17:11:56Z, git hash: 84205aa28f11a4f31f2a3b86d1bba2cc8ab69827
2019-09-20 09:26:46,627 [main] INFO  handler.ContextHandler (ContextHandler.java:doStart(781)) - Started o.e.j.s.ServletContextHandler@5e85c21b{/logs,file:///workdir/hadoop-ozone/integration-test/target/log,AVAILABLE}
2019-09-20 09:26:46,627 [main] INFO  handler.ContextHandler (ContextHandler.java:doStart(781)) - Started o.e.j.s.ServletContextHandler@38e83838{/static,jar:file:/home/user/.m2/repository/org/apache/hadoop/hadoop-hdds-container-service/0.5.0-SNAPSHOT/hadoop-hdds-container-service-0.5.0-SNAPSHOT.jar!/webapps/static,AVAILABLE}
2019-09-20 09:26:46,670 [main] INFO  handler.ContextHandler (ContextHandler.java:doStart(781)) - Started o.e.j.w.WebAppContext@40df6090{/,file:///tmp/jetty-0.0.0.0-37913-hddsDatanode-_-any-476918233701885820.dir/webapp/,AVAILABLE}{/hddsDatanode}
2019-09-20 09:26:46,671 [main] INFO  server.AbstractConnector (AbstractConnector.java:doStart(278)) - Started ServerConnector@8c0a23f{HTTP/1.1,[http/1.1]}{0.0.0.0:37913}
2019-09-20 09:26:46,671 [main] INFO  server.Server (Server.java:doStart(419)) - Started @8502ms
2019-09-20 09:26:46,672 [main] INFO  server.BaseHttpServer (BaseHttpServer.java:updateConnectorAddress(213)) - HTTP server of HDDSDATANODE is listening at http://0.0.0.0:37913
2019-09-20 09:26:46,820 | INFO  | ObjectStoreRestHttpServer | Listening HDDS REST traffic on /0.0.0.0:44531 |  
2019-09-20 09:26:46,820 [main] INFO  ozone.HddsDatanodeService (HddsDatanodeService.java:startPlugins(395)) - Started plug-in org.apache.hadoop.ozone.web.OzoneHddsDatanodeService@2801827a
2019-09-20 09:26:46,820 [main] INFO  impl.MetricsSystemImpl (MetricsSystemImpl.java:init(158)) - HddsDatanode metrics system started (again)
2019-09-20 09:26:46,823 [main] INFO  ozone.HddsDatanodeService (HddsDatanodeService.java:start(184)) - HddsDatanodeService host:pr-hdds-1569-p5fx8-1226042367 ip:192.168.36.99
2019-09-20 09:26:46,824 [org.apache.hadoop.util.JvmPauseMonitor$Monitor@1faed786] INFO  util.JvmPauseMonitor (JvmPauseMonitor.java:run(188)) - Starting JVM pause monitor
2019-09-20 09:26:46,827 [Datanode State Machine Thread - 0] INFO  datanode.InitDatanodeState (InitDatanodeState.java:persistContainerDatanodeDetails(140)) - DatanodeDetails is persisted to /workdir/hadoop-ozone/integration-test/target/test-dir/MiniOzoneClusterImpl-a33d77e5-464b-4d19-8e6b-a171e580bf0e/datanode-2/meta/datanode.id
2019-09-20 09:26:46,831 [main] INFO  volume.HddsVolume (HddsVolume.java:<init>(176)) - Creating Volume: /workdir/hadoop-ozone/integration-test/target/test-dir/MiniOzoneClusterImpl-a33d77e5-464b-4d19-8e6b-a171e580bf0e/datanode-3/data/containers/hdds of  storage type : DISK and capacity : 1482555576320
2019-09-20 09:26:46,832 [main] INFO  volume.VolumeSet (VolumeSet.java:initializeVolumeSet(170)) - Added Volume : /workdir/hadoop-ozone/integration-test/target/test-dir/MiniOzoneClusterImpl-a33d77e5-464b-4d19-8e6b-a171e580bf0e/datanode-3/data/containers/hdds to VolumeSet
2019-09-20 09:26:46,832 [main] INFO  volume.ThrottledAsyncChecker (ThrottledAsyncChecker.java:schedule(140)) - Scheduling a check for org.apache.hadoop.ozone.container.common.volume.HddsVolume@2725ca05
2019-09-20 09:26:46,832 [main] INFO  volume.HddsVolumeChecker (HddsVolumeChecker.java:checkAllVolumes(203)) - Scheduled health check for volume org.apache.hadoop.ozone.container.common.volume.HddsVolume@2725ca05
2019-09-20 09:26:46,846 [main] INFO  impl.RaftServerProxy (ConfUtils.java:logGet(43)) - raft.rpc.type = GRPC (default)
2019-09-20 09:26:46,847 [main] INFO  grpc.GrpcFactory (GrpcFactory.java:checkPooledByteBufAllocatorUseCacheForAllThreads(45)) - PERFORMANCE WARNING: useCacheForAllThreads is true that may cause Netty to create a lot garbage objects and, as a result, trigger GC.
	It is recommended to disable useCacheForAllThreads by setting -Dorg.apache.ratis.thirdparty.io.netty.allocator.useCacheForAllThreads=false in command line.
2019-09-20 09:26:46,847 [main] INFO  grpc.GrpcConfigKeys$Server (ConfUtils.java:logGet(43)) - raft.grpc.server.port = 0 (default)
2019-09-20 09:26:46,847 [main] INFO  server.GrpcService (ConfUtils.java:logGet(43)) - raft.grpc.message.size.max = 33570816 (custom)
2019-09-20 09:26:46,847 [main] INFO  server.RaftServerConfigKeys (ConfUtils.java:logGet(43)) - raft.server.log.appender.buffer.byte-limit = 33554432 (custom)
2019-09-20 09:26:46,848 [main] INFO  server.GrpcService (ConfUtils.java:logGet(43)) - raft.grpc.flow.control.window = 1MB (=1048576) (default)
2019-09-20 09:26:46,848 [main] INFO  server.RaftServerConfigKeys (ConfUtils.java:logGet(43)) - raft.server.rpc.request.timeout = 3000ms (default)
2019-09-20 09:26:46,848 [main] INFO  server.RaftServerConfigKeys (ConfUtils.java:logGet(43)) - raft.server.storage.dir = [/workdir/hadoop-ozone/integration-test/target/test-dir/MiniOzoneClusterImpl-a33d77e5-464b-4d19-8e6b-a171e580bf0e/datanode-3/data/ratis] (custom)
2019-09-20 09:26:46,849 [main] INFO  replication.SimpleContainerDownloader (SimpleContainerDownloader.java:<init>(72)) - Starting container downloader service to copy containers to replicate.
2019-09-20 09:26:46,850 [main] INFO  hdfs.DFSUtil (DFSUtil.java:httpServerTemplateForNNAndJN(1641)) - Starting Web-server for hddsDatanode at: http://0.0.0.0:0
2019-09-20 09:26:46,851 [main] INFO  server.AuthenticationFilter (AuthenticationFilter.java:constructSecretProvider(240)) - Unable to initialize FileSignerSecretProvider, falling back to use random secrets.
2019-09-20 09:26:46,852 [main] WARN  http.HttpRequestLog (HttpRequestLog.java:getRequestLog(97)) - Jetty request log can only be enabled using Log4j
2019-09-20 09:26:46,853 [main] INFO  http.HttpServer2 (HttpServer2.java:addGlobalFilter(975)) - Added global filter 'safety' (class=org.apache.hadoop.http.HttpServer2$QuotingInputFilter)
2019-09-20 09:26:46,854 [main] INFO  http.HttpServer2 (HttpServer2.java:addFilter(948)) - Added filter static_user_filter (class=org.apache.hadoop.http.lib.StaticUserWebFilter$StaticUserFilter) to context hddsDatanode
2019-09-20 09:26:46,854 [main] INFO  http.HttpServer2 (HttpServer2.java:addFilter(958)) - Added filter static_user_filter (class=org.apache.hadoop.http.lib.StaticUserWebFilter$StaticUserFilter) to context static
2019-09-20 09:26:46,854 [main] INFO  http.HttpServer2 (HttpServer2.java:addFilter(958)) - Added filter static_user_filter (class=org.apache.hadoop.http.lib.StaticUserWebFilter$StaticUserFilter) to context logs
2019-09-20 09:26:46,855 [main] INFO  http.HttpServer2 (HttpServer2.java:bindListener(1191)) - Jetty bound to port 33450
2019-09-20 09:26:46,855 [main] INFO  server.Server (Server.java:doStart(351)) - jetty-9.3.24.v20180605, build timestamp: 2018-06-05T17:11:56Z, git hash: 84205aa28f11a4f31f2a3b86d1bba2cc8ab69827
2019-09-20 09:26:46,858 [main] INFO  handler.ContextHandler (ContextHandler.java:doStart(781)) - Started o.e.j.s.ServletContextHandler@6b70d1fb{/logs,file:///workdir/hadoop-ozone/integration-test/target/log,AVAILABLE}
2019-09-20 09:26:46,859 [main] INFO  handler.ContextHandler (ContextHandler.java:doStart(781)) - Started o.e.j.s.ServletContextHandler@7da1e005{/static,jar:file:/home/user/.m2/repository/org/apache/hadoop/hadoop-hdds-container-service/0.5.0-SNAPSHOT/hadoop-hdds-container-service-0.5.0-SNAPSHOT.jar!/webapps/static,AVAILABLE}
2019-09-20 09:26:46,887 [main] INFO  handler.ContextHandler (ContextHandler.java:doStart(781)) - Started o.e.j.w.WebAppContext@4f3356c0{/,file:///tmp/jetty-0.0.0.0-33450-hddsDatanode-_-any-4503925273399510472.dir/webapp/,AVAILABLE}{/hddsDatanode}
2019-09-20 09:26:46,888 [main] INFO  server.AbstractConnector (AbstractConnector.java:doStart(278)) - Started ServerConnector@586cc15d{HTTP/1.1,[http/1.1]}{0.0.0.0:33450}
2019-09-20 09:26:46,888 [main] INFO  server.Server (Server.java:doStart(419)) - Started @8719ms
2019-09-20 09:26:46,889 [main] INFO  server.BaseHttpServer (BaseHttpServer.java:updateConnectorAddress(213)) - HTTP server of HDDSDATANODE is listening at http://0.0.0.0:33450
2019-09-20 09:26:47,032 | INFO  | ObjectStoreRestHttpServer | Listening HDDS REST traffic on /0.0.0.0:46594 |  
2019-09-20 09:26:47,032 [main] INFO  ozone.HddsDatanodeService (HddsDatanodeService.java:startPlugins(395)) - Started plug-in org.apache.hadoop.ozone.web.OzoneHddsDatanodeService@2fde9469
2019-09-20 09:26:47,033 [main] INFO  impl.MetricsSystemImpl (MetricsSystemImpl.java:init(158)) - HddsDatanode metrics system started (again)
2019-09-20 09:26:47,036 [main] INFO  ozone.HddsDatanodeService (HddsDatanodeService.java:start(184)) - HddsDatanodeService host:pr-hdds-1569-p5fx8-1226042367 ip:192.168.36.99
2019-09-20 09:26:47,036 [org.apache.hadoop.util.JvmPauseMonitor$Monitor@64ce164f] INFO  util.JvmPauseMonitor (JvmPauseMonitor.java:run(188)) - Starting JVM pause monitor
2019-09-20 09:26:47,039 [Datanode State Machine Thread - 0] INFO  datanode.InitDatanodeState (InitDatanodeState.java:persistContainerDatanodeDetails(140)) - DatanodeDetails is persisted to /workdir/hadoop-ozone/integration-test/target/test-dir/MiniOzoneClusterImpl-a33d77e5-464b-4d19-8e6b-a171e580bf0e/datanode-3/meta/datanode.id
2019-09-20 09:26:47,042 [main] INFO  volume.HddsVolume (HddsVolume.java:<init>(176)) - Creating Volume: /workdir/hadoop-ozone/integration-test/target/test-dir/MiniOzoneClusterImpl-a33d77e5-464b-4d19-8e6b-a171e580bf0e/datanode-4/data/containers/hdds of  storage type : DISK and capacity : 1482555576320
2019-09-20 09:26:47,042 [main] INFO  volume.VolumeSet (VolumeSet.java:initializeVolumeSet(170)) - Added Volume : /workdir/hadoop-ozone/integration-test/target/test-dir/MiniOzoneClusterImpl-a33d77e5-464b-4d19-8e6b-a171e580bf0e/datanode-4/data/containers/hdds to VolumeSet
2019-09-20 09:26:47,042 [main] INFO  volume.ThrottledAsyncChecker (ThrottledAsyncChecker.java:schedule(140)) - Scheduling a check for org.apache.hadoop.ozone.container.common.volume.HddsVolume@646d810b
2019-09-20 09:26:47,043 [main] INFO  volume.HddsVolumeChecker (HddsVolumeChecker.java:checkAllVolumes(203)) - Scheduled health check for volume org.apache.hadoop.ozone.container.common.volume.HddsVolume@646d810b
2019-09-20 09:26:47,055 [main] INFO  impl.RaftServerProxy (ConfUtils.java:logGet(43)) - raft.rpc.type = GRPC (default)
2019-09-20 09:26:47,055 [main] INFO  grpc.GrpcFactory (GrpcFactory.java:checkPooledByteBufAllocatorUseCacheForAllThreads(45)) - PERFORMANCE WARNING: useCacheForAllThreads is true that may cause Netty to create a lot garbage objects and, as a result, trigger GC.
	It is recommended to disable useCacheForAllThreads by setting -Dorg.apache.ratis.thirdparty.io.netty.allocator.useCacheForAllThreads=false in command line.
2019-09-20 09:26:47,055 [main] INFO  grpc.GrpcConfigKeys$Server (ConfUtils.java:logGet(43)) - raft.grpc.server.port = 0 (default)
2019-09-20 09:26:47,056 [main] INFO  server.GrpcService (ConfUtils.java:logGet(43)) - raft.grpc.message.size.max = 33570816 (custom)
2019-09-20 09:26:47,056 [main] INFO  server.RaftServerConfigKeys (ConfUtils.java:logGet(43)) - raft.server.log.appender.buffer.byte-limit = 33554432 (custom)
2019-09-20 09:26:47,056 [main] INFO  server.GrpcService (ConfUtils.java:logGet(43)) - raft.grpc.flow.control.window = 1MB (=1048576) (default)
2019-09-20 09:26:47,056 [main] INFO  server.RaftServerConfigKeys (ConfUtils.java:logGet(43)) - raft.server.rpc.request.timeout = 3000ms (default)
2019-09-20 09:26:47,057 [main] INFO  server.RaftServerConfigKeys (ConfUtils.java:logGet(43)) - raft.server.storage.dir = [/workdir/hadoop-ozone/integration-test/target/test-dir/MiniOzoneClusterImpl-a33d77e5-464b-4d19-8e6b-a171e580bf0e/datanode-4/data/ratis] (custom)
2019-09-20 09:26:47,057 [main] INFO  replication.SimpleContainerDownloader (SimpleContainerDownloader.java:<init>(72)) - Starting container downloader service to copy containers to replicate.
2019-09-20 09:26:47,058 [main] INFO  hdfs.DFSUtil (DFSUtil.java:httpServerTemplateForNNAndJN(1641)) - Starting Web-server for hddsDatanode at: http://0.0.0.0:0
2019-09-20 09:26:47,059 [main] INFO  server.AuthenticationFilter (AuthenticationFilter.java:constructSecretProvider(240)) - Unable to initialize FileSignerSecretProvider, falling back to use random secrets.
2019-09-20 09:26:47,060 [main] WARN  http.HttpRequestLog (HttpRequestLog.java:getRequestLog(97)) - Jetty request log can only be enabled using Log4j
2019-09-20 09:26:47,061 [main] INFO  http.HttpServer2 (HttpServer2.java:addGlobalFilter(975)) - Added global filter 'safety' (class=org.apache.hadoop.http.HttpServer2$QuotingInputFilter)
2019-09-20 09:26:47,061 [main] INFO  http.HttpServer2 (HttpServer2.java:addFilter(948)) - Added filter static_user_filter (class=org.apache.hadoop.http.lib.StaticUserWebFilter$StaticUserFilter) to context hddsDatanode
2019-09-20 09:26:47,062 [main] INFO  http.HttpServer2 (HttpServer2.java:addFilter(958)) - Added filter static_user_filter (class=org.apache.hadoop.http.lib.StaticUserWebFilter$StaticUserFilter) to context logs
2019-09-20 09:26:47,062 [main] INFO  http.HttpServer2 (HttpServer2.java:addFilter(958)) - Added filter static_user_filter (class=org.apache.hadoop.http.lib.StaticUserWebFilter$StaticUserFilter) to context static
2019-09-20 09:26:47,062 [main] INFO  http.HttpServer2 (HttpServer2.java:bindListener(1191)) - Jetty bound to port 41197
2019-09-20 09:26:47,062 [main] INFO  server.Server (Server.java:doStart(351)) - jetty-9.3.24.v20180605, build timestamp: 2018-06-05T17:11:56Z, git hash: 84205aa28f11a4f31f2a3b86d1bba2cc8ab69827
2019-09-20 09:26:47,064 [main] INFO  handler.ContextHandler (ContextHandler.java:doStart(781)) - Started o.e.j.s.ServletContextHandler@5329f6b3{/logs,file:///workdir/hadoop-ozone/integration-test/target/log,AVAILABLE}
2019-09-20 09:26:47,065 [main] INFO  handler.ContextHandler (ContextHandler.java:doStart(781)) - Started o.e.j.s.ServletContextHandler@77324a58{/static,jar:file:/home/user/.m2/repository/org/apache/hadoop/hadoop-hdds-container-service/0.5.0-SNAPSHOT/hadoop-hdds-container-service-0.5.0-SNAPSHOT.jar!/webapps/static,AVAILABLE}
2019-09-20 09:26:47,100 [main] INFO  handler.ContextHandler (ContextHandler.java:doStart(781)) - Started o.e.j.w.WebAppContext@6dd79214{/,file:///tmp/jetty-0.0.0.0-41197-hddsDatanode-_-any-4188493935433794199.dir/webapp/,AVAILABLE}{/hddsDatanode}
2019-09-20 09:26:47,100 [main] INFO  server.AbstractConnector (AbstractConnector.java:doStart(278)) - Started ServerConnector@ef86c72{HTTP/1.1,[http/1.1]}{0.0.0.0:41197}
2019-09-20 09:26:47,101 [main] INFO  server.Server (Server.java:doStart(419)) - Started @8932ms
2019-09-20 09:26:47,101 [main] INFO  server.BaseHttpServer (BaseHttpServer.java:updateConnectorAddress(213)) - HTTP server of HDDSDATANODE is listening at http://0.0.0.0:41197
2019-09-20 09:26:47,243 | INFO  | ObjectStoreRestHttpServer | Listening HDDS REST traffic on /0.0.0.0:36976 |  
2019-09-20 09:26:47,244 [main] INFO  ozone.HddsDatanodeService (HddsDatanodeService.java:startPlugins(395)) - Started plug-in org.apache.hadoop.ozone.web.OzoneHddsDatanodeService@1a2773a8
2019-09-20 09:26:47,244 [main] INFO  impl.MetricsSystemImpl (MetricsSystemImpl.java:init(158)) - HddsDatanode metrics system started (again)
2019-09-20 09:26:47,248 [org.apache.hadoop.util.JvmPauseMonitor$Monitor@6d69c810] INFO  util.JvmPauseMonitor (JvmPauseMonitor.java:run(188)) - Starting JVM pause monitor
2019-09-20 09:26:47,249 [main] INFO  ozone.HddsDatanodeService (HddsDatanodeService.java:start(184)) - HddsDatanodeService host:pr-hdds-1569-p5fx8-1226042367 ip:192.168.36.99
2019-09-20 09:26:47,251 [Datanode State Machine Thread - 0] INFO  datanode.InitDatanodeState (InitDatanodeState.java:persistContainerDatanodeDetails(140)) - DatanodeDetails is persisted to /workdir/hadoop-ozone/integration-test/target/test-dir/MiniOzoneClusterImpl-a33d77e5-464b-4d19-8e6b-a171e580bf0e/datanode-4/meta/datanode.id
2019-09-20 09:26:47,257 [main] INFO  volume.HddsVolume (HddsVolume.java:<init>(176)) - Creating Volume: /workdir/hadoop-ozone/integration-test/target/test-dir/MiniOzoneClusterImpl-a33d77e5-464b-4d19-8e6b-a171e580bf0e/datanode-5/data/containers/hdds of  storage type : DISK and capacity : 1482555576320
2019-09-20 09:26:47,257 [main] INFO  volume.VolumeSet (VolumeSet.java:initializeVolumeSet(170)) - Added Volume : /workdir/hadoop-ozone/integration-test/target/test-dir/MiniOzoneClusterImpl-a33d77e5-464b-4d19-8e6b-a171e580bf0e/datanode-5/data/containers/hdds to VolumeSet
2019-09-20 09:26:47,258 [main] INFO  volume.ThrottledAsyncChecker (ThrottledAsyncChecker.java:schedule(140)) - Scheduling a check for org.apache.hadoop.ozone.container.common.volume.HddsVolume@799f354a
2019-09-20 09:26:47,258 [main] INFO  volume.HddsVolumeChecker (HddsVolumeChecker.java:checkAllVolumes(203)) - Scheduled health check for volume org.apache.hadoop.ozone.container.common.volume.HddsVolume@799f354a
2019-09-20 09:26:47,277 [main] INFO  impl.RaftServerProxy (ConfUtils.java:logGet(43)) - raft.rpc.type = GRPC (default)
2019-09-20 09:26:47,277 [main] INFO  grpc.GrpcFactory (GrpcFactory.java:checkPooledByteBufAllocatorUseCacheForAllThreads(45)) - PERFORMANCE WARNING: useCacheForAllThreads is true that may cause Netty to create a lot garbage objects and, as a result, trigger GC.
	It is recommended to disable useCacheForAllThreads by setting -Dorg.apache.ratis.thirdparty.io.netty.allocator.useCacheForAllThreads=false in command line.
2019-09-20 09:26:47,277 [main] INFO  grpc.GrpcConfigKeys$Server (ConfUtils.java:logGet(43)) - raft.grpc.server.port = 0 (default)
2019-09-20 09:26:47,278 [main] INFO  server.GrpcService (ConfUtils.java:logGet(43)) - raft.grpc.message.size.max = 33570816 (custom)
2019-09-20 09:26:47,278 [main] INFO  server.RaftServerConfigKeys (ConfUtils.java:logGet(43)) - raft.server.log.appender.buffer.byte-limit = 33554432 (custom)
2019-09-20 09:26:47,278 [main] INFO  server.GrpcService (ConfUtils.java:logGet(43)) - raft.grpc.flow.control.window = 1MB (=1048576) (default)
2019-09-20 09:26:47,278 [main] INFO  server.RaftServerConfigKeys (ConfUtils.java:logGet(43)) - raft.server.rpc.request.timeout = 3000ms (default)
2019-09-20 09:26:47,279 [main] INFO  server.RaftServerConfigKeys (ConfUtils.java:logGet(43)) - raft.server.storage.dir = [/workdir/hadoop-ozone/integration-test/target/test-dir/MiniOzoneClusterImpl-a33d77e5-464b-4d19-8e6b-a171e580bf0e/datanode-5/data/ratis] (custom)
2019-09-20 09:26:47,280 [main] INFO  replication.SimpleContainerDownloader (SimpleContainerDownloader.java:<init>(72)) - Starting container downloader service to copy containers to replicate.
2019-09-20 09:26:47,281 [main] INFO  hdfs.DFSUtil (DFSUtil.java:httpServerTemplateForNNAndJN(1641)) - Starting Web-server for hddsDatanode at: http://0.0.0.0:0
2019-09-20 09:26:47,283 [main] INFO  server.AuthenticationFilter (AuthenticationFilter.java:constructSecretProvider(240)) - Unable to initialize FileSignerSecretProvider, falling back to use random secrets.
2019-09-20 09:26:47,283 [main] WARN  http.HttpRequestLog (HttpRequestLog.java:getRequestLog(97)) - Jetty request log can only be enabled using Log4j
2019-09-20 09:26:47,285 [main] INFO  http.HttpServer2 (HttpServer2.java:addGlobalFilter(975)) - Added global filter 'safety' (class=org.apache.hadoop.http.HttpServer2$QuotingInputFilter)
2019-09-20 09:26:47,285 [main] INFO  http.HttpServer2 (HttpServer2.java:addFilter(948)) - Added filter static_user_filter (class=org.apache.hadoop.http.lib.StaticUserWebFilter$StaticUserFilter) to context hddsDatanode
2019-09-20 09:26:47,286 [main] INFO  http.HttpServer2 (HttpServer2.java:addFilter(958)) - Added filter static_user_filter (class=org.apache.hadoop.http.lib.StaticUserWebFilter$StaticUserFilter) to context logs
2019-09-20 09:26:47,286 [main] INFO  http.HttpServer2 (HttpServer2.java:addFilter(958)) - Added filter static_user_filter (class=org.apache.hadoop.http.lib.StaticUserWebFilter$StaticUserFilter) to context static
2019-09-20 09:26:47,286 [main] INFO  http.HttpServer2 (HttpServer2.java:bindListener(1191)) - Jetty bound to port 39316
2019-09-20 09:26:47,287 [main] INFO  server.Server (Server.java:doStart(351)) - jetty-9.3.24.v20180605, build timestamp: 2018-06-05T17:11:56Z, git hash: 84205aa28f11a4f31f2a3b86d1bba2cc8ab69827
2019-09-20 09:26:47,288 [main] INFO  handler.ContextHandler (ContextHandler.java:doStart(781)) - Started o.e.j.s.ServletContextHandler@7a572ea0{/logs,file:///workdir/hadoop-ozone/integration-test/target/log,AVAILABLE}
2019-09-20 09:26:47,289 [main] INFO  handler.ContextHandler (ContextHandler.java:doStart(781)) - Started o.e.j.s.ServletContextHandler@7159d601{/static,jar:file:/home/user/.m2/repository/org/apache/hadoop/hadoop-hdds-container-service/0.5.0-SNAPSHOT/hadoop-hdds-container-service-0.5.0-SNAPSHOT.jar!/webapps/static,AVAILABLE}
2019-09-20 09:26:47,323 [main] INFO  handler.ContextHandler (ContextHandler.java:doStart(781)) - Started o.e.j.w.WebAppContext@2a5abd3c{/,file:///tmp/jetty-0.0.0.0-39316-hddsDatanode-_-any-4471582680076453859.dir/webapp/,AVAILABLE}{/hddsDatanode}
2019-09-20 09:26:47,325 [main] INFO  server.AbstractConnector (AbstractConnector.java:doStart(278)) - Started ServerConnector@250967f1{HTTP/1.1,[http/1.1]}{0.0.0.0:39316}
2019-09-20 09:26:47,325 [main] INFO  server.Server (Server.java:doStart(419)) - Started @9156ms
2019-09-20 09:26:47,326 [main] INFO  server.BaseHttpServer (BaseHttpServer.java:updateConnectorAddress(213)) - HTTP server of HDDSDATANODE is listening at http://0.0.0.0:39316
2019-09-20 09:26:47,538 | INFO  | ObjectStoreRestHttpServer | Listening HDDS REST traffic on /0.0.0.0:40495 |  
2019-09-20 09:26:47,538 [main] INFO  ozone.HddsDatanodeService (HddsDatanodeService.java:startPlugins(395)) - Started plug-in org.apache.hadoop.ozone.web.OzoneHddsDatanodeService@7e18ced7
2019-09-20 09:26:47,540 [main] INFO  ozone.MiniOzoneClusterImpl (MiniOzoneClusterImpl.java:lambda$waitForClusterToBeReady$0(142)) - Waiting for cluster to be ready. Got 0 of 6 DN Heartbeats.
2019-09-20 09:26:47,541 [org.apache.hadoop.util.JvmPauseMonitor$Monitor@31dd3188] INFO  util.JvmPauseMonitor (JvmPauseMonitor.java:run(188)) - Starting JVM pause monitor
2019-09-20 09:26:47,543 [Datanode State Machine Thread - 0] INFO  datanode.InitDatanodeState (InitDatanodeState.java:persistContainerDatanodeDetails(140)) - DatanodeDetails is persisted to /workdir/hadoop-ozone/integration-test/target/test-dir/MiniOzoneClusterImpl-a33d77e5-464b-4d19-8e6b-a171e580bf0e/datanode-5/meta/datanode.id
2019-09-20 09:26:48,349 | INFO  | SCMAudit | user=jenkins1000 | ip=192.168.36.99 | op=GET_VERSION null | ret=SUCCESS |  
2019-09-20 09:26:48,390 [Datanode State Machine Thread - 0] INFO  ozoneimpl.OzoneContainer (OzoneContainer.java:start(186)) - Attempting to start container services.
2019-09-20 09:26:48,392 [Datanode State Machine Thread - 0] INFO  ozoneimpl.OzoneContainer (OzoneContainer.java:startContainerScrub(160)) - Background container scrubber has been disabled by hdds.containerscrub.enabled
2019-09-20 09:26:48,393 [Datanode State Machine Thread - 0] INFO  ratis.XceiverServerRatis (XceiverServerRatis.java:start(404)) - Starting XceiverServerRatis 02b93e76-e4c6-4b67-b8a4-c536d9ab7224 at port 0
2019-09-20 09:26:48,419 [Datanode State Machine Thread - 0] INFO  impl.RaftServerProxy (RaftServerProxy.java:lambda$start$3(299)) - 02b93e76-e4c6-4b67-b8a4-c536d9ab7224: start RPC server
2019-09-20 09:26:48,541 [main] INFO  ozone.MiniOzoneClusterImpl (MiniOzoneClusterImpl.java:lambda$waitForClusterToBeReady$0(142)) - Waiting for cluster to be ready. Got 0 of 6 DN Heartbeats.
2019-09-20 09:26:48,554 [Datanode State Machine Thread - 0] INFO  server.GrpcService (GrpcService.java:startImpl(149)) - 02b93e76-e4c6-4b67-b8a4-c536d9ab7224: GrpcService started, listening on 0.0.0.0/0.0.0.0:39343
2019-09-20 09:26:48,555 [Datanode State Machine Thread - 0] INFO  ratis.XceiverServerRatis (XceiverServerRatis.java:start(414)) - XceiverServerRatis 02b93e76-e4c6-4b67-b8a4-c536d9ab7224 is started using port 39343
2019-09-20 09:26:48,557 [Datanode State Machine Thread - 0] INFO  server.XceiverServerGrpc (XceiverServerGrpc.java:start(163)) - XceiverServerGrpc 02b93e76-e4c6-4b67-b8a4-c536d9ab7224 is started using port 39891
2019-09-20 09:26:48,588 | INFO  | SCMAudit | user=jenkins1000 | ip=192.168.36.99 | op=GET_VERSION null | ret=SUCCESS |  
2019-09-20 09:26:48,607 [Datanode State Machine Thread - 0] INFO  ozoneimpl.OzoneContainer (OzoneContainer.java:start(186)) - Attempting to start container services.
2019-09-20 09:26:48,610 [Datanode State Machine Thread - 0] INFO  ozoneimpl.OzoneContainer (OzoneContainer.java:startContainerScrub(160)) - Background container scrubber has been disabled by hdds.containerscrub.enabled
2019-09-20 09:26:48,610 [Datanode State Machine Thread - 0] INFO  ratis.XceiverServerRatis (XceiverServerRatis.java:start(404)) - Starting XceiverServerRatis fd3cd5f9-4f1c-43ea-91b1-b85a1f6c3825 at port 0
2019-09-20 09:26:48,620 [Datanode State Machine Thread - 0] INFO  impl.RaftServerProxy (RaftServerProxy.java:lambda$start$3(299)) - fd3cd5f9-4f1c-43ea-91b1-b85a1f6c3825: start RPC server
2019-09-20 09:26:48,624 [Datanode State Machine Thread - 0] INFO  server.GrpcService (GrpcService.java:startImpl(149)) - fd3cd5f9-4f1c-43ea-91b1-b85a1f6c3825: GrpcService started, listening on 0.0.0.0/0.0.0.0:39114
2019-09-20 09:26:48,624 [Datanode State Machine Thread - 0] INFO  ratis.XceiverServerRatis (XceiverServerRatis.java:start(414)) - XceiverServerRatis fd3cd5f9-4f1c-43ea-91b1-b85a1f6c3825 is started using port 39114
2019-09-20 09:26:48,627 [Datanode State Machine Thread - 0] INFO  server.XceiverServerGrpc (XceiverServerGrpc.java:start(163)) - XceiverServerGrpc fd3cd5f9-4f1c-43ea-91b1-b85a1f6c3825 is started using port 41019
2019-09-20 09:26:48,826 | INFO  | SCMAudit | user=jenkins1000 | ip=192.168.36.99 | op=GET_VERSION null | ret=SUCCESS |  
2019-09-20 09:26:48,849 [Datanode State Machine Thread - 0] INFO  ozoneimpl.OzoneContainer (OzoneContainer.java:start(186)) - Attempting to start container services.
2019-09-20 09:26:48,852 [Datanode State Machine Thread - 0] INFO  ozoneimpl.OzoneContainer (OzoneContainer.java:startContainerScrub(160)) - Background container scrubber has been disabled by hdds.containerscrub.enabled
2019-09-20 09:26:48,852 [Datanode State Machine Thread - 0] INFO  ratis.XceiverServerRatis (XceiverServerRatis.java:start(404)) - Starting XceiverServerRatis 492ed782-6ab3-4ad9-945e-06def6ac7c96 at port 0
2019-09-20 09:26:48,860 [Datanode State Machine Thread - 0] INFO  impl.RaftServerProxy (RaftServerProxy.java:lambda$start$3(299)) - 492ed782-6ab3-4ad9-945e-06def6ac7c96: start RPC server
2019-09-20 09:26:48,865 [Datanode State Machine Thread - 0] INFO  server.GrpcService (GrpcService.java:startImpl(149)) - 492ed782-6ab3-4ad9-945e-06def6ac7c96: GrpcService started, listening on 0.0.0.0/0.0.0.0:32835
2019-09-20 09:26:48,865 [Datanode State Machine Thread - 0] INFO  ratis.XceiverServerRatis (XceiverServerRatis.java:start(414)) - XceiverServerRatis 492ed782-6ab3-4ad9-945e-06def6ac7c96 is started using port 32835
2019-09-20 09:26:48,868 [Datanode State Machine Thread - 0] INFO  server.XceiverServerGrpc (XceiverServerGrpc.java:start(163)) - XceiverServerGrpc 492ed782-6ab3-4ad9-945e-06def6ac7c96 is started using port 33266
2019-09-20 09:26:49,039 | INFO  | SCMAudit | user=jenkins1000 | ip=192.168.36.99 | op=GET_VERSION null | ret=SUCCESS |  
2019-09-20 09:26:49,058 [Datanode State Machine Thread - 0] INFO  ozoneimpl.OzoneContainer (OzoneContainer.java:start(186)) - Attempting to start container services.
2019-09-20 09:26:49,064 [Datanode State Machine Thread - 0] INFO  ozoneimpl.OzoneContainer (OzoneContainer.java:startContainerScrub(160)) - Background container scrubber has been disabled by hdds.containerscrub.enabled
2019-09-20 09:26:49,064 [Datanode State Machine Thread - 0] INFO  ratis.XceiverServerRatis (XceiverServerRatis.java:start(404)) - Starting XceiverServerRatis 4840c00f-91d3-4881-a20b-4d0486ca97c0 at port 0
2019-09-20 09:26:49,073 [Datanode State Machine Thread - 0] INFO  impl.RaftServerProxy (RaftServerProxy.java:lambda$start$3(299)) - 4840c00f-91d3-4881-a20b-4d0486ca97c0: start RPC server
2019-09-20 09:26:49,076 [Datanode State Machine Thread - 0] INFO  server.GrpcService (GrpcService.java:startImpl(149)) - 4840c00f-91d3-4881-a20b-4d0486ca97c0: GrpcService started, listening on 0.0.0.0/0.0.0.0:41473
2019-09-20 09:26:49,076 [Datanode State Machine Thread - 0] INFO  ratis.XceiverServerRatis (XceiverServerRatis.java:start(414)) - XceiverServerRatis 4840c00f-91d3-4881-a20b-4d0486ca97c0 is started using port 41473
2019-09-20 09:26:49,079 [Datanode State Machine Thread - 0] INFO  server.XceiverServerGrpc (XceiverServerGrpc.java:start(163)) - XceiverServerGrpc 4840c00f-91d3-4881-a20b-4d0486ca97c0 is started using port 36782
2019-09-20 09:26:49,252 | INFO  | SCMAudit | user=jenkins1000 | ip=192.168.36.99 | op=GET_VERSION null | ret=SUCCESS |  
2019-09-20 09:26:49,275 [Datanode State Machine Thread - 0] INFO  ozoneimpl.OzoneContainer (OzoneContainer.java:start(186)) - Attempting to start container services.
2019-09-20 09:26:49,275 [Datanode State Machine Thread - 0] INFO  ozoneimpl.OzoneContainer (OzoneContainer.java:startContainerScrub(160)) - Background container scrubber has been disabled by hdds.containerscrub.enabled
2019-09-20 09:26:49,275 [Datanode State Machine Thread - 0] INFO  ratis.XceiverServerRatis (XceiverServerRatis.java:start(404)) - Starting XceiverServerRatis 871e6485-c22a-483f-9e07-d19e754685be at port 0
2019-09-20 09:26:49,284 [Datanode State Machine Thread - 0] INFO  impl.RaftServerProxy (RaftServerProxy.java:lambda$start$3(299)) - 871e6485-c22a-483f-9e07-d19e754685be: start RPC server
2019-09-20 09:26:49,288 [Datanode State Machine Thread - 0] INFO  server.GrpcService (GrpcService.java:startImpl(149)) - 871e6485-c22a-483f-9e07-d19e754685be: GrpcService started, listening on 0.0.0.0/0.0.0.0:41076
2019-09-20 09:26:49,288 [Datanode State Machine Thread - 0] INFO  ratis.XceiverServerRatis (XceiverServerRatis.java:start(414)) - XceiverServerRatis 871e6485-c22a-483f-9e07-d19e754685be is started using port 41076
2019-09-20 09:26:49,292 [Datanode State Machine Thread - 0] INFO  server.XceiverServerGrpc (XceiverServerGrpc.java:start(163)) - XceiverServerGrpc 871e6485-c22a-483f-9e07-d19e754685be is started using port 36670
2019-09-20 09:26:49,541 [main] INFO  ozone.MiniOzoneClusterImpl (MiniOzoneClusterImpl.java:lambda$waitForClusterToBeReady$0(142)) - Waiting for cluster to be ready. Got 0 of 6 DN Heartbeats.
2019-09-20 09:26:49,545 | INFO  | SCMAudit | user=jenkins1000 | ip=192.168.36.99 | op=GET_VERSION null | ret=SUCCESS |  
2019-09-20 09:26:49,567 [Datanode State Machine Thread - 0] INFO  ozoneimpl.OzoneContainer (OzoneContainer.java:start(186)) - Attempting to start container services.
2019-09-20 09:26:49,567 [Datanode State Machine Thread - 0] INFO  ozoneimpl.OzoneContainer (OzoneContainer.java:startContainerScrub(160)) - Background container scrubber has been disabled by hdds.containerscrub.enabled
2019-09-20 09:26:49,567 [Datanode State Machine Thread - 0] INFO  ratis.XceiverServerRatis (XceiverServerRatis.java:start(404)) - Starting XceiverServerRatis dc7f40a9-6782-42c4-abab-c6b1682da047 at port 0
2019-09-20 09:26:49,574 [Datanode State Machine Thread - 0] INFO  impl.RaftServerProxy (RaftServerProxy.java:lambda$start$3(299)) - dc7f40a9-6782-42c4-abab-c6b1682da047: start RPC server
2019-09-20 09:26:49,578 [Datanode State Machine Thread - 0] INFO  server.GrpcService (GrpcService.java:startImpl(149)) - dc7f40a9-6782-42c4-abab-c6b1682da047: GrpcService started, listening on 0.0.0.0/0.0.0.0:40142
2019-09-20 09:26:49,579 [Datanode State Machine Thread - 0] INFO  ratis.XceiverServerRatis (XceiverServerRatis.java:start(414)) - XceiverServerRatis dc7f40a9-6782-42c4-abab-c6b1682da047 is started using port 40142
2019-09-20 09:26:49,582 [Datanode State Machine Thread - 0] INFO  server.XceiverServerGrpc (XceiverServerGrpc.java:start(163)) - XceiverServerGrpc dc7f40a9-6782-42c4-abab-c6b1682da047 is started using port 45431
2019-09-20 09:26:50,362 [IPC Server handler 2 on 36356] INFO  net.NetworkTopology (NetworkTopologyImpl.java:add(110)) - Added a new node: /default-rack/02b93e76-e4c6-4b67-b8a4-c536d9ab7224
2019-09-20 09:26:50,363 [IPC Server handler 2 on 36356] INFO  node.SCMNodeManager (SCMNodeManager.java:register(273)) - Registered Data node : 02b93e76-e4c6-4b67-b8a4-c536d9ab7224{ip: 192.168.36.99, host: pr-hdds-1569-p5fx8-1226042367, networkLocation: /default-rack, certSerialId: null}
2019-09-20 09:26:50,369 [EventQueue-NodeRegistrationContainerReportForDataNodeSafeModeRule] INFO  safemode.SCMSafeModeManager (DataNodeSafeModeRule.java:process(71)) - SCM in safe mode. 1 DataNodes registered, 1 required.
2019-09-20 09:26:50,370 [EventQueue-NodeRegistrationContainerReportForDataNodeSafeModeRule] INFO  safemode.SCMSafeModeManager (SCMSafeModeManager.java:validateSafeModeExitRules(177)) - ScmSafeModeManager, all rules are successfully validated
2019-09-20 09:26:50,370 [EventQueue-NodeRegistrationContainerReportForDataNodeSafeModeRule] INFO  safemode.SCMSafeModeManager (SCMSafeModeManager.java:exitSafeMode(193)) - SCM exiting safe mode.
2019-09-20 09:26:50,380 | INFO  | SCMAudit | user=jenkins1000 | ip=192.168.36.99 | op=REGISTER {datanodeDetails=02b93e76-e4c6-4b67-b8a4-c536d9ab7224{ip: 192.168.36.99, host: pr-hdds-1569-p5fx8-1226042367, networkLocation: /default-rack, certSerialId: null}} | ret=SUCCESS |  
2019-09-20 09:26:50,544 [main] INFO  ozone.MiniOzoneClusterImpl (MiniOzoneClusterImpl.java:lambda$waitForClusterToBeReady$0(142)) - Waiting for cluster to be ready. Got 1 of 6 DN Heartbeats.
2019-09-20 09:26:50,591 [IPC Server handler 4 on 36356] INFO  net.NetworkTopology (NetworkTopologyImpl.java:add(110)) - Added a new node: /default-rack/fd3cd5f9-4f1c-43ea-91b1-b85a1f6c3825
2019-09-20 09:26:50,591 [IPC Server handler 4 on 36356] INFO  node.SCMNodeManager (SCMNodeManager.java:register(273)) - Registered Data node : fd3cd5f9-4f1c-43ea-91b1-b85a1f6c3825{ip: 192.168.36.99, host: pr-hdds-1569-p5fx8-1226042367, networkLocation: /default-rack, certSerialId: null}
2019-09-20 09:26:50,592 | INFO  | SCMAudit | user=jenkins1000 | ip=192.168.36.99 | op=REGISTER {datanodeDetails=fd3cd5f9-4f1c-43ea-91b1-b85a1f6c3825{ip: 192.168.36.99, host: pr-hdds-1569-p5fx8-1226042367, networkLocation: /default-rack, certSerialId: null}} | ret=SUCCESS |  
2019-09-20 09:26:51,264 [IPC Server handler 13 on 36356] INFO  net.NetworkTopology (NetworkTopologyImpl.java:add(110)) - Added a new node: /default-rack/871e6485-c22a-483f-9e07-d19e754685be
2019-09-20 09:26:51,267 [IPC Server handler 13 on 36356] INFO  node.SCMNodeManager (SCMNodeManager.java:register(273)) - Registered Data node : 871e6485-c22a-483f-9e07-d19e754685be{ip: 192.168.36.99, host: pr-hdds-1569-p5fx8-1226042367, networkLocation: /default-rack, certSerialId: null}
2019-09-20 09:26:51,267 [IPC Server handler 7 on 36356] INFO  net.NetworkTopology (NetworkTopologyImpl.java:add(110)) - Added a new node: /default-rack/4840c00f-91d3-4881-a20b-4d0486ca97c0
2019-09-20 09:26:51,272 [IPC Server handler 7 on 36356] INFO  node.SCMNodeManager (SCMNodeManager.java:register(273)) - Registered Data node : 4840c00f-91d3-4881-a20b-4d0486ca97c0{ip: 192.168.36.99, host: pr-hdds-1569-p5fx8-1226042367, networkLocation: /default-rack, certSerialId: null}
2019-09-20 09:26:51,272 [IPC Server handler 0 on 36356] INFO  net.NetworkTopology (NetworkTopologyImpl.java:add(110)) - Added a new node: /default-rack/492ed782-6ab3-4ad9-945e-06def6ac7c96
2019-09-20 09:26:51,273 [IPC Server handler 0 on 36356] INFO  node.SCMNodeManager (SCMNodeManager.java:register(273)) - Registered Data node : 492ed782-6ab3-4ad9-945e-06def6ac7c96{ip: 192.168.36.99, host: pr-hdds-1569-p5fx8-1226042367, networkLocation: /default-rack, certSerialId: null}
2019-09-20 09:26:51,273 | INFO  | SCMAudit | user=jenkins1000 | ip=192.168.36.99 | op=REGISTER {datanodeDetails=871e6485-c22a-483f-9e07-d19e754685be{ip: 192.168.36.99, host: pr-hdds-1569-p5fx8-1226042367, networkLocation: /default-rack, certSerialId: null}} | ret=SUCCESS |  
2019-09-20 09:26:51,273 | INFO  | SCMAudit | user=jenkins1000 | ip=192.168.36.99 | op=REGISTER {datanodeDetails=4840c00f-91d3-4881-a20b-4d0486ca97c0{ip: 192.168.36.99, host: pr-hdds-1569-p5fx8-1226042367, networkLocation: /default-rack, certSerialId: null}} | ret=SUCCESS |  
2019-09-20 09:26:51,273 | INFO  | SCMAudit | user=jenkins1000 | ip=192.168.36.99 | op=REGISTER {datanodeDetails=492ed782-6ab3-4ad9-945e-06def6ac7c96{ip: 192.168.36.99, host: pr-hdds-1569-p5fx8-1226042367, networkLocation: /default-rack, certSerialId: null}} | ret=SUCCESS |  
2019-09-20 09:26:51,437 [grpc-default-executor-0] INFO  impl.RaftServerProxy (RaftServerProxy.java:addNew(89)) - 02b93e76-e4c6-4b67-b8a4-c536d9ab7224: addNew group-BD3B3C1ED5A4:[02b93e76-e4c6-4b67-b8a4-c536d9ab7224:192.168.36.99:39343] returns group-BD3B3C1ED5A4:java.util.concurrent.CompletableFuture@6ceddd7f[Not completed]
2019-09-20 09:26:51,460 [pool-27-thread-1] INFO  impl.RaftServerImpl (RaftServerImpl.java:<init>(93)) - 02b93e76-e4c6-4b67-b8a4-c536d9ab7224: new RaftServerImpl for group-BD3B3C1ED5A4:[02b93e76-e4c6-4b67-b8a4-c536d9ab7224:192.168.36.99:39343] with ContainerStateMachine:uninitialized
2019-09-20 09:26:51,462 [pool-27-thread-1] INFO  server.RaftServerConfigKeys (ConfUtils.java:logGet(43)) - raft.server.rpc.timeout.min = 5s (custom)
2019-09-20 09:26:51,464 [pool-27-thread-1] INFO  server.RaftServerConfigKeys (ConfUtils.java:logGet(43)) - raft.server.rpc.timeout.max = 5200ms (custom)
2019-09-20 09:26:51,464 [pool-27-thread-1] INFO  server.RaftServerConfigKeys (ConfUtils.java:logGet(43)) - raft.server.rpcslowness.timeout = 10s (custom)
2019-09-20 09:26:51,465 [pool-27-thread-1] INFO  server.RaftServerConfigKeys (ConfUtils.java:logGet(43)) - raft.server.sleep.deviation.threshold = 300 (default)
2019-09-20 09:26:51,466 [pool-27-thread-1] INFO  server.RaftServerConfigKeys (ConfUtils.java:logGet(43)) - raft.server.log.appender.install.snapshot.enabled = false (custom)
2019-09-20 09:26:51,476 [pool-27-thread-1] INFO  impl.RaftServerImpl (ServerState.java:<init>(105)) - 02b93e76-e4c6-4b67-b8a4-c536d9ab7224:group-BD3B3C1ED5A4 ConfigurationManager, init=-1: [02b93e76-e4c6-4b67-b8a4-c536d9ab7224:192.168.36.99:39343], old=null, confs=<EMPTY_MAP>
2019-09-20 09:26:51,476 [pool-27-thread-1] INFO  server.RaftServerConfigKeys (ConfUtils.java:logGet(43)) - raft.server.storage.dir = [/workdir/hadoop-ozone/integration-test/target/test-dir/MiniOzoneClusterImpl-a33d77e5-464b-4d19-8e6b-a171e580bf0e/datanode-0/data/ratis] (custom)
2019-09-20 09:26:51,486 [pool-27-thread-1] INFO  storage.RaftStorageDirectory (RaftStorageDirectory.java:analyzeStorage(246)) - The storage directory /workdir/hadoop-ozone/integration-test/target/test-dir/MiniOzoneClusterImpl-a33d77e5-464b-4d19-8e6b-a171e580bf0e/datanode-0/data/ratis/fa0806c8-a92c-45a0-a658-bd3b3c1ed5a4 does not exist. Creating ...
2019-09-20 09:26:51,525 [pool-27-thread-1] INFO  storage.RaftStorageDirectory (RaftStorageDirectory.java:tryLock(328)) - Lock on /workdir/hadoop-ozone/integration-test/target/test-dir/MiniOzoneClusterImpl-a33d77e5-464b-4d19-8e6b-a171e580bf0e/datanode-0/data/ratis/fa0806c8-a92c-45a0-a658-bd3b3c1ed5a4/in_use.lock acquired by nodename 7145@pr-hdds-1569-p5fx8-1226042367
2019-09-20 09:26:51,545 [main] INFO  ozone.MiniOzoneClusterImpl (MiniOzoneClusterImpl.java:lambda$waitForClusterToBeReady$0(142)) - Waiting for cluster to be ready. Got 5 of 6 DN Heartbeats.
2019-09-20 09:26:51,545 [IPC Server handler 1 on 36356] INFO  net.NetworkTopology (NetworkTopologyImpl.java:add(110)) - Added a new node: /default-rack/dc7f40a9-6782-42c4-abab-c6b1682da047
2019-09-20 09:26:51,545 [IPC Server handler 1 on 36356] INFO  node.SCMNodeManager (SCMNodeManager.java:register(273)) - Registered Data node : dc7f40a9-6782-42c4-abab-c6b1682da047{ip: 192.168.36.99, host: pr-hdds-1569-p5fx8-1226042367, networkLocation: /default-rack, certSerialId: null}
2019-09-20 09:26:51,546 | INFO  | SCMAudit | user=jenkins1000 | ip=192.168.36.99 | op=REGISTER {datanodeDetails=dc7f40a9-6782-42c4-abab-c6b1682da047{ip: 192.168.36.99, host: pr-hdds-1569-p5fx8-1226042367, networkLocation: /default-rack, certSerialId: null}} | ret=SUCCESS |  
2019-09-20 09:26:51,551 [pool-27-thread-1] INFO  storage.RaftStorage (RaftStorage.java:format(72)) - Storage directory /workdir/hadoop-ozone/integration-test/target/test-dir/MiniOzoneClusterImpl-a33d77e5-464b-4d19-8e6b-a171e580bf0e/datanode-0/data/ratis/fa0806c8-a92c-45a0-a658-bd3b3c1ed5a4 has been successfully formatted.
2019-09-20 09:26:51,554 [pool-27-thread-1] INFO  ratis.ContainerStateMachine (ContainerStateMachine.java:loadSnapshot(226)) - group-BD3B3C1ED5A4: The snapshot info is null. Setting the last applied indexto:(t:0, i:~)
2019-09-20 09:26:51,554 [pool-27-thread-1] INFO  server.RaftServerConfigKeys (ConfUtils.java:logGet(43)) - raft.server.leader.election.timeout = 10s (custom)
2019-09-20 09:26:51,557 [pool-27-thread-1] INFO  server.RaftServerConfigKeys (ConfUtils.java:logGet(43)) - raft.server.log.use.memory = false (default)
2019-09-20 09:26:51,565 [pool-27-thread-1] INFO  server.RaftServerConfigKeys (ConfUtils.java:logGet(43)) - raft.server.log.purge.gap = 1000000 (custom)
2019-09-20 09:26:51,566 [pool-27-thread-1] INFO  server.RaftServerConfigKeys (ConfUtils.java:logGet(43)) - raft.server.log.appender.buffer.byte-limit = 33554432 (custom)
2019-09-20 09:26:51,568 [pool-27-thread-1] INFO  server.RaftServerConfigKeys (ConfUtils.java:logGet(43)) - raft.server.log.segment.size.max = 1048576 (custom)
2019-09-20 09:26:51,574 [pool-27-thread-1] INFO  server.RaftServerConfigKeys (ConfUtils.java:logGet(43)) - raft.server.log.segment.cache.num.max = 2 (custom)
2019-09-20 09:26:51,581 [pool-27-thread-1] INFO  segmented.SegmentedRaftLogWorker (SegmentedRaftLogWorker.java:<init>(172)) - new 02b93e76-e4c6-4b67-b8a4-c536d9ab7224-SegmentedRaftLogWorker:Storage Directory /workdir/hadoop-ozone/integration-test/target/test-dir/MiniOzoneClusterImpl-a33d77e5-464b-4d19-8e6b-a171e580bf0e/datanode-0/data/ratis/fa0806c8-a92c-45a0-a658-bd3b3c1ed5a4 for RaftStorage:Storage Directory /workdir/hadoop-ozone/integration-test/target/test-dir/MiniOzoneClusterImpl-a33d77e5-464b-4d19-8e6b-a171e580bf0e/datanode-0/data/ratis/fa0806c8-a92c-45a0-a658-bd3b3c1ed5a4
2019-09-20 09:26:51,596 [pool-27-thread-1] INFO  server.RaftServerConfigKeys (ConfUtils.java:logGet(43)) - raft.server.log.queue.byte-limit = 2147483647 (custom)
2019-09-20 09:26:51,596 [pool-27-thread-1] INFO  server.RaftServerConfigKeys (ConfUtils.java:logGet(43)) - raft.server.log.queue.element-limit = 1024 (custom)
2019-09-20 09:26:51,602 [pool-27-thread-1] INFO  server.RaftServerConfigKeys (ConfUtils.java:logGet(43)) - raft.server.log.segment.size.max = 1048576 (custom)
2019-09-20 09:26:51,602 [pool-27-thread-1] INFO  server.RaftServerConfigKeys (ConfUtils.java:logGet(43)) - raft.server.log.preallocated.size = 16384 (custom)
2019-09-20 09:26:51,603 [pool-27-thread-1] INFO  server.RaftServerConfigKeys (ConfUtils.java:logGet(43)) - raft.server.log.write.buffer.size = 33554432 (custom)
2019-09-20 09:26:51,604 [pool-27-thread-1] INFO  server.RaftServerConfigKeys (ConfUtils.java:logGet(43)) - raft.server.log.force.sync.num = 128 (default)
2019-09-20 09:26:51,605 [pool-27-thread-1] INFO  server.RaftServerConfigKeys (ConfUtils.java:logGet(43)) - raft.server.log.statemachine.data.sync = true (default)
2019-09-20 09:26:51,605 [pool-27-thread-1] INFO  server.RaftServerConfigKeys (ConfUtils.java:logGet(43)) - raft.server.log.statemachine.data.sync.timeout = 10s (default)
2019-09-20 09:26:51,606 [pool-27-thread-1] INFO  server.RaftServerConfigKeys (ConfUtils.java:logGet(43)) - raft.server.log.statemachine.data.sync.timeout.retry = -1 (default)
2019-09-20 09:26:51,616 [pool-27-thread-1] INFO  server.RaftServerConfigKeys (ConfUtils.java:logGet(43)) - raft.server.log.statemachine.data.caching.enabled = true (custom)
2019-09-20 09:26:51,621 [pool-27-thread-1] INFO  segmented.SegmentedRaftLogWorker (SegmentedRaftLogWorker.java:lambda$new$0(132)) - 02b93e76-e4c6-4b67-b8a4-c536d9ab7224-SegmentedRaftLogWorker:Storage Directory /workdir/hadoop-ozone/integration-test/target/test-dir/MiniOzoneClusterImpl-a33d77e5-464b-4d19-8e6b-a171e580bf0e/datanode-0/data/ratis/fa0806c8-a92c-45a0-a658-bd3b3c1ed5a4: flushIndex: setUnconditionally 0 -> -1
2019-09-20 09:26:51,625 [pool-27-thread-1] INFO  server.RaftServerConfigKeys (ConfUtils.java:logGet(43)) - raft.server.snapshot.auto.trigger.enabled = true (custom)
2019-09-20 09:26:51,626 [pool-27-thread-1] INFO  server.RaftServerConfigKeys (ConfUtils.java:logGet(43)) - raft.server.snapshot.auto.trigger.threshold = 10000 (custom)
2019-09-20 09:26:51,627 [pool-27-thread-1] INFO  server.RaftServerConfigKeys (ConfUtils.java:logGet(43)) - raft.server.retrycache.expirytime = 600000ms (custom)
2019-09-20 09:26:51,648 [pool-27-thread-1] INFO  impl.RaftServerImpl (RaftServerImpl.java:start(180)) - 02b93e76-e4c6-4b67-b8a4-c536d9ab7224: start group-BD3B3C1ED5A4
2019-09-20 09:26:51,649 [pool-27-thread-1] INFO  impl.RaftServerImpl (RaftServerImpl.java:setRole(171)) - 02b93e76-e4c6-4b67-b8a4-c536d9ab7224:group-BD3B3C1ED5A4 changes role from null to FOLLOWER at term 0 for startAsFollower
2019-09-20 09:26:51,650 [pool-27-thread-1] INFO  impl.RoleInfo (RoleInfo.java:updateAndGet(143)) - 02b93e76-e4c6-4b67-b8a4-c536d9ab7224: start FollowerState
2019-09-20 09:26:51,651 [pool-27-thread-1] INFO  util.JmxRegister (JmxRegister.java:tryRegister(44)) - Successfully registered JMX Bean with object name Ratis:service=RaftServer,group=group-BD3B3C1ED5A4,id=02b93e76-e4c6-4b67-b8a4-c536d9ab7224
2019-09-20 09:26:51,727 [RatisPipelineUtilsThread] INFO  pipeline.PipelineStateManager (PipelineStateManager.java:addPipeline(56)) - Created pipeline Pipeline[ Id: fa0806c8-a92c-45a0-a658-bd3b3c1ed5a4, Nodes: 02b93e76-e4c6-4b67-b8a4-c536d9ab7224{ip: 192.168.36.99, host: pr-hdds-1569-p5fx8-1226042367, networkLocation: /default-rack, certSerialId: null}, Type:RATIS, Factor:ONE, State:OPEN]
2019-09-20 09:26:51,761 [grpc-default-executor-0] INFO  impl.RaftServerProxy (RaftServerProxy.java:addNew(89)) - 492ed782-6ab3-4ad9-945e-06def6ac7c96: addNew group-DF65BDAC9A62:[492ed782-6ab3-4ad9-945e-06def6ac7c96:192.168.36.99:32835] returns group-DF65BDAC9A62:java.util.concurrent.CompletableFuture@2f20062[Not completed]
2019-09-20 09:26:51,815 [pool-49-thread-1] INFO  impl.RaftServerImpl (RaftServerImpl.java:<init>(93)) - 492ed782-6ab3-4ad9-945e-06def6ac7c96: new RaftServerImpl for group-DF65BDAC9A62:[492ed782-6ab3-4ad9-945e-06def6ac7c96:192.168.36.99:32835] with ContainerStateMachine:uninitialized
2019-09-20 09:26:51,817 [pool-49-thread-1] INFO  server.RaftServerConfigKeys (ConfUtils.java:logGet(43)) - raft.server.rpc.timeout.min = 5s (custom)
2019-09-20 09:26:51,817 [pool-49-thread-1] INFO  server.RaftServerConfigKeys (ConfUtils.java:logGet(43)) - raft.server.rpc.timeout.max = 5200ms (custom)
2019-09-20 09:26:51,817 [pool-49-thread-1] INFO  server.RaftServerConfigKeys (ConfUtils.java:logGet(43)) - raft.server.rpcslowness.timeout = 10s (custom)
2019-09-20 09:26:51,817 [pool-49-thread-1] INFO  server.RaftServerConfigKeys (ConfUtils.java:logGet(43)) - raft.server.sleep.deviation.threshold = 300 (default)
2019-09-20 09:26:51,818 [pool-49-thread-1] INFO  server.RaftServerConfigKeys (ConfUtils.java:logGet(43)) - raft.server.log.appender.install.snapshot.enabled = false (custom)
2019-09-20 09:26:51,818 [pool-49-thread-1] INFO  impl.RaftServerImpl (ServerState.java:<init>(105)) - 492ed782-6ab3-4ad9-945e-06def6ac7c96:group-DF65BDAC9A62 ConfigurationManager, init=-1: [492ed782-6ab3-4ad9-945e-06def6ac7c96:192.168.36.99:32835], old=null, confs=<EMPTY_MAP>
2019-09-20 09:26:51,818 [pool-49-thread-1] INFO  server.RaftServerConfigKeys (ConfUtils.java:logGet(43)) - raft.server.storage.dir = [/workdir/hadoop-ozone/integration-test/target/test-dir/MiniOzoneClusterImpl-a33d77e5-464b-4d19-8e6b-a171e580bf0e/datanode-2/data/ratis] (custom)
2019-09-20 09:26:51,819 [pool-49-thread-1] INFO  storage.RaftStorageDirectory (RaftStorageDirectory.java:analyzeStorage(246)) - The storage directory /workdir/hadoop-ozone/integration-test/target/test-dir/MiniOzoneClusterImpl-a33d77e5-464b-4d19-8e6b-a171e580bf0e/datanode-2/data/ratis/eeaea25a-54a7-485c-a73b-df65bdac9a62 does not exist. Creating ...
2019-09-20 09:26:51,843 [pool-49-thread-1] INFO  storage.RaftStorageDirectory (RaftStorageDirectory.java:tryLock(328)) - Lock on /workdir/hadoop-ozone/integration-test/target/test-dir/MiniOzoneClusterImpl-a33d77e5-464b-4d19-8e6b-a171e580bf0e/datanode-2/data/ratis/eeaea25a-54a7-485c-a73b-df65bdac9a62/in_use.lock acquired by nodename 7145@pr-hdds-1569-p5fx8-1226042367
2019-09-20 09:26:51,860 [pool-49-thread-1] INFO  storage.RaftStorage (RaftStorage.java:format(72)) - Storage directory /workdir/hadoop-ozone/integration-test/target/test-dir/MiniOzoneClusterImpl-a33d77e5-464b-4d19-8e6b-a171e580bf0e/datanode-2/data/ratis/eeaea25a-54a7-485c-a73b-df65bdac9a62 has been successfully formatted.
2019-09-20 09:26:51,862 [pool-49-thread-1] INFO  ratis.ContainerStateMachine (ContainerStateMachine.java:loadSnapshot(226)) - group-DF65BDAC9A62: The snapshot info is null. Setting the last applied indexto:(t:0, i:~)
2019-09-20 09:26:51,863 [pool-49-thread-1] INFO  server.RaftServerConfigKeys (ConfUtils.java:logGet(43)) - raft.server.leader.election.timeout = 10s (custom)
2019-09-20 09:26:51,864 [pool-49-thread-1] INFO  server.RaftServerConfigKeys (ConfUtils.java:logGet(43)) - raft.server.log.use.memory = false (default)
2019-09-20 09:26:51,864 [pool-49-thread-1] INFO  server.RaftServerConfigKeys (ConfUtils.java:logGet(43)) - raft.server.log.purge.gap = 1000000 (custom)
2019-09-20 09:26:51,864 [pool-49-thread-1] INFO  server.RaftServerConfigKeys (ConfUtils.java:logGet(43)) - raft.server.log.appender.buffer.byte-limit = 33554432 (custom)
2019-09-20 09:26:51,864 [pool-49-thread-1] INFO  server.RaftServerConfigKeys (ConfUtils.java:logGet(43)) - raft.server.log.segment.size.max = 1048576 (custom)
2019-09-20 09:26:51,865 [pool-49-thread-1] INFO  server.RaftServerConfigKeys (ConfUtils.java:logGet(43)) - raft.server.log.segment.cache.num.max = 2 (custom)
2019-09-20 09:26:51,865 [pool-49-thread-1] INFO  segmented.SegmentedRaftLogWorker (SegmentedRaftLogWorker.java:<init>(172)) - new 492ed782-6ab3-4ad9-945e-06def6ac7c96-SegmentedRaftLogWorker:Storage Directory /workdir/hadoop-ozone/integration-test/target/test-dir/MiniOzoneClusterImpl-a33d77e5-464b-4d19-8e6b-a171e580bf0e/datanode-2/data/ratis/eeaea25a-54a7-485c-a73b-df65bdac9a62 for RaftStorage:Storage Directory /workdir/hadoop-ozone/integration-test/target/test-dir/MiniOzoneClusterImpl-a33d77e5-464b-4d19-8e6b-a171e580bf0e/datanode-2/data/ratis/eeaea25a-54a7-485c-a73b-df65bdac9a62
2019-09-20 09:26:51,866 [pool-49-thread-1] INFO  server.RaftServerConfigKeys (ConfUtils.java:logGet(43)) - raft.server.log.queue.byte-limit = 2147483647 (custom)
2019-09-20 09:26:51,867 [pool-49-thread-1] INFO  server.RaftServerConfigKeys (ConfUtils.java:logGet(43)) - raft.server.log.queue.element-limit = 1024 (custom)
2019-09-20 09:26:51,867 [pool-49-thread-1] INFO  server.RaftServerConfigKeys (ConfUtils.java:logGet(43)) - raft.server.log.segment.size.max = 1048576 (custom)
2019-09-20 09:26:51,867 [pool-49-thread-1] INFO  server.RaftServerConfigKeys (ConfUtils.java:logGet(43)) - raft.server.log.preallocated.size = 16384 (custom)
2019-09-20 09:26:51,868 [pool-49-thread-1] INFO  server.RaftServerConfigKeys (ConfUtils.java:logGet(43)) - raft.server.log.write.buffer.size = 33554432 (custom)
2019-09-20 09:26:51,868 [pool-49-thread-1] INFO  server.RaftServerConfigKeys (ConfUtils.java:logGet(43)) - raft.server.log.force.sync.num = 128 (default)
2019-09-20 09:26:51,868 [pool-49-thread-1] INFO  server.RaftServerConfigKeys (ConfUtils.java:logGet(43)) - raft.server.log.statemachine.data.sync = true (default)
2019-09-20 09:26:51,868 [pool-49-thread-1] INFO  server.RaftServerConfigKeys (ConfUtils.java:logGet(43)) - raft.server.log.statemachine.data.sync.timeout = 10s (default)
2019-09-20 09:26:51,869 [pool-49-thread-1] INFO  server.RaftServerConfigKeys (ConfUtils.java:logGet(43)) - raft.server.log.statemachine.data.sync.timeout.retry = -1 (default)
2019-09-20 09:26:51,869 [pool-49-thread-1] INFO  server.RaftServerConfigKeys (ConfUtils.java:logGet(43)) - raft.server.log.statemachine.data.caching.enabled = true (custom)
2019-09-20 09:26:51,870 [pool-49-thread-1] INFO  segmented.SegmentedRaftLogWorker (SegmentedRaftLogWorker.java:lambda$new$0(132)) - 492ed782-6ab3-4ad9-945e-06def6ac7c96-SegmentedRaftLogWorker:Storage Directory /workdir/hadoop-ozone/integration-test/target/test-dir/MiniOzoneClusterImpl-a33d77e5-464b-4d19-8e6b-a171e580bf0e/datanode-2/data/ratis/eeaea25a-54a7-485c-a73b-df65bdac9a62: flushIndex: setUnconditionally 0 -> -1
2019-09-20 09:26:51,870 [pool-49-thread-1] INFO  server.RaftServerConfigKeys (ConfUtils.java:logGet(43)) - raft.server.snapshot.auto.trigger.enabled = true (custom)
2019-09-20 09:26:51,870 [pool-49-thread-1] INFO  server.RaftServerConfigKeys (ConfUtils.java:logGet(43)) - raft.server.snapshot.auto.trigger.threshold = 10000 (custom)
2019-09-20 09:26:51,871 [pool-49-thread-1] INFO  server.RaftServerConfigKeys (ConfUtils.java:logGet(43)) - raft.server.retrycache.expirytime = 600000ms (custom)
2019-09-20 09:26:51,871 [pool-49-thread-1] INFO  impl.RaftServerImpl (RaftServerImpl.java:start(180)) - 492ed782-6ab3-4ad9-945e-06def6ac7c96: start group-DF65BDAC9A62
2019-09-20 09:26:51,871 [pool-49-thread-1] INFO  impl.RaftServerImpl (RaftServerImpl.java:setRole(171)) - 492ed782-6ab3-4ad9-945e-06def6ac7c96:group-DF65BDAC9A62 changes role from null to FOLLOWER at term 0 for startAsFollower
2019-09-20 09:26:51,871 [pool-49-thread-1] INFO  impl.RoleInfo (RoleInfo.java:updateAndGet(143)) - 492ed782-6ab3-4ad9-945e-06def6ac7c96: start FollowerState
2019-09-20 09:26:51,873 [pool-49-thread-1] INFO  util.JmxRegister (JmxRegister.java:tryRegister(44)) - Successfully registered JMX Bean with object name Ratis:service=RaftServer,group=group-DF65BDAC9A62,id=492ed782-6ab3-4ad9-945e-06def6ac7c96
2019-09-20 09:26:51,888 [RatisPipelineUtilsThread] INFO  pipeline.PipelineStateManager (PipelineStateManager.java:addPipeline(56)) - Created pipeline Pipeline[ Id: eeaea25a-54a7-485c-a73b-df65bdac9a62, Nodes: 492ed782-6ab3-4ad9-945e-06def6ac7c96{ip: 192.168.36.99, host: pr-hdds-1569-p5fx8-1226042367, networkLocation: /default-rack, certSerialId: null}, Type:RATIS, Factor:ONE, State:OPEN]
2019-09-20 09:26:51,915 [grpc-default-executor-0] INFO  impl.RaftServerProxy (RaftServerProxy.java:addNew(89)) - 871e6485-c22a-483f-9e07-d19e754685be: addNew group-D4382EAC0A2B:[871e6485-c22a-483f-9e07-d19e754685be:192.168.36.99:41076] returns group-D4382EAC0A2B:java.util.concurrent.CompletableFuture@76ecabbc[Not completed]
2019-09-20 09:26:51,930 [pool-71-thread-1] INFO  impl.RaftServerImpl (RaftServerImpl.java:<init>(93)) - 871e6485-c22a-483f-9e07-d19e754685be: new RaftServerImpl for group-D4382EAC0A2B:[871e6485-c22a-483f-9e07-d19e754685be:192.168.36.99:41076] with ContainerStateMachine:uninitialized
2019-09-20 09:26:51,930 [pool-71-thread-1] INFO  server.RaftServerConfigKeys (ConfUtils.java:logGet(43)) - raft.server.rpc.timeout.min = 5s (custom)
2019-09-20 09:26:51,930 [pool-71-thread-1] INFO  server.RaftServerConfigKeys (ConfUtils.java:logGet(43)) - raft.server.rpc.timeout.max = 5200ms (custom)
2019-09-20 09:26:51,930 [pool-71-thread-1] INFO  server.RaftServerConfigKeys (ConfUtils.java:logGet(43)) - raft.server.rpcslowness.timeout = 10s (custom)
2019-09-20 09:26:51,931 [pool-71-thread-1] INFO  server.RaftServerConfigKeys (ConfUtils.java:logGet(43)) - raft.server.sleep.deviation.threshold = 300 (default)
2019-09-20 09:26:51,931 [pool-71-thread-1] INFO  server.RaftServerConfigKeys (ConfUtils.java:logGet(43)) - raft.server.log.appender.install.snapshot.enabled = false (custom)
2019-09-20 09:26:51,931 [pool-71-thread-1] INFO  impl.RaftServerImpl (ServerState.java:<init>(105)) - 871e6485-c22a-483f-9e07-d19e754685be:group-D4382EAC0A2B ConfigurationManager, init=-1: [871e6485-c22a-483f-9e07-d19e754685be:192.168.36.99:41076], old=null, confs=<EMPTY_MAP>
2019-09-20 09:26:51,931 [pool-71-thread-1] INFO  server.RaftServerConfigKeys (ConfUtils.java:logGet(43)) - raft.server.storage.dir = [/workdir/hadoop-ozone/integration-test/target/test-dir/MiniOzoneClusterImpl-a33d77e5-464b-4d19-8e6b-a171e580bf0e/datanode-4/data/ratis] (custom)
2019-09-20 09:26:51,932 [pool-71-thread-1] INFO  storage.RaftStorageDirectory (RaftStorageDirectory.java:analyzeStorage(246)) - The storage directory /workdir/hadoop-ozone/integration-test/target/test-dir/MiniOzoneClusterImpl-a33d77e5-464b-4d19-8e6b-a171e580bf0e/datanode-4/data/ratis/4ed80ddd-0769-4346-a2bb-d4382eac0a2b does not exist. Creating ...
2019-09-20 09:26:51,952 [pool-71-thread-1] INFO  storage.RaftStorageDirectory (RaftStorageDirectory.java:tryLock(328)) - Lock on /workdir/hadoop-ozone/integration-test/target/test-dir/MiniOzoneClusterImpl-a33d77e5-464b-4d19-8e6b-a171e580bf0e/datanode-4/data/ratis/4ed80ddd-0769-4346-a2bb-d4382eac0a2b/in_use.lock acquired by nodename 7145@pr-hdds-1569-p5fx8-1226042367
2019-09-20 09:26:51,969 [pool-71-thread-1] INFO  storage.RaftStorage (RaftStorage.java:format(72)) - Storage directory /workdir/hadoop-ozone/integration-test/target/test-dir/MiniOzoneClusterImpl-a33d77e5-464b-4d19-8e6b-a171e580bf0e/datanode-4/data/ratis/4ed80ddd-0769-4346-a2bb-d4382eac0a2b has been successfully formatted.
2019-09-20 09:26:51,969 [pool-71-thread-1] INFO  ratis.ContainerStateMachine (ContainerStateMachine.java:loadSnapshot(226)) - group-D4382EAC0A2B: The snapshot info is null. Setting the last applied indexto:(t:0, i:~)
2019-09-20 09:26:51,970 [pool-71-thread-1] INFO  server.RaftServerConfigKeys (ConfUtils.java:logGet(43)) - raft.server.leader.election.timeout = 10s (custom)
2019-09-20 09:26:51,970 [pool-71-thread-1] INFO  server.RaftServerConfigKeys (ConfUtils.java:logGet(43)) - raft.server.log.use.memory = false (default)
2019-09-20 09:26:51,970 [pool-71-thread-1] INFO  server.RaftServerConfigKeys (ConfUtils.java:logGet(43)) - raft.server.log.purge.gap = 1000000 (custom)
2019-09-20 09:26:51,970 [pool-71-thread-1] INFO  server.RaftServerConfigKeys (ConfUtils.java:logGet(43)) - raft.server.log.appender.buffer.byte-limit = 33554432 (custom)
2019-09-20 09:26:51,971 [pool-71-thread-1] INFO  server.RaftServerConfigKeys (ConfUtils.java:logGet(43)) - raft.server.log.segment.size.max = 1048576 (custom)
2019-09-20 09:26:51,971 [pool-71-thread-1] INFO  server.RaftServerConfigKeys (ConfUtils.java:logGet(43)) - raft.server.log.segment.cache.num.max = 2 (custom)
2019-09-20 09:26:51,971 [pool-71-thread-1] INFO  segmented.SegmentedRaftLogWorker (SegmentedRaftLogWorker.java:<init>(172)) - new 871e6485-c22a-483f-9e07-d19e754685be-SegmentedRaftLogWorker:Storage Directory /workdir/hadoop-ozone/integration-test/target/test-dir/MiniOzoneClusterImpl-a33d77e5-464b-4d19-8e6b-a171e580bf0e/datanode-4/data/ratis/4ed80ddd-0769-4346-a2bb-d4382eac0a2b for RaftStorage:Storage Directory /workdir/hadoop-ozone/integration-test/target/test-dir/MiniOzoneClusterImpl-a33d77e5-464b-4d19-8e6b-a171e580bf0e/datanode-4/data/ratis/4ed80ddd-0769-4346-a2bb-d4382eac0a2b
2019-09-20 09:26:51,971 [pool-71-thread-1] INFO  server.RaftServerConfigKeys (ConfUtils.java:logGet(43)) - raft.server.log.queue.byte-limit = 2147483647 (custom)
2019-09-20 09:26:51,972 [pool-71-thread-1] INFO  server.RaftServerConfigKeys (ConfUtils.java:logGet(43)) - raft.server.log.queue.element-limit = 1024 (custom)
2019-09-20 09:26:51,972 [pool-71-thread-1] INFO  server.RaftServerConfigKeys (ConfUtils.java:logGet(43)) - raft.server.log.segment.size.max = 1048576 (custom)
2019-09-20 09:26:51,973 [pool-71-thread-1] INFO  server.RaftServerConfigKeys (ConfUtils.java:logGet(43)) - raft.server.log.preallocated.size = 16384 (custom)
2019-09-20 09:26:51,973 [pool-71-thread-1] INFO  server.RaftServerConfigKeys (ConfUtils.java:logGet(43)) - raft.server.log.write.buffer.size = 33554432 (custom)
2019-09-20 09:26:51,973 [pool-71-thread-1] INFO  server.RaftServerConfigKeys (ConfUtils.java:logGet(43)) - raft.server.log.force.sync.num = 128 (default)
2019-09-20 09:26:51,973 [pool-71-thread-1] INFO  server.RaftServerConfigKeys (ConfUtils.java:logGet(43)) - raft.server.log.statemachine.data.sync = true (default)
2019-09-20 09:26:51,973 [pool-71-thread-1] INFO  server.RaftServerConfigKeys (ConfUtils.java:logGet(43)) - raft.server.log.statemachine.data.sync.timeout = 10s (default)
2019-09-20 09:26:51,974 [pool-71-thread-1] INFO  server.RaftServerConfigKeys (ConfUtils.java:logGet(43)) - raft.server.log.statemachine.data.sync.timeout.retry = -1 (default)
2019-09-20 09:26:51,974 [pool-71-thread-1] INFO  server.RaftServerConfigKeys (ConfUtils.java:logGet(43)) - raft.server.log.statemachine.data.caching.enabled = true (custom)
2019-09-20 09:26:51,975 [pool-71-thread-1] INFO  segmented.SegmentedRaftLogWorker (SegmentedRaftLogWorker.java:lambda$new$0(132)) - 871e6485-c22a-483f-9e07-d19e754685be-SegmentedRaftLogWorker:Storage Directory /workdir/hadoop-ozone/integration-test/target/test-dir/MiniOzoneClusterImpl-a33d77e5-464b-4d19-8e6b-a171e580bf0e/datanode-4/data/ratis/4ed80ddd-0769-4346-a2bb-d4382eac0a2b: flushIndex: setUnconditionally 0 -> -1
2019-09-20 09:26:51,975 [pool-71-thread-1] INFO  server.RaftServerConfigKeys (ConfUtils.java:logGet(43)) - raft.server.snapshot.auto.trigger.enabled = true (custom)
2019-09-20 09:26:51,976 [pool-71-thread-1] INFO  server.RaftServerConfigKeys (ConfUtils.java:logGet(43)) - raft.server.snapshot.auto.trigger.threshold = 10000 (custom)
2019-09-20 09:26:51,976 [pool-71-thread-1] INFO  server.RaftServerConfigKeys (ConfUtils.java:logGet(43)) - raft.server.retrycache.expirytime = 600000ms (custom)
2019-09-20 09:26:51,976 [pool-71-thread-1] INFO  impl.RaftServerImpl (RaftServerImpl.java:start(180)) - 871e6485-c22a-483f-9e07-d19e754685be: start group-D4382EAC0A2B
2019-09-20 09:26:51,976 [pool-71-thread-1] INFO  impl.RaftServerImpl (RaftServerImpl.java:setRole(171)) - 871e6485-c22a-483f-9e07-d19e754685be:group-D4382EAC0A2B changes role from null to FOLLOWER at term 0 for startAsFollower
2019-09-20 09:26:51,977 [pool-71-thread-1] INFO  impl.RoleInfo (RoleInfo.java:updateAndGet(143)) - 871e6485-c22a-483f-9e07-d19e754685be: start FollowerState
2019-09-20 09:26:51,978 [pool-71-thread-1] INFO  util.JmxRegister (JmxRegister.java:tryRegister(44)) - Successfully registered JMX Bean with object name Ratis:service=RaftServer,group=group-D4382EAC0A2B,id=871e6485-c22a-483f-9e07-d19e754685be
2019-09-20 09:26:51,992 [RatisPipelineUtilsThread] INFO  pipeline.PipelineStateManager (PipelineStateManager.java:addPipeline(56)) - Created pipeline Pipeline[ Id: 4ed80ddd-0769-4346-a2bb-d4382eac0a2b, Nodes: 871e6485-c22a-483f-9e07-d19e754685be{ip: 192.168.36.99, host: pr-hdds-1569-p5fx8-1226042367, networkLocation: /default-rack, certSerialId: null}, Type:RATIS, Factor:ONE, State:OPEN]
2019-09-20 09:26:52,022 [grpc-default-executor-0] INFO  impl.RaftServerProxy (RaftServerProxy.java:addNew(89)) - 871e6485-c22a-483f-9e07-d19e754685be: addNew group-B7B310DB6120:[871e6485-c22a-483f-9e07-d19e754685be:192.168.36.99:41076] returns group-B7B310DB6120:java.util.concurrent.CompletableFuture@45b8e351[Not completed]
2019-09-20 09:26:52,025 [pool-71-thread-1] INFO  impl.RaftServerImpl (RaftServerImpl.java:<init>(93)) - 871e6485-c22a-483f-9e07-d19e754685be: new RaftServerImpl for group-B7B310DB6120:[871e6485-c22a-483f-9e07-d19e754685be:192.168.36.99:41076] with ContainerStateMachine:uninitialized
2019-09-20 09:26:52,025 [pool-71-thread-1] INFO  server.RaftServerConfigKeys (ConfUtils.java:logGet(43)) - raft.server.rpc.timeout.min = 5s (custom)
2019-09-20 09:26:52,025 [pool-71-thread-1] INFO  server.RaftServerConfigKeys (ConfUtils.java:logGet(43)) - raft.server.rpc.timeout.max = 5200ms (custom)
2019-09-20 09:26:52,026 [pool-71-thread-1] INFO  server.RaftServerConfigKeys (ConfUtils.java:logGet(43)) - raft.server.rpcslowness.timeout = 10s (custom)
2019-09-20 09:26:52,026 [pool-71-thread-1] INFO  server.RaftServerConfigKeys (ConfUtils.java:logGet(43)) - raft.server.sleep.deviation.threshold = 300 (default)
2019-09-20 09:26:52,026 [pool-71-thread-1] INFO  server.RaftServerConfigKeys (ConfUtils.java:logGet(43)) - raft.server.log.appender.install.snapshot.enabled = false (custom)
2019-09-20 09:26:52,026 [pool-71-thread-1] INFO  impl.RaftServerImpl (ServerState.java:<init>(105)) - 871e6485-c22a-483f-9e07-d19e754685be:group-B7B310DB6120 ConfigurationManager, init=-1: [871e6485-c22a-483f-9e07-d19e754685be:192.168.36.99:41076], old=null, confs=<EMPTY_MAP>
2019-09-20 09:26:52,027 [pool-71-thread-1] INFO  server.RaftServerConfigKeys (ConfUtils.java:logGet(43)) - raft.server.storage.dir = [/workdir/hadoop-ozone/integration-test/target/test-dir/MiniOzoneClusterImpl-a33d77e5-464b-4d19-8e6b-a171e580bf0e/datanode-4/data/ratis] (custom)
2019-09-20 09:26:52,027 [pool-71-thread-1] INFO  storage.RaftStorageDirectory (RaftStorageDirectory.java:analyzeStorage(246)) - The storage directory /workdir/hadoop-ozone/integration-test/target/test-dir/MiniOzoneClusterImpl-a33d77e5-464b-4d19-8e6b-a171e580bf0e/datanode-4/data/ratis/3b950293-b23c-443d-b2c7-b7b310db6120 does not exist. Creating ...
2019-09-20 09:26:52,044 [pool-71-thread-1] INFO  storage.RaftStorageDirectory (RaftStorageDirectory.java:tryLock(328)) - Lock on /workdir/hadoop-ozone/integration-test/target/test-dir/MiniOzoneClusterImpl-a33d77e5-464b-4d19-8e6b-a171e580bf0e/datanode-4/data/ratis/3b950293-b23c-443d-b2c7-b7b310db6120/in_use.lock acquired by nodename 7145@pr-hdds-1569-p5fx8-1226042367
2019-09-20 09:26:52,070 [pool-71-thread-1] INFO  storage.RaftStorage (RaftStorage.java:format(72)) - Storage directory /workdir/hadoop-ozone/integration-test/target/test-dir/MiniOzoneClusterImpl-a33d77e5-464b-4d19-8e6b-a171e580bf0e/datanode-4/data/ratis/3b950293-b23c-443d-b2c7-b7b310db6120 has been successfully formatted.
2019-09-20 09:26:52,070 [pool-71-thread-1] INFO  ratis.ContainerStateMachine (ContainerStateMachine.java:loadSnapshot(226)) - group-B7B310DB6120: The snapshot info is null. Setting the last applied indexto:(t:0, i:~)
2019-09-20 09:26:52,070 [pool-71-thread-1] INFO  server.RaftServerConfigKeys (ConfUtils.java:logGet(43)) - raft.server.leader.election.timeout = 10s (custom)
2019-09-20 09:26:52,071 [pool-71-thread-1] INFO  server.RaftServerConfigKeys (ConfUtils.java:logGet(43)) - raft.server.log.use.memory = false (default)
2019-09-20 09:26:52,071 [pool-71-thread-1] INFO  server.RaftServerConfigKeys (ConfUtils.java:logGet(43)) - raft.server.log.purge.gap = 1000000 (custom)
2019-09-20 09:26:52,071 [pool-71-thread-1] INFO  server.RaftServerConfigKeys (ConfUtils.java:logGet(43)) - raft.server.log.appender.buffer.byte-limit = 33554432 (custom)
2019-09-20 09:26:52,071 [pool-71-thread-1] INFO  server.RaftServerConfigKeys (ConfUtils.java:logGet(43)) - raft.server.log.segment.size.max = 1048576 (custom)
2019-09-20 09:26:52,072 [pool-71-thread-1] INFO  server.RaftServerConfigKeys (ConfUtils.java:logGet(43)) - raft.server.log.segment.cache.num.max = 2 (custom)
2019-09-20 09:26:52,072 [pool-71-thread-1] INFO  segmented.SegmentedRaftLogWorker (SegmentedRaftLogWorker.java:<init>(172)) - new 871e6485-c22a-483f-9e07-d19e754685be-SegmentedRaftLogWorker:Storage Directory /workdir/hadoop-ozone/integration-test/target/test-dir/MiniOzoneClusterImpl-a33d77e5-464b-4d19-8e6b-a171e580bf0e/datanode-4/data/ratis/3b950293-b23c-443d-b2c7-b7b310db6120 for RaftStorage:Storage Directory /workdir/hadoop-ozone/integration-test/target/test-dir/MiniOzoneClusterImpl-a33d77e5-464b-4d19-8e6b-a171e580bf0e/datanode-4/data/ratis/3b950293-b23c-443d-b2c7-b7b310db6120
2019-09-20 09:26:52,072 [pool-71-thread-1] INFO  server.RaftServerConfigKeys (ConfUtils.java:logGet(43)) - raft.server.log.queue.byte-limit = 2147483647 (custom)
2019-09-20 09:26:52,072 [pool-71-thread-1] INFO  server.RaftServerConfigKeys (ConfUtils.java:logGet(43)) - raft.server.log.queue.element-limit = 1024 (custom)
2019-09-20 09:26:52,073 [pool-71-thread-1] INFO  server.RaftServerConfigKeys (ConfUtils.java:logGet(43)) - raft.server.log.segment.size.max = 1048576 (custom)
2019-09-20 09:26:52,073 [pool-71-thread-1] INFO  server.RaftServerConfigKeys (ConfUtils.java:logGet(43)) - raft.server.log.preallocated.size = 16384 (custom)
2019-09-20 09:26:52,073 [pool-71-thread-1] INFO  server.RaftServerConfigKeys (ConfUtils.java:logGet(43)) - raft.server.log.write.buffer.size = 33554432 (custom)
2019-09-20 09:26:52,073 [pool-71-thread-1] INFO  server.RaftServerConfigKeys (ConfUtils.java:logGet(43)) - raft.server.log.force.sync.num = 128 (default)
2019-09-20 09:26:52,074 [pool-71-thread-1] INFO  server.RaftServerConfigKeys (ConfUtils.java:logGet(43)) - raft.server.log.statemachine.data.sync = true (default)
2019-09-20 09:26:52,074 [pool-71-thread-1] INFO  server.RaftServerConfigKeys (ConfUtils.java:logGet(43)) - raft.server.log.statemachine.data.sync.timeout = 10s (default)
2019-09-20 09:26:52,074 [pool-71-thread-1] INFO  server.RaftServerConfigKeys (ConfUtils.java:logGet(43)) - raft.server.log.statemachine.data.sync.timeout.retry = -1 (default)
2019-09-20 09:26:52,074 [pool-71-thread-1] INFO  server.RaftServerConfigKeys (ConfUtils.java:logGet(43)) - raft.server.log.statemachine.data.caching.enabled = true (custom)
2019-09-20 09:26:52,075 [pool-71-thread-1] INFO  segmented.SegmentedRaftLogWorker (SegmentedRaftLogWorker.java:lambda$new$0(132)) - 871e6485-c22a-483f-9e07-d19e754685be-SegmentedRaftLogWorker:Storage Directory /workdir/hadoop-ozone/integration-test/target/test-dir/MiniOzoneClusterImpl-a33d77e5-464b-4d19-8e6b-a171e580bf0e/datanode-4/data/ratis/3b950293-b23c-443d-b2c7-b7b310db6120: flushIndex: setUnconditionally 0 -> -1
2019-09-20 09:26:52,075 [pool-71-thread-1] INFO  server.RaftServerConfigKeys (ConfUtils.java:logGet(43)) - raft.server.snapshot.auto.trigger.enabled = true (custom)
2019-09-20 09:26:52,076 [pool-71-thread-1] INFO  server.RaftServerConfigKeys (ConfUtils.java:logGet(43)) - raft.server.snapshot.auto.trigger.threshold = 10000 (custom)
2019-09-20 09:26:52,076 [pool-71-thread-1] INFO  server.RaftServerConfigKeys (ConfUtils.java:logGet(43)) - raft.server.retrycache.expirytime = 600000ms (custom)
2019-09-20 09:26:52,076 [pool-71-thread-1] INFO  impl.RaftServerImpl (RaftServerImpl.java:start(180)) - 871e6485-c22a-483f-9e07-d19e754685be: start group-B7B310DB6120
2019-09-20 09:26:52,077 [pool-71-thread-1] INFO  impl.RaftServerImpl (RaftServerImpl.java:setRole(171)) - 871e6485-c22a-483f-9e07-d19e754685be:group-B7B310DB6120 changes role from null to FOLLOWER at term 0 for startAsFollower
2019-09-20 09:26:52,077 [pool-71-thread-1] INFO  impl.RoleInfo (RoleInfo.java:updateAndGet(143)) - 871e6485-c22a-483f-9e07-d19e754685be: start FollowerState
2019-09-20 09:26:52,077 [pool-71-thread-1] INFO  util.JmxRegister (JmxRegister.java:tryRegister(44)) - Successfully registered JMX Bean with object name Ratis:service=RaftServer,group=group-B7B310DB6120,id=871e6485-c22a-483f-9e07-d19e754685be
2019-09-20 09:26:52,092 [RatisPipelineUtilsThread] INFO  pipeline.PipelineStateManager (PipelineStateManager.java:addPipeline(56)) - Created pipeline Pipeline[ Id: 3b950293-b23c-443d-b2c7-b7b310db6120, Nodes: 871e6485-c22a-483f-9e07-d19e754685be{ip: 192.168.36.99, host: pr-hdds-1569-p5fx8-1226042367, networkLocation: /default-rack, certSerialId: null}, Type:RATIS, Factor:ONE, State:OPEN]
2019-09-20 09:26:52,115 [grpc-default-executor-0] INFO  impl.RaftServerProxy (RaftServerProxy.java:addNew(89)) - 492ed782-6ab3-4ad9-945e-06def6ac7c96: addNew group-EFD1DD7C2943:[492ed782-6ab3-4ad9-945e-06def6ac7c96:192.168.36.99:32835] returns group-EFD1DD7C2943:java.util.concurrent.CompletableFuture@1244bc2[Not completed]
2019-09-20 09:26:52,118 [pool-49-thread-1] INFO  impl.RaftServerImpl (RaftServerImpl.java:<init>(93)) - 492ed782-6ab3-4ad9-945e-06def6ac7c96: new RaftServerImpl for group-EFD1DD7C2943:[492ed782-6ab3-4ad9-945e-06def6ac7c96:192.168.36.99:32835] with ContainerStateMachine:uninitialized
2019-09-20 09:26:52,118 [pool-49-thread-1] INFO  server.RaftServerConfigKeys (ConfUtils.java:logGet(43)) - raft.server.rpc.timeout.min = 5s (custom)
2019-09-20 09:26:52,119 [pool-49-thread-1] INFO  server.RaftServerConfigKeys (ConfUtils.java:logGet(43)) - raft.server.rpc.timeout.max = 5200ms (custom)
2019-09-20 09:26:52,119 [pool-49-thread-1] INFO  server.RaftServerConfigKeys (ConfUtils.java:logGet(43)) - raft.server.rpcslowness.timeout = 10s (custom)
2019-09-20 09:26:52,119 [pool-49-thread-1] INFO  server.RaftServerConfigKeys (ConfUtils.java:logGet(43)) - raft.server.sleep.deviation.threshold = 300 (default)
2019-09-20 09:26:52,119 [pool-49-thread-1] INFO  server.RaftServerConfigKeys (ConfUtils.java:logGet(43)) - raft.server.log.appender.install.snapshot.enabled = false (custom)
2019-09-20 09:26:52,119 [pool-49-thread-1] INFO  impl.RaftServerImpl (ServerState.java:<init>(105)) - 492ed782-6ab3-4ad9-945e-06def6ac7c96:group-EFD1DD7C2943 ConfigurationManager, init=-1: [492ed782-6ab3-4ad9-945e-06def6ac7c96:192.168.36.99:32835], old=null, confs=<EMPTY_MAP>
2019-09-20 09:26:52,120 [pool-49-thread-1] INFO  server.RaftServerConfigKeys (ConfUtils.java:logGet(43)) - raft.server.storage.dir = [/workdir/hadoop-ozone/integration-test/target/test-dir/MiniOzoneClusterImpl-a33d77e5-464b-4d19-8e6b-a171e580bf0e/datanode-2/data/ratis] (custom)
2019-09-20 09:26:52,120 [pool-49-thread-1] INFO  storage.RaftStorageDirectory (RaftStorageDirectory.java:analyzeStorage(246)) - The storage directory /workdir/hadoop-ozone/integration-test/target/test-dir/MiniOzoneClusterImpl-a33d77e5-464b-4d19-8e6b-a171e580bf0e/datanode-2/data/ratis/fb41be24-1ed6-407c-81fc-efd1dd7c2943 does not exist. Creating ...
2019-09-20 09:26:52,153 [pool-49-thread-1] INFO  storage.RaftStorageDirectory (RaftStorageDirectory.java:tryLock(328)) - Lock on /workdir/hadoop-ozone/integration-test/target/test-dir/MiniOzoneClusterImpl-a33d77e5-464b-4d19-8e6b-a171e580bf0e/datanode-2/data/ratis/fb41be24-1ed6-407c-81fc-efd1dd7c2943/in_use.lock acquired by nodename 7145@pr-hdds-1569-p5fx8-1226042367
2019-09-20 09:26:52,179 [pool-49-thread-1] INFO  storage.RaftStorage (RaftStorage.java:format(72)) - Storage directory /workdir/hadoop-ozone/integration-test/target/test-dir/MiniOzoneClusterImpl-a33d77e5-464b-4d19-8e6b-a171e580bf0e/datanode-2/data/ratis/fb41be24-1ed6-407c-81fc-efd1dd7c2943 has been successfully formatted.
2019-09-20 09:26:52,179 [pool-49-thread-1] INFO  ratis.ContainerStateMachine (ContainerStateMachine.java:loadSnapshot(226)) - group-EFD1DD7C2943: The snapshot info is null. Setting the last applied indexto:(t:0, i:~)
2019-09-20 09:26:52,179 [pool-49-thread-1] INFO  server.RaftServerConfigKeys (ConfUtils.java:logGet(43)) - raft.server.leader.election.timeout = 10s (custom)
2019-09-20 09:26:52,179 [pool-49-thread-1] INFO  server.RaftServerConfigKeys (ConfUtils.java:logGet(43)) - raft.server.log.use.memory = false (default)
2019-09-20 09:26:52,180 [pool-49-thread-1] INFO  server.RaftServerConfigKeys (ConfUtils.java:logGet(43)) - raft.server.log.purge.gap = 1000000 (custom)
2019-09-20 09:26:52,180 [pool-49-thread-1] INFO  server.RaftServerConfigKeys (ConfUtils.java:logGet(43)) - raft.server.log.appender.buffer.byte-limit = 33554432 (custom)
2019-09-20 09:26:52,180 [pool-49-thread-1] INFO  server.RaftServerConfigKeys (ConfUtils.java:logGet(43)) - raft.server.log.segment.size.max = 1048576 (custom)
2019-09-20 09:26:52,180 [pool-49-thread-1] INFO  server.RaftServerConfigKeys (ConfUtils.java:logGet(43)) - raft.server.log.segment.cache.num.max = 2 (custom)
2019-09-20 09:26:52,180 [pool-49-thread-1] INFO  segmented.SegmentedRaftLogWorker (SegmentedRaftLogWorker.java:<init>(172)) - new 492ed782-6ab3-4ad9-945e-06def6ac7c96-SegmentedRaftLogWorker:Storage Directory /workdir/hadoop-ozone/integration-test/target/test-dir/MiniOzoneClusterImpl-a33d77e5-464b-4d19-8e6b-a171e580bf0e/datanode-2/data/ratis/fb41be24-1ed6-407c-81fc-efd1dd7c2943 for RaftStorage:Storage Directory /workdir/hadoop-ozone/integration-test/target/test-dir/MiniOzoneClusterImpl-a33d77e5-464b-4d19-8e6b-a171e580bf0e/datanode-2/data/ratis/fb41be24-1ed6-407c-81fc-efd1dd7c2943
2019-09-20 09:26:52,180 [pool-49-thread-1] INFO  server.RaftServerConfigKeys (ConfUtils.java:logGet(43)) - raft.server.log.queue.byte-limit = 2147483647 (custom)
2019-09-20 09:26:52,181 [pool-49-thread-1] INFO  server.RaftServerConfigKeys (ConfUtils.java:logGet(43)) - raft.server.log.queue.element-limit = 1024 (custom)
2019-09-20 09:26:52,181 [pool-49-thread-1] INFO  server.RaftServerConfigKeys (ConfUtils.java:logGet(43)) - raft.server.log.segment.size.max = 1048576 (custom)
2019-09-20 09:26:52,181 [pool-49-thread-1] INFO  server.RaftServerConfigKeys (ConfUtils.java:logGet(43)) - raft.server.log.preallocated.size = 16384 (custom)
2019-09-20 09:26:52,181 [pool-49-thread-1] INFO  server.RaftServerConfigKeys (ConfUtils.java:logGet(43)) - raft.server.log.write.buffer.size = 33554432 (custom)
2019-09-20 09:26:52,181 [pool-49-thread-1] INFO  server.RaftServerConfigKeys (ConfUtils.java:logGet(43)) - raft.server.log.force.sync.num = 128 (default)
2019-09-20 09:26:52,181 [pool-49-thread-1] INFO  server.RaftServerConfigKeys (ConfUtils.java:logGet(43)) - raft.server.log.statemachine.data.sync = true (default)
2019-09-20 09:26:52,181 [pool-49-thread-1] INFO  server.RaftServerConfigKeys (ConfUtils.java:logGet(43)) - raft.server.log.statemachine.data.sync.timeout = 10s (default)
2019-09-20 09:26:52,182 [pool-49-thread-1] INFO  server.RaftServerConfigKeys (ConfUtils.java:logGet(43)) - raft.server.log.statemachine.data.sync.timeout.retry = -1 (default)
2019-09-20 09:26:52,182 [pool-49-thread-1] INFO  server.RaftServerConfigKeys (ConfUtils.java:logGet(43)) - raft.server.log.statemachine.data.caching.enabled = true (custom)
2019-09-20 09:26:52,182 [pool-49-thread-1] INFO  segmented.SegmentedRaftLogWorker (SegmentedRaftLogWorker.java:lambda$new$0(132)) - 492ed782-6ab3-4ad9-945e-06def6ac7c96-SegmentedRaftLogWorker:Storage Directory /workdir/hadoop-ozone/integration-test/target/test-dir/MiniOzoneClusterImpl-a33d77e5-464b-4d19-8e6b-a171e580bf0e/datanode-2/data/ratis/fb41be24-1ed6-407c-81fc-efd1dd7c2943: flushIndex: setUnconditionally 0 -> -1
2019-09-20 09:26:52,182 [pool-49-thread-1] INFO  server.RaftServerConfigKeys (ConfUtils.java:logGet(43)) - raft.server.snapshot.auto.trigger.enabled = true (custom)
2019-09-20 09:26:52,183 [pool-49-thread-1] INFO  server.RaftServerConfigKeys (ConfUtils.java:logGet(43)) - raft.server.snapshot.auto.trigger.threshold = 10000 (custom)
2019-09-20 09:26:52,183 [pool-49-thread-1] INFO  server.RaftServerConfigKeys (ConfUtils.java:logGet(43)) - raft.server.retrycache.expirytime = 600000ms (custom)
2019-09-20 09:26:52,183 [pool-49-thread-1] INFO  impl.RaftServerImpl (RaftServerImpl.java:start(180)) - 492ed782-6ab3-4ad9-945e-06def6ac7c96: start group-EFD1DD7C2943
2019-09-20 09:26:52,183 [pool-49-thread-1] INFO  impl.RaftServerImpl (RaftServerImpl.java:setRole(171)) - 492ed782-6ab3-4ad9-945e-06def6ac7c96:group-EFD1DD7C2943 changes role from null to FOLLOWER at term 0 for startAsFollower
2019-09-20 09:26:52,183 [pool-49-thread-1] INFO  impl.RoleInfo (RoleInfo.java:updateAndGet(143)) - 492ed782-6ab3-4ad9-945e-06def6ac7c96: start FollowerState
2019-09-20 09:26:52,184 [pool-49-thread-1] INFO  util.JmxRegister (JmxRegister.java:tryRegister(44)) - Successfully registered JMX Bean with object name Ratis:service=RaftServer,group=group-EFD1DD7C2943,id=492ed782-6ab3-4ad9-945e-06def6ac7c96
2019-09-20 09:26:52,198 [RatisPipelineUtilsThread] INFO  pipeline.PipelineStateManager (PipelineStateManager.java:addPipeline(56)) - Created pipeline Pipeline[ Id: fb41be24-1ed6-407c-81fc-efd1dd7c2943, Nodes: 492ed782-6ab3-4ad9-945e-06def6ac7c96{ip: 192.168.36.99, host: pr-hdds-1569-p5fx8-1226042367, networkLocation: /default-rack, certSerialId: null}, Type:RATIS, Factor:ONE, State:OPEN]
2019-09-20 09:26:52,225 [grpc-default-executor-0] INFO  impl.RaftServerProxy (RaftServerProxy.java:addNew(89)) - 871e6485-c22a-483f-9e07-d19e754685be: addNew group-CCD775D3720C:[871e6485-c22a-483f-9e07-d19e754685be:192.168.36.99:41076] returns group-CCD775D3720C:java.util.concurrent.CompletableFuture@1db5f2e1[Not completed]
2019-09-20 09:26:52,227 [pool-71-thread-1] INFO  impl.RaftServerImpl (RaftServerImpl.java:<init>(93)) - 871e6485-c22a-483f-9e07-d19e754685be: new RaftServerImpl for group-CCD775D3720C:[871e6485-c22a-483f-9e07-d19e754685be:192.168.36.99:41076] with ContainerStateMachine:uninitialized
2019-09-20 09:26:52,228 [pool-71-thread-1] INFO  server.RaftServerConfigKeys (ConfUtils.java:logGet(43)) - raft.server.rpc.timeout.min = 5s (custom)
2019-09-20 09:26:52,228 [pool-71-thread-1] INFO  server.RaftServerConfigKeys (ConfUtils.java:logGet(43)) - raft.server.rpc.timeout.max = 5200ms (custom)
2019-09-20 09:26:52,228 [pool-71-thread-1] INFO  server.RaftServerConfigKeys (ConfUtils.java:logGet(43)) - raft.server.rpcslowness.timeout = 10s (custom)
2019-09-20 09:26:52,228 [pool-71-thread-1] INFO  server.RaftServerConfigKeys (ConfUtils.java:logGet(43)) - raft.server.sleep.deviation.threshold = 300 (default)
2019-09-20 09:26:52,228 [pool-71-thread-1] INFO  server.RaftServerConfigKeys (ConfUtils.java:logGet(43)) - raft.server.log.appender.install.snapshot.enabled = false (custom)
2019-09-20 09:26:52,229 [pool-71-thread-1] INFO  impl.RaftServerImpl (ServerState.java:<init>(105)) - 871e6485-c22a-483f-9e07-d19e754685be:group-CCD775D3720C ConfigurationManager, init=-1: [871e6485-c22a-483f-9e07-d19e754685be:192.168.36.99:41076], old=null, confs=<EMPTY_MAP>
2019-09-20 09:26:52,229 [pool-71-thread-1] INFO  server.RaftServerConfigKeys (ConfUtils.java:logGet(43)) - raft.server.storage.dir = [/workdir/hadoop-ozone/integration-test/target/test-dir/MiniOzoneClusterImpl-a33d77e5-464b-4d19-8e6b-a171e580bf0e/datanode-4/data/ratis] (custom)
2019-09-20 09:26:52,229 [pool-71-thread-1] INFO  storage.RaftStorageDirectory (RaftStorageDirectory.java:analyzeStorage(246)) - The storage directory /workdir/hadoop-ozone/integration-test/target/test-dir/MiniOzoneClusterImpl-a33d77e5-464b-4d19-8e6b-a171e580bf0e/datanode-4/data/ratis/b10c5fc0-1db1-411b-a90f-ccd775d3720c does not exist. Creating ...
2019-09-20 09:26:52,246 [pool-71-thread-1] INFO  storage.RaftStorageDirectory (RaftStorageDirectory.java:tryLock(328)) - Lock on /workdir/hadoop-ozone/integration-test/target/test-dir/MiniOzoneClusterImpl-a33d77e5-464b-4d19-8e6b-a171e580bf0e/datanode-4/data/ratis/b10c5fc0-1db1-411b-a90f-ccd775d3720c/in_use.lock acquired by nodename 7145@pr-hdds-1569-p5fx8-1226042367
2019-09-20 09:26:52,271 [pool-71-thread-1] INFO  storage.RaftStorage (RaftStorage.java:format(72)) - Storage directory /workdir/hadoop-ozone/integration-test/target/test-dir/MiniOzoneClusterImpl-a33d77e5-464b-4d19-8e6b-a171e580bf0e/datanode-4/data/ratis/b10c5fc0-1db1-411b-a90f-ccd775d3720c has been successfully formatted.
2019-09-20 09:26:52,272 [pool-71-thread-1] INFO  ratis.ContainerStateMachine (ContainerStateMachine.java:loadSnapshot(226)) - group-CCD775D3720C: The snapshot info is null. Setting the last applied indexto:(t:0, i:~)
2019-09-20 09:26:52,272 [pool-71-thread-1] INFO  server.RaftServerConfigKeys (ConfUtils.java:logGet(43)) - raft.server.leader.election.timeout = 10s (custom)
2019-09-20 09:26:52,272 [pool-71-thread-1] INFO  server.RaftServerConfigKeys (ConfUtils.java:logGet(43)) - raft.server.log.use.memory = false (default)
2019-09-20 09:26:52,273 [pool-71-thread-1] INFO  server.RaftServerConfigKeys (ConfUtils.java:logGet(43)) - raft.server.log.purge.gap = 1000000 (custom)
2019-09-20 09:26:52,273 [pool-71-thread-1] INFO  server.RaftServerConfigKeys (ConfUtils.java:logGet(43)) - raft.server.log.appender.buffer.byte-limit = 33554432 (custom)
2019-09-20 09:26:52,273 [pool-71-thread-1] INFO  server.RaftServerConfigKeys (ConfUtils.java:logGet(43)) - raft.server.log.segment.size.max = 1048576 (custom)
2019-09-20 09:26:52,273 [pool-71-thread-1] INFO  server.RaftServerConfigKeys (ConfUtils.java:logGet(43)) - raft.server.log.segment.cache.num.max = 2 (custom)
2019-09-20 09:26:52,273 [pool-71-thread-1] INFO  segmented.SegmentedRaftLogWorker (SegmentedRaftLogWorker.java:<init>(172)) - new 871e6485-c22a-483f-9e07-d19e754685be-SegmentedRaftLogWorker:Storage Directory /workdir/hadoop-ozone/integration-test/target/test-dir/MiniOzoneClusterImpl-a33d77e5-464b-4d19-8e6b-a171e580bf0e/datanode-4/data/ratis/b10c5fc0-1db1-411b-a90f-ccd775d3720c for RaftStorage:Storage Directory /workdir/hadoop-ozone/integration-test/target/test-dir/MiniOzoneClusterImpl-a33d77e5-464b-4d19-8e6b-a171e580bf0e/datanode-4/data/ratis/b10c5fc0-1db1-411b-a90f-ccd775d3720c
2019-09-20 09:26:52,273 [pool-71-thread-1] INFO  server.RaftServerConfigKeys (ConfUtils.java:logGet(43)) - raft.server.log.queue.byte-limit = 2147483647 (custom)
2019-09-20 09:26:52,274 [pool-71-thread-1] INFO  server.RaftServerConfigKeys (ConfUtils.java:logGet(43)) - raft.server.log.queue.element-limit = 1024 (custom)
2019-09-20 09:26:52,274 [pool-71-thread-1] INFO  server.RaftServerConfigKeys (ConfUtils.java:logGet(43)) - raft.server.log.segment.size.max = 1048576 (custom)
2019-09-20 09:26:52,274 [pool-71-thread-1] INFO  server.RaftServerConfigKeys (ConfUtils.java:logGet(43)) - raft.server.log.preallocated.size = 16384 (custom)
2019-09-20 09:26:52,274 [pool-71-thread-1] INFO  server.RaftServerConfigKeys (ConfUtils.java:logGet(43)) - raft.server.log.write.buffer.size = 33554432 (custom)
2019-09-20 09:26:52,274 [pool-71-thread-1] INFO  server.RaftServerConfigKeys (ConfUtils.java:logGet(43)) - raft.server.log.force.sync.num = 128 (default)
2019-09-20 09:26:52,274 [pool-71-thread-1] INFO  server.RaftServerConfigKeys (ConfUtils.java:logGet(43)) - raft.server.log.statemachine.data.sync = true (default)
2019-09-20 09:26:52,275 [pool-71-thread-1] INFO  server.RaftServerConfigKeys (ConfUtils.java:logGet(43)) - raft.server.log.statemachine.data.sync.timeout = 10s (default)
2019-09-20 09:26:52,275 [pool-71-thread-1] INFO  server.RaftServerConfigKeys (ConfUtils.java:logGet(43)) - raft.server.log.statemachine.data.sync.timeout.retry = -1 (default)
2019-09-20 09:26:52,275 [pool-71-thread-1] INFO  server.RaftServerConfigKeys (ConfUtils.java:logGet(43)) - raft.server.log.statemachine.data.caching.enabled = true (custom)
2019-09-20 09:26:52,275 [pool-71-thread-1] INFO  segmented.SegmentedRaftLogWorker (SegmentedRaftLogWorker.java:lambda$new$0(132)) - 871e6485-c22a-483f-9e07-d19e754685be-SegmentedRaftLogWorker:Storage Directory /workdir/hadoop-ozone/integration-test/target/test-dir/MiniOzoneClusterImpl-a33d77e5-464b-4d19-8e6b-a171e580bf0e/datanode-4/data/ratis/b10c5fc0-1db1-411b-a90f-ccd775d3720c: flushIndex: setUnconditionally 0 -> -1
2019-09-20 09:26:52,276 [pool-71-thread-1] INFO  server.RaftServerConfigKeys (ConfUtils.java:logGet(43)) - raft.server.snapshot.auto.trigger.enabled = true (custom)
2019-09-20 09:26:52,276 [pool-71-thread-1] INFO  server.RaftServerConfigKeys (ConfUtils.java:logGet(43)) - raft.server.snapshot.auto.trigger.threshold = 10000 (custom)
2019-09-20 09:26:52,276 [pool-71-thread-1] INFO  server.RaftServerConfigKeys (ConfUtils.java:logGet(43)) - raft.server.retrycache.expirytime = 600000ms (custom)
2019-09-20 09:26:52,277 [pool-71-thread-1] INFO  impl.RaftServerImpl (RaftServerImpl.java:start(180)) - 871e6485-c22a-483f-9e07-d19e754685be: start group-CCD775D3720C
2019-09-20 09:26:52,277 [pool-71-thread-1] INFO  impl.RaftServerImpl (RaftServerImpl.java:setRole(171)) - 871e6485-c22a-483f-9e07-d19e754685be:group-CCD775D3720C changes role from null to FOLLOWER at term 0 for startAsFollower
2019-09-20 09:26:52,277 [pool-71-thread-1] INFO  impl.RoleInfo (RoleInfo.java:updateAndGet(143)) - 871e6485-c22a-483f-9e07-d19e754685be: start FollowerState
2019-09-20 09:26:52,278 [pool-71-thread-1] INFO  util.JmxRegister (JmxRegister.java:tryRegister(44)) - Successfully registered JMX Bean with object name Ratis:service=RaftServer,group=group-CCD775D3720C,id=871e6485-c22a-483f-9e07-d19e754685be
2019-09-20 09:26:52,288 [RatisPipelineUtilsThread] INFO  pipeline.PipelineStateManager (PipelineStateManager.java:addPipeline(56)) - Created pipeline Pipeline[ Id: b10c5fc0-1db1-411b-a90f-ccd775d3720c, Nodes: 871e6485-c22a-483f-9e07-d19e754685be{ip: 192.168.36.99, host: pr-hdds-1569-p5fx8-1226042367, networkLocation: /default-rack, certSerialId: null}, Type:RATIS, Factor:ONE, State:OPEN]
2019-09-20 09:26:52,303 [grpc-default-executor-0] INFO  impl.RaftServerProxy (RaftServerProxy.java:addNew(89)) - 4840c00f-91d3-4881-a20b-4d0486ca97c0: addNew group-805963563DE5:[4840c00f-91d3-4881-a20b-4d0486ca97c0:192.168.36.99:41473] returns group-805963563DE5:java.util.concurrent.CompletableFuture@2fb46612[Not completed]
2019-09-20 09:26:52,307 [pool-60-thread-1] INFO  impl.RaftServerImpl (RaftServerImpl.java:<init>(93)) - 4840c00f-91d3-4881-a20b-4d0486ca97c0: new RaftServerImpl for group-805963563DE5:[4840c00f-91d3-4881-a20b-4d0486ca97c0:192.168.36.99:41473] with ContainerStateMachine:uninitialized
2019-09-20 09:26:52,307 [pool-60-thread-1] INFO  server.RaftServerConfigKeys (ConfUtils.java:logGet(43)) - raft.server.rpc.timeout.min = 5s (custom)
2019-09-20 09:26:52,307 [pool-60-thread-1] INFO  server.RaftServerConfigKeys (ConfUtils.java:logGet(43)) - raft.server.rpc.timeout.max = 5200ms (custom)
2019-09-20 09:26:52,307 [pool-60-thread-1] INFO  server.RaftServerConfigKeys (ConfUtils.java:logGet(43)) - raft.server.rpcslowness.timeout = 10s (custom)
2019-09-20 09:26:52,308 [pool-60-thread-1] INFO  server.RaftServerConfigKeys (ConfUtils.java:logGet(43)) - raft.server.sleep.deviation.threshold = 300 (default)
2019-09-20 09:26:52,308 [pool-60-thread-1] INFO  server.RaftServerConfigKeys (ConfUtils.java:logGet(43)) - raft.server.log.appender.install.snapshot.enabled = false (custom)
2019-09-20 09:26:52,308 [pool-60-thread-1] INFO  impl.RaftServerImpl (ServerState.java:<init>(105)) - 4840c00f-91d3-4881-a20b-4d0486ca97c0:group-805963563DE5 ConfigurationManager, init=-1: [4840c00f-91d3-4881-a20b-4d0486ca97c0:192.168.36.99:41473], old=null, confs=<EMPTY_MAP>
2019-09-20 09:26:52,308 [pool-60-thread-1] INFO  server.RaftServerConfigKeys (ConfUtils.java:logGet(43)) - raft.server.storage.dir = [/workdir/hadoop-ozone/integration-test/target/test-dir/MiniOzoneClusterImpl-a33d77e5-464b-4d19-8e6b-a171e580bf0e/datanode-3/data/ratis] (custom)
2019-09-20 09:26:52,309 [pool-60-thread-1] INFO  storage.RaftStorageDirectory (RaftStorageDirectory.java:analyzeStorage(246)) - The storage directory /workdir/hadoop-ozone/integration-test/target/test-dir/MiniOzoneClusterImpl-a33d77e5-464b-4d19-8e6b-a171e580bf0e/datanode-3/data/ratis/161a2c79-545c-4b57-b23f-805963563de5 does not exist. Creating ...
2019-09-20 09:26:52,329 | INFO  | SCMAudit | user=jenkins1000 | ip=192.168.36.99 | op=SEND_HEARTBEAT {datanodeUUID=02b93e76-e4c6-4b67-b8a4-c536d9ab7224, command=[]} | ret=SUCCESS |  
2019-09-20 09:26:52,330 [pool-60-thread-1] INFO  storage.RaftStorageDirectory (RaftStorageDirectory.java:tryLock(328)) - Lock on /workdir/hadoop-ozone/integration-test/target/test-dir/MiniOzoneClusterImpl-a33d77e5-464b-4d19-8e6b-a171e580bf0e/datanode-3/data/ratis/161a2c79-545c-4b57-b23f-805963563de5/in_use.lock acquired by nodename 7145@pr-hdds-1569-p5fx8-1226042367
2019-09-20 09:26:52,380 [pool-60-thread-1] INFO  storage.RaftStorage (RaftStorage.java:format(72)) - Storage directory /workdir/hadoop-ozone/integration-test/target/test-dir/MiniOzoneClusterImpl-a33d77e5-464b-4d19-8e6b-a171e580bf0e/datanode-3/data/ratis/161a2c79-545c-4b57-b23f-805963563de5 has been successfully formatted.
2019-09-20 09:26:52,381 [pool-60-thread-1] INFO  ratis.ContainerStateMachine (ContainerStateMachine.java:loadSnapshot(226)) - group-805963563DE5: The snapshot info is null. Setting the last applied indexto:(t:0, i:~)
2019-09-20 09:26:52,381 [pool-60-thread-1] INFO  server.RaftServerConfigKeys (ConfUtils.java:logGet(43)) - raft.server.leader.election.timeout = 10s (custom)
2019-09-20 09:26:52,381 [pool-60-thread-1] INFO  server.RaftServerConfigKeys (ConfUtils.java:logGet(43)) - raft.server.log.use.memory = false (default)
2019-09-20 09:26:52,381 [pool-60-thread-1] INFO  server.RaftServerConfigKeys (ConfUtils.java:logGet(43)) - raft.server.log.purge.gap = 1000000 (custom)
2019-09-20 09:26:52,382 [pool-60-thread-1] INFO  server.RaftServerConfigKeys (ConfUtils.java:logGet(43)) - raft.server.log.appender.buffer.byte-limit = 33554432 (custom)
2019-09-20 09:26:52,382 [pool-60-thread-1] INFO  server.RaftServerConfigKeys (ConfUtils.java:logGet(43)) - raft.server.log.segment.size.max = 1048576 (custom)
2019-09-20 09:26:52,382 [pool-60-thread-1] INFO  server.RaftServerConfigKeys (ConfUtils.java:logGet(43)) - raft.server.log.segment.cache.num.max = 2 (custom)
2019-09-20 09:26:52,382 [pool-60-thread-1] INFO  segmented.SegmentedRaftLogWorker (SegmentedRaftLogWorker.java:<init>(172)) - new 4840c00f-91d3-4881-a20b-4d0486ca97c0-SegmentedRaftLogWorker:Storage Directory /workdir/hadoop-ozone/integration-test/target/test-dir/MiniOzoneClusterImpl-a33d77e5-464b-4d19-8e6b-a171e580bf0e/datanode-3/data/ratis/161a2c79-545c-4b57-b23f-805963563de5 for RaftStorage:Storage Directory /workdir/hadoop-ozone/integration-test/target/test-dir/MiniOzoneClusterImpl-a33d77e5-464b-4d19-8e6b-a171e580bf0e/datanode-3/data/ratis/161a2c79-545c-4b57-b23f-805963563de5
2019-09-20 09:26:52,383 [pool-60-thread-1] INFO  server.RaftServerConfigKeys (ConfUtils.java:logGet(43)) - raft.server.log.queue.byte-limit = 2147483647 (custom)
2019-09-20 09:26:52,383 [pool-60-thread-1] INFO  server.RaftServerConfigKeys (ConfUtils.java:logGet(43)) - raft.server.log.queue.element-limit = 1024 (custom)
2019-09-20 09:26:52,383 [pool-60-thread-1] INFO  server.RaftServerConfigKeys (ConfUtils.java:logGet(43)) - raft.server.log.segment.size.max = 1048576 (custom)
2019-09-20 09:26:52,383 [pool-60-thread-1] INFO  server.RaftServerConfigKeys (ConfUtils.java:logGet(43)) - raft.server.log.preallocated.size = 16384 (custom)
2019-09-20 09:26:52,384 [pool-60-thread-1] INFO  server.RaftServerConfigKeys (ConfUtils.java:logGet(43)) - raft.server.log.write.buffer.size = 33554432 (custom)
2019-09-20 09:26:52,384 [pool-60-thread-1] INFO  server.RaftServerConfigKeys (ConfUtils.java:logGet(43)) - raft.server.log.force.sync.num = 128 (default)
2019-09-20 09:26:52,384 [pool-60-thread-1] INFO  server.RaftServerConfigKeys (ConfUtils.java:logGet(43)) - raft.server.log.statemachine.data.sync = true (default)
2019-09-20 09:26:52,384 [pool-60-thread-1] INFO  server.RaftServerConfigKeys (ConfUtils.java:logGet(43)) - raft.server.log.statemachine.data.sync.timeout = 10s (default)
2019-09-20 09:26:52,384 [pool-60-thread-1] INFO  server.RaftServerConfigKeys (ConfUtils.java:logGet(43)) - raft.server.log.statemachine.data.sync.timeout.retry = -1 (default)
2019-09-20 09:26:52,385 [pool-60-thread-1] INFO  server.RaftServerConfigKeys (ConfUtils.java:logGet(43)) - raft.server.log.statemachine.data.caching.enabled = true (custom)
2019-09-20 09:26:52,386 [pool-60-thread-1] INFO  segmented.SegmentedRaftLogWorker (SegmentedRaftLogWorker.java:lambda$new$0(132)) - 4840c00f-91d3-4881-a20b-4d0486ca97c0-SegmentedRaftLogWorker:Storage Directory /workdir/hadoop-ozone/integration-test/target/test-dir/MiniOzoneClusterImpl-a33d77e5-464b-4d19-8e6b-a171e580bf0e/datanode-3/data/ratis/161a2c79-545c-4b57-b23f-805963563de5: flushIndex: setUnconditionally 0 -> -1
2019-09-20 09:26:52,386 [pool-60-thread-1] INFO  server.RaftServerConfigKeys (ConfUtils.java:logGet(43)) - raft.server.snapshot.auto.trigger.enabled = true (custom)
2019-09-20 09:26:52,386 [pool-60-thread-1] INFO  server.RaftServerConfigKeys (ConfUtils.java:logGet(43)) - raft.server.snapshot.auto.trigger.threshold = 10000 (custom)
2019-09-20 09:26:52,387 [pool-60-thread-1] INFO  server.RaftServerConfigKeys (ConfUtils.java:logGet(43)) - raft.server.retrycache.expirytime = 600000ms (custom)
2019-09-20 09:26:52,387 [pool-60-thread-1] INFO  impl.RaftServerImpl (RaftServerImpl.java:start(180)) - 4840c00f-91d3-4881-a20b-4d0486ca97c0: start group-805963563DE5
2019-09-20 09:26:52,387 [pool-60-thread-1] INFO  impl.RaftServerImpl (RaftServerImpl.java:setRole(171)) - 4840c00f-91d3-4881-a20b-4d0486ca97c0:group-805963563DE5 changes role from null to FOLLOWER at term 0 for startAsFollower
2019-09-20 09:26:52,387 [pool-60-thread-1] INFO  impl.RoleInfo (RoleInfo.java:updateAndGet(143)) - 4840c00f-91d3-4881-a20b-4d0486ca97c0: start FollowerState
2019-09-20 09:26:52,388 [pool-60-thread-1] INFO  util.JmxRegister (JmxRegister.java:tryRegister(44)) - Successfully registered JMX Bean with object name Ratis:service=RaftServer,group=group-805963563DE5,id=4840c00f-91d3-4881-a20b-4d0486ca97c0
2019-09-20 09:26:52,407 [RatisPipelineUtilsThread] INFO  pipeline.PipelineStateManager (PipelineStateManager.java:addPipeline(56)) - Created pipeline Pipeline[ Id: 161a2c79-545c-4b57-b23f-805963563de5, Nodes: 4840c00f-91d3-4881-a20b-4d0486ca97c0{ip: 192.168.36.99, host: pr-hdds-1569-p5fx8-1226042367, networkLocation: /default-rack, certSerialId: null}, Type:RATIS, Factor:ONE, State:OPEN]
2019-09-20 09:26:52,426 [grpc-default-executor-0] INFO  impl.RaftServerProxy (RaftServerProxy.java:addNew(89)) - fd3cd5f9-4f1c-43ea-91b1-b85a1f6c3825: addNew group-40E451E943B8:[fd3cd5f9-4f1c-43ea-91b1-b85a1f6c3825:192.168.36.99:39114] returns group-40E451E943B8:java.util.concurrent.CompletableFuture@77a1baff[Not completed]
2019-09-20 09:26:52,428 [pool-38-thread-1] INFO  impl.RaftServerImpl (RaftServerImpl.java:<init>(93)) - fd3cd5f9-4f1c-43ea-91b1-b85a1f6c3825: new RaftServerImpl for group-40E451E943B8:[fd3cd5f9-4f1c-43ea-91b1-b85a1f6c3825:192.168.36.99:39114] with ContainerStateMachine:uninitialized
2019-09-20 09:26:52,428 [pool-38-thread-1] INFO  server.RaftServerConfigKeys (ConfUtils.java:logGet(43)) - raft.server.rpc.timeout.min = 5s (custom)
2019-09-20 09:26:52,429 [pool-38-thread-1] INFO  server.RaftServerConfigKeys (ConfUtils.java:logGet(43)) - raft.server.rpc.timeout.max = 5200ms (custom)
2019-09-20 09:26:52,429 [pool-38-thread-1] INFO  server.RaftServerConfigKeys (ConfUtils.java:logGet(43)) - raft.server.rpcslowness.timeout = 10s (custom)
2019-09-20 09:26:52,429 [pool-38-thread-1] INFO  server.RaftServerConfigKeys (ConfUtils.java:logGet(43)) - raft.server.sleep.deviation.threshold = 300 (default)
2019-09-20 09:26:52,429 [pool-38-thread-1] INFO  server.RaftServerConfigKeys (ConfUtils.java:logGet(43)) - raft.server.log.appender.install.snapshot.enabled = false (custom)
2019-09-20 09:26:52,429 [pool-38-thread-1] INFO  impl.RaftServerImpl (ServerState.java:<init>(105)) - fd3cd5f9-4f1c-43ea-91b1-b85a1f6c3825:group-40E451E943B8 ConfigurationManager, init=-1: [fd3cd5f9-4f1c-43ea-91b1-b85a1f6c3825:192.168.36.99:39114], old=null, confs=<EMPTY_MAP>
2019-09-20 09:26:52,429 [pool-38-thread-1] INFO  server.RaftServerConfigKeys (ConfUtils.java:logGet(43)) - raft.server.storage.dir = [/workdir/hadoop-ozone/integration-test/target/test-dir/MiniOzoneClusterImpl-a33d77e5-464b-4d19-8e6b-a171e580bf0e/datanode-1/data/ratis] (custom)
2019-09-20 09:26:52,430 [pool-38-thread-1] INFO  storage.RaftStorageDirectory (RaftStorageDirectory.java:analyzeStorage(246)) - The storage directory /workdir/hadoop-ozone/integration-test/target/test-dir/MiniOzoneClusterImpl-a33d77e5-464b-4d19-8e6b-a171e580bf0e/datanode-1/data/ratis/7a63119b-6b31-4225-8831-40e451e943b8 does not exist. Creating ...
2019-09-20 09:26:52,456 [pool-38-thread-1] INFO  storage.RaftStorageDirectory (RaftStorageDirectory.java:tryLock(328)) - Lock on /workdir/hadoop-ozone/integration-test/target/test-dir/MiniOzoneClusterImpl-a33d77e5-464b-4d19-8e6b-a171e580bf0e/datanode-1/data/ratis/7a63119b-6b31-4225-8831-40e451e943b8/in_use.lock acquired by nodename 7145@pr-hdds-1569-p5fx8-1226042367
2019-09-20 09:26:52,474 [pool-38-thread-1] INFO  storage.RaftStorage (RaftStorage.java:format(72)) - Storage directory /workdir/hadoop-ozone/integration-test/target/test-dir/MiniOzoneClusterImpl-a33d77e5-464b-4d19-8e6b-a171e580bf0e/datanode-1/data/ratis/7a63119b-6b31-4225-8831-40e451e943b8 has been successfully formatted.
2019-09-20 09:26:52,474 [pool-38-thread-1] INFO  ratis.ContainerStateMachine (ContainerStateMachine.java:loadSnapshot(226)) - group-40E451E943B8: The snapshot info is null. Setting the last applied indexto:(t:0, i:~)
2019-09-20 09:26:52,474 [pool-38-thread-1] INFO  server.RaftServerConfigKeys (ConfUtils.java:logGet(43)) - raft.server.leader.election.timeout = 10s (custom)
2019-09-20 09:26:52,474 [pool-38-thread-1] INFO  server.RaftServerConfigKeys (ConfUtils.java:logGet(43)) - raft.server.log.use.memory = false (default)
2019-09-20 09:26:52,474 [pool-38-thread-1] INFO  server.RaftServerConfigKeys (ConfUtils.java:logGet(43)) - raft.server.log.purge.gap = 1000000 (custom)
2019-09-20 09:26:52,475 [pool-38-thread-1] INFO  server.RaftServerConfigKeys (ConfUtils.java:logGet(43)) - raft.server.log.appender.buffer.byte-limit = 33554432 (custom)
2019-09-20 09:26:52,475 [pool-38-thread-1] INFO  server.RaftServerConfigKeys (ConfUtils.java:logGet(43)) - raft.server.log.segment.size.max = 1048576 (custom)
2019-09-20 09:26:52,475 [pool-38-thread-1] INFO  server.RaftServerConfigKeys (ConfUtils.java:logGet(43)) - raft.server.log.segment.cache.num.max = 2 (custom)
2019-09-20 09:26:52,475 [pool-38-thread-1] INFO  segmented.SegmentedRaftLogWorker (SegmentedRaftLogWorker.java:<init>(172)) - new fd3cd5f9-4f1c-43ea-91b1-b85a1f6c3825-SegmentedRaftLogWorker:Storage Directory /workdir/hadoop-ozone/integration-test/target/test-dir/MiniOzoneClusterImpl-a33d77e5-464b-4d19-8e6b-a171e580bf0e/datanode-1/data/ratis/7a63119b-6b31-4225-8831-40e451e943b8 for RaftStorage:Storage Directory /workdir/hadoop-ozone/integration-test/target/test-dir/MiniOzoneClusterImpl-a33d77e5-464b-4d19-8e6b-a171e580bf0e/datanode-1/data/ratis/7a63119b-6b31-4225-8831-40e451e943b8
2019-09-20 09:26:52,475 [pool-38-thread-1] INFO  server.RaftServerConfigKeys (ConfUtils.java:logGet(43)) - raft.server.log.queue.byte-limit = 2147483647 (custom)
2019-09-20 09:26:52,475 [pool-38-thread-1] INFO  server.RaftServerConfigKeys (ConfUtils.java:logGet(43)) - raft.server.log.queue.element-limit = 1024 (custom)
2019-09-20 09:26:52,476 [pool-38-thread-1] INFO  server.RaftServerConfigKeys (ConfUtils.java:logGet(43)) - raft.server.log.segment.size.max = 1048576 (custom)
2019-09-20 09:26:52,476 [pool-38-thread-1] INFO  server.RaftServerConfigKeys (ConfUtils.java:logGet(43)) - raft.server.log.preallocated.size = 16384 (custom)
2019-09-20 09:26:52,476 [pool-38-thread-1] INFO  server.RaftServerConfigKeys (ConfUtils.java:logGet(43)) - raft.server.log.write.buffer.size = 33554432 (custom)
2019-09-20 09:26:52,476 [pool-38-thread-1] INFO  server.RaftServerConfigKeys (ConfUtils.java:logGet(43)) - raft.server.log.force.sync.num = 128 (default)
2019-09-20 09:26:52,476 [pool-38-thread-1] INFO  server.RaftServerConfigKeys (ConfUtils.java:logGet(43)) - raft.server.log.statemachine.data.sync = true (default)
2019-09-20 09:26:52,477 [pool-38-thread-1] INFO  server.RaftServerConfigKeys (ConfUtils.java:logGet(43)) - raft.server.log.statemachine.data.sync.timeout = 10s (default)
2019-09-20 09:26:52,477 [pool-38-thread-1] INFO  server.RaftServerConfigKeys (ConfUtils.java:logGet(43)) - raft.server.log.statemachine.data.sync.timeout.retry = -1 (default)
2019-09-20 09:26:52,477 [pool-38-thread-1] INFO  server.RaftServerConfigKeys (ConfUtils.java:logGet(43)) - raft.server.log.statemachine.data.caching.enabled = true (custom)
2019-09-20 09:26:52,477 [pool-38-thread-1] INFO  segmented.SegmentedRaftLogWorker (SegmentedRaftLogWorker.java:lambda$new$0(132)) - fd3cd5f9-4f1c-43ea-91b1-b85a1f6c3825-SegmentedRaftLogWorker:Storage Directory /workdir/hadoop-ozone/integration-test/target/test-dir/MiniOzoneClusterImpl-a33d77e5-464b-4d19-8e6b-a171e580bf0e/datanode-1/data/ratis/7a63119b-6b31-4225-8831-40e451e943b8: flushIndex: setUnconditionally 0 -> -1
2019-09-20 09:26:52,478 [pool-38-thread-1] INFO  server.RaftServerConfigKeys (ConfUtils.java:logGet(43)) - raft.server.snapshot.auto.trigger.enabled = true (custom)
2019-09-20 09:26:52,478 [pool-38-thread-1] INFO  server.RaftServerConfigKeys (ConfUtils.java:logGet(43)) - raft.server.snapshot.auto.trigger.threshold = 10000 (custom)
2019-09-20 09:26:52,478 [pool-38-thread-1] INFO  server.RaftServerConfigKeys (ConfUtils.java:logGet(43)) - raft.server.retrycache.expirytime = 600000ms (custom)
2019-09-20 09:26:52,479 [pool-38-thread-1] INFO  impl.RaftServerImpl (RaftServerImpl.java:start(180)) - fd3cd5f9-4f1c-43ea-91b1-b85a1f6c3825: start group-40E451E943B8
2019-09-20 09:26:52,479 [pool-38-thread-1] INFO  impl.RaftServerImpl (RaftServerImpl.java:setRole(171)) - fd3cd5f9-4f1c-43ea-91b1-b85a1f6c3825:group-40E451E943B8 changes role from null to FOLLOWER at term 0 for startAsFollower
2019-09-20 09:26:52,479 [pool-38-thread-1] INFO  impl.RoleInfo (RoleInfo.java:updateAndGet(143)) - fd3cd5f9-4f1c-43ea-91b1-b85a1f6c3825: start FollowerState
2019-09-20 09:26:52,479 [pool-38-thread-1] INFO  util.JmxRegister (JmxRegister.java:tryRegister(44)) - Successfully registered JMX Bean with object name Ratis:service=RaftServer,group=group-40E451E943B8,id=fd3cd5f9-4f1c-43ea-91b1-b85a1f6c3825
2019-09-20 09:26:52,490 [RatisPipelineUtilsThread] INFO  pipeline.PipelineStateManager (PipelineStateManager.java:addPipeline(56)) - Created pipeline Pipeline[ Id: 7a63119b-6b31-4225-8831-40e451e943b8, Nodes: fd3cd5f9-4f1c-43ea-91b1-b85a1f6c3825{ip: 192.168.36.99, host: pr-hdds-1569-p5fx8-1226042367, networkLocation: /default-rack, certSerialId: null}, Type:RATIS, Factor:ONE, State:OPEN]
2019-09-20 09:26:52,505 [grpc-default-executor-0] INFO  impl.RaftServerProxy (RaftServerProxy.java:addNew(89)) - 02b93e76-e4c6-4b67-b8a4-c536d9ab7224: addNew group-92A9C52A7027:[02b93e76-e4c6-4b67-b8a4-c536d9ab7224:192.168.36.99:39343] returns group-92A9C52A7027:java.util.concurrent.CompletableFuture@43ea6126[Not completed]
2019-09-20 09:26:52,507 [pool-27-thread-1] INFO  impl.RaftServerImpl (RaftServerImpl.java:<init>(93)) - 02b93e76-e4c6-4b67-b8a4-c536d9ab7224: new RaftServerImpl for group-92A9C52A7027:[02b93e76-e4c6-4b67-b8a4-c536d9ab7224:192.168.36.99:39343] with ContainerStateMachine:uninitialized
2019-09-20 09:26:52,507 [pool-27-thread-1] INFO  server.RaftServerConfigKeys (ConfUtils.java:logGet(43)) - raft.server.rpc.timeout.min = 5s (custom)
2019-09-20 09:26:52,508 [pool-27-thread-1] INFO  server.RaftServerConfigKeys (ConfUtils.java:logGet(43)) - raft.server.rpc.timeout.max = 5200ms (custom)
2019-09-20 09:26:52,508 [pool-27-thread-1] INFO  server.RaftServerConfigKeys (ConfUtils.java:logGet(43)) - raft.server.rpcslowness.timeout = 10s (custom)
2019-09-20 09:26:52,508 [pool-27-thread-1] INFO  server.RaftServerConfigKeys (ConfUtils.java:logGet(43)) - raft.server.sleep.deviation.threshold = 300 (default)
2019-09-20 09:26:52,508 [pool-27-thread-1] INFO  server.RaftServerConfigKeys (ConfUtils.java:logGet(43)) - raft.server.log.appender.install.snapshot.enabled = false (custom)
2019-09-20 09:26:52,508 [pool-27-thread-1] INFO  impl.RaftServerImpl (ServerState.java:<init>(105)) - 02b93e76-e4c6-4b67-b8a4-c536d9ab7224:group-92A9C52A7027 ConfigurationManager, init=-1: [02b93e76-e4c6-4b67-b8a4-c536d9ab7224:192.168.36.99:39343], old=null, confs=<EMPTY_MAP>
2019-09-20 09:26:52,509 [pool-27-thread-1] INFO  server.RaftServerConfigKeys (ConfUtils.java:logGet(43)) - raft.server.storage.dir = [/workdir/hadoop-ozone/integration-test/target/test-dir/MiniOzoneClusterImpl-a33d77e5-464b-4d19-8e6b-a171e580bf0e/datanode-0/data/ratis] (custom)
2019-09-20 09:26:52,509 [pool-27-thread-1] INFO  storage.RaftStorageDirectory (RaftStorageDirectory.java:analyzeStorage(246)) - The storage directory /workdir/hadoop-ozone/integration-test/target/test-dir/MiniOzoneClusterImpl-a33d77e5-464b-4d19-8e6b-a171e580bf0e/datanode-0/data/ratis/ec38d59e-03fd-45de-9201-92a9c52a7027 does not exist. Creating ...
2019-09-20 09:26:52,524 [pool-27-thread-1] INFO  storage.RaftStorageDirectory (RaftStorageDirectory.java:tryLock(328)) - Lock on /workdir/hadoop-ozone/integration-test/target/test-dir/MiniOzoneClusterImpl-a33d77e5-464b-4d19-8e6b-a171e580bf0e/datanode-0/data/ratis/ec38d59e-03fd-45de-9201-92a9c52a7027/in_use.lock acquired by nodename 7145@pr-hdds-1569-p5fx8-1226042367
2019-09-20 09:26:52,541 [pool-27-thread-1] INFO  storage.RaftStorage (RaftStorage.java:format(72)) - Storage directory /workdir/hadoop-ozone/integration-test/target/test-dir/MiniOzoneClusterImpl-a33d77e5-464b-4d19-8e6b-a171e580bf0e/datanode-0/data/ratis/ec38d59e-03fd-45de-9201-92a9c52a7027 has been successfully formatted.
2019-09-20 09:26:52,541 [pool-27-thread-1] INFO  ratis.ContainerStateMachine (ContainerStateMachine.java:loadSnapshot(226)) - group-92A9C52A7027: The snapshot info is null. Setting the last applied indexto:(t:0, i:~)
2019-09-20 09:26:52,542 [pool-27-thread-1] INFO  server.RaftServerConfigKeys (ConfUtils.java:logGet(43)) - raft.server.leader.election.timeout = 10s (custom)
2019-09-20 09:26:52,542 [pool-27-thread-1] INFO  server.RaftServerConfigKeys (ConfUtils.java:logGet(43)) - raft.server.log.use.memory = false (default)
2019-09-20 09:26:52,542 [pool-27-thread-1] INFO  server.RaftServerConfigKeys (ConfUtils.java:logGet(43)) - raft.server.log.purge.gap = 1000000 (custom)
2019-09-20 09:26:52,542 [pool-27-thread-1] INFO  server.RaftServerConfigKeys (ConfUtils.java:logGet(43)) - raft.server.log.appender.buffer.byte-limit = 33554432 (custom)
2019-09-20 09:26:52,542 [pool-27-thread-1] INFO  server.RaftServerConfigKeys (ConfUtils.java:logGet(43)) - raft.server.log.segment.size.max = 1048576 (custom)
2019-09-20 09:26:52,542 [pool-27-thread-1] INFO  server.RaftServerConfigKeys (ConfUtils.java:logGet(43)) - raft.server.log.segment.cache.num.max = 2 (custom)
2019-09-20 09:26:52,543 [pool-27-thread-1] INFO  segmented.SegmentedRaftLogWorker (SegmentedRaftLogWorker.java:<init>(172)) - new 02b93e76-e4c6-4b67-b8a4-c536d9ab7224-SegmentedRaftLogWorker:Storage Directory /workdir/hadoop-ozone/integration-test/target/test-dir/MiniOzoneClusterImpl-a33d77e5-464b-4d19-8e6b-a171e580bf0e/datanode-0/data/ratis/ec38d59e-03fd-45de-9201-92a9c52a7027 for RaftStorage:Storage Directory /workdir/hadoop-ozone/integration-test/target/test-dir/MiniOzoneClusterImpl-a33d77e5-464b-4d19-8e6b-a171e580bf0e/datanode-0/data/ratis/ec38d59e-03fd-45de-9201-92a9c52a7027
2019-09-20 09:26:52,543 [pool-27-thread-1] INFO  server.RaftServerConfigKeys (ConfUtils.java:logGet(43)) - raft.server.log.queue.byte-limit = 2147483647 (custom)
2019-09-20 09:26:52,543 [pool-27-thread-1] INFO  server.RaftServerConfigKeys (ConfUtils.java:logGet(43)) - raft.server.log.queue.element-limit = 1024 (custom)
2019-09-20 09:26:52,543 [pool-27-thread-1] INFO  server.RaftServerConfigKeys (ConfUtils.java:logGet(43)) - raft.server.log.segment.size.max = 1048576 (custom)
2019-09-20 09:26:52,543 [pool-27-thread-1] INFO  server.RaftServerConfigKeys (ConfUtils.java:logGet(43)) - raft.server.log.preallocated.size = 16384 (custom)
2019-09-20 09:26:52,543 [pool-27-thread-1] INFO  server.RaftServerConfigKeys (ConfUtils.java:logGet(43)) - raft.server.log.write.buffer.size = 33554432 (custom)
2019-09-20 09:26:52,544 [pool-27-thread-1] INFO  server.RaftServerConfigKeys (ConfUtils.java:logGet(43)) - raft.server.log.force.sync.num = 128 (default)
2019-09-20 09:26:52,544 [pool-27-thread-1] INFO  server.RaftServerConfigKeys (ConfUtils.java:logGet(43)) - raft.server.log.statemachine.data.sync = true (default)
2019-09-20 09:26:52,544 [pool-27-thread-1] INFO  server.RaftServerConfigKeys (ConfUtils.java:logGet(43)) - raft.server.log.statemachine.data.sync.timeout = 10s (default)
2019-09-20 09:26:52,544 [pool-27-thread-1] INFO  server.RaftServerConfigKeys (ConfUtils.java:logGet(43)) - raft.server.log.statemachine.data.sync.timeout.retry = -1 (default)
2019-09-20 09:26:52,544 [pool-27-thread-1] INFO  server.RaftServerConfigKeys (ConfUtils.java:logGet(43)) - raft.server.log.statemachine.data.caching.enabled = true (custom)
2019-09-20 09:26:52,545 [pool-27-thread-1] INFO  segmented.SegmentedRaftLogWorker (SegmentedRaftLogWorker.java:lambda$new$0(132)) - 02b93e76-e4c6-4b67-b8a4-c536d9ab7224-SegmentedRaftLogWorker:Storage Directory /workdir/hadoop-ozone/integration-test/target/test-dir/MiniOzoneClusterImpl-a33d77e5-464b-4d19-8e6b-a171e580bf0e/datanode-0/data/ratis/ec38d59e-03fd-45de-9201-92a9c52a7027: flushIndex: setUnconditionally 0 -> -1
2019-09-20 09:26:52,545 [pool-27-thread-1] INFO  server.RaftServerConfigKeys (ConfUtils.java:logGet(43)) - raft.server.snapshot.auto.trigger.enabled = true (custom)
2019-09-20 09:26:52,545 [main] INFO  ozone.MiniOzoneClusterImpl (MiniOzoneClusterImpl.java:lambda$waitForClusterToBeReady$0(142)) - Cluster is ready. Got 6 of 6 DN Heartbeats.
2019-09-20 09:26:52,545 [pool-27-thread-1] INFO  server.RaftServerConfigKeys (ConfUtils.java:logGet(43)) - raft.server.snapshot.auto.trigger.threshold = 10000 (custom)
2019-09-20 09:26:52,547 [pool-27-thread-1] INFO  server.RaftServerConfigKeys (ConfUtils.java:logGet(43)) - raft.server.retrycache.expirytime = 600000ms (custom)
2019-09-20 09:26:52,548 [pool-27-thread-1] INFO  impl.RaftServerImpl (RaftServerImpl.java:start(180)) - 02b93e76-e4c6-4b67-b8a4-c536d9ab7224: start group-92A9C52A7027
2019-09-20 09:26:52,548 [pool-27-thread-1] INFO  impl.RaftServerImpl (RaftServerImpl.java:setRole(171)) - 02b93e76-e4c6-4b67-b8a4-c536d9ab7224:group-92A9C52A7027 changes role from null to FOLLOWER at term 0 for startAsFollower
2019-09-20 09:26:52,548 [pool-27-thread-1] INFO  impl.RoleInfo (RoleInfo.java:updateAndGet(143)) - 02b93e76-e4c6-4b67-b8a4-c536d9ab7224: start FollowerState
2019-09-20 09:26:52,549 [pool-27-thread-1] INFO  util.JmxRegister (JmxRegister.java:tryRegister(44)) - Successfully registered JMX Bean with object name Ratis:service=RaftServer,group=group-92A9C52A7027,id=02b93e76-e4c6-4b67-b8a4-c536d9ab7224
2019-09-20 09:26:52,561 [RatisPipelineUtilsThread] INFO  pipeline.PipelineStateManager (PipelineStateManager.java:addPipeline(56)) - Created pipeline Pipeline[ Id: ec38d59e-03fd-45de-9201-92a9c52a7027, Nodes: 02b93e76-e4c6-4b67-b8a4-c536d9ab7224{ip: 192.168.36.99, host: pr-hdds-1569-p5fx8-1226042367, networkLocation: /default-rack, certSerialId: null}, Type:RATIS, Factor:ONE, State:OPEN]
2019-09-20 09:26:52,575 [grpc-default-executor-0] INFO  impl.RaftServerProxy (RaftServerProxy.java:addNew(89)) - 492ed782-6ab3-4ad9-945e-06def6ac7c96: addNew group-074D0BAD7F31:[492ed782-6ab3-4ad9-945e-06def6ac7c96:192.168.36.99:32835] returns group-074D0BAD7F31:java.util.concurrent.CompletableFuture@78fac93c[Not completed]
2019-09-20 09:26:52,577 [pool-49-thread-1] INFO  impl.RaftServerImpl (RaftServerImpl.java:<init>(93)) - 492ed782-6ab3-4ad9-945e-06def6ac7c96: new RaftServerImpl for group-074D0BAD7F31:[492ed782-6ab3-4ad9-945e-06def6ac7c96:192.168.36.99:32835] with ContainerStateMachine:uninitialized
2019-09-20 09:26:52,577 [pool-49-thread-1] INFO  server.RaftServerConfigKeys (ConfUtils.java:logGet(43)) - raft.server.rpc.timeout.min = 5s (custom)
2019-09-20 09:26:52,578 [pool-49-thread-1] INFO  server.RaftServerConfigKeys (ConfUtils.java:logGet(43)) - raft.server.rpc.timeout.max = 5200ms (custom)
2019-09-20 09:26:52,578 [pool-49-thread-1] INFO  server.RaftServerConfigKeys (ConfUtils.java:logGet(43)) - raft.server.rpcslowness.timeout = 10s (custom)
2019-09-20 09:26:52,578 [pool-49-thread-1] INFO  server.RaftServerConfigKeys (ConfUtils.java:logGet(43)) - raft.server.sleep.deviation.threshold = 300 (default)
2019-09-20 09:26:52,578 [pool-49-thread-1] INFO  server.RaftServerConfigKeys (ConfUtils.java:logGet(43)) - raft.server.log.appender.install.snapshot.enabled = false (custom)
2019-09-20 09:26:52,578 [pool-49-thread-1] INFO  impl.RaftServerImpl (ServerState.java:<init>(105)) - 492ed782-6ab3-4ad9-945e-06def6ac7c96:group-074D0BAD7F31 ConfigurationManager, init=-1: [492ed782-6ab3-4ad9-945e-06def6ac7c96:192.168.36.99:32835], old=null, confs=<EMPTY_MAP>
2019-09-20 09:26:52,579 [pool-49-thread-1] INFO  server.RaftServerConfigKeys (ConfUtils.java:logGet(43)) - raft.server.storage.dir = [/workdir/hadoop-ozone/integration-test/target/test-dir/MiniOzoneClusterImpl-a33d77e5-464b-4d19-8e6b-a171e580bf0e/datanode-2/data/ratis] (custom)
2019-09-20 09:26:52,579 [pool-49-thread-1] INFO  storage.RaftStorageDirectory (RaftStorageDirectory.java:analyzeStorage(246)) - The storage directory /workdir/hadoop-ozone/integration-test/target/test-dir/MiniOzoneClusterImpl-a33d77e5-464b-4d19-8e6b-a171e580bf0e/datanode-2/data/ratis/e85e34c9-c735-4ecb-ae2c-074d0bad7f31 does not exist. Creating ...
2019-09-20 09:26:52,590 | INFO  | SCMAudit | user=jenkins1000 | ip=192.168.36.99 | op=SEND_HEARTBEAT {datanodeUUID=fd3cd5f9-4f1c-43ea-91b1-b85a1f6c3825, command=[]} | ret=SUCCESS |  
2019-09-20 09:26:52,600 [pool-49-thread-1] INFO  storage.RaftStorageDirectory (RaftStorageDirectory.java:tryLock(328)) - Lock on /workdir/hadoop-ozone/integration-test/target/test-dir/MiniOzoneClusterImpl-a33d77e5-464b-4d19-8e6b-a171e580bf0e/datanode-2/data/ratis/e85e34c9-c735-4ecb-ae2c-074d0bad7f31/in_use.lock acquired by nodename 7145@pr-hdds-1569-p5fx8-1226042367
2019-09-20 09:26:52,650 [pool-49-thread-1] INFO  storage.RaftStorage (RaftStorage.java:format(72)) - Storage directory /workdir/hadoop-ozone/integration-test/target/test-dir/MiniOzoneClusterImpl-a33d77e5-464b-4d19-8e6b-a171e580bf0e/datanode-2/data/ratis/e85e34c9-c735-4ecb-ae2c-074d0bad7f31 has been successfully formatted.
2019-09-20 09:26:52,651 [pool-49-thread-1] INFO  ratis.ContainerStateMachine (ContainerStateMachine.java:loadSnapshot(226)) - group-074D0BAD7F31: The snapshot info is null. Setting the last applied indexto:(t:0, i:~)
2019-09-20 09:26:52,651 [pool-49-thread-1] INFO  server.RaftServerConfigKeys (ConfUtils.java:logGet(43)) - raft.server.leader.election.timeout = 10s (custom)
2019-09-20 09:26:52,651 [pool-49-thread-1] INFO  server.RaftServerConfigKeys (ConfUtils.java:logGet(43)) - raft.server.log.use.memory = false (default)
2019-09-20 09:26:52,651 [pool-49-thread-1] INFO  server.RaftServerConfigKeys (ConfUtils.java:logGet(43)) - raft.server.log.purge.gap = 1000000 (custom)
2019-09-20 09:26:52,651 [pool-49-thread-1] INFO  server.RaftServerConfigKeys (ConfUtils.java:logGet(43)) - raft.server.log.appender.buffer.byte-limit = 33554432 (custom)
2019-09-20 09:26:52,652 [pool-49-thread-1] INFO  server.RaftServerConfigKeys (ConfUtils.java:logGet(43)) - raft.server.log.segment.size.max = 1048576 (custom)
2019-09-20 09:26:52,652 [pool-49-thread-1] INFO  server.RaftServerConfigKeys (ConfUtils.java:logGet(43)) - raft.server.log.segment.cache.num.max = 2 (custom)
2019-09-20 09:26:52,652 [pool-49-thread-1] INFO  segmented.SegmentedRaftLogWorker (SegmentedRaftLogWorker.java:<init>(172)) - new 492ed782-6ab3-4ad9-945e-06def6ac7c96-SegmentedRaftLogWorker:Storage Directory /workdir/hadoop-ozone/integration-test/target/test-dir/MiniOzoneClusterImpl-a33d77e5-464b-4d19-8e6b-a171e580bf0e/datanode-2/data/ratis/e85e34c9-c735-4ecb-ae2c-074d0bad7f31 for RaftStorage:Storage Directory /workdir/hadoop-ozone/integration-test/target/test-dir/MiniOzoneClusterImpl-a33d77e5-464b-4d19-8e6b-a171e580bf0e/datanode-2/data/ratis/e85e34c9-c735-4ecb-ae2c-074d0bad7f31
2019-09-20 09:26:52,652 [pool-49-thread-1] INFO  server.RaftServerConfigKeys (ConfUtils.java:logGet(43)) - raft.server.log.queue.byte-limit = 2147483647 (custom)
2019-09-20 09:26:52,652 [pool-49-thread-1] INFO  server.RaftServerConfigKeys (ConfUtils.java:logGet(43)) - raft.server.log.queue.element-limit = 1024 (custom)
2019-09-20 09:26:52,653 [pool-49-thread-1] INFO  server.RaftServerConfigKeys (ConfUtils.java:logGet(43)) - raft.server.log.segment.size.max = 1048576 (custom)
2019-09-20 09:26:52,653 [pool-49-thread-1] INFO  server.RaftServerConfigKeys (ConfUtils.java:logGet(43)) - raft.server.log.preallocated.size = 16384 (custom)
2019-09-20 09:26:52,653 [pool-49-thread-1] INFO  server.RaftServerConfigKeys (ConfUtils.java:logGet(43)) - raft.server.log.write.buffer.size = 33554432 (custom)
2019-09-20 09:26:52,653 [pool-49-thread-1] INFO  server.RaftServerConfigKeys (ConfUtils.java:logGet(43)) - raft.server.log.force.sync.num = 128 (default)
2019-09-20 09:26:52,653 [pool-49-thread-1] INFO  server.RaftServerConfigKeys (ConfUtils.java:logGet(43)) - raft.server.log.statemachine.data.sync = true (default)
2019-09-20 09:26:52,654 [pool-49-thread-1] INFO  server.RaftServerConfigKeys (ConfUtils.java:logGet(43)) - raft.server.log.statemachine.data.sync.timeout = 10s (default)
2019-09-20 09:26:52,654 [pool-49-thread-1] INFO  server.RaftServerConfigKeys (ConfUtils.java:logGet(43)) - raft.server.log.statemachine.data.sync.timeout.retry = -1 (default)
2019-09-20 09:26:52,654 [pool-49-thread-1] INFO  server.RaftServerConfigKeys (ConfUtils.java:logGet(43)) - raft.server.log.statemachine.data.caching.enabled = true (custom)
2019-09-20 09:26:52,655 [pool-49-thread-1] INFO  segmented.SegmentedRaftLogWorker (SegmentedRaftLogWorker.java:lambda$new$0(132)) - 492ed782-6ab3-4ad9-945e-06def6ac7c96-SegmentedRaftLogWorker:Storage Directory /workdir/hadoop-ozone/integration-test/target/test-dir/MiniOzoneClusterImpl-a33d77e5-464b-4d19-8e6b-a171e580bf0e/datanode-2/data/ratis/e85e34c9-c735-4ecb-ae2c-074d0bad7f31: flushIndex: setUnconditionally 0 -> -1
2019-09-20 09:26:52,655 [pool-49-thread-1] INFO  server.RaftServerConfigKeys (ConfUtils.java:logGet(43)) - raft.server.snapshot.auto.trigger.enabled = true (custom)
2019-09-20 09:26:52,655 [pool-49-thread-1] INFO  server.RaftServerConfigKeys (ConfUtils.java:logGet(43)) - raft.server.snapshot.auto.trigger.threshold = 10000 (custom)
2019-09-20 09:26:52,655 [pool-49-thread-1] INFO  server.RaftServerConfigKeys (ConfUtils.java:logGet(43)) - raft.server.retrycache.expirytime = 600000ms (custom)
2019-09-20 09:26:52,656 [pool-49-thread-1] INFO  impl.RaftServerImpl (RaftServerImpl.java:start(180)) - 492ed782-6ab3-4ad9-945e-06def6ac7c96: start group-074D0BAD7F31
2019-09-20 09:26:52,656 [pool-49-thread-1] INFO  impl.RaftServerImpl (RaftServerImpl.java:setRole(171)) - 492ed782-6ab3-4ad9-945e-06def6ac7c96:group-074D0BAD7F31 changes role from null to FOLLOWER at term 0 for startAsFollower
2019-09-20 09:26:52,656 [pool-49-thread-1] INFO  impl.RoleInfo (RoleInfo.java:updateAndGet(143)) - 492ed782-6ab3-4ad9-945e-06def6ac7c96: start FollowerState
2019-09-20 09:26:52,657 [pool-49-thread-1] INFO  util.JmxRegister (JmxRegister.java:tryRegister(44)) - Successfully registered JMX Bean with object name Ratis:service=RaftServer,group=group-074D0BAD7F31,id=492ed782-6ab3-4ad9-945e-06def6ac7c96
2019-09-20 09:26:52,668 [RatisPipelineUtilsThread] INFO  pipeline.PipelineStateManager (PipelineStateManager.java:addPipeline(56)) - Created pipeline Pipeline[ Id: e85e34c9-c735-4ecb-ae2c-074d0bad7f31, Nodes: 492ed782-6ab3-4ad9-945e-06def6ac7c96{ip: 192.168.36.99, host: pr-hdds-1569-p5fx8-1226042367, networkLocation: /default-rack, certSerialId: null}, Type:RATIS, Factor:ONE, State:OPEN]
2019-09-20 09:26:52,686 [grpc-default-executor-0] INFO  impl.RaftServerProxy (RaftServerProxy.java:addNew(89)) - 492ed782-6ab3-4ad9-945e-06def6ac7c96: addNew group-5893497E9F9D:[492ed782-6ab3-4ad9-945e-06def6ac7c96:192.168.36.99:32835] returns group-5893497E9F9D:java.util.concurrent.CompletableFuture@5da2cdaf[Not completed]
2019-09-20 09:26:52,687 [pool-49-thread-1] INFO  impl.RaftServerImpl (RaftServerImpl.java:<init>(93)) - 492ed782-6ab3-4ad9-945e-06def6ac7c96: new RaftServerImpl for group-5893497E9F9D:[492ed782-6ab3-4ad9-945e-06def6ac7c96:192.168.36.99:32835] with ContainerStateMachine:uninitialized
2019-09-20 09:26:52,688 [pool-49-thread-1] INFO  server.RaftServerConfigKeys (ConfUtils.java:logGet(43)) - raft.server.rpc.timeout.min = 5s (custom)
2019-09-20 09:26:52,688 [pool-49-thread-1] INFO  server.RaftServerConfigKeys (ConfUtils.java:logGet(43)) - raft.server.rpc.timeout.max = 5200ms (custom)
2019-09-20 09:26:52,688 [pool-49-thread-1] INFO  server.RaftServerConfigKeys (ConfUtils.java:logGet(43)) - raft.server.rpcslowness.timeout = 10s (custom)
2019-09-20 09:26:52,688 [pool-49-thread-1] INFO  server.RaftServerConfigKeys (ConfUtils.java:logGet(43)) - raft.server.sleep.deviation.threshold = 300 (default)
2019-09-20 09:26:52,688 [pool-49-thread-1] INFO  server.RaftServerConfigKeys (ConfUtils.java:logGet(43)) - raft.server.log.appender.install.snapshot.enabled = false (custom)
2019-09-20 09:26:52,689 [pool-49-thread-1] INFO  impl.RaftServerImpl (ServerState.java:<init>(105)) - 492ed782-6ab3-4ad9-945e-06def6ac7c96:group-5893497E9F9D ConfigurationManager, init=-1: [492ed782-6ab3-4ad9-945e-06def6ac7c96:192.168.36.99:32835], old=null, confs=<EMPTY_MAP>
2019-09-20 09:26:52,689 [pool-49-thread-1] INFO  server.RaftServerConfigKeys (ConfUtils.java:logGet(43)) - raft.server.storage.dir = [/workdir/hadoop-ozone/integration-test/target/test-dir/MiniOzoneClusterImpl-a33d77e5-464b-4d19-8e6b-a171e580bf0e/datanode-2/data/ratis] (custom)
2019-09-20 09:26:52,689 [pool-49-thread-1] INFO  storage.RaftStorageDirectory (RaftStorageDirectory.java:analyzeStorage(246)) - The storage directory /workdir/hadoop-ozone/integration-test/target/test-dir/MiniOzoneClusterImpl-a33d77e5-464b-4d19-8e6b-a171e580bf0e/datanode-2/data/ratis/675ef9f9-2a38-41f1-a689-5893497e9f9d does not exist. Creating ...
2019-09-20 09:26:52,709 [pool-49-thread-1] INFO  storage.RaftStorageDirectory (RaftStorageDirectory.java:tryLock(328)) - Lock on /workdir/hadoop-ozone/integration-test/target/test-dir/MiniOzoneClusterImpl-a33d77e5-464b-4d19-8e6b-a171e580bf0e/datanode-2/data/ratis/675ef9f9-2a38-41f1-a689-5893497e9f9d/in_use.lock acquired by nodename 7145@pr-hdds-1569-p5fx8-1226042367
2019-09-20 09:26:52,726 [pool-49-thread-1] INFO  storage.RaftStorage (RaftStorage.java:format(72)) - Storage directory /workdir/hadoop-ozone/integration-test/target/test-dir/MiniOzoneClusterImpl-a33d77e5-464b-4d19-8e6b-a171e580bf0e/datanode-2/data/ratis/675ef9f9-2a38-41f1-a689-5893497e9f9d has been successfully formatted.
2019-09-20 09:26:52,726 [pool-49-thread-1] INFO  ratis.ContainerStateMachine (ContainerStateMachine.java:loadSnapshot(226)) - group-5893497E9F9D: The snapshot info is null. Setting the last applied indexto:(t:0, i:~)
2019-09-20 09:26:52,727 [pool-49-thread-1] INFO  server.RaftServerConfigKeys (ConfUtils.java:logGet(43)) - raft.server.leader.election.timeout = 10s (custom)
2019-09-20 09:26:52,727 [pool-49-thread-1] INFO  server.RaftServerConfigKeys (ConfUtils.java:logGet(43)) - raft.server.log.use.memory = false (default)
2019-09-20 09:26:52,727 [pool-49-thread-1] INFO  server.RaftServerConfigKeys (ConfUtils.java:logGet(43)) - raft.server.log.purge.gap = 1000000 (custom)
2019-09-20 09:26:52,727 [pool-49-thread-1] INFO  server.RaftServerConfigKeys (ConfUtils.java:logGet(43)) - raft.server.log.appender.buffer.byte-limit = 33554432 (custom)
2019-09-20 09:26:52,727 [pool-49-thread-1] INFO  server.RaftServerConfigKeys (ConfUtils.java:logGet(43)) - raft.server.log.segment.size.max = 1048576 (custom)
2019-09-20 09:26:52,727 [pool-49-thread-1] INFO  server.RaftServerConfigKeys (ConfUtils.java:logGet(43)) - raft.server.log.segment.cache.num.max = 2 (custom)
2019-09-20 09:26:52,728 [pool-49-thread-1] INFO  segmented.SegmentedRaftLogWorker (SegmentedRaftLogWorker.java:<init>(172)) - new 492ed782-6ab3-4ad9-945e-06def6ac7c96-SegmentedRaftLogWorker:Storage Directory /workdir/hadoop-ozone/integration-test/target/test-dir/MiniOzoneClusterImpl-a33d77e5-464b-4d19-8e6b-a171e580bf0e/datanode-2/data/ratis/675ef9f9-2a38-41f1-a689-5893497e9f9d for RaftStorage:Storage Directory /workdir/hadoop-ozone/integration-test/target/test-dir/MiniOzoneClusterImpl-a33d77e5-464b-4d19-8e6b-a171e580bf0e/datanode-2/data/ratis/675ef9f9-2a38-41f1-a689-5893497e9f9d
2019-09-20 09:26:52,728 [pool-49-thread-1] INFO  server.RaftServerConfigKeys (ConfUtils.java:logGet(43)) - raft.server.log.queue.byte-limit = 2147483647 (custom)
2019-09-20 09:26:52,728 [pool-49-thread-1] INFO  server.RaftServerConfigKeys (ConfUtils.java:logGet(43)) - raft.server.log.queue.element-limit = 1024 (custom)
2019-09-20 09:26:52,728 [pool-49-thread-1] INFO  server.RaftServerConfigKeys (ConfUtils.java:logGet(43)) - raft.server.log.segment.size.max = 1048576 (custom)
2019-09-20 09:26:52,728 [pool-49-thread-1] INFO  server.RaftServerConfigKeys (ConfUtils.java:logGet(43)) - raft.server.log.preallocated.size = 16384 (custom)
2019-09-20 09:26:52,729 [pool-49-thread-1] INFO  server.RaftServerConfigKeys (ConfUtils.java:logGet(43)) - raft.server.log.write.buffer.size = 33554432 (custom)
2019-09-20 09:26:52,729 [pool-49-thread-1] INFO  server.RaftServerConfigKeys (ConfUtils.java:logGet(43)) - raft.server.log.force.sync.num = 128 (default)
2019-09-20 09:26:52,729 [pool-49-thread-1] INFO  server.RaftServerConfigKeys (ConfUtils.java:logGet(43)) - raft.server.log.statemachine.data.sync = true (default)
2019-09-20 09:26:52,729 [pool-49-thread-1] INFO  server.RaftServerConfigKeys (ConfUtils.java:logGet(43)) - raft.server.log.statemachine.data.sync.timeout = 10s (default)
2019-09-20 09:26:52,729 [pool-49-thread-1] INFO  server.RaftServerConfigKeys (ConfUtils.java:logGet(43)) - raft.server.log.statemachine.data.sync.timeout.retry = -1 (default)
2019-09-20 09:26:52,730 [pool-49-thread-1] INFO  server.RaftServerConfigKeys (ConfUtils.java:logGet(43)) - raft.server.log.statemachine.data.caching.enabled = true (custom)
2019-09-20 09:26:52,730 [pool-49-thread-1] INFO  segmented.SegmentedRaftLogWorker (SegmentedRaftLogWorker.java:lambda$new$0(132)) - 492ed782-6ab3-4ad9-945e-06def6ac7c96-SegmentedRaftLogWorker:Storage Directory /workdir/hadoop-ozone/integration-test/target/test-dir/MiniOzoneClusterImpl-a33d77e5-464b-4d19-8e6b-a171e580bf0e/datanode-2/data/ratis/675ef9f9-2a38-41f1-a689-5893497e9f9d: flushIndex: setUnconditionally 0 -> -1
2019-09-20 09:26:52,730 [pool-49-thread-1] INFO  server.RaftServerConfigKeys (ConfUtils.java:logGet(43)) - raft.server.snapshot.auto.trigger.enabled = true (custom)
2019-09-20 09:26:52,731 [pool-49-thread-1] INFO  server.RaftServerConfigKeys (ConfUtils.java:logGet(43)) - raft.server.snapshot.auto.trigger.threshold = 10000 (custom)
2019-09-20 09:26:52,731 [pool-49-thread-1] INFO  server.RaftServerConfigKeys (ConfUtils.java:logGet(43)) - raft.server.retrycache.expirytime = 600000ms (custom)
2019-09-20 09:26:52,731 [pool-49-thread-1] INFO  impl.RaftServerImpl (RaftServerImpl.java:start(180)) - 492ed782-6ab3-4ad9-945e-06def6ac7c96: start group-5893497E9F9D
2019-09-20 09:26:52,731 [pool-49-thread-1] INFO  impl.RaftServerImpl (RaftServerImpl.java:setRole(171)) - 492ed782-6ab3-4ad9-945e-06def6ac7c96:group-5893497E9F9D changes role from null to FOLLOWER at term 0 for startAsFollower
2019-09-20 09:26:52,732 [pool-49-thread-1] INFO  impl.RoleInfo (RoleInfo.java:updateAndGet(143)) - 492ed782-6ab3-4ad9-945e-06def6ac7c96: start FollowerState
2019-09-20 09:26:52,732 [pool-49-thread-1] INFO  util.JmxRegister (JmxRegister.java:tryRegister(44)) - Successfully registered JMX Bean with object name Ratis:service=RaftServer,group=group-5893497E9F9D,id=492ed782-6ab3-4ad9-945e-06def6ac7c96
2019-09-20 09:26:52,748 [RatisPipelineUtilsThread] INFO  pipeline.PipelineStateManager (PipelineStateManager.java:addPipeline(56)) - Created pipeline Pipeline[ Id: 675ef9f9-2a38-41f1-a689-5893497e9f9d, Nodes: 492ed782-6ab3-4ad9-945e-06def6ac7c96{ip: 192.168.36.99, host: pr-hdds-1569-p5fx8-1226042367, networkLocation: /default-rack, certSerialId: null}, Type:RATIS, Factor:ONE, State:OPEN]
2019-09-20 09:26:52,763 [grpc-default-executor-0] INFO  impl.RaftServerProxy (RaftServerProxy.java:addNew(89)) - 02b93e76-e4c6-4b67-b8a4-c536d9ab7224: addNew group-FB8A69D9137A:[02b93e76-e4c6-4b67-b8a4-c536d9ab7224:192.168.36.99:39343] returns group-FB8A69D9137A:java.util.concurrent.CompletableFuture@4692dc45[Not completed]
2019-09-20 09:26:52,765 [pool-27-thread-1] INFO  impl.RaftServerImpl (RaftServerImpl.java:<init>(93)) - 02b93e76-e4c6-4b67-b8a4-c536d9ab7224: new RaftServerImpl for group-FB8A69D9137A:[02b93e76-e4c6-4b67-b8a4-c536d9ab7224:192.168.36.99:39343] with ContainerStateMachine:uninitialized
2019-09-20 09:26:52,765 [pool-27-thread-1] INFO  server.RaftServerConfigKeys (ConfUtils.java:logGet(43)) - raft.server.rpc.timeout.min = 5s (custom)
2019-09-20 09:26:52,765 [pool-27-thread-1] INFO  server.RaftServerConfigKeys (ConfUtils.java:logGet(43)) - raft.server.rpc.timeout.max = 5200ms (custom)
2019-09-20 09:26:52,766 [pool-27-thread-1] INFO  server.RaftServerConfigKeys (ConfUtils.java:logGet(43)) - raft.server.rpcslowness.timeout = 10s (custom)
2019-09-20 09:26:52,766 [pool-27-thread-1] INFO  server.RaftServerConfigKeys (ConfUtils.java:logGet(43)) - raft.server.sleep.deviation.threshold = 300 (default)
2019-09-20 09:26:52,766 [pool-27-thread-1] INFO  server.RaftServerConfigKeys (ConfUtils.java:logGet(43)) - raft.server.log.appender.install.snapshot.enabled = false (custom)
2019-09-20 09:26:52,766 [pool-27-thread-1] INFO  impl.RaftServerImpl (ServerState.java:<init>(105)) - 02b93e76-e4c6-4b67-b8a4-c536d9ab7224:group-FB8A69D9137A ConfigurationManager, init=-1: [02b93e76-e4c6-4b67-b8a4-c536d9ab7224:192.168.36.99:39343], old=null, confs=<EMPTY_MAP>
2019-09-20 09:26:52,766 [pool-27-thread-1] INFO  server.RaftServerConfigKeys (ConfUtils.java:logGet(43)) - raft.server.storage.dir = [/workdir/hadoop-ozone/integration-test/target/test-dir/MiniOzoneClusterImpl-a33d77e5-464b-4d19-8e6b-a171e580bf0e/datanode-0/data/ratis] (custom)
2019-09-20 09:26:52,767 [pool-27-thread-1] INFO  storage.RaftStorageDirectory (RaftStorageDirectory.java:analyzeStorage(246)) - The storage directory /workdir/hadoop-ozone/integration-test/target/test-dir/MiniOzoneClusterImpl-a33d77e5-464b-4d19-8e6b-a171e580bf0e/datanode-0/data/ratis/af003c17-77a7-4ac0-8079-fb8a69d9137a does not exist. Creating ...
2019-09-20 09:26:52,785 [pool-27-thread-1] INFO  storage.RaftStorageDirectory (RaftStorageDirectory.java:tryLock(328)) - Lock on /workdir/hadoop-ozone/integration-test/target/test-dir/MiniOzoneClusterImpl-a33d77e5-464b-4d19-8e6b-a171e580bf0e/datanode-0/data/ratis/af003c17-77a7-4ac0-8079-fb8a69d9137a/in_use.lock acquired by nodename 7145@pr-hdds-1569-p5fx8-1226042367
2019-09-20 09:26:52,802 [pool-27-thread-1] INFO  storage.RaftStorage (RaftStorage.java:format(72)) - Storage directory /workdir/hadoop-ozone/integration-test/target/test-dir/MiniOzoneClusterImpl-a33d77e5-464b-4d19-8e6b-a171e580bf0e/datanode-0/data/ratis/af003c17-77a7-4ac0-8079-fb8a69d9137a has been successfully formatted.
2019-09-20 09:26:52,802 [pool-27-thread-1] INFO  ratis.ContainerStateMachine (ContainerStateMachine.java:loadSnapshot(226)) - group-FB8A69D9137A: The snapshot info is null. Setting the last applied indexto:(t:0, i:~)
2019-09-20 09:26:52,802 [pool-27-thread-1] INFO  server.RaftServerConfigKeys (ConfUtils.java:logGet(43)) - raft.server.leader.election.timeout = 10s (custom)
2019-09-20 09:26:52,803 [pool-27-thread-1] INFO  server.RaftServerConfigKeys (ConfUtils.java:logGet(43)) - raft.server.log.use.memory = false (default)
2019-09-20 09:26:52,803 [pool-27-thread-1] INFO  server.RaftServerConfigKeys (ConfUtils.java:logGet(43)) - raft.server.log.purge.gap = 1000000 (custom)
2019-09-20 09:26:52,803 [pool-27-thread-1] INFO  server.RaftServerConfigKeys (ConfUtils.java:logGet(43)) - raft.server.log.appender.buffer.byte-limit = 33554432 (custom)
2019-09-20 09:26:52,803 [pool-27-thread-1] INFO  server.RaftServerConfigKeys (ConfUtils.java:logGet(43)) - raft.server.log.segment.size.max = 1048576 (custom)
2019-09-20 09:26:52,803 [pool-27-thread-1] INFO  server.RaftServerConfigKeys (ConfUtils.java:logGet(43)) - raft.server.log.segment.cache.num.max = 2 (custom)
2019-09-20 09:26:52,804 [pool-27-thread-1] INFO  segmented.SegmentedRaftLogWorker (SegmentedRaftLogWorker.java:<init>(172)) - new 02b93e76-e4c6-4b67-b8a4-c536d9ab7224-SegmentedRaftLogWorker:Storage Directory /workdir/hadoop-ozone/integration-test/target/test-dir/MiniOzoneClusterImpl-a33d77e5-464b-4d19-8e6b-a171e580bf0e/datanode-0/data/ratis/af003c17-77a7-4ac0-8079-fb8a69d9137a for RaftStorage:Storage Directory /workdir/hadoop-ozone/integration-test/target/test-dir/MiniOzoneClusterImpl-a33d77e5-464b-4d19-8e6b-a171e580bf0e/datanode-0/data/ratis/af003c17-77a7-4ac0-8079-fb8a69d9137a
2019-09-20 09:26:52,804 [pool-27-thread-1] INFO  server.RaftServerConfigKeys (ConfUtils.java:logGet(43)) - raft.server.log.queue.byte-limit = 2147483647 (custom)
2019-09-20 09:26:52,804 [pool-27-thread-1] INFO  server.RaftServerConfigKeys (ConfUtils.java:logGet(43)) - raft.server.log.queue.element-limit = 1024 (custom)
2019-09-20 09:26:52,804 [pool-27-thread-1] INFO  server.RaftServerConfigKeys (ConfUtils.java:logGet(43)) - raft.server.log.segment.size.max = 1048576 (custom)
2019-09-20 09:26:52,804 [pool-27-thread-1] INFO  server.RaftServerConfigKeys (ConfUtils.java:logGet(43)) - raft.server.log.preallocated.size = 16384 (custom)
2019-09-20 09:26:52,805 [pool-27-thread-1] INFO  server.RaftServerConfigKeys (ConfUtils.java:logGet(43)) - raft.server.log.write.buffer.size = 33554432 (custom)
2019-09-20 09:26:52,805 [pool-27-thread-1] INFO  server.RaftServerConfigKeys (ConfUtils.java:logGet(43)) - raft.server.log.force.sync.num = 128 (default)
2019-09-20 09:26:52,805 [pool-27-thread-1] INFO  server.RaftServerConfigKeys (ConfUtils.java:logGet(43)) - raft.server.log.statemachine.data.sync = true (default)
2019-09-20 09:26:52,805 [pool-27-thread-1] INFO  server.RaftServerConfigKeys (ConfUtils.java:logGet(43)) - raft.server.log.statemachine.data.sync.timeout = 10s (default)
2019-09-20 09:26:52,805 [pool-27-thread-1] INFO  server.RaftServerConfigKeys (ConfUtils.java:logGet(43)) - raft.server.log.statemachine.data.sync.timeout.retry = -1 (default)
2019-09-20 09:26:52,806 [pool-27-thread-1] INFO  server.RaftServerConfigKeys (ConfUtils.java:logGet(43)) - raft.server.log.statemachine.data.caching.enabled = true (custom)
2019-09-20 09:26:52,806 [pool-27-thread-1] INFO  segmented.SegmentedRaftLogWorker (SegmentedRaftLogWorker.java:lambda$new$0(132)) - 02b93e76-e4c6-4b67-b8a4-c536d9ab7224-SegmentedRaftLogWorker:Storage Directory /workdir/hadoop-ozone/integration-test/target/test-dir/MiniOzoneClusterImpl-a33d77e5-464b-4d19-8e6b-a171e580bf0e/datanode-0/data/ratis/af003c17-77a7-4ac0-8079-fb8a69d9137a: flushIndex: setUnconditionally 0 -> -1
2019-09-20 09:26:52,806 [pool-27-thread-1] INFO  server.RaftServerConfigKeys (ConfUtils.java:logGet(43)) - raft.server.snapshot.auto.trigger.enabled = true (custom)
2019-09-20 09:26:52,807 [pool-27-thread-1] INFO  server.RaftServerConfigKeys (ConfUtils.java:logGet(43)) - raft.server.snapshot.auto.trigger.threshold = 10000 (custom)
2019-09-20 09:26:52,807 [pool-27-thread-1] INFO  server.RaftServerConfigKeys (ConfUtils.java:logGet(43)) - raft.server.retrycache.expirytime = 600000ms (custom)
2019-09-20 09:26:52,807 [pool-27-thread-1] INFO  impl.RaftServerImpl (RaftServerImpl.java:start(180)) - 02b93e76-e4c6-4b67-b8a4-c536d9ab7224: start group-FB8A69D9137A
2019-09-20 09:26:52,807 [pool-27-thread-1] INFO  impl.RaftServerImpl (RaftServerImpl.java:setRole(171)) - 02b93e76-e4c6-4b67-b8a4-c536d9ab7224:group-FB8A69D9137A changes role from null to FOLLOWER at term 0 for startAsFollower
2019-09-20 09:26:52,808 [pool-27-thread-1] INFO  impl.RoleInfo (RoleInfo.java:updateAndGet(143)) - 02b93e76-e4c6-4b67-b8a4-c536d9ab7224: start FollowerState
2019-09-20 09:26:52,808 [pool-27-thread-1] INFO  util.JmxRegister (JmxRegister.java:tryRegister(44)) - Successfully registered JMX Bean with object name Ratis:service=RaftServer,group=group-FB8A69D9137A,id=02b93e76-e4c6-4b67-b8a4-c536d9ab7224
2019-09-20 09:26:52,820 [RatisPipelineUtilsThread] INFO  pipeline.PipelineStateManager (PipelineStateManager.java:addPipeline(56)) - Created pipeline Pipeline[ Id: af003c17-77a7-4ac0-8079-fb8a69d9137a, Nodes: 02b93e76-e4c6-4b67-b8a4-c536d9ab7224{ip: 192.168.36.99, host: pr-hdds-1569-p5fx8-1226042367, networkLocation: /default-rack, certSerialId: null}, Type:RATIS, Factor:ONE, State:OPEN]
2019-09-20 09:26:52,836 [grpc-default-executor-0] INFO  impl.RaftServerProxy (RaftServerProxy.java:addNew(89)) - 4840c00f-91d3-4881-a20b-4d0486ca97c0: addNew group-032A4519C63A:[4840c00f-91d3-4881-a20b-4d0486ca97c0:192.168.36.99:41473] returns group-032A4519C63A:java.util.concurrent.CompletableFuture@4b32ba8f[Not completed]
2019-09-20 09:26:52,838 [pool-60-thread-1] INFO  impl.RaftServerImpl (RaftServerImpl.java:<init>(93)) - 4840c00f-91d3-4881-a20b-4d0486ca97c0: new RaftServerImpl for group-032A4519C63A:[4840c00f-91d3-4881-a20b-4d0486ca97c0:192.168.36.99:41473] with ContainerStateMachine:uninitialized
2019-09-20 09:26:52,838 [pool-60-thread-1] INFO  server.RaftServerConfigKeys (ConfUtils.java:logGet(43)) - raft.server.rpc.timeout.min = 5s (custom)
2019-09-20 09:26:52,838 [pool-60-thread-1] INFO  server.RaftServerConfigKeys (ConfUtils.java:logGet(43)) - raft.server.rpc.timeout.max = 5200ms (custom)
2019-09-20 09:26:52,838 [pool-60-thread-1] INFO  server.RaftServerConfigKeys (ConfUtils.java:logGet(43)) - raft.server.rpcslowness.timeout = 10s (custom)
2019-09-20 09:26:52,839 [pool-60-thread-1] INFO  server.RaftServerConfigKeys (ConfUtils.java:logGet(43)) - raft.server.sleep.deviation.threshold = 300 (default)
2019-09-20 09:26:52,839 [pool-60-thread-1] INFO  server.RaftServerConfigKeys (ConfUtils.java:logGet(43)) - raft.server.log.appender.install.snapshot.enabled = false (custom)
2019-09-20 09:26:52,839 [pool-60-thread-1] INFO  impl.RaftServerImpl (ServerState.java:<init>(105)) - 4840c00f-91d3-4881-a20b-4d0486ca97c0:group-032A4519C63A ConfigurationManager, init=-1: [4840c00f-91d3-4881-a20b-4d0486ca97c0:192.168.36.99:41473], old=null, confs=<EMPTY_MAP>
2019-09-20 09:26:52,839 [pool-60-thread-1] INFO  server.RaftServerConfigKeys (ConfUtils.java:logGet(43)) - raft.server.storage.dir = [/workdir/hadoop-ozone/integration-test/target/test-dir/MiniOzoneClusterImpl-a33d77e5-464b-4d19-8e6b-a171e580bf0e/datanode-3/data/ratis] (custom)
2019-09-20 09:26:52,840 [pool-60-thread-1] INFO  storage.RaftStorageDirectory (RaftStorageDirectory.java:analyzeStorage(246)) - The storage directory /workdir/hadoop-ozone/integration-test/target/test-dir/MiniOzoneClusterImpl-a33d77e5-464b-4d19-8e6b-a171e580bf0e/datanode-3/data/ratis/d2156dfc-6e88-4ca6-a138-032a4519c63a does not exist. Creating ...
2019-09-20 09:26:52,877 [pool-60-thread-1] INFO  storage.RaftStorageDirectory (RaftStorageDirectory.java:tryLock(328)) - Lock on /workdir/hadoop-ozone/integration-test/target/test-dir/MiniOzoneClusterImpl-a33d77e5-464b-4d19-8e6b-a171e580bf0e/datanode-3/data/ratis/d2156dfc-6e88-4ca6-a138-032a4519c63a/in_use.lock acquired by nodename 7145@pr-hdds-1569-p5fx8-1226042367
2019-09-20 09:26:52,911 [pool-60-thread-1] INFO  storage.RaftStorage (RaftStorage.java:format(72)) - Storage directory /workdir/hadoop-ozone/integration-test/target/test-dir/MiniOzoneClusterImpl-a33d77e5-464b-4d19-8e6b-a171e580bf0e/datanode-3/data/ratis/d2156dfc-6e88-4ca6-a138-032a4519c63a has been successfully formatted.
2019-09-20 09:26:52,911 [pool-60-thread-1] INFO  ratis.ContainerStateMachine (ContainerStateMachine.java:loadSnapshot(226)) - group-032A4519C63A: The snapshot info is null. Setting the last applied indexto:(t:0, i:~)
2019-09-20 09:26:52,911 [pool-60-thread-1] INFO  server.RaftServerConfigKeys (ConfUtils.java:logGet(43)) - raft.server.leader.election.timeout = 10s (custom)
2019-09-20 09:26:52,912 [pool-60-thread-1] INFO  server.RaftServerConfigKeys (ConfUtils.java:logGet(43)) - raft.server.log.use.memory = false (default)
2019-09-20 09:26:52,912 [pool-60-thread-1] INFO  server.RaftServerConfigKeys (ConfUtils.java:logGet(43)) - raft.server.log.purge.gap = 1000000 (custom)
2019-09-20 09:26:52,912 [pool-60-thread-1] INFO  server.RaftServerConfigKeys (ConfUtils.java:logGet(43)) - raft.server.log.appender.buffer.byte-limit = 33554432 (custom)
2019-09-20 09:26:52,912 [pool-60-thread-1] INFO  server.RaftServerConfigKeys (ConfUtils.java:logGet(43)) - raft.server.log.segment.size.max = 1048576 (custom)
2019-09-20 09:26:52,912 [pool-60-thread-1] INFO  server.RaftServerConfigKeys (ConfUtils.java:logGet(43)) - raft.server.log.segment.cache.num.max = 2 (custom)
2019-09-20 09:26:52,913 [pool-60-thread-1] INFO  segmented.SegmentedRaftLogWorker (SegmentedRaftLogWorker.java:<init>(172)) - new 4840c00f-91d3-4881-a20b-4d0486ca97c0-SegmentedRaftLogWorker:Storage Directory /workdir/hadoop-ozone/integration-test/target/test-dir/MiniOzoneClusterImpl-a33d77e5-464b-4d19-8e6b-a171e580bf0e/datanode-3/data/ratis/d2156dfc-6e88-4ca6-a138-032a4519c63a for RaftStorage:Storage Directory /workdir/hadoop-ozone/integration-test/target/test-dir/MiniOzoneClusterImpl-a33d77e5-464b-4d19-8e6b-a171e580bf0e/datanode-3/data/ratis/d2156dfc-6e88-4ca6-a138-032a4519c63a
2019-09-20 09:26:52,913 [pool-60-thread-1] INFO  server.RaftServerConfigKeys (ConfUtils.java:logGet(43)) - raft.server.log.queue.byte-limit = 2147483647 (custom)
2019-09-20 09:26:52,913 [pool-60-thread-1] INFO  server.RaftServerConfigKeys (ConfUtils.java:logGet(43)) - raft.server.log.queue.element-limit = 1024 (custom)
2019-09-20 09:26:52,913 [pool-60-thread-1] INFO  server.RaftServerConfigKeys (ConfUtils.java:logGet(43)) - raft.server.log.segment.size.max = 1048576 (custom)
2019-09-20 09:26:52,914 [pool-60-thread-1] INFO  server.RaftServerConfigKeys (ConfUtils.java:logGet(43)) - raft.server.log.preallocated.size = 16384 (custom)
2019-09-20 09:26:52,914 [pool-60-thread-1] INFO  server.RaftServerConfigKeys (ConfUtils.java:logGet(43)) - raft.server.log.write.buffer.size = 33554432 (custom)
2019-09-20 09:26:52,914 [pool-60-thread-1] INFO  server.RaftServerConfigKeys (ConfUtils.java:logGet(43)) - raft.server.log.force.sync.num = 128 (default)
2019-09-20 09:26:52,914 [pool-60-thread-1] INFO  server.RaftServerConfigKeys (ConfUtils.java:logGet(43)) - raft.server.log.statemachine.data.sync = true (default)
2019-09-20 09:26:52,914 [pool-60-thread-1] INFO  server.RaftServerConfigKeys (ConfUtils.java:logGet(43)) - raft.server.log.statemachine.data.sync.timeout = 10s (default)
2019-09-20 09:26:52,914 [pool-60-thread-1] INFO  server.RaftServerConfigKeys (ConfUtils.java:logGet(43)) - raft.server.log.statemachine.data.sync.timeout.retry = -1 (default)
2019-09-20 09:26:52,915 [pool-60-thread-1] INFO  server.RaftServerConfigKeys (ConfUtils.java:logGet(43)) - raft.server.log.statemachine.data.caching.enabled = true (custom)
2019-09-20 09:26:52,915 [pool-60-thread-1] INFO  segmented.SegmentedRaftLogWorker (SegmentedRaftLogWorker.java:lambda$new$0(132)) - 4840c00f-91d3-4881-a20b-4d0486ca97c0-SegmentedRaftLogWorker:Storage Directory /workdir/hadoop-ozone/integration-test/target/test-dir/MiniOzoneClusterImpl-a33d77e5-464b-4d19-8e6b-a171e580bf0e/datanode-3/data/ratis/d2156dfc-6e88-4ca6-a138-032a4519c63a: flushIndex: setUnconditionally 0 -> -1
2019-09-20 09:26:52,916 [pool-60-thread-1] INFO  server.RaftServerConfigKeys (ConfUtils.java:logGet(43)) - raft.server.snapshot.auto.trigger.enabled = true (custom)
2019-09-20 09:26:52,916 [pool-60-thread-1] INFO  server.RaftServerConfigKeys (ConfUtils.java:logGet(43)) - raft.server.snapshot.auto.trigger.threshold = 10000 (custom)
2019-09-20 09:26:52,916 [pool-60-thread-1] INFO  server.RaftServerConfigKeys (ConfUtils.java:logGet(43)) - raft.server.retrycache.expirytime = 600000ms (custom)
2019-09-20 09:26:52,916 [pool-60-thread-1] INFO  impl.RaftServerImpl (RaftServerImpl.java:start(180)) - 4840c00f-91d3-4881-a20b-4d0486ca97c0: start group-032A4519C63A
2019-09-20 09:26:52,917 [pool-60-thread-1] INFO  impl.RaftServerImpl (RaftServerImpl.java:setRole(171)) - 4840c00f-91d3-4881-a20b-4d0486ca97c0:group-032A4519C63A changes role from null to FOLLOWER at term 0 for startAsFollower
2019-09-20 09:26:52,917 [pool-60-thread-1] INFO  impl.RoleInfo (RoleInfo.java:updateAndGet(143)) - 4840c00f-91d3-4881-a20b-4d0486ca97c0: start FollowerState
2019-09-20 09:26:52,917 [pool-60-thread-1] INFO  util.JmxRegister (JmxRegister.java:tryRegister(44)) - Successfully registered JMX Bean with object name Ratis:service=RaftServer,group=group-032A4519C63A,id=4840c00f-91d3-4881-a20b-4d0486ca97c0
2019-09-20 09:26:52,930 [RatisPipelineUtilsThread] INFO  pipeline.PipelineStateManager (PipelineStateManager.java:addPipeline(56)) - Created pipeline Pipeline[ Id: d2156dfc-6e88-4ca6-a138-032a4519c63a, Nodes: 4840c00f-91d3-4881-a20b-4d0486ca97c0{ip: 192.168.36.99, host: pr-hdds-1569-p5fx8-1226042367, networkLocation: /default-rack, certSerialId: null}, Type:RATIS, Factor:ONE, State:OPEN]
2019-09-20 09:26:52,950 [grpc-default-executor-0] INFO  impl.RaftServerProxy (RaftServerProxy.java:addNew(89)) - 871e6485-c22a-483f-9e07-d19e754685be: addNew group-9A5B578889B0:[871e6485-c22a-483f-9e07-d19e754685be:192.168.36.99:41076] returns group-9A5B578889B0:java.util.concurrent.CompletableFuture@9552a74[Not completed]
2019-09-20 09:26:52,953 [pool-71-thread-1] INFO  impl.RaftServerImpl (RaftServerImpl.java:<init>(93)) - 871e6485-c22a-483f-9e07-d19e754685be: new RaftServerImpl for group-9A5B578889B0:[871e6485-c22a-483f-9e07-d19e754685be:192.168.36.99:41076] with ContainerStateMachine:uninitialized
2019-09-20 09:26:52,953 [pool-71-thread-1] INFO  server.RaftServerConfigKeys (ConfUtils.java:logGet(43)) - raft.server.rpc.timeout.min = 5s (custom)
2019-09-20 09:26:52,953 [pool-71-thread-1] INFO  server.RaftServerConfigKeys (ConfUtils.java:logGet(43)) - raft.server.rpc.timeout.max = 5200ms (custom)
2019-09-20 09:26:52,954 [pool-71-thread-1] INFO  server.RaftServerConfigKeys (ConfUtils.java:logGet(43)) - raft.server.rpcslowness.timeout = 10s (custom)
2019-09-20 09:26:52,954 [pool-71-thread-1] INFO  server.RaftServerConfigKeys (ConfUtils.java:logGet(43)) - raft.server.sleep.deviation.threshold = 300 (default)
2019-09-20 09:26:52,954 [pool-71-thread-1] INFO  server.RaftServerConfigKeys (ConfUtils.java:logGet(43)) - raft.server.log.appender.install.snapshot.enabled = false (custom)
2019-09-20 09:26:52,954 [pool-71-thread-1] INFO  impl.RaftServerImpl (ServerState.java:<init>(105)) - 871e6485-c22a-483f-9e07-d19e754685be:group-9A5B578889B0 ConfigurationManager, init=-1: [871e6485-c22a-483f-9e07-d19e754685be:192.168.36.99:41076], old=null, confs=<EMPTY_MAP>
2019-09-20 09:26:52,955 [pool-71-thread-1] INFO  server.RaftServerConfigKeys (ConfUtils.java:logGet(43)) - raft.server.storage.dir = [/workdir/hadoop-ozone/integration-test/target/test-dir/MiniOzoneClusterImpl-a33d77e5-464b-4d19-8e6b-a171e580bf0e/datanode-4/data/ratis] (custom)
2019-09-20 09:26:52,955 [pool-71-thread-1] INFO  storage.RaftStorageDirectory (RaftStorageDirectory.java:analyzeStorage(246)) - The storage directory /workdir/hadoop-ozone/integration-test/target/test-dir/MiniOzoneClusterImpl-a33d77e5-464b-4d19-8e6b-a171e580bf0e/datanode-4/data/ratis/b8883f65-4348-47fe-a6bb-9a5b578889b0 does not exist. Creating ...
2019-09-20 09:26:52,978 [pool-71-thread-1] INFO  storage.RaftStorageDirectory (RaftStorageDirectory.java:tryLock(328)) - Lock on /workdir/hadoop-ozone/integration-test/target/test-dir/MiniOzoneClusterImpl-a33d77e5-464b-4d19-8e6b-a171e580bf0e/datanode-4/data/ratis/b8883f65-4348-47fe-a6bb-9a5b578889b0/in_use.lock acquired by nodename 7145@pr-hdds-1569-p5fx8-1226042367
2019-09-20 09:26:53,003 [pool-71-thread-1] INFO  storage.RaftStorage (RaftStorage.java:format(72)) - Storage directory /workdir/hadoop-ozone/integration-test/target/test-dir/MiniOzoneClusterImpl-a33d77e5-464b-4d19-8e6b-a171e580bf0e/datanode-4/data/ratis/b8883f65-4348-47fe-a6bb-9a5b578889b0 has been successfully formatted.
2019-09-20 09:26:53,004 [pool-71-thread-1] INFO  ratis.ContainerStateMachine (ContainerStateMachine.java:loadSnapshot(226)) - group-9A5B578889B0: The snapshot info is null. Setting the last applied indexto:(t:0, i:~)
2019-09-20 09:26:53,004 [pool-71-thread-1] INFO  server.RaftServerConfigKeys (ConfUtils.java:logGet(43)) - raft.server.leader.election.timeout = 10s (custom)
2019-09-20 09:26:53,005 [pool-71-thread-1] INFO  server.RaftServerConfigKeys (ConfUtils.java:logGet(43)) - raft.server.log.use.memory = false (default)
2019-09-20 09:26:53,005 [pool-71-thread-1] INFO  server.RaftServerConfigKeys (ConfUtils.java:logGet(43)) - raft.server.log.purge.gap = 1000000 (custom)
2019-09-20 09:26:53,005 [pool-71-thread-1] INFO  server.RaftServerConfigKeys (ConfUtils.java:logGet(43)) - raft.server.log.appender.buffer.byte-limit = 33554432 (custom)
2019-09-20 09:26:53,005 [pool-71-thread-1] INFO  server.RaftServerConfigKeys (ConfUtils.java:logGet(43)) - raft.server.log.segment.size.max = 1048576 (custom)
2019-09-20 09:26:53,006 [pool-71-thread-1] INFO  server.RaftServerConfigKeys (ConfUtils.java:logGet(43)) - raft.server.log.segment.cache.num.max = 2 (custom)
2019-09-20 09:26:53,006 [pool-71-thread-1] INFO  segmented.SegmentedRaftLogWorker (SegmentedRaftLogWorker.java:<init>(172)) - new 871e6485-c22a-483f-9e07-d19e754685be-SegmentedRaftLogWorker:Storage Directory /workdir/hadoop-ozone/integration-test/target/test-dir/MiniOzoneClusterImpl-a33d77e5-464b-4d19-8e6b-a171e580bf0e/datanode-4/data/ratis/b8883f65-4348-47fe-a6bb-9a5b578889b0 for RaftStorage:Storage Directory /workdir/hadoop-ozone/integration-test/target/test-dir/MiniOzoneClusterImpl-a33d77e5-464b-4d19-8e6b-a171e580bf0e/datanode-4/data/ratis/b8883f65-4348-47fe-a6bb-9a5b578889b0
2019-09-20 09:26:53,006 [pool-71-thread-1] INFO  server.RaftServerConfigKeys (ConfUtils.java:logGet(43)) - raft.server.log.queue.byte-limit = 2147483647 (custom)
2019-09-20 09:26:53,006 [pool-71-thread-1] INFO  server.RaftServerConfigKeys (ConfUtils.java:logGet(43)) - raft.server.log.queue.element-limit = 1024 (custom)
2019-09-20 09:26:53,006 [pool-71-thread-1] INFO  server.RaftServerConfigKeys (ConfUtils.java:logGet(43)) - raft.server.log.segment.size.max = 1048576 (custom)
2019-09-20 09:26:53,007 [pool-71-thread-1] INFO  server.RaftServerConfigKeys (ConfUtils.java:logGet(43)) - raft.server.log.preallocated.size = 16384 (custom)
2019-09-20 09:26:53,007 [pool-71-thread-1] INFO  server.RaftServerConfigKeys (ConfUtils.java:logGet(43)) - raft.server.log.write.buffer.size = 33554432 (custom)
2019-09-20 09:26:53,007 [pool-71-thread-1] INFO  server.RaftServerConfigKeys (ConfUtils.java:logGet(43)) - raft.server.log.force.sync.num = 128 (default)
2019-09-20 09:26:53,007 [pool-71-thread-1] INFO  server.RaftServerConfigKeys (ConfUtils.java:logGet(43)) - raft.server.log.statemachine.data.sync = true (default)
2019-09-20 09:26:53,007 [pool-71-thread-1] INFO  server.RaftServerConfigKeys (ConfUtils.java:logGet(43)) - raft.server.log.statemachine.data.sync.timeout = 10s (default)
2019-09-20 09:26:53,008 [pool-71-thread-1] INFO  server.RaftServerConfigKeys (ConfUtils.java:logGet(43)) - raft.server.log.statemachine.data.sync.timeout.retry = -1 (default)
2019-09-20 09:26:53,008 [pool-71-thread-1] INFO  server.RaftServerConfigKeys (ConfUtils.java:logGet(43)) - raft.server.log.statemachine.data.caching.enabled = true (custom)
2019-09-20 09:26:53,008 [pool-71-thread-1] INFO  segmented.SegmentedRaftLogWorker (SegmentedRaftLogWorker.java:lambda$new$0(132)) - 871e6485-c22a-483f-9e07-d19e754685be-SegmentedRaftLogWorker:Storage Directory /workdir/hadoop-ozone/integration-test/target/test-dir/MiniOzoneClusterImpl-a33d77e5-464b-4d19-8e6b-a171e580bf0e/datanode-4/data/ratis/b8883f65-4348-47fe-a6bb-9a5b578889b0: flushIndex: setUnconditionally 0 -> -1
2019-09-20 09:26:53,009 [pool-71-thread-1] INFO  server.RaftServerConfigKeys (ConfUtils.java:logGet(43)) - raft.server.snapshot.auto.trigger.enabled = true (custom)
2019-09-20 09:26:53,009 [pool-71-thread-1] INFO  server.RaftServerConfigKeys (ConfUtils.java:logGet(43)) - raft.server.snapshot.auto.trigger.threshold = 10000 (custom)
2019-09-20 09:26:53,009 [pool-71-thread-1] INFO  server.RaftServerConfigKeys (ConfUtils.java:logGet(43)) - raft.server.retrycache.expirytime = 600000ms (custom)
2019-09-20 09:26:53,010 [pool-71-thread-1] INFO  impl.RaftServerImpl (RaftServerImpl.java:start(180)) - 871e6485-c22a-483f-9e07-d19e754685be: start group-9A5B578889B0
2019-09-20 09:26:53,010 [pool-71-thread-1] INFO  impl.RaftServerImpl (RaftServerImpl.java:setRole(171)) - 871e6485-c22a-483f-9e07-d19e754685be:group-9A5B578889B0 changes role from null to FOLLOWER at term 0 for startAsFollower
2019-09-20 09:26:53,010 [pool-71-thread-1] INFO  impl.RoleInfo (RoleInfo.java:updateAndGet(143)) - 871e6485-c22a-483f-9e07-d19e754685be: start FollowerState
2019-09-20 09:26:53,011 [pool-71-thread-1] INFO  util.JmxRegister (JmxRegister.java:tryRegister(44)) - Successfully registered JMX Bean with object name Ratis:service=RaftServer,group=group-9A5B578889B0,id=871e6485-c22a-483f-9e07-d19e754685be
2019-09-20 09:26:53,024 [RatisPipelineUtilsThread] INFO  pipeline.PipelineStateManager (PipelineStateManager.java:addPipeline(56)) - Created pipeline Pipeline[ Id: b8883f65-4348-47fe-a6bb-9a5b578889b0, Nodes: 871e6485-c22a-483f-9e07-d19e754685be{ip: 192.168.36.99, host: pr-hdds-1569-p5fx8-1226042367, networkLocation: /default-rack, certSerialId: null}, Type:RATIS, Factor:ONE, State:OPEN]
2019-09-20 09:26:53,038 [grpc-default-executor-0] INFO  impl.RaftServerProxy (RaftServerProxy.java:addNew(89)) - 492ed782-6ab3-4ad9-945e-06def6ac7c96: addNew group-8563FE8B0A5D:[492ed782-6ab3-4ad9-945e-06def6ac7c96:192.168.36.99:32835] returns group-8563FE8B0A5D:java.util.concurrent.CompletableFuture@61e9f232[Not completed]
2019-09-20 09:26:53,043 [pool-49-thread-1] INFO  impl.RaftServerImpl (RaftServerImpl.java:<init>(93)) - 492ed782-6ab3-4ad9-945e-06def6ac7c96: new RaftServerImpl for group-8563FE8B0A5D:[492ed782-6ab3-4ad9-945e-06def6ac7c96:192.168.36.99:32835] with ContainerStateMachine:uninitialized
2019-09-20 09:26:53,044 [pool-49-thread-1] INFO  server.RaftServerConfigKeys (ConfUtils.java:logGet(43)) - raft.server.rpc.timeout.min = 5s (custom)
2019-09-20 09:26:53,044 [pool-49-thread-1] INFO  server.RaftServerConfigKeys (ConfUtils.java:logGet(43)) - raft.server.rpc.timeout.max = 5200ms (custom)
2019-09-20 09:26:53,044 [pool-49-thread-1] INFO  server.RaftServerConfigKeys (ConfUtils.java:logGet(43)) - raft.server.rpcslowness.timeout = 10s (custom)
2019-09-20 09:26:53,044 [pool-49-thread-1] INFO  server.RaftServerConfigKeys (ConfUtils.java:logGet(43)) - raft.server.sleep.deviation.threshold = 300 (default)
2019-09-20 09:26:53,045 [pool-49-thread-1] INFO  server.RaftServerConfigKeys (ConfUtils.java:logGet(43)) - raft.server.log.appender.install.snapshot.enabled = false (custom)
2019-09-20 09:26:53,045 [pool-49-thread-1] INFO  impl.RaftServerImpl (ServerState.java:<init>(105)) - 492ed782-6ab3-4ad9-945e-06def6ac7c96:group-8563FE8B0A5D ConfigurationManager, init=-1: [492ed782-6ab3-4ad9-945e-06def6ac7c96:192.168.36.99:32835], old=null, confs=<EMPTY_MAP>
2019-09-20 09:26:53,045 [pool-49-thread-1] INFO  server.RaftServerConfigKeys (ConfUtils.java:logGet(43)) - raft.server.storage.dir = [/workdir/hadoop-ozone/integration-test/target/test-dir/MiniOzoneClusterImpl-a33d77e5-464b-4d19-8e6b-a171e580bf0e/datanode-2/data/ratis] (custom)
2019-09-20 09:26:53,046 [pool-49-thread-1] INFO  storage.RaftStorageDirectory (RaftStorageDirectory.java:analyzeStorage(246)) - The storage directory /workdir/hadoop-ozone/integration-test/target/test-dir/MiniOzoneClusterImpl-a33d77e5-464b-4d19-8e6b-a171e580bf0e/datanode-2/data/ratis/d722e11f-7128-40d6-8b00-8563fe8b0a5d does not exist. Creating ...
2019-09-20 09:26:53,070 [pool-49-thread-1] INFO  storage.RaftStorageDirectory (RaftStorageDirectory.java:tryLock(328)) - Lock on /workdir/hadoop-ozone/integration-test/target/test-dir/MiniOzoneClusterImpl-a33d77e5-464b-4d19-8e6b-a171e580bf0e/datanode-2/data/ratis/d722e11f-7128-40d6-8b00-8563fe8b0a5d/in_use.lock acquired by nodename 7145@pr-hdds-1569-p5fx8-1226042367
2019-09-20 09:26:53,087 [pool-49-thread-1] INFO  storage.RaftStorage (RaftStorage.java:format(72)) - Storage directory /workdir/hadoop-ozone/integration-test/target/test-dir/MiniOzoneClusterImpl-a33d77e5-464b-4d19-8e6b-a171e580bf0e/datanode-2/data/ratis/d722e11f-7128-40d6-8b00-8563fe8b0a5d has been successfully formatted.
2019-09-20 09:26:53,088 [pool-49-thread-1] INFO  ratis.ContainerStateMachine (ContainerStateMachine.java:loadSnapshot(226)) - group-8563FE8B0A5D: The snapshot info is null. Setting the last applied indexto:(t:0, i:~)
2019-09-20 09:26:53,088 [pool-49-thread-1] INFO  server.RaftServerConfigKeys (ConfUtils.java:logGet(43)) - raft.server.leader.election.timeout = 10s (custom)
2019-09-20 09:26:53,088 [pool-49-thread-1] INFO  server.RaftServerConfigKeys (ConfUtils.java:logGet(43)) - raft.server.log.use.memory = false (default)
2019-09-20 09:26:53,089 [pool-49-thread-1] INFO  server.RaftServerConfigKeys (ConfUtils.java:logGet(43)) - raft.server.log.purge.gap = 1000000 (custom)
2019-09-20 09:26:53,089 [pool-49-thread-1] INFO  server.RaftServerConfigKeys (ConfUtils.java:logGet(43)) - raft.server.log.appender.buffer.byte-limit = 33554432 (custom)
2019-09-20 09:26:53,089 [pool-49-thread-1] INFO  server.RaftServerConfigKeys (ConfUtils.java:logGet(43)) - raft.server.log.segment.size.max = 1048576 (custom)
2019-09-20 09:26:53,089 [pool-49-thread-1] INFO  server.RaftServerConfigKeys (ConfUtils.java:logGet(43)) - raft.server.log.segment.cache.num.max = 2 (custom)
2019-09-20 09:26:53,089 [pool-49-thread-1] INFO  segmented.SegmentedRaftLogWorker (SegmentedRaftLogWorker.java:<init>(172)) - new 492ed782-6ab3-4ad9-945e-06def6ac7c96-SegmentedRaftLogWorker:Storage Directory /workdir/hadoop-ozone/integration-test/target/test-dir/MiniOzoneClusterImpl-a33d77e5-464b-4d19-8e6b-a171e580bf0e/datanode-2/data/ratis/d722e11f-7128-40d6-8b00-8563fe8b0a5d for RaftStorage:Storage Directory /workdir/hadoop-ozone/integration-test/target/test-dir/MiniOzoneClusterImpl-a33d77e5-464b-4d19-8e6b-a171e580bf0e/datanode-2/data/ratis/d722e11f-7128-40d6-8b00-8563fe8b0a5d
2019-09-20 09:26:53,090 [pool-49-thread-1] INFO  server.RaftServerConfigKeys (ConfUtils.java:logGet(43)) - raft.server.log.queue.byte-limit = 2147483647 (custom)
2019-09-20 09:26:53,090 [pool-49-thread-1] INFO  server.RaftServerConfigKeys (ConfUtils.java:logGet(43)) - raft.server.log.queue.element-limit = 1024 (custom)
2019-09-20 09:26:53,090 [pool-49-thread-1] INFO  server.RaftServerConfigKeys (ConfUtils.java:logGet(43)) - raft.server.log.segment.size.max = 1048576 (custom)
2019-09-20 09:26:53,090 [pool-49-thread-1] INFO  server.RaftServerConfigKeys (ConfUtils.java:logGet(43)) - raft.server.log.preallocated.size = 16384 (custom)
2019-09-20 09:26:53,091 [pool-49-thread-1] INFO  server.RaftServerConfigKeys (ConfUtils.java:logGet(43)) - raft.server.log.write.buffer.size = 33554432 (custom)
2019-09-20 09:26:53,091 [pool-49-thread-1] INFO  server.RaftServerConfigKeys (ConfUtils.java:logGet(43)) - raft.server.log.force.sync.num = 128 (default)
2019-09-20 09:26:53,091 [pool-49-thread-1] INFO  server.RaftServerConfigKeys (ConfUtils.java:logGet(43)) - raft.server.log.statemachine.data.sync = true (default)
2019-09-20 09:26:53,091 [pool-49-thread-1] INFO  server.RaftServerConfigKeys (ConfUtils.java:logGet(43)) - raft.server.log.statemachine.data.sync.timeout = 10s (default)
2019-09-20 09:26:53,092 [pool-49-thread-1] INFO  server.RaftServerConfigKeys (ConfUtils.java:logGet(43)) - raft.server.log.statemachine.data.sync.timeout.retry = -1 (default)
2019-09-20 09:26:53,092 [pool-49-thread-1] INFO  server.RaftServerConfigKeys (ConfUtils.java:logGet(43)) - raft.server.log.statemachine.data.caching.enabled = true (custom)
2019-09-20 09:26:53,092 [pool-49-thread-1] INFO  segmented.SegmentedRaftLogWorker (SegmentedRaftLogWorker.java:lambda$new$0(132)) - 492ed782-6ab3-4ad9-945e-06def6ac7c96-SegmentedRaftLogWorker:Storage Directory /workdir/hadoop-ozone/integration-test/target/test-dir/MiniOzoneClusterImpl-a33d77e5-464b-4d19-8e6b-a171e580bf0e/datanode-2/data/ratis/d722e11f-7128-40d6-8b00-8563fe8b0a5d: flushIndex: setUnconditionally 0 -> -1
2019-09-20 09:26:53,093 [pool-49-thread-1] INFO  server.RaftServerConfigKeys (ConfUtils.java:logGet(43)) - raft.server.snapshot.auto.trigger.enabled = true (custom)
2019-09-20 09:26:53,093 [pool-49-thread-1] INFO  server.RaftServerConfigKeys (ConfUtils.java:logGet(43)) - raft.server.snapshot.auto.trigger.threshold = 10000 (custom)
2019-09-20 09:26:53,093 [pool-49-thread-1] INFO  server.RaftServerConfigKeys (ConfUtils.java:logGet(43)) - raft.server.retrycache.expirytime = 600000ms (custom)
2019-09-20 09:26:53,094 [pool-49-thread-1] INFO  impl.RaftServerImpl (RaftServerImpl.java:start(180)) - 492ed782-6ab3-4ad9-945e-06def6ac7c96: start group-8563FE8B0A5D
2019-09-20 09:26:53,094 [pool-49-thread-1] INFO  impl.RaftServerImpl (RaftServerImpl.java:setRole(171)) - 492ed782-6ab3-4ad9-945e-06def6ac7c96:group-8563FE8B0A5D changes role from null to FOLLOWER at term 0 for startAsFollower
2019-09-20 09:26:53,094 [pool-49-thread-1] INFO  impl.RoleInfo (RoleInfo.java:updateAndGet(143)) - 492ed782-6ab3-4ad9-945e-06def6ac7c96: start FollowerState
2019-09-20 09:26:53,095 [pool-49-thread-1] INFO  util.JmxRegister (JmxRegister.java:tryRegister(44)) - Successfully registered JMX Bean with object name Ratis:service=RaftServer,group=group-8563FE8B0A5D,id=492ed782-6ab3-4ad9-945e-06def6ac7c96
2019-09-20 09:26:53,101 [RatisPipelineUtilsThread] INFO  pipeline.PipelineStateManager (PipelineStateManager.java:addPipeline(56)) - Created pipeline Pipeline[ Id: d722e11f-7128-40d6-8b00-8563fe8b0a5d, Nodes: 492ed782-6ab3-4ad9-945e-06def6ac7c96{ip: 192.168.36.99, host: pr-hdds-1569-p5fx8-1226042367, networkLocation: /default-rack, certSerialId: null}, Type:RATIS, Factor:ONE, State:OPEN]
2019-09-20 09:26:53,116 [grpc-default-executor-0] INFO  impl.RaftServerProxy (RaftServerProxy.java:addNew(89)) - fd3cd5f9-4f1c-43ea-91b1-b85a1f6c3825: addNew group-3678EC6D9D15:[fd3cd5f9-4f1c-43ea-91b1-b85a1f6c3825:192.168.36.99:39114] returns group-3678EC6D9D15:java.util.concurrent.CompletableFuture@2a5befce[Not completed]
2019-09-20 09:26:53,119 [pool-38-thread-1] INFO  impl.RaftServerImpl (RaftServerImpl.java:<init>(93)) - fd3cd5f9-4f1c-43ea-91b1-b85a1f6c3825: new RaftServerImpl for group-3678EC6D9D15:[fd3cd5f9-4f1c-43ea-91b1-b85a1f6c3825:192.168.36.99:39114] with ContainerStateMachine:uninitialized
2019-09-20 09:26:53,119 [pool-38-thread-1] INFO  server.RaftServerConfigKeys (ConfUtils.java:logGet(43)) - raft.server.rpc.timeout.min = 5s (custom)
2019-09-20 09:26:53,120 [pool-38-thread-1] INFO  server.RaftServerConfigKeys (ConfUtils.java:logGet(43)) - raft.server.rpc.timeout.max = 5200ms (custom)
2019-09-20 09:26:53,120 [pool-38-thread-1] INFO  server.RaftServerConfigKeys (ConfUtils.java:logGet(43)) - raft.server.rpcslowness.timeout = 10s (custom)
2019-09-20 09:26:53,120 [pool-38-thread-1] INFO  server.RaftServerConfigKeys (ConfUtils.java:logGet(43)) - raft.server.sleep.deviation.threshold = 300 (default)
2019-09-20 09:26:53,120 [pool-38-thread-1] INFO  server.RaftServerConfigKeys (ConfUtils.java:logGet(43)) - raft.server.log.appender.install.snapshot.enabled = false (custom)
2019-09-20 09:26:53,120 [pool-38-thread-1] INFO  impl.RaftServerImpl (ServerState.java:<init>(105)) - fd3cd5f9-4f1c-43ea-91b1-b85a1f6c3825:group-3678EC6D9D15 ConfigurationManager, init=-1: [fd3cd5f9-4f1c-43ea-91b1-b85a1f6c3825:192.168.36.99:39114], old=null, confs=<EMPTY_MAP>
2019-09-20 09:26:53,121 [pool-38-thread-1] INFO  server.RaftServerConfigKeys (ConfUtils.java:logGet(43)) - raft.server.storage.dir = [/workdir/hadoop-ozone/integration-test/target/test-dir/MiniOzoneClusterImpl-a33d77e5-464b-4d19-8e6b-a171e580bf0e/datanode-1/data/ratis] (custom)
2019-09-20 09:26:53,121 [pool-38-thread-1] INFO  storage.RaftStorageDirectory (RaftStorageDirectory.java:analyzeStorage(246)) - The storage directory /workdir/hadoop-ozone/integration-test/target/test-dir/MiniOzoneClusterImpl-a33d77e5-464b-4d19-8e6b-a171e580bf0e/datanode-1/data/ratis/49c8ea8c-df6d-40ad-8704-3678ec6d9d15 does not exist. Creating ...
2019-09-20 09:26:53,146 [pool-38-thread-1] INFO  storage.RaftStorageDirectory (RaftStorageDirectory.java:tryLock(328)) - Lock on /workdir/hadoop-ozone/integration-test/target/test-dir/MiniOzoneClusterImpl-a33d77e5-464b-4d19-8e6b-a171e580bf0e/datanode-1/data/ratis/49c8ea8c-df6d-40ad-8704-3678ec6d9d15/in_use.lock acquired by nodename 7145@pr-hdds-1569-p5fx8-1226042367
2019-09-20 09:26:53,188 [pool-38-thread-1] INFO  storage.RaftStorage (RaftStorage.java:format(72)) - Storage directory /workdir/hadoop-ozone/integration-test/target/test-dir/MiniOzoneClusterImpl-a33d77e5-464b-4d19-8e6b-a171e580bf0e/datanode-1/data/ratis/49c8ea8c-df6d-40ad-8704-3678ec6d9d15 has been successfully formatted.
2019-09-20 09:26:53,188 [pool-38-thread-1] INFO  ratis.ContainerStateMachine (ContainerStateMachine.java:loadSnapshot(226)) - group-3678EC6D9D15: The snapshot info is null. Setting the last applied indexto:(t:0, i:~)
2019-09-20 09:26:53,189 [pool-38-thread-1] INFO  server.RaftServerConfigKeys (ConfUtils.java:logGet(43)) - raft.server.leader.election.timeout = 10s (custom)
2019-09-20 09:26:53,189 [pool-38-thread-1] INFO  server.RaftServerConfigKeys (ConfUtils.java:logGet(43)) - raft.server.log.use.memory = false (default)
2019-09-20 09:26:53,189 [pool-38-thread-1] INFO  server.RaftServerConfigKeys (ConfUtils.java:logGet(43)) - raft.server.log.purge.gap = 1000000 (custom)
2019-09-20 09:26:53,189 [pool-38-thread-1] INFO  server.RaftServerConfigKeys (ConfUtils.java:logGet(43)) - raft.server.log.appender.buffer.byte-limit = 33554432 (custom)
2019-09-20 09:26:53,190 [pool-38-thread-1] INFO  server.RaftServerConfigKeys (ConfUtils.java:logGet(43)) - raft.server.log.segment.size.max = 1048576 (custom)
2019-09-20 09:26:53,190 [pool-38-thread-1] INFO  server.RaftServerConfigKeys (ConfUtils.java:logGet(43)) - raft.server.log.segment.cache.num.max = 2 (custom)
2019-09-20 09:26:53,190 [pool-38-thread-1] INFO  segmented.SegmentedRaftLogWorker (SegmentedRaftLogWorker.java:<init>(172)) - new fd3cd5f9-4f1c-43ea-91b1-b85a1f6c3825-SegmentedRaftLogWorker:Storage Directory /workdir/hadoop-ozone/integration-test/target/test-dir/MiniOzoneClusterImpl-a33d77e5-464b-4d19-8e6b-a171e580bf0e/datanode-1/data/ratis/49c8ea8c-df6d-40ad-8704-3678ec6d9d15 for RaftStorage:Storage Directory /workdir/hadoop-ozone/integration-test/target/test-dir/MiniOzoneClusterImpl-a33d77e5-464b-4d19-8e6b-a171e580bf0e/datanode-1/data/ratis/49c8ea8c-df6d-40ad-8704-3678ec6d9d15
2019-09-20 09:26:53,190 [pool-38-thread-1] INFO  server.RaftServerConfigKeys (ConfUtils.java:logGet(43)) - raft.server.log.queue.byte-limit = 2147483647 (custom)
2019-09-20 09:26:53,190 [pool-38-thread-1] INFO  server.RaftServerConfigKeys (ConfUtils.java:logGet(43)) - raft.server.log.queue.element-limit = 1024 (custom)
2019-09-20 09:26:53,191 [pool-38-thread-1] INFO  server.RaftServerConfigKeys (ConfUtils.java:logGet(43)) - raft.server.log.segment.size.max = 1048576 (custom)
2019-09-20 09:26:53,191 [pool-38-thread-1] INFO  server.RaftServerConfigKeys (ConfUtils.java:logGet(43)) - raft.server.log.preallocated.size = 16384 (custom)
2019-09-20 09:26:53,191 [pool-38-thread-1] INFO  server.RaftServerConfigKeys (ConfUtils.java:logGet(43)) - raft.server.log.write.buffer.size = 33554432 (custom)
2019-09-20 09:26:53,191 [pool-38-thread-1] INFO  server.RaftServerConfigKeys (ConfUtils.java:logGet(43)) - raft.server.log.force.sync.num = 128 (default)
2019-09-20 09:26:53,192 [pool-38-thread-1] INFO  server.RaftServerConfigKeys (ConfUtils.java:logGet(43)) - raft.server.log.statemachine.data.sync = true (default)
2019-09-20 09:26:53,192 [pool-38-thread-1] INFO  server.RaftServerConfigKeys (ConfUtils.java:logGet(43)) - raft.server.log.statemachine.data.sync.timeout = 10s (default)
2019-09-20 09:26:53,192 [pool-38-thread-1] INFO  server.RaftServerConfigKeys (ConfUtils.java:logGet(43)) - raft.server.log.statemachine.data.sync.timeout.retry = -1 (default)
2019-09-20 09:26:53,192 [pool-38-thread-1] INFO  server.RaftServerConfigKeys (ConfUtils.java:logGet(43)) - raft.server.log.statemachine.data.caching.enabled = true (custom)
2019-09-20 09:26:53,193 [pool-38-thread-1] INFO  segmented.SegmentedRaftLogWorker (SegmentedRaftLogWorker.java:lambda$new$0(132)) - fd3cd5f9-4f1c-43ea-91b1-b85a1f6c3825-SegmentedRaftLogWorker:Storage Directory /workdir/hadoop-ozone/integration-test/target/test-dir/MiniOzoneClusterImpl-a33d77e5-464b-4d19-8e6b-a171e580bf0e/datanode-1/data/ratis/49c8ea8c-df6d-40ad-8704-3678ec6d9d15: flushIndex: setUnconditionally 0 -> -1
2019-09-20 09:26:53,193 [pool-38-thread-1] INFO  server.RaftServerConfigKeys (ConfUtils.java:logGet(43)) - raft.server.snapshot.auto.trigger.enabled = true (custom)
2019-09-20 09:26:53,193 [pool-38-thread-1] INFO  server.RaftServerConfigKeys (ConfUtils.java:logGet(43)) - raft.server.snapshot.auto.trigger.threshold = 10000 (custom)
2019-09-20 09:26:53,194 [pool-38-thread-1] INFO  server.RaftServerConfigKeys (ConfUtils.java:logGet(43)) - raft.server.retrycache.expirytime = 600000ms (custom)
2019-09-20 09:26:53,194 [pool-38-thread-1] INFO  impl.RaftServerImpl (RaftServerImpl.java:start(180)) - fd3cd5f9-4f1c-43ea-91b1-b85a1f6c3825: start group-3678EC6D9D15
2019-09-20 09:26:53,194 [pool-38-thread-1] INFO  impl.RaftServerImpl (RaftServerImpl.java:setRole(171)) - fd3cd5f9-4f1c-43ea-91b1-b85a1f6c3825:group-3678EC6D9D15 changes role from null to FOLLOWER at term 0 for startAsFollower
2019-09-20 09:26:53,194 [pool-38-thread-1] INFO  impl.RoleInfo (RoleInfo.java:updateAndGet(143)) - fd3cd5f9-4f1c-43ea-91b1-b85a1f6c3825: start FollowerState
2019-09-20 09:26:53,195 [pool-38-thread-1] INFO  util.JmxRegister (JmxRegister.java:tryRegister(44)) - Successfully registered JMX Bean with object name Ratis:service=RaftServer,group=group-3678EC6D9D15,id=fd3cd5f9-4f1c-43ea-91b1-b85a1f6c3825
2019-09-20 09:26:53,202 [RatisPipelineUtilsThread] INFO  pipeline.PipelineStateManager (PipelineStateManager.java:addPipeline(56)) - Created pipeline Pipeline[ Id: 49c8ea8c-df6d-40ad-8704-3678ec6d9d15, Nodes: fd3cd5f9-4f1c-43ea-91b1-b85a1f6c3825{ip: 192.168.36.99, host: pr-hdds-1569-p5fx8-1226042367, networkLocation: /default-rack, certSerialId: null}, Type:RATIS, Factor:ONE, State:OPEN]
2019-09-20 09:26:53,215 [grpc-default-executor-0] INFO  impl.RaftServerProxy (RaftServerProxy.java:addNew(89)) - 492ed782-6ab3-4ad9-945e-06def6ac7c96: addNew group-64C1AF27C50D:[492ed782-6ab3-4ad9-945e-06def6ac7c96:192.168.36.99:32835] returns group-64C1AF27C50D:java.util.concurrent.CompletableFuture@3e9b0052[Not completed]
2019-09-20 09:26:53,217 [pool-49-thread-1] INFO  impl.RaftServerImpl (RaftServerImpl.java:<init>(93)) - 492ed782-6ab3-4ad9-945e-06def6ac7c96: new RaftServerImpl for group-64C1AF27C50D:[492ed782-6ab3-4ad9-945e-06def6ac7c96:192.168.36.99:32835] with ContainerStateMachine:uninitialized
2019-09-20 09:26:53,217 [pool-49-thread-1] INFO  server.RaftServerConfigKeys (ConfUtils.java:logGet(43)) - raft.server.rpc.timeout.min = 5s (custom)
2019-09-20 09:26:53,218 [pool-49-thread-1] INFO  server.RaftServerConfigKeys (ConfUtils.java:logGet(43)) - raft.server.rpc.timeout.max = 5200ms (custom)
2019-09-20 09:26:53,218 [pool-49-thread-1] INFO  server.RaftServerConfigKeys (ConfUtils.java:logGet(43)) - raft.server.rpcslowness.timeout = 10s (custom)
2019-09-20 09:26:53,218 [pool-49-thread-1] INFO  server.RaftServerConfigKeys (ConfUtils.java:logGet(43)) - raft.server.sleep.deviation.threshold = 300 (default)
2019-09-20 09:26:53,218 [pool-49-thread-1] INFO  server.RaftServerConfigKeys (ConfUtils.java:logGet(43)) - raft.server.log.appender.install.snapshot.enabled = false (custom)
2019-09-20 09:26:53,219 [pool-49-thread-1] INFO  impl.RaftServerImpl (ServerState.java:<init>(105)) - 492ed782-6ab3-4ad9-945e-06def6ac7c96:group-64C1AF27C50D ConfigurationManager, init=-1: [492ed782-6ab3-4ad9-945e-06def6ac7c96:192.168.36.99:32835], old=null, confs=<EMPTY_MAP>
2019-09-20 09:26:53,219 [pool-49-thread-1] INFO  server.RaftServerConfigKeys (ConfUtils.java:logGet(43)) - raft.server.storage.dir = [/workdir/hadoop-ozone/integration-test/target/test-dir/MiniOzoneClusterImpl-a33d77e5-464b-4d19-8e6b-a171e580bf0e/datanode-2/data/ratis] (custom)
2019-09-20 09:26:53,219 [pool-49-thread-1] INFO  storage.RaftStorageDirectory (RaftStorageDirectory.java:analyzeStorage(246)) - The storage directory /workdir/hadoop-ozone/integration-test/target/test-dir/MiniOzoneClusterImpl-a33d77e5-464b-4d19-8e6b-a171e580bf0e/datanode-2/data/ratis/7c561be2-85d2-470e-9595-64c1af27c50d does not exist. Creating ...
2019-09-20 09:26:53,238 [pool-49-thread-1] INFO  storage.RaftStorageDirectory (RaftStorageDirectory.java:tryLock(328)) - Lock on /workdir/hadoop-ozone/integration-test/target/test-dir/MiniOzoneClusterImpl-a33d77e5-464b-4d19-8e6b-a171e580bf0e/datanode-2/data/ratis/7c561be2-85d2-470e-9595-64c1af27c50d/in_use.lock acquired by nodename 7145@pr-hdds-1569-p5fx8-1226042367
2019-09-20 09:26:53,259 [pool-49-thread-1] INFO  storage.RaftStorage (RaftStorage.java:format(72)) - Storage directory /workdir/hadoop-ozone/integration-test/target/test-dir/MiniOzoneClusterImpl-a33d77e5-464b-4d19-8e6b-a171e580bf0e/datanode-2/data/ratis/7c561be2-85d2-470e-9595-64c1af27c50d has been successfully formatted.
2019-09-20 09:26:53,260 [pool-49-thread-1] INFO  ratis.ContainerStateMachine (ContainerStateMachine.java:loadSnapshot(226)) - group-64C1AF27C50D: The snapshot info is null. Setting the last applied indexto:(t:0, i:~)
2019-09-20 09:26:53,260 [pool-49-thread-1] INFO  server.RaftServerConfigKeys (ConfUtils.java:logGet(43)) - raft.server.leader.election.timeout = 10s (custom)
2019-09-20 09:26:53,262 [pool-49-thread-1] INFO  server.RaftServerConfigKeys (ConfUtils.java:logGet(43)) - raft.server.log.use.memory = false (default)
2019-09-20 09:26:53,263 [pool-49-thread-1] INFO  server.RaftServerConfigKeys (ConfUtils.java:logGet(43)) - raft.server.log.purge.gap = 1000000 (custom)
2019-09-20 09:26:53,263 [pool-49-thread-1] INFO  server.RaftServerConfigKeys (ConfUtils.java:logGet(43)) - raft.server.log.appender.buffer.byte-limit = 33554432 (custom)
2019-09-20 09:26:53,263 | INFO  | SCMAudit | user=jenkins1000 | ip=192.168.36.99 | op=SEND_HEARTBEAT {datanodeUUID=4840c00f-91d3-4881-a20b-4d0486ca97c0, command=[]} | ret=SUCCESS |  
2019-09-20 09:26:53,263 | INFO  | SCMAudit | user=jenkins1000 | ip=192.168.36.99 | op=SEND_HEARTBEAT {datanodeUUID=492ed782-6ab3-4ad9-945e-06def6ac7c96, command=[]} | ret=SUCCESS |  
2019-09-20 09:26:53,263 | INFO  | SCMAudit | user=jenkins1000 | ip=192.168.36.99 | op=SEND_HEARTBEAT {datanodeUUID=871e6485-c22a-483f-9e07-d19e754685be, command=[]} | ret=SUCCESS |  
2019-09-20 09:26:53,263 [pool-49-thread-1] INFO  server.RaftServerConfigKeys (ConfUtils.java:logGet(43)) - raft.server.log.segment.size.max = 1048576 (custom)
2019-09-20 09:26:53,263 [pool-49-thread-1] INFO  server.RaftServerConfigKeys (ConfUtils.java:logGet(43)) - raft.server.log.segment.cache.num.max = 2 (custom)
2019-09-20 09:26:53,264 [pool-49-thread-1] INFO  segmented.SegmentedRaftLogWorker (SegmentedRaftLogWorker.java:<init>(172)) - new 492ed782-6ab3-4ad9-945e-06def6ac7c96-SegmentedRaftLogWorker:Storage Directory /workdir/hadoop-ozone/integration-test/target/test-dir/MiniOzoneClusterImpl-a33d77e5-464b-4d19-8e6b-a171e580bf0e/datanode-2/data/ratis/7c561be2-85d2-470e-9595-64c1af27c50d for RaftStorage:Storage Directory /workdir/hadoop-ozone/integration-test/target/test-dir/MiniOzoneClusterImpl-a33d77e5-464b-4d19-8e6b-a171e580bf0e/datanode-2/data/ratis/7c561be2-85d2-470e-9595-64c1af27c50d
2019-09-20 09:26:53,264 [pool-49-thread-1] INFO  server.RaftServerConfigKeys (ConfUtils.java:logGet(43)) - raft.server.log.queue.byte-limit = 2147483647 (custom)
2019-09-20 09:26:53,264 [pool-49-thread-1] INFO  server.RaftServerConfigKeys (ConfUtils.java:logGet(43)) - raft.server.log.queue.element-limit = 1024 (custom)
2019-09-20 09:26:53,264 [pool-49-thread-1] INFO  server.RaftServerConfigKeys (ConfUtils.java:logGet(43)) - raft.server.log.segment.size.max = 1048576 (custom)
2019-09-20 09:26:53,265 [pool-49-thread-1] INFO  server.RaftServerConfigKeys (ConfUtils.java:logGet(43)) - raft.server.log.preallocated.size = 16384 (custom)
2019-09-20 09:26:53,265 [pool-49-thread-1] INFO  server.RaftServerConfigKeys (ConfUtils.java:logGet(43)) - raft.server.log.write.buffer.size = 33554432 (custom)
2019-09-20 09:26:53,265 [pool-49-thread-1] INFO  server.RaftServerConfigKeys (ConfUtils.java:logGet(43)) - raft.server.log.force.sync.num = 128 (default)
2019-09-20 09:26:53,265 [pool-49-thread-1] INFO  server.RaftServerConfigKeys (ConfUtils.java:logGet(43)) - raft.server.log.statemachine.data.sync = true (default)
2019-09-20 09:26:53,265 [pool-49-thread-1] INFO  server.RaftServerConfigKeys (ConfUtils.java:logGet(43)) - raft.server.log.statemachine.data.sync.timeout = 10s (default)
2019-09-20 09:26:53,266 [pool-49-thread-1] INFO  server.RaftServerConfigKeys (ConfUtils.java:logGet(43)) - raft.server.log.statemachine.data.sync.timeout.retry = -1 (default)
2019-09-20 09:26:53,266 [pool-49-thread-1] INFO  server.RaftServerConfigKeys (ConfUtils.java:logGet(43)) - raft.server.log.statemachine.data.caching.enabled = true (custom)
2019-09-20 09:26:53,266 [pool-49-thread-1] INFO  segmented.SegmentedRaftLogWorker (SegmentedRaftLogWorker.java:lambda$new$0(132)) - 492ed782-6ab3-4ad9-945e-06def6ac7c96-SegmentedRaftLogWorker:Storage Directory /workdir/hadoop-ozone/integration-test/target/test-dir/MiniOzoneClusterImpl-a33d77e5-464b-4d19-8e6b-a171e580bf0e/datanode-2/data/ratis/7c561be2-85d2-470e-9595-64c1af27c50d: flushIndex: setUnconditionally 0 -> -1
2019-09-20 09:26:53,267 [pool-49-thread-1] INFO  server.RaftServerConfigKeys (ConfUtils.java:logGet(43)) - raft.server.snapshot.auto.trigger.enabled = true (custom)
2019-09-20 09:26:53,267 [pool-49-thread-1] INFO  server.RaftServerConfigKeys (ConfUtils.java:logGet(43)) - raft.server.snapshot.auto.trigger.threshold = 10000 (custom)
2019-09-20 09:26:53,267 [pool-49-thread-1] INFO  server.RaftServerConfigKeys (ConfUtils.java:logGet(43)) - raft.server.retrycache.expirytime = 600000ms (custom)
2019-09-20 09:26:53,268 [pool-49-thread-1] INFO  impl.RaftServerImpl (RaftServerImpl.java:start(180)) - 492ed782-6ab3-4ad9-945e-06def6ac7c96: start group-64C1AF27C50D
2019-09-20 09:26:53,268 [pool-49-thread-1] INFO  impl.RaftServerImpl (RaftServerImpl.java:setRole(171)) - 492ed782-6ab3-4ad9-945e-06def6ac7c96:group-64C1AF27C50D changes role from null to FOLLOWER at term 0 for startAsFollower
2019-09-20 09:26:53,268 [pool-49-thread-1] INFO  impl.RoleInfo (RoleInfo.java:updateAndGet(143)) - 492ed782-6ab3-4ad9-945e-06def6ac7c96: start FollowerState
2019-09-20 09:26:53,269 [pool-49-thread-1] INFO  util.JmxRegister (JmxRegister.java:tryRegister(44)) - Successfully registered JMX Bean with object name Ratis:service=RaftServer,group=group-64C1AF27C50D,id=492ed782-6ab3-4ad9-945e-06def6ac7c96
2019-09-20 09:26:53,274 [RatisPipelineUtilsThread] INFO  pipeline.PipelineStateManager (PipelineStateManager.java:addPipeline(56)) - Created pipeline Pipeline[ Id: 7c561be2-85d2-470e-9595-64c1af27c50d, Nodes: 492ed782-6ab3-4ad9-945e-06def6ac7c96{ip: 192.168.36.99, host: pr-hdds-1569-p5fx8-1226042367, networkLocation: /default-rack, certSerialId: null}, Type:RATIS, Factor:ONE, State:OPEN]
2019-09-20 09:26:53,287 [grpc-default-executor-0] INFO  impl.RaftServerProxy (RaftServerProxy.java:addNew(89)) - 02b93e76-e4c6-4b67-b8a4-c536d9ab7224: addNew group-4B5E8063C4A4:[02b93e76-e4c6-4b67-b8a4-c536d9ab7224:192.168.36.99:39343] returns group-4B5E8063C4A4:java.util.concurrent.CompletableFuture@20059ff8[Not completed]
2019-09-20 09:26:53,289 [pool-27-thread-1] INFO  impl.RaftServerImpl (RaftServerImpl.java:<init>(93)) - 02b93e76-e4c6-4b67-b8a4-c536d9ab7224: new RaftServerImpl for group-4B5E8063C4A4:[02b93e76-e4c6-4b67-b8a4-c536d9ab7224:192.168.36.99:39343] with ContainerStateMachine:uninitialized
2019-09-20 09:26:53,290 [pool-27-thread-1] INFO  server.RaftServerConfigKeys (ConfUtils.java:logGet(43)) - raft.server.rpc.timeout.min = 5s (custom)
2019-09-20 09:26:53,290 [pool-27-thread-1] INFO  server.RaftServerConfigKeys (ConfUtils.java:logGet(43)) - raft.server.rpc.timeout.max = 5200ms (custom)
2019-09-20 09:26:53,290 [pool-27-thread-1] INFO  server.RaftServerConfigKeys (ConfUtils.java:logGet(43)) - raft.server.rpcslowness.timeout = 10s (custom)
2019-09-20 09:26:53,290 [pool-27-thread-1] INFO  server.RaftServerConfigKeys (ConfUtils.java:logGet(43)) - raft.server.sleep.deviation.threshold = 300 (default)
2019-09-20 09:26:53,290 [pool-27-thread-1] INFO  server.RaftServerConfigKeys (ConfUtils.java:logGet(43)) - raft.server.log.appender.install.snapshot.enabled = false (custom)
2019-09-20 09:26:53,291 [pool-27-thread-1] INFO  impl.RaftServerImpl (ServerState.java:<init>(105)) - 02b93e76-e4c6-4b67-b8a4-c536d9ab7224:group-4B5E8063C4A4 ConfigurationManager, init=-1: [02b93e76-e4c6-4b67-b8a4-c536d9ab7224:192.168.36.99:39343], old=null, confs=<EMPTY_MAP>
2019-09-20 09:26:53,291 [pool-27-thread-1] INFO  server.RaftServerConfigKeys (ConfUtils.java:logGet(43)) - raft.server.storage.dir = [/workdir/hadoop-ozone/integration-test/target/test-dir/MiniOzoneClusterImpl-a33d77e5-464b-4d19-8e6b-a171e580bf0e/datanode-0/data/ratis] (custom)
2019-09-20 09:26:53,292 [pool-27-thread-1] INFO  storage.RaftStorageDirectory (RaftStorageDirectory.java:analyzeStorage(246)) - The storage directory /workdir/hadoop-ozone/integration-test/target/test-dir/MiniOzoneClusterImpl-a33d77e5-464b-4d19-8e6b-a171e580bf0e/datanode-0/data/ratis/f927e073-3382-4983-9131-4b5e8063c4a4 does not exist. Creating ...
2019-09-20 09:26:53,316 | INFO  | SCMAudit | user=jenkins1000 | ip=192.168.36.99 | op=SEND_HEARTBEAT {datanodeUUID=02b93e76-e4c6-4b67-b8a4-c536d9ab7224, command=[]} | ret=SUCCESS |  
2019-09-20 09:26:53,339 [pool-27-thread-1] INFO  storage.RaftStorageDirectory (RaftStorageDirectory.java:tryLock(328)) - Lock on /workdir/hadoop-ozone/integration-test/target/test-dir/MiniOzoneClusterImpl-a33d77e5-464b-4d19-8e6b-a171e580bf0e/datanode-0/data/ratis/f927e073-3382-4983-9131-4b5e8063c4a4/in_use.lock acquired by nodename 7145@pr-hdds-1569-p5fx8-1226042367
2019-09-20 09:26:53,372 [Thread-222] INFO  container.ReplicationManager (ReplicationManager.java:start(151)) - Starting Replication Monitor Thread.
2019-09-20 09:26:53,390 [pool-27-thread-1] INFO  storage.RaftStorage (RaftStorage.java:format(72)) - Storage directory /workdir/hadoop-ozone/integration-test/target/test-dir/MiniOzoneClusterImpl-a33d77e5-464b-4d19-8e6b-a171e580bf0e/datanode-0/data/ratis/f927e073-3382-4983-9131-4b5e8063c4a4 has been successfully formatted.
2019-09-20 09:26:53,390 [pool-27-thread-1] INFO  ratis.ContainerStateMachine (ContainerStateMachine.java:loadSnapshot(226)) - group-4B5E8063C4A4: The snapshot info is null. Setting the last applied indexto:(t:0, i:~)
2019-09-20 09:26:53,390 [pool-27-thread-1] INFO  server.RaftServerConfigKeys (ConfUtils.java:logGet(43)) - raft.server.leader.election.timeout = 10s (custom)
2019-09-20 09:26:53,390 [pool-27-thread-1] INFO  server.RaftServerConfigKeys (ConfUtils.java:logGet(43)) - raft.server.log.use.memory = false (default)
2019-09-20 09:26:53,391 [pool-27-thread-1] INFO  server.RaftServerConfigKeys (ConfUtils.java:logGet(43)) - raft.server.log.purge.gap = 1000000 (custom)
2019-09-20 09:26:53,391 [pool-27-thread-1] INFO  server.RaftServerConfigKeys (ConfUtils.java:logGet(43)) - raft.server.log.appender.buffer.byte-limit = 33554432 (custom)
2019-09-20 09:26:53,391 [pool-27-thread-1] INFO  server.RaftServerConfigKeys (ConfUtils.java:logGet(43)) - raft.server.log.segment.size.max = 1048576 (custom)
2019-09-20 09:26:53,391 [pool-27-thread-1] INFO  server.RaftServerConfigKeys (ConfUtils.java:logGet(43)) - raft.server.log.segment.cache.num.max = 2 (custom)
2019-09-20 09:26:53,391 [pool-27-thread-1] INFO  segmented.SegmentedRaftLogWorker (SegmentedRaftLogWorker.java:<init>(172)) - new 02b93e76-e4c6-4b67-b8a4-c536d9ab7224-SegmentedRaftLogWorker:Storage Directory /workdir/hadoop-ozone/integration-test/target/test-dir/MiniOzoneClusterImpl-a33d77e5-464b-4d19-8e6b-a171e580bf0e/datanode-0/data/ratis/f927e073-3382-4983-9131-4b5e8063c4a4 for RaftStorage:Storage Directory /workdir/hadoop-ozone/integration-test/target/test-dir/MiniOzoneClusterImpl-a33d77e5-464b-4d19-8e6b-a171e580bf0e/datanode-0/data/ratis/f927e073-3382-4983-9131-4b5e8063c4a4
2019-09-20 09:26:53,392 [pool-27-thread-1] INFO  server.RaftServerConfigKeys (ConfUtils.java:logGet(43)) - raft.server.log.queue.byte-limit = 2147483647 (custom)
2019-09-20 09:26:53,392 [pool-27-thread-1] INFO  server.RaftServerConfigKeys (ConfUtils.java:logGet(43)) - raft.server.log.queue.element-limit = 1024 (custom)
2019-09-20 09:26:53,392 [pool-27-thread-1] INFO  server.RaftServerConfigKeys (ConfUtils.java:logGet(43)) - raft.server.log.segment.size.max = 1048576 (custom)
2019-09-20 09:26:53,392 [pool-27-thread-1] INFO  server.RaftServerConfigKeys (ConfUtils.java:logGet(43)) - raft.server.log.preallocated.size = 16384 (custom)
2019-09-20 09:26:53,392 [pool-27-thread-1] INFO  server.RaftServerConfigKeys (ConfUtils.java:logGet(43)) - raft.server.log.write.buffer.size = 33554432 (custom)
2019-09-20 09:26:53,393 [pool-27-thread-1] INFO  server.RaftServerConfigKeys (ConfUtils.java:logGet(43)) - raft.server.log.force.sync.num = 128 (default)
2019-09-20 09:26:53,393 [pool-27-thread-1] INFO  server.RaftServerConfigKeys (ConfUtils.java:logGet(43)) - raft.server.log.statemachine.data.sync = true (default)
2019-09-20 09:26:53,393 [pool-27-thread-1] INFO  server.RaftServerConfigKeys (ConfUtils.java:logGet(43)) - raft.server.log.statemachine.data.sync.timeout = 10s (default)
2019-09-20 09:26:53,393 [pool-27-thread-1] INFO  server.RaftServerConfigKeys (ConfUtils.java:logGet(43)) - raft.server.log.statemachine.data.sync.timeout.retry = -1 (default)
2019-09-20 09:26:53,393 [pool-27-thread-1] INFO  server.RaftServerConfigKeys (ConfUtils.java:logGet(43)) - raft.server.log.statemachine.data.caching.enabled = true (custom)
2019-09-20 09:26:53,394 [pool-27-thread-1] INFO  segmented.SegmentedRaftLogWorker (SegmentedRaftLogWorker.java:lambda$new$0(132)) - 02b93e76-e4c6-4b67-b8a4-c536d9ab7224-SegmentedRaftLogWorker:Storage Directory /workdir/hadoop-ozone/integration-test/target/test-dir/MiniOzoneClusterImpl-a33d77e5-464b-4d19-8e6b-a171e580bf0e/datanode-0/data/ratis/f927e073-3382-4983-9131-4b5e8063c4a4: flushIndex: setUnconditionally 0 -> -1
2019-09-20 09:26:53,394 [pool-27-thread-1] INFO  server.RaftServerConfigKeys (ConfUtils.java:logGet(43)) - raft.server.snapshot.auto.trigger.enabled = true (custom)
2019-09-20 09:26:53,395 [pool-27-thread-1] INFO  server.RaftServerConfigKeys (ConfUtils.java:logGet(43)) - raft.server.snapshot.auto.trigger.threshold = 10000 (custom)
2019-09-20 09:26:53,395 [pool-27-thread-1] INFO  server.RaftServerConfigKeys (ConfUtils.java:logGet(43)) - raft.server.retrycache.expirytime = 600000ms (custom)
2019-09-20 09:26:53,395 [pool-27-thread-1] INFO  impl.RaftServerImpl (RaftServerImpl.java:start(180)) - 02b93e76-e4c6-4b67-b8a4-c536d9ab7224: start group-4B5E8063C4A4
2019-09-20 09:26:53,395 [pool-27-thread-1] INFO  impl.RaftServerImpl (RaftServerImpl.java:setRole(171)) - 02b93e76-e4c6-4b67-b8a4-c536d9ab7224:group-4B5E8063C4A4 changes role from null to FOLLOWER at term 0 for startAsFollower
2019-09-20 09:26:53,396 [pool-27-thread-1] INFO  impl.RoleInfo (RoleInfo.java:updateAndGet(143)) - 02b93e76-e4c6-4b67-b8a4-c536d9ab7224: start FollowerState
2019-09-20 09:26:53,396 [pool-27-thread-1] INFO  util.JmxRegister (JmxRegister.java:tryRegister(44)) - Successfully registered JMX Bean with object name Ratis:service=RaftServer,group=group-4B5E8063C4A4,id=02b93e76-e4c6-4b67-b8a4-c536d9ab7224
2019-09-20 09:26:53,403 [RatisPipelineUtilsThread] INFO  pipeline.PipelineStateManager (PipelineStateManager.java:addPipeline(56)) - Created pipeline Pipeline[ Id: f927e073-3382-4983-9131-4b5e8063c4a4, Nodes: 02b93e76-e4c6-4b67-b8a4-c536d9ab7224{ip: 192.168.36.99, host: pr-hdds-1569-p5fx8-1226042367, networkLocation: /default-rack, certSerialId: null}, Type:RATIS, Factor:ONE, State:OPEN]
2019-09-20 09:26:53,435 [grpc-default-executor-0] INFO  impl.RaftServerProxy (RaftServerProxy.java:addNew(89)) - 492ed782-6ab3-4ad9-945e-06def6ac7c96: addNew group-97D2BFE2B918:[492ed782-6ab3-4ad9-945e-06def6ac7c96:192.168.36.99:32835] returns group-97D2BFE2B918:java.util.concurrent.CompletableFuture@18df7e6b[Not completed]
2019-09-20 09:26:53,439 [pool-49-thread-1] INFO  impl.RaftServerImpl (RaftServerImpl.java:<init>(93)) - 492ed782-6ab3-4ad9-945e-06def6ac7c96: new RaftServerImpl for group-97D2BFE2B918:[492ed782-6ab3-4ad9-945e-06def6ac7c96:192.168.36.99:32835] with ContainerStateMachine:uninitialized
2019-09-20 09:26:53,439 [pool-49-thread-1] INFO  server.RaftServerConfigKeys (ConfUtils.java:logGet(43)) - raft.server.rpc.timeout.min = 5s (custom)
2019-09-20 09:26:53,439 [pool-49-thread-1] INFO  server.RaftServerConfigKeys (ConfUtils.java:logGet(43)) - raft.server.rpc.timeout.max = 5200ms (custom)
2019-09-20 09:26:53,440 [pool-49-thread-1] INFO  server.RaftServerConfigKeys (ConfUtils.java:logGet(43)) - raft.server.rpcslowness.timeout = 10s (custom)
2019-09-20 09:26:53,440 [pool-49-thread-1] INFO  server.RaftServerConfigKeys (ConfUtils.java:logGet(43)) - raft.server.sleep.deviation.threshold = 300 (default)
2019-09-20 09:26:53,440 [pool-49-thread-1] INFO  server.RaftServerConfigKeys (ConfUtils.java:logGet(43)) - raft.server.log.appender.install.snapshot.enabled = false (custom)
2019-09-20 09:26:53,440 [pool-49-thread-1] INFO  impl.RaftServerImpl (ServerState.java:<init>(105)) - 492ed782-6ab3-4ad9-945e-06def6ac7c96:group-97D2BFE2B918 ConfigurationManager, init=-1: [492ed782-6ab3-4ad9-945e-06def6ac7c96:192.168.36.99:32835], old=null, confs=<EMPTY_MAP>
2019-09-20 09:26:53,441 [pool-49-thread-1] INFO  server.RaftServerConfigKeys (ConfUtils.java:logGet(43)) - raft.server.storage.dir = [/workdir/hadoop-ozone/integration-test/target/test-dir/MiniOzoneClusterImpl-a33d77e5-464b-4d19-8e6b-a171e580bf0e/datanode-2/data/ratis] (custom)
2019-09-20 09:26:53,441 [pool-49-thread-1] INFO  storage.RaftStorageDirectory (RaftStorageDirectory.java:analyzeStorage(246)) - The storage directory /workdir/hadoop-ozone/integration-test/target/test-dir/MiniOzoneClusterImpl-a33d77e5-464b-4d19-8e6b-a171e580bf0e/datanode-2/data/ratis/297a7319-d8a2-4a58-8faa-97d2bfe2b918 does not exist. Creating ...
2019-09-20 09:26:53,465 [pool-49-thread-1] INFO  storage.RaftStorageDirectory (RaftStorageDirectory.java:tryLock(328)) - Lock on /workdir/hadoop-ozone/integration-test/target/test-dir/MiniOzoneClusterImpl-a33d77e5-464b-4d19-8e6b-a171e580bf0e/datanode-2/data/ratis/297a7319-d8a2-4a58-8faa-97d2bfe2b918/in_use.lock acquired by nodename 7145@pr-hdds-1569-p5fx8-1226042367
2019-09-20 09:26:53,483 [pool-49-thread-1] INFO  storage.RaftStorage (RaftStorage.java:format(72)) - Storage directory /workdir/hadoop-ozone/integration-test/target/test-dir/MiniOzoneClusterImpl-a33d77e5-464b-4d19-8e6b-a171e580bf0e/datanode-2/data/ratis/297a7319-d8a2-4a58-8faa-97d2bfe2b918 has been successfully formatted.
2019-09-20 09:26:53,483 [pool-49-thread-1] INFO  ratis.ContainerStateMachine (ContainerStateMachine.java:loadSnapshot(226)) - group-97D2BFE2B918: The snapshot info is null. Setting the last applied indexto:(t:0, i:~)
2019-09-20 09:26:53,484 [pool-49-thread-1] INFO  server.RaftServerConfigKeys (ConfUtils.java:logGet(43)) - raft.server.leader.election.timeout = 10s (custom)
2019-09-20 09:26:53,484 [pool-49-thread-1] INFO  server.RaftServerConfigKeys (ConfUtils.java:logGet(43)) - raft.server.log.use.memory = false (default)
2019-09-20 09:26:53,484 [pool-49-thread-1] INFO  server.RaftServerConfigKeys (ConfUtils.java:logGet(43)) - raft.server.log.purge.gap = 1000000 (custom)
2019-09-20 09:26:53,484 [pool-49-thread-1] INFO  server.RaftServerConfigKeys (ConfUtils.java:logGet(43)) - raft.server.log.appender.buffer.byte-limit = 33554432 (custom)
2019-09-20 09:26:53,487 [pool-49-thread-1] INFO  server.RaftServerConfigKeys (ConfUtils.java:logGet(43)) - raft.server.log.segment.size.max = 1048576 (custom)
2019-09-20 09:26:53,487 [pool-49-thread-1] INFO  server.RaftServerConfigKeys (ConfUtils.java:logGet(43)) - raft.server.log.segment.cache.num.max = 2 (custom)
2019-09-20 09:26:53,488 [pool-49-thread-1] INFO  segmented.SegmentedRaftLogWorker (SegmentedRaftLogWorker.java:<init>(172)) - new 492ed782-6ab3-4ad9-945e-06def6ac7c96-SegmentedRaftLogWorker:Storage Directory /workdir/hadoop-ozone/integration-test/target/test-dir/MiniOzoneClusterImpl-a33d77e5-464b-4d19-8e6b-a171e580bf0e/datanode-2/data/ratis/297a7319-d8a2-4a58-8faa-97d2bfe2b918 for RaftStorage:Storage Directory /workdir/hadoop-ozone/integration-test/target/test-dir/MiniOzoneClusterImpl-a33d77e5-464b-4d19-8e6b-a171e580bf0e/datanode-2/data/ratis/297a7319-d8a2-4a58-8faa-97d2bfe2b918
2019-09-20 09:26:53,488 [pool-49-thread-1] INFO  server.RaftServerConfigKeys (ConfUtils.java:logGet(43)) - raft.server.log.queue.byte-limit = 2147483647 (custom)
2019-09-20 09:26:53,488 [pool-49-thread-1] INFO  server.RaftServerConfigKeys (ConfUtils.java:logGet(43)) - raft.server.log.queue.element-limit = 1024 (custom)
2019-09-20 09:26:53,489 [pool-49-thread-1] INFO  server.RaftServerConfigKeys (ConfUtils.java:logGet(43)) - raft.server.log.segment.size.max = 1048576 (custom)
2019-09-20 09:26:53,489 [pool-49-thread-1] INFO  server.RaftServerConfigKeys (ConfUtils.java:logGet(43)) - raft.server.log.preallocated.size = 16384 (custom)
2019-09-20 09:26:53,489 [pool-49-thread-1] INFO  server.RaftServerConfigKeys (ConfUtils.java:logGet(43)) - raft.server.log.write.buffer.size = 33554432 (custom)
2019-09-20 09:26:53,489 [pool-49-thread-1] INFO  server.RaftServerConfigKeys (ConfUtils.java:logGet(43)) - raft.server.log.force.sync.num = 128 (default)
2019-09-20 09:26:53,489 [pool-49-thread-1] INFO  server.RaftServerConfigKeys (ConfUtils.java:logGet(43)) - raft.server.log.statemachine.data.sync = true (default)
2019-09-20 09:26:53,490 [pool-49-thread-1] INFO  server.RaftServerConfigKeys (ConfUtils.java:logGet(43)) - raft.server.log.statemachine.data.sync.timeout = 10s (default)
2019-09-20 09:26:53,490 [pool-49-thread-1] INFO  server.RaftServerConfigKeys (ConfUtils.java:logGet(43)) - raft.server.log.statemachine.data.sync.timeout.retry = -1 (default)
2019-09-20 09:26:53,490 [pool-49-thread-1] INFO  server.RaftServerConfigKeys (ConfUtils.java:logGet(43)) - raft.server.log.statemachine.data.caching.enabled = true (custom)
2019-09-20 09:26:53,491 [pool-49-thread-1] INFO  segmented.SegmentedRaftLogWorker (SegmentedRaftLogWorker.java:lambda$new$0(132)) - 492ed782-6ab3-4ad9-945e-06def6ac7c96-SegmentedRaftLogWorker:Storage Directory /workdir/hadoop-ozone/integration-test/target/test-dir/MiniOzoneClusterImpl-a33d77e5-464b-4d19-8e6b-a171e580bf0e/datanode-2/data/ratis/297a7319-d8a2-4a58-8faa-97d2bfe2b918: flushIndex: setUnconditionally 0 -> -1
2019-09-20 09:26:53,491 [pool-49-thread-1] INFO  server.RaftServerConfigKeys (ConfUtils.java:logGet(43)) - raft.server.snapshot.auto.trigger.enabled = true (custom)
2019-09-20 09:26:53,492 [pool-49-thread-1] INFO  server.RaftServerConfigKeys (ConfUtils.java:logGet(43)) - raft.server.snapshot.auto.trigger.threshold = 10000 (custom)
2019-09-20 09:26:53,492 [pool-49-thread-1] INFO  server.RaftServerConfigKeys (ConfUtils.java:logGet(43)) - raft.server.retrycache.expirytime = 600000ms (custom)
2019-09-20 09:26:53,493 [pool-49-thread-1] INFO  impl.RaftServerImpl (RaftServerImpl.java:start(180)) - 492ed782-6ab3-4ad9-945e-06def6ac7c96: start group-97D2BFE2B918
2019-09-20 09:26:53,493 [pool-49-thread-1] INFO  impl.RaftServerImpl (RaftServerImpl.java:setRole(171)) - 492ed782-6ab3-4ad9-945e-06def6ac7c96:group-97D2BFE2B918 changes role from null to FOLLOWER at term 0 for startAsFollower
2019-09-20 09:26:53,493 [pool-49-thread-1] INFO  impl.RoleInfo (RoleInfo.java:updateAndGet(143)) - 492ed782-6ab3-4ad9-945e-06def6ac7c96: start FollowerState
2019-09-20 09:26:53,494 [pool-49-thread-1] INFO  util.JmxRegister (JmxRegister.java:tryRegister(44)) - Successfully registered JMX Bean with object name Ratis:service=RaftServer,group=group-97D2BFE2B918,id=492ed782-6ab3-4ad9-945e-06def6ac7c96
2019-09-20 09:26:53,504 [RatisPipelineUtilsThread] INFO  pipeline.PipelineStateManager (PipelineStateManager.java:addPipeline(56)) - Created pipeline Pipeline[ Id: 297a7319-d8a2-4a58-8faa-97d2bfe2b918, Nodes: 492ed782-6ab3-4ad9-945e-06def6ac7c96{ip: 192.168.36.99, host: pr-hdds-1569-p5fx8-1226042367, networkLocation: /default-rack, certSerialId: null}, Type:RATIS, Factor:ONE, State:OPEN]
2019-09-20 09:26:53,534 [grpc-default-executor-0] INFO  impl.RaftServerProxy (RaftServerProxy.java:addNew(89)) - 871e6485-c22a-483f-9e07-d19e754685be: addNew group-E479DB0860CE:[871e6485-c22a-483f-9e07-d19e754685be:192.168.36.99:41076] returns group-E479DB0860CE:java.util.concurrent.CompletableFuture@68f8dee2[Not completed]
2019-09-20 09:26:53,537 [pool-71-thread-1] INFO  impl.RaftServerImpl (RaftServerImpl.java:<init>(93)) - 871e6485-c22a-483f-9e07-d19e754685be: new RaftServerImpl for group-E479DB0860CE:[871e6485-c22a-483f-9e07-d19e754685be:192.168.36.99:41076] with ContainerStateMachine:uninitialized
2019-09-20 09:26:53,537 [pool-71-thread-1] INFO  server.RaftServerConfigKeys (ConfUtils.java:logGet(43)) - raft.server.rpc.timeout.min = 5s (custom)
2019-09-20 09:26:53,538 [pool-71-thread-1] INFO  server.RaftServerConfigKeys (ConfUtils.java:logGet(43)) - raft.server.rpc.timeout.max = 5200ms (custom)
2019-09-20 09:26:53,538 [pool-71-thread-1] INFO  server.RaftServerConfigKeys (ConfUtils.java:logGet(43)) - raft.server.rpcslowness.timeout = 10s (custom)
2019-09-20 09:26:53,538 [pool-71-thread-1] INFO  server.RaftServerConfigKeys (ConfUtils.java:logGet(43)) - raft.server.sleep.deviation.threshold = 300 (default)
2019-09-20 09:26:53,538 [pool-71-thread-1] INFO  server.RaftServerConfigKeys (ConfUtils.java:logGet(43)) - raft.server.log.appender.install.snapshot.enabled = false (custom)
2019-09-20 09:26:53,538 [pool-71-thread-1] INFO  impl.RaftServerImpl (ServerState.java:<init>(105)) - 871e6485-c22a-483f-9e07-d19e754685be:group-E479DB0860CE ConfigurationManager, init=-1: [871e6485-c22a-483f-9e07-d19e754685be:192.168.36.99:41076], old=null, confs=<EMPTY_MAP>
2019-09-20 09:26:53,538 [pool-71-thread-1] INFO  server.RaftServerConfigKeys (ConfUtils.java:logGet(43)) - raft.server.storage.dir = [/workdir/hadoop-ozone/integration-test/target/test-dir/MiniOzoneClusterImpl-a33d77e5-464b-4d19-8e6b-a171e580bf0e/datanode-4/data/ratis] (custom)
2019-09-20 09:26:53,539 [pool-71-thread-1] INFO  storage.RaftStorageDirectory (RaftStorageDirectory.java:analyzeStorage(246)) - The storage directory /workdir/hadoop-ozone/integration-test/target/test-dir/MiniOzoneClusterImpl-a33d77e5-464b-4d19-8e6b-a171e580bf0e/datanode-4/data/ratis/038a8c8b-e5f7-4abc-9408-e479db0860ce does not exist. Creating ...
2019-09-20 09:26:53,550 | INFO  | SCMAudit | user=jenkins1000 | ip=192.168.36.99 | op=SEND_HEARTBEAT {datanodeUUID=dc7f40a9-6782-42c4-abab-c6b1682da047, command=[]} | ret=SUCCESS |  
2019-09-20 09:26:53,558 [pool-71-thread-1] INFO  storage.RaftStorageDirectory (RaftStorageDirectory.java:tryLock(328)) - Lock on /workdir/hadoop-ozone/integration-test/target/test-dir/MiniOzoneClusterImpl-a33d77e5-464b-4d19-8e6b-a171e580bf0e/datanode-4/data/ratis/038a8c8b-e5f7-4abc-9408-e479db0860ce/in_use.lock acquired by nodename 7145@pr-hdds-1569-p5fx8-1226042367
2019-09-20 09:26:53,575 [pool-71-thread-1] INFO  storage.RaftStorage (RaftStorage.java:format(72)) - Storage directory /workdir/hadoop-ozone/integration-test/target/test-dir/MiniOzoneClusterImpl-a33d77e5-464b-4d19-8e6b-a171e580bf0e/datanode-4/data/ratis/038a8c8b-e5f7-4abc-9408-e479db0860ce has been successfully formatted.
2019-09-20 09:26:53,576 [pool-71-thread-1] INFO  ratis.ContainerStateMachine (ContainerStateMachine.java:loadSnapshot(226)) - group-E479DB0860CE: The snapshot info is null. Setting the last applied indexto:(t:0, i:~)
2019-09-20 09:26:53,576 [pool-71-thread-1] INFO  server.RaftServerConfigKeys (ConfUtils.java:logGet(43)) - raft.server.leader.election.timeout = 10s (custom)
2019-09-20 09:26:53,576 [pool-71-thread-1] INFO  server.RaftServerConfigKeys (ConfUtils.java:logGet(43)) - raft.server.log.use.memory = false (default)
2019-09-20 09:26:53,576 [pool-71-thread-1] INFO  server.RaftServerConfigKeys (ConfUtils.java:logGet(43)) - raft.server.log.purge.gap = 1000000 (custom)
2019-09-20 09:26:53,576 [pool-71-thread-1] INFO  server.RaftServerConfigKeys (ConfUtils.java:logGet(43)) - raft.server.log.appender.buffer.byte-limit = 33554432 (custom)
2019-09-20 09:26:53,577 [pool-71-thread-1] INFO  server.RaftServerConfigKeys (ConfUtils.java:logGet(43)) - raft.server.log.segment.size.max = 1048576 (custom)
2019-09-20 09:26:53,577 [pool-71-thread-1] INFO  server.RaftServerConfigKeys (ConfUtils.java:logGet(43)) - raft.server.log.segment.cache.num.max = 2 (custom)
2019-09-20 09:26:53,577 [pool-71-thread-1] INFO  segmented.SegmentedRaftLogWorker (SegmentedRaftLogWorker.java:<init>(172)) - new 871e6485-c22a-483f-9e07-d19e754685be-SegmentedRaftLogWorker:Storage Directory /workdir/hadoop-ozone/integration-test/target/test-dir/MiniOzoneClusterImpl-a33d77e5-464b-4d19-8e6b-a171e580bf0e/datanode-4/data/ratis/038a8c8b-e5f7-4abc-9408-e479db0860ce for RaftStorage:Storage Directory /workdir/hadoop-ozone/integration-test/target/test-dir/MiniOzoneClusterImpl-a33d77e5-464b-4d19-8e6b-a171e580bf0e/datanode-4/data/ratis/038a8c8b-e5f7-4abc-9408-e479db0860ce
2019-09-20 09:26:53,577 [pool-71-thread-1] INFO  server.RaftServerConfigKeys (ConfUtils.java:logGet(43)) - raft.server.log.queue.byte-limit = 2147483647 (custom)
2019-09-20 09:26:53,577 [pool-71-thread-1] INFO  server.RaftServerConfigKeys (ConfUtils.java:logGet(43)) - raft.server.log.queue.element-limit = 1024 (custom)
2019-09-20 09:26:53,577 [pool-71-thread-1] INFO  server.RaftServerConfigKeys (ConfUtils.java:logGet(43)) - raft.server.log.segment.size.max = 1048576 (custom)
2019-09-20 09:26:53,578 [pool-71-thread-1] INFO  server.RaftServerConfigKeys (ConfUtils.java:logGet(43)) - raft.server.log.preallocated.size = 16384 (custom)
2019-09-20 09:26:53,578 [pool-71-thread-1] INFO  server.RaftServerConfigKeys (ConfUtils.java:logGet(43)) - raft.server.log.write.buffer.size = 33554432 (custom)
2019-09-20 09:26:53,578 [pool-71-thread-1] INFO  server.RaftServerConfigKeys (ConfUtils.java:logGet(43)) - raft.server.log.force.sync.num = 128 (default)
2019-09-20 09:26:53,578 [pool-71-thread-1] INFO  server.RaftServerConfigKeys (ConfUtils.java:logGet(43)) - raft.server.log.statemachine.data.sync = true (default)
2019-09-20 09:26:53,578 [pool-71-thread-1] INFO  server.RaftServerConfigKeys (ConfUtils.java:logGet(43)) - raft.server.log.statemachine.data.sync.timeout = 10s (default)
2019-09-20 09:26:53,578 [pool-71-thread-1] INFO  server.RaftServerConfigKeys (ConfUtils.java:logGet(43)) - raft.server.log.statemachine.data.sync.timeout.retry = -1 (default)
2019-09-20 09:26:53,579 [pool-71-thread-1] INFO  server.RaftServerConfigKeys (ConfUtils.java:logGet(43)) - raft.server.log.statemachine.data.caching.enabled = true (custom)
2019-09-20 09:26:53,579 [pool-71-thread-1] INFO  segmented.SegmentedRaftLogWorker (SegmentedRaftLogWorker.java:lambda$new$0(132)) - 871e6485-c22a-483f-9e07-d19e754685be-SegmentedRaftLogWorker:Storage Directory /workdir/hadoop-ozone/integration-test/target/test-dir/MiniOzoneClusterImpl-a33d77e5-464b-4d19-8e6b-a171e580bf0e/datanode-4/data/ratis/038a8c8b-e5f7-4abc-9408-e479db0860ce: flushIndex: setUnconditionally 0 -> -1
2019-09-20 09:26:53,579 [pool-71-thread-1] INFO  server.RaftServerConfigKeys (ConfUtils.java:logGet(43)) - raft.server.snapshot.auto.trigger.enabled = true (custom)
2019-09-20 09:26:53,580 [pool-71-thread-1] INFO  server.RaftServerConfigKeys (ConfUtils.java:logGet(43)) - raft.server.snapshot.auto.trigger.threshold = 10000 (custom)
2019-09-20 09:26:53,580 [pool-71-thread-1] INFO  server.RaftServerConfigKeys (ConfUtils.java:logGet(43)) - raft.server.retrycache.expirytime = 600000ms (custom)
2019-09-20 09:26:53,581 [pool-71-thread-1] INFO  impl.RaftServerImpl (RaftServerImpl.java:start(180)) - 871e6485-c22a-483f-9e07-d19e754685be: start group-E479DB0860CE
2019-09-20 09:26:53,581 [pool-71-thread-1] INFO  impl.RaftServerImpl (RaftServerImpl.java:setRole(171)) - 871e6485-c22a-483f-9e07-d19e754685be:group-E479DB0860CE changes role from null to FOLLOWER at term 0 for startAsFollower
2019-09-20 09:26:53,581 [pool-71-thread-1] INFO  impl.RoleInfo (RoleInfo.java:updateAndGet(143)) - 871e6485-c22a-483f-9e07-d19e754685be: start FollowerState
2019-09-20 09:26:53,589 [pool-71-thread-1] INFO  util.JmxRegister (JmxRegister.java:tryRegister(44)) - Successfully registered JMX Bean with object name Ratis:service=RaftServer,group=group-E479DB0860CE,id=871e6485-c22a-483f-9e07-d19e754685be
2019-09-20 09:26:53,602 | INFO  | SCMAudit | user=jenkins1000 | ip=192.168.36.99 | op=SEND_HEARTBEAT {datanodeUUID=fd3cd5f9-4f1c-43ea-91b1-b85a1f6c3825, command=[]} | ret=SUCCESS |  
2019-09-20 09:26:53,612 [RatisPipelineUtilsThread] INFO  pipeline.PipelineStateManager (PipelineStateManager.java:addPipeline(56)) - Created pipeline Pipeline[ Id: 038a8c8b-e5f7-4abc-9408-e479db0860ce, Nodes: 871e6485-c22a-483f-9e07-d19e754685be{ip: 192.168.36.99, host: pr-hdds-1569-p5fx8-1226042367, networkLocation: /default-rack, certSerialId: null}, Type:RATIS, Factor:ONE, State:OPEN]
2019-09-20 09:26:53,631 [grpc-default-executor-0] INFO  impl.RaftServerProxy (RaftServerProxy.java:addNew(89)) - 871e6485-c22a-483f-9e07-d19e754685be: addNew group-4B079FF6BCF9:[871e6485-c22a-483f-9e07-d19e754685be:192.168.36.99:41076] returns group-4B079FF6BCF9:java.util.concurrent.CompletableFuture@7629a871[Not completed]
2019-09-20 09:26:53,635 [pool-71-thread-1] INFO  impl.RaftServerImpl (RaftServerImpl.java:<init>(93)) - 871e6485-c22a-483f-9e07-d19e754685be: new RaftServerImpl for group-4B079FF6BCF9:[871e6485-c22a-483f-9e07-d19e754685be:192.168.36.99:41076] with ContainerStateMachine:uninitialized
2019-09-20 09:26:53,635 [pool-71-thread-1] INFO  server.RaftServerConfigKeys (ConfUtils.java:logGet(43)) - raft.server.rpc.timeout.min = 5s (custom)
2019-09-20 09:26:53,636 [pool-71-thread-1] INFO  server.RaftServerConfigKeys (ConfUtils.java:logGet(43)) - raft.server.rpc.timeout.max = 5200ms (custom)
2019-09-20 09:26:53,636 [pool-71-thread-1] INFO  server.RaftServerConfigKeys (ConfUtils.java:logGet(43)) - raft.server.rpcslowness.timeout = 10s (custom)
2019-09-20 09:26:53,636 [pool-71-thread-1] INFO  server.RaftServerConfigKeys (ConfUtils.java:logGet(43)) - raft.server.sleep.deviation.threshold = 300 (default)
2019-09-20 09:26:53,636 [pool-71-thread-1] INFO  server.RaftServerConfigKeys (ConfUtils.java:logGet(43)) - raft.server.log.appender.install.snapshot.enabled = false (custom)
2019-09-20 09:26:53,636 [pool-71-thread-1] INFO  impl.RaftServerImpl (ServerState.java:<init>(105)) - 871e6485-c22a-483f-9e07-d19e754685be:group-4B079FF6BCF9 ConfigurationManager, init=-1: [871e6485-c22a-483f-9e07-d19e754685be:192.168.36.99:41076], old=null, confs=<EMPTY_MAP>
2019-09-20 09:26:53,637 [pool-71-thread-1] INFO  server.RaftServerConfigKeys (ConfUtils.java:logGet(43)) - raft.server.storage.dir = [/workdir/hadoop-ozone/integration-test/target/test-dir/MiniOzoneClusterImpl-a33d77e5-464b-4d19-8e6b-a171e580bf0e/datanode-4/data/ratis] (custom)
2019-09-20 09:26:53,637 [pool-71-thread-1] INFO  storage.RaftStorageDirectory (RaftStorageDirectory.java:analyzeStorage(246)) - The storage directory /workdir/hadoop-ozone/integration-test/target/test-dir/MiniOzoneClusterImpl-a33d77e5-464b-4d19-8e6b-a171e580bf0e/datanode-4/data/ratis/9e1016a1-5c3e-4109-bf14-4b079ff6bcf9 does not exist. Creating ...
2019-09-20 09:26:53,659 [pool-71-thread-1] INFO  storage.RaftStorageDirectory (RaftStorageDirectory.java:tryLock(328)) - Lock on /workdir/hadoop-ozone/integration-test/target/test-dir/MiniOzoneClusterImpl-a33d77e5-464b-4d19-8e6b-a171e580bf0e/datanode-4/data/ratis/9e1016a1-5c3e-4109-bf14-4b079ff6bcf9/in_use.lock acquired by nodename 7145@pr-hdds-1569-p5fx8-1226042367
2019-09-20 09:26:53,684 [pool-71-thread-1] INFO  storage.RaftStorage (RaftStorage.java:format(72)) - Storage directory /workdir/hadoop-ozone/integration-test/target/test-dir/MiniOzoneClusterImpl-a33d77e5-464b-4d19-8e6b-a171e580bf0e/datanode-4/data/ratis/9e1016a1-5c3e-4109-bf14-4b079ff6bcf9 has been successfully formatted.
2019-09-20 09:26:53,685 [pool-71-thread-1] INFO  ratis.ContainerStateMachine (ContainerStateMachine.java:loadSnapshot(226)) - group-4B079FF6BCF9: The snapshot info is null. Setting the last applied indexto:(t:0, i:~)
2019-09-20 09:26:53,685 [pool-71-thread-1] INFO  server.RaftServerConfigKeys (ConfUtils.java:logGet(43)) - raft.server.leader.election.timeout = 10s (custom)
2019-09-20 09:26:53,685 [pool-71-thread-1] INFO  server.RaftServerConfigKeys (ConfUtils.java:logGet(43)) - raft.server.log.use.memory = false (default)
2019-09-20 09:26:53,685 [pool-71-thread-1] INFO  server.RaftServerConfigKeys (ConfUtils.java:logGet(43)) - raft.server.log.purge.gap = 1000000 (custom)
2019-09-20 09:26:53,685 [pool-71-thread-1] INFO  server.RaftServerConfigKeys (ConfUtils.java:logGet(43)) - raft.server.log.appender.buffer.byte-limit = 33554432 (custom)
2019-09-20 09:26:53,686 [pool-71-thread-1] INFO  server.RaftServerConfigKeys (ConfUtils.java:logGet(43)) - raft.server.log.segment.size.max = 1048576 (custom)
2019-09-20 09:26:53,686 [pool-71-thread-1] INFO  server.RaftServerConfigKeys (ConfUtils.java:logGet(43)) - raft.server.log.segment.cache.num.max = 2 (custom)
2019-09-20 09:26:53,686 [pool-71-thread-1] INFO  segmented.SegmentedRaftLogWorker (SegmentedRaftLogWorker.java:<init>(172)) - new 871e6485-c22a-483f-9e07-d19e754685be-SegmentedRaftLogWorker:Storage Directory /workdir/hadoop-ozone/integration-test/target/test-dir/MiniOzoneClusterImpl-a33d77e5-464b-4d19-8e6b-a171e580bf0e/datanode-4/data/ratis/9e1016a1-5c3e-4109-bf14-4b079ff6bcf9 for RaftStorage:Storage Directory /workdir/hadoop-ozone/integration-test/target/test-dir/MiniOzoneClusterImpl-a33d77e5-464b-4d19-8e6b-a171e580bf0e/datanode-4/data/ratis/9e1016a1-5c3e-4109-bf14-4b079ff6bcf9
2019-09-20 09:26:53,686 [pool-71-thread-1] INFO  server.RaftServerConfigKeys (ConfUtils.java:logGet(43)) - raft.server.log.queue.byte-limit = 2147483647 (custom)
2019-09-20 09:26:53,686 [pool-71-thread-1] INFO  server.RaftServerConfigKeys (ConfUtils.java:logGet(43)) - raft.server.log.queue.element-limit = 1024 (custom)
2019-09-20 09:26:53,687 [pool-71-thread-1] INFO  server.RaftServerConfigKeys (ConfUtils.java:logGet(43)) - raft.server.log.segment.size.max = 1048576 (custom)
2019-09-20 09:26:53,687 [pool-71-thread-1] INFO  server.RaftServerConfigKeys (ConfUtils.java:logGet(43)) - raft.server.log.preallocated.size = 16384 (custom)
2019-09-20 09:26:53,687 [pool-71-thread-1] INFO  server.RaftServerConfigKeys (ConfUtils.java:logGet(43)) - raft.server.log.write.buffer.size = 33554432 (custom)
2019-09-20 09:26:53,687 [pool-71-thread-1] INFO  server.RaftServerConfigKeys (ConfUtils.java:logGet(43)) - raft.server.log.force.sync.num = 128 (default)
2019-09-20 09:26:53,687 [pool-71-thread-1] INFO  server.RaftServerConfigKeys (ConfUtils.java:logGet(43)) - raft.server.log.statemachine.data.sync = true (default)
2019-09-20 09:26:53,687 [pool-71-thread-1] INFO  server.RaftServerConfigKeys (ConfUtils.java:logGet(43)) - raft.server.log.statemachine.data.sync.timeout = 10s (default)
2019-09-20 09:26:53,688 [pool-71-thread-1] INFO  server.RaftServerConfigKeys (ConfUtils.java:logGet(43)) - raft.server.log.statemachine.data.sync.timeout.retry = -1 (default)
2019-09-20 09:26:53,688 [pool-71-thread-1] INFO  server.RaftServerConfigKeys (ConfUtils.java:logGet(43)) - raft.server.log.statemachine.data.caching.enabled = true (custom)
2019-09-20 09:26:53,688 [pool-71-thread-1] INFO  segmented.SegmentedRaftLogWorker (SegmentedRaftLogWorker.java:lambda$new$0(132)) - 871e6485-c22a-483f-9e07-d19e754685be-SegmentedRaftLogWorker:Storage Directory /workdir/hadoop-ozone/integration-test/target/test-dir/MiniOzoneClusterImpl-a33d77e5-464b-4d19-8e6b-a171e580bf0e/datanode-4/data/ratis/9e1016a1-5c3e-4109-bf14-4b079ff6bcf9: flushIndex: setUnconditionally 0 -> -1
2019-09-20 09:26:53,689 [pool-71-thread-1] INFO  server.RaftServerConfigKeys (ConfUtils.java:logGet(43)) - raft.server.snapshot.auto.trigger.enabled = true (custom)
2019-09-20 09:26:53,689 [pool-71-thread-1] INFO  server.RaftServerConfigKeys (ConfUtils.java:logGet(43)) - raft.server.snapshot.auto.trigger.threshold = 10000 (custom)
2019-09-20 09:26:53,689 [pool-71-thread-1] INFO  server.RaftServerConfigKeys (ConfUtils.java:logGet(43)) - raft.server.retrycache.expirytime = 600000ms (custom)
2019-09-20 09:26:53,689 [pool-71-thread-1] INFO  impl.RaftServerImpl (RaftServerImpl.java:start(180)) - 871e6485-c22a-483f-9e07-d19e754685be: start group-4B079FF6BCF9
2019-09-20 09:26:53,690 [pool-71-thread-1] INFO  impl.RaftServerImpl (RaftServerImpl.java:setRole(171)) - 871e6485-c22a-483f-9e07-d19e754685be:group-4B079FF6BCF9 changes role from null to FOLLOWER at term 0 for startAsFollower
2019-09-20 09:26:53,690 [pool-71-thread-1] INFO  impl.RoleInfo (RoleInfo.java:updateAndGet(143)) - 871e6485-c22a-483f-9e07-d19e754685be: start FollowerState
2019-09-20 09:26:53,690 [pool-71-thread-1] INFO  util.JmxRegister (JmxRegister.java:tryRegister(44)) - Successfully registered JMX Bean with object name Ratis:service=RaftServer,group=group-4B079FF6BCF9,id=871e6485-c22a-483f-9e07-d19e754685be
2019-09-20 09:26:53,696 [RatisPipelineUtilsThread] INFO  pipeline.PipelineStateManager (PipelineStateManager.java:addPipeline(56)) - Created pipeline Pipeline[ Id: 9e1016a1-5c3e-4109-bf14-4b079ff6bcf9, Nodes: 871e6485-c22a-483f-9e07-d19e754685be{ip: 192.168.36.99, host: pr-hdds-1569-p5fx8-1226042367, networkLocation: /default-rack, certSerialId: null}, Type:RATIS, Factor:ONE, State:OPEN]
2019-09-20 09:26:53,709 [grpc-default-executor-0] INFO  impl.RaftServerProxy (RaftServerProxy.java:addNew(89)) - 871e6485-c22a-483f-9e07-d19e754685be: addNew group-896764FAE2AD:[871e6485-c22a-483f-9e07-d19e754685be:192.168.36.99:41076] returns group-896764FAE2AD:java.util.concurrent.CompletableFuture@4f2f8cba[Not completed]
2019-09-20 09:26:53,711 [pool-71-thread-1] INFO  impl.RaftServerImpl (RaftServerImpl.java:<init>(93)) - 871e6485-c22a-483f-9e07-d19e754685be: new RaftServerImpl for group-896764FAE2AD:[871e6485-c22a-483f-9e07-d19e754685be:192.168.36.99:41076] with ContainerStateMachine:uninitialized
2019-09-20 09:26:53,711 [pool-71-thread-1] INFO  server.RaftServerConfigKeys (ConfUtils.java:logGet(43)) - raft.server.rpc.timeout.min = 5s (custom)
2019-09-20 09:26:53,712 [pool-71-thread-1] INFO  server.RaftServerConfigKeys (ConfUtils.java:logGet(43)) - raft.server.rpc.timeout.max = 5200ms (custom)
2019-09-20 09:26:53,712 [pool-71-thread-1] INFO  server.RaftServerConfigKeys (ConfUtils.java:logGet(43)) - raft.server.rpcslowness.timeout = 10s (custom)
2019-09-20 09:26:53,712 [pool-71-thread-1] INFO  server.RaftServerConfigKeys (ConfUtils.java:logGet(43)) - raft.server.sleep.deviation.threshold = 300 (default)
2019-09-20 09:26:53,712 [pool-71-thread-1] INFO  server.RaftServerConfigKeys (ConfUtils.java:logGet(43)) - raft.server.log.appender.install.snapshot.enabled = false (custom)
2019-09-20 09:26:53,712 [pool-71-thread-1] INFO  impl.RaftServerImpl (ServerState.java:<init>(105)) - 871e6485-c22a-483f-9e07-d19e754685be:group-896764FAE2AD ConfigurationManager, init=-1: [871e6485-c22a-483f-9e07-d19e754685be:192.168.36.99:41076], old=null, confs=<EMPTY_MAP>
2019-09-20 09:26:53,712 [pool-71-thread-1] INFO  server.RaftServerConfigKeys (ConfUtils.java:logGet(43)) - raft.server.storage.dir = [/workdir/hadoop-ozone/integration-test/target/test-dir/MiniOzoneClusterImpl-a33d77e5-464b-4d19-8e6b-a171e580bf0e/datanode-4/data/ratis] (custom)
2019-09-20 09:26:53,713 [pool-71-thread-1] INFO  storage.RaftStorageDirectory (RaftStorageDirectory.java:analyzeStorage(246)) - The storage directory /workdir/hadoop-ozone/integration-test/target/test-dir/MiniOzoneClusterImpl-a33d77e5-464b-4d19-8e6b-a171e580bf0e/datanode-4/data/ratis/05a3f603-8772-4eac-8521-896764fae2ad does not exist. Creating ...
2019-09-20 09:26:53,743 [pool-71-thread-1] INFO  storage.RaftStorageDirectory (RaftStorageDirectory.java:tryLock(328)) - Lock on /workdir/hadoop-ozone/integration-test/target/test-dir/MiniOzoneClusterImpl-a33d77e5-464b-4d19-8e6b-a171e580bf0e/datanode-4/data/ratis/05a3f603-8772-4eac-8521-896764fae2ad/in_use.lock acquired by nodename 7145@pr-hdds-1569-p5fx8-1226042367
2019-09-20 09:26:53,768 [pool-71-thread-1] INFO  storage.RaftStorage (RaftStorage.java:format(72)) - Storage directory /workdir/hadoop-ozone/integration-test/target/test-dir/MiniOzoneClusterImpl-a33d77e5-464b-4d19-8e6b-a171e580bf0e/datanode-4/data/ratis/05a3f603-8772-4eac-8521-896764fae2ad has been successfully formatted.
2019-09-20 09:26:53,769 [pool-71-thread-1] INFO  ratis.ContainerStateMachine (ContainerStateMachine.java:loadSnapshot(226)) - group-896764FAE2AD: The snapshot info is null. Setting the last applied indexto:(t:0, i:~)
2019-09-20 09:26:53,769 [pool-71-thread-1] INFO  server.RaftServerConfigKeys (ConfUtils.java:logGet(43)) - raft.server.leader.election.timeout = 10s (custom)
2019-09-20 09:26:53,769 [pool-71-thread-1] INFO  server.RaftServerConfigKeys (ConfUtils.java:logGet(43)) - raft.server.log.use.memory = false (default)
2019-09-20 09:26:53,769 [pool-71-thread-1] INFO  server.RaftServerConfigKeys (ConfUtils.java:logGet(43)) - raft.server.log.purge.gap = 1000000 (custom)
2019-09-20 09:26:53,769 [pool-71-thread-1] INFO  server.RaftServerConfigKeys (ConfUtils.java:logGet(43)) - raft.server.log.appender.buffer.byte-limit = 33554432 (custom)
2019-09-20 09:26:53,770 [pool-71-thread-1] INFO  server.RaftServerConfigKeys (ConfUtils.java:logGet(43)) - raft.server.log.segment.size.max = 1048576 (custom)
2019-09-20 09:26:53,770 [pool-71-thread-1] INFO  server.RaftServerConfigKeys (ConfUtils.java:logGet(43)) - raft.server.log.segment.cache.num.max = 2 (custom)
2019-09-20 09:26:53,770 [pool-71-thread-1] INFO  segmented.SegmentedRaftLogWorker (SegmentedRaftLogWorker.java:<init>(172)) - new 871e6485-c22a-483f-9e07-d19e754685be-SegmentedRaftLogWorker:Storage Directory /workdir/hadoop-ozone/integration-test/target/test-dir/MiniOzoneClusterImpl-a33d77e5-464b-4d19-8e6b-a171e580bf0e/datanode-4/data/ratis/05a3f603-8772-4eac-8521-896764fae2ad for RaftStorage:Storage Directory /workdir/hadoop-ozone/integration-test/target/test-dir/MiniOzoneClusterImpl-a33d77e5-464b-4d19-8e6b-a171e580bf0e/datanode-4/data/ratis/05a3f603-8772-4eac-8521-896764fae2ad
2019-09-20 09:26:53,770 [pool-71-thread-1] INFO  server.RaftServerConfigKeys (ConfUtils.java:logGet(43)) - raft.server.log.queue.byte-limit = 2147483647 (custom)
2019-09-20 09:26:53,770 [pool-71-thread-1] INFO  server.RaftServerConfigKeys (ConfUtils.java:logGet(43)) - raft.server.log.queue.element-limit = 1024 (custom)
2019-09-20 09:26:53,770 [pool-71-thread-1] INFO  server.RaftServerConfigKeys (ConfUtils.java:logGet(43)) - raft.server.log.segment.size.max = 1048576 (custom)
2019-09-20 09:26:53,770 [pool-71-thread-1] INFO  server.RaftServerConfigKeys (ConfUtils.java:logGet(43)) - raft.server.log.preallocated.size = 16384 (custom)
2019-09-20 09:26:53,771 [pool-71-thread-1] INFO  server.RaftServerConfigKeys (ConfUtils.java:logGet(43)) - raft.server.log.write.buffer.size = 33554432 (custom)
2019-09-20 09:26:53,771 [pool-71-thread-1] INFO  server.RaftServerConfigKeys (ConfUtils.java:logGet(43)) - raft.server.log.force.sync.num = 128 (default)
2019-09-20 09:26:53,771 [pool-71-thread-1] INFO  server.RaftServerConfigKeys (ConfUtils.java:logGet(43)) - raft.server.log.statemachine.data.sync = true (default)
2019-09-20 09:26:53,771 [pool-71-thread-1] INFO  server.RaftServerConfigKeys (ConfUtils.java:logGet(43)) - raft.server.log.statemachine.data.sync.timeout = 10s (default)
2019-09-20 09:26:53,771 [pool-71-thread-1] INFO  server.RaftServerConfigKeys (ConfUtils.java:logGet(43)) - raft.server.log.statemachine.data.sync.timeout.retry = -1 (default)
2019-09-20 09:26:53,771 [pool-71-thread-1] INFO  server.RaftServerConfigKeys (ConfUtils.java:logGet(43)) - raft.server.log.statemachine.data.caching.enabled = true (custom)
2019-09-20 09:26:53,772 [pool-71-thread-1] INFO  segmented.SegmentedRaftLogWorker (SegmentedRaftLogWorker.java:lambda$new$0(132)) - 871e6485-c22a-483f-9e07-d19e754685be-SegmentedRaftLogWorker:Storage Directory /workdir/hadoop-ozone/integration-test/target/test-dir/MiniOzoneClusterImpl-a33d77e5-464b-4d19-8e6b-a171e580bf0e/datanode-4/data/ratis/05a3f603-8772-4eac-8521-896764fae2ad: flushIndex: setUnconditionally 0 -> -1
2019-09-20 09:26:53,772 [pool-71-thread-1] INFO  server.RaftServerConfigKeys (ConfUtils.java:logGet(43)) - raft.server.snapshot.auto.trigger.enabled = true (custom)
2019-09-20 09:26:53,772 [pool-71-thread-1] INFO  server.RaftServerConfigKeys (ConfUtils.java:logGet(43)) - raft.server.snapshot.auto.trigger.threshold = 10000 (custom)
2019-09-20 09:26:53,773 [pool-71-thread-1] INFO  server.RaftServerConfigKeys (ConfUtils.java:logGet(43)) - raft.server.retrycache.expirytime = 600000ms (custom)
2019-09-20 09:26:53,773 [pool-71-thread-1] INFO  impl.RaftServerImpl (RaftServerImpl.java:start(180)) - 871e6485-c22a-483f-9e07-d19e754685be: start group-896764FAE2AD
2019-09-20 09:26:53,773 [pool-71-thread-1] INFO  impl.RaftServerImpl (RaftServerImpl.java:setRole(171)) - 871e6485-c22a-483f-9e07-d19e754685be:group-896764FAE2AD changes role from null to FOLLOWER at term 0 for startAsFollower
2019-09-20 09:26:53,773 [pool-71-thread-1] INFO  impl.RoleInfo (RoleInfo.java:updateAndGet(143)) - 871e6485-c22a-483f-9e07-d19e754685be: start FollowerState
2019-09-20 09:26:53,774 [pool-71-thread-1] INFO  util.JmxRegister (JmxRegister.java:tryRegister(44)) - Successfully registered JMX Bean with object name Ratis:service=RaftServer,group=group-896764FAE2AD,id=871e6485-c22a-483f-9e07-d19e754685be
2019-09-20 09:26:53,780 [RatisPipelineUtilsThread] INFO  pipeline.PipelineStateManager (PipelineStateManager.java:addPipeline(56)) - Created pipeline Pipeline[ Id: 05a3f603-8772-4eac-8521-896764fae2ad, Nodes: 871e6485-c22a-483f-9e07-d19e754685be{ip: 192.168.36.99, host: pr-hdds-1569-p5fx8-1226042367, networkLocation: /default-rack, certSerialId: null}, Type:RATIS, Factor:ONE, State:OPEN]
2019-09-20 09:26:53,793 [grpc-default-executor-1] INFO  impl.RaftServerProxy (RaftServerProxy.java:addNew(89)) - 02b93e76-e4c6-4b67-b8a4-c536d9ab7224: addNew group-439FF9D4C390:[02b93e76-e4c6-4b67-b8a4-c536d9ab7224:192.168.36.99:39343] returns group-439FF9D4C390:java.util.concurrent.CompletableFuture@72f9fee[Not completed]
2019-09-20 09:26:53,795 [pool-27-thread-1] INFO  impl.RaftServerImpl (RaftServerImpl.java:<init>(93)) - 02b93e76-e4c6-4b67-b8a4-c536d9ab7224: new RaftServerImpl for group-439FF9D4C390:[02b93e76-e4c6-4b67-b8a4-c536d9ab7224:192.168.36.99:39343] with ContainerStateMachine:uninitialized
2019-09-20 09:26:53,795 [pool-27-thread-1] INFO  server.RaftServerConfigKeys (ConfUtils.java:logGet(43)) - raft.server.rpc.timeout.min = 5s (custom)
2019-09-20 09:26:53,795 [pool-27-thread-1] INFO  server.RaftServerConfigKeys (ConfUtils.java:logGet(43)) - raft.server.rpc.timeout.max = 5200ms (custom)
2019-09-20 09:26:53,795 [pool-27-thread-1] INFO  server.RaftServerConfigKeys (ConfUtils.java:logGet(43)) - raft.server.rpcslowness.timeout = 10s (custom)
2019-09-20 09:26:53,795 [pool-27-thread-1] INFO  server.RaftServerConfigKeys (ConfUtils.java:logGet(43)) - raft.server.sleep.deviation.threshold = 300 (default)
2019-09-20 09:26:53,796 [pool-27-thread-1] INFO  server.RaftServerConfigKeys (ConfUtils.java:logGet(43)) - raft.server.log.appender.install.snapshot.enabled = false (custom)
2019-09-20 09:26:53,796 [pool-27-thread-1] INFO  impl.RaftServerImpl (ServerState.java:<init>(105)) - 02b93e76-e4c6-4b67-b8a4-c536d9ab7224:group-439FF9D4C390 ConfigurationManager, init=-1: [02b93e76-e4c6-4b67-b8a4-c536d9ab7224:192.168.36.99:39343], old=null, confs=<EMPTY_MAP>
2019-09-20 09:26:53,796 [pool-27-thread-1] INFO  server.RaftServerConfigKeys (ConfUtils.java:logGet(43)) - raft.server.storage.dir = [/workdir/hadoop-ozone/integration-test/target/test-dir/MiniOzoneClusterImpl-a33d77e5-464b-4d19-8e6b-a171e580bf0e/datanode-0/data/ratis] (custom)
2019-09-20 09:26:53,797 [pool-27-thread-1] INFO  storage.RaftStorageDirectory (RaftStorageDirectory.java:analyzeStorage(246)) - The storage directory /workdir/hadoop-ozone/integration-test/target/test-dir/MiniOzoneClusterImpl-a33d77e5-464b-4d19-8e6b-a171e580bf0e/datanode-0/data/ratis/0a0efefe-758f-4a85-a29e-439ff9d4c390 does not exist. Creating ...
2019-09-20 09:26:53,819 [pool-27-thread-1] INFO  storage.RaftStorageDirectory (RaftStorageDirectory.java:tryLock(328)) - Lock on /workdir/hadoop-ozone/integration-test/target/test-dir/MiniOzoneClusterImpl-a33d77e5-464b-4d19-8e6b-a171e580bf0e/datanode-0/data/ratis/0a0efefe-758f-4a85-a29e-439ff9d4c390/in_use.lock acquired by nodename 7145@pr-hdds-1569-p5fx8-1226042367
2019-09-20 09:26:53,844 [pool-27-thread-1] INFO  storage.RaftStorage (RaftStorage.java:format(72)) - Storage directory /workdir/hadoop-ozone/integration-test/target/test-dir/MiniOzoneClusterImpl-a33d77e5-464b-4d19-8e6b-a171e580bf0e/datanode-0/data/ratis/0a0efefe-758f-4a85-a29e-439ff9d4c390 has been successfully formatted.
2019-09-20 09:26:53,844 [pool-27-thread-1] INFO  ratis.ContainerStateMachine (ContainerStateMachine.java:loadSnapshot(226)) - group-439FF9D4C390: The snapshot info is null. Setting the last applied indexto:(t:0, i:~)
2019-09-20 09:26:53,845 [pool-27-thread-1] INFO  server.RaftServerConfigKeys (ConfUtils.java:logGet(43)) - raft.server.leader.election.timeout = 10s (custom)
2019-09-20 09:26:53,845 [pool-27-thread-1] INFO  server.RaftServerConfigKeys (ConfUtils.java:logGet(43)) - raft.server.log.use.memory = false (default)
2019-09-20 09:26:53,845 [pool-27-thread-1] INFO  server.RaftServerConfigKeys (ConfUtils.java:logGet(43)) - raft.server.log.purge.gap = 1000000 (custom)
2019-09-20 09:26:53,845 [pool-27-thread-1] INFO  server.RaftServerConfigKeys (ConfUtils.java:logGet(43)) - raft.server.log.appender.buffer.byte-limit = 33554432 (custom)
2019-09-20 09:26:53,845 [pool-27-thread-1] INFO  server.RaftServerConfigKeys (ConfUtils.java:logGet(43)) - raft.server.log.segment.size.max = 1048576 (custom)
2019-09-20 09:26:53,845 [pool-27-thread-1] INFO  server.RaftServerConfigKeys (ConfUtils.java:logGet(43)) - raft.server.log.segment.cache.num.max = 2 (custom)
2019-09-20 09:26:53,846 [pool-27-thread-1] INFO  segmented.SegmentedRaftLogWorker (SegmentedRaftLogWorker.java:<init>(172)) - new 02b93e76-e4c6-4b67-b8a4-c536d9ab7224-SegmentedRaftLogWorker:Storage Directory /workdir/hadoop-ozone/integration-test/target/test-dir/MiniOzoneClusterImpl-a33d77e5-464b-4d19-8e6b-a171e580bf0e/datanode-0/data/ratis/0a0efefe-758f-4a85-a29e-439ff9d4c390 for RaftStorage:Storage Directory /workdir/hadoop-ozone/integration-test/target/test-dir/MiniOzoneClusterImpl-a33d77e5-464b-4d19-8e6b-a171e580bf0e/datanode-0/data/ratis/0a0efefe-758f-4a85-a29e-439ff9d4c390
2019-09-20 09:26:53,846 [pool-27-thread-1] INFO  server.RaftServerConfigKeys (ConfUtils.java:logGet(43)) - raft.server.log.queue.byte-limit = 2147483647 (custom)
2019-09-20 09:26:53,846 [pool-27-thread-1] INFO  server.RaftServerConfigKeys (ConfUtils.java:logGet(43)) - raft.server.log.queue.element-limit = 1024 (custom)
2019-09-20 09:26:53,846 [pool-27-thread-1] INFO  server.RaftServerConfigKeys (ConfUtils.java:logGet(43)) - raft.server.log.segment.size.max = 1048576 (custom)
2019-09-20 09:26:53,846 [pool-27-thread-1] INFO  server.RaftServerConfigKeys (ConfUtils.java:logGet(43)) - raft.server.log.preallocated.size = 16384 (custom)
2019-09-20 09:26:53,846 [pool-27-thread-1] INFO  server.RaftServerConfigKeys (ConfUtils.java:logGet(43)) - raft.server.log.write.buffer.size = 33554432 (custom)
2019-09-20 09:26:53,846 [pool-27-thread-1] INFO  server.RaftServerConfigKeys (ConfUtils.java:logGet(43)) - raft.server.log.force.sync.num = 128 (default)
2019-09-20 09:26:53,847 [pool-27-thread-1] INFO  server.RaftServerConfigKeys (ConfUtils.java:logGet(43)) - raft.server.log.statemachine.data.sync = true (default)
2019-09-20 09:26:53,847 [pool-27-thread-1] INFO  server.RaftServerConfigKeys (ConfUtils.java:logGet(43)) - raft.server.log.statemachine.data.sync.timeout = 10s (default)
2019-09-20 09:26:53,847 [pool-27-thread-1] INFO  server.RaftServerConfigKeys (ConfUtils.java:logGet(43)) - raft.server.log.statemachine.data.sync.timeout.retry = -1 (default)
2019-09-20 09:26:53,847 [pool-27-thread-1] INFO  server.RaftServerConfigKeys (ConfUtils.java:logGet(43)) - raft.server.log.statemachine.data.caching.enabled = true (custom)
2019-09-20 09:26:53,847 [pool-27-thread-1] INFO  segmented.SegmentedRaftLogWorker (SegmentedRaftLogWorker.java:lambda$new$0(132)) - 02b93e76-e4c6-4b67-b8a4-c536d9ab7224-SegmentedRaftLogWorker:Storage Directory /workdir/hadoop-ozone/integration-test/target/test-dir/MiniOzoneClusterImpl-a33d77e5-464b-4d19-8e6b-a171e580bf0e/datanode-0/data/ratis/0a0efefe-758f-4a85-a29e-439ff9d4c390: flushIndex: setUnconditionally 0 -> -1
2019-09-20 09:26:53,848 [pool-27-thread-1] INFO  server.RaftServerConfigKeys (ConfUtils.java:logGet(43)) - raft.server.snapshot.auto.trigger.enabled = true (custom)
2019-09-20 09:26:53,848 [pool-27-thread-1] INFO  server.RaftServerConfigKeys (ConfUtils.java:logGet(43)) - raft.server.snapshot.auto.trigger.threshold = 10000 (custom)
2019-09-20 09:26:53,848 [pool-27-thread-1] INFO  server.RaftServerConfigKeys (ConfUtils.java:logGet(43)) - raft.server.retrycache.expirytime = 600000ms (custom)
2019-09-20 09:26:53,848 [pool-27-thread-1] INFO  impl.RaftServerImpl (RaftServerImpl.java:start(180)) - 02b93e76-e4c6-4b67-b8a4-c536d9ab7224: start group-439FF9D4C390
2019-09-20 09:26:53,848 [pool-27-thread-1] INFO  impl.RaftServerImpl (RaftServerImpl.java:setRole(171)) - 02b93e76-e4c6-4b67-b8a4-c536d9ab7224:group-439FF9D4C390 changes role from null to FOLLOWER at term 0 for startAsFollower
2019-09-20 09:26:53,849 [pool-27-thread-1] INFO  impl.RoleInfo (RoleInfo.java:updateAndGet(143)) - 02b93e76-e4c6-4b67-b8a4-c536d9ab7224: start FollowerState
2019-09-20 09:26:53,849 [pool-27-thread-1] INFO  util.JmxRegister (JmxRegister.java:tryRegister(44)) - Successfully registered JMX Bean with object name Ratis:service=RaftServer,group=group-439FF9D4C390,id=02b93e76-e4c6-4b67-b8a4-c536d9ab7224
2019-09-20 09:26:53,855 [RatisPipelineUtilsThread] INFO  pipeline.PipelineStateManager (PipelineStateManager.java:addPipeline(56)) - Created pipeline Pipeline[ Id: 0a0efefe-758f-4a85-a29e-439ff9d4c390, Nodes: 02b93e76-e4c6-4b67-b8a4-c536d9ab7224{ip: 192.168.36.99, host: pr-hdds-1569-p5fx8-1226042367, networkLocation: /default-rack, certSerialId: null}, Type:RATIS, Factor:ONE, State:OPEN]
2019-09-20 09:26:53,872 [grpc-default-executor-1] INFO  impl.RaftServerProxy (RaftServerProxy.java:addNew(89)) - 4840c00f-91d3-4881-a20b-4d0486ca97c0: addNew group-5E714E2C18C4:[4840c00f-91d3-4881-a20b-4d0486ca97c0:192.168.36.99:41473] returns group-5E714E2C18C4:java.util.concurrent.CompletableFuture@dd7f49e[Not completed]
2019-09-20 09:26:53,874 [pool-60-thread-1] INFO  impl.RaftServerImpl (RaftServerImpl.java:<init>(93)) - 4840c00f-91d3-4881-a20b-4d0486ca97c0: new RaftServerImpl for group-5E714E2C18C4:[4840c00f-91d3-4881-a20b-4d0486ca97c0:192.168.36.99:41473] with ContainerStateMachine:uninitialized
2019-09-20 09:26:53,874 [pool-60-thread-1] INFO  server.RaftServerConfigKeys (ConfUtils.java:logGet(43)) - raft.server.rpc.timeout.min = 5s (custom)
2019-09-20 09:26:53,874 [pool-60-thread-1] INFO  server.RaftServerConfigKeys (ConfUtils.java:logGet(43)) - raft.server.rpc.timeout.max = 5200ms (custom)
2019-09-20 09:26:53,874 [pool-60-thread-1] INFO  server.RaftServerConfigKeys (ConfUtils.java:logGet(43)) - raft.server.rpcslowness.timeout = 10s (custom)
2019-09-20 09:26:53,874 [pool-60-thread-1] INFO  server.RaftServerConfigKeys (ConfUtils.java:logGet(43)) - raft.server.sleep.deviation.threshold = 300 (default)
2019-09-20 09:26:53,874 [pool-60-thread-1] INFO  server.RaftServerConfigKeys (ConfUtils.java:logGet(43)) - raft.server.log.appender.install.snapshot.enabled = false (custom)
2019-09-20 09:26:53,875 [pool-60-thread-1] INFO  impl.RaftServerImpl (ServerState.java:<init>(105)) - 4840c00f-91d3-4881-a20b-4d0486ca97c0:group-5E714E2C18C4 ConfigurationManager, init=-1: [4840c00f-91d3-4881-a20b-4d0486ca97c0:192.168.36.99:41473], old=null, confs=<EMPTY_MAP>
2019-09-20 09:26:53,875 [pool-60-thread-1] INFO  server.RaftServerConfigKeys (ConfUtils.java:logGet(43)) - raft.server.storage.dir = [/workdir/hadoop-ozone/integration-test/target/test-dir/MiniOzoneClusterImpl-a33d77e5-464b-4d19-8e6b-a171e580bf0e/datanode-3/data/ratis] (custom)
2019-09-20 09:26:53,875 [pool-60-thread-1] INFO  storage.RaftStorageDirectory (RaftStorageDirectory.java:analyzeStorage(246)) - The storage directory /workdir/hadoop-ozone/integration-test/target/test-dir/MiniOzoneClusterImpl-a33d77e5-464b-4d19-8e6b-a171e580bf0e/datanode-3/data/ratis/a0a3f5cd-1105-46e4-8615-5e714e2c18c4 does not exist. Creating ...
2019-09-20 09:26:53,919 [pool-60-thread-1] INFO  storage.RaftStorageDirectory (RaftStorageDirectory.java:tryLock(328)) - Lock on /workdir/hadoop-ozone/integration-test/target/test-dir/MiniOzoneClusterImpl-a33d77e5-464b-4d19-8e6b-a171e580bf0e/datanode-3/data/ratis/a0a3f5cd-1105-46e4-8615-5e714e2c18c4/in_use.lock acquired by nodename 7145@pr-hdds-1569-p5fx8-1226042367
2019-09-20 09:26:53,937 [pool-60-thread-1] INFO  storage.RaftStorage (RaftStorage.java:format(72)) - Storage directory /workdir/hadoop-ozone/integration-test/target/test-dir/MiniOzoneClusterImpl-a33d77e5-464b-4d19-8e6b-a171e580bf0e/datanode-3/data/ratis/a0a3f5cd-1105-46e4-8615-5e714e2c18c4 has been successfully formatted.
2019-09-20 09:26:53,937 [pool-60-thread-1] INFO  ratis.ContainerStateMachine (ContainerStateMachine.java:loadSnapshot(226)) - group-5E714E2C18C4: The snapshot info is null. Setting the last applied indexto:(t:0, i:~)
2019-09-20 09:26:53,937 [pool-60-thread-1] INFO  server.RaftServerConfigKeys (ConfUtils.java:logGet(43)) - raft.server.leader.election.timeout = 10s (custom)
2019-09-20 09:26:53,937 [pool-60-thread-1] INFO  server.RaftServerConfigKeys (ConfUtils.java:logGet(43)) - raft.server.log.use.memory = false (default)
2019-09-20 09:26:53,938 [pool-60-thread-1] INFO  server.RaftServerConfigKeys (ConfUtils.java:logGet(43)) - raft.server.log.purge.gap = 1000000 (custom)
2019-09-20 09:26:53,938 [pool-60-thread-1] INFO  server.RaftServerConfigKeys (ConfUtils.java:logGet(43)) - raft.server.log.appender.buffer.byte-limit = 33554432 (custom)
2019-09-20 09:26:53,938 [pool-60-thread-1] INFO  server.RaftServerConfigKeys (ConfUtils.java:logGet(43)) - raft.server.log.segment.size.max = 1048576 (custom)
2019-09-20 09:26:53,938 [pool-60-thread-1] INFO  server.RaftServerConfigKeys (ConfUtils.java:logGet(43)) - raft.server.log.segment.cache.num.max = 2 (custom)
2019-09-20 09:26:53,938 [pool-60-thread-1] INFO  segmented.SegmentedRaftLogWorker (SegmentedRaftLogWorker.java:<init>(172)) - new 4840c00f-91d3-4881-a20b-4d0486ca97c0-SegmentedRaftLogWorker:Storage Directory /workdir/hadoop-ozone/integration-test/target/test-dir/MiniOzoneClusterImpl-a33d77e5-464b-4d19-8e6b-a171e580bf0e/datanode-3/data/ratis/a0a3f5cd-1105-46e4-8615-5e714e2c18c4 for RaftStorage:Storage Directory /workdir/hadoop-ozone/integration-test/target/test-dir/MiniOzoneClusterImpl-a33d77e5-464b-4d19-8e6b-a171e580bf0e/datanode-3/data/ratis/a0a3f5cd-1105-46e4-8615-5e714e2c18c4
2019-09-20 09:26:53,938 [pool-60-thread-1] INFO  server.RaftServerConfigKeys (ConfUtils.java:logGet(43)) - raft.server.log.queue.byte-limit = 2147483647 (custom)
2019-09-20 09:26:53,939 [pool-60-thread-1] INFO  server.RaftServerConfigKeys (ConfUtils.java:logGet(43)) - raft.server.log.queue.element-limit = 1024 (custom)
2019-09-20 09:26:53,939 [pool-60-thread-1] INFO  server.RaftServerConfigKeys (ConfUtils.java:logGet(43)) - raft.server.log.segment.size.max = 1048576 (custom)
2019-09-20 09:26:53,939 [pool-60-thread-1] INFO  server.RaftServerConfigKeys (ConfUtils.java:logGet(43)) - raft.server.log.preallocated.size = 16384 (custom)
2019-09-20 09:26:53,939 [pool-60-thread-1] INFO  server.RaftServerConfigKeys (ConfUtils.java:logGet(43)) - raft.server.log.write.buffer.size = 33554432 (custom)
2019-09-20 09:26:53,939 [pool-60-thread-1] INFO  server.RaftServerConfigKeys (ConfUtils.java:logGet(43)) - raft.server.log.force.sync.num = 128 (default)
2019-09-20 09:26:53,939 [pool-60-thread-1] INFO  server.RaftServerConfigKeys (ConfUtils.java:logGet(43)) - raft.server.log.statemachine.data.sync = true (default)
2019-09-20 09:26:53,940 [pool-60-thread-1] INFO  server.RaftServerConfigKeys (ConfUtils.java:logGet(43)) - raft.server.log.statemachine.data.sync.timeout = 10s (default)
2019-09-20 09:26:53,940 [pool-60-thread-1] INFO  server.RaftServerConfigKeys (ConfUtils.java:logGet(43)) - raft.server.log.statemachine.data.sync.timeout.retry = -1 (default)
2019-09-20 09:26:53,940 [pool-60-thread-1] INFO  server.RaftServerConfigKeys (ConfUtils.java:logGet(43)) - raft.server.log.statemachine.data.caching.enabled = true (custom)
2019-09-20 09:26:53,940 [pool-60-thread-1] INFO  segmented.SegmentedRaftLogWorker (SegmentedRaftLogWorker.java:lambda$new$0(132)) - 4840c00f-91d3-4881-a20b-4d0486ca97c0-SegmentedRaftLogWorker:Storage Directory /workdir/hadoop-ozone/integration-test/target/test-dir/MiniOzoneClusterImpl-a33d77e5-464b-4d19-8e6b-a171e580bf0e/datanode-3/data/ratis/a0a3f5cd-1105-46e4-8615-5e714e2c18c4: flushIndex: setUnconditionally 0 -> -1
2019-09-20 09:26:53,941 [pool-60-thread-1] INFO  server.RaftServerConfigKeys (ConfUtils.java:logGet(43)) - raft.server.snapshot.auto.trigger.enabled = true (custom)
2019-09-20 09:26:53,941 [pool-60-thread-1] INFO  server.RaftServerConfigKeys (ConfUtils.java:logGet(43)) - raft.server.snapshot.auto.trigger.threshold = 10000 (custom)
2019-09-20 09:26:53,941 [pool-60-thread-1] INFO  server.RaftServerConfigKeys (ConfUtils.java:logGet(43)) - raft.server.retrycache.expirytime = 600000ms (custom)
2019-09-20 09:26:53,941 [pool-60-thread-1] INFO  impl.RaftServerImpl (RaftServerImpl.java:start(180)) - 4840c00f-91d3-4881-a20b-4d0486ca97c0: start group-5E714E2C18C4
2019-09-20 09:26:53,942 [pool-60-thread-1] INFO  impl.RaftServerImpl (RaftServerImpl.java:setRole(171)) - 4840c00f-91d3-4881-a20b-4d0486ca97c0:group-5E714E2C18C4 changes role from null to FOLLOWER at term 0 for startAsFollower
2019-09-20 09:26:53,942 [pool-60-thread-1] INFO  impl.RoleInfo (RoleInfo.java:updateAndGet(143)) - 4840c00f-91d3-4881-a20b-4d0486ca97c0: start FollowerState
2019-09-20 09:26:53,942 [pool-60-thread-1] INFO  util.JmxRegister (JmxRegister.java:tryRegister(44)) - Successfully registered JMX Bean with object name Ratis:service=RaftServer,group=group-5E714E2C18C4,id=4840c00f-91d3-4881-a20b-4d0486ca97c0
2019-09-20 09:26:53,948 [RatisPipelineUtilsThread] INFO  pipeline.PipelineStateManager (PipelineStateManager.java:addPipeline(56)) - Created pipeline Pipeline[ Id: a0a3f5cd-1105-46e4-8615-5e714e2c18c4, Nodes: 4840c00f-91d3-4881-a20b-4d0486ca97c0{ip: 192.168.36.99, host: pr-hdds-1569-p5fx8-1226042367, networkLocation: /default-rack, certSerialId: null}, Type:RATIS, Factor:ONE, State:OPEN]
2019-09-20 09:26:53,961 [grpc-default-executor-1] INFO  impl.RaftServerProxy (RaftServerProxy.java:addNew(89)) - 02b93e76-e4c6-4b67-b8a4-c536d9ab7224: addNew group-4ABE2EBFF4F2:[02b93e76-e4c6-4b67-b8a4-c536d9ab7224:192.168.36.99:39343] returns group-4ABE2EBFF4F2:java.util.concurrent.CompletableFuture@337e4d5b[Not completed]
2019-09-20 09:26:53,963 [pool-27-thread-1] INFO  impl.RaftServerImpl (RaftServerImpl.java:<init>(93)) - 02b93e76-e4c6-4b67-b8a4-c536d9ab7224: new RaftServerImpl for group-4ABE2EBFF4F2:[02b93e76-e4c6-4b67-b8a4-c536d9ab7224:192.168.36.99:39343] with ContainerStateMachine:uninitialized
2019-09-20 09:26:53,963 [pool-27-thread-1] INFO  server.RaftServerConfigKeys (ConfUtils.java:logGet(43)) - raft.server.rpc.timeout.min = 5s (custom)
2019-09-20 09:26:53,963 [pool-27-thread-1] INFO  server.RaftServerConfigKeys (ConfUtils.java:logGet(43)) - raft.server.rpc.timeout.max = 5200ms (custom)
2019-09-20 09:26:53,963 [pool-27-thread-1] INFO  server.RaftServerConfigKeys (ConfUtils.java:logGet(43)) - raft.server.rpcslowness.timeout = 10s (custom)
2019-09-20 09:26:53,964 [pool-27-thread-1] INFO  server.RaftServerConfigKeys (ConfUtils.java:logGet(43)) - raft.server.sleep.deviation.threshold = 300 (default)
2019-09-20 09:26:53,964 [pool-27-thread-1] INFO  server.RaftServerConfigKeys (ConfUtils.java:logGet(43)) - raft.server.log.appender.install.snapshot.enabled = false (custom)
2019-09-20 09:26:53,964 [pool-27-thread-1] INFO  impl.RaftServerImpl (ServerState.java:<init>(105)) - 02b93e76-e4c6-4b67-b8a4-c536d9ab7224:group-4ABE2EBFF4F2 ConfigurationManager, init=-1: [02b93e76-e4c6-4b67-b8a4-c536d9ab7224:192.168.36.99:39343], old=null, confs=<EMPTY_MAP>
2019-09-20 09:26:53,964 [pool-27-thread-1] INFO  server.RaftServerConfigKeys (ConfUtils.java:logGet(43)) - raft.server.storage.dir = [/workdir/hadoop-ozone/integration-test/target/test-dir/MiniOzoneClusterImpl-a33d77e5-464b-4d19-8e6b-a171e580bf0e/datanode-0/data/ratis] (custom)
2019-09-20 09:26:53,965 [pool-27-thread-1] INFO  storage.RaftStorageDirectory (RaftStorageDirectory.java:analyzeStorage(246)) - The storage directory /workdir/hadoop-ozone/integration-test/target/test-dir/MiniOzoneClusterImpl-a33d77e5-464b-4d19-8e6b-a171e580bf0e/datanode-0/data/ratis/39713c70-e461-4e01-8ba4-4abe2ebff4f2 does not exist. Creating ...
2019-09-20 09:26:53,987 [pool-27-thread-1] INFO  storage.RaftStorageDirectory (RaftStorageDirectory.java:tryLock(328)) - Lock on /workdir/hadoop-ozone/integration-test/target/test-dir/MiniOzoneClusterImpl-a33d77e5-464b-4d19-8e6b-a171e580bf0e/datanode-0/data/ratis/39713c70-e461-4e01-8ba4-4abe2ebff4f2/in_use.lock acquired by nodename 7145@pr-hdds-1569-p5fx8-1226042367
2019-09-20 09:26:54,012 [pool-27-thread-1] INFO  storage.RaftStorage (RaftStorage.java:format(72)) - Storage directory /workdir/hadoop-ozone/integration-test/target/test-dir/MiniOzoneClusterImpl-a33d77e5-464b-4d19-8e6b-a171e580bf0e/datanode-0/data/ratis/39713c70-e461-4e01-8ba4-4abe2ebff4f2 has been successfully formatted.
2019-09-20 09:26:54,013 [pool-27-thread-1] INFO  ratis.ContainerStateMachine (ContainerStateMachine.java:loadSnapshot(226)) - group-4ABE2EBFF4F2: The snapshot info is null. Setting the last applied indexto:(t:0, i:~)
2019-09-20 09:26:54,013 [pool-27-thread-1] INFO  server.RaftServerConfigKeys (ConfUtils.java:logGet(43)) - raft.server.leader.election.timeout = 10s (custom)
2019-09-20 09:26:54,013 [pool-27-thread-1] INFO  server.RaftServerConfigKeys (ConfUtils.java:logGet(43)) - raft.server.log.use.memory = false (default)
2019-09-20 09:26:54,013 [pool-27-thread-1] INFO  server.RaftServerConfigKeys (ConfUtils.java:logGet(43)) - raft.server.log.purge.gap = 1000000 (custom)
2019-09-20 09:26:54,014 [pool-27-thread-1] INFO  server.RaftServerConfigKeys (ConfUtils.java:logGet(43)) - raft.server.log.appender.buffer.byte-limit = 33554432 (custom)
2019-09-20 09:26:54,014 [pool-27-thread-1] INFO  server.RaftServerConfigKeys (ConfUtils.java:logGet(43)) - raft.server.log.segment.size.max = 1048576 (custom)
2019-09-20 09:26:54,014 [pool-27-thread-1] INFO  server.RaftServerConfigKeys (ConfUtils.java:logGet(43)) - raft.server.log.segment.cache.num.max = 2 (custom)
2019-09-20 09:26:54,014 [pool-27-thread-1] INFO  segmented.SegmentedRaftLogWorker (SegmentedRaftLogWorker.java:<init>(172)) - new 02b93e76-e4c6-4b67-b8a4-c536d9ab7224-SegmentedRaftLogWorker:Storage Directory /workdir/hadoop-ozone/integration-test/target/test-dir/MiniOzoneClusterImpl-a33d77e5-464b-4d19-8e6b-a171e580bf0e/datanode-0/data/ratis/39713c70-e461-4e01-8ba4-4abe2ebff4f2 for RaftStorage:Storage Directory /workdir/hadoop-ozone/integration-test/target/test-dir/MiniOzoneClusterImpl-a33d77e5-464b-4d19-8e6b-a171e580bf0e/datanode-0/data/ratis/39713c70-e461-4e01-8ba4-4abe2ebff4f2
2019-09-20 09:26:54,014 [pool-27-thread-1] INFO  server.RaftServerConfigKeys (ConfUtils.java:logGet(43)) - raft.server.log.queue.byte-limit = 2147483647 (custom)
2019-09-20 09:26:54,015 [pool-27-thread-1] INFO  server.RaftServerConfigKeys (ConfUtils.java:logGet(43)) - raft.server.log.queue.element-limit = 1024 (custom)
2019-09-20 09:26:54,015 [pool-27-thread-1] INFO  server.RaftServerConfigKeys (ConfUtils.java:logGet(43)) - raft.server.log.segment.size.max = 1048576 (custom)
2019-09-20 09:26:54,015 [pool-27-thread-1] INFO  server.RaftServerConfigKeys (ConfUtils.java:logGet(43)) - raft.server.log.preallocated.size = 16384 (custom)
2019-09-20 09:26:54,015 [pool-27-thread-1] INFO  server.RaftServerConfigKeys (ConfUtils.java:logGet(43)) - raft.server.log.write.buffer.size = 33554432 (custom)
2019-09-20 09:26:54,015 [pool-27-thread-1] INFO  server.RaftServerConfigKeys (ConfUtils.java:logGet(43)) - raft.server.log.force.sync.num = 128 (default)
2019-09-20 09:26:54,015 [pool-27-thread-1] INFO  server.RaftServerConfigKeys (ConfUtils.java:logGet(43)) - raft.server.log.statemachine.data.sync = true (default)
2019-09-20 09:26:54,016 [pool-27-thread-1] INFO  server.RaftServerConfigKeys (ConfUtils.java:logGet(43)) - raft.server.log.statemachine.data.sync.timeout = 10s (default)
2019-09-20 09:26:54,016 [pool-27-thread-1] INFO  server.RaftServerConfigKeys (ConfUtils.java:logGet(43)) - raft.server.log.statemachine.data.sync.timeout.retry = -1 (default)
2019-09-20 09:26:54,016 [pool-27-thread-1] INFO  server.RaftServerConfigKeys (ConfUtils.java:logGet(43)) - raft.server.log.statemachine.data.caching.enabled = true (custom)
2019-09-20 09:26:54,017 [pool-27-thread-1] INFO  segmented.SegmentedRaftLogWorker (SegmentedRaftLogWorker.java:lambda$new$0(132)) - 02b93e76-e4c6-4b67-b8a4-c536d9ab7224-SegmentedRaftLogWorker:Storage Directory /workdir/hadoop-ozone/integration-test/target/test-dir/MiniOzoneClusterImpl-a33d77e5-464b-4d19-8e6b-a171e580bf0e/datanode-0/data/ratis/39713c70-e461-4e01-8ba4-4abe2ebff4f2: flushIndex: setUnconditionally 0 -> -1
2019-09-20 09:26:54,017 [pool-27-thread-1] INFO  server.RaftServerConfigKeys (ConfUtils.java:logGet(43)) - raft.server.snapshot.auto.trigger.enabled = true (custom)
2019-09-20 09:26:54,017 [pool-27-thread-1] INFO  server.RaftServerConfigKeys (ConfUtils.java:logGet(43)) - raft.server.snapshot.auto.trigger.threshold = 10000 (custom)
2019-09-20 09:26:54,017 [pool-27-thread-1] INFO  server.RaftServerConfigKeys (ConfUtils.java:logGet(43)) - raft.server.retrycache.expirytime = 600000ms (custom)
2019-09-20 09:26:54,018 [pool-27-thread-1] INFO  impl.RaftServerImpl (RaftServerImpl.java:start(180)) - 02b93e76-e4c6-4b67-b8a4-c536d9ab7224: start group-4ABE2EBFF4F2
2019-09-20 09:26:54,018 [pool-27-thread-1] INFO  impl.RaftServerImpl (RaftServerImpl.java:setRole(171)) - 02b93e76-e4c6-4b67-b8a4-c536d9ab7224:group-4ABE2EBFF4F2 changes role from null to FOLLOWER at term 0 for startAsFollower
2019-09-20 09:26:54,018 [pool-27-thread-1] INFO  impl.RoleInfo (RoleInfo.java:updateAndGet(143)) - 02b93e76-e4c6-4b67-b8a4-c536d9ab7224: start FollowerState
2019-09-20 09:26:54,019 [pool-27-thread-1] INFO  util.JmxRegister (JmxRegister.java:tryRegister(44)) - Successfully registered JMX Bean with object name Ratis:service=RaftServer,group=group-4ABE2EBFF4F2,id=02b93e76-e4c6-4b67-b8a4-c536d9ab7224
2019-09-20 09:26:54,025 [RatisPipelineUtilsThread] INFO  pipeline.PipelineStateManager (PipelineStateManager.java:addPipeline(56)) - Created pipeline Pipeline[ Id: 39713c70-e461-4e01-8ba4-4abe2ebff4f2, Nodes: 02b93e76-e4c6-4b67-b8a4-c536d9ab7224{ip: 192.168.36.99, host: pr-hdds-1569-p5fx8-1226042367, networkLocation: /default-rack, certSerialId: null}, Type:RATIS, Factor:ONE, State:OPEN]
2019-09-20 09:26:54,039 [grpc-default-executor-1] INFO  impl.RaftServerProxy (RaftServerProxy.java:addNew(89)) - 871e6485-c22a-483f-9e07-d19e754685be: addNew group-57DC3109F456:[871e6485-c22a-483f-9e07-d19e754685be:192.168.36.99:41076] returns group-57DC3109F456:java.util.concurrent.CompletableFuture@4b167946[Not completed]
2019-09-20 09:26:54,040 [pool-71-thread-1] INFO  impl.RaftServerImpl (RaftServerImpl.java:<init>(93)) - 871e6485-c22a-483f-9e07-d19e754685be: new RaftServerImpl for group-57DC3109F456:[871e6485-c22a-483f-9e07-d19e754685be:192.168.36.99:41076] with ContainerStateMachine:uninitialized
2019-09-20 09:26:54,040 [pool-71-thread-1] INFO  server.RaftServerConfigKeys (ConfUtils.java:logGet(43)) - raft.server.rpc.timeout.min = 5s (custom)
2019-09-20 09:26:54,040 [pool-71-thread-1] INFO  server.RaftServerConfigKeys (ConfUtils.java:logGet(43)) - raft.server.rpc.timeout.max = 5200ms (custom)
2019-09-20 09:26:54,040 [pool-71-thread-1] INFO  server.RaftServerConfigKeys (ConfUtils.java:logGet(43)) - raft.server.rpcslowness.timeout = 10s (custom)
2019-09-20 09:26:54,041 [pool-71-thread-1] INFO  server.RaftServerConfigKeys (ConfUtils.java:logGet(43)) - raft.server.sleep.deviation.threshold = 300 (default)
2019-09-20 09:26:54,041 [pool-71-thread-1] INFO  server.RaftServerConfigKeys (ConfUtils.java:logGet(43)) - raft.server.log.appender.install.snapshot.enabled = false (custom)
2019-09-20 09:26:54,041 [pool-71-thread-1] INFO  impl.RaftServerImpl (ServerState.java:<init>(105)) - 871e6485-c22a-483f-9e07-d19e754685be:group-57DC3109F456 ConfigurationManager, init=-1: [871e6485-c22a-483f-9e07-d19e754685be:192.168.36.99:41076], old=null, confs=<EMPTY_MAP>
2019-09-20 09:26:54,041 [pool-71-thread-1] INFO  server.RaftServerConfigKeys (ConfUtils.java:logGet(43)) - raft.server.storage.dir = [/workdir/hadoop-ozone/integration-test/target/test-dir/MiniOzoneClusterImpl-a33d77e5-464b-4d19-8e6b-a171e580bf0e/datanode-4/data/ratis] (custom)
2019-09-20 09:26:54,041 [pool-71-thread-1] INFO  storage.RaftStorageDirectory (RaftStorageDirectory.java:analyzeStorage(246)) - The storage directory /workdir/hadoop-ozone/integration-test/target/test-dir/MiniOzoneClusterImpl-a33d77e5-464b-4d19-8e6b-a171e580bf0e/datanode-4/data/ratis/0421416a-2f98-493d-b7c2-57dc3109f456 does not exist. Creating ...
2019-09-20 09:26:54,071 [pool-71-thread-1] INFO  storage.RaftStorageDirectory (RaftStorageDirectory.java:tryLock(328)) - Lock on /workdir/hadoop-ozone/integration-test/target/test-dir/MiniOzoneClusterImpl-a33d77e5-464b-4d19-8e6b-a171e580bf0e/datanode-4/data/ratis/0421416a-2f98-493d-b7c2-57dc3109f456/in_use.lock acquired by nodename 7145@pr-hdds-1569-p5fx8-1226042367
2019-09-20 09:26:54,096 [pool-71-thread-1] INFO  storage.RaftStorage (RaftStorage.java:format(72)) - Storage directory /workdir/hadoop-ozone/integration-test/target/test-dir/MiniOzoneClusterImpl-a33d77e5-464b-4d19-8e6b-a171e580bf0e/datanode-4/data/ratis/0421416a-2f98-493d-b7c2-57dc3109f456 has been successfully formatted.
2019-09-20 09:26:54,097 [pool-71-thread-1] INFO  ratis.ContainerStateMachine (ContainerStateMachine.java:loadSnapshot(226)) - group-57DC3109F456: The snapshot info is null. Setting the last applied indexto:(t:0, i:~)
2019-09-20 09:26:54,097 [pool-71-thread-1] INFO  server.RaftServerConfigKeys (ConfUtils.java:logGet(43)) - raft.server.leader.election.timeout = 10s (custom)
2019-09-20 09:26:54,097 [pool-71-thread-1] INFO  server.RaftServerConfigKeys (ConfUtils.java:logGet(43)) - raft.server.log.use.memory = false (default)
2019-09-20 09:26:54,097 [pool-71-thread-1] INFO  server.RaftServerConfigKeys (ConfUtils.java:logGet(43)) - raft.server.log.purge.gap = 1000000 (custom)
2019-09-20 09:26:54,097 [pool-71-thread-1] INFO  server.RaftServerConfigKeys (ConfUtils.java:logGet(43)) - raft.server.log.appender.buffer.byte-limit = 33554432 (custom)
2019-09-20 09:26:54,098 [pool-71-thread-1] INFO  server.RaftServerConfigKeys (ConfUtils.java:logGet(43)) - raft.server.log.segment.size.max = 1048576 (custom)
2019-09-20 09:26:54,098 [pool-71-thread-1] INFO  server.RaftServerConfigKeys (ConfUtils.java:logGet(43)) - raft.server.log.segment.cache.num.max = 2 (custom)
2019-09-20 09:26:54,098 [pool-71-thread-1] INFO  segmented.SegmentedRaftLogWorker (SegmentedRaftLogWorker.java:<init>(172)) - new 871e6485-c22a-483f-9e07-d19e754685be-SegmentedRaftLogWorker:Storage Directory /workdir/hadoop-ozone/integration-test/target/test-dir/MiniOzoneClusterImpl-a33d77e5-464b-4d19-8e6b-a171e580bf0e/datanode-4/data/ratis/0421416a-2f98-493d-b7c2-57dc3109f456 for RaftStorage:Storage Directory /workdir/hadoop-ozone/integration-test/target/test-dir/MiniOzoneClusterImpl-a33d77e5-464b-4d19-8e6b-a171e580bf0e/datanode-4/data/ratis/0421416a-2f98-493d-b7c2-57dc3109f456
2019-09-20 09:26:54,098 [pool-71-thread-1] INFO  server.RaftServerConfigKeys (ConfUtils.java:logGet(43)) - raft.server.log.queue.byte-limit = 2147483647 (custom)
2019-09-20 09:26:54,098 [pool-71-thread-1] INFO  server.RaftServerConfigKeys (ConfUtils.java:logGet(43)) - raft.server.log.queue.element-limit = 1024 (custom)
2019-09-20 09:26:54,099 [pool-71-thread-1] INFO  server.RaftServerConfigKeys (ConfUtils.java:logGet(43)) - raft.server.log.segment.size.max = 1048576 (custom)
2019-09-20 09:26:54,099 [pool-71-thread-1] INFO  server.RaftServerConfigKeys (ConfUtils.java:logGet(43)) - raft.server.log.preallocated.size = 16384 (custom)
2019-09-20 09:26:54,099 [pool-71-thread-1] INFO  server.RaftServerConfigKeys (ConfUtils.java:logGet(43)) - raft.server.log.write.buffer.size = 33554432 (custom)
2019-09-20 09:26:54,099 [pool-71-thread-1] INFO  server.RaftServerConfigKeys (ConfUtils.java:logGet(43)) - raft.server.log.force.sync.num = 128 (default)
2019-09-20 09:26:54,099 [pool-71-thread-1] INFO  server.RaftServerConfigKeys (ConfUtils.java:logGet(43)) - raft.server.log.statemachine.data.sync = true (default)
2019-09-20 09:26:54,099 [pool-71-thread-1] INFO  server.RaftServerConfigKeys (ConfUtils.java:logGet(43)) - raft.server.log.statemachine.data.sync.timeout = 10s (default)
2019-09-20 09:26:54,100 [pool-71-thread-1] INFO  server.RaftServerConfigKeys (ConfUtils.java:logGet(43)) - raft.server.log.statemachine.data.sync.timeout.retry = -1 (default)
2019-09-20 09:26:54,100 [pool-71-thread-1] INFO  server.RaftServerConfigKeys (ConfUtils.java:logGet(43)) - raft.server.log.statemachine.data.caching.enabled = true (custom)
2019-09-20 09:26:54,100 [pool-71-thread-1] INFO  segmented.SegmentedRaftLogWorker (SegmentedRaftLogWorker.java:lambda$new$0(132)) - 871e6485-c22a-483f-9e07-d19e754685be-SegmentedRaftLogWorker:Storage Directory /workdir/hadoop-ozone/integration-test/target/test-dir/MiniOzoneClusterImpl-a33d77e5-464b-4d19-8e6b-a171e580bf0e/datanode-4/data/ratis/0421416a-2f98-493d-b7c2-57dc3109f456: flushIndex: setUnconditionally 0 -> -1
2019-09-20 09:26:54,101 [pool-71-thread-1] INFO  server.RaftServerConfigKeys (ConfUtils.java:logGet(43)) - raft.server.snapshot.auto.trigger.enabled = true (custom)
2019-09-20 09:26:54,101 [pool-71-thread-1] INFO  server.RaftServerConfigKeys (ConfUtils.java:logGet(43)) - raft.server.snapshot.auto.trigger.threshold = 10000 (custom)
2019-09-20 09:26:54,101 [pool-71-thread-1] INFO  server.RaftServerConfigKeys (ConfUtils.java:logGet(43)) - raft.server.retrycache.expirytime = 600000ms (custom)
2019-09-20 09:26:54,102 [pool-71-thread-1] INFO  impl.RaftServerImpl (RaftServerImpl.java:start(180)) - 871e6485-c22a-483f-9e07-d19e754685be: start group-57DC3109F456
2019-09-20 09:26:54,102 [pool-71-thread-1] INFO  impl.RaftServerImpl (RaftServerImpl.java:setRole(171)) - 871e6485-c22a-483f-9e07-d19e754685be:group-57DC3109F456 changes role from null to FOLLOWER at term 0 for startAsFollower
2019-09-20 09:26:54,102 [pool-71-thread-1] INFO  impl.RoleInfo (RoleInfo.java:updateAndGet(143)) - 871e6485-c22a-483f-9e07-d19e754685be: start FollowerState
2019-09-20 09:26:54,103 [pool-71-thread-1] INFO  util.JmxRegister (JmxRegister.java:tryRegister(44)) - Successfully registered JMX Bean with object name Ratis:service=RaftServer,group=group-57DC3109F456,id=871e6485-c22a-483f-9e07-d19e754685be
2019-09-20 09:26:54,110 [RatisPipelineUtilsThread] INFO  pipeline.PipelineStateManager (PipelineStateManager.java:addPipeline(56)) - Created pipeline Pipeline[ Id: 0421416a-2f98-493d-b7c2-57dc3109f456, Nodes: 871e6485-c22a-483f-9e07-d19e754685be{ip: 192.168.36.99, host: pr-hdds-1569-p5fx8-1226042367, networkLocation: /default-rack, certSerialId: null}, Type:RATIS, Factor:ONE, State:OPEN]
2019-09-20 09:26:54,121 [grpc-default-executor-1] INFO  impl.RaftServerProxy (RaftServerProxy.java:addNew(89)) - 492ed782-6ab3-4ad9-945e-06def6ac7c96: addNew group-90DB9956D43E:[492ed782-6ab3-4ad9-945e-06def6ac7c96:192.168.36.99:32835] returns group-90DB9956D43E:java.util.concurrent.CompletableFuture@69af10de[Not completed]
2019-09-20 09:26:54,123 [pool-49-thread-1] INFO  impl.RaftServerImpl (RaftServerImpl.java:<init>(93)) - 492ed782-6ab3-4ad9-945e-06def6ac7c96: new RaftServerImpl for group-90DB9956D43E:[492ed782-6ab3-4ad9-945e-06def6ac7c96:192.168.36.99:32835] with ContainerStateMachine:uninitialized
2019-09-20 09:26:54,123 [pool-49-thread-1] INFO  server.RaftServerConfigKeys (ConfUtils.java:logGet(43)) - raft.server.rpc.timeout.min = 5s (custom)
2019-09-20 09:26:54,123 [pool-49-thread-1] INFO  server.RaftServerConfigKeys (ConfUtils.java:logGet(43)) - raft.server.rpc.timeout.max = 5200ms (custom)
2019-09-20 09:26:54,123 [pool-49-thread-1] INFO  server.RaftServerConfigKeys (ConfUtils.java:logGet(43)) - raft.server.rpcslowness.timeout = 10s (custom)
2019-09-20 09:26:54,123 [pool-49-thread-1] INFO  server.RaftServerConfigKeys (ConfUtils.java:logGet(43)) - raft.server.sleep.deviation.threshold = 300 (default)
2019-09-20 09:26:54,124 [pool-49-thread-1] INFO  server.RaftServerConfigKeys (ConfUtils.java:logGet(43)) - raft.server.log.appender.install.snapshot.enabled = false (custom)
2019-09-20 09:26:54,124 [pool-49-thread-1] INFO  impl.RaftServerImpl (ServerState.java:<init>(105)) - 492ed782-6ab3-4ad9-945e-06def6ac7c96:group-90DB9956D43E ConfigurationManager, init=-1: [492ed782-6ab3-4ad9-945e-06def6ac7c96:192.168.36.99:32835], old=null, confs=<EMPTY_MAP>
2019-09-20 09:26:54,124 [pool-49-thread-1] INFO  server.RaftServerConfigKeys (ConfUtils.java:logGet(43)) - raft.server.storage.dir = [/workdir/hadoop-ozone/integration-test/target/test-dir/MiniOzoneClusterImpl-a33d77e5-464b-4d19-8e6b-a171e580bf0e/datanode-2/data/ratis] (custom)
2019-09-20 09:26:54,124 [pool-49-thread-1] INFO  storage.RaftStorageDirectory (RaftStorageDirectory.java:analyzeStorage(246)) - The storage directory /workdir/hadoop-ozone/integration-test/target/test-dir/MiniOzoneClusterImpl-a33d77e5-464b-4d19-8e6b-a171e580bf0e/datanode-2/data/ratis/6aaed5c5-c006-49f5-a11f-90db9956d43e does not exist. Creating ...
2019-09-20 09:26:54,147 [pool-49-thread-1] INFO  storage.RaftStorageDirectory (RaftStorageDirectory.java:tryLock(328)) - Lock on /workdir/hadoop-ozone/integration-test/target/test-dir/MiniOzoneClusterImpl-a33d77e5-464b-4d19-8e6b-a171e580bf0e/datanode-2/data/ratis/6aaed5c5-c006-49f5-a11f-90db9956d43e/in_use.lock acquired by nodename 7145@pr-hdds-1569-p5fx8-1226042367
2019-09-20 09:26:54,164 [pool-49-thread-1] INFO  storage.RaftStorage (RaftStorage.java:format(72)) - Storage directory /workdir/hadoop-ozone/integration-test/target/test-dir/MiniOzoneClusterImpl-a33d77e5-464b-4d19-8e6b-a171e580bf0e/datanode-2/data/ratis/6aaed5c5-c006-49f5-a11f-90db9956d43e has been successfully formatted.
2019-09-20 09:26:54,164 [pool-49-thread-1] INFO  ratis.ContainerStateMachine (ContainerStateMachine.java:loadSnapshot(226)) - group-90DB9956D43E: The snapshot info is null. Setting the last applied indexto:(t:0, i:~)
2019-09-20 09:26:54,164 [pool-49-thread-1] INFO  server.RaftServerConfigKeys (ConfUtils.java:logGet(43)) - raft.server.leader.election.timeout = 10s (custom)
2019-09-20 09:26:54,164 [pool-49-thread-1] INFO  server.RaftServerConfigKeys (ConfUtils.java:logGet(43)) - raft.server.log.use.memory = false (default)
2019-09-20 09:26:54,165 [pool-49-thread-1] INFO  server.RaftServerConfigKeys (ConfUtils.java:logGet(43)) - raft.server.log.purge.gap = 1000000 (custom)
2019-09-20 09:26:54,165 [pool-49-thread-1] INFO  server.RaftServerConfigKeys (ConfUtils.java:logGet(43)) - raft.server.log.appender.buffer.byte-limit = 33554432 (custom)
2019-09-20 09:26:54,165 [pool-49-thread-1] INFO  server.RaftServerConfigKeys (ConfUtils.java:logGet(43)) - raft.server.log.segment.size.max = 1048576 (custom)
2019-09-20 09:26:54,165 [pool-49-thread-1] INFO  server.RaftServerConfigKeys (ConfUtils.java:logGet(43)) - raft.server.log.segment.cache.num.max = 2 (custom)
2019-09-20 09:26:54,165 [pool-49-thread-1] INFO  segmented.SegmentedRaftLogWorker (SegmentedRaftLogWorker.java:<init>(172)) - new 492ed782-6ab3-4ad9-945e-06def6ac7c96-SegmentedRaftLogWorker:Storage Directory /workdir/hadoop-ozone/integration-test/target/test-dir/MiniOzoneClusterImpl-a33d77e5-464b-4d19-8e6b-a171e580bf0e/datanode-2/data/ratis/6aaed5c5-c006-49f5-a11f-90db9956d43e for RaftStorage:Storage Directory /workdir/hadoop-ozone/integration-test/target/test-dir/MiniOzoneClusterImpl-a33d77e5-464b-4d19-8e6b-a171e580bf0e/datanode-2/data/ratis/6aaed5c5-c006-49f5-a11f-90db9956d43e
2019-09-20 09:26:54,165 [pool-49-thread-1] INFO  server.RaftServerConfigKeys (ConfUtils.java:logGet(43)) - raft.server.log.queue.byte-limit = 2147483647 (custom)
2019-09-20 09:26:54,166 [pool-49-thread-1] INFO  server.RaftServerConfigKeys (ConfUtils.java:logGet(43)) - raft.server.log.queue.element-limit = 1024 (custom)
2019-09-20 09:26:54,166 [pool-49-thread-1] INFO  server.RaftServerConfigKeys (ConfUtils.java:logGet(43)) - raft.server.log.segment.size.max = 1048576 (custom)
2019-09-20 09:26:54,166 [pool-49-thread-1] INFO  server.RaftServerConfigKeys (ConfUtils.java:logGet(43)) - raft.server.log.preallocated.size = 16384 (custom)
2019-09-20 09:26:54,166 [pool-49-thread-1] INFO  server.RaftServerConfigKeys (ConfUtils.java:logGet(43)) - raft.server.log.write.buffer.size = 33554432 (custom)
2019-09-20 09:26:54,166 [pool-49-thread-1] INFO  server.RaftServerConfigKeys (ConfUtils.java:logGet(43)) - raft.server.log.force.sync.num = 128 (default)
2019-09-20 09:26:54,166 [pool-49-thread-1] INFO  server.RaftServerConfigKeys (ConfUtils.java:logGet(43)) - raft.server.log.statemachine.data.sync = true (default)
2019-09-20 09:26:54,167 [pool-49-thread-1] INFO  server.RaftServerConfigKeys (ConfUtils.java:logGet(43)) - raft.server.log.statemachine.data.sync.timeout = 10s (default)
2019-09-20 09:26:54,167 [pool-49-thread-1] INFO  server.RaftServerConfigKeys (ConfUtils.java:logGet(43)) - raft.server.log.statemachine.data.sync.timeout.retry = -1 (default)
2019-09-20 09:26:54,167 [pool-49-thread-1] INFO  server.RaftServerConfigKeys (ConfUtils.java:logGet(43)) - raft.server.log.statemachine.data.caching.enabled = true (custom)
2019-09-20 09:26:54,167 [pool-49-thread-1] INFO  segmented.SegmentedRaftLogWorker (SegmentedRaftLogWorker.java:lambda$new$0(132)) - 492ed782-6ab3-4ad9-945e-06def6ac7c96-SegmentedRaftLogWorker:Storage Directory /workdir/hadoop-ozone/integration-test/target/test-dir/MiniOzoneClusterImpl-a33d77e5-464b-4d19-8e6b-a171e580bf0e/datanode-2/data/ratis/6aaed5c5-c006-49f5-a11f-90db9956d43e: flushIndex: setUnconditionally 0 -> -1
2019-09-20 09:26:54,168 [pool-49-thread-1] INFO  server.RaftServerConfigKeys (ConfUtils.java:logGet(43)) - raft.server.snapshot.auto.trigger.enabled = true (custom)
2019-09-20 09:26:54,168 [pool-49-thread-1] INFO  server.RaftServerConfigKeys (ConfUtils.java:logGet(43)) - raft.server.snapshot.auto.trigger.threshold = 10000 (custom)
2019-09-20 09:26:54,168 [pool-49-thread-1] INFO  server.RaftServerConfigKeys (ConfUtils.java:logGet(43)) - raft.server.retrycache.expirytime = 600000ms (custom)
2019-09-20 09:26:54,168 [pool-49-thread-1] INFO  impl.RaftServerImpl (RaftServerImpl.java:start(180)) - 492ed782-6ab3-4ad9-945e-06def6ac7c96: start group-90DB9956D43E
2019-09-20 09:26:54,168 [pool-49-thread-1] INFO  impl.RaftServerImpl (RaftServerImpl.java:setRole(171)) - 492ed782-6ab3-4ad9-945e-06def6ac7c96:group-90DB9956D43E changes role from null to FOLLOWER at term 0 for startAsFollower
2019-09-20 09:26:54,168 [pool-49-thread-1] INFO  impl.RoleInfo (RoleInfo.java:updateAndGet(143)) - 492ed782-6ab3-4ad9-945e-06def6ac7c96: start FollowerState
2019-09-20 09:26:54,169 [pool-49-thread-1] INFO  util.JmxRegister (JmxRegister.java:tryRegister(44)) - Successfully registered JMX Bean with object name Ratis:service=RaftServer,group=group-90DB9956D43E,id=492ed782-6ab3-4ad9-945e-06def6ac7c96
2019-09-20 09:26:54,175 [RatisPipelineUtilsThread] INFO  pipeline.PipelineStateManager (PipelineStateManager.java:addPipeline(56)) - Created pipeline Pipeline[ Id: 6aaed5c5-c006-49f5-a11f-90db9956d43e, Nodes: 492ed782-6ab3-4ad9-945e-06def6ac7c96{ip: 192.168.36.99, host: pr-hdds-1569-p5fx8-1226042367, networkLocation: /default-rack, certSerialId: null}, Type:RATIS, Factor:ONE, State:OPEN]
2019-09-20 09:26:54,188 [grpc-default-executor-1] INFO  impl.RaftServerProxy (RaftServerProxy.java:addNew(89)) - 871e6485-c22a-483f-9e07-d19e754685be: addNew group-E5D52BF8A6B0:[871e6485-c22a-483f-9e07-d19e754685be:192.168.36.99:41076] returns group-E5D52BF8A6B0:java.util.concurrent.CompletableFuture@501274a5[Not completed]
2019-09-20 09:26:54,190 [pool-71-thread-1] INFO  impl.RaftServerImpl (RaftServerImpl.java:<init>(93)) - 871e6485-c22a-483f-9e07-d19e754685be: new RaftServerImpl for group-E5D52BF8A6B0:[871e6485-c22a-483f-9e07-d19e754685be:192.168.36.99:41076] with ContainerStateMachine:uninitialized
2019-09-20 09:26:54,190 [pool-71-thread-1] INFO  server.RaftServerConfigKeys (ConfUtils.java:logGet(43)) - raft.server.rpc.timeout.min = 5s (custom)
2019-09-20 09:26:54,190 [pool-71-thread-1] INFO  server.RaftServerConfigKeys (ConfUtils.java:logGet(43)) - raft.server.rpc.timeout.max = 5200ms (custom)
2019-09-20 09:26:54,190 [pool-71-thread-1] INFO  server.RaftServerConfigKeys (ConfUtils.java:logGet(43)) - raft.server.rpcslowness.timeout = 10s (custom)
2019-09-20 09:26:54,190 [pool-71-thread-1] INFO  server.RaftServerConfigKeys (ConfUtils.java:logGet(43)) - raft.server.sleep.deviation.threshold = 300 (default)
2019-09-20 09:26:54,191 [pool-71-thread-1] INFO  server.RaftServerConfigKeys (ConfUtils.java:logGet(43)) - raft.server.log.appender.install.snapshot.enabled = false (custom)
2019-09-20 09:26:54,191 [pool-71-thread-1] INFO  impl.RaftServerImpl (ServerState.java:<init>(105)) - 871e6485-c22a-483f-9e07-d19e754685be:group-E5D52BF8A6B0 ConfigurationManager, init=-1: [871e6485-c22a-483f-9e07-d19e754685be:192.168.36.99:41076], old=null, confs=<EMPTY_MAP>
2019-09-20 09:26:54,191 [pool-71-thread-1] INFO  server.RaftServerConfigKeys (ConfUtils.java:logGet(43)) - raft.server.storage.dir = [/workdir/hadoop-ozone/integration-test/target/test-dir/MiniOzoneClusterImpl-a33d77e5-464b-4d19-8e6b-a171e580bf0e/datanode-4/data/ratis] (custom)
2019-09-20 09:26:54,192 [pool-71-thread-1] INFO  storage.RaftStorageDirectory (RaftStorageDirectory.java:analyzeStorage(246)) - The storage directory /workdir/hadoop-ozone/integration-test/target/test-dir/MiniOzoneClusterImpl-a33d77e5-464b-4d19-8e6b-a171e580bf0e/datanode-4/data/ratis/97dfff0c-56b7-4e27-87c6-e5d52bf8a6b0 does not exist. Creating ...
2019-09-20 09:26:54,214 [pool-71-thread-1] INFO  storage.RaftStorageDirectory (RaftStorageDirectory.java:tryLock(328)) - Lock on /workdir/hadoop-ozone/integration-test/target/test-dir/MiniOzoneClusterImpl-a33d77e5-464b-4d19-8e6b-a171e580bf0e/datanode-4/data/ratis/97dfff0c-56b7-4e27-87c6-e5d52bf8a6b0/in_use.lock acquired by nodename 7145@pr-hdds-1569-p5fx8-1226042367
2019-09-20 09:26:54,240 [pool-71-thread-1] INFO  storage.RaftStorage (RaftStorage.java:format(72)) - Storage directory /workdir/hadoop-ozone/integration-test/target/test-dir/MiniOzoneClusterImpl-a33d77e5-464b-4d19-8e6b-a171e580bf0e/datanode-4/data/ratis/97dfff0c-56b7-4e27-87c6-e5d52bf8a6b0 has been successfully formatted.
2019-09-20 09:26:54,240 [pool-71-thread-1] INFO  ratis.ContainerStateMachine (ContainerStateMachine.java:loadSnapshot(226)) - group-E5D52BF8A6B0: The snapshot info is null. Setting the last applied indexto:(t:0, i:~)
2019-09-20 09:26:54,240 [pool-71-thread-1] INFO  server.RaftServerConfigKeys (ConfUtils.java:logGet(43)) - raft.server.leader.election.timeout = 10s (custom)
2019-09-20 09:26:54,240 [pool-71-thread-1] INFO  server.RaftServerConfigKeys (ConfUtils.java:logGet(43)) - raft.server.log.use.memory = false (default)
2019-09-20 09:26:54,241 [pool-71-thread-1] INFO  server.RaftServerConfigKeys (ConfUtils.java:logGet(43)) - raft.server.log.purge.gap = 1000000 (custom)
2019-09-20 09:26:54,241 [pool-71-thread-1] INFO  server.RaftServerConfigKeys (ConfUtils.java:logGet(43)) - raft.server.log.appender.buffer.byte-limit = 33554432 (custom)
2019-09-20 09:26:54,241 [pool-71-thread-1] INFO  server.RaftServerConfigKeys (ConfUtils.java:logGet(43)) - raft.server.log.segment.size.max = 1048576 (custom)
2019-09-20 09:26:54,241 [pool-71-thread-1] INFO  server.RaftServerConfigKeys (ConfUtils.java:logGet(43)) - raft.server.log.segment.cache.num.max = 2 (custom)
2019-09-20 09:26:54,241 [pool-71-thread-1] INFO  segmented.SegmentedRaftLogWorker (SegmentedRaftLogWorker.java:<init>(172)) - new 871e6485-c22a-483f-9e07-d19e754685be-SegmentedRaftLogWorker:Storage Directory /workdir/hadoop-ozone/integration-test/target/test-dir/MiniOzoneClusterImpl-a33d77e5-464b-4d19-8e6b-a171e580bf0e/datanode-4/data/ratis/97dfff0c-56b7-4e27-87c6-e5d52bf8a6b0 for RaftStorage:Storage Directory /workdir/hadoop-ozone/integration-test/target/test-dir/MiniOzoneClusterImpl-a33d77e5-464b-4d19-8e6b-a171e580bf0e/datanode-4/data/ratis/97dfff0c-56b7-4e27-87c6-e5d52bf8a6b0
2019-09-20 09:26:54,241 [pool-71-thread-1] INFO  server.RaftServerConfigKeys (ConfUtils.java:logGet(43)) - raft.server.log.queue.byte-limit = 2147483647 (custom)
2019-09-20 09:26:54,242 [pool-71-thread-1] INFO  server.RaftServerConfigKeys (ConfUtils.java:logGet(43)) - raft.server.log.queue.element-limit = 1024 (custom)
2019-09-20 09:26:54,242 [pool-71-thread-1] INFO  server.RaftServerConfigKeys (ConfUtils.java:logGet(43)) - raft.server.log.segment.size.max = 1048576 (custom)
2019-09-20 09:26:54,242 [pool-71-thread-1] INFO  server.RaftServerConfigKeys (ConfUtils.java:logGet(43)) - raft.server.log.preallocated.size = 16384 (custom)
2019-09-20 09:26:54,242 [pool-71-thread-1] INFO  server.RaftServerConfigKeys (ConfUtils.java:logGet(43)) - raft.server.log.write.buffer.size = 33554432 (custom)
2019-09-20 09:26:54,242 [pool-71-thread-1] INFO  server.RaftServerConfigKeys (ConfUtils.java:logGet(43)) - raft.server.log.force.sync.num = 128 (default)
2019-09-20 09:26:54,242 [pool-71-thread-1] INFO  server.RaftServerConfigKeys (ConfUtils.java:logGet(43)) - raft.server.log.statemachine.data.sync = true (default)
2019-09-20 09:26:54,243 [pool-71-thread-1] INFO  server.RaftServerConfigKeys (ConfUtils.java:logGet(43)) - raft.server.log.statemachine.data.sync.timeout = 10s (default)
2019-09-20 09:26:54,243 [pool-71-thread-1] INFO  server.RaftServerConfigKeys (ConfUtils.java:logGet(43)) - raft.server.log.statemachine.data.sync.timeout.retry = -1 (default)
2019-09-20 09:26:54,243 [pool-71-thread-1] INFO  server.RaftServerConfigKeys (ConfUtils.java:logGet(43)) - raft.server.log.statemachine.data.caching.enabled = true (custom)
2019-09-20 09:26:54,243 [pool-71-thread-1] INFO  segmented.SegmentedRaftLogWorker (SegmentedRaftLogWorker.java:lambda$new$0(132)) - 871e6485-c22a-483f-9e07-d19e754685be-SegmentedRaftLogWorker:Storage Directory /workdir/hadoop-ozone/integration-test/target/test-dir/MiniOzoneClusterImpl-a33d77e5-464b-4d19-8e6b-a171e580bf0e/datanode-4/data/ratis/97dfff0c-56b7-4e27-87c6-e5d52bf8a6b0: flushIndex: setUnconditionally 0 -> -1
2019-09-20 09:26:54,244 [pool-71-thread-1] INFO  server.RaftServerConfigKeys (ConfUtils.java:logGet(43)) - raft.server.snapshot.auto.trigger.enabled = true (custom)
2019-09-20 09:26:54,244 [pool-71-thread-1] INFO  server.RaftServerConfigKeys (ConfUtils.java:logGet(43)) - raft.server.snapshot.auto.trigger.threshold = 10000 (custom)
2019-09-20 09:26:54,244 [pool-71-thread-1] INFO  server.RaftServerConfigKeys (ConfUtils.java:logGet(43)) - raft.server.retrycache.expirytime = 600000ms (custom)
2019-09-20 09:26:54,244 [pool-71-thread-1] INFO  impl.RaftServerImpl (RaftServerImpl.java:start(180)) - 871e6485-c22a-483f-9e07-d19e754685be: start group-E5D52BF8A6B0
2019-09-20 09:26:54,245 [pool-71-thread-1] INFO  impl.RaftServerImpl (RaftServerImpl.java:setRole(171)) - 871e6485-c22a-483f-9e07-d19e754685be:group-E5D52BF8A6B0 changes role from null to FOLLOWER at term 0 for startAsFollower
2019-09-20 09:26:54,245 [pool-71-thread-1] INFO  impl.RoleInfo (RoleInfo.java:updateAndGet(143)) - 871e6485-c22a-483f-9e07-d19e754685be: start FollowerState
2019-09-20 09:26:54,245 [pool-71-thread-1] INFO  util.JmxRegister (JmxRegister.java:tryRegister(44)) - Successfully registered JMX Bean with object name Ratis:service=RaftServer,group=group-E5D52BF8A6B0,id=871e6485-c22a-483f-9e07-d19e754685be
2019-09-20 09:26:54,252 [RatisPipelineUtilsThread] INFO  pipeline.PipelineStateManager (PipelineStateManager.java:addPipeline(56)) - Created pipeline Pipeline[ Id: 97dfff0c-56b7-4e27-87c6-e5d52bf8a6b0, Nodes: 871e6485-c22a-483f-9e07-d19e754685be{ip: 192.168.36.99, host: pr-hdds-1569-p5fx8-1226042367, networkLocation: /default-rack, certSerialId: null}, Type:RATIS, Factor:ONE, State:OPEN]
2019-09-20 09:26:54,261 | INFO  | SCMAudit | user=jenkins1000 | ip=192.168.36.99 | op=SEND_HEARTBEAT {datanodeUUID=492ed782-6ab3-4ad9-945e-06def6ac7c96, command=[]} | ret=SUCCESS |  
2019-09-20 09:26:54,261 | INFO  | SCMAudit | user=jenkins1000 | ip=192.168.36.99 | op=SEND_HEARTBEAT {datanodeUUID=871e6485-c22a-483f-9e07-d19e754685be, command=[]} | ret=SUCCESS |  
2019-09-20 09:26:54,261 | INFO  | SCMAudit | user=jenkins1000 | ip=192.168.36.99 | op=SEND_HEARTBEAT {datanodeUUID=4840c00f-91d3-4881-a20b-4d0486ca97c0, command=[]} | ret=SUCCESS |  
2019-09-20 09:26:54,271 [grpc-default-executor-1] INFO  impl.RaftServerProxy (RaftServerProxy.java:addNew(89)) - fd3cd5f9-4f1c-43ea-91b1-b85a1f6c3825: addNew group-8DA439351161:[fd3cd5f9-4f1c-43ea-91b1-b85a1f6c3825:192.168.36.99:39114] returns group-8DA439351161:java.util.concurrent.CompletableFuture@3d8c14ec[Not completed]
2019-09-20 09:26:54,273 [pool-38-thread-1] INFO  impl.RaftServerImpl (RaftServerImpl.java:<init>(93)) - fd3cd5f9-4f1c-43ea-91b1-b85a1f6c3825: new RaftServerImpl for group-8DA439351161:[fd3cd5f9-4f1c-43ea-91b1-b85a1f6c3825:192.168.36.99:39114] with ContainerStateMachine:uninitialized
2019-09-20 09:26:54,274 [pool-38-thread-1] INFO  server.RaftServerConfigKeys (ConfUtils.java:logGet(43)) - raft.server.rpc.timeout.min = 5s (custom)
2019-09-20 09:26:54,274 [pool-38-thread-1] INFO  server.RaftServerConfigKeys (ConfUtils.java:logGet(43)) - raft.server.rpc.timeout.max = 5200ms (custom)
2019-09-20 09:26:54,274 [pool-38-thread-1] INFO  server.RaftServerConfigKeys (ConfUtils.java:logGet(43)) - raft.server.rpcslowness.timeout = 10s (custom)
2019-09-20 09:26:54,274 [pool-38-thread-1] INFO  server.RaftServerConfigKeys (ConfUtils.java:logGet(43)) - raft.server.sleep.deviation.threshold = 300 (default)
2019-09-20 09:26:54,274 [pool-38-thread-1] INFO  server.RaftServerConfigKeys (ConfUtils.java:logGet(43)) - raft.server.log.appender.install.snapshot.enabled = false (custom)
2019-09-20 09:26:54,274 [pool-38-thread-1] INFO  impl.RaftServerImpl (ServerState.java:<init>(105)) - fd3cd5f9-4f1c-43ea-91b1-b85a1f6c3825:group-8DA439351161 ConfigurationManager, init=-1: [fd3cd5f9-4f1c-43ea-91b1-b85a1f6c3825:192.168.36.99:39114], old=null, confs=<EMPTY_MAP>
2019-09-20 09:26:54,274 [pool-38-thread-1] INFO  server.RaftServerConfigKeys (ConfUtils.java:logGet(43)) - raft.server.storage.dir = [/workdir/hadoop-ozone/integration-test/target/test-dir/MiniOzoneClusterImpl-a33d77e5-464b-4d19-8e6b-a171e580bf0e/datanode-1/data/ratis] (custom)
2019-09-20 09:26:54,275 [pool-38-thread-1] INFO  storage.RaftStorageDirectory (RaftStorageDirectory.java:analyzeStorage(246)) - The storage directory /workdir/hadoop-ozone/integration-test/target/test-dir/MiniOzoneClusterImpl-a33d77e5-464b-4d19-8e6b-a171e580bf0e/datanode-1/data/ratis/f5bc115c-a342-4208-a47b-8da439351161 does not exist. Creating ...
2019-09-20 09:26:54,298 [pool-38-thread-1] INFO  storage.RaftStorageDirectory (RaftStorageDirectory.java:tryLock(328)) - Lock on /workdir/hadoop-ozone/integration-test/target/test-dir/MiniOzoneClusterImpl-a33d77e5-464b-4d19-8e6b-a171e580bf0e/datanode-1/data/ratis/f5bc115c-a342-4208-a47b-8da439351161/in_use.lock acquired by nodename 7145@pr-hdds-1569-p5fx8-1226042367
2019-09-20 09:26:54,317 | INFO  | SCMAudit | user=jenkins1000 | ip=192.168.36.99 | op=SEND_HEARTBEAT {datanodeUUID=02b93e76-e4c6-4b67-b8a4-c536d9ab7224, command=[]} | ret=SUCCESS |  
2019-09-20 09:26:54,324 [pool-38-thread-1] INFO  storage.RaftStorage (RaftStorage.java:format(72)) - Storage directory /workdir/hadoop-ozone/integration-test/target/test-dir/MiniOzoneClusterImpl-a33d77e5-464b-4d19-8e6b-a171e580bf0e/datanode-1/data/ratis/f5bc115c-a342-4208-a47b-8da439351161 has been successfully formatted.
2019-09-20 09:26:54,324 [pool-38-thread-1] INFO  ratis.ContainerStateMachine (ContainerStateMachine.java:loadSnapshot(226)) - group-8DA439351161: The snapshot info is null. Setting the last applied indexto:(t:0, i:~)
2019-09-20 09:26:54,324 [pool-38-thread-1] INFO  server.RaftServerConfigKeys (ConfUtils.java:logGet(43)) - raft.server.leader.election.timeout = 10s (custom)
2019-09-20 09:26:54,324 [pool-38-thread-1] INFO  server.RaftServerConfigKeys (ConfUtils.java:logGet(43)) - raft.server.log.use.memory = false (default)
2019-09-20 09:26:54,325 [pool-38-thread-1] INFO  server.RaftServerConfigKeys (ConfUtils.java:logGet(43)) - raft.server.log.purge.gap = 1000000 (custom)
2019-09-20 09:26:54,325 [pool-38-thread-1] INFO  server.RaftServerConfigKeys (ConfUtils.java:logGet(43)) - raft.server.log.appender.buffer.byte-limit = 33554432 (custom)
2019-09-20 09:26:54,325 [pool-38-thread-1] INFO  server.RaftServerConfigKeys (ConfUtils.java:logGet(43)) - raft.server.log.segment.size.max = 1048576 (custom)
2019-09-20 09:26:54,325 [pool-38-thread-1] INFO  server.RaftServerConfigKeys (ConfUtils.java:logGet(43)) - raft.server.log.segment.cache.num.max = 2 (custom)
2019-09-20 09:26:54,325 [pool-38-thread-1] INFO  segmented.SegmentedRaftLogWorker (SegmentedRaftLogWorker.java:<init>(172)) - new fd3cd5f9-4f1c-43ea-91b1-b85a1f6c3825-SegmentedRaftLogWorker:Storage Directory /workdir/hadoop-ozone/integration-test/target/test-dir/MiniOzoneClusterImpl-a33d77e5-464b-4d19-8e6b-a171e580bf0e/datanode-1/data/ratis/f5bc115c-a342-4208-a47b-8da439351161 for RaftStorage:Storage Directory /workdir/hadoop-ozone/integration-test/target/test-dir/MiniOzoneClusterImpl-a33d77e5-464b-4d19-8e6b-a171e580bf0e/datanode-1/data/ratis/f5bc115c-a342-4208-a47b-8da439351161
2019-09-20 09:26:54,326 [pool-38-thread-1] INFO  server.RaftServerConfigKeys (ConfUtils.java:logGet(43)) - raft.server.log.queue.byte-limit = 2147483647 (custom)
2019-09-20 09:26:54,326 [pool-38-thread-1] INFO  server.RaftServerConfigKeys (ConfUtils.java:logGet(43)) - raft.server.log.queue.element-limit = 1024 (custom)
2019-09-20 09:26:54,326 [pool-38-thread-1] INFO  server.RaftServerConfigKeys (ConfUtils.java:logGet(43)) - raft.server.log.segment.size.max = 1048576 (custom)
2019-09-20 09:26:54,326 [pool-38-thread-1] INFO  server.RaftServerConfigKeys (ConfUtils.java:logGet(43)) - raft.server.log.preallocated.size = 16384 (custom)
2019-09-20 09:26:54,326 [pool-38-thread-1] INFO  server.RaftServerConfigKeys (ConfUtils.java:logGet(43)) - raft.server.log.write.buffer.size = 33554432 (custom)
2019-09-20 09:26:54,326 [pool-38-thread-1] INFO  server.RaftServerConfigKeys (ConfUtils.java:logGet(43)) - raft.server.log.force.sync.num = 128 (default)
2019-09-20 09:26:54,326 [pool-38-thread-1] INFO  server.RaftServerConfigKeys (ConfUtils.java:logGet(43)) - raft.server.log.statemachine.data.sync = true (default)
2019-09-20 09:26:54,327 [pool-38-thread-1] INFO  server.RaftServerConfigKeys (ConfUtils.java:logGet(43)) - raft.server.log.statemachine.data.sync.timeout = 10s (default)
2019-09-20 09:26:54,327 [pool-38-thread-1] INFO  server.RaftServerConfigKeys (ConfUtils.java:logGet(43)) - raft.server.log.statemachine.data.sync.timeout.retry = -1 (default)
2019-09-20 09:26:54,327 [pool-38-thread-1] INFO  server.RaftServerConfigKeys (ConfUtils.java:logGet(43)) - raft.server.log.statemachine.data.caching.enabled = true (custom)
2019-09-20 09:26:54,327 [pool-38-thread-1] INFO  segmented.SegmentedRaftLogWorker (SegmentedRaftLogWorker.java:lambda$new$0(132)) - fd3cd5f9-4f1c-43ea-91b1-b85a1f6c3825-SegmentedRaftLogWorker:Storage Directory /workdir/hadoop-ozone/integration-test/target/test-dir/MiniOzoneClusterImpl-a33d77e5-464b-4d19-8e6b-a171e580bf0e/datanode-1/data/ratis/f5bc115c-a342-4208-a47b-8da439351161: flushIndex: setUnconditionally 0 -> -1
2019-09-20 09:26:54,328 [pool-38-thread-1] INFO  server.RaftServerConfigKeys (ConfUtils.java:logGet(43)) - raft.server.snapshot.auto.trigger.enabled = true (custom)
2019-09-20 09:26:54,328 [pool-38-thread-1] INFO  server.RaftServerConfigKeys (ConfUtils.java:logGet(43)) - raft.server.snapshot.auto.trigger.threshold = 10000 (custom)
2019-09-20 09:26:54,328 [pool-38-thread-1] INFO  server.RaftServerConfigKeys (ConfUtils.java:logGet(43)) - raft.server.retrycache.expirytime = 600000ms (custom)
2019-09-20 09:26:54,328 [pool-38-thread-1] INFO  impl.RaftServerImpl (RaftServerImpl.java:start(180)) - fd3cd5f9-4f1c-43ea-91b1-b85a1f6c3825: start group-8DA439351161
2019-09-20 09:26:54,329 [pool-38-thread-1] INFO  impl.RaftServerImpl (RaftServerImpl.java:setRole(171)) - fd3cd5f9-4f1c-43ea-91b1-b85a1f6c3825:group-8DA439351161 changes role from null to FOLLOWER at term 0 for startAsFollower
2019-09-20 09:26:54,329 [pool-38-thread-1] INFO  impl.RoleInfo (RoleInfo.java:updateAndGet(143)) - fd3cd5f9-4f1c-43ea-91b1-b85a1f6c3825: start FollowerState
2019-09-20 09:26:54,329 [pool-38-thread-1] INFO  util.JmxRegister (JmxRegister.java:tryRegister(44)) - Successfully registered JMX Bean with object name Ratis:service=RaftServer,group=group-8DA439351161,id=fd3cd5f9-4f1c-43ea-91b1-b85a1f6c3825
2019-09-20 09:26:54,335 [RatisPipelineUtilsThread] INFO  pipeline.PipelineStateManager (PipelineStateManager.java:addPipeline(56)) - Created pipeline Pipeline[ Id: f5bc115c-a342-4208-a47b-8da439351161, Nodes: fd3cd5f9-4f1c-43ea-91b1-b85a1f6c3825{ip: 192.168.36.99, host: pr-hdds-1569-p5fx8-1226042367, networkLocation: /default-rack, certSerialId: null}, Type:RATIS, Factor:ONE, State:OPEN]
2019-09-20 09:26:54,347 [grpc-default-executor-1] INFO  impl.RaftServerProxy (RaftServerProxy.java:addNew(89)) - 871e6485-c22a-483f-9e07-d19e754685be: addNew group-114938149E37:[871e6485-c22a-483f-9e07-d19e754685be:192.168.36.99:41076] returns group-114938149E37:java.util.concurrent.CompletableFuture@6174fbdc[Not completed]
2019-09-20 09:26:54,349 [pool-71-thread-1] INFO  impl.RaftServerImpl (RaftServerImpl.java:<init>(93)) - 871e6485-c22a-483f-9e07-d19e754685be: new RaftServerImpl for group-114938149E37:[871e6485-c22a-483f-9e07-d19e754685be:192.168.36.99:41076] with ContainerStateMachine:uninitialized
2019-09-20 09:26:54,349 [pool-71-thread-1] INFO  server.RaftServerConfigKeys (ConfUtils.java:logGet(43)) - raft.server.rpc.timeout.min = 5s (custom)
2019-09-20 09:26:54,350 [pool-71-thread-1] INFO  server.RaftServerConfigKeys (ConfUtils.java:logGet(43)) - raft.server.rpc.timeout.max = 5200ms (custom)
2019-09-20 09:26:54,350 [pool-71-thread-1] INFO  server.RaftServerConfigKeys (ConfUtils.java:logGet(43)) - raft.server.rpcslowness.timeout = 10s (custom)
2019-09-20 09:26:54,350 [pool-71-thread-1] INFO  server.RaftServerConfigKeys (ConfUtils.java:logGet(43)) - raft.server.sleep.deviation.threshold = 300 (default)
2019-09-20 09:26:54,350 [pool-71-thread-1] INFO  server.RaftServerConfigKeys (ConfUtils.java:logGet(43)) - raft.server.log.appender.install.snapshot.enabled = false (custom)
2019-09-20 09:26:54,350 [pool-71-thread-1] INFO  impl.RaftServerImpl (ServerState.java:<init>(105)) - 871e6485-c22a-483f-9e07-d19e754685be:group-114938149E37 ConfigurationManager, init=-1: [871e6485-c22a-483f-9e07-d19e754685be:192.168.36.99:41076], old=null, confs=<EMPTY_MAP>
2019-09-20 09:26:54,350 [pool-71-thread-1] INFO  server.RaftServerConfigKeys (ConfUtils.java:logGet(43)) - raft.server.storage.dir = [/workdir/hadoop-ozone/integration-test/target/test-dir/MiniOzoneClusterImpl-a33d77e5-464b-4d19-8e6b-a171e580bf0e/datanode-4/data/ratis] (custom)
2019-09-20 09:26:54,351 [pool-71-thread-1] INFO  storage.RaftStorageDirectory (RaftStorageDirectory.java:analyzeStorage(246)) - The storage directory /workdir/hadoop-ozone/integration-test/target/test-dir/MiniOzoneClusterImpl-a33d77e5-464b-4d19-8e6b-a171e580bf0e/datanode-4/data/ratis/ee534ba4-92c8-4f7e-ba3a-114938149e37 does not exist. Creating ...
2019-09-20 09:26:54,374 [pool-71-thread-1] INFO  storage.RaftStorageDirectory (RaftStorageDirectory.java:tryLock(328)) - Lock on /workdir/hadoop-ozone/integration-test/target/test-dir/MiniOzoneClusterImpl-a33d77e5-464b-4d19-8e6b-a171e580bf0e/datanode-4/data/ratis/ee534ba4-92c8-4f7e-ba3a-114938149e37/in_use.lock acquired by nodename 7145@pr-hdds-1569-p5fx8-1226042367
2019-09-20 09:26:54,392 [pool-71-thread-1] INFO  storage.RaftStorage (RaftStorage.java:format(72)) - Storage directory /workdir/hadoop-ozone/integration-test/target/test-dir/MiniOzoneClusterImpl-a33d77e5-464b-4d19-8e6b-a171e580bf0e/datanode-4/data/ratis/ee534ba4-92c8-4f7e-ba3a-114938149e37 has been successfully formatted.
2019-09-20 09:26:54,392 [pool-71-thread-1] INFO  ratis.ContainerStateMachine (ContainerStateMachine.java:loadSnapshot(226)) - group-114938149E37: The snapshot info is null. Setting the last applied indexto:(t:0, i:~)
2019-09-20 09:26:54,393 [pool-71-thread-1] INFO  server.RaftServerConfigKeys (ConfUtils.java:logGet(43)) - raft.server.leader.election.timeout = 10s (custom)
2019-09-20 09:26:54,393 [pool-71-thread-1] INFO  server.RaftServerConfigKeys (ConfUtils.java:logGet(43)) - raft.server.log.use.memory = false (default)
2019-09-20 09:26:54,393 [pool-71-thread-1] INFO  server.RaftServerConfigKeys (ConfUtils.java:logGet(43)) - raft.server.log.purge.gap = 1000000 (custom)
2019-09-20 09:26:54,393 [pool-71-thread-1] INFO  server.RaftServerConfigKeys (ConfUtils.java:logGet(43)) - raft.server.log.appender.buffer.byte-limit = 33554432 (custom)
2019-09-20 09:26:54,393 [pool-71-thread-1] INFO  server.RaftServerConfigKeys (ConfUtils.java:logGet(43)) - raft.server.log.segment.size.max = 1048576 (custom)
2019-09-20 09:26:54,394 [pool-71-thread-1] INFO  server.RaftServerConfigKeys (ConfUtils.java:logGet(43)) - raft.server.log.segment.cache.num.max = 2 (custom)
2019-09-20 09:26:54,394 [pool-71-thread-1] INFO  segmented.SegmentedRaftLogWorker (SegmentedRaftLogWorker.java:<init>(172)) - new 871e6485-c22a-483f-9e07-d19e754685be-SegmentedRaftLogWorker:Storage Directory /workdir/hadoop-ozone/integration-test/target/test-dir/MiniOzoneClusterImpl-a33d77e5-464b-4d19-8e6b-a171e580bf0e/datanode-4/data/ratis/ee534ba4-92c8-4f7e-ba3a-114938149e37 for RaftStorage:Storage Directory /workdir/hadoop-ozone/integration-test/target/test-dir/MiniOzoneClusterImpl-a33d77e5-464b-4d19-8e6b-a171e580bf0e/datanode-4/data/ratis/ee534ba4-92c8-4f7e-ba3a-114938149e37
2019-09-20 09:26:54,394 [pool-71-thread-1] INFO  server.RaftServerConfigKeys (ConfUtils.java:logGet(43)) - raft.server.log.queue.byte-limit = 2147483647 (custom)
2019-09-20 09:26:54,394 [pool-71-thread-1] INFO  server.RaftServerConfigKeys (ConfUtils.java:logGet(43)) - raft.server.log.queue.element-limit = 1024 (custom)
2019-09-20 09:26:54,394 [pool-71-thread-1] INFO  server.RaftServerConfigKeys (ConfUtils.java:logGet(43)) - raft.server.log.segment.size.max = 1048576 (custom)
2019-09-20 09:26:54,394 [pool-71-thread-1] INFO  server.RaftServerConfigKeys (ConfUtils.java:logGet(43)) - raft.server.log.preallocated.size = 16384 (custom)
2019-09-20 09:26:54,395 [pool-71-thread-1] INFO  server.RaftServerConfigKeys (ConfUtils.java:logGet(43)) - raft.server.log.write.buffer.size = 33554432 (custom)
2019-09-20 09:26:54,395 [pool-71-thread-1] INFO  server.RaftServerConfigKeys (ConfUtils.java:logGet(43)) - raft.server.log.force.sync.num = 128 (default)
2019-09-20 09:26:54,395 [pool-71-thread-1] INFO  server.RaftServerConfigKeys (ConfUtils.java:logGet(43)) - raft.server.log.statemachine.data.sync = true (default)
2019-09-20 09:26:54,395 [pool-71-thread-1] INFO  server.RaftServerConfigKeys (ConfUtils.java:logGet(43)) - raft.server.log.statemachine.data.sync.timeout = 10s (default)
2019-09-20 09:26:54,395 [pool-71-thread-1] INFO  server.RaftServerConfigKeys (ConfUtils.java:logGet(43)) - raft.server.log.statemachine.data.sync.timeout.retry = -1 (default)
2019-09-20 09:26:54,396 [pool-71-thread-1] INFO  server.RaftServerConfigKeys (ConfUtils.java:logGet(43)) - raft.server.log.statemachine.data.caching.enabled = true (custom)
2019-09-20 09:26:54,396 [pool-71-thread-1] INFO  segmented.SegmentedRaftLogWorker (SegmentedRaftLogWorker.java:lambda$new$0(132)) - 871e6485-c22a-483f-9e07-d19e754685be-SegmentedRaftLogWorker:Storage Directory /workdir/hadoop-ozone/integration-test/target/test-dir/MiniOzoneClusterImpl-a33d77e5-464b-4d19-8e6b-a171e580bf0e/datanode-4/data/ratis/ee534ba4-92c8-4f7e-ba3a-114938149e37: flushIndex: setUnconditionally 0 -> -1
2019-09-20 09:26:54,396 [pool-71-thread-1] INFO  server.RaftServerConfigKeys (ConfUtils.java:logGet(43)) - raft.server.snapshot.auto.trigger.enabled = true (custom)
2019-09-20 09:26:54,397 [pool-71-thread-1] INFO  server.RaftServerConfigKeys (ConfUtils.java:logGet(43)) - raft.server.snapshot.auto.trigger.threshold = 10000 (custom)
2019-09-20 09:26:54,397 [pool-71-thread-1] INFO  server.RaftServerConfigKeys (ConfUtils.java:logGet(43)) - raft.server.retrycache.expirytime = 600000ms (custom)
2019-09-20 09:26:54,397 [pool-71-thread-1] INFO  impl.RaftServerImpl (RaftServerImpl.java:start(180)) - 871e6485-c22a-483f-9e07-d19e754685be: start group-114938149E37
2019-09-20 09:26:54,397 [pool-71-thread-1] INFO  impl.RaftServerImpl (RaftServerImpl.java:setRole(171)) - 871e6485-c22a-483f-9e07-d19e754685be:group-114938149E37 changes role from null to FOLLOWER at term 0 for startAsFollower
2019-09-20 09:26:54,397 [pool-71-thread-1] INFO  impl.RoleInfo (RoleInfo.java:updateAndGet(143)) - 871e6485-c22a-483f-9e07-d19e754685be: start FollowerState
2019-09-20 09:26:54,398 [pool-71-thread-1] INFO  util.JmxRegister (JmxRegister.java:tryRegister(44)) - Successfully registered JMX Bean with object name Ratis:service=RaftServer,group=group-114938149E37,id=871e6485-c22a-483f-9e07-d19e754685be
2019-09-20 09:26:54,405 [RatisPipelineUtilsThread] INFO  pipeline.PipelineStateManager (PipelineStateManager.java:addPipeline(56)) - Created pipeline Pipeline[ Id: ee534ba4-92c8-4f7e-ba3a-114938149e37, Nodes: 871e6485-c22a-483f-9e07-d19e754685be{ip: 192.168.36.99, host: pr-hdds-1569-p5fx8-1226042367, networkLocation: /default-rack, certSerialId: null}, Type:RATIS, Factor:ONE, State:OPEN]
2019-09-20 09:26:54,418 [grpc-default-executor-1] INFO  impl.RaftServerProxy (RaftServerProxy.java:addNew(89)) - 02b93e76-e4c6-4b67-b8a4-c536d9ab7224: addNew group-905D20785107:[02b93e76-e4c6-4b67-b8a4-c536d9ab7224:192.168.36.99:39343] returns group-905D20785107:java.util.concurrent.CompletableFuture@367ebbb7[Not completed]
2019-09-20 09:26:54,420 [pool-27-thread-1] INFO  impl.RaftServerImpl (RaftServerImpl.java:<init>(93)) - 02b93e76-e4c6-4b67-b8a4-c536d9ab7224: new RaftServerImpl for group-905D20785107:[02b93e76-e4c6-4b67-b8a4-c536d9ab7224:192.168.36.99:39343] with ContainerStateMachine:uninitialized
2019-09-20 09:26:54,420 [pool-27-thread-1] INFO  server.RaftServerConfigKeys (ConfUtils.java:logGet(43)) - raft.server.rpc.timeout.min = 5s (custom)
2019-09-20 09:26:54,421 [pool-27-thread-1] INFO  server.RaftServerConfigKeys (ConfUtils.java:logGet(43)) - raft.server.rpc.timeout.max = 5200ms (custom)
2019-09-20 09:26:54,421 [pool-27-thread-1] INFO  server.RaftServerConfigKeys (ConfUtils.java:logGet(43)) - raft.server.rpcslowness.timeout = 10s (custom)
2019-09-20 09:26:54,421 [pool-27-thread-1] INFO  server.RaftServerConfigKeys (ConfUtils.java:logGet(43)) - raft.server.sleep.deviation.threshold = 300 (default)
2019-09-20 09:26:54,421 [pool-27-thread-1] INFO  server.RaftServerConfigKeys (ConfUtils.java:logGet(43)) - raft.server.log.appender.install.snapshot.enabled = false (custom)
2019-09-20 09:26:54,421 [pool-27-thread-1] INFO  impl.RaftServerImpl (ServerState.java:<init>(105)) - 02b93e76-e4c6-4b67-b8a4-c536d9ab7224:group-905D20785107 ConfigurationManager, init=-1: [02b93e76-e4c6-4b67-b8a4-c536d9ab7224:192.168.36.99:39343], old=null, confs=<EMPTY_MAP>
2019-09-20 09:26:54,422 [pool-27-thread-1] INFO  server.RaftServerConfigKeys (ConfUtils.java:logGet(43)) - raft.server.storage.dir = [/workdir/hadoop-ozone/integration-test/target/test-dir/MiniOzoneClusterImpl-a33d77e5-464b-4d19-8e6b-a171e580bf0e/datanode-0/data/ratis] (custom)
2019-09-20 09:26:54,422 [pool-27-thread-1] INFO  storage.RaftStorageDirectory (RaftStorageDirectory.java:analyzeStorage(246)) - The storage directory /workdir/hadoop-ozone/integration-test/target/test-dir/MiniOzoneClusterImpl-a33d77e5-464b-4d19-8e6b-a171e580bf0e/datanode-0/data/ratis/b7abb081-0378-4ea1-b5ff-905d20785107 does not exist. Creating ...
2019-09-20 09:26:54,451 [pool-27-thread-1] INFO  storage.RaftStorageDirectory (RaftStorageDirectory.java:tryLock(328)) - Lock on /workdir/hadoop-ozone/integration-test/target/test-dir/MiniOzoneClusterImpl-a33d77e5-464b-4d19-8e6b-a171e580bf0e/datanode-0/data/ratis/b7abb081-0378-4ea1-b5ff-905d20785107/in_use.lock acquired by nodename 7145@pr-hdds-1569-p5fx8-1226042367
2019-09-20 09:26:54,476 [pool-27-thread-1] INFO  storage.RaftStorage (RaftStorage.java:format(72)) - Storage directory /workdir/hadoop-ozone/integration-test/target/test-dir/MiniOzoneClusterImpl-a33d77e5-464b-4d19-8e6b-a171e580bf0e/datanode-0/data/ratis/b7abb081-0378-4ea1-b5ff-905d20785107 has been successfully formatted.
2019-09-20 09:26:54,476 [pool-27-thread-1] INFO  ratis.ContainerStateMachine (ContainerStateMachine.java:loadSnapshot(226)) - group-905D20785107: The snapshot info is null. Setting the last applied indexto:(t:0, i:~)
2019-09-20 09:26:54,477 [pool-27-thread-1] INFO  server.RaftServerConfigKeys (ConfUtils.java:logGet(43)) - raft.server.leader.election.timeout = 10s (custom)
2019-09-20 09:26:54,477 [pool-27-thread-1] INFO  server.RaftServerConfigKeys (ConfUtils.java:logGet(43)) - raft.server.log.use.memory = false (default)
2019-09-20 09:26:54,477 [pool-27-thread-1] INFO  server.RaftServerConfigKeys (ConfUtils.java:logGet(43)) - raft.server.log.purge.gap = 1000000 (custom)
2019-09-20 09:26:54,477 [pool-27-thread-1] INFO  server.RaftServerConfigKeys (ConfUtils.java:logGet(43)) - raft.server.log.appender.buffer.byte-limit = 33554432 (custom)
2019-09-20 09:26:54,477 [pool-27-thread-1] INFO  server.RaftServerConfigKeys (ConfUtils.java:logGet(43)) - raft.server.log.segment.size.max = 1048576 (custom)
2019-09-20 09:26:54,477 [pool-27-thread-1] INFO  server.RaftServerConfigKeys (ConfUtils.java:logGet(43)) - raft.server.log.segment.cache.num.max = 2 (custom)
2019-09-20 09:26:54,478 [pool-27-thread-1] INFO  segmented.SegmentedRaftLogWorker (SegmentedRaftLogWorker.java:<init>(172)) - new 02b93e76-e4c6-4b67-b8a4-c536d9ab7224-SegmentedRaftLogWorker:Storage Directory /workdir/hadoop-ozone/integration-test/target/test-dir/MiniOzoneClusterImpl-a33d77e5-464b-4d19-8e6b-a171e580bf0e/datanode-0/data/ratis/b7abb081-0378-4ea1-b5ff-905d20785107 for RaftStorage:Storage Directory /workdir/hadoop-ozone/integration-test/target/test-dir/MiniOzoneClusterImpl-a33d77e5-464b-4d19-8e6b-a171e580bf0e/datanode-0/data/ratis/b7abb081-0378-4ea1-b5ff-905d20785107
2019-09-20 09:26:54,478 [pool-27-thread-1] INFO  server.RaftServerConfigKeys (ConfUtils.java:logGet(43)) - raft.server.log.queue.byte-limit = 2147483647 (custom)
2019-09-20 09:26:54,478 [pool-27-thread-1] INFO  server.RaftServerConfigKeys (ConfUtils.java:logGet(43)) - raft.server.log.queue.element-limit = 1024 (custom)
2019-09-20 09:26:54,478 [pool-27-thread-1] INFO  server.RaftServerConfigKeys (ConfUtils.java:logGet(43)) - raft.server.log.segment.size.max = 1048576 (custom)
2019-09-20 09:26:54,478 [pool-27-thread-1] INFO  server.RaftServerConfigKeys (ConfUtils.java:logGet(43)) - raft.server.log.preallocated.size = 16384 (custom)
2019-09-20 09:26:54,478 [pool-27-thread-1] INFO  server.RaftServerConfigKeys (ConfUtils.java:logGet(43)) - raft.server.log.write.buffer.size = 33554432 (custom)
2019-09-20 09:26:54,479 [pool-27-thread-1] INFO  server.RaftServerConfigKeys (ConfUtils.java:logGet(43)) - raft.server.log.force.sync.num = 128 (default)
2019-09-20 09:26:54,479 [pool-27-thread-1] INFO  server.RaftServerConfigKeys (ConfUtils.java:logGet(43)) - raft.server.log.statemachine.data.sync = true (default)
2019-09-20 09:26:54,479 [pool-27-thread-1] INFO  server.RaftServerConfigKeys (ConfUtils.java:logGet(43)) - raft.server.log.statemachine.data.sync.timeout = 10s (default)
2019-09-20 09:26:54,479 [pool-27-thread-1] INFO  server.RaftServerConfigKeys (ConfUtils.java:logGet(43)) - raft.server.log.statemachine.data.sync.timeout.retry = -1 (default)
2019-09-20 09:26:54,479 [pool-27-thread-1] INFO  server.RaftServerConfigKeys (ConfUtils.java:logGet(43)) - raft.server.log.statemachine.data.caching.enabled = true (custom)
2019-09-20 09:26:54,480 [pool-27-thread-1] INFO  segmented.SegmentedRaftLogWorker (SegmentedRaftLogWorker.java:lambda$new$0(132)) - 02b93e76-e4c6-4b67-b8a4-c536d9ab7224-SegmentedRaftLogWorker:Storage Directory /workdir/hadoop-ozone/integration-test/target/test-dir/MiniOzoneClusterImpl-a33d77e5-464b-4d19-8e6b-a171e580bf0e/datanode-0/data/ratis/b7abb081-0378-4ea1-b5ff-905d20785107: flushIndex: setUnconditionally 0 -> -1
2019-09-20 09:26:54,480 [pool-27-thread-1] INFO  server.RaftServerConfigKeys (ConfUtils.java:logGet(43)) - raft.server.snapshot.auto.trigger.enabled = true (custom)
2019-09-20 09:26:54,480 [pool-27-thread-1] INFO  server.RaftServerConfigKeys (ConfUtils.java:logGet(43)) - raft.server.snapshot.auto.trigger.threshold = 10000 (custom)
2019-09-20 09:26:54,480 [pool-27-thread-1] INFO  server.RaftServerConfigKeys (ConfUtils.java:logGet(43)) - raft.server.retrycache.expirytime = 600000ms (custom)
2019-09-20 09:26:54,481 [pool-27-thread-1] INFO  impl.RaftServerImpl (RaftServerImpl.java:start(180)) - 02b93e76-e4c6-4b67-b8a4-c536d9ab7224: start group-905D20785107
2019-09-20 09:26:54,481 [pool-27-thread-1] INFO  impl.RaftServerImpl (RaftServerImpl.java:setRole(171)) - 02b93e76-e4c6-4b67-b8a4-c536d9ab7224:group-905D20785107 changes role from null to FOLLOWER at term 0 for startAsFollower
2019-09-20 09:26:54,481 [pool-27-thread-1] INFO  impl.RoleInfo (RoleInfo.java:updateAndGet(143)) - 02b93e76-e4c6-4b67-b8a4-c536d9ab7224: start FollowerState
2019-09-20 09:26:54,481 [pool-27-thread-1] INFO  util.JmxRegister (JmxRegister.java:tryRegister(44)) - Successfully registered JMX Bean with object name Ratis:service=RaftServer,group=group-905D20785107,id=02b93e76-e4c6-4b67-b8a4-c536d9ab7224
2019-09-20 09:26:54,488 [RatisPipelineUtilsThread] INFO  pipeline.PipelineStateManager (PipelineStateManager.java:addPipeline(56)) - Created pipeline Pipeline[ Id: b7abb081-0378-4ea1-b5ff-905d20785107, Nodes: 02b93e76-e4c6-4b67-b8a4-c536d9ab7224{ip: 192.168.36.99, host: pr-hdds-1569-p5fx8-1226042367, networkLocation: /default-rack, certSerialId: null}, Type:RATIS, Factor:ONE, State:OPEN]
2019-09-20 09:26:54,501 [grpc-default-executor-1] INFO  impl.RaftServerProxy (RaftServerProxy.java:addNew(89)) - 02b93e76-e4c6-4b67-b8a4-c536d9ab7224: addNew group-35E2D655AE49:[02b93e76-e4c6-4b67-b8a4-c536d9ab7224:192.168.36.99:39343] returns group-35E2D655AE49:java.util.concurrent.CompletableFuture@52931169[Not completed]
2019-09-20 09:26:54,503 [pool-27-thread-1] INFO  impl.RaftServerImpl (RaftServerImpl.java:<init>(93)) - 02b93e76-e4c6-4b67-b8a4-c536d9ab7224: new RaftServerImpl for group-35E2D655AE49:[02b93e76-e4c6-4b67-b8a4-c536d9ab7224:192.168.36.99:39343] with ContainerStateMachine:uninitialized
2019-09-20 09:26:54,503 [pool-27-thread-1] INFO  server.RaftServerConfigKeys (ConfUtils.java:logGet(43)) - raft.server.rpc.timeout.min = 5s (custom)
2019-09-20 09:26:54,503 [pool-27-thread-1] INFO  server.RaftServerConfigKeys (ConfUtils.java:logGet(43)) - raft.server.rpc.timeout.max = 5200ms (custom)
2019-09-20 09:26:54,503 [pool-27-thread-1] INFO  server.RaftServerConfigKeys (ConfUtils.java:logGet(43)) - raft.server.rpcslowness.timeout = 10s (custom)
2019-09-20 09:26:54,504 [pool-27-thread-1] INFO  server.RaftServerConfigKeys (ConfUtils.java:logGet(43)) - raft.server.sleep.deviation.threshold = 300 (default)
2019-09-20 09:26:54,504 [pool-27-thread-1] INFO  server.RaftServerConfigKeys (ConfUtils.java:logGet(43)) - raft.server.log.appender.install.snapshot.enabled = false (custom)
2019-09-20 09:26:54,504 [pool-27-thread-1] INFO  impl.RaftServerImpl (ServerState.java:<init>(105)) - 02b93e76-e4c6-4b67-b8a4-c536d9ab7224:group-35E2D655AE49 ConfigurationManager, init=-1: [02b93e76-e4c6-4b67-b8a4-c536d9ab7224:192.168.36.99:39343], old=null, confs=<EMPTY_MAP>
2019-09-20 09:26:54,504 [pool-27-thread-1] INFO  server.RaftServerConfigKeys (ConfUtils.java:logGet(43)) - raft.server.storage.dir = [/workdir/hadoop-ozone/integration-test/target/test-dir/MiniOzoneClusterImpl-a33d77e5-464b-4d19-8e6b-a171e580bf0e/datanode-0/data/ratis] (custom)
2019-09-20 09:26:54,505 [pool-27-thread-1] INFO  storage.RaftStorageDirectory (RaftStorageDirectory.java:analyzeStorage(246)) - The storage directory /workdir/hadoop-ozone/integration-test/target/test-dir/MiniOzoneClusterImpl-a33d77e5-464b-4d19-8e6b-a171e580bf0e/datanode-0/data/ratis/4a10de45-440f-4eef-9ed6-35e2d655ae49 does not exist. Creating ...
2019-09-20 09:26:54,535 [pool-27-thread-1] INFO  storage.RaftStorageDirectory (RaftStorageDirectory.java:tryLock(328)) - Lock on /workdir/hadoop-ozone/integration-test/target/test-dir/MiniOzoneClusterImpl-a33d77e5-464b-4d19-8e6b-a171e580bf0e/datanode-0/data/ratis/4a10de45-440f-4eef-9ed6-35e2d655ae49/in_use.lock acquired by nodename 7145@pr-hdds-1569-p5fx8-1226042367
2019-09-20 09:26:54,545 | INFO  | SCMAudit | user=jenkins1000 | ip=192.168.36.99 | op=SEND_HEARTBEAT {datanodeUUID=dc7f40a9-6782-42c4-abab-c6b1682da047, command=[]} | ret=SUCCESS |  
2019-09-20 09:26:54,560 [pool-27-thread-1] INFO  storage.RaftStorage (RaftStorage.java:format(72)) - Storage directory /workdir/hadoop-ozone/integration-test/target/test-dir/MiniOzoneClusterImpl-a33d77e5-464b-4d19-8e6b-a171e580bf0e/datanode-0/data/ratis/4a10de45-440f-4eef-9ed6-35e2d655ae49 has been successfully formatted.
2019-09-20 09:26:54,560 [pool-27-thread-1] INFO  ratis.ContainerStateMachine (ContainerStateMachine.java:loadSnapshot(226)) - group-35E2D655AE49: The snapshot info is null. Setting the last applied indexto:(t:0, i:~)
2019-09-20 09:26:54,561 [pool-27-thread-1] INFO  server.RaftServerConfigKeys (ConfUtils.java:logGet(43)) - raft.server.leader.election.timeout = 10s (custom)
2019-09-20 09:26:54,561 [pool-27-thread-1] INFO  server.RaftServerConfigKeys (ConfUtils.java:logGet(43)) - raft.server.log.use.memory = false (default)
2019-09-20 09:26:54,561 [pool-27-thread-1] INFO  server.RaftServerConfigKeys (ConfUtils.java:logGet(43)) - raft.server.log.purge.gap = 1000000 (custom)
2019-09-20 09:26:54,561 [pool-27-thread-1] INFO  server.RaftServerConfigKeys (ConfUtils.java:logGet(43)) - raft.server.log.appender.buffer.byte-limit = 33554432 (custom)
2019-09-20 09:26:54,561 [pool-27-thread-1] INFO  server.RaftServerConfigKeys (ConfUtils.java:logGet(43)) - raft.server.log.segment.size.max = 1048576 (custom)
2019-09-20 09:26:54,561 [pool-27-thread-1] INFO  server.RaftServerConfigKeys (ConfUtils.java:logGet(43)) - raft.server.log.segment.cache.num.max = 2 (custom)
2019-09-20 09:26:54,561 [pool-27-thread-1] INFO  segmented.SegmentedRaftLogWorker (SegmentedRaftLogWorker.java:<init>(172)) - new 02b93e76-e4c6-4b67-b8a4-c536d9ab7224-SegmentedRaftLogWorker:Storage Directory /workdir/hadoop-ozone/integration-test/target/test-dir/MiniOzoneClusterImpl-a33d77e5-464b-4d19-8e6b-a171e580bf0e/datanode-0/data/ratis/4a10de45-440f-4eef-9ed6-35e2d655ae49 for RaftStorage:Storage Directory /workdir/hadoop-ozone/integration-test/target/test-dir/MiniOzoneClusterImpl-a33d77e5-464b-4d19-8e6b-a171e580bf0e/datanode-0/data/ratis/4a10de45-440f-4eef-9ed6-35e2d655ae49
2019-09-20 09:26:54,562 [pool-27-thread-1] INFO  server.RaftServerConfigKeys (ConfUtils.java:logGet(43)) - raft.server.log.queue.byte-limit = 2147483647 (custom)
2019-09-20 09:26:54,562 [pool-27-thread-1] INFO  server.RaftServerConfigKeys (ConfUtils.java:logGet(43)) - raft.server.log.queue.element-limit = 1024 (custom)
2019-09-20 09:26:54,562 [pool-27-thread-1] INFO  server.RaftServerConfigKeys (ConfUtils.java:logGet(43)) - raft.server.log.segment.size.max = 1048576 (custom)
2019-09-20 09:26:54,562 [pool-27-thread-1] INFO  server.RaftServerConfigKeys (ConfUtils.java:logGet(43)) - raft.server.log.preallocated.size = 16384 (custom)
2019-09-20 09:26:54,562 [pool-27-thread-1] INFO  server.RaftServerConfigKeys (ConfUtils.java:logGet(43)) - raft.server.log.write.buffer.size = 33554432 (custom)
2019-09-20 09:26:54,562 [pool-27-thread-1] INFO  server.RaftServerConfigKeys (ConfUtils.java:logGet(43)) - raft.server.log.force.sync.num = 128 (default)
2019-09-20 09:26:54,563 [pool-27-thread-1] INFO  server.RaftServerConfigKeys (ConfUtils.java:logGet(43)) - raft.server.log.statemachine.data.sync = true (default)
2019-09-20 09:26:54,563 [pool-27-thread-1] INFO  server.RaftServerConfigKeys (ConfUtils.java:logGet(43)) - raft.server.log.statemachine.data.sync.timeout = 10s (default)
2019-09-20 09:26:54,563 [pool-27-thread-1] INFO  server.RaftServerConfigKeys (ConfUtils.java:logGet(43)) - raft.server.log.statemachine.data.sync.timeout.retry = -1 (default)
2019-09-20 09:26:54,563 [pool-27-thread-1] INFO  server.RaftServerConfigKeys (ConfUtils.java:logGet(43)) - raft.server.log.statemachine.data.caching.enabled = true (custom)
2019-09-20 09:26:54,563 [pool-27-thread-1] INFO  segmented.SegmentedRaftLogWorker (SegmentedRaftLogWorker.java:lambda$new$0(132)) - 02b93e76-e4c6-4b67-b8a4-c536d9ab7224-SegmentedRaftLogWorker:Storage Directory /workdir/hadoop-ozone/integration-test/target/test-dir/MiniOzoneClusterImpl-a33d77e5-464b-4d19-8e6b-a171e580bf0e/datanode-0/data/ratis/4a10de45-440f-4eef-9ed6-35e2d655ae49: flushIndex: setUnconditionally 0 -> -1
2019-09-20 09:26:54,564 [pool-27-thread-1] INFO  server.RaftServerConfigKeys (ConfUtils.java:logGet(43)) - raft.server.snapshot.auto.trigger.enabled = true (custom)
2019-09-20 09:26:54,564 [pool-27-thread-1] INFO  server.RaftServerConfigKeys (ConfUtils.java:logGet(43)) - raft.server.snapshot.auto.trigger.threshold = 10000 (custom)
2019-09-20 09:26:54,564 [pool-27-thread-1] INFO  server.RaftServerConfigKeys (ConfUtils.java:logGet(43)) - raft.server.retrycache.expirytime = 600000ms (custom)
2019-09-20 09:26:54,564 [pool-27-thread-1] INFO  impl.RaftServerImpl (RaftServerImpl.java:start(180)) - 02b93e76-e4c6-4b67-b8a4-c536d9ab7224: start group-35E2D655AE49
2019-09-20 09:26:54,564 [pool-27-thread-1] INFO  impl.RaftServerImpl (RaftServerImpl.java:setRole(171)) - 02b93e76-e4c6-4b67-b8a4-c536d9ab7224:group-35E2D655AE49 changes role from null to FOLLOWER at term 0 for startAsFollower
2019-09-20 09:26:54,565 [pool-27-thread-1] INFO  impl.RoleInfo (RoleInfo.java:updateAndGet(143)) - 02b93e76-e4c6-4b67-b8a4-c536d9ab7224: start FollowerState
2019-09-20 09:26:54,565 [pool-27-thread-1] INFO  util.JmxRegister (JmxRegister.java:tryRegister(44)) - Successfully registered JMX Bean with object name Ratis:service=RaftServer,group=group-35E2D655AE49,id=02b93e76-e4c6-4b67-b8a4-c536d9ab7224
2019-09-20 09:26:54,571 [RatisPipelineUtilsThread] INFO  pipeline.PipelineStateManager (PipelineStateManager.java:addPipeline(56)) - Created pipeline Pipeline[ Id: 4a10de45-440f-4eef-9ed6-35e2d655ae49, Nodes: 02b93e76-e4c6-4b67-b8a4-c536d9ab7224{ip: 192.168.36.99, host: pr-hdds-1569-p5fx8-1226042367, networkLocation: /default-rack, certSerialId: null}, Type:RATIS, Factor:ONE, State:OPEN]
2019-09-20 09:26:54,583 [grpc-default-executor-1] INFO  impl.RaftServerProxy (RaftServerProxy.java:addNew(89)) - 871e6485-c22a-483f-9e07-d19e754685be: addNew group-878BFFACDD88:[871e6485-c22a-483f-9e07-d19e754685be:192.168.36.99:41076] returns group-878BFFACDD88:java.util.concurrent.CompletableFuture@3d9d6f07[Not completed]
2019-09-20 09:26:54,585 [pool-71-thread-1] INFO  impl.RaftServerImpl (RaftServerImpl.java:<init>(93)) - 871e6485-c22a-483f-9e07-d19e754685be: new RaftServerImpl for group-878BFFACDD88:[871e6485-c22a-483f-9e07-d19e754685be:192.168.36.99:41076] with ContainerStateMachine:uninitialized
2019-09-20 09:26:54,585 [pool-71-thread-1] INFO  server.RaftServerConfigKeys (ConfUtils.java:logGet(43)) - raft.server.rpc.timeout.min = 5s (custom)
2019-09-20 09:26:54,585 [pool-71-thread-1] INFO  server.RaftServerConfigKeys (ConfUtils.java:logGet(43)) - raft.server.rpc.timeout.max = 5200ms (custom)
2019-09-20 09:26:54,585 [pool-71-thread-1] INFO  server.RaftServerConfigKeys (ConfUtils.java:logGet(43)) - raft.server.rpcslowness.timeout = 10s (custom)
2019-09-20 09:26:54,586 [pool-71-thread-1] INFO  server.RaftServerConfigKeys (ConfUtils.java:logGet(43)) - raft.server.sleep.deviation.threshold = 300 (default)
2019-09-20 09:26:54,586 [pool-71-thread-1] INFO  server.RaftServerConfigKeys (ConfUtils.java:logGet(43)) - raft.server.log.appender.install.snapshot.enabled = false (custom)
2019-09-20 09:26:54,586 [pool-71-thread-1] INFO  impl.RaftServerImpl (ServerState.java:<init>(105)) - 871e6485-c22a-483f-9e07-d19e754685be:group-878BFFACDD88 ConfigurationManager, init=-1: [871e6485-c22a-483f-9e07-d19e754685be:192.168.36.99:41076], old=null, confs=<EMPTY_MAP>
2019-09-20 09:26:54,586 [pool-71-thread-1] INFO  server.RaftServerConfigKeys (ConfUtils.java:logGet(43)) - raft.server.storage.dir = [/workdir/hadoop-ozone/integration-test/target/test-dir/MiniOzoneClusterImpl-a33d77e5-464b-4d19-8e6b-a171e580bf0e/datanode-4/data/ratis] (custom)
2019-09-20 09:26:54,587 [pool-71-thread-1] INFO  storage.RaftStorageDirectory (RaftStorageDirectory.java:analyzeStorage(246)) - The storage directory /workdir/hadoop-ozone/integration-test/target/test-dir/MiniOzoneClusterImpl-a33d77e5-464b-4d19-8e6b-a171e580bf0e/datanode-4/data/ratis/a89e7b25-62d5-42a0-9f8e-878bffacdd88 does not exist. Creating ...
2019-09-20 09:26:54,598 | INFO  | SCMAudit | user=jenkins1000 | ip=192.168.36.99 | op=SEND_HEARTBEAT {datanodeUUID=fd3cd5f9-4f1c-43ea-91b1-b85a1f6c3825, command=[]} | ret=SUCCESS |  
2019-09-20 09:26:54,610 [pool-71-thread-1] INFO  storage.RaftStorageDirectory (RaftStorageDirectory.java:tryLock(328)) - Lock on /workdir/hadoop-ozone/integration-test/target/test-dir/MiniOzoneClusterImpl-a33d77e5-464b-4d19-8e6b-a171e580bf0e/datanode-4/data/ratis/a89e7b25-62d5-42a0-9f8e-878bffacdd88/in_use.lock acquired by nodename 7145@pr-hdds-1569-p5fx8-1226042367
2019-09-20 09:26:54,636 [pool-71-thread-1] INFO  storage.RaftStorage (RaftStorage.java:format(72)) - Storage directory /workdir/hadoop-ozone/integration-test/target/test-dir/MiniOzoneClusterImpl-a33d77e5-464b-4d19-8e6b-a171e580bf0e/datanode-4/data/ratis/a89e7b25-62d5-42a0-9f8e-878bffacdd88 has been successfully formatted.
2019-09-20 09:26:54,636 [pool-71-thread-1] INFO  ratis.ContainerStateMachine (ContainerStateMachine.java:loadSnapshot(226)) - group-878BFFACDD88: The snapshot info is null. Setting the last applied indexto:(t:0, i:~)
2019-09-20 09:26:54,637 [pool-71-thread-1] INFO  server.RaftServerConfigKeys (ConfUtils.java:logGet(43)) - raft.server.leader.election.timeout = 10s (custom)
2019-09-20 09:26:54,637 [pool-71-thread-1] INFO  server.RaftServerConfigKeys (ConfUtils.java:logGet(43)) - raft.server.log.use.memory = false (default)
2019-09-20 09:26:54,637 [pool-71-thread-1] INFO  server.RaftServerConfigKeys (ConfUtils.java:logGet(43)) - raft.server.log.purge.gap = 1000000 (custom)
2019-09-20 09:26:54,637 [pool-71-thread-1] INFO  server.RaftServerConfigKeys (ConfUtils.java:logGet(43)) - raft.server.log.appender.buffer.byte-limit = 33554432 (custom)
2019-09-20 09:26:54,637 [pool-71-thread-1] INFO  server.RaftServerConfigKeys (ConfUtils.java:logGet(43)) - raft.server.log.segment.size.max = 1048576 (custom)
2019-09-20 09:26:54,637 [pool-71-thread-1] INFO  server.RaftServerConfigKeys (ConfUtils.java:logGet(43)) - raft.server.log.segment.cache.num.max = 2 (custom)
2019-09-20 09:26:54,638 [pool-71-thread-1] INFO  segmented.SegmentedRaftLogWorker (SegmentedRaftLogWorker.java:<init>(172)) - new 871e6485-c22a-483f-9e07-d19e754685be-SegmentedRaftLogWorker:Storage Directory /workdir/hadoop-ozone/integration-test/target/test-dir/MiniOzoneClusterImpl-a33d77e5-464b-4d19-8e6b-a171e580bf0e/datanode-4/data/ratis/a89e7b25-62d5-42a0-9f8e-878bffacdd88 for RaftStorage:Storage Directory /workdir/hadoop-ozone/integration-test/target/test-dir/MiniOzoneClusterImpl-a33d77e5-464b-4d19-8e6b-a171e580bf0e/datanode-4/data/ratis/a89e7b25-62d5-42a0-9f8e-878bffacdd88
2019-09-20 09:26:54,638 [pool-71-thread-1] INFO  server.RaftServerConfigKeys (ConfUtils.java:logGet(43)) - raft.server.log.queue.byte-limit = 2147483647 (custom)
2019-09-20 09:26:54,638 [pool-71-thread-1] INFO  server.RaftServerConfigKeys (ConfUtils.java:logGet(43)) - raft.server.log.queue.element-limit = 1024 (custom)
2019-09-20 09:26:54,638 [pool-71-thread-1] INFO  server.RaftServerConfigKeys (ConfUtils.java:logGet(43)) - raft.server.log.segment.size.max = 1048576 (custom)
2019-09-20 09:26:54,638 [pool-71-thread-1] INFO  server.RaftServerConfigKeys (ConfUtils.java:logGet(43)) - raft.server.log.preallocated.size = 16384 (custom)
2019-09-20 09:26:54,638 [pool-71-thread-1] INFO  server.RaftServerConfigKeys (ConfUtils.java:logGet(43)) - raft.server.log.write.buffer.size = 33554432 (custom)
2019-09-20 09:26:54,638 [pool-71-thread-1] INFO  server.RaftServerConfigKeys (ConfUtils.java:logGet(43)) - raft.server.log.force.sync.num = 128 (default)
2019-09-20 09:26:54,639 [pool-71-thread-1] INFO  server.RaftServerConfigKeys (ConfUtils.java:logGet(43)) - raft.server.log.statemachine.data.sync = true (default)
2019-09-20 09:26:54,639 [pool-71-thread-1] INFO  server.RaftServerConfigKeys (ConfUtils.java:logGet(43)) - raft.server.log.statemachine.data.sync.timeout = 10s (default)
2019-09-20 09:26:54,639 [pool-71-thread-1] INFO  server.RaftServerConfigKeys (ConfUtils.java:logGet(43)) - raft.server.log.statemachine.data.sync.timeout.retry = -1 (default)
2019-09-20 09:26:54,639 [pool-71-thread-1] INFO  server.RaftServerConfigKeys (ConfUtils.java:logGet(43)) - raft.server.log.statemachine.data.caching.enabled = true (custom)
2019-09-20 09:26:54,640 [pool-71-thread-1] INFO  segmented.SegmentedRaftLogWorker (SegmentedRaftLogWorker.java:lambda$new$0(132)) - 871e6485-c22a-483f-9e07-d19e754685be-SegmentedRaftLogWorker:Storage Directory /workdir/hadoop-ozone/integration-test/target/test-dir/MiniOzoneClusterImpl-a33d77e5-464b-4d19-8e6b-a171e580bf0e/datanode-4/data/ratis/a89e7b25-62d5-42a0-9f8e-878bffacdd88: flushIndex: setUnconditionally 0 -> -1
2019-09-20 09:26:54,640 [pool-71-thread-1] INFO  server.RaftServerConfigKeys (ConfUtils.java:logGet(43)) - raft.server.snapshot.auto.trigger.enabled = true (custom)
2019-09-20 09:26:54,640 [pool-71-thread-1] INFO  server.RaftServerConfigKeys (ConfUtils.java:logGet(43)) - raft.server.snapshot.auto.trigger.threshold = 10000 (custom)
2019-09-20 09:26:54,640 [pool-71-thread-1] INFO  server.RaftServerConfigKeys (ConfUtils.java:logGet(43)) - raft.server.retrycache.expirytime = 600000ms (custom)
2019-09-20 09:26:54,641 [pool-71-thread-1] INFO  impl.RaftServerImpl (RaftServerImpl.java:start(180)) - 871e6485-c22a-483f-9e07-d19e754685be: start group-878BFFACDD88
2019-09-20 09:26:54,641 [pool-71-thread-1] INFO  impl.RaftServerImpl (RaftServerImpl.java:setRole(171)) - 871e6485-c22a-483f-9e07-d19e754685be:group-878BFFACDD88 changes role from null to FOLLOWER at term 0 for startAsFollower
2019-09-20 09:26:54,641 [pool-71-thread-1] INFO  impl.RoleInfo (RoleInfo.java:updateAndGet(143)) - 871e6485-c22a-483f-9e07-d19e754685be: start FollowerState
2019-09-20 09:26:54,642 [pool-71-thread-1] INFO  util.JmxRegister (JmxRegister.java:tryRegister(44)) - Successfully registered JMX Bean with object name Ratis:service=RaftServer,group=group-878BFFACDD88,id=871e6485-c22a-483f-9e07-d19e754685be
2019-09-20 09:26:54,648 [RatisPipelineUtilsThread] INFO  pipeline.PipelineStateManager (PipelineStateManager.java:addPipeline(56)) - Created pipeline Pipeline[ Id: a89e7b25-62d5-42a0-9f8e-878bffacdd88, Nodes: 871e6485-c22a-483f-9e07-d19e754685be{ip: 192.168.36.99, host: pr-hdds-1569-p5fx8-1226042367, networkLocation: /default-rack, certSerialId: null}, Type:RATIS, Factor:ONE, State:OPEN]
2019-09-20 09:26:54,659 [grpc-default-executor-1] INFO  impl.RaftServerProxy (RaftServerProxy.java:addNew(89)) - 4840c00f-91d3-4881-a20b-4d0486ca97c0: addNew group-8915D09973E6:[4840c00f-91d3-4881-a20b-4d0486ca97c0:192.168.36.99:41473] returns group-8915D09973E6:java.util.concurrent.CompletableFuture@1ec8f70c[Not completed]
2019-09-20 09:26:54,661 [pool-60-thread-1] INFO  impl.RaftServerImpl (RaftServerImpl.java:<init>(93)) - 4840c00f-91d3-4881-a20b-4d0486ca97c0: new RaftServerImpl for group-8915D09973E6:[4840c00f-91d3-4881-a20b-4d0486ca97c0:192.168.36.99:41473] with ContainerStateMachine:uninitialized
2019-09-20 09:26:54,661 [pool-60-thread-1] INFO  server.RaftServerConfigKeys (ConfUtils.java:logGet(43)) - raft.server.rpc.timeout.min = 5s (custom)
2019-09-20 09:26:54,661 [pool-60-thread-1] INFO  server.RaftServerConfigKeys (ConfUtils.java:logGet(43)) - raft.server.rpc.timeout.max = 5200ms (custom)
2019-09-20 09:26:54,661 [pool-60-thread-1] INFO  server.RaftServerConfigKeys (ConfUtils.java:logGet(43)) - raft.server.rpcslowness.timeout = 10s (custom)
2019-09-20 09:26:54,662 [pool-60-thread-1] INFO  server.RaftServerConfigKeys (ConfUtils.java:logGet(43)) - raft.server.sleep.deviation.threshold = 300 (default)
2019-09-20 09:26:54,662 [pool-60-thread-1] INFO  server.RaftServerConfigKeys (ConfUtils.java:logGet(43)) - raft.server.log.appender.install.snapshot.enabled = false (custom)
2019-09-20 09:26:54,662 [pool-60-thread-1] INFO  impl.RaftServerImpl (ServerState.java:<init>(105)) - 4840c00f-91d3-4881-a20b-4d0486ca97c0:group-8915D09973E6 ConfigurationManager, init=-1: [4840c00f-91d3-4881-a20b-4d0486ca97c0:192.168.36.99:41473], old=null, confs=<EMPTY_MAP>
2019-09-20 09:26:54,662 [pool-60-thread-1] INFO  server.RaftServerConfigKeys (ConfUtils.java:logGet(43)) - raft.server.storage.dir = [/workdir/hadoop-ozone/integration-test/target/test-dir/MiniOzoneClusterImpl-a33d77e5-464b-4d19-8e6b-a171e580bf0e/datanode-3/data/ratis] (custom)
2019-09-20 09:26:54,663 [pool-60-thread-1] INFO  storage.RaftStorageDirectory (RaftStorageDirectory.java:analyzeStorage(246)) - The storage directory /workdir/hadoop-ozone/integration-test/target/test-dir/MiniOzoneClusterImpl-a33d77e5-464b-4d19-8e6b-a171e580bf0e/datanode-3/data/ratis/928933a0-494b-4d16-9fc6-8915d09973e6 does not exist. Creating ...
2019-09-20 09:26:54,686 [pool-60-thread-1] INFO  storage.RaftStorageDirectory (RaftStorageDirectory.java:tryLock(328)) - Lock on /workdir/hadoop-ozone/integration-test/target/test-dir/MiniOzoneClusterImpl-a33d77e5-464b-4d19-8e6b-a171e580bf0e/datanode-3/data/ratis/928933a0-494b-4d16-9fc6-8915d09973e6/in_use.lock acquired by nodename 7145@pr-hdds-1569-p5fx8-1226042367
2019-09-20 09:26:54,712 [pool-60-thread-1] INFO  storage.RaftStorage (RaftStorage.java:format(72)) - Storage directory /workdir/hadoop-ozone/integration-test/target/test-dir/MiniOzoneClusterImpl-a33d77e5-464b-4d19-8e6b-a171e580bf0e/datanode-3/data/ratis/928933a0-494b-4d16-9fc6-8915d09973e6 has been successfully formatted.
2019-09-20 09:26:54,712 [pool-60-thread-1] INFO  ratis.ContainerStateMachine (ContainerStateMachine.java:loadSnapshot(226)) - group-8915D09973E6: The snapshot info is null. Setting the last applied indexto:(t:0, i:~)
2019-09-20 09:26:54,712 [pool-60-thread-1] INFO  server.RaftServerConfigKeys (ConfUtils.java:logGet(43)) - raft.server.leader.election.timeout = 10s (custom)
2019-09-20 09:26:54,713 [pool-60-thread-1] INFO  server.RaftServerConfigKeys (ConfUtils.java:logGet(43)) - raft.server.log.use.memory = false (default)
2019-09-20 09:26:54,713 [pool-60-thread-1] INFO  server.RaftServerConfigKeys (ConfUtils.java:logGet(43)) - raft.server.log.purge.gap = 1000000 (custom)
2019-09-20 09:26:54,713 [pool-60-thread-1] INFO  server.RaftServerConfigKeys (ConfUtils.java:logGet(43)) - raft.server.log.appender.buffer.byte-limit = 33554432 (custom)
2019-09-20 09:26:54,713 [pool-60-thread-1] INFO  server.RaftServerConfigKeys (ConfUtils.java:logGet(43)) - raft.server.log.segment.size.max = 1048576 (custom)
2019-09-20 09:26:54,713 [pool-60-thread-1] INFO  server.RaftServerConfigKeys (ConfUtils.java:logGet(43)) - raft.server.log.segment.cache.num.max = 2 (custom)
2019-09-20 09:26:54,713 [pool-60-thread-1] INFO  segmented.SegmentedRaftLogWorker (SegmentedRaftLogWorker.java:<init>(172)) - new 4840c00f-91d3-4881-a20b-4d0486ca97c0-SegmentedRaftLogWorker:Storage Directory /workdir/hadoop-ozone/integration-test/target/test-dir/MiniOzoneClusterImpl-a33d77e5-464b-4d19-8e6b-a171e580bf0e/datanode-3/data/ratis/928933a0-494b-4d16-9fc6-8915d09973e6 for RaftStorage:Storage Directory /workdir/hadoop-ozone/integration-test/target/test-dir/MiniOzoneClusterImpl-a33d77e5-464b-4d19-8e6b-a171e580bf0e/datanode-3/data/ratis/928933a0-494b-4d16-9fc6-8915d09973e6
2019-09-20 09:26:54,714 [pool-60-thread-1] INFO  server.RaftServerConfigKeys (ConfUtils.java:logGet(43)) - raft.server.log.queue.byte-limit = 2147483647 (custom)
2019-09-20 09:26:54,714 [pool-60-thread-1] INFO  server.RaftServerConfigKeys (ConfUtils.java:logGet(43)) - raft.server.log.queue.element-limit = 1024 (custom)
2019-09-20 09:26:54,714 [pool-60-thread-1] INFO  server.RaftServerConfigKeys (ConfUtils.java:logGet(43)) - raft.server.log.segment.size.max = 1048576 (custom)
2019-09-20 09:26:54,714 [pool-60-thread-1] INFO  server.RaftServerConfigKeys (ConfUtils.java:logGet(43)) - raft.server.log.preallocated.size = 16384 (custom)
2019-09-20 09:26:54,714 [pool-60-thread-1] INFO  server.RaftServerConfigKeys (ConfUtils.java:logGet(43)) - raft.server.log.write.buffer.size = 33554432 (custom)
2019-09-20 09:26:54,714 [pool-60-thread-1] INFO  server.RaftServerConfigKeys (ConfUtils.java:logGet(43)) - raft.server.log.force.sync.num = 128 (default)
2019-09-20 09:26:54,714 [pool-60-thread-1] INFO  server.RaftServerConfigKeys (ConfUtils.java:logGet(43)) - raft.server.log.statemachine.data.sync = true (default)
2019-09-20 09:26:54,715 [pool-60-thread-1] INFO  server.RaftServerConfigKeys (ConfUtils.java:logGet(43)) - raft.server.log.statemachine.data.sync.timeout = 10s (default)
2019-09-20 09:26:54,715 [pool-60-thread-1] INFO  server.RaftServerConfigKeys (ConfUtils.java:logGet(43)) - raft.server.log.statemachine.data.sync.timeout.retry = -1 (default)
2019-09-20 09:26:54,715 [pool-60-thread-1] INFO  server.RaftServerConfigKeys (ConfUtils.java:logGet(43)) - raft.server.log.statemachine.data.caching.enabled = true (custom)
2019-09-20 09:26:54,715 [pool-60-thread-1] INFO  segmented.SegmentedRaftLogWorker (SegmentedRaftLogWorker.java:lambda$new$0(132)) - 4840c00f-91d3-4881-a20b-4d0486ca97c0-SegmentedRaftLogWorker:Storage Directory /workdir/hadoop-ozone/integration-test/target/test-dir/MiniOzoneClusterImpl-a33d77e5-464b-4d19-8e6b-a171e580bf0e/datanode-3/data/ratis/928933a0-494b-4d16-9fc6-8915d09973e6: flushIndex: setUnconditionally 0 -> -1
2019-09-20 09:26:54,716 [pool-60-thread-1] INFO  server.RaftServerConfigKeys (ConfUtils.java:logGet(43)) - raft.server.snapshot.auto.trigger.enabled = true (custom)
2019-09-20 09:26:54,716 [pool-60-thread-1] INFO  server.RaftServerConfigKeys (ConfUtils.java:logGet(43)) - raft.server.snapshot.auto.trigger.threshold = 10000 (custom)
2019-09-20 09:26:54,716 [pool-60-thread-1] INFO  server.RaftServerConfigKeys (ConfUtils.java:logGet(43)) - raft.server.retrycache.expirytime = 600000ms (custom)
2019-09-20 09:26:54,717 [pool-60-thread-1] INFO  impl.RaftServerImpl (RaftServerImpl.java:start(180)) - 4840c00f-91d3-4881-a20b-4d0486ca97c0: start group-8915D09973E6
2019-09-20 09:26:54,717 [pool-60-thread-1] INFO  impl.RaftServerImpl (RaftServerImpl.java:setRole(171)) - 4840c00f-91d3-4881-a20b-4d0486ca97c0:group-8915D09973E6 changes role from null to FOLLOWER at term 0 for startAsFollower
2019-09-20 09:26:54,717 [pool-60-thread-1] INFO  impl.RoleInfo (RoleInfo.java:updateAndGet(143)) - 4840c00f-91d3-4881-a20b-4d0486ca97c0: start FollowerState
2019-09-20 09:26:54,717 [pool-60-thread-1] INFO  util.JmxRegister (JmxRegister.java:tryRegister(44)) - Successfully registered JMX Bean with object name Ratis:service=RaftServer,group=group-8915D09973E6,id=4840c00f-91d3-4881-a20b-4d0486ca97c0
2019-09-20 09:26:54,724 [RatisPipelineUtilsThread] INFO  pipeline.PipelineStateManager (PipelineStateManager.java:addPipeline(56)) - Created pipeline Pipeline[ Id: 928933a0-494b-4d16-9fc6-8915d09973e6, Nodes: 4840c00f-91d3-4881-a20b-4d0486ca97c0{ip: 192.168.36.99, host: pr-hdds-1569-p5fx8-1226042367, networkLocation: /default-rack, certSerialId: null}, Type:RATIS, Factor:ONE, State:OPEN]
2019-09-20 09:26:54,736 [grpc-default-executor-1] INFO  impl.RaftServerProxy (RaftServerProxy.java:addNew(89)) - 492ed782-6ab3-4ad9-945e-06def6ac7c96: addNew group-7F910BFB730B:[492ed782-6ab3-4ad9-945e-06def6ac7c96:192.168.36.99:32835] returns group-7F910BFB730B:java.util.concurrent.CompletableFuture@5895890d[Not completed]
2019-09-20 09:26:54,737 [pool-49-thread-1] INFO  impl.RaftServerImpl (RaftServerImpl.java:<init>(93)) - 492ed782-6ab3-4ad9-945e-06def6ac7c96: new RaftServerImpl for group-7F910BFB730B:[492ed782-6ab3-4ad9-945e-06def6ac7c96:192.168.36.99:32835] with ContainerStateMachine:uninitialized
2019-09-20 09:26:54,738 [pool-49-thread-1] INFO  server.RaftServerConfigKeys (ConfUtils.java:logGet(43)) - raft.server.rpc.timeout.min = 5s (custom)
2019-09-20 09:26:54,738 [pool-49-thread-1] INFO  server.RaftServerConfigKeys (ConfUtils.java:logGet(43)) - raft.server.rpc.timeout.max = 5200ms (custom)
2019-09-20 09:26:54,738 [pool-49-thread-1] INFO  server.RaftServerConfigKeys (ConfUtils.java:logGet(43)) - raft.server.rpcslowness.timeout = 10s (custom)
2019-09-20 09:26:54,738 [pool-49-thread-1] INFO  server.RaftServerConfigKeys (ConfUtils.java:logGet(43)) - raft.server.sleep.deviation.threshold = 300 (default)
2019-09-20 09:26:54,738 [pool-49-thread-1] INFO  server.RaftServerConfigKeys (ConfUtils.java:logGet(43)) - raft.server.log.appender.install.snapshot.enabled = false (custom)
2019-09-20 09:26:54,738 [pool-49-thread-1] INFO  impl.RaftServerImpl (ServerState.java:<init>(105)) - 492ed782-6ab3-4ad9-945e-06def6ac7c96:group-7F910BFB730B ConfigurationManager, init=-1: [492ed782-6ab3-4ad9-945e-06def6ac7c96:192.168.36.99:32835], old=null, confs=<EMPTY_MAP>
2019-09-20 09:26:54,739 [pool-49-thread-1] INFO  server.RaftServerConfigKeys (ConfUtils.java:logGet(43)) - raft.server.storage.dir = [/workdir/hadoop-ozone/integration-test/target/test-dir/MiniOzoneClusterImpl-a33d77e5-464b-4d19-8e6b-a171e580bf0e/datanode-2/data/ratis] (custom)
2019-09-20 09:26:54,739 [pool-49-thread-1] INFO  storage.RaftStorageDirectory (RaftStorageDirectory.java:analyzeStorage(246)) - The storage directory /workdir/hadoop-ozone/integration-test/target/test-dir/MiniOzoneClusterImpl-a33d77e5-464b-4d19-8e6b-a171e580bf0e/datanode-2/data/ratis/595d3da1-dbc7-494b-af42-7f910bfb730b does not exist. Creating ...
2019-09-20 09:26:54,762 [pool-49-thread-1] INFO  storage.RaftStorageDirectory (RaftStorageDirectory.java:tryLock(328)) - Lock on /workdir/hadoop-ozone/integration-test/target/test-dir/MiniOzoneClusterImpl-a33d77e5-464b-4d19-8e6b-a171e580bf0e/datanode-2/data/ratis/595d3da1-dbc7-494b-af42-7f910bfb730b/in_use.lock acquired by nodename 7145@pr-hdds-1569-p5fx8-1226042367
2019-09-20 09:26:54,787 [pool-49-thread-1] INFO  storage.RaftStorage (RaftStorage.java:format(72)) - Storage directory /workdir/hadoop-ozone/integration-test/target/test-dir/MiniOzoneClusterImpl-a33d77e5-464b-4d19-8e6b-a171e580bf0e/datanode-2/data/ratis/595d3da1-dbc7-494b-af42-7f910bfb730b has been successfully formatted.
2019-09-20 09:26:54,788 [pool-49-thread-1] INFO  ratis.ContainerStateMachine (ContainerStateMachine.java:loadSnapshot(226)) - group-7F910BFB730B: The snapshot info is null. Setting the last applied indexto:(t:0, i:~)
2019-09-20 09:26:54,788 [pool-49-thread-1] INFO  server.RaftServerConfigKeys (ConfUtils.java:logGet(43)) - raft.server.leader.election.timeout = 10s (custom)
2019-09-20 09:26:54,788 [pool-49-thread-1] INFO  server.RaftServerConfigKeys (ConfUtils.java:logGet(43)) - raft.server.log.use.memory = false (default)
2019-09-20 09:26:54,788 [pool-49-thread-1] INFO  server.RaftServerConfigKeys (ConfUtils.java:logGet(43)) - raft.server.log.purge.gap = 1000000 (custom)
2019-09-20 09:26:54,788 [pool-49-thread-1] INFO  server.RaftServerConfigKeys (ConfUtils.java:logGet(43)) - raft.server.log.appender.buffer.byte-limit = 33554432 (custom)
2019-09-20 09:26:54,789 [pool-49-thread-1] INFO  server.RaftServerConfigKeys (ConfUtils.java:logGet(43)) - raft.server.log.segment.size.max = 1048576 (custom)
2019-09-20 09:26:54,789 [pool-49-thread-1] INFO  server.RaftServerConfigKeys (ConfUtils.java:logGet(43)) - raft.server.log.segment.cache.num.max = 2 (custom)
2019-09-20 09:26:54,789 [pool-49-thread-1] INFO  segmented.SegmentedRaftLogWorker (SegmentedRaftLogWorker.java:<init>(172)) - new 492ed782-6ab3-4ad9-945e-06def6ac7c96-SegmentedRaftLogWorker:Storage Directory /workdir/hadoop-ozone/integration-test/target/test-dir/MiniOzoneClusterImpl-a33d77e5-464b-4d19-8e6b-a171e580bf0e/datanode-2/data/ratis/595d3da1-dbc7-494b-af42-7f910bfb730b for RaftStorage:Storage Directory /workdir/hadoop-ozone/integration-test/target/test-dir/MiniOzoneClusterImpl-a33d77e5-464b-4d19-8e6b-a171e580bf0e/datanode-2/data/ratis/595d3da1-dbc7-494b-af42-7f910bfb730b
2019-09-20 09:26:54,789 [pool-49-thread-1] INFO  server.RaftServerConfigKeys (ConfUtils.java:logGet(43)) - raft.server.log.queue.byte-limit = 2147483647 (custom)
2019-09-20 09:26:54,789 [pool-49-thread-1] INFO  server.RaftServerConfigKeys (ConfUtils.java:logGet(43)) - raft.server.log.queue.element-limit = 1024 (custom)
2019-09-20 09:26:54,790 [pool-49-thread-1] INFO  server.RaftServerConfigKeys (ConfUtils.java:logGet(43)) - raft.server.log.segment.size.max = 1048576 (custom)
2019-09-20 09:26:54,790 [pool-49-thread-1] INFO  server.RaftServerConfigKeys (ConfUtils.java:logGet(43)) - raft.server.log.preallocated.size = 16384 (custom)
2019-09-20 09:26:54,790 [pool-49-thread-1] INFO  server.RaftServerConfigKeys (ConfUtils.java:logGet(43)) - raft.server.log.write.buffer.size = 33554432 (custom)
2019-09-20 09:26:54,790 [pool-49-thread-1] INFO  server.RaftServerConfigKeys (ConfUtils.java:logGet(43)) - raft.server.log.force.sync.num = 128 (default)
2019-09-20 09:26:54,790 [pool-49-thread-1] INFO  server.RaftServerConfigKeys (ConfUtils.java:logGet(43)) - raft.server.log.statemachine.data.sync = true (default)
2019-09-20 09:26:54,790 [pool-49-thread-1] INFO  server.RaftServerConfigKeys (ConfUtils.java:logGet(43)) - raft.server.log.statemachine.data.sync.timeout = 10s (default)
2019-09-20 09:26:54,790 [pool-49-thread-1] INFO  server.RaftServerConfigKeys (ConfUtils.java:logGet(43)) - raft.server.log.statemachine.data.sync.timeout.retry = -1 (default)
2019-09-20 09:26:54,791 [pool-49-thread-1] INFO  server.RaftServerConfigKeys (ConfUtils.java:logGet(43)) - raft.server.log.statemachine.data.caching.enabled = true (custom)
2019-09-20 09:26:54,791 [pool-49-thread-1] INFO  segmented.SegmentedRaftLogWorker (SegmentedRaftLogWorker.java:lambda$new$0(132)) - 492ed782-6ab3-4ad9-945e-06def6ac7c96-SegmentedRaftLogWorker:Storage Directory /workdir/hadoop-ozone/integration-test/target/test-dir/MiniOzoneClusterImpl-a33d77e5-464b-4d19-8e6b-a171e580bf0e/datanode-2/data/ratis/595d3da1-dbc7-494b-af42-7f910bfb730b: flushIndex: setUnconditionally 0 -> -1
2019-09-20 09:26:54,791 [pool-49-thread-1] INFO  server.RaftServerConfigKeys (ConfUtils.java:logGet(43)) - raft.server.snapshot.auto.trigger.enabled = true (custom)
2019-09-20 09:26:54,792 [pool-49-thread-1] INFO  server.RaftServerConfigKeys (ConfUtils.java:logGet(43)) - raft.server.snapshot.auto.trigger.threshold = 10000 (custom)
2019-09-20 09:26:54,792 [pool-49-thread-1] INFO  server.RaftServerConfigKeys (ConfUtils.java:logGet(43)) - raft.server.retrycache.expirytime = 600000ms (custom)
2019-09-20 09:26:54,792 [pool-49-thread-1] INFO  impl.RaftServerImpl (RaftServerImpl.java:start(180)) - 492ed782-6ab3-4ad9-945e-06def6ac7c96: start group-7F910BFB730B
2019-09-20 09:26:54,792 [pool-49-thread-1] INFO  impl.RaftServerImpl (RaftServerImpl.java:setRole(171)) - 492ed782-6ab3-4ad9-945e-06def6ac7c96:group-7F910BFB730B changes role from null to FOLLOWER at term 0 for startAsFollower
2019-09-20 09:26:54,792 [pool-49-thread-1] INFO  impl.RoleInfo (RoleInfo.java:updateAndGet(143)) - 492ed782-6ab3-4ad9-945e-06def6ac7c96: start FollowerState
2019-09-20 09:26:54,793 [pool-49-thread-1] INFO  util.JmxRegister (JmxRegister.java:tryRegister(44)) - Successfully registered JMX Bean with object name Ratis:service=RaftServer,group=group-7F910BFB730B,id=492ed782-6ab3-4ad9-945e-06def6ac7c96
2019-09-20 09:26:54,798 [RatisPipelineUtilsThread] INFO  pipeline.PipelineStateManager (PipelineStateManager.java:addPipeline(56)) - Created pipeline Pipeline[ Id: 595d3da1-dbc7-494b-af42-7f910bfb730b, Nodes: 492ed782-6ab3-4ad9-945e-06def6ac7c96{ip: 192.168.36.99, host: pr-hdds-1569-p5fx8-1226042367, networkLocation: /default-rack, certSerialId: null}, Type:RATIS, Factor:ONE, State:OPEN]
2019-09-20 09:26:54,809 [grpc-default-executor-1] INFO  impl.RaftServerProxy (RaftServerProxy.java:addNew(89)) - 492ed782-6ab3-4ad9-945e-06def6ac7c96: addNew group-C6B4B0AA8D75:[492ed782-6ab3-4ad9-945e-06def6ac7c96:192.168.36.99:32835] returns group-C6B4B0AA8D75:java.util.concurrent.CompletableFuture@42c5c2[Not completed]
2019-09-20 09:26:54,811 [pool-49-thread-1] INFO  impl.RaftServerImpl (RaftServerImpl.java:<init>(93)) - 492ed782-6ab3-4ad9-945e-06def6ac7c96: new RaftServerImpl for group-C6B4B0AA8D75:[492ed782-6ab3-4ad9-945e-06def6ac7c96:192.168.36.99:32835] with ContainerStateMachine:uninitialized
2019-09-20 09:26:54,811 [pool-49-thread-1] INFO  server.RaftServerConfigKeys (ConfUtils.java:logGet(43)) - raft.server.rpc.timeout.min = 5s (custom)
2019-09-20 09:26:54,811 [pool-49-thread-1] INFO  server.RaftServerConfigKeys (ConfUtils.java:logGet(43)) - raft.server.rpc.timeout.max = 5200ms (custom)
2019-09-20 09:26:54,811 [pool-49-thread-1] INFO  server.RaftServerConfigKeys (ConfUtils.java:logGet(43)) - raft.server.rpcslowness.timeout = 10s (custom)
2019-09-20 09:26:54,812 [pool-49-thread-1] INFO  server.RaftServerConfigKeys (ConfUtils.java:logGet(43)) - raft.server.sleep.deviation.threshold = 300 (default)
2019-09-20 09:26:54,812 [pool-49-thread-1] INFO  server.RaftServerConfigKeys (ConfUtils.java:logGet(43)) - raft.server.log.appender.install.snapshot.enabled = false (custom)
2019-09-20 09:26:54,812 [pool-49-thread-1] INFO  impl.RaftServerImpl (ServerState.java:<init>(105)) - 492ed782-6ab3-4ad9-945e-06def6ac7c96:group-C6B4B0AA8D75 ConfigurationManager, init=-1: [492ed782-6ab3-4ad9-945e-06def6ac7c96:192.168.36.99:32835], old=null, confs=<EMPTY_MAP>
2019-09-20 09:26:54,812 [pool-49-thread-1] INFO  server.RaftServerConfigKeys (ConfUtils.java:logGet(43)) - raft.server.storage.dir = [/workdir/hadoop-ozone/integration-test/target/test-dir/MiniOzoneClusterImpl-a33d77e5-464b-4d19-8e6b-a171e580bf0e/datanode-2/data/ratis] (custom)
2019-09-20 09:26:54,813 [pool-49-thread-1] INFO  storage.RaftStorageDirectory (RaftStorageDirectory.java:analyzeStorage(246)) - The storage directory /workdir/hadoop-ozone/integration-test/target/test-dir/MiniOzoneClusterImpl-a33d77e5-464b-4d19-8e6b-a171e580bf0e/datanode-2/data/ratis/dba5f5db-f354-4e6e-986d-c6b4b0aa8d75 does not exist. Creating ...
2019-09-20 09:26:54,829 [pool-49-thread-1] INFO  storage.RaftStorageDirectory (RaftStorageDirectory.java:tryLock(328)) - Lock on /workdir/hadoop-ozone/integration-test/target/test-dir/MiniOzoneClusterImpl-a33d77e5-464b-4d19-8e6b-a171e580bf0e/datanode-2/data/ratis/dba5f5db-f354-4e6e-986d-c6b4b0aa8d75/in_use.lock acquired by nodename 7145@pr-hdds-1569-p5fx8-1226042367
2019-09-20 09:26:54,846 [pool-49-thread-1] INFO  storage.RaftStorage (RaftStorage.java:format(72)) - Storage directory /workdir/hadoop-ozone/integration-test/target/test-dir/MiniOzoneClusterImpl-a33d77e5-464b-4d19-8e6b-a171e580bf0e/datanode-2/data/ratis/dba5f5db-f354-4e6e-986d-c6b4b0aa8d75 has been successfully formatted.
2019-09-20 09:26:54,847 [pool-49-thread-1] INFO  ratis.ContainerStateMachine (ContainerStateMachine.java:loadSnapshot(226)) - group-C6B4B0AA8D75: The snapshot info is null. Setting the last applied indexto:(t:0, i:~)
2019-09-20 09:26:54,847 [pool-49-thread-1] INFO  server.RaftServerConfigKeys (ConfUtils.java:logGet(43)) - raft.server.leader.election.timeout = 10s (custom)
2019-09-20 09:26:54,847 [pool-49-thread-1] INFO  server.RaftServerConfigKeys (ConfUtils.java:logGet(43)) - raft.server.log.use.memory = false (default)
2019-09-20 09:26:54,847 [pool-49-thread-1] INFO  server.RaftServerConfigKeys (ConfUtils.java:logGet(43)) - raft.server.log.purge.gap = 1000000 (custom)
2019-09-20 09:26:54,848 [pool-49-thread-1] INFO  server.RaftServerConfigKeys (ConfUtils.java:logGet(43)) - raft.server.log.appender.buffer.byte-limit = 33554432 (custom)
2019-09-20 09:26:54,848 [pool-49-thread-1] INFO  server.RaftServerConfigKeys (ConfUtils.java:logGet(43)) - raft.server.log.segment.size.max = 1048576 (custom)
2019-09-20 09:26:54,848 [pool-49-thread-1] INFO  server.RaftServerConfigKeys (ConfUtils.java:logGet(43)) - raft.server.log.segment.cache.num.max = 2 (custom)
2019-09-20 09:26:54,848 [pool-49-thread-1] INFO  segmented.SegmentedRaftLogWorker (SegmentedRaftLogWorker.java:<init>(172)) - new 492ed782-6ab3-4ad9-945e-06def6ac7c96-SegmentedRaftLogWorker:Storage Directory /workdir/hadoop-ozone/integration-test/target/test-dir/MiniOzoneClusterImpl-a33d77e5-464b-4d19-8e6b-a171e580bf0e/datanode-2/data/ratis/dba5f5db-f354-4e6e-986d-c6b4b0aa8d75 for RaftStorage:Storage Directory /workdir/hadoop-ozone/integration-test/target/test-dir/MiniOzoneClusterImpl-a33d77e5-464b-4d19-8e6b-a171e580bf0e/datanode-2/data/ratis/dba5f5db-f354-4e6e-986d-c6b4b0aa8d75
2019-09-20 09:26:54,848 [pool-49-thread-1] INFO  server.RaftServerConfigKeys (ConfUtils.java:logGet(43)) - raft.server.log.queue.byte-limit = 2147483647 (custom)
2019-09-20 09:26:54,848 [pool-49-thread-1] INFO  server.RaftServerConfigKeys (ConfUtils.java:logGet(43)) - raft.server.log.queue.element-limit = 1024 (custom)
2019-09-20 09:26:54,849 [pool-49-thread-1] INFO  server.RaftServerConfigKeys (ConfUtils.java:logGet(43)) - raft.server.log.segment.size.max = 1048576 (custom)
2019-09-20 09:26:54,849 [pool-49-thread-1] INFO  server.RaftServerConfigKeys (ConfUtils.java:logGet(43)) - raft.server.log.preallocated.size = 16384 (custom)
2019-09-20 09:26:54,849 [pool-49-thread-1] INFO  server.RaftServerConfigKeys (ConfUtils.java:logGet(43)) - raft.server.log.write.buffer.size = 33554432 (custom)
2019-09-20 09:26:54,849 [pool-49-thread-1] INFO  server.RaftServerConfigKeys (ConfUtils.java:logGet(43)) - raft.server.log.force.sync.num = 128 (default)
2019-09-20 09:26:54,849 [pool-49-thread-1] INFO  server.RaftServerConfigKeys (ConfUtils.java:logGet(43)) - raft.server.log.statemachine.data.sync = true (default)
2019-09-20 09:26:54,849 [pool-49-thread-1] INFO  server.RaftServerConfigKeys (ConfUtils.java:logGet(43)) - raft.server.log.statemachine.data.sync.timeout = 10s (default)
2019-09-20 09:26:54,849 [pool-49-thread-1] INFO  server.RaftServerConfigKeys (ConfUtils.java:logGet(43)) - raft.server.log.statemachine.data.sync.timeout.retry = -1 (default)
2019-09-20 09:26:54,850 [pool-49-thread-1] INFO  server.RaftServerConfigKeys (ConfUtils.java:logGet(43)) - raft.server.log.statemachine.data.caching.enabled = true (custom)
2019-09-20 09:26:54,850 [pool-49-thread-1] INFO  segmented.SegmentedRaftLogWorker (SegmentedRaftLogWorker.java:lambda$new$0(132)) - 492ed782-6ab3-4ad9-945e-06def6ac7c96-SegmentedRaftLogWorker:Storage Directory /workdir/hadoop-ozone/integration-test/target/test-dir/MiniOzoneClusterImpl-a33d77e5-464b-4d19-8e6b-a171e580bf0e/datanode-2/data/ratis/dba5f5db-f354-4e6e-986d-c6b4b0aa8d75: flushIndex: setUnconditionally 0 -> -1
2019-09-20 09:26:54,850 [pool-49-thread-1] INFO  server.RaftServerConfigKeys (ConfUtils.java:logGet(43)) - raft.server.snapshot.auto.trigger.enabled = true (custom)
2019-09-20 09:26:54,851 [pool-49-thread-1] INFO  server.RaftServerConfigKeys (ConfUtils.java:logGet(43)) - raft.server.snapshot.auto.trigger.threshold = 10000 (custom)
2019-09-20 09:26:54,851 [pool-49-thread-1] INFO  server.RaftServerConfigKeys (ConfUtils.java:logGet(43)) - raft.server.retrycache.expirytime = 600000ms (custom)
2019-09-20 09:26:54,851 [pool-49-thread-1] INFO  impl.RaftServerImpl (RaftServerImpl.java:start(180)) - 492ed782-6ab3-4ad9-945e-06def6ac7c96: start group-C6B4B0AA8D75
2019-09-20 09:26:54,851 [pool-49-thread-1] INFO  impl.RaftServerImpl (RaftServerImpl.java:setRole(171)) - 492ed782-6ab3-4ad9-945e-06def6ac7c96:group-C6B4B0AA8D75 changes role from null to FOLLOWER at term 0 for startAsFollower
2019-09-20 09:26:54,851 [pool-49-thread-1] INFO  impl.RoleInfo (RoleInfo.java:updateAndGet(143)) - 492ed782-6ab3-4ad9-945e-06def6ac7c96: start FollowerState
2019-09-20 09:26:54,852 [pool-49-thread-1] INFO  util.JmxRegister (JmxRegister.java:tryRegister(44)) - Successfully registered JMX Bean with object name Ratis:service=RaftServer,group=group-C6B4B0AA8D75,id=492ed782-6ab3-4ad9-945e-06def6ac7c96
2019-09-20 09:26:54,858 [RatisPipelineUtilsThread] INFO  pipeline.PipelineStateManager (PipelineStateManager.java:addPipeline(56)) - Created pipeline Pipeline[ Id: dba5f5db-f354-4e6e-986d-c6b4b0aa8d75, Nodes: 492ed782-6ab3-4ad9-945e-06def6ac7c96{ip: 192.168.36.99, host: pr-hdds-1569-p5fx8-1226042367, networkLocation: /default-rack, certSerialId: null}, Type:RATIS, Factor:ONE, State:OPEN]
2019-09-20 09:26:54,869 [grpc-default-executor-1] INFO  impl.RaftServerProxy (RaftServerProxy.java:addNew(89)) - 492ed782-6ab3-4ad9-945e-06def6ac7c96: addNew group-E458854801F3:[492ed782-6ab3-4ad9-945e-06def6ac7c96:192.168.36.99:32835] returns group-E458854801F3:java.util.concurrent.CompletableFuture@4ba6febc[Not completed]
2019-09-20 09:26:54,870 [pool-49-thread-1] INFO  impl.RaftServerImpl (RaftServerImpl.java:<init>(93)) - 492ed782-6ab3-4ad9-945e-06def6ac7c96: new RaftServerImpl for group-E458854801F3:[492ed782-6ab3-4ad9-945e-06def6ac7c96:192.168.36.99:32835] with ContainerStateMachine:uninitialized
2019-09-20 09:26:54,870 [pool-49-thread-1] INFO  server.RaftServerConfigKeys (ConfUtils.java:logGet(43)) - raft.server.rpc.timeout.min = 5s (custom)
2019-09-20 09:26:54,870 [pool-49-thread-1] INFO  server.RaftServerConfigKeys (ConfUtils.java:logGet(43)) - raft.server.rpc.timeout.max = 5200ms (custom)
2019-09-20 09:26:54,870 [pool-49-thread-1] INFO  server.RaftServerConfigKeys (ConfUtils.java:logGet(43)) - raft.server.rpcslowness.timeout = 10s (custom)
2019-09-20 09:26:54,870 [pool-49-thread-1] INFO  server.RaftServerConfigKeys (ConfUtils.java:logGet(43)) - raft.server.sleep.deviation.threshold = 300 (default)
2019-09-20 09:26:54,871 [pool-49-thread-1] INFO  server.RaftServerConfigKeys (ConfUtils.java:logGet(43)) - raft.server.log.appender.install.snapshot.enabled = false (custom)
2019-09-20 09:26:54,871 [pool-49-thread-1] INFO  impl.RaftServerImpl (ServerState.java:<init>(105)) - 492ed782-6ab3-4ad9-945e-06def6ac7c96:group-E458854801F3 ConfigurationManager, init=-1: [492ed782-6ab3-4ad9-945e-06def6ac7c96:192.168.36.99:32835], old=null, confs=<EMPTY_MAP>
2019-09-20 09:26:54,871 [pool-49-thread-1] INFO  server.RaftServerConfigKeys (ConfUtils.java:logGet(43)) - raft.server.storage.dir = [/workdir/hadoop-ozone/integration-test/target/test-dir/MiniOzoneClusterImpl-a33d77e5-464b-4d19-8e6b-a171e580bf0e/datanode-2/data/ratis] (custom)
2019-09-20 09:26:54,871 [pool-49-thread-1] INFO  storage.RaftStorageDirectory (RaftStorageDirectory.java:analyzeStorage(246)) - The storage directory /workdir/hadoop-ozone/integration-test/target/test-dir/MiniOzoneClusterImpl-a33d77e5-464b-4d19-8e6b-a171e580bf0e/datanode-2/data/ratis/201027ee-85b7-48d6-85f8-e458854801f3 does not exist. Creating ...
2019-09-20 09:26:54,888 [pool-49-thread-1] INFO  storage.RaftStorageDirectory (RaftStorageDirectory.java:tryLock(328)) - Lock on /workdir/hadoop-ozone/integration-test/target/test-dir/MiniOzoneClusterImpl-a33d77e5-464b-4d19-8e6b-a171e580bf0e/datanode-2/data/ratis/201027ee-85b7-48d6-85f8-e458854801f3/in_use.lock acquired by nodename 7145@pr-hdds-1569-p5fx8-1226042367
2019-09-20 09:26:54,905 [pool-49-thread-1] INFO  storage.RaftStorage (RaftStorage.java:format(72)) - Storage directory /workdir/hadoop-ozone/integration-test/target/test-dir/MiniOzoneClusterImpl-a33d77e5-464b-4d19-8e6b-a171e580bf0e/datanode-2/data/ratis/201027ee-85b7-48d6-85f8-e458854801f3 has been successfully formatted.
2019-09-20 09:26:54,906 [pool-49-thread-1] INFO  ratis.ContainerStateMachine (ContainerStateMachine.java:loadSnapshot(226)) - group-E458854801F3: The snapshot info is null. Setting the last applied indexto:(t:0, i:~)
2019-09-20 09:26:54,906 [pool-49-thread-1] INFO  server.RaftServerConfigKeys (ConfUtils.java:logGet(43)) - raft.server.leader.election.timeout = 10s (custom)
2019-09-20 09:26:54,906 [pool-49-thread-1] INFO  server.RaftServerConfigKeys (ConfUtils.java:logGet(43)) - raft.server.log.use.memory = false (default)
2019-09-20 09:26:54,906 [pool-49-thread-1] INFO  server.RaftServerConfigKeys (ConfUtils.java:logGet(43)) - raft.server.log.purge.gap = 1000000 (custom)
2019-09-20 09:26:54,907 [pool-49-thread-1] INFO  server.RaftServerConfigKeys (ConfUtils.java:logGet(43)) - raft.server.log.appender.buffer.byte-limit = 33554432 (custom)
2019-09-20 09:26:54,907 [pool-49-thread-1] INFO  server.RaftServerConfigKeys (ConfUtils.java:logGet(43)) - raft.server.log.segment.size.max = 1048576 (custom)
2019-09-20 09:26:54,907 [pool-49-thread-1] INFO  server.RaftServerConfigKeys (ConfUtils.java:logGet(43)) - raft.server.log.segment.cache.num.max = 2 (custom)
2019-09-20 09:26:54,907 [pool-49-thread-1] INFO  segmented.SegmentedRaftLogWorker (SegmentedRaftLogWorker.java:<init>(172)) - new 492ed782-6ab3-4ad9-945e-06def6ac7c96-SegmentedRaftLogWorker:Storage Directory /workdir/hadoop-ozone/integration-test/target/test-dir/MiniOzoneClusterImpl-a33d77e5-464b-4d19-8e6b-a171e580bf0e/datanode-2/data/ratis/201027ee-85b7-48d6-85f8-e458854801f3 for RaftStorage:Storage Directory /workdir/hadoop-ozone/integration-test/target/test-dir/MiniOzoneClusterImpl-a33d77e5-464b-4d19-8e6b-a171e580bf0e/datanode-2/data/ratis/201027ee-85b7-48d6-85f8-e458854801f3
2019-09-20 09:26:54,907 [pool-49-thread-1] INFO  server.RaftServerConfigKeys (ConfUtils.java:logGet(43)) - raft.server.log.queue.byte-limit = 2147483647 (custom)
2019-09-20 09:26:54,907 [pool-49-thread-1] INFO  server.RaftServerConfigKeys (ConfUtils.java:logGet(43)) - raft.server.log.queue.element-limit = 1024 (custom)
2019-09-20 09:26:54,908 [pool-49-thread-1] INFO  server.RaftServerConfigKeys (ConfUtils.java:logGet(43)) - raft.server.log.segment.size.max = 1048576 (custom)
2019-09-20 09:26:54,908 [pool-49-thread-1] INFO  server.RaftServerConfigKeys (ConfUtils.java:logGet(43)) - raft.server.log.preallocated.size = 16384 (custom)
2019-09-20 09:26:54,908 [pool-49-thread-1] INFO  server.RaftServerConfigKeys (ConfUtils.java:logGet(43)) - raft.server.log.write.buffer.size = 33554432 (custom)
2019-09-20 09:26:54,908 [pool-49-thread-1] INFO  server.RaftServerConfigKeys (ConfUtils.java:logGet(43)) - raft.server.log.force.sync.num = 128 (default)
2019-09-20 09:26:54,908 [pool-49-thread-1] INFO  server.RaftServerConfigKeys (ConfUtils.java:logGet(43)) - raft.server.log.statemachine.data.sync = true (default)
2019-09-20 09:26:54,908 [pool-49-thread-1] INFO  server.RaftServerConfigKeys (ConfUtils.java:logGet(43)) - raft.server.log.statemachine.data.sync.timeout = 10s (default)
2019-09-20 09:26:54,909 [pool-49-thread-1] INFO  server.RaftServerConfigKeys (ConfUtils.java:logGet(43)) - raft.server.log.statemachine.data.sync.timeout.retry = -1 (default)
2019-09-20 09:26:54,909 [pool-49-thread-1] INFO  server.RaftServerConfigKeys (ConfUtils.java:logGet(43)) - raft.server.log.statemachine.data.caching.enabled = true (custom)
2019-09-20 09:26:54,909 [pool-49-thread-1] INFO  segmented.SegmentedRaftLogWorker (SegmentedRaftLogWorker.java:lambda$new$0(132)) - 492ed782-6ab3-4ad9-945e-06def6ac7c96-SegmentedRaftLogWorker:Storage Directory /workdir/hadoop-ozone/integration-test/target/test-dir/MiniOzoneClusterImpl-a33d77e5-464b-4d19-8e6b-a171e580bf0e/datanode-2/data/ratis/201027ee-85b7-48d6-85f8-e458854801f3: flushIndex: setUnconditionally 0 -> -1
2019-09-20 09:26:54,910 [pool-49-thread-1] INFO  server.RaftServerConfigKeys (ConfUtils.java:logGet(43)) - raft.server.snapshot.auto.trigger.enabled = true (custom)
2019-09-20 09:26:54,910 [pool-49-thread-1] INFO  server.RaftServerConfigKeys (ConfUtils.java:logGet(43)) - raft.server.snapshot.auto.trigger.threshold = 10000 (custom)
2019-09-20 09:26:54,910 [pool-49-thread-1] INFO  server.RaftServerConfigKeys (ConfUtils.java:logGet(43)) - raft.server.retrycache.expirytime = 600000ms (custom)
2019-09-20 09:26:54,910 [pool-49-thread-1] INFO  impl.RaftServerImpl (RaftServerImpl.java:start(180)) - 492ed782-6ab3-4ad9-945e-06def6ac7c96: start group-E458854801F3
2019-09-20 09:26:54,911 [pool-49-thread-1] INFO  impl.RaftServerImpl (RaftServerImpl.java:setRole(171)) - 492ed782-6ab3-4ad9-945e-06def6ac7c96:group-E458854801F3 changes role from null to FOLLOWER at term 0 for startAsFollower
2019-09-20 09:26:54,911 [pool-49-thread-1] INFO  impl.RoleInfo (RoleInfo.java:updateAndGet(143)) - 492ed782-6ab3-4ad9-945e-06def6ac7c96: start FollowerState
2019-09-20 09:26:54,911 [pool-49-thread-1] INFO  util.JmxRegister (JmxRegister.java:tryRegister(44)) - Successfully registered JMX Bean with object name Ratis:service=RaftServer,group=group-E458854801F3,id=492ed782-6ab3-4ad9-945e-06def6ac7c96
2019-09-20 09:26:54,916 [RatisPipelineUtilsThread] INFO  pipeline.PipelineStateManager (PipelineStateManager.java:addPipeline(56)) - Created pipeline Pipeline[ Id: 201027ee-85b7-48d6-85f8-e458854801f3, Nodes: 492ed782-6ab3-4ad9-945e-06def6ac7c96{ip: 192.168.36.99, host: pr-hdds-1569-p5fx8-1226042367, networkLocation: /default-rack, certSerialId: null}, Type:RATIS, Factor:ONE, State:OPEN]
2019-09-20 09:26:54,928 [grpc-default-executor-1] INFO  impl.RaftServerProxy (RaftServerProxy.java:addNew(89)) - 871e6485-c22a-483f-9e07-d19e754685be: addNew group-DB2F2E7A135B:[871e6485-c22a-483f-9e07-d19e754685be:192.168.36.99:41076] returns group-DB2F2E7A135B:java.util.concurrent.CompletableFuture@5d7c6e42[Not completed]
2019-09-20 09:26:54,930 [pool-71-thread-1] INFO  impl.RaftServerImpl (RaftServerImpl.java:<init>(93)) - 871e6485-c22a-483f-9e07-d19e754685be: new RaftServerImpl for group-DB2F2E7A135B:[871e6485-c22a-483f-9e07-d19e754685be:192.168.36.99:41076] with ContainerStateMachine:uninitialized
2019-09-20 09:26:54,930 [pool-71-thread-1] INFO  server.RaftServerConfigKeys (ConfUtils.java:logGet(43)) - raft.server.rpc.timeout.min = 5s (custom)
2019-09-20 09:26:54,930 [pool-71-thread-1] INFO  server.RaftServerConfigKeys (ConfUtils.java:logGet(43)) - raft.server.rpc.timeout.max = 5200ms (custom)
2019-09-20 09:26:54,931 [pool-71-thread-1] INFO  server.RaftServerConfigKeys (ConfUtils.java:logGet(43)) - raft.server.rpcslowness.timeout = 10s (custom)
2019-09-20 09:26:54,931 [pool-71-thread-1] INFO  server.RaftServerConfigKeys (ConfUtils.java:logGet(43)) - raft.server.sleep.deviation.threshold = 300 (default)
2019-09-20 09:26:54,931 [pool-71-thread-1] INFO  server.RaftServerConfigKeys (ConfUtils.java:logGet(43)) - raft.server.log.appender.install.snapshot.enabled = false (custom)
2019-09-20 09:26:54,931 [pool-71-thread-1] INFO  impl.RaftServerImpl (ServerState.java:<init>(105)) - 871e6485-c22a-483f-9e07-d19e754685be:group-DB2F2E7A135B ConfigurationManager, init=-1: [871e6485-c22a-483f-9e07-d19e754685be:192.168.36.99:41076], old=null, confs=<EMPTY_MAP>
2019-09-20 09:26:54,931 [pool-71-thread-1] INFO  server.RaftServerConfigKeys (ConfUtils.java:logGet(43)) - raft.server.storage.dir = [/workdir/hadoop-ozone/integration-test/target/test-dir/MiniOzoneClusterImpl-a33d77e5-464b-4d19-8e6b-a171e580bf0e/datanode-4/data/ratis] (custom)
2019-09-20 09:26:54,932 [pool-71-thread-1] INFO  storage.RaftStorageDirectory (RaftStorageDirectory.java:analyzeStorage(246)) - The storage directory /workdir/hadoop-ozone/integration-test/target/test-dir/MiniOzoneClusterImpl-a33d77e5-464b-4d19-8e6b-a171e580bf0e/datanode-4/data/ratis/27df796d-60e4-43bc-b280-db2f2e7a135b does not exist. Creating ...
2019-09-20 09:26:54,956 [pool-71-thread-1] INFO  storage.RaftStorageDirectory (RaftStorageDirectory.java:tryLock(328)) - Lock on /workdir/hadoop-ozone/integration-test/target/test-dir/MiniOzoneClusterImpl-a33d77e5-464b-4d19-8e6b-a171e580bf0e/datanode-4/data/ratis/27df796d-60e4-43bc-b280-db2f2e7a135b/in_use.lock acquired by nodename 7145@pr-hdds-1569-p5fx8-1226042367
2019-09-20 09:26:54,973 [pool-71-thread-1] INFO  storage.RaftStorage (RaftStorage.java:format(72)) - Storage directory /workdir/hadoop-ozone/integration-test/target/test-dir/MiniOzoneClusterImpl-a33d77e5-464b-4d19-8e6b-a171e580bf0e/datanode-4/data/ratis/27df796d-60e4-43bc-b280-db2f2e7a135b has been successfully formatted.
2019-09-20 09:26:54,973 [pool-71-thread-1] INFO  ratis.ContainerStateMachine (ContainerStateMachine.java:loadSnapshot(226)) - group-DB2F2E7A135B: The snapshot info is null. Setting the last applied indexto:(t:0, i:~)
2019-09-20 09:26:54,973 [pool-71-thread-1] INFO  server.RaftServerConfigKeys (ConfUtils.java:logGet(43)) - raft.server.leader.election.timeout = 10s (custom)
2019-09-20 09:26:54,974 [pool-71-thread-1] INFO  server.RaftServerConfigKeys (ConfUtils.java:logGet(43)) - raft.server.log.use.memory = false (default)
2019-09-20 09:26:54,974 [pool-71-thread-1] INFO  server.RaftServerConfigKeys (ConfUtils.java:logGet(43)) - raft.server.log.purge.gap = 1000000 (custom)
2019-09-20 09:26:54,974 [pool-71-thread-1] INFO  server.RaftServerConfigKeys (ConfUtils.java:logGet(43)) - raft.server.log.appender.buffer.byte-limit = 33554432 (custom)
2019-09-20 09:26:54,974 [pool-71-thread-1] INFO  server.RaftServerConfigKeys (ConfUtils.java:logGet(43)) - raft.server.log.segment.size.max = 1048576 (custom)
2019-09-20 09:26:54,974 [pool-71-thread-1] INFO  server.RaftServerConfigKeys (ConfUtils.java:logGet(43)) - raft.server.log.segment.cache.num.max = 2 (custom)
2019-09-20 09:26:54,975 [pool-71-thread-1] INFO  segmented.SegmentedRaftLogWorker (SegmentedRaftLogWorker.java:<init>(172)) - new 871e6485-c22a-483f-9e07-d19e754685be-SegmentedRaftLogWorker:Storage Directory /workdir/hadoop-ozone/integration-test/target/test-dir/MiniOzoneClusterImpl-a33d77e5-464b-4d19-8e6b-a171e580bf0e/datanode-4/data/ratis/27df796d-60e4-43bc-b280-db2f2e7a135b for RaftStorage:Storage Directory /workdir/hadoop-ozone/integration-test/target/test-dir/MiniOzoneClusterImpl-a33d77e5-464b-4d19-8e6b-a171e580bf0e/datanode-4/data/ratis/27df796d-60e4-43bc-b280-db2f2e7a135b
2019-09-20 09:26:54,975 [pool-71-thread-1] INFO  server.RaftServerConfigKeys (ConfUtils.java:logGet(43)) - raft.server.log.queue.byte-limit = 2147483647 (custom)
2019-09-20 09:26:54,975 [pool-71-thread-1] INFO  server.RaftServerConfigKeys (ConfUtils.java:logGet(43)) - raft.server.log.queue.element-limit = 1024 (custom)
2019-09-20 09:26:54,975 [pool-71-thread-1] INFO  server.RaftServerConfigKeys (ConfUtils.java:logGet(43)) - raft.server.log.segment.size.max = 1048576 (custom)
2019-09-20 09:26:54,975 [pool-71-thread-1] INFO  server.RaftServerConfigKeys (ConfUtils.java:logGet(43)) - raft.server.log.preallocated.size = 16384 (custom)
2019-09-20 09:26:54,976 [pool-71-thread-1] INFO  server.RaftServerConfigKeys (ConfUtils.java:logGet(43)) - raft.server.log.write.buffer.size = 33554432 (custom)
2019-09-20 09:26:54,976 [pool-71-thread-1] INFO  server.RaftServerConfigKeys (ConfUtils.java:logGet(43)) - raft.server.log.force.sync.num = 128 (default)
2019-09-20 09:26:54,976 [pool-71-thread-1] INFO  server.RaftServerConfigKeys (ConfUtils.java:logGet(43)) - raft.server.log.statemachine.data.sync = true (default)
2019-09-20 09:26:54,976 [pool-71-thread-1] INFO  server.RaftServerConfigKeys (ConfUtils.java:logGet(43)) - raft.server.log.statemachine.data.sync.timeout = 10s (default)
2019-09-20 09:26:54,976 [pool-71-thread-1] INFO  server.RaftServerConfigKeys (ConfUtils.java:logGet(43)) - raft.server.log.statemachine.data.sync.timeout.retry = -1 (default)
2019-09-20 09:26:54,977 [pool-71-thread-1] INFO  server.RaftServerConfigKeys (ConfUtils.java:logGet(43)) - raft.server.log.statemachine.data.caching.enabled = true (custom)
2019-09-20 09:26:54,977 [pool-71-thread-1] INFO  segmented.SegmentedRaftLogWorker (SegmentedRaftLogWorker.java:lambda$new$0(132)) - 871e6485-c22a-483f-9e07-d19e754685be-SegmentedRaftLogWorker:Storage Directory /workdir/hadoop-ozone/integration-test/target/test-dir/MiniOzoneClusterImpl-a33d77e5-464b-4d19-8e6b-a171e580bf0e/datanode-4/data/ratis/27df796d-60e4-43bc-b280-db2f2e7a135b: flushIndex: setUnconditionally 0 -> -1
2019-09-20 09:26:54,977 [pool-71-thread-1] INFO  server.RaftServerConfigKeys (ConfUtils.java:logGet(43)) - raft.server.snapshot.auto.trigger.enabled = true (custom)
2019-09-20 09:26:54,978 [pool-71-thread-1] INFO  server.RaftServerConfigKeys (ConfUtils.java:logGet(43)) - raft.server.snapshot.auto.trigger.threshold = 10000 (custom)
2019-09-20 09:26:54,978 [pool-71-thread-1] INFO  server.RaftServerConfigKeys (ConfUtils.java:logGet(43)) - raft.server.retrycache.expirytime = 600000ms (custom)
2019-09-20 09:26:54,978 [pool-71-thread-1] INFO  impl.RaftServerImpl (RaftServerImpl.java:start(180)) - 871e6485-c22a-483f-9e07-d19e754685be: start group-DB2F2E7A135B
2019-09-20 09:26:54,978 [pool-71-thread-1] INFO  impl.RaftServerImpl (RaftServerImpl.java:setRole(171)) - 871e6485-c22a-483f-9e07-d19e754685be:group-DB2F2E7A135B changes role from null to FOLLOWER at term 0 for startAsFollower
2019-09-20 09:26:54,979 [pool-71-thread-1] INFO  impl.RoleInfo (RoleInfo.java:updateAndGet(143)) - 871e6485-c22a-483f-9e07-d19e754685be: start FollowerState
2019-09-20 09:26:54,979 [pool-71-thread-1] INFO  util.JmxRegister (JmxRegister.java:tryRegister(44)) - Successfully registered JMX Bean with object name Ratis:service=RaftServer,group=group-DB2F2E7A135B,id=871e6485-c22a-483f-9e07-d19e754685be
2019-09-20 09:26:54,984 [RatisPipelineUtilsThread] INFO  pipeline.PipelineStateManager (PipelineStateManager.java:addPipeline(56)) - Created pipeline Pipeline[ Id: 27df796d-60e4-43bc-b280-db2f2e7a135b, Nodes: 871e6485-c22a-483f-9e07-d19e754685be{ip: 192.168.36.99, host: pr-hdds-1569-p5fx8-1226042367, networkLocation: /default-rack, certSerialId: null}, Type:RATIS, Factor:ONE, State:OPEN]
2019-09-20 09:26:55,004 [grpc-default-executor-1] INFO  impl.RaftServerProxy (RaftServerProxy.java:addNew(89)) - fd3cd5f9-4f1c-43ea-91b1-b85a1f6c3825: addNew group-23A00460A976:[fd3cd5f9-4f1c-43ea-91b1-b85a1f6c3825:192.168.36.99:39114] returns group-23A00460A976:java.util.concurrent.CompletableFuture@60b0c4a0[Not completed]
2019-09-20 09:26:55,005 [pool-38-thread-1] INFO  impl.RaftServerImpl (RaftServerImpl.java:<init>(93)) - fd3cd5f9-4f1c-43ea-91b1-b85a1f6c3825: new RaftServerImpl for group-23A00460A976:[fd3cd5f9-4f1c-43ea-91b1-b85a1f6c3825:192.168.36.99:39114] with ContainerStateMachine:uninitialized
2019-09-20 09:26:55,006 [pool-38-thread-1] INFO  server.RaftServerConfigKeys (ConfUtils.java:logGet(43)) - raft.server.rpc.timeout.min = 5s (custom)
2019-09-20 09:26:55,006 [pool-38-thread-1] INFO  server.RaftServerConfigKeys (ConfUtils.java:logGet(43)) - raft.server.rpc.timeout.max = 5200ms (custom)
2019-09-20 09:26:55,006 [pool-38-thread-1] INFO  server.RaftServerConfigKeys (ConfUtils.java:logGet(43)) - raft.server.rpcslowness.timeout = 10s (custom)
2019-09-20 09:26:55,006 [pool-38-thread-1] INFO  server.RaftServerConfigKeys (ConfUtils.java:logGet(43)) - raft.server.sleep.deviation.threshold = 300 (default)
2019-09-20 09:26:55,006 [pool-38-thread-1] INFO  server.RaftServerConfigKeys (ConfUtils.java:logGet(43)) - raft.server.log.appender.install.snapshot.enabled = false (custom)
2019-09-20 09:26:55,007 [pool-38-thread-1] INFO  impl.RaftServerImpl (ServerState.java:<init>(105)) - fd3cd5f9-4f1c-43ea-91b1-b85a1f6c3825:group-23A00460A976 ConfigurationManager, init=-1: [fd3cd5f9-4f1c-43ea-91b1-b85a1f6c3825:192.168.36.99:39114], old=null, confs=<EMPTY_MAP>
2019-09-20 09:26:55,007 [pool-38-thread-1] INFO  server.RaftServerConfigKeys (ConfUtils.java:logGet(43)) - raft.server.storage.dir = [/workdir/hadoop-ozone/integration-test/target/test-dir/MiniOzoneClusterImpl-a33d77e5-464b-4d19-8e6b-a171e580bf0e/datanode-1/data/ratis] (custom)
2019-09-20 09:26:55,007 [pool-38-thread-1] INFO  storage.RaftStorageDirectory (RaftStorageDirectory.java:analyzeStorage(246)) - The storage directory /workdir/hadoop-ozone/integration-test/target/test-dir/MiniOzoneClusterImpl-a33d77e5-464b-4d19-8e6b-a171e580bf0e/datanode-1/data/ratis/8ca03ccd-6994-4f13-bce9-23a00460a976 does not exist. Creating ...
2019-09-20 09:26:55,034 [pool-38-thread-1] INFO  storage.RaftStorageDirectory (RaftStorageDirectory.java:tryLock(328)) - Lock on /workdir/hadoop-ozone/integration-test/target/test-dir/MiniOzoneClusterImpl-a33d77e5-464b-4d19-8e6b-a171e580bf0e/datanode-1/data/ratis/8ca03ccd-6994-4f13-bce9-23a00460a976/in_use.lock acquired by nodename 7145@pr-hdds-1569-p5fx8-1226042367
2019-09-20 09:26:55,057 [pool-38-thread-1] INFO  storage.RaftStorage (RaftStorage.java:format(72)) - Storage directory /workdir/hadoop-ozone/integration-test/target/test-dir/MiniOzoneClusterImpl-a33d77e5-464b-4d19-8e6b-a171e580bf0e/datanode-1/data/ratis/8ca03ccd-6994-4f13-bce9-23a00460a976 has been successfully formatted.
2019-09-20 09:26:55,057 [pool-38-thread-1] INFO  ratis.ContainerStateMachine (ContainerStateMachine.java:loadSnapshot(226)) - group-23A00460A976: The snapshot info is null. Setting the last applied indexto:(t:0, i:~)
2019-09-20 09:26:55,058 [pool-38-thread-1] INFO  server.RaftServerConfigKeys (ConfUtils.java:logGet(43)) - raft.server.leader.election.timeout = 10s (custom)
2019-09-20 09:26:55,058 [pool-38-thread-1] INFO  server.RaftServerConfigKeys (ConfUtils.java:logGet(43)) - raft.server.log.use.memory = false (default)
2019-09-20 09:26:55,058 [pool-38-thread-1] INFO  server.RaftServerConfigKeys (ConfUtils.java:logGet(43)) - raft.server.log.purge.gap = 1000000 (custom)
2019-09-20 09:26:55,058 [pool-38-thread-1] INFO  server.RaftServerConfigKeys (ConfUtils.java:logGet(43)) - raft.server.log.appender.buffer.byte-limit = 33554432 (custom)
2019-09-20 09:26:55,058 [pool-38-thread-1] INFO  server.RaftServerConfigKeys (ConfUtils.java:logGet(43)) - raft.server.log.segment.size.max = 1048576 (custom)
2019-09-20 09:26:55,059 [pool-38-thread-1] INFO  server.RaftServerConfigKeys (ConfUtils.java:logGet(43)) - raft.server.log.segment.cache.num.max = 2 (custom)
2019-09-20 09:26:55,059 [pool-38-thread-1] INFO  segmented.SegmentedRaftLogWorker (SegmentedRaftLogWorker.java:<init>(172)) - new fd3cd5f9-4f1c-43ea-91b1-b85a1f6c3825-SegmentedRaftLogWorker:Storage Directory /workdir/hadoop-ozone/integration-test/target/test-dir/MiniOzoneClusterImpl-a33d77e5-464b-4d19-8e6b-a171e580bf0e/datanode-1/data/ratis/8ca03ccd-6994-4f13-bce9-23a00460a976 for RaftStorage:Storage Directory /workdir/hadoop-ozone/integration-test/target/test-dir/MiniOzoneClusterImpl-a33d77e5-464b-4d19-8e6b-a171e580bf0e/datanode-1/data/ratis/8ca03ccd-6994-4f13-bce9-23a00460a976
2019-09-20 09:26:55,059 [pool-38-thread-1] INFO  server.RaftServerConfigKeys (ConfUtils.java:logGet(43)) - raft.server.log.queue.byte-limit = 2147483647 (custom)
2019-09-20 09:26:55,059 [pool-38-thread-1] INFO  server.RaftServerConfigKeys (ConfUtils.java:logGet(43)) - raft.server.log.queue.element-limit = 1024 (custom)
2019-09-20 09:26:55,059 [pool-38-thread-1] INFO  server.RaftServerConfigKeys (ConfUtils.java:logGet(43)) - raft.server.log.segment.size.max = 1048576 (custom)
2019-09-20 09:26:55,060 [pool-38-thread-1] INFO  server.RaftServerConfigKeys (ConfUtils.java:logGet(43)) - raft.server.log.preallocated.size = 16384 (custom)
2019-09-20 09:26:55,060 [pool-38-thread-1] INFO  server.RaftServerConfigKeys (ConfUtils.java:logGet(43)) - raft.server.log.write.buffer.size = 33554432 (custom)
2019-09-20 09:26:55,060 [pool-38-thread-1] INFO  server.RaftServerConfigKeys (ConfUtils.java:logGet(43)) - raft.server.log.force.sync.num = 128 (default)
2019-09-20 09:26:55,060 [pool-38-thread-1] INFO  server.RaftServerConfigKeys (ConfUtils.java:logGet(43)) - raft.server.log.statemachine.data.sync = true (default)
2019-09-20 09:26:55,060 [pool-38-thread-1] INFO  server.RaftServerConfigKeys (ConfUtils.java:logGet(43)) - raft.server.log.statemachine.data.sync.timeout = 10s (default)
2019-09-20 09:26:55,061 [pool-38-thread-1] INFO  server.RaftServerConfigKeys (ConfUtils.java:logGet(43)) - raft.server.log.statemachine.data.sync.timeout.retry = -1 (default)
2019-09-20 09:26:55,061 [pool-38-thread-1] INFO  server.RaftServerConfigKeys (ConfUtils.java:logGet(43)) - raft.server.log.statemachine.data.caching.enabled = true (custom)
2019-09-20 09:26:55,061 [pool-38-thread-1] INFO  segmented.SegmentedRaftLogWorker (SegmentedRaftLogWorker.java:lambda$new$0(132)) - fd3cd5f9-4f1c-43ea-91b1-b85a1f6c3825-SegmentedRaftLogWorker:Storage Directory /workdir/hadoop-ozone/integration-test/target/test-dir/MiniOzoneClusterImpl-a33d77e5-464b-4d19-8e6b-a171e580bf0e/datanode-1/data/ratis/8ca03ccd-6994-4f13-bce9-23a00460a976: flushIndex: setUnconditionally 0 -> -1
2019-09-20 09:26:55,062 [pool-38-thread-1] INFO  server.RaftServerConfigKeys (ConfUtils.java:logGet(43)) - raft.server.snapshot.auto.trigger.enabled = true (custom)
2019-09-20 09:26:55,062 [pool-38-thread-1] INFO  server.RaftServerConfigKeys (ConfUtils.java:logGet(43)) - raft.server.snapshot.auto.trigger.threshold = 10000 (custom)
2019-09-20 09:26:55,062 [pool-38-thread-1] INFO  server.RaftServerConfigKeys (ConfUtils.java:logGet(43)) - raft.server.retrycache.expirytime = 600000ms (custom)
2019-09-20 09:26:55,063 [pool-38-thread-1] INFO  impl.RaftServerImpl (RaftServerImpl.java:start(180)) - fd3cd5f9-4f1c-43ea-91b1-b85a1f6c3825: start group-23A00460A976
2019-09-20 09:26:55,063 [pool-38-thread-1] INFO  impl.RaftServerImpl (RaftServerImpl.java:setRole(171)) - fd3cd5f9-4f1c-43ea-91b1-b85a1f6c3825:group-23A00460A976 changes role from null to FOLLOWER at term 0 for startAsFollower
2019-09-20 09:26:55,063 [pool-38-thread-1] INFO  impl.RoleInfo (RoleInfo.java:updateAndGet(143)) - fd3cd5f9-4f1c-43ea-91b1-b85a1f6c3825: start FollowerState
2019-09-20 09:26:55,064 [pool-38-thread-1] INFO  util.JmxRegister (JmxRegister.java:tryRegister(44)) - Successfully registered JMX Bean with object name Ratis:service=RaftServer,group=group-23A00460A976,id=fd3cd5f9-4f1c-43ea-91b1-b85a1f6c3825
2019-09-20 09:26:55,070 [RatisPipelineUtilsThread] INFO  pipeline.PipelineStateManager (PipelineStateManager.java:addPipeline(56)) - Created pipeline Pipeline[ Id: 8ca03ccd-6994-4f13-bce9-23a00460a976, Nodes: fd3cd5f9-4f1c-43ea-91b1-b85a1f6c3825{ip: 192.168.36.99, host: pr-hdds-1569-p5fx8-1226042367, networkLocation: /default-rack, certSerialId: null}, Type:RATIS, Factor:ONE, State:OPEN]
2019-09-20 09:26:55,093 [grpc-default-executor-1] INFO  impl.RaftServerProxy (RaftServerProxy.java:addNew(89)) - 871e6485-c22a-483f-9e07-d19e754685be: addNew group-D08683016DF7:[871e6485-c22a-483f-9e07-d19e754685be:192.168.36.99:41076] returns group-D08683016DF7:java.util.concurrent.CompletableFuture@230abafe[Not completed]
2019-09-20 09:26:55,095 [pool-71-thread-1] INFO  impl.RaftServerImpl (RaftServerImpl.java:<init>(93)) - 871e6485-c22a-483f-9e07-d19e754685be: new RaftServerImpl for group-D08683016DF7:[871e6485-c22a-483f-9e07-d19e754685be:192.168.36.99:41076] with ContainerStateMachine:uninitialized
2019-09-20 09:26:55,095 [pool-71-thread-1] INFO  server.RaftServerConfigKeys (ConfUtils.java:logGet(43)) - raft.server.rpc.timeout.min = 5s (custom)
2019-09-20 09:26:55,095 [pool-71-thread-1] INFO  server.RaftServerConfigKeys (ConfUtils.java:logGet(43)) - raft.server.rpc.timeout.max = 5200ms (custom)
2019-09-20 09:26:55,095 [pool-71-thread-1] INFO  server.RaftServerConfigKeys (ConfUtils.java:logGet(43)) - raft.server.rpcslowness.timeout = 10s (custom)
2019-09-20 09:26:55,096 [pool-71-thread-1] INFO  server.RaftServerConfigKeys (ConfUtils.java:logGet(43)) - raft.server.sleep.deviation.threshold = 300 (default)
2019-09-20 09:26:55,096 [pool-71-thread-1] INFO  server.RaftServerConfigKeys (ConfUtils.java:logGet(43)) - raft.server.log.appender.install.snapshot.enabled = false (custom)
2019-09-20 09:26:55,096 [pool-71-thread-1] INFO  impl.RaftServerImpl (ServerState.java:<init>(105)) - 871e6485-c22a-483f-9e07-d19e754685be:group-D08683016DF7 ConfigurationManager, init=-1: [871e6485-c22a-483f-9e07-d19e754685be:192.168.36.99:41076], old=null, confs=<EMPTY_MAP>
2019-09-20 09:26:55,096 [pool-71-thread-1] INFO  server.RaftServerConfigKeys (ConfUtils.java:logGet(43)) - raft.server.storage.dir = [/workdir/hadoop-ozone/integration-test/target/test-dir/MiniOzoneClusterImpl-a33d77e5-464b-4d19-8e6b-a171e580bf0e/datanode-4/data/ratis] (custom)
2019-09-20 09:26:55,097 [pool-71-thread-1] INFO  storage.RaftStorageDirectory (RaftStorageDirectory.java:analyzeStorage(246)) - The storage directory /workdir/hadoop-ozone/integration-test/target/test-dir/MiniOzoneClusterImpl-a33d77e5-464b-4d19-8e6b-a171e580bf0e/datanode-4/data/ratis/aa2f3b27-38db-4b1f-96f6-d08683016df7 does not exist. Creating ...
2019-09-20 09:26:55,149 [pool-71-thread-1] INFO  storage.RaftStorageDirectory (RaftStorageDirectory.java:tryLock(328)) - Lock on /workdir/hadoop-ozone/integration-test/target/test-dir/MiniOzoneClusterImpl-a33d77e5-464b-4d19-8e6b-a171e580bf0e/datanode-4/data/ratis/aa2f3b27-38db-4b1f-96f6-d08683016df7/in_use.lock acquired by nodename 7145@pr-hdds-1569-p5fx8-1226042367
2019-09-20 09:26:55,191 [pool-71-thread-1] INFO  storage.RaftStorage (RaftStorage.java:format(72)) - Storage directory /workdir/hadoop-ozone/integration-test/target/test-dir/MiniOzoneClusterImpl-a33d77e5-464b-4d19-8e6b-a171e580bf0e/datanode-4/data/ratis/aa2f3b27-38db-4b1f-96f6-d08683016df7 has been successfully formatted.
2019-09-20 09:26:55,191 [pool-71-thread-1] INFO  ratis.ContainerStateMachine (ContainerStateMachine.java:loadSnapshot(226)) - group-D08683016DF7: The snapshot info is null. Setting the last applied indexto:(t:0, i:~)
2019-09-20 09:26:55,192 [pool-71-thread-1] INFO  server.RaftServerConfigKeys (ConfUtils.java:logGet(43)) - raft.server.leader.election.timeout = 10s (custom)
2019-09-20 09:26:55,192 [pool-71-thread-1] INFO  server.RaftServerConfigKeys (ConfUtils.java:logGet(43)) - raft.server.log.use.memory = false (default)
2019-09-20 09:26:55,192 [pool-71-thread-1] INFO  server.RaftServerConfigKeys (ConfUtils.java:logGet(43)) - raft.server.log.purge.gap = 1000000 (custom)
2019-09-20 09:26:55,192 [pool-71-thread-1] INFO  server.RaftServerConfigKeys (ConfUtils.java:logGet(43)) - raft.server.log.appender.buffer.byte-limit = 33554432 (custom)
2019-09-20 09:26:55,192 [pool-71-thread-1] INFO  server.RaftServerConfigKeys (ConfUtils.java:logGet(43)) - raft.server.log.segment.size.max = 1048576 (custom)
2019-09-20 09:26:55,192 [pool-71-thread-1] INFO  server.RaftServerConfigKeys (ConfUtils.java:logGet(43)) - raft.server.log.segment.cache.num.max = 2 (custom)
2019-09-20 09:26:55,193 [pool-71-thread-1] INFO  segmented.SegmentedRaftLogWorker (SegmentedRaftLogWorker.java:<init>(172)) - new 871e6485-c22a-483f-9e07-d19e754685be-SegmentedRaftLogWorker:Storage Directory /workdir/hadoop-ozone/integration-test/target/test-dir/MiniOzoneClusterImpl-a33d77e5-464b-4d19-8e6b-a171e580bf0e/datanode-4/data/ratis/aa2f3b27-38db-4b1f-96f6-d08683016df7 for RaftStorage:Storage Directory /workdir/hadoop-ozone/integration-test/target/test-dir/MiniOzoneClusterImpl-a33d77e5-464b-4d19-8e6b-a171e580bf0e/datanode-4/data/ratis/aa2f3b27-38db-4b1f-96f6-d08683016df7
2019-09-20 09:26:55,193 [pool-71-thread-1] INFO  server.RaftServerConfigKeys (ConfUtils.java:logGet(43)) - raft.server.log.queue.byte-limit = 2147483647 (custom)
2019-09-20 09:26:55,193 [pool-71-thread-1] INFO  server.RaftServerConfigKeys (ConfUtils.java:logGet(43)) - raft.server.log.queue.element-limit = 1024 (custom)
2019-09-20 09:26:55,193 [pool-71-thread-1] INFO  server.RaftServerConfigKeys (ConfUtils.java:logGet(43)) - raft.server.log.segment.size.max = 1048576 (custom)
2019-09-20 09:26:55,193 [pool-71-thread-1] INFO  server.RaftServerConfigKeys (ConfUtils.java:logGet(43)) - raft.server.log.preallocated.size = 16384 (custom)
2019-09-20 09:26:55,194 [pool-71-thread-1] INFO  server.RaftServerConfigKeys (ConfUtils.java:logGet(43)) - raft.server.log.write.buffer.size = 33554432 (custom)
2019-09-20 09:26:55,194 [pool-71-thread-1] INFO  server.RaftServerConfigKeys (ConfUtils.java:logGet(43)) - raft.server.log.force.sync.num = 128 (default)
2019-09-20 09:26:55,194 [pool-71-thread-1] INFO  server.RaftServerConfigKeys (ConfUtils.java:logGet(43)) - raft.server.log.statemachine.data.sync = true (default)
2019-09-20 09:26:55,194 [pool-71-thread-1] INFO  server.RaftServerConfigKeys (ConfUtils.java:logGet(43)) - raft.server.log.statemachine.data.sync.timeout = 10s (default)
2019-09-20 09:26:55,194 [pool-71-thread-1] INFO  server.RaftServerConfigKeys (ConfUtils.java:logGet(43)) - raft.server.log.statemachine.data.sync.timeout.retry = -1 (default)
2019-09-20 09:26:55,195 [pool-71-thread-1] INFO  server.RaftServerConfigKeys (ConfUtils.java:logGet(43)) - raft.server.log.statemachine.data.caching.enabled = true (custom)
2019-09-20 09:26:55,195 [pool-71-thread-1] INFO  segmented.SegmentedRaftLogWorker (SegmentedRaftLogWorker.java:lambda$new$0(132)) - 871e6485-c22a-483f-9e07-d19e754685be-SegmentedRaftLogWorker:Storage Directory /workdir/hadoop-ozone/integration-test/target/test-dir/MiniOzoneClusterImpl-a33d77e5-464b-4d19-8e6b-a171e580bf0e/datanode-4/data/ratis/aa2f3b27-38db-4b1f-96f6-d08683016df7: flushIndex: setUnconditionally 0 -> -1
2019-09-20 09:26:55,195 [pool-71-thread-1] INFO  server.RaftServerConfigKeys (ConfUtils.java:logGet(43)) - raft.server.snapshot.auto.trigger.enabled = true (custom)
2019-09-20 09:26:55,196 [pool-71-thread-1] INFO  server.RaftServerConfigKeys (ConfUtils.java:logGet(43)) - raft.server.snapshot.auto.trigger.threshold = 10000 (custom)
2019-09-20 09:26:55,196 [pool-71-thread-1] INFO  server.RaftServerConfigKeys (ConfUtils.java:logGet(43)) - raft.server.retrycache.expirytime = 600000ms (custom)
2019-09-20 09:26:55,196 [pool-71-thread-1] INFO  impl.RaftServerImpl (RaftServerImpl.java:start(180)) - 871e6485-c22a-483f-9e07-d19e754685be: start group-D08683016DF7
2019-09-20 09:26:55,196 [pool-71-thread-1] INFO  impl.RaftServerImpl (RaftServerImpl.java:setRole(171)) - 871e6485-c22a-483f-9e07-d19e754685be:group-D08683016DF7 changes role from null to FOLLOWER at term 0 for startAsFollower
2019-09-20 09:26:55,196 [pool-71-thread-1] INFO  impl.RoleInfo (RoleInfo.java:updateAndGet(143)) - 871e6485-c22a-483f-9e07-d19e754685be: start FollowerState
2019-09-20 09:26:55,203 [pool-71-thread-1] INFO  util.JmxRegister (JmxRegister.java:tryRegister(44)) - Successfully registered JMX Bean with object name Ratis:service=RaftServer,group=group-D08683016DF7,id=871e6485-c22a-483f-9e07-d19e754685be
2019-09-20 09:26:55,217 [RatisPipelineUtilsThread] INFO  pipeline.PipelineStateManager (PipelineStateManager.java:addPipeline(56)) - Created pipeline Pipeline[ Id: aa2f3b27-38db-4b1f-96f6-d08683016df7, Nodes: 871e6485-c22a-483f-9e07-d19e754685be{ip: 192.168.36.99, host: pr-hdds-1569-p5fx8-1226042367, networkLocation: /default-rack, certSerialId: null}, Type:RATIS, Factor:ONE, State:OPEN]
2019-09-20 09:26:55,223 [grpc-default-executor-1] INFO  impl.RaftServerProxy (RaftServerProxy.java:addNew(89)) - 02b93e76-e4c6-4b67-b8a4-c536d9ab7224: addNew group-5EE9861CE4DB:[02b93e76-e4c6-4b67-b8a4-c536d9ab7224:192.168.36.99:39343] returns group-5EE9861CE4DB:java.util.concurrent.CompletableFuture@25d2be1c[Not completed]
2019-09-20 09:26:55,225 [pool-27-thread-1] INFO  impl.RaftServerImpl (RaftServerImpl.java:<init>(93)) - 02b93e76-e4c6-4b67-b8a4-c536d9ab7224: new RaftServerImpl for group-5EE9861CE4DB:[02b93e76-e4c6-4b67-b8a4-c536d9ab7224:192.168.36.99:39343] with ContainerStateMachine:uninitialized
2019-09-20 09:26:55,225 [pool-27-thread-1] INFO  server.RaftServerConfigKeys (ConfUtils.java:logGet(43)) - raft.server.rpc.timeout.min = 5s (custom)
2019-09-20 09:26:55,225 [pool-27-thread-1] INFO  server.RaftServerConfigKeys (ConfUtils.java:logGet(43)) - raft.server.rpc.timeout.max = 5200ms (custom)
2019-09-20 09:26:55,225 [pool-27-thread-1] INFO  server.RaftServerConfigKeys (ConfUtils.java:logGet(43)) - raft.server.rpcslowness.timeout = 10s (custom)
2019-09-20 09:26:55,225 [pool-27-thread-1] INFO  server.RaftServerConfigKeys (ConfUtils.java:logGet(43)) - raft.server.sleep.deviation.threshold = 300 (default)
2019-09-20 09:26:55,225 [pool-27-thread-1] INFO  server.RaftServerConfigKeys (ConfUtils.java:logGet(43)) - raft.server.log.appender.install.snapshot.enabled = false (custom)
2019-09-20 09:26:55,226 [pool-27-thread-1] INFO  impl.RaftServerImpl (ServerState.java:<init>(105)) - 02b93e76-e4c6-4b67-b8a4-c536d9ab7224:group-5EE9861CE4DB ConfigurationManager, init=-1: [02b93e76-e4c6-4b67-b8a4-c536d9ab7224:192.168.36.99:39343], old=null, confs=<EMPTY_MAP>
2019-09-20 09:26:55,226 [pool-27-thread-1] INFO  server.RaftServerConfigKeys (ConfUtils.java:logGet(43)) - raft.server.storage.dir = [/workdir/hadoop-ozone/integration-test/target/test-dir/MiniOzoneClusterImpl-a33d77e5-464b-4d19-8e6b-a171e580bf0e/datanode-0/data/ratis] (custom)
2019-09-20 09:26:55,226 [pool-27-thread-1] INFO  storage.RaftStorageDirectory (RaftStorageDirectory.java:analyzeStorage(246)) - The storage directory /workdir/hadoop-ozone/integration-test/target/test-dir/MiniOzoneClusterImpl-a33d77e5-464b-4d19-8e6b-a171e580bf0e/datanode-0/data/ratis/ca675e5f-8ae5-4873-b08d-5ee9861ce4db does not exist. Creating ...
2019-09-20 09:26:55,250 [pool-27-thread-1] INFO  storage.RaftStorageDirectory (RaftStorageDirectory.java:tryLock(328)) - Lock on /workdir/hadoop-ozone/integration-test/target/test-dir/MiniOzoneClusterImpl-a33d77e5-464b-4d19-8e6b-a171e580bf0e/datanode-0/data/ratis/ca675e5f-8ae5-4873-b08d-5ee9861ce4db/in_use.lock acquired by nodename 7145@pr-hdds-1569-p5fx8-1226042367
2019-09-20 09:26:55,262 | INFO  | SCMAudit | user=jenkins1000 | ip=192.168.36.99 | op=SEND_HEARTBEAT {datanodeUUID=492ed782-6ab3-4ad9-945e-06def6ac7c96, command=[]} | ret=SUCCESS |  
2019-09-20 09:26:55,262 | INFO  | SCMAudit | user=jenkins1000 | ip=192.168.36.99 | op=SEND_HEARTBEAT {datanodeUUID=871e6485-c22a-483f-9e07-d19e754685be, command=[]} | ret=SUCCESS |  
2019-09-20 09:26:55,262 | INFO  | SCMAudit | user=jenkins1000 | ip=192.168.36.99 | op=SEND_HEARTBEAT {datanodeUUID=4840c00f-91d3-4881-a20b-4d0486ca97c0, command=[]} | ret=SUCCESS |  
2019-09-20 09:26:55,275 [pool-27-thread-1] INFO  storage.RaftStorage (RaftStorage.java:format(72)) - Storage directory /workdir/hadoop-ozone/integration-test/target/test-dir/MiniOzoneClusterImpl-a33d77e5-464b-4d19-8e6b-a171e580bf0e/datanode-0/data/ratis/ca675e5f-8ae5-4873-b08d-5ee9861ce4db has been successfully formatted.
2019-09-20 09:26:55,276 [pool-27-thread-1] INFO  ratis.ContainerStateMachine (ContainerStateMachine.java:loadSnapshot(226)) - group-5EE9861CE4DB: The snapshot info is null. Setting the last applied indexto:(t:0, i:~)
2019-09-20 09:26:55,276 [pool-27-thread-1] INFO  server.RaftServerConfigKeys (ConfUtils.java:logGet(43)) - raft.server.leader.election.timeout = 10s (custom)
2019-09-20 09:26:55,276 [pool-27-thread-1] INFO  server.RaftServerConfigKeys (ConfUtils.java:logGet(43)) - raft.server.log.use.memory = false (default)
2019-09-20 09:26:55,276 [pool-27-thread-1] INFO  server.RaftServerConfigKeys (ConfUtils.java:logGet(43)) - raft.server.log.purge.gap = 1000000 (custom)
2019-09-20 09:26:55,276 [pool-27-thread-1] INFO  server.RaftServerConfigKeys (ConfUtils.java:logGet(43)) - raft.server.log.appender.buffer.byte-limit = 33554432 (custom)
2019-09-20 09:26:55,276 [pool-27-thread-1] INFO  server.RaftServerConfigKeys (ConfUtils.java:logGet(43)) - raft.server.log.segment.size.max = 1048576 (custom)
2019-09-20 09:26:55,277 [pool-27-thread-1] INFO  server.RaftServerConfigKeys (ConfUtils.java:logGet(43)) - raft.server.log.segment.cache.num.max = 2 (custom)
2019-09-20 09:26:55,277 [pool-27-thread-1] INFO  segmented.SegmentedRaftLogWorker (SegmentedRaftLogWorker.java:<init>(172)) - new 02b93e76-e4c6-4b67-b8a4-c536d9ab7224-SegmentedRaftLogWorker:Storage Directory /workdir/hadoop-ozone/integration-test/target/test-dir/MiniOzoneClusterImpl-a33d77e5-464b-4d19-8e6b-a171e580bf0e/datanode-0/data/ratis/ca675e5f-8ae5-4873-b08d-5ee9861ce4db for RaftStorage:Storage Directory /workdir/hadoop-ozone/integration-test/target/test-dir/MiniOzoneClusterImpl-a33d77e5-464b-4d19-8e6b-a171e580bf0e/datanode-0/data/ratis/ca675e5f-8ae5-4873-b08d-5ee9861ce4db
2019-09-20 09:26:55,277 [pool-27-thread-1] INFO  server.RaftServerConfigKeys (ConfUtils.java:logGet(43)) - raft.server.log.queue.byte-limit = 2147483647 (custom)
2019-09-20 09:26:55,277 [pool-27-thread-1] INFO  server.RaftServerConfigKeys (ConfUtils.java:logGet(43)) - raft.server.log.queue.element-limit = 1024 (custom)
2019-09-20 09:26:55,277 [pool-27-thread-1] INFO  server.RaftServerConfigKeys (ConfUtils.java:logGet(43)) - raft.server.log.segment.size.max = 1048576 (custom)
2019-09-20 09:26:55,278 [pool-27-thread-1] INFO  server.RaftServerConfigKeys (ConfUtils.java:logGet(43)) - raft.server.log.preallocated.size = 16384 (custom)
2019-09-20 09:26:55,278 [pool-27-thread-1] INFO  server.RaftServerConfigKeys (ConfUtils.java:logGet(43)) - raft.server.log.write.buffer.size = 33554432 (custom)
2019-09-20 09:26:55,278 [pool-27-thread-1] INFO  server.RaftServerConfigKeys (ConfUtils.java:logGet(43)) - raft.server.log.force.sync.num = 128 (default)
2019-09-20 09:26:55,278 [pool-27-thread-1] INFO  server.RaftServerConfigKeys (ConfUtils.java:logGet(43)) - raft.server.log.statemachine.data.sync = true (default)
2019-09-20 09:26:55,278 [pool-27-thread-1] INFO  server.RaftServerConfigKeys (ConfUtils.java:logGet(43)) - raft.server.log.statemachine.data.sync.timeout = 10s (default)
2019-09-20 09:26:55,278 [pool-27-thread-1] INFO  server.RaftServerConfigKeys (ConfUtils.java:logGet(43)) - raft.server.log.statemachine.data.sync.timeout.retry = -1 (default)
2019-09-20 09:26:55,279 [pool-27-thread-1] INFO  server.RaftServerConfigKeys (ConfUtils.java:logGet(43)) - raft.server.log.statemachine.data.caching.enabled = true (custom)
2019-09-20 09:26:55,279 [pool-27-thread-1] INFO  segmented.SegmentedRaftLogWorker (SegmentedRaftLogWorker.java:lambda$new$0(132)) - 02b93e76-e4c6-4b67-b8a4-c536d9ab7224-SegmentedRaftLogWorker:Storage Directory /workdir/hadoop-ozone/integration-test/target/test-dir/MiniOzoneClusterImpl-a33d77e5-464b-4d19-8e6b-a171e580bf0e/datanode-0/data/ratis/ca675e5f-8ae5-4873-b08d-5ee9861ce4db: flushIndex: setUnconditionally 0 -> -1
2019-09-20 09:26:55,279 [pool-27-thread-1] INFO  server.RaftServerConfigKeys (ConfUtils.java:logGet(43)) - raft.server.snapshot.auto.trigger.enabled = true (custom)
2019-09-20 09:26:55,280 [pool-27-thread-1] INFO  server.RaftServerConfigKeys (ConfUtils.java:logGet(43)) - raft.server.snapshot.auto.trigger.threshold = 10000 (custom)
2019-09-20 09:26:55,280 [pool-27-thread-1] INFO  server.RaftServerConfigKeys (ConfUtils.java:logGet(43)) - raft.server.retrycache.expirytime = 600000ms (custom)
2019-09-20 09:26:55,280 [pool-27-thread-1] INFO  impl.RaftServerImpl (RaftServerImpl.java:start(180)) - 02b93e76-e4c6-4b67-b8a4-c536d9ab7224: start group-5EE9861CE4DB
2019-09-20 09:26:55,280 [pool-27-thread-1] INFO  impl.RaftServerImpl (RaftServerImpl.java:setRole(171)) - 02b93e76-e4c6-4b67-b8a4-c536d9ab7224:group-5EE9861CE4DB changes role from null to FOLLOWER at term 0 for startAsFollower
2019-09-20 09:26:55,280 [pool-27-thread-1] INFO  impl.RoleInfo (RoleInfo.java:updateAndGet(143)) - 02b93e76-e4c6-4b67-b8a4-c536d9ab7224: start FollowerState
2019-09-20 09:26:55,281 [pool-27-thread-1] INFO  util.JmxRegister (JmxRegister.java:tryRegister(44)) - Successfully registered JMX Bean with object name Ratis:service=RaftServer,group=group-5EE9861CE4DB,id=02b93e76-e4c6-4b67-b8a4-c536d9ab7224
2019-09-20 09:26:55,285 [RatisPipelineUtilsThread] INFO  pipeline.PipelineStateManager (PipelineStateManager.java:addPipeline(56)) - Created pipeline Pipeline[ Id: ca675e5f-8ae5-4873-b08d-5ee9861ce4db, Nodes: 02b93e76-e4c6-4b67-b8a4-c536d9ab7224{ip: 192.168.36.99, host: pr-hdds-1569-p5fx8-1226042367, networkLocation: /default-rack, certSerialId: null}, Type:RATIS, Factor:ONE, State:OPEN]
2019-09-20 09:26:55,292 [grpc-default-executor-1] INFO  impl.RaftServerProxy (RaftServerProxy.java:addNew(89)) - 4840c00f-91d3-4881-a20b-4d0486ca97c0: addNew group-823087154921:[4840c00f-91d3-4881-a20b-4d0486ca97c0:192.168.36.99:41473] returns group-823087154921:java.util.concurrent.CompletableFuture@18c3a0db[Not completed]
2019-09-20 09:26:55,293 [pool-60-thread-1] INFO  impl.RaftServerImpl (RaftServerImpl.java:<init>(93)) - 4840c00f-91d3-4881-a20b-4d0486ca97c0: new RaftServerImpl for group-823087154921:[4840c00f-91d3-4881-a20b-4d0486ca97c0:192.168.36.99:41473] with ContainerStateMachine:uninitialized
2019-09-20 09:26:55,293 [pool-60-thread-1] INFO  server.RaftServerConfigKeys (ConfUtils.java:logGet(43)) - raft.server.rpc.timeout.min = 5s (custom)
2019-09-20 09:26:55,293 [pool-60-thread-1] INFO  server.RaftServerConfigKeys (ConfUtils.java:logGet(43)) - raft.server.rpc.timeout.max = 5200ms (custom)
2019-09-20 09:26:55,293 [pool-60-thread-1] INFO  server.RaftServerConfigKeys (ConfUtils.java:logGet(43)) - raft.server.rpcslowness.timeout = 10s (custom)
2019-09-20 09:26:55,294 [pool-60-thread-1] INFO  server.RaftServerConfigKeys (ConfUtils.java:logGet(43)) - raft.server.sleep.deviation.threshold = 300 (default)
2019-09-20 09:26:55,294 [pool-60-thread-1] INFO  server.RaftServerConfigKeys (ConfUtils.java:logGet(43)) - raft.server.log.appender.install.snapshot.enabled = false (custom)
2019-09-20 09:26:55,294 [pool-60-thread-1] INFO  impl.RaftServerImpl (ServerState.java:<init>(105)) - 4840c00f-91d3-4881-a20b-4d0486ca97c0:group-823087154921 ConfigurationManager, init=-1: [4840c00f-91d3-4881-a20b-4d0486ca97c0:192.168.36.99:41473], old=null, confs=<EMPTY_MAP>
2019-09-20 09:26:55,294 [pool-60-thread-1] INFO  server.RaftServerConfigKeys (ConfUtils.java:logGet(43)) - raft.server.storage.dir = [/workdir/hadoop-ozone/integration-test/target/test-dir/MiniOzoneClusterImpl-a33d77e5-464b-4d19-8e6b-a171e580bf0e/datanode-3/data/ratis] (custom)
2019-09-20 09:26:55,295 [pool-60-thread-1] INFO  storage.RaftStorageDirectory (RaftStorageDirectory.java:analyzeStorage(246)) - The storage directory /workdir/hadoop-ozone/integration-test/target/test-dir/MiniOzoneClusterImpl-a33d77e5-464b-4d19-8e6b-a171e580bf0e/datanode-3/data/ratis/5bfc5120-c70b-406f-9f8f-823087154921 does not exist. Creating ...
2019-09-20 09:26:55,310 [pool-60-thread-1] INFO  storage.RaftStorageDirectory (RaftStorageDirectory.java:tryLock(328)) - Lock on /workdir/hadoop-ozone/integration-test/target/test-dir/MiniOzoneClusterImpl-a33d77e5-464b-4d19-8e6b-a171e580bf0e/datanode-3/data/ratis/5bfc5120-c70b-406f-9f8f-823087154921/in_use.lock acquired by nodename 7145@pr-hdds-1569-p5fx8-1226042367
2019-09-20 09:26:55,317 | INFO  | SCMAudit | user=jenkins1000 | ip=192.168.36.99 | op=SEND_HEARTBEAT {datanodeUUID=02b93e76-e4c6-4b67-b8a4-c536d9ab7224, command=[]} | ret=SUCCESS |  
2019-09-20 09:26:55,335 [pool-60-thread-1] INFO  storage.RaftStorage (RaftStorage.java:format(72)) - Storage directory /workdir/hadoop-ozone/integration-test/target/test-dir/MiniOzoneClusterImpl-a33d77e5-464b-4d19-8e6b-a171e580bf0e/datanode-3/data/ratis/5bfc5120-c70b-406f-9f8f-823087154921 has been successfully formatted.
2019-09-20 09:26:55,336 [pool-60-thread-1] INFO  ratis.ContainerStateMachine (ContainerStateMachine.java:loadSnapshot(226)) - group-823087154921: The snapshot info is null. Setting the last applied indexto:(t:0, i:~)
2019-09-20 09:26:55,336 [pool-60-thread-1] INFO  server.RaftServerConfigKeys (ConfUtils.java:logGet(43)) - raft.server.leader.election.timeout = 10s (custom)
2019-09-20 09:26:55,336 [pool-60-thread-1] INFO  server.RaftServerConfigKeys (ConfUtils.java:logGet(43)) - raft.server.log.use.memory = false (default)
2019-09-20 09:26:55,336 [pool-60-thread-1] INFO  server.RaftServerConfigKeys (ConfUtils.java:logGet(43)) - raft.server.log.purge.gap = 1000000 (custom)
2019-09-20 09:26:55,336 [pool-60-thread-1] INFO  server.RaftServerConfigKeys (ConfUtils.java:logGet(43)) - raft.server.log.appender.buffer.byte-limit = 33554432 (custom)
2019-09-20 09:26:55,336 [pool-60-thread-1] INFO  server.RaftServerConfigKeys (ConfUtils.java:logGet(43)) - raft.server.log.segment.size.max = 1048576 (custom)
2019-09-20 09:26:55,337 [pool-60-thread-1] INFO  server.RaftServerConfigKeys (ConfUtils.java:logGet(43)) - raft.server.log.segment.cache.num.max = 2 (custom)
2019-09-20 09:26:55,337 [pool-60-thread-1] INFO  segmented.SegmentedRaftLogWorker (SegmentedRaftLogWorker.java:<init>(172)) - new 4840c00f-91d3-4881-a20b-4d0486ca97c0-SegmentedRaftLogWorker:Storage Directory /workdir/hadoop-ozone/integration-test/target/test-dir/MiniOzoneClusterImpl-a33d77e5-464b-4d19-8e6b-a171e580bf0e/datanode-3/data/ratis/5bfc5120-c70b-406f-9f8f-823087154921 for RaftStorage:Storage Directory /workdir/hadoop-ozone/integration-test/target/test-dir/MiniOzoneClusterImpl-a33d77e5-464b-4d19-8e6b-a171e580bf0e/datanode-3/data/ratis/5bfc5120-c70b-406f-9f8f-823087154921
2019-09-20 09:26:55,337 [pool-60-thread-1] INFO  server.RaftServerConfigKeys (ConfUtils.java:logGet(43)) - raft.server.log.queue.byte-limit = 2147483647 (custom)
2019-09-20 09:26:55,337 [pool-60-thread-1] INFO  server.RaftServerConfigKeys (ConfUtils.java:logGet(43)) - raft.server.log.queue.element-limit = 1024 (custom)
2019-09-20 09:26:55,337 [pool-60-thread-1] INFO  server.RaftServerConfigKeys (ConfUtils.java:logGet(43)) - raft.server.log.segment.size.max = 1048576 (custom)
2019-09-20 09:26:55,337 [pool-60-thread-1] INFO  server.RaftServerConfigKeys (ConfUtils.java:logGet(43)) - raft.server.log.preallocated.size = 16384 (custom)
2019-09-20 09:26:55,338 [pool-60-thread-1] INFO  server.RaftServerConfigKeys (ConfUtils.java:logGet(43)) - raft.server.log.write.buffer.size = 33554432 (custom)
2019-09-20 09:26:55,338 [pool-60-thread-1] INFO  server.RaftServerConfigKeys (ConfUtils.java:logGet(43)) - raft.server.log.force.sync.num = 128 (default)
2019-09-20 09:26:55,338 [pool-60-thread-1] INFO  server.RaftServerConfigKeys (ConfUtils.java:logGet(43)) - raft.server.log.statemachine.data.sync = true (default)
2019-09-20 09:26:55,338 [pool-60-thread-1] INFO  server.RaftServerConfigKeys (ConfUtils.java:logGet(43)) - raft.server.log.statemachine.data.sync.timeout = 10s (default)
2019-09-20 09:26:55,338 [pool-60-thread-1] INFO  server.RaftServerConfigKeys (ConfUtils.java:logGet(43)) - raft.server.log.statemachine.data.sync.timeout.retry = -1 (default)
2019-09-20 09:26:55,339 [pool-60-thread-1] INFO  server.RaftServerConfigKeys (ConfUtils.java:logGet(43)) - raft.server.log.statemachine.data.caching.enabled = true (custom)
2019-09-20 09:26:55,339 [pool-60-thread-1] INFO  segmented.SegmentedRaftLogWorker (SegmentedRaftLogWorker.java:lambda$new$0(132)) - 4840c00f-91d3-4881-a20b-4d0486ca97c0-SegmentedRaftLogWorker:Storage Directory /workdir/hadoop-ozone/integration-test/target/test-dir/MiniOzoneClusterImpl-a33d77e5-464b-4d19-8e6b-a171e580bf0e/datanode-3/data/ratis/5bfc5120-c70b-406f-9f8f-823087154921: flushIndex: setUnconditionally 0 -> -1
2019-09-20 09:26:55,339 [pool-60-thread-1] INFO  server.RaftServerConfigKeys (ConfUtils.java:logGet(43)) - raft.server.snapshot.auto.trigger.enabled = true (custom)
2019-09-20 09:26:55,340 [pool-60-thread-1] INFO  server.RaftServerConfigKeys (ConfUtils.java:logGet(43)) - raft.server.snapshot.auto.trigger.threshold = 10000 (custom)
2019-09-20 09:26:55,340 [pool-60-thread-1] INFO  server.RaftServerConfigKeys (ConfUtils.java:logGet(43)) - raft.server.retrycache.expirytime = 600000ms (custom)
2019-09-20 09:26:55,340 [pool-60-thread-1] INFO  impl.RaftServerImpl (RaftServerImpl.java:start(180)) - 4840c00f-91d3-4881-a20b-4d0486ca97c0: start group-823087154921
2019-09-20 09:26:55,340 [pool-60-thread-1] INFO  impl.RaftServerImpl (RaftServerImpl.java:setRole(171)) - 4840c00f-91d3-4881-a20b-4d0486ca97c0:group-823087154921 changes role from null to FOLLOWER at term 0 for startAsFollower
2019-09-20 09:26:55,340 [pool-60-thread-1] INFO  impl.RoleInfo (RoleInfo.java:updateAndGet(143)) - 4840c00f-91d3-4881-a20b-4d0486ca97c0: start FollowerState
2019-09-20 09:26:55,341 [pool-60-thread-1] INFO  util.JmxRegister (JmxRegister.java:tryRegister(44)) - Successfully registered JMX Bean with object name Ratis:service=RaftServer,group=group-823087154921,id=4840c00f-91d3-4881-a20b-4d0486ca97c0
2019-09-20 09:26:55,344 [RatisPipelineUtilsThread] INFO  pipeline.PipelineStateManager (PipelineStateManager.java:addPipeline(56)) - Created pipeline Pipeline[ Id: 5bfc5120-c70b-406f-9f8f-823087154921, Nodes: 4840c00f-91d3-4881-a20b-4d0486ca97c0{ip: 192.168.36.99, host: pr-hdds-1569-p5fx8-1226042367, networkLocation: /default-rack, certSerialId: null}, Type:RATIS, Factor:ONE, State:OPEN]
2019-09-20 09:26:55,352 [grpc-default-executor-1] INFO  impl.RaftServerProxy (RaftServerProxy.java:addNew(89)) - 02b93e76-e4c6-4b67-b8a4-c536d9ab7224: addNew group-75F2F82A6DCC:[02b93e76-e4c6-4b67-b8a4-c536d9ab7224:192.168.36.99:39343] returns group-75F2F82A6DCC:java.util.concurrent.CompletableFuture@64844b18[Not completed]
2019-09-20 09:26:55,353 [pool-27-thread-1] INFO  impl.RaftServerImpl (RaftServerImpl.java:<init>(93)) - 02b93e76-e4c6-4b67-b8a4-c536d9ab7224: new RaftServerImpl for group-75F2F82A6DCC:[02b93e76-e4c6-4b67-b8a4-c536d9ab7224:192.168.36.99:39343] with ContainerStateMachine:uninitialized
2019-09-20 09:26:55,353 [pool-27-thread-1] INFO  server.RaftServerConfigKeys (ConfUtils.java:logGet(43)) - raft.server.rpc.timeout.min = 5s (custom)
2019-09-20 09:26:55,353 [pool-27-thread-1] INFO  server.RaftServerConfigKeys (ConfUtils.java:logGet(43)) - raft.server.rpc.timeout.max = 5200ms (custom)
2019-09-20 09:26:55,353 [pool-27-thread-1] INFO  server.RaftServerConfigKeys (ConfUtils.java:logGet(43)) - raft.server.rpcslowness.timeout = 10s (custom)
2019-09-20 09:26:55,354 [pool-27-thread-1] INFO  server.RaftServerConfigKeys (ConfUtils.java:logGet(43)) - raft.server.sleep.deviation.threshold = 300 (default)
2019-09-20 09:26:55,354 [pool-27-thread-1] INFO  server.RaftServerConfigKeys (ConfUtils.java:logGet(43)) - raft.server.log.appender.install.snapshot.enabled = false (custom)
2019-09-20 09:26:55,354 [pool-27-thread-1] INFO  impl.RaftServerImpl (ServerState.java:<init>(105)) - 02b93e76-e4c6-4b67-b8a4-c536d9ab7224:group-75F2F82A6DCC ConfigurationManager, init=-1: [02b93e76-e4c6-4b67-b8a4-c536d9ab7224:192.168.36.99:39343], old=null, confs=<EMPTY_MAP>
2019-09-20 09:26:55,354 [pool-27-thread-1] INFO  server.RaftServerConfigKeys (ConfUtils.java:logGet(43)) - raft.server.storage.dir = [/workdir/hadoop-ozone/integration-test/target/test-dir/MiniOzoneClusterImpl-a33d77e5-464b-4d19-8e6b-a171e580bf0e/datanode-0/data/ratis] (custom)
2019-09-20 09:26:55,355 [pool-27-thread-1] INFO  storage.RaftStorageDirectory (RaftStorageDirectory.java:analyzeStorage(246)) - The storage directory /workdir/hadoop-ozone/integration-test/target/test-dir/MiniOzoneClusterImpl-a33d77e5-464b-4d19-8e6b-a171e580bf0e/datanode-0/data/ratis/6230a021-3d67-42e8-b341-75f2f82a6dcc does not exist. Creating ...
2019-09-20 09:26:55,369 [pool-27-thread-1] INFO  storage.RaftStorageDirectory (RaftStorageDirectory.java:tryLock(328)) - Lock on /workdir/hadoop-ozone/integration-test/target/test-dir/MiniOzoneClusterImpl-a33d77e5-464b-4d19-8e6b-a171e580bf0e/datanode-0/data/ratis/6230a021-3d67-42e8-b341-75f2f82a6dcc/in_use.lock acquired by nodename 7145@pr-hdds-1569-p5fx8-1226042367
2019-09-20 09:26:55,386 [pool-27-thread-1] INFO  storage.RaftStorage (RaftStorage.java:format(72)) - Storage directory /workdir/hadoop-ozone/integration-test/target/test-dir/MiniOzoneClusterImpl-a33d77e5-464b-4d19-8e6b-a171e580bf0e/datanode-0/data/ratis/6230a021-3d67-42e8-b341-75f2f82a6dcc has been successfully formatted.
2019-09-20 09:26:55,386 [pool-27-thread-1] INFO  ratis.ContainerStateMachine (ContainerStateMachine.java:loadSnapshot(226)) - group-75F2F82A6DCC: The snapshot info is null. Setting the last applied indexto:(t:0, i:~)
2019-09-20 09:26:55,387 [pool-27-thread-1] INFO  server.RaftServerConfigKeys (ConfUtils.java:logGet(43)) - raft.server.leader.election.timeout = 10s (custom)
2019-09-20 09:26:55,387 [pool-27-thread-1] INFO  server.RaftServerConfigKeys (ConfUtils.java:logGet(43)) - raft.server.log.use.memory = false (default)
2019-09-20 09:26:55,387 [pool-27-thread-1] INFO  server.RaftServerConfigKeys (ConfUtils.java:logGet(43)) - raft.server.log.purge.gap = 1000000 (custom)
2019-09-20 09:26:55,387 [pool-27-thread-1] INFO  server.RaftServerConfigKeys (ConfUtils.java:logGet(43)) - raft.server.log.appender.buffer.byte-limit = 33554432 (custom)
2019-09-20 09:26:55,387 [pool-27-thread-1] INFO  server.RaftServerConfigKeys (ConfUtils.java:logGet(43)) - raft.server.log.segment.size.max = 1048576 (custom)
2019-09-20 09:26:55,387 [pool-27-thread-1] INFO  server.RaftServerConfigKeys (ConfUtils.java:logGet(43)) - raft.server.log.segment.cache.num.max = 2 (custom)
2019-09-20 09:26:55,388 [pool-27-thread-1] INFO  segmented.SegmentedRaftLogWorker (SegmentedRaftLogWorker.java:<init>(172)) - new 02b93e76-e4c6-4b67-b8a4-c536d9ab7224-SegmentedRaftLogWorker:Storage Directory /workdir/hadoop-ozone/integration-test/target/test-dir/MiniOzoneClusterImpl-a33d77e5-464b-4d19-8e6b-a171e580bf0e/datanode-0/data/ratis/6230a021-3d67-42e8-b341-75f2f82a6dcc for RaftStorage:Storage Directory /workdir/hadoop-ozone/integration-test/target/test-dir/MiniOzoneClusterImpl-a33d77e5-464b-4d19-8e6b-a171e580bf0e/datanode-0/data/ratis/6230a021-3d67-42e8-b341-75f2f82a6dcc
2019-09-20 09:26:55,388 [pool-27-thread-1] INFO  server.RaftServerConfigKeys (ConfUtils.java:logGet(43)) - raft.server.log.queue.byte-limit = 2147483647 (custom)
2019-09-20 09:26:55,388 [pool-27-thread-1] INFO  server.RaftServerConfigKeys (ConfUtils.java:logGet(43)) - raft.server.log.queue.element-limit = 1024 (custom)
2019-09-20 09:26:55,388 [pool-27-thread-1] INFO  server.RaftServerConfigKeys (ConfUtils.java:logGet(43)) - raft.server.log.segment.size.max = 1048576 (custom)
2019-09-20 09:26:55,388 [pool-27-thread-1] INFO  server.RaftServerConfigKeys (ConfUtils.java:logGet(43)) - raft.server.log.preallocated.size = 16384 (custom)
2019-09-20 09:26:55,388 [pool-27-thread-1] INFO  server.RaftServerConfigKeys (ConfUtils.java:logGet(43)) - raft.server.log.write.buffer.size = 33554432 (custom)
2019-09-20 09:26:55,389 [pool-27-thread-1] INFO  server.RaftServerConfigKeys (ConfUtils.java:logGet(43)) - raft.server.log.force.sync.num = 128 (default)
2019-09-20 09:26:55,389 [pool-27-thread-1] INFO  server.RaftServerConfigKeys (ConfUtils.java:logGet(43)) - raft.server.log.statemachine.data.sync = true (default)
2019-09-20 09:26:55,389 [pool-27-thread-1] INFO  server.RaftServerConfigKeys (ConfUtils.java:logGet(43)) - raft.server.log.statemachine.data.sync.timeout = 10s (default)
2019-09-20 09:26:55,389 [pool-27-thread-1] INFO  server.RaftServerConfigKeys (ConfUtils.java:logGet(43)) - raft.server.log.statemachine.data.sync.timeout.retry = -1 (default)
2019-09-20 09:26:55,389 [pool-27-thread-1] INFO  server.RaftServerConfigKeys (ConfUtils.java:logGet(43)) - raft.server.log.statemachine.data.caching.enabled = true (custom)
2019-09-20 09:26:55,390 [pool-27-thread-1] INFO  segmented.SegmentedRaftLogWorker (SegmentedRaftLogWorker.java:lambda$new$0(132)) - 02b93e76-e4c6-4b67-b8a4-c536d9ab7224-SegmentedRaftLogWorker:Storage Directory /workdir/hadoop-ozone/integration-test/target/test-dir/MiniOzoneClusterImpl-a33d77e5-464b-4d19-8e6b-a171e580bf0e/datanode-0/data/ratis/6230a021-3d67-42e8-b341-75f2f82a6dcc: flushIndex: setUnconditionally 0 -> -1
2019-09-20 09:26:55,390 [pool-27-thread-1] INFO  server.RaftServerConfigKeys (ConfUtils.java:logGet(43)) - raft.server.snapshot.auto.trigger.enabled = true (custom)
2019-09-20 09:26:55,390 [pool-27-thread-1] INFO  server.RaftServerConfigKeys (ConfUtils.java:logGet(43)) - raft.server.snapshot.auto.trigger.threshold = 10000 (custom)
2019-09-20 09:26:55,391 [pool-27-thread-1] INFO  server.RaftServerConfigKeys (ConfUtils.java:logGet(43)) - raft.server.retrycache.expirytime = 600000ms (custom)
2019-09-20 09:26:55,391 [pool-27-thread-1] INFO  impl.RaftServerImpl (RaftServerImpl.java:start(180)) - 02b93e76-e4c6-4b67-b8a4-c536d9ab7224: start group-75F2F82A6DCC
2019-09-20 09:26:55,391 [pool-27-thread-1] INFO  impl.RaftServerImpl (RaftServerImpl.java:setRole(171)) - 02b93e76-e4c6-4b67-b8a4-c536d9ab7224:group-75F2F82A6DCC changes role from null to FOLLOWER at term 0 for startAsFollower
2019-09-20 09:26:55,391 [pool-27-thread-1] INFO  impl.RoleInfo (RoleInfo.java:updateAndGet(143)) - 02b93e76-e4c6-4b67-b8a4-c536d9ab7224: start FollowerState
2019-09-20 09:26:55,392 [pool-27-thread-1] INFO  util.JmxRegister (JmxRegister.java:tryRegister(44)) - Successfully registered JMX Bean with object name Ratis:service=RaftServer,group=group-75F2F82A6DCC,id=02b93e76-e4c6-4b67-b8a4-c536d9ab7224
2019-09-20 09:26:55,395 [RatisPipelineUtilsThread] INFO  pipeline.PipelineStateManager (PipelineStateManager.java:addPipeline(56)) - Created pipeline Pipeline[ Id: 6230a021-3d67-42e8-b341-75f2f82a6dcc, Nodes: 02b93e76-e4c6-4b67-b8a4-c536d9ab7224{ip: 192.168.36.99, host: pr-hdds-1569-p5fx8-1226042367, networkLocation: /default-rack, certSerialId: null}, Type:RATIS, Factor:ONE, State:OPEN]
2019-09-20 09:26:55,402 [grpc-default-executor-1] INFO  impl.RaftServerProxy (RaftServerProxy.java:addNew(89)) - 492ed782-6ab3-4ad9-945e-06def6ac7c96: addNew group-CF5B3790042C:[492ed782-6ab3-4ad9-945e-06def6ac7c96:192.168.36.99:32835] returns group-CF5B3790042C:java.util.concurrent.CompletableFuture@4ed66441[Not completed]
2019-09-20 09:26:55,403 [pool-49-thread-1] INFO  impl.RaftServerImpl (RaftServerImpl.java:<init>(93)) - 492ed782-6ab3-4ad9-945e-06def6ac7c96: new RaftServerImpl for group-CF5B3790042C:[492ed782-6ab3-4ad9-945e-06def6ac7c96:192.168.36.99:32835] with ContainerStateMachine:uninitialized
2019-09-20 09:26:55,404 [pool-49-thread-1] INFO  server.RaftServerConfigKeys (ConfUtils.java:logGet(43)) - raft.server.rpc.timeout.min = 5s (custom)
2019-09-20 09:26:55,404 [pool-49-thread-1] INFO  server.RaftServerConfigKeys (ConfUtils.java:logGet(43)) - raft.server.rpc.timeout.max = 5200ms (custom)
2019-09-20 09:26:55,404 [pool-49-thread-1] INFO  server.RaftServerConfigKeys (ConfUtils.java:logGet(43)) - raft.server.rpcslowness.timeout = 10s (custom)
2019-09-20 09:26:55,404 [pool-49-thread-1] INFO  server.RaftServerConfigKeys (ConfUtils.java:logGet(43)) - raft.server.sleep.deviation.threshold = 300 (default)
2019-09-20 09:26:55,404 [pool-49-thread-1] INFO  server.RaftServerConfigKeys (ConfUtils.java:logGet(43)) - raft.server.log.appender.install.snapshot.enabled = false (custom)
2019-09-20 09:26:55,404 [pool-49-thread-1] INFO  impl.RaftServerImpl (ServerState.java:<init>(105)) - 492ed782-6ab3-4ad9-945e-06def6ac7c96:group-CF5B3790042C ConfigurationManager, init=-1: [492ed782-6ab3-4ad9-945e-06def6ac7c96:192.168.36.99:32835], old=null, confs=<EMPTY_MAP>
2019-09-20 09:26:55,405 [pool-49-thread-1] INFO  server.RaftServerConfigKeys (ConfUtils.java:logGet(43)) - raft.server.storage.dir = [/workdir/hadoop-ozone/integration-test/target/test-dir/MiniOzoneClusterImpl-a33d77e5-464b-4d19-8e6b-a171e580bf0e/datanode-2/data/ratis] (custom)
2019-09-20 09:26:55,405 [pool-49-thread-1] INFO  storage.RaftStorageDirectory (RaftStorageDirectory.java:analyzeStorage(246)) - The storage directory /workdir/hadoop-ozone/integration-test/target/test-dir/MiniOzoneClusterImpl-a33d77e5-464b-4d19-8e6b-a171e580bf0e/datanode-2/data/ratis/1a961439-f00d-426b-b5af-cf5b3790042c does not exist. Creating ...
2019-09-20 09:26:55,445 [pool-49-thread-1] INFO  storage.RaftStorageDirectory (RaftStorageDirectory.java:tryLock(328)) - Lock on /workdir/hadoop-ozone/integration-test/target/test-dir/MiniOzoneClusterImpl-a33d77e5-464b-4d19-8e6b-a171e580bf0e/datanode-2/data/ratis/1a961439-f00d-426b-b5af-cf5b3790042c/in_use.lock acquired by nodename 7145@pr-hdds-1569-p5fx8-1226042367
2019-09-20 09:26:55,478 [pool-49-thread-1] INFO  storage.RaftStorage (RaftStorage.java:format(72)) - Storage directory /workdir/hadoop-ozone/integration-test/target/test-dir/MiniOzoneClusterImpl-a33d77e5-464b-4d19-8e6b-a171e580bf0e/datanode-2/data/ratis/1a961439-f00d-426b-b5af-cf5b3790042c has been successfully formatted.
2019-09-20 09:26:55,479 [pool-49-thread-1] INFO  ratis.ContainerStateMachine (ContainerStateMachine.java:loadSnapshot(226)) - group-CF5B3790042C: The snapshot info is null. Setting the last applied indexto:(t:0, i:~)
2019-09-20 09:26:55,479 [pool-49-thread-1] INFO  server.RaftServerConfigKeys (ConfUtils.java:logGet(43)) - raft.server.leader.election.timeout = 10s (custom)
2019-09-20 09:26:55,479 [pool-49-thread-1] INFO  server.RaftServerConfigKeys (ConfUtils.java:logGet(43)) - raft.server.log.use.memory = false (default)
2019-09-20 09:26:55,479 [pool-49-thread-1] INFO  server.RaftServerConfigKeys (ConfUtils.java:logGet(43)) - raft.server.log.purge.gap = 1000000 (custom)
2019-09-20 09:26:55,480 [pool-49-thread-1] INFO  server.RaftServerConfigKeys (ConfUtils.java:logGet(43)) - raft.server.log.appender.buffer.byte-limit = 33554432 (custom)
2019-09-20 09:26:55,480 [pool-49-thread-1] INFO  server.RaftServerConfigKeys (ConfUtils.java:logGet(43)) - raft.server.log.segment.size.max = 1048576 (custom)
2019-09-20 09:26:55,480 [pool-49-thread-1] INFO  server.RaftServerConfigKeys (ConfUtils.java:logGet(43)) - raft.server.log.segment.cache.num.max = 2 (custom)
2019-09-20 09:26:55,480 [pool-49-thread-1] INFO  segmented.SegmentedRaftLogWorker (SegmentedRaftLogWorker.java:<init>(172)) - new 492ed782-6ab3-4ad9-945e-06def6ac7c96-SegmentedRaftLogWorker:Storage Directory /workdir/hadoop-ozone/integration-test/target/test-dir/MiniOzoneClusterImpl-a33d77e5-464b-4d19-8e6b-a171e580bf0e/datanode-2/data/ratis/1a961439-f00d-426b-b5af-cf5b3790042c for RaftStorage:Storage Directory /workdir/hadoop-ozone/integration-test/target/test-dir/MiniOzoneClusterImpl-a33d77e5-464b-4d19-8e6b-a171e580bf0e/datanode-2/data/ratis/1a961439-f00d-426b-b5af-cf5b3790042c
2019-09-20 09:26:55,481 [pool-49-thread-1] INFO  server.RaftServerConfigKeys (ConfUtils.java:logGet(43)) - raft.server.log.queue.byte-limit = 2147483647 (custom)
2019-09-20 09:26:55,481 [pool-49-thread-1] INFO  server.RaftServerConfigKeys (ConfUtils.java:logGet(43)) - raft.server.log.queue.element-limit = 1024 (custom)
2019-09-20 09:26:55,481 [pool-49-thread-1] INFO  server.RaftServerConfigKeys (ConfUtils.java:logGet(43)) - raft.server.log.segment.size.max = 1048576 (custom)
2019-09-20 09:26:55,481 [pool-49-thread-1] INFO  server.RaftServerConfigKeys (ConfUtils.java:logGet(43)) - raft.server.log.preallocated.size = 16384 (custom)
2019-09-20 09:26:55,482 [pool-49-thread-1] INFO  server.RaftServerConfigKeys (ConfUtils.java:logGet(43)) - raft.server.log.write.buffer.size = 33554432 (custom)
2019-09-20 09:26:55,482 [pool-49-thread-1] INFO  server.RaftServerConfigKeys (ConfUtils.java:logGet(43)) - raft.server.log.force.sync.num = 128 (default)
2019-09-20 09:26:55,482 [pool-49-thread-1] INFO  server.RaftServerConfigKeys (ConfUtils.java:logGet(43)) - raft.server.log.statemachine.data.sync = true (default)
2019-09-20 09:26:55,482 [pool-49-thread-1] INFO  server.RaftServerConfigKeys (ConfUtils.java:logGet(43)) - raft.server.log.statemachine.data.sync.timeout = 10s (default)
2019-09-20 09:26:55,483 [pool-49-thread-1] INFO  server.RaftServerConfigKeys (ConfUtils.java:logGet(43)) - raft.server.log.statemachine.data.sync.timeout.retry = -1 (default)
2019-09-20 09:26:55,483 [pool-49-thread-1] INFO  server.RaftServerConfigKeys (ConfUtils.java:logGet(43)) - raft.server.log.statemachine.data.caching.enabled = true (custom)
2019-09-20 09:26:55,483 [pool-49-thread-1] INFO  segmented.SegmentedRaftLogWorker (SegmentedRaftLogWorker.java:lambda$new$0(132)) - 492ed782-6ab3-4ad9-945e-06def6ac7c96-SegmentedRaftLogWorker:Storage Directory /workdir/hadoop-ozone/integration-test/target/test-dir/MiniOzoneClusterImpl-a33d77e5-464b-4d19-8e6b-a171e580bf0e/datanode-2/data/ratis/1a961439-f00d-426b-b5af-cf5b3790042c: flushIndex: setUnconditionally 0 -> -1
2019-09-20 09:26:55,484 [pool-49-thread-1] INFO  server.RaftServerConfigKeys (ConfUtils.java:logGet(43)) - raft.server.snapshot.auto.trigger.enabled = true (custom)
2019-09-20 09:26:55,484 [pool-49-thread-1] INFO  server.RaftServerConfigKeys (ConfUtils.java:logGet(43)) - raft.server.snapshot.auto.trigger.threshold = 10000 (custom)
2019-09-20 09:26:55,484 [pool-49-thread-1] INFO  server.RaftServerConfigKeys (ConfUtils.java:logGet(43)) - raft.server.retrycache.expirytime = 600000ms (custom)
2019-09-20 09:26:55,485 [pool-49-thread-1] INFO  impl.RaftServerImpl (RaftServerImpl.java:start(180)) - 492ed782-6ab3-4ad9-945e-06def6ac7c96: start group-CF5B3790042C
2019-09-20 09:26:55,485 [pool-49-thread-1] INFO  impl.RaftServerImpl (RaftServerImpl.java:setRole(171)) - 492ed782-6ab3-4ad9-945e-06def6ac7c96:group-CF5B3790042C changes role from null to FOLLOWER at term 0 for startAsFollower
2019-09-20 09:26:55,485 [pool-49-thread-1] INFO  impl.RoleInfo (RoleInfo.java:updateAndGet(143)) - 492ed782-6ab3-4ad9-945e-06def6ac7c96: start FollowerState
2019-09-20 09:26:55,486 [pool-49-thread-1] INFO  util.JmxRegister (JmxRegister.java:tryRegister(44)) - Successfully registered JMX Bean with object name Ratis:service=RaftServer,group=group-CF5B3790042C,id=492ed782-6ab3-4ad9-945e-06def6ac7c96
2019-09-20 09:26:55,489 [RatisPipelineUtilsThread] INFO  pipeline.PipelineStateManager (PipelineStateManager.java:addPipeline(56)) - Created pipeline Pipeline[ Id: 1a961439-f00d-426b-b5af-cf5b3790042c, Nodes: 492ed782-6ab3-4ad9-945e-06def6ac7c96{ip: 192.168.36.99, host: pr-hdds-1569-p5fx8-1226042367, networkLocation: /default-rack, certSerialId: null}, Type:RATIS, Factor:ONE, State:OPEN]
2019-09-20 09:26:55,497 [grpc-default-executor-1] INFO  impl.RaftServerProxy (RaftServerProxy.java:addNew(89)) - 871e6485-c22a-483f-9e07-d19e754685be: addNew group-9DAB98898A82:[871e6485-c22a-483f-9e07-d19e754685be:192.168.36.99:41076] returns group-9DAB98898A82:java.util.concurrent.CompletableFuture@6dd12ad4[Not completed]
2019-09-20 09:26:55,498 [pool-71-thread-1] INFO  impl.RaftServerImpl (RaftServerImpl.java:<init>(93)) - 871e6485-c22a-483f-9e07-d19e754685be: new RaftServerImpl for group-9DAB98898A82:[871e6485-c22a-483f-9e07-d19e754685be:192.168.36.99:41076] with ContainerStateMachine:uninitialized
2019-09-20 09:26:55,499 [pool-71-thread-1] INFO  server.RaftServerConfigKeys (ConfUtils.java:logGet(43)) - raft.server.rpc.timeout.min = 5s (custom)
2019-09-20 09:26:55,499 [pool-71-thread-1] INFO  server.RaftServerConfigKeys (ConfUtils.java:logGet(43)) - raft.server.rpc.timeout.max = 5200ms (custom)
2019-09-20 09:26:55,499 [pool-71-thread-1] INFO  server.RaftServerConfigKeys (ConfUtils.java:logGet(43)) - raft.server.rpcslowness.timeout = 10s (custom)
2019-09-20 09:26:55,499 [pool-71-thread-1] INFO  server.RaftServerConfigKeys (ConfUtils.java:logGet(43)) - raft.server.sleep.deviation.threshold = 300 (default)
2019-09-20 09:26:55,499 [pool-71-thread-1] INFO  server.RaftServerConfigKeys (ConfUtils.java:logGet(43)) - raft.server.log.appender.install.snapshot.enabled = false (custom)
2019-09-20 09:26:55,500 [pool-71-thread-1] INFO  impl.RaftServerImpl (ServerState.java:<init>(105)) - 871e6485-c22a-483f-9e07-d19e754685be:group-9DAB98898A82 ConfigurationManager, init=-1: [871e6485-c22a-483f-9e07-d19e754685be:192.168.36.99:41076], old=null, confs=<EMPTY_MAP>
2019-09-20 09:26:55,500 [pool-71-thread-1] INFO  server.RaftServerConfigKeys (ConfUtils.java:logGet(43)) - raft.server.storage.dir = [/workdir/hadoop-ozone/integration-test/target/test-dir/MiniOzoneClusterImpl-a33d77e5-464b-4d19-8e6b-a171e580bf0e/datanode-4/data/ratis] (custom)
2019-09-20 09:26:55,500 [pool-71-thread-1] INFO  storage.RaftStorageDirectory (RaftStorageDirectory.java:analyzeStorage(246)) - The storage directory /workdir/hadoop-ozone/integration-test/target/test-dir/MiniOzoneClusterImpl-a33d77e5-464b-4d19-8e6b-a171e580bf0e/datanode-4/data/ratis/40185839-904f-41b9-9ce0-9dab98898a82 does not exist. Creating ...
2019-09-20 09:26:55,529 [pool-71-thread-1] INFO  storage.RaftStorageDirectory (RaftStorageDirectory.java:tryLock(328)) - Lock on /workdir/hadoop-ozone/integration-test/target/test-dir/MiniOzoneClusterImpl-a33d77e5-464b-4d19-8e6b-a171e580bf0e/datanode-4/data/ratis/40185839-904f-41b9-9ce0-9dab98898a82/in_use.lock acquired by nodename 7145@pr-hdds-1569-p5fx8-1226042367
2019-09-20 09:26:55,546 [pool-71-thread-1] INFO  storage.RaftStorage (RaftStorage.java:format(72)) - Storage directory /workdir/hadoop-ozone/integration-test/target/test-dir/MiniOzoneClusterImpl-a33d77e5-464b-4d19-8e6b-a171e580bf0e/datanode-4/data/ratis/40185839-904f-41b9-9ce0-9dab98898a82 has been successfully formatted.
2019-09-20 09:26:55,546 [pool-71-thread-1] INFO  ratis.ContainerStateMachine (ContainerStateMachine.java:loadSnapshot(226)) - group-9DAB98898A82: The snapshot info is null. Setting the last applied indexto:(t:0, i:~)
2019-09-20 09:26:55,546 [pool-71-thread-1] INFO  server.RaftServerConfigKeys (ConfUtils.java:logGet(43)) - raft.server.leader.election.timeout = 10s (custom)
2019-09-20 09:26:55,546 [pool-71-thread-1] INFO  server.RaftServerConfigKeys (ConfUtils.java:logGet(43)) - raft.server.log.use.memory = false (default)
2019-09-20 09:26:55,547 | INFO  | SCMAudit | user=jenkins1000 | ip=192.168.36.99 | op=SEND_HEARTBEAT {datanodeUUID=dc7f40a9-6782-42c4-abab-c6b1682da047, command=[]} | ret=SUCCESS |  
2019-09-20 09:26:55,547 [pool-71-thread-1] INFO  server.RaftServerConfigKeys (ConfUtils.java:logGet(43)) - raft.server.log.purge.gap = 1000000 (custom)
2019-09-20 09:26:55,547 [pool-71-thread-1] INFO  server.RaftServerConfigKeys (ConfUtils.java:logGet(43)) - raft.server.log.appender.buffer.byte-limit = 33554432 (custom)
2019-09-20 09:26:55,547 [pool-71-thread-1] INFO  server.RaftServerConfigKeys (ConfUtils.java:logGet(43)) - raft.server.log.segment.size.max = 1048576 (custom)
2019-09-20 09:26:55,547 [pool-71-thread-1] INFO  server.RaftServerConfigKeys (ConfUtils.java:logGet(43)) - raft.server.log.segment.cache.num.max = 2 (custom)
2019-09-20 09:26:55,547 [pool-71-thread-1] INFO  segmented.SegmentedRaftLogWorker (SegmentedRaftLogWorker.java:<init>(172)) - new 871e6485-c22a-483f-9e07-d19e754685be-SegmentedRaftLogWorker:Storage Directory /workdir/hadoop-ozone/integration-test/target/test-dir/MiniOzoneClusterImpl-a33d77e5-464b-4d19-8e6b-a171e580bf0e/datanode-4/data/ratis/40185839-904f-41b9-9ce0-9dab98898a82 for RaftStorage:Storage Directory /workdir/hadoop-ozone/integration-test/target/test-dir/MiniOzoneClusterImpl-a33d77e5-464b-4d19-8e6b-a171e580bf0e/datanode-4/data/ratis/40185839-904f-41b9-9ce0-9dab98898a82
2019-09-20 09:26:55,548 [pool-71-thread-1] INFO  server.RaftServerConfigKeys (ConfUtils.java:logGet(43)) - raft.server.log.queue.byte-limit = 2147483647 (custom)
2019-09-20 09:26:55,548 [pool-71-thread-1] INFO  server.RaftServerConfigKeys (ConfUtils.java:logGet(43)) - raft.server.log.queue.element-limit = 1024 (custom)
2019-09-20 09:26:55,548 [pool-71-thread-1] INFO  server.RaftServerConfigKeys (ConfUtils.java:logGet(43)) - raft.server.log.segment.size.max = 1048576 (custom)
2019-09-20 09:26:55,548 [pool-71-thread-1] INFO  server.RaftServerConfigKeys (ConfUtils.java:logGet(43)) - raft.server.log.preallocated.size = 16384 (custom)
2019-09-20 09:26:55,548 [pool-71-thread-1] INFO  server.RaftServerConfigKeys (ConfUtils.java:logGet(43)) - raft.server.log.write.buffer.size = 33554432 (custom)
2019-09-20 09:26:55,549 [pool-71-thread-1] INFO  server.RaftServerConfigKeys (ConfUtils.java:logGet(43)) - raft.server.log.force.sync.num = 128 (default)
2019-09-20 09:26:55,549 [pool-71-thread-1] INFO  server.RaftServerConfigKeys (ConfUtils.java:logGet(43)) - raft.server.log.statemachine.data.sync = true (default)
2019-09-20 09:26:55,549 [pool-71-thread-1] INFO  server.RaftServerConfigKeys (ConfUtils.java:logGet(43)) - raft.server.log.statemachine.data.sync.timeout = 10s (default)
2019-09-20 09:26:55,549 [pool-71-thread-1] INFO  server.RaftServerConfigKeys (ConfUtils.java:logGet(43)) - raft.server.log.statemachine.data.sync.timeout.retry = -1 (default)
2019-09-20 09:26:55,549 [pool-71-thread-1] INFO  server.RaftServerConfigKeys (ConfUtils.java:logGet(43)) - raft.server.log.statemachine.data.caching.enabled = true (custom)
2019-09-20 09:26:55,550 [pool-71-thread-1] INFO  segmented.SegmentedRaftLogWorker (SegmentedRaftLogWorker.java:lambda$new$0(132)) - 871e6485-c22a-483f-9e07-d19e754685be-SegmentedRaftLogWorker:Storage Directory /workdir/hadoop-ozone/integration-test/target/test-dir/MiniOzoneClusterImpl-a33d77e5-464b-4d19-8e6b-a171e580bf0e/datanode-4/data/ratis/40185839-904f-41b9-9ce0-9dab98898a82: flushIndex: setUnconditionally 0 -> -1
2019-09-20 09:26:55,550 [pool-71-thread-1] INFO  server.RaftServerConfigKeys (ConfUtils.java:logGet(43)) - raft.server.snapshot.auto.trigger.enabled = true (custom)
2019-09-20 09:26:55,550 [pool-71-thread-1] INFO  server.RaftServerConfigKeys (ConfUtils.java:logGet(43)) - raft.server.snapshot.auto.trigger.threshold = 10000 (custom)
2019-09-20 09:26:55,551 [pool-71-thread-1] INFO  server.RaftServerConfigKeys (ConfUtils.java:logGet(43)) - raft.server.retrycache.expirytime = 600000ms (custom)
2019-09-20 09:26:55,551 [pool-71-thread-1] INFO  impl.RaftServerImpl (RaftServerImpl.java:start(180)) - 871e6485-c22a-483f-9e07-d19e754685be: start group-9DAB98898A82
2019-09-20 09:26:55,551 [pool-71-thread-1] INFO  impl.RaftServerImpl (RaftServerImpl.java:setRole(171)) - 871e6485-c22a-483f-9e07-d19e754685be:group-9DAB98898A82 changes role from null to FOLLOWER at term 0 for startAsFollower
2019-09-20 09:26:55,551 [pool-71-thread-1] INFO  impl.RoleInfo (RoleInfo.java:updateAndGet(143)) - 871e6485-c22a-483f-9e07-d19e754685be: start FollowerState
2019-09-20 09:26:55,552 [pool-71-thread-1] INFO  util.JmxRegister (JmxRegister.java:tryRegister(44)) - Successfully registered JMX Bean with object name Ratis:service=RaftServer,group=group-9DAB98898A82,id=871e6485-c22a-483f-9e07-d19e754685be
2019-09-20 09:26:55,555 [RatisPipelineUtilsThread] INFO  pipeline.PipelineStateManager (PipelineStateManager.java:addPipeline(56)) - Created pipeline Pipeline[ Id: 40185839-904f-41b9-9ce0-9dab98898a82, Nodes: 871e6485-c22a-483f-9e07-d19e754685be{ip: 192.168.36.99, host: pr-hdds-1569-p5fx8-1226042367, networkLocation: /default-rack, certSerialId: null}, Type:RATIS, Factor:ONE, State:OPEN]
2019-09-20 09:26:55,561 [grpc-default-executor-1] INFO  impl.RaftServerProxy (RaftServerProxy.java:addNew(89)) - 492ed782-6ab3-4ad9-945e-06def6ac7c96: addNew group-D5EA17BD165B:[492ed782-6ab3-4ad9-945e-06def6ac7c96:192.168.36.99:32835] returns group-D5EA17BD165B:java.util.concurrent.CompletableFuture@6db7ef84[Not completed]
2019-09-20 09:26:55,563 [pool-49-thread-1] INFO  impl.RaftServerImpl (RaftServerImpl.java:<init>(93)) - 492ed782-6ab3-4ad9-945e-06def6ac7c96: new RaftServerImpl for group-D5EA17BD165B:[492ed782-6ab3-4ad9-945e-06def6ac7c96:192.168.36.99:32835] with ContainerStateMachine:uninitialized
2019-09-20 09:26:55,563 [pool-49-thread-1] INFO  server.RaftServerConfigKeys (ConfUtils.java:logGet(43)) - raft.server.rpc.timeout.min = 5s (custom)
2019-09-20 09:26:55,563 [pool-49-thread-1] INFO  server.RaftServerConfigKeys (ConfUtils.java:logGet(43)) - raft.server.rpc.timeout.max = 5200ms (custom)
2019-09-20 09:26:55,563 [pool-49-thread-1] INFO  server.RaftServerConfigKeys (ConfUtils.java:logGet(43)) - raft.server.rpcslowness.timeout = 10s (custom)
2019-09-20 09:26:55,564 [pool-49-thread-1] INFO  server.RaftServerConfigKeys (ConfUtils.java:logGet(43)) - raft.server.sleep.deviation.threshold = 300 (default)
2019-09-20 09:26:55,564 [pool-49-thread-1] INFO  server.RaftServerConfigKeys (ConfUtils.java:logGet(43)) - raft.server.log.appender.install.snapshot.enabled = false (custom)
2019-09-20 09:26:55,564 [pool-49-thread-1] INFO  impl.RaftServerImpl (ServerState.java:<init>(105)) - 492ed782-6ab3-4ad9-945e-06def6ac7c96:group-D5EA17BD165B ConfigurationManager, init=-1: [492ed782-6ab3-4ad9-945e-06def6ac7c96:192.168.36.99:32835], old=null, confs=<EMPTY_MAP>
2019-09-20 09:26:55,564 [pool-49-thread-1] INFO  server.RaftServerConfigKeys (ConfUtils.java:logGet(43)) - raft.server.storage.dir = [/workdir/hadoop-ozone/integration-test/target/test-dir/MiniOzoneClusterImpl-a33d77e5-464b-4d19-8e6b-a171e580bf0e/datanode-2/data/ratis] (custom)
2019-09-20 09:26:55,565 [pool-49-thread-1] INFO  storage.RaftStorageDirectory (RaftStorageDirectory.java:analyzeStorage(246)) - The storage directory /workdir/hadoop-ozone/integration-test/target/test-dir/MiniOzoneClusterImpl-a33d77e5-464b-4d19-8e6b-a171e580bf0e/datanode-2/data/ratis/a8fb2c74-ef20-4dde-8c4f-d5ea17bd165b does not exist. Creating ...
2019-09-20 09:26:55,579 [pool-49-thread-1] INFO  storage.RaftStorageDirectory (RaftStorageDirectory.java:tryLock(328)) - Lock on /workdir/hadoop-ozone/integration-test/target/test-dir/MiniOzoneClusterImpl-a33d77e5-464b-4d19-8e6b-a171e580bf0e/datanode-2/data/ratis/a8fb2c74-ef20-4dde-8c4f-d5ea17bd165b/in_use.lock acquired by nodename 7145@pr-hdds-1569-p5fx8-1226042367
2019-09-20 09:26:55,597 [pool-49-thread-1] INFO  storage.RaftStorage (RaftStorage.java:format(72)) - Storage directory /workdir/hadoop-ozone/integration-test/target/test-dir/MiniOzoneClusterImpl-a33d77e5-464b-4d19-8e6b-a171e580bf0e/datanode-2/data/ratis/a8fb2c74-ef20-4dde-8c4f-d5ea17bd165b has been successfully formatted.
2019-09-20 09:26:55,597 [pool-49-thread-1] INFO  ratis.ContainerStateMachine (ContainerStateMachine.java:loadSnapshot(226)) - group-D5EA17BD165B: The snapshot info is null. Setting the last applied indexto:(t:0, i:~)
2019-09-20 09:26:55,598 [pool-49-thread-1] INFO  server.RaftServerConfigKeys (ConfUtils.java:logGet(43)) - raft.server.leader.election.timeout = 10s (custom)
2019-09-20 09:26:55,598 | INFO  | SCMAudit | user=jenkins1000 | ip=192.168.36.99 | op=SEND_HEARTBEAT {datanodeUUID=fd3cd5f9-4f1c-43ea-91b1-b85a1f6c3825, command=[]} | ret=SUCCESS |  
2019-09-20 09:26:55,598 [pool-49-thread-1] INFO  server.RaftServerConfigKeys (ConfUtils.java:logGet(43)) - raft.server.log.use.memory = false (default)
2019-09-20 09:26:55,598 [pool-49-thread-1] INFO  server.RaftServerConfigKeys (ConfUtils.java:logGet(43)) - raft.server.log.purge.gap = 1000000 (custom)
2019-09-20 09:26:55,598 [pool-49-thread-1] INFO  server.RaftServerConfigKeys (ConfUtils.java:logGet(43)) - raft.server.log.appender.buffer.byte-limit = 33554432 (custom)
2019-09-20 09:26:55,598 [pool-49-thread-1] INFO  server.RaftServerConfigKeys (ConfUtils.java:logGet(43)) - raft.server.log.segment.size.max = 1048576 (custom)
2019-09-20 09:26:55,599 [pool-49-thread-1] INFO  server.RaftServerConfigKeys (ConfUtils.java:logGet(43)) - raft.server.log.segment.cache.num.max = 2 (custom)
2019-09-20 09:26:55,599 [pool-49-thread-1] INFO  segmented.SegmentedRaftLogWorker (SegmentedRaftLogWorker.java:<init>(172)) - new 492ed782-6ab3-4ad9-945e-06def6ac7c96-SegmentedRaftLogWorker:Storage Directory /workdir/hadoop-ozone/integration-test/target/test-dir/MiniOzoneClusterImpl-a33d77e5-464b-4d19-8e6b-a171e580bf0e/datanode-2/data/ratis/a8fb2c74-ef20-4dde-8c4f-d5ea17bd165b for RaftStorage:Storage Directory /workdir/hadoop-ozone/integration-test/target/test-dir/MiniOzoneClusterImpl-a33d77e5-464b-4d19-8e6b-a171e580bf0e/datanode-2/data/ratis/a8fb2c74-ef20-4dde-8c4f-d5ea17bd165b
2019-09-20 09:26:55,599 [pool-49-thread-1] INFO  server.RaftServerConfigKeys (ConfUtils.java:logGet(43)) - raft.server.log.queue.byte-limit = 2147483647 (custom)
2019-09-20 09:26:55,599 [pool-49-thread-1] INFO  server.RaftServerConfigKeys (ConfUtils.java:logGet(43)) - raft.server.log.queue.element-limit = 1024 (custom)
2019-09-20 09:26:55,600 [pool-49-thread-1] INFO  server.RaftServerConfigKeys (ConfUtils.java:logGet(43)) - raft.server.log.segment.size.max = 1048576 (custom)
2019-09-20 09:26:55,600 [pool-49-thread-1] INFO  server.RaftServerConfigKeys (ConfUtils.java:logGet(43)) - raft.server.log.preallocated.size = 16384 (custom)
2019-09-20 09:26:55,600 [pool-49-thread-1] INFO  server.RaftServerConfigKeys (ConfUtils.java:logGet(43)) - raft.server.log.write.buffer.size = 33554432 (custom)
2019-09-20 09:26:55,600 [pool-49-thread-1] INFO  server.RaftServerConfigKeys (ConfUtils.java:logGet(43)) - raft.server.log.force.sync.num = 128 (default)
2019-09-20 09:26:55,600 [pool-49-thread-1] INFO  server.RaftServerConfigKeys (ConfUtils.java:logGet(43)) - raft.server.log.statemachine.data.sync = true (default)
2019-09-20 09:26:55,601 [pool-49-thread-1] INFO  server.RaftServerConfigKeys (ConfUtils.java:logGet(43)) - raft.server.log.statemachine.data.sync.timeout = 10s (default)
2019-09-20 09:26:55,601 [pool-49-thread-1] INFO  server.RaftServerConfigKeys (ConfUtils.java:logGet(43)) - raft.server.log.statemachine.data.sync.timeout.retry = -1 (default)
2019-09-20 09:26:55,601 [pool-49-thread-1] INFO  server.RaftServerConfigKeys (ConfUtils.java:logGet(43)) - raft.server.log.statemachine.data.caching.enabled = true (custom)
2019-09-20 09:26:55,602 [pool-49-thread-1] INFO  segmented.SegmentedRaftLogWorker (SegmentedRaftLogWorker.java:lambda$new$0(132)) - 492ed782-6ab3-4ad9-945e-06def6ac7c96-SegmentedRaftLogWorker:Storage Directory /workdir/hadoop-ozone/integration-test/target/test-dir/MiniOzoneClusterImpl-a33d77e5-464b-4d19-8e6b-a171e580bf0e/datanode-2/data/ratis/a8fb2c74-ef20-4dde-8c4f-d5ea17bd165b: flushIndex: setUnconditionally 0 -> -1
2019-09-20 09:26:55,602 [pool-49-thread-1] INFO  server.RaftServerConfigKeys (ConfUtils.java:logGet(43)) - raft.server.snapshot.auto.trigger.enabled = true (custom)
2019-09-20 09:26:55,602 [pool-49-thread-1] INFO  server.RaftServerConfigKeys (ConfUtils.java:logGet(43)) - raft.server.snapshot.auto.trigger.threshold = 10000 (custom)
2019-09-20 09:26:55,603 [pool-49-thread-1] INFO  server.RaftServerConfigKeys (ConfUtils.java:logGet(43)) - raft.server.retrycache.expirytime = 600000ms (custom)
2019-09-20 09:26:55,603 [pool-49-thread-1] INFO  impl.RaftServerImpl (RaftServerImpl.java:start(180)) - 492ed782-6ab3-4ad9-945e-06def6ac7c96: start group-D5EA17BD165B
2019-09-20 09:26:55,603 [pool-49-thread-1] INFO  impl.RaftServerImpl (RaftServerImpl.java:setRole(171)) - 492ed782-6ab3-4ad9-945e-06def6ac7c96:group-D5EA17BD165B changes role from null to FOLLOWER at term 0 for startAsFollower
2019-09-20 09:26:55,603 [pool-49-thread-1] INFO  impl.RoleInfo (RoleInfo.java:updateAndGet(143)) - 492ed782-6ab3-4ad9-945e-06def6ac7c96: start FollowerState
2019-09-20 09:26:55,604 [pool-49-thread-1] INFO  util.JmxRegister (JmxRegister.java:tryRegister(44)) - Successfully registered JMX Bean with object name Ratis:service=RaftServer,group=group-D5EA17BD165B,id=492ed782-6ab3-4ad9-945e-06def6ac7c96
2019-09-20 09:26:55,607 [RatisPipelineUtilsThread] INFO  pipeline.PipelineStateManager (PipelineStateManager.java:addPipeline(56)) - Created pipeline Pipeline[ Id: a8fb2c74-ef20-4dde-8c4f-d5ea17bd165b, Nodes: 492ed782-6ab3-4ad9-945e-06def6ac7c96{ip: 192.168.36.99, host: pr-hdds-1569-p5fx8-1226042367, networkLocation: /default-rack, certSerialId: null}, Type:RATIS, Factor:ONE, State:OPEN]
2019-09-20 09:26:55,613 [grpc-default-executor-1] INFO  impl.RaftServerProxy (RaftServerProxy.java:addNew(89)) - 4840c00f-91d3-4881-a20b-4d0486ca97c0: addNew group-3963726DF247:[4840c00f-91d3-4881-a20b-4d0486ca97c0:192.168.36.99:41473] returns group-3963726DF247:java.util.concurrent.CompletableFuture@792e6ee3[Not completed]
2019-09-20 09:26:55,615 [pool-60-thread-1] INFO  impl.RaftServerImpl (RaftServerImpl.java:<init>(93)) - 4840c00f-91d3-4881-a20b-4d0486ca97c0: new RaftServerImpl for group-3963726DF247:[4840c00f-91d3-4881-a20b-4d0486ca97c0:192.168.36.99:41473] with ContainerStateMachine:uninitialized
2019-09-20 09:26:55,615 [pool-60-thread-1] INFO  server.RaftServerConfigKeys (ConfUtils.java:logGet(43)) - raft.server.rpc.timeout.min = 5s (custom)
2019-09-20 09:26:55,615 [pool-60-thread-1] INFO  server.RaftServerConfigKeys (ConfUtils.java:logGet(43)) - raft.server.rpc.timeout.max = 5200ms (custom)
2019-09-20 09:26:55,615 [pool-60-thread-1] INFO  server.RaftServerConfigKeys (ConfUtils.java:logGet(43)) - raft.server.rpcslowness.timeout = 10s (custom)
2019-09-20 09:26:55,616 [pool-60-thread-1] INFO  server.RaftServerConfigKeys (ConfUtils.java:logGet(43)) - raft.server.sleep.deviation.threshold = 300 (default)
2019-09-20 09:26:55,616 [pool-60-thread-1] INFO  server.RaftServerConfigKeys (ConfUtils.java:logGet(43)) - raft.server.log.appender.install.snapshot.enabled = false (custom)
2019-09-20 09:26:55,616 [pool-60-thread-1] INFO  impl.RaftServerImpl (ServerState.java:<init>(105)) - 4840c00f-91d3-4881-a20b-4d0486ca97c0:group-3963726DF247 ConfigurationManager, init=-1: [4840c00f-91d3-4881-a20b-4d0486ca97c0:192.168.36.99:41473], old=null, confs=<EMPTY_MAP>
2019-09-20 09:26:55,616 [pool-60-thread-1] INFO  server.RaftServerConfigKeys (ConfUtils.java:logGet(43)) - raft.server.storage.dir = [/workdir/hadoop-ozone/integration-test/target/test-dir/MiniOzoneClusterImpl-a33d77e5-464b-4d19-8e6b-a171e580bf0e/datanode-3/data/ratis] (custom)
2019-09-20 09:26:55,617 [pool-60-thread-1] INFO  storage.RaftStorageDirectory (RaftStorageDirectory.java:analyzeStorage(246)) - The storage directory /workdir/hadoop-ozone/integration-test/target/test-dir/MiniOzoneClusterImpl-a33d77e5-464b-4d19-8e6b-a171e580bf0e/datanode-3/data/ratis/e6e92043-5780-4792-8c3b-3963726df247 does not exist. Creating ...
2019-09-20 09:26:55,638 [pool-60-thread-1] INFO  storage.RaftStorageDirectory (RaftStorageDirectory.java:tryLock(328)) - Lock on /workdir/hadoop-ozone/integration-test/target/test-dir/MiniOzoneClusterImpl-a33d77e5-464b-4d19-8e6b-a171e580bf0e/datanode-3/data/ratis/e6e92043-5780-4792-8c3b-3963726df247/in_use.lock acquired by nodename 7145@pr-hdds-1569-p5fx8-1226042367
2019-09-20 09:26:55,656 [pool-60-thread-1] INFO  storage.RaftStorage (RaftStorage.java:format(72)) - Storage directory /workdir/hadoop-ozone/integration-test/target/test-dir/MiniOzoneClusterImpl-a33d77e5-464b-4d19-8e6b-a171e580bf0e/datanode-3/data/ratis/e6e92043-5780-4792-8c3b-3963726df247 has been successfully formatted.
2019-09-20 09:26:55,656 [pool-60-thread-1] INFO  ratis.ContainerStateMachine (ContainerStateMachine.java:loadSnapshot(226)) - group-3963726DF247: The snapshot info is null. Setting the last applied indexto:(t:0, i:~)
2019-09-20 09:26:55,656 [pool-60-thread-1] INFO  server.RaftServerConfigKeys (ConfUtils.java:logGet(43)) - raft.server.leader.election.timeout = 10s (custom)
2019-09-20 09:26:55,656 [pool-60-thread-1] INFO  server.RaftServerConfigKeys (ConfUtils.java:logGet(43)) - raft.server.log.use.memory = false (default)
2019-09-20 09:26:55,657 [pool-60-thread-1] INFO  server.RaftServerConfigKeys (ConfUtils.java:logGet(43)) - raft.server.log.purge.gap = 1000000 (custom)
2019-09-20 09:26:55,657 [pool-60-thread-1] INFO  server.RaftServerConfigKeys (ConfUtils.java:logGet(43)) - raft.server.log.appender.buffer.byte-limit = 33554432 (custom)
2019-09-20 09:26:55,657 [pool-60-thread-1] INFO  server.RaftServerConfigKeys (ConfUtils.java:logGet(43)) - raft.server.log.segment.size.max = 1048576 (custom)
2019-09-20 09:26:55,657 [pool-60-thread-1] INFO  server.RaftServerConfigKeys (ConfUtils.java:logGet(43)) - raft.server.log.segment.cache.num.max = 2 (custom)
2019-09-20 09:26:55,657 [pool-60-thread-1] INFO  segmented.SegmentedRaftLogWorker (SegmentedRaftLogWorker.java:<init>(172)) - new 4840c00f-91d3-4881-a20b-4d0486ca97c0-SegmentedRaftLogWorker:Storage Directory /workdir/hadoop-ozone/integration-test/target/test-dir/MiniOzoneClusterImpl-a33d77e5-464b-4d19-8e6b-a171e580bf0e/datanode-3/data/ratis/e6e92043-5780-4792-8c3b-3963726df247 for RaftStorage:Storage Directory /workdir/hadoop-ozone/integration-test/target/test-dir/MiniOzoneClusterImpl-a33d77e5-464b-4d19-8e6b-a171e580bf0e/datanode-3/data/ratis/e6e92043-5780-4792-8c3b-3963726df247
2019-09-20 09:26:55,657 [pool-60-thread-1] INFO  server.RaftServerConfigKeys (ConfUtils.java:logGet(43)) - raft.server.log.queue.byte-limit = 2147483647 (custom)
2019-09-20 09:26:55,658 [pool-60-thread-1] INFO  server.RaftServerConfigKeys (ConfUtils.java:logGet(43)) - raft.server.log.queue.element-limit = 1024 (custom)
2019-09-20 09:26:55,658 [pool-60-thread-1] INFO  server.RaftServerConfigKeys (ConfUtils.java:logGet(43)) - raft.server.log.segment.size.max = 1048576 (custom)
2019-09-20 09:26:55,658 [pool-60-thread-1] INFO  server.RaftServerConfigKeys (ConfUtils.java:logGet(43)) - raft.server.log.preallocated.size = 16384 (custom)
2019-09-20 09:26:55,658 [pool-60-thread-1] INFO  server.RaftServerConfigKeys (ConfUtils.java:logGet(43)) - raft.server.log.write.buffer.size = 33554432 (custom)
2019-09-20 09:26:55,658 [pool-60-thread-1] INFO  server.RaftServerConfigKeys (ConfUtils.java:logGet(43)) - raft.server.log.force.sync.num = 128 (default)
2019-09-20 09:26:55,658 [pool-60-thread-1] INFO  server.RaftServerConfigKeys (ConfUtils.java:logGet(43)) - raft.server.log.statemachine.data.sync = true (default)
2019-09-20 09:26:55,659 [pool-60-thread-1] INFO  server.RaftServerConfigKeys (ConfUtils.java:logGet(43)) - raft.server.log.statemachine.data.sync.timeout = 10s (default)
2019-09-20 09:26:55,659 [pool-60-thread-1] INFO  server.RaftServerConfigKeys (ConfUtils.java:logGet(43)) - raft.server.log.statemachine.data.sync.timeout.retry = -1 (default)
2019-09-20 09:26:55,659 [pool-60-thread-1] INFO  server.RaftServerConfigKeys (ConfUtils.java:logGet(43)) - raft.server.log.statemachine.data.caching.enabled = true (custom)
2019-09-20 09:26:55,659 [pool-60-thread-1] INFO  segmented.SegmentedRaftLogWorker (SegmentedRaftLogWorker.java:lambda$new$0(132)) - 4840c00f-91d3-4881-a20b-4d0486ca97c0-SegmentedRaftLogWorker:Storage Directory /workdir/hadoop-ozone/integration-test/target/test-dir/MiniOzoneClusterImpl-a33d77e5-464b-4d19-8e6b-a171e580bf0e/datanode-3/data/ratis/e6e92043-5780-4792-8c3b-3963726df247: flushIndex: setUnconditionally 0 -> -1
2019-09-20 09:26:55,660 [pool-60-thread-1] INFO  server.RaftServerConfigKeys (ConfUtils.java:logGet(43)) - raft.server.snapshot.auto.trigger.enabled = true (custom)
2019-09-20 09:26:55,660 [pool-60-thread-1] INFO  server.RaftServerConfigKeys (ConfUtils.java:logGet(43)) - raft.server.snapshot.auto.trigger.threshold = 10000 (custom)
2019-09-20 09:26:55,660 [pool-60-thread-1] INFO  server.RaftServerConfigKeys (ConfUtils.java:logGet(43)) - raft.server.retrycache.expirytime = 600000ms (custom)
2019-09-20 09:26:55,660 [pool-60-thread-1] INFO  impl.RaftServerImpl (RaftServerImpl.java:start(180)) - 4840c00f-91d3-4881-a20b-4d0486ca97c0: start group-3963726DF247
2019-09-20 09:26:55,661 [pool-60-thread-1] INFO  impl.RaftServerImpl (RaftServerImpl.java:setRole(171)) - 4840c00f-91d3-4881-a20b-4d0486ca97c0:group-3963726DF247 changes role from null to FOLLOWER at term 0 for startAsFollower
2019-09-20 09:26:55,661 [pool-60-thread-1] INFO  impl.RoleInfo (RoleInfo.java:updateAndGet(143)) - 4840c00f-91d3-4881-a20b-4d0486ca97c0: start FollowerState
2019-09-20 09:26:55,661 [pool-60-thread-1] INFO  util.JmxRegister (JmxRegister.java:tryRegister(44)) - Successfully registered JMX Bean with object name Ratis:service=RaftServer,group=group-3963726DF247,id=4840c00f-91d3-4881-a20b-4d0486ca97c0
2019-09-20 09:26:55,664 [RatisPipelineUtilsThread] INFO  pipeline.PipelineStateManager (PipelineStateManager.java:addPipeline(56)) - Created pipeline Pipeline[ Id: e6e92043-5780-4792-8c3b-3963726df247, Nodes: 4840c00f-91d3-4881-a20b-4d0486ca97c0{ip: 192.168.36.99, host: pr-hdds-1569-p5fx8-1226042367, networkLocation: /default-rack, certSerialId: null}, Type:RATIS, Factor:ONE, State:OPEN]
2019-09-20 09:26:55,670 [grpc-default-executor-1] INFO  impl.RaftServerProxy (RaftServerProxy.java:addNew(89)) - 02b93e76-e4c6-4b67-b8a4-c536d9ab7224: addNew group-FB6BBD9681CA:[02b93e76-e4c6-4b67-b8a4-c536d9ab7224:192.168.36.99:39343] returns group-FB6BBD9681CA:java.util.concurrent.CompletableFuture@48c7607d[Not completed]
2019-09-20 09:26:55,672 [pool-27-thread-1] INFO  impl.RaftServerImpl (RaftServerImpl.java:<init>(93)) - 02b93e76-e4c6-4b67-b8a4-c536d9ab7224: new RaftServerImpl for group-FB6BBD9681CA:[02b93e76-e4c6-4b67-b8a4-c536d9ab7224:192.168.36.99:39343] with ContainerStateMachine:uninitialized
2019-09-20 09:26:55,672 [pool-27-thread-1] INFO  server.RaftServerConfigKeys (ConfUtils.java:logGet(43)) - raft.server.rpc.timeout.min = 5s (custom)
2019-09-20 09:26:55,672 [pool-27-thread-1] INFO  server.RaftServerConfigKeys (ConfUtils.java:logGet(43)) - raft.server.rpc.timeout.max = 5200ms (custom)
2019-09-20 09:26:55,672 [pool-27-thread-1] INFO  server.RaftServerConfigKeys (ConfUtils.java:logGet(43)) - raft.server.rpcslowness.timeout = 10s (custom)
2019-09-20 09:26:55,673 [pool-27-thread-1] INFO  server.RaftServerConfigKeys (ConfUtils.java:logGet(43)) - raft.server.sleep.deviation.threshold = 300 (default)
2019-09-20 09:26:55,673 [pool-27-thread-1] INFO  server.RaftServerConfigKeys (ConfUtils.java:logGet(43)) - raft.server.log.appender.install.snapshot.enabled = false (custom)
2019-09-20 09:26:55,673 [pool-27-thread-1] INFO  impl.RaftServerImpl (ServerState.java:<init>(105)) - 02b93e76-e4c6-4b67-b8a4-c536d9ab7224:group-FB6BBD9681CA ConfigurationManager, init=-1: [02b93e76-e4c6-4b67-b8a4-c536d9ab7224:192.168.36.99:39343], old=null, confs=<EMPTY_MAP>
2019-09-20 09:26:55,673 [pool-27-thread-1] INFO  server.RaftServerConfigKeys (ConfUtils.java:logGet(43)) - raft.server.storage.dir = [/workdir/hadoop-ozone/integration-test/target/test-dir/MiniOzoneClusterImpl-a33d77e5-464b-4d19-8e6b-a171e580bf0e/datanode-0/data/ratis] (custom)
2019-09-20 09:26:55,674 [pool-27-thread-1] INFO  storage.RaftStorageDirectory (RaftStorageDirectory.java:analyzeStorage(246)) - The storage directory /workdir/hadoop-ozone/integration-test/target/test-dir/MiniOzoneClusterImpl-a33d77e5-464b-4d19-8e6b-a171e580bf0e/datanode-0/data/ratis/17fba8c4-5a69-4798-8fb0-fb6bbd9681ca does not exist. Creating ...
2019-09-20 09:26:55,714 [pool-27-thread-1] INFO  storage.RaftStorageDirectory (RaftStorageDirectory.java:tryLock(328)) - Lock on /workdir/hadoop-ozone/integration-test/target/test-dir/MiniOzoneClusterImpl-a33d77e5-464b-4d19-8e6b-a171e580bf0e/datanode-0/data/ratis/17fba8c4-5a69-4798-8fb0-fb6bbd9681ca/in_use.lock acquired by nodename 7145@pr-hdds-1569-p5fx8-1226042367
2019-09-20 09:26:55,740 [pool-27-thread-1] INFO  storage.RaftStorage (RaftStorage.java:format(72)) - Storage directory /workdir/hadoop-ozone/integration-test/target/test-dir/MiniOzoneClusterImpl-a33d77e5-464b-4d19-8e6b-a171e580bf0e/datanode-0/data/ratis/17fba8c4-5a69-4798-8fb0-fb6bbd9681ca has been successfully formatted.
2019-09-20 09:26:55,740 [pool-27-thread-1] INFO  ratis.ContainerStateMachine (ContainerStateMachine.java:loadSnapshot(226)) - group-FB6BBD9681CA: The snapshot info is null. Setting the last applied indexto:(t:0, i:~)
2019-09-20 09:26:55,740 [pool-27-thread-1] INFO  server.RaftServerConfigKeys (ConfUtils.java:logGet(43)) - raft.server.leader.election.timeout = 10s (custom)
2019-09-20 09:26:55,740 [pool-27-thread-1] INFO  server.RaftServerConfigKeys (ConfUtils.java:logGet(43)) - raft.server.log.use.memory = false (default)
2019-09-20 09:26:55,741 [pool-27-thread-1] INFO  server.RaftServerConfigKeys (ConfUtils.java:logGet(43)) - raft.server.log.purge.gap = 1000000 (custom)
2019-09-20 09:26:55,741 [pool-27-thread-1] INFO  server.RaftServerConfigKeys (ConfUtils.java:logGet(43)) - raft.server.log.appender.buffer.byte-limit = 33554432 (custom)
2019-09-20 09:26:55,741 [pool-27-thread-1] INFO  server.RaftServerConfigKeys (ConfUtils.java:logGet(43)) - raft.server.log.segment.size.max = 1048576 (custom)
2019-09-20 09:26:55,741 [pool-27-thread-1] INFO  server.RaftServerConfigKeys (ConfUtils.java:logGet(43)) - raft.server.log.segment.cache.num.max = 2 (custom)
2019-09-20 09:26:55,741 [pool-27-thread-1] INFO  segmented.SegmentedRaftLogWorker (SegmentedRaftLogWorker.java:<init>(172)) - new 02b93e76-e4c6-4b67-b8a4-c536d9ab7224-SegmentedRaftLogWorker:Storage Directory /workdir/hadoop-ozone/integration-test/target/test-dir/MiniOzoneClusterImpl-a33d77e5-464b-4d19-8e6b-a171e580bf0e/datanode-0/data/ratis/17fba8c4-5a69-4798-8fb0-fb6bbd9681ca for RaftStorage:Storage Directory /workdir/hadoop-ozone/integration-test/target/test-dir/MiniOzoneClusterImpl-a33d77e5-464b-4d19-8e6b-a171e580bf0e/datanode-0/data/ratis/17fba8c4-5a69-4798-8fb0-fb6bbd9681ca
2019-09-20 09:26:55,742 [pool-27-thread-1] INFO  server.RaftServerConfigKeys (ConfUtils.java:logGet(43)) - raft.server.log.queue.byte-limit = 2147483647 (custom)
2019-09-20 09:26:55,742 [pool-27-thread-1] INFO  server.RaftServerConfigKeys (ConfUtils.java:logGet(43)) - raft.server.log.queue.element-limit = 1024 (custom)
2019-09-20 09:26:55,742 [pool-27-thread-1] INFO  server.RaftServerConfigKeys (ConfUtils.java:logGet(43)) - raft.server.log.segment.size.max = 1048576 (custom)
2019-09-20 09:26:55,742 [pool-27-thread-1] INFO  server.RaftServerConfigKeys (ConfUtils.java:logGet(43)) - raft.server.log.preallocated.size = 16384 (custom)
2019-09-20 09:26:55,742 [pool-27-thread-1] INFO  server.RaftServerConfigKeys (ConfUtils.java:logGet(43)) - raft.server.log.write.buffer.size = 33554432 (custom)
2019-09-20 09:26:55,742 [pool-27-thread-1] INFO  server.RaftServerConfigKeys (ConfUtils.java:logGet(43)) - raft.server.log.force.sync.num = 128 (default)
2019-09-20 09:26:55,743 [pool-27-thread-1] INFO  server.RaftServerConfigKeys (ConfUtils.java:logGet(43)) - raft.server.log.statemachine.data.sync = true (default)
2019-09-20 09:26:55,743 [pool-27-thread-1] INFO  server.RaftServerConfigKeys (ConfUtils.java:logGet(43)) - raft.server.log.statemachine.data.sync.timeout = 10s (default)
2019-09-20 09:26:55,743 [pool-27-thread-1] INFO  server.RaftServerConfigKeys (ConfUtils.java:logGet(43)) - raft.server.log.statemachine.data.sync.timeout.retry = -1 (default)
2019-09-20 09:26:55,743 [pool-27-thread-1] INFO  server.RaftServerConfigKeys (ConfUtils.java:logGet(43)) - raft.server.log.statemachine.data.caching.enabled = true (custom)
2019-09-20 09:26:55,744 [pool-27-thread-1] INFO  segmented.SegmentedRaftLogWorker (SegmentedRaftLogWorker.java:lambda$new$0(132)) - 02b93e76-e4c6-4b67-b8a4-c536d9ab7224-SegmentedRaftLogWorker:Storage Directory /workdir/hadoop-ozone/integration-test/target/test-dir/MiniOzoneClusterImpl-a33d77e5-464b-4d19-8e6b-a171e580bf0e/datanode-0/data/ratis/17fba8c4-5a69-4798-8fb0-fb6bbd9681ca: flushIndex: setUnconditionally 0 -> -1
2019-09-20 09:26:55,744 [pool-27-thread-1] INFO  server.RaftServerConfigKeys (ConfUtils.java:logGet(43)) - raft.server.snapshot.auto.trigger.enabled = true (custom)
2019-09-20 09:26:55,744 [pool-27-thread-1] INFO  server.RaftServerConfigKeys (ConfUtils.java:logGet(43)) - raft.server.snapshot.auto.trigger.threshold = 10000 (custom)
2019-09-20 09:26:55,744 [pool-27-thread-1] INFO  server.RaftServerConfigKeys (ConfUtils.java:logGet(43)) - raft.server.retrycache.expirytime = 600000ms (custom)
2019-09-20 09:26:55,745 [pool-27-thread-1] INFO  impl.RaftServerImpl (RaftServerImpl.java:start(180)) - 02b93e76-e4c6-4b67-b8a4-c536d9ab7224: start group-FB6BBD9681CA
2019-09-20 09:26:55,745 [pool-27-thread-1] INFO  impl.RaftServerImpl (RaftServerImpl.java:setRole(171)) - 02b93e76-e4c6-4b67-b8a4-c536d9ab7224:group-FB6BBD9681CA changes role from null to FOLLOWER at term 0 for startAsFollower
2019-09-20 09:26:55,745 [pool-27-thread-1] INFO  impl.RoleInfo (RoleInfo.java:updateAndGet(143)) - 02b93e76-e4c6-4b67-b8a4-c536d9ab7224: start FollowerState
2019-09-20 09:26:55,746 [pool-27-thread-1] INFO  util.JmxRegister (JmxRegister.java:tryRegister(44)) - Successfully registered JMX Bean with object name Ratis:service=RaftServer,group=group-FB6BBD9681CA,id=02b93e76-e4c6-4b67-b8a4-c536d9ab7224
2019-09-20 09:26:55,749 [RatisPipelineUtilsThread] INFO  pipeline.PipelineStateManager (PipelineStateManager.java:addPipeline(56)) - Created pipeline Pipeline[ Id: 17fba8c4-5a69-4798-8fb0-fb6bbd9681ca, Nodes: 02b93e76-e4c6-4b67-b8a4-c536d9ab7224{ip: 192.168.36.99, host: pr-hdds-1569-p5fx8-1226042367, networkLocation: /default-rack, certSerialId: null}, Type:RATIS, Factor:ONE, State:OPEN]
2019-09-20 09:26:55,756 [grpc-default-executor-1] INFO  impl.RaftServerProxy (RaftServerProxy.java:addNew(89)) - 492ed782-6ab3-4ad9-945e-06def6ac7c96: addNew group-FEC2F50B1B58:[492ed782-6ab3-4ad9-945e-06def6ac7c96:192.168.36.99:32835] returns group-FEC2F50B1B58:java.util.concurrent.CompletableFuture@34af4ceb[Not completed]
2019-09-20 09:26:55,757 [pool-49-thread-1] INFO  impl.RaftServerImpl (RaftServerImpl.java:<init>(93)) - 492ed782-6ab3-4ad9-945e-06def6ac7c96: new RaftServerImpl for group-FEC2F50B1B58:[492ed782-6ab3-4ad9-945e-06def6ac7c96:192.168.36.99:32835] with ContainerStateMachine:uninitialized
2019-09-20 09:26:55,758 [pool-49-thread-1] INFO  server.RaftServerConfigKeys (ConfUtils.java:logGet(43)) - raft.server.rpc.timeout.min = 5s (custom)
2019-09-20 09:26:55,758 [pool-49-thread-1] INFO  server.RaftServerConfigKeys (ConfUtils.java:logGet(43)) - raft.server.rpc.timeout.max = 5200ms (custom)
2019-09-20 09:26:55,758 [pool-49-thread-1] INFO  server.RaftServerConfigKeys (ConfUtils.java:logGet(43)) - raft.server.rpcslowness.timeout = 10s (custom)
2019-09-20 09:26:55,758 [pool-49-thread-1] INFO  server.RaftServerConfigKeys (ConfUtils.java:logGet(43)) - raft.server.sleep.deviation.threshold = 300 (default)
2019-09-20 09:26:55,758 [pool-49-thread-1] INFO  server.RaftServerConfigKeys (ConfUtils.java:logGet(43)) - raft.server.log.appender.install.snapshot.enabled = false (custom)
2019-09-20 09:26:55,758 [pool-49-thread-1] INFO  impl.RaftServerImpl (ServerState.java:<init>(105)) - 492ed782-6ab3-4ad9-945e-06def6ac7c96:group-FEC2F50B1B58 ConfigurationManager, init=-1: [492ed782-6ab3-4ad9-945e-06def6ac7c96:192.168.36.99:32835], old=null, confs=<EMPTY_MAP>
2019-09-20 09:26:55,759 [pool-49-thread-1] INFO  server.RaftServerConfigKeys (ConfUtils.java:logGet(43)) - raft.server.storage.dir = [/workdir/hadoop-ozone/integration-test/target/test-dir/MiniOzoneClusterImpl-a33d77e5-464b-4d19-8e6b-a171e580bf0e/datanode-2/data/ratis] (custom)
2019-09-20 09:26:55,759 [pool-49-thread-1] INFO  storage.RaftStorageDirectory (RaftStorageDirectory.java:analyzeStorage(246)) - The storage directory /workdir/hadoop-ozone/integration-test/target/test-dir/MiniOzoneClusterImpl-a33d77e5-464b-4d19-8e6b-a171e580bf0e/datanode-2/data/ratis/e38a33d1-2b66-42f3-997c-fec2f50b1b58 does not exist. Creating ...
2019-09-20 09:26:55,787 [pool-49-thread-1] INFO  storage.RaftStorageDirectory (RaftStorageDirectory.java:tryLock(328)) - Lock on /workdir/hadoop-ozone/integration-test/target/test-dir/MiniOzoneClusterImpl-a33d77e5-464b-4d19-8e6b-a171e580bf0e/datanode-2/data/ratis/e38a33d1-2b66-42f3-997c-fec2f50b1b58/in_use.lock acquired by nodename 7145@pr-hdds-1569-p5fx8-1226042367
2019-09-20 09:26:55,807 [pool-49-thread-1] INFO  storage.RaftStorage (RaftStorage.java:format(72)) - Storage directory /workdir/hadoop-ozone/integration-test/target/test-dir/MiniOzoneClusterImpl-a33d77e5-464b-4d19-8e6b-a171e580bf0e/datanode-2/data/ratis/e38a33d1-2b66-42f3-997c-fec2f50b1b58 has been successfully formatted.
2019-09-20 09:26:55,807 [pool-49-thread-1] INFO  ratis.ContainerStateMachine (ContainerStateMachine.java:loadSnapshot(226)) - group-FEC2F50B1B58: The snapshot info is null. Setting the last applied indexto:(t:0, i:~)
2019-09-20 09:26:55,808 [pool-49-thread-1] INFO  server.RaftServerConfigKeys (ConfUtils.java:logGet(43)) - raft.server.leader.election.timeout = 10s (custom)
2019-09-20 09:26:55,808 [pool-49-thread-1] INFO  server.RaftServerConfigKeys (ConfUtils.java:logGet(43)) - raft.server.log.use.memory = false (default)
2019-09-20 09:26:55,808 [pool-49-thread-1] INFO  server.RaftServerConfigKeys (ConfUtils.java:logGet(43)) - raft.server.log.purge.gap = 1000000 (custom)
2019-09-20 09:26:55,808 [pool-49-thread-1] INFO  server.RaftServerConfigKeys (ConfUtils.java:logGet(43)) - raft.server.log.appender.buffer.byte-limit = 33554432 (custom)
2019-09-20 09:26:55,808 [pool-49-thread-1] INFO  server.RaftServerConfigKeys (ConfUtils.java:logGet(43)) - raft.server.log.segment.size.max = 1048576 (custom)
2019-09-20 09:26:55,808 [pool-49-thread-1] INFO  server.RaftServerConfigKeys (ConfUtils.java:logGet(43)) - raft.server.log.segment.cache.num.max = 2 (custom)
2019-09-20 09:26:55,809 [pool-49-thread-1] INFO  segmented.SegmentedRaftLogWorker (SegmentedRaftLogWorker.java:<init>(172)) - new 492ed782-6ab3-4ad9-945e-06def6ac7c96-SegmentedRaftLogWorker:Storage Directory /workdir/hadoop-ozone/integration-test/target/test-dir/MiniOzoneClusterImpl-a33d77e5-464b-4d19-8e6b-a171e580bf0e/datanode-2/data/ratis/e38a33d1-2b66-42f3-997c-fec2f50b1b58 for RaftStorage:Storage Directory /workdir/hadoop-ozone/integration-test/target/test-dir/MiniOzoneClusterImpl-a33d77e5-464b-4d19-8e6b-a171e580bf0e/datanode-2/data/ratis/e38a33d1-2b66-42f3-997c-fec2f50b1b58
2019-09-20 09:26:55,809 [pool-49-thread-1] INFO  server.RaftServerConfigKeys (ConfUtils.java:logGet(43)) - raft.server.log.queue.byte-limit = 2147483647 (custom)
2019-09-20 09:26:55,809 [pool-49-thread-1] INFO  server.RaftServerConfigKeys (ConfUtils.java:logGet(43)) - raft.server.log.queue.element-limit = 1024 (custom)
2019-09-20 09:26:55,809 [pool-49-thread-1] INFO  server.RaftServerConfigKeys (ConfUtils.java:logGet(43)) - raft.server.log.segment.size.max = 1048576 (custom)
2019-09-20 09:26:55,809 [pool-49-thread-1] INFO  server.RaftServerConfigKeys (ConfUtils.java:logGet(43)) - raft.server.log.preallocated.size = 16384 (custom)
2019-09-20 09:26:55,809 [pool-49-thread-1] INFO  server.RaftServerConfigKeys (ConfUtils.java:logGet(43)) - raft.server.log.write.buffer.size = 33554432 (custom)
2019-09-20 09:26:55,809 [pool-49-thread-1] INFO  server.RaftServerConfigKeys (ConfUtils.java:logGet(43)) - raft.server.log.force.sync.num = 128 (default)
2019-09-20 09:26:55,810 [pool-49-thread-1] INFO  server.RaftServerConfigKeys (ConfUtils.java:logGet(43)) - raft.server.log.statemachine.data.sync = true (default)
2019-09-20 09:26:55,810 [pool-49-thread-1] INFO  server.RaftServerConfigKeys (ConfUtils.java:logGet(43)) - raft.server.log.statemachine.data.sync.timeout = 10s (default)
2019-09-20 09:26:55,810 [pool-49-thread-1] INFO  server.RaftServerConfigKeys (ConfUtils.java:logGet(43)) - raft.server.log.statemachine.data.sync.timeout.retry = -1 (default)
2019-09-20 09:26:55,810 [pool-49-thread-1] INFO  server.RaftServerConfigKeys (ConfUtils.java:logGet(43)) - raft.server.log.statemachine.data.caching.enabled = true (custom)
2019-09-20 09:26:55,811 [pool-49-thread-1] INFO  segmented.SegmentedRaftLogWorker (SegmentedRaftLogWorker.java:lambda$new$0(132)) - 492ed782-6ab3-4ad9-945e-06def6ac7c96-SegmentedRaftLogWorker:Storage Directory /workdir/hadoop-ozone/integration-test/target/test-dir/MiniOzoneClusterImpl-a33d77e5-464b-4d19-8e6b-a171e580bf0e/datanode-2/data/ratis/e38a33d1-2b66-42f3-997c-fec2f50b1b58: flushIndex: setUnconditionally 0 -> -1
2019-09-20 09:26:55,811 [pool-49-thread-1] INFO  server.RaftServerConfigKeys (ConfUtils.java:logGet(43)) - raft.server.snapshot.auto.trigger.enabled = true (custom)
2019-09-20 09:26:55,811 [pool-49-thread-1] INFO  server.RaftServerConfigKeys (ConfUtils.java:logGet(43)) - raft.server.snapshot.auto.trigger.threshold = 10000 (custom)
2019-09-20 09:26:55,811 [pool-49-thread-1] INFO  server.RaftServerConfigKeys (ConfUtils.java:logGet(43)) - raft.server.retrycache.expirytime = 600000ms (custom)
2019-09-20 09:26:55,811 [pool-49-thread-1] INFO  impl.RaftServerImpl (RaftServerImpl.java:start(180)) - 492ed782-6ab3-4ad9-945e-06def6ac7c96: start group-FEC2F50B1B58
2019-09-20 09:26:55,812 [pool-49-thread-1] INFO  impl.RaftServerImpl (RaftServerImpl.java:setRole(171)) - 492ed782-6ab3-4ad9-945e-06def6ac7c96:group-FEC2F50B1B58 changes role from null to FOLLOWER at term 0 for startAsFollower
2019-09-20 09:26:55,812 [pool-49-thread-1] INFO  impl.RoleInfo (RoleInfo.java:updateAndGet(143)) - 492ed782-6ab3-4ad9-945e-06def6ac7c96: start FollowerState
2019-09-20 09:26:55,812 [pool-49-thread-1] INFO  util.JmxRegister (JmxRegister.java:tryRegister(44)) - Successfully registered JMX Bean with object name Ratis:service=RaftServer,group=group-FEC2F50B1B58,id=492ed782-6ab3-4ad9-945e-06def6ac7c96
2019-09-20 09:26:55,816 [RatisPipelineUtilsThread] INFO  pipeline.PipelineStateManager (PipelineStateManager.java:addPipeline(56)) - Created pipeline Pipeline[ Id: e38a33d1-2b66-42f3-997c-fec2f50b1b58, Nodes: 492ed782-6ab3-4ad9-945e-06def6ac7c96{ip: 192.168.36.99, host: pr-hdds-1569-p5fx8-1226042367, networkLocation: /default-rack, certSerialId: null}, Type:RATIS, Factor:ONE, State:OPEN]
2019-09-20 09:26:55,822 [grpc-default-executor-1] INFO  impl.RaftServerProxy (RaftServerProxy.java:addNew(89)) - fd3cd5f9-4f1c-43ea-91b1-b85a1f6c3825: addNew group-9254AB67BF05:[fd3cd5f9-4f1c-43ea-91b1-b85a1f6c3825:192.168.36.99:39114] returns group-9254AB67BF05:java.util.concurrent.CompletableFuture@2e94f7dd[Not completed]
2019-09-20 09:26:55,823 [pool-38-thread-1] INFO  impl.RaftServerImpl (RaftServerImpl.java:<init>(93)) - fd3cd5f9-4f1c-43ea-91b1-b85a1f6c3825: new RaftServerImpl for group-9254AB67BF05:[fd3cd5f9-4f1c-43ea-91b1-b85a1f6c3825:192.168.36.99:39114] with ContainerStateMachine:uninitialized
2019-09-20 09:26:55,824 [pool-38-thread-1] INFO  server.RaftServerConfigKeys (ConfUtils.java:logGet(43)) - raft.server.rpc.timeout.min = 5s (custom)
2019-09-20 09:26:55,824 [pool-38-thread-1] INFO  server.RaftServerConfigKeys (ConfUtils.java:logGet(43)) - raft.server.rpc.timeout.max = 5200ms (custom)
2019-09-20 09:26:55,824 [pool-38-thread-1] INFO  server.RaftServerConfigKeys (ConfUtils.java:logGet(43)) - raft.server.rpcslowness.timeout = 10s (custom)
2019-09-20 09:26:55,824 [pool-38-thread-1] INFO  server.RaftServerConfigKeys (ConfUtils.java:logGet(43)) - raft.server.sleep.deviation.threshold = 300 (default)
2019-09-20 09:26:55,824 [pool-38-thread-1] INFO  server.RaftServerConfigKeys (ConfUtils.java:logGet(43)) - raft.server.log.appender.install.snapshot.enabled = false (custom)
2019-09-20 09:26:55,824 [pool-38-thread-1] INFO  impl.RaftServerImpl (ServerState.java:<init>(105)) - fd3cd5f9-4f1c-43ea-91b1-b85a1f6c3825:group-9254AB67BF05 ConfigurationManager, init=-1: [fd3cd5f9-4f1c-43ea-91b1-b85a1f6c3825:192.168.36.99:39114], old=null, confs=<EMPTY_MAP>
2019-09-20 09:26:55,825 [pool-38-thread-1] INFO  server.RaftServerConfigKeys (ConfUtils.java:logGet(43)) - raft.server.storage.dir = [/workdir/hadoop-ozone/integration-test/target/test-dir/MiniOzoneClusterImpl-a33d77e5-464b-4d19-8e6b-a171e580bf0e/datanode-1/data/ratis] (custom)
2019-09-20 09:26:55,825 [pool-38-thread-1] INFO  storage.RaftStorageDirectory (RaftStorageDirectory.java:analyzeStorage(246)) - The storage directory /workdir/hadoop-ozone/integration-test/target/test-dir/MiniOzoneClusterImpl-a33d77e5-464b-4d19-8e6b-a171e580bf0e/datanode-1/data/ratis/fad28e52-3e87-4ab8-a8a6-9254ab67bf05 does not exist. Creating ...
2019-09-20 09:26:55,841 [pool-38-thread-1] INFO  storage.RaftStorageDirectory (RaftStorageDirectory.java:tryLock(328)) - Lock on /workdir/hadoop-ozone/integration-test/target/test-dir/MiniOzoneClusterImpl-a33d77e5-464b-4d19-8e6b-a171e580bf0e/datanode-1/data/ratis/fad28e52-3e87-4ab8-a8a6-9254ab67bf05/in_use.lock acquired by nodename 7145@pr-hdds-1569-p5fx8-1226042367
2019-09-20 09:26:55,866 [pool-38-thread-1] INFO  storage.RaftStorage (RaftStorage.java:format(72)) - Storage directory /workdir/hadoop-ozone/integration-test/target/test-dir/MiniOzoneClusterImpl-a33d77e5-464b-4d19-8e6b-a171e580bf0e/datanode-1/data/ratis/fad28e52-3e87-4ab8-a8a6-9254ab67bf05 has been successfully formatted.
2019-09-20 09:26:55,867 [pool-38-thread-1] INFO  ratis.ContainerStateMachine (ContainerStateMachine.java:loadSnapshot(226)) - group-9254AB67BF05: The snapshot info is null. Setting the last applied indexto:(t:0, i:~)
2019-09-20 09:26:55,867 [pool-38-thread-1] INFO  server.RaftServerConfigKeys (ConfUtils.java:logGet(43)) - raft.server.leader.election.timeout = 10s (custom)
2019-09-20 09:26:55,867 [pool-38-thread-1] INFO  server.RaftServerConfigKeys (ConfUtils.java:logGet(43)) - raft.server.log.use.memory = false (default)
2019-09-20 09:26:55,867 [pool-38-thread-1] INFO  server.RaftServerConfigKeys (ConfUtils.java:logGet(43)) - raft.server.log.purge.gap = 1000000 (custom)
2019-09-20 09:26:55,867 [pool-38-thread-1] INFO  server.RaftServerConfigKeys (ConfUtils.java:logGet(43)) - raft.server.log.appender.buffer.byte-limit = 33554432 (custom)
2019-09-20 09:26:55,867 [pool-38-thread-1] INFO  server.RaftServerConfigKeys (ConfUtils.java:logGet(43)) - raft.server.log.segment.size.max = 1048576 (custom)
2019-09-20 09:26:55,868 [pool-38-thread-1] INFO  server.RaftServerConfigKeys (ConfUtils.java:logGet(43)) - raft.server.log.segment.cache.num.max = 2 (custom)
2019-09-20 09:26:55,868 [pool-38-thread-1] INFO  segmented.SegmentedRaftLogWorker (SegmentedRaftLogWorker.java:<init>(172)) - new fd3cd5f9-4f1c-43ea-91b1-b85a1f6c3825-SegmentedRaftLogWorker:Storage Directory /workdir/hadoop-ozone/integration-test/target/test-dir/MiniOzoneClusterImpl-a33d77e5-464b-4d19-8e6b-a171e580bf0e/datanode-1/data/ratis/fad28e52-3e87-4ab8-a8a6-9254ab67bf05 for RaftStorage:Storage Directory /workdir/hadoop-ozone/integration-test/target/test-dir/MiniOzoneClusterImpl-a33d77e5-464b-4d19-8e6b-a171e580bf0e/datanode-1/data/ratis/fad28e52-3e87-4ab8-a8a6-9254ab67bf05
2019-09-20 09:26:55,868 [pool-38-thread-1] INFO  server.RaftServerConfigKeys (ConfUtils.java:logGet(43)) - raft.server.log.queue.byte-limit = 2147483647 (custom)
2019-09-20 09:26:55,868 [pool-38-thread-1] INFO  server.RaftServerConfigKeys (ConfUtils.java:logGet(43)) - raft.server.log.queue.element-limit = 1024 (custom)
2019-09-20 09:26:55,868 [pool-38-thread-1] INFO  server.RaftServerConfigKeys (ConfUtils.java:logGet(43)) - raft.server.log.segment.size.max = 1048576 (custom)
2019-09-20 09:26:55,868 [pool-38-thread-1] INFO  server.RaftServerConfigKeys (ConfUtils.java:logGet(43)) - raft.server.log.preallocated.size = 16384 (custom)
2019-09-20 09:26:55,868 [pool-38-thread-1] INFO  server.RaftServerConfigKeys (ConfUtils.java:logGet(43)) - raft.server.log.write.buffer.size = 33554432 (custom)
2019-09-20 09:26:55,869 [pool-38-thread-1] INFO  server.RaftServerConfigKeys (ConfUtils.java:logGet(43)) - raft.server.log.force.sync.num = 128 (default)
2019-09-20 09:26:55,869 [pool-38-thread-1] INFO  server.RaftServerConfigKeys (ConfUtils.java:logGet(43)) - raft.server.log.statemachine.data.sync = true (default)
2019-09-20 09:26:55,869 [pool-38-thread-1] INFO  server.RaftServerConfigKeys (ConfUtils.java:logGet(43)) - raft.server.log.statemachine.data.sync.timeout = 10s (default)
2019-09-20 09:26:55,869 [pool-38-thread-1] INFO  server.RaftServerConfigKeys (ConfUtils.java:logGet(43)) - raft.server.log.statemachine.data.sync.timeout.retry = -1 (default)
2019-09-20 09:26:55,869 [pool-38-thread-1] INFO  server.RaftServerConfigKeys (ConfUtils.java:logGet(43)) - raft.server.log.statemachine.data.caching.enabled = true (custom)
2019-09-20 09:26:55,870 [pool-38-thread-1] INFO  segmented.SegmentedRaftLogWorker (SegmentedRaftLogWorker.java:lambda$new$0(132)) - fd3cd5f9-4f1c-43ea-91b1-b85a1f6c3825-SegmentedRaftLogWorker:Storage Directory /workdir/hadoop-ozone/integration-test/target/test-dir/MiniOzoneClusterImpl-a33d77e5-464b-4d19-8e6b-a171e580bf0e/datanode-1/data/ratis/fad28e52-3e87-4ab8-a8a6-9254ab67bf05: flushIndex: setUnconditionally 0 -> -1
2019-09-20 09:26:55,870 [pool-38-thread-1] INFO  server.RaftServerConfigKeys (ConfUtils.java:logGet(43)) - raft.server.snapshot.auto.trigger.enabled = true (custom)
2019-09-20 09:26:55,870 [pool-38-thread-1] INFO  server.RaftServerConfigKeys (ConfUtils.java:logGet(43)) - raft.server.snapshot.auto.trigger.threshold = 10000 (custom)
2019-09-20 09:26:55,870 [pool-38-thread-1] INFO  server.RaftServerConfigKeys (ConfUtils.java:logGet(43)) - raft.server.retrycache.expirytime = 600000ms (custom)
2019-09-20 09:26:55,871 [pool-38-thread-1] INFO  impl.RaftServerImpl (RaftServerImpl.java:start(180)) - fd3cd5f9-4f1c-43ea-91b1-b85a1f6c3825: start group-9254AB67BF05
2019-09-20 09:26:55,871 [pool-38-thread-1] INFO  impl.RaftServerImpl (RaftServerImpl.java:setRole(171)) - fd3cd5f9-4f1c-43ea-91b1-b85a1f6c3825:group-9254AB67BF05 changes role from null to FOLLOWER at term 0 for startAsFollower
2019-09-20 09:26:55,871 [pool-38-thread-1] INFO  impl.RoleInfo (RoleInfo.java:updateAndGet(143)) - fd3cd5f9-4f1c-43ea-91b1-b85a1f6c3825: start FollowerState
2019-09-20 09:26:55,872 [pool-38-thread-1] INFO  util.JmxRegister (JmxRegister.java:tryRegister(44)) - Successfully registered JMX Bean with object name Ratis:service=RaftServer,group=group-9254AB67BF05,id=fd3cd5f9-4f1c-43ea-91b1-b85a1f6c3825
2019-09-20 09:26:55,875 [RatisPipelineUtilsThread] INFO  pipeline.PipelineStateManager (PipelineStateManager.java:addPipeline(56)) - Created pipeline Pipeline[ Id: fad28e52-3e87-4ab8-a8a6-9254ab67bf05, Nodes: fd3cd5f9-4f1c-43ea-91b1-b85a1f6c3825{ip: 192.168.36.99, host: pr-hdds-1569-p5fx8-1226042367, networkLocation: /default-rack, certSerialId: null}, Type:RATIS, Factor:ONE, State:OPEN]
2019-09-20 09:26:55,881 [grpc-default-executor-1] INFO  impl.RaftServerProxy (RaftServerProxy.java:addNew(89)) - 492ed782-6ab3-4ad9-945e-06def6ac7c96: addNew group-A7EE72AFC0CD:[492ed782-6ab3-4ad9-945e-06def6ac7c96:192.168.36.99:32835] returns group-A7EE72AFC0CD:java.util.concurrent.CompletableFuture@3d96055f[Not completed]
2019-09-20 09:26:55,882 [pool-49-thread-1] INFO  impl.RaftServerImpl (RaftServerImpl.java:<init>(93)) - 492ed782-6ab3-4ad9-945e-06def6ac7c96: new RaftServerImpl for group-A7EE72AFC0CD:[492ed782-6ab3-4ad9-945e-06def6ac7c96:192.168.36.99:32835] with ContainerStateMachine:uninitialized
2019-09-20 09:26:55,882 [pool-49-thread-1] INFO  server.RaftServerConfigKeys (ConfUtils.java:logGet(43)) - raft.server.rpc.timeout.min = 5s (custom)
2019-09-20 09:26:55,882 [pool-49-thread-1] INFO  server.RaftServerConfigKeys (ConfUtils.java:logGet(43)) - raft.server.rpc.timeout.max = 5200ms (custom)
2019-09-20 09:26:55,882 [pool-49-thread-1] INFO  server.RaftServerConfigKeys (ConfUtils.java:logGet(43)) - raft.server.rpcslowness.timeout = 10s (custom)
2019-09-20 09:26:55,882 [pool-49-thread-1] INFO  server.RaftServerConfigKeys (ConfUtils.java:logGet(43)) - raft.server.sleep.deviation.threshold = 300 (default)
2019-09-20 09:26:55,882 [pool-49-thread-1] INFO  server.RaftServerConfigKeys (ConfUtils.java:logGet(43)) - raft.server.log.appender.install.snapshot.enabled = false (custom)
2019-09-20 09:26:55,882 [pool-49-thread-1] INFO  impl.RaftServerImpl (ServerState.java:<init>(105)) - 492ed782-6ab3-4ad9-945e-06def6ac7c96:group-A7EE72AFC0CD ConfigurationManager, init=-1: [492ed782-6ab3-4ad9-945e-06def6ac7c96:192.168.36.99:32835], old=null, confs=<EMPTY_MAP>
2019-09-20 09:26:55,882 [pool-49-thread-1] INFO  server.RaftServerConfigKeys (ConfUtils.java:logGet(43)) - raft.server.storage.dir = [/workdir/hadoop-ozone/integration-test/target/test-dir/MiniOzoneClusterImpl-a33d77e5-464b-4d19-8e6b-a171e580bf0e/datanode-2/data/ratis] (custom)
2019-09-20 09:26:55,883 [pool-49-thread-1] INFO  storage.RaftStorageDirectory (RaftStorageDirectory.java:analyzeStorage(246)) - The storage directory /workdir/hadoop-ozone/integration-test/target/test-dir/MiniOzoneClusterImpl-a33d77e5-464b-4d19-8e6b-a171e580bf0e/datanode-2/data/ratis/7526f8f6-c093-4b9c-b20e-a7ee72afc0cd does not exist. Creating ...
2019-09-20 09:26:55,900 [pool-49-thread-1] INFO  storage.RaftStorageDirectory (RaftStorageDirectory.java:tryLock(328)) - Lock on /workdir/hadoop-ozone/integration-test/target/test-dir/MiniOzoneClusterImpl-a33d77e5-464b-4d19-8e6b-a171e580bf0e/datanode-2/data/ratis/7526f8f6-c093-4b9c-b20e-a7ee72afc0cd/in_use.lock acquired by nodename 7145@pr-hdds-1569-p5fx8-1226042367
2019-09-20 09:26:55,950 [pool-49-thread-1] INFO  storage.RaftStorage (RaftStorage.java:format(72)) - Storage directory /workdir/hadoop-ozone/integration-test/target/test-dir/MiniOzoneClusterImpl-a33d77e5-464b-4d19-8e6b-a171e580bf0e/datanode-2/data/ratis/7526f8f6-c093-4b9c-b20e-a7ee72afc0cd has been successfully formatted.
2019-09-20 09:26:55,951 [pool-49-thread-1] INFO  ratis.ContainerStateMachine (ContainerStateMachine.java:loadSnapshot(226)) - group-A7EE72AFC0CD: The snapshot info is null. Setting the last applied indexto:(t:0, i:~)
2019-09-20 09:26:55,951 [pool-49-thread-1] INFO  server.RaftServerConfigKeys (ConfUtils.java:logGet(43)) - raft.server.leader.election.timeout = 10s (custom)
2019-09-20 09:26:55,951 [pool-49-thread-1] INFO  server.RaftServerConfigKeys (ConfUtils.java:logGet(43)) - raft.server.log.use.memory = false (default)
2019-09-20 09:26:55,951 [pool-49-thread-1] INFO  server.RaftServerConfigKeys (ConfUtils.java:logGet(43)) - raft.server.log.purge.gap = 1000000 (custom)
2019-09-20 09:26:55,952 [pool-49-thread-1] INFO  server.RaftServerConfigKeys (ConfUtils.java:logGet(43)) - raft.server.log.appender.buffer.byte-limit = 33554432 (custom)
2019-09-20 09:26:55,952 [pool-49-thread-1] INFO  server.RaftServerConfigKeys (ConfUtils.java:logGet(43)) - raft.server.log.segment.size.max = 1048576 (custom)
2019-09-20 09:26:55,952 [pool-49-thread-1] INFO  server.RaftServerConfigKeys (ConfUtils.java:logGet(43)) - raft.server.log.segment.cache.num.max = 2 (custom)
2019-09-20 09:26:55,952 [pool-49-thread-1] INFO  segmented.SegmentedRaftLogWorker (SegmentedRaftLogWorker.java:<init>(172)) - new 492ed782-6ab3-4ad9-945e-06def6ac7c96-SegmentedRaftLogWorker:Storage Directory /workdir/hadoop-ozone/integration-test/target/test-dir/MiniOzoneClusterImpl-a33d77e5-464b-4d19-8e6b-a171e580bf0e/datanode-2/data/ratis/7526f8f6-c093-4b9c-b20e-a7ee72afc0cd for RaftStorage:Storage Directory /workdir/hadoop-ozone/integration-test/target/test-dir/MiniOzoneClusterImpl-a33d77e5-464b-4d19-8e6b-a171e580bf0e/datanode-2/data/ratis/7526f8f6-c093-4b9c-b20e-a7ee72afc0cd
2019-09-20 09:26:55,952 [pool-49-thread-1] INFO  server.RaftServerConfigKeys (ConfUtils.java:logGet(43)) - raft.server.log.queue.byte-limit = 2147483647 (custom)
2019-09-20 09:26:55,952 [pool-49-thread-1] INFO  server.RaftServerConfigKeys (ConfUtils.java:logGet(43)) - raft.server.log.queue.element-limit = 1024 (custom)
2019-09-20 09:26:55,953 [pool-49-thread-1] INFO  server.RaftServerConfigKeys (ConfUtils.java:logGet(43)) - raft.server.log.segment.size.max = 1048576 (custom)
2019-09-20 09:26:55,953 [pool-49-thread-1] INFO  server.RaftServerConfigKeys (ConfUtils.java:logGet(43)) - raft.server.log.preallocated.size = 16384 (custom)
2019-09-20 09:26:55,953 [pool-49-thread-1] INFO  server.RaftServerConfigKeys (ConfUtils.java:logGet(43)) - raft.server.log.write.buffer.size = 33554432 (custom)
2019-09-20 09:26:55,953 [pool-49-thread-1] INFO  server.RaftServerConfigKeys (ConfUtils.java:logGet(43)) - raft.server.log.force.sync.num = 128 (default)
2019-09-20 09:26:55,953 [pool-49-thread-1] INFO  server.RaftServerConfigKeys (ConfUtils.java:logGet(43)) - raft.server.log.statemachine.data.sync = true (default)
2019-09-20 09:26:55,953 [pool-49-thread-1] INFO  server.RaftServerConfigKeys (ConfUtils.java:logGet(43)) - raft.server.log.statemachine.data.sync.timeout = 10s (default)
2019-09-20 09:26:55,954 [pool-49-thread-1] INFO  server.RaftServerConfigKeys (ConfUtils.java:logGet(43)) - raft.server.log.statemachine.data.sync.timeout.retry = -1 (default)
2019-09-20 09:26:55,954 [pool-49-thread-1] INFO  server.RaftServerConfigKeys (ConfUtils.java:logGet(43)) - raft.server.log.statemachine.data.caching.enabled = true (custom)
2019-09-20 09:26:55,954 [pool-49-thread-1] INFO  segmented.SegmentedRaftLogWorker (SegmentedRaftLogWorker.java:lambda$new$0(132)) - 492ed782-6ab3-4ad9-945e-06def6ac7c96-SegmentedRaftLogWorker:Storage Directory /workdir/hadoop-ozone/integration-test/target/test-dir/MiniOzoneClusterImpl-a33d77e5-464b-4d19-8e6b-a171e580bf0e/datanode-2/data/ratis/7526f8f6-c093-4b9c-b20e-a7ee72afc0cd: flushIndex: setUnconditionally 0 -> -1
2019-09-20 09:26:55,955 [pool-49-thread-1] INFO  server.RaftServerConfigKeys (ConfUtils.java:logGet(43)) - raft.server.snapshot.auto.trigger.enabled = true (custom)
2019-09-20 09:26:55,955 [pool-49-thread-1] INFO  server.RaftServerConfigKeys (ConfUtils.java:logGet(43)) - raft.server.snapshot.auto.trigger.threshold = 10000 (custom)
2019-09-20 09:26:55,955 [pool-49-thread-1] INFO  server.RaftServerConfigKeys (ConfUtils.java:logGet(43)) - raft.server.retrycache.expirytime = 600000ms (custom)
2019-09-20 09:26:55,955 [pool-49-thread-1] INFO  impl.RaftServerImpl (RaftServerImpl.java:start(180)) - 492ed782-6ab3-4ad9-945e-06def6ac7c96: start group-A7EE72AFC0CD
2019-09-20 09:26:55,955 [pool-49-thread-1] INFO  impl.RaftServerImpl (RaftServerImpl.java:setRole(171)) - 492ed782-6ab3-4ad9-945e-06def6ac7c96:group-A7EE72AFC0CD changes role from null to FOLLOWER at term 0 for startAsFollower
2019-09-20 09:26:55,956 [pool-49-thread-1] INFO  impl.RoleInfo (RoleInfo.java:updateAndGet(143)) - 492ed782-6ab3-4ad9-945e-06def6ac7c96: start FollowerState
2019-09-20 09:26:55,956 [pool-49-thread-1] INFO  util.JmxRegister (JmxRegister.java:tryRegister(44)) - Successfully registered JMX Bean with object name Ratis:service=RaftServer,group=group-A7EE72AFC0CD,id=492ed782-6ab3-4ad9-945e-06def6ac7c96
2019-09-20 09:26:55,960 [RatisPipelineUtilsThread] INFO  pipeline.PipelineStateManager (PipelineStateManager.java:addPipeline(56)) - Created pipeline Pipeline[ Id: 7526f8f6-c093-4b9c-b20e-a7ee72afc0cd, Nodes: 492ed782-6ab3-4ad9-945e-06def6ac7c96{ip: 192.168.36.99, host: pr-hdds-1569-p5fx8-1226042367, networkLocation: /default-rack, certSerialId: null}, Type:RATIS, Factor:ONE, State:OPEN]
2019-09-20 09:26:55,971 [grpc-default-executor-1] INFO  impl.RaftServerProxy (RaftServerProxy.java:addNew(89)) - 492ed782-6ab3-4ad9-945e-06def6ac7c96: addNew group-3AED33CCFFC3:[492ed782-6ab3-4ad9-945e-06def6ac7c96:192.168.36.99:32835] returns group-3AED33CCFFC3:java.util.concurrent.CompletableFuture@74d24fdd[Not completed]
2019-09-20 09:26:55,973 [pool-49-thread-1] INFO  impl.RaftServerImpl (RaftServerImpl.java:<init>(93)) - 492ed782-6ab3-4ad9-945e-06def6ac7c96: new RaftServerImpl for group-3AED33CCFFC3:[492ed782-6ab3-4ad9-945e-06def6ac7c96:192.168.36.99:32835] with ContainerStateMachine:uninitialized
2019-09-20 09:26:55,973 [pool-49-thread-1] INFO  server.RaftServerConfigKeys (ConfUtils.java:logGet(43)) - raft.server.rpc.timeout.min = 5s (custom)
2019-09-20 09:26:55,973 [pool-49-thread-1] INFO  server.RaftServerConfigKeys (ConfUtils.java:logGet(43)) - raft.server.rpc.timeout.max = 5200ms (custom)
2019-09-20 09:26:55,973 [pool-49-thread-1] INFO  server.RaftServerConfigKeys (ConfUtils.java:logGet(43)) - raft.server.rpcslowness.timeout = 10s (custom)
2019-09-20 09:26:55,973 [pool-49-thread-1] INFO  server.RaftServerConfigKeys (ConfUtils.java:logGet(43)) - raft.server.sleep.deviation.threshold = 300 (default)
2019-09-20 09:26:55,974 [pool-49-thread-1] INFO  server.RaftServerConfigKeys (ConfUtils.java:logGet(43)) - raft.server.log.appender.install.snapshot.enabled = false (custom)
2019-09-20 09:26:55,974 [pool-49-thread-1] INFO  impl.RaftServerImpl (ServerState.java:<init>(105)) - 492ed782-6ab3-4ad9-945e-06def6ac7c96:group-3AED33CCFFC3 ConfigurationManager, init=-1: [492ed782-6ab3-4ad9-945e-06def6ac7c96:192.168.36.99:32835], old=null, confs=<EMPTY_MAP>
2019-09-20 09:26:55,974 [pool-49-thread-1] INFO  server.RaftServerConfigKeys (ConfUtils.java:logGet(43)) - raft.server.storage.dir = [/workdir/hadoop-ozone/integration-test/target/test-dir/MiniOzoneClusterImpl-a33d77e5-464b-4d19-8e6b-a171e580bf0e/datanode-2/data/ratis] (custom)
2019-09-20 09:26:55,974 [pool-49-thread-1] INFO  storage.RaftStorageDirectory (RaftStorageDirectory.java:analyzeStorage(246)) - The storage directory /workdir/hadoop-ozone/integration-test/target/test-dir/MiniOzoneClusterImpl-a33d77e5-464b-4d19-8e6b-a171e580bf0e/datanode-2/data/ratis/1b2fb1d3-43e7-4255-b7e9-3aed33ccffc3 does not exist. Creating ...
2019-09-20 09:26:55,992 [pool-49-thread-1] INFO  storage.RaftStorageDirectory (RaftStorageDirectory.java:tryLock(328)) - Lock on /workdir/hadoop-ozone/integration-test/target/test-dir/MiniOzoneClusterImpl-a33d77e5-464b-4d19-8e6b-a171e580bf0e/datanode-2/data/ratis/1b2fb1d3-43e7-4255-b7e9-3aed33ccffc3/in_use.lock acquired by nodename 7145@pr-hdds-1569-p5fx8-1226042367
2019-09-20 09:26:56,009 [pool-49-thread-1] INFO  storage.RaftStorage (RaftStorage.java:format(72)) - Storage directory /workdir/hadoop-ozone/integration-test/target/test-dir/MiniOzoneClusterImpl-a33d77e5-464b-4d19-8e6b-a171e580bf0e/datanode-2/data/ratis/1b2fb1d3-43e7-4255-b7e9-3aed33ccffc3 has been successfully formatted.
2019-09-20 09:26:56,010 [pool-49-thread-1] INFO  ratis.ContainerStateMachine (ContainerStateMachine.java:loadSnapshot(226)) - group-3AED33CCFFC3: The snapshot info is null. Setting the last applied indexto:(t:0, i:~)
2019-09-20 09:26:56,010 [pool-49-thread-1] INFO  server.RaftServerConfigKeys (ConfUtils.java:logGet(43)) - raft.server.leader.election.timeout = 10s (custom)
2019-09-20 09:26:56,010 [pool-49-thread-1] INFO  server.RaftServerConfigKeys (ConfUtils.java:logGet(43)) - raft.server.log.use.memory = false (default)
2019-09-20 09:26:56,010 [pool-49-thread-1] INFO  server.RaftServerConfigKeys (ConfUtils.java:logGet(43)) - raft.server.log.purge.gap = 1000000 (custom)
2019-09-20 09:26:56,011 [pool-49-thread-1] INFO  server.RaftServerConfigKeys (ConfUtils.java:logGet(43)) - raft.server.log.appender.buffer.byte-limit = 33554432 (custom)
2019-09-20 09:26:56,011 [pool-49-thread-1] INFO  server.RaftServerConfigKeys (ConfUtils.java:logGet(43)) - raft.server.log.segment.size.max = 1048576 (custom)
2019-09-20 09:26:56,011 [pool-49-thread-1] INFO  server.RaftServerConfigKeys (ConfUtils.java:logGet(43)) - raft.server.log.segment.cache.num.max = 2 (custom)
2019-09-20 09:26:56,011 [pool-49-thread-1] INFO  segmented.SegmentedRaftLogWorker (SegmentedRaftLogWorker.java:<init>(172)) - new 492ed782-6ab3-4ad9-945e-06def6ac7c96-SegmentedRaftLogWorker:Storage Directory /workdir/hadoop-ozone/integration-test/target/test-dir/MiniOzoneClusterImpl-a33d77e5-464b-4d19-8e6b-a171e580bf0e/datanode-2/data/ratis/1b2fb1d3-43e7-4255-b7e9-3aed33ccffc3 for RaftStorage:Storage Directory /workdir/hadoop-ozone/integration-test/target/test-dir/MiniOzoneClusterImpl-a33d77e5-464b-4d19-8e6b-a171e580bf0e/datanode-2/data/ratis/1b2fb1d3-43e7-4255-b7e9-3aed33ccffc3
2019-09-20 09:26:56,011 [pool-49-thread-1] INFO  server.RaftServerConfigKeys (ConfUtils.java:logGet(43)) - raft.server.log.queue.byte-limit = 2147483647 (custom)
2019-09-20 09:26:56,011 [pool-49-thread-1] INFO  server.RaftServerConfigKeys (ConfUtils.java:logGet(43)) - raft.server.log.queue.element-limit = 1024 (custom)
2019-09-20 09:26:56,012 [pool-49-thread-1] INFO  server.RaftServerConfigKeys (ConfUtils.java:logGet(43)) - raft.server.log.segment.size.max = 1048576 (custom)
2019-09-20 09:26:56,012 [pool-49-thread-1] INFO  server.RaftServerConfigKeys (ConfUtils.java:logGet(43)) - raft.server.log.preallocated.size = 16384 (custom)
2019-09-20 09:26:56,012 [pool-49-thread-1] INFO  server.RaftServerConfigKeys (ConfUtils.java:logGet(43)) - raft.server.log.write.buffer.size = 33554432 (custom)
2019-09-20 09:26:56,012 [pool-49-thread-1] INFO  server.RaftServerConfigKeys (ConfUtils.java:logGet(43)) - raft.server.log.force.sync.num = 128 (default)
2019-09-20 09:26:56,012 [pool-49-thread-1] INFO  server.RaftServerConfigKeys (ConfUtils.java:logGet(43)) - raft.server.log.statemachine.data.sync = true (default)
2019-09-20 09:26:56,013 [pool-49-thread-1] INFO  server.RaftServerConfigKeys (ConfUtils.java:logGet(43)) - raft.server.log.statemachine.data.sync.timeout = 10s (default)
2019-09-20 09:26:56,013 [pool-49-thread-1] INFO  server.RaftServerConfigKeys (ConfUtils.java:logGet(43)) - raft.server.log.statemachine.data.sync.timeout.retry = -1 (default)
2019-09-20 09:26:56,013 [pool-49-thread-1] INFO  server.RaftServerConfigKeys (ConfUtils.java:logGet(43)) - raft.server.log.statemachine.data.caching.enabled = true (custom)
2019-09-20 09:26:56,014 [pool-49-thread-1] INFO  segmented.SegmentedRaftLogWorker (SegmentedRaftLogWorker.java:lambda$new$0(132)) - 492ed782-6ab3-4ad9-945e-06def6ac7c96-SegmentedRaftLogWorker:Storage Directory /workdir/hadoop-ozone/integration-test/target/test-dir/MiniOzoneClusterImpl-a33d77e5-464b-4d19-8e6b-a171e580bf0e/datanode-2/data/ratis/1b2fb1d3-43e7-4255-b7e9-3aed33ccffc3: flushIndex: setUnconditionally 0 -> -1
2019-09-20 09:26:56,014 [pool-49-thread-1] INFO  server.RaftServerConfigKeys (ConfUtils.java:logGet(43)) - raft.server.snapshot.auto.trigger.enabled = true (custom)
2019-09-20 09:26:56,014 [pool-49-thread-1] INFO  server.RaftServerConfigKeys (ConfUtils.java:logGet(43)) - raft.server.snapshot.auto.trigger.threshold = 10000 (custom)
2019-09-20 09:26:56,014 [pool-49-thread-1] INFO  server.RaftServerConfigKeys (ConfUtils.java:logGet(43)) - raft.server.retrycache.expirytime = 600000ms (custom)
2019-09-20 09:26:56,015 [pool-49-thread-1] INFO  impl.RaftServerImpl (RaftServerImpl.java:start(180)) - 492ed782-6ab3-4ad9-945e-06def6ac7c96: start group-3AED33CCFFC3
2019-09-20 09:26:56,015 [pool-49-thread-1] INFO  impl.RaftServerImpl (RaftServerImpl.java:setRole(171)) - 492ed782-6ab3-4ad9-945e-06def6ac7c96:group-3AED33CCFFC3 changes role from null to FOLLOWER at term 0 for startAsFollower
2019-09-20 09:26:56,015 [pool-49-thread-1] INFO  impl.RoleInfo (RoleInfo.java:updateAndGet(143)) - 492ed782-6ab3-4ad9-945e-06def6ac7c96: start FollowerState
2019-09-20 09:26:56,016 [pool-49-thread-1] INFO  util.JmxRegister (JmxRegister.java:tryRegister(44)) - Successfully registered JMX Bean with object name Ratis:service=RaftServer,group=group-3AED33CCFFC3,id=492ed782-6ab3-4ad9-945e-06def6ac7c96
2019-09-20 09:26:56,020 [RatisPipelineUtilsThread] INFO  pipeline.PipelineStateManager (PipelineStateManager.java:addPipeline(56)) - Created pipeline Pipeline[ Id: 1b2fb1d3-43e7-4255-b7e9-3aed33ccffc3, Nodes: 492ed782-6ab3-4ad9-945e-06def6ac7c96{ip: 192.168.36.99, host: pr-hdds-1569-p5fx8-1226042367, networkLocation: /default-rack, certSerialId: null}, Type:RATIS, Factor:ONE, State:OPEN]
2019-09-20 09:26:56,028 [grpc-default-executor-1] INFO  impl.RaftServerProxy (RaftServerProxy.java:addNew(89)) - 871e6485-c22a-483f-9e07-d19e754685be: addNew group-D86E06F54BD6:[871e6485-c22a-483f-9e07-d19e754685be:192.168.36.99:41076] returns group-D86E06F54BD6:java.util.concurrent.CompletableFuture@cb87951[Not completed]
2019-09-20 09:26:56,030 [pool-71-thread-1] INFO  impl.RaftServerImpl (RaftServerImpl.java:<init>(93)) - 871e6485-c22a-483f-9e07-d19e754685be: new RaftServerImpl for group-D86E06F54BD6:[871e6485-c22a-483f-9e07-d19e754685be:192.168.36.99:41076] with ContainerStateMachine:uninitialized
2019-09-20 09:26:56,030 [pool-71-thread-1] INFO  server.RaftServerConfigKeys (ConfUtils.java:logGet(43)) - raft.server.rpc.timeout.min = 5s (custom)
2019-09-20 09:26:56,030 [pool-71-thread-1] INFO  server.RaftServerConfigKeys (ConfUtils.java:logGet(43)) - raft.server.rpc.timeout.max = 5200ms (custom)
2019-09-20 09:26:56,031 [pool-71-thread-1] INFO  server.RaftServerConfigKeys (ConfUtils.java:logGet(43)) - raft.server.rpcslowness.timeout = 10s (custom)
2019-09-20 09:26:56,031 [pool-71-thread-1] INFO  server.RaftServerConfigKeys (ConfUtils.java:logGet(43)) - raft.server.sleep.deviation.threshold = 300 (default)
2019-09-20 09:26:56,031 [pool-71-thread-1] INFO  server.RaftServerConfigKeys (ConfUtils.java:logGet(43)) - raft.server.log.appender.install.snapshot.enabled = false (custom)
2019-09-20 09:26:56,031 [pool-71-thread-1] INFO  impl.RaftServerImpl (ServerState.java:<init>(105)) - 871e6485-c22a-483f-9e07-d19e754685be:group-D86E06F54BD6 ConfigurationManager, init=-1: [871e6485-c22a-483f-9e07-d19e754685be:192.168.36.99:41076], old=null, confs=<EMPTY_MAP>
2019-09-20 09:26:56,031 [pool-71-thread-1] INFO  server.RaftServerConfigKeys (ConfUtils.java:logGet(43)) - raft.server.storage.dir = [/workdir/hadoop-ozone/integration-test/target/test-dir/MiniOzoneClusterImpl-a33d77e5-464b-4d19-8e6b-a171e580bf0e/datanode-4/data/ratis] (custom)
2019-09-20 09:26:56,032 [pool-71-thread-1] INFO  storage.RaftStorageDirectory (RaftStorageDirectory.java:analyzeStorage(246)) - The storage directory /workdir/hadoop-ozone/integration-test/target/test-dir/MiniOzoneClusterImpl-a33d77e5-464b-4d19-8e6b-a171e580bf0e/datanode-4/data/ratis/030660f3-f707-4a13-b766-d86e06f54bd6 does not exist. Creating ...
2019-09-20 09:26:56,052 [pool-71-thread-1] INFO  storage.RaftStorageDirectory (RaftStorageDirectory.java:tryLock(328)) - Lock on /workdir/hadoop-ozone/integration-test/target/test-dir/MiniOzoneClusterImpl-a33d77e5-464b-4d19-8e6b-a171e580bf0e/datanode-4/data/ratis/030660f3-f707-4a13-b766-d86e06f54bd6/in_use.lock acquired by nodename 7145@pr-hdds-1569-p5fx8-1226042367
2019-09-20 09:26:56,069 [pool-71-thread-1] INFO  storage.RaftStorage (RaftStorage.java:format(72)) - Storage directory /workdir/hadoop-ozone/integration-test/target/test-dir/MiniOzoneClusterImpl-a33d77e5-464b-4d19-8e6b-a171e580bf0e/datanode-4/data/ratis/030660f3-f707-4a13-b766-d86e06f54bd6 has been successfully formatted.
2019-09-20 09:26:56,070 [pool-71-thread-1] INFO  ratis.ContainerStateMachine (ContainerStateMachine.java:loadSnapshot(226)) - group-D86E06F54BD6: The snapshot info is null. Setting the last applied indexto:(t:0, i:~)
2019-09-20 09:26:56,070 [pool-71-thread-1] INFO  server.RaftServerConfigKeys (ConfUtils.java:logGet(43)) - raft.server.leader.election.timeout = 10s (custom)
2019-09-20 09:26:56,070 [pool-71-thread-1] INFO  server.RaftServerConfigKeys (ConfUtils.java:logGet(43)) - raft.server.log.use.memory = false (default)
2019-09-20 09:26:56,070 [pool-71-thread-1] INFO  server.RaftServerConfigKeys (ConfUtils.java:logGet(43)) - raft.server.log.purge.gap = 1000000 (custom)
2019-09-20 09:26:56,071 [pool-71-thread-1] INFO  server.RaftServerConfigKeys (ConfUtils.java:logGet(43)) - raft.server.log.appender.buffer.byte-limit = 33554432 (custom)
2019-09-20 09:26:56,071 [pool-71-thread-1] INFO  server.RaftServerConfigKeys (ConfUtils.java:logGet(43)) - raft.server.log.segment.size.max = 1048576 (custom)
2019-09-20 09:26:56,071 [pool-71-thread-1] INFO  server.RaftServerConfigKeys (ConfUtils.java:logGet(43)) - raft.server.log.segment.cache.num.max = 2 (custom)
2019-09-20 09:26:56,071 [pool-71-thread-1] INFO  segmented.SegmentedRaftLogWorker (SegmentedRaftLogWorker.java:<init>(172)) - new 871e6485-c22a-483f-9e07-d19e754685be-SegmentedRaftLogWorker:Storage Directory /workdir/hadoop-ozone/integration-test/target/test-dir/MiniOzoneClusterImpl-a33d77e5-464b-4d19-8e6b-a171e580bf0e/datanode-4/data/ratis/030660f3-f707-4a13-b766-d86e06f54bd6 for RaftStorage:Storage Directory /workdir/hadoop-ozone/integration-test/target/test-dir/MiniOzoneClusterImpl-a33d77e5-464b-4d19-8e6b-a171e580bf0e/datanode-4/data/ratis/030660f3-f707-4a13-b766-d86e06f54bd6
2019-09-20 09:26:56,071 [pool-71-thread-1] INFO  server.RaftServerConfigKeys (ConfUtils.java:logGet(43)) - raft.server.log.queue.byte-limit = 2147483647 (custom)
2019-09-20 09:26:56,072 [pool-71-thread-1] INFO  server.RaftServerConfigKeys (ConfUtils.java:logGet(43)) - raft.server.log.queue.element-limit = 1024 (custom)
2019-09-20 09:26:56,072 [pool-71-thread-1] INFO  server.RaftServerConfigKeys (ConfUtils.java:logGet(43)) - raft.server.log.segment.size.max = 1048576 (custom)
2019-09-20 09:26:56,072 [pool-71-thread-1] INFO  server.RaftServerConfigKeys (ConfUtils.java:logGet(43)) - raft.server.log.preallocated.size = 16384 (custom)
2019-09-20 09:26:56,072 [pool-71-thread-1] INFO  server.RaftServerConfigKeys (ConfUtils.java:logGet(43)) - raft.server.log.write.buffer.size = 33554432 (custom)
2019-09-20 09:26:56,072 [pool-71-thread-1] INFO  server.RaftServerConfigKeys (ConfUtils.java:logGet(43)) - raft.server.log.force.sync.num = 128 (default)
2019-09-20 09:26:56,072 [pool-71-thread-1] INFO  server.RaftServerConfigKeys (ConfUtils.java:logGet(43)) - raft.server.log.statemachine.data.sync = true (default)
2019-09-20 09:26:56,073 [pool-71-thread-1] INFO  server.RaftServerConfigKeys (ConfUtils.java:logGet(43)) - raft.server.log.statemachine.data.sync.timeout = 10s (default)
2019-09-20 09:26:56,073 [pool-71-thread-1] INFO  server.RaftServerConfigKeys (ConfUtils.java:logGet(43)) - raft.server.log.statemachine.data.sync.timeout.retry = -1 (default)
2019-09-20 09:26:56,073 [pool-71-thread-1] INFO  server.RaftServerConfigKeys (ConfUtils.java:logGet(43)) - raft.server.log.statemachine.data.caching.enabled = true (custom)
2019-09-20 09:26:56,073 [pool-71-thread-1] INFO  segmented.SegmentedRaftLogWorker (SegmentedRaftLogWorker.java:lambda$new$0(132)) - 871e6485-c22a-483f-9e07-d19e754685be-SegmentedRaftLogWorker:Storage Directory /workdir/hadoop-ozone/integration-test/target/test-dir/MiniOzoneClusterImpl-a33d77e5-464b-4d19-8e6b-a171e580bf0e/datanode-4/data/ratis/030660f3-f707-4a13-b766-d86e06f54bd6: flushIndex: setUnconditionally 0 -> -1
2019-09-20 09:26:56,074 [pool-71-thread-1] INFO  server.RaftServerConfigKeys (ConfUtils.java:logGet(43)) - raft.server.snapshot.auto.trigger.enabled = true (custom)
2019-09-20 09:26:56,074 [pool-71-thread-1] INFO  server.RaftServerConfigKeys (ConfUtils.java:logGet(43)) - raft.server.snapshot.auto.trigger.threshold = 10000 (custom)
2019-09-20 09:26:56,074 [pool-71-thread-1] INFO  server.RaftServerConfigKeys (ConfUtils.java:logGet(43)) - raft.server.retrycache.expirytime = 600000ms (custom)
2019-09-20 09:26:56,075 [pool-71-thread-1] INFO  impl.RaftServerImpl (RaftServerImpl.java:start(180)) - 871e6485-c22a-483f-9e07-d19e754685be: start group-D86E06F54BD6
2019-09-20 09:26:56,075 [pool-71-thread-1] INFO  impl.RaftServerImpl (RaftServerImpl.java:setRole(171)) - 871e6485-c22a-483f-9e07-d19e754685be:group-D86E06F54BD6 changes role from null to FOLLOWER at term 0 for startAsFollower
2019-09-20 09:26:56,075 [pool-71-thread-1] INFO  impl.RoleInfo (RoleInfo.java:updateAndGet(143)) - 871e6485-c22a-483f-9e07-d19e754685be: start FollowerState
2019-09-20 09:26:56,076 [pool-71-thread-1] INFO  util.JmxRegister (JmxRegister.java:tryRegister(44)) - Successfully registered JMX Bean with object name Ratis:service=RaftServer,group=group-D86E06F54BD6,id=871e6485-c22a-483f-9e07-d19e754685be
2019-09-20 09:26:56,079 [RatisPipelineUtilsThread] INFO  pipeline.PipelineStateManager (PipelineStateManager.java:addPipeline(56)) - Created pipeline Pipeline[ Id: 030660f3-f707-4a13-b766-d86e06f54bd6, Nodes: 871e6485-c22a-483f-9e07-d19e754685be{ip: 192.168.36.99, host: pr-hdds-1569-p5fx8-1226042367, networkLocation: /default-rack, certSerialId: null}, Type:RATIS, Factor:ONE, State:OPEN]
2019-09-20 09:26:56,085 [grpc-default-executor-1] INFO  impl.RaftServerProxy (RaftServerProxy.java:addNew(89)) - 492ed782-6ab3-4ad9-945e-06def6ac7c96: addNew group-6D4E723219BF:[492ed782-6ab3-4ad9-945e-06def6ac7c96:192.168.36.99:32835] returns group-6D4E723219BF:java.util.concurrent.CompletableFuture@1cd8cdb2[Not completed]
2019-09-20 09:26:56,087 [pool-49-thread-1] INFO  impl.RaftServerImpl (RaftServerImpl.java:<init>(93)) - 492ed782-6ab3-4ad9-945e-06def6ac7c96: new RaftServerImpl for group-6D4E723219BF:[492ed782-6ab3-4ad9-945e-06def6ac7c96:192.168.36.99:32835] with ContainerStateMachine:uninitialized
2019-09-20 09:26:56,087 [pool-49-thread-1] INFO  server.RaftServerConfigKeys (ConfUtils.java:logGet(43)) - raft.server.rpc.timeout.min = 5s (custom)
2019-09-20 09:26:56,087 [pool-49-thread-1] INFO  server.RaftServerConfigKeys (ConfUtils.java:logGet(43)) - raft.server.rpc.timeout.max = 5200ms (custom)
2019-09-20 09:26:56,087 [pool-49-thread-1] INFO  server.RaftServerConfigKeys (ConfUtils.java:logGet(43)) - raft.server.rpcslowness.timeout = 10s (custom)
2019-09-20 09:26:56,087 [pool-49-thread-1] INFO  server.RaftServerConfigKeys (ConfUtils.java:logGet(43)) - raft.server.sleep.deviation.threshold = 300 (default)
2019-09-20 09:26:56,087 [pool-49-thread-1] INFO  server.RaftServerConfigKeys (ConfUtils.java:logGet(43)) - raft.server.log.appender.install.snapshot.enabled = false (custom)
2019-09-20 09:26:56,088 [pool-49-thread-1] INFO  impl.RaftServerImpl (ServerState.java:<init>(105)) - 492ed782-6ab3-4ad9-945e-06def6ac7c96:group-6D4E723219BF ConfigurationManager, init=-1: [492ed782-6ab3-4ad9-945e-06def6ac7c96:192.168.36.99:32835], old=null, confs=<EMPTY_MAP>
2019-09-20 09:26:56,088 [pool-49-thread-1] INFO  server.RaftServerConfigKeys (ConfUtils.java:logGet(43)) - raft.server.storage.dir = [/workdir/hadoop-ozone/integration-test/target/test-dir/MiniOzoneClusterImpl-a33d77e5-464b-4d19-8e6b-a171e580bf0e/datanode-2/data/ratis] (custom)
2019-09-20 09:26:56,088 [pool-49-thread-1] INFO  storage.RaftStorageDirectory (RaftStorageDirectory.java:analyzeStorage(246)) - The storage directory /workdir/hadoop-ozone/integration-test/target/test-dir/MiniOzoneClusterImpl-a33d77e5-464b-4d19-8e6b-a171e580bf0e/datanode-2/data/ratis/02242169-2c3a-4694-8a13-6d4e723219bf does not exist. Creating ...
2019-09-20 09:26:56,103 [pool-49-thread-1] INFO  storage.RaftStorageDirectory (RaftStorageDirectory.java:tryLock(328)) - Lock on /workdir/hadoop-ozone/integration-test/target/test-dir/MiniOzoneClusterImpl-a33d77e5-464b-4d19-8e6b-a171e580bf0e/datanode-2/data/ratis/02242169-2c3a-4694-8a13-6d4e723219bf/in_use.lock acquired by nodename 7145@pr-hdds-1569-p5fx8-1226042367
2019-09-20 09:26:56,128 [pool-49-thread-1] INFO  storage.RaftStorage (RaftStorage.java:format(72)) - Storage directory /workdir/hadoop-ozone/integration-test/target/test-dir/MiniOzoneClusterImpl-a33d77e5-464b-4d19-8e6b-a171e580bf0e/datanode-2/data/ratis/02242169-2c3a-4694-8a13-6d4e723219bf has been successfully formatted.
2019-09-20 09:26:56,129 [pool-49-thread-1] INFO  ratis.ContainerStateMachine (ContainerStateMachine.java:loadSnapshot(226)) - group-6D4E723219BF: The snapshot info is null. Setting the last applied indexto:(t:0, i:~)
2019-09-20 09:26:56,129 [pool-49-thread-1] INFO  server.RaftServerConfigKeys (ConfUtils.java:logGet(43)) - raft.server.leader.election.timeout = 10s (custom)
2019-09-20 09:26:56,129 [pool-49-thread-1] INFO  server.RaftServerConfigKeys (ConfUtils.java:logGet(43)) - raft.server.log.use.memory = false (default)
2019-09-20 09:26:56,130 [pool-49-thread-1] INFO  server.RaftServerConfigKeys (ConfUtils.java:logGet(43)) - raft.server.log.purge.gap = 1000000 (custom)
2019-09-20 09:26:56,130 [pool-49-thread-1] INFO  server.RaftServerConfigKeys (ConfUtils.java:logGet(43)) - raft.server.log.appender.buffer.byte-limit = 33554432 (custom)
2019-09-20 09:26:56,130 [pool-49-thread-1] INFO  server.RaftServerConfigKeys (ConfUtils.java:logGet(43)) - raft.server.log.segment.size.max = 1048576 (custom)
2019-09-20 09:26:56,130 [pool-49-thread-1] INFO  server.RaftServerConfigKeys (ConfUtils.java:logGet(43)) - raft.server.log.segment.cache.num.max = 2 (custom)
2019-09-20 09:26:56,130 [pool-49-thread-1] INFO  segmented.SegmentedRaftLogWorker (SegmentedRaftLogWorker.java:<init>(172)) - new 492ed782-6ab3-4ad9-945e-06def6ac7c96-SegmentedRaftLogWorker:Storage Directory /workdir/hadoop-ozone/integration-test/target/test-dir/MiniOzoneClusterImpl-a33d77e5-464b-4d19-8e6b-a171e580bf0e/datanode-2/data/ratis/02242169-2c3a-4694-8a13-6d4e723219bf for RaftStorage:Storage Directory /workdir/hadoop-ozone/integration-test/target/test-dir/MiniOzoneClusterImpl-a33d77e5-464b-4d19-8e6b-a171e580bf0e/datanode-2/data/ratis/02242169-2c3a-4694-8a13-6d4e723219bf
2019-09-20 09:26:56,130 [pool-49-thread-1] INFO  server.RaftServerConfigKeys (ConfUtils.java:logGet(43)) - raft.server.log.queue.byte-limit = 2147483647 (custom)
2019-09-20 09:26:56,130 [pool-49-thread-1] INFO  server.RaftServerConfigKeys (ConfUtils.java:logGet(43)) - raft.server.log.queue.element-limit = 1024 (custom)
2019-09-20 09:26:56,131 [pool-49-thread-1] INFO  server.RaftServerConfigKeys (ConfUtils.java:logGet(43)) - raft.server.log.segment.size.max = 1048576 (custom)
2019-09-20 09:26:56,131 [pool-49-thread-1] INFO  server.RaftServerConfigKeys (ConfUtils.java:logGet(43)) - raft.server.log.preallocated.size = 16384 (custom)
2019-09-20 09:26:56,131 [pool-49-thread-1] INFO  server.RaftServerConfigKeys (ConfUtils.java:logGet(43)) - raft.server.log.write.buffer.size = 33554432 (custom)
2019-09-20 09:26:56,131 [pool-49-thread-1] INFO  server.RaftServerConfigKeys (ConfUtils.java:logGet(43)) - raft.server.log.force.sync.num = 128 (default)
2019-09-20 09:26:56,131 [pool-49-thread-1] INFO  server.RaftServerConfigKeys (ConfUtils.java:logGet(43)) - raft.server.log.statemachine.data.sync = true (default)
2019-09-20 09:26:56,131 [pool-49-thread-1] INFO  server.RaftServerConfigKeys (ConfUtils.java:logGet(43)) - raft.server.log.statemachine.data.sync.timeout = 10s (default)
2019-09-20 09:26:56,131 [pool-49-thread-1] INFO  server.RaftServerConfigKeys (ConfUtils.java:logGet(43)) - raft.server.log.statemachine.data.sync.timeout.retry = -1 (default)
2019-09-20 09:26:56,132 [pool-49-thread-1] INFO  server.RaftServerConfigKeys (ConfUtils.java:logGet(43)) - raft.server.log.statemachine.data.caching.enabled = true (custom)
2019-09-20 09:26:56,132 [pool-49-thread-1] INFO  segmented.SegmentedRaftLogWorker (SegmentedRaftLogWorker.java:lambda$new$0(132)) - 492ed782-6ab3-4ad9-945e-06def6ac7c96-SegmentedRaftLogWorker:Storage Directory /workdir/hadoop-ozone/integration-test/target/test-dir/MiniOzoneClusterImpl-a33d77e5-464b-4d19-8e6b-a171e580bf0e/datanode-2/data/ratis/02242169-2c3a-4694-8a13-6d4e723219bf: flushIndex: setUnconditionally 0 -> -1
2019-09-20 09:26:56,132 [pool-49-thread-1] INFO  server.RaftServerConfigKeys (ConfUtils.java:logGet(43)) - raft.server.snapshot.auto.trigger.enabled = true (custom)
2019-09-20 09:26:56,132 [pool-49-thread-1] INFO  server.RaftServerConfigKeys (ConfUtils.java:logGet(43)) - raft.server.snapshot.auto.trigger.threshold = 10000 (custom)
2019-09-20 09:26:56,133 [pool-49-thread-1] INFO  server.RaftServerConfigKeys (ConfUtils.java:logGet(43)) - raft.server.retrycache.expirytime = 600000ms (custom)
2019-09-20 09:26:56,133 [pool-49-thread-1] INFO  impl.RaftServerImpl (RaftServerImpl.java:start(180)) - 492ed782-6ab3-4ad9-945e-06def6ac7c96: start group-6D4E723219BF
2019-09-20 09:26:56,133 [pool-49-thread-1] INFO  impl.RaftServerImpl (RaftServerImpl.java:setRole(171)) - 492ed782-6ab3-4ad9-945e-06def6ac7c96:group-6D4E723219BF changes role from null to FOLLOWER at term 0 for startAsFollower
2019-09-20 09:26:56,133 [pool-49-thread-1] INFO  impl.RoleInfo (RoleInfo.java:updateAndGet(143)) - 492ed782-6ab3-4ad9-945e-06def6ac7c96: start FollowerState
2019-09-20 09:26:56,134 [pool-49-thread-1] INFO  util.JmxRegister (JmxRegister.java:tryRegister(44)) - Successfully registered JMX Bean with object name Ratis:service=RaftServer,group=group-6D4E723219BF,id=492ed782-6ab3-4ad9-945e-06def6ac7c96
2019-09-20 09:26:56,137 [RatisPipelineUtilsThread] INFO  pipeline.PipelineStateManager (PipelineStateManager.java:addPipeline(56)) - Created pipeline Pipeline[ Id: 02242169-2c3a-4694-8a13-6d4e723219bf, Nodes: 492ed782-6ab3-4ad9-945e-06def6ac7c96{ip: 192.168.36.99, host: pr-hdds-1569-p5fx8-1226042367, networkLocation: /default-rack, certSerialId: null}, Type:RATIS, Factor:ONE, State:OPEN]
2019-09-20 09:26:56,144 [grpc-default-executor-1] INFO  impl.RaftServerProxy (RaftServerProxy.java:addNew(89)) - 492ed782-6ab3-4ad9-945e-06def6ac7c96: addNew group-269B9CF6F9D1:[492ed782-6ab3-4ad9-945e-06def6ac7c96:192.168.36.99:32835] returns group-269B9CF6F9D1:java.util.concurrent.CompletableFuture@1b62a068[Not completed]
2019-09-20 09:26:56,145 [pool-49-thread-1] INFO  impl.RaftServerImpl (RaftServerImpl.java:<init>(93)) - 492ed782-6ab3-4ad9-945e-06def6ac7c96: new RaftServerImpl for group-269B9CF6F9D1:[492ed782-6ab3-4ad9-945e-06def6ac7c96:192.168.36.99:32835] with ContainerStateMachine:uninitialized
2019-09-20 09:26:56,145 [pool-49-thread-1] INFO  server.RaftServerConfigKeys (ConfUtils.java:logGet(43)) - raft.server.rpc.timeout.min = 5s (custom)
2019-09-20 09:26:56,146 [pool-49-thread-1] INFO  server.RaftServerConfigKeys (ConfUtils.java:logGet(43)) - raft.server.rpc.timeout.max = 5200ms (custom)
2019-09-20 09:26:56,146 [pool-49-thread-1] INFO  server.RaftServerConfigKeys (ConfUtils.java:logGet(43)) - raft.server.rpcslowness.timeout = 10s (custom)
2019-09-20 09:26:56,146 [pool-49-thread-1] INFO  server.RaftServerConfigKeys (ConfUtils.java:logGet(43)) - raft.server.sleep.deviation.threshold = 300 (default)
2019-09-20 09:26:56,146 [pool-49-thread-1] INFO  server.RaftServerConfigKeys (ConfUtils.java:logGet(43)) - raft.server.log.appender.install.snapshot.enabled = false (custom)
2019-09-20 09:26:56,146 [pool-49-thread-1] INFO  impl.RaftServerImpl (ServerState.java:<init>(105)) - 492ed782-6ab3-4ad9-945e-06def6ac7c96:group-269B9CF6F9D1 ConfigurationManager, init=-1: [492ed782-6ab3-4ad9-945e-06def6ac7c96:192.168.36.99:32835], old=null, confs=<EMPTY_MAP>
2019-09-20 09:26:56,146 [pool-49-thread-1] INFO  server.RaftServerConfigKeys (ConfUtils.java:logGet(43)) - raft.server.storage.dir = [/workdir/hadoop-ozone/integration-test/target/test-dir/MiniOzoneClusterImpl-a33d77e5-464b-4d19-8e6b-a171e580bf0e/datanode-2/data/ratis] (custom)
2019-09-20 09:26:56,147 [pool-49-thread-1] INFO  storage.RaftStorageDirectory (RaftStorageDirectory.java:analyzeStorage(246)) - The storage directory /workdir/hadoop-ozone/integration-test/target/test-dir/MiniOzoneClusterImpl-a33d77e5-464b-4d19-8e6b-a171e580bf0e/datanode-2/data/ratis/83437c4d-9e36-4b19-b358-269b9cf6f9d1 does not exist. Creating ...
2019-09-20 09:26:56,220 [pool-49-thread-1] INFO  storage.RaftStorageDirectory (RaftStorageDirectory.java:tryLock(328)) - Lock on /workdir/hadoop-ozone/integration-test/target/test-dir/MiniOzoneClusterImpl-a33d77e5-464b-4d19-8e6b-a171e580bf0e/datanode-2/data/ratis/83437c4d-9e36-4b19-b358-269b9cf6f9d1/in_use.lock acquired by nodename 7145@pr-hdds-1569-p5fx8-1226042367
2019-09-20 09:26:56,237 [pool-49-thread-1] INFO  storage.RaftStorage (RaftStorage.java:format(72)) - Storage directory /workdir/hadoop-ozone/integration-test/target/test-dir/MiniOzoneClusterImpl-a33d77e5-464b-4d19-8e6b-a171e580bf0e/datanode-2/data/ratis/83437c4d-9e36-4b19-b358-269b9cf6f9d1 has been successfully formatted.
2019-09-20 09:26:56,238 [pool-49-thread-1] INFO  ratis.ContainerStateMachine (ContainerStateMachine.java:loadSnapshot(226)) - group-269B9CF6F9D1: The snapshot info is null. Setting the last applied indexto:(t:0, i:~)
2019-09-20 09:26:56,238 [pool-49-thread-1] INFO  server.RaftServerConfigKeys (ConfUtils.java:logGet(43)) - raft.server.leader.election.timeout = 10s (custom)
2019-09-20 09:26:56,238 [pool-49-thread-1] INFO  server.RaftServerConfigKeys (ConfUtils.java:logGet(43)) - raft.server.log.use.memory = false (default)
2019-09-20 09:26:56,238 [pool-49-thread-1] INFO  server.RaftServerConfigKeys (ConfUtils.java:logGet(43)) - raft.server.log.purge.gap = 1000000 (custom)
2019-09-20 09:26:56,239 [pool-49-thread-1] INFO  server.RaftServerConfigKeys (ConfUtils.java:logGet(43)) - raft.server.log.appender.buffer.byte-limit = 33554432 (custom)
2019-09-20 09:26:56,239 [pool-49-thread-1] INFO  server.RaftServerConfigKeys (ConfUtils.java:logGet(43)) - raft.server.log.segment.size.max = 1048576 (custom)
2019-09-20 09:26:56,239 [pool-49-thread-1] INFO  server.RaftServerConfigKeys (ConfUtils.java:logGet(43)) - raft.server.log.segment.cache.num.max = 2 (custom)
2019-09-20 09:26:56,239 [pool-49-thread-1] INFO  segmented.SegmentedRaftLogWorker (SegmentedRaftLogWorker.java:<init>(172)) - new 492ed782-6ab3-4ad9-945e-06def6ac7c96-SegmentedRaftLogWorker:Storage Directory /workdir/hadoop-ozone/integration-test/target/test-dir/MiniOzoneClusterImpl-a33d77e5-464b-4d19-8e6b-a171e580bf0e/datanode-2/data/ratis/83437c4d-9e36-4b19-b358-269b9cf6f9d1 for RaftStorage:Storage Directory /workdir/hadoop-ozone/integration-test/target/test-dir/MiniOzoneClusterImpl-a33d77e5-464b-4d19-8e6b-a171e580bf0e/datanode-2/data/ratis/83437c4d-9e36-4b19-b358-269b9cf6f9d1
2019-09-20 09:26:56,239 [pool-49-thread-1] INFO  server.RaftServerConfigKeys (ConfUtils.java:logGet(43)) - raft.server.log.queue.byte-limit = 2147483647 (custom)
2019-09-20 09:26:56,239 [pool-49-thread-1] INFO  server.RaftServerConfigKeys (ConfUtils.java:logGet(43)) - raft.server.log.queue.element-limit = 1024 (custom)
2019-09-20 09:26:56,240 [pool-49-thread-1] INFO  server.RaftServerConfigKeys (ConfUtils.java:logGet(43)) - raft.server.log.segment.size.max = 1048576 (custom)
2019-09-20 09:26:56,240 [pool-49-thread-1] INFO  server.RaftServerConfigKeys (ConfUtils.java:logGet(43)) - raft.server.log.preallocated.size = 16384 (custom)
2019-09-20 09:26:56,240 [pool-49-thread-1] INFO  server.RaftServerConfigKeys (ConfUtils.java:logGet(43)) - raft.server.log.write.buffer.size = 33554432 (custom)
2019-09-20 09:26:56,240 [pool-49-thread-1] INFO  server.RaftServerConfigKeys (ConfUtils.java:logGet(43)) - raft.server.log.force.sync.num = 128 (default)
2019-09-20 09:26:56,240 [pool-49-thread-1] INFO  server.RaftServerConfigKeys (ConfUtils.java:logGet(43)) - raft.server.log.statemachine.data.sync = true (default)
2019-09-20 09:26:56,240 [pool-49-thread-1] INFO  server.RaftServerConfigKeys (ConfUtils.java:logGet(43)) - raft.server.log.statemachine.data.sync.timeout = 10s (default)
2019-09-20 09:26:56,240 [pool-49-thread-1] INFO  server.RaftServerConfigKeys (ConfUtils.java:logGet(43)) - raft.server.log.statemachine.data.sync.timeout.retry = -1 (default)
2019-09-20 09:26:56,241 [pool-49-thread-1] INFO  server.RaftServerConfigKeys (ConfUtils.java:logGet(43)) - raft.server.log.statemachine.data.caching.enabled = true (custom)
2019-09-20 09:26:56,241 [pool-49-thread-1] INFO  segmented.SegmentedRaftLogWorker (SegmentedRaftLogWorker.java:lambda$new$0(132)) - 492ed782-6ab3-4ad9-945e-06def6ac7c96-SegmentedRaftLogWorker:Storage Directory /workdir/hadoop-ozone/integration-test/target/test-dir/MiniOzoneClusterImpl-a33d77e5-464b-4d19-8e6b-a171e580bf0e/datanode-2/data/ratis/83437c4d-9e36-4b19-b358-269b9cf6f9d1: flushIndex: setUnconditionally 0 -> -1
2019-09-20 09:26:56,241 [pool-49-thread-1] INFO  server.RaftServerConfigKeys (ConfUtils.java:logGet(43)) - raft.server.snapshot.auto.trigger.enabled = true (custom)
2019-09-20 09:26:56,242 [pool-49-thread-1] INFO  server.RaftServerConfigKeys (ConfUtils.java:logGet(43)) - raft.server.snapshot.auto.trigger.threshold = 10000 (custom)
2019-09-20 09:26:56,242 [pool-49-thread-1] INFO  server.RaftServerConfigKeys (ConfUtils.java:logGet(43)) - raft.server.retrycache.expirytime = 600000ms (custom)
2019-09-20 09:26:56,242 [pool-49-thread-1] INFO  impl.RaftServerImpl (RaftServerImpl.java:start(180)) - 492ed782-6ab3-4ad9-945e-06def6ac7c96: start group-269B9CF6F9D1
2019-09-20 09:26:56,242 [pool-49-thread-1] INFO  impl.RaftServerImpl (RaftServerImpl.java:setRole(171)) - 492ed782-6ab3-4ad9-945e-06def6ac7c96:group-269B9CF6F9D1 changes role from null to FOLLOWER at term 0 for startAsFollower
2019-09-20 09:26:56,242 [pool-49-thread-1] INFO  impl.RoleInfo (RoleInfo.java:updateAndGet(143)) - 492ed782-6ab3-4ad9-945e-06def6ac7c96: start FollowerState
2019-09-20 09:26:56,243 [pool-49-thread-1] INFO  util.JmxRegister (JmxRegister.java:tryRegister(44)) - Successfully registered JMX Bean with object name Ratis:service=RaftServer,group=group-269B9CF6F9D1,id=492ed782-6ab3-4ad9-945e-06def6ac7c96
2019-09-20 09:26:56,246 [RatisPipelineUtilsThread] INFO  pipeline.PipelineStateManager (PipelineStateManager.java:addPipeline(56)) - Created pipeline Pipeline[ Id: 83437c4d-9e36-4b19-b358-269b9cf6f9d1, Nodes: 492ed782-6ab3-4ad9-945e-06def6ac7c96{ip: 192.168.36.99, host: pr-hdds-1569-p5fx8-1226042367, networkLocation: /default-rack, certSerialId: null}, Type:RATIS, Factor:ONE, State:OPEN]
2019-09-20 09:26:56,252 [grpc-default-executor-1] INFO  impl.RaftServerProxy (RaftServerProxy.java:addNew(89)) - 492ed782-6ab3-4ad9-945e-06def6ac7c96: addNew group-498462112DBF:[492ed782-6ab3-4ad9-945e-06def6ac7c96:192.168.36.99:32835] returns group-498462112DBF:java.util.concurrent.CompletableFuture@2d3f1292[Not completed]
2019-09-20 09:26:56,253 [pool-49-thread-1] INFO  impl.RaftServerImpl (RaftServerImpl.java:<init>(93)) - 492ed782-6ab3-4ad9-945e-06def6ac7c96: new RaftServerImpl for group-498462112DBF:[492ed782-6ab3-4ad9-945e-06def6ac7c96:192.168.36.99:32835] with ContainerStateMachine:uninitialized
2019-09-20 09:26:56,254 [pool-49-thread-1] INFO  server.RaftServerConfigKeys (ConfUtils.java:logGet(43)) - raft.server.rpc.timeout.min = 5s (custom)
2019-09-20 09:26:56,254 [pool-49-thread-1] INFO  server.RaftServerConfigKeys (ConfUtils.java:logGet(43)) - raft.server.rpc.timeout.max = 5200ms (custom)
2019-09-20 09:26:56,254 [pool-49-thread-1] INFO  server.RaftServerConfigKeys (ConfUtils.java:logGet(43)) - raft.server.rpcslowness.timeout = 10s (custom)
2019-09-20 09:26:56,254 [pool-49-thread-1] INFO  server.RaftServerConfigKeys (ConfUtils.java:logGet(43)) - raft.server.sleep.deviation.threshold = 300 (default)
2019-09-20 09:26:56,255 [pool-49-thread-1] INFO  server.RaftServerConfigKeys (ConfUtils.java:logGet(43)) - raft.server.log.appender.install.snapshot.enabled = false (custom)
2019-09-20 09:26:56,255 [pool-49-thread-1] INFO  impl.RaftServerImpl (ServerState.java:<init>(105)) - 492ed782-6ab3-4ad9-945e-06def6ac7c96:group-498462112DBF ConfigurationManager, init=-1: [492ed782-6ab3-4ad9-945e-06def6ac7c96:192.168.36.99:32835], old=null, confs=<EMPTY_MAP>
2019-09-20 09:26:56,255 [pool-49-thread-1] INFO  server.RaftServerConfigKeys (ConfUtils.java:logGet(43)) - raft.server.storage.dir = [/workdir/hadoop-ozone/integration-test/target/test-dir/MiniOzoneClusterImpl-a33d77e5-464b-4d19-8e6b-a171e580bf0e/datanode-2/data/ratis] (custom)
2019-09-20 09:26:56,264 [pool-49-thread-1] INFO  storage.RaftStorageDirectory (RaftStorageDirectory.java:analyzeStorage(246)) - The storage directory /workdir/hadoop-ozone/integration-test/target/test-dir/MiniOzoneClusterImpl-a33d77e5-464b-4d19-8e6b-a171e580bf0e/datanode-2/data/ratis/aa8a3dde-01ff-4ff8-810c-498462112dbf does not exist. Creating ...
2019-09-20 09:26:56,267 | INFO  | SCMAudit | user=jenkins1000 | ip=192.168.36.99 | op=SEND_HEARTBEAT {datanodeUUID=4840c00f-91d3-4881-a20b-4d0486ca97c0, command=[]} | ret=SUCCESS |  
2019-09-20 09:26:56,267 | INFO  | SCMAudit | user=jenkins1000 | ip=192.168.36.99 | op=SEND_HEARTBEAT {datanodeUUID=871e6485-c22a-483f-9e07-d19e754685be, command=[]} | ret=SUCCESS |  
2019-09-20 09:26:56,267 | INFO  | SCMAudit | user=jenkins1000 | ip=192.168.36.99 | op=SEND_HEARTBEAT {datanodeUUID=492ed782-6ab3-4ad9-945e-06def6ac7c96, command=[]} | ret=SUCCESS |  
2019-09-20 09:26:56,288 [pool-49-thread-1] INFO  storage.RaftStorageDirectory (RaftStorageDirectory.java:tryLock(328)) - Lock on /workdir/hadoop-ozone/integration-test/target/test-dir/MiniOzoneClusterImpl-a33d77e5-464b-4d19-8e6b-a171e580bf0e/datanode-2/data/ratis/aa8a3dde-01ff-4ff8-810c-498462112dbf/in_use.lock acquired by nodename 7145@pr-hdds-1569-p5fx8-1226042367
2019-09-20 09:26:56,313 [pool-49-thread-1] INFO  storage.RaftStorage (RaftStorage.java:format(72)) - Storage directory /workdir/hadoop-ozone/integration-test/target/test-dir/MiniOzoneClusterImpl-a33d77e5-464b-4d19-8e6b-a171e580bf0e/datanode-2/data/ratis/aa8a3dde-01ff-4ff8-810c-498462112dbf has been successfully formatted.
2019-09-20 09:26:56,314 [pool-49-thread-1] INFO  ratis.ContainerStateMachine (ContainerStateMachine.java:loadSnapshot(226)) - group-498462112DBF: The snapshot info is null. Setting the last applied indexto:(t:0, i:~)
2019-09-20 09:26:56,314 [pool-49-thread-1] INFO  server.RaftServerConfigKeys (ConfUtils.java:logGet(43)) - raft.server.leader.election.timeout = 10s (custom)
2019-09-20 09:26:56,314 [pool-49-thread-1] INFO  server.RaftServerConfigKeys (ConfUtils.java:logGet(43)) - raft.server.log.use.memory = false (default)
2019-09-20 09:26:56,314 [pool-49-thread-1] INFO  server.RaftServerConfigKeys (ConfUtils.java:logGet(43)) - raft.server.log.purge.gap = 1000000 (custom)
2019-09-20 09:26:56,316 [pool-49-thread-1] INFO  server.RaftServerConfigKeys (ConfUtils.java:logGet(43)) - raft.server.log.appender.buffer.byte-limit = 33554432 (custom)
2019-09-20 09:26:56,317 [pool-49-thread-1] INFO  server.RaftServerConfigKeys (ConfUtils.java:logGet(43)) - raft.server.log.segment.size.max = 1048576 (custom)
2019-09-20 09:26:56,317 [pool-49-thread-1] INFO  server.RaftServerConfigKeys (ConfUtils.java:logGet(43)) - raft.server.log.segment.cache.num.max = 2 (custom)
2019-09-20 09:26:56,317 | INFO  | SCMAudit | user=jenkins1000 | ip=192.168.36.99 | op=SEND_HEARTBEAT {datanodeUUID=02b93e76-e4c6-4b67-b8a4-c536d9ab7224, command=[]} | ret=SUCCESS |  
2019-09-20 09:26:56,317 [pool-49-thread-1] INFO  segmented.SegmentedRaftLogWorker (SegmentedRaftLogWorker.java:<init>(172)) - new 492ed782-6ab3-4ad9-945e-06def6ac7c96-SegmentedRaftLogWorker:Storage Directory /workdir/hadoop-ozone/integration-test/target/test-dir/MiniOzoneClusterImpl-a33d77e5-464b-4d19-8e6b-a171e580bf0e/datanode-2/data/ratis/aa8a3dde-01ff-4ff8-810c-498462112dbf for RaftStorage:Storage Directory /workdir/hadoop-ozone/integration-test/target/test-dir/MiniOzoneClusterImpl-a33d77e5-464b-4d19-8e6b-a171e580bf0e/datanode-2/data/ratis/aa8a3dde-01ff-4ff8-810c-498462112dbf
2019-09-20 09:26:56,317 [pool-49-thread-1] INFO  server.RaftServerConfigKeys (ConfUtils.java:logGet(43)) - raft.server.log.queue.byte-limit = 2147483647 (custom)
2019-09-20 09:26:56,317 [pool-49-thread-1] INFO  server.RaftServerConfigKeys (ConfUtils.java:logGet(43)) - raft.server.log.queue.element-limit = 1024 (custom)
2019-09-20 09:26:56,317 [pool-49-thread-1] INFO  server.RaftServerConfigKeys (ConfUtils.java:logGet(43)) - raft.server.log.segment.size.max = 1048576 (custom)
2019-09-20 09:26:56,318 [pool-49-thread-1] INFO  server.RaftServerConfigKeys (ConfUtils.java:logGet(43)) - raft.server.log.preallocated.size = 16384 (custom)
2019-09-20 09:26:56,318 [pool-49-thread-1] INFO  server.RaftServerConfigKeys (ConfUtils.java:logGet(43)) - raft.server.log.write.buffer.size = 33554432 (custom)
2019-09-20 09:26:56,318 [pool-49-thread-1] INFO  server.RaftServerConfigKeys (ConfUtils.java:logGet(43)) - raft.server.log.force.sync.num = 128 (default)
2019-09-20 09:26:56,318 [pool-49-thread-1] INFO  server.RaftServerConfigKeys (ConfUtils.java:logGet(43)) - raft.server.log.statemachine.data.sync = true (default)
2019-09-20 09:26:56,318 [pool-49-thread-1] INFO  server.RaftServerConfigKeys (ConfUtils.java:logGet(43)) - raft.server.log.statemachine.data.sync.timeout = 10s (default)
2019-09-20 09:26:56,318 [pool-49-thread-1] INFO  server.RaftServerConfigKeys (ConfUtils.java:logGet(43)) - raft.server.log.statemachine.data.sync.timeout.retry = -1 (default)
2019-09-20 09:26:56,319 [pool-49-thread-1] INFO  server.RaftServerConfigKeys (ConfUtils.java:logGet(43)) - raft.server.log.statemachine.data.caching.enabled = true (custom)
2019-09-20 09:26:56,319 [pool-49-thread-1] INFO  segmented.SegmentedRaftLogWorker (SegmentedRaftLogWorker.java:lambda$new$0(132)) - 492ed782-6ab3-4ad9-945e-06def6ac7c96-SegmentedRaftLogWorker:Storage Directory /workdir/hadoop-ozone/integration-test/target/test-dir/MiniOzoneClusterImpl-a33d77e5-464b-4d19-8e6b-a171e580bf0e/datanode-2/data/ratis/aa8a3dde-01ff-4ff8-810c-498462112dbf: flushIndex: setUnconditionally 0 -> -1
2019-09-20 09:26:56,320 [pool-49-thread-1] INFO  server.RaftServerConfigKeys (ConfUtils.java:logGet(43)) - raft.server.snapshot.auto.trigger.enabled = true (custom)
2019-09-20 09:26:56,320 [pool-49-thread-1] INFO  server.RaftServerConfigKeys (ConfUtils.java:logGet(43)) - raft.server.snapshot.auto.trigger.threshold = 10000 (custom)
2019-09-20 09:26:56,320 [pool-49-thread-1] INFO  server.RaftServerConfigKeys (ConfUtils.java:logGet(43)) - raft.server.retrycache.expirytime = 600000ms (custom)
2019-09-20 09:26:56,320 [pool-49-thread-1] INFO  impl.RaftServerImpl (RaftServerImpl.java:start(180)) - 492ed782-6ab3-4ad9-945e-06def6ac7c96: start group-498462112DBF
2019-09-20 09:26:56,320 [pool-49-thread-1] INFO  impl.RaftServerImpl (RaftServerImpl.java:setRole(171)) - 492ed782-6ab3-4ad9-945e-06def6ac7c96:group-498462112DBF changes role from null to FOLLOWER at term 0 for startAsFollower
2019-09-20 09:26:56,321 [pool-49-thread-1] INFO  impl.RoleInfo (RoleInfo.java:updateAndGet(143)) - 492ed782-6ab3-4ad9-945e-06def6ac7c96: start FollowerState
2019-09-20 09:26:56,321 [pool-49-thread-1] INFO  util.JmxRegister (JmxRegister.java:tryRegister(44)) - Successfully registered JMX Bean with object name Ratis:service=RaftServer,group=group-498462112DBF,id=492ed782-6ab3-4ad9-945e-06def6ac7c96
2019-09-20 09:26:56,324 [RatisPipelineUtilsThread] INFO  pipeline.PipelineStateManager (PipelineStateManager.java:addPipeline(56)) - Created pipeline Pipeline[ Id: aa8a3dde-01ff-4ff8-810c-498462112dbf, Nodes: 492ed782-6ab3-4ad9-945e-06def6ac7c96{ip: 192.168.36.99, host: pr-hdds-1569-p5fx8-1226042367, networkLocation: /default-rack, certSerialId: null}, Type:RATIS, Factor:ONE, State:OPEN]
2019-09-20 09:26:56,331 [grpc-default-executor-1] INFO  impl.RaftServerProxy (RaftServerProxy.java:addNew(89)) - fd3cd5f9-4f1c-43ea-91b1-b85a1f6c3825: addNew group-C7852780CB56:[fd3cd5f9-4f1c-43ea-91b1-b85a1f6c3825:192.168.36.99:39114] returns group-C7852780CB56:java.util.concurrent.CompletableFuture@e6822cf[Not completed]
2019-09-20 09:26:56,333 [pool-38-thread-1] INFO  impl.RaftServerImpl (RaftServerImpl.java:<init>(93)) - fd3cd5f9-4f1c-43ea-91b1-b85a1f6c3825: new RaftServerImpl for group-C7852780CB56:[fd3cd5f9-4f1c-43ea-91b1-b85a1f6c3825:192.168.36.99:39114] with ContainerStateMachine:uninitialized
2019-09-20 09:26:56,333 [pool-38-thread-1] INFO  server.RaftServerConfigKeys (ConfUtils.java:logGet(43)) - raft.server.rpc.timeout.min = 5s (custom)
2019-09-20 09:26:56,334 [pool-38-thread-1] INFO  server.RaftServerConfigKeys (ConfUtils.java:logGet(43)) - raft.server.rpc.timeout.max = 5200ms (custom)
2019-09-20 09:26:56,334 [pool-38-thread-1] INFO  server.RaftServerConfigKeys (ConfUtils.java:logGet(43)) - raft.server.rpcslowness.timeout = 10s (custom)
2019-09-20 09:26:56,334 [pool-38-thread-1] INFO  server.RaftServerConfigKeys (ConfUtils.java:logGet(43)) - raft.server.sleep.deviation.threshold = 300 (default)
2019-09-20 09:26:56,334 [pool-38-thread-1] INFO  server.RaftServerConfigKeys (ConfUtils.java:logGet(43)) - raft.server.log.appender.install.snapshot.enabled = false (custom)
2019-09-20 09:26:56,334 [pool-38-thread-1] INFO  impl.RaftServerImpl (ServerState.java:<init>(105)) - fd3cd5f9-4f1c-43ea-91b1-b85a1f6c3825:group-C7852780CB56 ConfigurationManager, init=-1: [fd3cd5f9-4f1c-43ea-91b1-b85a1f6c3825:192.168.36.99:39114], old=null, confs=<EMPTY_MAP>
2019-09-20 09:26:56,335 [pool-38-thread-1] INFO  server.RaftServerConfigKeys (ConfUtils.java:logGet(43)) - raft.server.storage.dir = [/workdir/hadoop-ozone/integration-test/target/test-dir/MiniOzoneClusterImpl-a33d77e5-464b-4d19-8e6b-a171e580bf0e/datanode-1/data/ratis] (custom)
2019-09-20 09:26:56,335 [pool-38-thread-1] INFO  storage.RaftStorageDirectory (RaftStorageDirectory.java:analyzeStorage(246)) - The storage directory /workdir/hadoop-ozone/integration-test/target/test-dir/MiniOzoneClusterImpl-a33d77e5-464b-4d19-8e6b-a171e580bf0e/datanode-1/data/ratis/589eff64-bdb7-49a5-bc4d-c7852780cb56 does not exist. Creating ...
2019-09-20 09:26:56,355 [pool-38-thread-1] INFO  storage.RaftStorageDirectory (RaftStorageDirectory.java:tryLock(328)) - Lock on /workdir/hadoop-ozone/integration-test/target/test-dir/MiniOzoneClusterImpl-a33d77e5-464b-4d19-8e6b-a171e580bf0e/datanode-1/data/ratis/589eff64-bdb7-49a5-bc4d-c7852780cb56/in_use.lock acquired by nodename 7145@pr-hdds-1569-p5fx8-1226042367
2019-09-20 09:26:56,372 [pool-38-thread-1] INFO  storage.RaftStorage (RaftStorage.java:format(72)) - Storage directory /workdir/hadoop-ozone/integration-test/target/test-dir/MiniOzoneClusterImpl-a33d77e5-464b-4d19-8e6b-a171e580bf0e/datanode-1/data/ratis/589eff64-bdb7-49a5-bc4d-c7852780cb56 has been successfully formatted.
2019-09-20 09:26:56,373 [pool-38-thread-1] INFO  ratis.ContainerStateMachine (ContainerStateMachine.java:loadSnapshot(226)) - group-C7852780CB56: The snapshot info is null. Setting the last applied indexto:(t:0, i:~)
2019-09-20 09:26:56,373 [pool-38-thread-1] INFO  server.RaftServerConfigKeys (ConfUtils.java:logGet(43)) - raft.server.leader.election.timeout = 10s (custom)
2019-09-20 09:26:56,373 [pool-38-thread-1] INFO  server.RaftServerConfigKeys (ConfUtils.java:logGet(43)) - raft.server.log.use.memory = false (default)
2019-09-20 09:26:56,373 [pool-38-thread-1] INFO  server.RaftServerConfigKeys (ConfUtils.java:logGet(43)) - raft.server.log.purge.gap = 1000000 (custom)
2019-09-20 09:26:56,374 [pool-38-thread-1] INFO  server.RaftServerConfigKeys (ConfUtils.java:logGet(43)) - raft.server.log.appender.buffer.byte-limit = 33554432 (custom)
2019-09-20 09:26:56,374 [pool-38-thread-1] INFO  server.RaftServerConfigKeys (ConfUtils.java:logGet(43)) - raft.server.log.segment.size.max = 1048576 (custom)
2019-09-20 09:26:56,374 [pool-38-thread-1] INFO  server.RaftServerConfigKeys (ConfUtils.java:logGet(43)) - raft.server.log.segment.cache.num.max = 2 (custom)
2019-09-20 09:26:56,374 [pool-38-thread-1] INFO  segmented.SegmentedRaftLogWorker (SegmentedRaftLogWorker.java:<init>(172)) - new fd3cd5f9-4f1c-43ea-91b1-b85a1f6c3825-SegmentedRaftLogWorker:Storage Directory /workdir/hadoop-ozone/integration-test/target/test-dir/MiniOzoneClusterImpl-a33d77e5-464b-4d19-8e6b-a171e580bf0e/datanode-1/data/ratis/589eff64-bdb7-49a5-bc4d-c7852780cb56 for RaftStorage:Storage Directory /workdir/hadoop-ozone/integration-test/target/test-dir/MiniOzoneClusterImpl-a33d77e5-464b-4d19-8e6b-a171e580bf0e/datanode-1/data/ratis/589eff64-bdb7-49a5-bc4d-c7852780cb56
2019-09-20 09:26:56,374 [pool-38-thread-1] INFO  server.RaftServerConfigKeys (ConfUtils.java:logGet(43)) - raft.server.log.queue.byte-limit = 2147483647 (custom)
2019-09-20 09:26:56,375 [pool-38-thread-1] INFO  server.RaftServerConfigKeys (ConfUtils.java:logGet(43)) - raft.server.log.queue.element-limit = 1024 (custom)
2019-09-20 09:26:56,375 [pool-38-thread-1] INFO  server.RaftServerConfigKeys (ConfUtils.java:logGet(43)) - raft.server.log.segment.size.max = 1048576 (custom)
2019-09-20 09:26:56,375 [pool-38-thread-1] INFO  server.RaftServerConfigKeys (ConfUtils.java:logGet(43)) - raft.server.log.preallocated.size = 16384 (custom)
2019-09-20 09:26:56,375 [pool-38-thread-1] INFO  server.RaftServerConfigKeys (ConfUtils.java:logGet(43)) - raft.server.log.write.buffer.size = 33554432 (custom)
2019-09-20 09:26:56,375 [pool-38-thread-1] INFO  server.RaftServerConfigKeys (ConfUtils.java:logGet(43)) - raft.server.log.force.sync.num = 128 (default)
2019-09-20 09:26:56,375 [pool-38-thread-1] INFO  server.RaftServerConfigKeys (ConfUtils.java:logGet(43)) - raft.server.log.statemachine.data.sync = true (default)
2019-09-20 09:26:56,376 [pool-38-thread-1] INFO  server.RaftServerConfigKeys (ConfUtils.java:logGet(43)) - raft.server.log.statemachine.data.sync.timeout = 10s (default)
2019-09-20 09:26:56,376 [pool-38-thread-1] INFO  server.RaftServerConfigKeys (ConfUtils.java:logGet(43)) - raft.server.log.statemachine.data.sync.timeout.retry = -1 (default)
2019-09-20 09:26:56,376 [pool-38-thread-1] INFO  server.RaftServerConfigKeys (ConfUtils.java:logGet(43)) - raft.server.log.statemachine.data.caching.enabled = true (custom)
2019-09-20 09:26:56,377 [pool-38-thread-1] INFO  segmented.SegmentedRaftLogWorker (SegmentedRaftLogWorker.java:lambda$new$0(132)) - fd3cd5f9-4f1c-43ea-91b1-b85a1f6c3825-SegmentedRaftLogWorker:Storage Directory /workdir/hadoop-ozone/integration-test/target/test-dir/MiniOzoneClusterImpl-a33d77e5-464b-4d19-8e6b-a171e580bf0e/datanode-1/data/ratis/589eff64-bdb7-49a5-bc4d-c7852780cb56: flushIndex: setUnconditionally 0 -> -1
2019-09-20 09:26:56,377 [pool-38-thread-1] INFO  server.RaftServerConfigKeys (ConfUtils.java:logGet(43)) - raft.server.snapshot.auto.trigger.enabled = true (custom)
2019-09-20 09:26:56,377 [pool-38-thread-1] INFO  server.RaftServerConfigKeys (ConfUtils.java:logGet(43)) - raft.server.snapshot.auto.trigger.threshold = 10000 (custom)
2019-09-20 09:26:56,377 [pool-38-thread-1] INFO  server.RaftServerConfigKeys (ConfUtils.java:logGet(43)) - raft.server.retrycache.expirytime = 600000ms (custom)
2019-09-20 09:26:56,378 [pool-38-thread-1] INFO  impl.RaftServerImpl (RaftServerImpl.java:start(180)) - fd3cd5f9-4f1c-43ea-91b1-b85a1f6c3825: start group-C7852780CB56
2019-09-20 09:26:56,378 [pool-38-thread-1] INFO  impl.RaftServerImpl (RaftServerImpl.java:setRole(171)) - fd3cd5f9-4f1c-43ea-91b1-b85a1f6c3825:group-C7852780CB56 changes role from null to FOLLOWER at term 0 for startAsFollower
2019-09-20 09:26:56,378 [pool-38-thread-1] INFO  impl.RoleInfo (RoleInfo.java:updateAndGet(143)) - fd3cd5f9-4f1c-43ea-91b1-b85a1f6c3825: start FollowerState
2019-09-20 09:26:56,379 [pool-38-thread-1] INFO  util.JmxRegister (JmxRegister.java:tryRegister(44)) - Successfully registered JMX Bean with object name Ratis:service=RaftServer,group=group-C7852780CB56,id=fd3cd5f9-4f1c-43ea-91b1-b85a1f6c3825
2019-09-20 09:26:56,382 [RatisPipelineUtilsThread] INFO  pipeline.PipelineStateManager (PipelineStateManager.java:addPipeline(56)) - Created pipeline Pipeline[ Id: 589eff64-bdb7-49a5-bc4d-c7852780cb56, Nodes: fd3cd5f9-4f1c-43ea-91b1-b85a1f6c3825{ip: 192.168.36.99, host: pr-hdds-1569-p5fx8-1226042367, networkLocation: /default-rack, certSerialId: null}, Type:RATIS, Factor:ONE, State:OPEN]
2019-09-20 09:26:56,389 [grpc-default-executor-1] INFO  impl.RaftServerProxy (RaftServerProxy.java:addNew(89)) - 02b93e76-e4c6-4b67-b8a4-c536d9ab7224: addNew group-609AF3810E01:[02b93e76-e4c6-4b67-b8a4-c536d9ab7224:192.168.36.99:39343] returns group-609AF3810E01:java.util.concurrent.CompletableFuture@2b122d14[Not completed]
2019-09-20 09:26:56,391 [pool-27-thread-1] INFO  impl.RaftServerImpl (RaftServerImpl.java:<init>(93)) - 02b93e76-e4c6-4b67-b8a4-c536d9ab7224: new RaftServerImpl for group-609AF3810E01:[02b93e76-e4c6-4b67-b8a4-c536d9ab7224:192.168.36.99:39343] with ContainerStateMachine:uninitialized
2019-09-20 09:26:56,391 [pool-27-thread-1] INFO  server.RaftServerConfigKeys (ConfUtils.java:logGet(43)) - raft.server.rpc.timeout.min = 5s (custom)
2019-09-20 09:26:56,391 [pool-27-thread-1] INFO  server.RaftServerConfigKeys (ConfUtils.java:logGet(43)) - raft.server.rpc.timeout.max = 5200ms (custom)
2019-09-20 09:26:56,391 [pool-27-thread-1] INFO  server.RaftServerConfigKeys (ConfUtils.java:logGet(43)) - raft.server.rpcslowness.timeout = 10s (custom)
2019-09-20 09:26:56,392 [pool-27-thread-1] INFO  server.RaftServerConfigKeys (ConfUtils.java:logGet(43)) - raft.server.sleep.deviation.threshold = 300 (default)
2019-09-20 09:26:56,392 [pool-27-thread-1] INFO  server.RaftServerConfigKeys (ConfUtils.java:logGet(43)) - raft.server.log.appender.install.snapshot.enabled = false (custom)
2019-09-20 09:26:56,392 [pool-27-thread-1] INFO  impl.RaftServerImpl (ServerState.java:<init>(105)) - 02b93e76-e4c6-4b67-b8a4-c536d9ab7224:group-609AF3810E01 ConfigurationManager, init=-1: [02b93e76-e4c6-4b67-b8a4-c536d9ab7224:192.168.36.99:39343], old=null, confs=<EMPTY_MAP>
2019-09-20 09:26:56,392 [pool-27-thread-1] INFO  server.RaftServerConfigKeys (ConfUtils.java:logGet(43)) - raft.server.storage.dir = [/workdir/hadoop-ozone/integration-test/target/test-dir/MiniOzoneClusterImpl-a33d77e5-464b-4d19-8e6b-a171e580bf0e/datanode-0/data/ratis] (custom)
2019-09-20 09:26:56,393 [pool-27-thread-1] INFO  storage.RaftStorageDirectory (RaftStorageDirectory.java:analyzeStorage(246)) - The storage directory /workdir/hadoop-ozone/integration-test/target/test-dir/MiniOzoneClusterImpl-a33d77e5-464b-4d19-8e6b-a171e580bf0e/datanode-0/data/ratis/74bf1f7f-e8e1-449b-ae20-609af3810e01 does not exist. Creating ...
2019-09-20 09:26:56,414 [pool-27-thread-1] INFO  storage.RaftStorageDirectory (RaftStorageDirectory.java:tryLock(328)) - Lock on /workdir/hadoop-ozone/integration-test/target/test-dir/MiniOzoneClusterImpl-a33d77e5-464b-4d19-8e6b-a171e580bf0e/datanode-0/data/ratis/74bf1f7f-e8e1-449b-ae20-609af3810e01/in_use.lock acquired by nodename 7145@pr-hdds-1569-p5fx8-1226042367
2019-09-20 09:26:56,456 [pool-27-thread-1] INFO  storage.RaftStorage (RaftStorage.java:format(72)) - Storage directory /workdir/hadoop-ozone/integration-test/target/test-dir/MiniOzoneClusterImpl-a33d77e5-464b-4d19-8e6b-a171e580bf0e/datanode-0/data/ratis/74bf1f7f-e8e1-449b-ae20-609af3810e01 has been successfully formatted.
2019-09-20 09:26:56,457 [pool-27-thread-1] INFO  ratis.ContainerStateMachine (ContainerStateMachine.java:loadSnapshot(226)) - group-609AF3810E01: The snapshot info is null. Setting the last applied indexto:(t:0, i:~)
2019-09-20 09:26:56,457 [pool-27-thread-1] INFO  server.RaftServerConfigKeys (ConfUtils.java:logGet(43)) - raft.server.leader.election.timeout = 10s (custom)
2019-09-20 09:26:56,457 [pool-27-thread-1] INFO  server.RaftServerConfigKeys (ConfUtils.java:logGet(43)) - raft.server.log.use.memory = false (default)
2019-09-20 09:26:56,457 [pool-27-thread-1] INFO  server.RaftServerConfigKeys (ConfUtils.java:logGet(43)) - raft.server.log.purge.gap = 1000000 (custom)
2019-09-20 09:26:56,457 [pool-27-thread-1] INFO  server.RaftServerConfigKeys (ConfUtils.java:logGet(43)) - raft.server.log.appender.buffer.byte-limit = 33554432 (custom)
2019-09-20 09:26:56,458 [pool-27-thread-1] INFO  server.RaftServerConfigKeys (ConfUtils.java:logGet(43)) - raft.server.log.segment.size.max = 1048576 (custom)
2019-09-20 09:26:56,458 [pool-27-thread-1] INFO  server.RaftServerConfigKeys (ConfUtils.java:logGet(43)) - raft.server.log.segment.cache.num.max = 2 (custom)
2019-09-20 09:26:56,458 [pool-27-thread-1] INFO  segmented.SegmentedRaftLogWorker (SegmentedRaftLogWorker.java:<init>(172)) - new 02b93e76-e4c6-4b67-b8a4-c536d9ab7224-SegmentedRaftLogWorker:Storage Directory /workdir/hadoop-ozone/integration-test/target/test-dir/MiniOzoneClusterImpl-a33d77e5-464b-4d19-8e6b-a171e580bf0e/datanode-0/data/ratis/74bf1f7f-e8e1-449b-ae20-609af3810e01 for RaftStorage:Storage Directory /workdir/hadoop-ozone/integration-test/target/test-dir/MiniOzoneClusterImpl-a33d77e5-464b-4d19-8e6b-a171e580bf0e/datanode-0/data/ratis/74bf1f7f-e8e1-449b-ae20-609af3810e01
2019-09-20 09:26:56,458 [pool-27-thread-1] INFO  server.RaftServerConfigKeys (ConfUtils.java:logGet(43)) - raft.server.log.queue.byte-limit = 2147483647 (custom)
2019-09-20 09:26:56,458 [pool-27-thread-1] INFO  server.RaftServerConfigKeys (ConfUtils.java:logGet(43)) - raft.server.log.queue.element-limit = 1024 (custom)
2019-09-20 09:26:56,458 [pool-27-thread-1] INFO  server.RaftServerConfigKeys (ConfUtils.java:logGet(43)) - raft.server.log.segment.size.max = 1048576 (custom)
2019-09-20 09:26:56,459 [pool-27-thread-1] INFO  server.RaftServerConfigKeys (ConfUtils.java:logGet(43)) - raft.server.log.preallocated.size = 16384 (custom)
2019-09-20 09:26:56,459 [pool-27-thread-1] INFO  server.RaftServerConfigKeys (ConfUtils.java:logGet(43)) - raft.server.log.write.buffer.size = 33554432 (custom)
2019-09-20 09:26:56,459 [pool-27-thread-1] INFO  server.RaftServerConfigKeys (ConfUtils.java:logGet(43)) - raft.server.log.force.sync.num = 128 (default)
2019-09-20 09:26:56,459 [pool-27-thread-1] INFO  server.RaftServerConfigKeys (ConfUtils.java:logGet(43)) - raft.server.log.statemachine.data.sync = true (default)
2019-09-20 09:26:56,459 [pool-27-thread-1] INFO  server.RaftServerConfigKeys (ConfUtils.java:logGet(43)) - raft.server.log.statemachine.data.sync.timeout = 10s (default)
2019-09-20 09:26:56,459 [pool-27-thread-1] INFO  server.RaftServerConfigKeys (ConfUtils.java:logGet(43)) - raft.server.log.statemachine.data.sync.timeout.retry = -1 (default)
2019-09-20 09:26:56,460 [pool-27-thread-1] INFO  server.RaftServerConfigKeys (ConfUtils.java:logGet(43)) - raft.server.log.statemachine.data.caching.enabled = true (custom)
2019-09-20 09:26:56,460 [pool-27-thread-1] INFO  segmented.SegmentedRaftLogWorker (SegmentedRaftLogWorker.java:lambda$new$0(132)) - 02b93e76-e4c6-4b67-b8a4-c536d9ab7224-SegmentedRaftLogWorker:Storage Directory /workdir/hadoop-ozone/integration-test/target/test-dir/MiniOzoneClusterImpl-a33d77e5-464b-4d19-8e6b-a171e580bf0e/datanode-0/data/ratis/74bf1f7f-e8e1-449b-ae20-609af3810e01: flushIndex: setUnconditionally 0 -> -1
2019-09-20 09:26:56,460 [pool-27-thread-1] INFO  server.RaftServerConfigKeys (ConfUtils.java:logGet(43)) - raft.server.snapshot.auto.trigger.enabled = true (custom)
2019-09-20 09:26:56,460 [pool-27-thread-1] INFO  server.RaftServerConfigKeys (ConfUtils.java:logGet(43)) - raft.server.snapshot.auto.trigger.threshold = 10000 (custom)
2019-09-20 09:26:56,461 [pool-27-thread-1] INFO  server.RaftServerConfigKeys (ConfUtils.java:logGet(43)) - raft.server.retrycache.expirytime = 600000ms (custom)
2019-09-20 09:26:56,461 [pool-27-thread-1] INFO  impl.RaftServerImpl (RaftServerImpl.java:start(180)) - 02b93e76-e4c6-4b67-b8a4-c536d9ab7224: start group-609AF3810E01
2019-09-20 09:26:56,461 [pool-27-thread-1] INFO  impl.RaftServerImpl (RaftServerImpl.java:setRole(171)) - 02b93e76-e4c6-4b67-b8a4-c536d9ab7224:group-609AF3810E01 changes role from null to FOLLOWER at term 0 for startAsFollower
2019-09-20 09:26:56,461 [pool-27-thread-1] INFO  impl.RoleInfo (RoleInfo.java:updateAndGet(143)) - 02b93e76-e4c6-4b67-b8a4-c536d9ab7224: start FollowerState
2019-09-20 09:26:56,462 [pool-27-thread-1] INFO  util.JmxRegister (JmxRegister.java:tryRegister(44)) - Successfully registered JMX Bean with object name Ratis:service=RaftServer,group=group-609AF3810E01,id=02b93e76-e4c6-4b67-b8a4-c536d9ab7224
2019-09-20 09:26:56,465 [RatisPipelineUtilsThread] INFO  pipeline.PipelineStateManager (PipelineStateManager.java:addPipeline(56)) - Created pipeline Pipeline[ Id: 74bf1f7f-e8e1-449b-ae20-609af3810e01, Nodes: 02b93e76-e4c6-4b67-b8a4-c536d9ab7224{ip: 192.168.36.99, host: pr-hdds-1569-p5fx8-1226042367, networkLocation: /default-rack, certSerialId: null}, Type:RATIS, Factor:ONE, State:OPEN]
2019-09-20 09:26:56,471 [grpc-default-executor-1] INFO  impl.RaftServerProxy (RaftServerProxy.java:addNew(89)) - 871e6485-c22a-483f-9e07-d19e754685be: addNew group-62B3CE7CDECD:[871e6485-c22a-483f-9e07-d19e754685be:192.168.36.99:41076] returns group-62B3CE7CDECD:java.util.concurrent.CompletableFuture@59038879[Not completed]
2019-09-20 09:26:56,473 [pool-71-thread-1] INFO  impl.RaftServerImpl (RaftServerImpl.java:<init>(93)) - 871e6485-c22a-483f-9e07-d19e754685be: new RaftServerImpl for group-62B3CE7CDECD:[871e6485-c22a-483f-9e07-d19e754685be:192.168.36.99:41076] with ContainerStateMachine:uninitialized
2019-09-20 09:26:56,473 [pool-71-thread-1] INFO  server.RaftServerConfigKeys (ConfUtils.java:logGet(43)) - raft.server.rpc.timeout.min = 5s (custom)
2019-09-20 09:26:56,473 [pool-71-thread-1] INFO  server.RaftServerConfigKeys (ConfUtils.java:logGet(43)) - raft.server.rpc.timeout.max = 5200ms (custom)
2019-09-20 09:26:56,474 [pool-71-thread-1] INFO  server.RaftServerConfigKeys (ConfUtils.java:logGet(43)) - raft.server.rpcslowness.timeout = 10s (custom)
2019-09-20 09:26:56,474 [pool-71-thread-1] INFO  server.RaftServerConfigKeys (ConfUtils.java:logGet(43)) - raft.server.sleep.deviation.threshold = 300 (default)
2019-09-20 09:26:56,474 [pool-71-thread-1] INFO  server.RaftServerConfigKeys (ConfUtils.java:logGet(43)) - raft.server.log.appender.install.snapshot.enabled = false (custom)
2019-09-20 09:26:56,474 [pool-71-thread-1] INFO  impl.RaftServerImpl (ServerState.java:<init>(105)) - 871e6485-c22a-483f-9e07-d19e754685be:group-62B3CE7CDECD ConfigurationManager, init=-1: [871e6485-c22a-483f-9e07-d19e754685be:192.168.36.99:41076], old=null, confs=<EMPTY_MAP>
2019-09-20 09:26:56,474 [pool-71-thread-1] INFO  server.RaftServerConfigKeys (ConfUtils.java:logGet(43)) - raft.server.storage.dir = [/workdir/hadoop-ozone/integration-test/target/test-dir/MiniOzoneClusterImpl-a33d77e5-464b-4d19-8e6b-a171e580bf0e/datanode-4/data/ratis] (custom)
2019-09-20 09:26:56,475 [pool-71-thread-1] INFO  storage.RaftStorageDirectory (RaftStorageDirectory.java:analyzeStorage(246)) - The storage directory /workdir/hadoop-ozone/integration-test/target/test-dir/MiniOzoneClusterImpl-a33d77e5-464b-4d19-8e6b-a171e580bf0e/datanode-4/data/ratis/47f1de23-9f10-4974-b4a8-62b3ce7cdecd does not exist. Creating ...
2019-09-20 09:26:56,515 [pool-71-thread-1] INFO  storage.RaftStorageDirectory (RaftStorageDirectory.java:tryLock(328)) - Lock on /workdir/hadoop-ozone/integration-test/target/test-dir/MiniOzoneClusterImpl-a33d77e5-464b-4d19-8e6b-a171e580bf0e/datanode-4/data/ratis/47f1de23-9f10-4974-b4a8-62b3ce7cdecd/in_use.lock acquired by nodename 7145@pr-hdds-1569-p5fx8-1226042367
2019-09-20 09:26:56,532 [pool-71-thread-1] INFO  storage.RaftStorage (RaftStorage.java:format(72)) - Storage directory /workdir/hadoop-ozone/integration-test/target/test-dir/MiniOzoneClusterImpl-a33d77e5-464b-4d19-8e6b-a171e580bf0e/datanode-4/data/ratis/47f1de23-9f10-4974-b4a8-62b3ce7cdecd has been successfully formatted.
2019-09-20 09:26:56,533 [pool-71-thread-1] INFO  ratis.ContainerStateMachine (ContainerStateMachine.java:loadSnapshot(226)) - group-62B3CE7CDECD: The snapshot info is null. Setting the last applied indexto:(t:0, i:~)
2019-09-20 09:26:56,533 [pool-71-thread-1] INFO  server.RaftServerConfigKeys (ConfUtils.java:logGet(43)) - raft.server.leader.election.timeout = 10s (custom)
2019-09-20 09:26:56,533 [pool-71-thread-1] INFO  server.RaftServerConfigKeys (ConfUtils.java:logGet(43)) - raft.server.log.use.memory = false (default)
2019-09-20 09:26:56,533 [pool-71-thread-1] INFO  server.RaftServerConfigKeys (ConfUtils.java:logGet(43)) - raft.server.log.purge.gap = 1000000 (custom)
2019-09-20 09:26:56,533 [pool-71-thread-1] INFO  server.RaftServerConfigKeys (ConfUtils.java:logGet(43)) - raft.server.log.appender.buffer.byte-limit = 33554432 (custom)
2019-09-20 09:26:56,534 [pool-71-thread-1] INFO  server.RaftServerConfigKeys (ConfUtils.java:logGet(43)) - raft.server.log.segment.size.max = 1048576 (custom)
2019-09-20 09:26:56,534 [pool-71-thread-1] INFO  server.RaftServerConfigKeys (ConfUtils.java:logGet(43)) - raft.server.log.segment.cache.num.max = 2 (custom)
2019-09-20 09:26:56,534 [pool-71-thread-1] INFO  segmented.SegmentedRaftLogWorker (SegmentedRaftLogWorker.java:<init>(172)) - new 871e6485-c22a-483f-9e07-d19e754685be-SegmentedRaftLogWorker:Storage Directory /workdir/hadoop-ozone/integration-test/target/test-dir/MiniOzoneClusterImpl-a33d77e5-464b-4d19-8e6b-a171e580bf0e/datanode-4/data/ratis/47f1de23-9f10-4974-b4a8-62b3ce7cdecd for RaftStorage:Storage Directory /workdir/hadoop-ozone/integration-test/target/test-dir/MiniOzoneClusterImpl-a33d77e5-464b-4d19-8e6b-a171e580bf0e/datanode-4/data/ratis/47f1de23-9f10-4974-b4a8-62b3ce7cdecd
2019-09-20 09:26:56,534 [pool-71-thread-1] INFO  server.RaftServerConfigKeys (ConfUtils.java:logGet(43)) - raft.server.log.queue.byte-limit = 2147483647 (custom)
2019-09-20 09:26:56,534 [pool-71-thread-1] INFO  server.RaftServerConfigKeys (ConfUtils.java:logGet(43)) - raft.server.log.queue.element-limit = 1024 (custom)
2019-09-20 09:26:56,534 [pool-71-thread-1] INFO  server.RaftServerConfigKeys (ConfUtils.java:logGet(43)) - raft.server.log.segment.size.max = 1048576 (custom)
2019-09-20 09:26:56,535 [pool-71-thread-1] INFO  server.RaftServerConfigKeys (ConfUtils.java:logGet(43)) - raft.server.log.preallocated.size = 16384 (custom)
2019-09-20 09:26:56,535 [pool-71-thread-1] INFO  server.RaftServerConfigKeys (ConfUtils.java:logGet(43)) - raft.server.log.write.buffer.size = 33554432 (custom)
2019-09-20 09:26:56,535 [pool-71-thread-1] INFO  server.RaftServerConfigKeys (ConfUtils.java:logGet(43)) - raft.server.log.force.sync.num = 128 (default)
2019-09-20 09:26:56,535 [pool-71-thread-1] INFO  server.RaftServerConfigKeys (ConfUtils.java:logGet(43)) - raft.server.log.statemachine.data.sync = true (default)
2019-09-20 09:26:56,535 [pool-71-thread-1] INFO  server.RaftServerConfigKeys (ConfUtils.java:logGet(43)) - raft.server.log.statemachine.data.sync.timeout = 10s (default)
2019-09-20 09:26:56,535 [pool-71-thread-1] INFO  server.RaftServerConfigKeys (ConfUtils.java:logGet(43)) - raft.server.log.statemachine.data.sync.timeout.retry = -1 (default)
2019-09-20 09:26:56,536 [pool-71-thread-1] INFO  server.RaftServerConfigKeys (ConfUtils.java:logGet(43)) - raft.server.log.statemachine.data.caching.enabled = true (custom)
2019-09-20 09:26:56,536 [pool-71-thread-1] INFO  segmented.SegmentedRaftLogWorker (SegmentedRaftLogWorker.java:lambda$new$0(132)) - 871e6485-c22a-483f-9e07-d19e754685be-SegmentedRaftLogWorker:Storage Directory /workdir/hadoop-ozone/integration-test/target/test-dir/MiniOzoneClusterImpl-a33d77e5-464b-4d19-8e6b-a171e580bf0e/datanode-4/data/ratis/47f1de23-9f10-4974-b4a8-62b3ce7cdecd: flushIndex: setUnconditionally 0 -> -1
2019-09-20 09:26:56,536 [pool-71-thread-1] INFO  server.RaftServerConfigKeys (ConfUtils.java:logGet(43)) - raft.server.snapshot.auto.trigger.enabled = true (custom)
2019-09-20 09:26:56,537 [pool-71-thread-1] INFO  server.RaftServerConfigKeys (ConfUtils.java:logGet(43)) - raft.server.snapshot.auto.trigger.threshold = 10000 (custom)
2019-09-20 09:26:56,537 [pool-71-thread-1] INFO  server.RaftServerConfigKeys (ConfUtils.java:logGet(43)) - raft.server.retrycache.expirytime = 600000ms (custom)
2019-09-20 09:26:56,537 [pool-71-thread-1] INFO  impl.RaftServerImpl (RaftServerImpl.java:start(180)) - 871e6485-c22a-483f-9e07-d19e754685be: start group-62B3CE7CDECD
2019-09-20 09:26:56,537 [pool-71-thread-1] INFO  impl.RaftServerImpl (RaftServerImpl.java:setRole(171)) - 871e6485-c22a-483f-9e07-d19e754685be:group-62B3CE7CDECD changes role from null to FOLLOWER at term 0 for startAsFollower
2019-09-20 09:26:56,538 [pool-71-thread-1] INFO  impl.RoleInfo (RoleInfo.java:updateAndGet(143)) - 871e6485-c22a-483f-9e07-d19e754685be: start FollowerState
2019-09-20 09:26:56,538 [pool-71-thread-1] INFO  util.JmxRegister (JmxRegister.java:tryRegister(44)) - Successfully registered JMX Bean with object name Ratis:service=RaftServer,group=group-62B3CE7CDECD,id=871e6485-c22a-483f-9e07-d19e754685be
2019-09-20 09:26:56,541 [RatisPipelineUtilsThread] INFO  pipeline.PipelineStateManager (PipelineStateManager.java:addPipeline(56)) - Created pipeline Pipeline[ Id: 47f1de23-9f10-4974-b4a8-62b3ce7cdecd, Nodes: 871e6485-c22a-483f-9e07-d19e754685be{ip: 192.168.36.99, host: pr-hdds-1569-p5fx8-1226042367, networkLocation: /default-rack, certSerialId: null}, Type:RATIS, Factor:ONE, State:OPEN]
2019-09-20 09:26:56,546 | INFO  | SCMAudit | user=jenkins1000 | ip=192.168.36.99 | op=SEND_HEARTBEAT {datanodeUUID=dc7f40a9-6782-42c4-abab-c6b1682da047, command=[]} | ret=SUCCESS |  
2019-09-20 09:26:56,555 [grpc-default-executor-1] INFO  impl.RaftServerProxy (RaftServerProxy.java:addNew(89)) - 871e6485-c22a-483f-9e07-d19e754685be: addNew group-378FEF94807B:[871e6485-c22a-483f-9e07-d19e754685be:192.168.36.99:41076] returns group-378FEF94807B:java.util.concurrent.CompletableFuture@7def8dbf[Not completed]
2019-09-20 09:26:56,559 [pool-71-thread-1] INFO  impl.RaftServerImpl (RaftServerImpl.java:<init>(93)) - 871e6485-c22a-483f-9e07-d19e754685be: new RaftServerImpl for group-378FEF94807B:[871e6485-c22a-483f-9e07-d19e754685be:192.168.36.99:41076] with ContainerStateMachine:uninitialized
2019-09-20 09:26:56,559 [pool-71-thread-1] INFO  server.RaftServerConfigKeys (ConfUtils.java:logGet(43)) - raft.server.rpc.timeout.min = 5s (custom)
2019-09-20 09:26:56,559 [pool-71-thread-1] INFO  server.RaftServerConfigKeys (ConfUtils.java:logGet(43)) - raft.server.rpc.timeout.max = 5200ms (custom)
2019-09-20 09:26:56,559 [pool-71-thread-1] INFO  server.RaftServerConfigKeys (ConfUtils.java:logGet(43)) - raft.server.rpcslowness.timeout = 10s (custom)
2019-09-20 09:26:56,559 [pool-71-thread-1] INFO  server.RaftServerConfigKeys (ConfUtils.java:logGet(43)) - raft.server.sleep.deviation.threshold = 300 (default)
2019-09-20 09:26:56,560 [pool-71-thread-1] INFO  server.RaftServerConfigKeys (ConfUtils.java:logGet(43)) - raft.server.log.appender.install.snapshot.enabled = false (custom)
2019-09-20 09:26:56,560 [pool-71-thread-1] INFO  impl.RaftServerImpl (ServerState.java:<init>(105)) - 871e6485-c22a-483f-9e07-d19e754685be:group-378FEF94807B ConfigurationManager, init=-1: [871e6485-c22a-483f-9e07-d19e754685be:192.168.36.99:41076], old=null, confs=<EMPTY_MAP>
2019-09-20 09:26:56,560 [pool-71-thread-1] INFO  server.RaftServerConfigKeys (ConfUtils.java:logGet(43)) - raft.server.storage.dir = [/workdir/hadoop-ozone/integration-test/target/test-dir/MiniOzoneClusterImpl-a33d77e5-464b-4d19-8e6b-a171e580bf0e/datanode-4/data/ratis] (custom)
2019-09-20 09:26:56,561 [pool-71-thread-1] INFO  storage.RaftStorageDirectory (RaftStorageDirectory.java:analyzeStorage(246)) - The storage directory /workdir/hadoop-ozone/integration-test/target/test-dir/MiniOzoneClusterImpl-a33d77e5-464b-4d19-8e6b-a171e580bf0e/datanode-4/data/ratis/dac695d7-e341-405b-baef-378fef94807b does not exist. Creating ...
2019-09-20 09:26:56,583 [pool-71-thread-1] INFO  storage.RaftStorageDirectory (RaftStorageDirectory.java:tryLock(328)) - Lock on /workdir/hadoop-ozone/integration-test/target/test-dir/MiniOzoneClusterImpl-a33d77e5-464b-4d19-8e6b-a171e580bf0e/datanode-4/data/ratis/dac695d7-e341-405b-baef-378fef94807b/in_use.lock acquired by nodename 7145@pr-hdds-1569-p5fx8-1226042367
2019-09-20 09:26:56,600 [pool-71-thread-1] INFO  storage.RaftStorage (RaftStorage.java:format(72)) - Storage directory /workdir/hadoop-ozone/integration-test/target/test-dir/MiniOzoneClusterImpl-a33d77e5-464b-4d19-8e6b-a171e580bf0e/datanode-4/data/ratis/dac695d7-e341-405b-baef-378fef94807b has been successfully formatted.
2019-09-20 09:26:56,600 [pool-71-thread-1] INFO  ratis.ContainerStateMachine (ContainerStateMachine.java:loadSnapshot(226)) - group-378FEF94807B: The snapshot info is null. Setting the last applied indexto:(t:0, i:~)
2019-09-20 09:26:56,601 [pool-71-thread-1] INFO  server.RaftServerConfigKeys (ConfUtils.java:logGet(43)) - raft.server.leader.election.timeout = 10s (custom)
2019-09-20 09:26:56,601 [pool-71-thread-1] INFO  server.RaftServerConfigKeys (ConfUtils.java:logGet(43)) - raft.server.log.use.memory = false (default)
2019-09-20 09:26:56,601 | INFO  | SCMAudit | user=jenkins1000 | ip=192.168.36.99 | op=SEND_HEARTBEAT {datanodeUUID=fd3cd5f9-4f1c-43ea-91b1-b85a1f6c3825, command=[]} | ret=SUCCESS |  
2019-09-20 09:26:56,601 [pool-71-thread-1] INFO  server.RaftServerConfigKeys (ConfUtils.java:logGet(43)) - raft.server.log.purge.gap = 1000000 (custom)
2019-09-20 09:26:56,601 [pool-71-thread-1] INFO  server.RaftServerConfigKeys (ConfUtils.java:logGet(43)) - raft.server.log.appender.buffer.byte-limit = 33554432 (custom)
2019-09-20 09:26:56,602 [pool-71-thread-1] INFO  server.RaftServerConfigKeys (ConfUtils.java:logGet(43)) - raft.server.log.segment.size.max = 1048576 (custom)
2019-09-20 09:26:56,602 [pool-71-thread-1] INFO  server.RaftServerConfigKeys (ConfUtils.java:logGet(43)) - raft.server.log.segment.cache.num.max = 2 (custom)
2019-09-20 09:26:56,602 [pool-71-thread-1] INFO  segmented.SegmentedRaftLogWorker (SegmentedRaftLogWorker.java:<init>(172)) - new 871e6485-c22a-483f-9e07-d19e754685be-SegmentedRaftLogWorker:Storage Directory /workdir/hadoop-ozone/integration-test/target/test-dir/MiniOzoneClusterImpl-a33d77e5-464b-4d19-8e6b-a171e580bf0e/datanode-4/data/ratis/dac695d7-e341-405b-baef-378fef94807b for RaftStorage:Storage Directory /workdir/hadoop-ozone/integration-test/target/test-dir/MiniOzoneClusterImpl-a33d77e5-464b-4d19-8e6b-a171e580bf0e/datanode-4/data/ratis/dac695d7-e341-405b-baef-378fef94807b
2019-09-20 09:26:56,602 [pool-71-thread-1] INFO  server.RaftServerConfigKeys (ConfUtils.java:logGet(43)) - raft.server.log.queue.byte-limit = 2147483647 (custom)
2019-09-20 09:26:56,603 [pool-71-thread-1] INFO  server.RaftServerConfigKeys (ConfUtils.java:logGet(43)) - raft.server.log.queue.element-limit = 1024 (custom)
2019-09-20 09:26:56,603 [pool-71-thread-1] INFO  server.RaftServerConfigKeys (ConfUtils.java:logGet(43)) - raft.server.log.segment.size.max = 1048576 (custom)
2019-09-20 09:26:56,603 [pool-71-thread-1] INFO  server.RaftServerConfigKeys (ConfUtils.java:logGet(43)) - raft.server.log.preallocated.size = 16384 (custom)
2019-09-20 09:26:56,603 [pool-71-thread-1] INFO  server.RaftServerConfigKeys (ConfUtils.java:logGet(43)) - raft.server.log.write.buffer.size = 33554432 (custom)
2019-09-20 09:26:56,603 [pool-71-thread-1] INFO  server.RaftServerConfigKeys (ConfUtils.java:logGet(43)) - raft.server.log.force.sync.num = 128 (default)
2019-09-20 09:26:56,604 [pool-71-thread-1] INFO  server.RaftServerConfigKeys (ConfUtils.java:logGet(43)) - raft.server.log.statemachine.data.sync = true (default)
2019-09-20 09:26:56,604 [pool-71-thread-1] INFO  server.RaftServerConfigKeys (ConfUtils.java:logGet(43)) - raft.server.log.statemachine.data.sync.timeout = 10s (default)
2019-09-20 09:26:56,604 [pool-71-thread-1] INFO  server.RaftServerConfigKeys (ConfUtils.java:logGet(43)) - raft.server.log.statemachine.data.sync.timeout.retry = -1 (default)
2019-09-20 09:26:56,604 [pool-71-thread-1] INFO  server.RaftServerConfigKeys (ConfUtils.java:logGet(43)) - raft.server.log.statemachine.data.caching.enabled = true (custom)
2019-09-20 09:26:56,605 [pool-71-thread-1] INFO  segmented.SegmentedRaftLogWorker (SegmentedRaftLogWorker.java:lambda$new$0(132)) - 871e6485-c22a-483f-9e07-d19e754685be-SegmentedRaftLogWorker:Storage Directory /workdir/hadoop-ozone/integration-test/target/test-dir/MiniOzoneClusterImpl-a33d77e5-464b-4d19-8e6b-a171e580bf0e/datanode-4/data/ratis/dac695d7-e341-405b-baef-378fef94807b: flushIndex: setUnconditionally 0 -> -1
2019-09-20 09:26:56,606 [pool-71-thread-1] INFO  server.RaftServerConfigKeys (ConfUtils.java:logGet(43)) - raft.server.snapshot.auto.trigger.enabled = true (custom)
2019-09-20 09:26:56,606 [pool-71-thread-1] INFO  server.RaftServerConfigKeys (ConfUtils.java:logGet(43)) - raft.server.snapshot.auto.trigger.threshold = 10000 (custom)
2019-09-20 09:26:56,606 [pool-71-thread-1] INFO  server.RaftServerConfigKeys (ConfUtils.java:logGet(43)) - raft.server.retrycache.expirytime = 600000ms (custom)
2019-09-20 09:26:56,606 [pool-71-thread-1] INFO  impl.RaftServerImpl (RaftServerImpl.java:start(180)) - 871e6485-c22a-483f-9e07-d19e754685be: start group-378FEF94807B
2019-09-20 09:26:56,607 [pool-71-thread-1] INFO  impl.RaftServerImpl (RaftServerImpl.java:setRole(171)) - 871e6485-c22a-483f-9e07-d19e754685be:group-378FEF94807B changes role from null to FOLLOWER at term 0 for startAsFollower
2019-09-20 09:26:56,607 [pool-71-thread-1] INFO  impl.RoleInfo (RoleInfo.java:updateAndGet(143)) - 871e6485-c22a-483f-9e07-d19e754685be: start FollowerState
2019-09-20 09:26:56,608 [pool-71-thread-1] INFO  util.JmxRegister (JmxRegister.java:tryRegister(44)) - Successfully registered JMX Bean with object name Ratis:service=RaftServer,group=group-378FEF94807B,id=871e6485-c22a-483f-9e07-d19e754685be
2019-09-20 09:26:56,612 [RatisPipelineUtilsThread] INFO  pipeline.PipelineStateManager (PipelineStateManager.java:addPipeline(56)) - Created pipeline Pipeline[ Id: dac695d7-e341-405b-baef-378fef94807b, Nodes: 871e6485-c22a-483f-9e07-d19e754685be{ip: 192.168.36.99, host: pr-hdds-1569-p5fx8-1226042367, networkLocation: /default-rack, certSerialId: null}, Type:RATIS, Factor:ONE, State:OPEN]
2019-09-20 09:26:56,620 [grpc-default-executor-1] INFO  impl.RaftServerProxy (RaftServerProxy.java:addNew(89)) - 492ed782-6ab3-4ad9-945e-06def6ac7c96: addNew group-D3FD6C400C7E:[492ed782-6ab3-4ad9-945e-06def6ac7c96:192.168.36.99:32835] returns group-D3FD6C400C7E:java.util.concurrent.CompletableFuture@3b2a20aa[Not completed]
2019-09-20 09:26:56,622 [pool-49-thread-1] INFO  impl.RaftServerImpl (RaftServerImpl.java:<init>(93)) - 492ed782-6ab3-4ad9-945e-06def6ac7c96: new RaftServerImpl for group-D3FD6C400C7E:[492ed782-6ab3-4ad9-945e-06def6ac7c96:192.168.36.99:32835] with ContainerStateMachine:uninitialized
2019-09-20 09:26:56,623 [pool-49-thread-1] INFO  server.RaftServerConfigKeys (ConfUtils.java:logGet(43)) - raft.server.rpc.timeout.min = 5s (custom)
2019-09-20 09:26:56,623 [pool-49-thread-1] INFO  server.RaftServerConfigKeys (ConfUtils.java:logGet(43)) - raft.server.rpc.timeout.max = 5200ms (custom)
2019-09-20 09:26:56,623 [pool-49-thread-1] INFO  server.RaftServerConfigKeys (ConfUtils.java:logGet(43)) - raft.server.rpcslowness.timeout = 10s (custom)
2019-09-20 09:26:56,623 [pool-49-thread-1] INFO  server.RaftServerConfigKeys (ConfUtils.java:logGet(43)) - raft.server.sleep.deviation.threshold = 300 (default)
2019-09-20 09:26:56,623 [pool-49-thread-1] INFO  server.RaftServerConfigKeys (ConfUtils.java:logGet(43)) - raft.server.log.appender.install.snapshot.enabled = false (custom)
2019-09-20 09:26:56,624 [pool-49-thread-1] INFO  impl.RaftServerImpl (ServerState.java:<init>(105)) - 492ed782-6ab3-4ad9-945e-06def6ac7c96:group-D3FD6C400C7E ConfigurationManager, init=-1: [492ed782-6ab3-4ad9-945e-06def6ac7c96:192.168.36.99:32835], old=null, confs=<EMPTY_MAP>
2019-09-20 09:26:56,624 [pool-49-thread-1] INFO  server.RaftServerConfigKeys (ConfUtils.java:logGet(43)) - raft.server.storage.dir = [/workdir/hadoop-ozone/integration-test/target/test-dir/MiniOzoneClusterImpl-a33d77e5-464b-4d19-8e6b-a171e580bf0e/datanode-2/data/ratis] (custom)
2019-09-20 09:26:56,625 [pool-49-thread-1] INFO  storage.RaftStorageDirectory (RaftStorageDirectory.java:analyzeStorage(246)) - The storage directory /workdir/hadoop-ozone/integration-test/target/test-dir/MiniOzoneClusterImpl-a33d77e5-464b-4d19-8e6b-a171e580bf0e/datanode-2/data/ratis/4f3ce1d6-e882-423e-a437-d3fd6c400c7e does not exist. Creating ...
2019-09-20 09:26:56,642 [pool-49-thread-1] INFO  storage.RaftStorageDirectory (RaftStorageDirectory.java:tryLock(328)) - Lock on /workdir/hadoop-ozone/integration-test/target/test-dir/MiniOzoneClusterImpl-a33d77e5-464b-4d19-8e6b-a171e580bf0e/datanode-2/data/ratis/4f3ce1d6-e882-423e-a437-d3fd6c400c7e/in_use.lock acquired by nodename 7145@pr-hdds-1569-p5fx8-1226042367
2019-09-20 09:26:56,667 [pool-49-thread-1] INFO  storage.RaftStorage (RaftStorage.java:format(72)) - Storage directory /workdir/hadoop-ozone/integration-test/target/test-dir/MiniOzoneClusterImpl-a33d77e5-464b-4d19-8e6b-a171e580bf0e/datanode-2/data/ratis/4f3ce1d6-e882-423e-a437-d3fd6c400c7e has been successfully formatted.
2019-09-20 09:26:56,668 [pool-49-thread-1] INFO  ratis.ContainerStateMachine (ContainerStateMachine.java:loadSnapshot(226)) - group-D3FD6C400C7E: The snapshot info is null. Setting the last applied indexto:(t:0, i:~)
2019-09-20 09:26:56,668 [pool-49-thread-1] INFO  server.RaftServerConfigKeys (ConfUtils.java:logGet(43)) - raft.server.leader.election.timeout = 10s (custom)
2019-09-20 09:26:56,668 [pool-49-thread-1] INFO  server.RaftServerConfigKeys (ConfUtils.java:logGet(43)) - raft.server.log.use.memory = false (default)
2019-09-20 09:26:56,668 [pool-49-thread-1] INFO  server.RaftServerConfigKeys (ConfUtils.java:logGet(43)) - raft.server.log.purge.gap = 1000000 (custom)
2019-09-20 09:26:56,668 [pool-49-thread-1] INFO  server.RaftServerConfigKeys (ConfUtils.java:logGet(43)) - raft.server.log.appender.buffer.byte-limit = 33554432 (custom)
2019-09-20 09:26:56,669 [pool-49-thread-1] INFO  server.RaftServerConfigKeys (ConfUtils.java:logGet(43)) - raft.server.log.segment.size.max = 1048576 (custom)
2019-09-20 09:26:56,669 [pool-49-thread-1] INFO  server.RaftServerConfigKeys (ConfUtils.java:logGet(43)) - raft.server.log.segment.cache.num.max = 2 (custom)
2019-09-20 09:26:56,669 [pool-49-thread-1] INFO  segmented.SegmentedRaftLogWorker (SegmentedRaftLogWorker.java:<init>(172)) - new 492ed782-6ab3-4ad9-945e-06def6ac7c96-SegmentedRaftLogWorker:Storage Directory /workdir/hadoop-ozone/integration-test/target/test-dir/MiniOzoneClusterImpl-a33d77e5-464b-4d19-8e6b-a171e580bf0e/datanode-2/data/ratis/4f3ce1d6-e882-423e-a437-d3fd6c400c7e for RaftStorage:Storage Directory /workdir/hadoop-ozone/integration-test/target/test-dir/MiniOzoneClusterImpl-a33d77e5-464b-4d19-8e6b-a171e580bf0e/datanode-2/data/ratis/4f3ce1d6-e882-423e-a437-d3fd6c400c7e
2019-09-20 09:26:56,669 [pool-49-thread-1] INFO  server.RaftServerConfigKeys (ConfUtils.java:logGet(43)) - raft.server.log.queue.byte-limit = 2147483647 (custom)
2019-09-20 09:26:56,669 [pool-49-thread-1] INFO  server.RaftServerConfigKeys (ConfUtils.java:logGet(43)) - raft.server.log.queue.element-limit = 1024 (custom)
2019-09-20 09:26:56,670 [pool-49-thread-1] INFO  server.RaftServerConfigKeys (ConfUtils.java:logGet(43)) - raft.server.log.segment.size.max = 1048576 (custom)
2019-09-20 09:26:56,670 [pool-49-thread-1] INFO  server.RaftServerConfigKeys (ConfUtils.java:logGet(43)) - raft.server.log.preallocated.size = 16384 (custom)
2019-09-20 09:26:56,670 [pool-49-thread-1] INFO  server.RaftServerConfigKeys (ConfUtils.java:logGet(43)) - raft.server.log.write.buffer.size = 33554432 (custom)
2019-09-20 09:26:56,670 [pool-49-thread-1] INFO  server.RaftServerConfigKeys (ConfUtils.java:logGet(43)) - raft.server.log.force.sync.num = 128 (default)
2019-09-20 09:26:56,670 [pool-49-thread-1] INFO  server.RaftServerConfigKeys (ConfUtils.java:logGet(43)) - raft.server.log.statemachine.data.sync = true (default)
2019-09-20 09:26:56,671 [pool-49-thread-1] INFO  server.RaftServerConfigKeys (ConfUtils.java:logGet(43)) - raft.server.log.statemachine.data.sync.timeout = 10s (default)
2019-09-20 09:26:56,671 [pool-49-thread-1] INFO  server.RaftServerConfigKeys (ConfUtils.java:logGet(43)) - raft.server.log.statemachine.data.sync.timeout.retry = -1 (default)
2019-09-20 09:26:56,671 [pool-49-thread-1] INFO  server.RaftServerConfigKeys (ConfUtils.java:logGet(43)) - raft.server.log.statemachine.data.caching.enabled = true (custom)
2019-09-20 09:26:56,672 [pool-49-thread-1] INFO  segmented.SegmentedRaftLogWorker (SegmentedRaftLogWorker.java:lambda$new$0(132)) - 492ed782-6ab3-4ad9-945e-06def6ac7c96-SegmentedRaftLogWorker:Storage Directory /workdir/hadoop-ozone/integration-test/target/test-dir/MiniOzoneClusterImpl-a33d77e5-464b-4d19-8e6b-a171e580bf0e/datanode-2/data/ratis/4f3ce1d6-e882-423e-a437-d3fd6c400c7e: flushIndex: setUnconditionally 0 -> -1
2019-09-20 09:26:56,672 [pool-49-thread-1] INFO  server.RaftServerConfigKeys (ConfUtils.java:logGet(43)) - raft.server.snapshot.auto.trigger.enabled = true (custom)
2019-09-20 09:26:56,672 [pool-49-thread-1] INFO  server.RaftServerConfigKeys (ConfUtils.java:logGet(43)) - raft.server.snapshot.auto.trigger.threshold = 10000 (custom)
2019-09-20 09:26:56,673 [pool-49-thread-1] INFO  server.RaftServerConfigKeys (ConfUtils.java:logGet(43)) - raft.server.retrycache.expirytime = 600000ms (custom)
2019-09-20 09:26:56,673 [pool-49-thread-1] INFO  impl.RaftServerImpl (RaftServerImpl.java:start(180)) - 492ed782-6ab3-4ad9-945e-06def6ac7c96: start group-D3FD6C400C7E
2019-09-20 09:26:56,673 [pool-49-thread-1] INFO  impl.RaftServerImpl (RaftServerImpl.java:setRole(171)) - 492ed782-6ab3-4ad9-945e-06def6ac7c96:group-D3FD6C400C7E changes role from null to FOLLOWER at term 0 for startAsFollower
2019-09-20 09:26:56,673 [pool-49-thread-1] INFO  impl.RoleInfo (RoleInfo.java:updateAndGet(143)) - 492ed782-6ab3-4ad9-945e-06def6ac7c96: start FollowerState
2019-09-20 09:26:56,674 [pool-49-thread-1] INFO  util.JmxRegister (JmxRegister.java:tryRegister(44)) - Successfully registered JMX Bean with object name Ratis:service=RaftServer,group=group-D3FD6C400C7E,id=492ed782-6ab3-4ad9-945e-06def6ac7c96
2019-09-20 09:26:56,678 [RatisPipelineUtilsThread] INFO  pipeline.PipelineStateManager (PipelineStateManager.java:addPipeline(56)) - Created pipeline Pipeline[ Id: 4f3ce1d6-e882-423e-a437-d3fd6c400c7e, Nodes: 492ed782-6ab3-4ad9-945e-06def6ac7c96{ip: 192.168.36.99, host: pr-hdds-1569-p5fx8-1226042367, networkLocation: /default-rack, certSerialId: null}, Type:RATIS, Factor:ONE, State:OPEN]
2019-09-20 09:26:56,685 [grpc-default-executor-1] INFO  impl.RaftServerProxy (RaftServerProxy.java:addNew(89)) - 492ed782-6ab3-4ad9-945e-06def6ac7c96: addNew group-6F15DB5E2267:[492ed782-6ab3-4ad9-945e-06def6ac7c96:192.168.36.99:32835] returns group-6F15DB5E2267:java.util.concurrent.CompletableFuture@6ac0359[Not completed]
2019-09-20 09:26:56,687 [pool-49-thread-1] INFO  impl.RaftServerImpl (RaftServerImpl.java:<init>(93)) - 492ed782-6ab3-4ad9-945e-06def6ac7c96: new RaftServerImpl for group-6F15DB5E2267:[492ed782-6ab3-4ad9-945e-06def6ac7c96:192.168.36.99:32835] with ContainerStateMachine:uninitialized
2019-09-20 09:26:56,688 [pool-49-thread-1] INFO  server.RaftServerConfigKeys (ConfUtils.java:logGet(43)) - raft.server.rpc.timeout.min = 5s (custom)
2019-09-20 09:26:56,688 [pool-49-thread-1] INFO  server.RaftServerConfigKeys (ConfUtils.java:logGet(43)) - raft.server.rpc.timeout.max = 5200ms (custom)
2019-09-20 09:26:56,688 [pool-49-thread-1] INFO  server.RaftServerConfigKeys (ConfUtils.java:logGet(43)) - raft.server.rpcslowness.timeout = 10s (custom)
2019-09-20 09:26:56,688 [pool-49-thread-1] INFO  server.RaftServerConfigKeys (ConfUtils.java:logGet(43)) - raft.server.sleep.deviation.threshold = 300 (default)
2019-09-20 09:26:56,688 [pool-49-thread-1] INFO  server.RaftServerConfigKeys (ConfUtils.java:logGet(43)) - raft.server.log.appender.install.snapshot.enabled = false (custom)
2019-09-20 09:26:56,689 [pool-49-thread-1] INFO  impl.RaftServerImpl (ServerState.java:<init>(105)) - 492ed782-6ab3-4ad9-945e-06def6ac7c96:group-6F15DB5E2267 ConfigurationManager, init=-1: [492ed782-6ab3-4ad9-945e-06def6ac7c96:192.168.36.99:32835], old=null, confs=<EMPTY_MAP>
2019-09-20 09:26:56,689 [pool-49-thread-1] INFO  server.RaftServerConfigKeys (ConfUtils.java:logGet(43)) - raft.server.storage.dir = [/workdir/hadoop-ozone/integration-test/target/test-dir/MiniOzoneClusterImpl-a33d77e5-464b-4d19-8e6b-a171e580bf0e/datanode-2/data/ratis] (custom)
2019-09-20 09:26:56,690 [pool-49-thread-1] INFO  storage.RaftStorageDirectory (RaftStorageDirectory.java:analyzeStorage(246)) - The storage directory /workdir/hadoop-ozone/integration-test/target/test-dir/MiniOzoneClusterImpl-a33d77e5-464b-4d19-8e6b-a171e580bf0e/datanode-2/data/ratis/412b0b00-a6e1-46d0-8ee5-6f15db5e2267 does not exist. Creating ...
2019-09-20 09:26:56,709 [pool-49-thread-1] INFO  storage.RaftStorageDirectory (RaftStorageDirectory.java:tryLock(328)) - Lock on /workdir/hadoop-ozone/integration-test/target/test-dir/MiniOzoneClusterImpl-a33d77e5-464b-4d19-8e6b-a171e580bf0e/datanode-2/data/ratis/412b0b00-a6e1-46d0-8ee5-6f15db5e2267/in_use.lock acquired by nodename 7145@pr-hdds-1569-p5fx8-1226042367
2019-09-20 09:26:56,751 [pool-49-thread-1] INFO  storage.RaftStorage (RaftStorage.java:format(72)) - Storage directory /workdir/hadoop-ozone/integration-test/target/test-dir/MiniOzoneClusterImpl-a33d77e5-464b-4d19-8e6b-a171e580bf0e/datanode-2/data/ratis/412b0b00-a6e1-46d0-8ee5-6f15db5e2267 has been successfully formatted.
2019-09-20 09:26:56,752 [pool-49-thread-1] INFO  ratis.ContainerStateMachine (ContainerStateMachine.java:loadSnapshot(226)) - group-6F15DB5E2267: The snapshot info is null. Setting the last applied indexto:(t:0, i:~)
2019-09-20 09:26:56,752 [pool-49-thread-1] INFO  server.RaftServerConfigKeys (ConfUtils.java:logGet(43)) - raft.server.leader.election.timeout = 10s (custom)
2019-09-20 09:26:56,752 [pool-49-thread-1] INFO  server.RaftServerConfigKeys (ConfUtils.java:logGet(43)) - raft.server.log.use.memory = false (default)
2019-09-20 09:26:56,752 [pool-49-thread-1] INFO  server.RaftServerConfigKeys (ConfUtils.java:logGet(43)) - raft.server.log.purge.gap = 1000000 (custom)
2019-09-20 09:26:56,752 [pool-49-thread-1] INFO  server.RaftServerConfigKeys (ConfUtils.java:logGet(43)) - raft.server.log.appender.buffer.byte-limit = 33554432 (custom)
2019-09-20 09:26:56,753 [pool-49-thread-1] INFO  server.RaftServerConfigKeys (ConfUtils.java:logGet(43)) - raft.server.log.segment.size.max = 1048576 (custom)
2019-09-20 09:26:56,753 [pool-49-thread-1] INFO  server.RaftServerConfigKeys (ConfUtils.java:logGet(43)) - raft.server.log.segment.cache.num.max = 2 (custom)
2019-09-20 09:26:56,753 [pool-49-thread-1] INFO  segmented.SegmentedRaftLogWorker (SegmentedRaftLogWorker.java:<init>(172)) - new 492ed782-6ab3-4ad9-945e-06def6ac7c96-SegmentedRaftLogWorker:Storage Directory /workdir/hadoop-ozone/integration-test/target/test-dir/MiniOzoneClusterImpl-a33d77e5-464b-4d19-8e6b-a171e580bf0e/datanode-2/data/ratis/412b0b00-a6e1-46d0-8ee5-6f15db5e2267 for RaftStorage:Storage Directory /workdir/hadoop-ozone/integration-test/target/test-dir/MiniOzoneClusterImpl-a33d77e5-464b-4d19-8e6b-a171e580bf0e/datanode-2/data/ratis/412b0b00-a6e1-46d0-8ee5-6f15db5e2267
2019-09-20 09:26:56,753 [pool-49-thread-1] INFO  server.RaftServerConfigKeys (ConfUtils.java:logGet(43)) - raft.server.log.queue.byte-limit = 2147483647 (custom)
2019-09-20 09:26:56,753 [pool-49-thread-1] INFO  server.RaftServerConfigKeys (ConfUtils.java:logGet(43)) - raft.server.log.queue.element-limit = 1024 (custom)
2019-09-20 09:26:56,754 [pool-49-thread-1] INFO  server.RaftServerConfigKeys (ConfUtils.java:logGet(43)) - raft.server.log.segment.size.max = 1048576 (custom)
2019-09-20 09:26:56,754 [pool-49-thread-1] INFO  server.RaftServerConfigKeys (ConfUtils.java:logGet(43)) - raft.server.log.preallocated.size = 16384 (custom)
2019-09-20 09:26:56,754 [pool-49-thread-1] INFO  server.RaftServerConfigKeys (ConfUtils.java:logGet(43)) - raft.server.log.write.buffer.size = 33554432 (custom)
2019-09-20 09:26:56,754 [pool-49-thread-1] INFO  server.RaftServerConfigKeys (ConfUtils.java:logGet(43)) - raft.server.log.force.sync.num = 128 (default)
2019-09-20 09:26:56,754 [pool-49-thread-1] INFO  server.RaftServerConfigKeys (ConfUtils.java:logGet(43)) - raft.server.log.statemachine.data.sync = true (default)
2019-09-20 09:26:56,754 [pool-49-thread-1] INFO  server.RaftServerConfigKeys (ConfUtils.java:logGet(43)) - raft.server.log.statemachine.data.sync.timeout = 10s (default)
2019-09-20 09:26:56,755 [pool-49-thread-1] INFO  server.RaftServerConfigKeys (ConfUtils.java:logGet(43)) - raft.server.log.statemachine.data.sync.timeout.retry = -1 (default)
2019-09-20 09:26:56,755 [pool-49-thread-1] INFO  server.RaftServerConfigKeys (ConfUtils.java:logGet(43)) - raft.server.log.statemachine.data.caching.enabled = true (custom)
2019-09-20 09:26:56,755 [pool-49-thread-1] INFO  segmented.SegmentedRaftLogWorker (SegmentedRaftLogWorker.java:lambda$new$0(132)) - 492ed782-6ab3-4ad9-945e-06def6ac7c96-SegmentedRaftLogWorker:Storage Directory /workdir/hadoop-ozone/integration-test/target/test-dir/MiniOzoneClusterImpl-a33d77e5-464b-4d19-8e6b-a171e580bf0e/datanode-2/data/ratis/412b0b00-a6e1-46d0-8ee5-6f15db5e2267: flushIndex: setUnconditionally 0 -> -1
2019-09-20 09:26:56,756 [pool-49-thread-1] INFO  server.RaftServerConfigKeys (ConfUtils.java:logGet(43)) - raft.server.snapshot.auto.trigger.enabled = true (custom)
2019-09-20 09:26:56,756 [pool-49-thread-1] INFO  server.RaftServerConfigKeys (ConfUtils.java:logGet(43)) - raft.server.snapshot.auto.trigger.threshold = 10000 (custom)
2019-09-20 09:26:56,756 [pool-49-thread-1] INFO  server.RaftServerConfigKeys (ConfUtils.java:logGet(43)) - raft.server.retrycache.expirytime = 600000ms (custom)
2019-09-20 09:26:56,756 [pool-49-thread-1] INFO  impl.RaftServerImpl (RaftServerImpl.java:start(180)) - 492ed782-6ab3-4ad9-945e-06def6ac7c96: start group-6F15DB5E2267
2019-09-20 09:26:56,757 [pool-49-thread-1] INFO  impl.RaftServerImpl (RaftServerImpl.java:setRole(171)) - 492ed782-6ab3-4ad9-945e-06def6ac7c96:group-6F15DB5E2267 changes role from null to FOLLOWER at term 0 for startAsFollower
2019-09-20 09:26:56,757 [pool-49-thread-1] INFO  impl.RoleInfo (RoleInfo.java:updateAndGet(143)) - 492ed782-6ab3-4ad9-945e-06def6ac7c96: start FollowerState
2019-09-20 09:26:56,757 [pool-49-thread-1] INFO  util.JmxRegister (JmxRegister.java:tryRegister(44)) - Successfully registered JMX Bean with object name Ratis:service=RaftServer,group=group-6F15DB5E2267,id=492ed782-6ab3-4ad9-945e-06def6ac7c96
2019-09-20 09:26:56,760 [RatisPipelineUtilsThread] INFO  pipeline.PipelineStateManager (PipelineStateManager.java:addPipeline(56)) - Created pipeline Pipeline[ Id: 412b0b00-a6e1-46d0-8ee5-6f15db5e2267, Nodes: 492ed782-6ab3-4ad9-945e-06def6ac7c96{ip: 192.168.36.99, host: pr-hdds-1569-p5fx8-1226042367, networkLocation: /default-rack, certSerialId: null}, Type:RATIS, Factor:ONE, State:OPEN]
2019-09-20 09:26:56,767 [grpc-default-executor-1] INFO  impl.RaftServerProxy (RaftServerProxy.java:addNew(89)) - 4840c00f-91d3-4881-a20b-4d0486ca97c0: addNew group-B0BFF8942357:[4840c00f-91d3-4881-a20b-4d0486ca97c0:192.168.36.99:41473] returns group-B0BFF8942357:java.util.concurrent.CompletableFuture@6bbb9620[Not completed]
2019-09-20 09:26:56,769 [pool-60-thread-1] INFO  impl.RaftServerImpl (RaftServerImpl.java:<init>(93)) - 4840c00f-91d3-4881-a20b-4d0486ca97c0: new RaftServerImpl for group-B0BFF8942357:[4840c00f-91d3-4881-a20b-4d0486ca97c0:192.168.36.99:41473] with ContainerStateMachine:uninitialized
2019-09-20 09:26:56,769 [pool-60-thread-1] INFO  server.RaftServerConfigKeys (ConfUtils.java:logGet(43)) - raft.server.rpc.timeout.min = 5s (custom)
2019-09-20 09:26:56,769 [pool-60-thread-1] INFO  server.RaftServerConfigKeys (ConfUtils.java:logGet(43)) - raft.server.rpc.timeout.max = 5200ms (custom)
2019-09-20 09:26:56,769 [pool-60-thread-1] INFO  server.RaftServerConfigKeys (ConfUtils.java:logGet(43)) - raft.server.rpcslowness.timeout = 10s (custom)
2019-09-20 09:26:56,769 [pool-60-thread-1] INFO  server.RaftServerConfigKeys (ConfUtils.java:logGet(43)) - raft.server.sleep.deviation.threshold = 300 (default)
2019-09-20 09:26:56,769 [pool-60-thread-1] INFO  server.RaftServerConfigKeys (ConfUtils.java:logGet(43)) - raft.server.log.appender.install.snapshot.enabled = false (custom)
2019-09-20 09:26:56,770 [pool-60-thread-1] INFO  impl.RaftServerImpl (ServerState.java:<init>(105)) - 4840c00f-91d3-4881-a20b-4d0486ca97c0:group-B0BFF8942357 ConfigurationManager, init=-1: [4840c00f-91d3-4881-a20b-4d0486ca97c0:192.168.36.99:41473], old=null, confs=<EMPTY_MAP>
2019-09-20 09:26:56,770 [pool-60-thread-1] INFO  server.RaftServerConfigKeys (ConfUtils.java:logGet(43)) - raft.server.storage.dir = [/workdir/hadoop-ozone/integration-test/target/test-dir/MiniOzoneClusterImpl-a33d77e5-464b-4d19-8e6b-a171e580bf0e/datanode-3/data/ratis] (custom)
2019-09-20 09:26:56,770 [pool-60-thread-1] INFO  storage.RaftStorageDirectory (RaftStorageDirectory.java:analyzeStorage(246)) - The storage directory /workdir/hadoop-ozone/integration-test/target/test-dir/MiniOzoneClusterImpl-a33d77e5-464b-4d19-8e6b-a171e580bf0e/datanode-3/data/ratis/ae8c04a4-a65c-4e4b-911b-b0bff8942357 does not exist. Creating ...
2019-09-20 09:26:56,773 [Thread-224] INFO  impl.FollowerState (FollowerState.java:run(106)) - 02b93e76-e4c6-4b67-b8a4-c536d9ab7224:group-BD3B3C1ED5A4 changes to CANDIDATE, lastRpcTime:5123, electionTimeout:5122ms
2019-09-20 09:26:56,773 [Thread-224] INFO  impl.RoleInfo (RoleInfo.java:shutdownFollowerState(121)) - 02b93e76-e4c6-4b67-b8a4-c536d9ab7224: shutdown FollowerState
2019-09-20 09:26:56,773 [Thread-224] INFO  impl.RaftServerImpl (RaftServerImpl.java:setRole(171)) - 02b93e76-e4c6-4b67-b8a4-c536d9ab7224:group-BD3B3C1ED5A4 changes role from FOLLOWER to CANDIDATE at term 0 for changeToCandidate
2019-09-20 09:26:56,783 [Thread-224] INFO  impl.RoleInfo (RoleInfo.java:updateAndGet(143)) - 02b93e76-e4c6-4b67-b8a4-c536d9ab7224: start LeaderElection
2019-09-20 09:26:56,785 [pool-60-thread-1] INFO  storage.RaftStorageDirectory (RaftStorageDirectory.java:tryLock(328)) - Lock on /workdir/hadoop-ozone/integration-test/target/test-dir/MiniOzoneClusterImpl-a33d77e5-464b-4d19-8e6b-a171e580bf0e/datanode-3/data/ratis/ae8c04a4-a65c-4e4b-911b-b0bff8942357/in_use.lock acquired by nodename 7145@pr-hdds-1569-p5fx8-1226042367
2019-09-20 09:26:56,819 [pool-60-thread-1] INFO  storage.RaftStorage (RaftStorage.java:format(72)) - Storage directory /workdir/hadoop-ozone/integration-test/target/test-dir/MiniOzoneClusterImpl-a33d77e5-464b-4d19-8e6b-a171e580bf0e/datanode-3/data/ratis/ae8c04a4-a65c-4e4b-911b-b0bff8942357 has been successfully formatted.
2019-09-20 09:26:56,819 [02b93e76-e4c6-4b67-b8a4-c536d9ab7224:group-BD3B3C1ED5A4:LeaderElection1] INFO  impl.LeaderElection (LeaderElection.java:askForVotes(181)) - 02b93e76-e4c6-4b67-b8a4-c536d9ab7224:group-BD3B3C1ED5A4:LeaderElection1: begin an election at term 1 for -1: [02b93e76-e4c6-4b67-b8a4-c536d9ab7224:192.168.36.99:39343], old=null
2019-09-20 09:26:56,819 [pool-60-thread-1] INFO  ratis.ContainerStateMachine (ContainerStateMachine.java:loadSnapshot(226)) - group-B0BFF8942357: The snapshot info is null. Setting the last applied indexto:(t:0, i:~)
2019-09-20 09:26:56,819 [pool-60-thread-1] INFO  server.RaftServerConfigKeys (ConfUtils.java:logGet(43)) - raft.server.leader.election.timeout = 10s (custom)
2019-09-20 09:26:56,820 [pool-60-thread-1] INFO  server.RaftServerConfigKeys (ConfUtils.java:logGet(43)) - raft.server.log.use.memory = false (default)
2019-09-20 09:26:56,820 [pool-60-thread-1] INFO  server.RaftServerConfigKeys (ConfUtils.java:logGet(43)) - raft.server.log.purge.gap = 1000000 (custom)
2019-09-20 09:26:56,820 [pool-60-thread-1] INFO  server.RaftServerConfigKeys (ConfUtils.java:logGet(43)) - raft.server.log.appender.buffer.byte-limit = 33554432 (custom)
2019-09-20 09:26:56,820 [pool-60-thread-1] INFO  server.RaftServerConfigKeys (ConfUtils.java:logGet(43)) - raft.server.log.segment.size.max = 1048576 (custom)
2019-09-20 09:26:56,820 [pool-60-thread-1] INFO  server.RaftServerConfigKeys (ConfUtils.java:logGet(43)) - raft.server.log.segment.cache.num.max = 2 (custom)
2019-09-20 09:26:56,820 [pool-60-thread-1] INFO  segmented.SegmentedRaftLogWorker (SegmentedRaftLogWorker.java:<init>(172)) - new 4840c00f-91d3-4881-a20b-4d0486ca97c0-SegmentedRaftLogWorker:Storage Directory /workdir/hadoop-ozone/integration-test/target/test-dir/MiniOzoneClusterImpl-a33d77e5-464b-4d19-8e6b-a171e580bf0e/datanode-3/data/ratis/ae8c04a4-a65c-4e4b-911b-b0bff8942357 for RaftStorage:Storage Directory /workdir/hadoop-ozone/integration-test/target/test-dir/MiniOzoneClusterImpl-a33d77e5-464b-4d19-8e6b-a171e580bf0e/datanode-3/data/ratis/ae8c04a4-a65c-4e4b-911b-b0bff8942357
2019-09-20 09:26:56,821 [pool-60-thread-1] INFO  server.RaftServerConfigKeys (ConfUtils.java:logGet(43)) - raft.server.log.queue.byte-limit = 2147483647 (custom)
2019-09-20 09:26:56,821 [pool-60-thread-1] INFO  server.RaftServerConfigKeys (ConfUtils.java:logGet(43)) - raft.server.log.queue.element-limit = 1024 (custom)
2019-09-20 09:26:56,821 [pool-60-thread-1] INFO  server.RaftServerConfigKeys (ConfUtils.java:logGet(43)) - raft.server.log.segment.size.max = 1048576 (custom)
2019-09-20 09:26:56,821 [pool-60-thread-1] INFO  server.RaftServerConfigKeys (ConfUtils.java:logGet(43)) - raft.server.log.preallocated.size = 16384 (custom)
2019-09-20 09:26:56,821 [pool-60-thread-1] INFO  server.RaftServerConfigKeys (ConfUtils.java:logGet(43)) - raft.server.log.write.buffer.size = 33554432 (custom)
2019-09-20 09:26:56,822 [pool-60-thread-1] INFO  server.RaftServerConfigKeys (ConfUtils.java:logGet(43)) - raft.server.log.force.sync.num = 128 (default)
2019-09-20 09:26:56,822 [02b93e76-e4c6-4b67-b8a4-c536d9ab7224:group-BD3B3C1ED5A4:LeaderElection1] INFO  impl.RoleInfo (RoleInfo.java:shutdownLeaderElection(134)) - 02b93e76-e4c6-4b67-b8a4-c536d9ab7224: shutdown LeaderElection
2019-09-20 09:26:56,822 [pool-60-thread-1] INFO  server.RaftServerConfigKeys (ConfUtils.java:logGet(43)) - raft.server.log.statemachine.data.sync = true (default)
2019-09-20 09:26:56,822 [pool-60-thread-1] INFO  server.RaftServerConfigKeys (ConfUtils.java:logGet(43)) - raft.server.log.statemachine.data.sync.timeout = 10s (default)
2019-09-20 09:26:56,823 [pool-60-thread-1] INFO  server.RaftServerConfigKeys (ConfUtils.java:logGet(43)) - raft.server.log.statemachine.data.sync.timeout.retry = -1 (default)
2019-09-20 09:26:56,823 [pool-60-thread-1] INFO  server.RaftServerConfigKeys (ConfUtils.java:logGet(43)) - raft.server.log.statemachine.data.caching.enabled = true (custom)
2019-09-20 09:26:56,823 [02b93e76-e4c6-4b67-b8a4-c536d9ab7224:group-BD3B3C1ED5A4:LeaderElection1] INFO  impl.RaftServerImpl (RaftServerImpl.java:setRole(171)) - 02b93e76-e4c6-4b67-b8a4-c536d9ab7224:group-BD3B3C1ED5A4 changes role from CANDIDATE to LEADER at term 1 for changeToLeader
2019-09-20 09:26:56,823 [pool-60-thread-1] INFO  segmented.SegmentedRaftLogWorker (SegmentedRaftLogWorker.java:lambda$new$0(132)) - 4840c00f-91d3-4881-a20b-4d0486ca97c0-SegmentedRaftLogWorker:Storage Directory /workdir/hadoop-ozone/integration-test/target/test-dir/MiniOzoneClusterImpl-a33d77e5-464b-4d19-8e6b-a171e580bf0e/datanode-3/data/ratis/ae8c04a4-a65c-4e4b-911b-b0bff8942357: flushIndex: setUnconditionally 0 -> -1
2019-09-20 09:26:56,823 [02b93e76-e4c6-4b67-b8a4-c536d9ab7224:group-BD3B3C1ED5A4:LeaderElection1] INFO  impl.RaftServerImpl (ServerState.java:setLeader(263)) - 02b93e76-e4c6-4b67-b8a4-c536d9ab7224:group-BD3B3C1ED5A4 change Leader from null to 02b93e76-e4c6-4b67-b8a4-c536d9ab7224 at term 1 for becomeLeader, leader elected after 5268ms
2019-09-20 09:26:56,824 [pool-60-thread-1] INFO  server.RaftServerConfigKeys (ConfUtils.java:logGet(43)) - raft.server.snapshot.auto.trigger.enabled = true (custom)
2019-09-20 09:26:56,824 [pool-60-thread-1] INFO  server.RaftServerConfigKeys (ConfUtils.java:logGet(43)) - raft.server.snapshot.auto.trigger.threshold = 10000 (custom)
2019-09-20 09:26:56,824 [pool-60-thread-1] INFO  server.RaftServerConfigKeys (ConfUtils.java:logGet(43)) - raft.server.retrycache.expirytime = 600000ms (custom)
2019-09-20 09:26:56,825 [pool-60-thread-1] INFO  impl.RaftServerImpl (RaftServerImpl.java:start(180)) - 4840c00f-91d3-4881-a20b-4d0486ca97c0: start group-B0BFF8942357
2019-09-20 09:26:56,825 [pool-60-thread-1] INFO  impl.RaftServerImpl (RaftServerImpl.java:setRole(171)) - 4840c00f-91d3-4881-a20b-4d0486ca97c0:group-B0BFF8942357 changes role from null to FOLLOWER at term 0 for startAsFollower
2019-09-20 09:26:56,825 [pool-60-thread-1] INFO  impl.RoleInfo (RoleInfo.java:updateAndGet(143)) - 4840c00f-91d3-4881-a20b-4d0486ca97c0: start FollowerState
2019-09-20 09:26:56,826 [pool-60-thread-1] INFO  util.JmxRegister (JmxRegister.java:tryRegister(44)) - Successfully registered JMX Bean with object name Ratis:service=RaftServer,group=group-B0BFF8942357,id=4840c00f-91d3-4881-a20b-4d0486ca97c0
2019-09-20 09:26:56,829 [RatisPipelineUtilsThread] INFO  pipeline.PipelineStateManager (PipelineStateManager.java:addPipeline(56)) - Created pipeline Pipeline[ Id: ae8c04a4-a65c-4e4b-911b-b0bff8942357, Nodes: 4840c00f-91d3-4881-a20b-4d0486ca97c0{ip: 192.168.36.99, host: pr-hdds-1569-p5fx8-1226042367, networkLocation: /default-rack, certSerialId: null}, Type:RATIS, Factor:ONE, State:OPEN]
2019-09-20 09:26:56,839 [02b93e76-e4c6-4b67-b8a4-c536d9ab7224:group-BD3B3C1ED5A4:LeaderElection1] INFO  server.RaftServerConfigKeys (ConfUtils.java:logGet(43)) - raft.server.staging.catchup.gap = 1000 (default)
2019-09-20 09:26:56,839 [02b93e76-e4c6-4b67-b8a4-c536d9ab7224:group-BD3B3C1ED5A4:LeaderElection1] INFO  server.RaftServerConfigKeys (ConfUtils.java:logGet(43)) - raft.server.rpc.sleep.time = 25ms (default)
2019-09-20 09:26:56,843 [grpc-default-executor-1] INFO  impl.RaftServerProxy (RaftServerProxy.java:addNew(89)) - 871e6485-c22a-483f-9e07-d19e754685be: addNew group-0FA20B5362B8:[871e6485-c22a-483f-9e07-d19e754685be:192.168.36.99:41076] returns group-0FA20B5362B8:java.util.concurrent.CompletableFuture@751fac0e[Not completed]
2019-09-20 09:26:56,844 [02b93e76-e4c6-4b67-b8a4-c536d9ab7224:group-BD3B3C1ED5A4:LeaderElection1] INFO  server.RaftServerConfigKeys (ConfUtils.java:logGet(43)) - raft.server.write.element-limit = 4096 (default)
2019-09-20 09:26:56,845 [pool-71-thread-1] INFO  impl.RaftServerImpl (RaftServerImpl.java:<init>(93)) - 871e6485-c22a-483f-9e07-d19e754685be: new RaftServerImpl for group-0FA20B5362B8:[871e6485-c22a-483f-9e07-d19e754685be:192.168.36.99:41076] with ContainerStateMachine:uninitialized
2019-09-20 09:26:56,845 [pool-71-thread-1] INFO  server.RaftServerConfigKeys (ConfUtils.java:logGet(43)) - raft.server.rpc.timeout.min = 5s (custom)
2019-09-20 09:26:56,845 [pool-71-thread-1] INFO  server.RaftServerConfigKeys (ConfUtils.java:logGet(43)) - raft.server.rpc.timeout.max = 5200ms (custom)
2019-09-20 09:26:56,845 [pool-71-thread-1] INFO  server.RaftServerConfigKeys (ConfUtils.java:logGet(43)) - raft.server.rpcslowness.timeout = 10s (custom)
2019-09-20 09:26:56,846 [pool-71-thread-1] INFO  server.RaftServerConfigKeys (ConfUtils.java:logGet(43)) - raft.server.sleep.deviation.threshold = 300 (default)
2019-09-20 09:26:56,846 [pool-71-thread-1] INFO  server.RaftServerConfigKeys (ConfUtils.java:logGet(43)) - raft.server.log.appender.install.snapshot.enabled = false (custom)
2019-09-20 09:26:56,846 [pool-71-thread-1] INFO  impl.RaftServerImpl (ServerState.java:<init>(105)) - 871e6485-c22a-483f-9e07-d19e754685be:group-0FA20B5362B8 ConfigurationManager, init=-1: [871e6485-c22a-483f-9e07-d19e754685be:192.168.36.99:41076], old=null, confs=<EMPTY_MAP>
2019-09-20 09:26:56,846 [pool-71-thread-1] INFO  server.RaftServerConfigKeys (ConfUtils.java:logGet(43)) - raft.server.storage.dir = [/workdir/hadoop-ozone/integration-test/target/test-dir/MiniOzoneClusterImpl-a33d77e5-464b-4d19-8e6b-a171e580bf0e/datanode-4/data/ratis] (custom)
2019-09-20 09:26:56,847 [pool-71-thread-1] INFO  storage.RaftStorageDirectory (RaftStorageDirectory.java:analyzeStorage(246)) - The storage directory /workdir/hadoop-ozone/integration-test/target/test-dir/MiniOzoneClusterImpl-a33d77e5-464b-4d19-8e6b-a171e580bf0e/datanode-4/data/ratis/239197b1-ba5c-4e20-8f18-0fa20b5362b8 does not exist. Creating ...
2019-09-20 09:26:56,849 [02b93e76-e4c6-4b67-b8a4-c536d9ab7224:group-BD3B3C1ED5A4:LeaderElection1] INFO  server.RaftServerConfigKeys (ConfUtils.java:logGet(43)) - raft.server.watch.timeout = 10s (default)
2019-09-20 09:26:56,850 [02b93e76-e4c6-4b67-b8a4-c536d9ab7224:group-BD3B3C1ED5A4:LeaderElection1] INFO  server.RaftServerConfigKeys (ConfUtils.java:logGet(43)) - raft.server.watch.timeout.denomination = 1s (default)
2019-09-20 09:26:56,851 [02b93e76-e4c6-4b67-b8a4-c536d9ab7224:group-BD3B3C1ED5A4:LeaderElection1] INFO  server.RaftServerConfigKeys (ConfUtils.java:logGet(43)) - raft.server.watch.element-limit = 65536 (default)
2019-09-20 09:26:56,864 [02b93e76-e4c6-4b67-b8a4-c536d9ab7224:group-BD3B3C1ED5A4:LeaderElection1] INFO  impl.RoleInfo (RoleInfo.java:updateAndGet(143)) - 02b93e76-e4c6-4b67-b8a4-c536d9ab7224: start LeaderState
2019-09-20 09:26:56,870 [pool-71-thread-1] INFO  storage.RaftStorageDirectory (RaftStorageDirectory.java:tryLock(328)) - Lock on /workdir/hadoop-ozone/integration-test/target/test-dir/MiniOzoneClusterImpl-a33d77e5-464b-4d19-8e6b-a171e580bf0e/datanode-4/data/ratis/239197b1-ba5c-4e20-8f18-0fa20b5362b8/in_use.lock acquired by nodename 7145@pr-hdds-1569-p5fx8-1226042367
2019-09-20 09:26:56,887 [pool-71-thread-1] INFO  storage.RaftStorage (RaftStorage.java:format(72)) - Storage directory /workdir/hadoop-ozone/integration-test/target/test-dir/MiniOzoneClusterImpl-a33d77e5-464b-4d19-8e6b-a171e580bf0e/datanode-4/data/ratis/239197b1-ba5c-4e20-8f18-0fa20b5362b8 has been successfully formatted.
2019-09-20 09:26:56,888 [pool-71-thread-1] INFO  ratis.ContainerStateMachine (ContainerStateMachine.java:loadSnapshot(226)) - group-0FA20B5362B8: The snapshot info is null. Setting the last applied indexto:(t:0, i:~)
2019-09-20 09:26:56,888 [pool-71-thread-1] INFO  server.RaftServerConfigKeys (ConfUtils.java:logGet(43)) - raft.server.leader.election.timeout = 10s (custom)
2019-09-20 09:26:56,892 [pool-71-thread-1] INFO  server.RaftServerConfigKeys (ConfUtils.java:logGet(43)) - raft.server.log.use.memory = false (default)
2019-09-20 09:26:56,892 [pool-71-thread-1] INFO  server.RaftServerConfigKeys (ConfUtils.java:logGet(43)) - raft.server.log.purge.gap = 1000000 (custom)
2019-09-20 09:26:56,892 [pool-71-thread-1] INFO  server.RaftServerConfigKeys (ConfUtils.java:logGet(43)) - raft.server.log.appender.buffer.byte-limit = 33554432 (custom)
2019-09-20 09:26:56,893 [pool-71-thread-1] INFO  server.RaftServerConfigKeys (ConfUtils.java:logGet(43)) - raft.server.log.segment.size.max = 1048576 (custom)
2019-09-20 09:26:56,893 [pool-71-thread-1] INFO  server.RaftServerConfigKeys (ConfUtils.java:logGet(43)) - raft.server.log.segment.cache.num.max = 2 (custom)
2019-09-20 09:26:56,893 [pool-71-thread-1] INFO  segmented.SegmentedRaftLogWorker (SegmentedRaftLogWorker.java:<init>(172)) - new 871e6485-c22a-483f-9e07-d19e754685be-SegmentedRaftLogWorker:Storage Directory /workdir/hadoop-ozone/integration-test/target/test-dir/MiniOzoneClusterImpl-a33d77e5-464b-4d19-8e6b-a171e580bf0e/datanode-4/data/ratis/239197b1-ba5c-4e20-8f18-0fa20b5362b8 for RaftStorage:Storage Directory /workdir/hadoop-ozone/integration-test/target/test-dir/MiniOzoneClusterImpl-a33d77e5-464b-4d19-8e6b-a171e580bf0e/datanode-4/data/ratis/239197b1-ba5c-4e20-8f18-0fa20b5362b8
2019-09-20 09:26:56,893 [pool-71-thread-1] INFO  server.RaftServerConfigKeys (ConfUtils.java:logGet(43)) - raft.server.log.queue.byte-limit = 2147483647 (custom)
2019-09-20 09:26:56,893 [pool-71-thread-1] INFO  server.RaftServerConfigKeys (ConfUtils.java:logGet(43)) - raft.server.log.queue.element-limit = 1024 (custom)
2019-09-20 09:26:56,894 [pool-71-thread-1] INFO  server.RaftServerConfigKeys (ConfUtils.java:logGet(43)) - raft.server.log.segment.size.max = 1048576 (custom)
2019-09-20 09:26:56,894 [pool-71-thread-1] INFO  server.RaftServerConfigKeys (ConfUtils.java:logGet(43)) - raft.server.log.preallocated.size = 16384 (custom)
2019-09-20 09:26:56,894 [pool-71-thread-1] INFO  server.RaftServerConfigKeys (ConfUtils.java:logGet(43)) - raft.server.log.write.buffer.size = 33554432 (custom)
2019-09-20 09:26:56,894 [pool-71-thread-1] INFO  server.RaftServerConfigKeys (ConfUtils.java:logGet(43)) - raft.server.log.force.sync.num = 128 (default)
2019-09-20 09:26:56,894 [pool-71-thread-1] INFO  server.RaftServerConfigKeys (ConfUtils.java:logGet(43)) - raft.server.log.statemachine.data.sync = true (default)
2019-09-20 09:26:56,894 [02b93e76-e4c6-4b67-b8a4-c536d9ab7224:group-BD3B3C1ED5A4:LeaderElection1] INFO  segmented.SegmentedRaftLogWorker (SegmentedRaftLogWorker.java:startLogSegment(380)) - 02b93e76-e4c6-4b67-b8a4-c536d9ab7224-SegmentedRaftLogWorker:Storage Directory /workdir/hadoop-ozone/integration-test/target/test-dir/MiniOzoneClusterImpl-a33d77e5-464b-4d19-8e6b-a171e580bf0e/datanode-0/data/ratis/fa0806c8-a92c-45a0-a658-bd3b3c1ed5a4: Starting segment from index:0
2019-09-20 09:26:56,894 [pool-71-thread-1] INFO  server.RaftServerConfigKeys (ConfUtils.java:logGet(43)) - raft.server.log.statemachine.data.sync.timeout = 10s (default)
2019-09-20 09:26:56,895 [pool-71-thread-1] INFO  server.RaftServerConfigKeys (ConfUtils.java:logGet(43)) - raft.server.log.statemachine.data.sync.timeout.retry = -1 (default)
2019-09-20 09:26:56,895 [pool-71-thread-1] INFO  server.RaftServerConfigKeys (ConfUtils.java:logGet(43)) - raft.server.log.statemachine.data.caching.enabled = true (custom)
2019-09-20 09:26:56,895 [pool-71-thread-1] INFO  segmented.SegmentedRaftLogWorker (SegmentedRaftLogWorker.java:lambda$new$0(132)) - 871e6485-c22a-483f-9e07-d19e754685be-SegmentedRaftLogWorker:Storage Directory /workdir/hadoop-ozone/integration-test/target/test-dir/MiniOzoneClusterImpl-a33d77e5-464b-4d19-8e6b-a171e580bf0e/datanode-4/data/ratis/239197b1-ba5c-4e20-8f18-0fa20b5362b8: flushIndex: setUnconditionally 0 -> -1
2019-09-20 09:26:56,896 [pool-71-thread-1] INFO  server.RaftServerConfigKeys (ConfUtils.java:logGet(43)) - raft.server.snapshot.auto.trigger.enabled = true (custom)
2019-09-20 09:26:56,896 [pool-71-thread-1] INFO  server.RaftServerConfigKeys (ConfUtils.java:logGet(43)) - raft.server.snapshot.auto.trigger.threshold = 10000 (custom)
2019-09-20 09:26:56,896 [pool-71-thread-1] INFO  server.RaftServerConfigKeys (ConfUtils.java:logGet(43)) - raft.server.retrycache.expirytime = 600000ms (custom)
2019-09-20 09:26:56,897 [pool-71-thread-1] INFO  impl.RaftServerImpl (RaftServerImpl.java:start(180)) - 871e6485-c22a-483f-9e07-d19e754685be: start group-0FA20B5362B8
2019-09-20 09:26:56,897 [pool-71-thread-1] INFO  impl.RaftServerImpl (RaftServerImpl.java:setRole(171)) - 871e6485-c22a-483f-9e07-d19e754685be:group-0FA20B5362B8 changes role from null to FOLLOWER at term 0 for startAsFollower
2019-09-20 09:26:56,897 [pool-71-thread-1] INFO  impl.RoleInfo (RoleInfo.java:updateAndGet(143)) - 871e6485-c22a-483f-9e07-d19e754685be: start FollowerState
2019-09-20 09:26:56,897 [pool-71-thread-1] INFO  util.JmxRegister (JmxRegister.java:tryRegister(44)) - Successfully registered JMX Bean with object name Ratis:service=RaftServer,group=group-0FA20B5362B8,id=871e6485-c22a-483f-9e07-d19e754685be
2019-09-20 09:26:56,902 [RatisPipelineUtilsThread] INFO  pipeline.PipelineStateManager (PipelineStateManager.java:addPipeline(56)) - Created pipeline Pipeline[ Id: 239197b1-ba5c-4e20-8f18-0fa20b5362b8, Nodes: 871e6485-c22a-483f-9e07-d19e754685be{ip: 192.168.36.99, host: pr-hdds-1569-p5fx8-1226042367, networkLocation: /default-rack, certSerialId: null}, Type:RATIS, Factor:ONE, State:OPEN]
2019-09-20 09:26:56,905 [02b93e76-e4c6-4b67-b8a4-c536d9ab7224:group-BD3B3C1ED5A4:LeaderElection1] INFO  impl.RaftServerImpl (ServerState.java:setRaftConf(361)) - 02b93e76-e4c6-4b67-b8a4-c536d9ab7224:group-BD3B3C1ED5A4 set configuration 0: [02b93e76-e4c6-4b67-b8a4-c536d9ab7224:192.168.36.99:39343], old=null at 0
2019-09-20 09:26:56,910 [grpc-default-executor-1] INFO  impl.RaftServerProxy (RaftServerProxy.java:addNew(89)) - 492ed782-6ab3-4ad9-945e-06def6ac7c96: addNew group-B7AE4E66783D:[492ed782-6ab3-4ad9-945e-06def6ac7c96:192.168.36.99:32835] returns group-B7AE4E66783D:java.util.concurrent.CompletableFuture@35e57ff4[Not completed]
2019-09-20 09:26:56,912 [pool-49-thread-1] INFO  impl.RaftServerImpl (RaftServerImpl.java:<init>(93)) - 492ed782-6ab3-4ad9-945e-06def6ac7c96: new RaftServerImpl for group-B7AE4E66783D:[492ed782-6ab3-4ad9-945e-06def6ac7c96:192.168.36.99:32835] with ContainerStateMachine:uninitialized
2019-09-20 09:26:56,912 [pool-49-thread-1] INFO  server.RaftServerConfigKeys (ConfUtils.java:logGet(43)) - raft.server.rpc.timeout.min = 5s (custom)
2019-09-20 09:26:56,913 [pool-49-thread-1] INFO  server.RaftServerConfigKeys (ConfUtils.java:logGet(43)) - raft.server.rpc.timeout.max = 5200ms (custom)
2019-09-20 09:26:56,913 [pool-49-thread-1] INFO  server.RaftServerConfigKeys (ConfUtils.java:logGet(43)) - raft.server.rpcslowness.timeout = 10s (custom)
2019-09-20 09:26:56,913 [pool-49-thread-1] INFO  server.RaftServerConfigKeys (ConfUtils.java:logGet(43)) - raft.server.sleep.deviation.threshold = 300 (default)
2019-09-20 09:26:56,913 [pool-49-thread-1] INFO  server.RaftServerConfigKeys (ConfUtils.java:logGet(43)) - raft.server.log.appender.install.snapshot.enabled = false (custom)
2019-09-20 09:26:56,913 [pool-49-thread-1] INFO  impl.RaftServerImpl (ServerState.java:<init>(105)) - 492ed782-6ab3-4ad9-945e-06def6ac7c96:group-B7AE4E66783D ConfigurationManager, init=-1: [492ed782-6ab3-4ad9-945e-06def6ac7c96:192.168.36.99:32835], old=null, confs=<EMPTY_MAP>
2019-09-20 09:26:56,913 [pool-49-thread-1] INFO  server.RaftServerConfigKeys (ConfUtils.java:logGet(43)) - raft.server.storage.dir = [/workdir/hadoop-ozone/integration-test/target/test-dir/MiniOzoneClusterImpl-a33d77e5-464b-4d19-8e6b-a171e580bf0e/datanode-2/data/ratis] (custom)
2019-09-20 09:26:56,914 [pool-49-thread-1] INFO  storage.RaftStorageDirectory (RaftStorageDirectory.java:analyzeStorage(246)) - The storage directory /workdir/hadoop-ozone/integration-test/target/test-dir/MiniOzoneClusterImpl-a33d77e5-464b-4d19-8e6b-a171e580bf0e/datanode-2/data/ratis/8d6fa30d-a839-4b24-be6d-b7ae4e66783d does not exist. Creating ...
2019-09-20 09:26:56,954 [pool-49-thread-1] INFO  storage.RaftStorageDirectory (RaftStorageDirectory.java:tryLock(328)) - Lock on /workdir/hadoop-ozone/integration-test/target/test-dir/MiniOzoneClusterImpl-a33d77e5-464b-4d19-8e6b-a171e580bf0e/datanode-2/data/ratis/8d6fa30d-a839-4b24-be6d-b7ae4e66783d/in_use.lock acquired by nodename 7145@pr-hdds-1569-p5fx8-1226042367
2019-09-20 09:26:56,967 [Thread-227] INFO  impl.FollowerState (FollowerState.java:run(106)) - 492ed782-6ab3-4ad9-945e-06def6ac7c96:group-DF65BDAC9A62 changes to CANDIDATE, lastRpcTime:5096, electionTimeout:5094ms
2019-09-20 09:26:56,970 [Thread-227] INFO  impl.RoleInfo (RoleInfo.java:shutdownFollowerState(121)) - 492ed782-6ab3-4ad9-945e-06def6ac7c96: shutdown FollowerState
2019-09-20 09:26:56,970 [Thread-227] INFO  impl.RaftServerImpl (RaftServerImpl.java:setRole(171)) - 492ed782-6ab3-4ad9-945e-06def6ac7c96:group-DF65BDAC9A62 changes role from FOLLOWER to CANDIDATE at term 0 for changeToCandidate
2019-09-20 09:26:56,971 [Thread-227] INFO  impl.RoleInfo (RoleInfo.java:updateAndGet(143)) - 492ed782-6ab3-4ad9-945e-06def6ac7c96: start LeaderElection
2019-09-20 09:26:56,972 [pool-49-thread-1] INFO  storage.RaftStorage (RaftStorage.java:format(72)) - Storage directory /workdir/hadoop-ozone/integration-test/target/test-dir/MiniOzoneClusterImpl-a33d77e5-464b-4d19-8e6b-a171e580bf0e/datanode-2/data/ratis/8d6fa30d-a839-4b24-be6d-b7ae4e66783d has been successfully formatted.
2019-09-20 09:26:56,976 [pool-49-thread-1] INFO  ratis.ContainerStateMachine (ContainerStateMachine.java:loadSnapshot(226)) - group-B7AE4E66783D: The snapshot info is null. Setting the last applied indexto:(t:0, i:~)
2019-09-20 09:26:56,976 [pool-49-thread-1] INFO  server.RaftServerConfigKeys (ConfUtils.java:logGet(43)) - raft.server.leader.election.timeout = 10s (custom)
2019-09-20 09:26:56,976 [pool-49-thread-1] INFO  server.RaftServerConfigKeys (ConfUtils.java:logGet(43)) - raft.server.log.use.memory = false (default)
2019-09-20 09:26:56,976 [pool-49-thread-1] INFO  server.RaftServerConfigKeys (ConfUtils.java:logGet(43)) - raft.server.log.purge.gap = 1000000 (custom)
2019-09-20 09:26:56,976 [pool-49-thread-1] INFO  server.RaftServerConfigKeys (ConfUtils.java:logGet(43)) - raft.server.log.appender.buffer.byte-limit = 33554432 (custom)
2019-09-20 09:26:56,977 [pool-49-thread-1] INFO  server.RaftServerConfigKeys (ConfUtils.java:logGet(43)) - raft.server.log.segment.size.max = 1048576 (custom)
2019-09-20 09:26:56,977 [pool-49-thread-1] INFO  server.RaftServerConfigKeys (ConfUtils.java:logGet(43)) - raft.server.log.segment.cache.num.max = 2 (custom)
2019-09-20 09:26:56,977 [pool-49-thread-1] INFO  segmented.SegmentedRaftLogWorker (SegmentedRaftLogWorker.java:<init>(172)) - new 492ed782-6ab3-4ad9-945e-06def6ac7c96-SegmentedRaftLogWorker:Storage Directory /workdir/hadoop-ozone/integration-test/target/test-dir/MiniOzoneClusterImpl-a33d77e5-464b-4d19-8e6b-a171e580bf0e/datanode-2/data/ratis/8d6fa30d-a839-4b24-be6d-b7ae4e66783d for RaftStorage:Storage Directory /workdir/hadoop-ozone/integration-test/target/test-dir/MiniOzoneClusterImpl-a33d77e5-464b-4d19-8e6b-a171e580bf0e/datanode-2/data/ratis/8d6fa30d-a839-4b24-be6d-b7ae4e66783d
2019-09-20 09:26:56,977 [pool-49-thread-1] INFO  server.RaftServerConfigKeys (ConfUtils.java:logGet(43)) - raft.server.log.queue.byte-limit = 2147483647 (custom)
2019-09-20 09:26:56,977 [pool-49-thread-1] INFO  server.RaftServerConfigKeys (ConfUtils.java:logGet(43)) - raft.server.log.queue.element-limit = 1024 (custom)
2019-09-20 09:26:56,978 [pool-49-thread-1] INFO  server.RaftServerConfigKeys (ConfUtils.java:logGet(43)) - raft.server.log.segment.size.max = 1048576 (custom)
2019-09-20 09:26:56,978 [pool-49-thread-1] INFO  server.RaftServerConfigKeys (ConfUtils.java:logGet(43)) - raft.server.log.preallocated.size = 16384 (custom)
2019-09-20 09:26:56,978 [pool-49-thread-1] INFO  server.RaftServerConfigKeys (ConfUtils.java:logGet(43)) - raft.server.log.write.buffer.size = 33554432 (custom)
2019-09-20 09:26:56,978 [pool-49-thread-1] INFO  server.RaftServerConfigKeys (ConfUtils.java:logGet(43)) - raft.server.log.force.sync.num = 128 (default)
2019-09-20 09:26:56,979 [pool-49-thread-1] INFO  server.RaftServerConfigKeys (ConfUtils.java:logGet(43)) - raft.server.log.statemachine.data.sync = true (default)
2019-09-20 09:26:56,979 [pool-49-thread-1] INFO  server.RaftServerConfigKeys (ConfUtils.java:logGet(43)) - raft.server.log.statemachine.data.sync.timeout = 10s (default)
2019-09-20 09:26:56,979 [pool-49-thread-1] INFO  server.RaftServerConfigKeys (ConfUtils.java:logGet(43)) - raft.server.log.statemachine.data.sync.timeout.retry = -1 (default)
2019-09-20 09:26:56,979 [pool-49-thread-1] INFO  server.RaftServerConfigKeys (ConfUtils.java:logGet(43)) - raft.server.log.statemachine.data.caching.enabled = true (custom)
2019-09-20 09:26:56,980 [pool-49-thread-1] INFO  segmented.SegmentedRaftLogWorker (SegmentedRaftLogWorker.java:lambda$new$0(132)) - 492ed782-6ab3-4ad9-945e-06def6ac7c96-SegmentedRaftLogWorker:Storage Directory /workdir/hadoop-ozone/integration-test/target/test-dir/MiniOzoneClusterImpl-a33d77e5-464b-4d19-8e6b-a171e580bf0e/datanode-2/data/ratis/8d6fa30d-a839-4b24-be6d-b7ae4e66783d: flushIndex: setUnconditionally 0 -> -1
2019-09-20 09:26:56,980 [pool-49-thread-1] INFO  server.RaftServerConfigKeys (ConfUtils.java:logGet(43)) - raft.server.snapshot.auto.trigger.enabled = true (custom)
2019-09-20 09:26:56,980 [pool-49-thread-1] INFO  server.RaftServerConfigKeys (ConfUtils.java:logGet(43)) - raft.server.snapshot.auto.trigger.threshold = 10000 (custom)
2019-09-20 09:26:56,981 [pool-49-thread-1] INFO  server.RaftServerConfigKeys (ConfUtils.java:logGet(43)) - raft.server.retrycache.expirytime = 600000ms (custom)
2019-09-20 09:26:56,981 [pool-49-thread-1] INFO  impl.RaftServerImpl (RaftServerImpl.java:start(180)) - 492ed782-6ab3-4ad9-945e-06def6ac7c96: start group-B7AE4E66783D
2019-09-20 09:26:56,981 [pool-49-thread-1] INFO  impl.RaftServerImpl (RaftServerImpl.java:setRole(171)) - 492ed782-6ab3-4ad9-945e-06def6ac7c96:group-B7AE4E66783D changes role from null to FOLLOWER at term 0 for startAsFollower
2019-09-20 09:26:56,982 [pool-49-thread-1] INFO  impl.RoleInfo (RoleInfo.java:updateAndGet(143)) - 492ed782-6ab3-4ad9-945e-06def6ac7c96: start FollowerState
2019-09-20 09:26:56,982 [pool-49-thread-1] INFO  util.JmxRegister (JmxRegister.java:tryRegister(44)) - Successfully registered JMX Bean with object name Ratis:service=RaftServer,group=group-B7AE4E66783D,id=492ed782-6ab3-4ad9-945e-06def6ac7c96
2019-09-20 09:26:56,986 [RatisPipelineUtilsThread] INFO  pipeline.PipelineStateManager (PipelineStateManager.java:addPipeline(56)) - Created pipeline Pipeline[ Id: 8d6fa30d-a839-4b24-be6d-b7ae4e66783d, Nodes: 492ed782-6ab3-4ad9-945e-06def6ac7c96{ip: 192.168.36.99, host: pr-hdds-1569-p5fx8-1226042367, networkLocation: /default-rack, certSerialId: null}, Type:RATIS, Factor:ONE, State:OPEN]
2019-09-20 09:26:56,992 [grpc-default-executor-1] INFO  impl.RaftServerProxy (RaftServerProxy.java:addNew(89)) - 871e6485-c22a-483f-9e07-d19e754685be: addNew group-EB665916B604:[871e6485-c22a-483f-9e07-d19e754685be:192.168.36.99:41076] returns group-EB665916B604:java.util.concurrent.CompletableFuture@502f7a9f[Not completed]
2019-09-20 09:26:56,994 [pool-71-thread-1] INFO  impl.RaftServerImpl (RaftServerImpl.java:<init>(93)) - 871e6485-c22a-483f-9e07-d19e754685be: new RaftServerImpl for group-EB665916B604:[871e6485-c22a-483f-9e07-d19e754685be:192.168.36.99:41076] with ContainerStateMachine:uninitialized
2019-09-20 09:26:56,994 [pool-71-thread-1] INFO  server.RaftServerConfigKeys (ConfUtils.java:logGet(43)) - raft.server.rpc.timeout.min = 5s (custom)
2019-09-20 09:26:56,994 [pool-71-thread-1] INFO  server.RaftServerConfigKeys (ConfUtils.java:logGet(43)) - raft.server.rpc.timeout.max = 5200ms (custom)
2019-09-20 09:26:56,994 [pool-71-thread-1] INFO  server.RaftServerConfigKeys (ConfUtils.java:logGet(43)) - raft.server.rpcslowness.timeout = 10s (custom)
2019-09-20 09:26:56,994 [pool-71-thread-1] INFO  server.RaftServerConfigKeys (ConfUtils.java:logGet(43)) - raft.server.sleep.deviation.threshold = 300 (default)
2019-09-20 09:26:56,995 [pool-71-thread-1] INFO  server.RaftServerConfigKeys (ConfUtils.java:logGet(43)) - raft.server.log.appender.install.snapshot.enabled = false (custom)
2019-09-20 09:26:56,995 [pool-71-thread-1] INFO  impl.RaftServerImpl (ServerState.java:<init>(105)) - 871e6485-c22a-483f-9e07-d19e754685be:group-EB665916B604 ConfigurationManager, init=-1: [871e6485-c22a-483f-9e07-d19e754685be:192.168.36.99:41076], old=null, confs=<EMPTY_MAP>
2019-09-20 09:26:56,995 [pool-71-thread-1] INFO  server.RaftServerConfigKeys (ConfUtils.java:logGet(43)) - raft.server.storage.dir = [/workdir/hadoop-ozone/integration-test/target/test-dir/MiniOzoneClusterImpl-a33d77e5-464b-4d19-8e6b-a171e580bf0e/datanode-4/data/ratis] (custom)
2019-09-20 09:26:56,995 [pool-71-thread-1] INFO  storage.RaftStorageDirectory (RaftStorageDirectory.java:analyzeStorage(246)) - The storage directory /workdir/hadoop-ozone/integration-test/target/test-dir/MiniOzoneClusterImpl-a33d77e5-464b-4d19-8e6b-a171e580bf0e/datanode-4/data/ratis/da33001c-f13c-48a6-bcef-eb665916b604 does not exist. Creating ...
2019-09-20 09:26:57,014 [492ed782-6ab3-4ad9-945e-06def6ac7c96:group-DF65BDAC9A62:LeaderElection2] INFO  impl.LeaderElection (LeaderElection.java:askForVotes(181)) - 492ed782-6ab3-4ad9-945e-06def6ac7c96:group-DF65BDAC9A62:LeaderElection2: begin an election at term 1 for -1: [492ed782-6ab3-4ad9-945e-06def6ac7c96:192.168.36.99:32835], old=null
2019-09-20 09:26:57,017 [492ed782-6ab3-4ad9-945e-06def6ac7c96:group-DF65BDAC9A62:LeaderElection2] INFO  impl.RoleInfo (RoleInfo.java:shutdownLeaderElection(134)) - 492ed782-6ab3-4ad9-945e-06def6ac7c96: shutdown LeaderElection
2019-09-20 09:26:57,017 [492ed782-6ab3-4ad9-945e-06def6ac7c96:group-DF65BDAC9A62:LeaderElection2] INFO  impl.RaftServerImpl (RaftServerImpl.java:setRole(171)) - 492ed782-6ab3-4ad9-945e-06def6ac7c96:group-DF65BDAC9A62 changes role from CANDIDATE to LEADER at term 1 for changeToLeader
2019-09-20 09:26:57,017 [492ed782-6ab3-4ad9-945e-06def6ac7c96:group-DF65BDAC9A62:LeaderElection2] INFO  impl.RaftServerImpl (ServerState.java:setLeader(263)) - 492ed782-6ab3-4ad9-945e-06def6ac7c96:group-DF65BDAC9A62 change Leader from null to 492ed782-6ab3-4ad9-945e-06def6ac7c96 at term 1 for becomeLeader, leader elected after 5153ms
2019-09-20 09:26:57,019 [492ed782-6ab3-4ad9-945e-06def6ac7c96:group-DF65BDAC9A62:LeaderElection2] INFO  server.RaftServerConfigKeys (ConfUtils.java:logGet(43)) - raft.server.staging.catchup.gap = 1000 (default)
2019-09-20 09:26:57,020 [492ed782-6ab3-4ad9-945e-06def6ac7c96:group-DF65BDAC9A62:LeaderElection2] INFO  server.RaftServerConfigKeys (ConfUtils.java:logGet(43)) - raft.server.rpc.sleep.time = 25ms (default)
2019-09-20 09:26:57,020 [492ed782-6ab3-4ad9-945e-06def6ac7c96:group-DF65BDAC9A62:LeaderElection2] INFO  server.RaftServerConfigKeys (ConfUtils.java:logGet(43)) - raft.server.write.element-limit = 4096 (default)
2019-09-20 09:26:57,020 [492ed782-6ab3-4ad9-945e-06def6ac7c96:group-DF65BDAC9A62:LeaderElection2] INFO  server.RaftServerConfigKeys (ConfUtils.java:logGet(43)) - raft.server.watch.timeout = 10s (default)
2019-09-20 09:26:57,020 [492ed782-6ab3-4ad9-945e-06def6ac7c96:group-DF65BDAC9A62:LeaderElection2] INFO  server.RaftServerConfigKeys (ConfUtils.java:logGet(43)) - raft.server.watch.timeout.denomination = 1s (default)
2019-09-20 09:26:57,021 [492ed782-6ab3-4ad9-945e-06def6ac7c96:group-DF65BDAC9A62:LeaderElection2] INFO  server.RaftServerConfigKeys (ConfUtils.java:logGet(43)) - raft.server.watch.element-limit = 65536 (default)
2019-09-20 09:26:57,021 [492ed782-6ab3-4ad9-945e-06def6ac7c96:group-DF65BDAC9A62:LeaderElection2] INFO  impl.RoleInfo (RoleInfo.java:updateAndGet(143)) - 492ed782-6ab3-4ad9-945e-06def6ac7c96: start LeaderState
2019-09-20 09:26:57,021 [492ed782-6ab3-4ad9-945e-06def6ac7c96:group-DF65BDAC9A62:LeaderElection2] INFO  segmented.SegmentedRaftLogWorker (SegmentedRaftLogWorker.java:startLogSegment(380)) - 492ed782-6ab3-4ad9-945e-06def6ac7c96-SegmentedRaftLogWorker:Storage Directory /workdir/hadoop-ozone/integration-test/target/test-dir/MiniOzoneClusterImpl-a33d77e5-464b-4d19-8e6b-a171e580bf0e/datanode-2/data/ratis/eeaea25a-54a7-485c-a73b-df65bdac9a62: Starting segment from index:0
2019-09-20 09:26:57,022 [pool-71-thread-1] INFO  storage.RaftStorageDirectory (RaftStorageDirectory.java:tryLock(328)) - Lock on /workdir/hadoop-ozone/integration-test/target/test-dir/MiniOzoneClusterImpl-a33d77e5-464b-4d19-8e6b-a171e580bf0e/datanode-4/data/ratis/da33001c-f13c-48a6-bcef-eb665916b604/in_use.lock acquired by nodename 7145@pr-hdds-1569-p5fx8-1226042367
2019-09-20 09:26:57,022 [492ed782-6ab3-4ad9-945e-06def6ac7c96:group-DF65BDAC9A62:LeaderElection2] INFO  impl.RaftServerImpl (ServerState.java:setRaftConf(361)) - 492ed782-6ab3-4ad9-945e-06def6ac7c96:group-DF65BDAC9A62 set configuration 0: [492ed782-6ab3-4ad9-945e-06def6ac7c96:192.168.36.99:32835], old=null at 0
2019-09-20 09:26:57,047 [pool-71-thread-1] INFO  storage.RaftStorage (RaftStorage.java:format(72)) - Storage directory /workdir/hadoop-ozone/integration-test/target/test-dir/MiniOzoneClusterImpl-a33d77e5-464b-4d19-8e6b-a171e580bf0e/datanode-4/data/ratis/da33001c-f13c-48a6-bcef-eb665916b604 has been successfully formatted.
2019-09-20 09:26:57,048 [pool-71-thread-1] INFO  ratis.ContainerStateMachine (ContainerStateMachine.java:loadSnapshot(226)) - group-EB665916B604: The snapshot info is null. Setting the last applied indexto:(t:0, i:~)
2019-09-20 09:26:57,048 [pool-71-thread-1] INFO  server.RaftServerConfigKeys (ConfUtils.java:logGet(43)) - raft.server.leader.election.timeout = 10s (custom)
2019-09-20 09:26:57,048 [pool-71-thread-1] INFO  server.RaftServerConfigKeys (ConfUtils.java:logGet(43)) - raft.server.log.use.memory = false (default)
2019-09-20 09:26:57,048 [pool-71-thread-1] INFO  server.RaftServerConfigKeys (ConfUtils.java:logGet(43)) - raft.server.log.purge.gap = 1000000 (custom)
2019-09-20 09:26:57,049 [pool-71-thread-1] INFO  server.RaftServerConfigKeys (ConfUtils.java:logGet(43)) - raft.server.log.appender.buffer.byte-limit = 33554432 (custom)
2019-09-20 09:26:57,049 [pool-71-thread-1] INFO  server.RaftServerConfigKeys (ConfUtils.java:logGet(43)) - raft.server.log.segment.size.max = 1048576 (custom)
2019-09-20 09:26:57,049 [pool-71-thread-1] INFO  server.RaftServerConfigKeys (ConfUtils.java:logGet(43)) - raft.server.log.segment.cache.num.max = 2 (custom)
2019-09-20 09:26:57,049 [pool-71-thread-1] INFO  segmented.SegmentedRaftLogWorker (SegmentedRaftLogWorker.java:<init>(172)) - new 871e6485-c22a-483f-9e07-d19e754685be-SegmentedRaftLogWorker:Storage Directory /workdir/hadoop-ozone/integration-test/target/test-dir/MiniOzoneClusterImpl-a33d77e5-464b-4d19-8e6b-a171e580bf0e/datanode-4/data/ratis/da33001c-f13c-48a6-bcef-eb665916b604 for RaftStorage:Storage Directory /workdir/hadoop-ozone/integration-test/target/test-dir/MiniOzoneClusterImpl-a33d77e5-464b-4d19-8e6b-a171e580bf0e/datanode-4/data/ratis/da33001c-f13c-48a6-bcef-eb665916b604
2019-09-20 09:26:57,049 [pool-71-thread-1] INFO  server.RaftServerConfigKeys (ConfUtils.java:logGet(43)) - raft.server.log.queue.byte-limit = 2147483647 (custom)
2019-09-20 09:26:57,049 [pool-71-thread-1] INFO  server.RaftServerConfigKeys (ConfUtils.java:logGet(43)) - raft.server.log.queue.element-limit = 1024 (custom)
2019-09-20 09:26:57,049 [pool-71-thread-1] INFO  server.RaftServerConfigKeys (ConfUtils.java:logGet(43)) - raft.server.log.segment.size.max = 1048576 (custom)
2019-09-20 09:26:57,050 [pool-71-thread-1] INFO  server.RaftServerConfigKeys (ConfUtils.java:logGet(43)) - raft.server.log.preallocated.size = 16384 (custom)
2019-09-20 09:26:57,050 [pool-71-thread-1] INFO  server.RaftServerConfigKeys (ConfUtils.java:logGet(43)) - raft.server.log.write.buffer.size = 33554432 (custom)
2019-09-20 09:26:57,050 [pool-71-thread-1] INFO  server.RaftServerConfigKeys (ConfUtils.java:logGet(43)) - raft.server.log.force.sync.num = 128 (default)
2019-09-20 09:26:57,050 [pool-71-thread-1] INFO  server.RaftServerConfigKeys (ConfUtils.java:logGet(43)) - raft.server.log.statemachine.data.sync = true (default)
2019-09-20 09:26:57,050 [pool-71-thread-1] INFO  server.RaftServerConfigKeys (ConfUtils.java:logGet(43)) - raft.server.log.statemachine.data.sync.timeout = 10s (default)
2019-09-20 09:26:57,050 [pool-71-thread-1] INFO  server.RaftServerConfigKeys (ConfUtils.java:logGet(43)) - raft.server.log.statemachine.data.sync.timeout.retry = -1 (default)
2019-09-20 09:26:57,050 [pool-71-thread-1] INFO  server.RaftServerConfigKeys (ConfUtils.java:logGet(43)) - raft.server.log.statemachine.data.caching.enabled = true (custom)
2019-09-20 09:26:57,051 [pool-71-thread-1] INFO  segmented.SegmentedRaftLogWorker (SegmentedRaftLogWorker.java:lambda$new$0(132)) - 871e6485-c22a-483f-9e07-d19e754685be-SegmentedRaftLogWorker:Storage Directory /workdir/hadoop-ozone/integration-test/target/test-dir/MiniOzoneClusterImpl-a33d77e5-464b-4d19-8e6b-a171e580bf0e/datanode-4/data/ratis/da33001c-f13c-48a6-bcef-eb665916b604: flushIndex: setUnconditionally 0 -> -1
2019-09-20 09:26:57,051 [pool-71-thread-1] INFO  server.RaftServerConfigKeys (ConfUtils.java:logGet(43)) - raft.server.snapshot.auto.trigger.enabled = true (custom)
2019-09-20 09:26:57,051 [pool-71-thread-1] INFO  server.RaftServerConfigKeys (ConfUtils.java:logGet(43)) - raft.server.snapshot.auto.trigger.threshold = 10000 (custom)
2019-09-20 09:26:57,051 [pool-71-thread-1] INFO  server.RaftServerConfigKeys (ConfUtils.java:logGet(43)) - raft.server.retrycache.expirytime = 600000ms (custom)
2019-09-20 09:26:57,051 [pool-71-thread-1] INFO  impl.RaftServerImpl (RaftServerImpl.java:start(180)) - 871e6485-c22a-483f-9e07-d19e754685be: start group-EB665916B604
2019-09-20 09:26:57,052 [pool-71-thread-1] INFO  impl.RaftServerImpl (RaftServerImpl.java:setRole(171)) - 871e6485-c22a-483f-9e07-d19e754685be:group-EB665916B604 changes role from null to FOLLOWER at term 0 for startAsFollower
2019-09-20 09:26:57,052 [pool-71-thread-1] INFO  impl.RoleInfo (RoleInfo.java:updateAndGet(143)) - 871e6485-c22a-483f-9e07-d19e754685be: start FollowerState
2019-09-20 09:26:57,052 [pool-71-thread-1] INFO  util.JmxRegister (JmxRegister.java:tryRegister(44)) - Successfully registered JMX Bean with object name Ratis:service=RaftServer,group=group-EB665916B604,id=871e6485-c22a-483f-9e07-d19e754685be
2019-09-20 09:26:57,058 [RatisPipelineUtilsThread] INFO  pipeline.PipelineStateManager (PipelineStateManager.java:addPipeline(56)) - Created pipeline Pipeline[ Id: da33001c-f13c-48a6-bcef-eb665916b604, Nodes: 871e6485-c22a-483f-9e07-d19e754685be{ip: 192.168.36.99, host: pr-hdds-1569-p5fx8-1226042367, networkLocation: /default-rack, certSerialId: null}, Type:RATIS, Factor:ONE, State:OPEN]
2019-09-20 09:26:57,070 [Thread-230] INFO  impl.FollowerState (FollowerState.java:run(106)) - 871e6485-c22a-483f-9e07-d19e754685be:group-D4382EAC0A2B changes to CANDIDATE, lastRpcTime:5092, electionTimeout:5092ms
2019-09-20 09:26:57,070 [Thread-230] INFO  impl.RoleInfo (RoleInfo.java:shutdownFollowerState(121)) - 871e6485-c22a-483f-9e07-d19e754685be: shutdown FollowerState
2019-09-20 09:26:57,070 [Thread-230] INFO  impl.RaftServerImpl (RaftServerImpl.java:setRole(171)) - 871e6485-c22a-483f-9e07-d19e754685be:group-D4382EAC0A2B changes role from FOLLOWER to CANDIDATE at term 0 for changeToCandidate
2019-09-20 09:26:57,070 [Thread-230] INFO  impl.RoleInfo (RoleInfo.java:updateAndGet(143)) - 871e6485-c22a-483f-9e07-d19e754685be: start LeaderElection
2019-09-20 09:26:57,076 [grpc-default-executor-1] INFO  impl.RaftServerProxy (RaftServerProxy.java:addNew(89)) - 02b93e76-e4c6-4b67-b8a4-c536d9ab7224: addNew group-6C383884F67D:[02b93e76-e4c6-4b67-b8a4-c536d9ab7224:192.168.36.99:39343] returns group-6C383884F67D:java.util.concurrent.CompletableFuture@baecc36[Not completed]
2019-09-20 09:26:57,081 [pool-27-thread-1] INFO  impl.RaftServerImpl (RaftServerImpl.java:<init>(93)) - 02b93e76-e4c6-4b67-b8a4-c536d9ab7224: new RaftServerImpl for group-6C383884F67D:[02b93e76-e4c6-4b67-b8a4-c536d9ab7224:192.168.36.99:39343] with ContainerStateMachine:uninitialized
2019-09-20 09:26:57,082 [pool-27-thread-1] INFO  server.RaftServerConfigKeys (ConfUtils.java:logGet(43)) - raft.server.rpc.timeout.min = 5s (custom)
2019-09-20 09:26:57,082 [pool-27-thread-1] INFO  server.RaftServerConfigKeys (ConfUtils.java:logGet(43)) - raft.server.rpc.timeout.max = 5200ms (custom)
2019-09-20 09:26:57,082 [pool-27-thread-1] INFO  server.RaftServerConfigKeys (ConfUtils.java:logGet(43)) - raft.server.rpcslowness.timeout = 10s (custom)
2019-09-20 09:26:57,082 [pool-27-thread-1] INFO  server.RaftServerConfigKeys (ConfUtils.java:logGet(43)) - raft.server.sleep.deviation.threshold = 300 (default)
2019-09-20 09:26:57,082 [pool-27-thread-1] INFO  server.RaftServerConfigKeys (ConfUtils.java:logGet(43)) - raft.server.log.appender.install.snapshot.enabled = false (custom)
2019-09-20 09:26:57,082 [pool-27-thread-1] INFO  impl.RaftServerImpl (ServerState.java:<init>(105)) - 02b93e76-e4c6-4b67-b8a4-c536d9ab7224:group-6C383884F67D ConfigurationManager, init=-1: [02b93e76-e4c6-4b67-b8a4-c536d9ab7224:192.168.36.99:39343], old=null, confs=<EMPTY_MAP>
2019-09-20 09:26:57,082 [pool-27-thread-1] INFO  server.RaftServerConfigKeys (ConfUtils.java:logGet(43)) - raft.server.storage.dir = [/workdir/hadoop-ozone/integration-test/target/test-dir/MiniOzoneClusterImpl-a33d77e5-464b-4d19-8e6b-a171e580bf0e/datanode-0/data/ratis] (custom)
2019-09-20 09:26:57,083 [pool-27-thread-1] INFO  storage.RaftStorageDirectory (RaftStorageDirectory.java:analyzeStorage(246)) - The storage directory /workdir/hadoop-ozone/integration-test/target/test-dir/MiniOzoneClusterImpl-a33d77e5-464b-4d19-8e6b-a171e580bf0e/datanode-0/data/ratis/8c4dd182-0368-436d-bcba-6c383884f67d does not exist. Creating ...
2019-09-20 09:26:57,098 [pool-27-thread-1] INFO  storage.RaftStorageDirectory (RaftStorageDirectory.java:tryLock(328)) - Lock on /workdir/hadoop-ozone/integration-test/target/test-dir/MiniOzoneClusterImpl-a33d77e5-464b-4d19-8e6b-a171e580bf0e/datanode-0/data/ratis/8c4dd182-0368-436d-bcba-6c383884f67d/in_use.lock acquired by nodename 7145@pr-hdds-1569-p5fx8-1226042367
2019-09-20 09:26:57,098 [871e6485-c22a-483f-9e07-d19e754685be:group-D4382EAC0A2B:LeaderElection3] INFO  impl.LeaderElection (LeaderElection.java:askForVotes(181)) - 871e6485-c22a-483f-9e07-d19e754685be:group-D4382EAC0A2B:LeaderElection3: begin an election at term 1 for -1: [871e6485-c22a-483f-9e07-d19e754685be:192.168.36.99:41076], old=null
2019-09-20 09:26:57,098 [871e6485-c22a-483f-9e07-d19e754685be:group-D4382EAC0A2B:LeaderElection3] INFO  impl.RoleInfo (RoleInfo.java:shutdownLeaderElection(134)) - 871e6485-c22a-483f-9e07-d19e754685be: shutdown LeaderElection
2019-09-20 09:26:57,098 [871e6485-c22a-483f-9e07-d19e754685be:group-D4382EAC0A2B:LeaderElection3] INFO  impl.RaftServerImpl (RaftServerImpl.java:setRole(171)) - 871e6485-c22a-483f-9e07-d19e754685be:group-D4382EAC0A2B changes role from CANDIDATE to LEADER at term 1 for changeToLeader
2019-09-20 09:26:57,099 [871e6485-c22a-483f-9e07-d19e754685be:group-D4382EAC0A2B:LeaderElection3] INFO  impl.RaftServerImpl (ServerState.java:setLeader(263)) - 871e6485-c22a-483f-9e07-d19e754685be:group-D4382EAC0A2B change Leader from null to 871e6485-c22a-483f-9e07-d19e754685be at term 1 for becomeLeader, leader elected after 5128ms
2019-09-20 09:26:57,121 [871e6485-c22a-483f-9e07-d19e754685be:group-D4382EAC0A2B:LeaderElection3] INFO  server.RaftServerConfigKeys (ConfUtils.java:logGet(43)) - raft.server.staging.catchup.gap = 1000 (default)
2019-09-20 09:26:57,122 [871e6485-c22a-483f-9e07-d19e754685be:group-D4382EAC0A2B:LeaderElection3] INFO  server.RaftServerConfigKeys (ConfUtils.java:logGet(43)) - raft.server.rpc.sleep.time = 25ms (default)
2019-09-20 09:26:57,122 [871e6485-c22a-483f-9e07-d19e754685be:group-D4382EAC0A2B:LeaderElection3] INFO  server.RaftServerConfigKeys (ConfUtils.java:logGet(43)) - raft.server.write.element-limit = 4096 (default)
2019-09-20 09:26:57,122 [871e6485-c22a-483f-9e07-d19e754685be:group-D4382EAC0A2B:LeaderElection3] INFO  server.RaftServerConfigKeys (ConfUtils.java:logGet(43)) - raft.server.watch.timeout = 10s (default)
2019-09-20 09:26:57,122 [871e6485-c22a-483f-9e07-d19e754685be:group-D4382EAC0A2B:LeaderElection3] INFO  server.RaftServerConfigKeys (ConfUtils.java:logGet(43)) - raft.server.watch.timeout.denomination = 1s (default)
2019-09-20 09:26:57,122 [871e6485-c22a-483f-9e07-d19e754685be:group-D4382EAC0A2B:LeaderElection3] INFO  server.RaftServerConfigKeys (ConfUtils.java:logGet(43)) - raft.server.watch.element-limit = 65536 (default)
2019-09-20 09:26:57,122 [871e6485-c22a-483f-9e07-d19e754685be:group-D4382EAC0A2B:LeaderElection3] INFO  impl.RoleInfo (RoleInfo.java:updateAndGet(143)) - 871e6485-c22a-483f-9e07-d19e754685be: start LeaderState
2019-09-20 09:26:57,123 [871e6485-c22a-483f-9e07-d19e754685be:group-D4382EAC0A2B:LeaderElection3] INFO  segmented.SegmentedRaftLogWorker (SegmentedRaftLogWorker.java:startLogSegment(380)) - 871e6485-c22a-483f-9e07-d19e754685be-SegmentedRaftLogWorker:Storage Directory /workdir/hadoop-ozone/integration-test/target/test-dir/MiniOzoneClusterImpl-a33d77e5-464b-4d19-8e6b-a171e580bf0e/datanode-4/data/ratis/4ed80ddd-0769-4346-a2bb-d4382eac0a2b: Starting segment from index:0
2019-09-20 09:26:57,123 [871e6485-c22a-483f-9e07-d19e754685be:group-D4382EAC0A2B:LeaderElection3] INFO  impl.RaftServerImpl (ServerState.java:setRaftConf(361)) - 871e6485-c22a-483f-9e07-d19e754685be:group-D4382EAC0A2B set configuration 0: [871e6485-c22a-483f-9e07-d19e754685be:192.168.36.99:41076], old=null at 0
2019-09-20 09:26:57,148 [pool-27-thread-1] INFO  storage.RaftStorage (RaftStorage.java:format(72)) - Storage directory /workdir/hadoop-ozone/integration-test/target/test-dir/MiniOzoneClusterImpl-a33d77e5-464b-4d19-8e6b-a171e580bf0e/datanode-0/data/ratis/8c4dd182-0368-436d-bcba-6c383884f67d has been successfully formatted.
2019-09-20 09:26:57,149 [pool-27-thread-1] INFO  ratis.ContainerStateMachine (ContainerStateMachine.java:loadSnapshot(226)) - group-6C383884F67D: The snapshot info is null. Setting the last applied indexto:(t:0, i:~)
2019-09-20 09:26:57,149 [pool-27-thread-1] INFO  server.RaftServerConfigKeys (ConfUtils.java:logGet(43)) - raft.server.leader.election.timeout = 10s (custom)
2019-09-20 09:26:57,149 [pool-27-thread-1] INFO  server.RaftServerConfigKeys (ConfUtils.java:logGet(43)) - raft.server.log.use.memory = false (default)
2019-09-20 09:26:57,149 [pool-27-thread-1] INFO  server.RaftServerConfigKeys (ConfUtils.java:logGet(43)) - raft.server.log.purge.gap = 1000000 (custom)
2019-09-20 09:26:57,149 [pool-27-thread-1] INFO  server.RaftServerConfigKeys (ConfUtils.java:logGet(43)) - raft.server.log.appender.buffer.byte-limit = 33554432 (custom)
2019-09-20 09:26:57,149 [pool-27-thread-1] INFO  server.RaftServerConfigKeys (ConfUtils.java:logGet(43)) - raft.server.log.segment.size.max = 1048576 (custom)
2019-09-20 09:26:57,149 [pool-27-thread-1] INFO  server.RaftServerConfigKeys (ConfUtils.java:logGet(43)) - raft.server.log.segment.cache.num.max = 2 (custom)
2019-09-20 09:26:57,149 [pool-27-thread-1] INFO  segmented.SegmentedRaftLogWorker (SegmentedRaftLogWorker.java:<init>(172)) - new 02b93e76-e4c6-4b67-b8a4-c536d9ab7224-SegmentedRaftLogWorker:Storage Directory /workdir/hadoop-ozone/integration-test/target/test-dir/MiniOzoneClusterImpl-a33d77e5-464b-4d19-8e6b-a171e580bf0e/datanode-0/data/ratis/8c4dd182-0368-436d-bcba-6c383884f67d for RaftStorage:Storage Directory /workdir/hadoop-ozone/integration-test/target/test-dir/MiniOzoneClusterImpl-a33d77e5-464b-4d19-8e6b-a171e580bf0e/datanode-0/data/ratis/8c4dd182-0368-436d-bcba-6c383884f67d
2019-09-20 09:26:57,149 [pool-27-thread-1] INFO  server.RaftServerConfigKeys (ConfUtils.java:logGet(43)) - raft.server.log.queue.byte-limit = 2147483647 (custom)
2019-09-20 09:26:57,150 [pool-27-thread-1] INFO  server.RaftServerConfigKeys (ConfUtils.java:logGet(43)) - raft.server.log.queue.element-limit = 1024 (custom)
2019-09-20 09:26:57,150 [pool-27-thread-1] INFO  server.RaftServerConfigKeys (ConfUtils.java:logGet(43)) - raft.server.log.segment.size.max = 1048576 (custom)
2019-09-20 09:26:57,150 [pool-27-thread-1] INFO  server.RaftServerConfigKeys (ConfUtils.java:logGet(43)) - raft.server.log.preallocated.size = 16384 (custom)
2019-09-20 09:26:57,150 [pool-27-thread-1] INFO  server.RaftServerConfigKeys (ConfUtils.java:logGet(43)) - raft.server.log.write.buffer.size = 33554432 (custom)
2019-09-20 09:26:57,150 [pool-27-thread-1] INFO  server.RaftServerConfigKeys (ConfUtils.java:logGet(43)) - raft.server.log.force.sync.num = 128 (default)
2019-09-20 09:26:57,150 [pool-27-thread-1] INFO  server.RaftServerConfigKeys (ConfUtils.java:logGet(43)) - raft.server.log.statemachine.data.sync = true (default)
2019-09-20 09:26:57,150 [pool-27-thread-1] INFO  server.RaftServerConfigKeys (ConfUtils.java:logGet(43)) - raft.server.log.statemachine.data.sync.timeout = 10s (default)
2019-09-20 09:26:57,150 [pool-27-thread-1] INFO  server.RaftServerConfigKeys (ConfUtils.java:logGet(43)) - raft.server.log.statemachine.data.sync.timeout.retry = -1 (default)
2019-09-20 09:26:57,150 [pool-27-thread-1] INFO  server.RaftServerConfigKeys (ConfUtils.java:logGet(43)) - raft.server.log.statemachine.data.caching.enabled = true (custom)
2019-09-20 09:26:57,151 [pool-27-thread-1] INFO  segmented.SegmentedRaftLogWorker (SegmentedRaftLogWorker.java:lambda$new$0(132)) - 02b93e76-e4c6-4b67-b8a4-c536d9ab7224-SegmentedRaftLogWorker:Storage Directory /workdir/hadoop-ozone/integration-test/target/test-dir/MiniOzoneClusterImpl-a33d77e5-464b-4d19-8e6b-a171e580bf0e/datanode-0/data/ratis/8c4dd182-0368-436d-bcba-6c383884f67d: flushIndex: setUnconditionally 0 -> -1
2019-09-20 09:26:57,151 [pool-27-thread-1] INFO  server.RaftServerConfigKeys (ConfUtils.java:logGet(43)) - raft.server.snapshot.auto.trigger.enabled = true (custom)
2019-09-20 09:26:57,151 [pool-27-thread-1] INFO  server.RaftServerConfigKeys (ConfUtils.java:logGet(43)) - raft.server.snapshot.auto.trigger.threshold = 10000 (custom)
2019-09-20 09:26:57,151 [pool-27-thread-1] INFO  server.RaftServerConfigKeys (ConfUtils.java:logGet(43)) - raft.server.retrycache.expirytime = 600000ms (custom)
2019-09-20 09:26:57,151 [pool-27-thread-1] INFO  impl.RaftServerImpl (RaftServerImpl.java:start(180)) - 02b93e76-e4c6-4b67-b8a4-c536d9ab7224: start group-6C383884F67D
2019-09-20 09:26:57,151 [pool-27-thread-1] INFO  impl.RaftServerImpl (RaftServerImpl.java:setRole(171)) - 02b93e76-e4c6-4b67-b8a4-c536d9ab7224:group-6C383884F67D changes role from null to FOLLOWER at term 0 for startAsFollower
2019-09-20 09:26:57,152 [pool-27-thread-1] INFO  impl.RoleInfo (RoleInfo.java:updateAndGet(143)) - 02b93e76-e4c6-4b67-b8a4-c536d9ab7224: start FollowerState
2019-09-20 09:26:57,152 [pool-27-thread-1] INFO  util.JmxRegister (JmxRegister.java:tryRegister(44)) - Successfully registered JMX Bean with object name Ratis:service=RaftServer,group=group-6C383884F67D,id=02b93e76-e4c6-4b67-b8a4-c536d9ab7224
2019-09-20 09:26:57,155 [RatisPipelineUtilsThread] INFO  pipeline.PipelineStateManager (PipelineStateManager.java:addPipeline(56)) - Created pipeline Pipeline[ Id: 8c4dd182-0368-436d-bcba-6c383884f67d, Nodes: 02b93e76-e4c6-4b67-b8a4-c536d9ab7224{ip: 192.168.36.99, host: pr-hdds-1569-p5fx8-1226042367, networkLocation: /default-rack, certSerialId: null}, Type:RATIS, Factor:ONE, State:OPEN]
2019-09-20 09:26:57,160 [grpc-default-executor-1] INFO  impl.RaftServerProxy (RaftServerProxy.java:addNew(89)) - 492ed782-6ab3-4ad9-945e-06def6ac7c96: addNew group-1AA60631172A:[492ed782-6ab3-4ad9-945e-06def6ac7c96:192.168.36.99:32835] returns group-1AA60631172A:java.util.concurrent.CompletableFuture@3eaa0ed5[Not completed]
2019-09-20 09:26:57,162 [pool-49-thread-1] INFO  impl.RaftServerImpl (RaftServerImpl.java:<init>(93)) - 492ed782-6ab3-4ad9-945e-06def6ac7c96: new RaftServerImpl for group-1AA60631172A:[492ed782-6ab3-4ad9-945e-06def6ac7c96:192.168.36.99:32835] with ContainerStateMachine:uninitialized
2019-09-20 09:26:57,162 [pool-49-thread-1] INFO  server.RaftServerConfigKeys (ConfUtils.java:logGet(43)) - raft.server.rpc.timeout.min = 5s (custom)
2019-09-20 09:26:57,162 [pool-49-thread-1] INFO  server.RaftServerConfigKeys (ConfUtils.java:logGet(43)) - raft.server.rpc.timeout.max = 5200ms (custom)
2019-09-20 09:26:57,162 [pool-49-thread-1] INFO  server.RaftServerConfigKeys (ConfUtils.java:logGet(43)) - raft.server.rpcslowness.timeout = 10s (custom)
2019-09-20 09:26:57,162 [pool-49-thread-1] INFO  server.RaftServerConfigKeys (ConfUtils.java:logGet(43)) - raft.server.sleep.deviation.threshold = 300 (default)
2019-09-20 09:26:57,162 [pool-49-thread-1] INFO  server.RaftServerConfigKeys (ConfUtils.java:logGet(43)) - raft.server.log.appender.install.snapshot.enabled = false (custom)
2019-09-20 09:26:57,163 [pool-49-thread-1] INFO  impl.RaftServerImpl (ServerState.java:<init>(105)) - 492ed782-6ab3-4ad9-945e-06def6ac7c96:group-1AA60631172A ConfigurationManager, init=-1: [492ed782-6ab3-4ad9-945e-06def6ac7c96:192.168.36.99:32835], old=null, confs=<EMPTY_MAP>
2019-09-20 09:26:57,163 [pool-49-thread-1] INFO  server.RaftServerConfigKeys (ConfUtils.java:logGet(43)) - raft.server.storage.dir = [/workdir/hadoop-ozone/integration-test/target/test-dir/MiniOzoneClusterImpl-a33d77e5-464b-4d19-8e6b-a171e580bf0e/datanode-2/data/ratis] (custom)
2019-09-20 09:26:57,163 [pool-49-thread-1] INFO  storage.RaftStorageDirectory (RaftStorageDirectory.java:analyzeStorage(246)) - The storage directory /workdir/hadoop-ozone/integration-test/target/test-dir/MiniOzoneClusterImpl-a33d77e5-464b-4d19-8e6b-a171e580bf0e/datanode-2/data/ratis/b891c02b-dd85-4823-a366-1aa60631172a does not exist. Creating ...
2019-09-20 09:26:57,174 [871e6485-c22a-483f-9e07-d19e754685be-SegmentedRaftLogWorker:Storage Directory /workdir/hadoop-ozone/integration-test/target/test-dir/MiniOzoneClusterImpl-a33d77e5-464b-4d19-8e6b-a171e580bf0e/datanode-4/data/ratis/4ed80ddd-0769-4346-a2bb-d4382eac0a2b] INFO  segmented.SegmentedRaftLogWorker (SegmentedRaftLogWorker.java:execute(569)) - 871e6485-c22a-483f-9e07-d19e754685be-SegmentedRaftLogWorker:Storage Directory /workdir/hadoop-ozone/integration-test/target/test-dir/MiniOzoneClusterImpl-a33d77e5-464b-4d19-8e6b-a171e580bf0e/datanode-4/data/ratis/4ed80ddd-0769-4346-a2bb-d4382eac0a2b: created new log segment /workdir/hadoop-ozone/integration-test/target/test-dir/MiniOzoneClusterImpl-a33d77e5-464b-4d19-8e6b-a171e580bf0e/datanode-4/data/ratis/4ed80ddd-0769-4346-a2bb-d4382eac0a2b/current/log_inprogress_0
2019-09-20 09:26:57,174 [492ed782-6ab3-4ad9-945e-06def6ac7c96-SegmentedRaftLogWorker:Storage Directory /workdir/hadoop-ozone/integration-test/target/test-dir/MiniOzoneClusterImpl-a33d77e5-464b-4d19-8e6b-a171e580bf0e/datanode-2/data/ratis/eeaea25a-54a7-485c-a73b-df65bdac9a62] INFO  segmented.SegmentedRaftLogWorker (SegmentedRaftLogWorker.java:execute(569)) - 492ed782-6ab3-4ad9-945e-06def6ac7c96-SegmentedRaftLogWorker:Storage Directory /workdir/hadoop-ozone/integration-test/target/test-dir/MiniOzoneClusterImpl-a33d77e5-464b-4d19-8e6b-a171e580bf0e/datanode-2/data/ratis/eeaea25a-54a7-485c-a73b-df65bdac9a62: created new log segment /workdir/hadoop-ozone/integration-test/target/test-dir/MiniOzoneClusterImpl-a33d77e5-464b-4d19-8e6b-a171e580bf0e/datanode-2/data/ratis/eeaea25a-54a7-485c-a73b-df65bdac9a62/current/log_inprogress_0
2019-09-20 09:26:57,174 [02b93e76-e4c6-4b67-b8a4-c536d9ab7224-SegmentedRaftLogWorker:Storage Directory /workdir/hadoop-ozone/integration-test/target/test-dir/MiniOzoneClusterImpl-a33d77e5-464b-4d19-8e6b-a171e580bf0e/datanode-0/data/ratis/fa0806c8-a92c-45a0-a658-bd3b3c1ed5a4] INFO  segmented.SegmentedRaftLogWorker (SegmentedRaftLogWorker.java:execute(569)) - 02b93e76-e4c6-4b67-b8a4-c536d9ab7224-SegmentedRaftLogWorker:Storage Directory /workdir/hadoop-ozone/integration-test/target/test-dir/MiniOzoneClusterImpl-a33d77e5-464b-4d19-8e6b-a171e580bf0e/datanode-0/data/ratis/fa0806c8-a92c-45a0-a658-bd3b3c1ed5a4: created new log segment /workdir/hadoop-ozone/integration-test/target/test-dir/MiniOzoneClusterImpl-a33d77e5-464b-4d19-8e6b-a171e580bf0e/datanode-0/data/ratis/fa0806c8-a92c-45a0-a658-bd3b3c1ed5a4/current/log_inprogress_0
2019-09-20 09:26:57,207 [pool-49-thread-1] INFO  storage.RaftStorageDirectory (RaftStorageDirectory.java:tryLock(328)) - Lock on /workdir/hadoop-ozone/integration-test/target/test-dir/MiniOzoneClusterImpl-a33d77e5-464b-4d19-8e6b-a171e580bf0e/datanode-2/data/ratis/b891c02b-dd85-4823-a366-1aa60631172a/in_use.lock acquired by nodename 7145@pr-hdds-1569-p5fx8-1226042367
2019-09-20 09:26:57,229 [Thread-236] INFO  impl.FollowerState (FollowerState.java:run(106)) - 492ed782-6ab3-4ad9-945e-06def6ac7c96:group-EFD1DD7C2943 changes to CANDIDATE, lastRpcTime:5045, electionTimeout:5045ms
2019-09-20 09:26:57,229 [Thread-236] INFO  impl.RoleInfo (RoleInfo.java:shutdownFollowerState(121)) - 492ed782-6ab3-4ad9-945e-06def6ac7c96: shutdown FollowerState
2019-09-20 09:26:57,229 [Thread-236] INFO  impl.RaftServerImpl (RaftServerImpl.java:setRole(171)) - 492ed782-6ab3-4ad9-945e-06def6ac7c96:group-EFD1DD7C2943 changes role from FOLLOWER to CANDIDATE at term 0 for changeToCandidate
2019-09-20 09:26:57,230 [Thread-236] INFO  impl.RoleInfo (RoleInfo.java:updateAndGet(143)) - 492ed782-6ab3-4ad9-945e-06def6ac7c96: start LeaderElection
2019-09-20 09:26:57,241 [pool-49-thread-1] INFO  storage.RaftStorage (RaftStorage.java:format(72)) - Storage directory /workdir/hadoop-ozone/integration-test/target/test-dir/MiniOzoneClusterImpl-a33d77e5-464b-4d19-8e6b-a171e580bf0e/datanode-2/data/ratis/b891c02b-dd85-4823-a366-1aa60631172a has been successfully formatted.
2019-09-20 09:26:57,242 [pool-49-thread-1] INFO  ratis.ContainerStateMachine (ContainerStateMachine.java:loadSnapshot(226)) - group-1AA60631172A: The snapshot info is null. Setting the last applied indexto:(t:0, i:~)
2019-09-20 09:26:57,242 [pool-49-thread-1] INFO  server.RaftServerConfigKeys (ConfUtils.java:logGet(43)) - raft.server.leader.election.timeout = 10s (custom)
2019-09-20 09:26:57,242 [pool-49-thread-1] INFO  server.RaftServerConfigKeys (ConfUtils.java:logGet(43)) - raft.server.log.use.memory = false (default)
2019-09-20 09:26:57,242 [pool-49-thread-1] INFO  server.RaftServerConfigKeys (ConfUtils.java:logGet(43)) - raft.server.log.purge.gap = 1000000 (custom)
2019-09-20 09:26:57,242 [pool-49-thread-1] INFO  server.RaftServerConfigKeys (ConfUtils.java:logGet(43)) - raft.server.log.appender.buffer.byte-limit = 33554432 (custom)
2019-09-20 09:26:57,243 [pool-49-thread-1] INFO  server.RaftServerConfigKeys (ConfUtils.java:logGet(43)) - raft.server.log.segment.size.max = 1048576 (custom)
2019-09-20 09:26:57,243 [pool-49-thread-1] INFO  server.RaftServerConfigKeys (ConfUtils.java:logGet(43)) - raft.server.log.segment.cache.num.max = 2 (custom)
2019-09-20 09:26:57,243 [pool-49-thread-1] INFO  segmented.SegmentedRaftLogWorker (SegmentedRaftLogWorker.java:<init>(172)) - new 492ed782-6ab3-4ad9-945e-06def6ac7c96-SegmentedRaftLogWorker:Storage Directory /workdir/hadoop-ozone/integration-test/target/test-dir/MiniOzoneClusterImpl-a33d77e5-464b-4d19-8e6b-a171e580bf0e/datanode-2/data/ratis/b891c02b-dd85-4823-a366-1aa60631172a for RaftStorage:Storage Directory /workdir/hadoop-ozone/integration-test/target/test-dir/MiniOzoneClusterImpl-a33d77e5-464b-4d19-8e6b-a171e580bf0e/datanode-2/data/ratis/b891c02b-dd85-4823-a366-1aa60631172a
2019-09-20 09:26:57,243 [pool-49-thread-1] INFO  server.RaftServerConfigKeys (ConfUtils.java:logGet(43)) - raft.server.log.queue.byte-limit = 2147483647 (custom)
2019-09-20 09:26:57,243 [pool-49-thread-1] INFO  server.RaftServerConfigKeys (ConfUtils.java:logGet(43)) - raft.server.log.queue.element-limit = 1024 (custom)
2019-09-20 09:26:57,243 [pool-49-thread-1] INFO  server.RaftServerConfigKeys (ConfUtils.java:logGet(43)) - raft.server.log.segment.size.max = 1048576 (custom)
2019-09-20 09:26:57,243 [pool-49-thread-1] INFO  server.RaftServerConfigKeys (ConfUtils.java:logGet(43)) - raft.server.log.preallocated.size = 16384 (custom)
2019-09-20 09:26:57,244 [pool-49-thread-1] INFO  server.RaftServerConfigKeys (ConfUtils.java:logGet(43)) - raft.server.log.write.buffer.size = 33554432 (custom)
2019-09-20 09:26:57,244 [pool-49-thread-1] INFO  server.RaftServerConfigKeys (ConfUtils.java:logGet(43)) - raft.server.log.force.sync.num = 128 (default)
2019-09-20 09:26:57,244 [pool-49-thread-1] INFO  server.RaftServerConfigKeys (ConfUtils.java:logGet(43)) - raft.server.log.statemachine.data.sync = true (default)
2019-09-20 09:26:57,244 [pool-49-thread-1] INFO  server.RaftServerConfigKeys (ConfUtils.java:logGet(43)) - raft.server.log.statemachine.data.sync.timeout = 10s (default)
2019-09-20 09:26:57,244 [pool-49-thread-1] INFO  server.RaftServerConfigKeys (ConfUtils.java:logGet(43)) - raft.server.log.statemachine.data.sync.timeout.retry = -1 (default)
2019-09-20 09:26:57,244 [pool-49-thread-1] INFO  server.RaftServerConfigKeys (ConfUtils.java:logGet(43)) - raft.server.log.statemachine.data.caching.enabled = true (custom)
2019-09-20 09:26:57,245 [pool-49-thread-1] INFO  segmented.SegmentedRaftLogWorker (SegmentedRaftLogWorker.java:lambda$new$0(132)) - 492ed782-6ab3-4ad9-945e-06def6ac7c96-SegmentedRaftLogWorker:Storage Directory /workdir/hadoop-ozone/integration-test/target/test-dir/MiniOzoneClusterImpl-a33d77e5-464b-4d19-8e6b-a171e580bf0e/datanode-2/data/ratis/b891c02b-dd85-4823-a366-1aa60631172a: flushIndex: setUnconditionally 0 -> -1
2019-09-20 09:26:57,245 [pool-49-thread-1] INFO  server.RaftServerConfigKeys (ConfUtils.java:logGet(43)) - raft.server.snapshot.auto.trigger.enabled = true (custom)
2019-09-20 09:26:57,245 [pool-49-thread-1] INFO  server.RaftServerConfigKeys (ConfUtils.java:logGet(43)) - raft.server.snapshot.auto.trigger.threshold = 10000 (custom)
2019-09-20 09:26:57,245 [pool-49-thread-1] INFO  server.RaftServerConfigKeys (ConfUtils.java:logGet(43)) - raft.server.retrycache.expirytime = 600000ms (custom)
2019-09-20 09:26:57,245 [pool-49-thread-1] INFO  impl.RaftServerImpl (RaftServerImpl.java:start(180)) - 492ed782-6ab3-4ad9-945e-06def6ac7c96: start group-1AA60631172A
2019-09-20 09:26:57,246 [pool-49-thread-1] INFO  impl.RaftServerImpl (RaftServerImpl.java:setRole(171)) - 492ed782-6ab3-4ad9-945e-06def6ac7c96:group-1AA60631172A changes role from null to FOLLOWER at term 0 for startAsFollower
2019-09-20 09:26:57,246 [pool-49-thread-1] INFO  impl.RoleInfo (RoleInfo.java:updateAndGet(143)) - 492ed782-6ab3-4ad9-945e-06def6ac7c96: start FollowerState
2019-09-20 09:26:57,246 [pool-49-thread-1] INFO  util.JmxRegister (JmxRegister.java:tryRegister(44)) - Successfully registered JMX Bean with object name Ratis:service=RaftServer,group=group-1AA60631172A,id=492ed782-6ab3-4ad9-945e-06def6ac7c96
2019-09-20 09:26:57,250 [RatisPipelineUtilsThread] INFO  pipeline.PipelineStateManager (PipelineStateManager.java:addPipeline(56)) - Created pipeline Pipeline[ Id: b891c02b-dd85-4823-a366-1aa60631172a, Nodes: 492ed782-6ab3-4ad9-945e-06def6ac7c96{ip: 192.168.36.99, host: pr-hdds-1569-p5fx8-1226042367, networkLocation: /default-rack, certSerialId: null}, Type:RATIS, Factor:ONE, State:OPEN]
2019-09-20 09:26:57,270 [Thread-233] INFO  impl.FollowerState (FollowerState.java:run(106)) - 871e6485-c22a-483f-9e07-d19e754685be:group-B7B310DB6120 changes to CANDIDATE, lastRpcTime:5193, electionTimeout:5193ms
2019-09-20 09:26:57,271 [Thread-233] INFO  impl.RoleInfo (RoleInfo.java:shutdownFollowerState(121)) - 871e6485-c22a-483f-9e07-d19e754685be: shutdown FollowerState
2019-09-20 09:26:57,271 [Thread-233] INFO  impl.RaftServerImpl (RaftServerImpl.java:setRole(171)) - 871e6485-c22a-483f-9e07-d19e754685be:group-B7B310DB6120 changes role from FOLLOWER to CANDIDATE at term 0 for changeToCandidate
2019-09-20 09:26:57,271 [492ed782-6ab3-4ad9-945e-06def6ac7c96:group-EFD1DD7C2943:LeaderElection4] INFO  impl.LeaderElection (LeaderElection.java:askForVotes(181)) - 492ed782-6ab3-4ad9-945e-06def6ac7c96:group-EFD1DD7C2943:LeaderElection4: begin an election at term 1 for -1: [492ed782-6ab3-4ad9-945e-06def6ac7c96:192.168.36.99:32835], old=null
2019-09-20 09:26:57,271 [Thread-233] INFO  impl.RoleInfo (RoleInfo.java:updateAndGet(143)) - 871e6485-c22a-483f-9e07-d19e754685be: start LeaderElection
2019-09-20 09:26:57,271 [492ed782-6ab3-4ad9-945e-06def6ac7c96:group-EFD1DD7C2943:LeaderElection4] INFO  impl.RoleInfo (RoleInfo.java:shutdownLeaderElection(134)) - 492ed782-6ab3-4ad9-945e-06def6ac7c96: shutdown LeaderElection
2019-09-20 09:26:57,271 [492ed782-6ab3-4ad9-945e-06def6ac7c96:group-EFD1DD7C2943:LeaderElection4] INFO  impl.RaftServerImpl (RaftServerImpl.java:setRole(171)) - 492ed782-6ab3-4ad9-945e-06def6ac7c96:group-EFD1DD7C2943 changes role from CANDIDATE to LEADER at term 1 for changeToLeader
2019-09-20 09:26:57,274 [492ed782-6ab3-4ad9-945e-06def6ac7c96:group-EFD1DD7C2943:LeaderElection4] INFO  impl.RaftServerImpl (ServerState.java:setLeader(263)) - 492ed782-6ab3-4ad9-945e-06def6ac7c96:group-EFD1DD7C2943 change Leader from null to 492ed782-6ab3-4ad9-945e-06def6ac7c96 at term 1 for becomeLeader, leader elected after 5094ms
2019-09-20 09:26:57,277 [492ed782-6ab3-4ad9-945e-06def6ac7c96:group-EFD1DD7C2943:LeaderElection4] INFO  server.RaftServerConfigKeys (ConfUtils.java:logGet(43)) - raft.server.staging.catchup.gap = 1000 (default)
2019-09-20 09:26:57,278 [492ed782-6ab3-4ad9-945e-06def6ac7c96:group-EFD1DD7C2943:LeaderElection4] INFO  server.RaftServerConfigKeys (ConfUtils.java:logGet(43)) - raft.server.rpc.sleep.time = 25ms (default)
2019-09-20 09:26:57,278 | INFO  | SCMAudit | user=jenkins1000 | ip=192.168.36.99 | op=SEND_HEARTBEAT {datanodeUUID=871e6485-c22a-483f-9e07-d19e754685be, command=[]} | ret=SUCCESS |  
2019-09-20 09:26:57,278 | INFO  | SCMAudit | user=jenkins1000 | ip=192.168.36.99 | op=SEND_HEARTBEAT {datanodeUUID=4840c00f-91d3-4881-a20b-4d0486ca97c0, command=[]} | ret=SUCCESS |  
2019-09-20 09:26:57,278 | INFO  | SCMAudit | user=jenkins1000 | ip=192.168.36.99 | op=SEND_HEARTBEAT {datanodeUUID=492ed782-6ab3-4ad9-945e-06def6ac7c96, command=[]} | ret=SUCCESS |  
2019-09-20 09:26:57,278 [492ed782-6ab3-4ad9-945e-06def6ac7c96:group-EFD1DD7C2943:LeaderElection4] INFO  server.RaftServerConfigKeys (ConfUtils.java:logGet(43)) - raft.server.write.element-limit = 4096 (default)
2019-09-20 09:26:57,278 [492ed782-6ab3-4ad9-945e-06def6ac7c96:group-EFD1DD7C2943:LeaderElection4] INFO  server.RaftServerConfigKeys (ConfUtils.java:logGet(43)) - raft.server.watch.timeout = 10s (default)
2019-09-20 09:26:57,278 [492ed782-6ab3-4ad9-945e-06def6ac7c96:group-EFD1DD7C2943:LeaderElection4] INFO  server.RaftServerConfigKeys (ConfUtils.java:logGet(43)) - raft.server.watch.timeout.denomination = 1s (default)
2019-09-20 09:26:57,278 [grpc-default-executor-1] INFO  impl.RaftServerProxy (RaftServerProxy.java:addNew(89)) - 4840c00f-91d3-4881-a20b-4d0486ca97c0: addNew group-73C7092B06B0:[4840c00f-91d3-4881-a20b-4d0486ca97c0:192.168.36.99:41473] returns group-73C7092B06B0:java.util.concurrent.CompletableFuture@6aa094a[Not completed]
2019-09-20 09:26:57,278 [492ed782-6ab3-4ad9-945e-06def6ac7c96:group-EFD1DD7C2943:LeaderElection4] INFO  server.RaftServerConfigKeys (ConfUtils.java:logGet(43)) - raft.server.watch.element-limit = 65536 (default)
2019-09-20 09:26:57,279 [492ed782-6ab3-4ad9-945e-06def6ac7c96:group-EFD1DD7C2943:LeaderElection4] INFO  impl.RoleInfo (RoleInfo.java:updateAndGet(143)) - 492ed782-6ab3-4ad9-945e-06def6ac7c96: start LeaderState
2019-09-20 09:26:57,279 [492ed782-6ab3-4ad9-945e-06def6ac7c96:group-EFD1DD7C2943:LeaderElection4] INFO  segmented.SegmentedRaftLogWorker (SegmentedRaftLogWorker.java:startLogSegment(380)) - 492ed782-6ab3-4ad9-945e-06def6ac7c96-SegmentedRaftLogWorker:Storage Directory /workdir/hadoop-ozone/integration-test/target/test-dir/MiniOzoneClusterImpl-a33d77e5-464b-4d19-8e6b-a171e580bf0e/datanode-2/data/ratis/fb41be24-1ed6-407c-81fc-efd1dd7c2943: Starting segment from index:0
2019-09-20 09:26:57,280 [pool-60-thread-1] INFO  impl.RaftServerImpl (RaftServerImpl.java:<init>(93)) - 4840c00f-91d3-4881-a20b-4d0486ca97c0: new RaftServerImpl for group-73C7092B06B0:[4840c00f-91d3-4881-a20b-4d0486ca97c0:192.168.36.99:41473] with ContainerStateMachine:uninitialized
2019-09-20 09:26:57,280 [492ed782-6ab3-4ad9-945e-06def6ac7c96:group-EFD1DD7C2943:LeaderElection4] INFO  impl.RaftServerImpl (ServerState.java:setRaftConf(361)) - 492ed782-6ab3-4ad9-945e-06def6ac7c96:group-EFD1DD7C2943 set configuration 0: [492ed782-6ab3-4ad9-945e-06def6ac7c96:192.168.36.99:32835], old=null at 0
2019-09-20 09:26:57,280 [pool-60-thread-1] INFO  server.RaftServerConfigKeys (ConfUtils.java:logGet(43)) - raft.server.rpc.timeout.min = 5s (custom)
2019-09-20 09:26:57,307 [871e6485-c22a-483f-9e07-d19e754685be:group-B7B310DB6120:LeaderElection5] INFO  impl.LeaderElection (LeaderElection.java:askForVotes(181)) - 871e6485-c22a-483f-9e07-d19e754685be:group-B7B310DB6120:LeaderElection5: begin an election at term 1 for -1: [871e6485-c22a-483f-9e07-d19e754685be:192.168.36.99:41076], old=null
2019-09-20 09:26:57,307 [Thread-239] INFO  impl.FollowerState (FollowerState.java:run(106)) - 871e6485-c22a-483f-9e07-d19e754685be:group-CCD775D3720C changes to CANDIDATE, lastRpcTime:5029, electionTimeout:5024ms
2019-09-20 09:26:57,307 [871e6485-c22a-483f-9e07-d19e754685be:group-B7B310DB6120:LeaderElection5] INFO  impl.RoleInfo (RoleInfo.java:shutdownLeaderElection(134)) - 871e6485-c22a-483f-9e07-d19e754685be: shutdown LeaderElection
2019-09-20 09:26:57,308 [871e6485-c22a-483f-9e07-d19e754685be:group-B7B310DB6120:LeaderElection5] INFO  impl.RaftServerImpl (RaftServerImpl.java:setRole(171)) - 871e6485-c22a-483f-9e07-d19e754685be:group-B7B310DB6120 changes role from CANDIDATE to LEADER at term 1 for changeToLeader
2019-09-20 09:26:57,307 [pool-60-thread-1] INFO  server.RaftServerConfigKeys (ConfUtils.java:logGet(43)) - raft.server.rpc.timeout.max = 5200ms (custom)
2019-09-20 09:26:57,308 [871e6485-c22a-483f-9e07-d19e754685be:group-B7B310DB6120:LeaderElection5] INFO  impl.RaftServerImpl (ServerState.java:setLeader(263)) - 871e6485-c22a-483f-9e07-d19e754685be:group-B7B310DB6120 change Leader from null to 871e6485-c22a-483f-9e07-d19e754685be at term 1 for becomeLeader, leader elected after 5237ms
2019-09-20 09:26:57,307 [Thread-239] INFO  impl.RoleInfo (RoleInfo.java:shutdownFollowerState(121)) - 871e6485-c22a-483f-9e07-d19e754685be: shutdown FollowerState
2019-09-20 09:26:57,308 [871e6485-c22a-483f-9e07-d19e754685be:group-B7B310DB6120:LeaderElection5] INFO  server.RaftServerConfigKeys (ConfUtils.java:logGet(43)) - raft.server.staging.catchup.gap = 1000 (default)
2019-09-20 09:26:57,308 [pool-60-thread-1] INFO  server.RaftServerConfigKeys (ConfUtils.java:logGet(43)) - raft.server.rpcslowness.timeout = 10s (custom)
2019-09-20 09:26:57,308 [871e6485-c22a-483f-9e07-d19e754685be:group-B7B310DB6120:LeaderElection5] INFO  server.RaftServerConfigKeys (ConfUtils.java:logGet(43)) - raft.server.rpc.sleep.time = 25ms (default)
2019-09-20 09:26:57,308 [Thread-239] INFO  impl.RaftServerImpl (RaftServerImpl.java:setRole(171)) - 871e6485-c22a-483f-9e07-d19e754685be:group-CCD775D3720C changes role from FOLLOWER to CANDIDATE at term 0 for changeToCandidate
2019-09-20 09:26:57,309 [871e6485-c22a-483f-9e07-d19e754685be:group-B7B310DB6120:LeaderElection5] INFO  server.RaftServerConfigKeys (ConfUtils.java:logGet(43)) - raft.server.write.element-limit = 4096 (default)
2019-09-20 09:26:57,308 [pool-60-thread-1] INFO  server.RaftServerConfigKeys (ConfUtils.java:logGet(43)) - raft.server.sleep.deviation.threshold = 300 (default)
2019-09-20 09:26:57,309 [871e6485-c22a-483f-9e07-d19e754685be:group-B7B310DB6120:LeaderElection5] INFO  server.RaftServerConfigKeys (ConfUtils.java:logGet(43)) - raft.server.watch.timeout = 10s (default)
2019-09-20 09:26:57,309 [Thread-239] INFO  impl.RoleInfo (RoleInfo.java:updateAndGet(143)) - 871e6485-c22a-483f-9e07-d19e754685be: start LeaderElection
2019-09-20 09:26:57,309 [871e6485-c22a-483f-9e07-d19e754685be:group-B7B310DB6120:LeaderElection5] INFO  server.RaftServerConfigKeys (ConfUtils.java:logGet(43)) - raft.server.watch.timeout.denomination = 1s (default)
2019-09-20 09:26:57,309 [pool-60-thread-1] INFO  server.RaftServerConfigKeys (ConfUtils.java:logGet(43)) - raft.server.log.appender.install.snapshot.enabled = false (custom)
2019-09-20 09:26:57,309 [871e6485-c22a-483f-9e07-d19e754685be:group-B7B310DB6120:LeaderElection5] INFO  server.RaftServerConfigKeys (ConfUtils.java:logGet(43)) - raft.server.watch.element-limit = 65536 (default)
2019-09-20 09:26:57,314 [pool-60-thread-1] INFO  impl.RaftServerImpl (ServerState.java:<init>(105)) - 4840c00f-91d3-4881-a20b-4d0486ca97c0:group-73C7092B06B0 ConfigurationManager, init=-1: [4840c00f-91d3-4881-a20b-4d0486ca97c0:192.168.36.99:41473], old=null, confs=<EMPTY_MAP>
2019-09-20 09:26:57,316 [871e6485-c22a-483f-9e07-d19e754685be:group-B7B310DB6120:LeaderElection5] INFO  impl.RoleInfo (RoleInfo.java:updateAndGet(143)) - 871e6485-c22a-483f-9e07-d19e754685be: start LeaderState
2019-09-20 09:26:57,316 [pool-60-thread-1] INFO  server.RaftServerConfigKeys (ConfUtils.java:logGet(43)) - raft.server.storage.dir = [/workdir/hadoop-ozone/integration-test/target/test-dir/MiniOzoneClusterImpl-a33d77e5-464b-4d19-8e6b-a171e580bf0e/datanode-3/data/ratis] (custom)
2019-09-20 09:26:57,316 [871e6485-c22a-483f-9e07-d19e754685be:group-B7B310DB6120:LeaderElection5] INFO  segmented.SegmentedRaftLogWorker (SegmentedRaftLogWorker.java:startLogSegment(380)) - 871e6485-c22a-483f-9e07-d19e754685be-SegmentedRaftLogWorker:Storage Directory /workdir/hadoop-ozone/integration-test/target/test-dir/MiniOzoneClusterImpl-a33d77e5-464b-4d19-8e6b-a171e580bf0e/datanode-4/data/ratis/3b950293-b23c-443d-b2c7-b7b310db6120: Starting segment from index:0
2019-09-20 09:26:57,316 [pool-60-thread-1] INFO  storage.RaftStorageDirectory (RaftStorageDirectory.java:analyzeStorage(246)) - The storage directory /workdir/hadoop-ozone/integration-test/target/test-dir/MiniOzoneClusterImpl-a33d77e5-464b-4d19-8e6b-a171e580bf0e/datanode-3/data/ratis/d0b5c93f-1931-449a-9b36-73c7092b06b0 does not exist. Creating ...
2019-09-20 09:26:57,316 [871e6485-c22a-483f-9e07-d19e754685be:group-B7B310DB6120:LeaderElection5] INFO  impl.RaftServerImpl (ServerState.java:setRaftConf(361)) - 871e6485-c22a-483f-9e07-d19e754685be:group-B7B310DB6120 set configuration 0: [871e6485-c22a-483f-9e07-d19e754685be:192.168.36.99:41076], old=null at 0
2019-09-20 09:26:57,319 | INFO  | SCMAudit | user=jenkins1000 | ip=192.168.36.99 | op=SEND_HEARTBEAT {datanodeUUID=02b93e76-e4c6-4b67-b8a4-c536d9ab7224, command=[]} | ret=SUCCESS |  
2019-09-20 09:26:57,326 [492ed782-6ab3-4ad9-945e-06def6ac7c96-SegmentedRaftLogWorker:Storage Directory /workdir/hadoop-ozone/integration-test/target/test-dir/MiniOzoneClusterImpl-a33d77e5-464b-4d19-8e6b-a171e580bf0e/datanode-2/data/ratis/fb41be24-1ed6-407c-81fc-efd1dd7c2943] INFO  segmented.SegmentedRaftLogWorker (SegmentedRaftLogWorker.java:execute(569)) - 492ed782-6ab3-4ad9-945e-06def6ac7c96-SegmentedRaftLogWorker:Storage Directory /workdir/hadoop-ozone/integration-test/target/test-dir/MiniOzoneClusterImpl-a33d77e5-464b-4d19-8e6b-a171e580bf0e/datanode-2/data/ratis/fb41be24-1ed6-407c-81fc-efd1dd7c2943: created new log segment /workdir/hadoop-ozone/integration-test/target/test-dir/MiniOzoneClusterImpl-a33d77e5-464b-4d19-8e6b-a171e580bf0e/datanode-2/data/ratis/fb41be24-1ed6-407c-81fc-efd1dd7c2943/current/log_inprogress_0
2019-09-20 09:26:57,343 [pool-60-thread-1] INFO  storage.RaftStorageDirectory (RaftStorageDirectory.java:tryLock(328)) - Lock on /workdir/hadoop-ozone/integration-test/target/test-dir/MiniOzoneClusterImpl-a33d77e5-464b-4d19-8e6b-a171e580bf0e/datanode-3/data/ratis/d0b5c93f-1931-449a-9b36-73c7092b06b0/in_use.lock acquired by nodename 7145@pr-hdds-1569-p5fx8-1226042367
2019-09-20 09:26:57,343 [871e6485-c22a-483f-9e07-d19e754685be:group-CCD775D3720C:LeaderElection6] INFO  impl.LeaderElection (LeaderElection.java:askForVotes(181)) - 871e6485-c22a-483f-9e07-d19e754685be:group-CCD775D3720C:LeaderElection6: begin an election at term 1 for -1: [871e6485-c22a-483f-9e07-d19e754685be:192.168.36.99:41076], old=null
2019-09-20 09:26:57,343 [871e6485-c22a-483f-9e07-d19e754685be:group-CCD775D3720C:LeaderElection6] INFO  impl.RoleInfo (RoleInfo.java:shutdownLeaderElection(134)) - 871e6485-c22a-483f-9e07-d19e754685be: shutdown LeaderElection
2019-09-20 09:26:57,344 [871e6485-c22a-483f-9e07-d19e754685be:group-CCD775D3720C:LeaderElection6] INFO  impl.RaftServerImpl (RaftServerImpl.java:setRole(171)) - 871e6485-c22a-483f-9e07-d19e754685be:group-CCD775D3720C changes role from CANDIDATE to LEADER at term 1 for changeToLeader
2019-09-20 09:26:57,344 [871e6485-c22a-483f-9e07-d19e754685be:group-CCD775D3720C:LeaderElection6] INFO  impl.RaftServerImpl (ServerState.java:setLeader(263)) - 871e6485-c22a-483f-9e07-d19e754685be:group-CCD775D3720C change Leader from null to 871e6485-c22a-483f-9e07-d19e754685be at term 1 for becomeLeader, leader elected after 5071ms
2019-09-20 09:26:57,344 [871e6485-c22a-483f-9e07-d19e754685be:group-CCD775D3720C:LeaderElection6] INFO  server.RaftServerConfigKeys (ConfUtils.java:logGet(43)) - raft.server.staging.catchup.gap = 1000 (default)
2019-09-20 09:26:57,344 [871e6485-c22a-483f-9e07-d19e754685be:group-CCD775D3720C:LeaderElection6] INFO  server.RaftServerConfigKeys (ConfUtils.java:logGet(43)) - raft.server.rpc.sleep.time = 25ms (default)
2019-09-20 09:26:57,344 [871e6485-c22a-483f-9e07-d19e754685be:group-CCD775D3720C:LeaderElection6] INFO  server.RaftServerConfigKeys (ConfUtils.java:logGet(43)) - raft.server.write.element-limit = 4096 (default)
2019-09-20 09:26:57,345 [871e6485-c22a-483f-9e07-d19e754685be:group-CCD775D3720C:LeaderElection6] INFO  server.RaftServerConfigKeys (ConfUtils.java:logGet(43)) - raft.server.watch.timeout = 10s (default)
2019-09-20 09:26:57,345 [871e6485-c22a-483f-9e07-d19e754685be:group-CCD775D3720C:LeaderElection6] INFO  server.RaftServerConfigKeys (ConfUtils.java:logGet(43)) - raft.server.watch.timeout.denomination = 1s (default)
2019-09-20 09:26:57,345 [871e6485-c22a-483f-9e07-d19e754685be:group-CCD775D3720C:LeaderElection6] INFO  server.RaftServerConfigKeys (ConfUtils.java:logGet(43)) - raft.server.watch.element-limit = 65536 (default)
2019-09-20 09:26:57,345 [871e6485-c22a-483f-9e07-d19e754685be:group-CCD775D3720C:LeaderElection6] INFO  impl.RoleInfo (RoleInfo.java:updateAndGet(143)) - 871e6485-c22a-483f-9e07-d19e754685be: start LeaderState
2019-09-20 09:26:57,345 [871e6485-c22a-483f-9e07-d19e754685be:group-CCD775D3720C:LeaderElection6] INFO  segmented.SegmentedRaftLogWorker (SegmentedRaftLogWorker.java:startLogSegment(380)) - 871e6485-c22a-483f-9e07-d19e754685be-SegmentedRaftLogWorker:Storage Directory /workdir/hadoop-ozone/integration-test/target/test-dir/MiniOzoneClusterImpl-a33d77e5-464b-4d19-8e6b-a171e580bf0e/datanode-4/data/ratis/b10c5fc0-1db1-411b-a90f-ccd775d3720c: Starting segment from index:0
2019-09-20 09:26:57,346 [871e6485-c22a-483f-9e07-d19e754685be:group-CCD775D3720C:LeaderElection6] INFO  impl.RaftServerImpl (ServerState.java:setRaftConf(361)) - 871e6485-c22a-483f-9e07-d19e754685be:group-CCD775D3720C set configuration 0: [871e6485-c22a-483f-9e07-d19e754685be:192.168.36.99:41076], old=null at 0
2019-09-20 09:26:57,373 [pool-60-thread-1] INFO  storage.RaftStorage (RaftStorage.java:format(72)) - Storage directory /workdir/hadoop-ozone/integration-test/target/test-dir/MiniOzoneClusterImpl-a33d77e5-464b-4d19-8e6b-a171e580bf0e/datanode-3/data/ratis/d0b5c93f-1931-449a-9b36-73c7092b06b0 has been successfully formatted.
2019-09-20 09:26:57,373 [pool-60-thread-1] INFO  ratis.ContainerStateMachine (ContainerStateMachine.java:loadSnapshot(226)) - group-73C7092B06B0: The snapshot info is null. Setting the last applied indexto:(t:0, i:~)
2019-09-20 09:26:57,373 [pool-60-thread-1] INFO  server.RaftServerConfigKeys (ConfUtils.java:logGet(43)) - raft.server.leader.election.timeout = 10s (custom)
2019-09-20 09:26:57,373 [pool-60-thread-1] INFO  server.RaftServerConfigKeys (ConfUtils.java:logGet(43)) - raft.server.log.use.memory = false (default)
2019-09-20 09:26:57,374 [pool-60-thread-1] INFO  server.RaftServerConfigKeys (ConfUtils.java:logGet(43)) - raft.server.log.purge.gap = 1000000 (custom)
2019-09-20 09:26:57,374 [pool-60-thread-1] INFO  server.RaftServerConfigKeys (ConfUtils.java:logGet(43)) - raft.server.log.appender.buffer.byte-limit = 33554432 (custom)
2019-09-20 09:26:57,374 [pool-60-thread-1] INFO  server.RaftServerConfigKeys (ConfUtils.java:logGet(43)) - raft.server.log.segment.size.max = 1048576 (custom)
2019-09-20 09:26:57,374 [pool-60-thread-1] INFO  server.RaftServerConfigKeys (ConfUtils.java:logGet(43)) - raft.server.log.segment.cache.num.max = 2 (custom)
2019-09-20 09:26:57,374 [pool-60-thread-1] INFO  segmented.SegmentedRaftLogWorker (SegmentedRaftLogWorker.java:<init>(172)) - new 4840c00f-91d3-4881-a20b-4d0486ca97c0-SegmentedRaftLogWorker:Storage Directory /workdir/hadoop-ozone/integration-test/target/test-dir/MiniOzoneClusterImpl-a33d77e5-464b-4d19-8e6b-a171e580bf0e/datanode-3/data/ratis/d0b5c93f-1931-449a-9b36-73c7092b06b0 for RaftStorage:Storage Directory /workdir/hadoop-ozone/integration-test/target/test-dir/MiniOzoneClusterImpl-a33d77e5-464b-4d19-8e6b-a171e580bf0e/datanode-3/data/ratis/d0b5c93f-1931-449a-9b36-73c7092b06b0
2019-09-20 09:26:57,374 [pool-60-thread-1] INFO  server.RaftServerConfigKeys (ConfUtils.java:logGet(43)) - raft.server.log.queue.byte-limit = 2147483647 (custom)
2019-09-20 09:26:57,374 [pool-60-thread-1] INFO  server.RaftServerConfigKeys (ConfUtils.java:logGet(43)) - raft.server.log.queue.element-limit = 1024 (custom)
2019-09-20 09:26:57,374 [pool-60-thread-1] INFO  server.RaftServerConfigKeys (ConfUtils.java:logGet(43)) - raft.server.log.segment.size.max = 1048576 (custom)
2019-09-20 09:26:57,375 [pool-60-thread-1] INFO  server.RaftServerConfigKeys (ConfUtils.java:logGet(43)) - raft.server.log.preallocated.size = 16384 (custom)
2019-09-20 09:26:57,375 [pool-60-thread-1] INFO  server.RaftServerConfigKeys (ConfUtils.java:logGet(43)) - raft.server.log.write.buffer.size = 33554432 (custom)
2019-09-20 09:26:57,375 [pool-60-thread-1] INFO  server.RaftServerConfigKeys (ConfUtils.java:logGet(43)) - raft.server.log.force.sync.num = 128 (default)
2019-09-20 09:26:57,375 [pool-60-thread-1] INFO  server.RaftServerConfigKeys (ConfUtils.java:logGet(43)) - raft.server.log.statemachine.data.sync = true (default)
2019-09-20 09:26:57,375 [pool-60-thread-1] INFO  server.RaftServerConfigKeys (ConfUtils.java:logGet(43)) - raft.server.log.statemachine.data.sync.timeout = 10s (default)
2019-09-20 09:26:57,375 [pool-60-thread-1] INFO  server.RaftServerConfigKeys (ConfUtils.java:logGet(43)) - raft.server.log.statemachine.data.sync.timeout.retry = -1 (default)
2019-09-20 09:26:57,375 [pool-60-thread-1] INFO  server.RaftServerConfigKeys (ConfUtils.java:logGet(43)) - raft.server.log.statemachine.data.caching.enabled = true (custom)
2019-09-20 09:26:57,376 [pool-60-thread-1] INFO  segmented.SegmentedRaftLogWorker (SegmentedRaftLogWorker.java:lambda$new$0(132)) - 4840c00f-91d3-4881-a20b-4d0486ca97c0-SegmentedRaftLogWorker:Storage Directory /workdir/hadoop-ozone/integration-test/target/test-dir/MiniOzoneClusterImpl-a33d77e5-464b-4d19-8e6b-a171e580bf0e/datanode-3/data/ratis/d0b5c93f-1931-449a-9b36-73c7092b06b0: flushIndex: setUnconditionally 0 -> -1
2019-09-20 09:26:57,376 [pool-60-thread-1] INFO  server.RaftServerConfigKeys (ConfUtils.java:logGet(43)) - raft.server.snapshot.auto.trigger.enabled = true (custom)
2019-09-20 09:26:57,376 [pool-60-thread-1] INFO  server.RaftServerConfigKeys (ConfUtils.java:logGet(43)) - raft.server.snapshot.auto.trigger.threshold = 10000 (custom)
2019-09-20 09:26:57,376 [pool-60-thread-1] INFO  server.RaftServerConfigKeys (ConfUtils.java:logGet(43)) - raft.server.retrycache.expirytime = 600000ms (custom)
2019-09-20 09:26:57,376 [pool-60-thread-1] INFO  impl.RaftServerImpl (RaftServerImpl.java:start(180)) - 4840c00f-91d3-4881-a20b-4d0486ca97c0: start group-73C7092B06B0
2019-09-20 09:26:57,377 [pool-60-thread-1] INFO  impl.RaftServerImpl (RaftServerImpl.java:setRole(171)) - 4840c00f-91d3-4881-a20b-4d0486ca97c0:group-73C7092B06B0 changes role from null to FOLLOWER at term 0 for startAsFollower
2019-09-20 09:26:57,377 [pool-60-thread-1] INFO  impl.RoleInfo (RoleInfo.java:updateAndGet(143)) - 4840c00f-91d3-4881-a20b-4d0486ca97c0: start FollowerState
2019-09-20 09:26:57,377 [pool-60-thread-1] INFO  util.JmxRegister (JmxRegister.java:tryRegister(44)) - Successfully registered JMX Bean with object name Ratis:service=RaftServer,group=group-73C7092B06B0,id=4840c00f-91d3-4881-a20b-4d0486ca97c0
2019-09-20 09:26:57,380 [RatisPipelineUtilsThread] INFO  pipeline.PipelineStateManager (PipelineStateManager.java:addPipeline(56)) - Created pipeline Pipeline[ Id: d0b5c93f-1931-449a-9b36-73c7092b06b0, Nodes: 4840c00f-91d3-4881-a20b-4d0486ca97c0{ip: 192.168.36.99, host: pr-hdds-1569-p5fx8-1226042367, networkLocation: /default-rack, certSerialId: null}, Type:RATIS, Factor:ONE, State:OPEN]
2019-09-20 09:26:57,387 [grpc-default-executor-1] INFO  impl.RaftServerProxy (RaftServerProxy.java:addNew(89)) - fd3cd5f9-4f1c-43ea-91b1-b85a1f6c3825: addNew group-F929C9A57B1F:[fd3cd5f9-4f1c-43ea-91b1-b85a1f6c3825:192.168.36.99:39114] returns group-F929C9A57B1F:java.util.concurrent.CompletableFuture@2e8f77c1[Not completed]
2019-09-20 09:26:57,388 [pool-38-thread-1] INFO  impl.RaftServerImpl (RaftServerImpl.java:<init>(93)) - fd3cd5f9-4f1c-43ea-91b1-b85a1f6c3825: new RaftServerImpl for group-F929C9A57B1F:[fd3cd5f9-4f1c-43ea-91b1-b85a1f6c3825:192.168.36.99:39114] with ContainerStateMachine:uninitialized
2019-09-20 09:26:57,389 [pool-38-thread-1] INFO  server.RaftServerConfigKeys (ConfUtils.java:logGet(43)) - raft.server.rpc.timeout.min = 5s (custom)
2019-09-20 09:26:57,389 [pool-38-thread-1] INFO  server.RaftServerConfigKeys (ConfUtils.java:logGet(43)) - raft.server.rpc.timeout.max = 5200ms (custom)
2019-09-20 09:26:57,389 [pool-38-thread-1] INFO  server.RaftServerConfigKeys (ConfUtils.java:logGet(43)) - raft.server.rpcslowness.timeout = 10s (custom)
2019-09-20 09:26:57,389 [pool-38-thread-1] INFO  server.RaftServerConfigKeys (ConfUtils.java:logGet(43)) - raft.server.sleep.deviation.threshold = 300 (default)
2019-09-20 09:26:57,389 [pool-38-thread-1] INFO  server.RaftServerConfigKeys (ConfUtils.java:logGet(43)) - raft.server.log.appender.install.snapshot.enabled = false (custom)
2019-09-20 09:26:57,389 [pool-38-thread-1] INFO  impl.RaftServerImpl (ServerState.java:<init>(105)) - fd3cd5f9-4f1c-43ea-91b1-b85a1f6c3825:group-F929C9A57B1F ConfigurationManager, init=-1: [fd3cd5f9-4f1c-43ea-91b1-b85a1f6c3825:192.168.36.99:39114], old=null, confs=<EMPTY_MAP>
2019-09-20 09:26:57,389 [pool-38-thread-1] INFO  server.RaftServerConfigKeys (ConfUtils.java:logGet(43)) - raft.server.storage.dir = [/workdir/hadoop-ozone/integration-test/target/test-dir/MiniOzoneClusterImpl-a33d77e5-464b-4d19-8e6b-a171e580bf0e/datanode-1/data/ratis] (custom)
2019-09-20 09:26:57,390 [pool-38-thread-1] INFO  storage.RaftStorageDirectory (RaftStorageDirectory.java:analyzeStorage(246)) - The storage directory /workdir/hadoop-ozone/integration-test/target/test-dir/MiniOzoneClusterImpl-a33d77e5-464b-4d19-8e6b-a171e580bf0e/datanode-1/data/ratis/d140707c-4fb0-4506-a3be-f929c9a57b1f does not exist. Creating ...
2019-09-20 09:26:57,394 [871e6485-c22a-483f-9e07-d19e754685be-SegmentedRaftLogWorker:Storage Directory /workdir/hadoop-ozone/integration-test/target/test-dir/MiniOzoneClusterImpl-a33d77e5-464b-4d19-8e6b-a171e580bf0e/datanode-4/data/ratis/b10c5fc0-1db1-411b-a90f-ccd775d3720c] INFO  segmented.SegmentedRaftLogWorker (SegmentedRaftLogWorker.java:execute(569)) - 871e6485-c22a-483f-9e07-d19e754685be-SegmentedRaftLogWorker:Storage Directory /workdir/hadoop-ozone/integration-test/target/test-dir/MiniOzoneClusterImpl-a33d77e5-464b-4d19-8e6b-a171e580bf0e/datanode-4/data/ratis/b10c5fc0-1db1-411b-a90f-ccd775d3720c: created new log segment /workdir/hadoop-ozone/integration-test/target/test-dir/MiniOzoneClusterImpl-a33d77e5-464b-4d19-8e6b-a171e580bf0e/datanode-4/data/ratis/b10c5fc0-1db1-411b-a90f-ccd775d3720c/current/log_inprogress_0
2019-09-20 09:26:57,394 [871e6485-c22a-483f-9e07-d19e754685be-SegmentedRaftLogWorker:Storage Directory /workdir/hadoop-ozone/integration-test/target/test-dir/MiniOzoneClusterImpl-a33d77e5-464b-4d19-8e6b-a171e580bf0e/datanode-4/data/ratis/3b950293-b23c-443d-b2c7-b7b310db6120] INFO  segmented.SegmentedRaftLogWorker (SegmentedRaftLogWorker.java:execute(569)) - 871e6485-c22a-483f-9e07-d19e754685be-SegmentedRaftLogWorker:Storage Directory /workdir/hadoop-ozone/integration-test/target/test-dir/MiniOzoneClusterImpl-a33d77e5-464b-4d19-8e6b-a171e580bf0e/datanode-4/data/ratis/3b950293-b23c-443d-b2c7-b7b310db6120: created new log segment /workdir/hadoop-ozone/integration-test/target/test-dir/MiniOzoneClusterImpl-a33d77e5-464b-4d19-8e6b-a171e580bf0e/datanode-4/data/ratis/3b950293-b23c-443d-b2c7-b7b310db6120/current/log_inprogress_0
2019-09-20 09:26:57,411 [pool-38-thread-1] INFO  storage.RaftStorageDirectory (RaftStorageDirectory.java:tryLock(328)) - Lock on /workdir/hadoop-ozone/integration-test/target/test-dir/MiniOzoneClusterImpl-a33d77e5-464b-4d19-8e6b-a171e580bf0e/datanode-1/data/ratis/d140707c-4fb0-4506-a3be-f929c9a57b1f/in_use.lock acquired by nodename 7145@pr-hdds-1569-p5fx8-1226042367
2019-09-20 09:26:57,453 [pool-38-thread-1] INFO  storage.RaftStorage (RaftStorage.java:format(72)) - Storage directory /workdir/hadoop-ozone/integration-test/target/test-dir/MiniOzoneClusterImpl-a33d77e5-464b-4d19-8e6b-a171e580bf0e/datanode-1/data/ratis/d140707c-4fb0-4506-a3be-f929c9a57b1f has been successfully formatted.
2019-09-20 09:26:57,454 [pool-38-thread-1] INFO  ratis.ContainerStateMachine (ContainerStateMachine.java:loadSnapshot(226)) - group-F929C9A57B1F: The snapshot info is null. Setting the last applied indexto:(t:0, i:~)
2019-09-20 09:26:57,454 [pool-38-thread-1] INFO  server.RaftServerConfigKeys (ConfUtils.java:logGet(43)) - raft.server.leader.election.timeout = 10s (custom)
2019-09-20 09:26:57,454 [pool-38-thread-1] INFO  server.RaftServerConfigKeys (ConfUtils.java:logGet(43)) - raft.server.log.use.memory = false (default)
2019-09-20 09:26:57,454 [pool-38-thread-1] INFO  server.RaftServerConfigKeys (ConfUtils.java:logGet(43)) - raft.server.log.purge.gap = 1000000 (custom)
2019-09-20 09:26:57,454 [pool-38-thread-1] INFO  server.RaftServerConfigKeys (ConfUtils.java:logGet(43)) - raft.server.log.appender.buffer.byte-limit = 33554432 (custom)
2019-09-20 09:26:57,454 [pool-38-thread-1] INFO  server.RaftServerConfigKeys (ConfUtils.java:logGet(43)) - raft.server.log.segment.size.max = 1048576 (custom)
2019-09-20 09:26:57,455 [pool-38-thread-1] INFO  server.RaftServerConfigKeys (ConfUtils.java:logGet(43)) - raft.server.log.segment.cache.num.max = 2 (custom)
2019-09-20 09:26:57,455 [pool-38-thread-1] INFO  segmented.SegmentedRaftLogWorker (SegmentedRaftLogWorker.java:<init>(172)) - new fd3cd5f9-4f1c-43ea-91b1-b85a1f6c3825-SegmentedRaftLogWorker:Storage Directory /workdir/hadoop-ozone/integration-test/target/test-dir/MiniOzoneClusterImpl-a33d77e5-464b-4d19-8e6b-a171e580bf0e/datanode-1/data/ratis/d140707c-4fb0-4506-a3be-f929c9a57b1f for RaftStorage:Storage Directory /workdir/hadoop-ozone/integration-test/target/test-dir/MiniOzoneClusterImpl-a33d77e5-464b-4d19-8e6b-a171e580bf0e/datanode-1/data/ratis/d140707c-4fb0-4506-a3be-f929c9a57b1f
2019-09-20 09:26:57,455 [pool-38-thread-1] INFO  server.RaftServerConfigKeys (ConfUtils.java:logGet(43)) - raft.server.log.queue.byte-limit = 2147483647 (custom)
2019-09-20 09:26:57,455 [pool-38-thread-1] INFO  server.RaftServerConfigKeys (ConfUtils.java:logGet(43)) - raft.server.log.queue.element-limit = 1024 (custom)
2019-09-20 09:26:57,455 [pool-38-thread-1] INFO  server.RaftServerConfigKeys (ConfUtils.java:logGet(43)) - raft.server.log.segment.size.max = 1048576 (custom)
2019-09-20 09:26:57,455 [pool-38-thread-1] INFO  server.RaftServerConfigKeys (ConfUtils.java:logGet(43)) - raft.server.log.preallocated.size = 16384 (custom)
2019-09-20 09:26:57,455 [pool-38-thread-1] INFO  server.RaftServerConfigKeys (ConfUtils.java:logGet(43)) - raft.server.log.write.buffer.size = 33554432 (custom)
2019-09-20 09:26:57,456 [pool-38-thread-1] INFO  server.RaftServerConfigKeys (ConfUtils.java:logGet(43)) - raft.server.log.force.sync.num = 128 (default)
2019-09-20 09:26:57,456 [pool-38-thread-1] INFO  server.RaftServerConfigKeys (ConfUtils.java:logGet(43)) - raft.server.log.statemachine.data.sync = true (default)
2019-09-20 09:26:57,456 [pool-38-thread-1] INFO  server.RaftServerConfigKeys (ConfUtils.java:logGet(43)) - raft.server.log.statemachine.data.sync.timeout = 10s (default)
2019-09-20 09:26:57,456 [pool-38-thread-1] INFO  server.RaftServerConfigKeys (ConfUtils.java:logGet(43)) - raft.server.log.statemachine.data.sync.timeout.retry = -1 (default)
2019-09-20 09:26:57,456 [pool-38-thread-1] INFO  server.RaftServerConfigKeys (ConfUtils.java:logGet(43)) - raft.server.log.statemachine.data.caching.enabled = true (custom)
2019-09-20 09:26:57,457 [pool-38-thread-1] INFO  segmented.SegmentedRaftLogWorker (SegmentedRaftLogWorker.java:lambda$new$0(132)) - fd3cd5f9-4f1c-43ea-91b1-b85a1f6c3825-SegmentedRaftLogWorker:Storage Directory /workdir/hadoop-ozone/integration-test/target/test-dir/MiniOzoneClusterImpl-a33d77e5-464b-4d19-8e6b-a171e580bf0e/datanode-1/data/ratis/d140707c-4fb0-4506-a3be-f929c9a57b1f: flushIndex: setUnconditionally 0 -> -1
2019-09-20 09:26:57,457 [pool-38-thread-1] INFO  server.RaftServerConfigKeys (ConfUtils.java:logGet(43)) - raft.server.snapshot.auto.trigger.enabled = true (custom)
2019-09-20 09:26:57,457 [pool-38-thread-1] INFO  server.RaftServerConfigKeys (ConfUtils.java:logGet(43)) - raft.server.snapshot.auto.trigger.threshold = 10000 (custom)
2019-09-20 09:26:57,457 [pool-38-thread-1] INFO  server.RaftServerConfigKeys (ConfUtils.java:logGet(43)) - raft.server.retrycache.expirytime = 600000ms (custom)
2019-09-20 09:26:57,458 [pool-38-thread-1] INFO  impl.RaftServerImpl (RaftServerImpl.java:start(180)) - fd3cd5f9-4f1c-43ea-91b1-b85a1f6c3825: start group-F929C9A57B1F
2019-09-20 09:26:57,458 [pool-38-thread-1] INFO  impl.RaftServerImpl (RaftServerImpl.java:setRole(171)) - fd3cd5f9-4f1c-43ea-91b1-b85a1f6c3825:group-F929C9A57B1F changes role from null to FOLLOWER at term 0 for startAsFollower
2019-09-20 09:26:57,458 [pool-38-thread-1] INFO  impl.RoleInfo (RoleInfo.java:updateAndGet(143)) - fd3cd5f9-4f1c-43ea-91b1-b85a1f6c3825: start FollowerState
2019-09-20 09:26:57,458 [pool-38-thread-1] INFO  util.JmxRegister (JmxRegister.java:tryRegister(44)) - Successfully registered JMX Bean with object name Ratis:service=RaftServer,group=group-F929C9A57B1F,id=fd3cd5f9-4f1c-43ea-91b1-b85a1f6c3825
2019-09-20 09:26:57,462 [RatisPipelineUtilsThread] INFO  pipeline.PipelineStateManager (PipelineStateManager.java:addPipeline(56)) - Created pipeline Pipeline[ Id: d140707c-4fb0-4506-a3be-f929c9a57b1f, Nodes: fd3cd5f9-4f1c-43ea-91b1-b85a1f6c3825{ip: 192.168.36.99, host: pr-hdds-1569-p5fx8-1226042367, networkLocation: /default-rack, certSerialId: null}, Type:RATIS, Factor:ONE, State:OPEN]
2019-09-20 09:26:57,469 [grpc-default-executor-1] INFO  impl.RaftServerProxy (RaftServerProxy.java:addNew(89)) - 871e6485-c22a-483f-9e07-d19e754685be: addNew group-B5103FE2782E:[871e6485-c22a-483f-9e07-d19e754685be:192.168.36.99:41076] returns group-B5103FE2782E:java.util.concurrent.CompletableFuture@46b4474d[Not completed]
2019-09-20 09:26:57,470 [pool-71-thread-1] INFO  impl.RaftServerImpl (RaftServerImpl.java:<init>(93)) - 871e6485-c22a-483f-9e07-d19e754685be: new RaftServerImpl for group-B5103FE2782E:[871e6485-c22a-483f-9e07-d19e754685be:192.168.36.99:41076] with ContainerStateMachine:uninitialized
2019-09-20 09:26:57,471 [pool-71-thread-1] INFO  server.RaftServerConfigKeys (ConfUtils.java:logGet(43)) - raft.server.rpc.timeout.min = 5s (custom)
2019-09-20 09:26:57,471 [pool-71-thread-1] INFO  server.RaftServerConfigKeys (ConfUtils.java:logGet(43)) - raft.server.rpc.timeout.max = 5200ms (custom)
2019-09-20 09:26:57,471 [pool-71-thread-1] INFO  server.RaftServerConfigKeys (ConfUtils.java:logGet(43)) - raft.server.rpcslowness.timeout = 10s (custom)
2019-09-20 09:26:57,471 [pool-71-thread-1] INFO  server.RaftServerConfigKeys (ConfUtils.java:logGet(43)) - raft.server.sleep.deviation.threshold = 300 (default)
2019-09-20 09:26:57,471 [pool-71-thread-1] INFO  server.RaftServerConfigKeys (ConfUtils.java:logGet(43)) - raft.server.log.appender.install.snapshot.enabled = false (custom)
2019-09-20 09:26:57,471 [pool-71-thread-1] INFO  impl.RaftServerImpl (ServerState.java:<init>(105)) - 871e6485-c22a-483f-9e07-d19e754685be:group-B5103FE2782E ConfigurationManager, init=-1: [871e6485-c22a-483f-9e07-d19e754685be:192.168.36.99:41076], old=null, confs=<EMPTY_MAP>
2019-09-20 09:26:57,472 [pool-71-thread-1] INFO  server.RaftServerConfigKeys (ConfUtils.java:logGet(43)) - raft.server.storage.dir = [/workdir/hadoop-ozone/integration-test/target/test-dir/MiniOzoneClusterImpl-a33d77e5-464b-4d19-8e6b-a171e580bf0e/datanode-4/data/ratis] (custom)
2019-09-20 09:26:57,472 [pool-71-thread-1] INFO  storage.RaftStorageDirectory (RaftStorageDirectory.java:analyzeStorage(246)) - The storage directory /workdir/hadoop-ozone/integration-test/target/test-dir/MiniOzoneClusterImpl-a33d77e5-464b-4d19-8e6b-a171e580bf0e/datanode-4/data/ratis/f67d4f30-45a8-413b-8b89-b5103fe2782e does not exist. Creating ...
2019-09-20 09:26:57,488 [pool-71-thread-1] INFO  storage.RaftStorageDirectory (RaftStorageDirectory.java:tryLock(328)) - Lock on /workdir/hadoop-ozone/integration-test/target/test-dir/MiniOzoneClusterImpl-a33d77e5-464b-4d19-8e6b-a171e580bf0e/datanode-4/data/ratis/f67d4f30-45a8-413b-8b89-b5103fe2782e/in_use.lock acquired by nodename 7145@pr-hdds-1569-p5fx8-1226042367
2019-09-20 09:26:57,513 [Thread-245] INFO  impl.FollowerState (FollowerState.java:run(106)) - fd3cd5f9-4f1c-43ea-91b1-b85a1f6c3825:group-40E451E943B8 changes to CANDIDATE, lastRpcTime:5033, electionTimeout:5033ms
2019-09-20 09:26:57,513 [Thread-245] INFO  impl.RoleInfo (RoleInfo.java:shutdownFollowerState(121)) - fd3cd5f9-4f1c-43ea-91b1-b85a1f6c3825: shutdown FollowerState
2019-09-20 09:26:57,513 [Thread-245] INFO  impl.RaftServerImpl (RaftServerImpl.java:setRole(171)) - fd3cd5f9-4f1c-43ea-91b1-b85a1f6c3825:group-40E451E943B8 changes role from FOLLOWER to CANDIDATE at term 0 for changeToCandidate
2019-09-20 09:26:57,513 [pool-71-thread-1] INFO  storage.RaftStorage (RaftStorage.java:format(72)) - Storage directory /workdir/hadoop-ozone/integration-test/target/test-dir/MiniOzoneClusterImpl-a33d77e5-464b-4d19-8e6b-a171e580bf0e/datanode-4/data/ratis/f67d4f30-45a8-413b-8b89-b5103fe2782e has been successfully formatted.
2019-09-20 09:26:57,513 [Thread-245] INFO  impl.RoleInfo (RoleInfo.java:updateAndGet(143)) - fd3cd5f9-4f1c-43ea-91b1-b85a1f6c3825: start LeaderElection
2019-09-20 09:26:57,514 [pool-71-thread-1] INFO  ratis.ContainerStateMachine (ContainerStateMachine.java:loadSnapshot(226)) - group-B5103FE2782E: The snapshot info is null. Setting the last applied indexto:(t:0, i:~)
2019-09-20 09:26:57,520 [pool-71-thread-1] INFO  server.RaftServerConfigKeys (ConfUtils.java:logGet(43)) - raft.server.leader.election.timeout = 10s (custom)
2019-09-20 09:26:57,520 [pool-71-thread-1] INFO  server.RaftServerConfigKeys (ConfUtils.java:logGet(43)) - raft.server.log.use.memory = false (default)
2019-09-20 09:26:57,520 [pool-71-thread-1] INFO  server.RaftServerConfigKeys (ConfUtils.java:logGet(43)) - raft.server.log.purge.gap = 1000000 (custom)
2019-09-20 09:26:57,520 [pool-71-thread-1] INFO  server.RaftServerConfigKeys (ConfUtils.java:logGet(43)) - raft.server.log.appender.buffer.byte-limit = 33554432 (custom)
2019-09-20 09:26:57,520 [pool-71-thread-1] INFO  server.RaftServerConfigKeys (ConfUtils.java:logGet(43)) - raft.server.log.segment.size.max = 1048576 (custom)
2019-09-20 09:26:57,520 [pool-71-thread-1] INFO  server.RaftServerConfigKeys (ConfUtils.java:logGet(43)) - raft.server.log.segment.cache.num.max = 2 (custom)
2019-09-20 09:26:57,520 [pool-71-thread-1] INFO  segmented.SegmentedRaftLogWorker (SegmentedRaftLogWorker.java:<init>(172)) - new 871e6485-c22a-483f-9e07-d19e754685be-SegmentedRaftLogWorker:Storage Directory /workdir/hadoop-ozone/integration-test/target/test-dir/MiniOzoneClusterImpl-a33d77e5-464b-4d19-8e6b-a171e580bf0e/datanode-4/data/ratis/f67d4f30-45a8-413b-8b89-b5103fe2782e for RaftStorage:Storage Directory /workdir/hadoop-ozone/integration-test/target/test-dir/MiniOzoneClusterImpl-a33d77e5-464b-4d19-8e6b-a171e580bf0e/datanode-4/data/ratis/f67d4f30-45a8-413b-8b89-b5103fe2782e
2019-09-20 09:26:57,521 [pool-71-thread-1] INFO  server.RaftServerConfigKeys (ConfUtils.java:logGet(43)) - raft.server.log.queue.byte-limit = 2147483647 (custom)
2019-09-20 09:26:57,521 [pool-71-thread-1] INFO  server.RaftServerConfigKeys (ConfUtils.java:logGet(43)) - raft.server.log.queue.element-limit = 1024 (custom)
2019-09-20 09:26:57,521 [pool-71-thread-1] INFO  server.RaftServerConfigKeys (ConfUtils.java:logGet(43)) - raft.server.log.segment.size.max = 1048576 (custom)
2019-09-20 09:26:57,521 [pool-71-thread-1] INFO  server.RaftServerConfigKeys (ConfUtils.java:logGet(43)) - raft.server.log.preallocated.size = 16384 (custom)
2019-09-20 09:26:57,521 [pool-71-thread-1] INFO  server.RaftServerConfigKeys (ConfUtils.java:logGet(43)) - raft.server.log.write.buffer.size = 33554432 (custom)
2019-09-20 09:26:57,521 [pool-71-thread-1] INFO  server.RaftServerConfigKeys (ConfUtils.java:logGet(43)) - raft.server.log.force.sync.num = 128 (default)
2019-09-20 09:26:57,521 [pool-71-thread-1] INFO  server.RaftServerConfigKeys (ConfUtils.java:logGet(43)) - raft.server.log.statemachine.data.sync = true (default)
2019-09-20 09:26:57,521 [pool-71-thread-1] INFO  server.RaftServerConfigKeys (ConfUtils.java:logGet(43)) - raft.server.log.statemachine.data.sync.timeout = 10s (default)
2019-09-20 09:26:57,521 [pool-71-thread-1] INFO  server.RaftServerConfigKeys (ConfUtils.java:logGet(43)) - raft.server.log.statemachine.data.sync.timeout.retry = -1 (default)
2019-09-20 09:26:57,522 [pool-71-thread-1] INFO  server.RaftServerConfigKeys (ConfUtils.java:logGet(43)) - raft.server.log.statemachine.data.caching.enabled = true (custom)
2019-09-20 09:26:57,522 [pool-71-thread-1] INFO  segmented.SegmentedRaftLogWorker (SegmentedRaftLogWorker.java:lambda$new$0(132)) - 871e6485-c22a-483f-9e07-d19e754685be-SegmentedRaftLogWorker:Storage Directory /workdir/hadoop-ozone/integration-test/target/test-dir/MiniOzoneClusterImpl-a33d77e5-464b-4d19-8e6b-a171e580bf0e/datanode-4/data/ratis/f67d4f30-45a8-413b-8b89-b5103fe2782e: flushIndex: setUnconditionally 0 -> -1
2019-09-20 09:26:57,522 [pool-71-thread-1] INFO  server.RaftServerConfigKeys (ConfUtils.java:logGet(43)) - raft.server.snapshot.auto.trigger.enabled = true (custom)
2019-09-20 09:26:57,522 [pool-71-thread-1] INFO  server.RaftServerConfigKeys (ConfUtils.java:logGet(43)) - raft.server.snapshot.auto.trigger.threshold = 10000 (custom)
2019-09-20 09:26:57,523 [pool-71-thread-1] INFO  server.RaftServerConfigKeys (ConfUtils.java:logGet(43)) - raft.server.retrycache.expirytime = 600000ms (custom)
2019-09-20 09:26:57,523 [pool-71-thread-1] INFO  impl.RaftServerImpl (RaftServerImpl.java:start(180)) - 871e6485-c22a-483f-9e07-d19e754685be: start group-B5103FE2782E
2019-09-20 09:26:57,523 [pool-71-thread-1] INFO  impl.RaftServerImpl (RaftServerImpl.java:setRole(171)) - 871e6485-c22a-483f-9e07-d19e754685be:group-B5103FE2782E changes role from null to FOLLOWER at term 0 for startAsFollower
2019-09-20 09:26:57,523 [pool-71-thread-1] INFO  impl.RoleInfo (RoleInfo.java:updateAndGet(143)) - 871e6485-c22a-483f-9e07-d19e754685be: start FollowerState
2019-09-20 09:26:57,524 [pool-71-thread-1] INFO  util.JmxRegister (JmxRegister.java:tryRegister(44)) - Successfully registered JMX Bean with object name Ratis:service=RaftServer,group=group-B5103FE2782E,id=871e6485-c22a-483f-9e07-d19e754685be
2019-09-20 09:26:57,527 [RatisPipelineUtilsThread] INFO  pipeline.PipelineStateManager (PipelineStateManager.java:addPipeline(56)) - Created pipeline Pipeline[ Id: f67d4f30-45a8-413b-8b89-b5103fe2782e, Nodes: 871e6485-c22a-483f-9e07-d19e754685be{ip: 192.168.36.99, host: pr-hdds-1569-p5fx8-1226042367, networkLocation: /default-rack, certSerialId: null}, Type:RATIS, Factor:ONE, State:OPEN]
2019-09-20 09:26:57,535 [grpc-default-executor-1] INFO  impl.RaftServerProxy (RaftServerProxy.java:addNew(89)) - 492ed782-6ab3-4ad9-945e-06def6ac7c96: addNew group-B5F712612DC6:[492ed782-6ab3-4ad9-945e-06def6ac7c96:192.168.36.99:32835] returns group-B5F712612DC6:java.util.concurrent.CompletableFuture@3b68a17c[Not completed]
2019-09-20 09:26:57,536 [pool-49-thread-1] INFO  impl.RaftServerImpl (RaftServerImpl.java:<init>(93)) - 492ed782-6ab3-4ad9-945e-06def6ac7c96: new RaftServerImpl for group-B5F712612DC6:[492ed782-6ab3-4ad9-945e-06def6ac7c96:192.168.36.99:32835] with ContainerStateMachine:uninitialized
2019-09-20 09:26:57,537 [pool-49-thread-1] INFO  server.RaftServerConfigKeys (ConfUtils.java:logGet(43)) - raft.server.rpc.timeout.min = 5s (custom)
2019-09-20 09:26:57,537 [pool-49-thread-1] INFO  server.RaftServerConfigKeys (ConfUtils.java:logGet(43)) - raft.server.rpc.timeout.max = 5200ms (custom)
2019-09-20 09:26:57,537 [pool-49-thread-1] INFO  server.RaftServerConfigKeys (ConfUtils.java:logGet(43)) - raft.server.rpcslowness.timeout = 10s (custom)
2019-09-20 09:26:57,537 [pool-49-thread-1] INFO  server.RaftServerConfigKeys (ConfUtils.java:logGet(43)) - raft.server.sleep.deviation.threshold = 300 (default)
2019-09-20 09:26:57,537 [pool-49-thread-1] INFO  server.RaftServerConfigKeys (ConfUtils.java:logGet(43)) - raft.server.log.appender.install.snapshot.enabled = false (custom)
2019-09-20 09:26:57,537 [pool-49-thread-1] INFO  impl.RaftServerImpl (ServerState.java:<init>(105)) - 492ed782-6ab3-4ad9-945e-06def6ac7c96:group-B5F712612DC6 ConfigurationManager, init=-1: [492ed782-6ab3-4ad9-945e-06def6ac7c96:192.168.36.99:32835], old=null, confs=<EMPTY_MAP>
2019-09-20 09:26:57,537 [pool-49-thread-1] INFO  server.RaftServerConfigKeys (ConfUtils.java:logGet(43)) - raft.server.storage.dir = [/workdir/hadoop-ozone/integration-test/target/test-dir/MiniOzoneClusterImpl-a33d77e5-464b-4d19-8e6b-a171e580bf0e/datanode-2/data/ratis] (custom)
2019-09-20 09:26:57,538 [pool-49-thread-1] INFO  storage.RaftStorageDirectory (RaftStorageDirectory.java:analyzeStorage(246)) - The storage directory /workdir/hadoop-ozone/integration-test/target/test-dir/MiniOzoneClusterImpl-a33d77e5-464b-4d19-8e6b-a171e580bf0e/datanode-2/data/ratis/00e0f02a-088a-41ce-b106-b5f712612dc6 does not exist. Creating ...
2019-09-20 09:26:57,538 [fd3cd5f9-4f1c-43ea-91b1-b85a1f6c3825:group-40E451E943B8:LeaderElection7] INFO  impl.LeaderElection (LeaderElection.java:askForVotes(181)) - fd3cd5f9-4f1c-43ea-91b1-b85a1f6c3825:group-40E451E943B8:LeaderElection7: begin an election at term 1 for -1: [fd3cd5f9-4f1c-43ea-91b1-b85a1f6c3825:192.168.36.99:39114], old=null
2019-09-20 09:26:57,539 [fd3cd5f9-4f1c-43ea-91b1-b85a1f6c3825:group-40E451E943B8:LeaderElection7] INFO  impl.RoleInfo (RoleInfo.java:shutdownLeaderElection(134)) - fd3cd5f9-4f1c-43ea-91b1-b85a1f6c3825: shutdown LeaderElection
2019-09-20 09:26:57,539 [fd3cd5f9-4f1c-43ea-91b1-b85a1f6c3825:group-40E451E943B8:LeaderElection7] INFO  impl.RaftServerImpl (RaftServerImpl.java:setRole(171)) - fd3cd5f9-4f1c-43ea-91b1-b85a1f6c3825:group-40E451E943B8 changes role from CANDIDATE to LEADER at term 1 for changeToLeader
2019-09-20 09:26:57,539 [fd3cd5f9-4f1c-43ea-91b1-b85a1f6c3825:group-40E451E943B8:LeaderElection7] INFO  impl.RaftServerImpl (ServerState.java:setLeader(263)) - fd3cd5f9-4f1c-43ea-91b1-b85a1f6c3825:group-40E451E943B8 change Leader from null to fd3cd5f9-4f1c-43ea-91b1-b85a1f6c3825 at term 1 for becomeLeader, leader elected after 5064ms
2019-09-20 09:26:57,541 [fd3cd5f9-4f1c-43ea-91b1-b85a1f6c3825:group-40E451E943B8:LeaderElection7] INFO  server.RaftServerConfigKeys (ConfUtils.java:logGet(43)) - raft.server.staging.catchup.gap = 1000 (default)
2019-09-20 09:26:57,541 [fd3cd5f9-4f1c-43ea-91b1-b85a1f6c3825:group-40E451E943B8:LeaderElection7] INFO  server.RaftServerConfigKeys (ConfUtils.java:logGet(43)) - raft.server.rpc.sleep.time = 25ms (default)
2019-09-20 09:26:57,541 [fd3cd5f9-4f1c-43ea-91b1-b85a1f6c3825:group-40E451E943B8:LeaderElection7] INFO  server.RaftServerConfigKeys (ConfUtils.java:logGet(43)) - raft.server.write.element-limit = 4096 (default)
2019-09-20 09:26:57,541 [fd3cd5f9-4f1c-43ea-91b1-b85a1f6c3825:group-40E451E943B8:LeaderElection7] INFO  server.RaftServerConfigKeys (ConfUtils.java:logGet(43)) - raft.server.watch.timeout = 10s (default)
2019-09-20 09:26:57,541 [fd3cd5f9-4f1c-43ea-91b1-b85a1f6c3825:group-40E451E943B8:LeaderElection7] INFO  server.RaftServerConfigKeys (ConfUtils.java:logGet(43)) - raft.server.watch.timeout.denomination = 1s (default)
2019-09-20 09:26:57,541 [fd3cd5f9-4f1c-43ea-91b1-b85a1f6c3825:group-40E451E943B8:LeaderElection7] INFO  server.RaftServerConfigKeys (ConfUtils.java:logGet(43)) - raft.server.watch.element-limit = 65536 (default)
2019-09-20 09:26:57,542 [fd3cd5f9-4f1c-43ea-91b1-b85a1f6c3825:group-40E451E943B8:LeaderElection7] INFO  impl.RoleInfo (RoleInfo.java:updateAndGet(143)) - fd3cd5f9-4f1c-43ea-91b1-b85a1f6c3825: start LeaderState
2019-09-20 09:26:57,542 [fd3cd5f9-4f1c-43ea-91b1-b85a1f6c3825:group-40E451E943B8:LeaderElection7] INFO  segmented.SegmentedRaftLogWorker (SegmentedRaftLogWorker.java:startLogSegment(380)) - fd3cd5f9-4f1c-43ea-91b1-b85a1f6c3825-SegmentedRaftLogWorker:Storage Directory /workdir/hadoop-ozone/integration-test/target/test-dir/MiniOzoneClusterImpl-a33d77e5-464b-4d19-8e6b-a171e580bf0e/datanode-1/data/ratis/7a63119b-6b31-4225-8831-40e451e943b8: Starting segment from index:0
2019-09-20 09:26:57,542 [fd3cd5f9-4f1c-43ea-91b1-b85a1f6c3825:group-40E451E943B8:LeaderElection7] INFO  impl.RaftServerImpl (ServerState.java:setRaftConf(361)) - fd3cd5f9-4f1c-43ea-91b1-b85a1f6c3825:group-40E451E943B8 set configuration 0: [fd3cd5f9-4f1c-43ea-91b1-b85a1f6c3825:192.168.36.99:39114], old=null at 0
2019-09-20 09:26:57,572 [pool-49-thread-1] INFO  storage.RaftStorageDirectory (RaftStorageDirectory.java:tryLock(328)) - Lock on /workdir/hadoop-ozone/integration-test/target/test-dir/MiniOzoneClusterImpl-a33d77e5-464b-4d19-8e6b-a171e580bf0e/datanode-2/data/ratis/00e0f02a-088a-41ce-b106-b5f712612dc6/in_use.lock acquired by nodename 7145@pr-hdds-1569-p5fx8-1226042367
2019-09-20 09:26:57,573 [Thread-242] INFO  impl.FollowerState (FollowerState.java:run(106)) - 4840c00f-91d3-4881-a20b-4d0486ca97c0:group-805963563DE5 changes to CANDIDATE, lastRpcTime:5185, electionTimeout:5166ms
2019-09-20 09:26:57,573 [Thread-248] INFO  impl.FollowerState (FollowerState.java:run(106)) - 02b93e76-e4c6-4b67-b8a4-c536d9ab7224:group-92A9C52A7027 changes to CANDIDATE, lastRpcTime:5024, electionTimeout:5009ms
2019-09-20 09:26:57,573 [Thread-242] INFO  impl.RoleInfo (RoleInfo.java:shutdownFollowerState(121)) - 4840c00f-91d3-4881-a20b-4d0486ca97c0: shutdown FollowerState
2019-09-20 09:26:57,573 [Thread-248] INFO  impl.RoleInfo (RoleInfo.java:shutdownFollowerState(121)) - 02b93e76-e4c6-4b67-b8a4-c536d9ab7224: shutdown FollowerState
2019-09-20 09:26:57,573 [Thread-242] INFO  impl.RaftServerImpl (RaftServerImpl.java:setRole(171)) - 4840c00f-91d3-4881-a20b-4d0486ca97c0:group-805963563DE5 changes role from FOLLOWER to CANDIDATE at term 0 for changeToCandidate
2019-09-20 09:26:57,573 [Thread-248] INFO  impl.RaftServerImpl (RaftServerImpl.java:setRole(171)) - 02b93e76-e4c6-4b67-b8a4-c536d9ab7224:group-92A9C52A7027 changes role from FOLLOWER to CANDIDATE at term 0 for changeToCandidate
2019-09-20 09:26:57,573 [Thread-242] INFO  impl.RoleInfo (RoleInfo.java:updateAndGet(143)) - 4840c00f-91d3-4881-a20b-4d0486ca97c0: start LeaderElection
2019-09-20 09:26:57,573 [Thread-248] INFO  impl.RoleInfo (RoleInfo.java:updateAndGet(143)) - 02b93e76-e4c6-4b67-b8a4-c536d9ab7224: start LeaderElection
2019-09-20 09:26:57,574 | INFO  | SCMAudit | user=jenkins1000 | ip=192.168.36.99 | op=SEND_HEARTBEAT {datanodeUUID=dc7f40a9-6782-42c4-abab-c6b1682da047, command=[]} | ret=SUCCESS |  
2019-09-20 09:26:57,589 [fd3cd5f9-4f1c-43ea-91b1-b85a1f6c3825-SegmentedRaftLogWorker:Storage Directory /workdir/hadoop-ozone/integration-test/target/test-dir/MiniOzoneClusterImpl-a33d77e5-464b-4d19-8e6b-a171e580bf0e/datanode-1/data/ratis/7a63119b-6b31-4225-8831-40e451e943b8] INFO  segmented.SegmentedRaftLogWorker (SegmentedRaftLogWorker.java:execute(569)) - fd3cd5f9-4f1c-43ea-91b1-b85a1f6c3825-SegmentedRaftLogWorker:Storage Directory /workdir/hadoop-ozone/integration-test/target/test-dir/MiniOzoneClusterImpl-a33d77e5-464b-4d19-8e6b-a171e580bf0e/datanode-1/data/ratis/7a63119b-6b31-4225-8831-40e451e943b8: created new log segment /workdir/hadoop-ozone/integration-test/target/test-dir/MiniOzoneClusterImpl-a33d77e5-464b-4d19-8e6b-a171e580bf0e/datanode-1/data/ratis/7a63119b-6b31-4225-8831-40e451e943b8/current/log_inprogress_0
2019-09-20 09:26:57,589 [pool-49-thread-1] INFO  storage.RaftStorage (RaftStorage.java:format(72)) - Storage directory /workdir/hadoop-ozone/integration-test/target/test-dir/MiniOzoneClusterImpl-a33d77e5-464b-4d19-8e6b-a171e580bf0e/datanode-2/data/ratis/00e0f02a-088a-41ce-b106-b5f712612dc6 has been successfully formatted.
2019-09-20 09:26:57,590 [pool-49-thread-1] INFO  ratis.ContainerStateMachine (ContainerStateMachine.java:loadSnapshot(226)) - group-B5F712612DC6: The snapshot info is null. Setting the last applied indexto:(t:0, i:~)
2019-09-20 09:26:57,590 [pool-49-thread-1] INFO  server.RaftServerConfigKeys (ConfUtils.java:logGet(43)) - raft.server.leader.election.timeout = 10s (custom)
2019-09-20 09:26:57,590 [pool-49-thread-1] INFO  server.RaftServerConfigKeys (ConfUtils.java:logGet(43)) - raft.server.log.use.memory = false (default)
2019-09-20 09:26:57,590 [pool-49-thread-1] INFO  server.RaftServerConfigKeys (ConfUtils.java:logGet(43)) - raft.server.log.purge.gap = 1000000 (custom)
2019-09-20 09:26:57,590 [pool-49-thread-1] INFO  server.RaftServerConfigKeys (ConfUtils.java:logGet(43)) - raft.server.log.appender.buffer.byte-limit = 33554432 (custom)
2019-09-20 09:26:57,590 [pool-49-thread-1] INFO  server.RaftServerConfigKeys (ConfUtils.java:logGet(43)) - raft.server.log.segment.size.max = 1048576 (custom)
2019-09-20 09:26:57,590 [pool-49-thread-1] INFO  server.RaftServerConfigKeys (ConfUtils.java:logGet(43)) - raft.server.log.segment.cache.num.max = 2 (custom)
2019-09-20 09:26:57,590 [pool-49-thread-1] INFO  segmented.SegmentedRaftLogWorker (SegmentedRaftLogWorker.java:<init>(172)) - new 492ed782-6ab3-4ad9-945e-06def6ac7c96-SegmentedRaftLogWorker:Storage Directory /workdir/hadoop-ozone/integration-test/target/test-dir/MiniOzoneClusterImpl-a33d77e5-464b-4d19-8e6b-a171e580bf0e/datanode-2/data/ratis/00e0f02a-088a-41ce-b106-b5f712612dc6 for RaftStorage:Storage Directory /workdir/hadoop-ozone/integration-test/target/test-dir/MiniOzoneClusterImpl-a33d77e5-464b-4d19-8e6b-a171e580bf0e/datanode-2/data/ratis/00e0f02a-088a-41ce-b106-b5f712612dc6
2019-09-20 09:26:57,591 [pool-49-thread-1] INFO  server.RaftServerConfigKeys (ConfUtils.java:logGet(43)) - raft.server.log.queue.byte-limit = 2147483647 (custom)
2019-09-20 09:26:57,591 [pool-49-thread-1] INFO  server.RaftServerConfigKeys (ConfUtils.java:logGet(43)) - raft.server.log.queue.element-limit = 1024 (custom)
2019-09-20 09:26:57,591 [pool-49-thread-1] INFO  server.RaftServerConfigKeys (ConfUtils.java:logGet(43)) - raft.server.log.segment.size.max = 1048576 (custom)
2019-09-20 09:26:57,591 [pool-49-thread-1] INFO  server.RaftServerConfigKeys (ConfUtils.java:logGet(43)) - raft.server.log.preallocated.size = 16384 (custom)
2019-09-20 09:26:57,591 [pool-49-thread-1] INFO  server.RaftServerConfigKeys (ConfUtils.java:logGet(43)) - raft.server.log.write.buffer.size = 33554432 (custom)
2019-09-20 09:26:57,591 [pool-49-thread-1] INFO  server.RaftServerConfigKeys (ConfUtils.java:logGet(43)) - raft.server.log.force.sync.num = 128 (default)
2019-09-20 09:26:57,591 [pool-49-thread-1] INFO  server.RaftServerConfigKeys (ConfUtils.java:logGet(43)) - raft.server.log.statemachine.data.sync = true (default)
2019-09-20 09:26:57,591 [pool-49-thread-1] INFO  server.RaftServerConfigKeys (ConfUtils.java:logGet(43)) - raft.server.log.statemachine.data.sync.timeout = 10s (default)
2019-09-20 09:26:57,591 [pool-49-thread-1] INFO  server.RaftServerConfigKeys (ConfUtils.java:logGet(43)) - raft.server.log.statemachine.data.sync.timeout.retry = -1 (default)
2019-09-20 09:26:57,592 [pool-49-thread-1] INFO  server.RaftServerConfigKeys (ConfUtils.java:logGet(43)) - raft.server.log.statemachine.data.caching.enabled = true (custom)
2019-09-20 09:26:57,592 [pool-49-thread-1] INFO  segmented.SegmentedRaftLogWorker (SegmentedRaftLogWorker.java:lambda$new$0(132)) - 492ed782-6ab3-4ad9-945e-06def6ac7c96-SegmentedRaftLogWorker:Storage Directory /workdir/hadoop-ozone/integration-test/target/test-dir/MiniOzoneClusterImpl-a33d77e5-464b-4d19-8e6b-a171e580bf0e/datanode-2/data/ratis/00e0f02a-088a-41ce-b106-b5f712612dc6: flushIndex: setUnconditionally 0 -> -1
2019-09-20 09:26:57,592 [pool-49-thread-1] INFO  server.RaftServerConfigKeys (ConfUtils.java:logGet(43)) - raft.server.snapshot.auto.trigger.enabled = true (custom)
2019-09-20 09:26:57,592 [pool-49-thread-1] INFO  server.RaftServerConfigKeys (ConfUtils.java:logGet(43)) - raft.server.snapshot.auto.trigger.threshold = 10000 (custom)
2019-09-20 09:26:57,592 [pool-49-thread-1] INFO  server.RaftServerConfigKeys (ConfUtils.java:logGet(43)) - raft.server.retrycache.expirytime = 600000ms (custom)
2019-09-20 09:26:57,593 [pool-49-thread-1] INFO  impl.RaftServerImpl (RaftServerImpl.java:start(180)) - 492ed782-6ab3-4ad9-945e-06def6ac7c96: start group-B5F712612DC6
2019-09-20 09:26:57,593 [pool-49-thread-1] INFO  impl.RaftServerImpl (RaftServerImpl.java:setRole(171)) - 492ed782-6ab3-4ad9-945e-06def6ac7c96:group-B5F712612DC6 changes role from null to FOLLOWER at term 0 for startAsFollower
2019-09-20 09:26:57,593 [pool-49-thread-1] INFO  impl.RoleInfo (RoleInfo.java:updateAndGet(143)) - 492ed782-6ab3-4ad9-945e-06def6ac7c96: start FollowerState
2019-09-20 09:26:57,593 [pool-49-thread-1] INFO  util.JmxRegister (JmxRegister.java:tryRegister(44)) - Successfully registered JMX Bean with object name Ratis:service=RaftServer,group=group-B5F712612DC6,id=492ed782-6ab3-4ad9-945e-06def6ac7c96
2019-09-20 09:26:57,595 | INFO  | SCMAudit | user=jenkins1000 | ip=192.168.36.99 | op=SEND_HEARTBEAT {datanodeUUID=fd3cd5f9-4f1c-43ea-91b1-b85a1f6c3825, command=[]} | ret=SUCCESS |  
2019-09-20 09:26:57,596 [RatisPipelineUtilsThread] INFO  pipeline.PipelineStateManager (PipelineStateManager.java:addPipeline(56)) - Created pipeline Pipeline[ Id: 00e0f02a-088a-41ce-b106-b5f712612dc6, Nodes: 492ed782-6ab3-4ad9-945e-06def6ac7c96{ip: 192.168.36.99, host: pr-hdds-1569-p5fx8-1226042367, networkLocation: /default-rack, certSerialId: null}, Type:RATIS, Factor:ONE, State:OPEN]
2019-09-20 09:26:57,601 [grpc-default-executor-1] INFO  impl.RaftServerProxy (RaftServerProxy.java:addNew(89)) - fd3cd5f9-4f1c-43ea-91b1-b85a1f6c3825: addNew group-BD469E00899E:[fd3cd5f9-4f1c-43ea-91b1-b85a1f6c3825:192.168.36.99:39114] returns group-BD469E00899E:java.util.concurrent.CompletableFuture@58656ca0[Not completed]
2019-09-20 09:26:57,603 [pool-38-thread-1] INFO  impl.RaftServerImpl (RaftServerImpl.java:<init>(93)) - fd3cd5f9-4f1c-43ea-91b1-b85a1f6c3825: new RaftServerImpl for group-BD469E00899E:[fd3cd5f9-4f1c-43ea-91b1-b85a1f6c3825:192.168.36.99:39114] with ContainerStateMachine:uninitialized
2019-09-20 09:26:57,603 [pool-38-thread-1] INFO  server.RaftServerConfigKeys (ConfUtils.java:logGet(43)) - raft.server.rpc.timeout.min = 5s (custom)
2019-09-20 09:26:57,603 [pool-38-thread-1] INFO  server.RaftServerConfigKeys (ConfUtils.java:logGet(43)) - raft.server.rpc.timeout.max = 5200ms (custom)
2019-09-20 09:26:57,603 [pool-38-thread-1] INFO  server.RaftServerConfigKeys (ConfUtils.java:logGet(43)) - raft.server.rpcslowness.timeout = 10s (custom)
2019-09-20 09:26:57,604 [pool-38-thread-1] INFO  server.RaftServerConfigKeys (ConfUtils.java:logGet(43)) - raft.server.sleep.deviation.threshold = 300 (default)
2019-09-20 09:26:57,604 [pool-38-thread-1] INFO  server.RaftServerConfigKeys (ConfUtils.java:logGet(43)) - raft.server.log.appender.install.snapshot.enabled = false (custom)
2019-09-20 09:26:57,604 [pool-38-thread-1] INFO  impl.RaftServerImpl (ServerState.java:<init>(105)) - fd3cd5f9-4f1c-43ea-91b1-b85a1f6c3825:group-BD469E00899E ConfigurationManager, init=-1: [fd3cd5f9-4f1c-43ea-91b1-b85a1f6c3825:192.168.36.99:39114], old=null, confs=<EMPTY_MAP>
2019-09-20 09:26:57,604 [pool-38-thread-1] INFO  server.RaftServerConfigKeys (ConfUtils.java:logGet(43)) - raft.server.storage.dir = [/workdir/hadoop-ozone/integration-test/target/test-dir/MiniOzoneClusterImpl-a33d77e5-464b-4d19-8e6b-a171e580bf0e/datanode-1/data/ratis] (custom)
2019-09-20 09:26:57,604 [pool-38-thread-1] INFO  storage.RaftStorageDirectory (RaftStorageDirectory.java:analyzeStorage(246)) - The storage directory /workdir/hadoop-ozone/integration-test/target/test-dir/MiniOzoneClusterImpl-a33d77e5-464b-4d19-8e6b-a171e580bf0e/datanode-1/data/ratis/9aa64141-ed41-4aff-ad5c-bd469e00899e does not exist. Creating ...
2019-09-20 09:26:57,606 [02b93e76-e4c6-4b67-b8a4-c536d9ab7224:group-92A9C52A7027:LeaderElection9] INFO  impl.LeaderElection (LeaderElection.java:askForVotes(181)) - 02b93e76-e4c6-4b67-b8a4-c536d9ab7224:group-92A9C52A7027:LeaderElection9: begin an election at term 1 for -1: [02b93e76-e4c6-4b67-b8a4-c536d9ab7224:192.168.36.99:39343], old=null
2019-09-20 09:26:57,606 [4840c00f-91d3-4881-a20b-4d0486ca97c0:group-805963563DE5:LeaderElection8] INFO  impl.LeaderElection (LeaderElection.java:askForVotes(181)) - 4840c00f-91d3-4881-a20b-4d0486ca97c0:group-805963563DE5:LeaderElection8: begin an election at term 1 for -1: [4840c00f-91d3-4881-a20b-4d0486ca97c0:192.168.36.99:41473], old=null
2019-09-20 09:26:57,606 [02b93e76-e4c6-4b67-b8a4-c536d9ab7224:group-92A9C52A7027:LeaderElection9] INFO  impl.RoleInfo (RoleInfo.java:shutdownLeaderElection(134)) - 02b93e76-e4c6-4b67-b8a4-c536d9ab7224: shutdown LeaderElection
2019-09-20 09:26:57,607 [4840c00f-91d3-4881-a20b-4d0486ca97c0:group-805963563DE5:LeaderElection8] INFO  impl.RoleInfo (RoleInfo.java:shutdownLeaderElection(134)) - 4840c00f-91d3-4881-a20b-4d0486ca97c0: shutdown LeaderElection
2019-09-20 09:26:57,607 [02b93e76-e4c6-4b67-b8a4-c536d9ab7224:group-92A9C52A7027:LeaderElection9] INFO  impl.RaftServerImpl (RaftServerImpl.java:setRole(171)) - 02b93e76-e4c6-4b67-b8a4-c536d9ab7224:group-92A9C52A7027 changes role from CANDIDATE to LEADER at term 1 for changeToLeader
2019-09-20 09:26:57,607 [4840c00f-91d3-4881-a20b-4d0486ca97c0:group-805963563DE5:LeaderElection8] INFO  impl.RaftServerImpl (RaftServerImpl.java:setRole(171)) - 4840c00f-91d3-4881-a20b-4d0486ca97c0:group-805963563DE5 changes role from CANDIDATE to LEADER at term 1 for changeToLeader
2019-09-20 09:26:57,607 [02b93e76-e4c6-4b67-b8a4-c536d9ab7224:group-92A9C52A7027:LeaderElection9] INFO  impl.RaftServerImpl (ServerState.java:setLeader(263)) - 02b93e76-e4c6-4b67-b8a4-c536d9ab7224:group-92A9C52A7027 change Leader from null to 02b93e76-e4c6-4b67-b8a4-c536d9ab7224 at term 1 for becomeLeader, leader elected after 5065ms
2019-09-20 09:26:57,607 [4840c00f-91d3-4881-a20b-4d0486ca97c0:group-805963563DE5:LeaderElection8] INFO  impl.RaftServerImpl (ServerState.java:setLeader(263)) - 4840c00f-91d3-4881-a20b-4d0486ca97c0:group-805963563DE5 change Leader from null to 4840c00f-91d3-4881-a20b-4d0486ca97c0 at term 1 for becomeLeader, leader elected after 5225ms
2019-09-20 09:26:57,607 [02b93e76-e4c6-4b67-b8a4-c536d9ab7224:group-92A9C52A7027:LeaderElection9] INFO  server.RaftServerConfigKeys (ConfUtils.java:logGet(43)) - raft.server.staging.catchup.gap = 1000 (default)
2019-09-20 09:26:57,609 [4840c00f-91d3-4881-a20b-4d0486ca97c0:group-805963563DE5:LeaderElection8] INFO  server.RaftServerConfigKeys (ConfUtils.java:logGet(43)) - raft.server.staging.catchup.gap = 1000 (default)
2019-09-20 09:26:57,609 [02b93e76-e4c6-4b67-b8a4-c536d9ab7224:group-92A9C52A7027:LeaderElection9] INFO  server.RaftServerConfigKeys (ConfUtils.java:logGet(43)) - raft.server.rpc.sleep.time = 25ms (default)
2019-09-20 09:26:57,609 [4840c00f-91d3-4881-a20b-4d0486ca97c0:group-805963563DE5:LeaderElection8] INFO  server.RaftServerConfigKeys (ConfUtils.java:logGet(43)) - raft.server.rpc.sleep.time = 25ms (default)
2019-09-20 09:26:57,610 [02b93e76-e4c6-4b67-b8a4-c536d9ab7224:group-92A9C52A7027:LeaderElection9] INFO  server.RaftServerConfigKeys (ConfUtils.java:logGet(43)) - raft.server.write.element-limit = 4096 (default)
2019-09-20 09:26:57,610 [4840c00f-91d3-4881-a20b-4d0486ca97c0:group-805963563DE5:LeaderElection8] INFO  server.RaftServerConfigKeys (ConfUtils.java:logGet(43)) - raft.server.write.element-limit = 4096 (default)
2019-09-20 09:26:57,610 [02b93e76-e4c6-4b67-b8a4-c536d9ab7224:group-92A9C52A7027:LeaderElection9] INFO  server.RaftServerConfigKeys (ConfUtils.java:logGet(43)) - raft.server.watch.timeout = 10s (default)
2019-09-20 09:26:57,610 [4840c00f-91d3-4881-a20b-4d0486ca97c0:group-805963563DE5:LeaderElection8] INFO  server.RaftServerConfigKeys (ConfUtils.java:logGet(43)) - raft.server.watch.timeout = 10s (default)
2019-09-20 09:26:57,610 [02b93e76-e4c6-4b67-b8a4-c536d9ab7224:group-92A9C52A7027:LeaderElection9] INFO  server.RaftServerConfigKeys (ConfUtils.java:logGet(43)) - raft.server.watch.timeout.denomination = 1s (default)
2019-09-20 09:26:57,610 [4840c00f-91d3-4881-a20b-4d0486ca97c0:group-805963563DE5:LeaderElection8] INFO  server.RaftServerConfigKeys (ConfUtils.java:logGet(43)) - raft.server.watch.timeout.denomination = 1s (default)
2019-09-20 09:26:57,610 [02b93e76-e4c6-4b67-b8a4-c536d9ab7224:group-92A9C52A7027:LeaderElection9] INFO  server.RaftServerConfigKeys (ConfUtils.java:logGet(43)) - raft.server.watch.element-limit = 65536 (default)
2019-09-20 09:26:57,610 [4840c00f-91d3-4881-a20b-4d0486ca97c0:group-805963563DE5:LeaderElection8] INFO  server.RaftServerConfigKeys (ConfUtils.java:logGet(43)) - raft.server.watch.element-limit = 65536 (default)
2019-09-20 09:26:57,610 [02b93e76-e4c6-4b67-b8a4-c536d9ab7224:group-92A9C52A7027:LeaderElection9] INFO  impl.RoleInfo (RoleInfo.java:updateAndGet(143)) - 02b93e76-e4c6-4b67-b8a4-c536d9ab7224: start LeaderState
2019-09-20 09:26:57,611 [4840c00f-91d3-4881-a20b-4d0486ca97c0:group-805963563DE5:LeaderElection8] INFO  impl.RoleInfo (RoleInfo.java:updateAndGet(143)) - 4840c00f-91d3-4881-a20b-4d0486ca97c0: start LeaderState
2019-09-20 09:26:57,611 [02b93e76-e4c6-4b67-b8a4-c536d9ab7224:group-92A9C52A7027:LeaderElection9] INFO  segmented.SegmentedRaftLogWorker (SegmentedRaftLogWorker.java:startLogSegment(380)) - 02b93e76-e4c6-4b67-b8a4-c536d9ab7224-SegmentedRaftLogWorker:Storage Directory /workdir/hadoop-ozone/integration-test/target/test-dir/MiniOzoneClusterImpl-a33d77e5-464b-4d19-8e6b-a171e580bf0e/datanode-0/data/ratis/ec38d59e-03fd-45de-9201-92a9c52a7027: Starting segment from index:0
2019-09-20 09:26:57,611 [4840c00f-91d3-4881-a20b-4d0486ca97c0:group-805963563DE5:LeaderElection8] INFO  segmented.SegmentedRaftLogWorker (SegmentedRaftLogWorker.java:startLogSegment(380)) - 4840c00f-91d3-4881-a20b-4d0486ca97c0-SegmentedRaftLogWorker:Storage Directory /workdir/hadoop-ozone/integration-test/target/test-dir/MiniOzoneClusterImpl-a33d77e5-464b-4d19-8e6b-a171e580bf0e/datanode-3/data/ratis/161a2c79-545c-4b57-b23f-805963563de5: Starting segment from index:0
2019-09-20 09:26:57,611 [02b93e76-e4c6-4b67-b8a4-c536d9ab7224:group-92A9C52A7027:LeaderElection9] INFO  impl.RaftServerImpl (ServerState.java:setRaftConf(361)) - 02b93e76-e4c6-4b67-b8a4-c536d9ab7224:group-92A9C52A7027 set configuration 0: [02b93e76-e4c6-4b67-b8a4-c536d9ab7224:192.168.36.99:39343], old=null at 0
2019-09-20 09:26:57,613 [4840c00f-91d3-4881-a20b-4d0486ca97c0:group-805963563DE5:LeaderElection8] INFO  impl.RaftServerImpl (ServerState.java:setRaftConf(361)) - 4840c00f-91d3-4881-a20b-4d0486ca97c0:group-805963563DE5 set configuration 0: [4840c00f-91d3-4881-a20b-4d0486ca97c0:192.168.36.99:41473], old=null at 0
2019-09-20 09:26:57,624 [pool-38-thread-1] INFO  storage.RaftStorageDirectory (RaftStorageDirectory.java:tryLock(328)) - Lock on /workdir/hadoop-ozone/integration-test/target/test-dir/MiniOzoneClusterImpl-a33d77e5-464b-4d19-8e6b-a171e580bf0e/datanode-1/data/ratis/9aa64141-ed41-4aff-ad5c-bd469e00899e/in_use.lock acquired by nodename 7145@pr-hdds-1569-p5fx8-1226042367
2019-09-20 09:26:57,641 [pool-38-thread-1] INFO  storage.RaftStorage (RaftStorage.java:format(72)) - Storage directory /workdir/hadoop-ozone/integration-test/target/test-dir/MiniOzoneClusterImpl-a33d77e5-464b-4d19-8e6b-a171e580bf0e/datanode-1/data/ratis/9aa64141-ed41-4aff-ad5c-bd469e00899e has been successfully formatted.
2019-09-20 09:26:57,641 [pool-38-thread-1] INFO  ratis.ContainerStateMachine (ContainerStateMachine.java:loadSnapshot(226)) - group-BD469E00899E: The snapshot info is null. Setting the last applied indexto:(t:0, i:~)
2019-09-20 09:26:57,641 [pool-38-thread-1] INFO  server.RaftServerConfigKeys (ConfUtils.java:logGet(43)) - raft.server.leader.election.timeout = 10s (custom)
2019-09-20 09:26:57,641 [pool-38-thread-1] INFO  server.RaftServerConfigKeys (ConfUtils.java:logGet(43)) - raft.server.log.use.memory = false (default)
2019-09-20 09:26:57,642 [pool-38-thread-1] INFO  server.RaftServerConfigKeys (ConfUtils.java:logGet(43)) - raft.server.log.purge.gap = 1000000 (custom)
2019-09-20 09:26:57,642 [pool-38-thread-1] INFO  server.RaftServerConfigKeys (ConfUtils.java:logGet(43)) - raft.server.log.appender.buffer.byte-limit = 33554432 (custom)
2019-09-20 09:26:57,642 [pool-38-thread-1] INFO  server.RaftServerConfigKeys (ConfUtils.java:logGet(43)) - raft.server.log.segment.size.max = 1048576 (custom)
2019-09-20 09:26:57,642 [pool-38-thread-1] INFO  server.RaftServerConfigKeys (ConfUtils.java:logGet(43)) - raft.server.log.segment.cache.num.max = 2 (custom)
2019-09-20 09:26:57,642 [pool-38-thread-1] INFO  segmented.SegmentedRaftLogWorker (SegmentedRaftLogWorker.java:<init>(172)) - new fd3cd5f9-4f1c-43ea-91b1-b85a1f6c3825-SegmentedRaftLogWorker:Storage Directory /workdir/hadoop-ozone/integration-test/target/test-dir/MiniOzoneClusterImpl-a33d77e5-464b-4d19-8e6b-a171e580bf0e/datanode-1/data/ratis/9aa64141-ed41-4aff-ad5c-bd469e00899e for RaftStorage:Storage Directory /workdir/hadoop-ozone/integration-test/target/test-dir/MiniOzoneClusterImpl-a33d77e5-464b-4d19-8e6b-a171e580bf0e/datanode-1/data/ratis/9aa64141-ed41-4aff-ad5c-bd469e00899e
2019-09-20 09:26:57,642 [pool-38-thread-1] INFO  server.RaftServerConfigKeys (ConfUtils.java:logGet(43)) - raft.server.log.queue.byte-limit = 2147483647 (custom)
2019-09-20 09:26:57,642 [pool-38-thread-1] INFO  server.RaftServerConfigKeys (ConfUtils.java:logGet(43)) - raft.server.log.queue.element-limit = 1024 (custom)
2019-09-20 09:26:57,642 [pool-38-thread-1] INFO  server.RaftServerConfigKeys (ConfUtils.java:logGet(43)) - raft.server.log.segment.size.max = 1048576 (custom)
2019-09-20 09:26:57,642 [pool-38-thread-1] INFO  server.RaftServerConfigKeys (ConfUtils.java:logGet(43)) - raft.server.log.preallocated.size = 16384 (custom)
2019-09-20 09:26:57,643 [pool-38-thread-1] INFO  server.RaftServerConfigKeys (ConfUtils.java:logGet(43)) - raft.server.log.write.buffer.size = 33554432 (custom)
2019-09-20 09:26:57,643 [pool-38-thread-1] INFO  server.RaftServerConfigKeys (ConfUtils.java:logGet(43)) - raft.server.log.force.sync.num = 128 (default)
2019-09-20 09:26:57,643 [pool-38-thread-1] INFO  server.RaftServerConfigKeys (ConfUtils.java:logGet(43)) - raft.server.log.statemachine.data.sync = true (default)
2019-09-20 09:26:57,643 [pool-38-thread-1] INFO  server.RaftServerConfigKeys (ConfUtils.java:logGet(43)) - raft.server.log.statemachine.data.sync.timeout = 10s (default)
2019-09-20 09:26:57,643 [pool-38-thread-1] INFO  server.RaftServerConfigKeys (ConfUtils.java:logGet(43)) - raft.server.log.statemachine.data.sync.timeout.retry = -1 (default)
2019-09-20 09:26:57,643 [pool-38-thread-1] INFO  server.RaftServerConfigKeys (ConfUtils.java:logGet(43)) - raft.server.log.statemachine.data.caching.enabled = true (custom)
2019-09-20 09:26:57,643 [pool-38-thread-1] INFO  segmented.SegmentedRaftLogWorker (SegmentedRaftLogWorker.java:lambda$new$0(132)) - fd3cd5f9-4f1c-43ea-91b1-b85a1f6c3825-SegmentedRaftLogWorker:Storage Directory /workdir/hadoop-ozone/integration-test/target/test-dir/MiniOzoneClusterImpl-a33d77e5-464b-4d19-8e6b-a171e580bf0e/datanode-1/data/ratis/9aa64141-ed41-4aff-ad5c-bd469e00899e: flushIndex: setUnconditionally 0 -> -1
2019-09-20 09:26:57,644 [pool-38-thread-1] INFO  server.RaftServerConfigKeys (ConfUtils.java:logGet(43)) - raft.server.snapshot.auto.trigger.enabled = true (custom)
2019-09-20 09:26:57,644 [pool-38-thread-1] INFO  server.RaftServerConfigKeys (ConfUtils.java:logGet(43)) - raft.server.snapshot.auto.trigger.threshold = 10000 (custom)
2019-09-20 09:26:57,644 [pool-38-thread-1] INFO  server.RaftServerConfigKeys (ConfUtils.java:logGet(43)) - raft.server.retrycache.expirytime = 600000ms (custom)
2019-09-20 09:26:57,644 [pool-38-thread-1] INFO  impl.RaftServerImpl (RaftServerImpl.java:start(180)) - fd3cd5f9-4f1c-43ea-91b1-b85a1f6c3825: start group-BD469E00899E
2019-09-20 09:26:57,644 [pool-38-thread-1] INFO  impl.RaftServerImpl (RaftServerImpl.java:setRole(171)) - fd3cd5f9-4f1c-43ea-91b1-b85a1f6c3825:group-BD469E00899E changes role from null to FOLLOWER at term 0 for startAsFollower
2019-09-20 09:26:57,645 [pool-38-thread-1] INFO  impl.RoleInfo (RoleInfo.java:updateAndGet(143)) - fd3cd5f9-4f1c-43ea-91b1-b85a1f6c3825: start FollowerState
2019-09-20 09:26:57,645 [pool-38-thread-1] INFO  util.JmxRegister (JmxRegister.java:tryRegister(44)) - Successfully registered JMX Bean with object name Ratis:service=RaftServer,group=group-BD469E00899E,id=fd3cd5f9-4f1c-43ea-91b1-b85a1f6c3825
2019-09-20 09:26:57,648 [RatisPipelineUtilsThread] INFO  pipeline.PipelineStateManager (PipelineStateManager.java:addPipeline(56)) - Created pipeline Pipeline[ Id: 9aa64141-ed41-4aff-ad5c-bd469e00899e, Nodes: fd3cd5f9-4f1c-43ea-91b1-b85a1f6c3825{ip: 192.168.36.99, host: pr-hdds-1569-p5fx8-1226042367, networkLocation: /default-rack, certSerialId: null}, Type:RATIS, Factor:ONE, State:OPEN]
2019-09-20 09:26:57,654 [grpc-default-executor-1] INFO  impl.RaftServerProxy (RaftServerProxy.java:addNew(89)) - 871e6485-c22a-483f-9e07-d19e754685be: addNew group-6FE48D9F1AE6:[871e6485-c22a-483f-9e07-d19e754685be:192.168.36.99:41076] returns group-6FE48D9F1AE6:java.util.concurrent.CompletableFuture@2f6da9c6[Not completed]
2019-09-20 09:26:57,655 [pool-71-thread-1] INFO  impl.RaftServerImpl (RaftServerImpl.java:<init>(93)) - 871e6485-c22a-483f-9e07-d19e754685be: new RaftServerImpl for group-6FE48D9F1AE6:[871e6485-c22a-483f-9e07-d19e754685be:192.168.36.99:41076] with ContainerStateMachine:uninitialized
2019-09-20 09:26:57,656 [pool-71-thread-1] INFO  server.RaftServerConfigKeys (ConfUtils.java:logGet(43)) - raft.server.rpc.timeout.min = 5s (custom)
2019-09-20 09:26:57,656 [pool-71-thread-1] INFO  server.RaftServerConfigKeys (ConfUtils.java:logGet(43)) - raft.server.rpc.timeout.max = 5200ms (custom)
2019-09-20 09:26:57,656 [pool-71-thread-1] INFO  server.RaftServerConfigKeys (ConfUtils.java:logGet(43)) - raft.server.rpcslowness.timeout = 10s (custom)
2019-09-20 09:26:57,656 [pool-71-thread-1] INFO  server.RaftServerConfigKeys (ConfUtils.java:logGet(43)) - raft.server.sleep.deviation.threshold = 300 (default)
2019-09-20 09:26:57,656 [pool-71-thread-1] INFO  server.RaftServerConfigKeys (ConfUtils.java:logGet(43)) - raft.server.log.appender.install.snapshot.enabled = false (custom)
2019-09-20 09:26:57,656 [pool-71-thread-1] INFO  impl.RaftServerImpl (ServerState.java:<init>(105)) - 871e6485-c22a-483f-9e07-d19e754685be:group-6FE48D9F1AE6 ConfigurationManager, init=-1: [871e6485-c22a-483f-9e07-d19e754685be:192.168.36.99:41076], old=null, confs=<EMPTY_MAP>
2019-09-20 09:26:57,656 [pool-71-thread-1] INFO  server.RaftServerConfigKeys (ConfUtils.java:logGet(43)) - raft.server.storage.dir = [/workdir/hadoop-ozone/integration-test/target/test-dir/MiniOzoneClusterImpl-a33d77e5-464b-4d19-8e6b-a171e580bf0e/datanode-4/data/ratis] (custom)
2019-09-20 09:26:57,657 [pool-71-thread-1] INFO  storage.RaftStorageDirectory (RaftStorageDirectory.java:analyzeStorage(246)) - The storage directory /workdir/hadoop-ozone/integration-test/target/test-dir/MiniOzoneClusterImpl-a33d77e5-464b-4d19-8e6b-a171e580bf0e/datanode-4/data/ratis/63abeb18-6deb-460d-a3af-6fe48d9f1ae6 does not exist. Creating ...
2019-09-20 09:26:57,658 [02b93e76-e4c6-4b67-b8a4-c536d9ab7224-SegmentedRaftLogWorker:Storage Directory /workdir/hadoop-ozone/integration-test/target/test-dir/MiniOzoneClusterImpl-a33d77e5-464b-4d19-8e6b-a171e580bf0e/datanode-0/data/ratis/ec38d59e-03fd-45de-9201-92a9c52a7027] INFO  segmented.SegmentedRaftLogWorker (SegmentedRaftLogWorker.java:execute(569)) - 02b93e76-e4c6-4b67-b8a4-c536d9ab7224-SegmentedRaftLogWorker:Storage Directory /workdir/hadoop-ozone/integration-test/target/test-dir/MiniOzoneClusterImpl-a33d77e5-464b-4d19-8e6b-a171e580bf0e/datanode-0/data/ratis/ec38d59e-03fd-45de-9201-92a9c52a7027: created new log segment /workdir/hadoop-ozone/integration-test/target/test-dir/MiniOzoneClusterImpl-a33d77e5-464b-4d19-8e6b-a171e580bf0e/datanode-0/data/ratis/ec38d59e-03fd-45de-9201-92a9c52a7027/current/log_inprogress_0
2019-09-20 09:26:57,658 [4840c00f-91d3-4881-a20b-4d0486ca97c0-SegmentedRaftLogWorker:Storage Directory /workdir/hadoop-ozone/integration-test/target/test-dir/MiniOzoneClusterImpl-a33d77e5-464b-4d19-8e6b-a171e580bf0e/datanode-3/data/ratis/161a2c79-545c-4b57-b23f-805963563de5] INFO  segmented.SegmentedRaftLogWorker (SegmentedRaftLogWorker.java:execute(569)) - 4840c00f-91d3-4881-a20b-4d0486ca97c0-SegmentedRaftLogWorker:Storage Directory /workdir/hadoop-ozone/integration-test/target/test-dir/MiniOzoneClusterImpl-a33d77e5-464b-4d19-8e6b-a171e580bf0e/datanode-3/data/ratis/161a2c79-545c-4b57-b23f-805963563de5: created new log segment /workdir/hadoop-ozone/integration-test/target/test-dir/MiniOzoneClusterImpl-a33d77e5-464b-4d19-8e6b-a171e580bf0e/datanode-3/data/ratis/161a2c79-545c-4b57-b23f-805963563de5/current/log_inprogress_0
2019-09-20 09:26:57,708 [pool-71-thread-1] INFO  storage.RaftStorageDirectory (RaftStorageDirectory.java:tryLock(328)) - Lock on /workdir/hadoop-ozone/integration-test/target/test-dir/MiniOzoneClusterImpl-a33d77e5-464b-4d19-8e6b-a171e580bf0e/datanode-4/data/ratis/63abeb18-6deb-460d-a3af-6fe48d9f1ae6/in_use.lock acquired by nodename 7145@pr-hdds-1569-p5fx8-1226042367
2019-09-20 09:26:57,742 [pool-71-thread-1] INFO  storage.RaftStorage (RaftStorage.java:format(72)) - Storage directory /workdir/hadoop-ozone/integration-test/target/test-dir/MiniOzoneClusterImpl-a33d77e5-464b-4d19-8e6b-a171e580bf0e/datanode-4/data/ratis/63abeb18-6deb-460d-a3af-6fe48d9f1ae6 has been successfully formatted.
2019-09-20 09:26:57,742 [pool-71-thread-1] INFO  ratis.ContainerStateMachine (ContainerStateMachine.java:loadSnapshot(226)) - group-6FE48D9F1AE6: The snapshot info is null. Setting the last applied indexto:(t:0, i:~)
2019-09-20 09:26:57,742 [pool-71-thread-1] INFO  server.RaftServerConfigKeys (ConfUtils.java:logGet(43)) - raft.server.leader.election.timeout = 10s (custom)
2019-09-20 09:26:57,743 [pool-71-thread-1] INFO  server.RaftServerConfigKeys (ConfUtils.java:logGet(43)) - raft.server.log.use.memory = false (default)
2019-09-20 09:26:57,743 [pool-71-thread-1] INFO  server.RaftServerConfigKeys (ConfUtils.java:logGet(43)) - raft.server.log.purge.gap = 1000000 (custom)
2019-09-20 09:26:57,743 [pool-71-thread-1] INFO  server.RaftServerConfigKeys (ConfUtils.java:logGet(43)) - raft.server.log.appender.buffer.byte-limit = 33554432 (custom)
2019-09-20 09:26:57,743 [pool-71-thread-1] INFO  server.RaftServerConfigKeys (ConfUtils.java:logGet(43)) - raft.server.log.segment.size.max = 1048576 (custom)
2019-09-20 09:26:57,743 [pool-71-thread-1] INFO  server.RaftServerConfigKeys (ConfUtils.java:logGet(43)) - raft.server.log.segment.cache.num.max = 2 (custom)
2019-09-20 09:26:57,744 [pool-71-thread-1] INFO  segmented.SegmentedRaftLogWorker (SegmentedRaftLogWorker.java:<init>(172)) - new 871e6485-c22a-483f-9e07-d19e754685be-SegmentedRaftLogWorker:Storage Directory /workdir/hadoop-ozone/integration-test/target/test-dir/MiniOzoneClusterImpl-a33d77e5-464b-4d19-8e6b-a171e580bf0e/datanode-4/data/ratis/63abeb18-6deb-460d-a3af-6fe48d9f1ae6 for RaftStorage:Storage Directory /workdir/hadoop-ozone/integration-test/target/test-dir/MiniOzoneClusterImpl-a33d77e5-464b-4d19-8e6b-a171e580bf0e/datanode-4/data/ratis/63abeb18-6deb-460d-a3af-6fe48d9f1ae6
2019-09-20 09:26:57,744 [pool-71-thread-1] INFO  server.RaftServerConfigKeys (ConfUtils.java:logGet(43)) - raft.server.log.queue.byte-limit = 2147483647 (custom)
2019-09-20 09:26:57,744 [pool-71-thread-1] INFO  server.RaftServerConfigKeys (ConfUtils.java:logGet(43)) - raft.server.log.queue.element-limit = 1024 (custom)
2019-09-20 09:26:57,744 [pool-71-thread-1] INFO  server.RaftServerConfigKeys (ConfUtils.java:logGet(43)) - raft.server.log.segment.size.max = 1048576 (custom)
2019-09-20 09:26:57,744 [pool-71-thread-1] INFO  server.RaftServerConfigKeys (ConfUtils.java:logGet(43)) - raft.server.log.preallocated.size = 16384 (custom)
2019-09-20 09:26:57,744 [pool-71-thread-1] INFO  server.RaftServerConfigKeys (ConfUtils.java:logGet(43)) - raft.server.log.write.buffer.size = 33554432 (custom)
2019-09-20 09:26:57,744 [pool-71-thread-1] INFO  server.RaftServerConfigKeys (ConfUtils.java:logGet(43)) - raft.server.log.force.sync.num = 128 (default)
2019-09-20 09:26:57,745 [pool-71-thread-1] INFO  server.RaftServerConfigKeys (ConfUtils.java:logGet(43)) - raft.server.log.statemachine.data.sync = true (default)
2019-09-20 09:26:57,745 [Thread-251] INFO  impl.FollowerState (FollowerState.java:run(106)) - 492ed782-6ab3-4ad9-945e-06def6ac7c96:group-074D0BAD7F31 changes to CANDIDATE, lastRpcTime:5088, electionTimeout:5088ms
2019-09-20 09:26:57,745 [pool-71-thread-1] INFO  server.RaftServerConfigKeys (ConfUtils.java:logGet(43)) - raft.server.log.statemachine.data.sync.timeout = 10s (default)
2019-09-20 09:26:57,745 [Thread-251] INFO  impl.RoleInfo (RoleInfo.java:shutdownFollowerState(121)) - 492ed782-6ab3-4ad9-945e-06def6ac7c96: shutdown FollowerState
2019-09-20 09:26:57,745 [pool-71-thread-1] INFO  server.RaftServerConfigKeys (ConfUtils.java:logGet(43)) - raft.server.log.statemachine.data.sync.timeout.retry = -1 (default)
2019-09-20 09:26:57,745 [Thread-251] INFO  impl.RaftServerImpl (RaftServerImpl.java:setRole(171)) - 492ed782-6ab3-4ad9-945e-06def6ac7c96:group-074D0BAD7F31 changes role from FOLLOWER to CANDIDATE at term 0 for changeToCandidate
2019-09-20 09:26:57,746 [pool-71-thread-1] INFO  server.RaftServerConfigKeys (ConfUtils.java:logGet(43)) - raft.server.log.statemachine.data.caching.enabled = true (custom)
2019-09-20 09:26:57,746 [Thread-251] INFO  impl.RoleInfo (RoleInfo.java:updateAndGet(143)) - 492ed782-6ab3-4ad9-945e-06def6ac7c96: start LeaderElection
2019-09-20 09:26:57,746 [pool-71-thread-1] INFO  segmented.SegmentedRaftLogWorker (SegmentedRaftLogWorker.java:lambda$new$0(132)) - 871e6485-c22a-483f-9e07-d19e754685be-SegmentedRaftLogWorker:Storage Directory /workdir/hadoop-ozone/integration-test/target/test-dir/MiniOzoneClusterImpl-a33d77e5-464b-4d19-8e6b-a171e580bf0e/datanode-4/data/ratis/63abeb18-6deb-460d-a3af-6fe48d9f1ae6: flushIndex: setUnconditionally 0 -> -1
2019-09-20 09:26:57,753 [pool-71-thread-1] INFO  server.RaftServerConfigKeys (ConfUtils.java:logGet(43)) - raft.server.snapshot.auto.trigger.enabled = true (custom)
2019-09-20 09:26:57,753 [pool-71-thread-1] INFO  server.RaftServerConfigKeys (ConfUtils.java:logGet(43)) - raft.server.snapshot.auto.trigger.threshold = 10000 (custom)
2019-09-20 09:26:57,753 [pool-71-thread-1] INFO  server.RaftServerConfigKeys (ConfUtils.java:logGet(43)) - raft.server.retrycache.expirytime = 600000ms (custom)
2019-09-20 09:26:57,754 [pool-71-thread-1] INFO  impl.RaftServerImpl (RaftServerImpl.java:start(180)) - 871e6485-c22a-483f-9e07-d19e754685be: start group-6FE48D9F1AE6
2019-09-20 09:26:57,754 [pool-71-thread-1] INFO  impl.RaftServerImpl (RaftServerImpl.java:setRole(171)) - 871e6485-c22a-483f-9e07-d19e754685be:group-6FE48D9F1AE6 changes role from null to FOLLOWER at term 0 for startAsFollower
2019-09-20 09:26:57,754 [pool-71-thread-1] INFO  impl.RoleInfo (RoleInfo.java:updateAndGet(143)) - 871e6485-c22a-483f-9e07-d19e754685be: start FollowerState
2019-09-20 09:26:57,754 [pool-71-thread-1] INFO  util.JmxRegister (JmxRegister.java:tryRegister(44)) - Successfully registered JMX Bean with object name Ratis:service=RaftServer,group=group-6FE48D9F1AE6,id=871e6485-c22a-483f-9e07-d19e754685be
2019-09-20 09:26:57,758 [RatisPipelineUtilsThread] INFO  pipeline.PipelineStateManager (PipelineStateManager.java:addPipeline(56)) - Created pipeline Pipeline[ Id: 63abeb18-6deb-460d-a3af-6fe48d9f1ae6, Nodes: 871e6485-c22a-483f-9e07-d19e754685be{ip: 192.168.36.99, host: pr-hdds-1569-p5fx8-1226042367, networkLocation: /default-rack, certSerialId: null}, Type:RATIS, Factor:ONE, State:OPEN]
2019-09-20 09:26:57,764 [grpc-default-executor-1] INFO  impl.RaftServerProxy (RaftServerProxy.java:addNew(89)) - 492ed782-6ab3-4ad9-945e-06def6ac7c96: addNew group-83474A4053D6:[492ed782-6ab3-4ad9-945e-06def6ac7c96:192.168.36.99:32835] returns group-83474A4053D6:java.util.concurrent.CompletableFuture@1e814258[Not completed]
2019-09-20 09:26:57,768 [492ed782-6ab3-4ad9-945e-06def6ac7c96:group-074D0BAD7F31:LeaderElection10] INFO  impl.LeaderElection (LeaderElection.java:askForVotes(181)) - 492ed782-6ab3-4ad9-945e-06def6ac7c96:group-074D0BAD7F31:LeaderElection10: begin an election at term 1 for -1: [492ed782-6ab3-4ad9-945e-06def6ac7c96:192.168.36.99:32835], old=null
2019-09-20 09:26:57,770 [492ed782-6ab3-4ad9-945e-06def6ac7c96:group-074D0BAD7F31:LeaderElection10] INFO  impl.RoleInfo (RoleInfo.java:shutdownLeaderElection(134)) - 492ed782-6ab3-4ad9-945e-06def6ac7c96: shutdown LeaderElection
2019-09-20 09:26:57,770 [492ed782-6ab3-4ad9-945e-06def6ac7c96:group-074D0BAD7F31:LeaderElection10] INFO  impl.RaftServerImpl (RaftServerImpl.java:setRole(171)) - 492ed782-6ab3-4ad9-945e-06def6ac7c96:group-074D0BAD7F31 changes role from CANDIDATE to LEADER at term 1 for changeToLeader
2019-09-20 09:26:57,770 [pool-49-thread-1] INFO  impl.RaftServerImpl (RaftServerImpl.java:<init>(93)) - 492ed782-6ab3-4ad9-945e-06def6ac7c96: new RaftServerImpl for group-83474A4053D6:[492ed782-6ab3-4ad9-945e-06def6ac7c96:192.168.36.99:32835] with ContainerStateMachine:uninitialized
2019-09-20 09:26:57,770 [492ed782-6ab3-4ad9-945e-06def6ac7c96:group-074D0BAD7F31:LeaderElection10] INFO  impl.RaftServerImpl (ServerState.java:setLeader(263)) - 492ed782-6ab3-4ad9-945e-06def6ac7c96:group-074D0BAD7F31 change Leader from null to 492ed782-6ab3-4ad9-945e-06def6ac7c96 at term 1 for becomeLeader, leader elected after 5119ms
2019-09-20 09:26:57,771 [492ed782-6ab3-4ad9-945e-06def6ac7c96:group-074D0BAD7F31:LeaderElection10] INFO  server.RaftServerConfigKeys (ConfUtils.java:logGet(43)) - raft.server.staging.catchup.gap = 1000 (default)
2019-09-20 09:26:57,771 [pool-49-thread-1] INFO  server.RaftServerConfigKeys (ConfUtils.java:logGet(43)) - raft.server.rpc.timeout.min = 5s (custom)
2019-09-20 09:26:57,771 [492ed782-6ab3-4ad9-945e-06def6ac7c96:group-074D0BAD7F31:LeaderElection10] INFO  server.RaftServerConfigKeys (ConfUtils.java:logGet(43)) - raft.server.rpc.sleep.time = 25ms (default)
2019-09-20 09:26:57,771 [pool-49-thread-1] INFO  server.RaftServerConfigKeys (ConfUtils.java:logGet(43)) - raft.server.rpc.timeout.max = 5200ms (custom)
2019-09-20 09:26:57,772 [pool-49-thread-1] INFO  server.RaftServerConfigKeys (ConfUtils.java:logGet(43)) - raft.server.rpcslowness.timeout = 10s (custom)
2019-09-20 09:26:57,772 [pool-49-thread-1] INFO  server.RaftServerConfigKeys (ConfUtils.java:logGet(43)) - raft.server.sleep.deviation.threshold = 300 (default)
2019-09-20 09:26:57,772 [492ed782-6ab3-4ad9-945e-06def6ac7c96:group-074D0BAD7F31:LeaderElection10] INFO  server.RaftServerConfigKeys (ConfUtils.java:logGet(43)) - raft.server.write.element-limit = 4096 (default)
2019-09-20 09:26:57,772 [pool-49-thread-1] INFO  server.RaftServerConfigKeys (ConfUtils.java:logGet(43)) - raft.server.log.appender.install.snapshot.enabled = false (custom)
2019-09-20 09:26:57,772 [492ed782-6ab3-4ad9-945e-06def6ac7c96:group-074D0BAD7F31:LeaderElection10] INFO  server.RaftServerConfigKeys (ConfUtils.java:logGet(43)) - raft.server.watch.timeout = 10s (default)
2019-09-20 09:26:57,772 [pool-49-thread-1] INFO  impl.RaftServerImpl (ServerState.java:<init>(105)) - 492ed782-6ab3-4ad9-945e-06def6ac7c96:group-83474A4053D6 ConfigurationManager, init=-1: [492ed782-6ab3-4ad9-945e-06def6ac7c96:192.168.36.99:32835], old=null, confs=<EMPTY_MAP>
2019-09-20 09:26:57,772 [492ed782-6ab3-4ad9-945e-06def6ac7c96:group-074D0BAD7F31:LeaderElection10] INFO  server.RaftServerConfigKeys (ConfUtils.java:logGet(43)) - raft.server.watch.timeout.denomination = 1s (default)
2019-09-20 09:26:57,773 [492ed782-6ab3-4ad9-945e-06def6ac7c96:group-074D0BAD7F31:LeaderElection10] INFO  server.RaftServerConfigKeys (ConfUtils.java:logGet(43)) - raft.server.watch.element-limit = 65536 (default)
2019-09-20 09:26:57,773 [pool-49-thread-1] INFO  server.RaftServerConfigKeys (ConfUtils.java:logGet(43)) - raft.server.storage.dir = [/workdir/hadoop-ozone/integration-test/target/test-dir/MiniOzoneClusterImpl-a33d77e5-464b-4d19-8e6b-a171e580bf0e/datanode-2/data/ratis] (custom)
2019-09-20 09:26:57,773 [492ed782-6ab3-4ad9-945e-06def6ac7c96:group-074D0BAD7F31:LeaderElection10] INFO  impl.RoleInfo (RoleInfo.java:updateAndGet(143)) - 492ed782-6ab3-4ad9-945e-06def6ac7c96: start LeaderState
2019-09-20 09:26:57,774 [492ed782-6ab3-4ad9-945e-06def6ac7c96:group-074D0BAD7F31:LeaderElection10] INFO  segmented.SegmentedRaftLogWorker (SegmentedRaftLogWorker.java:startLogSegment(380)) - 492ed782-6ab3-4ad9-945e-06def6ac7c96-SegmentedRaftLogWorker:Storage Directory /workdir/hadoop-ozone/integration-test/target/test-dir/MiniOzoneClusterImpl-a33d77e5-464b-4d19-8e6b-a171e580bf0e/datanode-2/data/ratis/e85e34c9-c735-4ecb-ae2c-074d0bad7f31: Starting segment from index:0
2019-09-20 09:26:57,774 [pool-49-thread-1] INFO  storage.RaftStorageDirectory (RaftStorageDirectory.java:analyzeStorage(246)) - The storage directory /workdir/hadoop-ozone/integration-test/target/test-dir/MiniOzoneClusterImpl-a33d77e5-464b-4d19-8e6b-a171e580bf0e/datanode-2/data/ratis/8094937d-de3e-47e4-8309-83474a4053d6 does not exist. Creating ...
2019-09-20 09:26:57,775 [492ed782-6ab3-4ad9-945e-06def6ac7c96:group-074D0BAD7F31:LeaderElection10] INFO  impl.RaftServerImpl (ServerState.java:setRaftConf(361)) - 492ed782-6ab3-4ad9-945e-06def6ac7c96:group-074D0BAD7F31 set configuration 0: [492ed782-6ab3-4ad9-945e-06def6ac7c96:192.168.36.99:32835], old=null at 0
2019-09-20 09:26:57,801 [pool-49-thread-1] INFO  storage.RaftStorageDirectory (RaftStorageDirectory.java:tryLock(328)) - Lock on /workdir/hadoop-ozone/integration-test/target/test-dir/MiniOzoneClusterImpl-a33d77e5-464b-4d19-8e6b-a171e580bf0e/datanode-2/data/ratis/8094937d-de3e-47e4-8309-83474a4053d6/in_use.lock acquired by nodename 7145@pr-hdds-1569-p5fx8-1226042367
2019-09-20 09:26:57,818 [492ed782-6ab3-4ad9-945e-06def6ac7c96-SegmentedRaftLogWorker:Storage Directory /workdir/hadoop-ozone/integration-test/target/test-dir/MiniOzoneClusterImpl-a33d77e5-464b-4d19-8e6b-a171e580bf0e/datanode-2/data/ratis/e85e34c9-c735-4ecb-ae2c-074d0bad7f31] INFO  segmented.SegmentedRaftLogWorker (SegmentedRaftLogWorker.java:execute(569)) - 492ed782-6ab3-4ad9-945e-06def6ac7c96-SegmentedRaftLogWorker:Storage Directory /workdir/hadoop-ozone/integration-test/target/test-dir/MiniOzoneClusterImpl-a33d77e5-464b-4d19-8e6b-a171e580bf0e/datanode-2/data/ratis/e85e34c9-c735-4ecb-ae2c-074d0bad7f31: created new log segment /workdir/hadoop-ozone/integration-test/target/test-dir/MiniOzoneClusterImpl-a33d77e5-464b-4d19-8e6b-a171e580bf0e/datanode-2/data/ratis/e85e34c9-c735-4ecb-ae2c-074d0bad7f31/current/log_inprogress_0
2019-09-20 09:26:57,818 [pool-49-thread-1] INFO  storage.RaftStorage (RaftStorage.java:format(72)) - Storage directory /workdir/hadoop-ozone/integration-test/target/test-dir/MiniOzoneClusterImpl-a33d77e5-464b-4d19-8e6b-a171e580bf0e/datanode-2/data/ratis/8094937d-de3e-47e4-8309-83474a4053d6 has been successfully formatted.
2019-09-20 09:26:57,819 [pool-49-thread-1] INFO  ratis.ContainerStateMachine (ContainerStateMachine.java:loadSnapshot(226)) - group-83474A4053D6: The snapshot info is null. Setting the last applied indexto:(t:0, i:~)
2019-09-20 09:26:57,819 [pool-49-thread-1] INFO  server.RaftServerConfigKeys (ConfUtils.java:logGet(43)) - raft.server.leader.election.timeout = 10s (custom)
2019-09-20 09:26:57,819 [pool-49-thread-1] INFO  server.RaftServerConfigKeys (ConfUtils.java:logGet(43)) - raft.server.log.use.memory = false (default)
2019-09-20 09:26:57,819 [pool-49-thread-1] INFO  server.RaftServerConfigKeys (ConfUtils.java:logGet(43)) - raft.server.log.purge.gap = 1000000 (custom)
2019-09-20 09:26:57,820 [pool-49-thread-1] INFO  server.RaftServerConfigKeys (ConfUtils.java:logGet(43)) - raft.server.log.appender.buffer.byte-limit = 33554432 (custom)
2019-09-20 09:26:57,820 [pool-49-thread-1] INFO  server.RaftServerConfigKeys (ConfUtils.java:logGet(43)) - raft.server.log.segment.size.max = 1048576 (custom)
2019-09-20 09:26:57,820 [pool-49-thread-1] INFO  server.RaftServerConfigKeys (ConfUtils.java:logGet(43)) - raft.server.log.segment.cache.num.max = 2 (custom)
2019-09-20 09:26:57,820 [pool-49-thread-1] INFO  segmented.SegmentedRaftLogWorker (SegmentedRaftLogWorker.java:<init>(172)) - new 492ed782-6ab3-4ad9-945e-06def6ac7c96-SegmentedRaftLogWorker:Storage Directory /workdir/hadoop-ozone/integration-test/target/test-dir/MiniOzoneClusterImpl-a33d77e5-464b-4d19-8e6b-a171e580bf0e/datanode-2/data/ratis/8094937d-de3e-47e4-8309-83474a4053d6 for RaftStorage:Storage Directory /workdir/hadoop-ozone/integration-test/target/test-dir/MiniOzoneClusterImpl-a33d77e5-464b-4d19-8e6b-a171e580bf0e/datanode-2/data/ratis/8094937d-de3e-47e4-8309-83474a4053d6
2019-09-20 09:26:57,820 [pool-49-thread-1] INFO  server.RaftServerConfigKeys (ConfUtils.java:logGet(43)) - raft.server.log.queue.byte-limit = 2147483647 (custom)
2019-09-20 09:26:57,821 [pool-49-thread-1] INFO  server.RaftServerConfigKeys (ConfUtils.java:logGet(43)) - raft.server.log.queue.element-limit = 1024 (custom)
2019-09-20 09:26:57,821 [pool-49-thread-1] INFO  server.RaftServerConfigKeys (ConfUtils.java:logGet(43)) - raft.server.log.segment.size.max = 1048576 (custom)
2019-09-20 09:26:57,821 [pool-49-thread-1] INFO  server.RaftServerConfigKeys (ConfUtils.java:logGet(43)) - raft.server.log.preallocated.size = 16384 (custom)
2019-09-20 09:26:57,821 [pool-49-thread-1] INFO  server.RaftServerConfigKeys (ConfUtils.java:logGet(43)) - raft.server.log.write.buffer.size = 33554432 (custom)
2019-09-20 09:26:57,821 [pool-49-thread-1] INFO  server.RaftServerConfigKeys (ConfUtils.java:logGet(43)) - raft.server.log.force.sync.num = 128 (default)
2019-09-20 09:26:57,822 [pool-49-thread-1] INFO  server.RaftServerConfigKeys (ConfUtils.java:logGet(43)) - raft.server.log.statemachine.data.sync = true (default)
2019-09-20 09:26:57,822 [pool-49-thread-1] INFO  server.RaftServerConfigKeys (ConfUtils.java:logGet(43)) - raft.server.log.statemachine.data.sync.timeout = 10s (default)
2019-09-20 09:26:57,822 [pool-49-thread-1] INFO  server.RaftServerConfigKeys (ConfUtils.java:logGet(43)) - raft.server.log.statemachine.data.sync.timeout.retry = -1 (default)
2019-09-20 09:26:57,822 [pool-49-thread-1] INFO  server.RaftServerConfigKeys (ConfUtils.java:logGet(43)) - raft.server.log.statemachine.data.caching.enabled = true (custom)
2019-09-20 09:26:57,823 [pool-49-thread-1] INFO  segmented.SegmentedRaftLogWorker (SegmentedRaftLogWorker.java:lambda$new$0(132)) - 492ed782-6ab3-4ad9-945e-06def6ac7c96-SegmentedRaftLogWorker:Storage Directory /workdir/hadoop-ozone/integration-test/target/test-dir/MiniOzoneClusterImpl-a33d77e5-464b-4d19-8e6b-a171e580bf0e/datanode-2/data/ratis/8094937d-de3e-47e4-8309-83474a4053d6: flushIndex: setUnconditionally 0 -> -1
2019-09-20 09:26:57,823 [pool-49-thread-1] INFO  server.RaftServerConfigKeys (ConfUtils.java:logGet(43)) - raft.server.snapshot.auto.trigger.enabled = true (custom)
2019-09-20 09:26:57,823 [pool-49-thread-1] INFO  server.RaftServerConfigKeys (ConfUtils.java:logGet(43)) - raft.server.snapshot.auto.trigger.threshold = 10000 (custom)
2019-09-20 09:26:57,824 [pool-49-thread-1] INFO  server.RaftServerConfigKeys (ConfUtils.java:logGet(43)) - raft.server.retrycache.expirytime = 600000ms (custom)
2019-09-20 09:26:57,824 [pool-49-thread-1] INFO  impl.RaftServerImpl (RaftServerImpl.java:start(180)) - 492ed782-6ab3-4ad9-945e-06def6ac7c96: start group-83474A4053D6
2019-09-20 09:26:57,824 [pool-49-thread-1] INFO  impl.RaftServerImpl (RaftServerImpl.java:setRole(171)) - 492ed782-6ab3-4ad9-945e-06def6ac7c96:group-83474A4053D6 changes role from null to FOLLOWER at term 0 for startAsFollower
2019-09-20 09:26:57,824 [pool-49-thread-1] INFO  impl.RoleInfo (RoleInfo.java:updateAndGet(143)) - 492ed782-6ab3-4ad9-945e-06def6ac7c96: start FollowerState
2019-09-20 09:26:57,825 [pool-49-thread-1] INFO  util.JmxRegister (JmxRegister.java:tryRegister(44)) - Successfully registered JMX Bean with object name Ratis:service=RaftServer,group=group-83474A4053D6,id=492ed782-6ab3-4ad9-945e-06def6ac7c96
2019-09-20 09:26:57,832 [RatisPipelineUtilsThread] INFO  pipeline.PipelineStateManager (PipelineStateManager.java:addPipeline(56)) - Created pipeline Pipeline[ Id: 8094937d-de3e-47e4-8309-83474a4053d6, Nodes: 492ed782-6ab3-4ad9-945e-06def6ac7c96{ip: 192.168.36.99, host: pr-hdds-1569-p5fx8-1226042367, networkLocation: /default-rack, certSerialId: null}, Type:RATIS, Factor:ONE, State:OPEN]
2019-09-20 09:26:57,840 [grpc-default-executor-1] INFO  impl.RaftServerProxy (RaftServerProxy.java:addNew(89)) - 492ed782-6ab3-4ad9-945e-06def6ac7c96: addNew group-E1A3C09B18D1:[492ed782-6ab3-4ad9-945e-06def6ac7c96:192.168.36.99:32835] returns group-E1A3C09B18D1:java.util.concurrent.CompletableFuture@94bb5ce[Not completed]
2019-09-20 09:26:57,841 [pool-49-thread-1] INFO  impl.RaftServerImpl (RaftServerImpl.java:<init>(93)) - 492ed782-6ab3-4ad9-945e-06def6ac7c96: new RaftServerImpl for group-E1A3C09B18D1:[492ed782-6ab3-4ad9-945e-06def6ac7c96:192.168.36.99:32835] with ContainerStateMachine:uninitialized
2019-09-20 09:26:57,842 [pool-49-thread-1] INFO  server.RaftServerConfigKeys (ConfUtils.java:logGet(43)) - raft.server.rpc.timeout.min = 5s (custom)
2019-09-20 09:26:57,842 [pool-49-thread-1] INFO  server.RaftServerConfigKeys (ConfUtils.java:logGet(43)) - raft.server.rpc.timeout.max = 5200ms (custom)
2019-09-20 09:26:57,842 [pool-49-thread-1] INFO  server.RaftServerConfigKeys (ConfUtils.java:logGet(43)) - raft.server.rpcslowness.timeout = 10s (custom)
2019-09-20 09:26:57,842 [pool-49-thread-1] INFO  server.RaftServerConfigKeys (ConfUtils.java:logGet(43)) - raft.server.sleep.deviation.threshold = 300 (default)
2019-09-20 09:26:57,842 [pool-49-thread-1] INFO  server.RaftServerConfigKeys (ConfUtils.java:logGet(43)) - raft.server.log.appender.install.snapshot.enabled = false (custom)
2019-09-20 09:26:57,842 [pool-49-thread-1] INFO  impl.RaftServerImpl (ServerState.java:<init>(105)) - 492ed782-6ab3-4ad9-945e-06def6ac7c96:group-E1A3C09B18D1 ConfigurationManager, init=-1: [492ed782-6ab3-4ad9-945e-06def6ac7c96:192.168.36.99:32835], old=null, confs=<EMPTY_MAP>
2019-09-20 09:26:57,842 [pool-49-thread-1] INFO  server.RaftServerConfigKeys (ConfUtils.java:logGet(43)) - raft.server.storage.dir = [/workdir/hadoop-ozone/integration-test/target/test-dir/MiniOzoneClusterImpl-a33d77e5-464b-4d19-8e6b-a171e580bf0e/datanode-2/data/ratis] (custom)
2019-09-20 09:26:57,843 [pool-49-thread-1] INFO  storage.RaftStorageDirectory (RaftStorageDirectory.java:analyzeStorage(246)) - The storage directory /workdir/hadoop-ozone/integration-test/target/test-dir/MiniOzoneClusterImpl-a33d77e5-464b-4d19-8e6b-a171e580bf0e/datanode-2/data/ratis/26ca671f-000e-4a90-9d59-e1a3c09b18d1 does not exist. Creating ...
2019-09-20 09:26:57,860 [pool-49-thread-1] INFO  storage.RaftStorageDirectory (RaftStorageDirectory.java:tryLock(328)) - Lock on /workdir/hadoop-ozone/integration-test/target/test-dir/MiniOzoneClusterImpl-a33d77e5-464b-4d19-8e6b-a171e580bf0e/datanode-2/data/ratis/26ca671f-000e-4a90-9d59-e1a3c09b18d1/in_use.lock acquired by nodename 7145@pr-hdds-1569-p5fx8-1226042367
2019-09-20 09:26:57,860 [Thread-254] INFO  impl.FollowerState (FollowerState.java:run(106)) - 492ed782-6ab3-4ad9-945e-06def6ac7c96:group-5893497E9F9D changes to CANDIDATE, lastRpcTime:5128, electionTimeout:5128ms
2019-09-20 09:26:57,860 [Thread-254] INFO  impl.RoleInfo (RoleInfo.java:shutdownFollowerState(121)) - 492ed782-6ab3-4ad9-945e-06def6ac7c96: shutdown FollowerState
2019-09-20 09:26:57,861 [Thread-254] INFO  impl.RaftServerImpl (RaftServerImpl.java:setRole(171)) - 492ed782-6ab3-4ad9-945e-06def6ac7c96:group-5893497E9F9D changes role from FOLLOWER to CANDIDATE at term 0 for changeToCandidate
2019-09-20 09:26:57,861 [Thread-254] INFO  impl.RoleInfo (RoleInfo.java:updateAndGet(143)) - 492ed782-6ab3-4ad9-945e-06def6ac7c96: start LeaderElection
2019-09-20 09:26:57,886 [pool-49-thread-1] INFO  storage.RaftStorage (RaftStorage.java:format(72)) - Storage directory /workdir/hadoop-ozone/integration-test/target/test-dir/MiniOzoneClusterImpl-a33d77e5-464b-4d19-8e6b-a171e580bf0e/datanode-2/data/ratis/26ca671f-000e-4a90-9d59-e1a3c09b18d1 has been successfully formatted.
2019-09-20 09:26:57,894 [pool-49-thread-1] INFO  ratis.ContainerStateMachine (ContainerStateMachine.java:loadSnapshot(226)) - group-E1A3C09B18D1: The snapshot info is null. Setting the last applied indexto:(t:0, i:~)
2019-09-20 09:26:57,894 [pool-49-thread-1] INFO  server.RaftServerConfigKeys (ConfUtils.java:logGet(43)) - raft.server.leader.election.timeout = 10s (custom)
2019-09-20 09:26:57,894 [pool-49-thread-1] INFO  server.RaftServerConfigKeys (ConfUtils.java:logGet(43)) - raft.server.log.use.memory = false (default)
2019-09-20 09:26:57,895 [pool-49-thread-1] INFO  server.RaftServerConfigKeys (ConfUtils.java:logGet(43)) - raft.server.log.purge.gap = 1000000 (custom)
2019-09-20 09:26:57,895 [pool-49-thread-1] INFO  server.RaftServerConfigKeys (ConfUtils.java:logGet(43)) - raft.server.log.appender.buffer.byte-limit = 33554432 (custom)
2019-09-20 09:26:57,895 [pool-49-thread-1] INFO  server.RaftServerConfigKeys (ConfUtils.java:logGet(43)) - raft.server.log.segment.size.max = 1048576 (custom)
2019-09-20 09:26:57,895 [pool-49-thread-1] INFO  server.RaftServerConfigKeys (ConfUtils.java:logGet(43)) - raft.server.log.segment.cache.num.max = 2 (custom)
2019-09-20 09:26:57,895 [pool-49-thread-1] INFO  segmented.SegmentedRaftLogWorker (SegmentedRaftLogWorker.java:<init>(172)) - new 492ed782-6ab3-4ad9-945e-06def6ac7c96-SegmentedRaftLogWorker:Storage Directory /workdir/hadoop-ozone/integration-test/target/test-dir/MiniOzoneClusterImpl-a33d77e5-464b-4d19-8e6b-a171e580bf0e/datanode-2/data/ratis/26ca671f-000e-4a90-9d59-e1a3c09b18d1 for RaftStorage:Storage Directory /workdir/hadoop-ozone/integration-test/target/test-dir/MiniOzoneClusterImpl-a33d77e5-464b-4d19-8e6b-a171e580bf0e/datanode-2/data/ratis/26ca671f-000e-4a90-9d59-e1a3c09b18d1
2019-09-20 09:26:57,895 [pool-49-thread-1] INFO  server.RaftServerConfigKeys (ConfUtils.java:logGet(43)) - raft.server.log.queue.byte-limit = 2147483647 (custom)
2019-09-20 09:26:57,895 [pool-49-thread-1] INFO  server.RaftServerConfigKeys (ConfUtils.java:logGet(43)) - raft.server.log.queue.element-limit = 1024 (custom)
2019-09-20 09:26:57,896 [pool-49-thread-1] INFO  server.RaftServerConfigKeys (ConfUtils.java:logGet(43)) - raft.server.log.segment.size.max = 1048576 (custom)
2019-09-20 09:26:57,896 [pool-49-thread-1] INFO  server.RaftServerConfigKeys (ConfUtils.java:logGet(43)) - raft.server.log.preallocated.size = 16384 (custom)
2019-09-20 09:26:57,896 [pool-49-thread-1] INFO  server.RaftServerConfigKeys (ConfUtils.java:logGet(43)) - raft.server.log.write.buffer.size = 33554432 (custom)
2019-09-20 09:26:57,896 [pool-49-thread-1] INFO  server.RaftServerConfigKeys (ConfUtils.java:logGet(43)) - raft.server.log.force.sync.num = 128 (default)
2019-09-20 09:26:57,896 [pool-49-thread-1] INFO  server.RaftServerConfigKeys (ConfUtils.java:logGet(43)) - raft.server.log.statemachine.data.sync = true (default)
2019-09-20 09:26:57,896 [pool-49-thread-1] INFO  server.RaftServerConfigKeys (ConfUtils.java:logGet(43)) - raft.server.log.statemachine.data.sync.timeout = 10s (default)
2019-09-20 09:26:57,896 [pool-49-thread-1] INFO  server.RaftServerConfigKeys (ConfUtils.java:logGet(43)) - raft.server.log.statemachine.data.sync.timeout.retry = -1 (default)
2019-09-20 09:26:57,897 [pool-49-thread-1] INFO  server.RaftServerConfigKeys (ConfUtils.java:logGet(43)) - raft.server.log.statemachine.data.caching.enabled = true (custom)
2019-09-20 09:26:57,897 [pool-49-thread-1] INFO  segmented.SegmentedRaftLogWorker (SegmentedRaftLogWorker.java:lambda$new$0(132)) - 492ed782-6ab3-4ad9-945e-06def6ac7c96-SegmentedRaftLogWorker:Storage Directory /workdir/hadoop-ozone/integration-test/target/test-dir/MiniOzoneClusterImpl-a33d77e5-464b-4d19-8e6b-a171e580bf0e/datanode-2/data/ratis/26ca671f-000e-4a90-9d59-e1a3c09b18d1: flushIndex: setUnconditionally 0 -> -1
2019-09-20 09:26:57,897 [pool-49-thread-1] INFO  server.RaftServerConfigKeys (ConfUtils.java:logGet(43)) - raft.server.snapshot.auto.trigger.enabled = true (custom)
2019-09-20 09:26:57,898 [pool-49-thread-1] INFO  server.RaftServerConfigKeys (ConfUtils.java:logGet(43)) - raft.server.snapshot.auto.trigger.threshold = 10000 (custom)
2019-09-20 09:26:57,898 [pool-49-thread-1] INFO  server.RaftServerConfigKeys (ConfUtils.java:logGet(43)) - raft.server.retrycache.expirytime = 600000ms (custom)
2019-09-20 09:26:57,898 [pool-49-thread-1] INFO  impl.RaftServerImpl (RaftServerImpl.java:start(180)) - 492ed782-6ab3-4ad9-945e-06def6ac7c96: start group-E1A3C09B18D1
2019-09-20 09:26:57,898 [pool-49-thread-1] INFO  impl.RaftServerImpl (RaftServerImpl.java:setRole(171)) - 492ed782-6ab3-4ad9-945e-06def6ac7c96:group-E1A3C09B18D1 changes role from null to FOLLOWER at term 0 for startAsFollower
2019-09-20 09:26:57,898 [pool-49-thread-1] INFO  impl.RoleInfo (RoleInfo.java:updateAndGet(143)) - 492ed782-6ab3-4ad9-945e-06def6ac7c96: start FollowerState
2019-09-20 09:26:57,899 [pool-49-thread-1] INFO  util.JmxRegister (JmxRegister.java:tryRegister(44)) - Successfully registered JMX Bean with object name Ratis:service=RaftServer,group=group-E1A3C09B18D1,id=492ed782-6ab3-4ad9-945e-06def6ac7c96
2019-09-20 09:26:57,902 [RatisPipelineUtilsThread] INFO  pipeline.PipelineStateManager (PipelineStateManager.java:addPipeline(56)) - Created pipeline Pipeline[ Id: 26ca671f-000e-4a90-9d59-e1a3c09b18d1, Nodes: 492ed782-6ab3-4ad9-945e-06def6ac7c96{ip: 192.168.36.99, host: pr-hdds-1569-p5fx8-1226042367, networkLocation: /default-rack, certSerialId: null}, Type:RATIS, Factor:ONE, State:OPEN]
2019-09-20 09:26:57,903 [492ed782-6ab3-4ad9-945e-06def6ac7c96:group-5893497E9F9D:LeaderElection11] INFO  impl.LeaderElection (LeaderElection.java:askForVotes(181)) - 492ed782-6ab3-4ad9-945e-06def6ac7c96:group-5893497E9F9D:LeaderElection11: begin an election at term 1 for -1: [492ed782-6ab3-4ad9-945e-06def6ac7c96:192.168.36.99:32835], old=null
2019-09-20 09:26:57,903 [492ed782-6ab3-4ad9-945e-06def6ac7c96:group-5893497E9F9D:LeaderElection11] INFO  impl.RoleInfo (RoleInfo.java:shutdownLeaderElection(134)) - 492ed782-6ab3-4ad9-945e-06def6ac7c96: shutdown LeaderElection
2019-09-20 09:26:57,903 [492ed782-6ab3-4ad9-945e-06def6ac7c96:group-5893497E9F9D:LeaderElection11] INFO  impl.RaftServerImpl (RaftServerImpl.java:setRole(171)) - 492ed782-6ab3-4ad9-945e-06def6ac7c96:group-5893497E9F9D changes role from CANDIDATE to LEADER at term 1 for changeToLeader
2019-09-20 09:26:57,903 [492ed782-6ab3-4ad9-945e-06def6ac7c96:group-5893497E9F9D:LeaderElection11] INFO  impl.RaftServerImpl (ServerState.java:setLeader(263)) - 492ed782-6ab3-4ad9-945e-06def6ac7c96:group-5893497E9F9D change Leader from null to 492ed782-6ab3-4ad9-945e-06def6ac7c96 at term 1 for becomeLeader, leader elected after 5176ms
2019-09-20 09:26:57,903 [492ed782-6ab3-4ad9-945e-06def6ac7c96:group-5893497E9F9D:LeaderElection11] INFO  server.RaftServerConfigKeys (ConfUtils.java:logGet(43)) - raft.server.staging.catchup.gap = 1000 (default)
2019-09-20 09:26:57,903 [492ed782-6ab3-4ad9-945e-06def6ac7c96:group-5893497E9F9D:LeaderElection11] INFO  server.RaftServerConfigKeys (ConfUtils.java:logGet(43)) - raft.server.rpc.sleep.time = 25ms (default)
2019-09-20 09:26:57,904 [492ed782-6ab3-4ad9-945e-06def6ac7c96:group-5893497E9F9D:LeaderElection11] INFO  server.RaftServerConfigKeys (ConfUtils.java:logGet(43)) - raft.server.write.element-limit = 4096 (default)
2019-09-20 09:26:57,904 [492ed782-6ab3-4ad9-945e-06def6ac7c96:group-5893497E9F9D:LeaderElection11] INFO  server.RaftServerConfigKeys (ConfUtils.java:logGet(43)) - raft.server.watch.timeout = 10s (default)
2019-09-20 09:26:57,904 [492ed782-6ab3-4ad9-945e-06def6ac7c96:group-5893497E9F9D:LeaderElection11] INFO  server.RaftServerConfigKeys (ConfUtils.java:logGet(43)) - raft.server.watch.timeout.denomination = 1s (default)
2019-09-20 09:26:57,904 [492ed782-6ab3-4ad9-945e-06def6ac7c96:group-5893497E9F9D:LeaderElection11] INFO  server.RaftServerConfigKeys (ConfUtils.java:logGet(43)) - raft.server.watch.element-limit = 65536 (default)
2019-09-20 09:26:57,904 [492ed782-6ab3-4ad9-945e-06def6ac7c96:group-5893497E9F9D:LeaderElection11] INFO  impl.RoleInfo (RoleInfo.java:updateAndGet(143)) - 492ed782-6ab3-4ad9-945e-06def6ac7c96: start LeaderState
2019-09-20 09:26:57,905 [492ed782-6ab3-4ad9-945e-06def6ac7c96:group-5893497E9F9D:LeaderElection11] INFO  segmented.SegmentedRaftLogWorker (SegmentedRaftLogWorker.java:startLogSegment(380)) - 492ed782-6ab3-4ad9-945e-06def6ac7c96-SegmentedRaftLogWorker:Storage Directory /workdir/hadoop-ozone/integration-test/target/test-dir/MiniOzoneClusterImpl-a33d77e5-464b-4d19-8e6b-a171e580bf0e/datanode-2/data/ratis/675ef9f9-2a38-41f1-a689-5893497e9f9d: Starting segment from index:0
2019-09-20 09:26:57,905 [492ed782-6ab3-4ad9-945e-06def6ac7c96:group-5893497E9F9D:LeaderElection11] INFO  impl.RaftServerImpl (ServerState.java:setRaftConf(361)) - 492ed782-6ab3-4ad9-945e-06def6ac7c96:group-5893497E9F9D set configuration 0: [492ed782-6ab3-4ad9-945e-06def6ac7c96:192.168.36.99:32835], old=null at 0
2019-09-20 09:26:57,945 [Thread-257] INFO  impl.FollowerState (FollowerState.java:run(106)) - 02b93e76-e4c6-4b67-b8a4-c536d9ab7224:group-FB8A69D9137A changes to CANDIDATE, lastRpcTime:5137, electionTimeout:5137ms
2019-09-20 09:26:57,945 [Thread-257] INFO  impl.RoleInfo (RoleInfo.java:shutdownFollowerState(121)) - 02b93e76-e4c6-4b67-b8a4-c536d9ab7224: shutdown FollowerState
2019-09-20 09:26:57,946 [Thread-257] INFO  impl.RaftServerImpl (RaftServerImpl.java:setRole(171)) - 02b93e76-e4c6-4b67-b8a4-c536d9ab7224:group-FB8A69D9137A changes role from FOLLOWER to CANDIDATE at term 0 for changeToCandidate
2019-09-20 09:26:57,946 [Thread-257] INFO  impl.RoleInfo (RoleInfo.java:updateAndGet(143)) - 02b93e76-e4c6-4b67-b8a4-c536d9ab7224: start LeaderElection
2019-09-20 09:26:57,952 [grpc-default-executor-1] INFO  impl.RaftServerProxy (RaftServerProxy.java:addNew(89)) - 492ed782-6ab3-4ad9-945e-06def6ac7c96: addNew group-078B27D18453:[492ed782-6ab3-4ad9-945e-06def6ac7c96:192.168.36.99:32835] returns group-078B27D18453:java.util.concurrent.CompletableFuture@615ba3df[Not completed]
2019-09-20 09:26:57,954 [pool-49-thread-1] INFO  impl.RaftServerImpl (RaftServerImpl.java:<init>(93)) - 492ed782-6ab3-4ad9-945e-06def6ac7c96: new RaftServerImpl for group-078B27D18453:[492ed782-6ab3-4ad9-945e-06def6ac7c96:192.168.36.99:32835] with ContainerStateMachine:uninitialized
2019-09-20 09:26:57,955 [pool-49-thread-1] INFO  server.RaftServerConfigKeys (ConfUtils.java:logGet(43)) - raft.server.rpc.timeout.min = 5s (custom)
2019-09-20 09:26:57,955 [pool-49-thread-1] INFO  server.RaftServerConfigKeys (ConfUtils.java:logGet(43)) - raft.server.rpc.timeout.max = 5200ms (custom)
2019-09-20 09:26:57,955 [pool-49-thread-1] INFO  server.RaftServerConfigKeys (ConfUtils.java:logGet(43)) - raft.server.rpcslowness.timeout = 10s (custom)
2019-09-20 09:26:57,955 [pool-49-thread-1] INFO  server.RaftServerConfigKeys (ConfUtils.java:logGet(43)) - raft.server.sleep.deviation.threshold = 300 (default)
2019-09-20 09:26:57,955 [pool-49-thread-1] INFO  server.RaftServerConfigKeys (ConfUtils.java:logGet(43)) - raft.server.log.appender.install.snapshot.enabled = false (custom)
2019-09-20 09:26:57,955 [pool-49-thread-1] INFO  impl.RaftServerImpl (ServerState.java:<init>(105)) - 492ed782-6ab3-4ad9-945e-06def6ac7c96:group-078B27D18453 ConfigurationManager, init=-1: [492ed782-6ab3-4ad9-945e-06def6ac7c96:192.168.36.99:32835], old=null, confs=<EMPTY_MAP>
2019-09-20 09:26:57,956 [pool-49-thread-1] INFO  server.RaftServerConfigKeys (ConfUtils.java:logGet(43)) - raft.server.storage.dir = [/workdir/hadoop-ozone/integration-test/target/test-dir/MiniOzoneClusterImpl-a33d77e5-464b-4d19-8e6b-a171e580bf0e/datanode-2/data/ratis] (custom)
2019-09-20 09:26:57,956 [pool-49-thread-1] INFO  storage.RaftStorageDirectory (RaftStorageDirectory.java:analyzeStorage(246)) - The storage directory /workdir/hadoop-ozone/integration-test/target/test-dir/MiniOzoneClusterImpl-a33d77e5-464b-4d19-8e6b-a171e580bf0e/datanode-2/data/ratis/14060330-3d55-468a-8af2-078b27d18453 does not exist. Creating ...
2019-09-20 09:26:57,961 [492ed782-6ab3-4ad9-945e-06def6ac7c96-SegmentedRaftLogWorker:Storage Directory /workdir/hadoop-ozone/integration-test/target/test-dir/MiniOzoneClusterImpl-a33d77e5-464b-4d19-8e6b-a171e580bf0e/datanode-2/data/ratis/675ef9f9-2a38-41f1-a689-5893497e9f9d] INFO  segmented.SegmentedRaftLogWorker (SegmentedRaftLogWorker.java:execute(569)) - 492ed782-6ab3-4ad9-945e-06def6ac7c96-SegmentedRaftLogWorker:Storage Directory /workdir/hadoop-ozone/integration-test/target/test-dir/MiniOzoneClusterImpl-a33d77e5-464b-4d19-8e6b-a171e580bf0e/datanode-2/data/ratis/675ef9f9-2a38-41f1-a689-5893497e9f9d: created new log segment /workdir/hadoop-ozone/integration-test/target/test-dir/MiniOzoneClusterImpl-a33d77e5-464b-4d19-8e6b-a171e580bf0e/datanode-2/data/ratis/675ef9f9-2a38-41f1-a689-5893497e9f9d/current/log_inprogress_0
2019-09-20 09:26:57,978 [pool-49-thread-1] INFO  storage.RaftStorageDirectory (RaftStorageDirectory.java:tryLock(328)) - Lock on /workdir/hadoop-ozone/integration-test/target/test-dir/MiniOzoneClusterImpl-a33d77e5-464b-4d19-8e6b-a171e580bf0e/datanode-2/data/ratis/14060330-3d55-468a-8af2-078b27d18453/in_use.lock acquired by nodename 7145@pr-hdds-1569-p5fx8-1226042367
2019-09-20 09:26:57,979 [02b93e76-e4c6-4b67-b8a4-c536d9ab7224:group-FB8A69D9137A:LeaderElection12] INFO  impl.LeaderElection (LeaderElection.java:askForVotes(181)) - 02b93e76-e4c6-4b67-b8a4-c536d9ab7224:group-FB8A69D9137A:LeaderElection12: begin an election at term 1 for -1: [02b93e76-e4c6-4b67-b8a4-c536d9ab7224:192.168.36.99:39343], old=null
2019-09-20 09:26:57,979 [02b93e76-e4c6-4b67-b8a4-c536d9ab7224:group-FB8A69D9137A:LeaderElection12] INFO  impl.RoleInfo (RoleInfo.java:shutdownLeaderElection(134)) - 02b93e76-e4c6-4b67-b8a4-c536d9ab7224: shutdown LeaderElection
2019-09-20 09:26:57,979 [02b93e76-e4c6-4b67-b8a4-c536d9ab7224:group-FB8A69D9137A:LeaderElection12] INFO  impl.RaftServerImpl (RaftServerImpl.java:setRole(171)) - 02b93e76-e4c6-4b67-b8a4-c536d9ab7224:group-FB8A69D9137A changes role from CANDIDATE to LEADER at term 1 for changeToLeader
2019-09-20 09:26:57,979 [02b93e76-e4c6-4b67-b8a4-c536d9ab7224:group-FB8A69D9137A:LeaderElection12] INFO  impl.RaftServerImpl (ServerState.java:setLeader(263)) - 02b93e76-e4c6-4b67-b8a4-c536d9ab7224:group-FB8A69D9137A change Leader from null to 02b93e76-e4c6-4b67-b8a4-c536d9ab7224 at term 1 for becomeLeader, leader elected after 5176ms
2019-09-20 09:26:57,980 [02b93e76-e4c6-4b67-b8a4-c536d9ab7224:group-FB8A69D9137A:LeaderElection12] INFO  server.RaftServerConfigKeys (ConfUtils.java:logGet(43)) - raft.server.staging.catchup.gap = 1000 (default)
2019-09-20 09:26:57,980 [02b93e76-e4c6-4b67-b8a4-c536d9ab7224:group-FB8A69D9137A:LeaderElection12] INFO  server.RaftServerConfigKeys (ConfUtils.java:logGet(43)) - raft.server.rpc.sleep.time = 25ms (default)
2019-09-20 09:26:57,980 [02b93e76-e4c6-4b67-b8a4-c536d9ab7224:group-FB8A69D9137A:LeaderElection12] INFO  server.RaftServerConfigKeys (ConfUtils.java:logGet(43)) - raft.server.write.element-limit = 4096 (default)
2019-09-20 09:26:57,980 [02b93e76-e4c6-4b67-b8a4-c536d9ab7224:group-FB8A69D9137A:LeaderElection12] INFO  server.RaftServerConfigKeys (ConfUtils.java:logGet(43)) - raft.server.watch.timeout = 10s (default)
2019-09-20 09:26:57,980 [02b93e76-e4c6-4b67-b8a4-c536d9ab7224:group-FB8A69D9137A:LeaderElection12] INFO  server.RaftServerConfigKeys (ConfUtils.java:logGet(43)) - raft.server.watch.timeout.denomination = 1s (default)
2019-09-20 09:26:57,981 [02b93e76-e4c6-4b67-b8a4-c536d9ab7224:group-FB8A69D9137A:LeaderElection12] INFO  server.RaftServerConfigKeys (ConfUtils.java:logGet(43)) - raft.server.watch.element-limit = 65536 (default)
2019-09-20 09:26:57,981 [02b93e76-e4c6-4b67-b8a4-c536d9ab7224:group-FB8A69D9137A:LeaderElection12] INFO  impl.RoleInfo (RoleInfo.java:updateAndGet(143)) - 02b93e76-e4c6-4b67-b8a4-c536d9ab7224: start LeaderState
2019-09-20 09:26:57,981 [02b93e76-e4c6-4b67-b8a4-c536d9ab7224:group-FB8A69D9137A:LeaderElection12] INFO  segmented.SegmentedRaftLogWorker (SegmentedRaftLogWorker.java:startLogSegment(380)) - 02b93e76-e4c6-4b67-b8a4-c536d9ab7224-SegmentedRaftLogWorker:Storage Directory /workdir/hadoop-ozone/integration-test/target/test-dir/MiniOzoneClusterImpl-a33d77e5-464b-4d19-8e6b-a171e580bf0e/datanode-0/data/ratis/af003c17-77a7-4ac0-8079-fb8a69d9137a: Starting segment from index:0
2019-09-20 09:26:57,982 [02b93e76-e4c6-4b67-b8a4-c536d9ab7224:group-FB8A69D9137A:LeaderElection12] INFO  impl.RaftServerImpl (ServerState.java:setRaftConf(361)) - 02b93e76-e4c6-4b67-b8a4-c536d9ab7224:group-FB8A69D9137A set configuration 0: [02b93e76-e4c6-4b67-b8a4-c536d9ab7224:192.168.36.99:39343], old=null at 0
2019-09-20 09:26:58,019 [Thread-260] INFO  impl.FollowerState (FollowerState.java:run(106)) - 4840c00f-91d3-4881-a20b-4d0486ca97c0:group-032A4519C63A changes to CANDIDATE, lastRpcTime:5102, electionTimeout:5101ms
2019-09-20 09:26:58,019 [pool-49-thread-1] INFO  storage.RaftStorage (RaftStorage.java:format(72)) - Storage directory /workdir/hadoop-ozone/integration-test/target/test-dir/MiniOzoneClusterImpl-a33d77e5-464b-4d19-8e6b-a171e580bf0e/datanode-2/data/ratis/14060330-3d55-468a-8af2-078b27d18453 has been successfully formatted.
2019-09-20 09:26:58,020 [Thread-260] INFO  impl.RoleInfo (RoleInfo.java:shutdownFollowerState(121)) - 4840c00f-91d3-4881-a20b-4d0486ca97c0: shutdown FollowerState
2019-09-20 09:26:58,020 [Thread-260] INFO  impl.RaftServerImpl (RaftServerImpl.java:setRole(171)) - 4840c00f-91d3-4881-a20b-4d0486ca97c0:group-032A4519C63A changes role from FOLLOWER to CANDIDATE at term 0 for changeToCandidate
2019-09-20 09:26:58,020 [pool-49-thread-1] INFO  ratis.ContainerStateMachine (ContainerStateMachine.java:loadSnapshot(226)) - group-078B27D18453: The snapshot info is null. Setting the last applied indexto:(t:0, i:~)
2019-09-20 09:26:58,020 [Thread-260] INFO  impl.RoleInfo (RoleInfo.java:updateAndGet(143)) - 4840c00f-91d3-4881-a20b-4d0486ca97c0: start LeaderElection
2019-09-20 09:26:58,020 [pool-49-thread-1] INFO  server.RaftServerConfigKeys (ConfUtils.java:logGet(43)) - raft.server.leader.election.timeout = 10s (custom)
2019-09-20 09:26:58,020 [pool-49-thread-1] INFO  server.RaftServerConfigKeys (ConfUtils.java:logGet(43)) - raft.server.log.use.memory = false (default)
2019-09-20 09:26:58,025 [pool-49-thread-1] INFO  server.RaftServerConfigKeys (ConfUtils.java:logGet(43)) - raft.server.log.purge.gap = 1000000 (custom)
2019-09-20 09:26:58,026 [pool-49-thread-1] INFO  server.RaftServerConfigKeys (ConfUtils.java:logGet(43)) - raft.server.log.appender.buffer.byte-limit = 33554432 (custom)
2019-09-20 09:26:58,026 [pool-49-thread-1] INFO  server.RaftServerConfigKeys (ConfUtils.java:logGet(43)) - raft.server.log.segment.size.max = 1048576 (custom)
2019-09-20 09:26:58,026 [pool-49-thread-1] INFO  server.RaftServerConfigKeys (ConfUtils.java:logGet(43)) - raft.server.log.segment.cache.num.max = 2 (custom)
2019-09-20 09:26:58,026 [pool-49-thread-1] INFO  segmented.SegmentedRaftLogWorker (SegmentedRaftLogWorker.java:<init>(172)) - new 492ed782-6ab3-4ad9-945e-06def6ac7c96-SegmentedRaftLogWorker:Storage Directory /workdir/hadoop-ozone/integration-test/target/test-dir/MiniOzoneClusterImpl-a33d77e5-464b-4d19-8e6b-a171e580bf0e/datanode-2/data/ratis/14060330-3d55-468a-8af2-078b27d18453 for RaftStorage:Storage Directory /workdir/hadoop-ozone/integration-test/target/test-dir/MiniOzoneClusterImpl-a33d77e5-464b-4d19-8e6b-a171e580bf0e/datanode-2/data/ratis/14060330-3d55-468a-8af2-078b27d18453
2019-09-20 09:26:58,026 [pool-49-thread-1] INFO  server.RaftServerConfigKeys (ConfUtils.java:logGet(43)) - raft.server.log.queue.byte-limit = 2147483647 (custom)
2019-09-20 09:26:58,026 [pool-49-thread-1] INFO  server.RaftServerConfigKeys (ConfUtils.java:logGet(43)) - raft.server.log.queue.element-limit = 1024 (custom)
2019-09-20 09:26:58,026 [pool-49-thread-1] INFO  server.RaftServerConfigKeys (ConfUtils.java:logGet(43)) - raft.server.log.segment.size.max = 1048576 (custom)
2019-09-20 09:26:58,027 [pool-49-thread-1] INFO  server.RaftServerConfigKeys (ConfUtils.java:logGet(43)) - raft.server.log.preallocated.size = 16384 (custom)
2019-09-20 09:26:58,027 [pool-49-thread-1] INFO  server.RaftServerConfigKeys (ConfUtils.java:logGet(43)) - raft.server.log.write.buffer.size = 33554432 (custom)
2019-09-20 09:26:58,027 [pool-49-thread-1] INFO  server.RaftServerConfigKeys (ConfUtils.java:logGet(43)) - raft.server.log.force.sync.num = 128 (default)
2019-09-20 09:26:58,027 [pool-49-thread-1] INFO  server.RaftServerConfigKeys (ConfUtils.java:logGet(43)) - raft.server.log.statemachine.data.sync = true (default)
2019-09-20 09:26:58,027 [pool-49-thread-1] INFO  server.RaftServerConfigKeys (ConfUtils.java:logGet(43)) - raft.server.log.statemachine.data.sync.timeout = 10s (default)
2019-09-20 09:26:58,027 [pool-49-thread-1] INFO  server.RaftServerConfigKeys (ConfUtils.java:logGet(43)) - raft.server.log.statemachine.data.sync.timeout.retry = -1 (default)
2019-09-20 09:26:58,027 [pool-49-thread-1] INFO  server.RaftServerConfigKeys (ConfUtils.java:logGet(43)) - raft.server.log.statemachine.data.caching.enabled = true (custom)
2019-09-20 09:26:58,028 [pool-49-thread-1] INFO  segmented.SegmentedRaftLogWorker (SegmentedRaftLogWorker.java:lambda$new$0(132)) - 492ed782-6ab3-4ad9-945e-06def6ac7c96-SegmentedRaftLogWorker:Storage Directory /workdir/hadoop-ozone/integration-test/target/test-dir/MiniOzoneClusterImpl-a33d77e5-464b-4d19-8e6b-a171e580bf0e/datanode-2/data/ratis/14060330-3d55-468a-8af2-078b27d18453: flushIndex: setUnconditionally 0 -> -1
2019-09-20 09:26:58,028 [pool-49-thread-1] INFO  server.RaftServerConfigKeys (ConfUtils.java:logGet(43)) - raft.server.snapshot.auto.trigger.enabled = true (custom)
2019-09-20 09:26:58,028 [pool-49-thread-1] INFO  server.RaftServerConfigKeys (ConfUtils.java:logGet(43)) - raft.server.snapshot.auto.trigger.threshold = 10000 (custom)
2019-09-20 09:26:58,028 [pool-49-thread-1] INFO  server.RaftServerConfigKeys (ConfUtils.java:logGet(43)) - raft.server.retrycache.expirytime = 600000ms (custom)
2019-09-20 09:26:58,028 [pool-49-thread-1] INFO  impl.RaftServerImpl (RaftServerImpl.java:start(180)) - 492ed782-6ab3-4ad9-945e-06def6ac7c96: start group-078B27D18453
2019-09-20 09:26:58,029 [pool-49-thread-1] INFO  impl.RaftServerImpl (RaftServerImpl.java:setRole(171)) - 492ed782-6ab3-4ad9-945e-06def6ac7c96:group-078B27D18453 changes role from null to FOLLOWER at term 0 for startAsFollower
2019-09-20 09:26:58,029 [pool-49-thread-1] INFO  impl.RoleInfo (RoleInfo.java:updateAndGet(143)) - 492ed782-6ab3-4ad9-945e-06def6ac7c96: start FollowerState
2019-09-20 09:26:58,029 [pool-49-thread-1] INFO  util.JmxRegister (JmxRegister.java:tryRegister(44)) - Successfully registered JMX Bean with object name Ratis:service=RaftServer,group=group-078B27D18453,id=492ed782-6ab3-4ad9-945e-06def6ac7c96
2019-09-20 09:26:58,033 [RatisPipelineUtilsThread] INFO  pipeline.PipelineStateManager (PipelineStateManager.java:addPipeline(56)) - Created pipeline Pipeline[ Id: 14060330-3d55-468a-8af2-078b27d18453, Nodes: 492ed782-6ab3-4ad9-945e-06def6ac7c96{ip: 192.168.36.99, host: pr-hdds-1569-p5fx8-1226042367, networkLocation: /default-rack, certSerialId: null}, Type:RATIS, Factor:ONE, State:OPEN]
2019-09-20 09:26:58,039 [02b93e76-e4c6-4b67-b8a4-c536d9ab7224-SegmentedRaftLogWorker:Storage Directory /workdir/hadoop-ozone/integration-test/target/test-dir/MiniOzoneClusterImpl-a33d77e5-464b-4d19-8e6b-a171e580bf0e/datanode-0/data/ratis/af003c17-77a7-4ac0-8079-fb8a69d9137a] INFO  segmented.SegmentedRaftLogWorker (SegmentedRaftLogWorker.java:execute(569)) - 02b93e76-e4c6-4b67-b8a4-c536d9ab7224-SegmentedRaftLogWorker:Storage Directory /workdir/hadoop-ozone/integration-test/target/test-dir/MiniOzoneClusterImpl-a33d77e5-464b-4d19-8e6b-a171e580bf0e/datanode-0/data/ratis/af003c17-77a7-4ac0-8079-fb8a69d9137a: created new log segment /workdir/hadoop-ozone/integration-test/target/test-dir/MiniOzoneClusterImpl-a33d77e5-464b-4d19-8e6b-a171e580bf0e/datanode-0/data/ratis/af003c17-77a7-4ac0-8079-fb8a69d9137a/current/log_inprogress_0
2019-09-20 09:26:58,039 [4840c00f-91d3-4881-a20b-4d0486ca97c0:group-032A4519C63A:LeaderElection13] INFO  impl.LeaderElection (LeaderElection.java:askForVotes(181)) - 4840c00f-91d3-4881-a20b-4d0486ca97c0:group-032A4519C63A:LeaderElection13: begin an election at term 1 for -1: [4840c00f-91d3-4881-a20b-4d0486ca97c0:192.168.36.99:41473], old=null
2019-09-20 09:26:58,039 [grpc-default-executor-1] INFO  impl.RaftServerProxy (RaftServerProxy.java:addNew(89)) - fd3cd5f9-4f1c-43ea-91b1-b85a1f6c3825: addNew group-15F7F40B3111:[fd3cd5f9-4f1c-43ea-91b1-b85a1f6c3825:192.168.36.99:39114] returns group-15F7F40B3111:java.util.concurrent.CompletableFuture@2eec3b66[Not completed]
2019-09-20 09:26:58,039 [4840c00f-91d3-4881-a20b-4d0486ca97c0:group-032A4519C63A:LeaderElection13] INFO  impl.RoleInfo (RoleInfo.java:shutdownLeaderElection(134)) - 4840c00f-91d3-4881-a20b-4d0486ca97c0: shutdown LeaderElection
2019-09-20 09:26:58,039 [4840c00f-91d3-4881-a20b-4d0486ca97c0:group-032A4519C63A:LeaderElection13] INFO  impl.RaftServerImpl (RaftServerImpl.java:setRole(171)) - 4840c00f-91d3-4881-a20b-4d0486ca97c0:group-032A4519C63A changes role from CANDIDATE to LEADER at term 1 for changeToLeader
2019-09-20 09:26:58,039 [4840c00f-91d3-4881-a20b-4d0486ca97c0:group-032A4519C63A:LeaderElection13] INFO  impl.RaftServerImpl (ServerState.java:setLeader(263)) - 4840c00f-91d3-4881-a20b-4d0486ca97c0:group-032A4519C63A change Leader from null to 4840c00f-91d3-4881-a20b-4d0486ca97c0 at term 1 for becomeLeader, leader elected after 5127ms
2019-09-20 09:26:58,040 [4840c00f-91d3-4881-a20b-4d0486ca97c0:group-032A4519C63A:LeaderElection13] INFO  server.RaftServerConfigKeys (ConfUtils.java:logGet(43)) - raft.server.staging.catchup.gap = 1000 (default)
2019-09-20 09:26:58,040 [4840c00f-91d3-4881-a20b-4d0486ca97c0:group-032A4519C63A:LeaderElection13] INFO  server.RaftServerConfigKeys (ConfUtils.java:logGet(43)) - raft.server.rpc.sleep.time = 25ms (default)
2019-09-20 09:26:58,040 [4840c00f-91d3-4881-a20b-4d0486ca97c0:group-032A4519C63A:LeaderElection13] INFO  server.RaftServerConfigKeys (ConfUtils.java:logGet(43)) - raft.server.write.element-limit = 4096 (default)
2019-09-20 09:26:58,040 [pool-38-thread-1] INFO  impl.RaftServerImpl (RaftServerImpl.java:<init>(93)) - fd3cd5f9-4f1c-43ea-91b1-b85a1f6c3825: new RaftServerImpl for group-15F7F40B3111:[fd3cd5f9-4f1c-43ea-91b1-b85a1f6c3825:192.168.36.99:39114] with ContainerStateMachine:uninitialized
2019-09-20 09:26:58,040 [4840c00f-91d3-4881-a20b-4d0486ca97c0:group-032A4519C63A:LeaderElection13] INFO  server.RaftServerConfigKeys (ConfUtils.java:logGet(43)) - raft.server.watch.timeout = 10s (default)
2019-09-20 09:26:58,040 [pool-38-thread-1] INFO  server.RaftServerConfigKeys (ConfUtils.java:logGet(43)) - raft.server.rpc.timeout.min = 5s (custom)
2019-09-20 09:26:58,040 [4840c00f-91d3-4881-a20b-4d0486ca97c0:group-032A4519C63A:LeaderElection13] INFO  server.RaftServerConfigKeys (ConfUtils.java:logGet(43)) - raft.server.watch.timeout.denomination = 1s (default)
2019-09-20 09:26:58,041 [pool-38-thread-1] INFO  server.RaftServerConfigKeys (ConfUtils.java:logGet(43)) - raft.server.rpc.timeout.max = 5200ms (custom)
2019-09-20 09:26:58,041 [4840c00f-91d3-4881-a20b-4d0486ca97c0:group-032A4519C63A:LeaderElection13] INFO  server.RaftServerConfigKeys (ConfUtils.java:logGet(43)) - raft.server.watch.element-limit = 65536 (default)
2019-09-20 09:26:58,041 [pool-38-thread-1] INFO  server.RaftServerConfigKeys (ConfUtils.java:logGet(43)) - raft.server.rpcslowness.timeout = 10s (custom)
2019-09-20 09:26:58,041 [pool-38-thread-1] INFO  server.RaftServerConfigKeys (ConfUtils.java:logGet(43)) - raft.server.sleep.deviation.threshold = 300 (default)
2019-09-20 09:26:58,041 [4840c00f-91d3-4881-a20b-4d0486ca97c0:group-032A4519C63A:LeaderElection13] INFO  impl.RoleInfo (RoleInfo.java:updateAndGet(143)) - 4840c00f-91d3-4881-a20b-4d0486ca97c0: start LeaderState
2019-09-20 09:26:58,041 [pool-38-thread-1] INFO  server.RaftServerConfigKeys (ConfUtils.java:logGet(43)) - raft.server.log.appender.install.snapshot.enabled = false (custom)
2019-09-20 09:26:58,042 [4840c00f-91d3-4881-a20b-4d0486ca97c0:group-032A4519C63A:LeaderElection13] INFO  segmented.SegmentedRaftLogWorker (SegmentedRaftLogWorker.java:startLogSegment(380)) - 4840c00f-91d3-4881-a20b-4d0486ca97c0-SegmentedRaftLogWorker:Storage Directory /workdir/hadoop-ozone/integration-test/target/test-dir/MiniOzoneClusterImpl-a33d77e5-464b-4d19-8e6b-a171e580bf0e/datanode-3/data/ratis/d2156dfc-6e88-4ca6-a138-032a4519c63a: Starting segment from index:0
2019-09-20 09:26:58,042 [pool-38-thread-1] INFO  impl.RaftServerImpl (ServerState.java:<init>(105)) - fd3cd5f9-4f1c-43ea-91b1-b85a1f6c3825:group-15F7F40B3111 ConfigurationManager, init=-1: [fd3cd5f9-4f1c-43ea-91b1-b85a1f6c3825:192.168.36.99:39114], old=null, confs=<EMPTY_MAP>
2019-09-20 09:26:58,042 [pool-38-thread-1] INFO  server.RaftServerConfigKeys (ConfUtils.java:logGet(43)) - raft.server.storage.dir = [/workdir/hadoop-ozone/integration-test/target/test-dir/MiniOzoneClusterImpl-a33d77e5-464b-4d19-8e6b-a171e580bf0e/datanode-1/data/ratis] (custom)
2019-09-20 09:26:58,042 [4840c00f-91d3-4881-a20b-4d0486ca97c0:group-032A4519C63A:LeaderElection13] INFO  impl.RaftServerImpl (ServerState.java:setRaftConf(361)) - 4840c00f-91d3-4881-a20b-4d0486ca97c0:group-032A4519C63A set configuration 0: [4840c00f-91d3-4881-a20b-4d0486ca97c0:192.168.36.99:41473], old=null at 0
2019-09-20 09:26:58,079 [pool-38-thread-1] INFO  storage.RaftStorageDirectory (RaftStorageDirectory.java:analyzeStorage(246)) - The storage directory /workdir/hadoop-ozone/integration-test/target/test-dir/MiniOzoneClusterImpl-a33d77e5-464b-4d19-8e6b-a171e580bf0e/datanode-1/data/ratis/5527d7bd-7b27-49c1-81a3-15f7f40b3111 does not exist. Creating ...
2019-09-20 09:26:58,097 [pool-38-thread-1] INFO  storage.RaftStorageDirectory (RaftStorageDirectory.java:tryLock(328)) - Lock on /workdir/hadoop-ozone/integration-test/target/test-dir/MiniOzoneClusterImpl-a33d77e5-464b-4d19-8e6b-a171e580bf0e/datanode-1/data/ratis/5527d7bd-7b27-49c1-81a3-15f7f40b3111/in_use.lock acquired by nodename 7145@pr-hdds-1569-p5fx8-1226042367
2019-09-20 09:26:58,098 [4840c00f-91d3-4881-a20b-4d0486ca97c0-SegmentedRaftLogWorker:Storage Directory /workdir/hadoop-ozone/integration-test/target/test-dir/MiniOzoneClusterImpl-a33d77e5-464b-4d19-8e6b-a171e580bf0e/datanode-3/data/ratis/d2156dfc-6e88-4ca6-a138-032a4519c63a] INFO  segmented.SegmentedRaftLogWorker (SegmentedRaftLogWorker.java:execute(569)) - 4840c00f-91d3-4881-a20b-4d0486ca97c0-SegmentedRaftLogWorker:Storage Directory /workdir/hadoop-ozone/integration-test/target/test-dir/MiniOzoneClusterImpl-a33d77e5-464b-4d19-8e6b-a171e580bf0e/datanode-3/data/ratis/d2156dfc-6e88-4ca6-a138-032a4519c63a: created new log segment /workdir/hadoop-ozone/integration-test/target/test-dir/MiniOzoneClusterImpl-a33d77e5-464b-4d19-8e6b-a171e580bf0e/datanode-3/data/ratis/d2156dfc-6e88-4ca6-a138-032a4519c63a/current/log_inprogress_0
2019-09-20 09:26:58,110 [Thread-266] INFO  impl.FollowerState (FollowerState.java:run(106)) - 492ed782-6ab3-4ad9-945e-06def6ac7c96:group-8563FE8B0A5D changes to CANDIDATE, lastRpcTime:5015, electionTimeout:5015ms
2019-09-20 09:26:58,110 [Thread-266] INFO  impl.RoleInfo (RoleInfo.java:shutdownFollowerState(121)) - 492ed782-6ab3-4ad9-945e-06def6ac7c96: shutdown FollowerState
2019-09-20 09:26:58,110 [Thread-266] INFO  impl.RaftServerImpl (RaftServerImpl.java:setRole(171)) - 492ed782-6ab3-4ad9-945e-06def6ac7c96:group-8563FE8B0A5D changes role from FOLLOWER to CANDIDATE at term 0 for changeToCandidate
2019-09-20 09:26:58,110 [Thread-266] INFO  impl.RoleInfo (RoleInfo.java:updateAndGet(143)) - 492ed782-6ab3-4ad9-945e-06def6ac7c96: start LeaderElection
2019-09-20 09:26:58,123 [pool-38-thread-1] INFO  storage.RaftStorage (RaftStorage.java:format(72)) - Storage directory /workdir/hadoop-ozone/integration-test/target/test-dir/MiniOzoneClusterImpl-a33d77e5-464b-4d19-8e6b-a171e580bf0e/datanode-1/data/ratis/5527d7bd-7b27-49c1-81a3-15f7f40b3111 has been successfully formatted.
2019-09-20 09:26:58,123 [pool-38-thread-1] INFO  ratis.ContainerStateMachine (ContainerStateMachine.java:loadSnapshot(226)) - group-15F7F40B3111: The snapshot info is null. Setting the last applied indexto:(t:0, i:~)
2019-09-20 09:26:58,123 [pool-38-thread-1] INFO  server.RaftServerConfigKeys (ConfUtils.java:logGet(43)) - raft.server.leader.election.timeout = 10s (custom)
2019-09-20 09:26:58,123 [pool-38-thread-1] INFO  server.RaftServerConfigKeys (ConfUtils.java:logGet(43)) - raft.server.log.use.memory = false (default)
2019-09-20 09:26:58,123 [pool-38-thread-1] INFO  server.RaftServerConfigKeys (ConfUtils.java:logGet(43)) - raft.server.log.purge.gap = 1000000 (custom)
2019-09-20 09:26:58,124 [pool-38-thread-1] INFO  server.RaftServerConfigKeys (ConfUtils.java:logGet(43)) - raft.server.log.appender.buffer.byte-limit = 33554432 (custom)
2019-09-20 09:26:58,124 [pool-38-thread-1] INFO  server.RaftServerConfigKeys (ConfUtils.java:logGet(43)) - raft.server.log.segment.size.max = 1048576 (custom)
2019-09-20 09:26:58,124 [pool-38-thread-1] INFO  server.RaftServerConfigKeys (ConfUtils.java:logGet(43)) - raft.server.log.segment.cache.num.max = 2 (custom)
2019-09-20 09:26:58,124 [pool-38-thread-1] INFO  segmented.SegmentedRaftLogWorker (SegmentedRaftLogWorker.java:<init>(172)) - new fd3cd5f9-4f1c-43ea-91b1-b85a1f6c3825-SegmentedRaftLogWorker:Storage Directory /workdir/hadoop-ozone/integration-test/target/test-dir/MiniOzoneClusterImpl-a33d77e5-464b-4d19-8e6b-a171e580bf0e/datanode-1/data/ratis/5527d7bd-7b27-49c1-81a3-15f7f40b3111 for RaftStorage:Storage Directory /workdir/hadoop-ozone/integration-test/target/test-dir/MiniOzoneClusterImpl-a33d77e5-464b-4d19-8e6b-a171e580bf0e/datanode-1/data/ratis/5527d7bd-7b27-49c1-81a3-15f7f40b3111
2019-09-20 09:26:58,124 [pool-38-thread-1] INFO  server.RaftServerConfigKeys (ConfUtils.java:logGet(43)) - raft.server.log.queue.byte-limit = 2147483647 (custom)
2019-09-20 09:26:58,124 [pool-38-thread-1] INFO  server.RaftServerConfigKeys (ConfUtils.java:logGet(43)) - raft.server.log.queue.element-limit = 1024 (custom)
2019-09-20 09:26:58,124 [pool-38-thread-1] INFO  server.RaftServerConfigKeys (ConfUtils.java:logGet(43)) - raft.server.log.segment.size.max = 1048576 (custom)
2019-09-20 09:26:58,124 [pool-38-thread-1] INFO  server.RaftServerConfigKeys (ConfUtils.java:logGet(43)) - raft.server.log.preallocated.size = 16384 (custom)
2019-09-20 09:26:58,124 [pool-38-thread-1] INFO  server.RaftServerConfigKeys (ConfUtils.java:logGet(43)) - raft.server.log.write.buffer.size = 33554432 (custom)
2019-09-20 09:26:58,124 [pool-38-thread-1] INFO  server.RaftServerConfigKeys (ConfUtils.java:logGet(43)) - raft.server.log.force.sync.num = 128 (default)
2019-09-20 09:26:58,125 [pool-38-thread-1] INFO  server.RaftServerConfigKeys (ConfUtils.java:logGet(43)) - raft.server.log.statemachine.data.sync = true (default)
2019-09-20 09:26:58,125 [pool-38-thread-1] INFO  server.RaftServerConfigKeys (ConfUtils.java:logGet(43)) - raft.server.log.statemachine.data.sync.timeout = 10s (default)
2019-09-20 09:26:58,125 [pool-38-thread-1] INFO  server.RaftServerConfigKeys (ConfUtils.java:logGet(43)) - raft.server.log.statemachine.data.sync.timeout.retry = -1 (default)
2019-09-20 09:26:58,125 [pool-38-thread-1] INFO  server.RaftServerConfigKeys (ConfUtils.java:logGet(43)) - raft.server.log.statemachine.data.caching.enabled = true (custom)
2019-09-20 09:26:58,132 [pool-38-thread-1] INFO  segmented.SegmentedRaftLogWorker (SegmentedRaftLogWorker.java:lambda$new$0(132)) - fd3cd5f9-4f1c-43ea-91b1-b85a1f6c3825-SegmentedRaftLogWorker:Storage Directory /workdir/hadoop-ozone/integration-test/target/test-dir/MiniOzoneClusterImpl-a33d77e5-464b-4d19-8e6b-a171e580bf0e/datanode-1/data/ratis/5527d7bd-7b27-49c1-81a3-15f7f40b3111: flushIndex: setUnconditionally 0 -> -1
2019-09-20 09:26:58,132 [pool-38-thread-1] INFO  server.RaftServerConfigKeys (ConfUtils.java:logGet(43)) - raft.server.snapshot.auto.trigger.enabled = true (custom)
2019-09-20 09:26:58,132 [pool-38-thread-1] INFO  server.RaftServerConfigKeys (ConfUtils.java:logGet(43)) - raft.server.snapshot.auto.trigger.threshold = 10000 (custom)
2019-09-20 09:26:58,132 [pool-38-thread-1] INFO  server.RaftServerConfigKeys (ConfUtils.java:logGet(43)) - raft.server.retrycache.expirytime = 600000ms (custom)
2019-09-20 09:26:58,133 [pool-38-thread-1] INFO  impl.RaftServerImpl (RaftServerImpl.java:start(180)) - fd3cd5f9-4f1c-43ea-91b1-b85a1f6c3825: start group-15F7F40B3111
2019-09-20 09:26:58,133 [pool-38-thread-1] INFO  impl.RaftServerImpl (RaftServerImpl.java:setRole(171)) - fd3cd5f9-4f1c-43ea-91b1-b85a1f6c3825:group-15F7F40B3111 changes role from null to FOLLOWER at term 0 for startAsFollower
2019-09-20 09:26:58,133 [pool-38-thread-1] INFO  impl.RoleInfo (RoleInfo.java:updateAndGet(143)) - fd3cd5f9-4f1c-43ea-91b1-b85a1f6c3825: start FollowerState
2019-09-20 09:26:58,133 [pool-38-thread-1] INFO  util.JmxRegister (JmxRegister.java:tryRegister(44)) - Successfully registered JMX Bean with object name Ratis:service=RaftServer,group=group-15F7F40B3111,id=fd3cd5f9-4f1c-43ea-91b1-b85a1f6c3825
2019-09-20 09:26:58,137 [RatisPipelineUtilsThread] INFO  pipeline.PipelineStateManager (PipelineStateManager.java:addPipeline(56)) - Created pipeline Pipeline[ Id: 5527d7bd-7b27-49c1-81a3-15f7f40b3111, Nodes: fd3cd5f9-4f1c-43ea-91b1-b85a1f6c3825{ip: 192.168.36.99, host: pr-hdds-1569-p5fx8-1226042367, networkLocation: /default-rack, certSerialId: null}, Type:RATIS, Factor:ONE, State:OPEN]
2019-09-20 09:26:58,140 [492ed782-6ab3-4ad9-945e-06def6ac7c96:group-8563FE8B0A5D:LeaderElection14] INFO  impl.LeaderElection (LeaderElection.java:askForVotes(181)) - 492ed782-6ab3-4ad9-945e-06def6ac7c96:group-8563FE8B0A5D:LeaderElection14: begin an election at term 1 for -1: [492ed782-6ab3-4ad9-945e-06def6ac7c96:192.168.36.99:32835], old=null
2019-09-20 09:26:58,140 [492ed782-6ab3-4ad9-945e-06def6ac7c96:group-8563FE8B0A5D:LeaderElection14] INFO  impl.RoleInfo (RoleInfo.java:shutdownLeaderElection(134)) - 492ed782-6ab3-4ad9-945e-06def6ac7c96: shutdown LeaderElection
2019-09-20 09:26:58,140 [492ed782-6ab3-4ad9-945e-06def6ac7c96:group-8563FE8B0A5D:LeaderElection14] INFO  impl.RaftServerImpl (RaftServerImpl.java:setRole(171)) - 492ed782-6ab3-4ad9-945e-06def6ac7c96:group-8563FE8B0A5D changes role from CANDIDATE to LEADER at term 1 for changeToLeader
2019-09-20 09:26:58,140 [492ed782-6ab3-4ad9-945e-06def6ac7c96:group-8563FE8B0A5D:LeaderElection14] INFO  impl.RaftServerImpl (ServerState.java:setLeader(263)) - 492ed782-6ab3-4ad9-945e-06def6ac7c96:group-8563FE8B0A5D change Leader from null to 492ed782-6ab3-4ad9-945e-06def6ac7c96 at term 1 for becomeLeader, leader elected after 5052ms
2019-09-20 09:26:58,141 [492ed782-6ab3-4ad9-945e-06def6ac7c96:group-8563FE8B0A5D:LeaderElection14] INFO  server.RaftServerConfigKeys (ConfUtils.java:logGet(43)) - raft.server.staging.catchup.gap = 1000 (default)
2019-09-20 09:26:58,141 [492ed782-6ab3-4ad9-945e-06def6ac7c96:group-8563FE8B0A5D:LeaderElection14] INFO  server.RaftServerConfigKeys (ConfUtils.java:logGet(43)) - raft.server.rpc.sleep.time = 25ms (default)
2019-09-20 09:26:58,141 [492ed782-6ab3-4ad9-945e-06def6ac7c96:group-8563FE8B0A5D:LeaderElection14] INFO  server.RaftServerConfigKeys (ConfUtils.java:logGet(43)) - raft.server.write.element-limit = 4096 (default)
2019-09-20 09:26:58,141 [492ed782-6ab3-4ad9-945e-06def6ac7c96:group-8563FE8B0A5D:LeaderElection14] INFO  server.RaftServerConfigKeys (ConfUtils.java:logGet(43)) - raft.server.watch.timeout = 10s (default)
2019-09-20 09:26:58,141 [492ed782-6ab3-4ad9-945e-06def6ac7c96:group-8563FE8B0A5D:LeaderElection14] INFO  server.RaftServerConfigKeys (ConfUtils.java:logGet(43)) - raft.server.watch.timeout.denomination = 1s (default)
2019-09-20 09:26:58,141 [492ed782-6ab3-4ad9-945e-06def6ac7c96:group-8563FE8B0A5D:LeaderElection14] INFO  server.RaftServerConfigKeys (ConfUtils.java:logGet(43)) - raft.server.watch.element-limit = 65536 (default)
2019-09-20 09:26:58,142 [492ed782-6ab3-4ad9-945e-06def6ac7c96:group-8563FE8B0A5D:LeaderElection14] INFO  impl.RoleInfo (RoleInfo.java:updateAndGet(143)) - 492ed782-6ab3-4ad9-945e-06def6ac7c96: start LeaderState
2019-09-20 09:26:58,142 [492ed782-6ab3-4ad9-945e-06def6ac7c96:group-8563FE8B0A5D:LeaderElection14] INFO  segmented.SegmentedRaftLogWorker (SegmentedRaftLogWorker.java:startLogSegment(380)) - 492ed782-6ab3-4ad9-945e-06def6ac7c96-SegmentedRaftLogWorker:Storage Directory /workdir/hadoop-ozone/integration-test/target/test-dir/MiniOzoneClusterImpl-a33d77e5-464b-4d19-8e6b-a171e580bf0e/datanode-2/data/ratis/d722e11f-7128-40d6-8b00-8563fe8b0a5d: Starting segment from index:0
2019-09-20 09:26:58,142 [492ed782-6ab3-4ad9-945e-06def6ac7c96:group-8563FE8B0A5D:LeaderElection14] INFO  impl.RaftServerImpl (ServerState.java:setRaftConf(361)) - 492ed782-6ab3-4ad9-945e-06def6ac7c96:group-8563FE8B0A5D set configuration 0: [492ed782-6ab3-4ad9-945e-06def6ac7c96:192.168.36.99:32835], old=null at 0
2019-09-20 09:26:58,169 [Thread-263] INFO  impl.FollowerState (FollowerState.java:run(106)) - 871e6485-c22a-483f-9e07-d19e754685be:group-9A5B578889B0 changes to CANDIDATE, lastRpcTime:5158, electionTimeout:5142ms
2019-09-20 09:26:58,169 [Thread-263] INFO  impl.RoleInfo (RoleInfo.java:shutdownFollowerState(121)) - 871e6485-c22a-483f-9e07-d19e754685be: shutdown FollowerState
2019-09-20 09:26:58,169 [Thread-263] INFO  impl.RaftServerImpl (RaftServerImpl.java:setRole(171)) - 871e6485-c22a-483f-9e07-d19e754685be:group-9A5B578889B0 changes role from FOLLOWER to CANDIDATE at term 0 for changeToCandidate
2019-09-20 09:26:58,170 [Thread-263] INFO  impl.RoleInfo (RoleInfo.java:updateAndGet(143)) - 871e6485-c22a-483f-9e07-d19e754685be: start LeaderElection
2019-09-20 09:26:58,178 [grpc-default-executor-1] INFO  impl.RaftServerProxy (RaftServerProxy.java:addNew(89)) - dc7f40a9-6782-42c4-abab-c6b1682da047: addNew group-5319708DB950:[dc7f40a9-6782-42c4-abab-c6b1682da047:192.168.36.99:40142] returns group-5319708DB950:java.util.concurrent.CompletableFuture@10d21a40[Not completed]
2019-09-20 09:26:58,184 [pool-82-thread-1] INFO  impl.RaftServerImpl (RaftServerImpl.java:<init>(93)) - dc7f40a9-6782-42c4-abab-c6b1682da047: new RaftServerImpl for group-5319708DB950:[dc7f40a9-6782-42c4-abab-c6b1682da047:192.168.36.99:40142] with ContainerStateMachine:uninitialized
2019-09-20 09:26:58,184 [pool-82-thread-1] INFO  server.RaftServerConfigKeys (ConfUtils.java:logGet(43)) - raft.server.rpc.timeout.min = 5s (custom)
2019-09-20 09:26:58,184 [pool-82-thread-1] INFO  server.RaftServerConfigKeys (ConfUtils.java:logGet(43)) - raft.server.rpc.timeout.max = 5200ms (custom)
2019-09-20 09:26:58,184 [pool-82-thread-1] INFO  server.RaftServerConfigKeys (ConfUtils.java:logGet(43)) - raft.server.rpcslowness.timeout = 10s (custom)
2019-09-20 09:26:58,184 [pool-82-thread-1] INFO  server.RaftServerConfigKeys (ConfUtils.java:logGet(43)) - raft.server.sleep.deviation.threshold = 300 (default)
2019-09-20 09:26:58,185 [pool-82-thread-1] INFO  server.RaftServerConfigKeys (ConfUtils.java:logGet(43)) - raft.server.log.appender.install.snapshot.enabled = false (custom)
2019-09-20 09:26:58,185 [pool-82-thread-1] INFO  impl.RaftServerImpl (ServerState.java:<init>(105)) - dc7f40a9-6782-42c4-abab-c6b1682da047:group-5319708DB950 ConfigurationManager, init=-1: [dc7f40a9-6782-42c4-abab-c6b1682da047:192.168.36.99:40142], old=null, confs=<EMPTY_MAP>
2019-09-20 09:26:58,185 [pool-82-thread-1] INFO  server.RaftServerConfigKeys (ConfUtils.java:logGet(43)) - raft.server.storage.dir = [/workdir/hadoop-ozone/integration-test/target/test-dir/MiniOzoneClusterImpl-a33d77e5-464b-4d19-8e6b-a171e580bf0e/datanode-5/data/ratis] (custom)
2019-09-20 09:26:58,185 [pool-82-thread-1] INFO  storage.RaftStorageDirectory (RaftStorageDirectory.java:analyzeStorage(246)) - The storage directory /workdir/hadoop-ozone/integration-test/target/test-dir/MiniOzoneClusterImpl-a33d77e5-464b-4d19-8e6b-a171e580bf0e/datanode-5/data/ratis/1eb9b679-29dd-4c19-bb4f-5319708db950 does not exist. Creating ...
2019-09-20 09:26:58,215 [pool-82-thread-1] INFO  storage.RaftStorageDirectory (RaftStorageDirectory.java:tryLock(328)) - Lock on /workdir/hadoop-ozone/integration-test/target/test-dir/MiniOzoneClusterImpl-a33d77e5-464b-4d19-8e6b-a171e580bf0e/datanode-5/data/ratis/1eb9b679-29dd-4c19-bb4f-5319708db950/in_use.lock acquired by nodename 7145@pr-hdds-1569-p5fx8-1226042367
2019-09-20 09:26:58,216 [871e6485-c22a-483f-9e07-d19e754685be:group-9A5B578889B0:LeaderElection15] INFO  impl.LeaderElection (LeaderElection.java:askForVotes(181)) - 871e6485-c22a-483f-9e07-d19e754685be:group-9A5B578889B0:LeaderElection15: begin an election at term 1 for -1: [871e6485-c22a-483f-9e07-d19e754685be:192.168.36.99:41076], old=null
2019-09-20 09:26:58,216 [492ed782-6ab3-4ad9-945e-06def6ac7c96-SegmentedRaftLogWorker:Storage Directory /workdir/hadoop-ozone/integration-test/target/test-dir/MiniOzoneClusterImpl-a33d77e5-464b-4d19-8e6b-a171e580bf0e/datanode-2/data/ratis/d722e11f-7128-40d6-8b00-8563fe8b0a5d] INFO  segmented.SegmentedRaftLogWorker (SegmentedRaftLogWorker.java:execute(569)) - 492ed782-6ab3-4ad9-945e-06def6ac7c96-SegmentedRaftLogWorker:Storage Directory /workdir/hadoop-ozone/integration-test/target/test-dir/MiniOzoneClusterImpl-a33d77e5-464b-4d19-8e6b-a171e580bf0e/datanode-2/data/ratis/d722e11f-7128-40d6-8b00-8563fe8b0a5d: created new log segment /workdir/hadoop-ozone/integration-test/target/test-dir/MiniOzoneClusterImpl-a33d77e5-464b-4d19-8e6b-a171e580bf0e/datanode-2/data/ratis/d722e11f-7128-40d6-8b00-8563fe8b0a5d/current/log_inprogress_0
2019-09-20 09:26:58,216 [871e6485-c22a-483f-9e07-d19e754685be:group-9A5B578889B0:LeaderElection15] INFO  impl.RoleInfo (RoleInfo.java:shutdownLeaderElection(134)) - 871e6485-c22a-483f-9e07-d19e754685be: shutdown LeaderElection
2019-09-20 09:26:58,216 [Thread-269] INFO  impl.FollowerState (FollowerState.java:run(106)) - fd3cd5f9-4f1c-43ea-91b1-b85a1f6c3825:group-3678EC6D9D15 changes to CANDIDATE, lastRpcTime:5021, electionTimeout:5021ms
2019-09-20 09:26:58,216 [871e6485-c22a-483f-9e07-d19e754685be:group-9A5B578889B0:LeaderElection15] INFO  impl.RaftServerImpl (RaftServerImpl.java:setRole(171)) - 871e6485-c22a-483f-9e07-d19e754685be:group-9A5B578889B0 changes role from CANDIDATE to LEADER at term 1 for changeToLeader
2019-09-20 09:26:58,216 [Thread-269] INFO  impl.RoleInfo (RoleInfo.java:shutdownFollowerState(121)) - fd3cd5f9-4f1c-43ea-91b1-b85a1f6c3825: shutdown FollowerState
2019-09-20 09:26:58,216 [871e6485-c22a-483f-9e07-d19e754685be:group-9A5B578889B0:LeaderElection15] INFO  impl.RaftServerImpl (ServerState.java:setLeader(263)) - 871e6485-c22a-483f-9e07-d19e754685be:group-9A5B578889B0 change Leader from null to 871e6485-c22a-483f-9e07-d19e754685be at term 1 for becomeLeader, leader elected after 5212ms
2019-09-20 09:26:58,217 [Thread-269] INFO  impl.RaftServerImpl (RaftServerImpl.java:setRole(171)) - fd3cd5f9-4f1c-43ea-91b1-b85a1f6c3825:group-3678EC6D9D15 changes role from FOLLOWER to CANDIDATE at term 0 for changeToCandidate
2019-09-20 09:26:58,217 [871e6485-c22a-483f-9e07-d19e754685be:group-9A5B578889B0:LeaderElection15] INFO  server.RaftServerConfigKeys (ConfUtils.java:logGet(43)) - raft.server.staging.catchup.gap = 1000 (default)
2019-09-20 09:26:58,217 [Thread-269] INFO  impl.RoleInfo (RoleInfo.java:updateAndGet(143)) - fd3cd5f9-4f1c-43ea-91b1-b85a1f6c3825: start LeaderElection
2019-09-20 09:26:58,217 [871e6485-c22a-483f-9e07-d19e754685be:group-9A5B578889B0:LeaderElection15] INFO  server.RaftServerConfigKeys (ConfUtils.java:logGet(43)) - raft.server.rpc.sleep.time = 25ms (default)
2019-09-20 09:26:58,222 [871e6485-c22a-483f-9e07-d19e754685be:group-9A5B578889B0:LeaderElection15] INFO  server.RaftServerConfigKeys (ConfUtils.java:logGet(43)) - raft.server.write.element-limit = 4096 (default)
2019-09-20 09:26:58,222 [871e6485-c22a-483f-9e07-d19e754685be:group-9A5B578889B0:LeaderElection15] INFO  server.RaftServerConfigKeys (ConfUtils.java:logGet(43)) - raft.server.watch.timeout = 10s (default)
2019-09-20 09:26:58,223 [871e6485-c22a-483f-9e07-d19e754685be:group-9A5B578889B0:LeaderElection15] INFO  server.RaftServerConfigKeys (ConfUtils.java:logGet(43)) - raft.server.watch.timeout.denomination = 1s (default)
2019-09-20 09:26:58,223 [871e6485-c22a-483f-9e07-d19e754685be:group-9A5B578889B0:LeaderElection15] INFO  server.RaftServerConfigKeys (ConfUtils.java:logGet(43)) - raft.server.watch.element-limit = 65536 (default)
2019-09-20 09:26:58,223 [871e6485-c22a-483f-9e07-d19e754685be:group-9A5B578889B0:LeaderElection15] INFO  impl.RoleInfo (RoleInfo.java:updateAndGet(143)) - 871e6485-c22a-483f-9e07-d19e754685be: start LeaderState
2019-09-20 09:26:58,223 [871e6485-c22a-483f-9e07-d19e754685be:group-9A5B578889B0:LeaderElection15] INFO  segmented.SegmentedRaftLogWorker (SegmentedRaftLogWorker.java:startLogSegment(380)) - 871e6485-c22a-483f-9e07-d19e754685be-SegmentedRaftLogWorker:Storage Directory /workdir/hadoop-ozone/integration-test/target/test-dir/MiniOzoneClusterImpl-a33d77e5-464b-4d19-8e6b-a171e580bf0e/datanode-4/data/ratis/b8883f65-4348-47fe-a6bb-9a5b578889b0: Starting segment from index:0
2019-09-20 09:26:58,224 [871e6485-c22a-483f-9e07-d19e754685be:group-9A5B578889B0:LeaderElection15] INFO  impl.RaftServerImpl (ServerState.java:setRaftConf(361)) - 871e6485-c22a-483f-9e07-d19e754685be:group-9A5B578889B0 set configuration 0: [871e6485-c22a-483f-9e07-d19e754685be:192.168.36.99:41076], old=null at 0
2019-09-20 09:26:58,255 | INFO  | SCMAudit | user=jenkins1000 | ip=192.168.36.99 | op=SEND_HEARTBEAT {datanodeUUID=4840c00f-91d3-4881-a20b-4d0486ca97c0, command=[]} | ret=SUCCESS |  
2019-09-20 09:26:58,255 | INFO  | SCMAudit | user=jenkins1000 | ip=192.168.36.99 | op=SEND_HEARTBEAT {datanodeUUID=871e6485-c22a-483f-9e07-d19e754685be, command=[]} | ret=SUCCESS |  
2019-09-20 09:26:58,266 [pool-82-thread-1] INFO  storage.RaftStorage (RaftStorage.java:format(72)) - Storage directory /workdir/hadoop-ozone/integration-test/target/test-dir/MiniOzoneClusterImpl-a33d77e5-464b-4d19-8e6b-a171e580bf0e/datanode-5/data/ratis/1eb9b679-29dd-4c19-bb4f-5319708db950 has been successfully formatted.
2019-09-20 09:26:58,266 [fd3cd5f9-4f1c-43ea-91b1-b85a1f6c3825:group-3678EC6D9D15:LeaderElection16] INFO  impl.LeaderElection (LeaderElection.java:askForVotes(181)) - fd3cd5f9-4f1c-43ea-91b1-b85a1f6c3825:group-3678EC6D9D15:LeaderElection16: begin an election at term 1 for -1: [fd3cd5f9-4f1c-43ea-91b1-b85a1f6c3825:192.168.36.99:39114], old=null
2019-09-20 09:26:58,267 [fd3cd5f9-4f1c-43ea-91b1-b85a1f6c3825:group-3678EC6D9D15:LeaderElection16] INFO  impl.RoleInfo (RoleInfo.java:shutdownLeaderElection(134)) - fd3cd5f9-4f1c-43ea-91b1-b85a1f6c3825: shutdown LeaderElection
2019-09-20 09:26:58,267 [pool-82-thread-1] INFO  ratis.ContainerStateMachine (ContainerStateMachine.java:loadSnapshot(226)) - group-5319708DB950: The snapshot info is null. Setting the last applied indexto:(t:0, i:~)
2019-09-20 09:26:58,267 [fd3cd5f9-4f1c-43ea-91b1-b85a1f6c3825:group-3678EC6D9D15:LeaderElection16] INFO  impl.RaftServerImpl (RaftServerImpl.java:setRole(171)) - fd3cd5f9-4f1c-43ea-91b1-b85a1f6c3825:group-3678EC6D9D15 changes role from CANDIDATE to LEADER at term 1 for changeToLeader
2019-09-20 09:26:58,267 [pool-82-thread-1] INFO  server.RaftServerConfigKeys (ConfUtils.java:logGet(43)) - raft.server.leader.election.timeout = 10s (custom)
2019-09-20 09:26:58,267 [fd3cd5f9-4f1c-43ea-91b1-b85a1f6c3825:group-3678EC6D9D15:LeaderElection16] INFO  impl.RaftServerImpl (ServerState.java:setLeader(263)) - fd3cd5f9-4f1c-43ea-91b1-b85a1f6c3825:group-3678EC6D9D15 change Leader from null to fd3cd5f9-4f1c-43ea-91b1-b85a1f6c3825 at term 1 for becomeLeader, leader elected after 5078ms
2019-09-20 09:26:58,267 [pool-82-thread-1] INFO  server.RaftServerConfigKeys (ConfUtils.java:logGet(43)) - raft.server.log.use.memory = false (default)
2019-09-20 09:26:58,268 [fd3cd5f9-4f1c-43ea-91b1-b85a1f6c3825:group-3678EC6D9D15:LeaderElection16] INFO  server.RaftServerConfigKeys (ConfUtils.java:logGet(43)) - raft.server.staging.catchup.gap = 1000 (default)
2019-09-20 09:26:58,268 [pool-82-thread-1] INFO  server.RaftServerConfigKeys (ConfUtils.java:logGet(43)) - raft.server.log.purge.gap = 1000000 (custom)
2019-09-20 09:26:58,268 [fd3cd5f9-4f1c-43ea-91b1-b85a1f6c3825:group-3678EC6D9D15:LeaderElection16] INFO  server.RaftServerConfigKeys (ConfUtils.java:logGet(43)) - raft.server.rpc.sleep.time = 25ms (default)
2019-09-20 09:26:58,268 [pool-82-thread-1] INFO  server.RaftServerConfigKeys (ConfUtils.java:logGet(43)) - raft.server.log.appender.buffer.byte-limit = 33554432 (custom)
2019-09-20 09:26:58,268 [fd3cd5f9-4f1c-43ea-91b1-b85a1f6c3825:group-3678EC6D9D15:LeaderElection16] INFO  server.RaftServerConfigKeys (ConfUtils.java:logGet(43)) - raft.server.write.element-limit = 4096 (default)
2019-09-20 09:26:58,268 [pool-82-thread-1] INFO  server.RaftServerConfigKeys (ConfUtils.java:logGet(43)) - raft.server.log.segment.size.max = 1048576 (custom)
2019-09-20 09:26:58,269 [fd3cd5f9-4f1c-43ea-91b1-b85a1f6c3825:group-3678EC6D9D15:LeaderElection16] INFO  server.RaftServerConfigKeys (ConfUtils.java:logGet(43)) - raft.server.watch.timeout = 10s (default)
2019-09-20 09:26:58,269 [pool-82-thread-1] INFO  server.RaftServerConfigKeys (ConfUtils.java:logGet(43)) - raft.server.log.segment.cache.num.max = 2 (custom)
2019-09-20 09:26:58,269 [fd3cd5f9-4f1c-43ea-91b1-b85a1f6c3825:group-3678EC6D9D15:LeaderElection16] INFO  server.RaftServerConfigKeys (ConfUtils.java:logGet(43)) - raft.server.watch.timeout.denomination = 1s (default)
2019-09-20 09:26:58,269 [pool-82-thread-1] INFO  segmented.SegmentedRaftLogWorker (SegmentedRaftLogWorker.java:<init>(172)) - new dc7f40a9-6782-42c4-abab-c6b1682da047-SegmentedRaftLogWorker:Storage Directory /workdir/hadoop-ozone/integration-test/target/test-dir/MiniOzoneClusterImpl-a33d77e5-464b-4d19-8e6b-a171e580bf0e/datanode-5/data/ratis/1eb9b679-29dd-4c19-bb4f-5319708db950 for RaftStorage:Storage Directory /workdir/hadoop-ozone/integration-test/target/test-dir/MiniOzoneClusterImpl-a33d77e5-464b-4d19-8e6b-a171e580bf0e/datanode-5/data/ratis/1eb9b679-29dd-4c19-bb4f-5319708db950
2019-09-20 09:26:58,269 [fd3cd5f9-4f1c-43ea-91b1-b85a1f6c3825:group-3678EC6D9D15:LeaderElection16] INFO  server.RaftServerConfigKeys (ConfUtils.java:logGet(43)) - raft.server.watch.element-limit = 65536 (default)
2019-09-20 09:26:58,269 [pool-82-thread-1] INFO  server.RaftServerConfigKeys (ConfUtils.java:logGet(43)) - raft.server.log.queue.byte-limit = 2147483647 (custom)
2019-09-20 09:26:58,270 [fd3cd5f9-4f1c-43ea-91b1-b85a1f6c3825:group-3678EC6D9D15:LeaderElection16] INFO  impl.RoleInfo (RoleInfo.java:updateAndGet(143)) - fd3cd5f9-4f1c-43ea-91b1-b85a1f6c3825: start LeaderState
2019-09-20 09:26:58,270 [pool-82-thread-1] INFO  server.RaftServerConfigKeys (ConfUtils.java:logGet(43)) - raft.server.log.queue.element-limit = 1024 (custom)
2019-09-20 09:26:58,270 [fd3cd5f9-4f1c-43ea-91b1-b85a1f6c3825:group-3678EC6D9D15:LeaderElection16] INFO  segmented.SegmentedRaftLogWorker (SegmentedRaftLogWorker.java:startLogSegment(380)) - fd3cd5f9-4f1c-43ea-91b1-b85a1f6c3825-SegmentedRaftLogWorker:Storage Directory /workdir/hadoop-ozone/integration-test/target/test-dir/MiniOzoneClusterImpl-a33d77e5-464b-4d19-8e6b-a171e580bf0e/datanode-1/data/ratis/49c8ea8c-df6d-40ad-8704-3678ec6d9d15: Starting segment from index:0
2019-09-20 09:26:58,270 [pool-82-thread-1] INFO  server.RaftServerConfigKeys (ConfUtils.java:logGet(43)) - raft.server.log.segment.size.max = 1048576 (custom)
2019-09-20 09:26:58,270 [pool-82-thread-1] INFO  server.RaftServerConfigKeys (ConfUtils.java:logGet(43)) - raft.server.log.preallocated.size = 16384 (custom)
2019-09-20 09:26:58,271 [fd3cd5f9-4f1c-43ea-91b1-b85a1f6c3825:group-3678EC6D9D15:LeaderElection16] INFO  impl.RaftServerImpl (ServerState.java:setRaftConf(361)) - fd3cd5f9-4f1c-43ea-91b1-b85a1f6c3825:group-3678EC6D9D15 set configuration 0: [fd3cd5f9-4f1c-43ea-91b1-b85a1f6c3825:192.168.36.99:39114], old=null at 0
2019-09-20 09:26:58,271 [pool-82-thread-1] INFO  server.RaftServerConfigKeys (ConfUtils.java:logGet(43)) - raft.server.log.write.buffer.size = 33554432 (custom)
2019-09-20 09:26:58,308 [871e6485-c22a-483f-9e07-d19e754685be-SegmentedRaftLogWorker:Storage Directory /workdir/hadoop-ozone/integration-test/target/test-dir/MiniOzoneClusterImpl-a33d77e5-464b-4d19-8e6b-a171e580bf0e/datanode-4/data/ratis/b8883f65-4348-47fe-a6bb-9a5b578889b0] INFO  segmented.SegmentedRaftLogWorker (SegmentedRaftLogWorker.java:execute(569)) - 871e6485-c22a-483f-9e07-d19e754685be-SegmentedRaftLogWorker:Storage Directory /workdir/hadoop-ozone/integration-test/target/test-dir/MiniOzoneClusterImpl-a33d77e5-464b-4d19-8e6b-a171e580bf0e/datanode-4/data/ratis/b8883f65-4348-47fe-a6bb-9a5b578889b0: created new log segment /workdir/hadoop-ozone/integration-test/target/test-dir/MiniOzoneClusterImpl-a33d77e5-464b-4d19-8e6b-a171e580bf0e/datanode-4/data/ratis/b8883f65-4348-47fe-a6bb-9a5b578889b0/current/log_inprogress_0
2019-09-20 09:26:58,308 [pool-82-thread-1] INFO  server.RaftServerConfigKeys (ConfUtils.java:logGet(43)) - raft.server.log.force.sync.num = 128 (default)
2019-09-20 09:26:58,309 [pool-82-thread-1] INFO  server.RaftServerConfigKeys (ConfUtils.java:logGet(43)) - raft.server.log.statemachine.data.sync = true (default)
2019-09-20 09:26:58,309 [pool-82-thread-1] INFO  server.RaftServerConfigKeys (ConfUtils.java:logGet(43)) - raft.server.log.statemachine.data.sync.timeout = 10s (default)
2019-09-20 09:26:58,309 [pool-82-thread-1] INFO  server.RaftServerConfigKeys (ConfUtils.java:logGet(43)) - raft.server.log.statemachine.data.sync.timeout.retry = -1 (default)
2019-09-20 09:26:58,310 [pool-82-thread-1] INFO  server.RaftServerConfigKeys (ConfUtils.java:logGet(43)) - raft.server.log.statemachine.data.caching.enabled = true (custom)
2019-09-20 09:26:58,310 | INFO  | SCMAudit | user=jenkins1000 | ip=192.168.36.99 | op=SEND_HEARTBEAT {datanodeUUID=492ed782-6ab3-4ad9-945e-06def6ac7c96, command=[]} | ret=SUCCESS |  
2019-09-20 09:26:58,310 [pool-82-thread-1] INFO  segmented.SegmentedRaftLogWorker (SegmentedRaftLogWorker.java:lambda$new$0(132)) - dc7f40a9-6782-42c4-abab-c6b1682da047-SegmentedRaftLogWorker:Storage Directory /workdir/hadoop-ozone/integration-test/target/test-dir/MiniOzoneClusterImpl-a33d77e5-464b-4d19-8e6b-a171e580bf0e/datanode-5/data/ratis/1eb9b679-29dd-4c19-bb4f-5319708db950: flushIndex: setUnconditionally 0 -> -1
2019-09-20 09:26:58,311 [pool-82-thread-1] INFO  server.RaftServerConfigKeys (ConfUtils.java:logGet(43)) - raft.server.snapshot.auto.trigger.enabled = true (custom)
2019-09-20 09:26:58,311 [pool-82-thread-1] INFO  server.RaftServerConfigKeys (ConfUtils.java:logGet(43)) - raft.server.snapshot.auto.trigger.threshold = 10000 (custom)
2019-09-20 09:26:58,311 [pool-82-thread-1] INFO  server.RaftServerConfigKeys (ConfUtils.java:logGet(43)) - raft.server.retrycache.expirytime = 600000ms (custom)
2019-09-20 09:26:58,311 [pool-82-thread-1] INFO  impl.RaftServerImpl (RaftServerImpl.java:start(180)) - dc7f40a9-6782-42c4-abab-c6b1682da047: start group-5319708DB950
2019-09-20 09:26:58,312 [pool-82-thread-1] INFO  impl.RaftServerImpl (RaftServerImpl.java:setRole(171)) - dc7f40a9-6782-42c4-abab-c6b1682da047:group-5319708DB950 changes role from null to FOLLOWER at term 0 for startAsFollower
2019-09-20 09:26:58,312 [pool-82-thread-1] INFO  impl.RoleInfo (RoleInfo.java:updateAndGet(143)) - dc7f40a9-6782-42c4-abab-c6b1682da047: start FollowerState
2019-09-20 09:26:58,312 [pool-82-thread-1] INFO  util.JmxRegister (JmxRegister.java:tryRegister(44)) - Successfully registered JMX Bean with object name Ratis:service=RaftServer,group=group-5319708DB950,id=dc7f40a9-6782-42c4-abab-c6b1682da047
2019-09-20 09:26:58,316 [RatisPipelineUtilsThread] INFO  pipeline.PipelineStateManager (PipelineStateManager.java:addPipeline(56)) - Created pipeline Pipeline[ Id: 1eb9b679-29dd-4c19-bb4f-5319708db950, Nodes: dc7f40a9-6782-42c4-abab-c6b1682da047{ip: 192.168.36.99, host: pr-hdds-1569-p5fx8-1226042367, networkLocation: /default-rack, certSerialId: null}, Type:RATIS, Factor:ONE, State:OPEN]
2019-09-20 09:26:58,317 | INFO  | SCMAudit | user=jenkins1000 | ip=192.168.36.99 | op=SEND_HEARTBEAT {datanodeUUID=02b93e76-e4c6-4b67-b8a4-c536d9ab7224, command=[]} | ret=SUCCESS |  
2019-09-20 09:26:58,322 [grpc-default-executor-1] INFO  impl.RaftServerProxy (RaftServerProxy.java:addNew(89)) - 492ed782-6ab3-4ad9-945e-06def6ac7c96: addNew group-2971F210102F:[492ed782-6ab3-4ad9-945e-06def6ac7c96:192.168.36.99:32835] returns group-2971F210102F:java.util.concurrent.CompletableFuture@4f212798[Not completed]
2019-09-20 09:26:58,324 [pool-49-thread-1] INFO  impl.RaftServerImpl (RaftServerImpl.java:<init>(93)) - 492ed782-6ab3-4ad9-945e-06def6ac7c96: new RaftServerImpl for group-2971F210102F:[492ed782-6ab3-4ad9-945e-06def6ac7c96:192.168.36.99:32835] with ContainerStateMachine:uninitialized
2019-09-20 09:26:58,324 [pool-49-thread-1] INFO  server.RaftServerConfigKeys (ConfUtils.java:logGet(43)) - raft.server.rpc.timeout.min = 5s (custom)
2019-09-20 09:26:58,325 [pool-49-thread-1] INFO  server.RaftServerConfigKeys (ConfUtils.java:logGet(43)) - raft.server.rpc.timeout.max = 5200ms (custom)
2019-09-20 09:26:58,325 [pool-49-thread-1] INFO  server.RaftServerConfigKeys (ConfUtils.java:logGet(43)) - raft.server.rpcslowness.timeout = 10s (custom)
2019-09-20 09:26:58,325 [pool-49-thread-1] INFO  server.RaftServerConfigKeys (ConfUtils.java:logGet(43)) - raft.server.sleep.deviation.threshold = 300 (default)
2019-09-20 09:26:58,325 [pool-49-thread-1] INFO  server.RaftServerConfigKeys (ConfUtils.java:logGet(43)) - raft.server.log.appender.install.snapshot.enabled = false (custom)
2019-09-20 09:26:58,325 [pool-49-thread-1] INFO  impl.RaftServerImpl (ServerState.java:<init>(105)) - 492ed782-6ab3-4ad9-945e-06def6ac7c96:group-2971F210102F ConfigurationManager, init=-1: [492ed782-6ab3-4ad9-945e-06def6ac7c96:192.168.36.99:32835], old=null, confs=<EMPTY_MAP>
2019-09-20 09:26:58,326 [pool-49-thread-1] INFO  server.RaftServerConfigKeys (ConfUtils.java:logGet(43)) - raft.server.storage.dir = [/workdir/hadoop-ozone/integration-test/target/test-dir/MiniOzoneClusterImpl-a33d77e5-464b-4d19-8e6b-a171e580bf0e/datanode-2/data/ratis] (custom)
2019-09-20 09:26:58,326 [pool-49-thread-1] INFO  storage.RaftStorageDirectory (RaftStorageDirectory.java:analyzeStorage(246)) - The storage directory /workdir/hadoop-ozone/integration-test/target/test-dir/MiniOzoneClusterImpl-a33d77e5-464b-4d19-8e6b-a171e580bf0e/datanode-2/data/ratis/520f1fea-219f-47fd-8669-2971f210102f does not exist. Creating ...
2019-09-20 09:26:58,334 [fd3cd5f9-4f1c-43ea-91b1-b85a1f6c3825-SegmentedRaftLogWorker:Storage Directory /workdir/hadoop-ozone/integration-test/target/test-dir/MiniOzoneClusterImpl-a33d77e5-464b-4d19-8e6b-a171e580bf0e/datanode-1/data/ratis/49c8ea8c-df6d-40ad-8704-3678ec6d9d15] INFO  segmented.SegmentedRaftLogWorker (SegmentedRaftLogWorker.java:execute(569)) - fd3cd5f9-4f1c-43ea-91b1-b85a1f6c3825-SegmentedRaftLogWorker:Storage Directory /workdir/hadoop-ozone/integration-test/target/test-dir/MiniOzoneClusterImpl-a33d77e5-464b-4d19-8e6b-a171e580bf0e/datanode-1/data/ratis/49c8ea8c-df6d-40ad-8704-3678ec6d9d15: created new log segment /workdir/hadoop-ozone/integration-test/target/test-dir/MiniOzoneClusterImpl-a33d77e5-464b-4d19-8e6b-a171e580bf0e/datanode-1/data/ratis/49c8ea8c-df6d-40ad-8704-3678ec6d9d15/current/log_inprogress_0
2019-09-20 09:26:58,351 [pool-49-thread-1] INFO  storage.RaftStorageDirectory (RaftStorageDirectory.java:tryLock(328)) - Lock on /workdir/hadoop-ozone/integration-test/target/test-dir/MiniOzoneClusterImpl-a33d77e5-464b-4d19-8e6b-a171e580bf0e/datanode-2/data/ratis/520f1fea-219f-47fd-8669-2971f210102f/in_use.lock acquired by nodename 7145@pr-hdds-1569-p5fx8-1226042367
2019-09-20 09:26:58,376 [pool-49-thread-1] INFO  storage.RaftStorage (RaftStorage.java:format(72)) - Storage directory /workdir/hadoop-ozone/integration-test/target/test-dir/MiniOzoneClusterImpl-a33d77e5-464b-4d19-8e6b-a171e580bf0e/datanode-2/data/ratis/520f1fea-219f-47fd-8669-2971f210102f has been successfully formatted.
2019-09-20 09:26:58,377 [pool-49-thread-1] INFO  ratis.ContainerStateMachine (ContainerStateMachine.java:loadSnapshot(226)) - group-2971F210102F: The snapshot info is null. Setting the last applied indexto:(t:0, i:~)
2019-09-20 09:26:58,377 [pool-49-thread-1] INFO  server.RaftServerConfigKeys (ConfUtils.java:logGet(43)) - raft.server.leader.election.timeout = 10s (custom)
2019-09-20 09:26:58,377 [pool-49-thread-1] INFO  server.RaftServerConfigKeys (ConfUtils.java:logGet(43)) - raft.server.log.use.memory = false (default)
2019-09-20 09:26:58,377 [pool-49-thread-1] INFO  server.RaftServerConfigKeys (ConfUtils.java:logGet(43)) - raft.server.log.purge.gap = 1000000 (custom)
2019-09-20 09:26:58,377 [pool-49-thread-1] INFO  server.RaftServerConfigKeys (ConfUtils.java:logGet(43)) - raft.server.log.appender.buffer.byte-limit = 33554432 (custom)
2019-09-20 09:26:58,377 [pool-49-thread-1] INFO  server.RaftServerConfigKeys (ConfUtils.java:logGet(43)) - raft.server.log.segment.size.max = 1048576 (custom)
2019-09-20 09:26:58,377 [pool-49-thread-1] INFO  server.RaftServerConfigKeys (ConfUtils.java:logGet(43)) - raft.server.log.segment.cache.num.max = 2 (custom)
2019-09-20 09:26:58,378 [pool-49-thread-1] INFO  segmented.SegmentedRaftLogWorker (SegmentedRaftLogWorker.java:<init>(172)) - new 492ed782-6ab3-4ad9-945e-06def6ac7c96-SegmentedRaftLogWorker:Storage Directory /workdir/hadoop-ozone/integration-test/target/test-dir/MiniOzoneClusterImpl-a33d77e5-464b-4d19-8e6b-a171e580bf0e/datanode-2/data/ratis/520f1fea-219f-47fd-8669-2971f210102f for RaftStorage:Storage Directory /workdir/hadoop-ozone/integration-test/target/test-dir/MiniOzoneClusterImpl-a33d77e5-464b-4d19-8e6b-a171e580bf0e/datanode-2/data/ratis/520f1fea-219f-47fd-8669-2971f210102f
2019-09-20 09:26:58,378 [pool-49-thread-1] INFO  server.RaftServerConfigKeys (ConfUtils.java:logGet(43)) - raft.server.log.queue.byte-limit = 2147483647 (custom)
2019-09-20 09:26:58,378 [pool-49-thread-1] INFO  server.RaftServerConfigKeys (ConfUtils.java:logGet(43)) - raft.server.log.queue.element-limit = 1024 (custom)
2019-09-20 09:26:58,378 [pool-49-thread-1] INFO  server.RaftServerConfigKeys (ConfUtils.java:logGet(43)) - raft.server.log.segment.size.max = 1048576 (custom)
2019-09-20 09:26:58,378 [pool-49-thread-1] INFO  server.RaftServerConfigKeys (ConfUtils.java:logGet(43)) - raft.server.log.preallocated.size = 16384 (custom)
2019-09-20 09:26:58,378 [pool-49-thread-1] INFO  server.RaftServerConfigKeys (ConfUtils.java:logGet(43)) - raft.server.log.write.buffer.size = 33554432 (custom)
2019-09-20 09:26:58,378 [pool-49-thread-1] INFO  server.RaftServerConfigKeys (ConfUtils.java:logGet(43)) - raft.server.log.force.sync.num = 128 (default)
2019-09-20 09:26:58,378 [pool-49-thread-1] INFO  server.RaftServerConfigKeys (ConfUtils.java:logGet(43)) - raft.server.log.statemachine.data.sync = true (default)
2019-09-20 09:26:58,379 [pool-49-thread-1] INFO  server.RaftServerConfigKeys (ConfUtils.java:logGet(43)) - raft.server.log.statemachine.data.sync.timeout = 10s (default)
2019-09-20 09:26:58,379 [pool-49-thread-1] INFO  server.RaftServerConfigKeys (ConfUtils.java:logGet(43)) - raft.server.log.statemachine.data.sync.timeout.retry = -1 (default)
2019-09-20 09:26:58,379 [pool-49-thread-1] INFO  server.RaftServerConfigKeys (ConfUtils.java:logGet(43)) - raft.server.log.statemachine.data.caching.enabled = true (custom)
2019-09-20 09:26:58,379 [pool-49-thread-1] INFO  segmented.SegmentedRaftLogWorker (SegmentedRaftLogWorker.java:lambda$new$0(132)) - 492ed782-6ab3-4ad9-945e-06def6ac7c96-SegmentedRaftLogWorker:Storage Directory /workdir/hadoop-ozone/integration-test/target/test-dir/MiniOzoneClusterImpl-a33d77e5-464b-4d19-8e6b-a171e580bf0e/datanode-2/data/ratis/520f1fea-219f-47fd-8669-2971f210102f: flushIndex: setUnconditionally 0 -> -1
2019-09-20 09:26:58,379 [pool-49-thread-1] INFO  server.RaftServerConfigKeys (ConfUtils.java:logGet(43)) - raft.server.snapshot.auto.trigger.enabled = true (custom)
2019-09-20 09:26:58,380 [pool-49-thread-1] INFO  server.RaftServerConfigKeys (ConfUtils.java:logGet(43)) - raft.server.snapshot.auto.trigger.threshold = 10000 (custom)
2019-09-20 09:26:58,380 [pool-49-thread-1] INFO  server.RaftServerConfigKeys (ConfUtils.java:logGet(43)) - raft.server.retrycache.expirytime = 600000ms (custom)
2019-09-20 09:26:58,380 [pool-49-thread-1] INFO  impl.RaftServerImpl (RaftServerImpl.java:start(180)) - 492ed782-6ab3-4ad9-945e-06def6ac7c96: start group-2971F210102F
2019-09-20 09:26:58,380 [pool-49-thread-1] INFO  impl.RaftServerImpl (RaftServerImpl.java:setRole(171)) - 492ed782-6ab3-4ad9-945e-06def6ac7c96:group-2971F210102F changes role from null to FOLLOWER at term 0 for startAsFollower
2019-09-20 09:26:58,380 [pool-49-thread-1] INFO  impl.RoleInfo (RoleInfo.java:updateAndGet(143)) - 492ed782-6ab3-4ad9-945e-06def6ac7c96: start FollowerState
2019-09-20 09:26:58,381 [pool-49-thread-1] INFO  util.JmxRegister (JmxRegister.java:tryRegister(44)) - Successfully registered JMX Bean with object name Ratis:service=RaftServer,group=group-2971F210102F,id=492ed782-6ab3-4ad9-945e-06def6ac7c96
2019-09-20 09:26:58,384 [RatisPipelineUtilsThread] INFO  pipeline.PipelineStateManager (PipelineStateManager.java:addPipeline(56)) - Created pipeline Pipeline[ Id: 520f1fea-219f-47fd-8669-2971f210102f, Nodes: 492ed782-6ab3-4ad9-945e-06def6ac7c96{ip: 192.168.36.99, host: pr-hdds-1569-p5fx8-1226042367, networkLocation: /default-rack, certSerialId: null}, Type:RATIS, Factor:ONE, State:OPEN]
2019-09-20 09:26:58,391 [grpc-default-executor-1] INFO  impl.RaftServerProxy (RaftServerProxy.java:addNew(89)) - 871e6485-c22a-483f-9e07-d19e754685be: addNew group-6D6E0000ABB6:[871e6485-c22a-483f-9e07-d19e754685be:192.168.36.99:41076] returns group-6D6E0000ABB6:java.util.concurrent.CompletableFuture@2bed63a4[Not completed]
2019-09-20 09:26:58,393 [pool-71-thread-1] INFO  impl.RaftServerImpl (RaftServerImpl.java:<init>(93)) - 871e6485-c22a-483f-9e07-d19e754685be: new RaftServerImpl for group-6D6E0000ABB6:[871e6485-c22a-483f-9e07-d19e754685be:192.168.36.99:41076] with ContainerStateMachine:uninitialized
2019-09-20 09:26:58,393 [pool-71-thread-1] INFO  server.RaftServerConfigKeys (ConfUtils.java:logGet(43)) - raft.server.rpc.timeout.min = 5s (custom)
2019-09-20 09:26:58,393 [pool-71-thread-1] INFO  server.RaftServerConfigKeys (ConfUtils.java:logGet(43)) - raft.server.rpc.timeout.max = 5200ms (custom)
2019-09-20 09:26:58,393 [pool-71-thread-1] INFO  server.RaftServerConfigKeys (ConfUtils.java:logGet(43)) - raft.server.rpcslowness.timeout = 10s (custom)
2019-09-20 09:26:58,393 [pool-71-thread-1] INFO  server.RaftServerConfigKeys (ConfUtils.java:logGet(43)) - raft.server.sleep.deviation.threshold = 300 (default)
2019-09-20 09:26:58,393 [pool-71-thread-1] INFO  server.RaftServerConfigKeys (ConfUtils.java:logGet(43)) - raft.server.log.appender.install.snapshot.enabled = false (custom)
2019-09-20 09:26:58,393 [pool-71-thread-1] INFO  impl.RaftServerImpl (ServerState.java:<init>(105)) - 871e6485-c22a-483f-9e07-d19e754685be:group-6D6E0000ABB6 ConfigurationManager, init=-1: [871e6485-c22a-483f-9e07-d19e754685be:192.168.36.99:41076], old=null, confs=<EMPTY_MAP>
2019-09-20 09:26:58,394 [pool-71-thread-1] INFO  server.RaftServerConfigKeys (ConfUtils.java:logGet(43)) - raft.server.storage.dir = [/workdir/hadoop-ozone/integration-test/target/test-dir/MiniOzoneClusterImpl-a33d77e5-464b-4d19-8e6b-a171e580bf0e/datanode-4/data/ratis] (custom)
2019-09-20 09:26:58,394 [pool-71-thread-1] INFO  storage.RaftStorageDirectory (RaftStorageDirectory.java:analyzeStorage(246)) - The storage directory /workdir/hadoop-ozone/integration-test/target/test-dir/MiniOzoneClusterImpl-a33d77e5-464b-4d19-8e6b-a171e580bf0e/datanode-4/data/ratis/298f90f7-fb6d-4b90-8c0c-6d6e0000abb6 does not exist. Creating ...
2019-09-20 09:26:58,418 [pool-71-thread-1] INFO  storage.RaftStorageDirectory (RaftStorageDirectory.java:tryLock(328)) - Lock on /workdir/hadoop-ozone/integration-test/target/test-dir/MiniOzoneClusterImpl-a33d77e5-464b-4d19-8e6b-a171e580bf0e/datanode-4/data/ratis/298f90f7-fb6d-4b90-8c0c-6d6e0000abb6/in_use.lock acquired by nodename 7145@pr-hdds-1569-p5fx8-1226042367
2019-09-20 09:26:58,438 [Thread-272] INFO  impl.FollowerState (FollowerState.java:run(106)) - 492ed782-6ab3-4ad9-945e-06def6ac7c96:group-64C1AF27C50D changes to CANDIDATE, lastRpcTime:5169, electionTimeout:5169ms
2019-09-20 09:26:58,438 [Thread-272] INFO  impl.RoleInfo (RoleInfo.java:shutdownFollowerState(121)) - 492ed782-6ab3-4ad9-945e-06def6ac7c96: shutdown FollowerState
2019-09-20 09:26:58,438 [Thread-272] INFO  impl.RaftServerImpl (RaftServerImpl.java:setRole(171)) - 492ed782-6ab3-4ad9-945e-06def6ac7c96:group-64C1AF27C50D changes role from FOLLOWER to CANDIDATE at term 0 for changeToCandidate
2019-09-20 09:26:58,438 [Thread-272] INFO  impl.RoleInfo (RoleInfo.java:updateAndGet(143)) - 492ed782-6ab3-4ad9-945e-06def6ac7c96: start LeaderElection
2019-09-20 09:26:58,469 [pool-71-thread-1] INFO  storage.RaftStorage (RaftStorage.java:format(72)) - Storage directory /workdir/hadoop-ozone/integration-test/target/test-dir/MiniOzoneClusterImpl-a33d77e5-464b-4d19-8e6b-a171e580bf0e/datanode-4/data/ratis/298f90f7-fb6d-4b90-8c0c-6d6e0000abb6 has been successfully formatted.
2019-09-20 09:26:58,469 [492ed782-6ab3-4ad9-945e-06def6ac7c96:group-64C1AF27C50D:LeaderElection17] INFO  impl.LeaderElection (LeaderElection.java:askForVotes(181)) - 492ed782-6ab3-4ad9-945e-06def6ac7c96:group-64C1AF27C50D:LeaderElection17: begin an election at term 1 for -1: [492ed782-6ab3-4ad9-945e-06def6ac7c96:192.168.36.99:32835], old=null
2019-09-20 09:26:58,469 [pool-71-thread-1] INFO  ratis.ContainerStateMachine (ContainerStateMachine.java:loadSnapshot(226)) - group-6D6E0000ABB6: The snapshot info is null. Setting the last applied indexto:(t:0, i:~)
2019-09-20 09:26:58,469 [492ed782-6ab3-4ad9-945e-06def6ac7c96:group-64C1AF27C50D:LeaderElection17] INFO  impl.RoleInfo (RoleInfo.java:shutdownLeaderElection(134)) - 492ed782-6ab3-4ad9-945e-06def6ac7c96: shutdown LeaderElection
2019-09-20 09:26:58,469 [pool-71-thread-1] INFO  server.RaftServerConfigKeys (ConfUtils.java:logGet(43)) - raft.server.leader.election.timeout = 10s (custom)
2019-09-20 09:26:58,469 [492ed782-6ab3-4ad9-945e-06def6ac7c96:group-64C1AF27C50D:LeaderElection17] INFO  impl.RaftServerImpl (RaftServerImpl.java:setRole(171)) - 492ed782-6ab3-4ad9-945e-06def6ac7c96:group-64C1AF27C50D changes role from CANDIDATE to LEADER at term 1 for changeToLeader
2019-09-20 09:26:58,469 [pool-71-thread-1] INFO  server.RaftServerConfigKeys (ConfUtils.java:logGet(43)) - raft.server.log.use.memory = false (default)
2019-09-20 09:26:58,470 [492ed782-6ab3-4ad9-945e-06def6ac7c96:group-64C1AF27C50D:LeaderElection17] INFO  impl.RaftServerImpl (ServerState.java:setLeader(263)) - 492ed782-6ab3-4ad9-945e-06def6ac7c96:group-64C1AF27C50D change Leader from null to 492ed782-6ab3-4ad9-945e-06def6ac7c96 at term 1 for becomeLeader, leader elected after 5209ms
2019-09-20 09:26:58,470 [pool-71-thread-1] INFO  server.RaftServerConfigKeys (ConfUtils.java:logGet(43)) - raft.server.log.purge.gap = 1000000 (custom)
2019-09-20 09:26:58,470 [492ed782-6ab3-4ad9-945e-06def6ac7c96:group-64C1AF27C50D:LeaderElection17] INFO  server.RaftServerConfigKeys (ConfUtils.java:logGet(43)) - raft.server.staging.catchup.gap = 1000 (default)
2019-09-20 09:26:58,470 [pool-71-thread-1] INFO  server.RaftServerConfigKeys (ConfUtils.java:logGet(43)) - raft.server.log.appender.buffer.byte-limit = 33554432 (custom)
2019-09-20 09:26:58,470 [492ed782-6ab3-4ad9-945e-06def6ac7c96:group-64C1AF27C50D:LeaderElection17] INFO  server.RaftServerConfigKeys (ConfUtils.java:logGet(43)) - raft.server.rpc.sleep.time = 25ms (default)
2019-09-20 09:26:58,470 [pool-71-thread-1] INFO  server.RaftServerConfigKeys (ConfUtils.java:logGet(43)) - raft.server.log.segment.size.max = 1048576 (custom)
2019-09-20 09:26:58,471 [492ed782-6ab3-4ad9-945e-06def6ac7c96:group-64C1AF27C50D:LeaderElection17] INFO  server.RaftServerConfigKeys (ConfUtils.java:logGet(43)) - raft.server.write.element-limit = 4096 (default)
2019-09-20 09:26:58,471 [pool-71-thread-1] INFO  server.RaftServerConfigKeys (ConfUtils.java:logGet(43)) - raft.server.log.segment.cache.num.max = 2 (custom)
2019-09-20 09:26:58,471 [492ed782-6ab3-4ad9-945e-06def6ac7c96:group-64C1AF27C50D:LeaderElection17] INFO  server.RaftServerConfigKeys (ConfUtils.java:logGet(43)) - raft.server.watch.timeout = 10s (default)
2019-09-20 09:26:58,471 [pool-71-thread-1] INFO  segmented.SegmentedRaftLogWorker (SegmentedRaftLogWorker.java:<init>(172)) - new 871e6485-c22a-483f-9e07-d19e754685be-SegmentedRaftLogWorker:Storage Directory /workdir/hadoop-ozone/integration-test/target/test-dir/MiniOzoneClusterImpl-a33d77e5-464b-4d19-8e6b-a171e580bf0e/datanode-4/data/ratis/298f90f7-fb6d-4b90-8c0c-6d6e0000abb6 for RaftStorage:Storage Directory /workdir/hadoop-ozone/integration-test/target/test-dir/MiniOzoneClusterImpl-a33d77e5-464b-4d19-8e6b-a171e580bf0e/datanode-4/data/ratis/298f90f7-fb6d-4b90-8c0c-6d6e0000abb6
2019-09-20 09:26:58,471 [492ed782-6ab3-4ad9-945e-06def6ac7c96:group-64C1AF27C50D:LeaderElection17] INFO  server.RaftServerConfigKeys (ConfUtils.java:logGet(43)) - raft.server.watch.timeout.denomination = 1s (default)
2019-09-20 09:26:58,471 [pool-71-thread-1] INFO  server.RaftServerConfigKeys (ConfUtils.java:logGet(43)) - raft.server.log.queue.byte-limit = 2147483647 (custom)
2019-09-20 09:26:58,471 [492ed782-6ab3-4ad9-945e-06def6ac7c96:group-64C1AF27C50D:LeaderElection17] INFO  server.RaftServerConfigKeys (ConfUtils.java:logGet(43)) - raft.server.watch.element-limit = 65536 (default)
2019-09-20 09:26:58,472 [pool-71-thread-1] INFO  server.RaftServerConfigKeys (ConfUtils.java:logGet(43)) - raft.server.log.queue.element-limit = 1024 (custom)
2019-09-20 09:26:58,472 [492ed782-6ab3-4ad9-945e-06def6ac7c96:group-64C1AF27C50D:LeaderElection17] INFO  impl.RoleInfo (RoleInfo.java:updateAndGet(143)) - 492ed782-6ab3-4ad9-945e-06def6ac7c96: start LeaderState
2019-09-20 09:26:58,472 [pool-71-thread-1] INFO  server.RaftServerConfigKeys (ConfUtils.java:logGet(43)) - raft.server.log.segment.size.max = 1048576 (custom)
2019-09-20 09:26:58,472 [pool-71-thread-1] INFO  server.RaftServerConfigKeys (ConfUtils.java:logGet(43)) - raft.server.log.preallocated.size = 16384 (custom)
2019-09-20 09:26:58,472 [492ed782-6ab3-4ad9-945e-06def6ac7c96:group-64C1AF27C50D:LeaderElection17] INFO  segmented.SegmentedRaftLogWorker (SegmentedRaftLogWorker.java:startLogSegment(380)) - 492ed782-6ab3-4ad9-945e-06def6ac7c96-SegmentedRaftLogWorker:Storage Directory /workdir/hadoop-ozone/integration-test/target/test-dir/MiniOzoneClusterImpl-a33d77e5-464b-4d19-8e6b-a171e580bf0e/datanode-2/data/ratis/7c561be2-85d2-470e-9595-64c1af27c50d: Starting segment from index:0
2019-09-20 09:26:58,472 [pool-71-thread-1] INFO  server.RaftServerConfigKeys (ConfUtils.java:logGet(43)) - raft.server.log.write.buffer.size = 33554432 (custom)
2019-09-20 09:26:58,473 [pool-71-thread-1] INFO  server.RaftServerConfigKeys (ConfUtils.java:logGet(43)) - raft.server.log.force.sync.num = 128 (default)
2019-09-20 09:26:58,473 [pool-71-thread-1] INFO  server.RaftServerConfigKeys (ConfUtils.java:logGet(43)) - raft.server.log.statemachine.data.sync = true (default)
2019-09-20 09:26:58,473 [492ed782-6ab3-4ad9-945e-06def6ac7c96:group-64C1AF27C50D:LeaderElection17] INFO  impl.RaftServerImpl (ServerState.java:setRaftConf(361)) - 492ed782-6ab3-4ad9-945e-06def6ac7c96:group-64C1AF27C50D set configuration 0: [492ed782-6ab3-4ad9-945e-06def6ac7c96:192.168.36.99:32835], old=null at 0
2019-09-20 09:26:58,473 [pool-71-thread-1] INFO  server.RaftServerConfigKeys (ConfUtils.java:logGet(43)) - raft.server.log.statemachine.data.sync.timeout = 10s (default)
2019-09-20 09:26:58,507 [Thread-276] INFO  impl.FollowerState (FollowerState.java:run(106)) - 02b93e76-e4c6-4b67-b8a4-c536d9ab7224:group-4B5E8063C4A4 changes to CANDIDATE, lastRpcTime:5111, electionTimeout:5078ms
2019-09-20 09:26:58,507 [pool-71-thread-1] INFO  server.RaftServerConfigKeys (ConfUtils.java:logGet(43)) - raft.server.log.statemachine.data.sync.timeout.retry = -1 (default)
2019-09-20 09:26:58,507 [Thread-276] INFO  impl.RoleInfo (RoleInfo.java:shutdownFollowerState(121)) - 02b93e76-e4c6-4b67-b8a4-c536d9ab7224: shutdown FollowerState
2019-09-20 09:26:58,508 [pool-71-thread-1] INFO  server.RaftServerConfigKeys (ConfUtils.java:logGet(43)) - raft.server.log.statemachine.data.caching.enabled = true (custom)
2019-09-20 09:26:58,508 [Thread-276] INFO  impl.RaftServerImpl (RaftServerImpl.java:setRole(171)) - 02b93e76-e4c6-4b67-b8a4-c536d9ab7224:group-4B5E8063C4A4 changes role from FOLLOWER to CANDIDATE at term 0 for changeToCandidate
2019-09-20 09:26:58,508 [Thread-276] INFO  impl.RoleInfo (RoleInfo.java:updateAndGet(143)) - 02b93e76-e4c6-4b67-b8a4-c536d9ab7224: start LeaderElection
2019-09-20 09:26:58,508 [pool-71-thread-1] INFO  segmented.SegmentedRaftLogWorker (SegmentedRaftLogWorker.java:lambda$new$0(132)) - 871e6485-c22a-483f-9e07-d19e754685be-SegmentedRaftLogWorker:Storage Directory /workdir/hadoop-ozone/integration-test/target/test-dir/MiniOzoneClusterImpl-a33d77e5-464b-4d19-8e6b-a171e580bf0e/datanode-4/data/ratis/298f90f7-fb6d-4b90-8c0c-6d6e0000abb6: flushIndex: setUnconditionally 0 -> -1
2019-09-20 09:26:58,515 [pool-71-thread-1] INFO  server.RaftServerConfigKeys (ConfUtils.java:logGet(43)) - raft.server.snapshot.auto.trigger.enabled = true (custom)
2019-09-20 09:26:58,515 [pool-71-thread-1] INFO  server.RaftServerConfigKeys (ConfUtils.java:logGet(43)) - raft.server.snapshot.auto.trigger.threshold = 10000 (custom)
2019-09-20 09:26:58,515 [pool-71-thread-1] INFO  server.RaftServerConfigKeys (ConfUtils.java:logGet(43)) - raft.server.retrycache.expirytime = 600000ms (custom)
2019-09-20 09:26:58,515 [pool-71-thread-1] INFO  impl.RaftServerImpl (RaftServerImpl.java:start(180)) - 871e6485-c22a-483f-9e07-d19e754685be: start group-6D6E0000ABB6
2019-09-20 09:26:58,515 [pool-71-thread-1] INFO  impl.RaftServerImpl (RaftServerImpl.java:setRole(171)) - 871e6485-c22a-483f-9e07-d19e754685be:group-6D6E0000ABB6 changes role from null to FOLLOWER at term 0 for startAsFollower
2019-09-20 09:26:58,516 [pool-71-thread-1] INFO  impl.RoleInfo (RoleInfo.java:updateAndGet(143)) - 871e6485-c22a-483f-9e07-d19e754685be: start FollowerState
2019-09-20 09:26:58,516 [pool-71-thread-1] INFO  util.JmxRegister (JmxRegister.java:tryRegister(44)) - Successfully registered JMX Bean with object name Ratis:service=RaftServer,group=group-6D6E0000ABB6,id=871e6485-c22a-483f-9e07-d19e754685be
2019-09-20 09:26:58,520 [RatisPipelineUtilsThread] INFO  pipeline.PipelineStateManager (PipelineStateManager.java:addPipeline(56)) - Created pipeline Pipeline[ Id: 298f90f7-fb6d-4b90-8c0c-6d6e0000abb6, Nodes: 871e6485-c22a-483f-9e07-d19e754685be{ip: 192.168.36.99, host: pr-hdds-1569-p5fx8-1226042367, networkLocation: /default-rack, certSerialId: null}, Type:RATIS, Factor:ONE, State:OPEN]
2019-09-20 09:26:58,527 [grpc-default-executor-1] INFO  impl.RaftServerProxy (RaftServerProxy.java:addNew(89)) - fd3cd5f9-4f1c-43ea-91b1-b85a1f6c3825: addNew group-4783210E70C8:[fd3cd5f9-4f1c-43ea-91b1-b85a1f6c3825:192.168.36.99:39114] returns group-4783210E70C8:java.util.concurrent.CompletableFuture@63b39fb0[Not completed]
2019-09-20 09:26:58,528 [pool-38-thread-1] INFO  impl.RaftServerImpl (RaftServerImpl.java:<init>(93)) - fd3cd5f9-4f1c-43ea-91b1-b85a1f6c3825: new RaftServerImpl for group-4783210E70C8:[fd3cd5f9-4f1c-43ea-91b1-b85a1f6c3825:192.168.36.99:39114] with ContainerStateMachine:uninitialized
2019-09-20 09:26:58,529 [pool-38-thread-1] INFO  server.RaftServerConfigKeys (ConfUtils.java:logGet(43)) - raft.server.rpc.timeout.min = 5s (custom)
2019-09-20 09:26:58,529 [pool-38-thread-1] INFO  server.RaftServerConfigKeys (ConfUtils.java:logGet(43)) - raft.server.rpc.timeout.max = 5200ms (custom)
2019-09-20 09:26:58,529 [pool-38-thread-1] INFO  server.RaftServerConfigKeys (ConfUtils.java:logGet(43)) - raft.server.rpcslowness.timeout = 10s (custom)
2019-09-20 09:26:58,529 [pool-38-thread-1] INFO  server.RaftServerConfigKeys (ConfUtils.java:logGet(43)) - raft.server.sleep.deviation.threshold = 300 (default)
2019-09-20 09:26:58,529 [pool-38-thread-1] INFO  server.RaftServerConfigKeys (ConfUtils.java:logGet(43)) - raft.server.log.appender.install.snapshot.enabled = false (custom)
2019-09-20 09:26:58,529 [pool-38-thread-1] INFO  impl.RaftServerImpl (ServerState.java:<init>(105)) - fd3cd5f9-4f1c-43ea-91b1-b85a1f6c3825:group-4783210E70C8 ConfigurationManager, init=-1: [fd3cd5f9-4f1c-43ea-91b1-b85a1f6c3825:192.168.36.99:39114], old=null, confs=<EMPTY_MAP>
2019-09-20 09:26:58,529 [pool-38-thread-1] INFO  server.RaftServerConfigKeys (ConfUtils.java:logGet(43)) - raft.server.storage.dir = [/workdir/hadoop-ozone/integration-test/target/test-dir/MiniOzoneClusterImpl-a33d77e5-464b-4d19-8e6b-a171e580bf0e/datanode-1/data/ratis] (custom)
2019-09-20 09:26:58,530 [pool-38-thread-1] INFO  storage.RaftStorageDirectory (RaftStorageDirectory.java:analyzeStorage(246)) - The storage directory /workdir/hadoop-ozone/integration-test/target/test-dir/MiniOzoneClusterImpl-a33d77e5-464b-4d19-8e6b-a171e580bf0e/datanode-1/data/ratis/00b4180d-3d56-4121-a0e5-4783210e70c8 does not exist. Creating ...
2019-09-20 09:26:58,543 | INFO  | SCMAudit | user=jenkins1000 | ip=192.168.36.99 | op=SEND_HEARTBEAT {datanodeUUID=dc7f40a9-6782-42c4-abab-c6b1682da047, command=[]} | ret=SUCCESS |  
2019-09-20 09:26:58,544 [492ed782-6ab3-4ad9-945e-06def6ac7c96-SegmentedRaftLogWorker:Storage Directory /workdir/hadoop-ozone/integration-test/target/test-dir/MiniOzoneClusterImpl-a33d77e5-464b-4d19-8e6b-a171e580bf0e/datanode-2/data/ratis/7c561be2-85d2-470e-9595-64c1af27c50d] INFO  segmented.SegmentedRaftLogWorker (SegmentedRaftLogWorker.java:execute(569)) - 492ed782-6ab3-4ad9-945e-06def6ac7c96-SegmentedRaftLogWorker:Storage Directory /workdir/hadoop-ozone/integration-test/target/test-dir/MiniOzoneClusterImpl-a33d77e5-464b-4d19-8e6b-a171e580bf0e/datanode-2/data/ratis/7c561be2-85d2-470e-9595-64c1af27c50d: created new log segment /workdir/hadoop-ozone/integration-test/target/test-dir/MiniOzoneClusterImpl-a33d77e5-464b-4d19-8e6b-a171e580bf0e/datanode-2/data/ratis/7c561be2-85d2-470e-9595-64c1af27c50d/current/log_inprogress_0
2019-09-20 09:26:58,544 [02b93e76-e4c6-4b67-b8a4-c536d9ab7224:group-4B5E8063C4A4:LeaderElection18] INFO  impl.LeaderElection (LeaderElection.java:askForVotes(181)) - 02b93e76-e4c6-4b67-b8a4-c536d9ab7224:group-4B5E8063C4A4:LeaderElection18: begin an election at term 1 for -1: [02b93e76-e4c6-4b67-b8a4-c536d9ab7224:192.168.36.99:39343], old=null
2019-09-20 09:26:58,545 [02b93e76-e4c6-4b67-b8a4-c536d9ab7224:group-4B5E8063C4A4:LeaderElection18] INFO  impl.RoleInfo (RoleInfo.java:shutdownLeaderElection(134)) - 02b93e76-e4c6-4b67-b8a4-c536d9ab7224: shutdown LeaderElection
2019-09-20 09:26:58,545 [02b93e76-e4c6-4b67-b8a4-c536d9ab7224:group-4B5E8063C4A4:LeaderElection18] INFO  impl.RaftServerImpl (RaftServerImpl.java:setRole(171)) - 02b93e76-e4c6-4b67-b8a4-c536d9ab7224:group-4B5E8063C4A4 changes role from CANDIDATE to LEADER at term 1 for changeToLeader
2019-09-20 09:26:58,545 [02b93e76-e4c6-4b67-b8a4-c536d9ab7224:group-4B5E8063C4A4:LeaderElection18] INFO  impl.RaftServerImpl (ServerState.java:setLeader(263)) - 02b93e76-e4c6-4b67-b8a4-c536d9ab7224:group-4B5E8063C4A4 change Leader from null to 02b93e76-e4c6-4b67-b8a4-c536d9ab7224 at term 1 for becomeLeader, leader elected after 5154ms
2019-09-20 09:26:58,545 [02b93e76-e4c6-4b67-b8a4-c536d9ab7224:group-4B5E8063C4A4:LeaderElection18] INFO  server.RaftServerConfigKeys (ConfUtils.java:logGet(43)) - raft.server.staging.catchup.gap = 1000 (default)
2019-09-20 09:26:58,546 [02b93e76-e4c6-4b67-b8a4-c536d9ab7224:group-4B5E8063C4A4:LeaderElection18] INFO  server.RaftServerConfigKeys (ConfUtils.java:logGet(43)) - raft.server.rpc.sleep.time = 25ms (default)
2019-09-20 09:26:58,546 [02b93e76-e4c6-4b67-b8a4-c536d9ab7224:group-4B5E8063C4A4:LeaderElection18] INFO  server.RaftServerConfigKeys (ConfUtils.java:logGet(43)) - raft.server.write.element-limit = 4096 (default)
2019-09-20 09:26:58,546 [02b93e76-e4c6-4b67-b8a4-c536d9ab7224:group-4B5E8063C4A4:LeaderElection18] INFO  server.RaftServerConfigKeys (ConfUtils.java:logGet(43)) - raft.server.watch.timeout = 10s (default)
2019-09-20 09:26:58,546 [02b93e76-e4c6-4b67-b8a4-c536d9ab7224:group-4B5E8063C4A4:LeaderElection18] INFO  server.RaftServerConfigKeys (ConfUtils.java:logGet(43)) - raft.server.watch.timeout.denomination = 1s (default)
2019-09-20 09:26:58,547 [02b93e76-e4c6-4b67-b8a4-c536d9ab7224:group-4B5E8063C4A4:LeaderElection18] INFO  server.RaftServerConfigKeys (ConfUtils.java:logGet(43)) - raft.server.watch.element-limit = 65536 (default)
2019-09-20 09:26:58,547 [02b93e76-e4c6-4b67-b8a4-c536d9ab7224:group-4B5E8063C4A4:LeaderElection18] INFO  impl.RoleInfo (RoleInfo.java:updateAndGet(143)) - 02b93e76-e4c6-4b67-b8a4-c536d9ab7224: start LeaderState
2019-09-20 09:26:58,547 [02b93e76-e4c6-4b67-b8a4-c536d9ab7224:group-4B5E8063C4A4:LeaderElection18] INFO  segmented.SegmentedRaftLogWorker (SegmentedRaftLogWorker.java:startLogSegment(380)) - 02b93e76-e4c6-4b67-b8a4-c536d9ab7224-SegmentedRaftLogWorker:Storage Directory /workdir/hadoop-ozone/integration-test/target/test-dir/MiniOzoneClusterImpl-a33d77e5-464b-4d19-8e6b-a171e580bf0e/datanode-0/data/ratis/f927e073-3382-4983-9131-4b5e8063c4a4: Starting segment from index:0
2019-09-20 09:26:58,548 [02b93e76-e4c6-4b67-b8a4-c536d9ab7224:group-4B5E8063C4A4:LeaderElection18] INFO  impl.RaftServerImpl (ServerState.java:setRaftConf(361)) - 02b93e76-e4c6-4b67-b8a4-c536d9ab7224:group-4B5E8063C4A4 set configuration 0: [02b93e76-e4c6-4b67-b8a4-c536d9ab7224:192.168.36.99:39343], old=null at 0
2019-09-20 09:26:58,579 [pool-38-thread-1] INFO  storage.RaftStorageDirectory (RaftStorageDirectory.java:tryLock(328)) - Lock on /workdir/hadoop-ozone/integration-test/target/test-dir/MiniOzoneClusterImpl-a33d77e5-464b-4d19-8e6b-a171e580bf0e/datanode-1/data/ratis/00b4180d-3d56-4121-a0e5-4783210e70c8/in_use.lock acquired by nodename 7145@pr-hdds-1569-p5fx8-1226042367
2019-09-20 09:26:58,595 | INFO  | SCMAudit | user=jenkins1000 | ip=192.168.36.99 | op=SEND_HEARTBEAT {datanodeUUID=fd3cd5f9-4f1c-43ea-91b1-b85a1f6c3825, command=[]} | ret=SUCCESS |  
2019-09-20 09:26:58,620 [02b93e76-e4c6-4b67-b8a4-c536d9ab7224-SegmentedRaftLogWorker:Storage Directory /workdir/hadoop-ozone/integration-test/target/test-dir/MiniOzoneClusterImpl-a33d77e5-464b-4d19-8e6b-a171e580bf0e/datanode-0/data/ratis/f927e073-3382-4983-9131-4b5e8063c4a4] INFO  segmented.SegmentedRaftLogWorker (SegmentedRaftLogWorker.java:execute(569)) - 02b93e76-e4c6-4b67-b8a4-c536d9ab7224-SegmentedRaftLogWorker:Storage Directory /workdir/hadoop-ozone/integration-test/target/test-dir/MiniOzoneClusterImpl-a33d77e5-464b-4d19-8e6b-a171e580bf0e/datanode-0/data/ratis/f927e073-3382-4983-9131-4b5e8063c4a4: created new log segment /workdir/hadoop-ozone/integration-test/target/test-dir/MiniOzoneClusterImpl-a33d77e5-464b-4d19-8e6b-a171e580bf0e/datanode-0/data/ratis/f927e073-3382-4983-9131-4b5e8063c4a4/current/log_inprogress_0
2019-09-20 09:26:58,620 [pool-38-thread-1] INFO  storage.RaftStorage (RaftStorage.java:format(72)) - Storage directory /workdir/hadoop-ozone/integration-test/target/test-dir/MiniOzoneClusterImpl-a33d77e5-464b-4d19-8e6b-a171e580bf0e/datanode-1/data/ratis/00b4180d-3d56-4121-a0e5-4783210e70c8 has been successfully formatted.
2019-09-20 09:26:58,621 [pool-38-thread-1] INFO  ratis.ContainerStateMachine (ContainerStateMachine.java:loadSnapshot(226)) - group-4783210E70C8: The snapshot info is null. Setting the last applied indexto:(t:0, i:~)
2019-09-20 09:26:58,621 [pool-38-thread-1] INFO  server.RaftServerConfigKeys (ConfUtils.java:logGet(43)) - raft.server.leader.election.timeout = 10s (custom)
2019-09-20 09:26:58,621 [pool-38-thread-1] INFO  server.RaftServerConfigKeys (ConfUtils.java:logGet(43)) - raft.server.log.use.memory = false (default)
2019-09-20 09:26:58,621 [pool-38-thread-1] INFO  server.RaftServerConfigKeys (ConfUtils.java:logGet(43)) - raft.server.log.purge.gap = 1000000 (custom)
2019-09-20 09:26:58,621 [pool-38-thread-1] INFO  server.RaftServerConfigKeys (ConfUtils.java:logGet(43)) - raft.server.log.appender.buffer.byte-limit = 33554432 (custom)
2019-09-20 09:26:58,622 [pool-38-thread-1] INFO  server.RaftServerConfigKeys (ConfUtils.java:logGet(43)) - raft.server.log.segment.size.max = 1048576 (custom)
2019-09-20 09:26:58,622 [pool-38-thread-1] INFO  server.RaftServerConfigKeys (ConfUtils.java:logGet(43)) - raft.server.log.segment.cache.num.max = 2 (custom)
2019-09-20 09:26:58,622 [pool-38-thread-1] INFO  segmented.SegmentedRaftLogWorker (SegmentedRaftLogWorker.java:<init>(172)) - new fd3cd5f9-4f1c-43ea-91b1-b85a1f6c3825-SegmentedRaftLogWorker:Storage Directory /workdir/hadoop-ozone/integration-test/target/test-dir/MiniOzoneClusterImpl-a33d77e5-464b-4d19-8e6b-a171e580bf0e/datanode-1/data/ratis/00b4180d-3d56-4121-a0e5-4783210e70c8 for RaftStorage:Storage Directory /workdir/hadoop-ozone/integration-test/target/test-dir/MiniOzoneClusterImpl-a33d77e5-464b-4d19-8e6b-a171e580bf0e/datanode-1/data/ratis/00b4180d-3d56-4121-a0e5-4783210e70c8
2019-09-20 09:26:58,622 [pool-38-thread-1] INFO  server.RaftServerConfigKeys (ConfUtils.java:logGet(43)) - raft.server.log.queue.byte-limit = 2147483647 (custom)
2019-09-20 09:26:58,622 [pool-38-thread-1] INFO  server.RaftServerConfigKeys (ConfUtils.java:logGet(43)) - raft.server.log.queue.element-limit = 1024 (custom)
2019-09-20 09:26:58,622 [pool-38-thread-1] INFO  server.RaftServerConfigKeys (ConfUtils.java:logGet(43)) - raft.server.log.segment.size.max = 1048576 (custom)
2019-09-20 09:26:58,623 [pool-38-thread-1] INFO  server.RaftServerConfigKeys (ConfUtils.java:logGet(43)) - raft.server.log.preallocated.size = 16384 (custom)
2019-09-20 09:26:58,623 [pool-38-thread-1] INFO  server.RaftServerConfigKeys (ConfUtils.java:logGet(43)) - raft.server.log.write.buffer.size = 33554432 (custom)
2019-09-20 09:26:58,623 [pool-38-thread-1] INFO  server.RaftServerConfigKeys (ConfUtils.java:logGet(43)) - raft.server.log.force.sync.num = 128 (default)
2019-09-20 09:26:58,623 [pool-38-thread-1] INFO  server.RaftServerConfigKeys (ConfUtils.java:logGet(43)) - raft.server.log.statemachine.data.sync = true (default)
2019-09-20 09:26:58,623 [pool-38-thread-1] INFO  server.RaftServerConfigKeys (ConfUtils.java:logGet(43)) - raft.server.log.statemachine.data.sync.timeout = 10s (default)
2019-09-20 09:26:58,623 [pool-38-thread-1] INFO  server.RaftServerConfigKeys (ConfUtils.java:logGet(43)) - raft.server.log.statemachine.data.sync.timeout.retry = -1 (default)
2019-09-20 09:26:58,623 [pool-38-thread-1] INFO  server.RaftServerConfigKeys (ConfUtils.java:logGet(43)) - raft.server.log.statemachine.data.caching.enabled = true (custom)
2019-09-20 09:26:58,624 [pool-38-thread-1] INFO  segmented.SegmentedRaftLogWorker (SegmentedRaftLogWorker.java:lambda$new$0(132)) - fd3cd5f9-4f1c-43ea-91b1-b85a1f6c3825-SegmentedRaftLogWorker:Storage Directory /workdir/hadoop-ozone/integration-test/target/test-dir/MiniOzoneClusterImpl-a33d77e5-464b-4d19-8e6b-a171e580bf0e/datanode-1/data/ratis/00b4180d-3d56-4121-a0e5-4783210e70c8: flushIndex: setUnconditionally 0 -> -1
2019-09-20 09:26:58,624 [pool-38-thread-1] INFO  server.RaftServerConfigKeys (ConfUtils.java:logGet(43)) - raft.server.snapshot.auto.trigger.enabled = true (custom)
2019-09-20 09:26:58,624 [pool-38-thread-1] INFO  server.RaftServerConfigKeys (ConfUtils.java:logGet(43)) - raft.server.snapshot.auto.trigger.threshold = 10000 (custom)
2019-09-20 09:26:58,625 [pool-38-thread-1] INFO  server.RaftServerConfigKeys (ConfUtils.java:logGet(43)) - raft.server.retrycache.expirytime = 600000ms (custom)
2019-09-20 09:26:58,625 [pool-38-thread-1] INFO  impl.RaftServerImpl (RaftServerImpl.java:start(180)) - fd3cd5f9-4f1c-43ea-91b1-b85a1f6c3825: start group-4783210E70C8
2019-09-20 09:26:58,625 [pool-38-thread-1] INFO  impl.RaftServerImpl (RaftServerImpl.java:setRole(171)) - fd3cd5f9-4f1c-43ea-91b1-b85a1f6c3825:group-4783210E70C8 changes role from null to FOLLOWER at term 0 for startAsFollower
2019-09-20 09:26:58,625 [pool-38-thread-1] INFO  impl.RoleInfo (RoleInfo.java:updateAndGet(143)) - fd3cd5f9-4f1c-43ea-91b1-b85a1f6c3825: start FollowerState
2019-09-20 09:26:58,626 [pool-38-thread-1] INFO  util.JmxRegister (JmxRegister.java:tryRegister(44)) - Successfully registered JMX Bean with object name Ratis:service=RaftServer,group=group-4783210E70C8,id=fd3cd5f9-4f1c-43ea-91b1-b85a1f6c3825
2019-09-20 09:26:58,629 [RatisPipelineUtilsThread] INFO  pipeline.PipelineStateManager (PipelineStateManager.java:addPipeline(56)) - Created pipeline Pipeline[ Id: 00b4180d-3d56-4121-a0e5-4783210e70c8, Nodes: fd3cd5f9-4f1c-43ea-91b1-b85a1f6c3825{ip: 192.168.36.99, host: pr-hdds-1569-p5fx8-1226042367, networkLocation: /default-rack, certSerialId: null}, Type:RATIS, Factor:ONE, State:OPEN]
2019-09-20 09:26:58,634 [grpc-default-executor-1] INFO  impl.RaftServerProxy (RaftServerProxy.java:addNew(89)) - fd3cd5f9-4f1c-43ea-91b1-b85a1f6c3825: addNew group-FE29A59A7301:[fd3cd5f9-4f1c-43ea-91b1-b85a1f6c3825:192.168.36.99:39114] returns group-FE29A59A7301:java.util.concurrent.CompletableFuture@634a49b9[Not completed]
2019-09-20 09:26:58,635 [pool-38-thread-1] INFO  impl.RaftServerImpl (RaftServerImpl.java:<init>(93)) - fd3cd5f9-4f1c-43ea-91b1-b85a1f6c3825: new RaftServerImpl for group-FE29A59A7301:[fd3cd5f9-4f1c-43ea-91b1-b85a1f6c3825:192.168.36.99:39114] with ContainerStateMachine:uninitialized
2019-09-20 09:26:58,635 [pool-38-thread-1] INFO  server.RaftServerConfigKeys (ConfUtils.java:logGet(43)) - raft.server.rpc.timeout.min = 5s (custom)
2019-09-20 09:26:58,635 [pool-38-thread-1] INFO  server.RaftServerConfigKeys (ConfUtils.java:logGet(43)) - raft.server.rpc.timeout.max = 5200ms (custom)
2019-09-20 09:26:58,635 [pool-38-thread-1] INFO  server.RaftServerConfigKeys (ConfUtils.java:logGet(43)) - raft.server.rpcslowness.timeout = 10s (custom)
2019-09-20 09:26:58,635 [pool-38-thread-1] INFO  server.RaftServerConfigKeys (ConfUtils.java:logGet(43)) - raft.server.sleep.deviation.threshold = 300 (default)
2019-09-20 09:26:58,636 [pool-38-thread-1] INFO  server.RaftServerConfigKeys (ConfUtils.java:logGet(43)) - raft.server.log.appender.install.snapshot.enabled = false (custom)
2019-09-20 09:26:58,636 [pool-38-thread-1] INFO  impl.RaftServerImpl (ServerState.java:<init>(105)) - fd3cd5f9-4f1c-43ea-91b1-b85a1f6c3825:group-FE29A59A7301 ConfigurationManager, init=-1: [fd3cd5f9-4f1c-43ea-91b1-b85a1f6c3825:192.168.36.99:39114], old=null, confs=<EMPTY_MAP>
2019-09-20 09:26:58,636 [pool-38-thread-1] INFO  server.RaftServerConfigKeys (ConfUtils.java:logGet(43)) - raft.server.storage.dir = [/workdir/hadoop-ozone/integration-test/target/test-dir/MiniOzoneClusterImpl-a33d77e5-464b-4d19-8e6b-a171e580bf0e/datanode-1/data/ratis] (custom)
2019-09-20 09:26:58,636 [pool-38-thread-1] INFO  storage.RaftStorageDirectory (RaftStorageDirectory.java:analyzeStorage(246)) - The storage directory /workdir/hadoop-ozone/integration-test/target/test-dir/MiniOzoneClusterImpl-a33d77e5-464b-4d19-8e6b-a171e580bf0e/datanode-1/data/ratis/7b293f05-51fc-4416-a472-fe29a59a7301 does not exist. Creating ...
2019-09-20 09:26:58,643 [Thread-279] INFO  impl.FollowerState (FollowerState.java:run(106)) - 492ed782-6ab3-4ad9-945e-06def6ac7c96:group-97D2BFE2B918 changes to CANDIDATE, lastRpcTime:5149, electionTimeout:5146ms
2019-09-20 09:26:58,643 [Thread-279] INFO  impl.RoleInfo (RoleInfo.java:shutdownFollowerState(121)) - 492ed782-6ab3-4ad9-945e-06def6ac7c96: shutdown FollowerState
2019-09-20 09:26:58,643 [Thread-279] INFO  impl.RaftServerImpl (RaftServerImpl.java:setRole(171)) - 492ed782-6ab3-4ad9-945e-06def6ac7c96:group-97D2BFE2B918 changes role from FOLLOWER to CANDIDATE at term 0 for changeToCandidate
2019-09-20 09:26:58,643 [Thread-279] INFO  impl.RoleInfo (RoleInfo.java:updateAndGet(143)) - 492ed782-6ab3-4ad9-945e-06def6ac7c96: start LeaderElection
2019-09-20 09:26:58,679 [pool-38-thread-1] INFO  storage.RaftStorageDirectory (RaftStorageDirectory.java:tryLock(328)) - Lock on /workdir/hadoop-ozone/integration-test/target/test-dir/MiniOzoneClusterImpl-a33d77e5-464b-4d19-8e6b-a171e580bf0e/datanode-1/data/ratis/7b293f05-51fc-4416-a472-fe29a59a7301/in_use.lock acquired by nodename 7145@pr-hdds-1569-p5fx8-1226042367
2019-09-20 09:26:58,679 [492ed782-6ab3-4ad9-945e-06def6ac7c96:group-97D2BFE2B918:LeaderElection19] INFO  impl.LeaderElection (LeaderElection.java:askForVotes(181)) - 492ed782-6ab3-4ad9-945e-06def6ac7c96:group-97D2BFE2B918:LeaderElection19: begin an election at term 1 for -1: [492ed782-6ab3-4ad9-945e-06def6ac7c96:192.168.36.99:32835], old=null
2019-09-20 09:26:58,679 [492ed782-6ab3-4ad9-945e-06def6ac7c96:group-97D2BFE2B918:LeaderElection19] INFO  impl.RoleInfo (RoleInfo.java:shutdownLeaderElection(134)) - 492ed782-6ab3-4ad9-945e-06def6ac7c96: shutdown LeaderElection
2019-09-20 09:26:58,679 [492ed782-6ab3-4ad9-945e-06def6ac7c96:group-97D2BFE2B918:LeaderElection19] INFO  impl.RaftServerImpl (RaftServerImpl.java:setRole(171)) - 492ed782-6ab3-4ad9-945e-06def6ac7c96:group-97D2BFE2B918 changes role from CANDIDATE to LEADER at term 1 for changeToLeader
2019-09-20 09:26:58,679 [492ed782-6ab3-4ad9-945e-06def6ac7c96:group-97D2BFE2B918:LeaderElection19] INFO  impl.RaftServerImpl (ServerState.java:setLeader(263)) - 492ed782-6ab3-4ad9-945e-06def6ac7c96:group-97D2BFE2B918 change Leader from null to 492ed782-6ab3-4ad9-945e-06def6ac7c96 at term 1 for becomeLeader, leader elected after 5196ms
2019-09-20 09:26:58,680 [492ed782-6ab3-4ad9-945e-06def6ac7c96:group-97D2BFE2B918:LeaderElection19] INFO  server.RaftServerConfigKeys (ConfUtils.java:logGet(43)) - raft.server.staging.catchup.gap = 1000 (default)
2019-09-20 09:26:58,680 [492ed782-6ab3-4ad9-945e-06def6ac7c96:group-97D2BFE2B918:LeaderElection19] INFO  server.RaftServerConfigKeys (ConfUtils.java:logGet(43)) - raft.server.rpc.sleep.time = 25ms (default)
2019-09-20 09:26:58,680 [492ed782-6ab3-4ad9-945e-06def6ac7c96:group-97D2BFE2B918:LeaderElection19] INFO  server.RaftServerConfigKeys (ConfUtils.java:logGet(43)) - raft.server.write.element-limit = 4096 (default)
2019-09-20 09:26:58,680 [492ed782-6ab3-4ad9-945e-06def6ac7c96:group-97D2BFE2B918:LeaderElection19] INFO  server.RaftServerConfigKeys (ConfUtils.java:logGet(43)) - raft.server.watch.timeout = 10s (default)
2019-09-20 09:26:58,680 [492ed782-6ab3-4ad9-945e-06def6ac7c96:group-97D2BFE2B918:LeaderElection19] INFO  server.RaftServerConfigKeys (ConfUtils.java:logGet(43)) - raft.server.watch.timeout.denomination = 1s (default)
2019-09-20 09:26:58,680 [492ed782-6ab3-4ad9-945e-06def6ac7c96:group-97D2BFE2B918:LeaderElection19] INFO  server.RaftServerConfigKeys (ConfUtils.java:logGet(43)) - raft.server.watch.element-limit = 65536 (default)
2019-09-20 09:26:58,681 [492ed782-6ab3-4ad9-945e-06def6ac7c96:group-97D2BFE2B918:LeaderElection19] INFO  impl.RoleInfo (RoleInfo.java:updateAndGet(143)) - 492ed782-6ab3-4ad9-945e-06def6ac7c96: start LeaderState
2019-09-20 09:26:58,681 [492ed782-6ab3-4ad9-945e-06def6ac7c96:group-97D2BFE2B918:LeaderElection19] INFO  segmented.SegmentedRaftLogWorker (SegmentedRaftLogWorker.java:startLogSegment(380)) - 492ed782-6ab3-4ad9-945e-06def6ac7c96-SegmentedRaftLogWorker:Storage Directory /workdir/hadoop-ozone/integration-test/target/test-dir/MiniOzoneClusterImpl-a33d77e5-464b-4d19-8e6b-a171e580bf0e/datanode-2/data/ratis/297a7319-d8a2-4a58-8faa-97d2bfe2b918: Starting segment from index:0
2019-09-20 09:26:58,681 [492ed782-6ab3-4ad9-945e-06def6ac7c96:group-97D2BFE2B918:LeaderElection19] INFO  impl.RaftServerImpl (ServerState.java:setRaftConf(361)) - 492ed782-6ab3-4ad9-945e-06def6ac7c96:group-97D2BFE2B918 set configuration 0: [492ed782-6ab3-4ad9-945e-06def6ac7c96:192.168.36.99:32835], old=null at 0
2019-09-20 09:26:58,718 [Thread-285] INFO  impl.FollowerState (FollowerState.java:run(106)) - 871e6485-c22a-483f-9e07-d19e754685be:group-4B079FF6BCF9 changes to CANDIDATE, lastRpcTime:5027, electionTimeout:5018ms
2019-09-20 09:26:58,718 [Thread-285] INFO  impl.RoleInfo (RoleInfo.java:shutdownFollowerState(121)) - 871e6485-c22a-483f-9e07-d19e754685be: shutdown FollowerState
2019-09-20 09:26:58,718 [Thread-285] INFO  impl.RaftServerImpl (RaftServerImpl.java:setRole(171)) - 871e6485-c22a-483f-9e07-d19e754685be:group-4B079FF6BCF9 changes role from FOLLOWER to CANDIDATE at term 0 for changeToCandidate
2019-09-20 09:26:58,718 [Thread-285] INFO  impl.RoleInfo (RoleInfo.java:updateAndGet(143)) - 871e6485-c22a-483f-9e07-d19e754685be: start LeaderElection
2019-09-20 09:26:58,735 [Thread-282] INFO  impl.FollowerState (FollowerState.java:run(106)) - 871e6485-c22a-483f-9e07-d19e754685be:group-E479DB0860CE changes to CANDIDATE, lastRpcTime:5147, electionTimeout:5140ms
2019-09-20 09:26:58,742 [pool-38-thread-1] INFO  storage.RaftStorage (RaftStorage.java:format(72)) - Storage directory /workdir/hadoop-ozone/integration-test/target/test-dir/MiniOzoneClusterImpl-a33d77e5-464b-4d19-8e6b-a171e580bf0e/datanode-1/data/ratis/7b293f05-51fc-4416-a472-fe29a59a7301 has been successfully formatted.
2019-09-20 09:26:58,742 [Thread-282] INFO  impl.RoleInfo (RoleInfo.java:shutdownFollowerState(121)) - 871e6485-c22a-483f-9e07-d19e754685be: shutdown FollowerState
2019-09-20 09:26:58,742 [Thread-282] INFO  impl.RaftServerImpl (RaftServerImpl.java:setRole(171)) - 871e6485-c22a-483f-9e07-d19e754685be:group-E479DB0860CE changes role from FOLLOWER to CANDIDATE at term 0 for changeToCandidate
2019-09-20 09:26:58,742 [pool-38-thread-1] INFO  ratis.ContainerStateMachine (ContainerStateMachine.java:loadSnapshot(226)) - group-FE29A59A7301: The snapshot info is null. Setting the last applied indexto:(t:0, i:~)
2019-09-20 09:26:58,742 [Thread-282] INFO  impl.RoleInfo (RoleInfo.java:updateAndGet(143)) - 871e6485-c22a-483f-9e07-d19e754685be: start LeaderElection
2019-09-20 09:26:58,742 [pool-38-thread-1] INFO  server.RaftServerConfigKeys (ConfUtils.java:logGet(43)) - raft.server.leader.election.timeout = 10s (custom)
2019-09-20 09:26:58,743 [pool-38-thread-1] INFO  server.RaftServerConfigKeys (ConfUtils.java:logGet(43)) - raft.server.log.use.memory = false (default)
2019-09-20 09:26:58,745 [pool-38-thread-1] INFO  server.RaftServerConfigKeys (ConfUtils.java:logGet(43)) - raft.server.log.purge.gap = 1000000 (custom)
2019-09-20 09:26:58,745 [pool-38-thread-1] INFO  server.RaftServerConfigKeys (ConfUtils.java:logGet(43)) - raft.server.log.appender.buffer.byte-limit = 33554432 (custom)
2019-09-20 09:26:58,745 [pool-38-thread-1] INFO  server.RaftServerConfigKeys (ConfUtils.java:logGet(43)) - raft.server.log.segment.size.max = 1048576 (custom)
2019-09-20 09:26:58,745 [pool-38-thread-1] INFO  server.RaftServerConfigKeys (ConfUtils.java:logGet(43)) - raft.server.log.segment.cache.num.max = 2 (custom)
2019-09-20 09:26:58,745 [pool-38-thread-1] INFO  segmented.SegmentedRaftLogWorker (SegmentedRaftLogWorker.java:<init>(172)) - new fd3cd5f9-4f1c-43ea-91b1-b85a1f6c3825-SegmentedRaftLogWorker:Storage Directory /workdir/hadoop-ozone/integration-test/target/test-dir/MiniOzoneClusterImpl-a33d77e5-464b-4d19-8e6b-a171e580bf0e/datanode-1/data/ratis/7b293f05-51fc-4416-a472-fe29a59a7301 for RaftStorage:Storage Directory /workdir/hadoop-ozone/integration-test/target/test-dir/MiniOzoneClusterImpl-a33d77e5-464b-4d19-8e6b-a171e580bf0e/datanode-1/data/ratis/7b293f05-51fc-4416-a472-fe29a59a7301
2019-09-20 09:26:58,746 [pool-38-thread-1] INFO  server.RaftServerConfigKeys (ConfUtils.java:logGet(43)) - raft.server.log.queue.byte-limit = 2147483647 (custom)
2019-09-20 09:26:58,746 [pool-38-thread-1] INFO  server.RaftServerConfigKeys (ConfUtils.java:logGet(43)) - raft.server.log.queue.element-limit = 1024 (custom)
2019-09-20 09:26:58,746 [pool-38-thread-1] INFO  server.RaftServerConfigKeys (ConfUtils.java:logGet(43)) - raft.server.log.segment.size.max = 1048576 (custom)
2019-09-20 09:26:58,746 [pool-38-thread-1] INFO  server.RaftServerConfigKeys (ConfUtils.java:logGet(43)) - raft.server.log.preallocated.size = 16384 (custom)
2019-09-20 09:26:58,746 [pool-38-thread-1] INFO  server.RaftServerConfigKeys (ConfUtils.java:logGet(43)) - raft.server.log.write.buffer.size = 33554432 (custom)
2019-09-20 09:26:58,746 [pool-38-thread-1] INFO  server.RaftServerConfigKeys (ConfUtils.java:logGet(43)) - raft.server.log.force.sync.num = 128 (default)
2019-09-20 09:26:58,747 [pool-38-thread-1] INFO  server.RaftServerConfigKeys (ConfUtils.java:logGet(43)) - raft.server.log.statemachine.data.sync = true (default)
2019-09-20 09:26:58,747 [pool-38-thread-1] INFO  server.RaftServerConfigKeys (ConfUtils.java:logGet(43)) - raft.server.log.statemachine.data.sync.timeout = 10s (default)
2019-09-20 09:26:58,747 [pool-38-thread-1] INFO  server.RaftServerConfigKeys (ConfUtils.java:logGet(43)) - raft.server.log.statemachine.data.sync.timeout.retry = -1 (default)
2019-09-20 09:26:58,747 [pool-38-thread-1] INFO  server.RaftServerConfigKeys (ConfUtils.java:logGet(43)) - raft.server.log.statemachine.data.caching.enabled = true (custom)
2019-09-20 09:26:58,748 [pool-38-thread-1] INFO  segmented.SegmentedRaftLogWorker (SegmentedRaftLogWorker.java:lambda$new$0(132)) - fd3cd5f9-4f1c-43ea-91b1-b85a1f6c3825-SegmentedRaftLogWorker:Storage Directory /workdir/hadoop-ozone/integration-test/target/test-dir/MiniOzoneClusterImpl-a33d77e5-464b-4d19-8e6b-a171e580bf0e/datanode-1/data/ratis/7b293f05-51fc-4416-a472-fe29a59a7301: flushIndex: setUnconditionally 0 -> -1
2019-09-20 09:26:58,748 [pool-38-thread-1] INFO  server.RaftServerConfigKeys (ConfUtils.java:logGet(43)) - raft.server.snapshot.auto.trigger.enabled = true (custom)
2019-09-20 09:26:58,748 [pool-38-thread-1] INFO  server.RaftServerConfigKeys (ConfUtils.java:logGet(43)) - raft.server.snapshot.auto.trigger.threshold = 10000 (custom)
2019-09-20 09:26:58,748 [pool-38-thread-1] INFO  server.RaftServerConfigKeys (ConfUtils.java:logGet(43)) - raft.server.retrycache.expirytime = 600000ms (custom)
2019-09-20 09:26:58,749 [pool-38-thread-1] INFO  impl.RaftServerImpl (RaftServerImpl.java:start(180)) - fd3cd5f9-4f1c-43ea-91b1-b85a1f6c3825: start group-FE29A59A7301
2019-09-20 09:26:58,749 [pool-38-thread-1] INFO  impl.RaftServerImpl (RaftServerImpl.java:setRole(171)) - fd3cd5f9-4f1c-43ea-91b1-b85a1f6c3825:group-FE29A59A7301 changes role from null to FOLLOWER at term 0 for startAsFollower
2019-09-20 09:26:58,749 [pool-38-thread-1] INFO  impl.RoleInfo (RoleInfo.java:updateAndGet(143)) - fd3cd5f9-4f1c-43ea-91b1-b85a1f6c3825: start FollowerState
2019-09-20 09:26:58,749 [pool-38-thread-1] INFO  util.JmxRegister (JmxRegister.java:tryRegister(44)) - Successfully registered JMX Bean with object name Ratis:service=RaftServer,group=group-FE29A59A7301,id=fd3cd5f9-4f1c-43ea-91b1-b85a1f6c3825
2019-09-20 09:26:58,753 [RatisPipelineUtilsThread] INFO  pipeline.PipelineStateManager (PipelineStateManager.java:addPipeline(56)) - Created pipeline Pipeline[ Id: 7b293f05-51fc-4416-a472-fe29a59a7301, Nodes: fd3cd5f9-4f1c-43ea-91b1-b85a1f6c3825{ip: 192.168.36.99, host: pr-hdds-1569-p5fx8-1226042367, networkLocation: /default-rack, certSerialId: null}, Type:RATIS, Factor:ONE, State:OPEN]
2019-09-20 09:26:58,759 [grpc-default-executor-1] INFO  impl.RaftServerProxy (RaftServerProxy.java:addNew(89)) - fd3cd5f9-4f1c-43ea-91b1-b85a1f6c3825: addNew group-12B3FAED76D7:[fd3cd5f9-4f1c-43ea-91b1-b85a1f6c3825:192.168.36.99:39114] returns group-12B3FAED76D7:java.util.concurrent.CompletableFuture@7a7e06c5[Not completed]
2019-09-20 09:26:58,761 [pool-38-thread-1] INFO  impl.RaftServerImpl (RaftServerImpl.java:<init>(93)) - fd3cd5f9-4f1c-43ea-91b1-b85a1f6c3825: new RaftServerImpl for group-12B3FAED76D7:[fd3cd5f9-4f1c-43ea-91b1-b85a1f6c3825:192.168.36.99:39114] with ContainerStateMachine:uninitialized
2019-09-20 09:26:58,761 [pool-38-thread-1] INFO  server.RaftServerConfigKeys (ConfUtils.java:logGet(43)) - raft.server.rpc.timeout.min = 5s (custom)
2019-09-20 09:26:58,761 [pool-38-thread-1] INFO  server.RaftServerConfigKeys (ConfUtils.java:logGet(43)) - raft.server.rpc.timeout.max = 5200ms (custom)
2019-09-20 09:26:58,761 [pool-38-thread-1] INFO  server.RaftServerConfigKeys (ConfUtils.java:logGet(43)) - raft.server.rpcslowness.timeout = 10s (custom)
2019-09-20 09:26:58,761 [pool-38-thread-1] INFO  server.RaftServerConfigKeys (ConfUtils.java:logGet(43)) - raft.server.sleep.deviation.threshold = 300 (default)
2019-09-20 09:26:58,761 [pool-38-thread-1] INFO  server.RaftServerConfigKeys (ConfUtils.java:logGet(43)) - raft.server.log.appender.install.snapshot.enabled = false (custom)
2019-09-20 09:26:58,761 [pool-38-thread-1] INFO  impl.RaftServerImpl (ServerState.java:<init>(105)) - fd3cd5f9-4f1c-43ea-91b1-b85a1f6c3825:group-12B3FAED76D7 ConfigurationManager, init=-1: [fd3cd5f9-4f1c-43ea-91b1-b85a1f6c3825:192.168.36.99:39114], old=null, confs=<EMPTY_MAP>
2019-09-20 09:26:58,762 [pool-38-thread-1] INFO  server.RaftServerConfigKeys (ConfUtils.java:logGet(43)) - raft.server.storage.dir = [/workdir/hadoop-ozone/integration-test/target/test-dir/MiniOzoneClusterImpl-a33d77e5-464b-4d19-8e6b-a171e580bf0e/datanode-1/data/ratis] (custom)
2019-09-20 09:26:58,762 [pool-38-thread-1] INFO  storage.RaftStorageDirectory (RaftStorageDirectory.java:analyzeStorage(246)) - The storage directory /workdir/hadoop-ozone/integration-test/target/test-dir/MiniOzoneClusterImpl-a33d77e5-464b-4d19-8e6b-a171e580bf0e/datanode-1/data/ratis/b7807c9d-8f95-4f8f-b38a-12b3faed76d7 does not exist. Creating ...
2019-09-20 09:26:58,798 [pool-38-thread-1] INFO  storage.RaftStorageDirectory (RaftStorageDirectory.java:tryLock(328)) - Lock on /workdir/hadoop-ozone/integration-test/target/test-dir/MiniOzoneClusterImpl-a33d77e5-464b-4d19-8e6b-a171e580bf0e/datanode-1/data/ratis/b7807c9d-8f95-4f8f-b38a-12b3faed76d7/in_use.lock acquired by nodename 7145@pr-hdds-1569-p5fx8-1226042367
2019-09-20 09:26:58,798 [492ed782-6ab3-4ad9-945e-06def6ac7c96-SegmentedRaftLogWorker:Storage Directory /workdir/hadoop-ozone/integration-test/target/test-dir/MiniOzoneClusterImpl-a33d77e5-464b-4d19-8e6b-a171e580bf0e/datanode-2/data/ratis/297a7319-d8a2-4a58-8faa-97d2bfe2b918] INFO  segmented.SegmentedRaftLogWorker (SegmentedRaftLogWorker.java:execute(569)) - 492ed782-6ab3-4ad9-945e-06def6ac7c96-SegmentedRaftLogWorker:Storage Directory /workdir/hadoop-ozone/integration-test/target/test-dir/MiniOzoneClusterImpl-a33d77e5-464b-4d19-8e6b-a171e580bf0e/datanode-2/data/ratis/297a7319-d8a2-4a58-8faa-97d2bfe2b918: created new log segment /workdir/hadoop-ozone/integration-test/target/test-dir/MiniOzoneClusterImpl-a33d77e5-464b-4d19-8e6b-a171e580bf0e/datanode-2/data/ratis/297a7319-d8a2-4a58-8faa-97d2bfe2b918/current/log_inprogress_0
2019-09-20 09:26:58,798 [871e6485-c22a-483f-9e07-d19e754685be:group-E479DB0860CE:LeaderElection21] INFO  impl.LeaderElection (LeaderElection.java:askForVotes(181)) - 871e6485-c22a-483f-9e07-d19e754685be:group-E479DB0860CE:LeaderElection21: begin an election at term 1 for -1: [871e6485-c22a-483f-9e07-d19e754685be:192.168.36.99:41076], old=null
2019-09-20 09:26:58,798 [871e6485-c22a-483f-9e07-d19e754685be:group-4B079FF6BCF9:LeaderElection20] INFO  impl.LeaderElection (LeaderElection.java:askForVotes(181)) - 871e6485-c22a-483f-9e07-d19e754685be:group-4B079FF6BCF9:LeaderElection20: begin an election at term 1 for -1: [871e6485-c22a-483f-9e07-d19e754685be:192.168.36.99:41076], old=null
2019-09-20 09:26:58,798 [871e6485-c22a-483f-9e07-d19e754685be:group-E479DB0860CE:LeaderElection21] INFO  impl.RoleInfo (RoleInfo.java:shutdownLeaderElection(134)) - 871e6485-c22a-483f-9e07-d19e754685be: shutdown LeaderElection
2019-09-20 09:26:58,798 [871e6485-c22a-483f-9e07-d19e754685be:group-4B079FF6BCF9:LeaderElection20] INFO  impl.RoleInfo (RoleInfo.java:shutdownLeaderElection(134)) - 871e6485-c22a-483f-9e07-d19e754685be: shutdown LeaderElection
2019-09-20 09:26:58,799 [871e6485-c22a-483f-9e07-d19e754685be:group-E479DB0860CE:LeaderElection21] INFO  impl.RaftServerImpl (RaftServerImpl.java:setRole(171)) - 871e6485-c22a-483f-9e07-d19e754685be:group-E479DB0860CE changes role from CANDIDATE to LEADER at term 1 for changeToLeader
2019-09-20 09:26:58,799 [871e6485-c22a-483f-9e07-d19e754685be:group-4B079FF6BCF9:LeaderElection20] INFO  impl.RaftServerImpl (RaftServerImpl.java:setRole(171)) - 871e6485-c22a-483f-9e07-d19e754685be:group-4B079FF6BCF9 changes role from CANDIDATE to LEADER at term 1 for changeToLeader
2019-09-20 09:26:58,799 [871e6485-c22a-483f-9e07-d19e754685be:group-E479DB0860CE:LeaderElection21] INFO  impl.RaftServerImpl (ServerState.java:setLeader(263)) - 871e6485-c22a-483f-9e07-d19e754685be:group-E479DB0860CE change Leader from null to 871e6485-c22a-483f-9e07-d19e754685be at term 1 for becomeLeader, leader elected after 5222ms
2019-09-20 09:26:58,799 [871e6485-c22a-483f-9e07-d19e754685be:group-4B079FF6BCF9:LeaderElection20] INFO  impl.RaftServerImpl (ServerState.java:setLeader(263)) - 871e6485-c22a-483f-9e07-d19e754685be:group-4B079FF6BCF9 change Leader from null to 871e6485-c22a-483f-9e07-d19e754685be at term 1 for becomeLeader, leader elected after 5114ms
2019-09-20 09:26:58,799 [871e6485-c22a-483f-9e07-d19e754685be:group-E479DB0860CE:LeaderElection21] INFO  server.RaftServerConfigKeys (ConfUtils.java:logGet(43)) - raft.server.staging.catchup.gap = 1000 (default)
2019-09-20 09:26:58,799 [871e6485-c22a-483f-9e07-d19e754685be:group-4B079FF6BCF9:LeaderElection20] INFO  server.RaftServerConfigKeys (ConfUtils.java:logGet(43)) - raft.server.staging.catchup.gap = 1000 (default)
2019-09-20 09:26:58,799 [871e6485-c22a-483f-9e07-d19e754685be:group-E479DB0860CE:LeaderElection21] INFO  server.RaftServerConfigKeys (ConfUtils.java:logGet(43)) - raft.server.rpc.sleep.time = 25ms (default)
2019-09-20 09:26:58,799 [871e6485-c22a-483f-9e07-d19e754685be:group-4B079FF6BCF9:LeaderElection20] INFO  server.RaftServerConfigKeys (ConfUtils.java:logGet(43)) - raft.server.rpc.sleep.time = 25ms (default)
2019-09-20 09:26:58,800 [871e6485-c22a-483f-9e07-d19e754685be:group-E479DB0860CE:LeaderElection21] INFO  server.RaftServerConfigKeys (ConfUtils.java:logGet(43)) - raft.server.write.element-limit = 4096 (default)
2019-09-20 09:26:58,800 [871e6485-c22a-483f-9e07-d19e754685be:group-4B079FF6BCF9:LeaderElection20] INFO  server.RaftServerConfigKeys (ConfUtils.java:logGet(43)) - raft.server.write.element-limit = 4096 (default)
2019-09-20 09:26:58,800 [871e6485-c22a-483f-9e07-d19e754685be:group-E479DB0860CE:LeaderElection21] INFO  server.RaftServerConfigKeys (ConfUtils.java:logGet(43)) - raft.server.watch.timeout = 10s (default)
2019-09-20 09:26:58,800 [871e6485-c22a-483f-9e07-d19e754685be:group-4B079FF6BCF9:LeaderElection20] INFO  server.RaftServerConfigKeys (ConfUtils.java:logGet(43)) - raft.server.watch.timeout = 10s (default)
2019-09-20 09:26:58,800 [871e6485-c22a-483f-9e07-d19e754685be:group-E479DB0860CE:LeaderElection21] INFO  server.RaftServerConfigKeys (ConfUtils.java:logGet(43)) - raft.server.watch.timeout.denomination = 1s (default)
2019-09-20 09:26:58,800 [871e6485-c22a-483f-9e07-d19e754685be:group-4B079FF6BCF9:LeaderElection20] INFO  server.RaftServerConfigKeys (ConfUtils.java:logGet(43)) - raft.server.watch.timeout.denomination = 1s (default)
2019-09-20 09:26:58,801 [871e6485-c22a-483f-9e07-d19e754685be:group-E479DB0860CE:LeaderElection21] INFO  server.RaftServerConfigKeys (ConfUtils.java:logGet(43)) - raft.server.watch.element-limit = 65536 (default)
2019-09-20 09:26:58,801 [871e6485-c22a-483f-9e07-d19e754685be:group-4B079FF6BCF9:LeaderElection20] INFO  server.RaftServerConfigKeys (ConfUtils.java:logGet(43)) - raft.server.watch.element-limit = 65536 (default)
2019-09-20 09:26:58,801 [871e6485-c22a-483f-9e07-d19e754685be:group-E479DB0860CE:LeaderElection21] INFO  impl.RoleInfo (RoleInfo.java:updateAndGet(143)) - 871e6485-c22a-483f-9e07-d19e754685be: start LeaderState
2019-09-20 09:26:58,801 [871e6485-c22a-483f-9e07-d19e754685be:group-4B079FF6BCF9:LeaderElection20] INFO  impl.RoleInfo (RoleInfo.java:updateAndGet(143)) - 871e6485-c22a-483f-9e07-d19e754685be: start LeaderState
2019-09-20 09:26:58,801 [871e6485-c22a-483f-9e07-d19e754685be:group-E479DB0860CE:LeaderElection21] INFO  segmented.SegmentedRaftLogWorker (SegmentedRaftLogWorker.java:startLogSegment(380)) - 871e6485-c22a-483f-9e07-d19e754685be-SegmentedRaftLogWorker:Storage Directory /workdir/hadoop-ozone/integration-test/target/test-dir/MiniOzoneClusterImpl-a33d77e5-464b-4d19-8e6b-a171e580bf0e/datanode-4/data/ratis/038a8c8b-e5f7-4abc-9408-e479db0860ce: Starting segment from index:0
2019-09-20 09:26:58,801 [871e6485-c22a-483f-9e07-d19e754685be:group-4B079FF6BCF9:LeaderElection20] INFO  segmented.SegmentedRaftLogWorker (SegmentedRaftLogWorker.java:startLogSegment(380)) - 871e6485-c22a-483f-9e07-d19e754685be-SegmentedRaftLogWorker:Storage Directory /workdir/hadoop-ozone/integration-test/target/test-dir/MiniOzoneClusterImpl-a33d77e5-464b-4d19-8e6b-a171e580bf0e/datanode-4/data/ratis/9e1016a1-5c3e-4109-bf14-4b079ff6bcf9: Starting segment from index:0
2019-09-20 09:26:58,802 [871e6485-c22a-483f-9e07-d19e754685be:group-E479DB0860CE:LeaderElection21] INFO  impl.RaftServerImpl (ServerState.java:setRaftConf(361)) - 871e6485-c22a-483f-9e07-d19e754685be:group-E479DB0860CE set configuration 0: [871e6485-c22a-483f-9e07-d19e754685be:192.168.36.99:41076], old=null at 0
2019-09-20 09:26:58,838 [871e6485-c22a-483f-9e07-d19e754685be:group-4B079FF6BCF9:LeaderElection20] INFO  impl.RaftServerImpl (ServerState.java:setRaftConf(361)) - 871e6485-c22a-483f-9e07-d19e754685be:group-4B079FF6BCF9 set configuration 0: [871e6485-c22a-483f-9e07-d19e754685be:192.168.36.99:41076], old=null at 0
2019-09-20 09:26:58,869 [Thread-288] INFO  impl.FollowerState (FollowerState.java:run(106)) - 871e6485-c22a-483f-9e07-d19e754685be:group-896764FAE2AD changes to CANDIDATE, lastRpcTime:5096, electionTimeout:5067ms
2019-09-20 09:26:58,869 [Thread-291] INFO  impl.FollowerState (FollowerState.java:run(106)) - 02b93e76-e4c6-4b67-b8a4-c536d9ab7224:group-439FF9D4C390 changes to CANDIDATE, lastRpcTime:5020, electionTimeout:5001ms
2019-09-20 09:26:58,869 [pool-38-thread-1] INFO  storage.RaftStorage (RaftStorage.java:format(72)) - Storage directory /workdir/hadoop-ozone/integration-test/target/test-dir/MiniOzoneClusterImpl-a33d77e5-464b-4d19-8e6b-a171e580bf0e/datanode-1/data/ratis/b7807c9d-8f95-4f8f-b38a-12b3faed76d7 has been successfully formatted.
2019-09-20 09:26:58,869 [871e6485-c22a-483f-9e07-d19e754685be-SegmentedRaftLogWorker:Storage Directory /workdir/hadoop-ozone/integration-test/target/test-dir/MiniOzoneClusterImpl-a33d77e5-464b-4d19-8e6b-a171e580bf0e/datanode-4/data/ratis/038a8c8b-e5f7-4abc-9408-e479db0860ce] INFO  segmented.SegmentedRaftLogWorker (SegmentedRaftLogWorker.java:execute(569)) - 871e6485-c22a-483f-9e07-d19e754685be-SegmentedRaftLogWorker:Storage Directory /workdir/hadoop-ozone/integration-test/target/test-dir/MiniOzoneClusterImpl-a33d77e5-464b-4d19-8e6b-a171e580bf0e/datanode-4/data/ratis/038a8c8b-e5f7-4abc-9408-e479db0860ce: created new log segment /workdir/hadoop-ozone/integration-test/target/test-dir/MiniOzoneClusterImpl-a33d77e5-464b-4d19-8e6b-a171e580bf0e/datanode-4/data/ratis/038a8c8b-e5f7-4abc-9408-e479db0860ce/current/log_inprogress_0
2019-09-20 09:26:58,884 [Thread-291] INFO  impl.RoleInfo (RoleInfo.java:shutdownFollowerState(121)) - 02b93e76-e4c6-4b67-b8a4-c536d9ab7224: shutdown FollowerState
2019-09-20 09:26:58,882 [Thread-288] INFO  impl.RoleInfo (RoleInfo.java:shutdownFollowerState(121)) - 871e6485-c22a-483f-9e07-d19e754685be: shutdown FollowerState
2019-09-20 09:26:58,885 [Thread-291] INFO  impl.RaftServerImpl (RaftServerImpl.java:setRole(171)) - 02b93e76-e4c6-4b67-b8a4-c536d9ab7224:group-439FF9D4C390 changes role from FOLLOWER to CANDIDATE at term 0 for changeToCandidate
2019-09-20 09:26:58,885 [pool-38-thread-1] INFO  ratis.ContainerStateMachine (ContainerStateMachine.java:loadSnapshot(226)) - group-12B3FAED76D7: The snapshot info is null. Setting the last applied indexto:(t:0, i:~)
2019-09-20 09:26:58,885 [Thread-291] INFO  impl.RoleInfo (RoleInfo.java:updateAndGet(143)) - 02b93e76-e4c6-4b67-b8a4-c536d9ab7224: start LeaderElection
2019-09-20 09:26:58,885 [Thread-288] INFO  impl.RaftServerImpl (RaftServerImpl.java:setRole(171)) - 871e6485-c22a-483f-9e07-d19e754685be:group-896764FAE2AD changes role from FOLLOWER to CANDIDATE at term 0 for changeToCandidate
2019-09-20 09:26:58,886 [pool-38-thread-1] INFO  server.RaftServerConfigKeys (ConfUtils.java:logGet(43)) - raft.server.leader.election.timeout = 10s (custom)
2019-09-20 09:26:58,886 [Thread-288] INFO  impl.RoleInfo (RoleInfo.java:updateAndGet(143)) - 871e6485-c22a-483f-9e07-d19e754685be: start LeaderElection
2019-09-20 09:26:58,886 [pool-38-thread-1] INFO  server.RaftServerConfigKeys (ConfUtils.java:logGet(43)) - raft.server.log.use.memory = false (default)
2019-09-20 09:26:58,888 [pool-38-thread-1] INFO  server.RaftServerConfigKeys (ConfUtils.java:logGet(43)) - raft.server.log.purge.gap = 1000000 (custom)
2019-09-20 09:26:58,890 [pool-38-thread-1] INFO  server.RaftServerConfigKeys (ConfUtils.java:logGet(43)) - raft.server.log.appender.buffer.byte-limit = 33554432 (custom)
2019-09-20 09:26:58,890 [pool-38-thread-1] INFO  server.RaftServerConfigKeys (ConfUtils.java:logGet(43)) - raft.server.log.segment.size.max = 1048576 (custom)
2019-09-20 09:26:58,891 [pool-38-thread-1] INFO  server.RaftServerConfigKeys (ConfUtils.java:logGet(43)) - raft.server.log.segment.cache.num.max = 2 (custom)
2019-09-20 09:26:58,891 [pool-38-thread-1] INFO  segmented.SegmentedRaftLogWorker (SegmentedRaftLogWorker.java:<init>(172)) - new fd3cd5f9-4f1c-43ea-91b1-b85a1f6c3825-SegmentedRaftLogWorker:Storage Directory /workdir/hadoop-ozone/integration-test/target/test-dir/MiniOzoneClusterImpl-a33d77e5-464b-4d19-8e6b-a171e580bf0e/datanode-1/data/ratis/b7807c9d-8f95-4f8f-b38a-12b3faed76d7 for RaftStorage:Storage Directory /workdir/hadoop-ozone/integration-test/target/test-dir/MiniOzoneClusterImpl-a33d77e5-464b-4d19-8e6b-a171e580bf0e/datanode-1/data/ratis/b7807c9d-8f95-4f8f-b38a-12b3faed76d7
2019-09-20 09:26:58,891 [pool-38-thread-1] INFO  server.RaftServerConfigKeys (ConfUtils.java:logGet(43)) - raft.server.log.queue.byte-limit = 2147483647 (custom)
2019-09-20 09:26:58,891 [pool-38-thread-1] INFO  server.RaftServerConfigKeys (ConfUtils.java:logGet(43)) - raft.server.log.queue.element-limit = 1024 (custom)
2019-09-20 09:26:58,891 [pool-38-thread-1] INFO  server.RaftServerConfigKeys (ConfUtils.java:logGet(43)) - raft.server.log.segment.size.max = 1048576 (custom)
2019-09-20 09:26:58,891 [pool-38-thread-1] INFO  server.RaftServerConfigKeys (ConfUtils.java:logGet(43)) - raft.server.log.preallocated.size = 16384 (custom)
2019-09-20 09:26:58,891 [pool-38-thread-1] INFO  server.RaftServerConfigKeys (ConfUtils.java:logGet(43)) - raft.server.log.write.buffer.size = 33554432 (custom)
2019-09-20 09:26:58,892 [pool-38-thread-1] INFO  server.RaftServerConfigKeys (ConfUtils.java:logGet(43)) - raft.server.log.force.sync.num = 128 (default)
2019-09-20 09:26:58,892 [pool-38-thread-1] INFO  server.RaftServerConfigKeys (ConfUtils.java:logGet(43)) - raft.server.log.statemachine.data.sync = true (default)
2019-09-20 09:26:58,892 [pool-38-thread-1] INFO  server.RaftServerConfigKeys (ConfUtils.java:logGet(43)) - raft.server.log.statemachine.data.sync.timeout = 10s (default)
2019-09-20 09:26:58,892 [pool-38-thread-1] INFO  server.RaftServerConfigKeys (ConfUtils.java:logGet(43)) - raft.server.log.statemachine.data.sync.timeout.retry = -1 (default)
2019-09-20 09:26:58,892 [pool-38-thread-1] INFO  server.RaftServerConfigKeys (ConfUtils.java:logGet(43)) - raft.server.log.statemachine.data.caching.enabled = true (custom)
2019-09-20 09:26:58,899 [pool-38-thread-1] INFO  segmented.SegmentedRaftLogWorker (SegmentedRaftLogWorker.java:lambda$new$0(132)) - fd3cd5f9-4f1c-43ea-91b1-b85a1f6c3825-SegmentedRaftLogWorker:Storage Directory /workdir/hadoop-ozone/integration-test/target/test-dir/MiniOzoneClusterImpl-a33d77e5-464b-4d19-8e6b-a171e580bf0e/datanode-1/data/ratis/b7807c9d-8f95-4f8f-b38a-12b3faed76d7: flushIndex: setUnconditionally 0 -> -1
2019-09-20 09:26:58,899 [pool-38-thread-1] INFO  server.RaftServerConfigKeys (ConfUtils.java:logGet(43)) - raft.server.snapshot.auto.trigger.enabled = true (custom)
2019-09-20 09:26:58,900 [pool-38-thread-1] INFO  server.RaftServerConfigKeys (ConfUtils.java:logGet(43)) - raft.server.snapshot.auto.trigger.threshold = 10000 (custom)
2019-09-20 09:26:58,900 [pool-38-thread-1] INFO  server.RaftServerConfigKeys (ConfUtils.java:logGet(43)) - raft.server.retrycache.expirytime = 600000ms (custom)
2019-09-20 09:26:58,900 [pool-38-thread-1] INFO  impl.RaftServerImpl (RaftServerImpl.java:start(180)) - fd3cd5f9-4f1c-43ea-91b1-b85a1f6c3825: start group-12B3FAED76D7
2019-09-20 09:26:58,900 [pool-38-thread-1] INFO  impl.RaftServerImpl (RaftServerImpl.java:setRole(171)) - fd3cd5f9-4f1c-43ea-91b1-b85a1f6c3825:group-12B3FAED76D7 changes role from null to FOLLOWER at term 0 for startAsFollower
2019-09-20 09:26:58,900 [pool-38-thread-1] INFO  impl.RoleInfo (RoleInfo.java:updateAndGet(143)) - fd3cd5f9-4f1c-43ea-91b1-b85a1f6c3825: start FollowerState
2019-09-20 09:26:58,901 [pool-38-thread-1] INFO  util.JmxRegister (JmxRegister.java:tryRegister(44)) - Successfully registered JMX Bean with object name Ratis:service=RaftServer,group=group-12B3FAED76D7,id=fd3cd5f9-4f1c-43ea-91b1-b85a1f6c3825
2019-09-20 09:26:58,904 [RatisPipelineUtilsThread] INFO  pipeline.PipelineStateManager (PipelineStateManager.java:addPipeline(56)) - Created pipeline Pipeline[ Id: b7807c9d-8f95-4f8f-b38a-12b3faed76d7, Nodes: fd3cd5f9-4f1c-43ea-91b1-b85a1f6c3825{ip: 192.168.36.99, host: pr-hdds-1569-p5fx8-1226042367, networkLocation: /default-rack, certSerialId: null}, Type:RATIS, Factor:ONE, State:OPEN]
2019-09-20 09:26:58,907 [871e6485-c22a-483f-9e07-d19e754685be-SegmentedRaftLogWorker:Storage Directory /workdir/hadoop-ozone/integration-test/target/test-dir/MiniOzoneClusterImpl-a33d77e5-464b-4d19-8e6b-a171e580bf0e/datanode-4/data/ratis/9e1016a1-5c3e-4109-bf14-4b079ff6bcf9] INFO  segmented.SegmentedRaftLogWorker (SegmentedRaftLogWorker.java:execute(569)) - 871e6485-c22a-483f-9e07-d19e754685be-SegmentedRaftLogWorker:Storage Directory /workdir/hadoop-ozone/integration-test/target/test-dir/MiniOzoneClusterImpl-a33d77e5-464b-4d19-8e6b-a171e580bf0e/datanode-4/data/ratis/9e1016a1-5c3e-4109-bf14-4b079ff6bcf9: created new log segment /workdir/hadoop-ozone/integration-test/target/test-dir/MiniOzoneClusterImpl-a33d77e5-464b-4d19-8e6b-a171e580bf0e/datanode-4/data/ratis/9e1016a1-5c3e-4109-bf14-4b079ff6bcf9/current/log_inprogress_0
2019-09-20 09:26:58,907 [871e6485-c22a-483f-9e07-d19e754685be:group-896764FAE2AD:LeaderElection23] INFO  impl.LeaderElection (LeaderElection.java:askForVotes(181)) - 871e6485-c22a-483f-9e07-d19e754685be:group-896764FAE2AD:LeaderElection23: begin an election at term 1 for -1: [871e6485-c22a-483f-9e07-d19e754685be:192.168.36.99:41076], old=null
2019-09-20 09:26:58,907 [02b93e76-e4c6-4b67-b8a4-c536d9ab7224:group-439FF9D4C390:LeaderElection22] INFO  impl.LeaderElection (LeaderElection.java:askForVotes(181)) - 02b93e76-e4c6-4b67-b8a4-c536d9ab7224:group-439FF9D4C390:LeaderElection22: begin an election at term 1 for -1: [02b93e76-e4c6-4b67-b8a4-c536d9ab7224:192.168.36.99:39343], old=null
2019-09-20 09:26:58,908 [871e6485-c22a-483f-9e07-d19e754685be:group-896764FAE2AD:LeaderElection23] INFO  impl.RoleInfo (RoleInfo.java:shutdownLeaderElection(134)) - 871e6485-c22a-483f-9e07-d19e754685be: shutdown LeaderElection
2019-09-20 09:26:58,908 [02b93e76-e4c6-4b67-b8a4-c536d9ab7224:group-439FF9D4C390:LeaderElection22] INFO  impl.RoleInfo (RoleInfo.java:shutdownLeaderElection(134)) - 02b93e76-e4c6-4b67-b8a4-c536d9ab7224: shutdown LeaderElection
2019-09-20 09:26:58,908 [871e6485-c22a-483f-9e07-d19e754685be:group-896764FAE2AD:LeaderElection23] INFO  impl.RaftServerImpl (RaftServerImpl.java:setRole(171)) - 871e6485-c22a-483f-9e07-d19e754685be:group-896764FAE2AD changes role from CANDIDATE to LEADER at term 1 for changeToLeader
2019-09-20 09:26:58,908 [02b93e76-e4c6-4b67-b8a4-c536d9ab7224:group-439FF9D4C390:LeaderElection22] INFO  impl.RaftServerImpl (RaftServerImpl.java:setRole(171)) - 02b93e76-e4c6-4b67-b8a4-c536d9ab7224:group-439FF9D4C390 changes role from CANDIDATE to LEADER at term 1 for changeToLeader
2019-09-20 09:26:58,908 [871e6485-c22a-483f-9e07-d19e754685be:group-896764FAE2AD:LeaderElection23] INFO  impl.RaftServerImpl (ServerState.java:setLeader(263)) - 871e6485-c22a-483f-9e07-d19e754685be:group-896764FAE2AD change Leader from null to 871e6485-c22a-483f-9e07-d19e754685be at term 1 for becomeLeader, leader elected after 5139ms
2019-09-20 09:26:58,908 [02b93e76-e4c6-4b67-b8a4-c536d9ab7224:group-439FF9D4C390:LeaderElection22] INFO  impl.RaftServerImpl (ServerState.java:setLeader(263)) - 02b93e76-e4c6-4b67-b8a4-c536d9ab7224:group-439FF9D4C390 change Leader from null to 02b93e76-e4c6-4b67-b8a4-c536d9ab7224 at term 1 for becomeLeader, leader elected after 5063ms
2019-09-20 09:26:58,909 [871e6485-c22a-483f-9e07-d19e754685be:group-896764FAE2AD:LeaderElection23] INFO  server.RaftServerConfigKeys (ConfUtils.java:logGet(43)) - raft.server.staging.catchup.gap = 1000 (default)
2019-09-20 09:26:58,909 [02b93e76-e4c6-4b67-b8a4-c536d9ab7224:group-439FF9D4C390:LeaderElection22] INFO  server.RaftServerConfigKeys (ConfUtils.java:logGet(43)) - raft.server.staging.catchup.gap = 1000 (default)
2019-09-20 09:26:58,909 [871e6485-c22a-483f-9e07-d19e754685be:group-896764FAE2AD:LeaderElection23] INFO  server.RaftServerConfigKeys (ConfUtils.java:logGet(43)) - raft.server.rpc.sleep.time = 25ms (default)
2019-09-20 09:26:58,909 [02b93e76-e4c6-4b67-b8a4-c536d9ab7224:group-439FF9D4C390:LeaderElection22] INFO  server.RaftServerConfigKeys (ConfUtils.java:logGet(43)) - raft.server.rpc.sleep.time = 25ms (default)
2019-09-20 09:26:58,909 [871e6485-c22a-483f-9e07-d19e754685be:group-896764FAE2AD:LeaderElection23] INFO  server.RaftServerConfigKeys (ConfUtils.java:logGet(43)) - raft.server.write.element-limit = 4096 (default)
2019-09-20 09:26:58,909 [02b93e76-e4c6-4b67-b8a4-c536d9ab7224:group-439FF9D4C390:LeaderElection22] INFO  server.RaftServerConfigKeys (ConfUtils.java:logGet(43)) - raft.server.write.element-limit = 4096 (default)
2019-09-20 09:26:58,909 [871e6485-c22a-483f-9e07-d19e754685be:group-896764FAE2AD:LeaderElection23] INFO  server.RaftServerConfigKeys (ConfUtils.java:logGet(43)) - raft.server.watch.timeout = 10s (default)
2019-09-20 09:26:58,910 [02b93e76-e4c6-4b67-b8a4-c536d9ab7224:group-439FF9D4C390:LeaderElection22] INFO  server.RaftServerConfigKeys (ConfUtils.java:logGet(43)) - raft.server.watch.timeout = 10s (default)
2019-09-20 09:26:58,910 [871e6485-c22a-483f-9e07-d19e754685be:group-896764FAE2AD:LeaderElection23] INFO  server.RaftServerConfigKeys (ConfUtils.java:logGet(43)) - raft.server.watch.timeout.denomination = 1s (default)
2019-09-20 09:26:58,910 [02b93e76-e4c6-4b67-b8a4-c536d9ab7224:group-439FF9D4C390:LeaderElection22] INFO  server.RaftServerConfigKeys (ConfUtils.java:logGet(43)) - raft.server.watch.timeout.denomination = 1s (default)
2019-09-20 09:26:58,910 [871e6485-c22a-483f-9e07-d19e754685be:group-896764FAE2AD:LeaderElection23] INFO  server.RaftServerConfigKeys (ConfUtils.java:logGet(43)) - raft.server.watch.element-limit = 65536 (default)
2019-09-20 09:26:58,910 [02b93e76-e4c6-4b67-b8a4-c536d9ab7224:group-439FF9D4C390:LeaderElection22] INFO  server.RaftServerConfigKeys (ConfUtils.java:logGet(43)) - raft.server.watch.element-limit = 65536 (default)
2019-09-20 09:26:58,910 [871e6485-c22a-483f-9e07-d19e754685be:group-896764FAE2AD:LeaderElection23] INFO  impl.RoleInfo (RoleInfo.java:updateAndGet(143)) - 871e6485-c22a-483f-9e07-d19e754685be: start LeaderState
2019-09-20 09:26:58,911 [02b93e76-e4c6-4b67-b8a4-c536d9ab7224:group-439FF9D4C390:LeaderElection22] INFO  impl.RoleInfo (RoleInfo.java:updateAndGet(143)) - 02b93e76-e4c6-4b67-b8a4-c536d9ab7224: start LeaderState
2019-09-20 09:26:58,911 [871e6485-c22a-483f-9e07-d19e754685be:group-896764FAE2AD:LeaderElection23] INFO  segmented.SegmentedRaftLogWorker (SegmentedRaftLogWorker.java:startLogSegment(380)) - 871e6485-c22a-483f-9e07-d19e754685be-SegmentedRaftLogWorker:Storage Directory /workdir/hadoop-ozone/integration-test/target/test-dir/MiniOzoneClusterImpl-a33d77e5-464b-4d19-8e6b-a171e580bf0e/datanode-4/data/ratis/05a3f603-8772-4eac-8521-896764fae2ad: Starting segment from index:0
2019-09-20 09:26:58,911 [02b93e76-e4c6-4b67-b8a4-c536d9ab7224:group-439FF9D4C390:LeaderElection22] INFO  segmented.SegmentedRaftLogWorker (SegmentedRaftLogWorker.java:startLogSegment(380)) - 02b93e76-e4c6-4b67-b8a4-c536d9ab7224-SegmentedRaftLogWorker:Storage Directory /workdir/hadoop-ozone/integration-test/target/test-dir/MiniOzoneClusterImpl-a33d77e5-464b-4d19-8e6b-a171e580bf0e/datanode-0/data/ratis/0a0efefe-758f-4a85-a29e-439ff9d4c390: Starting segment from index:0
2019-09-20 09:26:58,911 [grpc-default-executor-1] INFO  impl.RaftServerProxy (RaftServerProxy.java:addNew(89)) - 02b93e76-e4c6-4b67-b8a4-c536d9ab7224: addNew group-E4B357F9360E:[02b93e76-e4c6-4b67-b8a4-c536d9ab7224:192.168.36.99:39343] returns group-E4B357F9360E:java.util.concurrent.CompletableFuture@3f37e3a5[Not completed]
2019-09-20 09:26:58,911 [871e6485-c22a-483f-9e07-d19e754685be:group-896764FAE2AD:LeaderElection23] INFO  impl.RaftServerImpl (ServerState.java:setRaftConf(361)) - 871e6485-c22a-483f-9e07-d19e754685be:group-896764FAE2AD set configuration 0: [871e6485-c22a-483f-9e07-d19e754685be:192.168.36.99:41076], old=null at 0
2019-09-20 09:26:58,948 [02b93e76-e4c6-4b67-b8a4-c536d9ab7224:group-439FF9D4C390:LeaderElection22] INFO  impl.RaftServerImpl (ServerState.java:setRaftConf(361)) - 02b93e76-e4c6-4b67-b8a4-c536d9ab7224:group-439FF9D4C390 set configuration 0: [02b93e76-e4c6-4b67-b8a4-c536d9ab7224:192.168.36.99:39343], old=null at 0
2019-09-20 09:26:58,989 [pool-27-thread-1] INFO  impl.RaftServerImpl (RaftServerImpl.java:<init>(93)) - 02b93e76-e4c6-4b67-b8a4-c536d9ab7224: new RaftServerImpl for group-E4B357F9360E:[02b93e76-e4c6-4b67-b8a4-c536d9ab7224:192.168.36.99:39343] with ContainerStateMachine:uninitialized
2019-09-20 09:26:58,990 [pool-27-thread-1] INFO  server.RaftServerConfigKeys (ConfUtils.java:logGet(43)) - raft.server.rpc.timeout.min = 5s (custom)
2019-09-20 09:26:58,990 [pool-27-thread-1] INFO  server.RaftServerConfigKeys (ConfUtils.java:logGet(43)) - raft.server.rpc.timeout.max = 5200ms (custom)
2019-09-20 09:26:58,990 [pool-27-thread-1] INFO  server.RaftServerConfigKeys (ConfUtils.java:logGet(43)) - raft.server.rpcslowness.timeout = 10s (custom)
2019-09-20 09:26:58,990 [pool-27-thread-1] INFO  server.RaftServerConfigKeys (ConfUtils.java:logGet(43)) - raft.server.sleep.deviation.threshold = 300 (default)
2019-09-20 09:26:58,990 [pool-27-thread-1] INFO  server.RaftServerConfigKeys (ConfUtils.java:logGet(43)) - raft.server.log.appender.install.snapshot.enabled = false (custom)
2019-09-20 09:26:58,990 [pool-27-thread-1] INFO  impl.RaftServerImpl (ServerState.java:<init>(105)) - 02b93e76-e4c6-4b67-b8a4-c536d9ab7224:group-E4B357F9360E ConfigurationManager, init=-1: [02b93e76-e4c6-4b67-b8a4-c536d9ab7224:192.168.36.99:39343], old=null, confs=<EMPTY_MAP>
2019-09-20 09:26:58,990 [pool-27-thread-1] INFO  server.RaftServerConfigKeys (ConfUtils.java:logGet(43)) - raft.server.storage.dir = [/workdir/hadoop-ozone/integration-test/target/test-dir/MiniOzoneClusterImpl-a33d77e5-464b-4d19-8e6b-a171e580bf0e/datanode-0/data/ratis] (custom)
2019-09-20 09:26:58,991 [pool-27-thread-1] INFO  storage.RaftStorageDirectory (RaftStorageDirectory.java:analyzeStorage(246)) - The storage directory /workdir/hadoop-ozone/integration-test/target/test-dir/MiniOzoneClusterImpl-a33d77e5-464b-4d19-8e6b-a171e580bf0e/datanode-0/data/ratis/99a2975e-81a6-448e-954a-e4b357f9360e does not exist. Creating ...
2019-09-20 09:26:59,033 [pool-27-thread-1] INFO  storage.RaftStorageDirectory (RaftStorageDirectory.java:tryLock(328)) - Lock on /workdir/hadoop-ozone/integration-test/target/test-dir/MiniOzoneClusterImpl-a33d77e5-464b-4d19-8e6b-a171e580bf0e/datanode-0/data/ratis/99a2975e-81a6-448e-954a-e4b357f9360e/in_use.lock acquired by nodename 7145@pr-hdds-1569-p5fx8-1226042367
2019-09-20 09:26:59,033 [871e6485-c22a-483f-9e07-d19e754685be-SegmentedRaftLogWorker:Storage Directory /workdir/hadoop-ozone/integration-test/target/test-dir/MiniOzoneClusterImpl-a33d77e5-464b-4d19-8e6b-a171e580bf0e/datanode-4/data/ratis/05a3f603-8772-4eac-8521-896764fae2ad] INFO  segmented.SegmentedRaftLogWorker (SegmentedRaftLogWorker.java:execute(569)) - 871e6485-c22a-483f-9e07-d19e754685be-SegmentedRaftLogWorker:Storage Directory /workdir/hadoop-ozone/integration-test/target/test-dir/MiniOzoneClusterImpl-a33d77e5-464b-4d19-8e6b-a171e580bf0e/datanode-4/data/ratis/05a3f603-8772-4eac-8521-896764fae2ad: created new log segment /workdir/hadoop-ozone/integration-test/target/test-dir/MiniOzoneClusterImpl-a33d77e5-464b-4d19-8e6b-a171e580bf0e/datanode-4/data/ratis/05a3f603-8772-4eac-8521-896764fae2ad/current/log_inprogress_0
2019-09-20 09:26:59,033 [02b93e76-e4c6-4b67-b8a4-c536d9ab7224-SegmentedRaftLogWorker:Storage Directory /workdir/hadoop-ozone/integration-test/target/test-dir/MiniOzoneClusterImpl-a33d77e5-464b-4d19-8e6b-a171e580bf0e/datanode-0/data/ratis/0a0efefe-758f-4a85-a29e-439ff9d4c390] INFO  segmented.SegmentedRaftLogWorker (SegmentedRaftLogWorker.java:execute(569)) - 02b93e76-e4c6-4b67-b8a4-c536d9ab7224-SegmentedRaftLogWorker:Storage Directory /workdir/hadoop-ozone/integration-test/target/test-dir/MiniOzoneClusterImpl-a33d77e5-464b-4d19-8e6b-a171e580bf0e/datanode-0/data/ratis/0a0efefe-758f-4a85-a29e-439ff9d4c390: created new log segment /workdir/hadoop-ozone/integration-test/target/test-dir/MiniOzoneClusterImpl-a33d77e5-464b-4d19-8e6b-a171e580bf0e/datanode-0/data/ratis/0a0efefe-758f-4a85-a29e-439ff9d4c390/current/log_inprogress_0
2019-09-20 09:26:59,075 [pool-27-thread-1] INFO  storage.RaftStorage (RaftStorage.java:format(72)) - Storage directory /workdir/hadoop-ozone/integration-test/target/test-dir/MiniOzoneClusterImpl-a33d77e5-464b-4d19-8e6b-a171e580bf0e/datanode-0/data/ratis/99a2975e-81a6-448e-954a-e4b357f9360e has been successfully formatted.
2019-09-20 09:26:59,076 [pool-27-thread-1] INFO  ratis.ContainerStateMachine (ContainerStateMachine.java:loadSnapshot(226)) - group-E4B357F9360E: The snapshot info is null. Setting the last applied indexto:(t:0, i:~)
2019-09-20 09:26:59,076 [pool-27-thread-1] INFO  server.RaftServerConfigKeys (ConfUtils.java:logGet(43)) - raft.server.leader.election.timeout = 10s (custom)
2019-09-20 09:26:59,076 [pool-27-thread-1] INFO  server.RaftServerConfigKeys (ConfUtils.java:logGet(43)) - raft.server.log.use.memory = false (default)
2019-09-20 09:26:59,076 [pool-27-thread-1] INFO  server.RaftServerConfigKeys (ConfUtils.java:logGet(43)) - raft.server.log.purge.gap = 1000000 (custom)
2019-09-20 09:26:59,076 [pool-27-thread-1] INFO  server.RaftServerConfigKeys (ConfUtils.java:logGet(43)) - raft.server.log.appender.buffer.byte-limit = 33554432 (custom)
2019-09-20 09:26:59,077 [pool-27-thread-1] INFO  server.RaftServerConfigKeys (ConfUtils.java:logGet(43)) - raft.server.log.segment.size.max = 1048576 (custom)
2019-09-20 09:26:59,077 [pool-27-thread-1] INFO  server.RaftServerConfigKeys (ConfUtils.java:logGet(43)) - raft.server.log.segment.cache.num.max = 2 (custom)
2019-09-20 09:26:59,077 [pool-27-thread-1] INFO  segmented.SegmentedRaftLogWorker (SegmentedRaftLogWorker.java:<init>(172)) - new 02b93e76-e4c6-4b67-b8a4-c536d9ab7224-SegmentedRaftLogWorker:Storage Directory /workdir/hadoop-ozone/integration-test/target/test-dir/MiniOzoneClusterImpl-a33d77e5-464b-4d19-8e6b-a171e580bf0e/datanode-0/data/ratis/99a2975e-81a6-448e-954a-e4b357f9360e for RaftStorage:Storage Directory /workdir/hadoop-ozone/integration-test/target/test-dir/MiniOzoneClusterImpl-a33d77e5-464b-4d19-8e6b-a171e580bf0e/datanode-0/data/ratis/99a2975e-81a6-448e-954a-e4b357f9360e
2019-09-20 09:26:59,077 [pool-27-thread-1] INFO  server.RaftServerConfigKeys (ConfUtils.java:logGet(43)) - raft.server.log.queue.byte-limit = 2147483647 (custom)
2019-09-20 09:26:59,077 [pool-27-thread-1] INFO  server.RaftServerConfigKeys (ConfUtils.java:logGet(43)) - raft.server.log.queue.element-limit = 1024 (custom)
2019-09-20 09:26:59,078 [pool-27-thread-1] INFO  server.RaftServerConfigKeys (ConfUtils.java:logGet(43)) - raft.server.log.segment.size.max = 1048576 (custom)
2019-09-20 09:26:59,078 [pool-27-thread-1] INFO  server.RaftServerConfigKeys (ConfUtils.java:logGet(43)) - raft.server.log.preallocated.size = 16384 (custom)
2019-09-20 09:26:59,078 [pool-27-thread-1] INFO  server.RaftServerConfigKeys (ConfUtils.java:logGet(43)) - raft.server.log.write.buffer.size = 33554432 (custom)
2019-09-20 09:26:59,078 [pool-27-thread-1] INFO  server.RaftServerConfigKeys (ConfUtils.java:logGet(43)) - raft.server.log.force.sync.num = 128 (default)
2019-09-20 09:26:59,078 [pool-27-thread-1] INFO  server.RaftServerConfigKeys (ConfUtils.java:logGet(43)) - raft.server.log.statemachine.data.sync = true (default)
2019-09-20 09:26:59,078 [pool-27-thread-1] INFO  server.RaftServerConfigKeys (ConfUtils.java:logGet(43)) - raft.server.log.statemachine.data.sync.timeout = 10s (default)
2019-09-20 09:26:59,079 [pool-27-thread-1] INFO  server.RaftServerConfigKeys (ConfUtils.java:logGet(43)) - raft.server.log.statemachine.data.sync.timeout.retry = -1 (default)
2019-09-20 09:26:59,079 [pool-27-thread-1] INFO  server.RaftServerConfigKeys (ConfUtils.java:logGet(43)) - raft.server.log.statemachine.data.caching.enabled = true (custom)
2019-09-20 09:26:59,079 [pool-27-thread-1] INFO  segmented.SegmentedRaftLogWorker (SegmentedRaftLogWorker.java:lambda$new$0(132)) - 02b93e76-e4c6-4b67-b8a4-c536d9ab7224-SegmentedRaftLogWorker:Storage Directory /workdir/hadoop-ozone/integration-test/target/test-dir/MiniOzoneClusterImpl-a33d77e5-464b-4d19-8e6b-a171e580bf0e/datanode-0/data/ratis/99a2975e-81a6-448e-954a-e4b357f9360e: flushIndex: setUnconditionally 0 -> -1
2019-09-20 09:26:59,080 [pool-27-thread-1] INFO  server.RaftServerConfigKeys (ConfUtils.java:logGet(43)) - raft.server.snapshot.auto.trigger.enabled = true (custom)
2019-09-20 09:26:59,080 [pool-27-thread-1] INFO  server.RaftServerConfigKeys (ConfUtils.java:logGet(43)) - raft.server.snapshot.auto.trigger.threshold = 10000 (custom)
2019-09-20 09:26:59,080 [pool-27-thread-1] INFO  server.RaftServerConfigKeys (ConfUtils.java:logGet(43)) - raft.server.retrycache.expirytime = 600000ms (custom)
2019-09-20 09:26:59,080 [pool-27-thread-1] INFO  impl.RaftServerImpl (RaftServerImpl.java:start(180)) - 02b93e76-e4c6-4b67-b8a4-c536d9ab7224: start group-E4B357F9360E
2019-09-20 09:26:59,081 [pool-27-thread-1] INFO  impl.RaftServerImpl (RaftServerImpl.java:setRole(171)) - 02b93e76-e4c6-4b67-b8a4-c536d9ab7224:group-E4B357F9360E changes role from null to FOLLOWER at term 0 for startAsFollower
2019-09-20 09:26:59,081 [pool-27-thread-1] INFO  impl.RoleInfo (RoleInfo.java:updateAndGet(143)) - 02b93e76-e4c6-4b67-b8a4-c536d9ab7224: start FollowerState
2019-09-20 09:26:59,081 [pool-27-thread-1] INFO  util.JmxRegister (JmxRegister.java:tryRegister(44)) - Successfully registered JMX Bean with object name Ratis:service=RaftServer,group=group-E4B357F9360E,id=02b93e76-e4c6-4b67-b8a4-c536d9ab7224
2019-09-20 09:26:59,086 [RatisPipelineUtilsThread] INFO  pipeline.PipelineStateManager (PipelineStateManager.java:addPipeline(56)) - Created pipeline Pipeline[ Id: 99a2975e-81a6-448e-954a-e4b357f9360e, Nodes: 02b93e76-e4c6-4b67-b8a4-c536d9ab7224{ip: 192.168.36.99, host: pr-hdds-1569-p5fx8-1226042367, networkLocation: /default-rack, certSerialId: null}, Type:RATIS, Factor:ONE, State:OPEN]
2019-09-20 09:26:59,095 [grpc-default-executor-1] INFO  impl.RaftServerProxy (RaftServerProxy.java:addNew(89)) - 492ed782-6ab3-4ad9-945e-06def6ac7c96: addNew group-371618AF92D0:[492ed782-6ab3-4ad9-945e-06def6ac7c96:192.168.36.99:32835] returns group-371618AF92D0:java.util.concurrent.CompletableFuture@4afbb423[Not completed]
2019-09-20 09:26:59,095 [Thread-294] INFO  impl.FollowerState (FollowerState.java:run(106)) - 4840c00f-91d3-4881-a20b-4d0486ca97c0:group-5E714E2C18C4 changes to CANDIDATE, lastRpcTime:5153, electionTimeout:5153ms
2019-09-20 09:26:59,096 [Thread-294] INFO  impl.RoleInfo (RoleInfo.java:shutdownFollowerState(121)) - 4840c00f-91d3-4881-a20b-4d0486ca97c0: shutdown FollowerState
2019-09-20 09:26:59,096 [Thread-294] INFO  impl.RaftServerImpl (RaftServerImpl.java:setRole(171)) - 4840c00f-91d3-4881-a20b-4d0486ca97c0:group-5E714E2C18C4 changes role from FOLLOWER to CANDIDATE at term 0 for changeToCandidate
2019-09-20 09:26:59,096 [Thread-294] INFO  impl.RoleInfo (RoleInfo.java:updateAndGet(143)) - 4840c00f-91d3-4881-a20b-4d0486ca97c0: start LeaderElection
2019-09-20 09:26:59,102 [pool-49-thread-1] INFO  impl.RaftServerImpl (RaftServerImpl.java:<init>(93)) - 492ed782-6ab3-4ad9-945e-06def6ac7c96: new RaftServerImpl for group-371618AF92D0:[492ed782-6ab3-4ad9-945e-06def6ac7c96:192.168.36.99:32835] with ContainerStateMachine:uninitialized
2019-09-20 09:26:59,102 [pool-49-thread-1] INFO  server.RaftServerConfigKeys (ConfUtils.java:logGet(43)) - raft.server.rpc.timeout.min = 5s (custom)
2019-09-20 09:26:59,102 [pool-49-thread-1] INFO  server.RaftServerConfigKeys (ConfUtils.java:logGet(43)) - raft.server.rpc.timeout.max = 5200ms (custom)
2019-09-20 09:26:59,102 [pool-49-thread-1] INFO  server.RaftServerConfigKeys (ConfUtils.java:logGet(43)) - raft.server.rpcslowness.timeout = 10s (custom)
2019-09-20 09:26:59,102 [pool-49-thread-1] INFO  server.RaftServerConfigKeys (ConfUtils.java:logGet(43)) - raft.server.sleep.deviation.threshold = 300 (default)
2019-09-20 09:26:59,102 [pool-49-thread-1] INFO  server.RaftServerConfigKeys (ConfUtils.java:logGet(43)) - raft.server.log.appender.install.snapshot.enabled = false (custom)
2019-09-20 09:26:59,103 [pool-49-thread-1] INFO  impl.RaftServerImpl (ServerState.java:<init>(105)) - 492ed782-6ab3-4ad9-945e-06def6ac7c96:group-371618AF92D0 ConfigurationManager, init=-1: [492ed782-6ab3-4ad9-945e-06def6ac7c96:192.168.36.99:32835], old=null, confs=<EMPTY_MAP>
2019-09-20 09:26:59,103 [pool-49-thread-1] INFO  server.RaftServerConfigKeys (ConfUtils.java:logGet(43)) - raft.server.storage.dir = [/workdir/hadoop-ozone/integration-test/target/test-dir/MiniOzoneClusterImpl-a33d77e5-464b-4d19-8e6b-a171e580bf0e/datanode-2/data/ratis] (custom)
2019-09-20 09:26:59,104 [pool-49-thread-1] INFO  storage.RaftStorageDirectory (RaftStorageDirectory.java:analyzeStorage(246)) - The storage directory /workdir/hadoop-ozone/integration-test/target/test-dir/MiniOzoneClusterImpl-a33d77e5-464b-4d19-8e6b-a171e580bf0e/datanode-2/data/ratis/10be2d40-6e5c-4b4e-9a33-371618af92d0 does not exist. Creating ...
2019-09-20 09:26:59,159 [pool-49-thread-1] INFO  storage.RaftStorageDirectory (RaftStorageDirectory.java:tryLock(328)) - Lock on /workdir/hadoop-ozone/integration-test/target/test-dir/MiniOzoneClusterImpl-a33d77e5-464b-4d19-8e6b-a171e580bf0e/datanode-2/data/ratis/10be2d40-6e5c-4b4e-9a33-371618af92d0/in_use.lock acquired by nodename 7145@pr-hdds-1569-p5fx8-1226042367
2019-09-20 09:26:59,159 [4840c00f-91d3-4881-a20b-4d0486ca97c0:group-5E714E2C18C4:LeaderElection24] INFO  impl.LeaderElection (LeaderElection.java:askForVotes(181)) - 4840c00f-91d3-4881-a20b-4d0486ca97c0:group-5E714E2C18C4:LeaderElection24: begin an election at term 1 for -1: [4840c00f-91d3-4881-a20b-4d0486ca97c0:192.168.36.99:41473], old=null
2019-09-20 09:26:59,159 [4840c00f-91d3-4881-a20b-4d0486ca97c0:group-5E714E2C18C4:LeaderElection24] INFO  impl.RoleInfo (RoleInfo.java:shutdownLeaderElection(134)) - 4840c00f-91d3-4881-a20b-4d0486ca97c0: shutdown LeaderElection
2019-09-20 09:26:59,160 [4840c00f-91d3-4881-a20b-4d0486ca97c0:group-5E714E2C18C4:LeaderElection24] INFO  impl.RaftServerImpl (RaftServerImpl.java:setRole(171)) - 4840c00f-91d3-4881-a20b-4d0486ca97c0:group-5E714E2C18C4 changes role from CANDIDATE to LEADER at term 1 for changeToLeader
2019-09-20 09:26:59,160 [4840c00f-91d3-4881-a20b-4d0486ca97c0:group-5E714E2C18C4:LeaderElection24] INFO  impl.RaftServerImpl (ServerState.java:setLeader(263)) - 4840c00f-91d3-4881-a20b-4d0486ca97c0:group-5E714E2C18C4 change Leader from null to 4840c00f-91d3-4881-a20b-4d0486ca97c0 at term 1 for becomeLeader, leader elected after 5222ms
2019-09-20 09:26:59,160 [4840c00f-91d3-4881-a20b-4d0486ca97c0:group-5E714E2C18C4:LeaderElection24] INFO  server.RaftServerConfigKeys (ConfUtils.java:logGet(43)) - raft.server.staging.catchup.gap = 1000 (default)
2019-09-20 09:26:59,160 [4840c00f-91d3-4881-a20b-4d0486ca97c0:group-5E714E2C18C4:LeaderElection24] INFO  server.RaftServerConfigKeys (ConfUtils.java:logGet(43)) - raft.server.rpc.sleep.time = 25ms (default)
2019-09-20 09:26:59,160 [4840c00f-91d3-4881-a20b-4d0486ca97c0:group-5E714E2C18C4:LeaderElection24] INFO  server.RaftServerConfigKeys (ConfUtils.java:logGet(43)) - raft.server.write.element-limit = 4096 (default)
2019-09-20 09:26:59,161 [4840c00f-91d3-4881-a20b-4d0486ca97c0:group-5E714E2C18C4:LeaderElection24] INFO  server.RaftServerConfigKeys (ConfUtils.java:logGet(43)) - raft.server.watch.timeout = 10s (default)
2019-09-20 09:26:59,161 [Thread-297] INFO  impl.FollowerState (FollowerState.java:run(106)) - 02b93e76-e4c6-4b67-b8a4-c536d9ab7224:group-4ABE2EBFF4F2 changes to CANDIDATE, lastRpcTime:5142, electionTimeout:5142ms
2019-09-20 09:26:59,161 [4840c00f-91d3-4881-a20b-4d0486ca97c0:group-5E714E2C18C4:LeaderElection24] INFO  server.RaftServerConfigKeys (ConfUtils.java:logGet(43)) - raft.server.watch.timeout.denomination = 1s (default)
2019-09-20 09:26:59,161 [Thread-297] INFO  impl.RoleInfo (RoleInfo.java:shutdownFollowerState(121)) - 02b93e76-e4c6-4b67-b8a4-c536d9ab7224: shutdown FollowerState
2019-09-20 09:26:59,161 [4840c00f-91d3-4881-a20b-4d0486ca97c0:group-5E714E2C18C4:LeaderElection24] INFO  server.RaftServerConfigKeys (ConfUtils.java:logGet(43)) - raft.server.watch.element-limit = 65536 (default)
2019-09-20 09:26:59,161 [Thread-297] INFO  impl.RaftServerImpl (RaftServerImpl.java:setRole(171)) - 02b93e76-e4c6-4b67-b8a4-c536d9ab7224:group-4ABE2EBFF4F2 changes role from FOLLOWER to CANDIDATE at term 0 for changeToCandidate
2019-09-20 09:26:59,162 [4840c00f-91d3-4881-a20b-4d0486ca97c0:group-5E714E2C18C4:LeaderElection24] INFO  impl.RoleInfo (RoleInfo.java:updateAndGet(143)) - 4840c00f-91d3-4881-a20b-4d0486ca97c0: start LeaderState
2019-09-20 09:26:59,162 [Thread-297] INFO  impl.RoleInfo (RoleInfo.java:updateAndGet(143)) - 02b93e76-e4c6-4b67-b8a4-c536d9ab7224: start LeaderElection
2019-09-20 09:26:59,162 [4840c00f-91d3-4881-a20b-4d0486ca97c0:group-5E714E2C18C4:LeaderElection24] INFO  segmented.SegmentedRaftLogWorker (SegmentedRaftLogWorker.java:startLogSegment(380)) - 4840c00f-91d3-4881-a20b-4d0486ca97c0-SegmentedRaftLogWorker:Storage Directory /workdir/hadoop-ozone/integration-test/target/test-dir/MiniOzoneClusterImpl-a33d77e5-464b-4d19-8e6b-a171e580bf0e/datanode-3/data/ratis/a0a3f5cd-1105-46e4-8615-5e714e2c18c4: Starting segment from index:0
2019-09-20 09:26:59,166 [4840c00f-91d3-4881-a20b-4d0486ca97c0:group-5E714E2C18C4:LeaderElection24] INFO  impl.RaftServerImpl (ServerState.java:setRaftConf(361)) - 4840c00f-91d3-4881-a20b-4d0486ca97c0:group-5E714E2C18C4 set configuration 0: [4840c00f-91d3-4881-a20b-4d0486ca97c0:192.168.36.99:41473], old=null at 0
2019-09-20 09:26:59,194 [pool-49-thread-1] INFO  storage.RaftStorage (RaftStorage.java:format(72)) - Storage directory /workdir/hadoop-ozone/integration-test/target/test-dir/MiniOzoneClusterImpl-a33d77e5-464b-4d19-8e6b-a171e580bf0e/datanode-2/data/ratis/10be2d40-6e5c-4b4e-9a33-371618af92d0 has been successfully formatted.
2019-09-20 09:26:59,194 [pool-49-thread-1] INFO  ratis.ContainerStateMachine (ContainerStateMachine.java:loadSnapshot(226)) - group-371618AF92D0: The snapshot info is null. Setting the last applied indexto:(t:0, i:~)
2019-09-20 09:26:59,194 [pool-49-thread-1] INFO  server.RaftServerConfigKeys (ConfUtils.java:logGet(43)) - raft.server.leader.election.timeout = 10s (custom)
2019-09-20 09:26:59,195 [pool-49-thread-1] INFO  server.RaftServerConfigKeys (ConfUtils.java:logGet(43)) - raft.server.log.use.memory = false (default)
2019-09-20 09:26:59,195 [pool-49-thread-1] INFO  server.RaftServerConfigKeys (ConfUtils.java:logGet(43)) - raft.server.log.purge.gap = 1000000 (custom)
2019-09-20 09:26:59,195 [pool-49-thread-1] INFO  server.RaftServerConfigKeys (ConfUtils.java:logGet(43)) - raft.server.log.appender.buffer.byte-limit = 33554432 (custom)
2019-09-20 09:26:59,195 [pool-49-thread-1] INFO  server.RaftServerConfigKeys (ConfUtils.java:logGet(43)) - raft.server.log.segment.size.max = 1048576 (custom)
2019-09-20 09:26:59,195 [pool-49-thread-1] INFO  server.RaftServerConfigKeys (ConfUtils.java:logGet(43)) - raft.server.log.segment.cache.num.max = 2 (custom)
2019-09-20 09:26:59,196 [pool-49-thread-1] INFO  segmented.SegmentedRaftLogWorker (SegmentedRaftLogWorker.java:<init>(172)) - new 492ed782-6ab3-4ad9-945e-06def6ac7c96-SegmentedRaftLogWorker:Storage Directory /workdir/hadoop-ozone/integration-test/target/test-dir/MiniOzoneClusterImpl-a33d77e5-464b-4d19-8e6b-a171e580bf0e/datanode-2/data/ratis/10be2d40-6e5c-4b4e-9a33-371618af92d0 for RaftStorage:Storage Directory /workdir/hadoop-ozone/integration-test/target/test-dir/MiniOzoneClusterImpl-a33d77e5-464b-4d19-8e6b-a171e580bf0e/datanode-2/data/ratis/10be2d40-6e5c-4b4e-9a33-371618af92d0
2019-09-20 09:26:59,196 [pool-49-thread-1] INFO  server.RaftServerConfigKeys (ConfUtils.java:logGet(43)) - raft.server.log.queue.byte-limit = 2147483647 (custom)
2019-09-20 09:26:59,196 [pool-49-thread-1] INFO  server.RaftServerConfigKeys (ConfUtils.java:logGet(43)) - raft.server.log.queue.element-limit = 1024 (custom)
2019-09-20 09:26:59,196 [pool-49-thread-1] INFO  server.RaftServerConfigKeys (ConfUtils.java:logGet(43)) - raft.server.log.segment.size.max = 1048576 (custom)
2019-09-20 09:26:59,196 [pool-49-thread-1] INFO  server.RaftServerConfigKeys (ConfUtils.java:logGet(43)) - raft.server.log.preallocated.size = 16384 (custom)
2019-09-20 09:26:59,196 [pool-49-thread-1] INFO  server.RaftServerConfigKeys (ConfUtils.java:logGet(43)) - raft.server.log.write.buffer.size = 33554432 (custom)
2019-09-20 09:26:59,197 [pool-49-thread-1] INFO  server.RaftServerConfigKeys (ConfUtils.java:logGet(43)) - raft.server.log.force.sync.num = 128 (default)
2019-09-20 09:26:59,197 [pool-49-thread-1] INFO  server.RaftServerConfigKeys (ConfUtils.java:logGet(43)) - raft.server.log.statemachine.data.sync = true (default)
2019-09-20 09:26:59,197 [pool-49-thread-1] INFO  server.RaftServerConfigKeys (ConfUtils.java:logGet(43)) - raft.server.log.statemachine.data.sync.timeout = 10s (default)
2019-09-20 09:26:59,197 [pool-49-thread-1] INFO  server.RaftServerConfigKeys (ConfUtils.java:logGet(43)) - raft.server.log.statemachine.data.sync.timeout.retry = -1 (default)
2019-09-20 09:26:59,197 [pool-49-thread-1] INFO  server.RaftServerConfigKeys (ConfUtils.java:logGet(43)) - raft.server.log.statemachine.data.caching.enabled = true (custom)
2019-09-20 09:26:59,198 [pool-49-thread-1] INFO  segmented.SegmentedRaftLogWorker (SegmentedRaftLogWorker.java:lambda$new$0(132)) - 492ed782-6ab3-4ad9-945e-06def6ac7c96-SegmentedRaftLogWorker:Storage Directory /workdir/hadoop-ozone/integration-test/target/test-dir/MiniOzoneClusterImpl-a33d77e5-464b-4d19-8e6b-a171e580bf0e/datanode-2/data/ratis/10be2d40-6e5c-4b4e-9a33-371618af92d0: flushIndex: setUnconditionally 0 -> -1
2019-09-20 09:26:59,198 [pool-49-thread-1] INFO  server.RaftServerConfigKeys (ConfUtils.java:logGet(43)) - raft.server.snapshot.auto.trigger.enabled = true (custom)
2019-09-20 09:26:59,198 [pool-49-thread-1] INFO  server.RaftServerConfigKeys (ConfUtils.java:logGet(43)) - raft.server.snapshot.auto.trigger.threshold = 10000 (custom)
2019-09-20 09:26:59,198 [pool-49-thread-1] INFO  server.RaftServerConfigKeys (ConfUtils.java:logGet(43)) - raft.server.retrycache.expirytime = 600000ms (custom)
2019-09-20 09:26:59,199 [pool-49-thread-1] INFO  impl.RaftServerImpl (RaftServerImpl.java:start(180)) - 492ed782-6ab3-4ad9-945e-06def6ac7c96: start group-371618AF92D0
2019-09-20 09:26:59,199 [pool-49-thread-1] INFO  impl.RaftServerImpl (RaftServerImpl.java:setRole(171)) - 492ed782-6ab3-4ad9-945e-06def6ac7c96:group-371618AF92D0 changes role from null to FOLLOWER at term 0 for startAsFollower
2019-09-20 09:26:59,199 [pool-49-thread-1] INFO  impl.RoleInfo (RoleInfo.java:updateAndGet(143)) - 492ed782-6ab3-4ad9-945e-06def6ac7c96: start FollowerState
2019-09-20 09:26:59,200 [pool-49-thread-1] INFO  util.JmxRegister (JmxRegister.java:tryRegister(44)) - Successfully registered JMX Bean with object name Ratis:service=RaftServer,group=group-371618AF92D0,id=492ed782-6ab3-4ad9-945e-06def6ac7c96
2019-09-20 09:26:59,204 [RatisPipelineUtilsThread] INFO  pipeline.PipelineStateManager (PipelineStateManager.java:addPipeline(56)) - Created pipeline Pipeline[ Id: 10be2d40-6e5c-4b4e-9a33-371618af92d0, Nodes: 492ed782-6ab3-4ad9-945e-06def6ac7c96{ip: 192.168.36.99, host: pr-hdds-1569-p5fx8-1226042367, networkLocation: /default-rack, certSerialId: null}, Type:RATIS, Factor:ONE, State:OPEN]
2019-09-20 09:26:59,210 [grpc-default-executor-1] INFO  impl.RaftServerProxy (RaftServerProxy.java:addNew(89)) - 02b93e76-e4c6-4b67-b8a4-c536d9ab7224: addNew group-E470973DD81D:[02b93e76-e4c6-4b67-b8a4-c536d9ab7224:192.168.36.99:39343] returns group-E470973DD81D:java.util.concurrent.CompletableFuture@4ff77aa8[Not completed]
2019-09-20 09:26:59,211 [pool-27-thread-1] INFO  impl.RaftServerImpl (RaftServerImpl.java:<init>(93)) - 02b93e76-e4c6-4b67-b8a4-c536d9ab7224: new RaftServerImpl for group-E470973DD81D:[02b93e76-e4c6-4b67-b8a4-c536d9ab7224:192.168.36.99:39343] with ContainerStateMachine:uninitialized
2019-09-20 09:26:59,212 [pool-27-thread-1] INFO  server.RaftServerConfigKeys (ConfUtils.java:logGet(43)) - raft.server.rpc.timeout.min = 5s (custom)
2019-09-20 09:26:59,212 [pool-27-thread-1] INFO  server.RaftServerConfigKeys (ConfUtils.java:logGet(43)) - raft.server.rpc.timeout.max = 5200ms (custom)
2019-09-20 09:26:59,212 [pool-27-thread-1] INFO  server.RaftServerConfigKeys (ConfUtils.java:logGet(43)) - raft.server.rpcslowness.timeout = 10s (custom)
2019-09-20 09:26:59,212 [pool-27-thread-1] INFO  server.RaftServerConfigKeys (ConfUtils.java:logGet(43)) - raft.server.sleep.deviation.threshold = 300 (default)
2019-09-20 09:26:59,212 [pool-27-thread-1] INFO  server.RaftServerConfigKeys (ConfUtils.java:logGet(43)) - raft.server.log.appender.install.snapshot.enabled = false (custom)
2019-09-20 09:26:59,212 [pool-27-thread-1] INFO  impl.RaftServerImpl (ServerState.java:<init>(105)) - 02b93e76-e4c6-4b67-b8a4-c536d9ab7224:group-E470973DD81D ConfigurationManager, init=-1: [02b93e76-e4c6-4b67-b8a4-c536d9ab7224:192.168.36.99:39343], old=null, confs=<EMPTY_MAP>
2019-09-20 09:26:59,213 [pool-27-thread-1] INFO  server.RaftServerConfigKeys (ConfUtils.java:logGet(43)) - raft.server.storage.dir = [/workdir/hadoop-ozone/integration-test/target/test-dir/MiniOzoneClusterImpl-a33d77e5-464b-4d19-8e6b-a171e580bf0e/datanode-0/data/ratis] (custom)
2019-09-20 09:26:59,213 [pool-27-thread-1] INFO  storage.RaftStorageDirectory (RaftStorageDirectory.java:analyzeStorage(246)) - The storage directory /workdir/hadoop-ozone/integration-test/target/test-dir/MiniOzoneClusterImpl-a33d77e5-464b-4d19-8e6b-a171e580bf0e/datanode-0/data/ratis/9110cbed-aff7-478d-a0d1-e470973dd81d does not exist. Creating ...
2019-09-20 09:26:59,235 [pool-27-thread-1] INFO  storage.RaftStorageDirectory (RaftStorageDirectory.java:tryLock(328)) - Lock on /workdir/hadoop-ozone/integration-test/target/test-dir/MiniOzoneClusterImpl-a33d77e5-464b-4d19-8e6b-a171e580bf0e/datanode-0/data/ratis/9110cbed-aff7-478d-a0d1-e470973dd81d/in_use.lock acquired by nodename 7145@pr-hdds-1569-p5fx8-1226042367
2019-09-20 09:26:59,235 [4840c00f-91d3-4881-a20b-4d0486ca97c0-SegmentedRaftLogWorker:Storage Directory /workdir/hadoop-ozone/integration-test/target/test-dir/MiniOzoneClusterImpl-a33d77e5-464b-4d19-8e6b-a171e580bf0e/datanode-3/data/ratis/a0a3f5cd-1105-46e4-8615-5e714e2c18c4] INFO  segmented.SegmentedRaftLogWorker (SegmentedRaftLogWorker.java:execute(569)) - 4840c00f-91d3-4881-a20b-4d0486ca97c0-SegmentedRaftLogWorker:Storage Directory /workdir/hadoop-ozone/integration-test/target/test-dir/MiniOzoneClusterImpl-a33d77e5-464b-4d19-8e6b-a171e580bf0e/datanode-3/data/ratis/a0a3f5cd-1105-46e4-8615-5e714e2c18c4: created new log segment /workdir/hadoop-ozone/integration-test/target/test-dir/MiniOzoneClusterImpl-a33d77e5-464b-4d19-8e6b-a171e580bf0e/datanode-3/data/ratis/a0a3f5cd-1105-46e4-8615-5e714e2c18c4/current/log_inprogress_0
2019-09-20 09:26:59,235 [02b93e76-e4c6-4b67-b8a4-c536d9ab7224:group-4ABE2EBFF4F2:LeaderElection25] INFO  impl.LeaderElection (LeaderElection.java:askForVotes(181)) - 02b93e76-e4c6-4b67-b8a4-c536d9ab7224:group-4ABE2EBFF4F2:LeaderElection25: begin an election at term 1 for -1: [02b93e76-e4c6-4b67-b8a4-c536d9ab7224:192.168.36.99:39343], old=null
2019-09-20 09:26:59,236 [02b93e76-e4c6-4b67-b8a4-c536d9ab7224:group-4ABE2EBFF4F2:LeaderElection25] INFO  impl.RoleInfo (RoleInfo.java:shutdownLeaderElection(134)) - 02b93e76-e4c6-4b67-b8a4-c536d9ab7224: shutdown LeaderElection
2019-09-20 09:26:59,236 [02b93e76-e4c6-4b67-b8a4-c536d9ab7224:group-4ABE2EBFF4F2:LeaderElection25] INFO  impl.RaftServerImpl (RaftServerImpl.java:setRole(171)) - 02b93e76-e4c6-4b67-b8a4-c536d9ab7224:group-4ABE2EBFF4F2 changes role from CANDIDATE to LEADER at term 1 for changeToLeader
2019-09-20 09:26:59,236 [02b93e76-e4c6-4b67-b8a4-c536d9ab7224:group-4ABE2EBFF4F2:LeaderElection25] INFO  impl.RaftServerImpl (ServerState.java:setLeader(263)) - 02b93e76-e4c6-4b67-b8a4-c536d9ab7224:group-4ABE2EBFF4F2 change Leader from null to 02b93e76-e4c6-4b67-b8a4-c536d9ab7224 at term 1 for becomeLeader, leader elected after 5222ms
2019-09-20 09:26:59,236 [02b93e76-e4c6-4b67-b8a4-c536d9ab7224:group-4ABE2EBFF4F2:LeaderElection25] INFO  server.RaftServerConfigKeys (ConfUtils.java:logGet(43)) - raft.server.staging.catchup.gap = 1000 (default)
2019-09-20 09:26:59,236 [02b93e76-e4c6-4b67-b8a4-c536d9ab7224:group-4ABE2EBFF4F2:LeaderElection25] INFO  server.RaftServerConfigKeys (ConfUtils.java:logGet(43)) - raft.server.rpc.sleep.time = 25ms (default)
2019-09-20 09:26:59,237 [02b93e76-e4c6-4b67-b8a4-c536d9ab7224:group-4ABE2EBFF4F2:LeaderElection25] INFO  server.RaftServerConfigKeys (ConfUtils.java:logGet(43)) - raft.server.write.element-limit = 4096 (default)
2019-09-20 09:26:59,237 [02b93e76-e4c6-4b67-b8a4-c536d9ab7224:group-4ABE2EBFF4F2:LeaderElection25] INFO  server.RaftServerConfigKeys (ConfUtils.java:logGet(43)) - raft.server.watch.timeout = 10s (default)
2019-09-20 09:26:59,237 [02b93e76-e4c6-4b67-b8a4-c536d9ab7224:group-4ABE2EBFF4F2:LeaderElection25] INFO  server.RaftServerConfigKeys (ConfUtils.java:logGet(43)) - raft.server.watch.timeout.denomination = 1s (default)
2019-09-20 09:26:59,237 [02b93e76-e4c6-4b67-b8a4-c536d9ab7224:group-4ABE2EBFF4F2:LeaderElection25] INFO  server.RaftServerConfigKeys (ConfUtils.java:logGet(43)) - raft.server.watch.element-limit = 65536 (default)
2019-09-20 09:26:59,237 [02b93e76-e4c6-4b67-b8a4-c536d9ab7224:group-4ABE2EBFF4F2:LeaderElection25] INFO  impl.RoleInfo (RoleInfo.java:updateAndGet(143)) - 02b93e76-e4c6-4b67-b8a4-c536d9ab7224: start LeaderState
2019-09-20 09:26:59,238 [02b93e76-e4c6-4b67-b8a4-c536d9ab7224:group-4ABE2EBFF4F2:LeaderElection25] INFO  segmented.SegmentedRaftLogWorker (SegmentedRaftLogWorker.java:startLogSegment(380)) - 02b93e76-e4c6-4b67-b8a4-c536d9ab7224-SegmentedRaftLogWorker:Storage Directory /workdir/hadoop-ozone/integration-test/target/test-dir/MiniOzoneClusterImpl-a33d77e5-464b-4d19-8e6b-a171e580bf0e/datanode-0/data/ratis/39713c70-e461-4e01-8ba4-4abe2ebff4f2: Starting segment from index:0
2019-09-20 09:26:59,238 [02b93e76-e4c6-4b67-b8a4-c536d9ab7224:group-4ABE2EBFF4F2:LeaderElection25] INFO  impl.RaftServerImpl (ServerState.java:setRaftConf(361)) - 02b93e76-e4c6-4b67-b8a4-c536d9ab7224:group-4ABE2EBFF4F2 set configuration 0: [02b93e76-e4c6-4b67-b8a4-c536d9ab7224:192.168.36.99:39343], old=null at 0
2019-09-20 09:26:59,276 [Thread-303] INFO  impl.FollowerState (FollowerState.java:run(106)) - 492ed782-6ab3-4ad9-945e-06def6ac7c96:group-90DB9956D43E changes to CANDIDATE, lastRpcTime:5107, electionTimeout:5102ms
2019-09-20 09:26:59,276 [Thread-303] INFO  impl.RoleInfo (RoleInfo.java:shutdownFollowerState(121)) - 492ed782-6ab3-4ad9-945e-06def6ac7c96: shutdown FollowerState
2019-09-20 09:26:59,276 [Thread-303] INFO  impl.RaftServerImpl (RaftServerImpl.java:setRole(171)) - 492ed782-6ab3-4ad9-945e-06def6ac7c96:group-90DB9956D43E changes role from FOLLOWER to CANDIDATE at term 0 for changeToCandidate
2019-09-20 09:26:59,277 [Thread-303] INFO  impl.RoleInfo (RoleInfo.java:updateAndGet(143)) - 492ed782-6ab3-4ad9-945e-06def6ac7c96: start LeaderElection
2019-09-20 09:26:59,277 [pool-27-thread-1] INFO  storage.RaftStorage (RaftStorage.java:format(72)) - Storage directory /workdir/hadoop-ozone/integration-test/target/test-dir/MiniOzoneClusterImpl-a33d77e5-464b-4d19-8e6b-a171e580bf0e/datanode-0/data/ratis/9110cbed-aff7-478d-a0d1-e470973dd81d has been successfully formatted.
2019-09-20 09:26:59,277 [pool-27-thread-1] INFO  ratis.ContainerStateMachine (ContainerStateMachine.java:loadSnapshot(226)) - group-E470973DD81D: The snapshot info is null. Setting the last applied indexto:(t:0, i:~)
2019-09-20 09:26:59,277 [Thread-306] INFO  impl.FollowerState (FollowerState.java:run(106)) - 871e6485-c22a-483f-9e07-d19e754685be:group-E5D52BF8A6B0 changes to CANDIDATE, lastRpcTime:5032, electionTimeout:5004ms
2019-09-20 09:26:59,277 [pool-27-thread-1] INFO  server.RaftServerConfigKeys (ConfUtils.java:logGet(43)) - raft.server.leader.election.timeout = 10s (custom)
2019-09-20 09:26:59,279 | INFO  | SCMAudit | user=jenkins1000 | ip=192.168.36.99 | op=SEND_HEARTBEAT {datanodeUUID=492ed782-6ab3-4ad9-945e-06def6ac7c96, command=[]} | ret=SUCCESS |  
2019-09-20 09:26:59,279 [Thread-306] INFO  impl.RoleInfo (RoleInfo.java:shutdownFollowerState(121)) - 871e6485-c22a-483f-9e07-d19e754685be: shutdown FollowerState
2019-09-20 09:26:59,279 [pool-27-thread-1] INFO  server.RaftServerConfigKeys (ConfUtils.java:logGet(43)) - raft.server.log.use.memory = false (default)
2019-09-20 09:26:59,280 [Thread-306] INFO  impl.RaftServerImpl (RaftServerImpl.java:setRole(171)) - 871e6485-c22a-483f-9e07-d19e754685be:group-E5D52BF8A6B0 changes role from FOLLOWER to CANDIDATE at term 0 for changeToCandidate
2019-09-20 09:26:59,280 [pool-27-thread-1] INFO  server.RaftServerConfigKeys (ConfUtils.java:logGet(43)) - raft.server.log.purge.gap = 1000000 (custom)
2019-09-20 09:26:59,280 | INFO  | SCMAudit | user=jenkins1000 | ip=192.168.36.99 | op=SEND_HEARTBEAT {datanodeUUID=871e6485-c22a-483f-9e07-d19e754685be, command=[]} | ret=SUCCESS |  
2019-09-20 09:26:59,280 [Thread-306] INFO  impl.RoleInfo (RoleInfo.java:updateAndGet(143)) - 871e6485-c22a-483f-9e07-d19e754685be: start LeaderElection
2019-09-20 09:26:59,280 | INFO  | SCMAudit | user=jenkins1000 | ip=192.168.36.99 | op=SEND_HEARTBEAT {datanodeUUID=4840c00f-91d3-4881-a20b-4d0486ca97c0, command=[]} | ret=SUCCESS |  
2019-09-20 09:26:59,280 [pool-27-thread-1] INFO  server.RaftServerConfigKeys (ConfUtils.java:logGet(43)) - raft.server.log.appender.buffer.byte-limit = 33554432 (custom)
2019-09-20 09:26:59,280 [pool-27-thread-1] INFO  server.RaftServerConfigKeys (ConfUtils.java:logGet(43)) - raft.server.log.segment.size.max = 1048576 (custom)
2019-09-20 09:26:59,282 [pool-27-thread-1] INFO  server.RaftServerConfigKeys (ConfUtils.java:logGet(43)) - raft.server.log.segment.cache.num.max = 2 (custom)
2019-09-20 09:26:59,282 [pool-27-thread-1] INFO  segmented.SegmentedRaftLogWorker (SegmentedRaftLogWorker.java:<init>(172)) - new 02b93e76-e4c6-4b67-b8a4-c536d9ab7224-SegmentedRaftLogWorker:Storage Directory /workdir/hadoop-ozone/integration-test/target/test-dir/MiniOzoneClusterImpl-a33d77e5-464b-4d19-8e6b-a171e580bf0e/datanode-0/data/ratis/9110cbed-aff7-478d-a0d1-e470973dd81d for RaftStorage:Storage Directory /workdir/hadoop-ozone/integration-test/target/test-dir/MiniOzoneClusterImpl-a33d77e5-464b-4d19-8e6b-a171e580bf0e/datanode-0/data/ratis/9110cbed-aff7-478d-a0d1-e470973dd81d
2019-09-20 09:26:59,282 [pool-27-thread-1] INFO  server.RaftServerConfigKeys (ConfUtils.java:logGet(43)) - raft.server.log.queue.byte-limit = 2147483647 (custom)
2019-09-20 09:26:59,282 [pool-27-thread-1] INFO  server.RaftServerConfigKeys (ConfUtils.java:logGet(43)) - raft.server.log.queue.element-limit = 1024 (custom)
2019-09-20 09:26:59,283 [pool-27-thread-1] INFO  server.RaftServerConfigKeys (ConfUtils.java:logGet(43)) - raft.server.log.segment.size.max = 1048576 (custom)
2019-09-20 09:26:59,283 [pool-27-thread-1] INFO  server.RaftServerConfigKeys (ConfUtils.java:logGet(43)) - raft.server.log.preallocated.size = 16384 (custom)
2019-09-20 09:26:59,283 [pool-27-thread-1] INFO  server.RaftServerConfigKeys (ConfUtils.java:logGet(43)) - raft.server.log.write.buffer.size = 33554432 (custom)
2019-09-20 09:26:59,283 [pool-27-thread-1] INFO  server.RaftServerConfigKeys (ConfUtils.java:logGet(43)) - raft.server.log.force.sync.num = 128 (default)
2019-09-20 09:26:59,283 [pool-27-thread-1] INFO  server.RaftServerConfigKeys (ConfUtils.java:logGet(43)) - raft.server.log.statemachine.data.sync = true (default)
2019-09-20 09:26:59,283 [pool-27-thread-1] INFO  server.RaftServerConfigKeys (ConfUtils.java:logGet(43)) - raft.server.log.statemachine.data.sync.timeout = 10s (default)
2019-09-20 09:26:59,283 [pool-27-thread-1] INFO  server.RaftServerConfigKeys (ConfUtils.java:logGet(43)) - raft.server.log.statemachine.data.sync.timeout.retry = -1 (default)
2019-09-20 09:26:59,284 [pool-27-thread-1] INFO  server.RaftServerConfigKeys (ConfUtils.java:logGet(43)) - raft.server.log.statemachine.data.caching.enabled = true (custom)
2019-09-20 09:26:59,284 [pool-27-thread-1] INFO  segmented.SegmentedRaftLogWorker (SegmentedRaftLogWorker.java:lambda$new$0(132)) - 02b93e76-e4c6-4b67-b8a4-c536d9ab7224-SegmentedRaftLogWorker:Storage Directory /workdir/hadoop-ozone/integration-test/target/test-dir/MiniOzoneClusterImpl-a33d77e5-464b-4d19-8e6b-a171e580bf0e/datanode-0/data/ratis/9110cbed-aff7-478d-a0d1-e470973dd81d: flushIndex: setUnconditionally 0 -> -1
2019-09-20 09:26:59,284 [pool-27-thread-1] INFO  server.RaftServerConfigKeys (ConfUtils.java:logGet(43)) - raft.server.snapshot.auto.trigger.enabled = true (custom)
2019-09-20 09:26:59,284 [pool-27-thread-1] INFO  server.RaftServerConfigKeys (ConfUtils.java:logGet(43)) - raft.server.snapshot.auto.trigger.threshold = 10000 (custom)
2019-09-20 09:26:59,284 [pool-27-thread-1] INFO  server.RaftServerConfigKeys (ConfUtils.java:logGet(43)) - raft.server.retrycache.expirytime = 600000ms (custom)
2019-09-20 09:26:59,285 [pool-27-thread-1] INFO  impl.RaftServerImpl (RaftServerImpl.java:start(180)) - 02b93e76-e4c6-4b67-b8a4-c536d9ab7224: start group-E470973DD81D
2019-09-20 09:26:59,285 [pool-27-thread-1] INFO  impl.RaftServerImpl (RaftServerImpl.java:setRole(171)) - 02b93e76-e4c6-4b67-b8a4-c536d9ab7224:group-E470973DD81D changes role from null to FOLLOWER at term 0 for startAsFollower
2019-09-20 09:26:59,285 [pool-27-thread-1] INFO  impl.RoleInfo (RoleInfo.java:updateAndGet(143)) - 02b93e76-e4c6-4b67-b8a4-c536d9ab7224: start FollowerState
2019-09-20 09:26:59,285 [pool-27-thread-1] INFO  util.JmxRegister (JmxRegister.java:tryRegister(44)) - Successfully registered JMX Bean with object name Ratis:service=RaftServer,group=group-E470973DD81D,id=02b93e76-e4c6-4b67-b8a4-c536d9ab7224
2019-09-20 09:26:59,289 [RatisPipelineUtilsThread] INFO  pipeline.PipelineStateManager (PipelineStateManager.java:addPipeline(56)) - Created pipeline Pipeline[ Id: 9110cbed-aff7-478d-a0d1-e470973dd81d, Nodes: 02b93e76-e4c6-4b67-b8a4-c536d9ab7224{ip: 192.168.36.99, host: pr-hdds-1569-p5fx8-1226042367, networkLocation: /default-rack, certSerialId: null}, Type:RATIS, Factor:ONE, State:OPEN]
2019-09-20 09:26:59,295 [grpc-default-executor-1] INFO  impl.RaftServerProxy (RaftServerProxy.java:addNew(89)) - 02b93e76-e4c6-4b67-b8a4-c536d9ab7224: addNew group-4F3B7E02669B:[02b93e76-e4c6-4b67-b8a4-c536d9ab7224:192.168.36.99:39343] returns group-4F3B7E02669B:java.util.concurrent.CompletableFuture@565b5016[Not completed]
2019-09-20 09:26:59,296 [pool-27-thread-1] INFO  impl.RaftServerImpl (RaftServerImpl.java:<init>(93)) - 02b93e76-e4c6-4b67-b8a4-c536d9ab7224: new RaftServerImpl for group-4F3B7E02669B:[02b93e76-e4c6-4b67-b8a4-c536d9ab7224:192.168.36.99:39343] with ContainerStateMachine:uninitialized
2019-09-20 09:26:59,296 [pool-27-thread-1] INFO  server.RaftServerConfigKeys (ConfUtils.java:logGet(43)) - raft.server.rpc.timeout.min = 5s (custom)
2019-09-20 09:26:59,296 [pool-27-thread-1] INFO  server.RaftServerConfigKeys (ConfUtils.java:logGet(43)) - raft.server.rpc.timeout.max = 5200ms (custom)
2019-09-20 09:26:59,296 [pool-27-thread-1] INFO  server.RaftServerConfigKeys (ConfUtils.java:logGet(43)) - raft.server.rpcslowness.timeout = 10s (custom)
2019-09-20 09:26:59,296 [pool-27-thread-1] INFO  server.RaftServerConfigKeys (ConfUtils.java:logGet(43)) - raft.server.sleep.deviation.threshold = 300 (default)
2019-09-20 09:26:59,297 [pool-27-thread-1] INFO  server.RaftServerConfigKeys (ConfUtils.java:logGet(43)) - raft.server.log.appender.install.snapshot.enabled = false (custom)
2019-09-20 09:26:59,297 [pool-27-thread-1] INFO  impl.RaftServerImpl (ServerState.java:<init>(105)) - 02b93e76-e4c6-4b67-b8a4-c536d9ab7224:group-4F3B7E02669B ConfigurationManager, init=-1: [02b93e76-e4c6-4b67-b8a4-c536d9ab7224:192.168.36.99:39343], old=null, confs=<EMPTY_MAP>
2019-09-20 09:26:59,297 [pool-27-thread-1] INFO  server.RaftServerConfigKeys (ConfUtils.java:logGet(43)) - raft.server.storage.dir = [/workdir/hadoop-ozone/integration-test/target/test-dir/MiniOzoneClusterImpl-a33d77e5-464b-4d19-8e6b-a171e580bf0e/datanode-0/data/ratis] (custom)
2019-09-20 09:26:59,297 [pool-27-thread-1] INFO  storage.RaftStorageDirectory (RaftStorageDirectory.java:analyzeStorage(246)) - The storage directory /workdir/hadoop-ozone/integration-test/target/test-dir/MiniOzoneClusterImpl-a33d77e5-464b-4d19-8e6b-a171e580bf0e/datanode-0/data/ratis/c7f74498-9bf5-4c81-b684-4f3b7e02669b does not exist. Creating ...
2019-09-20 09:26:59,301 [Thread-300] INFO  impl.FollowerState (FollowerState.java:run(106)) - 871e6485-c22a-483f-9e07-d19e754685be:group-57DC3109F456 changes to CANDIDATE, lastRpcTime:5198, electionTimeout:5198ms
2019-09-20 09:26:59,301 [Thread-300] INFO  impl.RoleInfo (RoleInfo.java:shutdownFollowerState(121)) - 871e6485-c22a-483f-9e07-d19e754685be: shutdown FollowerState
2019-09-20 09:26:59,301 [Thread-300] INFO  impl.RaftServerImpl (RaftServerImpl.java:setRole(171)) - 871e6485-c22a-483f-9e07-d19e754685be:group-57DC3109F456 changes role from FOLLOWER to CANDIDATE at term 0 for changeToCandidate
2019-09-20 09:26:59,301 [Thread-300] INFO  impl.RoleInfo (RoleInfo.java:updateAndGet(143)) - 871e6485-c22a-483f-9e07-d19e754685be: start LeaderElection
2019-09-20 09:26:59,303 [02b93e76-e4c6-4b67-b8a4-c536d9ab7224-SegmentedRaftLogWorker:Storage Directory /workdir/hadoop-ozone/integration-test/target/test-dir/MiniOzoneClusterImpl-a33d77e5-464b-4d19-8e6b-a171e580bf0e/datanode-0/data/ratis/39713c70-e461-4e01-8ba4-4abe2ebff4f2] INFO  segmented.SegmentedRaftLogWorker (SegmentedRaftLogWorker.java:execute(569)) - 02b93e76-e4c6-4b67-b8a4-c536d9ab7224-SegmentedRaftLogWorker:Storage Directory /workdir/hadoop-ozone/integration-test/target/test-dir/MiniOzoneClusterImpl-a33d77e5-464b-4d19-8e6b-a171e580bf0e/datanode-0/data/ratis/39713c70-e461-4e01-8ba4-4abe2ebff4f2: created new log segment /workdir/hadoop-ozone/integration-test/target/test-dir/MiniOzoneClusterImpl-a33d77e5-464b-4d19-8e6b-a171e580bf0e/datanode-0/data/ratis/39713c70-e461-4e01-8ba4-4abe2ebff4f2/current/log_inprogress_0
2019-09-20 09:26:59,311 [492ed782-6ab3-4ad9-945e-06def6ac7c96:group-90DB9956D43E:LeaderElection26] INFO  impl.LeaderElection (LeaderElection.java:askForVotes(181)) - 492ed782-6ab3-4ad9-945e-06def6ac7c96:group-90DB9956D43E:LeaderElection26: begin an election at term 1 for -1: [492ed782-6ab3-4ad9-945e-06def6ac7c96:192.168.36.99:32835], old=null
2019-09-20 09:26:59,311 [871e6485-c22a-483f-9e07-d19e754685be:group-E5D52BF8A6B0:LeaderElection27] INFO  impl.LeaderElection (LeaderElection.java:askForVotes(181)) - 871e6485-c22a-483f-9e07-d19e754685be:group-E5D52BF8A6B0:LeaderElection27: begin an election at term 1 for -1: [871e6485-c22a-483f-9e07-d19e754685be:192.168.36.99:41076], old=null
2019-09-20 09:26:59,312 [492ed782-6ab3-4ad9-945e-06def6ac7c96:group-90DB9956D43E:LeaderElection26] INFO  impl.RoleInfo (RoleInfo.java:shutdownLeaderElection(134)) - 492ed782-6ab3-4ad9-945e-06def6ac7c96: shutdown LeaderElection
2019-09-20 09:26:59,312 [871e6485-c22a-483f-9e07-d19e754685be:group-E5D52BF8A6B0:LeaderElection27] INFO  impl.RoleInfo (RoleInfo.java:shutdownLeaderElection(134)) - 871e6485-c22a-483f-9e07-d19e754685be: shutdown LeaderElection
2019-09-20 09:26:59,312 [492ed782-6ab3-4ad9-945e-06def6ac7c96:group-90DB9956D43E:LeaderElection26] INFO  impl.RaftServerImpl (RaftServerImpl.java:setRole(171)) - 492ed782-6ab3-4ad9-945e-06def6ac7c96:group-90DB9956D43E changes role from CANDIDATE to LEADER at term 1 for changeToLeader
2019-09-20 09:26:59,312 [871e6485-c22a-483f-9e07-d19e754685be:group-E5D52BF8A6B0:LeaderElection27] INFO  impl.RaftServerImpl (RaftServerImpl.java:setRole(171)) - 871e6485-c22a-483f-9e07-d19e754685be:group-E5D52BF8A6B0 changes role from CANDIDATE to LEADER at term 1 for changeToLeader
2019-09-20 09:26:59,312 [492ed782-6ab3-4ad9-945e-06def6ac7c96:group-90DB9956D43E:LeaderElection26] INFO  impl.RaftServerImpl (ServerState.java:setLeader(263)) - 492ed782-6ab3-4ad9-945e-06def6ac7c96:group-90DB9956D43E change Leader from null to 492ed782-6ab3-4ad9-945e-06def6ac7c96 at term 1 for becomeLeader, leader elected after 5147ms
2019-09-20 09:26:59,312 [871e6485-c22a-483f-9e07-d19e754685be:group-E5D52BF8A6B0:LeaderElection27] INFO  impl.RaftServerImpl (ServerState.java:setLeader(263)) - 871e6485-c22a-483f-9e07-d19e754685be:group-E5D52BF8A6B0 change Leader from null to 871e6485-c22a-483f-9e07-d19e754685be at term 1 for becomeLeader, leader elected after 5072ms
2019-09-20 09:26:59,312 [492ed782-6ab3-4ad9-945e-06def6ac7c96:group-90DB9956D43E:LeaderElection26] INFO  server.RaftServerConfigKeys (ConfUtils.java:logGet(43)) - raft.server.staging.catchup.gap = 1000 (default)
2019-09-20 09:26:59,312 [871e6485-c22a-483f-9e07-d19e754685be:group-E5D52BF8A6B0:LeaderElection27] INFO  server.RaftServerConfigKeys (ConfUtils.java:logGet(43)) - raft.server.staging.catchup.gap = 1000 (default)
2019-09-20 09:26:59,312 [492ed782-6ab3-4ad9-945e-06def6ac7c96:group-90DB9956D43E:LeaderElection26] INFO  server.RaftServerConfigKeys (ConfUtils.java:logGet(43)) - raft.server.rpc.sleep.time = 25ms (default)
2019-09-20 09:26:59,313 [871e6485-c22a-483f-9e07-d19e754685be:group-E5D52BF8A6B0:LeaderElection27] INFO  server.RaftServerConfigKeys (ConfUtils.java:logGet(43)) - raft.server.rpc.sleep.time = 25ms (default)
2019-09-20 09:26:59,313 [492ed782-6ab3-4ad9-945e-06def6ac7c96:group-90DB9956D43E:LeaderElection26] INFO  server.RaftServerConfigKeys (ConfUtils.java:logGet(43)) - raft.server.write.element-limit = 4096 (default)
2019-09-20 09:26:59,313 [871e6485-c22a-483f-9e07-d19e754685be:group-E5D52BF8A6B0:LeaderElection27] INFO  server.RaftServerConfigKeys (ConfUtils.java:logGet(43)) - raft.server.write.element-limit = 4096 (default)
2019-09-20 09:26:59,313 [492ed782-6ab3-4ad9-945e-06def6ac7c96:group-90DB9956D43E:LeaderElection26] INFO  server.RaftServerConfigKeys (ConfUtils.java:logGet(43)) - raft.server.watch.timeout = 10s (default)
2019-09-20 09:26:59,313 [871e6485-c22a-483f-9e07-d19e754685be:group-E5D52BF8A6B0:LeaderElection27] INFO  server.RaftServerConfigKeys (ConfUtils.java:logGet(43)) - raft.server.watch.timeout = 10s (default)
2019-09-20 09:26:59,313 [492ed782-6ab3-4ad9-945e-06def6ac7c96:group-90DB9956D43E:LeaderElection26] INFO  server.RaftServerConfigKeys (ConfUtils.java:logGet(43)) - raft.server.watch.timeout.denomination = 1s (default)
2019-09-20 09:26:59,313 [871e6485-c22a-483f-9e07-d19e754685be:group-E5D52BF8A6B0:LeaderElection27] INFO  server.RaftServerConfigKeys (ConfUtils.java:logGet(43)) - raft.server.watch.timeout.denomination = 1s (default)
2019-09-20 09:26:59,313 [492ed782-6ab3-4ad9-945e-06def6ac7c96:group-90DB9956D43E:LeaderElection26] INFO  server.RaftServerConfigKeys (ConfUtils.java:logGet(43)) - raft.server.watch.element-limit = 65536 (default)
2019-09-20 09:26:59,313 [871e6485-c22a-483f-9e07-d19e754685be:group-E5D52BF8A6B0:LeaderElection27] INFO  server.RaftServerConfigKeys (ConfUtils.java:logGet(43)) - raft.server.watch.element-limit = 65536 (default)
2019-09-20 09:26:59,314 [492ed782-6ab3-4ad9-945e-06def6ac7c96:group-90DB9956D43E:LeaderElection26] INFO  impl.RoleInfo (RoleInfo.java:updateAndGet(143)) - 492ed782-6ab3-4ad9-945e-06def6ac7c96: start LeaderState
2019-09-20 09:26:59,314 [871e6485-c22a-483f-9e07-d19e754685be:group-E5D52BF8A6B0:LeaderElection27] INFO  impl.RoleInfo (RoleInfo.java:updateAndGet(143)) - 871e6485-c22a-483f-9e07-d19e754685be: start LeaderState
2019-09-20 09:26:59,314 [492ed782-6ab3-4ad9-945e-06def6ac7c96:group-90DB9956D43E:LeaderElection26] INFO  segmented.SegmentedRaftLogWorker (SegmentedRaftLogWorker.java:startLogSegment(380)) - 492ed782-6ab3-4ad9-945e-06def6ac7c96-SegmentedRaftLogWorker:Storage Directory /workdir/hadoop-ozone/integration-test/target/test-dir/MiniOzoneClusterImpl-a33d77e5-464b-4d19-8e6b-a171e580bf0e/datanode-2/data/ratis/6aaed5c5-c006-49f5-a11f-90db9956d43e: Starting segment from index:0
2019-09-20 09:26:59,314 [871e6485-c22a-483f-9e07-d19e754685be:group-E5D52BF8A6B0:LeaderElection27] INFO  segmented.SegmentedRaftLogWorker (SegmentedRaftLogWorker.java:startLogSegment(380)) - 871e6485-c22a-483f-9e07-d19e754685be-SegmentedRaftLogWorker:Storage Directory /workdir/hadoop-ozone/integration-test/target/test-dir/MiniOzoneClusterImpl-a33d77e5-464b-4d19-8e6b-a171e580bf0e/datanode-4/data/ratis/97dfff0c-56b7-4e27-87c6-e5d52bf8a6b0: Starting segment from index:0
2019-09-20 09:26:59,314 [492ed782-6ab3-4ad9-945e-06def6ac7c96:group-90DB9956D43E:LeaderElection26] INFO  impl.RaftServerImpl (ServerState.java:setRaftConf(361)) - 492ed782-6ab3-4ad9-945e-06def6ac7c96:group-90DB9956D43E set configuration 0: [492ed782-6ab3-4ad9-945e-06def6ac7c96:192.168.36.99:32835], old=null at 0
2019-09-20 09:26:59,347 [pool-27-thread-1] INFO  storage.RaftStorageDirectory (RaftStorageDirectory.java:tryLock(328)) - Lock on /workdir/hadoop-ozone/integration-test/target/test-dir/MiniOzoneClusterImpl-a33d77e5-464b-4d19-8e6b-a171e580bf0e/datanode-0/data/ratis/c7f74498-9bf5-4c81-b684-4f3b7e02669b/in_use.lock acquired by nodename 7145@pr-hdds-1569-p5fx8-1226042367
2019-09-20 09:26:59,347 [871e6485-c22a-483f-9e07-d19e754685be:group-57DC3109F456:LeaderElection28] INFO  impl.LeaderElection (LeaderElection.java:askForVotes(181)) - 871e6485-c22a-483f-9e07-d19e754685be:group-57DC3109F456:LeaderElection28: begin an election at term 1 for -1: [871e6485-c22a-483f-9e07-d19e754685be:192.168.36.99:41076], old=null
2019-09-20 09:26:59,348 [871e6485-c22a-483f-9e07-d19e754685be:group-57DC3109F456:LeaderElection28] INFO  impl.RoleInfo (RoleInfo.java:shutdownLeaderElection(134)) - 871e6485-c22a-483f-9e07-d19e754685be: shutdown LeaderElection
2019-09-20 09:26:59,348 [871e6485-c22a-483f-9e07-d19e754685be:group-E5D52BF8A6B0:LeaderElection27] INFO  impl.RaftServerImpl (ServerState.java:setRaftConf(361)) - 871e6485-c22a-483f-9e07-d19e754685be:group-E5D52BF8A6B0 set configuration 0: [871e6485-c22a-483f-9e07-d19e754685be:192.168.36.99:41076], old=null at 0
2019-09-20 09:26:59,348 [871e6485-c22a-483f-9e07-d19e754685be:group-57DC3109F456:LeaderElection28] INFO  impl.RaftServerImpl (RaftServerImpl.java:setRole(171)) - 871e6485-c22a-483f-9e07-d19e754685be:group-57DC3109F456 changes role from CANDIDATE to LEADER at term 1 for changeToLeader
2019-09-20 09:26:59,386 [871e6485-c22a-483f-9e07-d19e754685be:group-57DC3109F456:LeaderElection28] INFO  impl.RaftServerImpl (ServerState.java:setLeader(263)) - 871e6485-c22a-483f-9e07-d19e754685be:group-57DC3109F456 change Leader from null to 871e6485-c22a-483f-9e07-d19e754685be at term 1 for becomeLeader, leader elected after 5288ms
2019-09-20 09:26:59,386 [871e6485-c22a-483f-9e07-d19e754685be:group-57DC3109F456:LeaderElection28] INFO  server.RaftServerConfigKeys (ConfUtils.java:logGet(43)) - raft.server.staging.catchup.gap = 1000 (default)
2019-09-20 09:26:59,386 [871e6485-c22a-483f-9e07-d19e754685be:group-57DC3109F456:LeaderElection28] INFO  server.RaftServerConfigKeys (ConfUtils.java:logGet(43)) - raft.server.rpc.sleep.time = 25ms (default)
2019-09-20 09:26:59,386 [871e6485-c22a-483f-9e07-d19e754685be:group-57DC3109F456:LeaderElection28] INFO  server.RaftServerConfigKeys (ConfUtils.java:logGet(43)) - raft.server.write.element-limit = 4096 (default)
2019-09-20 09:26:59,387 | INFO  | SCMAudit | user=jenkins1000 | ip=192.168.36.99 | op=SEND_HEARTBEAT {datanodeUUID=02b93e76-e4c6-4b67-b8a4-c536d9ab7224, command=[]} | ret=SUCCESS |  
2019-09-20 09:26:59,387 [871e6485-c22a-483f-9e07-d19e754685be:group-57DC3109F456:LeaderElection28] INFO  server.RaftServerConfigKeys (ConfUtils.java:logGet(43)) - raft.server.watch.timeout = 10s (default)
2019-09-20 09:26:59,387 [871e6485-c22a-483f-9e07-d19e754685be:group-57DC3109F456:LeaderElection28] INFO  server.RaftServerConfigKeys (ConfUtils.java:logGet(43)) - raft.server.watch.timeout.denomination = 1s (default)
2019-09-20 09:26:59,387 [871e6485-c22a-483f-9e07-d19e754685be:group-57DC3109F456:LeaderElection28] INFO  server.RaftServerConfigKeys (ConfUtils.java:logGet(43)) - raft.server.watch.element-limit = 65536 (default)
2019-09-20 09:26:59,387 [871e6485-c22a-483f-9e07-d19e754685be:group-57DC3109F456:LeaderElection28] INFO  impl.RoleInfo (RoleInfo.java:updateAndGet(143)) - 871e6485-c22a-483f-9e07-d19e754685be: start LeaderState
2019-09-20 09:26:59,388 [871e6485-c22a-483f-9e07-d19e754685be:group-57DC3109F456:LeaderElection28] INFO  segmented.SegmentedRaftLogWorker (SegmentedRaftLogWorker.java:startLogSegment(380)) - 871e6485-c22a-483f-9e07-d19e754685be-SegmentedRaftLogWorker:Storage Directory /workdir/hadoop-ozone/integration-test/target/test-dir/MiniOzoneClusterImpl-a33d77e5-464b-4d19-8e6b-a171e580bf0e/datanode-4/data/ratis/0421416a-2f98-493d-b7c2-57dc3109f456: Starting segment from index:0
2019-09-20 09:26:59,388 [871e6485-c22a-483f-9e07-d19e754685be:group-57DC3109F456:LeaderElection28] INFO  impl.RaftServerImpl (ServerState.java:setRaftConf(361)) - 871e6485-c22a-483f-9e07-d19e754685be:group-57DC3109F456 set configuration 0: [871e6485-c22a-483f-9e07-d19e754685be:192.168.36.99:41076], old=null at 0
2019-09-20 09:26:59,430 [492ed782-6ab3-4ad9-945e-06def6ac7c96-SegmentedRaftLogWorker:Storage Directory /workdir/hadoop-ozone/integration-test/target/test-dir/MiniOzoneClusterImpl-a33d77e5-464b-4d19-8e6b-a171e580bf0e/datanode-2/data/ratis/6aaed5c5-c006-49f5-a11f-90db9956d43e] INFO  segmented.SegmentedRaftLogWorker (SegmentedRaftLogWorker.java:execute(569)) - 492ed782-6ab3-4ad9-945e-06def6ac7c96-SegmentedRaftLogWorker:Storage Directory /workdir/hadoop-ozone/integration-test/target/test-dir/MiniOzoneClusterImpl-a33d77e5-464b-4d19-8e6b-a171e580bf0e/datanode-2/data/ratis/6aaed5c5-c006-49f5-a11f-90db9956d43e: created new log segment /workdir/hadoop-ozone/integration-test/target/test-dir/MiniOzoneClusterImpl-a33d77e5-464b-4d19-8e6b-a171e580bf0e/datanode-2/data/ratis/6aaed5c5-c006-49f5-a11f-90db9956d43e/current/log_inprogress_0
2019-09-20 09:26:59,430 [Thread-312] INFO  impl.FollowerState (FollowerState.java:run(106)) - 871e6485-c22a-483f-9e07-d19e754685be:group-114938149E37 changes to CANDIDATE, lastRpcTime:5032, electionTimeout:5002ms
2019-09-20 09:26:59,430 [871e6485-c22a-483f-9e07-d19e754685be-SegmentedRaftLogWorker:Storage Directory /workdir/hadoop-ozone/integration-test/target/test-dir/MiniOzoneClusterImpl-a33d77e5-464b-4d19-8e6b-a171e580bf0e/datanode-4/data/ratis/97dfff0c-56b7-4e27-87c6-e5d52bf8a6b0] INFO  segmented.SegmentedRaftLogWorker (SegmentedRaftLogWorker.java:execute(569)) - 871e6485-c22a-483f-9e07-d19e754685be-SegmentedRaftLogWorker:Storage Directory /workdir/hadoop-ozone/integration-test/target/test-dir/MiniOzoneClusterImpl-a33d77e5-464b-4d19-8e6b-a171e580bf0e/datanode-4/data/ratis/97dfff0c-56b7-4e27-87c6-e5d52bf8a6b0: created new log segment /workdir/hadoop-ozone/integration-test/target/test-dir/MiniOzoneClusterImpl-a33d77e5-464b-4d19-8e6b-a171e580bf0e/datanode-4/data/ratis/97dfff0c-56b7-4e27-87c6-e5d52bf8a6b0/current/log_inprogress_0
2019-09-20 09:26:59,430 [pool-27-thread-1] INFO  storage.RaftStorage (RaftStorage.java:format(72)) - Storage directory /workdir/hadoop-ozone/integration-test/target/test-dir/MiniOzoneClusterImpl-a33d77e5-464b-4d19-8e6b-a171e580bf0e/datanode-0/data/ratis/c7f74498-9bf5-4c81-b684-4f3b7e02669b has been successfully formatted.
2019-09-20 09:26:59,431 [Thread-312] INFO  impl.RoleInfo (RoleInfo.java:shutdownFollowerState(121)) - 871e6485-c22a-483f-9e07-d19e754685be: shutdown FollowerState
2019-09-20 09:26:59,431 [Thread-312] INFO  impl.RaftServerImpl (RaftServerImpl.java:setRole(171)) - 871e6485-c22a-483f-9e07-d19e754685be:group-114938149E37 changes role from FOLLOWER to CANDIDATE at term 0 for changeToCandidate
2019-09-20 09:26:59,431 [pool-27-thread-1] INFO  ratis.ContainerStateMachine (ContainerStateMachine.java:loadSnapshot(226)) - group-4F3B7E02669B: The snapshot info is null. Setting the last applied indexto:(t:0, i:~)
2019-09-20 09:26:59,431 [Thread-312] INFO  impl.RoleInfo (RoleInfo.java:updateAndGet(143)) - 871e6485-c22a-483f-9e07-d19e754685be: start LeaderElection
2019-09-20 09:26:59,431 [pool-27-thread-1] INFO  server.RaftServerConfigKeys (ConfUtils.java:logGet(43)) - raft.server.leader.election.timeout = 10s (custom)
2019-09-20 09:26:59,432 [pool-27-thread-1] INFO  server.RaftServerConfigKeys (ConfUtils.java:logGet(43)) - raft.server.log.use.memory = false (default)
2019-09-20 09:26:59,432 [pool-27-thread-1] INFO  server.RaftServerConfigKeys (ConfUtils.java:logGet(43)) - raft.server.log.purge.gap = 1000000 (custom)
2019-09-20 09:26:59,432 [pool-27-thread-1] INFO  server.RaftServerConfigKeys (ConfUtils.java:logGet(43)) - raft.server.log.appender.buffer.byte-limit = 33554432 (custom)
2019-09-20 09:26:59,434 [pool-27-thread-1] INFO  server.RaftServerConfigKeys (ConfUtils.java:logGet(43)) - raft.server.log.segment.size.max = 1048576 (custom)
2019-09-20 09:26:59,435 [pool-27-thread-1] INFO  server.RaftServerConfigKeys (ConfUtils.java:logGet(43)) - raft.server.log.segment.cache.num.max = 2 (custom)
2019-09-20 09:26:59,435 [pool-27-thread-1] INFO  segmented.SegmentedRaftLogWorker (SegmentedRaftLogWorker.java:<init>(172)) - new 02b93e76-e4c6-4b67-b8a4-c536d9ab7224-SegmentedRaftLogWorker:Storage Directory /workdir/hadoop-ozone/integration-test/target/test-dir/MiniOzoneClusterImpl-a33d77e5-464b-4d19-8e6b-a171e580bf0e/datanode-0/data/ratis/c7f74498-9bf5-4c81-b684-4f3b7e02669b for RaftStorage:Storage Directory /workdir/hadoop-ozone/integration-test/target/test-dir/MiniOzoneClusterImpl-a33d77e5-464b-4d19-8e6b-a171e580bf0e/datanode-0/data/ratis/c7f74498-9bf5-4c81-b684-4f3b7e02669b
2019-09-20 09:26:59,435 [pool-27-thread-1] INFO  server.RaftServerConfigKeys (ConfUtils.java:logGet(43)) - raft.server.log.queue.byte-limit = 2147483647 (custom)
2019-09-20 09:26:59,435 [pool-27-thread-1] INFO  server.RaftServerConfigKeys (ConfUtils.java:logGet(43)) - raft.server.log.queue.element-limit = 1024 (custom)
2019-09-20 09:26:59,435 [pool-27-thread-1] INFO  server.RaftServerConfigKeys (ConfUtils.java:logGet(43)) - raft.server.log.segment.size.max = 1048576 (custom)
2019-09-20 09:26:59,435 [pool-27-thread-1] INFO  server.RaftServerConfigKeys (ConfUtils.java:logGet(43)) - raft.server.log.preallocated.size = 16384 (custom)
2019-09-20 09:26:59,436 [pool-27-thread-1] INFO  server.RaftServerConfigKeys (ConfUtils.java:logGet(43)) - raft.server.log.write.buffer.size = 33554432 (custom)
2019-09-20 09:26:59,436 [pool-27-thread-1] INFO  server.RaftServerConfigKeys (ConfUtils.java:logGet(43)) - raft.server.log.force.sync.num = 128 (default)
2019-09-20 09:26:59,436 [pool-27-thread-1] INFO  server.RaftServerConfigKeys (ConfUtils.java:logGet(43)) - raft.server.log.statemachine.data.sync = true (default)
2019-09-20 09:26:59,436 [pool-27-thread-1] INFO  server.RaftServerConfigKeys (ConfUtils.java:logGet(43)) - raft.server.log.statemachine.data.sync.timeout = 10s (default)
2019-09-20 09:26:59,436 [pool-27-thread-1] INFO  server.RaftServerConfigKeys (ConfUtils.java:logGet(43)) - raft.server.log.statemachine.data.sync.timeout.retry = -1 (default)
2019-09-20 09:26:59,436 [pool-27-thread-1] INFO  server.RaftServerConfigKeys (ConfUtils.java:logGet(43)) - raft.server.log.statemachine.data.caching.enabled = true (custom)
2019-09-20 09:26:59,437 [pool-27-thread-1] INFO  segmented.SegmentedRaftLogWorker (SegmentedRaftLogWorker.java:lambda$new$0(132)) - 02b93e76-e4c6-4b67-b8a4-c536d9ab7224-SegmentedRaftLogWorker:Storage Directory /workdir/hadoop-ozone/integration-test/target/test-dir/MiniOzoneClusterImpl-a33d77e5-464b-4d19-8e6b-a171e580bf0e/datanode-0/data/ratis/c7f74498-9bf5-4c81-b684-4f3b7e02669b: flushIndex: setUnconditionally 0 -> -1
2019-09-20 09:26:59,437 [pool-27-thread-1] INFO  server.RaftServerConfigKeys (ConfUtils.java:logGet(43)) - raft.server.snapshot.auto.trigger.enabled = true (custom)
2019-09-20 09:26:59,437 [pool-27-thread-1] INFO  server.RaftServerConfigKeys (ConfUtils.java:logGet(43)) - raft.server.snapshot.auto.trigger.threshold = 10000 (custom)
2019-09-20 09:26:59,437 [pool-27-thread-1] INFO  server.RaftServerConfigKeys (ConfUtils.java:logGet(43)) - raft.server.retrycache.expirytime = 600000ms (custom)
2019-09-20 09:26:59,437 [pool-27-thread-1] INFO  impl.RaftServerImpl (RaftServerImpl.java:start(180)) - 02b93e76-e4c6-4b67-b8a4-c536d9ab7224: start group-4F3B7E02669B
2019-09-20 09:26:59,438 [pool-27-thread-1] INFO  impl.RaftServerImpl (RaftServerImpl.java:setRole(171)) - 02b93e76-e4c6-4b67-b8a4-c536d9ab7224:group-4F3B7E02669B changes role from null to FOLLOWER at term 0 for startAsFollower
2019-09-20 09:26:59,438 [pool-27-thread-1] INFO  impl.RoleInfo (RoleInfo.java:updateAndGet(143)) - 02b93e76-e4c6-4b67-b8a4-c536d9ab7224: start FollowerState
2019-09-20 09:26:59,438 [pool-27-thread-1] INFO  util.JmxRegister (JmxRegister.java:tryRegister(44)) - Successfully registered JMX Bean with object name Ratis:service=RaftServer,group=group-4F3B7E02669B,id=02b93e76-e4c6-4b67-b8a4-c536d9ab7224
2019-09-20 09:26:59,442 [RatisPipelineUtilsThread] INFO  pipeline.PipelineStateManager (PipelineStateManager.java:addPipeline(56)) - Created pipeline Pipeline[ Id: c7f74498-9bf5-4c81-b684-4f3b7e02669b, Nodes: 02b93e76-e4c6-4b67-b8a4-c536d9ab7224{ip: 192.168.36.99, host: pr-hdds-1569-p5fx8-1226042367, networkLocation: /default-rack, certSerialId: null}, Type:RATIS, Factor:ONE, State:OPEN]
2019-09-20 09:26:59,449 [grpc-default-executor-1] INFO  impl.RaftServerProxy (RaftServerProxy.java:addNew(89)) - dc7f40a9-6782-42c4-abab-c6b1682da047: addNew group-F88C76BC901D:[dc7f40a9-6782-42c4-abab-c6b1682da047:192.168.36.99:40142] returns group-F88C76BC901D:java.util.concurrent.CompletableFuture@1626a3e[Not completed]
2019-09-20 09:26:59,452 [pool-82-thread-1] INFO  impl.RaftServerImpl (RaftServerImpl.java:<init>(93)) - dc7f40a9-6782-42c4-abab-c6b1682da047: new RaftServerImpl for group-F88C76BC901D:[dc7f40a9-6782-42c4-abab-c6b1682da047:192.168.36.99:40142] with ContainerStateMachine:uninitialized
2019-09-20 09:26:59,452 [pool-82-thread-1] INFO  server.RaftServerConfigKeys (ConfUtils.java:logGet(43)) - raft.server.rpc.timeout.min = 5s (custom)
2019-09-20 09:26:59,452 [pool-82-thread-1] INFO  server.RaftServerConfigKeys (ConfUtils.java:logGet(43)) - raft.server.rpc.timeout.max = 5200ms (custom)
2019-09-20 09:26:59,452 [pool-82-thread-1] INFO  server.RaftServerConfigKeys (ConfUtils.java:logGet(43)) - raft.server.rpcslowness.timeout = 10s (custom)
2019-09-20 09:26:59,453 [pool-82-thread-1] INFO  server.RaftServerConfigKeys (ConfUtils.java:logGet(43)) - raft.server.sleep.deviation.threshold = 300 (default)
2019-09-20 09:26:59,453 [pool-82-thread-1] INFO  server.RaftServerConfigKeys (ConfUtils.java:logGet(43)) - raft.server.log.appender.install.snapshot.enabled = false (custom)
2019-09-20 09:26:59,453 [pool-82-thread-1] INFO  impl.RaftServerImpl (ServerState.java:<init>(105)) - dc7f40a9-6782-42c4-abab-c6b1682da047:group-F88C76BC901D ConfigurationManager, init=-1: [dc7f40a9-6782-42c4-abab-c6b1682da047:192.168.36.99:40142], old=null, confs=<EMPTY_MAP>
2019-09-20 09:26:59,453 [pool-82-thread-1] INFO  server.RaftServerConfigKeys (ConfUtils.java:logGet(43)) - raft.server.storage.dir = [/workdir/hadoop-ozone/integration-test/target/test-dir/MiniOzoneClusterImpl-a33d77e5-464b-4d19-8e6b-a171e580bf0e/datanode-5/data/ratis] (custom)
2019-09-20 09:26:59,454 [pool-82-thread-1] INFO  storage.RaftStorageDirectory (RaftStorageDirectory.java:analyzeStorage(246)) - The storage directory /workdir/hadoop-ozone/integration-test/target/test-dir/MiniOzoneClusterImpl-a33d77e5-464b-4d19-8e6b-a171e580bf0e/datanode-5/data/ratis/d8d7645d-99c2-48a5-adaf-f88c76bc901d does not exist. Creating ...
2019-09-20 09:26:59,482 [Thread-309] INFO  impl.FollowerState (FollowerState.java:run(106)) - fd3cd5f9-4f1c-43ea-91b1-b85a1f6c3825:group-8DA439351161 changes to CANDIDATE, lastRpcTime:5153, electionTimeout:5153ms
2019-09-20 09:26:59,483 [Thread-309] INFO  impl.RoleInfo (RoleInfo.java:shutdownFollowerState(121)) - fd3cd5f9-4f1c-43ea-91b1-b85a1f6c3825: shutdown FollowerState
2019-09-20 09:26:59,483 [Thread-309] INFO  impl.RaftServerImpl (RaftServerImpl.java:setRole(171)) - fd3cd5f9-4f1c-43ea-91b1-b85a1f6c3825:group-8DA439351161 changes role from FOLLOWER to CANDIDATE at term 0 for changeToCandidate
2019-09-20 09:26:59,483 [Thread-309] INFO  impl.RoleInfo (RoleInfo.java:updateAndGet(143)) - fd3cd5f9-4f1c-43ea-91b1-b85a1f6c3825: start LeaderElection
2019-09-20 09:26:59,488 [pool-82-thread-1] INFO  storage.RaftStorageDirectory (RaftStorageDirectory.java:tryLock(328)) - Lock on /workdir/hadoop-ozone/integration-test/target/test-dir/MiniOzoneClusterImpl-a33d77e5-464b-4d19-8e6b-a171e580bf0e/datanode-5/data/ratis/d8d7645d-99c2-48a5-adaf-f88c76bc901d/in_use.lock acquired by nodename 7145@pr-hdds-1569-p5fx8-1226042367
2019-09-20 09:26:59,488 [871e6485-c22a-483f-9e07-d19e754685be-SegmentedRaftLogWorker:Storage Directory /workdir/hadoop-ozone/integration-test/target/test-dir/MiniOzoneClusterImpl-a33d77e5-464b-4d19-8e6b-a171e580bf0e/datanode-4/data/ratis/0421416a-2f98-493d-b7c2-57dc3109f456] INFO  segmented.SegmentedRaftLogWorker (SegmentedRaftLogWorker.java:execute(569)) - 871e6485-c22a-483f-9e07-d19e754685be-SegmentedRaftLogWorker:Storage Directory /workdir/hadoop-ozone/integration-test/target/test-dir/MiniOzoneClusterImpl-a33d77e5-464b-4d19-8e6b-a171e580bf0e/datanode-4/data/ratis/0421416a-2f98-493d-b7c2-57dc3109f456: created new log segment /workdir/hadoop-ozone/integration-test/target/test-dir/MiniOzoneClusterImpl-a33d77e5-464b-4d19-8e6b-a171e580bf0e/datanode-4/data/ratis/0421416a-2f98-493d-b7c2-57dc3109f456/current/log_inprogress_0
2019-09-20 09:26:59,488 [871e6485-c22a-483f-9e07-d19e754685be:group-114938149E37:LeaderElection29] INFO  impl.LeaderElection (LeaderElection.java:askForVotes(181)) - 871e6485-c22a-483f-9e07-d19e754685be:group-114938149E37:LeaderElection29: begin an election at term 1 for -1: [871e6485-c22a-483f-9e07-d19e754685be:192.168.36.99:41076], old=null
2019-09-20 09:26:59,489 [871e6485-c22a-483f-9e07-d19e754685be:group-114938149E37:LeaderElection29] INFO  impl.RoleInfo (RoleInfo.java:shutdownLeaderElection(134)) - 871e6485-c22a-483f-9e07-d19e754685be: shutdown LeaderElection
2019-09-20 09:26:59,489 [871e6485-c22a-483f-9e07-d19e754685be:group-114938149E37:LeaderElection29] INFO  impl.RaftServerImpl (RaftServerImpl.java:setRole(171)) - 871e6485-c22a-483f-9e07-d19e754685be:group-114938149E37 changes role from CANDIDATE to LEADER at term 1 for changeToLeader
2019-09-20 09:26:59,489 [871e6485-c22a-483f-9e07-d19e754685be:group-114938149E37:LeaderElection29] INFO  impl.RaftServerImpl (ServerState.java:setLeader(263)) - 871e6485-c22a-483f-9e07-d19e754685be:group-114938149E37 change Leader from null to 871e6485-c22a-483f-9e07-d19e754685be at term 1 for becomeLeader, leader elected after 5096ms
2019-09-20 09:26:59,489 [871e6485-c22a-483f-9e07-d19e754685be:group-114938149E37:LeaderElection29] INFO  server.RaftServerConfigKeys (ConfUtils.java:logGet(43)) - raft.server.staging.catchup.gap = 1000 (default)
2019-09-20 09:26:59,489 [871e6485-c22a-483f-9e07-d19e754685be:group-114938149E37:LeaderElection29] INFO  server.RaftServerConfigKeys (ConfUtils.java:logGet(43)) - raft.server.rpc.sleep.time = 25ms (default)
2019-09-20 09:26:59,490 [871e6485-c22a-483f-9e07-d19e754685be:group-114938149E37:LeaderElection29] INFO  server.RaftServerConfigKeys (ConfUtils.java:logGet(43)) - raft.server.write.element-limit = 4096 (default)
2019-09-20 09:26:59,490 [871e6485-c22a-483f-9e07-d19e754685be:group-114938149E37:LeaderElection29] INFO  server.RaftServerConfigKeys (ConfUtils.java:logGet(43)) - raft.server.watch.timeout = 10s (default)
2019-09-20 09:26:59,490 [871e6485-c22a-483f-9e07-d19e754685be:group-114938149E37:LeaderElection29] INFO  server.RaftServerConfigKeys (ConfUtils.java:logGet(43)) - raft.server.watch.timeout.denomination = 1s (default)
2019-09-20 09:26:59,490 [871e6485-c22a-483f-9e07-d19e754685be:group-114938149E37:LeaderElection29] INFO  server.RaftServerConfigKeys (ConfUtils.java:logGet(43)) - raft.server.watch.element-limit = 65536 (default)
2019-09-20 09:26:59,490 [871e6485-c22a-483f-9e07-d19e754685be:group-114938149E37:LeaderElection29] INFO  impl.RoleInfo (RoleInfo.java:updateAndGet(143)) - 871e6485-c22a-483f-9e07-d19e754685be: start LeaderState
2019-09-20 09:26:59,490 [871e6485-c22a-483f-9e07-d19e754685be:group-114938149E37:LeaderElection29] INFO  segmented.SegmentedRaftLogWorker (SegmentedRaftLogWorker.java:startLogSegment(380)) - 871e6485-c22a-483f-9e07-d19e754685be-SegmentedRaftLogWorker:Storage Directory /workdir/hadoop-ozone/integration-test/target/test-dir/MiniOzoneClusterImpl-a33d77e5-464b-4d19-8e6b-a171e580bf0e/datanode-4/data/ratis/ee534ba4-92c8-4f7e-ba3a-114938149e37: Starting segment from index:0
2019-09-20 09:26:59,491 [871e6485-c22a-483f-9e07-d19e754685be:group-114938149E37:LeaderElection29] INFO  impl.RaftServerImpl (ServerState.java:setRaftConf(361)) - 871e6485-c22a-483f-9e07-d19e754685be:group-114938149E37 set configuration 0: [871e6485-c22a-483f-9e07-d19e754685be:192.168.36.99:41076], old=null at 0
2019-09-20 09:26:59,544 | INFO  | SCMAudit | user=jenkins1000 | ip=192.168.36.99 | op=SEND_HEARTBEAT {datanodeUUID=dc7f40a9-6782-42c4-abab-c6b1682da047, command=[]} | ret=SUCCESS |  
2019-09-20 09:26:59,595 | INFO  | SCMAudit | user=jenkins1000 | ip=192.168.36.99 | op=SEND_HEARTBEAT {datanodeUUID=fd3cd5f9-4f1c-43ea-91b1-b85a1f6c3825, command=[]} | ret=SUCCESS |  
2019-09-20 09:26:59,607 [Thread-315] INFO  impl.FollowerState (FollowerState.java:run(106)) - 02b93e76-e4c6-4b67-b8a4-c536d9ab7224:group-905D20785107 changes to CANDIDATE, lastRpcTime:5125, electionTimeout:5125ms
2019-09-20 09:26:59,607 [Thread-315] INFO  impl.RoleInfo (RoleInfo.java:shutdownFollowerState(121)) - 02b93e76-e4c6-4b67-b8a4-c536d9ab7224: shutdown FollowerState
2019-09-20 09:26:59,607 [Thread-315] INFO  impl.RaftServerImpl (RaftServerImpl.java:setRole(171)) - 02b93e76-e4c6-4b67-b8a4-c536d9ab7224:group-905D20785107 changes role from FOLLOWER to CANDIDATE at term 0 for changeToCandidate
2019-09-20 09:26:59,607 [Thread-315] INFO  impl.RoleInfo (RoleInfo.java:updateAndGet(143)) - 02b93e76-e4c6-4b67-b8a4-c536d9ab7224: start LeaderElection
2019-09-20 09:26:59,612 [Thread-318] INFO  impl.FollowerState (FollowerState.java:run(106)) - 02b93e76-e4c6-4b67-b8a4-c536d9ab7224:group-35E2D655AE49 changes to CANDIDATE, lastRpcTime:5047, electionTimeout:5047ms
2019-09-20 09:26:59,612 [Thread-318] INFO  impl.RoleInfo (RoleInfo.java:shutdownFollowerState(121)) - 02b93e76-e4c6-4b67-b8a4-c536d9ab7224: shutdown FollowerState
2019-09-20 09:26:59,612 [Thread-318] INFO  impl.RaftServerImpl (RaftServerImpl.java:setRole(171)) - 02b93e76-e4c6-4b67-b8a4-c536d9ab7224:group-35E2D655AE49 changes role from FOLLOWER to CANDIDATE at term 0 for changeToCandidate
2019-09-20 09:26:59,613 [Thread-318] INFO  impl.RoleInfo (RoleInfo.java:updateAndGet(143)) - 02b93e76-e4c6-4b67-b8a4-c536d9ab7224: start LeaderElection
2019-09-20 09:26:59,639 [871e6485-c22a-483f-9e07-d19e754685be-SegmentedRaftLogWorker:Storage Directory /workdir/hadoop-ozone/integration-test/target/test-dir/MiniOzoneClusterImpl-a33d77e5-464b-4d19-8e6b-a171e580bf0e/datanode-4/data/ratis/ee534ba4-92c8-4f7e-ba3a-114938149e37] INFO  segmented.SegmentedRaftLogWorker (SegmentedRaftLogWorker.java:execute(569)) - 871e6485-c22a-483f-9e07-d19e754685be-SegmentedRaftLogWorker:Storage Directory /workdir/hadoop-ozone/integration-test/target/test-dir/MiniOzoneClusterImpl-a33d77e5-464b-4d19-8e6b-a171e580bf0e/datanode-4/data/ratis/ee534ba4-92c8-4f7e-ba3a-114938149e37: created new log segment /workdir/hadoop-ozone/integration-test/target/test-dir/MiniOzoneClusterImpl-a33d77e5-464b-4d19-8e6b-a171e580bf0e/datanode-4/data/ratis/ee534ba4-92c8-4f7e-ba3a-114938149e37/current/log_inprogress_0
2019-09-20 09:26:59,639 [pool-82-thread-1] INFO  storage.RaftStorage (RaftStorage.java:format(72)) - Storage directory /workdir/hadoop-ozone/integration-test/target/test-dir/MiniOzoneClusterImpl-a33d77e5-464b-4d19-8e6b-a171e580bf0e/datanode-5/data/ratis/d8d7645d-99c2-48a5-adaf-f88c76bc901d has been successfully formatted.
2019-09-20 09:26:59,639 [02b93e76-e4c6-4b67-b8a4-c536d9ab7224:group-35E2D655AE49:LeaderElection32] INFO  impl.LeaderElection (LeaderElection.java:askForVotes(181)) - 02b93e76-e4c6-4b67-b8a4-c536d9ab7224:group-35E2D655AE49:LeaderElection32: begin an election at term 1 for -1: [02b93e76-e4c6-4b67-b8a4-c536d9ab7224:192.168.36.99:39343], old=null
2019-09-20 09:26:59,639 [fd3cd5f9-4f1c-43ea-91b1-b85a1f6c3825:group-8DA439351161:LeaderElection30] INFO  impl.LeaderElection (LeaderElection.java:askForVotes(181)) - fd3cd5f9-4f1c-43ea-91b1-b85a1f6c3825:group-8DA439351161:LeaderElection30: begin an election at term 1 for -1: [fd3cd5f9-4f1c-43ea-91b1-b85a1f6c3825:192.168.36.99:39114], old=null
2019-09-20 09:26:59,639 [02b93e76-e4c6-4b67-b8a4-c536d9ab7224:group-905D20785107:LeaderElection31] INFO  impl.LeaderElection (LeaderElection.java:askForVotes(181)) - 02b93e76-e4c6-4b67-b8a4-c536d9ab7224:group-905D20785107:LeaderElection31: begin an election at term 1 for -1: [02b93e76-e4c6-4b67-b8a4-c536d9ab7224:192.168.36.99:39343], old=null
2019-09-20 09:26:59,640 [fd3cd5f9-4f1c-43ea-91b1-b85a1f6c3825:group-8DA439351161:LeaderElection30] INFO  impl.RoleInfo (RoleInfo.java:shutdownLeaderElection(134)) - fd3cd5f9-4f1c-43ea-91b1-b85a1f6c3825: shutdown LeaderElection
2019-09-20 09:26:59,640 [pool-82-thread-1] INFO  ratis.ContainerStateMachine (ContainerStateMachine.java:loadSnapshot(226)) - group-F88C76BC901D: The snapshot info is null. Setting the last applied indexto:(t:0, i:~)
2019-09-20 09:26:59,640 [02b93e76-e4c6-4b67-b8a4-c536d9ab7224:group-35E2D655AE49:LeaderElection32] INFO  impl.RoleInfo (RoleInfo.java:shutdownLeaderElection(134)) - 02b93e76-e4c6-4b67-b8a4-c536d9ab7224: shutdown LeaderElection
2019-09-20 09:26:59,640 [pool-82-thread-1] INFO  server.RaftServerConfigKeys (ConfUtils.java:logGet(43)) - raft.server.leader.election.timeout = 10s (custom)
2019-09-20 09:26:59,640 [fd3cd5f9-4f1c-43ea-91b1-b85a1f6c3825:group-8DA439351161:LeaderElection30] INFO  impl.RaftServerImpl (RaftServerImpl.java:setRole(171)) - fd3cd5f9-4f1c-43ea-91b1-b85a1f6c3825:group-8DA439351161 changes role from CANDIDATE to LEADER at term 1 for changeToLeader
2019-09-20 09:26:59,640 [02b93e76-e4c6-4b67-b8a4-c536d9ab7224:group-905D20785107:LeaderElection31] INFO  impl.RoleInfo (RoleInfo.java:shutdownLeaderElection(134)) - 02b93e76-e4c6-4b67-b8a4-c536d9ab7224: shutdown LeaderElection
2019-09-20 09:26:59,641 [fd3cd5f9-4f1c-43ea-91b1-b85a1f6c3825:group-8DA439351161:LeaderElection30] INFO  impl.RaftServerImpl (ServerState.java:setLeader(263)) - fd3cd5f9-4f1c-43ea-91b1-b85a1f6c3825:group-8DA439351161 change Leader from null to fd3cd5f9-4f1c-43ea-91b1-b85a1f6c3825 at term 1 for becomeLeader, leader elected after 5316ms
2019-09-20 09:26:59,641 [pool-82-thread-1] INFO  server.RaftServerConfigKeys (ConfUtils.java:logGet(43)) - raft.server.log.use.memory = false (default)
2019-09-20 09:26:59,641 [02b93e76-e4c6-4b67-b8a4-c536d9ab7224:group-35E2D655AE49:LeaderElection32] INFO  impl.RaftServerImpl (RaftServerImpl.java:setRole(171)) - 02b93e76-e4c6-4b67-b8a4-c536d9ab7224:group-35E2D655AE49 changes role from CANDIDATE to LEADER at term 1 for changeToLeader
2019-09-20 09:26:59,641 [pool-82-thread-1] INFO  server.RaftServerConfigKeys (ConfUtils.java:logGet(43)) - raft.server.log.purge.gap = 1000000 (custom)
2019-09-20 09:26:59,641 [fd3cd5f9-4f1c-43ea-91b1-b85a1f6c3825:group-8DA439351161:LeaderElection30] INFO  server.RaftServerConfigKeys (ConfUtils.java:logGet(43)) - raft.server.staging.catchup.gap = 1000 (default)
2019-09-20 09:26:59,641 [02b93e76-e4c6-4b67-b8a4-c536d9ab7224:group-905D20785107:LeaderElection31] INFO  impl.RaftServerImpl (RaftServerImpl.java:setRole(171)) - 02b93e76-e4c6-4b67-b8a4-c536d9ab7224:group-905D20785107 changes role from CANDIDATE to LEADER at term 1 for changeToLeader
2019-09-20 09:26:59,642 [fd3cd5f9-4f1c-43ea-91b1-b85a1f6c3825:group-8DA439351161:LeaderElection30] INFO  server.RaftServerConfigKeys (ConfUtils.java:logGet(43)) - raft.server.rpc.sleep.time = 25ms (default)
2019-09-20 09:26:59,642 [pool-82-thread-1] INFO  server.RaftServerConfigKeys (ConfUtils.java:logGet(43)) - raft.server.log.appender.buffer.byte-limit = 33554432 (custom)
2019-09-20 09:26:59,642 [02b93e76-e4c6-4b67-b8a4-c536d9ab7224:group-35E2D655AE49:LeaderElection32] INFO  impl.RaftServerImpl (ServerState.java:setLeader(263)) - 02b93e76-e4c6-4b67-b8a4-c536d9ab7224:group-35E2D655AE49 change Leader from null to 02b93e76-e4c6-4b67-b8a4-c536d9ab7224 at term 1 for becomeLeader, leader elected after 5081ms
2019-09-20 09:26:59,642 [pool-82-thread-1] INFO  server.RaftServerConfigKeys (ConfUtils.java:logGet(43)) - raft.server.log.segment.size.max = 1048576 (custom)
2019-09-20 09:26:59,642 [fd3cd5f9-4f1c-43ea-91b1-b85a1f6c3825:group-8DA439351161:LeaderElection30] INFO  server.RaftServerConfigKeys (ConfUtils.java:logGet(43)) - raft.server.write.element-limit = 4096 (default)
2019-09-20 09:26:59,642 [02b93e76-e4c6-4b67-b8a4-c536d9ab7224:group-905D20785107:LeaderElection31] INFO  impl.RaftServerImpl (ServerState.java:setLeader(263)) - 02b93e76-e4c6-4b67-b8a4-c536d9ab7224:group-905D20785107 change Leader from null to 02b93e76-e4c6-4b67-b8a4-c536d9ab7224 at term 1 for becomeLeader, leader elected after 5165ms
2019-09-20 09:26:59,643 [fd3cd5f9-4f1c-43ea-91b1-b85a1f6c3825:group-8DA439351161:LeaderElection30] INFO  server.RaftServerConfigKeys (ConfUtils.java:logGet(43)) - raft.server.watch.timeout = 10s (default)
2019-09-20 09:26:59,643 [pool-82-thread-1] INFO  server.RaftServerConfigKeys (ConfUtils.java:logGet(43)) - raft.server.log.segment.cache.num.max = 2 (custom)
2019-09-20 09:26:59,643 [02b93e76-e4c6-4b67-b8a4-c536d9ab7224:group-35E2D655AE49:LeaderElection32] INFO  server.RaftServerConfigKeys (ConfUtils.java:logGet(43)) - raft.server.staging.catchup.gap = 1000 (default)
2019-09-20 09:26:59,644 [pool-82-thread-1] INFO  segmented.SegmentedRaftLogWorker (SegmentedRaftLogWorker.java:<init>(172)) - new dc7f40a9-6782-42c4-abab-c6b1682da047-SegmentedRaftLogWorker:Storage Directory /workdir/hadoop-ozone/integration-test/target/test-dir/MiniOzoneClusterImpl-a33d77e5-464b-4d19-8e6b-a171e580bf0e/datanode-5/data/ratis/d8d7645d-99c2-48a5-adaf-f88c76bc901d for RaftStorage:Storage Directory /workdir/hadoop-ozone/integration-test/target/test-dir/MiniOzoneClusterImpl-a33d77e5-464b-4d19-8e6b-a171e580bf0e/datanode-5/data/ratis/d8d7645d-99c2-48a5-adaf-f88c76bc901d
2019-09-20 09:26:59,643 [fd3cd5f9-4f1c-43ea-91b1-b85a1f6c3825:group-8DA439351161:LeaderElection30] INFO  server.RaftServerConfigKeys (ConfUtils.java:logGet(43)) - raft.server.watch.timeout.denomination = 1s (default)
2019-09-20 09:26:59,643 [02b93e76-e4c6-4b67-b8a4-c536d9ab7224:group-905D20785107:LeaderElection31] INFO  server.RaftServerConfigKeys (ConfUtils.java:logGet(43)) - raft.server.staging.catchup.gap = 1000 (default)
2019-09-20 09:26:59,644 [fd3cd5f9-4f1c-43ea-91b1-b85a1f6c3825:group-8DA439351161:LeaderElection30] INFO  server.RaftServerConfigKeys (ConfUtils.java:logGet(43)) - raft.server.watch.element-limit = 65536 (default)
2019-09-20 09:26:59,644 [pool-82-thread-1] INFO  server.RaftServerConfigKeys (ConfUtils.java:logGet(43)) - raft.server.log.queue.byte-limit = 2147483647 (custom)
2019-09-20 09:26:59,644 [02b93e76-e4c6-4b67-b8a4-c536d9ab7224:group-35E2D655AE49:LeaderElection32] INFO  server.RaftServerConfigKeys (ConfUtils.java:logGet(43)) - raft.server.rpc.sleep.time = 25ms (default)
2019-09-20 09:26:59,645 [pool-82-thread-1] INFO  server.RaftServerConfigKeys (ConfUtils.java:logGet(43)) - raft.server.log.queue.element-limit = 1024 (custom)
2019-09-20 09:26:59,644 [fd3cd5f9-4f1c-43ea-91b1-b85a1f6c3825:group-8DA439351161:LeaderElection30] INFO  impl.RoleInfo (RoleInfo.java:updateAndGet(143)) - fd3cd5f9-4f1c-43ea-91b1-b85a1f6c3825: start LeaderState
2019-09-20 09:26:59,644 [02b93e76-e4c6-4b67-b8a4-c536d9ab7224:group-905D20785107:LeaderElection31] INFO  server.RaftServerConfigKeys (ConfUtils.java:logGet(43)) - raft.server.rpc.sleep.time = 25ms (default)
2019-09-20 09:26:59,645 [pool-82-thread-1] INFO  server.RaftServerConfigKeys (ConfUtils.java:logGet(43)) - raft.server.log.segment.size.max = 1048576 (custom)
2019-09-20 09:26:59,645 [02b93e76-e4c6-4b67-b8a4-c536d9ab7224:group-35E2D655AE49:LeaderElection32] INFO  server.RaftServerConfigKeys (ConfUtils.java:logGet(43)) - raft.server.write.element-limit = 4096 (default)
2019-09-20 09:26:59,645 [pool-82-thread-1] INFO  server.RaftServerConfigKeys (ConfUtils.java:logGet(43)) - raft.server.log.preallocated.size = 16384 (custom)
2019-09-20 09:26:59,645 [02b93e76-e4c6-4b67-b8a4-c536d9ab7224:group-905D20785107:LeaderElection31] INFO  server.RaftServerConfigKeys (ConfUtils.java:logGet(43)) - raft.server.write.element-limit = 4096 (default)
2019-09-20 09:26:59,645 [fd3cd5f9-4f1c-43ea-91b1-b85a1f6c3825:group-8DA439351161:LeaderElection30] INFO  segmented.SegmentedRaftLogWorker (SegmentedRaftLogWorker.java:startLogSegment(380)) - fd3cd5f9-4f1c-43ea-91b1-b85a1f6c3825-SegmentedRaftLogWorker:Storage Directory /workdir/hadoop-ozone/integration-test/target/test-dir/MiniOzoneClusterImpl-a33d77e5-464b-4d19-8e6b-a171e580bf0e/datanode-1/data/ratis/f5bc115c-a342-4208-a47b-8da439351161: Starting segment from index:0
2019-09-20 09:26:59,646 [02b93e76-e4c6-4b67-b8a4-c536d9ab7224:group-905D20785107:LeaderElection31] INFO  server.RaftServerConfigKeys (ConfUtils.java:logGet(43)) - raft.server.watch.timeout = 10s (default)
2019-09-20 09:26:59,646 [pool-82-thread-1] INFO  server.RaftServerConfigKeys (ConfUtils.java:logGet(43)) - raft.server.log.write.buffer.size = 33554432 (custom)
2019-09-20 09:26:59,646 [02b93e76-e4c6-4b67-b8a4-c536d9ab7224:group-35E2D655AE49:LeaderElection32] INFO  server.RaftServerConfigKeys (ConfUtils.java:logGet(43)) - raft.server.watch.timeout = 10s (default)
2019-09-20 09:26:59,647 [fd3cd5f9-4f1c-43ea-91b1-b85a1f6c3825:group-8DA439351161:LeaderElection30] INFO  impl.RaftServerImpl (ServerState.java:setRaftConf(361)) - fd3cd5f9-4f1c-43ea-91b1-b85a1f6c3825:group-8DA439351161 set configuration 0: [fd3cd5f9-4f1c-43ea-91b1-b85a1f6c3825:192.168.36.99:39114], old=null at 0
2019-09-20 09:26:59,647 [pool-82-thread-1] INFO  server.RaftServerConfigKeys (ConfUtils.java:logGet(43)) - raft.server.log.force.sync.num = 128 (default)
2019-09-20 09:26:59,646 [02b93e76-e4c6-4b67-b8a4-c536d9ab7224:group-905D20785107:LeaderElection31] INFO  server.RaftServerConfigKeys (ConfUtils.java:logGet(43)) - raft.server.watch.timeout.denomination = 1s (default)
2019-09-20 09:26:59,686 [pool-82-thread-1] INFO  server.RaftServerConfigKeys (ConfUtils.java:logGet(43)) - raft.server.log.statemachine.data.sync = true (default)
2019-09-20 09:26:59,647 [02b93e76-e4c6-4b67-b8a4-c536d9ab7224:group-35E2D655AE49:LeaderElection32] INFO  server.RaftServerConfigKeys (ConfUtils.java:logGet(43)) - raft.server.watch.timeout.denomination = 1s (default)
2019-09-20 09:26:59,686 [pool-82-thread-1] INFO  server.RaftServerConfigKeys (ConfUtils.java:logGet(43)) - raft.server.log.statemachine.data.sync.timeout = 10s (default)
2019-09-20 09:26:59,686 [02b93e76-e4c6-4b67-b8a4-c536d9ab7224:group-905D20785107:LeaderElection31] INFO  server.RaftServerConfigKeys (ConfUtils.java:logGet(43)) - raft.server.watch.element-limit = 65536 (default)
2019-09-20 09:26:59,687 [pool-82-thread-1] INFO  server.RaftServerConfigKeys (ConfUtils.java:logGet(43)) - raft.server.log.statemachine.data.sync.timeout.retry = -1 (default)
2019-09-20 09:26:59,687 [02b93e76-e4c6-4b67-b8a4-c536d9ab7224:group-905D20785107:LeaderElection31] INFO  impl.RoleInfo (RoleInfo.java:updateAndGet(143)) - 02b93e76-e4c6-4b67-b8a4-c536d9ab7224: start LeaderState
2019-09-20 09:26:59,686 [02b93e76-e4c6-4b67-b8a4-c536d9ab7224:group-35E2D655AE49:LeaderElection32] INFO  server.RaftServerConfigKeys (ConfUtils.java:logGet(43)) - raft.server.watch.element-limit = 65536 (default)
2019-09-20 09:26:59,687 [pool-82-thread-1] INFO  server.RaftServerConfigKeys (ConfUtils.java:logGet(43)) - raft.server.log.statemachine.data.caching.enabled = true (custom)
2019-09-20 09:26:59,687 [02b93e76-e4c6-4b67-b8a4-c536d9ab7224:group-905D20785107:LeaderElection31] INFO  segmented.SegmentedRaftLogWorker (SegmentedRaftLogWorker.java:startLogSegment(380)) - 02b93e76-e4c6-4b67-b8a4-c536d9ab7224-SegmentedRaftLogWorker:Storage Directory /workdir/hadoop-ozone/integration-test/target/test-dir/MiniOzoneClusterImpl-a33d77e5-464b-4d19-8e6b-a171e580bf0e/datanode-0/data/ratis/b7abb081-0378-4ea1-b5ff-905d20785107: Starting segment from index:0
2019-09-20 09:26:59,687 [02b93e76-e4c6-4b67-b8a4-c536d9ab7224:group-35E2D655AE49:LeaderElection32] INFO  impl.RoleInfo (RoleInfo.java:updateAndGet(143)) - 02b93e76-e4c6-4b67-b8a4-c536d9ab7224: start LeaderState
2019-09-20 09:26:59,688 [pool-82-thread-1] INFO  segmented.SegmentedRaftLogWorker (SegmentedRaftLogWorker.java:lambda$new$0(132)) - dc7f40a9-6782-42c4-abab-c6b1682da047-SegmentedRaftLogWorker:Storage Directory /workdir/hadoop-ozone/integration-test/target/test-dir/MiniOzoneClusterImpl-a33d77e5-464b-4d19-8e6b-a171e580bf0e/datanode-5/data/ratis/d8d7645d-99c2-48a5-adaf-f88c76bc901d: flushIndex: setUnconditionally 0 -> -1
2019-09-20 09:26:59,688 [02b93e76-e4c6-4b67-b8a4-c536d9ab7224:group-905D20785107:LeaderElection31] INFO  impl.RaftServerImpl (ServerState.java:setRaftConf(361)) - 02b93e76-e4c6-4b67-b8a4-c536d9ab7224:group-905D20785107 set configuration 0: [02b93e76-e4c6-4b67-b8a4-c536d9ab7224:192.168.36.99:39343], old=null at 0
2019-09-20 09:26:59,688 [02b93e76-e4c6-4b67-b8a4-c536d9ab7224:group-35E2D655AE49:LeaderElection32] INFO  segmented.SegmentedRaftLogWorker (SegmentedRaftLogWorker.java:startLogSegment(380)) - 02b93e76-e4c6-4b67-b8a4-c536d9ab7224-SegmentedRaftLogWorker:Storage Directory /workdir/hadoop-ozone/integration-test/target/test-dir/MiniOzoneClusterImpl-a33d77e5-464b-4d19-8e6b-a171e580bf0e/datanode-0/data/ratis/4a10de45-440f-4eef-9ed6-35e2d655ae49: Starting segment from index:0
2019-09-20 09:26:59,731 [pool-82-thread-1] INFO  server.RaftServerConfigKeys (ConfUtils.java:logGet(43)) - raft.server.snapshot.auto.trigger.enabled = true (custom)
2019-09-20 09:26:59,731 [pool-82-thread-1] INFO  server.RaftServerConfigKeys (ConfUtils.java:logGet(43)) - raft.server.snapshot.auto.trigger.threshold = 10000 (custom)
2019-09-20 09:26:59,731 [pool-82-thread-1] INFO  server.RaftServerConfigKeys (ConfUtils.java:logGet(43)) - raft.server.retrycache.expirytime = 600000ms (custom)
2019-09-20 09:26:59,731 [02b93e76-e4c6-4b67-b8a4-c536d9ab7224:group-35E2D655AE49:LeaderElection32] INFO  impl.RaftServerImpl (ServerState.java:setRaftConf(361)) - 02b93e76-e4c6-4b67-b8a4-c536d9ab7224:group-35E2D655AE49 set configuration 0: [02b93e76-e4c6-4b67-b8a4-c536d9ab7224:192.168.36.99:39343], old=null at 0
2019-09-20 09:26:59,732 [pool-82-thread-1] INFO  impl.RaftServerImpl (RaftServerImpl.java:start(180)) - dc7f40a9-6782-42c4-abab-c6b1682da047: start group-F88C76BC901D
2019-09-20 09:26:59,734 [pool-82-thread-1] INFO  impl.RaftServerImpl (RaftServerImpl.java:setRole(171)) - dc7f40a9-6782-42c4-abab-c6b1682da047:group-F88C76BC901D changes role from null to FOLLOWER at term 0 for startAsFollower
2019-09-20 09:26:59,734 [pool-82-thread-1] INFO  impl.RoleInfo (RoleInfo.java:updateAndGet(143)) - dc7f40a9-6782-42c4-abab-c6b1682da047: start FollowerState
2019-09-20 09:26:59,735 [pool-82-thread-1] INFO  util.JmxRegister (JmxRegister.java:tryRegister(44)) - Successfully registered JMX Bean with object name Ratis:service=RaftServer,group=group-F88C76BC901D,id=dc7f40a9-6782-42c4-abab-c6b1682da047
2019-09-20 09:26:59,739 [RatisPipelineUtilsThread] INFO  pipeline.PipelineStateManager (PipelineStateManager.java:addPipeline(56)) - Created pipeline Pipeline[ Id: d8d7645d-99c2-48a5-adaf-f88c76bc901d, Nodes: dc7f40a9-6782-42c4-abab-c6b1682da047{ip: 192.168.36.99, host: pr-hdds-1569-p5fx8-1226042367, networkLocation: /default-rack, certSerialId: null}, Type:RATIS, Factor:ONE, State:OPEN]
2019-09-20 09:26:59,740 [fd3cd5f9-4f1c-43ea-91b1-b85a1f6c3825-SegmentedRaftLogWorker:Storage Directory /workdir/hadoop-ozone/integration-test/target/test-dir/MiniOzoneClusterImpl-a33d77e5-464b-4d19-8e6b-a171e580bf0e/datanode-1/data/ratis/f5bc115c-a342-4208-a47b-8da439351161] INFO  segmented.SegmentedRaftLogWorker (SegmentedRaftLogWorker.java:execute(569)) - fd3cd5f9-4f1c-43ea-91b1-b85a1f6c3825-SegmentedRaftLogWorker:Storage Directory /workdir/hadoop-ozone/integration-test/target/test-dir/MiniOzoneClusterImpl-a33d77e5-464b-4d19-8e6b-a171e580bf0e/datanode-1/data/ratis/f5bc115c-a342-4208-a47b-8da439351161: created new log segment /workdir/hadoop-ozone/integration-test/target/test-dir/MiniOzoneClusterImpl-a33d77e5-464b-4d19-8e6b-a171e580bf0e/datanode-1/data/ratis/f5bc115c-a342-4208-a47b-8da439351161/current/log_inprogress_0
2019-09-20 09:26:59,747 [grpc-default-executor-1] INFO  impl.RaftServerProxy (RaftServerProxy.java:addNew(89)) - 4840c00f-91d3-4881-a20b-4d0486ca97c0: addNew group-1748BB481D0C:[4840c00f-91d3-4881-a20b-4d0486ca97c0:192.168.36.99:41473] returns group-1748BB481D0C:java.util.concurrent.CompletableFuture@7922da87[Not completed]
2019-09-20 09:26:59,749 [pool-60-thread-1] INFO  impl.RaftServerImpl (RaftServerImpl.java:<init>(93)) - 4840c00f-91d3-4881-a20b-4d0486ca97c0: new RaftServerImpl for group-1748BB481D0C:[4840c00f-91d3-4881-a20b-4d0486ca97c0:192.168.36.99:41473] with ContainerStateMachine:uninitialized
2019-09-20 09:26:59,749 [pool-60-thread-1] INFO  server.RaftServerConfigKeys (ConfUtils.java:logGet(43)) - raft.server.rpc.timeout.min = 5s (custom)
2019-09-20 09:26:59,749 [pool-60-thread-1] INFO  server.RaftServerConfigKeys (ConfUtils.java:logGet(43)) - raft.server.rpc.timeout.max = 5200ms (custom)
2019-09-20 09:26:59,749 [pool-60-thread-1] INFO  server.RaftServerConfigKeys (ConfUtils.java:logGet(43)) - raft.server.rpcslowness.timeout = 10s (custom)
2019-09-20 09:26:59,749 [pool-60-thread-1] INFO  server.RaftServerConfigKeys (ConfUtils.java:logGet(43)) - raft.server.sleep.deviation.threshold = 300 (default)
2019-09-20 09:26:59,749 [pool-60-thread-1] INFO  server.RaftServerConfigKeys (ConfUtils.java:logGet(43)) - raft.server.log.appender.install.snapshot.enabled = false (custom)
2019-09-20 09:26:59,749 [pool-60-thread-1] INFO  impl.RaftServerImpl (ServerState.java:<init>(105)) - 4840c00f-91d3-4881-a20b-4d0486ca97c0:group-1748BB481D0C ConfigurationManager, init=-1: [4840c00f-91d3-4881-a20b-4d0486ca97c0:192.168.36.99:41473], old=null, confs=<EMPTY_MAP>
2019-09-20 09:26:59,750 [pool-60-thread-1] INFO  server.RaftServerConfigKeys (ConfUtils.java:logGet(43)) - raft.server.storage.dir = [/workdir/hadoop-ozone/integration-test/target/test-dir/MiniOzoneClusterImpl-a33d77e5-464b-4d19-8e6b-a171e580bf0e/datanode-3/data/ratis] (custom)
2019-09-20 09:26:59,750 [pool-60-thread-1] INFO  storage.RaftStorageDirectory (RaftStorageDirectory.java:analyzeStorage(246)) - The storage directory /workdir/hadoop-ozone/integration-test/target/test-dir/MiniOzoneClusterImpl-a33d77e5-464b-4d19-8e6b-a171e580bf0e/datanode-3/data/ratis/bdf1106b-96d4-4244-8ed0-1748bb481d0c does not exist. Creating ...
2019-09-20 09:26:59,774 [pool-60-thread-1] INFO  storage.RaftStorageDirectory (RaftStorageDirectory.java:tryLock(328)) - Lock on /workdir/hadoop-ozone/integration-test/target/test-dir/MiniOzoneClusterImpl-a33d77e5-464b-4d19-8e6b-a171e580bf0e/datanode-3/data/ratis/bdf1106b-96d4-4244-8ed0-1748bb481d0c/in_use.lock acquired by nodename 7145@pr-hdds-1569-p5fx8-1226042367
2019-09-20 09:26:59,774 [02b93e76-e4c6-4b67-b8a4-c536d9ab7224-SegmentedRaftLogWorker:Storage Directory /workdir/hadoop-ozone/integration-test/target/test-dir/MiniOzoneClusterImpl-a33d77e5-464b-4d19-8e6b-a171e580bf0e/datanode-0/data/ratis/b7abb081-0378-4ea1-b5ff-905d20785107] INFO  segmented.SegmentedRaftLogWorker (SegmentedRaftLogWorker.java:execute(569)) - 02b93e76-e4c6-4b67-b8a4-c536d9ab7224-SegmentedRaftLogWorker:Storage Directory /workdir/hadoop-ozone/integration-test/target/test-dir/MiniOzoneClusterImpl-a33d77e5-464b-4d19-8e6b-a171e580bf0e/datanode-0/data/ratis/b7abb081-0378-4ea1-b5ff-905d20785107: created new log segment /workdir/hadoop-ozone/integration-test/target/test-dir/MiniOzoneClusterImpl-a33d77e5-464b-4d19-8e6b-a171e580bf0e/datanode-0/data/ratis/b7abb081-0378-4ea1-b5ff-905d20785107/current/log_inprogress_0
2019-09-20 09:26:59,808 [02b93e76-e4c6-4b67-b8a4-c536d9ab7224-SegmentedRaftLogWorker:Storage Directory /workdir/hadoop-ozone/integration-test/target/test-dir/MiniOzoneClusterImpl-a33d77e5-464b-4d19-8e6b-a171e580bf0e/datanode-0/data/ratis/4a10de45-440f-4eef-9ed6-35e2d655ae49] INFO  segmented.SegmentedRaftLogWorker (SegmentedRaftLogWorker.java:execute(569)) - 02b93e76-e4c6-4b67-b8a4-c536d9ab7224-SegmentedRaftLogWorker:Storage Directory /workdir/hadoop-ozone/integration-test/target/test-dir/MiniOzoneClusterImpl-a33d77e5-464b-4d19-8e6b-a171e580bf0e/datanode-0/data/ratis/4a10de45-440f-4eef-9ed6-35e2d655ae49: created new log segment /workdir/hadoop-ozone/integration-test/target/test-dir/MiniOzoneClusterImpl-a33d77e5-464b-4d19-8e6b-a171e580bf0e/datanode-0/data/ratis/4a10de45-440f-4eef-9ed6-35e2d655ae49/current/log_inprogress_0
2019-09-20 09:26:59,808 [pool-60-thread-1] INFO  storage.RaftStorage (RaftStorage.java:format(72)) - Storage directory /workdir/hadoop-ozone/integration-test/target/test-dir/MiniOzoneClusterImpl-a33d77e5-464b-4d19-8e6b-a171e580bf0e/datanode-3/data/ratis/bdf1106b-96d4-4244-8ed0-1748bb481d0c has been successfully formatted.
2019-09-20 09:26:59,809 [pool-60-thread-1] INFO  ratis.ContainerStateMachine (ContainerStateMachine.java:loadSnapshot(226)) - group-1748BB481D0C: The snapshot info is null. Setting the last applied indexto:(t:0, i:~)
2019-09-20 09:26:59,809 [pool-60-thread-1] INFO  server.RaftServerConfigKeys (ConfUtils.java:logGet(43)) - raft.server.leader.election.timeout = 10s (custom)
2019-09-20 09:26:59,809 [pool-60-thread-1] INFO  server.RaftServerConfigKeys (ConfUtils.java:logGet(43)) - raft.server.log.use.memory = false (default)
2019-09-20 09:26:59,809 [pool-60-thread-1] INFO  server.RaftServerConfigKeys (ConfUtils.java:logGet(43)) - raft.server.log.purge.gap = 1000000 (custom)
2019-09-20 09:26:59,809 [pool-60-thread-1] INFO  server.RaftServerConfigKeys (ConfUtils.java:logGet(43)) - raft.server.log.appender.buffer.byte-limit = 33554432 (custom)
2019-09-20 09:26:59,809 [pool-60-thread-1] INFO  server.RaftServerConfigKeys (ConfUtils.java:logGet(43)) - raft.server.log.segment.size.max = 1048576 (custom)
2019-09-20 09:26:59,810 [pool-60-thread-1] INFO  server.RaftServerConfigKeys (ConfUtils.java:logGet(43)) - raft.server.log.segment.cache.num.max = 2 (custom)
2019-09-20 09:26:59,810 [pool-60-thread-1] INFO  segmented.SegmentedRaftLogWorker (SegmentedRaftLogWorker.java:<init>(172)) - new 4840c00f-91d3-4881-a20b-4d0486ca97c0-SegmentedRaftLogWorker:Storage Directory /workdir/hadoop-ozone/integration-test/target/test-dir/MiniOzoneClusterImpl-a33d77e5-464b-4d19-8e6b-a171e580bf0e/datanode-3/data/ratis/bdf1106b-96d4-4244-8ed0-1748bb481d0c for RaftStorage:Storage Directory /workdir/hadoop-ozone/integration-test/target/test-dir/MiniOzoneClusterImpl-a33d77e5-464b-4d19-8e6b-a171e580bf0e/datanode-3/data/ratis/bdf1106b-96d4-4244-8ed0-1748bb481d0c
2019-09-20 09:26:59,810 [pool-60-thread-1] INFO  server.RaftServerConfigKeys (ConfUtils.java:logGet(43)) - raft.server.log.queue.byte-limit = 2147483647 (custom)
2019-09-20 09:26:59,810 [pool-60-thread-1] INFO  server.RaftServerConfigKeys (ConfUtils.java:logGet(43)) - raft.server.log.queue.element-limit = 1024 (custom)
2019-09-20 09:26:59,810 [pool-60-thread-1] INFO  server.RaftServerConfigKeys (ConfUtils.java:logGet(43)) - raft.server.log.segment.size.max = 1048576 (custom)
2019-09-20 09:26:59,810 [pool-60-thread-1] INFO  server.RaftServerConfigKeys (ConfUtils.java:logGet(43)) - raft.server.log.preallocated.size = 16384 (custom)
2019-09-20 09:26:59,810 [pool-60-thread-1] INFO  server.RaftServerConfigKeys (ConfUtils.java:logGet(43)) - raft.server.log.write.buffer.size = 33554432 (custom)
2019-09-20 09:26:59,811 [pool-60-thread-1] INFO  server.RaftServerConfigKeys (ConfUtils.java:logGet(43)) - raft.server.log.force.sync.num = 128 (default)
2019-09-20 09:26:59,811 [pool-60-thread-1] INFO  server.RaftServerConfigKeys (ConfUtils.java:logGet(43)) - raft.server.log.statemachine.data.sync = true (default)
2019-09-20 09:26:59,811 [pool-60-thread-1] INFO  server.RaftServerConfigKeys (ConfUtils.java:logGet(43)) - raft.server.log.statemachine.data.sync.timeout = 10s (default)
2019-09-20 09:26:59,811 [pool-60-thread-1] INFO  server.RaftServerConfigKeys (ConfUtils.java:logGet(43)) - raft.server.log.statemachine.data.sync.timeout.retry = -1 (default)
2019-09-20 09:26:59,811 [pool-60-thread-1] INFO  server.RaftServerConfigKeys (ConfUtils.java:logGet(43)) - raft.server.log.statemachine.data.caching.enabled = true (custom)
2019-09-20 09:26:59,811 [pool-60-thread-1] INFO  segmented.SegmentedRaftLogWorker (SegmentedRaftLogWorker.java:lambda$new$0(132)) - 4840c00f-91d3-4881-a20b-4d0486ca97c0-SegmentedRaftLogWorker:Storage Directory /workdir/hadoop-ozone/integration-test/target/test-dir/MiniOzoneClusterImpl-a33d77e5-464b-4d19-8e6b-a171e580bf0e/datanode-3/data/ratis/bdf1106b-96d4-4244-8ed0-1748bb481d0c: flushIndex: setUnconditionally 0 -> -1
2019-09-20 09:26:59,812 [pool-60-thread-1] INFO  server.RaftServerConfigKeys (ConfUtils.java:logGet(43)) - raft.server.snapshot.auto.trigger.enabled = true (custom)
2019-09-20 09:26:59,812 [pool-60-thread-1] INFO  server.RaftServerConfigKeys (ConfUtils.java:logGet(43)) - raft.server.snapshot.auto.trigger.threshold = 10000 (custom)
2019-09-20 09:26:59,812 [pool-60-thread-1] INFO  server.RaftServerConfigKeys (ConfUtils.java:logGet(43)) - raft.server.retrycache.expirytime = 600000ms (custom)
2019-09-20 09:26:59,812 [pool-60-thread-1] INFO  impl.RaftServerImpl (RaftServerImpl.java:start(180)) - 4840c00f-91d3-4881-a20b-4d0486ca97c0: start group-1748BB481D0C
2019-09-20 09:26:59,813 [pool-60-thread-1] INFO  impl.RaftServerImpl (RaftServerImpl.java:setRole(171)) - 4840c00f-91d3-4881-a20b-4d0486ca97c0:group-1748BB481D0C changes role from null to FOLLOWER at term 0 for startAsFollower
2019-09-20 09:26:59,813 [pool-60-thread-1] INFO  impl.RoleInfo (RoleInfo.java:updateAndGet(143)) - 4840c00f-91d3-4881-a20b-4d0486ca97c0: start FollowerState
2019-09-20 09:26:59,813 [pool-60-thread-1] INFO  util.JmxRegister (JmxRegister.java:tryRegister(44)) - Successfully registered JMX Bean with object name Ratis:service=RaftServer,group=group-1748BB481D0C,id=4840c00f-91d3-4881-a20b-4d0486ca97c0
2019-09-20 09:26:59,817 [RatisPipelineUtilsThread] INFO  pipeline.PipelineStateManager (PipelineStateManager.java:addPipeline(56)) - Created pipeline Pipeline[ Id: bdf1106b-96d4-4244-8ed0-1748bb481d0c, Nodes: 4840c00f-91d3-4881-a20b-4d0486ca97c0{ip: 192.168.36.99, host: pr-hdds-1569-p5fx8-1226042367, networkLocation: /default-rack, certSerialId: null}, Type:RATIS, Factor:ONE, State:OPEN]
2019-09-20 09:26:59,825 [grpc-default-executor-1] INFO  impl.RaftServerProxy (RaftServerProxy.java:addNew(89)) - 492ed782-6ab3-4ad9-945e-06def6ac7c96: addNew group-0B991F8144C1:[492ed782-6ab3-4ad9-945e-06def6ac7c96:192.168.36.99:32835] returns group-0B991F8144C1:java.util.concurrent.CompletableFuture@3d0191c5[Not completed]
2019-09-20 09:26:59,828 [pool-49-thread-1] INFO  impl.RaftServerImpl (RaftServerImpl.java:<init>(93)) - 492ed782-6ab3-4ad9-945e-06def6ac7c96: new RaftServerImpl for group-0B991F8144C1:[492ed782-6ab3-4ad9-945e-06def6ac7c96:192.168.36.99:32835] with ContainerStateMachine:uninitialized
2019-09-20 09:26:59,828 [pool-49-thread-1] INFO  server.RaftServerConfigKeys (ConfUtils.java:logGet(43)) - raft.server.rpc.timeout.min = 5s (custom)
2019-09-20 09:26:59,828 [pool-49-thread-1] INFO  server.RaftServerConfigKeys (ConfUtils.java:logGet(43)) - raft.server.rpc.timeout.max = 5200ms (custom)
2019-09-20 09:26:59,828 [pool-49-thread-1] INFO  server.RaftServerConfigKeys (ConfUtils.java:logGet(43)) - raft.server.rpcslowness.timeout = 10s (custom)
2019-09-20 09:26:59,829 [pool-49-thread-1] INFO  server.RaftServerConfigKeys (ConfUtils.java:logGet(43)) - raft.server.sleep.deviation.threshold = 300 (default)
2019-09-20 09:26:59,829 [pool-49-thread-1] INFO  server.RaftServerConfigKeys (ConfUtils.java:logGet(43)) - raft.server.log.appender.install.snapshot.enabled = false (custom)
2019-09-20 09:26:59,829 [pool-49-thread-1] INFO  impl.RaftServerImpl (ServerState.java:<init>(105)) - 492ed782-6ab3-4ad9-945e-06def6ac7c96:group-0B991F8144C1 ConfigurationManager, init=-1: [492ed782-6ab3-4ad9-945e-06def6ac7c96:192.168.36.99:32835], old=null, confs=<EMPTY_MAP>
2019-09-20 09:26:59,829 [pool-49-thread-1] INFO  server.RaftServerConfigKeys (ConfUtils.java:logGet(43)) - raft.server.storage.dir = [/workdir/hadoop-ozone/integration-test/target/test-dir/MiniOzoneClusterImpl-a33d77e5-464b-4d19-8e6b-a171e580bf0e/datanode-2/data/ratis] (custom)
2019-09-20 09:26:59,830 [Thread-321] INFO  impl.FollowerState (FollowerState.java:run(106)) - 871e6485-c22a-483f-9e07-d19e754685be:group-878BFFACDD88 changes to CANDIDATE, lastRpcTime:5188, electionTimeout:5188ms
2019-09-20 09:26:59,830 [Thread-321] INFO  impl.RoleInfo (RoleInfo.java:shutdownFollowerState(121)) - 871e6485-c22a-483f-9e07-d19e754685be: shutdown FollowerState
2019-09-20 09:26:59,830 [Thread-321] INFO  impl.RaftServerImpl (RaftServerImpl.java:setRole(171)) - 871e6485-c22a-483f-9e07-d19e754685be:group-878BFFACDD88 changes role from FOLLOWER to CANDIDATE at term 0 for changeToCandidate
2019-09-20 09:26:59,830 [Thread-321] INFO  impl.RoleInfo (RoleInfo.java:updateAndGet(143)) - 871e6485-c22a-483f-9e07-d19e754685be: start LeaderElection
2019-09-20 09:26:59,830 [pool-49-thread-1] INFO  storage.RaftStorageDirectory (RaftStorageDirectory.java:analyzeStorage(246)) - The storage directory /workdir/hadoop-ozone/integration-test/target/test-dir/MiniOzoneClusterImpl-a33d77e5-464b-4d19-8e6b-a171e580bf0e/datanode-2/data/ratis/345b7b41-6102-4286-98ac-0b991f8144c1 does not exist. Creating ...
2019-09-20 09:26:59,846 [Thread-324] INFO  impl.FollowerState (FollowerState.java:run(106)) - 4840c00f-91d3-4881-a20b-4d0486ca97c0:group-8915D09973E6 changes to CANDIDATE, lastRpcTime:5129, electionTimeout:5129ms
2019-09-20 09:26:59,847 [Thread-324] INFO  impl.RoleInfo (RoleInfo.java:shutdownFollowerState(121)) - 4840c00f-91d3-4881-a20b-4d0486ca97c0: shutdown FollowerState
2019-09-20 09:26:59,847 [Thread-324] INFO  impl.RaftServerImpl (RaftServerImpl.java:setRole(171)) - 4840c00f-91d3-4881-a20b-4d0486ca97c0:group-8915D09973E6 changes role from FOLLOWER to CANDIDATE at term 0 for changeToCandidate
2019-09-20 09:26:59,847 [Thread-324] INFO  impl.RoleInfo (RoleInfo.java:updateAndGet(143)) - 4840c00f-91d3-4881-a20b-4d0486ca97c0: start LeaderElection
2019-09-20 09:26:59,865 [Thread-330] INFO  impl.FollowerState (FollowerState.java:run(106)) - 492ed782-6ab3-4ad9-945e-06def6ac7c96:group-C6B4B0AA8D75 changes to CANDIDATE, lastRpcTime:5013, electionTimeout:5013ms
2019-09-20 09:26:59,865 [Thread-330] INFO  impl.RoleInfo (RoleInfo.java:shutdownFollowerState(121)) - 492ed782-6ab3-4ad9-945e-06def6ac7c96: shutdown FollowerState
2019-09-20 09:26:59,865 [Thread-330] INFO  impl.RaftServerImpl (RaftServerImpl.java:setRole(171)) - 492ed782-6ab3-4ad9-945e-06def6ac7c96:group-C6B4B0AA8D75 changes role from FOLLOWER to CANDIDATE at term 0 for changeToCandidate
2019-09-20 09:26:59,865 [Thread-330] INFO  impl.RoleInfo (RoleInfo.java:updateAndGet(143)) - 492ed782-6ab3-4ad9-945e-06def6ac7c96: start LeaderElection
2019-09-20 09:26:59,875 [pool-49-thread-1] INFO  storage.RaftStorageDirectory (RaftStorageDirectory.java:tryLock(328)) - Lock on /workdir/hadoop-ozone/integration-test/target/test-dir/MiniOzoneClusterImpl-a33d77e5-464b-4d19-8e6b-a171e580bf0e/datanode-2/data/ratis/345b7b41-6102-4286-98ac-0b991f8144c1/in_use.lock acquired by nodename 7145@pr-hdds-1569-p5fx8-1226042367
2019-09-20 09:26:59,876 [871e6485-c22a-483f-9e07-d19e754685be:group-878BFFACDD88:LeaderElection33] INFO  impl.LeaderElection (LeaderElection.java:askForVotes(181)) - 871e6485-c22a-483f-9e07-d19e754685be:group-878BFFACDD88:LeaderElection33: begin an election at term 1 for -1: [871e6485-c22a-483f-9e07-d19e754685be:192.168.36.99:41076], old=null
2019-09-20 09:26:59,876 [4840c00f-91d3-4881-a20b-4d0486ca97c0:group-8915D09973E6:LeaderElection34] INFO  impl.LeaderElection (LeaderElection.java:askForVotes(181)) - 4840c00f-91d3-4881-a20b-4d0486ca97c0:group-8915D09973E6:LeaderElection34: begin an election at term 1 for -1: [4840c00f-91d3-4881-a20b-4d0486ca97c0:192.168.36.99:41473], old=null
2019-09-20 09:26:59,876 [871e6485-c22a-483f-9e07-d19e754685be:group-878BFFACDD88:LeaderElection33] INFO  impl.RoleInfo (RoleInfo.java:shutdownLeaderElection(134)) - 871e6485-c22a-483f-9e07-d19e754685be: shutdown LeaderElection
2019-09-20 09:26:59,876 [4840c00f-91d3-4881-a20b-4d0486ca97c0:group-8915D09973E6:LeaderElection34] INFO  impl.RoleInfo (RoleInfo.java:shutdownLeaderElection(134)) - 4840c00f-91d3-4881-a20b-4d0486ca97c0: shutdown LeaderElection
2019-09-20 09:26:59,876 [871e6485-c22a-483f-9e07-d19e754685be:group-878BFFACDD88:LeaderElection33] INFO  impl.RaftServerImpl (RaftServerImpl.java:setRole(171)) - 871e6485-c22a-483f-9e07-d19e754685be:group-878BFFACDD88 changes role from CANDIDATE to LEADER at term 1 for changeToLeader
2019-09-20 09:26:59,877 [4840c00f-91d3-4881-a20b-4d0486ca97c0:group-8915D09973E6:LeaderElection34] INFO  impl.RaftServerImpl (RaftServerImpl.java:setRole(171)) - 4840c00f-91d3-4881-a20b-4d0486ca97c0:group-8915D09973E6 changes role from CANDIDATE to LEADER at term 1 for changeToLeader
2019-09-20 09:26:59,877 [871e6485-c22a-483f-9e07-d19e754685be:group-878BFFACDD88:LeaderElection33] INFO  impl.RaftServerImpl (ServerState.java:setLeader(263)) - 871e6485-c22a-483f-9e07-d19e754685be:group-878BFFACDD88 change Leader from null to 871e6485-c22a-483f-9e07-d19e754685be at term 1 for becomeLeader, leader elected after 5240ms
2019-09-20 09:26:59,877 [4840c00f-91d3-4881-a20b-4d0486ca97c0:group-8915D09973E6:LeaderElection34] INFO  impl.RaftServerImpl (ServerState.java:setLeader(263)) - 4840c00f-91d3-4881-a20b-4d0486ca97c0:group-8915D09973E6 change Leader from null to 4840c00f-91d3-4881-a20b-4d0486ca97c0 at term 1 for becomeLeader, leader elected after 5164ms
2019-09-20 09:26:59,877 [871e6485-c22a-483f-9e07-d19e754685be:group-878BFFACDD88:LeaderElection33] INFO  server.RaftServerConfigKeys (ConfUtils.java:logGet(43)) - raft.server.staging.catchup.gap = 1000 (default)
2019-09-20 09:26:59,877 [4840c00f-91d3-4881-a20b-4d0486ca97c0:group-8915D09973E6:LeaderElection34] INFO  server.RaftServerConfigKeys (ConfUtils.java:logGet(43)) - raft.server.staging.catchup.gap = 1000 (default)
2019-09-20 09:26:59,878 [871e6485-c22a-483f-9e07-d19e754685be:group-878BFFACDD88:LeaderElection33] INFO  server.RaftServerConfigKeys (ConfUtils.java:logGet(43)) - raft.server.rpc.sleep.time = 25ms (default)
2019-09-20 09:26:59,878 [4840c00f-91d3-4881-a20b-4d0486ca97c0:group-8915D09973E6:LeaderElection34] INFO  server.RaftServerConfigKeys (ConfUtils.java:logGet(43)) - raft.server.rpc.sleep.time = 25ms (default)
2019-09-20 09:26:59,878 [871e6485-c22a-483f-9e07-d19e754685be:group-878BFFACDD88:LeaderElection33] INFO  server.RaftServerConfigKeys (ConfUtils.java:logGet(43)) - raft.server.write.element-limit = 4096 (default)
2019-09-20 09:26:59,878 [4840c00f-91d3-4881-a20b-4d0486ca97c0:group-8915D09973E6:LeaderElection34] INFO  server.RaftServerConfigKeys (ConfUtils.java:logGet(43)) - raft.server.write.element-limit = 4096 (default)
2019-09-20 09:26:59,878 [871e6485-c22a-483f-9e07-d19e754685be:group-878BFFACDD88:LeaderElection33] INFO  server.RaftServerConfigKeys (ConfUtils.java:logGet(43)) - raft.server.watch.timeout = 10s (default)
2019-09-20 09:26:59,879 [4840c00f-91d3-4881-a20b-4d0486ca97c0:group-8915D09973E6:LeaderElection34] INFO  server.RaftServerConfigKeys (ConfUtils.java:logGet(43)) - raft.server.watch.timeout = 10s (default)
2019-09-20 09:26:59,879 [871e6485-c22a-483f-9e07-d19e754685be:group-878BFFACDD88:LeaderElection33] INFO  server.RaftServerConfigKeys (ConfUtils.java:logGet(43)) - raft.server.watch.timeout.denomination = 1s (default)
2019-09-20 09:26:59,879 [4840c00f-91d3-4881-a20b-4d0486ca97c0:group-8915D09973E6:LeaderElection34] INFO  server.RaftServerConfigKeys (ConfUtils.java:logGet(43)) - raft.server.watch.timeout.denomination = 1s (default)
2019-09-20 09:26:59,879 [871e6485-c22a-483f-9e07-d19e754685be:group-878BFFACDD88:LeaderElection33] INFO  server.RaftServerConfigKeys (ConfUtils.java:logGet(43)) - raft.server.watch.element-limit = 65536 (default)
2019-09-20 09:26:59,879 [4840c00f-91d3-4881-a20b-4d0486ca97c0:group-8915D09973E6:LeaderElection34] INFO  server.RaftServerConfigKeys (ConfUtils.java:logGet(43)) - raft.server.watch.element-limit = 65536 (default)
2019-09-20 09:26:59,880 [871e6485-c22a-483f-9e07-d19e754685be:group-878BFFACDD88:LeaderElection33] INFO  impl.RoleInfo (RoleInfo.java:updateAndGet(143)) - 871e6485-c22a-483f-9e07-d19e754685be: start LeaderState
2019-09-20 09:26:59,880 [4840c00f-91d3-4881-a20b-4d0486ca97c0:group-8915D09973E6:LeaderElection34] INFO  impl.RoleInfo (RoleInfo.java:updateAndGet(143)) - 4840c00f-91d3-4881-a20b-4d0486ca97c0: start LeaderState
2019-09-20 09:26:59,880 [871e6485-c22a-483f-9e07-d19e754685be:group-878BFFACDD88:LeaderElection33] INFO  segmented.SegmentedRaftLogWorker (SegmentedRaftLogWorker.java:startLogSegment(380)) - 871e6485-c22a-483f-9e07-d19e754685be-SegmentedRaftLogWorker:Storage Directory /workdir/hadoop-ozone/integration-test/target/test-dir/MiniOzoneClusterImpl-a33d77e5-464b-4d19-8e6b-a171e580bf0e/datanode-4/data/ratis/a89e7b25-62d5-42a0-9f8e-878bffacdd88: Starting segment from index:0
2019-09-20 09:26:59,880 [4840c00f-91d3-4881-a20b-4d0486ca97c0:group-8915D09973E6:LeaderElection34] INFO  segmented.SegmentedRaftLogWorker (SegmentedRaftLogWorker.java:startLogSegment(380)) - 4840c00f-91d3-4881-a20b-4d0486ca97c0-SegmentedRaftLogWorker:Storage Directory /workdir/hadoop-ozone/integration-test/target/test-dir/MiniOzoneClusterImpl-a33d77e5-464b-4d19-8e6b-a171e580bf0e/datanode-3/data/ratis/928933a0-494b-4d16-9fc6-8915d09973e6: Starting segment from index:0
2019-09-20 09:26:59,881 [871e6485-c22a-483f-9e07-d19e754685be:group-878BFFACDD88:LeaderElection33] INFO  impl.RaftServerImpl (ServerState.java:setRaftConf(361)) - 871e6485-c22a-483f-9e07-d19e754685be:group-878BFFACDD88 set configuration 0: [871e6485-c22a-483f-9e07-d19e754685be:192.168.36.99:41076], old=null at 0
2019-09-20 09:26:59,921 [pool-49-thread-1] INFO  storage.RaftStorage (RaftStorage.java:format(72)) - Storage directory /workdir/hadoop-ozone/integration-test/target/test-dir/MiniOzoneClusterImpl-a33d77e5-464b-4d19-8e6b-a171e580bf0e/datanode-2/data/ratis/345b7b41-6102-4286-98ac-0b991f8144c1 has been successfully formatted.
2019-09-20 09:26:59,921 [492ed782-6ab3-4ad9-945e-06def6ac7c96:group-C6B4B0AA8D75:LeaderElection35] INFO  impl.LeaderElection (LeaderElection.java:askForVotes(181)) - 492ed782-6ab3-4ad9-945e-06def6ac7c96:group-C6B4B0AA8D75:LeaderElection35: begin an election at term 1 for -1: [492ed782-6ab3-4ad9-945e-06def6ac7c96:192.168.36.99:32835], old=null
2019-09-20 09:26:59,921 [pool-49-thread-1] INFO  ratis.ContainerStateMachine (ContainerStateMachine.java:loadSnapshot(226)) - group-0B991F8144C1: The snapshot info is null. Setting the last applied indexto:(t:0, i:~)
2019-09-20 09:26:59,921 [4840c00f-91d3-4881-a20b-4d0486ca97c0:group-8915D09973E6:LeaderElection34] INFO  impl.RaftServerImpl (ServerState.java:setRaftConf(361)) - 4840c00f-91d3-4881-a20b-4d0486ca97c0:group-8915D09973E6 set configuration 0: [4840c00f-91d3-4881-a20b-4d0486ca97c0:192.168.36.99:41473], old=null at 0
2019-09-20 09:26:59,922 [pool-49-thread-1] INFO  server.RaftServerConfigKeys (ConfUtils.java:logGet(43)) - raft.server.leader.election.timeout = 10s (custom)
2019-09-20 09:26:59,921 [492ed782-6ab3-4ad9-945e-06def6ac7c96:group-C6B4B0AA8D75:LeaderElection35] INFO  impl.RoleInfo (RoleInfo.java:shutdownLeaderElection(134)) - 492ed782-6ab3-4ad9-945e-06def6ac7c96: shutdown LeaderElection
2019-09-20 09:26:59,955 [pool-49-thread-1] INFO  server.RaftServerConfigKeys (ConfUtils.java:logGet(43)) - raft.server.log.use.memory = false (default)
2019-09-20 09:26:59,954 [871e6485-c22a-483f-9e07-d19e754685be-SegmentedRaftLogWorker:Storage Directory /workdir/hadoop-ozone/integration-test/target/test-dir/MiniOzoneClusterImpl-a33d77e5-464b-4d19-8e6b-a171e580bf0e/datanode-4/data/ratis/a89e7b25-62d5-42a0-9f8e-878bffacdd88] INFO  segmented.SegmentedRaftLogWorker (SegmentedRaftLogWorker.java:execute(569)) - 871e6485-c22a-483f-9e07-d19e754685be-SegmentedRaftLogWorker:Storage Directory /workdir/hadoop-ozone/integration-test/target/test-dir/MiniOzoneClusterImpl-a33d77e5-464b-4d19-8e6b-a171e580bf0e/datanode-4/data/ratis/a89e7b25-62d5-42a0-9f8e-878bffacdd88: created new log segment /workdir/hadoop-ozone/integration-test/target/test-dir/MiniOzoneClusterImpl-a33d77e5-464b-4d19-8e6b-a171e580bf0e/datanode-4/data/ratis/a89e7b25-62d5-42a0-9f8e-878bffacdd88/current/log_inprogress_0
2019-09-20 09:26:59,955 [pool-49-thread-1] INFO  server.RaftServerConfigKeys (ConfUtils.java:logGet(43)) - raft.server.log.purge.gap = 1000000 (custom)
2019-09-20 09:26:59,955 [492ed782-6ab3-4ad9-945e-06def6ac7c96:group-C6B4B0AA8D75:LeaderElection35] INFO  impl.RaftServerImpl (RaftServerImpl.java:setRole(171)) - 492ed782-6ab3-4ad9-945e-06def6ac7c96:group-C6B4B0AA8D75 changes role from CANDIDATE to LEADER at term 1 for changeToLeader
2019-09-20 09:26:59,960 [492ed782-6ab3-4ad9-945e-06def6ac7c96:group-C6B4B0AA8D75:LeaderElection35] INFO  impl.RaftServerImpl (ServerState.java:setLeader(263)) - 492ed782-6ab3-4ad9-945e-06def6ac7c96:group-C6B4B0AA8D75 change Leader from null to 492ed782-6ab3-4ad9-945e-06def6ac7c96 at term 1 for becomeLeader, leader elected after 5112ms
2019-09-20 09:26:59,956 [pool-49-thread-1] INFO  server.RaftServerConfigKeys (ConfUtils.java:logGet(43)) - raft.server.log.appender.buffer.byte-limit = 33554432 (custom)
2019-09-20 09:26:59,960 [492ed782-6ab3-4ad9-945e-06def6ac7c96:group-C6B4B0AA8D75:LeaderElection35] INFO  server.RaftServerConfigKeys (ConfUtils.java:logGet(43)) - raft.server.staging.catchup.gap = 1000 (default)
2019-09-20 09:26:59,960 [492ed782-6ab3-4ad9-945e-06def6ac7c96:group-C6B4B0AA8D75:LeaderElection35] INFO  server.RaftServerConfigKeys (ConfUtils.java:logGet(43)) - raft.server.rpc.sleep.time = 25ms (default)
2019-09-20 09:26:59,960 [pool-49-thread-1] INFO  server.RaftServerConfigKeys (ConfUtils.java:logGet(43)) - raft.server.log.segment.size.max = 1048576 (custom)
2019-09-20 09:26:59,961 [492ed782-6ab3-4ad9-945e-06def6ac7c96:group-C6B4B0AA8D75:LeaderElection35] INFO  server.RaftServerConfigKeys (ConfUtils.java:logGet(43)) - raft.server.write.element-limit = 4096 (default)
2019-09-20 09:26:59,961 [pool-49-thread-1] INFO  server.RaftServerConfigKeys (ConfUtils.java:logGet(43)) - raft.server.log.segment.cache.num.max = 2 (custom)
2019-09-20 09:26:59,961 [492ed782-6ab3-4ad9-945e-06def6ac7c96:group-C6B4B0AA8D75:LeaderElection35] INFO  server.RaftServerConfigKeys (ConfUtils.java:logGet(43)) - raft.server.watch.timeout = 10s (default)
2019-09-20 09:26:59,961 [pool-49-thread-1] INFO  segmented.SegmentedRaftLogWorker (SegmentedRaftLogWorker.java:<init>(172)) - new 492ed782-6ab3-4ad9-945e-06def6ac7c96-SegmentedRaftLogWorker:Storage Directory /workdir/hadoop-ozone/integration-test/target/test-dir/MiniOzoneClusterImpl-a33d77e5-464b-4d19-8e6b-a171e580bf0e/datanode-2/data/ratis/345b7b41-6102-4286-98ac-0b991f8144c1 for RaftStorage:Storage Directory /workdir/hadoop-ozone/integration-test/target/test-dir/MiniOzoneClusterImpl-a33d77e5-464b-4d19-8e6b-a171e580bf0e/datanode-2/data/ratis/345b7b41-6102-4286-98ac-0b991f8144c1
2019-09-20 09:26:59,961 [492ed782-6ab3-4ad9-945e-06def6ac7c96:group-C6B4B0AA8D75:LeaderElection35] INFO  server.RaftServerConfigKeys (ConfUtils.java:logGet(43)) - raft.server.watch.timeout.denomination = 1s (default)
2019-09-20 09:26:59,962 [pool-49-thread-1] INFO  server.RaftServerConfigKeys (ConfUtils.java:logGet(43)) - raft.server.log.queue.byte-limit = 2147483647 (custom)
2019-09-20 09:26:59,962 [492ed782-6ab3-4ad9-945e-06def6ac7c96:group-C6B4B0AA8D75:LeaderElection35] INFO  server.RaftServerConfigKeys (ConfUtils.java:logGet(43)) - raft.server.watch.element-limit = 65536 (default)
2019-09-20 09:26:59,962 [pool-49-thread-1] INFO  server.RaftServerConfigKeys (ConfUtils.java:logGet(43)) - raft.server.log.queue.element-limit = 1024 (custom)
2019-09-20 09:26:59,962 [492ed782-6ab3-4ad9-945e-06def6ac7c96:group-C6B4B0AA8D75:LeaderElection35] INFO  impl.RoleInfo (RoleInfo.java:updateAndGet(143)) - 492ed782-6ab3-4ad9-945e-06def6ac7c96: start LeaderState
2019-09-20 09:26:59,962 [pool-49-thread-1] INFO  server.RaftServerConfigKeys (ConfUtils.java:logGet(43)) - raft.server.log.segment.size.max = 1048576 (custom)
2019-09-20 09:26:59,963 [pool-49-thread-1] INFO  server.RaftServerConfigKeys (ConfUtils.java:logGet(43)) - raft.server.log.preallocated.size = 16384 (custom)
2019-09-20 09:26:59,963 [492ed782-6ab3-4ad9-945e-06def6ac7c96:group-C6B4B0AA8D75:LeaderElection35] INFO  segmented.SegmentedRaftLogWorker (SegmentedRaftLogWorker.java:startLogSegment(380)) - 492ed782-6ab3-4ad9-945e-06def6ac7c96-SegmentedRaftLogWorker:Storage Directory /workdir/hadoop-ozone/integration-test/target/test-dir/MiniOzoneClusterImpl-a33d77e5-464b-4d19-8e6b-a171e580bf0e/datanode-2/data/ratis/dba5f5db-f354-4e6e-986d-c6b4b0aa8d75: Starting segment from index:0
2019-09-20 09:26:59,963 [pool-49-thread-1] INFO  server.RaftServerConfigKeys (ConfUtils.java:logGet(43)) - raft.server.log.write.buffer.size = 33554432 (custom)
2019-09-20 09:26:59,963 [pool-49-thread-1] INFO  server.RaftServerConfigKeys (ConfUtils.java:logGet(43)) - raft.server.log.force.sync.num = 128 (default)
2019-09-20 09:26:59,963 [pool-49-thread-1] INFO  server.RaftServerConfigKeys (ConfUtils.java:logGet(43)) - raft.server.log.statemachine.data.sync = true (default)
2019-09-20 09:26:59,963 [492ed782-6ab3-4ad9-945e-06def6ac7c96:group-C6B4B0AA8D75:LeaderElection35] INFO  impl.RaftServerImpl (ServerState.java:setRaftConf(361)) - 492ed782-6ab3-4ad9-945e-06def6ac7c96:group-C6B4B0AA8D75 set configuration 0: [492ed782-6ab3-4ad9-945e-06def6ac7c96:192.168.36.99:32835], old=null at 0
2019-09-20 09:26:59,963 [pool-49-thread-1] INFO  server.RaftServerConfigKeys (ConfUtils.java:logGet(43)) - raft.server.log.statemachine.data.sync.timeout = 10s (default)
2019-09-20 09:27:00,003 [Thread-333] INFO  impl.FollowerState (FollowerState.java:run(106)) - 492ed782-6ab3-4ad9-945e-06def6ac7c96:group-E458854801F3 changes to CANDIDATE, lastRpcTime:5091, electionTimeout:5076ms
2019-09-20 09:27:00,003 [Thread-327] INFO  impl.FollowerState (FollowerState.java:run(106)) - 492ed782-6ab3-4ad9-945e-06def6ac7c96:group-7F910BFB730B changes to CANDIDATE, lastRpcTime:5210, electionTimeout:5192ms
2019-09-20 09:27:00,002 [4840c00f-91d3-4881-a20b-4d0486ca97c0-SegmentedRaftLogWorker:Storage Directory /workdir/hadoop-ozone/integration-test/target/test-dir/MiniOzoneClusterImpl-a33d77e5-464b-4d19-8e6b-a171e580bf0e/datanode-3/data/ratis/928933a0-494b-4d16-9fc6-8915d09973e6] INFO  segmented.SegmentedRaftLogWorker (SegmentedRaftLogWorker.java:execute(569)) - 4840c00f-91d3-4881-a20b-4d0486ca97c0-SegmentedRaftLogWorker:Storage Directory /workdir/hadoop-ozone/integration-test/target/test-dir/MiniOzoneClusterImpl-a33d77e5-464b-4d19-8e6b-a171e580bf0e/datanode-3/data/ratis/928933a0-494b-4d16-9fc6-8915d09973e6: created new log segment /workdir/hadoop-ozone/integration-test/target/test-dir/MiniOzoneClusterImpl-a33d77e5-464b-4d19-8e6b-a171e580bf0e/datanode-3/data/ratis/928933a0-494b-4d16-9fc6-8915d09973e6/current/log_inprogress_0
2019-09-20 09:27:00,003 [Thread-327] INFO  impl.RoleInfo (RoleInfo.java:shutdownFollowerState(121)) - 492ed782-6ab3-4ad9-945e-06def6ac7c96: shutdown FollowerState
2019-09-20 09:27:00,003 [Thread-327] INFO  impl.RaftServerImpl (RaftServerImpl.java:setRole(171)) - 492ed782-6ab3-4ad9-945e-06def6ac7c96:group-7F910BFB730B changes role from FOLLOWER to CANDIDATE at term 0 for changeToCandidate
2019-09-20 09:27:00,003 [Thread-333] INFO  impl.RoleInfo (RoleInfo.java:shutdownFollowerState(121)) - 492ed782-6ab3-4ad9-945e-06def6ac7c96: shutdown FollowerState
2019-09-20 09:27:00,004 [Thread-333] INFO  impl.RaftServerImpl (RaftServerImpl.java:setRole(171)) - 492ed782-6ab3-4ad9-945e-06def6ac7c96:group-E458854801F3 changes role from FOLLOWER to CANDIDATE at term 0 for changeToCandidate
2019-09-20 09:27:00,003 [pool-49-thread-1] INFO  server.RaftServerConfigKeys (ConfUtils.java:logGet(43)) - raft.server.log.statemachine.data.sync.timeout.retry = -1 (default)
2019-09-20 09:27:00,004 [Thread-333] INFO  impl.RoleInfo (RoleInfo.java:updateAndGet(143)) - 492ed782-6ab3-4ad9-945e-06def6ac7c96: start LeaderElection
2019-09-20 09:27:00,004 [Thread-327] INFO  impl.RoleInfo (RoleInfo.java:updateAndGet(143)) - 492ed782-6ab3-4ad9-945e-06def6ac7c96: start LeaderElection
2019-09-20 09:27:00,004 [pool-49-thread-1] INFO  server.RaftServerConfigKeys (ConfUtils.java:logGet(43)) - raft.server.log.statemachine.data.caching.enabled = true (custom)
2019-09-20 09:27:00,007 [pool-49-thread-1] INFO  segmented.SegmentedRaftLogWorker (SegmentedRaftLogWorker.java:lambda$new$0(132)) - 492ed782-6ab3-4ad9-945e-06def6ac7c96-SegmentedRaftLogWorker:Storage Directory /workdir/hadoop-ozone/integration-test/target/test-dir/MiniOzoneClusterImpl-a33d77e5-464b-4d19-8e6b-a171e580bf0e/datanode-2/data/ratis/345b7b41-6102-4286-98ac-0b991f8144c1: flushIndex: setUnconditionally 0 -> -1
2019-09-20 09:27:00,009 [pool-49-thread-1] INFO  server.RaftServerConfigKeys (ConfUtils.java:logGet(43)) - raft.server.snapshot.auto.trigger.enabled = true (custom)
2019-09-20 09:27:00,009 [pool-49-thread-1] INFO  server.RaftServerConfigKeys (ConfUtils.java:logGet(43)) - raft.server.snapshot.auto.trigger.threshold = 10000 (custom)
2019-09-20 09:27:00,009 [pool-49-thread-1] INFO  server.RaftServerConfigKeys (ConfUtils.java:logGet(43)) - raft.server.retrycache.expirytime = 600000ms (custom)
2019-09-20 09:27:00,010 [pool-49-thread-1] INFO  impl.RaftServerImpl (RaftServerImpl.java:start(180)) - 492ed782-6ab3-4ad9-945e-06def6ac7c96: start group-0B991F8144C1
2019-09-20 09:27:00,010 [pool-49-thread-1] INFO  impl.RaftServerImpl (RaftServerImpl.java:setRole(171)) - 492ed782-6ab3-4ad9-945e-06def6ac7c96:group-0B991F8144C1 changes role from null to FOLLOWER at term 0 for startAsFollower
2019-09-20 09:27:00,010 [pool-49-thread-1] INFO  impl.RoleInfo (RoleInfo.java:updateAndGet(143)) - 492ed782-6ab3-4ad9-945e-06def6ac7c96: start FollowerState
2019-09-20 09:27:00,010 [pool-49-thread-1] INFO  util.JmxRegister (JmxRegister.java:tryRegister(44)) - Successfully registered JMX Bean with object name Ratis:service=RaftServer,group=group-0B991F8144C1,id=492ed782-6ab3-4ad9-945e-06def6ac7c96
2019-09-20 09:27:00,013 [RatisPipelineUtilsThread] INFO  pipeline.PipelineStateManager (PipelineStateManager.java:addPipeline(56)) - Created pipeline Pipeline[ Id: 345b7b41-6102-4286-98ac-0b991f8144c1, Nodes: 492ed782-6ab3-4ad9-945e-06def6ac7c96{ip: 192.168.36.99, host: pr-hdds-1569-p5fx8-1226042367, networkLocation: /default-rack, certSerialId: null}, Type:RATIS, Factor:ONE, State:OPEN]
2019-09-20 09:27:00,019 [grpc-default-executor-1] INFO  impl.RaftServerProxy (RaftServerProxy.java:addNew(89)) - fd3cd5f9-4f1c-43ea-91b1-b85a1f6c3825: addNew group-B51869680CF2:[fd3cd5f9-4f1c-43ea-91b1-b85a1f6c3825:192.168.36.99:39114] returns group-B51869680CF2:java.util.concurrent.CompletableFuture@8c982b2[Not completed]
2019-09-20 09:27:00,021 [pool-38-thread-1] INFO  impl.RaftServerImpl (RaftServerImpl.java:<init>(93)) - fd3cd5f9-4f1c-43ea-91b1-b85a1f6c3825: new RaftServerImpl for group-B51869680CF2:[fd3cd5f9-4f1c-43ea-91b1-b85a1f6c3825:192.168.36.99:39114] with ContainerStateMachine:uninitialized
2019-09-20 09:27:00,021 [pool-38-thread-1] INFO  server.RaftServerConfigKeys (ConfUtils.java:logGet(43)) - raft.server.rpc.timeout.min = 5s (custom)
2019-09-20 09:27:00,021 [pool-38-thread-1] INFO  server.RaftServerConfigKeys (ConfUtils.java:logGet(43)) - raft.server.rpc.timeout.max = 5200ms (custom)
2019-09-20 09:27:00,021 [pool-38-thread-1] INFO  server.RaftServerConfigKeys (ConfUtils.java:logGet(43)) - raft.server.rpcslowness.timeout = 10s (custom)
2019-09-20 09:27:00,021 [pool-38-thread-1] INFO  server.RaftServerConfigKeys (ConfUtils.java:logGet(43)) - raft.server.sleep.deviation.threshold = 300 (default)
2019-09-20 09:27:00,021 [pool-38-thread-1] INFO  server.RaftServerConfigKeys (ConfUtils.java:logGet(43)) - raft.server.log.appender.install.snapshot.enabled = false (custom)
2019-09-20 09:27:00,021 [pool-38-thread-1] INFO  impl.RaftServerImpl (ServerState.java:<init>(105)) - fd3cd5f9-4f1c-43ea-91b1-b85a1f6c3825:group-B51869680CF2 ConfigurationManager, init=-1: [fd3cd5f9-4f1c-43ea-91b1-b85a1f6c3825:192.168.36.99:39114], old=null, confs=<EMPTY_MAP>
2019-09-20 09:27:00,021 [pool-38-thread-1] INFO  server.RaftServerConfigKeys (ConfUtils.java:logGet(43)) - raft.server.storage.dir = [/workdir/hadoop-ozone/integration-test/target/test-dir/MiniOzoneClusterImpl-a33d77e5-464b-4d19-8e6b-a171e580bf0e/datanode-1/data/ratis] (custom)
2019-09-20 09:27:00,022 [pool-38-thread-1] INFO  storage.RaftStorageDirectory (RaftStorageDirectory.java:analyzeStorage(246)) - The storage directory /workdir/hadoop-ozone/integration-test/target/test-dir/MiniOzoneClusterImpl-a33d77e5-464b-4d19-8e6b-a171e580bf0e/datanode-1/data/ratis/bee225f1-cde6-4a6d-8fcd-b51869680cf2 does not exist. Creating ...
2019-09-20 09:27:00,034 [492ed782-6ab3-4ad9-945e-06def6ac7c96-SegmentedRaftLogWorker:Storage Directory /workdir/hadoop-ozone/integration-test/target/test-dir/MiniOzoneClusterImpl-a33d77e5-464b-4d19-8e6b-a171e580bf0e/datanode-2/data/ratis/dba5f5db-f354-4e6e-986d-c6b4b0aa8d75] INFO  segmented.SegmentedRaftLogWorker (SegmentedRaftLogWorker.java:execute(569)) - 492ed782-6ab3-4ad9-945e-06def6ac7c96-SegmentedRaftLogWorker:Storage Directory /workdir/hadoop-ozone/integration-test/target/test-dir/MiniOzoneClusterImpl-a33d77e5-464b-4d19-8e6b-a171e580bf0e/datanode-2/data/ratis/dba5f5db-f354-4e6e-986d-c6b4b0aa8d75: created new log segment /workdir/hadoop-ozone/integration-test/target/test-dir/MiniOzoneClusterImpl-a33d77e5-464b-4d19-8e6b-a171e580bf0e/datanode-2/data/ratis/dba5f5db-f354-4e6e-986d-c6b4b0aa8d75/current/log_inprogress_0
2019-09-20 09:27:00,042 [492ed782-6ab3-4ad9-945e-06def6ac7c96:group-E458854801F3:LeaderElection37] INFO  impl.LeaderElection (LeaderElection.java:askForVotes(181)) - 492ed782-6ab3-4ad9-945e-06def6ac7c96:group-E458854801F3:LeaderElection37: begin an election at term 1 for -1: [492ed782-6ab3-4ad9-945e-06def6ac7c96:192.168.36.99:32835], old=null
2019-09-20 09:27:00,042 [492ed782-6ab3-4ad9-945e-06def6ac7c96:group-7F910BFB730B:LeaderElection36] INFO  impl.LeaderElection (LeaderElection.java:askForVotes(181)) - 492ed782-6ab3-4ad9-945e-06def6ac7c96:group-7F910BFB730B:LeaderElection36: begin an election at term 1 for -1: [492ed782-6ab3-4ad9-945e-06def6ac7c96:192.168.36.99:32835], old=null
2019-09-20 09:27:00,043 [492ed782-6ab3-4ad9-945e-06def6ac7c96:group-E458854801F3:LeaderElection37] INFO  impl.RoleInfo (RoleInfo.java:shutdownLeaderElection(134)) - 492ed782-6ab3-4ad9-945e-06def6ac7c96: shutdown LeaderElection
2019-09-20 09:27:00,043 [492ed782-6ab3-4ad9-945e-06def6ac7c96:group-7F910BFB730B:LeaderElection36] INFO  impl.RoleInfo (RoleInfo.java:shutdownLeaderElection(134)) - 492ed782-6ab3-4ad9-945e-06def6ac7c96: shutdown LeaderElection
2019-09-20 09:27:00,043 [492ed782-6ab3-4ad9-945e-06def6ac7c96:group-E458854801F3:LeaderElection37] INFO  impl.RaftServerImpl (RaftServerImpl.java:setRole(171)) - 492ed782-6ab3-4ad9-945e-06def6ac7c96:group-E458854801F3 changes role from CANDIDATE to LEADER at term 1 for changeToLeader
2019-09-20 09:27:00,043 [492ed782-6ab3-4ad9-945e-06def6ac7c96:group-7F910BFB730B:LeaderElection36] INFO  impl.RaftServerImpl (RaftServerImpl.java:setRole(171)) - 492ed782-6ab3-4ad9-945e-06def6ac7c96:group-7F910BFB730B changes role from CANDIDATE to LEADER at term 1 for changeToLeader
2019-09-20 09:27:00,043 [492ed782-6ab3-4ad9-945e-06def6ac7c96:group-E458854801F3:LeaderElection37] INFO  impl.RaftServerImpl (ServerState.java:setLeader(263)) - 492ed782-6ab3-4ad9-945e-06def6ac7c96:group-E458854801F3 change Leader from null to 492ed782-6ab3-4ad9-945e-06def6ac7c96 at term 1 for becomeLeader, leader elected after 5137ms
2019-09-20 09:27:00,043 [492ed782-6ab3-4ad9-945e-06def6ac7c96:group-7F910BFB730B:LeaderElection36] INFO  impl.RaftServerImpl (ServerState.java:setLeader(263)) - 492ed782-6ab3-4ad9-945e-06def6ac7c96:group-7F910BFB730B change Leader from null to 492ed782-6ab3-4ad9-945e-06def6ac7c96 at term 1 for becomeLeader, leader elected after 5255ms
2019-09-20 09:27:00,043 [492ed782-6ab3-4ad9-945e-06def6ac7c96:group-E458854801F3:LeaderElection37] INFO  server.RaftServerConfigKeys (ConfUtils.java:logGet(43)) - raft.server.staging.catchup.gap = 1000 (default)
2019-09-20 09:27:00,043 [492ed782-6ab3-4ad9-945e-06def6ac7c96:group-7F910BFB730B:LeaderElection36] INFO  server.RaftServerConfigKeys (ConfUtils.java:logGet(43)) - raft.server.staging.catchup.gap = 1000 (default)
2019-09-20 09:27:00,044 [492ed782-6ab3-4ad9-945e-06def6ac7c96:group-E458854801F3:LeaderElection37] INFO  server.RaftServerConfigKeys (ConfUtils.java:logGet(43)) - raft.server.rpc.sleep.time = 25ms (default)
2019-09-20 09:27:00,044 [492ed782-6ab3-4ad9-945e-06def6ac7c96:group-7F910BFB730B:LeaderElection36] INFO  server.RaftServerConfigKeys (ConfUtils.java:logGet(43)) - raft.server.rpc.sleep.time = 25ms (default)
2019-09-20 09:27:00,044 [492ed782-6ab3-4ad9-945e-06def6ac7c96:group-E458854801F3:LeaderElection37] INFO  server.RaftServerConfigKeys (ConfUtils.java:logGet(43)) - raft.server.write.element-limit = 4096 (default)
2019-09-20 09:27:00,044 [492ed782-6ab3-4ad9-945e-06def6ac7c96:group-7F910BFB730B:LeaderElection36] INFO  server.RaftServerConfigKeys (ConfUtils.java:logGet(43)) - raft.server.write.element-limit = 4096 (default)
2019-09-20 09:27:00,044 [492ed782-6ab3-4ad9-945e-06def6ac7c96:group-E458854801F3:LeaderElection37] INFO  server.RaftServerConfigKeys (ConfUtils.java:logGet(43)) - raft.server.watch.timeout = 10s (default)
2019-09-20 09:27:00,044 [492ed782-6ab3-4ad9-945e-06def6ac7c96:group-7F910BFB730B:LeaderElection36] INFO  server.RaftServerConfigKeys (ConfUtils.java:logGet(43)) - raft.server.watch.timeout = 10s (default)
2019-09-20 09:27:00,044 [492ed782-6ab3-4ad9-945e-06def6ac7c96:group-E458854801F3:LeaderElection37] INFO  server.RaftServerConfigKeys (ConfUtils.java:logGet(43)) - raft.server.watch.timeout.denomination = 1s (default)
2019-09-20 09:27:00,044 [492ed782-6ab3-4ad9-945e-06def6ac7c96:group-7F910BFB730B:LeaderElection36] INFO  server.RaftServerConfigKeys (ConfUtils.java:logGet(43)) - raft.server.watch.timeout.denomination = 1s (default)
2019-09-20 09:27:00,045 [492ed782-6ab3-4ad9-945e-06def6ac7c96:group-E458854801F3:LeaderElection37] INFO  server.RaftServerConfigKeys (ConfUtils.java:logGet(43)) - raft.server.watch.element-limit = 65536 (default)
2019-09-20 09:27:00,045 [492ed782-6ab3-4ad9-945e-06def6ac7c96:group-7F910BFB730B:LeaderElection36] INFO  server.RaftServerConfigKeys (ConfUtils.java:logGet(43)) - raft.server.watch.element-limit = 65536 (default)
2019-09-20 09:27:00,045 [492ed782-6ab3-4ad9-945e-06def6ac7c96:group-E458854801F3:LeaderElection37] INFO  impl.RoleInfo (RoleInfo.java:updateAndGet(143)) - 492ed782-6ab3-4ad9-945e-06def6ac7c96: start LeaderState
2019-09-20 09:27:00,045 [492ed782-6ab3-4ad9-945e-06def6ac7c96:group-7F910BFB730B:LeaderElection36] INFO  impl.RoleInfo (RoleInfo.java:updateAndGet(143)) - 492ed782-6ab3-4ad9-945e-06def6ac7c96: start LeaderState
2019-09-20 09:27:00,045 [492ed782-6ab3-4ad9-945e-06def6ac7c96:group-E458854801F3:LeaderElection37] INFO  segmented.SegmentedRaftLogWorker (SegmentedRaftLogWorker.java:startLogSegment(380)) - 492ed782-6ab3-4ad9-945e-06def6ac7c96-SegmentedRaftLogWorker:Storage Directory /workdir/hadoop-ozone/integration-test/target/test-dir/MiniOzoneClusterImpl-a33d77e5-464b-4d19-8e6b-a171e580bf0e/datanode-2/data/ratis/201027ee-85b7-48d6-85f8-e458854801f3: Starting segment from index:0
2019-09-20 09:27:00,045 [492ed782-6ab3-4ad9-945e-06def6ac7c96:group-7F910BFB730B:LeaderElection36] INFO  segmented.SegmentedRaftLogWorker (SegmentedRaftLogWorker.java:startLogSegment(380)) - 492ed782-6ab3-4ad9-945e-06def6ac7c96-SegmentedRaftLogWorker:Storage Directory /workdir/hadoop-ozone/integration-test/target/test-dir/MiniOzoneClusterImpl-a33d77e5-464b-4d19-8e6b-a171e580bf0e/datanode-2/data/ratis/595d3da1-dbc7-494b-af42-7f910bfb730b: Starting segment from index:0
2019-09-20 09:27:00,046 [492ed782-6ab3-4ad9-945e-06def6ac7c96:group-E458854801F3:LeaderElection37] INFO  impl.RaftServerImpl (ServerState.java:setRaftConf(361)) - 492ed782-6ab3-4ad9-945e-06def6ac7c96:group-E458854801F3 set configuration 0: [492ed782-6ab3-4ad9-945e-06def6ac7c96:192.168.36.99:32835], old=null at 0
2019-09-20 09:27:00,081 [pool-38-thread-1] INFO  storage.RaftStorageDirectory (RaftStorageDirectory.java:tryLock(328)) - Lock on /workdir/hadoop-ozone/integration-test/target/test-dir/MiniOzoneClusterImpl-a33d77e5-464b-4d19-8e6b-a171e580bf0e/datanode-1/data/ratis/bee225f1-cde6-4a6d-8fcd-b51869680cf2/in_use.lock acquired by nodename 7145@pr-hdds-1569-p5fx8-1226042367
2019-09-20 09:27:00,081 [492ed782-6ab3-4ad9-945e-06def6ac7c96:group-7F910BFB730B:LeaderElection36] INFO  impl.RaftServerImpl (ServerState.java:setRaftConf(361)) - 492ed782-6ab3-4ad9-945e-06def6ac7c96:group-7F910BFB730B set configuration 0: [492ed782-6ab3-4ad9-945e-06def6ac7c96:192.168.36.99:32835], old=null at 0
2019-09-20 09:27:00,120 [492ed782-6ab3-4ad9-945e-06def6ac7c96-SegmentedRaftLogWorker:Storage Directory /workdir/hadoop-ozone/integration-test/target/test-dir/MiniOzoneClusterImpl-a33d77e5-464b-4d19-8e6b-a171e580bf0e/datanode-2/data/ratis/201027ee-85b7-48d6-85f8-e458854801f3] INFO  segmented.SegmentedRaftLogWorker (SegmentedRaftLogWorker.java:execute(569)) - 492ed782-6ab3-4ad9-945e-06def6ac7c96-SegmentedRaftLogWorker:Storage Directory /workdir/hadoop-ozone/integration-test/target/test-dir/MiniOzoneClusterImpl-a33d77e5-464b-4d19-8e6b-a171e580bf0e/datanode-2/data/ratis/201027ee-85b7-48d6-85f8-e458854801f3: created new log segment /workdir/hadoop-ozone/integration-test/target/test-dir/MiniOzoneClusterImpl-a33d77e5-464b-4d19-8e6b-a171e580bf0e/datanode-2/data/ratis/201027ee-85b7-48d6-85f8-e458854801f3/current/log_inprogress_0
2019-09-20 09:27:00,120 [Thread-336] INFO  impl.FollowerState (FollowerState.java:run(106)) - 871e6485-c22a-483f-9e07-d19e754685be:group-DB2F2E7A135B changes to CANDIDATE, lastRpcTime:5141, electionTimeout:5124ms
2019-09-20 09:27:00,120 [Thread-336] INFO  impl.RoleInfo (RoleInfo.java:shutdownFollowerState(121)) - 871e6485-c22a-483f-9e07-d19e754685be: shutdown FollowerState
2019-09-20 09:27:00,120 [Thread-336] INFO  impl.RaftServerImpl (RaftServerImpl.java:setRole(171)) - 871e6485-c22a-483f-9e07-d19e754685be:group-DB2F2E7A135B changes role from FOLLOWER to CANDIDATE at term 0 for changeToCandidate
2019-09-20 09:27:00,121 [Thread-336] INFO  impl.RoleInfo (RoleInfo.java:updateAndGet(143)) - 871e6485-c22a-483f-9e07-d19e754685be: start LeaderElection
2019-09-20 09:27:00,152 [492ed782-6ab3-4ad9-945e-06def6ac7c96-SegmentedRaftLogWorker:Storage Directory /workdir/hadoop-ozone/integration-test/target/test-dir/MiniOzoneClusterImpl-a33d77e5-464b-4d19-8e6b-a171e580bf0e/datanode-2/data/ratis/595d3da1-dbc7-494b-af42-7f910bfb730b] INFO  segmented.SegmentedRaftLogWorker (SegmentedRaftLogWorker.java:execute(569)) - 492ed782-6ab3-4ad9-945e-06def6ac7c96-SegmentedRaftLogWorker:Storage Directory /workdir/hadoop-ozone/integration-test/target/test-dir/MiniOzoneClusterImpl-a33d77e5-464b-4d19-8e6b-a171e580bf0e/datanode-2/data/ratis/595d3da1-dbc7-494b-af42-7f910bfb730b: created new log segment /workdir/hadoop-ozone/integration-test/target/test-dir/MiniOzoneClusterImpl-a33d77e5-464b-4d19-8e6b-a171e580bf0e/datanode-2/data/ratis/595d3da1-dbc7-494b-af42-7f910bfb730b/current/log_inprogress_0
2019-09-20 09:27:00,152 [pool-38-thread-1] INFO  storage.RaftStorage (RaftStorage.java:format(72)) - Storage directory /workdir/hadoop-ozone/integration-test/target/test-dir/MiniOzoneClusterImpl-a33d77e5-464b-4d19-8e6b-a171e580bf0e/datanode-1/data/ratis/bee225f1-cde6-4a6d-8fcd-b51869680cf2 has been successfully formatted.
2019-09-20 09:27:00,152 [871e6485-c22a-483f-9e07-d19e754685be:group-DB2F2E7A135B:LeaderElection38] INFO  impl.LeaderElection (LeaderElection.java:askForVotes(181)) - 871e6485-c22a-483f-9e07-d19e754685be:group-DB2F2E7A135B:LeaderElection38: begin an election at term 1 for -1: [871e6485-c22a-483f-9e07-d19e754685be:192.168.36.99:41076], old=null
2019-09-20 09:27:00,152 [pool-38-thread-1] INFO  ratis.ContainerStateMachine (ContainerStateMachine.java:loadSnapshot(226)) - group-B51869680CF2: The snapshot info is null. Setting the last applied indexto:(t:0, i:~)
2019-09-20 09:27:00,152 [871e6485-c22a-483f-9e07-d19e754685be:group-DB2F2E7A135B:LeaderElection38] INFO  impl.RoleInfo (RoleInfo.java:shutdownLeaderElection(134)) - 871e6485-c22a-483f-9e07-d19e754685be: shutdown LeaderElection
2019-09-20 09:27:00,153 [pool-38-thread-1] INFO  server.RaftServerConfigKeys (ConfUtils.java:logGet(43)) - raft.server.leader.election.timeout = 10s (custom)
2019-09-20 09:27:00,153 [871e6485-c22a-483f-9e07-d19e754685be:group-DB2F2E7A135B:LeaderElection38] INFO  impl.RaftServerImpl (RaftServerImpl.java:setRole(171)) - 871e6485-c22a-483f-9e07-d19e754685be:group-DB2F2E7A135B changes role from CANDIDATE to LEADER at term 1 for changeToLeader
2019-09-20 09:27:00,153 [pool-38-thread-1] INFO  server.RaftServerConfigKeys (ConfUtils.java:logGet(43)) - raft.server.log.use.memory = false (default)
2019-09-20 09:27:00,153 [871e6485-c22a-483f-9e07-d19e754685be:group-DB2F2E7A135B:LeaderElection38] INFO  impl.RaftServerImpl (ServerState.java:setLeader(263)) - 871e6485-c22a-483f-9e07-d19e754685be:group-DB2F2E7A135B change Leader from null to 871e6485-c22a-483f-9e07-d19e754685be at term 1 for becomeLeader, leader elected after 5179ms
2019-09-20 09:27:00,153 [pool-38-thread-1] INFO  server.RaftServerConfigKeys (ConfUtils.java:logGet(43)) - raft.server.log.purge.gap = 1000000 (custom)
2019-09-20 09:27:00,153 [871e6485-c22a-483f-9e07-d19e754685be:group-DB2F2E7A135B:LeaderElection38] INFO  server.RaftServerConfigKeys (ConfUtils.java:logGet(43)) - raft.server.staging.catchup.gap = 1000 (default)
2019-09-20 09:27:00,153 [pool-38-thread-1] INFO  server.RaftServerConfigKeys (ConfUtils.java:logGet(43)) - raft.server.log.appender.buffer.byte-limit = 33554432 (custom)
2019-09-20 09:27:00,153 [871e6485-c22a-483f-9e07-d19e754685be:group-DB2F2E7A135B:LeaderElection38] INFO  server.RaftServerConfigKeys (ConfUtils.java:logGet(43)) - raft.server.rpc.sleep.time = 25ms (default)
2019-09-20 09:27:00,154 [pool-38-thread-1] INFO  server.RaftServerConfigKeys (ConfUtils.java:logGet(43)) - raft.server.log.segment.size.max = 1048576 (custom)
2019-09-20 09:27:00,154 [871e6485-c22a-483f-9e07-d19e754685be:group-DB2F2E7A135B:LeaderElection38] INFO  server.RaftServerConfigKeys (ConfUtils.java:logGet(43)) - raft.server.write.element-limit = 4096 (default)
2019-09-20 09:27:00,154 [pool-38-thread-1] INFO  server.RaftServerConfigKeys (ConfUtils.java:logGet(43)) - raft.server.log.segment.cache.num.max = 2 (custom)
2019-09-20 09:27:00,154 [871e6485-c22a-483f-9e07-d19e754685be:group-DB2F2E7A135B:LeaderElection38] INFO  server.RaftServerConfigKeys (ConfUtils.java:logGet(43)) - raft.server.watch.timeout = 10s (default)
2019-09-20 09:27:00,154 [pool-38-thread-1] INFO  segmented.SegmentedRaftLogWorker (SegmentedRaftLogWorker.java:<init>(172)) - new fd3cd5f9-4f1c-43ea-91b1-b85a1f6c3825-SegmentedRaftLogWorker:Storage Directory /workdir/hadoop-ozone/integration-test/target/test-dir/MiniOzoneClusterImpl-a33d77e5-464b-4d19-8e6b-a171e580bf0e/datanode-1/data/ratis/bee225f1-cde6-4a6d-8fcd-b51869680cf2 for RaftStorage:Storage Directory /workdir/hadoop-ozone/integration-test/target/test-dir/MiniOzoneClusterImpl-a33d77e5-464b-4d19-8e6b-a171e580bf0e/datanode-1/data/ratis/bee225f1-cde6-4a6d-8fcd-b51869680cf2
2019-09-20 09:27:00,154 [871e6485-c22a-483f-9e07-d19e754685be:group-DB2F2E7A135B:LeaderElection38] INFO  server.RaftServerConfigKeys (ConfUtils.java:logGet(43)) - raft.server.watch.timeout.denomination = 1s (default)
2019-09-20 09:27:00,155 [pool-38-thread-1] INFO  server.RaftServerConfigKeys (ConfUtils.java:logGet(43)) - raft.server.log.queue.byte-limit = 2147483647 (custom)
2019-09-20 09:27:00,155 [871e6485-c22a-483f-9e07-d19e754685be:group-DB2F2E7A135B:LeaderElection38] INFO  server.RaftServerConfigKeys (ConfUtils.java:logGet(43)) - raft.server.watch.element-limit = 65536 (default)
2019-09-20 09:27:00,155 [pool-38-thread-1] INFO  server.RaftServerConfigKeys (ConfUtils.java:logGet(43)) - raft.server.log.queue.element-limit = 1024 (custom)
2019-09-20 09:27:00,155 [871e6485-c22a-483f-9e07-d19e754685be:group-DB2F2E7A135B:LeaderElection38] INFO  impl.RoleInfo (RoleInfo.java:updateAndGet(143)) - 871e6485-c22a-483f-9e07-d19e754685be: start LeaderState
2019-09-20 09:27:00,155 [pool-38-thread-1] INFO  server.RaftServerConfigKeys (ConfUtils.java:logGet(43)) - raft.server.log.segment.size.max = 1048576 (custom)
2019-09-20 09:27:00,155 [871e6485-c22a-483f-9e07-d19e754685be:group-DB2F2E7A135B:LeaderElection38] INFO  segmented.SegmentedRaftLogWorker (SegmentedRaftLogWorker.java:startLogSegment(380)) - 871e6485-c22a-483f-9e07-d19e754685be-SegmentedRaftLogWorker:Storage Directory /workdir/hadoop-ozone/integration-test/target/test-dir/MiniOzoneClusterImpl-a33d77e5-464b-4d19-8e6b-a171e580bf0e/datanode-4/data/ratis/27df796d-60e4-43bc-b280-db2f2e7a135b: Starting segment from index:0
2019-09-20 09:27:00,155 [pool-38-thread-1] INFO  server.RaftServerConfigKeys (ConfUtils.java:logGet(43)) - raft.server.log.preallocated.size = 16384 (custom)
2019-09-20 09:27:00,156 [pool-38-thread-1] INFO  server.RaftServerConfigKeys (ConfUtils.java:logGet(43)) - raft.server.log.write.buffer.size = 33554432 (custom)
2019-09-20 09:27:00,156 [pool-38-thread-1] INFO  server.RaftServerConfigKeys (ConfUtils.java:logGet(43)) - raft.server.log.force.sync.num = 128 (default)
2019-09-20 09:27:00,156 [871e6485-c22a-483f-9e07-d19e754685be:group-DB2F2E7A135B:LeaderElection38] INFO  impl.RaftServerImpl (ServerState.java:setRaftConf(361)) - 871e6485-c22a-483f-9e07-d19e754685be:group-DB2F2E7A135B set configuration 0: [871e6485-c22a-483f-9e07-d19e754685be:192.168.36.99:41076], old=null at 0
2019-09-20 09:27:00,156 [pool-38-thread-1] INFO  server.RaftServerConfigKeys (ConfUtils.java:logGet(43)) - raft.server.log.statemachine.data.sync = true (default)
2019-09-20 09:27:00,193 [Thread-339] INFO  impl.FollowerState (FollowerState.java:run(106)) - fd3cd5f9-4f1c-43ea-91b1-b85a1f6c3825:group-23A00460A976 changes to CANDIDATE, lastRpcTime:5130, electionTimeout:5119ms
2019-09-20 09:27:00,193 [pool-38-thread-1] INFO  server.RaftServerConfigKeys (ConfUtils.java:logGet(43)) - raft.server.log.statemachine.data.sync.timeout = 10s (default)
2019-09-20 09:27:00,193 [Thread-339] INFO  impl.RoleInfo (RoleInfo.java:shutdownFollowerState(121)) - fd3cd5f9-4f1c-43ea-91b1-b85a1f6c3825: shutdown FollowerState
2019-09-20 09:27:00,194 [pool-38-thread-1] INFO  server.RaftServerConfigKeys (ConfUtils.java:logGet(43)) - raft.server.log.statemachine.data.sync.timeout.retry = -1 (default)
2019-09-20 09:27:00,194 [Thread-339] INFO  impl.RaftServerImpl (RaftServerImpl.java:setRole(171)) - fd3cd5f9-4f1c-43ea-91b1-b85a1f6c3825:group-23A00460A976 changes role from FOLLOWER to CANDIDATE at term 0 for changeToCandidate
2019-09-20 09:27:00,194 [pool-38-thread-1] INFO  server.RaftServerConfigKeys (ConfUtils.java:logGet(43)) - raft.server.log.statemachine.data.caching.enabled = true (custom)
2019-09-20 09:27:00,194 [Thread-339] INFO  impl.RoleInfo (RoleInfo.java:updateAndGet(143)) - fd3cd5f9-4f1c-43ea-91b1-b85a1f6c3825: start LeaderElection
2019-09-20 09:27:00,194 [pool-38-thread-1] INFO  segmented.SegmentedRaftLogWorker (SegmentedRaftLogWorker.java:lambda$new$0(132)) - fd3cd5f9-4f1c-43ea-91b1-b85a1f6c3825-SegmentedRaftLogWorker:Storage Directory /workdir/hadoop-ozone/integration-test/target/test-dir/MiniOzoneClusterImpl-a33d77e5-464b-4d19-8e6b-a171e580bf0e/datanode-1/data/ratis/bee225f1-cde6-4a6d-8fcd-b51869680cf2: flushIndex: setUnconditionally 0 -> -1
2019-09-20 09:27:00,201 [pool-38-thread-1] INFO  server.RaftServerConfigKeys (ConfUtils.java:logGet(43)) - raft.server.snapshot.auto.trigger.enabled = true (custom)
2019-09-20 09:27:00,201 [pool-38-thread-1] INFO  server.RaftServerConfigKeys (ConfUtils.java:logGet(43)) - raft.server.snapshot.auto.trigger.threshold = 10000 (custom)
2019-09-20 09:27:00,201 [pool-38-thread-1] INFO  server.RaftServerConfigKeys (ConfUtils.java:logGet(43)) - raft.server.retrycache.expirytime = 600000ms (custom)
2019-09-20 09:27:00,202 [pool-38-thread-1] INFO  impl.RaftServerImpl (RaftServerImpl.java:start(180)) - fd3cd5f9-4f1c-43ea-91b1-b85a1f6c3825: start group-B51869680CF2
2019-09-20 09:27:00,202 [pool-38-thread-1] INFO  impl.RaftServerImpl (RaftServerImpl.java:setRole(171)) - fd3cd5f9-4f1c-43ea-91b1-b85a1f6c3825:group-B51869680CF2 changes role from null to FOLLOWER at term 0 for startAsFollower
2019-09-20 09:27:00,202 [pool-38-thread-1] INFO  impl.RoleInfo (RoleInfo.java:updateAndGet(143)) - fd3cd5f9-4f1c-43ea-91b1-b85a1f6c3825: start FollowerState
2019-09-20 09:27:00,203 [pool-38-thread-1] INFO  util.JmxRegister (JmxRegister.java:tryRegister(44)) - Successfully registered JMX Bean with object name Ratis:service=RaftServer,group=group-B51869680CF2,id=fd3cd5f9-4f1c-43ea-91b1-b85a1f6c3825
2019-09-20 09:27:00,206 [RatisPipelineUtilsThread] INFO  pipeline.PipelineStateManager (PipelineStateManager.java:addPipeline(56)) - Created pipeline Pipeline[ Id: bee225f1-cde6-4a6d-8fcd-b51869680cf2, Nodes: fd3cd5f9-4f1c-43ea-91b1-b85a1f6c3825{ip: 192.168.36.99, host: pr-hdds-1569-p5fx8-1226042367, networkLocation: /default-rack, certSerialId: null}, Type:RATIS, Factor:ONE, State:OPEN]
2019-09-20 09:27:00,211 [grpc-default-executor-1] INFO  impl.RaftServerProxy (RaftServerProxy.java:addNew(89)) - 02b93e76-e4c6-4b67-b8a4-c536d9ab7224: addNew group-B9203607AE95:[02b93e76-e4c6-4b67-b8a4-c536d9ab7224:192.168.36.99:39343] returns group-B9203607AE95:java.util.concurrent.CompletableFuture@1715e892[Not completed]
2019-09-20 09:27:00,212 [pool-27-thread-1] INFO  impl.RaftServerImpl (RaftServerImpl.java:<init>(93)) - 02b93e76-e4c6-4b67-b8a4-c536d9ab7224: new RaftServerImpl for group-B9203607AE95:[02b93e76-e4c6-4b67-b8a4-c536d9ab7224:192.168.36.99:39343] with ContainerStateMachine:uninitialized
2019-09-20 09:27:00,212 [pool-27-thread-1] INFO  server.RaftServerConfigKeys (ConfUtils.java:logGet(43)) - raft.server.rpc.timeout.min = 5s (custom)
2019-09-20 09:27:00,212 [pool-27-thread-1] INFO  server.RaftServerConfigKeys (ConfUtils.java:logGet(43)) - raft.server.rpc.timeout.max = 5200ms (custom)
2019-09-20 09:27:00,212 [pool-27-thread-1] INFO  server.RaftServerConfigKeys (ConfUtils.java:logGet(43)) - raft.server.rpcslowness.timeout = 10s (custom)
2019-09-20 09:27:00,213 [pool-27-thread-1] INFO  server.RaftServerConfigKeys (ConfUtils.java:logGet(43)) - raft.server.sleep.deviation.threshold = 300 (default)
2019-09-20 09:27:00,213 [pool-27-thread-1] INFO  server.RaftServerConfigKeys (ConfUtils.java:logGet(43)) - raft.server.log.appender.install.snapshot.enabled = false (custom)
2019-09-20 09:27:00,213 [pool-27-thread-1] INFO  impl.RaftServerImpl (ServerState.java:<init>(105)) - 02b93e76-e4c6-4b67-b8a4-c536d9ab7224:group-B9203607AE95 ConfigurationManager, init=-1: [02b93e76-e4c6-4b67-b8a4-c536d9ab7224:192.168.36.99:39343], old=null, confs=<EMPTY_MAP>
2019-09-20 09:27:00,213 [pool-27-thread-1] INFO  server.RaftServerConfigKeys (ConfUtils.java:logGet(43)) - raft.server.storage.dir = [/workdir/hadoop-ozone/integration-test/target/test-dir/MiniOzoneClusterImpl-a33d77e5-464b-4d19-8e6b-a171e580bf0e/datanode-0/data/ratis] (custom)
2019-09-20 09:27:00,213 [pool-27-thread-1] INFO  storage.RaftStorageDirectory (RaftStorageDirectory.java:analyzeStorage(246)) - The storage directory /workdir/hadoop-ozone/integration-test/target/test-dir/MiniOzoneClusterImpl-a33d77e5-464b-4d19-8e6b-a171e580bf0e/datanode-0/data/ratis/6a88d884-846a-4444-9652-b9203607ae95 does not exist. Creating ...
2019-09-20 09:27:00,227 [871e6485-c22a-483f-9e07-d19e754685be-SegmentedRaftLogWorker:Storage Directory /workdir/hadoop-ozone/integration-test/target/test-dir/MiniOzoneClusterImpl-a33d77e5-464b-4d19-8e6b-a171e580bf0e/datanode-4/data/ratis/27df796d-60e4-43bc-b280-db2f2e7a135b] INFO  segmented.SegmentedRaftLogWorker (SegmentedRaftLogWorker.java:execute(569)) - 871e6485-c22a-483f-9e07-d19e754685be-SegmentedRaftLogWorker:Storage Directory /workdir/hadoop-ozone/integration-test/target/test-dir/MiniOzoneClusterImpl-a33d77e5-464b-4d19-8e6b-a171e580bf0e/datanode-4/data/ratis/27df796d-60e4-43bc-b280-db2f2e7a135b: created new log segment /workdir/hadoop-ozone/integration-test/target/test-dir/MiniOzoneClusterImpl-a33d77e5-464b-4d19-8e6b-a171e580bf0e/datanode-4/data/ratis/27df796d-60e4-43bc-b280-db2f2e7a135b/current/log_inprogress_0
2019-09-20 09:27:00,236 [fd3cd5f9-4f1c-43ea-91b1-b85a1f6c3825:group-23A00460A976:LeaderElection39] INFO  impl.LeaderElection (LeaderElection.java:askForVotes(181)) - fd3cd5f9-4f1c-43ea-91b1-b85a1f6c3825:group-23A00460A976:LeaderElection39: begin an election at term 1 for -1: [fd3cd5f9-4f1c-43ea-91b1-b85a1f6c3825:192.168.36.99:39114], old=null
2019-09-20 09:27:00,236 [fd3cd5f9-4f1c-43ea-91b1-b85a1f6c3825:group-23A00460A976:LeaderElection39] INFO  impl.RoleInfo (RoleInfo.java:shutdownLeaderElection(134)) - fd3cd5f9-4f1c-43ea-91b1-b85a1f6c3825: shutdown LeaderElection
2019-09-20 09:27:00,236 [fd3cd5f9-4f1c-43ea-91b1-b85a1f6c3825:group-23A00460A976:LeaderElection39] INFO  impl.RaftServerImpl (RaftServerImpl.java:setRole(171)) - fd3cd5f9-4f1c-43ea-91b1-b85a1f6c3825:group-23A00460A976 changes role from CANDIDATE to LEADER at term 1 for changeToLeader
2019-09-20 09:27:00,237 [fd3cd5f9-4f1c-43ea-91b1-b85a1f6c3825:group-23A00460A976:LeaderElection39] INFO  impl.RaftServerImpl (ServerState.java:setLeader(263)) - fd3cd5f9-4f1c-43ea-91b1-b85a1f6c3825:group-23A00460A976 change Leader from null to fd3cd5f9-4f1c-43ea-91b1-b85a1f6c3825 at term 1 for becomeLeader, leader elected after 5179ms
2019-09-20 09:27:00,237 [fd3cd5f9-4f1c-43ea-91b1-b85a1f6c3825:group-23A00460A976:LeaderElection39] INFO  server.RaftServerConfigKeys (ConfUtils.java:logGet(43)) - raft.server.staging.catchup.gap = 1000 (default)
2019-09-20 09:27:00,237 [fd3cd5f9-4f1c-43ea-91b1-b85a1f6c3825:group-23A00460A976:LeaderElection39] INFO  server.RaftServerConfigKeys (ConfUtils.java:logGet(43)) - raft.server.rpc.sleep.time = 25ms (default)
2019-09-20 09:27:00,237 [fd3cd5f9-4f1c-43ea-91b1-b85a1f6c3825:group-23A00460A976:LeaderElection39] INFO  server.RaftServerConfigKeys (ConfUtils.java:logGet(43)) - raft.server.write.element-limit = 4096 (default)
2019-09-20 09:27:00,237 [fd3cd5f9-4f1c-43ea-91b1-b85a1f6c3825:group-23A00460A976:LeaderElection39] INFO  server.RaftServerConfigKeys (ConfUtils.java:logGet(43)) - raft.server.watch.timeout = 10s (default)
2019-09-20 09:27:00,237 [fd3cd5f9-4f1c-43ea-91b1-b85a1f6c3825:group-23A00460A976:LeaderElection39] INFO  server.RaftServerConfigKeys (ConfUtils.java:logGet(43)) - raft.server.watch.timeout.denomination = 1s (default)
2019-09-20 09:27:00,237 [fd3cd5f9-4f1c-43ea-91b1-b85a1f6c3825:group-23A00460A976:LeaderElection39] INFO  server.RaftServerConfigKeys (ConfUtils.java:logGet(43)) - raft.server.watch.element-limit = 65536 (default)
2019-09-20 09:27:00,238 [fd3cd5f9-4f1c-43ea-91b1-b85a1f6c3825:group-23A00460A976:LeaderElection39] INFO  impl.RoleInfo (RoleInfo.java:updateAndGet(143)) - fd3cd5f9-4f1c-43ea-91b1-b85a1f6c3825: start LeaderState
2019-09-20 09:27:00,238 [fd3cd5f9-4f1c-43ea-91b1-b85a1f6c3825:group-23A00460A976:LeaderElection39] INFO  segmented.SegmentedRaftLogWorker (SegmentedRaftLogWorker.java:startLogSegment(380)) - fd3cd5f9-4f1c-43ea-91b1-b85a1f6c3825-SegmentedRaftLogWorker:Storage Directory /workdir/hadoop-ozone/integration-test/target/test-dir/MiniOzoneClusterImpl-a33d77e5-464b-4d19-8e6b-a171e580bf0e/datanode-1/data/ratis/8ca03ccd-6994-4f13-bce9-23a00460a976: Starting segment from index:0
2019-09-20 09:27:00,238 [fd3cd5f9-4f1c-43ea-91b1-b85a1f6c3825:group-23A00460A976:LeaderElection39] INFO  impl.RaftServerImpl (ServerState.java:setRaftConf(361)) - fd3cd5f9-4f1c-43ea-91b1-b85a1f6c3825:group-23A00460A976 set configuration 0: [fd3cd5f9-4f1c-43ea-91b1-b85a1f6c3825:192.168.36.99:39114], old=null at 0
2019-09-20 09:27:00,282 [pool-27-thread-1] INFO  storage.RaftStorageDirectory (RaftStorageDirectory.java:tryLock(328)) - Lock on /workdir/hadoop-ozone/integration-test/target/test-dir/MiniOzoneClusterImpl-a33d77e5-464b-4d19-8e6b-a171e580bf0e/datanode-0/data/ratis/6a88d884-846a-4444-9652-b9203607ae95/in_use.lock acquired by nodename 7145@pr-hdds-1569-p5fx8-1226042367
2019-09-20 09:27:00,282 [Thread-342] INFO  impl.FollowerState (FollowerState.java:run(106)) - 871e6485-c22a-483f-9e07-d19e754685be:group-D08683016DF7 changes to CANDIDATE, lastRpcTime:5085, electionTimeout:5053ms
2019-09-20 09:27:00,282 [Thread-342] INFO  impl.RoleInfo (RoleInfo.java:shutdownFollowerState(121)) - 871e6485-c22a-483f-9e07-d19e754685be: shutdown FollowerState
2019-09-20 09:27:00,282 [Thread-342] INFO  impl.RaftServerImpl (RaftServerImpl.java:setRole(171)) - 871e6485-c22a-483f-9e07-d19e754685be:group-D08683016DF7 changes role from FOLLOWER to CANDIDATE at term 0 for changeToCandidate
2019-09-20 09:27:00,282 | INFO  | SCMAudit | user=jenkins1000 | ip=192.168.36.99 | op=SEND_HEARTBEAT {datanodeUUID=4840c00f-91d3-4881-a20b-4d0486ca97c0, command=[]} | ret=SUCCESS |  
2019-09-20 09:27:00,282 | INFO  | SCMAudit | user=jenkins1000 | ip=192.168.36.99 | op=SEND_HEARTBEAT {datanodeUUID=871e6485-c22a-483f-9e07-d19e754685be, command=[]} | ret=SUCCESS |  
2019-09-20 09:27:00,283 [Thread-342] INFO  impl.RoleInfo (RoleInfo.java:updateAndGet(143)) - 871e6485-c22a-483f-9e07-d19e754685be: start LeaderElection
2019-09-20 09:27:00,283 | INFO  | SCMAudit | user=jenkins1000 | ip=192.168.36.99 | op=SEND_HEARTBEAT {datanodeUUID=492ed782-6ab3-4ad9-945e-06def6ac7c96, command=[]} | ret=SUCCESS |  
2019-09-20 09:27:00,320 [fd3cd5f9-4f1c-43ea-91b1-b85a1f6c3825-SegmentedRaftLogWorker:Storage Directory /workdir/hadoop-ozone/integration-test/target/test-dir/MiniOzoneClusterImpl-a33d77e5-464b-4d19-8e6b-a171e580bf0e/datanode-1/data/ratis/8ca03ccd-6994-4f13-bce9-23a00460a976] INFO  segmented.SegmentedRaftLogWorker (SegmentedRaftLogWorker.java:execute(569)) - fd3cd5f9-4f1c-43ea-91b1-b85a1f6c3825-SegmentedRaftLogWorker:Storage Directory /workdir/hadoop-ozone/integration-test/target/test-dir/MiniOzoneClusterImpl-a33d77e5-464b-4d19-8e6b-a171e580bf0e/datanode-1/data/ratis/8ca03ccd-6994-4f13-bce9-23a00460a976: created new log segment /workdir/hadoop-ozone/integration-test/target/test-dir/MiniOzoneClusterImpl-a33d77e5-464b-4d19-8e6b-a171e580bf0e/datanode-1/data/ratis/8ca03ccd-6994-4f13-bce9-23a00460a976/current/log_inprogress_0
2019-09-20 09:27:00,320 [pool-27-thread-1] INFO  storage.RaftStorage (RaftStorage.java:format(72)) - Storage directory /workdir/hadoop-ozone/integration-test/target/test-dir/MiniOzoneClusterImpl-a33d77e5-464b-4d19-8e6b-a171e580bf0e/datanode-0/data/ratis/6a88d884-846a-4444-9652-b9203607ae95 has been successfully formatted.
2019-09-20 09:27:00,320 [871e6485-c22a-483f-9e07-d19e754685be:group-D08683016DF7:LeaderElection40] INFO  impl.LeaderElection (LeaderElection.java:askForVotes(181)) - 871e6485-c22a-483f-9e07-d19e754685be:group-D08683016DF7:LeaderElection40: begin an election at term 1 for -1: [871e6485-c22a-483f-9e07-d19e754685be:192.168.36.99:41076], old=null
2019-09-20 09:27:00,321 [pool-27-thread-1] INFO  ratis.ContainerStateMachine (ContainerStateMachine.java:loadSnapshot(226)) - group-B9203607AE95: The snapshot info is null. Setting the last applied indexto:(t:0, i:~)
2019-09-20 09:27:00,321 [871e6485-c22a-483f-9e07-d19e754685be:group-D08683016DF7:LeaderElection40] INFO  impl.RoleInfo (RoleInfo.java:shutdownLeaderElection(134)) - 871e6485-c22a-483f-9e07-d19e754685be: shutdown LeaderElection
2019-09-20 09:27:00,321 [pool-27-thread-1] INFO  server.RaftServerConfigKeys (ConfUtils.java:logGet(43)) - raft.server.leader.election.timeout = 10s (custom)
2019-09-20 09:27:00,321 [871e6485-c22a-483f-9e07-d19e754685be:group-D08683016DF7:LeaderElection40] INFO  impl.RaftServerImpl (RaftServerImpl.java:setRole(171)) - 871e6485-c22a-483f-9e07-d19e754685be:group-D08683016DF7 changes role from CANDIDATE to LEADER at term 1 for changeToLeader
2019-09-20 09:27:00,321 [pool-27-thread-1] INFO  server.RaftServerConfigKeys (ConfUtils.java:logGet(43)) - raft.server.log.use.memory = false (default)
2019-09-20 09:27:00,321 [871e6485-c22a-483f-9e07-d19e754685be:group-D08683016DF7:LeaderElection40] INFO  impl.RaftServerImpl (ServerState.java:setLeader(263)) - 871e6485-c22a-483f-9e07-d19e754685be:group-D08683016DF7 change Leader from null to 871e6485-c22a-483f-9e07-d19e754685be at term 1 for becomeLeader, leader elected after 5129ms
2019-09-20 09:27:00,321 [pool-27-thread-1] INFO  server.RaftServerConfigKeys (ConfUtils.java:logGet(43)) - raft.server.log.purge.gap = 1000000 (custom)
2019-09-20 09:27:00,321 [871e6485-c22a-483f-9e07-d19e754685be:group-D08683016DF7:LeaderElection40] INFO  server.RaftServerConfigKeys (ConfUtils.java:logGet(43)) - raft.server.staging.catchup.gap = 1000 (default)
2019-09-20 09:27:00,321 [pool-27-thread-1] INFO  server.RaftServerConfigKeys (ConfUtils.java:logGet(43)) - raft.server.log.appender.buffer.byte-limit = 33554432 (custom)
2019-09-20 09:27:00,322 [871e6485-c22a-483f-9e07-d19e754685be:group-D08683016DF7:LeaderElection40] INFO  server.RaftServerConfigKeys (ConfUtils.java:logGet(43)) - raft.server.rpc.sleep.time = 25ms (default)
2019-09-20 09:27:00,322 [pool-27-thread-1] INFO  server.RaftServerConfigKeys (ConfUtils.java:logGet(43)) - raft.server.log.segment.size.max = 1048576 (custom)
2019-09-20 09:27:00,322 [871e6485-c22a-483f-9e07-d19e754685be:group-D08683016DF7:LeaderElection40] INFO  server.RaftServerConfigKeys (ConfUtils.java:logGet(43)) - raft.server.write.element-limit = 4096 (default)
2019-09-20 09:27:00,322 [pool-27-thread-1] INFO  server.RaftServerConfigKeys (ConfUtils.java:logGet(43)) - raft.server.log.segment.cache.num.max = 2 (custom)
2019-09-20 09:27:00,322 [871e6485-c22a-483f-9e07-d19e754685be:group-D08683016DF7:LeaderElection40] INFO  server.RaftServerConfigKeys (ConfUtils.java:logGet(43)) - raft.server.watch.timeout = 10s (default)
2019-09-20 09:27:00,322 [pool-27-thread-1] INFO  segmented.SegmentedRaftLogWorker (SegmentedRaftLogWorker.java:<init>(172)) - new 02b93e76-e4c6-4b67-b8a4-c536d9ab7224-SegmentedRaftLogWorker:Storage Directory /workdir/hadoop-ozone/integration-test/target/test-dir/MiniOzoneClusterImpl-a33d77e5-464b-4d19-8e6b-a171e580bf0e/datanode-0/data/ratis/6a88d884-846a-4444-9652-b9203607ae95 for RaftStorage:Storage Directory /workdir/hadoop-ozone/integration-test/target/test-dir/MiniOzoneClusterImpl-a33d77e5-464b-4d19-8e6b-a171e580bf0e/datanode-0/data/ratis/6a88d884-846a-4444-9652-b9203607ae95
2019-09-20 09:27:00,322 [871e6485-c22a-483f-9e07-d19e754685be:group-D08683016DF7:LeaderElection40] INFO  server.RaftServerConfigKeys (ConfUtils.java:logGet(43)) - raft.server.watch.timeout.denomination = 1s (default)
2019-09-20 09:27:00,322 [pool-27-thread-1] INFO  server.RaftServerConfigKeys (ConfUtils.java:logGet(43)) - raft.server.log.queue.byte-limit = 2147483647 (custom)
2019-09-20 09:27:00,323 [871e6485-c22a-483f-9e07-d19e754685be:group-D08683016DF7:LeaderElection40] INFO  server.RaftServerConfigKeys (ConfUtils.java:logGet(43)) - raft.server.watch.element-limit = 65536 (default)
2019-09-20 09:27:00,323 [pool-27-thread-1] INFO  server.RaftServerConfigKeys (ConfUtils.java:logGet(43)) - raft.server.log.queue.element-limit = 1024 (custom)
2019-09-20 09:27:00,323 [pool-27-thread-1] INFO  server.RaftServerConfigKeys (ConfUtils.java:logGet(43)) - raft.server.log.segment.size.max = 1048576 (custom)
2019-09-20 09:27:00,323 [871e6485-c22a-483f-9e07-d19e754685be:group-D08683016DF7:LeaderElection40] INFO  impl.RoleInfo (RoleInfo.java:updateAndGet(143)) - 871e6485-c22a-483f-9e07-d19e754685be: start LeaderState
2019-09-20 09:27:00,323 [pool-27-thread-1] INFO  server.RaftServerConfigKeys (ConfUtils.java:logGet(43)) - raft.server.log.preallocated.size = 16384 (custom)
2019-09-20 09:27:00,323 [pool-27-thread-1] INFO  server.RaftServerConfigKeys (ConfUtils.java:logGet(43)) - raft.server.log.write.buffer.size = 33554432 (custom)
2019-09-20 09:27:00,323 [871e6485-c22a-483f-9e07-d19e754685be:group-D08683016DF7:LeaderElection40] INFO  segmented.SegmentedRaftLogWorker (SegmentedRaftLogWorker.java:startLogSegment(380)) - 871e6485-c22a-483f-9e07-d19e754685be-SegmentedRaftLogWorker:Storage Directory /workdir/hadoop-ozone/integration-test/target/test-dir/MiniOzoneClusterImpl-a33d77e5-464b-4d19-8e6b-a171e580bf0e/datanode-4/data/ratis/aa2f3b27-38db-4b1f-96f6-d08683016df7: Starting segment from index:0
2019-09-20 09:27:00,323 [pool-27-thread-1] INFO  server.RaftServerConfigKeys (ConfUtils.java:logGet(43)) - raft.server.log.force.sync.num = 128 (default)
2019-09-20 09:27:00,324 [pool-27-thread-1] INFO  server.RaftServerConfigKeys (ConfUtils.java:logGet(43)) - raft.server.log.statemachine.data.sync = true (default)
2019-09-20 09:27:00,324 [pool-27-thread-1] INFO  server.RaftServerConfigKeys (ConfUtils.java:logGet(43)) - raft.server.log.statemachine.data.sync.timeout = 10s (default)
2019-09-20 09:27:00,324 [pool-27-thread-1] INFO  server.RaftServerConfigKeys (ConfUtils.java:logGet(43)) - raft.server.log.statemachine.data.sync.timeout.retry = -1 (default)
2019-09-20 09:27:00,324 [871e6485-c22a-483f-9e07-d19e754685be:group-D08683016DF7:LeaderElection40] INFO  impl.RaftServerImpl (ServerState.java:setRaftConf(361)) - 871e6485-c22a-483f-9e07-d19e754685be:group-D08683016DF7 set configuration 0: [871e6485-c22a-483f-9e07-d19e754685be:192.168.36.99:41076], old=null at 0
2019-09-20 09:27:00,324 [pool-27-thread-1] INFO  server.RaftServerConfigKeys (ConfUtils.java:logGet(43)) - raft.server.log.statemachine.data.caching.enabled = true (custom)
2019-09-20 09:27:00,358 [Thread-345] INFO  impl.FollowerState (FollowerState.java:run(106)) - 02b93e76-e4c6-4b67-b8a4-c536d9ab7224:group-5EE9861CE4DB changes to CANDIDATE, lastRpcTime:5077, electionTimeout:5063ms
2019-09-20 09:27:00,358 [Thread-345] INFO  impl.RoleInfo (RoleInfo.java:shutdownFollowerState(121)) - 02b93e76-e4c6-4b67-b8a4-c536d9ab7224: shutdown FollowerState
2019-09-20 09:27:00,358 [Thread-345] INFO  impl.RaftServerImpl (RaftServerImpl.java:setRole(171)) - 02b93e76-e4c6-4b67-b8a4-c536d9ab7224:group-5EE9861CE4DB changes role from FOLLOWER to CANDIDATE at term 0 for changeToCandidate
2019-09-20 09:27:00,358 [pool-27-thread-1] INFO  segmented.SegmentedRaftLogWorker (SegmentedRaftLogWorker.java:lambda$new$0(132)) - 02b93e76-e4c6-4b67-b8a4-c536d9ab7224-SegmentedRaftLogWorker:Storage Directory /workdir/hadoop-ozone/integration-test/target/test-dir/MiniOzoneClusterImpl-a33d77e5-464b-4d19-8e6b-a171e580bf0e/datanode-0/data/ratis/6a88d884-846a-4444-9652-b9203607ae95: flushIndex: setUnconditionally 0 -> -1
2019-09-20 09:27:00,358 [Thread-345] INFO  impl.RoleInfo (RoleInfo.java:updateAndGet(143)) - 02b93e76-e4c6-4b67-b8a4-c536d9ab7224: start LeaderElection
2019-09-20 09:27:00,359 | INFO  | SCMAudit | user=jenkins1000 | ip=192.168.36.99 | op=SEND_HEARTBEAT {datanodeUUID=02b93e76-e4c6-4b67-b8a4-c536d9ab7224, command=[]} | ret=SUCCESS |  
2019-09-20 09:27:00,359 [pool-27-thread-1] INFO  server.RaftServerConfigKeys (ConfUtils.java:logGet(43)) - raft.server.snapshot.auto.trigger.enabled = true (custom)
2019-09-20 09:27:00,359 [pool-27-thread-1] INFO  server.RaftServerConfigKeys (ConfUtils.java:logGet(43)) - raft.server.snapshot.auto.trigger.threshold = 10000 (custom)
2019-09-20 09:27:00,359 [pool-27-thread-1] INFO  server.RaftServerConfigKeys (ConfUtils.java:logGet(43)) - raft.server.retrycache.expirytime = 600000ms (custom)
2019-09-20 09:27:00,360 [pool-27-thread-1] INFO  impl.RaftServerImpl (RaftServerImpl.java:start(180)) - 02b93e76-e4c6-4b67-b8a4-c536d9ab7224: start group-B9203607AE95
2019-09-20 09:27:00,360 [pool-27-thread-1] INFO  impl.RaftServerImpl (RaftServerImpl.java:setRole(171)) - 02b93e76-e4c6-4b67-b8a4-c536d9ab7224:group-B9203607AE95 changes role from null to FOLLOWER at term 0 for startAsFollower
2019-09-20 09:27:00,360 [pool-27-thread-1] INFO  impl.RoleInfo (RoleInfo.java:updateAndGet(143)) - 02b93e76-e4c6-4b67-b8a4-c536d9ab7224: start FollowerState
2019-09-20 09:27:00,360 [pool-27-thread-1] INFO  util.JmxRegister (JmxRegister.java:tryRegister(44)) - Successfully registered JMX Bean with object name Ratis:service=RaftServer,group=group-B9203607AE95,id=02b93e76-e4c6-4b67-b8a4-c536d9ab7224
2019-09-20 09:27:00,363 [RatisPipelineUtilsThread] INFO  pipeline.PipelineStateManager (PipelineStateManager.java:addPipeline(56)) - Created pipeline Pipeline[ Id: 6a88d884-846a-4444-9652-b9203607ae95, Nodes: 02b93e76-e4c6-4b67-b8a4-c536d9ab7224{ip: 192.168.36.99, host: pr-hdds-1569-p5fx8-1226042367, networkLocation: /default-rack, certSerialId: null}, Type:RATIS, Factor:ONE, State:OPEN]
2019-09-20 09:27:00,369 [grpc-default-executor-1] INFO  impl.RaftServerProxy (RaftServerProxy.java:addNew(89)) - 4840c00f-91d3-4881-a20b-4d0486ca97c0: addNew group-8C447C5D0F75:[4840c00f-91d3-4881-a20b-4d0486ca97c0:192.168.36.99:41473] returns group-8C447C5D0F75:java.util.concurrent.CompletableFuture@30efc911[Not completed]
2019-09-20 09:27:00,370 [pool-60-thread-1] INFO  impl.RaftServerImpl (RaftServerImpl.java:<init>(93)) - 4840c00f-91d3-4881-a20b-4d0486ca97c0: new RaftServerImpl for group-8C447C5D0F75:[4840c00f-91d3-4881-a20b-4d0486ca97c0:192.168.36.99:41473] with ContainerStateMachine:uninitialized
2019-09-20 09:27:00,371 [pool-60-thread-1] INFO  server.RaftServerConfigKeys (ConfUtils.java:logGet(43)) - raft.server.rpc.timeout.min = 5s (custom)
2019-09-20 09:27:00,371 [pool-60-thread-1] INFO  server.RaftServerConfigKeys (ConfUtils.java:logGet(43)) - raft.server.rpc.timeout.max = 5200ms (custom)
2019-09-20 09:27:00,371 [pool-60-thread-1] INFO  server.RaftServerConfigKeys (ConfUtils.java:logGet(43)) - raft.server.rpcslowness.timeout = 10s (custom)
2019-09-20 09:27:00,371 [pool-60-thread-1] INFO  server.RaftServerConfigKeys (ConfUtils.java:logGet(43)) - raft.server.sleep.deviation.threshold = 300 (default)
2019-09-20 09:27:00,371 [pool-60-thread-1] INFO  server.RaftServerConfigKeys (ConfUtils.java:logGet(43)) - raft.server.log.appender.install.snapshot.enabled = false (custom)
2019-09-20 09:27:00,371 [pool-60-thread-1] INFO  impl.RaftServerImpl (ServerState.java:<init>(105)) - 4840c00f-91d3-4881-a20b-4d0486ca97c0:group-8C447C5D0F75 ConfigurationManager, init=-1: [4840c00f-91d3-4881-a20b-4d0486ca97c0:192.168.36.99:41473], old=null, confs=<EMPTY_MAP>
2019-09-20 09:27:00,371 [pool-60-thread-1] INFO  server.RaftServerConfigKeys (ConfUtils.java:logGet(43)) - raft.server.storage.dir = [/workdir/hadoop-ozone/integration-test/target/test-dir/MiniOzoneClusterImpl-a33d77e5-464b-4d19-8e6b-a171e580bf0e/datanode-3/data/ratis] (custom)
2019-09-20 09:27:00,372 [pool-60-thread-1] INFO  storage.RaftStorageDirectory (RaftStorageDirectory.java:analyzeStorage(246)) - The storage directory /workdir/hadoop-ozone/integration-test/target/test-dir/MiniOzoneClusterImpl-a33d77e5-464b-4d19-8e6b-a171e580bf0e/datanode-3/data/ratis/83c24053-66f6-40d0-a02a-8c447c5d0f75 does not exist. Creating ...
2019-09-20 09:27:00,379 [871e6485-c22a-483f-9e07-d19e754685be-SegmentedRaftLogWorker:Storage Directory /workdir/hadoop-ozone/integration-test/target/test-dir/MiniOzoneClusterImpl-a33d77e5-464b-4d19-8e6b-a171e580bf0e/datanode-4/data/ratis/aa2f3b27-38db-4b1f-96f6-d08683016df7] INFO  segmented.SegmentedRaftLogWorker (SegmentedRaftLogWorker.java:execute(569)) - 871e6485-c22a-483f-9e07-d19e754685be-SegmentedRaftLogWorker:Storage Directory /workdir/hadoop-ozone/integration-test/target/test-dir/MiniOzoneClusterImpl-a33d77e5-464b-4d19-8e6b-a171e580bf0e/datanode-4/data/ratis/aa2f3b27-38db-4b1f-96f6-d08683016df7: created new log segment /workdir/hadoop-ozone/integration-test/target/test-dir/MiniOzoneClusterImpl-a33d77e5-464b-4d19-8e6b-a171e580bf0e/datanode-4/data/ratis/aa2f3b27-38db-4b1f-96f6-d08683016df7/current/log_inprogress_0
2019-09-20 09:27:00,388 [02b93e76-e4c6-4b67-b8a4-c536d9ab7224:group-5EE9861CE4DB:LeaderElection41] INFO  impl.LeaderElection (LeaderElection.java:askForVotes(181)) - 02b93e76-e4c6-4b67-b8a4-c536d9ab7224:group-5EE9861CE4DB:LeaderElection41: begin an election at term 1 for -1: [02b93e76-e4c6-4b67-b8a4-c536d9ab7224:192.168.36.99:39343], old=null
2019-09-20 09:27:00,388 [02b93e76-e4c6-4b67-b8a4-c536d9ab7224:group-5EE9861CE4DB:LeaderElection41] INFO  impl.RoleInfo (RoleInfo.java:shutdownLeaderElection(134)) - 02b93e76-e4c6-4b67-b8a4-c536d9ab7224: shutdown LeaderElection
2019-09-20 09:27:00,388 [02b93e76-e4c6-4b67-b8a4-c536d9ab7224:group-5EE9861CE4DB:LeaderElection41] INFO  impl.RaftServerImpl (RaftServerImpl.java:setRole(171)) - 02b93e76-e4c6-4b67-b8a4-c536d9ab7224:group-5EE9861CE4DB changes role from CANDIDATE to LEADER at term 1 for changeToLeader
2019-09-20 09:27:00,388 [02b93e76-e4c6-4b67-b8a4-c536d9ab7224:group-5EE9861CE4DB:LeaderElection41] INFO  impl.RaftServerImpl (ServerState.java:setLeader(263)) - 02b93e76-e4c6-4b67-b8a4-c536d9ab7224:group-5EE9861CE4DB change Leader from null to 02b93e76-e4c6-4b67-b8a4-c536d9ab7224 at term 1 for becomeLeader, leader elected after 5112ms
2019-09-20 09:27:00,388 [02b93e76-e4c6-4b67-b8a4-c536d9ab7224:group-5EE9861CE4DB:LeaderElection41] INFO  server.RaftServerConfigKeys (ConfUtils.java:logGet(43)) - raft.server.staging.catchup.gap = 1000 (default)
2019-09-20 09:27:00,388 [02b93e76-e4c6-4b67-b8a4-c536d9ab7224:group-5EE9861CE4DB:LeaderElection41] INFO  server.RaftServerConfigKeys (ConfUtils.java:logGet(43)) - raft.server.rpc.sleep.time = 25ms (default)
2019-09-20 09:27:00,389 [02b93e76-e4c6-4b67-b8a4-c536d9ab7224:group-5EE9861CE4DB:LeaderElection41] INFO  server.RaftServerConfigKeys (ConfUtils.java:logGet(43)) - raft.server.write.element-limit = 4096 (default)
2019-09-20 09:27:00,389 [02b93e76-e4c6-4b67-b8a4-c536d9ab7224:group-5EE9861CE4DB:LeaderElection41] INFO  server.RaftServerConfigKeys (ConfUtils.java:logGet(43)) - raft.server.watch.timeout = 10s (default)
2019-09-20 09:27:00,389 [02b93e76-e4c6-4b67-b8a4-c536d9ab7224:group-5EE9861CE4DB:LeaderElection41] INFO  server.RaftServerConfigKeys (ConfUtils.java:logGet(43)) - raft.server.watch.timeout.denomination = 1s (default)
2019-09-20 09:27:00,389 [02b93e76-e4c6-4b67-b8a4-c536d9ab7224:group-5EE9861CE4DB:LeaderElection41] INFO  server.RaftServerConfigKeys (ConfUtils.java:logGet(43)) - raft.server.watch.element-limit = 65536 (default)
2019-09-20 09:27:00,389 [02b93e76-e4c6-4b67-b8a4-c536d9ab7224:group-5EE9861CE4DB:LeaderElection41] INFO  impl.RoleInfo (RoleInfo.java:updateAndGet(143)) - 02b93e76-e4c6-4b67-b8a4-c536d9ab7224: start LeaderState
2019-09-20 09:27:00,389 [02b93e76-e4c6-4b67-b8a4-c536d9ab7224:group-5EE9861CE4DB:LeaderElection41] INFO  segmented.SegmentedRaftLogWorker (SegmentedRaftLogWorker.java:startLogSegment(380)) - 02b93e76-e4c6-4b67-b8a4-c536d9ab7224-SegmentedRaftLogWorker:Storage Directory /workdir/hadoop-ozone/integration-test/target/test-dir/MiniOzoneClusterImpl-a33d77e5-464b-4d19-8e6b-a171e580bf0e/datanode-0/data/ratis/ca675e5f-8ae5-4873-b08d-5ee9861ce4db: Starting segment from index:0
2019-09-20 09:27:00,390 [02b93e76-e4c6-4b67-b8a4-c536d9ab7224:group-5EE9861CE4DB:LeaderElection41] INFO  impl.RaftServerImpl (ServerState.java:setRaftConf(361)) - 02b93e76-e4c6-4b67-b8a4-c536d9ab7224:group-5EE9861CE4DB set configuration 0: [02b93e76-e4c6-4b67-b8a4-c536d9ab7224:192.168.36.99:39343], old=null at 0
2019-09-20 09:27:00,433 [pool-60-thread-1] INFO  storage.RaftStorageDirectory (RaftStorageDirectory.java:tryLock(328)) - Lock on /workdir/hadoop-ozone/integration-test/target/test-dir/MiniOzoneClusterImpl-a33d77e5-464b-4d19-8e6b-a171e580bf0e/datanode-3/data/ratis/83c24053-66f6-40d0-a02a-8c447c5d0f75/in_use.lock acquired by nodename 7145@pr-hdds-1569-p5fx8-1226042367
2019-09-20 09:27:00,433 [Thread-348] INFO  impl.FollowerState (FollowerState.java:run(106)) - 4840c00f-91d3-4881-a20b-4d0486ca97c0:group-823087154921 changes to CANDIDATE, lastRpcTime:5092, electionTimeout:5076ms
2019-09-20 09:27:00,433 [Thread-348] INFO  impl.RoleInfo (RoleInfo.java:shutdownFollowerState(121)) - 4840c00f-91d3-4881-a20b-4d0486ca97c0: shutdown FollowerState
2019-09-20 09:27:00,433 [Thread-348] INFO  impl.RaftServerImpl (RaftServerImpl.java:setRole(171)) - 4840c00f-91d3-4881-a20b-4d0486ca97c0:group-823087154921 changes role from FOLLOWER to CANDIDATE at term 0 for changeToCandidate
2019-09-20 09:27:00,433 [Thread-348] INFO  impl.RoleInfo (RoleInfo.java:updateAndGet(143)) - 4840c00f-91d3-4881-a20b-4d0486ca97c0: start LeaderElection
2019-09-20 09:27:00,447 [02b93e76-e4c6-4b67-b8a4-c536d9ab7224-SegmentedRaftLogWorker:Storage Directory /workdir/hadoop-ozone/integration-test/target/test-dir/MiniOzoneClusterImpl-a33d77e5-464b-4d19-8e6b-a171e580bf0e/datanode-0/data/ratis/ca675e5f-8ae5-4873-b08d-5ee9861ce4db] INFO  segmented.SegmentedRaftLogWorker (SegmentedRaftLogWorker.java:execute(569)) - 02b93e76-e4c6-4b67-b8a4-c536d9ab7224-SegmentedRaftLogWorker:Storage Directory /workdir/hadoop-ozone/integration-test/target/test-dir/MiniOzoneClusterImpl-a33d77e5-464b-4d19-8e6b-a171e580bf0e/datanode-0/data/ratis/ca675e5f-8ae5-4873-b08d-5ee9861ce4db: created new log segment /workdir/hadoop-ozone/integration-test/target/test-dir/MiniOzoneClusterImpl-a33d77e5-464b-4d19-8e6b-a171e580bf0e/datanode-0/data/ratis/ca675e5f-8ae5-4873-b08d-5ee9861ce4db/current/log_inprogress_0
2019-09-20 09:27:00,447 [pool-60-thread-1] INFO  storage.RaftStorage (RaftStorage.java:format(72)) - Storage directory /workdir/hadoop-ozone/integration-test/target/test-dir/MiniOzoneClusterImpl-a33d77e5-464b-4d19-8e6b-a171e580bf0e/datanode-3/data/ratis/83c24053-66f6-40d0-a02a-8c447c5d0f75 has been successfully formatted.
2019-09-20 09:27:00,447 [4840c00f-91d3-4881-a20b-4d0486ca97c0:group-823087154921:LeaderElection42] INFO  impl.LeaderElection (LeaderElection.java:askForVotes(181)) - 4840c00f-91d3-4881-a20b-4d0486ca97c0:group-823087154921:LeaderElection42: begin an election at term 1 for -1: [4840c00f-91d3-4881-a20b-4d0486ca97c0:192.168.36.99:41473], old=null
2019-09-20 09:27:00,447 [pool-60-thread-1] INFO  ratis.ContainerStateMachine (ContainerStateMachine.java:loadSnapshot(226)) - group-8C447C5D0F75: The snapshot info is null. Setting the last applied indexto:(t:0, i:~)
2019-09-20 09:27:00,447 [4840c00f-91d3-4881-a20b-4d0486ca97c0:group-823087154921:LeaderElection42] INFO  impl.RoleInfo (RoleInfo.java:shutdownLeaderElection(134)) - 4840c00f-91d3-4881-a20b-4d0486ca97c0: shutdown LeaderElection
2019-09-20 09:27:00,448 [pool-60-thread-1] INFO  server.RaftServerConfigKeys (ConfUtils.java:logGet(43)) - raft.server.leader.election.timeout = 10s (custom)
2019-09-20 09:27:00,448 [4840c00f-91d3-4881-a20b-4d0486ca97c0:group-823087154921:LeaderElection42] INFO  impl.RaftServerImpl (RaftServerImpl.java:setRole(171)) - 4840c00f-91d3-4881-a20b-4d0486ca97c0:group-823087154921 changes role from CANDIDATE to LEADER at term 1 for changeToLeader
2019-09-20 09:27:00,448 [pool-60-thread-1] INFO  server.RaftServerConfigKeys (ConfUtils.java:logGet(43)) - raft.server.log.use.memory = false (default)
2019-09-20 09:27:00,448 [4840c00f-91d3-4881-a20b-4d0486ca97c0:group-823087154921:LeaderElection42] INFO  impl.RaftServerImpl (ServerState.java:setLeader(263)) - 4840c00f-91d3-4881-a20b-4d0486ca97c0:group-823087154921 change Leader from null to 4840c00f-91d3-4881-a20b-4d0486ca97c0 at term 1 for becomeLeader, leader elected after 5112ms
2019-09-20 09:27:00,448 [pool-60-thread-1] INFO  server.RaftServerConfigKeys (ConfUtils.java:logGet(43)) - raft.server.log.purge.gap = 1000000 (custom)
2019-09-20 09:27:00,448 [4840c00f-91d3-4881-a20b-4d0486ca97c0:group-823087154921:LeaderElection42] INFO  server.RaftServerConfigKeys (ConfUtils.java:logGet(43)) - raft.server.staging.catchup.gap = 1000 (default)
2019-09-20 09:27:00,448 [pool-60-thread-1] INFO  server.RaftServerConfigKeys (ConfUtils.java:logGet(43)) - raft.server.log.appender.buffer.byte-limit = 33554432 (custom)
2019-09-20 09:27:00,448 [4840c00f-91d3-4881-a20b-4d0486ca97c0:group-823087154921:LeaderElection42] INFO  server.RaftServerConfigKeys (ConfUtils.java:logGet(43)) - raft.server.rpc.sleep.time = 25ms (default)
2019-09-20 09:27:00,449 [pool-60-thread-1] INFO  server.RaftServerConfigKeys (ConfUtils.java:logGet(43)) - raft.server.log.segment.size.max = 1048576 (custom)
2019-09-20 09:27:00,449 [4840c00f-91d3-4881-a20b-4d0486ca97c0:group-823087154921:LeaderElection42] INFO  server.RaftServerConfigKeys (ConfUtils.java:logGet(43)) - raft.server.write.element-limit = 4096 (default)
2019-09-20 09:27:00,449 [pool-60-thread-1] INFO  server.RaftServerConfigKeys (ConfUtils.java:logGet(43)) - raft.server.log.segment.cache.num.max = 2 (custom)
2019-09-20 09:27:00,449 [4840c00f-91d3-4881-a20b-4d0486ca97c0:group-823087154921:LeaderElection42] INFO  server.RaftServerConfigKeys (ConfUtils.java:logGet(43)) - raft.server.watch.timeout = 10s (default)
2019-09-20 09:27:00,449 [pool-60-thread-1] INFO  segmented.SegmentedRaftLogWorker (SegmentedRaftLogWorker.java:<init>(172)) - new 4840c00f-91d3-4881-a20b-4d0486ca97c0-SegmentedRaftLogWorker:Storage Directory /workdir/hadoop-ozone/integration-test/target/test-dir/MiniOzoneClusterImpl-a33d77e5-464b-4d19-8e6b-a171e580bf0e/datanode-3/data/ratis/83c24053-66f6-40d0-a02a-8c447c5d0f75 for RaftStorage:Storage Directory /workdir/hadoop-ozone/integration-test/target/test-dir/MiniOzoneClusterImpl-a33d77e5-464b-4d19-8e6b-a171e580bf0e/datanode-3/data/ratis/83c24053-66f6-40d0-a02a-8c447c5d0f75
2019-09-20 09:27:00,449 [4840c00f-91d3-4881-a20b-4d0486ca97c0:group-823087154921:LeaderElection42] INFO  server.RaftServerConfigKeys (ConfUtils.java:logGet(43)) - raft.server.watch.timeout.denomination = 1s (default)
2019-09-20 09:27:00,449 [pool-60-thread-1] INFO  server.RaftServerConfigKeys (ConfUtils.java:logGet(43)) - raft.server.log.queue.byte-limit = 2147483647 (custom)
2019-09-20 09:27:00,449 [4840c00f-91d3-4881-a20b-4d0486ca97c0:group-823087154921:LeaderElection42] INFO  server.RaftServerConfigKeys (ConfUtils.java:logGet(43)) - raft.server.watch.element-limit = 65536 (default)
2019-09-20 09:27:00,450 [pool-60-thread-1] INFO  server.RaftServerConfigKeys (ConfUtils.java:logGet(43)) - raft.server.log.queue.element-limit = 1024 (custom)
2019-09-20 09:27:00,450 [4840c00f-91d3-4881-a20b-4d0486ca97c0:group-823087154921:LeaderElection42] INFO  impl.RoleInfo (RoleInfo.java:updateAndGet(143)) - 4840c00f-91d3-4881-a20b-4d0486ca97c0: start LeaderState
2019-09-20 09:27:00,450 [pool-60-thread-1] INFO  server.RaftServerConfigKeys (ConfUtils.java:logGet(43)) - raft.server.log.segment.size.max = 1048576 (custom)
2019-09-20 09:27:00,450 [4840c00f-91d3-4881-a20b-4d0486ca97c0:group-823087154921:LeaderElection42] INFO  segmented.SegmentedRaftLogWorker (SegmentedRaftLogWorker.java:startLogSegment(380)) - 4840c00f-91d3-4881-a20b-4d0486ca97c0-SegmentedRaftLogWorker:Storage Directory /workdir/hadoop-ozone/integration-test/target/test-dir/MiniOzoneClusterImpl-a33d77e5-464b-4d19-8e6b-a171e580bf0e/datanode-3/data/ratis/5bfc5120-c70b-406f-9f8f-823087154921: Starting segment from index:0
2019-09-20 09:27:00,450 [pool-60-thread-1] INFO  server.RaftServerConfigKeys (ConfUtils.java:logGet(43)) - raft.server.log.preallocated.size = 16384 (custom)
2019-09-20 09:27:00,450 [pool-60-thread-1] INFO  server.RaftServerConfigKeys (ConfUtils.java:logGet(43)) - raft.server.log.write.buffer.size = 33554432 (custom)
2019-09-20 09:27:00,451 [pool-60-thread-1] INFO  server.RaftServerConfigKeys (ConfUtils.java:logGet(43)) - raft.server.log.force.sync.num = 128 (default)
2019-09-20 09:27:00,451 [4840c00f-91d3-4881-a20b-4d0486ca97c0:group-823087154921:LeaderElection42] INFO  impl.RaftServerImpl (ServerState.java:setRaftConf(361)) - 4840c00f-91d3-4881-a20b-4d0486ca97c0:group-823087154921 set configuration 0: [4840c00f-91d3-4881-a20b-4d0486ca97c0:192.168.36.99:41473], old=null at 0
2019-09-20 09:27:00,451 [pool-60-thread-1] INFO  server.RaftServerConfigKeys (ConfUtils.java:logGet(43)) - raft.server.log.statemachine.data.sync = true (default)
2019-09-20 09:27:00,451 [pool-60-thread-1] INFO  server.RaftServerConfigKeys (ConfUtils.java:logGet(43)) - raft.server.log.statemachine.data.sync.timeout = 10s (default)
2019-09-20 09:27:00,451 [pool-60-thread-1] INFO  server.RaftServerConfigKeys (ConfUtils.java:logGet(43)) - raft.server.log.statemachine.data.sync.timeout.retry = -1 (default)
2019-09-20 09:27:00,451 [pool-60-thread-1] INFO  server.RaftServerConfigKeys (ConfUtils.java:logGet(43)) - raft.server.log.statemachine.data.caching.enabled = true (custom)
2019-09-20 09:27:00,452 [pool-60-thread-1] INFO  segmented.SegmentedRaftLogWorker (SegmentedRaftLogWorker.java:lambda$new$0(132)) - 4840c00f-91d3-4881-a20b-4d0486ca97c0-SegmentedRaftLogWorker:Storage Directory /workdir/hadoop-ozone/integration-test/target/test-dir/MiniOzoneClusterImpl-a33d77e5-464b-4d19-8e6b-a171e580bf0e/datanode-3/data/ratis/83c24053-66f6-40d0-a02a-8c447c5d0f75: flushIndex: setUnconditionally 0 -> -1
2019-09-20 09:27:00,452 [pool-60-thread-1] INFO  server.RaftServerConfigKeys (ConfUtils.java:logGet(43)) - raft.server.snapshot.auto.trigger.enabled = true (custom)
2019-09-20 09:27:00,452 [pool-60-thread-1] INFO  server.RaftServerConfigKeys (ConfUtils.java:logGet(43)) - raft.server.snapshot.auto.trigger.threshold = 10000 (custom)
2019-09-20 09:27:00,452 [pool-60-thread-1] INFO  server.RaftServerConfigKeys (ConfUtils.java:logGet(43)) - raft.server.retrycache.expirytime = 600000ms (custom)
2019-09-20 09:27:00,452 [pool-60-thread-1] INFO  impl.RaftServerImpl (RaftServerImpl.java:start(180)) - 4840c00f-91d3-4881-a20b-4d0486ca97c0: start group-8C447C5D0F75
2019-09-20 09:27:00,453 [pool-60-thread-1] INFO  impl.RaftServerImpl (RaftServerImpl.java:setRole(171)) - 4840c00f-91d3-4881-a20b-4d0486ca97c0:group-8C447C5D0F75 changes role from null to FOLLOWER at term 0 for startAsFollower
2019-09-20 09:27:00,453 [pool-60-thread-1] INFO  impl.RoleInfo (RoleInfo.java:updateAndGet(143)) - 4840c00f-91d3-4881-a20b-4d0486ca97c0: start FollowerState
2019-09-20 09:27:00,453 [pool-60-thread-1] INFO  util.JmxRegister (JmxRegister.java:tryRegister(44)) - Successfully registered JMX Bean with object name Ratis:service=RaftServer,group=group-8C447C5D0F75,id=4840c00f-91d3-4881-a20b-4d0486ca97c0
2019-09-20 09:27:00,456 [RatisPipelineUtilsThread] INFO  pipeline.PipelineStateManager (PipelineStateManager.java:addPipeline(56)) - Created pipeline Pipeline[ Id: 83c24053-66f6-40d0-a02a-8c447c5d0f75, Nodes: 4840c00f-91d3-4881-a20b-4d0486ca97c0{ip: 192.168.36.99, host: pr-hdds-1569-p5fx8-1226042367, networkLocation: /default-rack, certSerialId: null}, Type:RATIS, Factor:ONE, State:OPEN]
2019-09-20 09:27:00,462 [grpc-default-executor-1] INFO  impl.RaftServerProxy (RaftServerProxy.java:addNew(89)) - 492ed782-6ab3-4ad9-945e-06def6ac7c96: addNew group-D9DFD2FAA041:[492ed782-6ab3-4ad9-945e-06def6ac7c96:192.168.36.99:32835] returns group-D9DFD2FAA041:java.util.concurrent.CompletableFuture@70841752[Not completed]
2019-09-20 09:27:00,463 [pool-49-thread-1] INFO  impl.RaftServerImpl (RaftServerImpl.java:<init>(93)) - 492ed782-6ab3-4ad9-945e-06def6ac7c96: new RaftServerImpl for group-D9DFD2FAA041:[492ed782-6ab3-4ad9-945e-06def6ac7c96:192.168.36.99:32835] with ContainerStateMachine:uninitialized
2019-09-20 09:27:00,464 [pool-49-thread-1] INFO  server.RaftServerConfigKeys (ConfUtils.java:logGet(43)) - raft.server.rpc.timeout.min = 5s (custom)
2019-09-20 09:27:00,464 [pool-49-thread-1] INFO  server.RaftServerConfigKeys (ConfUtils.java:logGet(43)) - raft.server.rpc.timeout.max = 5200ms (custom)
2019-09-20 09:27:00,464 [pool-49-thread-1] INFO  server.RaftServerConfigKeys (ConfUtils.java:logGet(43)) - raft.server.rpcslowness.timeout = 10s (custom)
2019-09-20 09:27:00,464 [pool-49-thread-1] INFO  server.RaftServerConfigKeys (ConfUtils.java:logGet(43)) - raft.server.sleep.deviation.threshold = 300 (default)
2019-09-20 09:27:00,464 [pool-49-thread-1] INFO  server.RaftServerConfigKeys (ConfUtils.java:logGet(43)) - raft.server.log.appender.install.snapshot.enabled = false (custom)
2019-09-20 09:27:00,464 [pool-49-thread-1] INFO  impl.RaftServerImpl (ServerState.java:<init>(105)) - 492ed782-6ab3-4ad9-945e-06def6ac7c96:group-D9DFD2FAA041 ConfigurationManager, init=-1: [492ed782-6ab3-4ad9-945e-06def6ac7c96:192.168.36.99:32835], old=null, confs=<EMPTY_MAP>
2019-09-20 09:27:00,464 [pool-49-thread-1] INFO  server.RaftServerConfigKeys (ConfUtils.java:logGet(43)) - raft.server.storage.dir = [/workdir/hadoop-ozone/integration-test/target/test-dir/MiniOzoneClusterImpl-a33d77e5-464b-4d19-8e6b-a171e580bf0e/datanode-2/data/ratis] (custom)
2019-09-20 09:27:00,465 [pool-49-thread-1] INFO  storage.RaftStorageDirectory (RaftStorageDirectory.java:analyzeStorage(246)) - The storage directory /workdir/hadoop-ozone/integration-test/target/test-dir/MiniOzoneClusterImpl-a33d77e5-464b-4d19-8e6b-a171e580bf0e/datanode-2/data/ratis/b425bb77-719f-4734-9c20-d9dfd2faa041 does not exist. Creating ...
2019-09-20 09:27:00,481 [pool-49-thread-1] INFO  storage.RaftStorageDirectory (RaftStorageDirectory.java:tryLock(328)) - Lock on /workdir/hadoop-ozone/integration-test/target/test-dir/MiniOzoneClusterImpl-a33d77e5-464b-4d19-8e6b-a171e580bf0e/datanode-2/data/ratis/b425bb77-719f-4734-9c20-d9dfd2faa041/in_use.lock acquired by nodename 7145@pr-hdds-1569-p5fx8-1226042367
2019-09-20 09:27:00,531 [4840c00f-91d3-4881-a20b-4d0486ca97c0-SegmentedRaftLogWorker:Storage Directory /workdir/hadoop-ozone/integration-test/target/test-dir/MiniOzoneClusterImpl-a33d77e5-464b-4d19-8e6b-a171e580bf0e/datanode-3/data/ratis/5bfc5120-c70b-406f-9f8f-823087154921] INFO  segmented.SegmentedRaftLogWorker (SegmentedRaftLogWorker.java:execute(569)) - 4840c00f-91d3-4881-a20b-4d0486ca97c0-SegmentedRaftLogWorker:Storage Directory /workdir/hadoop-ozone/integration-test/target/test-dir/MiniOzoneClusterImpl-a33d77e5-464b-4d19-8e6b-a171e580bf0e/datanode-3/data/ratis/5bfc5120-c70b-406f-9f8f-823087154921: created new log segment /workdir/hadoop-ozone/integration-test/target/test-dir/MiniOzoneClusterImpl-a33d77e5-464b-4d19-8e6b-a171e580bf0e/datanode-3/data/ratis/5bfc5120-c70b-406f-9f8f-823087154921/current/log_inprogress_0
2019-09-20 09:27:00,531 [pool-49-thread-1] INFO  storage.RaftStorage (RaftStorage.java:format(72)) - Storage directory /workdir/hadoop-ozone/integration-test/target/test-dir/MiniOzoneClusterImpl-a33d77e5-464b-4d19-8e6b-a171e580bf0e/datanode-2/data/ratis/b425bb77-719f-4734-9c20-d9dfd2faa041 has been successfully formatted.
2019-09-20 09:27:00,532 [pool-49-thread-1] INFO  ratis.ContainerStateMachine (ContainerStateMachine.java:loadSnapshot(226)) - group-D9DFD2FAA041: The snapshot info is null. Setting the last applied indexto:(t:0, i:~)
2019-09-20 09:27:00,532 [pool-49-thread-1] INFO  server.RaftServerConfigKeys (ConfUtils.java:logGet(43)) - raft.server.leader.election.timeout = 10s (custom)
2019-09-20 09:27:00,532 [pool-49-thread-1] INFO  server.RaftServerConfigKeys (ConfUtils.java:logGet(43)) - raft.server.log.use.memory = false (default)
2019-09-20 09:27:00,532 [pool-49-thread-1] INFO  server.RaftServerConfigKeys (ConfUtils.java:logGet(43)) - raft.server.log.purge.gap = 1000000 (custom)
2019-09-20 09:27:00,533 [pool-49-thread-1] INFO  server.RaftServerConfigKeys (ConfUtils.java:logGet(43)) - raft.server.log.appender.buffer.byte-limit = 33554432 (custom)
2019-09-20 09:27:00,533 [pool-49-thread-1] INFO  server.RaftServerConfigKeys (ConfUtils.java:logGet(43)) - raft.server.log.segment.size.max = 1048576 (custom)
2019-09-20 09:27:00,533 [pool-49-thread-1] INFO  server.RaftServerConfigKeys (ConfUtils.java:logGet(43)) - raft.server.log.segment.cache.num.max = 2 (custom)
2019-09-20 09:27:00,533 [pool-49-thread-1] INFO  segmented.SegmentedRaftLogWorker (SegmentedRaftLogWorker.java:<init>(172)) - new 492ed782-6ab3-4ad9-945e-06def6ac7c96-SegmentedRaftLogWorker:Storage Directory /workdir/hadoop-ozone/integration-test/target/test-dir/MiniOzoneClusterImpl-a33d77e5-464b-4d19-8e6b-a171e580bf0e/datanode-2/data/ratis/b425bb77-719f-4734-9c20-d9dfd2faa041 for RaftStorage:Storage Directory /workdir/hadoop-ozone/integration-test/target/test-dir/MiniOzoneClusterImpl-a33d77e5-464b-4d19-8e6b-a171e580bf0e/datanode-2/data/ratis/b425bb77-719f-4734-9c20-d9dfd2faa041
2019-09-20 09:27:00,533 [pool-49-thread-1] INFO  server.RaftServerConfigKeys (ConfUtils.java:logGet(43)) - raft.server.log.queue.byte-limit = 2147483647 (custom)
2019-09-20 09:27:00,534 [pool-49-thread-1] INFO  server.RaftServerConfigKeys (ConfUtils.java:logGet(43)) - raft.server.log.queue.element-limit = 1024 (custom)
2019-09-20 09:27:00,534 [pool-49-thread-1] INFO  server.RaftServerConfigKeys (ConfUtils.java:logGet(43)) - raft.server.log.segment.size.max = 1048576 (custom)
2019-09-20 09:27:00,534 [pool-49-thread-1] INFO  server.RaftServerConfigKeys (ConfUtils.java:logGet(43)) - raft.server.log.preallocated.size = 16384 (custom)
2019-09-20 09:27:00,534 [pool-49-thread-1] INFO  server.RaftServerConfigKeys (ConfUtils.java:logGet(43)) - raft.server.log.write.buffer.size = 33554432 (custom)
2019-09-20 09:27:00,534 [pool-49-thread-1] INFO  server.RaftServerConfigKeys (ConfUtils.java:logGet(43)) - raft.server.log.force.sync.num = 128 (default)
2019-09-20 09:27:00,534 [pool-49-thread-1] INFO  server.RaftServerConfigKeys (ConfUtils.java:logGet(43)) - raft.server.log.statemachine.data.sync = true (default)
2019-09-20 09:27:00,535 [pool-49-thread-1] INFO  server.RaftServerConfigKeys (ConfUtils.java:logGet(43)) - raft.server.log.statemachine.data.sync.timeout = 10s (default)
2019-09-20 09:27:00,535 [pool-49-thread-1] INFO  server.RaftServerConfigKeys (ConfUtils.java:logGet(43)) - raft.server.log.statemachine.data.sync.timeout.retry = -1 (default)
2019-09-20 09:27:00,535 [pool-49-thread-1] INFO  server.RaftServerConfigKeys (ConfUtils.java:logGet(43)) - raft.server.log.statemachine.data.caching.enabled = true (custom)
2019-09-20 09:27:00,535 [pool-49-thread-1] INFO  segmented.SegmentedRaftLogWorker (SegmentedRaftLogWorker.java:lambda$new$0(132)) - 492ed782-6ab3-4ad9-945e-06def6ac7c96-SegmentedRaftLogWorker:Storage Directory /workdir/hadoop-ozone/integration-test/target/test-dir/MiniOzoneClusterImpl-a33d77e5-464b-4d19-8e6b-a171e580bf0e/datanode-2/data/ratis/b425bb77-719f-4734-9c20-d9dfd2faa041: flushIndex: setUnconditionally 0 -> -1
2019-09-20 09:27:00,536 [pool-49-thread-1] INFO  server.RaftServerConfigKeys (ConfUtils.java:logGet(43)) - raft.server.snapshot.auto.trigger.enabled = true (custom)
2019-09-20 09:27:00,536 [pool-49-thread-1] INFO  server.RaftServerConfigKeys (ConfUtils.java:logGet(43)) - raft.server.snapshot.auto.trigger.threshold = 10000 (custom)
2019-09-20 09:27:00,536 [pool-49-thread-1] INFO  server.RaftServerConfigKeys (ConfUtils.java:logGet(43)) - raft.server.retrycache.expirytime = 600000ms (custom)
2019-09-20 09:27:00,537 [pool-49-thread-1] INFO  impl.RaftServerImpl (RaftServerImpl.java:start(180)) - 492ed782-6ab3-4ad9-945e-06def6ac7c96: start group-D9DFD2FAA041
2019-09-20 09:27:00,537 [pool-49-thread-1] INFO  impl.RaftServerImpl (RaftServerImpl.java:setRole(171)) - 492ed782-6ab3-4ad9-945e-06def6ac7c96:group-D9DFD2FAA041 changes role from null to FOLLOWER at term 0 for startAsFollower
2019-09-20 09:27:00,537 [pool-49-thread-1] INFO  impl.RoleInfo (RoleInfo.java:updateAndGet(143)) - 492ed782-6ab3-4ad9-945e-06def6ac7c96: start FollowerState
2019-09-20 09:27:00,538 [pool-49-thread-1] INFO  util.JmxRegister (JmxRegister.java:tryRegister(44)) - Successfully registered JMX Bean with object name Ratis:service=RaftServer,group=group-D9DFD2FAA041,id=492ed782-6ab3-4ad9-945e-06def6ac7c96
2019-09-20 09:27:00,541 [RatisPipelineUtilsThread] INFO  pipeline.PipelineStateManager (PipelineStateManager.java:addPipeline(56)) - Created pipeline Pipeline[ Id: b425bb77-719f-4734-9c20-d9dfd2faa041, Nodes: 492ed782-6ab3-4ad9-945e-06def6ac7c96{ip: 192.168.36.99, host: pr-hdds-1569-p5fx8-1226042367, networkLocation: /default-rack, certSerialId: null}, Type:RATIS, Factor:ONE, State:OPEN]
2019-09-20 09:27:00,545 | INFO  | SCMAudit | user=jenkins1000 | ip=192.168.36.99 | op=SEND_HEARTBEAT {datanodeUUID=dc7f40a9-6782-42c4-abab-c6b1682da047, command=[]} | ret=SUCCESS |  
2019-09-20 09:27:00,548 [grpc-default-executor-1] INFO  impl.RaftServerProxy (RaftServerProxy.java:addNew(89)) - 4840c00f-91d3-4881-a20b-4d0486ca97c0: addNew group-0F9565C0C9C7:[4840c00f-91d3-4881-a20b-4d0486ca97c0:192.168.36.99:41473] returns group-0F9565C0C9C7:java.util.concurrent.CompletableFuture@721fa742[Not completed]
2019-09-20 09:27:00,550 [pool-60-thread-1] INFO  impl.RaftServerImpl (RaftServerImpl.java:<init>(93)) - 4840c00f-91d3-4881-a20b-4d0486ca97c0: new RaftServerImpl for group-0F9565C0C9C7:[4840c00f-91d3-4881-a20b-4d0486ca97c0:192.168.36.99:41473] with ContainerStateMachine:uninitialized
2019-09-20 09:27:00,550 [pool-60-thread-1] INFO  server.RaftServerConfigKeys (ConfUtils.java:logGet(43)) - raft.server.rpc.timeout.min = 5s (custom)
2019-09-20 09:27:00,550 [pool-60-thread-1] INFO  server.RaftServerConfigKeys (ConfUtils.java:logGet(43)) - raft.server.rpc.timeout.max = 5200ms (custom)
2019-09-20 09:27:00,550 [pool-60-thread-1] INFO  server.RaftServerConfigKeys (ConfUtils.java:logGet(43)) - raft.server.rpcslowness.timeout = 10s (custom)
2019-09-20 09:27:00,550 [pool-60-thread-1] INFO  server.RaftServerConfigKeys (ConfUtils.java:logGet(43)) - raft.server.sleep.deviation.threshold = 300 (default)
2019-09-20 09:27:00,550 [pool-60-thread-1] INFO  server.RaftServerConfigKeys (ConfUtils.java:logGet(43)) - raft.server.log.appender.install.snapshot.enabled = false (custom)
2019-09-20 09:27:00,551 [pool-60-thread-1] INFO  impl.RaftServerImpl (ServerState.java:<init>(105)) - 4840c00f-91d3-4881-a20b-4d0486ca97c0:group-0F9565C0C9C7 ConfigurationManager, init=-1: [4840c00f-91d3-4881-a20b-4d0486ca97c0:192.168.36.99:41473], old=null, confs=<EMPTY_MAP>
2019-09-20 09:27:00,551 [pool-60-thread-1] INFO  server.RaftServerConfigKeys (ConfUtils.java:logGet(43)) - raft.server.storage.dir = [/workdir/hadoop-ozone/integration-test/target/test-dir/MiniOzoneClusterImpl-a33d77e5-464b-4d19-8e6b-a171e580bf0e/datanode-3/data/ratis] (custom)
2019-09-20 09:27:00,551 [pool-60-thread-1] INFO  storage.RaftStorageDirectory (RaftStorageDirectory.java:analyzeStorage(246)) - The storage directory /workdir/hadoop-ozone/integration-test/target/test-dir/MiniOzoneClusterImpl-a33d77e5-464b-4d19-8e6b-a171e580bf0e/datanode-3/data/ratis/b5c515ee-40b4-4eb7-aa79-0f9565c0c9c7 does not exist. Creating ...
2019-09-20 09:27:00,573 [pool-60-thread-1] INFO  storage.RaftStorageDirectory (RaftStorageDirectory.java:tryLock(328)) - Lock on /workdir/hadoop-ozone/integration-test/target/test-dir/MiniOzoneClusterImpl-a33d77e5-464b-4d19-8e6b-a171e580bf0e/datanode-3/data/ratis/b5c515ee-40b4-4eb7-aa79-0f9565c0c9c7/in_use.lock acquired by nodename 7145@pr-hdds-1569-p5fx8-1226042367
2019-09-20 09:27:00,574 [Thread-351] INFO  impl.FollowerState (FollowerState.java:run(106)) - 02b93e76-e4c6-4b67-b8a4-c536d9ab7224:group-75F2F82A6DCC changes to CANDIDATE, lastRpcTime:5182, electionTimeout:5182ms
2019-09-20 09:27:00,574 [Thread-351] INFO  impl.RoleInfo (RoleInfo.java:shutdownFollowerState(121)) - 02b93e76-e4c6-4b67-b8a4-c536d9ab7224: shutdown FollowerState
2019-09-20 09:27:00,574 [Thread-351] INFO  impl.RaftServerImpl (RaftServerImpl.java:setRole(171)) - 02b93e76-e4c6-4b67-b8a4-c536d9ab7224:group-75F2F82A6DCC changes role from FOLLOWER to CANDIDATE at term 0 for changeToCandidate
2019-09-20 09:27:00,574 [Thread-351] INFO  impl.RoleInfo (RoleInfo.java:updateAndGet(143)) - 02b93e76-e4c6-4b67-b8a4-c536d9ab7224: start LeaderElection
2019-09-20 09:27:00,591 [pool-60-thread-1] INFO  storage.RaftStorage (RaftStorage.java:format(72)) - Storage directory /workdir/hadoop-ozone/integration-test/target/test-dir/MiniOzoneClusterImpl-a33d77e5-464b-4d19-8e6b-a171e580bf0e/datanode-3/data/ratis/b5c515ee-40b4-4eb7-aa79-0f9565c0c9c7 has been successfully formatted.
2019-09-20 09:27:00,591 [02b93e76-e4c6-4b67-b8a4-c536d9ab7224:group-75F2F82A6DCC:LeaderElection43] INFO  impl.LeaderElection (LeaderElection.java:askForVotes(181)) - 02b93e76-e4c6-4b67-b8a4-c536d9ab7224:group-75F2F82A6DCC:LeaderElection43: begin an election at term 1 for -1: [02b93e76-e4c6-4b67-b8a4-c536d9ab7224:192.168.36.99:39343], old=null
2019-09-20 09:27:00,591 [pool-60-thread-1] INFO  ratis.ContainerStateMachine (ContainerStateMachine.java:loadSnapshot(226)) - group-0F9565C0C9C7: The snapshot info is null. Setting the last applied indexto:(t:0, i:~)
2019-09-20 09:27:00,591 [02b93e76-e4c6-4b67-b8a4-c536d9ab7224:group-75F2F82A6DCC:LeaderElection43] INFO  impl.RoleInfo (RoleInfo.java:shutdownLeaderElection(134)) - 02b93e76-e4c6-4b67-b8a4-c536d9ab7224: shutdown LeaderElection
2019-09-20 09:27:00,591 [pool-60-thread-1] INFO  server.RaftServerConfigKeys (ConfUtils.java:logGet(43)) - raft.server.leader.election.timeout = 10s (custom)
2019-09-20 09:27:00,591 [02b93e76-e4c6-4b67-b8a4-c536d9ab7224:group-75F2F82A6DCC:LeaderElection43] INFO  impl.RaftServerImpl (RaftServerImpl.java:setRole(171)) - 02b93e76-e4c6-4b67-b8a4-c536d9ab7224:group-75F2F82A6DCC changes role from CANDIDATE to LEADER at term 1 for changeToLeader
2019-09-20 09:27:00,591 [pool-60-thread-1] INFO  server.RaftServerConfigKeys (ConfUtils.java:logGet(43)) - raft.server.log.use.memory = false (default)
2019-09-20 09:27:00,591 [02b93e76-e4c6-4b67-b8a4-c536d9ab7224:group-75F2F82A6DCC:LeaderElection43] INFO  impl.RaftServerImpl (ServerState.java:setLeader(263)) - 02b93e76-e4c6-4b67-b8a4-c536d9ab7224:group-75F2F82A6DCC change Leader from null to 02b93e76-e4c6-4b67-b8a4-c536d9ab7224 at term 1 for becomeLeader, leader elected after 5204ms
2019-09-20 09:27:00,592 [pool-60-thread-1] INFO  server.RaftServerConfigKeys (ConfUtils.java:logGet(43)) - raft.server.log.purge.gap = 1000000 (custom)
2019-09-20 09:27:00,592 [02b93e76-e4c6-4b67-b8a4-c536d9ab7224:group-75F2F82A6DCC:LeaderElection43] INFO  server.RaftServerConfigKeys (ConfUtils.java:logGet(43)) - raft.server.staging.catchup.gap = 1000 (default)
2019-09-20 09:27:00,592 [pool-60-thread-1] INFO  server.RaftServerConfigKeys (ConfUtils.java:logGet(43)) - raft.server.log.appender.buffer.byte-limit = 33554432 (custom)
2019-09-20 09:27:00,592 [02b93e76-e4c6-4b67-b8a4-c536d9ab7224:group-75F2F82A6DCC:LeaderElection43] INFO  server.RaftServerConfigKeys (ConfUtils.java:logGet(43)) - raft.server.rpc.sleep.time = 25ms (default)
2019-09-20 09:27:00,592 [pool-60-thread-1] INFO  server.RaftServerConfigKeys (ConfUtils.java:logGet(43)) - raft.server.log.segment.size.max = 1048576 (custom)
2019-09-20 09:27:00,592 [02b93e76-e4c6-4b67-b8a4-c536d9ab7224:group-75F2F82A6DCC:LeaderElection43] INFO  server.RaftServerConfigKeys (ConfUtils.java:logGet(43)) - raft.server.write.element-limit = 4096 (default)
2019-09-20 09:27:00,592 [pool-60-thread-1] INFO  server.RaftServerConfigKeys (ConfUtils.java:logGet(43)) - raft.server.log.segment.cache.num.max = 2 (custom)
2019-09-20 09:27:00,593 [02b93e76-e4c6-4b67-b8a4-c536d9ab7224:group-75F2F82A6DCC:LeaderElection43] INFO  server.RaftServerConfigKeys (ConfUtils.java:logGet(43)) - raft.server.watch.timeout = 10s (default)
2019-09-20 09:27:00,593 [pool-60-thread-1] INFO  segmented.SegmentedRaftLogWorker (SegmentedRaftLogWorker.java:<init>(172)) - new 4840c00f-91d3-4881-a20b-4d0486ca97c0-SegmentedRaftLogWorker:Storage Directory /workdir/hadoop-ozone/integration-test/target/test-dir/MiniOzoneClusterImpl-a33d77e5-464b-4d19-8e6b-a171e580bf0e/datanode-3/data/ratis/b5c515ee-40b4-4eb7-aa79-0f9565c0c9c7 for RaftStorage:Storage Directory /workdir/hadoop-ozone/integration-test/target/test-dir/MiniOzoneClusterImpl-a33d77e5-464b-4d19-8e6b-a171e580bf0e/datanode-3/data/ratis/b5c515ee-40b4-4eb7-aa79-0f9565c0c9c7
2019-09-20 09:27:00,593 [02b93e76-e4c6-4b67-b8a4-c536d9ab7224:group-75F2F82A6DCC:LeaderElection43] INFO  server.RaftServerConfigKeys (ConfUtils.java:logGet(43)) - raft.server.watch.timeout.denomination = 1s (default)
2019-09-20 09:27:00,593 [pool-60-thread-1] INFO  server.RaftServerConfigKeys (ConfUtils.java:logGet(43)) - raft.server.log.queue.byte-limit = 2147483647 (custom)
2019-09-20 09:27:00,593 [02b93e76-e4c6-4b67-b8a4-c536d9ab7224:group-75F2F82A6DCC:LeaderElection43] INFO  server.RaftServerConfigKeys (ConfUtils.java:logGet(43)) - raft.server.watch.element-limit = 65536 (default)
2019-09-20 09:27:00,593 [pool-60-thread-1] INFO  server.RaftServerConfigKeys (ConfUtils.java:logGet(43)) - raft.server.log.queue.element-limit = 1024 (custom)
2019-09-20 09:27:00,594 [02b93e76-e4c6-4b67-b8a4-c536d9ab7224:group-75F2F82A6DCC:LeaderElection43] INFO  impl.RoleInfo (RoleInfo.java:updateAndGet(143)) - 02b93e76-e4c6-4b67-b8a4-c536d9ab7224: start LeaderState
2019-09-20 09:27:00,594 [pool-60-thread-1] INFO  server.RaftServerConfigKeys (ConfUtils.java:logGet(43)) - raft.server.log.segment.size.max = 1048576 (custom)
2019-09-20 09:27:00,594 [pool-60-thread-1] INFO  server.RaftServerConfigKeys (ConfUtils.java:logGet(43)) - raft.server.log.preallocated.size = 16384 (custom)
2019-09-20 09:27:00,594 [02b93e76-e4c6-4b67-b8a4-c536d9ab7224:group-75F2F82A6DCC:LeaderElection43] INFO  segmented.SegmentedRaftLogWorker (SegmentedRaftLogWorker.java:startLogSegment(380)) - 02b93e76-e4c6-4b67-b8a4-c536d9ab7224-SegmentedRaftLogWorker:Storage Directory /workdir/hadoop-ozone/integration-test/target/test-dir/MiniOzoneClusterImpl-a33d77e5-464b-4d19-8e6b-a171e580bf0e/datanode-0/data/ratis/6230a021-3d67-42e8-b341-75f2f82a6dcc: Starting segment from index:0
2019-09-20 09:27:00,594 [pool-60-thread-1] INFO  server.RaftServerConfigKeys (ConfUtils.java:logGet(43)) - raft.server.log.write.buffer.size = 33554432 (custom)
2019-09-20 09:27:00,594 [pool-60-thread-1] INFO  server.RaftServerConfigKeys (ConfUtils.java:logGet(43)) - raft.server.log.force.sync.num = 128 (default)
2019-09-20 09:27:00,594 [pool-60-thread-1] INFO  server.RaftServerConfigKeys (ConfUtils.java:logGet(43)) - raft.server.log.statemachine.data.sync = true (default)
2019-09-20 09:27:00,595 [02b93e76-e4c6-4b67-b8a4-c536d9ab7224:group-75F2F82A6DCC:LeaderElection43] INFO  impl.RaftServerImpl (ServerState.java:setRaftConf(361)) - 02b93e76-e4c6-4b67-b8a4-c536d9ab7224:group-75F2F82A6DCC set configuration 0: [02b93e76-e4c6-4b67-b8a4-c536d9ab7224:192.168.36.99:39343], old=null at 0
2019-09-20 09:27:00,595 [pool-60-thread-1] INFO  server.RaftServerConfigKeys (ConfUtils.java:logGet(43)) - raft.server.log.statemachine.data.sync.timeout = 10s (default)
2019-09-20 09:27:00,595 [pool-60-thread-1] INFO  server.RaftServerConfigKeys (ConfUtils.java:logGet(43)) - raft.server.log.statemachine.data.sync.timeout.retry = -1 (default)
2019-09-20 09:27:00,595 | INFO  | SCMAudit | user=jenkins1000 | ip=192.168.36.99 | op=SEND_HEARTBEAT {datanodeUUID=fd3cd5f9-4f1c-43ea-91b1-b85a1f6c3825, command=[]} | ret=SUCCESS |  
2019-09-20 09:27:00,595 [pool-60-thread-1] INFO  server.RaftServerConfigKeys (ConfUtils.java:logGet(43)) - raft.server.log.statemachine.data.caching.enabled = true (custom)
2019-09-20 09:27:00,595 [pool-60-thread-1] INFO  segmented.SegmentedRaftLogWorker (SegmentedRaftLogWorker.java:lambda$new$0(132)) - 4840c00f-91d3-4881-a20b-4d0486ca97c0-SegmentedRaftLogWorker:Storage Directory /workdir/hadoop-ozone/integration-test/target/test-dir/MiniOzoneClusterImpl-a33d77e5-464b-4d19-8e6b-a171e580bf0e/datanode-3/data/ratis/b5c515ee-40b4-4eb7-aa79-0f9565c0c9c7: flushIndex: setUnconditionally 0 -> -1
2019-09-20 09:27:00,596 [pool-60-thread-1] INFO  server.RaftServerConfigKeys (ConfUtils.java:logGet(43)) - raft.server.snapshot.auto.trigger.enabled = true (custom)
2019-09-20 09:27:00,596 [pool-60-thread-1] INFO  server.RaftServerConfigKeys (ConfUtils.java:logGet(43)) - raft.server.snapshot.auto.trigger.threshold = 10000 (custom)
2019-09-20 09:27:00,596 [pool-60-thread-1] INFO  server.RaftServerConfigKeys (ConfUtils.java:logGet(43)) - raft.server.retrycache.expirytime = 600000ms (custom)
2019-09-20 09:27:00,596 [pool-60-thread-1] INFO  impl.RaftServerImpl (RaftServerImpl.java:start(180)) - 4840c00f-91d3-4881-a20b-4d0486ca97c0: start group-0F9565C0C9C7
2019-09-20 09:27:00,596 [pool-60-thread-1] INFO  impl.RaftServerImpl (RaftServerImpl.java:setRole(171)) - 4840c00f-91d3-4881-a20b-4d0486ca97c0:group-0F9565C0C9C7 changes role from null to FOLLOWER at term 0 for startAsFollower
2019-09-20 09:27:00,597 [pool-60-thread-1] INFO  impl.RoleInfo (RoleInfo.java:updateAndGet(143)) - 4840c00f-91d3-4881-a20b-4d0486ca97c0: start FollowerState
2019-09-20 09:27:00,597 [pool-60-thread-1] INFO  util.JmxRegister (JmxRegister.java:tryRegister(44)) - Successfully registered JMX Bean with object name Ratis:service=RaftServer,group=group-0F9565C0C9C7,id=4840c00f-91d3-4881-a20b-4d0486ca97c0
2019-09-20 09:27:00,600 [RatisPipelineUtilsThread] INFO  pipeline.PipelineStateManager (PipelineStateManager.java:addPipeline(56)) - Created pipeline Pipeline[ Id: b5c515ee-40b4-4eb7-aa79-0f9565c0c9c7, Nodes: 4840c00f-91d3-4881-a20b-4d0486ca97c0{ip: 192.168.36.99, host: pr-hdds-1569-p5fx8-1226042367, networkLocation: /default-rack, certSerialId: null}, Type:RATIS, Factor:ONE, State:OPEN]
2019-09-20 09:27:00,606 [grpc-default-executor-1] INFO  impl.RaftServerProxy (RaftServerProxy.java:addNew(89)) - 4840c00f-91d3-4881-a20b-4d0486ca97c0: addNew group-0216F39D9076:[4840c00f-91d3-4881-a20b-4d0486ca97c0:192.168.36.99:41473] returns group-0216F39D9076:java.util.concurrent.CompletableFuture@3005583[Not completed]
2019-09-20 09:27:00,608 [pool-60-thread-1] INFO  impl.RaftServerImpl (RaftServerImpl.java:<init>(93)) - 4840c00f-91d3-4881-a20b-4d0486ca97c0: new RaftServerImpl for group-0216F39D9076:[4840c00f-91d3-4881-a20b-4d0486ca97c0:192.168.36.99:41473] with ContainerStateMachine:uninitialized
2019-09-20 09:27:00,608 [pool-60-thread-1] INFO  server.RaftServerConfigKeys (ConfUtils.java:logGet(43)) - raft.server.rpc.timeout.min = 5s (custom)
2019-09-20 09:27:00,608 [pool-60-thread-1] INFO  server.RaftServerConfigKeys (ConfUtils.java:logGet(43)) - raft.server.rpc.timeout.max = 5200ms (custom)
2019-09-20 09:27:00,608 [pool-60-thread-1] INFO  server.RaftServerConfigKeys (ConfUtils.java:logGet(43)) - raft.server.rpcslowness.timeout = 10s (custom)
2019-09-20 09:27:00,608 [pool-60-thread-1] INFO  server.RaftServerConfigKeys (ConfUtils.java:logGet(43)) - raft.server.sleep.deviation.threshold = 300 (default)
2019-09-20 09:27:00,608 [pool-60-thread-1] INFO  server.RaftServerConfigKeys (ConfUtils.java:logGet(43)) - raft.server.log.appender.install.snapshot.enabled = false (custom)
2019-09-20 09:27:00,608 [pool-60-thread-1] INFO  impl.RaftServerImpl (ServerState.java:<init>(105)) - 4840c00f-91d3-4881-a20b-4d0486ca97c0:group-0216F39D9076 ConfigurationManager, init=-1: [4840c00f-91d3-4881-a20b-4d0486ca97c0:192.168.36.99:41473], old=null, confs=<EMPTY_MAP>
2019-09-20 09:27:00,609 [pool-60-thread-1] INFO  server.RaftServerConfigKeys (ConfUtils.java:logGet(43)) - raft.server.storage.dir = [/workdir/hadoop-ozone/integration-test/target/test-dir/MiniOzoneClusterImpl-a33d77e5-464b-4d19-8e6b-a171e580bf0e/datanode-3/data/ratis] (custom)
2019-09-20 09:27:00,609 [pool-60-thread-1] INFO  storage.RaftStorageDirectory (RaftStorageDirectory.java:analyzeStorage(246)) - The storage directory /workdir/hadoop-ozone/integration-test/target/test-dir/MiniOzoneClusterImpl-a33d77e5-464b-4d19-8e6b-a171e580bf0e/datanode-3/data/ratis/e939727f-ea19-424b-845a-0216f39d9076 does not exist. Creating ...
2019-09-20 09:27:00,622 [Thread-360] INFO  impl.FollowerState (FollowerState.java:run(106)) - 492ed782-6ab3-4ad9-945e-06def6ac7c96:group-D5EA17BD165B changes to CANDIDATE, lastRpcTime:5018, electionTimeout:5018ms
2019-09-20 09:27:00,622 [Thread-360] INFO  impl.RoleInfo (RoleInfo.java:shutdownFollowerState(121)) - 492ed782-6ab3-4ad9-945e-06def6ac7c96: shutdown FollowerState
2019-09-20 09:27:00,622 [Thread-360] INFO  impl.RaftServerImpl (RaftServerImpl.java:setRole(171)) - 492ed782-6ab3-4ad9-945e-06def6ac7c96:group-D5EA17BD165B changes role from FOLLOWER to CANDIDATE at term 0 for changeToCandidate
2019-09-20 09:27:00,622 [Thread-360] INFO  impl.RoleInfo (RoleInfo.java:updateAndGet(143)) - 492ed782-6ab3-4ad9-945e-06def6ac7c96: start LeaderElection
2019-09-20 09:27:00,634 [pool-60-thread-1] INFO  storage.RaftStorageDirectory (RaftStorageDirectory.java:tryLock(328)) - Lock on /workdir/hadoop-ozone/integration-test/target/test-dir/MiniOzoneClusterImpl-a33d77e5-464b-4d19-8e6b-a171e580bf0e/datanode-3/data/ratis/e939727f-ea19-424b-845a-0216f39d9076/in_use.lock acquired by nodename 7145@pr-hdds-1569-p5fx8-1226042367
2019-09-20 09:27:00,641 [Thread-354] INFO  impl.FollowerState (FollowerState.java:run(106)) - 492ed782-6ab3-4ad9-945e-06def6ac7c96:group-CF5B3790042C changes to CANDIDATE, lastRpcTime:5155, electionTimeout:5155ms
2019-09-20 09:27:00,641 [Thread-354] INFO  impl.RoleInfo (RoleInfo.java:shutdownFollowerState(121)) - 492ed782-6ab3-4ad9-945e-06def6ac7c96: shutdown FollowerState
2019-09-20 09:27:00,641 [Thread-354] INFO  impl.RaftServerImpl (RaftServerImpl.java:setRole(171)) - 492ed782-6ab3-4ad9-945e-06def6ac7c96:group-CF5B3790042C changes role from FOLLOWER to CANDIDATE at term 0 for changeToCandidate
2019-09-20 09:27:00,641 [Thread-354] INFO  impl.RoleInfo (RoleInfo.java:updateAndGet(143)) - 492ed782-6ab3-4ad9-945e-06def6ac7c96: start LeaderElection
2019-09-20 09:27:00,659 [492ed782-6ab3-4ad9-945e-06def6ac7c96:group-D5EA17BD165B:LeaderElection44] INFO  impl.LeaderElection (LeaderElection.java:askForVotes(181)) - 492ed782-6ab3-4ad9-945e-06def6ac7c96:group-D5EA17BD165B:LeaderElection44: begin an election at term 1 for -1: [492ed782-6ab3-4ad9-945e-06def6ac7c96:192.168.36.99:32835], old=null
2019-09-20 09:27:00,660 [492ed782-6ab3-4ad9-945e-06def6ac7c96:group-D5EA17BD165B:LeaderElection44] INFO  impl.RoleInfo (RoleInfo.java:shutdownLeaderElection(134)) - 492ed782-6ab3-4ad9-945e-06def6ac7c96: shutdown LeaderElection
2019-09-20 09:27:00,660 [492ed782-6ab3-4ad9-945e-06def6ac7c96:group-D5EA17BD165B:LeaderElection44] INFO  impl.RaftServerImpl (RaftServerImpl.java:setRole(171)) - 492ed782-6ab3-4ad9-945e-06def6ac7c96:group-D5EA17BD165B changes role from CANDIDATE to LEADER at term 1 for changeToLeader
2019-09-20 09:27:00,660 [492ed782-6ab3-4ad9-945e-06def6ac7c96:group-D5EA17BD165B:LeaderElection44] INFO  impl.RaftServerImpl (ServerState.java:setLeader(263)) - 492ed782-6ab3-4ad9-945e-06def6ac7c96:group-D5EA17BD165B change Leader from null to 492ed782-6ab3-4ad9-945e-06def6ac7c96 at term 1 for becomeLeader, leader elected after 5062ms
2019-09-20 09:27:00,660 [492ed782-6ab3-4ad9-945e-06def6ac7c96:group-D5EA17BD165B:LeaderElection44] INFO  server.RaftServerConfigKeys (ConfUtils.java:logGet(43)) - raft.server.staging.catchup.gap = 1000 (default)
2019-09-20 09:27:00,660 [492ed782-6ab3-4ad9-945e-06def6ac7c96:group-D5EA17BD165B:LeaderElection44] INFO  server.RaftServerConfigKeys (ConfUtils.java:logGet(43)) - raft.server.rpc.sleep.time = 25ms (default)
2019-09-20 09:27:00,660 [492ed782-6ab3-4ad9-945e-06def6ac7c96:group-D5EA17BD165B:LeaderElection44] INFO  server.RaftServerConfigKeys (ConfUtils.java:logGet(43)) - raft.server.write.element-limit = 4096 (default)
2019-09-20 09:27:00,660 [492ed782-6ab3-4ad9-945e-06def6ac7c96:group-D5EA17BD165B:LeaderElection44] INFO  server.RaftServerConfigKeys (ConfUtils.java:logGet(43)) - raft.server.watch.timeout = 10s (default)
2019-09-20 09:27:00,661 [492ed782-6ab3-4ad9-945e-06def6ac7c96:group-D5EA17BD165B:LeaderElection44] INFO  server.RaftServerConfigKeys (ConfUtils.java:logGet(43)) - raft.server.watch.timeout.denomination = 1s (default)
2019-09-20 09:27:00,661 [492ed782-6ab3-4ad9-945e-06def6ac7c96:group-D5EA17BD165B:LeaderElection44] INFO  server.RaftServerConfigKeys (ConfUtils.java:logGet(43)) - raft.server.watch.element-limit = 65536 (default)
2019-09-20 09:27:00,661 [492ed782-6ab3-4ad9-945e-06def6ac7c96:group-D5EA17BD165B:LeaderElection44] INFO  impl.RoleInfo (RoleInfo.java:updateAndGet(143)) - 492ed782-6ab3-4ad9-945e-06def6ac7c96: start LeaderState
2019-09-20 09:27:00,661 [492ed782-6ab3-4ad9-945e-06def6ac7c96:group-D5EA17BD165B:LeaderElection44] INFO  segmented.SegmentedRaftLogWorker (SegmentedRaftLogWorker.java:startLogSegment(380)) - 492ed782-6ab3-4ad9-945e-06def6ac7c96-SegmentedRaftLogWorker:Storage Directory /workdir/hadoop-ozone/integration-test/target/test-dir/MiniOzoneClusterImpl-a33d77e5-464b-4d19-8e6b-a171e580bf0e/datanode-2/data/ratis/a8fb2c74-ef20-4dde-8c4f-d5ea17bd165b: Starting segment from index:0
2019-09-20 09:27:00,662 [492ed782-6ab3-4ad9-945e-06def6ac7c96:group-D5EA17BD165B:LeaderElection44] INFO  impl.RaftServerImpl (ServerState.java:setRaftConf(361)) - 492ed782-6ab3-4ad9-945e-06def6ac7c96:group-D5EA17BD165B set configuration 0: [492ed782-6ab3-4ad9-945e-06def6ac7c96:192.168.36.99:32835], old=null at 0
2019-09-20 09:27:00,668 [02b93e76-e4c6-4b67-b8a4-c536d9ab7224-SegmentedRaftLogWorker:Storage Directory /workdir/hadoop-ozone/integration-test/target/test-dir/MiniOzoneClusterImpl-a33d77e5-464b-4d19-8e6b-a171e580bf0e/datanode-0/data/ratis/6230a021-3d67-42e8-b341-75f2f82a6dcc] INFO  segmented.SegmentedRaftLogWorker (SegmentedRaftLogWorker.java:execute(569)) - 02b93e76-e4c6-4b67-b8a4-c536d9ab7224-SegmentedRaftLogWorker:Storage Directory /workdir/hadoop-ozone/integration-test/target/test-dir/MiniOzoneClusterImpl-a33d77e5-464b-4d19-8e6b-a171e580bf0e/datanode-0/data/ratis/6230a021-3d67-42e8-b341-75f2f82a6dcc: created new log segment /workdir/hadoop-ozone/integration-test/target/test-dir/MiniOzoneClusterImpl-a33d77e5-464b-4d19-8e6b-a171e580bf0e/datanode-0/data/ratis/6230a021-3d67-42e8-b341-75f2f82a6dcc/current/log_inprogress_0
2019-09-20 09:27:00,668 [492ed782-6ab3-4ad9-945e-06def6ac7c96:group-CF5B3790042C:LeaderElection45] INFO  impl.LeaderElection (LeaderElection.java:askForVotes(181)) - 492ed782-6ab3-4ad9-945e-06def6ac7c96:group-CF5B3790042C:LeaderElection45: begin an election at term 1 for -1: [492ed782-6ab3-4ad9-945e-06def6ac7c96:192.168.36.99:32835], old=null
2019-09-20 09:27:00,668 [pool-60-thread-1] INFO  storage.RaftStorage (RaftStorage.java:format(72)) - Storage directory /workdir/hadoop-ozone/integration-test/target/test-dir/MiniOzoneClusterImpl-a33d77e5-464b-4d19-8e6b-a171e580bf0e/datanode-3/data/ratis/e939727f-ea19-424b-845a-0216f39d9076 has been successfully formatted.
2019-09-20 09:27:00,668 [492ed782-6ab3-4ad9-945e-06def6ac7c96:group-CF5B3790042C:LeaderElection45] INFO  impl.RoleInfo (RoleInfo.java:shutdownLeaderElection(134)) - 492ed782-6ab3-4ad9-945e-06def6ac7c96: shutdown LeaderElection
2019-09-20 09:27:00,668 [492ed782-6ab3-4ad9-945e-06def6ac7c96:group-CF5B3790042C:LeaderElection45] INFO  impl.RaftServerImpl (RaftServerImpl.java:setRole(171)) - 492ed782-6ab3-4ad9-945e-06def6ac7c96:group-CF5B3790042C changes role from CANDIDATE to LEADER at term 1 for changeToLeader
2019-09-20 09:27:00,668 [pool-60-thread-1] INFO  ratis.ContainerStateMachine (ContainerStateMachine.java:loadSnapshot(226)) - group-0216F39D9076: The snapshot info is null. Setting the last applied indexto:(t:0, i:~)
2019-09-20 09:27:00,669 [492ed782-6ab3-4ad9-945e-06def6ac7c96:group-CF5B3790042C:LeaderElection45] INFO  impl.RaftServerImpl (ServerState.java:setLeader(263)) - 492ed782-6ab3-4ad9-945e-06def6ac7c96:group-CF5B3790042C change Leader from null to 492ed782-6ab3-4ad9-945e-06def6ac7c96 at term 1 for becomeLeader, leader elected after 5189ms
2019-09-20 09:27:00,669 [pool-60-thread-1] INFO  server.RaftServerConfigKeys (ConfUtils.java:logGet(43)) - raft.server.leader.election.timeout = 10s (custom)
2019-09-20 09:27:00,669 [492ed782-6ab3-4ad9-945e-06def6ac7c96:group-CF5B3790042C:LeaderElection45] INFO  server.RaftServerConfigKeys (ConfUtils.java:logGet(43)) - raft.server.staging.catchup.gap = 1000 (default)
2019-09-20 09:27:00,669 [pool-60-thread-1] INFO  server.RaftServerConfigKeys (ConfUtils.java:logGet(43)) - raft.server.log.use.memory = false (default)
2019-09-20 09:27:00,669 [492ed782-6ab3-4ad9-945e-06def6ac7c96:group-CF5B3790042C:LeaderElection45] INFO  server.RaftServerConfigKeys (ConfUtils.java:logGet(43)) - raft.server.rpc.sleep.time = 25ms (default)
2019-09-20 09:27:00,669 [pool-60-thread-1] INFO  server.RaftServerConfigKeys (ConfUtils.java:logGet(43)) - raft.server.log.purge.gap = 1000000 (custom)
2019-09-20 09:27:00,669 [492ed782-6ab3-4ad9-945e-06def6ac7c96:group-CF5B3790042C:LeaderElection45] INFO  server.RaftServerConfigKeys (ConfUtils.java:logGet(43)) - raft.server.write.element-limit = 4096 (default)
2019-09-20 09:27:00,670 [pool-60-thread-1] INFO  server.RaftServerConfigKeys (ConfUtils.java:logGet(43)) - raft.server.log.appender.buffer.byte-limit = 33554432 (custom)
2019-09-20 09:27:00,670 [492ed782-6ab3-4ad9-945e-06def6ac7c96:group-CF5B3790042C:LeaderElection45] INFO  server.RaftServerConfigKeys (ConfUtils.java:logGet(43)) - raft.server.watch.timeout = 10s (default)
2019-09-20 09:27:00,670 [pool-60-thread-1] INFO  server.RaftServerConfigKeys (ConfUtils.java:logGet(43)) - raft.server.log.segment.size.max = 1048576 (custom)
2019-09-20 09:27:00,670 [492ed782-6ab3-4ad9-945e-06def6ac7c96:group-CF5B3790042C:LeaderElection45] INFO  server.RaftServerConfigKeys (ConfUtils.java:logGet(43)) - raft.server.watch.timeout.denomination = 1s (default)
2019-09-20 09:27:00,670 [pool-60-thread-1] INFO  server.RaftServerConfigKeys (ConfUtils.java:logGet(43)) - raft.server.log.segment.cache.num.max = 2 (custom)
2019-09-20 09:27:00,670 [492ed782-6ab3-4ad9-945e-06def6ac7c96:group-CF5B3790042C:LeaderElection45] INFO  server.RaftServerConfigKeys (ConfUtils.java:logGet(43)) - raft.server.watch.element-limit = 65536 (default)
2019-09-20 09:27:00,670 [pool-60-thread-1] INFO  segmented.SegmentedRaftLogWorker (SegmentedRaftLogWorker.java:<init>(172)) - new 4840c00f-91d3-4881-a20b-4d0486ca97c0-SegmentedRaftLogWorker:Storage Directory /workdir/hadoop-ozone/integration-test/target/test-dir/MiniOzoneClusterImpl-a33d77e5-464b-4d19-8e6b-a171e580bf0e/datanode-3/data/ratis/e939727f-ea19-424b-845a-0216f39d9076 for RaftStorage:Storage Directory /workdir/hadoop-ozone/integration-test/target/test-dir/MiniOzoneClusterImpl-a33d77e5-464b-4d19-8e6b-a171e580bf0e/datanode-3/data/ratis/e939727f-ea19-424b-845a-0216f39d9076
2019-09-20 09:27:00,671 [492ed782-6ab3-4ad9-945e-06def6ac7c96:group-CF5B3790042C:LeaderElection45] INFO  impl.RoleInfo (RoleInfo.java:updateAndGet(143)) - 492ed782-6ab3-4ad9-945e-06def6ac7c96: start LeaderState
2019-09-20 09:27:00,671 [pool-60-thread-1] INFO  server.RaftServerConfigKeys (ConfUtils.java:logGet(43)) - raft.server.log.queue.byte-limit = 2147483647 (custom)
2019-09-20 09:27:00,671 [492ed782-6ab3-4ad9-945e-06def6ac7c96:group-CF5B3790042C:LeaderElection45] INFO  segmented.SegmentedRaftLogWorker (SegmentedRaftLogWorker.java:startLogSegment(380)) - 492ed782-6ab3-4ad9-945e-06def6ac7c96-SegmentedRaftLogWorker:Storage Directory /workdir/hadoop-ozone/integration-test/target/test-dir/MiniOzoneClusterImpl-a33d77e5-464b-4d19-8e6b-a171e580bf0e/datanode-2/data/ratis/1a961439-f00d-426b-b5af-cf5b3790042c: Starting segment from index:0
2019-09-20 09:27:00,671 [pool-60-thread-1] INFO  server.RaftServerConfigKeys (ConfUtils.java:logGet(43)) - raft.server.log.queue.element-limit = 1024 (custom)
2019-09-20 09:27:00,671 [pool-60-thread-1] INFO  server.RaftServerConfigKeys (ConfUtils.java:logGet(43)) - raft.server.log.segment.size.max = 1048576 (custom)
2019-09-20 09:27:00,671 [492ed782-6ab3-4ad9-945e-06def6ac7c96:group-CF5B3790042C:LeaderElection45] INFO  impl.RaftServerImpl (ServerState.java:setRaftConf(361)) - 492ed782-6ab3-4ad9-945e-06def6ac7c96:group-CF5B3790042C set configuration 0: [492ed782-6ab3-4ad9-945e-06def6ac7c96:192.168.36.99:32835], old=null at 0
2019-09-20 09:27:00,672 [pool-60-thread-1] INFO  server.RaftServerConfigKeys (ConfUtils.java:logGet(43)) - raft.server.log.preallocated.size = 16384 (custom)
2019-09-20 09:27:00,672 [pool-60-thread-1] INFO  server.RaftServerConfigKeys (ConfUtils.java:logGet(43)) - raft.server.log.write.buffer.size = 33554432 (custom)
2019-09-20 09:27:00,672 [pool-60-thread-1] INFO  server.RaftServerConfigKeys (ConfUtils.java:logGet(43)) - raft.server.log.force.sync.num = 128 (default)
2019-09-20 09:27:00,672 [pool-60-thread-1] INFO  server.RaftServerConfigKeys (ConfUtils.java:logGet(43)) - raft.server.log.statemachine.data.sync = true (default)
2019-09-20 09:27:00,672 [pool-60-thread-1] INFO  server.RaftServerConfigKeys (ConfUtils.java:logGet(43)) - raft.server.log.statemachine.data.sync.timeout = 10s (default)
2019-09-20 09:27:00,672 [pool-60-thread-1] INFO  server.RaftServerConfigKeys (ConfUtils.java:logGet(43)) - raft.server.log.statemachine.data.sync.timeout.retry = -1 (default)
2019-09-20 09:27:00,673 [pool-60-thread-1] INFO  server.RaftServerConfigKeys (ConfUtils.java:logGet(43)) - raft.server.log.statemachine.data.caching.enabled = true (custom)
2019-09-20 09:27:00,673 [pool-60-thread-1] INFO  segmented.SegmentedRaftLogWorker (SegmentedRaftLogWorker.java:lambda$new$0(132)) - 4840c00f-91d3-4881-a20b-4d0486ca97c0-SegmentedRaftLogWorker:Storage Directory /workdir/hadoop-ozone/integration-test/target/test-dir/MiniOzoneClusterImpl-a33d77e5-464b-4d19-8e6b-a171e580bf0e/datanode-3/data/ratis/e939727f-ea19-424b-845a-0216f39d9076: flushIndex: setUnconditionally 0 -> -1
2019-09-20 09:27:00,673 [pool-60-thread-1] INFO  server.RaftServerConfigKeys (ConfUtils.java:logGet(43)) - raft.server.snapshot.auto.trigger.enabled = true (custom)
2019-09-20 09:27:00,674 [pool-60-thread-1] INFO  server.RaftServerConfigKeys (ConfUtils.java:logGet(43)) - raft.server.snapshot.auto.trigger.threshold = 10000 (custom)
2019-09-20 09:27:00,674 [pool-60-thread-1] INFO  server.RaftServerConfigKeys (ConfUtils.java:logGet(43)) - raft.server.retrycache.expirytime = 600000ms (custom)
2019-09-20 09:27:00,674 [pool-60-thread-1] INFO  impl.RaftServerImpl (RaftServerImpl.java:start(180)) - 4840c00f-91d3-4881-a20b-4d0486ca97c0: start group-0216F39D9076
2019-09-20 09:27:00,674 [pool-60-thread-1] INFO  impl.RaftServerImpl (RaftServerImpl.java:setRole(171)) - 4840c00f-91d3-4881-a20b-4d0486ca97c0:group-0216F39D9076 changes role from null to FOLLOWER at term 0 for startAsFollower
2019-09-20 09:27:00,674 [pool-60-thread-1] INFO  impl.RoleInfo (RoleInfo.java:updateAndGet(143)) - 4840c00f-91d3-4881-a20b-4d0486ca97c0: start FollowerState
2019-09-20 09:27:00,675 [pool-60-thread-1] INFO  util.JmxRegister (JmxRegister.java:tryRegister(44)) - Successfully registered JMX Bean with object name Ratis:service=RaftServer,group=group-0216F39D9076,id=4840c00f-91d3-4881-a20b-4d0486ca97c0
2019-09-20 09:27:00,679 [RatisPipelineUtilsThread] INFO  pipeline.PipelineStateManager (PipelineStateManager.java:addPipeline(56)) - Created pipeline Pipeline[ Id: e939727f-ea19-424b-845a-0216f39d9076, Nodes: 4840c00f-91d3-4881-a20b-4d0486ca97c0{ip: 192.168.36.99, host: pr-hdds-1569-p5fx8-1226042367, networkLocation: /default-rack, certSerialId: null}, Type:RATIS, Factor:ONE, State:OPEN]
2019-09-20 09:27:00,686 [grpc-default-executor-1] INFO  impl.RaftServerProxy (RaftServerProxy.java:addNew(89)) - 02b93e76-e4c6-4b67-b8a4-c536d9ab7224: addNew group-6193B43AE77D:[02b93e76-e4c6-4b67-b8a4-c536d9ab7224:192.168.36.99:39343] returns group-6193B43AE77D:java.util.concurrent.CompletableFuture@266b285[Not completed]
2019-09-20 09:27:00,688 [pool-27-thread-1] INFO  impl.RaftServerImpl (RaftServerImpl.java:<init>(93)) - 02b93e76-e4c6-4b67-b8a4-c536d9ab7224: new RaftServerImpl for group-6193B43AE77D:[02b93e76-e4c6-4b67-b8a4-c536d9ab7224:192.168.36.99:39343] with ContainerStateMachine:uninitialized
2019-09-20 09:27:00,688 [pool-27-thread-1] INFO  server.RaftServerConfigKeys (ConfUtils.java:logGet(43)) - raft.server.rpc.timeout.min = 5s (custom)
2019-09-20 09:27:00,688 [pool-27-thread-1] INFO  server.RaftServerConfigKeys (ConfUtils.java:logGet(43)) - raft.server.rpc.timeout.max = 5200ms (custom)
2019-09-20 09:27:00,688 [pool-27-thread-1] INFO  server.RaftServerConfigKeys (ConfUtils.java:logGet(43)) - raft.server.rpcslowness.timeout = 10s (custom)
2019-09-20 09:27:00,688 [pool-27-thread-1] INFO  server.RaftServerConfigKeys (ConfUtils.java:logGet(43)) - raft.server.sleep.deviation.threshold = 300 (default)
2019-09-20 09:27:00,688 [pool-27-thread-1] INFO  server.RaftServerConfigKeys (ConfUtils.java:logGet(43)) - raft.server.log.appender.install.snapshot.enabled = false (custom)
2019-09-20 09:27:00,688 [pool-27-thread-1] INFO  impl.RaftServerImpl (ServerState.java:<init>(105)) - 02b93e76-e4c6-4b67-b8a4-c536d9ab7224:group-6193B43AE77D ConfigurationManager, init=-1: [02b93e76-e4c6-4b67-b8a4-c536d9ab7224:192.168.36.99:39343], old=null, confs=<EMPTY_MAP>
2019-09-20 09:27:00,689 [pool-27-thread-1] INFO  server.RaftServerConfigKeys (ConfUtils.java:logGet(43)) - raft.server.storage.dir = [/workdir/hadoop-ozone/integration-test/target/test-dir/MiniOzoneClusterImpl-a33d77e5-464b-4d19-8e6b-a171e580bf0e/datanode-0/data/ratis] (custom)
2019-09-20 09:27:00,689 [pool-27-thread-1] INFO  storage.RaftStorageDirectory (RaftStorageDirectory.java:analyzeStorage(246)) - The storage directory /workdir/hadoop-ozone/integration-test/target/test-dir/MiniOzoneClusterImpl-a33d77e5-464b-4d19-8e6b-a171e580bf0e/datanode-0/data/ratis/835ae1a7-52b3-454b-9057-6193b43ae77d does not exist. Creating ...
2019-09-20 09:27:00,710 [pool-27-thread-1] INFO  storage.RaftStorageDirectory (RaftStorageDirectory.java:tryLock(328)) - Lock on /workdir/hadoop-ozone/integration-test/target/test-dir/MiniOzoneClusterImpl-a33d77e5-464b-4d19-8e6b-a171e580bf0e/datanode-0/data/ratis/835ae1a7-52b3-454b-9057-6193b43ae77d/in_use.lock acquired by nodename 7145@pr-hdds-1569-p5fx8-1226042367
2019-09-20 09:27:00,721 [Thread-357] INFO  impl.FollowerState (FollowerState.java:run(106)) - 871e6485-c22a-483f-9e07-d19e754685be:group-9DAB98898A82 changes to CANDIDATE, lastRpcTime:5169, electionTimeout:5169ms
2019-09-20 09:27:00,721 [Thread-357] INFO  impl.RoleInfo (RoleInfo.java:shutdownFollowerState(121)) - 871e6485-c22a-483f-9e07-d19e754685be: shutdown FollowerState
2019-09-20 09:27:00,721 [Thread-357] INFO  impl.RaftServerImpl (RaftServerImpl.java:setRole(171)) - 871e6485-c22a-483f-9e07-d19e754685be:group-9DAB98898A82 changes role from FOLLOWER to CANDIDATE at term 0 for changeToCandidate
2019-09-20 09:27:00,721 [Thread-357] INFO  impl.RoleInfo (RoleInfo.java:updateAndGet(143)) - 871e6485-c22a-483f-9e07-d19e754685be: start LeaderElection
2019-09-20 09:27:00,727 [492ed782-6ab3-4ad9-945e-06def6ac7c96-SegmentedRaftLogWorker:Storage Directory /workdir/hadoop-ozone/integration-test/target/test-dir/MiniOzoneClusterImpl-a33d77e5-464b-4d19-8e6b-a171e580bf0e/datanode-2/data/ratis/1a961439-f00d-426b-b5af-cf5b3790042c] INFO  segmented.SegmentedRaftLogWorker (SegmentedRaftLogWorker.java:execute(569)) - 492ed782-6ab3-4ad9-945e-06def6ac7c96-SegmentedRaftLogWorker:Storage Directory /workdir/hadoop-ozone/integration-test/target/test-dir/MiniOzoneClusterImpl-a33d77e5-464b-4d19-8e6b-a171e580bf0e/datanode-2/data/ratis/1a961439-f00d-426b-b5af-cf5b3790042c: created new log segment /workdir/hadoop-ozone/integration-test/target/test-dir/MiniOzoneClusterImpl-a33d77e5-464b-4d19-8e6b-a171e580bf0e/datanode-2/data/ratis/1a961439-f00d-426b-b5af-cf5b3790042c/current/log_inprogress_0
2019-09-20 09:27:00,727 [492ed782-6ab3-4ad9-945e-06def6ac7c96-SegmentedRaftLogWorker:Storage Directory /workdir/hadoop-ozone/integration-test/target/test-dir/MiniOzoneClusterImpl-a33d77e5-464b-4d19-8e6b-a171e580bf0e/datanode-2/data/ratis/a8fb2c74-ef20-4dde-8c4f-d5ea17bd165b] INFO  segmented.SegmentedRaftLogWorker (SegmentedRaftLogWorker.java:execute(569)) - 492ed782-6ab3-4ad9-945e-06def6ac7c96-SegmentedRaftLogWorker:Storage Directory /workdir/hadoop-ozone/integration-test/target/test-dir/MiniOzoneClusterImpl-a33d77e5-464b-4d19-8e6b-a171e580bf0e/datanode-2/data/ratis/a8fb2c74-ef20-4dde-8c4f-d5ea17bd165b: created new log segment /workdir/hadoop-ozone/integration-test/target/test-dir/MiniOzoneClusterImpl-a33d77e5-464b-4d19-8e6b-a171e580bf0e/datanode-2/data/ratis/a8fb2c74-ef20-4dde-8c4f-d5ea17bd165b/current/log_inprogress_0
2019-09-20 09:27:00,740 [Thread-363] INFO  impl.FollowerState (FollowerState.java:run(106)) - 4840c00f-91d3-4881-a20b-4d0486ca97c0:group-3963726DF247 changes to CANDIDATE, lastRpcTime:5079, electionTimeout:5079ms
2019-09-20 09:27:00,740 [Thread-363] INFO  impl.RoleInfo (RoleInfo.java:shutdownFollowerState(121)) - 4840c00f-91d3-4881-a20b-4d0486ca97c0: shutdown FollowerState
2019-09-20 09:27:00,741 [Thread-363] INFO  impl.RaftServerImpl (RaftServerImpl.java:setRole(171)) - 4840c00f-91d3-4881-a20b-4d0486ca97c0:group-3963726DF247 changes role from FOLLOWER to CANDIDATE at term 0 for changeToCandidate
2019-09-20 09:27:00,741 [Thread-363] INFO  impl.RoleInfo (RoleInfo.java:updateAndGet(143)) - 4840c00f-91d3-4881-a20b-4d0486ca97c0: start LeaderElection
2019-09-20 09:27:00,744 [pool-27-thread-1] INFO  storage.RaftStorage (RaftStorage.java:format(72)) - Storage directory /workdir/hadoop-ozone/integration-test/target/test-dir/MiniOzoneClusterImpl-a33d77e5-464b-4d19-8e6b-a171e580bf0e/datanode-0/data/ratis/835ae1a7-52b3-454b-9057-6193b43ae77d has been successfully formatted.
2019-09-20 09:27:00,744 [871e6485-c22a-483f-9e07-d19e754685be:group-9DAB98898A82:LeaderElection46] INFO  impl.LeaderElection (LeaderElection.java:askForVotes(181)) - 871e6485-c22a-483f-9e07-d19e754685be:group-9DAB98898A82:LeaderElection46: begin an election at term 1 for -1: [871e6485-c22a-483f-9e07-d19e754685be:192.168.36.99:41076], old=null
2019-09-20 09:27:00,744 [pool-27-thread-1] INFO  ratis.ContainerStateMachine (ContainerStateMachine.java:loadSnapshot(226)) - group-6193B43AE77D: The snapshot info is null. Setting the last applied indexto:(t:0, i:~)
2019-09-20 09:27:00,745 [871e6485-c22a-483f-9e07-d19e754685be:group-9DAB98898A82:LeaderElection46] INFO  impl.RoleInfo (RoleInfo.java:shutdownLeaderElection(134)) - 871e6485-c22a-483f-9e07-d19e754685be: shutdown LeaderElection
2019-09-20 09:27:00,745 [pool-27-thread-1] INFO  server.RaftServerConfigKeys (ConfUtils.java:logGet(43)) - raft.server.leader.election.timeout = 10s (custom)
2019-09-20 09:27:00,745 [871e6485-c22a-483f-9e07-d19e754685be:group-9DAB98898A82:LeaderElection46] INFO  impl.RaftServerImpl (RaftServerImpl.java:setRole(171)) - 871e6485-c22a-483f-9e07-d19e754685be:group-9DAB98898A82 changes role from CANDIDATE to LEADER at term 1 for changeToLeader
2019-09-20 09:27:00,745 [pool-27-thread-1] INFO  server.RaftServerConfigKeys (ConfUtils.java:logGet(43)) - raft.server.log.use.memory = false (default)
2019-09-20 09:27:00,745 [871e6485-c22a-483f-9e07-d19e754685be:group-9DAB98898A82:LeaderElection46] INFO  impl.RaftServerImpl (ServerState.java:setLeader(263)) - 871e6485-c22a-483f-9e07-d19e754685be:group-9DAB98898A82 change Leader from null to 871e6485-c22a-483f-9e07-d19e754685be at term 1 for becomeLeader, leader elected after 5198ms
2019-09-20 09:27:00,745 [pool-27-thread-1] INFO  server.RaftServerConfigKeys (ConfUtils.java:logGet(43)) - raft.server.log.purge.gap = 1000000 (custom)
2019-09-20 09:27:00,745 [871e6485-c22a-483f-9e07-d19e754685be:group-9DAB98898A82:LeaderElection46] INFO  server.RaftServerConfigKeys (ConfUtils.java:logGet(43)) - raft.server.staging.catchup.gap = 1000 (default)
2019-09-20 09:27:00,746 [pool-27-thread-1] INFO  server.RaftServerConfigKeys (ConfUtils.java:logGet(43)) - raft.server.log.appender.buffer.byte-limit = 33554432 (custom)
2019-09-20 09:27:00,746 [871e6485-c22a-483f-9e07-d19e754685be:group-9DAB98898A82:LeaderElection46] INFO  server.RaftServerConfigKeys (ConfUtils.java:logGet(43)) - raft.server.rpc.sleep.time = 25ms (default)
2019-09-20 09:27:00,746 [pool-27-thread-1] INFO  server.RaftServerConfigKeys (ConfUtils.java:logGet(43)) - raft.server.log.segment.size.max = 1048576 (custom)
2019-09-20 09:27:00,746 [871e6485-c22a-483f-9e07-d19e754685be:group-9DAB98898A82:LeaderElection46] INFO  server.RaftServerConfigKeys (ConfUtils.java:logGet(43)) - raft.server.write.element-limit = 4096 (default)
2019-09-20 09:27:00,746 [pool-27-thread-1] INFO  server.RaftServerConfigKeys (ConfUtils.java:logGet(43)) - raft.server.log.segment.cache.num.max = 2 (custom)
2019-09-20 09:27:00,746 [871e6485-c22a-483f-9e07-d19e754685be:group-9DAB98898A82:LeaderElection46] INFO  server.RaftServerConfigKeys (ConfUtils.java:logGet(43)) - raft.server.watch.timeout = 10s (default)
2019-09-20 09:27:00,746 [pool-27-thread-1] INFO  segmented.SegmentedRaftLogWorker (SegmentedRaftLogWorker.java:<init>(172)) - new 02b93e76-e4c6-4b67-b8a4-c536d9ab7224-SegmentedRaftLogWorker:Storage Directory /workdir/hadoop-ozone/integration-test/target/test-dir/MiniOzoneClusterImpl-a33d77e5-464b-4d19-8e6b-a171e580bf0e/datanode-0/data/ratis/835ae1a7-52b3-454b-9057-6193b43ae77d for RaftStorage:Storage Directory /workdir/hadoop-ozone/integration-test/target/test-dir/MiniOzoneClusterImpl-a33d77e5-464b-4d19-8e6b-a171e580bf0e/datanode-0/data/ratis/835ae1a7-52b3-454b-9057-6193b43ae77d
2019-09-20 09:27:00,747 [871e6485-c22a-483f-9e07-d19e754685be:group-9DAB98898A82:LeaderElection46] INFO  server.RaftServerConfigKeys (ConfUtils.java:logGet(43)) - raft.server.watch.timeout.denomination = 1s (default)
2019-09-20 09:27:00,747 [pool-27-thread-1] INFO  server.RaftServerConfigKeys (ConfUtils.java:logGet(43)) - raft.server.log.queue.byte-limit = 2147483647 (custom)
2019-09-20 09:27:00,747 [871e6485-c22a-483f-9e07-d19e754685be:group-9DAB98898A82:LeaderElection46] INFO  server.RaftServerConfigKeys (ConfUtils.java:logGet(43)) - raft.server.watch.element-limit = 65536 (default)
2019-09-20 09:27:00,747 [pool-27-thread-1] INFO  server.RaftServerConfigKeys (ConfUtils.java:logGet(43)) - raft.server.log.queue.element-limit = 1024 (custom)
2019-09-20 09:27:00,747 [pool-27-thread-1] INFO  server.RaftServerConfigKeys (ConfUtils.java:logGet(43)) - raft.server.log.segment.size.max = 1048576 (custom)
2019-09-20 09:27:00,747 [871e6485-c22a-483f-9e07-d19e754685be:group-9DAB98898A82:LeaderElection46] INFO  impl.RoleInfo (RoleInfo.java:updateAndGet(143)) - 871e6485-c22a-483f-9e07-d19e754685be: start LeaderState
2019-09-20 09:27:00,748 [pool-27-thread-1] INFO  server.RaftServerConfigKeys (ConfUtils.java:logGet(43)) - raft.server.log.preallocated.size = 16384 (custom)
2019-09-20 09:27:00,748 [pool-27-thread-1] INFO  server.RaftServerConfigKeys (ConfUtils.java:logGet(43)) - raft.server.log.write.buffer.size = 33554432 (custom)
2019-09-20 09:27:00,748 [871e6485-c22a-483f-9e07-d19e754685be:group-9DAB98898A82:LeaderElection46] INFO  segmented.SegmentedRaftLogWorker (SegmentedRaftLogWorker.java:startLogSegment(380)) - 871e6485-c22a-483f-9e07-d19e754685be-SegmentedRaftLogWorker:Storage Directory /workdir/hadoop-ozone/integration-test/target/test-dir/MiniOzoneClusterImpl-a33d77e5-464b-4d19-8e6b-a171e580bf0e/datanode-4/data/ratis/40185839-904f-41b9-9ce0-9dab98898a82: Starting segment from index:0
2019-09-20 09:27:00,748 [pool-27-thread-1] INFO  server.RaftServerConfigKeys (ConfUtils.java:logGet(43)) - raft.server.log.force.sync.num = 128 (default)
2019-09-20 09:27:00,748 [pool-27-thread-1] INFO  server.RaftServerConfigKeys (ConfUtils.java:logGet(43)) - raft.server.log.statemachine.data.sync = true (default)
2019-09-20 09:27:00,748 [pool-27-thread-1] INFO  server.RaftServerConfigKeys (ConfUtils.java:logGet(43)) - raft.server.log.statemachine.data.sync.timeout = 10s (default)
2019-09-20 09:27:00,749 [pool-27-thread-1] INFO  server.RaftServerConfigKeys (ConfUtils.java:logGet(43)) - raft.server.log.statemachine.data.sync.timeout.retry = -1 (default)
2019-09-20 09:27:00,749 [871e6485-c22a-483f-9e07-d19e754685be:group-9DAB98898A82:LeaderElection46] INFO  impl.RaftServerImpl (ServerState.java:setRaftConf(361)) - 871e6485-c22a-483f-9e07-d19e754685be:group-9DAB98898A82 set configuration 0: [871e6485-c22a-483f-9e07-d19e754685be:192.168.36.99:41076], old=null at 0
2019-09-20 09:27:00,749 [pool-27-thread-1] INFO  server.RaftServerConfigKeys (ConfUtils.java:logGet(43)) - raft.server.log.statemachine.data.caching.enabled = true (custom)
2019-09-20 09:27:00,749 [pool-27-thread-1] INFO  segmented.SegmentedRaftLogWorker (SegmentedRaftLogWorker.java:lambda$new$0(132)) - 02b93e76-e4c6-4b67-b8a4-c536d9ab7224-SegmentedRaftLogWorker:Storage Directory /workdir/hadoop-ozone/integration-test/target/test-dir/MiniOzoneClusterImpl-a33d77e5-464b-4d19-8e6b-a171e580bf0e/datanode-0/data/ratis/835ae1a7-52b3-454b-9057-6193b43ae77d: flushIndex: setUnconditionally 0 -> -1
2019-09-20 09:27:00,749 [pool-27-thread-1] INFO  server.RaftServerConfigKeys (ConfUtils.java:logGet(43)) - raft.server.snapshot.auto.trigger.enabled = true (custom)
2019-09-20 09:27:00,750 [pool-27-thread-1] INFO  server.RaftServerConfigKeys (ConfUtils.java:logGet(43)) - raft.server.snapshot.auto.trigger.threshold = 10000 (custom)
2019-09-20 09:27:00,750 [pool-27-thread-1] INFO  server.RaftServerConfigKeys (ConfUtils.java:logGet(43)) - raft.server.retrycache.expirytime = 600000ms (custom)
2019-09-20 09:27:00,750 [pool-27-thread-1] INFO  impl.RaftServerImpl (RaftServerImpl.java:start(180)) - 02b93e76-e4c6-4b67-b8a4-c536d9ab7224: start group-6193B43AE77D
2019-09-20 09:27:00,750 [pool-27-thread-1] INFO  impl.RaftServerImpl (RaftServerImpl.java:setRole(171)) - 02b93e76-e4c6-4b67-b8a4-c536d9ab7224:group-6193B43AE77D changes role from null to FOLLOWER at term 0 for startAsFollower
2019-09-20 09:27:00,750 [pool-27-thread-1] INFO  impl.RoleInfo (RoleInfo.java:updateAndGet(143)) - 02b93e76-e4c6-4b67-b8a4-c536d9ab7224: start FollowerState
2019-09-20 09:27:00,751 [pool-27-thread-1] INFO  util.JmxRegister (JmxRegister.java:tryRegister(44)) - Successfully registered JMX Bean with object name Ratis:service=RaftServer,group=group-6193B43AE77D,id=02b93e76-e4c6-4b67-b8a4-c536d9ab7224
2019-09-20 09:27:00,754 [RatisPipelineUtilsThread] INFO  pipeline.PipelineStateManager (PipelineStateManager.java:addPipeline(56)) - Created pipeline Pipeline[ Id: 835ae1a7-52b3-454b-9057-6193b43ae77d, Nodes: 02b93e76-e4c6-4b67-b8a4-c536d9ab7224{ip: 192.168.36.99, host: pr-hdds-1569-p5fx8-1226042367, networkLocation: /default-rack, certSerialId: null}, Type:RATIS, Factor:ONE, State:OPEN]
2019-09-20 09:27:00,760 [grpc-default-executor-1] INFO  impl.RaftServerProxy (RaftServerProxy.java:addNew(89)) - 871e6485-c22a-483f-9e07-d19e754685be: addNew group-F286CD3DD3B8:[871e6485-c22a-483f-9e07-d19e754685be:192.168.36.99:41076] returns group-F286CD3DD3B8:java.util.concurrent.CompletableFuture@27b03641[Not completed]
2019-09-20 09:27:00,763 [pool-71-thread-1] INFO  impl.RaftServerImpl (RaftServerImpl.java:<init>(93)) - 871e6485-c22a-483f-9e07-d19e754685be: new RaftServerImpl for group-F286CD3DD3B8:[871e6485-c22a-483f-9e07-d19e754685be:192.168.36.99:41076] with ContainerStateMachine:uninitialized
2019-09-20 09:27:00,763 [pool-71-thread-1] INFO  server.RaftServerConfigKeys (ConfUtils.java:logGet(43)) - raft.server.rpc.timeout.min = 5s (custom)
2019-09-20 09:27:00,763 [pool-71-thread-1] INFO  server.RaftServerConfigKeys (ConfUtils.java:logGet(43)) - raft.server.rpc.timeout.max = 5200ms (custom)
2019-09-20 09:27:00,763 [pool-71-thread-1] INFO  server.RaftServerConfigKeys (ConfUtils.java:logGet(43)) - raft.server.rpcslowness.timeout = 10s (custom)
2019-09-20 09:27:00,763 [pool-71-thread-1] INFO  server.RaftServerConfigKeys (ConfUtils.java:logGet(43)) - raft.server.sleep.deviation.threshold = 300 (default)
2019-09-20 09:27:00,763 [pool-71-thread-1] INFO  server.RaftServerConfigKeys (ConfUtils.java:logGet(43)) - raft.server.log.appender.install.snapshot.enabled = false (custom)
2019-09-20 09:27:00,764 [pool-71-thread-1] INFO  impl.RaftServerImpl (ServerState.java:<init>(105)) - 871e6485-c22a-483f-9e07-d19e754685be:group-F286CD3DD3B8 ConfigurationManager, init=-1: [871e6485-c22a-483f-9e07-d19e754685be:192.168.36.99:41076], old=null, confs=<EMPTY_MAP>
2019-09-20 09:27:00,764 [pool-71-thread-1] INFO  server.RaftServerConfigKeys (ConfUtils.java:logGet(43)) - raft.server.storage.dir = [/workdir/hadoop-ozone/integration-test/target/test-dir/MiniOzoneClusterImpl-a33d77e5-464b-4d19-8e6b-a171e580bf0e/datanode-4/data/ratis] (custom)
2019-09-20 09:27:00,765 [pool-71-thread-1] INFO  storage.RaftStorageDirectory (RaftStorageDirectory.java:analyzeStorage(246)) - The storage directory /workdir/hadoop-ozone/integration-test/target/test-dir/MiniOzoneClusterImpl-a33d77e5-464b-4d19-8e6b-a171e580bf0e/datanode-4/data/ratis/6cfb6e6d-8cca-4605-9a44-f286cd3dd3b8 does not exist. Creating ...
2019-09-20 09:27:00,787 [pool-71-thread-1] INFO  storage.RaftStorageDirectory (RaftStorageDirectory.java:tryLock(328)) - Lock on /workdir/hadoop-ozone/integration-test/target/test-dir/MiniOzoneClusterImpl-a33d77e5-464b-4d19-8e6b-a171e580bf0e/datanode-4/data/ratis/6cfb6e6d-8cca-4605-9a44-f286cd3dd3b8/in_use.lock acquired by nodename 7145@pr-hdds-1569-p5fx8-1226042367
2019-09-20 09:27:00,787 [4840c00f-91d3-4881-a20b-4d0486ca97c0:group-3963726DF247:LeaderElection47] INFO  impl.LeaderElection (LeaderElection.java:askForVotes(181)) - 4840c00f-91d3-4881-a20b-4d0486ca97c0:group-3963726DF247:LeaderElection47: begin an election at term 1 for -1: [4840c00f-91d3-4881-a20b-4d0486ca97c0:192.168.36.99:41473], old=null
2019-09-20 09:27:00,787 [4840c00f-91d3-4881-a20b-4d0486ca97c0:group-3963726DF247:LeaderElection47] INFO  impl.RoleInfo (RoleInfo.java:shutdownLeaderElection(134)) - 4840c00f-91d3-4881-a20b-4d0486ca97c0: shutdown LeaderElection
2019-09-20 09:27:00,787 [4840c00f-91d3-4881-a20b-4d0486ca97c0:group-3963726DF247:LeaderElection47] INFO  impl.RaftServerImpl (RaftServerImpl.java:setRole(171)) - 4840c00f-91d3-4881-a20b-4d0486ca97c0:group-3963726DF247 changes role from CANDIDATE to LEADER at term 1 for changeToLeader
2019-09-20 09:27:00,787 [4840c00f-91d3-4881-a20b-4d0486ca97c0:group-3963726DF247:LeaderElection47] INFO  impl.RaftServerImpl (ServerState.java:setLeader(263)) - 4840c00f-91d3-4881-a20b-4d0486ca97c0:group-3963726DF247 change Leader from null to 4840c00f-91d3-4881-a20b-4d0486ca97c0 at term 1 for becomeLeader, leader elected after 5131ms
2019-09-20 09:27:00,788 [4840c00f-91d3-4881-a20b-4d0486ca97c0:group-3963726DF247:LeaderElection47] INFO  server.RaftServerConfigKeys (ConfUtils.java:logGet(43)) - raft.server.staging.catchup.gap = 1000 (default)
2019-09-20 09:27:00,788 [4840c00f-91d3-4881-a20b-4d0486ca97c0:group-3963726DF247:LeaderElection47] INFO  server.RaftServerConfigKeys (ConfUtils.java:logGet(43)) - raft.server.rpc.sleep.time = 25ms (default)
2019-09-20 09:27:00,788 [4840c00f-91d3-4881-a20b-4d0486ca97c0:group-3963726DF247:LeaderElection47] INFO  server.RaftServerConfigKeys (ConfUtils.java:logGet(43)) - raft.server.write.element-limit = 4096 (default)
2019-09-20 09:27:00,788 [4840c00f-91d3-4881-a20b-4d0486ca97c0:group-3963726DF247:LeaderElection47] INFO  server.RaftServerConfigKeys (ConfUtils.java:logGet(43)) - raft.server.watch.timeout = 10s (default)
2019-09-20 09:27:00,788 [4840c00f-91d3-4881-a20b-4d0486ca97c0:group-3963726DF247:LeaderElection47] INFO  server.RaftServerConfigKeys (ConfUtils.java:logGet(43)) - raft.server.watch.timeout.denomination = 1s (default)
2019-09-20 09:27:00,788 [4840c00f-91d3-4881-a20b-4d0486ca97c0:group-3963726DF247:LeaderElection47] INFO  server.RaftServerConfigKeys (ConfUtils.java:logGet(43)) - raft.server.watch.element-limit = 65536 (default)
2019-09-20 09:27:00,789 [4840c00f-91d3-4881-a20b-4d0486ca97c0:group-3963726DF247:LeaderElection47] INFO  impl.RoleInfo (RoleInfo.java:updateAndGet(143)) - 4840c00f-91d3-4881-a20b-4d0486ca97c0: start LeaderState
2019-09-20 09:27:00,789 [4840c00f-91d3-4881-a20b-4d0486ca97c0:group-3963726DF247:LeaderElection47] INFO  segmented.SegmentedRaftLogWorker (SegmentedRaftLogWorker.java:startLogSegment(380)) - 4840c00f-91d3-4881-a20b-4d0486ca97c0-SegmentedRaftLogWorker:Storage Directory /workdir/hadoop-ozone/integration-test/target/test-dir/MiniOzoneClusterImpl-a33d77e5-464b-4d19-8e6b-a171e580bf0e/datanode-3/data/ratis/e6e92043-5780-4792-8c3b-3963726df247: Starting segment from index:0
2019-09-20 09:27:00,790 [4840c00f-91d3-4881-a20b-4d0486ca97c0:group-3963726DF247:LeaderElection47] INFO  impl.RaftServerImpl (ServerState.java:setRaftConf(361)) - 4840c00f-91d3-4881-a20b-4d0486ca97c0:group-3963726DF247 set configuration 0: [4840c00f-91d3-4881-a20b-4d0486ca97c0:192.168.36.99:41473], old=null at 0
2019-09-20 09:27:00,829 [871e6485-c22a-483f-9e07-d19e754685be-SegmentedRaftLogWorker:Storage Directory /workdir/hadoop-ozone/integration-test/target/test-dir/MiniOzoneClusterImpl-a33d77e5-464b-4d19-8e6b-a171e580bf0e/datanode-4/data/ratis/40185839-904f-41b9-9ce0-9dab98898a82] INFO  segmented.SegmentedRaftLogWorker (SegmentedRaftLogWorker.java:execute(569)) - 871e6485-c22a-483f-9e07-d19e754685be-SegmentedRaftLogWorker:Storage Directory /workdir/hadoop-ozone/integration-test/target/test-dir/MiniOzoneClusterImpl-a33d77e5-464b-4d19-8e6b-a171e580bf0e/datanode-4/data/ratis/40185839-904f-41b9-9ce0-9dab98898a82: created new log segment /workdir/hadoop-ozone/integration-test/target/test-dir/MiniOzoneClusterImpl-a33d77e5-464b-4d19-8e6b-a171e580bf0e/datanode-4/data/ratis/40185839-904f-41b9-9ce0-9dab98898a82/current/log_inprogress_0
2019-09-20 09:27:00,829 [pool-71-thread-1] INFO  storage.RaftStorage (RaftStorage.java:format(72)) - Storage directory /workdir/hadoop-ozone/integration-test/target/test-dir/MiniOzoneClusterImpl-a33d77e5-464b-4d19-8e6b-a171e580bf0e/datanode-4/data/ratis/6cfb6e6d-8cca-4605-9a44-f286cd3dd3b8 has been successfully formatted.
2019-09-20 09:27:00,829 [pool-71-thread-1] INFO  ratis.ContainerStateMachine (ContainerStateMachine.java:loadSnapshot(226)) - group-F286CD3DD3B8: The snapshot info is null. Setting the last applied indexto:(t:0, i:~)
2019-09-20 09:27:00,830 [pool-71-thread-1] INFO  server.RaftServerConfigKeys (ConfUtils.java:logGet(43)) - raft.server.leader.election.timeout = 10s (custom)
2019-09-20 09:27:00,830 [pool-71-thread-1] INFO  server.RaftServerConfigKeys (ConfUtils.java:logGet(43)) - raft.server.log.use.memory = false (default)
2019-09-20 09:27:00,830 [pool-71-thread-1] INFO  server.RaftServerConfigKeys (ConfUtils.java:logGet(43)) - raft.server.log.purge.gap = 1000000 (custom)
2019-09-20 09:27:00,830 [pool-71-thread-1] INFO  server.RaftServerConfigKeys (ConfUtils.java:logGet(43)) - raft.server.log.appender.buffer.byte-limit = 33554432 (custom)
2019-09-20 09:27:00,830 [pool-71-thread-1] INFO  server.RaftServerConfigKeys (ConfUtils.java:logGet(43)) - raft.server.log.segment.size.max = 1048576 (custom)
2019-09-20 09:27:00,830 [pool-71-thread-1] INFO  server.RaftServerConfigKeys (ConfUtils.java:logGet(43)) - raft.server.log.segment.cache.num.max = 2 (custom)
2019-09-20 09:27:00,831 [pool-71-thread-1] INFO  segmented.SegmentedRaftLogWorker (SegmentedRaftLogWorker.java:<init>(172)) - new 871e6485-c22a-483f-9e07-d19e754685be-SegmentedRaftLogWorker:Storage Directory /workdir/hadoop-ozone/integration-test/target/test-dir/MiniOzoneClusterImpl-a33d77e5-464b-4d19-8e6b-a171e580bf0e/datanode-4/data/ratis/6cfb6e6d-8cca-4605-9a44-f286cd3dd3b8 for RaftStorage:Storage Directory /workdir/hadoop-ozone/integration-test/target/test-dir/MiniOzoneClusterImpl-a33d77e5-464b-4d19-8e6b-a171e580bf0e/datanode-4/data/ratis/6cfb6e6d-8cca-4605-9a44-f286cd3dd3b8
2019-09-20 09:27:00,831 [pool-71-thread-1] INFO  server.RaftServerConfigKeys (ConfUtils.java:logGet(43)) - raft.server.log.queue.byte-limit = 2147483647 (custom)
2019-09-20 09:27:00,831 [pool-71-thread-1] INFO  server.RaftServerConfigKeys (ConfUtils.java:logGet(43)) - raft.server.log.queue.element-limit = 1024 (custom)
2019-09-20 09:27:00,831 [pool-71-thread-1] INFO  server.RaftServerConfigKeys (ConfUtils.java:logGet(43)) - raft.server.log.segment.size.max = 1048576 (custom)
2019-09-20 09:27:00,831 [pool-71-thread-1] INFO  server.RaftServerConfigKeys (ConfUtils.java:logGet(43)) - raft.server.log.preallocated.size = 16384 (custom)
2019-09-20 09:27:00,832 [pool-71-thread-1] INFO  server.RaftServerConfigKeys (ConfUtils.java:logGet(43)) - raft.server.log.write.buffer.size = 33554432 (custom)
2019-09-20 09:27:00,832 [pool-71-thread-1] INFO  server.RaftServerConfigKeys (ConfUtils.java:logGet(43)) - raft.server.log.force.sync.num = 128 (default)
2019-09-20 09:27:00,832 [pool-71-thread-1] INFO  server.RaftServerConfigKeys (ConfUtils.java:logGet(43)) - raft.server.log.statemachine.data.sync = true (default)
2019-09-20 09:27:00,832 [pool-71-thread-1] INFO  server.RaftServerConfigKeys (ConfUtils.java:logGet(43)) - raft.server.log.statemachine.data.sync.timeout = 10s (default)
2019-09-20 09:27:00,832 [pool-71-thread-1] INFO  server.RaftServerConfigKeys (ConfUtils.java:logGet(43)) - raft.server.log.statemachine.data.sync.timeout.retry = -1 (default)
2019-09-20 09:27:00,832 [pool-71-thread-1] INFO  server.RaftServerConfigKeys (ConfUtils.java:logGet(43)) - raft.server.log.statemachine.data.caching.enabled = true (custom)
2019-09-20 09:27:00,833 [pool-71-thread-1] INFO  segmented.SegmentedRaftLogWorker (SegmentedRaftLogWorker.java:lambda$new$0(132)) - 871e6485-c22a-483f-9e07-d19e754685be-SegmentedRaftLogWorker:Storage Directory /workdir/hadoop-ozone/integration-test/target/test-dir/MiniOzoneClusterImpl-a33d77e5-464b-4d19-8e6b-a171e580bf0e/datanode-4/data/ratis/6cfb6e6d-8cca-4605-9a44-f286cd3dd3b8: flushIndex: setUnconditionally 0 -> -1
2019-09-20 09:27:00,833 [pool-71-thread-1] INFO  server.RaftServerConfigKeys (ConfUtils.java:logGet(43)) - raft.server.snapshot.auto.trigger.enabled = true (custom)
2019-09-20 09:27:00,833 [pool-71-thread-1] INFO  server.RaftServerConfigKeys (ConfUtils.java:logGet(43)) - raft.server.snapshot.auto.trigger.threshold = 10000 (custom)
2019-09-20 09:27:00,834 [pool-71-thread-1] INFO  server.RaftServerConfigKeys (ConfUtils.java:logGet(43)) - raft.server.retrycache.expirytime = 600000ms (custom)
2019-09-20 09:27:00,834 [pool-71-thread-1] INFO  impl.RaftServerImpl (RaftServerImpl.java:start(180)) - 871e6485-c22a-483f-9e07-d19e754685be: start group-F286CD3DD3B8
2019-09-20 09:27:00,834 [pool-71-thread-1] INFO  impl.RaftServerImpl (RaftServerImpl.java:setRole(171)) - 871e6485-c22a-483f-9e07-d19e754685be:group-F286CD3DD3B8 changes role from null to FOLLOWER at term 0 for startAsFollower
2019-09-20 09:27:00,834 [pool-71-thread-1] INFO  impl.RoleInfo (RoleInfo.java:updateAndGet(143)) - 871e6485-c22a-483f-9e07-d19e754685be: start FollowerState
2019-09-20 09:27:00,835 [pool-71-thread-1] INFO  util.JmxRegister (JmxRegister.java:tryRegister(44)) - Successfully registered JMX Bean with object name Ratis:service=RaftServer,group=group-F286CD3DD3B8,id=871e6485-c22a-483f-9e07-d19e754685be
2019-09-20 09:27:00,838 [RatisPipelineUtilsThread] INFO  pipeline.PipelineStateManager (PipelineStateManager.java:addPipeline(56)) - Created pipeline Pipeline[ Id: 6cfb6e6d-8cca-4605-9a44-f286cd3dd3b8, Nodes: 871e6485-c22a-483f-9e07-d19e754685be{ip: 192.168.36.99, host: pr-hdds-1569-p5fx8-1226042367, networkLocation: /default-rack, certSerialId: null}, Type:RATIS, Factor:ONE, State:OPEN]
2019-09-20 09:27:00,845 [grpc-default-executor-1] INFO  impl.RaftServerProxy (RaftServerProxy.java:addNew(89)) - 871e6485-c22a-483f-9e07-d19e754685be: addNew group-953E3776DFC8:[871e6485-c22a-483f-9e07-d19e754685be:192.168.36.99:41076] returns group-953E3776DFC8:java.util.concurrent.CompletableFuture@7cdb787b[Not completed]
2019-09-20 09:27:00,847 [pool-71-thread-1] INFO  impl.RaftServerImpl (RaftServerImpl.java:<init>(93)) - 871e6485-c22a-483f-9e07-d19e754685be: new RaftServerImpl for group-953E3776DFC8:[871e6485-c22a-483f-9e07-d19e754685be:192.168.36.99:41076] with ContainerStateMachine:uninitialized
2019-09-20 09:27:00,848 [pool-71-thread-1] INFO  server.RaftServerConfigKeys (ConfUtils.java:logGet(43)) - raft.server.rpc.timeout.min = 5s (custom)
2019-09-20 09:27:00,848 [pool-71-thread-1] INFO  server.RaftServerConfigKeys (ConfUtils.java:logGet(43)) - raft.server.rpc.timeout.max = 5200ms (custom)
2019-09-20 09:27:00,848 [pool-71-thread-1] INFO  server.RaftServerConfigKeys (ConfUtils.java:logGet(43)) - raft.server.rpcslowness.timeout = 10s (custom)
2019-09-20 09:27:00,848 [pool-71-thread-1] INFO  server.RaftServerConfigKeys (ConfUtils.java:logGet(43)) - raft.server.sleep.deviation.threshold = 300 (default)
2019-09-20 09:27:00,848 [pool-71-thread-1] INFO  server.RaftServerConfigKeys (ConfUtils.java:logGet(43)) - raft.server.log.appender.install.snapshot.enabled = false (custom)
2019-09-20 09:27:00,848 [pool-71-thread-1] INFO  impl.RaftServerImpl (ServerState.java:<init>(105)) - 871e6485-c22a-483f-9e07-d19e754685be:group-953E3776DFC8 ConfigurationManager, init=-1: [871e6485-c22a-483f-9e07-d19e754685be:192.168.36.99:41076], old=null, confs=<EMPTY_MAP>
2019-09-20 09:27:00,849 [pool-71-thread-1] INFO  server.RaftServerConfigKeys (ConfUtils.java:logGet(43)) - raft.server.storage.dir = [/workdir/hadoop-ozone/integration-test/target/test-dir/MiniOzoneClusterImpl-a33d77e5-464b-4d19-8e6b-a171e580bf0e/datanode-4/data/ratis] (custom)
2019-09-20 09:27:00,849 [pool-71-thread-1] INFO  storage.RaftStorageDirectory (RaftStorageDirectory.java:analyzeStorage(246)) - The storage directory /workdir/hadoop-ozone/integration-test/target/test-dir/MiniOzoneClusterImpl-a33d77e5-464b-4d19-8e6b-a171e580bf0e/datanode-4/data/ratis/6a2824d1-ead6-4874-957a-953e3776dfc8 does not exist. Creating ...
2019-09-20 09:27:00,854 [4840c00f-91d3-4881-a20b-4d0486ca97c0-SegmentedRaftLogWorker:Storage Directory /workdir/hadoop-ozone/integration-test/target/test-dir/MiniOzoneClusterImpl-a33d77e5-464b-4d19-8e6b-a171e580bf0e/datanode-3/data/ratis/e6e92043-5780-4792-8c3b-3963726df247] INFO  segmented.SegmentedRaftLogWorker (SegmentedRaftLogWorker.java:execute(569)) - 4840c00f-91d3-4881-a20b-4d0486ca97c0-SegmentedRaftLogWorker:Storage Directory /workdir/hadoop-ozone/integration-test/target/test-dir/MiniOzoneClusterImpl-a33d77e5-464b-4d19-8e6b-a171e580bf0e/datanode-3/data/ratis/e6e92043-5780-4792-8c3b-3963726df247: created new log segment /workdir/hadoop-ozone/integration-test/target/test-dir/MiniOzoneClusterImpl-a33d77e5-464b-4d19-8e6b-a171e580bf0e/datanode-3/data/ratis/e6e92043-5780-4792-8c3b-3963726df247/current/log_inprogress_0
2019-09-20 09:27:00,871 [pool-71-thread-1] INFO  storage.RaftStorageDirectory (RaftStorageDirectory.java:tryLock(328)) - Lock on /workdir/hadoop-ozone/integration-test/target/test-dir/MiniOzoneClusterImpl-a33d77e5-464b-4d19-8e6b-a171e580bf0e/datanode-4/data/ratis/6a2824d1-ead6-4874-957a-953e3776dfc8/in_use.lock acquired by nodename 7145@pr-hdds-1569-p5fx8-1226042367
2019-09-20 09:27:00,888 [pool-71-thread-1] INFO  storage.RaftStorage (RaftStorage.java:format(72)) - Storage directory /workdir/hadoop-ozone/integration-test/target/test-dir/MiniOzoneClusterImpl-a33d77e5-464b-4d19-8e6b-a171e580bf0e/datanode-4/data/ratis/6a2824d1-ead6-4874-957a-953e3776dfc8 has been successfully formatted.
2019-09-20 09:27:00,889 [pool-71-thread-1] INFO  ratis.ContainerStateMachine (ContainerStateMachine.java:loadSnapshot(226)) - group-953E3776DFC8: The snapshot info is null. Setting the last applied indexto:(t:0, i:~)
2019-09-20 09:27:00,889 [pool-71-thread-1] INFO  server.RaftServerConfigKeys (ConfUtils.java:logGet(43)) - raft.server.leader.election.timeout = 10s (custom)
2019-09-20 09:27:00,889 [pool-71-thread-1] INFO  server.RaftServerConfigKeys (ConfUtils.java:logGet(43)) - raft.server.log.use.memory = false (default)
2019-09-20 09:27:00,889 [pool-71-thread-1] INFO  server.RaftServerConfigKeys (ConfUtils.java:logGet(43)) - raft.server.log.purge.gap = 1000000 (custom)
2019-09-20 09:27:00,889 [pool-71-thread-1] INFO  server.RaftServerConfigKeys (ConfUtils.java:logGet(43)) - raft.server.log.appender.buffer.byte-limit = 33554432 (custom)
2019-09-20 09:27:00,890 [pool-71-thread-1] INFO  server.RaftServerConfigKeys (ConfUtils.java:logGet(43)) - raft.server.log.segment.size.max = 1048576 (custom)
2019-09-20 09:27:00,890 [pool-71-thread-1] INFO  server.RaftServerConfigKeys (ConfUtils.java:logGet(43)) - raft.server.log.segment.cache.num.max = 2 (custom)
2019-09-20 09:27:00,890 [pool-71-thread-1] INFO  segmented.SegmentedRaftLogWorker (SegmentedRaftLogWorker.java:<init>(172)) - new 871e6485-c22a-483f-9e07-d19e754685be-SegmentedRaftLogWorker:Storage Directory /workdir/hadoop-ozone/integration-test/target/test-dir/MiniOzoneClusterImpl-a33d77e5-464b-4d19-8e6b-a171e580bf0e/datanode-4/data/ratis/6a2824d1-ead6-4874-957a-953e3776dfc8 for RaftStorage:Storage Directory /workdir/hadoop-ozone/integration-test/target/test-dir/MiniOzoneClusterImpl-a33d77e5-464b-4d19-8e6b-a171e580bf0e/datanode-4/data/ratis/6a2824d1-ead6-4874-957a-953e3776dfc8
2019-09-20 09:27:00,890 [pool-71-thread-1] INFO  server.RaftServerConfigKeys (ConfUtils.java:logGet(43)) - raft.server.log.queue.byte-limit = 2147483647 (custom)
2019-09-20 09:27:00,890 [pool-71-thread-1] INFO  server.RaftServerConfigKeys (ConfUtils.java:logGet(43)) - raft.server.log.queue.element-limit = 1024 (custom)
2019-09-20 09:27:00,891 [pool-71-thread-1] INFO  server.RaftServerConfigKeys (ConfUtils.java:logGet(43)) - raft.server.log.segment.size.max = 1048576 (custom)
2019-09-20 09:27:00,891 [pool-71-thread-1] INFO  server.RaftServerConfigKeys (ConfUtils.java:logGet(43)) - raft.server.log.preallocated.size = 16384 (custom)
2019-09-20 09:27:00,891 [pool-71-thread-1] INFO  server.RaftServerConfigKeys (ConfUtils.java:logGet(43)) - raft.server.log.write.buffer.size = 33554432 (custom)
2019-09-20 09:27:00,891 [pool-71-thread-1] INFO  server.RaftServerConfigKeys (ConfUtils.java:logGet(43)) - raft.server.log.force.sync.num = 128 (default)
2019-09-20 09:27:00,891 [pool-71-thread-1] INFO  server.RaftServerConfigKeys (ConfUtils.java:logGet(43)) - raft.server.log.statemachine.data.sync = true (default)
2019-09-20 09:27:00,891 [pool-71-thread-1] INFO  server.RaftServerConfigKeys (ConfUtils.java:logGet(43)) - raft.server.log.statemachine.data.sync.timeout = 10s (default)
2019-09-20 09:27:00,892 [pool-71-thread-1] INFO  server.RaftServerConfigKeys (ConfUtils.java:logGet(43)) - raft.server.log.statemachine.data.sync.timeout.retry = -1 (default)
2019-09-20 09:27:00,892 [pool-71-thread-1] INFO  server.RaftServerConfigKeys (ConfUtils.java:logGet(43)) - raft.server.log.statemachine.data.caching.enabled = true (custom)
2019-09-20 09:27:00,892 [pool-71-thread-1] INFO  segmented.SegmentedRaftLogWorker (SegmentedRaftLogWorker.java:lambda$new$0(132)) - 871e6485-c22a-483f-9e07-d19e754685be-SegmentedRaftLogWorker:Storage Directory /workdir/hadoop-ozone/integration-test/target/test-dir/MiniOzoneClusterImpl-a33d77e5-464b-4d19-8e6b-a171e580bf0e/datanode-4/data/ratis/6a2824d1-ead6-4874-957a-953e3776dfc8: flushIndex: setUnconditionally 0 -> -1
2019-09-20 09:27:00,893 [pool-71-thread-1] INFO  server.RaftServerConfigKeys (ConfUtils.java:logGet(43)) - raft.server.snapshot.auto.trigger.enabled = true (custom)
2019-09-20 09:27:00,893 [pool-71-thread-1] INFO  server.RaftServerConfigKeys (ConfUtils.java:logGet(43)) - raft.server.snapshot.auto.trigger.threshold = 10000 (custom)
2019-09-20 09:27:00,893 [pool-71-thread-1] INFO  server.RaftServerConfigKeys (ConfUtils.java:logGet(43)) - raft.server.retrycache.expirytime = 600000ms (custom)
2019-09-20 09:27:00,893 [pool-71-thread-1] INFO  impl.RaftServerImpl (RaftServerImpl.java:start(180)) - 871e6485-c22a-483f-9e07-d19e754685be: start group-953E3776DFC8
2019-09-20 09:27:00,893 [pool-71-thread-1] INFO  impl.RaftServerImpl (RaftServerImpl.java:setRole(171)) - 871e6485-c22a-483f-9e07-d19e754685be:group-953E3776DFC8 changes role from null to FOLLOWER at term 0 for startAsFollower
2019-09-20 09:27:00,894 [pool-71-thread-1] INFO  impl.RoleInfo (RoleInfo.java:updateAndGet(143)) - 871e6485-c22a-483f-9e07-d19e754685be: start FollowerState
2019-09-20 09:27:00,894 [pool-71-thread-1] INFO  util.JmxRegister (JmxRegister.java:tryRegister(44)) - Successfully registered JMX Bean with object name Ratis:service=RaftServer,group=group-953E3776DFC8,id=871e6485-c22a-483f-9e07-d19e754685be
2019-09-20 09:27:00,898 [RatisPipelineUtilsThread] INFO  pipeline.PipelineStateManager (PipelineStateManager.java:addPipeline(56)) - Created pipeline Pipeline[ Id: 6a2824d1-ead6-4874-957a-953e3776dfc8, Nodes: 871e6485-c22a-483f-9e07-d19e754685be{ip: 192.168.36.99, host: pr-hdds-1569-p5fx8-1226042367, networkLocation: /default-rack, certSerialId: null}, Type:RATIS, Factor:ONE, State:OPEN]
2019-09-20 09:27:00,904 [grpc-default-executor-1] INFO  impl.RaftServerProxy (RaftServerProxy.java:addNew(89)) - 492ed782-6ab3-4ad9-945e-06def6ac7c96: addNew group-5EA3DEB86097:[492ed782-6ab3-4ad9-945e-06def6ac7c96:192.168.36.99:32835] returns group-5EA3DEB86097:java.util.concurrent.CompletableFuture@12306972[Not completed]
2019-09-20 09:27:00,905 [pool-49-thread-1] INFO  impl.RaftServerImpl (RaftServerImpl.java:<init>(93)) - 492ed782-6ab3-4ad9-945e-06def6ac7c96: new RaftServerImpl for group-5EA3DEB86097:[492ed782-6ab3-4ad9-945e-06def6ac7c96:192.168.36.99:32835] with ContainerStateMachine:uninitialized
2019-09-20 09:27:00,906 [pool-49-thread-1] INFO  server.RaftServerConfigKeys (ConfUtils.java:logGet(43)) - raft.server.rpc.timeout.min = 5s (custom)
2019-09-20 09:27:00,906 [pool-49-thread-1] INFO  server.RaftServerConfigKeys (ConfUtils.java:logGet(43)) - raft.server.rpc.timeout.max = 5200ms (custom)
2019-09-20 09:27:00,906 [pool-49-thread-1] INFO  server.RaftServerConfigKeys (ConfUtils.java:logGet(43)) - raft.server.rpcslowness.timeout = 10s (custom)
2019-09-20 09:27:00,906 [pool-49-thread-1] INFO  server.RaftServerConfigKeys (ConfUtils.java:logGet(43)) - raft.server.sleep.deviation.threshold = 300 (default)
2019-09-20 09:27:00,906 [pool-49-thread-1] INFO  server.RaftServerConfigKeys (ConfUtils.java:logGet(43)) - raft.server.log.appender.install.snapshot.enabled = false (custom)
2019-09-20 09:27:00,906 [pool-49-thread-1] INFO  impl.RaftServerImpl (ServerState.java:<init>(105)) - 492ed782-6ab3-4ad9-945e-06def6ac7c96:group-5EA3DEB86097 ConfigurationManager, init=-1: [492ed782-6ab3-4ad9-945e-06def6ac7c96:192.168.36.99:32835], old=null, confs=<EMPTY_MAP>
2019-09-20 09:27:00,907 [pool-49-thread-1] INFO  server.RaftServerConfigKeys (ConfUtils.java:logGet(43)) - raft.server.storage.dir = [/workdir/hadoop-ozone/integration-test/target/test-dir/MiniOzoneClusterImpl-a33d77e5-464b-4d19-8e6b-a171e580bf0e/datanode-2/data/ratis] (custom)
2019-09-20 09:27:00,907 [pool-49-thread-1] INFO  storage.RaftStorageDirectory (RaftStorageDirectory.java:analyzeStorage(246)) - The storage directory /workdir/hadoop-ozone/integration-test/target/test-dir/MiniOzoneClusterImpl-a33d77e5-464b-4d19-8e6b-a171e580bf0e/datanode-2/data/ratis/a4e5dc5a-cd8d-4278-9b39-5ea3deb86097 does not exist. Creating ...
2019-09-20 09:27:00,922 [Thread-366] INFO  impl.FollowerState (FollowerState.java:run(106)) - 02b93e76-e4c6-4b67-b8a4-c536d9ab7224:group-FB6BBD9681CA changes to CANDIDATE, lastRpcTime:5176, electionTimeout:5175ms
2019-09-20 09:27:00,922 [Thread-366] INFO  impl.RoleInfo (RoleInfo.java:shutdownFollowerState(121)) - 02b93e76-e4c6-4b67-b8a4-c536d9ab7224: shutdown FollowerState
2019-09-20 09:27:00,922 [Thread-366] INFO  impl.RaftServerImpl (RaftServerImpl.java:setRole(171)) - 02b93e76-e4c6-4b67-b8a4-c536d9ab7224:group-FB6BBD9681CA changes role from FOLLOWER to CANDIDATE at term 0 for changeToCandidate
2019-09-20 09:27:00,922 [Thread-366] INFO  impl.RoleInfo (RoleInfo.java:updateAndGet(143)) - 02b93e76-e4c6-4b67-b8a4-c536d9ab7224: start LeaderElection
2019-09-20 09:27:00,930 [pool-49-thread-1] INFO  storage.RaftStorageDirectory (RaftStorageDirectory.java:tryLock(328)) - Lock on /workdir/hadoop-ozone/integration-test/target/test-dir/MiniOzoneClusterImpl-a33d77e5-464b-4d19-8e6b-a171e580bf0e/datanode-2/data/ratis/a4e5dc5a-cd8d-4278-9b39-5ea3deb86097/in_use.lock acquired by nodename 7145@pr-hdds-1569-p5fx8-1226042367
2019-09-20 09:27:00,956 [02b93e76-e4c6-4b67-b8a4-c536d9ab7224:group-FB6BBD9681CA:LeaderElection48] INFO  impl.LeaderElection (LeaderElection.java:askForVotes(181)) - 02b93e76-e4c6-4b67-b8a4-c536d9ab7224:group-FB6BBD9681CA:LeaderElection48: begin an election at term 1 for -1: [02b93e76-e4c6-4b67-b8a4-c536d9ab7224:192.168.36.99:39343], old=null
2019-09-20 09:27:00,956 [02b93e76-e4c6-4b67-b8a4-c536d9ab7224:group-FB6BBD9681CA:LeaderElection48] INFO  impl.RoleInfo (RoleInfo.java:shutdownLeaderElection(134)) - 02b93e76-e4c6-4b67-b8a4-c536d9ab7224: shutdown LeaderElection
2019-09-20 09:27:00,956 [02b93e76-e4c6-4b67-b8a4-c536d9ab7224:group-FB6BBD9681CA:LeaderElection48] INFO  impl.RaftServerImpl (RaftServerImpl.java:setRole(171)) - 02b93e76-e4c6-4b67-b8a4-c536d9ab7224:group-FB6BBD9681CA changes role from CANDIDATE to LEADER at term 1 for changeToLeader
2019-09-20 09:27:00,956 [Thread-369] INFO  impl.FollowerState (FollowerState.java:run(106)) - 492ed782-6ab3-4ad9-945e-06def6ac7c96:group-FEC2F50B1B58 changes to CANDIDATE, lastRpcTime:5144, electionTimeout:5144ms
2019-09-20 09:27:00,956 [02b93e76-e4c6-4b67-b8a4-c536d9ab7224:group-FB6BBD9681CA:LeaderElection48] INFO  impl.RaftServerImpl (ServerState.java:setLeader(263)) - 02b93e76-e4c6-4b67-b8a4-c536d9ab7224:group-FB6BBD9681CA change Leader from null to 02b93e76-e4c6-4b67-b8a4-c536d9ab7224 at term 1 for becomeLeader, leader elected after 5216ms
2019-09-20 09:27:00,957 [Thread-369] INFO  impl.RoleInfo (RoleInfo.java:shutdownFollowerState(121)) - 492ed782-6ab3-4ad9-945e-06def6ac7c96: shutdown FollowerState
2019-09-20 09:27:00,957 [02b93e76-e4c6-4b67-b8a4-c536d9ab7224:group-FB6BBD9681CA:LeaderElection48] INFO  server.RaftServerConfigKeys (ConfUtils.java:logGet(43)) - raft.server.staging.catchup.gap = 1000 (default)
2019-09-20 09:27:00,957 [Thread-369] INFO  impl.RaftServerImpl (RaftServerImpl.java:setRole(171)) - 492ed782-6ab3-4ad9-945e-06def6ac7c96:group-FEC2F50B1B58 changes role from FOLLOWER to CANDIDATE at term 0 for changeToCandidate
2019-09-20 09:27:00,957 [02b93e76-e4c6-4b67-b8a4-c536d9ab7224:group-FB6BBD9681CA:LeaderElection48] INFO  server.RaftServerConfigKeys (ConfUtils.java:logGet(43)) - raft.server.rpc.sleep.time = 25ms (default)
2019-09-20 09:27:00,957 [Thread-369] INFO  impl.RoleInfo (RoleInfo.java:updateAndGet(143)) - 492ed782-6ab3-4ad9-945e-06def6ac7c96: start LeaderElection
2019-09-20 09:27:00,957 [02b93e76-e4c6-4b67-b8a4-c536d9ab7224:group-FB6BBD9681CA:LeaderElection48] INFO  server.RaftServerConfigKeys (ConfUtils.java:logGet(43)) - raft.server.write.element-limit = 4096 (default)
2019-09-20 09:27:00,958 [02b93e76-e4c6-4b67-b8a4-c536d9ab7224:group-FB6BBD9681CA:LeaderElection48] INFO  server.RaftServerConfigKeys (ConfUtils.java:logGet(43)) - raft.server.watch.timeout = 10s (default)
2019-09-20 09:27:00,958 [02b93e76-e4c6-4b67-b8a4-c536d9ab7224:group-FB6BBD9681CA:LeaderElection48] INFO  server.RaftServerConfigKeys (ConfUtils.java:logGet(43)) - raft.server.watch.timeout.denomination = 1s (default)
2019-09-20 09:27:00,958 [02b93e76-e4c6-4b67-b8a4-c536d9ab7224:group-FB6BBD9681CA:LeaderElection48] INFO  server.RaftServerConfigKeys (ConfUtils.java:logGet(43)) - raft.server.watch.element-limit = 65536 (default)
2019-09-20 09:27:00,958 [02b93e76-e4c6-4b67-b8a4-c536d9ab7224:group-FB6BBD9681CA:LeaderElection48] INFO  impl.RoleInfo (RoleInfo.java:updateAndGet(143)) - 02b93e76-e4c6-4b67-b8a4-c536d9ab7224: start LeaderState
2019-09-20 09:27:00,959 [02b93e76-e4c6-4b67-b8a4-c536d9ab7224:group-FB6BBD9681CA:LeaderElection48] INFO  segmented.SegmentedRaftLogWorker (SegmentedRaftLogWorker.java:startLogSegment(380)) - 02b93e76-e4c6-4b67-b8a4-c536d9ab7224-SegmentedRaftLogWorker:Storage Directory /workdir/hadoop-ozone/integration-test/target/test-dir/MiniOzoneClusterImpl-a33d77e5-464b-4d19-8e6b-a171e580bf0e/datanode-0/data/ratis/17fba8c4-5a69-4798-8fb0-fb6bbd9681ca: Starting segment from index:0
2019-09-20 09:27:00,959 [02b93e76-e4c6-4b67-b8a4-c536d9ab7224:group-FB6BBD9681CA:LeaderElection48] INFO  impl.RaftServerImpl (ServerState.java:setRaftConf(361)) - 02b93e76-e4c6-4b67-b8a4-c536d9ab7224:group-FB6BBD9681CA set configuration 0: [02b93e76-e4c6-4b67-b8a4-c536d9ab7224:192.168.36.99:39343], old=null at 0
2019-09-20 09:27:01,002 [Thread-375] INFO  impl.FollowerState (FollowerState.java:run(106)) - 492ed782-6ab3-4ad9-945e-06def6ac7c96:group-A7EE72AFC0CD changes to CANDIDATE, lastRpcTime:5046, electionTimeout:5044ms
2019-09-20 09:27:01,005 [492ed782-6ab3-4ad9-945e-06def6ac7c96:group-FEC2F50B1B58:LeaderElection49] INFO  impl.LeaderElection (LeaderElection.java:askForVotes(181)) - 492ed782-6ab3-4ad9-945e-06def6ac7c96:group-FEC2F50B1B58:LeaderElection49: begin an election at term 1 for -1: [492ed782-6ab3-4ad9-945e-06def6ac7c96:192.168.36.99:32835], old=null
2019-09-20 09:27:01,005 [Thread-375] INFO  impl.RoleInfo (RoleInfo.java:shutdownFollowerState(121)) - 492ed782-6ab3-4ad9-945e-06def6ac7c96: shutdown FollowerState
2019-09-20 09:27:01,005 [Thread-375] INFO  impl.RaftServerImpl (RaftServerImpl.java:setRole(171)) - 492ed782-6ab3-4ad9-945e-06def6ac7c96:group-A7EE72AFC0CD changes role from FOLLOWER to CANDIDATE at term 0 for changeToCandidate
2019-09-20 09:27:01,002 [pool-49-thread-1] INFO  storage.RaftStorage (RaftStorage.java:format(72)) - Storage directory /workdir/hadoop-ozone/integration-test/target/test-dir/MiniOzoneClusterImpl-a33d77e5-464b-4d19-8e6b-a171e580bf0e/datanode-2/data/ratis/a4e5dc5a-cd8d-4278-9b39-5ea3deb86097 has been successfully formatted.
2019-09-20 09:27:01,005 [Thread-375] INFO  impl.RoleInfo (RoleInfo.java:updateAndGet(143)) - 492ed782-6ab3-4ad9-945e-06def6ac7c96: start LeaderElection
2019-09-20 09:27:01,005 [492ed782-6ab3-4ad9-945e-06def6ac7c96:group-FEC2F50B1B58:LeaderElection49] INFO  impl.RoleInfo (RoleInfo.java:shutdownLeaderElection(134)) - 492ed782-6ab3-4ad9-945e-06def6ac7c96: shutdown LeaderElection
2019-09-20 09:27:01,006 [pool-49-thread-1] INFO  ratis.ContainerStateMachine (ContainerStateMachine.java:loadSnapshot(226)) - group-5EA3DEB86097: The snapshot info is null. Setting the last applied indexto:(t:0, i:~)
2019-09-20 09:27:01,006 [492ed782-6ab3-4ad9-945e-06def6ac7c96:group-FEC2F50B1B58:LeaderElection49] INFO  impl.RaftServerImpl (RaftServerImpl.java:setRole(171)) - 492ed782-6ab3-4ad9-945e-06def6ac7c96:group-FEC2F50B1B58 changes role from CANDIDATE to LEADER at term 1 for changeToLeader
2019-09-20 09:27:01,006 [pool-49-thread-1] INFO  server.RaftServerConfigKeys (ConfUtils.java:logGet(43)) - raft.server.leader.election.timeout = 10s (custom)
2019-09-20 09:27:01,006 [492ed782-6ab3-4ad9-945e-06def6ac7c96:group-FEC2F50B1B58:LeaderElection49] INFO  impl.RaftServerImpl (ServerState.java:setLeader(263)) - 492ed782-6ab3-4ad9-945e-06def6ac7c96:group-FEC2F50B1B58 change Leader from null to 492ed782-6ab3-4ad9-945e-06def6ac7c96 at term 1 for becomeLeader, leader elected after 5198ms
2019-09-20 09:27:01,006 [pool-49-thread-1] INFO  server.RaftServerConfigKeys (ConfUtils.java:logGet(43)) - raft.server.log.use.memory = false (default)
2019-09-20 09:27:01,007 [492ed782-6ab3-4ad9-945e-06def6ac7c96:group-FEC2F50B1B58:LeaderElection49] INFO  server.RaftServerConfigKeys (ConfUtils.java:logGet(43)) - raft.server.staging.catchup.gap = 1000 (default)
2019-09-20 09:27:01,007 [pool-49-thread-1] INFO  server.RaftServerConfigKeys (ConfUtils.java:logGet(43)) - raft.server.log.purge.gap = 1000000 (custom)
2019-09-20 09:27:01,007 [492ed782-6ab3-4ad9-945e-06def6ac7c96:group-FEC2F50B1B58:LeaderElection49] INFO  server.RaftServerConfigKeys (ConfUtils.java:logGet(43)) - raft.server.rpc.sleep.time = 25ms (default)
2019-09-20 09:27:01,007 [pool-49-thread-1] INFO  server.RaftServerConfigKeys (ConfUtils.java:logGet(43)) - raft.server.log.appender.buffer.byte-limit = 33554432 (custom)
2019-09-20 09:27:01,007 [492ed782-6ab3-4ad9-945e-06def6ac7c96:group-FEC2F50B1B58:LeaderElection49] INFO  server.RaftServerConfigKeys (ConfUtils.java:logGet(43)) - raft.server.write.element-limit = 4096 (default)
2019-09-20 09:27:01,007 [pool-49-thread-1] INFO  server.RaftServerConfigKeys (ConfUtils.java:logGet(43)) - raft.server.log.segment.size.max = 1048576 (custom)
2019-09-20 09:27:01,007 [492ed782-6ab3-4ad9-945e-06def6ac7c96:group-FEC2F50B1B58:LeaderElection49] INFO  server.RaftServerConfigKeys (ConfUtils.java:logGet(43)) - raft.server.watch.timeout = 10s (default)
2019-09-20 09:27:01,008 [pool-49-thread-1] INFO  server.RaftServerConfigKeys (ConfUtils.java:logGet(43)) - raft.server.log.segment.cache.num.max = 2 (custom)
2019-09-20 09:27:01,008 [492ed782-6ab3-4ad9-945e-06def6ac7c96:group-FEC2F50B1B58:LeaderElection49] INFO  server.RaftServerConfigKeys (ConfUtils.java:logGet(43)) - raft.server.watch.timeout.denomination = 1s (default)
2019-09-20 09:27:01,008 [pool-49-thread-1] INFO  segmented.SegmentedRaftLogWorker (SegmentedRaftLogWorker.java:<init>(172)) - new 492ed782-6ab3-4ad9-945e-06def6ac7c96-SegmentedRaftLogWorker:Storage Directory /workdir/hadoop-ozone/integration-test/target/test-dir/MiniOzoneClusterImpl-a33d77e5-464b-4d19-8e6b-a171e580bf0e/datanode-2/data/ratis/a4e5dc5a-cd8d-4278-9b39-5ea3deb86097 for RaftStorage:Storage Directory /workdir/hadoop-ozone/integration-test/target/test-dir/MiniOzoneClusterImpl-a33d77e5-464b-4d19-8e6b-a171e580bf0e/datanode-2/data/ratis/a4e5dc5a-cd8d-4278-9b39-5ea3deb86097
2019-09-20 09:27:01,008 [492ed782-6ab3-4ad9-945e-06def6ac7c96:group-FEC2F50B1B58:LeaderElection49] INFO  server.RaftServerConfigKeys (ConfUtils.java:logGet(43)) - raft.server.watch.element-limit = 65536 (default)
2019-09-20 09:27:01,008 [pool-49-thread-1] INFO  server.RaftServerConfigKeys (ConfUtils.java:logGet(43)) - raft.server.log.queue.byte-limit = 2147483647 (custom)
2019-09-20 09:27:01,008 [492ed782-6ab3-4ad9-945e-06def6ac7c96:group-FEC2F50B1B58:LeaderElection49] INFO  impl.RoleInfo (RoleInfo.java:updateAndGet(143)) - 492ed782-6ab3-4ad9-945e-06def6ac7c96: start LeaderState
2019-09-20 09:27:01,008 [pool-49-thread-1] INFO  server.RaftServerConfigKeys (ConfUtils.java:logGet(43)) - raft.server.log.queue.element-limit = 1024 (custom)
2019-09-20 09:27:01,009 [492ed782-6ab3-4ad9-945e-06def6ac7c96:group-FEC2F50B1B58:LeaderElection49] INFO  segmented.SegmentedRaftLogWorker (SegmentedRaftLogWorker.java:startLogSegment(380)) - 492ed782-6ab3-4ad9-945e-06def6ac7c96-SegmentedRaftLogWorker:Storage Directory /workdir/hadoop-ozone/integration-test/target/test-dir/MiniOzoneClusterImpl-a33d77e5-464b-4d19-8e6b-a171e580bf0e/datanode-2/data/ratis/e38a33d1-2b66-42f3-997c-fec2f50b1b58: Starting segment from index:0
2019-09-20 09:27:01,009 [pool-49-thread-1] INFO  server.RaftServerConfigKeys (ConfUtils.java:logGet(43)) - raft.server.log.segment.size.max = 1048576 (custom)
2019-09-20 09:27:01,009 [pool-49-thread-1] INFO  server.RaftServerConfigKeys (ConfUtils.java:logGet(43)) - raft.server.log.preallocated.size = 16384 (custom)
2019-09-20 09:27:01,009 [pool-49-thread-1] INFO  server.RaftServerConfigKeys (ConfUtils.java:logGet(43)) - raft.server.log.write.buffer.size = 33554432 (custom)
2019-09-20 09:27:01,009 [492ed782-6ab3-4ad9-945e-06def6ac7c96:group-FEC2F50B1B58:LeaderElection49] INFO  impl.RaftServerImpl (ServerState.java:setRaftConf(361)) - 492ed782-6ab3-4ad9-945e-06def6ac7c96:group-FEC2F50B1B58 set configuration 0: [492ed782-6ab3-4ad9-945e-06def6ac7c96:192.168.36.99:32835], old=null at 0
2019-09-20 09:27:01,009 [pool-49-thread-1] INFO  server.RaftServerConfigKeys (ConfUtils.java:logGet(43)) - raft.server.log.force.sync.num = 128 (default)
2019-09-20 09:27:01,010 [pool-49-thread-1] INFO  server.RaftServerConfigKeys (ConfUtils.java:logGet(43)) - raft.server.log.statemachine.data.sync = true (default)
2019-09-20 09:27:01,010 [pool-49-thread-1] INFO  server.RaftServerConfigKeys (ConfUtils.java:logGet(43)) - raft.server.log.statemachine.data.sync.timeout = 10s (default)
2019-09-20 09:27:01,010 [pool-49-thread-1] INFO  server.RaftServerConfigKeys (ConfUtils.java:logGet(43)) - raft.server.log.statemachine.data.sync.timeout.retry = -1 (default)
2019-09-20 09:27:01,010 [pool-49-thread-1] INFO  server.RaftServerConfigKeys (ConfUtils.java:logGet(43)) - raft.server.log.statemachine.data.caching.enabled = true (custom)
2019-09-20 09:27:01,011 [pool-49-thread-1] INFO  segmented.SegmentedRaftLogWorker (SegmentedRaftLogWorker.java:lambda$new$0(132)) - 492ed782-6ab3-4ad9-945e-06def6ac7c96-SegmentedRaftLogWorker:Storage Directory /workdir/hadoop-ozone/integration-test/target/test-dir/MiniOzoneClusterImpl-a33d77e5-464b-4d19-8e6b-a171e580bf0e/datanode-2/data/ratis/a4e5dc5a-cd8d-4278-9b39-5ea3deb86097: flushIndex: setUnconditionally 0 -> -1
2019-09-20 09:27:01,011 [pool-49-thread-1] INFO  server.RaftServerConfigKeys (ConfUtils.java:logGet(43)) - raft.server.snapshot.auto.trigger.enabled = true (custom)
2019-09-20 09:27:01,011 [pool-49-thread-1] INFO  server.RaftServerConfigKeys (ConfUtils.java:logGet(43)) - raft.server.snapshot.auto.trigger.threshold = 10000 (custom)
2019-09-20 09:27:01,012 [pool-49-thread-1] INFO  server.RaftServerConfigKeys (ConfUtils.java:logGet(43)) - raft.server.retrycache.expirytime = 600000ms (custom)
2019-09-20 09:27:01,012 [pool-49-thread-1] INFO  impl.RaftServerImpl (RaftServerImpl.java:start(180)) - 492ed782-6ab3-4ad9-945e-06def6ac7c96: start group-5EA3DEB86097
2019-09-20 09:27:01,012 [pool-49-thread-1] INFO  impl.RaftServerImpl (RaftServerImpl.java:setRole(171)) - 492ed782-6ab3-4ad9-945e-06def6ac7c96:group-5EA3DEB86097 changes role from null to FOLLOWER at term 0 for startAsFollower
2019-09-20 09:27:01,012 [pool-49-thread-1] INFO  impl.RoleInfo (RoleInfo.java:updateAndGet(143)) - 492ed782-6ab3-4ad9-945e-06def6ac7c96: start FollowerState
2019-09-20 09:27:01,013 [pool-49-thread-1] INFO  util.JmxRegister (JmxRegister.java:tryRegister(44)) - Successfully registered JMX Bean with object name Ratis:service=RaftServer,group=group-5EA3DEB86097,id=492ed782-6ab3-4ad9-945e-06def6ac7c96
2019-09-20 09:27:01,016 [RatisPipelineUtilsThread] INFO  pipeline.PipelineStateManager (PipelineStateManager.java:addPipeline(56)) - Created pipeline Pipeline[ Id: a4e5dc5a-cd8d-4278-9b39-5ea3deb86097, Nodes: 492ed782-6ab3-4ad9-945e-06def6ac7c96{ip: 192.168.36.99, host: pr-hdds-1569-p5fx8-1226042367, networkLocation: /default-rack, certSerialId: null}, Type:RATIS, Factor:ONE, State:OPEN]
2019-09-20 09:27:01,022 [grpc-default-executor-1] INFO  impl.RaftServerProxy (RaftServerProxy.java:addNew(89)) - 492ed782-6ab3-4ad9-945e-06def6ac7c96: addNew group-6EDD1D14131D:[492ed782-6ab3-4ad9-945e-06def6ac7c96:192.168.36.99:32835] returns group-6EDD1D14131D:java.util.concurrent.CompletableFuture@ee231e2[Not completed]
2019-09-20 09:27:01,024 [pool-49-thread-1] INFO  impl.RaftServerImpl (RaftServerImpl.java:<init>(93)) - 492ed782-6ab3-4ad9-945e-06def6ac7c96: new RaftServerImpl for group-6EDD1D14131D:[492ed782-6ab3-4ad9-945e-06def6ac7c96:192.168.36.99:32835] with ContainerStateMachine:uninitialized
2019-09-20 09:27:01,024 [pool-49-thread-1] INFO  server.RaftServerConfigKeys (ConfUtils.java:logGet(43)) - raft.server.rpc.timeout.min = 5s (custom)
2019-09-20 09:27:01,024 [pool-49-thread-1] INFO  server.RaftServerConfigKeys (ConfUtils.java:logGet(43)) - raft.server.rpc.timeout.max = 5200ms (custom)
2019-09-20 09:27:01,024 [pool-49-thread-1] INFO  server.RaftServerConfigKeys (ConfUtils.java:logGet(43)) - raft.server.rpcslowness.timeout = 10s (custom)
2019-09-20 09:27:01,024 [pool-49-thread-1] INFO  server.RaftServerConfigKeys (ConfUtils.java:logGet(43)) - raft.server.sleep.deviation.threshold = 300 (default)
2019-09-20 09:27:01,024 [pool-49-thread-1] INFO  server.RaftServerConfigKeys (ConfUtils.java:logGet(43)) - raft.server.log.appender.install.snapshot.enabled = false (custom)
2019-09-20 09:27:01,024 [pool-49-thread-1] INFO  impl.RaftServerImpl (ServerState.java:<init>(105)) - 492ed782-6ab3-4ad9-945e-06def6ac7c96:group-6EDD1D14131D ConfigurationManager, init=-1: [492ed782-6ab3-4ad9-945e-06def6ac7c96:192.168.36.99:32835], old=null, confs=<EMPTY_MAP>
2019-09-20 09:27:01,025 [pool-49-thread-1] INFO  server.RaftServerConfigKeys (ConfUtils.java:logGet(43)) - raft.server.storage.dir = [/workdir/hadoop-ozone/integration-test/target/test-dir/MiniOzoneClusterImpl-a33d77e5-464b-4d19-8e6b-a171e580bf0e/datanode-2/data/ratis] (custom)
2019-09-20 09:27:01,025 [pool-49-thread-1] INFO  storage.RaftStorageDirectory (RaftStorageDirectory.java:analyzeStorage(246)) - The storage directory /workdir/hadoop-ozone/integration-test/target/test-dir/MiniOzoneClusterImpl-a33d77e5-464b-4d19-8e6b-a171e580bf0e/datanode-2/data/ratis/24e50659-fe05-42b8-9928-6edd1d14131d does not exist. Creating ...
2019-09-20 09:27:01,040 [02b93e76-e4c6-4b67-b8a4-c536d9ab7224-SegmentedRaftLogWorker:Storage Directory /workdir/hadoop-ozone/integration-test/target/test-dir/MiniOzoneClusterImpl-a33d77e5-464b-4d19-8e6b-a171e580bf0e/datanode-0/data/ratis/17fba8c4-5a69-4798-8fb0-fb6bbd9681ca] INFO  segmented.SegmentedRaftLogWorker (SegmentedRaftLogWorker.java:execute(569)) - 02b93e76-e4c6-4b67-b8a4-c536d9ab7224-SegmentedRaftLogWorker:Storage Directory /workdir/hadoop-ozone/integration-test/target/test-dir/MiniOzoneClusterImpl-a33d77e5-464b-4d19-8e6b-a171e580bf0e/datanode-0/data/ratis/17fba8c4-5a69-4798-8fb0-fb6bbd9681ca: created new log segment /workdir/hadoop-ozone/integration-test/target/test-dir/MiniOzoneClusterImpl-a33d77e5-464b-4d19-8e6b-a171e580bf0e/datanode-0/data/ratis/17fba8c4-5a69-4798-8fb0-fb6bbd9681ca/current/log_inprogress_0
2019-09-20 09:27:01,043 [Thread-378] INFO  impl.FollowerState (FollowerState.java:run(106)) - 492ed782-6ab3-4ad9-945e-06def6ac7c96:group-3AED33CCFFC3 changes to CANDIDATE, lastRpcTime:5027, electionTimeout:5027ms
2019-09-20 09:27:01,043 [Thread-378] INFO  impl.RoleInfo (RoleInfo.java:shutdownFollowerState(121)) - 492ed782-6ab3-4ad9-945e-06def6ac7c96: shutdown FollowerState
2019-09-20 09:27:01,043 [Thread-378] INFO  impl.RaftServerImpl (RaftServerImpl.java:setRole(171)) - 492ed782-6ab3-4ad9-945e-06def6ac7c96:group-3AED33CCFFC3 changes role from FOLLOWER to CANDIDATE at term 0 for changeToCandidate
2019-09-20 09:27:01,043 [Thread-378] INFO  impl.RoleInfo (RoleInfo.java:updateAndGet(143)) - 492ed782-6ab3-4ad9-945e-06def6ac7c96: start LeaderElection
2019-09-20 09:27:01,051 [492ed782-6ab3-4ad9-945e-06def6ac7c96:group-A7EE72AFC0CD:LeaderElection50] INFO  impl.LeaderElection (LeaderElection.java:askForVotes(181)) - 492ed782-6ab3-4ad9-945e-06def6ac7c96:group-A7EE72AFC0CD:LeaderElection50: begin an election at term 1 for -1: [492ed782-6ab3-4ad9-945e-06def6ac7c96:192.168.36.99:32835], old=null
2019-09-20 09:27:01,051 [492ed782-6ab3-4ad9-945e-06def6ac7c96:group-A7EE72AFC0CD:LeaderElection50] INFO  impl.RoleInfo (RoleInfo.java:shutdownLeaderElection(134)) - 492ed782-6ab3-4ad9-945e-06def6ac7c96: shutdown LeaderElection
2019-09-20 09:27:01,051 [492ed782-6ab3-4ad9-945e-06def6ac7c96:group-A7EE72AFC0CD:LeaderElection50] INFO  impl.RaftServerImpl (RaftServerImpl.java:setRole(171)) - 492ed782-6ab3-4ad9-945e-06def6ac7c96:group-A7EE72AFC0CD changes role from CANDIDATE to LEADER at term 1 for changeToLeader
2019-09-20 09:27:01,052 [492ed782-6ab3-4ad9-945e-06def6ac7c96:group-A7EE72AFC0CD:LeaderElection50] INFO  impl.RaftServerImpl (ServerState.java:setLeader(263)) - 492ed782-6ab3-4ad9-945e-06def6ac7c96:group-A7EE72AFC0CD change Leader from null to 492ed782-6ab3-4ad9-945e-06def6ac7c96 at term 1 for becomeLeader, leader elected after 5100ms
2019-09-20 09:27:01,052 [492ed782-6ab3-4ad9-945e-06def6ac7c96:group-A7EE72AFC0CD:LeaderElection50] INFO  server.RaftServerConfigKeys (ConfUtils.java:logGet(43)) - raft.server.staging.catchup.gap = 1000 (default)
2019-09-20 09:27:01,052 [492ed782-6ab3-4ad9-945e-06def6ac7c96:group-A7EE72AFC0CD:LeaderElection50] INFO  server.RaftServerConfigKeys (ConfUtils.java:logGet(43)) - raft.server.rpc.sleep.time = 25ms (default)
2019-09-20 09:27:01,052 [492ed782-6ab3-4ad9-945e-06def6ac7c96:group-A7EE72AFC0CD:LeaderElection50] INFO  server.RaftServerConfigKeys (ConfUtils.java:logGet(43)) - raft.server.write.element-limit = 4096 (default)
2019-09-20 09:27:01,052 [492ed782-6ab3-4ad9-945e-06def6ac7c96:group-A7EE72AFC0CD:LeaderElection50] INFO  server.RaftServerConfigKeys (ConfUtils.java:logGet(43)) - raft.server.watch.timeout = 10s (default)
2019-09-20 09:27:01,052 [492ed782-6ab3-4ad9-945e-06def6ac7c96:group-A7EE72AFC0CD:LeaderElection50] INFO  server.RaftServerConfigKeys (ConfUtils.java:logGet(43)) - raft.server.watch.timeout.denomination = 1s (default)
2019-09-20 09:27:01,052 [492ed782-6ab3-4ad9-945e-06def6ac7c96:group-A7EE72AFC0CD:LeaderElection50] INFO  server.RaftServerConfigKeys (ConfUtils.java:logGet(43)) - raft.server.watch.element-limit = 65536 (default)
2019-09-20 09:27:01,053 [492ed782-6ab3-4ad9-945e-06def6ac7c96:group-A7EE72AFC0CD:LeaderElection50] INFO  impl.RoleInfo (RoleInfo.java:updateAndGet(143)) - 492ed782-6ab3-4ad9-945e-06def6ac7c96: start LeaderState
2019-09-20 09:27:01,053 [492ed782-6ab3-4ad9-945e-06def6ac7c96:group-A7EE72AFC0CD:LeaderElection50] INFO  segmented.SegmentedRaftLogWorker (SegmentedRaftLogWorker.java:startLogSegment(380)) - 492ed782-6ab3-4ad9-945e-06def6ac7c96-SegmentedRaftLogWorker:Storage Directory /workdir/hadoop-ozone/integration-test/target/test-dir/MiniOzoneClusterImpl-a33d77e5-464b-4d19-8e6b-a171e580bf0e/datanode-2/data/ratis/7526f8f6-c093-4b9c-b20e-a7ee72afc0cd: Starting segment from index:0
2019-09-20 09:27:01,053 [492ed782-6ab3-4ad9-945e-06def6ac7c96:group-A7EE72AFC0CD:LeaderElection50] INFO  impl.RaftServerImpl (ServerState.java:setRaftConf(361)) - 492ed782-6ab3-4ad9-945e-06def6ac7c96:group-A7EE72AFC0CD set configuration 0: [492ed782-6ab3-4ad9-945e-06def6ac7c96:192.168.36.99:32835], old=null at 0
2019-09-20 09:27:01,057 [pool-49-thread-1] INFO  storage.RaftStorageDirectory (RaftStorageDirectory.java:tryLock(328)) - Lock on /workdir/hadoop-ozone/integration-test/target/test-dir/MiniOzoneClusterImpl-a33d77e5-464b-4d19-8e6b-a171e580bf0e/datanode-2/data/ratis/24e50659-fe05-42b8-9928-6edd1d14131d/in_use.lock acquired by nodename 7145@pr-hdds-1569-p5fx8-1226042367
2019-09-20 09:27:01,059 [Thread-372] INFO  impl.FollowerState (FollowerState.java:run(106)) - fd3cd5f9-4f1c-43ea-91b1-b85a1f6c3825:group-9254AB67BF05 changes to CANDIDATE, lastRpcTime:5187, electionTimeout:5187ms
2019-09-20 09:27:01,059 [Thread-372] INFO  impl.RoleInfo (RoleInfo.java:shutdownFollowerState(121)) - fd3cd5f9-4f1c-43ea-91b1-b85a1f6c3825: shutdown FollowerState
2019-09-20 09:27:01,059 [Thread-372] INFO  impl.RaftServerImpl (RaftServerImpl.java:setRole(171)) - fd3cd5f9-4f1c-43ea-91b1-b85a1f6c3825:group-9254AB67BF05 changes role from FOLLOWER to CANDIDATE at term 0 for changeToCandidate
2019-09-20 09:27:01,059 [Thread-372] INFO  impl.RoleInfo (RoleInfo.java:updateAndGet(143)) - fd3cd5f9-4f1c-43ea-91b1-b85a1f6c3825: start LeaderElection
2019-09-20 09:27:01,074 [492ed782-6ab3-4ad9-945e-06def6ac7c96-SegmentedRaftLogWorker:Storage Directory /workdir/hadoop-ozone/integration-test/target/test-dir/MiniOzoneClusterImpl-a33d77e5-464b-4d19-8e6b-a171e580bf0e/datanode-2/data/ratis/e38a33d1-2b66-42f3-997c-fec2f50b1b58] INFO  segmented.SegmentedRaftLogWorker (SegmentedRaftLogWorker.java:execute(569)) - 492ed782-6ab3-4ad9-945e-06def6ac7c96-SegmentedRaftLogWorker:Storage Directory /workdir/hadoop-ozone/integration-test/target/test-dir/MiniOzoneClusterImpl-a33d77e5-464b-4d19-8e6b-a171e580bf0e/datanode-2/data/ratis/e38a33d1-2b66-42f3-997c-fec2f50b1b58: created new log segment /workdir/hadoop-ozone/integration-test/target/test-dir/MiniOzoneClusterImpl-a33d77e5-464b-4d19-8e6b-a171e580bf0e/datanode-2/data/ratis/e38a33d1-2b66-42f3-997c-fec2f50b1b58/current/log_inprogress_0
2019-09-20 09:27:01,074 [492ed782-6ab3-4ad9-945e-06def6ac7c96:group-3AED33CCFFC3:LeaderElection51] INFO  impl.LeaderElection (LeaderElection.java:askForVotes(181)) - 492ed782-6ab3-4ad9-945e-06def6ac7c96:group-3AED33CCFFC3:LeaderElection51: begin an election at term 1 for -1: [492ed782-6ab3-4ad9-945e-06def6ac7c96:192.168.36.99:32835], old=null
2019-09-20 09:27:01,075 [492ed782-6ab3-4ad9-945e-06def6ac7c96:group-3AED33CCFFC3:LeaderElection51] INFO  impl.RoleInfo (RoleInfo.java:shutdownLeaderElection(134)) - 492ed782-6ab3-4ad9-945e-06def6ac7c96: shutdown LeaderElection
2019-09-20 09:27:01,075 [492ed782-6ab3-4ad9-945e-06def6ac7c96:group-3AED33CCFFC3:LeaderElection51] INFO  impl.RaftServerImpl (RaftServerImpl.java:setRole(171)) - 492ed782-6ab3-4ad9-945e-06def6ac7c96:group-3AED33CCFFC3 changes role from CANDIDATE to LEADER at term 1 for changeToLeader
2019-09-20 09:27:01,075 [492ed782-6ab3-4ad9-945e-06def6ac7c96:group-3AED33CCFFC3:LeaderElection51] INFO  impl.RaftServerImpl (ServerState.java:setLeader(263)) - 492ed782-6ab3-4ad9-945e-06def6ac7c96:group-3AED33CCFFC3 change Leader from null to 492ed782-6ab3-4ad9-945e-06def6ac7c96 at term 1 for becomeLeader, leader elected after 5065ms
2019-09-20 09:27:01,075 [492ed782-6ab3-4ad9-945e-06def6ac7c96:group-3AED33CCFFC3:LeaderElection51] INFO  server.RaftServerConfigKeys (ConfUtils.java:logGet(43)) - raft.server.staging.catchup.gap = 1000 (default)
2019-09-20 09:27:01,075 [492ed782-6ab3-4ad9-945e-06def6ac7c96:group-3AED33CCFFC3:LeaderElection51] INFO  server.RaftServerConfigKeys (ConfUtils.java:logGet(43)) - raft.server.rpc.sleep.time = 25ms (default)
2019-09-20 09:27:01,075 [492ed782-6ab3-4ad9-945e-06def6ac7c96:group-3AED33CCFFC3:LeaderElection51] INFO  server.RaftServerConfigKeys (ConfUtils.java:logGet(43)) - raft.server.write.element-limit = 4096 (default)
2019-09-20 09:27:01,075 [492ed782-6ab3-4ad9-945e-06def6ac7c96:group-3AED33CCFFC3:LeaderElection51] INFO  server.RaftServerConfigKeys (ConfUtils.java:logGet(43)) - raft.server.watch.timeout = 10s (default)
2019-09-20 09:27:01,075 [492ed782-6ab3-4ad9-945e-06def6ac7c96:group-3AED33CCFFC3:LeaderElection51] INFO  server.RaftServerConfigKeys (ConfUtils.java:logGet(43)) - raft.server.watch.timeout.denomination = 1s (default)
2019-09-20 09:27:01,076 [492ed782-6ab3-4ad9-945e-06def6ac7c96:group-3AED33CCFFC3:LeaderElection51] INFO  server.RaftServerConfigKeys (ConfUtils.java:logGet(43)) - raft.server.watch.element-limit = 65536 (default)
2019-09-20 09:27:01,076 [492ed782-6ab3-4ad9-945e-06def6ac7c96:group-3AED33CCFFC3:LeaderElection51] INFO  impl.RoleInfo (RoleInfo.java:updateAndGet(143)) - 492ed782-6ab3-4ad9-945e-06def6ac7c96: start LeaderState
2019-09-20 09:27:01,076 [492ed782-6ab3-4ad9-945e-06def6ac7c96:group-3AED33CCFFC3:LeaderElection51] INFO  segmented.SegmentedRaftLogWorker (SegmentedRaftLogWorker.java:startLogSegment(380)) - 492ed782-6ab3-4ad9-945e-06def6ac7c96-SegmentedRaftLogWorker:Storage Directory /workdir/hadoop-ozone/integration-test/target/test-dir/MiniOzoneClusterImpl-a33d77e5-464b-4d19-8e6b-a171e580bf0e/datanode-2/data/ratis/1b2fb1d3-43e7-4255-b7e9-3aed33ccffc3: Starting segment from index:0
2019-09-20 09:27:01,076 [492ed782-6ab3-4ad9-945e-06def6ac7c96:group-3AED33CCFFC3:LeaderElection51] INFO  impl.RaftServerImpl (ServerState.java:setRaftConf(361)) - 492ed782-6ab3-4ad9-945e-06def6ac7c96:group-3AED33CCFFC3 set configuration 0: [492ed782-6ab3-4ad9-945e-06def6ac7c96:192.168.36.99:32835], old=null at 0
2019-09-20 09:27:01,092 [pool-49-thread-1] INFO  storage.RaftStorage (RaftStorage.java:format(72)) - Storage directory /workdir/hadoop-ozone/integration-test/target/test-dir/MiniOzoneClusterImpl-a33d77e5-464b-4d19-8e6b-a171e580bf0e/datanode-2/data/ratis/24e50659-fe05-42b8-9928-6edd1d14131d has been successfully formatted.
2019-09-20 09:27:01,092 [fd3cd5f9-4f1c-43ea-91b1-b85a1f6c3825:group-9254AB67BF05:LeaderElection52] INFO  impl.LeaderElection (LeaderElection.java:askForVotes(181)) - fd3cd5f9-4f1c-43ea-91b1-b85a1f6c3825:group-9254AB67BF05:LeaderElection52: begin an election at term 1 for -1: [fd3cd5f9-4f1c-43ea-91b1-b85a1f6c3825:192.168.36.99:39114], old=null
2019-09-20 09:27:01,092 [fd3cd5f9-4f1c-43ea-91b1-b85a1f6c3825:group-9254AB67BF05:LeaderElection52] INFO  impl.RoleInfo (RoleInfo.java:shutdownLeaderElection(134)) - fd3cd5f9-4f1c-43ea-91b1-b85a1f6c3825: shutdown LeaderElection
2019-09-20 09:27:01,092 [pool-49-thread-1] INFO  ratis.ContainerStateMachine (ContainerStateMachine.java:loadSnapshot(226)) - group-6EDD1D14131D: The snapshot info is null. Setting the last applied indexto:(t:0, i:~)
2019-09-20 09:27:01,092 [fd3cd5f9-4f1c-43ea-91b1-b85a1f6c3825:group-9254AB67BF05:LeaderElection52] INFO  impl.RaftServerImpl (RaftServerImpl.java:setRole(171)) - fd3cd5f9-4f1c-43ea-91b1-b85a1f6c3825:group-9254AB67BF05 changes role from CANDIDATE to LEADER at term 1 for changeToLeader
2019-09-20 09:27:01,092 [pool-49-thread-1] INFO  server.RaftServerConfigKeys (ConfUtils.java:logGet(43)) - raft.server.leader.election.timeout = 10s (custom)
2019-09-20 09:27:01,092 [fd3cd5f9-4f1c-43ea-91b1-b85a1f6c3825:group-9254AB67BF05:LeaderElection52] INFO  impl.RaftServerImpl (ServerState.java:setLeader(263)) - fd3cd5f9-4f1c-43ea-91b1-b85a1f6c3825:group-9254AB67BF05 change Leader from null to fd3cd5f9-4f1c-43ea-91b1-b85a1f6c3825 at term 1 for becomeLeader, leader elected after 5225ms
2019-09-20 09:27:01,092 [pool-49-thread-1] INFO  server.RaftServerConfigKeys (ConfUtils.java:logGet(43)) - raft.server.log.use.memory = false (default)
2019-09-20 09:27:01,092 [fd3cd5f9-4f1c-43ea-91b1-b85a1f6c3825:group-9254AB67BF05:LeaderElection52] INFO  server.RaftServerConfigKeys (ConfUtils.java:logGet(43)) - raft.server.staging.catchup.gap = 1000 (default)
2019-09-20 09:27:01,093 [pool-49-thread-1] INFO  server.RaftServerConfigKeys (ConfUtils.java:logGet(43)) - raft.server.log.purge.gap = 1000000 (custom)
2019-09-20 09:27:01,093 [fd3cd5f9-4f1c-43ea-91b1-b85a1f6c3825:group-9254AB67BF05:LeaderElection52] INFO  server.RaftServerConfigKeys (ConfUtils.java:logGet(43)) - raft.server.rpc.sleep.time = 25ms (default)
2019-09-20 09:27:01,093 [pool-49-thread-1] INFO  server.RaftServerConfigKeys (ConfUtils.java:logGet(43)) - raft.server.log.appender.buffer.byte-limit = 33554432 (custom)
2019-09-20 09:27:01,093 [fd3cd5f9-4f1c-43ea-91b1-b85a1f6c3825:group-9254AB67BF05:LeaderElection52] INFO  server.RaftServerConfigKeys (ConfUtils.java:logGet(43)) - raft.server.write.element-limit = 4096 (default)
2019-09-20 09:27:01,093 [pool-49-thread-1] INFO  server.RaftServerConfigKeys (ConfUtils.java:logGet(43)) - raft.server.log.segment.size.max = 1048576 (custom)
2019-09-20 09:27:01,093 [fd3cd5f9-4f1c-43ea-91b1-b85a1f6c3825:group-9254AB67BF05:LeaderElection52] INFO  server.RaftServerConfigKeys (ConfUtils.java:logGet(43)) - raft.server.watch.timeout = 10s (default)
2019-09-20 09:27:01,093 [pool-49-thread-1] INFO  server.RaftServerConfigKeys (ConfUtils.java:logGet(43)) - raft.server.log.segment.cache.num.max = 2 (custom)
2019-09-20 09:27:01,093 [fd3cd5f9-4f1c-43ea-91b1-b85a1f6c3825:group-9254AB67BF05:LeaderElection52] INFO  server.RaftServerConfigKeys (ConfUtils.java:logGet(43)) - raft.server.watch.timeout.denomination = 1s (default)
2019-09-20 09:27:01,093 [pool-49-thread-1] INFO  segmented.SegmentedRaftLogWorker (SegmentedRaftLogWorker.java:<init>(172)) - new 492ed782-6ab3-4ad9-945e-06def6ac7c96-SegmentedRaftLogWorker:Storage Directory /workdir/hadoop-ozone/integration-test/target/test-dir/MiniOzoneClusterImpl-a33d77e5-464b-4d19-8e6b-a171e580bf0e/datanode-2/data/ratis/24e50659-fe05-42b8-9928-6edd1d14131d for RaftStorage:Storage Directory /workdir/hadoop-ozone/integration-test/target/test-dir/MiniOzoneClusterImpl-a33d77e5-464b-4d19-8e6b-a171e580bf0e/datanode-2/data/ratis/24e50659-fe05-42b8-9928-6edd1d14131d
2019-09-20 09:27:01,093 [fd3cd5f9-4f1c-43ea-91b1-b85a1f6c3825:group-9254AB67BF05:LeaderElection52] INFO  server.RaftServerConfigKeys (ConfUtils.java:logGet(43)) - raft.server.watch.element-limit = 65536 (default)
2019-09-20 09:27:01,093 [pool-49-thread-1] INFO  server.RaftServerConfigKeys (ConfUtils.java:logGet(43)) - raft.server.log.queue.byte-limit = 2147483647 (custom)
2019-09-20 09:27:01,094 [pool-49-thread-1] INFO  server.RaftServerConfigKeys (ConfUtils.java:logGet(43)) - raft.server.log.queue.element-limit = 1024 (custom)
2019-09-20 09:27:01,094 [Thread-381] INFO  impl.FollowerState (FollowerState.java:run(106)) - 871e6485-c22a-483f-9e07-d19e754685be:group-D86E06F54BD6 changes to CANDIDATE, lastRpcTime:5018, electionTimeout:5018ms
2019-09-20 09:27:01,094 [fd3cd5f9-4f1c-43ea-91b1-b85a1f6c3825:group-9254AB67BF05:LeaderElection52] INFO  impl.RoleInfo (RoleInfo.java:updateAndGet(143)) - fd3cd5f9-4f1c-43ea-91b1-b85a1f6c3825: start LeaderState
2019-09-20 09:27:01,094 [Thread-381] INFO  impl.RoleInfo (RoleInfo.java:shutdownFollowerState(121)) - 871e6485-c22a-483f-9e07-d19e754685be: shutdown FollowerState
2019-09-20 09:27:01,094 [pool-49-thread-1] INFO  server.RaftServerConfigKeys (ConfUtils.java:logGet(43)) - raft.server.log.segment.size.max = 1048576 (custom)
2019-09-20 09:27:01,094 [Thread-381] INFO  impl.RaftServerImpl (RaftServerImpl.java:setRole(171)) - 871e6485-c22a-483f-9e07-d19e754685be:group-D86E06F54BD6 changes role from FOLLOWER to CANDIDATE at term 0 for changeToCandidate
2019-09-20 09:27:01,094 [fd3cd5f9-4f1c-43ea-91b1-b85a1f6c3825:group-9254AB67BF05:LeaderElection52] INFO  segmented.SegmentedRaftLogWorker (SegmentedRaftLogWorker.java:startLogSegment(380)) - fd3cd5f9-4f1c-43ea-91b1-b85a1f6c3825-SegmentedRaftLogWorker:Storage Directory /workdir/hadoop-ozone/integration-test/target/test-dir/MiniOzoneClusterImpl-a33d77e5-464b-4d19-8e6b-a171e580bf0e/datanode-1/data/ratis/fad28e52-3e87-4ab8-a8a6-9254ab67bf05: Starting segment from index:0
2019-09-20 09:27:01,094 [Thread-381] INFO  impl.RoleInfo (RoleInfo.java:updateAndGet(143)) - 871e6485-c22a-483f-9e07-d19e754685be: start LeaderElection
2019-09-20 09:27:01,094 [pool-49-thread-1] INFO  server.RaftServerConfigKeys (ConfUtils.java:logGet(43)) - raft.server.log.preallocated.size = 16384 (custom)
2019-09-20 09:27:01,095 [pool-49-thread-1] INFO  server.RaftServerConfigKeys (ConfUtils.java:logGet(43)) - raft.server.log.write.buffer.size = 33554432 (custom)
2019-09-20 09:27:01,095 [pool-49-thread-1] INFO  server.RaftServerConfigKeys (ConfUtils.java:logGet(43)) - raft.server.log.force.sync.num = 128 (default)
2019-09-20 09:27:01,095 [fd3cd5f9-4f1c-43ea-91b1-b85a1f6c3825:group-9254AB67BF05:LeaderElection52] INFO  impl.RaftServerImpl (ServerState.java:setRaftConf(361)) - fd3cd5f9-4f1c-43ea-91b1-b85a1f6c3825:group-9254AB67BF05 set configuration 0: [fd3cd5f9-4f1c-43ea-91b1-b85a1f6c3825:192.168.36.99:39114], old=null at 0
2019-09-20 09:27:01,095 [pool-49-thread-1] INFO  server.RaftServerConfigKeys (ConfUtils.java:logGet(43)) - raft.server.log.statemachine.data.sync = true (default)
2019-09-20 09:27:01,095 [pool-49-thread-1] INFO  server.RaftServerConfigKeys (ConfUtils.java:logGet(43)) - raft.server.log.statemachine.data.sync.timeout = 10s (default)
2019-09-20 09:27:01,095 [pool-49-thread-1] INFO  server.RaftServerConfigKeys (ConfUtils.java:logGet(43)) - raft.server.log.statemachine.data.sync.timeout.retry = -1 (default)
2019-09-20 09:27:01,095 [pool-49-thread-1] INFO  server.RaftServerConfigKeys (ConfUtils.java:logGet(43)) - raft.server.log.statemachine.data.caching.enabled = true (custom)
2019-09-20 09:27:01,101 [pool-49-thread-1] INFO  segmented.SegmentedRaftLogWorker (SegmentedRaftLogWorker.java:lambda$new$0(132)) - 492ed782-6ab3-4ad9-945e-06def6ac7c96-SegmentedRaftLogWorker:Storage Directory /workdir/hadoop-ozone/integration-test/target/test-dir/MiniOzoneClusterImpl-a33d77e5-464b-4d19-8e6b-a171e580bf0e/datanode-2/data/ratis/24e50659-fe05-42b8-9928-6edd1d14131d: flushIndex: setUnconditionally 0 -> -1
2019-09-20 09:27:01,102 [pool-49-thread-1] INFO  server.RaftServerConfigKeys (ConfUtils.java:logGet(43)) - raft.server.snapshot.auto.trigger.enabled = true (custom)
2019-09-20 09:27:01,102 [pool-49-thread-1] INFO  server.RaftServerConfigKeys (ConfUtils.java:logGet(43)) - raft.server.snapshot.auto.trigger.threshold = 10000 (custom)
2019-09-20 09:27:01,102 [pool-49-thread-1] INFO  server.RaftServerConfigKeys (ConfUtils.java:logGet(43)) - raft.server.retrycache.expirytime = 600000ms (custom)
2019-09-20 09:27:01,102 [pool-49-thread-1] INFO  impl.RaftServerImpl (RaftServerImpl.java:start(180)) - 492ed782-6ab3-4ad9-945e-06def6ac7c96: start group-6EDD1D14131D
2019-09-20 09:27:01,102 [pool-49-thread-1] INFO  impl.RaftServerImpl (RaftServerImpl.java:setRole(171)) - 492ed782-6ab3-4ad9-945e-06def6ac7c96:group-6EDD1D14131D changes role from null to FOLLOWER at term 0 for startAsFollower
2019-09-20 09:27:01,103 [pool-49-thread-1] INFO  impl.RoleInfo (RoleInfo.java:updateAndGet(143)) - 492ed782-6ab3-4ad9-945e-06def6ac7c96: start FollowerState
2019-09-20 09:27:01,103 [pool-49-thread-1] INFO  util.JmxRegister (JmxRegister.java:tryRegister(44)) - Successfully registered JMX Bean with object name Ratis:service=RaftServer,group=group-6EDD1D14131D,id=492ed782-6ab3-4ad9-945e-06def6ac7c96
2019-09-20 09:27:01,106 [RatisPipelineUtilsThread] INFO  pipeline.PipelineStateManager (PipelineStateManager.java:addPipeline(56)) - Created pipeline Pipeline[ Id: 24e50659-fe05-42b8-9928-6edd1d14131d, Nodes: 492ed782-6ab3-4ad9-945e-06def6ac7c96{ip: 192.168.36.99, host: pr-hdds-1569-p5fx8-1226042367, networkLocation: /default-rack, certSerialId: null}, Type:RATIS, Factor:ONE, State:OPEN]
2019-09-20 09:27:01,110 [492ed782-6ab3-4ad9-945e-06def6ac7c96-SegmentedRaftLogWorker:Storage Directory /workdir/hadoop-ozone/integration-test/target/test-dir/MiniOzoneClusterImpl-a33d77e5-464b-4d19-8e6b-a171e580bf0e/datanode-2/data/ratis/7526f8f6-c093-4b9c-b20e-a7ee72afc0cd] INFO  segmented.SegmentedRaftLogWorker (SegmentedRaftLogWorker.java:execute(569)) - 492ed782-6ab3-4ad9-945e-06def6ac7c96-SegmentedRaftLogWorker:Storage Directory /workdir/hadoop-ozone/integration-test/target/test-dir/MiniOzoneClusterImpl-a33d77e5-464b-4d19-8e6b-a171e580bf0e/datanode-2/data/ratis/7526f8f6-c093-4b9c-b20e-a7ee72afc0cd: created new log segment /workdir/hadoop-ozone/integration-test/target/test-dir/MiniOzoneClusterImpl-a33d77e5-464b-4d19-8e6b-a171e580bf0e/datanode-2/data/ratis/7526f8f6-c093-4b9c-b20e-a7ee72afc0cd/current/log_inprogress_0
2019-09-20 09:27:01,112 [grpc-default-executor-1] INFO  impl.RaftServerProxy (RaftServerProxy.java:addNew(89)) - 4840c00f-91d3-4881-a20b-4d0486ca97c0: addNew group-3F30D8B52B66:[4840c00f-91d3-4881-a20b-4d0486ca97c0:192.168.36.99:41473] returns group-3F30D8B52B66:java.util.concurrent.CompletableFuture@996821e[Not completed]
2019-09-20 09:27:01,114 [pool-60-thread-1] INFO  impl.RaftServerImpl (RaftServerImpl.java:<init>(93)) - 4840c00f-91d3-4881-a20b-4d0486ca97c0: new RaftServerImpl for group-3F30D8B52B66:[4840c00f-91d3-4881-a20b-4d0486ca97c0:192.168.36.99:41473] with ContainerStateMachine:uninitialized
2019-09-20 09:27:01,114 [pool-60-thread-1] INFO  server.RaftServerConfigKeys (ConfUtils.java:logGet(43)) - raft.server.rpc.timeout.min = 5s (custom)
2019-09-20 09:27:01,114 [pool-60-thread-1] INFO  server.RaftServerConfigKeys (ConfUtils.java:logGet(43)) - raft.server.rpc.timeout.max = 5200ms (custom)
2019-09-20 09:27:01,114 [pool-60-thread-1] INFO  server.RaftServerConfigKeys (ConfUtils.java:logGet(43)) - raft.server.rpcslowness.timeout = 10s (custom)
2019-09-20 09:27:01,115 [pool-60-thread-1] INFO  server.RaftServerConfigKeys (ConfUtils.java:logGet(43)) - raft.server.sleep.deviation.threshold = 300 (default)
2019-09-20 09:27:01,115 [pool-60-thread-1] INFO  server.RaftServerConfigKeys (ConfUtils.java:logGet(43)) - raft.server.log.appender.install.snapshot.enabled = false (custom)
2019-09-20 09:27:01,115 [pool-60-thread-1] INFO  impl.RaftServerImpl (ServerState.java:<init>(105)) - 4840c00f-91d3-4881-a20b-4d0486ca97c0:group-3F30D8B52B66 ConfigurationManager, init=-1: [4840c00f-91d3-4881-a20b-4d0486ca97c0:192.168.36.99:41473], old=null, confs=<EMPTY_MAP>
2019-09-20 09:27:01,115 [pool-60-thread-1] INFO  server.RaftServerConfigKeys (ConfUtils.java:logGet(43)) - raft.server.storage.dir = [/workdir/hadoop-ozone/integration-test/target/test-dir/MiniOzoneClusterImpl-a33d77e5-464b-4d19-8e6b-a171e580bf0e/datanode-3/data/ratis] (custom)
2019-09-20 09:27:01,115 [pool-60-thread-1] INFO  storage.RaftStorageDirectory (RaftStorageDirectory.java:analyzeStorage(246)) - The storage directory /workdir/hadoop-ozone/integration-test/target/test-dir/MiniOzoneClusterImpl-a33d77e5-464b-4d19-8e6b-a171e580bf0e/datanode-3/data/ratis/eccaa45b-011f-4fe7-b7de-3f30d8b52b66 does not exist. Creating ...
2019-09-20 09:27:01,127 [492ed782-6ab3-4ad9-945e-06def6ac7c96-SegmentedRaftLogWorker:Storage Directory /workdir/hadoop-ozone/integration-test/target/test-dir/MiniOzoneClusterImpl-a33d77e5-464b-4d19-8e6b-a171e580bf0e/datanode-2/data/ratis/1b2fb1d3-43e7-4255-b7e9-3aed33ccffc3] INFO  segmented.SegmentedRaftLogWorker (SegmentedRaftLogWorker.java:execute(569)) - 492ed782-6ab3-4ad9-945e-06def6ac7c96-SegmentedRaftLogWorker:Storage Directory /workdir/hadoop-ozone/integration-test/target/test-dir/MiniOzoneClusterImpl-a33d77e5-464b-4d19-8e6b-a171e580bf0e/datanode-2/data/ratis/1b2fb1d3-43e7-4255-b7e9-3aed33ccffc3: created new log segment /workdir/hadoop-ozone/integration-test/target/test-dir/MiniOzoneClusterImpl-a33d77e5-464b-4d19-8e6b-a171e580bf0e/datanode-2/data/ratis/1b2fb1d3-43e7-4255-b7e9-3aed33ccffc3/current/log_inprogress_0
2019-09-20 09:27:01,135 [871e6485-c22a-483f-9e07-d19e754685be:group-D86E06F54BD6:LeaderElection53] INFO  impl.LeaderElection (LeaderElection.java:askForVotes(181)) - 871e6485-c22a-483f-9e07-d19e754685be:group-D86E06F54BD6:LeaderElection53: begin an election at term 1 for -1: [871e6485-c22a-483f-9e07-d19e754685be:192.168.36.99:41076], old=null
2019-09-20 09:27:01,136 [871e6485-c22a-483f-9e07-d19e754685be:group-D86E06F54BD6:LeaderElection53] INFO  impl.RoleInfo (RoleInfo.java:shutdownLeaderElection(134)) - 871e6485-c22a-483f-9e07-d19e754685be: shutdown LeaderElection
2019-09-20 09:27:01,136 [871e6485-c22a-483f-9e07-d19e754685be:group-D86E06F54BD6:LeaderElection53] INFO  impl.RaftServerImpl (RaftServerImpl.java:setRole(171)) - 871e6485-c22a-483f-9e07-d19e754685be:group-D86E06F54BD6 changes role from CANDIDATE to LEADER at term 1 for changeToLeader
2019-09-20 09:27:01,136 [871e6485-c22a-483f-9e07-d19e754685be:group-D86E06F54BD6:LeaderElection53] INFO  impl.RaftServerImpl (ServerState.java:setLeader(263)) - 871e6485-c22a-483f-9e07-d19e754685be:group-D86E06F54BD6 change Leader from null to 871e6485-c22a-483f-9e07-d19e754685be at term 1 for becomeLeader, leader elected after 5065ms
2019-09-20 09:27:01,136 [871e6485-c22a-483f-9e07-d19e754685be:group-D86E06F54BD6:LeaderElection53] INFO  server.RaftServerConfigKeys (ConfUtils.java:logGet(43)) - raft.server.staging.catchup.gap = 1000 (default)
2019-09-20 09:27:01,136 [871e6485-c22a-483f-9e07-d19e754685be:group-D86E06F54BD6:LeaderElection53] INFO  server.RaftServerConfigKeys (ConfUtils.java:logGet(43)) - raft.server.rpc.sleep.time = 25ms (default)
2019-09-20 09:27:01,136 [871e6485-c22a-483f-9e07-d19e754685be:group-D86E06F54BD6:LeaderElection53] INFO  server.RaftServerConfigKeys (ConfUtils.java:logGet(43)) - raft.server.write.element-limit = 4096 (default)
2019-09-20 09:27:01,137 [871e6485-c22a-483f-9e07-d19e754685be:group-D86E06F54BD6:LeaderElection53] INFO  server.RaftServerConfigKeys (ConfUtils.java:logGet(43)) - raft.server.watch.timeout = 10s (default)
2019-09-20 09:27:01,137 [871e6485-c22a-483f-9e07-d19e754685be:group-D86E06F54BD6:LeaderElection53] INFO  server.RaftServerConfigKeys (ConfUtils.java:logGet(43)) - raft.server.watch.timeout.denomination = 1s (default)
2019-09-20 09:27:01,137 [871e6485-c22a-483f-9e07-d19e754685be:group-D86E06F54BD6:LeaderElection53] INFO  server.RaftServerConfigKeys (ConfUtils.java:logGet(43)) - raft.server.watch.element-limit = 65536 (default)
2019-09-20 09:27:01,137 [871e6485-c22a-483f-9e07-d19e754685be:group-D86E06F54BD6:LeaderElection53] INFO  impl.RoleInfo (RoleInfo.java:updateAndGet(143)) - 871e6485-c22a-483f-9e07-d19e754685be: start LeaderState
2019-09-20 09:27:01,137 [871e6485-c22a-483f-9e07-d19e754685be:group-D86E06F54BD6:LeaderElection53] INFO  segmented.SegmentedRaftLogWorker (SegmentedRaftLogWorker.java:startLogSegment(380)) - 871e6485-c22a-483f-9e07-d19e754685be-SegmentedRaftLogWorker:Storage Directory /workdir/hadoop-ozone/integration-test/target/test-dir/MiniOzoneClusterImpl-a33d77e5-464b-4d19-8e6b-a171e580bf0e/datanode-4/data/ratis/030660f3-f707-4a13-b766-d86e06f54bd6: Starting segment from index:0
2019-09-20 09:27:01,138 [871e6485-c22a-483f-9e07-d19e754685be:group-D86E06F54BD6:LeaderElection53] INFO  impl.RaftServerImpl (ServerState.java:setRaftConf(361)) - 871e6485-c22a-483f-9e07-d19e754685be:group-D86E06F54BD6 set configuration 0: [871e6485-c22a-483f-9e07-d19e754685be:192.168.36.99:41076], old=null at 0
2019-09-20 09:27:01,144 [pool-60-thread-1] INFO  storage.RaftStorageDirectory (RaftStorageDirectory.java:tryLock(328)) - Lock on /workdir/hadoop-ozone/integration-test/target/test-dir/MiniOzoneClusterImpl-a33d77e5-464b-4d19-8e6b-a171e580bf0e/datanode-3/data/ratis/eccaa45b-011f-4fe7-b7de-3f30d8b52b66/in_use.lock acquired by nodename 7145@pr-hdds-1569-p5fx8-1226042367
2019-09-20 09:27:01,161 [fd3cd5f9-4f1c-43ea-91b1-b85a1f6c3825-SegmentedRaftLogWorker:Storage Directory /workdir/hadoop-ozone/integration-test/target/test-dir/MiniOzoneClusterImpl-a33d77e5-464b-4d19-8e6b-a171e580bf0e/datanode-1/data/ratis/fad28e52-3e87-4ab8-a8a6-9254ab67bf05] INFO  segmented.SegmentedRaftLogWorker (SegmentedRaftLogWorker.java:execute(569)) - fd3cd5f9-4f1c-43ea-91b1-b85a1f6c3825-SegmentedRaftLogWorker:Storage Directory /workdir/hadoop-ozone/integration-test/target/test-dir/MiniOzoneClusterImpl-a33d77e5-464b-4d19-8e6b-a171e580bf0e/datanode-1/data/ratis/fad28e52-3e87-4ab8-a8a6-9254ab67bf05: created new log segment /workdir/hadoop-ozone/integration-test/target/test-dir/MiniOzoneClusterImpl-a33d77e5-464b-4d19-8e6b-a171e580bf0e/datanode-1/data/ratis/fad28e52-3e87-4ab8-a8a6-9254ab67bf05/current/log_inprogress_0
2019-09-20 09:27:01,168 [Thread-384] INFO  impl.FollowerState (FollowerState.java:run(106)) - 492ed782-6ab3-4ad9-945e-06def6ac7c96:group-6D4E723219BF changes to CANDIDATE, lastRpcTime:5034, electionTimeout:5034ms
2019-09-20 09:27:01,168 [Thread-384] INFO  impl.RoleInfo (RoleInfo.java:shutdownFollowerState(121)) - 492ed782-6ab3-4ad9-945e-06def6ac7c96: shutdown FollowerState
2019-09-20 09:27:01,168 [Thread-384] INFO  impl.RaftServerImpl (RaftServerImpl.java:setRole(171)) - 492ed782-6ab3-4ad9-945e-06def6ac7c96:group-6D4E723219BF changes role from FOLLOWER to CANDIDATE at term 0 for changeToCandidate
2019-09-20 09:27:01,168 [Thread-384] INFO  impl.RoleInfo (RoleInfo.java:updateAndGet(143)) - 492ed782-6ab3-4ad9-945e-06def6ac7c96: start LeaderElection
2019-09-20 09:27:01,178 [pool-60-thread-1] INFO  storage.RaftStorage (RaftStorage.java:format(72)) - Storage directory /workdir/hadoop-ozone/integration-test/target/test-dir/MiniOzoneClusterImpl-a33d77e5-464b-4d19-8e6b-a171e580bf0e/datanode-3/data/ratis/eccaa45b-011f-4fe7-b7de-3f30d8b52b66 has been successfully formatted.
2019-09-20 09:27:01,178 [pool-60-thread-1] INFO  ratis.ContainerStateMachine (ContainerStateMachine.java:loadSnapshot(226)) - group-3F30D8B52B66: The snapshot info is null. Setting the last applied indexto:(t:0, i:~)
2019-09-20 09:27:01,178 [pool-60-thread-1] INFO  server.RaftServerConfigKeys (ConfUtils.java:logGet(43)) - raft.server.leader.election.timeout = 10s (custom)
2019-09-20 09:27:01,179 [pool-60-thread-1] INFO  server.RaftServerConfigKeys (ConfUtils.java:logGet(43)) - raft.server.log.use.memory = false (default)
2019-09-20 09:27:01,179 [pool-60-thread-1] INFO  server.RaftServerConfigKeys (ConfUtils.java:logGet(43)) - raft.server.log.purge.gap = 1000000 (custom)
2019-09-20 09:27:01,179 [pool-60-thread-1] INFO  server.RaftServerConfigKeys (ConfUtils.java:logGet(43)) - raft.server.log.appender.buffer.byte-limit = 33554432 (custom)
2019-09-20 09:27:01,179 [pool-60-thread-1] INFO  server.RaftServerConfigKeys (ConfUtils.java:logGet(43)) - raft.server.log.segment.size.max = 1048576 (custom)
2019-09-20 09:27:01,179 [pool-60-thread-1] INFO  server.RaftServerConfigKeys (ConfUtils.java:logGet(43)) - raft.server.log.segment.cache.num.max = 2 (custom)
2019-09-20 09:27:01,179 [pool-60-thread-1] INFO  segmented.SegmentedRaftLogWorker (SegmentedRaftLogWorker.java:<init>(172)) - new 4840c00f-91d3-4881-a20b-4d0486ca97c0-SegmentedRaftLogWorker:Storage Directory /workdir/hadoop-ozone/integration-test/target/test-dir/MiniOzoneClusterImpl-a33d77e5-464b-4d19-8e6b-a171e580bf0e/datanode-3/data/ratis/eccaa45b-011f-4fe7-b7de-3f30d8b52b66 for RaftStorage:Storage Directory /workdir/hadoop-ozone/integration-test/target/test-dir/MiniOzoneClusterImpl-a33d77e5-464b-4d19-8e6b-a171e580bf0e/datanode-3/data/ratis/eccaa45b-011f-4fe7-b7de-3f30d8b52b66
2019-09-20 09:27:01,180 [pool-60-thread-1] INFO  server.RaftServerConfigKeys (ConfUtils.java:logGet(43)) - raft.server.log.queue.byte-limit = 2147483647 (custom)
2019-09-20 09:27:01,180 [pool-60-thread-1] INFO  server.RaftServerConfigKeys (ConfUtils.java:logGet(43)) - raft.server.log.queue.element-limit = 1024 (custom)
2019-09-20 09:27:01,180 [pool-60-thread-1] INFO  server.RaftServerConfigKeys (ConfUtils.java:logGet(43)) - raft.server.log.segment.size.max = 1048576 (custom)
2019-09-20 09:27:01,180 [pool-60-thread-1] INFO  server.RaftServerConfigKeys (ConfUtils.java:logGet(43)) - raft.server.log.preallocated.size = 16384 (custom)
2019-09-20 09:27:01,180 [pool-60-thread-1] INFO  server.RaftServerConfigKeys (ConfUtils.java:logGet(43)) - raft.server.log.write.buffer.size = 33554432 (custom)
2019-09-20 09:27:01,180 [pool-60-thread-1] INFO  server.RaftServerConfigKeys (ConfUtils.java:logGet(43)) - raft.server.log.force.sync.num = 128 (default)
2019-09-20 09:27:01,180 [pool-60-thread-1] INFO  server.RaftServerConfigKeys (ConfUtils.java:logGet(43)) - raft.server.log.statemachine.data.sync = true (default)
2019-09-20 09:27:01,180 [pool-60-thread-1] INFO  server.RaftServerConfigKeys (ConfUtils.java:logGet(43)) - raft.server.log.statemachine.data.sync.timeout = 10s (default)
2019-09-20 09:27:01,180 [pool-60-thread-1] INFO  server.RaftServerConfigKeys (ConfUtils.java:logGet(43)) - raft.server.log.statemachine.data.sync.timeout.retry = -1 (default)
2019-09-20 09:27:01,180 [pool-60-thread-1] INFO  server.RaftServerConfigKeys (ConfUtils.java:logGet(43)) - raft.server.log.statemachine.data.caching.enabled = true (custom)
2019-09-20 09:27:01,181 [pool-60-thread-1] INFO  segmented.SegmentedRaftLogWorker (SegmentedRaftLogWorker.java:lambda$new$0(132)) - 4840c00f-91d3-4881-a20b-4d0486ca97c0-SegmentedRaftLogWorker:Storage Directory /workdir/hadoop-ozone/integration-test/target/test-dir/MiniOzoneClusterImpl-a33d77e5-464b-4d19-8e6b-a171e580bf0e/datanode-3/data/ratis/eccaa45b-011f-4fe7-b7de-3f30d8b52b66: flushIndex: setUnconditionally 0 -> -1
2019-09-20 09:27:01,181 [pool-60-thread-1] INFO  server.RaftServerConfigKeys (ConfUtils.java:logGet(43)) - raft.server.snapshot.auto.trigger.enabled = true (custom)
2019-09-20 09:27:01,181 [pool-60-thread-1] INFO  server.RaftServerConfigKeys (ConfUtils.java:logGet(43)) - raft.server.snapshot.auto.trigger.threshold = 10000 (custom)
2019-09-20 09:27:01,181 [pool-60-thread-1] INFO  server.RaftServerConfigKeys (ConfUtils.java:logGet(43)) - raft.server.retrycache.expirytime = 600000ms (custom)
2019-09-20 09:27:01,181 [pool-60-thread-1] INFO  impl.RaftServerImpl (RaftServerImpl.java:start(180)) - 4840c00f-91d3-4881-a20b-4d0486ca97c0: start group-3F30D8B52B66
2019-09-20 09:27:01,181 [pool-60-thread-1] INFO  impl.RaftServerImpl (RaftServerImpl.java:setRole(171)) - 4840c00f-91d3-4881-a20b-4d0486ca97c0:group-3F30D8B52B66 changes role from null to FOLLOWER at term 0 for startAsFollower
2019-09-20 09:27:01,182 [pool-60-thread-1] INFO  impl.RoleInfo (RoleInfo.java:updateAndGet(143)) - 4840c00f-91d3-4881-a20b-4d0486ca97c0: start FollowerState
2019-09-20 09:27:01,182 [pool-60-thread-1] INFO  util.JmxRegister (JmxRegister.java:tryRegister(44)) - Successfully registered JMX Bean with object name Ratis:service=RaftServer,group=group-3F30D8B52B66,id=4840c00f-91d3-4881-a20b-4d0486ca97c0
2019-09-20 09:27:01,185 [RatisPipelineUtilsThread] INFO  pipeline.PipelineStateManager (PipelineStateManager.java:addPipeline(56)) - Created pipeline Pipeline[ Id: eccaa45b-011f-4fe7-b7de-3f30d8b52b66, Nodes: 4840c00f-91d3-4881-a20b-4d0486ca97c0{ip: 192.168.36.99, host: pr-hdds-1569-p5fx8-1226042367, networkLocation: /default-rack, certSerialId: null}, Type:RATIS, Factor:ONE, State:OPEN]
2019-09-20 09:27:01,190 [grpc-default-executor-1] INFO  impl.RaftServerProxy (RaftServerProxy.java:addNew(89)) - 4840c00f-91d3-4881-a20b-4d0486ca97c0: addNew group-E1482C968AE7:[4840c00f-91d3-4881-a20b-4d0486ca97c0:192.168.36.99:41473] returns group-E1482C968AE7:java.util.concurrent.CompletableFuture@539cf76c[Not completed]
2019-09-20 09:27:01,191 [pool-60-thread-1] INFO  impl.RaftServerImpl (RaftServerImpl.java:<init>(93)) - 4840c00f-91d3-4881-a20b-4d0486ca97c0: new RaftServerImpl for group-E1482C968AE7:[4840c00f-91d3-4881-a20b-4d0486ca97c0:192.168.36.99:41473] with ContainerStateMachine:uninitialized
2019-09-20 09:27:01,191 [pool-60-thread-1] INFO  server.RaftServerConfigKeys (ConfUtils.java:logGet(43)) - raft.server.rpc.timeout.min = 5s (custom)
2019-09-20 09:27:01,192 [pool-60-thread-1] INFO  server.RaftServerConfigKeys (ConfUtils.java:logGet(43)) - raft.server.rpc.timeout.max = 5200ms (custom)
2019-09-20 09:27:01,192 [pool-60-thread-1] INFO  server.RaftServerConfigKeys (ConfUtils.java:logGet(43)) - raft.server.rpcslowness.timeout = 10s (custom)
2019-09-20 09:27:01,192 [pool-60-thread-1] INFO  server.RaftServerConfigKeys (ConfUtils.java:logGet(43)) - raft.server.sleep.deviation.threshold = 300 (default)
2019-09-20 09:27:01,192 [pool-60-thread-1] INFO  server.RaftServerConfigKeys (ConfUtils.java:logGet(43)) - raft.server.log.appender.install.snapshot.enabled = false (custom)
2019-09-20 09:27:01,192 [pool-60-thread-1] INFO  impl.RaftServerImpl (ServerState.java:<init>(105)) - 4840c00f-91d3-4881-a20b-4d0486ca97c0:group-E1482C968AE7 ConfigurationManager, init=-1: [4840c00f-91d3-4881-a20b-4d0486ca97c0:192.168.36.99:41473], old=null, confs=<EMPTY_MAP>
2019-09-20 09:27:01,192 [pool-60-thread-1] INFO  server.RaftServerConfigKeys (ConfUtils.java:logGet(43)) - raft.server.storage.dir = [/workdir/hadoop-ozone/integration-test/target/test-dir/MiniOzoneClusterImpl-a33d77e5-464b-4d19-8e6b-a171e580bf0e/datanode-3/data/ratis] (custom)
2019-09-20 09:27:01,192 [pool-60-thread-1] INFO  storage.RaftStorageDirectory (RaftStorageDirectory.java:analyzeStorage(246)) - The storage directory /workdir/hadoop-ozone/integration-test/target/test-dir/MiniOzoneClusterImpl-a33d77e5-464b-4d19-8e6b-a171e580bf0e/datanode-3/data/ratis/54db80f4-29bf-46f9-affe-e1482c968ae7 does not exist. Creating ...
2019-09-20 09:27:01,212 [871e6485-c22a-483f-9e07-d19e754685be-SegmentedRaftLogWorker:Storage Directory /workdir/hadoop-ozone/integration-test/target/test-dir/MiniOzoneClusterImpl-a33d77e5-464b-4d19-8e6b-a171e580bf0e/datanode-4/data/ratis/030660f3-f707-4a13-b766-d86e06f54bd6] INFO  segmented.SegmentedRaftLogWorker (SegmentedRaftLogWorker.java:execute(569)) - 871e6485-c22a-483f-9e07-d19e754685be-SegmentedRaftLogWorker:Storage Directory /workdir/hadoop-ozone/integration-test/target/test-dir/MiniOzoneClusterImpl-a33d77e5-464b-4d19-8e6b-a171e580bf0e/datanode-4/data/ratis/030660f3-f707-4a13-b766-d86e06f54bd6: created new log segment /workdir/hadoop-ozone/integration-test/target/test-dir/MiniOzoneClusterImpl-a33d77e5-464b-4d19-8e6b-a171e580bf0e/datanode-4/data/ratis/030660f3-f707-4a13-b766-d86e06f54bd6/current/log_inprogress_0
2019-09-20 09:27:01,220 [492ed782-6ab3-4ad9-945e-06def6ac7c96:group-6D4E723219BF:LeaderElection54] INFO  impl.LeaderElection (LeaderElection.java:askForVotes(181)) - 492ed782-6ab3-4ad9-945e-06def6ac7c96:group-6D4E723219BF:LeaderElection54: begin an election at term 1 for -1: [492ed782-6ab3-4ad9-945e-06def6ac7c96:192.168.36.99:32835], old=null
2019-09-20 09:27:01,221 [492ed782-6ab3-4ad9-945e-06def6ac7c96:group-6D4E723219BF:LeaderElection54] INFO  impl.RoleInfo (RoleInfo.java:shutdownLeaderElection(134)) - 492ed782-6ab3-4ad9-945e-06def6ac7c96: shutdown LeaderElection
2019-09-20 09:27:01,221 [492ed782-6ab3-4ad9-945e-06def6ac7c96:group-6D4E723219BF:LeaderElection54] INFO  impl.RaftServerImpl (RaftServerImpl.java:setRole(171)) - 492ed782-6ab3-4ad9-945e-06def6ac7c96:group-6D4E723219BF changes role from CANDIDATE to LEADER at term 1 for changeToLeader
2019-09-20 09:27:01,221 [492ed782-6ab3-4ad9-945e-06def6ac7c96:group-6D4E723219BF:LeaderElection54] INFO  impl.RaftServerImpl (ServerState.java:setLeader(263)) - 492ed782-6ab3-4ad9-945e-06def6ac7c96:group-6D4E723219BF change Leader from null to 492ed782-6ab3-4ad9-945e-06def6ac7c96 at term 1 for becomeLeader, leader elected after 5091ms
2019-09-20 09:27:01,221 [492ed782-6ab3-4ad9-945e-06def6ac7c96:group-6D4E723219BF:LeaderElection54] INFO  server.RaftServerConfigKeys (ConfUtils.java:logGet(43)) - raft.server.staging.catchup.gap = 1000 (default)
2019-09-20 09:27:01,221 [492ed782-6ab3-4ad9-945e-06def6ac7c96:group-6D4E723219BF:LeaderElection54] INFO  server.RaftServerConfigKeys (ConfUtils.java:logGet(43)) - raft.server.rpc.sleep.time = 25ms (default)
2019-09-20 09:27:01,221 [492ed782-6ab3-4ad9-945e-06def6ac7c96:group-6D4E723219BF:LeaderElection54] INFO  server.RaftServerConfigKeys (ConfUtils.java:logGet(43)) - raft.server.write.element-limit = 4096 (default)
2019-09-20 09:27:01,222 [492ed782-6ab3-4ad9-945e-06def6ac7c96:group-6D4E723219BF:LeaderElection54] INFO  server.RaftServerConfigKeys (ConfUtils.java:logGet(43)) - raft.server.watch.timeout = 10s (default)
2019-09-20 09:27:01,222 [492ed782-6ab3-4ad9-945e-06def6ac7c96:group-6D4E723219BF:LeaderElection54] INFO  server.RaftServerConfigKeys (ConfUtils.java:logGet(43)) - raft.server.watch.timeout.denomination = 1s (default)
2019-09-20 09:27:01,222 [492ed782-6ab3-4ad9-945e-06def6ac7c96:group-6D4E723219BF:LeaderElection54] INFO  server.RaftServerConfigKeys (ConfUtils.java:logGet(43)) - raft.server.watch.element-limit = 65536 (default)
2019-09-20 09:27:01,222 [492ed782-6ab3-4ad9-945e-06def6ac7c96:group-6D4E723219BF:LeaderElection54] INFO  impl.RoleInfo (RoleInfo.java:updateAndGet(143)) - 492ed782-6ab3-4ad9-945e-06def6ac7c96: start LeaderState
2019-09-20 09:27:01,222 [492ed782-6ab3-4ad9-945e-06def6ac7c96:group-6D4E723219BF:LeaderElection54] INFO  segmented.SegmentedRaftLogWorker (SegmentedRaftLogWorker.java:startLogSegment(380)) - 492ed782-6ab3-4ad9-945e-06def6ac7c96-SegmentedRaftLogWorker:Storage Directory /workdir/hadoop-ozone/integration-test/target/test-dir/MiniOzoneClusterImpl-a33d77e5-464b-4d19-8e6b-a171e580bf0e/datanode-2/data/ratis/02242169-2c3a-4694-8a13-6d4e723219bf: Starting segment from index:0
2019-09-20 09:27:01,223 [492ed782-6ab3-4ad9-945e-06def6ac7c96:group-6D4E723219BF:LeaderElection54] INFO  impl.RaftServerImpl (ServerState.java:setRaftConf(361)) - 492ed782-6ab3-4ad9-945e-06def6ac7c96:group-6D4E723219BF set configuration 0: [492ed782-6ab3-4ad9-945e-06def6ac7c96:192.168.36.99:32835], old=null at 0
2019-09-20 09:27:01,229 [pool-60-thread-1] INFO  storage.RaftStorageDirectory (RaftStorageDirectory.java:tryLock(328)) - Lock on /workdir/hadoop-ozone/integration-test/target/test-dir/MiniOzoneClusterImpl-a33d77e5-464b-4d19-8e6b-a171e580bf0e/datanode-3/data/ratis/54db80f4-29bf-46f9-affe-e1482c968ae7/in_use.lock acquired by nodename 7145@pr-hdds-1569-p5fx8-1226042367
2019-09-20 09:27:01,246 [pool-60-thread-1] INFO  storage.RaftStorage (RaftStorage.java:format(72)) - Storage directory /workdir/hadoop-ozone/integration-test/target/test-dir/MiniOzoneClusterImpl-a33d77e5-464b-4d19-8e6b-a171e580bf0e/datanode-3/data/ratis/54db80f4-29bf-46f9-affe-e1482c968ae7 has been successfully formatted.
2019-09-20 09:27:01,246 [pool-60-thread-1] INFO  ratis.ContainerStateMachine (ContainerStateMachine.java:loadSnapshot(226)) - group-E1482C968AE7: The snapshot info is null. Setting the last applied indexto:(t:0, i:~)
2019-09-20 09:27:01,246 [pool-60-thread-1] INFO  server.RaftServerConfigKeys (ConfUtils.java:logGet(43)) - raft.server.leader.election.timeout = 10s (custom)
2019-09-20 09:27:01,247 [pool-60-thread-1] INFO  server.RaftServerConfigKeys (ConfUtils.java:logGet(43)) - raft.server.log.use.memory = false (default)
2019-09-20 09:27:01,247 [pool-60-thread-1] INFO  server.RaftServerConfigKeys (ConfUtils.java:logGet(43)) - raft.server.log.purge.gap = 1000000 (custom)
2019-09-20 09:27:01,247 [pool-60-thread-1] INFO  server.RaftServerConfigKeys (ConfUtils.java:logGet(43)) - raft.server.log.appender.buffer.byte-limit = 33554432 (custom)
2019-09-20 09:27:01,247 [pool-60-thread-1] INFO  server.RaftServerConfigKeys (ConfUtils.java:logGet(43)) - raft.server.log.segment.size.max = 1048576 (custom)
2019-09-20 09:27:01,247 [pool-60-thread-1] INFO  server.RaftServerConfigKeys (ConfUtils.java:logGet(43)) - raft.server.log.segment.cache.num.max = 2 (custom)
2019-09-20 09:27:01,247 [pool-60-thread-1] INFO  segmented.SegmentedRaftLogWorker (SegmentedRaftLogWorker.java:<init>(172)) - new 4840c00f-91d3-4881-a20b-4d0486ca97c0-SegmentedRaftLogWorker:Storage Directory /workdir/hadoop-ozone/integration-test/target/test-dir/MiniOzoneClusterImpl-a33d77e5-464b-4d19-8e6b-a171e580bf0e/datanode-3/data/ratis/54db80f4-29bf-46f9-affe-e1482c968ae7 for RaftStorage:Storage Directory /workdir/hadoop-ozone/integration-test/target/test-dir/MiniOzoneClusterImpl-a33d77e5-464b-4d19-8e6b-a171e580bf0e/datanode-3/data/ratis/54db80f4-29bf-46f9-affe-e1482c968ae7
2019-09-20 09:27:01,247 [pool-60-thread-1] INFO  server.RaftServerConfigKeys (ConfUtils.java:logGet(43)) - raft.server.log.queue.byte-limit = 2147483647 (custom)
2019-09-20 09:27:01,247 [pool-60-thread-1] INFO  server.RaftServerConfigKeys (ConfUtils.java:logGet(43)) - raft.server.log.queue.element-limit = 1024 (custom)
2019-09-20 09:27:01,247 [pool-60-thread-1] INFO  server.RaftServerConfigKeys (ConfUtils.java:logGet(43)) - raft.server.log.segment.size.max = 1048576 (custom)
2019-09-20 09:27:01,247 [pool-60-thread-1] INFO  server.RaftServerConfigKeys (ConfUtils.java:logGet(43)) - raft.server.log.preallocated.size = 16384 (custom)
2019-09-20 09:27:01,248 [pool-60-thread-1] INFO  server.RaftServerConfigKeys (ConfUtils.java:logGet(43)) - raft.server.log.write.buffer.size = 33554432 (custom)
2019-09-20 09:27:01,248 [pool-60-thread-1] INFO  server.RaftServerConfigKeys (ConfUtils.java:logGet(43)) - raft.server.log.force.sync.num = 128 (default)
2019-09-20 09:27:01,248 [pool-60-thread-1] INFO  server.RaftServerConfigKeys (ConfUtils.java:logGet(43)) - raft.server.log.statemachine.data.sync = true (default)
2019-09-20 09:27:01,248 [pool-60-thread-1] INFO  server.RaftServerConfigKeys (ConfUtils.java:logGet(43)) - raft.server.log.statemachine.data.sync.timeout = 10s (default)
2019-09-20 09:27:01,248 [pool-60-thread-1] INFO  server.RaftServerConfigKeys (ConfUtils.java:logGet(43)) - raft.server.log.statemachine.data.sync.timeout.retry = -1 (default)
2019-09-20 09:27:01,248 [pool-60-thread-1] INFO  server.RaftServerConfigKeys (ConfUtils.java:logGet(43)) - raft.server.log.statemachine.data.caching.enabled = true (custom)
2019-09-20 09:27:01,248 [pool-60-thread-1] INFO  segmented.SegmentedRaftLogWorker (SegmentedRaftLogWorker.java:lambda$new$0(132)) - 4840c00f-91d3-4881-a20b-4d0486ca97c0-SegmentedRaftLogWorker:Storage Directory /workdir/hadoop-ozone/integration-test/target/test-dir/MiniOzoneClusterImpl-a33d77e5-464b-4d19-8e6b-a171e580bf0e/datanode-3/data/ratis/54db80f4-29bf-46f9-affe-e1482c968ae7: flushIndex: setUnconditionally 0 -> -1
2019-09-20 09:27:01,249 [pool-60-thread-1] INFO  server.RaftServerConfigKeys (ConfUtils.java:logGet(43)) - raft.server.snapshot.auto.trigger.enabled = true (custom)
2019-09-20 09:27:01,249 [pool-60-thread-1] INFO  server.RaftServerConfigKeys (ConfUtils.java:logGet(43)) - raft.server.snapshot.auto.trigger.threshold = 10000 (custom)
2019-09-20 09:27:01,249 [pool-60-thread-1] INFO  server.RaftServerConfigKeys (ConfUtils.java:logGet(43)) - raft.server.retrycache.expirytime = 600000ms (custom)
2019-09-20 09:27:01,249 [pool-60-thread-1] INFO  impl.RaftServerImpl (RaftServerImpl.java:start(180)) - 4840c00f-91d3-4881-a20b-4d0486ca97c0: start group-E1482C968AE7
2019-09-20 09:27:01,249 [pool-60-thread-1] INFO  impl.RaftServerImpl (RaftServerImpl.java:setRole(171)) - 4840c00f-91d3-4881-a20b-4d0486ca97c0:group-E1482C968AE7 changes role from null to FOLLOWER at term 0 for startAsFollower
2019-09-20 09:27:01,249 [pool-60-thread-1] INFO  impl.RoleInfo (RoleInfo.java:updateAndGet(143)) - 4840c00f-91d3-4881-a20b-4d0486ca97c0: start FollowerState
2019-09-20 09:27:01,250 [pool-60-thread-1] INFO  util.JmxRegister (JmxRegister.java:tryRegister(44)) - Successfully registered JMX Bean with object name Ratis:service=RaftServer,group=group-E1482C968AE7,id=4840c00f-91d3-4881-a20b-4d0486ca97c0
2019-09-20 09:27:01,253 [RatisPipelineUtilsThread] INFO  pipeline.PipelineStateManager (PipelineStateManager.java:addPipeline(56)) - Created pipeline Pipeline[ Id: 54db80f4-29bf-46f9-affe-e1482c968ae7, Nodes: 4840c00f-91d3-4881-a20b-4d0486ca97c0{ip: 192.168.36.99, host: pr-hdds-1569-p5fx8-1226042367, networkLocation: /default-rack, certSerialId: null}, Type:RATIS, Factor:ONE, State:OPEN]
2019-09-20 09:27:01,258 [grpc-default-executor-1] INFO  impl.RaftServerProxy (RaftServerProxy.java:addNew(89)) - 02b93e76-e4c6-4b67-b8a4-c536d9ab7224: addNew group-45895A567D29:[02b93e76-e4c6-4b67-b8a4-c536d9ab7224:192.168.36.99:39343] returns group-45895A567D29:java.util.concurrent.CompletableFuture@163f2fca[Not completed]
2019-09-20 09:27:01,260 [pool-27-thread-1] INFO  impl.RaftServerImpl (RaftServerImpl.java:<init>(93)) - 02b93e76-e4c6-4b67-b8a4-c536d9ab7224: new RaftServerImpl for group-45895A567D29:[02b93e76-e4c6-4b67-b8a4-c536d9ab7224:192.168.36.99:39343] with ContainerStateMachine:uninitialized
2019-09-20 09:27:01,260 [pool-27-thread-1] INFO  server.RaftServerConfigKeys (ConfUtils.java:logGet(43)) - raft.server.rpc.timeout.min = 5s (custom)
2019-09-20 09:27:01,260 [pool-27-thread-1] INFO  server.RaftServerConfigKeys (ConfUtils.java:logGet(43)) - raft.server.rpc.timeout.max = 5200ms (custom)
2019-09-20 09:27:01,260 [pool-27-thread-1] INFO  server.RaftServerConfigKeys (ConfUtils.java:logGet(43)) - raft.server.rpcslowness.timeout = 10s (custom)
2019-09-20 09:27:01,261 [pool-27-thread-1] INFO  server.RaftServerConfigKeys (ConfUtils.java:logGet(43)) - raft.server.sleep.deviation.threshold = 300 (default)
2019-09-20 09:27:01,261 [pool-27-thread-1] INFO  server.RaftServerConfigKeys (ConfUtils.java:logGet(43)) - raft.server.log.appender.install.snapshot.enabled = false (custom)
2019-09-20 09:27:01,261 [pool-27-thread-1] INFO  impl.RaftServerImpl (ServerState.java:<init>(105)) - 02b93e76-e4c6-4b67-b8a4-c536d9ab7224:group-45895A567D29 ConfigurationManager, init=-1: [02b93e76-e4c6-4b67-b8a4-c536d9ab7224:192.168.36.99:39343], old=null, confs=<EMPTY_MAP>
2019-09-20 09:27:01,261 [pool-27-thread-1] INFO  server.RaftServerConfigKeys (ConfUtils.java:logGet(43)) - raft.server.storage.dir = [/workdir/hadoop-ozone/integration-test/target/test-dir/MiniOzoneClusterImpl-a33d77e5-464b-4d19-8e6b-a171e580bf0e/datanode-0/data/ratis] (custom)
2019-09-20 09:27:01,262 [pool-27-thread-1] INFO  storage.RaftStorageDirectory (RaftStorageDirectory.java:analyzeStorage(246)) - The storage directory /workdir/hadoop-ozone/integration-test/target/test-dir/MiniOzoneClusterImpl-a33d77e5-464b-4d19-8e6b-a171e580bf0e/datanode-0/data/ratis/326e641a-40f6-4bac-b1fa-45895a567d29 does not exist. Creating ...
2019-09-20 09:27:01,274 [Thread-387] INFO  impl.FollowerState (FollowerState.java:run(106)) - 492ed782-6ab3-4ad9-945e-06def6ac7c96:group-269B9CF6F9D1 changes to CANDIDATE, lastRpcTime:5031, electionTimeout:5031ms
2019-09-20 09:27:01,274 [Thread-387] INFO  impl.RoleInfo (RoleInfo.java:shutdownFollowerState(121)) - 492ed782-6ab3-4ad9-945e-06def6ac7c96: shutdown FollowerState
2019-09-20 09:27:01,274 [Thread-387] INFO  impl.RaftServerImpl (RaftServerImpl.java:setRole(171)) - 492ed782-6ab3-4ad9-945e-06def6ac7c96:group-269B9CF6F9D1 changes role from FOLLOWER to CANDIDATE at term 0 for changeToCandidate
2019-09-20 09:27:01,274 [Thread-387] INFO  impl.RoleInfo (RoleInfo.java:updateAndGet(143)) - 492ed782-6ab3-4ad9-945e-06def6ac7c96: start LeaderElection
2019-09-20 09:27:01,282 | INFO  | SCMAudit | user=jenkins1000 | ip=192.168.36.99 | op=SEND_HEARTBEAT {datanodeUUID=4840c00f-91d3-4881-a20b-4d0486ca97c0, command=[]} | ret=SUCCESS |  
2019-09-20 09:27:01,283 | INFO  | SCMAudit | user=jenkins1000 | ip=192.168.36.99 | op=SEND_HEARTBEAT {datanodeUUID=492ed782-6ab3-4ad9-945e-06def6ac7c96, command=[]} | ret=SUCCESS |  
2019-09-20 09:27:01,283 | INFO  | SCMAudit | user=jenkins1000 | ip=192.168.36.99 | op=SEND_HEARTBEAT {datanodeUUID=871e6485-c22a-483f-9e07-d19e754685be, command=[]} | ret=SUCCESS |  
2019-09-20 09:27:01,296 [pool-27-thread-1] INFO  storage.RaftStorageDirectory (RaftStorageDirectory.java:tryLock(328)) - Lock on /workdir/hadoop-ozone/integration-test/target/test-dir/MiniOzoneClusterImpl-a33d77e5-464b-4d19-8e6b-a171e580bf0e/datanode-0/data/ratis/326e641a-40f6-4bac-b1fa-45895a567d29/in_use.lock acquired by nodename 7145@pr-hdds-1569-p5fx8-1226042367
2019-09-20 09:27:01,297 [492ed782-6ab3-4ad9-945e-06def6ac7c96:group-269B9CF6F9D1:LeaderElection55] INFO  impl.LeaderElection (LeaderElection.java:askForVotes(181)) - 492ed782-6ab3-4ad9-945e-06def6ac7c96:group-269B9CF6F9D1:LeaderElection55: begin an election at term 1 for -1: [492ed782-6ab3-4ad9-945e-06def6ac7c96:192.168.36.99:32835], old=null
2019-09-20 09:27:01,297 [492ed782-6ab3-4ad9-945e-06def6ac7c96-SegmentedRaftLogWorker:Storage Directory /workdir/hadoop-ozone/integration-test/target/test-dir/MiniOzoneClusterImpl-a33d77e5-464b-4d19-8e6b-a171e580bf0e/datanode-2/data/ratis/02242169-2c3a-4694-8a13-6d4e723219bf] INFO  segmented.SegmentedRaftLogWorker (SegmentedRaftLogWorker.java:execute(569)) - 492ed782-6ab3-4ad9-945e-06def6ac7c96-SegmentedRaftLogWorker:Storage Directory /workdir/hadoop-ozone/integration-test/target/test-dir/MiniOzoneClusterImpl-a33d77e5-464b-4d19-8e6b-a171e580bf0e/datanode-2/data/ratis/02242169-2c3a-4694-8a13-6d4e723219bf: created new log segment /workdir/hadoop-ozone/integration-test/target/test-dir/MiniOzoneClusterImpl-a33d77e5-464b-4d19-8e6b-a171e580bf0e/datanode-2/data/ratis/02242169-2c3a-4694-8a13-6d4e723219bf/current/log_inprogress_0
2019-09-20 09:27:01,297 [492ed782-6ab3-4ad9-945e-06def6ac7c96:group-269B9CF6F9D1:LeaderElection55] INFO  impl.RoleInfo (RoleInfo.java:shutdownLeaderElection(134)) - 492ed782-6ab3-4ad9-945e-06def6ac7c96: shutdown LeaderElection
2019-09-20 09:27:01,297 [492ed782-6ab3-4ad9-945e-06def6ac7c96:group-269B9CF6F9D1:LeaderElection55] INFO  impl.RaftServerImpl (RaftServerImpl.java:setRole(171)) - 492ed782-6ab3-4ad9-945e-06def6ac7c96:group-269B9CF6F9D1 changes role from CANDIDATE to LEADER at term 1 for changeToLeader
2019-09-20 09:27:01,297 [492ed782-6ab3-4ad9-945e-06def6ac7c96:group-269B9CF6F9D1:LeaderElection55] INFO  impl.RaftServerImpl (ServerState.java:setLeader(263)) - 492ed782-6ab3-4ad9-945e-06def6ac7c96:group-269B9CF6F9D1 change Leader from null to 492ed782-6ab3-4ad9-945e-06def6ac7c96 at term 1 for becomeLeader, leader elected after 5059ms
2019-09-20 09:27:01,297 [492ed782-6ab3-4ad9-945e-06def6ac7c96:group-269B9CF6F9D1:LeaderElection55] INFO  server.RaftServerConfigKeys (ConfUtils.java:logGet(43)) - raft.server.staging.catchup.gap = 1000 (default)
2019-09-20 09:27:01,297 [492ed782-6ab3-4ad9-945e-06def6ac7c96:group-269B9CF6F9D1:LeaderElection55] INFO  server.RaftServerConfigKeys (ConfUtils.java:logGet(43)) - raft.server.rpc.sleep.time = 25ms (default)
2019-09-20 09:27:01,297 [492ed782-6ab3-4ad9-945e-06def6ac7c96:group-269B9CF6F9D1:LeaderElection55] INFO  server.RaftServerConfigKeys (ConfUtils.java:logGet(43)) - raft.server.write.element-limit = 4096 (default)
2019-09-20 09:27:01,298 [492ed782-6ab3-4ad9-945e-06def6ac7c96:group-269B9CF6F9D1:LeaderElection55] INFO  server.RaftServerConfigKeys (ConfUtils.java:logGet(43)) - raft.server.watch.timeout = 10s (default)
2019-09-20 09:27:01,298 [492ed782-6ab3-4ad9-945e-06def6ac7c96:group-269B9CF6F9D1:LeaderElection55] INFO  server.RaftServerConfigKeys (ConfUtils.java:logGet(43)) - raft.server.watch.timeout.denomination = 1s (default)
2019-09-20 09:27:01,298 [492ed782-6ab3-4ad9-945e-06def6ac7c96:group-269B9CF6F9D1:LeaderElection55] INFO  server.RaftServerConfigKeys (ConfUtils.java:logGet(43)) - raft.server.watch.element-limit = 65536 (default)
2019-09-20 09:27:01,298 [492ed782-6ab3-4ad9-945e-06def6ac7c96:group-269B9CF6F9D1:LeaderElection55] INFO  impl.RoleInfo (RoleInfo.java:updateAndGet(143)) - 492ed782-6ab3-4ad9-945e-06def6ac7c96: start LeaderState
2019-09-20 09:27:01,298 [492ed782-6ab3-4ad9-945e-06def6ac7c96:group-269B9CF6F9D1:LeaderElection55] INFO  segmented.SegmentedRaftLogWorker (SegmentedRaftLogWorker.java:startLogSegment(380)) - 492ed782-6ab3-4ad9-945e-06def6ac7c96-SegmentedRaftLogWorker:Storage Directory /workdir/hadoop-ozone/integration-test/target/test-dir/MiniOzoneClusterImpl-a33d77e5-464b-4d19-8e6b-a171e580bf0e/datanode-2/data/ratis/83437c4d-9e36-4b19-b358-269b9cf6f9d1: Starting segment from index:0
2019-09-20 09:27:01,299 [492ed782-6ab3-4ad9-945e-06def6ac7c96:group-269B9CF6F9D1:LeaderElection55] INFO  impl.RaftServerImpl (ServerState.java:setRaftConf(361)) - 492ed782-6ab3-4ad9-945e-06def6ac7c96:group-269B9CF6F9D1 set configuration 0: [492ed782-6ab3-4ad9-945e-06def6ac7c96:192.168.36.99:32835], old=null at 0
2019-09-20 09:27:01,339 [492ed782-6ab3-4ad9-945e-06def6ac7c96-SegmentedRaftLogWorker:Storage Directory /workdir/hadoop-ozone/integration-test/target/test-dir/MiniOzoneClusterImpl-a33d77e5-464b-4d19-8e6b-a171e580bf0e/datanode-2/data/ratis/83437c4d-9e36-4b19-b358-269b9cf6f9d1] INFO  segmented.SegmentedRaftLogWorker (SegmentedRaftLogWorker.java:execute(569)) - 492ed782-6ab3-4ad9-945e-06def6ac7c96-SegmentedRaftLogWorker:Storage Directory /workdir/hadoop-ozone/integration-test/target/test-dir/MiniOzoneClusterImpl-a33d77e5-464b-4d19-8e6b-a171e580bf0e/datanode-2/data/ratis/83437c4d-9e36-4b19-b358-269b9cf6f9d1: created new log segment /workdir/hadoop-ozone/integration-test/target/test-dir/MiniOzoneClusterImpl-a33d77e5-464b-4d19-8e6b-a171e580bf0e/datanode-2/data/ratis/83437c4d-9e36-4b19-b358-269b9cf6f9d1/current/log_inprogress_0
2019-09-20 09:27:01,339 [pool-27-thread-1] INFO  storage.RaftStorage (RaftStorage.java:format(72)) - Storage directory /workdir/hadoop-ozone/integration-test/target/test-dir/MiniOzoneClusterImpl-a33d77e5-464b-4d19-8e6b-a171e580bf0e/datanode-0/data/ratis/326e641a-40f6-4bac-b1fa-45895a567d29 has been successfully formatted.
2019-09-20 09:27:01,339 [pool-27-thread-1] INFO  ratis.ContainerStateMachine (ContainerStateMachine.java:loadSnapshot(226)) - group-45895A567D29: The snapshot info is null. Setting the last applied indexto:(t:0, i:~)
2019-09-20 09:27:01,339 [pool-27-thread-1] INFO  server.RaftServerConfigKeys (ConfUtils.java:logGet(43)) - raft.server.leader.election.timeout = 10s (custom)
2019-09-20 09:27:01,340 [pool-27-thread-1] INFO  server.RaftServerConfigKeys (ConfUtils.java:logGet(43)) - raft.server.log.use.memory = false (default)
2019-09-20 09:27:01,340 [pool-27-thread-1] INFO  server.RaftServerConfigKeys (ConfUtils.java:logGet(43)) - raft.server.log.purge.gap = 1000000 (custom)
2019-09-20 09:27:01,340 [pool-27-thread-1] INFO  server.RaftServerConfigKeys (ConfUtils.java:logGet(43)) - raft.server.log.appender.buffer.byte-limit = 33554432 (custom)
2019-09-20 09:27:01,340 [pool-27-thread-1] INFO  server.RaftServerConfigKeys (ConfUtils.java:logGet(43)) - raft.server.log.segment.size.max = 1048576 (custom)
2019-09-20 09:27:01,340 [pool-27-thread-1] INFO  server.RaftServerConfigKeys (ConfUtils.java:logGet(43)) - raft.server.log.segment.cache.num.max = 2 (custom)
2019-09-20 09:27:01,340 [pool-27-thread-1] INFO  segmented.SegmentedRaftLogWorker (SegmentedRaftLogWorker.java:<init>(172)) - new 02b93e76-e4c6-4b67-b8a4-c536d9ab7224-SegmentedRaftLogWorker:Storage Directory /workdir/hadoop-ozone/integration-test/target/test-dir/MiniOzoneClusterImpl-a33d77e5-464b-4d19-8e6b-a171e580bf0e/datanode-0/data/ratis/326e641a-40f6-4bac-b1fa-45895a567d29 for RaftStorage:Storage Directory /workdir/hadoop-ozone/integration-test/target/test-dir/MiniOzoneClusterImpl-a33d77e5-464b-4d19-8e6b-a171e580bf0e/datanode-0/data/ratis/326e641a-40f6-4bac-b1fa-45895a567d29
2019-09-20 09:27:01,341 [pool-27-thread-1] INFO  server.RaftServerConfigKeys (ConfUtils.java:logGet(43)) - raft.server.log.queue.byte-limit = 2147483647 (custom)
2019-09-20 09:27:01,341 [pool-27-thread-1] INFO  server.RaftServerConfigKeys (ConfUtils.java:logGet(43)) - raft.server.log.queue.element-limit = 1024 (custom)
2019-09-20 09:27:01,341 [pool-27-thread-1] INFO  server.RaftServerConfigKeys (ConfUtils.java:logGet(43)) - raft.server.log.segment.size.max = 1048576 (custom)
2019-09-20 09:27:01,341 [pool-27-thread-1] INFO  server.RaftServerConfigKeys (ConfUtils.java:logGet(43)) - raft.server.log.preallocated.size = 16384 (custom)
2019-09-20 09:27:01,341 [pool-27-thread-1] INFO  server.RaftServerConfigKeys (ConfUtils.java:logGet(43)) - raft.server.log.write.buffer.size = 33554432 (custom)
2019-09-20 09:27:01,341 [pool-27-thread-1] INFO  server.RaftServerConfigKeys (ConfUtils.java:logGet(43)) - raft.server.log.force.sync.num = 128 (default)
2019-09-20 09:27:01,341 [pool-27-thread-1] INFO  server.RaftServerConfigKeys (ConfUtils.java:logGet(43)) - raft.server.log.statemachine.data.sync = true (default)
2019-09-20 09:27:01,342 [pool-27-thread-1] INFO  server.RaftServerConfigKeys (ConfUtils.java:logGet(43)) - raft.server.log.statemachine.data.sync.timeout = 10s (default)
2019-09-20 09:27:01,342 [pool-27-thread-1] INFO  server.RaftServerConfigKeys (ConfUtils.java:logGet(43)) - raft.server.log.statemachine.data.sync.timeout.retry = -1 (default)
2019-09-20 09:27:01,342 [pool-27-thread-1] INFO  server.RaftServerConfigKeys (ConfUtils.java:logGet(43)) - raft.server.log.statemachine.data.caching.enabled = true (custom)
2019-09-20 09:27:01,342 [pool-27-thread-1] INFO  segmented.SegmentedRaftLogWorker (SegmentedRaftLogWorker.java:lambda$new$0(132)) - 02b93e76-e4c6-4b67-b8a4-c536d9ab7224-SegmentedRaftLogWorker:Storage Directory /workdir/hadoop-ozone/integration-test/target/test-dir/MiniOzoneClusterImpl-a33d77e5-464b-4d19-8e6b-a171e580bf0e/datanode-0/data/ratis/326e641a-40f6-4bac-b1fa-45895a567d29: flushIndex: setUnconditionally 0 -> -1
2019-09-20 09:27:01,343 [pool-27-thread-1] INFO  server.RaftServerConfigKeys (ConfUtils.java:logGet(43)) - raft.server.snapshot.auto.trigger.enabled = true (custom)
2019-09-20 09:27:01,343 [pool-27-thread-1] INFO  server.RaftServerConfigKeys (ConfUtils.java:logGet(43)) - raft.server.snapshot.auto.trigger.threshold = 10000 (custom)
2019-09-20 09:27:01,343 [pool-27-thread-1] INFO  server.RaftServerConfigKeys (ConfUtils.java:logGet(43)) - raft.server.retrycache.expirytime = 600000ms (custom)
2019-09-20 09:27:01,343 [pool-27-thread-1] INFO  impl.RaftServerImpl (RaftServerImpl.java:start(180)) - 02b93e76-e4c6-4b67-b8a4-c536d9ab7224: start group-45895A567D29
2019-09-20 09:27:01,343 [pool-27-thread-1] INFO  impl.RaftServerImpl (RaftServerImpl.java:setRole(171)) - 02b93e76-e4c6-4b67-b8a4-c536d9ab7224:group-45895A567D29 changes role from null to FOLLOWER at term 0 for startAsFollower
2019-09-20 09:27:01,343 [pool-27-thread-1] INFO  impl.RoleInfo (RoleInfo.java:updateAndGet(143)) - 02b93e76-e4c6-4b67-b8a4-c536d9ab7224: start FollowerState
2019-09-20 09:27:01,344 [pool-27-thread-1] INFO  util.JmxRegister (JmxRegister.java:tryRegister(44)) - Successfully registered JMX Bean with object name Ratis:service=RaftServer,group=group-45895A567D29,id=02b93e76-e4c6-4b67-b8a4-c536d9ab7224
2019-09-20 09:27:01,347 [RatisPipelineUtilsThread] INFO  pipeline.PipelineStateManager (PipelineStateManager.java:addPipeline(56)) - Created pipeline Pipeline[ Id: 326e641a-40f6-4bac-b1fa-45895a567d29, Nodes: 02b93e76-e4c6-4b67-b8a4-c536d9ab7224{ip: 192.168.36.99, host: pr-hdds-1569-p5fx8-1226042367, networkLocation: /default-rack, certSerialId: null}, Type:RATIS, Factor:ONE, State:OPEN]
2019-09-20 09:27:01,353 [grpc-default-executor-1] INFO  impl.RaftServerProxy (RaftServerProxy.java:addNew(89)) - 492ed782-6ab3-4ad9-945e-06def6ac7c96: addNew group-DBC605E3E4FA:[492ed782-6ab3-4ad9-945e-06def6ac7c96:192.168.36.99:32835] returns group-DBC605E3E4FA:java.util.concurrent.CompletableFuture@1beac589[Not completed]
2019-09-20 09:27:01,355 [pool-49-thread-1] INFO  impl.RaftServerImpl (RaftServerImpl.java:<init>(93)) - 492ed782-6ab3-4ad9-945e-06def6ac7c96: new RaftServerImpl for group-DBC605E3E4FA:[492ed782-6ab3-4ad9-945e-06def6ac7c96:192.168.36.99:32835] with ContainerStateMachine:uninitialized
2019-09-20 09:27:01,355 [pool-49-thread-1] INFO  server.RaftServerConfigKeys (ConfUtils.java:logGet(43)) - raft.server.rpc.timeout.min = 5s (custom)
2019-09-20 09:27:01,355 [pool-49-thread-1] INFO  server.RaftServerConfigKeys (ConfUtils.java:logGet(43)) - raft.server.rpc.timeout.max = 5200ms (custom)
2019-09-20 09:27:01,355 [pool-49-thread-1] INFO  server.RaftServerConfigKeys (ConfUtils.java:logGet(43)) - raft.server.rpcslowness.timeout = 10s (custom)
2019-09-20 09:27:01,355 [pool-49-thread-1] INFO  server.RaftServerConfigKeys (ConfUtils.java:logGet(43)) - raft.server.sleep.deviation.threshold = 300 (default)
2019-09-20 09:27:01,355 [pool-49-thread-1] INFO  server.RaftServerConfigKeys (ConfUtils.java:logGet(43)) - raft.server.log.appender.install.snapshot.enabled = false (custom)
2019-09-20 09:27:01,355 [pool-49-thread-1] INFO  impl.RaftServerImpl (ServerState.java:<init>(105)) - 492ed782-6ab3-4ad9-945e-06def6ac7c96:group-DBC605E3E4FA ConfigurationManager, init=-1: [492ed782-6ab3-4ad9-945e-06def6ac7c96:192.168.36.99:32835], old=null, confs=<EMPTY_MAP>
2019-09-20 09:27:01,356 [pool-49-thread-1] INFO  server.RaftServerConfigKeys (ConfUtils.java:logGet(43)) - raft.server.storage.dir = [/workdir/hadoop-ozone/integration-test/target/test-dir/MiniOzoneClusterImpl-a33d77e5-464b-4d19-8e6b-a171e580bf0e/datanode-2/data/ratis] (custom)
2019-09-20 09:27:01,356 [pool-49-thread-1] INFO  storage.RaftStorageDirectory (RaftStorageDirectory.java:analyzeStorage(246)) - The storage directory /workdir/hadoop-ozone/integration-test/target/test-dir/MiniOzoneClusterImpl-a33d77e5-464b-4d19-8e6b-a171e580bf0e/datanode-2/data/ratis/2e81f47e-b7b0-4b34-a7c0-dbc605e3e4fa does not exist. Creating ...
2019-09-20 09:27:01,358 | INFO  | SCMAudit | user=jenkins1000 | ip=192.168.36.99 | op=SEND_HEARTBEAT {datanodeUUID=02b93e76-e4c6-4b67-b8a4-c536d9ab7224, command=[]} | ret=SUCCESS |  
2019-09-20 09:27:01,381 [pool-49-thread-1] INFO  storage.RaftStorageDirectory (RaftStorageDirectory.java:tryLock(328)) - Lock on /workdir/hadoop-ozone/integration-test/target/test-dir/MiniOzoneClusterImpl-a33d77e5-464b-4d19-8e6b-a171e580bf0e/datanode-2/data/ratis/2e81f47e-b7b0-4b34-a7c0-dbc605e3e4fa/in_use.lock acquired by nodename 7145@pr-hdds-1569-p5fx8-1226042367
2019-09-20 09:27:01,389 [Thread-390] INFO  impl.FollowerState (FollowerState.java:run(106)) - 492ed782-6ab3-4ad9-945e-06def6ac7c96:group-498462112DBF changes to CANDIDATE, lastRpcTime:5068, electionTimeout:5068ms
2019-09-20 09:27:01,389 [Thread-390] INFO  impl.RoleInfo (RoleInfo.java:shutdownFollowerState(121)) - 492ed782-6ab3-4ad9-945e-06def6ac7c96: shutdown FollowerState
2019-09-20 09:27:01,390 [Thread-390] INFO  impl.RaftServerImpl (RaftServerImpl.java:setRole(171)) - 492ed782-6ab3-4ad9-945e-06def6ac7c96:group-498462112DBF changes role from FOLLOWER to CANDIDATE at term 0 for changeToCandidate
2019-09-20 09:27:01,390 [Thread-390] INFO  impl.RoleInfo (RoleInfo.java:updateAndGet(143)) - 492ed782-6ab3-4ad9-945e-06def6ac7c96: start LeaderElection
2019-09-20 09:27:01,406 [pool-49-thread-1] INFO  storage.RaftStorage (RaftStorage.java:format(72)) - Storage directory /workdir/hadoop-ozone/integration-test/target/test-dir/MiniOzoneClusterImpl-a33d77e5-464b-4d19-8e6b-a171e580bf0e/datanode-2/data/ratis/2e81f47e-b7b0-4b34-a7c0-dbc605e3e4fa has been successfully formatted.
2019-09-20 09:27:01,407 [pool-49-thread-1] INFO  ratis.ContainerStateMachine (ContainerStateMachine.java:loadSnapshot(226)) - group-DBC605E3E4FA: The snapshot info is null. Setting the last applied indexto:(t:0, i:~)
2019-09-20 09:27:01,407 [pool-49-thread-1] INFO  server.RaftServerConfigKeys (ConfUtils.java:logGet(43)) - raft.server.leader.election.timeout = 10s (custom)
2019-09-20 09:27:01,407 [pool-49-thread-1] INFO  server.RaftServerConfigKeys (ConfUtils.java:logGet(43)) - raft.server.log.use.memory = false (default)
2019-09-20 09:27:01,407 [pool-49-thread-1] INFO  server.RaftServerConfigKeys (ConfUtils.java:logGet(43)) - raft.server.log.purge.gap = 1000000 (custom)
2019-09-20 09:27:01,408 [pool-49-thread-1] INFO  server.RaftServerConfigKeys (ConfUtils.java:logGet(43)) - raft.server.log.appender.buffer.byte-limit = 33554432 (custom)
2019-09-20 09:27:01,408 [pool-49-thread-1] INFO  server.RaftServerConfigKeys (ConfUtils.java:logGet(43)) - raft.server.log.segment.size.max = 1048576 (custom)
2019-09-20 09:27:01,408 [pool-49-thread-1] INFO  server.RaftServerConfigKeys (ConfUtils.java:logGet(43)) - raft.server.log.segment.cache.num.max = 2 (custom)
2019-09-20 09:27:01,408 [pool-49-thread-1] INFO  segmented.SegmentedRaftLogWorker (SegmentedRaftLogWorker.java:<init>(172)) - new 492ed782-6ab3-4ad9-945e-06def6ac7c96-SegmentedRaftLogWorker:Storage Directory /workdir/hadoop-ozone/integration-test/target/test-dir/MiniOzoneClusterImpl-a33d77e5-464b-4d19-8e6b-a171e580bf0e/datanode-2/data/ratis/2e81f47e-b7b0-4b34-a7c0-dbc605e3e4fa for RaftStorage:Storage Directory /workdir/hadoop-ozone/integration-test/target/test-dir/MiniOzoneClusterImpl-a33d77e5-464b-4d19-8e6b-a171e580bf0e/datanode-2/data/ratis/2e81f47e-b7b0-4b34-a7c0-dbc605e3e4fa
2019-09-20 09:27:01,408 [pool-49-thread-1] INFO  server.RaftServerConfigKeys (ConfUtils.java:logGet(43)) - raft.server.log.queue.byte-limit = 2147483647 (custom)
2019-09-20 09:27:01,408 [pool-49-thread-1] INFO  server.RaftServerConfigKeys (ConfUtils.java:logGet(43)) - raft.server.log.queue.element-limit = 1024 (custom)
2019-09-20 09:27:01,408 [pool-49-thread-1] INFO  server.RaftServerConfigKeys (ConfUtils.java:logGet(43)) - raft.server.log.segment.size.max = 1048576 (custom)
2019-09-20 09:27:01,409 [pool-49-thread-1] INFO  server.RaftServerConfigKeys (ConfUtils.java:logGet(43)) - raft.server.log.preallocated.size = 16384 (custom)
2019-09-20 09:27:01,409 [pool-49-thread-1] INFO  server.RaftServerConfigKeys (ConfUtils.java:logGet(43)) - raft.server.log.write.buffer.size = 33554432 (custom)
2019-09-20 09:27:01,409 [pool-49-thread-1] INFO  server.RaftServerConfigKeys (ConfUtils.java:logGet(43)) - raft.server.log.force.sync.num = 128 (default)
2019-09-20 09:27:01,409 [pool-49-thread-1] INFO  server.RaftServerConfigKeys (ConfUtils.java:logGet(43)) - raft.server.log.statemachine.data.sync = true (default)
2019-09-20 09:27:01,409 [pool-49-thread-1] INFO  server.RaftServerConfigKeys (ConfUtils.java:logGet(43)) - raft.server.log.statemachine.data.sync.timeout = 10s (default)
2019-09-20 09:27:01,409 [pool-49-thread-1] INFO  server.RaftServerConfigKeys (ConfUtils.java:logGet(43)) - raft.server.log.statemachine.data.sync.timeout.retry = -1 (default)
2019-09-20 09:27:01,410 [pool-49-thread-1] INFO  server.RaftServerConfigKeys (ConfUtils.java:logGet(43)) - raft.server.log.statemachine.data.caching.enabled = true (custom)
2019-09-20 09:27:01,410 [pool-49-thread-1] INFO  segmented.SegmentedRaftLogWorker (SegmentedRaftLogWorker.java:lambda$new$0(132)) - 492ed782-6ab3-4ad9-945e-06def6ac7c96-SegmentedRaftLogWorker:Storage Directory /workdir/hadoop-ozone/integration-test/target/test-dir/MiniOzoneClusterImpl-a33d77e5-464b-4d19-8e6b-a171e580bf0e/datanode-2/data/ratis/2e81f47e-b7b0-4b34-a7c0-dbc605e3e4fa: flushIndex: setUnconditionally 0 -> -1
2019-09-20 09:27:01,410 [pool-49-thread-1] INFO  server.RaftServerConfigKeys (ConfUtils.java:logGet(43)) - raft.server.snapshot.auto.trigger.enabled = true (custom)
2019-09-20 09:27:01,410 [pool-49-thread-1] INFO  server.RaftServerConfigKeys (ConfUtils.java:logGet(43)) - raft.server.snapshot.auto.trigger.threshold = 10000 (custom)
2019-09-20 09:27:01,411 [pool-49-thread-1] INFO  server.RaftServerConfigKeys (ConfUtils.java:logGet(43)) - raft.server.retrycache.expirytime = 600000ms (custom)
2019-09-20 09:27:01,411 [pool-49-thread-1] INFO  impl.RaftServerImpl (RaftServerImpl.java:start(180)) - 492ed782-6ab3-4ad9-945e-06def6ac7c96: start group-DBC605E3E4FA
2019-09-20 09:27:01,411 [pool-49-thread-1] INFO  impl.RaftServerImpl (RaftServerImpl.java:setRole(171)) - 492ed782-6ab3-4ad9-945e-06def6ac7c96:group-DBC605E3E4FA changes role from null to FOLLOWER at term 0 for startAsFollower
2019-09-20 09:27:01,411 [pool-49-thread-1] INFO  impl.RoleInfo (RoleInfo.java:updateAndGet(143)) - 492ed782-6ab3-4ad9-945e-06def6ac7c96: start FollowerState
2019-09-20 09:27:01,412 [pool-49-thread-1] INFO  util.JmxRegister (JmxRegister.java:tryRegister(44)) - Successfully registered JMX Bean with object name Ratis:service=RaftServer,group=group-DBC605E3E4FA,id=492ed782-6ab3-4ad9-945e-06def6ac7c96
2019-09-20 09:27:01,415 [RatisPipelineUtilsThread] INFO  pipeline.PipelineStateManager (PipelineStateManager.java:addPipeline(56)) - Created pipeline Pipeline[ Id: 2e81f47e-b7b0-4b34-a7c0-dbc605e3e4fa, Nodes: 492ed782-6ab3-4ad9-945e-06def6ac7c96{ip: 192.168.36.99, host: pr-hdds-1569-p5fx8-1226042367, networkLocation: /default-rack, certSerialId: null}, Type:RATIS, Factor:ONE, State:OPEN]
2019-09-20 09:27:01,415 [492ed782-6ab3-4ad9-945e-06def6ac7c96:group-498462112DBF:LeaderElection56] INFO  impl.LeaderElection (LeaderElection.java:askForVotes(181)) - 492ed782-6ab3-4ad9-945e-06def6ac7c96:group-498462112DBF:LeaderElection56: begin an election at term 1 for -1: [492ed782-6ab3-4ad9-945e-06def6ac7c96:192.168.36.99:32835], old=null
2019-09-20 09:27:01,415 [492ed782-6ab3-4ad9-945e-06def6ac7c96:group-498462112DBF:LeaderElection56] INFO  impl.RoleInfo (RoleInfo.java:shutdownLeaderElection(134)) - 492ed782-6ab3-4ad9-945e-06def6ac7c96: shutdown LeaderElection
2019-09-20 09:27:01,415 [492ed782-6ab3-4ad9-945e-06def6ac7c96:group-498462112DBF:LeaderElection56] INFO  impl.RaftServerImpl (RaftServerImpl.java:setRole(171)) - 492ed782-6ab3-4ad9-945e-06def6ac7c96:group-498462112DBF changes role from CANDIDATE to LEADER at term 1 for changeToLeader
2019-09-20 09:27:01,415 [492ed782-6ab3-4ad9-945e-06def6ac7c96:group-498462112DBF:LeaderElection56] INFO  impl.RaftServerImpl (ServerState.java:setLeader(263)) - 492ed782-6ab3-4ad9-945e-06def6ac7c96:group-498462112DBF change Leader from null to 492ed782-6ab3-4ad9-945e-06def6ac7c96 at term 1 for becomeLeader, leader elected after 5101ms
2019-09-20 09:27:01,415 [492ed782-6ab3-4ad9-945e-06def6ac7c96:group-498462112DBF:LeaderElection56] INFO  server.RaftServerConfigKeys (ConfUtils.java:logGet(43)) - raft.server.staging.catchup.gap = 1000 (default)
2019-09-20 09:27:01,416 [492ed782-6ab3-4ad9-945e-06def6ac7c96:group-498462112DBF:LeaderElection56] INFO  server.RaftServerConfigKeys (ConfUtils.java:logGet(43)) - raft.server.rpc.sleep.time = 25ms (default)
2019-09-20 09:27:01,416 [492ed782-6ab3-4ad9-945e-06def6ac7c96:group-498462112DBF:LeaderElection56] INFO  server.RaftServerConfigKeys (ConfUtils.java:logGet(43)) - raft.server.write.element-limit = 4096 (default)
2019-09-20 09:27:01,416 [492ed782-6ab3-4ad9-945e-06def6ac7c96:group-498462112DBF:LeaderElection56] INFO  server.RaftServerConfigKeys (ConfUtils.java:logGet(43)) - raft.server.watch.timeout = 10s (default)
2019-09-20 09:27:01,416 [492ed782-6ab3-4ad9-945e-06def6ac7c96:group-498462112DBF:LeaderElection56] INFO  server.RaftServerConfigKeys (ConfUtils.java:logGet(43)) - raft.server.watch.timeout.denomination = 1s (default)
2019-09-20 09:27:01,416 [492ed782-6ab3-4ad9-945e-06def6ac7c96:group-498462112DBF:LeaderElection56] INFO  server.RaftServerConfigKeys (ConfUtils.java:logGet(43)) - raft.server.watch.element-limit = 65536 (default)
2019-09-20 09:27:01,416 [492ed782-6ab3-4ad9-945e-06def6ac7c96:group-498462112DBF:LeaderElection56] INFO  impl.RoleInfo (RoleInfo.java:updateAndGet(143)) - 492ed782-6ab3-4ad9-945e-06def6ac7c96: start LeaderState
2019-09-20 09:27:01,416 [492ed782-6ab3-4ad9-945e-06def6ac7c96:group-498462112DBF:LeaderElection56] INFO  segmented.SegmentedRaftLogWorker (SegmentedRaftLogWorker.java:startLogSegment(380)) - 492ed782-6ab3-4ad9-945e-06def6ac7c96-SegmentedRaftLogWorker:Storage Directory /workdir/hadoop-ozone/integration-test/target/test-dir/MiniOzoneClusterImpl-a33d77e5-464b-4d19-8e6b-a171e580bf0e/datanode-2/data/ratis/aa8a3dde-01ff-4ff8-810c-498462112dbf: Starting segment from index:0
2019-09-20 09:27:01,417 [492ed782-6ab3-4ad9-945e-06def6ac7c96:group-498462112DBF:LeaderElection56] INFO  impl.RaftServerImpl (ServerState.java:setRaftConf(361)) - 492ed782-6ab3-4ad9-945e-06def6ac7c96:group-498462112DBF set configuration 0: [492ed782-6ab3-4ad9-945e-06def6ac7c96:192.168.36.99:32835], old=null at 0
2019-09-20 09:27:01,421 [grpc-default-executor-1] INFO  impl.RaftServerProxy (RaftServerProxy.java:addNew(89)) - fd3cd5f9-4f1c-43ea-91b1-b85a1f6c3825: addNew group-140670C34868:[fd3cd5f9-4f1c-43ea-91b1-b85a1f6c3825:192.168.36.99:39114] returns group-140670C34868:java.util.concurrent.CompletableFuture@79bb663b[Not completed]
2019-09-20 09:27:01,457 [pool-38-thread-1] INFO  impl.RaftServerImpl (RaftServerImpl.java:<init>(93)) - fd3cd5f9-4f1c-43ea-91b1-b85a1f6c3825: new RaftServerImpl for group-140670C34868:[fd3cd5f9-4f1c-43ea-91b1-b85a1f6c3825:192.168.36.99:39114] with ContainerStateMachine:uninitialized
2019-09-20 09:27:01,457 [pool-38-thread-1] INFO  server.RaftServerConfigKeys (ConfUtils.java:logGet(43)) - raft.server.rpc.timeout.min = 5s (custom)
2019-09-20 09:27:01,457 [pool-38-thread-1] INFO  server.RaftServerConfigKeys (ConfUtils.java:logGet(43)) - raft.server.rpc.timeout.max = 5200ms (custom)
2019-09-20 09:27:01,457 [pool-38-thread-1] INFO  server.RaftServerConfigKeys (ConfUtils.java:logGet(43)) - raft.server.rpcslowness.timeout = 10s (custom)
2019-09-20 09:27:01,457 [pool-38-thread-1] INFO  server.RaftServerConfigKeys (ConfUtils.java:logGet(43)) - raft.server.sleep.deviation.threshold = 300 (default)
2019-09-20 09:27:01,458 [pool-38-thread-1] INFO  server.RaftServerConfigKeys (ConfUtils.java:logGet(43)) - raft.server.log.appender.install.snapshot.enabled = false (custom)
2019-09-20 09:27:01,458 [pool-38-thread-1] INFO  impl.RaftServerImpl (ServerState.java:<init>(105)) - fd3cd5f9-4f1c-43ea-91b1-b85a1f6c3825:group-140670C34868 ConfigurationManager, init=-1: [fd3cd5f9-4f1c-43ea-91b1-b85a1f6c3825:192.168.36.99:39114], old=null, confs=<EMPTY_MAP>
2019-09-20 09:27:01,458 [pool-38-thread-1] INFO  server.RaftServerConfigKeys (ConfUtils.java:logGet(43)) - raft.server.storage.dir = [/workdir/hadoop-ozone/integration-test/target/test-dir/MiniOzoneClusterImpl-a33d77e5-464b-4d19-8e6b-a171e580bf0e/datanode-1/data/ratis] (custom)
2019-09-20 09:27:01,458 [pool-38-thread-1] INFO  storage.RaftStorageDirectory (RaftStorageDirectory.java:analyzeStorage(246)) - The storage directory /workdir/hadoop-ozone/integration-test/target/test-dir/MiniOzoneClusterImpl-a33d77e5-464b-4d19-8e6b-a171e580bf0e/datanode-1/data/ratis/99b7d130-7675-4c6e-b443-140670c34868 does not exist. Creating ...
2019-09-20 09:27:01,474 [pool-38-thread-1] INFO  storage.RaftStorageDirectory (RaftStorageDirectory.java:tryLock(328)) - Lock on /workdir/hadoop-ozone/integration-test/target/test-dir/MiniOzoneClusterImpl-a33d77e5-464b-4d19-8e6b-a171e580bf0e/datanode-1/data/ratis/99b7d130-7675-4c6e-b443-140670c34868/in_use.lock acquired by nodename 7145@pr-hdds-1569-p5fx8-1226042367
2019-09-20 09:27:01,474 [492ed782-6ab3-4ad9-945e-06def6ac7c96-SegmentedRaftLogWorker:Storage Directory /workdir/hadoop-ozone/integration-test/target/test-dir/MiniOzoneClusterImpl-a33d77e5-464b-4d19-8e6b-a171e580bf0e/datanode-2/data/ratis/aa8a3dde-01ff-4ff8-810c-498462112dbf] INFO  segmented.SegmentedRaftLogWorker (SegmentedRaftLogWorker.java:execute(569)) - 492ed782-6ab3-4ad9-945e-06def6ac7c96-SegmentedRaftLogWorker:Storage Directory /workdir/hadoop-ozone/integration-test/target/test-dir/MiniOzoneClusterImpl-a33d77e5-464b-4d19-8e6b-a171e580bf0e/datanode-2/data/ratis/aa8a3dde-01ff-4ff8-810c-498462112dbf: created new log segment /workdir/hadoop-ozone/integration-test/target/test-dir/MiniOzoneClusterImpl-a33d77e5-464b-4d19-8e6b-a171e580bf0e/datanode-2/data/ratis/aa8a3dde-01ff-4ff8-810c-498462112dbf/current/log_inprogress_0
2019-09-20 09:27:01,491 [pool-38-thread-1] INFO  storage.RaftStorage (RaftStorage.java:format(72)) - Storage directory /workdir/hadoop-ozone/integration-test/target/test-dir/MiniOzoneClusterImpl-a33d77e5-464b-4d19-8e6b-a171e580bf0e/datanode-1/data/ratis/99b7d130-7675-4c6e-b443-140670c34868 has been successfully formatted.
2019-09-20 09:27:01,491 [pool-38-thread-1] INFO  ratis.ContainerStateMachine (ContainerStateMachine.java:loadSnapshot(226)) - group-140670C34868: The snapshot info is null. Setting the last applied indexto:(t:0, i:~)
2019-09-20 09:27:01,492 [pool-38-thread-1] INFO  server.RaftServerConfigKeys (ConfUtils.java:logGet(43)) - raft.server.leader.election.timeout = 10s (custom)
2019-09-20 09:27:01,492 [pool-38-thread-1] INFO  server.RaftServerConfigKeys (ConfUtils.java:logGet(43)) - raft.server.log.use.memory = false (default)
2019-09-20 09:27:01,492 [pool-38-thread-1] INFO  server.RaftServerConfigKeys (ConfUtils.java:logGet(43)) - raft.server.log.purge.gap = 1000000 (custom)
2019-09-20 09:27:01,492 [pool-38-thread-1] INFO  server.RaftServerConfigKeys (ConfUtils.java:logGet(43)) - raft.server.log.appender.buffer.byte-limit = 33554432 (custom)
2019-09-20 09:27:01,492 [pool-38-thread-1] INFO  server.RaftServerConfigKeys (ConfUtils.java:logGet(43)) - raft.server.log.segment.size.max = 1048576 (custom)
2019-09-20 09:27:01,492 [pool-38-thread-1] INFO  server.RaftServerConfigKeys (ConfUtils.java:logGet(43)) - raft.server.log.segment.cache.num.max = 2 (custom)
2019-09-20 09:27:01,492 [pool-38-thread-1] INFO  segmented.SegmentedRaftLogWorker (SegmentedRaftLogWorker.java:<init>(172)) - new fd3cd5f9-4f1c-43ea-91b1-b85a1f6c3825-SegmentedRaftLogWorker:Storage Directory /workdir/hadoop-ozone/integration-test/target/test-dir/MiniOzoneClusterImpl-a33d77e5-464b-4d19-8e6b-a171e580bf0e/datanode-1/data/ratis/99b7d130-7675-4c6e-b443-140670c34868 for RaftStorage:Storage Directory /workdir/hadoop-ozone/integration-test/target/test-dir/MiniOzoneClusterImpl-a33d77e5-464b-4d19-8e6b-a171e580bf0e/datanode-1/data/ratis/99b7d130-7675-4c6e-b443-140670c34868
2019-09-20 09:27:01,492 [pool-38-thread-1] INFO  server.RaftServerConfigKeys (ConfUtils.java:logGet(43)) - raft.server.log.queue.byte-limit = 2147483647 (custom)
2019-09-20 09:27:01,493 [pool-38-thread-1] INFO  server.RaftServerConfigKeys (ConfUtils.java:logGet(43)) - raft.server.log.queue.element-limit = 1024 (custom)
2019-09-20 09:27:01,493 [pool-38-thread-1] INFO  server.RaftServerConfigKeys (ConfUtils.java:logGet(43)) - raft.server.log.segment.size.max = 1048576 (custom)
2019-09-20 09:27:01,493 [pool-38-thread-1] INFO  server.RaftServerConfigKeys (ConfUtils.java:logGet(43)) - raft.server.log.preallocated.size = 16384 (custom)
2019-09-20 09:27:01,493 [pool-38-thread-1] INFO  server.RaftServerConfigKeys (ConfUtils.java:logGet(43)) - raft.server.log.write.buffer.size = 33554432 (custom)
2019-09-20 09:27:01,493 [pool-38-thread-1] INFO  server.RaftServerConfigKeys (ConfUtils.java:logGet(43)) - raft.server.log.force.sync.num = 128 (default)
2019-09-20 09:27:01,493 [pool-38-thread-1] INFO  server.RaftServerConfigKeys (ConfUtils.java:logGet(43)) - raft.server.log.statemachine.data.sync = true (default)
2019-09-20 09:27:01,493 [pool-38-thread-1] INFO  server.RaftServerConfigKeys (ConfUtils.java:logGet(43)) - raft.server.log.statemachine.data.sync.timeout = 10s (default)
2019-09-20 09:27:01,493 [pool-38-thread-1] INFO  server.RaftServerConfigKeys (ConfUtils.java:logGet(43)) - raft.server.log.statemachine.data.sync.timeout.retry = -1 (default)
2019-09-20 09:27:01,494 [pool-38-thread-1] INFO  server.RaftServerConfigKeys (ConfUtils.java:logGet(43)) - raft.server.log.statemachine.data.caching.enabled = true (custom)
2019-09-20 09:27:01,494 [pool-38-thread-1] INFO  segmented.SegmentedRaftLogWorker (SegmentedRaftLogWorker.java:lambda$new$0(132)) - fd3cd5f9-4f1c-43ea-91b1-b85a1f6c3825-SegmentedRaftLogWorker:Storage Directory /workdir/hadoop-ozone/integration-test/target/test-dir/MiniOzoneClusterImpl-a33d77e5-464b-4d19-8e6b-a171e580bf0e/datanode-1/data/ratis/99b7d130-7675-4c6e-b443-140670c34868: flushIndex: setUnconditionally 0 -> -1
2019-09-20 09:27:01,494 [pool-38-thread-1] INFO  server.RaftServerConfigKeys (ConfUtils.java:logGet(43)) - raft.server.snapshot.auto.trigger.enabled = true (custom)
2019-09-20 09:27:01,494 [pool-38-thread-1] INFO  server.RaftServerConfigKeys (ConfUtils.java:logGet(43)) - raft.server.snapshot.auto.trigger.threshold = 10000 (custom)
2019-09-20 09:27:01,495 [pool-38-thread-1] INFO  server.RaftServerConfigKeys (ConfUtils.java:logGet(43)) - raft.server.retrycache.expirytime = 600000ms (custom)
2019-09-20 09:27:01,495 [pool-38-thread-1] INFO  impl.RaftServerImpl (RaftServerImpl.java:start(180)) - fd3cd5f9-4f1c-43ea-91b1-b85a1f6c3825: start group-140670C34868
2019-09-20 09:27:01,495 [pool-38-thread-1] INFO  impl.RaftServerImpl (RaftServerImpl.java:setRole(171)) - fd3cd5f9-4f1c-43ea-91b1-b85a1f6c3825:group-140670C34868 changes role from null to FOLLOWER at term 0 for startAsFollower
2019-09-20 09:27:01,495 [pool-38-thread-1] INFO  impl.RoleInfo (RoleInfo.java:updateAndGet(143)) - fd3cd5f9-4f1c-43ea-91b1-b85a1f6c3825: start FollowerState
2019-09-20 09:27:01,495 [pool-38-thread-1] INFO  util.JmxRegister (JmxRegister.java:tryRegister(44)) - Successfully registered JMX Bean with object name Ratis:service=RaftServer,group=group-140670C34868,id=fd3cd5f9-4f1c-43ea-91b1-b85a1f6c3825
2019-09-20 09:27:01,498 [RatisPipelineUtilsThread] INFO  pipeline.PipelineStateManager (PipelineStateManager.java:addPipeline(56)) - Created pipeline Pipeline[ Id: 99b7d130-7675-4c6e-b443-140670c34868, Nodes: fd3cd5f9-4f1c-43ea-91b1-b85a1f6c3825{ip: 192.168.36.99, host: pr-hdds-1569-p5fx8-1226042367, networkLocation: /default-rack, certSerialId: null}, Type:RATIS, Factor:ONE, State:OPEN]
2019-09-20 09:27:01,504 [Thread-396] INFO  impl.FollowerState (FollowerState.java:run(106)) - 02b93e76-e4c6-4b67-b8a4-c536d9ab7224:group-609AF3810E01 changes to CANDIDATE, lastRpcTime:5042, electionTimeout:5042ms
2019-09-20 09:27:01,504 [Thread-396] INFO  impl.RoleInfo (RoleInfo.java:shutdownFollowerState(121)) - 02b93e76-e4c6-4b67-b8a4-c536d9ab7224: shutdown FollowerState
2019-09-20 09:27:01,504 [Thread-396] INFO  impl.RaftServerImpl (RaftServerImpl.java:setRole(171)) - 02b93e76-e4c6-4b67-b8a4-c536d9ab7224:group-609AF3810E01 changes role from FOLLOWER to CANDIDATE at term 0 for changeToCandidate
2019-09-20 09:27:01,504 [grpc-default-executor-1] INFO  impl.RaftServerProxy (RaftServerProxy.java:addNew(89)) - 492ed782-6ab3-4ad9-945e-06def6ac7c96: addNew group-7DB849C7BA05:[492ed782-6ab3-4ad9-945e-06def6ac7c96:192.168.36.99:32835] returns group-7DB849C7BA05:java.util.concurrent.CompletableFuture@5029d429[Not completed]
2019-09-20 09:27:01,504 [Thread-396] INFO  impl.RoleInfo (RoleInfo.java:updateAndGet(143)) - 02b93e76-e4c6-4b67-b8a4-c536d9ab7224: start LeaderElection
2019-09-20 09:27:01,506 [pool-49-thread-1] INFO  impl.RaftServerImpl (RaftServerImpl.java:<init>(93)) - 492ed782-6ab3-4ad9-945e-06def6ac7c96: new RaftServerImpl for group-7DB849C7BA05:[492ed782-6ab3-4ad9-945e-06def6ac7c96:192.168.36.99:32835] with ContainerStateMachine:uninitialized
2019-09-20 09:27:01,506 [pool-49-thread-1] INFO  server.RaftServerConfigKeys (ConfUtils.java:logGet(43)) - raft.server.rpc.timeout.min = 5s (custom)
2019-09-20 09:27:01,506 [pool-49-thread-1] INFO  server.RaftServerConfigKeys (ConfUtils.java:logGet(43)) - raft.server.rpc.timeout.max = 5200ms (custom)
2019-09-20 09:27:01,506 [pool-49-thread-1] INFO  server.RaftServerConfigKeys (ConfUtils.java:logGet(43)) - raft.server.rpcslowness.timeout = 10s (custom)
2019-09-20 09:27:01,506 [pool-49-thread-1] INFO  server.RaftServerConfigKeys (ConfUtils.java:logGet(43)) - raft.server.sleep.deviation.threshold = 300 (default)
2019-09-20 09:27:01,506 [pool-49-thread-1] INFO  server.RaftServerConfigKeys (ConfUtils.java:logGet(43)) - raft.server.log.appender.install.snapshot.enabled = false (custom)
2019-09-20 09:27:01,506 [pool-49-thread-1] INFO  impl.RaftServerImpl (ServerState.java:<init>(105)) - 492ed782-6ab3-4ad9-945e-06def6ac7c96:group-7DB849C7BA05 ConfigurationManager, init=-1: [492ed782-6ab3-4ad9-945e-06def6ac7c96:192.168.36.99:32835], old=null, confs=<EMPTY_MAP>
2019-09-20 09:27:01,507 [pool-49-thread-1] INFO  server.RaftServerConfigKeys (ConfUtils.java:logGet(43)) - raft.server.storage.dir = [/workdir/hadoop-ozone/integration-test/target/test-dir/MiniOzoneClusterImpl-a33d77e5-464b-4d19-8e6b-a171e580bf0e/datanode-2/data/ratis] (custom)
2019-09-20 09:27:01,507 [pool-49-thread-1] INFO  storage.RaftStorageDirectory (RaftStorageDirectory.java:analyzeStorage(246)) - The storage directory /workdir/hadoop-ozone/integration-test/target/test-dir/MiniOzoneClusterImpl-a33d77e5-464b-4d19-8e6b-a171e580bf0e/datanode-2/data/ratis/f262f600-4cd0-48f1-939b-7db849c7ba05 does not exist. Creating ...
2019-09-20 09:27:01,541 [pool-49-thread-1] INFO  storage.RaftStorageDirectory (RaftStorageDirectory.java:tryLock(328)) - Lock on /workdir/hadoop-ozone/integration-test/target/test-dir/MiniOzoneClusterImpl-a33d77e5-464b-4d19-8e6b-a171e580bf0e/datanode-2/data/ratis/f262f600-4cd0-48f1-939b-7db849c7ba05/in_use.lock acquired by nodename 7145@pr-hdds-1569-p5fx8-1226042367
2019-09-20 09:27:01,542 [02b93e76-e4c6-4b67-b8a4-c536d9ab7224:group-609AF3810E01:LeaderElection57] INFO  impl.LeaderElection (LeaderElection.java:askForVotes(181)) - 02b93e76-e4c6-4b67-b8a4-c536d9ab7224:group-609AF3810E01:LeaderElection57: begin an election at term 1 for -1: [02b93e76-e4c6-4b67-b8a4-c536d9ab7224:192.168.36.99:39343], old=null
2019-09-20 09:27:01,542 [02b93e76-e4c6-4b67-b8a4-c536d9ab7224:group-609AF3810E01:LeaderElection57] INFO  impl.RoleInfo (RoleInfo.java:shutdownLeaderElection(134)) - 02b93e76-e4c6-4b67-b8a4-c536d9ab7224: shutdown LeaderElection
2019-09-20 09:27:01,542 [02b93e76-e4c6-4b67-b8a4-c536d9ab7224:group-609AF3810E01:LeaderElection57] INFO  impl.RaftServerImpl (RaftServerImpl.java:setRole(171)) - 02b93e76-e4c6-4b67-b8a4-c536d9ab7224:group-609AF3810E01 changes role from CANDIDATE to LEADER at term 1 for changeToLeader
2019-09-20 09:27:01,542 [02b93e76-e4c6-4b67-b8a4-c536d9ab7224:group-609AF3810E01:LeaderElection57] INFO  impl.RaftServerImpl (ServerState.java:setLeader(263)) - 02b93e76-e4c6-4b67-b8a4-c536d9ab7224:group-609AF3810E01 change Leader from null to 02b93e76-e4c6-4b67-b8a4-c536d9ab7224 at term 1 for becomeLeader, leader elected after 5085ms
2019-09-20 09:27:01,542 [02b93e76-e4c6-4b67-b8a4-c536d9ab7224:group-609AF3810E01:LeaderElection57] INFO  server.RaftServerConfigKeys (ConfUtils.java:logGet(43)) - raft.server.staging.catchup.gap = 1000 (default)
2019-09-20 09:27:01,542 [02b93e76-e4c6-4b67-b8a4-c536d9ab7224:group-609AF3810E01:LeaderElection57] INFO  server.RaftServerConfigKeys (ConfUtils.java:logGet(43)) - raft.server.rpc.sleep.time = 25ms (default)
2019-09-20 09:27:01,542 [02b93e76-e4c6-4b67-b8a4-c536d9ab7224:group-609AF3810E01:LeaderElection57] INFO  server.RaftServerConfigKeys (ConfUtils.java:logGet(43)) - raft.server.write.element-limit = 4096 (default)
2019-09-20 09:27:01,542 [02b93e76-e4c6-4b67-b8a4-c536d9ab7224:group-609AF3810E01:LeaderElection57] INFO  server.RaftServerConfigKeys (ConfUtils.java:logGet(43)) - raft.server.watch.timeout = 10s (default)
2019-09-20 09:27:01,542 [02b93e76-e4c6-4b67-b8a4-c536d9ab7224:group-609AF3810E01:LeaderElection57] INFO  server.RaftServerConfigKeys (ConfUtils.java:logGet(43)) - raft.server.watch.timeout.denomination = 1s (default)
2019-09-20 09:27:01,543 [02b93e76-e4c6-4b67-b8a4-c536d9ab7224:group-609AF3810E01:LeaderElection57] INFO  server.RaftServerConfigKeys (ConfUtils.java:logGet(43)) - raft.server.watch.element-limit = 65536 (default)
2019-09-20 09:27:01,543 [02b93e76-e4c6-4b67-b8a4-c536d9ab7224:group-609AF3810E01:LeaderElection57] INFO  impl.RoleInfo (RoleInfo.java:updateAndGet(143)) - 02b93e76-e4c6-4b67-b8a4-c536d9ab7224: start LeaderState
2019-09-20 09:27:01,543 [02b93e76-e4c6-4b67-b8a4-c536d9ab7224:group-609AF3810E01:LeaderElection57] INFO  segmented.SegmentedRaftLogWorker (SegmentedRaftLogWorker.java:startLogSegment(380)) - 02b93e76-e4c6-4b67-b8a4-c536d9ab7224-SegmentedRaftLogWorker:Storage Directory /workdir/hadoop-ozone/integration-test/target/test-dir/MiniOzoneClusterImpl-a33d77e5-464b-4d19-8e6b-a171e580bf0e/datanode-0/data/ratis/74bf1f7f-e8e1-449b-ae20-609af3810e01: Starting segment from index:0
2019-09-20 09:27:01,543 [02b93e76-e4c6-4b67-b8a4-c536d9ab7224:group-609AF3810E01:LeaderElection57] INFO  impl.RaftServerImpl (ServerState.java:setRaftConf(361)) - 02b93e76-e4c6-4b67-b8a4-c536d9ab7224:group-609AF3810E01 set configuration 0: [02b93e76-e4c6-4b67-b8a4-c536d9ab7224:192.168.36.99:39343], old=null at 0
2019-09-20 09:27:01,544 | INFO  | SCMAudit | user=jenkins1000 | ip=192.168.36.99 | op=SEND_HEARTBEAT {datanodeUUID=dc7f40a9-6782-42c4-abab-c6b1682da047, command=[]} | ret=SUCCESS |  
2019-09-20 09:27:01,545 [Thread-393] INFO  impl.FollowerState (FollowerState.java:run(106)) - fd3cd5f9-4f1c-43ea-91b1-b85a1f6c3825:group-C7852780CB56 changes to CANDIDATE, lastRpcTime:5166, electionTimeout:5166ms
2019-09-20 09:27:01,545 [Thread-393] INFO  impl.RoleInfo (RoleInfo.java:shutdownFollowerState(121)) - fd3cd5f9-4f1c-43ea-91b1-b85a1f6c3825: shutdown FollowerState
2019-09-20 09:27:01,545 [Thread-393] INFO  impl.RaftServerImpl (RaftServerImpl.java:setRole(171)) - fd3cd5f9-4f1c-43ea-91b1-b85a1f6c3825:group-C7852780CB56 changes role from FOLLOWER to CANDIDATE at term 0 for changeToCandidate
2019-09-20 09:27:01,545 [Thread-393] INFO  impl.RoleInfo (RoleInfo.java:updateAndGet(143)) - fd3cd5f9-4f1c-43ea-91b1-b85a1f6c3825: start LeaderElection
2019-09-20 09:27:01,559 [pool-49-thread-1] INFO  storage.RaftStorage (RaftStorage.java:format(72)) - Storage directory /workdir/hadoop-ozone/integration-test/target/test-dir/MiniOzoneClusterImpl-a33d77e5-464b-4d19-8e6b-a171e580bf0e/datanode-2/data/ratis/f262f600-4cd0-48f1-939b-7db849c7ba05 has been successfully formatted.
2019-09-20 09:27:01,559 [fd3cd5f9-4f1c-43ea-91b1-b85a1f6c3825:group-C7852780CB56:LeaderElection58] INFO  impl.LeaderElection (LeaderElection.java:askForVotes(181)) - fd3cd5f9-4f1c-43ea-91b1-b85a1f6c3825:group-C7852780CB56:LeaderElection58: begin an election at term 1 for -1: [fd3cd5f9-4f1c-43ea-91b1-b85a1f6c3825:192.168.36.99:39114], old=null
2019-09-20 09:27:01,559 [pool-49-thread-1] INFO  ratis.ContainerStateMachine (ContainerStateMachine.java:loadSnapshot(226)) - group-7DB849C7BA05: The snapshot info is null. Setting the last applied indexto:(t:0, i:~)
2019-09-20 09:27:01,559 [fd3cd5f9-4f1c-43ea-91b1-b85a1f6c3825:group-C7852780CB56:LeaderElection58] INFO  impl.RoleInfo (RoleInfo.java:shutdownLeaderElection(134)) - fd3cd5f9-4f1c-43ea-91b1-b85a1f6c3825: shutdown LeaderElection
2019-09-20 09:27:01,560 [pool-49-thread-1] INFO  server.RaftServerConfigKeys (ConfUtils.java:logGet(43)) - raft.server.leader.election.timeout = 10s (custom)
2019-09-20 09:27:01,560 [fd3cd5f9-4f1c-43ea-91b1-b85a1f6c3825:group-C7852780CB56:LeaderElection58] INFO  impl.RaftServerImpl (RaftServerImpl.java:setRole(171)) - fd3cd5f9-4f1c-43ea-91b1-b85a1f6c3825:group-C7852780CB56 changes role from CANDIDATE to LEADER at term 1 for changeToLeader
2019-09-20 09:27:01,560 [pool-49-thread-1] INFO  server.RaftServerConfigKeys (ConfUtils.java:logGet(43)) - raft.server.log.use.memory = false (default)
2019-09-20 09:27:01,560 [fd3cd5f9-4f1c-43ea-91b1-b85a1f6c3825:group-C7852780CB56:LeaderElection58] INFO  impl.RaftServerImpl (ServerState.java:setLeader(263)) - fd3cd5f9-4f1c-43ea-91b1-b85a1f6c3825:group-C7852780CB56 change Leader from null to fd3cd5f9-4f1c-43ea-91b1-b85a1f6c3825 at term 1 for becomeLeader, leader elected after 5187ms
2019-09-20 09:27:01,560 [pool-49-thread-1] INFO  server.RaftServerConfigKeys (ConfUtils.java:logGet(43)) - raft.server.log.purge.gap = 1000000 (custom)
2019-09-20 09:27:01,560 [fd3cd5f9-4f1c-43ea-91b1-b85a1f6c3825:group-C7852780CB56:LeaderElection58] INFO  server.RaftServerConfigKeys (ConfUtils.java:logGet(43)) - raft.server.staging.catchup.gap = 1000 (default)
2019-09-20 09:27:01,561 [pool-49-thread-1] INFO  server.RaftServerConfigKeys (ConfUtils.java:logGet(43)) - raft.server.log.appender.buffer.byte-limit = 33554432 (custom)
2019-09-20 09:27:01,561 [fd3cd5f9-4f1c-43ea-91b1-b85a1f6c3825:group-C7852780CB56:LeaderElection58] INFO  server.RaftServerConfigKeys (ConfUtils.java:logGet(43)) - raft.server.rpc.sleep.time = 25ms (default)
2019-09-20 09:27:01,561 [pool-49-thread-1] INFO  server.RaftServerConfigKeys (ConfUtils.java:logGet(43)) - raft.server.log.segment.size.max = 1048576 (custom)
2019-09-20 09:27:01,561 [fd3cd5f9-4f1c-43ea-91b1-b85a1f6c3825:group-C7852780CB56:LeaderElection58] INFO  server.RaftServerConfigKeys (ConfUtils.java:logGet(43)) - raft.server.write.element-limit = 4096 (default)
2019-09-20 09:27:01,561 [pool-49-thread-1] INFO  server.RaftServerConfigKeys (ConfUtils.java:logGet(43)) - raft.server.log.segment.cache.num.max = 2 (custom)
2019-09-20 09:27:01,561 [fd3cd5f9-4f1c-43ea-91b1-b85a1f6c3825:group-C7852780CB56:LeaderElection58] INFO  server.RaftServerConfigKeys (ConfUtils.java:logGet(43)) - raft.server.watch.timeout = 10s (default)
2019-09-20 09:27:01,562 [pool-49-thread-1] INFO  segmented.SegmentedRaftLogWorker (SegmentedRaftLogWorker.java:<init>(172)) - new 492ed782-6ab3-4ad9-945e-06def6ac7c96-SegmentedRaftLogWorker:Storage Directory /workdir/hadoop-ozone/integration-test/target/test-dir/MiniOzoneClusterImpl-a33d77e5-464b-4d19-8e6b-a171e580bf0e/datanode-2/data/ratis/f262f600-4cd0-48f1-939b-7db849c7ba05 for RaftStorage:Storage Directory /workdir/hadoop-ozone/integration-test/target/test-dir/MiniOzoneClusterImpl-a33d77e5-464b-4d19-8e6b-a171e580bf0e/datanode-2/data/ratis/f262f600-4cd0-48f1-939b-7db849c7ba05
2019-09-20 09:27:01,562 [fd3cd5f9-4f1c-43ea-91b1-b85a1f6c3825:group-C7852780CB56:LeaderElection58] INFO  server.RaftServerConfigKeys (ConfUtils.java:logGet(43)) - raft.server.watch.timeout.denomination = 1s (default)
2019-09-20 09:27:01,562 [pool-49-thread-1] INFO  server.RaftServerConfigKeys (ConfUtils.java:logGet(43)) - raft.server.log.queue.byte-limit = 2147483647 (custom)
2019-09-20 09:27:01,562 [pool-49-thread-1] INFO  server.RaftServerConfigKeys (ConfUtils.java:logGet(43)) - raft.server.log.queue.element-limit = 1024 (custom)
2019-09-20 09:27:01,562 [fd3cd5f9-4f1c-43ea-91b1-b85a1f6c3825:group-C7852780CB56:LeaderElection58] INFO  server.RaftServerConfigKeys (ConfUtils.java:logGet(43)) - raft.server.watch.element-limit = 65536 (default)
2019-09-20 09:27:01,563 [pool-49-thread-1] INFO  server.RaftServerConfigKeys (ConfUtils.java:logGet(43)) - raft.server.log.segment.size.max = 1048576 (custom)
2019-09-20 09:27:01,563 [fd3cd5f9-4f1c-43ea-91b1-b85a1f6c3825:group-C7852780CB56:LeaderElection58] INFO  impl.RoleInfo (RoleInfo.java:updateAndGet(143)) - fd3cd5f9-4f1c-43ea-91b1-b85a1f6c3825: start LeaderState
2019-09-20 09:27:01,563 [pool-49-thread-1] INFO  server.RaftServerConfigKeys (ConfUtils.java:logGet(43)) - raft.server.log.preallocated.size = 16384 (custom)
2019-09-20 09:27:01,563 [pool-49-thread-1] INFO  server.RaftServerConfigKeys (ConfUtils.java:logGet(43)) - raft.server.log.write.buffer.size = 33554432 (custom)
2019-09-20 09:27:01,563 [fd3cd5f9-4f1c-43ea-91b1-b85a1f6c3825:group-C7852780CB56:LeaderElection58] INFO  segmented.SegmentedRaftLogWorker (SegmentedRaftLogWorker.java:startLogSegment(380)) - fd3cd5f9-4f1c-43ea-91b1-b85a1f6c3825-SegmentedRaftLogWorker:Storage Directory /workdir/hadoop-ozone/integration-test/target/test-dir/MiniOzoneClusterImpl-a33d77e5-464b-4d19-8e6b-a171e580bf0e/datanode-1/data/ratis/589eff64-bdb7-49a5-bc4d-c7852780cb56: Starting segment from index:0
2019-09-20 09:27:01,564 [pool-49-thread-1] INFO  server.RaftServerConfigKeys (ConfUtils.java:logGet(43)) - raft.server.log.force.sync.num = 128 (default)
2019-09-20 09:27:01,564 [pool-49-thread-1] INFO  server.RaftServerConfigKeys (ConfUtils.java:logGet(43)) - raft.server.log.statemachine.data.sync = true (default)
2019-09-20 09:27:01,564 [fd3cd5f9-4f1c-43ea-91b1-b85a1f6c3825:group-C7852780CB56:LeaderElection58] INFO  impl.RaftServerImpl (ServerState.java:setRaftConf(361)) - fd3cd5f9-4f1c-43ea-91b1-b85a1f6c3825:group-C7852780CB56 set configuration 0: [fd3cd5f9-4f1c-43ea-91b1-b85a1f6c3825:192.168.36.99:39114], old=null at 0
2019-09-20 09:27:01,564 [pool-49-thread-1] INFO  server.RaftServerConfigKeys (ConfUtils.java:logGet(43)) - raft.server.log.statemachine.data.sync.timeout = 10s (default)
2019-09-20 09:27:01,565 [pool-49-thread-1] INFO  server.RaftServerConfigKeys (ConfUtils.java:logGet(43)) - raft.server.log.statemachine.data.sync.timeout.retry = -1 (default)
2019-09-20 09:27:01,565 [pool-49-thread-1] INFO  server.RaftServerConfigKeys (ConfUtils.java:logGet(43)) - raft.server.log.statemachine.data.caching.enabled = true (custom)
2019-09-20 09:27:01,565 [pool-49-thread-1] INFO  segmented.SegmentedRaftLogWorker (SegmentedRaftLogWorker.java:lambda$new$0(132)) - 492ed782-6ab3-4ad9-945e-06def6ac7c96-SegmentedRaftLogWorker:Storage Directory /workdir/hadoop-ozone/integration-test/target/test-dir/MiniOzoneClusterImpl-a33d77e5-464b-4d19-8e6b-a171e580bf0e/datanode-2/data/ratis/f262f600-4cd0-48f1-939b-7db849c7ba05: flushIndex: setUnconditionally 0 -> -1
2019-09-20 09:27:01,566 [pool-49-thread-1] INFO  server.RaftServerConfigKeys (ConfUtils.java:logGet(43)) - raft.server.snapshot.auto.trigger.enabled = true (custom)
2019-09-20 09:27:01,566 [pool-49-thread-1] INFO  server.RaftServerConfigKeys (ConfUtils.java:logGet(43)) - raft.server.snapshot.auto.trigger.threshold = 10000 (custom)
2019-09-20 09:27:01,566 [pool-49-thread-1] INFO  server.RaftServerConfigKeys (ConfUtils.java:logGet(43)) - raft.server.retrycache.expirytime = 600000ms (custom)
2019-09-20 09:27:01,566 [pool-49-thread-1] INFO  impl.RaftServerImpl (RaftServerImpl.java:start(180)) - 492ed782-6ab3-4ad9-945e-06def6ac7c96: start group-7DB849C7BA05
2019-09-20 09:27:01,566 [pool-49-thread-1] INFO  impl.RaftServerImpl (RaftServerImpl.java:setRole(171)) - 492ed782-6ab3-4ad9-945e-06def6ac7c96:group-7DB849C7BA05 changes role from null to FOLLOWER at term 0 for startAsFollower
2019-09-20 09:27:01,567 [pool-49-thread-1] INFO  impl.RoleInfo (RoleInfo.java:updateAndGet(143)) - 492ed782-6ab3-4ad9-945e-06def6ac7c96: start FollowerState
2019-09-20 09:27:01,567 [pool-49-thread-1] INFO  util.JmxRegister (JmxRegister.java:tryRegister(44)) - Successfully registered JMX Bean with object name Ratis:service=RaftServer,group=group-7DB849C7BA05,id=492ed782-6ab3-4ad9-945e-06def6ac7c96
2019-09-20 09:27:01,570 [RatisPipelineUtilsThread] INFO  pipeline.PipelineStateManager (PipelineStateManager.java:addPipeline(56)) - Created pipeline Pipeline[ Id: f262f600-4cd0-48f1-939b-7db849c7ba05, Nodes: 492ed782-6ab3-4ad9-945e-06def6ac7c96{ip: 192.168.36.99, host: pr-hdds-1569-p5fx8-1226042367, networkLocation: /default-rack, certSerialId: null}, Type:RATIS, Factor:ONE, State:OPEN]
2019-09-20 09:27:01,576 [grpc-default-executor-1] INFO  impl.RaftServerProxy (RaftServerProxy.java:addNew(89)) - 492ed782-6ab3-4ad9-945e-06def6ac7c96: addNew group-73D4B665E0F9:[492ed782-6ab3-4ad9-945e-06def6ac7c96:192.168.36.99:32835] returns group-73D4B665E0F9:java.util.concurrent.CompletableFuture@4efa0ad5[Not completed]
2019-09-20 09:27:01,578 [pool-49-thread-1] INFO  impl.RaftServerImpl (RaftServerImpl.java:<init>(93)) - 492ed782-6ab3-4ad9-945e-06def6ac7c96: new RaftServerImpl for group-73D4B665E0F9:[492ed782-6ab3-4ad9-945e-06def6ac7c96:192.168.36.99:32835] with ContainerStateMachine:uninitialized
2019-09-20 09:27:01,578 [pool-49-thread-1] INFO  server.RaftServerConfigKeys (ConfUtils.java:logGet(43)) - raft.server.rpc.timeout.min = 5s (custom)
2019-09-20 09:27:01,578 [pool-49-thread-1] INFO  server.RaftServerConfigKeys (ConfUtils.java:logGet(43)) - raft.server.rpc.timeout.max = 5200ms (custom)
2019-09-20 09:27:01,578 [pool-49-thread-1] INFO  server.RaftServerConfigKeys (ConfUtils.java:logGet(43)) - raft.server.rpcslowness.timeout = 10s (custom)
2019-09-20 09:27:01,579 [pool-49-thread-1] INFO  server.RaftServerConfigKeys (ConfUtils.java:logGet(43)) - raft.server.sleep.deviation.threshold = 300 (default)
2019-09-20 09:27:01,579 [pool-49-thread-1] INFO  server.RaftServerConfigKeys (ConfUtils.java:logGet(43)) - raft.server.log.appender.install.snapshot.enabled = false (custom)
2019-09-20 09:27:01,579 [pool-49-thread-1] INFO  impl.RaftServerImpl (ServerState.java:<init>(105)) - 492ed782-6ab3-4ad9-945e-06def6ac7c96:group-73D4B665E0F9 ConfigurationManager, init=-1: [492ed782-6ab3-4ad9-945e-06def6ac7c96:192.168.36.99:32835], old=null, confs=<EMPTY_MAP>
2019-09-20 09:27:01,579 [pool-49-thread-1] INFO  server.RaftServerConfigKeys (ConfUtils.java:logGet(43)) - raft.server.storage.dir = [/workdir/hadoop-ozone/integration-test/target/test-dir/MiniOzoneClusterImpl-a33d77e5-464b-4d19-8e6b-a171e580bf0e/datanode-2/data/ratis] (custom)
2019-09-20 09:27:01,580 [pool-49-thread-1] INFO  storage.RaftStorageDirectory (RaftStorageDirectory.java:analyzeStorage(246)) - The storage directory /workdir/hadoop-ozone/integration-test/target/test-dir/MiniOzoneClusterImpl-a33d77e5-464b-4d19-8e6b-a171e580bf0e/datanode-2/data/ratis/4ac735e0-c63a-446b-9aba-73d4b665e0f9 does not exist. Creating ...
2019-09-20 09:27:01,595 | INFO  | SCMAudit | user=jenkins1000 | ip=192.168.36.99 | op=SEND_HEARTBEAT {datanodeUUID=fd3cd5f9-4f1c-43ea-91b1-b85a1f6c3825, command=[]} | ret=SUCCESS |  
2019-09-20 09:27:01,601 [pool-49-thread-1] INFO  storage.RaftStorageDirectory (RaftStorageDirectory.java:tryLock(328)) - Lock on /workdir/hadoop-ozone/integration-test/target/test-dir/MiniOzoneClusterImpl-a33d77e5-464b-4d19-8e6b-a171e580bf0e/datanode-2/data/ratis/4ac735e0-c63a-446b-9aba-73d4b665e0f9/in_use.lock acquired by nodename 7145@pr-hdds-1569-p5fx8-1226042367
2019-09-20 09:27:01,601 [02b93e76-e4c6-4b67-b8a4-c536d9ab7224-SegmentedRaftLogWorker:Storage Directory /workdir/hadoop-ozone/integration-test/target/test-dir/MiniOzoneClusterImpl-a33d77e5-464b-4d19-8e6b-a171e580bf0e/datanode-0/data/ratis/74bf1f7f-e8e1-449b-ae20-609af3810e01] INFO  segmented.SegmentedRaftLogWorker (SegmentedRaftLogWorker.java:execute(569)) - 02b93e76-e4c6-4b67-b8a4-c536d9ab7224-SegmentedRaftLogWorker:Storage Directory /workdir/hadoop-ozone/integration-test/target/test-dir/MiniOzoneClusterImpl-a33d77e5-464b-4d19-8e6b-a171e580bf0e/datanode-0/data/ratis/74bf1f7f-e8e1-449b-ae20-609af3810e01: created new log segment /workdir/hadoop-ozone/integration-test/target/test-dir/MiniOzoneClusterImpl-a33d77e5-464b-4d19-8e6b-a171e580bf0e/datanode-0/data/ratis/74bf1f7f-e8e1-449b-ae20-609af3810e01/current/log_inprogress_0
2019-09-20 09:27:01,610 [fd3cd5f9-4f1c-43ea-91b1-b85a1f6c3825-SegmentedRaftLogWorker:Storage Directory /workdir/hadoop-ozone/integration-test/target/test-dir/MiniOzoneClusterImpl-a33d77e5-464b-4d19-8e6b-a171e580bf0e/datanode-1/data/ratis/589eff64-bdb7-49a5-bc4d-c7852780cb56] INFO  segmented.SegmentedRaftLogWorker (SegmentedRaftLogWorker.java:execute(569)) - fd3cd5f9-4f1c-43ea-91b1-b85a1f6c3825-SegmentedRaftLogWorker:Storage Directory /workdir/hadoop-ozone/integration-test/target/test-dir/MiniOzoneClusterImpl-a33d77e5-464b-4d19-8e6b-a171e580bf0e/datanode-1/data/ratis/589eff64-bdb7-49a5-bc4d-c7852780cb56: created new log segment /workdir/hadoop-ozone/integration-test/target/test-dir/MiniOzoneClusterImpl-a33d77e5-464b-4d19-8e6b-a171e580bf0e/datanode-1/data/ratis/589eff64-bdb7-49a5-bc4d-c7852780cb56/current/log_inprogress_0
2019-09-20 09:27:01,627 [pool-49-thread-1] INFO  storage.RaftStorage (RaftStorage.java:format(72)) - Storage directory /workdir/hadoop-ozone/integration-test/target/test-dir/MiniOzoneClusterImpl-a33d77e5-464b-4d19-8e6b-a171e580bf0e/datanode-2/data/ratis/4ac735e0-c63a-446b-9aba-73d4b665e0f9 has been successfully formatted.
2019-09-20 09:27:01,628 [pool-49-thread-1] INFO  ratis.ContainerStateMachine (ContainerStateMachine.java:loadSnapshot(226)) - group-73D4B665E0F9: The snapshot info is null. Setting the last applied indexto:(t:0, i:~)
2019-09-20 09:27:01,628 [pool-49-thread-1] INFO  server.RaftServerConfigKeys (ConfUtils.java:logGet(43)) - raft.server.leader.election.timeout = 10s (custom)
2019-09-20 09:27:01,628 [pool-49-thread-1] INFO  server.RaftServerConfigKeys (ConfUtils.java:logGet(43)) - raft.server.log.use.memory = false (default)
2019-09-20 09:27:01,628 [pool-49-thread-1] INFO  server.RaftServerConfigKeys (ConfUtils.java:logGet(43)) - raft.server.log.purge.gap = 1000000 (custom)
2019-09-20 09:27:01,628 [pool-49-thread-1] INFO  server.RaftServerConfigKeys (ConfUtils.java:logGet(43)) - raft.server.log.appender.buffer.byte-limit = 33554432 (custom)
2019-09-20 09:27:01,628 [pool-49-thread-1] INFO  server.RaftServerConfigKeys (ConfUtils.java:logGet(43)) - raft.server.log.segment.size.max = 1048576 (custom)
2019-09-20 09:27:01,629 [pool-49-thread-1] INFO  server.RaftServerConfigKeys (ConfUtils.java:logGet(43)) - raft.server.log.segment.cache.num.max = 2 (custom)
2019-09-20 09:27:01,629 [pool-49-thread-1] INFO  segmented.SegmentedRaftLogWorker (SegmentedRaftLogWorker.java:<init>(172)) - new 492ed782-6ab3-4ad9-945e-06def6ac7c96-SegmentedRaftLogWorker:Storage Directory /workdir/hadoop-ozone/integration-test/target/test-dir/MiniOzoneClusterImpl-a33d77e5-464b-4d19-8e6b-a171e580bf0e/datanode-2/data/ratis/4ac735e0-c63a-446b-9aba-73d4b665e0f9 for RaftStorage:Storage Directory /workdir/hadoop-ozone/integration-test/target/test-dir/MiniOzoneClusterImpl-a33d77e5-464b-4d19-8e6b-a171e580bf0e/datanode-2/data/ratis/4ac735e0-c63a-446b-9aba-73d4b665e0f9
2019-09-20 09:27:01,629 [pool-49-thread-1] INFO  server.RaftServerConfigKeys (ConfUtils.java:logGet(43)) - raft.server.log.queue.byte-limit = 2147483647 (custom)
2019-09-20 09:27:01,629 [pool-49-thread-1] INFO  server.RaftServerConfigKeys (ConfUtils.java:logGet(43)) - raft.server.log.queue.element-limit = 1024 (custom)
2019-09-20 09:27:01,629 [pool-49-thread-1] INFO  server.RaftServerConfigKeys (ConfUtils.java:logGet(43)) - raft.server.log.segment.size.max = 1048576 (custom)
2019-09-20 09:27:01,629 [pool-49-thread-1] INFO  server.RaftServerConfigKeys (ConfUtils.java:logGet(43)) - raft.server.log.preallocated.size = 16384 (custom)
2019-09-20 09:27:01,629 [pool-49-thread-1] INFO  server.RaftServerConfigKeys (ConfUtils.java:logGet(43)) - raft.server.log.write.buffer.size = 33554432 (custom)
2019-09-20 09:27:01,629 [pool-49-thread-1] INFO  server.RaftServerConfigKeys (ConfUtils.java:logGet(43)) - raft.server.log.force.sync.num = 128 (default)
2019-09-20 09:27:01,630 [pool-49-thread-1] INFO  server.RaftServerConfigKeys (ConfUtils.java:logGet(43)) - raft.server.log.statemachine.data.sync = true (default)
2019-09-20 09:27:01,630 [pool-49-thread-1] INFO  server.RaftServerConfigKeys (ConfUtils.java:logGet(43)) - raft.server.log.statemachine.data.sync.timeout = 10s (default)
2019-09-20 09:27:01,630 [pool-49-thread-1] INFO  server.RaftServerConfigKeys (ConfUtils.java:logGet(43)) - raft.server.log.statemachine.data.sync.timeout.retry = -1 (default)
2019-09-20 09:27:01,630 [pool-49-thread-1] INFO  server.RaftServerConfigKeys (ConfUtils.java:logGet(43)) - raft.server.log.statemachine.data.caching.enabled = true (custom)
2019-09-20 09:27:01,630 [pool-49-thread-1] INFO  segmented.SegmentedRaftLogWorker (SegmentedRaftLogWorker.java:lambda$new$0(132)) - 492ed782-6ab3-4ad9-945e-06def6ac7c96-SegmentedRaftLogWorker:Storage Directory /workdir/hadoop-ozone/integration-test/target/test-dir/MiniOzoneClusterImpl-a33d77e5-464b-4d19-8e6b-a171e580bf0e/datanode-2/data/ratis/4ac735e0-c63a-446b-9aba-73d4b665e0f9: flushIndex: setUnconditionally 0 -> -1
2019-09-20 09:27:01,631 [pool-49-thread-1] INFO  server.RaftServerConfigKeys (ConfUtils.java:logGet(43)) - raft.server.snapshot.auto.trigger.enabled = true (custom)
2019-09-20 09:27:01,631 [pool-49-thread-1] INFO  server.RaftServerConfigKeys (ConfUtils.java:logGet(43)) - raft.server.snapshot.auto.trigger.threshold = 10000 (custom)
2019-09-20 09:27:01,631 [pool-49-thread-1] INFO  server.RaftServerConfigKeys (ConfUtils.java:logGet(43)) - raft.server.retrycache.expirytime = 600000ms (custom)
2019-09-20 09:27:01,631 [pool-49-thread-1] INFO  impl.RaftServerImpl (RaftServerImpl.java:start(180)) - 492ed782-6ab3-4ad9-945e-06def6ac7c96: start group-73D4B665E0F9
2019-09-20 09:27:01,631 [pool-49-thread-1] INFO  impl.RaftServerImpl (RaftServerImpl.java:setRole(171)) - 492ed782-6ab3-4ad9-945e-06def6ac7c96:group-73D4B665E0F9 changes role from null to FOLLOWER at term 0 for startAsFollower
2019-09-20 09:27:01,631 [pool-49-thread-1] INFO  impl.RoleInfo (RoleInfo.java:updateAndGet(143)) - 492ed782-6ab3-4ad9-945e-06def6ac7c96: start FollowerState
2019-09-20 09:27:01,632 [pool-49-thread-1] INFO  util.JmxRegister (JmxRegister.java:tryRegister(44)) - Successfully registered JMX Bean with object name Ratis:service=RaftServer,group=group-73D4B665E0F9,id=492ed782-6ab3-4ad9-945e-06def6ac7c96
2019-09-20 09:27:01,635 [RatisPipelineUtilsThread] INFO  pipeline.PipelineStateManager (PipelineStateManager.java:addPipeline(56)) - Created pipeline Pipeline[ Id: 4ac735e0-c63a-446b-9aba-73d4b665e0f9, Nodes: 492ed782-6ab3-4ad9-945e-06def6ac7c96{ip: 192.168.36.99, host: pr-hdds-1569-p5fx8-1226042367, networkLocation: /default-rack, certSerialId: null}, Type:RATIS, Factor:ONE, State:OPEN]
2019-09-20 09:27:01,638 [Thread-399] INFO  impl.FollowerState (FollowerState.java:run(106)) - 871e6485-c22a-483f-9e07-d19e754685be:group-62B3CE7CDECD changes to CANDIDATE, lastRpcTime:5100, electionTimeout:5100ms
2019-09-20 09:27:01,638 [Thread-399] INFO  impl.RoleInfo (RoleInfo.java:shutdownFollowerState(121)) - 871e6485-c22a-483f-9e07-d19e754685be: shutdown FollowerState
2019-09-20 09:27:01,638 [Thread-399] INFO  impl.RaftServerImpl (RaftServerImpl.java:setRole(171)) - 871e6485-c22a-483f-9e07-d19e754685be:group-62B3CE7CDECD changes role from FOLLOWER to CANDIDATE at term 0 for changeToCandidate
2019-09-20 09:27:01,638 [Thread-399] INFO  impl.RoleInfo (RoleInfo.java:updateAndGet(143)) - 871e6485-c22a-483f-9e07-d19e754685be: start LeaderElection
2019-09-20 09:27:01,640 [grpc-default-executor-1] INFO  impl.RaftServerProxy (RaftServerProxy.java:addNew(89)) - 492ed782-6ab3-4ad9-945e-06def6ac7c96: addNew group-DEE5CB996035:[492ed782-6ab3-4ad9-945e-06def6ac7c96:192.168.36.99:32835] returns group-DEE5CB996035:java.util.concurrent.CompletableFuture@59230d04[Not completed]
2019-09-20 09:27:01,641 [pool-49-thread-1] INFO  impl.RaftServerImpl (RaftServerImpl.java:<init>(93)) - 492ed782-6ab3-4ad9-945e-06def6ac7c96: new RaftServerImpl for group-DEE5CB996035:[492ed782-6ab3-4ad9-945e-06def6ac7c96:192.168.36.99:32835] with ContainerStateMachine:uninitialized
2019-09-20 09:27:01,641 [pool-49-thread-1] INFO  server.RaftServerConfigKeys (ConfUtils.java:logGet(43)) - raft.server.rpc.timeout.min = 5s (custom)
2019-09-20 09:27:01,641 [pool-49-thread-1] INFO  server.RaftServerConfigKeys (ConfUtils.java:logGet(43)) - raft.server.rpc.timeout.max = 5200ms (custom)
2019-09-20 09:27:01,641 [pool-49-thread-1] INFO  server.RaftServerConfigKeys (ConfUtils.java:logGet(43)) - raft.server.rpcslowness.timeout = 10s (custom)
2019-09-20 09:27:01,641 [pool-49-thread-1] INFO  server.RaftServerConfigKeys (ConfUtils.java:logGet(43)) - raft.server.sleep.deviation.threshold = 300 (default)
2019-09-20 09:27:01,642 [pool-49-thread-1] INFO  server.RaftServerConfigKeys (ConfUtils.java:logGet(43)) - raft.server.log.appender.install.snapshot.enabled = false (custom)
2019-09-20 09:27:01,642 [pool-49-thread-1] INFO  impl.RaftServerImpl (ServerState.java:<init>(105)) - 492ed782-6ab3-4ad9-945e-06def6ac7c96:group-DEE5CB996035 ConfigurationManager, init=-1: [492ed782-6ab3-4ad9-945e-06def6ac7c96:192.168.36.99:32835], old=null, confs=<EMPTY_MAP>
2019-09-20 09:27:01,642 [pool-49-thread-1] INFO  server.RaftServerConfigKeys (ConfUtils.java:logGet(43)) - raft.server.storage.dir = [/workdir/hadoop-ozone/integration-test/target/test-dir/MiniOzoneClusterImpl-a33d77e5-464b-4d19-8e6b-a171e580bf0e/datanode-2/data/ratis] (custom)
2019-09-20 09:27:01,642 [pool-49-thread-1] INFO  storage.RaftStorageDirectory (RaftStorageDirectory.java:analyzeStorage(246)) - The storage directory /workdir/hadoop-ozone/integration-test/target/test-dir/MiniOzoneClusterImpl-a33d77e5-464b-4d19-8e6b-a171e580bf0e/datanode-2/data/ratis/88a952cd-d10d-41a2-8b2f-dee5cb996035 does not exist. Creating ...
2019-09-20 09:27:01,661 [pool-49-thread-1] INFO  storage.RaftStorageDirectory (RaftStorageDirectory.java:tryLock(328)) - Lock on /workdir/hadoop-ozone/integration-test/target/test-dir/MiniOzoneClusterImpl-a33d77e5-464b-4d19-8e6b-a171e580bf0e/datanode-2/data/ratis/88a952cd-d10d-41a2-8b2f-dee5cb996035/in_use.lock acquired by nodename 7145@pr-hdds-1569-p5fx8-1226042367
2019-09-20 09:27:01,662 [871e6485-c22a-483f-9e07-d19e754685be:group-62B3CE7CDECD:LeaderElection59] INFO  impl.LeaderElection (LeaderElection.java:askForVotes(181)) - 871e6485-c22a-483f-9e07-d19e754685be:group-62B3CE7CDECD:LeaderElection59: begin an election at term 1 for -1: [871e6485-c22a-483f-9e07-d19e754685be:192.168.36.99:41076], old=null
2019-09-20 09:27:01,662 [871e6485-c22a-483f-9e07-d19e754685be:group-62B3CE7CDECD:LeaderElection59] INFO  impl.RoleInfo (RoleInfo.java:shutdownLeaderElection(134)) - 871e6485-c22a-483f-9e07-d19e754685be: shutdown LeaderElection
2019-09-20 09:27:01,662 [871e6485-c22a-483f-9e07-d19e754685be:group-62B3CE7CDECD:LeaderElection59] INFO  impl.RaftServerImpl (RaftServerImpl.java:setRole(171)) - 871e6485-c22a-483f-9e07-d19e754685be:group-62B3CE7CDECD changes role from CANDIDATE to LEADER at term 1 for changeToLeader
2019-09-20 09:27:01,662 [871e6485-c22a-483f-9e07-d19e754685be:group-62B3CE7CDECD:LeaderElection59] INFO  impl.RaftServerImpl (ServerState.java:setLeader(263)) - 871e6485-c22a-483f-9e07-d19e754685be:group-62B3CE7CDECD change Leader from null to 871e6485-c22a-483f-9e07-d19e754685be at term 1 for becomeLeader, leader elected after 5129ms
2019-09-20 09:27:01,662 [871e6485-c22a-483f-9e07-d19e754685be:group-62B3CE7CDECD:LeaderElection59] INFO  server.RaftServerConfigKeys (ConfUtils.java:logGet(43)) - raft.server.staging.catchup.gap = 1000 (default)
2019-09-20 09:27:01,662 [871e6485-c22a-483f-9e07-d19e754685be:group-62B3CE7CDECD:LeaderElection59] INFO  server.RaftServerConfigKeys (ConfUtils.java:logGet(43)) - raft.server.rpc.sleep.time = 25ms (default)
2019-09-20 09:27:01,662 [871e6485-c22a-483f-9e07-d19e754685be:group-62B3CE7CDECD:LeaderElection59] INFO  server.RaftServerConfigKeys (ConfUtils.java:logGet(43)) - raft.server.write.element-limit = 4096 (default)
2019-09-20 09:27:01,663 [871e6485-c22a-483f-9e07-d19e754685be:group-62B3CE7CDECD:LeaderElection59] INFO  server.RaftServerConfigKeys (ConfUtils.java:logGet(43)) - raft.server.watch.timeout = 10s (default)
2019-09-20 09:27:01,663 [871e6485-c22a-483f-9e07-d19e754685be:group-62B3CE7CDECD:LeaderElection59] INFO  server.RaftServerConfigKeys (ConfUtils.java:logGet(43)) - raft.server.watch.timeout.denomination = 1s (default)
2019-09-20 09:27:01,663 [871e6485-c22a-483f-9e07-d19e754685be:group-62B3CE7CDECD:LeaderElection59] INFO  server.RaftServerConfigKeys (ConfUtils.java:logGet(43)) - raft.server.watch.element-limit = 65536 (default)
2019-09-20 09:27:01,663 [871e6485-c22a-483f-9e07-d19e754685be:group-62B3CE7CDECD:LeaderElection59] INFO  impl.RoleInfo (RoleInfo.java:updateAndGet(143)) - 871e6485-c22a-483f-9e07-d19e754685be: start LeaderState
2019-09-20 09:27:01,663 [871e6485-c22a-483f-9e07-d19e754685be:group-62B3CE7CDECD:LeaderElection59] INFO  segmented.SegmentedRaftLogWorker (SegmentedRaftLogWorker.java:startLogSegment(380)) - 871e6485-c22a-483f-9e07-d19e754685be-SegmentedRaftLogWorker:Storage Directory /workdir/hadoop-ozone/integration-test/target/test-dir/MiniOzoneClusterImpl-a33d77e5-464b-4d19-8e6b-a171e580bf0e/datanode-4/data/ratis/47f1de23-9f10-4974-b4a8-62b3ce7cdecd: Starting segment from index:0
2019-09-20 09:27:01,664 [871e6485-c22a-483f-9e07-d19e754685be:group-62B3CE7CDECD:LeaderElection59] INFO  impl.RaftServerImpl (ServerState.java:setRaftConf(361)) - 871e6485-c22a-483f-9e07-d19e754685be:group-62B3CE7CDECD set configuration 0: [871e6485-c22a-483f-9e07-d19e754685be:192.168.36.99:41076], old=null at 0
2019-09-20 09:27:01,673 [Thread-402] INFO  impl.FollowerState (FollowerState.java:run(106)) - 871e6485-c22a-483f-9e07-d19e754685be:group-378FEF94807B changes to CANDIDATE, lastRpcTime:5065, electionTimeout:5065ms
2019-09-20 09:27:01,673 [Thread-402] INFO  impl.RoleInfo (RoleInfo.java:shutdownFollowerState(121)) - 871e6485-c22a-483f-9e07-d19e754685be: shutdown FollowerState
2019-09-20 09:27:01,673 [Thread-402] INFO  impl.RaftServerImpl (RaftServerImpl.java:setRole(171)) - 871e6485-c22a-483f-9e07-d19e754685be:group-378FEF94807B changes role from FOLLOWER to CANDIDATE at term 0 for changeToCandidate
2019-09-20 09:27:01,673 [Thread-402] INFO  impl.RoleInfo (RoleInfo.java:updateAndGet(143)) - 871e6485-c22a-483f-9e07-d19e754685be: start LeaderElection
2019-09-20 09:27:01,687 [pool-49-thread-1] INFO  storage.RaftStorage (RaftStorage.java:format(72)) - Storage directory /workdir/hadoop-ozone/integration-test/target/test-dir/MiniOzoneClusterImpl-a33d77e5-464b-4d19-8e6b-a171e580bf0e/datanode-2/data/ratis/88a952cd-d10d-41a2-8b2f-dee5cb996035 has been successfully formatted.
2019-09-20 09:27:01,687 [pool-49-thread-1] INFO  ratis.ContainerStateMachine (ContainerStateMachine.java:loadSnapshot(226)) - group-DEE5CB996035: The snapshot info is null. Setting the last applied indexto:(t:0, i:~)
2019-09-20 09:27:01,687 [pool-49-thread-1] INFO  server.RaftServerConfigKeys (ConfUtils.java:logGet(43)) - raft.server.leader.election.timeout = 10s (custom)
2019-09-20 09:27:01,688 [pool-49-thread-1] INFO  server.RaftServerConfigKeys (ConfUtils.java:logGet(43)) - raft.server.log.use.memory = false (default)
2019-09-20 09:27:01,688 [pool-49-thread-1] INFO  server.RaftServerConfigKeys (ConfUtils.java:logGet(43)) - raft.server.log.purge.gap = 1000000 (custom)
2019-09-20 09:27:01,688 [pool-49-thread-1] INFO  server.RaftServerConfigKeys (ConfUtils.java:logGet(43)) - raft.server.log.appender.buffer.byte-limit = 33554432 (custom)
2019-09-20 09:27:01,688 [pool-49-thread-1] INFO  server.RaftServerConfigKeys (ConfUtils.java:logGet(43)) - raft.server.log.segment.size.max = 1048576 (custom)
2019-09-20 09:27:01,688 [pool-49-thread-1] INFO  server.RaftServerConfigKeys (ConfUtils.java:logGet(43)) - raft.server.log.segment.cache.num.max = 2 (custom)
2019-09-20 09:27:01,688 [pool-49-thread-1] INFO  segmented.SegmentedRaftLogWorker (SegmentedRaftLogWorker.java:<init>(172)) - new 492ed782-6ab3-4ad9-945e-06def6ac7c96-SegmentedRaftLogWorker:Storage Directory /workdir/hadoop-ozone/integration-test/target/test-dir/MiniOzoneClusterImpl-a33d77e5-464b-4d19-8e6b-a171e580bf0e/datanode-2/data/ratis/88a952cd-d10d-41a2-8b2f-dee5cb996035 for RaftStorage:Storage Directory /workdir/hadoop-ozone/integration-test/target/test-dir/MiniOzoneClusterImpl-a33d77e5-464b-4d19-8e6b-a171e580bf0e/datanode-2/data/ratis/88a952cd-d10d-41a2-8b2f-dee5cb996035
2019-09-20 09:27:01,688 [pool-49-thread-1] INFO  server.RaftServerConfigKeys (ConfUtils.java:logGet(43)) - raft.server.log.queue.byte-limit = 2147483647 (custom)
2019-09-20 09:27:01,688 [pool-49-thread-1] INFO  server.RaftServerConfigKeys (ConfUtils.java:logGet(43)) - raft.server.log.queue.element-limit = 1024 (custom)
2019-09-20 09:27:01,688 [pool-49-thread-1] INFO  server.RaftServerConfigKeys (ConfUtils.java:logGet(43)) - raft.server.log.segment.size.max = 1048576 (custom)
2019-09-20 09:27:01,689 [pool-49-thread-1] INFO  server.RaftServerConfigKeys (ConfUtils.java:logGet(43)) - raft.server.log.preallocated.size = 16384 (custom)
2019-09-20 09:27:01,689 [pool-49-thread-1] INFO  server.RaftServerConfigKeys (ConfUtils.java:logGet(43)) - raft.server.log.write.buffer.size = 33554432 (custom)
2019-09-20 09:27:01,689 [pool-49-thread-1] INFO  server.RaftServerConfigKeys (ConfUtils.java:logGet(43)) - raft.server.log.force.sync.num = 128 (default)
2019-09-20 09:27:01,689 [pool-49-thread-1] INFO  server.RaftServerConfigKeys (ConfUtils.java:logGet(43)) - raft.server.log.statemachine.data.sync = true (default)
2019-09-20 09:27:01,689 [pool-49-thread-1] INFO  server.RaftServerConfigKeys (ConfUtils.java:logGet(43)) - raft.server.log.statemachine.data.sync.timeout = 10s (default)
2019-09-20 09:27:01,689 [pool-49-thread-1] INFO  server.RaftServerConfigKeys (ConfUtils.java:logGet(43)) - raft.server.log.statemachine.data.sync.timeout.retry = -1 (default)
2019-09-20 09:27:01,689 [pool-49-thread-1] INFO  server.RaftServerConfigKeys (ConfUtils.java:logGet(43)) - raft.server.log.statemachine.data.caching.enabled = true (custom)
2019-09-20 09:27:01,689 [pool-49-thread-1] INFO  segmented.SegmentedRaftLogWorker (SegmentedRaftLogWorker.java:lambda$new$0(132)) - 492ed782-6ab3-4ad9-945e-06def6ac7c96-SegmentedRaftLogWorker:Storage Directory /workdir/hadoop-ozone/integration-test/target/test-dir/MiniOzoneClusterImpl-a33d77e5-464b-4d19-8e6b-a171e580bf0e/datanode-2/data/ratis/88a952cd-d10d-41a2-8b2f-dee5cb996035: flushIndex: setUnconditionally 0 -> -1
2019-09-20 09:27:01,690 [pool-49-thread-1] INFO  server.RaftServerConfigKeys (ConfUtils.java:logGet(43)) - raft.server.snapshot.auto.trigger.enabled = true (custom)
2019-09-20 09:27:01,690 [pool-49-thread-1] INFO  server.RaftServerConfigKeys (ConfUtils.java:logGet(43)) - raft.server.snapshot.auto.trigger.threshold = 10000 (custom)
2019-09-20 09:27:01,690 [pool-49-thread-1] INFO  server.RaftServerConfigKeys (ConfUtils.java:logGet(43)) - raft.server.retrycache.expirytime = 600000ms (custom)
2019-09-20 09:27:01,690 [pool-49-thread-1] INFO  impl.RaftServerImpl (RaftServerImpl.java:start(180)) - 492ed782-6ab3-4ad9-945e-06def6ac7c96: start group-DEE5CB996035
2019-09-20 09:27:01,690 [pool-49-thread-1] INFO  impl.RaftServerImpl (RaftServerImpl.java:setRole(171)) - 492ed782-6ab3-4ad9-945e-06def6ac7c96:group-DEE5CB996035 changes role from null to FOLLOWER at term 0 for startAsFollower
2019-09-20 09:27:01,690 [pool-49-thread-1] INFO  impl.RoleInfo (RoleInfo.java:updateAndGet(143)) - 492ed782-6ab3-4ad9-945e-06def6ac7c96: start FollowerState
2019-09-20 09:27:01,691 [pool-49-thread-1] INFO  util.JmxRegister (JmxRegister.java:tryRegister(44)) - Successfully registered JMX Bean with object name Ratis:service=RaftServer,group=group-DEE5CB996035,id=492ed782-6ab3-4ad9-945e-06def6ac7c96
2019-09-20 09:27:01,694 [RatisPipelineUtilsThread] INFO  pipeline.PipelineStateManager (PipelineStateManager.java:addPipeline(56)) - Created pipeline Pipeline[ Id: 88a952cd-d10d-41a2-8b2f-dee5cb996035, Nodes: 492ed782-6ab3-4ad9-945e-06def6ac7c96{ip: 192.168.36.99, host: pr-hdds-1569-p5fx8-1226042367, networkLocation: /default-rack, certSerialId: null}, Type:RATIS, Factor:ONE, State:OPEN]
2019-09-20 09:27:01,696 [871e6485-c22a-483f-9e07-d19e754685be:group-378FEF94807B:LeaderElection60] INFO  impl.LeaderElection (LeaderElection.java:askForVotes(181)) - 871e6485-c22a-483f-9e07-d19e754685be:group-378FEF94807B:LeaderElection60: begin an election at term 1 for -1: [871e6485-c22a-483f-9e07-d19e754685be:192.168.36.99:41076], old=null
2019-09-20 09:27:01,696 [871e6485-c22a-483f-9e07-d19e754685be:group-378FEF94807B:LeaderElection60] INFO  impl.RoleInfo (RoleInfo.java:shutdownLeaderElection(134)) - 871e6485-c22a-483f-9e07-d19e754685be: shutdown LeaderElection
2019-09-20 09:27:01,696 [871e6485-c22a-483f-9e07-d19e754685be:group-378FEF94807B:LeaderElection60] INFO  impl.RaftServerImpl (RaftServerImpl.java:setRole(171)) - 871e6485-c22a-483f-9e07-d19e754685be:group-378FEF94807B changes role from CANDIDATE to LEADER at term 1 for changeToLeader
2019-09-20 09:27:01,696 [871e6485-c22a-483f-9e07-d19e754685be:group-378FEF94807B:LeaderElection60] INFO  impl.RaftServerImpl (ServerState.java:setLeader(263)) - 871e6485-c22a-483f-9e07-d19e754685be:group-378FEF94807B change Leader from null to 871e6485-c22a-483f-9e07-d19e754685be at term 1 for becomeLeader, leader elected after 5095ms
2019-09-20 09:27:01,696 [871e6485-c22a-483f-9e07-d19e754685be:group-378FEF94807B:LeaderElection60] INFO  server.RaftServerConfigKeys (ConfUtils.java:logGet(43)) - raft.server.staging.catchup.gap = 1000 (default)
2019-09-20 09:27:01,696 [871e6485-c22a-483f-9e07-d19e754685be:group-378FEF94807B:LeaderElection60] INFO  server.RaftServerConfigKeys (ConfUtils.java:logGet(43)) - raft.server.rpc.sleep.time = 25ms (default)
2019-09-20 09:27:01,697 [871e6485-c22a-483f-9e07-d19e754685be:group-378FEF94807B:LeaderElection60] INFO  server.RaftServerConfigKeys (ConfUtils.java:logGet(43)) - raft.server.write.element-limit = 4096 (default)
2019-09-20 09:27:01,697 [871e6485-c22a-483f-9e07-d19e754685be:group-378FEF94807B:LeaderElection60] INFO  server.RaftServerConfigKeys (ConfUtils.java:logGet(43)) - raft.server.watch.timeout = 10s (default)
2019-09-20 09:27:01,697 [871e6485-c22a-483f-9e07-d19e754685be:group-378FEF94807B:LeaderElection60] INFO  server.RaftServerConfigKeys (ConfUtils.java:logGet(43)) - raft.server.watch.timeout.denomination = 1s (default)
2019-09-20 09:27:01,697 [871e6485-c22a-483f-9e07-d19e754685be:group-378FEF94807B:LeaderElection60] INFO  server.RaftServerConfigKeys (ConfUtils.java:logGet(43)) - raft.server.watch.element-limit = 65536 (default)
2019-09-20 09:27:01,697 [871e6485-c22a-483f-9e07-d19e754685be:group-378FEF94807B:LeaderElection60] INFO  impl.RoleInfo (RoleInfo.java:updateAndGet(143)) - 871e6485-c22a-483f-9e07-d19e754685be: start LeaderState
2019-09-20 09:27:01,698 [871e6485-c22a-483f-9e07-d19e754685be:group-378FEF94807B:LeaderElection60] INFO  segmented.SegmentedRaftLogWorker (SegmentedRaftLogWorker.java:startLogSegment(380)) - 871e6485-c22a-483f-9e07-d19e754685be-SegmentedRaftLogWorker:Storage Directory /workdir/hadoop-ozone/integration-test/target/test-dir/MiniOzoneClusterImpl-a33d77e5-464b-4d19-8e6b-a171e580bf0e/datanode-4/data/ratis/dac695d7-e341-405b-baef-378fef94807b: Starting segment from index:0
2019-09-20 09:27:01,698 [871e6485-c22a-483f-9e07-d19e754685be:group-378FEF94807B:LeaderElection60] INFO  impl.RaftServerImpl (ServerState.java:setRaftConf(361)) - 871e6485-c22a-483f-9e07-d19e754685be:group-378FEF94807B set configuration 0: [871e6485-c22a-483f-9e07-d19e754685be:192.168.36.99:41076], old=null at 0
2019-09-20 09:27:01,700 [grpc-default-executor-1] INFO  impl.RaftServerProxy (RaftServerProxy.java:addNew(89)) - 871e6485-c22a-483f-9e07-d19e754685be: addNew group-251E202153EF:[871e6485-c22a-483f-9e07-d19e754685be:192.168.36.99:41076] returns group-251E202153EF:java.util.concurrent.CompletableFuture@3a20336c[Not completed]
2019-09-20 09:27:01,702 [pool-71-thread-1] INFO  impl.RaftServerImpl (RaftServerImpl.java:<init>(93)) - 871e6485-c22a-483f-9e07-d19e754685be: new RaftServerImpl for group-251E202153EF:[871e6485-c22a-483f-9e07-d19e754685be:192.168.36.99:41076] with ContainerStateMachine:uninitialized
2019-09-20 09:27:01,702 [pool-71-thread-1] INFO  server.RaftServerConfigKeys (ConfUtils.java:logGet(43)) - raft.server.rpc.timeout.min = 5s (custom)
2019-09-20 09:27:01,702 [pool-71-thread-1] INFO  server.RaftServerConfigKeys (ConfUtils.java:logGet(43)) - raft.server.rpc.timeout.max = 5200ms (custom)
2019-09-20 09:27:01,702 [pool-71-thread-1] INFO  server.RaftServerConfigKeys (ConfUtils.java:logGet(43)) - raft.server.rpcslowness.timeout = 10s (custom)
2019-09-20 09:27:01,703 [pool-71-thread-1] INFO  server.RaftServerConfigKeys (ConfUtils.java:logGet(43)) - raft.server.sleep.deviation.threshold = 300 (default)
2019-09-20 09:27:01,703 [pool-71-thread-1] INFO  server.RaftServerConfigKeys (ConfUtils.java:logGet(43)) - raft.server.log.appender.install.snapshot.enabled = false (custom)
2019-09-20 09:27:01,703 [pool-71-thread-1] INFO  impl.RaftServerImpl (ServerState.java:<init>(105)) - 871e6485-c22a-483f-9e07-d19e754685be:group-251E202153EF ConfigurationManager, init=-1: [871e6485-c22a-483f-9e07-d19e754685be:192.168.36.99:41076], old=null, confs=<EMPTY_MAP>
2019-09-20 09:27:01,703 [pool-71-thread-1] INFO  server.RaftServerConfigKeys (ConfUtils.java:logGet(43)) - raft.server.storage.dir = [/workdir/hadoop-ozone/integration-test/target/test-dir/MiniOzoneClusterImpl-a33d77e5-464b-4d19-8e6b-a171e580bf0e/datanode-4/data/ratis] (custom)
2019-09-20 09:27:01,704 [pool-71-thread-1] INFO  storage.RaftStorageDirectory (RaftStorageDirectory.java:analyzeStorage(246)) - The storage directory /workdir/hadoop-ozone/integration-test/target/test-dir/MiniOzoneClusterImpl-a33d77e5-464b-4d19-8e6b-a171e580bf0e/datanode-4/data/ratis/5c6af080-9448-4f2b-85bc-251e202153ef does not exist. Creating ...
2019-09-20 09:27:01,721 [pool-71-thread-1] INFO  storage.RaftStorageDirectory (RaftStorageDirectory.java:tryLock(328)) - Lock on /workdir/hadoop-ozone/integration-test/target/test-dir/MiniOzoneClusterImpl-a33d77e5-464b-4d19-8e6b-a171e580bf0e/datanode-4/data/ratis/5c6af080-9448-4f2b-85bc-251e202153ef/in_use.lock acquired by nodename 7145@pr-hdds-1569-p5fx8-1226042367
2019-09-20 09:27:01,721 [871e6485-c22a-483f-9e07-d19e754685be-SegmentedRaftLogWorker:Storage Directory /workdir/hadoop-ozone/integration-test/target/test-dir/MiniOzoneClusterImpl-a33d77e5-464b-4d19-8e6b-a171e580bf0e/datanode-4/data/ratis/47f1de23-9f10-4974-b4a8-62b3ce7cdecd] INFO  segmented.SegmentedRaftLogWorker (SegmentedRaftLogWorker.java:execute(569)) - 871e6485-c22a-483f-9e07-d19e754685be-SegmentedRaftLogWorker:Storage Directory /workdir/hadoop-ozone/integration-test/target/test-dir/MiniOzoneClusterImpl-a33d77e5-464b-4d19-8e6b-a171e580bf0e/datanode-4/data/ratis/47f1de23-9f10-4974-b4a8-62b3ce7cdecd: created new log segment /workdir/hadoop-ozone/integration-test/target/test-dir/MiniOzoneClusterImpl-a33d77e5-464b-4d19-8e6b-a171e580bf0e/datanode-4/data/ratis/47f1de23-9f10-4974-b4a8-62b3ce7cdecd/current/log_inprogress_0
2019-09-20 09:27:01,738 [pool-71-thread-1] INFO  storage.RaftStorage (RaftStorage.java:format(72)) - Storage directory /workdir/hadoop-ozone/integration-test/target/test-dir/MiniOzoneClusterImpl-a33d77e5-464b-4d19-8e6b-a171e580bf0e/datanode-4/data/ratis/5c6af080-9448-4f2b-85bc-251e202153ef has been successfully formatted.
2019-09-20 09:27:01,739 [pool-71-thread-1] INFO  ratis.ContainerStateMachine (ContainerStateMachine.java:loadSnapshot(226)) - group-251E202153EF: The snapshot info is null. Setting the last applied indexto:(t:0, i:~)
2019-09-20 09:27:01,739 [pool-71-thread-1] INFO  server.RaftServerConfigKeys (ConfUtils.java:logGet(43)) - raft.server.leader.election.timeout = 10s (custom)
2019-09-20 09:27:01,739 [pool-71-thread-1] INFO  server.RaftServerConfigKeys (ConfUtils.java:logGet(43)) - raft.server.log.use.memory = false (default)
2019-09-20 09:27:01,739 [pool-71-thread-1] INFO  server.RaftServerConfigKeys (ConfUtils.java:logGet(43)) - raft.server.log.purge.gap = 1000000 (custom)
2019-09-20 09:27:01,739 [pool-71-thread-1] INFO  server.RaftServerConfigKeys (ConfUtils.java:logGet(43)) - raft.server.log.appender.buffer.byte-limit = 33554432 (custom)
2019-09-20 09:27:01,739 [pool-71-thread-1] INFO  server.RaftServerConfigKeys (ConfUtils.java:logGet(43)) - raft.server.log.segment.size.max = 1048576 (custom)
2019-09-20 09:27:01,739 [pool-71-thread-1] INFO  server.RaftServerConfigKeys (ConfUtils.java:logGet(43)) - raft.server.log.segment.cache.num.max = 2 (custom)
2019-09-20 09:27:01,740 [pool-71-thread-1] INFO  segmented.SegmentedRaftLogWorker (SegmentedRaftLogWorker.java:<init>(172)) - new 871e6485-c22a-483f-9e07-d19e754685be-SegmentedRaftLogWorker:Storage Directory /workdir/hadoop-ozone/integration-test/target/test-dir/MiniOzoneClusterImpl-a33d77e5-464b-4d19-8e6b-a171e580bf0e/datanode-4/data/ratis/5c6af080-9448-4f2b-85bc-251e202153ef for RaftStorage:Storage Directory /workdir/hadoop-ozone/integration-test/target/test-dir/MiniOzoneClusterImpl-a33d77e5-464b-4d19-8e6b-a171e580bf0e/datanode-4/data/ratis/5c6af080-9448-4f2b-85bc-251e202153ef
2019-09-20 09:27:01,740 [pool-71-thread-1] INFO  server.RaftServerConfigKeys (ConfUtils.java:logGet(43)) - raft.server.log.queue.byte-limit = 2147483647 (custom)
2019-09-20 09:27:01,740 [pool-71-thread-1] INFO  server.RaftServerConfigKeys (ConfUtils.java:logGet(43)) - raft.server.log.queue.element-limit = 1024 (custom)
2019-09-20 09:27:01,740 [pool-71-thread-1] INFO  server.RaftServerConfigKeys (ConfUtils.java:logGet(43)) - raft.server.log.segment.size.max = 1048576 (custom)
2019-09-20 09:27:01,740 [pool-71-thread-1] INFO  server.RaftServerConfigKeys (ConfUtils.java:logGet(43)) - raft.server.log.preallocated.size = 16384 (custom)
2019-09-20 09:27:01,740 [pool-71-thread-1] INFO  server.RaftServerConfigKeys (ConfUtils.java:logGet(43)) - raft.server.log.write.buffer.size = 33554432 (custom)
2019-09-20 09:27:01,740 [pool-71-thread-1] INFO  server.RaftServerConfigKeys (ConfUtils.java:logGet(43)) - raft.server.log.force.sync.num = 128 (default)
2019-09-20 09:27:01,740 [pool-71-thread-1] INFO  server.RaftServerConfigKeys (ConfUtils.java:logGet(43)) - raft.server.log.statemachine.data.sync = true (default)
2019-09-20 09:27:01,741 [pool-71-thread-1] INFO  server.RaftServerConfigKeys (ConfUtils.java:logGet(43)) - raft.server.log.statemachine.data.sync.timeout = 10s (default)
2019-09-20 09:27:01,741 [pool-71-thread-1] INFO  server.RaftServerConfigKeys (ConfUtils.java:logGet(43)) - raft.server.log.statemachine.data.sync.timeout.retry = -1 (default)
2019-09-20 09:27:01,741 [pool-71-thread-1] INFO  server.RaftServerConfigKeys (ConfUtils.java:logGet(43)) - raft.server.log.statemachine.data.caching.enabled = true (custom)
2019-09-20 09:27:01,747 [pool-71-thread-1] INFO  segmented.SegmentedRaftLogWorker (SegmentedRaftLogWorker.java:lambda$new$0(132)) - 871e6485-c22a-483f-9e07-d19e754685be-SegmentedRaftLogWorker:Storage Directory /workdir/hadoop-ozone/integration-test/target/test-dir/MiniOzoneClusterImpl-a33d77e5-464b-4d19-8e6b-a171e580bf0e/datanode-4/data/ratis/5c6af080-9448-4f2b-85bc-251e202153ef: flushIndex: setUnconditionally 0 -> -1
2019-09-20 09:27:01,747 [pool-71-thread-1] INFO  server.RaftServerConfigKeys (ConfUtils.java:logGet(43)) - raft.server.snapshot.auto.trigger.enabled = true (custom)
2019-09-20 09:27:01,747 [pool-71-thread-1] INFO  server.RaftServerConfigKeys (ConfUtils.java:logGet(43)) - raft.server.snapshot.auto.trigger.threshold = 10000 (custom)
2019-09-20 09:27:01,748 [pool-71-thread-1] INFO  server.RaftServerConfigKeys (ConfUtils.java:logGet(43)) - raft.server.retrycache.expirytime = 600000ms (custom)
2019-09-20 09:27:01,748 [pool-71-thread-1] INFO  impl.RaftServerImpl (RaftServerImpl.java:start(180)) - 871e6485-c22a-483f-9e07-d19e754685be: start group-251E202153EF
2019-09-20 09:27:01,748 [pool-71-thread-1] INFO  impl.RaftServerImpl (RaftServerImpl.java:setRole(171)) - 871e6485-c22a-483f-9e07-d19e754685be:group-251E202153EF changes role from null to FOLLOWER at term 0 for startAsFollower
2019-09-20 09:27:01,748 [pool-71-thread-1] INFO  impl.RoleInfo (RoleInfo.java:updateAndGet(143)) - 871e6485-c22a-483f-9e07-d19e754685be: start FollowerState
2019-09-20 09:27:01,748 [pool-71-thread-1] INFO  util.JmxRegister (JmxRegister.java:tryRegister(44)) - Successfully registered JMX Bean with object name Ratis:service=RaftServer,group=group-251E202153EF,id=871e6485-c22a-483f-9e07-d19e754685be
2019-09-20 09:27:01,752 [RatisPipelineUtilsThread] INFO  pipeline.PipelineStateManager (PipelineStateManager.java:addPipeline(56)) - Created pipeline Pipeline[ Id: 5c6af080-9448-4f2b-85bc-251e202153ef, Nodes: 871e6485-c22a-483f-9e07-d19e754685be{ip: 192.168.36.99, host: pr-hdds-1569-p5fx8-1226042367, networkLocation: /default-rack, certSerialId: null}, Type:RATIS, Factor:ONE, State:OPEN]
2019-09-20 09:27:01,755 [871e6485-c22a-483f-9e07-d19e754685be-SegmentedRaftLogWorker:Storage Directory /workdir/hadoop-ozone/integration-test/target/test-dir/MiniOzoneClusterImpl-a33d77e5-464b-4d19-8e6b-a171e580bf0e/datanode-4/data/ratis/dac695d7-e341-405b-baef-378fef94807b] INFO  segmented.SegmentedRaftLogWorker (SegmentedRaftLogWorker.java:execute(569)) - 871e6485-c22a-483f-9e07-d19e754685be-SegmentedRaftLogWorker:Storage Directory /workdir/hadoop-ozone/integration-test/target/test-dir/MiniOzoneClusterImpl-a33d77e5-464b-4d19-8e6b-a171e580bf0e/datanode-4/data/ratis/dac695d7-e341-405b-baef-378fef94807b: created new log segment /workdir/hadoop-ozone/integration-test/target/test-dir/MiniOzoneClusterImpl-a33d77e5-464b-4d19-8e6b-a171e580bf0e/datanode-4/data/ratis/dac695d7-e341-405b-baef-378fef94807b/current/log_inprogress_0
2019-09-20 09:27:01,759 [grpc-default-executor-1] INFO  impl.RaftServerProxy (RaftServerProxy.java:addNew(89)) - 02b93e76-e4c6-4b67-b8a4-c536d9ab7224: addNew group-6F492938606B:[02b93e76-e4c6-4b67-b8a4-c536d9ab7224:192.168.36.99:39343] returns group-6F492938606B:java.util.concurrent.CompletableFuture@147ade41[Not completed]
2019-09-20 09:27:01,761 [pool-27-thread-1] INFO  impl.RaftServerImpl (RaftServerImpl.java:<init>(93)) - 02b93e76-e4c6-4b67-b8a4-c536d9ab7224: new RaftServerImpl for group-6F492938606B:[02b93e76-e4c6-4b67-b8a4-c536d9ab7224:192.168.36.99:39343] with ContainerStateMachine:uninitialized
2019-09-20 09:27:01,761 [pool-27-thread-1] INFO  server.RaftServerConfigKeys (ConfUtils.java:logGet(43)) - raft.server.rpc.timeout.min = 5s (custom)
2019-09-20 09:27:01,761 [pool-27-thread-1] INFO  server.RaftServerConfigKeys (ConfUtils.java:logGet(43)) - raft.server.rpc.timeout.max = 5200ms (custom)
2019-09-20 09:27:01,761 [pool-27-thread-1] INFO  server.RaftServerConfigKeys (ConfUtils.java:logGet(43)) - raft.server.rpcslowness.timeout = 10s (custom)
2019-09-20 09:27:01,761 [pool-27-thread-1] INFO  server.RaftServerConfigKeys (ConfUtils.java:logGet(43)) - raft.server.sleep.deviation.threshold = 300 (default)
2019-09-20 09:27:01,761 [pool-27-thread-1] INFO  server.RaftServerConfigKeys (ConfUtils.java:logGet(43)) - raft.server.log.appender.install.snapshot.enabled = false (custom)
2019-09-20 09:27:01,761 [pool-27-thread-1] INFO  impl.RaftServerImpl (ServerState.java:<init>(105)) - 02b93e76-e4c6-4b67-b8a4-c536d9ab7224:group-6F492938606B ConfigurationManager, init=-1: [02b93e76-e4c6-4b67-b8a4-c536d9ab7224:192.168.36.99:39343], old=null, confs=<EMPTY_MAP>
2019-09-20 09:27:01,762 [pool-27-thread-1] INFO  server.RaftServerConfigKeys (ConfUtils.java:logGet(43)) - raft.server.storage.dir = [/workdir/hadoop-ozone/integration-test/target/test-dir/MiniOzoneClusterImpl-a33d77e5-464b-4d19-8e6b-a171e580bf0e/datanode-0/data/ratis] (custom)
2019-09-20 09:27:01,762 [pool-27-thread-1] INFO  storage.RaftStorageDirectory (RaftStorageDirectory.java:analyzeStorage(246)) - The storage directory /workdir/hadoop-ozone/integration-test/target/test-dir/MiniOzoneClusterImpl-a33d77e5-464b-4d19-8e6b-a171e580bf0e/datanode-0/data/ratis/f4384af3-873b-4134-86af-6f492938606b does not exist. Creating ...
2019-09-20 09:27:01,797 [pool-27-thread-1] INFO  storage.RaftStorageDirectory (RaftStorageDirectory.java:tryLock(328)) - Lock on /workdir/hadoop-ozone/integration-test/target/test-dir/MiniOzoneClusterImpl-a33d77e5-464b-4d19-8e6b-a171e580bf0e/datanode-0/data/ratis/f4384af3-873b-4134-86af-6f492938606b/in_use.lock acquired by nodename 7145@pr-hdds-1569-p5fx8-1226042367
2019-09-20 09:27:01,821 [Thread-405] INFO  impl.FollowerState (FollowerState.java:run(106)) - 492ed782-6ab3-4ad9-945e-06def6ac7c96:group-D3FD6C400C7E changes to CANDIDATE, lastRpcTime:5147, electionTimeout:5147ms
2019-09-20 09:27:01,821 [Thread-405] INFO  impl.RoleInfo (RoleInfo.java:shutdownFollowerState(121)) - 492ed782-6ab3-4ad9-945e-06def6ac7c96: shutdown FollowerState
2019-09-20 09:27:01,821 [Thread-405] INFO  impl.RaftServerImpl (RaftServerImpl.java:setRole(171)) - 492ed782-6ab3-4ad9-945e-06def6ac7c96:group-D3FD6C400C7E changes role from FOLLOWER to CANDIDATE at term 0 for changeToCandidate
2019-09-20 09:27:01,822 [Thread-405] INFO  impl.RoleInfo (RoleInfo.java:updateAndGet(143)) - 492ed782-6ab3-4ad9-945e-06def6ac7c96: start LeaderElection
2019-09-20 09:27:01,848 [pool-27-thread-1] INFO  storage.RaftStorage (RaftStorage.java:format(72)) - Storage directory /workdir/hadoop-ozone/integration-test/target/test-dir/MiniOzoneClusterImpl-a33d77e5-464b-4d19-8e6b-a171e580bf0e/datanode-0/data/ratis/f4384af3-873b-4134-86af-6f492938606b has been successfully formatted.
2019-09-20 09:27:01,848 [492ed782-6ab3-4ad9-945e-06def6ac7c96:group-D3FD6C400C7E:LeaderElection61] INFO  impl.LeaderElection (LeaderElection.java:askForVotes(181)) - 492ed782-6ab3-4ad9-945e-06def6ac7c96:group-D3FD6C400C7E:LeaderElection61: begin an election at term 1 for -1: [492ed782-6ab3-4ad9-945e-06def6ac7c96:192.168.36.99:32835], old=null
2019-09-20 09:27:01,848 [pool-27-thread-1] INFO  ratis.ContainerStateMachine (ContainerStateMachine.java:loadSnapshot(226)) - group-6F492938606B: The snapshot info is null. Setting the last applied indexto:(t:0, i:~)
2019-09-20 09:27:01,848 [492ed782-6ab3-4ad9-945e-06def6ac7c96:group-D3FD6C400C7E:LeaderElection61] INFO  impl.RoleInfo (RoleInfo.java:shutdownLeaderElection(134)) - 492ed782-6ab3-4ad9-945e-06def6ac7c96: shutdown LeaderElection
2019-09-20 09:27:01,848 [pool-27-thread-1] INFO  server.RaftServerConfigKeys (ConfUtils.java:logGet(43)) - raft.server.leader.election.timeout = 10s (custom)
2019-09-20 09:27:01,848 [492ed782-6ab3-4ad9-945e-06def6ac7c96:group-D3FD6C400C7E:LeaderElection61] INFO  impl.RaftServerImpl (RaftServerImpl.java:setRole(171)) - 492ed782-6ab3-4ad9-945e-06def6ac7c96:group-D3FD6C400C7E changes role from CANDIDATE to LEADER at term 1 for changeToLeader
2019-09-20 09:27:01,849 [pool-27-thread-1] INFO  server.RaftServerConfigKeys (ConfUtils.java:logGet(43)) - raft.server.log.use.memory = false (default)
2019-09-20 09:27:01,849 [492ed782-6ab3-4ad9-945e-06def6ac7c96:group-D3FD6C400C7E:LeaderElection61] INFO  impl.RaftServerImpl (ServerState.java:setLeader(263)) - 492ed782-6ab3-4ad9-945e-06def6ac7c96:group-D3FD6C400C7E change Leader from null to 492ed782-6ab3-4ad9-945e-06def6ac7c96 at term 1 for becomeLeader, leader elected after 5181ms
2019-09-20 09:27:01,849 [pool-27-thread-1] INFO  server.RaftServerConfigKeys (ConfUtils.java:logGet(43)) - raft.server.log.purge.gap = 1000000 (custom)
2019-09-20 09:27:01,849 [492ed782-6ab3-4ad9-945e-06def6ac7c96:group-D3FD6C400C7E:LeaderElection61] INFO  server.RaftServerConfigKeys (ConfUtils.java:logGet(43)) - raft.server.staging.catchup.gap = 1000 (default)
2019-09-20 09:27:01,849 [pool-27-thread-1] INFO  server.RaftServerConfigKeys (ConfUtils.java:logGet(43)) - raft.server.log.appender.buffer.byte-limit = 33554432 (custom)
2019-09-20 09:27:01,849 [492ed782-6ab3-4ad9-945e-06def6ac7c96:group-D3FD6C400C7E:LeaderElection61] INFO  server.RaftServerConfigKeys (ConfUtils.java:logGet(43)) - raft.server.rpc.sleep.time = 25ms (default)
2019-09-20 09:27:01,850 [pool-27-thread-1] INFO  server.RaftServerConfigKeys (ConfUtils.java:logGet(43)) - raft.server.log.segment.size.max = 1048576 (custom)
2019-09-20 09:27:01,850 [492ed782-6ab3-4ad9-945e-06def6ac7c96:group-D3FD6C400C7E:LeaderElection61] INFO  server.RaftServerConfigKeys (ConfUtils.java:logGet(43)) - raft.server.write.element-limit = 4096 (default)
2019-09-20 09:27:01,850 [pool-27-thread-1] INFO  server.RaftServerConfigKeys (ConfUtils.java:logGet(43)) - raft.server.log.segment.cache.num.max = 2 (custom)
2019-09-20 09:27:01,850 [492ed782-6ab3-4ad9-945e-06def6ac7c96:group-D3FD6C400C7E:LeaderElection61] INFO  server.RaftServerConfigKeys (ConfUtils.java:logGet(43)) - raft.server.watch.timeout = 10s (default)
2019-09-20 09:27:01,850 [pool-27-thread-1] INFO  segmented.SegmentedRaftLogWorker (SegmentedRaftLogWorker.java:<init>(172)) - new 02b93e76-e4c6-4b67-b8a4-c536d9ab7224-SegmentedRaftLogWorker:Storage Directory /workdir/hadoop-ozone/integration-test/target/test-dir/MiniOzoneClusterImpl-a33d77e5-464b-4d19-8e6b-a171e580bf0e/datanode-0/data/ratis/f4384af3-873b-4134-86af-6f492938606b for RaftStorage:Storage Directory /workdir/hadoop-ozone/integration-test/target/test-dir/MiniOzoneClusterImpl-a33d77e5-464b-4d19-8e6b-a171e580bf0e/datanode-0/data/ratis/f4384af3-873b-4134-86af-6f492938606b
2019-09-20 09:27:01,850 [492ed782-6ab3-4ad9-945e-06def6ac7c96:group-D3FD6C400C7E:LeaderElection61] INFO  server.RaftServerConfigKeys (ConfUtils.java:logGet(43)) - raft.server.watch.timeout.denomination = 1s (default)
2019-09-20 09:27:01,851 [pool-27-thread-1] INFO  server.RaftServerConfigKeys (ConfUtils.java:logGet(43)) - raft.server.log.queue.byte-limit = 2147483647 (custom)
2019-09-20 09:27:01,851 [492ed782-6ab3-4ad9-945e-06def6ac7c96:group-D3FD6C400C7E:LeaderElection61] INFO  server.RaftServerConfigKeys (ConfUtils.java:logGet(43)) - raft.server.watch.element-limit = 65536 (default)
2019-09-20 09:27:01,851 [pool-27-thread-1] INFO  server.RaftServerConfigKeys (ConfUtils.java:logGet(43)) - raft.server.log.queue.element-limit = 1024 (custom)
2019-09-20 09:27:01,851 [492ed782-6ab3-4ad9-945e-06def6ac7c96:group-D3FD6C400C7E:LeaderElection61] INFO  impl.RoleInfo (RoleInfo.java:updateAndGet(143)) - 492ed782-6ab3-4ad9-945e-06def6ac7c96: start LeaderState
2019-09-20 09:27:01,851 [pool-27-thread-1] INFO  server.RaftServerConfigKeys (ConfUtils.java:logGet(43)) - raft.server.log.segment.size.max = 1048576 (custom)
2019-09-20 09:27:01,851 [492ed782-6ab3-4ad9-945e-06def6ac7c96:group-D3FD6C400C7E:LeaderElection61] INFO  segmented.SegmentedRaftLogWorker (SegmentedRaftLogWorker.java:startLogSegment(380)) - 492ed782-6ab3-4ad9-945e-06def6ac7c96-SegmentedRaftLogWorker:Storage Directory /workdir/hadoop-ozone/integration-test/target/test-dir/MiniOzoneClusterImpl-a33d77e5-464b-4d19-8e6b-a171e580bf0e/datanode-2/data/ratis/4f3ce1d6-e882-423e-a437-d3fd6c400c7e: Starting segment from index:0
2019-09-20 09:27:01,851 [pool-27-thread-1] INFO  server.RaftServerConfigKeys (ConfUtils.java:logGet(43)) - raft.server.log.preallocated.size = 16384 (custom)
2019-09-20 09:27:01,852 [pool-27-thread-1] INFO  server.RaftServerConfigKeys (ConfUtils.java:logGet(43)) - raft.server.log.write.buffer.size = 33554432 (custom)
2019-09-20 09:27:01,852 [pool-27-thread-1] INFO  server.RaftServerConfigKeys (ConfUtils.java:logGet(43)) - raft.server.log.force.sync.num = 128 (default)
2019-09-20 09:27:01,852 [492ed782-6ab3-4ad9-945e-06def6ac7c96:group-D3FD6C400C7E:LeaderElection61] INFO  impl.RaftServerImpl (ServerState.java:setRaftConf(361)) - 492ed782-6ab3-4ad9-945e-06def6ac7c96:group-D3FD6C400C7E set configuration 0: [492ed782-6ab3-4ad9-945e-06def6ac7c96:192.168.36.99:32835], old=null at 0
2019-09-20 09:27:01,852 [pool-27-thread-1] INFO  server.RaftServerConfigKeys (ConfUtils.java:logGet(43)) - raft.server.log.statemachine.data.sync = true (default)
2019-09-20 09:27:01,852 [pool-27-thread-1] INFO  server.RaftServerConfigKeys (ConfUtils.java:logGet(43)) - raft.server.log.statemachine.data.sync.timeout = 10s (default)
2019-09-20 09:27:01,853 [pool-27-thread-1] INFO  server.RaftServerConfigKeys (ConfUtils.java:logGet(43)) - raft.server.log.statemachine.data.sync.timeout.retry = -1 (default)
2019-09-20 09:27:01,853 [pool-27-thread-1] INFO  server.RaftServerConfigKeys (ConfUtils.java:logGet(43)) - raft.server.log.statemachine.data.caching.enabled = true (custom)
2019-09-20 09:27:01,853 [pool-27-thread-1] INFO  segmented.SegmentedRaftLogWorker (SegmentedRaftLogWorker.java:lambda$new$0(132)) - 02b93e76-e4c6-4b67-b8a4-c536d9ab7224-SegmentedRaftLogWorker:Storage Directory /workdir/hadoop-ozone/integration-test/target/test-dir/MiniOzoneClusterImpl-a33d77e5-464b-4d19-8e6b-a171e580bf0e/datanode-0/data/ratis/f4384af3-873b-4134-86af-6f492938606b: flushIndex: setUnconditionally 0 -> -1
2019-09-20 09:27:01,854 [pool-27-thread-1] INFO  server.RaftServerConfigKeys (ConfUtils.java:logGet(43)) - raft.server.snapshot.auto.trigger.enabled = true (custom)
2019-09-20 09:27:01,854 [pool-27-thread-1] INFO  server.RaftServerConfigKeys (ConfUtils.java:logGet(43)) - raft.server.snapshot.auto.trigger.threshold = 10000 (custom)
2019-09-20 09:27:01,854 [pool-27-thread-1] INFO  server.RaftServerConfigKeys (ConfUtils.java:logGet(43)) - raft.server.retrycache.expirytime = 600000ms (custom)
2019-09-20 09:27:01,854 [pool-27-thread-1] INFO  impl.RaftServerImpl (RaftServerImpl.java:start(180)) - 02b93e76-e4c6-4b67-b8a4-c536d9ab7224: start group-6F492938606B
2019-09-20 09:27:01,854 [pool-27-thread-1] INFO  impl.RaftServerImpl (RaftServerImpl.java:setRole(171)) - 02b93e76-e4c6-4b67-b8a4-c536d9ab7224:group-6F492938606B changes role from null to FOLLOWER at term 0 for startAsFollower
2019-09-20 09:27:01,855 [pool-27-thread-1] INFO  impl.RoleInfo (RoleInfo.java:updateAndGet(143)) - 02b93e76-e4c6-4b67-b8a4-c536d9ab7224: start FollowerState
2019-09-20 09:27:01,855 [pool-27-thread-1] INFO  util.JmxRegister (JmxRegister.java:tryRegister(44)) - Successfully registered JMX Bean with object name Ratis:service=RaftServer,group=group-6F492938606B,id=02b93e76-e4c6-4b67-b8a4-c536d9ab7224
2019-09-20 09:27:01,859 [RatisPipelineUtilsThread] INFO  pipeline.PipelineStateManager (PipelineStateManager.java:addPipeline(56)) - Created pipeline Pipeline[ Id: f4384af3-873b-4134-86af-6f492938606b, Nodes: 02b93e76-e4c6-4b67-b8a4-c536d9ab7224{ip: 192.168.36.99, host: pr-hdds-1569-p5fx8-1226042367, networkLocation: /default-rack, certSerialId: null}, Type:RATIS, Factor:ONE, State:OPEN]
2019-09-20 09:27:01,865 [grpc-default-executor-1] INFO  impl.RaftServerProxy (RaftServerProxy.java:addNew(89)) - 02b93e76-e4c6-4b67-b8a4-c536d9ab7224: addNew group-ACD147FE56E3:[02b93e76-e4c6-4b67-b8a4-c536d9ab7224:192.168.36.99:39343] returns group-ACD147FE56E3:java.util.concurrent.CompletableFuture@1a918f2b[Not completed]
2019-09-20 09:27:01,867 [pool-27-thread-1] INFO  impl.RaftServerImpl (RaftServerImpl.java:<init>(93)) - 02b93e76-e4c6-4b67-b8a4-c536d9ab7224: new RaftServerImpl for group-ACD147FE56E3:[02b93e76-e4c6-4b67-b8a4-c536d9ab7224:192.168.36.99:39343] with ContainerStateMachine:uninitialized
2019-09-20 09:27:01,868 [pool-27-thread-1] INFO  server.RaftServerConfigKeys (ConfUtils.java:logGet(43)) - raft.server.rpc.timeout.min = 5s (custom)
2019-09-20 09:27:01,868 [pool-27-thread-1] INFO  server.RaftServerConfigKeys (ConfUtils.java:logGet(43)) - raft.server.rpc.timeout.max = 5200ms (custom)
2019-09-20 09:27:01,868 [pool-27-thread-1] INFO  server.RaftServerConfigKeys (ConfUtils.java:logGet(43)) - raft.server.rpcslowness.timeout = 10s (custom)
2019-09-20 09:27:01,868 [pool-27-thread-1] INFO  server.RaftServerConfigKeys (ConfUtils.java:logGet(43)) - raft.server.sleep.deviation.threshold = 300 (default)
2019-09-20 09:27:01,868 [pool-27-thread-1] INFO  server.RaftServerConfigKeys (ConfUtils.java:logGet(43)) - raft.server.log.appender.install.snapshot.enabled = false (custom)
2019-09-20 09:27:01,868 [pool-27-thread-1] INFO  impl.RaftServerImpl (ServerState.java:<init>(105)) - 02b93e76-e4c6-4b67-b8a4-c536d9ab7224:group-ACD147FE56E3 ConfigurationManager, init=-1: [02b93e76-e4c6-4b67-b8a4-c536d9ab7224:192.168.36.99:39343], old=null, confs=<EMPTY_MAP>
2019-09-20 09:27:01,869 [pool-27-thread-1] INFO  server.RaftServerConfigKeys (ConfUtils.java:logGet(43)) - raft.server.storage.dir = [/workdir/hadoop-ozone/integration-test/target/test-dir/MiniOzoneClusterImpl-a33d77e5-464b-4d19-8e6b-a171e580bf0e/datanode-0/data/ratis] (custom)
2019-09-20 09:27:01,869 [pool-27-thread-1] INFO  storage.RaftStorageDirectory (RaftStorageDirectory.java:analyzeStorage(246)) - The storage directory /workdir/hadoop-ozone/integration-test/target/test-dir/MiniOzoneClusterImpl-a33d77e5-464b-4d19-8e6b-a171e580bf0e/datanode-0/data/ratis/430b3b4f-5dc2-4ae5-bb2a-acd147fe56e3 does not exist. Creating ...
2019-09-20 09:27:01,887 [Thread-408] INFO  impl.FollowerState (FollowerState.java:run(106)) - 492ed782-6ab3-4ad9-945e-06def6ac7c96:group-6F15DB5E2267 changes to CANDIDATE, lastRpcTime:5130, electionTimeout:5130ms
2019-09-20 09:27:01,888 [Thread-408] INFO  impl.RoleInfo (RoleInfo.java:shutdownFollowerState(121)) - 492ed782-6ab3-4ad9-945e-06def6ac7c96: shutdown FollowerState
2019-09-20 09:27:01,888 [Thread-408] INFO  impl.RaftServerImpl (RaftServerImpl.java:setRole(171)) - 492ed782-6ab3-4ad9-945e-06def6ac7c96:group-6F15DB5E2267 changes role from FOLLOWER to CANDIDATE at term 0 for changeToCandidate
2019-09-20 09:27:01,888 [Thread-408] INFO  impl.RoleInfo (RoleInfo.java:updateAndGet(143)) - 492ed782-6ab3-4ad9-945e-06def6ac7c96: start LeaderElection
2019-09-20 09:27:01,890 [pool-27-thread-1] INFO  storage.RaftStorageDirectory (RaftStorageDirectory.java:tryLock(328)) - Lock on /workdir/hadoop-ozone/integration-test/target/test-dir/MiniOzoneClusterImpl-a33d77e5-464b-4d19-8e6b-a171e580bf0e/datanode-0/data/ratis/430b3b4f-5dc2-4ae5-bb2a-acd147fe56e3/in_use.lock acquired by nodename 7145@pr-hdds-1569-p5fx8-1226042367
2019-09-20 09:27:01,895 [Thread-412] INFO  impl.FollowerState (FollowerState.java:run(106)) - 4840c00f-91d3-4881-a20b-4d0486ca97c0:group-B0BFF8942357 changes to CANDIDATE, lastRpcTime:5069, electionTimeout:5069ms
2019-09-20 09:27:01,895 [Thread-412] INFO  impl.RoleInfo (RoleInfo.java:shutdownFollowerState(121)) - 4840c00f-91d3-4881-a20b-4d0486ca97c0: shutdown FollowerState
2019-09-20 09:27:01,895 [Thread-412] INFO  impl.RaftServerImpl (RaftServerImpl.java:setRole(171)) - 4840c00f-91d3-4881-a20b-4d0486ca97c0:group-B0BFF8942357 changes role from FOLLOWER to CANDIDATE at term 0 for changeToCandidate
2019-09-20 09:27:01,895 [Thread-412] INFO  impl.RoleInfo (RoleInfo.java:updateAndGet(143)) - 4840c00f-91d3-4881-a20b-4d0486ca97c0: start LeaderElection
2019-09-20 09:27:01,907 [492ed782-6ab3-4ad9-945e-06def6ac7c96-SegmentedRaftLogWorker:Storage Directory /workdir/hadoop-ozone/integration-test/target/test-dir/MiniOzoneClusterImpl-a33d77e5-464b-4d19-8e6b-a171e580bf0e/datanode-2/data/ratis/4f3ce1d6-e882-423e-a437-d3fd6c400c7e] INFO  segmented.SegmentedRaftLogWorker (SegmentedRaftLogWorker.java:execute(569)) - 492ed782-6ab3-4ad9-945e-06def6ac7c96-SegmentedRaftLogWorker:Storage Directory /workdir/hadoop-ozone/integration-test/target/test-dir/MiniOzoneClusterImpl-a33d77e5-464b-4d19-8e6b-a171e580bf0e/datanode-2/data/ratis/4f3ce1d6-e882-423e-a437-d3fd6c400c7e: created new log segment /workdir/hadoop-ozone/integration-test/target/test-dir/MiniOzoneClusterImpl-a33d77e5-464b-4d19-8e6b-a171e580bf0e/datanode-2/data/ratis/4f3ce1d6-e882-423e-a437-d3fd6c400c7e/current/log_inprogress_0
2019-09-20 09:27:01,915 [pool-27-thread-1] INFO  storage.RaftStorage (RaftStorage.java:format(72)) - Storage directory /workdir/hadoop-ozone/integration-test/target/test-dir/MiniOzoneClusterImpl-a33d77e5-464b-4d19-8e6b-a171e580bf0e/datanode-0/data/ratis/430b3b4f-5dc2-4ae5-bb2a-acd147fe56e3 has been successfully formatted.
2019-09-20 09:27:01,916 [492ed782-6ab3-4ad9-945e-06def6ac7c96:group-6F15DB5E2267:LeaderElection62] INFO  impl.LeaderElection (LeaderElection.java:askForVotes(181)) - 492ed782-6ab3-4ad9-945e-06def6ac7c96:group-6F15DB5E2267:LeaderElection62: begin an election at term 1 for -1: [492ed782-6ab3-4ad9-945e-06def6ac7c96:192.168.36.99:32835], old=null
2019-09-20 09:27:01,916 [pool-27-thread-1] INFO  ratis.ContainerStateMachine (ContainerStateMachine.java:loadSnapshot(226)) - group-ACD147FE56E3: The snapshot info is null. Setting the last applied indexto:(t:0, i:~)
2019-09-20 09:27:01,916 [492ed782-6ab3-4ad9-945e-06def6ac7c96:group-6F15DB5E2267:LeaderElection62] INFO  impl.RoleInfo (RoleInfo.java:shutdownLeaderElection(134)) - 492ed782-6ab3-4ad9-945e-06def6ac7c96: shutdown LeaderElection
2019-09-20 09:27:01,916 [pool-27-thread-1] INFO  server.RaftServerConfigKeys (ConfUtils.java:logGet(43)) - raft.server.leader.election.timeout = 10s (custom)
2019-09-20 09:27:01,916 [492ed782-6ab3-4ad9-945e-06def6ac7c96:group-6F15DB5E2267:LeaderElection62] INFO  impl.RaftServerImpl (RaftServerImpl.java:setRole(171)) - 492ed782-6ab3-4ad9-945e-06def6ac7c96:group-6F15DB5E2267 changes role from CANDIDATE to LEADER at term 1 for changeToLeader
2019-09-20 09:27:01,916 [pool-27-thread-1] INFO  server.RaftServerConfigKeys (ConfUtils.java:logGet(43)) - raft.server.log.use.memory = false (default)
2019-09-20 09:27:01,916 [492ed782-6ab3-4ad9-945e-06def6ac7c96:group-6F15DB5E2267:LeaderElection62] INFO  impl.RaftServerImpl (ServerState.java:setLeader(263)) - 492ed782-6ab3-4ad9-945e-06def6ac7c96:group-6F15DB5E2267 change Leader from null to 492ed782-6ab3-4ad9-945e-06def6ac7c96 at term 1 for becomeLeader, leader elected after 5164ms
2019-09-20 09:27:01,917 [pool-27-thread-1] INFO  server.RaftServerConfigKeys (ConfUtils.java:logGet(43)) - raft.server.log.purge.gap = 1000000 (custom)
2019-09-20 09:27:01,917 [492ed782-6ab3-4ad9-945e-06def6ac7c96:group-6F15DB5E2267:LeaderElection62] INFO  server.RaftServerConfigKeys (ConfUtils.java:logGet(43)) - raft.server.staging.catchup.gap = 1000 (default)
2019-09-20 09:27:01,917 [pool-27-thread-1] INFO  server.RaftServerConfigKeys (ConfUtils.java:logGet(43)) - raft.server.log.appender.buffer.byte-limit = 33554432 (custom)
2019-09-20 09:27:01,917 [492ed782-6ab3-4ad9-945e-06def6ac7c96:group-6F15DB5E2267:LeaderElection62] INFO  server.RaftServerConfigKeys (ConfUtils.java:logGet(43)) - raft.server.rpc.sleep.time = 25ms (default)
2019-09-20 09:27:01,917 [pool-27-thread-1] INFO  server.RaftServerConfigKeys (ConfUtils.java:logGet(43)) - raft.server.log.segment.size.max = 1048576 (custom)
2019-09-20 09:27:01,917 [492ed782-6ab3-4ad9-945e-06def6ac7c96:group-6F15DB5E2267:LeaderElection62] INFO  server.RaftServerConfigKeys (ConfUtils.java:logGet(43)) - raft.server.write.element-limit = 4096 (default)
2019-09-20 09:27:01,917 [pool-27-thread-1] INFO  server.RaftServerConfigKeys (ConfUtils.java:logGet(43)) - raft.server.log.segment.cache.num.max = 2 (custom)
2019-09-20 09:27:01,918 [492ed782-6ab3-4ad9-945e-06def6ac7c96:group-6F15DB5E2267:LeaderElection62] INFO  server.RaftServerConfigKeys (ConfUtils.java:logGet(43)) - raft.server.watch.timeout = 10s (default)
2019-09-20 09:27:01,918 [pool-27-thread-1] INFO  segmented.SegmentedRaftLogWorker (SegmentedRaftLogWorker.java:<init>(172)) - new 02b93e76-e4c6-4b67-b8a4-c536d9ab7224-SegmentedRaftLogWorker:Storage Directory /workdir/hadoop-ozone/integration-test/target/test-dir/MiniOzoneClusterImpl-a33d77e5-464b-4d19-8e6b-a171e580bf0e/datanode-0/data/ratis/430b3b4f-5dc2-4ae5-bb2a-acd147fe56e3 for RaftStorage:Storage Directory /workdir/hadoop-ozone/integration-test/target/test-dir/MiniOzoneClusterImpl-a33d77e5-464b-4d19-8e6b-a171e580bf0e/datanode-0/data/ratis/430b3b4f-5dc2-4ae5-bb2a-acd147fe56e3
2019-09-20 09:27:01,918 [492ed782-6ab3-4ad9-945e-06def6ac7c96:group-6F15DB5E2267:LeaderElection62] INFO  server.RaftServerConfigKeys (ConfUtils.java:logGet(43)) - raft.server.watch.timeout.denomination = 1s (default)
2019-09-20 09:27:01,918 [pool-27-thread-1] INFO  server.RaftServerConfigKeys (ConfUtils.java:logGet(43)) - raft.server.log.queue.byte-limit = 2147483647 (custom)
2019-09-20 09:27:01,918 [492ed782-6ab3-4ad9-945e-06def6ac7c96:group-6F15DB5E2267:LeaderElection62] INFO  server.RaftServerConfigKeys (ConfUtils.java:logGet(43)) - raft.server.watch.element-limit = 65536 (default)
2019-09-20 09:27:01,918 [pool-27-thread-1] INFO  server.RaftServerConfigKeys (ConfUtils.java:logGet(43)) - raft.server.log.queue.element-limit = 1024 (custom)
2019-09-20 09:27:01,919 [492ed782-6ab3-4ad9-945e-06def6ac7c96:group-6F15DB5E2267:LeaderElection62] INFO  impl.RoleInfo (RoleInfo.java:updateAndGet(143)) - 492ed782-6ab3-4ad9-945e-06def6ac7c96: start LeaderState
2019-09-20 09:27:01,919 [pool-27-thread-1] INFO  server.RaftServerConfigKeys (ConfUtils.java:logGet(43)) - raft.server.log.segment.size.max = 1048576 (custom)
2019-09-20 09:27:01,919 [pool-27-thread-1] INFO  server.RaftServerConfigKeys (ConfUtils.java:logGet(43)) - raft.server.log.preallocated.size = 16384 (custom)
2019-09-20 09:27:01,919 [492ed782-6ab3-4ad9-945e-06def6ac7c96:group-6F15DB5E2267:LeaderElection62] INFO  segmented.SegmentedRaftLogWorker (SegmentedRaftLogWorker.java:startLogSegment(380)) - 492ed782-6ab3-4ad9-945e-06def6ac7c96-SegmentedRaftLogWorker:Storage Directory /workdir/hadoop-ozone/integration-test/target/test-dir/MiniOzoneClusterImpl-a33d77e5-464b-4d19-8e6b-a171e580bf0e/datanode-2/data/ratis/412b0b00-a6e1-46d0-8ee5-6f15db5e2267: Starting segment from index:0
2019-09-20 09:27:01,919 [pool-27-thread-1] INFO  server.RaftServerConfigKeys (ConfUtils.java:logGet(43)) - raft.server.log.write.buffer.size = 33554432 (custom)
2019-09-20 09:27:01,919 [pool-27-thread-1] INFO  server.RaftServerConfigKeys (ConfUtils.java:logGet(43)) - raft.server.log.force.sync.num = 128 (default)
2019-09-20 09:27:02,526 [Thread-441] INFO  impl.FollowerState (FollowerState.java:run(106)) - 4840c00f-91d3-4881-a20b-4d0486ca97c0:group-73C7092B06B0 changes to CANDIDATE, lastRpcTime:5148, electionTimeout:5108ms
2019-09-20 09:27:02,537 | INFO  | SCMAudit | user=jenkins1000 | ip=192.168.36.99 | op=SEND_HEARTBEAT {datanodeUUID=871e6485-c22a-483f-9e07-d19e754685be, command=[]} | ret=SUCCESS |  
2019-09-20 09:27:02,537 | INFO  | SCMAudit | user=jenkins1000 | ip=192.168.36.99 | op=SEND_HEARTBEAT {datanodeUUID=492ed782-6ab3-4ad9-945e-06def6ac7c96, command=[]} | ret=SUCCESS |  
2019-09-20 09:27:02,537 | INFO  | SCMAudit | user=jenkins1000 | ip=192.168.36.99 | op=SEND_HEARTBEAT {datanodeUUID=02b93e76-e4c6-4b67-b8a4-c536d9ab7224, command=[]} | ret=SUCCESS |  
2019-09-20 09:27:02,537 | INFO  | SCMAudit | user=jenkins1000 | ip=192.168.36.99 | op=SEND_HEARTBEAT {datanodeUUID=4840c00f-91d3-4881-a20b-4d0486ca97c0, command=[]} | ret=SUCCESS |  
2019-09-20 09:27:02,537 [4840c00f-91d3-4881-a20b-4d0486ca97c0:group-B0BFF8942357:LeaderElection63] INFO  impl.LeaderElection (LeaderElection.java:askForVotes(181)) - 4840c00f-91d3-4881-a20b-4d0486ca97c0:group-B0BFF8942357:LeaderElection63: begin an election at term 1 for -1: [4840c00f-91d3-4881-a20b-4d0486ca97c0:192.168.36.99:41473], old=null
2019-09-20 09:27:02,534 [492ed782-6ab3-4ad9-945e-06def6ac7c96:group-6F15DB5E2267:LeaderElection62] INFO  impl.RaftServerImpl (ServerState.java:setRaftConf(361)) - 492ed782-6ab3-4ad9-945e-06def6ac7c96:group-6F15DB5E2267 set configuration 0: [492ed782-6ab3-4ad9-945e-06def6ac7c96:192.168.36.99:32835], old=null at 0
2019-09-20 09:27:02,537 [pool-27-thread-1] INFO  server.RaftServerConfigKeys (ConfUtils.java:logGet(43)) - raft.server.log.statemachine.data.sync = true (default)
2019-09-20 09:27:02,533 [Thread-420] WARN  util.JavaUtils (JavaUtils.java:sleep(250)) - Unexpected long sleep: sleep(5182ms) actually took 5551ms which is over the threshold 300ms
2019-09-20 09:27:02,533 [Thread-429] INFO  impl.FollowerState (FollowerState.java:run(106)) - 02b93e76-e4c6-4b67-b8a4-c536d9ab7224:group-6C383884F67D changes to CANDIDATE, lastRpcTime:5381, electionTimeout:5117ms
2019-09-20 09:27:02,530 [Thread-433] INFO  impl.FollowerState (FollowerState.java:run(106)) - 492ed782-6ab3-4ad9-945e-06def6ac7c96:group-1AA60631172A changes to CANDIDATE, lastRpcTime:5284, electionTimeout:5129ms
2019-09-20 09:27:02,538 [Thread-429] INFO  impl.RoleInfo (RoleInfo.java:shutdownFollowerState(121)) - 02b93e76-e4c6-4b67-b8a4-c536d9ab7224: shutdown FollowerState
2019-09-20 09:27:02,537 [pool-27-thread-1] INFO  server.RaftServerConfigKeys (ConfUtils.java:logGet(43)) - raft.server.log.statemachine.data.sync.timeout = 10s (default)
2019-09-20 09:27:02,538 [pool-27-thread-1] INFO  server.RaftServerConfigKeys (ConfUtils.java:logGet(43)) - raft.server.log.statemachine.data.sync.timeout.retry = -1 (default)
2019-09-20 09:27:02,537 [4840c00f-91d3-4881-a20b-4d0486ca97c0:group-B0BFF8942357:LeaderElection63] INFO  impl.RoleInfo (RoleInfo.java:shutdownLeaderElection(134)) - 4840c00f-91d3-4881-a20b-4d0486ca97c0: shutdown LeaderElection
2019-09-20 09:27:02,537 [Thread-441] INFO  impl.RoleInfo (RoleInfo.java:shutdownFollowerState(121)) - 4840c00f-91d3-4881-a20b-4d0486ca97c0: shutdown FollowerState
2019-09-20 09:27:02,533 [Thread-424] WARN  util.JavaUtils (JavaUtils.java:sleep(250)) - Unexpected long sleep: sleep(5084ms) actually took 5481ms which is over the threshold 300ms
2019-09-20 09:27:02,534 [Thread-416] WARN  util.JavaUtils (JavaUtils.java:sleep(250)) - Unexpected long sleep: sleep(5147ms) actually took 5636ms which is over the threshold 300ms
2019-09-20 09:27:02,541 [Thread-441] INFO  impl.RaftServerImpl (RaftServerImpl.java:setRole(171)) - 4840c00f-91d3-4881-a20b-4d0486ca97c0:group-73C7092B06B0 changes role from FOLLOWER to CANDIDATE at term 0 for changeToCandidate
2019-09-20 09:27:02,541 [4840c00f-91d3-4881-a20b-4d0486ca97c0:group-B0BFF8942357:LeaderElection63] INFO  impl.RaftServerImpl (RaftServerImpl.java:setRole(171)) - 4840c00f-91d3-4881-a20b-4d0486ca97c0:group-B0BFF8942357 changes role from CANDIDATE to LEADER at term 1 for changeToLeader
2019-09-20 09:27:02,541 [pool-27-thread-1] INFO  server.RaftServerConfigKeys (ConfUtils.java:logGet(43)) - raft.server.log.statemachine.data.caching.enabled = true (custom)
2019-09-20 09:27:02,538 [Thread-429] INFO  impl.RaftServerImpl (RaftServerImpl.java:setRole(171)) - 02b93e76-e4c6-4b67-b8a4-c536d9ab7224:group-6C383884F67D changes role from FOLLOWER to CANDIDATE at term 0 for changeToCandidate
2019-09-20 09:27:02,538 [Thread-433] INFO  impl.RoleInfo (RoleInfo.java:shutdownFollowerState(121)) - 492ed782-6ab3-4ad9-945e-06def6ac7c96: shutdown FollowerState
2019-09-20 09:27:02,542 [Thread-429] INFO  impl.RoleInfo (RoleInfo.java:updateAndGet(143)) - 02b93e76-e4c6-4b67-b8a4-c536d9ab7224: start LeaderElection
2019-09-20 09:27:02,542 [4840c00f-91d3-4881-a20b-4d0486ca97c0:group-B0BFF8942357:LeaderElection63] INFO  impl.RaftServerImpl (ServerState.java:setLeader(263)) - 4840c00f-91d3-4881-a20b-4d0486ca97c0:group-B0BFF8942357 change Leader from null to 4840c00f-91d3-4881-a20b-4d0486ca97c0 at term 1 for becomeLeader, leader elected after 5722ms
2019-09-20 09:27:02,542 [Thread-441] INFO  impl.RoleInfo (RoleInfo.java:updateAndGet(143)) - 4840c00f-91d3-4881-a20b-4d0486ca97c0: start LeaderElection
2019-09-20 09:27:02,542 [pool-27-thread-1] INFO  segmented.SegmentedRaftLogWorker (SegmentedRaftLogWorker.java:lambda$new$0(132)) - 02b93e76-e4c6-4b67-b8a4-c536d9ab7224-SegmentedRaftLogWorker:Storage Directory /workdir/hadoop-ozone/integration-test/target/test-dir/MiniOzoneClusterImpl-a33d77e5-464b-4d19-8e6b-a171e580bf0e/datanode-0/data/ratis/430b3b4f-5dc2-4ae5-bb2a-acd147fe56e3: flushIndex: setUnconditionally 0 -> -1
2019-09-20 09:27:02,542 [Thread-433] INFO  impl.RaftServerImpl (RaftServerImpl.java:setRole(171)) - 492ed782-6ab3-4ad9-945e-06def6ac7c96:group-1AA60631172A changes role from FOLLOWER to CANDIDATE at term 0 for changeToCandidate
2019-09-20 09:27:02,543 [4840c00f-91d3-4881-a20b-4d0486ca97c0:group-B0BFF8942357:LeaderElection63] INFO  server.RaftServerConfigKeys (ConfUtils.java:logGet(43)) - raft.server.staging.catchup.gap = 1000 (default)
2019-09-20 09:27:02,543 [4840c00f-91d3-4881-a20b-4d0486ca97c0:group-B0BFF8942357:LeaderElection63] INFO  server.RaftServerConfigKeys (ConfUtils.java:logGet(43)) - raft.server.rpc.sleep.time = 25ms (default)
2019-09-20 09:27:02,543 [pool-27-thread-1] INFO  server.RaftServerConfigKeys (ConfUtils.java:logGet(43)) - raft.server.snapshot.auto.trigger.enabled = true (custom)
2019-09-20 09:27:02,543 [Thread-433] INFO  impl.RoleInfo (RoleInfo.java:updateAndGet(143)) - 492ed782-6ab3-4ad9-945e-06def6ac7c96: start LeaderElection
2019-09-20 09:27:02,544 [pool-27-thread-1] INFO  server.RaftServerConfigKeys (ConfUtils.java:logGet(43)) - raft.server.snapshot.auto.trigger.threshold = 10000 (custom)
2019-09-20 09:27:02,543 [4840c00f-91d3-4881-a20b-4d0486ca97c0:group-B0BFF8942357:LeaderElection63] INFO  server.RaftServerConfigKeys (ConfUtils.java:logGet(43)) - raft.server.write.element-limit = 4096 (default)
2019-09-20 09:27:02,544 | INFO  | SCMAudit | user=jenkins1000 | ip=192.168.36.99 | op=SEND_HEARTBEAT {datanodeUUID=dc7f40a9-6782-42c4-abab-c6b1682da047, command=[]} | ret=SUCCESS |  
2019-09-20 09:27:02,544 [pool-27-thread-1] INFO  server.RaftServerConfigKeys (ConfUtils.java:logGet(43)) - raft.server.retrycache.expirytime = 600000ms (custom)
2019-09-20 09:27:02,544 [4840c00f-91d3-4881-a20b-4d0486ca97c0:group-B0BFF8942357:LeaderElection63] INFO  server.RaftServerConfigKeys (ConfUtils.java:logGet(43)) - raft.server.watch.timeout = 10s (default)
2019-09-20 09:27:02,544 [pool-27-thread-1] INFO  impl.RaftServerImpl (RaftServerImpl.java:start(180)) - 02b93e76-e4c6-4b67-b8a4-c536d9ab7224: start group-ACD147FE56E3
2019-09-20 09:27:02,544 [4840c00f-91d3-4881-a20b-4d0486ca97c0:group-B0BFF8942357:LeaderElection63] INFO  server.RaftServerConfigKeys (ConfUtils.java:logGet(43)) - raft.server.watch.timeout.denomination = 1s (default)
2019-09-20 09:27:02,548 [pool-27-thread-1] INFO  impl.RaftServerImpl (RaftServerImpl.java:setRole(171)) - 02b93e76-e4c6-4b67-b8a4-c536d9ab7224:group-ACD147FE56E3 changes role from null to FOLLOWER at term 0 for startAsFollower
2019-09-20 09:27:02,548 [4840c00f-91d3-4881-a20b-4d0486ca97c0:group-B0BFF8942357:LeaderElection63] INFO  server.RaftServerConfigKeys (ConfUtils.java:logGet(43)) - raft.server.watch.element-limit = 65536 (default)
2019-09-20 09:27:02,548 [pool-27-thread-1] INFO  impl.RoleInfo (RoleInfo.java:updateAndGet(143)) - 02b93e76-e4c6-4b67-b8a4-c536d9ab7224: start FollowerState
2019-09-20 09:27:02,548 [4840c00f-91d3-4881-a20b-4d0486ca97c0:group-B0BFF8942357:LeaderElection63] INFO  impl.RoleInfo (RoleInfo.java:updateAndGet(143)) - 4840c00f-91d3-4881-a20b-4d0486ca97c0: start LeaderState
2019-09-20 09:27:02,549 [4840c00f-91d3-4881-a20b-4d0486ca97c0:group-B0BFF8942357:LeaderElection63] INFO  segmented.SegmentedRaftLogWorker (SegmentedRaftLogWorker.java:startLogSegment(380)) - 4840c00f-91d3-4881-a20b-4d0486ca97c0-SegmentedRaftLogWorker:Storage Directory /workdir/hadoop-ozone/integration-test/target/test-dir/MiniOzoneClusterImpl-a33d77e5-464b-4d19-8e6b-a171e580bf0e/datanode-3/data/ratis/ae8c04a4-a65c-4e4b-911b-b0bff8942357: Starting segment from index:0
2019-09-20 09:27:02,549 [pool-27-thread-1] INFO  util.JmxRegister (JmxRegister.java:tryRegister(44)) - Successfully registered JMX Bean with object name Ratis:service=RaftServer,group=group-ACD147FE56E3,id=02b93e76-e4c6-4b67-b8a4-c536d9ab7224
2019-09-20 09:27:02,549 [4840c00f-91d3-4881-a20b-4d0486ca97c0:group-B0BFF8942357:LeaderElection63] INFO  impl.RaftServerImpl (ServerState.java:setRaftConf(361)) - 4840c00f-91d3-4881-a20b-4d0486ca97c0:group-B0BFF8942357 set configuration 0: [4840c00f-91d3-4881-a20b-4d0486ca97c0:192.168.36.99:41473], old=null at 0
2019-09-20 09:27:02,878 [4840c00f-91d3-4881-a20b-4d0486ca97c0:group-73C7092B06B0:LeaderElection64] INFO  impl.LeaderElection (LeaderElection.java:askForVotes(181)) - 4840c00f-91d3-4881-a20b-4d0486ca97c0:group-73C7092B06B0:LeaderElection64: begin an election at term 1 for -1: [4840c00f-91d3-4881-a20b-4d0486ca97c0:192.168.36.99:41473], old=null
2019-09-20 09:27:02,878 [02b93e76-e4c6-4b67-b8a4-c536d9ab7224:group-6C383884F67D:LeaderElection65] INFO  impl.LeaderElection (LeaderElection.java:askForVotes(181)) - 02b93e76-e4c6-4b67-b8a4-c536d9ab7224:group-6C383884F67D:LeaderElection65: begin an election at term 1 for -1: [02b93e76-e4c6-4b67-b8a4-c536d9ab7224:192.168.36.99:39343], old=null
2019-09-20 09:27:02,878 [492ed782-6ab3-4ad9-945e-06def6ac7c96:group-1AA60631172A:LeaderElection66] INFO  impl.LeaderElection (LeaderElection.java:askForVotes(181)) - 492ed782-6ab3-4ad9-945e-06def6ac7c96:group-1AA60631172A:LeaderElection66: begin an election at term 1 for -1: [492ed782-6ab3-4ad9-945e-06def6ac7c96:192.168.36.99:32835], old=null
2019-09-20 09:27:02,878 [Thread-444] INFO  impl.FollowerState (FollowerState.java:run(106)) - fd3cd5f9-4f1c-43ea-91b1-b85a1f6c3825:group-F929C9A57B1F changes to CANDIDATE, lastRpcTime:5419, electionTimeout:5143ms
2019-09-20 09:27:02,878 [Thread-454] INFO  impl.FollowerState (FollowerState.java:run(106)) - 492ed782-6ab3-4ad9-945e-06def6ac7c96:group-B5F712612DC6 changes to CANDIDATE, lastRpcTime:5284, electionTimeout:5010ms
2019-09-20 09:27:02,877 [Thread-448] INFO  impl.FollowerState (FollowerState.java:run(106)) - 871e6485-c22a-483f-9e07-d19e754685be:group-B5103FE2782E changes to CANDIDATE, lastRpcTime:5354, electionTimeout:5147ms
2019-09-20 09:27:02,877 [Thread-459] INFO  impl.FollowerState (FollowerState.java:run(106)) - fd3cd5f9-4f1c-43ea-91b1-b85a1f6c3825:group-BD469E00899E changes to CANDIDATE, lastRpcTime:5232, electionTimeout:5048ms
2019-09-20 09:27:02,877 [Thread-467] INFO  impl.FollowerState (FollowerState.java:run(106)) - 492ed782-6ab3-4ad9-945e-06def6ac7c96:group-83474A4053D6 changes to CANDIDATE, lastRpcTime:5052, electionTimeout:5009ms
2019-09-20 09:27:02,879 | INFO  | SCMAudit | user=jenkins1000 | ip=192.168.36.99 | op=SEND_HEARTBEAT {datanodeUUID=fd3cd5f9-4f1c-43ea-91b1-b85a1f6c3825, command=[]} | ret=SUCCESS |  
2019-09-20 09:27:02,879 [Thread-459] INFO  impl.RoleInfo (RoleInfo.java:shutdownFollowerState(121)) - fd3cd5f9-4f1c-43ea-91b1-b85a1f6c3825: shutdown FollowerState
2019-09-20 09:27:02,879 [Thread-448] INFO  impl.RoleInfo (RoleInfo.java:shutdownFollowerState(121)) - 871e6485-c22a-483f-9e07-d19e754685be: shutdown FollowerState
2019-09-20 09:27:02,880 [Thread-448] INFO  impl.RaftServerImpl (RaftServerImpl.java:setRole(171)) - 871e6485-c22a-483f-9e07-d19e754685be:group-B5103FE2782E changes role from FOLLOWER to CANDIDATE at term 0 for changeToCandidate
2019-09-20 09:27:02,879 [Thread-454] INFO  impl.RoleInfo (RoleInfo.java:shutdownFollowerState(121)) - 492ed782-6ab3-4ad9-945e-06def6ac7c96: shutdown FollowerState
2019-09-20 09:27:02,879 [Thread-444] INFO  impl.RoleInfo (RoleInfo.java:shutdownFollowerState(121)) - fd3cd5f9-4f1c-43ea-91b1-b85a1f6c3825: shutdown FollowerState
2019-09-20 09:27:02,879 [492ed782-6ab3-4ad9-945e-06def6ac7c96:group-1AA60631172A:LeaderElection66] INFO  impl.RoleInfo (RoleInfo.java:shutdownLeaderElection(134)) - 492ed782-6ab3-4ad9-945e-06def6ac7c96: shutdown LeaderElection
2019-09-20 09:27:02,879 [02b93e76-e4c6-4b67-b8a4-c536d9ab7224:group-6C383884F67D:LeaderElection65] INFO  impl.RoleInfo (RoleInfo.java:shutdownLeaderElection(134)) - 02b93e76-e4c6-4b67-b8a4-c536d9ab7224: shutdown LeaderElection
2019-09-20 09:27:02,879 [4840c00f-91d3-4881-a20b-4d0486ca97c0:group-73C7092B06B0:LeaderElection64] INFO  impl.RoleInfo (RoleInfo.java:shutdownLeaderElection(134)) - 4840c00f-91d3-4881-a20b-4d0486ca97c0: shutdown LeaderElection
2019-09-20 09:27:02,881 [02b93e76-e4c6-4b67-b8a4-c536d9ab7224:group-6C383884F67D:LeaderElection65] INFO  impl.RaftServerImpl (RaftServerImpl.java:setRole(171)) - 02b93e76-e4c6-4b67-b8a4-c536d9ab7224:group-6C383884F67D changes role from CANDIDATE to LEADER at term 1 for changeToLeader
2019-09-20 09:27:02,880 [492ed782-6ab3-4ad9-945e-06def6ac7c96:group-1AA60631172A:LeaderElection66] INFO  impl.RaftServerImpl (RaftServerImpl.java:setRole(171)) - 492ed782-6ab3-4ad9-945e-06def6ac7c96:group-1AA60631172A changes role from CANDIDATE to LEADER at term 1 for changeToLeader
2019-09-20 09:27:02,880 [Thread-444] INFO  impl.RaftServerImpl (RaftServerImpl.java:setRole(171)) - fd3cd5f9-4f1c-43ea-91b1-b85a1f6c3825:group-F929C9A57B1F changes role from FOLLOWER to CANDIDATE at term 0 for changeToCandidate
2019-09-20 09:27:02,880 [Thread-454] INFO  impl.RaftServerImpl (RaftServerImpl.java:setRole(171)) - 492ed782-6ab3-4ad9-945e-06def6ac7c96:group-B5F712612DC6 changes role from FOLLOWER to CANDIDATE at term 0 for changeToCandidate
2019-09-20 09:27:02,880 [Thread-448] INFO  impl.RoleInfo (RoleInfo.java:updateAndGet(143)) - 871e6485-c22a-483f-9e07-d19e754685be: start LeaderElection
2019-09-20 09:27:02,880 [Thread-459] INFO  impl.RaftServerImpl (RaftServerImpl.java:setRole(171)) - fd3cd5f9-4f1c-43ea-91b1-b85a1f6c3825:group-BD469E00899E changes role from FOLLOWER to CANDIDATE at term 0 for changeToCandidate
2019-09-20 09:27:02,880 [Thread-467] INFO  impl.RoleInfo (RoleInfo.java:shutdownFollowerState(121)) - 492ed782-6ab3-4ad9-945e-06def6ac7c96: shutdown FollowerState
2019-09-20 09:27:02,881 [Thread-459] INFO  impl.RoleInfo (RoleInfo.java:updateAndGet(143)) - fd3cd5f9-4f1c-43ea-91b1-b85a1f6c3825: start LeaderElection
2019-09-20 09:27:02,881 [Thread-454] INFO  impl.RoleInfo (RoleInfo.java:updateAndGet(143)) - 492ed782-6ab3-4ad9-945e-06def6ac7c96: start LeaderElection
2019-09-20 09:27:02,881 [Thread-444] INFO  impl.RoleInfo (RoleInfo.java:updateAndGet(143)) - fd3cd5f9-4f1c-43ea-91b1-b85a1f6c3825: start LeaderElection
2019-09-20 09:27:02,881 [492ed782-6ab3-4ad9-945e-06def6ac7c96:group-1AA60631172A:LeaderElection66] INFO  impl.RaftServerImpl (ServerState.java:setLeader(263)) - 492ed782-6ab3-4ad9-945e-06def6ac7c96:group-1AA60631172A change Leader from null to 492ed782-6ab3-4ad9-945e-06def6ac7c96 at term 1 for becomeLeader, leader elected after 5639ms
2019-09-20 09:27:02,881 [02b93e76-e4c6-4b67-b8a4-c536d9ab7224:group-6C383884F67D:LeaderElection65] INFO  impl.RaftServerImpl (ServerState.java:setLeader(263)) - 02b93e76-e4c6-4b67-b8a4-c536d9ab7224:group-6C383884F67D change Leader from null to 02b93e76-e4c6-4b67-b8a4-c536d9ab7224 at term 1 for becomeLeader, leader elected after 5732ms
2019-09-20 09:27:02,881 [4840c00f-91d3-4881-a20b-4d0486ca97c0:group-73C7092B06B0:LeaderElection64] INFO  impl.RaftServerImpl (RaftServerImpl.java:setRole(171)) - 4840c00f-91d3-4881-a20b-4d0486ca97c0:group-73C7092B06B0 changes role from CANDIDATE to LEADER at term 1 for changeToLeader
2019-09-20 09:27:02,882 [02b93e76-e4c6-4b67-b8a4-c536d9ab7224:group-6C383884F67D:LeaderElection65] INFO  server.RaftServerConfigKeys (ConfUtils.java:logGet(43)) - raft.server.staging.catchup.gap = 1000 (default)
2019-09-20 09:27:02,882 [492ed782-6ab3-4ad9-945e-06def6ac7c96:group-1AA60631172A:LeaderElection66] INFO  server.RaftServerConfigKeys (ConfUtils.java:logGet(43)) - raft.server.staging.catchup.gap = 1000 (default)
2019-09-20 09:27:02,882 [Thread-467] INFO  impl.RaftServerImpl (RaftServerImpl.java:setRole(171)) - 492ed782-6ab3-4ad9-945e-06def6ac7c96:group-83474A4053D6 changes role from FOLLOWER to CANDIDATE at term 0 for changeToCandidate
2019-09-20 09:27:02,883 [492ed782-6ab3-4ad9-945e-06def6ac7c96:group-1AA60631172A:LeaderElection66] INFO  server.RaftServerConfigKeys (ConfUtils.java:logGet(43)) - raft.server.rpc.sleep.time = 25ms (default)
2019-09-20 09:27:02,883 [02b93e76-e4c6-4b67-b8a4-c536d9ab7224:group-6C383884F67D:LeaderElection65] INFO  server.RaftServerConfigKeys (ConfUtils.java:logGet(43)) - raft.server.rpc.sleep.time = 25ms (default)
2019-09-20 09:27:02,882 [4840c00f-91d3-4881-a20b-4d0486ca97c0:group-73C7092B06B0:LeaderElection64] INFO  impl.RaftServerImpl (ServerState.java:setLeader(263)) - 4840c00f-91d3-4881-a20b-4d0486ca97c0:group-73C7092B06B0 change Leader from null to 4840c00f-91d3-4881-a20b-4d0486ca97c0 at term 1 for becomeLeader, leader elected after 5509ms
2019-09-20 09:27:02,883 [02b93e76-e4c6-4b67-b8a4-c536d9ab7224:group-6C383884F67D:LeaderElection65] INFO  server.RaftServerConfigKeys (ConfUtils.java:logGet(43)) - raft.server.write.element-limit = 4096 (default)
2019-09-20 09:27:02,883 [492ed782-6ab3-4ad9-945e-06def6ac7c96:group-1AA60631172A:LeaderElection66] INFO  server.RaftServerConfigKeys (ConfUtils.java:logGet(43)) - raft.server.write.element-limit = 4096 (default)
2019-09-20 09:27:02,883 [Thread-467] INFO  impl.RoleInfo (RoleInfo.java:updateAndGet(143)) - 492ed782-6ab3-4ad9-945e-06def6ac7c96: start LeaderElection
2019-09-20 09:27:02,883 [RatisPipelineUtilsThread] INFO  pipeline.PipelineStateManager (PipelineStateManager.java:addPipeline(56)) - Created pipeline Pipeline[ Id: 430b3b4f-5dc2-4ae5-bb2a-acd147fe56e3, Nodes: 02b93e76-e4c6-4b67-b8a4-c536d9ab7224{ip: 192.168.36.99, host: pr-hdds-1569-p5fx8-1226042367, networkLocation: /default-rack, certSerialId: null}, Type:RATIS, Factor:ONE, State:OPEN]
2019-09-20 09:27:02,884 [492ed782-6ab3-4ad9-945e-06def6ac7c96:group-1AA60631172A:LeaderElection66] INFO  server.RaftServerConfigKeys (ConfUtils.java:logGet(43)) - raft.server.watch.timeout = 10s (default)
2019-09-20 09:27:02,883 [02b93e76-e4c6-4b67-b8a4-c536d9ab7224:group-6C383884F67D:LeaderElection65] INFO  server.RaftServerConfigKeys (ConfUtils.java:logGet(43)) - raft.server.watch.timeout = 10s (default)
2019-09-20 09:27:02,883 [4840c00f-91d3-4881-a20b-4d0486ca97c0:group-73C7092B06B0:LeaderElection64] INFO  server.RaftServerConfigKeys (ConfUtils.java:logGet(43)) - raft.server.staging.catchup.gap = 1000 (default)
2019-09-20 09:27:02,884 [02b93e76-e4c6-4b67-b8a4-c536d9ab7224:group-6C383884F67D:LeaderElection65] INFO  server.RaftServerConfigKeys (ConfUtils.java:logGet(43)) - raft.server.watch.timeout.denomination = 1s (default)
2019-09-20 09:27:02,884 [492ed782-6ab3-4ad9-945e-06def6ac7c96:group-1AA60631172A:LeaderElection66] INFO  server.RaftServerConfigKeys (ConfUtils.java:logGet(43)) - raft.server.watch.timeout.denomination = 1s (default)
2019-09-20 09:27:02,884 [02b93e76-e4c6-4b67-b8a4-c536d9ab7224:group-6C383884F67D:LeaderElection65] INFO  server.RaftServerConfigKeys (ConfUtils.java:logGet(43)) - raft.server.watch.element-limit = 65536 (default)
2019-09-20 09:27:02,884 [4840c00f-91d3-4881-a20b-4d0486ca97c0:group-73C7092B06B0:LeaderElection64] INFO  server.RaftServerConfigKeys (ConfUtils.java:logGet(43)) - raft.server.rpc.sleep.time = 25ms (default)
2019-09-20 09:27:02,885 [02b93e76-e4c6-4b67-b8a4-c536d9ab7224:group-6C383884F67D:LeaderElection65] INFO  impl.RoleInfo (RoleInfo.java:updateAndGet(143)) - 02b93e76-e4c6-4b67-b8a4-c536d9ab7224: start LeaderState
2019-09-20 09:27:02,885 [492ed782-6ab3-4ad9-945e-06def6ac7c96:group-1AA60631172A:LeaderElection66] INFO  server.RaftServerConfigKeys (ConfUtils.java:logGet(43)) - raft.server.watch.element-limit = 65536 (default)
2019-09-20 09:27:02,885 [4840c00f-91d3-4881-a20b-4d0486ca97c0:group-73C7092B06B0:LeaderElection64] INFO  server.RaftServerConfigKeys (ConfUtils.java:logGet(43)) - raft.server.write.element-limit = 4096 (default)
2019-09-20 09:27:02,885 [492ed782-6ab3-4ad9-945e-06def6ac7c96:group-1AA60631172A:LeaderElection66] INFO  impl.RoleInfo (RoleInfo.java:updateAndGet(143)) - 492ed782-6ab3-4ad9-945e-06def6ac7c96: start LeaderState
2019-09-20 09:27:02,885 [02b93e76-e4c6-4b67-b8a4-c536d9ab7224:group-6C383884F67D:LeaderElection65] INFO  segmented.SegmentedRaftLogWorker (SegmentedRaftLogWorker.java:startLogSegment(380)) - 02b93e76-e4c6-4b67-b8a4-c536d9ab7224-SegmentedRaftLogWorker:Storage Directory /workdir/hadoop-ozone/integration-test/target/test-dir/MiniOzoneClusterImpl-a33d77e5-464b-4d19-8e6b-a171e580bf0e/datanode-0/data/ratis/8c4dd182-0368-436d-bcba-6c383884f67d: Starting segment from index:0
2019-09-20 09:27:02,885 [492ed782-6ab3-4ad9-945e-06def6ac7c96:group-1AA60631172A:LeaderElection66] INFO  segmented.SegmentedRaftLogWorker (SegmentedRaftLogWorker.java:startLogSegment(380)) - 492ed782-6ab3-4ad9-945e-06def6ac7c96-SegmentedRaftLogWorker:Storage Directory /workdir/hadoop-ozone/integration-test/target/test-dir/MiniOzoneClusterImpl-a33d77e5-464b-4d19-8e6b-a171e580bf0e/datanode-2/data/ratis/b891c02b-dd85-4823-a366-1aa60631172a: Starting segment from index:0
2019-09-20 09:27:02,885 [4840c00f-91d3-4881-a20b-4d0486ca97c0:group-73C7092B06B0:LeaderElection64] INFO  server.RaftServerConfigKeys (ConfUtils.java:logGet(43)) - raft.server.watch.timeout = 10s (default)
2019-09-20 09:27:02,886 [4840c00f-91d3-4881-a20b-4d0486ca97c0:group-73C7092B06B0:LeaderElection64] INFO  server.RaftServerConfigKeys (ConfUtils.java:logGet(43)) - raft.server.watch.timeout.denomination = 1s (default)
2019-09-20 09:27:03,361 [fd3cd5f9-4f1c-43ea-91b1-b85a1f6c3825:group-F929C9A57B1F:LeaderElection68] INFO  impl.LeaderElection (LeaderElection.java:askForVotes(181)) - fd3cd5f9-4f1c-43ea-91b1-b85a1f6c3825:group-F929C9A57B1F:LeaderElection68: begin an election at term 1 for -1: [fd3cd5f9-4f1c-43ea-91b1-b85a1f6c3825:192.168.36.99:39114], old=null
2019-09-20 09:27:03,361 [fd3cd5f9-4f1c-43ea-91b1-b85a1f6c3825:group-BD469E00899E:LeaderElection70] INFO  impl.LeaderElection (LeaderElection.java:askForVotes(181)) - fd3cd5f9-4f1c-43ea-91b1-b85a1f6c3825:group-BD469E00899E:LeaderElection70: begin an election at term 1 for -1: [fd3cd5f9-4f1c-43ea-91b1-b85a1f6c3825:192.168.36.99:39114], old=null
2019-09-20 09:27:03,360 [Thread-463] WARN  util.JavaUtils (JavaUtils.java:sleep(250)) - Unexpected long sleep: sleep(5144ms) actually took 5606ms which is over the threshold 300ms
2019-09-20 09:27:03,360 [492ed782-6ab3-4ad9-945e-06def6ac7c96:group-B5F712612DC6:LeaderElection69] INFO  impl.LeaderElection (LeaderElection.java:askForVotes(181)) - 492ed782-6ab3-4ad9-945e-06def6ac7c96:group-B5F712612DC6:LeaderElection69: begin an election at term 1 for -1: [492ed782-6ab3-4ad9-945e-06def6ac7c96:192.168.36.99:32835], old=null
2019-09-20 09:27:03,360 [492ed782-6ab3-4ad9-945e-06def6ac7c96:group-83474A4053D6:LeaderElection71] INFO  impl.LeaderElection (LeaderElection.java:askForVotes(181)) - 492ed782-6ab3-4ad9-945e-06def6ac7c96:group-83474A4053D6:LeaderElection71: begin an election at term 1 for -1: [492ed782-6ab3-4ad9-945e-06def6ac7c96:192.168.36.99:32835], old=null
2019-09-20 09:27:03,360 [871e6485-c22a-483f-9e07-d19e754685be:group-B5103FE2782E:LeaderElection67] INFO  impl.LeaderElection (LeaderElection.java:askForVotes(181)) - 871e6485-c22a-483f-9e07-d19e754685be:group-B5103FE2782E:LeaderElection67: begin an election at term 1 for -1: [871e6485-c22a-483f-9e07-d19e754685be:192.168.36.99:41076], old=null
2019-09-20 09:27:03,360 [Thread-471] WARN  util.JavaUtils (JavaUtils.java:sleep(250)) - Unexpected long sleep: sleep(5028ms) actually took 5461ms which is over the threshold 300ms
2019-09-20 09:27:03,184 [Thread-478] INFO  impl.FollowerState (FollowerState.java:run(106)) - 492ed782-6ab3-4ad9-945e-06def6ac7c96:group-078B27D18453 changes to CANDIDATE, lastRpcTime:5155, electionTimeout:5068ms
2019-09-20 09:27:03,362 [Thread-478] INFO  impl.RoleInfo (RoleInfo.java:shutdownFollowerState(121)) - 492ed782-6ab3-4ad9-945e-06def6ac7c96: shutdown FollowerState
2019-09-20 09:27:02,886 [492ed782-6ab3-4ad9-945e-06def6ac7c96:group-1AA60631172A:LeaderElection66] INFO  impl.RaftServerImpl (ServerState.java:setRaftConf(361)) - 492ed782-6ab3-4ad9-945e-06def6ac7c96:group-1AA60631172A set configuration 0: [492ed782-6ab3-4ad9-945e-06def6ac7c96:192.168.36.99:32835], old=null at 0
2019-09-20 09:27:03,362 [Thread-478] INFO  impl.RaftServerImpl (RaftServerImpl.java:setRole(171)) - 492ed782-6ab3-4ad9-945e-06def6ac7c96:group-078B27D18453 changes role from FOLLOWER to CANDIDATE at term 0 for changeToCandidate
2019-09-20 09:27:03,362 [871e6485-c22a-483f-9e07-d19e754685be:group-B5103FE2782E:LeaderElection67] INFO  impl.RoleInfo (RoleInfo.java:shutdownLeaderElection(134)) - 871e6485-c22a-483f-9e07-d19e754685be: shutdown LeaderElection
2019-09-20 09:27:03,362 [492ed782-6ab3-4ad9-945e-06def6ac7c96:group-83474A4053D6:LeaderElection71] INFO  impl.RoleInfo (RoleInfo.java:shutdownLeaderElection(134)) - 492ed782-6ab3-4ad9-945e-06def6ac7c96: shutdown LeaderElection
2019-09-20 09:27:03,361 [492ed782-6ab3-4ad9-945e-06def6ac7c96:group-B5F712612DC6:LeaderElection69] INFO  impl.RoleInfo (RoleInfo.java:shutdownLeaderElection(134)) - 492ed782-6ab3-4ad9-945e-06def6ac7c96: shutdown LeaderElection
2019-09-20 09:27:03,361 [fd3cd5f9-4f1c-43ea-91b1-b85a1f6c3825:group-BD469E00899E:LeaderElection70] INFO  impl.RoleInfo (RoleInfo.java:shutdownLeaderElection(134)) - fd3cd5f9-4f1c-43ea-91b1-b85a1f6c3825: shutdown LeaderElection
2019-09-20 09:27:03,363 [fd3cd5f9-4f1c-43ea-91b1-b85a1f6c3825:group-BD469E00899E:LeaderElection70] INFO  impl.RaftServerImpl (RaftServerImpl.java:setRole(171)) - fd3cd5f9-4f1c-43ea-91b1-b85a1f6c3825:group-BD469E00899E changes role from CANDIDATE to LEADER at term 1 for changeToLeader
2019-09-20 09:27:03,361 [Thread-483] INFO  impl.FollowerState (FollowerState.java:run(106)) - fd3cd5f9-4f1c-43ea-91b1-b85a1f6c3825:group-15F7F40B3111 changes to CANDIDATE, lastRpcTime:5228, electionTimeout:5062ms
2019-09-20 09:27:03,363 [Thread-483] INFO  impl.RoleInfo (RoleInfo.java:shutdownFollowerState(121)) - fd3cd5f9-4f1c-43ea-91b1-b85a1f6c3825: shutdown FollowerState
2019-09-20 09:27:03,361 [fd3cd5f9-4f1c-43ea-91b1-b85a1f6c3825:group-F929C9A57B1F:LeaderElection68] INFO  impl.RoleInfo (RoleInfo.java:shutdownLeaderElection(134)) - fd3cd5f9-4f1c-43ea-91b1-b85a1f6c3825: shutdown LeaderElection
2019-09-20 09:27:03,361 [02b93e76-e4c6-4b67-b8a4-c536d9ab7224:group-6C383884F67D:LeaderElection65] INFO  impl.RaftServerImpl (ServerState.java:setRaftConf(361)) - 02b93e76-e4c6-4b67-b8a4-c536d9ab7224:group-6C383884F67D set configuration 0: [02b93e76-e4c6-4b67-b8a4-c536d9ab7224:192.168.36.99:39343], old=null at 0
2019-09-20 09:27:03,361 [4840c00f-91d3-4881-a20b-4d0486ca97c0:group-73C7092B06B0:LeaderElection64] INFO  server.RaftServerConfigKeys (ConfUtils.java:logGet(43)) - raft.server.watch.element-limit = 65536 (default)
2019-09-20 09:27:03,364 [fd3cd5f9-4f1c-43ea-91b1-b85a1f6c3825:group-F929C9A57B1F:LeaderElection68] INFO  impl.RaftServerImpl (RaftServerImpl.java:setRole(171)) - fd3cd5f9-4f1c-43ea-91b1-b85a1f6c3825:group-F929C9A57B1F changes role from CANDIDATE to LEADER at term 1 for changeToLeader
2019-09-20 09:27:03,364 [4840c00f-91d3-4881-a20b-4d0486ca97c0:group-73C7092B06B0:LeaderElection64] INFO  impl.RoleInfo (RoleInfo.java:updateAndGet(143)) - 4840c00f-91d3-4881-a20b-4d0486ca97c0: start LeaderState
2019-09-20 09:27:03,364 [Thread-483] INFO  impl.RaftServerImpl (RaftServerImpl.java:setRole(171)) - fd3cd5f9-4f1c-43ea-91b1-b85a1f6c3825:group-15F7F40B3111 changes role from FOLLOWER to CANDIDATE at term 0 for changeToCandidate
2019-09-20 09:27:03,363 [fd3cd5f9-4f1c-43ea-91b1-b85a1f6c3825:group-BD469E00899E:LeaderElection70] INFO  impl.RaftServerImpl (ServerState.java:setLeader(263)) - fd3cd5f9-4f1c-43ea-91b1-b85a1f6c3825:group-BD469E00899E change Leader from null to fd3cd5f9-4f1c-43ea-91b1-b85a1f6c3825 at term 1 for becomeLeader, leader elected after 5721ms
2019-09-20 09:27:03,363 [492ed782-6ab3-4ad9-945e-06def6ac7c96:group-B5F712612DC6:LeaderElection69] INFO  impl.RaftServerImpl (RaftServerImpl.java:setRole(171)) - 492ed782-6ab3-4ad9-945e-06def6ac7c96:group-B5F712612DC6 changes role from CANDIDATE to LEADER at term 1 for changeToLeader
2019-09-20 09:27:03,363 [492ed782-6ab3-4ad9-945e-06def6ac7c96:group-83474A4053D6:LeaderElection71] INFO  impl.RaftServerImpl (RaftServerImpl.java:setRole(171)) - 492ed782-6ab3-4ad9-945e-06def6ac7c96:group-83474A4053D6 changes role from CANDIDATE to LEADER at term 1 for changeToLeader
2019-09-20 09:27:03,365 [492ed782-6ab3-4ad9-945e-06def6ac7c96:group-83474A4053D6:LeaderElection71] INFO  impl.RaftServerImpl (ServerState.java:setLeader(263)) - 492ed782-6ab3-4ad9-945e-06def6ac7c96:group-83474A4053D6 change Leader from null to 492ed782-6ab3-4ad9-945e-06def6ac7c96 at term 1 for becomeLeader, leader elected after 5546ms
2019-09-20 09:27:03,363 [871e6485-c22a-483f-9e07-d19e754685be:group-B5103FE2782E:LeaderElection67] INFO  impl.RaftServerImpl (RaftServerImpl.java:setRole(171)) - 871e6485-c22a-483f-9e07-d19e754685be:group-B5103FE2782E changes role from CANDIDATE to LEADER at term 1 for changeToLeader
2019-09-20 09:27:03,365 [871e6485-c22a-483f-9e07-d19e754685be:group-B5103FE2782E:LeaderElection67] INFO  impl.RaftServerImpl (ServerState.java:setLeader(263)) - 871e6485-c22a-483f-9e07-d19e754685be:group-B5103FE2782E change Leader from null to 871e6485-c22a-483f-9e07-d19e754685be at term 1 for becomeLeader, leader elected after 5845ms
2019-09-20 09:27:03,363 [Thread-478] INFO  impl.RoleInfo (RoleInfo.java:updateAndGet(143)) - 492ed782-6ab3-4ad9-945e-06def6ac7c96: start LeaderElection
2019-09-20 09:27:03,365 [871e6485-c22a-483f-9e07-d19e754685be:group-B5103FE2782E:LeaderElection67] INFO  server.RaftServerConfigKeys (ConfUtils.java:logGet(43)) - raft.server.staging.catchup.gap = 1000 (default)
2019-09-20 09:27:03,366 [871e6485-c22a-483f-9e07-d19e754685be:group-B5103FE2782E:LeaderElection67] INFO  server.RaftServerConfigKeys (ConfUtils.java:logGet(43)) - raft.server.rpc.sleep.time = 25ms (default)
2019-09-20 09:27:03,365 [492ed782-6ab3-4ad9-945e-06def6ac7c96:group-83474A4053D6:LeaderElection71] INFO  server.RaftServerConfigKeys (ConfUtils.java:logGet(43)) - raft.server.staging.catchup.gap = 1000 (default)
2019-09-20 09:27:03,366 [492ed782-6ab3-4ad9-945e-06def6ac7c96:group-83474A4053D6:LeaderElection71] INFO  server.RaftServerConfigKeys (ConfUtils.java:logGet(43)) - raft.server.rpc.sleep.time = 25ms (default)
2019-09-20 09:27:03,365 [492ed782-6ab3-4ad9-945e-06def6ac7c96:group-B5F712612DC6:LeaderElection69] INFO  impl.RaftServerImpl (ServerState.java:setLeader(263)) - 492ed782-6ab3-4ad9-945e-06def6ac7c96:group-B5F712612DC6 change Leader from null to 492ed782-6ab3-4ad9-945e-06def6ac7c96 at term 1 for becomeLeader, leader elected after 5775ms
2019-09-20 09:27:03,365 [fd3cd5f9-4f1c-43ea-91b1-b85a1f6c3825:group-BD469E00899E:LeaderElection70] INFO  server.RaftServerConfigKeys (ConfUtils.java:logGet(43)) - raft.server.staging.catchup.gap = 1000 (default)
2019-09-20 09:27:03,365 [Thread-483] INFO  impl.RoleInfo (RoleInfo.java:updateAndGet(143)) - fd3cd5f9-4f1c-43ea-91b1-b85a1f6c3825: start LeaderElection
2019-09-20 09:27:03,364 [4840c00f-91d3-4881-a20b-4d0486ca97c0:group-73C7092B06B0:LeaderElection64] INFO  segmented.SegmentedRaftLogWorker (SegmentedRaftLogWorker.java:startLogSegment(380)) - 4840c00f-91d3-4881-a20b-4d0486ca97c0-SegmentedRaftLogWorker:Storage Directory /workdir/hadoop-ozone/integration-test/target/test-dir/MiniOzoneClusterImpl-a33d77e5-464b-4d19-8e6b-a171e580bf0e/datanode-3/data/ratis/d0b5c93f-1931-449a-9b36-73c7092b06b0: Starting segment from index:0
2019-09-20 09:27:03,364 [fd3cd5f9-4f1c-43ea-91b1-b85a1f6c3825:group-F929C9A57B1F:LeaderElection68] INFO  impl.RaftServerImpl (ServerState.java:setLeader(263)) - fd3cd5f9-4f1c-43ea-91b1-b85a1f6c3825:group-F929C9A57B1F change Leader from null to fd3cd5f9-4f1c-43ea-91b1-b85a1f6c3825 at term 1 for becomeLeader, leader elected after 5910ms
2019-09-20 09:27:03,367 [fd3cd5f9-4f1c-43ea-91b1-b85a1f6c3825:group-BD469E00899E:LeaderElection70] INFO  server.RaftServerConfigKeys (ConfUtils.java:logGet(43)) - raft.server.rpc.sleep.time = 25ms (default)
2019-09-20 09:27:03,615 | INFO  | SCMAudit | user=jenkins1000 | ip=192.168.36.99 | op=SEND_HEARTBEAT {datanodeUUID=4840c00f-91d3-4881-a20b-4d0486ca97c0, command=[]} | ret=SUCCESS |  
2019-09-20 09:27:03,615 | INFO  | SCMAudit | user=jenkins1000 | ip=192.168.36.99 | op=SEND_HEARTBEAT {datanodeUUID=871e6485-c22a-483f-9e07-d19e754685be, command=[]} | ret=SUCCESS |  
2019-09-20 09:27:03,615 | INFO  | SCMAudit | user=jenkins1000 | ip=192.168.36.99 | op=SEND_HEARTBEAT {datanodeUUID=dc7f40a9-6782-42c4-abab-c6b1682da047, command=[]} | ret=SUCCESS |  
2019-09-20 09:27:03,615 | INFO  | SCMAudit | user=jenkins1000 | ip=192.168.36.99 | op=SEND_HEARTBEAT {datanodeUUID=492ed782-6ab3-4ad9-945e-06def6ac7c96, command=[]} | ret=SUCCESS |  
2019-09-20 09:27:03,615 | INFO  | SCMAudit | user=jenkins1000 | ip=192.168.36.99 | op=SEND_HEARTBEAT {datanodeUUID=02b93e76-e4c6-4b67-b8a4-c536d9ab7224, command=[]} | ret=SUCCESS |  
2019-09-20 09:27:03,367 [4840c00f-91d3-4881-a20b-4d0486ca97c0:group-73C7092B06B0:LeaderElection64] INFO  impl.RaftServerImpl (ServerState.java:setRaftConf(361)) - 4840c00f-91d3-4881-a20b-4d0486ca97c0:group-73C7092B06B0 set configuration 0: [4840c00f-91d3-4881-a20b-4d0486ca97c0:192.168.36.99:41473], old=null at 0
2019-09-20 09:27:03,366 [492ed782-6ab3-4ad9-945e-06def6ac7c96:group-B5F712612DC6:LeaderElection69] INFO  server.RaftServerConfigKeys (ConfUtils.java:logGet(43)) - raft.server.staging.catchup.gap = 1000 (default)
2019-09-20 09:27:03,366 [492ed782-6ab3-4ad9-945e-06def6ac7c96:group-83474A4053D6:LeaderElection71] INFO  server.RaftServerConfigKeys (ConfUtils.java:logGet(43)) - raft.server.write.element-limit = 4096 (default)
2019-09-20 09:27:03,366 [grpc-default-executor-1] INFO  impl.RaftServerProxy (RaftServerProxy.java:addNew(89)) - fd3cd5f9-4f1c-43ea-91b1-b85a1f6c3825: addNew group-B2B5EDE21C69:[fd3cd5f9-4f1c-43ea-91b1-b85a1f6c3825:192.168.36.99:39114] returns group-B2B5EDE21C69:java.util.concurrent.CompletableFuture@86d2fee[Not completed]
2019-09-20 09:27:03,366 [871e6485-c22a-483f-9e07-d19e754685be:group-B5103FE2782E:LeaderElection67] INFO  server.RaftServerConfigKeys (ConfUtils.java:logGet(43)) - raft.server.write.element-limit = 4096 (default)
2019-09-20 09:27:03,616 [pool-38-thread-1] INFO  impl.RaftServerImpl (RaftServerImpl.java:<init>(93)) - fd3cd5f9-4f1c-43ea-91b1-b85a1f6c3825: new RaftServerImpl for group-B2B5EDE21C69:[fd3cd5f9-4f1c-43ea-91b1-b85a1f6c3825:192.168.36.99:39114] with ContainerStateMachine:uninitialized
2019-09-20 09:27:03,616 [492ed782-6ab3-4ad9-945e-06def6ac7c96:group-83474A4053D6:LeaderElection71] INFO  server.RaftServerConfigKeys (ConfUtils.java:logGet(43)) - raft.server.watch.timeout = 10s (default)
2019-09-20 09:27:03,615 [492ed782-6ab3-4ad9-945e-06def6ac7c96:group-B5F712612DC6:LeaderElection69] INFO  server.RaftServerConfigKeys (ConfUtils.java:logGet(43)) - raft.server.rpc.sleep.time = 25ms (default)
2019-09-20 09:27:03,615 [fd3cd5f9-4f1c-43ea-91b1-b85a1f6c3825:group-BD469E00899E:LeaderElection70] INFO  server.RaftServerConfigKeys (ConfUtils.java:logGet(43)) - raft.server.write.element-limit = 4096 (default)
2019-09-20 09:27:03,615 [492ed782-6ab3-4ad9-945e-06def6ac7c96:group-078B27D18453:LeaderElection72] INFO  impl.LeaderElection (LeaderElection.java:askForVotes(181)) - 492ed782-6ab3-4ad9-945e-06def6ac7c96:group-078B27D18453:LeaderElection72: begin an election at term 1 for -1: [492ed782-6ab3-4ad9-945e-06def6ac7c96:192.168.36.99:32835], old=null
2019-09-20 09:27:03,615 [Thread-494] INFO  impl.FollowerState (FollowerState.java:run(106)) - 492ed782-6ab3-4ad9-945e-06def6ac7c96:group-2971F210102F changes to CANDIDATE, lastRpcTime:5234, electionTimeout:5017ms
2019-09-20 09:27:03,615 [Thread-491] INFO  impl.FollowerState (FollowerState.java:run(106)) - dc7f40a9-6782-42c4-abab-c6b1682da047:group-5319708DB950 changes to CANDIDATE, lastRpcTime:5303, electionTimeout:5166ms
2019-09-20 09:27:03,617 [Thread-491] INFO  impl.RoleInfo (RoleInfo.java:shutdownFollowerState(121)) - dc7f40a9-6782-42c4-abab-c6b1682da047: shutdown FollowerState
2019-09-20 09:27:03,367 [fd3cd5f9-4f1c-43ea-91b1-b85a1f6c3825:group-F929C9A57B1F:LeaderElection68] INFO  server.RaftServerConfigKeys (ConfUtils.java:logGet(43)) - raft.server.staging.catchup.gap = 1000 (default)
2019-09-20 09:27:03,617 [Thread-491] INFO  impl.RaftServerImpl (RaftServerImpl.java:setRole(171)) - dc7f40a9-6782-42c4-abab-c6b1682da047:group-5319708DB950 changes role from FOLLOWER to CANDIDATE at term 0 for changeToCandidate
2019-09-20 09:27:03,617 [Thread-494] INFO  impl.RoleInfo (RoleInfo.java:shutdownFollowerState(121)) - 492ed782-6ab3-4ad9-945e-06def6ac7c96: shutdown FollowerState
2019-09-20 09:27:03,617 [492ed782-6ab3-4ad9-945e-06def6ac7c96:group-078B27D18453:LeaderElection72] INFO  impl.RoleInfo (RoleInfo.java:shutdownLeaderElection(134)) - 492ed782-6ab3-4ad9-945e-06def6ac7c96: shutdown LeaderElection
2019-09-20 09:27:03,616 [fd3cd5f9-4f1c-43ea-91b1-b85a1f6c3825:group-BD469E00899E:LeaderElection70] INFO  server.RaftServerConfigKeys (ConfUtils.java:logGet(43)) - raft.server.watch.timeout = 10s (default)
2019-09-20 09:27:03,616 [492ed782-6ab3-4ad9-945e-06def6ac7c96:group-B5F712612DC6:LeaderElection69] INFO  server.RaftServerConfigKeys (ConfUtils.java:logGet(43)) - raft.server.write.element-limit = 4096 (default)
2019-09-20 09:27:03,616 [492ed782-6ab3-4ad9-945e-06def6ac7c96:group-83474A4053D6:LeaderElection71] INFO  server.RaftServerConfigKeys (ConfUtils.java:logGet(43)) - raft.server.watch.timeout.denomination = 1s (default)
2019-09-20 09:27:03,616 [pool-38-thread-1] INFO  server.RaftServerConfigKeys (ConfUtils.java:logGet(43)) - raft.server.rpc.timeout.min = 5s (custom)
2019-09-20 09:27:03,616 [871e6485-c22a-483f-9e07-d19e754685be:group-B5103FE2782E:LeaderElection67] INFO  server.RaftServerConfigKeys (ConfUtils.java:logGet(43)) - raft.server.watch.timeout = 10s (default)
2019-09-20 09:27:03,618 [pool-38-thread-1] INFO  server.RaftServerConfigKeys (ConfUtils.java:logGet(43)) - raft.server.rpc.timeout.max = 5200ms (custom)
2019-09-20 09:27:03,618 [492ed782-6ab3-4ad9-945e-06def6ac7c96:group-83474A4053D6:LeaderElection71] INFO  server.RaftServerConfigKeys (ConfUtils.java:logGet(43)) - raft.server.watch.element-limit = 65536 (default)
2019-09-20 09:27:03,618 [492ed782-6ab3-4ad9-945e-06def6ac7c96:group-B5F712612DC6:LeaderElection69] INFO  server.RaftServerConfigKeys (ConfUtils.java:logGet(43)) - raft.server.watch.timeout = 10s (default)
2019-09-20 09:27:03,618 [492ed782-6ab3-4ad9-945e-06def6ac7c96:group-83474A4053D6:LeaderElection71] INFO  impl.RoleInfo (RoleInfo.java:updateAndGet(143)) - 492ed782-6ab3-4ad9-945e-06def6ac7c96: start LeaderState
2019-09-20 09:27:03,617 [fd3cd5f9-4f1c-43ea-91b1-b85a1f6c3825:group-BD469E00899E:LeaderElection70] INFO  server.RaftServerConfigKeys (ConfUtils.java:logGet(43)) - raft.server.watch.timeout.denomination = 1s (default)
2019-09-20 09:27:03,617 [492ed782-6ab3-4ad9-945e-06def6ac7c96:group-078B27D18453:LeaderElection72] INFO  impl.RaftServerImpl (RaftServerImpl.java:setRole(171)) - 492ed782-6ab3-4ad9-945e-06def6ac7c96:group-078B27D18453 changes role from CANDIDATE to LEADER at term 1 for changeToLeader
2019-09-20 09:27:03,617 [Thread-494] INFO  impl.RaftServerImpl (RaftServerImpl.java:setRole(171)) - 492ed782-6ab3-4ad9-945e-06def6ac7c96:group-2971F210102F changes role from FOLLOWER to CANDIDATE at term 0 for changeToCandidate
2019-09-20 09:27:03,617 [Thread-491] INFO  impl.RoleInfo (RoleInfo.java:updateAndGet(143)) - dc7f40a9-6782-42c4-abab-c6b1682da047: start LeaderElection
2019-09-20 09:27:03,617 [fd3cd5f9-4f1c-43ea-91b1-b85a1f6c3825:group-F929C9A57B1F:LeaderElection68] INFO  server.RaftServerConfigKeys (ConfUtils.java:logGet(43)) - raft.server.rpc.sleep.time = 25ms (default)
2019-09-20 09:27:03,619 [Thread-494] INFO  impl.RoleInfo (RoleInfo.java:updateAndGet(143)) - 492ed782-6ab3-4ad9-945e-06def6ac7c96: start LeaderElection
2019-09-20 09:27:03,619 [492ed782-6ab3-4ad9-945e-06def6ac7c96:group-078B27D18453:LeaderElection72] INFO  impl.RaftServerImpl (ServerState.java:setLeader(263)) - 492ed782-6ab3-4ad9-945e-06def6ac7c96:group-078B27D18453 change Leader from null to 492ed782-6ab3-4ad9-945e-06def6ac7c96 at term 1 for becomeLeader, leader elected after 5598ms
2019-09-20 09:27:03,619 [fd3cd5f9-4f1c-43ea-91b1-b85a1f6c3825:group-BD469E00899E:LeaderElection70] INFO  server.RaftServerConfigKeys (ConfUtils.java:logGet(43)) - raft.server.watch.element-limit = 65536 (default)
2019-09-20 09:27:03,619 [492ed782-6ab3-4ad9-945e-06def6ac7c96:group-83474A4053D6:LeaderElection71] INFO  segmented.SegmentedRaftLogWorker (SegmentedRaftLogWorker.java:startLogSegment(380)) - 492ed782-6ab3-4ad9-945e-06def6ac7c96-SegmentedRaftLogWorker:Storage Directory /workdir/hadoop-ozone/integration-test/target/test-dir/MiniOzoneClusterImpl-a33d77e5-464b-4d19-8e6b-a171e580bf0e/datanode-2/data/ratis/8094937d-de3e-47e4-8309-83474a4053d6: Starting segment from index:0
2019-09-20 09:27:03,618 [492ed782-6ab3-4ad9-945e-06def6ac7c96:group-B5F712612DC6:LeaderElection69] INFO  server.RaftServerConfigKeys (ConfUtils.java:logGet(43)) - raft.server.watch.timeout.denomination = 1s (default)
2019-09-20 09:27:03,618 [pool-38-thread-1] INFO  server.RaftServerConfigKeys (ConfUtils.java:logGet(43)) - raft.server.rpcslowness.timeout = 10s (custom)
2019-09-20 09:27:03,618 [871e6485-c22a-483f-9e07-d19e754685be:group-B5103FE2782E:LeaderElection67] INFO  server.RaftServerConfigKeys (ConfUtils.java:logGet(43)) - raft.server.watch.timeout.denomination = 1s (default)
2019-09-20 09:27:03,887 [fd3cd5f9-4f1c-43ea-91b1-b85a1f6c3825:group-15F7F40B3111:LeaderElection73] INFO  impl.LeaderElection (LeaderElection.java:askForVotes(181)) - fd3cd5f9-4f1c-43ea-91b1-b85a1f6c3825:group-15F7F40B3111:LeaderElection73: begin an election at term 1 for -1: [fd3cd5f9-4f1c-43ea-91b1-b85a1f6c3825:192.168.36.99:39114], old=null
2019-09-20 09:27:03,887 | INFO  | SCMAudit | user=jenkins1000 | ip=192.168.36.99 | op=SEND_HEARTBEAT {datanodeUUID=fd3cd5f9-4f1c-43ea-91b1-b85a1f6c3825, command=[]} | ret=SUCCESS |  
2019-09-20 09:27:03,887 [pool-38-thread-1] INFO  server.RaftServerConfigKeys (ConfUtils.java:logGet(43)) - raft.server.sleep.deviation.threshold = 300 (default)
2019-09-20 09:27:03,887 [Thread-500] INFO  impl.FollowerState (FollowerState.java:run(106)) - 871e6485-c22a-483f-9e07-d19e754685be:group-6D6E0000ABB6 changes to CANDIDATE, lastRpcTime:5370, electionTimeout:5122ms
2019-09-20 09:27:03,887 [Thread-504] INFO  impl.FollowerState (FollowerState.java:run(106)) - fd3cd5f9-4f1c-43ea-91b1-b85a1f6c3825:group-4783210E70C8 changes to CANDIDATE, lastRpcTime:5261, electionTimeout:5191ms
2019-09-20 09:27:03,886 [Thread-511] INFO  impl.FollowerState (FollowerState.java:run(106)) - fd3cd5f9-4f1c-43ea-91b1-b85a1f6c3825:group-FE29A59A7301 changes to CANDIDATE, lastRpcTime:5136, electionTimeout:5132ms
2019-09-20 09:27:03,886 [492ed782-6ab3-4ad9-945e-06def6ac7c96:group-83474A4053D6:LeaderElection71] INFO  impl.RaftServerImpl (ServerState.java:setRaftConf(361)) - 492ed782-6ab3-4ad9-945e-06def6ac7c96:group-83474A4053D6 set configuration 0: [492ed782-6ab3-4ad9-945e-06def6ac7c96:192.168.36.99:32835], old=null at 0
2019-09-20 09:27:03,620 [492ed782-6ab3-4ad9-945e-06def6ac7c96:group-B5F712612DC6:LeaderElection69] INFO  server.RaftServerConfigKeys (ConfUtils.java:logGet(43)) - raft.server.watch.element-limit = 65536 (default)
2019-09-20 09:27:03,620 [fd3cd5f9-4f1c-43ea-91b1-b85a1f6c3825:group-BD469E00899E:LeaderElection70] INFO  impl.RoleInfo (RoleInfo.java:updateAndGet(143)) - fd3cd5f9-4f1c-43ea-91b1-b85a1f6c3825: start LeaderState
2019-09-20 09:27:03,620 [492ed782-6ab3-4ad9-945e-06def6ac7c96:group-078B27D18453:LeaderElection72] INFO  server.RaftServerConfigKeys (ConfUtils.java:logGet(43)) - raft.server.staging.catchup.gap = 1000 (default)
2019-09-20 09:27:03,619 [fd3cd5f9-4f1c-43ea-91b1-b85a1f6c3825:group-F929C9A57B1F:LeaderElection68] INFO  server.RaftServerConfigKeys (ConfUtils.java:logGet(43)) - raft.server.write.element-limit = 4096 (default)
2019-09-20 09:27:03,888 [492ed782-6ab3-4ad9-945e-06def6ac7c96:group-078B27D18453:LeaderElection72] INFO  server.RaftServerConfigKeys (ConfUtils.java:logGet(43)) - raft.server.rpc.sleep.time = 25ms (default)
2019-09-20 09:27:03,888 [fd3cd5f9-4f1c-43ea-91b1-b85a1f6c3825:group-BD469E00899E:LeaderElection70] INFO  segmented.SegmentedRaftLogWorker (SegmentedRaftLogWorker.java:startLogSegment(380)) - fd3cd5f9-4f1c-43ea-91b1-b85a1f6c3825-SegmentedRaftLogWorker:Storage Directory /workdir/hadoop-ozone/integration-test/target/test-dir/MiniOzoneClusterImpl-a33d77e5-464b-4d19-8e6b-a171e580bf0e/datanode-1/data/ratis/9aa64141-ed41-4aff-ad5c-bd469e00899e: Starting segment from index:0
2019-09-20 09:27:03,888 [492ed782-6ab3-4ad9-945e-06def6ac7c96:group-B5F712612DC6:LeaderElection69] INFO  impl.RoleInfo (RoleInfo.java:updateAndGet(143)) - 492ed782-6ab3-4ad9-945e-06def6ac7c96: start LeaderState
2019-09-20 09:27:03,888 [Thread-511] INFO  impl.RoleInfo (RoleInfo.java:shutdownFollowerState(121)) - fd3cd5f9-4f1c-43ea-91b1-b85a1f6c3825: shutdown FollowerState
2019-09-20 09:27:03,887 [Thread-504] INFO  impl.RoleInfo (RoleInfo.java:shutdownFollowerState(121)) - fd3cd5f9-4f1c-43ea-91b1-b85a1f6c3825: shutdown FollowerState
2019-09-20 09:27:03,889 [492ed782-6ab3-4ad9-945e-06def6ac7c96:group-B5F712612DC6:LeaderElection69] INFO  segmented.SegmentedRaftLogWorker (SegmentedRaftLogWorker.java:startLogSegment(380)) - 492ed782-6ab3-4ad9-945e-06def6ac7c96-SegmentedRaftLogWorker:Storage Directory /workdir/hadoop-ozone/integration-test/target/test-dir/MiniOzoneClusterImpl-a33d77e5-464b-4d19-8e6b-a171e580bf0e/datanode-2/data/ratis/00e0f02a-088a-41ce-b106-b5f712612dc6: Starting segment from index:0
2019-09-20 09:27:03,887 [Thread-500] INFO  impl.RoleInfo (RoleInfo.java:shutdownFollowerState(121)) - 871e6485-c22a-483f-9e07-d19e754685be: shutdown FollowerState
2019-09-20 09:27:03,887 [pool-38-thread-1] INFO  server.RaftServerConfigKeys (ConfUtils.java:logGet(43)) - raft.server.log.appender.install.snapshot.enabled = false (custom)
2019-09-20 09:27:03,887 [fd3cd5f9-4f1c-43ea-91b1-b85a1f6c3825:group-15F7F40B3111:LeaderElection73] INFO  impl.RoleInfo (RoleInfo.java:shutdownLeaderElection(134)) - fd3cd5f9-4f1c-43ea-91b1-b85a1f6c3825: shutdown LeaderElection
2019-09-20 09:27:04,132 [492ed782-6ab3-4ad9-945e-06def6ac7c96:group-B5F712612DC6:LeaderElection69] INFO  impl.RaftServerImpl (ServerState.java:setRaftConf(361)) - 492ed782-6ab3-4ad9-945e-06def6ac7c96:group-B5F712612DC6 set configuration 0: [492ed782-6ab3-4ad9-945e-06def6ac7c96:192.168.36.99:32835], old=null at 0
2019-09-20 09:27:03,887 [871e6485-c22a-483f-9e07-d19e754685be:group-B5103FE2782E:LeaderElection67] INFO  server.RaftServerConfigKeys (ConfUtils.java:logGet(43)) - raft.server.watch.element-limit = 65536 (default)
2019-09-20 09:27:04,328 [fd3cd5f9-4f1c-43ea-91b1-b85a1f6c3825:group-15F7F40B3111:LeaderElection73] INFO  impl.RaftServerImpl (RaftServerImpl.java:setRole(171)) - fd3cd5f9-4f1c-43ea-91b1-b85a1f6c3825:group-15F7F40B3111 changes role from CANDIDATE to LEADER at term 1 for changeToLeader
2019-09-20 09:27:04,329 [871e6485-c22a-483f-9e07-d19e754685be:group-B5103FE2782E:LeaderElection67] INFO  impl.RoleInfo (RoleInfo.java:updateAndGet(143)) - 871e6485-c22a-483f-9e07-d19e754685be: start LeaderState
2019-09-20 09:27:04,328 [Thread-523] INFO  impl.FollowerState (FollowerState.java:run(106)) - 02b93e76-e4c6-4b67-b8a4-c536d9ab7224:group-E4B357F9360E changes to CANDIDATE, lastRpcTime:5246, electionTimeout:5178ms
2019-09-20 09:27:04,329 [Thread-523] INFO  impl.RoleInfo (RoleInfo.java:shutdownFollowerState(121)) - 02b93e76-e4c6-4b67-b8a4-c536d9ab7224: shutdown FollowerState
2019-09-20 09:27:04,328 [Thread-529] INFO  impl.FollowerState (FollowerState.java:run(106)) - 492ed782-6ab3-4ad9-945e-06def6ac7c96:group-371618AF92D0 changes to CANDIDATE, lastRpcTime:5128, electionTimeout:5070ms
2019-09-20 09:27:04,329 [Thread-529] INFO  impl.RoleInfo (RoleInfo.java:shutdownFollowerState(121)) - 492ed782-6ab3-4ad9-945e-06def6ac7c96: shutdown FollowerState
2019-09-20 09:27:04,132 [pool-38-thread-1] INFO  impl.RaftServerImpl (ServerState.java:<init>(105)) - fd3cd5f9-4f1c-43ea-91b1-b85a1f6c3825:group-B2B5EDE21C69 ConfigurationManager, init=-1: [fd3cd5f9-4f1c-43ea-91b1-b85a1f6c3825:192.168.36.99:39114], old=null, confs=<EMPTY_MAP>
2019-09-20 09:27:04,131 [Thread-500] INFO  impl.RaftServerImpl (RaftServerImpl.java:setRole(171)) - 871e6485-c22a-483f-9e07-d19e754685be:group-6D6E0000ABB6 changes role from FOLLOWER to CANDIDATE at term 0 for changeToCandidate
2019-09-20 09:27:04,131 [dc7f40a9-6782-42c4-abab-c6b1682da047:group-5319708DB950:LeaderElection74] INFO  impl.LeaderElection (LeaderElection.java:askForVotes(181)) - dc7f40a9-6782-42c4-abab-c6b1682da047:group-5319708DB950:LeaderElection74: begin an election at term 1 for -1: [dc7f40a9-6782-42c4-abab-c6b1682da047:192.168.36.99:40142], old=null
2019-09-20 09:27:04,131 [492ed782-6ab3-4ad9-945e-06def6ac7c96:group-2971F210102F:LeaderElection75] INFO  impl.LeaderElection (LeaderElection.java:askForVotes(181)) - 492ed782-6ab3-4ad9-945e-06def6ac7c96:group-2971F210102F:LeaderElection75: begin an election at term 1 for -1: [492ed782-6ab3-4ad9-945e-06def6ac7c96:192.168.36.99:32835], old=null
2019-09-20 09:27:03,889 [fd3cd5f9-4f1c-43ea-91b1-b85a1f6c3825:group-BD469E00899E:LeaderElection70] INFO  impl.RaftServerImpl (ServerState.java:setRaftConf(361)) - fd3cd5f9-4f1c-43ea-91b1-b85a1f6c3825:group-BD469E00899E set configuration 0: [fd3cd5f9-4f1c-43ea-91b1-b85a1f6c3825:192.168.36.99:39114], old=null at 0
2019-09-20 09:27:04,131 [Thread-518] INFO  impl.FollowerState (FollowerState.java:run(106)) - fd3cd5f9-4f1c-43ea-91b1-b85a1f6c3825:group-12B3FAED76D7 changes to CANDIDATE, lastRpcTime:5230, electionTimeout:5150ms
2019-09-20 09:27:04,331 [Thread-518] INFO  impl.RoleInfo (RoleInfo.java:shutdownFollowerState(121)) - fd3cd5f9-4f1c-43ea-91b1-b85a1f6c3825: shutdown FollowerState
2019-09-20 09:27:03,889 [Thread-504] INFO  impl.RaftServerImpl (RaftServerImpl.java:setRole(171)) - fd3cd5f9-4f1c-43ea-91b1-b85a1f6c3825:group-4783210E70C8 changes role from FOLLOWER to CANDIDATE at term 0 for changeToCandidate
2019-09-20 09:27:03,889 [Thread-511] INFO  impl.RaftServerImpl (RaftServerImpl.java:setRole(171)) - fd3cd5f9-4f1c-43ea-91b1-b85a1f6c3825:group-FE29A59A7301 changes role from FOLLOWER to CANDIDATE at term 0 for changeToCandidate
2019-09-20 09:27:03,888 [492ed782-6ab3-4ad9-945e-06def6ac7c96:group-078B27D18453:LeaderElection72] INFO  server.RaftServerConfigKeys (ConfUtils.java:logGet(43)) - raft.server.write.element-limit = 4096 (default)
2019-09-20 09:27:03,888 [fd3cd5f9-4f1c-43ea-91b1-b85a1f6c3825:group-F929C9A57B1F:LeaderElection68] INFO  server.RaftServerConfigKeys (ConfUtils.java:logGet(43)) - raft.server.watch.timeout = 10s (default)
2019-09-20 09:27:04,331 [492ed782-6ab3-4ad9-945e-06def6ac7c96:group-078B27D18453:LeaderElection72] INFO  server.RaftServerConfigKeys (ConfUtils.java:logGet(43)) - raft.server.watch.timeout = 10s (default)
2019-09-20 09:27:04,332 [492ed782-6ab3-4ad9-945e-06def6ac7c96:group-078B27D18453:LeaderElection72] INFO  server.RaftServerConfigKeys (ConfUtils.java:logGet(43)) - raft.server.watch.timeout.denomination = 1s (default)
2019-09-20 09:27:04,331 [Thread-511] INFO  impl.RoleInfo (RoleInfo.java:updateAndGet(143)) - fd3cd5f9-4f1c-43ea-91b1-b85a1f6c3825: start LeaderElection
2019-09-20 09:27:04,331 [Thread-504] INFO  impl.RoleInfo (RoleInfo.java:updateAndGet(143)) - fd3cd5f9-4f1c-43ea-91b1-b85a1f6c3825: start LeaderElection
2019-09-20 09:27:04,331 [Thread-518] INFO  impl.RaftServerImpl (RaftServerImpl.java:setRole(171)) - fd3cd5f9-4f1c-43ea-91b1-b85a1f6c3825:group-12B3FAED76D7 changes role from FOLLOWER to CANDIDATE at term 0 for changeToCandidate
2019-09-20 09:27:04,330 [492ed782-6ab3-4ad9-945e-06def6ac7c96:group-2971F210102F:LeaderElection75] INFO  impl.RoleInfo (RoleInfo.java:shutdownLeaderElection(134)) - 492ed782-6ab3-4ad9-945e-06def6ac7c96: shutdown LeaderElection
2019-09-20 09:27:04,330 [dc7f40a9-6782-42c4-abab-c6b1682da047:group-5319708DB950:LeaderElection74] INFO  impl.RoleInfo (RoleInfo.java:shutdownLeaderElection(134)) - dc7f40a9-6782-42c4-abab-c6b1682da047: shutdown LeaderElection
2019-09-20 09:27:04,330 [Thread-500] INFO  impl.RoleInfo (RoleInfo.java:updateAndGet(143)) - 871e6485-c22a-483f-9e07-d19e754685be: start LeaderElection
2019-09-20 09:27:04,330 [pool-38-thread-1] INFO  server.RaftServerConfigKeys (ConfUtils.java:logGet(43)) - raft.server.storage.dir = [/workdir/hadoop-ozone/integration-test/target/test-dir/MiniOzoneClusterImpl-a33d77e5-464b-4d19-8e6b-a171e580bf0e/datanode-1/data/ratis] (custom)
2019-09-20 09:27:04,330 [Thread-529] INFO  impl.RaftServerImpl (RaftServerImpl.java:setRole(171)) - 492ed782-6ab3-4ad9-945e-06def6ac7c96:group-371618AF92D0 changes role from FOLLOWER to CANDIDATE at term 0 for changeToCandidate
2019-09-20 09:27:04,329 [Thread-523] INFO  impl.RaftServerImpl (RaftServerImpl.java:setRole(171)) - 02b93e76-e4c6-4b67-b8a4-c536d9ab7224:group-E4B357F9360E changes role from FOLLOWER to CANDIDATE at term 0 for changeToCandidate
2019-09-20 09:27:04,329 [871e6485-c22a-483f-9e07-d19e754685be:group-B5103FE2782E:LeaderElection67] INFO  segmented.SegmentedRaftLogWorker (SegmentedRaftLogWorker.java:startLogSegment(380)) - 871e6485-c22a-483f-9e07-d19e754685be-SegmentedRaftLogWorker:Storage Directory /workdir/hadoop-ozone/integration-test/target/test-dir/MiniOzoneClusterImpl-a33d77e5-464b-4d19-8e6b-a171e580bf0e/datanode-4/data/ratis/f67d4f30-45a8-413b-8b89-b5103fe2782e: Starting segment from index:0
2019-09-20 09:27:04,336 [pool-38-thread-1] INFO  storage.RaftStorageDirectory (RaftStorageDirectory.java:analyzeStorage(246)) - The storage directory /workdir/hadoop-ozone/integration-test/target/test-dir/MiniOzoneClusterImpl-a33d77e5-464b-4d19-8e6b-a171e580bf0e/datanode-1/data/ratis/0b8e0f6d-f4b7-4696-9410-b2b5ede21c69 does not exist. Creating ...
2019-09-20 09:27:04,329 [fd3cd5f9-4f1c-43ea-91b1-b85a1f6c3825:group-15F7F40B3111:LeaderElection73] INFO  impl.RaftServerImpl (ServerState.java:setLeader(263)) - fd3cd5f9-4f1c-43ea-91b1-b85a1f6c3825:group-15F7F40B3111 change Leader from null to fd3cd5f9-4f1c-43ea-91b1-b85a1f6c3825 at term 1 for becomeLeader, leader elected after 6205ms
2019-09-20 09:27:04,522 [Thread-535] INFO  impl.FollowerState (FollowerState.java:run(106)) - 02b93e76-e4c6-4b67-b8a4-c536d9ab7224:group-E470973DD81D changes to CANDIDATE, lastRpcTime:5237, electionTimeout:5070ms
2019-09-20 09:27:04,336 [Thread-523] INFO  impl.RoleInfo (RoleInfo.java:updateAndGet(143)) - 02b93e76-e4c6-4b67-b8a4-c536d9ab7224: start LeaderElection
2019-09-20 09:27:04,336 [Thread-529] INFO  impl.RoleInfo (RoleInfo.java:updateAndGet(143)) - 492ed782-6ab3-4ad9-945e-06def6ac7c96: start LeaderElection
2019-09-20 09:27:04,335 [dc7f40a9-6782-42c4-abab-c6b1682da047:group-5319708DB950:LeaderElection74] INFO  impl.RaftServerImpl (RaftServerImpl.java:setRole(171)) - dc7f40a9-6782-42c4-abab-c6b1682da047:group-5319708DB950 changes role from CANDIDATE to LEADER at term 1 for changeToLeader
2019-09-20 09:27:04,523 [dc7f40a9-6782-42c4-abab-c6b1682da047:group-5319708DB950:LeaderElection74] INFO  impl.RaftServerImpl (ServerState.java:setLeader(263)) - dc7f40a9-6782-42c4-abab-c6b1682da047:group-5319708DB950 change Leader from null to dc7f40a9-6782-42c4-abab-c6b1682da047 at term 1 for becomeLeader, leader elected after 6255ms
2019-09-20 09:27:04,335 [492ed782-6ab3-4ad9-945e-06def6ac7c96:group-2971F210102F:LeaderElection75] INFO  impl.RaftServerImpl (RaftServerImpl.java:setRole(171)) - 492ed782-6ab3-4ad9-945e-06def6ac7c96:group-2971F210102F changes role from CANDIDATE to LEADER at term 1 for changeToLeader
2019-09-20 09:27:04,332 [Thread-518] INFO  impl.RoleInfo (RoleInfo.java:updateAndGet(143)) - fd3cd5f9-4f1c-43ea-91b1-b85a1f6c3825: start LeaderElection
2019-09-20 09:27:04,332 [492ed782-6ab3-4ad9-945e-06def6ac7c96:group-078B27D18453:LeaderElection72] INFO  server.RaftServerConfigKeys (ConfUtils.java:logGet(43)) - raft.server.watch.element-limit = 65536 (default)
2019-09-20 09:27:04,331 [fd3cd5f9-4f1c-43ea-91b1-b85a1f6c3825:group-F929C9A57B1F:LeaderElection68] INFO  server.RaftServerConfigKeys (ConfUtils.java:logGet(43)) - raft.server.watch.timeout.denomination = 1s (default)
2019-09-20 09:27:04,532 [492ed782-6ab3-4ad9-945e-06def6ac7c96:group-078B27D18453:LeaderElection72] INFO  impl.RoleInfo (RoleInfo.java:updateAndGet(143)) - 492ed782-6ab3-4ad9-945e-06def6ac7c96: start LeaderState
2019-09-20 09:27:04,530 [492ed782-6ab3-4ad9-945e-06def6ac7c96-SegmentedRaftLogWorker:Storage Directory /workdir/hadoop-ozone/integration-test/target/test-dir/MiniOzoneClusterImpl-a33d77e5-464b-4d19-8e6b-a171e580bf0e/datanode-2/data/ratis/412b0b00-a6e1-46d0-8ee5-6f15db5e2267] ERROR segmented.SegmentedRaftLogWorker (SegmentedRaftLogWorker.java:run(323)) - 492ed782-6ab3-4ad9-945e-06def6ac7c96-SegmentedRaftLogWorker:Storage Directory /workdir/hadoop-ozone/integration-test/target/test-dir/MiniOzoneClusterImpl-a33d77e5-464b-4d19-8e6b-a171e580bf0e/datanode-2/data/ratis/412b0b00-a6e1-46d0-8ee5-6f15db5e2267 hit exception
java.lang.OutOfMemoryError: Direct buffer memory
	at java.nio.Bits.reserveMemory(Bits.java:666)
	at java.nio.DirectByteBuffer.<init>(DirectByteBuffer.java:123)
	at java.nio.ByteBuffer.allocateDirect(ByteBuffer.java:311)
	at org.apache.ratis.server.raftlog.segmented.BufferedWriteChannel.<init>(BufferedWriteChannel.java:41)
	at org.apache.ratis.server.raftlog.segmented.SegmentedRaftLogOutputStream.<init>(SegmentedRaftLogOutputStream.java:72)
	at org.apache.ratis.server.raftlog.segmented.SegmentedRaftLogWorker$StartLogSegment.execute(SegmentedRaftLogWorker.java:566)
	at org.apache.ratis.server.raftlog.segmented.SegmentedRaftLogWorker.run(SegmentedRaftLogWorker.java:289)
	at java.lang.Thread.run(Thread.java:748)
2019-09-20 09:27:04,530 [492ed782-6ab3-4ad9-945e-06def6ac7c96:group-2971F210102F:LeaderElection75] INFO  impl.RaftServerImpl (ServerState.java:setLeader(263)) - 492ed782-6ab3-4ad9-945e-06def6ac7c96:group-2971F210102F change Leader from null to 492ed782-6ab3-4ad9-945e-06def6ac7c96 at term 1 for becomeLeader, leader elected after 6153ms
2019-09-20 09:27:04,530 [dc7f40a9-6782-42c4-abab-c6b1682da047:group-5319708DB950:LeaderElection74] INFO  server.RaftServerConfigKeys (ConfUtils.java:logGet(43)) - raft.server.staging.catchup.gap = 1000 (default)
2019-09-20 09:27:04,523 [Thread-535] INFO  impl.RoleInfo (RoleInfo.java:shutdownFollowerState(121)) - 02b93e76-e4c6-4b67-b8a4-c536d9ab7224: shutdown FollowerState
2019-09-20 09:27:04,522 [fd3cd5f9-4f1c-43ea-91b1-b85a1f6c3825:group-15F7F40B3111:LeaderElection73] INFO  server.RaftServerConfigKeys (ConfUtils.java:logGet(43)) - raft.server.staging.catchup.gap = 1000 (default)
2019-09-20 09:27:04,522 [871e6485-c22a-483f-9e07-d19e754685be:group-6D6E0000ABB6:LeaderElection76] INFO  impl.LeaderElection (LeaderElection.java:askForVotes(181)) - 871e6485-c22a-483f-9e07-d19e754685be:group-6D6E0000ABB6:LeaderElection76: begin an election at term 1 for -1: [871e6485-c22a-483f-9e07-d19e754685be:192.168.36.99:41076], old=null
2019-09-20 09:27:04,522 [871e6485-c22a-483f-9e07-d19e754685be:group-B5103FE2782E:LeaderElection67] INFO  impl.RaftServerImpl (ServerState.java:setRaftConf(361)) - 871e6485-c22a-483f-9e07-d19e754685be:group-B5103FE2782E set configuration 0: [871e6485-c22a-483f-9e07-d19e754685be:192.168.36.99:41076], old=null at 0
2019-09-20 09:27:04,522 [fd3cd5f9-4f1c-43ea-91b1-b85a1f6c3825:group-4783210E70C8:LeaderElection77] INFO  impl.LeaderElection (LeaderElection.java:askForVotes(181)) - fd3cd5f9-4f1c-43ea-91b1-b85a1f6c3825:group-4783210E70C8:LeaderElection77: begin an election at term 1 for -1: [fd3cd5f9-4f1c-43ea-91b1-b85a1f6c3825:192.168.36.99:39114], old=null
2019-09-20 09:27:04,522 [fd3cd5f9-4f1c-43ea-91b1-b85a1f6c3825:group-FE29A59A7301:LeaderElection78] INFO  impl.LeaderElection (LeaderElection.java:askForVotes(181)) - fd3cd5f9-4f1c-43ea-91b1-b85a1f6c3825:group-FE29A59A7301:LeaderElection78: begin an election at term 1 for -1: [fd3cd5f9-4f1c-43ea-91b1-b85a1f6c3825:192.168.36.99:39114], old=null
2019-09-20 09:27:04,536 [492ed782-6ab3-4ad9-945e-06def6ac7c96-SegmentedRaftLogWorker:Storage Directory /workdir/hadoop-ozone/integration-test/target/test-dir/MiniOzoneClusterImpl-a33d77e5-464b-4d19-8e6b-a171e580bf0e/datanode-2/data/ratis/412b0b00-a6e1-46d0-8ee5-6f15db5e2267] INFO  impl.RaftServerImpl (RaftServerImpl.java:lambda$shutdown$3(245)) - 492ed782-6ab3-4ad9-945e-06def6ac7c96: shutdown group-6F15DB5E2267
2019-09-20 09:27:04,536 [fd3cd5f9-4f1c-43ea-91b1-b85a1f6c3825:group-4783210E70C8:LeaderElection77] INFO  impl.RoleInfo (RoleInfo.java:shutdownLeaderElection(134)) - fd3cd5f9-4f1c-43ea-91b1-b85a1f6c3825: shutdown LeaderElection
2019-09-20 09:27:04,535 [871e6485-c22a-483f-9e07-d19e754685be:group-6D6E0000ABB6:LeaderElection76] INFO  impl.RoleInfo (RoleInfo.java:shutdownLeaderElection(134)) - 871e6485-c22a-483f-9e07-d19e754685be: shutdown LeaderElection
2019-09-20 09:27:04,535 [fd3cd5f9-4f1c-43ea-91b1-b85a1f6c3825:group-15F7F40B3111:LeaderElection73] INFO  server.RaftServerConfigKeys (ConfUtils.java:logGet(43)) - raft.server.rpc.sleep.time = 25ms (default)
2019-09-20 09:27:04,535 [Thread-535] INFO  impl.RaftServerImpl (RaftServerImpl.java:setRole(171)) - 02b93e76-e4c6-4b67-b8a4-c536d9ab7224:group-E470973DD81D changes role from FOLLOWER to CANDIDATE at term 0 for changeToCandidate
2019-09-20 09:27:04,535 [dc7f40a9-6782-42c4-abab-c6b1682da047:group-5319708DB950:LeaderElection74] INFO  server.RaftServerConfigKeys (ConfUtils.java:logGet(43)) - raft.server.rpc.sleep.time = 25ms (default)
2019-09-20 09:27:04,535 [492ed782-6ab3-4ad9-945e-06def6ac7c96:group-2971F210102F:LeaderElection75] INFO  server.RaftServerConfigKeys (ConfUtils.java:logGet(43)) - raft.server.staging.catchup.gap = 1000 (default)
2019-09-20 09:27:04,537 [492ed782-6ab3-4ad9-945e-06def6ac7c96:group-2971F210102F:LeaderElection75] INFO  server.RaftServerConfigKeys (ConfUtils.java:logGet(43)) - raft.server.rpc.sleep.time = 25ms (default)
2019-09-20 09:27:04,532 [492ed782-6ab3-4ad9-945e-06def6ac7c96:group-078B27D18453:LeaderElection72] INFO  segmented.SegmentedRaftLogWorker (SegmentedRaftLogWorker.java:startLogSegment(380)) - 492ed782-6ab3-4ad9-945e-06def6ac7c96-SegmentedRaftLogWorker:Storage Directory /workdir/hadoop-ozone/integration-test/target/test-dir/MiniOzoneClusterImpl-a33d77e5-464b-4d19-8e6b-a171e580bf0e/datanode-2/data/ratis/14060330-3d55-468a-8af2-078b27d18453: Starting segment from index:0
2019-09-20 09:27:04,532 [fd3cd5f9-4f1c-43ea-91b1-b85a1f6c3825:group-F929C9A57B1F:LeaderElection68] INFO  server.RaftServerConfigKeys (ConfUtils.java:logGet(43)) - raft.server.watch.element-limit = 65536 (default)
2019-09-20 09:27:04,537 [492ed782-6ab3-4ad9-945e-06def6ac7c96:group-2971F210102F:LeaderElection75] INFO  server.RaftServerConfigKeys (ConfUtils.java:logGet(43)) - raft.server.write.element-limit = 4096 (default)
2019-09-20 09:27:04,537 [dc7f40a9-6782-42c4-abab-c6b1682da047:group-5319708DB950:LeaderElection74] INFO  server.RaftServerConfigKeys (ConfUtils.java:logGet(43)) - raft.server.write.element-limit = 4096 (default)
2019-09-20 09:27:04,537 [Thread-535] INFO  impl.RoleInfo (RoleInfo.java:updateAndGet(143)) - 02b93e76-e4c6-4b67-b8a4-c536d9ab7224: start LeaderElection
2019-09-20 09:27:04,536 [fd3cd5f9-4f1c-43ea-91b1-b85a1f6c3825:group-15F7F40B3111:LeaderElection73] INFO  server.RaftServerConfigKeys (ConfUtils.java:logGet(43)) - raft.server.write.element-limit = 4096 (default)
2019-09-20 09:27:04,536 [871e6485-c22a-483f-9e07-d19e754685be:group-6D6E0000ABB6:LeaderElection76] INFO  impl.RaftServerImpl (RaftServerImpl.java:setRole(171)) - 871e6485-c22a-483f-9e07-d19e754685be:group-6D6E0000ABB6 changes role from CANDIDATE to LEADER at term 1 for changeToLeader
2019-09-20 09:27:04,536 [492ed782-6ab3-4ad9-945e-06def6ac7c96-SegmentedRaftLogWorker:Storage Directory /workdir/hadoop-ozone/integration-test/target/test-dir/MiniOzoneClusterImpl-a33d77e5-464b-4d19-8e6b-a171e580bf0e/datanode-2/data/ratis/412b0b00-a6e1-46d0-8ee5-6f15db5e2267] INFO  util.JmxRegister (JmxRegister.java:unregister(73)) - Successfully un-registered JMX Bean with object name Ratis:service=RaftServer,group=group-6F15DB5E2267,id=492ed782-6ab3-4ad9-945e-06def6ac7c96
2019-09-20 09:27:04,536 [fd3cd5f9-4f1c-43ea-91b1-b85a1f6c3825:group-4783210E70C8:LeaderElection77] INFO  impl.RaftServerImpl (RaftServerImpl.java:setRole(171)) - fd3cd5f9-4f1c-43ea-91b1-b85a1f6c3825:group-4783210E70C8 changes role from CANDIDATE to LEADER at term 1 for changeToLeader
2019-09-20 09:27:04,785 [fd3cd5f9-4f1c-43ea-91b1-b85a1f6c3825:group-4783210E70C8:LeaderElection77] INFO  impl.RaftServerImpl (ServerState.java:setLeader(263)) - fd3cd5f9-4f1c-43ea-91b1-b85a1f6c3825:group-4783210E70C8 change Leader from null to fd3cd5f9-4f1c-43ea-91b1-b85a1f6c3825 at term 1 for becomeLeader, leader elected after 6164ms
2019-09-20 09:27:04,536 [fd3cd5f9-4f1c-43ea-91b1-b85a1f6c3825:group-FE29A59A7301:LeaderElection78] INFO  impl.RoleInfo (RoleInfo.java:shutdownLeaderElection(134)) - fd3cd5f9-4f1c-43ea-91b1-b85a1f6c3825: shutdown LeaderElection
2019-09-20 09:27:04,785 [fd3cd5f9-4f1c-43ea-91b1-b85a1f6c3825:group-4783210E70C8:LeaderElection77] INFO  server.RaftServerConfigKeys (ConfUtils.java:logGet(43)) - raft.server.staging.catchup.gap = 1000 (default)
2019-09-20 09:27:04,785 [492ed782-6ab3-4ad9-945e-06def6ac7c96-SegmentedRaftLogWorker:Storage Directory /workdir/hadoop-ozone/integration-test/target/test-dir/MiniOzoneClusterImpl-a33d77e5-464b-4d19-8e6b-a171e580bf0e/datanode-2/data/ratis/412b0b00-a6e1-46d0-8ee5-6f15db5e2267] INFO  impl.RoleInfo (RoleInfo.java:shutdownLeaderState(104)) - 492ed782-6ab3-4ad9-945e-06def6ac7c96: shutdown LeaderState
2019-09-20 09:27:04,785 [871e6485-c22a-483f-9e07-d19e754685be:group-6D6E0000ABB6:LeaderElection76] INFO  impl.RaftServerImpl (ServerState.java:setLeader(263)) - 871e6485-c22a-483f-9e07-d19e754685be:group-6D6E0000ABB6 change Leader from null to 871e6485-c22a-483f-9e07-d19e754685be at term 1 for becomeLeader, leader elected after 6315ms
2019-09-20 09:27:04,784 [492ed782-6ab3-4ad9-945e-06def6ac7c96-SegmentedRaftLogWorker:Storage Directory /workdir/hadoop-ozone/integration-test/target/test-dir/MiniOzoneClusterImpl-a33d77e5-464b-4d19-8e6b-a171e580bf0e/datanode-2/data/ratis/b891c02b-dd85-4823-a366-1aa60631172a] ERROR segmented.SegmentedRaftLogWorker (SegmentedRaftLogWorker.java:run(323)) - 492ed782-6ab3-4ad9-945e-06def6ac7c96-SegmentedRaftLogWorker:Storage Directory /workdir/hadoop-ozone/integration-test/target/test-dir/MiniOzoneClusterImpl-a33d77e5-464b-4d19-8e6b-a171e580bf0e/datanode-2/data/ratis/b891c02b-dd85-4823-a366-1aa60631172a hit exception
java.lang.OutOfMemoryError: Direct buffer memory
	at java.nio.Bits.reserveMemory(Bits.java:666)
	at java.nio.DirectByteBuffer.<init>(DirectByteBuffer.java:123)
	at java.nio.ByteBuffer.allocateDirect(ByteBuffer.java:311)
	at org.apache.ratis.server.raftlog.segmented.BufferedWriteChannel.<init>(BufferedWriteChannel.java:41)
	at org.apache.ratis.server.raftlog.segmented.SegmentedRaftLogOutputStream.<init>(SegmentedRaftLogOutputStream.java:72)
	at org.apache.ratis.server.raftlog.segmented.SegmentedRaftLogWorker$StartLogSegment.execute(SegmentedRaftLogWorker.java:566)
	at org.apache.ratis.server.raftlog.segmented.SegmentedRaftLogWorker.run(SegmentedRaftLogWorker.java:289)
	at java.lang.Thread.run(Thread.java:748)
2019-09-20 09:27:04,784 [fd3cd5f9-4f1c-43ea-91b1-b85a1f6c3825:group-15F7F40B3111:LeaderElection73] INFO  server.RaftServerConfigKeys (ConfUtils.java:logGet(43)) - raft.server.watch.timeout = 10s (default)
2019-09-20 09:27:04,784 [02b93e76-e4c6-4b67-b8a4-c536d9ab7224-SegmentedRaftLogWorker:Storage Directory /workdir/hadoop-ozone/integration-test/target/test-dir/MiniOzoneClusterImpl-a33d77e5-464b-4d19-8e6b-a171e580bf0e/datanode-0/data/ratis/8c4dd182-0368-436d-bcba-6c383884f67d] ERROR segmented.SegmentedRaftLogWorker (SegmentedRaftLogWorker.java:run(323)) - 02b93e76-e4c6-4b67-b8a4-c536d9ab7224-SegmentedRaftLogWorker:Storage Directory /workdir/hadoop-ozone/integration-test/target/test-dir/MiniOzoneClusterImpl-a33d77e5-464b-4d19-8e6b-a171e580bf0e/datanode-0/data/ratis/8c4dd182-0368-436d-bcba-6c383884f67d hit exception
java.lang.OutOfMemoryError: Direct buffer memory
	at java.nio.Bits.reserveMemory(Bits.java:666)
	at java.nio.DirectByteBuffer.<init>(DirectByteBuffer.java:123)
	at java.nio.ByteBuffer.allocateDirect(ByteBuffer.java:311)
	at org.apache.ratis.server.raftlog.segmented.BufferedWriteChannel.<init>(BufferedWriteChannel.java:41)
	at org.apache.ratis.server.raftlog.segmented.SegmentedRaftLogOutputStream.<init>(SegmentedRaftLogOutputStream.java:72)
	at org.apache.ratis.server.raftlog.segmented.SegmentedRaftLogWorker$StartLogSegment.execute(SegmentedRaftLogWorker.java:566)
	at org.apache.ratis.server.raftlog.segmented.SegmentedRaftLogWorker.run(SegmentedRaftLogWorker.java:289)
	at java.lang.Thread.run(Thread.java:748)
2019-09-20 09:27:04,538 [dc7f40a9-6782-42c4-abab-c6b1682da047:group-5319708DB950:LeaderElection74] INFO  server.RaftServerConfigKeys (ConfUtils.java:logGet(43)) - raft.server.watch.timeout = 10s (default)
2019-09-20 09:27:04,538 [492ed782-6ab3-4ad9-945e-06def6ac7c96:group-078B27D18453:LeaderElection72] INFO  impl.RaftServerImpl (ServerState.java:setRaftConf(361)) - 492ed782-6ab3-4ad9-945e-06def6ac7c96:group-078B27D18453 set configuration 0: [492ed782-6ab3-4ad9-945e-06def6ac7c96:192.168.36.99:32835], old=null at 0
2019-09-20 09:27:04,538 [492ed782-6ab3-4ad9-945e-06def6ac7c96:group-2971F210102F:LeaderElection75] INFO  server.RaftServerConfigKeys (ConfUtils.java:logGet(43)) - raft.server.watch.timeout = 10s (default)
2019-09-20 09:27:04,537 [fd3cd5f9-4f1c-43ea-91b1-b85a1f6c3825:group-F929C9A57B1F:LeaderElection68] INFO  impl.RoleInfo (RoleInfo.java:updateAndGet(143)) - fd3cd5f9-4f1c-43ea-91b1-b85a1f6c3825: start LeaderState
2019-09-20 09:27:04,788 [492ed782-6ab3-4ad9-945e-06def6ac7c96:group-2971F210102F:LeaderElection75] INFO  server.RaftServerConfigKeys (ConfUtils.java:logGet(43)) - raft.server.watch.timeout.denomination = 1s (default)
2019-09-20 09:27:04,788 [fd3cd5f9-4f1c-43ea-91b1-b85a1f6c3825:group-F929C9A57B1F:LeaderElection68] INFO  segmented.SegmentedRaftLogWorker (SegmentedRaftLogWorker.java:startLogSegment(380)) - fd3cd5f9-4f1c-43ea-91b1-b85a1f6c3825-SegmentedRaftLogWorker:Storage Directory /workdir/hadoop-ozone/integration-test/target/test-dir/MiniOzoneClusterImpl-a33d77e5-464b-4d19-8e6b-a171e580bf0e/datanode-1/data/ratis/d140707c-4fb0-4506-a3be-f929c9a57b1f: Starting segment from index:0
2019-09-20 09:27:04,787 [492ed782-6ab3-4ad9-945e-06def6ac7c96-SegmentedRaftLogWorker:Storage Directory /workdir/hadoop-ozone/integration-test/target/test-dir/MiniOzoneClusterImpl-a33d77e5-464b-4d19-8e6b-a171e580bf0e/datanode-2/data/ratis/412b0b00-a6e1-46d0-8ee5-6f15db5e2267] INFO  impl.PendingRequests (PendingRequests.java:sendNotLeaderResponses(202)) - 492ed782-6ab3-4ad9-945e-06def6ac7c96-PendingRequests: sendNotLeaderResponses
2019-09-20 09:27:04,787 [dc7f40a9-6782-42c4-abab-c6b1682da047:group-5319708DB950:LeaderElection74] INFO  server.RaftServerConfigKeys (ConfUtils.java:logGet(43)) - raft.server.watch.timeout.denomination = 1s (default)
2019-09-20 09:27:04,787 [02b93e76-e4c6-4b67-b8a4-c536d9ab7224-SegmentedRaftLogWorker:Storage Directory /workdir/hadoop-ozone/integration-test/target/test-dir/MiniOzoneClusterImpl-a33d77e5-464b-4d19-8e6b-a171e580bf0e/datanode-0/data/ratis/8c4dd182-0368-436d-bcba-6c383884f67d] INFO  impl.RaftServerImpl (RaftServerImpl.java:lambda$shutdown$3(245)) - 02b93e76-e4c6-4b67-b8a4-c536d9ab7224: shutdown group-6C383884F67D
2019-09-20 09:27:05,011 | INFO  | SCMAudit | user=jenkins1000 | ip=192.168.36.99 | op=SEND_HEARTBEAT {datanodeUUID=02b93e76-e4c6-4b67-b8a4-c536d9ab7224, command=[]} | ret=SUCCESS |  
2019-09-20 09:27:05,012 | INFO  | SCMAudit | user=jenkins1000 | ip=192.168.36.99 | op=SEND_HEARTBEAT {datanodeUUID=dc7f40a9-6782-42c4-abab-c6b1682da047, command=[]} | ret=SUCCESS |  
2019-09-20 09:27:05,012 | INFO  | SCMAudit | user=jenkins1000 | ip=192.168.36.99 | op=SEND_HEARTBEAT {datanodeUUID=4840c00f-91d3-4881-a20b-4d0486ca97c0, command=[]} | ret=SUCCESS |  
2019-09-20 09:27:05,012 | INFO  | SCMAudit | user=jenkins1000 | ip=192.168.36.99 | op=SEND_HEARTBEAT {datanodeUUID=871e6485-c22a-483f-9e07-d19e754685be, command=[]} | ret=SUCCESS |  
2019-09-20 09:27:05,012 | INFO  | SCMAudit | user=jenkins1000 | ip=192.168.36.99 | op=SEND_HEARTBEAT {datanodeUUID=492ed782-6ab3-4ad9-945e-06def6ac7c96, command=[]} | ret=SUCCESS |  
2019-09-20 09:27:04,787 [fd3cd5f9-4f1c-43ea-91b1-b85a1f6c3825:group-15F7F40B3111:LeaderElection73] INFO  server.RaftServerConfigKeys (ConfUtils.java:logGet(43)) - raft.server.watch.timeout.denomination = 1s (default)
2019-09-20 09:27:04,786 [492ed782-6ab3-4ad9-945e-06def6ac7c96-SegmentedRaftLogWorker:Storage Directory /workdir/hadoop-ozone/integration-test/target/test-dir/MiniOzoneClusterImpl-a33d77e5-464b-4d19-8e6b-a171e580bf0e/datanode-2/data/ratis/b891c02b-dd85-4823-a366-1aa60631172a] INFO  impl.RaftServerImpl (RaftServerImpl.java:lambda$shutdown$3(245)) - 492ed782-6ab3-4ad9-945e-06def6ac7c96: shutdown group-1AA60631172A
2019-09-20 09:27:05,012 | INFO  | SCMAudit | user=jenkins1000 | ip=192.168.36.99 | op=SEND_HEARTBEAT {datanodeUUID=fd3cd5f9-4f1c-43ea-91b1-b85a1f6c3825, command=[]} | ret=SUCCESS |  
2019-09-20 09:27:04,786 [871e6485-c22a-483f-9e07-d19e754685be:group-6D6E0000ABB6:LeaderElection76] INFO  server.RaftServerConfigKeys (ConfUtils.java:logGet(43)) - raft.server.staging.catchup.gap = 1000 (default)
2019-09-20 09:27:04,786 [fd3cd5f9-4f1c-43ea-91b1-b85a1f6c3825:group-4783210E70C8:LeaderElection77] INFO  server.RaftServerConfigKeys (ConfUtils.java:logGet(43)) - raft.server.rpc.sleep.time = 25ms (default)
2019-09-20 09:27:04,785 [fd3cd5f9-4f1c-43ea-91b1-b85a1f6c3825:group-FE29A59A7301:LeaderElection78] INFO  impl.RaftServerImpl (RaftServerImpl.java:setRole(171)) - fd3cd5f9-4f1c-43ea-91b1-b85a1f6c3825:group-FE29A59A7301 changes role from CANDIDATE to LEADER at term 1 for changeToLeader
2019-09-20 09:27:05,012 [fd3cd5f9-4f1c-43ea-91b1-b85a1f6c3825:group-4783210E70C8:LeaderElection77] INFO  server.RaftServerConfigKeys (ConfUtils.java:logGet(43)) - raft.server.write.element-limit = 4096 (default)
2019-09-20 09:27:05,012 [871e6485-c22a-483f-9e07-d19e754685be:group-6D6E0000ABB6:LeaderElection76] INFO  server.RaftServerConfigKeys (ConfUtils.java:logGet(43)) - raft.server.rpc.sleep.time = 25ms (default)
2019-09-20 09:27:05,012 [492ed782-6ab3-4ad9-945e-06def6ac7c96-SegmentedRaftLogWorker:Storage Directory /workdir/hadoop-ozone/integration-test/target/test-dir/MiniOzoneClusterImpl-a33d77e5-464b-4d19-8e6b-a171e580bf0e/datanode-2/data/ratis/b891c02b-dd85-4823-a366-1aa60631172a] INFO  util.JmxRegister (JmxRegister.java:unregister(73)) - Successfully un-registered JMX Bean with object name Ratis:service=RaftServer,group=group-1AA60631172A,id=492ed782-6ab3-4ad9-945e-06def6ac7c96
2019-09-20 09:27:05,012 [fd3cd5f9-4f1c-43ea-91b1-b85a1f6c3825:group-15F7F40B3111:LeaderElection73] INFO  server.RaftServerConfigKeys (ConfUtils.java:logGet(43)) - raft.server.watch.element-limit = 65536 (default)
2019-09-20 09:27:05,012 [02b93e76-e4c6-4b67-b8a4-c536d9ab7224-SegmentedRaftLogWorker:Storage Directory /workdir/hadoop-ozone/integration-test/target/test-dir/MiniOzoneClusterImpl-a33d77e5-464b-4d19-8e6b-a171e580bf0e/datanode-0/data/ratis/8c4dd182-0368-436d-bcba-6c383884f67d] INFO  util.JmxRegister (JmxRegister.java:unregister(73)) - Successfully un-registered JMX Bean with object name Ratis:service=RaftServer,group=group-6C383884F67D,id=02b93e76-e4c6-4b67-b8a4-c536d9ab7224
2019-09-20 09:27:05,013 [02b93e76-e4c6-4b67-b8a4-c536d9ab7224-SegmentedRaftLogWorker:Storage Directory /workdir/hadoop-ozone/integration-test/target/test-dir/MiniOzoneClusterImpl-a33d77e5-464b-4d19-8e6b-a171e580bf0e/datanode-0/data/ratis/8c4dd182-0368-436d-bcba-6c383884f67d] INFO  impl.RoleInfo (RoleInfo.java:shutdownLeaderState(104)) - 02b93e76-e4c6-4b67-b8a4-c536d9ab7224: shutdown LeaderState
2019-09-20 09:27:05,011 [dc7f40a9-6782-42c4-abab-c6b1682da047:group-5319708DB950:LeaderElection74] INFO  server.RaftServerConfigKeys (ConfUtils.java:logGet(43)) - raft.server.watch.element-limit = 65536 (default)
2019-09-20 09:27:05,011 [fd3cd5f9-4f1c-43ea-91b1-b85a1f6c3825:group-F929C9A57B1F:LeaderElection68] INFO  impl.RaftServerImpl (ServerState.java:setRaftConf(361)) - fd3cd5f9-4f1c-43ea-91b1-b85a1f6c3825:group-F929C9A57B1F set configuration 0: [fd3cd5f9-4f1c-43ea-91b1-b85a1f6c3825:192.168.36.99:39114], old=null at 0
2019-09-20 09:27:05,011 [Thread-553] INFO  impl.FollowerState (FollowerState.java:run(106)) - dc7f40a9-6782-42c4-abab-c6b1682da047:group-F88C76BC901D changes to CANDIDATE, lastRpcTime:5276, electionTimeout:5072ms
2019-09-20 09:27:05,010 [Thread-556] INFO  impl.FollowerState (FollowerState.java:run(106)) - 4840c00f-91d3-4881-a20b-4d0486ca97c0:group-1748BB481D0C changes to CANDIDATE, lastRpcTime:5197, electionTimeout:5169ms
2019-09-20 09:27:05,010 [pool-38-thread-1] INFO  storage.RaftStorageDirectory (RaftStorageDirectory.java:tryLock(328)) - Lock on /workdir/hadoop-ozone/integration-test/target/test-dir/MiniOzoneClusterImpl-a33d77e5-464b-4d19-8e6b-a171e580bf0e/datanode-1/data/ratis/0b8e0f6d-f4b7-4696-9410-b2b5ede21c69/in_use.lock acquired by nodename 7145@pr-hdds-1569-p5fx8-1226042367
2019-09-20 09:27:05,010 [Thread-543] WARN  util.JavaUtils (JavaUtils.java:sleep(250)) - Unexpected long sleep: sleep(5115ms) actually took 5571ms which is over the threshold 300ms
2019-09-20 09:27:05,009 [4840c00f-91d3-4881-a20b-4d0486ca97c0-SegmentedRaftLogWorker:Storage Directory /workdir/hadoop-ozone/integration-test/target/test-dir/MiniOzoneClusterImpl-a33d77e5-464b-4d19-8e6b-a171e580bf0e/datanode-3/data/ratis/ae8c04a4-a65c-4e4b-911b-b0bff8942357] ERROR segmented.SegmentedRaftLogWorker (SegmentedRaftLogWorker.java:run(323)) - 4840c00f-91d3-4881-a20b-4d0486ca97c0-SegmentedRaftLogWorker:Storage Directory /workdir/hadoop-ozone/integration-test/target/test-dir/MiniOzoneClusterImpl-a33d77e5-464b-4d19-8e6b-a171e580bf0e/datanode-3/data/ratis/ae8c04a4-a65c-4e4b-911b-b0bff8942357 hit exception
java.lang.OutOfMemoryError: Direct buffer memory
	at java.nio.Bits.reserveMemory(Bits.java:666)
	at java.nio.DirectByteBuffer.<init>(DirectByteBuffer.java:123)
	at java.nio.ByteBuffer.allocateDirect(ByteBuffer.java:311)
	at org.apache.ratis.server.raftlog.segmented.BufferedWriteChannel.<init>(BufferedWriteChannel.java:41)
	at org.apache.ratis.server.raftlog.segmented.SegmentedRaftLogOutputStream.<init>(SegmentedRaftLogOutputStream.java:72)
	at org.apache.ratis.server.raftlog.segmented.SegmentedRaftLogWorker$StartLogSegment.execute(SegmentedRaftLogWorker.java:566)
	at org.apache.ratis.server.raftlog.segmented.SegmentedRaftLogWorker.run(SegmentedRaftLogWorker.java:289)
	at java.lang.Thread.run(Thread.java:748)
2019-09-20 09:27:04,788 [492ed782-6ab3-4ad9-945e-06def6ac7c96:group-2971F210102F:LeaderElection75] INFO  server.RaftServerConfigKeys (ConfUtils.java:logGet(43)) - raft.server.watch.element-limit = 65536 (default)
2019-09-20 09:27:05,021 [4840c00f-91d3-4881-a20b-4d0486ca97c0-SegmentedRaftLogWorker:Storage Directory /workdir/hadoop-ozone/integration-test/target/test-dir/MiniOzoneClusterImpl-a33d77e5-464b-4d19-8e6b-a171e580bf0e/datanode-3/data/ratis/ae8c04a4-a65c-4e4b-911b-b0bff8942357] INFO  impl.RaftServerImpl (RaftServerImpl.java:lambda$shutdown$3(245)) - 4840c00f-91d3-4881-a20b-4d0486ca97c0: shutdown group-B0BFF8942357
2019-09-20 09:27:05,020 [Thread-556] INFO  impl.RoleInfo (RoleInfo.java:shutdownFollowerState(121)) - 4840c00f-91d3-4881-a20b-4d0486ca97c0: shutdown FollowerState
2019-09-20 09:27:05,021 [4840c00f-91d3-4881-a20b-4d0486ca97c0-SegmentedRaftLogWorker:Storage Directory /workdir/hadoop-ozone/integration-test/target/test-dir/MiniOzoneClusterImpl-a33d77e5-464b-4d19-8e6b-a171e580bf0e/datanode-3/data/ratis/ae8c04a4-a65c-4e4b-911b-b0bff8942357] INFO  util.JmxRegister (JmxRegister.java:unregister(73)) - Successfully un-registered JMX Bean with object name Ratis:service=RaftServer,group=group-B0BFF8942357,id=4840c00f-91d3-4881-a20b-4d0486ca97c0
2019-09-20 09:27:05,020 [492ed782-6ab3-4ad9-945e-06def6ac7c96-SegmentedRaftLogWorker:Storage Directory /workdir/hadoop-ozone/integration-test/target/test-dir/MiniOzoneClusterImpl-a33d77e5-464b-4d19-8e6b-a171e580bf0e/datanode-2/data/ratis/412b0b00-a6e1-46d0-8ee5-6f15db5e2267] INFO  impl.StateMachineUpdater (StateMachineUpdater.java:stopAndJoin(115)) - StateMachineUpdater:492ed782-6ab3-4ad9-945e-06def6ac7c96:group-6F15DB5E2267: set stopIndex = -1
2019-09-20 09:27:05,020 [Thread-553] INFO  impl.RoleInfo (RoleInfo.java:shutdownFollowerState(121)) - dc7f40a9-6782-42c4-abab-c6b1682da047: shutdown FollowerState
2019-09-20 09:27:05,022 [Thread-553] INFO  impl.RaftServerImpl (RaftServerImpl.java:setRole(171)) - dc7f40a9-6782-42c4-abab-c6b1682da047:group-F88C76BC901D changes role from FOLLOWER to CANDIDATE at term 0 for changeToCandidate
2019-09-20 09:27:05,019 [dc7f40a9-6782-42c4-abab-c6b1682da047:group-5319708DB950:LeaderElection74] INFO  impl.RoleInfo (RoleInfo.java:updateAndGet(143)) - dc7f40a9-6782-42c4-abab-c6b1682da047: start LeaderState
2019-09-20 09:27:05,013 [02b93e76-e4c6-4b67-b8a4-c536d9ab7224-SegmentedRaftLogWorker:Storage Directory /workdir/hadoop-ozone/integration-test/target/test-dir/MiniOzoneClusterImpl-a33d77e5-464b-4d19-8e6b-a171e580bf0e/datanode-0/data/ratis/8c4dd182-0368-436d-bcba-6c383884f67d] INFO  impl.PendingRequests (PendingRequests.java:sendNotLeaderResponses(202)) - 02b93e76-e4c6-4b67-b8a4-c536d9ab7224-PendingRequests: sendNotLeaderResponses
2019-09-20 09:27:05,022 [dc7f40a9-6782-42c4-abab-c6b1682da047:group-5319708DB950:LeaderElection74] INFO  segmented.SegmentedRaftLogWorker (SegmentedRaftLogWorker.java:startLogSegment(380)) - dc7f40a9-6782-42c4-abab-c6b1682da047-SegmentedRaftLogWorker:Storage Directory /workdir/hadoop-ozone/integration-test/target/test-dir/MiniOzoneClusterImpl-a33d77e5-464b-4d19-8e6b-a171e580bf0e/datanode-5/data/ratis/1eb9b679-29dd-4c19-bb4f-5319708db950: Starting segment from index:0
2019-09-20 09:27:05,013 [fd3cd5f9-4f1c-43ea-91b1-b85a1f6c3825:group-15F7F40B3111:LeaderElection73] INFO  impl.RoleInfo (RoleInfo.java:updateAndGet(143)) - fd3cd5f9-4f1c-43ea-91b1-b85a1f6c3825: start LeaderState
2019-09-20 09:27:05,013 [492ed782-6ab3-4ad9-945e-06def6ac7c96-SegmentedRaftLogWorker:Storage Directory /workdir/hadoop-ozone/integration-test/target/test-dir/MiniOzoneClusterImpl-a33d77e5-464b-4d19-8e6b-a171e580bf0e/datanode-2/data/ratis/b891c02b-dd85-4823-a366-1aa60631172a] INFO  impl.RoleInfo (RoleInfo.java:shutdownLeaderState(104)) - 492ed782-6ab3-4ad9-945e-06def6ac7c96: shutdown LeaderState
2019-09-20 09:27:05,013 [871e6485-c22a-483f-9e07-d19e754685be:group-6D6E0000ABB6:LeaderElection76] INFO  server.RaftServerConfigKeys (ConfUtils.java:logGet(43)) - raft.server.write.element-limit = 4096 (default)
2019-09-20 09:27:05,013 [fd3cd5f9-4f1c-43ea-91b1-b85a1f6c3825:group-4783210E70C8:LeaderElection77] INFO  server.RaftServerConfigKeys (ConfUtils.java:logGet(43)) - raft.server.watch.timeout = 10s (default)
2019-09-20 09:27:05,012 [fd3cd5f9-4f1c-43ea-91b1-b85a1f6c3825:group-FE29A59A7301:LeaderElection78] INFO  impl.RaftServerImpl (ServerState.java:setLeader(263)) - fd3cd5f9-4f1c-43ea-91b1-b85a1f6c3825:group-FE29A59A7301 change Leader from null to fd3cd5f9-4f1c-43ea-91b1-b85a1f6c3825 at term 1 for becomeLeader, leader elected after 6270ms
2019-09-20 09:27:05,232 [dc7f40a9-6782-42c4-abab-c6b1682da047:group-5319708DB950:LeaderElection74] INFO  impl.RaftServerImpl (ServerState.java:setRaftConf(361)) - dc7f40a9-6782-42c4-abab-c6b1682da047:group-5319708DB950 set configuration 0: [dc7f40a9-6782-42c4-abab-c6b1682da047:192.168.36.99:40142], old=null at 0
2019-09-20 09:27:05,232 [fd3cd5f9-4f1c-43ea-91b1-b85a1f6c3825:group-4783210E70C8:LeaderElection77] INFO  server.RaftServerConfigKeys (ConfUtils.java:logGet(43)) - raft.server.watch.timeout.denomination = 1s (default)
2019-09-20 09:27:05,232 [871e6485-c22a-483f-9e07-d19e754685be:group-6D6E0000ABB6:LeaderElection76] INFO  server.RaftServerConfigKeys (ConfUtils.java:logGet(43)) - raft.server.watch.timeout = 10s (default)
2019-09-20 09:27:05,233 [871e6485-c22a-483f-9e07-d19e754685be:group-6D6E0000ABB6:LeaderElection76] INFO  server.RaftServerConfigKeys (ConfUtils.java:logGet(43)) - raft.server.watch.timeout.denomination = 1s (default)
2019-09-20 09:27:05,232 [4840c00f-91d3-4881-a20b-4d0486ca97c0-SegmentedRaftLogWorker:Storage Directory /workdir/hadoop-ozone/integration-test/target/test-dir/MiniOzoneClusterImpl-a33d77e5-464b-4d19-8e6b-a171e580bf0e/datanode-3/data/ratis/d0b5c93f-1931-449a-9b36-73c7092b06b0] ERROR segmented.SegmentedRaftLogWorker (SegmentedRaftLogWorker.java:run(323)) - 4840c00f-91d3-4881-a20b-4d0486ca97c0-SegmentedRaftLogWorker:Storage Directory /workdir/hadoop-ozone/integration-test/target/test-dir/MiniOzoneClusterImpl-a33d77e5-464b-4d19-8e6b-a171e580bf0e/datanode-3/data/ratis/d0b5c93f-1931-449a-9b36-73c7092b06b0 hit exception
java.lang.OutOfMemoryError: Direct buffer memory
	at java.nio.Bits.reserveMemory(Bits.java:666)
	at java.nio.DirectByteBuffer.<init>(DirectByteBuffer.java:123)
	at java.nio.ByteBuffer.allocateDirect(ByteBuffer.java:311)
	at org.apache.ratis.server.raftlog.segmented.BufferedWriteChannel.<init>(BufferedWriteChannel.java:41)
	at org.apache.ratis.server.raftlog.segmented.SegmentedRaftLogOutputStream.<init>(SegmentedRaftLogOutputStream.java:72)
	at org.apache.ratis.server.raftlog.segmented.SegmentedRaftLogWorker$StartLogSegment.execute(SegmentedRaftLogWorker.java:566)
	at org.apache.ratis.server.raftlog.segmented.SegmentedRaftLogWorker.run(SegmentedRaftLogWorker.java:289)
	at java.lang.Thread.run(Thread.java:748)
2019-09-20 09:27:05,038 [492ed782-6ab3-4ad9-945e-06def6ac7c96-SegmentedRaftLogWorker:Storage Directory /workdir/hadoop-ozone/integration-test/target/test-dir/MiniOzoneClusterImpl-a33d77e5-464b-4d19-8e6b-a171e580bf0e/datanode-2/data/ratis/b891c02b-dd85-4823-a366-1aa60631172a] INFO  impl.PendingRequests (PendingRequests.java:sendNotLeaderResponses(202)) - 492ed782-6ab3-4ad9-945e-06def6ac7c96-PendingRequests: sendNotLeaderResponses
2019-09-20 09:27:05,231 [Thread-567] INFO  impl.FollowerState (FollowerState.java:run(106)) - 492ed782-6ab3-4ad9-945e-06def6ac7c96:group-0B991F8144C1 changes to CANDIDATE, lastRpcTime:5221, electionTimeout:5164ms
2019-09-20 09:27:05,231 [Thread-575] INFO  impl.FollowerState (FollowerState.java:run(106)) - fd3cd5f9-4f1c-43ea-91b1-b85a1f6c3825:group-B51869680CF2 changes to CANDIDATE, lastRpcTime:5029, electionTimeout:5009ms
2019-09-20 09:27:05,236 [Thread-575] INFO  impl.RoleInfo (RoleInfo.java:shutdownFollowerState(121)) - fd3cd5f9-4f1c-43ea-91b1-b85a1f6c3825: shutdown FollowerState
2019-09-20 09:27:05,038 [fd3cd5f9-4f1c-43ea-91b1-b85a1f6c3825:group-15F7F40B3111:LeaderElection73] INFO  segmented.SegmentedRaftLogWorker (SegmentedRaftLogWorker.java:startLogSegment(380)) - fd3cd5f9-4f1c-43ea-91b1-b85a1f6c3825-SegmentedRaftLogWorker:Storage Directory /workdir/hadoop-ozone/integration-test/target/test-dir/MiniOzoneClusterImpl-a33d77e5-464b-4d19-8e6b-a171e580bf0e/datanode-1/data/ratis/5527d7bd-7b27-49c1-81a3-15f7f40b3111: Starting segment from index:0
2019-09-20 09:27:05,038 [02b93e76-e4c6-4b67-b8a4-c536d9ab7224:group-E470973DD81D:LeaderElection82] INFO  impl.LeaderElection (LeaderElection.java:askForVotes(181)) - 02b93e76-e4c6-4b67-b8a4-c536d9ab7224:group-E470973DD81D:LeaderElection82: begin an election at term 1 for -1: [02b93e76-e4c6-4b67-b8a4-c536d9ab7224:192.168.36.99:39343], old=null
2019-09-20 09:27:05,038 [fd3cd5f9-4f1c-43ea-91b1-b85a1f6c3825:group-12B3FAED76D7:LeaderElection79] INFO  impl.LeaderElection (LeaderElection.java:askForVotes(181)) - fd3cd5f9-4f1c-43ea-91b1-b85a1f6c3825:group-12B3FAED76D7:LeaderElection79: begin an election at term 1 for -1: [fd3cd5f9-4f1c-43ea-91b1-b85a1f6c3825:192.168.36.99:39114], old=null
2019-09-20 09:27:05,038 [02b93e76-e4c6-4b67-b8a4-c536d9ab7224:group-E4B357F9360E:LeaderElection81] INFO  impl.LeaderElection (LeaderElection.java:askForVotes(181)) - 02b93e76-e4c6-4b67-b8a4-c536d9ab7224:group-E4B357F9360E:LeaderElection81: begin an election at term 1 for -1: [02b93e76-e4c6-4b67-b8a4-c536d9ab7224:192.168.36.99:39343], old=null
2019-09-20 09:27:05,236 [fd3cd5f9-4f1c-43ea-91b1-b85a1f6c3825:group-15F7F40B3111:LeaderElection73] INFO  impl.RaftServerImpl (ServerState.java:setRaftConf(361)) - fd3cd5f9-4f1c-43ea-91b1-b85a1f6c3825:group-15F7F40B3111 set configuration 0: [fd3cd5f9-4f1c-43ea-91b1-b85a1f6c3825:192.168.36.99:39114], old=null at 0
2019-09-20 09:27:05,038 [492ed782-6ab3-4ad9-945e-06def6ac7c96:group-371618AF92D0:LeaderElection80] INFO  impl.LeaderElection (LeaderElection.java:askForVotes(181)) - 492ed782-6ab3-4ad9-945e-06def6ac7c96:group-371618AF92D0:LeaderElection80: begin an election at term 1 for -1: [492ed782-6ab3-4ad9-945e-06def6ac7c96:192.168.36.99:32835], old=null
2019-09-20 09:27:05,022 [02b93e76-e4c6-4b67-b8a4-c536d9ab7224-SegmentedRaftLogWorker:Storage Directory /workdir/hadoop-ozone/integration-test/target/test-dir/MiniOzoneClusterImpl-a33d77e5-464b-4d19-8e6b-a171e580bf0e/datanode-0/data/ratis/8c4dd182-0368-436d-bcba-6c383884f67d] INFO  impl.StateMachineUpdater (StateMachineUpdater.java:stopAndJoin(115)) - StateMachineUpdater:02b93e76-e4c6-4b67-b8a4-c536d9ab7224:group-6C383884F67D: set stopIndex = -1
2019-09-20 09:27:05,454 [02b93e76-e4c6-4b67-b8a4-c536d9ab7224-SegmentedRaftLogWorker:Storage Directory /workdir/hadoop-ozone/integration-test/target/test-dir/MiniOzoneClusterImpl-a33d77e5-464b-4d19-8e6b-a171e580bf0e/datanode-0/data/ratis/8c4dd182-0368-436d-bcba-6c383884f67d] INFO  impl.RaftServerImpl (ServerState.java:close(394)) - 02b93e76-e4c6-4b67-b8a4-c536d9ab7224:group-6C383884F67D closes. The last applied log index is -1
2019-09-20 09:27:05,022 [Thread-553] INFO  impl.RoleInfo (RoleInfo.java:updateAndGet(143)) - dc7f40a9-6782-42c4-abab-c6b1682da047: start LeaderElection
2019-09-20 09:27:05,022 [492ed782-6ab3-4ad9-945e-06def6ac7c96-SegmentedRaftLogWorker:Storage Directory /workdir/hadoop-ozone/integration-test/target/test-dir/MiniOzoneClusterImpl-a33d77e5-464b-4d19-8e6b-a171e580bf0e/datanode-2/data/ratis/412b0b00-a6e1-46d0-8ee5-6f15db5e2267] INFO  impl.RaftServerImpl (ServerState.java:close(394)) - 492ed782-6ab3-4ad9-945e-06def6ac7c96:group-6F15DB5E2267 closes. The last applied log index is -1
2019-09-20 09:27:05,021 [4840c00f-91d3-4881-a20b-4d0486ca97c0-SegmentedRaftLogWorker:Storage Directory /workdir/hadoop-ozone/integration-test/target/test-dir/MiniOzoneClusterImpl-a33d77e5-464b-4d19-8e6b-a171e580bf0e/datanode-3/data/ratis/ae8c04a4-a65c-4e4b-911b-b0bff8942357] INFO  impl.RoleInfo (RoleInfo.java:shutdownLeaderState(104)) - 4840c00f-91d3-4881-a20b-4d0486ca97c0: shutdown LeaderState
2019-09-20 09:27:05,021 [Thread-556] INFO  impl.RaftServerImpl (RaftServerImpl.java:setRole(171)) - 4840c00f-91d3-4881-a20b-4d0486ca97c0:group-1748BB481D0C changes role from FOLLOWER to CANDIDATE at term 0 for changeToCandidate
2019-09-20 09:27:05,021 [492ed782-6ab3-4ad9-945e-06def6ac7c96:group-2971F210102F:LeaderElection75] INFO  impl.RoleInfo (RoleInfo.java:updateAndGet(143)) - 492ed782-6ab3-4ad9-945e-06def6ac7c96: start LeaderState
2019-09-20 09:27:05,458 [Thread-556] INFO  impl.RoleInfo (RoleInfo.java:updateAndGet(143)) - 4840c00f-91d3-4881-a20b-4d0486ca97c0: start LeaderElection
2019-09-20 09:27:05,458 [4840c00f-91d3-4881-a20b-4d0486ca97c0-SegmentedRaftLogWorker:Storage Directory /workdir/hadoop-ozone/integration-test/target/test-dir/MiniOzoneClusterImpl-a33d77e5-464b-4d19-8e6b-a171e580bf0e/datanode-3/data/ratis/ae8c04a4-a65c-4e4b-911b-b0bff8942357] INFO  impl.PendingRequests (PendingRequests.java:sendNotLeaderResponses(202)) - 4840c00f-91d3-4881-a20b-4d0486ca97c0-PendingRequests: sendNotLeaderResponses
2019-09-20 09:27:05,457 [Thread-588] INFO  impl.FollowerState (FollowerState.java:run(106)) - 4840c00f-91d3-4881-a20b-4d0486ca97c0:group-8C447C5D0F75 changes to CANDIDATE, lastRpcTime:5004, electionTimeout:5004ms
2019-09-20 09:27:05,461 [Thread-588] INFO  impl.RoleInfo (RoleInfo.java:shutdownFollowerState(121)) - 4840c00f-91d3-4881-a20b-4d0486ca97c0: shutdown FollowerState
2019-09-20 09:27:05,454 [492ed782-6ab3-4ad9-945e-06def6ac7c96:group-371618AF92D0:LeaderElection80] INFO  impl.RoleInfo (RoleInfo.java:shutdownLeaderElection(134)) - 492ed782-6ab3-4ad9-945e-06def6ac7c96: shutdown LeaderElection
2019-09-20 09:27:05,454 [02b93e76-e4c6-4b67-b8a4-c536d9ab7224:group-E4B357F9360E:LeaderElection81] INFO  impl.RoleInfo (RoleInfo.java:shutdownLeaderElection(134)) - 02b93e76-e4c6-4b67-b8a4-c536d9ab7224: shutdown LeaderElection
2019-09-20 09:27:05,454 [pool-38-thread-1] INFO  storage.RaftStorage (RaftStorage.java:format(72)) - Storage directory /workdir/hadoop-ozone/integration-test/target/test-dir/MiniOzoneClusterImpl-a33d77e5-464b-4d19-8e6b-a171e580bf0e/datanode-1/data/ratis/0b8e0f6d-f4b7-4696-9410-b2b5ede21c69 has been successfully formatted.
2019-09-20 09:27:05,236 [fd3cd5f9-4f1c-43ea-91b1-b85a1f6c3825:group-12B3FAED76D7:LeaderElection79] INFO  impl.RoleInfo (RoleInfo.java:shutdownLeaderElection(134)) - fd3cd5f9-4f1c-43ea-91b1-b85a1f6c3825: shutdown LeaderElection
2019-09-20 09:27:05,462 [pool-38-thread-1] INFO  ratis.ContainerStateMachine (ContainerStateMachine.java:loadSnapshot(226)) - group-B2B5EDE21C69: The snapshot info is null. Setting the last applied indexto:(t:0, i:~)
2019-09-20 09:27:05,236 [02b93e76-e4c6-4b67-b8a4-c536d9ab7224:group-E470973DD81D:LeaderElection82] INFO  impl.RoleInfo (RoleInfo.java:shutdownLeaderElection(134)) - 02b93e76-e4c6-4b67-b8a4-c536d9ab7224: shutdown LeaderElection
2019-09-20 09:27:05,236 [Thread-575] INFO  impl.RaftServerImpl (RaftServerImpl.java:setRole(171)) - fd3cd5f9-4f1c-43ea-91b1-b85a1f6c3825:group-B51869680CF2 changes role from FOLLOWER to CANDIDATE at term 0 for changeToCandidate
2019-09-20 09:27:05,234 [492ed782-6ab3-4ad9-945e-06def6ac7c96-SegmentedRaftLogWorker:Storage Directory /workdir/hadoop-ozone/integration-test/target/test-dir/MiniOzoneClusterImpl-a33d77e5-464b-4d19-8e6b-a171e580bf0e/datanode-2/data/ratis/b891c02b-dd85-4823-a366-1aa60631172a] INFO  impl.StateMachineUpdater (StateMachineUpdater.java:stopAndJoin(115)) - StateMachineUpdater:492ed782-6ab3-4ad9-945e-06def6ac7c96:group-1AA60631172A: set stopIndex = -1
2019-09-20 09:27:05,234 [Thread-567] INFO  impl.RoleInfo (RoleInfo.java:shutdownFollowerState(121)) - 492ed782-6ab3-4ad9-945e-06def6ac7c96: shutdown FollowerState
2019-09-20 09:27:05,463 [Thread-567] INFO  impl.RaftServerImpl (RaftServerImpl.java:setRole(171)) - 492ed782-6ab3-4ad9-945e-06def6ac7c96:group-0B991F8144C1 changes role from FOLLOWER to CANDIDATE at term 0 for changeToCandidate
2019-09-20 09:27:05,234 [4840c00f-91d3-4881-a20b-4d0486ca97c0-SegmentedRaftLogWorker:Storage Directory /workdir/hadoop-ozone/integration-test/target/test-dir/MiniOzoneClusterImpl-a33d77e5-464b-4d19-8e6b-a171e580bf0e/datanode-3/data/ratis/d0b5c93f-1931-449a-9b36-73c7092b06b0] INFO  impl.RaftServerImpl (RaftServerImpl.java:lambda$shutdown$3(245)) - 4840c00f-91d3-4881-a20b-4d0486ca97c0: shutdown group-73C7092B06B0
2019-09-20 09:27:05,233 [871e6485-c22a-483f-9e07-d19e754685be:group-6D6E0000ABB6:LeaderElection76] INFO  server.RaftServerConfigKeys (ConfUtils.java:logGet(43)) - raft.server.watch.element-limit = 65536 (default)
2019-09-20 09:27:05,233 [fd3cd5f9-4f1c-43ea-91b1-b85a1f6c3825:group-4783210E70C8:LeaderElection77] INFO  server.RaftServerConfigKeys (ConfUtils.java:logGet(43)) - raft.server.watch.element-limit = 65536 (default)
2019-09-20 09:27:05,233 [fd3cd5f9-4f1c-43ea-91b1-b85a1f6c3825:group-FE29A59A7301:LeaderElection78] INFO  server.RaftServerConfigKeys (ConfUtils.java:logGet(43)) - raft.server.staging.catchup.gap = 1000 (default)
2019-09-20 09:27:05,463 [fd3cd5f9-4f1c-43ea-91b1-b85a1f6c3825:group-4783210E70C8:LeaderElection77] INFO  impl.RoleInfo (RoleInfo.java:updateAndGet(143)) - fd3cd5f9-4f1c-43ea-91b1-b85a1f6c3825: start LeaderState
2019-09-20 09:27:05,463 [871e6485-c22a-483f-9e07-d19e754685be:group-6D6E0000ABB6:LeaderElection76] INFO  impl.RoleInfo (RoleInfo.java:updateAndGet(143)) - 871e6485-c22a-483f-9e07-d19e754685be: start LeaderState
2019-09-20 09:27:05,464 [fd3cd5f9-4f1c-43ea-91b1-b85a1f6c3825:group-4783210E70C8:LeaderElection77] INFO  segmented.SegmentedRaftLogWorker (SegmentedRaftLogWorker.java:startLogSegment(380)) - fd3cd5f9-4f1c-43ea-91b1-b85a1f6c3825-SegmentedRaftLogWorker:Storage Directory /workdir/hadoop-ozone/integration-test/target/test-dir/MiniOzoneClusterImpl-a33d77e5-464b-4d19-8e6b-a171e580bf0e/datanode-1/data/ratis/00b4180d-3d56-4121-a0e5-4783210e70c8: Starting segment from index:0
2019-09-20 09:27:05,463 [4840c00f-91d3-4881-a20b-4d0486ca97c0-SegmentedRaftLogWorker:Storage Directory /workdir/hadoop-ozone/integration-test/target/test-dir/MiniOzoneClusterImpl-a33d77e5-464b-4d19-8e6b-a171e580bf0e/datanode-3/data/ratis/d0b5c93f-1931-449a-9b36-73c7092b06b0] INFO  util.JmxRegister (JmxRegister.java:unregister(73)) - Successfully un-registered JMX Bean with object name Ratis:service=RaftServer,group=group-73C7092B06B0,id=4840c00f-91d3-4881-a20b-4d0486ca97c0
2019-09-20 09:27:05,463 [Thread-567] INFO  impl.RoleInfo (RoleInfo.java:updateAndGet(143)) - 492ed782-6ab3-4ad9-945e-06def6ac7c96: start LeaderElection
2019-09-20 09:27:05,462 [492ed782-6ab3-4ad9-945e-06def6ac7c96-SegmentedRaftLogWorker:Storage Directory /workdir/hadoop-ozone/integration-test/target/test-dir/MiniOzoneClusterImpl-a33d77e5-464b-4d19-8e6b-a171e580bf0e/datanode-2/data/ratis/b891c02b-dd85-4823-a366-1aa60631172a] INFO  impl.RaftServerImpl (ServerState.java:close(394)) - 492ed782-6ab3-4ad9-945e-06def6ac7c96:group-1AA60631172A closes. The last applied log index is -1
2019-09-20 09:27:05,462 [02b93e76-e4c6-4b67-b8a4-c536d9ab7224-SegmentedRaftLogWorker:Storage Directory /workdir/hadoop-ozone/integration-test/target/test-dir/MiniOzoneClusterImpl-a33d77e5-464b-4d19-8e6b-a171e580bf0e/datanode-0/data/ratis/8c4dd182-0368-436d-bcba-6c383884f67d] INFO  segmented.SegmentedRaftLogWorker (SegmentedRaftLogWorker.java:close(228)) - 02b93e76-e4c6-4b67-b8a4-c536d9ab7224-SegmentedRaftLogWorker:Storage Directory /workdir/hadoop-ozone/integration-test/target/test-dir/MiniOzoneClusterImpl-a33d77e5-464b-4d19-8e6b-a171e580bf0e/datanode-0/data/ratis/8c4dd182-0368-436d-bcba-6c383884f67d close()
2019-09-20 09:27:05,462 [492ed782-6ab3-4ad9-945e-06def6ac7c96-SegmentedRaftLogWorker:Storage Directory /workdir/hadoop-ozone/integration-test/target/test-dir/MiniOzoneClusterImpl-a33d77e5-464b-4d19-8e6b-a171e580bf0e/datanode-2/data/ratis/412b0b00-a6e1-46d0-8ee5-6f15db5e2267] INFO  segmented.SegmentedRaftLogWorker (SegmentedRaftLogWorker.java:close(228)) - 492ed782-6ab3-4ad9-945e-06def6ac7c96-SegmentedRaftLogWorker:Storage Directory /workdir/hadoop-ozone/integration-test/target/test-dir/MiniOzoneClusterImpl-a33d77e5-464b-4d19-8e6b-a171e580bf0e/datanode-2/data/ratis/412b0b00-a6e1-46d0-8ee5-6f15db5e2267 close()
2019-09-20 09:27:05,462 [Thread-575] INFO  impl.RoleInfo (RoleInfo.java:updateAndGet(143)) - fd3cd5f9-4f1c-43ea-91b1-b85a1f6c3825: start LeaderElection
2019-09-20 09:27:05,462 [02b93e76-e4c6-4b67-b8a4-c536d9ab7224:group-E470973DD81D:LeaderElection82] INFO  impl.RaftServerImpl (RaftServerImpl.java:setRole(171)) - 02b93e76-e4c6-4b67-b8a4-c536d9ab7224:group-E470973DD81D changes role from CANDIDATE to LEADER at term 1 for changeToLeader
2019-09-20 09:27:05,741 [02b93e76-e4c6-4b67-b8a4-c536d9ab7224:group-E470973DD81D:LeaderElection82] INFO  impl.RaftServerImpl (ServerState.java:setLeader(263)) - 02b93e76-e4c6-4b67-b8a4-c536d9ab7224:group-E470973DD81D change Leader from null to 02b93e76-e4c6-4b67-b8a4-c536d9ab7224 at term 1 for becomeLeader, leader elected after 6463ms
2019-09-20 09:27:05,462 [pool-38-thread-1] INFO  server.RaftServerConfigKeys (ConfUtils.java:logGet(43)) - raft.server.leader.election.timeout = 10s (custom)
2019-09-20 09:27:05,462 [fd3cd5f9-4f1c-43ea-91b1-b85a1f6c3825:group-12B3FAED76D7:LeaderElection79] INFO  impl.RaftServerImpl (RaftServerImpl.java:setRole(171)) - fd3cd5f9-4f1c-43ea-91b1-b85a1f6c3825:group-12B3FAED76D7 changes role from CANDIDATE to LEADER at term 1 for changeToLeader
2019-09-20 09:27:05,461 [02b93e76-e4c6-4b67-b8a4-c536d9ab7224:group-E4B357F9360E:LeaderElection81] INFO  impl.RaftServerImpl (RaftServerImpl.java:setRole(171)) - 02b93e76-e4c6-4b67-b8a4-c536d9ab7224:group-E4B357F9360E changes role from CANDIDATE to LEADER at term 1 for changeToLeader
2019-09-20 09:27:05,461 [492ed782-6ab3-4ad9-945e-06def6ac7c96:group-371618AF92D0:LeaderElection80] INFO  impl.RaftServerImpl (RaftServerImpl.java:setRole(171)) - 492ed782-6ab3-4ad9-945e-06def6ac7c96:group-371618AF92D0 changes role from CANDIDATE to LEADER at term 1 for changeToLeader
2019-09-20 09:27:05,744 [492ed782-6ab3-4ad9-945e-06def6ac7c96:group-371618AF92D0:LeaderElection80] INFO  impl.RaftServerImpl (ServerState.java:setLeader(263)) - 492ed782-6ab3-4ad9-945e-06def6ac7c96:group-371618AF92D0 change Leader from null to 492ed782-6ab3-4ad9-945e-06def6ac7c96 at term 1 for becomeLeader, leader elected after 6549ms
2019-09-20 09:27:05,461 [Thread-588] INFO  impl.RaftServerImpl (RaftServerImpl.java:setRole(171)) - 4840c00f-91d3-4881-a20b-4d0486ca97c0:group-8C447C5D0F75 changes role from FOLLOWER to CANDIDATE at term 0 for changeToCandidate
2019-09-20 09:27:05,461 [4840c00f-91d3-4881-a20b-4d0486ca97c0-SegmentedRaftLogWorker:Storage Directory /workdir/hadoop-ozone/integration-test/target/test-dir/MiniOzoneClusterImpl-a33d77e5-464b-4d19-8e6b-a171e580bf0e/datanode-3/data/ratis/ae8c04a4-a65c-4e4b-911b-b0bff8942357] INFO  impl.StateMachineUpdater (StateMachineUpdater.java:stopAndJoin(115)) - StateMachineUpdater:4840c00f-91d3-4881-a20b-4d0486ca97c0:group-B0BFF8942357: set stopIndex = -1
2019-09-20 09:27:05,458 [492ed782-6ab3-4ad9-945e-06def6ac7c96:group-2971F210102F:LeaderElection75] INFO  segmented.SegmentedRaftLogWorker (SegmentedRaftLogWorker.java:startLogSegment(380)) - 492ed782-6ab3-4ad9-945e-06def6ac7c96-SegmentedRaftLogWorker:Storage Directory /workdir/hadoop-ozone/integration-test/target/test-dir/MiniOzoneClusterImpl-a33d77e5-464b-4d19-8e6b-a171e580bf0e/datanode-2/data/ratis/520f1fea-219f-47fd-8669-2971f210102f: Starting segment from index:0
2019-09-20 09:27:05,744 [4840c00f-91d3-4881-a20b-4d0486ca97c0-SegmentedRaftLogWorker:Storage Directory /workdir/hadoop-ozone/integration-test/target/test-dir/MiniOzoneClusterImpl-a33d77e5-464b-4d19-8e6b-a171e580bf0e/datanode-3/data/ratis/ae8c04a4-a65c-4e4b-911b-b0bff8942357] INFO  impl.RaftServerImpl (ServerState.java:close(394)) - 4840c00f-91d3-4881-a20b-4d0486ca97c0:group-B0BFF8942357 closes. The last applied log index is -1
2019-09-20 09:27:05,744 [Thread-588] INFO  impl.RoleInfo (RoleInfo.java:updateAndGet(143)) - 4840c00f-91d3-4881-a20b-4d0486ca97c0: start LeaderElection
2019-09-20 09:27:05,744 [492ed782-6ab3-4ad9-945e-06def6ac7c96:group-371618AF92D0:LeaderElection80] INFO  server.RaftServerConfigKeys (ConfUtils.java:logGet(43)) - raft.server.staging.catchup.gap = 1000 (default)
2019-09-20 09:27:05,744 [02b93e76-e4c6-4b67-b8a4-c536d9ab7224:group-E4B357F9360E:LeaderElection81] INFO  impl.RaftServerImpl (ServerState.java:setLeader(263)) - 02b93e76-e4c6-4b67-b8a4-c536d9ab7224:group-E4B357F9360E change Leader from null to 02b93e76-e4c6-4b67-b8a4-c536d9ab7224 at term 1 for becomeLeader, leader elected after 6667ms
2019-09-20 09:27:05,744 [pool-38-thread-1] INFO  server.RaftServerConfigKeys (ConfUtils.java:logGet(43)) - raft.server.log.use.memory = false (default)
2019-09-20 09:27:05,744 [02b93e76-e4c6-4b67-b8a4-c536d9ab7224:group-E470973DD81D:LeaderElection82] INFO  server.RaftServerConfigKeys (ConfUtils.java:logGet(43)) - raft.server.staging.catchup.gap = 1000 (default)
2019-09-20 09:27:05,743 [fd3cd5f9-4f1c-43ea-91b1-b85a1f6c3825:group-12B3FAED76D7:LeaderElection79] INFO  impl.RaftServerImpl (ServerState.java:setLeader(263)) - fd3cd5f9-4f1c-43ea-91b1-b85a1f6c3825:group-12B3FAED76D7 change Leader from null to fd3cd5f9-4f1c-43ea-91b1-b85a1f6c3825 at term 1 for becomeLeader, leader elected after 6857ms
2019-09-20 09:27:05,971 | INFO  | SCMAudit | user=jenkins1000 | ip=192.168.36.99 | op=SEND_HEARTBEAT {datanodeUUID=492ed782-6ab3-4ad9-945e-06def6ac7c96, command=[]} | ret=SUCCESS |  
2019-09-20 09:27:05,971 | INFO  | SCMAudit | user=jenkins1000 | ip=192.168.36.99 | op=SEND_HEARTBEAT {datanodeUUID=4840c00f-91d3-4881-a20b-4d0486ca97c0, command=[]} | ret=SUCCESS |  
2019-09-20 09:27:05,971 | INFO  | SCMAudit | user=jenkins1000 | ip=192.168.36.99 | op=SEND_HEARTBEAT {datanodeUUID=02b93e76-e4c6-4b67-b8a4-c536d9ab7224, command=[]} | ret=SUCCESS |  
2019-09-20 09:27:05,731 [dc7f40a9-6782-42c4-abab-c6b1682da047:group-F88C76BC901D:LeaderElection83] INFO  impl.LeaderElection (LeaderElection.java:askForVotes(181)) - dc7f40a9-6782-42c4-abab-c6b1682da047:group-F88C76BC901D:LeaderElection83: begin an election at term 1 for -1: [dc7f40a9-6782-42c4-abab-c6b1682da047:192.168.36.99:40142], old=null
2019-09-20 09:27:05,971 | INFO  | SCMAudit | user=jenkins1000 | ip=192.168.36.99 | op=SEND_HEARTBEAT {datanodeUUID=871e6485-c22a-483f-9e07-d19e754685be, command=[]} | ret=SUCCESS |  
2019-09-20 09:27:05,731 [4840c00f-91d3-4881-a20b-4d0486ca97c0:group-1748BB481D0C:LeaderElection84] INFO  impl.LeaderElection (LeaderElection.java:askForVotes(181)) - 4840c00f-91d3-4881-a20b-4d0486ca97c0:group-1748BB481D0C:LeaderElection84: begin an election at term 1 for -1: [4840c00f-91d3-4881-a20b-4d0486ca97c0:192.168.36.99:41473], old=null
2019-09-20 09:27:05,731 [492ed782-6ab3-4ad9-945e-06def6ac7c96-SegmentedRaftLogWorker:Storage Directory /workdir/hadoop-ozone/integration-test/target/test-dir/MiniOzoneClusterImpl-a33d77e5-464b-4d19-8e6b-a171e580bf0e/datanode-2/data/ratis/b891c02b-dd85-4823-a366-1aa60631172a] INFO  segmented.SegmentedRaftLogWorker (SegmentedRaftLogWorker.java:close(228)) - 492ed782-6ab3-4ad9-945e-06def6ac7c96-SegmentedRaftLogWorker:Storage Directory /workdir/hadoop-ozone/integration-test/target/test-dir/MiniOzoneClusterImpl-a33d77e5-464b-4d19-8e6b-a171e580bf0e/datanode-2/data/ratis/b891c02b-dd85-4823-a366-1aa60631172a close()
2019-09-20 09:27:05,728 [Thread-582] INFO  impl.FollowerState (FollowerState.java:run(106)) - 02b93e76-e4c6-4b67-b8a4-c536d9ab7224:group-B9203607AE95 changes to CANDIDATE, lastRpcTime:5368, electionTimeout:5137ms
2019-09-20 09:27:05,728 [Thread-591] INFO  impl.FollowerState (FollowerState.java:run(106)) - 492ed782-6ab3-4ad9-945e-06def6ac7c96:group-D9DFD2FAA041 changes to CANDIDATE, lastRpcTime:5190, electionTimeout:5064ms
2019-09-20 09:27:05,728 [Thread-603] INFO  impl.FollowerState (FollowerState.java:run(106)) - 4840c00f-91d3-4881-a20b-4d0486ca97c0:group-0216F39D9076 changes to CANDIDATE, lastRpcTime:5053, electionTimeout:5023ms
2019-09-20 09:27:05,976 [Thread-603] INFO  impl.RoleInfo (RoleInfo.java:shutdownFollowerState(121)) - 4840c00f-91d3-4881-a20b-4d0486ca97c0: shutdown FollowerState
2019-09-20 09:27:05,727 [Thread-596] INFO  impl.FollowerState (FollowerState.java:run(106)) - 4840c00f-91d3-4881-a20b-4d0486ca97c0:group-0F9565C0C9C7 changes to CANDIDATE, lastRpcTime:5130, electionTimeout:5103ms
2019-09-20 09:27:05,976 [Thread-596] INFO  impl.RoleInfo (RoleInfo.java:shutdownFollowerState(121)) - 4840c00f-91d3-4881-a20b-4d0486ca97c0: shutdown FollowerState
2019-09-20 09:27:05,727 [fd3cd5f9-4f1c-43ea-91b1-b85a1f6c3825-SegmentedRaftLogWorker:Storage Directory /workdir/hadoop-ozone/integration-test/target/test-dir/MiniOzoneClusterImpl-a33d77e5-464b-4d19-8e6b-a171e580bf0e/datanode-1/data/ratis/9aa64141-ed41-4aff-ad5c-bd469e00899e] ERROR segmented.SegmentedRaftLogWorker (SegmentedRaftLogWorker.java:run(323)) - fd3cd5f9-4f1c-43ea-91b1-b85a1f6c3825-SegmentedRaftLogWorker:Storage Directory /workdir/hadoop-ozone/integration-test/target/test-dir/MiniOzoneClusterImpl-a33d77e5-464b-4d19-8e6b-a171e580bf0e/datanode-1/data/ratis/9aa64141-ed41-4aff-ad5c-bd469e00899e hit exception
java.lang.OutOfMemoryError: Direct buffer memory
	at java.nio.Bits.reserveMemory(Bits.java:666)
	at java.nio.DirectByteBuffer.<init>(DirectByteBuffer.java:123)
	at java.nio.ByteBuffer.allocateDirect(ByteBuffer.java:311)
	at org.apache.ratis.server.raftlog.segmented.BufferedWriteChannel.<init>(BufferedWriteChannel.java:41)
	at org.apache.ratis.server.raftlog.segmented.SegmentedRaftLogOutputStream.<init>(SegmentedRaftLogOutputStream.java:72)
	at org.apache.ratis.server.raftlog.segmented.SegmentedRaftLogWorker$StartLogSegment.execute(SegmentedRaftLogWorker.java:566)
	at org.apache.ratis.server.raftlog.segmented.SegmentedRaftLogWorker.run(SegmentedRaftLogWorker.java:289)
	at java.lang.Thread.run(Thread.java:748)
2019-09-20 09:27:05,727 [492ed782-6ab3-4ad9-945e-06def6ac7c96-SegmentedRaftLogWorker:Storage Directory /workdir/hadoop-ozone/integration-test/target/test-dir/MiniOzoneClusterImpl-a33d77e5-464b-4d19-8e6b-a171e580bf0e/datanode-2/data/ratis/8094937d-de3e-47e4-8309-83474a4053d6] ERROR segmented.SegmentedRaftLogWorker (SegmentedRaftLogWorker.java:run(323)) - 492ed782-6ab3-4ad9-945e-06def6ac7c96-SegmentedRaftLogWorker:Storage Directory /workdir/hadoop-ozone/integration-test/target/test-dir/MiniOzoneClusterImpl-a33d77e5-464b-4d19-8e6b-a171e580bf0e/datanode-2/data/ratis/8094937d-de3e-47e4-8309-83474a4053d6 hit exception
java.lang.OutOfMemoryError: Direct buffer memory
	at java.nio.Bits.reserveMemory(Bits.java:666)
	at java.nio.DirectByteBuffer.<init>(DirectByteBuffer.java:123)
	at java.nio.ByteBuffer.allocateDirect(ByteBuffer.java:311)
	at org.apache.ratis.server.raftlog.segmented.BufferedWriteChannel.<init>(BufferedWriteChannel.java:41)
	at org.apache.ratis.server.raftlog.segmented.SegmentedRaftLogOutputStream.<init>(SegmentedRaftLogOutputStream.java:72)
	at org.apache.ratis.server.raftlog.segmented.SegmentedRaftLogWorker$StartLogSegment.execute(SegmentedRaftLogWorker.java:566)
	at org.apache.ratis.server.raftlog.segmented.SegmentedRaftLogWorker.run(SegmentedRaftLogWorker.java:289)
	at java.lang.Thread.run(Thread.java:748)
2019-09-20 09:27:05,977 [492ed782-6ab3-4ad9-945e-06def6ac7c96-SegmentedRaftLogWorker:Storage Directory /workdir/hadoop-ozone/integration-test/target/test-dir/MiniOzoneClusterImpl-a33d77e5-464b-4d19-8e6b-a171e580bf0e/datanode-2/data/ratis/8094937d-de3e-47e4-8309-83474a4053d6] INFO  impl.RaftServerImpl (RaftServerImpl.java:lambda$shutdown$3(245)) - 492ed782-6ab3-4ad9-945e-06def6ac7c96: shutdown group-83474A4053D6
2019-09-20 09:27:05,727 [492ed782-6ab3-4ad9-945e-06def6ac7c96-SegmentedRaftLogWorker:Storage Directory /workdir/hadoop-ozone/integration-test/target/test-dir/MiniOzoneClusterImpl-a33d77e5-464b-4d19-8e6b-a171e580bf0e/datanode-2/data/ratis/00e0f02a-088a-41ce-b106-b5f712612dc6] ERROR segmented.SegmentedRaftLogWorker (SegmentedRaftLogWorker.java:run(323)) - 492ed782-6ab3-4ad9-945e-06def6ac7c96-SegmentedRaftLogWorker:Storage Directory /workdir/hadoop-ozone/integration-test/target/test-dir/MiniOzoneClusterImpl-a33d77e5-464b-4d19-8e6b-a171e580bf0e/datanode-2/data/ratis/00e0f02a-088a-41ce-b106-b5f712612dc6 hit exception
java.lang.OutOfMemoryError: Direct buffer memory
	at java.nio.Bits.reserveMemory(Bits.java:666)
	at java.nio.DirectByteBuffer.<init>(DirectByteBuffer.java:123)
	at java.nio.ByteBuffer.allocateDirect(ByteBuffer.java:311)
	at org.apache.ratis.server.raftlog.segmented.BufferedWriteChannel.<init>(BufferedWriteChannel.java:41)
	at org.apache.ratis.server.raftlog.segmented.SegmentedRaftLogOutputStream.<init>(SegmentedRaftLogOutputStream.java:72)
	at org.apache.ratis.server.raftlog.segmented.SegmentedRaftLogWorker$StartLogSegment.execute(SegmentedRaftLogWorker.java:566)
	at org.apache.ratis.server.raftlog.segmented.SegmentedRaftLogWorker.run(SegmentedRaftLogWorker.java:289)
	at java.lang.Thread.run(Thread.java:748)
2019-09-20 09:27:05,464 [fd3cd5f9-4f1c-43ea-91b1-b85a1f6c3825:group-4783210E70C8:LeaderElection77] INFO  impl.RaftServerImpl (ServerState.java:setRaftConf(361)) - fd3cd5f9-4f1c-43ea-91b1-b85a1f6c3825:group-4783210E70C8 set configuration 0: [fd3cd5f9-4f1c-43ea-91b1-b85a1f6c3825:192.168.36.99:39114], old=null at 0
2019-09-20 09:27:05,464 [4840c00f-91d3-4881-a20b-4d0486ca97c0-SegmentedRaftLogWorker:Storage Directory /workdir/hadoop-ozone/integration-test/target/test-dir/MiniOzoneClusterImpl-a33d77e5-464b-4d19-8e6b-a171e580bf0e/datanode-3/data/ratis/d0b5c93f-1931-449a-9b36-73c7092b06b0] INFO  impl.RoleInfo (RoleInfo.java:shutdownLeaderState(104)) - 4840c00f-91d3-4881-a20b-4d0486ca97c0: shutdown LeaderState
2019-09-20 09:27:05,464 [871e6485-c22a-483f-9e07-d19e754685be:group-6D6E0000ABB6:LeaderElection76] INFO  segmented.SegmentedRaftLogWorker (SegmentedRaftLogWorker.java:startLogSegment(380)) - 871e6485-c22a-483f-9e07-d19e754685be-SegmentedRaftLogWorker:Storage Directory /workdir/hadoop-ozone/integration-test/target/test-dir/MiniOzoneClusterImpl-a33d77e5-464b-4d19-8e6b-a171e580bf0e/datanode-4/data/ratis/298f90f7-fb6d-4b90-8c0c-6d6e0000abb6: Starting segment from index:0
2019-09-20 09:27:05,463 [fd3cd5f9-4f1c-43ea-91b1-b85a1f6c3825:group-FE29A59A7301:LeaderElection78] INFO  server.RaftServerConfigKeys (ConfUtils.java:logGet(43)) - raft.server.rpc.sleep.time = 25ms (default)
2019-09-20 09:27:05,978 [4840c00f-91d3-4881-a20b-4d0486ca97c0-SegmentedRaftLogWorker:Storage Directory /workdir/hadoop-ozone/integration-test/target/test-dir/MiniOzoneClusterImpl-a33d77e5-464b-4d19-8e6b-a171e580bf0e/datanode-3/data/ratis/d0b5c93f-1931-449a-9b36-73c7092b06b0] INFO  impl.PendingRequests (PendingRequests.java:sendNotLeaderResponses(202)) - 4840c00f-91d3-4881-a20b-4d0486ca97c0-PendingRequests: sendNotLeaderResponses
2019-09-20 09:27:05,977 [492ed782-6ab3-4ad9-945e-06def6ac7c96-SegmentedRaftLogWorker:Storage Directory /workdir/hadoop-ozone/integration-test/target/test-dir/MiniOzoneClusterImpl-a33d77e5-464b-4d19-8e6b-a171e580bf0e/datanode-2/data/ratis/00e0f02a-088a-41ce-b106-b5f712612dc6] INFO  impl.RaftServerImpl (RaftServerImpl.java:lambda$shutdown$3(245)) - 492ed782-6ab3-4ad9-945e-06def6ac7c96: shutdown group-B5F712612DC6
2019-09-20 09:27:05,977 [492ed782-6ab3-4ad9-945e-06def6ac7c96-SegmentedRaftLogWorker:Storage Directory /workdir/hadoop-ozone/integration-test/target/test-dir/MiniOzoneClusterImpl-a33d77e5-464b-4d19-8e6b-a171e580bf0e/datanode-2/data/ratis/8094937d-de3e-47e4-8309-83474a4053d6] INFO  util.JmxRegister (JmxRegister.java:unregister(73)) - Successfully un-registered JMX Bean with object name Ratis:service=RaftServer,group=group-83474A4053D6,id=492ed782-6ab3-4ad9-945e-06def6ac7c96
2019-09-20 09:27:06,286 | INFO  | SCMAudit | user=jenkins1000 | ip=192.168.36.99 | op=SEND_HEARTBEAT {datanodeUUID=fd3cd5f9-4f1c-43ea-91b1-b85a1f6c3825, command=[]} | ret=SUCCESS |  
2019-09-20 09:27:05,977 [Thread-613] INFO  impl.FollowerState (FollowerState.java:run(106)) - 871e6485-c22a-483f-9e07-d19e754685be:group-F286CD3DD3B8 changes to CANDIDATE, lastRpcTime:5142, electionTimeout:5142ms
2019-09-20 09:27:05,976 [fd3cd5f9-4f1c-43ea-91b1-b85a1f6c3825-SegmentedRaftLogWorker:Storage Directory /workdir/hadoop-ozone/integration-test/target/test-dir/MiniOzoneClusterImpl-a33d77e5-464b-4d19-8e6b-a171e580bf0e/datanode-1/data/ratis/9aa64141-ed41-4aff-ad5c-bd469e00899e] INFO  impl.RaftServerImpl (RaftServerImpl.java:lambda$shutdown$3(245)) - fd3cd5f9-4f1c-43ea-91b1-b85a1f6c3825: shutdown group-BD469E00899E
2019-09-20 09:27:05,976 [Thread-596] INFO  impl.RaftServerImpl (RaftServerImpl.java:setRole(171)) - 4840c00f-91d3-4881-a20b-4d0486ca97c0:group-0F9565C0C9C7 changes role from FOLLOWER to CANDIDATE at term 0 for changeToCandidate
2019-09-20 09:27:06,287 | INFO  | SCMAudit | user=jenkins1000 | ip=192.168.36.99 | op=SEND_HEARTBEAT {datanodeUUID=dc7f40a9-6782-42c4-abab-c6b1682da047, command=[]} | ret=SUCCESS |  
2019-09-20 09:27:05,976 [Thread-603] INFO  impl.RaftServerImpl (RaftServerImpl.java:setRole(171)) - 4840c00f-91d3-4881-a20b-4d0486ca97c0:group-0216F39D9076 changes role from FOLLOWER to CANDIDATE at term 0 for changeToCandidate
2019-09-20 09:27:05,976 [Thread-591] INFO  impl.RoleInfo (RoleInfo.java:shutdownFollowerState(121)) - 492ed782-6ab3-4ad9-945e-06def6ac7c96: shutdown FollowerState
2019-09-20 09:27:06,287 [Thread-591] INFO  impl.RaftServerImpl (RaftServerImpl.java:setRole(171)) - 492ed782-6ab3-4ad9-945e-06def6ac7c96:group-D9DFD2FAA041 changes role from FOLLOWER to CANDIDATE at term 0 for changeToCandidate
2019-09-20 09:27:05,975 [Thread-582] INFO  impl.RoleInfo (RoleInfo.java:shutdownFollowerState(121)) - 02b93e76-e4c6-4b67-b8a4-c536d9ab7224: shutdown FollowerState
2019-09-20 09:27:05,972 [4840c00f-91d3-4881-a20b-4d0486ca97c0:group-1748BB481D0C:LeaderElection84] INFO  impl.RoleInfo (RoleInfo.java:shutdownLeaderElection(134)) - 4840c00f-91d3-4881-a20b-4d0486ca97c0: shutdown LeaderElection
2019-09-20 09:27:06,288 [4840c00f-91d3-4881-a20b-4d0486ca97c0:group-1748BB481D0C:LeaderElection84] INFO  impl.RaftServerImpl (RaftServerImpl.java:setRole(171)) - 4840c00f-91d3-4881-a20b-4d0486ca97c0:group-1748BB481D0C changes role from CANDIDATE to LEADER at term 1 for changeToLeader
2019-09-20 09:27:05,972 [dc7f40a9-6782-42c4-abab-c6b1682da047:group-F88C76BC901D:LeaderElection83] INFO  impl.RoleInfo (RoleInfo.java:shutdownLeaderElection(134)) - dc7f40a9-6782-42c4-abab-c6b1682da047: shutdown LeaderElection
2019-09-20 09:27:05,972 [fd3cd5f9-4f1c-43ea-91b1-b85a1f6c3825:group-12B3FAED76D7:LeaderElection79] INFO  server.RaftServerConfigKeys (ConfUtils.java:logGet(43)) - raft.server.staging.catchup.gap = 1000 (default)
2019-09-20 09:27:05,971 [02b93e76-e4c6-4b67-b8a4-c536d9ab7224:group-E470973DD81D:LeaderElection82] INFO  server.RaftServerConfigKeys (ConfUtils.java:logGet(43)) - raft.server.rpc.sleep.time = 25ms (default)
2019-09-20 09:27:05,971 [pool-38-thread-1] INFO  server.RaftServerConfigKeys (ConfUtils.java:logGet(43)) - raft.server.log.purge.gap = 1000000 (custom)
2019-09-20 09:27:05,971 [02b93e76-e4c6-4b67-b8a4-c536d9ab7224:group-E4B357F9360E:LeaderElection81] INFO  server.RaftServerConfigKeys (ConfUtils.java:logGet(43)) - raft.server.staging.catchup.gap = 1000 (default)
2019-09-20 09:27:05,971 [492ed782-6ab3-4ad9-945e-06def6ac7c96:group-2971F210102F:LeaderElection75] INFO  impl.RaftServerImpl (ServerState.java:setRaftConf(361)) - 492ed782-6ab3-4ad9-945e-06def6ac7c96:group-2971F210102F set configuration 0: [492ed782-6ab3-4ad9-945e-06def6ac7c96:192.168.36.99:32835], old=null at 0
2019-09-20 09:27:05,971 [492ed782-6ab3-4ad9-945e-06def6ac7c96:group-0B991F8144C1:LeaderElection86] INFO  impl.LeaderElection (LeaderElection.java:askForVotes(181)) - 492ed782-6ab3-4ad9-945e-06def6ac7c96:group-0B991F8144C1:LeaderElection86: begin an election at term 1 for -1: [492ed782-6ab3-4ad9-945e-06def6ac7c96:192.168.36.99:32835], old=null
2019-09-20 09:27:05,971 [fd3cd5f9-4f1c-43ea-91b1-b85a1f6c3825:group-B51869680CF2:LeaderElection85] INFO  impl.LeaderElection (LeaderElection.java:askForVotes(181)) - fd3cd5f9-4f1c-43ea-91b1-b85a1f6c3825:group-B51869680CF2:LeaderElection85: begin an election at term 1 for -1: [fd3cd5f9-4f1c-43ea-91b1-b85a1f6c3825:192.168.36.99:39114], old=null
2019-09-20 09:27:05,971 [492ed782-6ab3-4ad9-945e-06def6ac7c96:group-371618AF92D0:LeaderElection80] INFO  server.RaftServerConfigKeys (ConfUtils.java:logGet(43)) - raft.server.rpc.sleep.time = 25ms (default)
2019-09-20 09:27:05,968 [Thread-609] INFO  impl.FollowerState (FollowerState.java:run(106)) - 02b93e76-e4c6-4b67-b8a4-c536d9ab7224:group-6193B43AE77D changes to CANDIDATE, lastRpcTime:5217, electionTimeout:5184ms
2019-09-20 09:27:06,289 [Thread-609] INFO  impl.RoleInfo (RoleInfo.java:shutdownFollowerState(121)) - 02b93e76-e4c6-4b67-b8a4-c536d9ab7224: shutdown FollowerState
2019-09-20 09:27:05,745 [4840c00f-91d3-4881-a20b-4d0486ca97c0-SegmentedRaftLogWorker:Storage Directory /workdir/hadoop-ozone/integration-test/target/test-dir/MiniOzoneClusterImpl-a33d77e5-464b-4d19-8e6b-a171e580bf0e/datanode-3/data/ratis/ae8c04a4-a65c-4e4b-911b-b0bff8942357] INFO  segmented.SegmentedRaftLogWorker (SegmentedRaftLogWorker.java:close(228)) - 4840c00f-91d3-4881-a20b-4d0486ca97c0-SegmentedRaftLogWorker:Storage Directory /workdir/hadoop-ozone/integration-test/target/test-dir/MiniOzoneClusterImpl-a33d77e5-464b-4d19-8e6b-a171e580bf0e/datanode-3/data/ratis/ae8c04a4-a65c-4e4b-911b-b0bff8942357 close()
2019-09-20 09:27:06,289 [Thread-609] INFO  impl.RaftServerImpl (RaftServerImpl.java:setRole(171)) - 02b93e76-e4c6-4b67-b8a4-c536d9ab7224:group-6193B43AE77D changes role from FOLLOWER to CANDIDATE at term 0 for changeToCandidate
2019-09-20 09:27:06,289 [492ed782-6ab3-4ad9-945e-06def6ac7c96:group-371618AF92D0:LeaderElection80] INFO  server.RaftServerConfigKeys (ConfUtils.java:logGet(43)) - raft.server.write.element-limit = 4096 (default)
2019-09-20 09:27:06,289 [fd3cd5f9-4f1c-43ea-91b1-b85a1f6c3825:group-B51869680CF2:LeaderElection85] INFO  impl.RoleInfo (RoleInfo.java:shutdownLeaderElection(134)) - fd3cd5f9-4f1c-43ea-91b1-b85a1f6c3825: shutdown LeaderElection
2019-09-20 09:27:06,289 [492ed782-6ab3-4ad9-945e-06def6ac7c96:group-0B991F8144C1:LeaderElection86] INFO  impl.RoleInfo (RoleInfo.java:shutdownLeaderElection(134)) - 492ed782-6ab3-4ad9-945e-06def6ac7c96: shutdown LeaderElection
2019-09-20 09:27:06,289 [02b93e76-e4c6-4b67-b8a4-c536d9ab7224:group-E4B357F9360E:LeaderElection81] INFO  server.RaftServerConfigKeys (ConfUtils.java:logGet(43)) - raft.server.rpc.sleep.time = 25ms (default)
2019-09-20 09:27:06,288 [pool-38-thread-1] INFO  server.RaftServerConfigKeys (ConfUtils.java:logGet(43)) - raft.server.log.appender.buffer.byte-limit = 33554432 (custom)
2019-09-20 09:27:06,288 [02b93e76-e4c6-4b67-b8a4-c536d9ab7224:group-E470973DD81D:LeaderElection82] INFO  server.RaftServerConfigKeys (ConfUtils.java:logGet(43)) - raft.server.write.element-limit = 4096 (default)
2019-09-20 09:27:06,288 [fd3cd5f9-4f1c-43ea-91b1-b85a1f6c3825:group-12B3FAED76D7:LeaderElection79] INFO  server.RaftServerConfigKeys (ConfUtils.java:logGet(43)) - raft.server.rpc.sleep.time = 25ms (default)
2019-09-20 09:27:06,288 [dc7f40a9-6782-42c4-abab-c6b1682da047:group-F88C76BC901D:LeaderElection83] INFO  impl.RaftServerImpl (RaftServerImpl.java:setRole(171)) - dc7f40a9-6782-42c4-abab-c6b1682da047:group-F88C76BC901D changes role from CANDIDATE to LEADER at term 1 for changeToLeader
2019-09-20 09:27:06,297 [dc7f40a9-6782-42c4-abab-c6b1682da047:group-F88C76BC901D:LeaderElection83] INFO  impl.RaftServerImpl (ServerState.java:setLeader(263)) - dc7f40a9-6782-42c4-abab-c6b1682da047:group-F88C76BC901D change Leader from null to dc7f40a9-6782-42c4-abab-c6b1682da047 at term 1 for becomeLeader, leader elected after 6656ms
2019-09-20 09:27:06,288 [4840c00f-91d3-4881-a20b-4d0486ca97c0:group-1748BB481D0C:LeaderElection84] INFO  impl.RaftServerImpl (ServerState.java:setLeader(263)) - 4840c00f-91d3-4881-a20b-4d0486ca97c0:group-1748BB481D0C change Leader from null to 4840c00f-91d3-4881-a20b-4d0486ca97c0 at term 1 for becomeLeader, leader elected after 6478ms
2019-09-20 09:27:06,288 [Thread-582] INFO  impl.RaftServerImpl (RaftServerImpl.java:setRole(171)) - 02b93e76-e4c6-4b67-b8a4-c536d9ab7224:group-B9203607AE95 changes role from FOLLOWER to CANDIDATE at term 0 for changeToCandidate
2019-09-20 09:27:06,287 [Thread-591] INFO  impl.RoleInfo (RoleInfo.java:updateAndGet(143)) - 492ed782-6ab3-4ad9-945e-06def6ac7c96: start LeaderElection
2019-09-20 09:27:06,287 [Thread-603] INFO  impl.RoleInfo (RoleInfo.java:updateAndGet(143)) - 4840c00f-91d3-4881-a20b-4d0486ca97c0: start LeaderElection
2019-09-20 09:27:06,287 [Thread-596] INFO  impl.RoleInfo (RoleInfo.java:updateAndGet(143)) - 4840c00f-91d3-4881-a20b-4d0486ca97c0: start LeaderElection
2019-09-20 09:27:06,287 [fd3cd5f9-4f1c-43ea-91b1-b85a1f6c3825-SegmentedRaftLogWorker:Storage Directory /workdir/hadoop-ozone/integration-test/target/test-dir/MiniOzoneClusterImpl-a33d77e5-464b-4d19-8e6b-a171e580bf0e/datanode-1/data/ratis/9aa64141-ed41-4aff-ad5c-bd469e00899e] INFO  util.JmxRegister (JmxRegister.java:unregister(73)) - Successfully un-registered JMX Bean with object name Ratis:service=RaftServer,group=group-BD469E00899E,id=fd3cd5f9-4f1c-43ea-91b1-b85a1f6c3825
2019-09-20 09:27:06,287 [Thread-613] INFO  impl.RoleInfo (RoleInfo.java:shutdownFollowerState(121)) - 871e6485-c22a-483f-9e07-d19e754685be: shutdown FollowerState
2019-09-20 09:27:06,287 [492ed782-6ab3-4ad9-945e-06def6ac7c96-SegmentedRaftLogWorker:Storage Directory /workdir/hadoop-ozone/integration-test/target/test-dir/MiniOzoneClusterImpl-a33d77e5-464b-4d19-8e6b-a171e580bf0e/datanode-2/data/ratis/8094937d-de3e-47e4-8309-83474a4053d6] INFO  impl.RoleInfo (RoleInfo.java:shutdownLeaderState(104)) - 492ed782-6ab3-4ad9-945e-06def6ac7c96: shutdown LeaderState
2019-09-20 09:27:06,287 [RATISCREATEPIPELINE1] ERROR pipeline.RatisPipelineProvider (RatisPipelineProvider.java:lambda$null$2(182)) - Failed invoke Ratis rpc org.apache.hadoop.hdds.scm.pipeline.RatisPipelineProvider$$Lambda$167/459597877@4745690b for fd3cd5f9-4f1c-43ea-91b1-b85a1f6c3825
org.apache.ratis.protocol.TimeoutIOException: deadline exceeded after 2999737630ns
	at org.apache.ratis.grpc.GrpcUtil.tryUnwrapException(GrpcUtil.java:82)
	at org.apache.ratis.grpc.GrpcUtil.unwrapException(GrpcUtil.java:75)
	at org.apache.ratis.grpc.client.GrpcClientProtocolClient.blockingCall(GrpcClientProtocolClient.java:169)
	at org.apache.ratis.grpc.client.GrpcClientProtocolClient.groupAdd(GrpcClientProtocolClient.java:138)
	at org.apache.ratis.grpc.client.GrpcClientRpc.sendRequest(GrpcClientRpc.java:94)
	at org.apache.ratis.client.impl.RaftClientImpl.sendRequest(RaftClientImpl.java:279)
	at org.apache.ratis.client.impl.RaftClientImpl.groupAdd(RaftClientImpl.java:206)
	at org.apache.hadoop.hdds.scm.pipeline.RatisPipelineProvider.lambda$initializePipeline$1(RatisPipelineProvider.java:141)
	at org.apache.hadoop.hdds.scm.pipeline.RatisPipelineProvider.lambda$null$2(RatisPipelineProvider.java:178)
	at java.util.stream.ForEachOps$ForEachOp$OfRef.accept(ForEachOps.java:184)
	at java.util.ArrayList$ArrayListSpliterator.forEachRemaining(ArrayList.java:1382)
	at java.util.stream.AbstractPipeline.copyInto(AbstractPipeline.java:482)
	at java.util.stream.ForEachOps$ForEachTask.compute(ForEachOps.java:291)
	at java.util.concurrent.CountedCompleter.exec(CountedCompleter.java:731)
	at java.util.concurrent.ForkJoinTask.doExec(ForkJoinTask.java:289)
	at java.util.concurrent.ForkJoinTask.doInvoke(ForkJoinTask.java:401)
	at java.util.concurrent.ForkJoinTask.invoke(ForkJoinTask.java:734)
	at java.util.stream.ForEachOps$ForEachOp.evaluateParallel(ForEachOps.java:160)
	at java.util.stream.ForEachOps$ForEachOp$OfRef.evaluateParallel(ForEachOps.java:174)
	at java.util.stream.AbstractPipeline.evaluate(AbstractPipeline.java:233)
	at java.util.stream.ReferencePipeline.forEach(ReferencePipeline.java:418)
	at java.util.stream.ReferencePipeline$Head.forEach(ReferencePipeline.java:583)
	at org.apache.hadoop.hdds.scm.pipeline.RatisPipelineProvider.lambda$callRatisRpc$3(RatisPipelineProvider.java:172)
	at java.util.concurrent.ForkJoinTask$AdaptedRunnableAction.exec(ForkJoinTask.java:1386)
	at java.util.concurrent.ForkJoinTask.doExec(ForkJoinTask.java:289)
	at java.util.concurrent.ForkJoinPool$WorkQueue.runTask(ForkJoinPool.java:1056)
	at java.util.concurrent.ForkJoinPool.runWorker(ForkJoinPool.java:1692)
	at java.util.concurrent.ForkJoinWorkerThread.run(ForkJoinWorkerThread.java:157)
Caused by: org.apache.ratis.thirdparty.io.grpc.StatusRuntimeException: DEADLINE_EXCEEDED: deadline exceeded after 2999737630ns
	at org.apache.ratis.thirdparty.io.grpc.stub.ClientCalls.toStatusRuntimeException(ClientCalls.java:233)
	at org.apache.ratis.thirdparty.io.grpc.stub.ClientCalls.getUnchecked(ClientCalls.java:214)
	at org.apache.ratis.thirdparty.io.grpc.stub.ClientCalls.blockingUnaryCall(ClientCalls.java:139)
	at org.apache.ratis.proto.grpc.AdminProtocolServiceGrpc$AdminProtocolServiceBlockingStub.groupManagement(AdminProtocolServiceGrpc.java:274)
	at org.apache.ratis.grpc.client.GrpcClientProtocolClient.lambda$groupAdd$3(GrpcClientProtocolClient.java:140)
	at org.apache.ratis.grpc.client.GrpcClientProtocolClient.blockingCall(GrpcClientProtocolClient.java:167)
	... 25 more
2019-09-20 09:27:06,286 [492ed782-6ab3-4ad9-945e-06def6ac7c96-SegmentedRaftLogWorker:Storage Directory /workdir/hadoop-ozone/integration-test/target/test-dir/MiniOzoneClusterImpl-a33d77e5-464b-4d19-8e6b-a171e580bf0e/datanode-2/data/ratis/00e0f02a-088a-41ce-b106-b5f712612dc6] INFO  util.JmxRegister (JmxRegister.java:unregister(73)) - Successfully un-registered JMX Bean with object name Ratis:service=RaftServer,group=group-B5F712612DC6,id=492ed782-6ab3-4ad9-945e-06def6ac7c96
2019-09-20 09:27:06,304 [492ed782-6ab3-4ad9-945e-06def6ac7c96-SegmentedRaftLogWorker:Storage Directory /workdir/hadoop-ozone/integration-test/target/test-dir/MiniOzoneClusterImpl-a33d77e5-464b-4d19-8e6b-a171e580bf0e/datanode-2/data/ratis/00e0f02a-088a-41ce-b106-b5f712612dc6] INFO  impl.RoleInfo (RoleInfo.java:shutdownLeaderState(104)) - 492ed782-6ab3-4ad9-945e-06def6ac7c96: shutdown LeaderState
2019-09-20 09:27:06,286 [4840c00f-91d3-4881-a20b-4d0486ca97c0-SegmentedRaftLogWorker:Storage Directory /workdir/hadoop-ozone/integration-test/target/test-dir/MiniOzoneClusterImpl-a33d77e5-464b-4d19-8e6b-a171e580bf0e/datanode-3/data/ratis/d0b5c93f-1931-449a-9b36-73c7092b06b0] INFO  impl.StateMachineUpdater (StateMachineUpdater.java:stopAndJoin(115)) - StateMachineUpdater:4840c00f-91d3-4881-a20b-4d0486ca97c0:group-73C7092B06B0: set stopIndex = -1
2019-09-20 09:27:06,286 [fd3cd5f9-4f1c-43ea-91b1-b85a1f6c3825:group-FE29A59A7301:LeaderElection78] INFO  server.RaftServerConfigKeys (ConfUtils.java:logGet(43)) - raft.server.write.element-limit = 4096 (default)
2019-09-20 09:27:06,286 [871e6485-c22a-483f-9e07-d19e754685be:group-6D6E0000ABB6:LeaderElection76] INFO  impl.RaftServerImpl (ServerState.java:setRaftConf(361)) - 871e6485-c22a-483f-9e07-d19e754685be:group-6D6E0000ABB6 set configuration 0: [871e6485-c22a-483f-9e07-d19e754685be:192.168.36.99:41076], old=null at 0
2019-09-20 09:27:06,286 [4840c00f-91d3-4881-a20b-4d0486ca97c0:group-8C447C5D0F75:LeaderElection87] INFO  impl.LeaderElection (LeaderElection.java:askForVotes(181)) - 4840c00f-91d3-4881-a20b-4d0486ca97c0:group-8C447C5D0F75:LeaderElection87: begin an election at term 1 for -1: [4840c00f-91d3-4881-a20b-4d0486ca97c0:192.168.36.99:41473], old=null
2019-09-20 09:27:06,286 [492ed782-6ab3-4ad9-945e-06def6ac7c96-SegmentedRaftLogWorker:Storage Directory /workdir/hadoop-ozone/integration-test/target/test-dir/MiniOzoneClusterImpl-a33d77e5-464b-4d19-8e6b-a171e580bf0e/datanode-2/data/ratis/14060330-3d55-468a-8af2-078b27d18453] ERROR segmented.SegmentedRaftLogWorker (SegmentedRaftLogWorker.java:run(323)) - 492ed782-6ab3-4ad9-945e-06def6ac7c96-SegmentedRaftLogWorker:Storage Directory /workdir/hadoop-ozone/integration-test/target/test-dir/MiniOzoneClusterImpl-a33d77e5-464b-4d19-8e6b-a171e580bf0e/datanode-2/data/ratis/14060330-3d55-468a-8af2-078b27d18453 hit exception
java.lang.OutOfMemoryError: Direct buffer memory
	at java.nio.Bits.reserveMemory(Bits.java:666)
	at java.nio.DirectByteBuffer.<init>(DirectByteBuffer.java:123)
	at java.nio.ByteBuffer.allocateDirect(ByteBuffer.java:311)
	at org.apache.ratis.server.raftlog.segmented.BufferedWriteChannel.<init>(BufferedWriteChannel.java:41)
	at org.apache.ratis.server.raftlog.segmented.SegmentedRaftLogOutputStream.<init>(SegmentedRaftLogOutputStream.java:72)
	at org.apache.ratis.server.raftlog.segmented.SegmentedRaftLogWorker$StartLogSegment.execute(SegmentedRaftLogWorker.java:566)
	at org.apache.ratis.server.raftlog.segmented.SegmentedRaftLogWorker.run(SegmentedRaftLogWorker.java:289)
	at java.lang.Thread.run(Thread.java:748)
2019-09-20 09:27:06,305 [492ed782-6ab3-4ad9-945e-06def6ac7c96-SegmentedRaftLogWorker:Storage Directory /workdir/hadoop-ozone/integration-test/target/test-dir/MiniOzoneClusterImpl-a33d77e5-464b-4d19-8e6b-a171e580bf0e/datanode-2/data/ratis/14060330-3d55-468a-8af2-078b27d18453] INFO  impl.RaftServerImpl (RaftServerImpl.java:lambda$shutdown$3(245)) - 492ed782-6ab3-4ad9-945e-06def6ac7c96: shutdown group-078B27D18453
2019-09-20 09:27:06,286 [871e6485-c22a-483f-9e07-d19e754685be-SegmentedRaftLogWorker:Storage Directory /workdir/hadoop-ozone/integration-test/target/test-dir/MiniOzoneClusterImpl-a33d77e5-464b-4d19-8e6b-a171e580bf0e/datanode-4/data/ratis/f67d4f30-45a8-413b-8b89-b5103fe2782e] ERROR segmented.SegmentedRaftLogWorker (SegmentedRaftLogWorker.java:run(323)) - 871e6485-c22a-483f-9e07-d19e754685be-SegmentedRaftLogWorker:Storage Directory /workdir/hadoop-ozone/integration-test/target/test-dir/MiniOzoneClusterImpl-a33d77e5-464b-4d19-8e6b-a171e580bf0e/datanode-4/data/ratis/f67d4f30-45a8-413b-8b89-b5103fe2782e hit exception
java.lang.OutOfMemoryError: Direct buffer memory
	at java.nio.Bits.reserveMemory(Bits.java:666)
	at java.nio.DirectByteBuffer.<init>(DirectByteBuffer.java:123)
	at java.nio.ByteBuffer.allocateDirect(ByteBuffer.java:311)
	at org.apache.ratis.server.raftlog.segmented.BufferedWriteChannel.<init>(BufferedWriteChannel.java:41)
	at org.apache.ratis.server.raftlog.segmented.SegmentedRaftLogOutputStream.<init>(SegmentedRaftLogOutputStream.java:72)
	at org.apache.ratis.server.raftlog.segmented.SegmentedRaftLogWorker$StartLogSegment.execute(SegmentedRaftLogWorker.java:566)
	at org.apache.ratis.server.raftlog.segmented.SegmentedRaftLogWorker.run(SegmentedRaftLogWorker.java:289)
	at java.lang.Thread.run(Thread.java:748)
2019-09-20 09:27:06,285 [Thread-616] INFO  impl.FollowerState (FollowerState.java:run(106)) - 871e6485-c22a-483f-9e07-d19e754685be:group-953E3776DFC8 changes to CANDIDATE, lastRpcTime:5391, electionTimeout:5121ms
2019-09-20 09:27:06,285 [fd3cd5f9-4f1c-43ea-91b1-b85a1f6c3825-SegmentedRaftLogWorker:Storage Directory /workdir/hadoop-ozone/integration-test/target/test-dir/MiniOzoneClusterImpl-a33d77e5-464b-4d19-8e6b-a171e580bf0e/datanode-1/data/ratis/d140707c-4fb0-4506-a3be-f929c9a57b1f] ERROR segmented.SegmentedRaftLogWorker (SegmentedRaftLogWorker.java:run(323)) - fd3cd5f9-4f1c-43ea-91b1-b85a1f6c3825-SegmentedRaftLogWorker:Storage Directory /workdir/hadoop-ozone/integration-test/target/test-dir/MiniOzoneClusterImpl-a33d77e5-464b-4d19-8e6b-a171e580bf0e/datanode-1/data/ratis/d140707c-4fb0-4506-a3be-f929c9a57b1f hit exception
java.lang.OutOfMemoryError: Direct buffer memory
	at java.nio.Bits.reserveMemory(Bits.java:666)
	at java.nio.DirectByteBuffer.<init>(DirectByteBuffer.java:123)
	at java.nio.ByteBuffer.allocateDirect(ByteBuffer.java:311)
	at org.apache.ratis.server.raftlog.segmented.BufferedWriteChannel.<init>(BufferedWriteChannel.java:41)
	at org.apache.ratis.server.raftlog.segmented.SegmentedRaftLogOutputStream.<init>(SegmentedRaftLogOutputStream.java:72)
	at org.apache.ratis.server.raftlog.segmented.SegmentedRaftLogWorker$StartLogSegment.execute(SegmentedRaftLogWorker.java:566)
	at org.apache.ratis.server.raftlog.segmented.SegmentedRaftLogWorker.run(SegmentedRaftLogWorker.java:289)
	at java.lang.Thread.run(Thread.java:748)
2019-09-20 09:27:06,306 [fd3cd5f9-4f1c-43ea-91b1-b85a1f6c3825-SegmentedRaftLogWorker:Storage Directory /workdir/hadoop-ozone/integration-test/target/test-dir/MiniOzoneClusterImpl-a33d77e5-464b-4d19-8e6b-a171e580bf0e/datanode-1/data/ratis/d140707c-4fb0-4506-a3be-f929c9a57b1f] INFO  impl.RaftServerImpl (RaftServerImpl.java:lambda$shutdown$3(245)) - fd3cd5f9-4f1c-43ea-91b1-b85a1f6c3825: shutdown group-F929C9A57B1F
2019-09-20 09:27:06,285 [Thread-624] INFO  impl.FollowerState (FollowerState.java:run(106)) - 492ed782-6ab3-4ad9-945e-06def6ac7c96:group-5EA3DEB86097 changes to CANDIDATE, lastRpcTime:5272, electionTimeout:5069ms
2019-09-20 09:27:06,306 [Thread-624] INFO  impl.RoleInfo (RoleInfo.java:shutdownFollowerState(121)) - 492ed782-6ab3-4ad9-945e-06def6ac7c96: shutdown FollowerState
2019-09-20 09:27:06,284 [Thread-642] INFO  impl.FollowerState (FollowerState.java:run(106)) - 4840c00f-91d3-4881-a20b-4d0486ca97c0:group-E1482C968AE7 changes to CANDIDATE, lastRpcTime:5035, electionTimeout:5003ms
2019-09-20 09:27:06,284 [Thread-633] INFO  impl.FollowerState (FollowerState.java:run(106)) - 492ed782-6ab3-4ad9-945e-06def6ac7c96:group-6EDD1D14131D changes to CANDIDATE, lastRpcTime:5181, electionTimeout:5177ms
2019-09-20 09:27:06,307 [Thread-642] INFO  impl.RoleInfo (RoleInfo.java:shutdownFollowerState(121)) - 4840c00f-91d3-4881-a20b-4d0486ca97c0: shutdown FollowerState
2019-09-20 09:27:06,307 [Thread-624] INFO  impl.RaftServerImpl (RaftServerImpl.java:setRole(171)) - 492ed782-6ab3-4ad9-945e-06def6ac7c96:group-5EA3DEB86097 changes role from FOLLOWER to CANDIDATE at term 0 for changeToCandidate
2019-09-20 09:27:06,306 [fd3cd5f9-4f1c-43ea-91b1-b85a1f6c3825-SegmentedRaftLogWorker:Storage Directory /workdir/hadoop-ozone/integration-test/target/test-dir/MiniOzoneClusterImpl-a33d77e5-464b-4d19-8e6b-a171e580bf0e/datanode-1/data/ratis/d140707c-4fb0-4506-a3be-f929c9a57b1f] INFO  util.JmxRegister (JmxRegister.java:unregister(73)) - Successfully un-registered JMX Bean with object name Ratis:service=RaftServer,group=group-F929C9A57B1F,id=fd3cd5f9-4f1c-43ea-91b1-b85a1f6c3825
2019-09-20 09:27:06,307 [fd3cd5f9-4f1c-43ea-91b1-b85a1f6c3825-SegmentedRaftLogWorker:Storage Directory /workdir/hadoop-ozone/integration-test/target/test-dir/MiniOzoneClusterImpl-a33d77e5-464b-4d19-8e6b-a171e580bf0e/datanode-1/data/ratis/d140707c-4fb0-4506-a3be-f929c9a57b1f] INFO  impl.RoleInfo (RoleInfo.java:shutdownLeaderState(104)) - fd3cd5f9-4f1c-43ea-91b1-b85a1f6c3825: shutdown LeaderState
2019-09-20 09:27:06,306 [Thread-616] INFO  impl.RoleInfo (RoleInfo.java:shutdownFollowerState(121)) - 871e6485-c22a-483f-9e07-d19e754685be: shutdown FollowerState
2019-09-20 09:27:06,307 [Thread-616] INFO  impl.RaftServerImpl (RaftServerImpl.java:setRole(171)) - 871e6485-c22a-483f-9e07-d19e754685be:group-953E3776DFC8 changes role from FOLLOWER to CANDIDATE at term 0 for changeToCandidate
2019-09-20 09:27:06,306 [871e6485-c22a-483f-9e07-d19e754685be-SegmentedRaftLogWorker:Storage Directory /workdir/hadoop-ozone/integration-test/target/test-dir/MiniOzoneClusterImpl-a33d77e5-464b-4d19-8e6b-a171e580bf0e/datanode-4/data/ratis/f67d4f30-45a8-413b-8b89-b5103fe2782e] INFO  impl.RaftServerImpl (RaftServerImpl.java:lambda$shutdown$3(245)) - 871e6485-c22a-483f-9e07-d19e754685be: shutdown group-B5103FE2782E
2019-09-20 09:27:06,305 [492ed782-6ab3-4ad9-945e-06def6ac7c96-SegmentedRaftLogWorker:Storage Directory /workdir/hadoop-ozone/integration-test/target/test-dir/MiniOzoneClusterImpl-a33d77e5-464b-4d19-8e6b-a171e580bf0e/datanode-2/data/ratis/14060330-3d55-468a-8af2-078b27d18453] INFO  util.JmxRegister (JmxRegister.java:unregister(73)) - Successfully un-registered JMX Bean with object name Ratis:service=RaftServer,group=group-078B27D18453,id=492ed782-6ab3-4ad9-945e-06def6ac7c96
2019-09-20 09:27:06,308 [492ed782-6ab3-4ad9-945e-06def6ac7c96-SegmentedRaftLogWorker:Storage Directory /workdir/hadoop-ozone/integration-test/target/test-dir/MiniOzoneClusterImpl-a33d77e5-464b-4d19-8e6b-a171e580bf0e/datanode-2/data/ratis/14060330-3d55-468a-8af2-078b27d18453] INFO  impl.RoleInfo (RoleInfo.java:shutdownLeaderState(104)) - 492ed782-6ab3-4ad9-945e-06def6ac7c96: shutdown LeaderState
2019-09-20 09:27:06,305 [RatisPipelineUtilsThread] ERROR pipeline.SCMPipelineManager (SCMPipelineManager.java:createPipeline(161)) - Pipeline creation failed due to exception: Failed invoke Ratis rpc org.apache.hadoop.hdds.scm.pipeline.RatisPipelineProvider$$Lambda$167/459597877@4745690b for fd3cd5f9-4f1c-43ea-91b1-b85a1f6c3825
2019-09-20 09:27:06,305 [4840c00f-91d3-4881-a20b-4d0486ca97c0:group-8C447C5D0F75:LeaderElection87] INFO  impl.RoleInfo (RoleInfo.java:shutdownLeaderElection(134)) - 4840c00f-91d3-4881-a20b-4d0486ca97c0: shutdown LeaderElection
2019-09-20 09:27:06,308 [4840c00f-91d3-4881-a20b-4d0486ca97c0:group-8C447C5D0F75:LeaderElection87] INFO  impl.RaftServerImpl (RaftServerImpl.java:setRole(171)) - 4840c00f-91d3-4881-a20b-4d0486ca97c0:group-8C447C5D0F75 changes role from CANDIDATE to LEADER at term 1 for changeToLeader
2019-09-20 09:27:06,305 [fd3cd5f9-4f1c-43ea-91b1-b85a1f6c3825:group-FE29A59A7301:LeaderElection78] INFO  server.RaftServerConfigKeys (ConfUtils.java:logGet(43)) - raft.server.watch.timeout = 10s (default)
2019-09-20 09:27:06,305 [4840c00f-91d3-4881-a20b-4d0486ca97c0-SegmentedRaftLogWorker:Storage Directory /workdir/hadoop-ozone/integration-test/target/test-dir/MiniOzoneClusterImpl-a33d77e5-464b-4d19-8e6b-a171e580bf0e/datanode-3/data/ratis/d0b5c93f-1931-449a-9b36-73c7092b06b0] INFO  impl.RaftServerImpl (ServerState.java:close(394)) - 4840c00f-91d3-4881-a20b-4d0486ca97c0:group-73C7092B06B0 closes. The last applied log index is -1
2019-09-20 09:27:06,305 [492ed782-6ab3-4ad9-945e-06def6ac7c96-SegmentedRaftLogWorker:Storage Directory /workdir/hadoop-ozone/integration-test/target/test-dir/MiniOzoneClusterImpl-a33d77e5-464b-4d19-8e6b-a171e580bf0e/datanode-2/data/ratis/00e0f02a-088a-41ce-b106-b5f712612dc6] INFO  impl.PendingRequests (PendingRequests.java:sendNotLeaderResponses(202)) - 492ed782-6ab3-4ad9-945e-06def6ac7c96-PendingRequests: sendNotLeaderResponses
2019-09-20 09:27:06,302 [492ed782-6ab3-4ad9-945e-06def6ac7c96-SegmentedRaftLogWorker:Storage Directory /workdir/hadoop-ozone/integration-test/target/test-dir/MiniOzoneClusterImpl-a33d77e5-464b-4d19-8e6b-a171e580bf0e/datanode-2/data/ratis/8094937d-de3e-47e4-8309-83474a4053d6] INFO  impl.PendingRequests (PendingRequests.java:sendNotLeaderResponses(202)) - 492ed782-6ab3-4ad9-945e-06def6ac7c96-PendingRequests: sendNotLeaderResponses
2019-09-20 09:27:06,301 [Thread-613] INFO  impl.RaftServerImpl (RaftServerImpl.java:setRole(171)) - 871e6485-c22a-483f-9e07-d19e754685be:group-F286CD3DD3B8 changes role from FOLLOWER to CANDIDATE at term 0 for changeToCandidate
2019-09-20 09:27:06,309 [Thread-613] INFO  impl.RoleInfo (RoleInfo.java:updateAndGet(143)) - 871e6485-c22a-483f-9e07-d19e754685be: start LeaderElection
2019-09-20 09:27:06,301 [fd3cd5f9-4f1c-43ea-91b1-b85a1f6c3825-SegmentedRaftLogWorker:Storage Directory /workdir/hadoop-ozone/integration-test/target/test-dir/MiniOzoneClusterImpl-a33d77e5-464b-4d19-8e6b-a171e580bf0e/datanode-1/data/ratis/9aa64141-ed41-4aff-ad5c-bd469e00899e] INFO  impl.RoleInfo (RoleInfo.java:shutdownLeaderState(104)) - fd3cd5f9-4f1c-43ea-91b1-b85a1f6c3825: shutdown LeaderState
2019-09-20 09:27:06,297 [Thread-582] INFO  impl.RoleInfo (RoleInfo.java:updateAndGet(143)) - 02b93e76-e4c6-4b67-b8a4-c536d9ab7224: start LeaderElection
2019-09-20 09:27:06,297 [4840c00f-91d3-4881-a20b-4d0486ca97c0:group-1748BB481D0C:LeaderElection84] INFO  server.RaftServerConfigKeys (ConfUtils.java:logGet(43)) - raft.server.staging.catchup.gap = 1000 (default)
2019-09-20 09:27:06,311 [4840c00f-91d3-4881-a20b-4d0486ca97c0:group-1748BB481D0C:LeaderElection84] INFO  server.RaftServerConfigKeys (ConfUtils.java:logGet(43)) - raft.server.rpc.sleep.time = 25ms (default)
2019-09-20 09:27:06,297 [dc7f40a9-6782-42c4-abab-c6b1682da047:group-F88C76BC901D:LeaderElection83] INFO  server.RaftServerConfigKeys (ConfUtils.java:logGet(43)) - raft.server.staging.catchup.gap = 1000 (default)
2019-09-20 09:27:06,297 [fd3cd5f9-4f1c-43ea-91b1-b85a1f6c3825:group-12B3FAED76D7:LeaderElection79] INFO  server.RaftServerConfigKeys (ConfUtils.java:logGet(43)) - raft.server.write.element-limit = 4096 (default)
2019-09-20 09:27:06,297 [02b93e76-e4c6-4b67-b8a4-c536d9ab7224:group-E470973DD81D:LeaderElection82] INFO  server.RaftServerConfigKeys (ConfUtils.java:logGet(43)) - raft.server.watch.timeout = 10s (default)
2019-09-20 09:27:06,297 [pool-38-thread-1] INFO  server.RaftServerConfigKeys (ConfUtils.java:logGet(43)) - raft.server.log.segment.size.max = 1048576 (custom)
2019-09-20 09:27:06,297 [02b93e76-e4c6-4b67-b8a4-c536d9ab7224:group-E4B357F9360E:LeaderElection81] INFO  server.RaftServerConfigKeys (ConfUtils.java:logGet(43)) - raft.server.write.element-limit = 4096 (default)
2019-09-20 09:27:06,295 [492ed782-6ab3-4ad9-945e-06def6ac7c96:group-0B991F8144C1:LeaderElection86] INFO  impl.RaftServerImpl (RaftServerImpl.java:setRole(171)) - 492ed782-6ab3-4ad9-945e-06def6ac7c96:group-0B991F8144C1 changes role from CANDIDATE to LEADER at term 1 for changeToLeader
2019-09-20 09:27:06,293 [fd3cd5f9-4f1c-43ea-91b1-b85a1f6c3825:group-B51869680CF2:LeaderElection85] INFO  impl.RaftServerImpl (RaftServerImpl.java:setRole(171)) - fd3cd5f9-4f1c-43ea-91b1-b85a1f6c3825:group-B51869680CF2 changes role from CANDIDATE to LEADER at term 1 for changeToLeader
2019-09-20 09:27:06,315 [fd3cd5f9-4f1c-43ea-91b1-b85a1f6c3825:group-B51869680CF2:LeaderElection85] INFO  impl.RaftServerImpl (ServerState.java:setLeader(263)) - fd3cd5f9-4f1c-43ea-91b1-b85a1f6c3825:group-B51869680CF2 change Leader from null to fd3cd5f9-4f1c-43ea-91b1-b85a1f6c3825 at term 1 for becomeLeader, leader elected after 6162ms
2019-09-20 09:27:06,293 [492ed782-6ab3-4ad9-945e-06def6ac7c96:group-371618AF92D0:LeaderElection80] INFO  server.RaftServerConfigKeys (ConfUtils.java:logGet(43)) - raft.server.watch.timeout = 10s (default)
2019-09-20 09:27:06,293 [Thread-609] INFO  impl.RoleInfo (RoleInfo.java:updateAndGet(143)) - 02b93e76-e4c6-4b67-b8a4-c536d9ab7224: start LeaderElection
2019-09-20 09:27:06,315 [492ed782-6ab3-4ad9-945e-06def6ac7c96:group-371618AF92D0:LeaderElection80] INFO  server.RaftServerConfigKeys (ConfUtils.java:logGet(43)) - raft.server.watch.timeout.denomination = 1s (default)
2019-09-20 09:27:06,315 [fd3cd5f9-4f1c-43ea-91b1-b85a1f6c3825:group-B51869680CF2:LeaderElection85] INFO  server.RaftServerConfigKeys (ConfUtils.java:logGet(43)) - raft.server.staging.catchup.gap = 1000 (default)
2019-09-20 09:27:06,315 [492ed782-6ab3-4ad9-945e-06def6ac7c96:group-0B991F8144C1:LeaderElection86] INFO  impl.RaftServerImpl (ServerState.java:setLeader(263)) - 492ed782-6ab3-4ad9-945e-06def6ac7c96:group-0B991F8144C1 change Leader from null to 492ed782-6ab3-4ad9-945e-06def6ac7c96 at term 1 for becomeLeader, leader elected after 6393ms
2019-09-20 09:27:06,315 [02b93e76-e4c6-4b67-b8a4-c536d9ab7224:group-E4B357F9360E:LeaderElection81] INFO  server.RaftServerConfigKeys (ConfUtils.java:logGet(43)) - raft.server.watch.timeout = 10s (default)
2019-09-20 09:27:06,317 [02b93e76-e4c6-4b67-b8a4-c536d9ab7224:group-E4B357F9360E:LeaderElection81] INFO  server.RaftServerConfigKeys (ConfUtils.java:logGet(43)) - raft.server.watch.timeout.denomination = 1s (default)
2019-09-20 09:27:06,315 [pool-38-thread-1] INFO  server.RaftServerConfigKeys (ConfUtils.java:logGet(43)) - raft.server.log.segment.cache.num.max = 2 (custom)
2019-09-20 09:27:06,314 [02b93e76-e4c6-4b67-b8a4-c536d9ab7224:group-E470973DD81D:LeaderElection82] INFO  server.RaftServerConfigKeys (ConfUtils.java:logGet(43)) - raft.server.watch.timeout.denomination = 1s (default)
2019-09-20 09:27:06,320 [02b93e76-e4c6-4b67-b8a4-c536d9ab7224:group-E470973DD81D:LeaderElection82] INFO  server.RaftServerConfigKeys (ConfUtils.java:logGet(43)) - raft.server.watch.element-limit = 65536 (default)
2019-09-20 09:27:06,314 [fd3cd5f9-4f1c-43ea-91b1-b85a1f6c3825:group-12B3FAED76D7:LeaderElection79] INFO  server.RaftServerConfigKeys (ConfUtils.java:logGet(43)) - raft.server.watch.timeout = 10s (default)
2019-09-20 09:27:06,313 [dc7f40a9-6782-42c4-abab-c6b1682da047:group-F88C76BC901D:LeaderElection83] INFO  server.RaftServerConfigKeys (ConfUtils.java:logGet(43)) - raft.server.rpc.sleep.time = 25ms (default)
2019-09-20 09:27:06,313 [4840c00f-91d3-4881-a20b-4d0486ca97c0:group-1748BB481D0C:LeaderElection84] INFO  server.RaftServerConfigKeys (ConfUtils.java:logGet(43)) - raft.server.write.element-limit = 4096 (default)
2019-09-20 09:27:06,309 [fd3cd5f9-4f1c-43ea-91b1-b85a1f6c3825-SegmentedRaftLogWorker:Storage Directory /workdir/hadoop-ozone/integration-test/target/test-dir/MiniOzoneClusterImpl-a33d77e5-464b-4d19-8e6b-a171e580bf0e/datanode-1/data/ratis/9aa64141-ed41-4aff-ad5c-bd469e00899e] INFO  impl.PendingRequests (PendingRequests.java:sendNotLeaderResponses(202)) - fd3cd5f9-4f1c-43ea-91b1-b85a1f6c3825-PendingRequests: sendNotLeaderResponses
2019-09-20 09:27:06,309 [492ed782-6ab3-4ad9-945e-06def6ac7c96-SegmentedRaftLogWorker:Storage Directory /workdir/hadoop-ozone/integration-test/target/test-dir/MiniOzoneClusterImpl-a33d77e5-464b-4d19-8e6b-a171e580bf0e/datanode-2/data/ratis/8094937d-de3e-47e4-8309-83474a4053d6] INFO  impl.StateMachineUpdater (StateMachineUpdater.java:stopAndJoin(115)) - StateMachineUpdater:492ed782-6ab3-4ad9-945e-06def6ac7c96:group-83474A4053D6: set stopIndex = -1
2019-09-20 09:27:06,327 [fd3cd5f9-4f1c-43ea-91b1-b85a1f6c3825-SegmentedRaftLogWorker:Storage Directory /workdir/hadoop-ozone/integration-test/target/test-dir/MiniOzoneClusterImpl-a33d77e5-464b-4d19-8e6b-a171e580bf0e/datanode-1/data/ratis/9aa64141-ed41-4aff-ad5c-bd469e00899e] INFO  impl.StateMachineUpdater (StateMachineUpdater.java:stopAndJoin(115)) - StateMachineUpdater:fd3cd5f9-4f1c-43ea-91b1-b85a1f6c3825:group-BD469E00899E: set stopIndex = -1
2019-09-20 09:27:06,309 [492ed782-6ab3-4ad9-945e-06def6ac7c96-SegmentedRaftLogWorker:Storage Directory /workdir/hadoop-ozone/integration-test/target/test-dir/MiniOzoneClusterImpl-a33d77e5-464b-4d19-8e6b-a171e580bf0e/datanode-2/data/ratis/00e0f02a-088a-41ce-b106-b5f712612dc6] INFO  impl.StateMachineUpdater (StateMachineUpdater.java:stopAndJoin(115)) - StateMachineUpdater:492ed782-6ab3-4ad9-945e-06def6ac7c96:group-B5F712612DC6: set stopIndex = -1
2019-09-20 09:27:06,328 [492ed782-6ab3-4ad9-945e-06def6ac7c96-SegmentedRaftLogWorker:Storage Directory /workdir/hadoop-ozone/integration-test/target/test-dir/MiniOzoneClusterImpl-a33d77e5-464b-4d19-8e6b-a171e580bf0e/datanode-2/data/ratis/00e0f02a-088a-41ce-b106-b5f712612dc6] INFO  impl.RaftServerImpl (ServerState.java:close(394)) - 492ed782-6ab3-4ad9-945e-06def6ac7c96:group-B5F712612DC6 closes. The last applied log index is -1
2019-09-20 09:27:06,309 [4840c00f-91d3-4881-a20b-4d0486ca97c0-SegmentedRaftLogWorker:Storage Directory /workdir/hadoop-ozone/integration-test/target/test-dir/MiniOzoneClusterImpl-a33d77e5-464b-4d19-8e6b-a171e580bf0e/datanode-3/data/ratis/d0b5c93f-1931-449a-9b36-73c7092b06b0] INFO  segmented.SegmentedRaftLogWorker (SegmentedRaftLogWorker.java:close(228)) - 4840c00f-91d3-4881-a20b-4d0486ca97c0-SegmentedRaftLogWorker:Storage Directory /workdir/hadoop-ozone/integration-test/target/test-dir/MiniOzoneClusterImpl-a33d77e5-464b-4d19-8e6b-a171e580bf0e/datanode-3/data/ratis/d0b5c93f-1931-449a-9b36-73c7092b06b0 close()
2019-09-20 09:27:06,308 [fd3cd5f9-4f1c-43ea-91b1-b85a1f6c3825:group-FE29A59A7301:LeaderElection78] INFO  server.RaftServerConfigKeys (ConfUtils.java:logGet(43)) - raft.server.watch.timeout.denomination = 1s (default)
2019-09-20 09:27:06,308 [4840c00f-91d3-4881-a20b-4d0486ca97c0:group-8C447C5D0F75:LeaderElection87] INFO  impl.RaftServerImpl (ServerState.java:setLeader(263)) - 4840c00f-91d3-4881-a20b-4d0486ca97c0:group-8C447C5D0F75 change Leader from null to 4840c00f-91d3-4881-a20b-4d0486ca97c0 at term 1 for becomeLeader, leader elected after 5860ms
2019-09-20 09:27:06,308 [492ed782-6ab3-4ad9-945e-06def6ac7c96-SegmentedRaftLogWorker:Storage Directory /workdir/hadoop-ozone/integration-test/target/test-dir/MiniOzoneClusterImpl-a33d77e5-464b-4d19-8e6b-a171e580bf0e/datanode-2/data/ratis/14060330-3d55-468a-8af2-078b27d18453] INFO  impl.PendingRequests (PendingRequests.java:sendNotLeaderResponses(202)) - 492ed782-6ab3-4ad9-945e-06def6ac7c96-PendingRequests: sendNotLeaderResponses
2019-09-20 09:27:06,308 [871e6485-c22a-483f-9e07-d19e754685be-SegmentedRaftLogWorker:Storage Directory /workdir/hadoop-ozone/integration-test/target/test-dir/MiniOzoneClusterImpl-a33d77e5-464b-4d19-8e6b-a171e580bf0e/datanode-4/data/ratis/f67d4f30-45a8-413b-8b89-b5103fe2782e] INFO  util.JmxRegister (JmxRegister.java:unregister(73)) - Successfully un-registered JMX Bean with object name Ratis:service=RaftServer,group=group-B5103FE2782E,id=871e6485-c22a-483f-9e07-d19e754685be
2019-09-20 09:27:06,307 [Thread-616] INFO  impl.RoleInfo (RoleInfo.java:updateAndGet(143)) - 871e6485-c22a-483f-9e07-d19e754685be: start LeaderElection
2019-09-20 09:27:06,307 [fd3cd5f9-4f1c-43ea-91b1-b85a1f6c3825-SegmentedRaftLogWorker:Storage Directory /workdir/hadoop-ozone/integration-test/target/test-dir/MiniOzoneClusterImpl-a33d77e5-464b-4d19-8e6b-a171e580bf0e/datanode-1/data/ratis/d140707c-4fb0-4506-a3be-f929c9a57b1f] INFO  impl.PendingRequests (PendingRequests.java:sendNotLeaderResponses(202)) - fd3cd5f9-4f1c-43ea-91b1-b85a1f6c3825-PendingRequests: sendNotLeaderResponses
2019-09-20 09:27:06,307 [Thread-624] INFO  impl.RoleInfo (RoleInfo.java:updateAndGet(143)) - 492ed782-6ab3-4ad9-945e-06def6ac7c96: start LeaderElection
2019-09-20 09:27:06,307 [Thread-642] INFO  impl.RaftServerImpl (RaftServerImpl.java:setRole(171)) - 4840c00f-91d3-4881-a20b-4d0486ca97c0:group-E1482C968AE7 changes role from FOLLOWER to CANDIDATE at term 0 for changeToCandidate
2019-09-20 09:27:06,307 [Thread-633] INFO  impl.RoleInfo (RoleInfo.java:shutdownFollowerState(121)) - 492ed782-6ab3-4ad9-945e-06def6ac7c96: shutdown FollowerState
2019-09-20 09:27:06,336 [grpc-default-executor-0] INFO  impl.RaftServerProxy (RaftServerProxy.java:addNew(89)) - 02b93e76-e4c6-4b67-b8a4-c536d9ab7224: addNew group-37C7F6D04707:[4840c00f-91d3-4881-a20b-4d0486ca97c0:192.168.36.99:41473, 871e6485-c22a-483f-9e07-d19e754685be:192.168.36.99:41076, 02b93e76-e4c6-4b67-b8a4-c536d9ab7224:192.168.36.99:39343] returns group-37C7F6D04707:java.util.concurrent.CompletableFuture@472c709a[Not completed]
2019-09-20 09:27:06,336 [Thread-642] INFO  impl.RoleInfo (RoleInfo.java:updateAndGet(143)) - 4840c00f-91d3-4881-a20b-4d0486ca97c0: start LeaderElection
2019-09-20 09:27:06,338 [grpc-default-executor-2] INFO  impl.RaftServerProxy (RaftServerProxy.java:addNew(89)) - 4840c00f-91d3-4881-a20b-4d0486ca97c0: addNew group-37C7F6D04707:[4840c00f-91d3-4881-a20b-4d0486ca97c0:192.168.36.99:41473, 871e6485-c22a-483f-9e07-d19e754685be:192.168.36.99:41076, 02b93e76-e4c6-4b67-b8a4-c536d9ab7224:192.168.36.99:39343] returns group-37C7F6D04707:java.util.concurrent.CompletableFuture@61a1db08[Not completed]
2019-09-20 09:27:06,335 [fd3cd5f9-4f1c-43ea-91b1-b85a1f6c3825-SegmentedRaftLogWorker:Storage Directory /workdir/hadoop-ozone/integration-test/target/test-dir/MiniOzoneClusterImpl-a33d77e5-464b-4d19-8e6b-a171e580bf0e/datanode-1/data/ratis/d140707c-4fb0-4506-a3be-f929c9a57b1f] INFO  impl.StateMachineUpdater (StateMachineUpdater.java:stopAndJoin(115)) - StateMachineUpdater:fd3cd5f9-4f1c-43ea-91b1-b85a1f6c3825:group-F929C9A57B1F: set stopIndex = -1
2019-09-20 09:27:06,340 [fd3cd5f9-4f1c-43ea-91b1-b85a1f6c3825-SegmentedRaftLogWorker:Storage Directory /workdir/hadoop-ozone/integration-test/target/test-dir/MiniOzoneClusterImpl-a33d77e5-464b-4d19-8e6b-a171e580bf0e/datanode-1/data/ratis/d140707c-4fb0-4506-a3be-f929c9a57b1f] INFO  impl.RaftServerImpl (ServerState.java:close(394)) - fd3cd5f9-4f1c-43ea-91b1-b85a1f6c3825:group-F929C9A57B1F closes. The last applied log index is -1
2019-09-20 09:27:06,335 [492ed782-6ab3-4ad9-945e-06def6ac7c96:group-D9DFD2FAA041:LeaderElection90] INFO  impl.LeaderElection (LeaderElection.java:askForVotes(181)) - 492ed782-6ab3-4ad9-945e-06def6ac7c96:group-D9DFD2FAA041:LeaderElection90: begin an election at term 1 for -1: [492ed782-6ab3-4ad9-945e-06def6ac7c96:192.168.36.99:32835], old=null
2019-09-20 09:27:06,340 [fd3cd5f9-4f1c-43ea-91b1-b85a1f6c3825-SegmentedRaftLogWorker:Storage Directory /workdir/hadoop-ozone/integration-test/target/test-dir/MiniOzoneClusterImpl-a33d77e5-464b-4d19-8e6b-a171e580bf0e/datanode-1/data/ratis/d140707c-4fb0-4506-a3be-f929c9a57b1f] INFO  segmented.SegmentedRaftLogWorker (SegmentedRaftLogWorker.java:close(228)) - fd3cd5f9-4f1c-43ea-91b1-b85a1f6c3825-SegmentedRaftLogWorker:Storage Directory /workdir/hadoop-ozone/integration-test/target/test-dir/MiniOzoneClusterImpl-a33d77e5-464b-4d19-8e6b-a171e580bf0e/datanode-1/data/ratis/d140707c-4fb0-4506-a3be-f929c9a57b1f close()
2019-09-20 09:27:06,335 [4840c00f-91d3-4881-a20b-4d0486ca97c0:group-0F9565C0C9C7:LeaderElection88] INFO  impl.LeaderElection (LeaderElection.java:askForVotes(181)) - 4840c00f-91d3-4881-a20b-4d0486ca97c0:group-0F9565C0C9C7:LeaderElection88: begin an election at term 1 for -1: [4840c00f-91d3-4881-a20b-4d0486ca97c0:192.168.36.99:41473], old=null
2019-09-20 09:27:06,343 [871e6485-c22a-483f-9e07-d19e754685be:group-F286CD3DD3B8:LeaderElection95] INFO  impl.LeaderElection (LeaderElection.java:askForVotes(181)) - 871e6485-c22a-483f-9e07-d19e754685be:group-F286CD3DD3B8:LeaderElection95: begin an election at term 1 for -1: [871e6485-c22a-483f-9e07-d19e754685be:192.168.36.99:41076], old=null
2019-09-20 09:27:06,335 [4840c00f-91d3-4881-a20b-4d0486ca97c0:group-0216F39D9076:LeaderElection89] INFO  impl.LeaderElection (LeaderElection.java:askForVotes(181)) - 4840c00f-91d3-4881-a20b-4d0486ca97c0:group-0216F39D9076:LeaderElection89: begin an election at term 1 for -1: [4840c00f-91d3-4881-a20b-4d0486ca97c0:192.168.36.99:41473], old=null
2019-09-20 09:27:06,334 [871e6485-c22a-483f-9e07-d19e754685be-SegmentedRaftLogWorker:Storage Directory /workdir/hadoop-ozone/integration-test/target/test-dir/MiniOzoneClusterImpl-a33d77e5-464b-4d19-8e6b-a171e580bf0e/datanode-4/data/ratis/f67d4f30-45a8-413b-8b89-b5103fe2782e] INFO  impl.RoleInfo (RoleInfo.java:shutdownLeaderState(104)) - 871e6485-c22a-483f-9e07-d19e754685be: shutdown LeaderState
2019-09-20 09:27:06,333 [492ed782-6ab3-4ad9-945e-06def6ac7c96-SegmentedRaftLogWorker:Storage Directory /workdir/hadoop-ozone/integration-test/target/test-dir/MiniOzoneClusterImpl-a33d77e5-464b-4d19-8e6b-a171e580bf0e/datanode-2/data/ratis/14060330-3d55-468a-8af2-078b27d18453] INFO  impl.StateMachineUpdater (StateMachineUpdater.java:stopAndJoin(115)) - StateMachineUpdater:492ed782-6ab3-4ad9-945e-06def6ac7c96:group-078B27D18453: set stopIndex = -1
2019-09-20 09:27:06,333 [4840c00f-91d3-4881-a20b-4d0486ca97c0:group-8C447C5D0F75:LeaderElection87] INFO  server.RaftServerConfigKeys (ConfUtils.java:logGet(43)) - raft.server.staging.catchup.gap = 1000 (default)
2019-09-20 09:27:06,333 [fd3cd5f9-4f1c-43ea-91b1-b85a1f6c3825:group-FE29A59A7301:LeaderElection78] INFO  server.RaftServerConfigKeys (ConfUtils.java:logGet(43)) - raft.server.watch.element-limit = 65536 (default)
2019-09-20 09:27:06,328 [492ed782-6ab3-4ad9-945e-06def6ac7c96-SegmentedRaftLogWorker:Storage Directory /workdir/hadoop-ozone/integration-test/target/test-dir/MiniOzoneClusterImpl-a33d77e5-464b-4d19-8e6b-a171e580bf0e/datanode-2/data/ratis/00e0f02a-088a-41ce-b106-b5f712612dc6] INFO  segmented.SegmentedRaftLogWorker (SegmentedRaftLogWorker.java:close(228)) - 492ed782-6ab3-4ad9-945e-06def6ac7c96-SegmentedRaftLogWorker:Storage Directory /workdir/hadoop-ozone/integration-test/target/test-dir/MiniOzoneClusterImpl-a33d77e5-464b-4d19-8e6b-a171e580bf0e/datanode-2/data/ratis/00e0f02a-088a-41ce-b106-b5f712612dc6 close()
2019-09-20 09:27:06,328 [fd3cd5f9-4f1c-43ea-91b1-b85a1f6c3825-SegmentedRaftLogWorker:Storage Directory /workdir/hadoop-ozone/integration-test/target/test-dir/MiniOzoneClusterImpl-a33d77e5-464b-4d19-8e6b-a171e580bf0e/datanode-1/data/ratis/9aa64141-ed41-4aff-ad5c-bd469e00899e] INFO  impl.RaftServerImpl (ServerState.java:close(394)) - fd3cd5f9-4f1c-43ea-91b1-b85a1f6c3825:group-BD469E00899E closes. The last applied log index is -1
2019-09-20 09:27:06,327 [492ed782-6ab3-4ad9-945e-06def6ac7c96-SegmentedRaftLogWorker:Storage Directory /workdir/hadoop-ozone/integration-test/target/test-dir/MiniOzoneClusterImpl-a33d77e5-464b-4d19-8e6b-a171e580bf0e/datanode-2/data/ratis/8094937d-de3e-47e4-8309-83474a4053d6] INFO  impl.RaftServerImpl (ServerState.java:close(394)) - 492ed782-6ab3-4ad9-945e-06def6ac7c96:group-83474A4053D6 closes. The last applied log index is -1
2019-09-20 09:27:06,324 [4840c00f-91d3-4881-a20b-4d0486ca97c0:group-1748BB481D0C:LeaderElection84] INFO  server.RaftServerConfigKeys (ConfUtils.java:logGet(43)) - raft.server.watch.timeout = 10s (default)
2019-09-20 09:27:06,322 [dc7f40a9-6782-42c4-abab-c6b1682da047:group-F88C76BC901D:LeaderElection83] INFO  server.RaftServerConfigKeys (ConfUtils.java:logGet(43)) - raft.server.write.element-limit = 4096 (default)
2019-09-20 09:27:06,322 [fd3cd5f9-4f1c-43ea-91b1-b85a1f6c3825:group-12B3FAED76D7:LeaderElection79] INFO  server.RaftServerConfigKeys (ConfUtils.java:logGet(43)) - raft.server.watch.timeout.denomination = 1s (default)
2019-09-20 09:27:06,322 [02b93e76-e4c6-4b67-b8a4-c536d9ab7224:group-E470973DD81D:LeaderElection82] INFO  impl.RoleInfo (RoleInfo.java:updateAndGet(143)) - 02b93e76-e4c6-4b67-b8a4-c536d9ab7224: start LeaderState
2019-09-20 09:27:06,320 [pool-38-thread-1] INFO  segmented.SegmentedRaftLogWorker (SegmentedRaftLogWorker.java:<init>(172)) - new fd3cd5f9-4f1c-43ea-91b1-b85a1f6c3825-SegmentedRaftLogWorker:Storage Directory /workdir/hadoop-ozone/integration-test/target/test-dir/MiniOzoneClusterImpl-a33d77e5-464b-4d19-8e6b-a171e580bf0e/datanode-1/data/ratis/0b8e0f6d-f4b7-4696-9410-b2b5ede21c69 for RaftStorage:Storage Directory /workdir/hadoop-ozone/integration-test/target/test-dir/MiniOzoneClusterImpl-a33d77e5-464b-4d19-8e6b-a171e580bf0e/datanode-1/data/ratis/0b8e0f6d-f4b7-4696-9410-b2b5ede21c69
2019-09-20 09:27:06,317 [02b93e76-e4c6-4b67-b8a4-c536d9ab7224:group-E4B357F9360E:LeaderElection81] INFO  server.RaftServerConfigKeys (ConfUtils.java:logGet(43)) - raft.server.watch.element-limit = 65536 (default)
2019-09-20 09:27:06,317 [492ed782-6ab3-4ad9-945e-06def6ac7c96:group-0B991F8144C1:LeaderElection86] INFO  server.RaftServerConfigKeys (ConfUtils.java:logGet(43)) - raft.server.staging.catchup.gap = 1000 (default)
2019-09-20 09:27:06,317 [fd3cd5f9-4f1c-43ea-91b1-b85a1f6c3825:group-B51869680CF2:LeaderElection85] INFO  server.RaftServerConfigKeys (ConfUtils.java:logGet(43)) - raft.server.rpc.sleep.time = 25ms (default)
2019-09-20 09:27:06,317 [492ed782-6ab3-4ad9-945e-06def6ac7c96:group-371618AF92D0:LeaderElection80] INFO  server.RaftServerConfigKeys (ConfUtils.java:logGet(43)) - raft.server.watch.element-limit = 65536 (default)
2019-09-20 09:27:06,350 [fd3cd5f9-4f1c-43ea-91b1-b85a1f6c3825:group-B51869680CF2:LeaderElection85] INFO  server.RaftServerConfigKeys (ConfUtils.java:logGet(43)) - raft.server.write.element-limit = 4096 (default)
2019-09-20 09:27:06,350 [492ed782-6ab3-4ad9-945e-06def6ac7c96:group-0B991F8144C1:LeaderElection86] INFO  server.RaftServerConfigKeys (ConfUtils.java:logGet(43)) - raft.server.rpc.sleep.time = 25ms (default)
2019-09-20 09:27:06,350 [pool-60-thread-1] INFO  impl.RaftServerImpl (RaftServerImpl.java:<init>(93)) - 4840c00f-91d3-4881-a20b-4d0486ca97c0: new RaftServerImpl for group-37C7F6D04707:[4840c00f-91d3-4881-a20b-4d0486ca97c0:192.168.36.99:41473, 871e6485-c22a-483f-9e07-d19e754685be:192.168.36.99:41076, 02b93e76-e4c6-4b67-b8a4-c536d9ab7224:192.168.36.99:39343] with ContainerStateMachine:uninitialized
2019-09-20 09:27:06,350 [02b93e76-e4c6-4b67-b8a4-c536d9ab7224:group-E4B357F9360E:LeaderElection81] INFO  impl.RoleInfo (RoleInfo.java:updateAndGet(143)) - 02b93e76-e4c6-4b67-b8a4-c536d9ab7224: start LeaderState
2019-09-20 09:27:06,349 [pool-38-thread-1] INFO  server.RaftServerConfigKeys (ConfUtils.java:logGet(43)) - raft.server.log.queue.byte-limit = 2147483647 (custom)
2019-09-20 09:27:06,349 [02b93e76-e4c6-4b67-b8a4-c536d9ab7224:group-E470973DD81D:LeaderElection82] INFO  segmented.SegmentedRaftLogWorker (SegmentedRaftLogWorker.java:startLogSegment(380)) - 02b93e76-e4c6-4b67-b8a4-c536d9ab7224-SegmentedRaftLogWorker:Storage Directory /workdir/hadoop-ozone/integration-test/target/test-dir/MiniOzoneClusterImpl-a33d77e5-464b-4d19-8e6b-a171e580bf0e/datanode-0/data/ratis/9110cbed-aff7-478d-a0d1-e470973dd81d: Starting segment from index:0
2019-09-20 09:27:06,349 [fd3cd5f9-4f1c-43ea-91b1-b85a1f6c3825:group-12B3FAED76D7:LeaderElection79] INFO  server.RaftServerConfigKeys (ConfUtils.java:logGet(43)) - raft.server.watch.element-limit = 65536 (default)
2019-09-20 09:27:06,349 [dc7f40a9-6782-42c4-abab-c6b1682da047:group-F88C76BC901D:LeaderElection83] INFO  server.RaftServerConfigKeys (ConfUtils.java:logGet(43)) - raft.server.watch.timeout = 10s (default)
2019-09-20 09:27:06,351 [dc7f40a9-6782-42c4-abab-c6b1682da047:group-F88C76BC901D:LeaderElection83] INFO  server.RaftServerConfigKeys (ConfUtils.java:logGet(43)) - raft.server.watch.timeout.denomination = 1s (default)
2019-09-20 09:27:06,349 [4840c00f-91d3-4881-a20b-4d0486ca97c0:group-1748BB481D0C:LeaderElection84] INFO  server.RaftServerConfigKeys (ConfUtils.java:logGet(43)) - raft.server.watch.timeout.denomination = 1s (default)
2019-09-20 09:27:06,349 [pool-71-thread-1] INFO  impl.RaftServerImpl (RaftServerImpl.java:<init>(93)) - 871e6485-c22a-483f-9e07-d19e754685be: new RaftServerImpl for group-37C7F6D04707:[4840c00f-91d3-4881-a20b-4d0486ca97c0:192.168.36.99:41473, 871e6485-c22a-483f-9e07-d19e754685be:192.168.36.99:41076, 02b93e76-e4c6-4b67-b8a4-c536d9ab7224:192.168.36.99:39343] with ContainerStateMachine:uninitialized
2019-09-20 09:27:06,349 [492ed782-6ab3-4ad9-945e-06def6ac7c96-SegmentedRaftLogWorker:Storage Directory /workdir/hadoop-ozone/integration-test/target/test-dir/MiniOzoneClusterImpl-a33d77e5-464b-4d19-8e6b-a171e580bf0e/datanode-2/data/ratis/8094937d-de3e-47e4-8309-83474a4053d6] INFO  segmented.SegmentedRaftLogWorker (SegmentedRaftLogWorker.java:close(228)) - 492ed782-6ab3-4ad9-945e-06def6ac7c96-SegmentedRaftLogWorker:Storage Directory /workdir/hadoop-ozone/integration-test/target/test-dir/MiniOzoneClusterImpl-a33d77e5-464b-4d19-8e6b-a171e580bf0e/datanode-2/data/ratis/8094937d-de3e-47e4-8309-83474a4053d6 close()
2019-09-20 09:27:06,349 [fd3cd5f9-4f1c-43ea-91b1-b85a1f6c3825-SegmentedRaftLogWorker:Storage Directory /workdir/hadoop-ozone/integration-test/target/test-dir/MiniOzoneClusterImpl-a33d77e5-464b-4d19-8e6b-a171e580bf0e/datanode-1/data/ratis/9aa64141-ed41-4aff-ad5c-bd469e00899e] INFO  segmented.SegmentedRaftLogWorker (SegmentedRaftLogWorker.java:close(228)) - fd3cd5f9-4f1c-43ea-91b1-b85a1f6c3825-SegmentedRaftLogWorker:Storage Directory /workdir/hadoop-ozone/integration-test/target/test-dir/MiniOzoneClusterImpl-a33d77e5-464b-4d19-8e6b-a171e580bf0e/datanode-1/data/ratis/9aa64141-ed41-4aff-ad5c-bd469e00899e close()
2019-09-20 09:27:06,348 [Thread-638] INFO  impl.FollowerState (FollowerState.java:run(106)) - 4840c00f-91d3-4881-a20b-4d0486ca97c0:group-3F30D8B52B66 changes to CANDIDATE, lastRpcTime:5166, electionTimeout:5166ms
2019-09-20 09:27:06,592 [Thread-638] INFO  impl.RoleInfo (RoleInfo.java:shutdownFollowerState(121)) - 4840c00f-91d3-4881-a20b-4d0486ca97c0: shutdown FollowerState
2019-09-20 09:27:06,344 [fd3cd5f9-4f1c-43ea-91b1-b85a1f6c3825:group-FE29A59A7301:LeaderElection78] INFO  impl.RoleInfo (RoleInfo.java:updateAndGet(143)) - fd3cd5f9-4f1c-43ea-91b1-b85a1f6c3825: start LeaderState
2019-09-20 09:27:06,344 [4840c00f-91d3-4881-a20b-4d0486ca97c0:group-8C447C5D0F75:LeaderElection87] INFO  server.RaftServerConfigKeys (ConfUtils.java:logGet(43)) - raft.server.rpc.sleep.time = 25ms (default)
2019-09-20 09:27:06,592 [fd3cd5f9-4f1c-43ea-91b1-b85a1f6c3825:group-FE29A59A7301:LeaderElection78] INFO  segmented.SegmentedRaftLogWorker (SegmentedRaftLogWorker.java:startLogSegment(380)) - fd3cd5f9-4f1c-43ea-91b1-b85a1f6c3825-SegmentedRaftLogWorker:Storage Directory /workdir/hadoop-ozone/integration-test/target/test-dir/MiniOzoneClusterImpl-a33d77e5-464b-4d19-8e6b-a171e580bf0e/datanode-1/data/ratis/7b293f05-51fc-4416-a472-fe29a59a7301: Starting segment from index:0
2019-09-20 09:27:06,344 [pool-27-thread-1] INFO  impl.RaftServerImpl (RaftServerImpl.java:<init>(93)) - 02b93e76-e4c6-4b67-b8a4-c536d9ab7224: new RaftServerImpl for group-37C7F6D04707:[4840c00f-91d3-4881-a20b-4d0486ca97c0:192.168.36.99:41473, 871e6485-c22a-483f-9e07-d19e754685be:192.168.36.99:41076, 02b93e76-e4c6-4b67-b8a4-c536d9ab7224:192.168.36.99:39343] with ContainerStateMachine:uninitialized
2019-09-20 09:27:06,344 [492ed782-6ab3-4ad9-945e-06def6ac7c96-SegmentedRaftLogWorker:Storage Directory /workdir/hadoop-ozone/integration-test/target/test-dir/MiniOzoneClusterImpl-a33d77e5-464b-4d19-8e6b-a171e580bf0e/datanode-2/data/ratis/14060330-3d55-468a-8af2-078b27d18453] INFO  impl.RaftServerImpl (ServerState.java:close(394)) - 492ed782-6ab3-4ad9-945e-06def6ac7c96:group-078B27D18453 closes. The last applied log index is -1
2019-09-20 09:27:06,344 [871e6485-c22a-483f-9e07-d19e754685be-SegmentedRaftLogWorker:Storage Directory /workdir/hadoop-ozone/integration-test/target/test-dir/MiniOzoneClusterImpl-a33d77e5-464b-4d19-8e6b-a171e580bf0e/datanode-4/data/ratis/f67d4f30-45a8-413b-8b89-b5103fe2782e] INFO  impl.PendingRequests (PendingRequests.java:sendNotLeaderResponses(202)) - 871e6485-c22a-483f-9e07-d19e754685be-PendingRequests: sendNotLeaderResponses
2019-09-20 09:27:06,593 [492ed782-6ab3-4ad9-945e-06def6ac7c96-SegmentedRaftLogWorker:Storage Directory /workdir/hadoop-ozone/integration-test/target/test-dir/MiniOzoneClusterImpl-a33d77e5-464b-4d19-8e6b-a171e580bf0e/datanode-2/data/ratis/14060330-3d55-468a-8af2-078b27d18453] INFO  segmented.SegmentedRaftLogWorker (SegmentedRaftLogWorker.java:close(228)) - 492ed782-6ab3-4ad9-945e-06def6ac7c96-SegmentedRaftLogWorker:Storage Directory /workdir/hadoop-ozone/integration-test/target/test-dir/MiniOzoneClusterImpl-a33d77e5-464b-4d19-8e6b-a171e580bf0e/datanode-2/data/ratis/14060330-3d55-468a-8af2-078b27d18453 close()
2019-09-20 09:27:06,344 [4840c00f-91d3-4881-a20b-4d0486ca97c0:group-0216F39D9076:LeaderElection89] INFO  impl.RoleInfo (RoleInfo.java:shutdownLeaderElection(134)) - 4840c00f-91d3-4881-a20b-4d0486ca97c0: shutdown LeaderElection
2019-09-20 09:27:06,809 [4840c00f-91d3-4881-a20b-4d0486ca97c0:group-0216F39D9076:LeaderElection89] INFO  impl.RaftServerImpl (RaftServerImpl.java:setRole(171)) - 4840c00f-91d3-4881-a20b-4d0486ca97c0:group-0216F39D9076 changes role from CANDIDATE to LEADER at term 1 for changeToLeader
2019-09-20 09:27:06,343 [871e6485-c22a-483f-9e07-d19e754685be:group-F286CD3DD3B8:LeaderElection95] INFO  impl.RoleInfo (RoleInfo.java:shutdownLeaderElection(134)) - 871e6485-c22a-483f-9e07-d19e754685be: shutdown LeaderElection
2019-09-20 09:27:06,343 [4840c00f-91d3-4881-a20b-4d0486ca97c0:group-0F9565C0C9C7:LeaderElection88] INFO  impl.RoleInfo (RoleInfo.java:shutdownLeaderElection(134)) - 4840c00f-91d3-4881-a20b-4d0486ca97c0: shutdown LeaderElection
2019-09-20 09:27:06,809 [4840c00f-91d3-4881-a20b-4d0486ca97c0:group-0F9565C0C9C7:LeaderElection88] INFO  impl.RaftServerImpl (RaftServerImpl.java:setRole(171)) - 4840c00f-91d3-4881-a20b-4d0486ca97c0:group-0F9565C0C9C7 changes role from CANDIDATE to LEADER at term 1 for changeToLeader
2019-09-20 09:27:06,809 [4840c00f-91d3-4881-a20b-4d0486ca97c0:group-0F9565C0C9C7:LeaderElection88] INFO  impl.RaftServerImpl (ServerState.java:setLeader(263)) - 4840c00f-91d3-4881-a20b-4d0486ca97c0:group-0F9565C0C9C7 change Leader from null to 4840c00f-91d3-4881-a20b-4d0486ca97c0 at term 1 for becomeLeader, leader elected after 6218ms
2019-09-20 09:27:06,343 [02b93e76-e4c6-4b67-b8a4-c536d9ab7224:group-B9203607AE95:LeaderElection92] INFO  impl.LeaderElection (LeaderElection.java:askForVotes(181)) - 02b93e76-e4c6-4b67-b8a4-c536d9ab7224:group-B9203607AE95:LeaderElection92: begin an election at term 1 for -1: [02b93e76-e4c6-4b67-b8a4-c536d9ab7224:192.168.36.99:39343], old=null
2019-09-20 09:27:06,343 [02b93e76-e4c6-4b67-b8a4-c536d9ab7224:group-6193B43AE77D:LeaderElection91] INFO  impl.LeaderElection (LeaderElection.java:askForVotes(181)) - 02b93e76-e4c6-4b67-b8a4-c536d9ab7224:group-6193B43AE77D:LeaderElection91: begin an election at term 1 for -1: [02b93e76-e4c6-4b67-b8a4-c536d9ab7224:192.168.36.99:39343], old=null
2019-09-20 09:27:06,340 [492ed782-6ab3-4ad9-945e-06def6ac7c96:group-D9DFD2FAA041:LeaderElection90] INFO  impl.RoleInfo (RoleInfo.java:shutdownLeaderElection(134)) - 492ed782-6ab3-4ad9-945e-06def6ac7c96: shutdown LeaderElection
2019-09-20 09:27:06,340 [grpc-default-executor-1] INFO  impl.RaftServerProxy (RaftServerProxy.java:addNew(89)) - 871e6485-c22a-483f-9e07-d19e754685be: addNew group-37C7F6D04707:[4840c00f-91d3-4881-a20b-4d0486ca97c0:192.168.36.99:41473, 871e6485-c22a-483f-9e07-d19e754685be:192.168.36.99:41076, 02b93e76-e4c6-4b67-b8a4-c536d9ab7224:192.168.36.99:39343] returns group-37C7F6D04707:java.util.concurrent.CompletableFuture@45263e88[Not completed]
2019-09-20 09:27:06,338 [Thread-633] INFO  impl.RaftServerImpl (RaftServerImpl.java:setRole(171)) - 492ed782-6ab3-4ad9-945e-06def6ac7c96:group-6EDD1D14131D changes role from FOLLOWER to CANDIDATE at term 0 for changeToCandidate
2019-09-20 09:27:06,810 [492ed782-6ab3-4ad9-945e-06def6ac7c96:group-D9DFD2FAA041:LeaderElection90] INFO  impl.RaftServerImpl (RaftServerImpl.java:setRole(171)) - 492ed782-6ab3-4ad9-945e-06def6ac7c96:group-D9DFD2FAA041 changes role from CANDIDATE to LEADER at term 1 for changeToLeader
2019-09-20 09:27:06,810 [492ed782-6ab3-4ad9-945e-06def6ac7c96:group-D9DFD2FAA041:LeaderElection90] INFO  impl.RaftServerImpl (ServerState.java:setLeader(263)) - 492ed782-6ab3-4ad9-945e-06def6ac7c96:group-D9DFD2FAA041 change Leader from null to 492ed782-6ab3-4ad9-945e-06def6ac7c96 at term 1 for becomeLeader, leader elected after 6278ms
2019-09-20 09:27:06,809 [02b93e76-e4c6-4b67-b8a4-c536d9ab7224:group-6193B43AE77D:LeaderElection91] INFO  impl.RoleInfo (RoleInfo.java:shutdownLeaderElection(134)) - 02b93e76-e4c6-4b67-b8a4-c536d9ab7224: shutdown LeaderElection
2019-09-20 09:27:06,809 [02b93e76-e4c6-4b67-b8a4-c536d9ab7224:group-B9203607AE95:LeaderElection92] INFO  impl.RoleInfo (RoleInfo.java:shutdownLeaderElection(134)) - 02b93e76-e4c6-4b67-b8a4-c536d9ab7224: shutdown LeaderElection
2019-09-20 09:27:06,809 [4840c00f-91d3-4881-a20b-4d0486ca97c0:group-0F9565C0C9C7:LeaderElection88] INFO  server.RaftServerConfigKeys (ConfUtils.java:logGet(43)) - raft.server.staging.catchup.gap = 1000 (default)
2019-09-20 09:27:06,811 [4840c00f-91d3-4881-a20b-4d0486ca97c0:group-0F9565C0C9C7:LeaderElection88] INFO  server.RaftServerConfigKeys (ConfUtils.java:logGet(43)) - raft.server.rpc.sleep.time = 25ms (default)
2019-09-20 09:27:06,809 [871e6485-c22a-483f-9e07-d19e754685be:group-F286CD3DD3B8:LeaderElection95] INFO  impl.RaftServerImpl (RaftServerImpl.java:setRole(171)) - 871e6485-c22a-483f-9e07-d19e754685be:group-F286CD3DD3B8 changes role from CANDIDATE to LEADER at term 1 for changeToLeader
2019-09-20 09:27:06,811 [871e6485-c22a-483f-9e07-d19e754685be:group-F286CD3DD3B8:LeaderElection95] INFO  impl.RaftServerImpl (ServerState.java:setLeader(263)) - 871e6485-c22a-483f-9e07-d19e754685be:group-F286CD3DD3B8 change Leader from null to 871e6485-c22a-483f-9e07-d19e754685be at term 1 for becomeLeader, leader elected after 5981ms
2019-09-20 09:27:06,809 [4840c00f-91d3-4881-a20b-4d0486ca97c0:group-0216F39D9076:LeaderElection89] INFO  impl.RaftServerImpl (ServerState.java:setLeader(263)) - 4840c00f-91d3-4881-a20b-4d0486ca97c0:group-0216F39D9076 change Leader from null to 4840c00f-91d3-4881-a20b-4d0486ca97c0 at term 1 for becomeLeader, leader elected after 6140ms
2019-09-20 09:27:06,804 [871e6485-c22a-483f-9e07-d19e754685be-SegmentedRaftLogWorker:Storage Directory /workdir/hadoop-ozone/integration-test/target/test-dir/MiniOzoneClusterImpl-a33d77e5-464b-4d19-8e6b-a171e580bf0e/datanode-4/data/ratis/f67d4f30-45a8-413b-8b89-b5103fe2782e] INFO  impl.StateMachineUpdater (StateMachineUpdater.java:stopAndJoin(115)) - StateMachineUpdater:871e6485-c22a-483f-9e07-d19e754685be:group-B5103FE2782E: set stopIndex = -1
2019-09-20 09:27:06,811 [871e6485-c22a-483f-9e07-d19e754685be-SegmentedRaftLogWorker:Storage Directory /workdir/hadoop-ozone/integration-test/target/test-dir/MiniOzoneClusterImpl-a33d77e5-464b-4d19-8e6b-a171e580bf0e/datanode-4/data/ratis/f67d4f30-45a8-413b-8b89-b5103fe2782e] INFO  impl.RaftServerImpl (ServerState.java:close(394)) - 871e6485-c22a-483f-9e07-d19e754685be:group-B5103FE2782E closes. The last applied log index is -1
2019-09-20 09:27:06,804 [fd3cd5f9-4f1c-43ea-91b1-b85a1f6c3825:group-FE29A59A7301:LeaderElection78] INFO  impl.RaftServerImpl (ServerState.java:setRaftConf(361)) - fd3cd5f9-4f1c-43ea-91b1-b85a1f6c3825:group-FE29A59A7301 set configuration 0: [fd3cd5f9-4f1c-43ea-91b1-b85a1f6c3825:192.168.36.99:39114], old=null at 0
2019-09-20 09:27:06,803 [Thread-655] INFO  impl.FollowerState (FollowerState.java:run(106)) - fd3cd5f9-4f1c-43ea-91b1-b85a1f6c3825:group-140670C34868 changes to CANDIDATE, lastRpcTime:5308, electionTimeout:5140ms
2019-09-20 09:27:06,803 [Thread-665] INFO  impl.FollowerState (FollowerState.java:run(106)) - 492ed782-6ab3-4ad9-945e-06def6ac7c96:group-73D4B665E0F9 changes to CANDIDATE, lastRpcTime:5172, electionTimeout:5033ms
2019-09-20 09:27:06,812 [Thread-665] INFO  impl.RoleInfo (RoleInfo.java:shutdownFollowerState(121)) - 492ed782-6ab3-4ad9-945e-06def6ac7c96: shutdown FollowerState
2019-09-20 09:27:06,803 [Thread-662] INFO  impl.FollowerState (FollowerState.java:run(106)) - 492ed782-6ab3-4ad9-945e-06def6ac7c96:group-7DB849C7BA05 changes to CANDIDATE, lastRpcTime:5236, electionTimeout:5152ms
2019-09-20 09:27:06,812 [Thread-662] INFO  impl.RoleInfo (RoleInfo.java:shutdownFollowerState(121)) - 492ed782-6ab3-4ad9-945e-06def6ac7c96: shutdown FollowerState
2019-09-20 09:27:06,593 [pool-27-thread-1] INFO  server.RaftServerConfigKeys (ConfUtils.java:logGet(43)) - raft.server.rpc.timeout.min = 5s (custom)
2019-09-20 09:27:06,593 [4840c00f-91d3-4881-a20b-4d0486ca97c0:group-8C447C5D0F75:LeaderElection87] INFO  server.RaftServerConfigKeys (ConfUtils.java:logGet(43)) - raft.server.write.element-limit = 4096 (default)
2019-09-20 09:27:06,592 [Thread-638] INFO  impl.RaftServerImpl (RaftServerImpl.java:setRole(171)) - 4840c00f-91d3-4881-a20b-4d0486ca97c0:group-3F30D8B52B66 changes role from FOLLOWER to CANDIDATE at term 0 for changeToCandidate
2019-09-20 09:27:06,813 [Thread-638] INFO  impl.RoleInfo (RoleInfo.java:updateAndGet(143)) - 4840c00f-91d3-4881-a20b-4d0486ca97c0: start LeaderElection
2019-09-20 09:27:06,588 [492ed782-6ab3-4ad9-945e-06def6ac7c96:group-5EA3DEB86097:LeaderElection93] INFO  impl.LeaderElection (LeaderElection.java:askForVotes(181)) - 492ed782-6ab3-4ad9-945e-06def6ac7c96:group-5EA3DEB86097:LeaderElection93: begin an election at term 1 for -1: [492ed782-6ab3-4ad9-945e-06def6ac7c96:192.168.36.99:32835], old=null
2019-09-20 09:27:06,588 [4840c00f-91d3-4881-a20b-4d0486ca97c0:group-E1482C968AE7:LeaderElection96] INFO  impl.LeaderElection (LeaderElection.java:askForVotes(181)) - 4840c00f-91d3-4881-a20b-4d0486ca97c0:group-E1482C968AE7:LeaderElection96: begin an election at term 1 for -1: [4840c00f-91d3-4881-a20b-4d0486ca97c0:192.168.36.99:41473], old=null
2019-09-20 09:27:06,585 [Thread-651] INFO  impl.FollowerState (FollowerState.java:run(106)) - 492ed782-6ab3-4ad9-945e-06def6ac7c96:group-DBC605E3E4FA changes to CANDIDATE, lastRpcTime:5174, electionTimeout:5079ms
2019-09-20 09:27:06,588 [871e6485-c22a-483f-9e07-d19e754685be:group-953E3776DFC8:LeaderElection94] INFO  impl.LeaderElection (LeaderElection.java:askForVotes(181)) - 871e6485-c22a-483f-9e07-d19e754685be:group-953E3776DFC8:LeaderElection94: begin an election at term 1 for -1: [871e6485-c22a-483f-9e07-d19e754685be:192.168.36.99:41076], old=null
2019-09-20 09:27:06,588 [Thread-647] INFO  impl.FollowerState (FollowerState.java:run(106)) - 02b93e76-e4c6-4b67-b8a4-c536d9ab7224:group-45895A567D29 changes to CANDIDATE, lastRpcTime:5244, electionTimeout:5049ms
2019-09-20 09:27:06,351 [pool-71-thread-1] INFO  server.RaftServerConfigKeys (ConfUtils.java:logGet(43)) - raft.server.rpc.timeout.min = 5s (custom)
2019-09-20 09:27:06,822 [pool-71-thread-1] INFO  server.RaftServerConfigKeys (ConfUtils.java:logGet(43)) - raft.server.rpc.timeout.max = 5200ms (custom)
2019-09-20 09:27:06,351 [4840c00f-91d3-4881-a20b-4d0486ca97c0:group-1748BB481D0C:LeaderElection84] INFO  server.RaftServerConfigKeys (ConfUtils.java:logGet(43)) - raft.server.watch.element-limit = 65536 (default)
2019-09-20 09:27:06,351 [dc7f40a9-6782-42c4-abab-c6b1682da047:group-F88C76BC901D:LeaderElection83] INFO  server.RaftServerConfigKeys (ConfUtils.java:logGet(43)) - raft.server.watch.element-limit = 65536 (default)
2019-09-20 09:27:06,351 [02b93e76-e4c6-4b67-b8a4-c536d9ab7224:group-E470973DD81D:LeaderElection82] INFO  impl.RaftServerImpl (ServerState.java:setRaftConf(361)) - 02b93e76-e4c6-4b67-b8a4-c536d9ab7224:group-E470973DD81D set configuration 0: [02b93e76-e4c6-4b67-b8a4-c536d9ab7224:192.168.36.99:39343], old=null at 0
2019-09-20 09:27:06,351 [fd3cd5f9-4f1c-43ea-91b1-b85a1f6c3825:group-12B3FAED76D7:LeaderElection79] INFO  impl.RoleInfo (RoleInfo.java:updateAndGet(143)) - fd3cd5f9-4f1c-43ea-91b1-b85a1f6c3825: start LeaderState
2019-09-20 09:27:06,350 [pool-38-thread-1] INFO  server.RaftServerConfigKeys (ConfUtils.java:logGet(43)) - raft.server.log.queue.element-limit = 1024 (custom)
2019-09-20 09:27:06,350 [02b93e76-e4c6-4b67-b8a4-c536d9ab7224:group-E4B357F9360E:LeaderElection81] INFO  segmented.SegmentedRaftLogWorker (SegmentedRaftLogWorker.java:startLogSegment(380)) - 02b93e76-e4c6-4b67-b8a4-c536d9ab7224-SegmentedRaftLogWorker:Storage Directory /workdir/hadoop-ozone/integration-test/target/test-dir/MiniOzoneClusterImpl-a33d77e5-464b-4d19-8e6b-a171e580bf0e/datanode-0/data/ratis/99a2975e-81a6-448e-954a-e4b357f9360e: Starting segment from index:0
2019-09-20 09:27:06,350 [pool-60-thread-1] INFO  server.RaftServerConfigKeys (ConfUtils.java:logGet(43)) - raft.server.rpc.timeout.min = 5s (custom)
2019-09-20 09:27:06,350 [492ed782-6ab3-4ad9-945e-06def6ac7c96:group-0B991F8144C1:LeaderElection86] INFO  server.RaftServerConfigKeys (ConfUtils.java:logGet(43)) - raft.server.write.element-limit = 4096 (default)
2019-09-20 09:27:07,043 | INFO  | SCMAudit | user=jenkins1000 | ip=192.168.36.99 | op=SEND_HEARTBEAT {datanodeUUID=4840c00f-91d3-4881-a20b-4d0486ca97c0, command=[]} | ret=SUCCESS |  
2019-09-20 09:27:07,043 | INFO  | SCMAudit | user=jenkins1000 | ip=192.168.36.99 | op=SEND_HEARTBEAT {datanodeUUID=02b93e76-e4c6-4b67-b8a4-c536d9ab7224, command=[]} | ret=SUCCESS |  
2019-09-20 09:27:07,044 | INFO  | SCMAudit | user=jenkins1000 | ip=192.168.36.99 | op=SEND_HEARTBEAT {datanodeUUID=492ed782-6ab3-4ad9-945e-06def6ac7c96, command=[]} | ret=SUCCESS |  
2019-09-20 09:27:07,044 | INFO  | SCMAudit | user=jenkins1000 | ip=192.168.36.99 | op=SEND_HEARTBEAT {datanodeUUID=871e6485-c22a-483f-9e07-d19e754685be, command=[]} | ret=SUCCESS |  
2019-09-20 09:27:06,350 [fd3cd5f9-4f1c-43ea-91b1-b85a1f6c3825:group-B51869680CF2:LeaderElection85] INFO  server.RaftServerConfigKeys (ConfUtils.java:logGet(43)) - raft.server.watch.timeout = 10s (default)
2019-09-20 09:27:06,350 [492ed782-6ab3-4ad9-945e-06def6ac7c96:group-371618AF92D0:LeaderElection80] INFO  impl.RoleInfo (RoleInfo.java:updateAndGet(143)) - 492ed782-6ab3-4ad9-945e-06def6ac7c96: start LeaderState
2019-09-20 09:27:07,044 [fd3cd5f9-4f1c-43ea-91b1-b85a1f6c3825:group-B51869680CF2:LeaderElection85] INFO  server.RaftServerConfigKeys (ConfUtils.java:logGet(43)) - raft.server.watch.timeout.denomination = 1s (default)
2019-09-20 09:27:07,044 [4840c00f-91d3-4881-a20b-4d0486ca97c0:group-3F30D8B52B66:LeaderElection98] INFO  impl.LeaderElection (LeaderElection.java:askForVotes(181)) - 4840c00f-91d3-4881-a20b-4d0486ca97c0:group-3F30D8B52B66:LeaderElection98: begin an election at term 1 for -1: [4840c00f-91d3-4881-a20b-4d0486ca97c0:192.168.36.99:41473], old=null
2019-09-20 09:27:07,044 [492ed782-6ab3-4ad9-945e-06def6ac7c96:group-0B991F8144C1:LeaderElection86] INFO  server.RaftServerConfigKeys (ConfUtils.java:logGet(43)) - raft.server.watch.timeout = 10s (default)
2019-09-20 09:27:06,824 [02b93e76-e4c6-4b67-b8a4-c536d9ab7224:group-E4B357F9360E:LeaderElection81] INFO  impl.RaftServerImpl (ServerState.java:setRaftConf(361)) - 02b93e76-e4c6-4b67-b8a4-c536d9ab7224:group-E4B357F9360E set configuration 0: [02b93e76-e4c6-4b67-b8a4-c536d9ab7224:192.168.36.99:39343], old=null at 0
2019-09-20 09:27:07,044 [fd3cd5f9-4f1c-43ea-91b1-b85a1f6c3825-SegmentedRaftLogWorker:Storage Directory /workdir/hadoop-ozone/integration-test/target/test-dir/MiniOzoneClusterImpl-a33d77e5-464b-4d19-8e6b-a171e580bf0e/datanode-1/data/ratis/00b4180d-3d56-4121-a0e5-4783210e70c8] ERROR segmented.SegmentedRaftLogWorker (SegmentedRaftLogWorker.java:run(323)) - fd3cd5f9-4f1c-43ea-91b1-b85a1f6c3825-SegmentedRaftLogWorker:Storage Directory /workdir/hadoop-ozone/integration-test/target/test-dir/MiniOzoneClusterImpl-a33d77e5-464b-4d19-8e6b-a171e580bf0e/datanode-1/data/ratis/00b4180d-3d56-4121-a0e5-4783210e70c8 hit exception
java.lang.OutOfMemoryError: Direct buffer memory
	at java.nio.Bits.reserveMemory(Bits.java:666)
	at java.nio.DirectByteBuffer.<init>(DirectByteBuffer.java:123)
	at java.nio.ByteBuffer.allocateDirect(ByteBuffer.java:311)
	at org.apache.ratis.server.raftlog.segmented.BufferedWriteChannel.<init>(BufferedWriteChannel.java:41)
	at org.apache.ratis.server.raftlog.segmented.SegmentedRaftLogOutputStream.<init>(SegmentedRaftLogOutputStream.java:72)
	at org.apache.ratis.server.raftlog.segmented.SegmentedRaftLogWorker$StartLogSegment.execute(SegmentedRaftLogWorker.java:566)
	at org.apache.ratis.server.raftlog.segmented.SegmentedRaftLogWorker.run(SegmentedRaftLogWorker.java:289)
	at java.lang.Thread.run(Thread.java:748)
2019-09-20 09:27:07,044 [fd3cd5f9-4f1c-43ea-91b1-b85a1f6c3825-SegmentedRaftLogWorker:Storage Directory /workdir/hadoop-ozone/integration-test/target/test-dir/MiniOzoneClusterImpl-a33d77e5-464b-4d19-8e6b-a171e580bf0e/datanode-1/data/ratis/5527d7bd-7b27-49c1-81a3-15f7f40b3111] ERROR segmented.SegmentedRaftLogWorker (SegmentedRaftLogWorker.java:run(323)) - fd3cd5f9-4f1c-43ea-91b1-b85a1f6c3825-SegmentedRaftLogWorker:Storage Directory /workdir/hadoop-ozone/integration-test/target/test-dir/MiniOzoneClusterImpl-a33d77e5-464b-4d19-8e6b-a171e580bf0e/datanode-1/data/ratis/5527d7bd-7b27-49c1-81a3-15f7f40b3111 hit exception
java.lang.OutOfMemoryError: Direct buffer memory
	at java.nio.Bits.reserveMemory(Bits.java:666)
	at java.nio.DirectByteBuffer.<init>(DirectByteBuffer.java:123)
	at java.nio.ByteBuffer.allocateDirect(ByteBuffer.java:311)
	at org.apache.ratis.server.raftlog.segmented.BufferedWriteChannel.<init>(BufferedWriteChannel.java:41)
	at org.apache.ratis.server.raftlog.segmented.SegmentedRaftLogOutputStream.<init>(SegmentedRaftLogOutputStream.java:72)
	at org.apache.ratis.server.raftlog.segmented.SegmentedRaftLogWorker$StartLogSegment.execute(SegmentedRaftLogWorker.java:566)
	at org.apache.ratis.server.raftlog.segmented.SegmentedRaftLogWorker.run(SegmentedRaftLogWorker.java:289)
	at java.lang.Thread.run(Thread.java:748)
2019-09-20 09:27:07,044 [dc7f40a9-6782-42c4-abab-c6b1682da047-SegmentedRaftLogWorker:Storage Directory /workdir/hadoop-ozone/integration-test/target/test-dir/MiniOzoneClusterImpl-a33d77e5-464b-4d19-8e6b-a171e580bf0e/datanode-5/data/ratis/1eb9b679-29dd-4c19-bb4f-5319708db950] ERROR segmented.SegmentedRaftLogWorker (SegmentedRaftLogWorker.java:run(323)) - dc7f40a9-6782-42c4-abab-c6b1682da047-SegmentedRaftLogWorker:Storage Directory /workdir/hadoop-ozone/integration-test/target/test-dir/MiniOzoneClusterImpl-a33d77e5-464b-4d19-8e6b-a171e580bf0e/datanode-5/data/ratis/1eb9b679-29dd-4c19-bb4f-5319708db950 hit exception
java.lang.OutOfMemoryError: Direct buffer memory
	at java.nio.Bits.reserveMemory(Bits.java:666)
	at java.nio.DirectByteBuffer.<init>(DirectByteBuffer.java:123)
	at java.nio.ByteBuffer.allocateDirect(ByteBuffer.java:311)
	at org.apache.ratis.server.raftlog.segmented.BufferedWriteChannel.<init>(BufferedWriteChannel.java:41)
	at org.apache.ratis.server.raftlog.segmented.SegmentedRaftLogOutputStream.<init>(SegmentedRaftLogOutputStream.java:72)
	at org.apache.ratis.server.raftlog.segmented.SegmentedRaftLogWorker$StartLogSegment.execute(SegmentedRaftLogWorker.java:566)
	at org.apache.ratis.server.raftlog.segmented.SegmentedRaftLogWorker.run(SegmentedRaftLogWorker.java:289)
	at java.lang.Thread.run(Thread.java:748)
2019-09-20 09:27:07,047 [dc7f40a9-6782-42c4-abab-c6b1682da047-SegmentedRaftLogWorker:Storage Directory /workdir/hadoop-ozone/integration-test/target/test-dir/MiniOzoneClusterImpl-a33d77e5-464b-4d19-8e6b-a171e580bf0e/datanode-5/data/ratis/1eb9b679-29dd-4c19-bb4f-5319708db950] INFO  impl.RaftServerImpl (RaftServerImpl.java:lambda$shutdown$3(245)) - dc7f40a9-6782-42c4-abab-c6b1682da047: shutdown group-5319708DB950
2019-09-20 09:27:07,044 [Thread-671] INFO  impl.FollowerState (FollowerState.java:run(106)) - 492ed782-6ab3-4ad9-945e-06def6ac7c96:group-DEE5CB996035 changes to CANDIDATE, lastRpcTime:5353, electionTimeout:5198ms
2019-09-20 09:27:07,044 [Thread-675] INFO  impl.FollowerState (FollowerState.java:run(106)) - 871e6485-c22a-483f-9e07-d19e754685be:group-251E202153EF changes to CANDIDATE, lastRpcTime:5295, electionTimeout:5112ms
2019-09-20 09:27:07,039 [Thread-680] INFO  impl.FollowerState (FollowerState.java:run(106)) - 02b93e76-e4c6-4b67-b8a4-c536d9ab7224:group-6F492938606B changes to CANDIDATE, lastRpcTime:5184, electionTimeout:5174ms
2019-09-20 09:27:06,824 [pool-60-thread-1] INFO  server.RaftServerConfigKeys (ConfUtils.java:logGet(43)) - raft.server.rpc.timeout.max = 5200ms (custom)
2019-09-20 09:27:06,824 [pool-38-thread-1] INFO  server.RaftServerConfigKeys (ConfUtils.java:logGet(43)) - raft.server.log.segment.size.max = 1048576 (custom)
2019-09-20 09:27:06,823 [fd3cd5f9-4f1c-43ea-91b1-b85a1f6c3825:group-12B3FAED76D7:LeaderElection79] INFO  segmented.SegmentedRaftLogWorker (SegmentedRaftLogWorker.java:startLogSegment(380)) - fd3cd5f9-4f1c-43ea-91b1-b85a1f6c3825-SegmentedRaftLogWorker:Storage Directory /workdir/hadoop-ozone/integration-test/target/test-dir/MiniOzoneClusterImpl-a33d77e5-464b-4d19-8e6b-a171e580bf0e/datanode-1/data/ratis/b7807c9d-8f95-4f8f-b38a-12b3faed76d7: Starting segment from index:0
2019-09-20 09:27:06,823 [dc7f40a9-6782-42c4-abab-c6b1682da047:group-F88C76BC901D:LeaderElection83] INFO  impl.RoleInfo (RoleInfo.java:updateAndGet(143)) - dc7f40a9-6782-42c4-abab-c6b1682da047: start LeaderState
2019-09-20 09:27:06,823 [4840c00f-91d3-4881-a20b-4d0486ca97c0:group-1748BB481D0C:LeaderElection84] INFO  impl.RoleInfo (RoleInfo.java:updateAndGet(143)) - 4840c00f-91d3-4881-a20b-4d0486ca97c0: start LeaderState
2019-09-20 09:27:06,823 [pool-71-thread-1] INFO  server.RaftServerConfigKeys (ConfUtils.java:logGet(43)) - raft.server.rpcslowness.timeout = 10s (custom)
2019-09-20 09:27:07,293 | INFO  | SCMAudit | user=jenkins1000 | ip=192.168.36.99 | op=SEND_HEARTBEAT {datanodeUUID=fd3cd5f9-4f1c-43ea-91b1-b85a1f6c3825, command=[]} | ret=SUCCESS |  
2019-09-20 09:27:07,293 | INFO  | SCMAudit | user=jenkins1000 | ip=192.168.36.99 | op=SEND_HEARTBEAT {datanodeUUID=dc7f40a9-6782-42c4-abab-c6b1682da047, command=[]} | ret=SUCCESS |  
2019-09-20 09:27:06,822 [Thread-647] INFO  impl.RoleInfo (RoleInfo.java:shutdownFollowerState(121)) - 02b93e76-e4c6-4b67-b8a4-c536d9ab7224: shutdown FollowerState
2019-09-20 09:27:06,822 [871e6485-c22a-483f-9e07-d19e754685be:group-953E3776DFC8:LeaderElection94] INFO  impl.RoleInfo (RoleInfo.java:shutdownLeaderElection(134)) - 871e6485-c22a-483f-9e07-d19e754685be: shutdown LeaderElection
2019-09-20 09:27:06,822 [Thread-651] INFO  impl.RoleInfo (RoleInfo.java:shutdownFollowerState(121)) - 492ed782-6ab3-4ad9-945e-06def6ac7c96: shutdown FollowerState
2019-09-20 09:27:06,822 [4840c00f-91d3-4881-a20b-4d0486ca97c0:group-E1482C968AE7:LeaderElection96] INFO  impl.RoleInfo (RoleInfo.java:shutdownLeaderElection(134)) - 4840c00f-91d3-4881-a20b-4d0486ca97c0: shutdown LeaderElection
2019-09-20 09:27:06,813 [492ed782-6ab3-4ad9-945e-06def6ac7c96:group-5EA3DEB86097:LeaderElection93] INFO  impl.RoleInfo (RoleInfo.java:shutdownLeaderElection(134)) - 492ed782-6ab3-4ad9-945e-06def6ac7c96: shutdown LeaderElection
2019-09-20 09:27:07,295 [492ed782-6ab3-4ad9-945e-06def6ac7c96:group-5EA3DEB86097:LeaderElection93] INFO  impl.RaftServerImpl (RaftServerImpl.java:setRole(171)) - 492ed782-6ab3-4ad9-945e-06def6ac7c96:group-5EA3DEB86097 changes role from CANDIDATE to LEADER at term 1 for changeToLeader
2019-09-20 09:27:06,813 [4840c00f-91d3-4881-a20b-4d0486ca97c0:group-8C447C5D0F75:LeaderElection87] INFO  server.RaftServerConfigKeys (ConfUtils.java:logGet(43)) - raft.server.watch.timeout = 10s (default)
2019-09-20 09:27:07,295 [4840c00f-91d3-4881-a20b-4d0486ca97c0:group-8C447C5D0F75:LeaderElection87] INFO  server.RaftServerConfigKeys (ConfUtils.java:logGet(43)) - raft.server.watch.timeout.denomination = 1s (default)
2019-09-20 09:27:06,812 [pool-27-thread-1] INFO  server.RaftServerConfigKeys (ConfUtils.java:logGet(43)) - raft.server.rpc.timeout.max = 5200ms (custom)
2019-09-20 09:27:06,812 [Thread-662] INFO  impl.RaftServerImpl (RaftServerImpl.java:setRole(171)) - 492ed782-6ab3-4ad9-945e-06def6ac7c96:group-7DB849C7BA05 changes role from FOLLOWER to CANDIDATE at term 0 for changeToCandidate
2019-09-20 09:27:06,812 [Thread-665] INFO  impl.RaftServerImpl (RaftServerImpl.java:setRole(171)) - 492ed782-6ab3-4ad9-945e-06def6ac7c96:group-73D4B665E0F9 changes role from FOLLOWER to CANDIDATE at term 0 for changeToCandidate
2019-09-20 09:27:06,812 [Thread-655] INFO  impl.RoleInfo (RoleInfo.java:shutdownFollowerState(121)) - fd3cd5f9-4f1c-43ea-91b1-b85a1f6c3825: shutdown FollowerState
2019-09-20 09:27:06,811 [871e6485-c22a-483f-9e07-d19e754685be-SegmentedRaftLogWorker:Storage Directory /workdir/hadoop-ozone/integration-test/target/test-dir/MiniOzoneClusterImpl-a33d77e5-464b-4d19-8e6b-a171e580bf0e/datanode-4/data/ratis/f67d4f30-45a8-413b-8b89-b5103fe2782e] INFO  segmented.SegmentedRaftLogWorker (SegmentedRaftLogWorker.java:close(228)) - 871e6485-c22a-483f-9e07-d19e754685be-SegmentedRaftLogWorker:Storage Directory /workdir/hadoop-ozone/integration-test/target/test-dir/MiniOzoneClusterImpl-a33d77e5-464b-4d19-8e6b-a171e580bf0e/datanode-4/data/ratis/f67d4f30-45a8-413b-8b89-b5103fe2782e close()
2019-09-20 09:27:06,811 [4840c00f-91d3-4881-a20b-4d0486ca97c0:group-0216F39D9076:LeaderElection89] INFO  server.RaftServerConfigKeys (ConfUtils.java:logGet(43)) - raft.server.staging.catchup.gap = 1000 (default)
2019-09-20 09:27:06,811 [871e6485-c22a-483f-9e07-d19e754685be:group-F286CD3DD3B8:LeaderElection95] INFO  server.RaftServerConfigKeys (ConfUtils.java:logGet(43)) - raft.server.staging.catchup.gap = 1000 (default)
2019-09-20 09:27:06,811 [4840c00f-91d3-4881-a20b-4d0486ca97c0:group-0F9565C0C9C7:LeaderElection88] INFO  server.RaftServerConfigKeys (ConfUtils.java:logGet(43)) - raft.server.write.element-limit = 4096 (default)
2019-09-20 09:27:06,811 [02b93e76-e4c6-4b67-b8a4-c536d9ab7224:group-B9203607AE95:LeaderElection92] INFO  impl.RaftServerImpl (RaftServerImpl.java:setRole(171)) - 02b93e76-e4c6-4b67-b8a4-c536d9ab7224:group-B9203607AE95 changes role from CANDIDATE to LEADER at term 1 for changeToLeader
2019-09-20 09:27:06,810 [02b93e76-e4c6-4b67-b8a4-c536d9ab7224:group-6193B43AE77D:LeaderElection91] INFO  impl.RaftServerImpl (RaftServerImpl.java:setRole(171)) - 02b93e76-e4c6-4b67-b8a4-c536d9ab7224:group-6193B43AE77D changes role from CANDIDATE to LEADER at term 1 for changeToLeader
2019-09-20 09:27:06,810 [492ed782-6ab3-4ad9-945e-06def6ac7c96:group-D9DFD2FAA041:LeaderElection90] INFO  server.RaftServerConfigKeys (ConfUtils.java:logGet(43)) - raft.server.staging.catchup.gap = 1000 (default)
2019-09-20 09:27:06,810 [Thread-633] INFO  impl.RoleInfo (RoleInfo.java:updateAndGet(143)) - 492ed782-6ab3-4ad9-945e-06def6ac7c96: start LeaderElection
2019-09-20 09:27:07,301 [492ed782-6ab3-4ad9-945e-06def6ac7c96:group-D9DFD2FAA041:LeaderElection90] INFO  server.RaftServerConfigKeys (ConfUtils.java:logGet(43)) - raft.server.rpc.sleep.time = 25ms (default)
2019-09-20 09:27:07,301 [02b93e76-e4c6-4b67-b8a4-c536d9ab7224:group-6193B43AE77D:LeaderElection91] INFO  impl.RaftServerImpl (ServerState.java:setLeader(263)) - 02b93e76-e4c6-4b67-b8a4-c536d9ab7224:group-6193B43AE77D change Leader from null to 02b93e76-e4c6-4b67-b8a4-c536d9ab7224 at term 1 for becomeLeader, leader elected after 6556ms
2019-09-20 09:27:07,301 [02b93e76-e4c6-4b67-b8a4-c536d9ab7224:group-B9203607AE95:LeaderElection92] INFO  impl.RaftServerImpl (ServerState.java:setLeader(263)) - 02b93e76-e4c6-4b67-b8a4-c536d9ab7224:group-B9203607AE95 change Leader from null to 02b93e76-e4c6-4b67-b8a4-c536d9ab7224 at term 1 for becomeLeader, leader elected after 6980ms
2019-09-20 09:27:07,301 [4840c00f-91d3-4881-a20b-4d0486ca97c0:group-0F9565C0C9C7:LeaderElection88] INFO  server.RaftServerConfigKeys (ConfUtils.java:logGet(43)) - raft.server.watch.timeout = 10s (default)
2019-09-20 09:27:07,302 [4840c00f-91d3-4881-a20b-4d0486ca97c0:group-0F9565C0C9C7:LeaderElection88] INFO  server.RaftServerConfigKeys (ConfUtils.java:logGet(43)) - raft.server.watch.timeout.denomination = 1s (default)
2019-09-20 09:27:07,301 [871e6485-c22a-483f-9e07-d19e754685be:group-F286CD3DD3B8:LeaderElection95] INFO  server.RaftServerConfigKeys (ConfUtils.java:logGet(43)) - raft.server.rpc.sleep.time = 25ms (default)
2019-09-20 09:27:07,301 [4840c00f-91d3-4881-a20b-4d0486ca97c0:group-0216F39D9076:LeaderElection89] INFO  server.RaftServerConfigKeys (ConfUtils.java:logGet(43)) - raft.server.rpc.sleep.time = 25ms (default)
2019-09-20 09:27:07,296 [Thread-655] INFO  impl.RaftServerImpl (RaftServerImpl.java:setRole(171)) - fd3cd5f9-4f1c-43ea-91b1-b85a1f6c3825:group-140670C34868 changes role from FOLLOWER to CANDIDATE at term 0 for changeToCandidate
2019-09-20 09:27:07,295 [Thread-665] INFO  impl.RoleInfo (RoleInfo.java:updateAndGet(143)) - 492ed782-6ab3-4ad9-945e-06def6ac7c96: start LeaderElection
2019-09-20 09:27:07,295 [Thread-662] INFO  impl.RoleInfo (RoleInfo.java:updateAndGet(143)) - 492ed782-6ab3-4ad9-945e-06def6ac7c96: start LeaderElection
2019-09-20 09:27:07,295 [pool-27-thread-1] INFO  server.RaftServerConfigKeys (ConfUtils.java:logGet(43)) - raft.server.rpcslowness.timeout = 10s (custom)
2019-09-20 09:27:07,295 [4840c00f-91d3-4881-a20b-4d0486ca97c0:group-8C447C5D0F75:LeaderElection87] INFO  server.RaftServerConfigKeys (ConfUtils.java:logGet(43)) - raft.server.watch.element-limit = 65536 (default)
2019-09-20 09:27:07,295 [492ed782-6ab3-4ad9-945e-06def6ac7c96:group-5EA3DEB86097:LeaderElection93] INFO  impl.RaftServerImpl (ServerState.java:setLeader(263)) - 492ed782-6ab3-4ad9-945e-06def6ac7c96:group-5EA3DEB86097 change Leader from null to 492ed782-6ab3-4ad9-945e-06def6ac7c96 at term 1 for becomeLeader, leader elected after 6288ms
2019-09-20 09:27:07,306 [4840c00f-91d3-4881-a20b-4d0486ca97c0:group-8C447C5D0F75:LeaderElection87] INFO  impl.RoleInfo (RoleInfo.java:updateAndGet(143)) - 4840c00f-91d3-4881-a20b-4d0486ca97c0: start LeaderState
2019-09-20 09:27:07,294 [4840c00f-91d3-4881-a20b-4d0486ca97c0:group-E1482C968AE7:LeaderElection96] INFO  impl.RaftServerImpl (RaftServerImpl.java:setRole(171)) - 4840c00f-91d3-4881-a20b-4d0486ca97c0:group-E1482C968AE7 changes role from CANDIDATE to LEADER at term 1 for changeToLeader
2019-09-20 09:27:07,294 [Thread-651] INFO  impl.RaftServerImpl (RaftServerImpl.java:setRole(171)) - 492ed782-6ab3-4ad9-945e-06def6ac7c96:group-DBC605E3E4FA changes role from FOLLOWER to CANDIDATE at term 0 for changeToCandidate
2019-09-20 09:27:07,294 [871e6485-c22a-483f-9e07-d19e754685be:group-953E3776DFC8:LeaderElection94] INFO  impl.RaftServerImpl (RaftServerImpl.java:setRole(171)) - 871e6485-c22a-483f-9e07-d19e754685be:group-953E3776DFC8 changes role from CANDIDATE to LEADER at term 1 for changeToLeader
2019-09-20 09:27:07,294 [Thread-647] INFO  impl.RaftServerImpl (RaftServerImpl.java:setRole(171)) - 02b93e76-e4c6-4b67-b8a4-c536d9ab7224:group-45895A567D29 changes role from FOLLOWER to CANDIDATE at term 0 for changeToCandidate
2019-09-20 09:27:07,294 [pool-71-thread-1] INFO  server.RaftServerConfigKeys (ConfUtils.java:logGet(43)) - raft.server.sleep.deviation.threshold = 300 (default)
2019-09-20 09:27:07,293 [4840c00f-91d3-4881-a20b-4d0486ca97c0:group-1748BB481D0C:LeaderElection84] INFO  segmented.SegmentedRaftLogWorker (SegmentedRaftLogWorker.java:startLogSegment(380)) - 4840c00f-91d3-4881-a20b-4d0486ca97c0-SegmentedRaftLogWorker:Storage Directory /workdir/hadoop-ozone/integration-test/target/test-dir/MiniOzoneClusterImpl-a33d77e5-464b-4d19-8e6b-a171e580bf0e/datanode-3/data/ratis/bdf1106b-96d4-4244-8ed0-1748bb481d0c: Starting segment from index:0
2019-09-20 09:27:07,048 [fd3cd5f9-4f1c-43ea-91b1-b85a1f6c3825:group-12B3FAED76D7:LeaderElection79] INFO  impl.RaftServerImpl (ServerState.java:setRaftConf(361)) - fd3cd5f9-4f1c-43ea-91b1-b85a1f6c3825:group-12B3FAED76D7 set configuration 0: [fd3cd5f9-4f1c-43ea-91b1-b85a1f6c3825:192.168.36.99:39114], old=null at 0
2019-09-20 09:27:07,293 [492ed782-6ab3-4ad9-945e-06def6ac7c96-SegmentedRaftLogWorker:Storage Directory /workdir/hadoop-ozone/integration-test/target/test-dir/MiniOzoneClusterImpl-a33d77e5-464b-4d19-8e6b-a171e580bf0e/datanode-2/data/ratis/520f1fea-219f-47fd-8669-2971f210102f] ERROR segmented.SegmentedRaftLogWorker (SegmentedRaftLogWorker.java:run(323)) - 492ed782-6ab3-4ad9-945e-06def6ac7c96-SegmentedRaftLogWorker:Storage Directory /workdir/hadoop-ozone/integration-test/target/test-dir/MiniOzoneClusterImpl-a33d77e5-464b-4d19-8e6b-a171e580bf0e/datanode-2/data/ratis/520f1fea-219f-47fd-8669-2971f210102f hit exception
java.lang.OutOfMemoryError: Direct buffer memory
	at java.nio.Bits.reserveMemory(Bits.java:666)
	at java.nio.DirectByteBuffer.<init>(DirectByteBuffer.java:123)
	at java.nio.ByteBuffer.allocateDirect(ByteBuffer.java:311)
	at org.apache.ratis.server.raftlog.segmented.BufferedWriteChannel.<init>(BufferedWriteChannel.java:41)
	at org.apache.ratis.server.raftlog.segmented.SegmentedRaftLogOutputStream.<init>(SegmentedRaftLogOutputStream.java:72)
	at org.apache.ratis.server.raftlog.segmented.SegmentedRaftLogWorker$StartLogSegment.execute(SegmentedRaftLogWorker.java:566)
	at org.apache.ratis.server.raftlog.segmented.SegmentedRaftLogWorker.run(SegmentedRaftLogWorker.java:289)
	at java.lang.Thread.run(Thread.java:748)
2019-09-20 09:27:07,293 [871e6485-c22a-483f-9e07-d19e754685be-SegmentedRaftLogWorker:Storage Directory /workdir/hadoop-ozone/integration-test/target/test-dir/MiniOzoneClusterImpl-a33d77e5-464b-4d19-8e6b-a171e580bf0e/datanode-4/data/ratis/298f90f7-fb6d-4b90-8c0c-6d6e0000abb6] ERROR segmented.SegmentedRaftLogWorker (SegmentedRaftLogWorker.java:run(323)) - 871e6485-c22a-483f-9e07-d19e754685be-SegmentedRaftLogWorker:Storage Directory /workdir/hadoop-ozone/integration-test/target/test-dir/MiniOzoneClusterImpl-a33d77e5-464b-4d19-8e6b-a171e580bf0e/datanode-4/data/ratis/298f90f7-fb6d-4b90-8c0c-6d6e0000abb6 hit exception
java.lang.OutOfMemoryError: Direct buffer memory
	at java.nio.Bits.reserveMemory(Bits.java:666)
	at java.nio.DirectByteBuffer.<init>(DirectByteBuffer.java:123)
	at java.nio.ByteBuffer.allocateDirect(ByteBuffer.java:311)
	at org.apache.ratis.server.raftlog.segmented.BufferedWriteChannel.<init>(BufferedWriteChannel.java:41)
	at org.apache.ratis.server.raftlog.segmented.SegmentedRaftLogOutputStream.<init>(SegmentedRaftLogOutputStream.java:72)
	at org.apache.ratis.server.raftlog.segmented.SegmentedRaftLogWorker$StartLogSegment.execute(SegmentedRaftLogWorker.java:566)
	at org.apache.ratis.server.raftlog.segmented.SegmentedRaftLogWorker.run(SegmentedRaftLogWorker.java:289)
	at java.lang.Thread.run(Thread.java:748)
2019-09-20 09:27:07,310 [871e6485-c22a-483f-9e07-d19e754685be-SegmentedRaftLogWorker:Storage Directory /workdir/hadoop-ozone/integration-test/target/test-dir/MiniOzoneClusterImpl-a33d77e5-464b-4d19-8e6b-a171e580bf0e/datanode-4/data/ratis/298f90f7-fb6d-4b90-8c0c-6d6e0000abb6] INFO  impl.RaftServerImpl (RaftServerImpl.java:lambda$shutdown$3(245)) - 871e6485-c22a-483f-9e07-d19e754685be: shutdown group-6D6E0000ABB6
2019-09-20 09:27:07,048 [dc7f40a9-6782-42c4-abab-c6b1682da047:group-F88C76BC901D:LeaderElection83] INFO  segmented.SegmentedRaftLogWorker (SegmentedRaftLogWorker.java:startLogSegment(380)) - dc7f40a9-6782-42c4-abab-c6b1682da047-SegmentedRaftLogWorker:Storage Directory /workdir/hadoop-ozone/integration-test/target/test-dir/MiniOzoneClusterImpl-a33d77e5-464b-4d19-8e6b-a171e580bf0e/datanode-5/data/ratis/d8d7645d-99c2-48a5-adaf-f88c76bc901d: Starting segment from index:0
2019-09-20 09:27:07,048 [pool-38-thread-1] INFO  server.RaftServerConfigKeys (ConfUtils.java:logGet(43)) - raft.server.log.preallocated.size = 16384 (custom)
2019-09-20 09:27:07,048 [pool-60-thread-1] INFO  server.RaftServerConfigKeys (ConfUtils.java:logGet(43)) - raft.server.rpcslowness.timeout = 10s (custom)
2019-09-20 09:27:07,047 [Thread-680] INFO  impl.RoleInfo (RoleInfo.java:shutdownFollowerState(121)) - 02b93e76-e4c6-4b67-b8a4-c536d9ab7224: shutdown FollowerState
2019-09-20 09:27:07,047 [Thread-675] INFO  impl.RoleInfo (RoleInfo.java:shutdownFollowerState(121)) - 871e6485-c22a-483f-9e07-d19e754685be: shutdown FollowerState
2019-09-20 09:27:07,311 [Thread-675] INFO  impl.RaftServerImpl (RaftServerImpl.java:setRole(171)) - 871e6485-c22a-483f-9e07-d19e754685be:group-251E202153EF changes role from FOLLOWER to CANDIDATE at term 0 for changeToCandidate
2019-09-20 09:27:07,047 [Thread-671] INFO  impl.RoleInfo (RoleInfo.java:shutdownFollowerState(121)) - 492ed782-6ab3-4ad9-945e-06def6ac7c96: shutdown FollowerState
2019-09-20 09:27:07,047 [dc7f40a9-6782-42c4-abab-c6b1682da047-SegmentedRaftLogWorker:Storage Directory /workdir/hadoop-ozone/integration-test/target/test-dir/MiniOzoneClusterImpl-a33d77e5-464b-4d19-8e6b-a171e580bf0e/datanode-5/data/ratis/1eb9b679-29dd-4c19-bb4f-5319708db950] INFO  util.JmxRegister (JmxRegister.java:unregister(73)) - Successfully un-registered JMX Bean with object name Ratis:service=RaftServer,group=group-5319708DB950,id=dc7f40a9-6782-42c4-abab-c6b1682da047
2019-09-20 09:27:07,046 [fd3cd5f9-4f1c-43ea-91b1-b85a1f6c3825-SegmentedRaftLogWorker:Storage Directory /workdir/hadoop-ozone/integration-test/target/test-dir/MiniOzoneClusterImpl-a33d77e5-464b-4d19-8e6b-a171e580bf0e/datanode-1/data/ratis/5527d7bd-7b27-49c1-81a3-15f7f40b3111] INFO  impl.RaftServerImpl (RaftServerImpl.java:lambda$shutdown$3(245)) - fd3cd5f9-4f1c-43ea-91b1-b85a1f6c3825: shutdown group-15F7F40B3111
2019-09-20 09:27:07,046 [fd3cd5f9-4f1c-43ea-91b1-b85a1f6c3825-SegmentedRaftLogWorker:Storage Directory /workdir/hadoop-ozone/integration-test/target/test-dir/MiniOzoneClusterImpl-a33d77e5-464b-4d19-8e6b-a171e580bf0e/datanode-1/data/ratis/00b4180d-3d56-4121-a0e5-4783210e70c8] INFO  impl.RaftServerImpl (RaftServerImpl.java:lambda$shutdown$3(245)) - fd3cd5f9-4f1c-43ea-91b1-b85a1f6c3825: shutdown group-4783210E70C8
2019-09-20 09:27:07,045 [492ed782-6ab3-4ad9-945e-06def6ac7c96:group-0B991F8144C1:LeaderElection86] INFO  server.RaftServerConfigKeys (ConfUtils.java:logGet(43)) - raft.server.watch.timeout.denomination = 1s (default)
2019-09-20 09:27:07,045 [4840c00f-91d3-4881-a20b-4d0486ca97c0:group-3F30D8B52B66:LeaderElection98] INFO  impl.RoleInfo (RoleInfo.java:shutdownLeaderElection(134)) - 4840c00f-91d3-4881-a20b-4d0486ca97c0: shutdown LeaderElection
2019-09-20 09:27:07,045 [fd3cd5f9-4f1c-43ea-91b1-b85a1f6c3825:group-B51869680CF2:LeaderElection85] INFO  server.RaftServerConfigKeys (ConfUtils.java:logGet(43)) - raft.server.watch.element-limit = 65536 (default)
2019-09-20 09:27:07,045 [492ed782-6ab3-4ad9-945e-06def6ac7c96:group-371618AF92D0:LeaderElection80] INFO  segmented.SegmentedRaftLogWorker (SegmentedRaftLogWorker.java:startLogSegment(380)) - 492ed782-6ab3-4ad9-945e-06def6ac7c96-SegmentedRaftLogWorker:Storage Directory /workdir/hadoop-ozone/integration-test/target/test-dir/MiniOzoneClusterImpl-a33d77e5-464b-4d19-8e6b-a171e580bf0e/datanode-2/data/ratis/10be2d40-6e5c-4b4e-9a33-371618af92d0: Starting segment from index:0
2019-09-20 09:27:07,312 [fd3cd5f9-4f1c-43ea-91b1-b85a1f6c3825:group-B51869680CF2:LeaderElection85] INFO  impl.RoleInfo (RoleInfo.java:updateAndGet(143)) - fd3cd5f9-4f1c-43ea-91b1-b85a1f6c3825: start LeaderState
2019-09-20 09:27:07,312 [4840c00f-91d3-4881-a20b-4d0486ca97c0:group-3F30D8B52B66:LeaderElection98] INFO  impl.RaftServerImpl (RaftServerImpl.java:setRole(171)) - 4840c00f-91d3-4881-a20b-4d0486ca97c0:group-3F30D8B52B66 changes role from CANDIDATE to LEADER at term 1 for changeToLeader
2019-09-20 09:27:07,312 [4840c00f-91d3-4881-a20b-4d0486ca97c0:group-3F30D8B52B66:LeaderElection98] INFO  impl.RaftServerImpl (ServerState.java:setLeader(263)) - 4840c00f-91d3-4881-a20b-4d0486ca97c0:group-3F30D8B52B66 change Leader from null to 4840c00f-91d3-4881-a20b-4d0486ca97c0 at term 1 for becomeLeader, leader elected after 6133ms
2019-09-20 09:27:07,311 [492ed782-6ab3-4ad9-945e-06def6ac7c96:group-0B991F8144C1:LeaderElection86] INFO  server.RaftServerConfigKeys (ConfUtils.java:logGet(43)) - raft.server.watch.element-limit = 65536 (default)
2019-09-20 09:27:07,311 [fd3cd5f9-4f1c-43ea-91b1-b85a1f6c3825-SegmentedRaftLogWorker:Storage Directory /workdir/hadoop-ozone/integration-test/target/test-dir/MiniOzoneClusterImpl-a33d77e5-464b-4d19-8e6b-a171e580bf0e/datanode-1/data/ratis/00b4180d-3d56-4121-a0e5-4783210e70c8] INFO  util.JmxRegister (JmxRegister.java:unregister(73)) - Successfully un-registered JMX Bean with object name Ratis:service=RaftServer,group=group-4783210E70C8,id=fd3cd5f9-4f1c-43ea-91b1-b85a1f6c3825
2019-09-20 09:27:07,311 [fd3cd5f9-4f1c-43ea-91b1-b85a1f6c3825-SegmentedRaftLogWorker:Storage Directory /workdir/hadoop-ozone/integration-test/target/test-dir/MiniOzoneClusterImpl-a33d77e5-464b-4d19-8e6b-a171e580bf0e/datanode-1/data/ratis/5527d7bd-7b27-49c1-81a3-15f7f40b3111] INFO  util.JmxRegister (JmxRegister.java:unregister(73)) - Successfully un-registered JMX Bean with object name Ratis:service=RaftServer,group=group-15F7F40B3111,id=fd3cd5f9-4f1c-43ea-91b1-b85a1f6c3825
2019-09-20 09:27:07,311 [dc7f40a9-6782-42c4-abab-c6b1682da047-SegmentedRaftLogWorker:Storage Directory /workdir/hadoop-ozone/integration-test/target/test-dir/MiniOzoneClusterImpl-a33d77e5-464b-4d19-8e6b-a171e580bf0e/datanode-5/data/ratis/1eb9b679-29dd-4c19-bb4f-5319708db950] INFO  impl.RoleInfo (RoleInfo.java:shutdownLeaderState(104)) - dc7f40a9-6782-42c4-abab-c6b1682da047: shutdown LeaderState
2019-09-20 09:27:07,311 [Thread-671] INFO  impl.RaftServerImpl (RaftServerImpl.java:setRole(171)) - 492ed782-6ab3-4ad9-945e-06def6ac7c96:group-DEE5CB996035 changes role from FOLLOWER to CANDIDATE at term 0 for changeToCandidate
2019-09-20 09:27:07,311 [Thread-675] INFO  impl.RoleInfo (RoleInfo.java:updateAndGet(143)) - 871e6485-c22a-483f-9e07-d19e754685be: start LeaderElection
2019-09-20 09:27:07,311 [Thread-680] INFO  impl.RaftServerImpl (RaftServerImpl.java:setRole(171)) - 02b93e76-e4c6-4b67-b8a4-c536d9ab7224:group-6F492938606B changes role from FOLLOWER to CANDIDATE at term 0 for changeToCandidate
2019-09-20 09:27:07,310 [pool-60-thread-1] INFO  server.RaftServerConfigKeys (ConfUtils.java:logGet(43)) - raft.server.sleep.deviation.threshold = 300 (default)
2019-09-20 09:27:07,310 [dc7f40a9-6782-42c4-abab-c6b1682da047:group-F88C76BC901D:LeaderElection83] INFO  impl.RaftServerImpl (ServerState.java:setRaftConf(361)) - dc7f40a9-6782-42c4-abab-c6b1682da047:group-F88C76BC901D set configuration 0: [dc7f40a9-6782-42c4-abab-c6b1682da047:192.168.36.99:40142], old=null at 0
2019-09-20 09:27:07,310 [pool-38-thread-1] INFO  server.RaftServerConfigKeys (ConfUtils.java:logGet(43)) - raft.server.log.write.buffer.size = 33554432 (custom)
2019-09-20 09:27:07,310 [871e6485-c22a-483f-9e07-d19e754685be-SegmentedRaftLogWorker:Storage Directory /workdir/hadoop-ozone/integration-test/target/test-dir/MiniOzoneClusterImpl-a33d77e5-464b-4d19-8e6b-a171e580bf0e/datanode-4/data/ratis/298f90f7-fb6d-4b90-8c0c-6d6e0000abb6] INFO  util.JmxRegister (JmxRegister.java:unregister(73)) - Successfully un-registered JMX Bean with object name Ratis:service=RaftServer,group=group-6D6E0000ABB6,id=871e6485-c22a-483f-9e07-d19e754685be
2019-09-20 09:27:07,309 [492ed782-6ab3-4ad9-945e-06def6ac7c96-SegmentedRaftLogWorker:Storage Directory /workdir/hadoop-ozone/integration-test/target/test-dir/MiniOzoneClusterImpl-a33d77e5-464b-4d19-8e6b-a171e580bf0e/datanode-2/data/ratis/520f1fea-219f-47fd-8669-2971f210102f] INFO  impl.RaftServerImpl (RaftServerImpl.java:lambda$shutdown$3(245)) - 492ed782-6ab3-4ad9-945e-06def6ac7c96: shutdown group-2971F210102F
2019-09-20 09:27:07,309 [4840c00f-91d3-4881-a20b-4d0486ca97c0:group-1748BB481D0C:LeaderElection84] INFO  impl.RaftServerImpl (ServerState.java:setRaftConf(361)) - 4840c00f-91d3-4881-a20b-4d0486ca97c0:group-1748BB481D0C set configuration 0: [4840c00f-91d3-4881-a20b-4d0486ca97c0:192.168.36.99:41473], old=null at 0
2019-09-20 09:27:07,309 [pool-71-thread-1] INFO  server.RaftServerConfigKeys (ConfUtils.java:logGet(43)) - raft.server.log.appender.install.snapshot.enabled = false (custom)
2019-09-20 09:27:07,309 [Thread-647] INFO  impl.RoleInfo (RoleInfo.java:updateAndGet(143)) - 02b93e76-e4c6-4b67-b8a4-c536d9ab7224: start LeaderElection
2019-09-20 09:27:07,308 [871e6485-c22a-483f-9e07-d19e754685be:group-953E3776DFC8:LeaderElection94] INFO  impl.RaftServerImpl (ServerState.java:setLeader(263)) - 871e6485-c22a-483f-9e07-d19e754685be:group-953E3776DFC8 change Leader from null to 871e6485-c22a-483f-9e07-d19e754685be at term 1 for becomeLeader, leader elected after 6417ms
2019-09-20 09:27:07,306 [Thread-651] INFO  impl.RoleInfo (RoleInfo.java:updateAndGet(143)) - 492ed782-6ab3-4ad9-945e-06def6ac7c96: start LeaderElection
2019-09-20 09:27:07,306 [4840c00f-91d3-4881-a20b-4d0486ca97c0:group-E1482C968AE7:LeaderElection96] INFO  impl.RaftServerImpl (ServerState.java:setLeader(263)) - 4840c00f-91d3-4881-a20b-4d0486ca97c0:group-E1482C968AE7 change Leader from null to 4840c00f-91d3-4881-a20b-4d0486ca97c0 at term 1 for becomeLeader, leader elected after 6059ms
2019-09-20 09:27:07,306 [4840c00f-91d3-4881-a20b-4d0486ca97c0:group-8C447C5D0F75:LeaderElection87] INFO  segmented.SegmentedRaftLogWorker (SegmentedRaftLogWorker.java:startLogSegment(380)) - 4840c00f-91d3-4881-a20b-4d0486ca97c0-SegmentedRaftLogWorker:Storage Directory /workdir/hadoop-ozone/integration-test/target/test-dir/MiniOzoneClusterImpl-a33d77e5-464b-4d19-8e6b-a171e580bf0e/datanode-3/data/ratis/83c24053-66f6-40d0-a02a-8c447c5d0f75: Starting segment from index:0
2019-09-20 09:27:07,306 [492ed782-6ab3-4ad9-945e-06def6ac7c96:group-5EA3DEB86097:LeaderElection93] INFO  server.RaftServerConfigKeys (ConfUtils.java:logGet(43)) - raft.server.staging.catchup.gap = 1000 (default)
2019-09-20 09:27:07,305 [pool-27-thread-1] INFO  server.RaftServerConfigKeys (ConfUtils.java:logGet(43)) - raft.server.sleep.deviation.threshold = 300 (default)
2019-09-20 09:27:07,303 [Thread-655] INFO  impl.RoleInfo (RoleInfo.java:updateAndGet(143)) - fd3cd5f9-4f1c-43ea-91b1-b85a1f6c3825: start LeaderElection
2019-09-20 09:27:07,303 [4840c00f-91d3-4881-a20b-4d0486ca97c0:group-0216F39D9076:LeaderElection89] INFO  server.RaftServerConfigKeys (ConfUtils.java:logGet(43)) - raft.server.write.element-limit = 4096 (default)
2019-09-20 09:27:07,302 [871e6485-c22a-483f-9e07-d19e754685be:group-F286CD3DD3B8:LeaderElection95] INFO  server.RaftServerConfigKeys (ConfUtils.java:logGet(43)) - raft.server.write.element-limit = 4096 (default)
2019-09-20 09:27:07,302 [4840c00f-91d3-4881-a20b-4d0486ca97c0:group-0F9565C0C9C7:LeaderElection88] INFO  server.RaftServerConfigKeys (ConfUtils.java:logGet(43)) - raft.server.watch.element-limit = 65536 (default)
2019-09-20 09:27:07,302 [02b93e76-e4c6-4b67-b8a4-c536d9ab7224:group-B9203607AE95:LeaderElection92] INFO  server.RaftServerConfigKeys (ConfUtils.java:logGet(43)) - raft.server.staging.catchup.gap = 1000 (default)
2019-09-20 09:27:07,302 [492ed782-6ab3-4ad9-945e-06def6ac7c96:group-D9DFD2FAA041:LeaderElection90] INFO  server.RaftServerConfigKeys (ConfUtils.java:logGet(43)) - raft.server.write.element-limit = 4096 (default)
2019-09-20 09:27:07,302 [02b93e76-e4c6-4b67-b8a4-c536d9ab7224:group-6193B43AE77D:LeaderElection91] INFO  server.RaftServerConfigKeys (ConfUtils.java:logGet(43)) - raft.server.staging.catchup.gap = 1000 (default)
2019-09-20 09:27:07,966 [492ed782-6ab3-4ad9-945e-06def6ac7c96:group-D9DFD2FAA041:LeaderElection90] INFO  server.RaftServerConfigKeys (ConfUtils.java:logGet(43)) - raft.server.watch.timeout = 10s (default)
2019-09-20 09:27:07,965 [02b93e76-e4c6-4b67-b8a4-c536d9ab7224:group-B9203607AE95:LeaderElection92] INFO  server.RaftServerConfigKeys (ConfUtils.java:logGet(43)) - raft.server.rpc.sleep.time = 25ms (default)
2019-09-20 09:27:07,965 [4840c00f-91d3-4881-a20b-4d0486ca97c0:group-0F9565C0C9C7:LeaderElection88] INFO  impl.RoleInfo (RoleInfo.java:updateAndGet(143)) - 4840c00f-91d3-4881-a20b-4d0486ca97c0: start LeaderState
2019-09-20 09:27:07,966 [02b93e76-e4c6-4b67-b8a4-c536d9ab7224:group-B9203607AE95:LeaderElection92] INFO  server.RaftServerConfigKeys (ConfUtils.java:logGet(43)) - raft.server.write.element-limit = 4096 (default)
2019-09-20 09:27:07,965 [871e6485-c22a-483f-9e07-d19e754685be:group-F286CD3DD3B8:LeaderElection95] INFO  server.RaftServerConfigKeys (ConfUtils.java:logGet(43)) - raft.server.watch.timeout = 10s (default)
2019-09-20 09:27:07,965 [4840c00f-91d3-4881-a20b-4d0486ca97c0:group-0216F39D9076:LeaderElection89] INFO  server.RaftServerConfigKeys (ConfUtils.java:logGet(43)) - raft.server.watch.timeout = 10s (default)
2019-09-20 09:27:07,967 [4840c00f-91d3-4881-a20b-4d0486ca97c0:group-0216F39D9076:LeaderElection89] INFO  server.RaftServerConfigKeys (ConfUtils.java:logGet(43)) - raft.server.watch.timeout.denomination = 1s (default)
2019-09-20 09:27:07,964 [4840c00f-91d3-4881-a20b-4d0486ca97c0:group-8C447C5D0F75:LeaderElection87] INFO  impl.RaftServerImpl (ServerState.java:setRaftConf(361)) - 4840c00f-91d3-4881-a20b-4d0486ca97c0:group-8C447C5D0F75 set configuration 0: [4840c00f-91d3-4881-a20b-4d0486ca97c0:192.168.36.99:41473], old=null at 0
2019-09-20 09:27:07,964 [871e6485-c22a-483f-9e07-d19e754685be:group-251E202153EF:LeaderElection104] INFO  impl.LeaderElection (LeaderElection.java:askForVotes(181)) - 871e6485-c22a-483f-9e07-d19e754685be:group-251E202153EF:LeaderElection104: begin an election at term 1 for -1: [871e6485-c22a-483f-9e07-d19e754685be:192.168.36.99:41076], old=null
2019-09-20 09:27:07,964 [492ed782-6ab3-4ad9-945e-06def6ac7c96:group-7DB849C7BA05:LeaderElection99] INFO  impl.LeaderElection (LeaderElection.java:askForVotes(181)) - 492ed782-6ab3-4ad9-945e-06def6ac7c96:group-7DB849C7BA05:LeaderElection99: begin an election at term 1 for -1: [492ed782-6ab3-4ad9-945e-06def6ac7c96:192.168.36.99:32835], old=null
2019-09-20 09:27:07,967 [492ed782-6ab3-4ad9-945e-06def6ac7c96:group-7DB849C7BA05:LeaderElection99] INFO  impl.RoleInfo (RoleInfo.java:shutdownLeaderElection(134)) - 492ed782-6ab3-4ad9-945e-06def6ac7c96: shutdown LeaderElection
2019-09-20 09:27:07,749 [pool-27-thread-1] INFO  server.RaftServerConfigKeys (ConfUtils.java:logGet(43)) - raft.server.log.appender.install.snapshot.enabled = false (custom)
2019-09-20 09:27:07,749 [492ed782-6ab3-4ad9-945e-06def6ac7c96:group-5EA3DEB86097:LeaderElection93] INFO  server.RaftServerConfigKeys (ConfUtils.java:logGet(43)) - raft.server.rpc.sleep.time = 25ms (default)
2019-09-20 09:27:07,748 [4840c00f-91d3-4881-a20b-4d0486ca97c0:group-E1482C968AE7:LeaderElection96] INFO  server.RaftServerConfigKeys (ConfUtils.java:logGet(43)) - raft.server.staging.catchup.gap = 1000 (default)
2019-09-20 09:27:07,748 [871e6485-c22a-483f-9e07-d19e754685be:group-953E3776DFC8:LeaderElection94] INFO  server.RaftServerConfigKeys (ConfUtils.java:logGet(43)) - raft.server.staging.catchup.gap = 1000 (default)
2019-09-20 09:27:07,968 [871e6485-c22a-483f-9e07-d19e754685be:group-953E3776DFC8:LeaderElection94] INFO  server.RaftServerConfigKeys (ConfUtils.java:logGet(43)) - raft.server.rpc.sleep.time = 25ms (default)
2019-09-20 09:27:07,748 [pool-71-thread-1] INFO  impl.RaftServerImpl (ServerState.java:<init>(105)) - 871e6485-c22a-483f-9e07-d19e754685be:group-37C7F6D04707 ConfigurationManager, init=-1: [4840c00f-91d3-4881-a20b-4d0486ca97c0:192.168.36.99:41473, 871e6485-c22a-483f-9e07-d19e754685be:192.168.36.99:41076, 02b93e76-e4c6-4b67-b8a4-c536d9ab7224:192.168.36.99:39343], old=null, confs=<EMPTY_MAP>
2019-09-20 09:27:07,747 [492ed782-6ab3-4ad9-945e-06def6ac7c96-SegmentedRaftLogWorker:Storage Directory /workdir/hadoop-ozone/integration-test/target/test-dir/MiniOzoneClusterImpl-a33d77e5-464b-4d19-8e6b-a171e580bf0e/datanode-2/data/ratis/520f1fea-219f-47fd-8669-2971f210102f] INFO  util.JmxRegister (JmxRegister.java:unregister(73)) - Successfully un-registered JMX Bean with object name Ratis:service=RaftServer,group=group-2971F210102F,id=492ed782-6ab3-4ad9-945e-06def6ac7c96
2019-09-20 09:27:07,969 [492ed782-6ab3-4ad9-945e-06def6ac7c96-SegmentedRaftLogWorker:Storage Directory /workdir/hadoop-ozone/integration-test/target/test-dir/MiniOzoneClusterImpl-a33d77e5-464b-4d19-8e6b-a171e580bf0e/datanode-2/data/ratis/520f1fea-219f-47fd-8669-2971f210102f] INFO  impl.RoleInfo (RoleInfo.java:shutdownLeaderState(104)) - 492ed782-6ab3-4ad9-945e-06def6ac7c96: shutdown LeaderState
2019-09-20 09:27:07,747 [871e6485-c22a-483f-9e07-d19e754685be-SegmentedRaftLogWorker:Storage Directory /workdir/hadoop-ozone/integration-test/target/test-dir/MiniOzoneClusterImpl-a33d77e5-464b-4d19-8e6b-a171e580bf0e/datanode-4/data/ratis/298f90f7-fb6d-4b90-8c0c-6d6e0000abb6] INFO  impl.RoleInfo (RoleInfo.java:shutdownLeaderState(104)) - 871e6485-c22a-483f-9e07-d19e754685be: shutdown LeaderState
2019-09-20 09:27:07,747 [pool-38-thread-1] INFO  server.RaftServerConfigKeys (ConfUtils.java:logGet(43)) - raft.server.log.force.sync.num = 128 (default)
2019-09-20 09:27:07,747 [Thread-420] INFO  impl.FollowerState (FollowerState.java:run(106)) - 492ed782-6ab3-4ad9-945e-06def6ac7c96:group-B7AE4E66783D changes to CANDIDATE, lastRpcTime:10765, electionTimeout:5062ms
2019-09-20 09:27:07,746 [Thread-424] INFO  impl.FollowerState (FollowerState.java:run(106)) - 871e6485-c22a-483f-9e07-d19e754685be:group-EB665916B604 changes to CANDIDATE, lastRpcTime:10694, electionTimeout:5142ms
2019-09-20 09:27:07,746 [Thread-416] INFO  impl.FollowerState (FollowerState.java:run(106)) - 871e6485-c22a-483f-9e07-d19e754685be:group-0FA20B5362B8 changes to CANDIDATE, lastRpcTime:10849, electionTimeout:5151ms
2019-09-20 09:27:07,970 [Thread-416] INFO  impl.RoleInfo (RoleInfo.java:shutdownFollowerState(121)) - 871e6485-c22a-483f-9e07-d19e754685be: shutdown FollowerState
2019-09-20 09:27:07,744 [Thread-690] INFO  impl.FollowerState (FollowerState.java:run(106)) - 02b93e76-e4c6-4b67-b8a4-c536d9ab7224:group-ACD147FE56E3 changes to CANDIDATE, lastRpcTime:5195, electionTimeout:5194ms
2019-09-20 09:27:07,970 [Thread-690] INFO  impl.RoleInfo (RoleInfo.java:shutdownFollowerState(121)) - 02b93e76-e4c6-4b67-b8a4-c536d9ab7224: shutdown FollowerState
2019-09-20 09:27:07,562 [492ed782-6ab3-4ad9-945e-06def6ac7c96:group-73D4B665E0F9:LeaderElection100] INFO  impl.LeaderElection (LeaderElection.java:askForVotes(181)) - 492ed782-6ab3-4ad9-945e-06def6ac7c96:group-73D4B665E0F9:LeaderElection100: begin an election at term 1 for -1: [492ed782-6ab3-4ad9-945e-06def6ac7c96:192.168.36.99:32835], old=null
2019-09-20 09:27:07,562 [492ed782-6ab3-4ad9-945e-06def6ac7c96:group-6EDD1D14131D:LeaderElection97] INFO  impl.LeaderElection (LeaderElection.java:askForVotes(181)) - 492ed782-6ab3-4ad9-945e-06def6ac7c96:group-6EDD1D14131D:LeaderElection97: begin an election at term 1 for -1: [492ed782-6ab3-4ad9-945e-06def6ac7c96:192.168.36.99:32835], old=null
2019-09-20 09:27:07,313 [pool-60-thread-1] INFO  server.RaftServerConfigKeys (ConfUtils.java:logGet(43)) - raft.server.log.appender.install.snapshot.enabled = false (custom)
2019-09-20 09:27:07,313 [Thread-680] INFO  impl.RoleInfo (RoleInfo.java:updateAndGet(143)) - 02b93e76-e4c6-4b67-b8a4-c536d9ab7224: start LeaderElection
2019-09-20 09:27:07,313 [Thread-671] INFO  impl.RoleInfo (RoleInfo.java:updateAndGet(143)) - 492ed782-6ab3-4ad9-945e-06def6ac7c96: start LeaderElection
2019-09-20 09:27:07,313 [dc7f40a9-6782-42c4-abab-c6b1682da047-SegmentedRaftLogWorker:Storage Directory /workdir/hadoop-ozone/integration-test/target/test-dir/MiniOzoneClusterImpl-a33d77e5-464b-4d19-8e6b-a171e580bf0e/datanode-5/data/ratis/1eb9b679-29dd-4c19-bb4f-5319708db950] INFO  impl.PendingRequests (PendingRequests.java:sendNotLeaderResponses(202)) - dc7f40a9-6782-42c4-abab-c6b1682da047-PendingRequests: sendNotLeaderResponses
2019-09-20 09:27:07,313 [fd3cd5f9-4f1c-43ea-91b1-b85a1f6c3825-SegmentedRaftLogWorker:Storage Directory /workdir/hadoop-ozone/integration-test/target/test-dir/MiniOzoneClusterImpl-a33d77e5-464b-4d19-8e6b-a171e580bf0e/datanode-1/data/ratis/5527d7bd-7b27-49c1-81a3-15f7f40b3111] INFO  impl.RoleInfo (RoleInfo.java:shutdownLeaderState(104)) - fd3cd5f9-4f1c-43ea-91b1-b85a1f6c3825: shutdown LeaderState
2019-09-20 09:27:07,971 [dc7f40a9-6782-42c4-abab-c6b1682da047-SegmentedRaftLogWorker:Storage Directory /workdir/hadoop-ozone/integration-test/target/test-dir/MiniOzoneClusterImpl-a33d77e5-464b-4d19-8e6b-a171e580bf0e/datanode-5/data/ratis/1eb9b679-29dd-4c19-bb4f-5319708db950] INFO  impl.StateMachineUpdater (StateMachineUpdater.java:stopAndJoin(115)) - StateMachineUpdater:dc7f40a9-6782-42c4-abab-c6b1682da047:group-5319708DB950: set stopIndex = -1
2019-09-20 09:27:07,312 [fd3cd5f9-4f1c-43ea-91b1-b85a1f6c3825-SegmentedRaftLogWorker:Storage Directory /workdir/hadoop-ozone/integration-test/target/test-dir/MiniOzoneClusterImpl-a33d77e5-464b-4d19-8e6b-a171e580bf0e/datanode-1/data/ratis/00b4180d-3d56-4121-a0e5-4783210e70c8] INFO  impl.RoleInfo (RoleInfo.java:shutdownLeaderState(104)) - fd3cd5f9-4f1c-43ea-91b1-b85a1f6c3825: shutdown LeaderState
2019-09-20 09:27:07,312 [492ed782-6ab3-4ad9-945e-06def6ac7c96:group-0B991F8144C1:LeaderElection86] INFO  impl.RoleInfo (RoleInfo.java:updateAndGet(143)) - 492ed782-6ab3-4ad9-945e-06def6ac7c96: start LeaderState
2019-09-20 09:27:07,312 [492ed782-6ab3-4ad9-945e-06def6ac7c96:group-371618AF92D0:LeaderElection80] INFO  impl.RaftServerImpl (ServerState.java:setRaftConf(361)) - 492ed782-6ab3-4ad9-945e-06def6ac7c96:group-371618AF92D0 set configuration 0: [492ed782-6ab3-4ad9-945e-06def6ac7c96:192.168.36.99:32835], old=null at 0
2019-09-20 09:27:07,972 [492ed782-6ab3-4ad9-945e-06def6ac7c96:group-0B991F8144C1:LeaderElection86] INFO  segmented.SegmentedRaftLogWorker (SegmentedRaftLogWorker.java:startLogSegment(380)) - 492ed782-6ab3-4ad9-945e-06def6ac7c96-SegmentedRaftLogWorker:Storage Directory /workdir/hadoop-ozone/integration-test/target/test-dir/MiniOzoneClusterImpl-a33d77e5-464b-4d19-8e6b-a171e580bf0e/datanode-2/data/ratis/345b7b41-6102-4286-98ac-0b991f8144c1: Starting segment from index:0
2019-09-20 09:27:07,312 [4840c00f-91d3-4881-a20b-4d0486ca97c0:group-3F30D8B52B66:LeaderElection98] INFO  server.RaftServerConfigKeys (ConfUtils.java:logGet(43)) - raft.server.staging.catchup.gap = 1000 (default)
2019-09-20 09:27:08,214 | INFO  | SCMAudit | user=jenkins1000 | ip=192.168.36.99 | op=SEND_HEARTBEAT {datanodeUUID=02b93e76-e4c6-4b67-b8a4-c536d9ab7224, command=[]} | ret=SUCCESS |  
2019-09-20 09:27:08,214 | INFO  | SCMAudit | user=jenkins1000 | ip=192.168.36.99 | op=SEND_HEARTBEAT {datanodeUUID=871e6485-c22a-483f-9e07-d19e754685be, command=[]} | ret=SUCCESS |  
2019-09-20 09:27:08,214 | INFO  | SCMAudit | user=jenkins1000 | ip=192.168.36.99 | op=SEND_HEARTBEAT {datanodeUUID=492ed782-6ab3-4ad9-945e-06def6ac7c96, command=[]} | ret=SUCCESS |  
2019-09-20 09:27:08,214 | INFO  | SCMAudit | user=jenkins1000 | ip=192.168.36.99 | op=SEND_HEARTBEAT {datanodeUUID=4840c00f-91d3-4881-a20b-4d0486ca97c0, command=[]} | ret=SUCCESS |  
2019-09-20 09:27:07,312 [fd3cd5f9-4f1c-43ea-91b1-b85a1f6c3825:group-B51869680CF2:LeaderElection85] INFO  segmented.SegmentedRaftLogWorker (SegmentedRaftLogWorker.java:startLogSegment(380)) - fd3cd5f9-4f1c-43ea-91b1-b85a1f6c3825-SegmentedRaftLogWorker:Storage Directory /workdir/hadoop-ozone/integration-test/target/test-dir/MiniOzoneClusterImpl-a33d77e5-464b-4d19-8e6b-a171e580bf0e/datanode-1/data/ratis/bee225f1-cde6-4a6d-8fcd-b51869680cf2: Starting segment from index:0
2019-09-20 09:27:08,215 [492ed782-6ab3-4ad9-945e-06def6ac7c96:group-0B991F8144C1:LeaderElection86] INFO  impl.RaftServerImpl (ServerState.java:setRaftConf(361)) - 492ed782-6ab3-4ad9-945e-06def6ac7c96:group-0B991F8144C1 set configuration 0: [492ed782-6ab3-4ad9-945e-06def6ac7c96:192.168.36.99:32835], old=null at 0
2019-09-20 09:27:08,215 [fd3cd5f9-4f1c-43ea-91b1-b85a1f6c3825:group-140670C34868:LeaderElection101] INFO  impl.LeaderElection (LeaderElection.java:askForVotes(181)) - fd3cd5f9-4f1c-43ea-91b1-b85a1f6c3825:group-140670C34868:LeaderElection101: begin an election at term 1 for -1: [fd3cd5f9-4f1c-43ea-91b1-b85a1f6c3825:192.168.36.99:39114], old=null
2019-09-20 09:27:08,215 [492ed782-6ab3-4ad9-945e-06def6ac7c96:group-DEE5CB996035:LeaderElection105] INFO  impl.LeaderElection (LeaderElection.java:askForVotes(181)) - 492ed782-6ab3-4ad9-945e-06def6ac7c96:group-DEE5CB996035:LeaderElection105: begin an election at term 1 for -1: [492ed782-6ab3-4ad9-945e-06def6ac7c96:192.168.36.99:32835], old=null
2019-09-20 09:27:08,215 [492ed782-6ab3-4ad9-945e-06def6ac7c96:group-DBC605E3E4FA:LeaderElection102] INFO  impl.LeaderElection (LeaderElection.java:askForVotes(181)) - 492ed782-6ab3-4ad9-945e-06def6ac7c96:group-DBC605E3E4FA:LeaderElection102: begin an election at term 1 for -1: [492ed782-6ab3-4ad9-945e-06def6ac7c96:192.168.36.99:32835], old=null
2019-09-20 09:27:08,215 [02b93e76-e4c6-4b67-b8a4-c536d9ab7224:group-6F492938606B:LeaderElection106] INFO  impl.LeaderElection (LeaderElection.java:askForVotes(181)) - 02b93e76-e4c6-4b67-b8a4-c536d9ab7224:group-6F492938606B:LeaderElection106: begin an election at term 1 for -1: [02b93e76-e4c6-4b67-b8a4-c536d9ab7224:192.168.36.99:39343], old=null
2019-09-20 09:27:08,410 | INFO  | SCMAudit | user=jenkins1000 | ip=192.168.36.99 | op=SEND_HEARTBEAT {datanodeUUID=dc7f40a9-6782-42c4-abab-c6b1682da047, command=[]} | ret=SUCCESS |  
2019-09-20 09:27:08,410 | INFO  | SCMAudit | user=jenkins1000 | ip=192.168.36.99 | op=SEND_HEARTBEAT {datanodeUUID=fd3cd5f9-4f1c-43ea-91b1-b85a1f6c3825, command=[]} | ret=SUCCESS |  
2019-09-20 09:27:08,215 [02b93e76-e4c6-4b67-b8a4-c536d9ab7224:group-45895A567D29:LeaderElection103] INFO  impl.LeaderElection (LeaderElection.java:askForVotes(181)) - 02b93e76-e4c6-4b67-b8a4-c536d9ab7224:group-45895A567D29:LeaderElection103: begin an election at term 1 for -1: [02b93e76-e4c6-4b67-b8a4-c536d9ab7224:192.168.36.99:39343], old=null
2019-09-20 09:27:08,214 [02b93e76-e4c6-4b67-b8a4-c536d9ab7224-SegmentedRaftLogWorker:Storage Directory /workdir/hadoop-ozone/integration-test/target/test-dir/MiniOzoneClusterImpl-a33d77e5-464b-4d19-8e6b-a171e580bf0e/datanode-0/data/ratis/9110cbed-aff7-478d-a0d1-e470973dd81d] ERROR segmented.SegmentedRaftLogWorker (SegmentedRaftLogWorker.java:run(323)) - 02b93e76-e4c6-4b67-b8a4-c536d9ab7224-SegmentedRaftLogWorker:Storage Directory /workdir/hadoop-ozone/integration-test/target/test-dir/MiniOzoneClusterImpl-a33d77e5-464b-4d19-8e6b-a171e580bf0e/datanode-0/data/ratis/9110cbed-aff7-478d-a0d1-e470973dd81d hit exception
java.lang.OutOfMemoryError: Direct buffer memory
	at java.nio.Bits.reserveMemory(Bits.java:666)
	at java.nio.DirectByteBuffer.<init>(DirectByteBuffer.java:123)
	at java.nio.ByteBuffer.allocateDirect(ByteBuffer.java:311)
	at org.apache.ratis.server.raftlog.segmented.BufferedWriteChannel.<init>(BufferedWriteChannel.java:41)
	at org.apache.ratis.server.raftlog.segmented.SegmentedRaftLogOutputStream.<init>(SegmentedRaftLogOutputStream.java:72)
	at org.apache.ratis.server.raftlog.segmented.SegmentedRaftLogWorker$StartLogSegment.execute(SegmentedRaftLogWorker.java:566)
	at org.apache.ratis.server.raftlog.segmented.SegmentedRaftLogWorker.run(SegmentedRaftLogWorker.java:289)
	at java.lang.Thread.run(Thread.java:748)
2019-09-20 09:27:07,972 [4840c00f-91d3-4881-a20b-4d0486ca97c0:group-3F30D8B52B66:LeaderElection98] INFO  server.RaftServerConfigKeys (ConfUtils.java:logGet(43)) - raft.server.rpc.sleep.time = 25ms (default)
2019-09-20 09:27:07,971 [fd3cd5f9-4f1c-43ea-91b1-b85a1f6c3825-SegmentedRaftLogWorker:Storage Directory /workdir/hadoop-ozone/integration-test/target/test-dir/MiniOzoneClusterImpl-a33d77e5-464b-4d19-8e6b-a171e580bf0e/datanode-1/data/ratis/00b4180d-3d56-4121-a0e5-4783210e70c8] INFO  impl.PendingRequests (PendingRequests.java:sendNotLeaderResponses(202)) - fd3cd5f9-4f1c-43ea-91b1-b85a1f6c3825-PendingRequests: sendNotLeaderResponses
2019-09-20 09:27:07,971 [dc7f40a9-6782-42c4-abab-c6b1682da047-SegmentedRaftLogWorker:Storage Directory /workdir/hadoop-ozone/integration-test/target/test-dir/MiniOzoneClusterImpl-a33d77e5-464b-4d19-8e6b-a171e580bf0e/datanode-5/data/ratis/1eb9b679-29dd-4c19-bb4f-5319708db950] INFO  impl.RaftServerImpl (ServerState.java:close(394)) - dc7f40a9-6782-42c4-abab-c6b1682da047:group-5319708DB950 closes. The last applied log index is -1
2019-09-20 09:27:07,971 [fd3cd5f9-4f1c-43ea-91b1-b85a1f6c3825-SegmentedRaftLogWorker:Storage Directory /workdir/hadoop-ozone/integration-test/target/test-dir/MiniOzoneClusterImpl-a33d77e5-464b-4d19-8e6b-a171e580bf0e/datanode-1/data/ratis/5527d7bd-7b27-49c1-81a3-15f7f40b3111] INFO  impl.PendingRequests (PendingRequests.java:sendNotLeaderResponses(202)) - fd3cd5f9-4f1c-43ea-91b1-b85a1f6c3825-PendingRequests: sendNotLeaderResponses
2019-09-20 09:27:07,970 [pool-60-thread-1] INFO  impl.RaftServerImpl (ServerState.java:<init>(105)) - 4840c00f-91d3-4881-a20b-4d0486ca97c0:group-37C7F6D04707 ConfigurationManager, init=-1: [4840c00f-91d3-4881-a20b-4d0486ca97c0:192.168.36.99:41473, 871e6485-c22a-483f-9e07-d19e754685be:192.168.36.99:41076, 02b93e76-e4c6-4b67-b8a4-c536d9ab7224:192.168.36.99:39343], old=null, confs=<EMPTY_MAP>
2019-09-20 09:27:07,970 [492ed782-6ab3-4ad9-945e-06def6ac7c96:group-6EDD1D14131D:LeaderElection97] INFO  impl.RoleInfo (RoleInfo.java:shutdownLeaderElection(134)) - 492ed782-6ab3-4ad9-945e-06def6ac7c96: shutdown LeaderElection
2019-09-20 09:27:08,411 [pool-60-thread-1] INFO  server.RaftServerConfigKeys (ConfUtils.java:logGet(43)) - raft.server.storage.dir = [/workdir/hadoop-ozone/integration-test/target/test-dir/MiniOzoneClusterImpl-a33d77e5-464b-4d19-8e6b-a171e580bf0e/datanode-3/data/ratis] (custom)
2019-09-20 09:27:07,970 [492ed782-6ab3-4ad9-945e-06def6ac7c96:group-73D4B665E0F9:LeaderElection100] INFO  impl.RoleInfo (RoleInfo.java:shutdownLeaderElection(134)) - 492ed782-6ab3-4ad9-945e-06def6ac7c96: shutdown LeaderElection
2019-09-20 09:27:07,970 [Thread-690] INFO  impl.RaftServerImpl (RaftServerImpl.java:setRole(171)) - 02b93e76-e4c6-4b67-b8a4-c536d9ab7224:group-ACD147FE56E3 changes role from FOLLOWER to CANDIDATE at term 0 for changeToCandidate
2019-09-20 09:27:07,970 [Thread-416] INFO  impl.RaftServerImpl (RaftServerImpl.java:setRole(171)) - 871e6485-c22a-483f-9e07-d19e754685be:group-0FA20B5362B8 changes role from FOLLOWER to CANDIDATE at term 0 for changeToCandidate
2019-09-20 09:27:07,969 [Thread-424] INFO  impl.RoleInfo (RoleInfo.java:shutdownFollowerState(121)) - 871e6485-c22a-483f-9e07-d19e754685be: shutdown FollowerState
2019-09-20 09:27:08,412 [Thread-424] INFO  impl.RaftServerImpl (RaftServerImpl.java:setRole(171)) - 871e6485-c22a-483f-9e07-d19e754685be:group-EB665916B604 changes role from FOLLOWER to CANDIDATE at term 0 for changeToCandidate
2019-09-20 09:27:07,969 [Thread-420] INFO  impl.RoleInfo (RoleInfo.java:shutdownFollowerState(121)) - 492ed782-6ab3-4ad9-945e-06def6ac7c96: shutdown FollowerState
2019-09-20 09:27:07,969 [pool-38-thread-1] INFO  server.RaftServerConfigKeys (ConfUtils.java:logGet(43)) - raft.server.log.statemachine.data.sync = true (default)
2019-09-20 09:27:07,969 [871e6485-c22a-483f-9e07-d19e754685be-SegmentedRaftLogWorker:Storage Directory /workdir/hadoop-ozone/integration-test/target/test-dir/MiniOzoneClusterImpl-a33d77e5-464b-4d19-8e6b-a171e580bf0e/datanode-4/data/ratis/298f90f7-fb6d-4b90-8c0c-6d6e0000abb6] INFO  impl.PendingRequests (PendingRequests.java:sendNotLeaderResponses(202)) - 871e6485-c22a-483f-9e07-d19e754685be-PendingRequests: sendNotLeaderResponses
2019-09-20 09:27:07,969 [492ed782-6ab3-4ad9-945e-06def6ac7c96-SegmentedRaftLogWorker:Storage Directory /workdir/hadoop-ozone/integration-test/target/test-dir/MiniOzoneClusterImpl-a33d77e5-464b-4d19-8e6b-a171e580bf0e/datanode-2/data/ratis/520f1fea-219f-47fd-8669-2971f210102f] INFO  impl.PendingRequests (PendingRequests.java:sendNotLeaderResponses(202)) - 492ed782-6ab3-4ad9-945e-06def6ac7c96-PendingRequests: sendNotLeaderResponses
2019-09-20 09:27:07,969 [pool-71-thread-1] INFO  server.RaftServerConfigKeys (ConfUtils.java:logGet(43)) - raft.server.storage.dir = [/workdir/hadoop-ozone/integration-test/target/test-dir/MiniOzoneClusterImpl-a33d77e5-464b-4d19-8e6b-a171e580bf0e/datanode-4/data/ratis] (custom)
2019-09-20 09:27:07,968 [871e6485-c22a-483f-9e07-d19e754685be:group-953E3776DFC8:LeaderElection94] INFO  server.RaftServerConfigKeys (ConfUtils.java:logGet(43)) - raft.server.write.element-limit = 4096 (default)
2019-09-20 09:27:07,968 [4840c00f-91d3-4881-a20b-4d0486ca97c0:group-E1482C968AE7:LeaderElection96] INFO  server.RaftServerConfigKeys (ConfUtils.java:logGet(43)) - raft.server.rpc.sleep.time = 25ms (default)
2019-09-20 09:27:08,413 [pool-71-thread-1] INFO  storage.RaftStorageDirectory (RaftStorageDirectory.java:analyzeStorage(246)) - The storage directory /workdir/hadoop-ozone/integration-test/target/test-dir/MiniOzoneClusterImpl-a33d77e5-464b-4d19-8e6b-a171e580bf0e/datanode-4/data/ratis/11c0d268-50d7-478a-8c7c-37c7f6d04707 does not exist. Creating ...
2019-09-20 09:27:07,968 [492ed782-6ab3-4ad9-945e-06def6ac7c96:group-5EA3DEB86097:LeaderElection93] INFO  server.RaftServerConfigKeys (ConfUtils.java:logGet(43)) - raft.server.write.element-limit = 4096 (default)
2019-09-20 09:27:07,968 [pool-27-thread-1] INFO  impl.RaftServerImpl (ServerState.java:<init>(105)) - 02b93e76-e4c6-4b67-b8a4-c536d9ab7224:group-37C7F6D04707 ConfigurationManager, init=-1: [4840c00f-91d3-4881-a20b-4d0486ca97c0:192.168.36.99:41473, 871e6485-c22a-483f-9e07-d19e754685be:192.168.36.99:41076, 02b93e76-e4c6-4b67-b8a4-c536d9ab7224:192.168.36.99:39343], old=null, confs=<EMPTY_MAP>
2019-09-20 09:27:07,967 [492ed782-6ab3-4ad9-945e-06def6ac7c96:group-7DB849C7BA05:LeaderElection99] INFO  impl.RaftServerImpl (RaftServerImpl.java:setRole(171)) - 492ed782-6ab3-4ad9-945e-06def6ac7c96:group-7DB849C7BA05 changes role from CANDIDATE to LEADER at term 1 for changeToLeader
2019-09-20 09:27:07,967 [871e6485-c22a-483f-9e07-d19e754685be:group-251E202153EF:LeaderElection104] INFO  impl.RoleInfo (RoleInfo.java:shutdownLeaderElection(134)) - 871e6485-c22a-483f-9e07-d19e754685be: shutdown LeaderElection
2019-09-20 09:27:07,967 [4840c00f-91d3-4881-a20b-4d0486ca97c0:group-0216F39D9076:LeaderElection89] INFO  server.RaftServerConfigKeys (ConfUtils.java:logGet(43)) - raft.server.watch.element-limit = 65536 (default)
2019-09-20 09:27:07,966 [871e6485-c22a-483f-9e07-d19e754685be:group-F286CD3DD3B8:LeaderElection95] INFO  server.RaftServerConfigKeys (ConfUtils.java:logGet(43)) - raft.server.watch.timeout.denomination = 1s (default)
2019-09-20 09:27:07,966 [02b93e76-e4c6-4b67-b8a4-c536d9ab7224:group-B9203607AE95:LeaderElection92] INFO  server.RaftServerConfigKeys (ConfUtils.java:logGet(43)) - raft.server.watch.timeout = 10s (default)
2019-09-20 09:27:08,415 [02b93e76-e4c6-4b67-b8a4-c536d9ab7224:group-B9203607AE95:LeaderElection92] INFO  server.RaftServerConfigKeys (ConfUtils.java:logGet(43)) - raft.server.watch.timeout.denomination = 1s (default)
2019-09-20 09:27:07,966 [4840c00f-91d3-4881-a20b-4d0486ca97c0:group-0F9565C0C9C7:LeaderElection88] INFO  segmented.SegmentedRaftLogWorker (SegmentedRaftLogWorker.java:startLogSegment(380)) - 4840c00f-91d3-4881-a20b-4d0486ca97c0-SegmentedRaftLogWorker:Storage Directory /workdir/hadoop-ozone/integration-test/target/test-dir/MiniOzoneClusterImpl-a33d77e5-464b-4d19-8e6b-a171e580bf0e/datanode-3/data/ratis/b5c515ee-40b4-4eb7-aa79-0f9565c0c9c7: Starting segment from index:0
2019-09-20 09:27:07,966 [492ed782-6ab3-4ad9-945e-06def6ac7c96:group-D9DFD2FAA041:LeaderElection90] INFO  server.RaftServerConfigKeys (ConfUtils.java:logGet(43)) - raft.server.watch.timeout.denomination = 1s (default)
2019-09-20 09:27:07,966 [02b93e76-e4c6-4b67-b8a4-c536d9ab7224:group-6193B43AE77D:LeaderElection91] INFO  server.RaftServerConfigKeys (ConfUtils.java:logGet(43)) - raft.server.rpc.sleep.time = 25ms (default)
2019-09-20 09:27:08,632 [fd3cd5f9-4f1c-43ea-91b1-b85a1f6c3825-SegmentedRaftLogWorker:Storage Directory /workdir/hadoop-ozone/integration-test/target/test-dir/MiniOzoneClusterImpl-a33d77e5-464b-4d19-8e6b-a171e580bf0e/datanode-1/data/ratis/b7807c9d-8f95-4f8f-b38a-12b3faed76d7] ERROR segmented.SegmentedRaftLogWorker (SegmentedRaftLogWorker.java:run(323)) - fd3cd5f9-4f1c-43ea-91b1-b85a1f6c3825-SegmentedRaftLogWorker:Storage Directory /workdir/hadoop-ozone/integration-test/target/test-dir/MiniOzoneClusterImpl-a33d77e5-464b-4d19-8e6b-a171e580bf0e/datanode-1/data/ratis/b7807c9d-8f95-4f8f-b38a-12b3faed76d7 hit exception
java.lang.OutOfMemoryError: Direct buffer memory
	at java.nio.Bits.reserveMemory(Bits.java:666)
	at java.nio.DirectByteBuffer.<init>(DirectByteBuffer.java:123)
	at java.nio.ByteBuffer.allocateDirect(ByteBuffer.java:311)
	at org.apache.ratis.server.raftlog.segmented.BufferedWriteChannel.<init>(BufferedWriteChannel.java:41)
	at org.apache.ratis.server.raftlog.segmented.SegmentedRaftLogOutputStream.<init>(SegmentedRaftLogOutputStream.java:72)
	at org.apache.ratis.server.raftlog.segmented.SegmentedRaftLogWorker$StartLogSegment.execute(SegmentedRaftLogWorker.java:566)
	at org.apache.ratis.server.raftlog.segmented.SegmentedRaftLogWorker.run(SegmentedRaftLogWorker.java:289)
	at java.lang.Thread.run(Thread.java:748)
2019-09-20 09:27:08,632 [pool-71-thread-1] INFO  storage.RaftStorageDirectory (RaftStorageDirectory.java:tryLock(328)) - Lock on /workdir/hadoop-ozone/integration-test/target/test-dir/MiniOzoneClusterImpl-a33d77e5-464b-4d19-8e6b-a171e580bf0e/datanode-4/data/ratis/11c0d268-50d7-478a-8c7c-37c7f6d04707/in_use.lock acquired by nodename 7145@pr-hdds-1569-p5fx8-1226042367
2019-09-20 09:27:08,632 [Thread-463] INFO  impl.FollowerState (FollowerState.java:run(106)) - 871e6485-c22a-483f-9e07-d19e754685be:group-6FE48D9F1AE6 changes to CANDIDATE, lastRpcTime:10878, electionTimeout:5108ms
2019-09-20 09:27:08,632 [Thread-471] INFO  impl.FollowerState (FollowerState.java:run(106)) - 492ed782-6ab3-4ad9-945e-06def6ac7c96:group-E1A3C09B18D1 changes to CANDIDATE, lastRpcTime:10733, electionTimeout:5169ms
2019-09-20 09:27:08,415 [4840c00f-91d3-4881-a20b-4d0486ca97c0:group-0F9565C0C9C7:LeaderElection88] INFO  impl.RaftServerImpl (ServerState.java:setRaftConf(361)) - 4840c00f-91d3-4881-a20b-4d0486ca97c0:group-0F9565C0C9C7 set configuration 0: [4840c00f-91d3-4881-a20b-4d0486ca97c0:192.168.36.99:41473], old=null at 0
2019-09-20 09:27:08,415 [492ed782-6ab3-4ad9-945e-06def6ac7c96:group-D9DFD2FAA041:LeaderElection90] INFO  server.RaftServerConfigKeys (ConfUtils.java:logGet(43)) - raft.server.watch.element-limit = 65536 (default)
2019-09-20 09:27:08,415 [02b93e76-e4c6-4b67-b8a4-c536d9ab7224:group-B9203607AE95:LeaderElection92] INFO  server.RaftServerConfigKeys (ConfUtils.java:logGet(43)) - raft.server.watch.element-limit = 65536 (default)
2019-09-20 09:27:08,415 [871e6485-c22a-483f-9e07-d19e754685be:group-F286CD3DD3B8:LeaderElection95] INFO  server.RaftServerConfigKeys (ConfUtils.java:logGet(43)) - raft.server.watch.element-limit = 65536 (default)
2019-09-20 09:27:08,414 [4840c00f-91d3-4881-a20b-4d0486ca97c0:group-0216F39D9076:LeaderElection89] INFO  impl.RoleInfo (RoleInfo.java:updateAndGet(143)) - 4840c00f-91d3-4881-a20b-4d0486ca97c0: start LeaderState
2019-09-20 09:27:08,637 [871e6485-c22a-483f-9e07-d19e754685be:group-F286CD3DD3B8:LeaderElection95] INFO  impl.RoleInfo (RoleInfo.java:updateAndGet(143)) - 871e6485-c22a-483f-9e07-d19e754685be: start LeaderState
2019-09-20 09:27:08,414 [871e6485-c22a-483f-9e07-d19e754685be:group-251E202153EF:LeaderElection104] INFO  impl.RaftServerImpl (RaftServerImpl.java:setRole(171)) - 871e6485-c22a-483f-9e07-d19e754685be:group-251E202153EF changes role from CANDIDATE to LEADER at term 1 for changeToLeader
2019-09-20 09:27:08,637 [871e6485-c22a-483f-9e07-d19e754685be:group-F286CD3DD3B8:LeaderElection95] INFO  segmented.SegmentedRaftLogWorker (SegmentedRaftLogWorker.java:startLogSegment(380)) - 871e6485-c22a-483f-9e07-d19e754685be-SegmentedRaftLogWorker:Storage Directory /workdir/hadoop-ozone/integration-test/target/test-dir/MiniOzoneClusterImpl-a33d77e5-464b-4d19-8e6b-a171e580bf0e/datanode-4/data/ratis/6cfb6e6d-8cca-4605-9a44-f286cd3dd3b8: Starting segment from index:0
2019-09-20 09:27:08,414 [492ed782-6ab3-4ad9-945e-06def6ac7c96:group-7DB849C7BA05:LeaderElection99] INFO  impl.RaftServerImpl (ServerState.java:setLeader(263)) - 492ed782-6ab3-4ad9-945e-06def6ac7c96:group-7DB849C7BA05 change Leader from null to 492ed782-6ab3-4ad9-945e-06def6ac7c96 at term 1 for becomeLeader, leader elected after 6854ms
2019-09-20 09:27:08,414 [pool-27-thread-1] INFO  server.RaftServerConfigKeys (ConfUtils.java:logGet(43)) - raft.server.storage.dir = [/workdir/hadoop-ozone/integration-test/target/test-dir/MiniOzoneClusterImpl-a33d77e5-464b-4d19-8e6b-a171e580bf0e/datanode-0/data/ratis] (custom)
2019-09-20 09:27:08,414 [492ed782-6ab3-4ad9-945e-06def6ac7c96:group-5EA3DEB86097:LeaderElection93] INFO  server.RaftServerConfigKeys (ConfUtils.java:logGet(43)) - raft.server.watch.timeout = 10s (default)
2019-09-20 09:27:08,413 [4840c00f-91d3-4881-a20b-4d0486ca97c0:group-E1482C968AE7:LeaderElection96] INFO  server.RaftServerConfigKeys (ConfUtils.java:logGet(43)) - raft.server.write.element-limit = 4096 (default)
2019-09-20 09:27:08,413 [871e6485-c22a-483f-9e07-d19e754685be:group-953E3776DFC8:LeaderElection94] INFO  server.RaftServerConfigKeys (ConfUtils.java:logGet(43)) - raft.server.watch.timeout = 10s (default)
2019-09-20 09:27:08,832 [871e6485-c22a-483f-9e07-d19e754685be:group-953E3776DFC8:LeaderElection94] INFO  server.RaftServerConfigKeys (ConfUtils.java:logGet(43)) - raft.server.watch.timeout.denomination = 1s (default)
2019-09-20 09:27:08,413 [492ed782-6ab3-4ad9-945e-06def6ac7c96-SegmentedRaftLogWorker:Storage Directory /workdir/hadoop-ozone/integration-test/target/test-dir/MiniOzoneClusterImpl-a33d77e5-464b-4d19-8e6b-a171e580bf0e/datanode-2/data/ratis/520f1fea-219f-47fd-8669-2971f210102f] INFO  impl.StateMachineUpdater (StateMachineUpdater.java:stopAndJoin(115)) - StateMachineUpdater:492ed782-6ab3-4ad9-945e-06def6ac7c96:group-2971F210102F: set stopIndex = -1
2019-09-20 09:27:08,413 [871e6485-c22a-483f-9e07-d19e754685be-SegmentedRaftLogWorker:Storage Directory /workdir/hadoop-ozone/integration-test/target/test-dir/MiniOzoneClusterImpl-a33d77e5-464b-4d19-8e6b-a171e580bf0e/datanode-4/data/ratis/298f90f7-fb6d-4b90-8c0c-6d6e0000abb6] INFO  impl.StateMachineUpdater (StateMachineUpdater.java:stopAndJoin(115)) - StateMachineUpdater:871e6485-c22a-483f-9e07-d19e754685be:group-6D6E0000ABB6: set stopIndex = -1
2019-09-20 09:27:08,833 [871e6485-c22a-483f-9e07-d19e754685be-SegmentedRaftLogWorker:Storage Directory /workdir/hadoop-ozone/integration-test/target/test-dir/MiniOzoneClusterImpl-a33d77e5-464b-4d19-8e6b-a171e580bf0e/datanode-4/data/ratis/298f90f7-fb6d-4b90-8c0c-6d6e0000abb6] INFO  impl.RaftServerImpl (ServerState.java:close(394)) - 871e6485-c22a-483f-9e07-d19e754685be:group-6D6E0000ABB6 closes. The last applied log index is -1
2019-09-20 09:27:08,413 [pool-38-thread-1] INFO  server.RaftServerConfigKeys (ConfUtils.java:logGet(43)) - raft.server.log.statemachine.data.sync.timeout = 10s (default)
2019-09-20 09:27:08,833 [871e6485-c22a-483f-9e07-d19e754685be-SegmentedRaftLogWorker:Storage Directory /workdir/hadoop-ozone/integration-test/target/test-dir/MiniOzoneClusterImpl-a33d77e5-464b-4d19-8e6b-a171e580bf0e/datanode-4/data/ratis/298f90f7-fb6d-4b90-8c0c-6d6e0000abb6] INFO  segmented.SegmentedRaftLogWorker (SegmentedRaftLogWorker.java:close(228)) - 871e6485-c22a-483f-9e07-d19e754685be-SegmentedRaftLogWorker:Storage Directory /workdir/hadoop-ozone/integration-test/target/test-dir/MiniOzoneClusterImpl-a33d77e5-464b-4d19-8e6b-a171e580bf0e/datanode-4/data/ratis/298f90f7-fb6d-4b90-8c0c-6d6e0000abb6 close()
2019-09-20 09:27:08,412 [Thread-420] INFO  impl.RaftServerImpl (RaftServerImpl.java:setRole(171)) - 492ed782-6ab3-4ad9-945e-06def6ac7c96:group-B7AE4E66783D changes role from FOLLOWER to CANDIDATE at term 0 for changeToCandidate
2019-09-20 09:27:08,412 [Thread-690] INFO  impl.RoleInfo (RoleInfo.java:updateAndGet(143)) - 02b93e76-e4c6-4b67-b8a4-c536d9ab7224: start LeaderElection
2019-09-20 09:27:08,412 [pool-60-thread-1] INFO  storage.RaftStorageDirectory (RaftStorageDirectory.java:analyzeStorage(246)) - The storage directory /workdir/hadoop-ozone/integration-test/target/test-dir/MiniOzoneClusterImpl-a33d77e5-464b-4d19-8e6b-a171e580bf0e/datanode-3/data/ratis/11c0d268-50d7-478a-8c7c-37c7f6d04707 does not exist. Creating ...
2019-09-20 09:27:08,412 [492ed782-6ab3-4ad9-945e-06def6ac7c96:group-73D4B665E0F9:LeaderElection100] INFO  impl.RaftServerImpl (RaftServerImpl.java:setRole(171)) - 492ed782-6ab3-4ad9-945e-06def6ac7c96:group-73D4B665E0F9 changes role from CANDIDATE to LEADER at term 1 for changeToLeader
2019-09-20 09:27:08,839 [492ed782-6ab3-4ad9-945e-06def6ac7c96:group-73D4B665E0F9:LeaderElection100] INFO  impl.RaftServerImpl (ServerState.java:setLeader(263)) - 492ed782-6ab3-4ad9-945e-06def6ac7c96:group-73D4B665E0F9 change Leader from null to 492ed782-6ab3-4ad9-945e-06def6ac7c96 at term 1 for becomeLeader, leader elected after 7210ms
2019-09-20 09:27:08,411 [492ed782-6ab3-4ad9-945e-06def6ac7c96:group-6EDD1D14131D:LeaderElection97] INFO  impl.RaftServerImpl (RaftServerImpl.java:setRole(171)) - 492ed782-6ab3-4ad9-945e-06def6ac7c96:group-6EDD1D14131D changes role from CANDIDATE to LEADER at term 1 for changeToLeader
2019-09-20 09:27:08,411 [fd3cd5f9-4f1c-43ea-91b1-b85a1f6c3825-SegmentedRaftLogWorker:Storage Directory /workdir/hadoop-ozone/integration-test/target/test-dir/MiniOzoneClusterImpl-a33d77e5-464b-4d19-8e6b-a171e580bf0e/datanode-1/data/ratis/5527d7bd-7b27-49c1-81a3-15f7f40b3111] INFO  impl.StateMachineUpdater (StateMachineUpdater.java:stopAndJoin(115)) - StateMachineUpdater:fd3cd5f9-4f1c-43ea-91b1-b85a1f6c3825:group-15F7F40B3111: set stopIndex = -1
2019-09-20 09:27:08,411 [dc7f40a9-6782-42c4-abab-c6b1682da047-SegmentedRaftLogWorker:Storage Directory /workdir/hadoop-ozone/integration-test/target/test-dir/MiniOzoneClusterImpl-a33d77e5-464b-4d19-8e6b-a171e580bf0e/datanode-5/data/ratis/1eb9b679-29dd-4c19-bb4f-5319708db950] INFO  segmented.SegmentedRaftLogWorker (SegmentedRaftLogWorker.java:close(228)) - dc7f40a9-6782-42c4-abab-c6b1682da047-SegmentedRaftLogWorker:Storage Directory /workdir/hadoop-ozone/integration-test/target/test-dir/MiniOzoneClusterImpl-a33d77e5-464b-4d19-8e6b-a171e580bf0e/datanode-5/data/ratis/1eb9b679-29dd-4c19-bb4f-5319708db950 close()
2019-09-20 09:27:08,411 [fd3cd5f9-4f1c-43ea-91b1-b85a1f6c3825-SegmentedRaftLogWorker:Storage Directory /workdir/hadoop-ozone/integration-test/target/test-dir/MiniOzoneClusterImpl-a33d77e5-464b-4d19-8e6b-a171e580bf0e/datanode-1/data/ratis/00b4180d-3d56-4121-a0e5-4783210e70c8] INFO  impl.StateMachineUpdater (StateMachineUpdater.java:stopAndJoin(115)) - StateMachineUpdater:fd3cd5f9-4f1c-43ea-91b1-b85a1f6c3825:group-4783210E70C8: set stopIndex = -1
2019-09-20 09:27:08,411 [4840c00f-91d3-4881-a20b-4d0486ca97c0:group-3F30D8B52B66:LeaderElection98] INFO  server.RaftServerConfigKeys (ConfUtils.java:logGet(43)) - raft.server.write.element-limit = 4096 (default)
2019-09-20 09:27:08,410 [02b93e76-e4c6-4b67-b8a4-c536d9ab7224-SegmentedRaftLogWorker:Storage Directory /workdir/hadoop-ozone/integration-test/target/test-dir/MiniOzoneClusterImpl-a33d77e5-464b-4d19-8e6b-a171e580bf0e/datanode-0/data/ratis/9110cbed-aff7-478d-a0d1-e470973dd81d] INFO  impl.RaftServerImpl (RaftServerImpl.java:lambda$shutdown$3(245)) - 02b93e76-e4c6-4b67-b8a4-c536d9ab7224: shutdown group-E470973DD81D
2019-09-20 09:27:08,410 [02b93e76-e4c6-4b67-b8a4-c536d9ab7224:group-45895A567D29:LeaderElection103] INFO  impl.RoleInfo (RoleInfo.java:shutdownLeaderElection(134)) - 02b93e76-e4c6-4b67-b8a4-c536d9ab7224: shutdown LeaderElection
2019-09-20 09:27:08,410 [02b93e76-e4c6-4b67-b8a4-c536d9ab7224:group-6F492938606B:LeaderElection106] INFO  impl.RoleInfo (RoleInfo.java:shutdownLeaderElection(134)) - 02b93e76-e4c6-4b67-b8a4-c536d9ab7224: shutdown LeaderElection
2019-09-20 09:27:08,845 [02b93e76-e4c6-4b67-b8a4-c536d9ab7224:group-6F492938606B:LeaderElection106] INFO  impl.RaftServerImpl (RaftServerImpl.java:setRole(171)) - 02b93e76-e4c6-4b67-b8a4-c536d9ab7224:group-6F492938606B changes role from CANDIDATE to LEADER at term 1 for changeToLeader
2019-09-20 09:27:08,410 [492ed782-6ab3-4ad9-945e-06def6ac7c96:group-DBC605E3E4FA:LeaderElection102] INFO  impl.RoleInfo (RoleInfo.java:shutdownLeaderElection(134)) - 492ed782-6ab3-4ad9-945e-06def6ac7c96: shutdown LeaderElection
2019-09-20 09:27:08,845 [492ed782-6ab3-4ad9-945e-06def6ac7c96:group-DBC605E3E4FA:LeaderElection102] INFO  impl.RaftServerImpl (RaftServerImpl.java:setRole(171)) - 492ed782-6ab3-4ad9-945e-06def6ac7c96:group-DBC605E3E4FA changes role from CANDIDATE to LEADER at term 1 for changeToLeader
2019-09-20 09:27:08,410 [492ed782-6ab3-4ad9-945e-06def6ac7c96:group-DEE5CB996035:LeaderElection105] INFO  impl.RoleInfo (RoleInfo.java:shutdownLeaderElection(134)) - 492ed782-6ab3-4ad9-945e-06def6ac7c96: shutdown LeaderElection
2019-09-20 09:27:08,410 [fd3cd5f9-4f1c-43ea-91b1-b85a1f6c3825:group-140670C34868:LeaderElection101] INFO  impl.RoleInfo (RoleInfo.java:shutdownLeaderElection(134)) - fd3cd5f9-4f1c-43ea-91b1-b85a1f6c3825: shutdown LeaderElection
2019-09-20 09:27:08,846 [fd3cd5f9-4f1c-43ea-91b1-b85a1f6c3825:group-140670C34868:LeaderElection101] INFO  impl.RaftServerImpl (RaftServerImpl.java:setRole(171)) - fd3cd5f9-4f1c-43ea-91b1-b85a1f6c3825:group-140670C34868 changes role from CANDIDATE to LEADER at term 1 for changeToLeader
2019-09-20 09:27:08,409 [fd3cd5f9-4f1c-43ea-91b1-b85a1f6c3825:group-B51869680CF2:LeaderElection85] INFO  impl.RaftServerImpl (ServerState.java:setRaftConf(361)) - fd3cd5f9-4f1c-43ea-91b1-b85a1f6c3825:group-B51869680CF2 set configuration 0: [fd3cd5f9-4f1c-43ea-91b1-b85a1f6c3825:192.168.36.99:39114], old=null at 0
2019-09-20 09:27:08,409 [fd3cd5f9-4f1c-43ea-91b1-b85a1f6c3825-SegmentedRaftLogWorker:Storage Directory /workdir/hadoop-ozone/integration-test/target/test-dir/MiniOzoneClusterImpl-a33d77e5-464b-4d19-8e6b-a171e580bf0e/datanode-1/data/ratis/7b293f05-51fc-4416-a472-fe29a59a7301] ERROR segmented.SegmentedRaftLogWorker (SegmentedRaftLogWorker.java:run(323)) - fd3cd5f9-4f1c-43ea-91b1-b85a1f6c3825-SegmentedRaftLogWorker:Storage Directory /workdir/hadoop-ozone/integration-test/target/test-dir/MiniOzoneClusterImpl-a33d77e5-464b-4d19-8e6b-a171e580bf0e/datanode-1/data/ratis/7b293f05-51fc-4416-a472-fe29a59a7301 hit exception
java.lang.OutOfMemoryError: Direct buffer memory
	at java.nio.Bits.reserveMemory(Bits.java:666)
	at java.nio.DirectByteBuffer.<init>(DirectByteBuffer.java:123)
	at java.nio.ByteBuffer.allocateDirect(ByteBuffer.java:311)
	at org.apache.ratis.server.raftlog.segmented.BufferedWriteChannel.<init>(BufferedWriteChannel.java:41)
	at org.apache.ratis.server.raftlog.segmented.SegmentedRaftLogOutputStream.<init>(SegmentedRaftLogOutputStream.java:72)
	at org.apache.ratis.server.raftlog.segmented.SegmentedRaftLogWorker$StartLogSegment.execute(SegmentedRaftLogWorker.java:566)
	at org.apache.ratis.server.raftlog.segmented.SegmentedRaftLogWorker.run(SegmentedRaftLogWorker.java:289)
	at java.lang.Thread.run(Thread.java:748)
2019-09-20 09:27:08,846 [fd3cd5f9-4f1c-43ea-91b1-b85a1f6c3825-SegmentedRaftLogWorker:Storage Directory /workdir/hadoop-ozone/integration-test/target/test-dir/MiniOzoneClusterImpl-a33d77e5-464b-4d19-8e6b-a171e580bf0e/datanode-1/data/ratis/7b293f05-51fc-4416-a472-fe29a59a7301] INFO  impl.RaftServerImpl (RaftServerImpl.java:lambda$shutdown$3(245)) - fd3cd5f9-4f1c-43ea-91b1-b85a1f6c3825: shutdown group-FE29A59A7301
2019-09-20 09:27:08,409 [02b93e76-e4c6-4b67-b8a4-c536d9ab7224-SegmentedRaftLogWorker:Storage Directory /workdir/hadoop-ozone/integration-test/target/test-dir/MiniOzoneClusterImpl-a33d77e5-464b-4d19-8e6b-a171e580bf0e/datanode-0/data/ratis/99a2975e-81a6-448e-954a-e4b357f9360e] ERROR segmented.SegmentedRaftLogWorker (SegmentedRaftLogWorker.java:run(323)) - 02b93e76-e4c6-4b67-b8a4-c536d9ab7224-SegmentedRaftLogWorker:Storage Directory /workdir/hadoop-ozone/integration-test/target/test-dir/MiniOzoneClusterImpl-a33d77e5-464b-4d19-8e6b-a171e580bf0e/datanode-0/data/ratis/99a2975e-81a6-448e-954a-e4b357f9360e hit exception
java.lang.OutOfMemoryError: Direct buffer memory
	at java.nio.Bits.reserveMemory(Bits.java:666)
	at java.nio.DirectByteBuffer.<init>(DirectByteBuffer.java:123)
	at java.nio.ByteBuffer.allocateDirect(ByteBuffer.java:311)
	at org.apache.ratis.server.raftlog.segmented.BufferedWriteChannel.<init>(BufferedWriteChannel.java:41)
	at org.apache.ratis.server.raftlog.segmented.SegmentedRaftLogOutputStream.<init>(SegmentedRaftLogOutputStream.java:72)
	at org.apache.ratis.server.raftlog.segmented.SegmentedRaftLogWorker$StartLogSegment.execute(SegmentedRaftLogWorker.java:566)
	at org.apache.ratis.server.raftlog.segmented.SegmentedRaftLogWorker.run(SegmentedRaftLogWorker.java:289)
	at java.lang.Thread.run(Thread.java:748)
2019-09-20 09:27:08,861 [02b93e76-e4c6-4b67-b8a4-c536d9ab7224-SegmentedRaftLogWorker:Storage Directory /workdir/hadoop-ozone/integration-test/target/test-dir/MiniOzoneClusterImpl-a33d77e5-464b-4d19-8e6b-a171e580bf0e/datanode-0/data/ratis/99a2975e-81a6-448e-954a-e4b357f9360e] INFO  impl.RaftServerImpl (RaftServerImpl.java:lambda$shutdown$3(245)) - 02b93e76-e4c6-4b67-b8a4-c536d9ab7224: shutdown group-E4B357F9360E
2019-09-20 09:27:08,846 [fd3cd5f9-4f1c-43ea-91b1-b85a1f6c3825-SegmentedRaftLogWorker:Storage Directory /workdir/hadoop-ozone/integration-test/target/test-dir/MiniOzoneClusterImpl-a33d77e5-464b-4d19-8e6b-a171e580bf0e/datanode-1/data/ratis/7b293f05-51fc-4416-a472-fe29a59a7301] INFO  util.JmxRegister (JmxRegister.java:unregister(73)) - Successfully un-registered JMX Bean with object name Ratis:service=RaftServer,group=group-FE29A59A7301,id=fd3cd5f9-4f1c-43ea-91b1-b85a1f6c3825
2019-09-20 09:27:08,846 [fd3cd5f9-4f1c-43ea-91b1-b85a1f6c3825:group-140670C34868:LeaderElection101] INFO  impl.RaftServerImpl (ServerState.java:setLeader(263)) - fd3cd5f9-4f1c-43ea-91b1-b85a1f6c3825:group-140670C34868 change Leader from null to fd3cd5f9-4f1c-43ea-91b1-b85a1f6c3825 at term 1 for becomeLeader, leader elected after 7354ms
2019-09-20 09:27:08,845 [492ed782-6ab3-4ad9-945e-06def6ac7c96:group-DEE5CB996035:LeaderElection105] INFO  impl.RaftServerImpl (RaftServerImpl.java:setRole(171)) - 492ed782-6ab3-4ad9-945e-06def6ac7c96:group-DEE5CB996035 changes role from CANDIDATE to LEADER at term 1 for changeToLeader
2019-09-20 09:27:08,845 [492ed782-6ab3-4ad9-945e-06def6ac7c96:group-DBC605E3E4FA:LeaderElection102] INFO  impl.RaftServerImpl (ServerState.java:setLeader(263)) - 492ed782-6ab3-4ad9-945e-06def6ac7c96:group-DBC605E3E4FA change Leader from null to 492ed782-6ab3-4ad9-945e-06def6ac7c96 at term 1 for becomeLeader, leader elected after 7438ms
2019-09-20 09:27:08,845 [02b93e76-e4c6-4b67-b8a4-c536d9ab7224:group-6F492938606B:LeaderElection106] INFO  impl.RaftServerImpl (ServerState.java:setLeader(263)) - 02b93e76-e4c6-4b67-b8a4-c536d9ab7224:group-6F492938606B change Leader from null to 02b93e76-e4c6-4b67-b8a4-c536d9ab7224 at term 1 for becomeLeader, leader elected after 6996ms
2019-09-20 09:27:08,845 [02b93e76-e4c6-4b67-b8a4-c536d9ab7224:group-45895A567D29:LeaderElection103] INFO  impl.RaftServerImpl (RaftServerImpl.java:setRole(171)) - 02b93e76-e4c6-4b67-b8a4-c536d9ab7224:group-45895A567D29 changes role from CANDIDATE to LEADER at term 1 for changeToLeader
2019-09-20 09:27:08,845 [02b93e76-e4c6-4b67-b8a4-c536d9ab7224-SegmentedRaftLogWorker:Storage Directory /workdir/hadoop-ozone/integration-test/target/test-dir/MiniOzoneClusterImpl-a33d77e5-464b-4d19-8e6b-a171e580bf0e/datanode-0/data/ratis/9110cbed-aff7-478d-a0d1-e470973dd81d] INFO  util.JmxRegister (JmxRegister.java:unregister(73)) - Successfully un-registered JMX Bean with object name Ratis:service=RaftServer,group=group-E470973DD81D,id=02b93e76-e4c6-4b67-b8a4-c536d9ab7224
2019-09-20 09:27:08,863 [02b93e76-e4c6-4b67-b8a4-c536d9ab7224-SegmentedRaftLogWorker:Storage Directory /workdir/hadoop-ozone/integration-test/target/test-dir/MiniOzoneClusterImpl-a33d77e5-464b-4d19-8e6b-a171e580bf0e/datanode-0/data/ratis/9110cbed-aff7-478d-a0d1-e470973dd81d] INFO  impl.RoleInfo (RoleInfo.java:shutdownLeaderState(104)) - 02b93e76-e4c6-4b67-b8a4-c536d9ab7224: shutdown LeaderState
2019-09-20 09:27:08,845 [4840c00f-91d3-4881-a20b-4d0486ca97c0:group-3F30D8B52B66:LeaderElection98] INFO  server.RaftServerConfigKeys (ConfUtils.java:logGet(43)) - raft.server.watch.timeout = 10s (default)
2019-09-20 09:27:08,844 [fd3cd5f9-4f1c-43ea-91b1-b85a1f6c3825-SegmentedRaftLogWorker:Storage Directory /workdir/hadoop-ozone/integration-test/target/test-dir/MiniOzoneClusterImpl-a33d77e5-464b-4d19-8e6b-a171e580bf0e/datanode-1/data/ratis/00b4180d-3d56-4121-a0e5-4783210e70c8] INFO  impl.RaftServerImpl (ServerState.java:close(394)) - fd3cd5f9-4f1c-43ea-91b1-b85a1f6c3825:group-4783210E70C8 closes. The last applied log index is -1
2019-09-20 09:27:08,839 [fd3cd5f9-4f1c-43ea-91b1-b85a1f6c3825-SegmentedRaftLogWorker:Storage Directory /workdir/hadoop-ozone/integration-test/target/test-dir/MiniOzoneClusterImpl-a33d77e5-464b-4d19-8e6b-a171e580bf0e/datanode-1/data/ratis/5527d7bd-7b27-49c1-81a3-15f7f40b3111] INFO  impl.RaftServerImpl (ServerState.java:close(394)) - fd3cd5f9-4f1c-43ea-91b1-b85a1f6c3825:group-15F7F40B3111 closes. The last applied log index is -1
2019-09-20 09:27:08,839 [492ed782-6ab3-4ad9-945e-06def6ac7c96:group-6EDD1D14131D:LeaderElection97] INFO  impl.RaftServerImpl (ServerState.java:setLeader(263)) - 492ed782-6ab3-4ad9-945e-06def6ac7c96:group-6EDD1D14131D change Leader from null to 492ed782-6ab3-4ad9-945e-06def6ac7c96 at term 1 for becomeLeader, leader elected after 7746ms
2019-09-20 09:27:08,839 [492ed782-6ab3-4ad9-945e-06def6ac7c96:group-73D4B665E0F9:LeaderElection100] INFO  server.RaftServerConfigKeys (ConfUtils.java:logGet(43)) - raft.server.staging.catchup.gap = 1000 (default)
2019-09-20 09:27:08,833 [pool-38-thread-1] INFO  server.RaftServerConfigKeys (ConfUtils.java:logGet(43)) - raft.server.log.statemachine.data.sync.timeout.retry = -1 (default)
2019-09-20 09:27:08,833 [492ed782-6ab3-4ad9-945e-06def6ac7c96-SegmentedRaftLogWorker:Storage Directory /workdir/hadoop-ozone/integration-test/target/test-dir/MiniOzoneClusterImpl-a33d77e5-464b-4d19-8e6b-a171e580bf0e/datanode-2/data/ratis/520f1fea-219f-47fd-8669-2971f210102f] INFO  impl.RaftServerImpl (ServerState.java:close(394)) - 492ed782-6ab3-4ad9-945e-06def6ac7c96:group-2971F210102F closes. The last applied log index is -1
2019-09-20 09:27:08,833 [871e6485-c22a-483f-9e07-d19e754685be:group-953E3776DFC8:LeaderElection94] INFO  server.RaftServerConfigKeys (ConfUtils.java:logGet(43)) - raft.server.watch.element-limit = 65536 (default)
2019-09-20 09:27:08,832 [4840c00f-91d3-4881-a20b-4d0486ca97c0:group-E1482C968AE7:LeaderElection96] INFO  server.RaftServerConfigKeys (ConfUtils.java:logGet(43)) - raft.server.watch.timeout = 10s (default)
2019-09-20 09:27:08,864 [4840c00f-91d3-4881-a20b-4d0486ca97c0:group-E1482C968AE7:LeaderElection96] INFO  server.RaftServerConfigKeys (ConfUtils.java:logGet(43)) - raft.server.watch.timeout.denomination = 1s (default)
2019-09-20 09:27:08,832 [pool-27-thread-1] INFO  storage.RaftStorageDirectory (RaftStorageDirectory.java:analyzeStorage(246)) - The storage directory /workdir/hadoop-ozone/integration-test/target/test-dir/MiniOzoneClusterImpl-a33d77e5-464b-4d19-8e6b-a171e580bf0e/datanode-0/data/ratis/11c0d268-50d7-478a-8c7c-37c7f6d04707 does not exist. Creating ...
2019-09-20 09:27:08,832 [492ed782-6ab3-4ad9-945e-06def6ac7c96:group-5EA3DEB86097:LeaderElection93] INFO  server.RaftServerConfigKeys (ConfUtils.java:logGet(43)) - raft.server.watch.timeout.denomination = 1s (default)
2019-09-20 09:27:08,832 [871e6485-c22a-483f-9e07-d19e754685be:group-F286CD3DD3B8:LeaderElection95] INFO  impl.RaftServerImpl (ServerState.java:setRaftConf(361)) - 871e6485-c22a-483f-9e07-d19e754685be:group-F286CD3DD3B8 set configuration 0: [871e6485-c22a-483f-9e07-d19e754685be:192.168.36.99:41076], old=null at 0
2019-09-20 09:27:08,831 [pool-71-thread-1] INFO  storage.RaftStorage (RaftStorage.java:format(72)) - Storage directory /workdir/hadoop-ozone/integration-test/target/test-dir/MiniOzoneClusterImpl-a33d77e5-464b-4d19-8e6b-a171e580bf0e/datanode-4/data/ratis/11c0d268-50d7-478a-8c7c-37c7f6d04707 has been successfully formatted.
2019-09-20 09:27:08,637 [492ed782-6ab3-4ad9-945e-06def6ac7c96:group-7DB849C7BA05:LeaderElection99] INFO  server.RaftServerConfigKeys (ConfUtils.java:logGet(43)) - raft.server.staging.catchup.gap = 1000 (default)
2019-09-20 09:27:08,637 [871e6485-c22a-483f-9e07-d19e754685be:group-251E202153EF:LeaderElection104] INFO  impl.RaftServerImpl (ServerState.java:setLeader(263)) - 871e6485-c22a-483f-9e07-d19e754685be:group-251E202153EF change Leader from null to 871e6485-c22a-483f-9e07-d19e754685be at term 1 for becomeLeader, leader elected after 6898ms
2019-09-20 09:27:08,637 [4840c00f-91d3-4881-a20b-4d0486ca97c0:group-0216F39D9076:LeaderElection89] INFO  segmented.SegmentedRaftLogWorker (SegmentedRaftLogWorker.java:startLogSegment(380)) - 4840c00f-91d3-4881-a20b-4d0486ca97c0-SegmentedRaftLogWorker:Storage Directory /workdir/hadoop-ozone/integration-test/target/test-dir/MiniOzoneClusterImpl-a33d77e5-464b-4d19-8e6b-a171e580bf0e/datanode-3/data/ratis/e939727f-ea19-424b-845a-0216f39d9076: Starting segment from index:0
2019-09-20 09:27:08,636 [492ed782-6ab3-4ad9-945e-06def6ac7c96:group-D9DFD2FAA041:LeaderElection90] INFO  impl.RoleInfo (RoleInfo.java:updateAndGet(143)) - 492ed782-6ab3-4ad9-945e-06def6ac7c96: start LeaderState
2019-09-20 09:27:08,636 [02b93e76-e4c6-4b67-b8a4-c536d9ab7224:group-B9203607AE95:LeaderElection92] INFO  impl.RoleInfo (RoleInfo.java:updateAndGet(143)) - 02b93e76-e4c6-4b67-b8a4-c536d9ab7224: start LeaderState
2019-09-20 09:27:09,153 [492ed782-6ab3-4ad9-945e-06def6ac7c96:group-D9DFD2FAA041:LeaderElection90] INFO  segmented.SegmentedRaftLogWorker (SegmentedRaftLogWorker.java:startLogSegment(380)) - 492ed782-6ab3-4ad9-945e-06def6ac7c96-SegmentedRaftLogWorker:Storage Directory /workdir/hadoop-ozone/integration-test/target/test-dir/MiniOzoneClusterImpl-a33d77e5-464b-4d19-8e6b-a171e580bf0e/datanode-2/data/ratis/b425bb77-719f-4734-9c20-d9dfd2faa041: Starting segment from index:0
2019-09-20 09:27:08,636 [Thread-471] INFO  impl.RoleInfo (RoleInfo.java:shutdownFollowerState(121)) - 492ed782-6ab3-4ad9-945e-06def6ac7c96: shutdown FollowerState
2019-09-20 09:27:08,636 [Thread-463] INFO  impl.RoleInfo (RoleInfo.java:shutdownFollowerState(121)) - 871e6485-c22a-483f-9e07-d19e754685be: shutdown FollowerState
2019-09-20 09:27:09,154 [Thread-463] INFO  impl.RaftServerImpl (RaftServerImpl.java:setRole(171)) - 871e6485-c22a-483f-9e07-d19e754685be:group-6FE48D9F1AE6 changes role from FOLLOWER to CANDIDATE at term 0 for changeToCandidate
2019-09-20 09:27:08,636 [fd3cd5f9-4f1c-43ea-91b1-b85a1f6c3825-SegmentedRaftLogWorker:Storage Directory /workdir/hadoop-ozone/integration-test/target/test-dir/MiniOzoneClusterImpl-a33d77e5-464b-4d19-8e6b-a171e580bf0e/datanode-1/data/ratis/b7807c9d-8f95-4f8f-b38a-12b3faed76d7] INFO  impl.RaftServerImpl (RaftServerImpl.java:lambda$shutdown$3(245)) - fd3cd5f9-4f1c-43ea-91b1-b85a1f6c3825: shutdown group-12B3FAED76D7
2019-09-20 09:27:09,401 | INFO  | SCMAudit | user=jenkins1000 | ip=192.168.36.99 | op=SEND_HEARTBEAT {datanodeUUID=02b93e76-e4c6-4b67-b8a4-c536d9ab7224, command=[]} | ret=SUCCESS |  
2019-09-20 09:27:08,634 [02b93e76-e4c6-4b67-b8a4-c536d9ab7224:group-6193B43AE77D:LeaderElection91] INFO  server.RaftServerConfigKeys (ConfUtils.java:logGet(43)) - raft.server.write.element-limit = 4096 (default)
2019-09-20 09:27:09,401 | INFO  | SCMAudit | user=jenkins1000 | ip=192.168.36.99 | op=SEND_HEARTBEAT {datanodeUUID=492ed782-6ab3-4ad9-945e-06def6ac7c96, command=[]} | ret=SUCCESS |  
2019-09-20 09:27:09,401 | INFO  | SCMAudit | user=jenkins1000 | ip=192.168.36.99 | op=SEND_HEARTBEAT {datanodeUUID=4840c00f-91d3-4881-a20b-4d0486ca97c0, command=[]} | ret=SUCCESS |  
2019-09-20 09:27:09,401 [fd3cd5f9-4f1c-43ea-91b1-b85a1f6c3825-SegmentedRaftLogWorker:Storage Directory /workdir/hadoop-ozone/integration-test/target/test-dir/MiniOzoneClusterImpl-a33d77e5-464b-4d19-8e6b-a171e580bf0e/datanode-1/data/ratis/b7807c9d-8f95-4f8f-b38a-12b3faed76d7] INFO  util.JmxRegister (JmxRegister.java:unregister(73)) - Successfully un-registered JMX Bean with object name Ratis:service=RaftServer,group=group-12B3FAED76D7,id=fd3cd5f9-4f1c-43ea-91b1-b85a1f6c3825
2019-09-20 09:27:09,403 | INFO  | SCMAudit | user=jenkins1000 | ip=192.168.36.99 | op=SEND_HEARTBEAT {datanodeUUID=871e6485-c22a-483f-9e07-d19e754685be, command=[]} | ret=SUCCESS |  
2019-09-20 09:27:09,401 [RATISCREATEPIPELINE3] ERROR pipeline.RatisPipelineProvider (RatisPipelineProvider.java:lambda$null$2(182)) - Failed invoke Ratis rpc org.apache.hadoop.hdds.scm.pipeline.RatisPipelineProvider$$Lambda$167/459597877@5e0672fb for 02b93e76-e4c6-4b67-b8a4-c536d9ab7224
org.apache.ratis.protocol.TimeoutIOException: deadline exceeded after 2999509547ns
	at org.apache.ratis.grpc.GrpcUtil.tryUnwrapException(GrpcUtil.java:82)
	at org.apache.ratis.grpc.GrpcUtil.unwrapException(GrpcUtil.java:75)
	at org.apache.ratis.grpc.client.GrpcClientProtocolClient.blockingCall(GrpcClientProtocolClient.java:169)
	at org.apache.ratis.grpc.client.GrpcClientProtocolClient.groupAdd(GrpcClientProtocolClient.java:138)
	at org.apache.ratis.grpc.client.GrpcClientRpc.sendRequest(GrpcClientRpc.java:94)
	at org.apache.ratis.client.impl.RaftClientImpl.sendRequest(RaftClientImpl.java:279)
	at org.apache.ratis.client.impl.RaftClientImpl.groupAdd(RaftClientImpl.java:206)
	at org.apache.hadoop.hdds.scm.pipeline.RatisPipelineProvider.lambda$initializePipeline$1(RatisPipelineProvider.java:141)
	at org.apache.hadoop.hdds.scm.pipeline.RatisPipelineProvider.lambda$null$2(RatisPipelineProvider.java:178)
	at java.util.stream.ForEachOps$ForEachOp$OfRef.accept(ForEachOps.java:184)
	at java.util.ArrayList$ArrayListSpliterator.forEachRemaining(ArrayList.java:1382)
	at java.util.stream.AbstractPipeline.copyInto(AbstractPipeline.java:482)
	at java.util.stream.ForEachOps$ForEachTask.compute(ForEachOps.java:291)
	at java.util.concurrent.CountedCompleter.exec(CountedCompleter.java:731)
	at java.util.concurrent.ForkJoinTask.doExec(ForkJoinTask.java:289)
	at java.util.concurrent.ForkJoinPool$WorkQueue.runTask(ForkJoinPool.java:1056)
	at java.util.concurrent.ForkJoinPool.runWorker(ForkJoinPool.java:1692)
	at java.util.concurrent.ForkJoinWorkerThread.run(ForkJoinWorkerThread.java:157)
Caused by: org.apache.ratis.thirdparty.io.grpc.StatusRuntimeException: DEADLINE_EXCEEDED: deadline exceeded after 2999509547ns
	at org.apache.ratis.thirdparty.io.grpc.stub.ClientCalls.toStatusRuntimeException(ClientCalls.java:233)
	at org.apache.ratis.thirdparty.io.grpc.stub.ClientCalls.getUnchecked(ClientCalls.java:214)
	at org.apache.ratis.thirdparty.io.grpc.stub.ClientCalls.blockingUnaryCall(ClientCalls.java:139)
	at org.apache.ratis.proto.grpc.AdminProtocolServiceGrpc$AdminProtocolServiceBlockingStub.groupManagement(AdminProtocolServiceGrpc.java:274)
	at org.apache.ratis.grpc.client.GrpcClientProtocolClient.lambda$groupAdd$3(GrpcClientProtocolClient.java:140)
	at org.apache.ratis.grpc.client.GrpcClientProtocolClient.blockingCall(GrpcClientProtocolClient.java:167)
	... 15 more
2019-09-20 09:27:09,401 [RATISCREATEPIPELINE2] ERROR pipeline.RatisPipelineProvider (RatisPipelineProvider.java:lambda$null$2(182)) - Failed invoke Ratis rpc org.apache.hadoop.hdds.scm.pipeline.RatisPipelineProvider$$Lambda$167/459597877@5e0672fb for 871e6485-c22a-483f-9e07-d19e754685be
org.apache.ratis.protocol.TimeoutIOException: deadline exceeded after 2999673431ns
	at org.apache.ratis.grpc.GrpcUtil.tryUnwrapException(GrpcUtil.java:82)
	at org.apache.ratis.grpc.GrpcUtil.unwrapException(GrpcUtil.java:75)
	at org.apache.ratis.grpc.client.GrpcClientProtocolClient.blockingCall(GrpcClientProtocolClient.java:169)
	at org.apache.ratis.grpc.client.GrpcClientProtocolClient.groupAdd(GrpcClientProtocolClient.java:138)
	at org.apache.ratis.grpc.client.GrpcClientRpc.sendRequest(GrpcClientRpc.java:94)
	at org.apache.ratis.client.impl.RaftClientImpl.sendRequest(RaftClientImpl.java:279)
	at org.apache.ratis.client.impl.RaftClientImpl.groupAdd(RaftClientImpl.java:206)
	at org.apache.hadoop.hdds.scm.pipeline.RatisPipelineProvider.lambda$initializePipeline$1(RatisPipelineProvider.java:141)
	at org.apache.hadoop.hdds.scm.pipeline.RatisPipelineProvider.lambda$null$2(RatisPipelineProvider.java:178)
	at java.util.stream.ForEachOps$ForEachOp$OfRef.accept(ForEachOps.java:184)
	at java.util.ArrayList$ArrayListSpliterator.forEachRemaining(ArrayList.java:1382)
	at java.util.stream.AbstractPipeline.copyInto(AbstractPipeline.java:482)
	at java.util.stream.ForEachOps$ForEachTask.compute(ForEachOps.java:291)
	at java.util.concurrent.CountedCompleter.exec(CountedCompleter.java:731)
	at java.util.concurrent.ForkJoinTask.doExec(ForkJoinTask.java:289)
	at java.util.concurrent.ForkJoinPool$WorkQueue.runTask(ForkJoinPool.java:1056)
	at java.util.concurrent.ForkJoinPool.runWorker(ForkJoinPool.java:1692)
	at java.util.concurrent.ForkJoinWorkerThread.run(ForkJoinWorkerThread.java:157)
Caused by: org.apache.ratis.thirdparty.io.grpc.StatusRuntimeException: DEADLINE_EXCEEDED: deadline exceeded after 2999673431ns
	at org.apache.ratis.thirdparty.io.grpc.stub.ClientCalls.toStatusRuntimeException(ClientCalls.java:233)
	at org.apache.ratis.thirdparty.io.grpc.stub.ClientCalls.getUnchecked(ClientCalls.java:214)
	at org.apache.ratis.thirdparty.io.grpc.stub.ClientCalls.blockingUnaryCall(ClientCalls.java:139)
	at org.apache.ratis.proto.grpc.AdminProtocolServiceGrpc$AdminProtocolServiceBlockingStub.groupManagement(AdminProtocolServiceGrpc.java:274)
	at org.apache.ratis.grpc.client.GrpcClientProtocolClient.lambda$groupAdd$3(GrpcClientProtocolClient.java:140)
	at org.apache.ratis.grpc.client.GrpcClientProtocolClient.blockingCall(GrpcClientProtocolClient.java:167)
	... 15 more
2019-09-20 09:27:09,400 [492ed782-6ab3-4ad9-945e-06def6ac7c96:group-D9DFD2FAA041:LeaderElection90] INFO  impl.RaftServerImpl (ServerState.java:setRaftConf(361)) - 492ed782-6ab3-4ad9-945e-06def6ac7c96:group-D9DFD2FAA041 set configuration 0: [492ed782-6ab3-4ad9-945e-06def6ac7c96:192.168.36.99:32835], old=null at 0
2019-09-20 09:27:09,154 [Thread-471] INFO  impl.RaftServerImpl (RaftServerImpl.java:setRole(171)) - 492ed782-6ab3-4ad9-945e-06def6ac7c96:group-E1A3C09B18D1 changes role from FOLLOWER to CANDIDATE at term 0 for changeToCandidate
2019-09-20 09:27:09,153 [02b93e76-e4c6-4b67-b8a4-c536d9ab7224:group-B9203607AE95:LeaderElection92] INFO  segmented.SegmentedRaftLogWorker (SegmentedRaftLogWorker.java:startLogSegment(380)) - 02b93e76-e4c6-4b67-b8a4-c536d9ab7224-SegmentedRaftLogWorker:Storage Directory /workdir/hadoop-ozone/integration-test/target/test-dir/MiniOzoneClusterImpl-a33d77e5-464b-4d19-8e6b-a171e580bf0e/datanode-0/data/ratis/6a88d884-846a-4444-9652-b9203607ae95: Starting segment from index:0
2019-09-20 09:27:09,153 [4840c00f-91d3-4881-a20b-4d0486ca97c0:group-0216F39D9076:LeaderElection89] INFO  impl.RaftServerImpl (ServerState.java:setRaftConf(361)) - 4840c00f-91d3-4881-a20b-4d0486ca97c0:group-0216F39D9076 set configuration 0: [4840c00f-91d3-4881-a20b-4d0486ca97c0:192.168.36.99:41473], old=null at 0
2019-09-20 09:27:09,153 [pool-27-thread-1] INFO  storage.RaftStorageDirectory (RaftStorageDirectory.java:tryLock(328)) - Lock on /workdir/hadoop-ozone/integration-test/target/test-dir/MiniOzoneClusterImpl-a33d77e5-464b-4d19-8e6b-a171e580bf0e/datanode-0/data/ratis/11c0d268-50d7-478a-8c7c-37c7f6d04707/in_use.lock acquired by nodename 7145@pr-hdds-1569-p5fx8-1226042367
2019-09-20 09:27:08,865 [871e6485-c22a-483f-9e07-d19e754685be:group-251E202153EF:LeaderElection104] INFO  server.RaftServerConfigKeys (ConfUtils.java:logGet(43)) - raft.server.staging.catchup.gap = 1000 (default)
2019-09-20 09:27:09,652 [fd3cd5f9-4f1c-43ea-91b1-b85a1f6c3825-SegmentedRaftLogWorker:Storage Directory /workdir/hadoop-ozone/integration-test/target/test-dir/MiniOzoneClusterImpl-a33d77e5-464b-4d19-8e6b-a171e580bf0e/datanode-1/data/ratis/bee225f1-cde6-4a6d-8fcd-b51869680cf2] ERROR segmented.SegmentedRaftLogWorker (SegmentedRaftLogWorker.java:run(323)) - fd3cd5f9-4f1c-43ea-91b1-b85a1f6c3825-SegmentedRaftLogWorker:Storage Directory /workdir/hadoop-ozone/integration-test/target/test-dir/MiniOzoneClusterImpl-a33d77e5-464b-4d19-8e6b-a171e580bf0e/datanode-1/data/ratis/bee225f1-cde6-4a6d-8fcd-b51869680cf2 hit exception
java.lang.OutOfMemoryError: Direct buffer memory
	at java.nio.Bits.reserveMemory(Bits.java:666)
	at java.nio.DirectByteBuffer.<init>(DirectByteBuffer.java:123)
	at java.nio.ByteBuffer.allocateDirect(ByteBuffer.java:311)
	at org.apache.ratis.server.raftlog.segmented.BufferedWriteChannel.<init>(BufferedWriteChannel.java:41)
	at org.apache.ratis.server.raftlog.segmented.SegmentedRaftLogOutputStream.<init>(SegmentedRaftLogOutputStream.java:72)
	at org.apache.ratis.server.raftlog.segmented.SegmentedRaftLogWorker$StartLogSegment.execute(SegmentedRaftLogWorker.java:566)
	at org.apache.ratis.server.raftlog.segmented.SegmentedRaftLogWorker.run(SegmentedRaftLogWorker.java:289)
	at java.lang.Thread.run(Thread.java:748)
2019-09-20 09:27:09,655 [fd3cd5f9-4f1c-43ea-91b1-b85a1f6c3825-SegmentedRaftLogWorker:Storage Directory /workdir/hadoop-ozone/integration-test/target/test-dir/MiniOzoneClusterImpl-a33d77e5-464b-4d19-8e6b-a171e580bf0e/datanode-1/data/ratis/bee225f1-cde6-4a6d-8fcd-b51869680cf2] INFO  impl.RaftServerImpl (RaftServerImpl.java:lambda$shutdown$3(245)) - fd3cd5f9-4f1c-43ea-91b1-b85a1f6c3825: shutdown group-B51869680CF2
2019-09-20 09:27:09,655 | INFO  | SCMAudit | user=jenkins1000 | ip=192.168.36.99 | op=SEND_HEARTBEAT {datanodeUUID=dc7f40a9-6782-42c4-abab-c6b1682da047, command=[]} | ret=SUCCESS |  
2019-09-20 09:27:09,655 | INFO  | SCMAudit | user=jenkins1000 | ip=192.168.36.99 | op=SEND_HEARTBEAT {datanodeUUID=fd3cd5f9-4f1c-43ea-91b1-b85a1f6c3825, command=[]} | ret=SUCCESS |  
2019-09-20 09:27:08,865 [492ed782-6ab3-4ad9-945e-06def6ac7c96:group-7DB849C7BA05:LeaderElection99] INFO  server.RaftServerConfigKeys (ConfUtils.java:logGet(43)) - raft.server.rpc.sleep.time = 25ms (default)
2019-09-20 09:27:08,865 [pool-71-thread-1] INFO  ratis.ContainerStateMachine (ContainerStateMachine.java:loadSnapshot(226)) - group-37C7F6D04707: The snapshot info is null. Setting the last applied indexto:(t:0, i:~)
2019-09-20 09:27:08,865 [492ed782-6ab3-4ad9-945e-06def6ac7c96:group-5EA3DEB86097:LeaderElection93] INFO  server.RaftServerConfigKeys (ConfUtils.java:logGet(43)) - raft.server.watch.element-limit = 65536 (default)
2019-09-20 09:27:08,864 [4840c00f-91d3-4881-a20b-4d0486ca97c0:group-E1482C968AE7:LeaderElection96] INFO  server.RaftServerConfigKeys (ConfUtils.java:logGet(43)) - raft.server.watch.element-limit = 65536 (default)
2019-09-20 09:27:08,864 [871e6485-c22a-483f-9e07-d19e754685be:group-953E3776DFC8:LeaderElection94] INFO  impl.RoleInfo (RoleInfo.java:updateAndGet(143)) - 871e6485-c22a-483f-9e07-d19e754685be: start LeaderState
2019-09-20 09:27:08,864 [492ed782-6ab3-4ad9-945e-06def6ac7c96-SegmentedRaftLogWorker:Storage Directory /workdir/hadoop-ozone/integration-test/target/test-dir/MiniOzoneClusterImpl-a33d77e5-464b-4d19-8e6b-a171e580bf0e/datanode-2/data/ratis/520f1fea-219f-47fd-8669-2971f210102f] INFO  segmented.SegmentedRaftLogWorker (SegmentedRaftLogWorker.java:close(228)) - 492ed782-6ab3-4ad9-945e-06def6ac7c96-SegmentedRaftLogWorker:Storage Directory /workdir/hadoop-ozone/integration-test/target/test-dir/MiniOzoneClusterImpl-a33d77e5-464b-4d19-8e6b-a171e580bf0e/datanode-2/data/ratis/520f1fea-219f-47fd-8669-2971f210102f close()
2019-09-20 09:27:09,657 [871e6485-c22a-483f-9e07-d19e754685be:group-953E3776DFC8:LeaderElection94] INFO  segmented.SegmentedRaftLogWorker (SegmentedRaftLogWorker.java:startLogSegment(380)) - 871e6485-c22a-483f-9e07-d19e754685be-SegmentedRaftLogWorker:Storage Directory /workdir/hadoop-ozone/integration-test/target/test-dir/MiniOzoneClusterImpl-a33d77e5-464b-4d19-8e6b-a171e580bf0e/datanode-4/data/ratis/6a2824d1-ead6-4874-957a-953e3776dfc8: Starting segment from index:0
2019-09-20 09:27:08,864 [pool-38-thread-1] INFO  server.RaftServerConfigKeys (ConfUtils.java:logGet(43)) - raft.server.log.statemachine.data.caching.enabled = true (custom)
2019-09-20 09:27:08,863 [492ed782-6ab3-4ad9-945e-06def6ac7c96:group-73D4B665E0F9:LeaderElection100] INFO  server.RaftServerConfigKeys (ConfUtils.java:logGet(43)) - raft.server.rpc.sleep.time = 25ms (default)
2019-09-20 09:27:08,863 [492ed782-6ab3-4ad9-945e-06def6ac7c96:group-6EDD1D14131D:LeaderElection97] INFO  server.RaftServerConfigKeys (ConfUtils.java:logGet(43)) - raft.server.staging.catchup.gap = 1000 (default)
2019-09-20 09:27:08,863 [fd3cd5f9-4f1c-43ea-91b1-b85a1f6c3825-SegmentedRaftLogWorker:Storage Directory /workdir/hadoop-ozone/integration-test/target/test-dir/MiniOzoneClusterImpl-a33d77e5-464b-4d19-8e6b-a171e580bf0e/datanode-1/data/ratis/5527d7bd-7b27-49c1-81a3-15f7f40b3111] INFO  segmented.SegmentedRaftLogWorker (SegmentedRaftLogWorker.java:close(228)) - fd3cd5f9-4f1c-43ea-91b1-b85a1f6c3825-SegmentedRaftLogWorker:Storage Directory /workdir/hadoop-ozone/integration-test/target/test-dir/MiniOzoneClusterImpl-a33d77e5-464b-4d19-8e6b-a171e580bf0e/datanode-1/data/ratis/5527d7bd-7b27-49c1-81a3-15f7f40b3111 close()
2019-09-20 09:27:08,863 [fd3cd5f9-4f1c-43ea-91b1-b85a1f6c3825-SegmentedRaftLogWorker:Storage Directory /workdir/hadoop-ozone/integration-test/target/test-dir/MiniOzoneClusterImpl-a33d77e5-464b-4d19-8e6b-a171e580bf0e/datanode-1/data/ratis/00b4180d-3d56-4121-a0e5-4783210e70c8] INFO  segmented.SegmentedRaftLogWorker (SegmentedRaftLogWorker.java:close(228)) - fd3cd5f9-4f1c-43ea-91b1-b85a1f6c3825-SegmentedRaftLogWorker:Storage Directory /workdir/hadoop-ozone/integration-test/target/test-dir/MiniOzoneClusterImpl-a33d77e5-464b-4d19-8e6b-a171e580bf0e/datanode-1/data/ratis/00b4180d-3d56-4121-a0e5-4783210e70c8 close()
2019-09-20 09:27:08,863 [4840c00f-91d3-4881-a20b-4d0486ca97c0:group-3F30D8B52B66:LeaderElection98] INFO  server.RaftServerConfigKeys (ConfUtils.java:logGet(43)) - raft.server.watch.timeout.denomination = 1s (default)
2019-09-20 09:27:08,863 [02b93e76-e4c6-4b67-b8a4-c536d9ab7224-SegmentedRaftLogWorker:Storage Directory /workdir/hadoop-ozone/integration-test/target/test-dir/MiniOzoneClusterImpl-a33d77e5-464b-4d19-8e6b-a171e580bf0e/datanode-0/data/ratis/9110cbed-aff7-478d-a0d1-e470973dd81d] INFO  impl.PendingRequests (PendingRequests.java:sendNotLeaderResponses(202)) - 02b93e76-e4c6-4b67-b8a4-c536d9ab7224-PendingRequests: sendNotLeaderResponses
2019-09-20 09:27:08,863 [02b93e76-e4c6-4b67-b8a4-c536d9ab7224:group-ACD147FE56E3:LeaderElection107] INFO  impl.LeaderElection (LeaderElection.java:askForVotes(181)) - 02b93e76-e4c6-4b67-b8a4-c536d9ab7224:group-ACD147FE56E3:LeaderElection107: begin an election at term 1 for -1: [02b93e76-e4c6-4b67-b8a4-c536d9ab7224:192.168.36.99:39343], old=null
2019-09-20 09:27:09,899 [02b93e76-e4c6-4b67-b8a4-c536d9ab7224-SegmentedRaftLogWorker:Storage Directory /workdir/hadoop-ozone/integration-test/target/test-dir/MiniOzoneClusterImpl-a33d77e5-464b-4d19-8e6b-a171e580bf0e/datanode-0/data/ratis/9110cbed-aff7-478d-a0d1-e470973dd81d] INFO  impl.StateMachineUpdater (StateMachineUpdater.java:stopAndJoin(115)) - StateMachineUpdater:02b93e76-e4c6-4b67-b8a4-c536d9ab7224:group-E470973DD81D: set stopIndex = -1
2019-09-20 09:27:09,899 [02b93e76-e4c6-4b67-b8a4-c536d9ab7224-SegmentedRaftLogWorker:Storage Directory /workdir/hadoop-ozone/integration-test/target/test-dir/MiniOzoneClusterImpl-a33d77e5-464b-4d19-8e6b-a171e580bf0e/datanode-0/data/ratis/9110cbed-aff7-478d-a0d1-e470973dd81d] INFO  impl.RaftServerImpl (ServerState.java:close(394)) - 02b93e76-e4c6-4b67-b8a4-c536d9ab7224:group-E470973DD81D closes. The last applied log index is -1
2019-09-20 09:27:08,862 [02b93e76-e4c6-4b67-b8a4-c536d9ab7224:group-45895A567D29:LeaderElection103] INFO  impl.RaftServerImpl (ServerState.java:setLeader(263)) - 02b93e76-e4c6-4b67-b8a4-c536d9ab7224:group-45895A567D29 change Leader from null to 02b93e76-e4c6-4b67-b8a4-c536d9ab7224 at term 1 for becomeLeader, leader elected after 7523ms
2019-09-20 09:27:08,862 [pool-60-thread-1] INFO  storage.RaftStorageDirectory (RaftStorageDirectory.java:tryLock(328)) - Lock on /workdir/hadoop-ozone/integration-test/target/test-dir/MiniOzoneClusterImpl-a33d77e5-464b-4d19-8e6b-a171e580bf0e/datanode-3/data/ratis/11c0d268-50d7-478a-8c7c-37c7f6d04707/in_use.lock acquired by nodename 7145@pr-hdds-1569-p5fx8-1226042367
2019-09-20 09:27:08,862 [02b93e76-e4c6-4b67-b8a4-c536d9ab7224:group-6F492938606B:LeaderElection106] INFO  server.RaftServerConfigKeys (ConfUtils.java:logGet(43)) - raft.server.staging.catchup.gap = 1000 (default)
2019-09-20 09:27:08,862 [492ed782-6ab3-4ad9-945e-06def6ac7c96:group-DBC605E3E4FA:LeaderElection102] INFO  server.RaftServerConfigKeys (ConfUtils.java:logGet(43)) - raft.server.staging.catchup.gap = 1000 (default)
2019-09-20 09:27:08,862 [492ed782-6ab3-4ad9-945e-06def6ac7c96:group-DEE5CB996035:LeaderElection105] INFO  impl.RaftServerImpl (ServerState.java:setLeader(263)) - 492ed782-6ab3-4ad9-945e-06def6ac7c96:group-DEE5CB996035 change Leader from null to 492ed782-6ab3-4ad9-945e-06def6ac7c96 at term 1 for becomeLeader, leader elected after 7174ms
2019-09-20 09:27:08,862 [fd3cd5f9-4f1c-43ea-91b1-b85a1f6c3825:group-140670C34868:LeaderElection101] INFO  server.RaftServerConfigKeys (ConfUtils.java:logGet(43)) - raft.server.staging.catchup.gap = 1000 (default)
2019-09-20 09:27:09,901 [fd3cd5f9-4f1c-43ea-91b1-b85a1f6c3825:group-140670C34868:LeaderElection101] INFO  server.RaftServerConfigKeys (ConfUtils.java:logGet(43)) - raft.server.rpc.sleep.time = 25ms (default)
2019-09-20 09:27:08,862 [fd3cd5f9-4f1c-43ea-91b1-b85a1f6c3825-SegmentedRaftLogWorker:Storage Directory /workdir/hadoop-ozone/integration-test/target/test-dir/MiniOzoneClusterImpl-a33d77e5-464b-4d19-8e6b-a171e580bf0e/datanode-1/data/ratis/7b293f05-51fc-4416-a472-fe29a59a7301] INFO  impl.RoleInfo (RoleInfo.java:shutdownLeaderState(104)) - fd3cd5f9-4f1c-43ea-91b1-b85a1f6c3825: shutdown LeaderState
2019-09-20 09:27:08,862 [02b93e76-e4c6-4b67-b8a4-c536d9ab7224-SegmentedRaftLogWorker:Storage Directory /workdir/hadoop-ozone/integration-test/target/test-dir/MiniOzoneClusterImpl-a33d77e5-464b-4d19-8e6b-a171e580bf0e/datanode-0/data/ratis/99a2975e-81a6-448e-954a-e4b357f9360e] INFO  util.JmxRegister (JmxRegister.java:unregister(73)) - Successfully un-registered JMX Bean with object name Ratis:service=RaftServer,group=group-E4B357F9360E,id=02b93e76-e4c6-4b67-b8a4-c536d9ab7224
2019-09-20 09:27:09,901 [fd3cd5f9-4f1c-43ea-91b1-b85a1f6c3825-SegmentedRaftLogWorker:Storage Directory /workdir/hadoop-ozone/integration-test/target/test-dir/MiniOzoneClusterImpl-a33d77e5-464b-4d19-8e6b-a171e580bf0e/datanode-1/data/ratis/7b293f05-51fc-4416-a472-fe29a59a7301] INFO  impl.PendingRequests (PendingRequests.java:sendNotLeaderResponses(202)) - fd3cd5f9-4f1c-43ea-91b1-b85a1f6c3825-PendingRequests: sendNotLeaderResponses
2019-09-20 09:27:09,901 [fd3cd5f9-4f1c-43ea-91b1-b85a1f6c3825:group-140670C34868:LeaderElection101] INFO  server.RaftServerConfigKeys (ConfUtils.java:logGet(43)) - raft.server.write.element-limit = 4096 (default)
2019-09-20 09:27:09,900 [492ed782-6ab3-4ad9-945e-06def6ac7c96:group-DEE5CB996035:LeaderElection105] INFO  server.RaftServerConfigKeys (ConfUtils.java:logGet(43)) - raft.server.staging.catchup.gap = 1000 (default)
2019-09-20 09:27:09,900 [492ed782-6ab3-4ad9-945e-06def6ac7c96:group-DBC605E3E4FA:LeaderElection102] INFO  server.RaftServerConfigKeys (ConfUtils.java:logGet(43)) - raft.server.rpc.sleep.time = 25ms (default)
2019-09-20 09:27:09,900 [02b93e76-e4c6-4b67-b8a4-c536d9ab7224:group-6F492938606B:LeaderElection106] INFO  server.RaftServerConfigKeys (ConfUtils.java:logGet(43)) - raft.server.rpc.sleep.time = 25ms (default)
2019-09-20 09:27:09,899 [02b93e76-e4c6-4b67-b8a4-c536d9ab7224:group-45895A567D29:LeaderElection103] INFO  server.RaftServerConfigKeys (ConfUtils.java:logGet(43)) - raft.server.staging.catchup.gap = 1000 (default)
2019-09-20 09:27:09,902 [02b93e76-e4c6-4b67-b8a4-c536d9ab7224:group-45895A567D29:LeaderElection103] INFO  server.RaftServerConfigKeys (ConfUtils.java:logGet(43)) - raft.server.rpc.sleep.time = 25ms (default)
2019-09-20 09:27:09,899 [02b93e76-e4c6-4b67-b8a4-c536d9ab7224-SegmentedRaftLogWorker:Storage Directory /workdir/hadoop-ozone/integration-test/target/test-dir/MiniOzoneClusterImpl-a33d77e5-464b-4d19-8e6b-a171e580bf0e/datanode-0/data/ratis/9110cbed-aff7-478d-a0d1-e470973dd81d] INFO  segmented.SegmentedRaftLogWorker (SegmentedRaftLogWorker.java:close(228)) - 02b93e76-e4c6-4b67-b8a4-c536d9ab7224-SegmentedRaftLogWorker:Storage Directory /workdir/hadoop-ozone/integration-test/target/test-dir/MiniOzoneClusterImpl-a33d77e5-464b-4d19-8e6b-a171e580bf0e/datanode-0/data/ratis/9110cbed-aff7-478d-a0d1-e470973dd81d close()
2019-09-20 09:27:09,899 [02b93e76-e4c6-4b67-b8a4-c536d9ab7224:group-ACD147FE56E3:LeaderElection107] INFO  impl.RoleInfo (RoleInfo.java:shutdownLeaderElection(134)) - 02b93e76-e4c6-4b67-b8a4-c536d9ab7224: shutdown LeaderElection
2019-09-20 09:27:09,898 [4840c00f-91d3-4881-a20b-4d0486ca97c0:group-3F30D8B52B66:LeaderElection98] INFO  server.RaftServerConfigKeys (ConfUtils.java:logGet(43)) - raft.server.watch.element-limit = 65536 (default)
2019-09-20 09:27:09,890 [492ed782-6ab3-4ad9-945e-06def6ac7c96:group-6EDD1D14131D:LeaderElection97] INFO  server.RaftServerConfigKeys (ConfUtils.java:logGet(43)) - raft.server.rpc.sleep.time = 25ms (default)
2019-09-20 09:27:09,890 [Thread-416] ERROR ratis.XceiverServerRatis (XceiverServerRatis.java:triggerPipelineClose(561)) - pipeline Action CLOSE  on pipeline PipelineID=239197b1-ba5c-4e20-8f18-0fa20b5362b8.Reason : 871e6485-c22a-483f-9e07-d19e754685be is in candidate state for 11957ms
2019-09-20 09:27:09,890 [pool-27-thread-1] INFO  storage.RaftStorage (RaftStorage.java:format(72)) - Storage directory /workdir/hadoop-ozone/integration-test/target/test-dir/MiniOzoneClusterImpl-a33d77e5-464b-4d19-8e6b-a171e580bf0e/datanode-0/data/ratis/11c0d268-50d7-478a-8c7c-37c7f6d04707 has been successfully formatted.
2019-09-20 09:27:09,890 [Thread-463] ERROR ratis.XceiverServerRatis (XceiverServerRatis.java:triggerPipelineClose(561)) - pipeline Action CLOSE  on pipeline PipelineID=63abeb18-6deb-460d-a3af-6fe48d9f1ae6.Reason : 871e6485-c22a-483f-9e07-d19e754685be is in candidate state for 11411ms
2019-09-20 09:27:09,890 [Thread-471] ERROR ratis.XceiverServerRatis (XceiverServerRatis.java:triggerPipelineClose(561)) - pipeline Action CLOSE  on pipeline PipelineID=26ca671f-000e-4a90-9d59-e1a3c09b18d1.Reason : 492ed782-6ab3-4ad9-945e-06def6ac7c96 is in candidate state for 11513ms
2019-09-20 09:27:09,887 [492ed782-6ab3-4ad9-945e-06def6ac7c96:group-73D4B665E0F9:LeaderElection100] INFO  server.RaftServerConfigKeys (ConfUtils.java:logGet(43)) - raft.server.write.element-limit = 4096 (default)
2019-09-20 09:27:09,887 [pool-38-thread-1] INFO  segmented.SegmentedRaftLogWorker (SegmentedRaftLogWorker.java:lambda$new$0(132)) - fd3cd5f9-4f1c-43ea-91b1-b85a1f6c3825-SegmentedRaftLogWorker:Storage Directory /workdir/hadoop-ozone/integration-test/target/test-dir/MiniOzoneClusterImpl-a33d77e5-464b-4d19-8e6b-a171e580bf0e/datanode-1/data/ratis/0b8e0f6d-f4b7-4696-9410-b2b5ede21c69: flushIndex: setUnconditionally 0 -> -1
2019-09-20 09:27:09,672 [Thread-424] ERROR ratis.XceiverServerRatis (XceiverServerRatis.java:triggerPipelineClose(561)) - pipeline Action CLOSE  on pipeline PipelineID=da33001c-f13c-48a6-bcef-eb665916b604.Reason : 871e6485-c22a-483f-9e07-d19e754685be is in candidate state for 11797ms
2019-09-20 09:27:09,909 [pool-38-thread-1] INFO  server.RaftServerConfigKeys (ConfUtils.java:logGet(43)) - raft.server.snapshot.auto.trigger.enabled = true (custom)
2019-09-20 09:27:09,672 [Thread-420] ERROR ratis.XceiverServerRatis (XceiverServerRatis.java:triggerPipelineClose(561)) - pipeline Action CLOSE  on pipeline PipelineID=8d6fa30d-a839-4b24-be6d-b7ae4e66783d.Reason : 492ed782-6ab3-4ad9-945e-06def6ac7c96 is in candidate state for 11870ms
2019-09-20 09:27:09,667 [871e6485-c22a-483f-9e07-d19e754685be:group-953E3776DFC8:LeaderElection94] INFO  impl.RaftServerImpl (ServerState.java:setRaftConf(361)) - 871e6485-c22a-483f-9e07-d19e754685be:group-953E3776DFC8 set configuration 0: [871e6485-c22a-483f-9e07-d19e754685be:192.168.36.99:41076], old=null at 0
2019-09-20 09:27:09,657 [4840c00f-91d3-4881-a20b-4d0486ca97c0:group-E1482C968AE7:LeaderElection96] INFO  impl.RoleInfo (RoleInfo.java:updateAndGet(143)) - 4840c00f-91d3-4881-a20b-4d0486ca97c0: start LeaderState
2019-09-20 09:27:09,656 [492ed782-6ab3-4ad9-945e-06def6ac7c96:group-5EA3DEB86097:LeaderElection93] INFO  impl.RoleInfo (RoleInfo.java:updateAndGet(143)) - 492ed782-6ab3-4ad9-945e-06def6ac7c96: start LeaderState
2019-09-20 09:27:09,656 [pool-71-thread-1] INFO  server.RaftServerConfigKeys (ConfUtils.java:logGet(43)) - raft.server.leader.election.timeout = 10s (custom)
2019-09-20 09:27:09,656 [492ed782-6ab3-4ad9-945e-06def6ac7c96:group-7DB849C7BA05:LeaderElection99] INFO  server.RaftServerConfigKeys (ConfUtils.java:logGet(43)) - raft.server.write.element-limit = 4096 (default)
2019-09-20 09:27:09,655 [fd3cd5f9-4f1c-43ea-91b1-b85a1f6c3825-SegmentedRaftLogWorker:Storage Directory /workdir/hadoop-ozone/integration-test/target/test-dir/MiniOzoneClusterImpl-a33d77e5-464b-4d19-8e6b-a171e580bf0e/datanode-1/data/ratis/bee225f1-cde6-4a6d-8fcd-b51869680cf2] INFO  util.JmxRegister (JmxRegister.java:unregister(73)) - Successfully un-registered JMX Bean with object name Ratis:service=RaftServer,group=group-B51869680CF2,id=fd3cd5f9-4f1c-43ea-91b1-b85a1f6c3825
2019-09-20 09:27:09,655 [871e6485-c22a-483f-9e07-d19e754685be:group-251E202153EF:LeaderElection104] INFO  server.RaftServerConfigKeys (ConfUtils.java:logGet(43)) - raft.server.rpc.sleep.time = 25ms (default)
2019-09-20 09:27:09,652 [492ed782-6ab3-4ad9-945e-06def6ac7c96-SegmentedRaftLogWorker:Storage Directory /workdir/hadoop-ozone/integration-test/target/test-dir/MiniOzoneClusterImpl-a33d77e5-464b-4d19-8e6b-a171e580bf0e/datanode-2/data/ratis/345b7b41-6102-4286-98ac-0b991f8144c1] ERROR segmented.SegmentedRaftLogWorker (SegmentedRaftLogWorker.java:run(323)) - 492ed782-6ab3-4ad9-945e-06def6ac7c96-SegmentedRaftLogWorker:Storage Directory /workdir/hadoop-ozone/integration-test/target/test-dir/MiniOzoneClusterImpl-a33d77e5-464b-4d19-8e6b-a171e580bf0e/datanode-2/data/ratis/345b7b41-6102-4286-98ac-0b991f8144c1 hit exception
java.lang.OutOfMemoryError: Direct buffer memory
	at java.nio.Bits.reserveMemory(Bits.java:666)
	at java.nio.DirectByteBuffer.<init>(DirectByteBuffer.java:123)
	at java.nio.ByteBuffer.allocateDirect(ByteBuffer.java:311)
	at org.apache.ratis.server.raftlog.segmented.BufferedWriteChannel.<init>(BufferedWriteChannel.java:41)
	at org.apache.ratis.server.raftlog.segmented.SegmentedRaftLogOutputStream.<init>(SegmentedRaftLogOutputStream.java:72)
	at org.apache.ratis.server.raftlog.segmented.SegmentedRaftLogWorker$StartLogSegment.execute(SegmentedRaftLogWorker.java:566)
	at org.apache.ratis.server.raftlog.segmented.SegmentedRaftLogWorker.run(SegmentedRaftLogWorker.java:289)
	at java.lang.Thread.run(Thread.java:748)
2019-09-20 09:27:09,652 [02b93e76-e4c6-4b67-b8a4-c536d9ab7224:group-B9203607AE95:LeaderElection92] INFO  impl.RaftServerImpl (ServerState.java:setRaftConf(361)) - 02b93e76-e4c6-4b67-b8a4-c536d9ab7224:group-B9203607AE95 set configuration 0: [02b93e76-e4c6-4b67-b8a4-c536d9ab7224:192.168.36.99:39343], old=null at 0
2019-09-20 09:27:09,652 [4840c00f-91d3-4881-a20b-4d0486ca97c0-SegmentedRaftLogWorker:Storage Directory /workdir/hadoop-ozone/integration-test/target/test-dir/MiniOzoneClusterImpl-a33d77e5-464b-4d19-8e6b-a171e580bf0e/datanode-3/data/ratis/83c24053-66f6-40d0-a02a-8c447c5d0f75] ERROR segmented.SegmentedRaftLogWorker (SegmentedRaftLogWorker.java:run(323)) - 4840c00f-91d3-4881-a20b-4d0486ca97c0-SegmentedRaftLogWorker:Storage Directory /workdir/hadoop-ozone/integration-test/target/test-dir/MiniOzoneClusterImpl-a33d77e5-464b-4d19-8e6b-a171e580bf0e/datanode-3/data/ratis/83c24053-66f6-40d0-a02a-8c447c5d0f75 hit exception
java.lang.OutOfMemoryError: Direct buffer memory
	at java.nio.Bits.reserveMemory(Bits.java:666)
	at java.nio.DirectByteBuffer.<init>(DirectByteBuffer.java:123)
	at java.nio.ByteBuffer.allocateDirect(ByteBuffer.java:311)
	at org.apache.ratis.server.raftlog.segmented.BufferedWriteChannel.<init>(BufferedWriteChannel.java:41)
	at org.apache.ratis.server.raftlog.segmented.SegmentedRaftLogOutputStream.<init>(SegmentedRaftLogOutputStream.java:72)
	at org.apache.ratis.server.raftlog.segmented.SegmentedRaftLogWorker$StartLogSegment.execute(SegmentedRaftLogWorker.java:566)
	at org.apache.ratis.server.raftlog.segmented.SegmentedRaftLogWorker.run(SegmentedRaftLogWorker.java:289)
	at java.lang.Thread.run(Thread.java:748)
2019-09-20 09:27:09,651 [dc7f40a9-6782-42c4-abab-c6b1682da047-SegmentedRaftLogWorker:Storage Directory /workdir/hadoop-ozone/integration-test/target/test-dir/MiniOzoneClusterImpl-a33d77e5-464b-4d19-8e6b-a171e580bf0e/datanode-5/data/ratis/d8d7645d-99c2-48a5-adaf-f88c76bc901d] ERROR segmented.SegmentedRaftLogWorker (SegmentedRaftLogWorker.java:run(323)) - dc7f40a9-6782-42c4-abab-c6b1682da047-SegmentedRaftLogWorker:Storage Directory /workdir/hadoop-ozone/integration-test/target/test-dir/MiniOzoneClusterImpl-a33d77e5-464b-4d19-8e6b-a171e580bf0e/datanode-5/data/ratis/d8d7645d-99c2-48a5-adaf-f88c76bc901d hit exception
java.lang.OutOfMemoryError: Direct buffer memory
	at java.nio.Bits.reserveMemory(Bits.java:666)
	at java.nio.DirectByteBuffer.<init>(DirectByteBuffer.java:123)
	at java.nio.ByteBuffer.allocateDirect(ByteBuffer.java:311)
	at org.apache.ratis.server.raftlog.segmented.BufferedWriteChannel.<init>(BufferedWriteChannel.java:41)
	at org.apache.ratis.server.raftlog.segmented.SegmentedRaftLogOutputStream.<init>(SegmentedRaftLogOutputStream.java:72)
	at org.apache.ratis.server.raftlog.segmented.SegmentedRaftLogWorker$StartLogSegment.execute(SegmentedRaftLogWorker.java:566)
	at org.apache.ratis.server.raftlog.segmented.SegmentedRaftLogWorker.run(SegmentedRaftLogWorker.java:289)
	at java.lang.Thread.run(Thread.java:748)
2019-09-20 09:27:09,651 [492ed782-6ab3-4ad9-945e-06def6ac7c96-SegmentedRaftLogWorker:Storage Directory /workdir/hadoop-ozone/integration-test/target/test-dir/MiniOzoneClusterImpl-a33d77e5-464b-4d19-8e6b-a171e580bf0e/datanode-2/data/ratis/10be2d40-6e5c-4b4e-9a33-371618af92d0] ERROR segmented.SegmentedRaftLogWorker (SegmentedRaftLogWorker.java:run(323)) - 492ed782-6ab3-4ad9-945e-06def6ac7c96-SegmentedRaftLogWorker:Storage Directory /workdir/hadoop-ozone/integration-test/target/test-dir/MiniOzoneClusterImpl-a33d77e5-464b-4d19-8e6b-a171e580bf0e/datanode-2/data/ratis/10be2d40-6e5c-4b4e-9a33-371618af92d0 hit exception
java.lang.OutOfMemoryError: Direct buffer memory
	at java.nio.Bits.reserveMemory(Bits.java:666)
	at java.nio.DirectByteBuffer.<init>(DirectByteBuffer.java:123)
	at java.nio.ByteBuffer.allocateDirect(ByteBuffer.java:311)
	at org.apache.ratis.server.raftlog.segmented.BufferedWriteChannel.<init>(BufferedWriteChannel.java:41)
	at org.apache.ratis.server.raftlog.segmented.SegmentedRaftLogOutputStream.<init>(SegmentedRaftLogOutputStream.java:72)
	at org.apache.ratis.server.raftlog.segmented.SegmentedRaftLogWorker$StartLogSegment.execute(SegmentedRaftLogWorker.java:566)
	at org.apache.ratis.server.raftlog.segmented.SegmentedRaftLogWorker.run(SegmentedRaftLogWorker.java:289)
	at java.lang.Thread.run(Thread.java:748)
2019-09-20 09:27:09,912 [492ed782-6ab3-4ad9-945e-06def6ac7c96-SegmentedRaftLogWorker:Storage Directory /workdir/hadoop-ozone/integration-test/target/test-dir/MiniOzoneClusterImpl-a33d77e5-464b-4d19-8e6b-a171e580bf0e/datanode-2/data/ratis/10be2d40-6e5c-4b4e-9a33-371618af92d0] INFO  impl.RaftServerImpl (RaftServerImpl.java:lambda$shutdown$3(245)) - 492ed782-6ab3-4ad9-945e-06def6ac7c96: shutdown group-371618AF92D0
2019-09-20 09:27:09,651 [4840c00f-91d3-4881-a20b-4d0486ca97c0-SegmentedRaftLogWorker:Storage Directory /workdir/hadoop-ozone/integration-test/target/test-dir/MiniOzoneClusterImpl-a33d77e5-464b-4d19-8e6b-a171e580bf0e/datanode-3/data/ratis/bdf1106b-96d4-4244-8ed0-1748bb481d0c] ERROR segmented.SegmentedRaftLogWorker (SegmentedRaftLogWorker.java:run(323)) - 4840c00f-91d3-4881-a20b-4d0486ca97c0-SegmentedRaftLogWorker:Storage Directory /workdir/hadoop-ozone/integration-test/target/test-dir/MiniOzoneClusterImpl-a33d77e5-464b-4d19-8e6b-a171e580bf0e/datanode-3/data/ratis/bdf1106b-96d4-4244-8ed0-1748bb481d0c hit exception
java.lang.OutOfMemoryError: Direct buffer memory
	at java.nio.Bits.reserveMemory(Bits.java:666)
	at java.nio.DirectByteBuffer.<init>(DirectByteBuffer.java:123)
	at java.nio.ByteBuffer.allocateDirect(ByteBuffer.java:311)
	at org.apache.ratis.server.raftlog.segmented.BufferedWriteChannel.<init>(BufferedWriteChannel.java:41)
	at org.apache.ratis.server.raftlog.segmented.SegmentedRaftLogOutputStream.<init>(SegmentedRaftLogOutputStream.java:72)
	at org.apache.ratis.server.raftlog.segmented.SegmentedRaftLogWorker$StartLogSegment.execute(SegmentedRaftLogWorker.java:566)
	at org.apache.ratis.server.raftlog.segmented.SegmentedRaftLogWorker.run(SegmentedRaftLogWorker.java:289)
	at java.lang.Thread.run(Thread.java:748)
2019-09-20 09:27:09,403 [fd3cd5f9-4f1c-43ea-91b1-b85a1f6c3825-SegmentedRaftLogWorker:Storage Directory /workdir/hadoop-ozone/integration-test/target/test-dir/MiniOzoneClusterImpl-a33d77e5-464b-4d19-8e6b-a171e580bf0e/datanode-1/data/ratis/b7807c9d-8f95-4f8f-b38a-12b3faed76d7] INFO  impl.RoleInfo (RoleInfo.java:shutdownLeaderState(104)) - fd3cd5f9-4f1c-43ea-91b1-b85a1f6c3825: shutdown LeaderState
2019-09-20 09:27:09,403 [02b93e76-e4c6-4b67-b8a4-c536d9ab7224:group-6193B43AE77D:LeaderElection91] INFO  server.RaftServerConfigKeys (ConfUtils.java:logGet(43)) - raft.server.watch.timeout = 10s (default)
2019-09-20 09:27:09,913 [02b93e76-e4c6-4b67-b8a4-c536d9ab7224:group-6193B43AE77D:LeaderElection91] INFO  server.RaftServerConfigKeys (ConfUtils.java:logGet(43)) - raft.server.watch.timeout.denomination = 1s (default)
2019-09-20 09:27:09,403 [RATISCREATEPIPELINE1] ERROR pipeline.RatisPipelineProvider (RatisPipelineProvider.java:lambda$null$2(182)) - Failed invoke Ratis rpc org.apache.hadoop.hdds.scm.pipeline.RatisPipelineProvider$$Lambda$167/459597877@5e0672fb for 4840c00f-91d3-4881-a20b-4d0486ca97c0
org.apache.ratis.protocol.TimeoutIOException: deadline exceeded after 2999715483ns
	at org.apache.ratis.grpc.GrpcUtil.tryUnwrapException(GrpcUtil.java:82)
	at org.apache.ratis.grpc.GrpcUtil.unwrapException(GrpcUtil.java:75)
	at org.apache.ratis.grpc.client.GrpcClientProtocolClient.blockingCall(GrpcClientProtocolClient.java:169)
	at org.apache.ratis.grpc.client.GrpcClientProtocolClient.groupAdd(GrpcClientProtocolClient.java:138)
	at org.apache.ratis.grpc.client.GrpcClientRpc.sendRequest(GrpcClientRpc.java:94)
	at org.apache.ratis.client.impl.RaftClientImpl.sendRequest(RaftClientImpl.java:279)
	at org.apache.ratis.client.impl.RaftClientImpl.groupAdd(RaftClientImpl.java:206)
	at org.apache.hadoop.hdds.scm.pipeline.RatisPipelineProvider.lambda$initializePipeline$1(RatisPipelineProvider.java:141)
	at org.apache.hadoop.hdds.scm.pipeline.RatisPipelineProvider.lambda$null$2(RatisPipelineProvider.java:178)
	at java.util.stream.ForEachOps$ForEachOp$OfRef.accept(ForEachOps.java:184)
	at java.util.ArrayList$ArrayListSpliterator.forEachRemaining(ArrayList.java:1382)
	at java.util.stream.AbstractPipeline.copyInto(AbstractPipeline.java:482)
	at java.util.stream.ForEachOps$ForEachTask.compute(ForEachOps.java:291)
	at java.util.concurrent.CountedCompleter.exec(CountedCompleter.java:731)
	at java.util.concurrent.ForkJoinTask.doExec(ForkJoinTask.java:289)
	at java.util.concurrent.ForkJoinTask.doInvoke(ForkJoinTask.java:401)
	at java.util.concurrent.ForkJoinTask.invoke(ForkJoinTask.java:734)
	at java.util.stream.ForEachOps$ForEachOp.evaluateParallel(ForEachOps.java:160)
	at java.util.stream.ForEachOps$ForEachOp$OfRef.evaluateParallel(ForEachOps.java:174)
	at java.util.stream.AbstractPipeline.evaluate(AbstractPipeline.java:233)
	at java.util.stream.ReferencePipeline.forEach(ReferencePipeline.java:418)
	at java.util.stream.ReferencePipeline$Head.forEach(ReferencePipeline.java:583)
	at org.apache.hadoop.hdds.scm.pipeline.RatisPipelineProvider.lambda$callRatisRpc$3(RatisPipelineProvider.java:172)
	at java.util.concurrent.ForkJoinTask$AdaptedRunnableAction.exec(ForkJoinTask.java:1386)
	at java.util.concurrent.ForkJoinTask.doExec(ForkJoinTask.java:289)
	at java.util.concurrent.ForkJoinPool$WorkQueue.runTask(ForkJoinPool.java:1056)
	at java.util.concurrent.ForkJoinPool.runWorker(ForkJoinPool.java:1692)
	at java.util.concurrent.ForkJoinWorkerThread.run(ForkJoinWorkerThread.java:157)
Caused by: org.apache.ratis.thirdparty.io.grpc.StatusRuntimeException: DEADLINE_EXCEEDED: deadline exceeded after 2999715483ns
	at org.apache.ratis.thirdparty.io.grpc.stub.ClientCalls.toStatusRuntimeException(ClientCalls.java:233)
	at org.apache.ratis.thirdparty.io.grpc.stub.ClientCalls.getUnchecked(ClientCalls.java:214)
	at org.apache.ratis.thirdparty.io.grpc.stub.ClientCalls.blockingUnaryCall(ClientCalls.java:139)
	at org.apache.ratis.proto.grpc.AdminProtocolServiceGrpc$AdminProtocolServiceBlockingStub.groupManagement(AdminProtocolServiceGrpc.java:274)
	at org.apache.ratis.grpc.client.GrpcClientProtocolClient.lambda$groupAdd$3(GrpcClientProtocolClient.java:140)
	at org.apache.ratis.grpc.client.GrpcClientProtocolClient.blockingCall(GrpcClientProtocolClient.java:167)
	... 25 more
2019-09-20 09:27:09,914 [02b93e76-e4c6-4b67-b8a4-c536d9ab7224:group-6193B43AE77D:LeaderElection91] INFO  server.RaftServerConfigKeys (ConfUtils.java:logGet(43)) - raft.server.watch.element-limit = 65536 (default)
2019-09-20 09:27:09,913 [fd3cd5f9-4f1c-43ea-91b1-b85a1f6c3825-SegmentedRaftLogWorker:Storage Directory /workdir/hadoop-ozone/integration-test/target/test-dir/MiniOzoneClusterImpl-a33d77e5-464b-4d19-8e6b-a171e580bf0e/datanode-1/data/ratis/b7807c9d-8f95-4f8f-b38a-12b3faed76d7] INFO  impl.PendingRequests (PendingRequests.java:sendNotLeaderResponses(202)) - fd3cd5f9-4f1c-43ea-91b1-b85a1f6c3825-PendingRequests: sendNotLeaderResponses
2019-09-20 09:27:09,913 [4840c00f-91d3-4881-a20b-4d0486ca97c0-SegmentedRaftLogWorker:Storage Directory /workdir/hadoop-ozone/integration-test/target/test-dir/MiniOzoneClusterImpl-a33d77e5-464b-4d19-8e6b-a171e580bf0e/datanode-3/data/ratis/bdf1106b-96d4-4244-8ed0-1748bb481d0c] INFO  impl.RaftServerImpl (RaftServerImpl.java:lambda$shutdown$3(245)) - 4840c00f-91d3-4881-a20b-4d0486ca97c0: shutdown group-1748BB481D0C
2019-09-20 09:27:09,913 [492ed782-6ab3-4ad9-945e-06def6ac7c96-SegmentedRaftLogWorker:Storage Directory /workdir/hadoop-ozone/integration-test/target/test-dir/MiniOzoneClusterImpl-a33d77e5-464b-4d19-8e6b-a171e580bf0e/datanode-2/data/ratis/10be2d40-6e5c-4b4e-9a33-371618af92d0] INFO  util.JmxRegister (JmxRegister.java:unregister(73)) - Successfully un-registered JMX Bean with object name Ratis:service=RaftServer,group=group-371618AF92D0,id=492ed782-6ab3-4ad9-945e-06def6ac7c96
2019-09-20 09:27:09,912 [dc7f40a9-6782-42c4-abab-c6b1682da047-SegmentedRaftLogWorker:Storage Directory /workdir/hadoop-ozone/integration-test/target/test-dir/MiniOzoneClusterImpl-a33d77e5-464b-4d19-8e6b-a171e580bf0e/datanode-5/data/ratis/d8d7645d-99c2-48a5-adaf-f88c76bc901d] INFO  impl.RaftServerImpl (RaftServerImpl.java:lambda$shutdown$3(245)) - dc7f40a9-6782-42c4-abab-c6b1682da047: shutdown group-F88C76BC901D
2019-09-20 09:27:09,912 [4840c00f-91d3-4881-a20b-4d0486ca97c0-SegmentedRaftLogWorker:Storage Directory /workdir/hadoop-ozone/integration-test/target/test-dir/MiniOzoneClusterImpl-a33d77e5-464b-4d19-8e6b-a171e580bf0e/datanode-3/data/ratis/83c24053-66f6-40d0-a02a-8c447c5d0f75] INFO  impl.RaftServerImpl (RaftServerImpl.java:lambda$shutdown$3(245)) - 4840c00f-91d3-4881-a20b-4d0486ca97c0: shutdown group-8C447C5D0F75
2019-09-20 09:27:09,911 [492ed782-6ab3-4ad9-945e-06def6ac7c96-SegmentedRaftLogWorker:Storage Directory /workdir/hadoop-ozone/integration-test/target/test-dir/MiniOzoneClusterImpl-a33d77e5-464b-4d19-8e6b-a171e580bf0e/datanode-2/data/ratis/345b7b41-6102-4286-98ac-0b991f8144c1] INFO  impl.RaftServerImpl (RaftServerImpl.java:lambda$shutdown$3(245)) - 492ed782-6ab3-4ad9-945e-06def6ac7c96: shutdown group-0B991F8144C1
2019-09-20 09:27:09,911 [871e6485-c22a-483f-9e07-d19e754685be:group-251E202153EF:LeaderElection104] INFO  server.RaftServerConfigKeys (ConfUtils.java:logGet(43)) - raft.server.write.element-limit = 4096 (default)
2019-09-20 09:27:09,910 [fd3cd5f9-4f1c-43ea-91b1-b85a1f6c3825-SegmentedRaftLogWorker:Storage Directory /workdir/hadoop-ozone/integration-test/target/test-dir/MiniOzoneClusterImpl-a33d77e5-464b-4d19-8e6b-a171e580bf0e/datanode-1/data/ratis/bee225f1-cde6-4a6d-8fcd-b51869680cf2] INFO  impl.RoleInfo (RoleInfo.java:shutdownLeaderState(104)) - fd3cd5f9-4f1c-43ea-91b1-b85a1f6c3825: shutdown LeaderState
2019-09-20 09:27:09,910 [492ed782-6ab3-4ad9-945e-06def6ac7c96:group-7DB849C7BA05:LeaderElection99] INFO  server.RaftServerConfigKeys (ConfUtils.java:logGet(43)) - raft.server.watch.timeout = 10s (default)
2019-09-20 09:27:09,910 [pool-71-thread-1] INFO  server.RaftServerConfigKeys (ConfUtils.java:logGet(43)) - raft.server.log.use.memory = false (default)
2019-09-20 09:27:09,910 [492ed782-6ab3-4ad9-945e-06def6ac7c96:group-5EA3DEB86097:LeaderElection93] INFO  segmented.SegmentedRaftLogWorker (SegmentedRaftLogWorker.java:startLogSegment(380)) - 492ed782-6ab3-4ad9-945e-06def6ac7c96-SegmentedRaftLogWorker:Storage Directory /workdir/hadoop-ozone/integration-test/target/test-dir/MiniOzoneClusterImpl-a33d77e5-464b-4d19-8e6b-a171e580bf0e/datanode-2/data/ratis/a4e5dc5a-cd8d-4278-9b39-5ea3deb86097: Starting segment from index:0
2019-09-20 09:27:09,910 [4840c00f-91d3-4881-a20b-4d0486ca97c0:group-E1482C968AE7:LeaderElection96] INFO  segmented.SegmentedRaftLogWorker (SegmentedRaftLogWorker.java:startLogSegment(380)) - 4840c00f-91d3-4881-a20b-4d0486ca97c0-SegmentedRaftLogWorker:Storage Directory /workdir/hadoop-ozone/integration-test/target/test-dir/MiniOzoneClusterImpl-a33d77e5-464b-4d19-8e6b-a171e580bf0e/datanode-3/data/ratis/54db80f4-29bf-46f9-affe-e1482c968ae7: Starting segment from index:0
2019-09-20 09:27:09,909 [Thread-420] INFO  impl.RoleInfo (RoleInfo.java:updateAndGet(143)) - 492ed782-6ab3-4ad9-945e-06def6ac7c96: start LeaderElection
2019-09-20 09:27:09,909 [pool-38-thread-1] INFO  server.RaftServerConfigKeys (ConfUtils.java:logGet(43)) - raft.server.snapshot.auto.trigger.threshold = 10000 (custom)
2019-09-20 09:27:09,909 [Thread-424] INFO  impl.RoleInfo (RoleInfo.java:updateAndGet(143)) - 871e6485-c22a-483f-9e07-d19e754685be: start LeaderElection
2019-09-20 09:27:09,908 [492ed782-6ab3-4ad9-945e-06def6ac7c96:group-73D4B665E0F9:LeaderElection100] INFO  server.RaftServerConfigKeys (ConfUtils.java:logGet(43)) - raft.server.watch.timeout = 10s (default)
2019-09-20 09:27:09,918 [492ed782-6ab3-4ad9-945e-06def6ac7c96:group-73D4B665E0F9:LeaderElection100] INFO  server.RaftServerConfigKeys (ConfUtils.java:logGet(43)) - raft.server.watch.timeout.denomination = 1s (default)
2019-09-20 09:27:09,908 [Thread-471] INFO  impl.RoleInfo (RoleInfo.java:updateAndGet(143)) - 492ed782-6ab3-4ad9-945e-06def6ac7c96: start LeaderElection
2019-09-20 09:27:09,908 [Thread-463] INFO  impl.RoleInfo (RoleInfo.java:updateAndGet(143)) - 871e6485-c22a-483f-9e07-d19e754685be: start LeaderElection
2019-09-20 09:27:09,908 [Thread-416] INFO  impl.RoleInfo (RoleInfo.java:updateAndGet(143)) - 871e6485-c22a-483f-9e07-d19e754685be: start LeaderElection
2019-09-20 09:27:09,908 [492ed782-6ab3-4ad9-945e-06def6ac7c96:group-6EDD1D14131D:LeaderElection97] INFO  server.RaftServerConfigKeys (ConfUtils.java:logGet(43)) - raft.server.write.element-limit = 4096 (default)
2019-09-20 09:27:09,907 [4840c00f-91d3-4881-a20b-4d0486ca97c0:group-3F30D8B52B66:LeaderElection98] INFO  impl.RoleInfo (RoleInfo.java:updateAndGet(143)) - 4840c00f-91d3-4881-a20b-4d0486ca97c0: start LeaderState
2019-09-20 09:27:09,907 [02b93e76-e4c6-4b67-b8a4-c536d9ab7224:group-ACD147FE56E3:LeaderElection107] INFO  impl.RaftServerImpl (RaftServerImpl.java:setRole(171)) - 02b93e76-e4c6-4b67-b8a4-c536d9ab7224:group-ACD147FE56E3 changes role from CANDIDATE to LEADER at term 1 for changeToLeader
2019-09-20 09:27:09,907 [4840c00f-91d3-4881-a20b-4d0486ca97c0-SegmentedRaftLogWorker:Storage Directory /workdir/hadoop-ozone/integration-test/target/test-dir/MiniOzoneClusterImpl-a33d77e5-464b-4d19-8e6b-a171e580bf0e/datanode-3/data/ratis/b5c515ee-40b4-4eb7-aa79-0f9565c0c9c7] ERROR segmented.SegmentedRaftLogWorker (SegmentedRaftLogWorker.java:run(323)) - 4840c00f-91d3-4881-a20b-4d0486ca97c0-SegmentedRaftLogWorker:Storage Directory /workdir/hadoop-ozone/integration-test/target/test-dir/MiniOzoneClusterImpl-a33d77e5-464b-4d19-8e6b-a171e580bf0e/datanode-3/data/ratis/b5c515ee-40b4-4eb7-aa79-0f9565c0c9c7 hit exception
java.lang.OutOfMemoryError: Direct buffer memory
	at java.nio.Bits.reserveMemory(Bits.java:666)
	at java.nio.DirectByteBuffer.<init>(DirectByteBuffer.java:123)
	at java.nio.ByteBuffer.allocateDirect(ByteBuffer.java:311)
	at org.apache.ratis.server.raftlog.segmented.BufferedWriteChannel.<init>(BufferedWriteChannel.java:41)
	at org.apache.ratis.server.raftlog.segmented.SegmentedRaftLogOutputStream.<init>(SegmentedRaftLogOutputStream.java:72)
	at org.apache.ratis.server.raftlog.segmented.SegmentedRaftLogWorker$StartLogSegment.execute(SegmentedRaftLogWorker.java:566)
	at org.apache.ratis.server.raftlog.segmented.SegmentedRaftLogWorker.run(SegmentedRaftLogWorker.java:289)
	at java.lang.Thread.run(Thread.java:748)
2019-09-20 09:27:09,903 [02b93e76-e4c6-4b67-b8a4-c536d9ab7224:group-45895A567D29:LeaderElection103] INFO  server.RaftServerConfigKeys (ConfUtils.java:logGet(43)) - raft.server.write.element-limit = 4096 (default)
2019-09-20 09:27:09,902 [02b93e76-e4c6-4b67-b8a4-c536d9ab7224:group-6F492938606B:LeaderElection106] INFO  server.RaftServerConfigKeys (ConfUtils.java:logGet(43)) - raft.server.write.element-limit = 4096 (default)
2019-09-20 09:27:10,180 [02b93e76-e4c6-4b67-b8a4-c536d9ab7224:group-6F492938606B:LeaderElection106] INFO  server.RaftServerConfigKeys (ConfUtils.java:logGet(43)) - raft.server.watch.timeout = 10s (default)
2019-09-20 09:27:09,902 [492ed782-6ab3-4ad9-945e-06def6ac7c96:group-DBC605E3E4FA:LeaderElection102] INFO  server.RaftServerConfigKeys (ConfUtils.java:logGet(43)) - raft.server.write.element-limit = 4096 (default)
2019-09-20 09:27:09,902 [492ed782-6ab3-4ad9-945e-06def6ac7c96:group-DEE5CB996035:LeaderElection105] INFO  server.RaftServerConfigKeys (ConfUtils.java:logGet(43)) - raft.server.rpc.sleep.time = 25ms (default)
2019-09-20 09:27:09,902 [fd3cd5f9-4f1c-43ea-91b1-b85a1f6c3825:group-140670C34868:LeaderElection101] INFO  server.RaftServerConfigKeys (ConfUtils.java:logGet(43)) - raft.server.watch.timeout = 10s (default)
2019-09-20 09:27:09,901 [fd3cd5f9-4f1c-43ea-91b1-b85a1f6c3825-SegmentedRaftLogWorker:Storage Directory /workdir/hadoop-ozone/integration-test/target/test-dir/MiniOzoneClusterImpl-a33d77e5-464b-4d19-8e6b-a171e580bf0e/datanode-1/data/ratis/7b293f05-51fc-4416-a472-fe29a59a7301] INFO  impl.StateMachineUpdater (StateMachineUpdater.java:stopAndJoin(115)) - StateMachineUpdater:fd3cd5f9-4f1c-43ea-91b1-b85a1f6c3825:group-FE29A59A7301: set stopIndex = -1
2019-09-20 09:27:09,901 [02b93e76-e4c6-4b67-b8a4-c536d9ab7224-SegmentedRaftLogWorker:Storage Directory /workdir/hadoop-ozone/integration-test/target/test-dir/MiniOzoneClusterImpl-a33d77e5-464b-4d19-8e6b-a171e580bf0e/datanode-0/data/ratis/99a2975e-81a6-448e-954a-e4b357f9360e] INFO  impl.RoleInfo (RoleInfo.java:shutdownLeaderState(104)) - 02b93e76-e4c6-4b67-b8a4-c536d9ab7224: shutdown LeaderState
2019-09-20 09:27:10,181 [fd3cd5f9-4f1c-43ea-91b1-b85a1f6c3825-SegmentedRaftLogWorker:Storage Directory /workdir/hadoop-ozone/integration-test/target/test-dir/MiniOzoneClusterImpl-a33d77e5-464b-4d19-8e6b-a171e580bf0e/datanode-1/data/ratis/7b293f05-51fc-4416-a472-fe29a59a7301] INFO  impl.RaftServerImpl (ServerState.java:close(394)) - fd3cd5f9-4f1c-43ea-91b1-b85a1f6c3825:group-FE29A59A7301 closes. The last applied log index is -1
2019-09-20 09:27:10,180 [fd3cd5f9-4f1c-43ea-91b1-b85a1f6c3825:group-140670C34868:LeaderElection101] INFO  server.RaftServerConfigKeys (ConfUtils.java:logGet(43)) - raft.server.watch.timeout.denomination = 1s (default)
2019-09-20 09:27:10,181 [fd3cd5f9-4f1c-43ea-91b1-b85a1f6c3825-SegmentedRaftLogWorker:Storage Directory /workdir/hadoop-ozone/integration-test/target/test-dir/MiniOzoneClusterImpl-a33d77e5-464b-4d19-8e6b-a171e580bf0e/datanode-1/data/ratis/7b293f05-51fc-4416-a472-fe29a59a7301] INFO  segmented.SegmentedRaftLogWorker (SegmentedRaftLogWorker.java:close(228)) - fd3cd5f9-4f1c-43ea-91b1-b85a1f6c3825-SegmentedRaftLogWorker:Storage Directory /workdir/hadoop-ozone/integration-test/target/test-dir/MiniOzoneClusterImpl-a33d77e5-464b-4d19-8e6b-a171e580bf0e/datanode-1/data/ratis/7b293f05-51fc-4416-a472-fe29a59a7301 close()
2019-09-20 09:27:10,180 [492ed782-6ab3-4ad9-945e-06def6ac7c96:group-DEE5CB996035:LeaderElection105] INFO  server.RaftServerConfigKeys (ConfUtils.java:logGet(43)) - raft.server.write.element-limit = 4096 (default)
2019-09-20 09:27:10,180 [492ed782-6ab3-4ad9-945e-06def6ac7c96:group-DBC605E3E4FA:LeaderElection102] INFO  server.RaftServerConfigKeys (ConfUtils.java:logGet(43)) - raft.server.watch.timeout = 10s (default)
2019-09-20 09:27:10,180 [02b93e76-e4c6-4b67-b8a4-c536d9ab7224:group-6F492938606B:LeaderElection106] INFO  server.RaftServerConfigKeys (ConfUtils.java:logGet(43)) - raft.server.watch.timeout.denomination = 1s (default)
2019-09-20 09:27:10,185 [02b93e76-e4c6-4b67-b8a4-c536d9ab7224:group-6F492938606B:LeaderElection106] INFO  server.RaftServerConfigKeys (ConfUtils.java:logGet(43)) - raft.server.watch.element-limit = 65536 (default)
2019-09-20 09:27:10,180 [02b93e76-e4c6-4b67-b8a4-c536d9ab7224:group-45895A567D29:LeaderElection103] INFO  server.RaftServerConfigKeys (ConfUtils.java:logGet(43)) - raft.server.watch.timeout = 10s (default)
2019-09-20 09:27:10,179 [4840c00f-91d3-4881-a20b-4d0486ca97c0-SegmentedRaftLogWorker:Storage Directory /workdir/hadoop-ozone/integration-test/target/test-dir/MiniOzoneClusterImpl-a33d77e5-464b-4d19-8e6b-a171e580bf0e/datanode-3/data/ratis/b5c515ee-40b4-4eb7-aa79-0f9565c0c9c7] INFO  impl.RaftServerImpl (RaftServerImpl.java:lambda$shutdown$3(245)) - 4840c00f-91d3-4881-a20b-4d0486ca97c0: shutdown group-0F9565C0C9C7
2019-09-20 09:27:10,179 [4840c00f-91d3-4881-a20b-4d0486ca97c0:group-3F30D8B52B66:LeaderElection98] INFO  segmented.SegmentedRaftLogWorker (SegmentedRaftLogWorker.java:startLogSegment(380)) - 4840c00f-91d3-4881-a20b-4d0486ca97c0-SegmentedRaftLogWorker:Storage Directory /workdir/hadoop-ozone/integration-test/target/test-dir/MiniOzoneClusterImpl-a33d77e5-464b-4d19-8e6b-a171e580bf0e/datanode-3/data/ratis/eccaa45b-011f-4fe7-b7de-3f30d8b52b66: Starting segment from index:0
2019-09-20 09:27:10,179 [02b93e76-e4c6-4b67-b8a4-c536d9ab7224:group-ACD147FE56E3:LeaderElection107] INFO  impl.RaftServerImpl (ServerState.java:setLeader(263)) - 02b93e76-e4c6-4b67-b8a4-c536d9ab7224:group-ACD147FE56E3 change Leader from null to 02b93e76-e4c6-4b67-b8a4-c536d9ab7224 at term 1 for becomeLeader, leader elected after 8262ms
2019-09-20 09:27:10,179 [492ed782-6ab3-4ad9-945e-06def6ac7c96:group-6EDD1D14131D:LeaderElection97] INFO  server.RaftServerConfigKeys (ConfUtils.java:logGet(43)) - raft.server.watch.timeout = 10s (default)
2019-09-20 09:27:10,417 | INFO  | SCMAudit | user=jenkins1000 | ip=192.168.36.99 | op=SEND_HEARTBEAT {datanodeUUID=02b93e76-e4c6-4b67-b8a4-c536d9ab7224, command=[]} | ret=SUCCESS |  
2019-09-20 09:27:10,417 | INFO  | SCMAudit | user=jenkins1000 | ip=192.168.36.99 | op=SEND_HEARTBEAT {datanodeUUID=4840c00f-91d3-4881-a20b-4d0486ca97c0, command=[]} | ret=SUCCESS |  
2019-09-20 09:27:10,178 [871e6485-c22a-483f-9e07-d19e754685be-SegmentedRaftLogWorker:Storage Directory /workdir/hadoop-ozone/integration-test/target/test-dir/MiniOzoneClusterImpl-a33d77e5-464b-4d19-8e6b-a171e580bf0e/datanode-4/data/ratis/6cfb6e6d-8cca-4605-9a44-f286cd3dd3b8] ERROR segmented.SegmentedRaftLogWorker (SegmentedRaftLogWorker.java:run(323)) - 871e6485-c22a-483f-9e07-d19e754685be-SegmentedRaftLogWorker:Storage Directory /workdir/hadoop-ozone/integration-test/target/test-dir/MiniOzoneClusterImpl-a33d77e5-464b-4d19-8e6b-a171e580bf0e/datanode-4/data/ratis/6cfb6e6d-8cca-4605-9a44-f286cd3dd3b8 hit exception
java.lang.OutOfMemoryError: Direct buffer memory
	at java.nio.Bits.reserveMemory(Bits.java:666)
	at java.nio.DirectByteBuffer.<init>(DirectByteBuffer.java:123)
	at java.nio.ByteBuffer.allocateDirect(ByteBuffer.java:311)
	at org.apache.ratis.server.raftlog.segmented.BufferedWriteChannel.<init>(BufferedWriteChannel.java:41)
	at org.apache.ratis.server.raftlog.segmented.SegmentedRaftLogOutputStream.<init>(SegmentedRaftLogOutputStream.java:72)
	at org.apache.ratis.server.raftlog.segmented.SegmentedRaftLogWorker$StartLogSegment.execute(SegmentedRaftLogWorker.java:566)
	at org.apache.ratis.server.raftlog.segmented.SegmentedRaftLogWorker.run(SegmentedRaftLogWorker.java:289)
	at java.lang.Thread.run(Thread.java:748)
2019-09-20 09:27:10,417 [871e6485-c22a-483f-9e07-d19e754685be-SegmentedRaftLogWorker:Storage Directory /workdir/hadoop-ozone/integration-test/target/test-dir/MiniOzoneClusterImpl-a33d77e5-464b-4d19-8e6b-a171e580bf0e/datanode-4/data/ratis/6cfb6e6d-8cca-4605-9a44-f286cd3dd3b8] INFO  impl.RaftServerImpl (RaftServerImpl.java:lambda$shutdown$3(245)) - 871e6485-c22a-483f-9e07-d19e754685be: shutdown group-F286CD3DD3B8
2019-09-20 09:27:10,177 [492ed782-6ab3-4ad9-945e-06def6ac7c96:group-73D4B665E0F9:LeaderElection100] INFO  server.RaftServerConfigKeys (ConfUtils.java:logGet(43)) - raft.server.watch.element-limit = 65536 (default)
2019-09-20 09:27:10,177 [pool-60-thread-1] INFO  storage.RaftStorage (RaftStorage.java:format(72)) - Storage directory /workdir/hadoop-ozone/integration-test/target/test-dir/MiniOzoneClusterImpl-a33d77e5-464b-4d19-8e6b-a171e580bf0e/datanode-3/data/ratis/11c0d268-50d7-478a-8c7c-37c7f6d04707 has been successfully formatted.
2019-09-20 09:27:10,418 [492ed782-6ab3-4ad9-945e-06def6ac7c96:group-73D4B665E0F9:LeaderElection100] INFO  impl.RoleInfo (RoleInfo.java:updateAndGet(143)) - 492ed782-6ab3-4ad9-945e-06def6ac7c96: start LeaderState
2019-09-20 09:27:10,175 [Thread-543] INFO  impl.FollowerState (FollowerState.java:run(106)) - 02b93e76-e4c6-4b67-b8a4-c536d9ab7224:group-4F3B7E02669B changes to CANDIDATE, lastRpcTime:10737, electionTimeout:5063ms
2019-09-20 09:27:10,175 [pool-38-thread-1] INFO  server.RaftServerConfigKeys (ConfUtils.java:logGet(43)) - raft.server.retrycache.expirytime = 600000ms (custom)
2019-09-20 09:27:09,918 [pool-27-thread-1] INFO  ratis.ContainerStateMachine (ContainerStateMachine.java:loadSnapshot(226)) - group-37C7F6D04707: The snapshot info is null. Setting the last applied indexto:(t:0, i:~)
2019-09-20 09:27:09,918 [4840c00f-91d3-4881-a20b-4d0486ca97c0:group-E1482C968AE7:LeaderElection96] INFO  impl.RaftServerImpl (ServerState.java:setRaftConf(361)) - 4840c00f-91d3-4881-a20b-4d0486ca97c0:group-E1482C968AE7 set configuration 0: [4840c00f-91d3-4881-a20b-4d0486ca97c0:192.168.36.99:41473], old=null at 0
2019-09-20 09:27:10,419 | INFO  | SCMAudit | user=jenkins1000 | ip=192.168.36.99 | op=SEND_HEARTBEAT {datanodeUUID=492ed782-6ab3-4ad9-945e-06def6ac7c96, command=[]} | ret=SUCCESS |  
2019-09-20 09:27:09,918 [492ed782-6ab3-4ad9-945e-06def6ac7c96:group-5EA3DEB86097:LeaderElection93] INFO  impl.RaftServerImpl (ServerState.java:setRaftConf(361)) - 492ed782-6ab3-4ad9-945e-06def6ac7c96:group-5EA3DEB86097 set configuration 0: [492ed782-6ab3-4ad9-945e-06def6ac7c96:192.168.36.99:32835], old=null at 0
2019-09-20 09:27:10,419 | INFO  | SCMAudit | user=jenkins1000 | ip=192.168.36.99 | op=SEND_HEARTBEAT {datanodeUUID=871e6485-c22a-483f-9e07-d19e754685be, command=[]} | ret=SUCCESS |  
2019-09-20 09:27:09,917 [pool-71-thread-1] INFO  server.RaftServerConfigKeys (ConfUtils.java:logGet(43)) - raft.server.log.purge.gap = 1000000 (custom)
2019-09-20 09:27:09,917 [492ed782-6ab3-4ad9-945e-06def6ac7c96:group-7DB849C7BA05:LeaderElection99] INFO  server.RaftServerConfigKeys (ConfUtils.java:logGet(43)) - raft.server.watch.timeout.denomination = 1s (default)
2019-09-20 09:27:09,917 [fd3cd5f9-4f1c-43ea-91b1-b85a1f6c3825-SegmentedRaftLogWorker:Storage Directory /workdir/hadoop-ozone/integration-test/target/test-dir/MiniOzoneClusterImpl-a33d77e5-464b-4d19-8e6b-a171e580bf0e/datanode-1/data/ratis/bee225f1-cde6-4a6d-8fcd-b51869680cf2] INFO  impl.PendingRequests (PendingRequests.java:sendNotLeaderResponses(202)) - fd3cd5f9-4f1c-43ea-91b1-b85a1f6c3825-PendingRequests: sendNotLeaderResponses
2019-09-20 09:27:09,916 [871e6485-c22a-483f-9e07-d19e754685be:group-251E202153EF:LeaderElection104] INFO  server.RaftServerConfigKeys (ConfUtils.java:logGet(43)) - raft.server.watch.timeout = 10s (default)
2019-09-20 09:27:09,916 [492ed782-6ab3-4ad9-945e-06def6ac7c96-SegmentedRaftLogWorker:Storage Directory /workdir/hadoop-ozone/integration-test/target/test-dir/MiniOzoneClusterImpl-a33d77e5-464b-4d19-8e6b-a171e580bf0e/datanode-2/data/ratis/345b7b41-6102-4286-98ac-0b991f8144c1] INFO  util.JmxRegister (JmxRegister.java:unregister(73)) - Successfully un-registered JMX Bean with object name Ratis:service=RaftServer,group=group-0B991F8144C1,id=492ed782-6ab3-4ad9-945e-06def6ac7c96
2019-09-20 09:27:09,916 [4840c00f-91d3-4881-a20b-4d0486ca97c0-SegmentedRaftLogWorker:Storage Directory /workdir/hadoop-ozone/integration-test/target/test-dir/MiniOzoneClusterImpl-a33d77e5-464b-4d19-8e6b-a171e580bf0e/datanode-3/data/ratis/83c24053-66f6-40d0-a02a-8c447c5d0f75] INFO  util.JmxRegister (JmxRegister.java:unregister(73)) - Successfully un-registered JMX Bean with object name Ratis:service=RaftServer,group=group-8C447C5D0F75,id=4840c00f-91d3-4881-a20b-4d0486ca97c0
2019-09-20 09:27:10,421 [4840c00f-91d3-4881-a20b-4d0486ca97c0-SegmentedRaftLogWorker:Storage Directory /workdir/hadoop-ozone/integration-test/target/test-dir/MiniOzoneClusterImpl-a33d77e5-464b-4d19-8e6b-a171e580bf0e/datanode-3/data/ratis/83c24053-66f6-40d0-a02a-8c447c5d0f75] INFO  impl.RoleInfo (RoleInfo.java:shutdownLeaderState(104)) - 4840c00f-91d3-4881-a20b-4d0486ca97c0: shutdown LeaderState
2019-09-20 09:27:09,916 [dc7f40a9-6782-42c4-abab-c6b1682da047-SegmentedRaftLogWorker:Storage Directory /workdir/hadoop-ozone/integration-test/target/test-dir/MiniOzoneClusterImpl-a33d77e5-464b-4d19-8e6b-a171e580bf0e/datanode-5/data/ratis/d8d7645d-99c2-48a5-adaf-f88c76bc901d] INFO  util.JmxRegister (JmxRegister.java:unregister(73)) - Successfully un-registered JMX Bean with object name Ratis:service=RaftServer,group=group-F88C76BC901D,id=dc7f40a9-6782-42c4-abab-c6b1682da047
2019-09-20 09:27:10,421 [dc7f40a9-6782-42c4-abab-c6b1682da047-SegmentedRaftLogWorker:Storage Directory /workdir/hadoop-ozone/integration-test/target/test-dir/MiniOzoneClusterImpl-a33d77e5-464b-4d19-8e6b-a171e580bf0e/datanode-5/data/ratis/d8d7645d-99c2-48a5-adaf-f88c76bc901d] INFO  impl.RoleInfo (RoleInfo.java:shutdownLeaderState(104)) - dc7f40a9-6782-42c4-abab-c6b1682da047: shutdown LeaderState
2019-09-20 09:27:09,916 [492ed782-6ab3-4ad9-945e-06def6ac7c96-SegmentedRaftLogWorker:Storage Directory /workdir/hadoop-ozone/integration-test/target/test-dir/MiniOzoneClusterImpl-a33d77e5-464b-4d19-8e6b-a171e580bf0e/datanode-2/data/ratis/10be2d40-6e5c-4b4e-9a33-371618af92d0] INFO  impl.RoleInfo (RoleInfo.java:shutdownLeaderState(104)) - 492ed782-6ab3-4ad9-945e-06def6ac7c96: shutdown LeaderState
2019-09-20 09:27:09,916 [4840c00f-91d3-4881-a20b-4d0486ca97c0-SegmentedRaftLogWorker:Storage Directory /workdir/hadoop-ozone/integration-test/target/test-dir/MiniOzoneClusterImpl-a33d77e5-464b-4d19-8e6b-a171e580bf0e/datanode-3/data/ratis/bdf1106b-96d4-4244-8ed0-1748bb481d0c] INFO  util.JmxRegister (JmxRegister.java:unregister(73)) - Successfully un-registered JMX Bean with object name Ratis:service=RaftServer,group=group-1748BB481D0C,id=4840c00f-91d3-4881-a20b-4d0486ca97c0
2019-09-20 09:27:09,915 [fd3cd5f9-4f1c-43ea-91b1-b85a1f6c3825-SegmentedRaftLogWorker:Storage Directory /workdir/hadoop-ozone/integration-test/target/test-dir/MiniOzoneClusterImpl-a33d77e5-464b-4d19-8e6b-a171e580bf0e/datanode-1/data/ratis/b7807c9d-8f95-4f8f-b38a-12b3faed76d7] INFO  impl.StateMachineUpdater (StateMachineUpdater.java:stopAndJoin(115)) - StateMachineUpdater:fd3cd5f9-4f1c-43ea-91b1-b85a1f6c3825:group-12B3FAED76D7: set stopIndex = -1
2019-09-20 09:27:09,915 [02b93e76-e4c6-4b67-b8a4-c536d9ab7224:group-6193B43AE77D:LeaderElection91] INFO  impl.RoleInfo (RoleInfo.java:updateAndGet(143)) - 02b93e76-e4c6-4b67-b8a4-c536d9ab7224: start LeaderState
2019-09-20 09:27:09,915 [RatisPipelineUtilsThread] ERROR pipeline.SCMPipelineManager (SCMPipelineManager.java:createPipeline(161)) - Pipeline creation failed due to exception: 3 exceptions [java.io.IOException: Failed invoke Ratis rpc org.apache.hadoop.hdds.scm.pipeline.RatisPipelineProvider$$Lambda$167/459597877@5e0672fb for 02b93e76-e4c6-4b67-b8a4-c536d9ab7224, java.io.IOException: Failed invoke Ratis rpc org.apache.hadoop.hdds.scm.pipeline.RatisPipelineProvider$$Lambda$167/459597877@5e0672fb for 871e6485-c22a-483f-9e07-d19e754685be, java.io.IOException: Failed invoke Ratis rpc org.apache.hadoop.hdds.scm.pipeline.RatisPipelineProvider$$Lambda$167/459597877@5e0672fb for 4840c00f-91d3-4881-a20b-4d0486ca97c0]
2019-09-20 09:27:10,422 [fd3cd5f9-4f1c-43ea-91b1-b85a1f6c3825-SegmentedRaftLogWorker:Storage Directory /workdir/hadoop-ozone/integration-test/target/test-dir/MiniOzoneClusterImpl-a33d77e5-464b-4d19-8e6b-a171e580bf0e/datanode-1/data/ratis/b7807c9d-8f95-4f8f-b38a-12b3faed76d7] INFO  impl.RaftServerImpl (ServerState.java:close(394)) - fd3cd5f9-4f1c-43ea-91b1-b85a1f6c3825:group-12B3FAED76D7 closes. The last applied log index is -1
2019-09-20 09:27:10,422 [4840c00f-91d3-4881-a20b-4d0486ca97c0-SegmentedRaftLogWorker:Storage Directory /workdir/hadoop-ozone/integration-test/target/test-dir/MiniOzoneClusterImpl-a33d77e5-464b-4d19-8e6b-a171e580bf0e/datanode-3/data/ratis/bdf1106b-96d4-4244-8ed0-1748bb481d0c] INFO  impl.RoleInfo (RoleInfo.java:shutdownLeaderState(104)) - 4840c00f-91d3-4881-a20b-4d0486ca97c0: shutdown LeaderState
2019-09-20 09:27:10,421 [492ed782-6ab3-4ad9-945e-06def6ac7c96-SegmentedRaftLogWorker:Storage Directory /workdir/hadoop-ozone/integration-test/target/test-dir/MiniOzoneClusterImpl-a33d77e5-464b-4d19-8e6b-a171e580bf0e/datanode-2/data/ratis/10be2d40-6e5c-4b4e-9a33-371618af92d0] INFO  impl.PendingRequests (PendingRequests.java:sendNotLeaderResponses(202)) - 492ed782-6ab3-4ad9-945e-06def6ac7c96-PendingRequests: sendNotLeaderResponses
2019-09-20 09:27:10,421 [dc7f40a9-6782-42c4-abab-c6b1682da047-SegmentedRaftLogWorker:Storage Directory /workdir/hadoop-ozone/integration-test/target/test-dir/MiniOzoneClusterImpl-a33d77e5-464b-4d19-8e6b-a171e580bf0e/datanode-5/data/ratis/d8d7645d-99c2-48a5-adaf-f88c76bc901d] INFO  impl.PendingRequests (PendingRequests.java:sendNotLeaderResponses(202)) - dc7f40a9-6782-42c4-abab-c6b1682da047-PendingRequests: sendNotLeaderResponses
2019-09-20 09:27:10,421 [4840c00f-91d3-4881-a20b-4d0486ca97c0-SegmentedRaftLogWorker:Storage Directory /workdir/hadoop-ozone/integration-test/target/test-dir/MiniOzoneClusterImpl-a33d77e5-464b-4d19-8e6b-a171e580bf0e/datanode-3/data/ratis/83c24053-66f6-40d0-a02a-8c447c5d0f75] INFO  impl.PendingRequests (PendingRequests.java:sendNotLeaderResponses(202)) - 4840c00f-91d3-4881-a20b-4d0486ca97c0-PendingRequests: sendNotLeaderResponses
2019-09-20 09:27:10,420 [492ed782-6ab3-4ad9-945e-06def6ac7c96-SegmentedRaftLogWorker:Storage Directory /workdir/hadoop-ozone/integration-test/target/test-dir/MiniOzoneClusterImpl-a33d77e5-464b-4d19-8e6b-a171e580bf0e/datanode-2/data/ratis/345b7b41-6102-4286-98ac-0b991f8144c1] INFO  impl.RoleInfo (RoleInfo.java:shutdownLeaderState(104)) - 492ed782-6ab3-4ad9-945e-06def6ac7c96: shutdown LeaderState
2019-09-20 09:27:10,420 [871e6485-c22a-483f-9e07-d19e754685be:group-251E202153EF:LeaderElection104] INFO  server.RaftServerConfigKeys (ConfUtils.java:logGet(43)) - raft.server.watch.timeout.denomination = 1s (default)
2019-09-20 09:27:10,420 [fd3cd5f9-4f1c-43ea-91b1-b85a1f6c3825-SegmentedRaftLogWorker:Storage Directory /workdir/hadoop-ozone/integration-test/target/test-dir/MiniOzoneClusterImpl-a33d77e5-464b-4d19-8e6b-a171e580bf0e/datanode-1/data/ratis/bee225f1-cde6-4a6d-8fcd-b51869680cf2] INFO  impl.StateMachineUpdater (StateMachineUpdater.java:stopAndJoin(115)) - StateMachineUpdater:fd3cd5f9-4f1c-43ea-91b1-b85a1f6c3825:group-B51869680CF2: set stopIndex = -1
2019-09-20 09:27:10,420 [492ed782-6ab3-4ad9-945e-06def6ac7c96:group-7DB849C7BA05:LeaderElection99] INFO  server.RaftServerConfigKeys (ConfUtils.java:logGet(43)) - raft.server.watch.element-limit = 65536 (default)
2019-09-20 09:27:10,420 [pool-71-thread-1] INFO  server.RaftServerConfigKeys (ConfUtils.java:logGet(43)) - raft.server.log.appender.buffer.byte-limit = 33554432 (custom)
2019-09-20 09:27:10,419 [pool-27-thread-1] INFO  server.RaftServerConfigKeys (ConfUtils.java:logGet(43)) - raft.server.leader.election.timeout = 10s (custom)
2019-09-20 09:27:10,419 [pool-38-thread-1] INFO  impl.RaftServerImpl (RaftServerImpl.java:start(180)) - fd3cd5f9-4f1c-43ea-91b1-b85a1f6c3825: start group-B2B5EDE21C69
2019-09-20 09:27:10,418 [492ed782-6ab3-4ad9-945e-06def6ac7c96:group-73D4B665E0F9:LeaderElection100] INFO  segmented.SegmentedRaftLogWorker (SegmentedRaftLogWorker.java:startLogSegment(380)) - 492ed782-6ab3-4ad9-945e-06def6ac7c96-SegmentedRaftLogWorker:Storage Directory /workdir/hadoop-ozone/integration-test/target/test-dir/MiniOzoneClusterImpl-a33d77e5-464b-4d19-8e6b-a171e580bf0e/datanode-2/data/ratis/4ac735e0-c63a-446b-9aba-73d4b665e0f9: Starting segment from index:0
2019-09-20 09:27:10,418 [Thread-543] INFO  impl.RoleInfo (RoleInfo.java:shutdownFollowerState(121)) - 02b93e76-e4c6-4b67-b8a4-c536d9ab7224: shutdown FollowerState
2019-09-20 09:27:10,418 [pool-60-thread-1] INFO  ratis.ContainerStateMachine (ContainerStateMachine.java:loadSnapshot(226)) - group-37C7F6D04707: The snapshot info is null. Setting the last applied indexto:(t:0, i:~)
2019-09-20 09:27:10,418 [871e6485-c22a-483f-9e07-d19e754685be-SegmentedRaftLogWorker:Storage Directory /workdir/hadoop-ozone/integration-test/target/test-dir/MiniOzoneClusterImpl-a33d77e5-464b-4d19-8e6b-a171e580bf0e/datanode-4/data/ratis/6cfb6e6d-8cca-4605-9a44-f286cd3dd3b8] INFO  util.JmxRegister (JmxRegister.java:unregister(73)) - Successfully un-registered JMX Bean with object name Ratis:service=RaftServer,group=group-F286CD3DD3B8,id=871e6485-c22a-483f-9e07-d19e754685be
2019-09-20 09:27:10,417 [492ed782-6ab3-4ad9-945e-06def6ac7c96:group-6EDD1D14131D:LeaderElection97] INFO  server.RaftServerConfigKeys (ConfUtils.java:logGet(43)) - raft.server.watch.timeout.denomination = 1s (default)
2019-09-20 09:27:10,742 | INFO  | SCMAudit | user=jenkins1000 | ip=192.168.36.99 | op=SEND_HEARTBEAT {datanodeUUID=fd3cd5f9-4f1c-43ea-91b1-b85a1f6c3825, command=[]} | ret=SUCCESS |  
2019-09-20 09:27:10,417 [4840c00f-91d3-4881-a20b-4d0486ca97c0:group-3F30D8B52B66:LeaderElection98] INFO  impl.RaftServerImpl (ServerState.java:setRaftConf(361)) - 4840c00f-91d3-4881-a20b-4d0486ca97c0:group-3F30D8B52B66 set configuration 0: [4840c00f-91d3-4881-a20b-4d0486ca97c0:192.168.36.99:41473], old=null at 0
2019-09-20 09:27:10,742 | INFO  | SCMAudit | user=jenkins1000 | ip=192.168.36.99 | op=SEND_HEARTBEAT {datanodeUUID=dc7f40a9-6782-42c4-abab-c6b1682da047, command=[]} | ret=SUCCESS |  
2019-09-20 09:27:10,417 [492ed782-6ab3-4ad9-945e-06def6ac7c96:group-E1A3C09B18D1:LeaderElection110] INFO  impl.LeaderElection (LeaderElection.java:askForVotes(181)) - 492ed782-6ab3-4ad9-945e-06def6ac7c96:group-E1A3C09B18D1:LeaderElection110: begin an election at term 1 for -1: [492ed782-6ab3-4ad9-945e-06def6ac7c96:192.168.36.99:32835], old=null
2019-09-20 09:27:10,417 [492ed782-6ab3-4ad9-945e-06def6ac7c96:group-B7AE4E66783D:LeaderElection112] INFO  impl.LeaderElection (LeaderElection.java:askForVotes(181)) - 492ed782-6ab3-4ad9-945e-06def6ac7c96:group-B7AE4E66783D:LeaderElection112: begin an election at term 1 for -1: [492ed782-6ab3-4ad9-945e-06def6ac7c96:192.168.36.99:32835], old=null
2019-09-20 09:27:10,417 [871e6485-c22a-483f-9e07-d19e754685be:group-EB665916B604:LeaderElection111] INFO  impl.LeaderElection (LeaderElection.java:askForVotes(181)) - 871e6485-c22a-483f-9e07-d19e754685be:group-EB665916B604:LeaderElection111: begin an election at term 1 for -1: [871e6485-c22a-483f-9e07-d19e754685be:192.168.36.99:41076], old=null
2019-09-20 09:27:10,417 [871e6485-c22a-483f-9e07-d19e754685be:group-6FE48D9F1AE6:LeaderElection109] INFO  impl.LeaderElection (LeaderElection.java:askForVotes(181)) - 871e6485-c22a-483f-9e07-d19e754685be:group-6FE48D9F1AE6:LeaderElection109: begin an election at term 1 for -1: [871e6485-c22a-483f-9e07-d19e754685be:192.168.36.99:41076], old=null
2019-09-20 09:27:10,417 [871e6485-c22a-483f-9e07-d19e754685be:group-0FA20B5362B8:LeaderElection108] INFO  impl.LeaderElection (LeaderElection.java:askForVotes(181)) - 871e6485-c22a-483f-9e07-d19e754685be:group-0FA20B5362B8:LeaderElection108: begin an election at term 1 for -1: [871e6485-c22a-483f-9e07-d19e754685be:192.168.36.99:41076], old=null
2019-09-20 09:27:10,745 [871e6485-c22a-483f-9e07-d19e754685be:group-6FE48D9F1AE6:LeaderElection109] INFO  impl.RoleInfo (RoleInfo.java:shutdownLeaderElection(134)) - 871e6485-c22a-483f-9e07-d19e754685be: shutdown LeaderElection
2019-09-20 09:27:10,186 [02b93e76-e4c6-4b67-b8a4-c536d9ab7224:group-ACD147FE56E3:LeaderElection107] INFO  server.RaftServerConfigKeys (ConfUtils.java:logGet(43)) - raft.server.staging.catchup.gap = 1000 (default)
2019-09-20 09:27:10,186 [4840c00f-91d3-4881-a20b-4d0486ca97c0-SegmentedRaftLogWorker:Storage Directory /workdir/hadoop-ozone/integration-test/target/test-dir/MiniOzoneClusterImpl-a33d77e5-464b-4d19-8e6b-a171e580bf0e/datanode-3/data/ratis/b5c515ee-40b4-4eb7-aa79-0f9565c0c9c7] INFO  util.JmxRegister (JmxRegister.java:unregister(73)) - Successfully un-registered JMX Bean with object name Ratis:service=RaftServer,group=group-0F9565C0C9C7,id=4840c00f-91d3-4881-a20b-4d0486ca97c0
2019-09-20 09:27:10,185 [02b93e76-e4c6-4b67-b8a4-c536d9ab7224:group-45895A567D29:LeaderElection103] INFO  server.RaftServerConfigKeys (ConfUtils.java:logGet(43)) - raft.server.watch.timeout.denomination = 1s (default)
2019-09-20 09:27:10,185 [02b93e76-e4c6-4b67-b8a4-c536d9ab7224:group-6F492938606B:LeaderElection106] INFO  impl.RoleInfo (RoleInfo.java:updateAndGet(143)) - 02b93e76-e4c6-4b67-b8a4-c536d9ab7224: start LeaderState
2019-09-20 09:27:10,185 [492ed782-6ab3-4ad9-945e-06def6ac7c96:group-DBC605E3E4FA:LeaderElection102] INFO  server.RaftServerConfigKeys (ConfUtils.java:logGet(43)) - raft.server.watch.timeout.denomination = 1s (default)
2019-09-20 09:27:10,185 [492ed782-6ab3-4ad9-945e-06def6ac7c96:group-DEE5CB996035:LeaderElection105] INFO  server.RaftServerConfigKeys (ConfUtils.java:logGet(43)) - raft.server.watch.timeout = 10s (default)
2019-09-20 09:27:10,181 [fd3cd5f9-4f1c-43ea-91b1-b85a1f6c3825:group-140670C34868:LeaderElection101] INFO  server.RaftServerConfigKeys (ConfUtils.java:logGet(43)) - raft.server.watch.element-limit = 65536 (default)
2019-09-20 09:27:10,181 [02b93e76-e4c6-4b67-b8a4-c536d9ab7224-SegmentedRaftLogWorker:Storage Directory /workdir/hadoop-ozone/integration-test/target/test-dir/MiniOzoneClusterImpl-a33d77e5-464b-4d19-8e6b-a171e580bf0e/datanode-0/data/ratis/99a2975e-81a6-448e-954a-e4b357f9360e] INFO  impl.PendingRequests (PendingRequests.java:sendNotLeaderResponses(202)) - 02b93e76-e4c6-4b67-b8a4-c536d9ab7224-PendingRequests: sendNotLeaderResponses
2019-09-20 09:27:10,749 [fd3cd5f9-4f1c-43ea-91b1-b85a1f6c3825:group-140670C34868:LeaderElection101] INFO  impl.RoleInfo (RoleInfo.java:updateAndGet(143)) - fd3cd5f9-4f1c-43ea-91b1-b85a1f6c3825: start LeaderState
2019-09-20 09:27:10,749 [492ed782-6ab3-4ad9-945e-06def6ac7c96:group-DEE5CB996035:LeaderElection105] INFO  server.RaftServerConfigKeys (ConfUtils.java:logGet(43)) - raft.server.watch.timeout.denomination = 1s (default)
2019-09-20 09:27:10,749 [492ed782-6ab3-4ad9-945e-06def6ac7c96:group-DBC605E3E4FA:LeaderElection102] INFO  server.RaftServerConfigKeys (ConfUtils.java:logGet(43)) - raft.server.watch.element-limit = 65536 (default)
2019-09-20 09:27:10,749 [02b93e76-e4c6-4b67-b8a4-c536d9ab7224:group-6F492938606B:LeaderElection106] INFO  segmented.SegmentedRaftLogWorker (SegmentedRaftLogWorker.java:startLogSegment(380)) - 02b93e76-e4c6-4b67-b8a4-c536d9ab7224-SegmentedRaftLogWorker:Storage Directory /workdir/hadoop-ozone/integration-test/target/test-dir/MiniOzoneClusterImpl-a33d77e5-464b-4d19-8e6b-a171e580bf0e/datanode-0/data/ratis/f4384af3-873b-4134-86af-6f492938606b: Starting segment from index:0
2019-09-20 09:27:10,748 [02b93e76-e4c6-4b67-b8a4-c536d9ab7224:group-45895A567D29:LeaderElection103] INFO  server.RaftServerConfigKeys (ConfUtils.java:logGet(43)) - raft.server.watch.element-limit = 65536 (default)
2019-09-20 09:27:10,748 [4840c00f-91d3-4881-a20b-4d0486ca97c0-SegmentedRaftLogWorker:Storage Directory /workdir/hadoop-ozone/integration-test/target/test-dir/MiniOzoneClusterImpl-a33d77e5-464b-4d19-8e6b-a171e580bf0e/datanode-3/data/ratis/b5c515ee-40b4-4eb7-aa79-0f9565c0c9c7] INFO  impl.RoleInfo (RoleInfo.java:shutdownLeaderState(104)) - 4840c00f-91d3-4881-a20b-4d0486ca97c0: shutdown LeaderState
2019-09-20 09:27:10,748 [02b93e76-e4c6-4b67-b8a4-c536d9ab7224:group-ACD147FE56E3:LeaderElection107] INFO  server.RaftServerConfigKeys (ConfUtils.java:logGet(43)) - raft.server.rpc.sleep.time = 25ms (default)
2019-09-20 09:27:10,748 [871e6485-c22a-483f-9e07-d19e754685be:group-6FE48D9F1AE6:LeaderElection109] INFO  impl.RaftServerImpl (RaftServerImpl.java:setRole(171)) - 871e6485-c22a-483f-9e07-d19e754685be:group-6FE48D9F1AE6 changes role from CANDIDATE to LEADER at term 1 for changeToLeader
2019-09-20 09:27:10,745 [871e6485-c22a-483f-9e07-d19e754685be:group-0FA20B5362B8:LeaderElection108] INFO  impl.RoleInfo (RoleInfo.java:shutdownLeaderElection(134)) - 871e6485-c22a-483f-9e07-d19e754685be: shutdown LeaderElection
2019-09-20 09:27:10,743 [871e6485-c22a-483f-9e07-d19e754685be:group-EB665916B604:LeaderElection111] INFO  impl.RoleInfo (RoleInfo.java:shutdownLeaderElection(134)) - 871e6485-c22a-483f-9e07-d19e754685be: shutdown LeaderElection
2019-09-20 09:27:10,990 [871e6485-c22a-483f-9e07-d19e754685be:group-EB665916B604:LeaderElection111] INFO  impl.RaftServerImpl (RaftServerImpl.java:setRole(171)) - 871e6485-c22a-483f-9e07-d19e754685be:group-EB665916B604 changes role from CANDIDATE to LEADER at term 1 for changeToLeader
2019-09-20 09:27:10,743 [492ed782-6ab3-4ad9-945e-06def6ac7c96:group-B7AE4E66783D:LeaderElection112] INFO  impl.RoleInfo (RoleInfo.java:shutdownLeaderElection(134)) - 492ed782-6ab3-4ad9-945e-06def6ac7c96: shutdown LeaderElection
2019-09-20 09:27:10,990 [grpc-default-executor-1] INFO  impl.RaftServerProxy (RaftServerProxy.java:addNew(89)) - 492ed782-6ab3-4ad9-945e-06def6ac7c96: addNew group-80E08822C518:[871e6485-c22a-483f-9e07-d19e754685be:192.168.36.99:41076, 02b93e76-e4c6-4b67-b8a4-c536d9ab7224:192.168.36.99:39343, 492ed782-6ab3-4ad9-945e-06def6ac7c96:192.168.36.99:32835] returns group-80E08822C518:java.util.concurrent.CompletableFuture@7d6f49c4[Not completed]
2019-09-20 09:27:10,743 [492ed782-6ab3-4ad9-945e-06def6ac7c96:group-E1A3C09B18D1:LeaderElection110] INFO  impl.RoleInfo (RoleInfo.java:shutdownLeaderElection(134)) - 492ed782-6ab3-4ad9-945e-06def6ac7c96: shutdown LeaderElection
2019-09-20 09:27:10,990 [492ed782-6ab3-4ad9-945e-06def6ac7c96:group-E1A3C09B18D1:LeaderElection110] INFO  impl.RaftServerImpl (RaftServerImpl.java:setRole(171)) - 492ed782-6ab3-4ad9-945e-06def6ac7c96:group-E1A3C09B18D1 changes role from CANDIDATE to LEADER at term 1 for changeToLeader
2019-09-20 09:27:10,742 [492ed782-6ab3-4ad9-945e-06def6ac7c96:group-6EDD1D14131D:LeaderElection97] INFO  server.RaftServerConfigKeys (ConfUtils.java:logGet(43)) - raft.server.watch.element-limit = 65536 (default)
2019-09-20 09:27:10,742 [871e6485-c22a-483f-9e07-d19e754685be-SegmentedRaftLogWorker:Storage Directory /workdir/hadoop-ozone/integration-test/target/test-dir/MiniOzoneClusterImpl-a33d77e5-464b-4d19-8e6b-a171e580bf0e/datanode-4/data/ratis/6cfb6e6d-8cca-4605-9a44-f286cd3dd3b8] INFO  impl.RoleInfo (RoleInfo.java:shutdownLeaderState(104)) - 871e6485-c22a-483f-9e07-d19e754685be: shutdown LeaderState
2019-09-20 09:27:10,740 [492ed782-6ab3-4ad9-945e-06def6ac7c96:group-73D4B665E0F9:LeaderElection100] INFO  impl.RaftServerImpl (ServerState.java:setRaftConf(361)) - 492ed782-6ab3-4ad9-945e-06def6ac7c96:group-73D4B665E0F9 set configuration 0: [492ed782-6ab3-4ad9-945e-06def6ac7c96:192.168.36.99:32835], old=null at 0
2019-09-20 09:27:10,736 [492ed782-6ab3-4ad9-945e-06def6ac7c96-SegmentedRaftLogWorker:Storage Directory /workdir/hadoop-ozone/integration-test/target/test-dir/MiniOzoneClusterImpl-a33d77e5-464b-4d19-8e6b-a171e580bf0e/datanode-2/data/ratis/b425bb77-719f-4734-9c20-d9dfd2faa041] ERROR segmented.SegmentedRaftLogWorker (SegmentedRaftLogWorker.java:run(323)) - 492ed782-6ab3-4ad9-945e-06def6ac7c96-SegmentedRaftLogWorker:Storage Directory /workdir/hadoop-ozone/integration-test/target/test-dir/MiniOzoneClusterImpl-a33d77e5-464b-4d19-8e6b-a171e580bf0e/datanode-2/data/ratis/b425bb77-719f-4734-9c20-d9dfd2faa041 hit exception
java.lang.OutOfMemoryError: Direct buffer memory
	at java.nio.Bits.reserveMemory(Bits.java:666)
	at java.nio.DirectByteBuffer.<init>(DirectByteBuffer.java:123)
	at java.nio.ByteBuffer.allocateDirect(ByteBuffer.java:311)
	at org.apache.ratis.server.raftlog.segmented.BufferedWriteChannel.<init>(BufferedWriteChannel.java:41)
	at org.apache.ratis.server.raftlog.segmented.SegmentedRaftLogOutputStream.<init>(SegmentedRaftLogOutputStream.java:72)
	at org.apache.ratis.server.raftlog.segmented.SegmentedRaftLogWorker$StartLogSegment.execute(SegmentedRaftLogWorker.java:566)
	at org.apache.ratis.server.raftlog.segmented.SegmentedRaftLogWorker.run(SegmentedRaftLogWorker.java:289)
	at java.lang.Thread.run(Thread.java:748)
2019-09-20 09:27:10,991 [492ed782-6ab3-4ad9-945e-06def6ac7c96-SegmentedRaftLogWorker:Storage Directory /workdir/hadoop-ozone/integration-test/target/test-dir/MiniOzoneClusterImpl-a33d77e5-464b-4d19-8e6b-a171e580bf0e/datanode-2/data/ratis/b425bb77-719f-4734-9c20-d9dfd2faa041] INFO  impl.RaftServerImpl (RaftServerImpl.java:lambda$shutdown$3(245)) - 492ed782-6ab3-4ad9-945e-06def6ac7c96: shutdown group-D9DFD2FAA041
2019-09-20 09:27:10,991 [pool-49-thread-1] INFO  impl.RaftServerImpl (RaftServerImpl.java:<init>(93)) - 492ed782-6ab3-4ad9-945e-06def6ac7c96: new RaftServerImpl for group-80E08822C518:[871e6485-c22a-483f-9e07-d19e754685be:192.168.36.99:41076, 02b93e76-e4c6-4b67-b8a4-c536d9ab7224:192.168.36.99:39343, 492ed782-6ab3-4ad9-945e-06def6ac7c96:192.168.36.99:32835] with ContainerStateMachine:uninitialized
2019-09-20 09:27:10,736 [4840c00f-91d3-4881-a20b-4d0486ca97c0-SegmentedRaftLogWorker:Storage Directory /workdir/hadoop-ozone/integration-test/target/test-dir/MiniOzoneClusterImpl-a33d77e5-464b-4d19-8e6b-a171e580bf0e/datanode-3/data/ratis/e939727f-ea19-424b-845a-0216f39d9076] ERROR segmented.SegmentedRaftLogWorker (SegmentedRaftLogWorker.java:run(323)) - 4840c00f-91d3-4881-a20b-4d0486ca97c0-SegmentedRaftLogWorker:Storage Directory /workdir/hadoop-ozone/integration-test/target/test-dir/MiniOzoneClusterImpl-a33d77e5-464b-4d19-8e6b-a171e580bf0e/datanode-3/data/ratis/e939727f-ea19-424b-845a-0216f39d9076 hit exception
java.lang.OutOfMemoryError: Direct buffer memory
	at java.nio.Bits.reserveMemory(Bits.java:666)
	at java.nio.DirectByteBuffer.<init>(DirectByteBuffer.java:123)
	at java.nio.ByteBuffer.allocateDirect(ByteBuffer.java:311)
	at org.apache.ratis.server.raftlog.segmented.BufferedWriteChannel.<init>(BufferedWriteChannel.java:41)
	at org.apache.ratis.server.raftlog.segmented.SegmentedRaftLogOutputStream.<init>(SegmentedRaftLogOutputStream.java:72)
	at org.apache.ratis.server.raftlog.segmented.SegmentedRaftLogWorker$StartLogSegment.execute(SegmentedRaftLogWorker.java:566)
	at org.apache.ratis.server.raftlog.segmented.SegmentedRaftLogWorker.run(SegmentedRaftLogWorker.java:289)
	at java.lang.Thread.run(Thread.java:748)
2019-09-20 09:27:10,992 [4840c00f-91d3-4881-a20b-4d0486ca97c0-SegmentedRaftLogWorker:Storage Directory /workdir/hadoop-ozone/integration-test/target/test-dir/MiniOzoneClusterImpl-a33d77e5-464b-4d19-8e6b-a171e580bf0e/datanode-3/data/ratis/e939727f-ea19-424b-845a-0216f39d9076] INFO  impl.RaftServerImpl (RaftServerImpl.java:lambda$shutdown$3(245)) - 4840c00f-91d3-4881-a20b-4d0486ca97c0: shutdown group-0216F39D9076
2019-09-20 09:27:10,428 [pool-60-thread-1] INFO  server.RaftServerConfigKeys (ConfUtils.java:logGet(43)) - raft.server.leader.election.timeout = 10s (custom)
2019-09-20 09:27:10,427 [Thread-543] INFO  impl.RaftServerImpl (RaftServerImpl.java:setRole(171)) - 02b93e76-e4c6-4b67-b8a4-c536d9ab7224:group-4F3B7E02669B changes role from FOLLOWER to CANDIDATE at term 0 for changeToCandidate
2019-09-20 09:27:10,425 [pool-38-thread-1] INFO  impl.RaftServerImpl (RaftServerImpl.java:setRole(171)) - fd3cd5f9-4f1c-43ea-91b1-b85a1f6c3825:group-B2B5EDE21C69 changes role from null to FOLLOWER at term 0 for startAsFollower
2019-09-20 09:27:10,424 [pool-27-thread-1] INFO  server.RaftServerConfigKeys (ConfUtils.java:logGet(43)) - raft.server.log.use.memory = false (default)
2019-09-20 09:27:10,424 [pool-71-thread-1] INFO  server.RaftServerConfigKeys (ConfUtils.java:logGet(43)) - raft.server.log.segment.size.max = 1048576 (custom)
2019-09-20 09:27:10,424 [492ed782-6ab3-4ad9-945e-06def6ac7c96:group-7DB849C7BA05:LeaderElection99] INFO  impl.RoleInfo (RoleInfo.java:updateAndGet(143)) - 492ed782-6ab3-4ad9-945e-06def6ac7c96: start LeaderState
2019-09-20 09:27:10,424 [fd3cd5f9-4f1c-43ea-91b1-b85a1f6c3825-SegmentedRaftLogWorker:Storage Directory /workdir/hadoop-ozone/integration-test/target/test-dir/MiniOzoneClusterImpl-a33d77e5-464b-4d19-8e6b-a171e580bf0e/datanode-1/data/ratis/bee225f1-cde6-4a6d-8fcd-b51869680cf2] INFO  impl.RaftServerImpl (ServerState.java:close(394)) - fd3cd5f9-4f1c-43ea-91b1-b85a1f6c3825:group-B51869680CF2 closes. The last applied log index is -1
2019-09-20 09:27:10,424 [871e6485-c22a-483f-9e07-d19e754685be:group-251E202153EF:LeaderElection104] INFO  server.RaftServerConfigKeys (ConfUtils.java:logGet(43)) - raft.server.watch.element-limit = 65536 (default)
2019-09-20 09:27:10,423 [492ed782-6ab3-4ad9-945e-06def6ac7c96-SegmentedRaftLogWorker:Storage Directory /workdir/hadoop-ozone/integration-test/target/test-dir/MiniOzoneClusterImpl-a33d77e5-464b-4d19-8e6b-a171e580bf0e/datanode-2/data/ratis/345b7b41-6102-4286-98ac-0b991f8144c1] INFO  impl.PendingRequests (PendingRequests.java:sendNotLeaderResponses(202)) - 492ed782-6ab3-4ad9-945e-06def6ac7c96-PendingRequests: sendNotLeaderResponses
2019-09-20 09:27:10,423 [4840c00f-91d3-4881-a20b-4d0486ca97c0-SegmentedRaftLogWorker:Storage Directory /workdir/hadoop-ozone/integration-test/target/test-dir/MiniOzoneClusterImpl-a33d77e5-464b-4d19-8e6b-a171e580bf0e/datanode-3/data/ratis/83c24053-66f6-40d0-a02a-8c447c5d0f75] INFO  impl.StateMachineUpdater (StateMachineUpdater.java:stopAndJoin(115)) - StateMachineUpdater:4840c00f-91d3-4881-a20b-4d0486ca97c0:group-8C447C5D0F75: set stopIndex = -1
2019-09-20 09:27:10,423 [dc7f40a9-6782-42c4-abab-c6b1682da047-SegmentedRaftLogWorker:Storage Directory /workdir/hadoop-ozone/integration-test/target/test-dir/MiniOzoneClusterImpl-a33d77e5-464b-4d19-8e6b-a171e580bf0e/datanode-5/data/ratis/d8d7645d-99c2-48a5-adaf-f88c76bc901d] INFO  impl.StateMachineUpdater (StateMachineUpdater.java:stopAndJoin(115)) - StateMachineUpdater:dc7f40a9-6782-42c4-abab-c6b1682da047:group-F88C76BC901D: set stopIndex = -1
2019-09-20 09:27:10,997 [dc7f40a9-6782-42c4-abab-c6b1682da047-SegmentedRaftLogWorker:Storage Directory /workdir/hadoop-ozone/integration-test/target/test-dir/MiniOzoneClusterImpl-a33d77e5-464b-4d19-8e6b-a171e580bf0e/datanode-5/data/ratis/d8d7645d-99c2-48a5-adaf-f88c76bc901d] INFO  impl.RaftServerImpl (ServerState.java:close(394)) - dc7f40a9-6782-42c4-abab-c6b1682da047:group-F88C76BC901D closes. The last applied log index is -1
2019-09-20 09:27:10,423 [492ed782-6ab3-4ad9-945e-06def6ac7c96-SegmentedRaftLogWorker:Storage Directory /workdir/hadoop-ozone/integration-test/target/test-dir/MiniOzoneClusterImpl-a33d77e5-464b-4d19-8e6b-a171e580bf0e/datanode-2/data/ratis/10be2d40-6e5c-4b4e-9a33-371618af92d0] INFO  impl.StateMachineUpdater (StateMachineUpdater.java:stopAndJoin(115)) - StateMachineUpdater:492ed782-6ab3-4ad9-945e-06def6ac7c96:group-371618AF92D0: set stopIndex = -1
2019-09-20 09:27:10,423 [4840c00f-91d3-4881-a20b-4d0486ca97c0-SegmentedRaftLogWorker:Storage Directory /workdir/hadoop-ozone/integration-test/target/test-dir/MiniOzoneClusterImpl-a33d77e5-464b-4d19-8e6b-a171e580bf0e/datanode-3/data/ratis/bdf1106b-96d4-4244-8ed0-1748bb481d0c] INFO  impl.PendingRequests (PendingRequests.java:sendNotLeaderResponses(202)) - 4840c00f-91d3-4881-a20b-4d0486ca97c0-PendingRequests: sendNotLeaderResponses
2019-09-20 09:27:10,423 [fd3cd5f9-4f1c-43ea-91b1-b85a1f6c3825-SegmentedRaftLogWorker:Storage Directory /workdir/hadoop-ozone/integration-test/target/test-dir/MiniOzoneClusterImpl-a33d77e5-464b-4d19-8e6b-a171e580bf0e/datanode-1/data/ratis/b7807c9d-8f95-4f8f-b38a-12b3faed76d7] INFO  segmented.SegmentedRaftLogWorker (SegmentedRaftLogWorker.java:close(228)) - fd3cd5f9-4f1c-43ea-91b1-b85a1f6c3825-SegmentedRaftLogWorker:Storage Directory /workdir/hadoop-ozone/integration-test/target/test-dir/MiniOzoneClusterImpl-a33d77e5-464b-4d19-8e6b-a171e580bf0e/datanode-1/data/ratis/b7807c9d-8f95-4f8f-b38a-12b3faed76d7 close()
2019-09-20 09:27:10,423 [EventQueue-PipelineActionsForPipelineActionHandler] ERROR pipeline.PipelineActionHandler (PipelineActionHandler.java:onMessage(60)) - Received pipeline action CLOSE for Pipeline[ Id: da33001c-f13c-48a6-bcef-eb665916b604, Nodes: 871e6485-c22a-483f-9e07-d19e754685be{ip: 192.168.36.99, host: pr-hdds-1569-p5fx8-1226042367, networkLocation: /default-rack, certSerialId: null}, Type:RATIS, Factor:ONE, State:OPEN] from datanode 871e6485-c22a-483f-9e07-d19e754685be{ip: 192.168.36.99, host: pr-hdds-1569-p5fx8-1226042367, networkLocation: /default-rack, certSerialId: null}. Reason : 871e6485-c22a-483f-9e07-d19e754685be is in candidate state for 11797ms
2019-09-20 09:27:10,422 [02b93e76-e4c6-4b67-b8a4-c536d9ab7224:group-6193B43AE77D:LeaderElection91] INFO  segmented.SegmentedRaftLogWorker (SegmentedRaftLogWorker.java:startLogSegment(380)) - 02b93e76-e4c6-4b67-b8a4-c536d9ab7224-SegmentedRaftLogWorker:Storage Directory /workdir/hadoop-ozone/integration-test/target/test-dir/MiniOzoneClusterImpl-a33d77e5-464b-4d19-8e6b-a171e580bf0e/datanode-0/data/ratis/835ae1a7-52b3-454b-9057-6193b43ae77d: Starting segment from index:0
2019-09-20 09:27:11,002 [EventQueue-PipelineActionsForPipelineActionHandler] INFO  pipeline.SCMPipelineManager (SCMPipelineManager.java:finalizeAndDestroyPipeline(311)) - destroying pipeline:Pipeline[ Id: da33001c-f13c-48a6-bcef-eb665916b604, Nodes: 871e6485-c22a-483f-9e07-d19e754685be{ip: 192.168.36.99, host: pr-hdds-1569-p5fx8-1226042367, networkLocation: /default-rack, certSerialId: null}, Type:RATIS, Factor:ONE, State:OPEN]
2019-09-20 09:27:10,997 [4840c00f-91d3-4881-a20b-4d0486ca97c0-SegmentedRaftLogWorker:Storage Directory /workdir/hadoop-ozone/integration-test/target/test-dir/MiniOzoneClusterImpl-a33d77e5-464b-4d19-8e6b-a171e580bf0e/datanode-3/data/ratis/bdf1106b-96d4-4244-8ed0-1748bb481d0c] INFO  impl.StateMachineUpdater (StateMachineUpdater.java:stopAndJoin(115)) - StateMachineUpdater:4840c00f-91d3-4881-a20b-4d0486ca97c0:group-1748BB481D0C: set stopIndex = -1
2019-09-20 09:27:11,267 [4840c00f-91d3-4881-a20b-4d0486ca97c0-SegmentedRaftLogWorker:Storage Directory /workdir/hadoop-ozone/integration-test/target/test-dir/MiniOzoneClusterImpl-a33d77e5-464b-4d19-8e6b-a171e580bf0e/datanode-3/data/ratis/bdf1106b-96d4-4244-8ed0-1748bb481d0c] INFO  impl.RaftServerImpl (ServerState.java:close(394)) - 4840c00f-91d3-4881-a20b-4d0486ca97c0:group-1748BB481D0C closes. The last applied log index is -1
2019-09-20 09:27:10,997 [492ed782-6ab3-4ad9-945e-06def6ac7c96-SegmentedRaftLogWorker:Storage Directory /workdir/hadoop-ozone/integration-test/target/test-dir/MiniOzoneClusterImpl-a33d77e5-464b-4d19-8e6b-a171e580bf0e/datanode-2/data/ratis/10be2d40-6e5c-4b4e-9a33-371618af92d0] INFO  impl.RaftServerImpl (ServerState.java:close(394)) - 492ed782-6ab3-4ad9-945e-06def6ac7c96:group-371618AF92D0 closes. The last applied log index is -1
2019-09-20 09:27:10,997 [dc7f40a9-6782-42c4-abab-c6b1682da047-SegmentedRaftLogWorker:Storage Directory /workdir/hadoop-ozone/integration-test/target/test-dir/MiniOzoneClusterImpl-a33d77e5-464b-4d19-8e6b-a171e580bf0e/datanode-5/data/ratis/d8d7645d-99c2-48a5-adaf-f88c76bc901d] INFO  segmented.SegmentedRaftLogWorker (SegmentedRaftLogWorker.java:close(228)) - dc7f40a9-6782-42c4-abab-c6b1682da047-SegmentedRaftLogWorker:Storage Directory /workdir/hadoop-ozone/integration-test/target/test-dir/MiniOzoneClusterImpl-a33d77e5-464b-4d19-8e6b-a171e580bf0e/datanode-5/data/ratis/d8d7645d-99c2-48a5-adaf-f88c76bc901d close()
2019-09-20 09:27:10,996 [4840c00f-91d3-4881-a20b-4d0486ca97c0-SegmentedRaftLogWorker:Storage Directory /workdir/hadoop-ozone/integration-test/target/test-dir/MiniOzoneClusterImpl-a33d77e5-464b-4d19-8e6b-a171e580bf0e/datanode-3/data/ratis/83c24053-66f6-40d0-a02a-8c447c5d0f75] INFO  impl.RaftServerImpl (ServerState.java:close(394)) - 4840c00f-91d3-4881-a20b-4d0486ca97c0:group-8C447C5D0F75 closes. The last applied log index is -1
2019-09-20 09:27:10,996 [492ed782-6ab3-4ad9-945e-06def6ac7c96-SegmentedRaftLogWorker:Storage Directory /workdir/hadoop-ozone/integration-test/target/test-dir/MiniOzoneClusterImpl-a33d77e5-464b-4d19-8e6b-a171e580bf0e/datanode-2/data/ratis/345b7b41-6102-4286-98ac-0b991f8144c1] INFO  impl.StateMachineUpdater (StateMachineUpdater.java:stopAndJoin(115)) - StateMachineUpdater:492ed782-6ab3-4ad9-945e-06def6ac7c96:group-0B991F8144C1: set stopIndex = -1
2019-09-20 09:27:10,996 [871e6485-c22a-483f-9e07-d19e754685be:group-251E202153EF:LeaderElection104] INFO  impl.RoleInfo (RoleInfo.java:updateAndGet(143)) - 871e6485-c22a-483f-9e07-d19e754685be: start LeaderState
2019-09-20 09:27:10,996 [fd3cd5f9-4f1c-43ea-91b1-b85a1f6c3825-SegmentedRaftLogWorker:Storage Directory /workdir/hadoop-ozone/integration-test/target/test-dir/MiniOzoneClusterImpl-a33d77e5-464b-4d19-8e6b-a171e580bf0e/datanode-1/data/ratis/bee225f1-cde6-4a6d-8fcd-b51869680cf2] INFO  segmented.SegmentedRaftLogWorker (SegmentedRaftLogWorker.java:close(228)) - fd3cd5f9-4f1c-43ea-91b1-b85a1f6c3825-SegmentedRaftLogWorker:Storage Directory /workdir/hadoop-ozone/integration-test/target/test-dir/MiniOzoneClusterImpl-a33d77e5-464b-4d19-8e6b-a171e580bf0e/datanode-1/data/ratis/bee225f1-cde6-4a6d-8fcd-b51869680cf2 close()
2019-09-20 09:27:10,996 [492ed782-6ab3-4ad9-945e-06def6ac7c96:group-7DB849C7BA05:LeaderElection99] INFO  segmented.SegmentedRaftLogWorker (SegmentedRaftLogWorker.java:startLogSegment(380)) - 492ed782-6ab3-4ad9-945e-06def6ac7c96-SegmentedRaftLogWorker:Storage Directory /workdir/hadoop-ozone/integration-test/target/test-dir/MiniOzoneClusterImpl-a33d77e5-464b-4d19-8e6b-a171e580bf0e/datanode-2/data/ratis/f262f600-4cd0-48f1-939b-7db849c7ba05: Starting segment from index:0
2019-09-20 09:27:10,996 [02b93e76-e4c6-4b67-b8a4-c536d9ab7224-SegmentedRaftLogWorker:Storage Directory /workdir/hadoop-ozone/integration-test/target/test-dir/MiniOzoneClusterImpl-a33d77e5-464b-4d19-8e6b-a171e580bf0e/datanode-0/data/ratis/6a88d884-846a-4444-9652-b9203607ae95] ERROR segmented.SegmentedRaftLogWorker (SegmentedRaftLogWorker.java:run(323)) - 02b93e76-e4c6-4b67-b8a4-c536d9ab7224-SegmentedRaftLogWorker:Storage Directory /workdir/hadoop-ozone/integration-test/target/test-dir/MiniOzoneClusterImpl-a33d77e5-464b-4d19-8e6b-a171e580bf0e/datanode-0/data/ratis/6a88d884-846a-4444-9652-b9203607ae95 hit exception
java.lang.OutOfMemoryError: Direct buffer memory
	at java.nio.Bits.reserveMemory(Bits.java:666)
	at java.nio.DirectByteBuffer.<init>(DirectByteBuffer.java:123)
	at java.nio.ByteBuffer.allocateDirect(ByteBuffer.java:311)
	at org.apache.ratis.server.raftlog.segmented.BufferedWriteChannel.<init>(BufferedWriteChannel.java:41)
	at org.apache.ratis.server.raftlog.segmented.SegmentedRaftLogOutputStream.<init>(SegmentedRaftLogOutputStream.java:72)
	at org.apache.ratis.server.raftlog.segmented.SegmentedRaftLogWorker$StartLogSegment.execute(SegmentedRaftLogWorker.java:566)
	at org.apache.ratis.server.raftlog.segmented.SegmentedRaftLogWorker.run(SegmentedRaftLogWorker.java:289)
	at java.lang.Thread.run(Thread.java:748)
2019-09-20 09:27:10,995 [pool-71-thread-1] INFO  server.RaftServerConfigKeys (ConfUtils.java:logGet(43)) - raft.server.log.segment.cache.num.max = 2 (custom)
2019-09-20 09:27:10,995 [pool-27-thread-1] INFO  server.RaftServerConfigKeys (ConfUtils.java:logGet(43)) - raft.server.log.purge.gap = 1000000 (custom)
2019-09-20 09:27:10,995 [pool-38-thread-1] INFO  impl.RoleInfo (RoleInfo.java:updateAndGet(143)) - fd3cd5f9-4f1c-43ea-91b1-b85a1f6c3825: start FollowerState
2019-09-20 09:27:11,509 | INFO  | SCMAudit | user=jenkins1000 | ip=192.168.36.99 | op=SEND_HEARTBEAT {datanodeUUID=4840c00f-91d3-4881-a20b-4d0486ca97c0, command=[]} | ret=SUCCESS |  
2019-09-20 09:27:10,995 [Thread-543] ERROR ratis.XceiverServerRatis (XceiverServerRatis.java:triggerPipelineClose(561)) - pipeline Action CLOSE  on pipeline PipelineID=c7f74498-9bf5-4c81-b684-4f3b7e02669b.Reason : 02b93e76-e4c6-4b67-b8a4-c536d9ab7224 is in candidate state for 11560ms
2019-09-20 09:27:11,510 | INFO  | SCMAudit | user=jenkins1000 | ip=192.168.36.99 | op=SEND_HEARTBEAT {datanodeUUID=02b93e76-e4c6-4b67-b8a4-c536d9ab7224, command=[]} | ret=SUCCESS |  
2019-09-20 09:27:11,510 | INFO  | SCMAudit | user=jenkins1000 | ip=192.168.36.99 | op=SEND_HEARTBEAT {datanodeUUID=871e6485-c22a-483f-9e07-d19e754685be, command=[]} | ret=SUCCESS |  
2019-09-20 09:27:11,510 | INFO  | SCMAudit | user=jenkins1000 | ip=192.168.36.99 | op=SEND_HEARTBEAT {datanodeUUID=492ed782-6ab3-4ad9-945e-06def6ac7c96, command=[]} | ret=SUCCESS |  
2019-09-20 09:27:10,992 [pool-60-thread-1] INFO  server.RaftServerConfigKeys (ConfUtils.java:logGet(43)) - raft.server.log.use.memory = false (default)
2019-09-20 09:27:10,992 [4840c00f-91d3-4881-a20b-4d0486ca97c0-SegmentedRaftLogWorker:Storage Directory /workdir/hadoop-ozone/integration-test/target/test-dir/MiniOzoneClusterImpl-a33d77e5-464b-4d19-8e6b-a171e580bf0e/datanode-3/data/ratis/e939727f-ea19-424b-845a-0216f39d9076] INFO  util.JmxRegister (JmxRegister.java:unregister(73)) - Successfully un-registered JMX Bean with object name Ratis:service=RaftServer,group=group-0216F39D9076,id=4840c00f-91d3-4881-a20b-4d0486ca97c0
2019-09-20 09:27:10,991 [pool-49-thread-1] INFO  server.RaftServerConfigKeys (ConfUtils.java:logGet(43)) - raft.server.rpc.timeout.min = 5s (custom)
2019-09-20 09:27:10,991 [492ed782-6ab3-4ad9-945e-06def6ac7c96-SegmentedRaftLogWorker:Storage Directory /workdir/hadoop-ozone/integration-test/target/test-dir/MiniOzoneClusterImpl-a33d77e5-464b-4d19-8e6b-a171e580bf0e/datanode-2/data/ratis/b425bb77-719f-4734-9c20-d9dfd2faa041] INFO  util.JmxRegister (JmxRegister.java:unregister(73)) - Successfully un-registered JMX Bean with object name Ratis:service=RaftServer,group=group-D9DFD2FAA041,id=492ed782-6ab3-4ad9-945e-06def6ac7c96
2019-09-20 09:27:10,991 [871e6485-c22a-483f-9e07-d19e754685be-SegmentedRaftLogWorker:Storage Directory /workdir/hadoop-ozone/integration-test/target/test-dir/MiniOzoneClusterImpl-a33d77e5-464b-4d19-8e6b-a171e580bf0e/datanode-4/data/ratis/6cfb6e6d-8cca-4605-9a44-f286cd3dd3b8] INFO  impl.PendingRequests (PendingRequests.java:sendNotLeaderResponses(202)) - 871e6485-c22a-483f-9e07-d19e754685be-PendingRequests: sendNotLeaderResponses
2019-09-20 09:27:10,991 [492ed782-6ab3-4ad9-945e-06def6ac7c96:group-6EDD1D14131D:LeaderElection97] INFO  impl.RoleInfo (RoleInfo.java:updateAndGet(143)) - 492ed782-6ab3-4ad9-945e-06def6ac7c96: start LeaderState
2019-09-20 09:27:10,990 [492ed782-6ab3-4ad9-945e-06def6ac7c96:group-E1A3C09B18D1:LeaderElection110] INFO  impl.RaftServerImpl (ServerState.java:setLeader(263)) - 492ed782-6ab3-4ad9-945e-06def6ac7c96:group-E1A3C09B18D1 change Leader from null to 492ed782-6ab3-4ad9-945e-06def6ac7c96 at term 1 for becomeLeader, leader elected after 13096ms
2019-09-20 09:27:10,990 [492ed782-6ab3-4ad9-945e-06def6ac7c96:group-B7AE4E66783D:LeaderElection112] INFO  impl.RaftServerImpl (RaftServerImpl.java:setRole(171)) - 492ed782-6ab3-4ad9-945e-06def6ac7c96:group-B7AE4E66783D changes role from CANDIDATE to LEADER at term 1 for changeToLeader
2019-09-20 09:27:10,990 [871e6485-c22a-483f-9e07-d19e754685be:group-EB665916B604:LeaderElection111] INFO  impl.RaftServerImpl (ServerState.java:setLeader(263)) - 871e6485-c22a-483f-9e07-d19e754685be:group-EB665916B604 change Leader from null to 871e6485-c22a-483f-9e07-d19e754685be at term 1 for becomeLeader, leader elected after 13941ms
2019-09-20 09:27:10,989 [871e6485-c22a-483f-9e07-d19e754685be:group-0FA20B5362B8:LeaderElection108] INFO  impl.RaftServerImpl (RaftServerImpl.java:setRole(171)) - 871e6485-c22a-483f-9e07-d19e754685be:group-0FA20B5362B8 changes role from CANDIDATE to LEADER at term 1 for changeToLeader
2019-09-20 09:27:11,512 [871e6485-c22a-483f-9e07-d19e754685be:group-0FA20B5362B8:LeaderElection108] INFO  impl.RaftServerImpl (ServerState.java:setLeader(263)) - 871e6485-c22a-483f-9e07-d19e754685be:group-0FA20B5362B8 change Leader from null to 871e6485-c22a-483f-9e07-d19e754685be at term 1 for becomeLeader, leader elected after 14623ms
2019-09-20 09:27:10,989 [871e6485-c22a-483f-9e07-d19e754685be:group-6FE48D9F1AE6:LeaderElection109] INFO  impl.RaftServerImpl (ServerState.java:setLeader(263)) - 871e6485-c22a-483f-9e07-d19e754685be:group-6FE48D9F1AE6 change Leader from null to 871e6485-c22a-483f-9e07-d19e754685be at term 1 for becomeLeader, leader elected after 13246ms
2019-09-20 09:27:10,989 [02b93e76-e4c6-4b67-b8a4-c536d9ab7224:group-ACD147FE56E3:LeaderElection107] INFO  server.RaftServerConfigKeys (ConfUtils.java:logGet(43)) - raft.server.write.element-limit = 4096 (default)
2019-09-20 09:27:10,989 [grpc-default-executor-0] INFO  impl.RaftServerProxy (RaftServerProxy.java:addNew(89)) - 871e6485-c22a-483f-9e07-d19e754685be: addNew group-80E08822C518:[871e6485-c22a-483f-9e07-d19e754685be:192.168.36.99:41076, 02b93e76-e4c6-4b67-b8a4-c536d9ab7224:192.168.36.99:39343, 492ed782-6ab3-4ad9-945e-06def6ac7c96:192.168.36.99:32835] returns group-80E08822C518:java.util.concurrent.CompletableFuture@75068d43[Not completed]
2019-09-20 09:27:10,989 [02b93e76-e4c6-4b67-b8a4-c536d9ab7224:group-6F492938606B:LeaderElection106] INFO  impl.RaftServerImpl (ServerState.java:setRaftConf(361)) - 02b93e76-e4c6-4b67-b8a4-c536d9ab7224:group-6F492938606B set configuration 0: [02b93e76-e4c6-4b67-b8a4-c536d9ab7224:192.168.36.99:39343], old=null at 0
2019-09-20 09:27:10,750 [4840c00f-91d3-4881-a20b-4d0486ca97c0-SegmentedRaftLogWorker:Storage Directory /workdir/hadoop-ozone/integration-test/target/test-dir/MiniOzoneClusterImpl-a33d77e5-464b-4d19-8e6b-a171e580bf0e/datanode-3/data/ratis/b5c515ee-40b4-4eb7-aa79-0f9565c0c9c7] INFO  impl.PendingRequests (PendingRequests.java:sendNotLeaderResponses(202)) - 4840c00f-91d3-4881-a20b-4d0486ca97c0-PendingRequests: sendNotLeaderResponses
2019-09-20 09:27:10,750 [02b93e76-e4c6-4b67-b8a4-c536d9ab7224:group-45895A567D29:LeaderElection103] INFO  impl.RoleInfo (RoleInfo.java:updateAndGet(143)) - 02b93e76-e4c6-4b67-b8a4-c536d9ab7224: start LeaderState
2019-09-20 09:27:10,750 [492ed782-6ab3-4ad9-945e-06def6ac7c96:group-DBC605E3E4FA:LeaderElection102] INFO  impl.RoleInfo (RoleInfo.java:updateAndGet(143)) - 492ed782-6ab3-4ad9-945e-06def6ac7c96: start LeaderState
2019-09-20 09:27:10,750 [grpc-default-executor-2] INFO  impl.RaftServerProxy (RaftServerProxy.java:addNew(89)) - 02b93e76-e4c6-4b67-b8a4-c536d9ab7224: addNew group-80E08822C518:[871e6485-c22a-483f-9e07-d19e754685be:192.168.36.99:41076, 02b93e76-e4c6-4b67-b8a4-c536d9ab7224:192.168.36.99:39343, 492ed782-6ab3-4ad9-945e-06def6ac7c96:192.168.36.99:32835] returns group-80E08822C518:java.util.concurrent.CompletableFuture@7ee0ef2c[Not completed]
2019-09-20 09:27:10,750 [492ed782-6ab3-4ad9-945e-06def6ac7c96:group-DEE5CB996035:LeaderElection105] INFO  server.RaftServerConfigKeys (ConfUtils.java:logGet(43)) - raft.server.watch.element-limit = 65536 (default)
2019-09-20 09:27:10,750 [fd3cd5f9-4f1c-43ea-91b1-b85a1f6c3825:group-140670C34868:LeaderElection101] INFO  segmented.SegmentedRaftLogWorker (SegmentedRaftLogWorker.java:startLogSegment(380)) - fd3cd5f9-4f1c-43ea-91b1-b85a1f6c3825-SegmentedRaftLogWorker:Storage Directory /workdir/hadoop-ozone/integration-test/target/test-dir/MiniOzoneClusterImpl-a33d77e5-464b-4d19-8e6b-a171e580bf0e/datanode-1/data/ratis/99b7d130-7675-4c6e-b443-140670c34868: Starting segment from index:0
2019-09-20 09:27:10,750 [02b93e76-e4c6-4b67-b8a4-c536d9ab7224-SegmentedRaftLogWorker:Storage Directory /workdir/hadoop-ozone/integration-test/target/test-dir/MiniOzoneClusterImpl-a33d77e5-464b-4d19-8e6b-a171e580bf0e/datanode-0/data/ratis/99a2975e-81a6-448e-954a-e4b357f9360e] INFO  impl.StateMachineUpdater (StateMachineUpdater.java:stopAndJoin(115)) - StateMachineUpdater:02b93e76-e4c6-4b67-b8a4-c536d9ab7224:group-E4B357F9360E: set stopIndex = -1
2019-09-20 09:27:11,514 [492ed782-6ab3-4ad9-945e-06def6ac7c96:group-DEE5CB996035:LeaderElection105] INFO  impl.RoleInfo (RoleInfo.java:updateAndGet(143)) - 492ed782-6ab3-4ad9-945e-06def6ac7c96: start LeaderState
2019-09-20 09:27:11,514 [492ed782-6ab3-4ad9-945e-06def6ac7c96:group-DBC605E3E4FA:LeaderElection102] INFO  segmented.SegmentedRaftLogWorker (SegmentedRaftLogWorker.java:startLogSegment(380)) - 492ed782-6ab3-4ad9-945e-06def6ac7c96-SegmentedRaftLogWorker:Storage Directory /workdir/hadoop-ozone/integration-test/target/test-dir/MiniOzoneClusterImpl-a33d77e5-464b-4d19-8e6b-a171e580bf0e/datanode-2/data/ratis/2e81f47e-b7b0-4b34-a7c0-dbc605e3e4fa: Starting segment from index:0
2019-09-20 09:27:11,513 [02b93e76-e4c6-4b67-b8a4-c536d9ab7224:group-45895A567D29:LeaderElection103] INFO  segmented.SegmentedRaftLogWorker (SegmentedRaftLogWorker.java:startLogSegment(380)) - 02b93e76-e4c6-4b67-b8a4-c536d9ab7224-SegmentedRaftLogWorker:Storage Directory /workdir/hadoop-ozone/integration-test/target/test-dir/MiniOzoneClusterImpl-a33d77e5-464b-4d19-8e6b-a171e580bf0e/datanode-0/data/ratis/326e641a-40f6-4bac-b1fa-45895a567d29: Starting segment from index:0
2019-09-20 09:27:11,513 [4840c00f-91d3-4881-a20b-4d0486ca97c0-SegmentedRaftLogWorker:Storage Directory /workdir/hadoop-ozone/integration-test/target/test-dir/MiniOzoneClusterImpl-a33d77e5-464b-4d19-8e6b-a171e580bf0e/datanode-3/data/ratis/b5c515ee-40b4-4eb7-aa79-0f9565c0c9c7] INFO  impl.StateMachineUpdater (StateMachineUpdater.java:stopAndJoin(115)) - StateMachineUpdater:4840c00f-91d3-4881-a20b-4d0486ca97c0:group-0F9565C0C9C7: set stopIndex = -1
2019-09-20 09:27:11,793 [492ed782-6ab3-4ad9-945e-06def6ac7c96:group-DBC605E3E4FA:LeaderElection102] INFO  impl.RaftServerImpl (ServerState.java:setRaftConf(361)) - 492ed782-6ab3-4ad9-945e-06def6ac7c96:group-DBC605E3E4FA set configuration 0: [492ed782-6ab3-4ad9-945e-06def6ac7c96:192.168.36.99:32835], old=null at 0
2019-09-20 09:27:11,512 [02b93e76-e4c6-4b67-b8a4-c536d9ab7224:group-ACD147FE56E3:LeaderElection107] INFO  server.RaftServerConfigKeys (ConfUtils.java:logGet(43)) - raft.server.watch.timeout = 10s (default)
2019-09-20 09:27:11,512 [871e6485-c22a-483f-9e07-d19e754685be:group-6FE48D9F1AE6:LeaderElection109] INFO  server.RaftServerConfigKeys (ConfUtils.java:logGet(43)) - raft.server.staging.catchup.gap = 1000 (default)
2019-09-20 09:27:11,512 [871e6485-c22a-483f-9e07-d19e754685be:group-0FA20B5362B8:LeaderElection108] INFO  server.RaftServerConfigKeys (ConfUtils.java:logGet(43)) - raft.server.staging.catchup.gap = 1000 (default)
2019-09-20 09:27:12,277 | INFO  | SCMAudit | user=jenkins1000 | ip=192.168.36.99 | op=SEND_HEARTBEAT {datanodeUUID=dc7f40a9-6782-42c4-abab-c6b1682da047, command=[]} | ret=SUCCESS |  
2019-09-20 09:27:12,277 | INFO  | SCMAudit | user=jenkins1000 | ip=192.168.36.99 | op=SEND_HEARTBEAT {datanodeUUID=fd3cd5f9-4f1c-43ea-91b1-b85a1f6c3825, command=[]} | ret=SUCCESS |  
2019-09-20 09:27:11,511 [871e6485-c22a-483f-9e07-d19e754685be:group-EB665916B604:LeaderElection111] INFO  server.RaftServerConfigKeys (ConfUtils.java:logGet(43)) - raft.server.staging.catchup.gap = 1000 (default)
2019-09-20 09:27:12,277 [871e6485-c22a-483f-9e07-d19e754685be:group-EB665916B604:LeaderElection111] INFO  server.RaftServerConfigKeys (ConfUtils.java:logGet(43)) - raft.server.rpc.sleep.time = 25ms (default)
2019-09-20 09:27:11,511 [492ed782-6ab3-4ad9-945e-06def6ac7c96:group-B7AE4E66783D:LeaderElection112] INFO  impl.RaftServerImpl (ServerState.java:setLeader(263)) - 492ed782-6ab3-4ad9-945e-06def6ac7c96:group-B7AE4E66783D change Leader from null to 492ed782-6ab3-4ad9-945e-06def6ac7c96 at term 1 for becomeLeader, leader elected after 14535ms
2019-09-20 09:27:11,511 [492ed782-6ab3-4ad9-945e-06def6ac7c96:group-E1A3C09B18D1:LeaderElection110] INFO  server.RaftServerConfigKeys (ConfUtils.java:logGet(43)) - raft.server.staging.catchup.gap = 1000 (default)
2019-09-20 09:27:11,511 [492ed782-6ab3-4ad9-945e-06def6ac7c96:group-6EDD1D14131D:LeaderElection97] INFO  segmented.SegmentedRaftLogWorker (SegmentedRaftLogWorker.java:startLogSegment(380)) - 492ed782-6ab3-4ad9-945e-06def6ac7c96-SegmentedRaftLogWorker:Storage Directory /workdir/hadoop-ozone/integration-test/target/test-dir/MiniOzoneClusterImpl-a33d77e5-464b-4d19-8e6b-a171e580bf0e/datanode-2/data/ratis/24e50659-fe05-42b8-9928-6edd1d14131d: Starting segment from index:0
2019-09-20 09:27:11,511 [871e6485-c22a-483f-9e07-d19e754685be-SegmentedRaftLogWorker:Storage Directory /workdir/hadoop-ozone/integration-test/target/test-dir/MiniOzoneClusterImpl-a33d77e5-464b-4d19-8e6b-a171e580bf0e/datanode-4/data/ratis/6cfb6e6d-8cca-4605-9a44-f286cd3dd3b8] INFO  impl.StateMachineUpdater (StateMachineUpdater.java:stopAndJoin(115)) - StateMachineUpdater:871e6485-c22a-483f-9e07-d19e754685be:group-F286CD3DD3B8: set stopIndex = -1
2019-09-20 09:27:11,510 [492ed782-6ab3-4ad9-945e-06def6ac7c96-SegmentedRaftLogWorker:Storage Directory /workdir/hadoop-ozone/integration-test/target/test-dir/MiniOzoneClusterImpl-a33d77e5-464b-4d19-8e6b-a171e580bf0e/datanode-2/data/ratis/b425bb77-719f-4734-9c20-d9dfd2faa041] INFO  impl.RoleInfo (RoleInfo.java:shutdownLeaderState(104)) - 492ed782-6ab3-4ad9-945e-06def6ac7c96: shutdown LeaderState
2019-09-20 09:27:11,510 [pool-49-thread-1] INFO  server.RaftServerConfigKeys (ConfUtils.java:logGet(43)) - raft.server.rpc.timeout.max = 5200ms (custom)
2019-09-20 09:27:12,499 [492ed782-6ab3-4ad9-945e-06def6ac7c96:group-6EDD1D14131D:LeaderElection97] INFO  impl.RaftServerImpl (ServerState.java:setRaftConf(361)) - 492ed782-6ab3-4ad9-945e-06def6ac7c96:group-6EDD1D14131D set configuration 0: [492ed782-6ab3-4ad9-945e-06def6ac7c96:192.168.36.99:32835], old=null at 0
2019-09-20 09:27:11,510 [4840c00f-91d3-4881-a20b-4d0486ca97c0-SegmentedRaftLogWorker:Storage Directory /workdir/hadoop-ozone/integration-test/target/test-dir/MiniOzoneClusterImpl-a33d77e5-464b-4d19-8e6b-a171e580bf0e/datanode-3/data/ratis/e939727f-ea19-424b-845a-0216f39d9076] INFO  impl.RoleInfo (RoleInfo.java:shutdownLeaderState(104)) - 4840c00f-91d3-4881-a20b-4d0486ca97c0: shutdown LeaderState
2019-09-20 09:27:11,510 [pool-60-thread-1] INFO  server.RaftServerConfigKeys (ConfUtils.java:logGet(43)) - raft.server.log.purge.gap = 1000000 (custom)
2019-09-20 09:27:11,510 [pool-38-thread-1] INFO  util.JmxRegister (JmxRegister.java:tryRegister(44)) - Successfully registered JMX Bean with object name Ratis:service=RaftServer,group=group-B2B5EDE21C69,id=fd3cd5f9-4f1c-43ea-91b1-b85a1f6c3825
2019-09-20 09:27:11,510 [Thread-543] INFO  impl.RoleInfo (RoleInfo.java:updateAndGet(143)) - 02b93e76-e4c6-4b67-b8a4-c536d9ab7224: start LeaderElection
2019-09-20 09:27:11,509 [pool-27-thread-1] INFO  server.RaftServerConfigKeys (ConfUtils.java:logGet(43)) - raft.server.log.appender.buffer.byte-limit = 33554432 (custom)
2019-09-20 09:27:11,509 [pool-71-thread-1] INFO  segmented.SegmentedRaftLogWorker (SegmentedRaftLogWorker.java:<init>(172)) - new 871e6485-c22a-483f-9e07-d19e754685be-SegmentedRaftLogWorker:Storage Directory /workdir/hadoop-ozone/integration-test/target/test-dir/MiniOzoneClusterImpl-a33d77e5-464b-4d19-8e6b-a171e580bf0e/datanode-4/data/ratis/11c0d268-50d7-478a-8c7c-37c7f6d04707 for RaftStorage:Storage Directory /workdir/hadoop-ozone/integration-test/target/test-dir/MiniOzoneClusterImpl-a33d77e5-464b-4d19-8e6b-a171e580bf0e/datanode-4/data/ratis/11c0d268-50d7-478a-8c7c-37c7f6d04707
2019-09-20 09:27:11,280 [492ed782-6ab3-4ad9-945e-06def6ac7c96:group-7DB849C7BA05:LeaderElection99] INFO  impl.RaftServerImpl (ServerState.java:setRaftConf(361)) - 492ed782-6ab3-4ad9-945e-06def6ac7c96:group-7DB849C7BA05 set configuration 0: [492ed782-6ab3-4ad9-945e-06def6ac7c96:192.168.36.99:32835], old=null at 0
2019-09-20 09:27:11,280 [02b93e76-e4c6-4b67-b8a4-c536d9ab7224-SegmentedRaftLogWorker:Storage Directory /workdir/hadoop-ozone/integration-test/target/test-dir/MiniOzoneClusterImpl-a33d77e5-464b-4d19-8e6b-a171e580bf0e/datanode-0/data/ratis/6a88d884-846a-4444-9652-b9203607ae95] INFO  impl.RaftServerImpl (RaftServerImpl.java:lambda$shutdown$3(245)) - 02b93e76-e4c6-4b67-b8a4-c536d9ab7224: shutdown group-B9203607AE95
2019-09-20 09:27:11,280 [871e6485-c22a-483f-9e07-d19e754685be:group-251E202153EF:LeaderElection104] INFO  segmented.SegmentedRaftLogWorker (SegmentedRaftLogWorker.java:startLogSegment(380)) - 871e6485-c22a-483f-9e07-d19e754685be-SegmentedRaftLogWorker:Storage Directory /workdir/hadoop-ozone/integration-test/target/test-dir/MiniOzoneClusterImpl-a33d77e5-464b-4d19-8e6b-a171e580bf0e/datanode-4/data/ratis/5c6af080-9448-4f2b-85bc-251e202153ef: Starting segment from index:0
2019-09-20 09:27:11,280 [4840c00f-91d3-4881-a20b-4d0486ca97c0-SegmentedRaftLogWorker:Storage Directory /workdir/hadoop-ozone/integration-test/target/test-dir/MiniOzoneClusterImpl-a33d77e5-464b-4d19-8e6b-a171e580bf0e/datanode-3/data/ratis/83c24053-66f6-40d0-a02a-8c447c5d0f75] INFO  segmented.SegmentedRaftLogWorker (SegmentedRaftLogWorker.java:close(228)) - 4840c00f-91d3-4881-a20b-4d0486ca97c0-SegmentedRaftLogWorker:Storage Directory /workdir/hadoop-ozone/integration-test/target/test-dir/MiniOzoneClusterImpl-a33d77e5-464b-4d19-8e6b-a171e580bf0e/datanode-3/data/ratis/83c24053-66f6-40d0-a02a-8c447c5d0f75 close()
2019-09-20 09:27:11,280 [492ed782-6ab3-4ad9-945e-06def6ac7c96-SegmentedRaftLogWorker:Storage Directory /workdir/hadoop-ozone/integration-test/target/test-dir/MiniOzoneClusterImpl-a33d77e5-464b-4d19-8e6b-a171e580bf0e/datanode-2/data/ratis/345b7b41-6102-4286-98ac-0b991f8144c1] INFO  impl.RaftServerImpl (ServerState.java:close(394)) - 492ed782-6ab3-4ad9-945e-06def6ac7c96:group-0B991F8144C1 closes. The last applied log index is -1
2019-09-20 09:27:11,268 [492ed782-6ab3-4ad9-945e-06def6ac7c96-SegmentedRaftLogWorker:Storage Directory /workdir/hadoop-ozone/integration-test/target/test-dir/MiniOzoneClusterImpl-a33d77e5-464b-4d19-8e6b-a171e580bf0e/datanode-2/data/ratis/10be2d40-6e5c-4b4e-9a33-371618af92d0] INFO  segmented.SegmentedRaftLogWorker (SegmentedRaftLogWorker.java:close(228)) - 492ed782-6ab3-4ad9-945e-06def6ac7c96-SegmentedRaftLogWorker:Storage Directory /workdir/hadoop-ozone/integration-test/target/test-dir/MiniOzoneClusterImpl-a33d77e5-464b-4d19-8e6b-a171e580bf0e/datanode-2/data/ratis/10be2d40-6e5c-4b4e-9a33-371618af92d0 close()
2019-09-20 09:27:11,268 [4840c00f-91d3-4881-a20b-4d0486ca97c0-SegmentedRaftLogWorker:Storage Directory /workdir/hadoop-ozone/integration-test/target/test-dir/MiniOzoneClusterImpl-a33d77e5-464b-4d19-8e6b-a171e580bf0e/datanode-3/data/ratis/bdf1106b-96d4-4244-8ed0-1748bb481d0c] INFO  segmented.SegmentedRaftLogWorker (SegmentedRaftLogWorker.java:close(228)) - 4840c00f-91d3-4881-a20b-4d0486ca97c0-SegmentedRaftLogWorker:Storage Directory /workdir/hadoop-ozone/integration-test/target/test-dir/MiniOzoneClusterImpl-a33d77e5-464b-4d19-8e6b-a171e580bf0e/datanode-3/data/ratis/bdf1106b-96d4-4244-8ed0-1748bb481d0c close()
2019-09-20 09:27:12,759 | INFO  | SCMAudit | user=jenkins1000 | ip=192.168.36.99 | op=SEND_HEARTBEAT {datanodeUUID=02b93e76-e4c6-4b67-b8a4-c536d9ab7224, command=[]} | ret=SUCCESS |  
2019-09-20 09:27:12,759 | INFO  | SCMAudit | user=jenkins1000 | ip=192.168.36.99 | op=SEND_HEARTBEAT {datanodeUUID=871e6485-c22a-483f-9e07-d19e754685be, command=[]} | ret=SUCCESS |  
2019-09-20 09:27:12,759 | INFO  | SCMAudit | user=jenkins1000 | ip=192.168.36.99 | op=SEND_HEARTBEAT {datanodeUUID=4840c00f-91d3-4881-a20b-4d0486ca97c0, command=[]} | ret=SUCCESS |  
2019-09-20 09:27:12,759 | INFO  | SCMAudit | user=jenkins1000 | ip=192.168.36.99 | op=SEND_HEARTBEAT {datanodeUUID=492ed782-6ab3-4ad9-945e-06def6ac7c96, command=[]} | ret=SUCCESS |  
2019-09-20 09:27:11,003 [02b93e76-e4c6-4b67-b8a4-c536d9ab7224:group-6193B43AE77D:LeaderElection91] INFO  impl.RaftServerImpl (ServerState.java:setRaftConf(361)) - 02b93e76-e4c6-4b67-b8a4-c536d9ab7224:group-6193B43AE77D set configuration 0: [02b93e76-e4c6-4b67-b8a4-c536d9ab7224:192.168.36.99:39343], old=null at 0
2019-09-20 09:27:11,265 [871e6485-c22a-483f-9e07-d19e754685be-SegmentedRaftLogWorker:Storage Directory /workdir/hadoop-ozone/integration-test/target/test-dir/MiniOzoneClusterImpl-a33d77e5-464b-4d19-8e6b-a171e580bf0e/datanode-4/data/ratis/6a2824d1-ead6-4874-957a-953e3776dfc8] ERROR segmented.SegmentedRaftLogWorker (SegmentedRaftLogWorker.java:run(323)) - 871e6485-c22a-483f-9e07-d19e754685be-SegmentedRaftLogWorker:Storage Directory /workdir/hadoop-ozone/integration-test/target/test-dir/MiniOzoneClusterImpl-a33d77e5-464b-4d19-8e6b-a171e580bf0e/datanode-4/data/ratis/6a2824d1-ead6-4874-957a-953e3776dfc8 hit exception
java.lang.OutOfMemoryError: Direct buffer memory
	at java.nio.Bits.reserveMemory(Bits.java:666)
	at java.nio.DirectByteBuffer.<init>(DirectByteBuffer.java:123)
	at java.nio.ByteBuffer.allocateDirect(ByteBuffer.java:311)
	at org.apache.ratis.server.raftlog.segmented.BufferedWriteChannel.<init>(BufferedWriteChannel.java:41)
	at org.apache.ratis.server.raftlog.segmented.SegmentedRaftLogOutputStream.<init>(SegmentedRaftLogOutputStream.java:72)
	at org.apache.ratis.server.raftlog.segmented.SegmentedRaftLogWorker$StartLogSegment.execute(SegmentedRaftLogWorker.java:566)
	at org.apache.ratis.server.raftlog.segmented.SegmentedRaftLogWorker.run(SegmentedRaftLogWorker.java:289)
	at java.lang.Thread.run(Thread.java:748)
2019-09-20 09:27:12,759 [492ed782-6ab3-4ad9-945e-06def6ac7c96-SegmentedRaftLogWorker:Storage Directory /workdir/hadoop-ozone/integration-test/target/test-dir/MiniOzoneClusterImpl-a33d77e5-464b-4d19-8e6b-a171e580bf0e/datanode-2/data/ratis/345b7b41-6102-4286-98ac-0b991f8144c1] INFO  segmented.SegmentedRaftLogWorker (SegmentedRaftLogWorker.java:close(228)) - 492ed782-6ab3-4ad9-945e-06def6ac7c96-SegmentedRaftLogWorker:Storage Directory /workdir/hadoop-ozone/integration-test/target/test-dir/MiniOzoneClusterImpl-a33d77e5-464b-4d19-8e6b-a171e580bf0e/datanode-2/data/ratis/345b7b41-6102-4286-98ac-0b991f8144c1 close()
2019-09-20 09:27:12,746 [02b93e76-e4c6-4b67-b8a4-c536d9ab7224:group-4F3B7E02669B:LeaderElection113] INFO  impl.LeaderElection (LeaderElection.java:askForVotes(181)) - 02b93e76-e4c6-4b67-b8a4-c536d9ab7224:group-4F3B7E02669B:LeaderElection113: begin an election at term 1 for -1: [02b93e76-e4c6-4b67-b8a4-c536d9ab7224:192.168.36.99:39343], old=null
2019-09-20 09:27:12,746 [02b93e76-e4c6-4b67-b8a4-c536d9ab7224-SegmentedRaftLogWorker:Storage Directory /workdir/hadoop-ozone/integration-test/target/test-dir/MiniOzoneClusterImpl-a33d77e5-464b-4d19-8e6b-a171e580bf0e/datanode-0/data/ratis/f4384af3-873b-4134-86af-6f492938606b] ERROR segmented.SegmentedRaftLogWorker (SegmentedRaftLogWorker.java:run(323)) - 02b93e76-e4c6-4b67-b8a4-c536d9ab7224-SegmentedRaftLogWorker:Storage Directory /workdir/hadoop-ozone/integration-test/target/test-dir/MiniOzoneClusterImpl-a33d77e5-464b-4d19-8e6b-a171e580bf0e/datanode-0/data/ratis/f4384af3-873b-4134-86af-6f492938606b hit exception
java.lang.OutOfMemoryError: Direct buffer memory
	at java.nio.Bits.reserveMemory(Bits.java:666)
	at java.nio.DirectByteBuffer.<init>(DirectByteBuffer.java:123)
	at java.nio.ByteBuffer.allocateDirect(ByteBuffer.java:311)
	at org.apache.ratis.server.raftlog.segmented.BufferedWriteChannel.<init>(BufferedWriteChannel.java:41)
	at org.apache.ratis.server.raftlog.segmented.SegmentedRaftLogOutputStream.<init>(SegmentedRaftLogOutputStream.java:72)
	at org.apache.ratis.server.raftlog.segmented.SegmentedRaftLogWorker$StartLogSegment.execute(SegmentedRaftLogWorker.java:566)
	at org.apache.ratis.server.raftlog.segmented.SegmentedRaftLogWorker.run(SegmentedRaftLogWorker.java:289)
	at java.lang.Thread.run(Thread.java:748)
2019-09-20 09:27:12,761 [02b93e76-e4c6-4b67-b8a4-c536d9ab7224-SegmentedRaftLogWorker:Storage Directory /workdir/hadoop-ozone/integration-test/target/test-dir/MiniOzoneClusterImpl-a33d77e5-464b-4d19-8e6b-a171e580bf0e/datanode-0/data/ratis/f4384af3-873b-4134-86af-6f492938606b] INFO  impl.RaftServerImpl (RaftServerImpl.java:lambda$shutdown$3(245)) - 02b93e76-e4c6-4b67-b8a4-c536d9ab7224: shutdown group-6F492938606B
2019-09-20 09:27:12,501 [871e6485-c22a-483f-9e07-d19e754685be:group-251E202153EF:LeaderElection104] INFO  impl.RaftServerImpl (ServerState.java:setRaftConf(361)) - 871e6485-c22a-483f-9e07-d19e754685be:group-251E202153EF set configuration 0: [871e6485-c22a-483f-9e07-d19e754685be:192.168.36.99:41076], old=null at 0
2019-09-20 09:27:12,501 [02b93e76-e4c6-4b67-b8a4-c536d9ab7224-SegmentedRaftLogWorker:Storage Directory /workdir/hadoop-ozone/integration-test/target/test-dir/MiniOzoneClusterImpl-a33d77e5-464b-4d19-8e6b-a171e580bf0e/datanode-0/data/ratis/6a88d884-846a-4444-9652-b9203607ae95] INFO  util.JmxRegister (JmxRegister.java:unregister(73)) - Successfully un-registered JMX Bean with object name Ratis:service=RaftServer,group=group-B9203607AE95,id=02b93e76-e4c6-4b67-b8a4-c536d9ab7224
2019-09-20 09:27:12,500 [pool-71-thread-1] INFO  server.RaftServerConfigKeys (ConfUtils.java:logGet(43)) - raft.server.log.queue.byte-limit = 2147483647 (custom)
2019-09-20 09:27:12,500 [pool-27-thread-1] INFO  server.RaftServerConfigKeys (ConfUtils.java:logGet(43)) - raft.server.log.segment.size.max = 1048576 (custom)
2019-09-20 09:27:12,499 [pool-60-thread-1] INFO  server.RaftServerConfigKeys (ConfUtils.java:logGet(43)) - raft.server.log.appender.buffer.byte-limit = 33554432 (custom)
2019-09-20 09:27:12,499 [4840c00f-91d3-4881-a20b-4d0486ca97c0-SegmentedRaftLogWorker:Storage Directory /workdir/hadoop-ozone/integration-test/target/test-dir/MiniOzoneClusterImpl-a33d77e5-464b-4d19-8e6b-a171e580bf0e/datanode-3/data/ratis/e939727f-ea19-424b-845a-0216f39d9076] INFO  impl.PendingRequests (PendingRequests.java:sendNotLeaderResponses(202)) - 4840c00f-91d3-4881-a20b-4d0486ca97c0-PendingRequests: sendNotLeaderResponses
2019-09-20 09:27:12,499 [pool-49-thread-1] INFO  server.RaftServerConfigKeys (ConfUtils.java:logGet(43)) - raft.server.rpcslowness.timeout = 10s (custom)
2019-09-20 09:27:12,499 [492ed782-6ab3-4ad9-945e-06def6ac7c96-SegmentedRaftLogWorker:Storage Directory /workdir/hadoop-ozone/integration-test/target/test-dir/MiniOzoneClusterImpl-a33d77e5-464b-4d19-8e6b-a171e580bf0e/datanode-2/data/ratis/b425bb77-719f-4734-9c20-d9dfd2faa041] INFO  impl.PendingRequests (PendingRequests.java:sendNotLeaderResponses(202)) - 492ed782-6ab3-4ad9-945e-06def6ac7c96-PendingRequests: sendNotLeaderResponses
2019-09-20 09:27:12,278 [871e6485-c22a-483f-9e07-d19e754685be-SegmentedRaftLogWorker:Storage Directory /workdir/hadoop-ozone/integration-test/target/test-dir/MiniOzoneClusterImpl-a33d77e5-464b-4d19-8e6b-a171e580bf0e/datanode-4/data/ratis/6cfb6e6d-8cca-4605-9a44-f286cd3dd3b8] INFO  impl.RaftServerImpl (ServerState.java:close(394)) - 871e6485-c22a-483f-9e07-d19e754685be:group-F286CD3DD3B8 closes. The last applied log index is -1
2019-09-20 09:27:12,278 [492ed782-6ab3-4ad9-945e-06def6ac7c96:group-E1A3C09B18D1:LeaderElection110] INFO  server.RaftServerConfigKeys (ConfUtils.java:logGet(43)) - raft.server.rpc.sleep.time = 25ms (default)
2019-09-20 09:27:12,278 [492ed782-6ab3-4ad9-945e-06def6ac7c96:group-B7AE4E66783D:LeaderElection112] INFO  server.RaftServerConfigKeys (ConfUtils.java:logGet(43)) - raft.server.staging.catchup.gap = 1000 (default)
2019-09-20 09:27:12,277 [871e6485-c22a-483f-9e07-d19e754685be:group-EB665916B604:LeaderElection111] INFO  server.RaftServerConfigKeys (ConfUtils.java:logGet(43)) - raft.server.write.element-limit = 4096 (default)
2019-09-20 09:27:12,277 [871e6485-c22a-483f-9e07-d19e754685be:group-0FA20B5362B8:LeaderElection108] INFO  server.RaftServerConfigKeys (ConfUtils.java:logGet(43)) - raft.server.rpc.sleep.time = 25ms (default)
2019-09-20 09:27:12,277 [492ed782-6ab3-4ad9-945e-06def6ac7c96-SegmentedRaftLogWorker:Storage Directory /workdir/hadoop-ozone/integration-test/target/test-dir/MiniOzoneClusterImpl-a33d77e5-464b-4d19-8e6b-a171e580bf0e/datanode-2/data/ratis/4ac735e0-c63a-446b-9aba-73d4b665e0f9] ERROR segmented.SegmentedRaftLogWorker (SegmentedRaftLogWorker.java:run(323)) - 492ed782-6ab3-4ad9-945e-06def6ac7c96-SegmentedRaftLogWorker:Storage Directory /workdir/hadoop-ozone/integration-test/target/test-dir/MiniOzoneClusterImpl-a33d77e5-464b-4d19-8e6b-a171e580bf0e/datanode-2/data/ratis/4ac735e0-c63a-446b-9aba-73d4b665e0f9 hit exception
java.lang.OutOfMemoryError: Direct buffer memory
	at java.nio.Bits.reserveMemory(Bits.java:666)
	at java.nio.DirectByteBuffer.<init>(DirectByteBuffer.java:123)
	at java.nio.ByteBuffer.allocateDirect(ByteBuffer.java:311)
	at org.apache.ratis.server.raftlog.segmented.BufferedWriteChannel.<init>(BufferedWriteChannel.java:41)
	at org.apache.ratis.server.raftlog.segmented.SegmentedRaftLogOutputStream.<init>(SegmentedRaftLogOutputStream.java:72)
	at org.apache.ratis.server.raftlog.segmented.SegmentedRaftLogWorker$StartLogSegment.execute(SegmentedRaftLogWorker.java:566)
	at org.apache.ratis.server.raftlog.segmented.SegmentedRaftLogWorker.run(SegmentedRaftLogWorker.java:289)
	at java.lang.Thread.run(Thread.java:748)
2019-09-20 09:27:12,277 [871e6485-c22a-483f-9e07-d19e754685be:group-6FE48D9F1AE6:LeaderElection109] INFO  server.RaftServerConfigKeys (ConfUtils.java:logGet(43)) - raft.server.rpc.sleep.time = 25ms (default)
2019-09-20 09:27:12,262 [02b93e76-e4c6-4b67-b8a4-c536d9ab7224:group-ACD147FE56E3:LeaderElection107] INFO  server.RaftServerConfigKeys (ConfUtils.java:logGet(43)) - raft.server.watch.timeout.denomination = 1s (default)
2019-09-20 09:27:12,018 [02b93e76-e4c6-4b67-b8a4-c536d9ab7224:group-45895A567D29:LeaderElection103] INFO  impl.RaftServerImpl (ServerState.java:setRaftConf(361)) - 02b93e76-e4c6-4b67-b8a4-c536d9ab7224:group-45895A567D29 set configuration 0: [02b93e76-e4c6-4b67-b8a4-c536d9ab7224:192.168.36.99:39343], old=null at 0
2019-09-20 09:27:11,793 [4840c00f-91d3-4881-a20b-4d0486ca97c0-SegmentedRaftLogWorker:Storage Directory /workdir/hadoop-ozone/integration-test/target/test-dir/MiniOzoneClusterImpl-a33d77e5-464b-4d19-8e6b-a171e580bf0e/datanode-3/data/ratis/b5c515ee-40b4-4eb7-aa79-0f9565c0c9c7] INFO  impl.RaftServerImpl (ServerState.java:close(394)) - 4840c00f-91d3-4881-a20b-4d0486ca97c0:group-0F9565C0C9C7 closes. The last applied log index is -1
2019-09-20 09:27:11,792 [492ed782-6ab3-4ad9-945e-06def6ac7c96:group-DEE5CB996035:LeaderElection105] INFO  segmented.SegmentedRaftLogWorker (SegmentedRaftLogWorker.java:startLogSegment(380)) - 492ed782-6ab3-4ad9-945e-06def6ac7c96-SegmentedRaftLogWorker:Storage Directory /workdir/hadoop-ozone/integration-test/target/test-dir/MiniOzoneClusterImpl-a33d77e5-464b-4d19-8e6b-a171e580bf0e/datanode-2/data/ratis/88a952cd-d10d-41a2-8b2f-dee5cb996035: Starting segment from index:0
2019-09-20 09:27:11,791 [492ed782-6ab3-4ad9-945e-06def6ac7c96-SegmentedRaftLogWorker:Storage Directory /workdir/hadoop-ozone/integration-test/target/test-dir/MiniOzoneClusterImpl-a33d77e5-464b-4d19-8e6b-a171e580bf0e/datanode-2/data/ratis/a4e5dc5a-cd8d-4278-9b39-5ea3deb86097] ERROR segmented.SegmentedRaftLogWorker (SegmentedRaftLogWorker.java:run(323)) - 492ed782-6ab3-4ad9-945e-06def6ac7c96-SegmentedRaftLogWorker:Storage Directory /workdir/hadoop-ozone/integration-test/target/test-dir/MiniOzoneClusterImpl-a33d77e5-464b-4d19-8e6b-a171e580bf0e/datanode-2/data/ratis/a4e5dc5a-cd8d-4278-9b39-5ea3deb86097 hit exception
java.lang.OutOfMemoryError: Direct buffer memory
	at java.nio.Bits.reserveMemory(Bits.java:666)
	at java.nio.DirectByteBuffer.<init>(DirectByteBuffer.java:123)
	at java.nio.ByteBuffer.allocateDirect(ByteBuffer.java:311)
	at org.apache.ratis.server.raftlog.segmented.BufferedWriteChannel.<init>(BufferedWriteChannel.java:41)
	at org.apache.ratis.server.raftlog.segmented.SegmentedRaftLogOutputStream.<init>(SegmentedRaftLogOutputStream.java:72)
	at org.apache.ratis.server.raftlog.segmented.SegmentedRaftLogWorker$StartLogSegment.execute(SegmentedRaftLogWorker.java:566)
	at org.apache.ratis.server.raftlog.segmented.SegmentedRaftLogWorker.run(SegmentedRaftLogWorker.java:289)
	at java.lang.Thread.run(Thread.java:748)
2019-09-20 09:27:11,791 [4840c00f-91d3-4881-a20b-4d0486ca97c0-SegmentedRaftLogWorker:Storage Directory /workdir/hadoop-ozone/integration-test/target/test-dir/MiniOzoneClusterImpl-a33d77e5-464b-4d19-8e6b-a171e580bf0e/datanode-3/data/ratis/54db80f4-29bf-46f9-affe-e1482c968ae7] ERROR segmented.SegmentedRaftLogWorker (SegmentedRaftLogWorker.java:run(323)) - 4840c00f-91d3-4881-a20b-4d0486ca97c0-SegmentedRaftLogWorker:Storage Directory /workdir/hadoop-ozone/integration-test/target/test-dir/MiniOzoneClusterImpl-a33d77e5-464b-4d19-8e6b-a171e580bf0e/datanode-3/data/ratis/54db80f4-29bf-46f9-affe-e1482c968ae7 hit exception
java.lang.OutOfMemoryError: Direct buffer memory
	at java.nio.Bits.reserveMemory(Bits.java:666)
	at java.nio.DirectByteBuffer.<init>(DirectByteBuffer.java:123)
	at java.nio.ByteBuffer.allocateDirect(ByteBuffer.java:311)
	at org.apache.ratis.server.raftlog.segmented.BufferedWriteChannel.<init>(BufferedWriteChannel.java:41)
	at org.apache.ratis.server.raftlog.segmented.SegmentedRaftLogOutputStream.<init>(SegmentedRaftLogOutputStream.java:72)
	at org.apache.ratis.server.raftlog.segmented.SegmentedRaftLogWorker$StartLogSegment.execute(SegmentedRaftLogWorker.java:566)
	at org.apache.ratis.server.raftlog.segmented.SegmentedRaftLogWorker.run(SegmentedRaftLogWorker.java:289)
	at java.lang.Thread.run(Thread.java:748)
2019-09-20 09:27:11,791 [4840c00f-91d3-4881-a20b-4d0486ca97c0-SegmentedRaftLogWorker:Storage Directory /workdir/hadoop-ozone/integration-test/target/test-dir/MiniOzoneClusterImpl-a33d77e5-464b-4d19-8e6b-a171e580bf0e/datanode-3/data/ratis/eccaa45b-011f-4fe7-b7de-3f30d8b52b66] ERROR segmented.SegmentedRaftLogWorker (SegmentedRaftLogWorker.java:run(323)) - 4840c00f-91d3-4881-a20b-4d0486ca97c0-SegmentedRaftLogWorker:Storage Directory /workdir/hadoop-ozone/integration-test/target/test-dir/MiniOzoneClusterImpl-a33d77e5-464b-4d19-8e6b-a171e580bf0e/datanode-3/data/ratis/eccaa45b-011f-4fe7-b7de-3f30d8b52b66 hit exception
java.lang.OutOfMemoryError: Direct buffer memory
	at java.nio.Bits.reserveMemory(Bits.java:666)
	at java.nio.DirectByteBuffer.<init>(DirectByteBuffer.java:123)
	at java.nio.ByteBuffer.allocateDirect(ByteBuffer.java:311)
	at org.apache.ratis.server.raftlog.segmented.BufferedWriteChannel.<init>(BufferedWriteChannel.java:41)
	at org.apache.ratis.server.raftlog.segmented.SegmentedRaftLogOutputStream.<init>(SegmentedRaftLogOutputStream.java:72)
	at org.apache.ratis.server.raftlog.segmented.SegmentedRaftLogWorker$StartLogSegment.execute(SegmentedRaftLogWorker.java:566)
	at org.apache.ratis.server.raftlog.segmented.SegmentedRaftLogWorker.run(SegmentedRaftLogWorker.java:289)
	at java.lang.Thread.run(Thread.java:748)
2019-09-20 09:27:13,011 | INFO  | SCMAudit | user=jenkins1000 | ip=192.168.36.99 | op=SEND_HEARTBEAT {datanodeUUID=dc7f40a9-6782-42c4-abab-c6b1682da047, command=[]} | ret=SUCCESS |  
2019-09-20 09:27:13,011 | INFO  | SCMAudit | user=jenkins1000 | ip=192.168.36.99 | op=SEND_HEARTBEAT {datanodeUUID=fd3cd5f9-4f1c-43ea-91b1-b85a1f6c3825, command=[]} | ret=SUCCESS |  
2019-09-20 09:27:11,515 [fd3cd5f9-4f1c-43ea-91b1-b85a1f6c3825:group-140670C34868:LeaderElection101] INFO  impl.RaftServerImpl (ServerState.java:setRaftConf(361)) - fd3cd5f9-4f1c-43ea-91b1-b85a1f6c3825:group-140670C34868 set configuration 0: [fd3cd5f9-4f1c-43ea-91b1-b85a1f6c3825:192.168.36.99:39114], old=null at 0
2019-09-20 09:27:11,514 [02b93e76-e4c6-4b67-b8a4-c536d9ab7224-SegmentedRaftLogWorker:Storage Directory /workdir/hadoop-ozone/integration-test/target/test-dir/MiniOzoneClusterImpl-a33d77e5-464b-4d19-8e6b-a171e580bf0e/datanode-0/data/ratis/99a2975e-81a6-448e-954a-e4b357f9360e] INFO  impl.RaftServerImpl (ServerState.java:close(394)) - 02b93e76-e4c6-4b67-b8a4-c536d9ab7224:group-E4B357F9360E closes. The last applied log index is -1
2019-09-20 09:27:13,011 [4840c00f-91d3-4881-a20b-4d0486ca97c0-SegmentedRaftLogWorker:Storage Directory /workdir/hadoop-ozone/integration-test/target/test-dir/MiniOzoneClusterImpl-a33d77e5-464b-4d19-8e6b-a171e580bf0e/datanode-3/data/ratis/eccaa45b-011f-4fe7-b7de-3f30d8b52b66] INFO  impl.RaftServerImpl (RaftServerImpl.java:lambda$shutdown$3(245)) - 4840c00f-91d3-4881-a20b-4d0486ca97c0: shutdown group-3F30D8B52B66
2019-09-20 09:27:13,011 [4840c00f-91d3-4881-a20b-4d0486ca97c0-SegmentedRaftLogWorker:Storage Directory /workdir/hadoop-ozone/integration-test/target/test-dir/MiniOzoneClusterImpl-a33d77e5-464b-4d19-8e6b-a171e580bf0e/datanode-3/data/ratis/54db80f4-29bf-46f9-affe-e1482c968ae7] INFO  impl.RaftServerImpl (RaftServerImpl.java:lambda$shutdown$3(245)) - 4840c00f-91d3-4881-a20b-4d0486ca97c0: shutdown group-E1482C968AE7
2019-09-20 09:27:13,011 [492ed782-6ab3-4ad9-945e-06def6ac7c96-SegmentedRaftLogWorker:Storage Directory /workdir/hadoop-ozone/integration-test/target/test-dir/MiniOzoneClusterImpl-a33d77e5-464b-4d19-8e6b-a171e580bf0e/datanode-2/data/ratis/a4e5dc5a-cd8d-4278-9b39-5ea3deb86097] INFO  impl.RaftServerImpl (RaftServerImpl.java:lambda$shutdown$3(245)) - 492ed782-6ab3-4ad9-945e-06def6ac7c96: shutdown group-5EA3DEB86097
2019-09-20 09:27:13,009 [02b93e76-e4c6-4b67-b8a4-c536d9ab7224-SegmentedRaftLogWorker:Storage Directory /workdir/hadoop-ozone/integration-test/target/test-dir/MiniOzoneClusterImpl-a33d77e5-464b-4d19-8e6b-a171e580bf0e/datanode-0/data/ratis/835ae1a7-52b3-454b-9057-6193b43ae77d] ERROR segmented.SegmentedRaftLogWorker (SegmentedRaftLogWorker.java:run(323)) - 02b93e76-e4c6-4b67-b8a4-c536d9ab7224-SegmentedRaftLogWorker:Storage Directory /workdir/hadoop-ozone/integration-test/target/test-dir/MiniOzoneClusterImpl-a33d77e5-464b-4d19-8e6b-a171e580bf0e/datanode-0/data/ratis/835ae1a7-52b3-454b-9057-6193b43ae77d hit exception
java.lang.OutOfMemoryError: Direct buffer memory
	at java.nio.Bits.reserveMemory(Bits.java:666)
	at java.nio.DirectByteBuffer.<init>(DirectByteBuffer.java:123)
	at java.nio.ByteBuffer.allocateDirect(ByteBuffer.java:311)
	at org.apache.ratis.server.raftlog.segmented.BufferedWriteChannel.<init>(BufferedWriteChannel.java:41)
	at org.apache.ratis.server.raftlog.segmented.SegmentedRaftLogOutputStream.<init>(SegmentedRaftLogOutputStream.java:72)
	at org.apache.ratis.server.raftlog.segmented.SegmentedRaftLogWorker$StartLogSegment.execute(SegmentedRaftLogWorker.java:566)
	at org.apache.ratis.server.raftlog.segmented.SegmentedRaftLogWorker.run(SegmentedRaftLogWorker.java:289)
	at java.lang.Thread.run(Thread.java:748)
2019-09-20 09:27:12,765 [492ed782-6ab3-4ad9-945e-06def6ac7c96:group-DEE5CB996035:LeaderElection105] INFO  impl.RaftServerImpl (ServerState.java:setRaftConf(361)) - 492ed782-6ab3-4ad9-945e-06def6ac7c96:group-DEE5CB996035 set configuration 0: [492ed782-6ab3-4ad9-945e-06def6ac7c96:192.168.36.99:32835], old=null at 0
2019-09-20 09:27:12,765 [4840c00f-91d3-4881-a20b-4d0486ca97c0-SegmentedRaftLogWorker:Storage Directory /workdir/hadoop-ozone/integration-test/target/test-dir/MiniOzoneClusterImpl-a33d77e5-464b-4d19-8e6b-a171e580bf0e/datanode-3/data/ratis/b5c515ee-40b4-4eb7-aa79-0f9565c0c9c7] INFO  segmented.SegmentedRaftLogWorker (SegmentedRaftLogWorker.java:close(228)) - 4840c00f-91d3-4881-a20b-4d0486ca97c0-SegmentedRaftLogWorker:Storage Directory /workdir/hadoop-ozone/integration-test/target/test-dir/MiniOzoneClusterImpl-a33d77e5-464b-4d19-8e6b-a171e580bf0e/datanode-3/data/ratis/b5c515ee-40b4-4eb7-aa79-0f9565c0c9c7 close()
2019-09-20 09:27:12,764 [02b93e76-e4c6-4b67-b8a4-c536d9ab7224:group-ACD147FE56E3:LeaderElection107] INFO  server.RaftServerConfigKeys (ConfUtils.java:logGet(43)) - raft.server.watch.element-limit = 65536 (default)
2019-09-20 09:27:12,764 [871e6485-c22a-483f-9e07-d19e754685be:group-6FE48D9F1AE6:LeaderElection109] INFO  server.RaftServerConfigKeys (ConfUtils.java:logGet(43)) - raft.server.write.element-limit = 4096 (default)
2019-09-20 09:27:13,014 [02b93e76-e4c6-4b67-b8a4-c536d9ab7224:group-ACD147FE56E3:LeaderElection107] INFO  impl.RoleInfo (RoleInfo.java:updateAndGet(143)) - 02b93e76-e4c6-4b67-b8a4-c536d9ab7224: start LeaderState
2019-09-20 09:27:12,764 [492ed782-6ab3-4ad9-945e-06def6ac7c96-SegmentedRaftLogWorker:Storage Directory /workdir/hadoop-ozone/integration-test/target/test-dir/MiniOzoneClusterImpl-a33d77e5-464b-4d19-8e6b-a171e580bf0e/datanode-2/data/ratis/4ac735e0-c63a-446b-9aba-73d4b665e0f9] INFO  impl.RaftServerImpl (RaftServerImpl.java:lambda$shutdown$3(245)) - 492ed782-6ab3-4ad9-945e-06def6ac7c96: shutdown group-73D4B665E0F9
2019-09-20 09:27:12,763 [871e6485-c22a-483f-9e07-d19e754685be:group-0FA20B5362B8:LeaderElection108] INFO  server.RaftServerConfigKeys (ConfUtils.java:logGet(43)) - raft.server.write.element-limit = 4096 (default)
2019-09-20 09:27:12,763 [871e6485-c22a-483f-9e07-d19e754685be:group-EB665916B604:LeaderElection111] INFO  server.RaftServerConfigKeys (ConfUtils.java:logGet(43)) - raft.server.watch.timeout = 10s (default)
2019-09-20 09:27:12,763 [492ed782-6ab3-4ad9-945e-06def6ac7c96:group-B7AE4E66783D:LeaderElection112] INFO  server.RaftServerConfigKeys (ConfUtils.java:logGet(43)) - raft.server.rpc.sleep.time = 25ms (default)
2019-09-20 09:27:12,763 [492ed782-6ab3-4ad9-945e-06def6ac7c96:group-E1A3C09B18D1:LeaderElection110] INFO  server.RaftServerConfigKeys (ConfUtils.java:logGet(43)) - raft.server.write.element-limit = 4096 (default)
2019-09-20 09:27:12,763 [871e6485-c22a-483f-9e07-d19e754685be-SegmentedRaftLogWorker:Storage Directory /workdir/hadoop-ozone/integration-test/target/test-dir/MiniOzoneClusterImpl-a33d77e5-464b-4d19-8e6b-a171e580bf0e/datanode-4/data/ratis/6cfb6e6d-8cca-4605-9a44-f286cd3dd3b8] INFO  segmented.SegmentedRaftLogWorker (SegmentedRaftLogWorker.java:close(228)) - 871e6485-c22a-483f-9e07-d19e754685be-SegmentedRaftLogWorker:Storage Directory /workdir/hadoop-ozone/integration-test/target/test-dir/MiniOzoneClusterImpl-a33d77e5-464b-4d19-8e6b-a171e580bf0e/datanode-4/data/ratis/6cfb6e6d-8cca-4605-9a44-f286cd3dd3b8 close()
2019-09-20 09:27:12,762 [492ed782-6ab3-4ad9-945e-06def6ac7c96-SegmentedRaftLogWorker:Storage Directory /workdir/hadoop-ozone/integration-test/target/test-dir/MiniOzoneClusterImpl-a33d77e5-464b-4d19-8e6b-a171e580bf0e/datanode-2/data/ratis/b425bb77-719f-4734-9c20-d9dfd2faa041] INFO  impl.StateMachineUpdater (StateMachineUpdater.java:stopAndJoin(115)) - StateMachineUpdater:492ed782-6ab3-4ad9-945e-06def6ac7c96:group-D9DFD2FAA041: set stopIndex = -1
2019-09-20 09:27:12,762 [pool-49-thread-1] INFO  server.RaftServerConfigKeys (ConfUtils.java:logGet(43)) - raft.server.sleep.deviation.threshold = 300 (default)
2019-09-20 09:27:13,015 [pool-49-thread-1] INFO  server.RaftServerConfigKeys (ConfUtils.java:logGet(43)) - raft.server.log.appender.install.snapshot.enabled = false (custom)
2019-09-20 09:27:12,762 [4840c00f-91d3-4881-a20b-4d0486ca97c0-SegmentedRaftLogWorker:Storage Directory /workdir/hadoop-ozone/integration-test/target/test-dir/MiniOzoneClusterImpl-a33d77e5-464b-4d19-8e6b-a171e580bf0e/datanode-3/data/ratis/e939727f-ea19-424b-845a-0216f39d9076] INFO  impl.StateMachineUpdater (StateMachineUpdater.java:stopAndJoin(115)) - StateMachineUpdater:4840c00f-91d3-4881-a20b-4d0486ca97c0:group-0216F39D9076: set stopIndex = -1
2019-09-20 09:27:12,762 [pool-60-thread-1] INFO  server.RaftServerConfigKeys (ConfUtils.java:logGet(43)) - raft.server.log.segment.size.max = 1048576 (custom)
2019-09-20 09:27:12,761 [pool-27-thread-1] INFO  server.RaftServerConfigKeys (ConfUtils.java:logGet(43)) - raft.server.log.segment.cache.num.max = 2 (custom)
2019-09-20 09:27:12,761 [pool-71-thread-1] INFO  server.RaftServerConfigKeys (ConfUtils.java:logGet(43)) - raft.server.log.queue.element-limit = 1024 (custom)
2019-09-20 09:27:12,761 [02b93e76-e4c6-4b67-b8a4-c536d9ab7224-SegmentedRaftLogWorker:Storage Directory /workdir/hadoop-ozone/integration-test/target/test-dir/MiniOzoneClusterImpl-a33d77e5-464b-4d19-8e6b-a171e580bf0e/datanode-0/data/ratis/6a88d884-846a-4444-9652-b9203607ae95] INFO  impl.RoleInfo (RoleInfo.java:shutdownLeaderState(104)) - 02b93e76-e4c6-4b67-b8a4-c536d9ab7224: shutdown LeaderState
2019-09-20 09:27:12,761 [02b93e76-e4c6-4b67-b8a4-c536d9ab7224-SegmentedRaftLogWorker:Storage Directory /workdir/hadoop-ozone/integration-test/target/test-dir/MiniOzoneClusterImpl-a33d77e5-464b-4d19-8e6b-a171e580bf0e/datanode-0/data/ratis/f4384af3-873b-4134-86af-6f492938606b] INFO  util.JmxRegister (JmxRegister.java:unregister(73)) - Successfully un-registered JMX Bean with object name Ratis:service=RaftServer,group=group-6F492938606B,id=02b93e76-e4c6-4b67-b8a4-c536d9ab7224
2019-09-20 09:27:12,760 [02b93e76-e4c6-4b67-b8a4-c536d9ab7224:group-4F3B7E02669B:LeaderElection113] INFO  impl.RoleInfo (RoleInfo.java:shutdownLeaderElection(134)) - 02b93e76-e4c6-4b67-b8a4-c536d9ab7224: shutdown LeaderElection
2019-09-20 09:27:12,760 [871e6485-c22a-483f-9e07-d19e754685be-SegmentedRaftLogWorker:Storage Directory /workdir/hadoop-ozone/integration-test/target/test-dir/MiniOzoneClusterImpl-a33d77e5-464b-4d19-8e6b-a171e580bf0e/datanode-4/data/ratis/6a2824d1-ead6-4874-957a-953e3776dfc8] INFO  impl.RaftServerImpl (RaftServerImpl.java:lambda$shutdown$3(245)) - 871e6485-c22a-483f-9e07-d19e754685be: shutdown group-953E3776DFC8
2019-09-20 09:27:13,017 [02b93e76-e4c6-4b67-b8a4-c536d9ab7224:group-4F3B7E02669B:LeaderElection113] INFO  impl.RaftServerImpl (RaftServerImpl.java:setRole(171)) - 02b93e76-e4c6-4b67-b8a4-c536d9ab7224:group-4F3B7E02669B changes role from CANDIDATE to LEADER at term 1 for changeToLeader
2019-09-20 09:27:13,016 [02b93e76-e4c6-4b67-b8a4-c536d9ab7224-SegmentedRaftLogWorker:Storage Directory /workdir/hadoop-ozone/integration-test/target/test-dir/MiniOzoneClusterImpl-a33d77e5-464b-4d19-8e6b-a171e580bf0e/datanode-0/data/ratis/f4384af3-873b-4134-86af-6f492938606b] INFO  impl.RoleInfo (RoleInfo.java:shutdownLeaderState(104)) - 02b93e76-e4c6-4b67-b8a4-c536d9ab7224: shutdown LeaderState
2019-09-20 09:27:13,016 [02b93e76-e4c6-4b67-b8a4-c536d9ab7224-SegmentedRaftLogWorker:Storage Directory /workdir/hadoop-ozone/integration-test/target/test-dir/MiniOzoneClusterImpl-a33d77e5-464b-4d19-8e6b-a171e580bf0e/datanode-0/data/ratis/6a88d884-846a-4444-9652-b9203607ae95] INFO  impl.PendingRequests (PendingRequests.java:sendNotLeaderResponses(202)) - 02b93e76-e4c6-4b67-b8a4-c536d9ab7224-PendingRequests: sendNotLeaderResponses
2019-09-20 09:27:13,016 [pool-71-thread-1] INFO  server.RaftServerConfigKeys (ConfUtils.java:logGet(43)) - raft.server.log.segment.size.max = 1048576 (custom)
2019-09-20 09:27:13,016 [pool-27-thread-1] INFO  segmented.SegmentedRaftLogWorker (SegmentedRaftLogWorker.java:<init>(172)) - new 02b93e76-e4c6-4b67-b8a4-c536d9ab7224-SegmentedRaftLogWorker:Storage Directory /workdir/hadoop-ozone/integration-test/target/test-dir/MiniOzoneClusterImpl-a33d77e5-464b-4d19-8e6b-a171e580bf0e/datanode-0/data/ratis/11c0d268-50d7-478a-8c7c-37c7f6d04707 for RaftStorage:Storage Directory /workdir/hadoop-ozone/integration-test/target/test-dir/MiniOzoneClusterImpl-a33d77e5-464b-4d19-8e6b-a171e580bf0e/datanode-0/data/ratis/11c0d268-50d7-478a-8c7c-37c7f6d04707
2019-09-20 09:27:13,016 [pool-60-thread-1] INFO  server.RaftServerConfigKeys (ConfUtils.java:logGet(43)) - raft.server.log.segment.cache.num.max = 2 (custom)
2019-09-20 09:27:13,015 [4840c00f-91d3-4881-a20b-4d0486ca97c0-SegmentedRaftLogWorker:Storage Directory /workdir/hadoop-ozone/integration-test/target/test-dir/MiniOzoneClusterImpl-a33d77e5-464b-4d19-8e6b-a171e580bf0e/datanode-3/data/ratis/e939727f-ea19-424b-845a-0216f39d9076] INFO  impl.RaftServerImpl (ServerState.java:close(394)) - 4840c00f-91d3-4881-a20b-4d0486ca97c0:group-0216F39D9076 closes. The last applied log index is -1
2019-09-20 09:27:13,015 [pool-49-thread-1] INFO  impl.RaftServerImpl (ServerState.java:<init>(105)) - 492ed782-6ab3-4ad9-945e-06def6ac7c96:group-80E08822C518 ConfigurationManager, init=-1: [871e6485-c22a-483f-9e07-d19e754685be:192.168.36.99:41076, 02b93e76-e4c6-4b67-b8a4-c536d9ab7224:192.168.36.99:39343, 492ed782-6ab3-4ad9-945e-06def6ac7c96:192.168.36.99:32835], old=null, confs=<EMPTY_MAP>
2019-09-20 09:27:13,015 [492ed782-6ab3-4ad9-945e-06def6ac7c96-SegmentedRaftLogWorker:Storage Directory /workdir/hadoop-ozone/integration-test/target/test-dir/MiniOzoneClusterImpl-a33d77e5-464b-4d19-8e6b-a171e580bf0e/datanode-2/data/ratis/b425bb77-719f-4734-9c20-d9dfd2faa041] INFO  impl.RaftServerImpl (ServerState.java:close(394)) - 492ed782-6ab3-4ad9-945e-06def6ac7c96:group-D9DFD2FAA041 closes. The last applied log index is -1
2019-09-20 09:27:13,015 [492ed782-6ab3-4ad9-945e-06def6ac7c96:group-E1A3C09B18D1:LeaderElection110] INFO  server.RaftServerConfigKeys (ConfUtils.java:logGet(43)) - raft.server.watch.timeout = 10s (default)
2019-09-20 09:27:13,014 [492ed782-6ab3-4ad9-945e-06def6ac7c96:group-B7AE4E66783D:LeaderElection112] INFO  server.RaftServerConfigKeys (ConfUtils.java:logGet(43)) - raft.server.write.element-limit = 4096 (default)
2019-09-20 09:27:13,014 [871e6485-c22a-483f-9e07-d19e754685be:group-EB665916B604:LeaderElection111] INFO  server.RaftServerConfigKeys (ConfUtils.java:logGet(43)) - raft.server.watch.timeout.denomination = 1s (default)
2019-09-20 09:27:13,014 [871e6485-c22a-483f-9e07-d19e754685be:group-0FA20B5362B8:LeaderElection108] INFO  server.RaftServerConfigKeys (ConfUtils.java:logGet(43)) - raft.server.watch.timeout = 10s (default)
2019-09-20 09:27:13,014 [492ed782-6ab3-4ad9-945e-06def6ac7c96-SegmentedRaftLogWorker:Storage Directory /workdir/hadoop-ozone/integration-test/target/test-dir/MiniOzoneClusterImpl-a33d77e5-464b-4d19-8e6b-a171e580bf0e/datanode-2/data/ratis/4ac735e0-c63a-446b-9aba-73d4b665e0f9] INFO  util.JmxRegister (JmxRegister.java:unregister(73)) - Successfully un-registered JMX Bean with object name Ratis:service=RaftServer,group=group-73D4B665E0F9,id=492ed782-6ab3-4ad9-945e-06def6ac7c96
2019-09-20 09:27:13,014 [02b93e76-e4c6-4b67-b8a4-c536d9ab7224:group-ACD147FE56E3:LeaderElection107] INFO  segmented.SegmentedRaftLogWorker (SegmentedRaftLogWorker.java:startLogSegment(380)) - 02b93e76-e4c6-4b67-b8a4-c536d9ab7224-SegmentedRaftLogWorker:Storage Directory /workdir/hadoop-ozone/integration-test/target/test-dir/MiniOzoneClusterImpl-a33d77e5-464b-4d19-8e6b-a171e580bf0e/datanode-0/data/ratis/430b3b4f-5dc2-4ae5-bb2a-acd147fe56e3: Starting segment from index:0
2019-09-20 09:27:13,014 [871e6485-c22a-483f-9e07-d19e754685be:group-6FE48D9F1AE6:LeaderElection109] INFO  server.RaftServerConfigKeys (ConfUtils.java:logGet(43)) - raft.server.watch.timeout = 10s (default)
2019-09-20 09:27:13,013 [02b93e76-e4c6-4b67-b8a4-c536d9ab7224-SegmentedRaftLogWorker:Storage Directory /workdir/hadoop-ozone/integration-test/target/test-dir/MiniOzoneClusterImpl-a33d77e5-464b-4d19-8e6b-a171e580bf0e/datanode-0/data/ratis/835ae1a7-52b3-454b-9057-6193b43ae77d] INFO  impl.RaftServerImpl (RaftServerImpl.java:lambda$shutdown$3(245)) - 02b93e76-e4c6-4b67-b8a4-c536d9ab7224: shutdown group-6193B43AE77D
2019-09-20 09:27:13,013 [492ed782-6ab3-4ad9-945e-06def6ac7c96-SegmentedRaftLogWorker:Storage Directory /workdir/hadoop-ozone/integration-test/target/test-dir/MiniOzoneClusterImpl-a33d77e5-464b-4d19-8e6b-a171e580bf0e/datanode-2/data/ratis/a4e5dc5a-cd8d-4278-9b39-5ea3deb86097] INFO  util.JmxRegister (JmxRegister.java:unregister(73)) - Successfully un-registered JMX Bean with object name Ratis:service=RaftServer,group=group-5EA3DEB86097,id=492ed782-6ab3-4ad9-945e-06def6ac7c96
2019-09-20 09:27:13,019 [492ed782-6ab3-4ad9-945e-06def6ac7c96-SegmentedRaftLogWorker:Storage Directory /workdir/hadoop-ozone/integration-test/target/test-dir/MiniOzoneClusterImpl-a33d77e5-464b-4d19-8e6b-a171e580bf0e/datanode-2/data/ratis/a4e5dc5a-cd8d-4278-9b39-5ea3deb86097] INFO  impl.RoleInfo (RoleInfo.java:shutdownLeaderState(104)) - 492ed782-6ab3-4ad9-945e-06def6ac7c96: shutdown LeaderState
2019-09-20 09:27:13,013 [4840c00f-91d3-4881-a20b-4d0486ca97c0-SegmentedRaftLogWorker:Storage Directory /workdir/hadoop-ozone/integration-test/target/test-dir/MiniOzoneClusterImpl-a33d77e5-464b-4d19-8e6b-a171e580bf0e/datanode-3/data/ratis/54db80f4-29bf-46f9-affe-e1482c968ae7] INFO  util.JmxRegister (JmxRegister.java:unregister(73)) - Successfully un-registered JMX Bean with object name Ratis:service=RaftServer,group=group-E1482C968AE7,id=4840c00f-91d3-4881-a20b-4d0486ca97c0
2019-09-20 09:27:13,012 [4840c00f-91d3-4881-a20b-4d0486ca97c0-SegmentedRaftLogWorker:Storage Directory /workdir/hadoop-ozone/integration-test/target/test-dir/MiniOzoneClusterImpl-a33d77e5-464b-4d19-8e6b-a171e580bf0e/datanode-3/data/ratis/eccaa45b-011f-4fe7-b7de-3f30d8b52b66] INFO  util.JmxRegister (JmxRegister.java:unregister(73)) - Successfully un-registered JMX Bean with object name Ratis:service=RaftServer,group=group-3F30D8B52B66,id=4840c00f-91d3-4881-a20b-4d0486ca97c0
2019-09-20 09:27:13,012 [02b93e76-e4c6-4b67-b8a4-c536d9ab7224-SegmentedRaftLogWorker:Storage Directory /workdir/hadoop-ozone/integration-test/target/test-dir/MiniOzoneClusterImpl-a33d77e5-464b-4d19-8e6b-a171e580bf0e/datanode-0/data/ratis/99a2975e-81a6-448e-954a-e4b357f9360e] INFO  segmented.SegmentedRaftLogWorker (SegmentedRaftLogWorker.java:close(228)) - 02b93e76-e4c6-4b67-b8a4-c536d9ab7224-SegmentedRaftLogWorker:Storage Directory /workdir/hadoop-ozone/integration-test/target/test-dir/MiniOzoneClusterImpl-a33d77e5-464b-4d19-8e6b-a171e580bf0e/datanode-0/data/ratis/99a2975e-81a6-448e-954a-e4b357f9360e close()
2019-09-20 09:27:13,262 [4840c00f-91d3-4881-a20b-4d0486ca97c0-SegmentedRaftLogWorker:Storage Directory /workdir/hadoop-ozone/integration-test/target/test-dir/MiniOzoneClusterImpl-a33d77e5-464b-4d19-8e6b-a171e580bf0e/datanode-3/data/ratis/eccaa45b-011f-4fe7-b7de-3f30d8b52b66] INFO  impl.RoleInfo (RoleInfo.java:shutdownLeaderState(104)) - 4840c00f-91d3-4881-a20b-4d0486ca97c0: shutdown LeaderState
2019-09-20 09:27:13,262 [4840c00f-91d3-4881-a20b-4d0486ca97c0-SegmentedRaftLogWorker:Storage Directory /workdir/hadoop-ozone/integration-test/target/test-dir/MiniOzoneClusterImpl-a33d77e5-464b-4d19-8e6b-a171e580bf0e/datanode-3/data/ratis/54db80f4-29bf-46f9-affe-e1482c968ae7] INFO  impl.RoleInfo (RoleInfo.java:shutdownLeaderState(104)) - 4840c00f-91d3-4881-a20b-4d0486ca97c0: shutdown LeaderState
2019-09-20 09:27:13,262 [492ed782-6ab3-4ad9-945e-06def6ac7c96-SegmentedRaftLogWorker:Storage Directory /workdir/hadoop-ozone/integration-test/target/test-dir/MiniOzoneClusterImpl-a33d77e5-464b-4d19-8e6b-a171e580bf0e/datanode-2/data/ratis/a4e5dc5a-cd8d-4278-9b39-5ea3deb86097] INFO  impl.PendingRequests (PendingRequests.java:sendNotLeaderResponses(202)) - 492ed782-6ab3-4ad9-945e-06def6ac7c96-PendingRequests: sendNotLeaderResponses
2019-09-20 09:27:13,019 [02b93e76-e4c6-4b67-b8a4-c536d9ab7224:group-ACD147FE56E3:LeaderElection107] INFO  impl.RaftServerImpl (ServerState.java:setRaftConf(361)) - 02b93e76-e4c6-4b67-b8a4-c536d9ab7224:group-ACD147FE56E3 set configuration 0: [02b93e76-e4c6-4b67-b8a4-c536d9ab7224:192.168.36.99:39343], old=null at 0
2019-09-20 09:27:13,019 [02b93e76-e4c6-4b67-b8a4-c536d9ab7224-SegmentedRaftLogWorker:Storage Directory /workdir/hadoop-ozone/integration-test/target/test-dir/MiniOzoneClusterImpl-a33d77e5-464b-4d19-8e6b-a171e580bf0e/datanode-0/data/ratis/835ae1a7-52b3-454b-9057-6193b43ae77d] INFO  util.JmxRegister (JmxRegister.java:unregister(73)) - Successfully un-registered JMX Bean with object name Ratis:service=RaftServer,group=group-6193B43AE77D,id=02b93e76-e4c6-4b67-b8a4-c536d9ab7224
2019-09-20 09:27:13,019 [871e6485-c22a-483f-9e07-d19e754685be:group-6FE48D9F1AE6:LeaderElection109] INFO  server.RaftServerConfigKeys (ConfUtils.java:logGet(43)) - raft.server.watch.timeout.denomination = 1s (default)
2019-09-20 09:27:13,019 [492ed782-6ab3-4ad9-945e-06def6ac7c96-SegmentedRaftLogWorker:Storage Directory /workdir/hadoop-ozone/integration-test/target/test-dir/MiniOzoneClusterImpl-a33d77e5-464b-4d19-8e6b-a171e580bf0e/datanode-2/data/ratis/4ac735e0-c63a-446b-9aba-73d4b665e0f9] INFO  impl.RoleInfo (RoleInfo.java:shutdownLeaderState(104)) - 492ed782-6ab3-4ad9-945e-06def6ac7c96: shutdown LeaderState
2019-09-20 09:27:13,019 [871e6485-c22a-483f-9e07-d19e754685be:group-0FA20B5362B8:LeaderElection108] INFO  server.RaftServerConfigKeys (ConfUtils.java:logGet(43)) - raft.server.watch.timeout.denomination = 1s (default)
2019-09-20 09:27:13,019 [871e6485-c22a-483f-9e07-d19e754685be:group-EB665916B604:LeaderElection111] INFO  server.RaftServerConfigKeys (ConfUtils.java:logGet(43)) - raft.server.watch.element-limit = 65536 (default)
2019-09-20 09:27:13,018 [492ed782-6ab3-4ad9-945e-06def6ac7c96:group-B7AE4E66783D:LeaderElection112] INFO  server.RaftServerConfigKeys (ConfUtils.java:logGet(43)) - raft.server.watch.timeout = 10s (default)
2019-09-20 09:27:13,018 [492ed782-6ab3-4ad9-945e-06def6ac7c96:group-E1A3C09B18D1:LeaderElection110] INFO  server.RaftServerConfigKeys (ConfUtils.java:logGet(43)) - raft.server.watch.timeout.denomination = 1s (default)
2019-09-20 09:27:13,018 [492ed782-6ab3-4ad9-945e-06def6ac7c96-SegmentedRaftLogWorker:Storage Directory /workdir/hadoop-ozone/integration-test/target/test-dir/MiniOzoneClusterImpl-a33d77e5-464b-4d19-8e6b-a171e580bf0e/datanode-2/data/ratis/b425bb77-719f-4734-9c20-d9dfd2faa041] INFO  segmented.SegmentedRaftLogWorker (SegmentedRaftLogWorker.java:close(228)) - 492ed782-6ab3-4ad9-945e-06def6ac7c96-SegmentedRaftLogWorker:Storage Directory /workdir/hadoop-ozone/integration-test/target/test-dir/MiniOzoneClusterImpl-a33d77e5-464b-4d19-8e6b-a171e580bf0e/datanode-2/data/ratis/b425bb77-719f-4734-9c20-d9dfd2faa041 close()
2019-09-20 09:27:13,018 [pool-49-thread-1] INFO  server.RaftServerConfigKeys (ConfUtils.java:logGet(43)) - raft.server.storage.dir = [/workdir/hadoop-ozone/integration-test/target/test-dir/MiniOzoneClusterImpl-a33d77e5-464b-4d19-8e6b-a171e580bf0e/datanode-2/data/ratis] (custom)
2019-09-20 09:27:13,018 [4840c00f-91d3-4881-a20b-4d0486ca97c0-SegmentedRaftLogWorker:Storage Directory /workdir/hadoop-ozone/integration-test/target/test-dir/MiniOzoneClusterImpl-a33d77e5-464b-4d19-8e6b-a171e580bf0e/datanode-3/data/ratis/e939727f-ea19-424b-845a-0216f39d9076] INFO  segmented.SegmentedRaftLogWorker (SegmentedRaftLogWorker.java:close(228)) - 4840c00f-91d3-4881-a20b-4d0486ca97c0-SegmentedRaftLogWorker:Storage Directory /workdir/hadoop-ozone/integration-test/target/test-dir/MiniOzoneClusterImpl-a33d77e5-464b-4d19-8e6b-a171e580bf0e/datanode-3/data/ratis/e939727f-ea19-424b-845a-0216f39d9076 close()
2019-09-20 09:27:13,018 [pool-60-thread-1] INFO  segmented.SegmentedRaftLogWorker (SegmentedRaftLogWorker.java:<init>(172)) - new 4840c00f-91d3-4881-a20b-4d0486ca97c0-SegmentedRaftLogWorker:Storage Directory /workdir/hadoop-ozone/integration-test/target/test-dir/MiniOzoneClusterImpl-a33d77e5-464b-4d19-8e6b-a171e580bf0e/datanode-3/data/ratis/11c0d268-50d7-478a-8c7c-37c7f6d04707 for RaftStorage:Storage Directory /workdir/hadoop-ozone/integration-test/target/test-dir/MiniOzoneClusterImpl-a33d77e5-464b-4d19-8e6b-a171e580bf0e/datanode-3/data/ratis/11c0d268-50d7-478a-8c7c-37c7f6d04707
2019-09-20 09:27:13,018 [pool-27-thread-1] INFO  server.RaftServerConfigKeys (ConfUtils.java:logGet(43)) - raft.server.log.queue.byte-limit = 2147483647 (custom)
2019-09-20 09:27:13,017 [pool-71-thread-1] INFO  server.RaftServerConfigKeys (ConfUtils.java:logGet(43)) - raft.server.log.preallocated.size = 16384 (custom)
2019-09-20 09:27:13,266 [pool-71-thread-1] INFO  server.RaftServerConfigKeys (ConfUtils.java:logGet(43)) - raft.server.log.write.buffer.size = 33554432 (custom)
2019-09-20 09:27:13,017 [02b93e76-e4c6-4b67-b8a4-c536d9ab7224-SegmentedRaftLogWorker:Storage Directory /workdir/hadoop-ozone/integration-test/target/test-dir/MiniOzoneClusterImpl-a33d77e5-464b-4d19-8e6b-a171e580bf0e/datanode-0/data/ratis/6a88d884-846a-4444-9652-b9203607ae95] INFO  impl.StateMachineUpdater (StateMachineUpdater.java:stopAndJoin(115)) - StateMachineUpdater:02b93e76-e4c6-4b67-b8a4-c536d9ab7224:group-B9203607AE95: set stopIndex = -1
2019-09-20 09:27:13,017 [02b93e76-e4c6-4b67-b8a4-c536d9ab7224-SegmentedRaftLogWorker:Storage Directory /workdir/hadoop-ozone/integration-test/target/test-dir/MiniOzoneClusterImpl-a33d77e5-464b-4d19-8e6b-a171e580bf0e/datanode-0/data/ratis/f4384af3-873b-4134-86af-6f492938606b] INFO  impl.PendingRequests (PendingRequests.java:sendNotLeaderResponses(202)) - 02b93e76-e4c6-4b67-b8a4-c536d9ab7224-PendingRequests: sendNotLeaderResponses
2019-09-20 09:27:13,017 [02b93e76-e4c6-4b67-b8a4-c536d9ab7224:group-4F3B7E02669B:LeaderElection113] INFO  impl.RaftServerImpl (ServerState.java:setLeader(263)) - 02b93e76-e4c6-4b67-b8a4-c536d9ab7224:group-4F3B7E02669B change Leader from null to 02b93e76-e4c6-4b67-b8a4-c536d9ab7224 at term 1 for becomeLeader, leader elected after 13585ms
2019-09-20 09:27:13,017 [871e6485-c22a-483f-9e07-d19e754685be-SegmentedRaftLogWorker:Storage Directory /workdir/hadoop-ozone/integration-test/target/test-dir/MiniOzoneClusterImpl-a33d77e5-464b-4d19-8e6b-a171e580bf0e/datanode-4/data/ratis/6a2824d1-ead6-4874-957a-953e3776dfc8] INFO  util.JmxRegister (JmxRegister.java:unregister(73)) - Successfully un-registered JMX Bean with object name Ratis:service=RaftServer,group=group-953E3776DFC8,id=871e6485-c22a-483f-9e07-d19e754685be
2019-09-20 09:27:13,267 [871e6485-c22a-483f-9e07-d19e754685be-SegmentedRaftLogWorker:Storage Directory /workdir/hadoop-ozone/integration-test/target/test-dir/MiniOzoneClusterImpl-a33d77e5-464b-4d19-8e6b-a171e580bf0e/datanode-4/data/ratis/6a2824d1-ead6-4874-957a-953e3776dfc8] INFO  impl.RoleInfo (RoleInfo.java:shutdownLeaderState(104)) - 871e6485-c22a-483f-9e07-d19e754685be: shutdown LeaderState
2019-09-20 09:27:13,267 [02b93e76-e4c6-4b67-b8a4-c536d9ab7224:group-4F3B7E02669B:LeaderElection113] INFO  server.RaftServerConfigKeys (ConfUtils.java:logGet(43)) - raft.server.staging.catchup.gap = 1000 (default)
2019-09-20 09:27:13,266 [02b93e76-e4c6-4b67-b8a4-c536d9ab7224-SegmentedRaftLogWorker:Storage Directory /workdir/hadoop-ozone/integration-test/target/test-dir/MiniOzoneClusterImpl-a33d77e5-464b-4d19-8e6b-a171e580bf0e/datanode-0/data/ratis/f4384af3-873b-4134-86af-6f492938606b] INFO  impl.StateMachineUpdater (StateMachineUpdater.java:stopAndJoin(115)) - StateMachineUpdater:02b93e76-e4c6-4b67-b8a4-c536d9ab7224:group-6F492938606B: set stopIndex = -1
2019-09-20 09:27:13,267 [02b93e76-e4c6-4b67-b8a4-c536d9ab7224-SegmentedRaftLogWorker:Storage Directory /workdir/hadoop-ozone/integration-test/target/test-dir/MiniOzoneClusterImpl-a33d77e5-464b-4d19-8e6b-a171e580bf0e/datanode-0/data/ratis/f4384af3-873b-4134-86af-6f492938606b] INFO  impl.RaftServerImpl (ServerState.java:close(394)) - 02b93e76-e4c6-4b67-b8a4-c536d9ab7224:group-6F492938606B closes. The last applied log index is -1
2019-09-20 09:27:13,266 [02b93e76-e4c6-4b67-b8a4-c536d9ab7224-SegmentedRaftLogWorker:Storage Directory /workdir/hadoop-ozone/integration-test/target/test-dir/MiniOzoneClusterImpl-a33d77e5-464b-4d19-8e6b-a171e580bf0e/datanode-0/data/ratis/6a88d884-846a-4444-9652-b9203607ae95] INFO  impl.RaftServerImpl (ServerState.java:close(394)) - 02b93e76-e4c6-4b67-b8a4-c536d9ab7224:group-B9203607AE95 closes. The last applied log index is -1
2019-09-20 09:27:13,266 [pool-71-thread-1] INFO  server.RaftServerConfigKeys (ConfUtils.java:logGet(43)) - raft.server.log.force.sync.num = 128 (default)
2019-09-20 09:27:13,266 [492ed782-6ab3-4ad9-945e-06def6ac7c96-SegmentedRaftLogWorker:Storage Directory /workdir/hadoop-ozone/integration-test/target/test-dir/MiniOzoneClusterImpl-a33d77e5-464b-4d19-8e6b-a171e580bf0e/datanode-2/data/ratis/f262f600-4cd0-48f1-939b-7db849c7ba05] ERROR segmented.SegmentedRaftLogWorker (SegmentedRaftLogWorker.java:run(323)) - 492ed782-6ab3-4ad9-945e-06def6ac7c96-SegmentedRaftLogWorker:Storage Directory /workdir/hadoop-ozone/integration-test/target/test-dir/MiniOzoneClusterImpl-a33d77e5-464b-4d19-8e6b-a171e580bf0e/datanode-2/data/ratis/f262f600-4cd0-48f1-939b-7db849c7ba05 hit exception
java.lang.OutOfMemoryError: Direct buffer memory
	at java.nio.Bits.reserveMemory(Bits.java:666)
	at java.nio.DirectByteBuffer.<init>(DirectByteBuffer.java:123)
	at java.nio.ByteBuffer.allocateDirect(ByteBuffer.java:311)
	at org.apache.ratis.server.raftlog.segmented.BufferedWriteChannel.<init>(BufferedWriteChannel.java:41)
	at org.apache.ratis.server.raftlog.segmented.SegmentedRaftLogOutputStream.<init>(SegmentedRaftLogOutputStream.java:72)
	at org.apache.ratis.server.raftlog.segmented.SegmentedRaftLogWorker$StartLogSegment.execute(SegmentedRaftLogWorker.java:566)
	at org.apache.ratis.server.raftlog.segmented.SegmentedRaftLogWorker.run(SegmentedRaftLogWorker.java:289)
	at java.lang.Thread.run(Thread.java:748)
2019-09-20 09:27:13,268 [492ed782-6ab3-4ad9-945e-06def6ac7c96-SegmentedRaftLogWorker:Storage Directory /workdir/hadoop-ozone/integration-test/target/test-dir/MiniOzoneClusterImpl-a33d77e5-464b-4d19-8e6b-a171e580bf0e/datanode-2/data/ratis/f262f600-4cd0-48f1-939b-7db849c7ba05] INFO  impl.RaftServerImpl (RaftServerImpl.java:lambda$shutdown$3(245)) - 492ed782-6ab3-4ad9-945e-06def6ac7c96: shutdown group-7DB849C7BA05
2019-09-20 09:27:13,266 [pool-27-thread-1] INFO  server.RaftServerConfigKeys (ConfUtils.java:logGet(43)) - raft.server.log.queue.element-limit = 1024 (custom)
2019-09-20 09:27:13,266 [pool-49-thread-1] INFO  storage.RaftStorageDirectory (RaftStorageDirectory.java:analyzeStorage(246)) - The storage directory /workdir/hadoop-ozone/integration-test/target/test-dir/MiniOzoneClusterImpl-a33d77e5-464b-4d19-8e6b-a171e580bf0e/datanode-2/data/ratis/3dc72507-d271-47be-a7c5-80e08822c518 does not exist. Creating ...
2019-09-20 09:27:13,266 [pool-60-thread-1] INFO  server.RaftServerConfigKeys (ConfUtils.java:logGet(43)) - raft.server.log.queue.byte-limit = 2147483647 (custom)
2019-09-20 09:27:13,265 [492ed782-6ab3-4ad9-945e-06def6ac7c96:group-E1A3C09B18D1:LeaderElection110] INFO  server.RaftServerConfigKeys (ConfUtils.java:logGet(43)) - raft.server.watch.element-limit = 65536 (default)
2019-09-20 09:27:13,265 [492ed782-6ab3-4ad9-945e-06def6ac7c96:group-B7AE4E66783D:LeaderElection112] INFO  server.RaftServerConfigKeys (ConfUtils.java:logGet(43)) - raft.server.watch.timeout.denomination = 1s (default)
2019-09-20 09:27:13,269 [492ed782-6ab3-4ad9-945e-06def6ac7c96:group-B7AE4E66783D:LeaderElection112] INFO  server.RaftServerConfigKeys (ConfUtils.java:logGet(43)) - raft.server.watch.element-limit = 65536 (default)
2019-09-20 09:27:13,264 [871e6485-c22a-483f-9e07-d19e754685be:group-EB665916B604:LeaderElection111] INFO  impl.RoleInfo (RoleInfo.java:updateAndGet(143)) - 871e6485-c22a-483f-9e07-d19e754685be: start LeaderState
2019-09-20 09:27:13,264 [871e6485-c22a-483f-9e07-d19e754685be:group-0FA20B5362B8:LeaderElection108] INFO  server.RaftServerConfigKeys (ConfUtils.java:logGet(43)) - raft.server.watch.element-limit = 65536 (default)
2019-09-20 09:27:13,269 [871e6485-c22a-483f-9e07-d19e754685be:group-EB665916B604:LeaderElection111] INFO  segmented.SegmentedRaftLogWorker (SegmentedRaftLogWorker.java:startLogSegment(380)) - 871e6485-c22a-483f-9e07-d19e754685be-SegmentedRaftLogWorker:Storage Directory /workdir/hadoop-ozone/integration-test/target/test-dir/MiniOzoneClusterImpl-a33d77e5-464b-4d19-8e6b-a171e580bf0e/datanode-4/data/ratis/da33001c-f13c-48a6-bcef-eb665916b604: Starting segment from index:0
2019-09-20 09:27:13,264 [492ed782-6ab3-4ad9-945e-06def6ac7c96-SegmentedRaftLogWorker:Storage Directory /workdir/hadoop-ozone/integration-test/target/test-dir/MiniOzoneClusterImpl-a33d77e5-464b-4d19-8e6b-a171e580bf0e/datanode-2/data/ratis/4ac735e0-c63a-446b-9aba-73d4b665e0f9] INFO  impl.PendingRequests (PendingRequests.java:sendNotLeaderResponses(202)) - 492ed782-6ab3-4ad9-945e-06def6ac7c96-PendingRequests: sendNotLeaderResponses
2019-09-20 09:27:13,264 [871e6485-c22a-483f-9e07-d19e754685be:group-6FE48D9F1AE6:LeaderElection109] INFO  server.RaftServerConfigKeys (ConfUtils.java:logGet(43)) - raft.server.watch.element-limit = 65536 (default)
2019-09-20 09:27:13,270 [871e6485-c22a-483f-9e07-d19e754685be:group-EB665916B604:LeaderElection111] INFO  impl.RaftServerImpl (ServerState.java:setRaftConf(361)) - 871e6485-c22a-483f-9e07-d19e754685be:group-EB665916B604 set configuration 0: [871e6485-c22a-483f-9e07-d19e754685be:192.168.36.99:41076], old=null at 0
2019-09-20 09:27:13,270 [871e6485-c22a-483f-9e07-d19e754685be:group-6FE48D9F1AE6:LeaderElection109] INFO  impl.RoleInfo (RoleInfo.java:updateAndGet(143)) - 871e6485-c22a-483f-9e07-d19e754685be: start LeaderState
2019-09-20 09:27:13,264 [02b93e76-e4c6-4b67-b8a4-c536d9ab7224-SegmentedRaftLogWorker:Storage Directory /workdir/hadoop-ozone/integration-test/target/test-dir/MiniOzoneClusterImpl-a33d77e5-464b-4d19-8e6b-a171e580bf0e/datanode-0/data/ratis/835ae1a7-52b3-454b-9057-6193b43ae77d] INFO  impl.RoleInfo (RoleInfo.java:shutdownLeaderState(104)) - 02b93e76-e4c6-4b67-b8a4-c536d9ab7224: shutdown LeaderState
2019-09-20 09:27:13,263 [492ed782-6ab3-4ad9-945e-06def6ac7c96-SegmentedRaftLogWorker:Storage Directory /workdir/hadoop-ozone/integration-test/target/test-dir/MiniOzoneClusterImpl-a33d77e5-464b-4d19-8e6b-a171e580bf0e/datanode-2/data/ratis/a4e5dc5a-cd8d-4278-9b39-5ea3deb86097] INFO  impl.StateMachineUpdater (StateMachineUpdater.java:stopAndJoin(115)) - StateMachineUpdater:492ed782-6ab3-4ad9-945e-06def6ac7c96:group-5EA3DEB86097: set stopIndex = -1
2019-09-20 09:27:13,263 [4840c00f-91d3-4881-a20b-4d0486ca97c0-SegmentedRaftLogWorker:Storage Directory /workdir/hadoop-ozone/integration-test/target/test-dir/MiniOzoneClusterImpl-a33d77e5-464b-4d19-8e6b-a171e580bf0e/datanode-3/data/ratis/54db80f4-29bf-46f9-affe-e1482c968ae7] INFO  impl.PendingRequests (PendingRequests.java:sendNotLeaderResponses(202)) - 4840c00f-91d3-4881-a20b-4d0486ca97c0-PendingRequests: sendNotLeaderResponses
2019-09-20 09:27:13,263 [4840c00f-91d3-4881-a20b-4d0486ca97c0-SegmentedRaftLogWorker:Storage Directory /workdir/hadoop-ozone/integration-test/target/test-dir/MiniOzoneClusterImpl-a33d77e5-464b-4d19-8e6b-a171e580bf0e/datanode-3/data/ratis/eccaa45b-011f-4fe7-b7de-3f30d8b52b66] INFO  impl.PendingRequests (PendingRequests.java:sendNotLeaderResponses(202)) - 4840c00f-91d3-4881-a20b-4d0486ca97c0-PendingRequests: sendNotLeaderResponses
2019-09-20 09:27:13,522 [4840c00f-91d3-4881-a20b-4d0486ca97c0-SegmentedRaftLogWorker:Storage Directory /workdir/hadoop-ozone/integration-test/target/test-dir/MiniOzoneClusterImpl-a33d77e5-464b-4d19-8e6b-a171e580bf0e/datanode-3/data/ratis/54db80f4-29bf-46f9-affe-e1482c968ae7] INFO  impl.StateMachineUpdater (StateMachineUpdater.java:stopAndJoin(115)) - StateMachineUpdater:4840c00f-91d3-4881-a20b-4d0486ca97c0:group-E1482C968AE7: set stopIndex = -1
2019-09-20 09:27:13,521 [492ed782-6ab3-4ad9-945e-06def6ac7c96-SegmentedRaftLogWorker:Storage Directory /workdir/hadoop-ozone/integration-test/target/test-dir/MiniOzoneClusterImpl-a33d77e5-464b-4d19-8e6b-a171e580bf0e/datanode-2/data/ratis/a4e5dc5a-cd8d-4278-9b39-5ea3deb86097] INFO  impl.RaftServerImpl (ServerState.java:close(394)) - 492ed782-6ab3-4ad9-945e-06def6ac7c96:group-5EA3DEB86097 closes. The last applied log index is -1
2019-09-20 09:27:13,521 [02b93e76-e4c6-4b67-b8a4-c536d9ab7224-SegmentedRaftLogWorker:Storage Directory /workdir/hadoop-ozone/integration-test/target/test-dir/MiniOzoneClusterImpl-a33d77e5-464b-4d19-8e6b-a171e580bf0e/datanode-0/data/ratis/835ae1a7-52b3-454b-9057-6193b43ae77d] INFO  impl.PendingRequests (PendingRequests.java:sendNotLeaderResponses(202)) - 02b93e76-e4c6-4b67-b8a4-c536d9ab7224-PendingRequests: sendNotLeaderResponses
2019-09-20 09:27:13,521 [RATISCREATEPIPELINE1] ERROR pipeline.RatisPipelineProvider (RatisPipelineProvider.java:lambda$null$2(182)) - Failed invoke Ratis rpc org.apache.hadoop.hdds.scm.pipeline.RatisPipelineProvider$$Lambda$167/459597877@3b89fdd6 for 492ed782-6ab3-4ad9-945e-06def6ac7c96
org.apache.ratis.protocol.TimeoutIOException: deadline exceeded after 2999698392ns
	at org.apache.ratis.grpc.GrpcUtil.tryUnwrapException(GrpcUtil.java:82)
	at org.apache.ratis.grpc.GrpcUtil.unwrapException(GrpcUtil.java:75)
	at org.apache.ratis.grpc.client.GrpcClientProtocolClient.blockingCall(GrpcClientProtocolClient.java:169)
	at org.apache.ratis.grpc.client.GrpcClientProtocolClient.groupAdd(GrpcClientProtocolClient.java:138)
	at org.apache.ratis.grpc.client.GrpcClientRpc.sendRequest(GrpcClientRpc.java:94)
	at org.apache.ratis.client.impl.RaftClientImpl.sendRequest(RaftClientImpl.java:279)
	at org.apache.ratis.client.impl.RaftClientImpl.groupAdd(RaftClientImpl.java:206)
	at org.apache.hadoop.hdds.scm.pipeline.RatisPipelineProvider.lambda$initializePipeline$1(RatisPipelineProvider.java:141)
	at org.apache.hadoop.hdds.scm.pipeline.RatisPipelineProvider.lambda$null$2(RatisPipelineProvider.java:178)
	at java.util.stream.ForEachOps$ForEachOp$OfRef.accept(ForEachOps.java:184)
	at java.util.ArrayList$ArrayListSpliterator.forEachRemaining(ArrayList.java:1382)
	at java.util.stream.AbstractPipeline.copyInto(AbstractPipeline.java:482)
	at java.util.stream.ForEachOps$ForEachTask.compute(ForEachOps.java:291)
	at java.util.concurrent.CountedCompleter.exec(CountedCompleter.java:731)
	at java.util.concurrent.ForkJoinTask.doExec(ForkJoinTask.java:289)
	at java.util.concurrent.ForkJoinTask.doInvoke(ForkJoinTask.java:401)
	at java.util.concurrent.ForkJoinTask.invoke(ForkJoinTask.java:734)
	at java.util.stream.ForEachOps$ForEachOp.evaluateParallel(ForEachOps.java:160)
	at java.util.stream.ForEachOps$ForEachOp$OfRef.evaluateParallel(ForEachOps.java:174)
	at java.util.stream.AbstractPipeline.evaluate(AbstractPipeline.java:233)
	at java.util.stream.ReferencePipeline.forEach(ReferencePipeline.java:418)
	at java.util.stream.ReferencePipeline$Head.forEach(ReferencePipeline.java:583)
	at org.apache.hadoop.hdds.scm.pipeline.RatisPipelineProvider.lambda$callRatisRpc$3(RatisPipelineProvider.java:172)
	at java.util.concurrent.ForkJoinTask$AdaptedRunnableAction.exec(ForkJoinTask.java:1386)
	at java.util.concurrent.ForkJoinTask.doExec(ForkJoinTask.java:289)
	at java.util.concurrent.ForkJoinPool$WorkQueue.runTask(ForkJoinPool.java:1056)
	at java.util.concurrent.ForkJoinPool.runWorker(ForkJoinPool.java:1692)
	at java.util.concurrent.ForkJoinWorkerThread.run(ForkJoinWorkerThread.java:157)
Caused by: org.apache.ratis.thirdparty.io.grpc.StatusRuntimeException: DEADLINE_EXCEEDED: deadline exceeded after 2999698392ns
	at org.apache.ratis.thirdparty.io.grpc.stub.ClientCalls.toStatusRuntimeException(ClientCalls.java:233)
	at org.apache.ratis.thirdparty.io.grpc.stub.ClientCalls.getUnchecked(ClientCalls.java:214)
	at org.apache.ratis.thirdparty.io.grpc.stub.ClientCalls.blockingUnaryCall(ClientCalls.java:139)
	at org.apache.ratis.proto.grpc.AdminProtocolServiceGrpc$AdminProtocolServiceBlockingStub.groupManagement(AdminProtocolServiceGrpc.java:274)
	at org.apache.ratis.grpc.client.GrpcClientProtocolClient.lambda$groupAdd$3(GrpcClientProtocolClient.java:140)
	at org.apache.ratis.grpc.client.GrpcClientProtocolClient.blockingCall(GrpcClientProtocolClient.java:167)
	... 25 more
2019-09-20 09:27:13,521 [RATISCREATEPIPELINE3] ERROR pipeline.RatisPipelineProvider (RatisPipelineProvider.java:lambda$null$2(182)) - Failed invoke Ratis rpc org.apache.hadoop.hdds.scm.pipeline.RatisPipelineProvider$$Lambda$167/459597877@3b89fdd6 for 871e6485-c22a-483f-9e07-d19e754685be
org.apache.ratis.protocol.TimeoutIOException: deadline exceeded after 2997217861ns
	at org.apache.ratis.grpc.GrpcUtil.tryUnwrapException(GrpcUtil.java:82)
	at org.apache.ratis.grpc.GrpcUtil.unwrapException(GrpcUtil.java:75)
	at org.apache.ratis.grpc.client.GrpcClientProtocolClient.blockingCall(GrpcClientProtocolClient.java:169)
	at org.apache.ratis.grpc.client.GrpcClientProtocolClient.groupAdd(GrpcClientProtocolClient.java:138)
	at org.apache.ratis.grpc.client.GrpcClientRpc.sendRequest(GrpcClientRpc.java:94)
	at org.apache.ratis.client.impl.RaftClientImpl.sendRequest(RaftClientImpl.java:279)
	at org.apache.ratis.client.impl.RaftClientImpl.groupAdd(RaftClientImpl.java:206)
	at org.apache.hadoop.hdds.scm.pipeline.RatisPipelineProvider.lambda$initializePipeline$1(RatisPipelineProvider.java:141)
	at org.apache.hadoop.hdds.scm.pipeline.RatisPipelineProvider.lambda$null$2(RatisPipelineProvider.java:178)
	at java.util.stream.ForEachOps$ForEachOp$OfRef.accept(ForEachOps.java:184)
	at java.util.ArrayList$ArrayListSpliterator.forEachRemaining(ArrayList.java:1382)
	at java.util.stream.AbstractPipeline.copyInto(AbstractPipeline.java:482)
	at java.util.stream.ForEachOps$ForEachTask.compute(ForEachOps.java:291)
	at java.util.concurrent.CountedCompleter.exec(CountedCompleter.java:731)
	at java.util.concurrent.ForkJoinTask.doExec(ForkJoinTask.java:289)
	at java.util.concurrent.ForkJoinPool$WorkQueue.runTask(ForkJoinPool.java:1056)
	at java.util.concurrent.ForkJoinPool.runWorker(ForkJoinPool.java:1692)
	at java.util.concurrent.ForkJoinWorkerThread.run(ForkJoinWorkerThread.java:157)
Caused by: org.apache.ratis.thirdparty.io.grpc.StatusRuntimeException: DEADLINE_EXCEEDED: deadline exceeded after 2997217861ns
	at org.apache.ratis.thirdparty.io.grpc.stub.ClientCalls.toStatusRuntimeException(ClientCalls.java:233)
	at org.apache.ratis.thirdparty.io.grpc.stub.ClientCalls.getUnchecked(ClientCalls.java:214)
	at org.apache.ratis.thirdparty.io.grpc.stub.ClientCalls.blockingUnaryCall(ClientCalls.java:139)
	at org.apache.ratis.proto.grpc.AdminProtocolServiceGrpc$AdminProtocolServiceBlockingStub.groupManagement(AdminProtocolServiceGrpc.java:274)
	at org.apache.ratis.grpc.client.GrpcClientProtocolClient.lambda$groupAdd$3(GrpcClientProtocolClient.java:140)
	at org.apache.ratis.grpc.client.GrpcClientProtocolClient.blockingCall(GrpcClientProtocolClient.java:167)
	... 15 more
2019-09-20 09:27:13,521 [RATISCREATEPIPELINE2] ERROR pipeline.RatisPipelineProvider (RatisPipelineProvider.java:lambda$null$2(182)) - Failed invoke Ratis rpc org.apache.hadoop.hdds.scm.pipeline.RatisPipelineProvider$$Lambda$167/459597877@3b89fdd6 for 02b93e76-e4c6-4b67-b8a4-c536d9ab7224
org.apache.ratis.protocol.TimeoutIOException: deadline exceeded after 2999689977ns
	at org.apache.ratis.grpc.GrpcUtil.tryUnwrapException(GrpcUtil.java:82)
	at org.apache.ratis.grpc.GrpcUtil.unwrapException(GrpcUtil.java:75)
	at org.apache.ratis.grpc.client.GrpcClientProtocolClient.blockingCall(GrpcClientProtocolClient.java:169)
	at org.apache.ratis.grpc.client.GrpcClientProtocolClient.groupAdd(GrpcClientProtocolClient.java:138)
	at org.apache.ratis.grpc.client.GrpcClientRpc.sendRequest(GrpcClientRpc.java:94)
	at org.apache.ratis.client.impl.RaftClientImpl.sendRequest(RaftClientImpl.java:279)
	at org.apache.ratis.client.impl.RaftClientImpl.groupAdd(RaftClientImpl.java:206)
	at org.apache.hadoop.hdds.scm.pipeline.RatisPipelineProvider.lambda$initializePipeline$1(RatisPipelineProvider.java:141)
	at org.apache.hadoop.hdds.scm.pipeline.RatisPipelineProvider.lambda$null$2(RatisPipelineProvider.java:178)
	at java.util.stream.ForEachOps$ForEachOp$OfRef.accept(ForEachOps.java:184)
	at java.util.ArrayList$ArrayListSpliterator.forEachRemaining(ArrayList.java:1382)
	at java.util.stream.AbstractPipeline.copyInto(AbstractPipeline.java:482)
	at java.util.stream.ForEachOps$ForEachTask.compute(ForEachOps.java:291)
	at java.util.concurrent.CountedCompleter.exec(CountedCompleter.java:731)
	at java.util.concurrent.ForkJoinTask.doExec(ForkJoinTask.java:289)
	at java.util.concurrent.ForkJoinPool$WorkQueue.runTask(ForkJoinPool.java:1056)
	at java.util.concurrent.ForkJoinPool.runWorker(ForkJoinPool.java:1692)
	at java.util.concurrent.ForkJoinWorkerThread.run(ForkJoinWorkerThread.java:157)
Caused by: org.apache.ratis.thirdparty.io.grpc.StatusRuntimeException: DEADLINE_EXCEEDED: deadline exceeded after 2999689977ns
	at org.apache.ratis.thirdparty.io.grpc.stub.ClientCalls.toStatusRuntimeException(ClientCalls.java:233)
	at org.apache.ratis.thirdparty.io.grpc.stub.ClientCalls.getUnchecked(ClientCalls.java:214)
	at org.apache.ratis.thirdparty.io.grpc.stub.ClientCalls.blockingUnaryCall(ClientCalls.java:139)
	at org.apache.ratis.proto.grpc.AdminProtocolServiceGrpc$AdminProtocolServiceBlockingStub.groupManagement(AdminProtocolServiceGrpc.java:274)
	at org.apache.ratis.grpc.client.GrpcClientProtocolClient.lambda$groupAdd$3(GrpcClientProtocolClient.java:140)
	at org.apache.ratis.grpc.client.GrpcClientProtocolClient.blockingCall(GrpcClientProtocolClient.java:167)
	... 15 more
2019-09-20 09:27:13,521 [871e6485-c22a-483f-9e07-d19e754685be:group-6FE48D9F1AE6:LeaderElection109] INFO  segmented.SegmentedRaftLogWorker (SegmentedRaftLogWorker.java:startLogSegment(380)) - 871e6485-c22a-483f-9e07-d19e754685be-SegmentedRaftLogWorker:Storage Directory /workdir/hadoop-ozone/integration-test/target/test-dir/MiniOzoneClusterImpl-a33d77e5-464b-4d19-8e6b-a171e580bf0e/datanode-4/data/ratis/63abeb18-6deb-460d-a3af-6fe48d9f1ae6: Starting segment from index:0
2019-09-20 09:27:13,528 [main] ERROR pipeline.SCMPipelineManager (SCMPipelineManager.java:createPipeline(161)) - Pipeline creation failed due to exception: 3 exceptions [java.io.IOException: Failed invoke Ratis rpc org.apache.hadoop.hdds.scm.pipeline.RatisPipelineProvider$$Lambda$167/459597877@3b89fdd6 for 492ed782-6ab3-4ad9-945e-06def6ac7c96, java.io.IOException: Failed invoke Ratis rpc org.apache.hadoop.hdds.scm.pipeline.RatisPipelineProvider$$Lambda$167/459597877@3b89fdd6 for 871e6485-c22a-483f-9e07-d19e754685be, java.io.IOException: Failed invoke Ratis rpc org.apache.hadoop.hdds.scm.pipeline.RatisPipelineProvider$$Lambda$167/459597877@3b89fdd6 for 02b93e76-e4c6-4b67-b8a4-c536d9ab7224]
2019-09-20 09:27:13,521 [pool-49-thread-1] INFO  storage.RaftStorageDirectory (RaftStorageDirectory.java:tryLock(328)) - Lock on /workdir/hadoop-ozone/integration-test/target/test-dir/MiniOzoneClusterImpl-a33d77e5-464b-4d19-8e6b-a171e580bf0e/datanode-2/data/ratis/3dc72507-d271-47be-a7c5-80e08822c518/in_use.lock acquired by nodename 7145@pr-hdds-1569-p5fx8-1226042367
2019-09-20 09:27:13,520 [fd3cd5f9-4f1c-43ea-91b1-b85a1f6c3825-SegmentedRaftLogWorker:Storage Directory /workdir/hadoop-ozone/integration-test/target/test-dir/MiniOzoneClusterImpl-a33d77e5-464b-4d19-8e6b-a171e580bf0e/datanode-1/data/ratis/99b7d130-7675-4c6e-b443-140670c34868] ERROR segmented.SegmentedRaftLogWorker (SegmentedRaftLogWorker.java:run(323)) - fd3cd5f9-4f1c-43ea-91b1-b85a1f6c3825-SegmentedRaftLogWorker:Storage Directory /workdir/hadoop-ozone/integration-test/target/test-dir/MiniOzoneClusterImpl-a33d77e5-464b-4d19-8e6b-a171e580bf0e/datanode-1/data/ratis/99b7d130-7675-4c6e-b443-140670c34868 hit exception
java.lang.OutOfMemoryError: Direct buffer memory
	at java.nio.Bits.reserveMemory(Bits.java:666)
	at java.nio.DirectByteBuffer.<init>(DirectByteBuffer.java:123)
	at java.nio.ByteBuffer.allocateDirect(ByteBuffer.java:311)
	at org.apache.ratis.server.raftlog.segmented.BufferedWriteChannel.<init>(BufferedWriteChannel.java:41)
	at org.apache.ratis.server.raftlog.segmented.SegmentedRaftLogOutputStream.<init>(SegmentedRaftLogOutputStream.java:72)
	at org.apache.ratis.server.raftlog.segmented.SegmentedRaftLogWorker$StartLogSegment.execute(SegmentedRaftLogWorker.java:566)
	at org.apache.ratis.server.raftlog.segmented.SegmentedRaftLogWorker.run(SegmentedRaftLogWorker.java:289)
	at java.lang.Thread.run(Thread.java:748)
2019-09-20 09:27:13,270 [492ed782-6ab3-4ad9-945e-06def6ac7c96-SegmentedRaftLogWorker:Storage Directory /workdir/hadoop-ozone/integration-test/target/test-dir/MiniOzoneClusterImpl-a33d77e5-464b-4d19-8e6b-a171e580bf0e/datanode-2/data/ratis/4ac735e0-c63a-446b-9aba-73d4b665e0f9] INFO  impl.StateMachineUpdater (StateMachineUpdater.java:stopAndJoin(115)) - StateMachineUpdater:492ed782-6ab3-4ad9-945e-06def6ac7c96:group-73D4B665E0F9: set stopIndex = -1
2019-09-20 09:27:13,754 [492ed782-6ab3-4ad9-945e-06def6ac7c96-SegmentedRaftLogWorker:Storage Directory /workdir/hadoop-ozone/integration-test/target/test-dir/MiniOzoneClusterImpl-a33d77e5-464b-4d19-8e6b-a171e580bf0e/datanode-2/data/ratis/4ac735e0-c63a-446b-9aba-73d4b665e0f9] INFO  impl.RaftServerImpl (ServerState.java:close(394)) - 492ed782-6ab3-4ad9-945e-06def6ac7c96:group-73D4B665E0F9 closes. The last applied log index is -1
2019-09-20 09:27:13,269 [871e6485-c22a-483f-9e07-d19e754685be:group-0FA20B5362B8:LeaderElection108] INFO  impl.RoleInfo (RoleInfo.java:updateAndGet(143)) - 871e6485-c22a-483f-9e07-d19e754685be: start LeaderState
2019-09-20 09:27:13,269 [492ed782-6ab3-4ad9-945e-06def6ac7c96:group-B7AE4E66783D:LeaderElection112] INFO  impl.RoleInfo (RoleInfo.java:updateAndGet(143)) - 492ed782-6ab3-4ad9-945e-06def6ac7c96: start LeaderState
2019-09-20 09:27:13,268 [492ed782-6ab3-4ad9-945e-06def6ac7c96:group-E1A3C09B18D1:LeaderElection110] INFO  impl.RoleInfo (RoleInfo.java:updateAndGet(143)) - 492ed782-6ab3-4ad9-945e-06def6ac7c96: start LeaderState
2019-09-20 09:27:13,268 [pool-60-thread-1] INFO  server.RaftServerConfigKeys (ConfUtils.java:logGet(43)) - raft.server.log.queue.element-limit = 1024 (custom)
2019-09-20 09:27:13,268 [pool-27-thread-1] INFO  server.RaftServerConfigKeys (ConfUtils.java:logGet(43)) - raft.server.log.segment.size.max = 1048576 (custom)
2019-09-20 09:27:13,268 [492ed782-6ab3-4ad9-945e-06def6ac7c96-SegmentedRaftLogWorker:Storage Directory /workdir/hadoop-ozone/integration-test/target/test-dir/MiniOzoneClusterImpl-a33d77e5-464b-4d19-8e6b-a171e580bf0e/datanode-2/data/ratis/f262f600-4cd0-48f1-939b-7db849c7ba05] INFO  util.JmxRegister (JmxRegister.java:unregister(73)) - Successfully un-registered JMX Bean with object name Ratis:service=RaftServer,group=group-7DB849C7BA05,id=492ed782-6ab3-4ad9-945e-06def6ac7c96
2019-09-20 09:27:13,267 [pool-71-thread-1] INFO  server.RaftServerConfigKeys (ConfUtils.java:logGet(43)) - raft.server.log.statemachine.data.sync = true (default)
2019-09-20 09:27:13,267 [02b93e76-e4c6-4b67-b8a4-c536d9ab7224-SegmentedRaftLogWorker:Storage Directory /workdir/hadoop-ozone/integration-test/target/test-dir/MiniOzoneClusterImpl-a33d77e5-464b-4d19-8e6b-a171e580bf0e/datanode-0/data/ratis/6a88d884-846a-4444-9652-b9203607ae95] INFO  segmented.SegmentedRaftLogWorker (SegmentedRaftLogWorker.java:close(228)) - 02b93e76-e4c6-4b67-b8a4-c536d9ab7224-SegmentedRaftLogWorker:Storage Directory /workdir/hadoop-ozone/integration-test/target/test-dir/MiniOzoneClusterImpl-a33d77e5-464b-4d19-8e6b-a171e580bf0e/datanode-0/data/ratis/6a88d884-846a-4444-9652-b9203607ae95 close()
2019-09-20 09:27:13,267 [02b93e76-e4c6-4b67-b8a4-c536d9ab7224-SegmentedRaftLogWorker:Storage Directory /workdir/hadoop-ozone/integration-test/target/test-dir/MiniOzoneClusterImpl-a33d77e5-464b-4d19-8e6b-a171e580bf0e/datanode-0/data/ratis/f4384af3-873b-4134-86af-6f492938606b] INFO  segmented.SegmentedRaftLogWorker (SegmentedRaftLogWorker.java:close(228)) - 02b93e76-e4c6-4b67-b8a4-c536d9ab7224-SegmentedRaftLogWorker:Storage Directory /workdir/hadoop-ozone/integration-test/target/test-dir/MiniOzoneClusterImpl-a33d77e5-464b-4d19-8e6b-a171e580bf0e/datanode-0/data/ratis/f4384af3-873b-4134-86af-6f492938606b close()
2019-09-20 09:27:13,267 [02b93e76-e4c6-4b67-b8a4-c536d9ab7224:group-4F3B7E02669B:LeaderElection113] INFO  server.RaftServerConfigKeys (ConfUtils.java:logGet(43)) - raft.server.rpc.sleep.time = 25ms (default)
2019-09-20 09:27:13,757 | INFO  | SCMAudit | user=jenkins1000 | ip=192.168.36.99 | op=SEND_HEARTBEAT {datanodeUUID=871e6485-c22a-483f-9e07-d19e754685be, command=[]} | ret=SUCCESS |  
2019-09-20 09:27:13,267 [871e6485-c22a-483f-9e07-d19e754685be-SegmentedRaftLogWorker:Storage Directory /workdir/hadoop-ozone/integration-test/target/test-dir/MiniOzoneClusterImpl-a33d77e5-464b-4d19-8e6b-a171e580bf0e/datanode-4/data/ratis/6a2824d1-ead6-4874-957a-953e3776dfc8] INFO  impl.PendingRequests (PendingRequests.java:sendNotLeaderResponses(202)) - 871e6485-c22a-483f-9e07-d19e754685be-PendingRequests: sendNotLeaderResponses
2019-09-20 09:27:13,757 [02b93e76-e4c6-4b67-b8a4-c536d9ab7224:group-4F3B7E02669B:LeaderElection113] INFO  server.RaftServerConfigKeys (ConfUtils.java:logGet(43)) - raft.server.write.element-limit = 4096 (default)
2019-09-20 09:27:13,757 | INFO  | SCMAudit | user=jenkins1000 | ip=192.168.36.99 | op=SEND_HEARTBEAT {datanodeUUID=492ed782-6ab3-4ad9-945e-06def6ac7c96, command=[]} | ret=SUCCESS |  
2019-09-20 09:27:13,757 | INFO  | SCMAudit | user=jenkins1000 | ip=192.168.36.99 | op=SEND_HEARTBEAT {datanodeUUID=4840c00f-91d3-4881-a20b-4d0486ca97c0, command=[]} | ret=SUCCESS |  
2019-09-20 09:27:13,757 [871e6485-c22a-483f-9e07-d19e754685be-SegmentedRaftLogWorker:Storage Directory /workdir/hadoop-ozone/integration-test/target/test-dir/MiniOzoneClusterImpl-a33d77e5-464b-4d19-8e6b-a171e580bf0e/datanode-4/data/ratis/6a2824d1-ead6-4874-957a-953e3776dfc8] INFO  impl.StateMachineUpdater (StateMachineUpdater.java:stopAndJoin(115)) - StateMachineUpdater:871e6485-c22a-483f-9e07-d19e754685be:group-953E3776DFC8: set stopIndex = -1
2019-09-20 09:27:13,756 [pool-71-thread-1] INFO  server.RaftServerConfigKeys (ConfUtils.java:logGet(43)) - raft.server.log.statemachine.data.sync.timeout = 10s (default)
2019-09-20 09:27:13,758 [pool-71-thread-1] INFO  server.RaftServerConfigKeys (ConfUtils.java:logGet(43)) - raft.server.log.statemachine.data.sync.timeout.retry = -1 (default)
2019-09-20 09:27:13,758 | INFO  | SCMAudit | user=jenkins1000 | ip=192.168.36.99 | op=SEND_HEARTBEAT {datanodeUUID=02b93e76-e4c6-4b67-b8a4-c536d9ab7224, command=[]} | ret=SUCCESS |  
2019-09-20 09:27:13,756 [492ed782-6ab3-4ad9-945e-06def6ac7c96-SegmentedRaftLogWorker:Storage Directory /workdir/hadoop-ozone/integration-test/target/test-dir/MiniOzoneClusterImpl-a33d77e5-464b-4d19-8e6b-a171e580bf0e/datanode-2/data/ratis/f262f600-4cd0-48f1-939b-7db849c7ba05] INFO  impl.RoleInfo (RoleInfo.java:shutdownLeaderState(104)) - 492ed782-6ab3-4ad9-945e-06def6ac7c96: shutdown LeaderState
2019-09-20 09:27:13,756 [pool-27-thread-1] INFO  server.RaftServerConfigKeys (ConfUtils.java:logGet(43)) - raft.server.log.preallocated.size = 16384 (custom)
2019-09-20 09:27:13,755 [pool-60-thread-1] INFO  server.RaftServerConfigKeys (ConfUtils.java:logGet(43)) - raft.server.log.segment.size.max = 1048576 (custom)
2019-09-20 09:27:13,755 [492ed782-6ab3-4ad9-945e-06def6ac7c96:group-E1A3C09B18D1:LeaderElection110] INFO  segmented.SegmentedRaftLogWorker (SegmentedRaftLogWorker.java:startLogSegment(380)) - 492ed782-6ab3-4ad9-945e-06def6ac7c96-SegmentedRaftLogWorker:Storage Directory /workdir/hadoop-ozone/integration-test/target/test-dir/MiniOzoneClusterImpl-a33d77e5-464b-4d19-8e6b-a171e580bf0e/datanode-2/data/ratis/26ca671f-000e-4a90-9d59-e1a3c09b18d1: Starting segment from index:0
2019-09-20 09:27:13,755 [492ed782-6ab3-4ad9-945e-06def6ac7c96:group-B7AE4E66783D:LeaderElection112] INFO  segmented.SegmentedRaftLogWorker (SegmentedRaftLogWorker.java:startLogSegment(380)) - 492ed782-6ab3-4ad9-945e-06def6ac7c96-SegmentedRaftLogWorker:Storage Directory /workdir/hadoop-ozone/integration-test/target/test-dir/MiniOzoneClusterImpl-a33d77e5-464b-4d19-8e6b-a171e580bf0e/datanode-2/data/ratis/8d6fa30d-a839-4b24-be6d-b7ae4e66783d: Starting segment from index:0
2019-09-20 09:27:13,755 [871e6485-c22a-483f-9e07-d19e754685be:group-0FA20B5362B8:LeaderElection108] INFO  segmented.SegmentedRaftLogWorker (SegmentedRaftLogWorker.java:startLogSegment(380)) - 871e6485-c22a-483f-9e07-d19e754685be-SegmentedRaftLogWorker:Storage Directory /workdir/hadoop-ozone/integration-test/target/test-dir/MiniOzoneClusterImpl-a33d77e5-464b-4d19-8e6b-a171e580bf0e/datanode-4/data/ratis/239197b1-ba5c-4e20-8f18-0fa20b5362b8: Starting segment from index:0
2019-09-20 09:27:13,755 [492ed782-6ab3-4ad9-945e-06def6ac7c96-SegmentedRaftLogWorker:Storage Directory /workdir/hadoop-ozone/integration-test/target/test-dir/MiniOzoneClusterImpl-a33d77e5-464b-4d19-8e6b-a171e580bf0e/datanode-2/data/ratis/4ac735e0-c63a-446b-9aba-73d4b665e0f9] INFO  segmented.SegmentedRaftLogWorker (SegmentedRaftLogWorker.java:close(228)) - 492ed782-6ab3-4ad9-945e-06def6ac7c96-SegmentedRaftLogWorker:Storage Directory /workdir/hadoop-ozone/integration-test/target/test-dir/MiniOzoneClusterImpl-a33d77e5-464b-4d19-8e6b-a171e580bf0e/datanode-2/data/ratis/4ac735e0-c63a-446b-9aba-73d4b665e0f9 close()
2019-09-20 09:27:14,038 [492ed782-6ab3-4ad9-945e-06def6ac7c96:group-B7AE4E66783D:LeaderElection112] INFO  impl.RaftServerImpl (ServerState.java:setRaftConf(361)) - 492ed782-6ab3-4ad9-945e-06def6ac7c96:group-B7AE4E66783D set configuration 0: [492ed782-6ab3-4ad9-945e-06def6ac7c96:192.168.36.99:32835], old=null at 0
2019-09-20 09:27:13,754 [fd3cd5f9-4f1c-43ea-91b1-b85a1f6c3825-SegmentedRaftLogWorker:Storage Directory /workdir/hadoop-ozone/integration-test/target/test-dir/MiniOzoneClusterImpl-a33d77e5-464b-4d19-8e6b-a171e580bf0e/datanode-1/data/ratis/99b7d130-7675-4c6e-b443-140670c34868] INFO  impl.RaftServerImpl (RaftServerImpl.java:lambda$shutdown$3(245)) - fd3cd5f9-4f1c-43ea-91b1-b85a1f6c3825: shutdown group-140670C34868
2019-09-20 09:27:13,735 [871e6485-c22a-483f-9e07-d19e754685be:group-6FE48D9F1AE6:LeaderElection109] INFO  impl.RaftServerImpl (ServerState.java:setRaftConf(361)) - 871e6485-c22a-483f-9e07-d19e754685be:group-6FE48D9F1AE6 set configuration 0: [871e6485-c22a-483f-9e07-d19e754685be:192.168.36.99:41076], old=null at 0
2019-09-20 09:27:14,038 | INFO  | SCMAudit | user=jenkins1000 | ip=192.168.36.99 | op=SEND_HEARTBEAT {datanodeUUID=dc7f40a9-6782-42c4-abab-c6b1682da047, command=[]} | ret=SUCCESS |  
2019-09-20 09:27:14,248 | INFO  | SCMAudit | user=jenkins1000 | ip=192.168.36.99 | op=SEND_HEARTBEAT {datanodeUUID=fd3cd5f9-4f1c-43ea-91b1-b85a1f6c3825, command=[]} | ret=SUCCESS |  
2019-09-20 09:27:13,523 [grpc-default-worker-ELG-3-4] WARN  nio.NioEventLoop (NioEventLoop.java:select(786)) - Selector.select() returned prematurely {} times in a row; rebuilding Selector {}.
2019-09-20 09:27:13,522 [02b93e76-e4c6-4b67-b8a4-c536d9ab7224-SegmentedRaftLogWorker:Storage Directory /workdir/hadoop-ozone/integration-test/target/test-dir/MiniOzoneClusterImpl-a33d77e5-464b-4d19-8e6b-a171e580bf0e/datanode-0/data/ratis/835ae1a7-52b3-454b-9057-6193b43ae77d] INFO  impl.StateMachineUpdater (StateMachineUpdater.java:stopAndJoin(115)) - StateMachineUpdater:02b93e76-e4c6-4b67-b8a4-c536d9ab7224:group-6193B43AE77D: set stopIndex = -1
2019-09-20 09:27:13,522 [492ed782-6ab3-4ad9-945e-06def6ac7c96-SegmentedRaftLogWorker:Storage Directory /workdir/hadoop-ozone/integration-test/target/test-dir/MiniOzoneClusterImpl-a33d77e5-464b-4d19-8e6b-a171e580bf0e/datanode-2/data/ratis/a4e5dc5a-cd8d-4278-9b39-5ea3deb86097] INFO  segmented.SegmentedRaftLogWorker (SegmentedRaftLogWorker.java:close(228)) - 492ed782-6ab3-4ad9-945e-06def6ac7c96-SegmentedRaftLogWorker:Storage Directory /workdir/hadoop-ozone/integration-test/target/test-dir/MiniOzoneClusterImpl-a33d77e5-464b-4d19-8e6b-a171e580bf0e/datanode-2/data/ratis/a4e5dc5a-cd8d-4278-9b39-5ea3deb86097 close()
2019-09-20 09:27:13,522 [4840c00f-91d3-4881-a20b-4d0486ca97c0-SegmentedRaftLogWorker:Storage Directory /workdir/hadoop-ozone/integration-test/target/test-dir/MiniOzoneClusterImpl-a33d77e5-464b-4d19-8e6b-a171e580bf0e/datanode-3/data/ratis/54db80f4-29bf-46f9-affe-e1482c968ae7] INFO  impl.RaftServerImpl (ServerState.java:close(394)) - 4840c00f-91d3-4881-a20b-4d0486ca97c0:group-E1482C968AE7 closes. The last applied log index is -1
2019-09-20 09:27:13,522 [4840c00f-91d3-4881-a20b-4d0486ca97c0-SegmentedRaftLogWorker:Storage Directory /workdir/hadoop-ozone/integration-test/target/test-dir/MiniOzoneClusterImpl-a33d77e5-464b-4d19-8e6b-a171e580bf0e/datanode-3/data/ratis/eccaa45b-011f-4fe7-b7de-3f30d8b52b66] INFO  impl.StateMachineUpdater (StateMachineUpdater.java:stopAndJoin(115)) - StateMachineUpdater:4840c00f-91d3-4881-a20b-4d0486ca97c0:group-3F30D8B52B66: set stopIndex = -1
2019-09-20 09:27:14,522 [4840c00f-91d3-4881-a20b-4d0486ca97c0-SegmentedRaftLogWorker:Storage Directory /workdir/hadoop-ozone/integration-test/target/test-dir/MiniOzoneClusterImpl-a33d77e5-464b-4d19-8e6b-a171e580bf0e/datanode-3/data/ratis/54db80f4-29bf-46f9-affe-e1482c968ae7] INFO  segmented.SegmentedRaftLogWorker (SegmentedRaftLogWorker.java:close(228)) - 4840c00f-91d3-4881-a20b-4d0486ca97c0-SegmentedRaftLogWorker:Storage Directory /workdir/hadoop-ozone/integration-test/target/test-dir/MiniOzoneClusterImpl-a33d77e5-464b-4d19-8e6b-a171e580bf0e/datanode-3/data/ratis/54db80f4-29bf-46f9-affe-e1482c968ae7 close()
2019-09-20 09:27:14,522 [grpc-default-worker-ELG-3-4] INFO  nio.NioEventLoop (NioEventLoop.java:rebuildSelector0(396)) - Migrated 1 channel(s) to the new Selector.
2019-09-20 09:27:14,521 [02b93e76-e4c6-4b67-b8a4-c536d9ab7224-SegmentedRaftLogWorker:Storage Directory /workdir/hadoop-ozone/integration-test/target/test-dir/MiniOzoneClusterImpl-a33d77e5-464b-4d19-8e6b-a171e580bf0e/datanode-0/data/ratis/835ae1a7-52b3-454b-9057-6193b43ae77d] INFO  impl.RaftServerImpl (ServerState.java:close(394)) - 02b93e76-e4c6-4b67-b8a4-c536d9ab7224:group-6193B43AE77D closes. The last applied log index is -1
2019-09-20 09:27:14,520 [871e6485-c22a-483f-9e07-d19e754685be-SegmentedRaftLogWorker:Storage Directory /workdir/hadoop-ozone/integration-test/target/test-dir/MiniOzoneClusterImpl-a33d77e5-464b-4d19-8e6b-a171e580bf0e/datanode-4/data/ratis/5c6af080-9448-4f2b-85bc-251e202153ef] ERROR segmented.SegmentedRaftLogWorker (SegmentedRaftLogWorker.java:run(323)) - 871e6485-c22a-483f-9e07-d19e754685be-SegmentedRaftLogWorker:Storage Directory /workdir/hadoop-ozone/integration-test/target/test-dir/MiniOzoneClusterImpl-a33d77e5-464b-4d19-8e6b-a171e580bf0e/datanode-4/data/ratis/5c6af080-9448-4f2b-85bc-251e202153ef hit exception
java.lang.OutOfMemoryError: Direct buffer memory
	at java.nio.Bits.reserveMemory(Bits.java:666)
	at java.nio.DirectByteBuffer.<init>(DirectByteBuffer.java:123)
	at java.nio.ByteBuffer.allocateDirect(ByteBuffer.java:311)
	at org.apache.ratis.server.raftlog.segmented.BufferedWriteChannel.<init>(BufferedWriteChannel.java:41)
	at org.apache.ratis.server.raftlog.segmented.SegmentedRaftLogOutputStream.<init>(SegmentedRaftLogOutputStream.java:72)
	at org.apache.ratis.server.raftlog.segmented.SegmentedRaftLogWorker$StartLogSegment.execute(SegmentedRaftLogWorker.java:566)
	at org.apache.ratis.server.raftlog.segmented.SegmentedRaftLogWorker.run(SegmentedRaftLogWorker.java:289)
	at java.lang.Thread.run(Thread.java:748)
2019-09-20 09:27:14,523 [871e6485-c22a-483f-9e07-d19e754685be-SegmentedRaftLogWorker:Storage Directory /workdir/hadoop-ozone/integration-test/target/test-dir/MiniOzoneClusterImpl-a33d77e5-464b-4d19-8e6b-a171e580bf0e/datanode-4/data/ratis/5c6af080-9448-4f2b-85bc-251e202153ef] INFO  impl.RaftServerImpl (RaftServerImpl.java:lambda$shutdown$3(245)) - 871e6485-c22a-483f-9e07-d19e754685be: shutdown group-251E202153EF
2019-09-20 09:27:14,520 [492ed782-6ab3-4ad9-945e-06def6ac7c96-SegmentedRaftLogWorker:Storage Directory /workdir/hadoop-ozone/integration-test/target/test-dir/MiniOzoneClusterImpl-a33d77e5-464b-4d19-8e6b-a171e580bf0e/datanode-2/data/ratis/88a952cd-d10d-41a2-8b2f-dee5cb996035] ERROR segmented.SegmentedRaftLogWorker (SegmentedRaftLogWorker.java:run(323)) - 492ed782-6ab3-4ad9-945e-06def6ac7c96-SegmentedRaftLogWorker:Storage Directory /workdir/hadoop-ozone/integration-test/target/test-dir/MiniOzoneClusterImpl-a33d77e5-464b-4d19-8e6b-a171e580bf0e/datanode-2/data/ratis/88a952cd-d10d-41a2-8b2f-dee5cb996035 hit exception
java.lang.OutOfMemoryError: Direct buffer memory
	at java.nio.Bits.reserveMemory(Bits.java:666)
	at java.nio.DirectByteBuffer.<init>(DirectByteBuffer.java:123)
	at java.nio.ByteBuffer.allocateDirect(ByteBuffer.java:311)
	at org.apache.ratis.server.raftlog.segmented.BufferedWriteChannel.<init>(BufferedWriteChannel.java:41)
	at org.apache.ratis.server.raftlog.segmented.SegmentedRaftLogOutputStream.<init>(SegmentedRaftLogOutputStream.java:72)
	at org.apache.ratis.server.raftlog.segmented.SegmentedRaftLogWorker$StartLogSegment.execute(SegmentedRaftLogWorker.java:566)
	at org.apache.ratis.server.raftlog.segmented.SegmentedRaftLogWorker.run(SegmentedRaftLogWorker.java:289)
	at java.lang.Thread.run(Thread.java:748)
2019-09-20 09:27:14,523 [492ed782-6ab3-4ad9-945e-06def6ac7c96-SegmentedRaftLogWorker:Storage Directory /workdir/hadoop-ozone/integration-test/target/test-dir/MiniOzoneClusterImpl-a33d77e5-464b-4d19-8e6b-a171e580bf0e/datanode-2/data/ratis/88a952cd-d10d-41a2-8b2f-dee5cb996035] INFO  impl.RaftServerImpl (RaftServerImpl.java:lambda$shutdown$3(245)) - 492ed782-6ab3-4ad9-945e-06def6ac7c96: shutdown group-DEE5CB996035
2019-09-20 09:27:14,248 [fd3cd5f9-4f1c-43ea-91b1-b85a1f6c3825-SegmentedRaftLogWorker:Storage Directory /workdir/hadoop-ozone/integration-test/target/test-dir/MiniOzoneClusterImpl-a33d77e5-464b-4d19-8e6b-a171e580bf0e/datanode-1/data/ratis/99b7d130-7675-4c6e-b443-140670c34868] INFO  util.JmxRegister (JmxRegister.java:unregister(73)) - Successfully un-registered JMX Bean with object name Ratis:service=RaftServer,group=group-140670C34868,id=fd3cd5f9-4f1c-43ea-91b1-b85a1f6c3825
2019-09-20 09:27:14,248 [871e6485-c22a-483f-9e07-d19e754685be:group-0FA20B5362B8:LeaderElection108] INFO  impl.RaftServerImpl (ServerState.java:setRaftConf(361)) - 871e6485-c22a-483f-9e07-d19e754685be:group-0FA20B5362B8 set configuration 0: [871e6485-c22a-483f-9e07-d19e754685be:192.168.36.99:41076], old=null at 0
2019-09-20 09:27:14,038 [pool-49-thread-1] INFO  storage.RaftStorage (RaftStorage.java:format(72)) - Storage directory /workdir/hadoop-ozone/integration-test/target/test-dir/MiniOzoneClusterImpl-a33d77e5-464b-4d19-8e6b-a171e580bf0e/datanode-2/data/ratis/3dc72507-d271-47be-a7c5-80e08822c518 has been successfully formatted.
2019-09-20 09:27:14,037 [492ed782-6ab3-4ad9-945e-06def6ac7c96-SegmentedRaftLogWorker:Storage Directory /workdir/hadoop-ozone/integration-test/target/test-dir/MiniOzoneClusterImpl-a33d77e5-464b-4d19-8e6b-a171e580bf0e/datanode-2/data/ratis/2e81f47e-b7b0-4b34-a7c0-dbc605e3e4fa] ERROR segmented.SegmentedRaftLogWorker (SegmentedRaftLogWorker.java:run(323)) - 492ed782-6ab3-4ad9-945e-06def6ac7c96-SegmentedRaftLogWorker:Storage Directory /workdir/hadoop-ozone/integration-test/target/test-dir/MiniOzoneClusterImpl-a33d77e5-464b-4d19-8e6b-a171e580bf0e/datanode-2/data/ratis/2e81f47e-b7b0-4b34-a7c0-dbc605e3e4fa hit exception
java.lang.OutOfMemoryError: Direct buffer memory
	at java.nio.Bits.reserveMemory(Bits.java:666)
	at java.nio.DirectByteBuffer.<init>(DirectByteBuffer.java:123)
	at java.nio.ByteBuffer.allocateDirect(ByteBuffer.java:311)
	at org.apache.ratis.server.raftlog.segmented.BufferedWriteChannel.<init>(BufferedWriteChannel.java:41)
	at org.apache.ratis.server.raftlog.segmented.SegmentedRaftLogOutputStream.<init>(SegmentedRaftLogOutputStream.java:72)
	at org.apache.ratis.server.raftlog.segmented.SegmentedRaftLogWorker$StartLogSegment.execute(SegmentedRaftLogWorker.java:566)
	at org.apache.ratis.server.raftlog.segmented.SegmentedRaftLogWorker.run(SegmentedRaftLogWorker.java:289)
	at java.lang.Thread.run(Thread.java:748)
2019-09-20 09:27:14,524 [492ed782-6ab3-4ad9-945e-06def6ac7c96-SegmentedRaftLogWorker:Storage Directory /workdir/hadoop-ozone/integration-test/target/test-dir/MiniOzoneClusterImpl-a33d77e5-464b-4d19-8e6b-a171e580bf0e/datanode-2/data/ratis/2e81f47e-b7b0-4b34-a7c0-dbc605e3e4fa] INFO  impl.RaftServerImpl (RaftServerImpl.java:lambda$shutdown$3(245)) - 492ed782-6ab3-4ad9-945e-06def6ac7c96: shutdown group-DBC605E3E4FA
2019-09-20 09:27:14,037 [02b93e76-e4c6-4b67-b8a4-c536d9ab7224-SegmentedRaftLogWorker:Storage Directory /workdir/hadoop-ozone/integration-test/target/test-dir/MiniOzoneClusterImpl-a33d77e5-464b-4d19-8e6b-a171e580bf0e/datanode-0/data/ratis/326e641a-40f6-4bac-b1fa-45895a567d29] ERROR segmented.SegmentedRaftLogWorker (SegmentedRaftLogWorker.java:run(323)) - 02b93e76-e4c6-4b67-b8a4-c536d9ab7224-SegmentedRaftLogWorker:Storage Directory /workdir/hadoop-ozone/integration-test/target/test-dir/MiniOzoneClusterImpl-a33d77e5-464b-4d19-8e6b-a171e580bf0e/datanode-0/data/ratis/326e641a-40f6-4bac-b1fa-45895a567d29 hit exception
java.lang.OutOfMemoryError: Direct buffer memory
	at java.nio.Bits.reserveMemory(Bits.java:666)
	at java.nio.DirectByteBuffer.<init>(DirectByteBuffer.java:123)
	at java.nio.ByteBuffer.allocateDirect(ByteBuffer.java:311)
	at org.apache.ratis.server.raftlog.segmented.BufferedWriteChannel.<init>(BufferedWriteChannel.java:41)
	at org.apache.ratis.server.raftlog.segmented.SegmentedRaftLogOutputStream.<init>(SegmentedRaftLogOutputStream.java:72)
	at org.apache.ratis.server.raftlog.segmented.SegmentedRaftLogWorker$StartLogSegment.execute(SegmentedRaftLogWorker.java:566)
	at org.apache.ratis.server.raftlog.segmented.SegmentedRaftLogWorker.run(SegmentedRaftLogWorker.java:289)
	at java.lang.Thread.run(Thread.java:748)
2019-09-20 09:27:14,525 [02b93e76-e4c6-4b67-b8a4-c536d9ab7224-SegmentedRaftLogWorker:Storage Directory /workdir/hadoop-ozone/integration-test/target/test-dir/MiniOzoneClusterImpl-a33d77e5-464b-4d19-8e6b-a171e580bf0e/datanode-0/data/ratis/326e641a-40f6-4bac-b1fa-45895a567d29] INFO  impl.RaftServerImpl (RaftServerImpl.java:lambda$shutdown$3(245)) - 02b93e76-e4c6-4b67-b8a4-c536d9ab7224: shutdown group-45895A567D29
2019-09-20 09:27:14,037 [492ed782-6ab3-4ad9-945e-06def6ac7c96-SegmentedRaftLogWorker:Storage Directory /workdir/hadoop-ozone/integration-test/target/test-dir/MiniOzoneClusterImpl-a33d77e5-464b-4d19-8e6b-a171e580bf0e/datanode-2/data/ratis/24e50659-fe05-42b8-9928-6edd1d14131d] ERROR segmented.SegmentedRaftLogWorker (SegmentedRaftLogWorker.java:run(323)) - 492ed782-6ab3-4ad9-945e-06def6ac7c96-SegmentedRaftLogWorker:Storage Directory /workdir/hadoop-ozone/integration-test/target/test-dir/MiniOzoneClusterImpl-a33d77e5-464b-4d19-8e6b-a171e580bf0e/datanode-2/data/ratis/24e50659-fe05-42b8-9928-6edd1d14131d hit exception
java.lang.OutOfMemoryError: Direct buffer memory
	at java.nio.Bits.reserveMemory(Bits.java:666)
	at java.nio.DirectByteBuffer.<init>(DirectByteBuffer.java:123)
	at java.nio.ByteBuffer.allocateDirect(ByteBuffer.java:311)
	at org.apache.ratis.server.raftlog.segmented.BufferedWriteChannel.<init>(BufferedWriteChannel.java:41)
	at org.apache.ratis.server.raftlog.segmented.SegmentedRaftLogOutputStream.<init>(SegmentedRaftLogOutputStream.java:72)
	at org.apache.ratis.server.raftlog.segmented.SegmentedRaftLogWorker$StartLogSegment.execute(SegmentedRaftLogWorker.java:566)
	at org.apache.ratis.server.raftlog.segmented.SegmentedRaftLogWorker.run(SegmentedRaftLogWorker.java:289)
	at java.lang.Thread.run(Thread.java:748)
2019-09-20 09:27:13,759 [492ed782-6ab3-4ad9-945e-06def6ac7c96:group-E1A3C09B18D1:LeaderElection110] INFO  impl.RaftServerImpl (ServerState.java:setRaftConf(361)) - 492ed782-6ab3-4ad9-945e-06def6ac7c96:group-E1A3C09B18D1 set configuration 0: [492ed782-6ab3-4ad9-945e-06def6ac7c96:192.168.36.99:32835], old=null at 0
2019-09-20 09:27:13,759 [pool-60-thread-1] INFO  server.RaftServerConfigKeys (ConfUtils.java:logGet(43)) - raft.server.log.preallocated.size = 16384 (custom)
2019-09-20 09:27:13,758 [pool-27-thread-1] INFO  server.RaftServerConfigKeys (ConfUtils.java:logGet(43)) - raft.server.log.write.buffer.size = 33554432 (custom)
2019-09-20 09:27:14,526 [pool-27-thread-1] INFO  server.RaftServerConfigKeys (ConfUtils.java:logGet(43)) - raft.server.log.force.sync.num = 128 (default)
2019-09-20 09:27:13,758 [492ed782-6ab3-4ad9-945e-06def6ac7c96-SegmentedRaftLogWorker:Storage Directory /workdir/hadoop-ozone/integration-test/target/test-dir/MiniOzoneClusterImpl-a33d77e5-464b-4d19-8e6b-a171e580bf0e/datanode-2/data/ratis/f262f600-4cd0-48f1-939b-7db849c7ba05] INFO  impl.PendingRequests (PendingRequests.java:sendNotLeaderResponses(202)) - 492ed782-6ab3-4ad9-945e-06def6ac7c96-PendingRequests: sendNotLeaderResponses
2019-09-20 09:27:13,758 [pool-71-thread-1] INFO  server.RaftServerConfigKeys (ConfUtils.java:logGet(43)) - raft.server.log.statemachine.data.caching.enabled = true (custom)
2019-09-20 09:27:13,758 [871e6485-c22a-483f-9e07-d19e754685be-SegmentedRaftLogWorker:Storage Directory /workdir/hadoop-ozone/integration-test/target/test-dir/MiniOzoneClusterImpl-a33d77e5-464b-4d19-8e6b-a171e580bf0e/datanode-4/data/ratis/6a2824d1-ead6-4874-957a-953e3776dfc8] INFO  impl.RaftServerImpl (ServerState.java:close(394)) - 871e6485-c22a-483f-9e07-d19e754685be:group-953E3776DFC8 closes. The last applied log index is -1
2019-09-20 09:27:13,757 [02b93e76-e4c6-4b67-b8a4-c536d9ab7224:group-4F3B7E02669B:LeaderElection113] INFO  server.RaftServerConfigKeys (ConfUtils.java:logGet(43)) - raft.server.watch.timeout = 10s (default)
2019-09-20 09:27:14,527 [871e6485-c22a-483f-9e07-d19e754685be-SegmentedRaftLogWorker:Storage Directory /workdir/hadoop-ozone/integration-test/target/test-dir/MiniOzoneClusterImpl-a33d77e5-464b-4d19-8e6b-a171e580bf0e/datanode-4/data/ratis/6a2824d1-ead6-4874-957a-953e3776dfc8] INFO  segmented.SegmentedRaftLogWorker (SegmentedRaftLogWorker.java:close(228)) - 871e6485-c22a-483f-9e07-d19e754685be-SegmentedRaftLogWorker:Storage Directory /workdir/hadoop-ozone/integration-test/target/test-dir/MiniOzoneClusterImpl-a33d77e5-464b-4d19-8e6b-a171e580bf0e/datanode-4/data/ratis/6a2824d1-ead6-4874-957a-953e3776dfc8 close()
2019-09-20 09:27:14,527 [pool-71-thread-1] INFO  segmented.SegmentedRaftLogWorker (SegmentedRaftLogWorker.java:lambda$new$0(132)) - 871e6485-c22a-483f-9e07-d19e754685be-SegmentedRaftLogWorker:Storage Directory /workdir/hadoop-ozone/integration-test/target/test-dir/MiniOzoneClusterImpl-a33d77e5-464b-4d19-8e6b-a171e580bf0e/datanode-4/data/ratis/11c0d268-50d7-478a-8c7c-37c7f6d04707: flushIndex: setUnconditionally 0 -> -1
2019-09-20 09:27:14,526 [492ed782-6ab3-4ad9-945e-06def6ac7c96-SegmentedRaftLogWorker:Storage Directory /workdir/hadoop-ozone/integration-test/target/test-dir/MiniOzoneClusterImpl-a33d77e5-464b-4d19-8e6b-a171e580bf0e/datanode-2/data/ratis/f262f600-4cd0-48f1-939b-7db849c7ba05] INFO  impl.StateMachineUpdater (StateMachineUpdater.java:stopAndJoin(115)) - StateMachineUpdater:492ed782-6ab3-4ad9-945e-06def6ac7c96:group-7DB849C7BA05: set stopIndex = -1
2019-09-20 09:27:14,527 [492ed782-6ab3-4ad9-945e-06def6ac7c96-SegmentedRaftLogWorker:Storage Directory /workdir/hadoop-ozone/integration-test/target/test-dir/MiniOzoneClusterImpl-a33d77e5-464b-4d19-8e6b-a171e580bf0e/datanode-2/data/ratis/f262f600-4cd0-48f1-939b-7db849c7ba05] INFO  impl.RaftServerImpl (ServerState.java:close(394)) - 492ed782-6ab3-4ad9-945e-06def6ac7c96:group-7DB849C7BA05 closes. The last applied log index is -1
2019-09-20 09:27:14,526 [pool-27-thread-1] INFO  server.RaftServerConfigKeys (ConfUtils.java:logGet(43)) - raft.server.log.statemachine.data.sync = true (default)
2019-09-20 09:27:14,526 [grpc-default-executor-2] INFO  impl.RaftServerProxy (RaftServerProxy.java:addNew(89)) - 492ed782-6ab3-4ad9-945e-06def6ac7c96: addNew group-DBFCCBCC0585:[492ed782-6ab3-4ad9-945e-06def6ac7c96:192.168.36.99:32835] returns group-DBFCCBCC0585:java.util.concurrent.CompletableFuture@66072ca[Not completed]
2019-09-20 09:27:14,526 [pool-60-thread-1] INFO  server.RaftServerConfigKeys (ConfUtils.java:logGet(43)) - raft.server.log.write.buffer.size = 33554432 (custom)
2019-09-20 09:27:14,525 [492ed782-6ab3-4ad9-945e-06def6ac7c96-SegmentedRaftLogWorker:Storage Directory /workdir/hadoop-ozone/integration-test/target/test-dir/MiniOzoneClusterImpl-a33d77e5-464b-4d19-8e6b-a171e580bf0e/datanode-2/data/ratis/24e50659-fe05-42b8-9928-6edd1d14131d] INFO  impl.RaftServerImpl (RaftServerImpl.java:lambda$shutdown$3(245)) - 492ed782-6ab3-4ad9-945e-06def6ac7c96: shutdown group-6EDD1D14131D
2019-09-20 09:27:14,525 [02b93e76-e4c6-4b67-b8a4-c536d9ab7224-SegmentedRaftLogWorker:Storage Directory /workdir/hadoop-ozone/integration-test/target/test-dir/MiniOzoneClusterImpl-a33d77e5-464b-4d19-8e6b-a171e580bf0e/datanode-0/data/ratis/326e641a-40f6-4bac-b1fa-45895a567d29] INFO  util.JmxRegister (JmxRegister.java:unregister(73)) - Successfully un-registered JMX Bean with object name Ratis:service=RaftServer,group=group-45895A567D29,id=02b93e76-e4c6-4b67-b8a4-c536d9ab7224
2019-09-20 09:27:14,525 [492ed782-6ab3-4ad9-945e-06def6ac7c96-SegmentedRaftLogWorker:Storage Directory /workdir/hadoop-ozone/integration-test/target/test-dir/MiniOzoneClusterImpl-a33d77e5-464b-4d19-8e6b-a171e580bf0e/datanode-2/data/ratis/2e81f47e-b7b0-4b34-a7c0-dbc605e3e4fa] INFO  util.JmxRegister (JmxRegister.java:unregister(73)) - Successfully un-registered JMX Bean with object name Ratis:service=RaftServer,group=group-DBC605E3E4FA,id=492ed782-6ab3-4ad9-945e-06def6ac7c96
2019-09-20 09:27:14,524 [pool-49-thread-1] INFO  ratis.ContainerStateMachine (ContainerStateMachine.java:loadSnapshot(226)) - group-80E08822C518: The snapshot info is null. Setting the last applied indexto:(t:0, i:~)
2019-09-20 09:27:14,524 [fd3cd5f9-4f1c-43ea-91b1-b85a1f6c3825-SegmentedRaftLogWorker:Storage Directory /workdir/hadoop-ozone/integration-test/target/test-dir/MiniOzoneClusterImpl-a33d77e5-464b-4d19-8e6b-a171e580bf0e/datanode-1/data/ratis/99b7d130-7675-4c6e-b443-140670c34868] INFO  impl.RoleInfo (RoleInfo.java:shutdownLeaderState(104)) - fd3cd5f9-4f1c-43ea-91b1-b85a1f6c3825: shutdown LeaderState
2019-09-20 09:27:14,523 [492ed782-6ab3-4ad9-945e-06def6ac7c96-SegmentedRaftLogWorker:Storage Directory /workdir/hadoop-ozone/integration-test/target/test-dir/MiniOzoneClusterImpl-a33d77e5-464b-4d19-8e6b-a171e580bf0e/datanode-2/data/ratis/88a952cd-d10d-41a2-8b2f-dee5cb996035] INFO  util.JmxRegister (JmxRegister.java:unregister(73)) - Successfully un-registered JMX Bean with object name Ratis:service=RaftServer,group=group-DEE5CB996035,id=492ed782-6ab3-4ad9-945e-06def6ac7c96
2019-09-20 09:27:14,523 [871e6485-c22a-483f-9e07-d19e754685be-SegmentedRaftLogWorker:Storage Directory /workdir/hadoop-ozone/integration-test/target/test-dir/MiniOzoneClusterImpl-a33d77e5-464b-4d19-8e6b-a171e580bf0e/datanode-4/data/ratis/5c6af080-9448-4f2b-85bc-251e202153ef] INFO  util.JmxRegister (JmxRegister.java:unregister(73)) - Successfully un-registered JMX Bean with object name Ratis:service=RaftServer,group=group-251E202153EF,id=871e6485-c22a-483f-9e07-d19e754685be
2019-09-20 09:27:14,522 [02b93e76-e4c6-4b67-b8a4-c536d9ab7224-SegmentedRaftLogWorker:Storage Directory /workdir/hadoop-ozone/integration-test/target/test-dir/MiniOzoneClusterImpl-a33d77e5-464b-4d19-8e6b-a171e580bf0e/datanode-0/data/ratis/835ae1a7-52b3-454b-9057-6193b43ae77d] INFO  segmented.SegmentedRaftLogWorker (SegmentedRaftLogWorker.java:close(228)) - 02b93e76-e4c6-4b67-b8a4-c536d9ab7224-SegmentedRaftLogWorker:Storage Directory /workdir/hadoop-ozone/integration-test/target/test-dir/MiniOzoneClusterImpl-a33d77e5-464b-4d19-8e6b-a171e580bf0e/datanode-0/data/ratis/835ae1a7-52b3-454b-9057-6193b43ae77d close()
2019-09-20 09:27:14,522 [4840c00f-91d3-4881-a20b-4d0486ca97c0-SegmentedRaftLogWorker:Storage Directory /workdir/hadoop-ozone/integration-test/target/test-dir/MiniOzoneClusterImpl-a33d77e5-464b-4d19-8e6b-a171e580bf0e/datanode-3/data/ratis/eccaa45b-011f-4fe7-b7de-3f30d8b52b66] INFO  impl.RaftServerImpl (ServerState.java:close(394)) - 4840c00f-91d3-4881-a20b-4d0486ca97c0:group-3F30D8B52B66 closes. The last applied log index is -1
2019-09-20 09:27:14,529 [871e6485-c22a-483f-9e07-d19e754685be-SegmentedRaftLogWorker:Storage Directory /workdir/hadoop-ozone/integration-test/target/test-dir/MiniOzoneClusterImpl-a33d77e5-464b-4d19-8e6b-a171e580bf0e/datanode-4/data/ratis/5c6af080-9448-4f2b-85bc-251e202153ef] INFO  impl.RoleInfo (RoleInfo.java:shutdownLeaderState(104)) - 871e6485-c22a-483f-9e07-d19e754685be: shutdown LeaderState
2019-09-20 09:27:14,529 [492ed782-6ab3-4ad9-945e-06def6ac7c96-SegmentedRaftLogWorker:Storage Directory /workdir/hadoop-ozone/integration-test/target/test-dir/MiniOzoneClusterImpl-a33d77e5-464b-4d19-8e6b-a171e580bf0e/datanode-2/data/ratis/88a952cd-d10d-41a2-8b2f-dee5cb996035] INFO  impl.RoleInfo (RoleInfo.java:shutdownLeaderState(104)) - 492ed782-6ab3-4ad9-945e-06def6ac7c96: shutdown LeaderState
2019-09-20 09:27:14,529 [fd3cd5f9-4f1c-43ea-91b1-b85a1f6c3825-SegmentedRaftLogWorker:Storage Directory /workdir/hadoop-ozone/integration-test/target/test-dir/MiniOzoneClusterImpl-a33d77e5-464b-4d19-8e6b-a171e580bf0e/datanode-1/data/ratis/99b7d130-7675-4c6e-b443-140670c34868] INFO  impl.PendingRequests (PendingRequests.java:sendNotLeaderResponses(202)) - fd3cd5f9-4f1c-43ea-91b1-b85a1f6c3825-PendingRequests: sendNotLeaderResponses
2019-09-20 09:27:14,529 [pool-49-thread-1] INFO  server.RaftServerConfigKeys (ConfUtils.java:logGet(43)) - raft.server.leader.election.timeout = 10s (custom)
2019-09-20 09:27:14,528 [492ed782-6ab3-4ad9-945e-06def6ac7c96-SegmentedRaftLogWorker:Storage Directory /workdir/hadoop-ozone/integration-test/target/test-dir/MiniOzoneClusterImpl-a33d77e5-464b-4d19-8e6b-a171e580bf0e/datanode-2/data/ratis/2e81f47e-b7b0-4b34-a7c0-dbc605e3e4fa] INFO  impl.RoleInfo (RoleInfo.java:shutdownLeaderState(104)) - 492ed782-6ab3-4ad9-945e-06def6ac7c96: shutdown LeaderState
2019-09-20 09:27:14,528 [02b93e76-e4c6-4b67-b8a4-c536d9ab7224-SegmentedRaftLogWorker:Storage Directory /workdir/hadoop-ozone/integration-test/target/test-dir/MiniOzoneClusterImpl-a33d77e5-464b-4d19-8e6b-a171e580bf0e/datanode-0/data/ratis/326e641a-40f6-4bac-b1fa-45895a567d29] INFO  impl.RoleInfo (RoleInfo.java:shutdownLeaderState(104)) - 02b93e76-e4c6-4b67-b8a4-c536d9ab7224: shutdown LeaderState
2019-09-20 09:27:14,531 [02b93e76-e4c6-4b67-b8a4-c536d9ab7224-SegmentedRaftLogWorker:Storage Directory /workdir/hadoop-ozone/integration-test/target/test-dir/MiniOzoneClusterImpl-a33d77e5-464b-4d19-8e6b-a171e580bf0e/datanode-0/data/ratis/326e641a-40f6-4bac-b1fa-45895a567d29] INFO  impl.PendingRequests (PendingRequests.java:sendNotLeaderResponses(202)) - 02b93e76-e4c6-4b67-b8a4-c536d9ab7224-PendingRequests: sendNotLeaderResponses
2019-09-20 09:27:14,528 [492ed782-6ab3-4ad9-945e-06def6ac7c96-SegmentedRaftLogWorker:Storage Directory /workdir/hadoop-ozone/integration-test/target/test-dir/MiniOzoneClusterImpl-a33d77e5-464b-4d19-8e6b-a171e580bf0e/datanode-2/data/ratis/24e50659-fe05-42b8-9928-6edd1d14131d] INFO  util.JmxRegister (JmxRegister.java:unregister(73)) - Successfully un-registered JMX Bean with object name Ratis:service=RaftServer,group=group-6EDD1D14131D,id=492ed782-6ab3-4ad9-945e-06def6ac7c96
2019-09-20 09:27:14,531 [492ed782-6ab3-4ad9-945e-06def6ac7c96-SegmentedRaftLogWorker:Storage Directory /workdir/hadoop-ozone/integration-test/target/test-dir/MiniOzoneClusterImpl-a33d77e5-464b-4d19-8e6b-a171e580bf0e/datanode-2/data/ratis/24e50659-fe05-42b8-9928-6edd1d14131d] INFO  impl.RoleInfo (RoleInfo.java:shutdownLeaderState(104)) - 492ed782-6ab3-4ad9-945e-06def6ac7c96: shutdown LeaderState
2019-09-20 09:27:14,528 [pool-60-thread-1] INFO  server.RaftServerConfigKeys (ConfUtils.java:logGet(43)) - raft.server.log.force.sync.num = 128 (default)
2019-09-20 09:27:14,528 [pool-27-thread-1] INFO  server.RaftServerConfigKeys (ConfUtils.java:logGet(43)) - raft.server.log.statemachine.data.sync.timeout = 10s (default)
2019-09-20 09:27:14,528 [492ed782-6ab3-4ad9-945e-06def6ac7c96-SegmentedRaftLogWorker:Storage Directory /workdir/hadoop-ozone/integration-test/target/test-dir/MiniOzoneClusterImpl-a33d77e5-464b-4d19-8e6b-a171e580bf0e/datanode-2/data/ratis/f262f600-4cd0-48f1-939b-7db849c7ba05] INFO  segmented.SegmentedRaftLogWorker (SegmentedRaftLogWorker.java:close(228)) - 492ed782-6ab3-4ad9-945e-06def6ac7c96-SegmentedRaftLogWorker:Storage Directory /workdir/hadoop-ozone/integration-test/target/test-dir/MiniOzoneClusterImpl-a33d77e5-464b-4d19-8e6b-a171e580bf0e/datanode-2/data/ratis/f262f600-4cd0-48f1-939b-7db849c7ba05 close()
2019-09-20 09:27:14,527 [pool-71-thread-1] INFO  server.RaftServerConfigKeys (ConfUtils.java:logGet(43)) - raft.server.snapshot.auto.trigger.enabled = true (custom)
2019-09-20 09:27:14,527 [02b93e76-e4c6-4b67-b8a4-c536d9ab7224:group-4F3B7E02669B:LeaderElection113] INFO  server.RaftServerConfigKeys (ConfUtils.java:logGet(43)) - raft.server.watch.timeout.denomination = 1s (default)
2019-09-20 09:27:14,532 [pool-71-thread-1] INFO  server.RaftServerConfigKeys (ConfUtils.java:logGet(43)) - raft.server.snapshot.auto.trigger.threshold = 10000 (custom)
2019-09-20 09:27:14,531 [pool-27-thread-1] INFO  server.RaftServerConfigKeys (ConfUtils.java:logGet(43)) - raft.server.log.statemachine.data.sync.timeout.retry = -1 (default)
2019-09-20 09:27:14,531 [pool-60-thread-1] INFO  server.RaftServerConfigKeys (ConfUtils.java:logGet(43)) - raft.server.log.statemachine.data.sync = true (default)
2019-09-20 09:27:14,531 [492ed782-6ab3-4ad9-945e-06def6ac7c96-SegmentedRaftLogWorker:Storage Directory /workdir/hadoop-ozone/integration-test/target/test-dir/MiniOzoneClusterImpl-a33d77e5-464b-4d19-8e6b-a171e580bf0e/datanode-2/data/ratis/24e50659-fe05-42b8-9928-6edd1d14131d] INFO  impl.PendingRequests (PendingRequests.java:sendNotLeaderResponses(202)) - 492ed782-6ab3-4ad9-945e-06def6ac7c96-PendingRequests: sendNotLeaderResponses
2019-09-20 09:27:14,531 [02b93e76-e4c6-4b67-b8a4-c536d9ab7224-SegmentedRaftLogWorker:Storage Directory /workdir/hadoop-ozone/integration-test/target/test-dir/MiniOzoneClusterImpl-a33d77e5-464b-4d19-8e6b-a171e580bf0e/datanode-0/data/ratis/326e641a-40f6-4bac-b1fa-45895a567d29] INFO  impl.StateMachineUpdater (StateMachineUpdater.java:stopAndJoin(115)) - StateMachineUpdater:02b93e76-e4c6-4b67-b8a4-c536d9ab7224:group-45895A567D29: set stopIndex = -1
2019-09-20 09:27:14,531 [492ed782-6ab3-4ad9-945e-06def6ac7c96-SegmentedRaftLogWorker:Storage Directory /workdir/hadoop-ozone/integration-test/target/test-dir/MiniOzoneClusterImpl-a33d77e5-464b-4d19-8e6b-a171e580bf0e/datanode-2/data/ratis/2e81f47e-b7b0-4b34-a7c0-dbc605e3e4fa] INFO  impl.PendingRequests (PendingRequests.java:sendNotLeaderResponses(202)) - 492ed782-6ab3-4ad9-945e-06def6ac7c96-PendingRequests: sendNotLeaderResponses
2019-09-20 09:27:14,530 [pool-49-thread-1] INFO  server.RaftServerConfigKeys (ConfUtils.java:logGet(43)) - raft.server.log.use.memory = false (default)
2019-09-20 09:27:14,530 [fd3cd5f9-4f1c-43ea-91b1-b85a1f6c3825-SegmentedRaftLogWorker:Storage Directory /workdir/hadoop-ozone/integration-test/target/test-dir/MiniOzoneClusterImpl-a33d77e5-464b-4d19-8e6b-a171e580bf0e/datanode-1/data/ratis/99b7d130-7675-4c6e-b443-140670c34868] INFO  impl.StateMachineUpdater (StateMachineUpdater.java:stopAndJoin(115)) - StateMachineUpdater:fd3cd5f9-4f1c-43ea-91b1-b85a1f6c3825:group-140670C34868: set stopIndex = -1
2019-09-20 09:27:14,530 [492ed782-6ab3-4ad9-945e-06def6ac7c96-SegmentedRaftLogWorker:Storage Directory /workdir/hadoop-ozone/integration-test/target/test-dir/MiniOzoneClusterImpl-a33d77e5-464b-4d19-8e6b-a171e580bf0e/datanode-2/data/ratis/88a952cd-d10d-41a2-8b2f-dee5cb996035] INFO  impl.PendingRequests (PendingRequests.java:sendNotLeaderResponses(202)) - 492ed782-6ab3-4ad9-945e-06def6ac7c96-PendingRequests: sendNotLeaderResponses
2019-09-20 09:27:14,530 [871e6485-c22a-483f-9e07-d19e754685be-SegmentedRaftLogWorker:Storage Directory /workdir/hadoop-ozone/integration-test/target/test-dir/MiniOzoneClusterImpl-a33d77e5-464b-4d19-8e6b-a171e580bf0e/datanode-4/data/ratis/5c6af080-9448-4f2b-85bc-251e202153ef] INFO  impl.PendingRequests (PendingRequests.java:sendNotLeaderResponses(202)) - 871e6485-c22a-483f-9e07-d19e754685be-PendingRequests: sendNotLeaderResponses
2019-09-20 09:27:14,530 [4840c00f-91d3-4881-a20b-4d0486ca97c0-SegmentedRaftLogWorker:Storage Directory /workdir/hadoop-ozone/integration-test/target/test-dir/MiniOzoneClusterImpl-a33d77e5-464b-4d19-8e6b-a171e580bf0e/datanode-3/data/ratis/eccaa45b-011f-4fe7-b7de-3f30d8b52b66] INFO  segmented.SegmentedRaftLogWorker (SegmentedRaftLogWorker.java:close(228)) - 4840c00f-91d3-4881-a20b-4d0486ca97c0-SegmentedRaftLogWorker:Storage Directory /workdir/hadoop-ozone/integration-test/target/test-dir/MiniOzoneClusterImpl-a33d77e5-464b-4d19-8e6b-a171e580bf0e/datanode-3/data/ratis/eccaa45b-011f-4fe7-b7de-3f30d8b52b66 close()
2019-09-20 09:27:14,534 [871e6485-c22a-483f-9e07-d19e754685be-SegmentedRaftLogWorker:Storage Directory /workdir/hadoop-ozone/integration-test/target/test-dir/MiniOzoneClusterImpl-a33d77e5-464b-4d19-8e6b-a171e580bf0e/datanode-4/data/ratis/5c6af080-9448-4f2b-85bc-251e202153ef] INFO  impl.StateMachineUpdater (StateMachineUpdater.java:stopAndJoin(115)) - StateMachineUpdater:871e6485-c22a-483f-9e07-d19e754685be:group-251E202153EF: set stopIndex = -1
2019-09-20 09:27:14,534 [492ed782-6ab3-4ad9-945e-06def6ac7c96-SegmentedRaftLogWorker:Storage Directory /workdir/hadoop-ozone/integration-test/target/test-dir/MiniOzoneClusterImpl-a33d77e5-464b-4d19-8e6b-a171e580bf0e/datanode-2/data/ratis/88a952cd-d10d-41a2-8b2f-dee5cb996035] INFO  impl.StateMachineUpdater (StateMachineUpdater.java:stopAndJoin(115)) - StateMachineUpdater:492ed782-6ab3-4ad9-945e-06def6ac7c96:group-DEE5CB996035: set stopIndex = -1
2019-09-20 09:27:14,533 [fd3cd5f9-4f1c-43ea-91b1-b85a1f6c3825-SegmentedRaftLogWorker:Storage Directory /workdir/hadoop-ozone/integration-test/target/test-dir/MiniOzoneClusterImpl-a33d77e5-464b-4d19-8e6b-a171e580bf0e/datanode-1/data/ratis/99b7d130-7675-4c6e-b443-140670c34868] INFO  impl.RaftServerImpl (ServerState.java:close(394)) - fd3cd5f9-4f1c-43ea-91b1-b85a1f6c3825:group-140670C34868 closes. The last applied log index is -1
2019-09-20 09:27:14,533 [pool-49-thread-1] INFO  server.RaftServerConfigKeys (ConfUtils.java:logGet(43)) - raft.server.log.purge.gap = 1000000 (custom)
2019-09-20 09:27:14,533 [492ed782-6ab3-4ad9-945e-06def6ac7c96-SegmentedRaftLogWorker:Storage Directory /workdir/hadoop-ozone/integration-test/target/test-dir/MiniOzoneClusterImpl-a33d77e5-464b-4d19-8e6b-a171e580bf0e/datanode-2/data/ratis/2e81f47e-b7b0-4b34-a7c0-dbc605e3e4fa] INFO  impl.StateMachineUpdater (StateMachineUpdater.java:stopAndJoin(115)) - StateMachineUpdater:492ed782-6ab3-4ad9-945e-06def6ac7c96:group-DBC605E3E4FA: set stopIndex = -1
2019-09-20 09:27:14,535 [492ed782-6ab3-4ad9-945e-06def6ac7c96-SegmentedRaftLogWorker:Storage Directory /workdir/hadoop-ozone/integration-test/target/test-dir/MiniOzoneClusterImpl-a33d77e5-464b-4d19-8e6b-a171e580bf0e/datanode-2/data/ratis/2e81f47e-b7b0-4b34-a7c0-dbc605e3e4fa] INFO  impl.RaftServerImpl (ServerState.java:close(394)) - 492ed782-6ab3-4ad9-945e-06def6ac7c96:group-DBC605E3E4FA closes. The last applied log index is -1
2019-09-20 09:27:14,533 [02b93e76-e4c6-4b67-b8a4-c536d9ab7224-SegmentedRaftLogWorker:Storage Directory /workdir/hadoop-ozone/integration-test/target/test-dir/MiniOzoneClusterImpl-a33d77e5-464b-4d19-8e6b-a171e580bf0e/datanode-0/data/ratis/326e641a-40f6-4bac-b1fa-45895a567d29] INFO  impl.RaftServerImpl (ServerState.java:close(394)) - 02b93e76-e4c6-4b67-b8a4-c536d9ab7224:group-45895A567D29 closes. The last applied log index is -1
2019-09-20 09:27:14,533 [492ed782-6ab3-4ad9-945e-06def6ac7c96-SegmentedRaftLogWorker:Storage Directory /workdir/hadoop-ozone/integration-test/target/test-dir/MiniOzoneClusterImpl-a33d77e5-464b-4d19-8e6b-a171e580bf0e/datanode-2/data/ratis/24e50659-fe05-42b8-9928-6edd1d14131d] INFO  impl.StateMachineUpdater (StateMachineUpdater.java:stopAndJoin(115)) - StateMachineUpdater:492ed782-6ab3-4ad9-945e-06def6ac7c96:group-6EDD1D14131D: set stopIndex = -1
2019-09-20 09:27:14,532 [pool-60-thread-1] INFO  server.RaftServerConfigKeys (ConfUtils.java:logGet(43)) - raft.server.log.statemachine.data.sync.timeout = 10s (default)
2019-09-20 09:27:14,532 [pool-27-thread-1] INFO  server.RaftServerConfigKeys (ConfUtils.java:logGet(43)) - raft.server.log.statemachine.data.caching.enabled = true (custom)
2019-09-20 09:27:14,532 [pool-71-thread-1] INFO  server.RaftServerConfigKeys (ConfUtils.java:logGet(43)) - raft.server.retrycache.expirytime = 600000ms (custom)
2019-09-20 09:27:14,532 [02b93e76-e4c6-4b67-b8a4-c536d9ab7224:group-4F3B7E02669B:LeaderElection113] INFO  server.RaftServerConfigKeys (ConfUtils.java:logGet(43)) - raft.server.watch.element-limit = 65536 (default)
2019-09-20 09:27:14,536 [pool-27-thread-1] INFO  segmented.SegmentedRaftLogWorker (SegmentedRaftLogWorker.java:lambda$new$0(132)) - 02b93e76-e4c6-4b67-b8a4-c536d9ab7224-SegmentedRaftLogWorker:Storage Directory /workdir/hadoop-ozone/integration-test/target/test-dir/MiniOzoneClusterImpl-a33d77e5-464b-4d19-8e6b-a171e580bf0e/datanode-0/data/ratis/11c0d268-50d7-478a-8c7c-37c7f6d04707: flushIndex: setUnconditionally 0 -> -1
2019-09-20 09:27:14,536 [pool-60-thread-1] INFO  server.RaftServerConfigKeys (ConfUtils.java:logGet(43)) - raft.server.log.statemachine.data.sync.timeout.retry = -1 (default)
2019-09-20 09:27:14,536 [pool-27-thread-1] INFO  server.RaftServerConfigKeys (ConfUtils.java:logGet(43)) - raft.server.snapshot.auto.trigger.enabled = true (custom)
2019-09-20 09:27:14,535 [492ed782-6ab3-4ad9-945e-06def6ac7c96-SegmentedRaftLogWorker:Storage Directory /workdir/hadoop-ozone/integration-test/target/test-dir/MiniOzoneClusterImpl-a33d77e5-464b-4d19-8e6b-a171e580bf0e/datanode-2/data/ratis/24e50659-fe05-42b8-9928-6edd1d14131d] INFO  impl.RaftServerImpl (ServerState.java:close(394)) - 492ed782-6ab3-4ad9-945e-06def6ac7c96:group-6EDD1D14131D closes. The last applied log index is -1
2019-09-20 09:27:14,535 [02b93e76-e4c6-4b67-b8a4-c536d9ab7224-SegmentedRaftLogWorker:Storage Directory /workdir/hadoop-ozone/integration-test/target/test-dir/MiniOzoneClusterImpl-a33d77e5-464b-4d19-8e6b-a171e580bf0e/datanode-0/data/ratis/326e641a-40f6-4bac-b1fa-45895a567d29] INFO  segmented.SegmentedRaftLogWorker (SegmentedRaftLogWorker.java:close(228)) - 02b93e76-e4c6-4b67-b8a4-c536d9ab7224-SegmentedRaftLogWorker:Storage Directory /workdir/hadoop-ozone/integration-test/target/test-dir/MiniOzoneClusterImpl-a33d77e5-464b-4d19-8e6b-a171e580bf0e/datanode-0/data/ratis/326e641a-40f6-4bac-b1fa-45895a567d29 close()
2019-09-20 09:27:14,537 [492ed782-6ab3-4ad9-945e-06def6ac7c96-SegmentedRaftLogWorker:Storage Directory /workdir/hadoop-ozone/integration-test/target/test-dir/MiniOzoneClusterImpl-a33d77e5-464b-4d19-8e6b-a171e580bf0e/datanode-2/data/ratis/24e50659-fe05-42b8-9928-6edd1d14131d] INFO  segmented.SegmentedRaftLogWorker (SegmentedRaftLogWorker.java:close(228)) - 492ed782-6ab3-4ad9-945e-06def6ac7c96-SegmentedRaftLogWorker:Storage Directory /workdir/hadoop-ozone/integration-test/target/test-dir/MiniOzoneClusterImpl-a33d77e5-464b-4d19-8e6b-a171e580bf0e/datanode-2/data/ratis/24e50659-fe05-42b8-9928-6edd1d14131d close()
2019-09-20 09:27:14,535 [492ed782-6ab3-4ad9-945e-06def6ac7c96-SegmentedRaftLogWorker:Storage Directory /workdir/hadoop-ozone/integration-test/target/test-dir/MiniOzoneClusterImpl-a33d77e5-464b-4d19-8e6b-a171e580bf0e/datanode-2/data/ratis/2e81f47e-b7b0-4b34-a7c0-dbc605e3e4fa] INFO  segmented.SegmentedRaftLogWorker (SegmentedRaftLogWorker.java:close(228)) - 492ed782-6ab3-4ad9-945e-06def6ac7c96-SegmentedRaftLogWorker:Storage Directory /workdir/hadoop-ozone/integration-test/target/test-dir/MiniOzoneClusterImpl-a33d77e5-464b-4d19-8e6b-a171e580bf0e/datanode-2/data/ratis/2e81f47e-b7b0-4b34-a7c0-dbc605e3e4fa close()
2019-09-20 09:27:14,535 [pool-49-thread-1] INFO  server.RaftServerConfigKeys (ConfUtils.java:logGet(43)) - raft.server.log.appender.buffer.byte-limit = 33554432 (custom)
2019-09-20 09:27:14,535 [fd3cd5f9-4f1c-43ea-91b1-b85a1f6c3825-SegmentedRaftLogWorker:Storage Directory /workdir/hadoop-ozone/integration-test/target/test-dir/MiniOzoneClusterImpl-a33d77e5-464b-4d19-8e6b-a171e580bf0e/datanode-1/data/ratis/99b7d130-7675-4c6e-b443-140670c34868] INFO  segmented.SegmentedRaftLogWorker (SegmentedRaftLogWorker.java:close(228)) - fd3cd5f9-4f1c-43ea-91b1-b85a1f6c3825-SegmentedRaftLogWorker:Storage Directory /workdir/hadoop-ozone/integration-test/target/test-dir/MiniOzoneClusterImpl-a33d77e5-464b-4d19-8e6b-a171e580bf0e/datanode-1/data/ratis/99b7d130-7675-4c6e-b443-140670c34868 close()
2019-09-20 09:27:14,534 [492ed782-6ab3-4ad9-945e-06def6ac7c96-SegmentedRaftLogWorker:Storage Directory /workdir/hadoop-ozone/integration-test/target/test-dir/MiniOzoneClusterImpl-a33d77e5-464b-4d19-8e6b-a171e580bf0e/datanode-2/data/ratis/88a952cd-d10d-41a2-8b2f-dee5cb996035] INFO  impl.RaftServerImpl (ServerState.java:close(394)) - 492ed782-6ab3-4ad9-945e-06def6ac7c96:group-DEE5CB996035 closes. The last applied log index is -1
2019-09-20 09:27:14,534 [871e6485-c22a-483f-9e07-d19e754685be-SegmentedRaftLogWorker:Storage Directory /workdir/hadoop-ozone/integration-test/target/test-dir/MiniOzoneClusterImpl-a33d77e5-464b-4d19-8e6b-a171e580bf0e/datanode-4/data/ratis/5c6af080-9448-4f2b-85bc-251e202153ef] INFO  impl.RaftServerImpl (ServerState.java:close(394)) - 871e6485-c22a-483f-9e07-d19e754685be:group-251E202153EF closes. The last applied log index is -1
2019-09-20 09:27:14,538 [492ed782-6ab3-4ad9-945e-06def6ac7c96-SegmentedRaftLogWorker:Storage Directory /workdir/hadoop-ozone/integration-test/target/test-dir/MiniOzoneClusterImpl-a33d77e5-464b-4d19-8e6b-a171e580bf0e/datanode-2/data/ratis/88a952cd-d10d-41a2-8b2f-dee5cb996035] INFO  segmented.SegmentedRaftLogWorker (SegmentedRaftLogWorker.java:close(228)) - 492ed782-6ab3-4ad9-945e-06def6ac7c96-SegmentedRaftLogWorker:Storage Directory /workdir/hadoop-ozone/integration-test/target/test-dir/MiniOzoneClusterImpl-a33d77e5-464b-4d19-8e6b-a171e580bf0e/datanode-2/data/ratis/88a952cd-d10d-41a2-8b2f-dee5cb996035 close()
2019-09-20 09:27:14,537 [pool-71-thread-1] INFO  impl.RaftServerImpl (RaftServerImpl.java:<init>(93)) - 871e6485-c22a-483f-9e07-d19e754685be: new RaftServerImpl for group-80E08822C518:[871e6485-c22a-483f-9e07-d19e754685be:192.168.36.99:41076, 02b93e76-e4c6-4b67-b8a4-c536d9ab7224:192.168.36.99:39343, 492ed782-6ab3-4ad9-945e-06def6ac7c96:192.168.36.99:32835] with ContainerStateMachine:uninitialized
2019-09-20 09:27:14,537 [pool-49-thread-1] INFO  server.RaftServerConfigKeys (ConfUtils.java:logGet(43)) - raft.server.log.segment.size.max = 1048576 (custom)
2019-09-20 09:27:14,536 [pool-27-thread-1] INFO  server.RaftServerConfigKeys (ConfUtils.java:logGet(43)) - raft.server.snapshot.auto.trigger.threshold = 10000 (custom)
2019-09-20 09:27:14,536 [pool-60-thread-1] INFO  server.RaftServerConfigKeys (ConfUtils.java:logGet(43)) - raft.server.log.statemachine.data.caching.enabled = true (custom)
2019-09-20 09:27:14,536 [02b93e76-e4c6-4b67-b8a4-c536d9ab7224:group-4F3B7E02669B:LeaderElection113] INFO  impl.RoleInfo (RoleInfo.java:updateAndGet(143)) - 02b93e76-e4c6-4b67-b8a4-c536d9ab7224: start LeaderState
2019-09-20 09:27:14,539 [pool-60-thread-1] INFO  segmented.SegmentedRaftLogWorker (SegmentedRaftLogWorker.java:lambda$new$0(132)) - 4840c00f-91d3-4881-a20b-4d0486ca97c0-SegmentedRaftLogWorker:Storage Directory /workdir/hadoop-ozone/integration-test/target/test-dir/MiniOzoneClusterImpl-a33d77e5-464b-4d19-8e6b-a171e580bf0e/datanode-3/data/ratis/11c0d268-50d7-478a-8c7c-37c7f6d04707: flushIndex: setUnconditionally 0 -> -1
2019-09-20 09:27:14,539 [02b93e76-e4c6-4b67-b8a4-c536d9ab7224:group-4F3B7E02669B:LeaderElection113] INFO  segmented.SegmentedRaftLogWorker (SegmentedRaftLogWorker.java:startLogSegment(380)) - 02b93e76-e4c6-4b67-b8a4-c536d9ab7224-SegmentedRaftLogWorker:Storage Directory /workdir/hadoop-ozone/integration-test/target/test-dir/MiniOzoneClusterImpl-a33d77e5-464b-4d19-8e6b-a171e580bf0e/datanode-0/data/ratis/c7f74498-9bf5-4c81-b684-4f3b7e02669b: Starting segment from index:0
2019-09-20 09:27:14,539 [pool-60-thread-1] INFO  server.RaftServerConfigKeys (ConfUtils.java:logGet(43)) - raft.server.snapshot.auto.trigger.enabled = true (custom)
2019-09-20 09:27:14,539 [pool-27-thread-1] INFO  server.RaftServerConfigKeys (ConfUtils.java:logGet(43)) - raft.server.retrycache.expirytime = 600000ms (custom)
2019-09-20 09:27:14,538 [pool-49-thread-1] INFO  server.RaftServerConfigKeys (ConfUtils.java:logGet(43)) - raft.server.log.segment.cache.num.max = 2 (custom)
2019-09-20 09:27:14,538 [pool-71-thread-1] INFO  server.RaftServerConfigKeys (ConfUtils.java:logGet(43)) - raft.server.rpc.timeout.min = 5s (custom)
2019-09-20 09:27:14,538 [871e6485-c22a-483f-9e07-d19e754685be-SegmentedRaftLogWorker:Storage Directory /workdir/hadoop-ozone/integration-test/target/test-dir/MiniOzoneClusterImpl-a33d77e5-464b-4d19-8e6b-a171e580bf0e/datanode-4/data/ratis/5c6af080-9448-4f2b-85bc-251e202153ef] INFO  segmented.SegmentedRaftLogWorker (SegmentedRaftLogWorker.java:close(228)) - 871e6485-c22a-483f-9e07-d19e754685be-SegmentedRaftLogWorker:Storage Directory /workdir/hadoop-ozone/integration-test/target/test-dir/MiniOzoneClusterImpl-a33d77e5-464b-4d19-8e6b-a171e580bf0e/datanode-4/data/ratis/5c6af080-9448-4f2b-85bc-251e202153ef close()
2019-09-20 09:27:14,825 | INFO  | SCMAudit | user=jenkins1000 | ip=192.168.36.99 | op=SEND_HEARTBEAT {datanodeUUID=02b93e76-e4c6-4b67-b8a4-c536d9ab7224, command=[]} | ret=SUCCESS |  
2019-09-20 09:27:14,826 | INFO  | SCMAudit | user=jenkins1000 | ip=192.168.36.99 | op=SEND_HEARTBEAT {datanodeUUID=4840c00f-91d3-4881-a20b-4d0486ca97c0, command=[]} | ret=SUCCESS |  
2019-09-20 09:27:14,825 [pool-71-thread-1] INFO  server.RaftServerConfigKeys (ConfUtils.java:logGet(43)) - raft.server.rpc.timeout.max = 5200ms (custom)
2019-09-20 09:27:14,826 | INFO  | SCMAudit | user=jenkins1000 | ip=192.168.36.99 | op=SEND_HEARTBEAT {datanodeUUID=871e6485-c22a-483f-9e07-d19e754685be, command=[]} | ret=SUCCESS |  
2019-09-20 09:27:14,825 [pool-49-thread-1] INFO  segmented.SegmentedRaftLogWorker (SegmentedRaftLogWorker.java:<init>(172)) - new 492ed782-6ab3-4ad9-945e-06def6ac7c96-SegmentedRaftLogWorker:Storage Directory /workdir/hadoop-ozone/integration-test/target/test-dir/MiniOzoneClusterImpl-a33d77e5-464b-4d19-8e6b-a171e580bf0e/datanode-2/data/ratis/3dc72507-d271-47be-a7c5-80e08822c518 for RaftStorage:Storage Directory /workdir/hadoop-ozone/integration-test/target/test-dir/MiniOzoneClusterImpl-a33d77e5-464b-4d19-8e6b-a171e580bf0e/datanode-2/data/ratis/3dc72507-d271-47be-a7c5-80e08822c518
2019-09-20 09:27:14,826 | INFO  | SCMAudit | user=jenkins1000 | ip=192.168.36.99 | op=SEND_HEARTBEAT {datanodeUUID=492ed782-6ab3-4ad9-945e-06def6ac7c96, command=[]} | ret=SUCCESS |  
2019-09-20 09:27:14,821 [871e6485-c22a-483f-9e07-d19e754685be-SegmentedRaftLogWorker:Storage Directory /workdir/hadoop-ozone/integration-test/target/test-dir/MiniOzoneClusterImpl-a33d77e5-464b-4d19-8e6b-a171e580bf0e/datanode-4/data/ratis/da33001c-f13c-48a6-bcef-eb665916b604] ERROR segmented.SegmentedRaftLogWorker (SegmentedRaftLogWorker.java:run(323)) - 871e6485-c22a-483f-9e07-d19e754685be-SegmentedRaftLogWorker:Storage Directory /workdir/hadoop-ozone/integration-test/target/test-dir/MiniOzoneClusterImpl-a33d77e5-464b-4d19-8e6b-a171e580bf0e/datanode-4/data/ratis/da33001c-f13c-48a6-bcef-eb665916b604 hit exception
java.lang.OutOfMemoryError: Direct buffer memory
	at java.nio.Bits.reserveMemory(Bits.java:666)
	at java.nio.DirectByteBuffer.<init>(DirectByteBuffer.java:123)
	at java.nio.ByteBuffer.allocateDirect(ByteBuffer.java:311)
	at org.apache.ratis.server.raftlog.segmented.BufferedWriteChannel.<init>(BufferedWriteChannel.java:41)
	at org.apache.ratis.server.raftlog.segmented.SegmentedRaftLogOutputStream.<init>(SegmentedRaftLogOutputStream.java:72)
	at org.apache.ratis.server.raftlog.segmented.SegmentedRaftLogWorker$StartLogSegment.execute(SegmentedRaftLogWorker.java:566)
	at org.apache.ratis.server.raftlog.segmented.SegmentedRaftLogWorker.run(SegmentedRaftLogWorker.java:289)
	at java.lang.Thread.run(Thread.java:748)
2019-09-20 09:27:14,821 [02b93e76-e4c6-4b67-b8a4-c536d9ab7224-SegmentedRaftLogWorker:Storage Directory /workdir/hadoop-ozone/integration-test/target/test-dir/MiniOzoneClusterImpl-a33d77e5-464b-4d19-8e6b-a171e580bf0e/datanode-0/data/ratis/430b3b4f-5dc2-4ae5-bb2a-acd147fe56e3] ERROR segmented.SegmentedRaftLogWorker (SegmentedRaftLogWorker.java:run(323)) - 02b93e76-e4c6-4b67-b8a4-c536d9ab7224-SegmentedRaftLogWorker:Storage Directory /workdir/hadoop-ozone/integration-test/target/test-dir/MiniOzoneClusterImpl-a33d77e5-464b-4d19-8e6b-a171e580bf0e/datanode-0/data/ratis/430b3b4f-5dc2-4ae5-bb2a-acd147fe56e3 hit exception
java.lang.OutOfMemoryError: Direct buffer memory
	at java.nio.Bits.reserveMemory(Bits.java:666)
	at java.nio.DirectByteBuffer.<init>(DirectByteBuffer.java:123)
	at java.nio.ByteBuffer.allocateDirect(ByteBuffer.java:311)
	at org.apache.ratis.server.raftlog.segmented.BufferedWriteChannel.<init>(BufferedWriteChannel.java:41)
	at org.apache.ratis.server.raftlog.segmented.SegmentedRaftLogOutputStream.<init>(SegmentedRaftLogOutputStream.java:72)
	at org.apache.ratis.server.raftlog.segmented.SegmentedRaftLogWorker$StartLogSegment.execute(SegmentedRaftLogWorker.java:566)
	at org.apache.ratis.server.raftlog.segmented.SegmentedRaftLogWorker.run(SegmentedRaftLogWorker.java:289)
	at java.lang.Thread.run(Thread.java:748)
2019-09-20 09:27:14,827 [02b93e76-e4c6-4b67-b8a4-c536d9ab7224-SegmentedRaftLogWorker:Storage Directory /workdir/hadoop-ozone/integration-test/target/test-dir/MiniOzoneClusterImpl-a33d77e5-464b-4d19-8e6b-a171e580bf0e/datanode-0/data/ratis/430b3b4f-5dc2-4ae5-bb2a-acd147fe56e3] INFO  impl.RaftServerImpl (RaftServerImpl.java:lambda$shutdown$3(245)) - 02b93e76-e4c6-4b67-b8a4-c536d9ab7224: shutdown group-ACD147FE56E3
2019-09-20 09:27:14,827 [pool-27-thread-1] INFO  impl.RaftServerImpl (RaftServerImpl.java:<init>(93)) - 02b93e76-e4c6-4b67-b8a4-c536d9ab7224: new RaftServerImpl for group-80E08822C518:[871e6485-c22a-483f-9e07-d19e754685be:192.168.36.99:41076, 02b93e76-e4c6-4b67-b8a4-c536d9ab7224:192.168.36.99:39343, 492ed782-6ab3-4ad9-945e-06def6ac7c96:192.168.36.99:32835] with ContainerStateMachine:uninitialized
2019-09-20 09:27:14,539 [02b93e76-e4c6-4b67-b8a4-c536d9ab7224:group-4F3B7E02669B:LeaderElection113] INFO  impl.RaftServerImpl (ServerState.java:setRaftConf(361)) - 02b93e76-e4c6-4b67-b8a4-c536d9ab7224:group-4F3B7E02669B set configuration 0: [02b93e76-e4c6-4b67-b8a4-c536d9ab7224:192.168.36.99:39343], old=null at 0
2019-09-20 09:27:14,539 [pool-60-thread-1] INFO  server.RaftServerConfigKeys (ConfUtils.java:logGet(43)) - raft.server.snapshot.auto.trigger.threshold = 10000 (custom)
2019-09-20 09:27:14,827 [pool-27-thread-1] INFO  server.RaftServerConfigKeys (ConfUtils.java:logGet(43)) - raft.server.rpc.timeout.min = 5s (custom)
2019-09-20 09:27:14,827 [02b93e76-e4c6-4b67-b8a4-c536d9ab7224-SegmentedRaftLogWorker:Storage Directory /workdir/hadoop-ozone/integration-test/target/test-dir/MiniOzoneClusterImpl-a33d77e5-464b-4d19-8e6b-a171e580bf0e/datanode-0/data/ratis/430b3b4f-5dc2-4ae5-bb2a-acd147fe56e3] INFO  util.JmxRegister (JmxRegister.java:unregister(73)) - Successfully un-registered JMX Bean with object name Ratis:service=RaftServer,group=group-ACD147FE56E3,id=02b93e76-e4c6-4b67-b8a4-c536d9ab7224
2019-09-20 09:27:14,826 [871e6485-c22a-483f-9e07-d19e754685be-SegmentedRaftLogWorker:Storage Directory /workdir/hadoop-ozone/integration-test/target/test-dir/MiniOzoneClusterImpl-a33d77e5-464b-4d19-8e6b-a171e580bf0e/datanode-4/data/ratis/da33001c-f13c-48a6-bcef-eb665916b604] INFO  impl.RaftServerImpl (RaftServerImpl.java:lambda$shutdown$3(245)) - 871e6485-c22a-483f-9e07-d19e754685be: shutdown group-EB665916B604
2019-09-20 09:27:14,826 [pool-49-thread-1] INFO  server.RaftServerConfigKeys (ConfUtils.java:logGet(43)) - raft.server.log.queue.byte-limit = 2147483647 (custom)
2019-09-20 09:27:14,826 [pool-71-thread-1] INFO  server.RaftServerConfigKeys (ConfUtils.java:logGet(43)) - raft.server.rpcslowness.timeout = 10s (custom)
2019-09-20 09:27:14,828 [pool-49-thread-1] INFO  server.RaftServerConfigKeys (ConfUtils.java:logGet(43)) - raft.server.log.queue.element-limit = 1024 (custom)
2019-09-20 09:27:14,828 [871e6485-c22a-483f-9e07-d19e754685be-SegmentedRaftLogWorker:Storage Directory /workdir/hadoop-ozone/integration-test/target/test-dir/MiniOzoneClusterImpl-a33d77e5-464b-4d19-8e6b-a171e580bf0e/datanode-4/data/ratis/da33001c-f13c-48a6-bcef-eb665916b604] INFO  util.JmxRegister (JmxRegister.java:unregister(73)) - Successfully un-registered JMX Bean with object name Ratis:service=RaftServer,group=group-EB665916B604,id=871e6485-c22a-483f-9e07-d19e754685be
2019-09-20 09:27:14,829 [871e6485-c22a-483f-9e07-d19e754685be-SegmentedRaftLogWorker:Storage Directory /workdir/hadoop-ozone/integration-test/target/test-dir/MiniOzoneClusterImpl-a33d77e5-464b-4d19-8e6b-a171e580bf0e/datanode-4/data/ratis/da33001c-f13c-48a6-bcef-eb665916b604] INFO  impl.RoleInfo (RoleInfo.java:shutdownLeaderState(104)) - 871e6485-c22a-483f-9e07-d19e754685be: shutdown LeaderState
2019-09-20 09:27:14,828 [02b93e76-e4c6-4b67-b8a4-c536d9ab7224-SegmentedRaftLogWorker:Storage Directory /workdir/hadoop-ozone/integration-test/target/test-dir/MiniOzoneClusterImpl-a33d77e5-464b-4d19-8e6b-a171e580bf0e/datanode-0/data/ratis/430b3b4f-5dc2-4ae5-bb2a-acd147fe56e3] INFO  impl.RoleInfo (RoleInfo.java:shutdownLeaderState(104)) - 02b93e76-e4c6-4b67-b8a4-c536d9ab7224: shutdown LeaderState
2019-09-20 09:27:14,828 [pool-27-thread-1] INFO  server.RaftServerConfigKeys (ConfUtils.java:logGet(43)) - raft.server.rpc.timeout.max = 5200ms (custom)
2019-09-20 09:27:14,828 [pool-60-thread-1] INFO  server.RaftServerConfigKeys (ConfUtils.java:logGet(43)) - raft.server.retrycache.expirytime = 600000ms (custom)
2019-09-20 09:27:14,829 [pool-27-thread-1] INFO  server.RaftServerConfigKeys (ConfUtils.java:logGet(43)) - raft.server.rpcslowness.timeout = 10s (custom)
2019-09-20 09:27:14,829 [02b93e76-e4c6-4b67-b8a4-c536d9ab7224-SegmentedRaftLogWorker:Storage Directory /workdir/hadoop-ozone/integration-test/target/test-dir/MiniOzoneClusterImpl-a33d77e5-464b-4d19-8e6b-a171e580bf0e/datanode-0/data/ratis/430b3b4f-5dc2-4ae5-bb2a-acd147fe56e3] INFO  impl.PendingRequests (PendingRequests.java:sendNotLeaderResponses(202)) - 02b93e76-e4c6-4b67-b8a4-c536d9ab7224-PendingRequests: sendNotLeaderResponses
2019-09-20 09:27:14,829 [871e6485-c22a-483f-9e07-d19e754685be-SegmentedRaftLogWorker:Storage Directory /workdir/hadoop-ozone/integration-test/target/test-dir/MiniOzoneClusterImpl-a33d77e5-464b-4d19-8e6b-a171e580bf0e/datanode-4/data/ratis/da33001c-f13c-48a6-bcef-eb665916b604] INFO  impl.PendingRequests (PendingRequests.java:sendNotLeaderResponses(202)) - 871e6485-c22a-483f-9e07-d19e754685be-PendingRequests: sendNotLeaderResponses
2019-09-20 09:27:14,829 [pool-49-thread-1] INFO  server.RaftServerConfigKeys (ConfUtils.java:logGet(43)) - raft.server.log.segment.size.max = 1048576 (custom)
2019-09-20 09:27:14,829 [pool-71-thread-1] INFO  server.RaftServerConfigKeys (ConfUtils.java:logGet(43)) - raft.server.sleep.deviation.threshold = 300 (default)
2019-09-20 09:27:14,830 [pool-49-thread-1] INFO  server.RaftServerConfigKeys (ConfUtils.java:logGet(43)) - raft.server.log.preallocated.size = 16384 (custom)
2019-09-20 09:27:14,830 [871e6485-c22a-483f-9e07-d19e754685be-SegmentedRaftLogWorker:Storage Directory /workdir/hadoop-ozone/integration-test/target/test-dir/MiniOzoneClusterImpl-a33d77e5-464b-4d19-8e6b-a171e580bf0e/datanode-4/data/ratis/da33001c-f13c-48a6-bcef-eb665916b604] INFO  impl.StateMachineUpdater (StateMachineUpdater.java:stopAndJoin(115)) - StateMachineUpdater:871e6485-c22a-483f-9e07-d19e754685be:group-EB665916B604: set stopIndex = -1
2019-09-20 09:27:14,831 [871e6485-c22a-483f-9e07-d19e754685be-SegmentedRaftLogWorker:Storage Directory /workdir/hadoop-ozone/integration-test/target/test-dir/MiniOzoneClusterImpl-a33d77e5-464b-4d19-8e6b-a171e580bf0e/datanode-4/data/ratis/da33001c-f13c-48a6-bcef-eb665916b604] INFO  impl.RaftServerImpl (ServerState.java:close(394)) - 871e6485-c22a-483f-9e07-d19e754685be:group-EB665916B604 closes. The last applied log index is -1
2019-09-20 09:27:14,830 [02b93e76-e4c6-4b67-b8a4-c536d9ab7224-SegmentedRaftLogWorker:Storage Directory /workdir/hadoop-ozone/integration-test/target/test-dir/MiniOzoneClusterImpl-a33d77e5-464b-4d19-8e6b-a171e580bf0e/datanode-0/data/ratis/430b3b4f-5dc2-4ae5-bb2a-acd147fe56e3] INFO  impl.StateMachineUpdater (StateMachineUpdater.java:stopAndJoin(115)) - StateMachineUpdater:02b93e76-e4c6-4b67-b8a4-c536d9ab7224:group-ACD147FE56E3: set stopIndex = -1
2019-09-20 09:27:14,831 [871e6485-c22a-483f-9e07-d19e754685be-SegmentedRaftLogWorker:Storage Directory /workdir/hadoop-ozone/integration-test/target/test-dir/MiniOzoneClusterImpl-a33d77e5-464b-4d19-8e6b-a171e580bf0e/datanode-4/data/ratis/da33001c-f13c-48a6-bcef-eb665916b604] INFO  segmented.SegmentedRaftLogWorker (SegmentedRaftLogWorker.java:close(228)) - 871e6485-c22a-483f-9e07-d19e754685be-SegmentedRaftLogWorker:Storage Directory /workdir/hadoop-ozone/integration-test/target/test-dir/MiniOzoneClusterImpl-a33d77e5-464b-4d19-8e6b-a171e580bf0e/datanode-4/data/ratis/da33001c-f13c-48a6-bcef-eb665916b604 close()
2019-09-20 09:27:14,830 [pool-27-thread-1] INFO  server.RaftServerConfigKeys (ConfUtils.java:logGet(43)) - raft.server.sleep.deviation.threshold = 300 (default)
2019-09-20 09:27:14,830 [pool-60-thread-1] INFO  impl.RaftServerImpl (RaftServerImpl.java:start(180)) - 4840c00f-91d3-4881-a20b-4d0486ca97c0: start group-37C7F6D04707
2019-09-20 09:27:14,831 [pool-27-thread-1] INFO  server.RaftServerConfigKeys (ConfUtils.java:logGet(43)) - raft.server.log.appender.install.snapshot.enabled = false (custom)
2019-09-20 09:27:14,831 [02b93e76-e4c6-4b67-b8a4-c536d9ab7224-SegmentedRaftLogWorker:Storage Directory /workdir/hadoop-ozone/integration-test/target/test-dir/MiniOzoneClusterImpl-a33d77e5-464b-4d19-8e6b-a171e580bf0e/datanode-0/data/ratis/430b3b4f-5dc2-4ae5-bb2a-acd147fe56e3] INFO  impl.RaftServerImpl (ServerState.java:close(394)) - 02b93e76-e4c6-4b67-b8a4-c536d9ab7224:group-ACD147FE56E3 closes. The last applied log index is -1
2019-09-20 09:27:14,831 [pool-49-thread-1] INFO  server.RaftServerConfigKeys (ConfUtils.java:logGet(43)) - raft.server.log.write.buffer.size = 33554432 (custom)
2019-09-20 09:27:14,830 [pool-71-thread-1] INFO  server.RaftServerConfigKeys (ConfUtils.java:logGet(43)) - raft.server.log.appender.install.snapshot.enabled = false (custom)
2019-09-20 09:27:14,832 [pool-49-thread-1] INFO  server.RaftServerConfigKeys (ConfUtils.java:logGet(43)) - raft.server.log.force.sync.num = 128 (default)
2019-09-20 09:27:14,832 [02b93e76-e4c6-4b67-b8a4-c536d9ab7224-SegmentedRaftLogWorker:Storage Directory /workdir/hadoop-ozone/integration-test/target/test-dir/MiniOzoneClusterImpl-a33d77e5-464b-4d19-8e6b-a171e580bf0e/datanode-0/data/ratis/430b3b4f-5dc2-4ae5-bb2a-acd147fe56e3] INFO  segmented.SegmentedRaftLogWorker (SegmentedRaftLogWorker.java:close(228)) - 02b93e76-e4c6-4b67-b8a4-c536d9ab7224-SegmentedRaftLogWorker:Storage Directory /workdir/hadoop-ozone/integration-test/target/test-dir/MiniOzoneClusterImpl-a33d77e5-464b-4d19-8e6b-a171e580bf0e/datanode-0/data/ratis/430b3b4f-5dc2-4ae5-bb2a-acd147fe56e3 close()
2019-09-20 09:27:14,832 [pool-27-thread-1] INFO  impl.RaftServerImpl (ServerState.java:<init>(105)) - 02b93e76-e4c6-4b67-b8a4-c536d9ab7224:group-80E08822C518 ConfigurationManager, init=-1: [871e6485-c22a-483f-9e07-d19e754685be:192.168.36.99:41076, 02b93e76-e4c6-4b67-b8a4-c536d9ab7224:192.168.36.99:39343, 492ed782-6ab3-4ad9-945e-06def6ac7c96:192.168.36.99:32835], old=null, confs=<EMPTY_MAP>
2019-09-20 09:27:14,831 [pool-60-thread-1] INFO  impl.RaftServerImpl (RaftServerImpl.java:setRole(171)) - 4840c00f-91d3-4881-a20b-4d0486ca97c0:group-37C7F6D04707 changes role from null to FOLLOWER at term 0 for startAsFollower
2019-09-20 09:27:14,833 [pool-27-thread-1] INFO  server.RaftServerConfigKeys (ConfUtils.java:logGet(43)) - raft.server.storage.dir = [/workdir/hadoop-ozone/integration-test/target/test-dir/MiniOzoneClusterImpl-a33d77e5-464b-4d19-8e6b-a171e580bf0e/datanode-0/data/ratis] (custom)
2019-09-20 09:27:14,832 [pool-49-thread-1] INFO  server.RaftServerConfigKeys (ConfUtils.java:logGet(43)) - raft.server.log.statemachine.data.sync = true (default)
2019-09-20 09:27:14,832 [pool-71-thread-1] INFO  impl.RaftServerImpl (ServerState.java:<init>(105)) - 871e6485-c22a-483f-9e07-d19e754685be:group-80E08822C518 ConfigurationManager, init=-1: [871e6485-c22a-483f-9e07-d19e754685be:192.168.36.99:41076, 02b93e76-e4c6-4b67-b8a4-c536d9ab7224:192.168.36.99:39343, 492ed782-6ab3-4ad9-945e-06def6ac7c96:192.168.36.99:32835], old=null, confs=<EMPTY_MAP>
2019-09-20 09:27:14,833 [pool-49-thread-1] INFO  server.RaftServerConfigKeys (ConfUtils.java:logGet(43)) - raft.server.log.statemachine.data.sync.timeout = 10s (default)
2019-09-20 09:27:14,833 [pool-60-thread-1] INFO  impl.RoleInfo (RoleInfo.java:updateAndGet(143)) - 4840c00f-91d3-4881-a20b-4d0486ca97c0: start FollowerState
2019-09-20 09:27:14,833 [pool-49-thread-1] INFO  server.RaftServerConfigKeys (ConfUtils.java:logGet(43)) - raft.server.log.statemachine.data.sync.timeout.retry = -1 (default)
2019-09-20 09:27:14,833 [pool-71-thread-1] INFO  server.RaftServerConfigKeys (ConfUtils.java:logGet(43)) - raft.server.storage.dir = [/workdir/hadoop-ozone/integration-test/target/test-dir/MiniOzoneClusterImpl-a33d77e5-464b-4d19-8e6b-a171e580bf0e/datanode-4/data/ratis] (custom)
2019-09-20 09:27:14,833 [pool-27-thread-1] INFO  storage.RaftStorageDirectory (RaftStorageDirectory.java:analyzeStorage(246)) - The storage directory /workdir/hadoop-ozone/integration-test/target/test-dir/MiniOzoneClusterImpl-a33d77e5-464b-4d19-8e6b-a171e580bf0e/datanode-0/data/ratis/3dc72507-d271-47be-a7c5-80e08822c518 does not exist. Creating ...
2019-09-20 09:27:14,834 [pool-60-thread-1] INFO  util.JmxRegister (JmxRegister.java:tryRegister(44)) - Successfully registered JMX Bean with object name Ratis:service=RaftServer,group=group-37C7F6D04707,id=4840c00f-91d3-4881-a20b-4d0486ca97c0
2019-09-20 09:27:14,834 [pool-49-thread-1] INFO  server.RaftServerConfigKeys (ConfUtils.java:logGet(43)) - raft.server.log.statemachine.data.caching.enabled = true (custom)
2019-09-20 09:27:14,834 [pool-71-thread-1] INFO  storage.RaftStorageDirectory (RaftStorageDirectory.java:analyzeStorage(246)) - The storage directory /workdir/hadoop-ozone/integration-test/target/test-dir/MiniOzoneClusterImpl-a33d77e5-464b-4d19-8e6b-a171e580bf0e/datanode-4/data/ratis/3dc72507-d271-47be-a7c5-80e08822c518 does not exist. Creating ...
2019-09-20 09:27:14,835 [pool-49-thread-1] INFO  segmented.SegmentedRaftLogWorker (SegmentedRaftLogWorker.java:lambda$new$0(132)) - 492ed782-6ab3-4ad9-945e-06def6ac7c96-SegmentedRaftLogWorker:Storage Directory /workdir/hadoop-ozone/integration-test/target/test-dir/MiniOzoneClusterImpl-a33d77e5-464b-4d19-8e6b-a171e580bf0e/datanode-2/data/ratis/3dc72507-d271-47be-a7c5-80e08822c518: flushIndex: setUnconditionally 0 -> -1
2019-09-20 09:27:14,835 [pool-49-thread-1] INFO  server.RaftServerConfigKeys (ConfUtils.java:logGet(43)) - raft.server.snapshot.auto.trigger.enabled = true (custom)
2019-09-20 09:27:14,835 [pool-49-thread-1] INFO  server.RaftServerConfigKeys (ConfUtils.java:logGet(43)) - raft.server.snapshot.auto.trigger.threshold = 10000 (custom)
2019-09-20 09:27:14,838 [pool-49-thread-1] INFO  server.RaftServerConfigKeys (ConfUtils.java:logGet(43)) - raft.server.retrycache.expirytime = 600000ms (custom)
2019-09-20 09:27:14,840 [pool-49-thread-1] INFO  impl.RaftServerImpl (RaftServerImpl.java:<init>(93)) - 492ed782-6ab3-4ad9-945e-06def6ac7c96: new RaftServerImpl for group-DBFCCBCC0585:[492ed782-6ab3-4ad9-945e-06def6ac7c96:192.168.36.99:32835] with ContainerStateMachine:uninitialized
2019-09-20 09:27:14,840 [pool-49-thread-1] INFO  server.RaftServerConfigKeys (ConfUtils.java:logGet(43)) - raft.server.rpc.timeout.min = 5s (custom)
2019-09-20 09:27:14,840 [pool-49-thread-1] INFO  server.RaftServerConfigKeys (ConfUtils.java:logGet(43)) - raft.server.rpc.timeout.max = 5200ms (custom)
2019-09-20 09:27:14,841 [pool-49-thread-1] INFO  server.RaftServerConfigKeys (ConfUtils.java:logGet(43)) - raft.server.rpcslowness.timeout = 10s (custom)
2019-09-20 09:27:14,841 [pool-49-thread-1] INFO  server.RaftServerConfigKeys (ConfUtils.java:logGet(43)) - raft.server.sleep.deviation.threshold = 300 (default)
2019-09-20 09:27:14,841 [pool-49-thread-1] INFO  server.RaftServerConfigKeys (ConfUtils.java:logGet(43)) - raft.server.log.appender.install.snapshot.enabled = false (custom)
2019-09-20 09:27:14,841 [pool-49-thread-1] INFO  impl.RaftServerImpl (ServerState.java:<init>(105)) - 492ed782-6ab3-4ad9-945e-06def6ac7c96:group-DBFCCBCC0585 ConfigurationManager, init=-1: [492ed782-6ab3-4ad9-945e-06def6ac7c96:192.168.36.99:32835], old=null, confs=<EMPTY_MAP>
2019-09-20 09:27:14,841 [pool-49-thread-1] INFO  server.RaftServerConfigKeys (ConfUtils.java:logGet(43)) - raft.server.storage.dir = [/workdir/hadoop-ozone/integration-test/target/test-dir/MiniOzoneClusterImpl-a33d77e5-464b-4d19-8e6b-a171e580bf0e/datanode-2/data/ratis] (custom)
2019-09-20 09:27:14,842 [pool-49-thread-1] INFO  storage.RaftStorageDirectory (RaftStorageDirectory.java:analyzeStorage(246)) - The storage directory /workdir/hadoop-ozone/integration-test/target/test-dir/MiniOzoneClusterImpl-a33d77e5-464b-4d19-8e6b-a171e580bf0e/datanode-2/data/ratis/8ad5031d-ad1b-4314-8a4d-dbfccbcc0585 does not exist. Creating ...
2019-09-20 09:27:14,851 [pool-71-thread-1] INFO  storage.RaftStorageDirectory (RaftStorageDirectory.java:tryLock(328)) - Lock on /workdir/hadoop-ozone/integration-test/target/test-dir/MiniOzoneClusterImpl-a33d77e5-464b-4d19-8e6b-a171e580bf0e/datanode-4/data/ratis/3dc72507-d271-47be-a7c5-80e08822c518/in_use.lock acquired by nodename 7145@pr-hdds-1569-p5fx8-1226042367
2019-09-20 09:27:14,851 [pool-27-thread-1] INFO  storage.RaftStorageDirectory (RaftStorageDirectory.java:tryLock(328)) - Lock on /workdir/hadoop-ozone/integration-test/target/test-dir/MiniOzoneClusterImpl-a33d77e5-464b-4d19-8e6b-a171e580bf0e/datanode-0/data/ratis/3dc72507-d271-47be-a7c5-80e08822c518/in_use.lock acquired by nodename 7145@pr-hdds-1569-p5fx8-1226042367
2019-09-20 09:27:14,869 [pool-49-thread-1] INFO  storage.RaftStorageDirectory (RaftStorageDirectory.java:tryLock(328)) - Lock on /workdir/hadoop-ozone/integration-test/target/test-dir/MiniOzoneClusterImpl-a33d77e5-464b-4d19-8e6b-a171e580bf0e/datanode-2/data/ratis/8ad5031d-ad1b-4314-8a4d-dbfccbcc0585/in_use.lock acquired by nodename 7145@pr-hdds-1569-p5fx8-1226042367
2019-09-20 09:27:14,869 [pool-71-thread-1] INFO  storage.RaftStorage (RaftStorage.java:format(72)) - Storage directory /workdir/hadoop-ozone/integration-test/target/test-dir/MiniOzoneClusterImpl-a33d77e5-464b-4d19-8e6b-a171e580bf0e/datanode-4/data/ratis/3dc72507-d271-47be-a7c5-80e08822c518 has been successfully formatted.
2019-09-20 09:27:14,869 [pool-27-thread-1] INFO  storage.RaftStorage (RaftStorage.java:format(72)) - Storage directory /workdir/hadoop-ozone/integration-test/target/test-dir/MiniOzoneClusterImpl-a33d77e5-464b-4d19-8e6b-a171e580bf0e/datanode-0/data/ratis/3dc72507-d271-47be-a7c5-80e08822c518 has been successfully formatted.
2019-09-20 09:27:14,869 [pool-71-thread-1] INFO  ratis.ContainerStateMachine (ContainerStateMachine.java:loadSnapshot(226)) - group-80E08822C518: The snapshot info is null. Setting the last applied indexto:(t:0, i:~)
2019-09-20 09:27:14,870 [pool-27-thread-1] INFO  ratis.ContainerStateMachine (ContainerStateMachine.java:loadSnapshot(226)) - group-80E08822C518: The snapshot info is null. Setting the last applied indexto:(t:0, i:~)
2019-09-20 09:27:14,870 [pool-71-thread-1] INFO  server.RaftServerConfigKeys (ConfUtils.java:logGet(43)) - raft.server.leader.election.timeout = 10s (custom)
2019-09-20 09:27:14,870 [pool-27-thread-1] INFO  server.RaftServerConfigKeys (ConfUtils.java:logGet(43)) - raft.server.leader.election.timeout = 10s (custom)
2019-09-20 09:27:14,870 [pool-71-thread-1] INFO  server.RaftServerConfigKeys (ConfUtils.java:logGet(43)) - raft.server.log.use.memory = false (default)
2019-09-20 09:27:14,870 [pool-27-thread-1] INFO  server.RaftServerConfigKeys (ConfUtils.java:logGet(43)) - raft.server.log.use.memory = false (default)
2019-09-20 09:27:14,870 [pool-71-thread-1] INFO  server.RaftServerConfigKeys (ConfUtils.java:logGet(43)) - raft.server.log.purge.gap = 1000000 (custom)
2019-09-20 09:27:14,870 [pool-27-thread-1] INFO  server.RaftServerConfigKeys (ConfUtils.java:logGet(43)) - raft.server.log.purge.gap = 1000000 (custom)
2019-09-20 09:27:14,871 [pool-71-thread-1] INFO  server.RaftServerConfigKeys (ConfUtils.java:logGet(43)) - raft.server.log.appender.buffer.byte-limit = 33554432 (custom)
2019-09-20 09:27:14,871 [pool-27-thread-1] INFO  server.RaftServerConfigKeys (ConfUtils.java:logGet(43)) - raft.server.log.appender.buffer.byte-limit = 33554432 (custom)
2019-09-20 09:27:14,871 [pool-71-thread-1] INFO  server.RaftServerConfigKeys (ConfUtils.java:logGet(43)) - raft.server.log.segment.size.max = 1048576 (custom)
2019-09-20 09:27:14,871 [pool-27-thread-1] INFO  server.RaftServerConfigKeys (ConfUtils.java:logGet(43)) - raft.server.log.segment.size.max = 1048576 (custom)
2019-09-20 09:27:14,871 [pool-71-thread-1] INFO  server.RaftServerConfigKeys (ConfUtils.java:logGet(43)) - raft.server.log.segment.cache.num.max = 2 (custom)
2019-09-20 09:27:14,872 [pool-27-thread-1] INFO  server.RaftServerConfigKeys (ConfUtils.java:logGet(43)) - raft.server.log.segment.cache.num.max = 2 (custom)
2019-09-20 09:27:14,872 [pool-71-thread-1] INFO  segmented.SegmentedRaftLogWorker (SegmentedRaftLogWorker.java:<init>(172)) - new 871e6485-c22a-483f-9e07-d19e754685be-SegmentedRaftLogWorker:Storage Directory /workdir/hadoop-ozone/integration-test/target/test-dir/MiniOzoneClusterImpl-a33d77e5-464b-4d19-8e6b-a171e580bf0e/datanode-4/data/ratis/3dc72507-d271-47be-a7c5-80e08822c518 for RaftStorage:Storage Directory /workdir/hadoop-ozone/integration-test/target/test-dir/MiniOzoneClusterImpl-a33d77e5-464b-4d19-8e6b-a171e580bf0e/datanode-4/data/ratis/3dc72507-d271-47be-a7c5-80e08822c518
2019-09-20 09:27:14,872 [pool-27-thread-1] INFO  segmented.SegmentedRaftLogWorker (SegmentedRaftLogWorker.java:<init>(172)) - new 02b93e76-e4c6-4b67-b8a4-c536d9ab7224-SegmentedRaftLogWorker:Storage Directory /workdir/hadoop-ozone/integration-test/target/test-dir/MiniOzoneClusterImpl-a33d77e5-464b-4d19-8e6b-a171e580bf0e/datanode-0/data/ratis/3dc72507-d271-47be-a7c5-80e08822c518 for RaftStorage:Storage Directory /workdir/hadoop-ozone/integration-test/target/test-dir/MiniOzoneClusterImpl-a33d77e5-464b-4d19-8e6b-a171e580bf0e/datanode-0/data/ratis/3dc72507-d271-47be-a7c5-80e08822c518
2019-09-20 09:27:14,872 [pool-71-thread-1] INFO  server.RaftServerConfigKeys (ConfUtils.java:logGet(43)) - raft.server.log.queue.byte-limit = 2147483647 (custom)
2019-09-20 09:27:14,872 [pool-27-thread-1] INFO  server.RaftServerConfigKeys (ConfUtils.java:logGet(43)) - raft.server.log.queue.byte-limit = 2147483647 (custom)
2019-09-20 09:27:14,872 [pool-71-thread-1] INFO  server.RaftServerConfigKeys (ConfUtils.java:logGet(43)) - raft.server.log.queue.element-limit = 1024 (custom)
2019-09-20 09:27:14,872 [pool-27-thread-1] INFO  server.RaftServerConfigKeys (ConfUtils.java:logGet(43)) - raft.server.log.queue.element-limit = 1024 (custom)
2019-09-20 09:27:14,873 [pool-71-thread-1] INFO  server.RaftServerConfigKeys (ConfUtils.java:logGet(43)) - raft.server.log.segment.size.max = 1048576 (custom)
2019-09-20 09:27:14,873 [pool-27-thread-1] INFO  server.RaftServerConfigKeys (ConfUtils.java:logGet(43)) - raft.server.log.segment.size.max = 1048576 (custom)
2019-09-20 09:27:14,873 [pool-71-thread-1] INFO  server.RaftServerConfigKeys (ConfUtils.java:logGet(43)) - raft.server.log.preallocated.size = 16384 (custom)
2019-09-20 09:27:14,873 [pool-27-thread-1] INFO  server.RaftServerConfigKeys (ConfUtils.java:logGet(43)) - raft.server.log.preallocated.size = 16384 (custom)
2019-09-20 09:27:14,873 [pool-71-thread-1] INFO  server.RaftServerConfigKeys (ConfUtils.java:logGet(43)) - raft.server.log.write.buffer.size = 33554432 (custom)
2019-09-20 09:27:14,873 [pool-27-thread-1] INFO  server.RaftServerConfigKeys (ConfUtils.java:logGet(43)) - raft.server.log.write.buffer.size = 33554432 (custom)
2019-09-20 09:27:14,874 [pool-71-thread-1] INFO  server.RaftServerConfigKeys (ConfUtils.java:logGet(43)) - raft.server.log.force.sync.num = 128 (default)
2019-09-20 09:27:14,874 [pool-27-thread-1] INFO  server.RaftServerConfigKeys (ConfUtils.java:logGet(43)) - raft.server.log.force.sync.num = 128 (default)
2019-09-20 09:27:14,874 [pool-71-thread-1] INFO  server.RaftServerConfigKeys (ConfUtils.java:logGet(43)) - raft.server.log.statemachine.data.sync = true (default)
2019-09-20 09:27:14,874 [pool-27-thread-1] INFO  server.RaftServerConfigKeys (ConfUtils.java:logGet(43)) - raft.server.log.statemachine.data.sync = true (default)
2019-09-20 09:27:14,874 [pool-71-thread-1] INFO  server.RaftServerConfigKeys (ConfUtils.java:logGet(43)) - raft.server.log.statemachine.data.sync.timeout = 10s (default)
2019-09-20 09:27:14,874 [pool-27-thread-1] INFO  server.RaftServerConfigKeys (ConfUtils.java:logGet(43)) - raft.server.log.statemachine.data.sync.timeout = 10s (default)
2019-09-20 09:27:14,875 [pool-71-thread-1] INFO  server.RaftServerConfigKeys (ConfUtils.java:logGet(43)) - raft.server.log.statemachine.data.sync.timeout.retry = -1 (default)
2019-09-20 09:27:14,875 [pool-27-thread-1] INFO  server.RaftServerConfigKeys (ConfUtils.java:logGet(43)) - raft.server.log.statemachine.data.sync.timeout.retry = -1 (default)
2019-09-20 09:27:14,875 [pool-71-thread-1] INFO  server.RaftServerConfigKeys (ConfUtils.java:logGet(43)) - raft.server.log.statemachine.data.caching.enabled = true (custom)
2019-09-20 09:27:14,875 [pool-27-thread-1] INFO  server.RaftServerConfigKeys (ConfUtils.java:logGet(43)) - raft.server.log.statemachine.data.caching.enabled = true (custom)
2019-09-20 09:27:14,875 [pool-27-thread-1] INFO  segmented.SegmentedRaftLogWorker (SegmentedRaftLogWorker.java:lambda$new$0(132)) - 02b93e76-e4c6-4b67-b8a4-c536d9ab7224-SegmentedRaftLogWorker:Storage Directory /workdir/hadoop-ozone/integration-test/target/test-dir/MiniOzoneClusterImpl-a33d77e5-464b-4d19-8e6b-a171e580bf0e/datanode-0/data/ratis/3dc72507-d271-47be-a7c5-80e08822c518: flushIndex: setUnconditionally 0 -> -1
2019-09-20 09:27:14,875 [pool-71-thread-1] INFO  segmented.SegmentedRaftLogWorker (SegmentedRaftLogWorker.java:lambda$new$0(132)) - 871e6485-c22a-483f-9e07-d19e754685be-SegmentedRaftLogWorker:Storage Directory /workdir/hadoop-ozone/integration-test/target/test-dir/MiniOzoneClusterImpl-a33d77e5-464b-4d19-8e6b-a171e580bf0e/datanode-4/data/ratis/3dc72507-d271-47be-a7c5-80e08822c518: flushIndex: setUnconditionally 0 -> -1
2019-09-20 09:27:14,876 [pool-27-thread-1] INFO  server.RaftServerConfigKeys (ConfUtils.java:logGet(43)) - raft.server.snapshot.auto.trigger.enabled = true (custom)
2019-09-20 09:27:14,876 [pool-27-thread-1] INFO  server.RaftServerConfigKeys (ConfUtils.java:logGet(43)) - raft.server.snapshot.auto.trigger.threshold = 10000 (custom)
2019-09-20 09:27:14,876 [pool-71-thread-1] INFO  server.RaftServerConfigKeys (ConfUtils.java:logGet(43)) - raft.server.snapshot.auto.trigger.enabled = true (custom)
2019-09-20 09:27:14,876 [pool-27-thread-1] INFO  server.RaftServerConfigKeys (ConfUtils.java:logGet(43)) - raft.server.retrycache.expirytime = 600000ms (custom)
2019-09-20 09:27:14,876 [pool-71-thread-1] INFO  server.RaftServerConfigKeys (ConfUtils.java:logGet(43)) - raft.server.snapshot.auto.trigger.threshold = 10000 (custom)
2019-09-20 09:27:14,877 [pool-27-thread-1] INFO  impl.RaftServerImpl (RaftServerImpl.java:start(180)) - 02b93e76-e4c6-4b67-b8a4-c536d9ab7224: start group-37C7F6D04707
2019-09-20 09:27:14,877 [pool-27-thread-1] INFO  impl.RaftServerImpl (RaftServerImpl.java:setRole(171)) - 02b93e76-e4c6-4b67-b8a4-c536d9ab7224:group-37C7F6D04707 changes role from null to FOLLOWER at term 0 for startAsFollower
2019-09-20 09:27:14,877 [pool-71-thread-1] INFO  server.RaftServerConfigKeys (ConfUtils.java:logGet(43)) - raft.server.retrycache.expirytime = 600000ms (custom)
2019-09-20 09:27:14,877 [pool-27-thread-1] INFO  impl.RoleInfo (RoleInfo.java:updateAndGet(143)) - 02b93e76-e4c6-4b67-b8a4-c536d9ab7224: start FollowerState
2019-09-20 09:27:14,877 [pool-71-thread-1] INFO  impl.RaftServerImpl (RaftServerImpl.java:start(180)) - 871e6485-c22a-483f-9e07-d19e754685be: start group-37C7F6D04707
2019-09-20 09:27:14,877 [pool-71-thread-1] INFO  impl.RaftServerImpl (RaftServerImpl.java:setRole(171)) - 871e6485-c22a-483f-9e07-d19e754685be:group-37C7F6D04707 changes role from null to FOLLOWER at term 0 for startAsFollower
2019-09-20 09:27:14,877 [pool-27-thread-1] INFO  util.JmxRegister (JmxRegister.java:tryRegister(44)) - Successfully registered JMX Bean with object name Ratis:service=RaftServer,group=group-37C7F6D04707,id=02b93e76-e4c6-4b67-b8a4-c536d9ab7224
2019-09-20 09:27:14,878 [pool-71-thread-1] INFO  impl.RoleInfo (RoleInfo.java:updateAndGet(143)) - 871e6485-c22a-483f-9e07-d19e754685be: start FollowerState
2019-09-20 09:27:14,878 [pool-27-thread-1] INFO  impl.RaftServerImpl (RaftServerImpl.java:start(180)) - 02b93e76-e4c6-4b67-b8a4-c536d9ab7224: start group-80E08822C518
2019-09-20 09:27:14,878 [pool-71-thread-1] INFO  util.JmxRegister (JmxRegister.java:tryRegister(44)) - Successfully registered JMX Bean with object name Ratis:service=RaftServer,group=group-37C7F6D04707,id=871e6485-c22a-483f-9e07-d19e754685be
2019-09-20 09:27:14,878 [pool-27-thread-1] INFO  impl.RaftServerImpl (RaftServerImpl.java:setRole(171)) - 02b93e76-e4c6-4b67-b8a4-c536d9ab7224:group-80E08822C518 changes role from null to FOLLOWER at term 0 for startAsFollower
2019-09-20 09:27:14,878 [pool-27-thread-1] INFO  impl.RoleInfo (RoleInfo.java:updateAndGet(143)) - 02b93e76-e4c6-4b67-b8a4-c536d9ab7224: start FollowerState
2019-09-20 09:27:14,879 [pool-71-thread-1] INFO  impl.RaftServerImpl (RaftServerImpl.java:start(180)) - 871e6485-c22a-483f-9e07-d19e754685be: start group-80E08822C518
2019-09-20 09:27:14,879 [pool-71-thread-1] INFO  impl.RaftServerImpl (RaftServerImpl.java:setRole(171)) - 871e6485-c22a-483f-9e07-d19e754685be:group-80E08822C518 changes role from null to FOLLOWER at term 0 for startAsFollower
2019-09-20 09:27:14,879 [pool-71-thread-1] INFO  impl.RoleInfo (RoleInfo.java:updateAndGet(143)) - 871e6485-c22a-483f-9e07-d19e754685be: start FollowerState
2019-09-20 09:27:14,879 [pool-27-thread-1] INFO  util.JmxRegister (JmxRegister.java:tryRegister(44)) - Successfully registered JMX Bean with object name Ratis:service=RaftServer,group=group-80E08822C518,id=02b93e76-e4c6-4b67-b8a4-c536d9ab7224
2019-09-20 09:27:14,879 [pool-71-thread-1] INFO  util.JmxRegister (JmxRegister.java:tryRegister(44)) - Successfully registered JMX Bean with object name Ratis:service=RaftServer,group=group-80E08822C518,id=871e6485-c22a-483f-9e07-d19e754685be
2019-09-20 09:27:14,891 [pool-49-thread-1] INFO  storage.RaftStorage (RaftStorage.java:format(72)) - Storage directory /workdir/hadoop-ozone/integration-test/target/test-dir/MiniOzoneClusterImpl-a33d77e5-464b-4d19-8e6b-a171e580bf0e/datanode-2/data/ratis/8ad5031d-ad1b-4314-8a4d-dbfccbcc0585 has been successfully formatted.
2019-09-20 09:27:14,891 [pool-49-thread-1] INFO  ratis.ContainerStateMachine (ContainerStateMachine.java:loadSnapshot(226)) - group-DBFCCBCC0585: The snapshot info is null. Setting the last applied indexto:(t:0, i:~)
2019-09-20 09:27:14,891 [pool-49-thread-1] INFO  server.RaftServerConfigKeys (ConfUtils.java:logGet(43)) - raft.server.leader.election.timeout = 10s (custom)
2019-09-20 09:27:14,891 [pool-49-thread-1] INFO  server.RaftServerConfigKeys (ConfUtils.java:logGet(43)) - raft.server.log.use.memory = false (default)
2019-09-20 09:27:14,892 [pool-49-thread-1] INFO  server.RaftServerConfigKeys (ConfUtils.java:logGet(43)) - raft.server.log.purge.gap = 1000000 (custom)
2019-09-20 09:27:14,892 [pool-49-thread-1] INFO  server.RaftServerConfigKeys (ConfUtils.java:logGet(43)) - raft.server.log.appender.buffer.byte-limit = 33554432 (custom)
2019-09-20 09:27:14,892 [pool-49-thread-1] INFO  server.RaftServerConfigKeys (ConfUtils.java:logGet(43)) - raft.server.log.segment.size.max = 1048576 (custom)
2019-09-20 09:27:14,892 [pool-49-thread-1] INFO  server.RaftServerConfigKeys (ConfUtils.java:logGet(43)) - raft.server.log.segment.cache.num.max = 2 (custom)
2019-09-20 09:27:14,892 [pool-49-thread-1] INFO  segmented.SegmentedRaftLogWorker (SegmentedRaftLogWorker.java:<init>(172)) - new 492ed782-6ab3-4ad9-945e-06def6ac7c96-SegmentedRaftLogWorker:Storage Directory /workdir/hadoop-ozone/integration-test/target/test-dir/MiniOzoneClusterImpl-a33d77e5-464b-4d19-8e6b-a171e580bf0e/datanode-2/data/ratis/8ad5031d-ad1b-4314-8a4d-dbfccbcc0585 for RaftStorage:Storage Directory /workdir/hadoop-ozone/integration-test/target/test-dir/MiniOzoneClusterImpl-a33d77e5-464b-4d19-8e6b-a171e580bf0e/datanode-2/data/ratis/8ad5031d-ad1b-4314-8a4d-dbfccbcc0585
2019-09-20 09:27:14,892 [pool-49-thread-1] INFO  server.RaftServerConfigKeys (ConfUtils.java:logGet(43)) - raft.server.log.queue.byte-limit = 2147483647 (custom)
2019-09-20 09:27:14,892 [pool-49-thread-1] INFO  server.RaftServerConfigKeys (ConfUtils.java:logGet(43)) - raft.server.log.queue.element-limit = 1024 (custom)
2019-09-20 09:27:14,892 [pool-49-thread-1] INFO  server.RaftServerConfigKeys (ConfUtils.java:logGet(43)) - raft.server.log.segment.size.max = 1048576 (custom)
2019-09-20 09:27:14,893 [pool-49-thread-1] INFO  server.RaftServerConfigKeys (ConfUtils.java:logGet(43)) - raft.server.log.preallocated.size = 16384 (custom)
2019-09-20 09:27:14,893 [pool-49-thread-1] INFO  server.RaftServerConfigKeys (ConfUtils.java:logGet(43)) - raft.server.log.write.buffer.size = 33554432 (custom)
2019-09-20 09:27:14,893 [pool-49-thread-1] INFO  server.RaftServerConfigKeys (ConfUtils.java:logGet(43)) - raft.server.log.force.sync.num = 128 (default)
2019-09-20 09:27:14,893 [pool-49-thread-1] INFO  server.RaftServerConfigKeys (ConfUtils.java:logGet(43)) - raft.server.log.statemachine.data.sync = true (default)
2019-09-20 09:27:14,893 [pool-49-thread-1] INFO  server.RaftServerConfigKeys (ConfUtils.java:logGet(43)) - raft.server.log.statemachine.data.sync.timeout = 10s (default)
2019-09-20 09:27:14,893 [pool-49-thread-1] INFO  server.RaftServerConfigKeys (ConfUtils.java:logGet(43)) - raft.server.log.statemachine.data.sync.timeout.retry = -1 (default)
2019-09-20 09:27:14,893 [pool-49-thread-1] INFO  server.RaftServerConfigKeys (ConfUtils.java:logGet(43)) - raft.server.log.statemachine.data.caching.enabled = true (custom)
2019-09-20 09:27:14,894 [pool-49-thread-1] INFO  segmented.SegmentedRaftLogWorker (SegmentedRaftLogWorker.java:lambda$new$0(132)) - 492ed782-6ab3-4ad9-945e-06def6ac7c96-SegmentedRaftLogWorker:Storage Directory /workdir/hadoop-ozone/integration-test/target/test-dir/MiniOzoneClusterImpl-a33d77e5-464b-4d19-8e6b-a171e580bf0e/datanode-2/data/ratis/8ad5031d-ad1b-4314-8a4d-dbfccbcc0585: flushIndex: setUnconditionally 0 -> -1
2019-09-20 09:27:14,894 [pool-49-thread-1] INFO  server.RaftServerConfigKeys (ConfUtils.java:logGet(43)) - raft.server.snapshot.auto.trigger.enabled = true (custom)
2019-09-20 09:27:14,894 [pool-49-thread-1] INFO  server.RaftServerConfigKeys (ConfUtils.java:logGet(43)) - raft.server.snapshot.auto.trigger.threshold = 10000 (custom)
2019-09-20 09:27:14,894 [pool-49-thread-1] INFO  server.RaftServerConfigKeys (ConfUtils.java:logGet(43)) - raft.server.retrycache.expirytime = 600000ms (custom)
2019-09-20 09:27:14,894 [pool-49-thread-1] INFO  impl.RaftServerImpl (RaftServerImpl.java:start(180)) - 492ed782-6ab3-4ad9-945e-06def6ac7c96: start group-80E08822C518
2019-09-20 09:27:14,895 [pool-49-thread-1] INFO  impl.RaftServerImpl (RaftServerImpl.java:setRole(171)) - 492ed782-6ab3-4ad9-945e-06def6ac7c96:group-80E08822C518 changes role from null to FOLLOWER at term 0 for startAsFollower
2019-09-20 09:27:14,895 [pool-49-thread-1] INFO  impl.RoleInfo (RoleInfo.java:updateAndGet(143)) - 492ed782-6ab3-4ad9-945e-06def6ac7c96: start FollowerState
2019-09-20 09:27:14,895 [pool-49-thread-1] INFO  util.JmxRegister (JmxRegister.java:tryRegister(44)) - Successfully registered JMX Bean with object name Ratis:service=RaftServer,group=group-80E08822C518,id=492ed782-6ab3-4ad9-945e-06def6ac7c96
2019-09-20 09:27:14,896 [pool-49-thread-1] INFO  impl.RaftServerImpl (RaftServerImpl.java:start(180)) - 492ed782-6ab3-4ad9-945e-06def6ac7c96: start group-DBFCCBCC0585
2019-09-20 09:27:14,896 [pool-49-thread-1] INFO  impl.RaftServerImpl (RaftServerImpl.java:setRole(171)) - 492ed782-6ab3-4ad9-945e-06def6ac7c96:group-DBFCCBCC0585 changes role from null to FOLLOWER at term 0 for startAsFollower
2019-09-20 09:27:14,896 [pool-49-thread-1] INFO  impl.RoleInfo (RoleInfo.java:updateAndGet(143)) - 492ed782-6ab3-4ad9-945e-06def6ac7c96: start FollowerState
2019-09-20 09:27:14,896 [pool-49-thread-1] INFO  util.JmxRegister (JmxRegister.java:tryRegister(44)) - Successfully registered JMX Bean with object name Ratis:service=RaftServer,group=group-DBFCCBCC0585,id=492ed782-6ab3-4ad9-945e-06def6ac7c96
2019-09-20 09:27:14,899 [RatisPipelineUtilsThread] INFO  pipeline.PipelineStateManager (PipelineStateManager.java:addPipeline(56)) - Created pipeline Pipeline[ Id: 8ad5031d-ad1b-4314-8a4d-dbfccbcc0585, Nodes: 492ed782-6ab3-4ad9-945e-06def6ac7c96{ip: 192.168.36.99, host: pr-hdds-1569-p5fx8-1226042367, networkLocation: /default-rack, certSerialId: null}, Type:RATIS, Factor:ONE, State:OPEN]
2019-09-20 09:27:14,906 [grpc-default-executor-2] INFO  impl.RaftServerProxy (RaftServerProxy.java:addNew(89)) - 871e6485-c22a-483f-9e07-d19e754685be: addNew group-2BC81EA4EC18:[871e6485-c22a-483f-9e07-d19e754685be:192.168.36.99:41076] returns group-2BC81EA4EC18:java.util.concurrent.CompletableFuture@39d320c9[Not completed]
2019-09-20 09:27:14,908 [pool-71-thread-1] INFO  impl.RaftServerImpl (RaftServerImpl.java:<init>(93)) - 871e6485-c22a-483f-9e07-d19e754685be: new RaftServerImpl for group-2BC81EA4EC18:[871e6485-c22a-483f-9e07-d19e754685be:192.168.36.99:41076] with ContainerStateMachine:uninitialized
2019-09-20 09:27:14,908 [pool-71-thread-1] INFO  server.RaftServerConfigKeys (ConfUtils.java:logGet(43)) - raft.server.rpc.timeout.min = 5s (custom)
2019-09-20 09:27:14,908 [pool-71-thread-1] INFO  server.RaftServerConfigKeys (ConfUtils.java:logGet(43)) - raft.server.rpc.timeout.max = 5200ms (custom)
2019-09-20 09:27:14,908 [pool-71-thread-1] INFO  server.RaftServerConfigKeys (ConfUtils.java:logGet(43)) - raft.server.rpcslowness.timeout = 10s (custom)
2019-09-20 09:27:14,908 [pool-71-thread-1] INFO  server.RaftServerConfigKeys (ConfUtils.java:logGet(43)) - raft.server.sleep.deviation.threshold = 300 (default)
2019-09-20 09:27:14,908 [pool-71-thread-1] INFO  server.RaftServerConfigKeys (ConfUtils.java:logGet(43)) - raft.server.log.appender.install.snapshot.enabled = false (custom)
2019-09-20 09:27:14,909 [pool-71-thread-1] INFO  impl.RaftServerImpl (ServerState.java:<init>(105)) - 871e6485-c22a-483f-9e07-d19e754685be:group-2BC81EA4EC18 ConfigurationManager, init=-1: [871e6485-c22a-483f-9e07-d19e754685be:192.168.36.99:41076], old=null, confs=<EMPTY_MAP>
2019-09-20 09:27:14,909 [pool-71-thread-1] INFO  server.RaftServerConfigKeys (ConfUtils.java:logGet(43)) - raft.server.storage.dir = [/workdir/hadoop-ozone/integration-test/target/test-dir/MiniOzoneClusterImpl-a33d77e5-464b-4d19-8e6b-a171e580bf0e/datanode-4/data/ratis] (custom)
2019-09-20 09:27:14,909 [pool-71-thread-1] INFO  storage.RaftStorageDirectory (RaftStorageDirectory.java:analyzeStorage(246)) - The storage directory /workdir/hadoop-ozone/integration-test/target/test-dir/MiniOzoneClusterImpl-a33d77e5-464b-4d19-8e6b-a171e580bf0e/datanode-4/data/ratis/98f4618a-d07b-4bfe-9325-2bc81ea4ec18 does not exist. Creating ...
2019-09-20 09:27:14,925 [pool-71-thread-1] INFO  storage.RaftStorageDirectory (RaftStorageDirectory.java:tryLock(328)) - Lock on /workdir/hadoop-ozone/integration-test/target/test-dir/MiniOzoneClusterImpl-a33d77e5-464b-4d19-8e6b-a171e580bf0e/datanode-4/data/ratis/98f4618a-d07b-4bfe-9325-2bc81ea4ec18/in_use.lock acquired by nodename 7145@pr-hdds-1569-p5fx8-1226042367
2019-09-20 09:27:14,941 [pool-71-thread-1] INFO  storage.RaftStorage (RaftStorage.java:format(72)) - Storage directory /workdir/hadoop-ozone/integration-test/target/test-dir/MiniOzoneClusterImpl-a33d77e5-464b-4d19-8e6b-a171e580bf0e/datanode-4/data/ratis/98f4618a-d07b-4bfe-9325-2bc81ea4ec18 has been successfully formatted.
2019-09-20 09:27:14,941 [pool-71-thread-1] INFO  ratis.ContainerStateMachine (ContainerStateMachine.java:loadSnapshot(226)) - group-2BC81EA4EC18: The snapshot info is null. Setting the last applied indexto:(t:0, i:~)
2019-09-20 09:27:14,941 [pool-71-thread-1] INFO  server.RaftServerConfigKeys (ConfUtils.java:logGet(43)) - raft.server.leader.election.timeout = 10s (custom)
2019-09-20 09:27:14,942 [pool-71-thread-1] INFO  server.RaftServerConfigKeys (ConfUtils.java:logGet(43)) - raft.server.log.use.memory = false (default)
2019-09-20 09:27:14,942 [pool-71-thread-1] INFO  server.RaftServerConfigKeys (ConfUtils.java:logGet(43)) - raft.server.log.purge.gap = 1000000 (custom)
2019-09-20 09:27:14,942 [pool-71-thread-1] INFO  server.RaftServerConfigKeys (ConfUtils.java:logGet(43)) - raft.server.log.appender.buffer.byte-limit = 33554432 (custom)
2019-09-20 09:27:14,942 [pool-71-thread-1] INFO  server.RaftServerConfigKeys (ConfUtils.java:logGet(43)) - raft.server.log.segment.size.max = 1048576 (custom)
2019-09-20 09:27:14,942 [pool-71-thread-1] INFO  server.RaftServerConfigKeys (ConfUtils.java:logGet(43)) - raft.server.log.segment.cache.num.max = 2 (custom)
2019-09-20 09:27:14,942 [pool-71-thread-1] INFO  segmented.SegmentedRaftLogWorker (SegmentedRaftLogWorker.java:<init>(172)) - new 871e6485-c22a-483f-9e07-d19e754685be-SegmentedRaftLogWorker:Storage Directory /workdir/hadoop-ozone/integration-test/target/test-dir/MiniOzoneClusterImpl-a33d77e5-464b-4d19-8e6b-a171e580bf0e/datanode-4/data/ratis/98f4618a-d07b-4bfe-9325-2bc81ea4ec18 for RaftStorage:Storage Directory /workdir/hadoop-ozone/integration-test/target/test-dir/MiniOzoneClusterImpl-a33d77e5-464b-4d19-8e6b-a171e580bf0e/datanode-4/data/ratis/98f4618a-d07b-4bfe-9325-2bc81ea4ec18
2019-09-20 09:27:14,942 [pool-71-thread-1] INFO  server.RaftServerConfigKeys (ConfUtils.java:logGet(43)) - raft.server.log.queue.byte-limit = 2147483647 (custom)
2019-09-20 09:27:14,943 [pool-71-thread-1] INFO  server.RaftServerConfigKeys (ConfUtils.java:logGet(43)) - raft.server.log.queue.element-limit = 1024 (custom)
2019-09-20 09:27:14,943 [pool-71-thread-1] INFO  server.RaftServerConfigKeys (ConfUtils.java:logGet(43)) - raft.server.log.segment.size.max = 1048576 (custom)
2019-09-20 09:27:14,943 [pool-71-thread-1] INFO  server.RaftServerConfigKeys (ConfUtils.java:logGet(43)) - raft.server.log.preallocated.size = 16384 (custom)
2019-09-20 09:27:14,943 [pool-71-thread-1] INFO  server.RaftServerConfigKeys (ConfUtils.java:logGet(43)) - raft.server.log.write.buffer.size = 33554432 (custom)
2019-09-20 09:27:14,943 [pool-71-thread-1] INFO  server.RaftServerConfigKeys (ConfUtils.java:logGet(43)) - raft.server.log.force.sync.num = 128 (default)
2019-09-20 09:27:14,943 [pool-71-thread-1] INFO  server.RaftServerConfigKeys (ConfUtils.java:logGet(43)) - raft.server.log.statemachine.data.sync = true (default)
2019-09-20 09:27:14,943 [pool-71-thread-1] INFO  server.RaftServerConfigKeys (ConfUtils.java:logGet(43)) - raft.server.log.statemachine.data.sync.timeout = 10s (default)
2019-09-20 09:27:14,944 [pool-71-thread-1] INFO  server.RaftServerConfigKeys (ConfUtils.java:logGet(43)) - raft.server.log.statemachine.data.sync.timeout.retry = -1 (default)
2019-09-20 09:27:14,944 [pool-71-thread-1] INFO  server.RaftServerConfigKeys (ConfUtils.java:logGet(43)) - raft.server.log.statemachine.data.caching.enabled = true (custom)
2019-09-20 09:27:14,944 [pool-71-thread-1] INFO  segmented.SegmentedRaftLogWorker (SegmentedRaftLogWorker.java:lambda$new$0(132)) - 871e6485-c22a-483f-9e07-d19e754685be-SegmentedRaftLogWorker:Storage Directory /workdir/hadoop-ozone/integration-test/target/test-dir/MiniOzoneClusterImpl-a33d77e5-464b-4d19-8e6b-a171e580bf0e/datanode-4/data/ratis/98f4618a-d07b-4bfe-9325-2bc81ea4ec18: flushIndex: setUnconditionally 0 -> -1
2019-09-20 09:27:14,944 [pool-71-thread-1] INFO  server.RaftServerConfigKeys (ConfUtils.java:logGet(43)) - raft.server.snapshot.auto.trigger.enabled = true (custom)
2019-09-20 09:27:14,945 [pool-71-thread-1] INFO  server.RaftServerConfigKeys (ConfUtils.java:logGet(43)) - raft.server.snapshot.auto.trigger.threshold = 10000 (custom)
2019-09-20 09:27:14,945 [pool-71-thread-1] INFO  server.RaftServerConfigKeys (ConfUtils.java:logGet(43)) - raft.server.retrycache.expirytime = 600000ms (custom)
2019-09-20 09:27:14,945 [pool-71-thread-1] INFO  impl.RaftServerImpl (RaftServerImpl.java:start(180)) - 871e6485-c22a-483f-9e07-d19e754685be: start group-2BC81EA4EC18
2019-09-20 09:27:14,945 [pool-71-thread-1] INFO  impl.RaftServerImpl (RaftServerImpl.java:setRole(171)) - 871e6485-c22a-483f-9e07-d19e754685be:group-2BC81EA4EC18 changes role from null to FOLLOWER at term 0 for startAsFollower
2019-09-20 09:27:14,945 [pool-71-thread-1] INFO  impl.RoleInfo (RoleInfo.java:updateAndGet(143)) - 871e6485-c22a-483f-9e07-d19e754685be: start FollowerState
2019-09-20 09:27:14,946 [pool-71-thread-1] INFO  util.JmxRegister (JmxRegister.java:tryRegister(44)) - Successfully registered JMX Bean with object name Ratis:service=RaftServer,group=group-2BC81EA4EC18,id=871e6485-c22a-483f-9e07-d19e754685be
2019-09-20 09:27:14,949 [RatisPipelineUtilsThread] INFO  pipeline.PipelineStateManager (PipelineStateManager.java:addPipeline(56)) - Created pipeline Pipeline[ Id: 98f4618a-d07b-4bfe-9325-2bc81ea4ec18, Nodes: 871e6485-c22a-483f-9e07-d19e754685be{ip: 192.168.36.99, host: pr-hdds-1569-p5fx8-1226042367, networkLocation: /default-rack, certSerialId: null}, Type:RATIS, Factor:ONE, State:OPEN]
2019-09-20 09:27:14,955 [grpc-default-executor-2] INFO  impl.RaftServerProxy (RaftServerProxy.java:addNew(89)) - 4840c00f-91d3-4881-a20b-4d0486ca97c0: addNew group-200999D6C66F:[4840c00f-91d3-4881-a20b-4d0486ca97c0:192.168.36.99:41473] returns group-200999D6C66F:java.util.concurrent.CompletableFuture@1d649f60[Not completed]
2019-09-20 09:27:14,956 [pool-60-thread-1] INFO  impl.RaftServerImpl (RaftServerImpl.java:<init>(93)) - 4840c00f-91d3-4881-a20b-4d0486ca97c0: new RaftServerImpl for group-200999D6C66F:[4840c00f-91d3-4881-a20b-4d0486ca97c0:192.168.36.99:41473] with ContainerStateMachine:uninitialized
2019-09-20 09:27:14,956 [pool-60-thread-1] INFO  server.RaftServerConfigKeys (ConfUtils.java:logGet(43)) - raft.server.rpc.timeout.min = 5s (custom)
2019-09-20 09:27:14,957 [pool-60-thread-1] INFO  server.RaftServerConfigKeys (ConfUtils.java:logGet(43)) - raft.server.rpc.timeout.max = 5200ms (custom)
2019-09-20 09:27:14,957 [pool-60-thread-1] INFO  server.RaftServerConfigKeys (ConfUtils.java:logGet(43)) - raft.server.rpcslowness.timeout = 10s (custom)
2019-09-20 09:27:14,957 [pool-60-thread-1] INFO  server.RaftServerConfigKeys (ConfUtils.java:logGet(43)) - raft.server.sleep.deviation.threshold = 300 (default)
2019-09-20 09:27:14,957 [pool-60-thread-1] INFO  server.RaftServerConfigKeys (ConfUtils.java:logGet(43)) - raft.server.log.appender.install.snapshot.enabled = false (custom)
2019-09-20 09:27:14,957 [pool-60-thread-1] INFO  impl.RaftServerImpl (ServerState.java:<init>(105)) - 4840c00f-91d3-4881-a20b-4d0486ca97c0:group-200999D6C66F ConfigurationManager, init=-1: [4840c00f-91d3-4881-a20b-4d0486ca97c0:192.168.36.99:41473], old=null, confs=<EMPTY_MAP>
2019-09-20 09:27:14,957 [pool-60-thread-1] INFO  server.RaftServerConfigKeys (ConfUtils.java:logGet(43)) - raft.server.storage.dir = [/workdir/hadoop-ozone/integration-test/target/test-dir/MiniOzoneClusterImpl-a33d77e5-464b-4d19-8e6b-a171e580bf0e/datanode-3/data/ratis] (custom)
2019-09-20 09:27:14,958 [pool-60-thread-1] INFO  storage.RaftStorageDirectory (RaftStorageDirectory.java:analyzeStorage(246)) - The storage directory /workdir/hadoop-ozone/integration-test/target/test-dir/MiniOzoneClusterImpl-a33d77e5-464b-4d19-8e6b-a171e580bf0e/datanode-3/data/ratis/63e6540c-7087-4c1c-80b6-200999d6c66f does not exist. Creating ...
2019-09-20 09:27:14,971 [pool-60-thread-1] INFO  storage.RaftStorageDirectory (RaftStorageDirectory.java:tryLock(328)) - Lock on /workdir/hadoop-ozone/integration-test/target/test-dir/MiniOzoneClusterImpl-a33d77e5-464b-4d19-8e6b-a171e580bf0e/datanode-3/data/ratis/63e6540c-7087-4c1c-80b6-200999d6c66f/in_use.lock acquired by nodename 7145@pr-hdds-1569-p5fx8-1226042367
2019-09-20 09:27:14,985 [pool-60-thread-1] INFO  storage.RaftStorage (RaftStorage.java:format(72)) - Storage directory /workdir/hadoop-ozone/integration-test/target/test-dir/MiniOzoneClusterImpl-a33d77e5-464b-4d19-8e6b-a171e580bf0e/datanode-3/data/ratis/63e6540c-7087-4c1c-80b6-200999d6c66f has been successfully formatted.
2019-09-20 09:27:14,986 [pool-60-thread-1] INFO  ratis.ContainerStateMachine (ContainerStateMachine.java:loadSnapshot(226)) - group-200999D6C66F: The snapshot info is null. Setting the last applied indexto:(t:0, i:~)
2019-09-20 09:27:14,986 [pool-60-thread-1] INFO  server.RaftServerConfigKeys (ConfUtils.java:logGet(43)) - raft.server.leader.election.timeout = 10s (custom)
2019-09-20 09:27:14,986 [pool-60-thread-1] INFO  server.RaftServerConfigKeys (ConfUtils.java:logGet(43)) - raft.server.log.use.memory = false (default)
2019-09-20 09:27:14,986 [pool-60-thread-1] INFO  server.RaftServerConfigKeys (ConfUtils.java:logGet(43)) - raft.server.log.purge.gap = 1000000 (custom)
2019-09-20 09:27:14,986 [pool-60-thread-1] INFO  server.RaftServerConfigKeys (ConfUtils.java:logGet(43)) - raft.server.log.appender.buffer.byte-limit = 33554432 (custom)
2019-09-20 09:27:14,986 [pool-60-thread-1] INFO  server.RaftServerConfigKeys (ConfUtils.java:logGet(43)) - raft.server.log.segment.size.max = 1048576 (custom)
2019-09-20 09:27:14,987 [pool-60-thread-1] INFO  server.RaftServerConfigKeys (ConfUtils.java:logGet(43)) - raft.server.log.segment.cache.num.max = 2 (custom)
2019-09-20 09:27:14,987 [pool-60-thread-1] INFO  segmented.SegmentedRaftLogWorker (SegmentedRaftLogWorker.java:<init>(172)) - new 4840c00f-91d3-4881-a20b-4d0486ca97c0-SegmentedRaftLogWorker:Storage Directory /workdir/hadoop-ozone/integration-test/target/test-dir/MiniOzoneClusterImpl-a33d77e5-464b-4d19-8e6b-a171e580bf0e/datanode-3/data/ratis/63e6540c-7087-4c1c-80b6-200999d6c66f for RaftStorage:Storage Directory /workdir/hadoop-ozone/integration-test/target/test-dir/MiniOzoneClusterImpl-a33d77e5-464b-4d19-8e6b-a171e580bf0e/datanode-3/data/ratis/63e6540c-7087-4c1c-80b6-200999d6c66f
2019-09-20 09:27:14,987 [pool-60-thread-1] INFO  server.RaftServerConfigKeys (ConfUtils.java:logGet(43)) - raft.server.log.queue.byte-limit = 2147483647 (custom)
2019-09-20 09:27:14,987 [pool-60-thread-1] INFO  server.RaftServerConfigKeys (ConfUtils.java:logGet(43)) - raft.server.log.queue.element-limit = 1024 (custom)
2019-09-20 09:27:14,987 [pool-60-thread-1] INFO  server.RaftServerConfigKeys (ConfUtils.java:logGet(43)) - raft.server.log.segment.size.max = 1048576 (custom)
2019-09-20 09:27:14,987 [pool-60-thread-1] INFO  server.RaftServerConfigKeys (ConfUtils.java:logGet(43)) - raft.server.log.preallocated.size = 16384 (custom)
2019-09-20 09:27:14,988 [pool-60-thread-1] INFO  server.RaftServerConfigKeys (ConfUtils.java:logGet(43)) - raft.server.log.write.buffer.size = 33554432 (custom)
2019-09-20 09:27:14,988 [pool-60-thread-1] INFO  server.RaftServerConfigKeys (ConfUtils.java:logGet(43)) - raft.server.log.force.sync.num = 128 (default)
2019-09-20 09:27:14,988 [pool-60-thread-1] INFO  server.RaftServerConfigKeys (ConfUtils.java:logGet(43)) - raft.server.log.statemachine.data.sync = true (default)
2019-09-20 09:27:14,988 [pool-60-thread-1] INFO  server.RaftServerConfigKeys (ConfUtils.java:logGet(43)) - raft.server.log.statemachine.data.sync.timeout = 10s (default)
2019-09-20 09:27:14,988 [pool-60-thread-1] INFO  server.RaftServerConfigKeys (ConfUtils.java:logGet(43)) - raft.server.log.statemachine.data.sync.timeout.retry = -1 (default)
2019-09-20 09:27:14,988 [pool-60-thread-1] INFO  server.RaftServerConfigKeys (ConfUtils.java:logGet(43)) - raft.server.log.statemachine.data.caching.enabled = true (custom)
2019-09-20 09:27:14,989 [pool-60-thread-1] INFO  segmented.SegmentedRaftLogWorker (SegmentedRaftLogWorker.java:lambda$new$0(132)) - 4840c00f-91d3-4881-a20b-4d0486ca97c0-SegmentedRaftLogWorker:Storage Directory /workdir/hadoop-ozone/integration-test/target/test-dir/MiniOzoneClusterImpl-a33d77e5-464b-4d19-8e6b-a171e580bf0e/datanode-3/data/ratis/63e6540c-7087-4c1c-80b6-200999d6c66f: flushIndex: setUnconditionally 0 -> -1
2019-09-20 09:27:14,989 [pool-60-thread-1] INFO  server.RaftServerConfigKeys (ConfUtils.java:logGet(43)) - raft.server.snapshot.auto.trigger.enabled = true (custom)
2019-09-20 09:27:14,989 [pool-60-thread-1] INFO  server.RaftServerConfigKeys (ConfUtils.java:logGet(43)) - raft.server.snapshot.auto.trigger.threshold = 10000 (custom)
2019-09-20 09:27:14,989 [pool-60-thread-1] INFO  server.RaftServerConfigKeys (ConfUtils.java:logGet(43)) - raft.server.retrycache.expirytime = 600000ms (custom)
2019-09-20 09:27:14,990 [pool-60-thread-1] INFO  impl.RaftServerImpl (RaftServerImpl.java:start(180)) - 4840c00f-91d3-4881-a20b-4d0486ca97c0: start group-200999D6C66F
2019-09-20 09:27:14,990 [pool-60-thread-1] INFO  impl.RaftServerImpl (RaftServerImpl.java:setRole(171)) - 4840c00f-91d3-4881-a20b-4d0486ca97c0:group-200999D6C66F changes role from null to FOLLOWER at term 0 for startAsFollower
2019-09-20 09:27:14,990 [pool-60-thread-1] INFO  impl.RoleInfo (RoleInfo.java:updateAndGet(143)) - 4840c00f-91d3-4881-a20b-4d0486ca97c0: start FollowerState
2019-09-20 09:27:14,990 [pool-60-thread-1] INFO  util.JmxRegister (JmxRegister.java:tryRegister(44)) - Successfully registered JMX Bean with object name Ratis:service=RaftServer,group=group-200999D6C66F,id=4840c00f-91d3-4881-a20b-4d0486ca97c0
2019-09-20 09:27:14,994 [RatisPipelineUtilsThread] INFO  pipeline.PipelineStateManager (PipelineStateManager.java:addPipeline(56)) - Created pipeline Pipeline[ Id: 63e6540c-7087-4c1c-80b6-200999d6c66f, Nodes: 4840c00f-91d3-4881-a20b-4d0486ca97c0{ip: 192.168.36.99, host: pr-hdds-1569-p5fx8-1226042367, networkLocation: /default-rack, certSerialId: null}, Type:RATIS, Factor:ONE, State:OPEN]
2019-09-20 09:27:15,000 [grpc-default-executor-2] INFO  impl.RaftServerProxy (RaftServerProxy.java:addNew(89)) - 4840c00f-91d3-4881-a20b-4d0486ca97c0: addNew group-A92484A46E3A:[4840c00f-91d3-4881-a20b-4d0486ca97c0:192.168.36.99:41473] returns group-A92484A46E3A:java.util.concurrent.CompletableFuture@64882740[Not completed]
2019-09-20 09:27:15,002 [pool-60-thread-1] INFO  impl.RaftServerImpl (RaftServerImpl.java:<init>(93)) - 4840c00f-91d3-4881-a20b-4d0486ca97c0: new RaftServerImpl for group-A92484A46E3A:[4840c00f-91d3-4881-a20b-4d0486ca97c0:192.168.36.99:41473] with ContainerStateMachine:uninitialized
2019-09-20 09:27:15,002 [pool-60-thread-1] INFO  server.RaftServerConfigKeys (ConfUtils.java:logGet(43)) - raft.server.rpc.timeout.min = 5s (custom)
2019-09-20 09:27:15,002 [pool-60-thread-1] INFO  server.RaftServerConfigKeys (ConfUtils.java:logGet(43)) - raft.server.rpc.timeout.max = 5200ms (custom)
2019-09-20 09:27:15,002 [pool-60-thread-1] INFO  server.RaftServerConfigKeys (ConfUtils.java:logGet(43)) - raft.server.rpcslowness.timeout = 10s (custom)
2019-09-20 09:27:15,002 [pool-60-thread-1] INFO  server.RaftServerConfigKeys (ConfUtils.java:logGet(43)) - raft.server.sleep.deviation.threshold = 300 (default)
2019-09-20 09:27:15,003 [pool-60-thread-1] INFO  server.RaftServerConfigKeys (ConfUtils.java:logGet(43)) - raft.server.log.appender.install.snapshot.enabled = false (custom)
2019-09-20 09:27:15,003 [pool-60-thread-1] INFO  impl.RaftServerImpl (ServerState.java:<init>(105)) - 4840c00f-91d3-4881-a20b-4d0486ca97c0:group-A92484A46E3A ConfigurationManager, init=-1: [4840c00f-91d3-4881-a20b-4d0486ca97c0:192.168.36.99:41473], old=null, confs=<EMPTY_MAP>
2019-09-20 09:27:15,003 [pool-60-thread-1] INFO  server.RaftServerConfigKeys (ConfUtils.java:logGet(43)) - raft.server.storage.dir = [/workdir/hadoop-ozone/integration-test/target/test-dir/MiniOzoneClusterImpl-a33d77e5-464b-4d19-8e6b-a171e580bf0e/datanode-3/data/ratis] (custom)
2019-09-20 09:27:15,004 [pool-60-thread-1] INFO  storage.RaftStorageDirectory (RaftStorageDirectory.java:analyzeStorage(246)) - The storage directory /workdir/hadoop-ozone/integration-test/target/test-dir/MiniOzoneClusterImpl-a33d77e5-464b-4d19-8e6b-a171e580bf0e/datanode-3/data/ratis/20a2dcac-b916-4cc9-9497-a92484a46e3a does not exist. Creating ...
2019-09-20 09:27:15,036 [pool-60-thread-1] INFO  storage.RaftStorageDirectory (RaftStorageDirectory.java:tryLock(328)) - Lock on /workdir/hadoop-ozone/integration-test/target/test-dir/MiniOzoneClusterImpl-a33d77e5-464b-4d19-8e6b-a171e580bf0e/datanode-3/data/ratis/20a2dcac-b916-4cc9-9497-a92484a46e3a/in_use.lock acquired by nodename 7145@pr-hdds-1569-p5fx8-1226042367
2019-09-20 09:27:15,038 | INFO  | SCMAudit | user=jenkins1000 | ip=192.168.36.99 | op=SEND_HEARTBEAT {datanodeUUID=dc7f40a9-6782-42c4-abab-c6b1682da047, command=[]} | ret=SUCCESS |  
2019-09-20 09:27:15,038 | INFO  | SCMAudit | user=jenkins1000 | ip=192.168.36.99 | op=SEND_HEARTBEAT {datanodeUUID=fd3cd5f9-4f1c-43ea-91b1-b85a1f6c3825, command=[]} | ret=SUCCESS |  
2019-09-20 09:27:15,070 [pool-60-thread-1] INFO  storage.RaftStorage (RaftStorage.java:format(72)) - Storage directory /workdir/hadoop-ozone/integration-test/target/test-dir/MiniOzoneClusterImpl-a33d77e5-464b-4d19-8e6b-a171e580bf0e/datanode-3/data/ratis/20a2dcac-b916-4cc9-9497-a92484a46e3a has been successfully formatted.
2019-09-20 09:27:15,070 [pool-60-thread-1] INFO  ratis.ContainerStateMachine (ContainerStateMachine.java:loadSnapshot(226)) - group-A92484A46E3A: The snapshot info is null. Setting the last applied indexto:(t:0, i:~)
2019-09-20 09:27:15,071 [pool-60-thread-1] INFO  server.RaftServerConfigKeys (ConfUtils.java:logGet(43)) - raft.server.leader.election.timeout = 10s (custom)
2019-09-20 09:27:15,071 [pool-60-thread-1] INFO  server.RaftServerConfigKeys (ConfUtils.java:logGet(43)) - raft.server.log.use.memory = false (default)
2019-09-20 09:27:15,071 [pool-60-thread-1] INFO  server.RaftServerConfigKeys (ConfUtils.java:logGet(43)) - raft.server.log.purge.gap = 1000000 (custom)
2019-09-20 09:27:15,071 [pool-60-thread-1] INFO  server.RaftServerConfigKeys (ConfUtils.java:logGet(43)) - raft.server.log.appender.buffer.byte-limit = 33554432 (custom)
2019-09-20 09:27:15,071 [pool-60-thread-1] INFO  server.RaftServerConfigKeys (ConfUtils.java:logGet(43)) - raft.server.log.segment.size.max = 1048576 (custom)
2019-09-20 09:27:15,071 [pool-60-thread-1] INFO  server.RaftServerConfigKeys (ConfUtils.java:logGet(43)) - raft.server.log.segment.cache.num.max = 2 (custom)
2019-09-20 09:27:15,072 [pool-60-thread-1] INFO  segmented.SegmentedRaftLogWorker (SegmentedRaftLogWorker.java:<init>(172)) - new 4840c00f-91d3-4881-a20b-4d0486ca97c0-SegmentedRaftLogWorker:Storage Directory /workdir/hadoop-ozone/integration-test/target/test-dir/MiniOzoneClusterImpl-a33d77e5-464b-4d19-8e6b-a171e580bf0e/datanode-3/data/ratis/20a2dcac-b916-4cc9-9497-a92484a46e3a for RaftStorage:Storage Directory /workdir/hadoop-ozone/integration-test/target/test-dir/MiniOzoneClusterImpl-a33d77e5-464b-4d19-8e6b-a171e580bf0e/datanode-3/data/ratis/20a2dcac-b916-4cc9-9497-a92484a46e3a
2019-09-20 09:27:15,072 [pool-60-thread-1] INFO  server.RaftServerConfigKeys (ConfUtils.java:logGet(43)) - raft.server.log.queue.byte-limit = 2147483647 (custom)
2019-09-20 09:27:15,072 [pool-60-thread-1] INFO  server.RaftServerConfigKeys (ConfUtils.java:logGet(43)) - raft.server.log.queue.element-limit = 1024 (custom)
2019-09-20 09:27:15,072 [pool-60-thread-1] INFO  server.RaftServerConfigKeys (ConfUtils.java:logGet(43)) - raft.server.log.segment.size.max = 1048576 (custom)
2019-09-20 09:27:15,072 [pool-60-thread-1] INFO  server.RaftServerConfigKeys (ConfUtils.java:logGet(43)) - raft.server.log.preallocated.size = 16384 (custom)
2019-09-20 09:27:15,072 [pool-60-thread-1] INFO  server.RaftServerConfigKeys (ConfUtils.java:logGet(43)) - raft.server.log.write.buffer.size = 33554432 (custom)
2019-09-20 09:27:15,073 [pool-60-thread-1] INFO  server.RaftServerConfigKeys (ConfUtils.java:logGet(43)) - raft.server.log.force.sync.num = 128 (default)
2019-09-20 09:27:15,073 [pool-60-thread-1] INFO  server.RaftServerConfigKeys (ConfUtils.java:logGet(43)) - raft.server.log.statemachine.data.sync = true (default)
2019-09-20 09:27:15,073 [pool-60-thread-1] INFO  server.RaftServerConfigKeys (ConfUtils.java:logGet(43)) - raft.server.log.statemachine.data.sync.timeout = 10s (default)
2019-09-20 09:27:15,073 [pool-60-thread-1] INFO  server.RaftServerConfigKeys (ConfUtils.java:logGet(43)) - raft.server.log.statemachine.data.sync.timeout.retry = -1 (default)
2019-09-20 09:27:15,073 [pool-60-thread-1] INFO  server.RaftServerConfigKeys (ConfUtils.java:logGet(43)) - raft.server.log.statemachine.data.caching.enabled = true (custom)
2019-09-20 09:27:15,073 [pool-60-thread-1] INFO  segmented.SegmentedRaftLogWorker (SegmentedRaftLogWorker.java:lambda$new$0(132)) - 4840c00f-91d3-4881-a20b-4d0486ca97c0-SegmentedRaftLogWorker:Storage Directory /workdir/hadoop-ozone/integration-test/target/test-dir/MiniOzoneClusterImpl-a33d77e5-464b-4d19-8e6b-a171e580bf0e/datanode-3/data/ratis/20a2dcac-b916-4cc9-9497-a92484a46e3a: flushIndex: setUnconditionally 0 -> -1
2019-09-20 09:27:15,074 [pool-60-thread-1] INFO  server.RaftServerConfigKeys (ConfUtils.java:logGet(43)) - raft.server.snapshot.auto.trigger.enabled = true (custom)
2019-09-20 09:27:15,074 [pool-60-thread-1] INFO  server.RaftServerConfigKeys (ConfUtils.java:logGet(43)) - raft.server.snapshot.auto.trigger.threshold = 10000 (custom)
2019-09-20 09:27:15,074 [pool-60-thread-1] INFO  server.RaftServerConfigKeys (ConfUtils.java:logGet(43)) - raft.server.retrycache.expirytime = 600000ms (custom)
2019-09-20 09:27:15,074 [pool-60-thread-1] INFO  impl.RaftServerImpl (RaftServerImpl.java:start(180)) - 4840c00f-91d3-4881-a20b-4d0486ca97c0: start group-A92484A46E3A
2019-09-20 09:27:15,075 [pool-60-thread-1] INFO  impl.RaftServerImpl (RaftServerImpl.java:setRole(171)) - 4840c00f-91d3-4881-a20b-4d0486ca97c0:group-A92484A46E3A changes role from null to FOLLOWER at term 0 for startAsFollower
2019-09-20 09:27:15,075 [pool-60-thread-1] INFO  impl.RoleInfo (RoleInfo.java:updateAndGet(143)) - 4840c00f-91d3-4881-a20b-4d0486ca97c0: start FollowerState
2019-09-20 09:27:15,075 [pool-60-thread-1] INFO  util.JmxRegister (JmxRegister.java:tryRegister(44)) - Successfully registered JMX Bean with object name Ratis:service=RaftServer,group=group-A92484A46E3A,id=4840c00f-91d3-4881-a20b-4d0486ca97c0
2019-09-20 09:27:15,078 [RatisPipelineUtilsThread] INFO  pipeline.PipelineStateManager (PipelineStateManager.java:addPipeline(56)) - Created pipeline Pipeline[ Id: 20a2dcac-b916-4cc9-9497-a92484a46e3a, Nodes: 4840c00f-91d3-4881-a20b-4d0486ca97c0{ip: 192.168.36.99, host: pr-hdds-1569-p5fx8-1226042367, networkLocation: /default-rack, certSerialId: null}, Type:RATIS, Factor:ONE, State:OPEN]
2019-09-20 09:27:15,085 [grpc-default-executor-2] INFO  impl.RaftServerProxy (RaftServerProxy.java:addNew(89)) - fd3cd5f9-4f1c-43ea-91b1-b85a1f6c3825: addNew group-A51E182927FB:[fd3cd5f9-4f1c-43ea-91b1-b85a1f6c3825:192.168.36.99:39114] returns group-A51E182927FB:java.util.concurrent.CompletableFuture@7f5f78f3[Not completed]
2019-09-20 09:27:15,086 [pool-38-thread-1] INFO  impl.RaftServerImpl (RaftServerImpl.java:<init>(93)) - fd3cd5f9-4f1c-43ea-91b1-b85a1f6c3825: new RaftServerImpl for group-A51E182927FB:[fd3cd5f9-4f1c-43ea-91b1-b85a1f6c3825:192.168.36.99:39114] with ContainerStateMachine:uninitialized
2019-09-20 09:27:15,086 [pool-38-thread-1] INFO  server.RaftServerConfigKeys (ConfUtils.java:logGet(43)) - raft.server.rpc.timeout.min = 5s (custom)
2019-09-20 09:27:15,087 [pool-38-thread-1] INFO  server.RaftServerConfigKeys (ConfUtils.java:logGet(43)) - raft.server.rpc.timeout.max = 5200ms (custom)
2019-09-20 09:27:15,087 [pool-38-thread-1] INFO  server.RaftServerConfigKeys (ConfUtils.java:logGet(43)) - raft.server.rpcslowness.timeout = 10s (custom)
2019-09-20 09:27:15,087 [pool-38-thread-1] INFO  server.RaftServerConfigKeys (ConfUtils.java:logGet(43)) - raft.server.sleep.deviation.threshold = 300 (default)
2019-09-20 09:27:15,087 [pool-38-thread-1] INFO  server.RaftServerConfigKeys (ConfUtils.java:logGet(43)) - raft.server.log.appender.install.snapshot.enabled = false (custom)
2019-09-20 09:27:15,087 [pool-38-thread-1] INFO  impl.RaftServerImpl (ServerState.java:<init>(105)) - fd3cd5f9-4f1c-43ea-91b1-b85a1f6c3825:group-A51E182927FB ConfigurationManager, init=-1: [fd3cd5f9-4f1c-43ea-91b1-b85a1f6c3825:192.168.36.99:39114], old=null, confs=<EMPTY_MAP>
2019-09-20 09:27:15,088 [pool-38-thread-1] INFO  server.RaftServerConfigKeys (ConfUtils.java:logGet(43)) - raft.server.storage.dir = [/workdir/hadoop-ozone/integration-test/target/test-dir/MiniOzoneClusterImpl-a33d77e5-464b-4d19-8e6b-a171e580bf0e/datanode-1/data/ratis] (custom)
2019-09-20 09:27:15,088 [pool-38-thread-1] INFO  storage.RaftStorageDirectory (RaftStorageDirectory.java:analyzeStorage(246)) - The storage directory /workdir/hadoop-ozone/integration-test/target/test-dir/MiniOzoneClusterImpl-a33d77e5-464b-4d19-8e6b-a171e580bf0e/datanode-1/data/ratis/cbe5a1bb-434c-4e0c-b710-a51e182927fb does not exist. Creating ...
2019-09-20 09:27:15,120 [pool-38-thread-1] INFO  storage.RaftStorageDirectory (RaftStorageDirectory.java:tryLock(328)) - Lock on /workdir/hadoop-ozone/integration-test/target/test-dir/MiniOzoneClusterImpl-a33d77e5-464b-4d19-8e6b-a171e580bf0e/datanode-1/data/ratis/cbe5a1bb-434c-4e0c-b710-a51e182927fb/in_use.lock acquired by nodename 7145@pr-hdds-1569-p5fx8-1226042367
2019-09-20 09:27:15,146 [pool-38-thread-1] INFO  storage.RaftStorage (RaftStorage.java:format(72)) - Storage directory /workdir/hadoop-ozone/integration-test/target/test-dir/MiniOzoneClusterImpl-a33d77e5-464b-4d19-8e6b-a171e580bf0e/datanode-1/data/ratis/cbe5a1bb-434c-4e0c-b710-a51e182927fb has been successfully formatted.
2019-09-20 09:27:15,146 [pool-38-thread-1] INFO  ratis.ContainerStateMachine (ContainerStateMachine.java:loadSnapshot(226)) - group-A51E182927FB: The snapshot info is null. Setting the last applied indexto:(t:0, i:~)
2019-09-20 09:27:15,146 [pool-38-thread-1] INFO  server.RaftServerConfigKeys (ConfUtils.java:logGet(43)) - raft.server.leader.election.timeout = 10s (custom)
2019-09-20 09:27:15,146 [pool-38-thread-1] INFO  server.RaftServerConfigKeys (ConfUtils.java:logGet(43)) - raft.server.log.use.memory = false (default)
2019-09-20 09:27:15,146 [pool-38-thread-1] INFO  server.RaftServerConfigKeys (ConfUtils.java:logGet(43)) - raft.server.log.purge.gap = 1000000 (custom)
2019-09-20 09:27:15,147 [pool-38-thread-1] INFO  server.RaftServerConfigKeys (ConfUtils.java:logGet(43)) - raft.server.log.appender.buffer.byte-limit = 33554432 (custom)
2019-09-20 09:27:15,147 [pool-38-thread-1] INFO  server.RaftServerConfigKeys (ConfUtils.java:logGet(43)) - raft.server.log.segment.size.max = 1048576 (custom)
2019-09-20 09:27:15,147 [pool-38-thread-1] INFO  server.RaftServerConfigKeys (ConfUtils.java:logGet(43)) - raft.server.log.segment.cache.num.max = 2 (custom)
2019-09-20 09:27:15,147 [pool-38-thread-1] INFO  segmented.SegmentedRaftLogWorker (SegmentedRaftLogWorker.java:<init>(172)) - new fd3cd5f9-4f1c-43ea-91b1-b85a1f6c3825-SegmentedRaftLogWorker:Storage Directory /workdir/hadoop-ozone/integration-test/target/test-dir/MiniOzoneClusterImpl-a33d77e5-464b-4d19-8e6b-a171e580bf0e/datanode-1/data/ratis/cbe5a1bb-434c-4e0c-b710-a51e182927fb for RaftStorage:Storage Directory /workdir/hadoop-ozone/integration-test/target/test-dir/MiniOzoneClusterImpl-a33d77e5-464b-4d19-8e6b-a171e580bf0e/datanode-1/data/ratis/cbe5a1bb-434c-4e0c-b710-a51e182927fb
2019-09-20 09:27:15,147 [pool-38-thread-1] INFO  server.RaftServerConfigKeys (ConfUtils.java:logGet(43)) - raft.server.log.queue.byte-limit = 2147483647 (custom)
2019-09-20 09:27:15,148 [pool-38-thread-1] INFO  server.RaftServerConfigKeys (ConfUtils.java:logGet(43)) - raft.server.log.queue.element-limit = 1024 (custom)
2019-09-20 09:27:15,148 [pool-38-thread-1] INFO  server.RaftServerConfigKeys (ConfUtils.java:logGet(43)) - raft.server.log.segment.size.max = 1048576 (custom)
2019-09-20 09:27:15,148 [pool-38-thread-1] INFO  server.RaftServerConfigKeys (ConfUtils.java:logGet(43)) - raft.server.log.preallocated.size = 16384 (custom)
2019-09-20 09:27:15,148 [pool-38-thread-1] INFO  server.RaftServerConfigKeys (ConfUtils.java:logGet(43)) - raft.server.log.write.buffer.size = 33554432 (custom)
2019-09-20 09:27:15,148 [pool-38-thread-1] INFO  server.RaftServerConfigKeys (ConfUtils.java:logGet(43)) - raft.server.log.force.sync.num = 128 (default)
2019-09-20 09:27:15,148 [pool-38-thread-1] INFO  server.RaftServerConfigKeys (ConfUtils.java:logGet(43)) - raft.server.log.statemachine.data.sync = true (default)
2019-09-20 09:27:15,149 [pool-38-thread-1] INFO  server.RaftServerConfigKeys (ConfUtils.java:logGet(43)) - raft.server.log.statemachine.data.sync.timeout = 10s (default)
2019-09-20 09:27:15,149 [pool-38-thread-1] INFO  server.RaftServerConfigKeys (ConfUtils.java:logGet(43)) - raft.server.log.statemachine.data.sync.timeout.retry = -1 (default)
2019-09-20 09:27:15,149 [pool-38-thread-1] INFO  server.RaftServerConfigKeys (ConfUtils.java:logGet(43)) - raft.server.log.statemachine.data.caching.enabled = true (custom)
2019-09-20 09:27:15,149 [pool-38-thread-1] INFO  segmented.SegmentedRaftLogWorker (SegmentedRaftLogWorker.java:lambda$new$0(132)) - fd3cd5f9-4f1c-43ea-91b1-b85a1f6c3825-SegmentedRaftLogWorker:Storage Directory /workdir/hadoop-ozone/integration-test/target/test-dir/MiniOzoneClusterImpl-a33d77e5-464b-4d19-8e6b-a171e580bf0e/datanode-1/data/ratis/cbe5a1bb-434c-4e0c-b710-a51e182927fb: flushIndex: setUnconditionally 0 -> -1
2019-09-20 09:27:15,150 [pool-38-thread-1] INFO  server.RaftServerConfigKeys (ConfUtils.java:logGet(43)) - raft.server.snapshot.auto.trigger.enabled = true (custom)
2019-09-20 09:27:15,150 [pool-38-thread-1] INFO  server.RaftServerConfigKeys (ConfUtils.java:logGet(43)) - raft.server.snapshot.auto.trigger.threshold = 10000 (custom)
2019-09-20 09:27:15,150 [pool-38-thread-1] INFO  server.RaftServerConfigKeys (ConfUtils.java:logGet(43)) - raft.server.retrycache.expirytime = 600000ms (custom)
2019-09-20 09:27:15,150 [pool-38-thread-1] INFO  impl.RaftServerImpl (RaftServerImpl.java:start(180)) - fd3cd5f9-4f1c-43ea-91b1-b85a1f6c3825: start group-A51E182927FB
2019-09-20 09:27:15,150 [pool-38-thread-1] INFO  impl.RaftServerImpl (RaftServerImpl.java:setRole(171)) - fd3cd5f9-4f1c-43ea-91b1-b85a1f6c3825:group-A51E182927FB changes role from null to FOLLOWER at term 0 for startAsFollower
2019-09-20 09:27:15,150 [pool-38-thread-1] INFO  impl.RoleInfo (RoleInfo.java:updateAndGet(143)) - fd3cd5f9-4f1c-43ea-91b1-b85a1f6c3825: start FollowerState
2019-09-20 09:27:15,151 [pool-38-thread-1] INFO  util.JmxRegister (JmxRegister.java:tryRegister(44)) - Successfully registered JMX Bean with object name Ratis:service=RaftServer,group=group-A51E182927FB,id=fd3cd5f9-4f1c-43ea-91b1-b85a1f6c3825
2019-09-20 09:27:15,153 [RatisPipelineUtilsThread] INFO  pipeline.PipelineStateManager (PipelineStateManager.java:addPipeline(56)) - Created pipeline Pipeline[ Id: cbe5a1bb-434c-4e0c-b710-a51e182927fb, Nodes: fd3cd5f9-4f1c-43ea-91b1-b85a1f6c3825{ip: 192.168.36.99, host: pr-hdds-1569-p5fx8-1226042367, networkLocation: /default-rack, certSerialId: null}, Type:RATIS, Factor:ONE, State:OPEN]
2019-09-20 09:27:15,160 [grpc-default-executor-2] INFO  impl.RaftServerProxy (RaftServerProxy.java:addNew(89)) - 871e6485-c22a-483f-9e07-d19e754685be: addNew group-75FD9D73F3AC:[871e6485-c22a-483f-9e07-d19e754685be:192.168.36.99:41076] returns group-75FD9D73F3AC:java.util.concurrent.CompletableFuture@728ef490[Not completed]
2019-09-20 09:27:15,161 [pool-71-thread-1] INFO  impl.RaftServerImpl (RaftServerImpl.java:<init>(93)) - 871e6485-c22a-483f-9e07-d19e754685be: new RaftServerImpl for group-75FD9D73F3AC:[871e6485-c22a-483f-9e07-d19e754685be:192.168.36.99:41076] with ContainerStateMachine:uninitialized
2019-09-20 09:27:15,161 [pool-71-thread-1] INFO  server.RaftServerConfigKeys (ConfUtils.java:logGet(43)) - raft.server.rpc.timeout.min = 5s (custom)
2019-09-20 09:27:15,161 [pool-71-thread-1] INFO  server.RaftServerConfigKeys (ConfUtils.java:logGet(43)) - raft.server.rpc.timeout.max = 5200ms (custom)
2019-09-20 09:27:15,161 [pool-71-thread-1] INFO  server.RaftServerConfigKeys (ConfUtils.java:logGet(43)) - raft.server.rpcslowness.timeout = 10s (custom)
2019-09-20 09:27:15,162 [pool-71-thread-1] INFO  server.RaftServerConfigKeys (ConfUtils.java:logGet(43)) - raft.server.sleep.deviation.threshold = 300 (default)
2019-09-20 09:27:15,162 [pool-71-thread-1] INFO  server.RaftServerConfigKeys (ConfUtils.java:logGet(43)) - raft.server.log.appender.install.snapshot.enabled = false (custom)
2019-09-20 09:27:15,162 [pool-71-thread-1] INFO  impl.RaftServerImpl (ServerState.java:<init>(105)) - 871e6485-c22a-483f-9e07-d19e754685be:group-75FD9D73F3AC ConfigurationManager, init=-1: [871e6485-c22a-483f-9e07-d19e754685be:192.168.36.99:41076], old=null, confs=<EMPTY_MAP>
2019-09-20 09:27:15,162 [pool-71-thread-1] INFO  server.RaftServerConfigKeys (ConfUtils.java:logGet(43)) - raft.server.storage.dir = [/workdir/hadoop-ozone/integration-test/target/test-dir/MiniOzoneClusterImpl-a33d77e5-464b-4d19-8e6b-a171e580bf0e/datanode-4/data/ratis] (custom)
2019-09-20 09:27:15,163 [pool-71-thread-1] INFO  storage.RaftStorageDirectory (RaftStorageDirectory.java:analyzeStorage(246)) - The storage directory /workdir/hadoop-ozone/integration-test/target/test-dir/MiniOzoneClusterImpl-a33d77e5-464b-4d19-8e6b-a171e580bf0e/datanode-4/data/ratis/0b5ce0ef-bf6f-4100-9f61-75fd9d73f3ac does not exist. Creating ...
2019-09-20 09:27:15,188 [pool-71-thread-1] INFO  storage.RaftStorageDirectory (RaftStorageDirectory.java:tryLock(328)) - Lock on /workdir/hadoop-ozone/integration-test/target/test-dir/MiniOzoneClusterImpl-a33d77e5-464b-4d19-8e6b-a171e580bf0e/datanode-4/data/ratis/0b5ce0ef-bf6f-4100-9f61-75fd9d73f3ac/in_use.lock acquired by nodename 7145@pr-hdds-1569-p5fx8-1226042367
2019-09-20 09:27:15,209 [871e6485-c22a-483f-9e07-d19e754685be-SegmentedRaftLogWorker:Storage Directory /workdir/hadoop-ozone/integration-test/target/test-dir/MiniOzoneClusterImpl-a33d77e5-464b-4d19-8e6b-a171e580bf0e/datanode-4/data/ratis/63abeb18-6deb-460d-a3af-6fe48d9f1ae6] ERROR segmented.SegmentedRaftLogWorker (SegmentedRaftLogWorker.java:run(323)) - 871e6485-c22a-483f-9e07-d19e754685be-SegmentedRaftLogWorker:Storage Directory /workdir/hadoop-ozone/integration-test/target/test-dir/MiniOzoneClusterImpl-a33d77e5-464b-4d19-8e6b-a171e580bf0e/datanode-4/data/ratis/63abeb18-6deb-460d-a3af-6fe48d9f1ae6 hit exception
java.lang.OutOfMemoryError: Direct buffer memory
	at java.nio.Bits.reserveMemory(Bits.java:666)
	at java.nio.DirectByteBuffer.<init>(DirectByteBuffer.java:123)
	at java.nio.ByteBuffer.allocateDirect(ByteBuffer.java:311)
	at org.apache.ratis.server.raftlog.segmented.BufferedWriteChannel.<init>(BufferedWriteChannel.java:41)
	at org.apache.ratis.server.raftlog.segmented.SegmentedRaftLogOutputStream.<init>(SegmentedRaftLogOutputStream.java:72)
	at org.apache.ratis.server.raftlog.segmented.SegmentedRaftLogWorker$StartLogSegment.execute(SegmentedRaftLogWorker.java:566)
	at org.apache.ratis.server.raftlog.segmented.SegmentedRaftLogWorker.run(SegmentedRaftLogWorker.java:289)
	at java.lang.Thread.run(Thread.java:748)
2019-09-20 09:27:15,209 [871e6485-c22a-483f-9e07-d19e754685be-SegmentedRaftLogWorker:Storage Directory /workdir/hadoop-ozone/integration-test/target/test-dir/MiniOzoneClusterImpl-a33d77e5-464b-4d19-8e6b-a171e580bf0e/datanode-4/data/ratis/63abeb18-6deb-460d-a3af-6fe48d9f1ae6] INFO  impl.RaftServerImpl (RaftServerImpl.java:lambda$shutdown$3(245)) - 871e6485-c22a-483f-9e07-d19e754685be: shutdown group-6FE48D9F1AE6
2019-09-20 09:27:15,210 [871e6485-c22a-483f-9e07-d19e754685be-SegmentedRaftLogWorker:Storage Directory /workdir/hadoop-ozone/integration-test/target/test-dir/MiniOzoneClusterImpl-a33d77e5-464b-4d19-8e6b-a171e580bf0e/datanode-4/data/ratis/63abeb18-6deb-460d-a3af-6fe48d9f1ae6] INFO  util.JmxRegister (JmxRegister.java:unregister(73)) - Successfully un-registered JMX Bean with object name Ratis:service=RaftServer,group=group-6FE48D9F1AE6,id=871e6485-c22a-483f-9e07-d19e754685be
2019-09-20 09:27:15,210 [871e6485-c22a-483f-9e07-d19e754685be-SegmentedRaftLogWorker:Storage Directory /workdir/hadoop-ozone/integration-test/target/test-dir/MiniOzoneClusterImpl-a33d77e5-464b-4d19-8e6b-a171e580bf0e/datanode-4/data/ratis/63abeb18-6deb-460d-a3af-6fe48d9f1ae6] INFO  impl.RoleInfo (RoleInfo.java:shutdownLeaderState(104)) - 871e6485-c22a-483f-9e07-d19e754685be: shutdown LeaderState
2019-09-20 09:27:15,210 [871e6485-c22a-483f-9e07-d19e754685be-SegmentedRaftLogWorker:Storage Directory /workdir/hadoop-ozone/integration-test/target/test-dir/MiniOzoneClusterImpl-a33d77e5-464b-4d19-8e6b-a171e580bf0e/datanode-4/data/ratis/63abeb18-6deb-460d-a3af-6fe48d9f1ae6] INFO  impl.PendingRequests (PendingRequests.java:sendNotLeaderResponses(202)) - 871e6485-c22a-483f-9e07-d19e754685be-PendingRequests: sendNotLeaderResponses
2019-09-20 09:27:15,210 [871e6485-c22a-483f-9e07-d19e754685be-SegmentedRaftLogWorker:Storage Directory /workdir/hadoop-ozone/integration-test/target/test-dir/MiniOzoneClusterImpl-a33d77e5-464b-4d19-8e6b-a171e580bf0e/datanode-4/data/ratis/63abeb18-6deb-460d-a3af-6fe48d9f1ae6] INFO  impl.StateMachineUpdater (StateMachineUpdater.java:stopAndJoin(115)) - StateMachineUpdater:871e6485-c22a-483f-9e07-d19e754685be:group-6FE48D9F1AE6: set stopIndex = -1
2019-09-20 09:27:15,211 [871e6485-c22a-483f-9e07-d19e754685be-SegmentedRaftLogWorker:Storage Directory /workdir/hadoop-ozone/integration-test/target/test-dir/MiniOzoneClusterImpl-a33d77e5-464b-4d19-8e6b-a171e580bf0e/datanode-4/data/ratis/63abeb18-6deb-460d-a3af-6fe48d9f1ae6] INFO  impl.RaftServerImpl (ServerState.java:close(394)) - 871e6485-c22a-483f-9e07-d19e754685be:group-6FE48D9F1AE6 closes. The last applied log index is -1
2019-09-20 09:27:15,211 [871e6485-c22a-483f-9e07-d19e754685be-SegmentedRaftLogWorker:Storage Directory /workdir/hadoop-ozone/integration-test/target/test-dir/MiniOzoneClusterImpl-a33d77e5-464b-4d19-8e6b-a171e580bf0e/datanode-4/data/ratis/63abeb18-6deb-460d-a3af-6fe48d9f1ae6] INFO  segmented.SegmentedRaftLogWorker (SegmentedRaftLogWorker.java:close(228)) - 871e6485-c22a-483f-9e07-d19e754685be-SegmentedRaftLogWorker:Storage Directory /workdir/hadoop-ozone/integration-test/target/test-dir/MiniOzoneClusterImpl-a33d77e5-464b-4d19-8e6b-a171e580bf0e/datanode-4/data/ratis/63abeb18-6deb-460d-a3af-6fe48d9f1ae6 close()
2019-09-20 09:27:15,213 [pool-71-thread-1] INFO  storage.RaftStorage (RaftStorage.java:format(72)) - Storage directory /workdir/hadoop-ozone/integration-test/target/test-dir/MiniOzoneClusterImpl-a33d77e5-464b-4d19-8e6b-a171e580bf0e/datanode-4/data/ratis/0b5ce0ef-bf6f-4100-9f61-75fd9d73f3ac has been successfully formatted.
2019-09-20 09:27:15,213 [pool-71-thread-1] INFO  ratis.ContainerStateMachine (ContainerStateMachine.java:loadSnapshot(226)) - group-75FD9D73F3AC: The snapshot info is null. Setting the last applied indexto:(t:0, i:~)
2019-09-20 09:27:15,214 [pool-71-thread-1] INFO  server.RaftServerConfigKeys (ConfUtils.java:logGet(43)) - raft.server.leader.election.timeout = 10s (custom)
2019-09-20 09:27:15,214 [pool-71-thread-1] INFO  server.RaftServerConfigKeys (ConfUtils.java:logGet(43)) - raft.server.log.use.memory = false (default)
2019-09-20 09:27:15,214 [pool-71-thread-1] INFO  server.RaftServerConfigKeys (ConfUtils.java:logGet(43)) - raft.server.log.purge.gap = 1000000 (custom)
2019-09-20 09:27:15,214 [pool-71-thread-1] INFO  server.RaftServerConfigKeys (ConfUtils.java:logGet(43)) - raft.server.log.appender.buffer.byte-limit = 33554432 (custom)
2019-09-20 09:27:15,214 [pool-71-thread-1] INFO  server.RaftServerConfigKeys (ConfUtils.java:logGet(43)) - raft.server.log.segment.size.max = 1048576 (custom)
2019-09-20 09:27:15,214 [pool-71-thread-1] INFO  server.RaftServerConfigKeys (ConfUtils.java:logGet(43)) - raft.server.log.segment.cache.num.max = 2 (custom)
2019-09-20 09:27:15,214 [pool-71-thread-1] INFO  segmented.SegmentedRaftLogWorker (SegmentedRaftLogWorker.java:<init>(172)) - new 871e6485-c22a-483f-9e07-d19e754685be-SegmentedRaftLogWorker:Storage Directory /workdir/hadoop-ozone/integration-test/target/test-dir/MiniOzoneClusterImpl-a33d77e5-464b-4d19-8e6b-a171e580bf0e/datanode-4/data/ratis/0b5ce0ef-bf6f-4100-9f61-75fd9d73f3ac for RaftStorage:Storage Directory /workdir/hadoop-ozone/integration-test/target/test-dir/MiniOzoneClusterImpl-a33d77e5-464b-4d19-8e6b-a171e580bf0e/datanode-4/data/ratis/0b5ce0ef-bf6f-4100-9f61-75fd9d73f3ac
2019-09-20 09:27:15,215 [pool-71-thread-1] INFO  server.RaftServerConfigKeys (ConfUtils.java:logGet(43)) - raft.server.log.queue.byte-limit = 2147483647 (custom)
2019-09-20 09:27:15,215 [pool-71-thread-1] INFO  server.RaftServerConfigKeys (ConfUtils.java:logGet(43)) - raft.server.log.queue.element-limit = 1024 (custom)
2019-09-20 09:27:15,215 [pool-71-thread-1] INFO  server.RaftServerConfigKeys (ConfUtils.java:logGet(43)) - raft.server.log.segment.size.max = 1048576 (custom)
2019-09-20 09:27:15,215 [pool-71-thread-1] INFO  server.RaftServerConfigKeys (ConfUtils.java:logGet(43)) - raft.server.log.preallocated.size = 16384 (custom)
2019-09-20 09:27:15,215 [pool-71-thread-1] INFO  server.RaftServerConfigKeys (ConfUtils.java:logGet(43)) - raft.server.log.write.buffer.size = 33554432 (custom)
2019-09-20 09:27:15,215 [pool-71-thread-1] INFO  server.RaftServerConfigKeys (ConfUtils.java:logGet(43)) - raft.server.log.force.sync.num = 128 (default)
2019-09-20 09:27:15,216 [pool-71-thread-1] INFO  server.RaftServerConfigKeys (ConfUtils.java:logGet(43)) - raft.server.log.statemachine.data.sync = true (default)
2019-09-20 09:27:15,216 [pool-71-thread-1] INFO  server.RaftServerConfigKeys (ConfUtils.java:logGet(43)) - raft.server.log.statemachine.data.sync.timeout = 10s (default)
2019-09-20 09:27:15,216 [pool-71-thread-1] INFO  server.RaftServerConfigKeys (ConfUtils.java:logGet(43)) - raft.server.log.statemachine.data.sync.timeout.retry = -1 (default)
2019-09-20 09:27:15,216 [pool-71-thread-1] INFO  server.RaftServerConfigKeys (ConfUtils.java:logGet(43)) - raft.server.log.statemachine.data.caching.enabled = true (custom)
2019-09-20 09:27:15,216 [pool-71-thread-1] INFO  segmented.SegmentedRaftLogWorker (SegmentedRaftLogWorker.java:lambda$new$0(132)) - 871e6485-c22a-483f-9e07-d19e754685be-SegmentedRaftLogWorker:Storage Directory /workdir/hadoop-ozone/integration-test/target/test-dir/MiniOzoneClusterImpl-a33d77e5-464b-4d19-8e6b-a171e580bf0e/datanode-4/data/ratis/0b5ce0ef-bf6f-4100-9f61-75fd9d73f3ac: flushIndex: setUnconditionally 0 -> -1
2019-09-20 09:27:15,217 [pool-71-thread-1] INFO  server.RaftServerConfigKeys (ConfUtils.java:logGet(43)) - raft.server.snapshot.auto.trigger.enabled = true (custom)
2019-09-20 09:27:15,217 [pool-71-thread-1] INFO  server.RaftServerConfigKeys (ConfUtils.java:logGet(43)) - raft.server.snapshot.auto.trigger.threshold = 10000 (custom)
2019-09-20 09:27:15,217 [pool-71-thread-1] INFO  server.RaftServerConfigKeys (ConfUtils.java:logGet(43)) - raft.server.retrycache.expirytime = 600000ms (custom)
2019-09-20 09:27:15,217 [pool-71-thread-1] INFO  impl.RaftServerImpl (RaftServerImpl.java:start(180)) - 871e6485-c22a-483f-9e07-d19e754685be: start group-75FD9D73F3AC
2019-09-20 09:27:15,217 [pool-71-thread-1] INFO  impl.RaftServerImpl (RaftServerImpl.java:setRole(171)) - 871e6485-c22a-483f-9e07-d19e754685be:group-75FD9D73F3AC changes role from null to FOLLOWER at term 0 for startAsFollower
2019-09-20 09:27:15,218 [pool-71-thread-1] INFO  impl.RoleInfo (RoleInfo.java:updateAndGet(143)) - 871e6485-c22a-483f-9e07-d19e754685be: start FollowerState
2019-09-20 09:27:15,218 [pool-71-thread-1] INFO  util.JmxRegister (JmxRegister.java:tryRegister(44)) - Successfully registered JMX Bean with object name Ratis:service=RaftServer,group=group-75FD9D73F3AC,id=871e6485-c22a-483f-9e07-d19e754685be
2019-09-20 09:27:15,221 [RatisPipelineUtilsThread] INFO  pipeline.PipelineStateManager (PipelineStateManager.java:addPipeline(56)) - Created pipeline Pipeline[ Id: 0b5ce0ef-bf6f-4100-9f61-75fd9d73f3ac, Nodes: 871e6485-c22a-483f-9e07-d19e754685be{ip: 192.168.36.99, host: pr-hdds-1569-p5fx8-1226042367, networkLocation: /default-rack, certSerialId: null}, Type:RATIS, Factor:ONE, State:OPEN]
2019-09-20 09:27:15,226 [grpc-default-executor-2] INFO  impl.RaftServerProxy (RaftServerProxy.java:addNew(89)) - fd3cd5f9-4f1c-43ea-91b1-b85a1f6c3825: addNew group-50161B5DC97B:[fd3cd5f9-4f1c-43ea-91b1-b85a1f6c3825:192.168.36.99:39114] returns group-50161B5DC97B:java.util.concurrent.CompletableFuture@7b600a06[Not completed]
2019-09-20 09:27:15,227 [pool-38-thread-1] INFO  impl.RaftServerImpl (RaftServerImpl.java:<init>(93)) - fd3cd5f9-4f1c-43ea-91b1-b85a1f6c3825: new RaftServerImpl for group-50161B5DC97B:[fd3cd5f9-4f1c-43ea-91b1-b85a1f6c3825:192.168.36.99:39114] with ContainerStateMachine:uninitialized
2019-09-20 09:27:15,228 [pool-38-thread-1] INFO  server.RaftServerConfigKeys (ConfUtils.java:logGet(43)) - raft.server.rpc.timeout.min = 5s (custom)
2019-09-20 09:27:15,228 [pool-38-thread-1] INFO  server.RaftServerConfigKeys (ConfUtils.java:logGet(43)) - raft.server.rpc.timeout.max = 5200ms (custom)
2019-09-20 09:27:15,228 [pool-38-thread-1] INFO  server.RaftServerConfigKeys (ConfUtils.java:logGet(43)) - raft.server.rpcslowness.timeout = 10s (custom)
2019-09-20 09:27:15,228 [pool-38-thread-1] INFO  server.RaftServerConfigKeys (ConfUtils.java:logGet(43)) - raft.server.sleep.deviation.threshold = 300 (default)
2019-09-20 09:27:15,228 [pool-38-thread-1] INFO  server.RaftServerConfigKeys (ConfUtils.java:logGet(43)) - raft.server.log.appender.install.snapshot.enabled = false (custom)
2019-09-20 09:27:15,228 [pool-38-thread-1] INFO  impl.RaftServerImpl (ServerState.java:<init>(105)) - fd3cd5f9-4f1c-43ea-91b1-b85a1f6c3825:group-50161B5DC97B ConfigurationManager, init=-1: [fd3cd5f9-4f1c-43ea-91b1-b85a1f6c3825:192.168.36.99:39114], old=null, confs=<EMPTY_MAP>
2019-09-20 09:27:15,228 [pool-38-thread-1] INFO  server.RaftServerConfigKeys (ConfUtils.java:logGet(43)) - raft.server.storage.dir = [/workdir/hadoop-ozone/integration-test/target/test-dir/MiniOzoneClusterImpl-a33d77e5-464b-4d19-8e6b-a171e580bf0e/datanode-1/data/ratis] (custom)
2019-09-20 09:27:15,229 [pool-38-thread-1] INFO  storage.RaftStorageDirectory (RaftStorageDirectory.java:analyzeStorage(246)) - The storage directory /workdir/hadoop-ozone/integration-test/target/test-dir/MiniOzoneClusterImpl-a33d77e5-464b-4d19-8e6b-a171e580bf0e/datanode-1/data/ratis/7797276a-39bc-411a-afd0-50161b5dc97b does not exist. Creating ...
2019-09-20 09:27:15,256 [pool-38-thread-1] INFO  storage.RaftStorageDirectory (RaftStorageDirectory.java:tryLock(328)) - Lock on /workdir/hadoop-ozone/integration-test/target/test-dir/MiniOzoneClusterImpl-a33d77e5-464b-4d19-8e6b-a171e580bf0e/datanode-1/data/ratis/7797276a-39bc-411a-afd0-50161b5dc97b/in_use.lock acquired by nodename 7145@pr-hdds-1569-p5fx8-1226042367
2019-09-20 09:27:15,281 [pool-38-thread-1] INFO  storage.RaftStorage (RaftStorage.java:format(72)) - Storage directory /workdir/hadoop-ozone/integration-test/target/test-dir/MiniOzoneClusterImpl-a33d77e5-464b-4d19-8e6b-a171e580bf0e/datanode-1/data/ratis/7797276a-39bc-411a-afd0-50161b5dc97b has been successfully formatted.
2019-09-20 09:27:15,282 [pool-38-thread-1] INFO  ratis.ContainerStateMachine (ContainerStateMachine.java:loadSnapshot(226)) - group-50161B5DC97B: The snapshot info is null. Setting the last applied indexto:(t:0, i:~)
2019-09-20 09:27:15,282 [pool-38-thread-1] INFO  server.RaftServerConfigKeys (ConfUtils.java:logGet(43)) - raft.server.leader.election.timeout = 10s (custom)
2019-09-20 09:27:15,282 [pool-38-thread-1] INFO  server.RaftServerConfigKeys (ConfUtils.java:logGet(43)) - raft.server.log.use.memory = false (default)
2019-09-20 09:27:15,282 [pool-38-thread-1] INFO  server.RaftServerConfigKeys (ConfUtils.java:logGet(43)) - raft.server.log.purge.gap = 1000000 (custom)
2019-09-20 09:27:15,282 [pool-38-thread-1] INFO  server.RaftServerConfigKeys (ConfUtils.java:logGet(43)) - raft.server.log.appender.buffer.byte-limit = 33554432 (custom)
2019-09-20 09:27:15,283 [pool-38-thread-1] INFO  server.RaftServerConfigKeys (ConfUtils.java:logGet(43)) - raft.server.log.segment.size.max = 1048576 (custom)
2019-09-20 09:27:15,283 [pool-38-thread-1] INFO  server.RaftServerConfigKeys (ConfUtils.java:logGet(43)) - raft.server.log.segment.cache.num.max = 2 (custom)
2019-09-20 09:27:15,283 [pool-38-thread-1] INFO  segmented.SegmentedRaftLogWorker (SegmentedRaftLogWorker.java:<init>(172)) - new fd3cd5f9-4f1c-43ea-91b1-b85a1f6c3825-SegmentedRaftLogWorker:Storage Directory /workdir/hadoop-ozone/integration-test/target/test-dir/MiniOzoneClusterImpl-a33d77e5-464b-4d19-8e6b-a171e580bf0e/datanode-1/data/ratis/7797276a-39bc-411a-afd0-50161b5dc97b for RaftStorage:Storage Directory /workdir/hadoop-ozone/integration-test/target/test-dir/MiniOzoneClusterImpl-a33d77e5-464b-4d19-8e6b-a171e580bf0e/datanode-1/data/ratis/7797276a-39bc-411a-afd0-50161b5dc97b
2019-09-20 09:27:15,283 [pool-38-thread-1] INFO  server.RaftServerConfigKeys (ConfUtils.java:logGet(43)) - raft.server.log.queue.byte-limit = 2147483647 (custom)
2019-09-20 09:27:15,283 [pool-38-thread-1] INFO  server.RaftServerConfigKeys (ConfUtils.java:logGet(43)) - raft.server.log.queue.element-limit = 1024 (custom)
2019-09-20 09:27:15,283 [pool-38-thread-1] INFO  server.RaftServerConfigKeys (ConfUtils.java:logGet(43)) - raft.server.log.segment.size.max = 1048576 (custom)
2019-09-20 09:27:15,283 [pool-38-thread-1] INFO  server.RaftServerConfigKeys (ConfUtils.java:logGet(43)) - raft.server.log.preallocated.size = 16384 (custom)
2019-09-20 09:27:15,284 [pool-38-thread-1] INFO  server.RaftServerConfigKeys (ConfUtils.java:logGet(43)) - raft.server.log.write.buffer.size = 33554432 (custom)
2019-09-20 09:27:15,284 [pool-38-thread-1] INFO  server.RaftServerConfigKeys (ConfUtils.java:logGet(43)) - raft.server.log.force.sync.num = 128 (default)
2019-09-20 09:27:15,284 [pool-38-thread-1] INFO  server.RaftServerConfigKeys (ConfUtils.java:logGet(43)) - raft.server.log.statemachine.data.sync = true (default)
2019-09-20 09:27:15,284 [pool-38-thread-1] INFO  server.RaftServerConfigKeys (ConfUtils.java:logGet(43)) - raft.server.log.statemachine.data.sync.timeout = 10s (default)
2019-09-20 09:27:15,284 [pool-38-thread-1] INFO  server.RaftServerConfigKeys (ConfUtils.java:logGet(43)) - raft.server.log.statemachine.data.sync.timeout.retry = -1 (default)
2019-09-20 09:27:15,284 [pool-38-thread-1] INFO  server.RaftServerConfigKeys (ConfUtils.java:logGet(43)) - raft.server.log.statemachine.data.caching.enabled = true (custom)
2019-09-20 09:27:15,285 [pool-38-thread-1] INFO  segmented.SegmentedRaftLogWorker (SegmentedRaftLogWorker.java:lambda$new$0(132)) - fd3cd5f9-4f1c-43ea-91b1-b85a1f6c3825-SegmentedRaftLogWorker:Storage Directory /workdir/hadoop-ozone/integration-test/target/test-dir/MiniOzoneClusterImpl-a33d77e5-464b-4d19-8e6b-a171e580bf0e/datanode-1/data/ratis/7797276a-39bc-411a-afd0-50161b5dc97b: flushIndex: setUnconditionally 0 -> -1
2019-09-20 09:27:15,286 [pool-38-thread-1] INFO  server.RaftServerConfigKeys (ConfUtils.java:logGet(43)) - raft.server.snapshot.auto.trigger.enabled = true (custom)
2019-09-20 09:27:15,286 [pool-38-thread-1] INFO  server.RaftServerConfigKeys (ConfUtils.java:logGet(43)) - raft.server.snapshot.auto.trigger.threshold = 10000 (custom)
2019-09-20 09:27:15,286 [pool-38-thread-1] INFO  server.RaftServerConfigKeys (ConfUtils.java:logGet(43)) - raft.server.retrycache.expirytime = 600000ms (custom)
2019-09-20 09:27:15,286 [pool-38-thread-1] INFO  impl.RaftServerImpl (RaftServerImpl.java:start(180)) - fd3cd5f9-4f1c-43ea-91b1-b85a1f6c3825: start group-50161B5DC97B
2019-09-20 09:27:15,286 [pool-38-thread-1] INFO  impl.RaftServerImpl (RaftServerImpl.java:setRole(171)) - fd3cd5f9-4f1c-43ea-91b1-b85a1f6c3825:group-50161B5DC97B changes role from null to FOLLOWER at term 0 for startAsFollower
2019-09-20 09:27:15,287 [pool-38-thread-1] INFO  impl.RoleInfo (RoleInfo.java:updateAndGet(143)) - fd3cd5f9-4f1c-43ea-91b1-b85a1f6c3825: start FollowerState
2019-09-20 09:27:15,287 [pool-38-thread-1] INFO  util.JmxRegister (JmxRegister.java:tryRegister(44)) - Successfully registered JMX Bean with object name Ratis:service=RaftServer,group=group-50161B5DC97B,id=fd3cd5f9-4f1c-43ea-91b1-b85a1f6c3825
2019-09-20 09:27:15,290 [RatisPipelineUtilsThread] INFO  pipeline.PipelineStateManager (PipelineStateManager.java:addPipeline(56)) - Created pipeline Pipeline[ Id: 7797276a-39bc-411a-afd0-50161b5dc97b, Nodes: fd3cd5f9-4f1c-43ea-91b1-b85a1f6c3825{ip: 192.168.36.99, host: pr-hdds-1569-p5fx8-1226042367, networkLocation: /default-rack, certSerialId: null}, Type:RATIS, Factor:ONE, State:OPEN]
2019-09-20 09:27:15,299 [grpc-default-executor-2] INFO  impl.RaftServerProxy (RaftServerProxy.java:addNew(89)) - fd3cd5f9-4f1c-43ea-91b1-b85a1f6c3825: addNew group-3F7C9B11228D:[fd3cd5f9-4f1c-43ea-91b1-b85a1f6c3825:192.168.36.99:39114] returns group-3F7C9B11228D:java.util.concurrent.CompletableFuture@62124d36[Not completed]
2019-09-20 09:27:15,300 [pool-38-thread-1] INFO  impl.RaftServerImpl (RaftServerImpl.java:<init>(93)) - fd3cd5f9-4f1c-43ea-91b1-b85a1f6c3825: new RaftServerImpl for group-3F7C9B11228D:[fd3cd5f9-4f1c-43ea-91b1-b85a1f6c3825:192.168.36.99:39114] with ContainerStateMachine:uninitialized
2019-09-20 09:27:15,300 [pool-38-thread-1] INFO  server.RaftServerConfigKeys (ConfUtils.java:logGet(43)) - raft.server.rpc.timeout.min = 5s (custom)
2019-09-20 09:27:15,300 [pool-38-thread-1] INFO  server.RaftServerConfigKeys (ConfUtils.java:logGet(43)) - raft.server.rpc.timeout.max = 5200ms (custom)
2019-09-20 09:27:15,300 [pool-38-thread-1] INFO  server.RaftServerConfigKeys (ConfUtils.java:logGet(43)) - raft.server.rpcslowness.timeout = 10s (custom)
2019-09-20 09:27:15,300 [pool-38-thread-1] INFO  server.RaftServerConfigKeys (ConfUtils.java:logGet(43)) - raft.server.sleep.deviation.threshold = 300 (default)
2019-09-20 09:27:15,301 [pool-38-thread-1] INFO  server.RaftServerConfigKeys (ConfUtils.java:logGet(43)) - raft.server.log.appender.install.snapshot.enabled = false (custom)
2019-09-20 09:27:15,301 [pool-38-thread-1] INFO  impl.RaftServerImpl (ServerState.java:<init>(105)) - fd3cd5f9-4f1c-43ea-91b1-b85a1f6c3825:group-3F7C9B11228D ConfigurationManager, init=-1: [fd3cd5f9-4f1c-43ea-91b1-b85a1f6c3825:192.168.36.99:39114], old=null, confs=<EMPTY_MAP>
2019-09-20 09:27:15,301 [pool-38-thread-1] INFO  server.RaftServerConfigKeys (ConfUtils.java:logGet(43)) - raft.server.storage.dir = [/workdir/hadoop-ozone/integration-test/target/test-dir/MiniOzoneClusterImpl-a33d77e5-464b-4d19-8e6b-a171e580bf0e/datanode-1/data/ratis] (custom)
2019-09-20 09:27:15,301 [pool-38-thread-1] INFO  storage.RaftStorageDirectory (RaftStorageDirectory.java:analyzeStorage(246)) - The storage directory /workdir/hadoop-ozone/integration-test/target/test-dir/MiniOzoneClusterImpl-a33d77e5-464b-4d19-8e6b-a171e580bf0e/datanode-1/data/ratis/bc08d00b-71aa-4c23-863f-3f7c9b11228d does not exist. Creating ...
2019-09-20 09:27:15,305 [492ed782-6ab3-4ad9-945e-06def6ac7c96-SegmentedRaftLogWorker:Storage Directory /workdir/hadoop-ozone/integration-test/target/test-dir/MiniOzoneClusterImpl-a33d77e5-464b-4d19-8e6b-a171e580bf0e/datanode-2/data/ratis/8d6fa30d-a839-4b24-be6d-b7ae4e66783d] ERROR segmented.SegmentedRaftLogWorker (SegmentedRaftLogWorker.java:run(323)) - 492ed782-6ab3-4ad9-945e-06def6ac7c96-SegmentedRaftLogWorker:Storage Directory /workdir/hadoop-ozone/integration-test/target/test-dir/MiniOzoneClusterImpl-a33d77e5-464b-4d19-8e6b-a171e580bf0e/datanode-2/data/ratis/8d6fa30d-a839-4b24-be6d-b7ae4e66783d hit exception
java.lang.OutOfMemoryError: Direct buffer memory
	at java.nio.Bits.reserveMemory(Bits.java:666)
	at java.nio.DirectByteBuffer.<init>(DirectByteBuffer.java:123)
	at java.nio.ByteBuffer.allocateDirect(ByteBuffer.java:311)
	at org.apache.ratis.server.raftlog.segmented.BufferedWriteChannel.<init>(BufferedWriteChannel.java:41)
	at org.apache.ratis.server.raftlog.segmented.SegmentedRaftLogOutputStream.<init>(SegmentedRaftLogOutputStream.java:72)
	at org.apache.ratis.server.raftlog.segmented.SegmentedRaftLogWorker$StartLogSegment.execute(SegmentedRaftLogWorker.java:566)
	at org.apache.ratis.server.raftlog.segmented.SegmentedRaftLogWorker.run(SegmentedRaftLogWorker.java:289)
	at java.lang.Thread.run(Thread.java:748)
2019-09-20 09:27:15,305 [492ed782-6ab3-4ad9-945e-06def6ac7c96-SegmentedRaftLogWorker:Storage Directory /workdir/hadoop-ozone/integration-test/target/test-dir/MiniOzoneClusterImpl-a33d77e5-464b-4d19-8e6b-a171e580bf0e/datanode-2/data/ratis/26ca671f-000e-4a90-9d59-e1a3c09b18d1] ERROR segmented.SegmentedRaftLogWorker (SegmentedRaftLogWorker.java:run(323)) - 492ed782-6ab3-4ad9-945e-06def6ac7c96-SegmentedRaftLogWorker:Storage Directory /workdir/hadoop-ozone/integration-test/target/test-dir/MiniOzoneClusterImpl-a33d77e5-464b-4d19-8e6b-a171e580bf0e/datanode-2/data/ratis/26ca671f-000e-4a90-9d59-e1a3c09b18d1 hit exception
java.lang.OutOfMemoryError: Direct buffer memory
	at java.nio.Bits.reserveMemory(Bits.java:666)
	at java.nio.DirectByteBuffer.<init>(DirectByteBuffer.java:123)
	at java.nio.ByteBuffer.allocateDirect(ByteBuffer.java:311)
	at org.apache.ratis.server.raftlog.segmented.BufferedWriteChannel.<init>(BufferedWriteChannel.java:41)
	at org.apache.ratis.server.raftlog.segmented.SegmentedRaftLogOutputStream.<init>(SegmentedRaftLogOutputStream.java:72)
	at org.apache.ratis.server.raftlog.segmented.SegmentedRaftLogWorker$StartLogSegment.execute(SegmentedRaftLogWorker.java:566)
	at org.apache.ratis.server.raftlog.segmented.SegmentedRaftLogWorker.run(SegmentedRaftLogWorker.java:289)
	at java.lang.Thread.run(Thread.java:748)
2019-09-20 09:27:15,306 [492ed782-6ab3-4ad9-945e-06def6ac7c96-SegmentedRaftLogWorker:Storage Directory /workdir/hadoop-ozone/integration-test/target/test-dir/MiniOzoneClusterImpl-a33d77e5-464b-4d19-8e6b-a171e580bf0e/datanode-2/data/ratis/26ca671f-000e-4a90-9d59-e1a3c09b18d1] INFO  impl.RaftServerImpl (RaftServerImpl.java:lambda$shutdown$3(245)) - 492ed782-6ab3-4ad9-945e-06def6ac7c96: shutdown group-E1A3C09B18D1
2019-09-20 09:27:15,305 [871e6485-c22a-483f-9e07-d19e754685be-SegmentedRaftLogWorker:Storage Directory /workdir/hadoop-ozone/integration-test/target/test-dir/MiniOzoneClusterImpl-a33d77e5-464b-4d19-8e6b-a171e580bf0e/datanode-4/data/ratis/239197b1-ba5c-4e20-8f18-0fa20b5362b8] ERROR segmented.SegmentedRaftLogWorker (SegmentedRaftLogWorker.java:run(323)) - 871e6485-c22a-483f-9e07-d19e754685be-SegmentedRaftLogWorker:Storage Directory /workdir/hadoop-ozone/integration-test/target/test-dir/MiniOzoneClusterImpl-a33d77e5-464b-4d19-8e6b-a171e580bf0e/datanode-4/data/ratis/239197b1-ba5c-4e20-8f18-0fa20b5362b8 hit exception
java.lang.OutOfMemoryError: Direct buffer memory
	at java.nio.Bits.reserveMemory(Bits.java:666)
	at java.nio.DirectByteBuffer.<init>(DirectByteBuffer.java:123)
	at java.nio.ByteBuffer.allocateDirect(ByteBuffer.java:311)
	at org.apache.ratis.server.raftlog.segmented.BufferedWriteChannel.<init>(BufferedWriteChannel.java:41)
	at org.apache.ratis.server.raftlog.segmented.SegmentedRaftLogOutputStream.<init>(SegmentedRaftLogOutputStream.java:72)
	at org.apache.ratis.server.raftlog.segmented.SegmentedRaftLogWorker$StartLogSegment.execute(SegmentedRaftLogWorker.java:566)
	at org.apache.ratis.server.raftlog.segmented.SegmentedRaftLogWorker.run(SegmentedRaftLogWorker.java:289)
	at java.lang.Thread.run(Thread.java:748)
2019-09-20 09:27:15,306 [492ed782-6ab3-4ad9-945e-06def6ac7c96-SegmentedRaftLogWorker:Storage Directory /workdir/hadoop-ozone/integration-test/target/test-dir/MiniOzoneClusterImpl-a33d77e5-464b-4d19-8e6b-a171e580bf0e/datanode-2/data/ratis/26ca671f-000e-4a90-9d59-e1a3c09b18d1] INFO  util.JmxRegister (JmxRegister.java:unregister(73)) - Successfully un-registered JMX Bean with object name Ratis:service=RaftServer,group=group-E1A3C09B18D1,id=492ed782-6ab3-4ad9-945e-06def6ac7c96
2019-09-20 09:27:15,306 [492ed782-6ab3-4ad9-945e-06def6ac7c96-SegmentedRaftLogWorker:Storage Directory /workdir/hadoop-ozone/integration-test/target/test-dir/MiniOzoneClusterImpl-a33d77e5-464b-4d19-8e6b-a171e580bf0e/datanode-2/data/ratis/26ca671f-000e-4a90-9d59-e1a3c09b18d1] INFO  impl.RoleInfo (RoleInfo.java:shutdownLeaderState(104)) - 492ed782-6ab3-4ad9-945e-06def6ac7c96: shutdown LeaderState
2019-09-20 09:27:15,305 [492ed782-6ab3-4ad9-945e-06def6ac7c96-SegmentedRaftLogWorker:Storage Directory /workdir/hadoop-ozone/integration-test/target/test-dir/MiniOzoneClusterImpl-a33d77e5-464b-4d19-8e6b-a171e580bf0e/datanode-2/data/ratis/8d6fa30d-a839-4b24-be6d-b7ae4e66783d] INFO  impl.RaftServerImpl (RaftServerImpl.java:lambda$shutdown$3(245)) - 492ed782-6ab3-4ad9-945e-06def6ac7c96: shutdown group-B7AE4E66783D
2019-09-20 09:27:15,307 [492ed782-6ab3-4ad9-945e-06def6ac7c96-SegmentedRaftLogWorker:Storage Directory /workdir/hadoop-ozone/integration-test/target/test-dir/MiniOzoneClusterImpl-a33d77e5-464b-4d19-8e6b-a171e580bf0e/datanode-2/data/ratis/26ca671f-000e-4a90-9d59-e1a3c09b18d1] INFO  impl.PendingRequests (PendingRequests.java:sendNotLeaderResponses(202)) - 492ed782-6ab3-4ad9-945e-06def6ac7c96-PendingRequests: sendNotLeaderResponses
2019-09-20 09:27:15,306 [871e6485-c22a-483f-9e07-d19e754685be-SegmentedRaftLogWorker:Storage Directory /workdir/hadoop-ozone/integration-test/target/test-dir/MiniOzoneClusterImpl-a33d77e5-464b-4d19-8e6b-a171e580bf0e/datanode-4/data/ratis/239197b1-ba5c-4e20-8f18-0fa20b5362b8] INFO  impl.RaftServerImpl (RaftServerImpl.java:lambda$shutdown$3(245)) - 871e6485-c22a-483f-9e07-d19e754685be: shutdown group-0FA20B5362B8
2019-09-20 09:27:15,307 [492ed782-6ab3-4ad9-945e-06def6ac7c96-SegmentedRaftLogWorker:Storage Directory /workdir/hadoop-ozone/integration-test/target/test-dir/MiniOzoneClusterImpl-a33d77e5-464b-4d19-8e6b-a171e580bf0e/datanode-2/data/ratis/8d6fa30d-a839-4b24-be6d-b7ae4e66783d] INFO  util.JmxRegister (JmxRegister.java:unregister(73)) - Successfully un-registered JMX Bean with object name Ratis:service=RaftServer,group=group-B7AE4E66783D,id=492ed782-6ab3-4ad9-945e-06def6ac7c96
2019-09-20 09:27:15,307 [871e6485-c22a-483f-9e07-d19e754685be-SegmentedRaftLogWorker:Storage Directory /workdir/hadoop-ozone/integration-test/target/test-dir/MiniOzoneClusterImpl-a33d77e5-464b-4d19-8e6b-a171e580bf0e/datanode-4/data/ratis/239197b1-ba5c-4e20-8f18-0fa20b5362b8] INFO  util.JmxRegister (JmxRegister.java:unregister(73)) - Successfully un-registered JMX Bean with object name Ratis:service=RaftServer,group=group-0FA20B5362B8,id=871e6485-c22a-483f-9e07-d19e754685be
2019-09-20 09:27:15,307 [492ed782-6ab3-4ad9-945e-06def6ac7c96-SegmentedRaftLogWorker:Storage Directory /workdir/hadoop-ozone/integration-test/target/test-dir/MiniOzoneClusterImpl-a33d77e5-464b-4d19-8e6b-a171e580bf0e/datanode-2/data/ratis/26ca671f-000e-4a90-9d59-e1a3c09b18d1] INFO  impl.StateMachineUpdater (StateMachineUpdater.java:stopAndJoin(115)) - StateMachineUpdater:492ed782-6ab3-4ad9-945e-06def6ac7c96:group-E1A3C09B18D1: set stopIndex = -1
2019-09-20 09:27:15,307 [492ed782-6ab3-4ad9-945e-06def6ac7c96-SegmentedRaftLogWorker:Storage Directory /workdir/hadoop-ozone/integration-test/target/test-dir/MiniOzoneClusterImpl-a33d77e5-464b-4d19-8e6b-a171e580bf0e/datanode-2/data/ratis/26ca671f-000e-4a90-9d59-e1a3c09b18d1] INFO  impl.RaftServerImpl (ServerState.java:close(394)) - 492ed782-6ab3-4ad9-945e-06def6ac7c96:group-E1A3C09B18D1 closes. The last applied log index is -1
2019-09-20 09:27:15,307 [871e6485-c22a-483f-9e07-d19e754685be-SegmentedRaftLogWorker:Storage Directory /workdir/hadoop-ozone/integration-test/target/test-dir/MiniOzoneClusterImpl-a33d77e5-464b-4d19-8e6b-a171e580bf0e/datanode-4/data/ratis/239197b1-ba5c-4e20-8f18-0fa20b5362b8] INFO  impl.RoleInfo (RoleInfo.java:shutdownLeaderState(104)) - 871e6485-c22a-483f-9e07-d19e754685be: shutdown LeaderState
2019-09-20 09:27:15,307 [492ed782-6ab3-4ad9-945e-06def6ac7c96-SegmentedRaftLogWorker:Storage Directory /workdir/hadoop-ozone/integration-test/target/test-dir/MiniOzoneClusterImpl-a33d77e5-464b-4d19-8e6b-a171e580bf0e/datanode-2/data/ratis/8d6fa30d-a839-4b24-be6d-b7ae4e66783d] INFO  impl.RoleInfo (RoleInfo.java:shutdownLeaderState(104)) - 492ed782-6ab3-4ad9-945e-06def6ac7c96: shutdown LeaderState
2019-09-20 09:27:15,308 [871e6485-c22a-483f-9e07-d19e754685be-SegmentedRaftLogWorker:Storage Directory /workdir/hadoop-ozone/integration-test/target/test-dir/MiniOzoneClusterImpl-a33d77e5-464b-4d19-8e6b-a171e580bf0e/datanode-4/data/ratis/239197b1-ba5c-4e20-8f18-0fa20b5362b8] INFO  impl.PendingRequests (PendingRequests.java:sendNotLeaderResponses(202)) - 871e6485-c22a-483f-9e07-d19e754685be-PendingRequests: sendNotLeaderResponses
2019-09-20 09:27:15,307 [492ed782-6ab3-4ad9-945e-06def6ac7c96-SegmentedRaftLogWorker:Storage Directory /workdir/hadoop-ozone/integration-test/target/test-dir/MiniOzoneClusterImpl-a33d77e5-464b-4d19-8e6b-a171e580bf0e/datanode-2/data/ratis/26ca671f-000e-4a90-9d59-e1a3c09b18d1] INFO  segmented.SegmentedRaftLogWorker (SegmentedRaftLogWorker.java:close(228)) - 492ed782-6ab3-4ad9-945e-06def6ac7c96-SegmentedRaftLogWorker:Storage Directory /workdir/hadoop-ozone/integration-test/target/test-dir/MiniOzoneClusterImpl-a33d77e5-464b-4d19-8e6b-a171e580bf0e/datanode-2/data/ratis/26ca671f-000e-4a90-9d59-e1a3c09b18d1 close()
2019-09-20 09:27:15,308 [871e6485-c22a-483f-9e07-d19e754685be-SegmentedRaftLogWorker:Storage Directory /workdir/hadoop-ozone/integration-test/target/test-dir/MiniOzoneClusterImpl-a33d77e5-464b-4d19-8e6b-a171e580bf0e/datanode-4/data/ratis/239197b1-ba5c-4e20-8f18-0fa20b5362b8] INFO  impl.StateMachineUpdater (StateMachineUpdater.java:stopAndJoin(115)) - StateMachineUpdater:871e6485-c22a-483f-9e07-d19e754685be:group-0FA20B5362B8: set stopIndex = -1
2019-09-20 09:27:15,308 [871e6485-c22a-483f-9e07-d19e754685be-SegmentedRaftLogWorker:Storage Directory /workdir/hadoop-ozone/integration-test/target/test-dir/MiniOzoneClusterImpl-a33d77e5-464b-4d19-8e6b-a171e580bf0e/datanode-4/data/ratis/239197b1-ba5c-4e20-8f18-0fa20b5362b8] INFO  impl.RaftServerImpl (ServerState.java:close(394)) - 871e6485-c22a-483f-9e07-d19e754685be:group-0FA20B5362B8 closes. The last applied log index is -1
2019-09-20 09:27:15,308 [492ed782-6ab3-4ad9-945e-06def6ac7c96-SegmentedRaftLogWorker:Storage Directory /workdir/hadoop-ozone/integration-test/target/test-dir/MiniOzoneClusterImpl-a33d77e5-464b-4d19-8e6b-a171e580bf0e/datanode-2/data/ratis/8d6fa30d-a839-4b24-be6d-b7ae4e66783d] INFO  impl.PendingRequests (PendingRequests.java:sendNotLeaderResponses(202)) - 492ed782-6ab3-4ad9-945e-06def6ac7c96-PendingRequests: sendNotLeaderResponses
2019-09-20 09:27:15,308 [871e6485-c22a-483f-9e07-d19e754685be-SegmentedRaftLogWorker:Storage Directory /workdir/hadoop-ozone/integration-test/target/test-dir/MiniOzoneClusterImpl-a33d77e5-464b-4d19-8e6b-a171e580bf0e/datanode-4/data/ratis/239197b1-ba5c-4e20-8f18-0fa20b5362b8] INFO  segmented.SegmentedRaftLogWorker (SegmentedRaftLogWorker.java:close(228)) - 871e6485-c22a-483f-9e07-d19e754685be-SegmentedRaftLogWorker:Storage Directory /workdir/hadoop-ozone/integration-test/target/test-dir/MiniOzoneClusterImpl-a33d77e5-464b-4d19-8e6b-a171e580bf0e/datanode-4/data/ratis/239197b1-ba5c-4e20-8f18-0fa20b5362b8 close()
2019-09-20 09:27:15,309 [492ed782-6ab3-4ad9-945e-06def6ac7c96-SegmentedRaftLogWorker:Storage Directory /workdir/hadoop-ozone/integration-test/target/test-dir/MiniOzoneClusterImpl-a33d77e5-464b-4d19-8e6b-a171e580bf0e/datanode-2/data/ratis/8d6fa30d-a839-4b24-be6d-b7ae4e66783d] INFO  impl.StateMachineUpdater (StateMachineUpdater.java:stopAndJoin(115)) - StateMachineUpdater:492ed782-6ab3-4ad9-945e-06def6ac7c96:group-B7AE4E66783D: set stopIndex = -1
2019-09-20 09:27:15,309 [492ed782-6ab3-4ad9-945e-06def6ac7c96-SegmentedRaftLogWorker:Storage Directory /workdir/hadoop-ozone/integration-test/target/test-dir/MiniOzoneClusterImpl-a33d77e5-464b-4d19-8e6b-a171e580bf0e/datanode-2/data/ratis/8d6fa30d-a839-4b24-be6d-b7ae4e66783d] INFO  impl.RaftServerImpl (ServerState.java:close(394)) - 492ed782-6ab3-4ad9-945e-06def6ac7c96:group-B7AE4E66783D closes. The last applied log index is -1
2019-09-20 09:27:15,309 [492ed782-6ab3-4ad9-945e-06def6ac7c96-SegmentedRaftLogWorker:Storage Directory /workdir/hadoop-ozone/integration-test/target/test-dir/MiniOzoneClusterImpl-a33d77e5-464b-4d19-8e6b-a171e580bf0e/datanode-2/data/ratis/8d6fa30d-a839-4b24-be6d-b7ae4e66783d] INFO  segmented.SegmentedRaftLogWorker (SegmentedRaftLogWorker.java:close(228)) - 492ed782-6ab3-4ad9-945e-06def6ac7c96-SegmentedRaftLogWorker:Storage Directory /workdir/hadoop-ozone/integration-test/target/test-dir/MiniOzoneClusterImpl-a33d77e5-464b-4d19-8e6b-a171e580bf0e/datanode-2/data/ratis/8d6fa30d-a839-4b24-be6d-b7ae4e66783d close()
2019-09-20 09:27:15,323 [pool-38-thread-1] INFO  storage.RaftStorageDirectory (RaftStorageDirectory.java:tryLock(328)) - Lock on /workdir/hadoop-ozone/integration-test/target/test-dir/MiniOzoneClusterImpl-a33d77e5-464b-4d19-8e6b-a171e580bf0e/datanode-1/data/ratis/bc08d00b-71aa-4c23-863f-3f7c9b11228d/in_use.lock acquired by nodename 7145@pr-hdds-1569-p5fx8-1226042367
2019-09-20 09:27:15,335 [02b93e76-e4c6-4b67-b8a4-c536d9ab7224-SegmentedRaftLogWorker:Storage Directory /workdir/hadoop-ozone/integration-test/target/test-dir/MiniOzoneClusterImpl-a33d77e5-464b-4d19-8e6b-a171e580bf0e/datanode-0/data/ratis/c7f74498-9bf5-4c81-b684-4f3b7e02669b] ERROR segmented.SegmentedRaftLogWorker (SegmentedRaftLogWorker.java:run(323)) - 02b93e76-e4c6-4b67-b8a4-c536d9ab7224-SegmentedRaftLogWorker:Storage Directory /workdir/hadoop-ozone/integration-test/target/test-dir/MiniOzoneClusterImpl-a33d77e5-464b-4d19-8e6b-a171e580bf0e/datanode-0/data/ratis/c7f74498-9bf5-4c81-b684-4f3b7e02669b hit exception
java.lang.OutOfMemoryError: Direct buffer memory
	at java.nio.Bits.reserveMemory(Bits.java:666)
	at java.nio.DirectByteBuffer.<init>(DirectByteBuffer.java:123)
	at java.nio.ByteBuffer.allocateDirect(ByteBuffer.java:311)
	at org.apache.ratis.server.raftlog.segmented.BufferedWriteChannel.<init>(BufferedWriteChannel.java:41)
	at org.apache.ratis.server.raftlog.segmented.SegmentedRaftLogOutputStream.<init>(SegmentedRaftLogOutputStream.java:72)
	at org.apache.ratis.server.raftlog.segmented.SegmentedRaftLogWorker$StartLogSegment.execute(SegmentedRaftLogWorker.java:566)
	at org.apache.ratis.server.raftlog.segmented.SegmentedRaftLogWorker.run(SegmentedRaftLogWorker.java:289)
	at java.lang.Thread.run(Thread.java:748)
2019-09-20 09:27:15,335 [02b93e76-e4c6-4b67-b8a4-c536d9ab7224-SegmentedRaftLogWorker:Storage Directory /workdir/hadoop-ozone/integration-test/target/test-dir/MiniOzoneClusterImpl-a33d77e5-464b-4d19-8e6b-a171e580bf0e/datanode-0/data/ratis/c7f74498-9bf5-4c81-b684-4f3b7e02669b] INFO  impl.RaftServerImpl (RaftServerImpl.java:lambda$shutdown$3(245)) - 02b93e76-e4c6-4b67-b8a4-c536d9ab7224: shutdown group-4F3B7E02669B
2019-09-20 09:27:15,335 [02b93e76-e4c6-4b67-b8a4-c536d9ab7224-SegmentedRaftLogWorker:Storage Directory /workdir/hadoop-ozone/integration-test/target/test-dir/MiniOzoneClusterImpl-a33d77e5-464b-4d19-8e6b-a171e580bf0e/datanode-0/data/ratis/c7f74498-9bf5-4c81-b684-4f3b7e02669b] INFO  util.JmxRegister (JmxRegister.java:unregister(73)) - Successfully un-registered JMX Bean with object name Ratis:service=RaftServer,group=group-4F3B7E02669B,id=02b93e76-e4c6-4b67-b8a4-c536d9ab7224
2019-09-20 09:27:15,335 [02b93e76-e4c6-4b67-b8a4-c536d9ab7224-SegmentedRaftLogWorker:Storage Directory /workdir/hadoop-ozone/integration-test/target/test-dir/MiniOzoneClusterImpl-a33d77e5-464b-4d19-8e6b-a171e580bf0e/datanode-0/data/ratis/c7f74498-9bf5-4c81-b684-4f3b7e02669b] INFO  impl.RoleInfo (RoleInfo.java:shutdownLeaderState(104)) - 02b93e76-e4c6-4b67-b8a4-c536d9ab7224: shutdown LeaderState
2019-09-20 09:27:15,336 [02b93e76-e4c6-4b67-b8a4-c536d9ab7224-SegmentedRaftLogWorker:Storage Directory /workdir/hadoop-ozone/integration-test/target/test-dir/MiniOzoneClusterImpl-a33d77e5-464b-4d19-8e6b-a171e580bf0e/datanode-0/data/ratis/c7f74498-9bf5-4c81-b684-4f3b7e02669b] INFO  impl.PendingRequests (PendingRequests.java:sendNotLeaderResponses(202)) - 02b93e76-e4c6-4b67-b8a4-c536d9ab7224-PendingRequests: sendNotLeaderResponses
2019-09-20 09:27:15,336 [02b93e76-e4c6-4b67-b8a4-c536d9ab7224-SegmentedRaftLogWorker:Storage Directory /workdir/hadoop-ozone/integration-test/target/test-dir/MiniOzoneClusterImpl-a33d77e5-464b-4d19-8e6b-a171e580bf0e/datanode-0/data/ratis/c7f74498-9bf5-4c81-b684-4f3b7e02669b] INFO  impl.StateMachineUpdater (StateMachineUpdater.java:stopAndJoin(115)) - StateMachineUpdater:02b93e76-e4c6-4b67-b8a4-c536d9ab7224:group-4F3B7E02669B: set stopIndex = -1
2019-09-20 09:27:15,336 [02b93e76-e4c6-4b67-b8a4-c536d9ab7224-SegmentedRaftLogWorker:Storage Directory /workdir/hadoop-ozone/integration-test/target/test-dir/MiniOzoneClusterImpl-a33d77e5-464b-4d19-8e6b-a171e580bf0e/datanode-0/data/ratis/c7f74498-9bf5-4c81-b684-4f3b7e02669b] INFO  impl.RaftServerImpl (ServerState.java:close(394)) - 02b93e76-e4c6-4b67-b8a4-c536d9ab7224:group-4F3B7E02669B closes. The last applied log index is -1
2019-09-20 09:27:15,336 [02b93e76-e4c6-4b67-b8a4-c536d9ab7224-SegmentedRaftLogWorker:Storage Directory /workdir/hadoop-ozone/integration-test/target/test-dir/MiniOzoneClusterImpl-a33d77e5-464b-4d19-8e6b-a171e580bf0e/datanode-0/data/ratis/c7f74498-9bf5-4c81-b684-4f3b7e02669b] INFO  segmented.SegmentedRaftLogWorker (SegmentedRaftLogWorker.java:close(228)) - 02b93e76-e4c6-4b67-b8a4-c536d9ab7224-SegmentedRaftLogWorker:Storage Directory /workdir/hadoop-ozone/integration-test/target/test-dir/MiniOzoneClusterImpl-a33d77e5-464b-4d19-8e6b-a171e580bf0e/datanode-0/data/ratis/c7f74498-9bf5-4c81-b684-4f3b7e02669b close()
2019-09-20 09:27:15,365 [pool-38-thread-1] INFO  storage.RaftStorage (RaftStorage.java:format(72)) - Storage directory /workdir/hadoop-ozone/integration-test/target/test-dir/MiniOzoneClusterImpl-a33d77e5-464b-4d19-8e6b-a171e580bf0e/datanode-1/data/ratis/bc08d00b-71aa-4c23-863f-3f7c9b11228d has been successfully formatted.
2019-09-20 09:27:15,367 [pool-38-thread-1] INFO  ratis.ContainerStateMachine (ContainerStateMachine.java:loadSnapshot(226)) - group-3F7C9B11228D: The snapshot info is null. Setting the last applied indexto:(t:0, i:~)
2019-09-20 09:27:15,367 [pool-38-thread-1] INFO  server.RaftServerConfigKeys (ConfUtils.java:logGet(43)) - raft.server.leader.election.timeout = 10s (custom)
2019-09-20 09:27:15,367 [pool-38-thread-1] INFO  server.RaftServerConfigKeys (ConfUtils.java:logGet(43)) - raft.server.log.use.memory = false (default)
2019-09-20 09:27:15,367 [pool-38-thread-1] INFO  server.RaftServerConfigKeys (ConfUtils.java:logGet(43)) - raft.server.log.purge.gap = 1000000 (custom)
2019-09-20 09:27:15,368 [pool-38-thread-1] INFO  server.RaftServerConfigKeys (ConfUtils.java:logGet(43)) - raft.server.log.appender.buffer.byte-limit = 33554432 (custom)
2019-09-20 09:27:15,368 [pool-38-thread-1] INFO  server.RaftServerConfigKeys (ConfUtils.java:logGet(43)) - raft.server.log.segment.size.max = 1048576 (custom)
2019-09-20 09:27:15,368 [pool-38-thread-1] INFO  server.RaftServerConfigKeys (ConfUtils.java:logGet(43)) - raft.server.log.segment.cache.num.max = 2 (custom)
2019-09-20 09:27:15,368 [pool-38-thread-1] INFO  segmented.SegmentedRaftLogWorker (SegmentedRaftLogWorker.java:<init>(172)) - new fd3cd5f9-4f1c-43ea-91b1-b85a1f6c3825-SegmentedRaftLogWorker:Storage Directory /workdir/hadoop-ozone/integration-test/target/test-dir/MiniOzoneClusterImpl-a33d77e5-464b-4d19-8e6b-a171e580bf0e/datanode-1/data/ratis/bc08d00b-71aa-4c23-863f-3f7c9b11228d for RaftStorage:Storage Directory /workdir/hadoop-ozone/integration-test/target/test-dir/MiniOzoneClusterImpl-a33d77e5-464b-4d19-8e6b-a171e580bf0e/datanode-1/data/ratis/bc08d00b-71aa-4c23-863f-3f7c9b11228d
2019-09-20 09:27:15,368 [pool-38-thread-1] INFO  server.RaftServerConfigKeys (ConfUtils.java:logGet(43)) - raft.server.log.queue.byte-limit = 2147483647 (custom)
2019-09-20 09:27:15,369 [pool-38-thread-1] INFO  server.RaftServerConfigKeys (ConfUtils.java:logGet(43)) - raft.server.log.queue.element-limit = 1024 (custom)
2019-09-20 09:27:15,369 [pool-38-thread-1] INFO  server.RaftServerConfigKeys (ConfUtils.java:logGet(43)) - raft.server.log.segment.size.max = 1048576 (custom)
2019-09-20 09:27:15,369 [pool-38-thread-1] INFO  server.RaftServerConfigKeys (ConfUtils.java:logGet(43)) - raft.server.log.preallocated.size = 16384 (custom)
2019-09-20 09:27:15,369 [pool-38-thread-1] INFO  server.RaftServerConfigKeys (ConfUtils.java:logGet(43)) - raft.server.log.write.buffer.size = 33554432 (custom)
2019-09-20 09:27:15,370 [pool-38-thread-1] INFO  server.RaftServerConfigKeys (ConfUtils.java:logGet(43)) - raft.server.log.force.sync.num = 128 (default)
2019-09-20 09:27:15,370 [pool-38-thread-1] INFO  server.RaftServerConfigKeys (ConfUtils.java:logGet(43)) - raft.server.log.statemachine.data.sync = true (default)
2019-09-20 09:27:15,370 [pool-38-thread-1] INFO  server.RaftServerConfigKeys (ConfUtils.java:logGet(43)) - raft.server.log.statemachine.data.sync.timeout = 10s (default)
2019-09-20 09:27:15,370 [pool-38-thread-1] INFO  server.RaftServerConfigKeys (ConfUtils.java:logGet(43)) - raft.server.log.statemachine.data.sync.timeout.retry = -1 (default)
2019-09-20 09:27:15,370 [pool-38-thread-1] INFO  server.RaftServerConfigKeys (ConfUtils.java:logGet(43)) - raft.server.log.statemachine.data.caching.enabled = true (custom)
2019-09-20 09:27:15,371 [pool-38-thread-1] INFO  segmented.SegmentedRaftLogWorker (SegmentedRaftLogWorker.java:lambda$new$0(132)) - fd3cd5f9-4f1c-43ea-91b1-b85a1f6c3825-SegmentedRaftLogWorker:Storage Directory /workdir/hadoop-ozone/integration-test/target/test-dir/MiniOzoneClusterImpl-a33d77e5-464b-4d19-8e6b-a171e580bf0e/datanode-1/data/ratis/bc08d00b-71aa-4c23-863f-3f7c9b11228d: flushIndex: setUnconditionally 0 -> -1
2019-09-20 09:27:15,371 [pool-38-thread-1] INFO  server.RaftServerConfigKeys (ConfUtils.java:logGet(43)) - raft.server.snapshot.auto.trigger.enabled = true (custom)
2019-09-20 09:27:15,371 [pool-38-thread-1] INFO  server.RaftServerConfigKeys (ConfUtils.java:logGet(43)) - raft.server.snapshot.auto.trigger.threshold = 10000 (custom)
2019-09-20 09:27:15,372 [pool-38-thread-1] INFO  server.RaftServerConfigKeys (ConfUtils.java:logGet(43)) - raft.server.retrycache.expirytime = 600000ms (custom)
2019-09-20 09:27:15,372 [pool-38-thread-1] INFO  impl.RaftServerImpl (RaftServerImpl.java:start(180)) - fd3cd5f9-4f1c-43ea-91b1-b85a1f6c3825: start group-3F7C9B11228D
2019-09-20 09:27:15,372 [pool-38-thread-1] INFO  impl.RaftServerImpl (RaftServerImpl.java:setRole(171)) - fd3cd5f9-4f1c-43ea-91b1-b85a1f6c3825:group-3F7C9B11228D changes role from null to FOLLOWER at term 0 for startAsFollower
2019-09-20 09:27:15,372 [pool-38-thread-1] INFO  impl.RoleInfo (RoleInfo.java:updateAndGet(143)) - fd3cd5f9-4f1c-43ea-91b1-b85a1f6c3825: start FollowerState
2019-09-20 09:27:15,373 [pool-38-thread-1] INFO  util.JmxRegister (JmxRegister.java:tryRegister(44)) - Successfully registered JMX Bean with object name Ratis:service=RaftServer,group=group-3F7C9B11228D,id=fd3cd5f9-4f1c-43ea-91b1-b85a1f6c3825
2019-09-20 09:27:15,376 [RatisPipelineUtilsThread] INFO  pipeline.PipelineStateManager (PipelineStateManager.java:addPipeline(56)) - Created pipeline Pipeline[ Id: bc08d00b-71aa-4c23-863f-3f7c9b11228d, Nodes: fd3cd5f9-4f1c-43ea-91b1-b85a1f6c3825{ip: 192.168.36.99, host: pr-hdds-1569-p5fx8-1226042367, networkLocation: /default-rack, certSerialId: null}, Type:RATIS, Factor:ONE, State:OPEN]
2019-09-20 09:27:15,382 [grpc-default-executor-2] INFO  impl.RaftServerProxy (RaftServerProxy.java:addNew(89)) - fd3cd5f9-4f1c-43ea-91b1-b85a1f6c3825: addNew group-E226B53152AE:[fd3cd5f9-4f1c-43ea-91b1-b85a1f6c3825:192.168.36.99:39114] returns group-E226B53152AE:java.util.concurrent.CompletableFuture@556eacc[Not completed]
2019-09-20 09:27:15,384 [pool-38-thread-1] INFO  impl.RaftServerImpl (RaftServerImpl.java:<init>(93)) - fd3cd5f9-4f1c-43ea-91b1-b85a1f6c3825: new RaftServerImpl for group-E226B53152AE:[fd3cd5f9-4f1c-43ea-91b1-b85a1f6c3825:192.168.36.99:39114] with ContainerStateMachine:uninitialized
2019-09-20 09:27:15,384 [pool-38-thread-1] INFO  server.RaftServerConfigKeys (ConfUtils.java:logGet(43)) - raft.server.rpc.timeout.min = 5s (custom)
2019-09-20 09:27:15,384 [pool-38-thread-1] INFO  server.RaftServerConfigKeys (ConfUtils.java:logGet(43)) - raft.server.rpc.timeout.max = 5200ms (custom)
2019-09-20 09:27:15,384 [pool-38-thread-1] INFO  server.RaftServerConfigKeys (ConfUtils.java:logGet(43)) - raft.server.rpcslowness.timeout = 10s (custom)
2019-09-20 09:27:15,384 [pool-38-thread-1] INFO  server.RaftServerConfigKeys (ConfUtils.java:logGet(43)) - raft.server.sleep.deviation.threshold = 300 (default)
2019-09-20 09:27:15,384 [pool-38-thread-1] INFO  server.RaftServerConfigKeys (ConfUtils.java:logGet(43)) - raft.server.log.appender.install.snapshot.enabled = false (custom)
2019-09-20 09:27:15,385 [pool-38-thread-1] INFO  impl.RaftServerImpl (ServerState.java:<init>(105)) - fd3cd5f9-4f1c-43ea-91b1-b85a1f6c3825:group-E226B53152AE ConfigurationManager, init=-1: [fd3cd5f9-4f1c-43ea-91b1-b85a1f6c3825:192.168.36.99:39114], old=null, confs=<EMPTY_MAP>
2019-09-20 09:27:15,385 [pool-38-thread-1] INFO  server.RaftServerConfigKeys (ConfUtils.java:logGet(43)) - raft.server.storage.dir = [/workdir/hadoop-ozone/integration-test/target/test-dir/MiniOzoneClusterImpl-a33d77e5-464b-4d19-8e6b-a171e580bf0e/datanode-1/data/ratis] (custom)
2019-09-20 09:27:15,385 [pool-38-thread-1] INFO  storage.RaftStorageDirectory (RaftStorageDirectory.java:analyzeStorage(246)) - The storage directory /workdir/hadoop-ozone/integration-test/target/test-dir/MiniOzoneClusterImpl-a33d77e5-464b-4d19-8e6b-a171e580bf0e/datanode-1/data/ratis/77b93e05-6797-4765-a90d-e226b53152ae does not exist. Creating ...
2019-09-20 09:27:15,424 [pool-38-thread-1] INFO  storage.RaftStorageDirectory (RaftStorageDirectory.java:tryLock(328)) - Lock on /workdir/hadoop-ozone/integration-test/target/test-dir/MiniOzoneClusterImpl-a33d77e5-464b-4d19-8e6b-a171e580bf0e/datanode-1/data/ratis/77b93e05-6797-4765-a90d-e226b53152ae/in_use.lock acquired by nodename 7145@pr-hdds-1569-p5fx8-1226042367
2019-09-20 09:27:15,450 [pool-38-thread-1] INFO  storage.RaftStorage (RaftStorage.java:format(72)) - Storage directory /workdir/hadoop-ozone/integration-test/target/test-dir/MiniOzoneClusterImpl-a33d77e5-464b-4d19-8e6b-a171e580bf0e/datanode-1/data/ratis/77b93e05-6797-4765-a90d-e226b53152ae has been successfully formatted.
2019-09-20 09:27:15,450 [pool-38-thread-1] INFO  ratis.ContainerStateMachine (ContainerStateMachine.java:loadSnapshot(226)) - group-E226B53152AE: The snapshot info is null. Setting the last applied indexto:(t:0, i:~)
2019-09-20 09:27:15,450 [pool-38-thread-1] INFO  server.RaftServerConfigKeys (ConfUtils.java:logGet(43)) - raft.server.leader.election.timeout = 10s (custom)
2019-09-20 09:27:15,450 [pool-38-thread-1] INFO  server.RaftServerConfigKeys (ConfUtils.java:logGet(43)) - raft.server.log.use.memory = false (default)
2019-09-20 09:27:15,450 [pool-38-thread-1] INFO  server.RaftServerConfigKeys (ConfUtils.java:logGet(43)) - raft.server.log.purge.gap = 1000000 (custom)
2019-09-20 09:27:15,451 [pool-38-thread-1] INFO  server.RaftServerConfigKeys (ConfUtils.java:logGet(43)) - raft.server.log.appender.buffer.byte-limit = 33554432 (custom)
2019-09-20 09:27:15,451 [pool-38-thread-1] INFO  server.RaftServerConfigKeys (ConfUtils.java:logGet(43)) - raft.server.log.segment.size.max = 1048576 (custom)
2019-09-20 09:27:15,451 [pool-38-thread-1] INFO  server.RaftServerConfigKeys (ConfUtils.java:logGet(43)) - raft.server.log.segment.cache.num.max = 2 (custom)
2019-09-20 09:27:15,451 [pool-38-thread-1] INFO  segmented.SegmentedRaftLogWorker (SegmentedRaftLogWorker.java:<init>(172)) - new fd3cd5f9-4f1c-43ea-91b1-b85a1f6c3825-SegmentedRaftLogWorker:Storage Directory /workdir/hadoop-ozone/integration-test/target/test-dir/MiniOzoneClusterImpl-a33d77e5-464b-4d19-8e6b-a171e580bf0e/datanode-1/data/ratis/77b93e05-6797-4765-a90d-e226b53152ae for RaftStorage:Storage Directory /workdir/hadoop-ozone/integration-test/target/test-dir/MiniOzoneClusterImpl-a33d77e5-464b-4d19-8e6b-a171e580bf0e/datanode-1/data/ratis/77b93e05-6797-4765-a90d-e226b53152ae
2019-09-20 09:27:15,451 [pool-38-thread-1] INFO  server.RaftServerConfigKeys (ConfUtils.java:logGet(43)) - raft.server.log.queue.byte-limit = 2147483647 (custom)
2019-09-20 09:27:15,451 [pool-38-thread-1] INFO  server.RaftServerConfigKeys (ConfUtils.java:logGet(43)) - raft.server.log.queue.element-limit = 1024 (custom)
2019-09-20 09:27:15,451 [pool-38-thread-1] INFO  server.RaftServerConfigKeys (ConfUtils.java:logGet(43)) - raft.server.log.segment.size.max = 1048576 (custom)
2019-09-20 09:27:15,452 [pool-38-thread-1] INFO  server.RaftServerConfigKeys (ConfUtils.java:logGet(43)) - raft.server.log.preallocated.size = 16384 (custom)
2019-09-20 09:27:15,452 [pool-38-thread-1] INFO  server.RaftServerConfigKeys (ConfUtils.java:logGet(43)) - raft.server.log.write.buffer.size = 33554432 (custom)
2019-09-20 09:27:15,452 [pool-38-thread-1] INFO  server.RaftServerConfigKeys (ConfUtils.java:logGet(43)) - raft.server.log.force.sync.num = 128 (default)
2019-09-20 09:27:15,452 [pool-38-thread-1] INFO  server.RaftServerConfigKeys (ConfUtils.java:logGet(43)) - raft.server.log.statemachine.data.sync = true (default)
2019-09-20 09:27:15,452 [pool-38-thread-1] INFO  server.RaftServerConfigKeys (ConfUtils.java:logGet(43)) - raft.server.log.statemachine.data.sync.timeout = 10s (default)
2019-09-20 09:27:15,452 [pool-38-thread-1] INFO  server.RaftServerConfigKeys (ConfUtils.java:logGet(43)) - raft.server.log.statemachine.data.sync.timeout.retry = -1 (default)
2019-09-20 09:27:15,452 [pool-38-thread-1] INFO  server.RaftServerConfigKeys (ConfUtils.java:logGet(43)) - raft.server.log.statemachine.data.caching.enabled = true (custom)
2019-09-20 09:27:15,453 [pool-38-thread-1] INFO  segmented.SegmentedRaftLogWorker (SegmentedRaftLogWorker.java:lambda$new$0(132)) - fd3cd5f9-4f1c-43ea-91b1-b85a1f6c3825-SegmentedRaftLogWorker:Storage Directory /workdir/hadoop-ozone/integration-test/target/test-dir/MiniOzoneClusterImpl-a33d77e5-464b-4d19-8e6b-a171e580bf0e/datanode-1/data/ratis/77b93e05-6797-4765-a90d-e226b53152ae: flushIndex: setUnconditionally 0 -> -1
2019-09-20 09:27:15,453 [pool-38-thread-1] INFO  server.RaftServerConfigKeys (ConfUtils.java:logGet(43)) - raft.server.snapshot.auto.trigger.enabled = true (custom)
2019-09-20 09:27:15,453 [pool-38-thread-1] INFO  server.RaftServerConfigKeys (ConfUtils.java:logGet(43)) - raft.server.snapshot.auto.trigger.threshold = 10000 (custom)
2019-09-20 09:27:15,453 [pool-38-thread-1] INFO  server.RaftServerConfigKeys (ConfUtils.java:logGet(43)) - raft.server.retrycache.expirytime = 600000ms (custom)
2019-09-20 09:27:15,454 [pool-38-thread-1] INFO  impl.RaftServerImpl (RaftServerImpl.java:start(180)) - fd3cd5f9-4f1c-43ea-91b1-b85a1f6c3825: start group-E226B53152AE
2019-09-20 09:27:15,454 [pool-38-thread-1] INFO  impl.RaftServerImpl (RaftServerImpl.java:setRole(171)) - fd3cd5f9-4f1c-43ea-91b1-b85a1f6c3825:group-E226B53152AE changes role from null to FOLLOWER at term 0 for startAsFollower
2019-09-20 09:27:15,454 [pool-38-thread-1] INFO  impl.RoleInfo (RoleInfo.java:updateAndGet(143)) - fd3cd5f9-4f1c-43ea-91b1-b85a1f6c3825: start FollowerState
2019-09-20 09:27:15,454 [pool-38-thread-1] INFO  util.JmxRegister (JmxRegister.java:tryRegister(44)) - Successfully registered JMX Bean with object name Ratis:service=RaftServer,group=group-E226B53152AE,id=fd3cd5f9-4f1c-43ea-91b1-b85a1f6c3825
2019-09-20 09:27:15,457 [RatisPipelineUtilsThread] INFO  pipeline.PipelineStateManager (PipelineStateManager.java:addPipeline(56)) - Created pipeline Pipeline[ Id: 77b93e05-6797-4765-a90d-e226b53152ae, Nodes: fd3cd5f9-4f1c-43ea-91b1-b85a1f6c3825{ip: 192.168.36.99, host: pr-hdds-1569-p5fx8-1226042367, networkLocation: /default-rack, certSerialId: null}, Type:RATIS, Factor:ONE, State:OPEN]
2019-09-20 09:27:15,463 [grpc-default-executor-2] INFO  impl.RaftServerProxy (RaftServerProxy.java:addNew(89)) - 871e6485-c22a-483f-9e07-d19e754685be: addNew group-9FFBFDC002D6:[871e6485-c22a-483f-9e07-d19e754685be:192.168.36.99:41076] returns group-9FFBFDC002D6:java.util.concurrent.CompletableFuture@7a960e6c[Not completed]
2019-09-20 09:27:15,464 [pool-71-thread-1] INFO  impl.RaftServerImpl (RaftServerImpl.java:<init>(93)) - 871e6485-c22a-483f-9e07-d19e754685be: new RaftServerImpl for group-9FFBFDC002D6:[871e6485-c22a-483f-9e07-d19e754685be:192.168.36.99:41076] with ContainerStateMachine:uninitialized
2019-09-20 09:27:15,465 [pool-71-thread-1] INFO  server.RaftServerConfigKeys (ConfUtils.java:logGet(43)) - raft.server.rpc.timeout.min = 5s (custom)
2019-09-20 09:27:15,465 [pool-71-thread-1] INFO  server.RaftServerConfigKeys (ConfUtils.java:logGet(43)) - raft.server.rpc.timeout.max = 5200ms (custom)
2019-09-20 09:27:15,465 [pool-71-thread-1] INFO  server.RaftServerConfigKeys (ConfUtils.java:logGet(43)) - raft.server.rpcslowness.timeout = 10s (custom)
2019-09-20 09:27:15,465 [pool-71-thread-1] INFO  server.RaftServerConfigKeys (ConfUtils.java:logGet(43)) - raft.server.sleep.deviation.threshold = 300 (default)
2019-09-20 09:27:15,465 [pool-71-thread-1] INFO  server.RaftServerConfigKeys (ConfUtils.java:logGet(43)) - raft.server.log.appender.install.snapshot.enabled = false (custom)
2019-09-20 09:27:15,465 [pool-71-thread-1] INFO  impl.RaftServerImpl (ServerState.java:<init>(105)) - 871e6485-c22a-483f-9e07-d19e754685be:group-9FFBFDC002D6 ConfigurationManager, init=-1: [871e6485-c22a-483f-9e07-d19e754685be:192.168.36.99:41076], old=null, confs=<EMPTY_MAP>
2019-09-20 09:27:15,465 [pool-71-thread-1] INFO  server.RaftServerConfigKeys (ConfUtils.java:logGet(43)) - raft.server.storage.dir = [/workdir/hadoop-ozone/integration-test/target/test-dir/MiniOzoneClusterImpl-a33d77e5-464b-4d19-8e6b-a171e580bf0e/datanode-4/data/ratis] (custom)
2019-09-20 09:27:15,466 [pool-71-thread-1] INFO  storage.RaftStorageDirectory (RaftStorageDirectory.java:analyzeStorage(246)) - The storage directory /workdir/hadoop-ozone/integration-test/target/test-dir/MiniOzoneClusterImpl-a33d77e5-464b-4d19-8e6b-a171e580bf0e/datanode-4/data/ratis/2366d198-bb52-4925-91ff-9ffbfdc002d6 does not exist. Creating ...
2019-09-20 09:27:15,492 [pool-71-thread-1] INFO  storage.RaftStorageDirectory (RaftStorageDirectory.java:tryLock(328)) - Lock on /workdir/hadoop-ozone/integration-test/target/test-dir/MiniOzoneClusterImpl-a33d77e5-464b-4d19-8e6b-a171e580bf0e/datanode-4/data/ratis/2366d198-bb52-4925-91ff-9ffbfdc002d6/in_use.lock acquired by nodename 7145@pr-hdds-1569-p5fx8-1226042367
2019-09-20 09:27:15,517 [pool-71-thread-1] INFO  storage.RaftStorage (RaftStorage.java:format(72)) - Storage directory /workdir/hadoop-ozone/integration-test/target/test-dir/MiniOzoneClusterImpl-a33d77e5-464b-4d19-8e6b-a171e580bf0e/datanode-4/data/ratis/2366d198-bb52-4925-91ff-9ffbfdc002d6 has been successfully formatted.
2019-09-20 09:27:15,517 [pool-71-thread-1] INFO  ratis.ContainerStateMachine (ContainerStateMachine.java:loadSnapshot(226)) - group-9FFBFDC002D6: The snapshot info is null. Setting the last applied indexto:(t:0, i:~)
2019-09-20 09:27:15,518 [pool-71-thread-1] INFO  server.RaftServerConfigKeys (ConfUtils.java:logGet(43)) - raft.server.leader.election.timeout = 10s (custom)
2019-09-20 09:27:15,518 [pool-71-thread-1] INFO  server.RaftServerConfigKeys (ConfUtils.java:logGet(43)) - raft.server.log.use.memory = false (default)
2019-09-20 09:27:15,518 [pool-71-thread-1] INFO  server.RaftServerConfigKeys (ConfUtils.java:logGet(43)) - raft.server.log.purge.gap = 1000000 (custom)
2019-09-20 09:27:15,518 [pool-71-thread-1] INFO  server.RaftServerConfigKeys (ConfUtils.java:logGet(43)) - raft.server.log.appender.buffer.byte-limit = 33554432 (custom)
2019-09-20 09:27:15,518 [pool-71-thread-1] INFO  server.RaftServerConfigKeys (ConfUtils.java:logGet(43)) - raft.server.log.segment.size.max = 1048576 (custom)
2019-09-20 09:27:15,518 [pool-71-thread-1] INFO  server.RaftServerConfigKeys (ConfUtils.java:logGet(43)) - raft.server.log.segment.cache.num.max = 2 (custom)
2019-09-20 09:27:15,518 [pool-71-thread-1] INFO  segmented.SegmentedRaftLogWorker (SegmentedRaftLogWorker.java:<init>(172)) - new 871e6485-c22a-483f-9e07-d19e754685be-SegmentedRaftLogWorker:Storage Directory /workdir/hadoop-ozone/integration-test/target/test-dir/MiniOzoneClusterImpl-a33d77e5-464b-4d19-8e6b-a171e580bf0e/datanode-4/data/ratis/2366d198-bb52-4925-91ff-9ffbfdc002d6 for RaftStorage:Storage Directory /workdir/hadoop-ozone/integration-test/target/test-dir/MiniOzoneClusterImpl-a33d77e5-464b-4d19-8e6b-a171e580bf0e/datanode-4/data/ratis/2366d198-bb52-4925-91ff-9ffbfdc002d6
2019-09-20 09:27:15,519 [pool-71-thread-1] INFO  server.RaftServerConfigKeys (ConfUtils.java:logGet(43)) - raft.server.log.queue.byte-limit = 2147483647 (custom)
2019-09-20 09:27:15,519 [pool-71-thread-1] INFO  server.RaftServerConfigKeys (ConfUtils.java:logGet(43)) - raft.server.log.queue.element-limit = 1024 (custom)
2019-09-20 09:27:15,519 [pool-71-thread-1] INFO  server.RaftServerConfigKeys (ConfUtils.java:logGet(43)) - raft.server.log.segment.size.max = 1048576 (custom)
2019-09-20 09:27:15,519 [pool-71-thread-1] INFO  server.RaftServerConfigKeys (ConfUtils.java:logGet(43)) - raft.server.log.preallocated.size = 16384 (custom)
2019-09-20 09:27:15,519 [pool-71-thread-1] INFO  server.RaftServerConfigKeys (ConfUtils.java:logGet(43)) - raft.server.log.write.buffer.size = 33554432 (custom)
2019-09-20 09:27:15,519 [pool-71-thread-1] INFO  server.RaftServerConfigKeys (ConfUtils.java:logGet(43)) - raft.server.log.force.sync.num = 128 (default)
2019-09-20 09:27:15,519 [pool-71-thread-1] INFO  server.RaftServerConfigKeys (ConfUtils.java:logGet(43)) - raft.server.log.statemachine.data.sync = true (default)
2019-09-20 09:27:15,520 [pool-71-thread-1] INFO  server.RaftServerConfigKeys (ConfUtils.java:logGet(43)) - raft.server.log.statemachine.data.sync.timeout = 10s (default)
2019-09-20 09:27:15,520 [pool-71-thread-1] INFO  server.RaftServerConfigKeys (ConfUtils.java:logGet(43)) - raft.server.log.statemachine.data.sync.timeout.retry = -1 (default)
2019-09-20 09:27:15,520 [pool-71-thread-1] INFO  server.RaftServerConfigKeys (ConfUtils.java:logGet(43)) - raft.server.log.statemachine.data.caching.enabled = true (custom)
2019-09-20 09:27:15,520 [pool-71-thread-1] INFO  segmented.SegmentedRaftLogWorker (SegmentedRaftLogWorker.java:lambda$new$0(132)) - 871e6485-c22a-483f-9e07-d19e754685be-SegmentedRaftLogWorker:Storage Directory /workdir/hadoop-ozone/integration-test/target/test-dir/MiniOzoneClusterImpl-a33d77e5-464b-4d19-8e6b-a171e580bf0e/datanode-4/data/ratis/2366d198-bb52-4925-91ff-9ffbfdc002d6: flushIndex: setUnconditionally 0 -> -1
2019-09-20 09:27:15,521 [pool-71-thread-1] INFO  server.RaftServerConfigKeys (ConfUtils.java:logGet(43)) - raft.server.snapshot.auto.trigger.enabled = true (custom)
2019-09-20 09:27:15,521 [pool-71-thread-1] INFO  server.RaftServerConfigKeys (ConfUtils.java:logGet(43)) - raft.server.snapshot.auto.trigger.threshold = 10000 (custom)
2019-09-20 09:27:15,521 [pool-71-thread-1] INFO  server.RaftServerConfigKeys (ConfUtils.java:logGet(43)) - raft.server.retrycache.expirytime = 600000ms (custom)
2019-09-20 09:27:15,521 [pool-71-thread-1] INFO  impl.RaftServerImpl (RaftServerImpl.java:start(180)) - 871e6485-c22a-483f-9e07-d19e754685be: start group-9FFBFDC002D6
2019-09-20 09:27:15,521 [pool-71-thread-1] INFO  impl.RaftServerImpl (RaftServerImpl.java:setRole(171)) - 871e6485-c22a-483f-9e07-d19e754685be:group-9FFBFDC002D6 changes role from null to FOLLOWER at term 0 for startAsFollower
2019-09-20 09:27:15,521 [pool-71-thread-1] INFO  impl.RoleInfo (RoleInfo.java:updateAndGet(143)) - 871e6485-c22a-483f-9e07-d19e754685be: start FollowerState
2019-09-20 09:27:15,522 [pool-71-thread-1] INFO  util.JmxRegister (JmxRegister.java:tryRegister(44)) - Successfully registered JMX Bean with object name Ratis:service=RaftServer,group=group-9FFBFDC002D6,id=871e6485-c22a-483f-9e07-d19e754685be
2019-09-20 09:27:15,525 [RatisPipelineUtilsThread] INFO  pipeline.PipelineStateManager (PipelineStateManager.java:addPipeline(56)) - Created pipeline Pipeline[ Id: 2366d198-bb52-4925-91ff-9ffbfdc002d6, Nodes: 871e6485-c22a-483f-9e07-d19e754685be{ip: 192.168.36.99, host: pr-hdds-1569-p5fx8-1226042367, networkLocation: /default-rack, certSerialId: null}, Type:RATIS, Factor:ONE, State:OPEN]
2019-09-20 09:27:15,531 [grpc-default-executor-2] INFO  impl.RaftServerProxy (RaftServerProxy.java:addNew(89)) - 4840c00f-91d3-4881-a20b-4d0486ca97c0: addNew group-C4F071EB70CB:[4840c00f-91d3-4881-a20b-4d0486ca97c0:192.168.36.99:41473] returns group-C4F071EB70CB:java.util.concurrent.CompletableFuture@59d18550[Not completed]
2019-09-20 09:27:15,532 [pool-60-thread-1] INFO  impl.RaftServerImpl (RaftServerImpl.java:<init>(93)) - 4840c00f-91d3-4881-a20b-4d0486ca97c0: new RaftServerImpl for group-C4F071EB70CB:[4840c00f-91d3-4881-a20b-4d0486ca97c0:192.168.36.99:41473] with ContainerStateMachine:uninitialized
2019-09-20 09:27:15,532 [pool-60-thread-1] INFO  server.RaftServerConfigKeys (ConfUtils.java:logGet(43)) - raft.server.rpc.timeout.min = 5s (custom)
2019-09-20 09:27:15,533 [pool-60-thread-1] INFO  server.RaftServerConfigKeys (ConfUtils.java:logGet(43)) - raft.server.rpc.timeout.max = 5200ms (custom)
2019-09-20 09:27:15,533 [pool-60-thread-1] INFO  server.RaftServerConfigKeys (ConfUtils.java:logGet(43)) - raft.server.rpcslowness.timeout = 10s (custom)
2019-09-20 09:27:15,533 [pool-60-thread-1] INFO  server.RaftServerConfigKeys (ConfUtils.java:logGet(43)) - raft.server.sleep.deviation.threshold = 300 (default)
2019-09-20 09:27:15,533 [pool-60-thread-1] INFO  server.RaftServerConfigKeys (ConfUtils.java:logGet(43)) - raft.server.log.appender.install.snapshot.enabled = false (custom)
2019-09-20 09:27:15,533 [pool-60-thread-1] INFO  impl.RaftServerImpl (ServerState.java:<init>(105)) - 4840c00f-91d3-4881-a20b-4d0486ca97c0:group-C4F071EB70CB ConfigurationManager, init=-1: [4840c00f-91d3-4881-a20b-4d0486ca97c0:192.168.36.99:41473], old=null, confs=<EMPTY_MAP>
2019-09-20 09:27:15,533 [pool-60-thread-1] INFO  server.RaftServerConfigKeys (ConfUtils.java:logGet(43)) - raft.server.storage.dir = [/workdir/hadoop-ozone/integration-test/target/test-dir/MiniOzoneClusterImpl-a33d77e5-464b-4d19-8e6b-a171e580bf0e/datanode-3/data/ratis] (custom)
2019-09-20 09:27:15,534 [pool-60-thread-1] INFO  storage.RaftStorageDirectory (RaftStorageDirectory.java:analyzeStorage(246)) - The storage directory /workdir/hadoop-ozone/integration-test/target/test-dir/MiniOzoneClusterImpl-a33d77e5-464b-4d19-8e6b-a171e580bf0e/datanode-3/data/ratis/e3c19b05-496e-4525-937a-c4f071eb70cb does not exist. Creating ...
2019-09-20 09:27:15,559 [pool-60-thread-1] INFO  storage.RaftStorageDirectory (RaftStorageDirectory.java:tryLock(328)) - Lock on /workdir/hadoop-ozone/integration-test/target/test-dir/MiniOzoneClusterImpl-a33d77e5-464b-4d19-8e6b-a171e580bf0e/datanode-3/data/ratis/e3c19b05-496e-4525-937a-c4f071eb70cb/in_use.lock acquired by nodename 7145@pr-hdds-1569-p5fx8-1226042367
2019-09-20 09:27:15,584 [pool-60-thread-1] INFO  storage.RaftStorage (RaftStorage.java:format(72)) - Storage directory /workdir/hadoop-ozone/integration-test/target/test-dir/MiniOzoneClusterImpl-a33d77e5-464b-4d19-8e6b-a171e580bf0e/datanode-3/data/ratis/e3c19b05-496e-4525-937a-c4f071eb70cb has been successfully formatted.
2019-09-20 09:27:15,585 [pool-60-thread-1] INFO  ratis.ContainerStateMachine (ContainerStateMachine.java:loadSnapshot(226)) - group-C4F071EB70CB: The snapshot info is null. Setting the last applied indexto:(t:0, i:~)
2019-09-20 09:27:15,585 [pool-60-thread-1] INFO  server.RaftServerConfigKeys (ConfUtils.java:logGet(43)) - raft.server.leader.election.timeout = 10s (custom)
2019-09-20 09:27:15,585 [pool-60-thread-1] INFO  server.RaftServerConfigKeys (ConfUtils.java:logGet(43)) - raft.server.log.use.memory = false (default)
2019-09-20 09:27:15,585 [pool-60-thread-1] INFO  server.RaftServerConfigKeys (ConfUtils.java:logGet(43)) - raft.server.log.purge.gap = 1000000 (custom)
2019-09-20 09:27:15,585 [pool-60-thread-1] INFO  server.RaftServerConfigKeys (ConfUtils.java:logGet(43)) - raft.server.log.appender.buffer.byte-limit = 33554432 (custom)
2019-09-20 09:27:15,586 [pool-60-thread-1] INFO  server.RaftServerConfigKeys (ConfUtils.java:logGet(43)) - raft.server.log.segment.size.max = 1048576 (custom)
2019-09-20 09:27:15,586 [pool-60-thread-1] INFO  server.RaftServerConfigKeys (ConfUtils.java:logGet(43)) - raft.server.log.segment.cache.num.max = 2 (custom)
2019-09-20 09:27:15,586 [pool-60-thread-1] INFO  segmented.SegmentedRaftLogWorker (SegmentedRaftLogWorker.java:<init>(172)) - new 4840c00f-91d3-4881-a20b-4d0486ca97c0-SegmentedRaftLogWorker:Storage Directory /workdir/hadoop-ozone/integration-test/target/test-dir/MiniOzoneClusterImpl-a33d77e5-464b-4d19-8e6b-a171e580bf0e/datanode-3/data/ratis/e3c19b05-496e-4525-937a-c4f071eb70cb for RaftStorage:Storage Directory /workdir/hadoop-ozone/integration-test/target/test-dir/MiniOzoneClusterImpl-a33d77e5-464b-4d19-8e6b-a171e580bf0e/datanode-3/data/ratis/e3c19b05-496e-4525-937a-c4f071eb70cb
2019-09-20 09:27:15,586 [pool-60-thread-1] INFO  server.RaftServerConfigKeys (ConfUtils.java:logGet(43)) - raft.server.log.queue.byte-limit = 2147483647 (custom)
2019-09-20 09:27:15,586 [pool-60-thread-1] INFO  server.RaftServerConfigKeys (ConfUtils.java:logGet(43)) - raft.server.log.queue.element-limit = 1024 (custom)
2019-09-20 09:27:15,586 [pool-60-thread-1] INFO  server.RaftServerConfigKeys (ConfUtils.java:logGet(43)) - raft.server.log.segment.size.max = 1048576 (custom)
2019-09-20 09:27:15,586 [pool-60-thread-1] INFO  server.RaftServerConfigKeys (ConfUtils.java:logGet(43)) - raft.server.log.preallocated.size = 16384 (custom)
2019-09-20 09:27:15,587 [pool-60-thread-1] INFO  server.RaftServerConfigKeys (ConfUtils.java:logGet(43)) - raft.server.log.write.buffer.size = 33554432 (custom)
2019-09-20 09:27:15,587 [pool-60-thread-1] INFO  server.RaftServerConfigKeys (ConfUtils.java:logGet(43)) - raft.server.log.force.sync.num = 128 (default)
2019-09-20 09:27:15,587 [pool-60-thread-1] INFO  server.RaftServerConfigKeys (ConfUtils.java:logGet(43)) - raft.server.log.statemachine.data.sync = true (default)
2019-09-20 09:27:15,587 [pool-60-thread-1] INFO  server.RaftServerConfigKeys (ConfUtils.java:logGet(43)) - raft.server.log.statemachine.data.sync.timeout = 10s (default)
2019-09-20 09:27:15,587 [pool-60-thread-1] INFO  server.RaftServerConfigKeys (ConfUtils.java:logGet(43)) - raft.server.log.statemachine.data.sync.timeout.retry = -1 (default)
2019-09-20 09:27:15,587 [pool-60-thread-1] INFO  server.RaftServerConfigKeys (ConfUtils.java:logGet(43)) - raft.server.log.statemachine.data.caching.enabled = true (custom)
2019-09-20 09:27:15,588 [pool-60-thread-1] INFO  segmented.SegmentedRaftLogWorker (SegmentedRaftLogWorker.java:lambda$new$0(132)) - 4840c00f-91d3-4881-a20b-4d0486ca97c0-SegmentedRaftLogWorker:Storage Directory /workdir/hadoop-ozone/integration-test/target/test-dir/MiniOzoneClusterImpl-a33d77e5-464b-4d19-8e6b-a171e580bf0e/datanode-3/data/ratis/e3c19b05-496e-4525-937a-c4f071eb70cb: flushIndex: setUnconditionally 0 -> -1
2019-09-20 09:27:15,588 [pool-60-thread-1] INFO  server.RaftServerConfigKeys (ConfUtils.java:logGet(43)) - raft.server.snapshot.auto.trigger.enabled = true (custom)
2019-09-20 09:27:15,588 [pool-60-thread-1] INFO  server.RaftServerConfigKeys (ConfUtils.java:logGet(43)) - raft.server.snapshot.auto.trigger.threshold = 10000 (custom)
2019-09-20 09:27:15,588 [pool-60-thread-1] INFO  server.RaftServerConfigKeys (ConfUtils.java:logGet(43)) - raft.server.retrycache.expirytime = 600000ms (custom)
2019-09-20 09:27:15,588 [pool-60-thread-1] INFO  impl.RaftServerImpl (RaftServerImpl.java:start(180)) - 4840c00f-91d3-4881-a20b-4d0486ca97c0: start group-C4F071EB70CB
2019-09-20 09:27:15,589 [pool-60-thread-1] INFO  impl.RaftServerImpl (RaftServerImpl.java:setRole(171)) - 4840c00f-91d3-4881-a20b-4d0486ca97c0:group-C4F071EB70CB changes role from null to FOLLOWER at term 0 for startAsFollower
2019-09-20 09:27:15,589 [pool-60-thread-1] INFO  impl.RoleInfo (RoleInfo.java:updateAndGet(143)) - 4840c00f-91d3-4881-a20b-4d0486ca97c0: start FollowerState
2019-09-20 09:27:15,589 [pool-60-thread-1] INFO  util.JmxRegister (JmxRegister.java:tryRegister(44)) - Successfully registered JMX Bean with object name Ratis:service=RaftServer,group=group-C4F071EB70CB,id=4840c00f-91d3-4881-a20b-4d0486ca97c0
2019-09-20 09:27:15,593 [RatisPipelineUtilsThread] INFO  pipeline.PipelineStateManager (PipelineStateManager.java:addPipeline(56)) - Created pipeline Pipeline[ Id: e3c19b05-496e-4525-937a-c4f071eb70cb, Nodes: 4840c00f-91d3-4881-a20b-4d0486ca97c0{ip: 192.168.36.99, host: pr-hdds-1569-p5fx8-1226042367, networkLocation: /default-rack, certSerialId: null}, Type:RATIS, Factor:ONE, State:OPEN]
2019-09-20 09:27:15,600 [grpc-default-executor-2] INFO  impl.RaftServerProxy (RaftServerProxy.java:addNew(89)) - 871e6485-c22a-483f-9e07-d19e754685be: addNew group-5CD29FEE94BE:[871e6485-c22a-483f-9e07-d19e754685be:192.168.36.99:41076] returns group-5CD29FEE94BE:java.util.concurrent.CompletableFuture@754a69d9[Not completed]
2019-09-20 09:27:15,601 [pool-71-thread-1] INFO  impl.RaftServerImpl (RaftServerImpl.java:<init>(93)) - 871e6485-c22a-483f-9e07-d19e754685be: new RaftServerImpl for group-5CD29FEE94BE:[871e6485-c22a-483f-9e07-d19e754685be:192.168.36.99:41076] with ContainerStateMachine:uninitialized
2019-09-20 09:27:15,601 [pool-71-thread-1] INFO  server.RaftServerConfigKeys (ConfUtils.java:logGet(43)) - raft.server.rpc.timeout.min = 5s (custom)
2019-09-20 09:27:15,601 [pool-71-thread-1] INFO  server.RaftServerConfigKeys (ConfUtils.java:logGet(43)) - raft.server.rpc.timeout.max = 5200ms (custom)
2019-09-20 09:27:15,601 [pool-71-thread-1] INFO  server.RaftServerConfigKeys (ConfUtils.java:logGet(43)) - raft.server.rpcslowness.timeout = 10s (custom)
2019-09-20 09:27:15,602 [pool-71-thread-1] INFO  server.RaftServerConfigKeys (ConfUtils.java:logGet(43)) - raft.server.sleep.deviation.threshold = 300 (default)
2019-09-20 09:27:15,602 [pool-71-thread-1] INFO  server.RaftServerConfigKeys (ConfUtils.java:logGet(43)) - raft.server.log.appender.install.snapshot.enabled = false (custom)
2019-09-20 09:27:15,602 [pool-71-thread-1] INFO  impl.RaftServerImpl (ServerState.java:<init>(105)) - 871e6485-c22a-483f-9e07-d19e754685be:group-5CD29FEE94BE ConfigurationManager, init=-1: [871e6485-c22a-483f-9e07-d19e754685be:192.168.36.99:41076], old=null, confs=<EMPTY_MAP>
2019-09-20 09:27:15,602 [pool-71-thread-1] INFO  server.RaftServerConfigKeys (ConfUtils.java:logGet(43)) - raft.server.storage.dir = [/workdir/hadoop-ozone/integration-test/target/test-dir/MiniOzoneClusterImpl-a33d77e5-464b-4d19-8e6b-a171e580bf0e/datanode-4/data/ratis] (custom)
2019-09-20 09:27:15,603 [pool-71-thread-1] INFO  storage.RaftStorageDirectory (RaftStorageDirectory.java:analyzeStorage(246)) - The storage directory /workdir/hadoop-ozone/integration-test/target/test-dir/MiniOzoneClusterImpl-a33d77e5-464b-4d19-8e6b-a171e580bf0e/datanode-4/data/ratis/8647ab7e-7571-475f-8de0-5cd29fee94be does not exist. Creating ...
2019-09-20 09:27:15,635 [pool-71-thread-1] INFO  storage.RaftStorageDirectory (RaftStorageDirectory.java:tryLock(328)) - Lock on /workdir/hadoop-ozone/integration-test/target/test-dir/MiniOzoneClusterImpl-a33d77e5-464b-4d19-8e6b-a171e580bf0e/datanode-4/data/ratis/8647ab7e-7571-475f-8de0-5cd29fee94be/in_use.lock acquired by nodename 7145@pr-hdds-1569-p5fx8-1226042367
2019-09-20 09:27:15,660 [pool-71-thread-1] INFO  storage.RaftStorage (RaftStorage.java:format(72)) - Storage directory /workdir/hadoop-ozone/integration-test/target/test-dir/MiniOzoneClusterImpl-a33d77e5-464b-4d19-8e6b-a171e580bf0e/datanode-4/data/ratis/8647ab7e-7571-475f-8de0-5cd29fee94be has been successfully formatted.
2019-09-20 09:27:15,661 [pool-71-thread-1] INFO  ratis.ContainerStateMachine (ContainerStateMachine.java:loadSnapshot(226)) - group-5CD29FEE94BE: The snapshot info is null. Setting the last applied indexto:(t:0, i:~)
2019-09-20 09:27:15,661 [pool-71-thread-1] INFO  server.RaftServerConfigKeys (ConfUtils.java:logGet(43)) - raft.server.leader.election.timeout = 10s (custom)
2019-09-20 09:27:15,661 [pool-71-thread-1] INFO  server.RaftServerConfigKeys (ConfUtils.java:logGet(43)) - raft.server.log.use.memory = false (default)
2019-09-20 09:27:15,661 [pool-71-thread-1] INFO  server.RaftServerConfigKeys (ConfUtils.java:logGet(43)) - raft.server.log.purge.gap = 1000000 (custom)
2019-09-20 09:27:15,661 [pool-71-thread-1] INFO  server.RaftServerConfigKeys (ConfUtils.java:logGet(43)) - raft.server.log.appender.buffer.byte-limit = 33554432 (custom)
2019-09-20 09:27:15,661 [pool-71-thread-1] INFO  server.RaftServerConfigKeys (ConfUtils.java:logGet(43)) - raft.server.log.segment.size.max = 1048576 (custom)
2019-09-20 09:27:15,662 [pool-71-thread-1] INFO  server.RaftServerConfigKeys (ConfUtils.java:logGet(43)) - raft.server.log.segment.cache.num.max = 2 (custom)
2019-09-20 09:27:15,662 [pool-71-thread-1] INFO  segmented.SegmentedRaftLogWorker (SegmentedRaftLogWorker.java:<init>(172)) - new 871e6485-c22a-483f-9e07-d19e754685be-SegmentedRaftLogWorker:Storage Directory /workdir/hadoop-ozone/integration-test/target/test-dir/MiniOzoneClusterImpl-a33d77e5-464b-4d19-8e6b-a171e580bf0e/datanode-4/data/ratis/8647ab7e-7571-475f-8de0-5cd29fee94be for RaftStorage:Storage Directory /workdir/hadoop-ozone/integration-test/target/test-dir/MiniOzoneClusterImpl-a33d77e5-464b-4d19-8e6b-a171e580bf0e/datanode-4/data/ratis/8647ab7e-7571-475f-8de0-5cd29fee94be
2019-09-20 09:27:15,662 [pool-71-thread-1] INFO  server.RaftServerConfigKeys (ConfUtils.java:logGet(43)) - raft.server.log.queue.byte-limit = 2147483647 (custom)
2019-09-20 09:27:15,662 [pool-71-thread-1] INFO  server.RaftServerConfigKeys (ConfUtils.java:logGet(43)) - raft.server.log.queue.element-limit = 1024 (custom)
2019-09-20 09:27:15,662 [pool-71-thread-1] INFO  server.RaftServerConfigKeys (ConfUtils.java:logGet(43)) - raft.server.log.segment.size.max = 1048576 (custom)
2019-09-20 09:27:15,662 [pool-71-thread-1] INFO  server.RaftServerConfigKeys (ConfUtils.java:logGet(43)) - raft.server.log.preallocated.size = 16384 (custom)
2019-09-20 09:27:15,663 [pool-71-thread-1] INFO  server.RaftServerConfigKeys (ConfUtils.java:logGet(43)) - raft.server.log.write.buffer.size = 33554432 (custom)
2019-09-20 09:27:15,663 [pool-71-thread-1] INFO  server.RaftServerConfigKeys (ConfUtils.java:logGet(43)) - raft.server.log.force.sync.num = 128 (default)
2019-09-20 09:27:15,663 [pool-71-thread-1] INFO  server.RaftServerConfigKeys (ConfUtils.java:logGet(43)) - raft.server.log.statemachine.data.sync = true (default)
2019-09-20 09:27:15,663 [pool-71-thread-1] INFO  server.RaftServerConfigKeys (ConfUtils.java:logGet(43)) - raft.server.log.statemachine.data.sync.timeout = 10s (default)
2019-09-20 09:27:15,663 [pool-71-thread-1] INFO  server.RaftServerConfigKeys (ConfUtils.java:logGet(43)) - raft.server.log.statemachine.data.sync.timeout.retry = -1 (default)
2019-09-20 09:27:15,663 [pool-71-thread-1] INFO  server.RaftServerConfigKeys (ConfUtils.java:logGet(43)) - raft.server.log.statemachine.data.caching.enabled = true (custom)
2019-09-20 09:27:15,664 [pool-71-thread-1] INFO  segmented.SegmentedRaftLogWorker (SegmentedRaftLogWorker.java:lambda$new$0(132)) - 871e6485-c22a-483f-9e07-d19e754685be-SegmentedRaftLogWorker:Storage Directory /workdir/hadoop-ozone/integration-test/target/test-dir/MiniOzoneClusterImpl-a33d77e5-464b-4d19-8e6b-a171e580bf0e/datanode-4/data/ratis/8647ab7e-7571-475f-8de0-5cd29fee94be: flushIndex: setUnconditionally 0 -> -1
2019-09-20 09:27:15,664 [pool-71-thread-1] INFO  server.RaftServerConfigKeys (ConfUtils.java:logGet(43)) - raft.server.snapshot.auto.trigger.enabled = true (custom)
2019-09-20 09:27:15,664 [pool-71-thread-1] INFO  server.RaftServerConfigKeys (ConfUtils.java:logGet(43)) - raft.server.snapshot.auto.trigger.threshold = 10000 (custom)
2019-09-20 09:27:15,665 [pool-71-thread-1] INFO  server.RaftServerConfigKeys (ConfUtils.java:logGet(43)) - raft.server.retrycache.expirytime = 600000ms (custom)
2019-09-20 09:27:15,665 [pool-71-thread-1] INFO  impl.RaftServerImpl (RaftServerImpl.java:start(180)) - 871e6485-c22a-483f-9e07-d19e754685be: start group-5CD29FEE94BE
2019-09-20 09:27:15,665 [pool-71-thread-1] INFO  impl.RaftServerImpl (RaftServerImpl.java:setRole(171)) - 871e6485-c22a-483f-9e07-d19e754685be:group-5CD29FEE94BE changes role from null to FOLLOWER at term 0 for startAsFollower
2019-09-20 09:27:15,665 [pool-71-thread-1] INFO  impl.RoleInfo (RoleInfo.java:updateAndGet(143)) - 871e6485-c22a-483f-9e07-d19e754685be: start FollowerState
2019-09-20 09:27:15,666 [pool-71-thread-1] INFO  util.JmxRegister (JmxRegister.java:tryRegister(44)) - Successfully registered JMX Bean with object name Ratis:service=RaftServer,group=group-5CD29FEE94BE,id=871e6485-c22a-483f-9e07-d19e754685be
2019-09-20 09:27:15,669 [RatisPipelineUtilsThread] INFO  pipeline.PipelineStateManager (PipelineStateManager.java:addPipeline(56)) - Created pipeline Pipeline[ Id: 8647ab7e-7571-475f-8de0-5cd29fee94be, Nodes: 871e6485-c22a-483f-9e07-d19e754685be{ip: 192.168.36.99, host: pr-hdds-1569-p5fx8-1226042367, networkLocation: /default-rack, certSerialId: null}, Type:RATIS, Factor:ONE, State:OPEN]
2019-09-20 09:27:15,675 [grpc-default-executor-2] INFO  impl.RaftServerProxy (RaftServerProxy.java:addNew(89)) - 871e6485-c22a-483f-9e07-d19e754685be: addNew group-43EAF305B334:[871e6485-c22a-483f-9e07-d19e754685be:192.168.36.99:41076] returns group-43EAF305B334:java.util.concurrent.CompletableFuture@5367bb54[Not completed]
2019-09-20 09:27:15,677 [pool-71-thread-1] INFO  impl.RaftServerImpl (RaftServerImpl.java:<init>(93)) - 871e6485-c22a-483f-9e07-d19e754685be: new RaftServerImpl for group-43EAF305B334:[871e6485-c22a-483f-9e07-d19e754685be:192.168.36.99:41076] with ContainerStateMachine:uninitialized
2019-09-20 09:27:15,677 [pool-71-thread-1] INFO  server.RaftServerConfigKeys (ConfUtils.java:logGet(43)) - raft.server.rpc.timeout.min = 5s (custom)
2019-09-20 09:27:15,677 [pool-71-thread-1] INFO  server.RaftServerConfigKeys (ConfUtils.java:logGet(43)) - raft.server.rpc.timeout.max = 5200ms (custom)
2019-09-20 09:27:15,677 [pool-71-thread-1] INFO  server.RaftServerConfigKeys (ConfUtils.java:logGet(43)) - raft.server.rpcslowness.timeout = 10s (custom)
2019-09-20 09:27:15,677 [pool-71-thread-1] INFO  server.RaftServerConfigKeys (ConfUtils.java:logGet(43)) - raft.server.sleep.deviation.threshold = 300 (default)
2019-09-20 09:27:15,677 [pool-71-thread-1] INFO  server.RaftServerConfigKeys (ConfUtils.java:logGet(43)) - raft.server.log.appender.install.snapshot.enabled = false (custom)
2019-09-20 09:27:15,677 [pool-71-thread-1] INFO  impl.RaftServerImpl (ServerState.java:<init>(105)) - 871e6485-c22a-483f-9e07-d19e754685be:group-43EAF305B334 ConfigurationManager, init=-1: [871e6485-c22a-483f-9e07-d19e754685be:192.168.36.99:41076], old=null, confs=<EMPTY_MAP>
2019-09-20 09:27:15,678 [pool-71-thread-1] INFO  server.RaftServerConfigKeys (ConfUtils.java:logGet(43)) - raft.server.storage.dir = [/workdir/hadoop-ozone/integration-test/target/test-dir/MiniOzoneClusterImpl-a33d77e5-464b-4d19-8e6b-a171e580bf0e/datanode-4/data/ratis] (custom)
2019-09-20 09:27:15,678 [pool-71-thread-1] INFO  storage.RaftStorageDirectory (RaftStorageDirectory.java:analyzeStorage(246)) - The storage directory /workdir/hadoop-ozone/integration-test/target/test-dir/MiniOzoneClusterImpl-a33d77e5-464b-4d19-8e6b-a171e580bf0e/datanode-4/data/ratis/4fa2f39a-4660-4839-8de9-43eaf305b334 does not exist. Creating ...
2019-09-20 09:27:15,702 [pool-71-thread-1] INFO  storage.RaftStorageDirectory (RaftStorageDirectory.java:tryLock(328)) - Lock on /workdir/hadoop-ozone/integration-test/target/test-dir/MiniOzoneClusterImpl-a33d77e5-464b-4d19-8e6b-a171e580bf0e/datanode-4/data/ratis/4fa2f39a-4660-4839-8de9-43eaf305b334/in_use.lock acquired by nodename 7145@pr-hdds-1569-p5fx8-1226042367
2019-09-20 09:27:15,728 [pool-71-thread-1] INFO  storage.RaftStorage (RaftStorage.java:format(72)) - Storage directory /workdir/hadoop-ozone/integration-test/target/test-dir/MiniOzoneClusterImpl-a33d77e5-464b-4d19-8e6b-a171e580bf0e/datanode-4/data/ratis/4fa2f39a-4660-4839-8de9-43eaf305b334 has been successfully formatted.
2019-09-20 09:27:15,728 [pool-71-thread-1] INFO  ratis.ContainerStateMachine (ContainerStateMachine.java:loadSnapshot(226)) - group-43EAF305B334: The snapshot info is null. Setting the last applied indexto:(t:0, i:~)
2019-09-20 09:27:15,728 [pool-71-thread-1] INFO  server.RaftServerConfigKeys (ConfUtils.java:logGet(43)) - raft.server.leader.election.timeout = 10s (custom)
2019-09-20 09:27:15,728 [pool-71-thread-1] INFO  server.RaftServerConfigKeys (ConfUtils.java:logGet(43)) - raft.server.log.use.memory = false (default)
2019-09-20 09:27:15,728 [pool-71-thread-1] INFO  server.RaftServerConfigKeys (ConfUtils.java:logGet(43)) - raft.server.log.purge.gap = 1000000 (custom)
2019-09-20 09:27:15,729 [pool-71-thread-1] INFO  server.RaftServerConfigKeys (ConfUtils.java:logGet(43)) - raft.server.log.appender.buffer.byte-limit = 33554432 (custom)
2019-09-20 09:27:15,729 [pool-71-thread-1] INFO  server.RaftServerConfigKeys (ConfUtils.java:logGet(43)) - raft.server.log.segment.size.max = 1048576 (custom)
2019-09-20 09:27:15,729 [pool-71-thread-1] INFO  server.RaftServerConfigKeys (ConfUtils.java:logGet(43)) - raft.server.log.segment.cache.num.max = 2 (custom)
2019-09-20 09:27:15,729 [pool-71-thread-1] INFO  segmented.SegmentedRaftLogWorker (SegmentedRaftLogWorker.java:<init>(172)) - new 871e6485-c22a-483f-9e07-d19e754685be-SegmentedRaftLogWorker:Storage Directory /workdir/hadoop-ozone/integration-test/target/test-dir/MiniOzoneClusterImpl-a33d77e5-464b-4d19-8e6b-a171e580bf0e/datanode-4/data/ratis/4fa2f39a-4660-4839-8de9-43eaf305b334 for RaftStorage:Storage Directory /workdir/hadoop-ozone/integration-test/target/test-dir/MiniOzoneClusterImpl-a33d77e5-464b-4d19-8e6b-a171e580bf0e/datanode-4/data/ratis/4fa2f39a-4660-4839-8de9-43eaf305b334
2019-09-20 09:27:15,729 [pool-71-thread-1] INFO  server.RaftServerConfigKeys (ConfUtils.java:logGet(43)) - raft.server.log.queue.byte-limit = 2147483647 (custom)
2019-09-20 09:27:15,729 [pool-71-thread-1] INFO  server.RaftServerConfigKeys (ConfUtils.java:logGet(43)) - raft.server.log.queue.element-limit = 1024 (custom)
2019-09-20 09:27:15,730 [pool-71-thread-1] INFO  server.RaftServerConfigKeys (ConfUtils.java:logGet(43)) - raft.server.log.segment.size.max = 1048576 (custom)
2019-09-20 09:27:15,730 [pool-71-thread-1] INFO  server.RaftServerConfigKeys (ConfUtils.java:logGet(43)) - raft.server.log.preallocated.size = 16384 (custom)
2019-09-20 09:27:15,730 [pool-71-thread-1] INFO  server.RaftServerConfigKeys (ConfUtils.java:logGet(43)) - raft.server.log.write.buffer.size = 33554432 (custom)
2019-09-20 09:27:15,730 [pool-71-thread-1] INFO  server.RaftServerConfigKeys (ConfUtils.java:logGet(43)) - raft.server.log.force.sync.num = 128 (default)
2019-09-20 09:27:15,730 [pool-71-thread-1] INFO  server.RaftServerConfigKeys (ConfUtils.java:logGet(43)) - raft.server.log.statemachine.data.sync = true (default)
2019-09-20 09:27:15,730 [pool-71-thread-1] INFO  server.RaftServerConfigKeys (ConfUtils.java:logGet(43)) - raft.server.log.statemachine.data.sync.timeout = 10s (default)
2019-09-20 09:27:15,731 [pool-71-thread-1] INFO  server.RaftServerConfigKeys (ConfUtils.java:logGet(43)) - raft.server.log.statemachine.data.sync.timeout.retry = -1 (default)
2019-09-20 09:27:15,731 [pool-71-thread-1] INFO  server.RaftServerConfigKeys (ConfUtils.java:logGet(43)) - raft.server.log.statemachine.data.caching.enabled = true (custom)
2019-09-20 09:27:15,731 [pool-71-thread-1] INFO  segmented.SegmentedRaftLogWorker (SegmentedRaftLogWorker.java:lambda$new$0(132)) - 871e6485-c22a-483f-9e07-d19e754685be-SegmentedRaftLogWorker:Storage Directory /workdir/hadoop-ozone/integration-test/target/test-dir/MiniOzoneClusterImpl-a33d77e5-464b-4d19-8e6b-a171e580bf0e/datanode-4/data/ratis/4fa2f39a-4660-4839-8de9-43eaf305b334: flushIndex: setUnconditionally 0 -> -1
2019-09-20 09:27:15,731 [pool-71-thread-1] INFO  server.RaftServerConfigKeys (ConfUtils.java:logGet(43)) - raft.server.snapshot.auto.trigger.enabled = true (custom)
2019-09-20 09:27:15,732 [pool-71-thread-1] INFO  server.RaftServerConfigKeys (ConfUtils.java:logGet(43)) - raft.server.snapshot.auto.trigger.threshold = 10000 (custom)
2019-09-20 09:27:15,732 [pool-71-thread-1] INFO  server.RaftServerConfigKeys (ConfUtils.java:logGet(43)) - raft.server.retrycache.expirytime = 600000ms (custom)
2019-09-20 09:27:15,732 [pool-71-thread-1] INFO  impl.RaftServerImpl (RaftServerImpl.java:start(180)) - 871e6485-c22a-483f-9e07-d19e754685be: start group-43EAF305B334
2019-09-20 09:27:15,732 [pool-71-thread-1] INFO  impl.RaftServerImpl (RaftServerImpl.java:setRole(171)) - 871e6485-c22a-483f-9e07-d19e754685be:group-43EAF305B334 changes role from null to FOLLOWER at term 0 for startAsFollower
2019-09-20 09:27:15,732 [pool-71-thread-1] INFO  impl.RoleInfo (RoleInfo.java:updateAndGet(143)) - 871e6485-c22a-483f-9e07-d19e754685be: start FollowerState
2019-09-20 09:27:15,733 [pool-71-thread-1] INFO  util.JmxRegister (JmxRegister.java:tryRegister(44)) - Successfully registered JMX Bean with object name Ratis:service=RaftServer,group=group-43EAF305B334,id=871e6485-c22a-483f-9e07-d19e754685be
2019-09-20 09:27:15,736 [RatisPipelineUtilsThread] INFO  pipeline.PipelineStateManager (PipelineStateManager.java:addPipeline(56)) - Created pipeline Pipeline[ Id: 4fa2f39a-4660-4839-8de9-43eaf305b334, Nodes: 871e6485-c22a-483f-9e07-d19e754685be{ip: 192.168.36.99, host: pr-hdds-1569-p5fx8-1226042367, networkLocation: /default-rack, certSerialId: null}, Type:RATIS, Factor:ONE, State:OPEN]
2019-09-20 09:27:15,742 [grpc-default-executor-2] INFO  impl.RaftServerProxy (RaftServerProxy.java:addNew(89)) - 871e6485-c22a-483f-9e07-d19e754685be: addNew group-CC18D9B0FA0B:[871e6485-c22a-483f-9e07-d19e754685be:192.168.36.99:41076] returns group-CC18D9B0FA0B:java.util.concurrent.CompletableFuture@65990d4d[Not completed]
2019-09-20 09:27:15,743 [pool-71-thread-1] INFO  impl.RaftServerImpl (RaftServerImpl.java:<init>(93)) - 871e6485-c22a-483f-9e07-d19e754685be: new RaftServerImpl for group-CC18D9B0FA0B:[871e6485-c22a-483f-9e07-d19e754685be:192.168.36.99:41076] with ContainerStateMachine:uninitialized
2019-09-20 09:27:15,743 [pool-71-thread-1] INFO  server.RaftServerConfigKeys (ConfUtils.java:logGet(43)) - raft.server.rpc.timeout.min = 5s (custom)
2019-09-20 09:27:15,743 [pool-71-thread-1] INFO  server.RaftServerConfigKeys (ConfUtils.java:logGet(43)) - raft.server.rpc.timeout.max = 5200ms (custom)
2019-09-20 09:27:15,744 [pool-71-thread-1] INFO  server.RaftServerConfigKeys (ConfUtils.java:logGet(43)) - raft.server.rpcslowness.timeout = 10s (custom)
2019-09-20 09:27:15,744 [pool-71-thread-1] INFO  server.RaftServerConfigKeys (ConfUtils.java:logGet(43)) - raft.server.sleep.deviation.threshold = 300 (default)
2019-09-20 09:27:15,744 [pool-71-thread-1] INFO  server.RaftServerConfigKeys (ConfUtils.java:logGet(43)) - raft.server.log.appender.install.snapshot.enabled = false (custom)
2019-09-20 09:27:15,744 [pool-71-thread-1] INFO  impl.RaftServerImpl (ServerState.java:<init>(105)) - 871e6485-c22a-483f-9e07-d19e754685be:group-CC18D9B0FA0B ConfigurationManager, init=-1: [871e6485-c22a-483f-9e07-d19e754685be:192.168.36.99:41076], old=null, confs=<EMPTY_MAP>
2019-09-20 09:27:15,744 [pool-71-thread-1] INFO  server.RaftServerConfigKeys (ConfUtils.java:logGet(43)) - raft.server.storage.dir = [/workdir/hadoop-ozone/integration-test/target/test-dir/MiniOzoneClusterImpl-a33d77e5-464b-4d19-8e6b-a171e580bf0e/datanode-4/data/ratis] (custom)
2019-09-20 09:27:15,745 [pool-71-thread-1] INFO  storage.RaftStorageDirectory (RaftStorageDirectory.java:analyzeStorage(246)) - The storage directory /workdir/hadoop-ozone/integration-test/target/test-dir/MiniOzoneClusterImpl-a33d77e5-464b-4d19-8e6b-a171e580bf0e/datanode-4/data/ratis/2bbcdbf6-b262-40cb-807a-cc18d9b0fa0b does not exist. Creating ...
2019-09-20 09:27:15,770 [pool-71-thread-1] INFO  storage.RaftStorageDirectory (RaftStorageDirectory.java:tryLock(328)) - Lock on /workdir/hadoop-ozone/integration-test/target/test-dir/MiniOzoneClusterImpl-a33d77e5-464b-4d19-8e6b-a171e580bf0e/datanode-4/data/ratis/2bbcdbf6-b262-40cb-807a-cc18d9b0fa0b/in_use.lock acquired by nodename 7145@pr-hdds-1569-p5fx8-1226042367
2019-09-20 09:27:15,795 [pool-71-thread-1] INFO  storage.RaftStorage (RaftStorage.java:format(72)) - Storage directory /workdir/hadoop-ozone/integration-test/target/test-dir/MiniOzoneClusterImpl-a33d77e5-464b-4d19-8e6b-a171e580bf0e/datanode-4/data/ratis/2bbcdbf6-b262-40cb-807a-cc18d9b0fa0b has been successfully formatted.
2019-09-20 09:27:15,795 [pool-71-thread-1] INFO  ratis.ContainerStateMachine (ContainerStateMachine.java:loadSnapshot(226)) - group-CC18D9B0FA0B: The snapshot info is null. Setting the last applied indexto:(t:0, i:~)
2019-09-20 09:27:15,796 [pool-71-thread-1] INFO  server.RaftServerConfigKeys (ConfUtils.java:logGet(43)) - raft.server.leader.election.timeout = 10s (custom)
2019-09-20 09:27:15,796 [pool-71-thread-1] INFO  server.RaftServerConfigKeys (ConfUtils.java:logGet(43)) - raft.server.log.use.memory = false (default)
2019-09-20 09:27:15,796 [pool-71-thread-1] INFO  server.RaftServerConfigKeys (ConfUtils.java:logGet(43)) - raft.server.log.purge.gap = 1000000 (custom)
2019-09-20 09:27:15,796 [pool-71-thread-1] INFO  server.RaftServerConfigKeys (ConfUtils.java:logGet(43)) - raft.server.log.appender.buffer.byte-limit = 33554432 (custom)
2019-09-20 09:27:15,796 [pool-71-thread-1] INFO  server.RaftServerConfigKeys (ConfUtils.java:logGet(43)) - raft.server.log.segment.size.max = 1048576 (custom)
2019-09-20 09:27:15,796 [pool-71-thread-1] INFO  server.RaftServerConfigKeys (ConfUtils.java:logGet(43)) - raft.server.log.segment.cache.num.max = 2 (custom)
2019-09-20 09:27:15,797 [pool-71-thread-1] INFO  segmented.SegmentedRaftLogWorker (SegmentedRaftLogWorker.java:<init>(172)) - new 871e6485-c22a-483f-9e07-d19e754685be-SegmentedRaftLogWorker:Storage Directory /workdir/hadoop-ozone/integration-test/target/test-dir/MiniOzoneClusterImpl-a33d77e5-464b-4d19-8e6b-a171e580bf0e/datanode-4/data/ratis/2bbcdbf6-b262-40cb-807a-cc18d9b0fa0b for RaftStorage:Storage Directory /workdir/hadoop-ozone/integration-test/target/test-dir/MiniOzoneClusterImpl-a33d77e5-464b-4d19-8e6b-a171e580bf0e/datanode-4/data/ratis/2bbcdbf6-b262-40cb-807a-cc18d9b0fa0b
2019-09-20 09:27:15,797 [pool-71-thread-1] INFO  server.RaftServerConfigKeys (ConfUtils.java:logGet(43)) - raft.server.log.queue.byte-limit = 2147483647 (custom)
2019-09-20 09:27:15,797 [pool-71-thread-1] INFO  server.RaftServerConfigKeys (ConfUtils.java:logGet(43)) - raft.server.log.queue.element-limit = 1024 (custom)
2019-09-20 09:27:15,797 [pool-71-thread-1] INFO  server.RaftServerConfigKeys (ConfUtils.java:logGet(43)) - raft.server.log.segment.size.max = 1048576 (custom)
2019-09-20 09:27:15,797 [pool-71-thread-1] INFO  server.RaftServerConfigKeys (ConfUtils.java:logGet(43)) - raft.server.log.preallocated.size = 16384 (custom)
2019-09-20 09:27:15,797 [pool-71-thread-1] INFO  server.RaftServerConfigKeys (ConfUtils.java:logGet(43)) - raft.server.log.write.buffer.size = 33554432 (custom)
2019-09-20 09:27:15,797 [pool-71-thread-1] INFO  server.RaftServerConfigKeys (ConfUtils.java:logGet(43)) - raft.server.log.force.sync.num = 128 (default)
2019-09-20 09:27:15,798 [pool-71-thread-1] INFO  server.RaftServerConfigKeys (ConfUtils.java:logGet(43)) - raft.server.log.statemachine.data.sync = true (default)
2019-09-20 09:27:15,798 [pool-71-thread-1] INFO  server.RaftServerConfigKeys (ConfUtils.java:logGet(43)) - raft.server.log.statemachine.data.sync.timeout = 10s (default)
2019-09-20 09:27:15,798 [pool-71-thread-1] INFO  server.RaftServerConfigKeys (ConfUtils.java:logGet(43)) - raft.server.log.statemachine.data.sync.timeout.retry = -1 (default)
2019-09-20 09:27:15,798 [pool-71-thread-1] INFO  server.RaftServerConfigKeys (ConfUtils.java:logGet(43)) - raft.server.log.statemachine.data.caching.enabled = true (custom)
2019-09-20 09:27:15,798 [pool-71-thread-1] INFO  segmented.SegmentedRaftLogWorker (SegmentedRaftLogWorker.java:lambda$new$0(132)) - 871e6485-c22a-483f-9e07-d19e754685be-SegmentedRaftLogWorker:Storage Directory /workdir/hadoop-ozone/integration-test/target/test-dir/MiniOzoneClusterImpl-a33d77e5-464b-4d19-8e6b-a171e580bf0e/datanode-4/data/ratis/2bbcdbf6-b262-40cb-807a-cc18d9b0fa0b: flushIndex: setUnconditionally 0 -> -1
2019-09-20 09:27:15,799 [pool-71-thread-1] INFO  server.RaftServerConfigKeys (ConfUtils.java:logGet(43)) - raft.server.snapshot.auto.trigger.enabled = true (custom)
2019-09-20 09:27:15,799 [pool-71-thread-1] INFO  server.RaftServerConfigKeys (ConfUtils.java:logGet(43)) - raft.server.snapshot.auto.trigger.threshold = 10000 (custom)
2019-09-20 09:27:15,799 [pool-71-thread-1] INFO  server.RaftServerConfigKeys (ConfUtils.java:logGet(43)) - raft.server.retrycache.expirytime = 600000ms (custom)
2019-09-20 09:27:15,799 [pool-71-thread-1] INFO  impl.RaftServerImpl (RaftServerImpl.java:start(180)) - 871e6485-c22a-483f-9e07-d19e754685be: start group-CC18D9B0FA0B
2019-09-20 09:27:15,799 [pool-71-thread-1] INFO  impl.RaftServerImpl (RaftServerImpl.java:setRole(171)) - 871e6485-c22a-483f-9e07-d19e754685be:group-CC18D9B0FA0B changes role from null to FOLLOWER at term 0 for startAsFollower
2019-09-20 09:27:15,800 [pool-71-thread-1] INFO  impl.RoleInfo (RoleInfo.java:updateAndGet(143)) - 871e6485-c22a-483f-9e07-d19e754685be: start FollowerState
2019-09-20 09:27:15,800 [pool-71-thread-1] INFO  util.JmxRegister (JmxRegister.java:tryRegister(44)) - Successfully registered JMX Bean with object name Ratis:service=RaftServer,group=group-CC18D9B0FA0B,id=871e6485-c22a-483f-9e07-d19e754685be
2019-09-20 09:27:15,803 [RatisPipelineUtilsThread] INFO  pipeline.PipelineStateManager (PipelineStateManager.java:addPipeline(56)) - Created pipeline Pipeline[ Id: 2bbcdbf6-b262-40cb-807a-cc18d9b0fa0b, Nodes: 871e6485-c22a-483f-9e07-d19e754685be{ip: 192.168.36.99, host: pr-hdds-1569-p5fx8-1226042367, networkLocation: /default-rack, certSerialId: null}, Type:RATIS, Factor:ONE, State:OPEN]
2019-09-20 09:27:15,808 [grpc-default-executor-2] INFO  impl.RaftServerProxy (RaftServerProxy.java:addNew(89)) - fd3cd5f9-4f1c-43ea-91b1-b85a1f6c3825: addNew group-6744324157FB:[fd3cd5f9-4f1c-43ea-91b1-b85a1f6c3825:192.168.36.99:39114] returns group-6744324157FB:java.util.concurrent.CompletableFuture@47e1c04a[Not completed]
2019-09-20 09:27:15,810 [pool-38-thread-1] INFO  impl.RaftServerImpl (RaftServerImpl.java:<init>(93)) - fd3cd5f9-4f1c-43ea-91b1-b85a1f6c3825: new RaftServerImpl for group-6744324157FB:[fd3cd5f9-4f1c-43ea-91b1-b85a1f6c3825:192.168.36.99:39114] with ContainerStateMachine:uninitialized
2019-09-20 09:27:15,810 [pool-38-thread-1] INFO  server.RaftServerConfigKeys (ConfUtils.java:logGet(43)) - raft.server.rpc.timeout.min = 5s (custom)
2019-09-20 09:27:15,811 [pool-38-thread-1] INFO  server.RaftServerConfigKeys (ConfUtils.java:logGet(43)) - raft.server.rpc.timeout.max = 5200ms (custom)
2019-09-20 09:27:15,811 [pool-38-thread-1] INFO  server.RaftServerConfigKeys (ConfUtils.java:logGet(43)) - raft.server.rpcslowness.timeout = 10s (custom)
2019-09-20 09:27:15,811 [pool-38-thread-1] INFO  server.RaftServerConfigKeys (ConfUtils.java:logGet(43)) - raft.server.sleep.deviation.threshold = 300 (default)
2019-09-20 09:27:15,811 [pool-38-thread-1] INFO  server.RaftServerConfigKeys (ConfUtils.java:logGet(43)) - raft.server.log.appender.install.snapshot.enabled = false (custom)
2019-09-20 09:27:15,811 [pool-38-thread-1] INFO  impl.RaftServerImpl (ServerState.java:<init>(105)) - fd3cd5f9-4f1c-43ea-91b1-b85a1f6c3825:group-6744324157FB ConfigurationManager, init=-1: [fd3cd5f9-4f1c-43ea-91b1-b85a1f6c3825:192.168.36.99:39114], old=null, confs=<EMPTY_MAP>
2019-09-20 09:27:15,811 [pool-38-thread-1] INFO  server.RaftServerConfigKeys (ConfUtils.java:logGet(43)) - raft.server.storage.dir = [/workdir/hadoop-ozone/integration-test/target/test-dir/MiniOzoneClusterImpl-a33d77e5-464b-4d19-8e6b-a171e580bf0e/datanode-1/data/ratis] (custom)
2019-09-20 09:27:15,812 [pool-38-thread-1] INFO  storage.RaftStorageDirectory (RaftStorageDirectory.java:analyzeStorage(246)) - The storage directory /workdir/hadoop-ozone/integration-test/target/test-dir/MiniOzoneClusterImpl-a33d77e5-464b-4d19-8e6b-a171e580bf0e/datanode-1/data/ratis/1bb5d7e1-a8ef-4e55-b88c-6744324157fb does not exist. Creating ...
2019-09-20 09:27:15,825 | INFO  | SCMAudit | user=jenkins1000 | ip=192.168.36.99 | op=SEND_HEARTBEAT {datanodeUUID=4840c00f-91d3-4881-a20b-4d0486ca97c0, command=[]} | ret=SUCCESS |  
2019-09-20 09:27:15,825 | INFO  | SCMAudit | user=jenkins1000 | ip=192.168.36.99 | op=SEND_HEARTBEAT {datanodeUUID=02b93e76-e4c6-4b67-b8a4-c536d9ab7224, command=[]} | ret=SUCCESS |  
2019-09-20 09:27:15,825 | INFO  | SCMAudit | user=jenkins1000 | ip=192.168.36.99 | op=SEND_HEARTBEAT {datanodeUUID=871e6485-c22a-483f-9e07-d19e754685be, command=[]} | ret=SUCCESS |  
2019-09-20 09:27:15,826 | INFO  | SCMAudit | user=jenkins1000 | ip=192.168.36.99 | op=SEND_HEARTBEAT {datanodeUUID=492ed782-6ab3-4ad9-945e-06def6ac7c96, command=[]} | ret=SUCCESS |  
2019-09-20 09:27:15,837 [pool-38-thread-1] INFO  storage.RaftStorageDirectory (RaftStorageDirectory.java:tryLock(328)) - Lock on /workdir/hadoop-ozone/integration-test/target/test-dir/MiniOzoneClusterImpl-a33d77e5-464b-4d19-8e6b-a171e580bf0e/datanode-1/data/ratis/1bb5d7e1-a8ef-4e55-b88c-6744324157fb/in_use.lock acquired by nodename 7145@pr-hdds-1569-p5fx8-1226042367
2019-09-20 09:27:15,887 [pool-38-thread-1] INFO  storage.RaftStorage (RaftStorage.java:format(72)) - Storage directory /workdir/hadoop-ozone/integration-test/target/test-dir/MiniOzoneClusterImpl-a33d77e5-464b-4d19-8e6b-a171e580bf0e/datanode-1/data/ratis/1bb5d7e1-a8ef-4e55-b88c-6744324157fb has been successfully formatted.
2019-09-20 09:27:15,888 [pool-38-thread-1] INFO  ratis.ContainerStateMachine (ContainerStateMachine.java:loadSnapshot(226)) - group-6744324157FB: The snapshot info is null. Setting the last applied indexto:(t:0, i:~)
2019-09-20 09:27:15,888 [pool-38-thread-1] INFO  server.RaftServerConfigKeys (ConfUtils.java:logGet(43)) - raft.server.leader.election.timeout = 10s (custom)
2019-09-20 09:27:15,888 [pool-38-thread-1] INFO  server.RaftServerConfigKeys (ConfUtils.java:logGet(43)) - raft.server.log.use.memory = false (default)
2019-09-20 09:27:15,888 [pool-38-thread-1] INFO  server.RaftServerConfigKeys (ConfUtils.java:logGet(43)) - raft.server.log.purge.gap = 1000000 (custom)
2019-09-20 09:27:15,888 [pool-38-thread-1] INFO  server.RaftServerConfigKeys (ConfUtils.java:logGet(43)) - raft.server.log.appender.buffer.byte-limit = 33554432 (custom)
2019-09-20 09:27:15,889 [pool-38-thread-1] INFO  server.RaftServerConfigKeys (ConfUtils.java:logGet(43)) - raft.server.log.segment.size.max = 1048576 (custom)
2019-09-20 09:27:15,889 [pool-38-thread-1] INFO  server.RaftServerConfigKeys (ConfUtils.java:logGet(43)) - raft.server.log.segment.cache.num.max = 2 (custom)
2019-09-20 09:27:15,889 [pool-38-thread-1] INFO  segmented.SegmentedRaftLogWorker (SegmentedRaftLogWorker.java:<init>(172)) - new fd3cd5f9-4f1c-43ea-91b1-b85a1f6c3825-SegmentedRaftLogWorker:Storage Directory /workdir/hadoop-ozone/integration-test/target/test-dir/MiniOzoneClusterImpl-a33d77e5-464b-4d19-8e6b-a171e580bf0e/datanode-1/data/ratis/1bb5d7e1-a8ef-4e55-b88c-6744324157fb for RaftStorage:Storage Directory /workdir/hadoop-ozone/integration-test/target/test-dir/MiniOzoneClusterImpl-a33d77e5-464b-4d19-8e6b-a171e580bf0e/datanode-1/data/ratis/1bb5d7e1-a8ef-4e55-b88c-6744324157fb
2019-09-20 09:27:15,889 [pool-38-thread-1] INFO  server.RaftServerConfigKeys (ConfUtils.java:logGet(43)) - raft.server.log.queue.byte-limit = 2147483647 (custom)
2019-09-20 09:27:15,889 [pool-38-thread-1] INFO  server.RaftServerConfigKeys (ConfUtils.java:logGet(43)) - raft.server.log.queue.element-limit = 1024 (custom)
2019-09-20 09:27:15,889 [pool-38-thread-1] INFO  server.RaftServerConfigKeys (ConfUtils.java:logGet(43)) - raft.server.log.segment.size.max = 1048576 (custom)
2019-09-20 09:27:15,889 [pool-38-thread-1] INFO  server.RaftServerConfigKeys (ConfUtils.java:logGet(43)) - raft.server.log.preallocated.size = 16384 (custom)
2019-09-20 09:27:15,890 [pool-38-thread-1] INFO  server.RaftServerConfigKeys (ConfUtils.java:logGet(43)) - raft.server.log.write.buffer.size = 33554432 (custom)
2019-09-20 09:27:15,890 [pool-38-thread-1] INFO  server.RaftServerConfigKeys (ConfUtils.java:logGet(43)) - raft.server.log.force.sync.num = 128 (default)
2019-09-20 09:27:15,890 [pool-38-thread-1] INFO  server.RaftServerConfigKeys (ConfUtils.java:logGet(43)) - raft.server.log.statemachine.data.sync = true (default)
2019-09-20 09:27:15,890 [pool-38-thread-1] INFO  server.RaftServerConfigKeys (ConfUtils.java:logGet(43)) - raft.server.log.statemachine.data.sync.timeout = 10s (default)
2019-09-20 09:27:15,890 [pool-38-thread-1] INFO  server.RaftServerConfigKeys (ConfUtils.java:logGet(43)) - raft.server.log.statemachine.data.sync.timeout.retry = -1 (default)
2019-09-20 09:27:15,890 [pool-38-thread-1] INFO  server.RaftServerConfigKeys (ConfUtils.java:logGet(43)) - raft.server.log.statemachine.data.caching.enabled = true (custom)
2019-09-20 09:27:15,891 [pool-38-thread-1] INFO  segmented.SegmentedRaftLogWorker (SegmentedRaftLogWorker.java:lambda$new$0(132)) - fd3cd5f9-4f1c-43ea-91b1-b85a1f6c3825-SegmentedRaftLogWorker:Storage Directory /workdir/hadoop-ozone/integration-test/target/test-dir/MiniOzoneClusterImpl-a33d77e5-464b-4d19-8e6b-a171e580bf0e/datanode-1/data/ratis/1bb5d7e1-a8ef-4e55-b88c-6744324157fb: flushIndex: setUnconditionally 0 -> -1
2019-09-20 09:27:15,891 [pool-38-thread-1] INFO  server.RaftServerConfigKeys (ConfUtils.java:logGet(43)) - raft.server.snapshot.auto.trigger.enabled = true (custom)
2019-09-20 09:27:15,891 [pool-38-thread-1] INFO  server.RaftServerConfigKeys (ConfUtils.java:logGet(43)) - raft.server.snapshot.auto.trigger.threshold = 10000 (custom)
2019-09-20 09:27:15,891 [pool-38-thread-1] INFO  server.RaftServerConfigKeys (ConfUtils.java:logGet(43)) - raft.server.retrycache.expirytime = 600000ms (custom)
2019-09-20 09:27:15,891 [pool-38-thread-1] INFO  impl.RaftServerImpl (RaftServerImpl.java:start(180)) - fd3cd5f9-4f1c-43ea-91b1-b85a1f6c3825: start group-6744324157FB
2019-09-20 09:27:15,891 [pool-38-thread-1] INFO  impl.RaftServerImpl (RaftServerImpl.java:setRole(171)) - fd3cd5f9-4f1c-43ea-91b1-b85a1f6c3825:group-6744324157FB changes role from null to FOLLOWER at term 0 for startAsFollower
2019-09-20 09:27:15,892 [pool-38-thread-1] INFO  impl.RoleInfo (RoleInfo.java:updateAndGet(143)) - fd3cd5f9-4f1c-43ea-91b1-b85a1f6c3825: start FollowerState
2019-09-20 09:27:15,892 [pool-38-thread-1] INFO  util.JmxRegister (JmxRegister.java:tryRegister(44)) - Successfully registered JMX Bean with object name Ratis:service=RaftServer,group=group-6744324157FB,id=fd3cd5f9-4f1c-43ea-91b1-b85a1f6c3825
2019-09-20 09:27:15,895 [RatisPipelineUtilsThread] INFO  pipeline.PipelineStateManager (PipelineStateManager.java:addPipeline(56)) - Created pipeline Pipeline[ Id: 1bb5d7e1-a8ef-4e55-b88c-6744324157fb, Nodes: fd3cd5f9-4f1c-43ea-91b1-b85a1f6c3825{ip: 192.168.36.99, host: pr-hdds-1569-p5fx8-1226042367, networkLocation: /default-rack, certSerialId: null}, Type:RATIS, Factor:ONE, State:OPEN]
2019-09-20 09:27:15,901 [grpc-default-executor-2] INFO  impl.RaftServerProxy (RaftServerProxy.java:addNew(89)) - fd3cd5f9-4f1c-43ea-91b1-b85a1f6c3825: addNew group-90579A7A1E42:[fd3cd5f9-4f1c-43ea-91b1-b85a1f6c3825:192.168.36.99:39114] returns group-90579A7A1E42:java.util.concurrent.CompletableFuture@7418ccc4[Not completed]
2019-09-20 09:27:15,902 [pool-38-thread-1] INFO  impl.RaftServerImpl (RaftServerImpl.java:<init>(93)) - fd3cd5f9-4f1c-43ea-91b1-b85a1f6c3825: new RaftServerImpl for group-90579A7A1E42:[fd3cd5f9-4f1c-43ea-91b1-b85a1f6c3825:192.168.36.99:39114] with ContainerStateMachine:uninitialized
2019-09-20 09:27:15,902 [pool-38-thread-1] INFO  server.RaftServerConfigKeys (ConfUtils.java:logGet(43)) - raft.server.rpc.timeout.min = 5s (custom)
2019-09-20 09:27:15,902 [pool-38-thread-1] INFO  server.RaftServerConfigKeys (ConfUtils.java:logGet(43)) - raft.server.rpc.timeout.max = 5200ms (custom)
2019-09-20 09:27:15,902 [pool-38-thread-1] INFO  server.RaftServerConfigKeys (ConfUtils.java:logGet(43)) - raft.server.rpcslowness.timeout = 10s (custom)
2019-09-20 09:27:15,902 [pool-38-thread-1] INFO  server.RaftServerConfigKeys (ConfUtils.java:logGet(43)) - raft.server.sleep.deviation.threshold = 300 (default)
2019-09-20 09:27:15,902 [pool-38-thread-1] INFO  server.RaftServerConfigKeys (ConfUtils.java:logGet(43)) - raft.server.log.appender.install.snapshot.enabled = false (custom)
2019-09-20 09:27:15,902 [pool-38-thread-1] INFO  impl.RaftServerImpl (ServerState.java:<init>(105)) - fd3cd5f9-4f1c-43ea-91b1-b85a1f6c3825:group-90579A7A1E42 ConfigurationManager, init=-1: [fd3cd5f9-4f1c-43ea-91b1-b85a1f6c3825:192.168.36.99:39114], old=null, confs=<EMPTY_MAP>
2019-09-20 09:27:15,903 [pool-38-thread-1] INFO  server.RaftServerConfigKeys (ConfUtils.java:logGet(43)) - raft.server.storage.dir = [/workdir/hadoop-ozone/integration-test/target/test-dir/MiniOzoneClusterImpl-a33d77e5-464b-4d19-8e6b-a171e580bf0e/datanode-1/data/ratis] (custom)
2019-09-20 09:27:15,903 [pool-38-thread-1] INFO  storage.RaftStorageDirectory (RaftStorageDirectory.java:analyzeStorage(246)) - The storage directory /workdir/hadoop-ozone/integration-test/target/test-dir/MiniOzoneClusterImpl-a33d77e5-464b-4d19-8e6b-a171e580bf0e/datanode-1/data/ratis/bbc96115-e053-47dc-9663-90579a7a1e42 does not exist. Creating ...
2019-09-20 09:27:15,938 [pool-38-thread-1] INFO  storage.RaftStorageDirectory (RaftStorageDirectory.java:tryLock(328)) - Lock on /workdir/hadoop-ozone/integration-test/target/test-dir/MiniOzoneClusterImpl-a33d77e5-464b-4d19-8e6b-a171e580bf0e/datanode-1/data/ratis/bbc96115-e053-47dc-9663-90579a7a1e42/in_use.lock acquired by nodename 7145@pr-hdds-1569-p5fx8-1226042367
2019-09-20 09:27:15,963 [pool-38-thread-1] INFO  storage.RaftStorage (RaftStorage.java:format(72)) - Storage directory /workdir/hadoop-ozone/integration-test/target/test-dir/MiniOzoneClusterImpl-a33d77e5-464b-4d19-8e6b-a171e580bf0e/datanode-1/data/ratis/bbc96115-e053-47dc-9663-90579a7a1e42 has been successfully formatted.
2019-09-20 09:27:15,964 [pool-38-thread-1] INFO  ratis.ContainerStateMachine (ContainerStateMachine.java:loadSnapshot(226)) - group-90579A7A1E42: The snapshot info is null. Setting the last applied indexto:(t:0, i:~)
2019-09-20 09:27:15,964 [pool-38-thread-1] INFO  server.RaftServerConfigKeys (ConfUtils.java:logGet(43)) - raft.server.leader.election.timeout = 10s (custom)
2019-09-20 09:27:15,964 [pool-38-thread-1] INFO  server.RaftServerConfigKeys (ConfUtils.java:logGet(43)) - raft.server.log.use.memory = false (default)
2019-09-20 09:27:15,964 [pool-38-thread-1] INFO  server.RaftServerConfigKeys (ConfUtils.java:logGet(43)) - raft.server.log.purge.gap = 1000000 (custom)
2019-09-20 09:27:15,964 [pool-38-thread-1] INFO  server.RaftServerConfigKeys (ConfUtils.java:logGet(43)) - raft.server.log.appender.buffer.byte-limit = 33554432 (custom)
2019-09-20 09:27:15,965 [pool-38-thread-1] INFO  server.RaftServerConfigKeys (ConfUtils.java:logGet(43)) - raft.server.log.segment.size.max = 1048576 (custom)
2019-09-20 09:27:15,965 [pool-38-thread-1] INFO  server.RaftServerConfigKeys (ConfUtils.java:logGet(43)) - raft.server.log.segment.cache.num.max = 2 (custom)
2019-09-20 09:27:15,965 [pool-38-thread-1] INFO  segmented.SegmentedRaftLogWorker (SegmentedRaftLogWorker.java:<init>(172)) - new fd3cd5f9-4f1c-43ea-91b1-b85a1f6c3825-SegmentedRaftLogWorker:Storage Directory /workdir/hadoop-ozone/integration-test/target/test-dir/MiniOzoneClusterImpl-a33d77e5-464b-4d19-8e6b-a171e580bf0e/datanode-1/data/ratis/bbc96115-e053-47dc-9663-90579a7a1e42 for RaftStorage:Storage Directory /workdir/hadoop-ozone/integration-test/target/test-dir/MiniOzoneClusterImpl-a33d77e5-464b-4d19-8e6b-a171e580bf0e/datanode-1/data/ratis/bbc96115-e053-47dc-9663-90579a7a1e42
2019-09-20 09:27:15,965 [pool-38-thread-1] INFO  server.RaftServerConfigKeys (ConfUtils.java:logGet(43)) - raft.server.log.queue.byte-limit = 2147483647 (custom)
2019-09-20 09:27:15,965 [pool-38-thread-1] INFO  server.RaftServerConfigKeys (ConfUtils.java:logGet(43)) - raft.server.log.queue.element-limit = 1024 (custom)
2019-09-20 09:27:15,965 [pool-38-thread-1] INFO  server.RaftServerConfigKeys (ConfUtils.java:logGet(43)) - raft.server.log.segment.size.max = 1048576 (custom)
2019-09-20 09:27:15,965 [pool-38-thread-1] INFO  server.RaftServerConfigKeys (ConfUtils.java:logGet(43)) - raft.server.log.preallocated.size = 16384 (custom)
2019-09-20 09:27:15,966 [pool-38-thread-1] INFO  server.RaftServerConfigKeys (ConfUtils.java:logGet(43)) - raft.server.log.write.buffer.size = 33554432 (custom)
2019-09-20 09:27:15,966 [pool-38-thread-1] INFO  server.RaftServerConfigKeys (ConfUtils.java:logGet(43)) - raft.server.log.force.sync.num = 128 (default)
2019-09-20 09:27:15,966 [pool-38-thread-1] INFO  server.RaftServerConfigKeys (ConfUtils.java:logGet(43)) - raft.server.log.statemachine.data.sync = true (default)
2019-09-20 09:27:15,966 [pool-38-thread-1] INFO  server.RaftServerConfigKeys (ConfUtils.java:logGet(43)) - raft.server.log.statemachine.data.sync.timeout = 10s (default)
2019-09-20 09:27:15,966 [pool-38-thread-1] INFO  server.RaftServerConfigKeys (ConfUtils.java:logGet(43)) - raft.server.log.statemachine.data.sync.timeout.retry = -1 (default)
2019-09-20 09:27:15,966 [pool-38-thread-1] INFO  server.RaftServerConfigKeys (ConfUtils.java:logGet(43)) - raft.server.log.statemachine.data.caching.enabled = true (custom)
2019-09-20 09:27:15,967 [pool-38-thread-1] INFO  segmented.SegmentedRaftLogWorker (SegmentedRaftLogWorker.java:lambda$new$0(132)) - fd3cd5f9-4f1c-43ea-91b1-b85a1f6c3825-SegmentedRaftLogWorker:Storage Directory /workdir/hadoop-ozone/integration-test/target/test-dir/MiniOzoneClusterImpl-a33d77e5-464b-4d19-8e6b-a171e580bf0e/datanode-1/data/ratis/bbc96115-e053-47dc-9663-90579a7a1e42: flushIndex: setUnconditionally 0 -> -1
2019-09-20 09:27:15,967 [pool-38-thread-1] INFO  server.RaftServerConfigKeys (ConfUtils.java:logGet(43)) - raft.server.snapshot.auto.trigger.enabled = true (custom)
2019-09-20 09:27:15,967 [pool-38-thread-1] INFO  server.RaftServerConfigKeys (ConfUtils.java:logGet(43)) - raft.server.snapshot.auto.trigger.threshold = 10000 (custom)
2019-09-20 09:27:15,967 [pool-38-thread-1] INFO  server.RaftServerConfigKeys (ConfUtils.java:logGet(43)) - raft.server.retrycache.expirytime = 600000ms (custom)
2019-09-20 09:27:15,968 [pool-38-thread-1] INFO  impl.RaftServerImpl (RaftServerImpl.java:start(180)) - fd3cd5f9-4f1c-43ea-91b1-b85a1f6c3825: start group-90579A7A1E42
2019-09-20 09:27:15,968 [pool-38-thread-1] INFO  impl.RaftServerImpl (RaftServerImpl.java:setRole(171)) - fd3cd5f9-4f1c-43ea-91b1-b85a1f6c3825:group-90579A7A1E42 changes role from null to FOLLOWER at term 0 for startAsFollower
2019-09-20 09:27:15,968 [pool-38-thread-1] INFO  impl.RoleInfo (RoleInfo.java:updateAndGet(143)) - fd3cd5f9-4f1c-43ea-91b1-b85a1f6c3825: start FollowerState
2019-09-20 09:27:15,968 [pool-38-thread-1] INFO  util.JmxRegister (JmxRegister.java:tryRegister(44)) - Successfully registered JMX Bean with object name Ratis:service=RaftServer,group=group-90579A7A1E42,id=fd3cd5f9-4f1c-43ea-91b1-b85a1f6c3825
2019-09-20 09:27:15,972 [RatisPipelineUtilsThread] INFO  pipeline.PipelineStateManager (PipelineStateManager.java:addPipeline(56)) - Created pipeline Pipeline[ Id: bbc96115-e053-47dc-9663-90579a7a1e42, Nodes: fd3cd5f9-4f1c-43ea-91b1-b85a1f6c3825{ip: 192.168.36.99, host: pr-hdds-1569-p5fx8-1226042367, networkLocation: /default-rack, certSerialId: null}, Type:RATIS, Factor:ONE, State:OPEN]
2019-09-20 09:27:15,978 [grpc-default-executor-2] INFO  impl.RaftServerProxy (RaftServerProxy.java:addNew(89)) - 492ed782-6ab3-4ad9-945e-06def6ac7c96: addNew group-8A11821451D5:[492ed782-6ab3-4ad9-945e-06def6ac7c96:192.168.36.99:32835] returns group-8A11821451D5:java.util.concurrent.CompletableFuture@723f894[Not completed]
2019-09-20 09:27:15,980 [pool-49-thread-1] INFO  impl.RaftServerImpl (RaftServerImpl.java:<init>(93)) - 492ed782-6ab3-4ad9-945e-06def6ac7c96: new RaftServerImpl for group-8A11821451D5:[492ed782-6ab3-4ad9-945e-06def6ac7c96:192.168.36.99:32835] with ContainerStateMachine:uninitialized
2019-09-20 09:27:15,980 [pool-49-thread-1] INFO  server.RaftServerConfigKeys (ConfUtils.java:logGet(43)) - raft.server.rpc.timeout.min = 5s (custom)
2019-09-20 09:27:15,980 [pool-49-thread-1] INFO  server.RaftServerConfigKeys (ConfUtils.java:logGet(43)) - raft.server.rpc.timeout.max = 5200ms (custom)
2019-09-20 09:27:15,980 [pool-49-thread-1] INFO  server.RaftServerConfigKeys (ConfUtils.java:logGet(43)) - raft.server.rpcslowness.timeout = 10s (custom)
2019-09-20 09:27:15,981 [pool-49-thread-1] INFO  server.RaftServerConfigKeys (ConfUtils.java:logGet(43)) - raft.server.sleep.deviation.threshold = 300 (default)
2019-09-20 09:27:15,981 [pool-49-thread-1] INFO  server.RaftServerConfigKeys (ConfUtils.java:logGet(43)) - raft.server.log.appender.install.snapshot.enabled = false (custom)
2019-09-20 09:27:15,981 [pool-49-thread-1] INFO  impl.RaftServerImpl (ServerState.java:<init>(105)) - 492ed782-6ab3-4ad9-945e-06def6ac7c96:group-8A11821451D5 ConfigurationManager, init=-1: [492ed782-6ab3-4ad9-945e-06def6ac7c96:192.168.36.99:32835], old=null, confs=<EMPTY_MAP>
2019-09-20 09:27:15,981 [pool-49-thread-1] INFO  server.RaftServerConfigKeys (ConfUtils.java:logGet(43)) - raft.server.storage.dir = [/workdir/hadoop-ozone/integration-test/target/test-dir/MiniOzoneClusterImpl-a33d77e5-464b-4d19-8e6b-a171e580bf0e/datanode-2/data/ratis] (custom)
2019-09-20 09:27:15,982 [pool-49-thread-1] INFO  storage.RaftStorageDirectory (RaftStorageDirectory.java:analyzeStorage(246)) - The storage directory /workdir/hadoop-ozone/integration-test/target/test-dir/MiniOzoneClusterImpl-a33d77e5-464b-4d19-8e6b-a171e580bf0e/datanode-2/data/ratis/1cd975fb-5e54-4efb-8123-8a11821451d5 does not exist. Creating ...
2019-09-20 09:27:16,005 [pool-49-thread-1] INFO  storage.RaftStorageDirectory (RaftStorageDirectory.java:tryLock(328)) - Lock on /workdir/hadoop-ozone/integration-test/target/test-dir/MiniOzoneClusterImpl-a33d77e5-464b-4d19-8e6b-a171e580bf0e/datanode-2/data/ratis/1cd975fb-5e54-4efb-8123-8a11821451d5/in_use.lock acquired by nodename 7145@pr-hdds-1569-p5fx8-1226042367
2019-09-20 09:27:16,031 [pool-49-thread-1] INFO  storage.RaftStorage (RaftStorage.java:format(72)) - Storage directory /workdir/hadoop-ozone/integration-test/target/test-dir/MiniOzoneClusterImpl-a33d77e5-464b-4d19-8e6b-a171e580bf0e/datanode-2/data/ratis/1cd975fb-5e54-4efb-8123-8a11821451d5 has been successfully formatted.
2019-09-20 09:27:16,031 [pool-49-thread-1] INFO  ratis.ContainerStateMachine (ContainerStateMachine.java:loadSnapshot(226)) - group-8A11821451D5: The snapshot info is null. Setting the last applied indexto:(t:0, i:~)
2019-09-20 09:27:16,031 [pool-49-thread-1] INFO  server.RaftServerConfigKeys (ConfUtils.java:logGet(43)) - raft.server.leader.election.timeout = 10s (custom)
2019-09-20 09:27:16,031 [pool-49-thread-1] INFO  server.RaftServerConfigKeys (ConfUtils.java:logGet(43)) - raft.server.log.use.memory = false (default)
2019-09-20 09:27:16,031 [pool-49-thread-1] INFO  server.RaftServerConfigKeys (ConfUtils.java:logGet(43)) - raft.server.log.purge.gap = 1000000 (custom)
2019-09-20 09:27:16,032 [pool-49-thread-1] INFO  server.RaftServerConfigKeys (ConfUtils.java:logGet(43)) - raft.server.log.appender.buffer.byte-limit = 33554432 (custom)
2019-09-20 09:27:16,032 [pool-49-thread-1] INFO  server.RaftServerConfigKeys (ConfUtils.java:logGet(43)) - raft.server.log.segment.size.max = 1048576 (custom)
2019-09-20 09:27:16,032 [pool-49-thread-1] INFO  server.RaftServerConfigKeys (ConfUtils.java:logGet(43)) - raft.server.log.segment.cache.num.max = 2 (custom)
2019-09-20 09:27:16,032 [pool-49-thread-1] INFO  segmented.SegmentedRaftLogWorker (SegmentedRaftLogWorker.java:<init>(172)) - new 492ed782-6ab3-4ad9-945e-06def6ac7c96-SegmentedRaftLogWorker:Storage Directory /workdir/hadoop-ozone/integration-test/target/test-dir/MiniOzoneClusterImpl-a33d77e5-464b-4d19-8e6b-a171e580bf0e/datanode-2/data/ratis/1cd975fb-5e54-4efb-8123-8a11821451d5 for RaftStorage:Storage Directory /workdir/hadoop-ozone/integration-test/target/test-dir/MiniOzoneClusterImpl-a33d77e5-464b-4d19-8e6b-a171e580bf0e/datanode-2/data/ratis/1cd975fb-5e54-4efb-8123-8a11821451d5
2019-09-20 09:27:16,032 [pool-49-thread-1] INFO  server.RaftServerConfigKeys (ConfUtils.java:logGet(43)) - raft.server.log.queue.byte-limit = 2147483647 (custom)
2019-09-20 09:27:16,032 [pool-49-thread-1] INFO  server.RaftServerConfigKeys (ConfUtils.java:logGet(43)) - raft.server.log.queue.element-limit = 1024 (custom)
2019-09-20 09:27:16,032 [pool-49-thread-1] INFO  server.RaftServerConfigKeys (ConfUtils.java:logGet(43)) - raft.server.log.segment.size.max = 1048576 (custom)
2019-09-20 09:27:16,032 [pool-49-thread-1] INFO  server.RaftServerConfigKeys (ConfUtils.java:logGet(43)) - raft.server.log.preallocated.size = 16384 (custom)
2019-09-20 09:27:16,032 [pool-49-thread-1] INFO  server.RaftServerConfigKeys (ConfUtils.java:logGet(43)) - raft.server.log.write.buffer.size = 33554432 (custom)
2019-09-20 09:27:16,032 [pool-49-thread-1] INFO  server.RaftServerConfigKeys (ConfUtils.java:logGet(43)) - raft.server.log.force.sync.num = 128 (default)
2019-09-20 09:27:16,033 [pool-49-thread-1] INFO  server.RaftServerConfigKeys (ConfUtils.java:logGet(43)) - raft.server.log.statemachine.data.sync = true (default)
2019-09-20 09:27:16,033 [pool-49-thread-1] INFO  server.RaftServerConfigKeys (ConfUtils.java:logGet(43)) - raft.server.log.statemachine.data.sync.timeout = 10s (default)
2019-09-20 09:27:16,033 [pool-49-thread-1] INFO  server.RaftServerConfigKeys (ConfUtils.java:logGet(43)) - raft.server.log.statemachine.data.sync.timeout.retry = -1 (default)
2019-09-20 09:27:16,033 [pool-49-thread-1] INFO  server.RaftServerConfigKeys (ConfUtils.java:logGet(43)) - raft.server.log.statemachine.data.caching.enabled = true (custom)
2019-09-20 09:27:16,033 [pool-49-thread-1] INFO  segmented.SegmentedRaftLogWorker (SegmentedRaftLogWorker.java:lambda$new$0(132)) - 492ed782-6ab3-4ad9-945e-06def6ac7c96-SegmentedRaftLogWorker:Storage Directory /workdir/hadoop-ozone/integration-test/target/test-dir/MiniOzoneClusterImpl-a33d77e5-464b-4d19-8e6b-a171e580bf0e/datanode-2/data/ratis/1cd975fb-5e54-4efb-8123-8a11821451d5: flushIndex: setUnconditionally 0 -> -1
2019-09-20 09:27:16,033 [pool-49-thread-1] INFO  server.RaftServerConfigKeys (ConfUtils.java:logGet(43)) - raft.server.snapshot.auto.trigger.enabled = true (custom)
2019-09-20 09:27:16,034 [pool-49-thread-1] INFO  server.RaftServerConfigKeys (ConfUtils.java:logGet(43)) - raft.server.snapshot.auto.trigger.threshold = 10000 (custom)
2019-09-20 09:27:16,034 [pool-49-thread-1] INFO  server.RaftServerConfigKeys (ConfUtils.java:logGet(43)) - raft.server.retrycache.expirytime = 600000ms (custom)
2019-09-20 09:27:16,034 [pool-49-thread-1] INFO  impl.RaftServerImpl (RaftServerImpl.java:start(180)) - 492ed782-6ab3-4ad9-945e-06def6ac7c96: start group-8A11821451D5
2019-09-20 09:27:16,034 [pool-49-thread-1] INFO  impl.RaftServerImpl (RaftServerImpl.java:setRole(171)) - 492ed782-6ab3-4ad9-945e-06def6ac7c96:group-8A11821451D5 changes role from null to FOLLOWER at term 0 for startAsFollower
2019-09-20 09:27:16,034 [pool-49-thread-1] INFO  impl.RoleInfo (RoleInfo.java:updateAndGet(143)) - 492ed782-6ab3-4ad9-945e-06def6ac7c96: start FollowerState
2019-09-20 09:27:16,034 [pool-49-thread-1] INFO  util.JmxRegister (JmxRegister.java:tryRegister(44)) - Successfully registered JMX Bean with object name Ratis:service=RaftServer,group=group-8A11821451D5,id=492ed782-6ab3-4ad9-945e-06def6ac7c96
2019-09-20 09:27:16,037 [RatisPipelineUtilsThread] INFO  pipeline.PipelineStateManager (PipelineStateManager.java:addPipeline(56)) - Created pipeline Pipeline[ Id: 1cd975fb-5e54-4efb-8123-8a11821451d5, Nodes: 492ed782-6ab3-4ad9-945e-06def6ac7c96{ip: 192.168.36.99, host: pr-hdds-1569-p5fx8-1226042367, networkLocation: /default-rack, certSerialId: null}, Type:RATIS, Factor:ONE, State:OPEN]
2019-09-20 09:27:16,038 | INFO  | SCMAudit | user=jenkins1000 | ip=192.168.36.99 | op=SEND_HEARTBEAT {datanodeUUID=dc7f40a9-6782-42c4-abab-c6b1682da047, command=[]} | ret=SUCCESS |  
2019-09-20 09:27:16,038 | INFO  | SCMAudit | user=jenkins1000 | ip=192.168.36.99 | op=SEND_HEARTBEAT {datanodeUUID=fd3cd5f9-4f1c-43ea-91b1-b85a1f6c3825, command=[]} | ret=SUCCESS |  
2019-09-20 09:27:16,042 [grpc-default-executor-2] INFO  impl.RaftServerProxy (RaftServerProxy.java:addNew(89)) - 871e6485-c22a-483f-9e07-d19e754685be: addNew group-1CEED274464E:[871e6485-c22a-483f-9e07-d19e754685be:192.168.36.99:41076] returns group-1CEED274464E:java.util.concurrent.CompletableFuture@5e4c5e6d[Not completed]
2019-09-20 09:27:16,043 [pool-71-thread-1] INFO  impl.RaftServerImpl (RaftServerImpl.java:<init>(93)) - 871e6485-c22a-483f-9e07-d19e754685be: new RaftServerImpl for group-1CEED274464E:[871e6485-c22a-483f-9e07-d19e754685be:192.168.36.99:41076] with ContainerStateMachine:uninitialized
2019-09-20 09:27:16,043 [pool-71-thread-1] INFO  server.RaftServerConfigKeys (ConfUtils.java:logGet(43)) - raft.server.rpc.timeout.min = 5s (custom)
2019-09-20 09:27:16,043 [pool-71-thread-1] INFO  server.RaftServerConfigKeys (ConfUtils.java:logGet(43)) - raft.server.rpc.timeout.max = 5200ms (custom)
2019-09-20 09:27:16,043 [pool-71-thread-1] INFO  server.RaftServerConfigKeys (ConfUtils.java:logGet(43)) - raft.server.rpcslowness.timeout = 10s (custom)
2019-09-20 09:27:16,043 [pool-71-thread-1] INFO  server.RaftServerConfigKeys (ConfUtils.java:logGet(43)) - raft.server.sleep.deviation.threshold = 300 (default)
2019-09-20 09:27:16,043 [pool-71-thread-1] INFO  server.RaftServerConfigKeys (ConfUtils.java:logGet(43)) - raft.server.log.appender.install.snapshot.enabled = false (custom)
2019-09-20 09:27:16,043 [pool-71-thread-1] INFO  impl.RaftServerImpl (ServerState.java:<init>(105)) - 871e6485-c22a-483f-9e07-d19e754685be:group-1CEED274464E ConfigurationManager, init=-1: [871e6485-c22a-483f-9e07-d19e754685be:192.168.36.99:41076], old=null, confs=<EMPTY_MAP>
2019-09-20 09:27:16,044 [pool-71-thread-1] INFO  server.RaftServerConfigKeys (ConfUtils.java:logGet(43)) - raft.server.storage.dir = [/workdir/hadoop-ozone/integration-test/target/test-dir/MiniOzoneClusterImpl-a33d77e5-464b-4d19-8e6b-a171e580bf0e/datanode-4/data/ratis] (custom)
2019-09-20 09:27:16,044 [pool-71-thread-1] INFO  storage.RaftStorageDirectory (RaftStorageDirectory.java:analyzeStorage(246)) - The storage directory /workdir/hadoop-ozone/integration-test/target/test-dir/MiniOzoneClusterImpl-a33d77e5-464b-4d19-8e6b-a171e580bf0e/datanode-4/data/ratis/17619cbc-8a06-418c-aec1-1ceed274464e does not exist. Creating ...
2019-09-20 09:27:16,074 [pool-71-thread-1] INFO  storage.RaftStorageDirectory (RaftStorageDirectory.java:tryLock(328)) - Lock on /workdir/hadoop-ozone/integration-test/target/test-dir/MiniOzoneClusterImpl-a33d77e5-464b-4d19-8e6b-a171e580bf0e/datanode-4/data/ratis/17619cbc-8a06-418c-aec1-1ceed274464e/in_use.lock acquired by nodename 7145@pr-hdds-1569-p5fx8-1226042367
2019-09-20 09:27:16,132 [pool-71-thread-1] INFO  storage.RaftStorage (RaftStorage.java:format(72)) - Storage directory /workdir/hadoop-ozone/integration-test/target/test-dir/MiniOzoneClusterImpl-a33d77e5-464b-4d19-8e6b-a171e580bf0e/datanode-4/data/ratis/17619cbc-8a06-418c-aec1-1ceed274464e has been successfully formatted.
2019-09-20 09:27:16,133 [pool-71-thread-1] INFO  ratis.ContainerStateMachine (ContainerStateMachine.java:loadSnapshot(226)) - group-1CEED274464E: The snapshot info is null. Setting the last applied indexto:(t:0, i:~)
2019-09-20 09:27:16,133 [pool-71-thread-1] INFO  server.RaftServerConfigKeys (ConfUtils.java:logGet(43)) - raft.server.leader.election.timeout = 10s (custom)
2019-09-20 09:27:16,133 [pool-71-thread-1] INFO  server.RaftServerConfigKeys (ConfUtils.java:logGet(43)) - raft.server.log.use.memory = false (default)
2019-09-20 09:27:16,133 [pool-71-thread-1] INFO  server.RaftServerConfigKeys (ConfUtils.java:logGet(43)) - raft.server.log.purge.gap = 1000000 (custom)
2019-09-20 09:27:16,134 [pool-71-thread-1] INFO  server.RaftServerConfigKeys (ConfUtils.java:logGet(43)) - raft.server.log.appender.buffer.byte-limit = 33554432 (custom)
2019-09-20 09:27:16,134 [pool-71-thread-1] INFO  server.RaftServerConfigKeys (ConfUtils.java:logGet(43)) - raft.server.log.segment.size.max = 1048576 (custom)
2019-09-20 09:27:16,134 [pool-71-thread-1] INFO  server.RaftServerConfigKeys (ConfUtils.java:logGet(43)) - raft.server.log.segment.cache.num.max = 2 (custom)
2019-09-20 09:27:16,134 [pool-71-thread-1] INFO  segmented.SegmentedRaftLogWorker (SegmentedRaftLogWorker.java:<init>(172)) - new 871e6485-c22a-483f-9e07-d19e754685be-SegmentedRaftLogWorker:Storage Directory /workdir/hadoop-ozone/integration-test/target/test-dir/MiniOzoneClusterImpl-a33d77e5-464b-4d19-8e6b-a171e580bf0e/datanode-4/data/ratis/17619cbc-8a06-418c-aec1-1ceed274464e for RaftStorage:Storage Directory /workdir/hadoop-ozone/integration-test/target/test-dir/MiniOzoneClusterImpl-a33d77e5-464b-4d19-8e6b-a171e580bf0e/datanode-4/data/ratis/17619cbc-8a06-418c-aec1-1ceed274464e
2019-09-20 09:27:16,134 [pool-71-thread-1] INFO  server.RaftServerConfigKeys (ConfUtils.java:logGet(43)) - raft.server.log.queue.byte-limit = 2147483647 (custom)
2019-09-20 09:27:16,135 [pool-71-thread-1] INFO  server.RaftServerConfigKeys (ConfUtils.java:logGet(43)) - raft.server.log.queue.element-limit = 1024 (custom)
2019-09-20 09:27:16,135 [pool-71-thread-1] INFO  server.RaftServerConfigKeys (ConfUtils.java:logGet(43)) - raft.server.log.segment.size.max = 1048576 (custom)
2019-09-20 09:27:16,135 [pool-71-thread-1] INFO  server.RaftServerConfigKeys (ConfUtils.java:logGet(43)) - raft.server.log.preallocated.size = 16384 (custom)
2019-09-20 09:27:16,135 [pool-71-thread-1] INFO  server.RaftServerConfigKeys (ConfUtils.java:logGet(43)) - raft.server.log.write.buffer.size = 33554432 (custom)
2019-09-20 09:27:16,135 [pool-71-thread-1] INFO  server.RaftServerConfigKeys (ConfUtils.java:logGet(43)) - raft.server.log.force.sync.num = 128 (default)
2019-09-20 09:27:16,135 [pool-71-thread-1] INFO  server.RaftServerConfigKeys (ConfUtils.java:logGet(43)) - raft.server.log.statemachine.data.sync = true (default)
2019-09-20 09:27:16,136 [pool-71-thread-1] INFO  server.RaftServerConfigKeys (ConfUtils.java:logGet(43)) - raft.server.log.statemachine.data.sync.timeout = 10s (default)
2019-09-20 09:27:16,136 [pool-71-thread-1] INFO  server.RaftServerConfigKeys (ConfUtils.java:logGet(43)) - raft.server.log.statemachine.data.sync.timeout.retry = -1 (default)
2019-09-20 09:27:16,136 [pool-71-thread-1] INFO  server.RaftServerConfigKeys (ConfUtils.java:logGet(43)) - raft.server.log.statemachine.data.caching.enabled = true (custom)
2019-09-20 09:27:16,136 [pool-71-thread-1] INFO  segmented.SegmentedRaftLogWorker (SegmentedRaftLogWorker.java:lambda$new$0(132)) - 871e6485-c22a-483f-9e07-d19e754685be-SegmentedRaftLogWorker:Storage Directory /workdir/hadoop-ozone/integration-test/target/test-dir/MiniOzoneClusterImpl-a33d77e5-464b-4d19-8e6b-a171e580bf0e/datanode-4/data/ratis/17619cbc-8a06-418c-aec1-1ceed274464e: flushIndex: setUnconditionally 0 -> -1
2019-09-20 09:27:16,137 [pool-71-thread-1] INFO  server.RaftServerConfigKeys (ConfUtils.java:logGet(43)) - raft.server.snapshot.auto.trigger.enabled = true (custom)
2019-09-20 09:27:16,137 [pool-71-thread-1] INFO  server.RaftServerConfigKeys (ConfUtils.java:logGet(43)) - raft.server.snapshot.auto.trigger.threshold = 10000 (custom)
2019-09-20 09:27:16,137 [pool-71-thread-1] INFO  server.RaftServerConfigKeys (ConfUtils.java:logGet(43)) - raft.server.retrycache.expirytime = 600000ms (custom)
2019-09-20 09:27:16,137 [pool-71-thread-1] INFO  impl.RaftServerImpl (RaftServerImpl.java:start(180)) - 871e6485-c22a-483f-9e07-d19e754685be: start group-1CEED274464E
2019-09-20 09:27:16,138 [pool-71-thread-1] INFO  impl.RaftServerImpl (RaftServerImpl.java:setRole(171)) - 871e6485-c22a-483f-9e07-d19e754685be:group-1CEED274464E changes role from null to FOLLOWER at term 0 for startAsFollower
2019-09-20 09:27:16,138 [pool-71-thread-1] INFO  impl.RoleInfo (RoleInfo.java:updateAndGet(143)) - 871e6485-c22a-483f-9e07-d19e754685be: start FollowerState
2019-09-20 09:27:16,138 [pool-71-thread-1] INFO  util.JmxRegister (JmxRegister.java:tryRegister(44)) - Successfully registered JMX Bean with object name Ratis:service=RaftServer,group=group-1CEED274464E,id=871e6485-c22a-483f-9e07-d19e754685be
2019-09-20 09:27:16,141 [RatisPipelineUtilsThread] INFO  pipeline.PipelineStateManager (PipelineStateManager.java:addPipeline(56)) - Created pipeline Pipeline[ Id: 17619cbc-8a06-418c-aec1-1ceed274464e, Nodes: 871e6485-c22a-483f-9e07-d19e754685be{ip: 192.168.36.99, host: pr-hdds-1569-p5fx8-1226042367, networkLocation: /default-rack, certSerialId: null}, Type:RATIS, Factor:ONE, State:OPEN]
2019-09-20 09:27:16,147 [grpc-default-executor-2] INFO  impl.RaftServerProxy (RaftServerProxy.java:addNew(89)) - 02b93e76-e4c6-4b67-b8a4-c536d9ab7224: addNew group-6330BC62D772:[02b93e76-e4c6-4b67-b8a4-c536d9ab7224:192.168.36.99:39343] returns group-6330BC62D772:java.util.concurrent.CompletableFuture@44ac8687[Not completed]
2019-09-20 09:27:16,148 [pool-27-thread-1] INFO  impl.RaftServerImpl (RaftServerImpl.java:<init>(93)) - 02b93e76-e4c6-4b67-b8a4-c536d9ab7224: new RaftServerImpl for group-6330BC62D772:[02b93e76-e4c6-4b67-b8a4-c536d9ab7224:192.168.36.99:39343] with ContainerStateMachine:uninitialized
2019-09-20 09:27:16,149 [pool-27-thread-1] INFO  server.RaftServerConfigKeys (ConfUtils.java:logGet(43)) - raft.server.rpc.timeout.min = 5s (custom)
2019-09-20 09:27:16,149 [pool-27-thread-1] INFO  server.RaftServerConfigKeys (ConfUtils.java:logGet(43)) - raft.server.rpc.timeout.max = 5200ms (custom)
2019-09-20 09:27:16,149 [pool-27-thread-1] INFO  server.RaftServerConfigKeys (ConfUtils.java:logGet(43)) - raft.server.rpcslowness.timeout = 10s (custom)
2019-09-20 09:27:16,149 [pool-27-thread-1] INFO  server.RaftServerConfigKeys (ConfUtils.java:logGet(43)) - raft.server.sleep.deviation.threshold = 300 (default)
2019-09-20 09:27:16,149 [pool-27-thread-1] INFO  server.RaftServerConfigKeys (ConfUtils.java:logGet(43)) - raft.server.log.appender.install.snapshot.enabled = false (custom)
2019-09-20 09:27:16,149 [pool-27-thread-1] INFO  impl.RaftServerImpl (ServerState.java:<init>(105)) - 02b93e76-e4c6-4b67-b8a4-c536d9ab7224:group-6330BC62D772 ConfigurationManager, init=-1: [02b93e76-e4c6-4b67-b8a4-c536d9ab7224:192.168.36.99:39343], old=null, confs=<EMPTY_MAP>
2019-09-20 09:27:16,149 [pool-27-thread-1] INFO  server.RaftServerConfigKeys (ConfUtils.java:logGet(43)) - raft.server.storage.dir = [/workdir/hadoop-ozone/integration-test/target/test-dir/MiniOzoneClusterImpl-a33d77e5-464b-4d19-8e6b-a171e580bf0e/datanode-0/data/ratis] (custom)
2019-09-20 09:27:16,150 [pool-27-thread-1] INFO  storage.RaftStorageDirectory (RaftStorageDirectory.java:analyzeStorage(246)) - The storage directory /workdir/hadoop-ozone/integration-test/target/test-dir/MiniOzoneClusterImpl-a33d77e5-464b-4d19-8e6b-a171e580bf0e/datanode-0/data/ratis/e917479e-0d4f-440a-99e6-6330bc62d772 does not exist. Creating ...
2019-09-20 09:27:16,174 [pool-27-thread-1] INFO  storage.RaftStorageDirectory (RaftStorageDirectory.java:tryLock(328)) - Lock on /workdir/hadoop-ozone/integration-test/target/test-dir/MiniOzoneClusterImpl-a33d77e5-464b-4d19-8e6b-a171e580bf0e/datanode-0/data/ratis/e917479e-0d4f-440a-99e6-6330bc62d772/in_use.lock acquired by nodename 7145@pr-hdds-1569-p5fx8-1226042367
2019-09-20 09:27:16,200 [pool-27-thread-1] INFO  storage.RaftStorage (RaftStorage.java:format(72)) - Storage directory /workdir/hadoop-ozone/integration-test/target/test-dir/MiniOzoneClusterImpl-a33d77e5-464b-4d19-8e6b-a171e580bf0e/datanode-0/data/ratis/e917479e-0d4f-440a-99e6-6330bc62d772 has been successfully formatted.
2019-09-20 09:27:16,200 [pool-27-thread-1] INFO  ratis.ContainerStateMachine (ContainerStateMachine.java:loadSnapshot(226)) - group-6330BC62D772: The snapshot info is null. Setting the last applied indexto:(t:0, i:~)
2019-09-20 09:27:16,200 [pool-27-thread-1] INFO  server.RaftServerConfigKeys (ConfUtils.java:logGet(43)) - raft.server.leader.election.timeout = 10s (custom)
2019-09-20 09:27:16,200 [pool-27-thread-1] INFO  server.RaftServerConfigKeys (ConfUtils.java:logGet(43)) - raft.server.log.use.memory = false (default)
2019-09-20 09:27:16,201 [pool-27-thread-1] INFO  server.RaftServerConfigKeys (ConfUtils.java:logGet(43)) - raft.server.log.purge.gap = 1000000 (custom)
2019-09-20 09:27:16,201 [pool-27-thread-1] INFO  server.RaftServerConfigKeys (ConfUtils.java:logGet(43)) - raft.server.log.appender.buffer.byte-limit = 33554432 (custom)
2019-09-20 09:27:16,201 [pool-27-thread-1] INFO  server.RaftServerConfigKeys (ConfUtils.java:logGet(43)) - raft.server.log.segment.size.max = 1048576 (custom)
2019-09-20 09:27:16,201 [pool-27-thread-1] INFO  server.RaftServerConfigKeys (ConfUtils.java:logGet(43)) - raft.server.log.segment.cache.num.max = 2 (custom)
2019-09-20 09:27:16,201 [pool-27-thread-1] INFO  segmented.SegmentedRaftLogWorker (SegmentedRaftLogWorker.java:<init>(172)) - new 02b93e76-e4c6-4b67-b8a4-c536d9ab7224-SegmentedRaftLogWorker:Storage Directory /workdir/hadoop-ozone/integration-test/target/test-dir/MiniOzoneClusterImpl-a33d77e5-464b-4d19-8e6b-a171e580bf0e/datanode-0/data/ratis/e917479e-0d4f-440a-99e6-6330bc62d772 for RaftStorage:Storage Directory /workdir/hadoop-ozone/integration-test/target/test-dir/MiniOzoneClusterImpl-a33d77e5-464b-4d19-8e6b-a171e580bf0e/datanode-0/data/ratis/e917479e-0d4f-440a-99e6-6330bc62d772
2019-09-20 09:27:16,201 [pool-27-thread-1] INFO  server.RaftServerConfigKeys (ConfUtils.java:logGet(43)) - raft.server.log.queue.byte-limit = 2147483647 (custom)
2019-09-20 09:27:16,202 [pool-27-thread-1] INFO  server.RaftServerConfigKeys (ConfUtils.java:logGet(43)) - raft.server.log.queue.element-limit = 1024 (custom)
2019-09-20 09:27:16,202 [pool-27-thread-1] INFO  server.RaftServerConfigKeys (ConfUtils.java:logGet(43)) - raft.server.log.segment.size.max = 1048576 (custom)
2019-09-20 09:27:16,202 [pool-27-thread-1] INFO  server.RaftServerConfigKeys (ConfUtils.java:logGet(43)) - raft.server.log.preallocated.size = 16384 (custom)
2019-09-20 09:27:16,202 [pool-27-thread-1] INFO  server.RaftServerConfigKeys (ConfUtils.java:logGet(43)) - raft.server.log.write.buffer.size = 33554432 (custom)
2019-09-20 09:27:16,202 [pool-27-thread-1] INFO  server.RaftServerConfigKeys (ConfUtils.java:logGet(43)) - raft.server.log.force.sync.num = 128 (default)
2019-09-20 09:27:16,202 [pool-27-thread-1] INFO  server.RaftServerConfigKeys (ConfUtils.java:logGet(43)) - raft.server.log.statemachine.data.sync = true (default)
2019-09-20 09:27:16,202 [pool-27-thread-1] INFO  server.RaftServerConfigKeys (ConfUtils.java:logGet(43)) - raft.server.log.statemachine.data.sync.timeout = 10s (default)
2019-09-20 09:27:16,202 [pool-27-thread-1] INFO  server.RaftServerConfigKeys (ConfUtils.java:logGet(43)) - raft.server.log.statemachine.data.sync.timeout.retry = -1 (default)
2019-09-20 09:27:16,203 [pool-27-thread-1] INFO  server.RaftServerConfigKeys (ConfUtils.java:logGet(43)) - raft.server.log.statemachine.data.caching.enabled = true (custom)
2019-09-20 09:27:16,203 [pool-27-thread-1] INFO  segmented.SegmentedRaftLogWorker (SegmentedRaftLogWorker.java:lambda$new$0(132)) - 02b93e76-e4c6-4b67-b8a4-c536d9ab7224-SegmentedRaftLogWorker:Storage Directory /workdir/hadoop-ozone/integration-test/target/test-dir/MiniOzoneClusterImpl-a33d77e5-464b-4d19-8e6b-a171e580bf0e/datanode-0/data/ratis/e917479e-0d4f-440a-99e6-6330bc62d772: flushIndex: setUnconditionally 0 -> -1
2019-09-20 09:27:16,203 [pool-27-thread-1] INFO  server.RaftServerConfigKeys (ConfUtils.java:logGet(43)) - raft.server.snapshot.auto.trigger.enabled = true (custom)
2019-09-20 09:27:16,204 [pool-27-thread-1] INFO  server.RaftServerConfigKeys (ConfUtils.java:logGet(43)) - raft.server.snapshot.auto.trigger.threshold = 10000 (custom)
2019-09-20 09:27:16,204 [pool-27-thread-1] INFO  server.RaftServerConfigKeys (ConfUtils.java:logGet(43)) - raft.server.retrycache.expirytime = 600000ms (custom)
2019-09-20 09:27:16,204 [pool-27-thread-1] INFO  impl.RaftServerImpl (RaftServerImpl.java:start(180)) - 02b93e76-e4c6-4b67-b8a4-c536d9ab7224: start group-6330BC62D772
2019-09-20 09:27:16,204 [pool-27-thread-1] INFO  impl.RaftServerImpl (RaftServerImpl.java:setRole(171)) - 02b93e76-e4c6-4b67-b8a4-c536d9ab7224:group-6330BC62D772 changes role from null to FOLLOWER at term 0 for startAsFollower
2019-09-20 09:27:16,204 [pool-27-thread-1] INFO  impl.RoleInfo (RoleInfo.java:updateAndGet(143)) - 02b93e76-e4c6-4b67-b8a4-c536d9ab7224: start FollowerState
2019-09-20 09:27:16,205 [pool-27-thread-1] INFO  util.JmxRegister (JmxRegister.java:tryRegister(44)) - Successfully registered JMX Bean with object name Ratis:service=RaftServer,group=group-6330BC62D772,id=02b93e76-e4c6-4b67-b8a4-c536d9ab7224
2019-09-20 09:27:16,207 [RatisPipelineUtilsThread] INFO  pipeline.PipelineStateManager (PipelineStateManager.java:addPipeline(56)) - Created pipeline Pipeline[ Id: e917479e-0d4f-440a-99e6-6330bc62d772, Nodes: 02b93e76-e4c6-4b67-b8a4-c536d9ab7224{ip: 192.168.36.99, host: pr-hdds-1569-p5fx8-1226042367, networkLocation: /default-rack, certSerialId: null}, Type:RATIS, Factor:ONE, State:OPEN]
2019-09-20 09:27:16,213 [grpc-default-executor-2] INFO  impl.RaftServerProxy (RaftServerProxy.java:addNew(89)) - 871e6485-c22a-483f-9e07-d19e754685be: addNew group-BCFC671DD016:[871e6485-c22a-483f-9e07-d19e754685be:192.168.36.99:41076] returns group-BCFC671DD016:java.util.concurrent.CompletableFuture@12cb652c[Not completed]
2019-09-20 09:27:16,214 [pool-71-thread-1] INFO  impl.RaftServerImpl (RaftServerImpl.java:<init>(93)) - 871e6485-c22a-483f-9e07-d19e754685be: new RaftServerImpl for group-BCFC671DD016:[871e6485-c22a-483f-9e07-d19e754685be:192.168.36.99:41076] with ContainerStateMachine:uninitialized
2019-09-20 09:27:16,215 [pool-71-thread-1] INFO  server.RaftServerConfigKeys (ConfUtils.java:logGet(43)) - raft.server.rpc.timeout.min = 5s (custom)
2019-09-20 09:27:16,215 [pool-71-thread-1] INFO  server.RaftServerConfigKeys (ConfUtils.java:logGet(43)) - raft.server.rpc.timeout.max = 5200ms (custom)
2019-09-20 09:27:16,215 [pool-71-thread-1] INFO  server.RaftServerConfigKeys (ConfUtils.java:logGet(43)) - raft.server.rpcslowness.timeout = 10s (custom)
2019-09-20 09:27:16,215 [pool-71-thread-1] INFO  server.RaftServerConfigKeys (ConfUtils.java:logGet(43)) - raft.server.sleep.deviation.threshold = 300 (default)
2019-09-20 09:27:16,215 [pool-71-thread-1] INFO  server.RaftServerConfigKeys (ConfUtils.java:logGet(43)) - raft.server.log.appender.install.snapshot.enabled = false (custom)
2019-09-20 09:27:16,215 [pool-71-thread-1] INFO  impl.RaftServerImpl (ServerState.java:<init>(105)) - 871e6485-c22a-483f-9e07-d19e754685be:group-BCFC671DD016 ConfigurationManager, init=-1: [871e6485-c22a-483f-9e07-d19e754685be:192.168.36.99:41076], old=null, confs=<EMPTY_MAP>
2019-09-20 09:27:16,215 [pool-71-thread-1] INFO  server.RaftServerConfigKeys (ConfUtils.java:logGet(43)) - raft.server.storage.dir = [/workdir/hadoop-ozone/integration-test/target/test-dir/MiniOzoneClusterImpl-a33d77e5-464b-4d19-8e6b-a171e580bf0e/datanode-4/data/ratis] (custom)
2019-09-20 09:27:16,216 [pool-71-thread-1] INFO  storage.RaftStorageDirectory (RaftStorageDirectory.java:analyzeStorage(246)) - The storage directory /workdir/hadoop-ozone/integration-test/target/test-dir/MiniOzoneClusterImpl-a33d77e5-464b-4d19-8e6b-a171e580bf0e/datanode-4/data/ratis/1453f98f-3c75-4b4c-a51d-bcfc671dd016 does not exist. Creating ...
2019-09-20 09:27:16,258 [pool-71-thread-1] INFO  storage.RaftStorageDirectory (RaftStorageDirectory.java:tryLock(328)) - Lock on /workdir/hadoop-ozone/integration-test/target/test-dir/MiniOzoneClusterImpl-a33d77e5-464b-4d19-8e6b-a171e580bf0e/datanode-4/data/ratis/1453f98f-3c75-4b4c-a51d-bcfc671dd016/in_use.lock acquired by nodename 7145@pr-hdds-1569-p5fx8-1226042367
2019-09-20 09:27:16,326 [pool-71-thread-1] INFO  storage.RaftStorage (RaftStorage.java:format(72)) - Storage directory /workdir/hadoop-ozone/integration-test/target/test-dir/MiniOzoneClusterImpl-a33d77e5-464b-4d19-8e6b-a171e580bf0e/datanode-4/data/ratis/1453f98f-3c75-4b4c-a51d-bcfc671dd016 has been successfully formatted.
2019-09-20 09:27:16,326 [pool-71-thread-1] INFO  ratis.ContainerStateMachine (ContainerStateMachine.java:loadSnapshot(226)) - group-BCFC671DD016: The snapshot info is null. Setting the last applied indexto:(t:0, i:~)
2019-09-20 09:27:16,326 [pool-71-thread-1] INFO  server.RaftServerConfigKeys (ConfUtils.java:logGet(43)) - raft.server.leader.election.timeout = 10s (custom)
2019-09-20 09:27:16,326 [pool-71-thread-1] INFO  server.RaftServerConfigKeys (ConfUtils.java:logGet(43)) - raft.server.log.use.memory = false (default)
2019-09-20 09:27:16,327 [pool-71-thread-1] INFO  server.RaftServerConfigKeys (ConfUtils.java:logGet(43)) - raft.server.log.purge.gap = 1000000 (custom)
2019-09-20 09:27:16,327 [pool-71-thread-1] INFO  server.RaftServerConfigKeys (ConfUtils.java:logGet(43)) - raft.server.log.appender.buffer.byte-limit = 33554432 (custom)
2019-09-20 09:27:16,327 [pool-71-thread-1] INFO  server.RaftServerConfigKeys (ConfUtils.java:logGet(43)) - raft.server.log.segment.size.max = 1048576 (custom)
2019-09-20 09:27:16,327 [pool-71-thread-1] INFO  server.RaftServerConfigKeys (ConfUtils.java:logGet(43)) - raft.server.log.segment.cache.num.max = 2 (custom)
2019-09-20 09:27:16,327 [pool-71-thread-1] INFO  segmented.SegmentedRaftLogWorker (SegmentedRaftLogWorker.java:<init>(172)) - new 871e6485-c22a-483f-9e07-d19e754685be-SegmentedRaftLogWorker:Storage Directory /workdir/hadoop-ozone/integration-test/target/test-dir/MiniOzoneClusterImpl-a33d77e5-464b-4d19-8e6b-a171e580bf0e/datanode-4/data/ratis/1453f98f-3c75-4b4c-a51d-bcfc671dd016 for RaftStorage:Storage Directory /workdir/hadoop-ozone/integration-test/target/test-dir/MiniOzoneClusterImpl-a33d77e5-464b-4d19-8e6b-a171e580bf0e/datanode-4/data/ratis/1453f98f-3c75-4b4c-a51d-bcfc671dd016
2019-09-20 09:27:16,327 [pool-71-thread-1] INFO  server.RaftServerConfigKeys (ConfUtils.java:logGet(43)) - raft.server.log.queue.byte-limit = 2147483647 (custom)
2019-09-20 09:27:16,328 [pool-71-thread-1] INFO  server.RaftServerConfigKeys (ConfUtils.java:logGet(43)) - raft.server.log.queue.element-limit = 1024 (custom)
2019-09-20 09:27:16,328 [pool-71-thread-1] INFO  server.RaftServerConfigKeys (ConfUtils.java:logGet(43)) - raft.server.log.segment.size.max = 1048576 (custom)
2019-09-20 09:27:16,328 [pool-71-thread-1] INFO  server.RaftServerConfigKeys (ConfUtils.java:logGet(43)) - raft.server.log.preallocated.size = 16384 (custom)
2019-09-20 09:27:16,328 [pool-71-thread-1] INFO  server.RaftServerConfigKeys (ConfUtils.java:logGet(43)) - raft.server.log.write.buffer.size = 33554432 (custom)
2019-09-20 09:27:16,328 [pool-71-thread-1] INFO  server.RaftServerConfigKeys (ConfUtils.java:logGet(43)) - raft.server.log.force.sync.num = 128 (default)
2019-09-20 09:27:16,328 [pool-71-thread-1] INFO  server.RaftServerConfigKeys (ConfUtils.java:logGet(43)) - raft.server.log.statemachine.data.sync = true (default)
2019-09-20 09:27:16,328 [pool-71-thread-1] INFO  server.RaftServerConfigKeys (ConfUtils.java:logGet(43)) - raft.server.log.statemachine.data.sync.timeout = 10s (default)
2019-09-20 09:27:16,329 [pool-71-thread-1] INFO  server.RaftServerConfigKeys (ConfUtils.java:logGet(43)) - raft.server.log.statemachine.data.sync.timeout.retry = -1 (default)
2019-09-20 09:27:16,329 [pool-71-thread-1] INFO  server.RaftServerConfigKeys (ConfUtils.java:logGet(43)) - raft.server.log.statemachine.data.caching.enabled = true (custom)
2019-09-20 09:27:16,329 [pool-71-thread-1] INFO  segmented.SegmentedRaftLogWorker (SegmentedRaftLogWorker.java:lambda$new$0(132)) - 871e6485-c22a-483f-9e07-d19e754685be-SegmentedRaftLogWorker:Storage Directory /workdir/hadoop-ozone/integration-test/target/test-dir/MiniOzoneClusterImpl-a33d77e5-464b-4d19-8e6b-a171e580bf0e/datanode-4/data/ratis/1453f98f-3c75-4b4c-a51d-bcfc671dd016: flushIndex: setUnconditionally 0 -> -1
2019-09-20 09:27:16,329 [pool-71-thread-1] INFO  server.RaftServerConfigKeys (ConfUtils.java:logGet(43)) - raft.server.snapshot.auto.trigger.enabled = true (custom)
2019-09-20 09:27:16,330 [pool-71-thread-1] INFO  server.RaftServerConfigKeys (ConfUtils.java:logGet(43)) - raft.server.snapshot.auto.trigger.threshold = 10000 (custom)
2019-09-20 09:27:16,330 [pool-71-thread-1] INFO  server.RaftServerConfigKeys (ConfUtils.java:logGet(43)) - raft.server.retrycache.expirytime = 600000ms (custom)
2019-09-20 09:27:16,330 [pool-71-thread-1] INFO  impl.RaftServerImpl (RaftServerImpl.java:start(180)) - 871e6485-c22a-483f-9e07-d19e754685be: start group-BCFC671DD016
2019-09-20 09:27:16,330 [pool-71-thread-1] INFO  impl.RaftServerImpl (RaftServerImpl.java:setRole(171)) - 871e6485-c22a-483f-9e07-d19e754685be:group-BCFC671DD016 changes role from null to FOLLOWER at term 0 for startAsFollower
2019-09-20 09:27:16,330 [pool-71-thread-1] INFO  impl.RoleInfo (RoleInfo.java:updateAndGet(143)) - 871e6485-c22a-483f-9e07-d19e754685be: start FollowerState
2019-09-20 09:27:16,331 [pool-71-thread-1] INFO  util.JmxRegister (JmxRegister.java:tryRegister(44)) - Successfully registered JMX Bean with object name Ratis:service=RaftServer,group=group-BCFC671DD016,id=871e6485-c22a-483f-9e07-d19e754685be
2019-09-20 09:27:16,334 [RatisPipelineUtilsThread] INFO  pipeline.PipelineStateManager (PipelineStateManager.java:addPipeline(56)) - Created pipeline Pipeline[ Id: 1453f98f-3c75-4b4c-a51d-bcfc671dd016, Nodes: 871e6485-c22a-483f-9e07-d19e754685be{ip: 192.168.36.99, host: pr-hdds-1569-p5fx8-1226042367, networkLocation: /default-rack, certSerialId: null}, Type:RATIS, Factor:ONE, State:OPEN]
2019-09-20 09:27:16,339 [grpc-default-executor-2] INFO  impl.RaftServerProxy (RaftServerProxy.java:addNew(89)) - 4840c00f-91d3-4881-a20b-4d0486ca97c0: addNew group-65B0EFE6E2D8:[4840c00f-91d3-4881-a20b-4d0486ca97c0:192.168.36.99:41473] returns group-65B0EFE6E2D8:java.util.concurrent.CompletableFuture@77f3245e[Not completed]
2019-09-20 09:27:16,341 [pool-60-thread-1] INFO  impl.RaftServerImpl (RaftServerImpl.java:<init>(93)) - 4840c00f-91d3-4881-a20b-4d0486ca97c0: new RaftServerImpl for group-65B0EFE6E2D8:[4840c00f-91d3-4881-a20b-4d0486ca97c0:192.168.36.99:41473] with ContainerStateMachine:uninitialized
2019-09-20 09:27:16,341 [pool-60-thread-1] INFO  server.RaftServerConfigKeys (ConfUtils.java:logGet(43)) - raft.server.rpc.timeout.min = 5s (custom)
2019-09-20 09:27:16,341 [pool-60-thread-1] INFO  server.RaftServerConfigKeys (ConfUtils.java:logGet(43)) - raft.server.rpc.timeout.max = 5200ms (custom)
2019-09-20 09:27:16,341 [pool-60-thread-1] INFO  server.RaftServerConfigKeys (ConfUtils.java:logGet(43)) - raft.server.rpcslowness.timeout = 10s (custom)
2019-09-20 09:27:16,341 [pool-60-thread-1] INFO  server.RaftServerConfigKeys (ConfUtils.java:logGet(43)) - raft.server.sleep.deviation.threshold = 300 (default)
2019-09-20 09:27:16,341 [pool-60-thread-1] INFO  server.RaftServerConfigKeys (ConfUtils.java:logGet(43)) - raft.server.log.appender.install.snapshot.enabled = false (custom)
2019-09-20 09:27:16,342 [pool-60-thread-1] INFO  impl.RaftServerImpl (ServerState.java:<init>(105)) - 4840c00f-91d3-4881-a20b-4d0486ca97c0:group-65B0EFE6E2D8 ConfigurationManager, init=-1: [4840c00f-91d3-4881-a20b-4d0486ca97c0:192.168.36.99:41473], old=null, confs=<EMPTY_MAP>
2019-09-20 09:27:16,342 [pool-60-thread-1] INFO  server.RaftServerConfigKeys (ConfUtils.java:logGet(43)) - raft.server.storage.dir = [/workdir/hadoop-ozone/integration-test/target/test-dir/MiniOzoneClusterImpl-a33d77e5-464b-4d19-8e6b-a171e580bf0e/datanode-3/data/ratis] (custom)
2019-09-20 09:27:16,342 [pool-60-thread-1] INFO  storage.RaftStorageDirectory (RaftStorageDirectory.java:analyzeStorage(246)) - The storage directory /workdir/hadoop-ozone/integration-test/target/test-dir/MiniOzoneClusterImpl-a33d77e5-464b-4d19-8e6b-a171e580bf0e/datanode-3/data/ratis/032a66c9-8f89-46f4-9094-65b0efe6e2d8 does not exist. Creating ...
2019-09-20 09:27:16,359 [pool-60-thread-1] INFO  storage.RaftStorageDirectory (RaftStorageDirectory.java:tryLock(328)) - Lock on /workdir/hadoop-ozone/integration-test/target/test-dir/MiniOzoneClusterImpl-a33d77e5-464b-4d19-8e6b-a171e580bf0e/datanode-3/data/ratis/032a66c9-8f89-46f4-9094-65b0efe6e2d8/in_use.lock acquired by nodename 7145@pr-hdds-1569-p5fx8-1226042367
2019-09-20 09:27:16,393 [pool-60-thread-1] INFO  storage.RaftStorage (RaftStorage.java:format(72)) - Storage directory /workdir/hadoop-ozone/integration-test/target/test-dir/MiniOzoneClusterImpl-a33d77e5-464b-4d19-8e6b-a171e580bf0e/datanode-3/data/ratis/032a66c9-8f89-46f4-9094-65b0efe6e2d8 has been successfully formatted.
2019-09-20 09:27:16,393 [pool-60-thread-1] INFO  ratis.ContainerStateMachine (ContainerStateMachine.java:loadSnapshot(226)) - group-65B0EFE6E2D8: The snapshot info is null. Setting the last applied indexto:(t:0, i:~)
2019-09-20 09:27:16,393 [pool-60-thread-1] INFO  server.RaftServerConfigKeys (ConfUtils.java:logGet(43)) - raft.server.leader.election.timeout = 10s (custom)
2019-09-20 09:27:16,394 [pool-60-thread-1] INFO  server.RaftServerConfigKeys (ConfUtils.java:logGet(43)) - raft.server.log.use.memory = false (default)
2019-09-20 09:27:16,394 [pool-60-thread-1] INFO  server.RaftServerConfigKeys (ConfUtils.java:logGet(43)) - raft.server.log.purge.gap = 1000000 (custom)
2019-09-20 09:27:16,394 [pool-60-thread-1] INFO  server.RaftServerConfigKeys (ConfUtils.java:logGet(43)) - raft.server.log.appender.buffer.byte-limit = 33554432 (custom)
2019-09-20 09:27:16,394 [pool-60-thread-1] INFO  server.RaftServerConfigKeys (ConfUtils.java:logGet(43)) - raft.server.log.segment.size.max = 1048576 (custom)
2019-09-20 09:27:16,394 [pool-60-thread-1] INFO  server.RaftServerConfigKeys (ConfUtils.java:logGet(43)) - raft.server.log.segment.cache.num.max = 2 (custom)
2019-09-20 09:27:16,394 [pool-60-thread-1] INFO  segmented.SegmentedRaftLogWorker (SegmentedRaftLogWorker.java:<init>(172)) - new 4840c00f-91d3-4881-a20b-4d0486ca97c0-SegmentedRaftLogWorker:Storage Directory /workdir/hadoop-ozone/integration-test/target/test-dir/MiniOzoneClusterImpl-a33d77e5-464b-4d19-8e6b-a171e580bf0e/datanode-3/data/ratis/032a66c9-8f89-46f4-9094-65b0efe6e2d8 for RaftStorage:Storage Directory /workdir/hadoop-ozone/integration-test/target/test-dir/MiniOzoneClusterImpl-a33d77e5-464b-4d19-8e6b-a171e580bf0e/datanode-3/data/ratis/032a66c9-8f89-46f4-9094-65b0efe6e2d8
2019-09-20 09:27:16,394 [pool-60-thread-1] INFO  server.RaftServerConfigKeys (ConfUtils.java:logGet(43)) - raft.server.log.queue.byte-limit = 2147483647 (custom)
2019-09-20 09:27:16,395 [pool-60-thread-1] INFO  server.RaftServerConfigKeys (ConfUtils.java:logGet(43)) - raft.server.log.queue.element-limit = 1024 (custom)
2019-09-20 09:27:16,395 [pool-60-thread-1] INFO  server.RaftServerConfigKeys (ConfUtils.java:logGet(43)) - raft.server.log.segment.size.max = 1048576 (custom)
2019-09-20 09:27:16,395 [pool-60-thread-1] INFO  server.RaftServerConfigKeys (ConfUtils.java:logGet(43)) - raft.server.log.preallocated.size = 16384 (custom)
2019-09-20 09:27:16,395 [pool-60-thread-1] INFO  server.RaftServerConfigKeys (ConfUtils.java:logGet(43)) - raft.server.log.write.buffer.size = 33554432 (custom)
2019-09-20 09:27:16,395 [pool-60-thread-1] INFO  server.RaftServerConfigKeys (ConfUtils.java:logGet(43)) - raft.server.log.force.sync.num = 128 (default)
2019-09-20 09:27:16,395 [pool-60-thread-1] INFO  server.RaftServerConfigKeys (ConfUtils.java:logGet(43)) - raft.server.log.statemachine.data.sync = true (default)
2019-09-20 09:27:16,395 [pool-60-thread-1] INFO  server.RaftServerConfigKeys (ConfUtils.java:logGet(43)) - raft.server.log.statemachine.data.sync.timeout = 10s (default)
2019-09-20 09:27:16,396 [pool-60-thread-1] INFO  server.RaftServerConfigKeys (ConfUtils.java:logGet(43)) - raft.server.log.statemachine.data.sync.timeout.retry = -1 (default)
2019-09-20 09:27:16,396 [pool-60-thread-1] INFO  server.RaftServerConfigKeys (ConfUtils.java:logGet(43)) - raft.server.log.statemachine.data.caching.enabled = true (custom)
2019-09-20 09:27:16,396 [pool-60-thread-1] INFO  segmented.SegmentedRaftLogWorker (SegmentedRaftLogWorker.java:lambda$new$0(132)) - 4840c00f-91d3-4881-a20b-4d0486ca97c0-SegmentedRaftLogWorker:Storage Directory /workdir/hadoop-ozone/integration-test/target/test-dir/MiniOzoneClusterImpl-a33d77e5-464b-4d19-8e6b-a171e580bf0e/datanode-3/data/ratis/032a66c9-8f89-46f4-9094-65b0efe6e2d8: flushIndex: setUnconditionally 0 -> -1
2019-09-20 09:27:16,396 [pool-60-thread-1] INFO  server.RaftServerConfigKeys (ConfUtils.java:logGet(43)) - raft.server.snapshot.auto.trigger.enabled = true (custom)
2019-09-20 09:27:16,397 [pool-60-thread-1] INFO  server.RaftServerConfigKeys (ConfUtils.java:logGet(43)) - raft.server.snapshot.auto.trigger.threshold = 10000 (custom)
2019-09-20 09:27:16,397 [pool-60-thread-1] INFO  server.RaftServerConfigKeys (ConfUtils.java:logGet(43)) - raft.server.retrycache.expirytime = 600000ms (custom)
2019-09-20 09:27:16,397 [pool-60-thread-1] INFO  impl.RaftServerImpl (RaftServerImpl.java:start(180)) - 4840c00f-91d3-4881-a20b-4d0486ca97c0: start group-65B0EFE6E2D8
2019-09-20 09:27:16,397 [pool-60-thread-1] INFO  impl.RaftServerImpl (RaftServerImpl.java:setRole(171)) - 4840c00f-91d3-4881-a20b-4d0486ca97c0:group-65B0EFE6E2D8 changes role from null to FOLLOWER at term 0 for startAsFollower
2019-09-20 09:27:16,397 [pool-60-thread-1] INFO  impl.RoleInfo (RoleInfo.java:updateAndGet(143)) - 4840c00f-91d3-4881-a20b-4d0486ca97c0: start FollowerState
2019-09-20 09:27:16,398 [pool-60-thread-1] INFO  util.JmxRegister (JmxRegister.java:tryRegister(44)) - Successfully registered JMX Bean with object name Ratis:service=RaftServer,group=group-65B0EFE6E2D8,id=4840c00f-91d3-4881-a20b-4d0486ca97c0
2019-09-20 09:27:16,400 [RatisPipelineUtilsThread] INFO  pipeline.PipelineStateManager (PipelineStateManager.java:addPipeline(56)) - Created pipeline Pipeline[ Id: 032a66c9-8f89-46f4-9094-65b0efe6e2d8, Nodes: 4840c00f-91d3-4881-a20b-4d0486ca97c0{ip: 192.168.36.99, host: pr-hdds-1569-p5fx8-1226042367, networkLocation: /default-rack, certSerialId: null}, Type:RATIS, Factor:ONE, State:OPEN]
2019-09-20 09:27:16,406 [grpc-default-executor-2] INFO  impl.RaftServerProxy (RaftServerProxy.java:addNew(89)) - 02b93e76-e4c6-4b67-b8a4-c536d9ab7224: addNew group-F59E7658E695:[02b93e76-e4c6-4b67-b8a4-c536d9ab7224:192.168.36.99:39343] returns group-F59E7658E695:java.util.concurrent.CompletableFuture@5734d2fd[Not completed]
2019-09-20 09:27:16,407 [pool-27-thread-1] INFO  impl.RaftServerImpl (RaftServerImpl.java:<init>(93)) - 02b93e76-e4c6-4b67-b8a4-c536d9ab7224: new RaftServerImpl for group-F59E7658E695:[02b93e76-e4c6-4b67-b8a4-c536d9ab7224:192.168.36.99:39343] with ContainerStateMachine:uninitialized
2019-09-20 09:27:16,407 [pool-27-thread-1] INFO  server.RaftServerConfigKeys (ConfUtils.java:logGet(43)) - raft.server.rpc.timeout.min = 5s (custom)
2019-09-20 09:27:16,407 [pool-27-thread-1] INFO  server.RaftServerConfigKeys (ConfUtils.java:logGet(43)) - raft.server.rpc.timeout.max = 5200ms (custom)
2019-09-20 09:27:16,407 [pool-27-thread-1] INFO  server.RaftServerConfigKeys (ConfUtils.java:logGet(43)) - raft.server.rpcslowness.timeout = 10s (custom)
2019-09-20 09:27:16,408 [pool-27-thread-1] INFO  server.RaftServerConfigKeys (ConfUtils.java:logGet(43)) - raft.server.sleep.deviation.threshold = 300 (default)
2019-09-20 09:27:16,408 [pool-27-thread-1] INFO  server.RaftServerConfigKeys (ConfUtils.java:logGet(43)) - raft.server.log.appender.install.snapshot.enabled = false (custom)
2019-09-20 09:27:16,408 [pool-27-thread-1] INFO  impl.RaftServerImpl (ServerState.java:<init>(105)) - 02b93e76-e4c6-4b67-b8a4-c536d9ab7224:group-F59E7658E695 ConfigurationManager, init=-1: [02b93e76-e4c6-4b67-b8a4-c536d9ab7224:192.168.36.99:39343], old=null, confs=<EMPTY_MAP>
2019-09-20 09:27:16,408 [pool-27-thread-1] INFO  server.RaftServerConfigKeys (ConfUtils.java:logGet(43)) - raft.server.storage.dir = [/workdir/hadoop-ozone/integration-test/target/test-dir/MiniOzoneClusterImpl-a33d77e5-464b-4d19-8e6b-a171e580bf0e/datanode-0/data/ratis] (custom)
2019-09-20 09:27:16,409 [pool-27-thread-1] INFO  storage.RaftStorageDirectory (RaftStorageDirectory.java:analyzeStorage(246)) - The storage directory /workdir/hadoop-ozone/integration-test/target/test-dir/MiniOzoneClusterImpl-a33d77e5-464b-4d19-8e6b-a171e580bf0e/datanode-0/data/ratis/b9f46ff9-6cd6-4c7f-881f-f59e7658e695 does not exist. Creating ...
2019-09-20 09:27:16,435 [pool-27-thread-1] INFO  storage.RaftStorageDirectory (RaftStorageDirectory.java:tryLock(328)) - Lock on /workdir/hadoop-ozone/integration-test/target/test-dir/MiniOzoneClusterImpl-a33d77e5-464b-4d19-8e6b-a171e580bf0e/datanode-0/data/ratis/b9f46ff9-6cd6-4c7f-881f-f59e7658e695/in_use.lock acquired by nodename 7145@pr-hdds-1569-p5fx8-1226042367
2019-09-20 09:27:16,452 [pool-27-thread-1] INFO  storage.RaftStorage (RaftStorage.java:format(72)) - Storage directory /workdir/hadoop-ozone/integration-test/target/test-dir/MiniOzoneClusterImpl-a33d77e5-464b-4d19-8e6b-a171e580bf0e/datanode-0/data/ratis/b9f46ff9-6cd6-4c7f-881f-f59e7658e695 has been successfully formatted.
2019-09-20 09:27:16,452 [pool-27-thread-1] INFO  ratis.ContainerStateMachine (ContainerStateMachine.java:loadSnapshot(226)) - group-F59E7658E695: The snapshot info is null. Setting the last applied indexto:(t:0, i:~)
2019-09-20 09:27:16,453 [pool-27-thread-1] INFO  server.RaftServerConfigKeys (ConfUtils.java:logGet(43)) - raft.server.leader.election.timeout = 10s (custom)
2019-09-20 09:27:16,453 [pool-27-thread-1] INFO  server.RaftServerConfigKeys (ConfUtils.java:logGet(43)) - raft.server.log.use.memory = false (default)
2019-09-20 09:27:16,453 [pool-27-thread-1] INFO  server.RaftServerConfigKeys (ConfUtils.java:logGet(43)) - raft.server.log.purge.gap = 1000000 (custom)
2019-09-20 09:27:16,453 [pool-27-thread-1] INFO  server.RaftServerConfigKeys (ConfUtils.java:logGet(43)) - raft.server.log.appender.buffer.byte-limit = 33554432 (custom)
2019-09-20 09:27:16,453 [pool-27-thread-1] INFO  server.RaftServerConfigKeys (ConfUtils.java:logGet(43)) - raft.server.log.segment.size.max = 1048576 (custom)
2019-09-20 09:27:16,453 [pool-27-thread-1] INFO  server.RaftServerConfigKeys (ConfUtils.java:logGet(43)) - raft.server.log.segment.cache.num.max = 2 (custom)
2019-09-20 09:27:16,453 [pool-27-thread-1] INFO  segmented.SegmentedRaftLogWorker (SegmentedRaftLogWorker.java:<init>(172)) - new 02b93e76-e4c6-4b67-b8a4-c536d9ab7224-SegmentedRaftLogWorker:Storage Directory /workdir/hadoop-ozone/integration-test/target/test-dir/MiniOzoneClusterImpl-a33d77e5-464b-4d19-8e6b-a171e580bf0e/datanode-0/data/ratis/b9f46ff9-6cd6-4c7f-881f-f59e7658e695 for RaftStorage:Storage Directory /workdir/hadoop-ozone/integration-test/target/test-dir/MiniOzoneClusterImpl-a33d77e5-464b-4d19-8e6b-a171e580bf0e/datanode-0/data/ratis/b9f46ff9-6cd6-4c7f-881f-f59e7658e695
2019-09-20 09:27:16,454 [pool-27-thread-1] INFO  server.RaftServerConfigKeys (ConfUtils.java:logGet(43)) - raft.server.log.queue.byte-limit = 2147483647 (custom)
2019-09-20 09:27:16,454 [pool-27-thread-1] INFO  server.RaftServerConfigKeys (ConfUtils.java:logGet(43)) - raft.server.log.queue.element-limit = 1024 (custom)
2019-09-20 09:27:16,454 [pool-27-thread-1] INFO  server.RaftServerConfigKeys (ConfUtils.java:logGet(43)) - raft.server.log.segment.size.max = 1048576 (custom)
2019-09-20 09:27:16,454 [pool-27-thread-1] INFO  server.RaftServerConfigKeys (ConfUtils.java:logGet(43)) - raft.server.log.preallocated.size = 16384 (custom)
2019-09-20 09:27:16,454 [pool-27-thread-1] INFO  server.RaftServerConfigKeys (ConfUtils.java:logGet(43)) - raft.server.log.write.buffer.size = 33554432 (custom)
2019-09-20 09:27:16,454 [pool-27-thread-1] INFO  server.RaftServerConfigKeys (ConfUtils.java:logGet(43)) - raft.server.log.force.sync.num = 128 (default)
2019-09-20 09:27:16,455 [pool-27-thread-1] INFO  server.RaftServerConfigKeys (ConfUtils.java:logGet(43)) - raft.server.log.statemachine.data.sync = true (default)
2019-09-20 09:27:16,455 [pool-27-thread-1] INFO  server.RaftServerConfigKeys (ConfUtils.java:logGet(43)) - raft.server.log.statemachine.data.sync.timeout = 10s (default)
2019-09-20 09:27:16,455 [pool-27-thread-1] INFO  server.RaftServerConfigKeys (ConfUtils.java:logGet(43)) - raft.server.log.statemachine.data.sync.timeout.retry = -1 (default)
2019-09-20 09:27:16,455 [pool-27-thread-1] INFO  server.RaftServerConfigKeys (ConfUtils.java:logGet(43)) - raft.server.log.statemachine.data.caching.enabled = true (custom)
2019-09-20 09:27:16,455 [pool-27-thread-1] INFO  segmented.SegmentedRaftLogWorker (SegmentedRaftLogWorker.java:lambda$new$0(132)) - 02b93e76-e4c6-4b67-b8a4-c536d9ab7224-SegmentedRaftLogWorker:Storage Directory /workdir/hadoop-ozone/integration-test/target/test-dir/MiniOzoneClusterImpl-a33d77e5-464b-4d19-8e6b-a171e580bf0e/datanode-0/data/ratis/b9f46ff9-6cd6-4c7f-881f-f59e7658e695: flushIndex: setUnconditionally 0 -> -1
2019-09-20 09:27:16,456 [pool-27-thread-1] INFO  server.RaftServerConfigKeys (ConfUtils.java:logGet(43)) - raft.server.snapshot.auto.trigger.enabled = true (custom)
2019-09-20 09:27:16,456 [pool-27-thread-1] INFO  server.RaftServerConfigKeys (ConfUtils.java:logGet(43)) - raft.server.snapshot.auto.trigger.threshold = 10000 (custom)
2019-09-20 09:27:16,456 [pool-27-thread-1] INFO  server.RaftServerConfigKeys (ConfUtils.java:logGet(43)) - raft.server.retrycache.expirytime = 600000ms (custom)
2019-09-20 09:27:16,456 [pool-27-thread-1] INFO  impl.RaftServerImpl (RaftServerImpl.java:start(180)) - 02b93e76-e4c6-4b67-b8a4-c536d9ab7224: start group-F59E7658E695
2019-09-20 09:27:16,456 [pool-27-thread-1] INFO  impl.RaftServerImpl (RaftServerImpl.java:setRole(171)) - 02b93e76-e4c6-4b67-b8a4-c536d9ab7224:group-F59E7658E695 changes role from null to FOLLOWER at term 0 for startAsFollower
2019-09-20 09:27:16,457 [pool-27-thread-1] INFO  impl.RoleInfo (RoleInfo.java:updateAndGet(143)) - 02b93e76-e4c6-4b67-b8a4-c536d9ab7224: start FollowerState
2019-09-20 09:27:16,457 [pool-27-thread-1] INFO  util.JmxRegister (JmxRegister.java:tryRegister(44)) - Successfully registered JMX Bean with object name Ratis:service=RaftServer,group=group-F59E7658E695,id=02b93e76-e4c6-4b67-b8a4-c536d9ab7224
2019-09-20 09:27:16,460 [RatisPipelineUtilsThread] INFO  pipeline.PipelineStateManager (PipelineStateManager.java:addPipeline(56)) - Created pipeline Pipeline[ Id: b9f46ff9-6cd6-4c7f-881f-f59e7658e695, Nodes: 02b93e76-e4c6-4b67-b8a4-c536d9ab7224{ip: 192.168.36.99, host: pr-hdds-1569-p5fx8-1226042367, networkLocation: /default-rack, certSerialId: null}, Type:RATIS, Factor:ONE, State:OPEN]
2019-09-20 09:27:16,466 [grpc-default-executor-2] INFO  impl.RaftServerProxy (RaftServerProxy.java:addNew(89)) - 4840c00f-91d3-4881-a20b-4d0486ca97c0: addNew group-5F54FD10FDF3:[4840c00f-91d3-4881-a20b-4d0486ca97c0:192.168.36.99:41473] returns group-5F54FD10FDF3:java.util.concurrent.CompletableFuture@360ba1e1[Not completed]
2019-09-20 09:27:16,467 [pool-60-thread-1] INFO  impl.RaftServerImpl (RaftServerImpl.java:<init>(93)) - 4840c00f-91d3-4881-a20b-4d0486ca97c0: new RaftServerImpl for group-5F54FD10FDF3:[4840c00f-91d3-4881-a20b-4d0486ca97c0:192.168.36.99:41473] with ContainerStateMachine:uninitialized
2019-09-20 09:27:16,467 [pool-60-thread-1] INFO  server.RaftServerConfigKeys (ConfUtils.java:logGet(43)) - raft.server.rpc.timeout.min = 5s (custom)
2019-09-20 09:27:16,467 [pool-60-thread-1] INFO  server.RaftServerConfigKeys (ConfUtils.java:logGet(43)) - raft.server.rpc.timeout.max = 5200ms (custom)
2019-09-20 09:27:16,468 [pool-60-thread-1] INFO  server.RaftServerConfigKeys (ConfUtils.java:logGet(43)) - raft.server.rpcslowness.timeout = 10s (custom)
2019-09-20 09:27:16,468 [pool-60-thread-1] INFO  server.RaftServerConfigKeys (ConfUtils.java:logGet(43)) - raft.server.sleep.deviation.threshold = 300 (default)
2019-09-20 09:27:16,468 [pool-60-thread-1] INFO  server.RaftServerConfigKeys (ConfUtils.java:logGet(43)) - raft.server.log.appender.install.snapshot.enabled = false (custom)
2019-09-20 09:27:16,468 [pool-60-thread-1] INFO  impl.RaftServerImpl (ServerState.java:<init>(105)) - 4840c00f-91d3-4881-a20b-4d0486ca97c0:group-5F54FD10FDF3 ConfigurationManager, init=-1: [4840c00f-91d3-4881-a20b-4d0486ca97c0:192.168.36.99:41473], old=null, confs=<EMPTY_MAP>
2019-09-20 09:27:16,468 [pool-60-thread-1] INFO  server.RaftServerConfigKeys (ConfUtils.java:logGet(43)) - raft.server.storage.dir = [/workdir/hadoop-ozone/integration-test/target/test-dir/MiniOzoneClusterImpl-a33d77e5-464b-4d19-8e6b-a171e580bf0e/datanode-3/data/ratis] (custom)
2019-09-20 09:27:16,469 [pool-60-thread-1] INFO  storage.RaftStorageDirectory (RaftStorageDirectory.java:analyzeStorage(246)) - The storage directory /workdir/hadoop-ozone/integration-test/target/test-dir/MiniOzoneClusterImpl-a33d77e5-464b-4d19-8e6b-a171e580bf0e/datanode-3/data/ratis/d51cfc95-825d-428a-b395-5f54fd10fdf3 does not exist. Creating ...
2019-09-20 09:27:16,502 [pool-60-thread-1] INFO  storage.RaftStorageDirectory (RaftStorageDirectory.java:tryLock(328)) - Lock on /workdir/hadoop-ozone/integration-test/target/test-dir/MiniOzoneClusterImpl-a33d77e5-464b-4d19-8e6b-a171e580bf0e/datanode-3/data/ratis/d51cfc95-825d-428a-b395-5f54fd10fdf3/in_use.lock acquired by nodename 7145@pr-hdds-1569-p5fx8-1226042367
2019-09-20 09:27:16,536 [pool-60-thread-1] INFO  storage.RaftStorage (RaftStorage.java:format(72)) - Storage directory /workdir/hadoop-ozone/integration-test/target/test-dir/MiniOzoneClusterImpl-a33d77e5-464b-4d19-8e6b-a171e580bf0e/datanode-3/data/ratis/d51cfc95-825d-428a-b395-5f54fd10fdf3 has been successfully formatted.
2019-09-20 09:27:16,537 [pool-60-thread-1] INFO  ratis.ContainerStateMachine (ContainerStateMachine.java:loadSnapshot(226)) - group-5F54FD10FDF3: The snapshot info is null. Setting the last applied indexto:(t:0, i:~)
2019-09-20 09:27:16,537 [pool-60-thread-1] INFO  server.RaftServerConfigKeys (ConfUtils.java:logGet(43)) - raft.server.leader.election.timeout = 10s (custom)
2019-09-20 09:27:16,537 [pool-60-thread-1] INFO  server.RaftServerConfigKeys (ConfUtils.java:logGet(43)) - raft.server.log.use.memory = false (default)
2019-09-20 09:27:16,537 [pool-60-thread-1] INFO  server.RaftServerConfigKeys (ConfUtils.java:logGet(43)) - raft.server.log.purge.gap = 1000000 (custom)
2019-09-20 09:27:16,537 [pool-60-thread-1] INFO  server.RaftServerConfigKeys (ConfUtils.java:logGet(43)) - raft.server.log.appender.buffer.byte-limit = 33554432 (custom)
2019-09-20 09:27:16,537 [pool-60-thread-1] INFO  server.RaftServerConfigKeys (ConfUtils.java:logGet(43)) - raft.server.log.segment.size.max = 1048576 (custom)
2019-09-20 09:27:16,537 [pool-60-thread-1] INFO  server.RaftServerConfigKeys (ConfUtils.java:logGet(43)) - raft.server.log.segment.cache.num.max = 2 (custom)
2019-09-20 09:27:16,537 [pool-60-thread-1] INFO  segmented.SegmentedRaftLogWorker (SegmentedRaftLogWorker.java:<init>(172)) - new 4840c00f-91d3-4881-a20b-4d0486ca97c0-SegmentedRaftLogWorker:Storage Directory /workdir/hadoop-ozone/integration-test/target/test-dir/MiniOzoneClusterImpl-a33d77e5-464b-4d19-8e6b-a171e580bf0e/datanode-3/data/ratis/d51cfc95-825d-428a-b395-5f54fd10fdf3 for RaftStorage:Storage Directory /workdir/hadoop-ozone/integration-test/target/test-dir/MiniOzoneClusterImpl-a33d77e5-464b-4d19-8e6b-a171e580bf0e/datanode-3/data/ratis/d51cfc95-825d-428a-b395-5f54fd10fdf3
2019-09-20 09:27:16,538 [pool-60-thread-1] INFO  server.RaftServerConfigKeys (ConfUtils.java:logGet(43)) - raft.server.log.queue.byte-limit = 2147483647 (custom)
2019-09-20 09:27:16,538 [pool-60-thread-1] INFO  server.RaftServerConfigKeys (ConfUtils.java:logGet(43)) - raft.server.log.queue.element-limit = 1024 (custom)
2019-09-20 09:27:16,538 [pool-60-thread-1] INFO  server.RaftServerConfigKeys (ConfUtils.java:logGet(43)) - raft.server.log.segment.size.max = 1048576 (custom)
2019-09-20 09:27:16,538 [pool-60-thread-1] INFO  server.RaftServerConfigKeys (ConfUtils.java:logGet(43)) - raft.server.log.preallocated.size = 16384 (custom)
2019-09-20 09:27:16,538 [pool-60-thread-1] INFO  server.RaftServerConfigKeys (ConfUtils.java:logGet(43)) - raft.server.log.write.buffer.size = 33554432 (custom)
2019-09-20 09:27:16,538 [pool-60-thread-1] INFO  server.RaftServerConfigKeys (ConfUtils.java:logGet(43)) - raft.server.log.force.sync.num = 128 (default)
2019-09-20 09:27:16,538 [pool-60-thread-1] INFO  server.RaftServerConfigKeys (ConfUtils.java:logGet(43)) - raft.server.log.statemachine.data.sync = true (default)
2019-09-20 09:27:16,538 [pool-60-thread-1] INFO  server.RaftServerConfigKeys (ConfUtils.java:logGet(43)) - raft.server.log.statemachine.data.sync.timeout = 10s (default)
2019-09-20 09:27:16,538 [pool-60-thread-1] INFO  server.RaftServerConfigKeys (ConfUtils.java:logGet(43)) - raft.server.log.statemachine.data.sync.timeout.retry = -1 (default)
2019-09-20 09:27:16,538 [pool-60-thread-1] INFO  server.RaftServerConfigKeys (ConfUtils.java:logGet(43)) - raft.server.log.statemachine.data.caching.enabled = true (custom)
2019-09-20 09:27:16,539 [pool-60-thread-1] INFO  segmented.SegmentedRaftLogWorker (SegmentedRaftLogWorker.java:lambda$new$0(132)) - 4840c00f-91d3-4881-a20b-4d0486ca97c0-SegmentedRaftLogWorker:Storage Directory /workdir/hadoop-ozone/integration-test/target/test-dir/MiniOzoneClusterImpl-a33d77e5-464b-4d19-8e6b-a171e580bf0e/datanode-3/data/ratis/d51cfc95-825d-428a-b395-5f54fd10fdf3: flushIndex: setUnconditionally 0 -> -1
2019-09-20 09:27:16,539 [pool-60-thread-1] INFO  server.RaftServerConfigKeys (ConfUtils.java:logGet(43)) - raft.server.snapshot.auto.trigger.enabled = true (custom)
2019-09-20 09:27:16,539 [pool-60-thread-1] INFO  server.RaftServerConfigKeys (ConfUtils.java:logGet(43)) - raft.server.snapshot.auto.trigger.threshold = 10000 (custom)
2019-09-20 09:27:16,539 [pool-60-thread-1] INFO  server.RaftServerConfigKeys (ConfUtils.java:logGet(43)) - raft.server.retrycache.expirytime = 600000ms (custom)
2019-09-20 09:27:16,539 [pool-60-thread-1] INFO  impl.RaftServerImpl (RaftServerImpl.java:start(180)) - 4840c00f-91d3-4881-a20b-4d0486ca97c0: start group-5F54FD10FDF3
2019-09-20 09:27:16,539 [pool-60-thread-1] INFO  impl.RaftServerImpl (RaftServerImpl.java:setRole(171)) - 4840c00f-91d3-4881-a20b-4d0486ca97c0:group-5F54FD10FDF3 changes role from null to FOLLOWER at term 0 for startAsFollower
2019-09-20 09:27:16,539 [pool-60-thread-1] INFO  impl.RoleInfo (RoleInfo.java:updateAndGet(143)) - 4840c00f-91d3-4881-a20b-4d0486ca97c0: start FollowerState
2019-09-20 09:27:16,540 [pool-60-thread-1] INFO  util.JmxRegister (JmxRegister.java:tryRegister(44)) - Successfully registered JMX Bean with object name Ratis:service=RaftServer,group=group-5F54FD10FDF3,id=4840c00f-91d3-4881-a20b-4d0486ca97c0
2019-09-20 09:27:16,543 [RatisPipelineUtilsThread] INFO  pipeline.PipelineStateManager (PipelineStateManager.java:addPipeline(56)) - Created pipeline Pipeline[ Id: d51cfc95-825d-428a-b395-5f54fd10fdf3, Nodes: 4840c00f-91d3-4881-a20b-4d0486ca97c0{ip: 192.168.36.99, host: pr-hdds-1569-p5fx8-1226042367, networkLocation: /default-rack, certSerialId: null}, Type:RATIS, Factor:ONE, State:OPEN]
2019-09-20 09:27:16,548 [grpc-default-executor-2] INFO  impl.RaftServerProxy (RaftServerProxy.java:addNew(89)) - 492ed782-6ab3-4ad9-945e-06def6ac7c96: addNew group-94590C91F56C:[492ed782-6ab3-4ad9-945e-06def6ac7c96:192.168.36.99:32835] returns group-94590C91F56C:java.util.concurrent.CompletableFuture@201185c6[Not completed]
2019-09-20 09:27:16,550 [pool-49-thread-1] INFO  impl.RaftServerImpl (RaftServerImpl.java:<init>(93)) - 492ed782-6ab3-4ad9-945e-06def6ac7c96: new RaftServerImpl for group-94590C91F56C:[492ed782-6ab3-4ad9-945e-06def6ac7c96:192.168.36.99:32835] with ContainerStateMachine:uninitialized
2019-09-20 09:27:16,550 [pool-49-thread-1] INFO  server.RaftServerConfigKeys (ConfUtils.java:logGet(43)) - raft.server.rpc.timeout.min = 5s (custom)
2019-09-20 09:27:16,550 [pool-49-thread-1] INFO  server.RaftServerConfigKeys (ConfUtils.java:logGet(43)) - raft.server.rpc.timeout.max = 5200ms (custom)
2019-09-20 09:27:16,550 [pool-49-thread-1] INFO  server.RaftServerConfigKeys (ConfUtils.java:logGet(43)) - raft.server.rpcslowness.timeout = 10s (custom)
2019-09-20 09:27:16,550 [pool-49-thread-1] INFO  server.RaftServerConfigKeys (ConfUtils.java:logGet(43)) - raft.server.sleep.deviation.threshold = 300 (default)
2019-09-20 09:27:16,551 [pool-49-thread-1] INFO  server.RaftServerConfigKeys (ConfUtils.java:logGet(43)) - raft.server.log.appender.install.snapshot.enabled = false (custom)
2019-09-20 09:27:16,551 [pool-49-thread-1] INFO  impl.RaftServerImpl (ServerState.java:<init>(105)) - 492ed782-6ab3-4ad9-945e-06def6ac7c96:group-94590C91F56C ConfigurationManager, init=-1: [492ed782-6ab3-4ad9-945e-06def6ac7c96:192.168.36.99:32835], old=null, confs=<EMPTY_MAP>
2019-09-20 09:27:16,551 [pool-49-thread-1] INFO  server.RaftServerConfigKeys (ConfUtils.java:logGet(43)) - raft.server.storage.dir = [/workdir/hadoop-ozone/integration-test/target/test-dir/MiniOzoneClusterImpl-a33d77e5-464b-4d19-8e6b-a171e580bf0e/datanode-2/data/ratis] (custom)
2019-09-20 09:27:16,552 [pool-49-thread-1] INFO  storage.RaftStorageDirectory (RaftStorageDirectory.java:analyzeStorage(246)) - The storage directory /workdir/hadoop-ozone/integration-test/target/test-dir/MiniOzoneClusterImpl-a33d77e5-464b-4d19-8e6b-a171e580bf0e/datanode-2/data/ratis/3a1954ba-fc7c-4131-a86f-94590c91f56c does not exist. Creating ...
2019-09-20 09:27:16,570 [pool-49-thread-1] INFO  storage.RaftStorageDirectory (RaftStorageDirectory.java:tryLock(328)) - Lock on /workdir/hadoop-ozone/integration-test/target/test-dir/MiniOzoneClusterImpl-a33d77e5-464b-4d19-8e6b-a171e580bf0e/datanode-2/data/ratis/3a1954ba-fc7c-4131-a86f-94590c91f56c/in_use.lock acquired by nodename 7145@pr-hdds-1569-p5fx8-1226042367
2019-09-20 09:27:16,595 [pool-49-thread-1] INFO  storage.RaftStorage (RaftStorage.java:format(72)) - Storage directory /workdir/hadoop-ozone/integration-test/target/test-dir/MiniOzoneClusterImpl-a33d77e5-464b-4d19-8e6b-a171e580bf0e/datanode-2/data/ratis/3a1954ba-fc7c-4131-a86f-94590c91f56c has been successfully formatted.
2019-09-20 09:27:16,596 [pool-49-thread-1] INFO  ratis.ContainerStateMachine (ContainerStateMachine.java:loadSnapshot(226)) - group-94590C91F56C: The snapshot info is null. Setting the last applied indexto:(t:0, i:~)
2019-09-20 09:27:16,596 [pool-49-thread-1] INFO  server.RaftServerConfigKeys (ConfUtils.java:logGet(43)) - raft.server.leader.election.timeout = 10s (custom)
2019-09-20 09:27:16,596 [pool-49-thread-1] INFO  server.RaftServerConfigKeys (ConfUtils.java:logGet(43)) - raft.server.log.use.memory = false (default)
2019-09-20 09:27:16,596 [pool-49-thread-1] INFO  server.RaftServerConfigKeys (ConfUtils.java:logGet(43)) - raft.server.log.purge.gap = 1000000 (custom)
2019-09-20 09:27:16,596 [pool-49-thread-1] INFO  server.RaftServerConfigKeys (ConfUtils.java:logGet(43)) - raft.server.log.appender.buffer.byte-limit = 33554432 (custom)
2019-09-20 09:27:16,596 [pool-49-thread-1] INFO  server.RaftServerConfigKeys (ConfUtils.java:logGet(43)) - raft.server.log.segment.size.max = 1048576 (custom)
2019-09-20 09:27:16,597 [pool-49-thread-1] INFO  server.RaftServerConfigKeys (ConfUtils.java:logGet(43)) - raft.server.log.segment.cache.num.max = 2 (custom)
2019-09-20 09:27:16,597 [pool-49-thread-1] INFO  segmented.SegmentedRaftLogWorker (SegmentedRaftLogWorker.java:<init>(172)) - new 492ed782-6ab3-4ad9-945e-06def6ac7c96-SegmentedRaftLogWorker:Storage Directory /workdir/hadoop-ozone/integration-test/target/test-dir/MiniOzoneClusterImpl-a33d77e5-464b-4d19-8e6b-a171e580bf0e/datanode-2/data/ratis/3a1954ba-fc7c-4131-a86f-94590c91f56c for RaftStorage:Storage Directory /workdir/hadoop-ozone/integration-test/target/test-dir/MiniOzoneClusterImpl-a33d77e5-464b-4d19-8e6b-a171e580bf0e/datanode-2/data/ratis/3a1954ba-fc7c-4131-a86f-94590c91f56c
2019-09-20 09:27:16,597 [pool-49-thread-1] INFO  server.RaftServerConfigKeys (ConfUtils.java:logGet(43)) - raft.server.log.queue.byte-limit = 2147483647 (custom)
2019-09-20 09:27:16,597 [pool-49-thread-1] INFO  server.RaftServerConfigKeys (ConfUtils.java:logGet(43)) - raft.server.log.queue.element-limit = 1024 (custom)
2019-09-20 09:27:16,597 [pool-49-thread-1] INFO  server.RaftServerConfigKeys (ConfUtils.java:logGet(43)) - raft.server.log.segment.size.max = 1048576 (custom)
2019-09-20 09:27:16,597 [pool-49-thread-1] INFO  server.RaftServerConfigKeys (ConfUtils.java:logGet(43)) - raft.server.log.preallocated.size = 16384 (custom)
2019-09-20 09:27:16,597 [pool-49-thread-1] INFO  server.RaftServerConfigKeys (ConfUtils.java:logGet(43)) - raft.server.log.write.buffer.size = 33554432 (custom)
2019-09-20 09:27:16,598 [pool-49-thread-1] INFO  server.RaftServerConfigKeys (ConfUtils.java:logGet(43)) - raft.server.log.force.sync.num = 128 (default)
2019-09-20 09:27:16,598 [pool-49-thread-1] INFO  server.RaftServerConfigKeys (ConfUtils.java:logGet(43)) - raft.server.log.statemachine.data.sync = true (default)
2019-09-20 09:27:16,598 [pool-49-thread-1] INFO  server.RaftServerConfigKeys (ConfUtils.java:logGet(43)) - raft.server.log.statemachine.data.sync.timeout = 10s (default)
2019-09-20 09:27:16,598 [pool-49-thread-1] INFO  server.RaftServerConfigKeys (ConfUtils.java:logGet(43)) - raft.server.log.statemachine.data.sync.timeout.retry = -1 (default)
2019-09-20 09:27:16,598 [pool-49-thread-1] INFO  server.RaftServerConfigKeys (ConfUtils.java:logGet(43)) - raft.server.log.statemachine.data.caching.enabled = true (custom)
2019-09-20 09:27:16,599 [pool-49-thread-1] INFO  segmented.SegmentedRaftLogWorker (SegmentedRaftLogWorker.java:lambda$new$0(132)) - 492ed782-6ab3-4ad9-945e-06def6ac7c96-SegmentedRaftLogWorker:Storage Directory /workdir/hadoop-ozone/integration-test/target/test-dir/MiniOzoneClusterImpl-a33d77e5-464b-4d19-8e6b-a171e580bf0e/datanode-2/data/ratis/3a1954ba-fc7c-4131-a86f-94590c91f56c: flushIndex: setUnconditionally 0 -> -1
2019-09-20 09:27:16,599 [pool-49-thread-1] INFO  server.RaftServerConfigKeys (ConfUtils.java:logGet(43)) - raft.server.snapshot.auto.trigger.enabled = true (custom)
2019-09-20 09:27:16,599 [pool-49-thread-1] INFO  server.RaftServerConfigKeys (ConfUtils.java:logGet(43)) - raft.server.snapshot.auto.trigger.threshold = 10000 (custom)
2019-09-20 09:27:16,599 [pool-49-thread-1] INFO  server.RaftServerConfigKeys (ConfUtils.java:logGet(43)) - raft.server.retrycache.expirytime = 600000ms (custom)
2019-09-20 09:27:16,600 [pool-49-thread-1] INFO  impl.RaftServerImpl (RaftServerImpl.java:start(180)) - 492ed782-6ab3-4ad9-945e-06def6ac7c96: start group-94590C91F56C
2019-09-20 09:27:16,600 [pool-49-thread-1] INFO  impl.RaftServerImpl (RaftServerImpl.java:setRole(171)) - 492ed782-6ab3-4ad9-945e-06def6ac7c96:group-94590C91F56C changes role from null to FOLLOWER at term 0 for startAsFollower
2019-09-20 09:27:16,600 [pool-49-thread-1] INFO  impl.RoleInfo (RoleInfo.java:updateAndGet(143)) - 492ed782-6ab3-4ad9-945e-06def6ac7c96: start FollowerState
2019-09-20 09:27:16,600 [pool-49-thread-1] INFO  util.JmxRegister (JmxRegister.java:tryRegister(44)) - Successfully registered JMX Bean with object name Ratis:service=RaftServer,group=group-94590C91F56C,id=492ed782-6ab3-4ad9-945e-06def6ac7c96
2019-09-20 09:27:16,603 [RatisPipelineUtilsThread] INFO  pipeline.PipelineStateManager (PipelineStateManager.java:addPipeline(56)) - Created pipeline Pipeline[ Id: 3a1954ba-fc7c-4131-a86f-94590c91f56c, Nodes: 492ed782-6ab3-4ad9-945e-06def6ac7c96{ip: 192.168.36.99, host: pr-hdds-1569-p5fx8-1226042367, networkLocation: /default-rack, certSerialId: null}, Type:RATIS, Factor:ONE, State:OPEN]
2019-09-20 09:27:16,605 [Thread-784] INFO  impl.FollowerState (FollowerState.java:run(106)) - fd3cd5f9-4f1c-43ea-91b1-b85a1f6c3825:group-B2B5EDE21C69 changes to CANDIDATE, lastRpcTime:5609, electionTimeout:5095ms
2019-09-20 09:27:16,605 [Thread-784] INFO  impl.RoleInfo (RoleInfo.java:shutdownFollowerState(121)) - fd3cd5f9-4f1c-43ea-91b1-b85a1f6c3825: shutdown FollowerState
2019-09-20 09:27:16,605 [Thread-784] INFO  impl.RaftServerImpl (RaftServerImpl.java:setRole(171)) - fd3cd5f9-4f1c-43ea-91b1-b85a1f6c3825:group-B2B5EDE21C69 changes role from FOLLOWER to CANDIDATE at term 0 for changeToCandidate
2019-09-20 09:27:16,608 [Thread-784] ERROR ratis.XceiverServerRatis (XceiverServerRatis.java:triggerPipelineClose(561)) - pipeline Action CLOSE  on pipeline PipelineID=0b8e0f6d-f4b7-4696-9410-b2b5ede21c69.Reason : fd3cd5f9-4f1c-43ea-91b1-b85a1f6c3825 is in candidate state for 11143ms
2019-09-20 09:27:16,609 [Thread-784] INFO  impl.RoleInfo (RoleInfo.java:updateAndGet(143)) - fd3cd5f9-4f1c-43ea-91b1-b85a1f6c3825: start LeaderElection
2019-09-20 09:27:16,612 [grpc-default-executor-2] INFO  impl.RaftServerProxy (RaftServerProxy.java:addNew(89)) - 492ed782-6ab3-4ad9-945e-06def6ac7c96: addNew group-27E0CBF426EB:[492ed782-6ab3-4ad9-945e-06def6ac7c96:192.168.36.99:32835] returns group-27E0CBF426EB:java.util.concurrent.CompletableFuture@36cc3f02[Not completed]
2019-09-20 09:27:16,613 [pool-49-thread-1] INFO  impl.RaftServerImpl (RaftServerImpl.java:<init>(93)) - 492ed782-6ab3-4ad9-945e-06def6ac7c96: new RaftServerImpl for group-27E0CBF426EB:[492ed782-6ab3-4ad9-945e-06def6ac7c96:192.168.36.99:32835] with ContainerStateMachine:uninitialized
2019-09-20 09:27:16,613 [pool-49-thread-1] INFO  server.RaftServerConfigKeys (ConfUtils.java:logGet(43)) - raft.server.rpc.timeout.min = 5s (custom)
2019-09-20 09:27:16,613 [pool-49-thread-1] INFO  server.RaftServerConfigKeys (ConfUtils.java:logGet(43)) - raft.server.rpc.timeout.max = 5200ms (custom)
2019-09-20 09:27:16,613 [pool-49-thread-1] INFO  server.RaftServerConfigKeys (ConfUtils.java:logGet(43)) - raft.server.rpcslowness.timeout = 10s (custom)
2019-09-20 09:27:16,613 [pool-49-thread-1] INFO  server.RaftServerConfigKeys (ConfUtils.java:logGet(43)) - raft.server.sleep.deviation.threshold = 300 (default)
2019-09-20 09:27:16,614 [pool-49-thread-1] INFO  server.RaftServerConfigKeys (ConfUtils.java:logGet(43)) - raft.server.log.appender.install.snapshot.enabled = false (custom)
2019-09-20 09:27:16,614 [pool-49-thread-1] INFO  impl.RaftServerImpl (ServerState.java:<init>(105)) - 492ed782-6ab3-4ad9-945e-06def6ac7c96:group-27E0CBF426EB ConfigurationManager, init=-1: [492ed782-6ab3-4ad9-945e-06def6ac7c96:192.168.36.99:32835], old=null, confs=<EMPTY_MAP>
2019-09-20 09:27:16,614 [pool-49-thread-1] INFO  server.RaftServerConfigKeys (ConfUtils.java:logGet(43)) - raft.server.storage.dir = [/workdir/hadoop-ozone/integration-test/target/test-dir/MiniOzoneClusterImpl-a33d77e5-464b-4d19-8e6b-a171e580bf0e/datanode-2/data/ratis] (custom)
2019-09-20 09:27:16,614 [pool-49-thread-1] INFO  storage.RaftStorageDirectory (RaftStorageDirectory.java:analyzeStorage(246)) - The storage directory /workdir/hadoop-ozone/integration-test/target/test-dir/MiniOzoneClusterImpl-a33d77e5-464b-4d19-8e6b-a171e580bf0e/datanode-2/data/ratis/446a03c2-7c02-44a3-8b46-27e0cbf426eb does not exist. Creating ...
2019-09-20 09:27:16,629 [pool-49-thread-1] INFO  storage.RaftStorageDirectory (RaftStorageDirectory.java:tryLock(328)) - Lock on /workdir/hadoop-ozone/integration-test/target/test-dir/MiniOzoneClusterImpl-a33d77e5-464b-4d19-8e6b-a171e580bf0e/datanode-2/data/ratis/446a03c2-7c02-44a3-8b46-27e0cbf426eb/in_use.lock acquired by nodename 7145@pr-hdds-1569-p5fx8-1226042367
2019-09-20 09:27:16,629 [fd3cd5f9-4f1c-43ea-91b1-b85a1f6c3825:group-B2B5EDE21C69:LeaderElection114] INFO  impl.LeaderElection (LeaderElection.java:askForVotes(181)) - fd3cd5f9-4f1c-43ea-91b1-b85a1f6c3825:group-B2B5EDE21C69:LeaderElection114: begin an election at term 1 for -1: [fd3cd5f9-4f1c-43ea-91b1-b85a1f6c3825:192.168.36.99:39114], old=null
2019-09-20 09:27:16,630 [fd3cd5f9-4f1c-43ea-91b1-b85a1f6c3825:group-B2B5EDE21C69:LeaderElection114] INFO  impl.RoleInfo (RoleInfo.java:shutdownLeaderElection(134)) - fd3cd5f9-4f1c-43ea-91b1-b85a1f6c3825: shutdown LeaderElection
2019-09-20 09:27:16,630 [fd3cd5f9-4f1c-43ea-91b1-b85a1f6c3825:group-B2B5EDE21C69:LeaderElection114] INFO  impl.RaftServerImpl (RaftServerImpl.java:setRole(171)) - fd3cd5f9-4f1c-43ea-91b1-b85a1f6c3825:group-B2B5EDE21C69 changes role from CANDIDATE to LEADER at term 1 for changeToLeader
2019-09-20 09:27:16,630 [fd3cd5f9-4f1c-43ea-91b1-b85a1f6c3825:group-B2B5EDE21C69:LeaderElection114] INFO  impl.RaftServerImpl (ServerState.java:setLeader(263)) - fd3cd5f9-4f1c-43ea-91b1-b85a1f6c3825:group-B2B5EDE21C69 change Leader from null to fd3cd5f9-4f1c-43ea-91b1-b85a1f6c3825 at term 1 for becomeLeader, leader elected after 11168ms
2019-09-20 09:27:16,630 [fd3cd5f9-4f1c-43ea-91b1-b85a1f6c3825:group-B2B5EDE21C69:LeaderElection114] INFO  server.RaftServerConfigKeys (ConfUtils.java:logGet(43)) - raft.server.staging.catchup.gap = 1000 (default)
2019-09-20 09:27:16,630 [fd3cd5f9-4f1c-43ea-91b1-b85a1f6c3825:group-B2B5EDE21C69:LeaderElection114] INFO  server.RaftServerConfigKeys (ConfUtils.java:logGet(43)) - raft.server.rpc.sleep.time = 25ms (default)
2019-09-20 09:27:16,630 [fd3cd5f9-4f1c-43ea-91b1-b85a1f6c3825:group-B2B5EDE21C69:LeaderElection114] INFO  server.RaftServerConfigKeys (ConfUtils.java:logGet(43)) - raft.server.write.element-limit = 4096 (default)
2019-09-20 09:27:16,631 [fd3cd5f9-4f1c-43ea-91b1-b85a1f6c3825:group-B2B5EDE21C69:LeaderElection114] INFO  server.RaftServerConfigKeys (ConfUtils.java:logGet(43)) - raft.server.watch.timeout = 10s (default)
2019-09-20 09:27:16,631 [fd3cd5f9-4f1c-43ea-91b1-b85a1f6c3825:group-B2B5EDE21C69:LeaderElection114] INFO  server.RaftServerConfigKeys (ConfUtils.java:logGet(43)) - raft.server.watch.timeout.denomination = 1s (default)
2019-09-20 09:27:16,631 [fd3cd5f9-4f1c-43ea-91b1-b85a1f6c3825:group-B2B5EDE21C69:LeaderElection114] INFO  server.RaftServerConfigKeys (ConfUtils.java:logGet(43)) - raft.server.watch.element-limit = 65536 (default)
2019-09-20 09:27:16,631 [fd3cd5f9-4f1c-43ea-91b1-b85a1f6c3825:group-B2B5EDE21C69:LeaderElection114] INFO  impl.RoleInfo (RoleInfo.java:updateAndGet(143)) - fd3cd5f9-4f1c-43ea-91b1-b85a1f6c3825: start LeaderState
2019-09-20 09:27:16,631 [fd3cd5f9-4f1c-43ea-91b1-b85a1f6c3825:group-B2B5EDE21C69:LeaderElection114] INFO  segmented.SegmentedRaftLogWorker (SegmentedRaftLogWorker.java:startLogSegment(380)) - fd3cd5f9-4f1c-43ea-91b1-b85a1f6c3825-SegmentedRaftLogWorker:Storage Directory /workdir/hadoop-ozone/integration-test/target/test-dir/MiniOzoneClusterImpl-a33d77e5-464b-4d19-8e6b-a171e580bf0e/datanode-1/data/ratis/0b8e0f6d-f4b7-4696-9410-b2b5ede21c69: Starting segment from index:0
2019-09-20 09:27:16,997 | INFO  | SCMAudit | user=jenkins1000 | ip=192.168.36.99 | op=SEND_HEARTBEAT {datanodeUUID=871e6485-c22a-483f-9e07-d19e754685be, command=[]} | ret=SUCCESS |  
2019-09-20 09:27:16,997 | INFO  | SCMAudit | user=jenkins1000 | ip=192.168.36.99 | op=SEND_HEARTBEAT {datanodeUUID=4840c00f-91d3-4881-a20b-4d0486ca97c0, command=[]} | ret=SUCCESS |  
2019-09-20 09:27:16,997 | INFO  | SCMAudit | user=jenkins1000 | ip=192.168.36.99 | op=SEND_HEARTBEAT {datanodeUUID=02b93e76-e4c6-4b67-b8a4-c536d9ab7224, command=[]} | ret=SUCCESS |  
2019-09-20 09:27:16,997 [fd3cd5f9-4f1c-43ea-91b1-b85a1f6c3825:group-B2B5EDE21C69:LeaderElection114] INFO  impl.RaftServerImpl (ServerState.java:setRaftConf(361)) - fd3cd5f9-4f1c-43ea-91b1-b85a1f6c3825:group-B2B5EDE21C69 set configuration 0: [fd3cd5f9-4f1c-43ea-91b1-b85a1f6c3825:192.168.36.99:39114], old=null at 0
2019-09-20 09:27:16,997 [pool-49-thread-1] INFO  storage.RaftStorage (RaftStorage.java:format(72)) - Storage directory /workdir/hadoop-ozone/integration-test/target/test-dir/MiniOzoneClusterImpl-a33d77e5-464b-4d19-8e6b-a171e580bf0e/datanode-2/data/ratis/446a03c2-7c02-44a3-8b46-27e0cbf426eb has been successfully formatted.
2019-09-20 09:27:16,997 | INFO  | SCMAudit | user=jenkins1000 | ip=192.168.36.99 | op=SEND_HEARTBEAT {datanodeUUID=492ed782-6ab3-4ad9-945e-06def6ac7c96, command=[]} | ret=SUCCESS |  
2019-09-20 09:27:16,997 [pool-49-thread-1] INFO  ratis.ContainerStateMachine (ContainerStateMachine.java:loadSnapshot(226)) - group-27E0CBF426EB: The snapshot info is null. Setting the last applied indexto:(t:0, i:~)
2019-09-20 09:27:16,997 [pool-49-thread-1] INFO  server.RaftServerConfigKeys (ConfUtils.java:logGet(43)) - raft.server.leader.election.timeout = 10s (custom)
2019-09-20 09:27:16,997 [pool-49-thread-1] INFO  server.RaftServerConfigKeys (ConfUtils.java:logGet(43)) - raft.server.log.use.memory = false (default)
2019-09-20 09:27:16,997 [pool-49-thread-1] INFO  server.RaftServerConfigKeys (ConfUtils.java:logGet(43)) - raft.server.log.purge.gap = 1000000 (custom)
2019-09-20 09:27:16,998 [pool-49-thread-1] INFO  server.RaftServerConfigKeys (ConfUtils.java:logGet(43)) - raft.server.log.appender.buffer.byte-limit = 33554432 (custom)
2019-09-20 09:27:16,998 [pool-49-thread-1] INFO  server.RaftServerConfigKeys (ConfUtils.java:logGet(43)) - raft.server.log.segment.size.max = 1048576 (custom)
2019-09-20 09:27:16,998 [pool-49-thread-1] INFO  server.RaftServerConfigKeys (ConfUtils.java:logGet(43)) - raft.server.log.segment.cache.num.max = 2 (custom)
2019-09-20 09:27:16,998 [pool-49-thread-1] INFO  segmented.SegmentedRaftLogWorker (SegmentedRaftLogWorker.java:<init>(172)) - new 492ed782-6ab3-4ad9-945e-06def6ac7c96-SegmentedRaftLogWorker:Storage Directory /workdir/hadoop-ozone/integration-test/target/test-dir/MiniOzoneClusterImpl-a33d77e5-464b-4d19-8e6b-a171e580bf0e/datanode-2/data/ratis/446a03c2-7c02-44a3-8b46-27e0cbf426eb for RaftStorage:Storage Directory /workdir/hadoop-ozone/integration-test/target/test-dir/MiniOzoneClusterImpl-a33d77e5-464b-4d19-8e6b-a171e580bf0e/datanode-2/data/ratis/446a03c2-7c02-44a3-8b46-27e0cbf426eb
2019-09-20 09:27:16,998 [pool-49-thread-1] INFO  server.RaftServerConfigKeys (ConfUtils.java:logGet(43)) - raft.server.log.queue.byte-limit = 2147483647 (custom)
2019-09-20 09:27:16,998 [pool-49-thread-1] INFO  server.RaftServerConfigKeys (ConfUtils.java:logGet(43)) - raft.server.log.queue.element-limit = 1024 (custom)
2019-09-20 09:27:16,999 [pool-49-thread-1] INFO  server.RaftServerConfigKeys (ConfUtils.java:logGet(43)) - raft.server.log.segment.size.max = 1048576 (custom)
2019-09-20 09:27:16,999 [pool-49-thread-1] INFO  server.RaftServerConfigKeys (ConfUtils.java:logGet(43)) - raft.server.log.preallocated.size = 16384 (custom)
2019-09-20 09:27:16,999 [pool-49-thread-1] INFO  server.RaftServerConfigKeys (ConfUtils.java:logGet(43)) - raft.server.log.write.buffer.size = 33554432 (custom)
2019-09-20 09:27:16,999 [pool-49-thread-1] INFO  server.RaftServerConfigKeys (ConfUtils.java:logGet(43)) - raft.server.log.force.sync.num = 128 (default)
2019-09-20 09:27:16,999 [pool-49-thread-1] INFO  server.RaftServerConfigKeys (ConfUtils.java:logGet(43)) - raft.server.log.statemachine.data.sync = true (default)
2019-09-20 09:27:16,999 [pool-49-thread-1] INFO  server.RaftServerConfigKeys (ConfUtils.java:logGet(43)) - raft.server.log.statemachine.data.sync.timeout = 10s (default)
2019-09-20 09:27:16,999 [pool-49-thread-1] INFO  server.RaftServerConfigKeys (ConfUtils.java:logGet(43)) - raft.server.log.statemachine.data.sync.timeout.retry = -1 (default)
2019-09-20 09:27:16,999 [pool-49-thread-1] INFO  server.RaftServerConfigKeys (ConfUtils.java:logGet(43)) - raft.server.log.statemachine.data.caching.enabled = true (custom)
2019-09-20 09:27:17,000 [pool-49-thread-1] INFO  segmented.SegmentedRaftLogWorker (SegmentedRaftLogWorker.java:lambda$new$0(132)) - 492ed782-6ab3-4ad9-945e-06def6ac7c96-SegmentedRaftLogWorker:Storage Directory /workdir/hadoop-ozone/integration-test/target/test-dir/MiniOzoneClusterImpl-a33d77e5-464b-4d19-8e6b-a171e580bf0e/datanode-2/data/ratis/446a03c2-7c02-44a3-8b46-27e0cbf426eb: flushIndex: setUnconditionally 0 -> -1
2019-09-20 09:27:17,000 [pool-49-thread-1] INFO  server.RaftServerConfigKeys (ConfUtils.java:logGet(43)) - raft.server.snapshot.auto.trigger.enabled = true (custom)
2019-09-20 09:27:17,000 [pool-49-thread-1] INFO  server.RaftServerConfigKeys (ConfUtils.java:logGet(43)) - raft.server.snapshot.auto.trigger.threshold = 10000 (custom)
2019-09-20 09:27:17,000 [pool-49-thread-1] INFO  server.RaftServerConfigKeys (ConfUtils.java:logGet(43)) - raft.server.retrycache.expirytime = 600000ms (custom)
2019-09-20 09:27:17,001 [pool-49-thread-1] INFO  impl.RaftServerImpl (RaftServerImpl.java:start(180)) - 492ed782-6ab3-4ad9-945e-06def6ac7c96: start group-27E0CBF426EB
2019-09-20 09:27:17,001 [pool-49-thread-1] INFO  impl.RaftServerImpl (RaftServerImpl.java:setRole(171)) - 492ed782-6ab3-4ad9-945e-06def6ac7c96:group-27E0CBF426EB changes role from null to FOLLOWER at term 0 for startAsFollower
2019-09-20 09:27:17,001 [pool-49-thread-1] INFO  impl.RoleInfo (RoleInfo.java:updateAndGet(143)) - 492ed782-6ab3-4ad9-945e-06def6ac7c96: start FollowerState
2019-09-20 09:27:17,001 [pool-49-thread-1] INFO  util.JmxRegister (JmxRegister.java:tryRegister(44)) - Successfully registered JMX Bean with object name Ratis:service=RaftServer,group=group-27E0CBF426EB,id=492ed782-6ab3-4ad9-945e-06def6ac7c96
2019-09-20 09:27:17,006 [RatisPipelineUtilsThread] INFO  pipeline.PipelineStateManager (PipelineStateManager.java:addPipeline(56)) - Created pipeline Pipeline[ Id: 446a03c2-7c02-44a3-8b46-27e0cbf426eb, Nodes: 492ed782-6ab3-4ad9-945e-06def6ac7c96{ip: 192.168.36.99, host: pr-hdds-1569-p5fx8-1226042367, networkLocation: /default-rack, certSerialId: null}, Type:RATIS, Factor:ONE, State:OPEN]
2019-09-20 09:27:17,010 [grpc-default-executor-2] INFO  impl.RaftServerProxy (RaftServerProxy.java:addNew(89)) - 02b93e76-e4c6-4b67-b8a4-c536d9ab7224: addNew group-C96EC6167C50:[02b93e76-e4c6-4b67-b8a4-c536d9ab7224:192.168.36.99:39343] returns group-C96EC6167C50:java.util.concurrent.CompletableFuture@53e490a1[Not completed]
2019-09-20 09:27:17,011 [pool-27-thread-1] INFO  impl.RaftServerImpl (RaftServerImpl.java:<init>(93)) - 02b93e76-e4c6-4b67-b8a4-c536d9ab7224: new RaftServerImpl for group-C96EC6167C50:[02b93e76-e4c6-4b67-b8a4-c536d9ab7224:192.168.36.99:39343] with ContainerStateMachine:uninitialized
2019-09-20 09:27:17,011 [pool-27-thread-1] INFO  server.RaftServerConfigKeys (ConfUtils.java:logGet(43)) - raft.server.rpc.timeout.min = 5s (custom)
2019-09-20 09:27:17,011 [pool-27-thread-1] INFO  server.RaftServerConfigKeys (ConfUtils.java:logGet(43)) - raft.server.rpc.timeout.max = 5200ms (custom)
2019-09-20 09:27:17,012 [pool-27-thread-1] INFO  server.RaftServerConfigKeys (ConfUtils.java:logGet(43)) - raft.server.rpcslowness.timeout = 10s (custom)
2019-09-20 09:27:17,012 [pool-27-thread-1] INFO  server.RaftServerConfigKeys (ConfUtils.java:logGet(43)) - raft.server.sleep.deviation.threshold = 300 (default)
2019-09-20 09:27:17,012 [pool-27-thread-1] INFO  server.RaftServerConfigKeys (ConfUtils.java:logGet(43)) - raft.server.log.appender.install.snapshot.enabled = false (custom)
2019-09-20 09:27:17,012 [pool-27-thread-1] INFO  impl.RaftServerImpl (ServerState.java:<init>(105)) - 02b93e76-e4c6-4b67-b8a4-c536d9ab7224:group-C96EC6167C50 ConfigurationManager, init=-1: [02b93e76-e4c6-4b67-b8a4-c536d9ab7224:192.168.36.99:39343], old=null, confs=<EMPTY_MAP>
2019-09-20 09:27:17,012 [pool-27-thread-1] INFO  server.RaftServerConfigKeys (ConfUtils.java:logGet(43)) - raft.server.storage.dir = [/workdir/hadoop-ozone/integration-test/target/test-dir/MiniOzoneClusterImpl-a33d77e5-464b-4d19-8e6b-a171e580bf0e/datanode-0/data/ratis] (custom)
2019-09-20 09:27:17,012 [pool-27-thread-1] INFO  storage.RaftStorageDirectory (RaftStorageDirectory.java:analyzeStorage(246)) - The storage directory /workdir/hadoop-ozone/integration-test/target/test-dir/MiniOzoneClusterImpl-a33d77e5-464b-4d19-8e6b-a171e580bf0e/datanode-0/data/ratis/3374578f-183a-450d-9a72-c96ec6167c50 does not exist. Creating ...
2019-09-20 09:27:17,038 | INFO  | SCMAudit | user=jenkins1000 | ip=192.168.36.99 | op=SEND_HEARTBEAT {datanodeUUID=fd3cd5f9-4f1c-43ea-91b1-b85a1f6c3825, command=[]} | ret=SUCCESS |  
2019-09-20 09:27:17,038 | INFO  | SCMAudit | user=jenkins1000 | ip=192.168.36.99 | op=SEND_HEARTBEAT {datanodeUUID=dc7f40a9-6782-42c4-abab-c6b1682da047, command=[]} | ret=SUCCESS |  
2019-09-20 09:27:17,038 [pool-27-thread-1] INFO  storage.RaftStorageDirectory (RaftStorageDirectory.java:tryLock(328)) - Lock on /workdir/hadoop-ozone/integration-test/target/test-dir/MiniOzoneClusterImpl-a33d77e5-464b-4d19-8e6b-a171e580bf0e/datanode-0/data/ratis/3374578f-183a-450d-9a72-c96ec6167c50/in_use.lock acquired by nodename 7145@pr-hdds-1569-p5fx8-1226042367
2019-09-20 09:27:17,064 [pool-27-thread-1] INFO  storage.RaftStorage (RaftStorage.java:format(72)) - Storage directory /workdir/hadoop-ozone/integration-test/target/test-dir/MiniOzoneClusterImpl-a33d77e5-464b-4d19-8e6b-a171e580bf0e/datanode-0/data/ratis/3374578f-183a-450d-9a72-c96ec6167c50 has been successfully formatted.
2019-09-20 09:27:17,064 [pool-27-thread-1] INFO  ratis.ContainerStateMachine (ContainerStateMachine.java:loadSnapshot(226)) - group-C96EC6167C50: The snapshot info is null. Setting the last applied indexto:(t:0, i:~)
2019-09-20 09:27:17,064 [pool-27-thread-1] INFO  server.RaftServerConfigKeys (ConfUtils.java:logGet(43)) - raft.server.leader.election.timeout = 10s (custom)
2019-09-20 09:27:17,065 [pool-27-thread-1] INFO  server.RaftServerConfigKeys (ConfUtils.java:logGet(43)) - raft.server.log.use.memory = false (default)
2019-09-20 09:27:17,065 [pool-27-thread-1] INFO  server.RaftServerConfigKeys (ConfUtils.java:logGet(43)) - raft.server.log.purge.gap = 1000000 (custom)
2019-09-20 09:27:17,065 [pool-27-thread-1] INFO  server.RaftServerConfigKeys (ConfUtils.java:logGet(43)) - raft.server.log.appender.buffer.byte-limit = 33554432 (custom)
2019-09-20 09:27:17,065 [pool-27-thread-1] INFO  server.RaftServerConfigKeys (ConfUtils.java:logGet(43)) - raft.server.log.segment.size.max = 1048576 (custom)
2019-09-20 09:27:17,065 [pool-27-thread-1] INFO  server.RaftServerConfigKeys (ConfUtils.java:logGet(43)) - raft.server.log.segment.cache.num.max = 2 (custom)
2019-09-20 09:27:17,065 [pool-27-thread-1] INFO  segmented.SegmentedRaftLogWorker (SegmentedRaftLogWorker.java:<init>(172)) - new 02b93e76-e4c6-4b67-b8a4-c536d9ab7224-SegmentedRaftLogWorker:Storage Directory /workdir/hadoop-ozone/integration-test/target/test-dir/MiniOzoneClusterImpl-a33d77e5-464b-4d19-8e6b-a171e580bf0e/datanode-0/data/ratis/3374578f-183a-450d-9a72-c96ec6167c50 for RaftStorage:Storage Directory /workdir/hadoop-ozone/integration-test/target/test-dir/MiniOzoneClusterImpl-a33d77e5-464b-4d19-8e6b-a171e580bf0e/datanode-0/data/ratis/3374578f-183a-450d-9a72-c96ec6167c50
2019-09-20 09:27:17,066 [pool-27-thread-1] INFO  server.RaftServerConfigKeys (ConfUtils.java:logGet(43)) - raft.server.log.queue.byte-limit = 2147483647 (custom)
2019-09-20 09:27:17,066 [pool-27-thread-1] INFO  server.RaftServerConfigKeys (ConfUtils.java:logGet(43)) - raft.server.log.queue.element-limit = 1024 (custom)
2019-09-20 09:27:17,066 [pool-27-thread-1] INFO  server.RaftServerConfigKeys (ConfUtils.java:logGet(43)) - raft.server.log.segment.size.max = 1048576 (custom)
2019-09-20 09:27:17,066 [pool-27-thread-1] INFO  server.RaftServerConfigKeys (ConfUtils.java:logGet(43)) - raft.server.log.preallocated.size = 16384 (custom)
2019-09-20 09:27:17,066 [pool-27-thread-1] INFO  server.RaftServerConfigKeys (ConfUtils.java:logGet(43)) - raft.server.log.write.buffer.size = 33554432 (custom)
2019-09-20 09:27:17,066 [pool-27-thread-1] INFO  server.RaftServerConfigKeys (ConfUtils.java:logGet(43)) - raft.server.log.force.sync.num = 128 (default)
2019-09-20 09:27:17,066 [pool-27-thread-1] INFO  server.RaftServerConfigKeys (ConfUtils.java:logGet(43)) - raft.server.log.statemachine.data.sync = true (default)
2019-09-20 09:27:17,067 [pool-27-thread-1] INFO  server.RaftServerConfigKeys (ConfUtils.java:logGet(43)) - raft.server.log.statemachine.data.sync.timeout = 10s (default)
2019-09-20 09:27:17,067 [pool-27-thread-1] INFO  server.RaftServerConfigKeys (ConfUtils.java:logGet(43)) - raft.server.log.statemachine.data.sync.timeout.retry = -1 (default)
2019-09-20 09:27:17,067 [pool-27-thread-1] INFO  server.RaftServerConfigKeys (ConfUtils.java:logGet(43)) - raft.server.log.statemachine.data.caching.enabled = true (custom)
2019-09-20 09:27:17,067 [pool-27-thread-1] INFO  segmented.SegmentedRaftLogWorker (SegmentedRaftLogWorker.java:lambda$new$0(132)) - 02b93e76-e4c6-4b67-b8a4-c536d9ab7224-SegmentedRaftLogWorker:Storage Directory /workdir/hadoop-ozone/integration-test/target/test-dir/MiniOzoneClusterImpl-a33d77e5-464b-4d19-8e6b-a171e580bf0e/datanode-0/data/ratis/3374578f-183a-450d-9a72-c96ec6167c50: flushIndex: setUnconditionally 0 -> -1
2019-09-20 09:27:17,068 [pool-27-thread-1] INFO  server.RaftServerConfigKeys (ConfUtils.java:logGet(43)) - raft.server.snapshot.auto.trigger.enabled = true (custom)
2019-09-20 09:27:17,068 [pool-27-thread-1] INFO  server.RaftServerConfigKeys (ConfUtils.java:logGet(43)) - raft.server.snapshot.auto.trigger.threshold = 10000 (custom)
2019-09-20 09:27:17,068 [pool-27-thread-1] INFO  server.RaftServerConfigKeys (ConfUtils.java:logGet(43)) - raft.server.retrycache.expirytime = 600000ms (custom)
2019-09-20 09:27:17,068 [pool-27-thread-1] INFO  impl.RaftServerImpl (RaftServerImpl.java:start(180)) - 02b93e76-e4c6-4b67-b8a4-c536d9ab7224: start group-C96EC6167C50
2019-09-20 09:27:17,069 [pool-27-thread-1] INFO  impl.RaftServerImpl (RaftServerImpl.java:setRole(171)) - 02b93e76-e4c6-4b67-b8a4-c536d9ab7224:group-C96EC6167C50 changes role from null to FOLLOWER at term 0 for startAsFollower
2019-09-20 09:27:17,069 [pool-27-thread-1] INFO  impl.RoleInfo (RoleInfo.java:updateAndGet(143)) - 02b93e76-e4c6-4b67-b8a4-c536d9ab7224: start FollowerState
2019-09-20 09:27:17,069 [pool-27-thread-1] INFO  util.JmxRegister (JmxRegister.java:tryRegister(44)) - Successfully registered JMX Bean with object name Ratis:service=RaftServer,group=group-C96EC6167C50,id=02b93e76-e4c6-4b67-b8a4-c536d9ab7224
2019-09-20 09:27:17,072 [RatisPipelineUtilsThread] INFO  pipeline.PipelineStateManager (PipelineStateManager.java:addPipeline(56)) - Created pipeline Pipeline[ Id: 3374578f-183a-450d-9a72-c96ec6167c50, Nodes: 02b93e76-e4c6-4b67-b8a4-c536d9ab7224{ip: 192.168.36.99, host: pr-hdds-1569-p5fx8-1226042367, networkLocation: /default-rack, certSerialId: null}, Type:RATIS, Factor:ONE, State:OPEN]
2019-09-20 09:27:17,077 [grpc-default-executor-2] INFO  impl.RaftServerProxy (RaftServerProxy.java:addNew(89)) - fd3cd5f9-4f1c-43ea-91b1-b85a1f6c3825: addNew group-15826A721196:[fd3cd5f9-4f1c-43ea-91b1-b85a1f6c3825:192.168.36.99:39114] returns group-15826A721196:java.util.concurrent.CompletableFuture@452a06ae[Not completed]
2019-09-20 09:27:17,078 [pool-38-thread-1] INFO  impl.RaftServerImpl (RaftServerImpl.java:<init>(93)) - fd3cd5f9-4f1c-43ea-91b1-b85a1f6c3825: new RaftServerImpl for group-15826A721196:[fd3cd5f9-4f1c-43ea-91b1-b85a1f6c3825:192.168.36.99:39114] with ContainerStateMachine:uninitialized
2019-09-20 09:27:17,078 [pool-38-thread-1] INFO  server.RaftServerConfigKeys (ConfUtils.java:logGet(43)) - raft.server.rpc.timeout.min = 5s (custom)
2019-09-20 09:27:17,078 [pool-38-thread-1] INFO  server.RaftServerConfigKeys (ConfUtils.java:logGet(43)) - raft.server.rpc.timeout.max = 5200ms (custom)
2019-09-20 09:27:17,078 [pool-38-thread-1] INFO  server.RaftServerConfigKeys (ConfUtils.java:logGet(43)) - raft.server.rpcslowness.timeout = 10s (custom)
2019-09-20 09:27:17,079 [pool-38-thread-1] INFO  server.RaftServerConfigKeys (ConfUtils.java:logGet(43)) - raft.server.sleep.deviation.threshold = 300 (default)
2019-09-20 09:27:17,079 [pool-38-thread-1] INFO  server.RaftServerConfigKeys (ConfUtils.java:logGet(43)) - raft.server.log.appender.install.snapshot.enabled = false (custom)
2019-09-20 09:27:17,079 [pool-38-thread-1] INFO  impl.RaftServerImpl (ServerState.java:<init>(105)) - fd3cd5f9-4f1c-43ea-91b1-b85a1f6c3825:group-15826A721196 ConfigurationManager, init=-1: [fd3cd5f9-4f1c-43ea-91b1-b85a1f6c3825:192.168.36.99:39114], old=null, confs=<EMPTY_MAP>
2019-09-20 09:27:17,079 [pool-38-thread-1] INFO  server.RaftServerConfigKeys (ConfUtils.java:logGet(43)) - raft.server.storage.dir = [/workdir/hadoop-ozone/integration-test/target/test-dir/MiniOzoneClusterImpl-a33d77e5-464b-4d19-8e6b-a171e580bf0e/datanode-1/data/ratis] (custom)
2019-09-20 09:27:17,079 [pool-38-thread-1] INFO  storage.RaftStorageDirectory (RaftStorageDirectory.java:analyzeStorage(246)) - The storage directory /workdir/hadoop-ozone/integration-test/target/test-dir/MiniOzoneClusterImpl-a33d77e5-464b-4d19-8e6b-a171e580bf0e/datanode-1/data/ratis/d64cbf8f-1d41-4a76-a84c-15826a721196 does not exist. Creating ...
2019-09-20 09:27:17,097 [pool-38-thread-1] INFO  storage.RaftStorageDirectory (RaftStorageDirectory.java:tryLock(328)) - Lock on /workdir/hadoop-ozone/integration-test/target/test-dir/MiniOzoneClusterImpl-a33d77e5-464b-4d19-8e6b-a171e580bf0e/datanode-1/data/ratis/d64cbf8f-1d41-4a76-a84c-15826a721196/in_use.lock acquired by nodename 7145@pr-hdds-1569-p5fx8-1226042367
2019-09-20 09:27:17,115 [pool-38-thread-1] INFO  storage.RaftStorage (RaftStorage.java:format(72)) - Storage directory /workdir/hadoop-ozone/integration-test/target/test-dir/MiniOzoneClusterImpl-a33d77e5-464b-4d19-8e6b-a171e580bf0e/datanode-1/data/ratis/d64cbf8f-1d41-4a76-a84c-15826a721196 has been successfully formatted.
2019-09-20 09:27:17,115 [pool-38-thread-1] INFO  ratis.ContainerStateMachine (ContainerStateMachine.java:loadSnapshot(226)) - group-15826A721196: The snapshot info is null. Setting the last applied indexto:(t:0, i:~)
2019-09-20 09:27:17,115 [pool-38-thread-1] INFO  server.RaftServerConfigKeys (ConfUtils.java:logGet(43)) - raft.server.leader.election.timeout = 10s (custom)
2019-09-20 09:27:17,115 [pool-38-thread-1] INFO  server.RaftServerConfigKeys (ConfUtils.java:logGet(43)) - raft.server.log.use.memory = false (default)
2019-09-20 09:27:17,115 [pool-38-thread-1] INFO  server.RaftServerConfigKeys (ConfUtils.java:logGet(43)) - raft.server.log.purge.gap = 1000000 (custom)
2019-09-20 09:27:17,115 [pool-38-thread-1] INFO  server.RaftServerConfigKeys (ConfUtils.java:logGet(43)) - raft.server.log.appender.buffer.byte-limit = 33554432 (custom)
2019-09-20 09:27:17,116 [pool-38-thread-1] INFO  server.RaftServerConfigKeys (ConfUtils.java:logGet(43)) - raft.server.log.segment.size.max = 1048576 (custom)
2019-09-20 09:27:17,116 [pool-38-thread-1] INFO  server.RaftServerConfigKeys (ConfUtils.java:logGet(43)) - raft.server.log.segment.cache.num.max = 2 (custom)
2019-09-20 09:27:17,116 [pool-38-thread-1] INFO  segmented.SegmentedRaftLogWorker (SegmentedRaftLogWorker.java:<init>(172)) - new fd3cd5f9-4f1c-43ea-91b1-b85a1f6c3825-SegmentedRaftLogWorker:Storage Directory /workdir/hadoop-ozone/integration-test/target/test-dir/MiniOzoneClusterImpl-a33d77e5-464b-4d19-8e6b-a171e580bf0e/datanode-1/data/ratis/d64cbf8f-1d41-4a76-a84c-15826a721196 for RaftStorage:Storage Directory /workdir/hadoop-ozone/integration-test/target/test-dir/MiniOzoneClusterImpl-a33d77e5-464b-4d19-8e6b-a171e580bf0e/datanode-1/data/ratis/d64cbf8f-1d41-4a76-a84c-15826a721196
2019-09-20 09:27:17,116 [pool-38-thread-1] INFO  server.RaftServerConfigKeys (ConfUtils.java:logGet(43)) - raft.server.log.queue.byte-limit = 2147483647 (custom)
2019-09-20 09:27:17,116 [pool-38-thread-1] INFO  server.RaftServerConfigKeys (ConfUtils.java:logGet(43)) - raft.server.log.queue.element-limit = 1024 (custom)
2019-09-20 09:27:17,116 [pool-38-thread-1] INFO  server.RaftServerConfigKeys (ConfUtils.java:logGet(43)) - raft.server.log.segment.size.max = 1048576 (custom)
2019-09-20 09:27:17,116 [pool-38-thread-1] INFO  server.RaftServerConfigKeys (ConfUtils.java:logGet(43)) - raft.server.log.preallocated.size = 16384 (custom)
2019-09-20 09:27:17,116 [pool-38-thread-1] INFO  server.RaftServerConfigKeys (ConfUtils.java:logGet(43)) - raft.server.log.write.buffer.size = 33554432 (custom)
2019-09-20 09:27:17,116 [pool-38-thread-1] INFO  server.RaftServerConfigKeys (ConfUtils.java:logGet(43)) - raft.server.log.force.sync.num = 128 (default)
2019-09-20 09:27:17,116 [pool-38-thread-1] INFO  server.RaftServerConfigKeys (ConfUtils.java:logGet(43)) - raft.server.log.statemachine.data.sync = true (default)
2019-09-20 09:27:17,116 [pool-38-thread-1] INFO  server.RaftServerConfigKeys (ConfUtils.java:logGet(43)) - raft.server.log.statemachine.data.sync.timeout = 10s (default)
2019-09-20 09:27:17,117 [pool-38-thread-1] INFO  server.RaftServerConfigKeys (ConfUtils.java:logGet(43)) - raft.server.log.statemachine.data.sync.timeout.retry = -1 (default)
2019-09-20 09:27:17,117 [pool-38-thread-1] INFO  server.RaftServerConfigKeys (ConfUtils.java:logGet(43)) - raft.server.log.statemachine.data.caching.enabled = true (custom)
2019-09-20 09:27:17,117 [pool-38-thread-1] INFO  segmented.SegmentedRaftLogWorker (SegmentedRaftLogWorker.java:lambda$new$0(132)) - fd3cd5f9-4f1c-43ea-91b1-b85a1f6c3825-SegmentedRaftLogWorker:Storage Directory /workdir/hadoop-ozone/integration-test/target/test-dir/MiniOzoneClusterImpl-a33d77e5-464b-4d19-8e6b-a171e580bf0e/datanode-1/data/ratis/d64cbf8f-1d41-4a76-a84c-15826a721196: flushIndex: setUnconditionally 0 -> -1
2019-09-20 09:27:17,117 [pool-38-thread-1] INFO  server.RaftServerConfigKeys (ConfUtils.java:logGet(43)) - raft.server.snapshot.auto.trigger.enabled = true (custom)
2019-09-20 09:27:17,117 [pool-38-thread-1] INFO  server.RaftServerConfigKeys (ConfUtils.java:logGet(43)) - raft.server.snapshot.auto.trigger.threshold = 10000 (custom)
2019-09-20 09:27:17,117 [pool-38-thread-1] INFO  server.RaftServerConfigKeys (ConfUtils.java:logGet(43)) - raft.server.retrycache.expirytime = 600000ms (custom)
2019-09-20 09:27:17,117 [pool-38-thread-1] INFO  impl.RaftServerImpl (RaftServerImpl.java:start(180)) - fd3cd5f9-4f1c-43ea-91b1-b85a1f6c3825: start group-15826A721196
2019-09-20 09:27:17,118 [pool-38-thread-1] INFO  impl.RaftServerImpl (RaftServerImpl.java:setRole(171)) - fd3cd5f9-4f1c-43ea-91b1-b85a1f6c3825:group-15826A721196 changes role from null to FOLLOWER at term 0 for startAsFollower
2019-09-20 09:27:17,118 [pool-38-thread-1] INFO  impl.RoleInfo (RoleInfo.java:updateAndGet(143)) - fd3cd5f9-4f1c-43ea-91b1-b85a1f6c3825: start FollowerState
2019-09-20 09:27:17,118 [pool-38-thread-1] INFO  util.JmxRegister (JmxRegister.java:tryRegister(44)) - Successfully registered JMX Bean with object name Ratis:service=RaftServer,group=group-15826A721196,id=fd3cd5f9-4f1c-43ea-91b1-b85a1f6c3825
2019-09-20 09:27:17,120 [RatisPipelineUtilsThread] INFO  pipeline.PipelineStateManager (PipelineStateManager.java:addPipeline(56)) - Created pipeline Pipeline[ Id: d64cbf8f-1d41-4a76-a84c-15826a721196, Nodes: fd3cd5f9-4f1c-43ea-91b1-b85a1f6c3825{ip: 192.168.36.99, host: pr-hdds-1569-p5fx8-1226042367, networkLocation: /default-rack, certSerialId: null}, Type:RATIS, Factor:ONE, State:OPEN]
2019-09-20 09:27:17,125 [grpc-default-executor-2] INFO  impl.RaftServerProxy (RaftServerProxy.java:addNew(89)) - 871e6485-c22a-483f-9e07-d19e754685be: addNew group-FCBB119D2DA8:[871e6485-c22a-483f-9e07-d19e754685be:192.168.36.99:41076] returns group-FCBB119D2DA8:java.util.concurrent.CompletableFuture@75254c2d[Not completed]
2019-09-20 09:27:17,126 [pool-71-thread-1] INFO  impl.RaftServerImpl (RaftServerImpl.java:<init>(93)) - 871e6485-c22a-483f-9e07-d19e754685be: new RaftServerImpl for group-FCBB119D2DA8:[871e6485-c22a-483f-9e07-d19e754685be:192.168.36.99:41076] with ContainerStateMachine:uninitialized
2019-09-20 09:27:17,127 [pool-71-thread-1] INFO  server.RaftServerConfigKeys (ConfUtils.java:logGet(43)) - raft.server.rpc.timeout.min = 5s (custom)
2019-09-20 09:27:17,127 [pool-71-thread-1] INFO  server.RaftServerConfigKeys (ConfUtils.java:logGet(43)) - raft.server.rpc.timeout.max = 5200ms (custom)
2019-09-20 09:27:17,127 [pool-71-thread-1] INFO  server.RaftServerConfigKeys (ConfUtils.java:logGet(43)) - raft.server.rpcslowness.timeout = 10s (custom)
2019-09-20 09:27:17,127 [pool-71-thread-1] INFO  server.RaftServerConfigKeys (ConfUtils.java:logGet(43)) - raft.server.sleep.deviation.threshold = 300 (default)
2019-09-20 09:27:17,127 [pool-71-thread-1] INFO  server.RaftServerConfigKeys (ConfUtils.java:logGet(43)) - raft.server.log.appender.install.snapshot.enabled = false (custom)
2019-09-20 09:27:17,127 [pool-71-thread-1] INFO  impl.RaftServerImpl (ServerState.java:<init>(105)) - 871e6485-c22a-483f-9e07-d19e754685be:group-FCBB119D2DA8 ConfigurationManager, init=-1: [871e6485-c22a-483f-9e07-d19e754685be:192.168.36.99:41076], old=null, confs=<EMPTY_MAP>
2019-09-20 09:27:17,127 [pool-71-thread-1] INFO  server.RaftServerConfigKeys (ConfUtils.java:logGet(43)) - raft.server.storage.dir = [/workdir/hadoop-ozone/integration-test/target/test-dir/MiniOzoneClusterImpl-a33d77e5-464b-4d19-8e6b-a171e580bf0e/datanode-4/data/ratis] (custom)
2019-09-20 09:27:17,128 [pool-71-thread-1] INFO  storage.RaftStorageDirectory (RaftStorageDirectory.java:analyzeStorage(246)) - The storage directory /workdir/hadoop-ozone/integration-test/target/test-dir/MiniOzoneClusterImpl-a33d77e5-464b-4d19-8e6b-a171e580bf0e/datanode-4/data/ratis/3248fb02-d309-4138-94a6-fcbb119d2da8 does not exist. Creating ...
2019-09-20 09:27:17,157 [pool-71-thread-1] INFO  storage.RaftStorageDirectory (RaftStorageDirectory.java:tryLock(328)) - Lock on /workdir/hadoop-ozone/integration-test/target/test-dir/MiniOzoneClusterImpl-a33d77e5-464b-4d19-8e6b-a171e580bf0e/datanode-4/data/ratis/3248fb02-d309-4138-94a6-fcbb119d2da8/in_use.lock acquired by nodename 7145@pr-hdds-1569-p5fx8-1226042367
2019-09-20 09:27:17,183 [pool-71-thread-1] INFO  storage.RaftStorage (RaftStorage.java:format(72)) - Storage directory /workdir/hadoop-ozone/integration-test/target/test-dir/MiniOzoneClusterImpl-a33d77e5-464b-4d19-8e6b-a171e580bf0e/datanode-4/data/ratis/3248fb02-d309-4138-94a6-fcbb119d2da8 has been successfully formatted.
2019-09-20 09:27:17,183 [pool-71-thread-1] INFO  ratis.ContainerStateMachine (ContainerStateMachine.java:loadSnapshot(226)) - group-FCBB119D2DA8: The snapshot info is null. Setting the last applied indexto:(t:0, i:~)
2019-09-20 09:27:17,184 [pool-71-thread-1] INFO  server.RaftServerConfigKeys (ConfUtils.java:logGet(43)) - raft.server.leader.election.timeout = 10s (custom)
2019-09-20 09:27:17,184 [pool-71-thread-1] INFO  server.RaftServerConfigKeys (ConfUtils.java:logGet(43)) - raft.server.log.use.memory = false (default)
2019-09-20 09:27:17,184 [pool-71-thread-1] INFO  server.RaftServerConfigKeys (ConfUtils.java:logGet(43)) - raft.server.log.purge.gap = 1000000 (custom)
2019-09-20 09:27:17,184 [pool-71-thread-1] INFO  server.RaftServerConfigKeys (ConfUtils.java:logGet(43)) - raft.server.log.appender.buffer.byte-limit = 33554432 (custom)
2019-09-20 09:27:17,184 [pool-71-thread-1] INFO  server.RaftServerConfigKeys (ConfUtils.java:logGet(43)) - raft.server.log.segment.size.max = 1048576 (custom)
2019-09-20 09:27:17,184 [pool-71-thread-1] INFO  server.RaftServerConfigKeys (ConfUtils.java:logGet(43)) - raft.server.log.segment.cache.num.max = 2 (custom)
2019-09-20 09:27:17,184 [pool-71-thread-1] INFO  segmented.SegmentedRaftLogWorker (SegmentedRaftLogWorker.java:<init>(172)) - new 871e6485-c22a-483f-9e07-d19e754685be-SegmentedRaftLogWorker:Storage Directory /workdir/hadoop-ozone/integration-test/target/test-dir/MiniOzoneClusterImpl-a33d77e5-464b-4d19-8e6b-a171e580bf0e/datanode-4/data/ratis/3248fb02-d309-4138-94a6-fcbb119d2da8 for RaftStorage:Storage Directory /workdir/hadoop-ozone/integration-test/target/test-dir/MiniOzoneClusterImpl-a33d77e5-464b-4d19-8e6b-a171e580bf0e/datanode-4/data/ratis/3248fb02-d309-4138-94a6-fcbb119d2da8
2019-09-20 09:27:17,185 [pool-71-thread-1] INFO  server.RaftServerConfigKeys (ConfUtils.java:logGet(43)) - raft.server.log.queue.byte-limit = 2147483647 (custom)
2019-09-20 09:27:17,185 [pool-71-thread-1] INFO  server.RaftServerConfigKeys (ConfUtils.java:logGet(43)) - raft.server.log.queue.element-limit = 1024 (custom)
2019-09-20 09:27:17,185 [pool-71-thread-1] INFO  server.RaftServerConfigKeys (ConfUtils.java:logGet(43)) - raft.server.log.segment.size.max = 1048576 (custom)
2019-09-20 09:27:17,185 [pool-71-thread-1] INFO  server.RaftServerConfigKeys (ConfUtils.java:logGet(43)) - raft.server.log.preallocated.size = 16384 (custom)
2019-09-20 09:27:17,185 [pool-71-thread-1] INFO  server.RaftServerConfigKeys (ConfUtils.java:logGet(43)) - raft.server.log.write.buffer.size = 33554432 (custom)
2019-09-20 09:27:17,185 [pool-71-thread-1] INFO  server.RaftServerConfigKeys (ConfUtils.java:logGet(43)) - raft.server.log.force.sync.num = 128 (default)
2019-09-20 09:27:17,185 [pool-71-thread-1] INFO  server.RaftServerConfigKeys (ConfUtils.java:logGet(43)) - raft.server.log.statemachine.data.sync = true (default)
2019-09-20 09:27:17,186 [pool-71-thread-1] INFO  server.RaftServerConfigKeys (ConfUtils.java:logGet(43)) - raft.server.log.statemachine.data.sync.timeout = 10s (default)
2019-09-20 09:27:17,186 [pool-71-thread-1] INFO  server.RaftServerConfigKeys (ConfUtils.java:logGet(43)) - raft.server.log.statemachine.data.sync.timeout.retry = -1 (default)
2019-09-20 09:27:17,186 [pool-71-thread-1] INFO  server.RaftServerConfigKeys (ConfUtils.java:logGet(43)) - raft.server.log.statemachine.data.caching.enabled = true (custom)
2019-09-20 09:27:17,186 [pool-71-thread-1] INFO  segmented.SegmentedRaftLogWorker (SegmentedRaftLogWorker.java:lambda$new$0(132)) - 871e6485-c22a-483f-9e07-d19e754685be-SegmentedRaftLogWorker:Storage Directory /workdir/hadoop-ozone/integration-test/target/test-dir/MiniOzoneClusterImpl-a33d77e5-464b-4d19-8e6b-a171e580bf0e/datanode-4/data/ratis/3248fb02-d309-4138-94a6-fcbb119d2da8: flushIndex: setUnconditionally 0 -> -1
2019-09-20 09:27:17,187 [pool-71-thread-1] INFO  server.RaftServerConfigKeys (ConfUtils.java:logGet(43)) - raft.server.snapshot.auto.trigger.enabled = true (custom)
2019-09-20 09:27:17,187 [pool-71-thread-1] INFO  server.RaftServerConfigKeys (ConfUtils.java:logGet(43)) - raft.server.snapshot.auto.trigger.threshold = 10000 (custom)
2019-09-20 09:27:17,187 [pool-71-thread-1] INFO  server.RaftServerConfigKeys (ConfUtils.java:logGet(43)) - raft.server.retrycache.expirytime = 600000ms (custom)
2019-09-20 09:27:17,187 [pool-71-thread-1] INFO  impl.RaftServerImpl (RaftServerImpl.java:start(180)) - 871e6485-c22a-483f-9e07-d19e754685be: start group-FCBB119D2DA8
2019-09-20 09:27:17,187 [pool-71-thread-1] INFO  impl.RaftServerImpl (RaftServerImpl.java:setRole(171)) - 871e6485-c22a-483f-9e07-d19e754685be:group-FCBB119D2DA8 changes role from null to FOLLOWER at term 0 for startAsFollower
2019-09-20 09:27:17,188 [pool-71-thread-1] INFO  impl.RoleInfo (RoleInfo.java:updateAndGet(143)) - 871e6485-c22a-483f-9e07-d19e754685be: start FollowerState
2019-09-20 09:27:17,188 [pool-71-thread-1] INFO  util.JmxRegister (JmxRegister.java:tryRegister(44)) - Successfully registered JMX Bean with object name Ratis:service=RaftServer,group=group-FCBB119D2DA8,id=871e6485-c22a-483f-9e07-d19e754685be
2019-09-20 09:27:17,191 [RatisPipelineUtilsThread] INFO  pipeline.PipelineStateManager (PipelineStateManager.java:addPipeline(56)) - Created pipeline Pipeline[ Id: 3248fb02-d309-4138-94a6-fcbb119d2da8, Nodes: 871e6485-c22a-483f-9e07-d19e754685be{ip: 192.168.36.99, host: pr-hdds-1569-p5fx8-1226042367, networkLocation: /default-rack, certSerialId: null}, Type:RATIS, Factor:ONE, State:OPEN]
2019-09-20 09:27:17,195 [grpc-default-executor-2] INFO  impl.RaftServerProxy (RaftServerProxy.java:addNew(89)) - 871e6485-c22a-483f-9e07-d19e754685be: addNew group-DDA34E79B0A6:[871e6485-c22a-483f-9e07-d19e754685be:192.168.36.99:41076] returns group-DDA34E79B0A6:java.util.concurrent.CompletableFuture@3ac2d62d[Not completed]
2019-09-20 09:27:17,196 [pool-71-thread-1] INFO  impl.RaftServerImpl (RaftServerImpl.java:<init>(93)) - 871e6485-c22a-483f-9e07-d19e754685be: new RaftServerImpl for group-DDA34E79B0A6:[871e6485-c22a-483f-9e07-d19e754685be:192.168.36.99:41076] with ContainerStateMachine:uninitialized
2019-09-20 09:27:17,196 [pool-71-thread-1] INFO  server.RaftServerConfigKeys (ConfUtils.java:logGet(43)) - raft.server.rpc.timeout.min = 5s (custom)
2019-09-20 09:27:17,196 [pool-71-thread-1] INFO  server.RaftServerConfigKeys (ConfUtils.java:logGet(43)) - raft.server.rpc.timeout.max = 5200ms (custom)
2019-09-20 09:27:17,196 [pool-71-thread-1] INFO  server.RaftServerConfigKeys (ConfUtils.java:logGet(43)) - raft.server.rpcslowness.timeout = 10s (custom)
2019-09-20 09:27:17,197 [pool-71-thread-1] INFO  server.RaftServerConfigKeys (ConfUtils.java:logGet(43)) - raft.server.sleep.deviation.threshold = 300 (default)
2019-09-20 09:27:17,197 [pool-71-thread-1] INFO  server.RaftServerConfigKeys (ConfUtils.java:logGet(43)) - raft.server.log.appender.install.snapshot.enabled = false (custom)
2019-09-20 09:27:17,197 [pool-71-thread-1] INFO  impl.RaftServerImpl (ServerState.java:<init>(105)) - 871e6485-c22a-483f-9e07-d19e754685be:group-DDA34E79B0A6 ConfigurationManager, init=-1: [871e6485-c22a-483f-9e07-d19e754685be:192.168.36.99:41076], old=null, confs=<EMPTY_MAP>
2019-09-20 09:27:17,197 [pool-71-thread-1] INFO  server.RaftServerConfigKeys (ConfUtils.java:logGet(43)) - raft.server.storage.dir = [/workdir/hadoop-ozone/integration-test/target/test-dir/MiniOzoneClusterImpl-a33d77e5-464b-4d19-8e6b-a171e580bf0e/datanode-4/data/ratis] (custom)
2019-09-20 09:27:17,198 [pool-71-thread-1] INFO  storage.RaftStorageDirectory (RaftStorageDirectory.java:analyzeStorage(246)) - The storage directory /workdir/hadoop-ozone/integration-test/target/test-dir/MiniOzoneClusterImpl-a33d77e5-464b-4d19-8e6b-a171e580bf0e/datanode-4/data/ratis/5f4fa292-0eb2-4a47-8c03-dda34e79b0a6 does not exist. Creating ...
2019-09-20 09:27:17,217 [pool-71-thread-1] INFO  storage.RaftStorageDirectory (RaftStorageDirectory.java:tryLock(328)) - Lock on /workdir/hadoop-ozone/integration-test/target/test-dir/MiniOzoneClusterImpl-a33d77e5-464b-4d19-8e6b-a171e580bf0e/datanode-4/data/ratis/5f4fa292-0eb2-4a47-8c03-dda34e79b0a6/in_use.lock acquired by nodename 7145@pr-hdds-1569-p5fx8-1226042367
2019-09-20 09:27:17,259 [pool-71-thread-1] INFO  storage.RaftStorage (RaftStorage.java:format(72)) - Storage directory /workdir/hadoop-ozone/integration-test/target/test-dir/MiniOzoneClusterImpl-a33d77e5-464b-4d19-8e6b-a171e580bf0e/datanode-4/data/ratis/5f4fa292-0eb2-4a47-8c03-dda34e79b0a6 has been successfully formatted.
2019-09-20 09:27:17,259 [pool-71-thread-1] INFO  ratis.ContainerStateMachine (ContainerStateMachine.java:loadSnapshot(226)) - group-DDA34E79B0A6: The snapshot info is null. Setting the last applied indexto:(t:0, i:~)
2019-09-20 09:27:17,259 [pool-71-thread-1] INFO  server.RaftServerConfigKeys (ConfUtils.java:logGet(43)) - raft.server.leader.election.timeout = 10s (custom)
2019-09-20 09:27:17,260 [pool-71-thread-1] INFO  server.RaftServerConfigKeys (ConfUtils.java:logGet(43)) - raft.server.log.use.memory = false (default)
2019-09-20 09:27:17,260 [pool-71-thread-1] INFO  server.RaftServerConfigKeys (ConfUtils.java:logGet(43)) - raft.server.log.purge.gap = 1000000 (custom)
2019-09-20 09:27:17,260 [pool-71-thread-1] INFO  server.RaftServerConfigKeys (ConfUtils.java:logGet(43)) - raft.server.log.appender.buffer.byte-limit = 33554432 (custom)
2019-09-20 09:27:17,260 [pool-71-thread-1] INFO  server.RaftServerConfigKeys (ConfUtils.java:logGet(43)) - raft.server.log.segment.size.max = 1048576 (custom)
2019-09-20 09:27:17,260 [pool-71-thread-1] INFO  server.RaftServerConfigKeys (ConfUtils.java:logGet(43)) - raft.server.log.segment.cache.num.max = 2 (custom)
2019-09-20 09:27:17,260 [pool-71-thread-1] INFO  segmented.SegmentedRaftLogWorker (SegmentedRaftLogWorker.java:<init>(172)) - new 871e6485-c22a-483f-9e07-d19e754685be-SegmentedRaftLogWorker:Storage Directory /workdir/hadoop-ozone/integration-test/target/test-dir/MiniOzoneClusterImpl-a33d77e5-464b-4d19-8e6b-a171e580bf0e/datanode-4/data/ratis/5f4fa292-0eb2-4a47-8c03-dda34e79b0a6 for RaftStorage:Storage Directory /workdir/hadoop-ozone/integration-test/target/test-dir/MiniOzoneClusterImpl-a33d77e5-464b-4d19-8e6b-a171e580bf0e/datanode-4/data/ratis/5f4fa292-0eb2-4a47-8c03-dda34e79b0a6
2019-09-20 09:27:17,261 [pool-71-thread-1] INFO  server.RaftServerConfigKeys (ConfUtils.java:logGet(43)) - raft.server.log.queue.byte-limit = 2147483647 (custom)
2019-09-20 09:27:17,261 [pool-71-thread-1] INFO  server.RaftServerConfigKeys (ConfUtils.java:logGet(43)) - raft.server.log.queue.element-limit = 1024 (custom)
2019-09-20 09:27:17,261 [pool-71-thread-1] INFO  server.RaftServerConfigKeys (ConfUtils.java:logGet(43)) - raft.server.log.segment.size.max = 1048576 (custom)
2019-09-20 09:27:17,261 [pool-71-thread-1] INFO  server.RaftServerConfigKeys (ConfUtils.java:logGet(43)) - raft.server.log.preallocated.size = 16384 (custom)
2019-09-20 09:27:17,261 [pool-71-thread-1] INFO  server.RaftServerConfigKeys (ConfUtils.java:logGet(43)) - raft.server.log.write.buffer.size = 33554432 (custom)
2019-09-20 09:27:17,262 [pool-71-thread-1] INFO  server.RaftServerConfigKeys (ConfUtils.java:logGet(43)) - raft.server.log.force.sync.num = 128 (default)
2019-09-20 09:27:17,262 [pool-71-thread-1] INFO  server.RaftServerConfigKeys (ConfUtils.java:logGet(43)) - raft.server.log.statemachine.data.sync = true (default)
2019-09-20 09:27:17,262 [pool-71-thread-1] INFO  server.RaftServerConfigKeys (ConfUtils.java:logGet(43)) - raft.server.log.statemachine.data.sync.timeout = 10s (default)
2019-09-20 09:27:17,262 [pool-71-thread-1] INFO  server.RaftServerConfigKeys (ConfUtils.java:logGet(43)) - raft.server.log.statemachine.data.sync.timeout.retry = -1 (default)
2019-09-20 09:27:17,263 [pool-71-thread-1] INFO  server.RaftServerConfigKeys (ConfUtils.java:logGet(43)) - raft.server.log.statemachine.data.caching.enabled = true (custom)
2019-09-20 09:27:17,263 [pool-71-thread-1] INFO  segmented.SegmentedRaftLogWorker (SegmentedRaftLogWorker.java:lambda$new$0(132)) - 871e6485-c22a-483f-9e07-d19e754685be-SegmentedRaftLogWorker:Storage Directory /workdir/hadoop-ozone/integration-test/target/test-dir/MiniOzoneClusterImpl-a33d77e5-464b-4d19-8e6b-a171e580bf0e/datanode-4/data/ratis/5f4fa292-0eb2-4a47-8c03-dda34e79b0a6: flushIndex: setUnconditionally 0 -> -1
2019-09-20 09:27:17,263 [pool-71-thread-1] INFO  server.RaftServerConfigKeys (ConfUtils.java:logGet(43)) - raft.server.snapshot.auto.trigger.enabled = true (custom)
2019-09-20 09:27:17,264 [pool-71-thread-1] INFO  server.RaftServerConfigKeys (ConfUtils.java:logGet(43)) - raft.server.snapshot.auto.trigger.threshold = 10000 (custom)
2019-09-20 09:27:17,264 [pool-71-thread-1] INFO  server.RaftServerConfigKeys (ConfUtils.java:logGet(43)) - raft.server.retrycache.expirytime = 600000ms (custom)
2019-09-20 09:27:17,264 [pool-71-thread-1] INFO  impl.RaftServerImpl (RaftServerImpl.java:start(180)) - 871e6485-c22a-483f-9e07-d19e754685be: start group-DDA34E79B0A6
2019-09-20 09:27:17,264 [pool-71-thread-1] INFO  impl.RaftServerImpl (RaftServerImpl.java:setRole(171)) - 871e6485-c22a-483f-9e07-d19e754685be:group-DDA34E79B0A6 changes role from null to FOLLOWER at term 0 for startAsFollower
2019-09-20 09:27:17,265 [pool-71-thread-1] INFO  impl.RoleInfo (RoleInfo.java:updateAndGet(143)) - 871e6485-c22a-483f-9e07-d19e754685be: start FollowerState
2019-09-20 09:27:17,265 [pool-71-thread-1] INFO  util.JmxRegister (JmxRegister.java:tryRegister(44)) - Successfully registered JMX Bean with object name Ratis:service=RaftServer,group=group-DDA34E79B0A6,id=871e6485-c22a-483f-9e07-d19e754685be
2019-09-20 09:27:17,268 [RatisPipelineUtilsThread] INFO  pipeline.PipelineStateManager (PipelineStateManager.java:addPipeline(56)) - Created pipeline Pipeline[ Id: 5f4fa292-0eb2-4a47-8c03-dda34e79b0a6, Nodes: 871e6485-c22a-483f-9e07-d19e754685be{ip: 192.168.36.99, host: pr-hdds-1569-p5fx8-1226042367, networkLocation: /default-rack, certSerialId: null}, Type:RATIS, Factor:ONE, State:OPEN]
2019-09-20 09:27:17,273 [grpc-default-executor-2] INFO  impl.RaftServerProxy (RaftServerProxy.java:addNew(89)) - fd3cd5f9-4f1c-43ea-91b1-b85a1f6c3825: addNew group-81AC512AC710:[fd3cd5f9-4f1c-43ea-91b1-b85a1f6c3825:192.168.36.99:39114] returns group-81AC512AC710:java.util.concurrent.CompletableFuture@7adf1933[Not completed]
2019-09-20 09:27:17,274 [pool-38-thread-1] INFO  impl.RaftServerImpl (RaftServerImpl.java:<init>(93)) - fd3cd5f9-4f1c-43ea-91b1-b85a1f6c3825: new RaftServerImpl for group-81AC512AC710:[fd3cd5f9-4f1c-43ea-91b1-b85a1f6c3825:192.168.36.99:39114] with ContainerStateMachine:uninitialized
2019-09-20 09:27:17,274 [pool-38-thread-1] INFO  server.RaftServerConfigKeys (ConfUtils.java:logGet(43)) - raft.server.rpc.timeout.min = 5s (custom)
2019-09-20 09:27:17,274 [pool-38-thread-1] INFO  server.RaftServerConfigKeys (ConfUtils.java:logGet(43)) - raft.server.rpc.timeout.max = 5200ms (custom)
2019-09-20 09:27:17,274 [pool-38-thread-1] INFO  server.RaftServerConfigKeys (ConfUtils.java:logGet(43)) - raft.server.rpcslowness.timeout = 10s (custom)
2019-09-20 09:27:17,274 [pool-38-thread-1] INFO  server.RaftServerConfigKeys (ConfUtils.java:logGet(43)) - raft.server.sleep.deviation.threshold = 300 (default)
2019-09-20 09:27:17,274 [pool-38-thread-1] INFO  server.RaftServerConfigKeys (ConfUtils.java:logGet(43)) - raft.server.log.appender.install.snapshot.enabled = false (custom)
2019-09-20 09:27:17,274 [pool-38-thread-1] INFO  impl.RaftServerImpl (ServerState.java:<init>(105)) - fd3cd5f9-4f1c-43ea-91b1-b85a1f6c3825:group-81AC512AC710 ConfigurationManager, init=-1: [fd3cd5f9-4f1c-43ea-91b1-b85a1f6c3825:192.168.36.99:39114], old=null, confs=<EMPTY_MAP>
2019-09-20 09:27:17,275 [pool-38-thread-1] INFO  server.RaftServerConfigKeys (ConfUtils.java:logGet(43)) - raft.server.storage.dir = [/workdir/hadoop-ozone/integration-test/target/test-dir/MiniOzoneClusterImpl-a33d77e5-464b-4d19-8e6b-a171e580bf0e/datanode-1/data/ratis] (custom)
2019-09-20 09:27:17,275 [pool-38-thread-1] INFO  storage.RaftStorageDirectory (RaftStorageDirectory.java:analyzeStorage(246)) - The storage directory /workdir/hadoop-ozone/integration-test/target/test-dir/MiniOzoneClusterImpl-a33d77e5-464b-4d19-8e6b-a171e580bf0e/datanode-1/data/ratis/612f9ad6-fa66-4e0c-b515-81ac512ac710 does not exist. Creating ...
2019-09-20 09:27:17,301 [pool-38-thread-1] INFO  storage.RaftStorageDirectory (RaftStorageDirectory.java:tryLock(328)) - Lock on /workdir/hadoop-ozone/integration-test/target/test-dir/MiniOzoneClusterImpl-a33d77e5-464b-4d19-8e6b-a171e580bf0e/datanode-1/data/ratis/612f9ad6-fa66-4e0c-b515-81ac512ac710/in_use.lock acquired by nodename 7145@pr-hdds-1569-p5fx8-1226042367
2019-09-20 09:27:17,343 [pool-38-thread-1] INFO  storage.RaftStorage (RaftStorage.java:format(72)) - Storage directory /workdir/hadoop-ozone/integration-test/target/test-dir/MiniOzoneClusterImpl-a33d77e5-464b-4d19-8e6b-a171e580bf0e/datanode-1/data/ratis/612f9ad6-fa66-4e0c-b515-81ac512ac710 has been successfully formatted.
2019-09-20 09:27:17,343 [pool-38-thread-1] INFO  ratis.ContainerStateMachine (ContainerStateMachine.java:loadSnapshot(226)) - group-81AC512AC710: The snapshot info is null. Setting the last applied indexto:(t:0, i:~)
2019-09-20 09:27:17,343 [pool-38-thread-1] INFO  server.RaftServerConfigKeys (ConfUtils.java:logGet(43)) - raft.server.leader.election.timeout = 10s (custom)
2019-09-20 09:27:17,343 [pool-38-thread-1] INFO  server.RaftServerConfigKeys (ConfUtils.java:logGet(43)) - raft.server.log.use.memory = false (default)
2019-09-20 09:27:17,343 [pool-38-thread-1] INFO  server.RaftServerConfigKeys (ConfUtils.java:logGet(43)) - raft.server.log.purge.gap = 1000000 (custom)
2019-09-20 09:27:17,343 [pool-38-thread-1] INFO  server.RaftServerConfigKeys (ConfUtils.java:logGet(43)) - raft.server.log.appender.buffer.byte-limit = 33554432 (custom)
2019-09-20 09:27:17,344 [pool-38-thread-1] INFO  server.RaftServerConfigKeys (ConfUtils.java:logGet(43)) - raft.server.log.segment.size.max = 1048576 (custom)
2019-09-20 09:27:17,344 [pool-38-thread-1] INFO  server.RaftServerConfigKeys (ConfUtils.java:logGet(43)) - raft.server.log.segment.cache.num.max = 2 (custom)
2019-09-20 09:27:17,344 [pool-38-thread-1] INFO  segmented.SegmentedRaftLogWorker (SegmentedRaftLogWorker.java:<init>(172)) - new fd3cd5f9-4f1c-43ea-91b1-b85a1f6c3825-SegmentedRaftLogWorker:Storage Directory /workdir/hadoop-ozone/integration-test/target/test-dir/MiniOzoneClusterImpl-a33d77e5-464b-4d19-8e6b-a171e580bf0e/datanode-1/data/ratis/612f9ad6-fa66-4e0c-b515-81ac512ac710 for RaftStorage:Storage Directory /workdir/hadoop-ozone/integration-test/target/test-dir/MiniOzoneClusterImpl-a33d77e5-464b-4d19-8e6b-a171e580bf0e/datanode-1/data/ratis/612f9ad6-fa66-4e0c-b515-81ac512ac710
2019-09-20 09:27:17,344 [pool-38-thread-1] INFO  server.RaftServerConfigKeys (ConfUtils.java:logGet(43)) - raft.server.log.queue.byte-limit = 2147483647 (custom)
2019-09-20 09:27:17,344 [pool-38-thread-1] INFO  server.RaftServerConfigKeys (ConfUtils.java:logGet(43)) - raft.server.log.queue.element-limit = 1024 (custom)
2019-09-20 09:27:17,344 [pool-38-thread-1] INFO  server.RaftServerConfigKeys (ConfUtils.java:logGet(43)) - raft.server.log.segment.size.max = 1048576 (custom)
2019-09-20 09:27:17,344 [pool-38-thread-1] INFO  server.RaftServerConfigKeys (ConfUtils.java:logGet(43)) - raft.server.log.preallocated.size = 16384 (custom)
2019-09-20 09:27:17,344 [pool-38-thread-1] INFO  server.RaftServerConfigKeys (ConfUtils.java:logGet(43)) - raft.server.log.write.buffer.size = 33554432 (custom)
2019-09-20 09:27:17,344 [pool-38-thread-1] INFO  server.RaftServerConfigKeys (ConfUtils.java:logGet(43)) - raft.server.log.force.sync.num = 128 (default)
2019-09-20 09:27:17,344 [pool-38-thread-1] INFO  server.RaftServerConfigKeys (ConfUtils.java:logGet(43)) - raft.server.log.statemachine.data.sync = true (default)
2019-09-20 09:27:17,344 [pool-38-thread-1] INFO  server.RaftServerConfigKeys (ConfUtils.java:logGet(43)) - raft.server.log.statemachine.data.sync.timeout = 10s (default)
2019-09-20 09:27:17,344 [pool-38-thread-1] INFO  server.RaftServerConfigKeys (ConfUtils.java:logGet(43)) - raft.server.log.statemachine.data.sync.timeout.retry = -1 (default)
2019-09-20 09:27:17,345 [pool-38-thread-1] INFO  server.RaftServerConfigKeys (ConfUtils.java:logGet(43)) - raft.server.log.statemachine.data.caching.enabled = true (custom)
2019-09-20 09:27:17,345 [pool-38-thread-1] INFO  segmented.SegmentedRaftLogWorker (SegmentedRaftLogWorker.java:lambda$new$0(132)) - fd3cd5f9-4f1c-43ea-91b1-b85a1f6c3825-SegmentedRaftLogWorker:Storage Directory /workdir/hadoop-ozone/integration-test/target/test-dir/MiniOzoneClusterImpl-a33d77e5-464b-4d19-8e6b-a171e580bf0e/datanode-1/data/ratis/612f9ad6-fa66-4e0c-b515-81ac512ac710: flushIndex: setUnconditionally 0 -> -1
2019-09-20 09:27:17,345 [pool-38-thread-1] INFO  server.RaftServerConfigKeys (ConfUtils.java:logGet(43)) - raft.server.snapshot.auto.trigger.enabled = true (custom)
2019-09-20 09:27:17,345 [pool-38-thread-1] INFO  server.RaftServerConfigKeys (ConfUtils.java:logGet(43)) - raft.server.snapshot.auto.trigger.threshold = 10000 (custom)
2019-09-20 09:27:17,345 [pool-38-thread-1] INFO  server.RaftServerConfigKeys (ConfUtils.java:logGet(43)) - raft.server.retrycache.expirytime = 600000ms (custom)
2019-09-20 09:27:17,345 [pool-38-thread-1] INFO  impl.RaftServerImpl (RaftServerImpl.java:start(180)) - fd3cd5f9-4f1c-43ea-91b1-b85a1f6c3825: start group-81AC512AC710
2019-09-20 09:27:17,345 [pool-38-thread-1] INFO  impl.RaftServerImpl (RaftServerImpl.java:setRole(171)) - fd3cd5f9-4f1c-43ea-91b1-b85a1f6c3825:group-81AC512AC710 changes role from null to FOLLOWER at term 0 for startAsFollower
2019-09-20 09:27:17,346 [pool-38-thread-1] INFO  impl.RoleInfo (RoleInfo.java:updateAndGet(143)) - fd3cd5f9-4f1c-43ea-91b1-b85a1f6c3825: start FollowerState
2019-09-20 09:27:17,346 [pool-38-thread-1] INFO  util.JmxRegister (JmxRegister.java:tryRegister(44)) - Successfully registered JMX Bean with object name Ratis:service=RaftServer,group=group-81AC512AC710,id=fd3cd5f9-4f1c-43ea-91b1-b85a1f6c3825
2019-09-20 09:27:17,349 [RatisPipelineUtilsThread] INFO  pipeline.PipelineStateManager (PipelineStateManager.java:addPipeline(56)) - Created pipeline Pipeline[ Id: 612f9ad6-fa66-4e0c-b515-81ac512ac710, Nodes: fd3cd5f9-4f1c-43ea-91b1-b85a1f6c3825{ip: 192.168.36.99, host: pr-hdds-1569-p5fx8-1226042367, networkLocation: /default-rack, certSerialId: null}, Type:RATIS, Factor:ONE, State:OPEN]
2019-09-20 09:27:17,354 [grpc-default-executor-2] INFO  impl.RaftServerProxy (RaftServerProxy.java:addNew(89)) - 492ed782-6ab3-4ad9-945e-06def6ac7c96: addNew group-890D473D7C7A:[492ed782-6ab3-4ad9-945e-06def6ac7c96:192.168.36.99:32835] returns group-890D473D7C7A:java.util.concurrent.CompletableFuture@3c729b28[Not completed]
2019-09-20 09:27:17,355 [pool-49-thread-1] INFO  impl.RaftServerImpl (RaftServerImpl.java:<init>(93)) - 492ed782-6ab3-4ad9-945e-06def6ac7c96: new RaftServerImpl for group-890D473D7C7A:[492ed782-6ab3-4ad9-945e-06def6ac7c96:192.168.36.99:32835] with ContainerStateMachine:uninitialized
2019-09-20 09:27:17,355 [pool-49-thread-1] INFO  server.RaftServerConfigKeys (ConfUtils.java:logGet(43)) - raft.server.rpc.timeout.min = 5s (custom)
2019-09-20 09:27:17,356 [pool-49-thread-1] INFO  server.RaftServerConfigKeys (ConfUtils.java:logGet(43)) - raft.server.rpc.timeout.max = 5200ms (custom)
2019-09-20 09:27:17,356 [pool-49-thread-1] INFO  server.RaftServerConfigKeys (ConfUtils.java:logGet(43)) - raft.server.rpcslowness.timeout = 10s (custom)
2019-09-20 09:27:17,356 [pool-49-thread-1] INFO  server.RaftServerConfigKeys (ConfUtils.java:logGet(43)) - raft.server.sleep.deviation.threshold = 300 (default)
2019-09-20 09:27:17,356 [pool-49-thread-1] INFO  server.RaftServerConfigKeys (ConfUtils.java:logGet(43)) - raft.server.log.appender.install.snapshot.enabled = false (custom)
2019-09-20 09:27:17,356 [pool-49-thread-1] INFO  impl.RaftServerImpl (ServerState.java:<init>(105)) - 492ed782-6ab3-4ad9-945e-06def6ac7c96:group-890D473D7C7A ConfigurationManager, init=-1: [492ed782-6ab3-4ad9-945e-06def6ac7c96:192.168.36.99:32835], old=null, confs=<EMPTY_MAP>
2019-09-20 09:27:17,356 [pool-49-thread-1] INFO  server.RaftServerConfigKeys (ConfUtils.java:logGet(43)) - raft.server.storage.dir = [/workdir/hadoop-ozone/integration-test/target/test-dir/MiniOzoneClusterImpl-a33d77e5-464b-4d19-8e6b-a171e580bf0e/datanode-2/data/ratis] (custom)
2019-09-20 09:27:17,357 [pool-49-thread-1] INFO  storage.RaftStorageDirectory (RaftStorageDirectory.java:analyzeStorage(246)) - The storage directory /workdir/hadoop-ozone/integration-test/target/test-dir/MiniOzoneClusterImpl-a33d77e5-464b-4d19-8e6b-a171e580bf0e/datanode-2/data/ratis/0fec06e2-20d0-421b-bb9e-890d473d7c7a does not exist. Creating ...
2019-09-20 09:27:17,376 [pool-49-thread-1] INFO  storage.RaftStorageDirectory (RaftStorageDirectory.java:tryLock(328)) - Lock on /workdir/hadoop-ozone/integration-test/target/test-dir/MiniOzoneClusterImpl-a33d77e5-464b-4d19-8e6b-a171e580bf0e/datanode-2/data/ratis/0fec06e2-20d0-421b-bb9e-890d473d7c7a/in_use.lock acquired by nodename 7145@pr-hdds-1569-p5fx8-1226042367
2019-09-20 09:27:17,393 [pool-49-thread-1] INFO  storage.RaftStorage (RaftStorage.java:format(72)) - Storage directory /workdir/hadoop-ozone/integration-test/target/test-dir/MiniOzoneClusterImpl-a33d77e5-464b-4d19-8e6b-a171e580bf0e/datanode-2/data/ratis/0fec06e2-20d0-421b-bb9e-890d473d7c7a has been successfully formatted.
2019-09-20 09:27:17,394 [pool-49-thread-1] INFO  ratis.ContainerStateMachine (ContainerStateMachine.java:loadSnapshot(226)) - group-890D473D7C7A: The snapshot info is null. Setting the last applied indexto:(t:0, i:~)
2019-09-20 09:27:17,394 [pool-49-thread-1] INFO  server.RaftServerConfigKeys (ConfUtils.java:logGet(43)) - raft.server.leader.election.timeout = 10s (custom)
2019-09-20 09:27:17,394 [pool-49-thread-1] INFO  server.RaftServerConfigKeys (ConfUtils.java:logGet(43)) - raft.server.log.use.memory = false (default)
2019-09-20 09:27:17,394 [pool-49-thread-1] INFO  server.RaftServerConfigKeys (ConfUtils.java:logGet(43)) - raft.server.log.purge.gap = 1000000 (custom)
2019-09-20 09:27:17,394 [pool-49-thread-1] INFO  server.RaftServerConfigKeys (ConfUtils.java:logGet(43)) - raft.server.log.appender.buffer.byte-limit = 33554432 (custom)
2019-09-20 09:27:17,395 [pool-49-thread-1] INFO  server.RaftServerConfigKeys (ConfUtils.java:logGet(43)) - raft.server.log.segment.size.max = 1048576 (custom)
2019-09-20 09:27:17,395 [pool-49-thread-1] INFO  server.RaftServerConfigKeys (ConfUtils.java:logGet(43)) - raft.server.log.segment.cache.num.max = 2 (custom)
2019-09-20 09:27:17,395 [pool-49-thread-1] INFO  segmented.SegmentedRaftLogWorker (SegmentedRaftLogWorker.java:<init>(172)) - new 492ed782-6ab3-4ad9-945e-06def6ac7c96-SegmentedRaftLogWorker:Storage Directory /workdir/hadoop-ozone/integration-test/target/test-dir/MiniOzoneClusterImpl-a33d77e5-464b-4d19-8e6b-a171e580bf0e/datanode-2/data/ratis/0fec06e2-20d0-421b-bb9e-890d473d7c7a for RaftStorage:Storage Directory /workdir/hadoop-ozone/integration-test/target/test-dir/MiniOzoneClusterImpl-a33d77e5-464b-4d19-8e6b-a171e580bf0e/datanode-2/data/ratis/0fec06e2-20d0-421b-bb9e-890d473d7c7a
2019-09-20 09:27:17,395 [pool-49-thread-1] INFO  server.RaftServerConfigKeys (ConfUtils.java:logGet(43)) - raft.server.log.queue.byte-limit = 2147483647 (custom)
2019-09-20 09:27:17,395 [pool-49-thread-1] INFO  server.RaftServerConfigKeys (ConfUtils.java:logGet(43)) - raft.server.log.queue.element-limit = 1024 (custom)
2019-09-20 09:27:17,395 [pool-49-thread-1] INFO  server.RaftServerConfigKeys (ConfUtils.java:logGet(43)) - raft.server.log.segment.size.max = 1048576 (custom)
2019-09-20 09:27:17,395 [pool-49-thread-1] INFO  server.RaftServerConfigKeys (ConfUtils.java:logGet(43)) - raft.server.log.preallocated.size = 16384 (custom)
2019-09-20 09:27:17,395 [pool-49-thread-1] INFO  server.RaftServerConfigKeys (ConfUtils.java:logGet(43)) - raft.server.log.write.buffer.size = 33554432 (custom)
2019-09-20 09:27:17,396 [pool-49-thread-1] INFO  server.RaftServerConfigKeys (ConfUtils.java:logGet(43)) - raft.server.log.force.sync.num = 128 (default)
2019-09-20 09:27:17,396 [pool-49-thread-1] INFO  server.RaftServerConfigKeys (ConfUtils.java:logGet(43)) - raft.server.log.statemachine.data.sync = true (default)
2019-09-20 09:27:17,396 [pool-49-thread-1] INFO  server.RaftServerConfigKeys (ConfUtils.java:logGet(43)) - raft.server.log.statemachine.data.sync.timeout = 10s (default)
2019-09-20 09:27:17,396 [pool-49-thread-1] INFO  server.RaftServerConfigKeys (ConfUtils.java:logGet(43)) - raft.server.log.statemachine.data.sync.timeout.retry = -1 (default)
2019-09-20 09:27:17,396 [pool-49-thread-1] INFO  server.RaftServerConfigKeys (ConfUtils.java:logGet(43)) - raft.server.log.statemachine.data.caching.enabled = true (custom)
2019-09-20 09:27:17,396 [pool-49-thread-1] INFO  segmented.SegmentedRaftLogWorker (SegmentedRaftLogWorker.java:lambda$new$0(132)) - 492ed782-6ab3-4ad9-945e-06def6ac7c96-SegmentedRaftLogWorker:Storage Directory /workdir/hadoop-ozone/integration-test/target/test-dir/MiniOzoneClusterImpl-a33d77e5-464b-4d19-8e6b-a171e580bf0e/datanode-2/data/ratis/0fec06e2-20d0-421b-bb9e-890d473d7c7a: flushIndex: setUnconditionally 0 -> -1
2019-09-20 09:27:17,397 [pool-49-thread-1] INFO  server.RaftServerConfigKeys (ConfUtils.java:logGet(43)) - raft.server.snapshot.auto.trigger.enabled = true (custom)
2019-09-20 09:27:17,397 [pool-49-thread-1] INFO  server.RaftServerConfigKeys (ConfUtils.java:logGet(43)) - raft.server.snapshot.auto.trigger.threshold = 10000 (custom)
2019-09-20 09:27:17,397 [pool-49-thread-1] INFO  server.RaftServerConfigKeys (ConfUtils.java:logGet(43)) - raft.server.retrycache.expirytime = 600000ms (custom)
2019-09-20 09:27:17,397 [pool-49-thread-1] INFO  impl.RaftServerImpl (RaftServerImpl.java:start(180)) - 492ed782-6ab3-4ad9-945e-06def6ac7c96: start group-890D473D7C7A
2019-09-20 09:27:17,397 [pool-49-thread-1] INFO  impl.RaftServerImpl (RaftServerImpl.java:setRole(171)) - 492ed782-6ab3-4ad9-945e-06def6ac7c96:group-890D473D7C7A changes role from null to FOLLOWER at term 0 for startAsFollower
2019-09-20 09:27:17,397 [pool-49-thread-1] INFO  impl.RoleInfo (RoleInfo.java:updateAndGet(143)) - 492ed782-6ab3-4ad9-945e-06def6ac7c96: start FollowerState
2019-09-20 09:27:17,398 [pool-49-thread-1] INFO  util.JmxRegister (JmxRegister.java:tryRegister(44)) - Successfully registered JMX Bean with object name Ratis:service=RaftServer,group=group-890D473D7C7A,id=492ed782-6ab3-4ad9-945e-06def6ac7c96
2019-09-20 09:27:17,400 [RatisPipelineUtilsThread] INFO  pipeline.PipelineStateManager (PipelineStateManager.java:addPipeline(56)) - Created pipeline Pipeline[ Id: 0fec06e2-20d0-421b-bb9e-890d473d7c7a, Nodes: 492ed782-6ab3-4ad9-945e-06def6ac7c96{ip: 192.168.36.99, host: pr-hdds-1569-p5fx8-1226042367, networkLocation: /default-rack, certSerialId: null}, Type:RATIS, Factor:ONE, State:OPEN]
2019-09-20 09:27:17,405 [grpc-default-executor-2] INFO  impl.RaftServerProxy (RaftServerProxy.java:addNew(89)) - 02b93e76-e4c6-4b67-b8a4-c536d9ab7224: addNew group-47261CD7EFDA:[02b93e76-e4c6-4b67-b8a4-c536d9ab7224:192.168.36.99:39343] returns group-47261CD7EFDA:java.util.concurrent.CompletableFuture@38c84930[Not completed]
2019-09-20 09:27:17,406 [pool-27-thread-1] INFO  impl.RaftServerImpl (RaftServerImpl.java:<init>(93)) - 02b93e76-e4c6-4b67-b8a4-c536d9ab7224: new RaftServerImpl for group-47261CD7EFDA:[02b93e76-e4c6-4b67-b8a4-c536d9ab7224:192.168.36.99:39343] with ContainerStateMachine:uninitialized
2019-09-20 09:27:17,406 [pool-27-thread-1] INFO  server.RaftServerConfigKeys (ConfUtils.java:logGet(43)) - raft.server.rpc.timeout.min = 5s (custom)
2019-09-20 09:27:17,407 [pool-27-thread-1] INFO  server.RaftServerConfigKeys (ConfUtils.java:logGet(43)) - raft.server.rpc.timeout.max = 5200ms (custom)
2019-09-20 09:27:17,407 [pool-27-thread-1] INFO  server.RaftServerConfigKeys (ConfUtils.java:logGet(43)) - raft.server.rpcslowness.timeout = 10s (custom)
2019-09-20 09:27:17,407 [pool-27-thread-1] INFO  server.RaftServerConfigKeys (ConfUtils.java:logGet(43)) - raft.server.sleep.deviation.threshold = 300 (default)
2019-09-20 09:27:17,407 [pool-27-thread-1] INFO  server.RaftServerConfigKeys (ConfUtils.java:logGet(43)) - raft.server.log.appender.install.snapshot.enabled = false (custom)
2019-09-20 09:27:17,407 [pool-27-thread-1] INFO  impl.RaftServerImpl (ServerState.java:<init>(105)) - 02b93e76-e4c6-4b67-b8a4-c536d9ab7224:group-47261CD7EFDA ConfigurationManager, init=-1: [02b93e76-e4c6-4b67-b8a4-c536d9ab7224:192.168.36.99:39343], old=null, confs=<EMPTY_MAP>
2019-09-20 09:27:17,407 [pool-27-thread-1] INFO  server.RaftServerConfigKeys (ConfUtils.java:logGet(43)) - raft.server.storage.dir = [/workdir/hadoop-ozone/integration-test/target/test-dir/MiniOzoneClusterImpl-a33d77e5-464b-4d19-8e6b-a171e580bf0e/datanode-0/data/ratis] (custom)
2019-09-20 09:27:17,407 [pool-27-thread-1] INFO  storage.RaftStorageDirectory (RaftStorageDirectory.java:analyzeStorage(246)) - The storage directory /workdir/hadoop-ozone/integration-test/target/test-dir/MiniOzoneClusterImpl-a33d77e5-464b-4d19-8e6b-a171e580bf0e/datanode-0/data/ratis/952b8f30-c2db-42e1-8523-47261cd7efda does not exist. Creating ...
2019-09-20 09:27:17,427 [pool-27-thread-1] INFO  storage.RaftStorageDirectory (RaftStorageDirectory.java:tryLock(328)) - Lock on /workdir/hadoop-ozone/integration-test/target/test-dir/MiniOzoneClusterImpl-a33d77e5-464b-4d19-8e6b-a171e580bf0e/datanode-0/data/ratis/952b8f30-c2db-42e1-8523-47261cd7efda/in_use.lock acquired by nodename 7145@pr-hdds-1569-p5fx8-1226042367
2019-09-20 09:27:17,453 [pool-27-thread-1] INFO  storage.RaftStorage (RaftStorage.java:format(72)) - Storage directory /workdir/hadoop-ozone/integration-test/target/test-dir/MiniOzoneClusterImpl-a33d77e5-464b-4d19-8e6b-a171e580bf0e/datanode-0/data/ratis/952b8f30-c2db-42e1-8523-47261cd7efda has been successfully formatted.
2019-09-20 09:27:17,453 [pool-27-thread-1] INFO  ratis.ContainerStateMachine (ContainerStateMachine.java:loadSnapshot(226)) - group-47261CD7EFDA: The snapshot info is null. Setting the last applied indexto:(t:0, i:~)
2019-09-20 09:27:17,453 [pool-27-thread-1] INFO  server.RaftServerConfigKeys (ConfUtils.java:logGet(43)) - raft.server.leader.election.timeout = 10s (custom)
2019-09-20 09:27:17,453 [pool-27-thread-1] INFO  server.RaftServerConfigKeys (ConfUtils.java:logGet(43)) - raft.server.log.use.memory = false (default)
2019-09-20 09:27:17,453 [pool-27-thread-1] INFO  server.RaftServerConfigKeys (ConfUtils.java:logGet(43)) - raft.server.log.purge.gap = 1000000 (custom)
2019-09-20 09:27:17,453 [pool-27-thread-1] INFO  server.RaftServerConfigKeys (ConfUtils.java:logGet(43)) - raft.server.log.appender.buffer.byte-limit = 33554432 (custom)
2019-09-20 09:27:17,454 [pool-27-thread-1] INFO  server.RaftServerConfigKeys (ConfUtils.java:logGet(43)) - raft.server.log.segment.size.max = 1048576 (custom)
2019-09-20 09:27:17,454 [pool-27-thread-1] INFO  server.RaftServerConfigKeys (ConfUtils.java:logGet(43)) - raft.server.log.segment.cache.num.max = 2 (custom)
2019-09-20 09:27:17,454 [pool-27-thread-1] INFO  segmented.SegmentedRaftLogWorker (SegmentedRaftLogWorker.java:<init>(172)) - new 02b93e76-e4c6-4b67-b8a4-c536d9ab7224-SegmentedRaftLogWorker:Storage Directory /workdir/hadoop-ozone/integration-test/target/test-dir/MiniOzoneClusterImpl-a33d77e5-464b-4d19-8e6b-a171e580bf0e/datanode-0/data/ratis/952b8f30-c2db-42e1-8523-47261cd7efda for RaftStorage:Storage Directory /workdir/hadoop-ozone/integration-test/target/test-dir/MiniOzoneClusterImpl-a33d77e5-464b-4d19-8e6b-a171e580bf0e/datanode-0/data/ratis/952b8f30-c2db-42e1-8523-47261cd7efda
2019-09-20 09:27:17,454 [pool-27-thread-1] INFO  server.RaftServerConfigKeys (ConfUtils.java:logGet(43)) - raft.server.log.queue.byte-limit = 2147483647 (custom)
2019-09-20 09:27:17,454 [pool-27-thread-1] INFO  server.RaftServerConfigKeys (ConfUtils.java:logGet(43)) - raft.server.log.queue.element-limit = 1024 (custom)
2019-09-20 09:27:17,454 [pool-27-thread-1] INFO  server.RaftServerConfigKeys (ConfUtils.java:logGet(43)) - raft.server.log.segment.size.max = 1048576 (custom)
2019-09-20 09:27:17,454 [pool-27-thread-1] INFO  server.RaftServerConfigKeys (ConfUtils.java:logGet(43)) - raft.server.log.preallocated.size = 16384 (custom)
2019-09-20 09:27:17,454 [pool-27-thread-1] INFO  server.RaftServerConfigKeys (ConfUtils.java:logGet(43)) - raft.server.log.write.buffer.size = 33554432 (custom)
2019-09-20 09:27:17,454 [pool-27-thread-1] INFO  server.RaftServerConfigKeys (ConfUtils.java:logGet(43)) - raft.server.log.force.sync.num = 128 (default)
2019-09-20 09:27:17,454 [pool-27-thread-1] INFO  server.RaftServerConfigKeys (ConfUtils.java:logGet(43)) - raft.server.log.statemachine.data.sync = true (default)
2019-09-20 09:27:17,454 [pool-27-thread-1] INFO  server.RaftServerConfigKeys (ConfUtils.java:logGet(43)) - raft.server.log.statemachine.data.sync.timeout = 10s (default)
2019-09-20 09:27:17,455 [pool-27-thread-1] INFO  server.RaftServerConfigKeys (ConfUtils.java:logGet(43)) - raft.server.log.statemachine.data.sync.timeout.retry = -1 (default)
2019-09-20 09:27:17,455 [pool-27-thread-1] INFO  server.RaftServerConfigKeys (ConfUtils.java:logGet(43)) - raft.server.log.statemachine.data.caching.enabled = true (custom)
2019-09-20 09:27:17,455 [pool-27-thread-1] INFO  segmented.SegmentedRaftLogWorker (SegmentedRaftLogWorker.java:lambda$new$0(132)) - 02b93e76-e4c6-4b67-b8a4-c536d9ab7224-SegmentedRaftLogWorker:Storage Directory /workdir/hadoop-ozone/integration-test/target/test-dir/MiniOzoneClusterImpl-a33d77e5-464b-4d19-8e6b-a171e580bf0e/datanode-0/data/ratis/952b8f30-c2db-42e1-8523-47261cd7efda: flushIndex: setUnconditionally 0 -> -1
2019-09-20 09:27:17,455 [pool-27-thread-1] INFO  server.RaftServerConfigKeys (ConfUtils.java:logGet(43)) - raft.server.snapshot.auto.trigger.enabled = true (custom)
2019-09-20 09:27:17,455 [pool-27-thread-1] INFO  server.RaftServerConfigKeys (ConfUtils.java:logGet(43)) - raft.server.snapshot.auto.trigger.threshold = 10000 (custom)
2019-09-20 09:27:17,455 [pool-27-thread-1] INFO  server.RaftServerConfigKeys (ConfUtils.java:logGet(43)) - raft.server.retrycache.expirytime = 600000ms (custom)
2019-09-20 09:27:17,455 [pool-27-thread-1] INFO  impl.RaftServerImpl (RaftServerImpl.java:start(180)) - 02b93e76-e4c6-4b67-b8a4-c536d9ab7224: start group-47261CD7EFDA
2019-09-20 09:27:17,456 [pool-27-thread-1] INFO  impl.RaftServerImpl (RaftServerImpl.java:setRole(171)) - 02b93e76-e4c6-4b67-b8a4-c536d9ab7224:group-47261CD7EFDA changes role from null to FOLLOWER at term 0 for startAsFollower
2019-09-20 09:27:17,456 [pool-27-thread-1] INFO  impl.RoleInfo (RoleInfo.java:updateAndGet(143)) - 02b93e76-e4c6-4b67-b8a4-c536d9ab7224: start FollowerState
2019-09-20 09:27:17,456 [pool-27-thread-1] INFO  util.JmxRegister (JmxRegister.java:tryRegister(44)) - Successfully registered JMX Bean with object name Ratis:service=RaftServer,group=group-47261CD7EFDA,id=02b93e76-e4c6-4b67-b8a4-c536d9ab7224
2019-09-20 09:27:17,458 [RatisPipelineUtilsThread] INFO  pipeline.PipelineStateManager (PipelineStateManager.java:addPipeline(56)) - Created pipeline Pipeline[ Id: 952b8f30-c2db-42e1-8523-47261cd7efda, Nodes: 02b93e76-e4c6-4b67-b8a4-c536d9ab7224{ip: 192.168.36.99, host: pr-hdds-1569-p5fx8-1226042367, networkLocation: /default-rack, certSerialId: null}, Type:RATIS, Factor:ONE, State:OPEN]
2019-09-20 09:27:17,463 [grpc-default-executor-2] INFO  impl.RaftServerProxy (RaftServerProxy.java:addNew(89)) - 02b93e76-e4c6-4b67-b8a4-c536d9ab7224: addNew group-FA2D925D22FE:[02b93e76-e4c6-4b67-b8a4-c536d9ab7224:192.168.36.99:39343] returns group-FA2D925D22FE:java.util.concurrent.CompletableFuture@6a391a07[Not completed]
2019-09-20 09:27:17,464 [pool-27-thread-1] INFO  impl.RaftServerImpl (RaftServerImpl.java:<init>(93)) - 02b93e76-e4c6-4b67-b8a4-c536d9ab7224: new RaftServerImpl for group-FA2D925D22FE:[02b93e76-e4c6-4b67-b8a4-c536d9ab7224:192.168.36.99:39343] with ContainerStateMachine:uninitialized
2019-09-20 09:27:17,464 [pool-27-thread-1] INFO  server.RaftServerConfigKeys (ConfUtils.java:logGet(43)) - raft.server.rpc.timeout.min = 5s (custom)
2019-09-20 09:27:17,464 [pool-27-thread-1] INFO  server.RaftServerConfigKeys (ConfUtils.java:logGet(43)) - raft.server.rpc.timeout.max = 5200ms (custom)
2019-09-20 09:27:17,464 [pool-27-thread-1] INFO  server.RaftServerConfigKeys (ConfUtils.java:logGet(43)) - raft.server.rpcslowness.timeout = 10s (custom)
2019-09-20 09:27:17,464 [pool-27-thread-1] INFO  server.RaftServerConfigKeys (ConfUtils.java:logGet(43)) - raft.server.sleep.deviation.threshold = 300 (default)
2019-09-20 09:27:17,464 [pool-27-thread-1] INFO  server.RaftServerConfigKeys (ConfUtils.java:logGet(43)) - raft.server.log.appender.install.snapshot.enabled = false (custom)
2019-09-20 09:27:17,464 [pool-27-thread-1] INFO  impl.RaftServerImpl (ServerState.java:<init>(105)) - 02b93e76-e4c6-4b67-b8a4-c536d9ab7224:group-FA2D925D22FE ConfigurationManager, init=-1: [02b93e76-e4c6-4b67-b8a4-c536d9ab7224:192.168.36.99:39343], old=null, confs=<EMPTY_MAP>
2019-09-20 09:27:17,464 [pool-27-thread-1] INFO  server.RaftServerConfigKeys (ConfUtils.java:logGet(43)) - raft.server.storage.dir = [/workdir/hadoop-ozone/integration-test/target/test-dir/MiniOzoneClusterImpl-a33d77e5-464b-4d19-8e6b-a171e580bf0e/datanode-0/data/ratis] (custom)
2019-09-20 09:27:17,465 [pool-27-thread-1] INFO  storage.RaftStorageDirectory (RaftStorageDirectory.java:analyzeStorage(246)) - The storage directory /workdir/hadoop-ozone/integration-test/target/test-dir/MiniOzoneClusterImpl-a33d77e5-464b-4d19-8e6b-a171e580bf0e/datanode-0/data/ratis/4b64e495-6f54-497b-a6ec-fa2d925d22fe does not exist. Creating ...
2019-09-20 09:27:17,505 [fd3cd5f9-4f1c-43ea-91b1-b85a1f6c3825-SegmentedRaftLogWorker:Storage Directory /workdir/hadoop-ozone/integration-test/target/test-dir/MiniOzoneClusterImpl-a33d77e5-464b-4d19-8e6b-a171e580bf0e/datanode-1/data/ratis/0b8e0f6d-f4b7-4696-9410-b2b5ede21c69] ERROR segmented.SegmentedRaftLogWorker (SegmentedRaftLogWorker.java:run(323)) - fd3cd5f9-4f1c-43ea-91b1-b85a1f6c3825-SegmentedRaftLogWorker:Storage Directory /workdir/hadoop-ozone/integration-test/target/test-dir/MiniOzoneClusterImpl-a33d77e5-464b-4d19-8e6b-a171e580bf0e/datanode-1/data/ratis/0b8e0f6d-f4b7-4696-9410-b2b5ede21c69 hit exception
java.lang.OutOfMemoryError: Direct buffer memory
	at java.nio.Bits.reserveMemory(Bits.java:666)
	at java.nio.DirectByteBuffer.<init>(DirectByteBuffer.java:123)
	at java.nio.ByteBuffer.allocateDirect(ByteBuffer.java:311)
	at org.apache.ratis.server.raftlog.segmented.BufferedWriteChannel.<init>(BufferedWriteChannel.java:41)
	at org.apache.ratis.server.raftlog.segmented.SegmentedRaftLogOutputStream.<init>(SegmentedRaftLogOutputStream.java:72)
	at org.apache.ratis.server.raftlog.segmented.SegmentedRaftLogWorker$StartLogSegment.execute(SegmentedRaftLogWorker.java:566)
	at org.apache.ratis.server.raftlog.segmented.SegmentedRaftLogWorker.run(SegmentedRaftLogWorker.java:289)
	at java.lang.Thread.run(Thread.java:748)
2019-09-20 09:27:17,506 [fd3cd5f9-4f1c-43ea-91b1-b85a1f6c3825-SegmentedRaftLogWorker:Storage Directory /workdir/hadoop-ozone/integration-test/target/test-dir/MiniOzoneClusterImpl-a33d77e5-464b-4d19-8e6b-a171e580bf0e/datanode-1/data/ratis/0b8e0f6d-f4b7-4696-9410-b2b5ede21c69] INFO  impl.RaftServerImpl (RaftServerImpl.java:lambda$shutdown$3(245)) - fd3cd5f9-4f1c-43ea-91b1-b85a1f6c3825: shutdown group-B2B5EDE21C69
2019-09-20 09:27:17,506 [fd3cd5f9-4f1c-43ea-91b1-b85a1f6c3825-SegmentedRaftLogWorker:Storage Directory /workdir/hadoop-ozone/integration-test/target/test-dir/MiniOzoneClusterImpl-a33d77e5-464b-4d19-8e6b-a171e580bf0e/datanode-1/data/ratis/0b8e0f6d-f4b7-4696-9410-b2b5ede21c69] INFO  util.JmxRegister (JmxRegister.java:unregister(73)) - Successfully un-registered JMX Bean with object name Ratis:service=RaftServer,group=group-B2B5EDE21C69,id=fd3cd5f9-4f1c-43ea-91b1-b85a1f6c3825
2019-09-20 09:27:17,506 [fd3cd5f9-4f1c-43ea-91b1-b85a1f6c3825-SegmentedRaftLogWorker:Storage Directory /workdir/hadoop-ozone/integration-test/target/test-dir/MiniOzoneClusterImpl-a33d77e5-464b-4d19-8e6b-a171e580bf0e/datanode-1/data/ratis/0b8e0f6d-f4b7-4696-9410-b2b5ede21c69] INFO  impl.RoleInfo (RoleInfo.java:shutdownLeaderState(104)) - fd3cd5f9-4f1c-43ea-91b1-b85a1f6c3825: shutdown LeaderState
2019-09-20 09:27:17,506 [fd3cd5f9-4f1c-43ea-91b1-b85a1f6c3825-SegmentedRaftLogWorker:Storage Directory /workdir/hadoop-ozone/integration-test/target/test-dir/MiniOzoneClusterImpl-a33d77e5-464b-4d19-8e6b-a171e580bf0e/datanode-1/data/ratis/0b8e0f6d-f4b7-4696-9410-b2b5ede21c69] INFO  impl.PendingRequests (PendingRequests.java:sendNotLeaderResponses(202)) - fd3cd5f9-4f1c-43ea-91b1-b85a1f6c3825-PendingRequests: sendNotLeaderResponses
2019-09-20 09:27:17,506 [fd3cd5f9-4f1c-43ea-91b1-b85a1f6c3825-SegmentedRaftLogWorker:Storage Directory /workdir/hadoop-ozone/integration-test/target/test-dir/MiniOzoneClusterImpl-a33d77e5-464b-4d19-8e6b-a171e580bf0e/datanode-1/data/ratis/0b8e0f6d-f4b7-4696-9410-b2b5ede21c69] INFO  impl.StateMachineUpdater (StateMachineUpdater.java:stopAndJoin(115)) - StateMachineUpdater:fd3cd5f9-4f1c-43ea-91b1-b85a1f6c3825:group-B2B5EDE21C69: set stopIndex = -1
2019-09-20 09:27:17,506 [fd3cd5f9-4f1c-43ea-91b1-b85a1f6c3825-SegmentedRaftLogWorker:Storage Directory /workdir/hadoop-ozone/integration-test/target/test-dir/MiniOzoneClusterImpl-a33d77e5-464b-4d19-8e6b-a171e580bf0e/datanode-1/data/ratis/0b8e0f6d-f4b7-4696-9410-b2b5ede21c69] INFO  impl.RaftServerImpl (ServerState.java:close(394)) - fd3cd5f9-4f1c-43ea-91b1-b85a1f6c3825:group-B2B5EDE21C69 closes. The last applied log index is -1
2019-09-20 09:27:17,507 [fd3cd5f9-4f1c-43ea-91b1-b85a1f6c3825-SegmentedRaftLogWorker:Storage Directory /workdir/hadoop-ozone/integration-test/target/test-dir/MiniOzoneClusterImpl-a33d77e5-464b-4d19-8e6b-a171e580bf0e/datanode-1/data/ratis/0b8e0f6d-f4b7-4696-9410-b2b5ede21c69] INFO  segmented.SegmentedRaftLogWorker (SegmentedRaftLogWorker.java:close(228)) - fd3cd5f9-4f1c-43ea-91b1-b85a1f6c3825-SegmentedRaftLogWorker:Storage Directory /workdir/hadoop-ozone/integration-test/target/test-dir/MiniOzoneClusterImpl-a33d77e5-464b-4d19-8e6b-a171e580bf0e/datanode-1/data/ratis/0b8e0f6d-f4b7-4696-9410-b2b5ede21c69 close()
2019-09-20 09:27:17,511 [pool-27-thread-1] INFO  storage.RaftStorageDirectory (RaftStorageDirectory.java:tryLock(328)) - Lock on /workdir/hadoop-ozone/integration-test/target/test-dir/MiniOzoneClusterImpl-a33d77e5-464b-4d19-8e6b-a171e580bf0e/datanode-0/data/ratis/4b64e495-6f54-497b-a6ec-fa2d925d22fe/in_use.lock acquired by nodename 7145@pr-hdds-1569-p5fx8-1226042367
2019-09-20 09:27:17,553 [pool-27-thread-1] INFO  storage.RaftStorage (RaftStorage.java:format(72)) - Storage directory /workdir/hadoop-ozone/integration-test/target/test-dir/MiniOzoneClusterImpl-a33d77e5-464b-4d19-8e6b-a171e580bf0e/datanode-0/data/ratis/4b64e495-6f54-497b-a6ec-fa2d925d22fe has been successfully formatted.
2019-09-20 09:27:17,554 [pool-27-thread-1] INFO  ratis.ContainerStateMachine (ContainerStateMachine.java:loadSnapshot(226)) - group-FA2D925D22FE: The snapshot info is null. Setting the last applied indexto:(t:0, i:~)
2019-09-20 09:27:17,554 [pool-27-thread-1] INFO  server.RaftServerConfigKeys (ConfUtils.java:logGet(43)) - raft.server.leader.election.timeout = 10s (custom)
2019-09-20 09:27:17,554 [pool-27-thread-1] INFO  server.RaftServerConfigKeys (ConfUtils.java:logGet(43)) - raft.server.log.use.memory = false (default)
2019-09-20 09:27:17,554 [pool-27-thread-1] INFO  server.RaftServerConfigKeys (ConfUtils.java:logGet(43)) - raft.server.log.purge.gap = 1000000 (custom)
2019-09-20 09:27:17,554 [pool-27-thread-1] INFO  server.RaftServerConfigKeys (ConfUtils.java:logGet(43)) - raft.server.log.appender.buffer.byte-limit = 33554432 (custom)
2019-09-20 09:27:17,554 [pool-27-thread-1] INFO  server.RaftServerConfigKeys (ConfUtils.java:logGet(43)) - raft.server.log.segment.size.max = 1048576 (custom)
2019-09-20 09:27:17,555 [pool-27-thread-1] INFO  server.RaftServerConfigKeys (ConfUtils.java:logGet(43)) - raft.server.log.segment.cache.num.max = 2 (custom)
2019-09-20 09:27:17,555 [pool-27-thread-1] INFO  segmented.SegmentedRaftLogWorker (SegmentedRaftLogWorker.java:<init>(172)) - new 02b93e76-e4c6-4b67-b8a4-c536d9ab7224-SegmentedRaftLogWorker:Storage Directory /workdir/hadoop-ozone/integration-test/target/test-dir/MiniOzoneClusterImpl-a33d77e5-464b-4d19-8e6b-a171e580bf0e/datanode-0/data/ratis/4b64e495-6f54-497b-a6ec-fa2d925d22fe for RaftStorage:Storage Directory /workdir/hadoop-ozone/integration-test/target/test-dir/MiniOzoneClusterImpl-a33d77e5-464b-4d19-8e6b-a171e580bf0e/datanode-0/data/ratis/4b64e495-6f54-497b-a6ec-fa2d925d22fe
2019-09-20 09:27:17,555 [pool-27-thread-1] INFO  server.RaftServerConfigKeys (ConfUtils.java:logGet(43)) - raft.server.log.queue.byte-limit = 2147483647 (custom)
2019-09-20 09:27:17,555 [pool-27-thread-1] INFO  server.RaftServerConfigKeys (ConfUtils.java:logGet(43)) - raft.server.log.queue.element-limit = 1024 (custom)
2019-09-20 09:27:17,555 [pool-27-thread-1] INFO  server.RaftServerConfigKeys (ConfUtils.java:logGet(43)) - raft.server.log.segment.size.max = 1048576 (custom)
2019-09-20 09:27:17,555 [pool-27-thread-1] INFO  server.RaftServerConfigKeys (ConfUtils.java:logGet(43)) - raft.server.log.preallocated.size = 16384 (custom)
2019-09-20 09:27:17,556 [pool-27-thread-1] INFO  server.RaftServerConfigKeys (ConfUtils.java:logGet(43)) - raft.server.log.write.buffer.size = 33554432 (custom)
2019-09-20 09:27:17,556 [pool-27-thread-1] INFO  server.RaftServerConfigKeys (ConfUtils.java:logGet(43)) - raft.server.log.force.sync.num = 128 (default)
2019-09-20 09:27:17,556 [pool-27-thread-1] INFO  server.RaftServerConfigKeys (ConfUtils.java:logGet(43)) - raft.server.log.statemachine.data.sync = true (default)
2019-09-20 09:27:17,556 [pool-27-thread-1] INFO  server.RaftServerConfigKeys (ConfUtils.java:logGet(43)) - raft.server.log.statemachine.data.sync.timeout = 10s (default)
2019-09-20 09:27:17,556 [pool-27-thread-1] INFO  server.RaftServerConfigKeys (ConfUtils.java:logGet(43)) - raft.server.log.statemachine.data.sync.timeout.retry = -1 (default)
2019-09-20 09:27:17,556 [pool-27-thread-1] INFO  server.RaftServerConfigKeys (ConfUtils.java:logGet(43)) - raft.server.log.statemachine.data.caching.enabled = true (custom)
2019-09-20 09:27:17,557 [pool-27-thread-1] INFO  segmented.SegmentedRaftLogWorker (SegmentedRaftLogWorker.java:lambda$new$0(132)) - 02b93e76-e4c6-4b67-b8a4-c536d9ab7224-SegmentedRaftLogWorker:Storage Directory /workdir/hadoop-ozone/integration-test/target/test-dir/MiniOzoneClusterImpl-a33d77e5-464b-4d19-8e6b-a171e580bf0e/datanode-0/data/ratis/4b64e495-6f54-497b-a6ec-fa2d925d22fe: flushIndex: setUnconditionally 0 -> -1
2019-09-20 09:27:17,557 [pool-27-thread-1] INFO  server.RaftServerConfigKeys (ConfUtils.java:logGet(43)) - raft.server.snapshot.auto.trigger.enabled = true (custom)
2019-09-20 09:27:17,557 [pool-27-thread-1] INFO  server.RaftServerConfigKeys (ConfUtils.java:logGet(43)) - raft.server.snapshot.auto.trigger.threshold = 10000 (custom)
2019-09-20 09:27:17,558 [pool-27-thread-1] INFO  server.RaftServerConfigKeys (ConfUtils.java:logGet(43)) - raft.server.retrycache.expirytime = 600000ms (custom)
2019-09-20 09:27:17,558 [pool-27-thread-1] INFO  impl.RaftServerImpl (RaftServerImpl.java:start(180)) - 02b93e76-e4c6-4b67-b8a4-c536d9ab7224: start group-FA2D925D22FE
2019-09-20 09:27:17,558 [pool-27-thread-1] INFO  impl.RaftServerImpl (RaftServerImpl.java:setRole(171)) - 02b93e76-e4c6-4b67-b8a4-c536d9ab7224:group-FA2D925D22FE changes role from null to FOLLOWER at term 0 for startAsFollower
2019-09-20 09:27:17,558 [pool-27-thread-1] INFO  impl.RoleInfo (RoleInfo.java:updateAndGet(143)) - 02b93e76-e4c6-4b67-b8a4-c536d9ab7224: start FollowerState
2019-09-20 09:27:17,559 [pool-27-thread-1] INFO  util.JmxRegister (JmxRegister.java:tryRegister(44)) - Successfully registered JMX Bean with object name Ratis:service=RaftServer,group=group-FA2D925D22FE,id=02b93e76-e4c6-4b67-b8a4-c536d9ab7224
2019-09-20 09:27:17,561 [RatisPipelineUtilsThread] INFO  pipeline.PipelineStateManager (PipelineStateManager.java:addPipeline(56)) - Created pipeline Pipeline[ Id: 4b64e495-6f54-497b-a6ec-fa2d925d22fe, Nodes: 02b93e76-e4c6-4b67-b8a4-c536d9ab7224{ip: 192.168.36.99, host: pr-hdds-1569-p5fx8-1226042367, networkLocation: /default-rack, certSerialId: null}, Type:RATIS, Factor:ONE, State:OPEN]
2019-09-20 09:27:17,566 [grpc-default-executor-2] INFO  impl.RaftServerProxy (RaftServerProxy.java:addNew(89)) - fd3cd5f9-4f1c-43ea-91b1-b85a1f6c3825: addNew group-E81D6153ACAD:[fd3cd5f9-4f1c-43ea-91b1-b85a1f6c3825:192.168.36.99:39114] returns group-E81D6153ACAD:java.util.concurrent.CompletableFuture@4c8ccabf[Not completed]
2019-09-20 09:27:17,567 [pool-38-thread-1] INFO  impl.RaftServerImpl (RaftServerImpl.java:<init>(93)) - fd3cd5f9-4f1c-43ea-91b1-b85a1f6c3825: new RaftServerImpl for group-E81D6153ACAD:[fd3cd5f9-4f1c-43ea-91b1-b85a1f6c3825:192.168.36.99:39114] with ContainerStateMachine:uninitialized
2019-09-20 09:27:17,567 [pool-38-thread-1] INFO  server.RaftServerConfigKeys (ConfUtils.java:logGet(43)) - raft.server.rpc.timeout.min = 5s (custom)
2019-09-20 09:27:17,567 [pool-38-thread-1] INFO  server.RaftServerConfigKeys (ConfUtils.java:logGet(43)) - raft.server.rpc.timeout.max = 5200ms (custom)
2019-09-20 09:27:17,568 [pool-38-thread-1] INFO  server.RaftServerConfigKeys (ConfUtils.java:logGet(43)) - raft.server.rpcslowness.timeout = 10s (custom)
2019-09-20 09:27:17,568 [pool-38-thread-1] INFO  server.RaftServerConfigKeys (ConfUtils.java:logGet(43)) - raft.server.sleep.deviation.threshold = 300 (default)
2019-09-20 09:27:17,568 [pool-38-thread-1] INFO  server.RaftServerConfigKeys (ConfUtils.java:logGet(43)) - raft.server.log.appender.install.snapshot.enabled = false (custom)
2019-09-20 09:27:17,568 [pool-38-thread-1] INFO  impl.RaftServerImpl (ServerState.java:<init>(105)) - fd3cd5f9-4f1c-43ea-91b1-b85a1f6c3825:group-E81D6153ACAD ConfigurationManager, init=-1: [fd3cd5f9-4f1c-43ea-91b1-b85a1f6c3825:192.168.36.99:39114], old=null, confs=<EMPTY_MAP>
2019-09-20 09:27:17,568 [pool-38-thread-1] INFO  server.RaftServerConfigKeys (ConfUtils.java:logGet(43)) - raft.server.storage.dir = [/workdir/hadoop-ozone/integration-test/target/test-dir/MiniOzoneClusterImpl-a33d77e5-464b-4d19-8e6b-a171e580bf0e/datanode-1/data/ratis] (custom)
2019-09-20 09:27:17,569 [pool-38-thread-1] INFO  storage.RaftStorageDirectory (RaftStorageDirectory.java:analyzeStorage(246)) - The storage directory /workdir/hadoop-ozone/integration-test/target/test-dir/MiniOzoneClusterImpl-a33d77e5-464b-4d19-8e6b-a171e580bf0e/datanode-1/data/ratis/761ed929-deb2-4e13-9385-e81d6153acad does not exist. Creating ...
2019-09-20 09:27:17,587 [pool-38-thread-1] INFO  storage.RaftStorageDirectory (RaftStorageDirectory.java:tryLock(328)) - Lock on /workdir/hadoop-ozone/integration-test/target/test-dir/MiniOzoneClusterImpl-a33d77e5-464b-4d19-8e6b-a171e580bf0e/datanode-1/data/ratis/761ed929-deb2-4e13-9385-e81d6153acad/in_use.lock acquired by nodename 7145@pr-hdds-1569-p5fx8-1226042367
2019-09-20 09:27:17,604 [pool-38-thread-1] INFO  storage.RaftStorage (RaftStorage.java:format(72)) - Storage directory /workdir/hadoop-ozone/integration-test/target/test-dir/MiniOzoneClusterImpl-a33d77e5-464b-4d19-8e6b-a171e580bf0e/datanode-1/data/ratis/761ed929-deb2-4e13-9385-e81d6153acad has been successfully formatted.
2019-09-20 09:27:17,604 [pool-38-thread-1] INFO  ratis.ContainerStateMachine (ContainerStateMachine.java:loadSnapshot(226)) - group-E81D6153ACAD: The snapshot info is null. Setting the last applied indexto:(t:0, i:~)
2019-09-20 09:27:17,605 [pool-38-thread-1] INFO  server.RaftServerConfigKeys (ConfUtils.java:logGet(43)) - raft.server.leader.election.timeout = 10s (custom)
2019-09-20 09:27:17,605 [pool-38-thread-1] INFO  server.RaftServerConfigKeys (ConfUtils.java:logGet(43)) - raft.server.log.use.memory = false (default)
2019-09-20 09:27:17,605 [pool-38-thread-1] INFO  server.RaftServerConfigKeys (ConfUtils.java:logGet(43)) - raft.server.log.purge.gap = 1000000 (custom)
2019-09-20 09:27:17,605 [pool-38-thread-1] INFO  server.RaftServerConfigKeys (ConfUtils.java:logGet(43)) - raft.server.log.appender.buffer.byte-limit = 33554432 (custom)
2019-09-20 09:27:17,605 [pool-38-thread-1] INFO  server.RaftServerConfigKeys (ConfUtils.java:logGet(43)) - raft.server.log.segment.size.max = 1048576 (custom)
2019-09-20 09:27:17,605 [pool-38-thread-1] INFO  server.RaftServerConfigKeys (ConfUtils.java:logGet(43)) - raft.server.log.segment.cache.num.max = 2 (custom)
2019-09-20 09:27:17,605 [pool-38-thread-1] INFO  segmented.SegmentedRaftLogWorker (SegmentedRaftLogWorker.java:<init>(172)) - new fd3cd5f9-4f1c-43ea-91b1-b85a1f6c3825-SegmentedRaftLogWorker:Storage Directory /workdir/hadoop-ozone/integration-test/target/test-dir/MiniOzoneClusterImpl-a33d77e5-464b-4d19-8e6b-a171e580bf0e/datanode-1/data/ratis/761ed929-deb2-4e13-9385-e81d6153acad for RaftStorage:Storage Directory /workdir/hadoop-ozone/integration-test/target/test-dir/MiniOzoneClusterImpl-a33d77e5-464b-4d19-8e6b-a171e580bf0e/datanode-1/data/ratis/761ed929-deb2-4e13-9385-e81d6153acad
2019-09-20 09:27:17,605 [pool-38-thread-1] INFO  server.RaftServerConfigKeys (ConfUtils.java:logGet(43)) - raft.server.log.queue.byte-limit = 2147483647 (custom)
2019-09-20 09:27:17,606 [pool-38-thread-1] INFO  server.RaftServerConfigKeys (ConfUtils.java:logGet(43)) - raft.server.log.queue.element-limit = 1024 (custom)
2019-09-20 09:27:17,606 [pool-38-thread-1] INFO  server.RaftServerConfigKeys (ConfUtils.java:logGet(43)) - raft.server.log.segment.size.max = 1048576 (custom)
2019-09-20 09:27:17,606 [pool-38-thread-1] INFO  server.RaftServerConfigKeys (ConfUtils.java:logGet(43)) - raft.server.log.preallocated.size = 16384 (custom)
2019-09-20 09:27:17,606 [pool-38-thread-1] INFO  server.RaftServerConfigKeys (ConfUtils.java:logGet(43)) - raft.server.log.write.buffer.size = 33554432 (custom)
2019-09-20 09:27:17,606 [pool-38-thread-1] INFO  server.RaftServerConfigKeys (ConfUtils.java:logGet(43)) - raft.server.log.force.sync.num = 128 (default)
2019-09-20 09:27:17,606 [pool-38-thread-1] INFO  server.RaftServerConfigKeys (ConfUtils.java:logGet(43)) - raft.server.log.statemachine.data.sync = true (default)
2019-09-20 09:27:17,606 [pool-38-thread-1] INFO  server.RaftServerConfigKeys (ConfUtils.java:logGet(43)) - raft.server.log.statemachine.data.sync.timeout = 10s (default)
2019-09-20 09:27:17,607 [pool-38-thread-1] INFO  server.RaftServerConfigKeys (ConfUtils.java:logGet(43)) - raft.server.log.statemachine.data.sync.timeout.retry = -1 (default)
2019-09-20 09:27:17,607 [pool-38-thread-1] INFO  server.RaftServerConfigKeys (ConfUtils.java:logGet(43)) - raft.server.log.statemachine.data.caching.enabled = true (custom)
2019-09-20 09:27:17,607 [pool-38-thread-1] INFO  segmented.SegmentedRaftLogWorker (SegmentedRaftLogWorker.java:lambda$new$0(132)) - fd3cd5f9-4f1c-43ea-91b1-b85a1f6c3825-SegmentedRaftLogWorker:Storage Directory /workdir/hadoop-ozone/integration-test/target/test-dir/MiniOzoneClusterImpl-a33d77e5-464b-4d19-8e6b-a171e580bf0e/datanode-1/data/ratis/761ed929-deb2-4e13-9385-e81d6153acad: flushIndex: setUnconditionally 0 -> -1
2019-09-20 09:27:17,607 [pool-38-thread-1] INFO  server.RaftServerConfigKeys (ConfUtils.java:logGet(43)) - raft.server.snapshot.auto.trigger.enabled = true (custom)
2019-09-20 09:27:17,607 [pool-38-thread-1] INFO  server.RaftServerConfigKeys (ConfUtils.java:logGet(43)) - raft.server.snapshot.auto.trigger.threshold = 10000 (custom)
2019-09-20 09:27:17,608 [pool-38-thread-1] INFO  server.RaftServerConfigKeys (ConfUtils.java:logGet(43)) - raft.server.retrycache.expirytime = 600000ms (custom)
2019-09-20 09:27:17,608 [pool-38-thread-1] INFO  impl.RaftServerImpl (RaftServerImpl.java:start(180)) - fd3cd5f9-4f1c-43ea-91b1-b85a1f6c3825: start group-E81D6153ACAD
2019-09-20 09:27:17,608 [pool-38-thread-1] INFO  impl.RaftServerImpl (RaftServerImpl.java:setRole(171)) - fd3cd5f9-4f1c-43ea-91b1-b85a1f6c3825:group-E81D6153ACAD changes role from null to FOLLOWER at term 0 for startAsFollower
2019-09-20 09:27:17,608 [pool-38-thread-1] INFO  impl.RoleInfo (RoleInfo.java:updateAndGet(143)) - fd3cd5f9-4f1c-43ea-91b1-b85a1f6c3825: start FollowerState
2019-09-20 09:27:17,608 [pool-38-thread-1] INFO  util.JmxRegister (JmxRegister.java:tryRegister(44)) - Successfully registered JMX Bean with object name Ratis:service=RaftServer,group=group-E81D6153ACAD,id=fd3cd5f9-4f1c-43ea-91b1-b85a1f6c3825
2019-09-20 09:27:17,611 [RatisPipelineUtilsThread] INFO  pipeline.PipelineStateManager (PipelineStateManager.java:addPipeline(56)) - Created pipeline Pipeline[ Id: 761ed929-deb2-4e13-9385-e81d6153acad, Nodes: fd3cd5f9-4f1c-43ea-91b1-b85a1f6c3825{ip: 192.168.36.99, host: pr-hdds-1569-p5fx8-1226042367, networkLocation: /default-rack, certSerialId: null}, Type:RATIS, Factor:ONE, State:OPEN]
2019-09-20 09:27:17,616 [grpc-default-executor-2] INFO  impl.RaftServerProxy (RaftServerProxy.java:addNew(89)) - 492ed782-6ab3-4ad9-945e-06def6ac7c96: addNew group-AC17CE41094C:[492ed782-6ab3-4ad9-945e-06def6ac7c96:192.168.36.99:32835] returns group-AC17CE41094C:java.util.concurrent.CompletableFuture@7f794674[Not completed]
2019-09-20 09:27:17,617 [pool-49-thread-1] INFO  impl.RaftServerImpl (RaftServerImpl.java:<init>(93)) - 492ed782-6ab3-4ad9-945e-06def6ac7c96: new RaftServerImpl for group-AC17CE41094C:[492ed782-6ab3-4ad9-945e-06def6ac7c96:192.168.36.99:32835] with ContainerStateMachine:uninitialized
2019-09-20 09:27:17,617 [pool-49-thread-1] INFO  server.RaftServerConfigKeys (ConfUtils.java:logGet(43)) - raft.server.rpc.timeout.min = 5s (custom)
2019-09-20 09:27:17,617 [pool-49-thread-1] INFO  server.RaftServerConfigKeys (ConfUtils.java:logGet(43)) - raft.server.rpc.timeout.max = 5200ms (custom)
2019-09-20 09:27:17,617 [pool-49-thread-1] INFO  server.RaftServerConfigKeys (ConfUtils.java:logGet(43)) - raft.server.rpcslowness.timeout = 10s (custom)
2019-09-20 09:27:17,617 [pool-49-thread-1] INFO  server.RaftServerConfigKeys (ConfUtils.java:logGet(43)) - raft.server.sleep.deviation.threshold = 300 (default)
2019-09-20 09:27:17,617 [pool-49-thread-1] INFO  server.RaftServerConfigKeys (ConfUtils.java:logGet(43)) - raft.server.log.appender.install.snapshot.enabled = false (custom)
2019-09-20 09:27:17,617 [pool-49-thread-1] INFO  impl.RaftServerImpl (ServerState.java:<init>(105)) - 492ed782-6ab3-4ad9-945e-06def6ac7c96:group-AC17CE41094C ConfigurationManager, init=-1: [492ed782-6ab3-4ad9-945e-06def6ac7c96:192.168.36.99:32835], old=null, confs=<EMPTY_MAP>
2019-09-20 09:27:17,617 [pool-49-thread-1] INFO  server.RaftServerConfigKeys (ConfUtils.java:logGet(43)) - raft.server.storage.dir = [/workdir/hadoop-ozone/integration-test/target/test-dir/MiniOzoneClusterImpl-a33d77e5-464b-4d19-8e6b-a171e580bf0e/datanode-2/data/ratis] (custom)
2019-09-20 09:27:17,618 [pool-49-thread-1] INFO  storage.RaftStorageDirectory (RaftStorageDirectory.java:analyzeStorage(246)) - The storage directory /workdir/hadoop-ozone/integration-test/target/test-dir/MiniOzoneClusterImpl-a33d77e5-464b-4d19-8e6b-a171e580bf0e/datanode-2/data/ratis/4bb78101-5b17-4729-af6e-ac17ce41094c does not exist. Creating ...
2019-09-20 09:27:17,638 [pool-49-thread-1] INFO  storage.RaftStorageDirectory (RaftStorageDirectory.java:tryLock(328)) - Lock on /workdir/hadoop-ozone/integration-test/target/test-dir/MiniOzoneClusterImpl-a33d77e5-464b-4d19-8e6b-a171e580bf0e/datanode-2/data/ratis/4bb78101-5b17-4729-af6e-ac17ce41094c/in_use.lock acquired by nodename 7145@pr-hdds-1569-p5fx8-1226042367
2019-09-20 09:27:17,663 [pool-49-thread-1] INFO  storage.RaftStorage (RaftStorage.java:format(72)) - Storage directory /workdir/hadoop-ozone/integration-test/target/test-dir/MiniOzoneClusterImpl-a33d77e5-464b-4d19-8e6b-a171e580bf0e/datanode-2/data/ratis/4bb78101-5b17-4729-af6e-ac17ce41094c has been successfully formatted.
2019-09-20 09:27:17,663 [pool-49-thread-1] INFO  ratis.ContainerStateMachine (ContainerStateMachine.java:loadSnapshot(226)) - group-AC17CE41094C: The snapshot info is null. Setting the last applied indexto:(t:0, i:~)
2019-09-20 09:27:17,664 [pool-49-thread-1] INFO  server.RaftServerConfigKeys (ConfUtils.java:logGet(43)) - raft.server.leader.election.timeout = 10s (custom)
2019-09-20 09:27:17,664 [pool-49-thread-1] INFO  server.RaftServerConfigKeys (ConfUtils.java:logGet(43)) - raft.server.log.use.memory = false (default)
2019-09-20 09:27:17,664 [pool-49-thread-1] INFO  server.RaftServerConfigKeys (ConfUtils.java:logGet(43)) - raft.server.log.purge.gap = 1000000 (custom)
2019-09-20 09:27:17,664 [pool-49-thread-1] INFO  server.RaftServerConfigKeys (ConfUtils.java:logGet(43)) - raft.server.log.appender.buffer.byte-limit = 33554432 (custom)
2019-09-20 09:27:17,664 [pool-49-thread-1] INFO  server.RaftServerConfigKeys (ConfUtils.java:logGet(43)) - raft.server.log.segment.size.max = 1048576 (custom)
2019-09-20 09:27:17,664 [pool-49-thread-1] INFO  server.RaftServerConfigKeys (ConfUtils.java:logGet(43)) - raft.server.log.segment.cache.num.max = 2 (custom)
2019-09-20 09:27:17,664 [pool-49-thread-1] INFO  segmented.SegmentedRaftLogWorker (SegmentedRaftLogWorker.java:<init>(172)) - new 492ed782-6ab3-4ad9-945e-06def6ac7c96-SegmentedRaftLogWorker:Storage Directory /workdir/hadoop-ozone/integration-test/target/test-dir/MiniOzoneClusterImpl-a33d77e5-464b-4d19-8e6b-a171e580bf0e/datanode-2/data/ratis/4bb78101-5b17-4729-af6e-ac17ce41094c for RaftStorage:Storage Directory /workdir/hadoop-ozone/integration-test/target/test-dir/MiniOzoneClusterImpl-a33d77e5-464b-4d19-8e6b-a171e580bf0e/datanode-2/data/ratis/4bb78101-5b17-4729-af6e-ac17ce41094c
2019-09-20 09:27:17,665 [pool-49-thread-1] INFO  server.RaftServerConfigKeys (ConfUtils.java:logGet(43)) - raft.server.log.queue.byte-limit = 2147483647 (custom)
2019-09-20 09:27:17,665 [pool-49-thread-1] INFO  server.RaftServerConfigKeys (ConfUtils.java:logGet(43)) - raft.server.log.queue.element-limit = 1024 (custom)
2019-09-20 09:27:17,665 [pool-49-thread-1] INFO  server.RaftServerConfigKeys (ConfUtils.java:logGet(43)) - raft.server.log.segment.size.max = 1048576 (custom)
2019-09-20 09:27:17,665 [pool-49-thread-1] INFO  server.RaftServerConfigKeys (ConfUtils.java:logGet(43)) - raft.server.log.preallocated.size = 16384 (custom)
2019-09-20 09:27:17,665 [pool-49-thread-1] INFO  server.RaftServerConfigKeys (ConfUtils.java:logGet(43)) - raft.server.log.write.buffer.size = 33554432 (custom)
2019-09-20 09:27:17,665 [pool-49-thread-1] INFO  server.RaftServerConfigKeys (ConfUtils.java:logGet(43)) - raft.server.log.force.sync.num = 128 (default)
2019-09-20 09:27:17,665 [pool-49-thread-1] INFO  server.RaftServerConfigKeys (ConfUtils.java:logGet(43)) - raft.server.log.statemachine.data.sync = true (default)
2019-09-20 09:27:17,665 [pool-49-thread-1] INFO  server.RaftServerConfigKeys (ConfUtils.java:logGet(43)) - raft.server.log.statemachine.data.sync.timeout = 10s (default)
2019-09-20 09:27:17,666 [pool-49-thread-1] INFO  server.RaftServerConfigKeys (ConfUtils.java:logGet(43)) - raft.server.log.statemachine.data.sync.timeout.retry = -1 (default)
2019-09-20 09:27:17,666 [pool-49-thread-1] INFO  server.RaftServerConfigKeys (ConfUtils.java:logGet(43)) - raft.server.log.statemachine.data.caching.enabled = true (custom)
2019-09-20 09:27:17,666 [pool-49-thread-1] INFO  segmented.SegmentedRaftLogWorker (SegmentedRaftLogWorker.java:lambda$new$0(132)) - 492ed782-6ab3-4ad9-945e-06def6ac7c96-SegmentedRaftLogWorker:Storage Directory /workdir/hadoop-ozone/integration-test/target/test-dir/MiniOzoneClusterImpl-a33d77e5-464b-4d19-8e6b-a171e580bf0e/datanode-2/data/ratis/4bb78101-5b17-4729-af6e-ac17ce41094c: flushIndex: setUnconditionally 0 -> -1
2019-09-20 09:27:17,666 [pool-49-thread-1] INFO  server.RaftServerConfigKeys (ConfUtils.java:logGet(43)) - raft.server.snapshot.auto.trigger.enabled = true (custom)
2019-09-20 09:27:17,667 [pool-49-thread-1] INFO  server.RaftServerConfigKeys (ConfUtils.java:logGet(43)) - raft.server.snapshot.auto.trigger.threshold = 10000 (custom)
2019-09-20 09:27:17,667 [pool-49-thread-1] INFO  server.RaftServerConfigKeys (ConfUtils.java:logGet(43)) - raft.server.retrycache.expirytime = 600000ms (custom)
2019-09-20 09:27:17,667 [pool-49-thread-1] INFO  impl.RaftServerImpl (RaftServerImpl.java:start(180)) - 492ed782-6ab3-4ad9-945e-06def6ac7c96: start group-AC17CE41094C
2019-09-20 09:27:17,667 [pool-49-thread-1] INFO  impl.RaftServerImpl (RaftServerImpl.java:setRole(171)) - 492ed782-6ab3-4ad9-945e-06def6ac7c96:group-AC17CE41094C changes role from null to FOLLOWER at term 0 for startAsFollower
2019-09-20 09:27:17,667 [pool-49-thread-1] INFO  impl.RoleInfo (RoleInfo.java:updateAndGet(143)) - 492ed782-6ab3-4ad9-945e-06def6ac7c96: start FollowerState
2019-09-20 09:27:17,668 [pool-49-thread-1] INFO  util.JmxRegister (JmxRegister.java:tryRegister(44)) - Successfully registered JMX Bean with object name Ratis:service=RaftServer,group=group-AC17CE41094C,id=492ed782-6ab3-4ad9-945e-06def6ac7c96
2019-09-20 09:27:17,670 [RatisPipelineUtilsThread] INFO  pipeline.PipelineStateManager (PipelineStateManager.java:addPipeline(56)) - Created pipeline Pipeline[ Id: 4bb78101-5b17-4729-af6e-ac17ce41094c, Nodes: 492ed782-6ab3-4ad9-945e-06def6ac7c96{ip: 192.168.36.99, host: pr-hdds-1569-p5fx8-1226042367, networkLocation: /default-rack, certSerialId: null}, Type:RATIS, Factor:ONE, State:OPEN]
2019-09-20 09:27:17,675 [grpc-default-executor-2] INFO  impl.RaftServerProxy (RaftServerProxy.java:addNew(89)) - 492ed782-6ab3-4ad9-945e-06def6ac7c96: addNew group-08449766F3EF:[492ed782-6ab3-4ad9-945e-06def6ac7c96:192.168.36.99:32835] returns group-08449766F3EF:java.util.concurrent.CompletableFuture@5fd3ab7e[Not completed]
2019-09-20 09:27:17,676 [pool-49-thread-1] INFO  impl.RaftServerImpl (RaftServerImpl.java:<init>(93)) - 492ed782-6ab3-4ad9-945e-06def6ac7c96: new RaftServerImpl for group-08449766F3EF:[492ed782-6ab3-4ad9-945e-06def6ac7c96:192.168.36.99:32835] with ContainerStateMachine:uninitialized
2019-09-20 09:27:17,676 [pool-49-thread-1] INFO  server.RaftServerConfigKeys (ConfUtils.java:logGet(43)) - raft.server.rpc.timeout.min = 5s (custom)
2019-09-20 09:27:17,676 [pool-49-thread-1] INFO  server.RaftServerConfigKeys (ConfUtils.java:logGet(43)) - raft.server.rpc.timeout.max = 5200ms (custom)
2019-09-20 09:27:17,676 [pool-49-thread-1] INFO  server.RaftServerConfigKeys (ConfUtils.java:logGet(43)) - raft.server.rpcslowness.timeout = 10s (custom)
2019-09-20 09:27:17,676 [pool-49-thread-1] INFO  server.RaftServerConfigKeys (ConfUtils.java:logGet(43)) - raft.server.sleep.deviation.threshold = 300 (default)
2019-09-20 09:27:17,676 [pool-49-thread-1] INFO  server.RaftServerConfigKeys (ConfUtils.java:logGet(43)) - raft.server.log.appender.install.snapshot.enabled = false (custom)
2019-09-20 09:27:17,676 [pool-49-thread-1] INFO  impl.RaftServerImpl (ServerState.java:<init>(105)) - 492ed782-6ab3-4ad9-945e-06def6ac7c96:group-08449766F3EF ConfigurationManager, init=-1: [492ed782-6ab3-4ad9-945e-06def6ac7c96:192.168.36.99:32835], old=null, confs=<EMPTY_MAP>
2019-09-20 09:27:17,676 [pool-49-thread-1] INFO  server.RaftServerConfigKeys (ConfUtils.java:logGet(43)) - raft.server.storage.dir = [/workdir/hadoop-ozone/integration-test/target/test-dir/MiniOzoneClusterImpl-a33d77e5-464b-4d19-8e6b-a171e580bf0e/datanode-2/data/ratis] (custom)
2019-09-20 09:27:17,677 [pool-49-thread-1] INFO  storage.RaftStorageDirectory (RaftStorageDirectory.java:analyzeStorage(246)) - The storage directory /workdir/hadoop-ozone/integration-test/target/test-dir/MiniOzoneClusterImpl-a33d77e5-464b-4d19-8e6b-a171e580bf0e/datanode-2/data/ratis/aacc83b8-b84d-47ee-bcfc-08449766f3ef does not exist. Creating ...
2019-09-20 09:27:17,697 [pool-49-thread-1] INFO  storage.RaftStorageDirectory (RaftStorageDirectory.java:tryLock(328)) - Lock on /workdir/hadoop-ozone/integration-test/target/test-dir/MiniOzoneClusterImpl-a33d77e5-464b-4d19-8e6b-a171e580bf0e/datanode-2/data/ratis/aacc83b8-b84d-47ee-bcfc-08449766f3ef/in_use.lock acquired by nodename 7145@pr-hdds-1569-p5fx8-1226042367
2019-09-20 09:27:17,714 [pool-49-thread-1] INFO  storage.RaftStorage (RaftStorage.java:format(72)) - Storage directory /workdir/hadoop-ozone/integration-test/target/test-dir/MiniOzoneClusterImpl-a33d77e5-464b-4d19-8e6b-a171e580bf0e/datanode-2/data/ratis/aacc83b8-b84d-47ee-bcfc-08449766f3ef has been successfully formatted.
2019-09-20 09:27:17,714 [pool-49-thread-1] INFO  ratis.ContainerStateMachine (ContainerStateMachine.java:loadSnapshot(226)) - group-08449766F3EF: The snapshot info is null. Setting the last applied indexto:(t:0, i:~)
2019-09-20 09:27:17,714 [pool-49-thread-1] INFO  server.RaftServerConfigKeys (ConfUtils.java:logGet(43)) - raft.server.leader.election.timeout = 10s (custom)
2019-09-20 09:27:17,714 [pool-49-thread-1] INFO  server.RaftServerConfigKeys (ConfUtils.java:logGet(43)) - raft.server.log.use.memory = false (default)
2019-09-20 09:27:17,714 [pool-49-thread-1] INFO  server.RaftServerConfigKeys (ConfUtils.java:logGet(43)) - raft.server.log.purge.gap = 1000000 (custom)
2019-09-20 09:27:17,715 [pool-49-thread-1] INFO  server.RaftServerConfigKeys (ConfUtils.java:logGet(43)) - raft.server.log.appender.buffer.byte-limit = 33554432 (custom)
2019-09-20 09:27:17,715 [pool-49-thread-1] INFO  server.RaftServerConfigKeys (ConfUtils.java:logGet(43)) - raft.server.log.segment.size.max = 1048576 (custom)
2019-09-20 09:27:17,715 [pool-49-thread-1] INFO  server.RaftServerConfigKeys (ConfUtils.java:logGet(43)) - raft.server.log.segment.cache.num.max = 2 (custom)
2019-09-20 09:27:17,715 [pool-49-thread-1] INFO  segmented.SegmentedRaftLogWorker (SegmentedRaftLogWorker.java:<init>(172)) - new 492ed782-6ab3-4ad9-945e-06def6ac7c96-SegmentedRaftLogWorker:Storage Directory /workdir/hadoop-ozone/integration-test/target/test-dir/MiniOzoneClusterImpl-a33d77e5-464b-4d19-8e6b-a171e580bf0e/datanode-2/data/ratis/aacc83b8-b84d-47ee-bcfc-08449766f3ef for RaftStorage:Storage Directory /workdir/hadoop-ozone/integration-test/target/test-dir/MiniOzoneClusterImpl-a33d77e5-464b-4d19-8e6b-a171e580bf0e/datanode-2/data/ratis/aacc83b8-b84d-47ee-bcfc-08449766f3ef
2019-09-20 09:27:17,715 [pool-49-thread-1] INFO  server.RaftServerConfigKeys (ConfUtils.java:logGet(43)) - raft.server.log.queue.byte-limit = 2147483647 (custom)
2019-09-20 09:27:17,715 [pool-49-thread-1] INFO  server.RaftServerConfigKeys (ConfUtils.java:logGet(43)) - raft.server.log.queue.element-limit = 1024 (custom)
2019-09-20 09:27:17,715 [pool-49-thread-1] INFO  server.RaftServerConfigKeys (ConfUtils.java:logGet(43)) - raft.server.log.segment.size.max = 1048576 (custom)
2019-09-20 09:27:17,715 [pool-49-thread-1] INFO  server.RaftServerConfigKeys (ConfUtils.java:logGet(43)) - raft.server.log.preallocated.size = 16384 (custom)
2019-09-20 09:27:17,715 [pool-49-thread-1] INFO  server.RaftServerConfigKeys (ConfUtils.java:logGet(43)) - raft.server.log.write.buffer.size = 33554432 (custom)
2019-09-20 09:27:17,715 [pool-49-thread-1] INFO  server.RaftServerConfigKeys (ConfUtils.java:logGet(43)) - raft.server.log.force.sync.num = 128 (default)
2019-09-20 09:27:17,716 [pool-49-thread-1] INFO  server.RaftServerConfigKeys (ConfUtils.java:logGet(43)) - raft.server.log.statemachine.data.sync = true (default)
2019-09-20 09:27:17,716 [pool-49-thread-1] INFO  server.RaftServerConfigKeys (ConfUtils.java:logGet(43)) - raft.server.log.statemachine.data.sync.timeout = 10s (default)
2019-09-20 09:27:17,716 [pool-49-thread-1] INFO  server.RaftServerConfigKeys (ConfUtils.java:logGet(43)) - raft.server.log.statemachine.data.sync.timeout.retry = -1 (default)
2019-09-20 09:27:17,716 [pool-49-thread-1] INFO  server.RaftServerConfigKeys (ConfUtils.java:logGet(43)) - raft.server.log.statemachine.data.caching.enabled = true (custom)
2019-09-20 09:27:17,716 [pool-49-thread-1] INFO  segmented.SegmentedRaftLogWorker (SegmentedRaftLogWorker.java:lambda$new$0(132)) - 492ed782-6ab3-4ad9-945e-06def6ac7c96-SegmentedRaftLogWorker:Storage Directory /workdir/hadoop-ozone/integration-test/target/test-dir/MiniOzoneClusterImpl-a33d77e5-464b-4d19-8e6b-a171e580bf0e/datanode-2/data/ratis/aacc83b8-b84d-47ee-bcfc-08449766f3ef: flushIndex: setUnconditionally 0 -> -1
2019-09-20 09:27:17,716 [pool-49-thread-1] INFO  server.RaftServerConfigKeys (ConfUtils.java:logGet(43)) - raft.server.snapshot.auto.trigger.enabled = true (custom)
2019-09-20 09:27:17,716 [pool-49-thread-1] INFO  server.RaftServerConfigKeys (ConfUtils.java:logGet(43)) - raft.server.snapshot.auto.trigger.threshold = 10000 (custom)
2019-09-20 09:27:17,716 [pool-49-thread-1] INFO  server.RaftServerConfigKeys (ConfUtils.java:logGet(43)) - raft.server.retrycache.expirytime = 600000ms (custom)
2019-09-20 09:27:17,717 [pool-49-thread-1] INFO  impl.RaftServerImpl (RaftServerImpl.java:start(180)) - 492ed782-6ab3-4ad9-945e-06def6ac7c96: start group-08449766F3EF
2019-09-20 09:27:17,717 [pool-49-thread-1] INFO  impl.RaftServerImpl (RaftServerImpl.java:setRole(171)) - 492ed782-6ab3-4ad9-945e-06def6ac7c96:group-08449766F3EF changes role from null to FOLLOWER at term 0 for startAsFollower
2019-09-20 09:27:17,717 [pool-49-thread-1] INFO  impl.RoleInfo (RoleInfo.java:updateAndGet(143)) - 492ed782-6ab3-4ad9-945e-06def6ac7c96: start FollowerState
2019-09-20 09:27:17,717 [pool-49-thread-1] INFO  util.JmxRegister (JmxRegister.java:tryRegister(44)) - Successfully registered JMX Bean with object name Ratis:service=RaftServer,group=group-08449766F3EF,id=492ed782-6ab3-4ad9-945e-06def6ac7c96
2019-09-20 09:27:17,719 [RatisPipelineUtilsThread] INFO  pipeline.PipelineStateManager (PipelineStateManager.java:addPipeline(56)) - Created pipeline Pipeline[ Id: aacc83b8-b84d-47ee-bcfc-08449766f3ef, Nodes: 492ed782-6ab3-4ad9-945e-06def6ac7c96{ip: 192.168.36.99, host: pr-hdds-1569-p5fx8-1226042367, networkLocation: /default-rack, certSerialId: null}, Type:RATIS, Factor:ONE, State:OPEN]
2019-09-20 09:27:17,725 [grpc-default-executor-2] INFO  impl.RaftServerProxy (RaftServerProxy.java:addNew(89)) - 492ed782-6ab3-4ad9-945e-06def6ac7c96: addNew group-7160E3B153A6:[492ed782-6ab3-4ad9-945e-06def6ac7c96:192.168.36.99:32835] returns group-7160E3B153A6:java.util.concurrent.CompletableFuture@2360259c[Not completed]
2019-09-20 09:27:17,725 [pool-49-thread-1] INFO  impl.RaftServerImpl (RaftServerImpl.java:<init>(93)) - 492ed782-6ab3-4ad9-945e-06def6ac7c96: new RaftServerImpl for group-7160E3B153A6:[492ed782-6ab3-4ad9-945e-06def6ac7c96:192.168.36.99:32835] with ContainerStateMachine:uninitialized
2019-09-20 09:27:17,725 [pool-49-thread-1] INFO  server.RaftServerConfigKeys (ConfUtils.java:logGet(43)) - raft.server.rpc.timeout.min = 5s (custom)
2019-09-20 09:27:17,726 [pool-49-thread-1] INFO  server.RaftServerConfigKeys (ConfUtils.java:logGet(43)) - raft.server.rpc.timeout.max = 5200ms (custom)
2019-09-20 09:27:17,726 [pool-49-thread-1] INFO  server.RaftServerConfigKeys (ConfUtils.java:logGet(43)) - raft.server.rpcslowness.timeout = 10s (custom)
2019-09-20 09:27:17,726 [pool-49-thread-1] INFO  server.RaftServerConfigKeys (ConfUtils.java:logGet(43)) - raft.server.sleep.deviation.threshold = 300 (default)
2019-09-20 09:27:17,726 [pool-49-thread-1] INFO  server.RaftServerConfigKeys (ConfUtils.java:logGet(43)) - raft.server.log.appender.install.snapshot.enabled = false (custom)
2019-09-20 09:27:17,726 [pool-49-thread-1] INFO  impl.RaftServerImpl (ServerState.java:<init>(105)) - 492ed782-6ab3-4ad9-945e-06def6ac7c96:group-7160E3B153A6 ConfigurationManager, init=-1: [492ed782-6ab3-4ad9-945e-06def6ac7c96:192.168.36.99:32835], old=null, confs=<EMPTY_MAP>
2019-09-20 09:27:17,726 [pool-49-thread-1] INFO  server.RaftServerConfigKeys (ConfUtils.java:logGet(43)) - raft.server.storage.dir = [/workdir/hadoop-ozone/integration-test/target/test-dir/MiniOzoneClusterImpl-a33d77e5-464b-4d19-8e6b-a171e580bf0e/datanode-2/data/ratis] (custom)
2019-09-20 09:27:17,726 [pool-49-thread-1] INFO  storage.RaftStorageDirectory (RaftStorageDirectory.java:analyzeStorage(246)) - The storage directory /workdir/hadoop-ozone/integration-test/target/test-dir/MiniOzoneClusterImpl-a33d77e5-464b-4d19-8e6b-a171e580bf0e/datanode-2/data/ratis/66dd09bd-0d9a-4fa4-b38c-7160e3b153a6 does not exist. Creating ...
2019-09-20 09:27:17,764 [pool-49-thread-1] INFO  storage.RaftStorageDirectory (RaftStorageDirectory.java:tryLock(328)) - Lock on /workdir/hadoop-ozone/integration-test/target/test-dir/MiniOzoneClusterImpl-a33d77e5-464b-4d19-8e6b-a171e580bf0e/datanode-2/data/ratis/66dd09bd-0d9a-4fa4-b38c-7160e3b153a6/in_use.lock acquired by nodename 7145@pr-hdds-1569-p5fx8-1226042367
2019-09-20 09:27:17,781 [pool-49-thread-1] INFO  storage.RaftStorage (RaftStorage.java:format(72)) - Storage directory /workdir/hadoop-ozone/integration-test/target/test-dir/MiniOzoneClusterImpl-a33d77e5-464b-4d19-8e6b-a171e580bf0e/datanode-2/data/ratis/66dd09bd-0d9a-4fa4-b38c-7160e3b153a6 has been successfully formatted.
2019-09-20 09:27:17,782 [pool-49-thread-1] INFO  ratis.ContainerStateMachine (ContainerStateMachine.java:loadSnapshot(226)) - group-7160E3B153A6: The snapshot info is null. Setting the last applied indexto:(t:0, i:~)
2019-09-20 09:27:17,782 [pool-49-thread-1] INFO  server.RaftServerConfigKeys (ConfUtils.java:logGet(43)) - raft.server.leader.election.timeout = 10s (custom)
2019-09-20 09:27:17,782 [pool-49-thread-1] INFO  server.RaftServerConfigKeys (ConfUtils.java:logGet(43)) - raft.server.log.use.memory = false (default)
2019-09-20 09:27:17,782 [pool-49-thread-1] INFO  server.RaftServerConfigKeys (ConfUtils.java:logGet(43)) - raft.server.log.purge.gap = 1000000 (custom)
2019-09-20 09:27:17,782 [pool-49-thread-1] INFO  server.RaftServerConfigKeys (ConfUtils.java:logGet(43)) - raft.server.log.appender.buffer.byte-limit = 33554432 (custom)
2019-09-20 09:27:17,782 [pool-49-thread-1] INFO  server.RaftServerConfigKeys (ConfUtils.java:logGet(43)) - raft.server.log.segment.size.max = 1048576 (custom)
2019-09-20 09:27:17,782 [pool-49-thread-1] INFO  server.RaftServerConfigKeys (ConfUtils.java:logGet(43)) - raft.server.log.segment.cache.num.max = 2 (custom)
2019-09-20 09:27:17,782 [pool-49-thread-1] INFO  segmented.SegmentedRaftLogWorker (SegmentedRaftLogWorker.java:<init>(172)) - new 492ed782-6ab3-4ad9-945e-06def6ac7c96-SegmentedRaftLogWorker:Storage Directory /workdir/hadoop-ozone/integration-test/target/test-dir/MiniOzoneClusterImpl-a33d77e5-464b-4d19-8e6b-a171e580bf0e/datanode-2/data/ratis/66dd09bd-0d9a-4fa4-b38c-7160e3b153a6 for RaftStorage:Storage Directory /workdir/hadoop-ozone/integration-test/target/test-dir/MiniOzoneClusterImpl-a33d77e5-464b-4d19-8e6b-a171e580bf0e/datanode-2/data/ratis/66dd09bd-0d9a-4fa4-b38c-7160e3b153a6
2019-09-20 09:27:17,782 [pool-49-thread-1] INFO  server.RaftServerConfigKeys (ConfUtils.java:logGet(43)) - raft.server.log.queue.byte-limit = 2147483647 (custom)
2019-09-20 09:27:17,782 [pool-49-thread-1] INFO  server.RaftServerConfigKeys (ConfUtils.java:logGet(43)) - raft.server.log.queue.element-limit = 1024 (custom)
2019-09-20 09:27:17,782 [pool-49-thread-1] INFO  server.RaftServerConfigKeys (ConfUtils.java:logGet(43)) - raft.server.log.segment.size.max = 1048576 (custom)
2019-09-20 09:27:17,783 [pool-49-thread-1] INFO  server.RaftServerConfigKeys (ConfUtils.java:logGet(43)) - raft.server.log.preallocated.size = 16384 (custom)
2019-09-20 09:27:17,783 [pool-49-thread-1] INFO  server.RaftServerConfigKeys (ConfUtils.java:logGet(43)) - raft.server.log.write.buffer.size = 33554432 (custom)
2019-09-20 09:27:17,783 [pool-49-thread-1] INFO  server.RaftServerConfigKeys (ConfUtils.java:logGet(43)) - raft.server.log.force.sync.num = 128 (default)
2019-09-20 09:27:17,783 [pool-49-thread-1] INFO  server.RaftServerConfigKeys (ConfUtils.java:logGet(43)) - raft.server.log.statemachine.data.sync = true (default)
2019-09-20 09:27:17,783 [pool-49-thread-1] INFO  server.RaftServerConfigKeys (ConfUtils.java:logGet(43)) - raft.server.log.statemachine.data.sync.timeout = 10s (default)
2019-09-20 09:27:17,783 [pool-49-thread-1] INFO  server.RaftServerConfigKeys (ConfUtils.java:logGet(43)) - raft.server.log.statemachine.data.sync.timeout.retry = -1 (default)
2019-09-20 09:27:17,783 [pool-49-thread-1] INFO  server.RaftServerConfigKeys (ConfUtils.java:logGet(43)) - raft.server.log.statemachine.data.caching.enabled = true (custom)
2019-09-20 09:27:17,783 [pool-49-thread-1] INFO  segmented.SegmentedRaftLogWorker (SegmentedRaftLogWorker.java:lambda$new$0(132)) - 492ed782-6ab3-4ad9-945e-06def6ac7c96-SegmentedRaftLogWorker:Storage Directory /workdir/hadoop-ozone/integration-test/target/test-dir/MiniOzoneClusterImpl-a33d77e5-464b-4d19-8e6b-a171e580bf0e/datanode-2/data/ratis/66dd09bd-0d9a-4fa4-b38c-7160e3b153a6: flushIndex: setUnconditionally 0 -> -1
2019-09-20 09:27:17,784 [pool-49-thread-1] INFO  server.RaftServerConfigKeys (ConfUtils.java:logGet(43)) - raft.server.snapshot.auto.trigger.enabled = true (custom)
2019-09-20 09:27:17,784 [pool-49-thread-1] INFO  server.RaftServerConfigKeys (ConfUtils.java:logGet(43)) - raft.server.snapshot.auto.trigger.threshold = 10000 (custom)
2019-09-20 09:27:17,784 [pool-49-thread-1] INFO  server.RaftServerConfigKeys (ConfUtils.java:logGet(43)) - raft.server.retrycache.expirytime = 600000ms (custom)
2019-09-20 09:27:17,784 [pool-49-thread-1] INFO  impl.RaftServerImpl (RaftServerImpl.java:start(180)) - 492ed782-6ab3-4ad9-945e-06def6ac7c96: start group-7160E3B153A6
2019-09-20 09:27:17,784 [pool-49-thread-1] INFO  impl.RaftServerImpl (RaftServerImpl.java:setRole(171)) - 492ed782-6ab3-4ad9-945e-06def6ac7c96:group-7160E3B153A6 changes role from null to FOLLOWER at term 0 for startAsFollower
2019-09-20 09:27:17,784 [pool-49-thread-1] INFO  impl.RoleInfo (RoleInfo.java:updateAndGet(143)) - 492ed782-6ab3-4ad9-945e-06def6ac7c96: start FollowerState
2019-09-20 09:27:17,785 [pool-49-thread-1] INFO  util.JmxRegister (JmxRegister.java:tryRegister(44)) - Successfully registered JMX Bean with object name Ratis:service=RaftServer,group=group-7160E3B153A6,id=492ed782-6ab3-4ad9-945e-06def6ac7c96
2019-09-20 09:27:17,787 [RatisPipelineUtilsThread] INFO  pipeline.PipelineStateManager (PipelineStateManager.java:addPipeline(56)) - Created pipeline Pipeline[ Id: 66dd09bd-0d9a-4fa4-b38c-7160e3b153a6, Nodes: 492ed782-6ab3-4ad9-945e-06def6ac7c96{ip: 192.168.36.99, host: pr-hdds-1569-p5fx8-1226042367, networkLocation: /default-rack, certSerialId: null}, Type:RATIS, Factor:ONE, State:OPEN]
2019-09-20 09:27:17,793 [grpc-default-executor-2] INFO  impl.RaftServerProxy (RaftServerProxy.java:addNew(89)) - fd3cd5f9-4f1c-43ea-91b1-b85a1f6c3825: addNew group-DC825D6FA250:[fd3cd5f9-4f1c-43ea-91b1-b85a1f6c3825:192.168.36.99:39114] returns group-DC825D6FA250:java.util.concurrent.CompletableFuture@160f5cfc[Not completed]
2019-09-20 09:27:17,794 [pool-38-thread-1] INFO  impl.RaftServerImpl (RaftServerImpl.java:<init>(93)) - fd3cd5f9-4f1c-43ea-91b1-b85a1f6c3825: new RaftServerImpl for group-DC825D6FA250:[fd3cd5f9-4f1c-43ea-91b1-b85a1f6c3825:192.168.36.99:39114] with ContainerStateMachine:uninitialized
2019-09-20 09:27:17,794 [pool-38-thread-1] INFO  server.RaftServerConfigKeys (ConfUtils.java:logGet(43)) - raft.server.rpc.timeout.min = 5s (custom)
2019-09-20 09:27:17,794 [pool-38-thread-1] INFO  server.RaftServerConfigKeys (ConfUtils.java:logGet(43)) - raft.server.rpc.timeout.max = 5200ms (custom)
2019-09-20 09:27:17,794 [pool-38-thread-1] INFO  server.RaftServerConfigKeys (ConfUtils.java:logGet(43)) - raft.server.rpcslowness.timeout = 10s (custom)
2019-09-20 09:27:17,794 [pool-38-thread-1] INFO  server.RaftServerConfigKeys (ConfUtils.java:logGet(43)) - raft.server.sleep.deviation.threshold = 300 (default)
2019-09-20 09:27:17,794 [pool-38-thread-1] INFO  server.RaftServerConfigKeys (ConfUtils.java:logGet(43)) - raft.server.log.appender.install.snapshot.enabled = false (custom)
2019-09-20 09:27:17,795 [pool-38-thread-1] INFO  impl.RaftServerImpl (ServerState.java:<init>(105)) - fd3cd5f9-4f1c-43ea-91b1-b85a1f6c3825:group-DC825D6FA250 ConfigurationManager, init=-1: [fd3cd5f9-4f1c-43ea-91b1-b85a1f6c3825:192.168.36.99:39114], old=null, confs=<EMPTY_MAP>
2019-09-20 09:27:17,795 [pool-38-thread-1] INFO  server.RaftServerConfigKeys (ConfUtils.java:logGet(43)) - raft.server.storage.dir = [/workdir/hadoop-ozone/integration-test/target/test-dir/MiniOzoneClusterImpl-a33d77e5-464b-4d19-8e6b-a171e580bf0e/datanode-1/data/ratis] (custom)
2019-09-20 09:27:17,795 [pool-38-thread-1] INFO  storage.RaftStorageDirectory (RaftStorageDirectory.java:analyzeStorage(246)) - The storage directory /workdir/hadoop-ozone/integration-test/target/test-dir/MiniOzoneClusterImpl-a33d77e5-464b-4d19-8e6b-a171e580bf0e/datanode-1/data/ratis/dd3ed292-cb4b-47d2-8f50-dc825d6fa250 does not exist. Creating ...
2019-09-20 09:27:17,815 [pool-38-thread-1] INFO  storage.RaftStorageDirectory (RaftStorageDirectory.java:tryLock(328)) - Lock on /workdir/hadoop-ozone/integration-test/target/test-dir/MiniOzoneClusterImpl-a33d77e5-464b-4d19-8e6b-a171e580bf0e/datanode-1/data/ratis/dd3ed292-cb4b-47d2-8f50-dc825d6fa250/in_use.lock acquired by nodename 7145@pr-hdds-1569-p5fx8-1226042367
2019-09-20 09:27:17,840 [pool-38-thread-1] INFO  storage.RaftStorage (RaftStorage.java:format(72)) - Storage directory /workdir/hadoop-ozone/integration-test/target/test-dir/MiniOzoneClusterImpl-a33d77e5-464b-4d19-8e6b-a171e580bf0e/datanode-1/data/ratis/dd3ed292-cb4b-47d2-8f50-dc825d6fa250 has been successfully formatted.
2019-09-20 09:27:17,841 [pool-38-thread-1] INFO  ratis.ContainerStateMachine (ContainerStateMachine.java:loadSnapshot(226)) - group-DC825D6FA250: The snapshot info is null. Setting the last applied indexto:(t:0, i:~)
2019-09-20 09:27:17,841 [pool-38-thread-1] INFO  server.RaftServerConfigKeys (ConfUtils.java:logGet(43)) - raft.server.leader.election.timeout = 10s (custom)
2019-09-20 09:27:17,841 [pool-38-thread-1] INFO  server.RaftServerConfigKeys (ConfUtils.java:logGet(43)) - raft.server.log.use.memory = false (default)
2019-09-20 09:27:17,841 [pool-38-thread-1] INFO  server.RaftServerConfigKeys (ConfUtils.java:logGet(43)) - raft.server.log.purge.gap = 1000000 (custom)
2019-09-20 09:27:17,841 [pool-38-thread-1] INFO  server.RaftServerConfigKeys (ConfUtils.java:logGet(43)) - raft.server.log.appender.buffer.byte-limit = 33554432 (custom)
2019-09-20 09:27:17,842 [pool-38-thread-1] INFO  server.RaftServerConfigKeys (ConfUtils.java:logGet(43)) - raft.server.log.segment.size.max = 1048576 (custom)
2019-09-20 09:27:17,842 [pool-38-thread-1] INFO  server.RaftServerConfigKeys (ConfUtils.java:logGet(43)) - raft.server.log.segment.cache.num.max = 2 (custom)
2019-09-20 09:27:17,842 [pool-38-thread-1] INFO  segmented.SegmentedRaftLogWorker (SegmentedRaftLogWorker.java:<init>(172)) - new fd3cd5f9-4f1c-43ea-91b1-b85a1f6c3825-SegmentedRaftLogWorker:Storage Directory /workdir/hadoop-ozone/integration-test/target/test-dir/MiniOzoneClusterImpl-a33d77e5-464b-4d19-8e6b-a171e580bf0e/datanode-1/data/ratis/dd3ed292-cb4b-47d2-8f50-dc825d6fa250 for RaftStorage:Storage Directory /workdir/hadoop-ozone/integration-test/target/test-dir/MiniOzoneClusterImpl-a33d77e5-464b-4d19-8e6b-a171e580bf0e/datanode-1/data/ratis/dd3ed292-cb4b-47d2-8f50-dc825d6fa250
2019-09-20 09:27:17,842 [pool-38-thread-1] INFO  server.RaftServerConfigKeys (ConfUtils.java:logGet(43)) - raft.server.log.queue.byte-limit = 2147483647 (custom)
2019-09-20 09:27:17,842 [pool-38-thread-1] INFO  server.RaftServerConfigKeys (ConfUtils.java:logGet(43)) - raft.server.log.queue.element-limit = 1024 (custom)
2019-09-20 09:27:17,842 [pool-38-thread-1] INFO  server.RaftServerConfigKeys (ConfUtils.java:logGet(43)) - raft.server.log.segment.size.max = 1048576 (custom)
2019-09-20 09:27:17,842 [pool-38-thread-1] INFO  server.RaftServerConfigKeys (ConfUtils.java:logGet(43)) - raft.server.log.preallocated.size = 16384 (custom)
2019-09-20 09:27:17,843 [pool-38-thread-1] INFO  server.RaftServerConfigKeys (ConfUtils.java:logGet(43)) - raft.server.log.write.buffer.size = 33554432 (custom)
2019-09-20 09:27:17,843 [pool-38-thread-1] INFO  server.RaftServerConfigKeys (ConfUtils.java:logGet(43)) - raft.server.log.force.sync.num = 128 (default)
2019-09-20 09:27:17,843 [pool-38-thread-1] INFO  server.RaftServerConfigKeys (ConfUtils.java:logGet(43)) - raft.server.log.statemachine.data.sync = true (default)
2019-09-20 09:27:17,843 [pool-38-thread-1] INFO  server.RaftServerConfigKeys (ConfUtils.java:logGet(43)) - raft.server.log.statemachine.data.sync.timeout = 10s (default)
2019-09-20 09:27:17,843 [pool-38-thread-1] INFO  server.RaftServerConfigKeys (ConfUtils.java:logGet(43)) - raft.server.log.statemachine.data.sync.timeout.retry = -1 (default)
2019-09-20 09:27:17,843 [pool-38-thread-1] INFO  server.RaftServerConfigKeys (ConfUtils.java:logGet(43)) - raft.server.log.statemachine.data.caching.enabled = true (custom)
2019-09-20 09:27:17,844 [pool-38-thread-1] INFO  segmented.SegmentedRaftLogWorker (SegmentedRaftLogWorker.java:lambda$new$0(132)) - fd3cd5f9-4f1c-43ea-91b1-b85a1f6c3825-SegmentedRaftLogWorker:Storage Directory /workdir/hadoop-ozone/integration-test/target/test-dir/MiniOzoneClusterImpl-a33d77e5-464b-4d19-8e6b-a171e580bf0e/datanode-1/data/ratis/dd3ed292-cb4b-47d2-8f50-dc825d6fa250: flushIndex: setUnconditionally 0 -> -1
2019-09-20 09:27:17,844 [pool-38-thread-1] INFO  server.RaftServerConfigKeys (ConfUtils.java:logGet(43)) - raft.server.snapshot.auto.trigger.enabled = true (custom)
2019-09-20 09:27:17,844 [pool-38-thread-1] INFO  server.RaftServerConfigKeys (ConfUtils.java:logGet(43)) - raft.server.snapshot.auto.trigger.threshold = 10000 (custom)
2019-09-20 09:27:17,844 [pool-38-thread-1] INFO  server.RaftServerConfigKeys (ConfUtils.java:logGet(43)) - raft.server.retrycache.expirytime = 600000ms (custom)
2019-09-20 09:27:17,845 [pool-38-thread-1] INFO  impl.RaftServerImpl (RaftServerImpl.java:start(180)) - fd3cd5f9-4f1c-43ea-91b1-b85a1f6c3825: start group-DC825D6FA250
2019-09-20 09:27:17,845 [pool-38-thread-1] INFO  impl.RaftServerImpl (RaftServerImpl.java:setRole(171)) - fd3cd5f9-4f1c-43ea-91b1-b85a1f6c3825:group-DC825D6FA250 changes role from null to FOLLOWER at term 0 for startAsFollower
2019-09-20 09:27:17,845 [pool-38-thread-1] INFO  impl.RoleInfo (RoleInfo.java:updateAndGet(143)) - fd3cd5f9-4f1c-43ea-91b1-b85a1f6c3825: start FollowerState
2019-09-20 09:27:17,845 [pool-38-thread-1] INFO  util.JmxRegister (JmxRegister.java:tryRegister(44)) - Successfully registered JMX Bean with object name Ratis:service=RaftServer,group=group-DC825D6FA250,id=fd3cd5f9-4f1c-43ea-91b1-b85a1f6c3825
2019-09-20 09:27:17,848 [RatisPipelineUtilsThread] INFO  pipeline.PipelineStateManager (PipelineStateManager.java:addPipeline(56)) - Created pipeline Pipeline[ Id: dd3ed292-cb4b-47d2-8f50-dc825d6fa250, Nodes: fd3cd5f9-4f1c-43ea-91b1-b85a1f6c3825{ip: 192.168.36.99, host: pr-hdds-1569-p5fx8-1226042367, networkLocation: /default-rack, certSerialId: null}, Type:RATIS, Factor:ONE, State:OPEN]
2019-09-20 09:27:17,853 [grpc-default-executor-2] INFO  impl.RaftServerProxy (RaftServerProxy.java:addNew(89)) - 492ed782-6ab3-4ad9-945e-06def6ac7c96: addNew group-68C11BF58E25:[492ed782-6ab3-4ad9-945e-06def6ac7c96:192.168.36.99:32835] returns group-68C11BF58E25:java.util.concurrent.CompletableFuture@5e4aea4e[Not completed]
2019-09-20 09:27:17,854 [pool-49-thread-1] INFO  impl.RaftServerImpl (RaftServerImpl.java:<init>(93)) - 492ed782-6ab3-4ad9-945e-06def6ac7c96: new RaftServerImpl for group-68C11BF58E25:[492ed782-6ab3-4ad9-945e-06def6ac7c96:192.168.36.99:32835] with ContainerStateMachine:uninitialized
2019-09-20 09:27:17,854 [pool-49-thread-1] INFO  server.RaftServerConfigKeys (ConfUtils.java:logGet(43)) - raft.server.rpc.timeout.min = 5s (custom)
2019-09-20 09:27:17,855 [pool-49-thread-1] INFO  server.RaftServerConfigKeys (ConfUtils.java:logGet(43)) - raft.server.rpc.timeout.max = 5200ms (custom)
2019-09-20 09:27:17,855 [pool-49-thread-1] INFO  server.RaftServerConfigKeys (ConfUtils.java:logGet(43)) - raft.server.rpcslowness.timeout = 10s (custom)
2019-09-20 09:27:17,855 [pool-49-thread-1] INFO  server.RaftServerConfigKeys (ConfUtils.java:logGet(43)) - raft.server.sleep.deviation.threshold = 300 (default)
2019-09-20 09:27:17,855 [pool-49-thread-1] INFO  server.RaftServerConfigKeys (ConfUtils.java:logGet(43)) - raft.server.log.appender.install.snapshot.enabled = false (custom)
2019-09-20 09:27:17,855 [pool-49-thread-1] INFO  impl.RaftServerImpl (ServerState.java:<init>(105)) - 492ed782-6ab3-4ad9-945e-06def6ac7c96:group-68C11BF58E25 ConfigurationManager, init=-1: [492ed782-6ab3-4ad9-945e-06def6ac7c96:192.168.36.99:32835], old=null, confs=<EMPTY_MAP>
2019-09-20 09:27:17,855 [pool-49-thread-1] INFO  server.RaftServerConfigKeys (ConfUtils.java:logGet(43)) - raft.server.storage.dir = [/workdir/hadoop-ozone/integration-test/target/test-dir/MiniOzoneClusterImpl-a33d77e5-464b-4d19-8e6b-a171e580bf0e/datanode-2/data/ratis] (custom)
2019-09-20 09:27:17,856 [pool-49-thread-1] INFO  storage.RaftStorageDirectory (RaftStorageDirectory.java:analyzeStorage(246)) - The storage directory /workdir/hadoop-ozone/integration-test/target/test-dir/MiniOzoneClusterImpl-a33d77e5-464b-4d19-8e6b-a171e580bf0e/datanode-2/data/ratis/af526850-cd10-4d62-b860-68c11bf58e25 does not exist. Creating ...
2019-09-20 09:27:17,874 [pool-49-thread-1] INFO  storage.RaftStorageDirectory (RaftStorageDirectory.java:tryLock(328)) - Lock on /workdir/hadoop-ozone/integration-test/target/test-dir/MiniOzoneClusterImpl-a33d77e5-464b-4d19-8e6b-a171e580bf0e/datanode-2/data/ratis/af526850-cd10-4d62-b860-68c11bf58e25/in_use.lock acquired by nodename 7145@pr-hdds-1569-p5fx8-1226042367
2019-09-20 09:27:17,900 [pool-49-thread-1] INFO  storage.RaftStorage (RaftStorage.java:format(72)) - Storage directory /workdir/hadoop-ozone/integration-test/target/test-dir/MiniOzoneClusterImpl-a33d77e5-464b-4d19-8e6b-a171e580bf0e/datanode-2/data/ratis/af526850-cd10-4d62-b860-68c11bf58e25 has been successfully formatted.
2019-09-20 09:27:17,901 [pool-49-thread-1] INFO  ratis.ContainerStateMachine (ContainerStateMachine.java:loadSnapshot(226)) - group-68C11BF58E25: The snapshot info is null. Setting the last applied indexto:(t:0, i:~)
2019-09-20 09:27:17,901 [pool-49-thread-1] INFO  server.RaftServerConfigKeys (ConfUtils.java:logGet(43)) - raft.server.leader.election.timeout = 10s (custom)
2019-09-20 09:27:17,901 [pool-49-thread-1] INFO  server.RaftServerConfigKeys (ConfUtils.java:logGet(43)) - raft.server.log.use.memory = false (default)
2019-09-20 09:27:17,901 [pool-49-thread-1] INFO  server.RaftServerConfigKeys (ConfUtils.java:logGet(43)) - raft.server.log.purge.gap = 1000000 (custom)
2019-09-20 09:27:17,901 [pool-49-thread-1] INFO  server.RaftServerConfigKeys (ConfUtils.java:logGet(43)) - raft.server.log.appender.buffer.byte-limit = 33554432 (custom)
2019-09-20 09:27:17,902 [pool-49-thread-1] INFO  server.RaftServerConfigKeys (ConfUtils.java:logGet(43)) - raft.server.log.segment.size.max = 1048576 (custom)
2019-09-20 09:27:17,902 [pool-49-thread-1] INFO  server.RaftServerConfigKeys (ConfUtils.java:logGet(43)) - raft.server.log.segment.cache.num.max = 2 (custom)
2019-09-20 09:27:17,902 [pool-49-thread-1] INFO  segmented.SegmentedRaftLogWorker (SegmentedRaftLogWorker.java:<init>(172)) - new 492ed782-6ab3-4ad9-945e-06def6ac7c96-SegmentedRaftLogWorker:Storage Directory /workdir/hadoop-ozone/integration-test/target/test-dir/MiniOzoneClusterImpl-a33d77e5-464b-4d19-8e6b-a171e580bf0e/datanode-2/data/ratis/af526850-cd10-4d62-b860-68c11bf58e25 for RaftStorage:Storage Directory /workdir/hadoop-ozone/integration-test/target/test-dir/MiniOzoneClusterImpl-a33d77e5-464b-4d19-8e6b-a171e580bf0e/datanode-2/data/ratis/af526850-cd10-4d62-b860-68c11bf58e25
2019-09-20 09:27:17,902 [pool-49-thread-1] INFO  server.RaftServerConfigKeys (ConfUtils.java:logGet(43)) - raft.server.log.queue.byte-limit = 2147483647 (custom)
2019-09-20 09:27:17,902 [pool-49-thread-1] INFO  server.RaftServerConfigKeys (ConfUtils.java:logGet(43)) - raft.server.log.queue.element-limit = 1024 (custom)
2019-09-20 09:27:17,902 [pool-49-thread-1] INFO  server.RaftServerConfigKeys (ConfUtils.java:logGet(43)) - raft.server.log.segment.size.max = 1048576 (custom)
2019-09-20 09:27:17,903 [pool-49-thread-1] INFO  server.RaftServerConfigKeys (ConfUtils.java:logGet(43)) - raft.server.log.preallocated.size = 16384 (custom)
2019-09-20 09:27:17,903 [pool-49-thread-1] INFO  server.RaftServerConfigKeys (ConfUtils.java:logGet(43)) - raft.server.log.write.buffer.size = 33554432 (custom)
2019-09-20 09:27:17,903 [pool-49-thread-1] INFO  server.RaftServerConfigKeys (ConfUtils.java:logGet(43)) - raft.server.log.force.sync.num = 128 (default)
2019-09-20 09:27:17,903 [pool-49-thread-1] INFO  server.RaftServerConfigKeys (ConfUtils.java:logGet(43)) - raft.server.log.statemachine.data.sync = true (default)
2019-09-20 09:27:17,903 [pool-49-thread-1] INFO  server.RaftServerConfigKeys (ConfUtils.java:logGet(43)) - raft.server.log.statemachine.data.sync.timeout = 10s (default)
2019-09-20 09:27:17,903 [pool-49-thread-1] INFO  server.RaftServerConfigKeys (ConfUtils.java:logGet(43)) - raft.server.log.statemachine.data.sync.timeout.retry = -1 (default)
2019-09-20 09:27:17,903 [pool-49-thread-1] INFO  server.RaftServerConfigKeys (ConfUtils.java:logGet(43)) - raft.server.log.statemachine.data.caching.enabled = true (custom)
2019-09-20 09:27:17,904 [pool-49-thread-1] INFO  segmented.SegmentedRaftLogWorker (SegmentedRaftLogWorker.java:lambda$new$0(132)) - 492ed782-6ab3-4ad9-945e-06def6ac7c96-SegmentedRaftLogWorker:Storage Directory /workdir/hadoop-ozone/integration-test/target/test-dir/MiniOzoneClusterImpl-a33d77e5-464b-4d19-8e6b-a171e580bf0e/datanode-2/data/ratis/af526850-cd10-4d62-b860-68c11bf58e25: flushIndex: setUnconditionally 0 -> -1
2019-09-20 09:27:17,904 [pool-49-thread-1] INFO  server.RaftServerConfigKeys (ConfUtils.java:logGet(43)) - raft.server.snapshot.auto.trigger.enabled = true (custom)
2019-09-20 09:27:17,904 [pool-49-thread-1] INFO  server.RaftServerConfigKeys (ConfUtils.java:logGet(43)) - raft.server.snapshot.auto.trigger.threshold = 10000 (custom)
2019-09-20 09:27:17,904 [pool-49-thread-1] INFO  server.RaftServerConfigKeys (ConfUtils.java:logGet(43)) - raft.server.retrycache.expirytime = 600000ms (custom)
2019-09-20 09:27:17,905 [pool-49-thread-1] INFO  impl.RaftServerImpl (RaftServerImpl.java:start(180)) - 492ed782-6ab3-4ad9-945e-06def6ac7c96: start group-68C11BF58E25
2019-09-20 09:27:17,905 [pool-49-thread-1] INFO  impl.RaftServerImpl (RaftServerImpl.java:setRole(171)) - 492ed782-6ab3-4ad9-945e-06def6ac7c96:group-68C11BF58E25 changes role from null to FOLLOWER at term 0 for startAsFollower
2019-09-20 09:27:17,905 [pool-49-thread-1] INFO  impl.RoleInfo (RoleInfo.java:updateAndGet(143)) - 492ed782-6ab3-4ad9-945e-06def6ac7c96: start FollowerState
2019-09-20 09:27:17,905 [pool-49-thread-1] INFO  util.JmxRegister (JmxRegister.java:tryRegister(44)) - Successfully registered JMX Bean with object name Ratis:service=RaftServer,group=group-68C11BF58E25,id=492ed782-6ab3-4ad9-945e-06def6ac7c96
2019-09-20 09:27:17,908 [RatisPipelineUtilsThread] INFO  pipeline.PipelineStateManager (PipelineStateManager.java:addPipeline(56)) - Created pipeline Pipeline[ Id: af526850-cd10-4d62-b860-68c11bf58e25, Nodes: 492ed782-6ab3-4ad9-945e-06def6ac7c96{ip: 192.168.36.99, host: pr-hdds-1569-p5fx8-1226042367, networkLocation: /default-rack, certSerialId: null}, Type:RATIS, Factor:ONE, State:OPEN]
2019-09-20 09:27:17,913 [grpc-default-executor-2] INFO  impl.RaftServerProxy (RaftServerProxy.java:addNew(89)) - dc7f40a9-6782-42c4-abab-c6b1682da047: addNew group-96E04B49EB22:[dc7f40a9-6782-42c4-abab-c6b1682da047:192.168.36.99:40142] returns group-96E04B49EB22:java.util.concurrent.CompletableFuture@4a59d350[Not completed]
2019-09-20 09:27:17,914 [pool-82-thread-1] INFO  impl.RaftServerImpl (RaftServerImpl.java:<init>(93)) - dc7f40a9-6782-42c4-abab-c6b1682da047: new RaftServerImpl for group-96E04B49EB22:[dc7f40a9-6782-42c4-abab-c6b1682da047:192.168.36.99:40142] with ContainerStateMachine:uninitialized
2019-09-20 09:27:17,914 [pool-82-thread-1] INFO  server.RaftServerConfigKeys (ConfUtils.java:logGet(43)) - raft.server.rpc.timeout.min = 5s (custom)
2019-09-20 09:27:17,914 [pool-82-thread-1] INFO  server.RaftServerConfigKeys (ConfUtils.java:logGet(43)) - raft.server.rpc.timeout.max = 5200ms (custom)
2019-09-20 09:27:17,914 [pool-82-thread-1] INFO  server.RaftServerConfigKeys (ConfUtils.java:logGet(43)) - raft.server.rpcslowness.timeout = 10s (custom)
2019-09-20 09:27:17,915 [pool-82-thread-1] INFO  server.RaftServerConfigKeys (ConfUtils.java:logGet(43)) - raft.server.sleep.deviation.threshold = 300 (default)
2019-09-20 09:27:17,915 [pool-82-thread-1] INFO  server.RaftServerConfigKeys (ConfUtils.java:logGet(43)) - raft.server.log.appender.install.snapshot.enabled = false (custom)
2019-09-20 09:27:17,915 [pool-82-thread-1] INFO  impl.RaftServerImpl (ServerState.java:<init>(105)) - dc7f40a9-6782-42c4-abab-c6b1682da047:group-96E04B49EB22 ConfigurationManager, init=-1: [dc7f40a9-6782-42c4-abab-c6b1682da047:192.168.36.99:40142], old=null, confs=<EMPTY_MAP>
2019-09-20 09:27:17,915 [pool-82-thread-1] INFO  server.RaftServerConfigKeys (ConfUtils.java:logGet(43)) - raft.server.storage.dir = [/workdir/hadoop-ozone/integration-test/target/test-dir/MiniOzoneClusterImpl-a33d77e5-464b-4d19-8e6b-a171e580bf0e/datanode-5/data/ratis] (custom)
2019-09-20 09:27:17,915 [pool-82-thread-1] INFO  storage.RaftStorageDirectory (RaftStorageDirectory.java:analyzeStorage(246)) - The storage directory /workdir/hadoop-ozone/integration-test/target/test-dir/MiniOzoneClusterImpl-a33d77e5-464b-4d19-8e6b-a171e580bf0e/datanode-5/data/ratis/e1e7ff7f-7dac-4fd7-98bb-96e04b49eb22 does not exist. Creating ...
2019-09-20 09:27:17,942 [pool-82-thread-1] INFO  storage.RaftStorageDirectory (RaftStorageDirectory.java:tryLock(328)) - Lock on /workdir/hadoop-ozone/integration-test/target/test-dir/MiniOzoneClusterImpl-a33d77e5-464b-4d19-8e6b-a171e580bf0e/datanode-5/data/ratis/e1e7ff7f-7dac-4fd7-98bb-96e04b49eb22/in_use.lock acquired by nodename 7145@pr-hdds-1569-p5fx8-1226042367
2019-09-20 09:27:17,959 [pool-82-thread-1] INFO  storage.RaftStorage (RaftStorage.java:format(72)) - Storage directory /workdir/hadoop-ozone/integration-test/target/test-dir/MiniOzoneClusterImpl-a33d77e5-464b-4d19-8e6b-a171e580bf0e/datanode-5/data/ratis/e1e7ff7f-7dac-4fd7-98bb-96e04b49eb22 has been successfully formatted.
2019-09-20 09:27:17,960 [pool-82-thread-1] INFO  ratis.ContainerStateMachine (ContainerStateMachine.java:loadSnapshot(226)) - group-96E04B49EB22: The snapshot info is null. Setting the last applied indexto:(t:0, i:~)
2019-09-20 09:27:17,960 [pool-82-thread-1] INFO  server.RaftServerConfigKeys (ConfUtils.java:logGet(43)) - raft.server.leader.election.timeout = 10s (custom)
2019-09-20 09:27:17,960 [pool-82-thread-1] INFO  server.RaftServerConfigKeys (ConfUtils.java:logGet(43)) - raft.server.log.use.memory = false (default)
2019-09-20 09:27:17,960 [pool-82-thread-1] INFO  server.RaftServerConfigKeys (ConfUtils.java:logGet(43)) - raft.server.log.purge.gap = 1000000 (custom)
2019-09-20 09:27:17,960 [pool-82-thread-1] INFO  server.RaftServerConfigKeys (ConfUtils.java:logGet(43)) - raft.server.log.appender.buffer.byte-limit = 33554432 (custom)
2019-09-20 09:27:17,961 [pool-82-thread-1] INFO  server.RaftServerConfigKeys (ConfUtils.java:logGet(43)) - raft.server.log.segment.size.max = 1048576 (custom)
2019-09-20 09:27:17,961 [pool-82-thread-1] INFO  server.RaftServerConfigKeys (ConfUtils.java:logGet(43)) - raft.server.log.segment.cache.num.max = 2 (custom)
2019-09-20 09:27:17,961 [pool-82-thread-1] INFO  segmented.SegmentedRaftLogWorker (SegmentedRaftLogWorker.java:<init>(172)) - new dc7f40a9-6782-42c4-abab-c6b1682da047-SegmentedRaftLogWorker:Storage Directory /workdir/hadoop-ozone/integration-test/target/test-dir/MiniOzoneClusterImpl-a33d77e5-464b-4d19-8e6b-a171e580bf0e/datanode-5/data/ratis/e1e7ff7f-7dac-4fd7-98bb-96e04b49eb22 for RaftStorage:Storage Directory /workdir/hadoop-ozone/integration-test/target/test-dir/MiniOzoneClusterImpl-a33d77e5-464b-4d19-8e6b-a171e580bf0e/datanode-5/data/ratis/e1e7ff7f-7dac-4fd7-98bb-96e04b49eb22
2019-09-20 09:27:17,961 [pool-82-thread-1] INFO  server.RaftServerConfigKeys (ConfUtils.java:logGet(43)) - raft.server.log.queue.byte-limit = 2147483647 (custom)
2019-09-20 09:27:17,961 [pool-82-thread-1] INFO  server.RaftServerConfigKeys (ConfUtils.java:logGet(43)) - raft.server.log.queue.element-limit = 1024 (custom)
2019-09-20 09:27:17,962 [pool-82-thread-1] INFO  server.RaftServerConfigKeys (ConfUtils.java:logGet(43)) - raft.server.log.segment.size.max = 1048576 (custom)
2019-09-20 09:27:17,962 [pool-82-thread-1] INFO  server.RaftServerConfigKeys (ConfUtils.java:logGet(43)) - raft.server.log.preallocated.size = 16384 (custom)
2019-09-20 09:27:17,962 [pool-82-thread-1] INFO  server.RaftServerConfigKeys (ConfUtils.java:logGet(43)) - raft.server.log.write.buffer.size = 33554432 (custom)
2019-09-20 09:27:17,962 [pool-82-thread-1] INFO  server.RaftServerConfigKeys (ConfUtils.java:logGet(43)) - raft.server.log.force.sync.num = 128 (default)
2019-09-20 09:27:17,962 [pool-82-thread-1] INFO  server.RaftServerConfigKeys (ConfUtils.java:logGet(43)) - raft.server.log.statemachine.data.sync = true (default)
2019-09-20 09:27:17,962 [pool-82-thread-1] INFO  server.RaftServerConfigKeys (ConfUtils.java:logGet(43)) - raft.server.log.statemachine.data.sync.timeout = 10s (default)
2019-09-20 09:27:17,962 [pool-82-thread-1] INFO  server.RaftServerConfigKeys (ConfUtils.java:logGet(43)) - raft.server.log.statemachine.data.sync.timeout.retry = -1 (default)
2019-09-20 09:27:17,963 [pool-82-thread-1] INFO  server.RaftServerConfigKeys (ConfUtils.java:logGet(43)) - raft.server.log.statemachine.data.caching.enabled = true (custom)
2019-09-20 09:27:17,963 [pool-82-thread-1] INFO  segmented.SegmentedRaftLogWorker (SegmentedRaftLogWorker.java:lambda$new$0(132)) - dc7f40a9-6782-42c4-abab-c6b1682da047-SegmentedRaftLogWorker:Storage Directory /workdir/hadoop-ozone/integration-test/target/test-dir/MiniOzoneClusterImpl-a33d77e5-464b-4d19-8e6b-a171e580bf0e/datanode-5/data/ratis/e1e7ff7f-7dac-4fd7-98bb-96e04b49eb22: flushIndex: setUnconditionally 0 -> -1
2019-09-20 09:27:17,963 [pool-82-thread-1] INFO  server.RaftServerConfigKeys (ConfUtils.java:logGet(43)) - raft.server.snapshot.auto.trigger.enabled = true (custom)
2019-09-20 09:27:17,963 [pool-82-thread-1] INFO  server.RaftServerConfigKeys (ConfUtils.java:logGet(43)) - raft.server.snapshot.auto.trigger.threshold = 10000 (custom)
2019-09-20 09:27:17,964 [pool-82-thread-1] INFO  server.RaftServerConfigKeys (ConfUtils.java:logGet(43)) - raft.server.retrycache.expirytime = 600000ms (custom)
2019-09-20 09:27:17,964 [pool-82-thread-1] INFO  impl.RaftServerImpl (RaftServerImpl.java:start(180)) - dc7f40a9-6782-42c4-abab-c6b1682da047: start group-96E04B49EB22
2019-09-20 09:27:17,964 [pool-82-thread-1] INFO  impl.RaftServerImpl (RaftServerImpl.java:setRole(171)) - dc7f40a9-6782-42c4-abab-c6b1682da047:group-96E04B49EB22 changes role from null to FOLLOWER at term 0 for startAsFollower
2019-09-20 09:27:17,964 [pool-82-thread-1] INFO  impl.RoleInfo (RoleInfo.java:updateAndGet(143)) - dc7f40a9-6782-42c4-abab-c6b1682da047: start FollowerState
2019-09-20 09:27:17,965 [pool-82-thread-1] INFO  util.JmxRegister (JmxRegister.java:tryRegister(44)) - Successfully registered JMX Bean with object name Ratis:service=RaftServer,group=group-96E04B49EB22,id=dc7f40a9-6782-42c4-abab-c6b1682da047
2019-09-20 09:27:17,967 [RatisPipelineUtilsThread] INFO  pipeline.PipelineStateManager (PipelineStateManager.java:addPipeline(56)) - Created pipeline Pipeline[ Id: e1e7ff7f-7dac-4fd7-98bb-96e04b49eb22, Nodes: dc7f40a9-6782-42c4-abab-c6b1682da047{ip: 192.168.36.99, host: pr-hdds-1569-p5fx8-1226042367, networkLocation: /default-rack, certSerialId: null}, Type:RATIS, Factor:ONE, State:OPEN]
2019-09-20 09:27:17,972 [grpc-default-executor-2] INFO  impl.RaftServerProxy (RaftServerProxy.java:addNew(89)) - 871e6485-c22a-483f-9e07-d19e754685be: addNew group-B9897AFDAD88:[871e6485-c22a-483f-9e07-d19e754685be:192.168.36.99:41076] returns group-B9897AFDAD88:java.util.concurrent.CompletableFuture@1cd76e10[Not completed]
2019-09-20 09:27:17,974 [pool-71-thread-1] INFO  impl.RaftServerImpl (RaftServerImpl.java:<init>(93)) - 871e6485-c22a-483f-9e07-d19e754685be: new RaftServerImpl for group-B9897AFDAD88:[871e6485-c22a-483f-9e07-d19e754685be:192.168.36.99:41076] with ContainerStateMachine:uninitialized
2019-09-20 09:27:17,974 [pool-71-thread-1] INFO  server.RaftServerConfigKeys (ConfUtils.java:logGet(43)) - raft.server.rpc.timeout.min = 5s (custom)
2019-09-20 09:27:17,975 [pool-71-thread-1] INFO  server.RaftServerConfigKeys (ConfUtils.java:logGet(43)) - raft.server.rpc.timeout.max = 5200ms (custom)
2019-09-20 09:27:17,975 [pool-71-thread-1] INFO  server.RaftServerConfigKeys (ConfUtils.java:logGet(43)) - raft.server.rpcslowness.timeout = 10s (custom)
2019-09-20 09:27:17,975 [pool-71-thread-1] INFO  server.RaftServerConfigKeys (ConfUtils.java:logGet(43)) - raft.server.sleep.deviation.threshold = 300 (default)
2019-09-20 09:27:17,975 [pool-71-thread-1] INFO  server.RaftServerConfigKeys (ConfUtils.java:logGet(43)) - raft.server.log.appender.install.snapshot.enabled = false (custom)
2019-09-20 09:27:17,975 [pool-71-thread-1] INFO  impl.RaftServerImpl (ServerState.java:<init>(105)) - 871e6485-c22a-483f-9e07-d19e754685be:group-B9897AFDAD88 ConfigurationManager, init=-1: [871e6485-c22a-483f-9e07-d19e754685be:192.168.36.99:41076], old=null, confs=<EMPTY_MAP>
2019-09-20 09:27:17,975 [pool-71-thread-1] INFO  server.RaftServerConfigKeys (ConfUtils.java:logGet(43)) - raft.server.storage.dir = [/workdir/hadoop-ozone/integration-test/target/test-dir/MiniOzoneClusterImpl-a33d77e5-464b-4d19-8e6b-a171e580bf0e/datanode-4/data/ratis] (custom)
2019-09-20 09:27:17,976 [pool-71-thread-1] INFO  storage.RaftStorageDirectory (RaftStorageDirectory.java:analyzeStorage(246)) - The storage directory /workdir/hadoop-ozone/integration-test/target/test-dir/MiniOzoneClusterImpl-a33d77e5-464b-4d19-8e6b-a171e580bf0e/datanode-4/data/ratis/4efacd98-2512-4d78-8dc9-b9897afdad88 does not exist. Creating ...
2019-09-20 09:27:17,995 | INFO  | SCMAudit | user=jenkins1000 | ip=192.168.36.99 | op=SEND_HEARTBEAT {datanodeUUID=492ed782-6ab3-4ad9-945e-06def6ac7c96, command=[]} | ret=SUCCESS |  
2019-09-20 09:27:17,995 | INFO  | SCMAudit | user=jenkins1000 | ip=192.168.36.99 | op=SEND_HEARTBEAT {datanodeUUID=871e6485-c22a-483f-9e07-d19e754685be, command=[]} | ret=SUCCESS |  
2019-09-20 09:27:17,996 | INFO  | SCMAudit | user=jenkins1000 | ip=192.168.36.99 | op=SEND_HEARTBEAT {datanodeUUID=02b93e76-e4c6-4b67-b8a4-c536d9ab7224, command=[]} | ret=SUCCESS |  
2019-09-20 09:27:17,996 | INFO  | SCMAudit | user=jenkins1000 | ip=192.168.36.99 | op=SEND_HEARTBEAT {datanodeUUID=4840c00f-91d3-4881-a20b-4d0486ca97c0, command=[]} | ret=SUCCESS |  
2019-09-20 09:27:18,018 [pool-71-thread-1] INFO  storage.RaftStorageDirectory (RaftStorageDirectory.java:tryLock(328)) - Lock on /workdir/hadoop-ozone/integration-test/target/test-dir/MiniOzoneClusterImpl-a33d77e5-464b-4d19-8e6b-a171e580bf0e/datanode-4/data/ratis/4efacd98-2512-4d78-8dc9-b9897afdad88/in_use.lock acquired by nodename 7145@pr-hdds-1569-p5fx8-1226042367
2019-09-20 09:27:18,037 | INFO  | SCMAudit | user=jenkins1000 | ip=192.168.36.99 | op=SEND_HEARTBEAT {datanodeUUID=dc7f40a9-6782-42c4-abab-c6b1682da047, command=[]} | ret=SUCCESS |  
2019-09-20 09:27:18,038 | INFO  | SCMAudit | user=jenkins1000 | ip=192.168.36.99 | op=SEND_HEARTBEAT {datanodeUUID=fd3cd5f9-4f1c-43ea-91b1-b85a1f6c3825, command=[]} | ret=SUCCESS |  
2019-09-20 09:27:18,052 [pool-71-thread-1] INFO  storage.RaftStorage (RaftStorage.java:format(72)) - Storage directory /workdir/hadoop-ozone/integration-test/target/test-dir/MiniOzoneClusterImpl-a33d77e5-464b-4d19-8e6b-a171e580bf0e/datanode-4/data/ratis/4efacd98-2512-4d78-8dc9-b9897afdad88 has been successfully formatted.
2019-09-20 09:27:18,052 [pool-71-thread-1] INFO  ratis.ContainerStateMachine (ContainerStateMachine.java:loadSnapshot(226)) - group-B9897AFDAD88: The snapshot info is null. Setting the last applied indexto:(t:0, i:~)
2019-09-20 09:27:18,052 [pool-71-thread-1] INFO  server.RaftServerConfigKeys (ConfUtils.java:logGet(43)) - raft.server.leader.election.timeout = 10s (custom)
2019-09-20 09:27:18,053 [pool-71-thread-1] INFO  server.RaftServerConfigKeys (ConfUtils.java:logGet(43)) - raft.server.log.use.memory = false (default)
2019-09-20 09:27:18,053 [pool-71-thread-1] INFO  server.RaftServerConfigKeys (ConfUtils.java:logGet(43)) - raft.server.log.purge.gap = 1000000 (custom)
2019-09-20 09:27:18,053 [pool-71-thread-1] INFO  server.RaftServerConfigKeys (ConfUtils.java:logGet(43)) - raft.server.log.appender.buffer.byte-limit = 33554432 (custom)
2019-09-20 09:27:18,053 [pool-71-thread-1] INFO  server.RaftServerConfigKeys (ConfUtils.java:logGet(43)) - raft.server.log.segment.size.max = 1048576 (custom)
2019-09-20 09:27:18,053 [pool-71-thread-1] INFO  server.RaftServerConfigKeys (ConfUtils.java:logGet(43)) - raft.server.log.segment.cache.num.max = 2 (custom)
2019-09-20 09:27:18,053 [pool-71-thread-1] INFO  segmented.SegmentedRaftLogWorker (SegmentedRaftLogWorker.java:<init>(172)) - new 871e6485-c22a-483f-9e07-d19e754685be-SegmentedRaftLogWorker:Storage Directory /workdir/hadoop-ozone/integration-test/target/test-dir/MiniOzoneClusterImpl-a33d77e5-464b-4d19-8e6b-a171e580bf0e/datanode-4/data/ratis/4efacd98-2512-4d78-8dc9-b9897afdad88 for RaftStorage:Storage Directory /workdir/hadoop-ozone/integration-test/target/test-dir/MiniOzoneClusterImpl-a33d77e5-464b-4d19-8e6b-a171e580bf0e/datanode-4/data/ratis/4efacd98-2512-4d78-8dc9-b9897afdad88
2019-09-20 09:27:18,054 [pool-71-thread-1] INFO  server.RaftServerConfigKeys (ConfUtils.java:logGet(43)) - raft.server.log.queue.byte-limit = 2147483647 (custom)
2019-09-20 09:27:18,054 [pool-71-thread-1] INFO  server.RaftServerConfigKeys (ConfUtils.java:logGet(43)) - raft.server.log.queue.element-limit = 1024 (custom)
2019-09-20 09:27:18,054 [pool-71-thread-1] INFO  server.RaftServerConfigKeys (ConfUtils.java:logGet(43)) - raft.server.log.segment.size.max = 1048576 (custom)
2019-09-20 09:27:18,054 [pool-71-thread-1] INFO  server.RaftServerConfigKeys (ConfUtils.java:logGet(43)) - raft.server.log.preallocated.size = 16384 (custom)
2019-09-20 09:27:18,054 [pool-71-thread-1] INFO  server.RaftServerConfigKeys (ConfUtils.java:logGet(43)) - raft.server.log.write.buffer.size = 33554432 (custom)
2019-09-20 09:27:18,054 [pool-71-thread-1] INFO  server.RaftServerConfigKeys (ConfUtils.java:logGet(43)) - raft.server.log.force.sync.num = 128 (default)
2019-09-20 09:27:18,055 [pool-71-thread-1] INFO  server.RaftServerConfigKeys (ConfUtils.java:logGet(43)) - raft.server.log.statemachine.data.sync = true (default)
2019-09-20 09:27:18,055 [pool-71-thread-1] INFO  server.RaftServerConfigKeys (ConfUtils.java:logGet(43)) - raft.server.log.statemachine.data.sync.timeout = 10s (default)
2019-09-20 09:27:18,055 [pool-71-thread-1] INFO  server.RaftServerConfigKeys (ConfUtils.java:logGet(43)) - raft.server.log.statemachine.data.sync.timeout.retry = -1 (default)
2019-09-20 09:27:18,055 [pool-71-thread-1] INFO  server.RaftServerConfigKeys (ConfUtils.java:logGet(43)) - raft.server.log.statemachine.data.caching.enabled = true (custom)
2019-09-20 09:27:18,055 [pool-71-thread-1] INFO  segmented.SegmentedRaftLogWorker (SegmentedRaftLogWorker.java:lambda$new$0(132)) - 871e6485-c22a-483f-9e07-d19e754685be-SegmentedRaftLogWorker:Storage Directory /workdir/hadoop-ozone/integration-test/target/test-dir/MiniOzoneClusterImpl-a33d77e5-464b-4d19-8e6b-a171e580bf0e/datanode-4/data/ratis/4efacd98-2512-4d78-8dc9-b9897afdad88: flushIndex: setUnconditionally 0 -> -1
2019-09-20 09:27:18,056 [pool-71-thread-1] INFO  server.RaftServerConfigKeys (ConfUtils.java:logGet(43)) - raft.server.snapshot.auto.trigger.enabled = true (custom)
2019-09-20 09:27:18,056 [pool-71-thread-1] INFO  server.RaftServerConfigKeys (ConfUtils.java:logGet(43)) - raft.server.snapshot.auto.trigger.threshold = 10000 (custom)
2019-09-20 09:27:18,056 [pool-71-thread-1] INFO  server.RaftServerConfigKeys (ConfUtils.java:logGet(43)) - raft.server.retrycache.expirytime = 600000ms (custom)
2019-09-20 09:27:18,056 [pool-71-thread-1] INFO  impl.RaftServerImpl (RaftServerImpl.java:start(180)) - 871e6485-c22a-483f-9e07-d19e754685be: start group-B9897AFDAD88
2019-09-20 09:27:18,057 [pool-71-thread-1] INFO  impl.RaftServerImpl (RaftServerImpl.java:setRole(171)) - 871e6485-c22a-483f-9e07-d19e754685be:group-B9897AFDAD88 changes role from null to FOLLOWER at term 0 for startAsFollower
2019-09-20 09:27:18,057 [pool-71-thread-1] INFO  impl.RoleInfo (RoleInfo.java:updateAndGet(143)) - 871e6485-c22a-483f-9e07-d19e754685be: start FollowerState
2019-09-20 09:27:18,057 [pool-71-thread-1] INFO  util.JmxRegister (JmxRegister.java:tryRegister(44)) - Successfully registered JMX Bean with object name Ratis:service=RaftServer,group=group-B9897AFDAD88,id=871e6485-c22a-483f-9e07-d19e754685be
2019-09-20 09:27:18,060 [RatisPipelineUtilsThread] INFO  pipeline.PipelineStateManager (PipelineStateManager.java:addPipeline(56)) - Created pipeline Pipeline[ Id: 4efacd98-2512-4d78-8dc9-b9897afdad88, Nodes: 871e6485-c22a-483f-9e07-d19e754685be{ip: 192.168.36.99, host: pr-hdds-1569-p5fx8-1226042367, networkLocation: /default-rack, certSerialId: null}, Type:RATIS, Factor:ONE, State:OPEN]
2019-09-20 09:27:18,066 [grpc-default-executor-2] INFO  impl.RaftServerProxy (RaftServerProxy.java:addNew(89)) - 4840c00f-91d3-4881-a20b-4d0486ca97c0: addNew group-1E855A8E02DA:[4840c00f-91d3-4881-a20b-4d0486ca97c0:192.168.36.99:41473] returns group-1E855A8E02DA:java.util.concurrent.CompletableFuture@52197fd2[Not completed]
2019-09-20 09:27:18,067 [pool-60-thread-1] INFO  impl.RaftServerImpl (RaftServerImpl.java:<init>(93)) - 4840c00f-91d3-4881-a20b-4d0486ca97c0: new RaftServerImpl for group-1E855A8E02DA:[4840c00f-91d3-4881-a20b-4d0486ca97c0:192.168.36.99:41473] with ContainerStateMachine:uninitialized
2019-09-20 09:27:18,068 [pool-60-thread-1] INFO  server.RaftServerConfigKeys (ConfUtils.java:logGet(43)) - raft.server.rpc.timeout.min = 5s (custom)
2019-09-20 09:27:18,068 [pool-60-thread-1] INFO  server.RaftServerConfigKeys (ConfUtils.java:logGet(43)) - raft.server.rpc.timeout.max = 5200ms (custom)
2019-09-20 09:27:18,068 [pool-60-thread-1] INFO  server.RaftServerConfigKeys (ConfUtils.java:logGet(43)) - raft.server.rpcslowness.timeout = 10s (custom)
2019-09-20 09:27:18,068 [pool-60-thread-1] INFO  server.RaftServerConfigKeys (ConfUtils.java:logGet(43)) - raft.server.sleep.deviation.threshold = 300 (default)
2019-09-20 09:27:18,068 [pool-60-thread-1] INFO  server.RaftServerConfigKeys (ConfUtils.java:logGet(43)) - raft.server.log.appender.install.snapshot.enabled = false (custom)
2019-09-20 09:27:18,068 [pool-60-thread-1] INFO  impl.RaftServerImpl (ServerState.java:<init>(105)) - 4840c00f-91d3-4881-a20b-4d0486ca97c0:group-1E855A8E02DA ConfigurationManager, init=-1: [4840c00f-91d3-4881-a20b-4d0486ca97c0:192.168.36.99:41473], old=null, confs=<EMPTY_MAP>
2019-09-20 09:27:18,068 [pool-60-thread-1] INFO  server.RaftServerConfigKeys (ConfUtils.java:logGet(43)) - raft.server.storage.dir = [/workdir/hadoop-ozone/integration-test/target/test-dir/MiniOzoneClusterImpl-a33d77e5-464b-4d19-8e6b-a171e580bf0e/datanode-3/data/ratis] (custom)
2019-09-20 09:27:18,070 [pool-60-thread-1] INFO  storage.RaftStorageDirectory (RaftStorageDirectory.java:analyzeStorage(246)) - The storage directory /workdir/hadoop-ozone/integration-test/target/test-dir/MiniOzoneClusterImpl-a33d77e5-464b-4d19-8e6b-a171e580bf0e/datanode-3/data/ratis/f3cb99fb-2df1-4ec8-b01d-1e855a8e02da does not exist. Creating ...
2019-09-20 09:27:18,086 [pool-60-thread-1] INFO  storage.RaftStorageDirectory (RaftStorageDirectory.java:tryLock(328)) - Lock on /workdir/hadoop-ozone/integration-test/target/test-dir/MiniOzoneClusterImpl-a33d77e5-464b-4d19-8e6b-a171e580bf0e/datanode-3/data/ratis/f3cb99fb-2df1-4ec8-b01d-1e855a8e02da/in_use.lock acquired by nodename 7145@pr-hdds-1569-p5fx8-1226042367
2019-09-20 09:27:18,111 [pool-60-thread-1] INFO  storage.RaftStorage (RaftStorage.java:format(72)) - Storage directory /workdir/hadoop-ozone/integration-test/target/test-dir/MiniOzoneClusterImpl-a33d77e5-464b-4d19-8e6b-a171e580bf0e/datanode-3/data/ratis/f3cb99fb-2df1-4ec8-b01d-1e855a8e02da has been successfully formatted.
2019-09-20 09:27:18,111 [pool-60-thread-1] INFO  ratis.ContainerStateMachine (ContainerStateMachine.java:loadSnapshot(226)) - group-1E855A8E02DA: The snapshot info is null. Setting the last applied indexto:(t:0, i:~)
2019-09-20 09:27:18,111 [pool-60-thread-1] INFO  server.RaftServerConfigKeys (ConfUtils.java:logGet(43)) - raft.server.leader.election.timeout = 10s (custom)
2019-09-20 09:27:18,112 [pool-60-thread-1] INFO  server.RaftServerConfigKeys (ConfUtils.java:logGet(43)) - raft.server.log.use.memory = false (default)
2019-09-20 09:27:18,112 [pool-60-thread-1] INFO  server.RaftServerConfigKeys (ConfUtils.java:logGet(43)) - raft.server.log.purge.gap = 1000000 (custom)
2019-09-20 09:27:18,112 [pool-60-thread-1] INFO  server.RaftServerConfigKeys (ConfUtils.java:logGet(43)) - raft.server.log.appender.buffer.byte-limit = 33554432 (custom)
2019-09-20 09:27:18,112 [pool-60-thread-1] INFO  server.RaftServerConfigKeys (ConfUtils.java:logGet(43)) - raft.server.log.segment.size.max = 1048576 (custom)
2019-09-20 09:27:18,112 [pool-60-thread-1] INFO  server.RaftServerConfigKeys (ConfUtils.java:logGet(43)) - raft.server.log.segment.cache.num.max = 2 (custom)
2019-09-20 09:27:18,112 [pool-60-thread-1] INFO  segmented.SegmentedRaftLogWorker (SegmentedRaftLogWorker.java:<init>(172)) - new 4840c00f-91d3-4881-a20b-4d0486ca97c0-SegmentedRaftLogWorker:Storage Directory /workdir/hadoop-ozone/integration-test/target/test-dir/MiniOzoneClusterImpl-a33d77e5-464b-4d19-8e6b-a171e580bf0e/datanode-3/data/ratis/f3cb99fb-2df1-4ec8-b01d-1e855a8e02da for RaftStorage:Storage Directory /workdir/hadoop-ozone/integration-test/target/test-dir/MiniOzoneClusterImpl-a33d77e5-464b-4d19-8e6b-a171e580bf0e/datanode-3/data/ratis/f3cb99fb-2df1-4ec8-b01d-1e855a8e02da
2019-09-20 09:27:18,112 [pool-60-thread-1] INFO  server.RaftServerConfigKeys (ConfUtils.java:logGet(43)) - raft.server.log.queue.byte-limit = 2147483647 (custom)
2019-09-20 09:27:18,112 [pool-60-thread-1] INFO  server.RaftServerConfigKeys (ConfUtils.java:logGet(43)) - raft.server.log.queue.element-limit = 1024 (custom)
2019-09-20 09:27:18,113 [pool-60-thread-1] INFO  server.RaftServerConfigKeys (ConfUtils.java:logGet(43)) - raft.server.log.segment.size.max = 1048576 (custom)
2019-09-20 09:27:18,113 [pool-60-thread-1] INFO  server.RaftServerConfigKeys (ConfUtils.java:logGet(43)) - raft.server.log.preallocated.size = 16384 (custom)
2019-09-20 09:27:18,113 [pool-60-thread-1] INFO  server.RaftServerConfigKeys (ConfUtils.java:logGet(43)) - raft.server.log.write.buffer.size = 33554432 (custom)
2019-09-20 09:27:18,113 [pool-60-thread-1] INFO  server.RaftServerConfigKeys (ConfUtils.java:logGet(43)) - raft.server.log.force.sync.num = 128 (default)
2019-09-20 09:27:18,113 [pool-60-thread-1] INFO  server.RaftServerConfigKeys (ConfUtils.java:logGet(43)) - raft.server.log.statemachine.data.sync = true (default)
2019-09-20 09:27:18,113 [pool-60-thread-1] INFO  server.RaftServerConfigKeys (ConfUtils.java:logGet(43)) - raft.server.log.statemachine.data.sync.timeout = 10s (default)
2019-09-20 09:27:18,113 [pool-60-thread-1] INFO  server.RaftServerConfigKeys (ConfUtils.java:logGet(43)) - raft.server.log.statemachine.data.sync.timeout.retry = -1 (default)
2019-09-20 09:27:18,113 [pool-60-thread-1] INFO  server.RaftServerConfigKeys (ConfUtils.java:logGet(43)) - raft.server.log.statemachine.data.caching.enabled = true (custom)
2019-09-20 09:27:18,114 [pool-60-thread-1] INFO  segmented.SegmentedRaftLogWorker (SegmentedRaftLogWorker.java:lambda$new$0(132)) - 4840c00f-91d3-4881-a20b-4d0486ca97c0-SegmentedRaftLogWorker:Storage Directory /workdir/hadoop-ozone/integration-test/target/test-dir/MiniOzoneClusterImpl-a33d77e5-464b-4d19-8e6b-a171e580bf0e/datanode-3/data/ratis/f3cb99fb-2df1-4ec8-b01d-1e855a8e02da: flushIndex: setUnconditionally 0 -> -1
2019-09-20 09:27:18,114 [pool-60-thread-1] INFO  server.RaftServerConfigKeys (ConfUtils.java:logGet(43)) - raft.server.snapshot.auto.trigger.enabled = true (custom)
2019-09-20 09:27:18,114 [pool-60-thread-1] INFO  server.RaftServerConfigKeys (ConfUtils.java:logGet(43)) - raft.server.snapshot.auto.trigger.threshold = 10000 (custom)
2019-09-20 09:27:18,114 [pool-60-thread-1] INFO  server.RaftServerConfigKeys (ConfUtils.java:logGet(43)) - raft.server.retrycache.expirytime = 600000ms (custom)
2019-09-20 09:27:18,114 [pool-60-thread-1] INFO  impl.RaftServerImpl (RaftServerImpl.java:start(180)) - 4840c00f-91d3-4881-a20b-4d0486ca97c0: start group-1E855A8E02DA
2019-09-20 09:27:18,115 [pool-60-thread-1] INFO  impl.RaftServerImpl (RaftServerImpl.java:setRole(171)) - 4840c00f-91d3-4881-a20b-4d0486ca97c0:group-1E855A8E02DA changes role from null to FOLLOWER at term 0 for startAsFollower
2019-09-20 09:27:18,115 [pool-60-thread-1] INFO  impl.RoleInfo (RoleInfo.java:updateAndGet(143)) - 4840c00f-91d3-4881-a20b-4d0486ca97c0: start FollowerState
2019-09-20 09:27:18,115 [pool-60-thread-1] INFO  util.JmxRegister (JmxRegister.java:tryRegister(44)) - Successfully registered JMX Bean with object name Ratis:service=RaftServer,group=group-1E855A8E02DA,id=4840c00f-91d3-4881-a20b-4d0486ca97c0
2019-09-20 09:27:18,117 [RatisPipelineUtilsThread] INFO  pipeline.PipelineStateManager (PipelineStateManager.java:addPipeline(56)) - Created pipeline Pipeline[ Id: f3cb99fb-2df1-4ec8-b01d-1e855a8e02da, Nodes: 4840c00f-91d3-4881-a20b-4d0486ca97c0{ip: 192.168.36.99, host: pr-hdds-1569-p5fx8-1226042367, networkLocation: /default-rack, certSerialId: null}, Type:RATIS, Factor:ONE, State:OPEN]
2019-09-20 09:27:18,123 [grpc-default-executor-2] INFO  impl.RaftServerProxy (RaftServerProxy.java:addNew(89)) - fd3cd5f9-4f1c-43ea-91b1-b85a1f6c3825: addNew group-EFBA38E2D881:[fd3cd5f9-4f1c-43ea-91b1-b85a1f6c3825:192.168.36.99:39114] returns group-EFBA38E2D881:java.util.concurrent.CompletableFuture@570e099c[Not completed]
2019-09-20 09:27:18,124 [pool-38-thread-1] INFO  impl.RaftServerImpl (RaftServerImpl.java:<init>(93)) - fd3cd5f9-4f1c-43ea-91b1-b85a1f6c3825: new RaftServerImpl for group-EFBA38E2D881:[fd3cd5f9-4f1c-43ea-91b1-b85a1f6c3825:192.168.36.99:39114] with ContainerStateMachine:uninitialized
2019-09-20 09:27:18,124 [pool-38-thread-1] INFO  server.RaftServerConfigKeys (ConfUtils.java:logGet(43)) - raft.server.rpc.timeout.min = 5s (custom)
2019-09-20 09:27:18,124 [pool-38-thread-1] INFO  server.RaftServerConfigKeys (ConfUtils.java:logGet(43)) - raft.server.rpc.timeout.max = 5200ms (custom)
2019-09-20 09:27:18,124 [pool-38-thread-1] INFO  server.RaftServerConfigKeys (ConfUtils.java:logGet(43)) - raft.server.rpcslowness.timeout = 10s (custom)
2019-09-20 09:27:18,124 [pool-38-thread-1] INFO  server.RaftServerConfigKeys (ConfUtils.java:logGet(43)) - raft.server.sleep.deviation.threshold = 300 (default)
2019-09-20 09:27:18,124 [pool-38-thread-1] INFO  server.RaftServerConfigKeys (ConfUtils.java:logGet(43)) - raft.server.log.appender.install.snapshot.enabled = false (custom)
2019-09-20 09:27:18,124 [pool-38-thread-1] INFO  impl.RaftServerImpl (ServerState.java:<init>(105)) - fd3cd5f9-4f1c-43ea-91b1-b85a1f6c3825:group-EFBA38E2D881 ConfigurationManager, init=-1: [fd3cd5f9-4f1c-43ea-91b1-b85a1f6c3825:192.168.36.99:39114], old=null, confs=<EMPTY_MAP>
2019-09-20 09:27:18,125 [pool-38-thread-1] INFO  server.RaftServerConfigKeys (ConfUtils.java:logGet(43)) - raft.server.storage.dir = [/workdir/hadoop-ozone/integration-test/target/test-dir/MiniOzoneClusterImpl-a33d77e5-464b-4d19-8e6b-a171e580bf0e/datanode-1/data/ratis] (custom)
2019-09-20 09:27:18,125 [pool-38-thread-1] INFO  storage.RaftStorageDirectory (RaftStorageDirectory.java:analyzeStorage(246)) - The storage directory /workdir/hadoop-ozone/integration-test/target/test-dir/MiniOzoneClusterImpl-a33d77e5-464b-4d19-8e6b-a171e580bf0e/datanode-1/data/ratis/27185215-8000-4c0c-93d0-efba38e2d881 does not exist. Creating ...
2019-09-20 09:27:18,145 [pool-38-thread-1] INFO  storage.RaftStorageDirectory (RaftStorageDirectory.java:tryLock(328)) - Lock on /workdir/hadoop-ozone/integration-test/target/test-dir/MiniOzoneClusterImpl-a33d77e5-464b-4d19-8e6b-a171e580bf0e/datanode-1/data/ratis/27185215-8000-4c0c-93d0-efba38e2d881/in_use.lock acquired by nodename 7145@pr-hdds-1569-p5fx8-1226042367
2019-09-20 09:27:18,170 [pool-38-thread-1] INFO  storage.RaftStorage (RaftStorage.java:format(72)) - Storage directory /workdir/hadoop-ozone/integration-test/target/test-dir/MiniOzoneClusterImpl-a33d77e5-464b-4d19-8e6b-a171e580bf0e/datanode-1/data/ratis/27185215-8000-4c0c-93d0-efba38e2d881 has been successfully formatted.
2019-09-20 09:27:18,170 [pool-38-thread-1] INFO  ratis.ContainerStateMachine (ContainerStateMachine.java:loadSnapshot(226)) - group-EFBA38E2D881: The snapshot info is null. Setting the last applied indexto:(t:0, i:~)
2019-09-20 09:27:18,170 [pool-38-thread-1] INFO  server.RaftServerConfigKeys (ConfUtils.java:logGet(43)) - raft.server.leader.election.timeout = 10s (custom)
2019-09-20 09:27:18,171 [pool-38-thread-1] INFO  server.RaftServerConfigKeys (ConfUtils.java:logGet(43)) - raft.server.log.use.memory = false (default)
2019-09-20 09:27:18,171 [pool-38-thread-1] INFO  server.RaftServerConfigKeys (ConfUtils.java:logGet(43)) - raft.server.log.purge.gap = 1000000 (custom)
2019-09-20 09:27:18,171 [pool-38-thread-1] INFO  server.RaftServerConfigKeys (ConfUtils.java:logGet(43)) - raft.server.log.appender.buffer.byte-limit = 33554432 (custom)
2019-09-20 09:27:18,171 [pool-38-thread-1] INFO  server.RaftServerConfigKeys (ConfUtils.java:logGet(43)) - raft.server.log.segment.size.max = 1048576 (custom)
2019-09-20 09:27:18,171 [pool-38-thread-1] INFO  server.RaftServerConfigKeys (ConfUtils.java:logGet(43)) - raft.server.log.segment.cache.num.max = 2 (custom)
2019-09-20 09:27:18,171 [pool-38-thread-1] INFO  segmented.SegmentedRaftLogWorker (SegmentedRaftLogWorker.java:<init>(172)) - new fd3cd5f9-4f1c-43ea-91b1-b85a1f6c3825-SegmentedRaftLogWorker:Storage Directory /workdir/hadoop-ozone/integration-test/target/test-dir/MiniOzoneClusterImpl-a33d77e5-464b-4d19-8e6b-a171e580bf0e/datanode-1/data/ratis/27185215-8000-4c0c-93d0-efba38e2d881 for RaftStorage:Storage Directory /workdir/hadoop-ozone/integration-test/target/test-dir/MiniOzoneClusterImpl-a33d77e5-464b-4d19-8e6b-a171e580bf0e/datanode-1/data/ratis/27185215-8000-4c0c-93d0-efba38e2d881
2019-09-20 09:27:18,171 [pool-38-thread-1] INFO  server.RaftServerConfigKeys (ConfUtils.java:logGet(43)) - raft.server.log.queue.byte-limit = 2147483647 (custom)
2019-09-20 09:27:18,171 [pool-38-thread-1] INFO  server.RaftServerConfigKeys (ConfUtils.java:logGet(43)) - raft.server.log.queue.element-limit = 1024 (custom)
2019-09-20 09:27:18,172 [pool-38-thread-1] INFO  server.RaftServerConfigKeys (ConfUtils.java:logGet(43)) - raft.server.log.segment.size.max = 1048576 (custom)
2019-09-20 09:27:18,172 [pool-38-thread-1] INFO  server.RaftServerConfigKeys (ConfUtils.java:logGet(43)) - raft.server.log.preallocated.size = 16384 (custom)
2019-09-20 09:27:18,172 [pool-38-thread-1] INFO  server.RaftServerConfigKeys (ConfUtils.java:logGet(43)) - raft.server.log.write.buffer.size = 33554432 (custom)
2019-09-20 09:27:18,172 [pool-38-thread-1] INFO  server.RaftServerConfigKeys (ConfUtils.java:logGet(43)) - raft.server.log.force.sync.num = 128 (default)
2019-09-20 09:27:18,172 [pool-38-thread-1] INFO  server.RaftServerConfigKeys (ConfUtils.java:logGet(43)) - raft.server.log.statemachine.data.sync = true (default)
2019-09-20 09:27:18,172 [pool-38-thread-1] INFO  server.RaftServerConfigKeys (ConfUtils.java:logGet(43)) - raft.server.log.statemachine.data.sync.timeout = 10s (default)
2019-09-20 09:27:18,172 [pool-38-thread-1] INFO  server.RaftServerConfigKeys (ConfUtils.java:logGet(43)) - raft.server.log.statemachine.data.sync.timeout.retry = -1 (default)
2019-09-20 09:27:18,172 [pool-38-thread-1] INFO  server.RaftServerConfigKeys (ConfUtils.java:logGet(43)) - raft.server.log.statemachine.data.caching.enabled = true (custom)
2019-09-20 09:27:18,173 [pool-38-thread-1] INFO  segmented.SegmentedRaftLogWorker (SegmentedRaftLogWorker.java:lambda$new$0(132)) - fd3cd5f9-4f1c-43ea-91b1-b85a1f6c3825-SegmentedRaftLogWorker:Storage Directory /workdir/hadoop-ozone/integration-test/target/test-dir/MiniOzoneClusterImpl-a33d77e5-464b-4d19-8e6b-a171e580bf0e/datanode-1/data/ratis/27185215-8000-4c0c-93d0-efba38e2d881: flushIndex: setUnconditionally 0 -> -1
2019-09-20 09:27:18,173 [pool-38-thread-1] INFO  server.RaftServerConfigKeys (ConfUtils.java:logGet(43)) - raft.server.snapshot.auto.trigger.enabled = true (custom)
2019-09-20 09:27:18,173 [pool-38-thread-1] INFO  server.RaftServerConfigKeys (ConfUtils.java:logGet(43)) - raft.server.snapshot.auto.trigger.threshold = 10000 (custom)
2019-09-20 09:27:18,173 [pool-38-thread-1] INFO  server.RaftServerConfigKeys (ConfUtils.java:logGet(43)) - raft.server.retrycache.expirytime = 600000ms (custom)
2019-09-20 09:27:18,173 [pool-38-thread-1] INFO  impl.RaftServerImpl (RaftServerImpl.java:start(180)) - fd3cd5f9-4f1c-43ea-91b1-b85a1f6c3825: start group-EFBA38E2D881
2019-09-20 09:27:18,173 [pool-38-thread-1] INFO  impl.RaftServerImpl (RaftServerImpl.java:setRole(171)) - fd3cd5f9-4f1c-43ea-91b1-b85a1f6c3825:group-EFBA38E2D881 changes role from null to FOLLOWER at term 0 for startAsFollower
2019-09-20 09:27:18,174 [pool-38-thread-1] INFO  impl.RoleInfo (RoleInfo.java:updateAndGet(143)) - fd3cd5f9-4f1c-43ea-91b1-b85a1f6c3825: start FollowerState
2019-09-20 09:27:18,174 [pool-38-thread-1] INFO  util.JmxRegister (JmxRegister.java:tryRegister(44)) - Successfully registered JMX Bean with object name Ratis:service=RaftServer,group=group-EFBA38E2D881,id=fd3cd5f9-4f1c-43ea-91b1-b85a1f6c3825
2019-09-20 09:27:18,176 [RatisPipelineUtilsThread] INFO  pipeline.PipelineStateManager (PipelineStateManager.java:addPipeline(56)) - Created pipeline Pipeline[ Id: 27185215-8000-4c0c-93d0-efba38e2d881, Nodes: fd3cd5f9-4f1c-43ea-91b1-b85a1f6c3825{ip: 192.168.36.99, host: pr-hdds-1569-p5fx8-1226042367, networkLocation: /default-rack, certSerialId: null}, Type:RATIS, Factor:ONE, State:OPEN]
2019-09-20 09:27:18,182 [grpc-default-executor-2] INFO  impl.RaftServerProxy (RaftServerProxy.java:addNew(89)) - fd3cd5f9-4f1c-43ea-91b1-b85a1f6c3825: addNew group-599E264902A2:[fd3cd5f9-4f1c-43ea-91b1-b85a1f6c3825:192.168.36.99:39114] returns group-599E264902A2:java.util.concurrent.CompletableFuture@6f2756b4[Not completed]
2019-09-20 09:27:18,183 [pool-38-thread-1] INFO  impl.RaftServerImpl (RaftServerImpl.java:<init>(93)) - fd3cd5f9-4f1c-43ea-91b1-b85a1f6c3825: new RaftServerImpl for group-599E264902A2:[fd3cd5f9-4f1c-43ea-91b1-b85a1f6c3825:192.168.36.99:39114] with ContainerStateMachine:uninitialized
2019-09-20 09:27:18,183 [pool-38-thread-1] INFO  server.RaftServerConfigKeys (ConfUtils.java:logGet(43)) - raft.server.rpc.timeout.min = 5s (custom)
2019-09-20 09:27:18,183 [pool-38-thread-1] INFO  server.RaftServerConfigKeys (ConfUtils.java:logGet(43)) - raft.server.rpc.timeout.max = 5200ms (custom)
2019-09-20 09:27:18,183 [pool-38-thread-1] INFO  server.RaftServerConfigKeys (ConfUtils.java:logGet(43)) - raft.server.rpcslowness.timeout = 10s (custom)
2019-09-20 09:27:18,183 [pool-38-thread-1] INFO  server.RaftServerConfigKeys (ConfUtils.java:logGet(43)) - raft.server.sleep.deviation.threshold = 300 (default)
2019-09-20 09:27:18,184 [pool-38-thread-1] INFO  server.RaftServerConfigKeys (ConfUtils.java:logGet(43)) - raft.server.log.appender.install.snapshot.enabled = false (custom)
2019-09-20 09:27:18,184 [pool-38-thread-1] INFO  impl.RaftServerImpl (ServerState.java:<init>(105)) - fd3cd5f9-4f1c-43ea-91b1-b85a1f6c3825:group-599E264902A2 ConfigurationManager, init=-1: [fd3cd5f9-4f1c-43ea-91b1-b85a1f6c3825:192.168.36.99:39114], old=null, confs=<EMPTY_MAP>
2019-09-20 09:27:18,184 [pool-38-thread-1] INFO  server.RaftServerConfigKeys (ConfUtils.java:logGet(43)) - raft.server.storage.dir = [/workdir/hadoop-ozone/integration-test/target/test-dir/MiniOzoneClusterImpl-a33d77e5-464b-4d19-8e6b-a171e580bf0e/datanode-1/data/ratis] (custom)
2019-09-20 09:27:18,184 [pool-38-thread-1] INFO  storage.RaftStorageDirectory (RaftStorageDirectory.java:analyzeStorage(246)) - The storage directory /workdir/hadoop-ozone/integration-test/target/test-dir/MiniOzoneClusterImpl-a33d77e5-464b-4d19-8e6b-a171e580bf0e/datanode-1/data/ratis/f7af0423-ab68-4a8b-a360-599e264902a2 does not exist. Creating ...
2019-09-20 09:27:18,204 [pool-38-thread-1] INFO  storage.RaftStorageDirectory (RaftStorageDirectory.java:tryLock(328)) - Lock on /workdir/hadoop-ozone/integration-test/target/test-dir/MiniOzoneClusterImpl-a33d77e5-464b-4d19-8e6b-a171e580bf0e/datanode-1/data/ratis/f7af0423-ab68-4a8b-a360-599e264902a2/in_use.lock acquired by nodename 7145@pr-hdds-1569-p5fx8-1226042367
2019-09-20 09:27:18,229 [pool-38-thread-1] INFO  storage.RaftStorage (RaftStorage.java:format(72)) - Storage directory /workdir/hadoop-ozone/integration-test/target/test-dir/MiniOzoneClusterImpl-a33d77e5-464b-4d19-8e6b-a171e580bf0e/datanode-1/data/ratis/f7af0423-ab68-4a8b-a360-599e264902a2 has been successfully formatted.
2019-09-20 09:27:18,229 [pool-38-thread-1] INFO  ratis.ContainerStateMachine (ContainerStateMachine.java:loadSnapshot(226)) - group-599E264902A2: The snapshot info is null. Setting the last applied indexto:(t:0, i:~)
2019-09-20 09:27:18,230 [pool-38-thread-1] INFO  server.RaftServerConfigKeys (ConfUtils.java:logGet(43)) - raft.server.leader.election.timeout = 10s (custom)
2019-09-20 09:27:18,230 [pool-38-thread-1] INFO  server.RaftServerConfigKeys (ConfUtils.java:logGet(43)) - raft.server.log.use.memory = false (default)
2019-09-20 09:27:18,230 [pool-38-thread-1] INFO  server.RaftServerConfigKeys (ConfUtils.java:logGet(43)) - raft.server.log.purge.gap = 1000000 (custom)
2019-09-20 09:27:18,230 [pool-38-thread-1] INFO  server.RaftServerConfigKeys (ConfUtils.java:logGet(43)) - raft.server.log.appender.buffer.byte-limit = 33554432 (custom)
2019-09-20 09:27:18,230 [pool-38-thread-1] INFO  server.RaftServerConfigKeys (ConfUtils.java:logGet(43)) - raft.server.log.segment.size.max = 1048576 (custom)
2019-09-20 09:27:18,230 [pool-38-thread-1] INFO  server.RaftServerConfigKeys (ConfUtils.java:logGet(43)) - raft.server.log.segment.cache.num.max = 2 (custom)
2019-09-20 09:27:18,230 [pool-38-thread-1] INFO  segmented.SegmentedRaftLogWorker (SegmentedRaftLogWorker.java:<init>(172)) - new fd3cd5f9-4f1c-43ea-91b1-b85a1f6c3825-SegmentedRaftLogWorker:Storage Directory /workdir/hadoop-ozone/integration-test/target/test-dir/MiniOzoneClusterImpl-a33d77e5-464b-4d19-8e6b-a171e580bf0e/datanode-1/data/ratis/f7af0423-ab68-4a8b-a360-599e264902a2 for RaftStorage:Storage Directory /workdir/hadoop-ozone/integration-test/target/test-dir/MiniOzoneClusterImpl-a33d77e5-464b-4d19-8e6b-a171e580bf0e/datanode-1/data/ratis/f7af0423-ab68-4a8b-a360-599e264902a2
2019-09-20 09:27:18,230 [pool-38-thread-1] INFO  server.RaftServerConfigKeys (ConfUtils.java:logGet(43)) - raft.server.log.queue.byte-limit = 2147483647 (custom)
2019-09-20 09:27:18,231 [pool-38-thread-1] INFO  server.RaftServerConfigKeys (ConfUtils.java:logGet(43)) - raft.server.log.queue.element-limit = 1024 (custom)
2019-09-20 09:27:18,231 [pool-38-thread-1] INFO  server.RaftServerConfigKeys (ConfUtils.java:logGet(43)) - raft.server.log.segment.size.max = 1048576 (custom)
2019-09-20 09:27:18,231 [pool-38-thread-1] INFO  server.RaftServerConfigKeys (ConfUtils.java:logGet(43)) - raft.server.log.preallocated.size = 16384 (custom)
2019-09-20 09:27:18,231 [pool-38-thread-1] INFO  server.RaftServerConfigKeys (ConfUtils.java:logGet(43)) - raft.server.log.write.buffer.size = 33554432 (custom)
2019-09-20 09:27:18,231 [pool-38-thread-1] INFO  server.RaftServerConfigKeys (ConfUtils.java:logGet(43)) - raft.server.log.force.sync.num = 128 (default)
2019-09-20 09:27:18,231 [pool-38-thread-1] INFO  server.RaftServerConfigKeys (ConfUtils.java:logGet(43)) - raft.server.log.statemachine.data.sync = true (default)
2019-09-20 09:27:18,231 [pool-38-thread-1] INFO  server.RaftServerConfigKeys (ConfUtils.java:logGet(43)) - raft.server.log.statemachine.data.sync.timeout = 10s (default)
2019-09-20 09:27:18,231 [pool-38-thread-1] INFO  server.RaftServerConfigKeys (ConfUtils.java:logGet(43)) - raft.server.log.statemachine.data.sync.timeout.retry = -1 (default)
2019-09-20 09:27:18,232 [pool-38-thread-1] INFO  server.RaftServerConfigKeys (ConfUtils.java:logGet(43)) - raft.server.log.statemachine.data.caching.enabled = true (custom)
2019-09-20 09:27:18,232 [pool-38-thread-1] INFO  segmented.SegmentedRaftLogWorker (SegmentedRaftLogWorker.java:lambda$new$0(132)) - fd3cd5f9-4f1c-43ea-91b1-b85a1f6c3825-SegmentedRaftLogWorker:Storage Directory /workdir/hadoop-ozone/integration-test/target/test-dir/MiniOzoneClusterImpl-a33d77e5-464b-4d19-8e6b-a171e580bf0e/datanode-1/data/ratis/f7af0423-ab68-4a8b-a360-599e264902a2: flushIndex: setUnconditionally 0 -> -1
2019-09-20 09:27:18,232 [pool-38-thread-1] INFO  server.RaftServerConfigKeys (ConfUtils.java:logGet(43)) - raft.server.snapshot.auto.trigger.enabled = true (custom)
2019-09-20 09:27:18,232 [pool-38-thread-1] INFO  server.RaftServerConfigKeys (ConfUtils.java:logGet(43)) - raft.server.snapshot.auto.trigger.threshold = 10000 (custom)
2019-09-20 09:27:18,232 [pool-38-thread-1] INFO  server.RaftServerConfigKeys (ConfUtils.java:logGet(43)) - raft.server.retrycache.expirytime = 600000ms (custom)
2019-09-20 09:27:18,233 [pool-38-thread-1] INFO  impl.RaftServerImpl (RaftServerImpl.java:start(180)) - fd3cd5f9-4f1c-43ea-91b1-b85a1f6c3825: start group-599E264902A2
2019-09-20 09:27:18,233 [pool-38-thread-1] INFO  impl.RaftServerImpl (RaftServerImpl.java:setRole(171)) - fd3cd5f9-4f1c-43ea-91b1-b85a1f6c3825:group-599E264902A2 changes role from null to FOLLOWER at term 0 for startAsFollower
2019-09-20 09:27:18,233 [pool-38-thread-1] INFO  impl.RoleInfo (RoleInfo.java:updateAndGet(143)) - fd3cd5f9-4f1c-43ea-91b1-b85a1f6c3825: start FollowerState
2019-09-20 09:27:18,233 [pool-38-thread-1] INFO  util.JmxRegister (JmxRegister.java:tryRegister(44)) - Successfully registered JMX Bean with object name Ratis:service=RaftServer,group=group-599E264902A2,id=fd3cd5f9-4f1c-43ea-91b1-b85a1f6c3825
2019-09-20 09:27:18,236 [RatisPipelineUtilsThread] INFO  pipeline.PipelineStateManager (PipelineStateManager.java:addPipeline(56)) - Created pipeline Pipeline[ Id: f7af0423-ab68-4a8b-a360-599e264902a2, Nodes: fd3cd5f9-4f1c-43ea-91b1-b85a1f6c3825{ip: 192.168.36.99, host: pr-hdds-1569-p5fx8-1226042367, networkLocation: /default-rack, certSerialId: null}, Type:RATIS, Factor:ONE, State:OPEN]
2019-09-20 09:27:18,242 [grpc-default-executor-2] INFO  impl.RaftServerProxy (RaftServerProxy.java:addNew(89)) - 4840c00f-91d3-4881-a20b-4d0486ca97c0: addNew group-6A1D135D282F:[4840c00f-91d3-4881-a20b-4d0486ca97c0:192.168.36.99:41473] returns group-6A1D135D282F:java.util.concurrent.CompletableFuture@4abdd6bb[Not completed]
2019-09-20 09:27:18,243 [pool-60-thread-1] INFO  impl.RaftServerImpl (RaftServerImpl.java:<init>(93)) - 4840c00f-91d3-4881-a20b-4d0486ca97c0: new RaftServerImpl for group-6A1D135D282F:[4840c00f-91d3-4881-a20b-4d0486ca97c0:192.168.36.99:41473] with ContainerStateMachine:uninitialized
2019-09-20 09:27:18,243 [pool-60-thread-1] INFO  server.RaftServerConfigKeys (ConfUtils.java:logGet(43)) - raft.server.rpc.timeout.min = 5s (custom)
2019-09-20 09:27:18,243 [pool-60-thread-1] INFO  server.RaftServerConfigKeys (ConfUtils.java:logGet(43)) - raft.server.rpc.timeout.max = 5200ms (custom)
2019-09-20 09:27:18,243 [pool-60-thread-1] INFO  server.RaftServerConfigKeys (ConfUtils.java:logGet(43)) - raft.server.rpcslowness.timeout = 10s (custom)
2019-09-20 09:27:18,243 [pool-60-thread-1] INFO  server.RaftServerConfigKeys (ConfUtils.java:logGet(43)) - raft.server.sleep.deviation.threshold = 300 (default)
2019-09-20 09:27:18,243 [pool-60-thread-1] INFO  server.RaftServerConfigKeys (ConfUtils.java:logGet(43)) - raft.server.log.appender.install.snapshot.enabled = false (custom)
2019-09-20 09:27:18,244 [pool-60-thread-1] INFO  impl.RaftServerImpl (ServerState.java:<init>(105)) - 4840c00f-91d3-4881-a20b-4d0486ca97c0:group-6A1D135D282F ConfigurationManager, init=-1: [4840c00f-91d3-4881-a20b-4d0486ca97c0:192.168.36.99:41473], old=null, confs=<EMPTY_MAP>
2019-09-20 09:27:18,244 [pool-60-thread-1] INFO  server.RaftServerConfigKeys (ConfUtils.java:logGet(43)) - raft.server.storage.dir = [/workdir/hadoop-ozone/integration-test/target/test-dir/MiniOzoneClusterImpl-a33d77e5-464b-4d19-8e6b-a171e580bf0e/datanode-3/data/ratis] (custom)
2019-09-20 09:27:18,244 [pool-60-thread-1] INFO  storage.RaftStorageDirectory (RaftStorageDirectory.java:analyzeStorage(246)) - The storage directory /workdir/hadoop-ozone/integration-test/target/test-dir/MiniOzoneClusterImpl-a33d77e5-464b-4d19-8e6b-a171e580bf0e/datanode-3/data/ratis/426cee1f-5211-40e9-a944-6a1d135d282f does not exist. Creating ...
2019-09-20 09:27:18,271 [pool-60-thread-1] INFO  storage.RaftStorageDirectory (RaftStorageDirectory.java:tryLock(328)) - Lock on /workdir/hadoop-ozone/integration-test/target/test-dir/MiniOzoneClusterImpl-a33d77e5-464b-4d19-8e6b-a171e580bf0e/datanode-3/data/ratis/426cee1f-5211-40e9-a944-6a1d135d282f/in_use.lock acquired by nodename 7145@pr-hdds-1569-p5fx8-1226042367
2019-09-20 09:27:18,338 [pool-60-thread-1] INFO  storage.RaftStorage (RaftStorage.java:format(72)) - Storage directory /workdir/hadoop-ozone/integration-test/target/test-dir/MiniOzoneClusterImpl-a33d77e5-464b-4d19-8e6b-a171e580bf0e/datanode-3/data/ratis/426cee1f-5211-40e9-a944-6a1d135d282f has been successfully formatted.
2019-09-20 09:27:18,339 [pool-60-thread-1] INFO  ratis.ContainerStateMachine (ContainerStateMachine.java:loadSnapshot(226)) - group-6A1D135D282F: The snapshot info is null. Setting the last applied indexto:(t:0, i:~)
2019-09-20 09:27:18,339 [pool-60-thread-1] INFO  server.RaftServerConfigKeys (ConfUtils.java:logGet(43)) - raft.server.leader.election.timeout = 10s (custom)
2019-09-20 09:27:18,339 [pool-60-thread-1] INFO  server.RaftServerConfigKeys (ConfUtils.java:logGet(43)) - raft.server.log.use.memory = false (default)
2019-09-20 09:27:18,339 [pool-60-thread-1] INFO  server.RaftServerConfigKeys (ConfUtils.java:logGet(43)) - raft.server.log.purge.gap = 1000000 (custom)
2019-09-20 09:27:18,339 [pool-60-thread-1] INFO  server.RaftServerConfigKeys (ConfUtils.java:logGet(43)) - raft.server.log.appender.buffer.byte-limit = 33554432 (custom)
2019-09-20 09:27:18,340 [pool-60-thread-1] INFO  server.RaftServerConfigKeys (ConfUtils.java:logGet(43)) - raft.server.log.segment.size.max = 1048576 (custom)
2019-09-20 09:27:18,340 [pool-60-thread-1] INFO  server.RaftServerConfigKeys (ConfUtils.java:logGet(43)) - raft.server.log.segment.cache.num.max = 2 (custom)
2019-09-20 09:27:18,340 [pool-60-thread-1] INFO  segmented.SegmentedRaftLogWorker (SegmentedRaftLogWorker.java:<init>(172)) - new 4840c00f-91d3-4881-a20b-4d0486ca97c0-SegmentedRaftLogWorker:Storage Directory /workdir/hadoop-ozone/integration-test/target/test-dir/MiniOzoneClusterImpl-a33d77e5-464b-4d19-8e6b-a171e580bf0e/datanode-3/data/ratis/426cee1f-5211-40e9-a944-6a1d135d282f for RaftStorage:Storage Directory /workdir/hadoop-ozone/integration-test/target/test-dir/MiniOzoneClusterImpl-a33d77e5-464b-4d19-8e6b-a171e580bf0e/datanode-3/data/ratis/426cee1f-5211-40e9-a944-6a1d135d282f
2019-09-20 09:27:18,340 [pool-60-thread-1] INFO  server.RaftServerConfigKeys (ConfUtils.java:logGet(43)) - raft.server.log.queue.byte-limit = 2147483647 (custom)
2019-09-20 09:27:18,340 [pool-60-thread-1] INFO  server.RaftServerConfigKeys (ConfUtils.java:logGet(43)) - raft.server.log.queue.element-limit = 1024 (custom)
2019-09-20 09:27:18,340 [pool-60-thread-1] INFO  server.RaftServerConfigKeys (ConfUtils.java:logGet(43)) - raft.server.log.segment.size.max = 1048576 (custom)
2019-09-20 09:27:18,340 [pool-60-thread-1] INFO  server.RaftServerConfigKeys (ConfUtils.java:logGet(43)) - raft.server.log.preallocated.size = 16384 (custom)
2019-09-20 09:27:18,341 [pool-60-thread-1] INFO  server.RaftServerConfigKeys (ConfUtils.java:logGet(43)) - raft.server.log.write.buffer.size = 33554432 (custom)
2019-09-20 09:27:18,341 [pool-60-thread-1] INFO  server.RaftServerConfigKeys (ConfUtils.java:logGet(43)) - raft.server.log.force.sync.num = 128 (default)
2019-09-20 09:27:18,341 [pool-60-thread-1] INFO  server.RaftServerConfigKeys (ConfUtils.java:logGet(43)) - raft.server.log.statemachine.data.sync = true (default)
2019-09-20 09:27:18,341 [pool-60-thread-1] INFO  server.RaftServerConfigKeys (ConfUtils.java:logGet(43)) - raft.server.log.statemachine.data.sync.timeout = 10s (default)
2019-09-20 09:27:18,341 [pool-60-thread-1] INFO  server.RaftServerConfigKeys (ConfUtils.java:logGet(43)) - raft.server.log.statemachine.data.sync.timeout.retry = -1 (default)
2019-09-20 09:27:18,341 [pool-60-thread-1] INFO  server.RaftServerConfigKeys (ConfUtils.java:logGet(43)) - raft.server.log.statemachine.data.caching.enabled = true (custom)
2019-09-20 09:27:18,342 [pool-60-thread-1] INFO  segmented.SegmentedRaftLogWorker (SegmentedRaftLogWorker.java:lambda$new$0(132)) - 4840c00f-91d3-4881-a20b-4d0486ca97c0-SegmentedRaftLogWorker:Storage Directory /workdir/hadoop-ozone/integration-test/target/test-dir/MiniOzoneClusterImpl-a33d77e5-464b-4d19-8e6b-a171e580bf0e/datanode-3/data/ratis/426cee1f-5211-40e9-a944-6a1d135d282f: flushIndex: setUnconditionally 0 -> -1
2019-09-20 09:27:18,342 [pool-60-thread-1] INFO  server.RaftServerConfigKeys (ConfUtils.java:logGet(43)) - raft.server.snapshot.auto.trigger.enabled = true (custom)
2019-09-20 09:27:18,342 [pool-60-thread-1] INFO  server.RaftServerConfigKeys (ConfUtils.java:logGet(43)) - raft.server.snapshot.auto.trigger.threshold = 10000 (custom)
2019-09-20 09:27:18,342 [pool-60-thread-1] INFO  server.RaftServerConfigKeys (ConfUtils.java:logGet(43)) - raft.server.retrycache.expirytime = 600000ms (custom)
2019-09-20 09:27:18,343 [pool-60-thread-1] INFO  impl.RaftServerImpl (RaftServerImpl.java:start(180)) - 4840c00f-91d3-4881-a20b-4d0486ca97c0: start group-6A1D135D282F
2019-09-20 09:27:18,343 [pool-60-thread-1] INFO  impl.RaftServerImpl (RaftServerImpl.java:setRole(171)) - 4840c00f-91d3-4881-a20b-4d0486ca97c0:group-6A1D135D282F changes role from null to FOLLOWER at term 0 for startAsFollower
2019-09-20 09:27:18,343 [pool-60-thread-1] INFO  impl.RoleInfo (RoleInfo.java:updateAndGet(143)) - 4840c00f-91d3-4881-a20b-4d0486ca97c0: start FollowerState
2019-09-20 09:27:18,343 [pool-60-thread-1] INFO  util.JmxRegister (JmxRegister.java:tryRegister(44)) - Successfully registered JMX Bean with object name Ratis:service=RaftServer,group=group-6A1D135D282F,id=4840c00f-91d3-4881-a20b-4d0486ca97c0
2019-09-20 09:27:18,346 [RatisPipelineUtilsThread] INFO  pipeline.PipelineStateManager (PipelineStateManager.java:addPipeline(56)) - Created pipeline Pipeline[ Id: 426cee1f-5211-40e9-a944-6a1d135d282f, Nodes: 4840c00f-91d3-4881-a20b-4d0486ca97c0{ip: 192.168.36.99, host: pr-hdds-1569-p5fx8-1226042367, networkLocation: /default-rack, certSerialId: null}, Type:RATIS, Factor:ONE, State:OPEN]
2019-09-20 09:27:18,353 [grpc-default-executor-2] INFO  impl.RaftServerProxy (RaftServerProxy.java:addNew(89)) - fd3cd5f9-4f1c-43ea-91b1-b85a1f6c3825: addNew group-851D3F2D4801:[fd3cd5f9-4f1c-43ea-91b1-b85a1f6c3825:192.168.36.99:39114] returns group-851D3F2D4801:java.util.concurrent.CompletableFuture@239d3ef7[Not completed]
2019-09-20 09:27:18,354 [pool-38-thread-1] INFO  impl.RaftServerImpl (RaftServerImpl.java:<init>(93)) - fd3cd5f9-4f1c-43ea-91b1-b85a1f6c3825: new RaftServerImpl for group-851D3F2D4801:[fd3cd5f9-4f1c-43ea-91b1-b85a1f6c3825:192.168.36.99:39114] with ContainerStateMachine:uninitialized
2019-09-20 09:27:18,354 [pool-38-thread-1] INFO  server.RaftServerConfigKeys (ConfUtils.java:logGet(43)) - raft.server.rpc.timeout.min = 5s (custom)
2019-09-20 09:27:18,354 [pool-38-thread-1] INFO  server.RaftServerConfigKeys (ConfUtils.java:logGet(43)) - raft.server.rpc.timeout.max = 5200ms (custom)
2019-09-20 09:27:18,354 [pool-38-thread-1] INFO  server.RaftServerConfigKeys (ConfUtils.java:logGet(43)) - raft.server.rpcslowness.timeout = 10s (custom)
2019-09-20 09:27:18,355 [pool-38-thread-1] INFO  server.RaftServerConfigKeys (ConfUtils.java:logGet(43)) - raft.server.sleep.deviation.threshold = 300 (default)
2019-09-20 09:27:18,355 [pool-38-thread-1] INFO  server.RaftServerConfigKeys (ConfUtils.java:logGet(43)) - raft.server.log.appender.install.snapshot.enabled = false (custom)
2019-09-20 09:27:18,355 [pool-38-thread-1] INFO  impl.RaftServerImpl (ServerState.java:<init>(105)) - fd3cd5f9-4f1c-43ea-91b1-b85a1f6c3825:group-851D3F2D4801 ConfigurationManager, init=-1: [fd3cd5f9-4f1c-43ea-91b1-b85a1f6c3825:192.168.36.99:39114], old=null, confs=<EMPTY_MAP>
2019-09-20 09:27:18,355 [pool-38-thread-1] INFO  server.RaftServerConfigKeys (ConfUtils.java:logGet(43)) - raft.server.storage.dir = [/workdir/hadoop-ozone/integration-test/target/test-dir/MiniOzoneClusterImpl-a33d77e5-464b-4d19-8e6b-a171e580bf0e/datanode-1/data/ratis] (custom)
2019-09-20 09:27:18,355 [pool-38-thread-1] INFO  storage.RaftStorageDirectory (RaftStorageDirectory.java:analyzeStorage(246)) - The storage directory /workdir/hadoop-ozone/integration-test/target/test-dir/MiniOzoneClusterImpl-a33d77e5-464b-4d19-8e6b-a171e580bf0e/datanode-1/data/ratis/e4cf8645-d997-4e3d-812b-851d3f2d4801 does not exist. Creating ...
2019-09-20 09:27:18,372 [pool-38-thread-1] INFO  storage.RaftStorageDirectory (RaftStorageDirectory.java:tryLock(328)) - Lock on /workdir/hadoop-ozone/integration-test/target/test-dir/MiniOzoneClusterImpl-a33d77e5-464b-4d19-8e6b-a171e580bf0e/datanode-1/data/ratis/e4cf8645-d997-4e3d-812b-851d3f2d4801/in_use.lock acquired by nodename 7145@pr-hdds-1569-p5fx8-1226042367
2019-09-20 09:27:18,389 [pool-38-thread-1] INFO  storage.RaftStorage (RaftStorage.java:format(72)) - Storage directory /workdir/hadoop-ozone/integration-test/target/test-dir/MiniOzoneClusterImpl-a33d77e5-464b-4d19-8e6b-a171e580bf0e/datanode-1/data/ratis/e4cf8645-d997-4e3d-812b-851d3f2d4801 has been successfully formatted.
2019-09-20 09:27:18,389 [pool-38-thread-1] INFO  ratis.ContainerStateMachine (ContainerStateMachine.java:loadSnapshot(226)) - group-851D3F2D4801: The snapshot info is null. Setting the last applied indexto:(t:0, i:~)
2019-09-20 09:27:18,389 [pool-38-thread-1] INFO  server.RaftServerConfigKeys (ConfUtils.java:logGet(43)) - raft.server.leader.election.timeout = 10s (custom)
2019-09-20 09:27:18,389 [pool-38-thread-1] INFO  server.RaftServerConfigKeys (ConfUtils.java:logGet(43)) - raft.server.log.use.memory = false (default)
2019-09-20 09:27:18,390 [pool-38-thread-1] INFO  server.RaftServerConfigKeys (ConfUtils.java:logGet(43)) - raft.server.log.purge.gap = 1000000 (custom)
2019-09-20 09:27:18,390 [pool-38-thread-1] INFO  server.RaftServerConfigKeys (ConfUtils.java:logGet(43)) - raft.server.log.appender.buffer.byte-limit = 33554432 (custom)
2019-09-20 09:27:18,390 [pool-38-thread-1] INFO  server.RaftServerConfigKeys (ConfUtils.java:logGet(43)) - raft.server.log.segment.size.max = 1048576 (custom)
2019-09-20 09:27:18,390 [pool-38-thread-1] INFO  server.RaftServerConfigKeys (ConfUtils.java:logGet(43)) - raft.server.log.segment.cache.num.max = 2 (custom)
2019-09-20 09:27:18,390 [pool-38-thread-1] INFO  segmented.SegmentedRaftLogWorker (SegmentedRaftLogWorker.java:<init>(172)) - new fd3cd5f9-4f1c-43ea-91b1-b85a1f6c3825-SegmentedRaftLogWorker:Storage Directory /workdir/hadoop-ozone/integration-test/target/test-dir/MiniOzoneClusterImpl-a33d77e5-464b-4d19-8e6b-a171e580bf0e/datanode-1/data/ratis/e4cf8645-d997-4e3d-812b-851d3f2d4801 for RaftStorage:Storage Directory /workdir/hadoop-ozone/integration-test/target/test-dir/MiniOzoneClusterImpl-a33d77e5-464b-4d19-8e6b-a171e580bf0e/datanode-1/data/ratis/e4cf8645-d997-4e3d-812b-851d3f2d4801
2019-09-20 09:27:18,390 [pool-38-thread-1] INFO  server.RaftServerConfigKeys (ConfUtils.java:logGet(43)) - raft.server.log.queue.byte-limit = 2147483647 (custom)
2019-09-20 09:27:18,390 [pool-38-thread-1] INFO  server.RaftServerConfigKeys (ConfUtils.java:logGet(43)) - raft.server.log.queue.element-limit = 1024 (custom)
2019-09-20 09:27:18,390 [pool-38-thread-1] INFO  server.RaftServerConfigKeys (ConfUtils.java:logGet(43)) - raft.server.log.segment.size.max = 1048576 (custom)
2019-09-20 09:27:18,390 [pool-38-thread-1] INFO  server.RaftServerConfigKeys (ConfUtils.java:logGet(43)) - raft.server.log.preallocated.size = 16384 (custom)
2019-09-20 09:27:18,390 [pool-38-thread-1] INFO  server.RaftServerConfigKeys (ConfUtils.java:logGet(43)) - raft.server.log.write.buffer.size = 33554432 (custom)
2019-09-20 09:27:18,390 [pool-38-thread-1] INFO  server.RaftServerConfigKeys (ConfUtils.java:logGet(43)) - raft.server.log.force.sync.num = 128 (default)
2019-09-20 09:27:18,391 [pool-38-thread-1] INFO  server.RaftServerConfigKeys (ConfUtils.java:logGet(43)) - raft.server.log.statemachine.data.sync = true (default)
2019-09-20 09:27:18,391 [pool-38-thread-1] INFO  server.RaftServerConfigKeys (ConfUtils.java:logGet(43)) - raft.server.log.statemachine.data.sync.timeout = 10s (default)
2019-09-20 09:27:18,391 [pool-38-thread-1] INFO  server.RaftServerConfigKeys (ConfUtils.java:logGet(43)) - raft.server.log.statemachine.data.sync.timeout.retry = -1 (default)
2019-09-20 09:27:18,391 [pool-38-thread-1] INFO  server.RaftServerConfigKeys (ConfUtils.java:logGet(43)) - raft.server.log.statemachine.data.caching.enabled = true (custom)
2019-09-20 09:27:18,391 [pool-38-thread-1] INFO  segmented.SegmentedRaftLogWorker (SegmentedRaftLogWorker.java:lambda$new$0(132)) - fd3cd5f9-4f1c-43ea-91b1-b85a1f6c3825-SegmentedRaftLogWorker:Storage Directory /workdir/hadoop-ozone/integration-test/target/test-dir/MiniOzoneClusterImpl-a33d77e5-464b-4d19-8e6b-a171e580bf0e/datanode-1/data/ratis/e4cf8645-d997-4e3d-812b-851d3f2d4801: flushIndex: setUnconditionally 0 -> -1
2019-09-20 09:27:18,391 [pool-38-thread-1] INFO  server.RaftServerConfigKeys (ConfUtils.java:logGet(43)) - raft.server.snapshot.auto.trigger.enabled = true (custom)
2019-09-20 09:27:18,391 [pool-38-thread-1] INFO  server.RaftServerConfigKeys (ConfUtils.java:logGet(43)) - raft.server.snapshot.auto.trigger.threshold = 10000 (custom)
2019-09-20 09:27:18,392 [pool-38-thread-1] INFO  server.RaftServerConfigKeys (ConfUtils.java:logGet(43)) - raft.server.retrycache.expirytime = 600000ms (custom)
2019-09-20 09:27:18,392 [pool-38-thread-1] INFO  impl.RaftServerImpl (RaftServerImpl.java:start(180)) - fd3cd5f9-4f1c-43ea-91b1-b85a1f6c3825: start group-851D3F2D4801
2019-09-20 09:27:18,392 [pool-38-thread-1] INFO  impl.RaftServerImpl (RaftServerImpl.java:setRole(171)) - fd3cd5f9-4f1c-43ea-91b1-b85a1f6c3825:group-851D3F2D4801 changes role from null to FOLLOWER at term 0 for startAsFollower
2019-09-20 09:27:18,392 [pool-38-thread-1] INFO  impl.RoleInfo (RoleInfo.java:updateAndGet(143)) - fd3cd5f9-4f1c-43ea-91b1-b85a1f6c3825: start FollowerState
2019-09-20 09:27:18,392 [pool-38-thread-1] INFO  util.JmxRegister (JmxRegister.java:tryRegister(44)) - Successfully registered JMX Bean with object name Ratis:service=RaftServer,group=group-851D3F2D4801,id=fd3cd5f9-4f1c-43ea-91b1-b85a1f6c3825
2019-09-20 09:27:18,395 [RatisPipelineUtilsThread] INFO  pipeline.PipelineStateManager (PipelineStateManager.java:addPipeline(56)) - Created pipeline Pipeline[ Id: e4cf8645-d997-4e3d-812b-851d3f2d4801, Nodes: fd3cd5f9-4f1c-43ea-91b1-b85a1f6c3825{ip: 192.168.36.99, host: pr-hdds-1569-p5fx8-1226042367, networkLocation: /default-rack, certSerialId: null}, Type:RATIS, Factor:ONE, State:OPEN]
2019-09-20 09:27:18,400 [grpc-default-executor-2] INFO  impl.RaftServerProxy (RaftServerProxy.java:addNew(89)) - fd3cd5f9-4f1c-43ea-91b1-b85a1f6c3825: addNew group-E6A3E0DD5830:[fd3cd5f9-4f1c-43ea-91b1-b85a1f6c3825:192.168.36.99:39114] returns group-E6A3E0DD5830:java.util.concurrent.CompletableFuture@29c4aeb1[Not completed]
2019-09-20 09:27:18,401 [pool-38-thread-1] INFO  impl.RaftServerImpl (RaftServerImpl.java:<init>(93)) - fd3cd5f9-4f1c-43ea-91b1-b85a1f6c3825: new RaftServerImpl for group-E6A3E0DD5830:[fd3cd5f9-4f1c-43ea-91b1-b85a1f6c3825:192.168.36.99:39114] with ContainerStateMachine:uninitialized
2019-09-20 09:27:18,401 [pool-38-thread-1] INFO  server.RaftServerConfigKeys (ConfUtils.java:logGet(43)) - raft.server.rpc.timeout.min = 5s (custom)
2019-09-20 09:27:18,401 [pool-38-thread-1] INFO  server.RaftServerConfigKeys (ConfUtils.java:logGet(43)) - raft.server.rpc.timeout.max = 5200ms (custom)
2019-09-20 09:27:18,401 [pool-38-thread-1] INFO  server.RaftServerConfigKeys (ConfUtils.java:logGet(43)) - raft.server.rpcslowness.timeout = 10s (custom)
2019-09-20 09:27:18,401 [pool-38-thread-1] INFO  server.RaftServerConfigKeys (ConfUtils.java:logGet(43)) - raft.server.sleep.deviation.threshold = 300 (default)
2019-09-20 09:27:18,401 [pool-38-thread-1] INFO  server.RaftServerConfigKeys (ConfUtils.java:logGet(43)) - raft.server.log.appender.install.snapshot.enabled = false (custom)
2019-09-20 09:27:18,401 [pool-38-thread-1] INFO  impl.RaftServerImpl (ServerState.java:<init>(105)) - fd3cd5f9-4f1c-43ea-91b1-b85a1f6c3825:group-E6A3E0DD5830 ConfigurationManager, init=-1: [fd3cd5f9-4f1c-43ea-91b1-b85a1f6c3825:192.168.36.99:39114], old=null, confs=<EMPTY_MAP>
2019-09-20 09:27:18,401 [pool-38-thread-1] INFO  server.RaftServerConfigKeys (ConfUtils.java:logGet(43)) - raft.server.storage.dir = [/workdir/hadoop-ozone/integration-test/target/test-dir/MiniOzoneClusterImpl-a33d77e5-464b-4d19-8e6b-a171e580bf0e/datanode-1/data/ratis] (custom)
2019-09-20 09:27:18,402 [pool-38-thread-1] INFO  storage.RaftStorageDirectory (RaftStorageDirectory.java:analyzeStorage(246)) - The storage directory /workdir/hadoop-ozone/integration-test/target/test-dir/MiniOzoneClusterImpl-a33d77e5-464b-4d19-8e6b-a171e580bf0e/datanode-1/data/ratis/337514f6-077d-456e-9709-e6a3e0dd5830 does not exist. Creating ...
2019-09-20 09:27:18,420 [pool-38-thread-1] INFO  storage.RaftStorageDirectory (RaftStorageDirectory.java:tryLock(328)) - Lock on /workdir/hadoop-ozone/integration-test/target/test-dir/MiniOzoneClusterImpl-a33d77e5-464b-4d19-8e6b-a171e580bf0e/datanode-1/data/ratis/337514f6-077d-456e-9709-e6a3e0dd5830/in_use.lock acquired by nodename 7145@pr-hdds-1569-p5fx8-1226042367
2019-09-20 09:27:18,442 [pool-38-thread-1] INFO  storage.RaftStorage (RaftStorage.java:format(72)) - Storage directory /workdir/hadoop-ozone/integration-test/target/test-dir/MiniOzoneClusterImpl-a33d77e5-464b-4d19-8e6b-a171e580bf0e/datanode-1/data/ratis/337514f6-077d-456e-9709-e6a3e0dd5830 has been successfully formatted.
2019-09-20 09:27:18,442 [pool-38-thread-1] INFO  ratis.ContainerStateMachine (ContainerStateMachine.java:loadSnapshot(226)) - group-E6A3E0DD5830: The snapshot info is null. Setting the last applied indexto:(t:0, i:~)
2019-09-20 09:27:18,442 [pool-38-thread-1] INFO  server.RaftServerConfigKeys (ConfUtils.java:logGet(43)) - raft.server.leader.election.timeout = 10s (custom)
2019-09-20 09:27:18,442 [pool-38-thread-1] INFO  server.RaftServerConfigKeys (ConfUtils.java:logGet(43)) - raft.server.log.use.memory = false (default)
2019-09-20 09:27:18,442 [pool-38-thread-1] INFO  server.RaftServerConfigKeys (ConfUtils.java:logGet(43)) - raft.server.log.purge.gap = 1000000 (custom)
2019-09-20 09:27:18,443 [pool-38-thread-1] INFO  server.RaftServerConfigKeys (ConfUtils.java:logGet(43)) - raft.server.log.appender.buffer.byte-limit = 33554432 (custom)
2019-09-20 09:27:18,443 [pool-38-thread-1] INFO  server.RaftServerConfigKeys (ConfUtils.java:logGet(43)) - raft.server.log.segment.size.max = 1048576 (custom)
2019-09-20 09:27:18,443 [pool-38-thread-1] INFO  server.RaftServerConfigKeys (ConfUtils.java:logGet(43)) - raft.server.log.segment.cache.num.max = 2 (custom)
2019-09-20 09:27:18,443 [pool-38-thread-1] INFO  segmented.SegmentedRaftLogWorker (SegmentedRaftLogWorker.java:<init>(172)) - new fd3cd5f9-4f1c-43ea-91b1-b85a1f6c3825-SegmentedRaftLogWorker:Storage Directory /workdir/hadoop-ozone/integration-test/target/test-dir/MiniOzoneClusterImpl-a33d77e5-464b-4d19-8e6b-a171e580bf0e/datanode-1/data/ratis/337514f6-077d-456e-9709-e6a3e0dd5830 for RaftStorage:Storage Directory /workdir/hadoop-ozone/integration-test/target/test-dir/MiniOzoneClusterImpl-a33d77e5-464b-4d19-8e6b-a171e580bf0e/datanode-1/data/ratis/337514f6-077d-456e-9709-e6a3e0dd5830
2019-09-20 09:27:18,443 [pool-38-thread-1] INFO  server.RaftServerConfigKeys (ConfUtils.java:logGet(43)) - raft.server.log.queue.byte-limit = 2147483647 (custom)
2019-09-20 09:27:18,443 [pool-38-thread-1] INFO  server.RaftServerConfigKeys (ConfUtils.java:logGet(43)) - raft.server.log.queue.element-limit = 1024 (custom)
2019-09-20 09:27:18,443 [pool-38-thread-1] INFO  server.RaftServerConfigKeys (ConfUtils.java:logGet(43)) - raft.server.log.segment.size.max = 1048576 (custom)
2019-09-20 09:27:18,443 [pool-38-thread-1] INFO  server.RaftServerConfigKeys (ConfUtils.java:logGet(43)) - raft.server.log.preallocated.size = 16384 (custom)
2019-09-20 09:27:18,443 [pool-38-thread-1] INFO  server.RaftServerConfigKeys (ConfUtils.java:logGet(43)) - raft.server.log.write.buffer.size = 33554432 (custom)
2019-09-20 09:27:18,444 [pool-38-thread-1] INFO  server.RaftServerConfigKeys (ConfUtils.java:logGet(43)) - raft.server.log.force.sync.num = 128 (default)
2019-09-20 09:27:18,444 [pool-38-thread-1] INFO  server.RaftServerConfigKeys (ConfUtils.java:logGet(43)) - raft.server.log.statemachine.data.sync = true (default)
2019-09-20 09:27:18,444 [pool-38-thread-1] INFO  server.RaftServerConfigKeys (ConfUtils.java:logGet(43)) - raft.server.log.statemachine.data.sync.timeout = 10s (default)
2019-09-20 09:27:18,444 [pool-38-thread-1] INFO  server.RaftServerConfigKeys (ConfUtils.java:logGet(43)) - raft.server.log.statemachine.data.sync.timeout.retry = -1 (default)
2019-09-20 09:27:18,444 [pool-38-thread-1] INFO  server.RaftServerConfigKeys (ConfUtils.java:logGet(43)) - raft.server.log.statemachine.data.caching.enabled = true (custom)
2019-09-20 09:27:18,444 [pool-38-thread-1] INFO  segmented.SegmentedRaftLogWorker (SegmentedRaftLogWorker.java:lambda$new$0(132)) - fd3cd5f9-4f1c-43ea-91b1-b85a1f6c3825-SegmentedRaftLogWorker:Storage Directory /workdir/hadoop-ozone/integration-test/target/test-dir/MiniOzoneClusterImpl-a33d77e5-464b-4d19-8e6b-a171e580bf0e/datanode-1/data/ratis/337514f6-077d-456e-9709-e6a3e0dd5830: flushIndex: setUnconditionally 0 -> -1
2019-09-20 09:27:18,445 [pool-38-thread-1] INFO  server.RaftServerConfigKeys (ConfUtils.java:logGet(43)) - raft.server.snapshot.auto.trigger.enabled = true (custom)
2019-09-20 09:27:18,445 [pool-38-thread-1] INFO  server.RaftServerConfigKeys (ConfUtils.java:logGet(43)) - raft.server.snapshot.auto.trigger.threshold = 10000 (custom)
2019-09-20 09:27:18,445 [pool-38-thread-1] INFO  server.RaftServerConfigKeys (ConfUtils.java:logGet(43)) - raft.server.retrycache.expirytime = 600000ms (custom)
2019-09-20 09:27:18,445 [pool-38-thread-1] INFO  impl.RaftServerImpl (RaftServerImpl.java:start(180)) - fd3cd5f9-4f1c-43ea-91b1-b85a1f6c3825: start group-E6A3E0DD5830
2019-09-20 09:27:18,445 [pool-38-thread-1] INFO  impl.RaftServerImpl (RaftServerImpl.java:setRole(171)) - fd3cd5f9-4f1c-43ea-91b1-b85a1f6c3825:group-E6A3E0DD5830 changes role from null to FOLLOWER at term 0 for startAsFollower
2019-09-20 09:27:18,445 [pool-38-thread-1] INFO  impl.RoleInfo (RoleInfo.java:updateAndGet(143)) - fd3cd5f9-4f1c-43ea-91b1-b85a1f6c3825: start FollowerState
2019-09-20 09:27:18,446 [pool-38-thread-1] INFO  util.JmxRegister (JmxRegister.java:tryRegister(44)) - Successfully registered JMX Bean with object name Ratis:service=RaftServer,group=group-E6A3E0DD5830,id=fd3cd5f9-4f1c-43ea-91b1-b85a1f6c3825
2019-09-20 09:27:18,449 [RatisPipelineUtilsThread] INFO  pipeline.PipelineStateManager (PipelineStateManager.java:addPipeline(56)) - Created pipeline Pipeline[ Id: 337514f6-077d-456e-9709-e6a3e0dd5830, Nodes: fd3cd5f9-4f1c-43ea-91b1-b85a1f6c3825{ip: 192.168.36.99, host: pr-hdds-1569-p5fx8-1226042367, networkLocation: /default-rack, certSerialId: null}, Type:RATIS, Factor:ONE, State:OPEN]
2019-09-20 09:27:18,453 [grpc-default-executor-2] INFO  impl.RaftServerProxy (RaftServerProxy.java:addNew(89)) - 4840c00f-91d3-4881-a20b-4d0486ca97c0: addNew group-30E84BEB43D3:[4840c00f-91d3-4881-a20b-4d0486ca97c0:192.168.36.99:41473] returns group-30E84BEB43D3:java.util.concurrent.CompletableFuture@47390b91[Not completed]
2019-09-20 09:27:18,454 [pool-60-thread-1] INFO  impl.RaftServerImpl (RaftServerImpl.java:<init>(93)) - 4840c00f-91d3-4881-a20b-4d0486ca97c0: new RaftServerImpl for group-30E84BEB43D3:[4840c00f-91d3-4881-a20b-4d0486ca97c0:192.168.36.99:41473] with ContainerStateMachine:uninitialized
2019-09-20 09:27:18,455 [pool-60-thread-1] INFO  server.RaftServerConfigKeys (ConfUtils.java:logGet(43)) - raft.server.rpc.timeout.min = 5s (custom)
2019-09-20 09:27:18,455 [pool-60-thread-1] INFO  server.RaftServerConfigKeys (ConfUtils.java:logGet(43)) - raft.server.rpc.timeout.max = 5200ms (custom)
2019-09-20 09:27:18,455 [pool-60-thread-1] INFO  server.RaftServerConfigKeys (ConfUtils.java:logGet(43)) - raft.server.rpcslowness.timeout = 10s (custom)
2019-09-20 09:27:18,455 [pool-60-thread-1] INFO  server.RaftServerConfigKeys (ConfUtils.java:logGet(43)) - raft.server.sleep.deviation.threshold = 300 (default)
2019-09-20 09:27:18,455 [pool-60-thread-1] INFO  server.RaftServerConfigKeys (ConfUtils.java:logGet(43)) - raft.server.log.appender.install.snapshot.enabled = false (custom)
2019-09-20 09:27:18,455 [pool-60-thread-1] INFO  impl.RaftServerImpl (ServerState.java:<init>(105)) - 4840c00f-91d3-4881-a20b-4d0486ca97c0:group-30E84BEB43D3 ConfigurationManager, init=-1: [4840c00f-91d3-4881-a20b-4d0486ca97c0:192.168.36.99:41473], old=null, confs=<EMPTY_MAP>
2019-09-20 09:27:18,456 [pool-60-thread-1] INFO  server.RaftServerConfigKeys (ConfUtils.java:logGet(43)) - raft.server.storage.dir = [/workdir/hadoop-ozone/integration-test/target/test-dir/MiniOzoneClusterImpl-a33d77e5-464b-4d19-8e6b-a171e580bf0e/datanode-3/data/ratis] (custom)
2019-09-20 09:27:18,456 [pool-60-thread-1] INFO  storage.RaftStorageDirectory (RaftStorageDirectory.java:analyzeStorage(246)) - The storage directory /workdir/hadoop-ozone/integration-test/target/test-dir/MiniOzoneClusterImpl-a33d77e5-464b-4d19-8e6b-a171e580bf0e/datanode-3/data/ratis/d3d8540d-b9c1-4368-a278-30e84beb43d3 does not exist. Creating ...
2019-09-20 09:27:18,473 [pool-60-thread-1] INFO  storage.RaftStorageDirectory (RaftStorageDirectory.java:tryLock(328)) - Lock on /workdir/hadoop-ozone/integration-test/target/test-dir/MiniOzoneClusterImpl-a33d77e5-464b-4d19-8e6b-a171e580bf0e/datanode-3/data/ratis/d3d8540d-b9c1-4368-a278-30e84beb43d3/in_use.lock acquired by nodename 7145@pr-hdds-1569-p5fx8-1226042367
2019-09-20 09:27:18,491 [pool-60-thread-1] INFO  storage.RaftStorage (RaftStorage.java:format(72)) - Storage directory /workdir/hadoop-ozone/integration-test/target/test-dir/MiniOzoneClusterImpl-a33d77e5-464b-4d19-8e6b-a171e580bf0e/datanode-3/data/ratis/d3d8540d-b9c1-4368-a278-30e84beb43d3 has been successfully formatted.
2019-09-20 09:27:18,491 [pool-60-thread-1] INFO  ratis.ContainerStateMachine (ContainerStateMachine.java:loadSnapshot(226)) - group-30E84BEB43D3: The snapshot info is null. Setting the last applied indexto:(t:0, i:~)
2019-09-20 09:27:18,491 [pool-60-thread-1] INFO  server.RaftServerConfigKeys (ConfUtils.java:logGet(43)) - raft.server.leader.election.timeout = 10s (custom)
2019-09-20 09:27:18,492 [pool-60-thread-1] INFO  server.RaftServerConfigKeys (ConfUtils.java:logGet(43)) - raft.server.log.use.memory = false (default)
2019-09-20 09:27:18,492 [pool-60-thread-1] INFO  server.RaftServerConfigKeys (ConfUtils.java:logGet(43)) - raft.server.log.purge.gap = 1000000 (custom)
2019-09-20 09:27:18,492 [pool-60-thread-1] INFO  server.RaftServerConfigKeys (ConfUtils.java:logGet(43)) - raft.server.log.appender.buffer.byte-limit = 33554432 (custom)
2019-09-20 09:27:18,492 [pool-60-thread-1] INFO  server.RaftServerConfigKeys (ConfUtils.java:logGet(43)) - raft.server.log.segment.size.max = 1048576 (custom)
2019-09-20 09:27:18,492 [pool-60-thread-1] INFO  server.RaftServerConfigKeys (ConfUtils.java:logGet(43)) - raft.server.log.segment.cache.num.max = 2 (custom)
2019-09-20 09:27:18,492 [pool-60-thread-1] INFO  segmented.SegmentedRaftLogWorker (SegmentedRaftLogWorker.java:<init>(172)) - new 4840c00f-91d3-4881-a20b-4d0486ca97c0-SegmentedRaftLogWorker:Storage Directory /workdir/hadoop-ozone/integration-test/target/test-dir/MiniOzoneClusterImpl-a33d77e5-464b-4d19-8e6b-a171e580bf0e/datanode-3/data/ratis/d3d8540d-b9c1-4368-a278-30e84beb43d3 for RaftStorage:Storage Directory /workdir/hadoop-ozone/integration-test/target/test-dir/MiniOzoneClusterImpl-a33d77e5-464b-4d19-8e6b-a171e580bf0e/datanode-3/data/ratis/d3d8540d-b9c1-4368-a278-30e84beb43d3
2019-09-20 09:27:18,492 [pool-60-thread-1] INFO  server.RaftServerConfigKeys (ConfUtils.java:logGet(43)) - raft.server.log.queue.byte-limit = 2147483647 (custom)
2019-09-20 09:27:18,492 [pool-60-thread-1] INFO  server.RaftServerConfigKeys (ConfUtils.java:logGet(43)) - raft.server.log.queue.element-limit = 1024 (custom)
2019-09-20 09:27:18,493 [pool-60-thread-1] INFO  server.RaftServerConfigKeys (ConfUtils.java:logGet(43)) - raft.server.log.segment.size.max = 1048576 (custom)
2019-09-20 09:27:18,493 [pool-60-thread-1] INFO  server.RaftServerConfigKeys (ConfUtils.java:logGet(43)) - raft.server.log.preallocated.size = 16384 (custom)
2019-09-20 09:27:18,493 [pool-60-thread-1] INFO  server.RaftServerConfigKeys (ConfUtils.java:logGet(43)) - raft.server.log.write.buffer.size = 33554432 (custom)
2019-09-20 09:27:18,493 [pool-60-thread-1] INFO  server.RaftServerConfigKeys (ConfUtils.java:logGet(43)) - raft.server.log.force.sync.num = 128 (default)
2019-09-20 09:27:18,493 [pool-60-thread-1] INFO  server.RaftServerConfigKeys (ConfUtils.java:logGet(43)) - raft.server.log.statemachine.data.sync = true (default)
2019-09-20 09:27:18,493 [pool-60-thread-1] INFO  server.RaftServerConfigKeys (ConfUtils.java:logGet(43)) - raft.server.log.statemachine.data.sync.timeout = 10s (default)
2019-09-20 09:27:18,493 [pool-60-thread-1] INFO  server.RaftServerConfigKeys (ConfUtils.java:logGet(43)) - raft.server.log.statemachine.data.sync.timeout.retry = -1 (default)
2019-09-20 09:27:18,493 [pool-60-thread-1] INFO  server.RaftServerConfigKeys (ConfUtils.java:logGet(43)) - raft.server.log.statemachine.data.caching.enabled = true (custom)
2019-09-20 09:27:18,494 [pool-60-thread-1] INFO  segmented.SegmentedRaftLogWorker (SegmentedRaftLogWorker.java:lambda$new$0(132)) - 4840c00f-91d3-4881-a20b-4d0486ca97c0-SegmentedRaftLogWorker:Storage Directory /workdir/hadoop-ozone/integration-test/target/test-dir/MiniOzoneClusterImpl-a33d77e5-464b-4d19-8e6b-a171e580bf0e/datanode-3/data/ratis/d3d8540d-b9c1-4368-a278-30e84beb43d3: flushIndex: setUnconditionally 0 -> -1
2019-09-20 09:27:18,494 [pool-60-thread-1] INFO  server.RaftServerConfigKeys (ConfUtils.java:logGet(43)) - raft.server.snapshot.auto.trigger.enabled = true (custom)
2019-09-20 09:27:18,494 [pool-60-thread-1] INFO  server.RaftServerConfigKeys (ConfUtils.java:logGet(43)) - raft.server.snapshot.auto.trigger.threshold = 10000 (custom)
2019-09-20 09:27:18,494 [pool-60-thread-1] INFO  server.RaftServerConfigKeys (ConfUtils.java:logGet(43)) - raft.server.retrycache.expirytime = 600000ms (custom)
2019-09-20 09:27:18,494 [pool-60-thread-1] INFO  impl.RaftServerImpl (RaftServerImpl.java:start(180)) - 4840c00f-91d3-4881-a20b-4d0486ca97c0: start group-30E84BEB43D3
2019-09-20 09:27:18,494 [pool-60-thread-1] INFO  impl.RaftServerImpl (RaftServerImpl.java:setRole(171)) - 4840c00f-91d3-4881-a20b-4d0486ca97c0:group-30E84BEB43D3 changes role from null to FOLLOWER at term 0 for startAsFollower
2019-09-20 09:27:18,495 [pool-60-thread-1] INFO  impl.RoleInfo (RoleInfo.java:updateAndGet(143)) - 4840c00f-91d3-4881-a20b-4d0486ca97c0: start FollowerState
2019-09-20 09:27:18,495 [pool-60-thread-1] INFO  util.JmxRegister (JmxRegister.java:tryRegister(44)) - Successfully registered JMX Bean with object name Ratis:service=RaftServer,group=group-30E84BEB43D3,id=4840c00f-91d3-4881-a20b-4d0486ca97c0
2019-09-20 09:27:18,497 [RatisPipelineUtilsThread] INFO  pipeline.PipelineStateManager (PipelineStateManager.java:addPipeline(56)) - Created pipeline Pipeline[ Id: d3d8540d-b9c1-4368-a278-30e84beb43d3, Nodes: 4840c00f-91d3-4881-a20b-4d0486ca97c0{ip: 192.168.36.99, host: pr-hdds-1569-p5fx8-1226042367, networkLocation: /default-rack, certSerialId: null}, Type:RATIS, Factor:ONE, State:OPEN]
2019-09-20 09:27:18,501 [grpc-default-executor-2] INFO  impl.RaftServerProxy (RaftServerProxy.java:addNew(89)) - fd3cd5f9-4f1c-43ea-91b1-b85a1f6c3825: addNew group-EB58816D2005:[fd3cd5f9-4f1c-43ea-91b1-b85a1f6c3825:192.168.36.99:39114] returns group-EB58816D2005:java.util.concurrent.CompletableFuture@3e9d1d3[Not completed]
2019-09-20 09:27:18,503 [pool-38-thread-1] INFO  impl.RaftServerImpl (RaftServerImpl.java:<init>(93)) - fd3cd5f9-4f1c-43ea-91b1-b85a1f6c3825: new RaftServerImpl for group-EB58816D2005:[fd3cd5f9-4f1c-43ea-91b1-b85a1f6c3825:192.168.36.99:39114] with ContainerStateMachine:uninitialized
2019-09-20 09:27:18,503 [pool-38-thread-1] INFO  server.RaftServerConfigKeys (ConfUtils.java:logGet(43)) - raft.server.rpc.timeout.min = 5s (custom)
2019-09-20 09:27:18,503 [pool-38-thread-1] INFO  server.RaftServerConfigKeys (ConfUtils.java:logGet(43)) - raft.server.rpc.timeout.max = 5200ms (custom)
2019-09-20 09:27:18,503 [pool-38-thread-1] INFO  server.RaftServerConfigKeys (ConfUtils.java:logGet(43)) - raft.server.rpcslowness.timeout = 10s (custom)
2019-09-20 09:27:18,503 [pool-38-thread-1] INFO  server.RaftServerConfigKeys (ConfUtils.java:logGet(43)) - raft.server.sleep.deviation.threshold = 300 (default)
2019-09-20 09:27:18,503 [pool-38-thread-1] INFO  server.RaftServerConfigKeys (ConfUtils.java:logGet(43)) - raft.server.log.appender.install.snapshot.enabled = false (custom)
2019-09-20 09:27:18,503 [pool-38-thread-1] INFO  impl.RaftServerImpl (ServerState.java:<init>(105)) - fd3cd5f9-4f1c-43ea-91b1-b85a1f6c3825:group-EB58816D2005 ConfigurationManager, init=-1: [fd3cd5f9-4f1c-43ea-91b1-b85a1f6c3825:192.168.36.99:39114], old=null, confs=<EMPTY_MAP>
2019-09-20 09:27:18,504 [pool-38-thread-1] INFO  server.RaftServerConfigKeys (ConfUtils.java:logGet(43)) - raft.server.storage.dir = [/workdir/hadoop-ozone/integration-test/target/test-dir/MiniOzoneClusterImpl-a33d77e5-464b-4d19-8e6b-a171e580bf0e/datanode-1/data/ratis] (custom)
2019-09-20 09:27:18,504 [pool-38-thread-1] INFO  storage.RaftStorageDirectory (RaftStorageDirectory.java:analyzeStorage(246)) - The storage directory /workdir/hadoop-ozone/integration-test/target/test-dir/MiniOzoneClusterImpl-a33d77e5-464b-4d19-8e6b-a171e580bf0e/datanode-1/data/ratis/5783aec1-b66d-4623-9dbc-eb58816d2005 does not exist. Creating ...
2019-09-20 09:27:18,528 [pool-38-thread-1] INFO  storage.RaftStorageDirectory (RaftStorageDirectory.java:tryLock(328)) - Lock on /workdir/hadoop-ozone/integration-test/target/test-dir/MiniOzoneClusterImpl-a33d77e5-464b-4d19-8e6b-a171e580bf0e/datanode-1/data/ratis/5783aec1-b66d-4623-9dbc-eb58816d2005/in_use.lock acquired by nodename 7145@pr-hdds-1569-p5fx8-1226042367
2019-09-20 09:27:18,565 [pool-38-thread-1] INFO  storage.RaftStorage (RaftStorage.java:format(72)) - Storage directory /workdir/hadoop-ozone/integration-test/target/test-dir/MiniOzoneClusterImpl-a33d77e5-464b-4d19-8e6b-a171e580bf0e/datanode-1/data/ratis/5783aec1-b66d-4623-9dbc-eb58816d2005 has been successfully formatted.
2019-09-20 09:27:18,566 [pool-38-thread-1] INFO  ratis.ContainerStateMachine (ContainerStateMachine.java:loadSnapshot(226)) - group-EB58816D2005: The snapshot info is null. Setting the last applied indexto:(t:0, i:~)
2019-09-20 09:27:18,566 [pool-38-thread-1] INFO  server.RaftServerConfigKeys (ConfUtils.java:logGet(43)) - raft.server.leader.election.timeout = 10s (custom)
2019-09-20 09:27:18,566 [pool-38-thread-1] INFO  server.RaftServerConfigKeys (ConfUtils.java:logGet(43)) - raft.server.log.use.memory = false (default)
2019-09-20 09:27:18,566 [pool-38-thread-1] INFO  server.RaftServerConfigKeys (ConfUtils.java:logGet(43)) - raft.server.log.purge.gap = 1000000 (custom)
2019-09-20 09:27:18,566 [pool-38-thread-1] INFO  server.RaftServerConfigKeys (ConfUtils.java:logGet(43)) - raft.server.log.appender.buffer.byte-limit = 33554432 (custom)
2019-09-20 09:27:18,566 [pool-38-thread-1] INFO  server.RaftServerConfigKeys (ConfUtils.java:logGet(43)) - raft.server.log.segment.size.max = 1048576 (custom)
2019-09-20 09:27:18,567 [pool-38-thread-1] INFO  server.RaftServerConfigKeys (ConfUtils.java:logGet(43)) - raft.server.log.segment.cache.num.max = 2 (custom)
2019-09-20 09:27:18,567 [pool-38-thread-1] INFO  segmented.SegmentedRaftLogWorker (SegmentedRaftLogWorker.java:<init>(172)) - new fd3cd5f9-4f1c-43ea-91b1-b85a1f6c3825-SegmentedRaftLogWorker:Storage Directory /workdir/hadoop-ozone/integration-test/target/test-dir/MiniOzoneClusterImpl-a33d77e5-464b-4d19-8e6b-a171e580bf0e/datanode-1/data/ratis/5783aec1-b66d-4623-9dbc-eb58816d2005 for RaftStorage:Storage Directory /workdir/hadoop-ozone/integration-test/target/test-dir/MiniOzoneClusterImpl-a33d77e5-464b-4d19-8e6b-a171e580bf0e/datanode-1/data/ratis/5783aec1-b66d-4623-9dbc-eb58816d2005
2019-09-20 09:27:18,567 [pool-38-thread-1] INFO  server.RaftServerConfigKeys (ConfUtils.java:logGet(43)) - raft.server.log.queue.byte-limit = 2147483647 (custom)
2019-09-20 09:27:18,567 [pool-38-thread-1] INFO  server.RaftServerConfigKeys (ConfUtils.java:logGet(43)) - raft.server.log.queue.element-limit = 1024 (custom)
2019-09-20 09:27:18,567 [pool-38-thread-1] INFO  server.RaftServerConfigKeys (ConfUtils.java:logGet(43)) - raft.server.log.segment.size.max = 1048576 (custom)
2019-09-20 09:27:18,567 [pool-38-thread-1] INFO  server.RaftServerConfigKeys (ConfUtils.java:logGet(43)) - raft.server.log.preallocated.size = 16384 (custom)
2019-09-20 09:27:18,568 [pool-38-thread-1] INFO  server.RaftServerConfigKeys (ConfUtils.java:logGet(43)) - raft.server.log.write.buffer.size = 33554432 (custom)
2019-09-20 09:27:18,568 [pool-38-thread-1] INFO  server.RaftServerConfigKeys (ConfUtils.java:logGet(43)) - raft.server.log.force.sync.num = 128 (default)
2019-09-20 09:27:18,568 [pool-38-thread-1] INFO  server.RaftServerConfigKeys (ConfUtils.java:logGet(43)) - raft.server.log.statemachine.data.sync = true (default)
2019-09-20 09:27:18,568 [pool-38-thread-1] INFO  server.RaftServerConfigKeys (ConfUtils.java:logGet(43)) - raft.server.log.statemachine.data.sync.timeout = 10s (default)
2019-09-20 09:27:18,568 [pool-38-thread-1] INFO  server.RaftServerConfigKeys (ConfUtils.java:logGet(43)) - raft.server.log.statemachine.data.sync.timeout.retry = -1 (default)
2019-09-20 09:27:18,568 [pool-38-thread-1] INFO  server.RaftServerConfigKeys (ConfUtils.java:logGet(43)) - raft.server.log.statemachine.data.caching.enabled = true (custom)
2019-09-20 09:27:18,569 [pool-38-thread-1] INFO  segmented.SegmentedRaftLogWorker (SegmentedRaftLogWorker.java:lambda$new$0(132)) - fd3cd5f9-4f1c-43ea-91b1-b85a1f6c3825-SegmentedRaftLogWorker:Storage Directory /workdir/hadoop-ozone/integration-test/target/test-dir/MiniOzoneClusterImpl-a33d77e5-464b-4d19-8e6b-a171e580bf0e/datanode-1/data/ratis/5783aec1-b66d-4623-9dbc-eb58816d2005: flushIndex: setUnconditionally 0 -> -1
2019-09-20 09:27:18,569 [pool-38-thread-1] INFO  server.RaftServerConfigKeys (ConfUtils.java:logGet(43)) - raft.server.snapshot.auto.trigger.enabled = true (custom)
2019-09-20 09:27:18,569 [pool-38-thread-1] INFO  server.RaftServerConfigKeys (ConfUtils.java:logGet(43)) - raft.server.snapshot.auto.trigger.threshold = 10000 (custom)
2019-09-20 09:27:18,569 [pool-38-thread-1] INFO  server.RaftServerConfigKeys (ConfUtils.java:logGet(43)) - raft.server.retrycache.expirytime = 600000ms (custom)
2019-09-20 09:27:18,570 [pool-38-thread-1] INFO  impl.RaftServerImpl (RaftServerImpl.java:start(180)) - fd3cd5f9-4f1c-43ea-91b1-b85a1f6c3825: start group-EB58816D2005
2019-09-20 09:27:18,570 [pool-38-thread-1] INFO  impl.RaftServerImpl (RaftServerImpl.java:setRole(171)) - fd3cd5f9-4f1c-43ea-91b1-b85a1f6c3825:group-EB58816D2005 changes role from null to FOLLOWER at term 0 for startAsFollower
2019-09-20 09:27:18,570 [pool-38-thread-1] INFO  impl.RoleInfo (RoleInfo.java:updateAndGet(143)) - fd3cd5f9-4f1c-43ea-91b1-b85a1f6c3825: start FollowerState
2019-09-20 09:27:18,570 [pool-38-thread-1] INFO  util.JmxRegister (JmxRegister.java:tryRegister(44)) - Successfully registered JMX Bean with object name Ratis:service=RaftServer,group=group-EB58816D2005,id=fd3cd5f9-4f1c-43ea-91b1-b85a1f6c3825
2019-09-20 09:27:18,573 [RatisPipelineUtilsThread] INFO  pipeline.PipelineStateManager (PipelineStateManager.java:addPipeline(56)) - Created pipeline Pipeline[ Id: 5783aec1-b66d-4623-9dbc-eb58816d2005, Nodes: fd3cd5f9-4f1c-43ea-91b1-b85a1f6c3825{ip: 192.168.36.99, host: pr-hdds-1569-p5fx8-1226042367, networkLocation: /default-rack, certSerialId: null}, Type:RATIS, Factor:ONE, State:OPEN]
2019-09-20 09:27:18,577 [grpc-default-executor-2] INFO  impl.RaftServerProxy (RaftServerProxy.java:addNew(89)) - 871e6485-c22a-483f-9e07-d19e754685be: addNew group-23EEB214DE2D:[871e6485-c22a-483f-9e07-d19e754685be:192.168.36.99:41076] returns group-23EEB214DE2D:java.util.concurrent.CompletableFuture@4eeafaa1[Not completed]
2019-09-20 09:27:18,578 [pool-71-thread-1] INFO  impl.RaftServerImpl (RaftServerImpl.java:<init>(93)) - 871e6485-c22a-483f-9e07-d19e754685be: new RaftServerImpl for group-23EEB214DE2D:[871e6485-c22a-483f-9e07-d19e754685be:192.168.36.99:41076] with ContainerStateMachine:uninitialized
2019-09-20 09:27:18,578 [pool-71-thread-1] INFO  server.RaftServerConfigKeys (ConfUtils.java:logGet(43)) - raft.server.rpc.timeout.min = 5s (custom)
2019-09-20 09:27:18,578 [pool-71-thread-1] INFO  server.RaftServerConfigKeys (ConfUtils.java:logGet(43)) - raft.server.rpc.timeout.max = 5200ms (custom)
2019-09-20 09:27:18,579 [pool-71-thread-1] INFO  server.RaftServerConfigKeys (ConfUtils.java:logGet(43)) - raft.server.rpcslowness.timeout = 10s (custom)
2019-09-20 09:27:18,579 [pool-71-thread-1] INFO  server.RaftServerConfigKeys (ConfUtils.java:logGet(43)) - raft.server.sleep.deviation.threshold = 300 (default)
2019-09-20 09:27:18,579 [pool-71-thread-1] INFO  server.RaftServerConfigKeys (ConfUtils.java:logGet(43)) - raft.server.log.appender.install.snapshot.enabled = false (custom)
2019-09-20 09:27:18,579 [pool-71-thread-1] INFO  impl.RaftServerImpl (ServerState.java:<init>(105)) - 871e6485-c22a-483f-9e07-d19e754685be:group-23EEB214DE2D ConfigurationManager, init=-1: [871e6485-c22a-483f-9e07-d19e754685be:192.168.36.99:41076], old=null, confs=<EMPTY_MAP>
2019-09-20 09:27:18,579 [pool-71-thread-1] INFO  server.RaftServerConfigKeys (ConfUtils.java:logGet(43)) - raft.server.storage.dir = [/workdir/hadoop-ozone/integration-test/target/test-dir/MiniOzoneClusterImpl-a33d77e5-464b-4d19-8e6b-a171e580bf0e/datanode-4/data/ratis] (custom)
2019-09-20 09:27:18,580 [pool-71-thread-1] INFO  storage.RaftStorageDirectory (RaftStorageDirectory.java:analyzeStorage(246)) - The storage directory /workdir/hadoop-ozone/integration-test/target/test-dir/MiniOzoneClusterImpl-a33d77e5-464b-4d19-8e6b-a171e580bf0e/datanode-4/data/ratis/9a64a091-03aa-4fc8-b199-23eeb214de2d does not exist. Creating ...
2019-09-20 09:27:18,595 [pool-71-thread-1] INFO  storage.RaftStorageDirectory (RaftStorageDirectory.java:tryLock(328)) - Lock on /workdir/hadoop-ozone/integration-test/target/test-dir/MiniOzoneClusterImpl-a33d77e5-464b-4d19-8e6b-a171e580bf0e/datanode-4/data/ratis/9a64a091-03aa-4fc8-b199-23eeb214de2d/in_use.lock acquired by nodename 7145@pr-hdds-1569-p5fx8-1226042367
2019-09-20 09:27:18,635 [pool-71-thread-1] INFO  storage.RaftStorage (RaftStorage.java:format(72)) - Storage directory /workdir/hadoop-ozone/integration-test/target/test-dir/MiniOzoneClusterImpl-a33d77e5-464b-4d19-8e6b-a171e580bf0e/datanode-4/data/ratis/9a64a091-03aa-4fc8-b199-23eeb214de2d has been successfully formatted.
2019-09-20 09:27:18,635 [pool-71-thread-1] INFO  ratis.ContainerStateMachine (ContainerStateMachine.java:loadSnapshot(226)) - group-23EEB214DE2D: The snapshot info is null. Setting the last applied indexto:(t:0, i:~)
2019-09-20 09:27:18,635 [pool-71-thread-1] INFO  server.RaftServerConfigKeys (ConfUtils.java:logGet(43)) - raft.server.leader.election.timeout = 10s (custom)
2019-09-20 09:27:18,635 [pool-71-thread-1] INFO  server.RaftServerConfigKeys (ConfUtils.java:logGet(43)) - raft.server.log.use.memory = false (default)
2019-09-20 09:27:18,635 [pool-71-thread-1] INFO  server.RaftServerConfigKeys (ConfUtils.java:logGet(43)) - raft.server.log.purge.gap = 1000000 (custom)
2019-09-20 09:27:18,635 [pool-71-thread-1] INFO  server.RaftServerConfigKeys (ConfUtils.java:logGet(43)) - raft.server.log.appender.buffer.byte-limit = 33554432 (custom)
2019-09-20 09:27:18,635 [pool-71-thread-1] INFO  server.RaftServerConfigKeys (ConfUtils.java:logGet(43)) - raft.server.log.segment.size.max = 1048576 (custom)
2019-09-20 09:27:18,635 [pool-71-thread-1] INFO  server.RaftServerConfigKeys (ConfUtils.java:logGet(43)) - raft.server.log.segment.cache.num.max = 2 (custom)
2019-09-20 09:27:18,636 [pool-71-thread-1] INFO  segmented.SegmentedRaftLogWorker (SegmentedRaftLogWorker.java:<init>(172)) - new 871e6485-c22a-483f-9e07-d19e754685be-SegmentedRaftLogWorker:Storage Directory /workdir/hadoop-ozone/integration-test/target/test-dir/MiniOzoneClusterImpl-a33d77e5-464b-4d19-8e6b-a171e580bf0e/datanode-4/data/ratis/9a64a091-03aa-4fc8-b199-23eeb214de2d for RaftStorage:Storage Directory /workdir/hadoop-ozone/integration-test/target/test-dir/MiniOzoneClusterImpl-a33d77e5-464b-4d19-8e6b-a171e580bf0e/datanode-4/data/ratis/9a64a091-03aa-4fc8-b199-23eeb214de2d
2019-09-20 09:27:18,636 [pool-71-thread-1] INFO  server.RaftServerConfigKeys (ConfUtils.java:logGet(43)) - raft.server.log.queue.byte-limit = 2147483647 (custom)
2019-09-20 09:27:18,636 [pool-71-thread-1] INFO  server.RaftServerConfigKeys (ConfUtils.java:logGet(43)) - raft.server.log.queue.element-limit = 1024 (custom)
2019-09-20 09:27:18,636 [pool-71-thread-1] INFO  server.RaftServerConfigKeys (ConfUtils.java:logGet(43)) - raft.server.log.segment.size.max = 1048576 (custom)
2019-09-20 09:27:18,636 [pool-71-thread-1] INFO  server.RaftServerConfigKeys (ConfUtils.java:logGet(43)) - raft.server.log.preallocated.size = 16384 (custom)
2019-09-20 09:27:18,636 [pool-71-thread-1] INFO  server.RaftServerConfigKeys (ConfUtils.java:logGet(43)) - raft.server.log.write.buffer.size = 33554432 (custom)
2019-09-20 09:27:18,636 [pool-71-thread-1] INFO  server.RaftServerConfigKeys (ConfUtils.java:logGet(43)) - raft.server.log.force.sync.num = 128 (default)
2019-09-20 09:27:18,636 [pool-71-thread-1] INFO  server.RaftServerConfigKeys (ConfUtils.java:logGet(43)) - raft.server.log.statemachine.data.sync = true (default)
2019-09-20 09:27:18,636 [pool-71-thread-1] INFO  server.RaftServerConfigKeys (ConfUtils.java:logGet(43)) - raft.server.log.statemachine.data.sync.timeout = 10s (default)
2019-09-20 09:27:18,636 [pool-71-thread-1] INFO  server.RaftServerConfigKeys (ConfUtils.java:logGet(43)) - raft.server.log.statemachine.data.sync.timeout.retry = -1 (default)
2019-09-20 09:27:18,637 [pool-71-thread-1] INFO  server.RaftServerConfigKeys (ConfUtils.java:logGet(43)) - raft.server.log.statemachine.data.caching.enabled = true (custom)
2019-09-20 09:27:18,637 [pool-71-thread-1] INFO  segmented.SegmentedRaftLogWorker (SegmentedRaftLogWorker.java:lambda$new$0(132)) - 871e6485-c22a-483f-9e07-d19e754685be-SegmentedRaftLogWorker:Storage Directory /workdir/hadoop-ozone/integration-test/target/test-dir/MiniOzoneClusterImpl-a33d77e5-464b-4d19-8e6b-a171e580bf0e/datanode-4/data/ratis/9a64a091-03aa-4fc8-b199-23eeb214de2d: flushIndex: setUnconditionally 0 -> -1
2019-09-20 09:27:18,637 [pool-71-thread-1] INFO  server.RaftServerConfigKeys (ConfUtils.java:logGet(43)) - raft.server.snapshot.auto.trigger.enabled = true (custom)
2019-09-20 09:27:18,637 [pool-71-thread-1] INFO  server.RaftServerConfigKeys (ConfUtils.java:logGet(43)) - raft.server.snapshot.auto.trigger.threshold = 10000 (custom)
2019-09-20 09:27:18,637 [pool-71-thread-1] INFO  server.RaftServerConfigKeys (ConfUtils.java:logGet(43)) - raft.server.retrycache.expirytime = 600000ms (custom)
2019-09-20 09:27:18,637 [pool-71-thread-1] INFO  impl.RaftServerImpl (RaftServerImpl.java:start(180)) - 871e6485-c22a-483f-9e07-d19e754685be: start group-23EEB214DE2D
2019-09-20 09:27:18,637 [pool-71-thread-1] INFO  impl.RaftServerImpl (RaftServerImpl.java:setRole(171)) - 871e6485-c22a-483f-9e07-d19e754685be:group-23EEB214DE2D changes role from null to FOLLOWER at term 0 for startAsFollower
2019-09-20 09:27:18,638 [pool-71-thread-1] INFO  impl.RoleInfo (RoleInfo.java:updateAndGet(143)) - 871e6485-c22a-483f-9e07-d19e754685be: start FollowerState
2019-09-20 09:27:18,638 [pool-71-thread-1] INFO  util.JmxRegister (JmxRegister.java:tryRegister(44)) - Successfully registered JMX Bean with object name Ratis:service=RaftServer,group=group-23EEB214DE2D,id=871e6485-c22a-483f-9e07-d19e754685be
2019-09-20 09:27:18,640 [RatisPipelineUtilsThread] INFO  pipeline.PipelineStateManager (PipelineStateManager.java:addPipeline(56)) - Created pipeline Pipeline[ Id: 9a64a091-03aa-4fc8-b199-23eeb214de2d, Nodes: 871e6485-c22a-483f-9e07-d19e754685be{ip: 192.168.36.99, host: pr-hdds-1569-p5fx8-1226042367, networkLocation: /default-rack, certSerialId: null}, Type:RATIS, Factor:ONE, State:OPEN]
2019-09-20 09:27:18,646 [grpc-default-executor-2] INFO  impl.RaftServerProxy (RaftServerProxy.java:addNew(89)) - 4840c00f-91d3-4881-a20b-4d0486ca97c0: addNew group-F2908B59D0C1:[4840c00f-91d3-4881-a20b-4d0486ca97c0:192.168.36.99:41473] returns group-F2908B59D0C1:java.util.concurrent.CompletableFuture@2e049f9a[Not completed]
2019-09-20 09:27:18,647 [pool-60-thread-1] INFO  impl.RaftServerImpl (RaftServerImpl.java:<init>(93)) - 4840c00f-91d3-4881-a20b-4d0486ca97c0: new RaftServerImpl for group-F2908B59D0C1:[4840c00f-91d3-4881-a20b-4d0486ca97c0:192.168.36.99:41473] with ContainerStateMachine:uninitialized
2019-09-20 09:27:18,647 [pool-60-thread-1] INFO  server.RaftServerConfigKeys (ConfUtils.java:logGet(43)) - raft.server.rpc.timeout.min = 5s (custom)
2019-09-20 09:27:18,647 [pool-60-thread-1] INFO  server.RaftServerConfigKeys (ConfUtils.java:logGet(43)) - raft.server.rpc.timeout.max = 5200ms (custom)
2019-09-20 09:27:18,647 [pool-60-thread-1] INFO  server.RaftServerConfigKeys (ConfUtils.java:logGet(43)) - raft.server.rpcslowness.timeout = 10s (custom)
2019-09-20 09:27:18,647 [pool-60-thread-1] INFO  server.RaftServerConfigKeys (ConfUtils.java:logGet(43)) - raft.server.sleep.deviation.threshold = 300 (default)
2019-09-20 09:27:18,647 [pool-60-thread-1] INFO  server.RaftServerConfigKeys (ConfUtils.java:logGet(43)) - raft.server.log.appender.install.snapshot.enabled = false (custom)
2019-09-20 09:27:18,647 [pool-60-thread-1] INFO  impl.RaftServerImpl (ServerState.java:<init>(105)) - 4840c00f-91d3-4881-a20b-4d0486ca97c0:group-F2908B59D0C1 ConfigurationManager, init=-1: [4840c00f-91d3-4881-a20b-4d0486ca97c0:192.168.36.99:41473], old=null, confs=<EMPTY_MAP>
2019-09-20 09:27:18,647 [pool-60-thread-1] INFO  server.RaftServerConfigKeys (ConfUtils.java:logGet(43)) - raft.server.storage.dir = [/workdir/hadoop-ozone/integration-test/target/test-dir/MiniOzoneClusterImpl-a33d77e5-464b-4d19-8e6b-a171e580bf0e/datanode-3/data/ratis] (custom)
2019-09-20 09:27:18,648 [pool-60-thread-1] INFO  storage.RaftStorageDirectory (RaftStorageDirectory.java:analyzeStorage(246)) - The storage directory /workdir/hadoop-ozone/integration-test/target/test-dir/MiniOzoneClusterImpl-a33d77e5-464b-4d19-8e6b-a171e580bf0e/datanode-3/data/ratis/d5a133f1-1882-4818-b6ed-f2908b59d0c1 does not exist. Creating ...
2019-09-20 09:27:18,668 [pool-60-thread-1] INFO  storage.RaftStorageDirectory (RaftStorageDirectory.java:tryLock(328)) - Lock on /workdir/hadoop-ozone/integration-test/target/test-dir/MiniOzoneClusterImpl-a33d77e5-464b-4d19-8e6b-a171e580bf0e/datanode-3/data/ratis/d5a133f1-1882-4818-b6ed-f2908b59d0c1/in_use.lock acquired by nodename 7145@pr-hdds-1569-p5fx8-1226042367
2019-09-20 09:27:18,685 [pool-60-thread-1] INFO  storage.RaftStorage (RaftStorage.java:format(72)) - Storage directory /workdir/hadoop-ozone/integration-test/target/test-dir/MiniOzoneClusterImpl-a33d77e5-464b-4d19-8e6b-a171e580bf0e/datanode-3/data/ratis/d5a133f1-1882-4818-b6ed-f2908b59d0c1 has been successfully formatted.
2019-09-20 09:27:18,686 [pool-60-thread-1] INFO  ratis.ContainerStateMachine (ContainerStateMachine.java:loadSnapshot(226)) - group-F2908B59D0C1: The snapshot info is null. Setting the last applied indexto:(t:0, i:~)
2019-09-20 09:27:18,686 [pool-60-thread-1] INFO  server.RaftServerConfigKeys (ConfUtils.java:logGet(43)) - raft.server.leader.election.timeout = 10s (custom)
2019-09-20 09:27:18,686 [pool-60-thread-1] INFO  server.RaftServerConfigKeys (ConfUtils.java:logGet(43)) - raft.server.log.use.memory = false (default)
2019-09-20 09:27:18,686 [pool-60-thread-1] INFO  server.RaftServerConfigKeys (ConfUtils.java:logGet(43)) - raft.server.log.purge.gap = 1000000 (custom)
2019-09-20 09:27:18,686 [pool-60-thread-1] INFO  server.RaftServerConfigKeys (ConfUtils.java:logGet(43)) - raft.server.log.appender.buffer.byte-limit = 33554432 (custom)
2019-09-20 09:27:18,686 [pool-60-thread-1] INFO  server.RaftServerConfigKeys (ConfUtils.java:logGet(43)) - raft.server.log.segment.size.max = 1048576 (custom)
2019-09-20 09:27:18,686 [pool-60-thread-1] INFO  server.RaftServerConfigKeys (ConfUtils.java:logGet(43)) - raft.server.log.segment.cache.num.max = 2 (custom)
2019-09-20 09:27:18,686 [pool-60-thread-1] INFO  segmented.SegmentedRaftLogWorker (SegmentedRaftLogWorker.java:<init>(172)) - new 4840c00f-91d3-4881-a20b-4d0486ca97c0-SegmentedRaftLogWorker:Storage Directory /workdir/hadoop-ozone/integration-test/target/test-dir/MiniOzoneClusterImpl-a33d77e5-464b-4d19-8e6b-a171e580bf0e/datanode-3/data/ratis/d5a133f1-1882-4818-b6ed-f2908b59d0c1 for RaftStorage:Storage Directory /workdir/hadoop-ozone/integration-test/target/test-dir/MiniOzoneClusterImpl-a33d77e5-464b-4d19-8e6b-a171e580bf0e/datanode-3/data/ratis/d5a133f1-1882-4818-b6ed-f2908b59d0c1
2019-09-20 09:27:18,686 [pool-60-thread-1] INFO  server.RaftServerConfigKeys (ConfUtils.java:logGet(43)) - raft.server.log.queue.byte-limit = 2147483647 (custom)
2019-09-20 09:27:18,686 [pool-60-thread-1] INFO  server.RaftServerConfigKeys (ConfUtils.java:logGet(43)) - raft.server.log.queue.element-limit = 1024 (custom)
2019-09-20 09:27:18,686 [pool-60-thread-1] INFO  server.RaftServerConfigKeys (ConfUtils.java:logGet(43)) - raft.server.log.segment.size.max = 1048576 (custom)
2019-09-20 09:27:18,687 [pool-60-thread-1] INFO  server.RaftServerConfigKeys (ConfUtils.java:logGet(43)) - raft.server.log.preallocated.size = 16384 (custom)
2019-09-20 09:27:18,687 [pool-60-thread-1] INFO  server.RaftServerConfigKeys (ConfUtils.java:logGet(43)) - raft.server.log.write.buffer.size = 33554432 (custom)
2019-09-20 09:27:18,687 [pool-60-thread-1] INFO  server.RaftServerConfigKeys (ConfUtils.java:logGet(43)) - raft.server.log.force.sync.num = 128 (default)
2019-09-20 09:27:18,687 [pool-60-thread-1] INFO  server.RaftServerConfigKeys (ConfUtils.java:logGet(43)) - raft.server.log.statemachine.data.sync = true (default)
2019-09-20 09:27:18,687 [pool-60-thread-1] INFO  server.RaftServerConfigKeys (ConfUtils.java:logGet(43)) - raft.server.log.statemachine.data.sync.timeout = 10s (default)
2019-09-20 09:27:18,687 [pool-60-thread-1] INFO  server.RaftServerConfigKeys (ConfUtils.java:logGet(43)) - raft.server.log.statemachine.data.sync.timeout.retry = -1 (default)
2019-09-20 09:27:18,687 [pool-60-thread-1] INFO  server.RaftServerConfigKeys (ConfUtils.java:logGet(43)) - raft.server.log.statemachine.data.caching.enabled = true (custom)
2019-09-20 09:27:18,687 [pool-60-thread-1] INFO  segmented.SegmentedRaftLogWorker (SegmentedRaftLogWorker.java:lambda$new$0(132)) - 4840c00f-91d3-4881-a20b-4d0486ca97c0-SegmentedRaftLogWorker:Storage Directory /workdir/hadoop-ozone/integration-test/target/test-dir/MiniOzoneClusterImpl-a33d77e5-464b-4d19-8e6b-a171e580bf0e/datanode-3/data/ratis/d5a133f1-1882-4818-b6ed-f2908b59d0c1: flushIndex: setUnconditionally 0 -> -1
2019-09-20 09:27:18,688 [pool-60-thread-1] INFO  server.RaftServerConfigKeys (ConfUtils.java:logGet(43)) - raft.server.snapshot.auto.trigger.enabled = true (custom)
2019-09-20 09:27:18,688 [pool-60-thread-1] INFO  server.RaftServerConfigKeys (ConfUtils.java:logGet(43)) - raft.server.snapshot.auto.trigger.threshold = 10000 (custom)
2019-09-20 09:27:18,688 [pool-60-thread-1] INFO  server.RaftServerConfigKeys (ConfUtils.java:logGet(43)) - raft.server.retrycache.expirytime = 600000ms (custom)
2019-09-20 09:27:18,688 [pool-60-thread-1] INFO  impl.RaftServerImpl (RaftServerImpl.java:start(180)) - 4840c00f-91d3-4881-a20b-4d0486ca97c0: start group-F2908B59D0C1
2019-09-20 09:27:18,688 [pool-60-thread-1] INFO  impl.RaftServerImpl (RaftServerImpl.java:setRole(171)) - 4840c00f-91d3-4881-a20b-4d0486ca97c0:group-F2908B59D0C1 changes role from null to FOLLOWER at term 0 for startAsFollower
2019-09-20 09:27:18,688 [pool-60-thread-1] INFO  impl.RoleInfo (RoleInfo.java:updateAndGet(143)) - 4840c00f-91d3-4881-a20b-4d0486ca97c0: start FollowerState
2019-09-20 09:27:18,688 [pool-60-thread-1] INFO  util.JmxRegister (JmxRegister.java:tryRegister(44)) - Successfully registered JMX Bean with object name Ratis:service=RaftServer,group=group-F2908B59D0C1,id=4840c00f-91d3-4881-a20b-4d0486ca97c0
2019-09-20 09:27:18,691 [RatisPipelineUtilsThread] INFO  pipeline.PipelineStateManager (PipelineStateManager.java:addPipeline(56)) - Created pipeline Pipeline[ Id: d5a133f1-1882-4818-b6ed-f2908b59d0c1, Nodes: 4840c00f-91d3-4881-a20b-4d0486ca97c0{ip: 192.168.36.99, host: pr-hdds-1569-p5fx8-1226042367, networkLocation: /default-rack, certSerialId: null}, Type:RATIS, Factor:ONE, State:OPEN]
2019-09-20 09:27:18,696 [grpc-default-executor-2] INFO  impl.RaftServerProxy (RaftServerProxy.java:addNew(89)) - fd3cd5f9-4f1c-43ea-91b1-b85a1f6c3825: addNew group-9538580C016C:[fd3cd5f9-4f1c-43ea-91b1-b85a1f6c3825:192.168.36.99:39114] returns group-9538580C016C:java.util.concurrent.CompletableFuture@7647726a[Not completed]
2019-09-20 09:27:18,697 [pool-38-thread-1] INFO  impl.RaftServerImpl (RaftServerImpl.java:<init>(93)) - fd3cd5f9-4f1c-43ea-91b1-b85a1f6c3825: new RaftServerImpl for group-9538580C016C:[fd3cd5f9-4f1c-43ea-91b1-b85a1f6c3825:192.168.36.99:39114] with ContainerStateMachine:uninitialized
2019-09-20 09:27:18,697 [pool-38-thread-1] INFO  server.RaftServerConfigKeys (ConfUtils.java:logGet(43)) - raft.server.rpc.timeout.min = 5s (custom)
2019-09-20 09:27:18,697 [pool-38-thread-1] INFO  server.RaftServerConfigKeys (ConfUtils.java:logGet(43)) - raft.server.rpc.timeout.max = 5200ms (custom)
2019-09-20 09:27:18,697 [pool-38-thread-1] INFO  server.RaftServerConfigKeys (ConfUtils.java:logGet(43)) - raft.server.rpcslowness.timeout = 10s (custom)
2019-09-20 09:27:18,697 [pool-38-thread-1] INFO  server.RaftServerConfigKeys (ConfUtils.java:logGet(43)) - raft.server.sleep.deviation.threshold = 300 (default)
2019-09-20 09:27:18,697 [pool-38-thread-1] INFO  server.RaftServerConfigKeys (ConfUtils.java:logGet(43)) - raft.server.log.appender.install.snapshot.enabled = false (custom)
2019-09-20 09:27:18,698 [pool-38-thread-1] INFO  impl.RaftServerImpl (ServerState.java:<init>(105)) - fd3cd5f9-4f1c-43ea-91b1-b85a1f6c3825:group-9538580C016C ConfigurationManager, init=-1: [fd3cd5f9-4f1c-43ea-91b1-b85a1f6c3825:192.168.36.99:39114], old=null, confs=<EMPTY_MAP>
2019-09-20 09:27:18,698 [pool-38-thread-1] INFO  server.RaftServerConfigKeys (ConfUtils.java:logGet(43)) - raft.server.storage.dir = [/workdir/hadoop-ozone/integration-test/target/test-dir/MiniOzoneClusterImpl-a33d77e5-464b-4d19-8e6b-a171e580bf0e/datanode-1/data/ratis] (custom)
2019-09-20 09:27:18,698 [pool-38-thread-1] INFO  storage.RaftStorageDirectory (RaftStorageDirectory.java:analyzeStorage(246)) - The storage directory /workdir/hadoop-ozone/integration-test/target/test-dir/MiniOzoneClusterImpl-a33d77e5-464b-4d19-8e6b-a171e580bf0e/datanode-1/data/ratis/8ccfdf9b-bec8-456f-91e9-9538580c016c does not exist. Creating ...
2019-09-20 09:27:18,719 [pool-38-thread-1] INFO  storage.RaftStorageDirectory (RaftStorageDirectory.java:tryLock(328)) - Lock on /workdir/hadoop-ozone/integration-test/target/test-dir/MiniOzoneClusterImpl-a33d77e5-464b-4d19-8e6b-a171e580bf0e/datanode-1/data/ratis/8ccfdf9b-bec8-456f-91e9-9538580c016c/in_use.lock acquired by nodename 7145@pr-hdds-1569-p5fx8-1226042367
2019-09-20 09:27:18,736 [pool-38-thread-1] INFO  storage.RaftStorage (RaftStorage.java:format(72)) - Storage directory /workdir/hadoop-ozone/integration-test/target/test-dir/MiniOzoneClusterImpl-a33d77e5-464b-4d19-8e6b-a171e580bf0e/datanode-1/data/ratis/8ccfdf9b-bec8-456f-91e9-9538580c016c has been successfully formatted.
2019-09-20 09:27:18,736 [pool-38-thread-1] INFO  ratis.ContainerStateMachine (ContainerStateMachine.java:loadSnapshot(226)) - group-9538580C016C: The snapshot info is null. Setting the last applied indexto:(t:0, i:~)
2019-09-20 09:27:18,736 [pool-38-thread-1] INFO  server.RaftServerConfigKeys (ConfUtils.java:logGet(43)) - raft.server.leader.election.timeout = 10s (custom)
2019-09-20 09:27:18,737 [pool-38-thread-1] INFO  server.RaftServerConfigKeys (ConfUtils.java:logGet(43)) - raft.server.log.use.memory = false (default)
2019-09-20 09:27:18,737 [pool-38-thread-1] INFO  server.RaftServerConfigKeys (ConfUtils.java:logGet(43)) - raft.server.log.purge.gap = 1000000 (custom)
2019-09-20 09:27:18,737 [pool-38-thread-1] INFO  server.RaftServerConfigKeys (ConfUtils.java:logGet(43)) - raft.server.log.appender.buffer.byte-limit = 33554432 (custom)
2019-09-20 09:27:18,737 [pool-38-thread-1] INFO  server.RaftServerConfigKeys (ConfUtils.java:logGet(43)) - raft.server.log.segment.size.max = 1048576 (custom)
2019-09-20 09:27:18,737 [pool-38-thread-1] INFO  server.RaftServerConfigKeys (ConfUtils.java:logGet(43)) - raft.server.log.segment.cache.num.max = 2 (custom)
2019-09-20 09:27:18,737 [pool-38-thread-1] INFO  segmented.SegmentedRaftLogWorker (SegmentedRaftLogWorker.java:<init>(172)) - new fd3cd5f9-4f1c-43ea-91b1-b85a1f6c3825-SegmentedRaftLogWorker:Storage Directory /workdir/hadoop-ozone/integration-test/target/test-dir/MiniOzoneClusterImpl-a33d77e5-464b-4d19-8e6b-a171e580bf0e/datanode-1/data/ratis/8ccfdf9b-bec8-456f-91e9-9538580c016c for RaftStorage:Storage Directory /workdir/hadoop-ozone/integration-test/target/test-dir/MiniOzoneClusterImpl-a33d77e5-464b-4d19-8e6b-a171e580bf0e/datanode-1/data/ratis/8ccfdf9b-bec8-456f-91e9-9538580c016c
2019-09-20 09:27:18,737 [pool-38-thread-1] INFO  server.RaftServerConfigKeys (ConfUtils.java:logGet(43)) - raft.server.log.queue.byte-limit = 2147483647 (custom)
2019-09-20 09:27:18,737 [pool-38-thread-1] INFO  server.RaftServerConfigKeys (ConfUtils.java:logGet(43)) - raft.server.log.queue.element-limit = 1024 (custom)
2019-09-20 09:27:18,737 [pool-38-thread-1] INFO  server.RaftServerConfigKeys (ConfUtils.java:logGet(43)) - raft.server.log.segment.size.max = 1048576 (custom)
2019-09-20 09:27:18,737 [pool-38-thread-1] INFO  server.RaftServerConfigKeys (ConfUtils.java:logGet(43)) - raft.server.log.preallocated.size = 16384 (custom)
2019-09-20 09:27:18,737 [pool-38-thread-1] INFO  server.RaftServerConfigKeys (ConfUtils.java:logGet(43)) - raft.server.log.write.buffer.size = 33554432 (custom)
2019-09-20 09:27:18,738 [pool-38-thread-1] INFO  server.RaftServerConfigKeys (ConfUtils.java:logGet(43)) - raft.server.log.force.sync.num = 128 (default)
2019-09-20 09:27:18,738 [pool-38-thread-1] INFO  server.RaftServerConfigKeys (ConfUtils.java:logGet(43)) - raft.server.log.statemachine.data.sync = true (default)
2019-09-20 09:27:18,738 [pool-38-thread-1] INFO  server.RaftServerConfigKeys (ConfUtils.java:logGet(43)) - raft.server.log.statemachine.data.sync.timeout = 10s (default)
2019-09-20 09:27:18,738 [pool-38-thread-1] INFO  server.RaftServerConfigKeys (ConfUtils.java:logGet(43)) - raft.server.log.statemachine.data.sync.timeout.retry = -1 (default)
2019-09-20 09:27:18,738 [pool-38-thread-1] INFO  server.RaftServerConfigKeys (ConfUtils.java:logGet(43)) - raft.server.log.statemachine.data.caching.enabled = true (custom)
2019-09-20 09:27:18,738 [pool-38-thread-1] INFO  segmented.SegmentedRaftLogWorker (SegmentedRaftLogWorker.java:lambda$new$0(132)) - fd3cd5f9-4f1c-43ea-91b1-b85a1f6c3825-SegmentedRaftLogWorker:Storage Directory /workdir/hadoop-ozone/integration-test/target/test-dir/MiniOzoneClusterImpl-a33d77e5-464b-4d19-8e6b-a171e580bf0e/datanode-1/data/ratis/8ccfdf9b-bec8-456f-91e9-9538580c016c: flushIndex: setUnconditionally 0 -> -1
2019-09-20 09:27:18,738 [pool-38-thread-1] INFO  server.RaftServerConfigKeys (ConfUtils.java:logGet(43)) - raft.server.snapshot.auto.trigger.enabled = true (custom)
2019-09-20 09:27:18,739 [pool-38-thread-1] INFO  server.RaftServerConfigKeys (ConfUtils.java:logGet(43)) - raft.server.snapshot.auto.trigger.threshold = 10000 (custom)
2019-09-20 09:27:18,739 [pool-38-thread-1] INFO  server.RaftServerConfigKeys (ConfUtils.java:logGet(43)) - raft.server.retrycache.expirytime = 600000ms (custom)
2019-09-20 09:27:18,739 [pool-38-thread-1] INFO  impl.RaftServerImpl (RaftServerImpl.java:start(180)) - fd3cd5f9-4f1c-43ea-91b1-b85a1f6c3825: start group-9538580C016C
2019-09-20 09:27:18,739 [pool-38-thread-1] INFO  impl.RaftServerImpl (RaftServerImpl.java:setRole(171)) - fd3cd5f9-4f1c-43ea-91b1-b85a1f6c3825:group-9538580C016C changes role from null to FOLLOWER at term 0 for startAsFollower
2019-09-20 09:27:18,739 [pool-38-thread-1] INFO  impl.RoleInfo (RoleInfo.java:updateAndGet(143)) - fd3cd5f9-4f1c-43ea-91b1-b85a1f6c3825: start FollowerState
2019-09-20 09:27:18,739 [pool-38-thread-1] INFO  util.JmxRegister (JmxRegister.java:tryRegister(44)) - Successfully registered JMX Bean with object name Ratis:service=RaftServer,group=group-9538580C016C,id=fd3cd5f9-4f1c-43ea-91b1-b85a1f6c3825
2019-09-20 09:27:18,742 [RatisPipelineUtilsThread] INFO  pipeline.PipelineStateManager (PipelineStateManager.java:addPipeline(56)) - Created pipeline Pipeline[ Id: 8ccfdf9b-bec8-456f-91e9-9538580c016c, Nodes: fd3cd5f9-4f1c-43ea-91b1-b85a1f6c3825{ip: 192.168.36.99, host: pr-hdds-1569-p5fx8-1226042367, networkLocation: /default-rack, certSerialId: null}, Type:RATIS, Factor:ONE, State:OPEN]
2019-09-20 09:27:18,747 [grpc-default-executor-2] INFO  impl.RaftServerProxy (RaftServerProxy.java:addNew(89)) - 871e6485-c22a-483f-9e07-d19e754685be: addNew group-9A08C49E7350:[871e6485-c22a-483f-9e07-d19e754685be:192.168.36.99:41076] returns group-9A08C49E7350:java.util.concurrent.CompletableFuture@6ae61705[Not completed]
2019-09-20 09:27:18,748 [pool-71-thread-1] INFO  impl.RaftServerImpl (RaftServerImpl.java:<init>(93)) - 871e6485-c22a-483f-9e07-d19e754685be: new RaftServerImpl for group-9A08C49E7350:[871e6485-c22a-483f-9e07-d19e754685be:192.168.36.99:41076] with ContainerStateMachine:uninitialized
2019-09-20 09:27:18,748 [pool-71-thread-1] INFO  server.RaftServerConfigKeys (ConfUtils.java:logGet(43)) - raft.server.rpc.timeout.min = 5s (custom)
2019-09-20 09:27:18,748 [pool-71-thread-1] INFO  server.RaftServerConfigKeys (ConfUtils.java:logGet(43)) - raft.server.rpc.timeout.max = 5200ms (custom)
2019-09-20 09:27:18,748 [pool-71-thread-1] INFO  server.RaftServerConfigKeys (ConfUtils.java:logGet(43)) - raft.server.rpcslowness.timeout = 10s (custom)
2019-09-20 09:27:18,749 [pool-71-thread-1] INFO  server.RaftServerConfigKeys (ConfUtils.java:logGet(43)) - raft.server.sleep.deviation.threshold = 300 (default)
2019-09-20 09:27:18,749 [pool-71-thread-1] INFO  server.RaftServerConfigKeys (ConfUtils.java:logGet(43)) - raft.server.log.appender.install.snapshot.enabled = false (custom)
2019-09-20 09:27:18,749 [pool-71-thread-1] INFO  impl.RaftServerImpl (ServerState.java:<init>(105)) - 871e6485-c22a-483f-9e07-d19e754685be:group-9A08C49E7350 ConfigurationManager, init=-1: [871e6485-c22a-483f-9e07-d19e754685be:192.168.36.99:41076], old=null, confs=<EMPTY_MAP>
2019-09-20 09:27:18,749 [pool-71-thread-1] INFO  server.RaftServerConfigKeys (ConfUtils.java:logGet(43)) - raft.server.storage.dir = [/workdir/hadoop-ozone/integration-test/target/test-dir/MiniOzoneClusterImpl-a33d77e5-464b-4d19-8e6b-a171e580bf0e/datanode-4/data/ratis] (custom)
2019-09-20 09:27:18,749 [pool-71-thread-1] INFO  storage.RaftStorageDirectory (RaftStorageDirectory.java:analyzeStorage(246)) - The storage directory /workdir/hadoop-ozone/integration-test/target/test-dir/MiniOzoneClusterImpl-a33d77e5-464b-4d19-8e6b-a171e580bf0e/datanode-4/data/ratis/1608c481-8e99-48cb-81f5-9a08c49e7350 does not exist. Creating ...
2019-09-20 09:27:18,786 [pool-71-thread-1] INFO  storage.RaftStorageDirectory (RaftStorageDirectory.java:tryLock(328)) - Lock on /workdir/hadoop-ozone/integration-test/target/test-dir/MiniOzoneClusterImpl-a33d77e5-464b-4d19-8e6b-a171e580bf0e/datanode-4/data/ratis/1608c481-8e99-48cb-81f5-9a08c49e7350/in_use.lock acquired by nodename 7145@pr-hdds-1569-p5fx8-1226042367
2019-09-20 09:27:18,804 [pool-71-thread-1] INFO  storage.RaftStorage (RaftStorage.java:format(72)) - Storage directory /workdir/hadoop-ozone/integration-test/target/test-dir/MiniOzoneClusterImpl-a33d77e5-464b-4d19-8e6b-a171e580bf0e/datanode-4/data/ratis/1608c481-8e99-48cb-81f5-9a08c49e7350 has been successfully formatted.
2019-09-20 09:27:18,804 [pool-71-thread-1] INFO  ratis.ContainerStateMachine (ContainerStateMachine.java:loadSnapshot(226)) - group-9A08C49E7350: The snapshot info is null. Setting the last applied indexto:(t:0, i:~)
2019-09-20 09:27:18,804 [pool-71-thread-1] INFO  server.RaftServerConfigKeys (ConfUtils.java:logGet(43)) - raft.server.leader.election.timeout = 10s (custom)
2019-09-20 09:27:18,804 [pool-71-thread-1] INFO  server.RaftServerConfigKeys (ConfUtils.java:logGet(43)) - raft.server.log.use.memory = false (default)
2019-09-20 09:27:18,804 [pool-71-thread-1] INFO  server.RaftServerConfigKeys (ConfUtils.java:logGet(43)) - raft.server.log.purge.gap = 1000000 (custom)
2019-09-20 09:27:18,804 [pool-71-thread-1] INFO  server.RaftServerConfigKeys (ConfUtils.java:logGet(43)) - raft.server.log.appender.buffer.byte-limit = 33554432 (custom)
2019-09-20 09:27:18,804 [pool-71-thread-1] INFO  server.RaftServerConfigKeys (ConfUtils.java:logGet(43)) - raft.server.log.segment.size.max = 1048576 (custom)
2019-09-20 09:27:18,804 [pool-71-thread-1] INFO  server.RaftServerConfigKeys (ConfUtils.java:logGet(43)) - raft.server.log.segment.cache.num.max = 2 (custom)
2019-09-20 09:27:18,805 [pool-71-thread-1] INFO  segmented.SegmentedRaftLogWorker (SegmentedRaftLogWorker.java:<init>(172)) - new 871e6485-c22a-483f-9e07-d19e754685be-SegmentedRaftLogWorker:Storage Directory /workdir/hadoop-ozone/integration-test/target/test-dir/MiniOzoneClusterImpl-a33d77e5-464b-4d19-8e6b-a171e580bf0e/datanode-4/data/ratis/1608c481-8e99-48cb-81f5-9a08c49e7350 for RaftStorage:Storage Directory /workdir/hadoop-ozone/integration-test/target/test-dir/MiniOzoneClusterImpl-a33d77e5-464b-4d19-8e6b-a171e580bf0e/datanode-4/data/ratis/1608c481-8e99-48cb-81f5-9a08c49e7350
2019-09-20 09:27:18,805 [pool-71-thread-1] INFO  server.RaftServerConfigKeys (ConfUtils.java:logGet(43)) - raft.server.log.queue.byte-limit = 2147483647 (custom)
2019-09-20 09:27:18,805 [pool-71-thread-1] INFO  server.RaftServerConfigKeys (ConfUtils.java:logGet(43)) - raft.server.log.queue.element-limit = 1024 (custom)
2019-09-20 09:27:18,805 [pool-71-thread-1] INFO  server.RaftServerConfigKeys (ConfUtils.java:logGet(43)) - raft.server.log.segment.size.max = 1048576 (custom)
2019-09-20 09:27:18,805 [pool-71-thread-1] INFO  server.RaftServerConfigKeys (ConfUtils.java:logGet(43)) - raft.server.log.preallocated.size = 16384 (custom)
2019-09-20 09:27:18,805 [pool-71-thread-1] INFO  server.RaftServerConfigKeys (ConfUtils.java:logGet(43)) - raft.server.log.write.buffer.size = 33554432 (custom)
2019-09-20 09:27:18,805 [pool-71-thread-1] INFO  server.RaftServerConfigKeys (ConfUtils.java:logGet(43)) - raft.server.log.force.sync.num = 128 (default)
2019-09-20 09:27:18,805 [pool-71-thread-1] INFO  server.RaftServerConfigKeys (ConfUtils.java:logGet(43)) - raft.server.log.statemachine.data.sync = true (default)
2019-09-20 09:27:18,805 [pool-71-thread-1] INFO  server.RaftServerConfigKeys (ConfUtils.java:logGet(43)) - raft.server.log.statemachine.data.sync.timeout = 10s (default)
2019-09-20 09:27:18,805 [pool-71-thread-1] INFO  server.RaftServerConfigKeys (ConfUtils.java:logGet(43)) - raft.server.log.statemachine.data.sync.timeout.retry = -1 (default)
2019-09-20 09:27:18,806 [pool-71-thread-1] INFO  server.RaftServerConfigKeys (ConfUtils.java:logGet(43)) - raft.server.log.statemachine.data.caching.enabled = true (custom)
2019-09-20 09:27:18,806 [pool-71-thread-1] INFO  segmented.SegmentedRaftLogWorker (SegmentedRaftLogWorker.java:lambda$new$0(132)) - 871e6485-c22a-483f-9e07-d19e754685be-SegmentedRaftLogWorker:Storage Directory /workdir/hadoop-ozone/integration-test/target/test-dir/MiniOzoneClusterImpl-a33d77e5-464b-4d19-8e6b-a171e580bf0e/datanode-4/data/ratis/1608c481-8e99-48cb-81f5-9a08c49e7350: flushIndex: setUnconditionally 0 -> -1
2019-09-20 09:27:18,806 [pool-71-thread-1] INFO  server.RaftServerConfigKeys (ConfUtils.java:logGet(43)) - raft.server.snapshot.auto.trigger.enabled = true (custom)
2019-09-20 09:27:18,806 [pool-71-thread-1] INFO  server.RaftServerConfigKeys (ConfUtils.java:logGet(43)) - raft.server.snapshot.auto.trigger.threshold = 10000 (custom)
2019-09-20 09:27:18,806 [pool-71-thread-1] INFO  server.RaftServerConfigKeys (ConfUtils.java:logGet(43)) - raft.server.retrycache.expirytime = 600000ms (custom)
2019-09-20 09:27:18,806 [pool-71-thread-1] INFO  impl.RaftServerImpl (RaftServerImpl.java:start(180)) - 871e6485-c22a-483f-9e07-d19e754685be: start group-9A08C49E7350
2019-09-20 09:27:18,806 [pool-71-thread-1] INFO  impl.RaftServerImpl (RaftServerImpl.java:setRole(171)) - 871e6485-c22a-483f-9e07-d19e754685be:group-9A08C49E7350 changes role from null to FOLLOWER at term 0 for startAsFollower
2019-09-20 09:27:18,807 [pool-71-thread-1] INFO  impl.RoleInfo (RoleInfo.java:updateAndGet(143)) - 871e6485-c22a-483f-9e07-d19e754685be: start FollowerState
2019-09-20 09:27:18,807 [pool-71-thread-1] INFO  util.JmxRegister (JmxRegister.java:tryRegister(44)) - Successfully registered JMX Bean with object name Ratis:service=RaftServer,group=group-9A08C49E7350,id=871e6485-c22a-483f-9e07-d19e754685be
2019-09-20 09:27:18,809 [RatisPipelineUtilsThread] INFO  pipeline.PipelineStateManager (PipelineStateManager.java:addPipeline(56)) - Created pipeline Pipeline[ Id: 1608c481-8e99-48cb-81f5-9a08c49e7350, Nodes: 871e6485-c22a-483f-9e07-d19e754685be{ip: 192.168.36.99, host: pr-hdds-1569-p5fx8-1226042367, networkLocation: /default-rack, certSerialId: null}, Type:RATIS, Factor:ONE, State:OPEN]
2019-09-20 09:27:18,815 [grpc-default-executor-2] INFO  impl.RaftServerProxy (RaftServerProxy.java:addNew(89)) - 492ed782-6ab3-4ad9-945e-06def6ac7c96: addNew group-713047729168:[492ed782-6ab3-4ad9-945e-06def6ac7c96:192.168.36.99:32835] returns group-713047729168:java.util.concurrent.CompletableFuture@45ea00d0[Not completed]
2019-09-20 09:27:18,816 [pool-49-thread-1] INFO  impl.RaftServerImpl (RaftServerImpl.java:<init>(93)) - 492ed782-6ab3-4ad9-945e-06def6ac7c96: new RaftServerImpl for group-713047729168:[492ed782-6ab3-4ad9-945e-06def6ac7c96:192.168.36.99:32835] with ContainerStateMachine:uninitialized
2019-09-20 09:27:18,816 [pool-49-thread-1] INFO  server.RaftServerConfigKeys (ConfUtils.java:logGet(43)) - raft.server.rpc.timeout.min = 5s (custom)
2019-09-20 09:27:18,816 [pool-49-thread-1] INFO  server.RaftServerConfigKeys (ConfUtils.java:logGet(43)) - raft.server.rpc.timeout.max = 5200ms (custom)
2019-09-20 09:27:18,816 [pool-49-thread-1] INFO  server.RaftServerConfigKeys (ConfUtils.java:logGet(43)) - raft.server.rpcslowness.timeout = 10s (custom)
2019-09-20 09:27:18,817 [pool-49-thread-1] INFO  server.RaftServerConfigKeys (ConfUtils.java:logGet(43)) - raft.server.sleep.deviation.threshold = 300 (default)
2019-09-20 09:27:18,817 [pool-49-thread-1] INFO  server.RaftServerConfigKeys (ConfUtils.java:logGet(43)) - raft.server.log.appender.install.snapshot.enabled = false (custom)
2019-09-20 09:27:18,817 [pool-49-thread-1] INFO  impl.RaftServerImpl (ServerState.java:<init>(105)) - 492ed782-6ab3-4ad9-945e-06def6ac7c96:group-713047729168 ConfigurationManager, init=-1: [492ed782-6ab3-4ad9-945e-06def6ac7c96:192.168.36.99:32835], old=null, confs=<EMPTY_MAP>
2019-09-20 09:27:18,817 [pool-49-thread-1] INFO  server.RaftServerConfigKeys (ConfUtils.java:logGet(43)) - raft.server.storage.dir = [/workdir/hadoop-ozone/integration-test/target/test-dir/MiniOzoneClusterImpl-a33d77e5-464b-4d19-8e6b-a171e580bf0e/datanode-2/data/ratis] (custom)
2019-09-20 09:27:18,818 [pool-49-thread-1] INFO  storage.RaftStorageDirectory (RaftStorageDirectory.java:analyzeStorage(246)) - The storage directory /workdir/hadoop-ozone/integration-test/target/test-dir/MiniOzoneClusterImpl-a33d77e5-464b-4d19-8e6b-a171e580bf0e/datanode-2/data/ratis/24acb26d-23b5-40ca-a0b3-713047729168 does not exist. Creating ...
2019-09-20 09:27:18,846 [pool-49-thread-1] INFO  storage.RaftStorageDirectory (RaftStorageDirectory.java:tryLock(328)) - Lock on /workdir/hadoop-ozone/integration-test/target/test-dir/MiniOzoneClusterImpl-a33d77e5-464b-4d19-8e6b-a171e580bf0e/datanode-2/data/ratis/24acb26d-23b5-40ca-a0b3-713047729168/in_use.lock acquired by nodename 7145@pr-hdds-1569-p5fx8-1226042367
2019-09-20 09:27:18,863 [pool-49-thread-1] INFO  storage.RaftStorage (RaftStorage.java:format(72)) - Storage directory /workdir/hadoop-ozone/integration-test/target/test-dir/MiniOzoneClusterImpl-a33d77e5-464b-4d19-8e6b-a171e580bf0e/datanode-2/data/ratis/24acb26d-23b5-40ca-a0b3-713047729168 has been successfully formatted.
2019-09-20 09:27:18,863 [pool-49-thread-1] INFO  ratis.ContainerStateMachine (ContainerStateMachine.java:loadSnapshot(226)) - group-713047729168: The snapshot info is null. Setting the last applied indexto:(t:0, i:~)
2019-09-20 09:27:18,863 [pool-49-thread-1] INFO  server.RaftServerConfigKeys (ConfUtils.java:logGet(43)) - raft.server.leader.election.timeout = 10s (custom)
2019-09-20 09:27:18,863 [pool-49-thread-1] INFO  server.RaftServerConfigKeys (ConfUtils.java:logGet(43)) - raft.server.log.use.memory = false (default)
2019-09-20 09:27:18,863 [pool-49-thread-1] INFO  server.RaftServerConfigKeys (ConfUtils.java:logGet(43)) - raft.server.log.purge.gap = 1000000 (custom)
2019-09-20 09:27:18,864 [pool-49-thread-1] INFO  server.RaftServerConfigKeys (ConfUtils.java:logGet(43)) - raft.server.log.appender.buffer.byte-limit = 33554432 (custom)
2019-09-20 09:27:18,864 [pool-49-thread-1] INFO  server.RaftServerConfigKeys (ConfUtils.java:logGet(43)) - raft.server.log.segment.size.max = 1048576 (custom)
2019-09-20 09:27:18,864 [pool-49-thread-1] INFO  server.RaftServerConfigKeys (ConfUtils.java:logGet(43)) - raft.server.log.segment.cache.num.max = 2 (custom)
2019-09-20 09:27:18,864 [pool-49-thread-1] INFO  segmented.SegmentedRaftLogWorker (SegmentedRaftLogWorker.java:<init>(172)) - new 492ed782-6ab3-4ad9-945e-06def6ac7c96-SegmentedRaftLogWorker:Storage Directory /workdir/hadoop-ozone/integration-test/target/test-dir/MiniOzoneClusterImpl-a33d77e5-464b-4d19-8e6b-a171e580bf0e/datanode-2/data/ratis/24acb26d-23b5-40ca-a0b3-713047729168 for RaftStorage:Storage Directory /workdir/hadoop-ozone/integration-test/target/test-dir/MiniOzoneClusterImpl-a33d77e5-464b-4d19-8e6b-a171e580bf0e/datanode-2/data/ratis/24acb26d-23b5-40ca-a0b3-713047729168
2019-09-20 09:27:18,864 [pool-49-thread-1] INFO  server.RaftServerConfigKeys (ConfUtils.java:logGet(43)) - raft.server.log.queue.byte-limit = 2147483647 (custom)
2019-09-20 09:27:18,864 [pool-49-thread-1] INFO  server.RaftServerConfigKeys (ConfUtils.java:logGet(43)) - raft.server.log.queue.element-limit = 1024 (custom)
2019-09-20 09:27:18,865 [pool-49-thread-1] INFO  server.RaftServerConfigKeys (ConfUtils.java:logGet(43)) - raft.server.log.segment.size.max = 1048576 (custom)
2019-09-20 09:27:18,865 [pool-49-thread-1] INFO  server.RaftServerConfigKeys (ConfUtils.java:logGet(43)) - raft.server.log.preallocated.size = 16384 (custom)
2019-09-20 09:27:18,865 [pool-49-thread-1] INFO  server.RaftServerConfigKeys (ConfUtils.java:logGet(43)) - raft.server.log.write.buffer.size = 33554432 (custom)
2019-09-20 09:27:18,865 [pool-49-thread-1] INFO  server.RaftServerConfigKeys (ConfUtils.java:logGet(43)) - raft.server.log.force.sync.num = 128 (default)
2019-09-20 09:27:18,865 [pool-49-thread-1] INFO  server.RaftServerConfigKeys (ConfUtils.java:logGet(43)) - raft.server.log.statemachine.data.sync = true (default)
2019-09-20 09:27:18,865 [pool-49-thread-1] INFO  server.RaftServerConfigKeys (ConfUtils.java:logGet(43)) - raft.server.log.statemachine.data.sync.timeout = 10s (default)
2019-09-20 09:27:18,865 [pool-49-thread-1] INFO  server.RaftServerConfigKeys (ConfUtils.java:logGet(43)) - raft.server.log.statemachine.data.sync.timeout.retry = -1 (default)
2019-09-20 09:27:18,866 [pool-49-thread-1] INFO  server.RaftServerConfigKeys (ConfUtils.java:logGet(43)) - raft.server.log.statemachine.data.caching.enabled = true (custom)
2019-09-20 09:27:18,866 [pool-49-thread-1] INFO  segmented.SegmentedRaftLogWorker (SegmentedRaftLogWorker.java:lambda$new$0(132)) - 492ed782-6ab3-4ad9-945e-06def6ac7c96-SegmentedRaftLogWorker:Storage Directory /workdir/hadoop-ozone/integration-test/target/test-dir/MiniOzoneClusterImpl-a33d77e5-464b-4d19-8e6b-a171e580bf0e/datanode-2/data/ratis/24acb26d-23b5-40ca-a0b3-713047729168: flushIndex: setUnconditionally 0 -> -1
2019-09-20 09:27:18,866 [pool-49-thread-1] INFO  server.RaftServerConfigKeys (ConfUtils.java:logGet(43)) - raft.server.snapshot.auto.trigger.enabled = true (custom)
2019-09-20 09:27:18,866 [pool-49-thread-1] INFO  server.RaftServerConfigKeys (ConfUtils.java:logGet(43)) - raft.server.snapshot.auto.trigger.threshold = 10000 (custom)
2019-09-20 09:27:18,867 [pool-49-thread-1] INFO  server.RaftServerConfigKeys (ConfUtils.java:logGet(43)) - raft.server.retrycache.expirytime = 600000ms (custom)
2019-09-20 09:27:18,867 [pool-49-thread-1] INFO  impl.RaftServerImpl (RaftServerImpl.java:start(180)) - 492ed782-6ab3-4ad9-945e-06def6ac7c96: start group-713047729168
2019-09-20 09:27:18,867 [pool-49-thread-1] INFO  impl.RaftServerImpl (RaftServerImpl.java:setRole(171)) - 492ed782-6ab3-4ad9-945e-06def6ac7c96:group-713047729168 changes role from null to FOLLOWER at term 0 for startAsFollower
2019-09-20 09:27:18,867 [pool-49-thread-1] INFO  impl.RoleInfo (RoleInfo.java:updateAndGet(143)) - 492ed782-6ab3-4ad9-945e-06def6ac7c96: start FollowerState
2019-09-20 09:27:18,867 [pool-49-thread-1] INFO  util.JmxRegister (JmxRegister.java:tryRegister(44)) - Successfully registered JMX Bean with object name Ratis:service=RaftServer,group=group-713047729168,id=492ed782-6ab3-4ad9-945e-06def6ac7c96
2019-09-20 09:27:18,870 [RatisPipelineUtilsThread] INFO  pipeline.PipelineStateManager (PipelineStateManager.java:addPipeline(56)) - Created pipeline Pipeline[ Id: 24acb26d-23b5-40ca-a0b3-713047729168, Nodes: 492ed782-6ab3-4ad9-945e-06def6ac7c96{ip: 192.168.36.99, host: pr-hdds-1569-p5fx8-1226042367, networkLocation: /default-rack, certSerialId: null}, Type:RATIS, Factor:ONE, State:OPEN]
2019-09-20 09:27:18,875 [grpc-default-executor-2] INFO  impl.RaftServerProxy (RaftServerProxy.java:addNew(89)) - 4840c00f-91d3-4881-a20b-4d0486ca97c0: addNew group-B7D8A17B7BB0:[4840c00f-91d3-4881-a20b-4d0486ca97c0:192.168.36.99:41473] returns group-B7D8A17B7BB0:java.util.concurrent.CompletableFuture@5ad9b7a2[Not completed]
2019-09-20 09:27:18,876 [pool-60-thread-1] INFO  impl.RaftServerImpl (RaftServerImpl.java:<init>(93)) - 4840c00f-91d3-4881-a20b-4d0486ca97c0: new RaftServerImpl for group-B7D8A17B7BB0:[4840c00f-91d3-4881-a20b-4d0486ca97c0:192.168.36.99:41473] with ContainerStateMachine:uninitialized
2019-09-20 09:27:18,876 [pool-60-thread-1] INFO  server.RaftServerConfigKeys (ConfUtils.java:logGet(43)) - raft.server.rpc.timeout.min = 5s (custom)
2019-09-20 09:27:18,877 [pool-60-thread-1] INFO  server.RaftServerConfigKeys (ConfUtils.java:logGet(43)) - raft.server.rpc.timeout.max = 5200ms (custom)
2019-09-20 09:27:18,877 [pool-60-thread-1] INFO  server.RaftServerConfigKeys (ConfUtils.java:logGet(43)) - raft.server.rpcslowness.timeout = 10s (custom)
2019-09-20 09:27:18,877 [pool-60-thread-1] INFO  server.RaftServerConfigKeys (ConfUtils.java:logGet(43)) - raft.server.sleep.deviation.threshold = 300 (default)
2019-09-20 09:27:18,877 [pool-60-thread-1] INFO  server.RaftServerConfigKeys (ConfUtils.java:logGet(43)) - raft.server.log.appender.install.snapshot.enabled = false (custom)
2019-09-20 09:27:18,877 [pool-60-thread-1] INFO  impl.RaftServerImpl (ServerState.java:<init>(105)) - 4840c00f-91d3-4881-a20b-4d0486ca97c0:group-B7D8A17B7BB0 ConfigurationManager, init=-1: [4840c00f-91d3-4881-a20b-4d0486ca97c0:192.168.36.99:41473], old=null, confs=<EMPTY_MAP>
2019-09-20 09:27:18,877 [pool-60-thread-1] INFO  server.RaftServerConfigKeys (ConfUtils.java:logGet(43)) - raft.server.storage.dir = [/workdir/hadoop-ozone/integration-test/target/test-dir/MiniOzoneClusterImpl-a33d77e5-464b-4d19-8e6b-a171e580bf0e/datanode-3/data/ratis] (custom)
2019-09-20 09:27:18,877 [pool-60-thread-1] INFO  storage.RaftStorageDirectory (RaftStorageDirectory.java:analyzeStorage(246)) - The storage directory /workdir/hadoop-ozone/integration-test/target/test-dir/MiniOzoneClusterImpl-a33d77e5-464b-4d19-8e6b-a171e580bf0e/datanode-3/data/ratis/d15b42c9-ae14-4206-ab2b-b7d8a17b7bb0 does not exist. Creating ...
2019-09-20 09:27:18,896 [pool-60-thread-1] INFO  storage.RaftStorageDirectory (RaftStorageDirectory.java:tryLock(328)) - Lock on /workdir/hadoop-ozone/integration-test/target/test-dir/MiniOzoneClusterImpl-a33d77e5-464b-4d19-8e6b-a171e580bf0e/datanode-3/data/ratis/d15b42c9-ae14-4206-ab2b-b7d8a17b7bb0/in_use.lock acquired by nodename 7145@pr-hdds-1569-p5fx8-1226042367
2019-09-20 09:27:18,913 [pool-60-thread-1] INFO  storage.RaftStorage (RaftStorage.java:format(72)) - Storage directory /workdir/hadoop-ozone/integration-test/target/test-dir/MiniOzoneClusterImpl-a33d77e5-464b-4d19-8e6b-a171e580bf0e/datanode-3/data/ratis/d15b42c9-ae14-4206-ab2b-b7d8a17b7bb0 has been successfully formatted.
2019-09-20 09:27:18,914 [pool-60-thread-1] INFO  ratis.ContainerStateMachine (ContainerStateMachine.java:loadSnapshot(226)) - group-B7D8A17B7BB0: The snapshot info is null. Setting the last applied indexto:(t:0, i:~)
2019-09-20 09:27:18,914 [pool-60-thread-1] INFO  server.RaftServerConfigKeys (ConfUtils.java:logGet(43)) - raft.server.leader.election.timeout = 10s (custom)
2019-09-20 09:27:18,914 [pool-60-thread-1] INFO  server.RaftServerConfigKeys (ConfUtils.java:logGet(43)) - raft.server.log.use.memory = false (default)
2019-09-20 09:27:18,914 [pool-60-thread-1] INFO  server.RaftServerConfigKeys (ConfUtils.java:logGet(43)) - raft.server.log.purge.gap = 1000000 (custom)
2019-09-20 09:27:18,914 [pool-60-thread-1] INFO  server.RaftServerConfigKeys (ConfUtils.java:logGet(43)) - raft.server.log.appender.buffer.byte-limit = 33554432 (custom)
2019-09-20 09:27:18,914 [pool-60-thread-1] INFO  server.RaftServerConfigKeys (ConfUtils.java:logGet(43)) - raft.server.log.segment.size.max = 1048576 (custom)
2019-09-20 09:27:18,914 [pool-60-thread-1] INFO  server.RaftServerConfigKeys (ConfUtils.java:logGet(43)) - raft.server.log.segment.cache.num.max = 2 (custom)
2019-09-20 09:27:18,914 [pool-60-thread-1] INFO  segmented.SegmentedRaftLogWorker (SegmentedRaftLogWorker.java:<init>(172)) - new 4840c00f-91d3-4881-a20b-4d0486ca97c0-SegmentedRaftLogWorker:Storage Directory /workdir/hadoop-ozone/integration-test/target/test-dir/MiniOzoneClusterImpl-a33d77e5-464b-4d19-8e6b-a171e580bf0e/datanode-3/data/ratis/d15b42c9-ae14-4206-ab2b-b7d8a17b7bb0 for RaftStorage:Storage Directory /workdir/hadoop-ozone/integration-test/target/test-dir/MiniOzoneClusterImpl-a33d77e5-464b-4d19-8e6b-a171e580bf0e/datanode-3/data/ratis/d15b42c9-ae14-4206-ab2b-b7d8a17b7bb0
2019-09-20 09:27:18,914 [pool-60-thread-1] INFO  server.RaftServerConfigKeys (ConfUtils.java:logGet(43)) - raft.server.log.queue.byte-limit = 2147483647 (custom)
2019-09-20 09:27:18,914 [pool-60-thread-1] INFO  server.RaftServerConfigKeys (ConfUtils.java:logGet(43)) - raft.server.log.queue.element-limit = 1024 (custom)
2019-09-20 09:27:18,915 [pool-60-thread-1] INFO  server.RaftServerConfigKeys (ConfUtils.java:logGet(43)) - raft.server.log.segment.size.max = 1048576 (custom)
2019-09-20 09:27:18,915 [pool-60-thread-1] INFO  server.RaftServerConfigKeys (ConfUtils.java:logGet(43)) - raft.server.log.preallocated.size = 16384 (custom)
2019-09-20 09:27:18,915 [pool-60-thread-1] INFO  server.RaftServerConfigKeys (ConfUtils.java:logGet(43)) - raft.server.log.write.buffer.size = 33554432 (custom)
2019-09-20 09:27:18,915 [pool-60-thread-1] INFO  server.RaftServerConfigKeys (ConfUtils.java:logGet(43)) - raft.server.log.force.sync.num = 128 (default)
2019-09-20 09:27:18,915 [pool-60-thread-1] INFO  server.RaftServerConfigKeys (ConfUtils.java:logGet(43)) - raft.server.log.statemachine.data.sync = true (default)
2019-09-20 09:27:18,915 [pool-60-thread-1] INFO  server.RaftServerConfigKeys (ConfUtils.java:logGet(43)) - raft.server.log.statemachine.data.sync.timeout = 10s (default)
2019-09-20 09:27:18,915 [pool-60-thread-1] INFO  server.RaftServerConfigKeys (ConfUtils.java:logGet(43)) - raft.server.log.statemachine.data.sync.timeout.retry = -1 (default)
2019-09-20 09:27:18,915 [pool-60-thread-1] INFO  server.RaftServerConfigKeys (ConfUtils.java:logGet(43)) - raft.server.log.statemachine.data.caching.enabled = true (custom)
2019-09-20 09:27:18,915 [pool-60-thread-1] INFO  segmented.SegmentedRaftLogWorker (SegmentedRaftLogWorker.java:lambda$new$0(132)) - 4840c00f-91d3-4881-a20b-4d0486ca97c0-SegmentedRaftLogWorker:Storage Directory /workdir/hadoop-ozone/integration-test/target/test-dir/MiniOzoneClusterImpl-a33d77e5-464b-4d19-8e6b-a171e580bf0e/datanode-3/data/ratis/d15b42c9-ae14-4206-ab2b-b7d8a17b7bb0: flushIndex: setUnconditionally 0 -> -1
2019-09-20 09:27:18,916 [pool-60-thread-1] INFO  server.RaftServerConfigKeys (ConfUtils.java:logGet(43)) - raft.server.snapshot.auto.trigger.enabled = true (custom)
2019-09-20 09:27:18,916 [pool-60-thread-1] INFO  server.RaftServerConfigKeys (ConfUtils.java:logGet(43)) - raft.server.snapshot.auto.trigger.threshold = 10000 (custom)
2019-09-20 09:27:18,916 [pool-60-thread-1] INFO  server.RaftServerConfigKeys (ConfUtils.java:logGet(43)) - raft.server.retrycache.expirytime = 600000ms (custom)
2019-09-20 09:27:18,916 [pool-60-thread-1] INFO  impl.RaftServerImpl (RaftServerImpl.java:start(180)) - 4840c00f-91d3-4881-a20b-4d0486ca97c0: start group-B7D8A17B7BB0
2019-09-20 09:27:18,916 [pool-60-thread-1] INFO  impl.RaftServerImpl (RaftServerImpl.java:setRole(171)) - 4840c00f-91d3-4881-a20b-4d0486ca97c0:group-B7D8A17B7BB0 changes role from null to FOLLOWER at term 0 for startAsFollower
2019-09-20 09:27:18,916 [pool-60-thread-1] INFO  impl.RoleInfo (RoleInfo.java:updateAndGet(143)) - 4840c00f-91d3-4881-a20b-4d0486ca97c0: start FollowerState
2019-09-20 09:27:18,917 [pool-60-thread-1] INFO  util.JmxRegister (JmxRegister.java:tryRegister(44)) - Successfully registered JMX Bean with object name Ratis:service=RaftServer,group=group-B7D8A17B7BB0,id=4840c00f-91d3-4881-a20b-4d0486ca97c0
2019-09-20 09:27:18,919 [RatisPipelineUtilsThread] INFO  pipeline.PipelineStateManager (PipelineStateManager.java:addPipeline(56)) - Created pipeline Pipeline[ Id: d15b42c9-ae14-4206-ab2b-b7d8a17b7bb0, Nodes: 4840c00f-91d3-4881-a20b-4d0486ca97c0{ip: 192.168.36.99, host: pr-hdds-1569-p5fx8-1226042367, networkLocation: /default-rack, certSerialId: null}, Type:RATIS, Factor:ONE, State:OPEN]
2019-09-20 09:27:18,925 [grpc-default-executor-2] INFO  impl.RaftServerProxy (RaftServerProxy.java:addNew(89)) - fd3cd5f9-4f1c-43ea-91b1-b85a1f6c3825: addNew group-B212B9F51E67:[fd3cd5f9-4f1c-43ea-91b1-b85a1f6c3825:192.168.36.99:39114] returns group-B212B9F51E67:java.util.concurrent.CompletableFuture@58f8c1d8[Not completed]
2019-09-20 09:27:18,926 [pool-38-thread-1] INFO  impl.RaftServerImpl (RaftServerImpl.java:<init>(93)) - fd3cd5f9-4f1c-43ea-91b1-b85a1f6c3825: new RaftServerImpl for group-B212B9F51E67:[fd3cd5f9-4f1c-43ea-91b1-b85a1f6c3825:192.168.36.99:39114] with ContainerStateMachine:uninitialized
2019-09-20 09:27:18,926 [pool-38-thread-1] INFO  server.RaftServerConfigKeys (ConfUtils.java:logGet(43)) - raft.server.rpc.timeout.min = 5s (custom)
2019-09-20 09:27:18,926 [pool-38-thread-1] INFO  server.RaftServerConfigKeys (ConfUtils.java:logGet(43)) - raft.server.rpc.timeout.max = 5200ms (custom)
2019-09-20 09:27:18,926 [pool-38-thread-1] INFO  server.RaftServerConfigKeys (ConfUtils.java:logGet(43)) - raft.server.rpcslowness.timeout = 10s (custom)
2019-09-20 09:27:18,926 [pool-38-thread-1] INFO  server.RaftServerConfigKeys (ConfUtils.java:logGet(43)) - raft.server.sleep.deviation.threshold = 300 (default)
2019-09-20 09:27:18,927 [pool-38-thread-1] INFO  server.RaftServerConfigKeys (ConfUtils.java:logGet(43)) - raft.server.log.appender.install.snapshot.enabled = false (custom)
2019-09-20 09:27:18,927 [pool-38-thread-1] INFO  impl.RaftServerImpl (ServerState.java:<init>(105)) - fd3cd5f9-4f1c-43ea-91b1-b85a1f6c3825:group-B212B9F51E67 ConfigurationManager, init=-1: [fd3cd5f9-4f1c-43ea-91b1-b85a1f6c3825:192.168.36.99:39114], old=null, confs=<EMPTY_MAP>
2019-09-20 09:27:18,927 [pool-38-thread-1] INFO  server.RaftServerConfigKeys (ConfUtils.java:logGet(43)) - raft.server.storage.dir = [/workdir/hadoop-ozone/integration-test/target/test-dir/MiniOzoneClusterImpl-a33d77e5-464b-4d19-8e6b-a171e580bf0e/datanode-1/data/ratis] (custom)
2019-09-20 09:27:18,927 [pool-38-thread-1] INFO  storage.RaftStorageDirectory (RaftStorageDirectory.java:analyzeStorage(246)) - The storage directory /workdir/hadoop-ozone/integration-test/target/test-dir/MiniOzoneClusterImpl-a33d77e5-464b-4d19-8e6b-a171e580bf0e/datanode-1/data/ratis/b552caae-7efd-4b79-aff5-b212b9f51e67 does not exist. Creating ...
2019-09-20 09:27:18,947 [pool-38-thread-1] INFO  storage.RaftStorageDirectory (RaftStorageDirectory.java:tryLock(328)) - Lock on /workdir/hadoop-ozone/integration-test/target/test-dir/MiniOzoneClusterImpl-a33d77e5-464b-4d19-8e6b-a171e580bf0e/datanode-1/data/ratis/b552caae-7efd-4b79-aff5-b212b9f51e67/in_use.lock acquired by nodename 7145@pr-hdds-1569-p5fx8-1226042367
2019-09-20 09:27:18,964 [pool-38-thread-1] INFO  storage.RaftStorage (RaftStorage.java:format(72)) - Storage directory /workdir/hadoop-ozone/integration-test/target/test-dir/MiniOzoneClusterImpl-a33d77e5-464b-4d19-8e6b-a171e580bf0e/datanode-1/data/ratis/b552caae-7efd-4b79-aff5-b212b9f51e67 has been successfully formatted.
2019-09-20 09:27:18,964 [pool-38-thread-1] INFO  ratis.ContainerStateMachine (ContainerStateMachine.java:loadSnapshot(226)) - group-B212B9F51E67: The snapshot info is null. Setting the last applied indexto:(t:0, i:~)
2019-09-20 09:27:18,964 [pool-38-thread-1] INFO  server.RaftServerConfigKeys (ConfUtils.java:logGet(43)) - raft.server.leader.election.timeout = 10s (custom)
2019-09-20 09:27:18,965 [pool-38-thread-1] INFO  server.RaftServerConfigKeys (ConfUtils.java:logGet(43)) - raft.server.log.use.memory = false (default)
2019-09-20 09:27:18,965 [pool-38-thread-1] INFO  server.RaftServerConfigKeys (ConfUtils.java:logGet(43)) - raft.server.log.purge.gap = 1000000 (custom)
2019-09-20 09:27:18,965 [pool-38-thread-1] INFO  server.RaftServerConfigKeys (ConfUtils.java:logGet(43)) - raft.server.log.appender.buffer.byte-limit = 33554432 (custom)
2019-09-20 09:27:18,965 [pool-38-thread-1] INFO  server.RaftServerConfigKeys (ConfUtils.java:logGet(43)) - raft.server.log.segment.size.max = 1048576 (custom)
2019-09-20 09:27:18,965 [pool-38-thread-1] INFO  server.RaftServerConfigKeys (ConfUtils.java:logGet(43)) - raft.server.log.segment.cache.num.max = 2 (custom)
2019-09-20 09:27:18,965 [pool-38-thread-1] INFO  segmented.SegmentedRaftLogWorker (SegmentedRaftLogWorker.java:<init>(172)) - new fd3cd5f9-4f1c-43ea-91b1-b85a1f6c3825-SegmentedRaftLogWorker:Storage Directory /workdir/hadoop-ozone/integration-test/target/test-dir/MiniOzoneClusterImpl-a33d77e5-464b-4d19-8e6b-a171e580bf0e/datanode-1/data/ratis/b552caae-7efd-4b79-aff5-b212b9f51e67 for RaftStorage:Storage Directory /workdir/hadoop-ozone/integration-test/target/test-dir/MiniOzoneClusterImpl-a33d77e5-464b-4d19-8e6b-a171e580bf0e/datanode-1/data/ratis/b552caae-7efd-4b79-aff5-b212b9f51e67
2019-09-20 09:27:18,965 [pool-38-thread-1] INFO  server.RaftServerConfigKeys (ConfUtils.java:logGet(43)) - raft.server.log.queue.byte-limit = 2147483647 (custom)
2019-09-20 09:27:18,965 [pool-38-thread-1] INFO  server.RaftServerConfigKeys (ConfUtils.java:logGet(43)) - raft.server.log.queue.element-limit = 1024 (custom)
2019-09-20 09:27:18,965 [pool-38-thread-1] INFO  server.RaftServerConfigKeys (ConfUtils.java:logGet(43)) - raft.server.log.segment.size.max = 1048576 (custom)
2019-09-20 09:27:18,965 [pool-38-thread-1] INFO  server.RaftServerConfigKeys (ConfUtils.java:logGet(43)) - raft.server.log.preallocated.size = 16384 (custom)
2019-09-20 09:27:18,966 [pool-38-thread-1] INFO  server.RaftServerConfigKeys (ConfUtils.java:logGet(43)) - raft.server.log.write.buffer.size = 33554432 (custom)
2019-09-20 09:27:18,966 [pool-38-thread-1] INFO  server.RaftServerConfigKeys (ConfUtils.java:logGet(43)) - raft.server.log.force.sync.num = 128 (default)
2019-09-20 09:27:18,966 [pool-38-thread-1] INFO  server.RaftServerConfigKeys (ConfUtils.java:logGet(43)) - raft.server.log.statemachine.data.sync = true (default)
2019-09-20 09:27:18,966 [pool-38-thread-1] INFO  server.RaftServerConfigKeys (ConfUtils.java:logGet(43)) - raft.server.log.statemachine.data.sync.timeout = 10s (default)
2019-09-20 09:27:18,966 [pool-38-thread-1] INFO  server.RaftServerConfigKeys (ConfUtils.java:logGet(43)) - raft.server.log.statemachine.data.sync.timeout.retry = -1 (default)
2019-09-20 09:27:18,966 [pool-38-thread-1] INFO  server.RaftServerConfigKeys (ConfUtils.java:logGet(43)) - raft.server.log.statemachine.data.caching.enabled = true (custom)
2019-09-20 09:27:18,966 [pool-38-thread-1] INFO  segmented.SegmentedRaftLogWorker (SegmentedRaftLogWorker.java:lambda$new$0(132)) - fd3cd5f9-4f1c-43ea-91b1-b85a1f6c3825-SegmentedRaftLogWorker:Storage Directory /workdir/hadoop-ozone/integration-test/target/test-dir/MiniOzoneClusterImpl-a33d77e5-464b-4d19-8e6b-a171e580bf0e/datanode-1/data/ratis/b552caae-7efd-4b79-aff5-b212b9f51e67: flushIndex: setUnconditionally 0 -> -1
2019-09-20 09:27:18,966 [pool-38-thread-1] INFO  server.RaftServerConfigKeys (ConfUtils.java:logGet(43)) - raft.server.snapshot.auto.trigger.enabled = true (custom)
2019-09-20 09:27:18,967 [pool-38-thread-1] INFO  server.RaftServerConfigKeys (ConfUtils.java:logGet(43)) - raft.server.snapshot.auto.trigger.threshold = 10000 (custom)
2019-09-20 09:27:18,967 [pool-38-thread-1] INFO  server.RaftServerConfigKeys (ConfUtils.java:logGet(43)) - raft.server.retrycache.expirytime = 600000ms (custom)
2019-09-20 09:27:18,967 [pool-38-thread-1] INFO  impl.RaftServerImpl (RaftServerImpl.java:start(180)) - fd3cd5f9-4f1c-43ea-91b1-b85a1f6c3825: start group-B212B9F51E67
2019-09-20 09:27:18,967 [pool-38-thread-1] INFO  impl.RaftServerImpl (RaftServerImpl.java:setRole(171)) - fd3cd5f9-4f1c-43ea-91b1-b85a1f6c3825:group-B212B9F51E67 changes role from null to FOLLOWER at term 0 for startAsFollower
2019-09-20 09:27:18,967 [pool-38-thread-1] INFO  impl.RoleInfo (RoleInfo.java:updateAndGet(143)) - fd3cd5f9-4f1c-43ea-91b1-b85a1f6c3825: start FollowerState
2019-09-20 09:27:18,967 [pool-38-thread-1] INFO  util.JmxRegister (JmxRegister.java:tryRegister(44)) - Successfully registered JMX Bean with object name Ratis:service=RaftServer,group=group-B212B9F51E67,id=fd3cd5f9-4f1c-43ea-91b1-b85a1f6c3825
2019-09-20 09:27:18,970 [RatisPipelineUtilsThread] INFO  pipeline.PipelineStateManager (PipelineStateManager.java:addPipeline(56)) - Created pipeline Pipeline[ Id: b552caae-7efd-4b79-aff5-b212b9f51e67, Nodes: fd3cd5f9-4f1c-43ea-91b1-b85a1f6c3825{ip: 192.168.36.99, host: pr-hdds-1569-p5fx8-1226042367, networkLocation: /default-rack, certSerialId: null}, Type:RATIS, Factor:ONE, State:OPEN]
2019-09-20 09:27:18,976 [grpc-default-executor-2] INFO  impl.RaftServerProxy (RaftServerProxy.java:addNew(89)) - 871e6485-c22a-483f-9e07-d19e754685be: addNew group-919889FFF3B7:[871e6485-c22a-483f-9e07-d19e754685be:192.168.36.99:41076] returns group-919889FFF3B7:java.util.concurrent.CompletableFuture@210c38d0[Not completed]
2019-09-20 09:27:18,977 [pool-71-thread-1] INFO  impl.RaftServerImpl (RaftServerImpl.java:<init>(93)) - 871e6485-c22a-483f-9e07-d19e754685be: new RaftServerImpl for group-919889FFF3B7:[871e6485-c22a-483f-9e07-d19e754685be:192.168.36.99:41076] with ContainerStateMachine:uninitialized
2019-09-20 09:27:18,977 [pool-71-thread-1] INFO  server.RaftServerConfigKeys (ConfUtils.java:logGet(43)) - raft.server.rpc.timeout.min = 5s (custom)
2019-09-20 09:27:18,978 [pool-71-thread-1] INFO  server.RaftServerConfigKeys (ConfUtils.java:logGet(43)) - raft.server.rpc.timeout.max = 5200ms (custom)
2019-09-20 09:27:18,978 [pool-71-thread-1] INFO  server.RaftServerConfigKeys (ConfUtils.java:logGet(43)) - raft.server.rpcslowness.timeout = 10s (custom)
2019-09-20 09:27:18,978 [pool-71-thread-1] INFO  server.RaftServerConfigKeys (ConfUtils.java:logGet(43)) - raft.server.sleep.deviation.threshold = 300 (default)
2019-09-20 09:27:18,978 [pool-71-thread-1] INFO  server.RaftServerConfigKeys (ConfUtils.java:logGet(43)) - raft.server.log.appender.install.snapshot.enabled = false (custom)
2019-09-20 09:27:18,978 [pool-71-thread-1] INFO  impl.RaftServerImpl (ServerState.java:<init>(105)) - 871e6485-c22a-483f-9e07-d19e754685be:group-919889FFF3B7 ConfigurationManager, init=-1: [871e6485-c22a-483f-9e07-d19e754685be:192.168.36.99:41076], old=null, confs=<EMPTY_MAP>
2019-09-20 09:27:18,978 [pool-71-thread-1] INFO  server.RaftServerConfigKeys (ConfUtils.java:logGet(43)) - raft.server.storage.dir = [/workdir/hadoop-ozone/integration-test/target/test-dir/MiniOzoneClusterImpl-a33d77e5-464b-4d19-8e6b-a171e580bf0e/datanode-4/data/ratis] (custom)
2019-09-20 09:27:18,979 [pool-71-thread-1] INFO  storage.RaftStorageDirectory (RaftStorageDirectory.java:analyzeStorage(246)) - The storage directory /workdir/hadoop-ozone/integration-test/target/test-dir/MiniOzoneClusterImpl-a33d77e5-464b-4d19-8e6b-a171e580bf0e/datanode-4/data/ratis/db4f1239-84a1-4282-98b1-919889fff3b7 does not exist. Creating ...
2019-09-20 09:27:18,995 | INFO  | SCMAudit | user=jenkins1000 | ip=192.168.36.99 | op=SEND_HEARTBEAT {datanodeUUID=02b93e76-e4c6-4b67-b8a4-c536d9ab7224, command=[]} | ret=SUCCESS |  
2019-09-20 09:27:18,995 | INFO  | SCMAudit | user=jenkins1000 | ip=192.168.36.99 | op=SEND_HEARTBEAT {datanodeUUID=492ed782-6ab3-4ad9-945e-06def6ac7c96, command=[]} | ret=SUCCESS |  
2019-09-20 09:27:18,996 | INFO  | SCMAudit | user=jenkins1000 | ip=192.168.36.99 | op=SEND_HEARTBEAT {datanodeUUID=871e6485-c22a-483f-9e07-d19e754685be, command=[]} | ret=SUCCESS |  
2019-09-20 09:27:18,997 | INFO  | SCMAudit | user=jenkins1000 | ip=192.168.36.99 | op=SEND_HEARTBEAT {datanodeUUID=4840c00f-91d3-4881-a20b-4d0486ca97c0, command=[]} | ret=SUCCESS |  
2019-09-20 09:27:18,997 [pool-71-thread-1] INFO  storage.RaftStorageDirectory (RaftStorageDirectory.java:tryLock(328)) - Lock on /workdir/hadoop-ozone/integration-test/target/test-dir/MiniOzoneClusterImpl-a33d77e5-464b-4d19-8e6b-a171e580bf0e/datanode-4/data/ratis/db4f1239-84a1-4282-98b1-919889fff3b7/in_use.lock acquired by nodename 7145@pr-hdds-1569-p5fx8-1226042367
2019-09-20 09:27:19,044 [pool-71-thread-1] INFO  storage.RaftStorage (RaftStorage.java:format(72)) - Storage directory /workdir/hadoop-ozone/integration-test/target/test-dir/MiniOzoneClusterImpl-a33d77e5-464b-4d19-8e6b-a171e580bf0e/datanode-4/data/ratis/db4f1239-84a1-4282-98b1-919889fff3b7 has been successfully formatted.
2019-09-20 09:27:19,045 [pool-71-thread-1] INFO  ratis.ContainerStateMachine (ContainerStateMachine.java:loadSnapshot(226)) - group-919889FFF3B7: The snapshot info is null. Setting the last applied indexto:(t:0, i:~)
2019-09-20 09:27:19,045 [pool-71-thread-1] INFO  server.RaftServerConfigKeys (ConfUtils.java:logGet(43)) - raft.server.leader.election.timeout = 10s (custom)
2019-09-20 09:27:19,045 [pool-71-thread-1] INFO  server.RaftServerConfigKeys (ConfUtils.java:logGet(43)) - raft.server.log.use.memory = false (default)
2019-09-20 09:27:19,054 [pool-71-thread-1] INFO  server.RaftServerConfigKeys (ConfUtils.java:logGet(43)) - raft.server.log.purge.gap = 1000000 (custom)
2019-09-20 09:27:19,054 [pool-71-thread-1] INFO  server.RaftServerConfigKeys (ConfUtils.java:logGet(43)) - raft.server.log.appender.buffer.byte-limit = 33554432 (custom)
2019-09-20 09:27:19,055 [pool-71-thread-1] INFO  server.RaftServerConfigKeys (ConfUtils.java:logGet(43)) - raft.server.log.segment.size.max = 1048576 (custom)
2019-09-20 09:27:19,055 [pool-71-thread-1] INFO  server.RaftServerConfigKeys (ConfUtils.java:logGet(43)) - raft.server.log.segment.cache.num.max = 2 (custom)
2019-09-20 09:27:19,055 | INFO  | SCMAudit | user=jenkins1000 | ip=192.168.36.99 | op=SEND_HEARTBEAT {datanodeUUID=dc7f40a9-6782-42c4-abab-c6b1682da047, command=[]} | ret=SUCCESS |  
2019-09-20 09:27:19,055 | INFO  | SCMAudit | user=jenkins1000 | ip=192.168.36.99 | op=SEND_HEARTBEAT {datanodeUUID=fd3cd5f9-4f1c-43ea-91b1-b85a1f6c3825, command=[]} | ret=SUCCESS |  
2019-09-20 09:27:19,055 [pool-71-thread-1] INFO  segmented.SegmentedRaftLogWorker (SegmentedRaftLogWorker.java:<init>(172)) - new 871e6485-c22a-483f-9e07-d19e754685be-SegmentedRaftLogWorker:Storage Directory /workdir/hadoop-ozone/integration-test/target/test-dir/MiniOzoneClusterImpl-a33d77e5-464b-4d19-8e6b-a171e580bf0e/datanode-4/data/ratis/db4f1239-84a1-4282-98b1-919889fff3b7 for RaftStorage:Storage Directory /workdir/hadoop-ozone/integration-test/target/test-dir/MiniOzoneClusterImpl-a33d77e5-464b-4d19-8e6b-a171e580bf0e/datanode-4/data/ratis/db4f1239-84a1-4282-98b1-919889fff3b7
2019-09-20 09:27:19,055 [pool-71-thread-1] INFO  server.RaftServerConfigKeys (ConfUtils.java:logGet(43)) - raft.server.log.queue.byte-limit = 2147483647 (custom)
2019-09-20 09:27:19,055 [pool-71-thread-1] INFO  server.RaftServerConfigKeys (ConfUtils.java:logGet(43)) - raft.server.log.queue.element-limit = 1024 (custom)
2019-09-20 09:27:19,056 [pool-71-thread-1] INFO  server.RaftServerConfigKeys (ConfUtils.java:logGet(43)) - raft.server.log.segment.size.max = 1048576 (custom)
2019-09-20 09:27:19,056 [pool-71-thread-1] INFO  server.RaftServerConfigKeys (ConfUtils.java:logGet(43)) - raft.server.log.preallocated.size = 16384 (custom)
2019-09-20 09:27:19,056 [pool-71-thread-1] INFO  server.RaftServerConfigKeys (ConfUtils.java:logGet(43)) - raft.server.log.write.buffer.size = 33554432 (custom)
2019-09-20 09:27:19,056 [pool-71-thread-1] INFO  server.RaftServerConfigKeys (ConfUtils.java:logGet(43)) - raft.server.log.force.sync.num = 128 (default)
2019-09-20 09:27:19,056 [pool-71-thread-1] INFO  server.RaftServerConfigKeys (ConfUtils.java:logGet(43)) - raft.server.log.statemachine.data.sync = true (default)
2019-09-20 09:27:19,056 [pool-71-thread-1] INFO  server.RaftServerConfigKeys (ConfUtils.java:logGet(43)) - raft.server.log.statemachine.data.sync.timeout = 10s (default)
2019-09-20 09:27:19,057 [pool-71-thread-1] INFO  server.RaftServerConfigKeys (ConfUtils.java:logGet(43)) - raft.server.log.statemachine.data.sync.timeout.retry = -1 (default)
2019-09-20 09:27:19,057 [pool-71-thread-1] INFO  server.RaftServerConfigKeys (ConfUtils.java:logGet(43)) - raft.server.log.statemachine.data.caching.enabled = true (custom)
2019-09-20 09:27:19,057 [pool-71-thread-1] INFO  segmented.SegmentedRaftLogWorker (SegmentedRaftLogWorker.java:lambda$new$0(132)) - 871e6485-c22a-483f-9e07-d19e754685be-SegmentedRaftLogWorker:Storage Directory /workdir/hadoop-ozone/integration-test/target/test-dir/MiniOzoneClusterImpl-a33d77e5-464b-4d19-8e6b-a171e580bf0e/datanode-4/data/ratis/db4f1239-84a1-4282-98b1-919889fff3b7: flushIndex: setUnconditionally 0 -> -1
2019-09-20 09:27:19,058 [pool-71-thread-1] INFO  server.RaftServerConfigKeys (ConfUtils.java:logGet(43)) - raft.server.snapshot.auto.trigger.enabled = true (custom)
2019-09-20 09:27:19,058 [pool-71-thread-1] INFO  server.RaftServerConfigKeys (ConfUtils.java:logGet(43)) - raft.server.snapshot.auto.trigger.threshold = 10000 (custom)
2019-09-20 09:27:19,058 [pool-71-thread-1] INFO  server.RaftServerConfigKeys (ConfUtils.java:logGet(43)) - raft.server.retrycache.expirytime = 600000ms (custom)
2019-09-20 09:27:19,058 [pool-71-thread-1] INFO  impl.RaftServerImpl (RaftServerImpl.java:start(180)) - 871e6485-c22a-483f-9e07-d19e754685be: start group-919889FFF3B7
2019-09-20 09:27:19,058 [pool-71-thread-1] INFO  impl.RaftServerImpl (RaftServerImpl.java:setRole(171)) - 871e6485-c22a-483f-9e07-d19e754685be:group-919889FFF3B7 changes role from null to FOLLOWER at term 0 for startAsFollower
2019-09-20 09:27:19,059 [pool-71-thread-1] INFO  impl.RoleInfo (RoleInfo.java:updateAndGet(143)) - 871e6485-c22a-483f-9e07-d19e754685be: start FollowerState
2019-09-20 09:27:19,059 [pool-71-thread-1] INFO  util.JmxRegister (JmxRegister.java:tryRegister(44)) - Successfully registered JMX Bean with object name Ratis:service=RaftServer,group=group-919889FFF3B7,id=871e6485-c22a-483f-9e07-d19e754685be
2019-09-20 09:27:19,062 [RatisPipelineUtilsThread] INFO  pipeline.PipelineStateManager (PipelineStateManager.java:addPipeline(56)) - Created pipeline Pipeline[ Id: db4f1239-84a1-4282-98b1-919889fff3b7, Nodes: 871e6485-c22a-483f-9e07-d19e754685be{ip: 192.168.36.99, host: pr-hdds-1569-p5fx8-1226042367, networkLocation: /default-rack, certSerialId: null}, Type:RATIS, Factor:ONE, State:OPEN]
2019-09-20 09:27:19,068 [grpc-default-executor-2] INFO  impl.RaftServerProxy (RaftServerProxy.java:addNew(89)) - 02b93e76-e4c6-4b67-b8a4-c536d9ab7224: addNew group-C154D2514BB3:[02b93e76-e4c6-4b67-b8a4-c536d9ab7224:192.168.36.99:39343] returns group-C154D2514BB3:java.util.concurrent.CompletableFuture@7f040349[Not completed]
2019-09-20 09:27:19,069 [pool-27-thread-1] INFO  impl.RaftServerImpl (RaftServerImpl.java:<init>(93)) - 02b93e76-e4c6-4b67-b8a4-c536d9ab7224: new RaftServerImpl for group-C154D2514BB3:[02b93e76-e4c6-4b67-b8a4-c536d9ab7224:192.168.36.99:39343] with ContainerStateMachine:uninitialized
2019-09-20 09:27:19,069 [pool-27-thread-1] INFO  server.RaftServerConfigKeys (ConfUtils.java:logGet(43)) - raft.server.rpc.timeout.min = 5s (custom)
2019-09-20 09:27:19,069 [pool-27-thread-1] INFO  server.RaftServerConfigKeys (ConfUtils.java:logGet(43)) - raft.server.rpc.timeout.max = 5200ms (custom)
2019-09-20 09:27:19,070 [pool-27-thread-1] INFO  server.RaftServerConfigKeys (ConfUtils.java:logGet(43)) - raft.server.rpcslowness.timeout = 10s (custom)
2019-09-20 09:27:19,070 [pool-27-thread-1] INFO  server.RaftServerConfigKeys (ConfUtils.java:logGet(43)) - raft.server.sleep.deviation.threshold = 300 (default)
2019-09-20 09:27:19,070 [pool-27-thread-1] INFO  server.RaftServerConfigKeys (ConfUtils.java:logGet(43)) - raft.server.log.appender.install.snapshot.enabled = false (custom)
2019-09-20 09:27:19,070 [pool-27-thread-1] INFO  impl.RaftServerImpl (ServerState.java:<init>(105)) - 02b93e76-e4c6-4b67-b8a4-c536d9ab7224:group-C154D2514BB3 ConfigurationManager, init=-1: [02b93e76-e4c6-4b67-b8a4-c536d9ab7224:192.168.36.99:39343], old=null, confs=<EMPTY_MAP>
2019-09-20 09:27:19,070 [pool-27-thread-1] INFO  server.RaftServerConfigKeys (ConfUtils.java:logGet(43)) - raft.server.storage.dir = [/workdir/hadoop-ozone/integration-test/target/test-dir/MiniOzoneClusterImpl-a33d77e5-464b-4d19-8e6b-a171e580bf0e/datanode-0/data/ratis] (custom)
2019-09-20 09:27:19,071 [pool-27-thread-1] INFO  storage.RaftStorageDirectory (RaftStorageDirectory.java:analyzeStorage(246)) - The storage directory /workdir/hadoop-ozone/integration-test/target/test-dir/MiniOzoneClusterImpl-a33d77e5-464b-4d19-8e6b-a171e580bf0e/datanode-0/data/ratis/45948e97-6821-44be-9ade-c154d2514bb3 does not exist. Creating ...
2019-09-20 09:27:19,086 [pool-27-thread-1] INFO  storage.RaftStorageDirectory (RaftStorageDirectory.java:tryLock(328)) - Lock on /workdir/hadoop-ozone/integration-test/target/test-dir/MiniOzoneClusterImpl-a33d77e5-464b-4d19-8e6b-a171e580bf0e/datanode-0/data/ratis/45948e97-6821-44be-9ade-c154d2514bb3/in_use.lock acquired by nodename 7145@pr-hdds-1569-p5fx8-1226042367
2019-09-20 09:27:19,102 [pool-27-thread-1] INFO  storage.RaftStorage (RaftStorage.java:format(72)) - Storage directory /workdir/hadoop-ozone/integration-test/target/test-dir/MiniOzoneClusterImpl-a33d77e5-464b-4d19-8e6b-a171e580bf0e/datanode-0/data/ratis/45948e97-6821-44be-9ade-c154d2514bb3 has been successfully formatted.
2019-09-20 09:27:19,103 [pool-27-thread-1] INFO  ratis.ContainerStateMachine (ContainerStateMachine.java:loadSnapshot(226)) - group-C154D2514BB3: The snapshot info is null. Setting the last applied indexto:(t:0, i:~)
2019-09-20 09:27:19,103 [pool-27-thread-1] INFO  server.RaftServerConfigKeys (ConfUtils.java:logGet(43)) - raft.server.leader.election.timeout = 10s (custom)
2019-09-20 09:27:19,103 [pool-27-thread-1] INFO  server.RaftServerConfigKeys (ConfUtils.java:logGet(43)) - raft.server.log.use.memory = false (default)
2019-09-20 09:27:19,103 [pool-27-thread-1] INFO  server.RaftServerConfigKeys (ConfUtils.java:logGet(43)) - raft.server.log.purge.gap = 1000000 (custom)
2019-09-20 09:27:19,104 [pool-27-thread-1] INFO  server.RaftServerConfigKeys (ConfUtils.java:logGet(43)) - raft.server.log.appender.buffer.byte-limit = 33554432 (custom)
2019-09-20 09:27:19,104 [pool-27-thread-1] INFO  server.RaftServerConfigKeys (ConfUtils.java:logGet(43)) - raft.server.log.segment.size.max = 1048576 (custom)
2019-09-20 09:27:19,104 [pool-27-thread-1] INFO  server.RaftServerConfigKeys (ConfUtils.java:logGet(43)) - raft.server.log.segment.cache.num.max = 2 (custom)
2019-09-20 09:27:19,104 [pool-27-thread-1] INFO  segmented.SegmentedRaftLogWorker (SegmentedRaftLogWorker.java:<init>(172)) - new 02b93e76-e4c6-4b67-b8a4-c536d9ab7224-SegmentedRaftLogWorker:Storage Directory /workdir/hadoop-ozone/integration-test/target/test-dir/MiniOzoneClusterImpl-a33d77e5-464b-4d19-8e6b-a171e580bf0e/datanode-0/data/ratis/45948e97-6821-44be-9ade-c154d2514bb3 for RaftStorage:Storage Directory /workdir/hadoop-ozone/integration-test/target/test-dir/MiniOzoneClusterImpl-a33d77e5-464b-4d19-8e6b-a171e580bf0e/datanode-0/data/ratis/45948e97-6821-44be-9ade-c154d2514bb3
2019-09-20 09:27:19,104 [pool-27-thread-1] INFO  server.RaftServerConfigKeys (ConfUtils.java:logGet(43)) - raft.server.log.queue.byte-limit = 2147483647 (custom)
2019-09-20 09:27:19,104 [pool-27-thread-1] INFO  server.RaftServerConfigKeys (ConfUtils.java:logGet(43)) - raft.server.log.queue.element-limit = 1024 (custom)
2019-09-20 09:27:19,105 [pool-27-thread-1] INFO  server.RaftServerConfigKeys (ConfUtils.java:logGet(43)) - raft.server.log.segment.size.max = 1048576 (custom)
2019-09-20 09:27:19,105 [pool-27-thread-1] INFO  server.RaftServerConfigKeys (ConfUtils.java:logGet(43)) - raft.server.log.preallocated.size = 16384 (custom)
2019-09-20 09:27:19,105 [pool-27-thread-1] INFO  server.RaftServerConfigKeys (ConfUtils.java:logGet(43)) - raft.server.log.write.buffer.size = 33554432 (custom)
2019-09-20 09:27:19,105 [pool-27-thread-1] INFO  server.RaftServerConfigKeys (ConfUtils.java:logGet(43)) - raft.server.log.force.sync.num = 128 (default)
2019-09-20 09:27:19,105 [pool-27-thread-1] INFO  server.RaftServerConfigKeys (ConfUtils.java:logGet(43)) - raft.server.log.statemachine.data.sync = true (default)
2019-09-20 09:27:19,106 [pool-27-thread-1] INFO  server.RaftServerConfigKeys (ConfUtils.java:logGet(43)) - raft.server.log.statemachine.data.sync.timeout = 10s (default)
2019-09-20 09:27:19,106 [pool-27-thread-1] INFO  server.RaftServerConfigKeys (ConfUtils.java:logGet(43)) - raft.server.log.statemachine.data.sync.timeout.retry = -1 (default)
2019-09-20 09:27:19,106 [pool-27-thread-1] INFO  server.RaftServerConfigKeys (ConfUtils.java:logGet(43)) - raft.server.log.statemachine.data.caching.enabled = true (custom)
2019-09-20 09:27:19,106 [pool-27-thread-1] INFO  segmented.SegmentedRaftLogWorker (SegmentedRaftLogWorker.java:lambda$new$0(132)) - 02b93e76-e4c6-4b67-b8a4-c536d9ab7224-SegmentedRaftLogWorker:Storage Directory /workdir/hadoop-ozone/integration-test/target/test-dir/MiniOzoneClusterImpl-a33d77e5-464b-4d19-8e6b-a171e580bf0e/datanode-0/data/ratis/45948e97-6821-44be-9ade-c154d2514bb3: flushIndex: setUnconditionally 0 -> -1
2019-09-20 09:27:19,107 [pool-27-thread-1] INFO  server.RaftServerConfigKeys (ConfUtils.java:logGet(43)) - raft.server.snapshot.auto.trigger.enabled = true (custom)
2019-09-20 09:27:19,107 [pool-27-thread-1] INFO  server.RaftServerConfigKeys (ConfUtils.java:logGet(43)) - raft.server.snapshot.auto.trigger.threshold = 10000 (custom)
2019-09-20 09:27:19,107 [pool-27-thread-1] INFO  server.RaftServerConfigKeys (ConfUtils.java:logGet(43)) - raft.server.retrycache.expirytime = 600000ms (custom)
2019-09-20 09:27:19,107 [pool-27-thread-1] INFO  impl.RaftServerImpl (RaftServerImpl.java:start(180)) - 02b93e76-e4c6-4b67-b8a4-c536d9ab7224: start group-C154D2514BB3
2019-09-20 09:27:19,108 [pool-27-thread-1] INFO  impl.RaftServerImpl (RaftServerImpl.java:setRole(171)) - 02b93e76-e4c6-4b67-b8a4-c536d9ab7224:group-C154D2514BB3 changes role from null to FOLLOWER at term 0 for startAsFollower
2019-09-20 09:27:19,108 [pool-27-thread-1] INFO  impl.RoleInfo (RoleInfo.java:updateAndGet(143)) - 02b93e76-e4c6-4b67-b8a4-c536d9ab7224: start FollowerState
2019-09-20 09:27:19,108 [pool-27-thread-1] INFO  util.JmxRegister (JmxRegister.java:tryRegister(44)) - Successfully registered JMX Bean with object name Ratis:service=RaftServer,group=group-C154D2514BB3,id=02b93e76-e4c6-4b67-b8a4-c536d9ab7224
2019-09-20 09:27:19,112 [RatisPipelineUtilsThread] INFO  pipeline.PipelineStateManager (PipelineStateManager.java:addPipeline(56)) - Created pipeline Pipeline[ Id: 45948e97-6821-44be-9ade-c154d2514bb3, Nodes: 02b93e76-e4c6-4b67-b8a4-c536d9ab7224{ip: 192.168.36.99, host: pr-hdds-1569-p5fx8-1226042367, networkLocation: /default-rack, certSerialId: null}, Type:RATIS, Factor:ONE, State:OPEN]
2019-09-20 09:27:19,117 [grpc-default-executor-2] INFO  impl.RaftServerProxy (RaftServerProxy.java:addNew(89)) - 492ed782-6ab3-4ad9-945e-06def6ac7c96: addNew group-52124656E3BD:[492ed782-6ab3-4ad9-945e-06def6ac7c96:192.168.36.99:32835] returns group-52124656E3BD:java.util.concurrent.CompletableFuture@765052ad[Not completed]
2019-09-20 09:27:19,119 [pool-49-thread-1] INFO  impl.RaftServerImpl (RaftServerImpl.java:<init>(93)) - 492ed782-6ab3-4ad9-945e-06def6ac7c96: new RaftServerImpl for group-52124656E3BD:[492ed782-6ab3-4ad9-945e-06def6ac7c96:192.168.36.99:32835] with ContainerStateMachine:uninitialized
2019-09-20 09:27:19,119 [pool-49-thread-1] INFO  server.RaftServerConfigKeys (ConfUtils.java:logGet(43)) - raft.server.rpc.timeout.min = 5s (custom)
2019-09-20 09:27:19,119 [pool-49-thread-1] INFO  server.RaftServerConfigKeys (ConfUtils.java:logGet(43)) - raft.server.rpc.timeout.max = 5200ms (custom)
2019-09-20 09:27:19,119 [pool-49-thread-1] INFO  server.RaftServerConfigKeys (ConfUtils.java:logGet(43)) - raft.server.rpcslowness.timeout = 10s (custom)
2019-09-20 09:27:19,120 [pool-49-thread-1] INFO  server.RaftServerConfigKeys (ConfUtils.java:logGet(43)) - raft.server.sleep.deviation.threshold = 300 (default)
2019-09-20 09:27:19,120 [pool-49-thread-1] INFO  server.RaftServerConfigKeys (ConfUtils.java:logGet(43)) - raft.server.log.appender.install.snapshot.enabled = false (custom)
2019-09-20 09:27:19,120 [pool-49-thread-1] INFO  impl.RaftServerImpl (ServerState.java:<init>(105)) - 492ed782-6ab3-4ad9-945e-06def6ac7c96:group-52124656E3BD ConfigurationManager, init=-1: [492ed782-6ab3-4ad9-945e-06def6ac7c96:192.168.36.99:32835], old=null, confs=<EMPTY_MAP>
2019-09-20 09:27:19,120 [pool-49-thread-1] INFO  server.RaftServerConfigKeys (ConfUtils.java:logGet(43)) - raft.server.storage.dir = [/workdir/hadoop-ozone/integration-test/target/test-dir/MiniOzoneClusterImpl-a33d77e5-464b-4d19-8e6b-a171e580bf0e/datanode-2/data/ratis] (custom)
2019-09-20 09:27:19,121 [pool-49-thread-1] INFO  storage.RaftStorageDirectory (RaftStorageDirectory.java:analyzeStorage(246)) - The storage directory /workdir/hadoop-ozone/integration-test/target/test-dir/MiniOzoneClusterImpl-a33d77e5-464b-4d19-8e6b-a171e580bf0e/datanode-2/data/ratis/62533bd2-c15a-4bde-be31-52124656e3bd does not exist. Creating ...
2019-09-20 09:27:19,137 [pool-49-thread-1] INFO  storage.RaftStorageDirectory (RaftStorageDirectory.java:tryLock(328)) - Lock on /workdir/hadoop-ozone/integration-test/target/test-dir/MiniOzoneClusterImpl-a33d77e5-464b-4d19-8e6b-a171e580bf0e/datanode-2/data/ratis/62533bd2-c15a-4bde-be31-52124656e3bd/in_use.lock acquired by nodename 7145@pr-hdds-1569-p5fx8-1226042367
2019-09-20 09:27:19,155 [pool-49-thread-1] INFO  storage.RaftStorage (RaftStorage.java:format(72)) - Storage directory /workdir/hadoop-ozone/integration-test/target/test-dir/MiniOzoneClusterImpl-a33d77e5-464b-4d19-8e6b-a171e580bf0e/datanode-2/data/ratis/62533bd2-c15a-4bde-be31-52124656e3bd has been successfully formatted.
2019-09-20 09:27:19,156 [pool-49-thread-1] INFO  ratis.ContainerStateMachine (ContainerStateMachine.java:loadSnapshot(226)) - group-52124656E3BD: The snapshot info is null. Setting the last applied indexto:(t:0, i:~)
2019-09-20 09:27:19,156 [pool-49-thread-1] INFO  server.RaftServerConfigKeys (ConfUtils.java:logGet(43)) - raft.server.leader.election.timeout = 10s (custom)
2019-09-20 09:27:19,156 [pool-49-thread-1] INFO  server.RaftServerConfigKeys (ConfUtils.java:logGet(43)) - raft.server.log.use.memory = false (default)
2019-09-20 09:27:19,156 [pool-49-thread-1] INFO  server.RaftServerConfigKeys (ConfUtils.java:logGet(43)) - raft.server.log.purge.gap = 1000000 (custom)
2019-09-20 09:27:19,157 [pool-49-thread-1] INFO  server.RaftServerConfigKeys (ConfUtils.java:logGet(43)) - raft.server.log.appender.buffer.byte-limit = 33554432 (custom)
2019-09-20 09:27:19,157 [pool-49-thread-1] INFO  server.RaftServerConfigKeys (ConfUtils.java:logGet(43)) - raft.server.log.segment.size.max = 1048576 (custom)
2019-09-20 09:27:19,157 [pool-49-thread-1] INFO  server.RaftServerConfigKeys (ConfUtils.java:logGet(43)) - raft.server.log.segment.cache.num.max = 2 (custom)
2019-09-20 09:27:19,158 [pool-49-thread-1] INFO  segmented.SegmentedRaftLogWorker (SegmentedRaftLogWorker.java:<init>(172)) - new 492ed782-6ab3-4ad9-945e-06def6ac7c96-SegmentedRaftLogWorker:Storage Directory /workdir/hadoop-ozone/integration-test/target/test-dir/MiniOzoneClusterImpl-a33d77e5-464b-4d19-8e6b-a171e580bf0e/datanode-2/data/ratis/62533bd2-c15a-4bde-be31-52124656e3bd for RaftStorage:Storage Directory /workdir/hadoop-ozone/integration-test/target/test-dir/MiniOzoneClusterImpl-a33d77e5-464b-4d19-8e6b-a171e580bf0e/datanode-2/data/ratis/62533bd2-c15a-4bde-be31-52124656e3bd
2019-09-20 09:27:19,158 [pool-49-thread-1] INFO  server.RaftServerConfigKeys (ConfUtils.java:logGet(43)) - raft.server.log.queue.byte-limit = 2147483647 (custom)
2019-09-20 09:27:19,158 [pool-49-thread-1] INFO  server.RaftServerConfigKeys (ConfUtils.java:logGet(43)) - raft.server.log.queue.element-limit = 1024 (custom)
2019-09-20 09:27:19,158 [pool-49-thread-1] INFO  server.RaftServerConfigKeys (ConfUtils.java:logGet(43)) - raft.server.log.segment.size.max = 1048576 (custom)
2019-09-20 09:27:19,159 [pool-49-thread-1] INFO  server.RaftServerConfigKeys (ConfUtils.java:logGet(43)) - raft.server.log.preallocated.size = 16384 (custom)
2019-09-20 09:27:19,159 [pool-49-thread-1] INFO  server.RaftServerConfigKeys (ConfUtils.java:logGet(43)) - raft.server.log.write.buffer.size = 33554432 (custom)
2019-09-20 09:27:19,159 [pool-49-thread-1] INFO  server.RaftServerConfigKeys (ConfUtils.java:logGet(43)) - raft.server.log.force.sync.num = 128 (default)
2019-09-20 09:27:19,159 [pool-49-thread-1] INFO  server.RaftServerConfigKeys (ConfUtils.java:logGet(43)) - raft.server.log.statemachine.data.sync = true (default)
2019-09-20 09:27:19,159 [pool-49-thread-1] INFO  server.RaftServerConfigKeys (ConfUtils.java:logGet(43)) - raft.server.log.statemachine.data.sync.timeout = 10s (default)
2019-09-20 09:27:19,160 [pool-49-thread-1] INFO  server.RaftServerConfigKeys (ConfUtils.java:logGet(43)) - raft.server.log.statemachine.data.sync.timeout.retry = -1 (default)
2019-09-20 09:27:19,160 [pool-49-thread-1] INFO  server.RaftServerConfigKeys (ConfUtils.java:logGet(43)) - raft.server.log.statemachine.data.caching.enabled = true (custom)
2019-09-20 09:27:19,160 [pool-49-thread-1] INFO  segmented.SegmentedRaftLogWorker (SegmentedRaftLogWorker.java:lambda$new$0(132)) - 492ed782-6ab3-4ad9-945e-06def6ac7c96-SegmentedRaftLogWorker:Storage Directory /workdir/hadoop-ozone/integration-test/target/test-dir/MiniOzoneClusterImpl-a33d77e5-464b-4d19-8e6b-a171e580bf0e/datanode-2/data/ratis/62533bd2-c15a-4bde-be31-52124656e3bd: flushIndex: setUnconditionally 0 -> -1
2019-09-20 09:27:19,161 [pool-49-thread-1] INFO  server.RaftServerConfigKeys (ConfUtils.java:logGet(43)) - raft.server.snapshot.auto.trigger.enabled = true (custom)
2019-09-20 09:27:19,161 [pool-49-thread-1] INFO  server.RaftServerConfigKeys (ConfUtils.java:logGet(43)) - raft.server.snapshot.auto.trigger.threshold = 10000 (custom)
2019-09-20 09:27:19,161 [pool-49-thread-1] INFO  server.RaftServerConfigKeys (ConfUtils.java:logGet(43)) - raft.server.retrycache.expirytime = 600000ms (custom)
2019-09-20 09:27:19,162 [pool-49-thread-1] INFO  impl.RaftServerImpl (RaftServerImpl.java:start(180)) - 492ed782-6ab3-4ad9-945e-06def6ac7c96: start group-52124656E3BD
2019-09-20 09:27:19,162 [pool-49-thread-1] INFO  impl.RaftServerImpl (RaftServerImpl.java:setRole(171)) - 492ed782-6ab3-4ad9-945e-06def6ac7c96:group-52124656E3BD changes role from null to FOLLOWER at term 0 for startAsFollower
2019-09-20 09:27:19,162 [pool-49-thread-1] INFO  impl.RoleInfo (RoleInfo.java:updateAndGet(143)) - 492ed782-6ab3-4ad9-945e-06def6ac7c96: start FollowerState
2019-09-20 09:27:19,162 [pool-49-thread-1] INFO  util.JmxRegister (JmxRegister.java:tryRegister(44)) - Successfully registered JMX Bean with object name Ratis:service=RaftServer,group=group-52124656E3BD,id=492ed782-6ab3-4ad9-945e-06def6ac7c96
2019-09-20 09:27:19,165 [RatisPipelineUtilsThread] INFO  pipeline.PipelineStateManager (PipelineStateManager.java:addPipeline(56)) - Created pipeline Pipeline[ Id: 62533bd2-c15a-4bde-be31-52124656e3bd, Nodes: 492ed782-6ab3-4ad9-945e-06def6ac7c96{ip: 192.168.36.99, host: pr-hdds-1569-p5fx8-1226042367, networkLocation: /default-rack, certSerialId: null}, Type:RATIS, Factor:ONE, State:OPEN]
2019-09-20 09:27:19,170 [grpc-default-executor-2] INFO  impl.RaftServerProxy (RaftServerProxy.java:addNew(89)) - 871e6485-c22a-483f-9e07-d19e754685be: addNew group-3B4B35C05CD0:[871e6485-c22a-483f-9e07-d19e754685be:192.168.36.99:41076] returns group-3B4B35C05CD0:java.util.concurrent.CompletableFuture@2f3ebe57[Not completed]
2019-09-20 09:27:19,172 [pool-71-thread-1] INFO  impl.RaftServerImpl (RaftServerImpl.java:<init>(93)) - 871e6485-c22a-483f-9e07-d19e754685be: new RaftServerImpl for group-3B4B35C05CD0:[871e6485-c22a-483f-9e07-d19e754685be:192.168.36.99:41076] with ContainerStateMachine:uninitialized
2019-09-20 09:27:19,173 [pool-71-thread-1] INFO  server.RaftServerConfigKeys (ConfUtils.java:logGet(43)) - raft.server.rpc.timeout.min = 5s (custom)
2019-09-20 09:27:19,173 [pool-71-thread-1] INFO  server.RaftServerConfigKeys (ConfUtils.java:logGet(43)) - raft.server.rpc.timeout.max = 5200ms (custom)
2019-09-20 09:27:19,173 [pool-71-thread-1] INFO  server.RaftServerConfigKeys (ConfUtils.java:logGet(43)) - raft.server.rpcslowness.timeout = 10s (custom)
2019-09-20 09:27:19,173 [pool-71-thread-1] INFO  server.RaftServerConfigKeys (ConfUtils.java:logGet(43)) - raft.server.sleep.deviation.threshold = 300 (default)
2019-09-20 09:27:19,173 [pool-71-thread-1] INFO  server.RaftServerConfigKeys (ConfUtils.java:logGet(43)) - raft.server.log.appender.install.snapshot.enabled = false (custom)
2019-09-20 09:27:19,173 [pool-71-thread-1] INFO  impl.RaftServerImpl (ServerState.java:<init>(105)) - 871e6485-c22a-483f-9e07-d19e754685be:group-3B4B35C05CD0 ConfigurationManager, init=-1: [871e6485-c22a-483f-9e07-d19e754685be:192.168.36.99:41076], old=null, confs=<EMPTY_MAP>
2019-09-20 09:27:19,174 [pool-71-thread-1] INFO  server.RaftServerConfigKeys (ConfUtils.java:logGet(43)) - raft.server.storage.dir = [/workdir/hadoop-ozone/integration-test/target/test-dir/MiniOzoneClusterImpl-a33d77e5-464b-4d19-8e6b-a171e580bf0e/datanode-4/data/ratis] (custom)
2019-09-20 09:27:19,174 [pool-71-thread-1] INFO  storage.RaftStorageDirectory (RaftStorageDirectory.java:analyzeStorage(246)) - The storage directory /workdir/hadoop-ozone/integration-test/target/test-dir/MiniOzoneClusterImpl-a33d77e5-464b-4d19-8e6b-a171e580bf0e/datanode-4/data/ratis/a840d96c-a876-4676-9538-3b4b35c05cd0 does not exist. Creating ...
2019-09-20 09:27:19,195 [pool-71-thread-1] INFO  storage.RaftStorageDirectory (RaftStorageDirectory.java:tryLock(328)) - Lock on /workdir/hadoop-ozone/integration-test/target/test-dir/MiniOzoneClusterImpl-a33d77e5-464b-4d19-8e6b-a171e580bf0e/datanode-4/data/ratis/a840d96c-a876-4676-9538-3b4b35c05cd0/in_use.lock acquired by nodename 7145@pr-hdds-1569-p5fx8-1226042367
2019-09-20 09:27:19,234 [pool-71-thread-1] INFO  storage.RaftStorage (RaftStorage.java:format(72)) - Storage directory /workdir/hadoop-ozone/integration-test/target/test-dir/MiniOzoneClusterImpl-a33d77e5-464b-4d19-8e6b-a171e580bf0e/datanode-4/data/ratis/a840d96c-a876-4676-9538-3b4b35c05cd0 has been successfully formatted.
2019-09-20 09:27:19,234 [pool-71-thread-1] INFO  ratis.ContainerStateMachine (ContainerStateMachine.java:loadSnapshot(226)) - group-3B4B35C05CD0: The snapshot info is null. Setting the last applied indexto:(t:0, i:~)
2019-09-20 09:27:19,234 [pool-71-thread-1] INFO  server.RaftServerConfigKeys (ConfUtils.java:logGet(43)) - raft.server.leader.election.timeout = 10s (custom)
2019-09-20 09:27:19,235 [pool-71-thread-1] INFO  server.RaftServerConfigKeys (ConfUtils.java:logGet(43)) - raft.server.log.use.memory = false (default)
2019-09-20 09:27:19,235 [pool-71-thread-1] INFO  server.RaftServerConfigKeys (ConfUtils.java:logGet(43)) - raft.server.log.purge.gap = 1000000 (custom)
2019-09-20 09:27:19,235 [pool-71-thread-1] INFO  server.RaftServerConfigKeys (ConfUtils.java:logGet(43)) - raft.server.log.appender.buffer.byte-limit = 33554432 (custom)
2019-09-20 09:27:19,235 [pool-71-thread-1] INFO  server.RaftServerConfigKeys (ConfUtils.java:logGet(43)) - raft.server.log.segment.size.max = 1048576 (custom)
2019-09-20 09:27:19,235 [pool-71-thread-1] INFO  server.RaftServerConfigKeys (ConfUtils.java:logGet(43)) - raft.server.log.segment.cache.num.max = 2 (custom)
2019-09-20 09:27:19,236 [pool-71-thread-1] INFO  segmented.SegmentedRaftLogWorker (SegmentedRaftLogWorker.java:<init>(172)) - new 871e6485-c22a-483f-9e07-d19e754685be-SegmentedRaftLogWorker:Storage Directory /workdir/hadoop-ozone/integration-test/target/test-dir/MiniOzoneClusterImpl-a33d77e5-464b-4d19-8e6b-a171e580bf0e/datanode-4/data/ratis/a840d96c-a876-4676-9538-3b4b35c05cd0 for RaftStorage:Storage Directory /workdir/hadoop-ozone/integration-test/target/test-dir/MiniOzoneClusterImpl-a33d77e5-464b-4d19-8e6b-a171e580bf0e/datanode-4/data/ratis/a840d96c-a876-4676-9538-3b4b35c05cd0
2019-09-20 09:27:19,236 [pool-71-thread-1] INFO  server.RaftServerConfigKeys (ConfUtils.java:logGet(43)) - raft.server.log.queue.byte-limit = 2147483647 (custom)
2019-09-20 09:27:19,236 [pool-71-thread-1] INFO  server.RaftServerConfigKeys (ConfUtils.java:logGet(43)) - raft.server.log.queue.element-limit = 1024 (custom)
2019-09-20 09:27:19,236 [pool-71-thread-1] INFO  server.RaftServerConfigKeys (ConfUtils.java:logGet(43)) - raft.server.log.segment.size.max = 1048576 (custom)
2019-09-20 09:27:19,236 [pool-71-thread-1] INFO  server.RaftServerConfigKeys (ConfUtils.java:logGet(43)) - raft.server.log.preallocated.size = 16384 (custom)
2019-09-20 09:27:19,237 [pool-71-thread-1] INFO  server.RaftServerConfigKeys (ConfUtils.java:logGet(43)) - raft.server.log.write.buffer.size = 33554432 (custom)
2019-09-20 09:27:19,237 [pool-71-thread-1] INFO  server.RaftServerConfigKeys (ConfUtils.java:logGet(43)) - raft.server.log.force.sync.num = 128 (default)
2019-09-20 09:27:19,237 [pool-71-thread-1] INFO  server.RaftServerConfigKeys (ConfUtils.java:logGet(43)) - raft.server.log.statemachine.data.sync = true (default)
2019-09-20 09:27:19,237 [pool-71-thread-1] INFO  server.RaftServerConfigKeys (ConfUtils.java:logGet(43)) - raft.server.log.statemachine.data.sync.timeout = 10s (default)
2019-09-20 09:27:19,237 [pool-71-thread-1] INFO  server.RaftServerConfigKeys (ConfUtils.java:logGet(43)) - raft.server.log.statemachine.data.sync.timeout.retry = -1 (default)
2019-09-20 09:27:19,237 [pool-71-thread-1] INFO  server.RaftServerConfigKeys (ConfUtils.java:logGet(43)) - raft.server.log.statemachine.data.caching.enabled = true (custom)
2019-09-20 09:27:19,238 [pool-71-thread-1] INFO  segmented.SegmentedRaftLogWorker (SegmentedRaftLogWorker.java:lambda$new$0(132)) - 871e6485-c22a-483f-9e07-d19e754685be-SegmentedRaftLogWorker:Storage Directory /workdir/hadoop-ozone/integration-test/target/test-dir/MiniOzoneClusterImpl-a33d77e5-464b-4d19-8e6b-a171e580bf0e/datanode-4/data/ratis/a840d96c-a876-4676-9538-3b4b35c05cd0: flushIndex: setUnconditionally 0 -> -1
2019-09-20 09:27:19,243 [pool-71-thread-1] INFO  server.RaftServerConfigKeys (ConfUtils.java:logGet(43)) - raft.server.snapshot.auto.trigger.enabled = true (custom)
2019-09-20 09:27:19,243 [pool-71-thread-1] INFO  server.RaftServerConfigKeys (ConfUtils.java:logGet(43)) - raft.server.snapshot.auto.trigger.threshold = 10000 (custom)
2019-09-20 09:27:19,243 [pool-71-thread-1] INFO  server.RaftServerConfigKeys (ConfUtils.java:logGet(43)) - raft.server.retrycache.expirytime = 600000ms (custom)
2019-09-20 09:27:19,243 [pool-71-thread-1] INFO  impl.RaftServerImpl (RaftServerImpl.java:start(180)) - 871e6485-c22a-483f-9e07-d19e754685be: start group-3B4B35C05CD0
2019-09-20 09:27:19,243 [pool-71-thread-1] INFO  impl.RaftServerImpl (RaftServerImpl.java:setRole(171)) - 871e6485-c22a-483f-9e07-d19e754685be:group-3B4B35C05CD0 changes role from null to FOLLOWER at term 0 for startAsFollower
2019-09-20 09:27:19,244 [pool-71-thread-1] INFO  impl.RoleInfo (RoleInfo.java:updateAndGet(143)) - 871e6485-c22a-483f-9e07-d19e754685be: start FollowerState
2019-09-20 09:27:19,244 [pool-71-thread-1] INFO  util.JmxRegister (JmxRegister.java:tryRegister(44)) - Successfully registered JMX Bean with object name Ratis:service=RaftServer,group=group-3B4B35C05CD0,id=871e6485-c22a-483f-9e07-d19e754685be
2019-09-20 09:27:19,247 [RatisPipelineUtilsThread] INFO  pipeline.PipelineStateManager (PipelineStateManager.java:addPipeline(56)) - Created pipeline Pipeline[ Id: a840d96c-a876-4676-9538-3b4b35c05cd0, Nodes: 871e6485-c22a-483f-9e07-d19e754685be{ip: 192.168.36.99, host: pr-hdds-1569-p5fx8-1226042367, networkLocation: /default-rack, certSerialId: null}, Type:RATIS, Factor:ONE, State:OPEN]
2019-09-20 09:27:19,253 [grpc-default-executor-2] INFO  impl.RaftServerProxy (RaftServerProxy.java:addNew(89)) - 02b93e76-e4c6-4b67-b8a4-c536d9ab7224: addNew group-58FAC97ADBBF:[02b93e76-e4c6-4b67-b8a4-c536d9ab7224:192.168.36.99:39343] returns group-58FAC97ADBBF:java.util.concurrent.CompletableFuture@3c0261e9[Not completed]
2019-09-20 09:27:19,255 [pool-27-thread-1] INFO  impl.RaftServerImpl (RaftServerImpl.java:<init>(93)) - 02b93e76-e4c6-4b67-b8a4-c536d9ab7224: new RaftServerImpl for group-58FAC97ADBBF:[02b93e76-e4c6-4b67-b8a4-c536d9ab7224:192.168.36.99:39343] with ContainerStateMachine:uninitialized
2019-09-20 09:27:19,255 [pool-27-thread-1] INFO  server.RaftServerConfigKeys (ConfUtils.java:logGet(43)) - raft.server.rpc.timeout.min = 5s (custom)
2019-09-20 09:27:19,256 [pool-27-thread-1] INFO  server.RaftServerConfigKeys (ConfUtils.java:logGet(43)) - raft.server.rpc.timeout.max = 5200ms (custom)
2019-09-20 09:27:19,256 [pool-27-thread-1] INFO  server.RaftServerConfigKeys (ConfUtils.java:logGet(43)) - raft.server.rpcslowness.timeout = 10s (custom)
2019-09-20 09:27:19,256 [pool-27-thread-1] INFO  server.RaftServerConfigKeys (ConfUtils.java:logGet(43)) - raft.server.sleep.deviation.threshold = 300 (default)
2019-09-20 09:27:19,256 [pool-27-thread-1] INFO  server.RaftServerConfigKeys (ConfUtils.java:logGet(43)) - raft.server.log.appender.install.snapshot.enabled = false (custom)
2019-09-20 09:27:19,257 [pool-27-thread-1] INFO  impl.RaftServerImpl (ServerState.java:<init>(105)) - 02b93e76-e4c6-4b67-b8a4-c536d9ab7224:group-58FAC97ADBBF ConfigurationManager, init=-1: [02b93e76-e4c6-4b67-b8a4-c536d9ab7224:192.168.36.99:39343], old=null, confs=<EMPTY_MAP>
2019-09-20 09:27:19,257 [pool-27-thread-1] INFO  server.RaftServerConfigKeys (ConfUtils.java:logGet(43)) - raft.server.storage.dir = [/workdir/hadoop-ozone/integration-test/target/test-dir/MiniOzoneClusterImpl-a33d77e5-464b-4d19-8e6b-a171e580bf0e/datanode-0/data/ratis] (custom)
2019-09-20 09:27:19,258 [pool-27-thread-1] INFO  storage.RaftStorageDirectory (RaftStorageDirectory.java:analyzeStorage(246)) - The storage directory /workdir/hadoop-ozone/integration-test/target/test-dir/MiniOzoneClusterImpl-a33d77e5-464b-4d19-8e6b-a171e580bf0e/datanode-0/data/ratis/b6ab1b95-97f0-40b4-82ec-58fac97adbbf does not exist. Creating ...
2019-09-20 09:27:19,284 [pool-27-thread-1] INFO  storage.RaftStorageDirectory (RaftStorageDirectory.java:tryLock(328)) - Lock on /workdir/hadoop-ozone/integration-test/target/test-dir/MiniOzoneClusterImpl-a33d77e5-464b-4d19-8e6b-a171e580bf0e/datanode-0/data/ratis/b6ab1b95-97f0-40b4-82ec-58fac97adbbf/in_use.lock acquired by nodename 7145@pr-hdds-1569-p5fx8-1226042367
2019-09-20 09:27:19,327 [pool-27-thread-1] INFO  storage.RaftStorage (RaftStorage.java:format(72)) - Storage directory /workdir/hadoop-ozone/integration-test/target/test-dir/MiniOzoneClusterImpl-a33d77e5-464b-4d19-8e6b-a171e580bf0e/datanode-0/data/ratis/b6ab1b95-97f0-40b4-82ec-58fac97adbbf has been successfully formatted.
2019-09-20 09:27:19,328 [pool-27-thread-1] INFO  ratis.ContainerStateMachine (ContainerStateMachine.java:loadSnapshot(226)) - group-58FAC97ADBBF: The snapshot info is null. Setting the last applied indexto:(t:0, i:~)
2019-09-20 09:27:19,328 [pool-27-thread-1] INFO  server.RaftServerConfigKeys (ConfUtils.java:logGet(43)) - raft.server.leader.election.timeout = 10s (custom)
2019-09-20 09:27:19,328 [pool-27-thread-1] INFO  server.RaftServerConfigKeys (ConfUtils.java:logGet(43)) - raft.server.log.use.memory = false (default)
2019-09-20 09:27:19,328 [pool-27-thread-1] INFO  server.RaftServerConfigKeys (ConfUtils.java:logGet(43)) - raft.server.log.purge.gap = 1000000 (custom)
2019-09-20 09:27:19,328 [pool-27-thread-1] INFO  server.RaftServerConfigKeys (ConfUtils.java:logGet(43)) - raft.server.log.appender.buffer.byte-limit = 33554432 (custom)
2019-09-20 09:27:19,328 [pool-27-thread-1] INFO  server.RaftServerConfigKeys (ConfUtils.java:logGet(43)) - raft.server.log.segment.size.max = 1048576 (custom)
2019-09-20 09:27:19,329 [pool-27-thread-1] INFO  server.RaftServerConfigKeys (ConfUtils.java:logGet(43)) - raft.server.log.segment.cache.num.max = 2 (custom)
2019-09-20 09:27:19,329 [pool-27-thread-1] INFO  segmented.SegmentedRaftLogWorker (SegmentedRaftLogWorker.java:<init>(172)) - new 02b93e76-e4c6-4b67-b8a4-c536d9ab7224-SegmentedRaftLogWorker:Storage Directory /workdir/hadoop-ozone/integration-test/target/test-dir/MiniOzoneClusterImpl-a33d77e5-464b-4d19-8e6b-a171e580bf0e/datanode-0/data/ratis/b6ab1b95-97f0-40b4-82ec-58fac97adbbf for RaftStorage:Storage Directory /workdir/hadoop-ozone/integration-test/target/test-dir/MiniOzoneClusterImpl-a33d77e5-464b-4d19-8e6b-a171e580bf0e/datanode-0/data/ratis/b6ab1b95-97f0-40b4-82ec-58fac97adbbf
2019-09-20 09:27:19,329 [pool-27-thread-1] INFO  server.RaftServerConfigKeys (ConfUtils.java:logGet(43)) - raft.server.log.queue.byte-limit = 2147483647 (custom)
2019-09-20 09:27:19,329 [pool-27-thread-1] INFO  server.RaftServerConfigKeys (ConfUtils.java:logGet(43)) - raft.server.log.queue.element-limit = 1024 (custom)
2019-09-20 09:27:19,329 [pool-27-thread-1] INFO  server.RaftServerConfigKeys (ConfUtils.java:logGet(43)) - raft.server.log.segment.size.max = 1048576 (custom)
2019-09-20 09:27:19,329 [pool-27-thread-1] INFO  server.RaftServerConfigKeys (ConfUtils.java:logGet(43)) - raft.server.log.preallocated.size = 16384 (custom)
2019-09-20 09:27:19,329 [pool-27-thread-1] INFO  server.RaftServerConfigKeys (ConfUtils.java:logGet(43)) - raft.server.log.write.buffer.size = 33554432 (custom)
2019-09-20 09:27:19,330 [pool-27-thread-1] INFO  server.RaftServerConfigKeys (ConfUtils.java:logGet(43)) - raft.server.log.force.sync.num = 128 (default)
2019-09-20 09:27:19,330 [pool-27-thread-1] INFO  server.RaftServerConfigKeys (ConfUtils.java:logGet(43)) - raft.server.log.statemachine.data.sync = true (default)
2019-09-20 09:27:19,330 [pool-27-thread-1] INFO  server.RaftServerConfigKeys (ConfUtils.java:logGet(43)) - raft.server.log.statemachine.data.sync.timeout = 10s (default)
2019-09-20 09:27:19,330 [pool-27-thread-1] INFO  server.RaftServerConfigKeys (ConfUtils.java:logGet(43)) - raft.server.log.statemachine.data.sync.timeout.retry = -1 (default)
2019-09-20 09:27:19,330 [pool-27-thread-1] INFO  server.RaftServerConfigKeys (ConfUtils.java:logGet(43)) - raft.server.log.statemachine.data.caching.enabled = true (custom)
2019-09-20 09:27:19,331 [pool-27-thread-1] INFO  segmented.SegmentedRaftLogWorker (SegmentedRaftLogWorker.java:lambda$new$0(132)) - 02b93e76-e4c6-4b67-b8a4-c536d9ab7224-SegmentedRaftLogWorker:Storage Directory /workdir/hadoop-ozone/integration-test/target/test-dir/MiniOzoneClusterImpl-a33d77e5-464b-4d19-8e6b-a171e580bf0e/datanode-0/data/ratis/b6ab1b95-97f0-40b4-82ec-58fac97adbbf: flushIndex: setUnconditionally 0 -> -1
2019-09-20 09:27:19,331 [pool-27-thread-1] INFO  server.RaftServerConfigKeys (ConfUtils.java:logGet(43)) - raft.server.snapshot.auto.trigger.enabled = true (custom)
2019-09-20 09:27:19,331 [pool-27-thread-1] INFO  server.RaftServerConfigKeys (ConfUtils.java:logGet(43)) - raft.server.snapshot.auto.trigger.threshold = 10000 (custom)
2019-09-20 09:27:19,331 [pool-27-thread-1] INFO  server.RaftServerConfigKeys (ConfUtils.java:logGet(43)) - raft.server.retrycache.expirytime = 600000ms (custom)
2019-09-20 09:27:19,332 [pool-27-thread-1] INFO  impl.RaftServerImpl (RaftServerImpl.java:start(180)) - 02b93e76-e4c6-4b67-b8a4-c536d9ab7224: start group-58FAC97ADBBF
2019-09-20 09:27:19,332 [pool-27-thread-1] INFO  impl.RaftServerImpl (RaftServerImpl.java:setRole(171)) - 02b93e76-e4c6-4b67-b8a4-c536d9ab7224:group-58FAC97ADBBF changes role from null to FOLLOWER at term 0 for startAsFollower
2019-09-20 09:27:19,332 [pool-27-thread-1] INFO  impl.RoleInfo (RoleInfo.java:updateAndGet(143)) - 02b93e76-e4c6-4b67-b8a4-c536d9ab7224: start FollowerState
2019-09-20 09:27:19,332 [pool-27-thread-1] INFO  util.JmxRegister (JmxRegister.java:tryRegister(44)) - Successfully registered JMX Bean with object name Ratis:service=RaftServer,group=group-58FAC97ADBBF,id=02b93e76-e4c6-4b67-b8a4-c536d9ab7224
2019-09-20 09:27:19,616 [RatisPipelineUtilsThread] INFO  pipeline.PipelineStateManager (PipelineStateManager.java:addPipeline(56)) - Created pipeline Pipeline[ Id: b6ab1b95-97f0-40b4-82ec-58fac97adbbf, Nodes: 02b93e76-e4c6-4b67-b8a4-c536d9ab7224{ip: 192.168.36.99, host: pr-hdds-1569-p5fx8-1226042367, networkLocation: /default-rack, certSerialId: null}, Type:RATIS, Factor:ONE, State:OPEN]
2019-09-20 09:27:19,626 [grpc-default-executor-2] INFO  impl.RaftServerProxy (RaftServerProxy.java:addNew(89)) - 871e6485-c22a-483f-9e07-d19e754685be: addNew group-D8E17CA343EE:[871e6485-c22a-483f-9e07-d19e754685be:192.168.36.99:41076] returns group-D8E17CA343EE:java.util.concurrent.CompletableFuture@69ceda2c[Not completed]
2019-09-20 09:27:19,627 [pool-71-thread-1] INFO  impl.RaftServerImpl (RaftServerImpl.java:<init>(93)) - 871e6485-c22a-483f-9e07-d19e754685be: new RaftServerImpl for group-D8E17CA343EE:[871e6485-c22a-483f-9e07-d19e754685be:192.168.36.99:41076] with ContainerStateMachine:uninitialized
2019-09-20 09:27:19,628 [pool-71-thread-1] INFO  server.RaftServerConfigKeys (ConfUtils.java:logGet(43)) - raft.server.rpc.timeout.min = 5s (custom)
2019-09-20 09:27:19,628 [pool-71-thread-1] INFO  server.RaftServerConfigKeys (ConfUtils.java:logGet(43)) - raft.server.rpc.timeout.max = 5200ms (custom)
2019-09-20 09:27:19,628 [pool-71-thread-1] INFO  server.RaftServerConfigKeys (ConfUtils.java:logGet(43)) - raft.server.rpcslowness.timeout = 10s (custom)
2019-09-20 09:27:19,628 [pool-71-thread-1] INFO  server.RaftServerConfigKeys (ConfUtils.java:logGet(43)) - raft.server.sleep.deviation.threshold = 300 (default)
2019-09-20 09:27:19,628 [pool-71-thread-1] INFO  server.RaftServerConfigKeys (ConfUtils.java:logGet(43)) - raft.server.log.appender.install.snapshot.enabled = false (custom)
2019-09-20 09:27:19,628 [pool-71-thread-1] INFO  impl.RaftServerImpl (ServerState.java:<init>(105)) - 871e6485-c22a-483f-9e07-d19e754685be:group-D8E17CA343EE ConfigurationManager, init=-1: [871e6485-c22a-483f-9e07-d19e754685be:192.168.36.99:41076], old=null, confs=<EMPTY_MAP>
2019-09-20 09:27:19,628 [pool-71-thread-1] INFO  server.RaftServerConfigKeys (ConfUtils.java:logGet(43)) - raft.server.storage.dir = [/workdir/hadoop-ozone/integration-test/target/test-dir/MiniOzoneClusterImpl-a33d77e5-464b-4d19-8e6b-a171e580bf0e/datanode-4/data/ratis] (custom)
2019-09-20 09:27:19,629 [pool-71-thread-1] INFO  storage.RaftStorageDirectory (RaftStorageDirectory.java:analyzeStorage(246)) - The storage directory /workdir/hadoop-ozone/integration-test/target/test-dir/MiniOzoneClusterImpl-a33d77e5-464b-4d19-8e6b-a171e580bf0e/datanode-4/data/ratis/11819390-3bac-44aa-bd5b-d8e17ca343ee does not exist. Creating ...
2019-09-20 09:27:19,646 [pool-71-thread-1] INFO  storage.RaftStorageDirectory (RaftStorageDirectory.java:tryLock(328)) - Lock on /workdir/hadoop-ozone/integration-test/target/test-dir/MiniOzoneClusterImpl-a33d77e5-464b-4d19-8e6b-a171e580bf0e/datanode-4/data/ratis/11819390-3bac-44aa-bd5b-d8e17ca343ee/in_use.lock acquired by nodename 7145@pr-hdds-1569-p5fx8-1226042367
2019-09-20 09:27:19,668 [pool-71-thread-1] INFO  storage.RaftStorage (RaftStorage.java:format(72)) - Storage directory /workdir/hadoop-ozone/integration-test/target/test-dir/MiniOzoneClusterImpl-a33d77e5-464b-4d19-8e6b-a171e580bf0e/datanode-4/data/ratis/11819390-3bac-44aa-bd5b-d8e17ca343ee has been successfully formatted.
2019-09-20 09:27:19,669 [pool-71-thread-1] INFO  ratis.ContainerStateMachine (ContainerStateMachine.java:loadSnapshot(226)) - group-D8E17CA343EE: The snapshot info is null. Setting the last applied indexto:(t:0, i:~)
2019-09-20 09:27:19,669 [pool-71-thread-1] INFO  server.RaftServerConfigKeys (ConfUtils.java:logGet(43)) - raft.server.leader.election.timeout = 10s (custom)
2019-09-20 09:27:19,669 [pool-71-thread-1] INFO  server.RaftServerConfigKeys (ConfUtils.java:logGet(43)) - raft.server.log.use.memory = false (default)
2019-09-20 09:27:19,669 [pool-71-thread-1] INFO  server.RaftServerConfigKeys (ConfUtils.java:logGet(43)) - raft.server.log.purge.gap = 1000000 (custom)
2019-09-20 09:27:19,669 [pool-71-thread-1] INFO  server.RaftServerConfigKeys (ConfUtils.java:logGet(43)) - raft.server.log.appender.buffer.byte-limit = 33554432 (custom)
2019-09-20 09:27:19,669 [pool-71-thread-1] INFO  server.RaftServerConfigKeys (ConfUtils.java:logGet(43)) - raft.server.log.segment.size.max = 1048576 (custom)
2019-09-20 09:27:19,669 [pool-71-thread-1] INFO  server.RaftServerConfigKeys (ConfUtils.java:logGet(43)) - raft.server.log.segment.cache.num.max = 2 (custom)
2019-09-20 09:27:19,669 [pool-71-thread-1] INFO  segmented.SegmentedRaftLogWorker (SegmentedRaftLogWorker.java:<init>(172)) - new 871e6485-c22a-483f-9e07-d19e754685be-SegmentedRaftLogWorker:Storage Directory /workdir/hadoop-ozone/integration-test/target/test-dir/MiniOzoneClusterImpl-a33d77e5-464b-4d19-8e6b-a171e580bf0e/datanode-4/data/ratis/11819390-3bac-44aa-bd5b-d8e17ca343ee for RaftStorage:Storage Directory /workdir/hadoop-ozone/integration-test/target/test-dir/MiniOzoneClusterImpl-a33d77e5-464b-4d19-8e6b-a171e580bf0e/datanode-4/data/ratis/11819390-3bac-44aa-bd5b-d8e17ca343ee
2019-09-20 09:27:19,670 [pool-71-thread-1] INFO  server.RaftServerConfigKeys (ConfUtils.java:logGet(43)) - raft.server.log.queue.byte-limit = 2147483647 (custom)
2019-09-20 09:27:19,670 [pool-71-thread-1] INFO  server.RaftServerConfigKeys (ConfUtils.java:logGet(43)) - raft.server.log.queue.element-limit = 1024 (custom)
2019-09-20 09:27:19,670 [pool-71-thread-1] INFO  server.RaftServerConfigKeys (ConfUtils.java:logGet(43)) - raft.server.log.segment.size.max = 1048576 (custom)
2019-09-20 09:27:19,670 [pool-71-thread-1] INFO  server.RaftServerConfigKeys (ConfUtils.java:logGet(43)) - raft.server.log.preallocated.size = 16384 (custom)
2019-09-20 09:27:19,670 [pool-71-thread-1] INFO  server.RaftServerConfigKeys (ConfUtils.java:logGet(43)) - raft.server.log.write.buffer.size = 33554432 (custom)
2019-09-20 09:27:19,670 [pool-71-thread-1] INFO  server.RaftServerConfigKeys (ConfUtils.java:logGet(43)) - raft.server.log.force.sync.num = 128 (default)
2019-09-20 09:27:19,670 [pool-71-thread-1] INFO  server.RaftServerConfigKeys (ConfUtils.java:logGet(43)) - raft.server.log.statemachine.data.sync = true (default)
2019-09-20 09:27:19,670 [pool-71-thread-1] INFO  server.RaftServerConfigKeys (ConfUtils.java:logGet(43)) - raft.server.log.statemachine.data.sync.timeout = 10s (default)
2019-09-20 09:27:19,670 [pool-71-thread-1] INFO  server.RaftServerConfigKeys (ConfUtils.java:logGet(43)) - raft.server.log.statemachine.data.sync.timeout.retry = -1 (default)
2019-09-20 09:27:19,670 [pool-71-thread-1] INFO  server.RaftServerConfigKeys (ConfUtils.java:logGet(43)) - raft.server.log.statemachine.data.caching.enabled = true (custom)
2019-09-20 09:27:19,671 [pool-71-thread-1] INFO  segmented.SegmentedRaftLogWorker (SegmentedRaftLogWorker.java:lambda$new$0(132)) - 871e6485-c22a-483f-9e07-d19e754685be-SegmentedRaftLogWorker:Storage Directory /workdir/hadoop-ozone/integration-test/target/test-dir/MiniOzoneClusterImpl-a33d77e5-464b-4d19-8e6b-a171e580bf0e/datanode-4/data/ratis/11819390-3bac-44aa-bd5b-d8e17ca343ee: flushIndex: setUnconditionally 0 -> -1
2019-09-20 09:27:19,671 [pool-71-thread-1] INFO  server.RaftServerConfigKeys (ConfUtils.java:logGet(43)) - raft.server.snapshot.auto.trigger.enabled = true (custom)
2019-09-20 09:27:19,671 [pool-71-thread-1] INFO  server.RaftServerConfigKeys (ConfUtils.java:logGet(43)) - raft.server.snapshot.auto.trigger.threshold = 10000 (custom)
2019-09-20 09:27:19,671 [pool-71-thread-1] INFO  server.RaftServerConfigKeys (ConfUtils.java:logGet(43)) - raft.server.retrycache.expirytime = 600000ms (custom)
2019-09-20 09:27:19,671 [pool-71-thread-1] INFO  impl.RaftServerImpl (RaftServerImpl.java:start(180)) - 871e6485-c22a-483f-9e07-d19e754685be: start group-D8E17CA343EE
2019-09-20 09:27:19,672 [pool-71-thread-1] INFO  impl.RaftServerImpl (RaftServerImpl.java:setRole(171)) - 871e6485-c22a-483f-9e07-d19e754685be:group-D8E17CA343EE changes role from null to FOLLOWER at term 0 for startAsFollower
2019-09-20 09:27:19,672 [pool-71-thread-1] INFO  impl.RoleInfo (RoleInfo.java:updateAndGet(143)) - 871e6485-c22a-483f-9e07-d19e754685be: start FollowerState
2019-09-20 09:27:19,672 [pool-71-thread-1] INFO  util.JmxRegister (JmxRegister.java:tryRegister(44)) - Successfully registered JMX Bean with object name Ratis:service=RaftServer,group=group-D8E17CA343EE,id=871e6485-c22a-483f-9e07-d19e754685be
2019-09-20 09:27:19,674 [RatisPipelineUtilsThread] INFO  pipeline.PipelineStateManager (PipelineStateManager.java:addPipeline(56)) - Created pipeline Pipeline[ Id: 11819390-3bac-44aa-bd5b-d8e17ca343ee, Nodes: 871e6485-c22a-483f-9e07-d19e754685be{ip: 192.168.36.99, host: pr-hdds-1569-p5fx8-1226042367, networkLocation: /default-rack, certSerialId: null}, Type:RATIS, Factor:ONE, State:OPEN]
2019-09-20 09:27:19,679 [grpc-default-executor-2] INFO  impl.RaftServerProxy (RaftServerProxy.java:addNew(89)) - dc7f40a9-6782-42c4-abab-c6b1682da047: addNew group-5EBA6C781592:[dc7f40a9-6782-42c4-abab-c6b1682da047:192.168.36.99:40142] returns group-5EBA6C781592:java.util.concurrent.CompletableFuture@12b0bb58[Not completed]
2019-09-20 09:27:19,681 [pool-82-thread-1] INFO  impl.RaftServerImpl (RaftServerImpl.java:<init>(93)) - dc7f40a9-6782-42c4-abab-c6b1682da047: new RaftServerImpl for group-5EBA6C781592:[dc7f40a9-6782-42c4-abab-c6b1682da047:192.168.36.99:40142] with ContainerStateMachine:uninitialized
2019-09-20 09:27:19,681 [pool-82-thread-1] INFO  server.RaftServerConfigKeys (ConfUtils.java:logGet(43)) - raft.server.rpc.timeout.min = 5s (custom)
2019-09-20 09:27:19,681 [pool-82-thread-1] INFO  server.RaftServerConfigKeys (ConfUtils.java:logGet(43)) - raft.server.rpc.timeout.max = 5200ms (custom)
2019-09-20 09:27:19,681 [pool-82-thread-1] INFO  server.RaftServerConfigKeys (ConfUtils.java:logGet(43)) - raft.server.rpcslowness.timeout = 10s (custom)
2019-09-20 09:27:19,681 [pool-82-thread-1] INFO  server.RaftServerConfigKeys (ConfUtils.java:logGet(43)) - raft.server.sleep.deviation.threshold = 300 (default)
2019-09-20 09:27:19,681 [pool-82-thread-1] INFO  server.RaftServerConfigKeys (ConfUtils.java:logGet(43)) - raft.server.log.appender.install.snapshot.enabled = false (custom)
2019-09-20 09:27:19,681 [pool-82-thread-1] INFO  impl.RaftServerImpl (ServerState.java:<init>(105)) - dc7f40a9-6782-42c4-abab-c6b1682da047:group-5EBA6C781592 ConfigurationManager, init=-1: [dc7f40a9-6782-42c4-abab-c6b1682da047:192.168.36.99:40142], old=null, confs=<EMPTY_MAP>
2019-09-20 09:27:19,682 [pool-82-thread-1] INFO  server.RaftServerConfigKeys (ConfUtils.java:logGet(43)) - raft.server.storage.dir = [/workdir/hadoop-ozone/integration-test/target/test-dir/MiniOzoneClusterImpl-a33d77e5-464b-4d19-8e6b-a171e580bf0e/datanode-5/data/ratis] (custom)
2019-09-20 09:27:19,682 [pool-82-thread-1] INFO  storage.RaftStorageDirectory (RaftStorageDirectory.java:analyzeStorage(246)) - The storage directory /workdir/hadoop-ozone/integration-test/target/test-dir/MiniOzoneClusterImpl-a33d77e5-464b-4d19-8e6b-a171e580bf0e/datanode-5/data/ratis/80ea906b-5b01-4346-b80a-5eba6c781592 does not exist. Creating ...
2019-09-20 09:27:19,700 [pool-82-thread-1] INFO  storage.RaftStorageDirectory (RaftStorageDirectory.java:tryLock(328)) - Lock on /workdir/hadoop-ozone/integration-test/target/test-dir/MiniOzoneClusterImpl-a33d77e5-464b-4d19-8e6b-a171e580bf0e/datanode-5/data/ratis/80ea906b-5b01-4346-b80a-5eba6c781592/in_use.lock acquired by nodename 7145@pr-hdds-1569-p5fx8-1226042367
2019-09-20 09:27:19,719 [pool-82-thread-1] INFO  storage.RaftStorage (RaftStorage.java:format(72)) - Storage directory /workdir/hadoop-ozone/integration-test/target/test-dir/MiniOzoneClusterImpl-a33d77e5-464b-4d19-8e6b-a171e580bf0e/datanode-5/data/ratis/80ea906b-5b01-4346-b80a-5eba6c781592 has been successfully formatted.
2019-09-20 09:27:19,719 [pool-82-thread-1] INFO  ratis.ContainerStateMachine (ContainerStateMachine.java:loadSnapshot(226)) - group-5EBA6C781592: The snapshot info is null. Setting the last applied indexto:(t:0, i:~)
2019-09-20 09:27:19,719 [pool-82-thread-1] INFO  server.RaftServerConfigKeys (ConfUtils.java:logGet(43)) - raft.server.leader.election.timeout = 10s (custom)
2019-09-20 09:27:19,720 [pool-82-thread-1] INFO  server.RaftServerConfigKeys (ConfUtils.java:logGet(43)) - raft.server.log.use.memory = false (default)
2019-09-20 09:27:19,720 [pool-82-thread-1] INFO  server.RaftServerConfigKeys (ConfUtils.java:logGet(43)) - raft.server.log.purge.gap = 1000000 (custom)
2019-09-20 09:27:19,720 [pool-82-thread-1] INFO  server.RaftServerConfigKeys (ConfUtils.java:logGet(43)) - raft.server.log.appender.buffer.byte-limit = 33554432 (custom)
2019-09-20 09:27:19,720 [pool-82-thread-1] INFO  server.RaftServerConfigKeys (ConfUtils.java:logGet(43)) - raft.server.log.segment.size.max = 1048576 (custom)
2019-09-20 09:27:19,720 [pool-82-thread-1] INFO  server.RaftServerConfigKeys (ConfUtils.java:logGet(43)) - raft.server.log.segment.cache.num.max = 2 (custom)
2019-09-20 09:27:19,720 [pool-82-thread-1] INFO  segmented.SegmentedRaftLogWorker (SegmentedRaftLogWorker.java:<init>(172)) - new dc7f40a9-6782-42c4-abab-c6b1682da047-SegmentedRaftLogWorker:Storage Directory /workdir/hadoop-ozone/integration-test/target/test-dir/MiniOzoneClusterImpl-a33d77e5-464b-4d19-8e6b-a171e580bf0e/datanode-5/data/ratis/80ea906b-5b01-4346-b80a-5eba6c781592 for RaftStorage:Storage Directory /workdir/hadoop-ozone/integration-test/target/test-dir/MiniOzoneClusterImpl-a33d77e5-464b-4d19-8e6b-a171e580bf0e/datanode-5/data/ratis/80ea906b-5b01-4346-b80a-5eba6c781592
2019-09-20 09:27:19,721 [pool-82-thread-1] INFO  server.RaftServerConfigKeys (ConfUtils.java:logGet(43)) - raft.server.log.queue.byte-limit = 2147483647 (custom)
2019-09-20 09:27:19,721 [pool-82-thread-1] INFO  server.RaftServerConfigKeys (ConfUtils.java:logGet(43)) - raft.server.log.queue.element-limit = 1024 (custom)
2019-09-20 09:27:19,721 [pool-82-thread-1] INFO  server.RaftServerConfigKeys (ConfUtils.java:logGet(43)) - raft.server.log.segment.size.max = 1048576 (custom)
2019-09-20 09:27:19,728 [pool-82-thread-1] INFO  server.RaftServerConfigKeys (ConfUtils.java:logGet(43)) - raft.server.log.preallocated.size = 16384 (custom)
2019-09-20 09:27:19,728 [pool-82-thread-1] INFO  server.RaftServerConfigKeys (ConfUtils.java:logGet(43)) - raft.server.log.write.buffer.size = 33554432 (custom)
2019-09-20 09:27:19,728 [pool-82-thread-1] INFO  server.RaftServerConfigKeys (ConfUtils.java:logGet(43)) - raft.server.log.force.sync.num = 128 (default)
2019-09-20 09:27:19,729 [pool-82-thread-1] INFO  server.RaftServerConfigKeys (ConfUtils.java:logGet(43)) - raft.server.log.statemachine.data.sync = true (default)
2019-09-20 09:27:19,729 [pool-82-thread-1] INFO  server.RaftServerConfigKeys (ConfUtils.java:logGet(43)) - raft.server.log.statemachine.data.sync.timeout = 10s (default)
2019-09-20 09:27:19,729 [pool-82-thread-1] INFO  server.RaftServerConfigKeys (ConfUtils.java:logGet(43)) - raft.server.log.statemachine.data.sync.timeout.retry = -1 (default)
2019-09-20 09:27:19,729 [pool-82-thread-1] INFO  server.RaftServerConfigKeys (ConfUtils.java:logGet(43)) - raft.server.log.statemachine.data.caching.enabled = true (custom)
2019-09-20 09:27:19,729 [pool-82-thread-1] INFO  segmented.SegmentedRaftLogWorker (SegmentedRaftLogWorker.java:lambda$new$0(132)) - dc7f40a9-6782-42c4-abab-c6b1682da047-SegmentedRaftLogWorker:Storage Directory /workdir/hadoop-ozone/integration-test/target/test-dir/MiniOzoneClusterImpl-a33d77e5-464b-4d19-8e6b-a171e580bf0e/datanode-5/data/ratis/80ea906b-5b01-4346-b80a-5eba6c781592: flushIndex: setUnconditionally 0 -> -1
2019-09-20 09:27:19,730 [pool-82-thread-1] INFO  server.RaftServerConfigKeys (ConfUtils.java:logGet(43)) - raft.server.snapshot.auto.trigger.enabled = true (custom)
2019-09-20 09:27:19,730 [pool-82-thread-1] INFO  server.RaftServerConfigKeys (ConfUtils.java:logGet(43)) - raft.server.snapshot.auto.trigger.threshold = 10000 (custom)
2019-09-20 09:27:19,730 [pool-82-thread-1] INFO  server.RaftServerConfigKeys (ConfUtils.java:logGet(43)) - raft.server.retrycache.expirytime = 600000ms (custom)
2019-09-20 09:27:19,730 [pool-82-thread-1] INFO  impl.RaftServerImpl (RaftServerImpl.java:start(180)) - dc7f40a9-6782-42c4-abab-c6b1682da047: start group-5EBA6C781592
2019-09-20 09:27:19,731 [pool-82-thread-1] INFO  impl.RaftServerImpl (RaftServerImpl.java:setRole(171)) - dc7f40a9-6782-42c4-abab-c6b1682da047:group-5EBA6C781592 changes role from null to FOLLOWER at term 0 for startAsFollower
2019-09-20 09:27:19,731 [pool-82-thread-1] INFO  impl.RoleInfo (RoleInfo.java:updateAndGet(143)) - dc7f40a9-6782-42c4-abab-c6b1682da047: start FollowerState
2019-09-20 09:27:19,731 [pool-82-thread-1] INFO  util.JmxRegister (JmxRegister.java:tryRegister(44)) - Successfully registered JMX Bean with object name Ratis:service=RaftServer,group=group-5EBA6C781592,id=dc7f40a9-6782-42c4-abab-c6b1682da047
2019-09-20 09:27:19,734 [RatisPipelineUtilsThread] INFO  pipeline.PipelineStateManager (PipelineStateManager.java:addPipeline(56)) - Created pipeline Pipeline[ Id: 80ea906b-5b01-4346-b80a-5eba6c781592, Nodes: dc7f40a9-6782-42c4-abab-c6b1682da047{ip: 192.168.36.99, host: pr-hdds-1569-p5fx8-1226042367, networkLocation: /default-rack, certSerialId: null}, Type:RATIS, Factor:ONE, State:OPEN]
2019-09-20 09:27:19,739 [grpc-default-executor-2] INFO  impl.RaftServerProxy (RaftServerProxy.java:addNew(89)) - 4840c00f-91d3-4881-a20b-4d0486ca97c0: addNew group-746BFFF34F3B:[4840c00f-91d3-4881-a20b-4d0486ca97c0:192.168.36.99:41473] returns group-746BFFF34F3B:java.util.concurrent.CompletableFuture@7e2bce8d[Not completed]
2019-09-20 09:27:19,741 [pool-60-thread-1] INFO  impl.RaftServerImpl (RaftServerImpl.java:<init>(93)) - 4840c00f-91d3-4881-a20b-4d0486ca97c0: new RaftServerImpl for group-746BFFF34F3B:[4840c00f-91d3-4881-a20b-4d0486ca97c0:192.168.36.99:41473] with ContainerStateMachine:uninitialized
2019-09-20 09:27:19,741 [pool-60-thread-1] INFO  server.RaftServerConfigKeys (ConfUtils.java:logGet(43)) - raft.server.rpc.timeout.min = 5s (custom)
2019-09-20 09:27:19,741 [pool-60-thread-1] INFO  server.RaftServerConfigKeys (ConfUtils.java:logGet(43)) - raft.server.rpc.timeout.max = 5200ms (custom)
2019-09-20 09:27:19,741 [pool-60-thread-1] INFO  server.RaftServerConfigKeys (ConfUtils.java:logGet(43)) - raft.server.rpcslowness.timeout = 10s (custom)
2019-09-20 09:27:19,742 [pool-60-thread-1] INFO  server.RaftServerConfigKeys (ConfUtils.java:logGet(43)) - raft.server.sleep.deviation.threshold = 300 (default)
2019-09-20 09:27:19,742 [pool-60-thread-1] INFO  server.RaftServerConfigKeys (ConfUtils.java:logGet(43)) - raft.server.log.appender.install.snapshot.enabled = false (custom)
2019-09-20 09:27:19,742 [pool-60-thread-1] INFO  impl.RaftServerImpl (ServerState.java:<init>(105)) - 4840c00f-91d3-4881-a20b-4d0486ca97c0:group-746BFFF34F3B ConfigurationManager, init=-1: [4840c00f-91d3-4881-a20b-4d0486ca97c0:192.168.36.99:41473], old=null, confs=<EMPTY_MAP>
2019-09-20 09:27:19,742 [pool-60-thread-1] INFO  server.RaftServerConfigKeys (ConfUtils.java:logGet(43)) - raft.server.storage.dir = [/workdir/hadoop-ozone/integration-test/target/test-dir/MiniOzoneClusterImpl-a33d77e5-464b-4d19-8e6b-a171e580bf0e/datanode-3/data/ratis] (custom)
2019-09-20 09:27:19,743 [pool-60-thread-1] INFO  storage.RaftStorageDirectory (RaftStorageDirectory.java:analyzeStorage(246)) - The storage directory /workdir/hadoop-ozone/integration-test/target/test-dir/MiniOzoneClusterImpl-a33d77e5-464b-4d19-8e6b-a171e580bf0e/datanode-3/data/ratis/d9b560f2-a46e-4e98-97ad-746bfff34f3b does not exist. Creating ...
2019-09-20 09:27:19,791 [pool-60-thread-1] INFO  storage.RaftStorageDirectory (RaftStorageDirectory.java:tryLock(328)) - Lock on /workdir/hadoop-ozone/integration-test/target/test-dir/MiniOzoneClusterImpl-a33d77e5-464b-4d19-8e6b-a171e580bf0e/datanode-3/data/ratis/d9b560f2-a46e-4e98-97ad-746bfff34f3b/in_use.lock acquired by nodename 7145@pr-hdds-1569-p5fx8-1226042367
2019-09-20 09:27:19,834 [pool-60-thread-1] INFO  storage.RaftStorage (RaftStorage.java:format(72)) - Storage directory /workdir/hadoop-ozone/integration-test/target/test-dir/MiniOzoneClusterImpl-a33d77e5-464b-4d19-8e6b-a171e580bf0e/datanode-3/data/ratis/d9b560f2-a46e-4e98-97ad-746bfff34f3b has been successfully formatted.
2019-09-20 09:27:19,835 [pool-60-thread-1] INFO  ratis.ContainerStateMachine (ContainerStateMachine.java:loadSnapshot(226)) - group-746BFFF34F3B: The snapshot info is null. Setting the last applied indexto:(t:0, i:~)
2019-09-20 09:27:19,835 [pool-60-thread-1] INFO  server.RaftServerConfigKeys (ConfUtils.java:logGet(43)) - raft.server.leader.election.timeout = 10s (custom)
2019-09-20 09:27:19,835 [pool-60-thread-1] INFO  server.RaftServerConfigKeys (ConfUtils.java:logGet(43)) - raft.server.log.use.memory = false (default)
2019-09-20 09:27:19,835 [pool-60-thread-1] INFO  server.RaftServerConfigKeys (ConfUtils.java:logGet(43)) - raft.server.log.purge.gap = 1000000 (custom)
2019-09-20 09:27:19,835 [pool-60-thread-1] INFO  server.RaftServerConfigKeys (ConfUtils.java:logGet(43)) - raft.server.log.appender.buffer.byte-limit = 33554432 (custom)
2019-09-20 09:27:19,835 [pool-60-thread-1] INFO  server.RaftServerConfigKeys (ConfUtils.java:logGet(43)) - raft.server.log.segment.size.max = 1048576 (custom)
2019-09-20 09:27:19,836 [pool-60-thread-1] INFO  server.RaftServerConfigKeys (ConfUtils.java:logGet(43)) - raft.server.log.segment.cache.num.max = 2 (custom)
2019-09-20 09:27:19,836 [pool-60-thread-1] INFO  segmented.SegmentedRaftLogWorker (SegmentedRaftLogWorker.java:<init>(172)) - new 4840c00f-91d3-4881-a20b-4d0486ca97c0-SegmentedRaftLogWorker:Storage Directory /workdir/hadoop-ozone/integration-test/target/test-dir/MiniOzoneClusterImpl-a33d77e5-464b-4d19-8e6b-a171e580bf0e/datanode-3/data/ratis/d9b560f2-a46e-4e98-97ad-746bfff34f3b for RaftStorage:Storage Directory /workdir/hadoop-ozone/integration-test/target/test-dir/MiniOzoneClusterImpl-a33d77e5-464b-4d19-8e6b-a171e580bf0e/datanode-3/data/ratis/d9b560f2-a46e-4e98-97ad-746bfff34f3b
2019-09-20 09:27:19,836 [pool-60-thread-1] INFO  server.RaftServerConfigKeys (ConfUtils.java:logGet(43)) - raft.server.log.queue.byte-limit = 2147483647 (custom)
2019-09-20 09:27:19,836 [pool-60-thread-1] INFO  server.RaftServerConfigKeys (ConfUtils.java:logGet(43)) - raft.server.log.queue.element-limit = 1024 (custom)
2019-09-20 09:27:19,836 [pool-60-thread-1] INFO  server.RaftServerConfigKeys (ConfUtils.java:logGet(43)) - raft.server.log.segment.size.max = 1048576 (custom)
2019-09-20 09:27:19,836 [pool-60-thread-1] INFO  server.RaftServerConfigKeys (ConfUtils.java:logGet(43)) - raft.server.log.preallocated.size = 16384 (custom)
2019-09-20 09:27:19,837 [pool-60-thread-1] INFO  server.RaftServerConfigKeys (ConfUtils.java:logGet(43)) - raft.server.log.write.buffer.size = 33554432 (custom)
2019-09-20 09:27:19,837 [pool-60-thread-1] INFO  server.RaftServerConfigKeys (ConfUtils.java:logGet(43)) - raft.server.log.force.sync.num = 128 (default)
2019-09-20 09:27:19,837 [pool-60-thread-1] INFO  server.RaftServerConfigKeys (ConfUtils.java:logGet(43)) - raft.server.log.statemachine.data.sync = true (default)
2019-09-20 09:27:19,837 [pool-60-thread-1] INFO  server.RaftServerConfigKeys (ConfUtils.java:logGet(43)) - raft.server.log.statemachine.data.sync.timeout = 10s (default)
2019-09-20 09:27:19,837 [pool-60-thread-1] INFO  server.RaftServerConfigKeys (ConfUtils.java:logGet(43)) - raft.server.log.statemachine.data.sync.timeout.retry = -1 (default)
2019-09-20 09:27:19,837 [pool-60-thread-1] INFO  server.RaftServerConfigKeys (ConfUtils.java:logGet(43)) - raft.server.log.statemachine.data.caching.enabled = true (custom)
2019-09-20 09:27:19,838 [pool-60-thread-1] INFO  segmented.SegmentedRaftLogWorker (SegmentedRaftLogWorker.java:lambda$new$0(132)) - 4840c00f-91d3-4881-a20b-4d0486ca97c0-SegmentedRaftLogWorker:Storage Directory /workdir/hadoop-ozone/integration-test/target/test-dir/MiniOzoneClusterImpl-a33d77e5-464b-4d19-8e6b-a171e580bf0e/datanode-3/data/ratis/d9b560f2-a46e-4e98-97ad-746bfff34f3b: flushIndex: setUnconditionally 0 -> -1
2019-09-20 09:27:19,838 [pool-60-thread-1] INFO  server.RaftServerConfigKeys (ConfUtils.java:logGet(43)) - raft.server.snapshot.auto.trigger.enabled = true (custom)
2019-09-20 09:27:19,838 [pool-60-thread-1] INFO  server.RaftServerConfigKeys (ConfUtils.java:logGet(43)) - raft.server.snapshot.auto.trigger.threshold = 10000 (custom)
2019-09-20 09:27:19,838 [pool-60-thread-1] INFO  server.RaftServerConfigKeys (ConfUtils.java:logGet(43)) - raft.server.retrycache.expirytime = 600000ms (custom)
2019-09-20 09:27:19,839 [pool-60-thread-1] INFO  impl.RaftServerImpl (RaftServerImpl.java:start(180)) - 4840c00f-91d3-4881-a20b-4d0486ca97c0: start group-746BFFF34F3B
2019-09-20 09:27:19,839 [pool-60-thread-1] INFO  impl.RaftServerImpl (RaftServerImpl.java:setRole(171)) - 4840c00f-91d3-4881-a20b-4d0486ca97c0:group-746BFFF34F3B changes role from null to FOLLOWER at term 0 for startAsFollower
2019-09-20 09:27:19,839 [pool-60-thread-1] INFO  impl.RoleInfo (RoleInfo.java:updateAndGet(143)) - 4840c00f-91d3-4881-a20b-4d0486ca97c0: start FollowerState
2019-09-20 09:27:19,839 [pool-60-thread-1] INFO  util.JmxRegister (JmxRegister.java:tryRegister(44)) - Successfully registered JMX Bean with object name Ratis:service=RaftServer,group=group-746BFFF34F3B,id=4840c00f-91d3-4881-a20b-4d0486ca97c0
2019-09-20 09:27:19,842 [RatisPipelineUtilsThread] INFO  pipeline.PipelineStateManager (PipelineStateManager.java:addPipeline(56)) - Created pipeline Pipeline[ Id: d9b560f2-a46e-4e98-97ad-746bfff34f3b, Nodes: 4840c00f-91d3-4881-a20b-4d0486ca97c0{ip: 192.168.36.99, host: pr-hdds-1569-p5fx8-1226042367, networkLocation: /default-rack, certSerialId: null}, Type:RATIS, Factor:ONE, State:OPEN]
2019-09-20 09:27:19,849 [grpc-default-executor-2] INFO  impl.RaftServerProxy (RaftServerProxy.java:addNew(89)) - fd3cd5f9-4f1c-43ea-91b1-b85a1f6c3825: addNew group-CB71EC238721:[fd3cd5f9-4f1c-43ea-91b1-b85a1f6c3825:192.168.36.99:39114] returns group-CB71EC238721:java.util.concurrent.CompletableFuture@402c5173[Not completed]
2019-09-20 09:27:19,851 [pool-38-thread-1] INFO  impl.RaftServerImpl (RaftServerImpl.java:<init>(93)) - fd3cd5f9-4f1c-43ea-91b1-b85a1f6c3825: new RaftServerImpl for group-CB71EC238721:[fd3cd5f9-4f1c-43ea-91b1-b85a1f6c3825:192.168.36.99:39114] with ContainerStateMachine:uninitialized
2019-09-20 09:27:19,851 [pool-38-thread-1] INFO  server.RaftServerConfigKeys (ConfUtils.java:logGet(43)) - raft.server.rpc.timeout.min = 5s (custom)
2019-09-20 09:27:19,851 [pool-38-thread-1] INFO  server.RaftServerConfigKeys (ConfUtils.java:logGet(43)) - raft.server.rpc.timeout.max = 5200ms (custom)
2019-09-20 09:27:19,851 [pool-38-thread-1] INFO  server.RaftServerConfigKeys (ConfUtils.java:logGet(43)) - raft.server.rpcslowness.timeout = 10s (custom)
2019-09-20 09:27:19,851 [pool-38-thread-1] INFO  server.RaftServerConfigKeys (ConfUtils.java:logGet(43)) - raft.server.sleep.deviation.threshold = 300 (default)
2019-09-20 09:27:19,851 [pool-38-thread-1] INFO  server.RaftServerConfigKeys (ConfUtils.java:logGet(43)) - raft.server.log.appender.install.snapshot.enabled = false (custom)
2019-09-20 09:27:19,851 [pool-38-thread-1] INFO  impl.RaftServerImpl (ServerState.java:<init>(105)) - fd3cd5f9-4f1c-43ea-91b1-b85a1f6c3825:group-CB71EC238721 ConfigurationManager, init=-1: [fd3cd5f9-4f1c-43ea-91b1-b85a1f6c3825:192.168.36.99:39114], old=null, confs=<EMPTY_MAP>
2019-09-20 09:27:19,852 [pool-38-thread-1] INFO  server.RaftServerConfigKeys (ConfUtils.java:logGet(43)) - raft.server.storage.dir = [/workdir/hadoop-ozone/integration-test/target/test-dir/MiniOzoneClusterImpl-a33d77e5-464b-4d19-8e6b-a171e580bf0e/datanode-1/data/ratis] (custom)
2019-09-20 09:27:19,852 [pool-38-thread-1] INFO  storage.RaftStorageDirectory (RaftStorageDirectory.java:analyzeStorage(246)) - The storage directory /workdir/hadoop-ozone/integration-test/target/test-dir/MiniOzoneClusterImpl-a33d77e5-464b-4d19-8e6b-a171e580bf0e/datanode-1/data/ratis/bc8d2ded-e978-4450-88bf-cb71ec238721 does not exist. Creating ...
2019-09-20 09:27:19,868 [pool-38-thread-1] INFO  storage.RaftStorageDirectory (RaftStorageDirectory.java:tryLock(328)) - Lock on /workdir/hadoop-ozone/integration-test/target/test-dir/MiniOzoneClusterImpl-a33d77e5-464b-4d19-8e6b-a171e580bf0e/datanode-1/data/ratis/bc8d2ded-e978-4450-88bf-cb71ec238721/in_use.lock acquired by nodename 7145@pr-hdds-1569-p5fx8-1226042367
2019-09-20 09:27:19,888 [Thread-804] INFO  impl.FollowerState (FollowerState.java:run(106)) - 02b93e76-e4c6-4b67-b8a4-c536d9ab7224:group-80E08822C518 changes to CANDIDATE, lastRpcTime:5009, electionTimeout:5009ms
2019-09-20 09:27:19,888 [Thread-804] INFO  impl.RoleInfo (RoleInfo.java:shutdownFollowerState(121)) - 02b93e76-e4c6-4b67-b8a4-c536d9ab7224: shutdown FollowerState
2019-09-20 09:27:19,888 [Thread-804] INFO  impl.RaftServerImpl (RaftServerImpl.java:setRole(171)) - 02b93e76-e4c6-4b67-b8a4-c536d9ab7224:group-80E08822C518 changes role from FOLLOWER to CANDIDATE at term 0 for changeToCandidate
2019-09-20 09:27:19,889 [Thread-804] INFO  impl.RoleInfo (RoleInfo.java:updateAndGet(143)) - 02b93e76-e4c6-4b67-b8a4-c536d9ab7224: start LeaderElection
2019-09-20 09:27:19,905 [pool-38-thread-1] INFO  storage.RaftStorage (RaftStorage.java:format(72)) - Storage directory /workdir/hadoop-ozone/integration-test/target/test-dir/MiniOzoneClusterImpl-a33d77e5-464b-4d19-8e6b-a171e580bf0e/datanode-1/data/ratis/bc8d2ded-e978-4450-88bf-cb71ec238721 has been successfully formatted.
2019-09-20 09:27:19,905 [pool-38-thread-1] INFO  ratis.ContainerStateMachine (ContainerStateMachine.java:loadSnapshot(226)) - group-CB71EC238721: The snapshot info is null. Setting the last applied indexto:(t:0, i:~)
2019-09-20 09:27:19,906 [pool-38-thread-1] INFO  server.RaftServerConfigKeys (ConfUtils.java:logGet(43)) - raft.server.leader.election.timeout = 10s (custom)
2019-09-20 09:27:19,906 [pool-38-thread-1] INFO  server.RaftServerConfigKeys (ConfUtils.java:logGet(43)) - raft.server.log.use.memory = false (default)
2019-09-20 09:27:19,906 [pool-38-thread-1] INFO  server.RaftServerConfigKeys (ConfUtils.java:logGet(43)) - raft.server.log.purge.gap = 1000000 (custom)
2019-09-20 09:27:19,906 [pool-38-thread-1] INFO  server.RaftServerConfigKeys (ConfUtils.java:logGet(43)) - raft.server.log.appender.buffer.byte-limit = 33554432 (custom)
2019-09-20 09:27:19,906 [pool-38-thread-1] INFO  server.RaftServerConfigKeys (ConfUtils.java:logGet(43)) - raft.server.log.segment.size.max = 1048576 (custom)
2019-09-20 09:27:19,906 [pool-38-thread-1] INFO  server.RaftServerConfigKeys (ConfUtils.java:logGet(43)) - raft.server.log.segment.cache.num.max = 2 (custom)
2019-09-20 09:27:19,907 [pool-38-thread-1] INFO  segmented.SegmentedRaftLogWorker (SegmentedRaftLogWorker.java:<init>(172)) - new fd3cd5f9-4f1c-43ea-91b1-b85a1f6c3825-SegmentedRaftLogWorker:Storage Directory /workdir/hadoop-ozone/integration-test/target/test-dir/MiniOzoneClusterImpl-a33d77e5-464b-4d19-8e6b-a171e580bf0e/datanode-1/data/ratis/bc8d2ded-e978-4450-88bf-cb71ec238721 for RaftStorage:Storage Directory /workdir/hadoop-ozone/integration-test/target/test-dir/MiniOzoneClusterImpl-a33d77e5-464b-4d19-8e6b-a171e580bf0e/datanode-1/data/ratis/bc8d2ded-e978-4450-88bf-cb71ec238721
2019-09-20 09:27:19,907 [pool-38-thread-1] INFO  server.RaftServerConfigKeys (ConfUtils.java:logGet(43)) - raft.server.log.queue.byte-limit = 2147483647 (custom)
2019-09-20 09:27:19,907 [pool-38-thread-1] INFO  server.RaftServerConfigKeys (ConfUtils.java:logGet(43)) - raft.server.log.queue.element-limit = 1024 (custom)
2019-09-20 09:27:19,907 [pool-38-thread-1] INFO  server.RaftServerConfigKeys (ConfUtils.java:logGet(43)) - raft.server.log.segment.size.max = 1048576 (custom)
2019-09-20 09:27:19,907 [pool-38-thread-1] INFO  server.RaftServerConfigKeys (ConfUtils.java:logGet(43)) - raft.server.log.preallocated.size = 16384 (custom)
2019-09-20 09:27:19,907 [pool-38-thread-1] INFO  server.RaftServerConfigKeys (ConfUtils.java:logGet(43)) - raft.server.log.write.buffer.size = 33554432 (custom)
2019-09-20 09:27:19,907 [pool-38-thread-1] INFO  server.RaftServerConfigKeys (ConfUtils.java:logGet(43)) - raft.server.log.force.sync.num = 128 (default)
2019-09-20 09:27:19,908 [pool-38-thread-1] INFO  server.RaftServerConfigKeys (ConfUtils.java:logGet(43)) - raft.server.log.statemachine.data.sync = true (default)
2019-09-20 09:27:19,908 [pool-38-thread-1] INFO  server.RaftServerConfigKeys (ConfUtils.java:logGet(43)) - raft.server.log.statemachine.data.sync.timeout = 10s (default)
2019-09-20 09:27:19,908 [pool-38-thread-1] INFO  server.RaftServerConfigKeys (ConfUtils.java:logGet(43)) - raft.server.log.statemachine.data.sync.timeout.retry = -1 (default)
2019-09-20 09:27:19,908 [pool-38-thread-1] INFO  server.RaftServerConfigKeys (ConfUtils.java:logGet(43)) - raft.server.log.statemachine.data.caching.enabled = true (custom)
2019-09-20 09:27:19,908 [pool-38-thread-1] INFO  segmented.SegmentedRaftLogWorker (SegmentedRaftLogWorker.java:lambda$new$0(132)) - fd3cd5f9-4f1c-43ea-91b1-b85a1f6c3825-SegmentedRaftLogWorker:Storage Directory /workdir/hadoop-ozone/integration-test/target/test-dir/MiniOzoneClusterImpl-a33d77e5-464b-4d19-8e6b-a171e580bf0e/datanode-1/data/ratis/bc8d2ded-e978-4450-88bf-cb71ec238721: flushIndex: setUnconditionally 0 -> -1
2019-09-20 09:27:19,909 [pool-38-thread-1] INFO  server.RaftServerConfigKeys (ConfUtils.java:logGet(43)) - raft.server.snapshot.auto.trigger.enabled = true (custom)
2019-09-20 09:27:19,909 [pool-38-thread-1] INFO  server.RaftServerConfigKeys (ConfUtils.java:logGet(43)) - raft.server.snapshot.auto.trigger.threshold = 10000 (custom)
2019-09-20 09:27:19,909 [pool-38-thread-1] INFO  server.RaftServerConfigKeys (ConfUtils.java:logGet(43)) - raft.server.retrycache.expirytime = 600000ms (custom)
2019-09-20 09:27:19,909 [pool-38-thread-1] INFO  impl.RaftServerImpl (RaftServerImpl.java:start(180)) - fd3cd5f9-4f1c-43ea-91b1-b85a1f6c3825: start group-CB71EC238721
2019-09-20 09:27:19,909 [pool-38-thread-1] INFO  impl.RaftServerImpl (RaftServerImpl.java:setRole(171)) - fd3cd5f9-4f1c-43ea-91b1-b85a1f6c3825:group-CB71EC238721 changes role from null to FOLLOWER at term 0 for startAsFollower
2019-09-20 09:27:19,910 [pool-38-thread-1] INFO  impl.RoleInfo (RoleInfo.java:updateAndGet(143)) - fd3cd5f9-4f1c-43ea-91b1-b85a1f6c3825: start FollowerState
2019-09-20 09:27:19,910 [pool-38-thread-1] INFO  util.JmxRegister (JmxRegister.java:tryRegister(44)) - Successfully registered JMX Bean with object name Ratis:service=RaftServer,group=group-CB71EC238721,id=fd3cd5f9-4f1c-43ea-91b1-b85a1f6c3825
2019-09-20 09:27:19,913 [Thread-801] INFO  impl.FollowerState (FollowerState.java:run(106)) - 02b93e76-e4c6-4b67-b8a4-c536d9ab7224:group-37C7F6D04707 changes to CANDIDATE, lastRpcTime:5035, electionTimeout:5035ms
2019-09-20 09:27:19,913 [Thread-801] INFO  impl.RoleInfo (RoleInfo.java:shutdownFollowerState(121)) - 02b93e76-e4c6-4b67-b8a4-c536d9ab7224: shutdown FollowerState
2019-09-20 09:27:19,913 [RatisPipelineUtilsThread] INFO  pipeline.PipelineStateManager (PipelineStateManager.java:addPipeline(56)) - Created pipeline Pipeline[ Id: bc8d2ded-e978-4450-88bf-cb71ec238721, Nodes: fd3cd5f9-4f1c-43ea-91b1-b85a1f6c3825{ip: 192.168.36.99, host: pr-hdds-1569-p5fx8-1226042367, networkLocation: /default-rack, certSerialId: null}, Type:RATIS, Factor:ONE, State:OPEN]
2019-09-20 09:27:19,913 [Thread-801] INFO  impl.RaftServerImpl (RaftServerImpl.java:setRole(171)) - 02b93e76-e4c6-4b67-b8a4-c536d9ab7224:group-37C7F6D04707 changes role from FOLLOWER to CANDIDATE at term 0 for changeToCandidate
2019-09-20 09:27:19,913 [Thread-801] INFO  impl.RoleInfo (RoleInfo.java:updateAndGet(143)) - 02b93e76-e4c6-4b67-b8a4-c536d9ab7224: start LeaderElection
2019-09-20 09:27:19,919 [grpc-default-executor-2] INFO  impl.RaftServerProxy (RaftServerProxy.java:addNew(89)) - 871e6485-c22a-483f-9e07-d19e754685be: addNew group-D16FDEDC5EA7:[871e6485-c22a-483f-9e07-d19e754685be:192.168.36.99:41076] returns group-D16FDEDC5EA7:java.util.concurrent.CompletableFuture@5a7b2ab4[Not completed]
2019-09-20 09:27:19,920 [pool-71-thread-1] INFO  impl.RaftServerImpl (RaftServerImpl.java:<init>(93)) - 871e6485-c22a-483f-9e07-d19e754685be: new RaftServerImpl for group-D16FDEDC5EA7:[871e6485-c22a-483f-9e07-d19e754685be:192.168.36.99:41076] with ContainerStateMachine:uninitialized
2019-09-20 09:27:19,920 [pool-71-thread-1] INFO  server.RaftServerConfigKeys (ConfUtils.java:logGet(43)) - raft.server.rpc.timeout.min = 5s (custom)
2019-09-20 09:27:19,920 [pool-71-thread-1] INFO  server.RaftServerConfigKeys (ConfUtils.java:logGet(43)) - raft.server.rpc.timeout.max = 5200ms (custom)
2019-09-20 09:27:19,920 [pool-71-thread-1] INFO  server.RaftServerConfigKeys (ConfUtils.java:logGet(43)) - raft.server.rpcslowness.timeout = 10s (custom)
2019-09-20 09:27:19,920 [pool-71-thread-1] INFO  server.RaftServerConfigKeys (ConfUtils.java:logGet(43)) - raft.server.sleep.deviation.threshold = 300 (default)
2019-09-20 09:27:19,920 [pool-71-thread-1] INFO  server.RaftServerConfigKeys (ConfUtils.java:logGet(43)) - raft.server.log.appender.install.snapshot.enabled = false (custom)
2019-09-20 09:27:19,920 [pool-71-thread-1] INFO  impl.RaftServerImpl (ServerState.java:<init>(105)) - 871e6485-c22a-483f-9e07-d19e754685be:group-D16FDEDC5EA7 ConfigurationManager, init=-1: [871e6485-c22a-483f-9e07-d19e754685be:192.168.36.99:41076], old=null, confs=<EMPTY_MAP>
2019-09-20 09:27:19,921 [pool-71-thread-1] INFO  server.RaftServerConfigKeys (ConfUtils.java:logGet(43)) - raft.server.storage.dir = [/workdir/hadoop-ozone/integration-test/target/test-dir/MiniOzoneClusterImpl-a33d77e5-464b-4d19-8e6b-a171e580bf0e/datanode-4/data/ratis] (custom)
2019-09-20 09:27:19,921 [pool-71-thread-1] INFO  storage.RaftStorageDirectory (RaftStorageDirectory.java:analyzeStorage(246)) - The storage directory /workdir/hadoop-ozone/integration-test/target/test-dir/MiniOzoneClusterImpl-a33d77e5-464b-4d19-8e6b-a171e580bf0e/datanode-4/data/ratis/31a06ea6-73db-46fd-ab08-d16fdedc5ea7 does not exist. Creating ...
2019-09-20 09:27:19,931 [02b93e76-e4c6-4b67-b8a4-c536d9ab7224:group-80E08822C518:LeaderElection115] INFO  impl.LeaderElection (LeaderElection.java:askForVotes(181)) - 02b93e76-e4c6-4b67-b8a4-c536d9ab7224:group-80E08822C518:LeaderElection115: begin an election at term 1 for -1: [871e6485-c22a-483f-9e07-d19e754685be:192.168.36.99:41076, 02b93e76-e4c6-4b67-b8a4-c536d9ab7224:192.168.36.99:39343, 492ed782-6ab3-4ad9-945e-06def6ac7c96:192.168.36.99:32835], old=null
2019-09-20 09:27:19,939 [pool-71-thread-1] INFO  storage.RaftStorageDirectory (RaftStorageDirectory.java:tryLock(328)) - Lock on /workdir/hadoop-ozone/integration-test/target/test-dir/MiniOzoneClusterImpl-a33d77e5-464b-4d19-8e6b-a171e580bf0e/datanode-4/data/ratis/31a06ea6-73db-46fd-ab08-d16fdedc5ea7/in_use.lock acquired by nodename 7145@pr-hdds-1569-p5fx8-1226042367
2019-09-20 09:27:19,939 [02b93e76-e4c6-4b67-b8a4-c536d9ab7224:group-37C7F6D04707:LeaderElection116] INFO  impl.LeaderElection (LeaderElection.java:askForVotes(181)) - 02b93e76-e4c6-4b67-b8a4-c536d9ab7224:group-37C7F6D04707:LeaderElection116: begin an election at term 1 for -1: [4840c00f-91d3-4881-a20b-4d0486ca97c0:192.168.36.99:41473, 871e6485-c22a-483f-9e07-d19e754685be:192.168.36.99:41076, 02b93e76-e4c6-4b67-b8a4-c536d9ab7224:192.168.36.99:39343], old=null
2019-09-20 09:27:19,955 [grpc-default-executor-2] INFO  impl.RaftServerImpl (RaftServerImpl.java:setRole(171)) - 492ed782-6ab3-4ad9-945e-06def6ac7c96:group-80E08822C518 changes role from FOLLOWER to FOLLOWER at term 1 for recognizeCandidate:02b93e76-e4c6-4b67-b8a4-c536d9ab7224
2019-09-20 09:27:19,955 [grpc-default-executor-0] INFO  impl.RaftServerImpl (RaftServerImpl.java:setRole(171)) - 4840c00f-91d3-4881-a20b-4d0486ca97c0:group-37C7F6D04707 changes role from FOLLOWER to FOLLOWER at term 1 for recognizeCandidate:02b93e76-e4c6-4b67-b8a4-c536d9ab7224
2019-09-20 09:27:19,955 [grpc-default-executor-2] INFO  impl.RoleInfo (RoleInfo.java:shutdownFollowerState(121)) - 492ed782-6ab3-4ad9-945e-06def6ac7c96: shutdown FollowerState
2019-09-20 09:27:19,955 [grpc-default-executor-3] INFO  impl.RaftServerImpl (RaftServerImpl.java:setRole(171)) - 871e6485-c22a-483f-9e07-d19e754685be:group-80E08822C518 changes role from FOLLOWER to FOLLOWER at term 1 for recognizeCandidate:02b93e76-e4c6-4b67-b8a4-c536d9ab7224
2019-09-20 09:27:19,955 [grpc-default-executor-1] INFO  impl.RaftServerImpl (RaftServerImpl.java:setRole(171)) - 871e6485-c22a-483f-9e07-d19e754685be:group-37C7F6D04707 changes role from FOLLOWER to FOLLOWER at term 1 for recognizeCandidate:02b93e76-e4c6-4b67-b8a4-c536d9ab7224
2019-09-20 09:27:19,956 [Thread-810] INFO  impl.FollowerState (FollowerState.java:run(114)) - 492ed782-6ab3-4ad9-945e-06def6ac7c96: FollowerState was interrupted: java.lang.InterruptedException: sleep interrupted
2019-09-20 09:27:19,956 [grpc-default-executor-3] INFO  impl.RoleInfo (RoleInfo.java:shutdownFollowerState(121)) - 871e6485-c22a-483f-9e07-d19e754685be: shutdown FollowerState
2019-09-20 09:27:19,956 [grpc-default-executor-2] INFO  impl.RoleInfo (RoleInfo.java:updateAndGet(143)) - 492ed782-6ab3-4ad9-945e-06def6ac7c96: start FollowerState
2019-09-20 09:27:19,957 [Thread-806] INFO  impl.FollowerState (FollowerState.java:run(114)) - 871e6485-c22a-483f-9e07-d19e754685be: FollowerState was interrupted: java.lang.InterruptedException: sleep interrupted
2019-09-20 09:27:19,956 [grpc-default-executor-0] INFO  impl.RoleInfo (RoleInfo.java:shutdownFollowerState(121)) - 4840c00f-91d3-4881-a20b-4d0486ca97c0: shutdown FollowerState
2019-09-20 09:27:19,957 [grpc-default-executor-3] INFO  impl.RoleInfo (RoleInfo.java:updateAndGet(143)) - 871e6485-c22a-483f-9e07-d19e754685be: start FollowerState
2019-09-20 09:27:19,956 [grpc-default-executor-1] INFO  impl.RoleInfo (RoleInfo.java:shutdownFollowerState(121)) - 871e6485-c22a-483f-9e07-d19e754685be: shutdown FollowerState
2019-09-20 09:27:19,957 [Thread-796] INFO  impl.FollowerState (FollowerState.java:run(114)) - 4840c00f-91d3-4881-a20b-4d0486ca97c0: FollowerState was interrupted: java.lang.InterruptedException: sleep interrupted
2019-09-20 09:27:19,957 [grpc-default-executor-0] INFO  impl.RoleInfo (RoleInfo.java:updateAndGet(143)) - 4840c00f-91d3-4881-a20b-4d0486ca97c0: start FollowerState
2019-09-20 09:27:19,958 [Thread-802] INFO  impl.FollowerState (FollowerState.java:run(114)) - 871e6485-c22a-483f-9e07-d19e754685be: FollowerState was interrupted: java.lang.InterruptedException: sleep interrupted
2019-09-20 09:27:19,958 [grpc-default-executor-1] INFO  impl.RoleInfo (RoleInfo.java:updateAndGet(143)) - 871e6485-c22a-483f-9e07-d19e754685be: start FollowerState
2019-09-20 09:27:19,969 [pool-71-thread-1] INFO  storage.RaftStorage (RaftStorage.java:format(72)) - Storage directory /workdir/hadoop-ozone/integration-test/target/test-dir/MiniOzoneClusterImpl-a33d77e5-464b-4d19-8e6b-a171e580bf0e/datanode-4/data/ratis/31a06ea6-73db-46fd-ab08-d16fdedc5ea7 has been successfully formatted.
2019-09-20 09:27:19,970 [pool-71-thread-1] INFO  ratis.ContainerStateMachine (ContainerStateMachine.java:loadSnapshot(226)) - group-D16FDEDC5EA7: The snapshot info is null. Setting the last applied indexto:(t:0, i:~)
2019-09-20 09:27:19,970 [pool-71-thread-1] INFO  server.RaftServerConfigKeys (ConfUtils.java:logGet(43)) - raft.server.leader.election.timeout = 10s (custom)
2019-09-20 09:27:19,970 [pool-71-thread-1] INFO  server.RaftServerConfigKeys (ConfUtils.java:logGet(43)) - raft.server.log.use.memory = false (default)
2019-09-20 09:27:19,970 [pool-71-thread-1] INFO  server.RaftServerConfigKeys (ConfUtils.java:logGet(43)) - raft.server.log.purge.gap = 1000000 (custom)
2019-09-20 09:27:19,971 [pool-71-thread-1] INFO  server.RaftServerConfigKeys (ConfUtils.java:logGet(43)) - raft.server.log.appender.buffer.byte-limit = 33554432 (custom)
2019-09-20 09:27:19,971 [pool-71-thread-1] INFO  server.RaftServerConfigKeys (ConfUtils.java:logGet(43)) - raft.server.log.segment.size.max = 1048576 (custom)
2019-09-20 09:27:19,971 [pool-71-thread-1] INFO  server.RaftServerConfigKeys (ConfUtils.java:logGet(43)) - raft.server.log.segment.cache.num.max = 2 (custom)
2019-09-20 09:27:19,971 [pool-71-thread-1] INFO  segmented.SegmentedRaftLogWorker (SegmentedRaftLogWorker.java:<init>(172)) - new 871e6485-c22a-483f-9e07-d19e754685be-SegmentedRaftLogWorker:Storage Directory /workdir/hadoop-ozone/integration-test/target/test-dir/MiniOzoneClusterImpl-a33d77e5-464b-4d19-8e6b-a171e580bf0e/datanode-4/data/ratis/31a06ea6-73db-46fd-ab08-d16fdedc5ea7 for RaftStorage:Storage Directory /workdir/hadoop-ozone/integration-test/target/test-dir/MiniOzoneClusterImpl-a33d77e5-464b-4d19-8e6b-a171e580bf0e/datanode-4/data/ratis/31a06ea6-73db-46fd-ab08-d16fdedc5ea7
2019-09-20 09:27:19,971 [pool-71-thread-1] INFO  server.RaftServerConfigKeys (ConfUtils.java:logGet(43)) - raft.server.log.queue.byte-limit = 2147483647 (custom)
2019-09-20 09:27:19,971 [pool-71-thread-1] INFO  server.RaftServerConfigKeys (ConfUtils.java:logGet(43)) - raft.server.log.queue.element-limit = 1024 (custom)
2019-09-20 09:27:19,971 [pool-71-thread-1] INFO  server.RaftServerConfigKeys (ConfUtils.java:logGet(43)) - raft.server.log.segment.size.max = 1048576 (custom)
2019-09-20 09:27:19,972 [pool-71-thread-1] INFO  server.RaftServerConfigKeys (ConfUtils.java:logGet(43)) - raft.server.log.preallocated.size = 16384 (custom)
2019-09-20 09:27:19,972 [pool-71-thread-1] INFO  server.RaftServerConfigKeys (ConfUtils.java:logGet(43)) - raft.server.log.write.buffer.size = 33554432 (custom)
2019-09-20 09:27:19,972 [pool-71-thread-1] INFO  server.RaftServerConfigKeys (ConfUtils.java:logGet(43)) - raft.server.log.force.sync.num = 128 (default)
2019-09-20 09:27:19,972 [pool-71-thread-1] INFO  server.RaftServerConfigKeys (ConfUtils.java:logGet(43)) - raft.server.log.statemachine.data.sync = true (default)
2019-09-20 09:27:19,972 [pool-71-thread-1] INFO  server.RaftServerConfigKeys (ConfUtils.java:logGet(43)) - raft.server.log.statemachine.data.sync.timeout = 10s (default)
2019-09-20 09:27:19,972 [pool-71-thread-1] INFO  server.RaftServerConfigKeys (ConfUtils.java:logGet(43)) - raft.server.log.statemachine.data.sync.timeout.retry = -1 (default)
2019-09-20 09:27:19,972 [pool-71-thread-1] INFO  server.RaftServerConfigKeys (ConfUtils.java:logGet(43)) - raft.server.log.statemachine.data.caching.enabled = true (custom)
2019-09-20 09:27:19,973 [pool-71-thread-1] INFO  segmented.SegmentedRaftLogWorker (SegmentedRaftLogWorker.java:lambda$new$0(132)) - 871e6485-c22a-483f-9e07-d19e754685be-SegmentedRaftLogWorker:Storage Directory /workdir/hadoop-ozone/integration-test/target/test-dir/MiniOzoneClusterImpl-a33d77e5-464b-4d19-8e6b-a171e580bf0e/datanode-4/data/ratis/31a06ea6-73db-46fd-ab08-d16fdedc5ea7: flushIndex: setUnconditionally 0 -> -1
2019-09-20 09:27:19,973 [pool-71-thread-1] INFO  server.RaftServerConfigKeys (ConfUtils.java:logGet(43)) - raft.server.snapshot.auto.trigger.enabled = true (custom)
2019-09-20 09:27:19,973 [pool-71-thread-1] INFO  server.RaftServerConfigKeys (ConfUtils.java:logGet(43)) - raft.server.snapshot.auto.trigger.threshold = 10000 (custom)
2019-09-20 09:27:19,974 [pool-71-thread-1] INFO  server.RaftServerConfigKeys (ConfUtils.java:logGet(43)) - raft.server.retrycache.expirytime = 600000ms (custom)
2019-09-20 09:27:19,974 [pool-71-thread-1] INFO  impl.RaftServerImpl (RaftServerImpl.java:start(180)) - 871e6485-c22a-483f-9e07-d19e754685be: start group-D16FDEDC5EA7
2019-09-20 09:27:19,974 [pool-71-thread-1] INFO  impl.RaftServerImpl (RaftServerImpl.java:setRole(171)) - 871e6485-c22a-483f-9e07-d19e754685be:group-D16FDEDC5EA7 changes role from null to FOLLOWER at term 0 for startAsFollower
2019-09-20 09:27:19,974 [pool-71-thread-1] INFO  impl.RoleInfo (RoleInfo.java:updateAndGet(143)) - 871e6485-c22a-483f-9e07-d19e754685be: start FollowerState
2019-09-20 09:27:19,974 [pool-71-thread-1] INFO  util.JmxRegister (JmxRegister.java:tryRegister(44)) - Successfully registered JMX Bean with object name Ratis:service=RaftServer,group=group-D16FDEDC5EA7,id=871e6485-c22a-483f-9e07-d19e754685be
2019-09-20 09:27:19,977 [RatisPipelineUtilsThread] INFO  pipeline.PipelineStateManager (PipelineStateManager.java:addPipeline(56)) - Created pipeline Pipeline[ Id: 31a06ea6-73db-46fd-ab08-d16fdedc5ea7, Nodes: 871e6485-c22a-483f-9e07-d19e754685be{ip: 192.168.36.99, host: pr-hdds-1569-p5fx8-1226042367, networkLocation: /default-rack, certSerialId: null}, Type:RATIS, Factor:ONE, State:OPEN]
2019-09-20 09:27:19,989 [grpc-default-executor-4] INFO  impl.RaftServerProxy (RaftServerProxy.java:addNew(89)) - fd3cd5f9-4f1c-43ea-91b1-b85a1f6c3825: addNew group-449CD00D9C0A:[fd3cd5f9-4f1c-43ea-91b1-b85a1f6c3825:192.168.36.99:39114] returns group-449CD00D9C0A:java.util.concurrent.CompletableFuture@2261f164[Not completed]
2019-09-20 09:27:19,990 [pool-38-thread-1] INFO  impl.RaftServerImpl (RaftServerImpl.java:<init>(93)) - fd3cd5f9-4f1c-43ea-91b1-b85a1f6c3825: new RaftServerImpl for group-449CD00D9C0A:[fd3cd5f9-4f1c-43ea-91b1-b85a1f6c3825:192.168.36.99:39114] with ContainerStateMachine:uninitialized
2019-09-20 09:27:19,990 [pool-38-thread-1] INFO  server.RaftServerConfigKeys (ConfUtils.java:logGet(43)) - raft.server.rpc.timeout.min = 5s (custom)
2019-09-20 09:27:19,990 [pool-38-thread-1] INFO  server.RaftServerConfigKeys (ConfUtils.java:logGet(43)) - raft.server.rpc.timeout.max = 5200ms (custom)
2019-09-20 09:27:19,990 [pool-38-thread-1] INFO  server.RaftServerConfigKeys (ConfUtils.java:logGet(43)) - raft.server.rpcslowness.timeout = 10s (custom)
2019-09-20 09:27:19,990 [pool-38-thread-1] INFO  server.RaftServerConfigKeys (ConfUtils.java:logGet(43)) - raft.server.sleep.deviation.threshold = 300 (default)
2019-09-20 09:27:19,990 [pool-38-thread-1] INFO  server.RaftServerConfigKeys (ConfUtils.java:logGet(43)) - raft.server.log.appender.install.snapshot.enabled = false (custom)
2019-09-20 09:27:19,991 [pool-38-thread-1] INFO  impl.RaftServerImpl (ServerState.java:<init>(105)) - fd3cd5f9-4f1c-43ea-91b1-b85a1f6c3825:group-449CD00D9C0A ConfigurationManager, init=-1: [fd3cd5f9-4f1c-43ea-91b1-b85a1f6c3825:192.168.36.99:39114], old=null, confs=<EMPTY_MAP>
2019-09-20 09:27:19,991 [pool-38-thread-1] INFO  server.RaftServerConfigKeys (ConfUtils.java:logGet(43)) - raft.server.storage.dir = [/workdir/hadoop-ozone/integration-test/target/test-dir/MiniOzoneClusterImpl-a33d77e5-464b-4d19-8e6b-a171e580bf0e/datanode-1/data/ratis] (custom)
2019-09-20 09:27:19,991 [pool-38-thread-1] INFO  storage.RaftStorageDirectory (RaftStorageDirectory.java:analyzeStorage(246)) - The storage directory /workdir/hadoop-ozone/integration-test/target/test-dir/MiniOzoneClusterImpl-a33d77e5-464b-4d19-8e6b-a171e580bf0e/datanode-1/data/ratis/038e61cd-e32e-431f-b520-449cd00d9c0a does not exist. Creating ...
2019-09-20 09:27:19,995 | INFO  | SCMAudit | user=jenkins1000 | ip=192.168.36.99 | op=SEND_HEARTBEAT {datanodeUUID=492ed782-6ab3-4ad9-945e-06def6ac7c96, command=[]} | ret=SUCCESS |  
2019-09-20 09:27:19,995 | INFO  | SCMAudit | user=jenkins1000 | ip=192.168.36.99 | op=SEND_HEARTBEAT {datanodeUUID=871e6485-c22a-483f-9e07-d19e754685be, command=[]} | ret=SUCCESS |  
2019-09-20 09:27:19,995 | INFO  | SCMAudit | user=jenkins1000 | ip=192.168.36.99 | op=SEND_HEARTBEAT {datanodeUUID=02b93e76-e4c6-4b67-b8a4-c536d9ab7224, command=[]} | ret=SUCCESS |  
2019-09-20 09:27:19,996 [Thread-818] INFO  impl.FollowerState (FollowerState.java:run(106)) - 4840c00f-91d3-4881-a20b-4d0486ca97c0:group-200999D6C66F changes to CANDIDATE, lastRpcTime:5005, electionTimeout:5005ms
2019-09-20 09:27:19,996 [Thread-818] INFO  impl.RoleInfo (RoleInfo.java:shutdownFollowerState(121)) - 4840c00f-91d3-4881-a20b-4d0486ca97c0: shutdown FollowerState
2019-09-20 09:27:19,996 [Thread-818] INFO  impl.RaftServerImpl (RaftServerImpl.java:setRole(171)) - 4840c00f-91d3-4881-a20b-4d0486ca97c0:group-200999D6C66F changes role from FOLLOWER to CANDIDATE at term 0 for changeToCandidate
2019-09-20 09:27:19,996 [Thread-818] INFO  impl.RoleInfo (RoleInfo.java:updateAndGet(143)) - 4840c00f-91d3-4881-a20b-4d0486ca97c0: start LeaderElection
2019-09-20 09:27:19,997 | INFO  | SCMAudit | user=jenkins1000 | ip=192.168.36.99 | op=SEND_HEARTBEAT {datanodeUUID=4840c00f-91d3-4881-a20b-4d0486ca97c0, command=[]} | ret=SUCCESS |  
2019-09-20 09:27:19,997 [02b93e76-e4c6-4b67-b8a4-c536d9ab7224:group-37C7F6D04707:LeaderElection116] INFO  impl.LeaderElection (LeaderElection.java:logAndReturn(56)) - 02b93e76-e4c6-4b67-b8a4-c536d9ab7224:group-37C7F6D04707:LeaderElection116: Election PASSED; received 1 response(s) [02b93e76-e4c6-4b67-b8a4-c536d9ab7224<-4840c00f-91d3-4881-a20b-4d0486ca97c0#0:OK-t1] and 0 exception(s); 02b93e76-e4c6-4b67-b8a4-c536d9ab7224:t1, leader=null, voted=02b93e76-e4c6-4b67-b8a4-c536d9ab7224, raftlog=02b93e76-e4c6-4b67-b8a4-c536d9ab7224-SegmentedRaftLog:OPENED:c-1,f-1,i0, conf=-1: [4840c00f-91d3-4881-a20b-4d0486ca97c0:192.168.36.99:41473, 871e6485-c22a-483f-9e07-d19e754685be:192.168.36.99:41076, 02b93e76-e4c6-4b67-b8a4-c536d9ab7224:192.168.36.99:39343], old=null
2019-09-20 09:27:19,997 [02b93e76-e4c6-4b67-b8a4-c536d9ab7224:group-80E08822C518:LeaderElection115] INFO  impl.LeaderElection (LeaderElection.java:logAndReturn(56)) - 02b93e76-e4c6-4b67-b8a4-c536d9ab7224:group-80E08822C518:LeaderElection115: Election PASSED; received 1 response(s) [02b93e76-e4c6-4b67-b8a4-c536d9ab7224<-492ed782-6ab3-4ad9-945e-06def6ac7c96#0:OK-t1] and 0 exception(s); 02b93e76-e4c6-4b67-b8a4-c536d9ab7224:t1, leader=null, voted=02b93e76-e4c6-4b67-b8a4-c536d9ab7224, raftlog=02b93e76-e4c6-4b67-b8a4-c536d9ab7224-SegmentedRaftLog:OPENED:c-1,f-1,i0, conf=-1: [871e6485-c22a-483f-9e07-d19e754685be:192.168.36.99:41076, 02b93e76-e4c6-4b67-b8a4-c536d9ab7224:192.168.36.99:39343, 492ed782-6ab3-4ad9-945e-06def6ac7c96:192.168.36.99:32835], old=null
2019-09-20 09:27:19,998 [02b93e76-e4c6-4b67-b8a4-c536d9ab7224:group-37C7F6D04707:LeaderElection116] INFO  impl.RoleInfo (RoleInfo.java:shutdownLeaderElection(134)) - 02b93e76-e4c6-4b67-b8a4-c536d9ab7224: shutdown LeaderElection
2019-09-20 09:27:19,998 [02b93e76-e4c6-4b67-b8a4-c536d9ab7224:group-80E08822C518:LeaderElection115] INFO  impl.RoleInfo (RoleInfo.java:shutdownLeaderElection(134)) - 02b93e76-e4c6-4b67-b8a4-c536d9ab7224: shutdown LeaderElection
2019-09-20 09:27:19,998 [02b93e76-e4c6-4b67-b8a4-c536d9ab7224:group-37C7F6D04707:LeaderElection116] INFO  impl.RaftServerImpl (RaftServerImpl.java:setRole(171)) - 02b93e76-e4c6-4b67-b8a4-c536d9ab7224:group-37C7F6D04707 changes role from CANDIDATE to LEADER at term 1 for changeToLeader
2019-09-20 09:27:19,998 [02b93e76-e4c6-4b67-b8a4-c536d9ab7224:group-80E08822C518:LeaderElection115] INFO  impl.RaftServerImpl (RaftServerImpl.java:setRole(171)) - 02b93e76-e4c6-4b67-b8a4-c536d9ab7224:group-80E08822C518 changes role from CANDIDATE to LEADER at term 1 for changeToLeader
2019-09-20 09:27:19,998 [02b93e76-e4c6-4b67-b8a4-c536d9ab7224:group-37C7F6D04707:LeaderElection116] INFO  impl.RaftServerImpl (ServerState.java:setLeader(263)) - 02b93e76-e4c6-4b67-b8a4-c536d9ab7224:group-37C7F6D04707 change Leader from null to 02b93e76-e4c6-4b67-b8a4-c536d9ab7224 at term 1 for becomeLeader, leader elected after 9579ms
2019-09-20 09:27:19,998 [02b93e76-e4c6-4b67-b8a4-c536d9ab7224:group-80E08822C518:LeaderElection115] INFO  impl.RaftServerImpl (ServerState.java:setLeader(263)) - 02b93e76-e4c6-4b67-b8a4-c536d9ab7224:group-80E08822C518 change Leader from null to 02b93e76-e4c6-4b67-b8a4-c536d9ab7224 at term 1 for becomeLeader, leader elected after 5128ms
2019-09-20 09:27:19,998 [02b93e76-e4c6-4b67-b8a4-c536d9ab7224:group-37C7F6D04707:LeaderElection116] INFO  server.RaftServerConfigKeys (ConfUtils.java:logGet(43)) - raft.server.staging.catchup.gap = 1000 (default)
2019-09-20 09:27:19,999 [02b93e76-e4c6-4b67-b8a4-c536d9ab7224:group-80E08822C518:LeaderElection115] INFO  server.RaftServerConfigKeys (ConfUtils.java:logGet(43)) - raft.server.staging.catchup.gap = 1000 (default)
2019-09-20 09:27:19,999 [02b93e76-e4c6-4b67-b8a4-c536d9ab7224:group-37C7F6D04707:LeaderElection116] INFO  server.RaftServerConfigKeys (ConfUtils.java:logGet(43)) - raft.server.rpc.sleep.time = 25ms (default)
2019-09-20 09:27:19,999 [02b93e76-e4c6-4b67-b8a4-c536d9ab7224:group-80E08822C518:LeaderElection115] INFO  server.RaftServerConfigKeys (ConfUtils.java:logGet(43)) - raft.server.rpc.sleep.time = 25ms (default)
2019-09-20 09:27:19,999 [02b93e76-e4c6-4b67-b8a4-c536d9ab7224:group-37C7F6D04707:LeaderElection116] INFO  server.RaftServerConfigKeys (ConfUtils.java:logGet(43)) - raft.server.write.element-limit = 4096 (default)
2019-09-20 09:27:19,999 [02b93e76-e4c6-4b67-b8a4-c536d9ab7224:group-80E08822C518:LeaderElection115] INFO  server.RaftServerConfigKeys (ConfUtils.java:logGet(43)) - raft.server.write.element-limit = 4096 (default)
2019-09-20 09:27:19,999 [Thread-812] INFO  impl.FollowerState (FollowerState.java:run(106)) - 492ed782-6ab3-4ad9-945e-06def6ac7c96:group-DBFCCBCC0585 changes to CANDIDATE, lastRpcTime:5103, electionTimeout:5103ms
2019-09-20 09:27:19,999 [02b93e76-e4c6-4b67-b8a4-c536d9ab7224:group-37C7F6D04707:LeaderElection116] INFO  server.RaftServerConfigKeys (ConfUtils.java:logGet(43)) - raft.server.watch.timeout = 10s (default)
2019-09-20 09:27:20,000 [Thread-812] INFO  impl.RoleInfo (RoleInfo.java:shutdownFollowerState(121)) - 492ed782-6ab3-4ad9-945e-06def6ac7c96: shutdown FollowerState
2019-09-20 09:27:19,999 [02b93e76-e4c6-4b67-b8a4-c536d9ab7224:group-80E08822C518:LeaderElection115] INFO  server.RaftServerConfigKeys (ConfUtils.java:logGet(43)) - raft.server.watch.timeout = 10s (default)
2019-09-20 09:27:20,000 [Thread-812] INFO  impl.RaftServerImpl (RaftServerImpl.java:setRole(171)) - 492ed782-6ab3-4ad9-945e-06def6ac7c96:group-DBFCCBCC0585 changes role from FOLLOWER to CANDIDATE at term 0 for changeToCandidate
2019-09-20 09:27:20,000 [02b93e76-e4c6-4b67-b8a4-c536d9ab7224:group-37C7F6D04707:LeaderElection116] INFO  server.RaftServerConfigKeys (ConfUtils.java:logGet(43)) - raft.server.watch.timeout.denomination = 1s (default)
2019-09-20 09:27:20,000 [Thread-812] INFO  impl.RoleInfo (RoleInfo.java:updateAndGet(143)) - 492ed782-6ab3-4ad9-945e-06def6ac7c96: start LeaderElection
2019-09-20 09:27:20,000 [02b93e76-e4c6-4b67-b8a4-c536d9ab7224:group-80E08822C518:LeaderElection115] INFO  server.RaftServerConfigKeys (ConfUtils.java:logGet(43)) - raft.server.watch.timeout.denomination = 1s (default)
2019-09-20 09:27:20,000 [02b93e76-e4c6-4b67-b8a4-c536d9ab7224:group-37C7F6D04707:LeaderElection116] INFO  server.RaftServerConfigKeys (ConfUtils.java:logGet(43)) - raft.server.watch.element-limit = 65536 (default)
2019-09-20 09:27:20,001 [02b93e76-e4c6-4b67-b8a4-c536d9ab7224:group-80E08822C518:LeaderElection115] INFO  server.RaftServerConfigKeys (ConfUtils.java:logGet(43)) - raft.server.watch.element-limit = 65536 (default)
2019-09-20 09:27:20,003 [02b93e76-e4c6-4b67-b8a4-c536d9ab7224:group-37C7F6D04707:LeaderElection116] INFO  server.RaftServerConfigKeys (ConfUtils.java:logGet(43)) - raft.server.log.appender.snapshot.chunk.size.max = 16MB (=16777216) (default)
2019-09-20 09:27:20,003 [02b93e76-e4c6-4b67-b8a4-c536d9ab7224:group-80E08822C518:LeaderElection115] INFO  server.RaftServerConfigKeys (ConfUtils.java:logGet(43)) - raft.server.log.appender.snapshot.chunk.size.max = 16MB (=16777216) (default)
2019-09-20 09:27:20,003 [02b93e76-e4c6-4b67-b8a4-c536d9ab7224:group-37C7F6D04707:LeaderElection116] INFO  server.RaftServerConfigKeys (ConfUtils.java:logGet(43)) - raft.server.log.appender.buffer.byte-limit = 33554432 (custom)
2019-09-20 09:27:20,003 [02b93e76-e4c6-4b67-b8a4-c536d9ab7224:group-80E08822C518:LeaderElection115] INFO  server.RaftServerConfigKeys (ConfUtils.java:logGet(43)) - raft.server.log.appender.buffer.byte-limit = 33554432 (custom)
2019-09-20 09:27:20,003 [02b93e76-e4c6-4b67-b8a4-c536d9ab7224:group-37C7F6D04707:LeaderElection116] INFO  server.RaftServerConfigKeys (ConfUtils.java:logGet(43)) - raft.server.log.appender.buffer.element-limit = 1 (custom)
2019-09-20 09:27:20,004 [02b93e76-e4c6-4b67-b8a4-c536d9ab7224:group-80E08822C518:LeaderElection115] INFO  server.RaftServerConfigKeys (ConfUtils.java:logGet(43)) - raft.server.log.appender.buffer.element-limit = 1 (custom)
2019-09-20 09:27:20,006 [02b93e76-e4c6-4b67-b8a4-c536d9ab7224:group-37C7F6D04707:LeaderElection116] INFO  grpc.GrpcConfigKeys$Server (ConfUtils.java:logGet(43)) - raft.grpc.server.leader.outstanding.appends.max = 128 (default)
2019-09-20 09:27:20,006 [02b93e76-e4c6-4b67-b8a4-c536d9ab7224:group-37C7F6D04707:LeaderElection116] INFO  server.RaftServerConfigKeys (ConfUtils.java:logGet(43)) - raft.server.rpc.request.timeout = 3000ms (default)
2019-09-20 09:27:20,009 [pool-38-thread-1] INFO  storage.RaftStorageDirectory (RaftStorageDirectory.java:tryLock(328)) - Lock on /workdir/hadoop-ozone/integration-test/target/test-dir/MiniOzoneClusterImpl-a33d77e5-464b-4d19-8e6b-a171e580bf0e/datanode-1/data/ratis/038e61cd-e32e-431f-b520-449cd00d9c0a/in_use.lock acquired by nodename 7145@pr-hdds-1569-p5fx8-1226042367
2019-09-20 09:27:20,006 [02b93e76-e4c6-4b67-b8a4-c536d9ab7224:group-80E08822C518:LeaderElection115] INFO  grpc.GrpcConfigKeys$Server (ConfUtils.java:logGet(43)) - raft.grpc.server.leader.outstanding.appends.max = 128 (default)
2019-09-20 09:27:20,009 [02b93e76-e4c6-4b67-b8a4-c536d9ab7224:group-80E08822C518:LeaderElection115] INFO  server.RaftServerConfigKeys (ConfUtils.java:logGet(43)) - raft.server.rpc.request.timeout = 3000ms (default)
2019-09-20 09:27:20,009 [02b93e76-e4c6-4b67-b8a4-c536d9ab7224:group-37C7F6D04707:LeaderElection116] INFO  server.RaftServerConfigKeys (ConfUtils.java:logGet(43)) - raft.server.log.appender.install.snapshot.enabled = false (custom)
2019-09-20 09:27:20,009 [02b93e76-e4c6-4b67-b8a4-c536d9ab7224:group-80E08822C518:LeaderElection115] INFO  server.RaftServerConfigKeys (ConfUtils.java:logGet(43)) - raft.server.log.appender.install.snapshot.enabled = false (custom)
2019-09-20 09:27:20,009 [02b93e76-e4c6-4b67-b8a4-c536d9ab7224:group-37C7F6D04707:LeaderElection116] INFO  server.RaftServerConfigKeys (ConfUtils.java:logGet(43)) - raft.server.log.appender.snapshot.chunk.size.max = 16MB (=16777216) (default)
2019-09-20 09:27:20,010 [02b93e76-e4c6-4b67-b8a4-c536d9ab7224:group-80E08822C518:LeaderElection115] INFO  server.RaftServerConfigKeys (ConfUtils.java:logGet(43)) - raft.server.log.appender.snapshot.chunk.size.max = 16MB (=16777216) (default)
2019-09-20 09:27:20,010 [02b93e76-e4c6-4b67-b8a4-c536d9ab7224:group-37C7F6D04707:LeaderElection116] INFO  server.RaftServerConfigKeys (ConfUtils.java:logGet(43)) - raft.server.log.appender.buffer.byte-limit = 33554432 (custom)
2019-09-20 09:27:20,010 [02b93e76-e4c6-4b67-b8a4-c536d9ab7224:group-80E08822C518:LeaderElection115] INFO  server.RaftServerConfigKeys (ConfUtils.java:logGet(43)) - raft.server.log.appender.buffer.byte-limit = 33554432 (custom)
2019-09-20 09:27:20,010 [02b93e76-e4c6-4b67-b8a4-c536d9ab7224:group-37C7F6D04707:LeaderElection116] INFO  server.RaftServerConfigKeys (ConfUtils.java:logGet(43)) - raft.server.log.appender.buffer.element-limit = 1 (custom)
2019-09-20 09:27:20,010 [02b93e76-e4c6-4b67-b8a4-c536d9ab7224:group-80E08822C518:LeaderElection115] INFO  server.RaftServerConfigKeys (ConfUtils.java:logGet(43)) - raft.server.log.appender.buffer.element-limit = 1 (custom)
2019-09-20 09:27:20,010 [02b93e76-e4c6-4b67-b8a4-c536d9ab7224:group-37C7F6D04707:LeaderElection116] INFO  grpc.GrpcConfigKeys$Server (ConfUtils.java:logGet(43)) - raft.grpc.server.leader.outstanding.appends.max = 128 (default)
2019-09-20 09:27:20,010 [02b93e76-e4c6-4b67-b8a4-c536d9ab7224:group-80E08822C518:LeaderElection115] INFO  grpc.GrpcConfigKeys$Server (ConfUtils.java:logGet(43)) - raft.grpc.server.leader.outstanding.appends.max = 128 (default)
2019-09-20 09:27:20,010 [02b93e76-e4c6-4b67-b8a4-c536d9ab7224:group-37C7F6D04707:LeaderElection116] INFO  server.RaftServerConfigKeys (ConfUtils.java:logGet(43)) - raft.server.rpc.request.timeout = 3000ms (default)
2019-09-20 09:27:20,010 [02b93e76-e4c6-4b67-b8a4-c536d9ab7224:group-80E08822C518:LeaderElection115] INFO  server.RaftServerConfigKeys (ConfUtils.java:logGet(43)) - raft.server.rpc.request.timeout = 3000ms (default)
2019-09-20 09:27:20,011 [02b93e76-e4c6-4b67-b8a4-c536d9ab7224:group-37C7F6D04707:LeaderElection116] INFO  server.RaftServerConfigKeys (ConfUtils.java:logGet(43)) - raft.server.log.appender.install.snapshot.enabled = false (custom)
2019-09-20 09:27:20,011 [02b93e76-e4c6-4b67-b8a4-c536d9ab7224:group-80E08822C518:LeaderElection115] INFO  server.RaftServerConfigKeys (ConfUtils.java:logGet(43)) - raft.server.log.appender.install.snapshot.enabled = false (custom)
2019-09-20 09:27:20,012 [02b93e76-e4c6-4b67-b8a4-c536d9ab7224:group-37C7F6D04707:LeaderElection116] INFO  impl.RoleInfo (RoleInfo.java:updateAndGet(143)) - 02b93e76-e4c6-4b67-b8a4-c536d9ab7224: start LeaderState
2019-09-20 09:27:20,012 [02b93e76-e4c6-4b67-b8a4-c536d9ab7224:group-80E08822C518:LeaderElection115] INFO  impl.RoleInfo (RoleInfo.java:updateAndGet(143)) - 02b93e76-e4c6-4b67-b8a4-c536d9ab7224: start LeaderState
2019-09-20 09:27:20,012 [02b93e76-e4c6-4b67-b8a4-c536d9ab7224:group-37C7F6D04707:LeaderElection116] INFO  segmented.SegmentedRaftLogWorker (SegmentedRaftLogWorker.java:startLogSegment(380)) - 02b93e76-e4c6-4b67-b8a4-c536d9ab7224-SegmentedRaftLogWorker:Storage Directory /workdir/hadoop-ozone/integration-test/target/test-dir/MiniOzoneClusterImpl-a33d77e5-464b-4d19-8e6b-a171e580bf0e/datanode-0/data/ratis/11c0d268-50d7-478a-8c7c-37c7f6d04707: Starting segment from index:0
2019-09-20 09:27:20,012 [02b93e76-e4c6-4b67-b8a4-c536d9ab7224:group-80E08822C518:LeaderElection115] INFO  segmented.SegmentedRaftLogWorker (SegmentedRaftLogWorker.java:startLogSegment(380)) - 02b93e76-e4c6-4b67-b8a4-c536d9ab7224-SegmentedRaftLogWorker:Storage Directory /workdir/hadoop-ozone/integration-test/target/test-dir/MiniOzoneClusterImpl-a33d77e5-464b-4d19-8e6b-a171e580bf0e/datanode-0/data/ratis/3dc72507-d271-47be-a7c5-80e08822c518: Starting segment from index:0
2019-09-20 09:27:20,317 [Thread-830] INFO  impl.FollowerState (FollowerState.java:run(106)) - fd3cd5f9-4f1c-43ea-91b1-b85a1f6c3825:group-50161B5DC97B changes to CANDIDATE, lastRpcTime:5030, electionTimeout:5001ms
2019-09-20 09:27:20,317 [Thread-830] INFO  impl.RoleInfo (RoleInfo.java:shutdownFollowerState(121)) - fd3cd5f9-4f1c-43ea-91b1-b85a1f6c3825: shutdown FollowerState
2019-09-20 09:27:20,317 [Thread-824] INFO  impl.FollowerState (FollowerState.java:run(106)) - fd3cd5f9-4f1c-43ea-91b1-b85a1f6c3825:group-A51E182927FB changes to CANDIDATE, lastRpcTime:5166, electionTimeout:5007ms
2019-09-20 09:27:20,317 [Thread-830] INFO  impl.RaftServerImpl (RaftServerImpl.java:setRole(171)) - fd3cd5f9-4f1c-43ea-91b1-b85a1f6c3825:group-50161B5DC97B changes role from FOLLOWER to CANDIDATE at term 0 for changeToCandidate
2019-09-20 09:27:20,318 [Thread-821] INFO  impl.FollowerState (FollowerState.java:run(106)) - 4840c00f-91d3-4881-a20b-4d0486ca97c0:group-A92484A46E3A changes to CANDIDATE, lastRpcTime:5242, electionTimeout:5005ms
2019-09-20 09:27:20,317 [Thread-815] INFO  impl.FollowerState (FollowerState.java:run(106)) - 871e6485-c22a-483f-9e07-d19e754685be:group-2BC81EA4EC18 changes to CANDIDATE, lastRpcTime:5372, electionTimeout:5123ms
2019-09-20 09:27:20,317 [Thread-824] INFO  impl.RoleInfo (RoleInfo.java:shutdownFollowerState(121)) - fd3cd5f9-4f1c-43ea-91b1-b85a1f6c3825: shutdown FollowerState
2019-09-20 09:27:20,318 [Thread-815] INFO  impl.RoleInfo (RoleInfo.java:shutdownFollowerState(121)) - 871e6485-c22a-483f-9e07-d19e754685be: shutdown FollowerState
2019-09-20 09:27:20,318 [4840c00f-91d3-4881-a20b-4d0486ca97c0:group-200999D6C66F:LeaderElection117] INFO  impl.LeaderElection (LeaderElection.java:askForVotes(181)) - 4840c00f-91d3-4881-a20b-4d0486ca97c0:group-200999D6C66F:LeaderElection117: begin an election at term 1 for -1: [4840c00f-91d3-4881-a20b-4d0486ca97c0:192.168.36.99:41473], old=null
2019-09-20 09:27:20,318 [Thread-830] INFO  impl.RoleInfo (RoleInfo.java:updateAndGet(143)) - fd3cd5f9-4f1c-43ea-91b1-b85a1f6c3825: start LeaderElection
2019-09-20 09:27:20,318 [Thread-821] INFO  impl.RoleInfo (RoleInfo.java:shutdownFollowerState(121)) - 4840c00f-91d3-4881-a20b-4d0486ca97c0: shutdown FollowerState
2019-09-20 09:27:20,318 [4840c00f-91d3-4881-a20b-4d0486ca97c0:group-200999D6C66F:LeaderElection117] INFO  impl.RoleInfo (RoleInfo.java:shutdownLeaderElection(134)) - 4840c00f-91d3-4881-a20b-4d0486ca97c0: shutdown LeaderElection
2019-09-20 09:27:20,318 [492ed782-6ab3-4ad9-945e-06def6ac7c96:group-DBFCCBCC0585:LeaderElection118] INFO  impl.LeaderElection (LeaderElection.java:askForVotes(181)) - 492ed782-6ab3-4ad9-945e-06def6ac7c96:group-DBFCCBCC0585:LeaderElection118: begin an election at term 1 for -1: [492ed782-6ab3-4ad9-945e-06def6ac7c96:192.168.36.99:32835], old=null
2019-09-20 09:27:20,318 [Thread-815] INFO  impl.RaftServerImpl (RaftServerImpl.java:setRole(171)) - 871e6485-c22a-483f-9e07-d19e754685be:group-2BC81EA4EC18 changes role from FOLLOWER to CANDIDATE at term 0 for changeToCandidate
2019-09-20 09:27:20,318 [pool-38-thread-1] INFO  storage.RaftStorage (RaftStorage.java:format(72)) - Storage directory /workdir/hadoop-ozone/integration-test/target/test-dir/MiniOzoneClusterImpl-a33d77e5-464b-4d19-8e6b-a171e580bf0e/datanode-1/data/ratis/038e61cd-e32e-431f-b520-449cd00d9c0a has been successfully formatted.
2019-09-20 09:27:20,318 [Thread-824] INFO  impl.RaftServerImpl (RaftServerImpl.java:setRole(171)) - fd3cd5f9-4f1c-43ea-91b1-b85a1f6c3825:group-A51E182927FB changes role from FOLLOWER to CANDIDATE at term 0 for changeToCandidate
2019-09-20 09:27:20,322 [Thread-815] INFO  impl.RoleInfo (RoleInfo.java:updateAndGet(143)) - 871e6485-c22a-483f-9e07-d19e754685be: start LeaderElection
2019-09-20 09:27:20,321 [02b93e76-e4c6-4b67-b8a4-c536d9ab7224:group-37C7F6D04707:LeaderElection116] INFO  impl.RaftServerImpl (ServerState.java:setRaftConf(361)) - 02b93e76-e4c6-4b67-b8a4-c536d9ab7224:group-37C7F6D04707 set configuration 0: [4840c00f-91d3-4881-a20b-4d0486ca97c0:192.168.36.99:41473, 871e6485-c22a-483f-9e07-d19e754685be:192.168.36.99:41076, 02b93e76-e4c6-4b67-b8a4-c536d9ab7224:192.168.36.99:39343], old=null at 0
2019-09-20 09:27:20,319 [492ed782-6ab3-4ad9-945e-06def6ac7c96:group-DBFCCBCC0585:LeaderElection118] INFO  impl.RoleInfo (RoleInfo.java:shutdownLeaderElection(134)) - 492ed782-6ab3-4ad9-945e-06def6ac7c96: shutdown LeaderElection
2019-09-20 09:27:20,319 [4840c00f-91d3-4881-a20b-4d0486ca97c0:group-200999D6C66F:LeaderElection117] INFO  impl.RaftServerImpl (RaftServerImpl.java:setRole(171)) - 4840c00f-91d3-4881-a20b-4d0486ca97c0:group-200999D6C66F changes role from CANDIDATE to LEADER at term 1 for changeToLeader
2019-09-20 09:27:20,318 [Thread-821] INFO  impl.RaftServerImpl (RaftServerImpl.java:setRole(171)) - 4840c00f-91d3-4881-a20b-4d0486ca97c0:group-A92484A46E3A changes role from FOLLOWER to CANDIDATE at term 0 for changeToCandidate
2019-09-20 09:27:20,591 [4840c00f-91d3-4881-a20b-4d0486ca97c0:group-200999D6C66F:LeaderElection117] INFO  impl.RaftServerImpl (ServerState.java:setLeader(263)) - 4840c00f-91d3-4881-a20b-4d0486ca97c0:group-200999D6C66F change Leader from null to 4840c00f-91d3-4881-a20b-4d0486ca97c0 at term 1 for becomeLeader, leader elected after 5604ms
2019-09-20 09:27:20,591 [492ed782-6ab3-4ad9-945e-06def6ac7c96:group-DBFCCBCC0585:LeaderElection118] INFO  impl.RaftServerImpl (RaftServerImpl.java:setRole(171)) - 492ed782-6ab3-4ad9-945e-06def6ac7c96:group-DBFCCBCC0585 changes role from CANDIDATE to LEADER at term 1 for changeToLeader
2019-09-20 09:27:20,591 [4840c00f-91d3-4881-a20b-4d0486ca97c0:group-200999D6C66F:LeaderElection117] INFO  server.RaftServerConfigKeys (ConfUtils.java:logGet(43)) - raft.server.staging.catchup.gap = 1000 (default)
2019-09-20 09:27:20,590 [02b93e76-e4c6-4b67-b8a4-c536d9ab7224:group-80E08822C518:LeaderElection115] INFO  impl.RaftServerImpl (ServerState.java:setRaftConf(361)) - 02b93e76-e4c6-4b67-b8a4-c536d9ab7224:group-80E08822C518 set configuration 0: [871e6485-c22a-483f-9e07-d19e754685be:192.168.36.99:41076, 02b93e76-e4c6-4b67-b8a4-c536d9ab7224:192.168.36.99:39343, 492ed782-6ab3-4ad9-945e-06def6ac7c96:192.168.36.99:32835], old=null at 0
2019-09-20 09:27:20,592 | INFO  | SCMAudit | user=jenkins1000 | ip=192.168.36.99 | op=SEND_HEARTBEAT {datanodeUUID=dc7f40a9-6782-42c4-abab-c6b1682da047, command=[]} | ret=SUCCESS |  
2019-09-20 09:27:20,595 | INFO  | SCMAudit | user=jenkins1000 | ip=192.168.36.99 | op=SEND_HEARTBEAT {datanodeUUID=fd3cd5f9-4f1c-43ea-91b1-b85a1f6c3825, command=[]} | ret=SUCCESS |  
2019-09-20 09:27:20,590 [fd3cd5f9-4f1c-43ea-91b1-b85a1f6c3825:group-50161B5DC97B:LeaderElection119] INFO  impl.LeaderElection (LeaderElection.java:askForVotes(181)) - fd3cd5f9-4f1c-43ea-91b1-b85a1f6c3825:group-50161B5DC97B:LeaderElection119: begin an election at term 1 for -1: [fd3cd5f9-4f1c-43ea-91b1-b85a1f6c3825:192.168.36.99:39114], old=null
2019-09-20 09:27:20,590 [Thread-827] INFO  impl.FollowerState (FollowerState.java:run(106)) - 871e6485-c22a-483f-9e07-d19e754685be:group-75FD9D73F3AC changes to CANDIDATE, lastRpcTime:5372, electionTimeout:5152ms
2019-09-20 09:27:20,589 [Thread-833] INFO  impl.FollowerState (FollowerState.java:run(106)) - fd3cd5f9-4f1c-43ea-91b1-b85a1f6c3825:group-3F7C9B11228D changes to CANDIDATE, lastRpcTime:5217, electionTimeout:5181ms
2019-09-20 09:27:20,596 [Thread-833] INFO  impl.RoleInfo (RoleInfo.java:shutdownFollowerState(121)) - fd3cd5f9-4f1c-43ea-91b1-b85a1f6c3825: shutdown FollowerState
2019-09-20 09:27:20,589 [Thread-836] INFO  impl.FollowerState (FollowerState.java:run(106)) - fd3cd5f9-4f1c-43ea-91b1-b85a1f6c3825:group-E226B53152AE changes to CANDIDATE, lastRpcTime:5135, electionTimeout:5120ms
2019-09-20 09:27:20,322 [pool-38-thread-1] INFO  ratis.ContainerStateMachine (ContainerStateMachine.java:loadSnapshot(226)) - group-449CD00D9C0A: The snapshot info is null. Setting the last applied indexto:(t:0, i:~)
2019-09-20 09:27:20,322 [Thread-824] INFO  impl.RoleInfo (RoleInfo.java:updateAndGet(143)) - fd3cd5f9-4f1c-43ea-91b1-b85a1f6c3825: start LeaderElection
2019-09-20 09:27:20,596 [pool-38-thread-1] INFO  server.RaftServerConfigKeys (ConfUtils.java:logGet(43)) - raft.server.leader.election.timeout = 10s (custom)
2019-09-20 09:27:20,596 [Thread-836] INFO  impl.RoleInfo (RoleInfo.java:shutdownFollowerState(121)) - fd3cd5f9-4f1c-43ea-91b1-b85a1f6c3825: shutdown FollowerState
2019-09-20 09:27:20,596 [Thread-833] INFO  impl.RaftServerImpl (RaftServerImpl.java:setRole(171)) - fd3cd5f9-4f1c-43ea-91b1-b85a1f6c3825:group-3F7C9B11228D changes role from FOLLOWER to CANDIDATE at term 0 for changeToCandidate
2019-09-20 09:27:20,595 [Thread-827] INFO  impl.RoleInfo (RoleInfo.java:shutdownFollowerState(121)) - 871e6485-c22a-483f-9e07-d19e754685be: shutdown FollowerState
2019-09-20 09:27:20,595 [fd3cd5f9-4f1c-43ea-91b1-b85a1f6c3825:group-50161B5DC97B:LeaderElection119] INFO  impl.RoleInfo (RoleInfo.java:shutdownLeaderElection(134)) - fd3cd5f9-4f1c-43ea-91b1-b85a1f6c3825: shutdown LeaderElection
2019-09-20 09:27:20,597 [fd3cd5f9-4f1c-43ea-91b1-b85a1f6c3825:group-50161B5DC97B:LeaderElection119] INFO  impl.RaftServerImpl (RaftServerImpl.java:setRole(171)) - fd3cd5f9-4f1c-43ea-91b1-b85a1f6c3825:group-50161B5DC97B changes role from CANDIDATE to LEADER at term 1 for changeToLeader
2019-09-20 09:27:20,591 [4840c00f-91d3-4881-a20b-4d0486ca97c0:group-200999D6C66F:LeaderElection117] INFO  server.RaftServerConfigKeys (ConfUtils.java:logGet(43)) - raft.server.rpc.sleep.time = 25ms (default)
2019-09-20 09:27:20,591 [492ed782-6ab3-4ad9-945e-06def6ac7c96:group-DBFCCBCC0585:LeaderElection118] INFO  impl.RaftServerImpl (ServerState.java:setLeader(263)) - 492ed782-6ab3-4ad9-945e-06def6ac7c96:group-DBFCCBCC0585 change Leader from null to 492ed782-6ab3-4ad9-945e-06def6ac7c96 at term 1 for becomeLeader, leader elected after 5700ms
2019-09-20 09:27:20,591 [Thread-821] INFO  impl.RoleInfo (RoleInfo.java:updateAndGet(143)) - 4840c00f-91d3-4881-a20b-4d0486ca97c0: start LeaderElection
2019-09-20 09:27:20,597 [492ed782-6ab3-4ad9-945e-06def6ac7c96:group-DBFCCBCC0585:LeaderElection118] INFO  server.RaftServerConfigKeys (ConfUtils.java:logGet(43)) - raft.server.staging.catchup.gap = 1000 (default)
2019-09-20 09:27:20,597 [4840c00f-91d3-4881-a20b-4d0486ca97c0:group-200999D6C66F:LeaderElection117] INFO  server.RaftServerConfigKeys (ConfUtils.java:logGet(43)) - raft.server.write.element-limit = 4096 (default)
2019-09-20 09:27:20,597 [fd3cd5f9-4f1c-43ea-91b1-b85a1f6c3825:group-50161B5DC97B:LeaderElection119] INFO  impl.RaftServerImpl (ServerState.java:setLeader(263)) - fd3cd5f9-4f1c-43ea-91b1-b85a1f6c3825:group-50161B5DC97B change Leader from null to fd3cd5f9-4f1c-43ea-91b1-b85a1f6c3825 at term 1 for becomeLeader, leader elected after 5315ms
2019-09-20 09:27:20,597 [Thread-827] INFO  impl.RaftServerImpl (RaftServerImpl.java:setRole(171)) - 871e6485-c22a-483f-9e07-d19e754685be:group-75FD9D73F3AC changes role from FOLLOWER to CANDIDATE at term 0 for changeToCandidate
2019-09-20 09:27:20,597 [Thread-833] INFO  impl.RoleInfo (RoleInfo.java:updateAndGet(143)) - fd3cd5f9-4f1c-43ea-91b1-b85a1f6c3825: start LeaderElection
2019-09-20 09:27:20,596 [Thread-836] INFO  impl.RaftServerImpl (RaftServerImpl.java:setRole(171)) - fd3cd5f9-4f1c-43ea-91b1-b85a1f6c3825:group-E226B53152AE changes role from FOLLOWER to CANDIDATE at term 0 for changeToCandidate
2019-09-20 09:27:20,596 [pool-38-thread-1] INFO  server.RaftServerConfigKeys (ConfUtils.java:logGet(43)) - raft.server.log.use.memory = false (default)
2019-09-20 09:27:20,599 [Thread-836] INFO  impl.RoleInfo (RoleInfo.java:updateAndGet(143)) - fd3cd5f9-4f1c-43ea-91b1-b85a1f6c3825: start LeaderElection
2019-09-20 09:27:20,598 [Thread-827] INFO  impl.RoleInfo (RoleInfo.java:updateAndGet(143)) - 871e6485-c22a-483f-9e07-d19e754685be: start LeaderElection
2019-09-20 09:27:20,598 [fd3cd5f9-4f1c-43ea-91b1-b85a1f6c3825:group-50161B5DC97B:LeaderElection119] INFO  server.RaftServerConfigKeys (ConfUtils.java:logGet(43)) - raft.server.staging.catchup.gap = 1000 (default)
2019-09-20 09:27:20,599 [fd3cd5f9-4f1c-43ea-91b1-b85a1f6c3825:group-50161B5DC97B:LeaderElection119] INFO  server.RaftServerConfigKeys (ConfUtils.java:logGet(43)) - raft.server.rpc.sleep.time = 25ms (default)
2019-09-20 09:27:20,598 [4840c00f-91d3-4881-a20b-4d0486ca97c0:group-200999D6C66F:LeaderElection117] INFO  server.RaftServerConfigKeys (ConfUtils.java:logGet(43)) - raft.server.watch.timeout = 10s (default)
2019-09-20 09:27:20,598 [492ed782-6ab3-4ad9-945e-06def6ac7c96:group-DBFCCBCC0585:LeaderElection118] INFO  server.RaftServerConfigKeys (ConfUtils.java:logGet(43)) - raft.server.rpc.sleep.time = 25ms (default)
2019-09-20 09:27:20,600 [4840c00f-91d3-4881-a20b-4d0486ca97c0:group-200999D6C66F:LeaderElection117] INFO  server.RaftServerConfigKeys (ConfUtils.java:logGet(43)) - raft.server.watch.timeout.denomination = 1s (default)
2019-09-20 09:27:20,600 [fd3cd5f9-4f1c-43ea-91b1-b85a1f6c3825:group-50161B5DC97B:LeaderElection119] INFO  server.RaftServerConfigKeys (ConfUtils.java:logGet(43)) - raft.server.write.element-limit = 4096 (default)
2019-09-20 09:27:20,600 [fd3cd5f9-4f1c-43ea-91b1-b85a1f6c3825:group-50161B5DC97B:LeaderElection119] INFO  server.RaftServerConfigKeys (ConfUtils.java:logGet(43)) - raft.server.watch.timeout = 10s (default)
2019-09-20 09:27:20,599 [pool-38-thread-1] INFO  server.RaftServerConfigKeys (ConfUtils.java:logGet(43)) - raft.server.log.purge.gap = 1000000 (custom)
2019-09-20 09:27:20,600 [fd3cd5f9-4f1c-43ea-91b1-b85a1f6c3825:group-50161B5DC97B:LeaderElection119] INFO  server.RaftServerConfigKeys (ConfUtils.java:logGet(43)) - raft.server.watch.timeout.denomination = 1s (default)
2019-09-20 09:27:20,600 [Thread-839] INFO  impl.FollowerState (FollowerState.java:run(106)) - 871e6485-c22a-483f-9e07-d19e754685be:group-9FFBFDC002D6 changes to CANDIDATE, lastRpcTime:5078, electionTimeout:5078ms
2019-09-20 09:27:20,601 [Thread-839] INFO  impl.RoleInfo (RoleInfo.java:shutdownFollowerState(121)) - 871e6485-c22a-483f-9e07-d19e754685be: shutdown FollowerState
2019-09-20 09:27:20,600 [4840c00f-91d3-4881-a20b-4d0486ca97c0:group-200999D6C66F:LeaderElection117] INFO  server.RaftServerConfigKeys (ConfUtils.java:logGet(43)) - raft.server.watch.element-limit = 65536 (default)
2019-09-20 09:27:20,600 [492ed782-6ab3-4ad9-945e-06def6ac7c96:group-DBFCCBCC0585:LeaderElection118] INFO  server.RaftServerConfigKeys (ConfUtils.java:logGet(43)) - raft.server.write.element-limit = 4096 (default)
2019-09-20 09:27:20,601 [4840c00f-91d3-4881-a20b-4d0486ca97c0:group-200999D6C66F:LeaderElection117] INFO  impl.RoleInfo (RoleInfo.java:updateAndGet(143)) - 4840c00f-91d3-4881-a20b-4d0486ca97c0: start LeaderState
2019-09-20 09:27:20,601 [492ed782-6ab3-4ad9-945e-06def6ac7c96:group-DBFCCBCC0585:LeaderElection118] INFO  server.RaftServerConfigKeys (ConfUtils.java:logGet(43)) - raft.server.watch.timeout = 10s (default)
2019-09-20 09:27:20,601 [Thread-839] INFO  impl.RaftServerImpl (RaftServerImpl.java:setRole(171)) - 871e6485-c22a-483f-9e07-d19e754685be:group-9FFBFDC002D6 changes role from FOLLOWER to CANDIDATE at term 0 for changeToCandidate
2019-09-20 09:27:20,601 [fd3cd5f9-4f1c-43ea-91b1-b85a1f6c3825:group-50161B5DC97B:LeaderElection119] INFO  server.RaftServerConfigKeys (ConfUtils.java:logGet(43)) - raft.server.watch.element-limit = 65536 (default)
2019-09-20 09:27:20,601 [pool-38-thread-1] INFO  server.RaftServerConfigKeys (ConfUtils.java:logGet(43)) - raft.server.log.appender.buffer.byte-limit = 33554432 (custom)
2019-09-20 09:27:20,602 [fd3cd5f9-4f1c-43ea-91b1-b85a1f6c3825:group-50161B5DC97B:LeaderElection119] INFO  impl.RoleInfo (RoleInfo.java:updateAndGet(143)) - fd3cd5f9-4f1c-43ea-91b1-b85a1f6c3825: start LeaderState
2019-09-20 09:27:20,602 [Thread-839] INFO  impl.RoleInfo (RoleInfo.java:updateAndGet(143)) - 871e6485-c22a-483f-9e07-d19e754685be: start LeaderElection
2019-09-20 09:27:20,602 [fd3cd5f9-4f1c-43ea-91b1-b85a1f6c3825:group-50161B5DC97B:LeaderElection119] INFO  segmented.SegmentedRaftLogWorker (SegmentedRaftLogWorker.java:startLogSegment(380)) - fd3cd5f9-4f1c-43ea-91b1-b85a1f6c3825-SegmentedRaftLogWorker:Storage Directory /workdir/hadoop-ozone/integration-test/target/test-dir/MiniOzoneClusterImpl-a33d77e5-464b-4d19-8e6b-a171e580bf0e/datanode-1/data/ratis/7797276a-39bc-411a-afd0-50161b5dc97b: Starting segment from index:0
2019-09-20 09:27:20,601 [4840c00f-91d3-4881-a20b-4d0486ca97c0:group-200999D6C66F:LeaderElection117] INFO  segmented.SegmentedRaftLogWorker (SegmentedRaftLogWorker.java:startLogSegment(380)) - 4840c00f-91d3-4881-a20b-4d0486ca97c0-SegmentedRaftLogWorker:Storage Directory /workdir/hadoop-ozone/integration-test/target/test-dir/MiniOzoneClusterImpl-a33d77e5-464b-4d19-8e6b-a171e580bf0e/datanode-3/data/ratis/63e6540c-7087-4c1c-80b6-200999d6c66f: Starting segment from index:0
2019-09-20 09:27:20,601 [492ed782-6ab3-4ad9-945e-06def6ac7c96:group-DBFCCBCC0585:LeaderElection118] INFO  server.RaftServerConfigKeys (ConfUtils.java:logGet(43)) - raft.server.watch.timeout.denomination = 1s (default)
2019-09-20 09:27:20,603 [492ed782-6ab3-4ad9-945e-06def6ac7c96:group-DBFCCBCC0585:LeaderElection118] INFO  server.RaftServerConfigKeys (ConfUtils.java:logGet(43)) - raft.server.watch.element-limit = 65536 (default)
2019-09-20 09:27:20,602 [pool-38-thread-1] INFO  server.RaftServerConfigKeys (ConfUtils.java:logGet(43)) - raft.server.log.segment.size.max = 1048576 (custom)
2019-09-20 09:27:21,130 [Thread-854] INFO  impl.FollowerState (FollowerState.java:run(106)) - fd3cd5f9-4f1c-43ea-91b1-b85a1f6c3825:group-6744324157FB changes to CANDIDATE, lastRpcTime:5238, electionTimeout:5052ms
2019-09-20 09:27:21,131 | INFO  | SCMAudit | user=jenkins1000 | ip=192.168.36.99 | op=SEND_HEARTBEAT {datanodeUUID=02b93e76-e4c6-4b67-b8a4-c536d9ab7224, command=[]} | ret=SUCCESS |  
2019-09-20 09:27:21,131 | INFO  | SCMAudit | user=jenkins1000 | ip=192.168.36.99 | op=SEND_HEARTBEAT {datanodeUUID=4840c00f-91d3-4881-a20b-4d0486ca97c0, command=[]} | ret=SUCCESS |  
2019-09-20 09:27:21,130 [Thread-857] INFO  impl.FollowerState (FollowerState.java:run(106)) - fd3cd5f9-4f1c-43ea-91b1-b85a1f6c3825:group-90579A7A1E42 changes to CANDIDATE, lastRpcTime:5161, electionTimeout:5017ms
2019-09-20 09:27:21,131 | INFO  | SCMAudit | user=jenkins1000 | ip=192.168.36.99 | op=SEND_HEARTBEAT {datanodeUUID=492ed782-6ab3-4ad9-945e-06def6ac7c96, command=[]} | ret=SUCCESS |  
2019-09-20 09:27:21,131 | INFO  | SCMAudit | user=jenkins1000 | ip=192.168.36.99 | op=SEND_HEARTBEAT {datanodeUUID=871e6485-c22a-483f-9e07-d19e754685be, command=[]} | ret=SUCCESS |  
2019-09-20 09:27:21,127 [Thread-848] INFO  impl.FollowerState (FollowerState.java:run(106)) - 871e6485-c22a-483f-9e07-d19e754685be:group-43EAF305B334 changes to CANDIDATE, lastRpcTime:5153, electionTimeout:5139ms
2019-09-20 09:27:21,127 [Thread-851] INFO  impl.FollowerState (FollowerState.java:run(106)) - 871e6485-c22a-483f-9e07-d19e754685be:group-CC18D9B0FA0B changes to CANDIDATE, lastRpcTime:5086, electionTimeout:5046ms
2019-09-20 09:27:21,127 [fd3cd5f9-4f1c-43ea-91b1-b85a1f6c3825:group-3F7C9B11228D:LeaderElection123] INFO  impl.LeaderElection (LeaderElection.java:askForVotes(181)) - fd3cd5f9-4f1c-43ea-91b1-b85a1f6c3825:group-3F7C9B11228D:LeaderElection123: begin an election at term 1 for -1: [fd3cd5f9-4f1c-43ea-91b1-b85a1f6c3825:192.168.36.99:39114], old=null
2019-09-20 09:27:21,127 [Thread-845] INFO  impl.FollowerState (FollowerState.java:run(106)) - 871e6485-c22a-483f-9e07-d19e754685be:group-5CD29FEE94BE changes to CANDIDATE, lastRpcTime:5220, electionTimeout:5172ms
2019-09-20 09:27:21,131 [Thread-845] INFO  impl.RoleInfo (RoleInfo.java:shutdownFollowerState(121)) - 871e6485-c22a-483f-9e07-d19e754685be: shutdown FollowerState
2019-09-20 09:27:21,127 [Thread-842] INFO  impl.FollowerState (FollowerState.java:run(106)) - 4840c00f-91d3-4881-a20b-4d0486ca97c0:group-C4F071EB70CB changes to CANDIDATE, lastRpcTime:5298, electionTimeout:5031ms
2019-09-20 09:27:21,127 [fd3cd5f9-4f1c-43ea-91b1-b85a1f6c3825:group-E226B53152AE:LeaderElection125] INFO  impl.LeaderElection (LeaderElection.java:askForVotes(181)) - fd3cd5f9-4f1c-43ea-91b1-b85a1f6c3825:group-E226B53152AE:LeaderElection125: begin an election at term 1 for -1: [fd3cd5f9-4f1c-43ea-91b1-b85a1f6c3825:192.168.36.99:39114], old=null
2019-09-20 09:27:21,127 [4840c00f-91d3-4881-a20b-4d0486ca97c0:group-A92484A46E3A:LeaderElection122] INFO  impl.LeaderElection (LeaderElection.java:askForVotes(181)) - 4840c00f-91d3-4881-a20b-4d0486ca97c0:group-A92484A46E3A:LeaderElection122: begin an election at term 1 for -1: [4840c00f-91d3-4881-a20b-4d0486ca97c0:192.168.36.99:41473], old=null
2019-09-20 09:27:21,127 [871e6485-c22a-483f-9e07-d19e754685be:group-75FD9D73F3AC:LeaderElection124] INFO  impl.LeaderElection (LeaderElection.java:askForVotes(181)) - 871e6485-c22a-483f-9e07-d19e754685be:group-75FD9D73F3AC:LeaderElection124: begin an election at term 1 for -1: [871e6485-c22a-483f-9e07-d19e754685be:192.168.36.99:41076], old=null
2019-09-20 09:27:21,127 [fd3cd5f9-4f1c-43ea-91b1-b85a1f6c3825:group-A51E182927FB:LeaderElection121] INFO  impl.LeaderElection (LeaderElection.java:askForVotes(181)) - fd3cd5f9-4f1c-43ea-91b1-b85a1f6c3825:group-A51E182927FB:LeaderElection121: begin an election at term 1 for -1: [fd3cd5f9-4f1c-43ea-91b1-b85a1f6c3825:192.168.36.99:39114], old=null
2019-09-20 09:27:21,126 [871e6485-c22a-483f-9e07-d19e754685be:group-2BC81EA4EC18:LeaderElection120] INFO  impl.LeaderElection (LeaderElection.java:askForVotes(181)) - 871e6485-c22a-483f-9e07-d19e754685be:group-2BC81EA4EC18:LeaderElection120: begin an election at term 1 for -1: [871e6485-c22a-483f-9e07-d19e754685be:192.168.36.99:41076], old=null
2019-09-20 09:27:21,126 [492ed782-6ab3-4ad9-945e-06def6ac7c96:group-DBFCCBCC0585:LeaderElection118] INFO  impl.RoleInfo (RoleInfo.java:updateAndGet(143)) - 492ed782-6ab3-4ad9-945e-06def6ac7c96: start LeaderState
2019-09-20 09:27:21,126 [4840c00f-91d3-4881-a20b-4d0486ca97c0:group-200999D6C66F:LeaderElection117] INFO  impl.RaftServerImpl (ServerState.java:setRaftConf(361)) - 4840c00f-91d3-4881-a20b-4d0486ca97c0:group-200999D6C66F set configuration 0: [4840c00f-91d3-4881-a20b-4d0486ca97c0:192.168.36.99:41473], old=null at 0
2019-09-20 09:27:21,126 [Thread-860] INFO  impl.FollowerState (FollowerState.java:run(106)) - 492ed782-6ab3-4ad9-945e-06def6ac7c96:group-8A11821451D5 changes to CANDIDATE, lastRpcTime:5092, electionTimeout:5070ms
2019-09-20 09:27:20,603 [fd3cd5f9-4f1c-43ea-91b1-b85a1f6c3825:group-50161B5DC97B:LeaderElection119] INFO  impl.RaftServerImpl (ServerState.java:setRaftConf(361)) - fd3cd5f9-4f1c-43ea-91b1-b85a1f6c3825:group-50161B5DC97B set configuration 0: [fd3cd5f9-4f1c-43ea-91b1-b85a1f6c3825:192.168.36.99:39114], old=null at 0
2019-09-20 09:27:21,133 [Thread-860] INFO  impl.RoleInfo (RoleInfo.java:shutdownFollowerState(121)) - 492ed782-6ab3-4ad9-945e-06def6ac7c96: shutdown FollowerState
2019-09-20 09:27:21,133 [Thread-860] INFO  impl.RaftServerImpl (RaftServerImpl.java:setRole(171)) - 492ed782-6ab3-4ad9-945e-06def6ac7c96:group-8A11821451D5 changes role from FOLLOWER to CANDIDATE at term 0 for changeToCandidate
2019-09-20 09:27:21,133 [492ed782-6ab3-4ad9-945e-06def6ac7c96:group-DBFCCBCC0585:LeaderElection118] INFO  segmented.SegmentedRaftLogWorker (SegmentedRaftLogWorker.java:startLogSegment(380)) - 492ed782-6ab3-4ad9-945e-06def6ac7c96-SegmentedRaftLogWorker:Storage Directory /workdir/hadoop-ozone/integration-test/target/test-dir/MiniOzoneClusterImpl-a33d77e5-464b-4d19-8e6b-a171e580bf0e/datanode-2/data/ratis/8ad5031d-ad1b-4314-8a4d-dbfccbcc0585: Starting segment from index:0
2019-09-20 09:27:21,133 [871e6485-c22a-483f-9e07-d19e754685be:group-2BC81EA4EC18:LeaderElection120] INFO  impl.RoleInfo (RoleInfo.java:shutdownLeaderElection(134)) - 871e6485-c22a-483f-9e07-d19e754685be: shutdown LeaderElection
2019-09-20 09:27:21,134 [871e6485-c22a-483f-9e07-d19e754685be:group-2BC81EA4EC18:LeaderElection120] INFO  impl.RaftServerImpl (RaftServerImpl.java:setRole(171)) - 871e6485-c22a-483f-9e07-d19e754685be:group-2BC81EA4EC18 changes role from CANDIDATE to LEADER at term 1 for changeToLeader
2019-09-20 09:27:21,132 [fd3cd5f9-4f1c-43ea-91b1-b85a1f6c3825:group-A51E182927FB:LeaderElection121] INFO  impl.RoleInfo (RoleInfo.java:shutdownLeaderElection(134)) - fd3cd5f9-4f1c-43ea-91b1-b85a1f6c3825: shutdown LeaderElection
2019-09-20 09:27:21,132 [871e6485-c22a-483f-9e07-d19e754685be:group-75FD9D73F3AC:LeaderElection124] INFO  impl.RoleInfo (RoleInfo.java:shutdownLeaderElection(134)) - 871e6485-c22a-483f-9e07-d19e754685be: shutdown LeaderElection
2019-09-20 09:27:21,132 [4840c00f-91d3-4881-a20b-4d0486ca97c0:group-A92484A46E3A:LeaderElection122] INFO  impl.RoleInfo (RoleInfo.java:shutdownLeaderElection(134)) - 4840c00f-91d3-4881-a20b-4d0486ca97c0: shutdown LeaderElection
2019-09-20 09:27:21,132 [fd3cd5f9-4f1c-43ea-91b1-b85a1f6c3825:group-E226B53152AE:LeaderElection125] INFO  impl.RoleInfo (RoleInfo.java:shutdownLeaderElection(134)) - fd3cd5f9-4f1c-43ea-91b1-b85a1f6c3825: shutdown LeaderElection
2019-09-20 09:27:21,452 [4840c00f-91d3-4881-a20b-4d0486ca97c0:group-A92484A46E3A:LeaderElection122] INFO  impl.RaftServerImpl (RaftServerImpl.java:setRole(171)) - 4840c00f-91d3-4881-a20b-4d0486ca97c0:group-A92484A46E3A changes role from CANDIDATE to LEADER at term 1 for changeToLeader
2019-09-20 09:27:21,132 [Thread-842] INFO  impl.RoleInfo (RoleInfo.java:shutdownFollowerState(121)) - 4840c00f-91d3-4881-a20b-4d0486ca97c0: shutdown FollowerState
2019-09-20 09:27:21,132 [Thread-845] INFO  impl.RaftServerImpl (RaftServerImpl.java:setRole(171)) - 871e6485-c22a-483f-9e07-d19e754685be:group-5CD29FEE94BE changes role from FOLLOWER to CANDIDATE at term 0 for changeToCandidate
2019-09-20 09:27:21,131 [fd3cd5f9-4f1c-43ea-91b1-b85a1f6c3825:group-3F7C9B11228D:LeaderElection123] INFO  impl.RoleInfo (RoleInfo.java:shutdownLeaderElection(134)) - fd3cd5f9-4f1c-43ea-91b1-b85a1f6c3825: shutdown LeaderElection
2019-09-20 09:27:21,131 [Thread-851] INFO  impl.RoleInfo (RoleInfo.java:shutdownFollowerState(121)) - 871e6485-c22a-483f-9e07-d19e754685be: shutdown FollowerState
2019-09-20 09:27:21,131 [Thread-848] INFO  impl.RoleInfo (RoleInfo.java:shutdownFollowerState(121)) - 871e6485-c22a-483f-9e07-d19e754685be: shutdown FollowerState
2019-09-20 09:27:21,131 [Thread-857] INFO  impl.RoleInfo (RoleInfo.java:shutdownFollowerState(121)) - fd3cd5f9-4f1c-43ea-91b1-b85a1f6c3825: shutdown FollowerState
2019-09-20 09:27:21,453 | INFO  | SCMAudit | user=jenkins1000 | ip=192.168.36.99 | op=SEND_HEARTBEAT {datanodeUUID=fd3cd5f9-4f1c-43ea-91b1-b85a1f6c3825, command=[]} | ret=SUCCESS |  
2019-09-20 09:27:21,453 | INFO  | SCMAudit | user=jenkins1000 | ip=192.168.36.99 | op=SEND_HEARTBEAT {datanodeUUID=dc7f40a9-6782-42c4-abab-c6b1682da047, command=[]} | ret=SUCCESS |  
2019-09-20 09:27:21,131 [Thread-854] INFO  impl.RoleInfo (RoleInfo.java:shutdownFollowerState(121)) - fd3cd5f9-4f1c-43ea-91b1-b85a1f6c3825: shutdown FollowerState
2019-09-20 09:27:21,454 [Thread-854] INFO  impl.RaftServerImpl (RaftServerImpl.java:setRole(171)) - fd3cd5f9-4f1c-43ea-91b1-b85a1f6c3825:group-6744324157FB changes role from FOLLOWER to CANDIDATE at term 0 for changeToCandidate
2019-09-20 09:27:21,130 [pool-38-thread-1] INFO  server.RaftServerConfigKeys (ConfUtils.java:logGet(43)) - raft.server.log.segment.cache.num.max = 2 (custom)
2019-09-20 09:27:21,454 [Thread-854] INFO  impl.RoleInfo (RoleInfo.java:updateAndGet(143)) - fd3cd5f9-4f1c-43ea-91b1-b85a1f6c3825: start LeaderElection
2019-09-20 09:27:21,453 [Thread-857] INFO  impl.RaftServerImpl (RaftServerImpl.java:setRole(171)) - fd3cd5f9-4f1c-43ea-91b1-b85a1f6c3825:group-90579A7A1E42 changes role from FOLLOWER to CANDIDATE at term 0 for changeToCandidate
2019-09-20 09:27:21,453 [Thread-848] INFO  impl.RaftServerImpl (RaftServerImpl.java:setRole(171)) - 871e6485-c22a-483f-9e07-d19e754685be:group-43EAF305B334 changes role from FOLLOWER to CANDIDATE at term 0 for changeToCandidate
2019-09-20 09:27:21,453 [Thread-851] INFO  impl.RaftServerImpl (RaftServerImpl.java:setRole(171)) - 871e6485-c22a-483f-9e07-d19e754685be:group-CC18D9B0FA0B changes role from FOLLOWER to CANDIDATE at term 0 for changeToCandidate
2019-09-20 09:27:21,453 [Thread-845] INFO  impl.RoleInfo (RoleInfo.java:updateAndGet(143)) - 871e6485-c22a-483f-9e07-d19e754685be: start LeaderElection
2019-09-20 09:27:21,453 [fd3cd5f9-4f1c-43ea-91b1-b85a1f6c3825:group-3F7C9B11228D:LeaderElection123] INFO  impl.RaftServerImpl (RaftServerImpl.java:setRole(171)) - fd3cd5f9-4f1c-43ea-91b1-b85a1f6c3825:group-3F7C9B11228D changes role from CANDIDATE to LEADER at term 1 for changeToLeader
2019-09-20 09:27:21,455 [fd3cd5f9-4f1c-43ea-91b1-b85a1f6c3825:group-3F7C9B11228D:LeaderElection123] INFO  impl.RaftServerImpl (ServerState.java:setLeader(263)) - fd3cd5f9-4f1c-43ea-91b1-b85a1f6c3825:group-3F7C9B11228D change Leader from null to fd3cd5f9-4f1c-43ea-91b1-b85a1f6c3825 at term 1 for becomeLeader, leader elected after 6088ms
2019-09-20 09:27:21,452 [Thread-842] INFO  impl.RaftServerImpl (RaftServerImpl.java:setRole(171)) - 4840c00f-91d3-4881-a20b-4d0486ca97c0:group-C4F071EB70CB changes role from FOLLOWER to CANDIDATE at term 0 for changeToCandidate
2019-09-20 09:27:21,452 [4840c00f-91d3-4881-a20b-4d0486ca97c0:group-A92484A46E3A:LeaderElection122] INFO  impl.RaftServerImpl (ServerState.java:setLeader(263)) - 4840c00f-91d3-4881-a20b-4d0486ca97c0:group-A92484A46E3A change Leader from null to 4840c00f-91d3-4881-a20b-4d0486ca97c0 at term 1 for becomeLeader, leader elected after 6381ms
2019-09-20 09:27:21,452 [fd3cd5f9-4f1c-43ea-91b1-b85a1f6c3825:group-E226B53152AE:LeaderElection125] INFO  impl.RaftServerImpl (RaftServerImpl.java:setRole(171)) - fd3cd5f9-4f1c-43ea-91b1-b85a1f6c3825:group-E226B53152AE changes role from CANDIDATE to LEADER at term 1 for changeToLeader
2019-09-20 09:27:21,452 [871e6485-c22a-483f-9e07-d19e754685be:group-75FD9D73F3AC:LeaderElection124] INFO  impl.RaftServerImpl (RaftServerImpl.java:setRole(171)) - 871e6485-c22a-483f-9e07-d19e754685be:group-75FD9D73F3AC changes role from CANDIDATE to LEADER at term 1 for changeToLeader
2019-09-20 09:27:21,451 [492ed782-6ab3-4ad9-945e-06def6ac7c96:group-DBFCCBCC0585:LeaderElection118] INFO  impl.RaftServerImpl (ServerState.java:setRaftConf(361)) - 492ed782-6ab3-4ad9-945e-06def6ac7c96:group-DBFCCBCC0585 set configuration 0: [492ed782-6ab3-4ad9-945e-06def6ac7c96:192.168.36.99:32835], old=null at 0
2019-09-20 09:27:21,451 [Thread-869] INFO  impl.FollowerState (FollowerState.java:run(106)) - 871e6485-c22a-483f-9e07-d19e754685be:group-BCFC671DD016 changes to CANDIDATE, lastRpcTime:5118, electionTimeout:5096ms
2019-09-20 09:27:21,451 [Thread-866] INFO  impl.FollowerState (FollowerState.java:run(106)) - 02b93e76-e4c6-4b67-b8a4-c536d9ab7224:group-6330BC62D772 changes to CANDIDATE, lastRpcTime:5246, electionTimeout:5029ms
2019-09-20 09:27:21,134 [fd3cd5f9-4f1c-43ea-91b1-b85a1f6c3825:group-A51E182927FB:LeaderElection121] INFO  impl.RaftServerImpl (RaftServerImpl.java:setRole(171)) - fd3cd5f9-4f1c-43ea-91b1-b85a1f6c3825:group-A51E182927FB changes role from CANDIDATE to LEADER at term 1 for changeToLeader
2019-09-20 09:27:21,457 [fd3cd5f9-4f1c-43ea-91b1-b85a1f6c3825:group-A51E182927FB:LeaderElection121] INFO  impl.RaftServerImpl (ServerState.java:setLeader(263)) - fd3cd5f9-4f1c-43ea-91b1-b85a1f6c3825:group-A51E182927FB change Leader from null to fd3cd5f9-4f1c-43ea-91b1-b85a1f6c3825 at term 1 for becomeLeader, leader elected after 6310ms
2019-09-20 09:27:21,451 [Thread-863] INFO  impl.FollowerState (FollowerState.java:run(106)) - 871e6485-c22a-483f-9e07-d19e754685be:group-1CEED274464E changes to CANDIDATE, lastRpcTime:5312, electionTimeout:5111ms
2019-09-20 09:27:21,451 [871e6485-c22a-483f-9e07-d19e754685be:group-9FFBFDC002D6:LeaderElection126] INFO  impl.LeaderElection (LeaderElection.java:askForVotes(181)) - 871e6485-c22a-483f-9e07-d19e754685be:group-9FFBFDC002D6:LeaderElection126: begin an election at term 1 for -1: [871e6485-c22a-483f-9e07-d19e754685be:192.168.36.99:41076], old=null
2019-09-20 09:27:21,134 [871e6485-c22a-483f-9e07-d19e754685be:group-2BC81EA4EC18:LeaderElection120] INFO  impl.RaftServerImpl (ServerState.java:setLeader(263)) - 871e6485-c22a-483f-9e07-d19e754685be:group-2BC81EA4EC18 change Leader from null to 871e6485-c22a-483f-9e07-d19e754685be at term 1 for becomeLeader, leader elected after 6192ms
2019-09-20 09:27:21,133 [Thread-860] INFO  impl.RoleInfo (RoleInfo.java:updateAndGet(143)) - 492ed782-6ab3-4ad9-945e-06def6ac7c96: start LeaderElection
2019-09-20 09:27:21,458 [871e6485-c22a-483f-9e07-d19e754685be:group-2BC81EA4EC18:LeaderElection120] INFO  server.RaftServerConfigKeys (ConfUtils.java:logGet(43)) - raft.server.staging.catchup.gap = 1000 (default)
2019-09-20 09:27:21,457 [871e6485-c22a-483f-9e07-d19e754685be:group-9FFBFDC002D6:LeaderElection126] INFO  impl.RoleInfo (RoleInfo.java:shutdownLeaderElection(134)) - 871e6485-c22a-483f-9e07-d19e754685be: shutdown LeaderElection
2019-09-20 09:27:21,457 [Thread-863] INFO  impl.RoleInfo (RoleInfo.java:shutdownFollowerState(121)) - 871e6485-c22a-483f-9e07-d19e754685be: shutdown FollowerState
2019-09-20 09:27:21,462 [Thread-863] INFO  impl.RaftServerImpl (RaftServerImpl.java:setRole(171)) - 871e6485-c22a-483f-9e07-d19e754685be:group-1CEED274464E changes role from FOLLOWER to CANDIDATE at term 0 for changeToCandidate
2019-09-20 09:27:21,457 [fd3cd5f9-4f1c-43ea-91b1-b85a1f6c3825:group-A51E182927FB:LeaderElection121] INFO  server.RaftServerConfigKeys (ConfUtils.java:logGet(43)) - raft.server.staging.catchup.gap = 1000 (default)
2019-09-20 09:27:21,457 [Thread-866] INFO  impl.RoleInfo (RoleInfo.java:shutdownFollowerState(121)) - 02b93e76-e4c6-4b67-b8a4-c536d9ab7224: shutdown FollowerState
2019-09-20 09:27:21,457 [Thread-869] INFO  impl.RoleInfo (RoleInfo.java:shutdownFollowerState(121)) - 871e6485-c22a-483f-9e07-d19e754685be: shutdown FollowerState
2019-09-20 09:27:21,462 [Thread-869] INFO  impl.RaftServerImpl (RaftServerImpl.java:setRole(171)) - 871e6485-c22a-483f-9e07-d19e754685be:group-BCFC671DD016 changes role from FOLLOWER to CANDIDATE at term 0 for changeToCandidate
2019-09-20 09:27:21,456 [Thread-842] INFO  impl.RoleInfo (RoleInfo.java:updateAndGet(143)) - 4840c00f-91d3-4881-a20b-4d0486ca97c0: start LeaderElection
2019-09-20 09:27:21,456 [871e6485-c22a-483f-9e07-d19e754685be:group-75FD9D73F3AC:LeaderElection124] INFO  impl.RaftServerImpl (ServerState.java:setLeader(263)) - 871e6485-c22a-483f-9e07-d19e754685be:group-75FD9D73F3AC change Leader from null to 871e6485-c22a-483f-9e07-d19e754685be at term 1 for becomeLeader, leader elected after 6242ms
2019-09-20 09:27:21,456 [4840c00f-91d3-4881-a20b-4d0486ca97c0:group-A92484A46E3A:LeaderElection122] INFO  server.RaftServerConfigKeys (ConfUtils.java:logGet(43)) - raft.server.staging.catchup.gap = 1000 (default)
2019-09-20 09:27:21,456 [fd3cd5f9-4f1c-43ea-91b1-b85a1f6c3825:group-E226B53152AE:LeaderElection125] INFO  impl.RaftServerImpl (ServerState.java:setLeader(263)) - fd3cd5f9-4f1c-43ea-91b1-b85a1f6c3825:group-E226B53152AE change Leader from null to fd3cd5f9-4f1c-43ea-91b1-b85a1f6c3825 at term 1 for becomeLeader, leader elected after 6005ms
2019-09-20 09:27:21,456 [fd3cd5f9-4f1c-43ea-91b1-b85a1f6c3825:group-3F7C9B11228D:LeaderElection123] INFO  server.RaftServerConfigKeys (ConfUtils.java:logGet(43)) - raft.server.staging.catchup.gap = 1000 (default)
2019-09-20 09:27:21,455 [Thread-851] INFO  impl.RoleInfo (RoleInfo.java:updateAndGet(143)) - 871e6485-c22a-483f-9e07-d19e754685be: start LeaderElection
2019-09-20 09:27:21,455 [Thread-848] INFO  impl.RoleInfo (RoleInfo.java:updateAndGet(143)) - 871e6485-c22a-483f-9e07-d19e754685be: start LeaderElection
2019-09-20 09:27:21,455 [Thread-857] INFO  impl.RoleInfo (RoleInfo.java:updateAndGet(143)) - fd3cd5f9-4f1c-43ea-91b1-b85a1f6c3825: start LeaderElection
2019-09-20 09:27:21,454 [pool-38-thread-1] INFO  segmented.SegmentedRaftLogWorker (SegmentedRaftLogWorker.java:<init>(172)) - new fd3cd5f9-4f1c-43ea-91b1-b85a1f6c3825-SegmentedRaftLogWorker:Storage Directory /workdir/hadoop-ozone/integration-test/target/test-dir/MiniOzoneClusterImpl-a33d77e5-464b-4d19-8e6b-a171e580bf0e/datanode-1/data/ratis/038e61cd-e32e-431f-b520-449cd00d9c0a for RaftStorage:Storage Directory /workdir/hadoop-ozone/integration-test/target/test-dir/MiniOzoneClusterImpl-a33d77e5-464b-4d19-8e6b-a171e580bf0e/datanode-1/data/ratis/038e61cd-e32e-431f-b520-449cd00d9c0a
2019-09-20 09:27:21,469 [grpc-default-executor-3] INFO  impl.RaftServerImpl (ServerState.java:setLeader(263)) - 492ed782-6ab3-4ad9-945e-06def6ac7c96:group-80E08822C518 change Leader from null to 02b93e76-e4c6-4b67-b8a4-c536d9ab7224 at term 1 for appendEntries, leader elected after 6940ms
2019-09-20 09:27:21,463 [fd3cd5f9-4f1c-43ea-91b1-b85a1f6c3825:group-3F7C9B11228D:LeaderElection123] INFO  server.RaftServerConfigKeys (ConfUtils.java:logGet(43)) - raft.server.rpc.sleep.time = 25ms (default)
2019-09-20 09:27:21,463 [fd3cd5f9-4f1c-43ea-91b1-b85a1f6c3825:group-E226B53152AE:LeaderElection125] INFO  server.RaftServerConfigKeys (ConfUtils.java:logGet(43)) - raft.server.staging.catchup.gap = 1000 (default)
2019-09-20 09:27:21,470 [fd3cd5f9-4f1c-43ea-91b1-b85a1f6c3825:group-3F7C9B11228D:LeaderElection123] INFO  server.RaftServerConfigKeys (ConfUtils.java:logGet(43)) - raft.server.write.element-limit = 4096 (default)
2019-09-20 09:27:21,463 [871e6485-c22a-483f-9e07-d19e754685be:group-75FD9D73F3AC:LeaderElection124] INFO  server.RaftServerConfigKeys (ConfUtils.java:logGet(43)) - raft.server.staging.catchup.gap = 1000 (default)
2019-09-20 09:27:21,463 [4840c00f-91d3-4881-a20b-4d0486ca97c0:group-A92484A46E3A:LeaderElection122] INFO  server.RaftServerConfigKeys (ConfUtils.java:logGet(43)) - raft.server.rpc.sleep.time = 25ms (default)
2019-09-20 09:27:21,463 [Thread-869] INFO  impl.RoleInfo (RoleInfo.java:updateAndGet(143)) - 871e6485-c22a-483f-9e07-d19e754685be: start LeaderElection
2019-09-20 09:27:21,462 [Thread-866] INFO  impl.RaftServerImpl (RaftServerImpl.java:setRole(171)) - 02b93e76-e4c6-4b67-b8a4-c536d9ab7224:group-6330BC62D772 changes role from FOLLOWER to CANDIDATE at term 0 for changeToCandidate
2019-09-20 09:27:21,462 [fd3cd5f9-4f1c-43ea-91b1-b85a1f6c3825:group-A51E182927FB:LeaderElection121] INFO  server.RaftServerConfigKeys (ConfUtils.java:logGet(43)) - raft.server.rpc.sleep.time = 25ms (default)
2019-09-20 09:27:21,462 [Thread-863] INFO  impl.RoleInfo (RoleInfo.java:updateAndGet(143)) - 871e6485-c22a-483f-9e07-d19e754685be: start LeaderElection
2019-09-20 09:27:21,462 [871e6485-c22a-483f-9e07-d19e754685be:group-9FFBFDC002D6:LeaderElection126] INFO  impl.RaftServerImpl (RaftServerImpl.java:setRole(171)) - 871e6485-c22a-483f-9e07-d19e754685be:group-9FFBFDC002D6 changes role from CANDIDATE to LEADER at term 1 for changeToLeader
2019-09-20 09:27:21,462 [871e6485-c22a-483f-9e07-d19e754685be:group-2BC81EA4EC18:LeaderElection120] INFO  server.RaftServerConfigKeys (ConfUtils.java:logGet(43)) - raft.server.rpc.sleep.time = 25ms (default)
2019-09-20 09:27:21,471 [871e6485-c22a-483f-9e07-d19e754685be:group-9FFBFDC002D6:LeaderElection126] INFO  impl.RaftServerImpl (ServerState.java:setLeader(263)) - 871e6485-c22a-483f-9e07-d19e754685be:group-9FFBFDC002D6 change Leader from null to 871e6485-c22a-483f-9e07-d19e754685be at term 1 for becomeLeader, leader elected after 5953ms
2019-09-20 09:27:21,471 [871e6485-c22a-483f-9e07-d19e754685be:group-9FFBFDC002D6:LeaderElection126] INFO  server.RaftServerConfigKeys (ConfUtils.java:logGet(43)) - raft.server.staging.catchup.gap = 1000 (default)
2019-09-20 09:27:21,471 [fd3cd5f9-4f1c-43ea-91b1-b85a1f6c3825:group-A51E182927FB:LeaderElection121] INFO  server.RaftServerConfigKeys (ConfUtils.java:logGet(43)) - raft.server.write.element-limit = 4096 (default)
2019-09-20 09:27:21,470 [Thread-866] INFO  impl.RoleInfo (RoleInfo.java:updateAndGet(143)) - 02b93e76-e4c6-4b67-b8a4-c536d9ab7224: start LeaderElection
2019-09-20 09:27:21,470 [4840c00f-91d3-4881-a20b-4d0486ca97c0:group-A92484A46E3A:LeaderElection122] INFO  server.RaftServerConfigKeys (ConfUtils.java:logGet(43)) - raft.server.write.element-limit = 4096 (default)
2019-09-20 09:27:21,470 [871e6485-c22a-483f-9e07-d19e754685be:group-75FD9D73F3AC:LeaderElection124] INFO  server.RaftServerConfigKeys (ConfUtils.java:logGet(43)) - raft.server.rpc.sleep.time = 25ms (default)
2019-09-20 09:27:21,470 [fd3cd5f9-4f1c-43ea-91b1-b85a1f6c3825:group-3F7C9B11228D:LeaderElection123] INFO  server.RaftServerConfigKeys (ConfUtils.java:logGet(43)) - raft.server.watch.timeout = 10s (default)
2019-09-20 09:27:21,470 [fd3cd5f9-4f1c-43ea-91b1-b85a1f6c3825:group-E226B53152AE:LeaderElection125] INFO  server.RaftServerConfigKeys (ConfUtils.java:logGet(43)) - raft.server.rpc.sleep.time = 25ms (default)
2019-09-20 09:27:21,469 [grpc-default-executor-0] INFO  impl.RaftServerImpl (ServerState.java:setLeader(263)) - 871e6485-c22a-483f-9e07-d19e754685be:group-80E08822C518 change Leader from null to 02b93e76-e4c6-4b67-b8a4-c536d9ab7224 at term 1 for appendEntries, leader elected after 6599ms
2019-09-20 09:27:21,469 [pool-38-thread-1] INFO  server.RaftServerConfigKeys (ConfUtils.java:logGet(43)) - raft.server.log.queue.byte-limit = 2147483647 (custom)
2019-09-20 09:27:21,469 [grpc-default-executor-2] INFO  impl.RaftServerImpl (ServerState.java:setLeader(263)) - 871e6485-c22a-483f-9e07-d19e754685be:group-37C7F6D04707 change Leader from null to 02b93e76-e4c6-4b67-b8a4-c536d9ab7224 at term 1 for appendEntries, leader elected after 11813ms
2019-09-20 09:27:21,469 [grpc-default-executor-1] INFO  impl.RaftServerImpl (ServerState.java:setLeader(263)) - 4840c00f-91d3-4881-a20b-4d0486ca97c0:group-37C7F6D04707 change Leader from null to 02b93e76-e4c6-4b67-b8a4-c536d9ab7224 at term 1 for appendEntries, leader elected after 11041ms
2019-09-20 09:27:21,473 [pool-38-thread-1] INFO  server.RaftServerConfigKeys (ConfUtils.java:logGet(43)) - raft.server.log.queue.element-limit = 1024 (custom)
2019-09-20 09:27:21,472 [fd3cd5f9-4f1c-43ea-91b1-b85a1f6c3825:group-E226B53152AE:LeaderElection125] INFO  server.RaftServerConfigKeys (ConfUtils.java:logGet(43)) - raft.server.write.element-limit = 4096 (default)
2019-09-20 09:27:21,472 [fd3cd5f9-4f1c-43ea-91b1-b85a1f6c3825:group-3F7C9B11228D:LeaderElection123] INFO  server.RaftServerConfigKeys (ConfUtils.java:logGet(43)) - raft.server.watch.timeout.denomination = 1s (default)
2019-09-20 09:27:21,472 [871e6485-c22a-483f-9e07-d19e754685be:group-75FD9D73F3AC:LeaderElection124] INFO  server.RaftServerConfigKeys (ConfUtils.java:logGet(43)) - raft.server.write.element-limit = 4096 (default)
2019-09-20 09:27:21,472 [4840c00f-91d3-4881-a20b-4d0486ca97c0:group-A92484A46E3A:LeaderElection122] INFO  server.RaftServerConfigKeys (ConfUtils.java:logGet(43)) - raft.server.watch.timeout = 10s (default)
2019-09-20 09:27:21,471 [fd3cd5f9-4f1c-43ea-91b1-b85a1f6c3825:group-A51E182927FB:LeaderElection121] INFO  server.RaftServerConfigKeys (ConfUtils.java:logGet(43)) - raft.server.watch.timeout = 10s (default)
2019-09-20 09:27:21,471 [871e6485-c22a-483f-9e07-d19e754685be:group-9FFBFDC002D6:LeaderElection126] INFO  server.RaftServerConfigKeys (ConfUtils.java:logGet(43)) - raft.server.rpc.sleep.time = 25ms (default)
2019-09-20 09:27:21,471 [871e6485-c22a-483f-9e07-d19e754685be:group-2BC81EA4EC18:LeaderElection120] INFO  server.RaftServerConfigKeys (ConfUtils.java:logGet(43)) - raft.server.write.element-limit = 4096 (default)
2019-09-20 09:27:21,481 [871e6485-c22a-483f-9e07-d19e754685be:group-9FFBFDC002D6:LeaderElection126] INFO  server.RaftServerConfigKeys (ConfUtils.java:logGet(43)) - raft.server.write.element-limit = 4096 (default)
2019-09-20 09:27:21,481 [871e6485-c22a-483f-9e07-d19e754685be:group-5CD29FEE94BE:LeaderElection128] INFO  impl.LeaderElection (LeaderElection.java:askForVotes(181)) - 871e6485-c22a-483f-9e07-d19e754685be:group-5CD29FEE94BE:LeaderElection128: begin an election at term 1 for -1: [871e6485-c22a-483f-9e07-d19e754685be:192.168.36.99:41076], old=null
2019-09-20 09:27:21,481 [492ed782-6ab3-4ad9-945e-06def6ac7c96:group-8A11821451D5:LeaderElection127] INFO  impl.LeaderElection (LeaderElection.java:askForVotes(181)) - 492ed782-6ab3-4ad9-945e-06def6ac7c96:group-8A11821451D5:LeaderElection127: begin an election at term 1 for -1: [492ed782-6ab3-4ad9-945e-06def6ac7c96:192.168.36.99:32835], old=null
2019-09-20 09:27:21,481 [fd3cd5f9-4f1c-43ea-91b1-b85a1f6c3825:group-6744324157FB:LeaderElection129] INFO  impl.LeaderElection (LeaderElection.java:askForVotes(181)) - fd3cd5f9-4f1c-43ea-91b1-b85a1f6c3825:group-6744324157FB:LeaderElection129: begin an election at term 1 for -1: [fd3cd5f9-4f1c-43ea-91b1-b85a1f6c3825:192.168.36.99:39114], old=null
2019-09-20 09:27:21,482 [fd3cd5f9-4f1c-43ea-91b1-b85a1f6c3825:group-6744324157FB:LeaderElection129] INFO  impl.RoleInfo (RoleInfo.java:shutdownLeaderElection(134)) - fd3cd5f9-4f1c-43ea-91b1-b85a1f6c3825: shutdown LeaderElection
2019-09-20 09:27:21,481 [fd3cd5f9-4f1c-43ea-91b1-b85a1f6c3825:group-A51E182927FB:LeaderElection121] INFO  server.RaftServerConfigKeys (ConfUtils.java:logGet(43)) - raft.server.watch.timeout.denomination = 1s (default)
2019-09-20 09:27:21,477 [4840c00f-91d3-4881-a20b-4d0486ca97c0:group-A92484A46E3A:LeaderElection122] INFO  server.RaftServerConfigKeys (ConfUtils.java:logGet(43)) - raft.server.watch.timeout.denomination = 1s (default)
2019-09-20 09:27:21,477 [871e6485-c22a-483f-9e07-d19e754685be:group-75FD9D73F3AC:LeaderElection124] INFO  server.RaftServerConfigKeys (ConfUtils.java:logGet(43)) - raft.server.watch.timeout = 10s (default)
2019-09-20 09:27:21,476 [fd3cd5f9-4f1c-43ea-91b1-b85a1f6c3825:group-3F7C9B11228D:LeaderElection123] INFO  server.RaftServerConfigKeys (ConfUtils.java:logGet(43)) - raft.server.watch.element-limit = 65536 (default)
2019-09-20 09:27:21,474 [fd3cd5f9-4f1c-43ea-91b1-b85a1f6c3825:group-E226B53152AE:LeaderElection125] INFO  server.RaftServerConfigKeys (ConfUtils.java:logGet(43)) - raft.server.watch.timeout = 10s (default)
2019-09-20 09:27:21,483 [fd3cd5f9-4f1c-43ea-91b1-b85a1f6c3825:group-3F7C9B11228D:LeaderElection123] INFO  impl.RoleInfo (RoleInfo.java:updateAndGet(143)) - fd3cd5f9-4f1c-43ea-91b1-b85a1f6c3825: start LeaderState
2019-09-20 09:27:21,474 [pool-38-thread-1] INFO  server.RaftServerConfigKeys (ConfUtils.java:logGet(43)) - raft.server.log.segment.size.max = 1048576 (custom)
2019-09-20 09:27:21,483 [fd3cd5f9-4f1c-43ea-91b1-b85a1f6c3825:group-3F7C9B11228D:LeaderElection123] INFO  segmented.SegmentedRaftLogWorker (SegmentedRaftLogWorker.java:startLogSegment(380)) - fd3cd5f9-4f1c-43ea-91b1-b85a1f6c3825-SegmentedRaftLogWorker:Storage Directory /workdir/hadoop-ozone/integration-test/target/test-dir/MiniOzoneClusterImpl-a33d77e5-464b-4d19-8e6b-a171e580bf0e/datanode-1/data/ratis/bc08d00b-71aa-4c23-863f-3f7c9b11228d: Starting segment from index:0
2019-09-20 09:27:21,483 [fd3cd5f9-4f1c-43ea-91b1-b85a1f6c3825:group-E226B53152AE:LeaderElection125] INFO  server.RaftServerConfigKeys (ConfUtils.java:logGet(43)) - raft.server.watch.timeout.denomination = 1s (default)
2019-09-20 09:27:21,483 [871e6485-c22a-483f-9e07-d19e754685be:group-75FD9D73F3AC:LeaderElection124] INFO  server.RaftServerConfigKeys (ConfUtils.java:logGet(43)) - raft.server.watch.timeout.denomination = 1s (default)
2019-09-20 09:27:21,483 [4840c00f-91d3-4881-a20b-4d0486ca97c0:group-A92484A46E3A:LeaderElection122] INFO  server.RaftServerConfigKeys (ConfUtils.java:logGet(43)) - raft.server.watch.element-limit = 65536 (default)
2019-09-20 09:27:21,482 [fd3cd5f9-4f1c-43ea-91b1-b85a1f6c3825:group-A51E182927FB:LeaderElection121] INFO  server.RaftServerConfigKeys (ConfUtils.java:logGet(43)) - raft.server.watch.element-limit = 65536 (default)
2019-09-20 09:27:21,482 [fd3cd5f9-4f1c-43ea-91b1-b85a1f6c3825:group-6744324157FB:LeaderElection129] INFO  impl.RaftServerImpl (RaftServerImpl.java:setRole(171)) - fd3cd5f9-4f1c-43ea-91b1-b85a1f6c3825:group-6744324157FB changes role from CANDIDATE to LEADER at term 1 for changeToLeader
2019-09-20 09:27:21,482 [492ed782-6ab3-4ad9-945e-06def6ac7c96:group-8A11821451D5:LeaderElection127] INFO  impl.RoleInfo (RoleInfo.java:shutdownLeaderElection(134)) - 492ed782-6ab3-4ad9-945e-06def6ac7c96: shutdown LeaderElection
2019-09-20 09:27:21,482 [871e6485-c22a-483f-9e07-d19e754685be:group-5CD29FEE94BE:LeaderElection128] INFO  impl.RoleInfo (RoleInfo.java:shutdownLeaderElection(134)) - 871e6485-c22a-483f-9e07-d19e754685be: shutdown LeaderElection
2019-09-20 09:27:21,482 [871e6485-c22a-483f-9e07-d19e754685be:group-9FFBFDC002D6:LeaderElection126] INFO  server.RaftServerConfigKeys (ConfUtils.java:logGet(43)) - raft.server.watch.timeout = 10s (default)
2019-09-20 09:27:21,482 [871e6485-c22a-483f-9e07-d19e754685be:group-2BC81EA4EC18:LeaderElection120] INFO  server.RaftServerConfigKeys (ConfUtils.java:logGet(43)) - raft.server.watch.timeout = 10s (default)
2019-09-20 09:27:21,796 [871e6485-c22a-483f-9e07-d19e754685be:group-5CD29FEE94BE:LeaderElection128] INFO  impl.RaftServerImpl (RaftServerImpl.java:setRole(171)) - 871e6485-c22a-483f-9e07-d19e754685be:group-5CD29FEE94BE changes role from CANDIDATE to LEADER at term 1 for changeToLeader
2019-09-20 09:27:21,796 [492ed782-6ab3-4ad9-945e-06def6ac7c96:group-8A11821451D5:LeaderElection127] INFO  impl.RaftServerImpl (RaftServerImpl.java:setRole(171)) - 492ed782-6ab3-4ad9-945e-06def6ac7c96:group-8A11821451D5 changes role from CANDIDATE to LEADER at term 1 for changeToLeader
2019-09-20 09:27:21,797 [492ed782-6ab3-4ad9-945e-06def6ac7c96:group-8A11821451D5:LeaderElection127] INFO  impl.RaftServerImpl (ServerState.java:setLeader(263)) - 492ed782-6ab3-4ad9-945e-06def6ac7c96:group-8A11821451D5 change Leader from null to 492ed782-6ab3-4ad9-945e-06def6ac7c96 at term 1 for becomeLeader, leader elected after 5765ms
2019-09-20 09:27:21,796 [fd3cd5f9-4f1c-43ea-91b1-b85a1f6c3825:group-6744324157FB:LeaderElection129] INFO  impl.RaftServerImpl (ServerState.java:setLeader(263)) - fd3cd5f9-4f1c-43ea-91b1-b85a1f6c3825:group-6744324157FB change Leader from null to fd3cd5f9-4f1c-43ea-91b1-b85a1f6c3825 at term 1 for becomeLeader, leader elected after 5907ms
2019-09-20 09:27:21,797 [492ed782-6ab3-4ad9-945e-06def6ac7c96:group-8A11821451D5:LeaderElection127] INFO  server.RaftServerConfigKeys (ConfUtils.java:logGet(43)) - raft.server.staging.catchup.gap = 1000 (default)
2019-09-20 09:27:21,796 [fd3cd5f9-4f1c-43ea-91b1-b85a1f6c3825:group-A51E182927FB:LeaderElection121] INFO  impl.RoleInfo (RoleInfo.java:updateAndGet(143)) - fd3cd5f9-4f1c-43ea-91b1-b85a1f6c3825: start LeaderState
2019-09-20 09:27:21,796 [4840c00f-91d3-4881-a20b-4d0486ca97c0:group-A92484A46E3A:LeaderElection122] INFO  impl.RoleInfo (RoleInfo.java:updateAndGet(143)) - 4840c00f-91d3-4881-a20b-4d0486ca97c0: start LeaderState
2019-09-20 09:27:21,795 [Thread-872] WARN  util.JavaUtils (JavaUtils.java:sleep(250)) - Unexpected long sleep: sleep(5089ms) actually took 5397ms which is over the threshold 300ms
2019-09-20 09:27:21,795 [4840c00f-91d3-4881-a20b-4d0486ca97c0:group-C4F071EB70CB:LeaderElection133] INFO  impl.LeaderElection (LeaderElection.java:askForVotes(181)) - 4840c00f-91d3-4881-a20b-4d0486ca97c0:group-C4F071EB70CB:LeaderElection133: begin an election at term 1 for -1: [4840c00f-91d3-4881-a20b-4d0486ca97c0:192.168.36.99:41473], old=null
2019-09-20 09:27:21,795 [02b93e76-e4c6-4b67-b8a4-c536d9ab7224:group-6330BC62D772:LeaderElection136] INFO  impl.LeaderElection (LeaderElection.java:askForVotes(181)) - 02b93e76-e4c6-4b67-b8a4-c536d9ab7224:group-6330BC62D772:LeaderElection136: begin an election at term 1 for -1: [02b93e76-e4c6-4b67-b8a4-c536d9ab7224:192.168.36.99:39343], old=null
2019-09-20 09:27:21,795 [871e6485-c22a-483f-9e07-d19e754685be:group-43EAF305B334:LeaderElection131] INFO  impl.LeaderElection (LeaderElection.java:askForVotes(181)) - 871e6485-c22a-483f-9e07-d19e754685be:group-43EAF305B334:LeaderElection131: begin an election at term 1 for -1: [871e6485-c22a-483f-9e07-d19e754685be:192.168.36.99:41076], old=null
2019-09-20 09:27:21,795 [871e6485-c22a-483f-9e07-d19e754685be:group-1CEED274464E:LeaderElection134] INFO  impl.LeaderElection (LeaderElection.java:askForVotes(181)) - 871e6485-c22a-483f-9e07-d19e754685be:group-1CEED274464E:LeaderElection134: begin an election at term 1 for -1: [871e6485-c22a-483f-9e07-d19e754685be:192.168.36.99:41076], old=null
2019-09-20 09:27:21,795 [871e6485-c22a-483f-9e07-d19e754685be:group-CC18D9B0FA0B:LeaderElection132] INFO  impl.LeaderElection (LeaderElection.java:askForVotes(181)) - 871e6485-c22a-483f-9e07-d19e754685be:group-CC18D9B0FA0B:LeaderElection132: begin an election at term 1 for -1: [871e6485-c22a-483f-9e07-d19e754685be:192.168.36.99:41076], old=null
2019-09-20 09:27:21,795 [fd3cd5f9-4f1c-43ea-91b1-b85a1f6c3825:group-90579A7A1E42:LeaderElection130] INFO  impl.LeaderElection (LeaderElection.java:askForVotes(181)) - fd3cd5f9-4f1c-43ea-91b1-b85a1f6c3825:group-90579A7A1E42:LeaderElection130: begin an election at term 1 for -1: [fd3cd5f9-4f1c-43ea-91b1-b85a1f6c3825:192.168.36.99:39114], old=null
2019-09-20 09:27:21,795 [871e6485-c22a-483f-9e07-d19e754685be:group-BCFC671DD016:LeaderElection135] INFO  impl.LeaderElection (LeaderElection.java:askForVotes(181)) - 871e6485-c22a-483f-9e07-d19e754685be:group-BCFC671DD016:LeaderElection135: begin an election at term 1 for -1: [871e6485-c22a-483f-9e07-d19e754685be:192.168.36.99:41076], old=null
2019-09-20 09:27:21,795 [Thread-878] INFO  impl.FollowerState (FollowerState.java:run(106)) - 4840c00f-91d3-4881-a20b-4d0486ca97c0:group-5F54FD10FDF3 changes to CANDIDATE, lastRpcTime:5255, electionTimeout:5010ms
2019-09-20 09:27:21,795 [Thread-875] INFO  impl.FollowerState (FollowerState.java:run(106)) - 02b93e76-e4c6-4b67-b8a4-c536d9ab7224:group-F59E7658E695 changes to CANDIDATE, lastRpcTime:5337, electionTimeout:5102ms
2019-09-20 09:27:21,794 [Thread-881] INFO  impl.FollowerState (FollowerState.java:run(106)) - 492ed782-6ab3-4ad9-945e-06def6ac7c96:group-94590C91F56C changes to CANDIDATE, lastRpcTime:5193, electionTimeout:5166ms
2019-09-20 09:27:21,484 [871e6485-c22a-483f-9e07-d19e754685be:group-75FD9D73F3AC:LeaderElection124] INFO  server.RaftServerConfigKeys (ConfUtils.java:logGet(43)) - raft.server.watch.element-limit = 65536 (default)
2019-09-20 09:27:21,484 [fd3cd5f9-4f1c-43ea-91b1-b85a1f6c3825:group-3F7C9B11228D:LeaderElection123] INFO  impl.RaftServerImpl (ServerState.java:setRaftConf(361)) - fd3cd5f9-4f1c-43ea-91b1-b85a1f6c3825:group-3F7C9B11228D set configuration 0: [fd3cd5f9-4f1c-43ea-91b1-b85a1f6c3825:192.168.36.99:39114], old=null at 0
2019-09-20 09:27:21,484 [fd3cd5f9-4f1c-43ea-91b1-b85a1f6c3825:group-E226B53152AE:LeaderElection125] INFO  server.RaftServerConfigKeys (ConfUtils.java:logGet(43)) - raft.server.watch.element-limit = 65536 (default)
2019-09-20 09:27:21,483 [pool-38-thread-1] INFO  server.RaftServerConfigKeys (ConfUtils.java:logGet(43)) - raft.server.log.preallocated.size = 16384 (custom)
2019-09-20 09:27:21,800 [fd3cd5f9-4f1c-43ea-91b1-b85a1f6c3825:group-E226B53152AE:LeaderElection125] INFO  impl.RoleInfo (RoleInfo.java:updateAndGet(143)) - fd3cd5f9-4f1c-43ea-91b1-b85a1f6c3825: start LeaderState
2019-09-20 09:27:21,799 [871e6485-c22a-483f-9e07-d19e754685be:group-75FD9D73F3AC:LeaderElection124] INFO  impl.RoleInfo (RoleInfo.java:updateAndGet(143)) - 871e6485-c22a-483f-9e07-d19e754685be: start LeaderState
2019-09-20 09:27:21,800 [fd3cd5f9-4f1c-43ea-91b1-b85a1f6c3825:group-E226B53152AE:LeaderElection125] INFO  segmented.SegmentedRaftLogWorker (SegmentedRaftLogWorker.java:startLogSegment(380)) - fd3cd5f9-4f1c-43ea-91b1-b85a1f6c3825-SegmentedRaftLogWorker:Storage Directory /workdir/hadoop-ozone/integration-test/target/test-dir/MiniOzoneClusterImpl-a33d77e5-464b-4d19-8e6b-a171e580bf0e/datanode-1/data/ratis/77b93e05-6797-4765-a90d-e226b53152ae: Starting segment from index:0
2019-09-20 09:27:21,799 [Thread-881] INFO  impl.RoleInfo (RoleInfo.java:shutdownFollowerState(121)) - 492ed782-6ab3-4ad9-945e-06def6ac7c96: shutdown FollowerState
2019-09-20 09:27:21,799 [Thread-875] INFO  impl.RoleInfo (RoleInfo.java:shutdownFollowerState(121)) - 02b93e76-e4c6-4b67-b8a4-c536d9ab7224: shutdown FollowerState
2019-09-20 09:27:21,799 [Thread-878] INFO  impl.RoleInfo (RoleInfo.java:shutdownFollowerState(121)) - 4840c00f-91d3-4881-a20b-4d0486ca97c0: shutdown FollowerState
2019-09-20 09:27:21,799 [871e6485-c22a-483f-9e07-d19e754685be:group-BCFC671DD016:LeaderElection135] INFO  impl.RoleInfo (RoleInfo.java:shutdownLeaderElection(134)) - 871e6485-c22a-483f-9e07-d19e754685be: shutdown LeaderElection
2019-09-20 09:27:21,806 [fd3cd5f9-4f1c-43ea-91b1-b85a1f6c3825:group-E226B53152AE:LeaderElection125] INFO  impl.RaftServerImpl (ServerState.java:setRaftConf(361)) - fd3cd5f9-4f1c-43ea-91b1-b85a1f6c3825:group-E226B53152AE set configuration 0: [fd3cd5f9-4f1c-43ea-91b1-b85a1f6c3825:192.168.36.99:39114], old=null at 0
2019-09-20 09:27:21,798 [fd3cd5f9-4f1c-43ea-91b1-b85a1f6c3825:group-90579A7A1E42:LeaderElection130] INFO  impl.RoleInfo (RoleInfo.java:shutdownLeaderElection(134)) - fd3cd5f9-4f1c-43ea-91b1-b85a1f6c3825: shutdown LeaderElection
2019-09-20 09:27:21,798 [871e6485-c22a-483f-9e07-d19e754685be:group-CC18D9B0FA0B:LeaderElection132] INFO  impl.RoleInfo (RoleInfo.java:shutdownLeaderElection(134)) - 871e6485-c22a-483f-9e07-d19e754685be: shutdown LeaderElection
2019-09-20 09:27:21,798 [871e6485-c22a-483f-9e07-d19e754685be:group-1CEED274464E:LeaderElection134] INFO  impl.RoleInfo (RoleInfo.java:shutdownLeaderElection(134)) - 871e6485-c22a-483f-9e07-d19e754685be: shutdown LeaderElection
2019-09-20 09:27:21,798 [871e6485-c22a-483f-9e07-d19e754685be:group-43EAF305B334:LeaderElection131] INFO  impl.RoleInfo (RoleInfo.java:shutdownLeaderElection(134)) - 871e6485-c22a-483f-9e07-d19e754685be: shutdown LeaderElection
2019-09-20 09:27:21,798 [02b93e76-e4c6-4b67-b8a4-c536d9ab7224:group-6330BC62D772:LeaderElection136] INFO  impl.RoleInfo (RoleInfo.java:shutdownLeaderElection(134)) - 02b93e76-e4c6-4b67-b8a4-c536d9ab7224: shutdown LeaderElection
2019-09-20 09:27:22,114 [02b93e76-e4c6-4b67-b8a4-c536d9ab7224:group-6330BC62D772:LeaderElection136] INFO  impl.RaftServerImpl (RaftServerImpl.java:setRole(171)) - 02b93e76-e4c6-4b67-b8a4-c536d9ab7224:group-6330BC62D772 changes role from CANDIDATE to LEADER at term 1 for changeToLeader
2019-09-20 09:27:21,798 [4840c00f-91d3-4881-a20b-4d0486ca97c0:group-C4F071EB70CB:LeaderElection133] INFO  impl.RoleInfo (RoleInfo.java:shutdownLeaderElection(134)) - 4840c00f-91d3-4881-a20b-4d0486ca97c0: shutdown LeaderElection
2019-09-20 09:27:21,797 [fd3cd5f9-4f1c-43ea-91b1-b85a1f6c3825:group-A51E182927FB:LeaderElection121] INFO  segmented.SegmentedRaftLogWorker (SegmentedRaftLogWorker.java:startLogSegment(380)) - fd3cd5f9-4f1c-43ea-91b1-b85a1f6c3825-SegmentedRaftLogWorker:Storage Directory /workdir/hadoop-ozone/integration-test/target/test-dir/MiniOzoneClusterImpl-a33d77e5-464b-4d19-8e6b-a171e580bf0e/datanode-1/data/ratis/cbe5a1bb-434c-4e0c-b710-a51e182927fb: Starting segment from index:0
2019-09-20 09:27:21,797 [4840c00f-91d3-4881-a20b-4d0486ca97c0:group-A92484A46E3A:LeaderElection122] INFO  segmented.SegmentedRaftLogWorker (SegmentedRaftLogWorker.java:startLogSegment(380)) - 4840c00f-91d3-4881-a20b-4d0486ca97c0-SegmentedRaftLogWorker:Storage Directory /workdir/hadoop-ozone/integration-test/target/test-dir/MiniOzoneClusterImpl-a33d77e5-464b-4d19-8e6b-a171e580bf0e/datanode-3/data/ratis/20a2dcac-b916-4cc9-9497-a92484a46e3a: Starting segment from index:0
2019-09-20 09:27:21,797 [492ed782-6ab3-4ad9-945e-06def6ac7c96:group-8A11821451D5:LeaderElection127] INFO  server.RaftServerConfigKeys (ConfUtils.java:logGet(43)) - raft.server.rpc.sleep.time = 25ms (default)
2019-09-20 09:27:21,797 [fd3cd5f9-4f1c-43ea-91b1-b85a1f6c3825:group-6744324157FB:LeaderElection129] INFO  server.RaftServerConfigKeys (ConfUtils.java:logGet(43)) - raft.server.staging.catchup.gap = 1000 (default)
2019-09-20 09:27:21,797 [871e6485-c22a-483f-9e07-d19e754685be:group-5CD29FEE94BE:LeaderElection128] INFO  impl.RaftServerImpl (ServerState.java:setLeader(263)) - 871e6485-c22a-483f-9e07-d19e754685be:group-5CD29FEE94BE change Leader from null to 871e6485-c22a-483f-9e07-d19e754685be at term 1 for becomeLeader, leader elected after 6135ms
2019-09-20 09:27:21,797 [871e6485-c22a-483f-9e07-d19e754685be:group-9FFBFDC002D6:LeaderElection126] INFO  server.RaftServerConfigKeys (ConfUtils.java:logGet(43)) - raft.server.watch.timeout.denomination = 1s (default)
2019-09-20 09:27:21,797 [871e6485-c22a-483f-9e07-d19e754685be:group-2BC81EA4EC18:LeaderElection120] INFO  server.RaftServerConfigKeys (ConfUtils.java:logGet(43)) - raft.server.watch.timeout.denomination = 1s (default)
2019-09-20 09:27:22,641 [871e6485-c22a-483f-9e07-d19e754685be:group-9FFBFDC002D6:LeaderElection126] INFO  server.RaftServerConfigKeys (ConfUtils.java:logGet(43)) - raft.server.watch.element-limit = 65536 (default)
2019-09-20 09:27:22,641 [fd3cd5f9-4f1c-43ea-91b1-b85a1f6c3825:group-A51E182927FB:LeaderElection121] INFO  impl.RaftServerImpl (ServerState.java:setRaftConf(361)) - fd3cd5f9-4f1c-43ea-91b1-b85a1f6c3825:group-A51E182927FB set configuration 0: [fd3cd5f9-4f1c-43ea-91b1-b85a1f6c3825:192.168.36.99:39114], old=null at 0
2019-09-20 09:27:22,641 [4840c00f-91d3-4881-a20b-4d0486ca97c0:group-A92484A46E3A:LeaderElection122] INFO  impl.RaftServerImpl (ServerState.java:setRaftConf(361)) - 4840c00f-91d3-4881-a20b-4d0486ca97c0:group-A92484A46E3A set configuration 0: [4840c00f-91d3-4881-a20b-4d0486ca97c0:192.168.36.99:41473], old=null at 0
2019-09-20 09:27:22,641 [fd3cd5f9-4f1c-43ea-91b1-b85a1f6c3825:group-6744324157FB:LeaderElection129] INFO  server.RaftServerConfigKeys (ConfUtils.java:logGet(43)) - raft.server.rpc.sleep.time = 25ms (default)
2019-09-20 09:27:22,642 | INFO  | SCMAudit | user=jenkins1000 | ip=192.168.36.99 | op=SEND_HEARTBEAT {datanodeUUID=02b93e76-e4c6-4b67-b8a4-c536d9ab7224, command=[]} | ret=SUCCESS |  
2019-09-20 09:27:22,642 | INFO  | SCMAudit | user=jenkins1000 | ip=192.168.36.99 | op=SEND_HEARTBEAT {datanodeUUID=871e6485-c22a-483f-9e07-d19e754685be, command=[]} | ret=SUCCESS |  
2019-09-20 09:27:22,642 | INFO  | SCMAudit | user=jenkins1000 | ip=192.168.36.99 | op=SEND_HEARTBEAT {datanodeUUID=4840c00f-91d3-4881-a20b-4d0486ca97c0, command=[]} | ret=SUCCESS |  
2019-09-20 09:27:22,641 [871e6485-c22a-483f-9e07-d19e754685be:group-5CD29FEE94BE:LeaderElection128] INFO  server.RaftServerConfigKeys (ConfUtils.java:logGet(43)) - raft.server.staging.catchup.gap = 1000 (default)
2019-09-20 09:27:22,642 | INFO  | SCMAudit | user=jenkins1000 | ip=192.168.36.99 | op=SEND_HEARTBEAT {datanodeUUID=492ed782-6ab3-4ad9-945e-06def6ac7c96, command=[]} | ret=SUCCESS |  
2019-09-20 09:27:22,642 [871e6485-c22a-483f-9e07-d19e754685be:group-5CD29FEE94BE:LeaderElection128] INFO  server.RaftServerConfigKeys (ConfUtils.java:logGet(43)) - raft.server.rpc.sleep.time = 25ms (default)
2019-09-20 09:27:22,641 [492ed782-6ab3-4ad9-945e-06def6ac7c96:group-8A11821451D5:LeaderElection127] INFO  server.RaftServerConfigKeys (ConfUtils.java:logGet(43)) - raft.server.write.element-limit = 4096 (default)
2019-09-20 09:27:22,403 [Thread-895] INFO  impl.FollowerState (FollowerState.java:run(106)) - 871e6485-c22a-483f-9e07-d19e754685be:group-FCBB119D2DA8 changes to CANDIDATE, lastRpcTime:5215, electionTimeout:5187ms
2019-09-20 09:27:22,637 [Thread-886] WARN  util.JavaUtils (JavaUtils.java:sleep(250)) - Unexpected long sleep: sleep(5182ms) actually took 5635ms which is over the threshold 300ms
2019-09-20 09:27:22,633 [Thread-892] WARN  util.JavaUtils (JavaUtils.java:sleep(250)) - Unexpected long sleep: sleep(5113ms) actually took 5515ms which is over the threshold 300ms
2019-09-20 09:27:22,115 [4840c00f-91d3-4881-a20b-4d0486ca97c0:group-C4F071EB70CB:LeaderElection133] INFO  impl.RaftServerImpl (RaftServerImpl.java:setRole(171)) - 4840c00f-91d3-4881-a20b-4d0486ca97c0:group-C4F071EB70CB changes role from CANDIDATE to LEADER at term 1 for changeToLeader
2019-09-20 09:27:22,115 [02b93e76-e4c6-4b67-b8a4-c536d9ab7224:group-6330BC62D772:LeaderElection136] INFO  impl.RaftServerImpl (ServerState.java:setLeader(263)) - 02b93e76-e4c6-4b67-b8a4-c536d9ab7224:group-6330BC62D772 change Leader from null to 02b93e76-e4c6-4b67-b8a4-c536d9ab7224 at term 1 for becomeLeader, leader elected after 5914ms
2019-09-20 09:27:22,114 [871e6485-c22a-483f-9e07-d19e754685be:group-43EAF305B334:LeaderElection131] INFO  impl.RaftServerImpl (RaftServerImpl.java:setRole(171)) - 871e6485-c22a-483f-9e07-d19e754685be:group-43EAF305B334 changes role from CANDIDATE to LEADER at term 1 for changeToLeader
2019-09-20 09:27:22,114 [871e6485-c22a-483f-9e07-d19e754685be:group-1CEED274464E:LeaderElection134] INFO  impl.RaftServerImpl (RaftServerImpl.java:setRole(171)) - 871e6485-c22a-483f-9e07-d19e754685be:group-1CEED274464E changes role from CANDIDATE to LEADER at term 1 for changeToLeader
2019-09-20 09:27:22,644 | INFO  | SCMAudit | user=jenkins1000 | ip=192.168.36.99 | op=SEND_HEARTBEAT {datanodeUUID=dc7f40a9-6782-42c4-abab-c6b1682da047, command=[]} | ret=SUCCESS |  
2019-09-20 09:27:22,644 | INFO  | SCMAudit | user=jenkins1000 | ip=192.168.36.99 | op=SEND_HEARTBEAT {datanodeUUID=fd3cd5f9-4f1c-43ea-91b1-b85a1f6c3825, command=[]} | ret=SUCCESS |  
2019-09-20 09:27:22,114 [871e6485-c22a-483f-9e07-d19e754685be:group-CC18D9B0FA0B:LeaderElection132] INFO  impl.RaftServerImpl (RaftServerImpl.java:setRole(171)) - 871e6485-c22a-483f-9e07-d19e754685be:group-CC18D9B0FA0B changes role from CANDIDATE to LEADER at term 1 for changeToLeader
2019-09-20 09:27:22,113 [fd3cd5f9-4f1c-43ea-91b1-b85a1f6c3825:group-90579A7A1E42:LeaderElection130] INFO  impl.RaftServerImpl (RaftServerImpl.java:setRole(171)) - fd3cd5f9-4f1c-43ea-91b1-b85a1f6c3825:group-90579A7A1E42 changes role from CANDIDATE to LEADER at term 1 for changeToLeader
2019-09-20 09:27:22,112 [Thread-889] INFO  impl.FollowerState (FollowerState.java:run(106)) - 02b93e76-e4c6-4b67-b8a4-c536d9ab7224:group-C96EC6167C50 changes to CANDIDATE, lastRpcTime:5038, electionTimeout:5037ms
2019-09-20 09:27:22,112 [02b93e76-e4c6-4b67-b8a4-c536d9ab7224-SegmentedRaftLogWorker:Storage Directory /workdir/hadoop-ozone/integration-test/target/test-dir/MiniOzoneClusterImpl-a33d77e5-464b-4d19-8e6b-a171e580bf0e/datanode-0/data/ratis/11c0d268-50d7-478a-8c7c-37c7f6d04707] ERROR segmented.SegmentedRaftLogWorker (SegmentedRaftLogWorker.java:run(323)) - 02b93e76-e4c6-4b67-b8a4-c536d9ab7224-SegmentedRaftLogWorker:Storage Directory /workdir/hadoop-ozone/integration-test/target/test-dir/MiniOzoneClusterImpl-a33d77e5-464b-4d19-8e6b-a171e580bf0e/datanode-0/data/ratis/11c0d268-50d7-478a-8c7c-37c7f6d04707 hit exception
java.lang.OutOfMemoryError: Direct buffer memory
	at java.nio.Bits.reserveMemory(Bits.java:666)
	at java.nio.DirectByteBuffer.<init>(DirectByteBuffer.java:123)
	at java.nio.ByteBuffer.allocateDirect(ByteBuffer.java:311)
	at org.apache.ratis.server.raftlog.segmented.BufferedWriteChannel.<init>(BufferedWriteChannel.java:41)
	at org.apache.ratis.server.raftlog.segmented.SegmentedRaftLogOutputStream.<init>(SegmentedRaftLogOutputStream.java:72)
	at org.apache.ratis.server.raftlog.segmented.SegmentedRaftLogWorker$StartLogSegment.execute(SegmentedRaftLogWorker.java:566)
	at org.apache.ratis.server.raftlog.segmented.SegmentedRaftLogWorker.run(SegmentedRaftLogWorker.java:289)
	at java.lang.Thread.run(Thread.java:748)
2019-09-20 09:27:21,806 [871e6485-c22a-483f-9e07-d19e754685be:group-BCFC671DD016:LeaderElection135] INFO  impl.RaftServerImpl (RaftServerImpl.java:setRole(171)) - 871e6485-c22a-483f-9e07-d19e754685be:group-BCFC671DD016 changes role from CANDIDATE to LEADER at term 1 for changeToLeader
2019-09-20 09:27:22,648 [871e6485-c22a-483f-9e07-d19e754685be:group-BCFC671DD016:LeaderElection135] INFO  impl.RaftServerImpl (ServerState.java:setLeader(263)) - 871e6485-c22a-483f-9e07-d19e754685be:group-BCFC671DD016 change Leader from null to 871e6485-c22a-483f-9e07-d19e754685be at term 1 for becomeLeader, leader elected after 6321ms
2019-09-20 09:27:21,801 [Thread-878] INFO  impl.RaftServerImpl (RaftServerImpl.java:setRole(171)) - 4840c00f-91d3-4881-a20b-4d0486ca97c0:group-5F54FD10FDF3 changes role from FOLLOWER to CANDIDATE at term 0 for changeToCandidate
2019-09-20 09:27:21,800 [Thread-875] INFO  impl.RaftServerImpl (RaftServerImpl.java:setRole(171)) - 02b93e76-e4c6-4b67-b8a4-c536d9ab7224:group-F59E7658E695 changes role from FOLLOWER to CANDIDATE at term 0 for changeToCandidate
2019-09-20 09:27:21,800 [Thread-881] INFO  impl.RaftServerImpl (RaftServerImpl.java:setRole(171)) - 492ed782-6ab3-4ad9-945e-06def6ac7c96:group-94590C91F56C changes role from FOLLOWER to CANDIDATE at term 0 for changeToCandidate
2019-09-20 09:27:21,800 [871e6485-c22a-483f-9e07-d19e754685be:group-75FD9D73F3AC:LeaderElection124] INFO  segmented.SegmentedRaftLogWorker (SegmentedRaftLogWorker.java:startLogSegment(380)) - 871e6485-c22a-483f-9e07-d19e754685be-SegmentedRaftLogWorker:Storage Directory /workdir/hadoop-ozone/integration-test/target/test-dir/MiniOzoneClusterImpl-a33d77e5-464b-4d19-8e6b-a171e580bf0e/datanode-4/data/ratis/0b5ce0ef-bf6f-4100-9f61-75fd9d73f3ac: Starting segment from index:0
2019-09-20 09:27:21,800 [pool-38-thread-1] INFO  server.RaftServerConfigKeys (ConfUtils.java:logGet(43)) - raft.server.log.write.buffer.size = 33554432 (custom)
2019-09-20 09:27:22,649 [pool-38-thread-1] INFO  server.RaftServerConfigKeys (ConfUtils.java:logGet(43)) - raft.server.log.force.sync.num = 128 (default)
2019-09-20 09:27:22,649 [Thread-881] INFO  impl.RoleInfo (RoleInfo.java:updateAndGet(143)) - 492ed782-6ab3-4ad9-945e-06def6ac7c96: start LeaderElection
2019-09-20 09:27:22,648 [Thread-875] INFO  impl.RoleInfo (RoleInfo.java:updateAndGet(143)) - 02b93e76-e4c6-4b67-b8a4-c536d9ab7224: start LeaderElection
2019-09-20 09:27:22,648 [Thread-878] INFO  impl.RoleInfo (RoleInfo.java:updateAndGet(143)) - 4840c00f-91d3-4881-a20b-4d0486ca97c0: start LeaderElection
2019-09-20 09:27:22,648 [871e6485-c22a-483f-9e07-d19e754685be:group-BCFC671DD016:LeaderElection135] INFO  server.RaftServerConfigKeys (ConfUtils.java:logGet(43)) - raft.server.staging.catchup.gap = 1000 (default)
2019-09-20 09:27:22,648 [02b93e76-e4c6-4b67-b8a4-c536d9ab7224-SegmentedRaftLogWorker:Storage Directory /workdir/hadoop-ozone/integration-test/target/test-dir/MiniOzoneClusterImpl-a33d77e5-464b-4d19-8e6b-a171e580bf0e/datanode-0/data/ratis/11c0d268-50d7-478a-8c7c-37c7f6d04707] INFO  impl.RaftServerImpl (RaftServerImpl.java:lambda$shutdown$3(245)) - 02b93e76-e4c6-4b67-b8a4-c536d9ab7224: shutdown group-37C7F6D04707
2019-09-20 09:27:22,645 [Thread-889] INFO  impl.RoleInfo (RoleInfo.java:shutdownFollowerState(121)) - 02b93e76-e4c6-4b67-b8a4-c536d9ab7224: shutdown FollowerState
2019-09-20 09:27:22,644 [fd3cd5f9-4f1c-43ea-91b1-b85a1f6c3825:group-90579A7A1E42:LeaderElection130] INFO  impl.RaftServerImpl (ServerState.java:setLeader(263)) - fd3cd5f9-4f1c-43ea-91b1-b85a1f6c3825:group-90579A7A1E42 change Leader from null to fd3cd5f9-4f1c-43ea-91b1-b85a1f6c3825 at term 1 for becomeLeader, leader elected after 6680ms
2019-09-20 09:27:22,644 [871e6485-c22a-483f-9e07-d19e754685be:group-CC18D9B0FA0B:LeaderElection132] INFO  impl.RaftServerImpl (ServerState.java:setLeader(263)) - 871e6485-c22a-483f-9e07-d19e754685be:group-CC18D9B0FA0B change Leader from null to 871e6485-c22a-483f-9e07-d19e754685be at term 1 for becomeLeader, leader elected after 6848ms
2019-09-20 09:27:22,644 [871e6485-c22a-483f-9e07-d19e754685be:group-1CEED274464E:LeaderElection134] INFO  impl.RaftServerImpl (ServerState.java:setLeader(263)) - 871e6485-c22a-483f-9e07-d19e754685be:group-1CEED274464E change Leader from null to 871e6485-c22a-483f-9e07-d19e754685be at term 1 for becomeLeader, leader elected after 6511ms
2019-09-20 09:27:22,644 [871e6485-c22a-483f-9e07-d19e754685be:group-43EAF305B334:LeaderElection131] INFO  impl.RaftServerImpl (ServerState.java:setLeader(263)) - 871e6485-c22a-483f-9e07-d19e754685be:group-43EAF305B334 change Leader from null to 871e6485-c22a-483f-9e07-d19e754685be at term 1 for becomeLeader, leader elected after 6915ms
2019-09-20 09:27:22,877 [871e6485-c22a-483f-9e07-d19e754685be:group-43EAF305B334:LeaderElection131] INFO  server.RaftServerConfigKeys (ConfUtils.java:logGet(43)) - raft.server.staging.catchup.gap = 1000 (default)
2019-09-20 09:27:22,644 [02b93e76-e4c6-4b67-b8a4-c536d9ab7224:group-6330BC62D772:LeaderElection136] INFO  server.RaftServerConfigKeys (ConfUtils.java:logGet(43)) - raft.server.staging.catchup.gap = 1000 (default)
2019-09-20 09:27:22,643 [4840c00f-91d3-4881-a20b-4d0486ca97c0:group-C4F071EB70CB:LeaderElection133] INFO  impl.RaftServerImpl (ServerState.java:setLeader(263)) - 4840c00f-91d3-4881-a20b-4d0486ca97c0:group-C4F071EB70CB change Leader from null to 4840c00f-91d3-4881-a20b-4d0486ca97c0 at term 1 for becomeLeader, leader elected after 7058ms
2019-09-20 09:27:22,877 [4840c00f-91d3-4881-a20b-4d0486ca97c0:group-C4F071EB70CB:LeaderElection133] INFO  server.RaftServerConfigKeys (ConfUtils.java:logGet(43)) - raft.server.staging.catchup.gap = 1000 (default)
2019-09-20 09:27:22,643 [Thread-895] INFO  impl.RoleInfo (RoleInfo.java:shutdownFollowerState(121)) - 871e6485-c22a-483f-9e07-d19e754685be: shutdown FollowerState
2019-09-20 09:27:22,643 [02b93e76-e4c6-4b67-b8a4-c536d9ab7224-SegmentedRaftLogWorker:Storage Directory /workdir/hadoop-ozone/integration-test/target/test-dir/MiniOzoneClusterImpl-a33d77e5-464b-4d19-8e6b-a171e580bf0e/datanode-0/data/ratis/3dc72507-d271-47be-a7c5-80e08822c518] ERROR segmented.SegmentedRaftLogWorker (SegmentedRaftLogWorker.java:run(323)) - 02b93e76-e4c6-4b67-b8a4-c536d9ab7224-SegmentedRaftLogWorker:Storage Directory /workdir/hadoop-ozone/integration-test/target/test-dir/MiniOzoneClusterImpl-a33d77e5-464b-4d19-8e6b-a171e580bf0e/datanode-0/data/ratis/3dc72507-d271-47be-a7c5-80e08822c518 hit exception
java.lang.OutOfMemoryError: Direct buffer memory
	at java.nio.Bits.reserveMemory(Bits.java:666)
	at java.nio.DirectByteBuffer.<init>(DirectByteBuffer.java:123)
	at java.nio.ByteBuffer.allocateDirect(ByteBuffer.java:311)
	at org.apache.ratis.server.raftlog.segmented.BufferedWriteChannel.<init>(BufferedWriteChannel.java:41)
	at org.apache.ratis.server.raftlog.segmented.SegmentedRaftLogOutputStream.<init>(SegmentedRaftLogOutputStream.java:72)
	at org.apache.ratis.server.raftlog.segmented.SegmentedRaftLogWorker$StartLogSegment.execute(SegmentedRaftLogWorker.java:566)
	at org.apache.ratis.server.raftlog.segmented.SegmentedRaftLogWorker.run(SegmentedRaftLogWorker.java:289)
	at java.lang.Thread.run(Thread.java:748)
2019-09-20 09:27:22,878 [02b93e76-e4c6-4b67-b8a4-c536d9ab7224-SegmentedRaftLogWorker:Storage Directory /workdir/hadoop-ozone/integration-test/target/test-dir/MiniOzoneClusterImpl-a33d77e5-464b-4d19-8e6b-a171e580bf0e/datanode-0/data/ratis/3dc72507-d271-47be-a7c5-80e08822c518] INFO  impl.RaftServerImpl (RaftServerImpl.java:lambda$shutdown$3(245)) - 02b93e76-e4c6-4b67-b8a4-c536d9ab7224: shutdown group-80E08822C518
2019-09-20 09:27:22,643 [492ed782-6ab3-4ad9-945e-06def6ac7c96:group-8A11821451D5:LeaderElection127] INFO  server.RaftServerConfigKeys (ConfUtils.java:logGet(43)) - raft.server.watch.timeout = 10s (default)
2019-09-20 09:27:22,643 [Thread-904] INFO  impl.FollowerState (FollowerState.java:run(106)) - 492ed782-6ab3-4ad9-945e-06def6ac7c96:group-890D473D7C7A changes to CANDIDATE, lastRpcTime:5245, electionTimeout:5021ms
2019-09-20 09:27:22,643 [871e6485-c22a-483f-9e07-d19e754685be:group-5CD29FEE94BE:LeaderElection128] INFO  server.RaftServerConfigKeys (ConfUtils.java:logGet(43)) - raft.server.write.element-limit = 4096 (default)
2019-09-20 09:27:22,879 [Thread-904] INFO  impl.RoleInfo (RoleInfo.java:shutdownFollowerState(121)) - 492ed782-6ab3-4ad9-945e-06def6ac7c96: shutdown FollowerState
2019-09-20 09:27:22,642 [fd3cd5f9-4f1c-43ea-91b1-b85a1f6c3825:group-6744324157FB:LeaderElection129] INFO  server.RaftServerConfigKeys (ConfUtils.java:logGet(43)) - raft.server.write.element-limit = 4096 (default)
2019-09-20 09:27:22,642 [871e6485-c22a-483f-9e07-d19e754685be:group-9FFBFDC002D6:LeaderElection126] INFO  impl.RoleInfo (RoleInfo.java:updateAndGet(143)) - 871e6485-c22a-483f-9e07-d19e754685be: start LeaderState
2019-09-20 09:27:22,642 [Thread-898] INFO  impl.FollowerState (FollowerState.java:run(106)) - 871e6485-c22a-483f-9e07-d19e754685be:group-DDA34E79B0A6 changes to CANDIDATE, lastRpcTime:5377, electionTimeout:5197ms
2019-09-20 09:27:22,642 [Thread-901] INFO  impl.FollowerState (FollowerState.java:run(106)) - fd3cd5f9-4f1c-43ea-91b1-b85a1f6c3825:group-81AC512AC710 changes to CANDIDATE, lastRpcTime:5296, electionTimeout:5139ms
2019-09-20 09:27:22,642 [Thread-907] INFO  impl.FollowerState (FollowerState.java:run(106)) - 02b93e76-e4c6-4b67-b8a4-c536d9ab7224:group-47261CD7EFDA changes to CANDIDATE, lastRpcTime:5185, electionTimeout:5125ms
2019-09-20 09:27:22,642 [Thread-910] INFO  impl.FollowerState (FollowerState.java:run(106)) - 02b93e76-e4c6-4b67-b8a4-c536d9ab7224:group-FA2D925D22FE changes to CANDIDATE, lastRpcTime:5083, electionTimeout:5083ms
2019-09-20 09:27:22,641 [Thread-913] INFO  impl.FollowerState (FollowerState.java:run(106)) - fd3cd5f9-4f1c-43ea-91b1-b85a1f6c3825:group-E81D6153ACAD changes to CANDIDATE, lastRpcTime:5033, electionTimeout:5021ms
2019-09-20 09:27:22,641 [871e6485-c22a-483f-9e07-d19e754685be:group-2BC81EA4EC18:LeaderElection120] INFO  server.RaftServerConfigKeys (ConfUtils.java:logGet(43)) - raft.server.watch.element-limit = 65536 (default)
2019-09-20 09:27:22,880 [Thread-913] INFO  impl.RoleInfo (RoleInfo.java:shutdownFollowerState(121)) - fd3cd5f9-4f1c-43ea-91b1-b85a1f6c3825: shutdown FollowerState
2019-09-20 09:27:22,880 [Thread-910] INFO  impl.RoleInfo (RoleInfo.java:shutdownFollowerState(121)) - 02b93e76-e4c6-4b67-b8a4-c536d9ab7224: shutdown FollowerState
2019-09-20 09:27:22,880 [871e6485-c22a-483f-9e07-d19e754685be:group-2BC81EA4EC18:LeaderElection120] INFO  impl.RoleInfo (RoleInfo.java:updateAndGet(143)) - 871e6485-c22a-483f-9e07-d19e754685be: start LeaderState
2019-09-20 09:27:22,879 [Thread-907] INFO  impl.RoleInfo (RoleInfo.java:shutdownFollowerState(121)) - 02b93e76-e4c6-4b67-b8a4-c536d9ab7224: shutdown FollowerState
2019-09-20 09:27:22,880 [Thread-907] INFO  impl.RaftServerImpl (RaftServerImpl.java:setRole(171)) - 02b93e76-e4c6-4b67-b8a4-c536d9ab7224:group-47261CD7EFDA changes role from FOLLOWER to CANDIDATE at term 0 for changeToCandidate
2019-09-20 09:27:22,879 [Thread-898] INFO  impl.RoleInfo (RoleInfo.java:shutdownFollowerState(121)) - 871e6485-c22a-483f-9e07-d19e754685be: shutdown FollowerState
2019-09-20 09:27:22,879 [Thread-901] INFO  impl.RoleInfo (RoleInfo.java:shutdownFollowerState(121)) - fd3cd5f9-4f1c-43ea-91b1-b85a1f6c3825: shutdown FollowerState
2019-09-20 09:27:22,879 [871e6485-c22a-483f-9e07-d19e754685be:group-9FFBFDC002D6:LeaderElection126] INFO  segmented.SegmentedRaftLogWorker (SegmentedRaftLogWorker.java:startLogSegment(380)) - 871e6485-c22a-483f-9e07-d19e754685be-SegmentedRaftLogWorker:Storage Directory /workdir/hadoop-ozone/integration-test/target/test-dir/MiniOzoneClusterImpl-a33d77e5-464b-4d19-8e6b-a171e580bf0e/datanode-4/data/ratis/2366d198-bb52-4925-91ff-9ffbfdc002d6: Starting segment from index:0
2019-09-20 09:27:22,879 [fd3cd5f9-4f1c-43ea-91b1-b85a1f6c3825:group-6744324157FB:LeaderElection129] INFO  server.RaftServerConfigKeys (ConfUtils.java:logGet(43)) - raft.server.watch.timeout = 10s (default)
2019-09-20 09:27:22,879 [Thread-904] INFO  impl.RaftServerImpl (RaftServerImpl.java:setRole(171)) - 492ed782-6ab3-4ad9-945e-06def6ac7c96:group-890D473D7C7A changes role from FOLLOWER to CANDIDATE at term 0 for changeToCandidate
2019-09-20 09:27:22,879 [871e6485-c22a-483f-9e07-d19e754685be:group-5CD29FEE94BE:LeaderElection128] INFO  server.RaftServerConfigKeys (ConfUtils.java:logGet(43)) - raft.server.watch.timeout = 10s (default)
2019-09-20 09:27:22,881 [871e6485-c22a-483f-9e07-d19e754685be:group-5CD29FEE94BE:LeaderElection128] INFO  server.RaftServerConfigKeys (ConfUtils.java:logGet(43)) - raft.server.watch.timeout.denomination = 1s (default)
2019-09-20 09:27:22,878 [492ed782-6ab3-4ad9-945e-06def6ac7c96:group-8A11821451D5:LeaderElection127] INFO  server.RaftServerConfigKeys (ConfUtils.java:logGet(43)) - raft.server.watch.timeout.denomination = 1s (default)
2019-09-20 09:27:22,878 [02b93e76-e4c6-4b67-b8a4-c536d9ab7224-SegmentedRaftLogWorker:Storage Directory /workdir/hadoop-ozone/integration-test/target/test-dir/MiniOzoneClusterImpl-a33d77e5-464b-4d19-8e6b-a171e580bf0e/datanode-0/data/ratis/3dc72507-d271-47be-a7c5-80e08822c518] INFO  util.JmxRegister (JmxRegister.java:unregister(73)) - Successfully un-registered JMX Bean with object name Ratis:service=RaftServer,group=group-80E08822C518,id=02b93e76-e4c6-4b67-b8a4-c536d9ab7224
2019-09-20 09:27:22,877 [Thread-895] INFO  impl.RaftServerImpl (RaftServerImpl.java:setRole(171)) - 871e6485-c22a-483f-9e07-d19e754685be:group-FCBB119D2DA8 changes role from FOLLOWER to CANDIDATE at term 0 for changeToCandidate
2019-09-20 09:27:22,877 [4840c00f-91d3-4881-a20b-4d0486ca97c0:group-C4F071EB70CB:LeaderElection133] INFO  server.RaftServerConfigKeys (ConfUtils.java:logGet(43)) - raft.server.rpc.sleep.time = 25ms (default)
2019-09-20 09:27:22,877 [02b93e76-e4c6-4b67-b8a4-c536d9ab7224:group-6330BC62D772:LeaderElection136] INFO  server.RaftServerConfigKeys (ConfUtils.java:logGet(43)) - raft.server.rpc.sleep.time = 25ms (default)
2019-09-20 09:27:22,877 [871e6485-c22a-483f-9e07-d19e754685be:group-43EAF305B334:LeaderElection131] INFO  server.RaftServerConfigKeys (ConfUtils.java:logGet(43)) - raft.server.rpc.sleep.time = 25ms (default)
2019-09-20 09:27:22,876 [871e6485-c22a-483f-9e07-d19e754685be:group-1CEED274464E:LeaderElection134] INFO  server.RaftServerConfigKeys (ConfUtils.java:logGet(43)) - raft.server.staging.catchup.gap = 1000 (default)
2019-09-20 09:27:22,876 [871e6485-c22a-483f-9e07-d19e754685be:group-CC18D9B0FA0B:LeaderElection132] INFO  server.RaftServerConfigKeys (ConfUtils.java:logGet(43)) - raft.server.staging.catchup.gap = 1000 (default)
2019-09-20 09:27:22,876 [fd3cd5f9-4f1c-43ea-91b1-b85a1f6c3825:group-90579A7A1E42:LeaderElection130] INFO  server.RaftServerConfigKeys (ConfUtils.java:logGet(43)) - raft.server.staging.catchup.gap = 1000 (default)
2019-09-20 09:27:22,876 [02b93e76-e4c6-4b67-b8a4-c536d9ab7224-SegmentedRaftLogWorker:Storage Directory /workdir/hadoop-ozone/integration-test/target/test-dir/MiniOzoneClusterImpl-a33d77e5-464b-4d19-8e6b-a171e580bf0e/datanode-0/data/ratis/11c0d268-50d7-478a-8c7c-37c7f6d04707] INFO  util.JmxRegister (JmxRegister.java:unregister(73)) - Successfully un-registered JMX Bean with object name Ratis:service=RaftServer,group=group-37C7F6D04707,id=02b93e76-e4c6-4b67-b8a4-c536d9ab7224
2019-09-20 09:27:22,883 [02b93e76-e4c6-4b67-b8a4-c536d9ab7224-SegmentedRaftLogWorker:Storage Directory /workdir/hadoop-ozone/integration-test/target/test-dir/MiniOzoneClusterImpl-a33d77e5-464b-4d19-8e6b-a171e580bf0e/datanode-0/data/ratis/11c0d268-50d7-478a-8c7c-37c7f6d04707] INFO  impl.RoleInfo (RoleInfo.java:shutdownLeaderState(104)) - 02b93e76-e4c6-4b67-b8a4-c536d9ab7224: shutdown LeaderState
2019-09-20 09:27:22,876 [Thread-889] INFO  impl.RaftServerImpl (RaftServerImpl.java:setRole(171)) - 02b93e76-e4c6-4b67-b8a4-c536d9ab7224:group-C96EC6167C50 changes role from FOLLOWER to CANDIDATE at term 0 for changeToCandidate
2019-09-20 09:27:22,876 [871e6485-c22a-483f-9e07-d19e754685be:group-BCFC671DD016:LeaderElection135] INFO  server.RaftServerConfigKeys (ConfUtils.java:logGet(43)) - raft.server.rpc.sleep.time = 25ms (default)
2019-09-20 09:27:22,890 [4840c00f-91d3-4881-a20b-4d0486ca97c0-SegmentedRaftLogWorker:Storage Directory /workdir/hadoop-ozone/integration-test/target/test-dir/MiniOzoneClusterImpl-a33d77e5-464b-4d19-8e6b-a171e580bf0e/datanode-3/data/ratis/63e6540c-7087-4c1c-80b6-200999d6c66f] ERROR segmented.SegmentedRaftLogWorker (SegmentedRaftLogWorker.java:run(323)) - 4840c00f-91d3-4881-a20b-4d0486ca97c0-SegmentedRaftLogWorker:Storage Directory /workdir/hadoop-ozone/integration-test/target/test-dir/MiniOzoneClusterImpl-a33d77e5-464b-4d19-8e6b-a171e580bf0e/datanode-3/data/ratis/63e6540c-7087-4c1c-80b6-200999d6c66f hit exception
java.lang.OutOfMemoryError: Direct buffer memory
	at java.nio.Bits.reserveMemory(Bits.java:666)
	at java.nio.DirectByteBuffer.<init>(DirectByteBuffer.java:123)
	at java.nio.ByteBuffer.allocateDirect(ByteBuffer.java:311)
	at org.apache.ratis.server.raftlog.segmented.BufferedWriteChannel.<init>(BufferedWriteChannel.java:41)
	at org.apache.ratis.server.raftlog.segmented.SegmentedRaftLogOutputStream.<init>(SegmentedRaftLogOutputStream.java:72)
	at org.apache.ratis.server.raftlog.segmented.SegmentedRaftLogWorker$StartLogSegment.execute(SegmentedRaftLogWorker.java:566)
	at org.apache.ratis.server.raftlog.segmented.SegmentedRaftLogWorker.run(SegmentedRaftLogWorker.java:289)
	at java.lang.Thread.run(Thread.java:748)
2019-09-20 09:27:22,890 [4840c00f-91d3-4881-a20b-4d0486ca97c0-SegmentedRaftLogWorker:Storage Directory /workdir/hadoop-ozone/integration-test/target/test-dir/MiniOzoneClusterImpl-a33d77e5-464b-4d19-8e6b-a171e580bf0e/datanode-3/data/ratis/63e6540c-7087-4c1c-80b6-200999d6c66f] INFO  impl.RaftServerImpl (RaftServerImpl.java:lambda$shutdown$3(245)) - 4840c00f-91d3-4881-a20b-4d0486ca97c0: shutdown group-200999D6C66F
2019-09-20 09:27:22,868 [Thread-916] INFO  impl.FollowerState (FollowerState.java:run(106)) - 492ed782-6ab3-4ad9-945e-06def6ac7c96:group-AC17CE41094C changes to CANDIDATE, lastRpcTime:5201, electionTimeout:5121ms
2019-09-20 09:27:22,891 [Thread-916] INFO  impl.RoleInfo (RoleInfo.java:shutdownFollowerState(121)) - 492ed782-6ab3-4ad9-945e-06def6ac7c96: shutdown FollowerState
2019-09-20 09:27:22,868 [Thread-919] INFO  impl.FollowerState (FollowerState.java:run(106)) - 492ed782-6ab3-4ad9-945e-06def6ac7c96:group-08449766F3EF changes to CANDIDATE, lastRpcTime:5150, electionTimeout:5099ms
2019-09-20 09:27:22,649 [pool-38-thread-1] INFO  server.RaftServerConfigKeys (ConfUtils.java:logGet(43)) - raft.server.log.statemachine.data.sync = true (default)
2019-09-20 09:27:22,649 [871e6485-c22a-483f-9e07-d19e754685be:group-75FD9D73F3AC:LeaderElection124] INFO  impl.RaftServerImpl (ServerState.java:setRaftConf(361)) - 871e6485-c22a-483f-9e07-d19e754685be:group-75FD9D73F3AC set configuration 0: [871e6485-c22a-483f-9e07-d19e754685be:192.168.36.99:41076], old=null at 0
2019-09-20 09:27:22,891 [pool-38-thread-1] INFO  server.RaftServerConfigKeys (ConfUtils.java:logGet(43)) - raft.server.log.statemachine.data.sync.timeout = 10s (default)
2019-09-20 09:27:23,124 [Thread-931] INFO  impl.FollowerState (FollowerState.java:run(106)) - dc7f40a9-6782-42c4-abab-c6b1682da047:group-96E04B49EB22 changes to CANDIDATE, lastRpcTime:5159, electionTimeout:5021ms
2019-09-20 09:27:23,125 [Thread-931] INFO  impl.RoleInfo (RoleInfo.java:shutdownFollowerState(121)) - dc7f40a9-6782-42c4-abab-c6b1682da047: shutdown FollowerState
2019-09-20 09:27:22,891 [Thread-919] INFO  impl.RoleInfo (RoleInfo.java:shutdownFollowerState(121)) - 492ed782-6ab3-4ad9-945e-06def6ac7c96: shutdown FollowerState
2019-09-20 09:27:22,891 [Thread-916] INFO  impl.RaftServerImpl (RaftServerImpl.java:setRole(171)) - 492ed782-6ab3-4ad9-945e-06def6ac7c96:group-AC17CE41094C changes role from FOLLOWER to CANDIDATE at term 0 for changeToCandidate
2019-09-20 09:27:22,891 [4840c00f-91d3-4881-a20b-4d0486ca97c0-SegmentedRaftLogWorker:Storage Directory /workdir/hadoop-ozone/integration-test/target/test-dir/MiniOzoneClusterImpl-a33d77e5-464b-4d19-8e6b-a171e580bf0e/datanode-3/data/ratis/63e6540c-7087-4c1c-80b6-200999d6c66f] INFO  util.JmxRegister (JmxRegister.java:unregister(73)) - Successfully un-registered JMX Bean with object name Ratis:service=RaftServer,group=group-200999D6C66F,id=4840c00f-91d3-4881-a20b-4d0486ca97c0
2019-09-20 09:27:23,126 [4840c00f-91d3-4881-a20b-4d0486ca97c0-SegmentedRaftLogWorker:Storage Directory /workdir/hadoop-ozone/integration-test/target/test-dir/MiniOzoneClusterImpl-a33d77e5-464b-4d19-8e6b-a171e580bf0e/datanode-3/data/ratis/63e6540c-7087-4c1c-80b6-200999d6c66f] INFO  impl.RoleInfo (RoleInfo.java:shutdownLeaderState(104)) - 4840c00f-91d3-4881-a20b-4d0486ca97c0: shutdown LeaderState
2019-09-20 09:27:22,890 [871e6485-c22a-483f-9e07-d19e754685be:group-BCFC671DD016:LeaderElection135] INFO  server.RaftServerConfigKeys (ConfUtils.java:logGet(43)) - raft.server.write.element-limit = 4096 (default)
2019-09-20 09:27:22,890 [fd3cd5f9-4f1c-43ea-91b1-b85a1f6c3825-SegmentedRaftLogWorker:Storage Directory /workdir/hadoop-ozone/integration-test/target/test-dir/MiniOzoneClusterImpl-a33d77e5-464b-4d19-8e6b-a171e580bf0e/datanode-1/data/ratis/7797276a-39bc-411a-afd0-50161b5dc97b] ERROR segmented.SegmentedRaftLogWorker (SegmentedRaftLogWorker.java:run(323)) - fd3cd5f9-4f1c-43ea-91b1-b85a1f6c3825-SegmentedRaftLogWorker:Storage Directory /workdir/hadoop-ozone/integration-test/target/test-dir/MiniOzoneClusterImpl-a33d77e5-464b-4d19-8e6b-a171e580bf0e/datanode-1/data/ratis/7797276a-39bc-411a-afd0-50161b5dc97b hit exception
java.lang.OutOfMemoryError: Direct buffer memory
	at java.nio.Bits.reserveMemory(Bits.java:666)
	at java.nio.DirectByteBuffer.<init>(DirectByteBuffer.java:123)
	at java.nio.ByteBuffer.allocateDirect(ByteBuffer.java:311)
	at org.apache.ratis.server.raftlog.segmented.BufferedWriteChannel.<init>(BufferedWriteChannel.java:41)
	at org.apache.ratis.server.raftlog.segmented.SegmentedRaftLogOutputStream.<init>(SegmentedRaftLogOutputStream.java:72)
	at org.apache.ratis.server.raftlog.segmented.SegmentedRaftLogWorker$StartLogSegment.execute(SegmentedRaftLogWorker.java:566)
	at org.apache.ratis.server.raftlog.segmented.SegmentedRaftLogWorker.run(SegmentedRaftLogWorker.java:289)
	at java.lang.Thread.run(Thread.java:748)
2019-09-20 09:27:22,890 [492ed782-6ab3-4ad9-945e-06def6ac7c96-SegmentedRaftLogWorker:Storage Directory /workdir/hadoop-ozone/integration-test/target/test-dir/MiniOzoneClusterImpl-a33d77e5-464b-4d19-8e6b-a171e580bf0e/datanode-2/data/ratis/8ad5031d-ad1b-4314-8a4d-dbfccbcc0585] ERROR segmented.SegmentedRaftLogWorker (SegmentedRaftLogWorker.java:run(323)) - 492ed782-6ab3-4ad9-945e-06def6ac7c96-SegmentedRaftLogWorker:Storage Directory /workdir/hadoop-ozone/integration-test/target/test-dir/MiniOzoneClusterImpl-a33d77e5-464b-4d19-8e6b-a171e580bf0e/datanode-2/data/ratis/8ad5031d-ad1b-4314-8a4d-dbfccbcc0585 hit exception
java.lang.OutOfMemoryError: Direct buffer memory
	at java.nio.Bits.reserveMemory(Bits.java:666)
	at java.nio.DirectByteBuffer.<init>(DirectByteBuffer.java:123)
	at java.nio.ByteBuffer.allocateDirect(ByteBuffer.java:311)
	at org.apache.ratis.server.raftlog.segmented.BufferedWriteChannel.<init>(BufferedWriteChannel.java:41)
	at org.apache.ratis.server.raftlog.segmented.SegmentedRaftLogOutputStream.<init>(SegmentedRaftLogOutputStream.java:72)
	at org.apache.ratis.server.raftlog.segmented.SegmentedRaftLogWorker$StartLogSegment.execute(SegmentedRaftLogWorker.java:566)
	at org.apache.ratis.server.raftlog.segmented.SegmentedRaftLogWorker.run(SegmentedRaftLogWorker.java:289)
	at java.lang.Thread.run(Thread.java:748)
2019-09-20 09:27:22,888 [org.apache.ratis.server.impl.LogAppender$AppenderDaemon$$Lambda$425/1460423157@26a8de8e] WARN  server.GrpcLogAppender (GrpcLogAppender.java:mayWait(143)) - GrpcLogAppender(02b93e76-e4c6-4b67-b8a4-c536d9ab7224->4840c00f-91d3-4881-a20b-4d0486ca97c0): Wait interrupted by java.lang.InterruptedException
2019-09-20 09:27:22,888 [Thread-889] INFO  impl.RoleInfo (RoleInfo.java:updateAndGet(143)) - 02b93e76-e4c6-4b67-b8a4-c536d9ab7224: start LeaderElection
2019-09-20 09:27:22,888 [org.apache.ratis.server.impl.LogAppender$AppenderDaemon$$Lambda$425/1460423157@4ff04c84] WARN  server.GrpcLogAppender (GrpcLogAppender.java:mayWait(143)) - GrpcLogAppender(02b93e76-e4c6-4b67-b8a4-c536d9ab7224->871e6485-c22a-483f-9e07-d19e754685be): Wait interrupted by java.lang.InterruptedException
2019-09-20 09:27:22,888 [02b93e76-e4c6-4b67-b8a4-c536d9ab7224-SegmentedRaftLogWorker:Storage Directory /workdir/hadoop-ozone/integration-test/target/test-dir/MiniOzoneClusterImpl-a33d77e5-464b-4d19-8e6b-a171e580bf0e/datanode-0/data/ratis/11c0d268-50d7-478a-8c7c-37c7f6d04707] INFO  impl.PendingRequests (PendingRequests.java:sendNotLeaderResponses(202)) - 02b93e76-e4c6-4b67-b8a4-c536d9ab7224-PendingRequests: sendNotLeaderResponses
2019-09-20 09:27:22,883 [fd3cd5f9-4f1c-43ea-91b1-b85a1f6c3825:group-90579A7A1E42:LeaderElection130] INFO  server.RaftServerConfigKeys (ConfUtils.java:logGet(43)) - raft.server.rpc.sleep.time = 25ms (default)
2019-09-20 09:27:23,132 [02b93e76-e4c6-4b67-b8a4-c536d9ab7224-SegmentedRaftLogWorker:Storage Directory /workdir/hadoop-ozone/integration-test/target/test-dir/MiniOzoneClusterImpl-a33d77e5-464b-4d19-8e6b-a171e580bf0e/datanode-0/data/ratis/11c0d268-50d7-478a-8c7c-37c7f6d04707] INFO  impl.StateMachineUpdater (StateMachineUpdater.java:stopAndJoin(115)) - StateMachineUpdater:02b93e76-e4c6-4b67-b8a4-c536d9ab7224:group-37C7F6D04707: set stopIndex = -1
2019-09-20 09:27:23,132 [fd3cd5f9-4f1c-43ea-91b1-b85a1f6c3825:group-90579A7A1E42:LeaderElection130] INFO  server.RaftServerConfigKeys (ConfUtils.java:logGet(43)) - raft.server.write.element-limit = 4096 (default)
2019-09-20 09:27:22,883 [871e6485-c22a-483f-9e07-d19e754685be:group-CC18D9B0FA0B:LeaderElection132] INFO  server.RaftServerConfigKeys (ConfUtils.java:logGet(43)) - raft.server.rpc.sleep.time = 25ms (default)
2019-09-20 09:27:22,883 [871e6485-c22a-483f-9e07-d19e754685be:group-1CEED274464E:LeaderElection134] INFO  server.RaftServerConfigKeys (ConfUtils.java:logGet(43)) - raft.server.rpc.sleep.time = 25ms (default)
2019-09-20 09:27:22,882 [871e6485-c22a-483f-9e07-d19e754685be:group-43EAF305B334:LeaderElection131] INFO  server.RaftServerConfigKeys (ConfUtils.java:logGet(43)) - raft.server.write.element-limit = 4096 (default)
2019-09-20 09:27:22,882 [02b93e76-e4c6-4b67-b8a4-c536d9ab7224:group-6330BC62D772:LeaderElection136] INFO  server.RaftServerConfigKeys (ConfUtils.java:logGet(43)) - raft.server.write.element-limit = 4096 (default)
2019-09-20 09:27:22,882 [4840c00f-91d3-4881-a20b-4d0486ca97c0:group-C4F071EB70CB:LeaderElection133] INFO  server.RaftServerConfigKeys (ConfUtils.java:logGet(43)) - raft.server.write.element-limit = 4096 (default)
2019-09-20 09:27:22,882 [Thread-895] INFO  impl.RoleInfo (RoleInfo.java:updateAndGet(143)) - 871e6485-c22a-483f-9e07-d19e754685be: start LeaderElection
2019-09-20 09:27:22,882 [02b93e76-e4c6-4b67-b8a4-c536d9ab7224-SegmentedRaftLogWorker:Storage Directory /workdir/hadoop-ozone/integration-test/target/test-dir/MiniOzoneClusterImpl-a33d77e5-464b-4d19-8e6b-a171e580bf0e/datanode-0/data/ratis/3dc72507-d271-47be-a7c5-80e08822c518] INFO  impl.RoleInfo (RoleInfo.java:shutdownLeaderState(104)) - 02b93e76-e4c6-4b67-b8a4-c536d9ab7224: shutdown LeaderState
2019-09-20 09:27:22,882 [492ed782-6ab3-4ad9-945e-06def6ac7c96:group-8A11821451D5:LeaderElection127] INFO  server.RaftServerConfigKeys (ConfUtils.java:logGet(43)) - raft.server.watch.element-limit = 65536 (default)
2019-09-20 09:27:23,137 [org.apache.ratis.server.impl.LogAppender$AppenderDaemon$$Lambda$425/1460423157@25923403] WARN  server.GrpcLogAppender (GrpcLogAppender.java:mayWait(143)) - GrpcLogAppender(02b93e76-e4c6-4b67-b8a4-c536d9ab7224->871e6485-c22a-483f-9e07-d19e754685be): Wait interrupted by java.lang.InterruptedException
2019-09-20 09:27:23,140 [02b93e76-e4c6-4b67-b8a4-c536d9ab7224-SegmentedRaftLogWorker:Storage Directory /workdir/hadoop-ozone/integration-test/target/test-dir/MiniOzoneClusterImpl-a33d77e5-464b-4d19-8e6b-a171e580bf0e/datanode-0/data/ratis/3dc72507-d271-47be-a7c5-80e08822c518] INFO  impl.PendingRequests (PendingRequests.java:sendNotLeaderResponses(202)) - 02b93e76-e4c6-4b67-b8a4-c536d9ab7224-PendingRequests: sendNotLeaderResponses
2019-09-20 09:27:22,882 [871e6485-c22a-483f-9e07-d19e754685be:group-5CD29FEE94BE:LeaderElection128] INFO  server.RaftServerConfigKeys (ConfUtils.java:logGet(43)) - raft.server.watch.element-limit = 65536 (default)
2019-09-20 09:27:22,881 [871e6485-c22a-483f-9e07-d19e754685be:group-9FFBFDC002D6:LeaderElection126] INFO  impl.RaftServerImpl (ServerState.java:setRaftConf(361)) - 871e6485-c22a-483f-9e07-d19e754685be:group-9FFBFDC002D6 set configuration 0: [871e6485-c22a-483f-9e07-d19e754685be:192.168.36.99:41076], old=null at 0
2019-09-20 09:27:22,881 [Thread-904] INFO  impl.RoleInfo (RoleInfo.java:updateAndGet(143)) - 492ed782-6ab3-4ad9-945e-06def6ac7c96: start LeaderElection
2019-09-20 09:27:22,881 [fd3cd5f9-4f1c-43ea-91b1-b85a1f6c3825:group-6744324157FB:LeaderElection129] INFO  server.RaftServerConfigKeys (ConfUtils.java:logGet(43)) - raft.server.watch.timeout.denomination = 1s (default)
2019-09-20 09:27:22,881 [Thread-901] INFO  impl.RaftServerImpl (RaftServerImpl.java:setRole(171)) - fd3cd5f9-4f1c-43ea-91b1-b85a1f6c3825:group-81AC512AC710 changes role from FOLLOWER to CANDIDATE at term 0 for changeToCandidate
2019-09-20 09:27:22,881 [Thread-898] INFO  impl.RaftServerImpl (RaftServerImpl.java:setRole(171)) - 871e6485-c22a-483f-9e07-d19e754685be:group-DDA34E79B0A6 changes role from FOLLOWER to CANDIDATE at term 0 for changeToCandidate
2019-09-20 09:27:22,880 [Thread-907] INFO  impl.RoleInfo (RoleInfo.java:updateAndGet(143)) - 02b93e76-e4c6-4b67-b8a4-c536d9ab7224: start LeaderElection
2019-09-20 09:27:22,880 [871e6485-c22a-483f-9e07-d19e754685be:group-2BC81EA4EC18:LeaderElection120] INFO  segmented.SegmentedRaftLogWorker (SegmentedRaftLogWorker.java:startLogSegment(380)) - 871e6485-c22a-483f-9e07-d19e754685be-SegmentedRaftLogWorker:Storage Directory /workdir/hadoop-ozone/integration-test/target/test-dir/MiniOzoneClusterImpl-a33d77e5-464b-4d19-8e6b-a171e580bf0e/datanode-4/data/ratis/98f4618a-d07b-4bfe-9325-2bc81ea4ec18: Starting segment from index:0
2019-09-20 09:27:22,880 [Thread-910] INFO  impl.RaftServerImpl (RaftServerImpl.java:setRole(171)) - 02b93e76-e4c6-4b67-b8a4-c536d9ab7224:group-FA2D925D22FE changes role from FOLLOWER to CANDIDATE at term 0 for changeToCandidate
2019-09-20 09:27:22,880 [Thread-913] INFO  impl.RaftServerImpl (RaftServerImpl.java:setRole(171)) - fd3cd5f9-4f1c-43ea-91b1-b85a1f6c3825:group-E81D6153ACAD changes role from FOLLOWER to CANDIDATE at term 0 for changeToCandidate
2019-09-20 09:27:23,142 [871e6485-c22a-483f-9e07-d19e754685be:group-2BC81EA4EC18:LeaderElection120] INFO  impl.RaftServerImpl (ServerState.java:setRaftConf(361)) - 871e6485-c22a-483f-9e07-d19e754685be:group-2BC81EA4EC18 set configuration 0: [871e6485-c22a-483f-9e07-d19e754685be:192.168.36.99:41076], old=null at 0
2019-09-20 09:27:23,142 [Thread-910] INFO  impl.RoleInfo (RoleInfo.java:updateAndGet(143)) - 02b93e76-e4c6-4b67-b8a4-c536d9ab7224: start LeaderElection
2019-09-20 09:27:23,141 [Thread-898] INFO  impl.RoleInfo (RoleInfo.java:updateAndGet(143)) - 871e6485-c22a-483f-9e07-d19e754685be: start LeaderElection
2019-09-20 09:27:23,141 [Thread-901] INFO  impl.RoleInfo (RoleInfo.java:updateAndGet(143)) - fd3cd5f9-4f1c-43ea-91b1-b85a1f6c3825: start LeaderElection
2019-09-20 09:27:23,141 [fd3cd5f9-4f1c-43ea-91b1-b85a1f6c3825:group-6744324157FB:LeaderElection129] INFO  server.RaftServerConfigKeys (ConfUtils.java:logGet(43)) - raft.server.watch.element-limit = 65536 (default)
2019-09-20 09:27:23,140 [871e6485-c22a-483f-9e07-d19e754685be:group-5CD29FEE94BE:LeaderElection128] INFO  impl.RoleInfo (RoleInfo.java:updateAndGet(143)) - 871e6485-c22a-483f-9e07-d19e754685be: start LeaderState
2019-09-20 09:27:23,140 [02b93e76-e4c6-4b67-b8a4-c536d9ab7224-SegmentedRaftLogWorker:Storage Directory /workdir/hadoop-ozone/integration-test/target/test-dir/MiniOzoneClusterImpl-a33d77e5-464b-4d19-8e6b-a171e580bf0e/datanode-0/data/ratis/3dc72507-d271-47be-a7c5-80e08822c518] INFO  impl.StateMachineUpdater (StateMachineUpdater.java:stopAndJoin(115)) - StateMachineUpdater:02b93e76-e4c6-4b67-b8a4-c536d9ab7224:group-80E08822C518: set stopIndex = -1
2019-09-20 09:27:23,140 [org.apache.ratis.server.impl.LogAppender$AppenderDaemon$$Lambda$425/1460423157@c0725af] WARN  server.GrpcLogAppender (GrpcLogAppender.java:mayWait(143)) - GrpcLogAppender(02b93e76-e4c6-4b67-b8a4-c536d9ab7224->492ed782-6ab3-4ad9-945e-06def6ac7c96): Wait interrupted by java.lang.InterruptedException
2019-09-20 09:27:23,140 [492ed782-6ab3-4ad9-945e-06def6ac7c96:group-8A11821451D5:LeaderElection127] INFO  impl.RoleInfo (RoleInfo.java:updateAndGet(143)) - 492ed782-6ab3-4ad9-945e-06def6ac7c96: start LeaderState
2019-09-20 09:27:23,133 [4840c00f-91d3-4881-a20b-4d0486ca97c0:group-C4F071EB70CB:LeaderElection133] INFO  server.RaftServerConfigKeys (ConfUtils.java:logGet(43)) - raft.server.watch.timeout = 10s (default)
2019-09-20 09:27:23,133 [02b93e76-e4c6-4b67-b8a4-c536d9ab7224:group-6330BC62D772:LeaderElection136] INFO  server.RaftServerConfigKeys (ConfUtils.java:logGet(43)) - raft.server.watch.timeout = 10s (default)
2019-09-20 09:27:23,133 [871e6485-c22a-483f-9e07-d19e754685be:group-43EAF305B334:LeaderElection131] INFO  server.RaftServerConfigKeys (ConfUtils.java:logGet(43)) - raft.server.watch.timeout = 10s (default)
2019-09-20 09:27:23,403 [871e6485-c22a-483f-9e07-d19e754685be:group-43EAF305B334:LeaderElection131] INFO  server.RaftServerConfigKeys (ConfUtils.java:logGet(43)) - raft.server.watch.timeout.denomination = 1s (default)
2019-09-20 09:27:23,133 [871e6485-c22a-483f-9e07-d19e754685be:group-1CEED274464E:LeaderElection134] INFO  server.RaftServerConfigKeys (ConfUtils.java:logGet(43)) - raft.server.write.element-limit = 4096 (default)
2019-09-20 09:27:23,133 [871e6485-c22a-483f-9e07-d19e754685be:group-CC18D9B0FA0B:LeaderElection132] INFO  server.RaftServerConfigKeys (ConfUtils.java:logGet(43)) - raft.server.write.element-limit = 4096 (default)
2019-09-20 09:27:23,132 [fd3cd5f9-4f1c-43ea-91b1-b85a1f6c3825:group-90579A7A1E42:LeaderElection130] INFO  server.RaftServerConfigKeys (ConfUtils.java:logGet(43)) - raft.server.watch.timeout = 10s (default)
2019-09-20 09:27:23,132 [02b93e76-e4c6-4b67-b8a4-c536d9ab7224-SegmentedRaftLogWorker:Storage Directory /workdir/hadoop-ozone/integration-test/target/test-dir/MiniOzoneClusterImpl-a33d77e5-464b-4d19-8e6b-a171e580bf0e/datanode-0/data/ratis/11c0d268-50d7-478a-8c7c-37c7f6d04707] INFO  impl.RaftServerImpl (ServerState.java:close(394)) - 02b93e76-e4c6-4b67-b8a4-c536d9ab7224:group-37C7F6D04707 closes. The last applied log index is -1
2019-09-20 09:27:23,132 [grpc-default-executor-2] INFO  impl.RaftServerImpl (ServerState.java:setRaftConf(361)) - 871e6485-c22a-483f-9e07-d19e754685be:group-37C7F6D04707 set configuration 0: [4840c00f-91d3-4881-a20b-4d0486ca97c0:192.168.36.99:41473, 871e6485-c22a-483f-9e07-d19e754685be:192.168.36.99:41076, 02b93e76-e4c6-4b67-b8a4-c536d9ab7224:192.168.36.99:39343], old=null at 0
2019-09-20 09:27:23,132 [grpc-default-executor-0] INFO  impl.RaftServerImpl (ServerState.java:setRaftConf(361)) - 492ed782-6ab3-4ad9-945e-06def6ac7c96:group-80E08822C518 set configuration 0: [871e6485-c22a-483f-9e07-d19e754685be:192.168.36.99:41076, 02b93e76-e4c6-4b67-b8a4-c536d9ab7224:192.168.36.99:39343, 492ed782-6ab3-4ad9-945e-06def6ac7c96:192.168.36.99:32835], old=null at 0
2019-09-20 09:27:23,132 [grpc-default-executor-3] INFO  impl.RaftServerImpl (ServerState.java:setRaftConf(361)) - 871e6485-c22a-483f-9e07-d19e754685be:group-80E08822C518 set configuration 0: [871e6485-c22a-483f-9e07-d19e754685be:192.168.36.99:41076, 02b93e76-e4c6-4b67-b8a4-c536d9ab7224:192.168.36.99:39343, 492ed782-6ab3-4ad9-945e-06def6ac7c96:192.168.36.99:32835], old=null at 0
2019-09-20 09:27:23,132 [grpc-default-executor-1] INFO  impl.RaftServerImpl (ServerState.java:setRaftConf(361)) - 4840c00f-91d3-4881-a20b-4d0486ca97c0:group-37C7F6D04707 set configuration 0: [4840c00f-91d3-4881-a20b-4d0486ca97c0:192.168.36.99:41473, 871e6485-c22a-483f-9e07-d19e754685be:192.168.36.99:41076, 02b93e76-e4c6-4b67-b8a4-c536d9ab7224:192.168.36.99:39343], old=null at 0
2019-09-20 09:27:23,127 [492ed782-6ab3-4ad9-945e-06def6ac7c96-SegmentedRaftLogWorker:Storage Directory /workdir/hadoop-ozone/integration-test/target/test-dir/MiniOzoneClusterImpl-a33d77e5-464b-4d19-8e6b-a171e580bf0e/datanode-2/data/ratis/8ad5031d-ad1b-4314-8a4d-dbfccbcc0585] INFO  impl.RaftServerImpl (RaftServerImpl.java:lambda$shutdown$3(245)) - 492ed782-6ab3-4ad9-945e-06def6ac7c96: shutdown group-DBFCCBCC0585
2019-09-20 09:27:23,127 [fd3cd5f9-4f1c-43ea-91b1-b85a1f6c3825-SegmentedRaftLogWorker:Storage Directory /workdir/hadoop-ozone/integration-test/target/test-dir/MiniOzoneClusterImpl-a33d77e5-464b-4d19-8e6b-a171e580bf0e/datanode-1/data/ratis/7797276a-39bc-411a-afd0-50161b5dc97b] INFO  impl.RaftServerImpl (RaftServerImpl.java:lambda$shutdown$3(245)) - fd3cd5f9-4f1c-43ea-91b1-b85a1f6c3825: shutdown group-50161B5DC97B
2019-09-20 09:27:23,126 [871e6485-c22a-483f-9e07-d19e754685be:group-BCFC671DD016:LeaderElection135] INFO  server.RaftServerConfigKeys (ConfUtils.java:logGet(43)) - raft.server.watch.timeout = 10s (default)
2019-09-20 09:27:23,126 [RATISCREATEPIPELINE1] ERROR pipeline.RatisPipelineProvider (RatisPipelineProvider.java:lambda$null$2(182)) - Failed invoke Ratis rpc org.apache.hadoop.hdds.scm.pipeline.RatisPipelineProvider$$Lambda$167/459597877@22a6f925 for fd3cd5f9-4f1c-43ea-91b1-b85a1f6c3825
org.apache.ratis.protocol.TimeoutIOException: deadline exceeded after 2999787469ns
	at org.apache.ratis.grpc.GrpcUtil.tryUnwrapException(GrpcUtil.java:82)
	at org.apache.ratis.grpc.GrpcUtil.unwrapException(GrpcUtil.java:75)
	at org.apache.ratis.grpc.client.GrpcClientProtocolClient.blockingCall(GrpcClientProtocolClient.java:169)
	at org.apache.ratis.grpc.client.GrpcClientProtocolClient.groupAdd(GrpcClientProtocolClient.java:138)
	at org.apache.ratis.grpc.client.GrpcClientRpc.sendRequest(GrpcClientRpc.java:94)
	at org.apache.ratis.client.impl.RaftClientImpl.sendRequest(RaftClientImpl.java:279)
	at org.apache.ratis.client.impl.RaftClientImpl.groupAdd(RaftClientImpl.java:206)
	at org.apache.hadoop.hdds.scm.pipeline.RatisPipelineProvider.lambda$initializePipeline$1(RatisPipelineProvider.java:141)
	at org.apache.hadoop.hdds.scm.pipeline.RatisPipelineProvider.lambda$null$2(RatisPipelineProvider.java:178)
	at java.util.stream.ForEachOps$ForEachOp$OfRef.accept(ForEachOps.java:184)
	at java.util.ArrayList$ArrayListSpliterator.forEachRemaining(ArrayList.java:1382)
	at java.util.stream.AbstractPipeline.copyInto(AbstractPipeline.java:482)
	at java.util.stream.ForEachOps$ForEachTask.compute(ForEachOps.java:291)
	at java.util.concurrent.CountedCompleter.exec(CountedCompleter.java:731)
	at java.util.concurrent.ForkJoinTask.doExec(ForkJoinTask.java:289)
	at java.util.concurrent.ForkJoinTask.doInvoke(ForkJoinTask.java:401)
	at java.util.concurrent.ForkJoinTask.invoke(ForkJoinTask.java:734)
	at java.util.stream.ForEachOps$ForEachOp.evaluateParallel(ForEachOps.java:160)
	at java.util.stream.ForEachOps$ForEachOp$OfRef.evaluateParallel(ForEachOps.java:174)
	at java.util.stream.AbstractPipeline.evaluate(AbstractPipeline.java:233)
	at java.util.stream.ReferencePipeline.forEach(ReferencePipeline.java:418)
	at java.util.stream.ReferencePipeline$Head.forEach(ReferencePipeline.java:583)
	at org.apache.hadoop.hdds.scm.pipeline.RatisPipelineProvider.lambda$callRatisRpc$3(RatisPipelineProvider.java:172)
	at java.util.concurrent.ForkJoinTask$AdaptedRunnableAction.exec(ForkJoinTask.java:1386)
	at java.util.concurrent.ForkJoinTask.doExec(ForkJoinTask.java:289)
	at java.util.concurrent.ForkJoinPool$WorkQueue.runTask(ForkJoinPool.java:1056)
	at java.util.concurrent.ForkJoinPool.runWorker(ForkJoinPool.java:1692)
	at java.util.concurrent.ForkJoinWorkerThread.run(ForkJoinWorkerThread.java:157)
Caused by: org.apache.ratis.thirdparty.io.grpc.StatusRuntimeException: DEADLINE_EXCEEDED: deadline exceeded after 2999787469ns
	at org.apache.ratis.thirdparty.io.grpc.stub.ClientCalls.toStatusRuntimeException(ClientCalls.java:233)
	at org.apache.ratis.thirdparty.io.grpc.stub.ClientCalls.getUnchecked(ClientCalls.java:214)
	at org.apache.ratis.thirdparty.io.grpc.stub.ClientCalls.blockingUnaryCall(ClientCalls.java:139)
	at org.apache.ratis.proto.grpc.AdminProtocolServiceGrpc$AdminProtocolServiceBlockingStub.groupManagement(AdminProtocolServiceGrpc.java:274)
	at org.apache.ratis.grpc.client.GrpcClientProtocolClient.lambda$groupAdd$3(GrpcClientProtocolClient.java:140)
	at org.apache.ratis.grpc.client.GrpcClientProtocolClient.blockingCall(GrpcClientProtocolClient.java:167)
	... 25 more
2019-09-20 09:27:23,126 [4840c00f-91d3-4881-a20b-4d0486ca97c0-SegmentedRaftLogWorker:Storage Directory /workdir/hadoop-ozone/integration-test/target/test-dir/MiniOzoneClusterImpl-a33d77e5-464b-4d19-8e6b-a171e580bf0e/datanode-3/data/ratis/63e6540c-7087-4c1c-80b6-200999d6c66f] INFO  impl.PendingRequests (PendingRequests.java:sendNotLeaderResponses(202)) - 4840c00f-91d3-4881-a20b-4d0486ca97c0-PendingRequests: sendNotLeaderResponses
2019-09-20 09:27:23,126 [Thread-916] INFO  impl.RoleInfo (RoleInfo.java:updateAndGet(143)) - 492ed782-6ab3-4ad9-945e-06def6ac7c96: start LeaderElection
2019-09-20 09:27:23,409 [4840c00f-91d3-4881-a20b-4d0486ca97c0-SegmentedRaftLogWorker:Storage Directory /workdir/hadoop-ozone/integration-test/target/test-dir/MiniOzoneClusterImpl-a33d77e5-464b-4d19-8e6b-a171e580bf0e/datanode-3/data/ratis/63e6540c-7087-4c1c-80b6-200999d6c66f] INFO  impl.StateMachineUpdater (StateMachineUpdater.java:stopAndJoin(115)) - StateMachineUpdater:4840c00f-91d3-4881-a20b-4d0486ca97c0:group-200999D6C66F: set stopIndex = -1
2019-09-20 09:27:23,125 [Thread-919] INFO  impl.RaftServerImpl (RaftServerImpl.java:setRole(171)) - 492ed782-6ab3-4ad9-945e-06def6ac7c96:group-08449766F3EF changes role from FOLLOWER to CANDIDATE at term 0 for changeToCandidate
2019-09-20 09:27:23,125 [Thread-931] INFO  impl.RaftServerImpl (RaftServerImpl.java:setRole(171)) - dc7f40a9-6782-42c4-abab-c6b1682da047:group-96E04B49EB22 changes role from FOLLOWER to CANDIDATE at term 0 for changeToCandidate
2019-09-20 09:27:23,125 [pool-38-thread-1] INFO  server.RaftServerConfigKeys (ConfUtils.java:logGet(43)) - raft.server.log.statemachine.data.sync.timeout.retry = -1 (default)
2019-09-20 09:27:23,125 [492ed782-6ab3-4ad9-945e-06def6ac7c96:group-94590C91F56C:LeaderElection139] INFO  impl.LeaderElection (LeaderElection.java:askForVotes(181)) - 492ed782-6ab3-4ad9-945e-06def6ac7c96:group-94590C91F56C:LeaderElection139: begin an election at term 1 for -1: [492ed782-6ab3-4ad9-945e-06def6ac7c96:192.168.36.99:32835], old=null
2019-09-20 09:27:23,410 [pool-38-thread-1] INFO  server.RaftServerConfigKeys (ConfUtils.java:logGet(43)) - raft.server.log.statemachine.data.caching.enabled = true (custom)
2019-09-20 09:27:23,125 [Thread-928] INFO  impl.FollowerState (FollowerState.java:run(106)) - 492ed782-6ab3-4ad9-945e-06def6ac7c96:group-68C11BF58E25 changes to CANDIDATE, lastRpcTime:5218, electionTimeout:5076ms
2019-09-20 09:27:23,410 [Thread-928] INFO  impl.RoleInfo (RoleInfo.java:shutdownFollowerState(121)) - 492ed782-6ab3-4ad9-945e-06def6ac7c96: shutdown FollowerState
2019-09-20 09:27:23,124 [Thread-934] INFO  impl.FollowerState (FollowerState.java:run(106)) - 871e6485-c22a-483f-9e07-d19e754685be:group-B9897AFDAD88 changes to CANDIDATE, lastRpcTime:5066, electionTimeout:5046ms
2019-09-20 09:27:23,411 [Thread-934] INFO  impl.RoleInfo (RoleInfo.java:shutdownFollowerState(121)) - 871e6485-c22a-483f-9e07-d19e754685be: shutdown FollowerState
2019-09-20 09:27:23,124 [Thread-922] INFO  impl.FollowerState (FollowerState.java:run(106)) - 492ed782-6ab3-4ad9-945e-06def6ac7c96:group-7160E3B153A6 changes to CANDIDATE, lastRpcTime:5339, electionTimeout:5123ms
2019-09-20 09:27:23,411 [Thread-922] INFO  impl.RoleInfo (RoleInfo.java:shutdownFollowerState(121)) - 492ed782-6ab3-4ad9-945e-06def6ac7c96: shutdown FollowerState
2019-09-20 09:27:23,124 [Thread-925] INFO  impl.FollowerState (FollowerState.java:run(106)) - fd3cd5f9-4f1c-43ea-91b1-b85a1f6c3825:group-DC825D6FA250 changes to CANDIDATE, lastRpcTime:5278, electionTimeout:5055ms
2019-09-20 09:27:23,411 [Thread-925] INFO  impl.RoleInfo (RoleInfo.java:shutdownFollowerState(121)) - fd3cd5f9-4f1c-43ea-91b1-b85a1f6c3825: shutdown FollowerState
2019-09-20 09:27:23,411 [Thread-925] INFO  impl.RaftServerImpl (RaftServerImpl.java:setRole(171)) - fd3cd5f9-4f1c-43ea-91b1-b85a1f6c3825:group-DC825D6FA250 changes role from FOLLOWER to CANDIDATE at term 0 for changeToCandidate
2019-09-20 09:27:23,124 [02b93e76-e4c6-4b67-b8a4-c536d9ab7224:group-F59E7658E695:LeaderElection138] INFO  impl.LeaderElection (LeaderElection.java:askForVotes(181)) - 02b93e76-e4c6-4b67-b8a4-c536d9ab7224:group-F59E7658E695:LeaderElection138: begin an election at term 1 for -1: [02b93e76-e4c6-4b67-b8a4-c536d9ab7224:192.168.36.99:39343], old=null
2019-09-20 09:27:23,124 [4840c00f-91d3-4881-a20b-4d0486ca97c0:group-5F54FD10FDF3:LeaderElection137] INFO  impl.LeaderElection (LeaderElection.java:askForVotes(181)) - 4840c00f-91d3-4881-a20b-4d0486ca97c0:group-5F54FD10FDF3:LeaderElection137: begin an election at term 1 for -1: [4840c00f-91d3-4881-a20b-4d0486ca97c0:192.168.36.99:41473], old=null
2019-09-20 09:27:23,412 [02b93e76-e4c6-4b67-b8a4-c536d9ab7224:group-F59E7658E695:LeaderElection138] INFO  impl.RoleInfo (RoleInfo.java:shutdownLeaderElection(134)) - 02b93e76-e4c6-4b67-b8a4-c536d9ab7224: shutdown LeaderElection
2019-09-20 09:27:23,411 [Thread-925] INFO  impl.RoleInfo (RoleInfo.java:updateAndGet(143)) - fd3cd5f9-4f1c-43ea-91b1-b85a1f6c3825: start LeaderElection
2019-09-20 09:27:23,411 [Thread-922] INFO  impl.RaftServerImpl (RaftServerImpl.java:setRole(171)) - 492ed782-6ab3-4ad9-945e-06def6ac7c96:group-7160E3B153A6 changes role from FOLLOWER to CANDIDATE at term 0 for changeToCandidate
2019-09-20 09:27:23,411 [Thread-934] INFO  impl.RaftServerImpl (RaftServerImpl.java:setRole(171)) - 871e6485-c22a-483f-9e07-d19e754685be:group-B9897AFDAD88 changes role from FOLLOWER to CANDIDATE at term 0 for changeToCandidate
2019-09-20 09:27:23,411 [Thread-928] INFO  impl.RaftServerImpl (RaftServerImpl.java:setRole(171)) - 492ed782-6ab3-4ad9-945e-06def6ac7c96:group-68C11BF58E25 changes role from FOLLOWER to CANDIDATE at term 0 for changeToCandidate
2019-09-20 09:27:23,410 [492ed782-6ab3-4ad9-945e-06def6ac7c96:group-94590C91F56C:LeaderElection139] INFO  impl.RoleInfo (RoleInfo.java:shutdownLeaderElection(134)) - 492ed782-6ab3-4ad9-945e-06def6ac7c96: shutdown LeaderElection
2019-09-20 09:27:23,413 [492ed782-6ab3-4ad9-945e-06def6ac7c96:group-94590C91F56C:LeaderElection139] INFO  impl.RaftServerImpl (RaftServerImpl.java:setRole(171)) - 492ed782-6ab3-4ad9-945e-06def6ac7c96:group-94590C91F56C changes role from CANDIDATE to LEADER at term 1 for changeToLeader
2019-09-20 09:27:23,410 [Thread-931] INFO  impl.RoleInfo (RoleInfo.java:updateAndGet(143)) - dc7f40a9-6782-42c4-abab-c6b1682da047: start LeaderElection
2019-09-20 09:27:23,410 [Thread-919] INFO  impl.RoleInfo (RoleInfo.java:updateAndGet(143)) - 492ed782-6ab3-4ad9-945e-06def6ac7c96: start LeaderElection
2019-09-20 09:27:23,409 [4840c00f-91d3-4881-a20b-4d0486ca97c0-SegmentedRaftLogWorker:Storage Directory /workdir/hadoop-ozone/integration-test/target/test-dir/MiniOzoneClusterImpl-a33d77e5-464b-4d19-8e6b-a171e580bf0e/datanode-3/data/ratis/63e6540c-7087-4c1c-80b6-200999d6c66f] INFO  impl.RaftServerImpl (ServerState.java:close(394)) - 4840c00f-91d3-4881-a20b-4d0486ca97c0:group-200999D6C66F closes. The last applied log index is -1
2019-09-20 09:27:23,409 [RatisPipelineUtilsThread] ERROR pipeline.SCMPipelineManager (SCMPipelineManager.java:createPipeline(161)) - Pipeline creation failed due to exception: Failed invoke Ratis rpc org.apache.hadoop.hdds.scm.pipeline.RatisPipelineProvider$$Lambda$167/459597877@22a6f925 for fd3cd5f9-4f1c-43ea-91b1-b85a1f6c3825
2019-09-20 09:27:23,405 [871e6485-c22a-483f-9e07-d19e754685be:group-BCFC671DD016:LeaderElection135] INFO  server.RaftServerConfigKeys (ConfUtils.java:logGet(43)) - raft.server.watch.timeout.denomination = 1s (default)
2019-09-20 09:27:23,405 [fd3cd5f9-4f1c-43ea-91b1-b85a1f6c3825-SegmentedRaftLogWorker:Storage Directory /workdir/hadoop-ozone/integration-test/target/test-dir/MiniOzoneClusterImpl-a33d77e5-464b-4d19-8e6b-a171e580bf0e/datanode-1/data/ratis/7797276a-39bc-411a-afd0-50161b5dc97b] INFO  util.JmxRegister (JmxRegister.java:unregister(73)) - Successfully un-registered JMX Bean with object name Ratis:service=RaftServer,group=group-50161B5DC97B,id=fd3cd5f9-4f1c-43ea-91b1-b85a1f6c3825
2019-09-20 09:27:23,414 [fd3cd5f9-4f1c-43ea-91b1-b85a1f6c3825-SegmentedRaftLogWorker:Storage Directory /workdir/hadoop-ozone/integration-test/target/test-dir/MiniOzoneClusterImpl-a33d77e5-464b-4d19-8e6b-a171e580bf0e/datanode-1/data/ratis/7797276a-39bc-411a-afd0-50161b5dc97b] INFO  impl.RoleInfo (RoleInfo.java:shutdownLeaderState(104)) - fd3cd5f9-4f1c-43ea-91b1-b85a1f6c3825: shutdown LeaderState
2019-09-20 09:27:23,405 [492ed782-6ab3-4ad9-945e-06def6ac7c96-SegmentedRaftLogWorker:Storage Directory /workdir/hadoop-ozone/integration-test/target/test-dir/MiniOzoneClusterImpl-a33d77e5-464b-4d19-8e6b-a171e580bf0e/datanode-2/data/ratis/8ad5031d-ad1b-4314-8a4d-dbfccbcc0585] INFO  util.JmxRegister (JmxRegister.java:unregister(73)) - Successfully un-registered JMX Bean with object name Ratis:service=RaftServer,group=group-DBFCCBCC0585,id=492ed782-6ab3-4ad9-945e-06def6ac7c96
2019-09-20 09:27:23,414 [492ed782-6ab3-4ad9-945e-06def6ac7c96-SegmentedRaftLogWorker:Storage Directory /workdir/hadoop-ozone/integration-test/target/test-dir/MiniOzoneClusterImpl-a33d77e5-464b-4d19-8e6b-a171e580bf0e/datanode-2/data/ratis/8ad5031d-ad1b-4314-8a4d-dbfccbcc0585] INFO  impl.RoleInfo (RoleInfo.java:shutdownLeaderState(104)) - 492ed782-6ab3-4ad9-945e-06def6ac7c96: shutdown LeaderState
2019-09-20 09:27:23,405 [grpc-default-executor-1] INFO  segmented.SegmentedRaftLogWorker (SegmentedRaftLogWorker.java:startLogSegment(380)) - 4840c00f-91d3-4881-a20b-4d0486ca97c0-SegmentedRaftLogWorker:Storage Directory /workdir/hadoop-ozone/integration-test/target/test-dir/MiniOzoneClusterImpl-a33d77e5-464b-4d19-8e6b-a171e580bf0e/datanode-3/data/ratis/11c0d268-50d7-478a-8c7c-37c7f6d04707: Starting segment from index:0
2019-09-20 09:27:23,404 [grpc-default-executor-3] INFO  segmented.SegmentedRaftLogWorker (SegmentedRaftLogWorker.java:startLogSegment(380)) - 871e6485-c22a-483f-9e07-d19e754685be-SegmentedRaftLogWorker:Storage Directory /workdir/hadoop-ozone/integration-test/target/test-dir/MiniOzoneClusterImpl-a33d77e5-464b-4d19-8e6b-a171e580bf0e/datanode-4/data/ratis/3dc72507-d271-47be-a7c5-80e08822c518: Starting segment from index:0
2019-09-20 09:27:23,404 [grpc-default-executor-0] INFO  segmented.SegmentedRaftLogWorker (SegmentedRaftLogWorker.java:startLogSegment(380)) - 492ed782-6ab3-4ad9-945e-06def6ac7c96-SegmentedRaftLogWorker:Storage Directory /workdir/hadoop-ozone/integration-test/target/test-dir/MiniOzoneClusterImpl-a33d77e5-464b-4d19-8e6b-a171e580bf0e/datanode-2/data/ratis/3dc72507-d271-47be-a7c5-80e08822c518: Starting segment from index:0
2019-09-20 09:27:23,404 [grpc-default-executor-2] INFO  segmented.SegmentedRaftLogWorker (SegmentedRaftLogWorker.java:startLogSegment(380)) - 871e6485-c22a-483f-9e07-d19e754685be-SegmentedRaftLogWorker:Storage Directory /workdir/hadoop-ozone/integration-test/target/test-dir/MiniOzoneClusterImpl-a33d77e5-464b-4d19-8e6b-a171e580bf0e/datanode-4/data/ratis/11c0d268-50d7-478a-8c7c-37c7f6d04707: Starting segment from index:0
2019-09-20 09:27:23,404 [02b93e76-e4c6-4b67-b8a4-c536d9ab7224-SegmentedRaftLogWorker:Storage Directory /workdir/hadoop-ozone/integration-test/target/test-dir/MiniOzoneClusterImpl-a33d77e5-464b-4d19-8e6b-a171e580bf0e/datanode-0/data/ratis/11c0d268-50d7-478a-8c7c-37c7f6d04707] INFO  segmented.SegmentedRaftLogWorker (SegmentedRaftLogWorker.java:close(228)) - 02b93e76-e4c6-4b67-b8a4-c536d9ab7224-SegmentedRaftLogWorker:Storage Directory /workdir/hadoop-ozone/integration-test/target/test-dir/MiniOzoneClusterImpl-a33d77e5-464b-4d19-8e6b-a171e580bf0e/datanode-0/data/ratis/11c0d268-50d7-478a-8c7c-37c7f6d04707 close()
2019-09-20 09:27:23,403 [fd3cd5f9-4f1c-43ea-91b1-b85a1f6c3825:group-90579A7A1E42:LeaderElection130] INFO  server.RaftServerConfigKeys (ConfUtils.java:logGet(43)) - raft.server.watch.timeout.denomination = 1s (default)
2019-09-20 09:27:23,403 [871e6485-c22a-483f-9e07-d19e754685be:group-CC18D9B0FA0B:LeaderElection132] INFO  server.RaftServerConfigKeys (ConfUtils.java:logGet(43)) - raft.server.watch.timeout = 10s (default)
2019-09-20 09:27:23,403 [871e6485-c22a-483f-9e07-d19e754685be:group-1CEED274464E:LeaderElection134] INFO  server.RaftServerConfigKeys (ConfUtils.java:logGet(43)) - raft.server.watch.timeout = 10s (default)
2019-09-20 09:27:23,403 [871e6485-c22a-483f-9e07-d19e754685be:group-43EAF305B334:LeaderElection131] INFO  server.RaftServerConfigKeys (ConfUtils.java:logGet(43)) - raft.server.watch.element-limit = 65536 (default)
2019-09-20 09:27:23,403 [4840c00f-91d3-4881-a20b-4d0486ca97c0:group-C4F071EB70CB:LeaderElection133] INFO  server.RaftServerConfigKeys (ConfUtils.java:logGet(43)) - raft.server.watch.timeout.denomination = 1s (default)
2019-09-20 09:27:23,403 [02b93e76-e4c6-4b67-b8a4-c536d9ab7224:group-6330BC62D772:LeaderElection136] INFO  server.RaftServerConfigKeys (ConfUtils.java:logGet(43)) - raft.server.watch.timeout.denomination = 1s (default)
2019-09-20 09:27:23,402 [492ed782-6ab3-4ad9-945e-06def6ac7c96:group-8A11821451D5:LeaderElection127] INFO  segmented.SegmentedRaftLogWorker (SegmentedRaftLogWorker.java:startLogSegment(380)) - 492ed782-6ab3-4ad9-945e-06def6ac7c96-SegmentedRaftLogWorker:Storage Directory /workdir/hadoop-ozone/integration-test/target/test-dir/MiniOzoneClusterImpl-a33d77e5-464b-4d19-8e6b-a171e580bf0e/datanode-2/data/ratis/1cd975fb-5e54-4efb-8123-8a11821451d5: Starting segment from index:0
2019-09-20 09:27:23,402 [02b93e76-e4c6-4b67-b8a4-c536d9ab7224-SegmentedRaftLogWorker:Storage Directory /workdir/hadoop-ozone/integration-test/target/test-dir/MiniOzoneClusterImpl-a33d77e5-464b-4d19-8e6b-a171e580bf0e/datanode-0/data/ratis/3dc72507-d271-47be-a7c5-80e08822c518] INFO  impl.RaftServerImpl (ServerState.java:close(394)) - 02b93e76-e4c6-4b67-b8a4-c536d9ab7224:group-80E08822C518 closes. The last applied log index is -1
2019-09-20 09:27:23,401 [871e6485-c22a-483f-9e07-d19e754685be:group-5CD29FEE94BE:LeaderElection128] INFO  segmented.SegmentedRaftLogWorker (SegmentedRaftLogWorker.java:startLogSegment(380)) - 871e6485-c22a-483f-9e07-d19e754685be-SegmentedRaftLogWorker:Storage Directory /workdir/hadoop-ozone/integration-test/target/test-dir/MiniOzoneClusterImpl-a33d77e5-464b-4d19-8e6b-a171e580bf0e/datanode-4/data/ratis/8647ab7e-7571-475f-8de0-5cd29fee94be: Starting segment from index:0
2019-09-20 09:27:23,401 [fd3cd5f9-4f1c-43ea-91b1-b85a1f6c3825:group-6744324157FB:LeaderElection129] INFO  impl.RoleInfo (RoleInfo.java:updateAndGet(143)) - fd3cd5f9-4f1c-43ea-91b1-b85a1f6c3825: start LeaderState
2019-09-20 09:27:23,400 [Thread-913] INFO  impl.RoleInfo (RoleInfo.java:updateAndGet(143)) - fd3cd5f9-4f1c-43ea-91b1-b85a1f6c3825: start LeaderElection
2019-09-20 09:27:23,400 [02b93e76-e4c6-4b67-b8a4-c536d9ab7224:group-C96EC6167C50:LeaderElection143] INFO  impl.LeaderElection (LeaderElection.java:askForVotes(181)) - 02b93e76-e4c6-4b67-b8a4-c536d9ab7224:group-C96EC6167C50:LeaderElection143: begin an election at term 1 for -1: [02b93e76-e4c6-4b67-b8a4-c536d9ab7224:192.168.36.99:39343], old=null
2019-09-20 09:27:23,400 [871e6485-c22a-483f-9e07-d19e754685be:group-FCBB119D2DA8:LeaderElection142] INFO  impl.LeaderElection (LeaderElection.java:askForVotes(181)) - 871e6485-c22a-483f-9e07-d19e754685be:group-FCBB119D2DA8:LeaderElection142: begin an election at term 1 for -1: [871e6485-c22a-483f-9e07-d19e754685be:192.168.36.99:41076], old=null
2019-09-20 09:27:23,940 [Thread-964] INFO  impl.FollowerState (FollowerState.java:run(106)) - 4840c00f-91d3-4881-a20b-4d0486ca97c0:group-F2908B59D0C1 changes to CANDIDATE, lastRpcTime:5252, electionTimeout:5081ms
2019-09-20 09:27:23,400 [492ed782-6ab3-4ad9-945e-06def6ac7c96:group-890D473D7C7A:LeaderElection141] INFO  impl.LeaderElection (LeaderElection.java:askForVotes(181)) - 492ed782-6ab3-4ad9-945e-06def6ac7c96:group-890D473D7C7A:LeaderElection141: begin an election at term 1 for -1: [492ed782-6ab3-4ad9-945e-06def6ac7c96:192.168.36.99:32835], old=null
2019-09-20 09:27:23,941 [fd3cd5f9-4f1c-43ea-91b1-b85a1f6c3825-SegmentedRaftLogWorker:Storage Directory /workdir/hadoop-ozone/integration-test/target/test-dir/MiniOzoneClusterImpl-a33d77e5-464b-4d19-8e6b-a171e580bf0e/datanode-1/data/ratis/bc08d00b-71aa-4c23-863f-3f7c9b11228d] ERROR segmented.SegmentedRaftLogWorker (SegmentedRaftLogWorker.java:run(323)) - fd3cd5f9-4f1c-43ea-91b1-b85a1f6c3825-SegmentedRaftLogWorker:Storage Directory /workdir/hadoop-ozone/integration-test/target/test-dir/MiniOzoneClusterImpl-a33d77e5-464b-4d19-8e6b-a171e580bf0e/datanode-1/data/ratis/bc08d00b-71aa-4c23-863f-3f7c9b11228d hit exception
java.lang.OutOfMemoryError: Direct buffer memory
	at java.nio.Bits.reserveMemory(Bits.java:666)
	at java.nio.DirectByteBuffer.<init>(DirectByteBuffer.java:123)
	at java.nio.ByteBuffer.allocateDirect(ByteBuffer.java:311)
	at org.apache.ratis.server.raftlog.segmented.BufferedWriteChannel.<init>(BufferedWriteChannel.java:41)
	at org.apache.ratis.server.raftlog.segmented.SegmentedRaftLogOutputStream.<init>(SegmentedRaftLogOutputStream.java:72)
	at org.apache.ratis.server.raftlog.segmented.SegmentedRaftLogWorker$StartLogSegment.execute(SegmentedRaftLogWorker.java:566)
	at org.apache.ratis.server.raftlog.segmented.SegmentedRaftLogWorker.run(SegmentedRaftLogWorker.java:289)
	at java.lang.Thread.run(Thread.java:748)
2019-09-20 09:27:23,400 [Thread-937] INFO  impl.FollowerState (FollowerState.java:run(106)) - 4840c00f-91d3-4881-a20b-4d0486ca97c0:group-1E855A8E02DA changes to CANDIDATE, lastRpcTime:5284, electionTimeout:5090ms
2019-09-20 09:27:23,941 [Thread-937] INFO  impl.RoleInfo (RoleInfo.java:shutdownFollowerState(121)) - 4840c00f-91d3-4881-a20b-4d0486ca97c0: shutdown FollowerState
2019-09-20 09:27:23,400 [Thread-940] INFO  impl.FollowerState (FollowerState.java:run(106)) - fd3cd5f9-4f1c-43ea-91b1-b85a1f6c3825:group-EFBA38E2D881 changes to CANDIDATE, lastRpcTime:5226, electionTimeout:5048ms
2019-09-20 09:27:23,941 [Thread-937] INFO  impl.RaftServerImpl (RaftServerImpl.java:setRole(171)) - 4840c00f-91d3-4881-a20b-4d0486ca97c0:group-1E855A8E02DA changes role from FOLLOWER to CANDIDATE at term 0 for changeToCandidate
2019-09-20 09:27:23,941 [fd3cd5f9-4f1c-43ea-91b1-b85a1f6c3825-SegmentedRaftLogWorker:Storage Directory /workdir/hadoop-ozone/integration-test/target/test-dir/MiniOzoneClusterImpl-a33d77e5-464b-4d19-8e6b-a171e580bf0e/datanode-1/data/ratis/bc08d00b-71aa-4c23-863f-3f7c9b11228d] INFO  impl.RaftServerImpl (RaftServerImpl.java:lambda$shutdown$3(245)) - fd3cd5f9-4f1c-43ea-91b1-b85a1f6c3825: shutdown group-3F7C9B11228D
2019-09-20 09:27:23,941 [492ed782-6ab3-4ad9-945e-06def6ac7c96:group-890D473D7C7A:LeaderElection141] INFO  impl.RoleInfo (RoleInfo.java:shutdownLeaderElection(134)) - 492ed782-6ab3-4ad9-945e-06def6ac7c96: shutdown LeaderElection
2019-09-20 09:27:23,941 [Thread-961] INFO  impl.FollowerState (FollowerState.java:run(106)) - 871e6485-c22a-483f-9e07-d19e754685be:group-23EEB214DE2D changes to CANDIDATE, lastRpcTime:5303, electionTimeout:5045ms
2019-09-20 09:27:23,941 [Thread-964] INFO  impl.RoleInfo (RoleInfo.java:shutdownFollowerState(121)) - 4840c00f-91d3-4881-a20b-4d0486ca97c0: shutdown FollowerState
2019-09-20 09:27:23,941 [Thread-958] INFO  impl.FollowerState (FollowerState.java:run(106)) - fd3cd5f9-4f1c-43ea-91b1-b85a1f6c3825:group-EB58816D2005 changes to CANDIDATE, lastRpcTime:5370, electionTimeout:5147ms
2019-09-20 09:27:23,941 [871e6485-c22a-483f-9e07-d19e754685be:group-FCBB119D2DA8:LeaderElection142] INFO  impl.RoleInfo (RoleInfo.java:shutdownLeaderElection(134)) - 871e6485-c22a-483f-9e07-d19e754685be: shutdown LeaderElection
2019-09-20 09:27:23,940 [02b93e76-e4c6-4b67-b8a4-c536d9ab7224:group-C96EC6167C50:LeaderElection143] INFO  impl.RoleInfo (RoleInfo.java:shutdownLeaderElection(134)) - 02b93e76-e4c6-4b67-b8a4-c536d9ab7224: shutdown LeaderElection
2019-09-20 09:27:23,940 [871e6485-c22a-483f-9e07-d19e754685be:group-5CD29FEE94BE:LeaderElection128] INFO  impl.RaftServerImpl (ServerState.java:setRaftConf(361)) - 871e6485-c22a-483f-9e07-d19e754685be:group-5CD29FEE94BE set configuration 0: [871e6485-c22a-483f-9e07-d19e754685be:192.168.36.99:41076], old=null at 0
2019-09-20 09:27:23,940 [fd3cd5f9-4f1c-43ea-91b1-b85a1f6c3825:group-6744324157FB:LeaderElection129] INFO  segmented.SegmentedRaftLogWorker (SegmentedRaftLogWorker.java:startLogSegment(380)) - fd3cd5f9-4f1c-43ea-91b1-b85a1f6c3825-SegmentedRaftLogWorker:Storage Directory /workdir/hadoop-ozone/integration-test/target/test-dir/MiniOzoneClusterImpl-a33d77e5-464b-4d19-8e6b-a171e580bf0e/datanode-1/data/ratis/1bb5d7e1-a8ef-4e55-b88c-6744324157fb: Starting segment from index:0
2019-09-20 09:27:23,940 [02b93e76-e4c6-4b67-b8a4-c536d9ab7224-SegmentedRaftLogWorker:Storage Directory /workdir/hadoop-ozone/integration-test/target/test-dir/MiniOzoneClusterImpl-a33d77e5-464b-4d19-8e6b-a171e580bf0e/datanode-0/data/ratis/3dc72507-d271-47be-a7c5-80e08822c518] INFO  segmented.SegmentedRaftLogWorker (SegmentedRaftLogWorker.java:close(228)) - 02b93e76-e4c6-4b67-b8a4-c536d9ab7224-SegmentedRaftLogWorker:Storage Directory /workdir/hadoop-ozone/integration-test/target/test-dir/MiniOzoneClusterImpl-a33d77e5-464b-4d19-8e6b-a171e580bf0e/datanode-0/data/ratis/3dc72507-d271-47be-a7c5-80e08822c518 close()
2019-09-20 09:27:23,940 [492ed782-6ab3-4ad9-945e-06def6ac7c96:group-8A11821451D5:LeaderElection127] INFO  impl.RaftServerImpl (ServerState.java:setRaftConf(361)) - 492ed782-6ab3-4ad9-945e-06def6ac7c96:group-8A11821451D5 set configuration 0: [492ed782-6ab3-4ad9-945e-06def6ac7c96:192.168.36.99:32835], old=null at 0
2019-09-20 09:27:23,943 [fd3cd5f9-4f1c-43ea-91b1-b85a1f6c3825:group-6744324157FB:LeaderElection129] INFO  impl.RaftServerImpl (ServerState.java:setRaftConf(361)) - fd3cd5f9-4f1c-43ea-91b1-b85a1f6c3825:group-6744324157FB set configuration 0: [fd3cd5f9-4f1c-43ea-91b1-b85a1f6c3825:192.168.36.99:39114], old=null at 0
2019-09-20 09:27:23,940 [Thread-967] INFO  impl.FollowerState (FollowerState.java:run(106)) - fd3cd5f9-4f1c-43ea-91b1-b85a1f6c3825:group-9538580C016C changes to CANDIDATE, lastRpcTime:5200, electionTimeout:5166ms
2019-09-20 09:27:23,940 [pool-38-thread-1] INFO  segmented.SegmentedRaftLogWorker (SegmentedRaftLogWorker.java:lambda$new$0(132)) - fd3cd5f9-4f1c-43ea-91b1-b85a1f6c3825-SegmentedRaftLogWorker:Storage Directory /workdir/hadoop-ozone/integration-test/target/test-dir/MiniOzoneClusterImpl-a33d77e5-464b-4d19-8e6b-a171e580bf0e/datanode-1/data/ratis/038e61cd-e32e-431f-b520-449cd00d9c0a: flushIndex: setUnconditionally 0 -> -1
2019-09-20 09:27:23,939 [grpc-default-executor-3] INFO  server.GrpcServerProtocolService (GrpcServerProtocolService.java:onCompleted(104)) - 871e6485-c22a-483f-9e07-d19e754685be: appendEntries completed
2019-09-20 09:27:23,939 [Thread-970] INFO  impl.FollowerState (FollowerState.java:run(106)) - 871e6485-c22a-483f-9e07-d19e754685be:group-9A08C49E7350 changes to CANDIDATE, lastRpcTime:5132, electionTimeout:5131ms
2019-09-20 09:27:23,416 [02b93e76-e4c6-4b67-b8a4-c536d9ab7224:group-6330BC62D772:LeaderElection136] INFO  server.RaftServerConfigKeys (ConfUtils.java:logGet(43)) - raft.server.watch.element-limit = 65536 (default)
2019-09-20 09:27:23,416 [4840c00f-91d3-4881-a20b-4d0486ca97c0:group-C4F071EB70CB:LeaderElection133] INFO  server.RaftServerConfigKeys (ConfUtils.java:logGet(43)) - raft.server.watch.element-limit = 65536 (default)
2019-09-20 09:27:23,416 [871e6485-c22a-483f-9e07-d19e754685be:group-43EAF305B334:LeaderElection131] INFO  impl.RoleInfo (RoleInfo.java:updateAndGet(143)) - 871e6485-c22a-483f-9e07-d19e754685be: start LeaderState
2019-09-20 09:27:23,416 [871e6485-c22a-483f-9e07-d19e754685be:group-1CEED274464E:LeaderElection134] INFO  server.RaftServerConfigKeys (ConfUtils.java:logGet(43)) - raft.server.watch.timeout.denomination = 1s (default)
2019-09-20 09:27:23,416 [871e6485-c22a-483f-9e07-d19e754685be:group-CC18D9B0FA0B:LeaderElection132] INFO  server.RaftServerConfigKeys (ConfUtils.java:logGet(43)) - raft.server.watch.timeout.denomination = 1s (default)
2019-09-20 09:27:23,415 [fd3cd5f9-4f1c-43ea-91b1-b85a1f6c3825:group-90579A7A1E42:LeaderElection130] INFO  server.RaftServerConfigKeys (ConfUtils.java:logGet(43)) - raft.server.watch.element-limit = 65536 (default)
2019-09-20 09:27:23,946 [Thread-955] WARN  util.JavaUtils (JavaUtils.java:sleep(250)) - Unexpected long sleep: sleep(5141ms) actually took 5450ms which is over the threshold 300ms
2019-09-20 09:27:23,414 [492ed782-6ab3-4ad9-945e-06def6ac7c96-SegmentedRaftLogWorker:Storage Directory /workdir/hadoop-ozone/integration-test/target/test-dir/MiniOzoneClusterImpl-a33d77e5-464b-4d19-8e6b-a171e580bf0e/datanode-2/data/ratis/8ad5031d-ad1b-4314-8a4d-dbfccbcc0585] INFO  impl.PendingRequests (PendingRequests.java:sendNotLeaderResponses(202)) - 492ed782-6ab3-4ad9-945e-06def6ac7c96-PendingRequests: sendNotLeaderResponses
2019-09-20 09:27:23,414 [fd3cd5f9-4f1c-43ea-91b1-b85a1f6c3825-SegmentedRaftLogWorker:Storage Directory /workdir/hadoop-ozone/integration-test/target/test-dir/MiniOzoneClusterImpl-a33d77e5-464b-4d19-8e6b-a171e580bf0e/datanode-1/data/ratis/7797276a-39bc-411a-afd0-50161b5dc97b] INFO  impl.PendingRequests (PendingRequests.java:sendNotLeaderResponses(202)) - fd3cd5f9-4f1c-43ea-91b1-b85a1f6c3825-PendingRequests: sendNotLeaderResponses
2019-09-20 09:27:23,414 [871e6485-c22a-483f-9e07-d19e754685be:group-BCFC671DD016:LeaderElection135] INFO  server.RaftServerConfigKeys (ConfUtils.java:logGet(43)) - raft.server.watch.element-limit = 65536 (default)
2019-09-20 09:27:24,206 | INFO  | SCMAudit | user=jenkins1000 | ip=192.168.36.99 | op=SEND_HEARTBEAT {datanodeUUID=871e6485-c22a-483f-9e07-d19e754685be, command=[]} | ret=SUCCESS |  
2019-09-20 09:27:23,413 [4840c00f-91d3-4881-a20b-4d0486ca97c0-SegmentedRaftLogWorker:Storage Directory /workdir/hadoop-ozone/integration-test/target/test-dir/MiniOzoneClusterImpl-a33d77e5-464b-4d19-8e6b-a171e580bf0e/datanode-3/data/ratis/63e6540c-7087-4c1c-80b6-200999d6c66f] INFO  segmented.SegmentedRaftLogWorker (SegmentedRaftLogWorker.java:close(228)) - 4840c00f-91d3-4881-a20b-4d0486ca97c0-SegmentedRaftLogWorker:Storage Directory /workdir/hadoop-ozone/integration-test/target/test-dir/MiniOzoneClusterImpl-a33d77e5-464b-4d19-8e6b-a171e580bf0e/datanode-3/data/ratis/63e6540c-7087-4c1c-80b6-200999d6c66f close()
2019-09-20 09:27:24,206 | INFO  | SCMAudit | user=jenkins1000 | ip=192.168.36.99 | op=SEND_HEARTBEAT {datanodeUUID=4840c00f-91d3-4881-a20b-4d0486ca97c0, command=[]} | ret=SUCCESS |  
2019-09-20 09:27:24,206 | INFO  | SCMAudit | user=jenkins1000 | ip=192.168.36.99 | op=SEND_HEARTBEAT {datanodeUUID=492ed782-6ab3-4ad9-945e-06def6ac7c96, command=[]} | ret=SUCCESS |  
2019-09-20 09:27:24,206 | INFO  | SCMAudit | user=jenkins1000 | ip=192.168.36.99 | op=SEND_HEARTBEAT {datanodeUUID=dc7f40a9-6782-42c4-abab-c6b1682da047, command=[]} | ret=SUCCESS |  
2019-09-20 09:27:24,206 | INFO  | SCMAudit | user=jenkins1000 | ip=192.168.36.99 | op=SEND_HEARTBEAT {datanodeUUID=02b93e76-e4c6-4b67-b8a4-c536d9ab7224, command=[]} | ret=SUCCESS |  
2019-09-20 09:27:24,206 | INFO  | SCMAudit | user=jenkins1000 | ip=192.168.36.99 | op=SEND_HEARTBEAT {datanodeUUID=fd3cd5f9-4f1c-43ea-91b1-b85a1f6c3825, command=[]} | ret=SUCCESS |  
2019-09-20 09:27:23,413 [492ed782-6ab3-4ad9-945e-06def6ac7c96:group-94590C91F56C:LeaderElection139] INFO  impl.RaftServerImpl (ServerState.java:setLeader(263)) - 492ed782-6ab3-4ad9-945e-06def6ac7c96:group-94590C91F56C change Leader from null to 492ed782-6ab3-4ad9-945e-06def6ac7c96 at term 1 for becomeLeader, leader elected after 6816ms
2019-09-20 09:27:25,188 [Thread-997] WARN  util.JavaUtils (JavaUtils.java:sleep(250)) - Unexpected long sleep: sleep(5164ms) actually took 5515ms which is over the threshold 300ms
2019-09-20 09:27:25,188 [492ed782-6ab3-4ad9-945e-06def6ac7c96:group-AC17CE41094C:LeaderElection144] INFO  impl.LeaderElection (LeaderElection.java:askForVotes(181)) - 492ed782-6ab3-4ad9-945e-06def6ac7c96:group-AC17CE41094C:LeaderElection144: begin an election at term 1 for -1: [492ed782-6ab3-4ad9-945e-06def6ac7c96:192.168.36.99:32835], old=null
2019-09-20 09:27:23,412 [Thread-928] INFO  impl.RoleInfo (RoleInfo.java:updateAndGet(143)) - 492ed782-6ab3-4ad9-945e-06def6ac7c96: start LeaderElection
2019-09-20 09:27:23,412 [Thread-934] INFO  impl.RoleInfo (RoleInfo.java:updateAndGet(143)) - 871e6485-c22a-483f-9e07-d19e754685be: start LeaderElection
2019-09-20 09:27:23,412 [Thread-922] INFO  impl.RoleInfo (RoleInfo.java:updateAndGet(143)) - 492ed782-6ab3-4ad9-945e-06def6ac7c96: start LeaderElection
2019-09-20 09:27:23,412 [02b93e76-e4c6-4b67-b8a4-c536d9ab7224:group-F59E7658E695:LeaderElection138] INFO  impl.RaftServerImpl (RaftServerImpl.java:setRole(171)) - 02b93e76-e4c6-4b67-b8a4-c536d9ab7224:group-F59E7658E695 changes role from CANDIDATE to LEADER at term 1 for changeToLeader
2019-09-20 09:27:23,412 [4840c00f-91d3-4881-a20b-4d0486ca97c0:group-5F54FD10FDF3:LeaderElection137] INFO  impl.RoleInfo (RoleInfo.java:shutdownLeaderElection(134)) - 4840c00f-91d3-4881-a20b-4d0486ca97c0: shutdown LeaderElection
2019-09-20 09:27:25,190 [4840c00f-91d3-4881-a20b-4d0486ca97c0:group-5F54FD10FDF3:LeaderElection137] INFO  impl.RaftServerImpl (RaftServerImpl.java:setRole(171)) - 4840c00f-91d3-4881-a20b-4d0486ca97c0:group-5F54FD10FDF3 changes role from CANDIDATE to LEADER at term 1 for changeToLeader
2019-09-20 09:27:25,190 [Thread-991] INFO  impl.FollowerState (FollowerState.java:run(106)) - 871e6485-c22a-483f-9e07-d19e754685be:group-3B4B35C05CD0 changes to CANDIDATE, lastRpcTime:5946, electionTimeout:5022ms
2019-09-20 09:27:25,189 [02b93e76-e4c6-4b67-b8a4-c536d9ab7224:group-F59E7658E695:LeaderElection138] INFO  impl.RaftServerImpl (ServerState.java:setLeader(263)) - 02b93e76-e4c6-4b67-b8a4-c536d9ab7224:group-F59E7658E695 change Leader from null to 02b93e76-e4c6-4b67-b8a4-c536d9ab7224 at term 1 for becomeLeader, leader elected after 8736ms
2019-09-20 09:27:25,188 [4840c00f-91d3-4881-a20b-4d0486ca97c0-SegmentedRaftLogWorker:Storage Directory /workdir/hadoop-ozone/integration-test/target/test-dir/MiniOzoneClusterImpl-a33d77e5-464b-4d19-8e6b-a171e580bf0e/datanode-3/data/ratis/20a2dcac-b916-4cc9-9497-a92484a46e3a] ERROR segmented.SegmentedRaftLogWorker (SegmentedRaftLogWorker.java:run(323)) - 4840c00f-91d3-4881-a20b-4d0486ca97c0-SegmentedRaftLogWorker:Storage Directory /workdir/hadoop-ozone/integration-test/target/test-dir/MiniOzoneClusterImpl-a33d77e5-464b-4d19-8e6b-a171e580bf0e/datanode-3/data/ratis/20a2dcac-b916-4cc9-9497-a92484a46e3a hit exception
java.lang.OutOfMemoryError: Direct buffer memory
	at java.nio.Bits.reserveMemory(Bits.java:666)
	at java.nio.DirectByteBuffer.<init>(DirectByteBuffer.java:123)
	at java.nio.ByteBuffer.allocateDirect(ByteBuffer.java:311)
	at org.apache.ratis.server.raftlog.segmented.BufferedWriteChannel.<init>(BufferedWriteChannel.java:41)
	at org.apache.ratis.server.raftlog.segmented.SegmentedRaftLogOutputStream.<init>(SegmentedRaftLogOutputStream.java:72)
	at org.apache.ratis.server.raftlog.segmented.SegmentedRaftLogWorker$StartLogSegment.execute(SegmentedRaftLogWorker.java:566)
	at org.apache.ratis.server.raftlog.segmented.SegmentedRaftLogWorker.run(SegmentedRaftLogWorker.java:289)
	at java.lang.Thread.run(Thread.java:748)
2019-09-20 09:27:25,199 [4840c00f-91d3-4881-a20b-4d0486ca97c0-SegmentedRaftLogWorker:Storage Directory /workdir/hadoop-ozone/integration-test/target/test-dir/MiniOzoneClusterImpl-a33d77e5-464b-4d19-8e6b-a171e580bf0e/datanode-3/data/ratis/20a2dcac-b916-4cc9-9497-a92484a46e3a] INFO  impl.RaftServerImpl (RaftServerImpl.java:lambda$shutdown$3(245)) - 4840c00f-91d3-4881-a20b-4d0486ca97c0: shutdown group-A92484A46E3A
2019-09-20 09:27:25,188 [fd3cd5f9-4f1c-43ea-91b1-b85a1f6c3825-SegmentedRaftLogWorker:Storage Directory /workdir/hadoop-ozone/integration-test/target/test-dir/MiniOzoneClusterImpl-a33d77e5-464b-4d19-8e6b-a171e580bf0e/datanode-1/data/ratis/77b93e05-6797-4765-a90d-e226b53152ae] ERROR segmented.SegmentedRaftLogWorker (SegmentedRaftLogWorker.java:run(323)) - fd3cd5f9-4f1c-43ea-91b1-b85a1f6c3825-SegmentedRaftLogWorker:Storage Directory /workdir/hadoop-ozone/integration-test/target/test-dir/MiniOzoneClusterImpl-a33d77e5-464b-4d19-8e6b-a171e580bf0e/datanode-1/data/ratis/77b93e05-6797-4765-a90d-e226b53152ae hit exception
java.lang.OutOfMemoryError: Direct buffer memory
	at java.nio.Bits.reserveMemory(Bits.java:666)
	at java.nio.DirectByteBuffer.<init>(DirectByteBuffer.java:123)
	at java.nio.ByteBuffer.allocateDirect(ByteBuffer.java:311)
	at org.apache.ratis.server.raftlog.segmented.BufferedWriteChannel.<init>(BufferedWriteChannel.java:41)
	at org.apache.ratis.server.raftlog.segmented.SegmentedRaftLogOutputStream.<init>(SegmentedRaftLogOutputStream.java:72)
	at org.apache.ratis.server.raftlog.segmented.SegmentedRaftLogWorker$StartLogSegment.execute(SegmentedRaftLogWorker.java:566)
	at org.apache.ratis.server.raftlog.segmented.SegmentedRaftLogWorker.run(SegmentedRaftLogWorker.java:289)
	at java.lang.Thread.run(Thread.java:748)
2019-09-20 09:27:25,199 [fd3cd5f9-4f1c-43ea-91b1-b85a1f6c3825-SegmentedRaftLogWorker:Storage Directory /workdir/hadoop-ozone/integration-test/target/test-dir/MiniOzoneClusterImpl-a33d77e5-464b-4d19-8e6b-a171e580bf0e/datanode-1/data/ratis/77b93e05-6797-4765-a90d-e226b53152ae] INFO  impl.RaftServerImpl (RaftServerImpl.java:lambda$shutdown$3(245)) - fd3cd5f9-4f1c-43ea-91b1-b85a1f6c3825: shutdown group-E226B53152AE
2019-09-20 09:27:25,188 [492ed782-6ab3-4ad9-945e-06def6ac7c96:group-AC17CE41094C:LeaderElection144] INFO  impl.RoleInfo (RoleInfo.java:shutdownLeaderElection(134)) - 492ed782-6ab3-4ad9-945e-06def6ac7c96: shutdown LeaderElection
2019-09-20 09:27:25,188 [IPC Server handler 1 on 36356] WARN  ipc.Server (Server.java:processResponse(1523)) - IPC Server handler 1 on 36356, call Call#185 Retry#0 org.apache.hadoop.ozone.protocol.StorageContainerDatanodeProtocol.sendHeartbeat from 192.168.36.99:59430: output error
2019-09-20 09:27:25,188 [492ed782-6ab3-4ad9-945e-06def6ac7c96:group-08449766F3EF:LeaderElection149] INFO  impl.LeaderElection (LeaderElection.java:askForVotes(181)) - 492ed782-6ab3-4ad9-945e-06def6ac7c96:group-08449766F3EF:LeaderElection149: begin an election at term 1 for -1: [492ed782-6ab3-4ad9-945e-06def6ac7c96:192.168.36.99:32835], old=null
2019-09-20 09:27:25,188 [fd3cd5f9-4f1c-43ea-91b1-b85a1f6c3825:group-DC825D6FA250:LeaderElection151] INFO  impl.LeaderElection (LeaderElection.java:askForVotes(181)) - fd3cd5f9-4f1c-43ea-91b1-b85a1f6c3825:group-DC825D6FA250:LeaderElection151: begin an election at term 1 for -1: [fd3cd5f9-4f1c-43ea-91b1-b85a1f6c3825:192.168.36.99:39114], old=null
2019-09-20 09:27:25,188 [grpc-default-executor-3] INFO  server.GrpcLogAppender (GrpcLogAppender.java:onCompleted(292)) - 02b93e76-e4c6-4b67-b8a4-c536d9ab7224->871e6485-c22a-483f-9e07-d19e754685be: follower responses appendEntries COMPLETED
2019-09-20 09:27:25,200 [grpc-default-executor-4] INFO  impl.RaftServerProxy (RaftServerProxy.java:addNew(89)) - 492ed782-6ab3-4ad9-945e-06def6ac7c96: addNew group-791F2CCB98AA:[4840c00f-91d3-4881-a20b-4d0486ca97c0:192.168.36.99:41473, 492ed782-6ab3-4ad9-945e-06def6ac7c96:192.168.36.99:32835, 02b93e76-e4c6-4b67-b8a4-c536d9ab7224:192.168.36.99:39343] returns group-791F2CCB98AA:java.util.concurrent.CompletableFuture@635cfb5f[Not completed]
2019-09-20 09:27:25,188 [871e6485-c22a-483f-9e07-d19e754685be-SegmentedRaftLogWorker:Storage Directory /workdir/hadoop-ozone/integration-test/target/test-dir/MiniOzoneClusterImpl-a33d77e5-464b-4d19-8e6b-a171e580bf0e/datanode-4/data/ratis/0b5ce0ef-bf6f-4100-9f61-75fd9d73f3ac] ERROR segmented.SegmentedRaftLogWorker (SegmentedRaftLogWorker.java:run(323)) - 871e6485-c22a-483f-9e07-d19e754685be-SegmentedRaftLogWorker:Storage Directory /workdir/hadoop-ozone/integration-test/target/test-dir/MiniOzoneClusterImpl-a33d77e5-464b-4d19-8e6b-a171e580bf0e/datanode-4/data/ratis/0b5ce0ef-bf6f-4100-9f61-75fd9d73f3ac hit exception
java.lang.OutOfMemoryError: Direct buffer memory
	at java.nio.Bits.reserveMemory(Bits.java:666)
	at java.nio.DirectByteBuffer.<init>(DirectByteBuffer.java:123)
	at java.nio.ByteBuffer.allocateDirect(ByteBuffer.java:311)
	at org.apache.ratis.server.raftlog.segmented.BufferedWriteChannel.<init>(BufferedWriteChannel.java:41)
	at org.apache.ratis.server.raftlog.segmented.SegmentedRaftLogOutputStream.<init>(SegmentedRaftLogOutputStream.java:72)
	at org.apache.ratis.server.raftlog.segmented.SegmentedRaftLogWorker$StartLogSegment.execute(SegmentedRaftLogWorker.java:566)
	at org.apache.ratis.server.raftlog.segmented.SegmentedRaftLogWorker.run(SegmentedRaftLogWorker.java:289)
	at java.lang.Thread.run(Thread.java:748)
2019-09-20 09:27:25,188 [fd3cd5f9-4f1c-43ea-91b1-b85a1f6c3825-SegmentedRaftLogWorker:Storage Directory /workdir/hadoop-ozone/integration-test/target/test-dir/MiniOzoneClusterImpl-a33d77e5-464b-4d19-8e6b-a171e580bf0e/datanode-1/data/ratis/cbe5a1bb-434c-4e0c-b710-a51e182927fb] ERROR segmented.SegmentedRaftLogWorker (SegmentedRaftLogWorker.java:run(323)) - fd3cd5f9-4f1c-43ea-91b1-b85a1f6c3825-SegmentedRaftLogWorker:Storage Directory /workdir/hadoop-ozone/integration-test/target/test-dir/MiniOzoneClusterImpl-a33d77e5-464b-4d19-8e6b-a171e580bf0e/datanode-1/data/ratis/cbe5a1bb-434c-4e0c-b710-a51e182927fb hit exception
java.lang.OutOfMemoryError: Direct buffer memory
	at java.nio.Bits.reserveMemory(Bits.java:666)
	at java.nio.DirectByteBuffer.<init>(DirectByteBuffer.java:123)
	at java.nio.ByteBuffer.allocateDirect(ByteBuffer.java:311)
	at org.apache.ratis.server.raftlog.segmented.BufferedWriteChannel.<init>(BufferedWriteChannel.java:41)
	at org.apache.ratis.server.raftlog.segmented.SegmentedRaftLogOutputStream.<init>(SegmentedRaftLogOutputStream.java:72)
	at org.apache.ratis.server.raftlog.segmented.SegmentedRaftLogWorker$StartLogSegment.execute(SegmentedRaftLogWorker.java:566)
	at org.apache.ratis.server.raftlog.segmented.SegmentedRaftLogWorker.run(SegmentedRaftLogWorker.java:289)
	at java.lang.Thread.run(Thread.java:748)
2019-09-20 09:27:25,188 [492ed782-6ab3-4ad9-945e-06def6ac7c96:group-94590C91F56C:LeaderElection139] INFO  server.RaftServerConfigKeys (ConfUtils.java:logGet(43)) - raft.server.staging.catchup.gap = 1000 (default)
2019-09-20 09:27:25,201 [492ed782-6ab3-4ad9-945e-06def6ac7c96:group-94590C91F56C:LeaderElection139] INFO  server.RaftServerConfigKeys (ConfUtils.java:logGet(43)) - raft.server.rpc.sleep.time = 25ms (default)
2019-09-20 09:27:25,188 [Thread-1000] WARN  util.JavaUtils (JavaUtils.java:sleep(250)) - Unexpected long sleep: sleep(5020ms) actually took 5456ms which is over the threshold 300ms
2019-09-20 09:27:25,202 [pool-49-thread-1] INFO  impl.RaftServerImpl (RaftServerImpl.java:<init>(93)) - 492ed782-6ab3-4ad9-945e-06def6ac7c96: new RaftServerImpl for group-791F2CCB98AA:[4840c00f-91d3-4881-a20b-4d0486ca97c0:192.168.36.99:41473, 492ed782-6ab3-4ad9-945e-06def6ac7c96:192.168.36.99:32835, 02b93e76-e4c6-4b67-b8a4-c536d9ab7224:192.168.36.99:39343] with ContainerStateMachine:uninitialized
2019-09-20 09:27:25,188 [Thread-1003] WARN  util.JavaUtils (JavaUtils.java:sleep(250)) - Unexpected long sleep: sleep(5038ms) actually took 5348ms which is over the threshold 300ms
2019-09-20 09:27:25,188 [pool-27-thread-1] INFO  impl.RaftServerImpl (RaftServerImpl.java:<init>(93)) - 02b93e76-e4c6-4b67-b8a4-c536d9ab7224: new RaftServerImpl for group-791F2CCB98AA:[4840c00f-91d3-4881-a20b-4d0486ca97c0:192.168.36.99:41473, 492ed782-6ab3-4ad9-945e-06def6ac7c96:192.168.36.99:32835, 02b93e76-e4c6-4b67-b8a4-c536d9ab7224:192.168.36.99:39343] with ContainerStateMachine:uninitialized
2019-09-20 09:27:25,187 [Socket Reader #1 for port 36356] INFO  ipc.Server (Server.java:doRead(1256)) - Socket Reader #1 for port 36356: readAndProcess from client 192.168.36.99:59430 threw exception [java.io.IOException: Connection reset by peer]
java.io.IOException: Connection reset by peer
	at sun.nio.ch.FileDispatcherImpl.read0(Native Method)
	at sun.nio.ch.SocketDispatcher.read(SocketDispatcher.java:39)
	at sun.nio.ch.IOUtil.readIntoNativeBuffer(IOUtil.java:223)
	at sun.nio.ch.IOUtil.read(IOUtil.java:197)
	at sun.nio.ch.SocketChannelImpl.read(SocketChannelImpl.java:380)
	at org.apache.hadoop.ipc.Server.channelRead(Server.java:3270)
	at org.apache.hadoop.ipc.Server.access$2600(Server.java:137)
	at org.apache.hadoop.ipc.Server$Connection.readAndProcess(Server.java:2044)
	at org.apache.hadoop.ipc.Server$Listener.doRead(Server.java:1249)
	at org.apache.hadoop.ipc.Server$Listener$Reader.doRunLoop(Server.java:1105)
	at org.apache.hadoop.ipc.Server$Listener$Reader.run(Server.java:1076)
2019-09-20 09:27:25,185 [grpc-default-executor-5] INFO  impl.RaftServerProxy (RaftServerProxy.java:addNew(89)) - 02b93e76-e4c6-4b67-b8a4-c536d9ab7224: addNew group-791F2CCB98AA:[4840c00f-91d3-4881-a20b-4d0486ca97c0:192.168.36.99:41473, 492ed782-6ab3-4ad9-945e-06def6ac7c96:192.168.36.99:32835, 02b93e76-e4c6-4b67-b8a4-c536d9ab7224:192.168.36.99:39343] returns group-791F2CCB98AA:java.util.concurrent.CompletableFuture@41048cbc[Not completed]
2019-09-20 09:27:25,182 [Thread-1019] INFO  impl.FollowerState (FollowerState.java:run(106)) - 871e6485-c22a-483f-9e07-d19e754685be:group-D16FDEDC5EA7 changes to CANDIDATE, lastRpcTime:5207, electionTimeout:5041ms
2019-09-20 09:27:25,182 [Thread-1007] INFO  impl.FollowerState (FollowerState.java:run(106)) - fd3cd5f9-4f1c-43ea-91b1-b85a1f6c3825:group-CB71EC238721 changes to CANDIDATE, lastRpcTime:5272, electionTimeout:5165ms
2019-09-20 09:27:24,416 [Thread-994] INFO  impl.FollowerState (FollowerState.java:run(106)) - 02b93e76-e4c6-4b67-b8a4-c536d9ab7224:group-58FAC97ADBBF changes to CANDIDATE, lastRpcTime:5084, electionTimeout:5030ms
2019-09-20 09:27:25,203 [Thread-994] INFO  impl.RoleInfo (RoleInfo.java:shutdownFollowerState(121)) - 02b93e76-e4c6-4b67-b8a4-c536d9ab7224: shutdown FollowerState
2019-09-20 09:27:24,206 [871e6485-c22a-483f-9e07-d19e754685be:group-BCFC671DD016:LeaderElection135] INFO  impl.RoleInfo (RoleInfo.java:updateAndGet(143)) - 871e6485-c22a-483f-9e07-d19e754685be: start LeaderState
2019-09-20 09:27:24,206 [fd3cd5f9-4f1c-43ea-91b1-b85a1f6c3825:group-E81D6153ACAD:LeaderElection148] INFO  impl.LeaderElection (LeaderElection.java:askForVotes(181)) - fd3cd5f9-4f1c-43ea-91b1-b85a1f6c3825:group-E81D6153ACAD:LeaderElection148: begin an election at term 1 for -1: [fd3cd5f9-4f1c-43ea-91b1-b85a1f6c3825:192.168.36.99:39114], old=null
2019-09-20 09:27:25,204 [fd3cd5f9-4f1c-43ea-91b1-b85a1f6c3825:group-E81D6153ACAD:LeaderElection148] INFO  impl.RoleInfo (RoleInfo.java:shutdownLeaderElection(134)) - fd3cd5f9-4f1c-43ea-91b1-b85a1f6c3825: shutdown LeaderElection
2019-09-20 09:27:24,206 [dc7f40a9-6782-42c4-abab-c6b1682da047:group-96E04B49EB22:LeaderElection150] INFO  impl.LeaderElection (LeaderElection.java:askForVotes(181)) - dc7f40a9-6782-42c4-abab-c6b1682da047:group-96E04B49EB22:LeaderElection150: begin an election at term 1 for -1: [dc7f40a9-6782-42c4-abab-c6b1682da047:192.168.36.99:40142], old=null
2019-09-20 09:27:24,206 [fd3cd5f9-4f1c-43ea-91b1-b85a1f6c3825-SegmentedRaftLogWorker:Storage Directory /workdir/hadoop-ozone/integration-test/target/test-dir/MiniOzoneClusterImpl-a33d77e5-464b-4d19-8e6b-a171e580bf0e/datanode-1/data/ratis/7797276a-39bc-411a-afd0-50161b5dc97b] INFO  impl.StateMachineUpdater (StateMachineUpdater.java:stopAndJoin(115)) - StateMachineUpdater:fd3cd5f9-4f1c-43ea-91b1-b85a1f6c3825:group-50161B5DC97B: set stopIndex = -1
2019-09-20 09:27:24,206 [871e6485-c22a-483f-9e07-d19e754685be:group-DDA34E79B0A6:LeaderElection146] INFO  impl.LeaderElection (LeaderElection.java:askForVotes(181)) - 871e6485-c22a-483f-9e07-d19e754685be:group-DDA34E79B0A6:LeaderElection146: begin an election at term 1 for -1: [871e6485-c22a-483f-9e07-d19e754685be:192.168.36.99:41076], old=null
2019-09-20 09:27:24,205 [fd3cd5f9-4f1c-43ea-91b1-b85a1f6c3825:group-81AC512AC710:LeaderElection145] INFO  impl.LeaderElection (LeaderElection.java:askForVotes(181)) - fd3cd5f9-4f1c-43ea-91b1-b85a1f6c3825:group-81AC512AC710:LeaderElection145: begin an election at term 1 for -1: [fd3cd5f9-4f1c-43ea-91b1-b85a1f6c3825:192.168.36.99:39114], old=null
2019-09-20 09:27:24,205 [02b93e76-e4c6-4b67-b8a4-c536d9ab7224:group-47261CD7EFDA:LeaderElection140] INFO  impl.LeaderElection (LeaderElection.java:askForVotes(181)) - 02b93e76-e4c6-4b67-b8a4-c536d9ab7224:group-47261CD7EFDA:LeaderElection140: begin an election at term 1 for -1: [02b93e76-e4c6-4b67-b8a4-c536d9ab7224:192.168.36.99:39343], old=null
2019-09-20 09:27:24,205 [02b93e76-e4c6-4b67-b8a4-c536d9ab7224:group-FA2D925D22FE:LeaderElection147] INFO  impl.LeaderElection (LeaderElection.java:askForVotes(181)) - 02b93e76-e4c6-4b67-b8a4-c536d9ab7224:group-FA2D925D22FE:LeaderElection147: begin an election at term 1 for -1: [02b93e76-e4c6-4b67-b8a4-c536d9ab7224:192.168.36.99:39343], old=null
2019-09-20 09:27:24,205 [Thread-973] INFO  impl.FollowerState (FollowerState.java:run(106)) - 492ed782-6ab3-4ad9-945e-06def6ac7c96:group-713047729168 changes to CANDIDATE, lastRpcTime:5338, electionTimeout:5193ms
2019-09-20 09:27:24,205 [Thread-982] INFO  impl.FollowerState (FollowerState.java:run(106)) - 871e6485-c22a-483f-9e07-d19e754685be:group-919889FFF3B7 changes to CANDIDATE, lastRpcTime:5146, electionTimeout:5005ms
2019-09-20 09:27:24,205 [Thread-979] INFO  impl.FollowerState (FollowerState.java:run(106)) - fd3cd5f9-4f1c-43ea-91b1-b85a1f6c3825:group-B212B9F51E67 changes to CANDIDATE, lastRpcTime:5238, electionTimeout:5118ms
2019-09-20 09:27:24,205 [Thread-976] INFO  impl.FollowerState (FollowerState.java:run(106)) - 4840c00f-91d3-4881-a20b-4d0486ca97c0:group-B7D8A17B7BB0 changes to CANDIDATE, lastRpcTime:5289, electionTimeout:5187ms
2019-09-20 09:27:25,205 [Thread-976] INFO  impl.RoleInfo (RoleInfo.java:shutdownFollowerState(121)) - 4840c00f-91d3-4881-a20b-4d0486ca97c0: shutdown FollowerState
2019-09-20 09:27:24,203 [Thread-985] INFO  impl.FollowerState (FollowerState.java:run(106)) - 02b93e76-e4c6-4b67-b8a4-c536d9ab7224:group-C154D2514BB3 changes to CANDIDATE, lastRpcTime:5094, electionTimeout:5019ms
2019-09-20 09:27:25,206 [Thread-985] INFO  impl.RoleInfo (RoleInfo.java:shutdownFollowerState(121)) - 02b93e76-e4c6-4b67-b8a4-c536d9ab7224: shutdown FollowerState
2019-09-20 09:27:23,940 [grpc-default-executor-2] INFO  server.GrpcServerProtocolService (GrpcServerProtocolService.java:onCompleted(104)) - 871e6485-c22a-483f-9e07-d19e754685be: appendEntries completed
2019-09-20 09:27:24,203 [Thread-988] INFO  impl.FollowerState (FollowerState.java:run(106)) - 492ed782-6ab3-4ad9-945e-06def6ac7c96:group-52124656E3BD changes to CANDIDATE, lastRpcTime:5040, electionTimeout:5006ms
2019-09-20 09:27:25,206 [Thread-988] INFO  impl.RoleInfo (RoleInfo.java:shutdownFollowerState(121)) - 492ed782-6ab3-4ad9-945e-06def6ac7c96: shutdown FollowerState
2019-09-20 09:27:23,939 [grpc-default-executor-1] INFO  server.GrpcServerProtocolService (GrpcServerProtocolService.java:onCompleted(104)) - 4840c00f-91d3-4881-a20b-4d0486ca97c0: appendEntries completed
2019-09-20 09:27:23,939 [grpc-default-executor-0] INFO  server.GrpcServerProtocolService (GrpcServerProtocolService.java:onCompleted(104)) - 492ed782-6ab3-4ad9-945e-06def6ac7c96: appendEntries completed
2019-09-20 09:27:23,946 [492ed782-6ab3-4ad9-945e-06def6ac7c96-SegmentedRaftLogWorker:Storage Directory /workdir/hadoop-ozone/integration-test/target/test-dir/MiniOzoneClusterImpl-a33d77e5-464b-4d19-8e6b-a171e580bf0e/datanode-2/data/ratis/8ad5031d-ad1b-4314-8a4d-dbfccbcc0585] INFO  impl.StateMachineUpdater (StateMachineUpdater.java:stopAndJoin(115)) - StateMachineUpdater:492ed782-6ab3-4ad9-945e-06def6ac7c96:group-DBFCCBCC0585: set stopIndex = -1
2019-09-20 09:27:25,207 [492ed782-6ab3-4ad9-945e-06def6ac7c96-SegmentedRaftLogWorker:Storage Directory /workdir/hadoop-ozone/integration-test/target/test-dir/MiniOzoneClusterImpl-a33d77e5-464b-4d19-8e6b-a171e580bf0e/datanode-2/data/ratis/8ad5031d-ad1b-4314-8a4d-dbfccbcc0585] INFO  impl.RaftServerImpl (ServerState.java:close(394)) - 492ed782-6ab3-4ad9-945e-06def6ac7c96:group-DBFCCBCC0585 closes. The last applied log index is -1
2019-09-20 09:27:23,946 [Thread-943] WARN  util.JavaUtils (JavaUtils.java:sleep(250)) - Unexpected long sleep: sleep(5186ms) actually took 5712ms which is over the threshold 300ms
2019-09-20 09:27:25,207 [492ed782-6ab3-4ad9-945e-06def6ac7c96-SegmentedRaftLogWorker:Storage Directory /workdir/hadoop-ozone/integration-test/target/test-dir/MiniOzoneClusterImpl-a33d77e5-464b-4d19-8e6b-a171e580bf0e/datanode-2/data/ratis/8ad5031d-ad1b-4314-8a4d-dbfccbcc0585] INFO  segmented.SegmentedRaftLogWorker (SegmentedRaftLogWorker.java:close(228)) - 492ed782-6ab3-4ad9-945e-06def6ac7c96-SegmentedRaftLogWorker:Storage Directory /workdir/hadoop-ozone/integration-test/target/test-dir/MiniOzoneClusterImpl-a33d77e5-464b-4d19-8e6b-a171e580bf0e/datanode-2/data/ratis/8ad5031d-ad1b-4314-8a4d-dbfccbcc0585 close()
2019-09-20 09:27:23,946 [Thread-949] WARN  util.JavaUtils (JavaUtils.java:sleep(250)) - Unexpected long sleep: sleep(5041ms) actually took 5553ms which is over the threshold 300ms
2019-09-20 09:27:23,946 [Thread-952] WARN  util.JavaUtils (JavaUtils.java:sleep(250)) - Unexpected long sleep: sleep(5081ms) actually took 5499ms which is over the threshold 300ms
2019-09-20 09:27:23,946 [fd3cd5f9-4f1c-43ea-91b1-b85a1f6c3825:group-90579A7A1E42:LeaderElection130] INFO  impl.RoleInfo (RoleInfo.java:updateAndGet(143)) - fd3cd5f9-4f1c-43ea-91b1-b85a1f6c3825: start LeaderState
2019-09-20 09:27:23,946 [Thread-946] WARN  util.JavaUtils (JavaUtils.java:sleep(250)) - Unexpected long sleep: sleep(5179ms) actually took 5602ms which is over the threshold 300ms
2019-09-20 09:27:23,945 [871e6485-c22a-483f-9e07-d19e754685be:group-CC18D9B0FA0B:LeaderElection132] INFO  server.RaftServerConfigKeys (ConfUtils.java:logGet(43)) - raft.server.watch.element-limit = 65536 (default)
2019-09-20 09:27:23,945 [871e6485-c22a-483f-9e07-d19e754685be:group-1CEED274464E:LeaderElection134] INFO  server.RaftServerConfigKeys (ConfUtils.java:logGet(43)) - raft.server.watch.element-limit = 65536 (default)
2019-09-20 09:27:23,945 [871e6485-c22a-483f-9e07-d19e754685be:group-43EAF305B334:LeaderElection131] INFO  segmented.SegmentedRaftLogWorker (SegmentedRaftLogWorker.java:startLogSegment(380)) - 871e6485-c22a-483f-9e07-d19e754685be-SegmentedRaftLogWorker:Storage Directory /workdir/hadoop-ozone/integration-test/target/test-dir/MiniOzoneClusterImpl-a33d77e5-464b-4d19-8e6b-a171e580bf0e/datanode-4/data/ratis/4fa2f39a-4660-4839-8de9-43eaf305b334: Starting segment from index:0
2019-09-20 09:27:23,945 [4840c00f-91d3-4881-a20b-4d0486ca97c0:group-C4F071EB70CB:LeaderElection133] INFO  impl.RoleInfo (RoleInfo.java:updateAndGet(143)) - 4840c00f-91d3-4881-a20b-4d0486ca97c0: start LeaderState
2019-09-20 09:27:23,945 [02b93e76-e4c6-4b67-b8a4-c536d9ab7224:group-6330BC62D772:LeaderElection136] INFO  impl.RoleInfo (RoleInfo.java:updateAndGet(143)) - 02b93e76-e4c6-4b67-b8a4-c536d9ab7224: start LeaderState
2019-09-20 09:27:23,944 [pool-38-thread-1] INFO  server.RaftServerConfigKeys (ConfUtils.java:logGet(43)) - raft.server.snapshot.auto.trigger.enabled = true (custom)
2019-09-20 09:27:23,944 [Thread-970] INFO  impl.RoleInfo (RoleInfo.java:shutdownFollowerState(121)) - 871e6485-c22a-483f-9e07-d19e754685be: shutdown FollowerState
2019-09-20 09:27:25,606 [Thread-970] INFO  impl.RaftServerImpl (RaftServerImpl.java:setRole(171)) - 871e6485-c22a-483f-9e07-d19e754685be:group-9A08C49E7350 changes role from FOLLOWER to CANDIDATE at term 0 for changeToCandidate
2019-09-20 09:27:23,944 [Thread-967] INFO  impl.RoleInfo (RoleInfo.java:shutdownFollowerState(121)) - fd3cd5f9-4f1c-43ea-91b1-b85a1f6c3825: shutdown FollowerState
2019-09-20 09:27:23,943 [02b93e76-e4c6-4b67-b8a4-c536d9ab7224:group-C96EC6167C50:LeaderElection143] INFO  impl.RaftServerImpl (RaftServerImpl.java:setRole(171)) - 02b93e76-e4c6-4b67-b8a4-c536d9ab7224:group-C96EC6167C50 changes role from CANDIDATE to LEADER at term 1 for changeToLeader
2019-09-20 09:27:23,943 [871e6485-c22a-483f-9e07-d19e754685be:group-FCBB119D2DA8:LeaderElection142] INFO  impl.RaftServerImpl (RaftServerImpl.java:setRole(171)) - 871e6485-c22a-483f-9e07-d19e754685be:group-FCBB119D2DA8 changes role from CANDIDATE to LEADER at term 1 for changeToLeader
2019-09-20 09:27:25,607 [871e6485-c22a-483f-9e07-d19e754685be:group-FCBB119D2DA8:LeaderElection142] INFO  impl.RaftServerImpl (ServerState.java:setLeader(263)) - 871e6485-c22a-483f-9e07-d19e754685be:group-FCBB119D2DA8 change Leader from null to 871e6485-c22a-483f-9e07-d19e754685be at term 1 for becomeLeader, leader elected after 8423ms
2019-09-20 09:27:23,942 [Thread-958] INFO  impl.RoleInfo (RoleInfo.java:shutdownFollowerState(121)) - fd3cd5f9-4f1c-43ea-91b1-b85a1f6c3825: shutdown FollowerState
2019-09-20 09:27:23,942 [Thread-964] INFO  impl.RaftServerImpl (RaftServerImpl.java:setRole(171)) - 4840c00f-91d3-4881-a20b-4d0486ca97c0:group-F2908B59D0C1 changes role from FOLLOWER to CANDIDATE at term 0 for changeToCandidate
2019-09-20 09:27:23,942 [Thread-961] INFO  impl.RoleInfo (RoleInfo.java:shutdownFollowerState(121)) - 871e6485-c22a-483f-9e07-d19e754685be: shutdown FollowerState
2019-09-20 09:27:23,942 [492ed782-6ab3-4ad9-945e-06def6ac7c96:group-890D473D7C7A:LeaderElection141] INFO  impl.RaftServerImpl (RaftServerImpl.java:setRole(171)) - 492ed782-6ab3-4ad9-945e-06def6ac7c96:group-890D473D7C7A changes role from CANDIDATE to LEADER at term 1 for changeToLeader
2019-09-20 09:27:23,942 [fd3cd5f9-4f1c-43ea-91b1-b85a1f6c3825-SegmentedRaftLogWorker:Storage Directory /workdir/hadoop-ozone/integration-test/target/test-dir/MiniOzoneClusterImpl-a33d77e5-464b-4d19-8e6b-a171e580bf0e/datanode-1/data/ratis/bc08d00b-71aa-4c23-863f-3f7c9b11228d] INFO  util.JmxRegister (JmxRegister.java:unregister(73)) - Successfully un-registered JMX Bean with object name Ratis:service=RaftServer,group=group-3F7C9B11228D,id=fd3cd5f9-4f1c-43ea-91b1-b85a1f6c3825
2019-09-20 09:27:25,608 [fd3cd5f9-4f1c-43ea-91b1-b85a1f6c3825-SegmentedRaftLogWorker:Storage Directory /workdir/hadoop-ozone/integration-test/target/test-dir/MiniOzoneClusterImpl-a33d77e5-464b-4d19-8e6b-a171e580bf0e/datanode-1/data/ratis/bc08d00b-71aa-4c23-863f-3f7c9b11228d] INFO  impl.RoleInfo (RoleInfo.java:shutdownLeaderState(104)) - fd3cd5f9-4f1c-43ea-91b1-b85a1f6c3825: shutdown LeaderState
2019-09-20 09:27:23,942 [Thread-937] INFO  impl.RoleInfo (RoleInfo.java:updateAndGet(143)) - 4840c00f-91d3-4881-a20b-4d0486ca97c0: start LeaderElection
2019-09-20 09:27:23,942 [Thread-940] INFO  impl.RoleInfo (RoleInfo.java:shutdownFollowerState(121)) - fd3cd5f9-4f1c-43ea-91b1-b85a1f6c3825: shutdown FollowerState
2019-09-20 09:27:25,608 [fd3cd5f9-4f1c-43ea-91b1-b85a1f6c3825-SegmentedRaftLogWorker:Storage Directory /workdir/hadoop-ozone/integration-test/target/test-dir/MiniOzoneClusterImpl-a33d77e5-464b-4d19-8e6b-a171e580bf0e/datanode-1/data/ratis/bc08d00b-71aa-4c23-863f-3f7c9b11228d] INFO  impl.PendingRequests (PendingRequests.java:sendNotLeaderResponses(202)) - fd3cd5f9-4f1c-43ea-91b1-b85a1f6c3825-PendingRequests: sendNotLeaderResponses
2019-09-20 09:27:25,608 [492ed782-6ab3-4ad9-945e-06def6ac7c96:group-890D473D7C7A:LeaderElection141] INFO  impl.RaftServerImpl (ServerState.java:setLeader(263)) - 492ed782-6ab3-4ad9-945e-06def6ac7c96:group-890D473D7C7A change Leader from null to 492ed782-6ab3-4ad9-945e-06def6ac7c96 at term 1 for becomeLeader, leader elected after 8213ms
2019-09-20 09:27:25,607 [Thread-961] INFO  impl.RaftServerImpl (RaftServerImpl.java:setRole(171)) - 871e6485-c22a-483f-9e07-d19e754685be:group-23EEB214DE2D changes role from FOLLOWER to CANDIDATE at term 0 for changeToCandidate
2019-09-20 09:27:25,607 [Thread-964] INFO  impl.RoleInfo (RoleInfo.java:updateAndGet(143)) - 4840c00f-91d3-4881-a20b-4d0486ca97c0: start LeaderElection
2019-09-20 09:27:25,607 [871e6485-c22a-483f-9e07-d19e754685be:group-FCBB119D2DA8:LeaderElection142] INFO  server.RaftServerConfigKeys (ConfUtils.java:logGet(43)) - raft.server.staging.catchup.gap = 1000 (default)
2019-09-20 09:27:25,607 [Thread-958] INFO  impl.RaftServerImpl (RaftServerImpl.java:setRole(171)) - fd3cd5f9-4f1c-43ea-91b1-b85a1f6c3825:group-EB58816D2005 changes role from FOLLOWER to CANDIDATE at term 0 for changeToCandidate
2019-09-20 09:27:25,607 [02b93e76-e4c6-4b67-b8a4-c536d9ab7224:group-C96EC6167C50:LeaderElection143] INFO  impl.RaftServerImpl (ServerState.java:setLeader(263)) - 02b93e76-e4c6-4b67-b8a4-c536d9ab7224:group-C96EC6167C50 change Leader from null to 02b93e76-e4c6-4b67-b8a4-c536d9ab7224 at term 1 for becomeLeader, leader elected after 8542ms
2019-09-20 09:27:25,607 [Thread-967] INFO  impl.RaftServerImpl (RaftServerImpl.java:setRole(171)) - fd3cd5f9-4f1c-43ea-91b1-b85a1f6c3825:group-9538580C016C changes role from FOLLOWER to CANDIDATE at term 0 for changeToCandidate
2019-09-20 09:27:25,606 [Thread-970] INFO  impl.RoleInfo (RoleInfo.java:updateAndGet(143)) - 871e6485-c22a-483f-9e07-d19e754685be: start LeaderElection
2019-09-20 09:27:25,606 [pool-38-thread-1] INFO  server.RaftServerConfigKeys (ConfUtils.java:logGet(43)) - raft.server.snapshot.auto.trigger.threshold = 10000 (custom)
2019-09-20 09:27:25,606 [871e6485-c22a-483f-9e07-d19e754685be:group-B9897AFDAD88:LeaderElection153] INFO  impl.LeaderElection (LeaderElection.java:askForVotes(181)) - 871e6485-c22a-483f-9e07-d19e754685be:group-B9897AFDAD88:LeaderElection153: begin an election at term 1 for -1: [871e6485-c22a-483f-9e07-d19e754685be:192.168.36.99:41076], old=null
2019-09-20 09:27:25,606 [492ed782-6ab3-4ad9-945e-06def6ac7c96:group-68C11BF58E25:LeaderElection154] INFO  impl.LeaderElection (LeaderElection.java:askForVotes(181)) - 492ed782-6ab3-4ad9-945e-06def6ac7c96:group-68C11BF58E25:LeaderElection154: begin an election at term 1 for -1: [492ed782-6ab3-4ad9-945e-06def6ac7c96:192.168.36.99:32835], old=null
2019-09-20 09:27:25,606 [492ed782-6ab3-4ad9-945e-06def6ac7c96:group-7160E3B153A6:LeaderElection152] INFO  impl.LeaderElection (LeaderElection.java:askForVotes(181)) - 492ed782-6ab3-4ad9-945e-06def6ac7c96:group-7160E3B153A6:LeaderElection152: begin an election at term 1 for -1: [492ed782-6ab3-4ad9-945e-06def6ac7c96:192.168.36.99:32835], old=null
2019-09-20 09:27:25,610 [492ed782-6ab3-4ad9-945e-06def6ac7c96:group-7160E3B153A6:LeaderElection152] INFO  impl.RoleInfo (RoleInfo.java:shutdownLeaderElection(134)) - 492ed782-6ab3-4ad9-945e-06def6ac7c96: shutdown LeaderElection
2019-09-20 09:27:25,605 [871e6485-c22a-483f-9e07-d19e754685be-SegmentedRaftLogWorker:Storage Directory /workdir/hadoop-ozone/integration-test/target/test-dir/MiniOzoneClusterImpl-a33d77e5-464b-4d19-8e6b-a171e580bf0e/datanode-4/data/ratis/2366d198-bb52-4925-91ff-9ffbfdc002d6] ERROR segmented.SegmentedRaftLogWorker (SegmentedRaftLogWorker.java:run(323)) - 871e6485-c22a-483f-9e07-d19e754685be-SegmentedRaftLogWorker:Storage Directory /workdir/hadoop-ozone/integration-test/target/test-dir/MiniOzoneClusterImpl-a33d77e5-464b-4d19-8e6b-a171e580bf0e/datanode-4/data/ratis/2366d198-bb52-4925-91ff-9ffbfdc002d6 hit exception
java.lang.OutOfMemoryError: Direct buffer memory
	at java.nio.Bits.reserveMemory(Bits.java:666)
	at java.nio.DirectByteBuffer.<init>(DirectByteBuffer.java:123)
	at java.nio.ByteBuffer.allocateDirect(ByteBuffer.java:311)
	at org.apache.ratis.server.raftlog.segmented.BufferedWriteChannel.<init>(BufferedWriteChannel.java:41)
	at org.apache.ratis.server.raftlog.segmented.SegmentedRaftLogOutputStream.<init>(SegmentedRaftLogOutputStream.java:72)
	at org.apache.ratis.server.raftlog.segmented.SegmentedRaftLogWorker$StartLogSegment.execute(SegmentedRaftLogWorker.java:566)
	at org.apache.ratis.server.raftlog.segmented.SegmentedRaftLogWorker.run(SegmentedRaftLogWorker.java:289)
	at java.lang.Thread.run(Thread.java:748)
2019-09-20 09:27:25,214 [02b93e76-e4c6-4b67-b8a4-c536d9ab7224:group-6330BC62D772:LeaderElection136] INFO  segmented.SegmentedRaftLogWorker (SegmentedRaftLogWorker.java:startLogSegment(380)) - 02b93e76-e4c6-4b67-b8a4-c536d9ab7224-SegmentedRaftLogWorker:Storage Directory /workdir/hadoop-ozone/integration-test/target/test-dir/MiniOzoneClusterImpl-a33d77e5-464b-4d19-8e6b-a171e580bf0e/datanode-0/data/ratis/e917479e-0d4f-440a-99e6-6330bc62d772: Starting segment from index:0
2019-09-20 09:27:25,213 [871e6485-c22a-483f-9e07-d19e754685be:group-43EAF305B334:LeaderElection131] INFO  impl.RaftServerImpl (ServerState.java:setRaftConf(361)) - 871e6485-c22a-483f-9e07-d19e754685be:group-43EAF305B334 set configuration 0: [871e6485-c22a-483f-9e07-d19e754685be:192.168.36.99:41076], old=null at 0
2019-09-20 09:27:25,213 [4840c00f-91d3-4881-a20b-4d0486ca97c0:group-C4F071EB70CB:LeaderElection133] INFO  segmented.SegmentedRaftLogWorker (SegmentedRaftLogWorker.java:startLogSegment(380)) - 4840c00f-91d3-4881-a20b-4d0486ca97c0-SegmentedRaftLogWorker:Storage Directory /workdir/hadoop-ozone/integration-test/target/test-dir/MiniOzoneClusterImpl-a33d77e5-464b-4d19-8e6b-a171e580bf0e/datanode-3/data/ratis/e3c19b05-496e-4525-937a-c4f071eb70cb: Starting segment from index:0
2019-09-20 09:27:25,213 [871e6485-c22a-483f-9e07-d19e754685be:group-1CEED274464E:LeaderElection134] INFO  impl.RoleInfo (RoleInfo.java:updateAndGet(143)) - 871e6485-c22a-483f-9e07-d19e754685be: start LeaderState
2019-09-20 09:27:25,213 [871e6485-c22a-483f-9e07-d19e754685be:group-CC18D9B0FA0B:LeaderElection132] INFO  impl.RoleInfo (RoleInfo.java:updateAndGet(143)) - 871e6485-c22a-483f-9e07-d19e754685be: start LeaderState
2019-09-20 09:27:25,611 [02b93e76-e4c6-4b67-b8a4-c536d9ab7224:group-6330BC62D772:LeaderElection136] INFO  impl.RaftServerImpl (ServerState.java:setRaftConf(361)) - 02b93e76-e4c6-4b67-b8a4-c536d9ab7224:group-6330BC62D772 set configuration 0: [02b93e76-e4c6-4b67-b8a4-c536d9ab7224:192.168.36.99:39343], old=null at 0
2019-09-20 09:27:25,862 [871e6485-c22a-483f-9e07-d19e754685be:group-9A08C49E7350:LeaderElection156] INFO  impl.LeaderElection (LeaderElection.java:askForVotes(181)) - 871e6485-c22a-483f-9e07-d19e754685be:group-9A08C49E7350:LeaderElection156: begin an election at term 1 for -1: [871e6485-c22a-483f-9e07-d19e754685be:192.168.36.99:41076], old=null
2019-09-20 09:27:25,213 [fd3cd5f9-4f1c-43ea-91b1-b85a1f6c3825:group-90579A7A1E42:LeaderElection130] INFO  segmented.SegmentedRaftLogWorker (SegmentedRaftLogWorker.java:startLogSegment(380)) - fd3cd5f9-4f1c-43ea-91b1-b85a1f6c3825-SegmentedRaftLogWorker:Storage Directory /workdir/hadoop-ozone/integration-test/target/test-dir/MiniOzoneClusterImpl-a33d77e5-464b-4d19-8e6b-a171e580bf0e/datanode-1/data/ratis/bbc96115-e053-47dc-9663-90579a7a1e42: Starting segment from index:0
2019-09-20 09:27:25,207 [grpc-default-executor-1] INFO  server.GrpcLogAppender (GrpcLogAppender.java:onCompleted(292)) - 02b93e76-e4c6-4b67-b8a4-c536d9ab7224->4840c00f-91d3-4881-a20b-4d0486ca97c0: follower responses appendEntries COMPLETED
2019-09-20 09:27:25,207 [grpc-default-executor-0] INFO  server.GrpcLogAppender (GrpcLogAppender.java:onCompleted(292)) - 02b93e76-e4c6-4b67-b8a4-c536d9ab7224->492ed782-6ab3-4ad9-945e-06def6ac7c96: follower responses appendEntries COMPLETED
2019-09-20 09:27:25,206 [Thread-988] INFO  impl.RaftServerImpl (RaftServerImpl.java:setRole(171)) - 492ed782-6ab3-4ad9-945e-06def6ac7c96:group-52124656E3BD changes role from FOLLOWER to CANDIDATE at term 0 for changeToCandidate
2019-09-20 09:27:25,206 [Thread-985] INFO  impl.RaftServerImpl (RaftServerImpl.java:setRole(171)) - 02b93e76-e4c6-4b67-b8a4-c536d9ab7224:group-C154D2514BB3 changes role from FOLLOWER to CANDIDATE at term 0 for changeToCandidate
2019-09-20 09:27:25,206 [Thread-976] INFO  impl.RaftServerImpl (RaftServerImpl.java:setRole(171)) - 4840c00f-91d3-4881-a20b-4d0486ca97c0:group-B7D8A17B7BB0 changes role from FOLLOWER to CANDIDATE at term 0 for changeToCandidate
2019-09-20 09:27:25,205 [Thread-979] INFO  impl.RoleInfo (RoleInfo.java:shutdownFollowerState(121)) - fd3cd5f9-4f1c-43ea-91b1-b85a1f6c3825: shutdown FollowerState
2019-09-20 09:27:26,351 [Thread-979] INFO  impl.RaftServerImpl (RaftServerImpl.java:setRole(171)) - fd3cd5f9-4f1c-43ea-91b1-b85a1f6c3825:group-B212B9F51E67 changes role from FOLLOWER to CANDIDATE at term 0 for changeToCandidate
2019-09-20 09:27:25,205 [Thread-982] INFO  impl.RoleInfo (RoleInfo.java:shutdownFollowerState(121)) - 871e6485-c22a-483f-9e07-d19e754685be: shutdown FollowerState
2019-09-20 09:27:25,205 [Thread-973] INFO  impl.RoleInfo (RoleInfo.java:shutdownFollowerState(121)) - 492ed782-6ab3-4ad9-945e-06def6ac7c96: shutdown FollowerState
2019-09-20 09:27:25,205 [02b93e76-e4c6-4b67-b8a4-c536d9ab7224:group-FA2D925D22FE:LeaderElection147] INFO  impl.RoleInfo (RoleInfo.java:shutdownLeaderElection(134)) - 02b93e76-e4c6-4b67-b8a4-c536d9ab7224: shutdown LeaderElection
2019-09-20 09:27:26,351 [java.util.concurrent.ThreadPoolExecutor$Worker@15959da[State = -1, empty queue]] WARN  server.GrpcLogAppender (GrpcLogAppender.java:timeoutAppendRequest(200)) - GrpcLogAppender(02b93e76-e4c6-4b67-b8a4-c536d9ab7224->492ed782-6ab3-4ad9-945e-06def6ac7c96): appendEntries Timeout, request=02b93e76-e4c6-4b67-b8a4-c536d9ab7224->492ed782-6ab3-4ad9-945e-06def6ac7c96#1-t1, previous=(t:0, i:0), leaderCommit=-1, initializing? false, entries: size=1, first=(t:1, i:0), CONFIGURATIONENTRY
2019-09-20 09:27:25,205 [02b93e76-e4c6-4b67-b8a4-c536d9ab7224:group-47261CD7EFDA:LeaderElection140] INFO  impl.RoleInfo (RoleInfo.java:shutdownLeaderElection(134)) - 02b93e76-e4c6-4b67-b8a4-c536d9ab7224: shutdown LeaderElection
2019-09-20 09:27:25,205 [fd3cd5f9-4f1c-43ea-91b1-b85a1f6c3825:group-81AC512AC710:LeaderElection145] INFO  impl.RoleInfo (RoleInfo.java:shutdownLeaderElection(134)) - fd3cd5f9-4f1c-43ea-91b1-b85a1f6c3825: shutdown LeaderElection
2019-09-20 09:27:25,204 [871e6485-c22a-483f-9e07-d19e754685be:group-DDA34E79B0A6:LeaderElection146] INFO  impl.RoleInfo (RoleInfo.java:shutdownLeaderElection(134)) - 871e6485-c22a-483f-9e07-d19e754685be: shutdown LeaderElection
2019-09-20 09:27:25,204 [fd3cd5f9-4f1c-43ea-91b1-b85a1f6c3825-SegmentedRaftLogWorker:Storage Directory /workdir/hadoop-ozone/integration-test/target/test-dir/MiniOzoneClusterImpl-a33d77e5-464b-4d19-8e6b-a171e580bf0e/datanode-1/data/ratis/7797276a-39bc-411a-afd0-50161b5dc97b] INFO  impl.RaftServerImpl (ServerState.java:close(394)) - fd3cd5f9-4f1c-43ea-91b1-b85a1f6c3825:group-50161B5DC97B closes. The last applied log index is -1
2019-09-20 09:27:25,204 [dc7f40a9-6782-42c4-abab-c6b1682da047:group-96E04B49EB22:LeaderElection150] INFO  impl.RoleInfo (RoleInfo.java:shutdownLeaderElection(134)) - dc7f40a9-6782-42c4-abab-c6b1682da047: shutdown LeaderElection
2019-09-20 09:27:26,355 [fd3cd5f9-4f1c-43ea-91b1-b85a1f6c3825-SegmentedRaftLogWorker:Storage Directory /workdir/hadoop-ozone/integration-test/target/test-dir/MiniOzoneClusterImpl-a33d77e5-464b-4d19-8e6b-a171e580bf0e/datanode-1/data/ratis/7797276a-39bc-411a-afd0-50161b5dc97b] INFO  segmented.SegmentedRaftLogWorker (SegmentedRaftLogWorker.java:close(228)) - fd3cd5f9-4f1c-43ea-91b1-b85a1f6c3825-SegmentedRaftLogWorker:Storage Directory /workdir/hadoop-ozone/integration-test/target/test-dir/MiniOzoneClusterImpl-a33d77e5-464b-4d19-8e6b-a171e580bf0e/datanode-1/data/ratis/7797276a-39bc-411a-afd0-50161b5dc97b close()
2019-09-20 09:27:25,204 [fd3cd5f9-4f1c-43ea-91b1-b85a1f6c3825:group-E81D6153ACAD:LeaderElection148] INFO  impl.RaftServerImpl (RaftServerImpl.java:setRole(171)) - fd3cd5f9-4f1c-43ea-91b1-b85a1f6c3825:group-E81D6153ACAD changes role from CANDIDATE to LEADER at term 1 for changeToLeader
2019-09-20 09:27:25,204 [871e6485-c22a-483f-9e07-d19e754685be:group-BCFC671DD016:LeaderElection135] INFO  segmented.SegmentedRaftLogWorker (SegmentedRaftLogWorker.java:startLogSegment(380)) - 871e6485-c22a-483f-9e07-d19e754685be-SegmentedRaftLogWorker:Storage Directory /workdir/hadoop-ozone/integration-test/target/test-dir/MiniOzoneClusterImpl-a33d77e5-464b-4d19-8e6b-a171e580bf0e/datanode-4/data/ratis/1453f98f-3c75-4b4c-a51d-bcfc671dd016: Starting segment from index:0
2019-09-20 09:27:25,203 [Thread-994] INFO  impl.RaftServerImpl (RaftServerImpl.java:setRole(171)) - 02b93e76-e4c6-4b67-b8a4-c536d9ab7224:group-58FAC97ADBBF changes role from FOLLOWER to CANDIDATE at term 0 for changeToCandidate
2019-09-20 09:27:25,203 [Thread-1007] INFO  impl.RoleInfo (RoleInfo.java:shutdownFollowerState(121)) - fd3cd5f9-4f1c-43ea-91b1-b85a1f6c3825: shutdown FollowerState
2019-09-20 09:27:25,203 [Thread-1019] INFO  impl.RoleInfo (RoleInfo.java:shutdownFollowerState(121)) - 871e6485-c22a-483f-9e07-d19e754685be: shutdown FollowerState
2019-09-20 09:27:25,202 [pool-60-thread-1] INFO  impl.RaftServerImpl (RaftServerImpl.java:<init>(93)) - 4840c00f-91d3-4881-a20b-4d0486ca97c0: new RaftServerImpl for group-791F2CCB98AA:[4840c00f-91d3-4881-a20b-4d0486ca97c0:192.168.36.99:41473, 492ed782-6ab3-4ad9-945e-06def6ac7c96:192.168.36.99:32835, 02b93e76-e4c6-4b67-b8a4-c536d9ab7224:192.168.36.99:39343] with ContainerStateMachine:uninitialized
2019-09-20 09:27:25,202 [pool-27-thread-1] INFO  server.RaftServerConfigKeys (ConfUtils.java:logGet(43)) - raft.server.rpc.timeout.min = 5s (custom)
2019-09-20 09:27:25,202 [pool-49-thread-1] INFO  server.RaftServerConfigKeys (ConfUtils.java:logGet(43)) - raft.server.rpc.timeout.min = 5s (custom)
2019-09-20 09:27:25,202 [492ed782-6ab3-4ad9-945e-06def6ac7c96:group-94590C91F56C:LeaderElection139] INFO  server.RaftServerConfigKeys (ConfUtils.java:logGet(43)) - raft.server.write.element-limit = 4096 (default)
2019-09-20 09:27:25,201 [grpc-default-executor-3] INFO  impl.FollowerInfo (FollowerInfo.java:lambda$new$0(50)) - 02b93e76-e4c6-4b67-b8a4-c536d9ab7224->871e6485-c22a-483f-9e07-d19e754685be: nextIndex: updateUnconditionally 1 -> 0
2019-09-20 09:27:25,201 [grpc-default-executor-4] INFO  server.GrpcLogAppender (GrpcLogAppender.java:onError(281)) - GrpcLogAppender(02b93e76-e4c6-4b67-b8a4-c536d9ab7224->871e6485-c22a-483f-9e07-d19e754685be) is stopped
2019-09-20 09:27:25,201 [fd3cd5f9-4f1c-43ea-91b1-b85a1f6c3825-SegmentedRaftLogWorker:Storage Directory /workdir/hadoop-ozone/integration-test/target/test-dir/MiniOzoneClusterImpl-a33d77e5-464b-4d19-8e6b-a171e580bf0e/datanode-1/data/ratis/cbe5a1bb-434c-4e0c-b710-a51e182927fb] INFO  impl.RaftServerImpl (RaftServerImpl.java:lambda$shutdown$3(245)) - fd3cd5f9-4f1c-43ea-91b1-b85a1f6c3825: shutdown group-A51E182927FB
2019-09-20 09:27:25,201 [871e6485-c22a-483f-9e07-d19e754685be-SegmentedRaftLogWorker:Storage Directory /workdir/hadoop-ozone/integration-test/target/test-dir/MiniOzoneClusterImpl-a33d77e5-464b-4d19-8e6b-a171e580bf0e/datanode-4/data/ratis/0b5ce0ef-bf6f-4100-9f61-75fd9d73f3ac] INFO  impl.RaftServerImpl (RaftServerImpl.java:lambda$shutdown$3(245)) - 871e6485-c22a-483f-9e07-d19e754685be: shutdown group-75FD9D73F3AC
2019-09-20 09:27:25,201 [grpc-default-executor-6] INFO  impl.RaftServerProxy (RaftServerProxy.java:addNew(89)) - 4840c00f-91d3-4881-a20b-4d0486ca97c0: addNew group-791F2CCB98AA:[4840c00f-91d3-4881-a20b-4d0486ca97c0:192.168.36.99:41473, 492ed782-6ab3-4ad9-945e-06def6ac7c96:192.168.36.99:32835, 02b93e76-e4c6-4b67-b8a4-c536d9ab7224:192.168.36.99:39343] returns group-791F2CCB98AA:java.util.concurrent.CompletableFuture@3ebd9354[Not completed]
2019-09-20 09:27:25,200 [fd3cd5f9-4f1c-43ea-91b1-b85a1f6c3825:group-DC825D6FA250:LeaderElection151] INFO  impl.RoleInfo (RoleInfo.java:shutdownLeaderElection(134)) - fd3cd5f9-4f1c-43ea-91b1-b85a1f6c3825: shutdown LeaderElection
2019-09-20 09:27:26,598 [fd3cd5f9-4f1c-43ea-91b1-b85a1f6c3825:group-DC825D6FA250:LeaderElection151] INFO  impl.RaftServerImpl (RaftServerImpl.java:setRole(171)) - fd3cd5f9-4f1c-43ea-91b1-b85a1f6c3825:group-DC825D6FA250 changes role from CANDIDATE to LEADER at term 1 for changeToLeader
2019-09-20 09:27:25,200 [IPC Server handler 12 on 36356] WARN  ipc.Server (Server.java:processResponse(1523)) - IPC Server handler 12 on 36356, call Call#187 Retry#0 org.apache.hadoop.ozone.protocol.StorageContainerDatanodeProtocol.sendHeartbeat from 192.168.36.99:59430: output error
2019-09-20 09:27:26,598 [871e6485-c22a-483f-9e07-d19e754685be-SegmentedRaftLogWorker:Storage Directory /workdir/hadoop-ozone/integration-test/target/test-dir/MiniOzoneClusterImpl-a33d77e5-464b-4d19-8e6b-a171e580bf0e/datanode-4/data/ratis/8647ab7e-7571-475f-8de0-5cd29fee94be] ERROR segmented.SegmentedRaftLogWorker (SegmentedRaftLogWorker.java:run(323)) - 871e6485-c22a-483f-9e07-d19e754685be-SegmentedRaftLogWorker:Storage Directory /workdir/hadoop-ozone/integration-test/target/test-dir/MiniOzoneClusterImpl-a33d77e5-464b-4d19-8e6b-a171e580bf0e/datanode-4/data/ratis/8647ab7e-7571-475f-8de0-5cd29fee94be hit exception
java.lang.OutOfMemoryError: Direct buffer memory
	at java.nio.Bits.reserveMemory(Bits.java:666)
	at java.nio.DirectByteBuffer.<init>(DirectByteBuffer.java:123)
	at java.nio.ByteBuffer.allocateDirect(ByteBuffer.java:311)
	at org.apache.ratis.server.raftlog.segmented.BufferedWriteChannel.<init>(BufferedWriteChannel.java:41)
	at org.apache.ratis.server.raftlog.segmented.SegmentedRaftLogOutputStream.<init>(SegmentedRaftLogOutputStream.java:72)
	at org.apache.ratis.server.raftlog.segmented.SegmentedRaftLogWorker$StartLogSegment.execute(SegmentedRaftLogWorker.java:566)
	at org.apache.ratis.server.raftlog.segmented.SegmentedRaftLogWorker.run(SegmentedRaftLogWorker.java:289)
	at java.lang.Thread.run(Thread.java:748)
2019-09-20 09:27:25,200 [IPC Server handler 1 on 36356] INFO  ipc.Server (Server.java:run(2695)) - IPC Server handler 1 on 36356 caught an exception
java.io.IOException: Broken pipe
	at sun.nio.ch.FileDispatcherImpl.write0(Native Method)
	at sun.nio.ch.SocketDispatcher.write(SocketDispatcher.java:47)
	at sun.nio.ch.IOUtil.writeFromNativeBuffer(IOUtil.java:93)
	at sun.nio.ch.IOUtil.write(IOUtil.java:65)
	at sun.nio.ch.SocketChannelImpl.write(SocketChannelImpl.java:471)
	at org.apache.hadoop.ipc.Server.channelWrite(Server.java:3250)
	at org.apache.hadoop.ipc.Server.access$1700(Server.java:137)
	at org.apache.hadoop.ipc.Server$Responder.processResponse(Server.java:1473)
	at org.apache.hadoop.ipc.Server$Responder.doRespond(Server.java:1543)
	at org.apache.hadoop.ipc.Server$Connection.sendResponse(Server.java:2593)
	at org.apache.hadoop.ipc.Server$Connection.access$300(Server.java:1615)
	at org.apache.hadoop.ipc.Server$RpcCall.doResponse(Server.java:940)
	at org.apache.hadoop.ipc.Server$Call.sendResponse(Server.java:774)
	at org.apache.hadoop.ipc.Server$RpcCall.run(Server.java:885)
	at org.apache.hadoop.ipc.Server$RpcCall.run(Server.java:822)
	at java.security.AccessController.doPrivileged(Native Method)
	at javax.security.auth.Subject.doAs(Subject.java:422)
	at org.apache.hadoop.security.UserGroupInformation.doAs(UserGroupInformation.java:1730)
	at org.apache.hadoop.ipc.Server$Handler.run(Server.java:2682)
2019-09-20 09:27:25,200 [492ed782-6ab3-4ad9-945e-06def6ac7c96:group-08449766F3EF:LeaderElection149] INFO  impl.RoleInfo (RoleInfo.java:shutdownLeaderElection(134)) - 492ed782-6ab3-4ad9-945e-06def6ac7c96: shutdown LeaderElection
2019-09-20 09:27:25,199 [492ed782-6ab3-4ad9-945e-06def6ac7c96:group-AC17CE41094C:LeaderElection144] INFO  impl.RaftServerImpl (RaftServerImpl.java:setRole(171)) - 492ed782-6ab3-4ad9-945e-06def6ac7c96:group-AC17CE41094C changes role from CANDIDATE to LEADER at term 1 for changeToLeader
2019-09-20 09:27:25,199 [fd3cd5f9-4f1c-43ea-91b1-b85a1f6c3825-SegmentedRaftLogWorker:Storage Directory /workdir/hadoop-ozone/integration-test/target/test-dir/MiniOzoneClusterImpl-a33d77e5-464b-4d19-8e6b-a171e580bf0e/datanode-1/data/ratis/77b93e05-6797-4765-a90d-e226b53152ae] INFO  util.JmxRegister (JmxRegister.java:unregister(73)) - Successfully un-registered JMX Bean with object name Ratis:service=RaftServer,group=group-E226B53152AE,id=fd3cd5f9-4f1c-43ea-91b1-b85a1f6c3825
2019-09-20 09:27:26,600 [fd3cd5f9-4f1c-43ea-91b1-b85a1f6c3825-SegmentedRaftLogWorker:Storage Directory /workdir/hadoop-ozone/integration-test/target/test-dir/MiniOzoneClusterImpl-a33d77e5-464b-4d19-8e6b-a171e580bf0e/datanode-1/data/ratis/77b93e05-6797-4765-a90d-e226b53152ae] INFO  impl.RoleInfo (RoleInfo.java:shutdownLeaderState(104)) - fd3cd5f9-4f1c-43ea-91b1-b85a1f6c3825: shutdown LeaderState
2019-09-20 09:27:25,199 [4840c00f-91d3-4881-a20b-4d0486ca97c0-SegmentedRaftLogWorker:Storage Directory /workdir/hadoop-ozone/integration-test/target/test-dir/MiniOzoneClusterImpl-a33d77e5-464b-4d19-8e6b-a171e580bf0e/datanode-3/data/ratis/20a2dcac-b916-4cc9-9497-a92484a46e3a] INFO  util.JmxRegister (JmxRegister.java:unregister(73)) - Successfully un-registered JMX Bean with object name Ratis:service=RaftServer,group=group-A92484A46E3A,id=4840c00f-91d3-4881-a20b-4d0486ca97c0
2019-09-20 09:27:25,195 [Datanode State Machine Thread - 0] ERROR statemachine.EndpointStateMachine (EndpointStateMachine.java:logIfNeeded(204)) - Unable to communicate to SCM server at 0.0.0.0:36356 for past 0 seconds.
java.net.SocketTimeoutException: Call From pr-hdds-1569-p5fx8-1226042367/192.168.36.99 to 0.0.0.0:36356 failed on socket timeout exception: java.net.SocketTimeoutException: 1000 millis timeout while waiting for channel to be ready for read. ch : java.nio.channels.SocketChannel[connected local=/192.168.36.99:59430 remote=/0.0.0.0:36356]; For more details see:  http://wiki.apache.org/hadoop/SocketTimeout
	at sun.reflect.NativeConstructorAccessorImpl.newInstance0(Native Method)
	at sun.reflect.NativeConstructorAccessorImpl.newInstance(NativeConstructorAccessorImpl.java:62)
	at sun.reflect.DelegatingConstructorAccessorImpl.newInstance(DelegatingConstructorAccessorImpl.java:45)
	at java.lang.reflect.Constructor.newInstance(Constructor.java:423)
	at org.apache.hadoop.net.NetUtils.wrapWithMessage(NetUtils.java:831)
	at org.apache.hadoop.net.NetUtils.wrapException(NetUtils.java:775)
	at org.apache.hadoop.ipc.Client.getRpcResponse(Client.java:1515)
	at org.apache.hadoop.ipc.Client.call(Client.java:1457)
	at org.apache.hadoop.ipc.Client.call(Client.java:1367)
	at org.apache.hadoop.ipc.ProtobufRpcEngine$Invoker.invoke(ProtobufRpcEngine.java:228)
	at org.apache.hadoop.ipc.ProtobufRpcEngine$Invoker.invoke(ProtobufRpcEngine.java:116)
	at com.sun.proxy.$Proxy96.sendHeartbeat(Unknown Source)
	at org.apache.hadoop.ozone.protocolPB.StorageContainerDatanodeProtocolClientSideTranslatorPB.sendHeartbeat(StorageContainerDatanodeProtocolClientSideTranslatorPB.java:131)
	at org.apache.hadoop.ozone.container.common.states.endpoint.HeartbeatEndpointTask.call(HeartbeatEndpointTask.java:143)
	at org.apache.hadoop.ozone.container.common.states.endpoint.HeartbeatEndpointTask.call(HeartbeatEndpointTask.java:74)
	at java.util.concurrent.FutureTask.run(FutureTask.java:266)
	at java.util.concurrent.Executors$RunnableAdapter.call(Executors.java:511)
	at java.util.concurrent.FutureTask.run(FutureTask.java:266)
	at java.util.concurrent.ThreadPoolExecutor.runWorker(ThreadPoolExecutor.java:1149)
	at java.util.concurrent.ThreadPoolExecutor$Worker.run(ThreadPoolExecutor.java:624)
	at java.lang.Thread.run(Thread.java:748)
Caused by: java.net.SocketTimeoutException: 1000 millis timeout while waiting for channel to be ready for read. ch : java.nio.channels.SocketChannel[connected local=/192.168.36.99:59430 remote=/0.0.0.0:36356]
	at org.apache.hadoop.net.SocketIOWithTimeout.doIO(SocketIOWithTimeout.java:164)
	at org.apache.hadoop.net.SocketInputStream.read(SocketInputStream.java:161)
	at org.apache.hadoop.net.SocketInputStream.read(SocketInputStream.java:131)
	at java.io.FilterInputStream.read(FilterInputStream.java:133)
	at java.io.BufferedInputStream.fill(BufferedInputStream.java:246)
	at java.io.BufferedInputStream.read(BufferedInputStream.java:265)
	at java.io.FilterInputStream.read(FilterInputStream.java:83)
	at java.io.FilterInputStream.read(FilterInputStream.java:83)
	at org.apache.hadoop.ipc.Client$Connection$PingInputStream.read(Client.java:557)
	at java.io.DataInputStream.readInt(DataInputStream.java:387)
	at org.apache.hadoop.ipc.Client$IpcStreams.readResponse(Client.java:1816)
	at org.apache.hadoop.ipc.Client$Connection.receiveRpcResponse(Client.java:1173)
	at org.apache.hadoop.ipc.Client$Connection.run(Client.java:1069)
2019-09-20 09:27:25,195 [Datanode State Machine Thread - 0] ERROR statemachine.EndpointStateMachine (EndpointStateMachine.java:logIfNeeded(204)) - Unable to communicate to SCM server at 0.0.0.0:36356 for past 0 seconds.
java.net.SocketTimeoutException: Call From pr-hdds-1569-p5fx8-1226042367/192.168.36.99 to 0.0.0.0:36356 failed on socket timeout exception: java.net.SocketTimeoutException: 1000 millis timeout while waiting for channel to be ready for read. ch : java.nio.channels.SocketChannel[connected local=/192.168.36.99:59430 remote=/0.0.0.0:36356]; For more details see:  http://wiki.apache.org/hadoop/SocketTimeout
	at sun.reflect.NativeConstructorAccessorImpl.newInstance0(Native Method)
	at sun.reflect.NativeConstructorAccessorImpl.newInstance(NativeConstructorAccessorImpl.java:62)
	at sun.reflect.DelegatingConstructorAccessorImpl.newInstance(DelegatingConstructorAccessorImpl.java:45)
	at java.lang.reflect.Constructor.newInstance(Constructor.java:423)
	at org.apache.hadoop.net.NetUtils.wrapWithMessage(NetUtils.java:831)
	at org.apache.hadoop.net.NetUtils.wrapException(NetUtils.java:775)
	at org.apache.hadoop.ipc.Client.getRpcResponse(Client.java:1515)
	at org.apache.hadoop.ipc.Client.call(Client.java:1457)
	at org.apache.hadoop.ipc.Client.call(Client.java:1367)
	at org.apache.hadoop.ipc.ProtobufRpcEngine$Invoker.invoke(ProtobufRpcEngine.java:228)
	at org.apache.hadoop.ipc.ProtobufRpcEngine$Invoker.invoke(ProtobufRpcEngine.java:116)
	at com.sun.proxy.$Proxy96.sendHeartbeat(Unknown Source)
	at org.apache.hadoop.ozone.protocolPB.StorageContainerDatanodeProtocolClientSideTranslatorPB.sendHeartbeat(StorageContainerDatanodeProtocolClientSideTranslatorPB.java:131)
	at org.apache.hadoop.ozone.container.common.states.endpoint.HeartbeatEndpointTask.call(HeartbeatEndpointTask.java:143)
	at org.apache.hadoop.ozone.container.common.states.endpoint.HeartbeatEndpointTask.call(HeartbeatEndpointTask.java:74)
	at java.util.concurrent.FutureTask.run(FutureTask.java:266)
	at java.util.concurrent.Executors$RunnableAdapter.call(Executors.java:511)
	at java.util.concurrent.FutureTask.run(FutureTask.java:266)
	at java.util.concurrent.ThreadPoolExecutor.runWorker(ThreadPoolExecutor.java:1149)
	at java.util.concurrent.ThreadPoolExecutor$Worker.run(ThreadPoolExecutor.java:624)
	at java.lang.Thread.run(Thread.java:748)
Caused by: java.net.SocketTimeoutException: 1000 millis timeout while waiting for channel to be ready for read. ch : java.nio.channels.SocketChannel[connected local=/192.168.36.99:59430 remote=/0.0.0.0:36356]
	at org.apache.hadoop.net.SocketIOWithTimeout.doIO(SocketIOWithTimeout.java:164)
	at org.apache.hadoop.net.SocketInputStream.read(SocketInputStream.java:161)
	at org.apache.hadoop.net.SocketInputStream.read(SocketInputStream.java:131)
	at java.io.FilterInputStream.read(FilterInputStream.java:133)
	at java.io.BufferedInputStream.fill(BufferedInputStream.java:246)
	at java.io.BufferedInputStream.read(BufferedInputStream.java:265)
	at java.io.FilterInputStream.read(FilterInputStream.java:83)
	at java.io.FilterInputStream.read(FilterInputStream.java:83)
	at org.apache.hadoop.ipc.Client$Connection$PingInputStream.read(Client.java:557)
	at java.io.DataInputStream.readInt(DataInputStream.java:387)
	at org.apache.hadoop.ipc.Client$IpcStreams.readResponse(Client.java:1816)
	at org.apache.hadoop.ipc.Client$Connection.receiveRpcResponse(Client.java:1173)
	at org.apache.hadoop.ipc.Client$Connection.run(Client.java:1069)
2019-09-20 09:27:25,195 [Datanode State Machine Thread - 0] ERROR statemachine.EndpointStateMachine (EndpointStateMachine.java:logIfNeeded(204)) - Unable to communicate to SCM server at 0.0.0.0:36356 for past 0 seconds.
java.net.SocketTimeoutException: Call From pr-hdds-1569-p5fx8-1226042367/192.168.36.99 to 0.0.0.0:36356 failed on socket timeout exception: java.net.SocketTimeoutException: 1000 millis timeout while waiting for channel to be ready for read. ch : java.nio.channels.SocketChannel[connected local=/192.168.36.99:59430 remote=/0.0.0.0:36356]; For more details see:  http://wiki.apache.org/hadoop/SocketTimeout
	at sun.reflect.NativeConstructorAccessorImpl.newInstance0(Native Method)
	at sun.reflect.NativeConstructorAccessorImpl.newInstance(NativeConstructorAccessorImpl.java:62)
	at sun.reflect.DelegatingConstructorAccessorImpl.newInstance(DelegatingConstructorAccessorImpl.java:45)
	at java.lang.reflect.Constructor.newInstance(Constructor.java:423)
	at org.apache.hadoop.net.NetUtils.wrapWithMessage(NetUtils.java:831)
	at org.apache.hadoop.net.NetUtils.wrapException(NetUtils.java:775)
	at org.apache.hadoop.ipc.Client.getRpcResponse(Client.java:1515)
	at org.apache.hadoop.ipc.Client.call(Client.java:1457)
	at org.apache.hadoop.ipc.Client.call(Client.java:1367)
	at org.apache.hadoop.ipc.ProtobufRpcEngine$Invoker.invoke(ProtobufRpcEngine.java:228)
	at org.apache.hadoop.ipc.ProtobufRpcEngine$Invoker.invoke(ProtobufRpcEngine.java:116)
	at com.sun.proxy.$Proxy96.sendHeartbeat(Unknown Source)
	at org.apache.hadoop.ozone.protocolPB.StorageContainerDatanodeProtocolClientSideTranslatorPB.sendHeartbeat(StorageContainerDatanodeProtocolClientSideTranslatorPB.java:131)
	at org.apache.hadoop.ozone.container.common.states.endpoint.HeartbeatEndpointTask.call(HeartbeatEndpointTask.java:143)
	at org.apache.hadoop.ozone.container.common.states.endpoint.HeartbeatEndpointTask.call(HeartbeatEndpointTask.java:74)
	at java.util.concurrent.FutureTask.run(FutureTask.java:266)
	at java.util.concurrent.Executors$RunnableAdapter.call(Executors.java:511)
	at java.util.concurrent.FutureTask.run(FutureTask.java:266)
	at java.util.concurrent.ThreadPoolExecutor.runWorker(ThreadPoolExecutor.java:1149)
	at java.util.concurrent.ThreadPoolExecutor$Worker.run(ThreadPoolExecutor.java:624)
	at java.lang.Thread.run(Thread.java:748)
Caused by: java.net.SocketTimeoutException: 1000 millis timeout while waiting for channel to be ready for read. ch : java.nio.channels.SocketChannel[connected local=/192.168.36.99:59430 remote=/0.0.0.0:36356]
	at org.apache.hadoop.net.SocketIOWithTimeout.doIO(SocketIOWithTimeout.java:164)
	at org.apache.hadoop.net.SocketInputStream.read(SocketInputStream.java:161)
	at org.apache.hadoop.net.SocketInputStream.read(SocketInputStream.java:131)
	at java.io.FilterInputStream.read(FilterInputStream.java:133)
	at java.io.BufferedInputStream.fill(BufferedInputStream.java:246)
	at java.io.BufferedInputStream.read(BufferedInputStream.java:265)
	at java.io.FilterInputStream.read(FilterInputStream.java:83)
	at java.io.FilterInputStream.read(FilterInputStream.java:83)
	at org.apache.hadoop.ipc.Client$Connection$PingInputStream.read(Client.java:557)
	at java.io.DataInputStream.readInt(DataInputStream.java:387)
	at org.apache.hadoop.ipc.Client$IpcStreams.readResponse(Client.java:1816)
	at org.apache.hadoop.ipc.Client$Connection.receiveRpcResponse(Client.java:1173)
	at org.apache.hadoop.ipc.Client$Connection.run(Client.java:1069)
2019-09-20 09:27:25,195 [Datanode State Machine Thread - 0] ERROR statemachine.EndpointStateMachine (EndpointStateMachine.java:logIfNeeded(204)) - Unable to communicate to SCM server at 0.0.0.0:36356 for past 0 seconds.
java.net.SocketTimeoutException: Call From pr-hdds-1569-p5fx8-1226042367/192.168.36.99 to 0.0.0.0:36356 failed on socket timeout exception: java.net.SocketTimeoutException: 1000 millis timeout while waiting for channel to be ready for read. ch : java.nio.channels.SocketChannel[connected local=/192.168.36.99:59430 remote=/0.0.0.0:36356]; For more details see:  http://wiki.apache.org/hadoop/SocketTimeout
	at sun.reflect.NativeConstructorAccessorImpl.newInstance0(Native Method)
	at sun.reflect.NativeConstructorAccessorImpl.newInstance(NativeConstructorAccessorImpl.java:62)
	at sun.reflect.DelegatingConstructorAccessorImpl.newInstance(DelegatingConstructorAccessorImpl.java:45)
	at java.lang.reflect.Constructor.newInstance(Constructor.java:423)
	at org.apache.hadoop.net.NetUtils.wrapWithMessage(NetUtils.java:831)
	at org.apache.hadoop.net.NetUtils.wrapException(NetUtils.java:775)
	at org.apache.hadoop.ipc.Client.getRpcResponse(Client.java:1515)
	at org.apache.hadoop.ipc.Client.call(Client.java:1457)
	at org.apache.hadoop.ipc.Client.call(Client.java:1367)
	at org.apache.hadoop.ipc.ProtobufRpcEngine$Invoker.invoke(ProtobufRpcEngine.java:228)
	at org.apache.hadoop.ipc.ProtobufRpcEngine$Invoker.invoke(ProtobufRpcEngine.java:116)
	at com.sun.proxy.$Proxy96.sendHeartbeat(Unknown Source)
	at org.apache.hadoop.ozone.protocolPB.StorageContainerDatanodeProtocolClientSideTranslatorPB.sendHeartbeat(StorageContainerDatanodeProtocolClientSideTranslatorPB.java:131)
	at org.apache.hadoop.ozone.container.common.states.endpoint.HeartbeatEndpointTask.call(HeartbeatEndpointTask.java:143)
	at org.apache.hadoop.ozone.container.common.states.endpoint.HeartbeatEndpointTask.call(HeartbeatEndpointTask.java:74)
	at java.util.concurrent.FutureTask.run(FutureTask.java:266)
	at java.util.concurrent.Executors$RunnableAdapter.call(Executors.java:511)
	at java.util.concurrent.FutureTask.run(FutureTask.java:266)
	at java.util.concurrent.ThreadPoolExecutor.runWorker(ThreadPoolExecutor.java:1149)
	at java.util.concurrent.ThreadPoolExecutor$Worker.run(ThreadPoolExecutor.java:624)
	at java.lang.Thread.run(Thread.java:748)
Caused by: java.net.SocketTimeoutException: 1000 millis timeout while waiting for channel to be ready for read. ch : java.nio.channels.SocketChannel[connected local=/192.168.36.99:59430 remote=/0.0.0.0:36356]
	at org.apache.hadoop.net.SocketIOWithTimeout.doIO(SocketIOWithTimeout.java:164)
	at org.apache.hadoop.net.SocketInputStream.read(SocketInputStream.java:161)
	at org.apache.hadoop.net.SocketInputStream.read(SocketInputStream.java:131)
	at java.io.FilterInputStream.read(FilterInputStream.java:133)
	at java.io.BufferedInputStream.fill(BufferedInputStream.java:246)
	at java.io.BufferedInputStream.read(BufferedInputStream.java:265)
	at java.io.FilterInputStream.read(FilterInputStream.java:83)
	at java.io.FilterInputStream.read(FilterInputStream.java:83)
	at org.apache.hadoop.ipc.Client$Connection$PingInputStream.read(Client.java:557)
	at java.io.DataInputStream.readInt(DataInputStream.java:387)
	at org.apache.hadoop.ipc.Client$IpcStreams.readResponse(Client.java:1816)
	at org.apache.hadoop.ipc.Client$Connection.receiveRpcResponse(Client.java:1173)
	at org.apache.hadoop.ipc.Client$Connection.run(Client.java:1069)
2019-09-20 09:27:25,195 [Datanode State Machine Thread - 0] ERROR statemachine.EndpointStateMachine (EndpointStateMachine.java:logIfNeeded(204)) - Unable to communicate to SCM server at 0.0.0.0:36356 for past 0 seconds.
java.net.SocketTimeoutException: Call From pr-hdds-1569-p5fx8-1226042367/192.168.36.99 to 0.0.0.0:36356 failed on socket timeout exception: java.net.SocketTimeoutException: 1000 millis timeout while waiting for channel to be ready for read. ch : java.nio.channels.SocketChannel[connected local=/192.168.36.99:59430 remote=/0.0.0.0:36356]; For more details see:  http://wiki.apache.org/hadoop/SocketTimeout
	at sun.reflect.NativeConstructorAccessorImpl.newInstance0(Native Method)
	at sun.reflect.NativeConstructorAccessorImpl.newInstance(NativeConstructorAccessorImpl.java:62)
	at sun.reflect.DelegatingConstructorAccessorImpl.newInstance(DelegatingConstructorAccessorImpl.java:45)
	at java.lang.reflect.Constructor.newInstance(Constructor.java:423)
	at org.apache.hadoop.net.NetUtils.wrapWithMessage(NetUtils.java:831)
	at org.apache.hadoop.net.NetUtils.wrapException(NetUtils.java:775)
	at org.apache.hadoop.ipc.Client.getRpcResponse(Client.java:1515)
	at org.apache.hadoop.ipc.Client.call(Client.java:1457)
	at org.apache.hadoop.ipc.Client.call(Client.java:1367)
	at org.apache.hadoop.ipc.ProtobufRpcEngine$Invoker.invoke(ProtobufRpcEngine.java:228)
	at org.apache.hadoop.ipc.ProtobufRpcEngine$Invoker.invoke(ProtobufRpcEngine.java:116)
	at com.sun.proxy.$Proxy96.sendHeartbeat(Unknown Source)
	at org.apache.hadoop.ozone.protocolPB.StorageContainerDatanodeProtocolClientSideTranslatorPB.sendHeartbeat(StorageContainerDatanodeProtocolClientSideTranslatorPB.java:131)
	at org.apache.hadoop.ozone.container.common.states.endpoint.HeartbeatEndpointTask.call(HeartbeatEndpointTask.java:143)
	at org.apache.hadoop.ozone.container.common.states.endpoint.HeartbeatEndpointTask.call(HeartbeatEndpointTask.java:74)
	at java.util.concurrent.FutureTask.run(FutureTask.java:266)
	at java.util.concurrent.Executors$RunnableAdapter.call(Executors.java:511)
	at java.util.concurrent.FutureTask.run(FutureTask.java:266)
	at java.util.concurrent.ThreadPoolExecutor.runWorker(ThreadPoolExecutor.java:1149)
	at java.util.concurrent.ThreadPoolExecutor$Worker.run(ThreadPoolExecutor.java:624)
	at java.lang.Thread.run(Thread.java:748)
Caused by: java.net.SocketTimeoutException: 1000 millis timeout while waiting for channel to be ready for read. ch : java.nio.channels.SocketChannel[connected local=/192.168.36.99:59430 remote=/0.0.0.0:36356]
	at org.apache.hadoop.net.SocketIOWithTimeout.doIO(SocketIOWithTimeout.java:164)
	at org.apache.hadoop.net.SocketInputStream.read(SocketInputStream.java:161)
	at org.apache.hadoop.net.SocketInputStream.read(SocketInputStream.java:131)
	at java.io.FilterInputStream.read(FilterInputStream.java:133)
	at java.io.BufferedInputStream.fill(BufferedInputStream.java:246)
	at java.io.BufferedInputStream.read(BufferedInputStream.java:265)
	at java.io.FilterInputStream.read(FilterInputStream.java:83)
	at java.io.FilterInputStream.read(FilterInputStream.java:83)
	at org.apache.hadoop.ipc.Client$Connection$PingInputStream.read(Client.java:557)
	at java.io.DataInputStream.readInt(DataInputStream.java:387)
	at org.apache.hadoop.ipc.Client$IpcStreams.readResponse(Client.java:1816)
	at org.apache.hadoop.ipc.Client$Connection.receiveRpcResponse(Client.java:1173)
	at org.apache.hadoop.ipc.Client$Connection.run(Client.java:1069)
2019-09-20 09:27:25,195 [Datanode State Machine Thread - 0] ERROR statemachine.EndpointStateMachine (EndpointStateMachine.java:logIfNeeded(204)) - Unable to communicate to SCM server at 0.0.0.0:36356 for past 0 seconds.
java.net.SocketTimeoutException: Call From pr-hdds-1569-p5fx8-1226042367/192.168.36.99 to 0.0.0.0:36356 failed on socket timeout exception: java.net.SocketTimeoutException: 1000 millis timeout while waiting for channel to be ready for read. ch : java.nio.channels.SocketChannel[connected local=/192.168.36.99:59430 remote=/0.0.0.0:36356]; For more details see:  http://wiki.apache.org/hadoop/SocketTimeout
	at sun.reflect.NativeConstructorAccessorImpl.newInstance0(Native Method)
	at sun.reflect.NativeConstructorAccessorImpl.newInstance(NativeConstructorAccessorImpl.java:62)
	at sun.reflect.DelegatingConstructorAccessorImpl.newInstance(DelegatingConstructorAccessorImpl.java:45)
	at java.lang.reflect.Constructor.newInstance(Constructor.java:423)
	at org.apache.hadoop.net.NetUtils.wrapWithMessage(NetUtils.java:831)
	at org.apache.hadoop.net.NetUtils.wrapException(NetUtils.java:775)
	at org.apache.hadoop.ipc.Client.getRpcResponse(Client.java:1515)
	at org.apache.hadoop.ipc.Client.call(Client.java:1457)
	at org.apache.hadoop.ipc.Client.call(Client.java:1367)
	at org.apache.hadoop.ipc.ProtobufRpcEngine$Invoker.invoke(ProtobufRpcEngine.java:228)
	at org.apache.hadoop.ipc.ProtobufRpcEngine$Invoker.invoke(ProtobufRpcEngine.java:116)
	at com.sun.proxy.$Proxy96.sendHeartbeat(Unknown Source)
	at org.apache.hadoop.ozone.protocolPB.StorageContainerDatanodeProtocolClientSideTranslatorPB.sendHeartbeat(StorageContainerDatanodeProtocolClientSideTranslatorPB.java:131)
	at org.apache.hadoop.ozone.container.common.states.endpoint.HeartbeatEndpointTask.call(HeartbeatEndpointTask.java:143)
	at org.apache.hadoop.ozone.container.common.states.endpoint.HeartbeatEndpointTask.call(HeartbeatEndpointTask.java:74)
	at java.util.concurrent.FutureTask.run(FutureTask.java:266)
	at java.util.concurrent.Executors$RunnableAdapter.call(Executors.java:511)
	at java.util.concurrent.FutureTask.run(FutureTask.java:266)
	at java.util.concurrent.ThreadPoolExecutor.runWorker(ThreadPoolExecutor.java:1149)
	at java.util.concurrent.ThreadPoolExecutor$Worker.run(ThreadPoolExecutor.java:624)
	at java.lang.Thread.run(Thread.java:748)
Caused by: java.net.SocketTimeoutException: 1000 millis timeout while waiting for channel to be ready for read. ch : java.nio.channels.SocketChannel[connected local=/192.168.36.99:59430 remote=/0.0.0.0:36356]
	at org.apache.hadoop.net.SocketIOWithTimeout.doIO(SocketIOWithTimeout.java:164)
	at org.apache.hadoop.net.SocketInputStream.read(SocketInputStream.java:161)
	at org.apache.hadoop.net.SocketInputStream.read(SocketInputStream.java:131)
	at java.io.FilterInputStream.read(FilterInputStream.java:133)
	at java.io.BufferedInputStream.fill(BufferedInputStream.java:246)
	at java.io.BufferedInputStream.read(BufferedInputStream.java:265)
	at java.io.FilterInputStream.read(FilterInputStream.java:83)
	at java.io.FilterInputStream.read(FilterInputStream.java:83)
	at org.apache.hadoop.ipc.Client$Connection$PingInputStream.read(Client.java:557)
	at java.io.DataInputStream.readInt(DataInputStream.java:387)
	at org.apache.hadoop.ipc.Client$IpcStreams.readResponse(Client.java:1816)
	at org.apache.hadoop.ipc.Client$Connection.receiveRpcResponse(Client.java:1173)
	at org.apache.hadoop.ipc.Client$Connection.run(Client.java:1069)
2019-09-20 09:27:25,195 [02b93e76-e4c6-4b67-b8a4-c536d9ab7224:group-F59E7658E695:LeaderElection138] INFO  server.RaftServerConfigKeys (ConfUtils.java:logGet(43)) - raft.server.staging.catchup.gap = 1000 (default)
2019-09-20 09:27:26,639 [02b93e76-e4c6-4b67-b8a4-c536d9ab7224:group-F59E7658E695:LeaderElection138] INFO  server.RaftServerConfigKeys (ConfUtils.java:logGet(43)) - raft.server.rpc.sleep.time = 25ms (default)
2019-09-20 09:27:25,190 [Thread-991] INFO  impl.RoleInfo (RoleInfo.java:shutdownFollowerState(121)) - 871e6485-c22a-483f-9e07-d19e754685be: shutdown FollowerState
2019-09-20 09:27:26,639 | INFO  | SCMAudit | user=jenkins1000 | ip=192.168.36.99 | op=SEND_HEARTBEAT {datanodeUUID=fd3cd5f9-4f1c-43ea-91b1-b85a1f6c3825, command=[]} | ret=SUCCESS |  
2019-09-20 09:27:26,639 | INFO  | SCMAudit | user=jenkins1000 | ip=192.168.36.99 | op=SEND_HEARTBEAT {datanodeUUID=4840c00f-91d3-4881-a20b-4d0486ca97c0, command=[]} | ret=SUCCESS |  
2019-09-20 09:27:26,639 | INFO  | SCMAudit | user=jenkins1000 | ip=192.168.36.99 | op=SEND_HEARTBEAT {datanodeUUID=871e6485-c22a-483f-9e07-d19e754685be, command=[]} | ret=SUCCESS |  
2019-09-20 09:27:26,639 | INFO  | SCMAudit | user=jenkins1000 | ip=192.168.36.99 | op=SEND_HEARTBEAT {datanodeUUID=492ed782-6ab3-4ad9-945e-06def6ac7c96, command=[]} | ret=SUCCESS |  
2019-09-20 09:27:26,639 | INFO  | SCMAudit | user=jenkins1000 | ip=192.168.36.99 | op=SEND_HEARTBEAT {datanodeUUID=dc7f40a9-6782-42c4-abab-c6b1682da047, command=[]} | ret=SUCCESS |  
2019-09-20 09:27:25,190 [4840c00f-91d3-4881-a20b-4d0486ca97c0:group-5F54FD10FDF3:LeaderElection137] INFO  impl.RaftServerImpl (ServerState.java:setLeader(263)) - 4840c00f-91d3-4881-a20b-4d0486ca97c0:group-5F54FD10FDF3 change Leader from null to 4840c00f-91d3-4881-a20b-4d0486ca97c0 at term 1 for becomeLeader, leader elected after 8653ms
2019-09-20 09:27:26,639 | INFO  | SCMAudit | user=jenkins1000 | ip=192.168.36.99 | op=SEND_HEARTBEAT {datanodeUUID=02b93e76-e4c6-4b67-b8a4-c536d9ab7224, command=[]} | ret=SUCCESS |  
2019-09-20 09:27:26,639 [Thread-991] INFO  impl.RaftServerImpl (RaftServerImpl.java:setRole(171)) - 871e6485-c22a-483f-9e07-d19e754685be:group-3B4B35C05CD0 changes role from FOLLOWER to CANDIDATE at term 0 for changeToCandidate
2019-09-20 09:27:26,639 [02b93e76-e4c6-4b67-b8a4-c536d9ab7224:group-F59E7658E695:LeaderElection138] INFO  server.RaftServerConfigKeys (ConfUtils.java:logGet(43)) - raft.server.write.element-limit = 4096 (default)
2019-09-20 09:27:26,600 [4840c00f-91d3-4881-a20b-4d0486ca97c0-SegmentedRaftLogWorker:Storage Directory /workdir/hadoop-ozone/integration-test/target/test-dir/MiniOzoneClusterImpl-a33d77e5-464b-4d19-8e6b-a171e580bf0e/datanode-3/data/ratis/20a2dcac-b916-4cc9-9497-a92484a46e3a] INFO  impl.RoleInfo (RoleInfo.java:shutdownLeaderState(104)) - 4840c00f-91d3-4881-a20b-4d0486ca97c0: shutdown LeaderState
2019-09-20 09:27:26,600 [fd3cd5f9-4f1c-43ea-91b1-b85a1f6c3825-SegmentedRaftLogWorker:Storage Directory /workdir/hadoop-ozone/integration-test/target/test-dir/MiniOzoneClusterImpl-a33d77e5-464b-4d19-8e6b-a171e580bf0e/datanode-1/data/ratis/77b93e05-6797-4765-a90d-e226b53152ae] INFO  impl.PendingRequests (PendingRequests.java:sendNotLeaderResponses(202)) - fd3cd5f9-4f1c-43ea-91b1-b85a1f6c3825-PendingRequests: sendNotLeaderResponses
2019-09-20 09:27:26,599 [492ed782-6ab3-4ad9-945e-06def6ac7c96:group-AC17CE41094C:LeaderElection144] INFO  impl.RaftServerImpl (ServerState.java:setLeader(263)) - 492ed782-6ab3-4ad9-945e-06def6ac7c96:group-AC17CE41094C change Leader from null to 492ed782-6ab3-4ad9-945e-06def6ac7c96 at term 1 for becomeLeader, leader elected after 8935ms
2019-09-20 09:27:26,599 [492ed782-6ab3-4ad9-945e-06def6ac7c96:group-08449766F3EF:LeaderElection149] INFO  impl.RaftServerImpl (RaftServerImpl.java:setRole(171)) - 492ed782-6ab3-4ad9-945e-06def6ac7c96:group-08449766F3EF changes role from CANDIDATE to LEADER at term 1 for changeToLeader
2019-09-20 09:27:26,660 | INFO  | SCMAudit | user=jenkins1000 | ip=192.168.36.99 | op=SEND_HEARTBEAT {datanodeUUID=fd3cd5f9-4f1c-43ea-91b1-b85a1f6c3825, command=[]} | ret=SUCCESS |  
2019-09-20 09:27:26,660 | INFO  | SCMAudit | user=jenkins1000 | ip=192.168.36.99 | op=SEND_HEARTBEAT {datanodeUUID=492ed782-6ab3-4ad9-945e-06def6ac7c96, command=[]} | ret=SUCCESS |  
2019-09-20 09:27:26,660 [492ed782-6ab3-4ad9-945e-06def6ac7c96:group-08449766F3EF:LeaderElection149] INFO  impl.RaftServerImpl (ServerState.java:setLeader(263)) - 492ed782-6ab3-4ad9-945e-06def6ac7c96:group-08449766F3EF change Leader from null to 492ed782-6ab3-4ad9-945e-06def6ac7c96 at term 1 for becomeLeader, leader elected after 8945ms
2019-09-20 09:27:26,599 [871e6485-c22a-483f-9e07-d19e754685be-SegmentedRaftLogWorker:Storage Directory /workdir/hadoop-ozone/integration-test/target/test-dir/MiniOzoneClusterImpl-a33d77e5-464b-4d19-8e6b-a171e580bf0e/datanode-4/data/ratis/8647ab7e-7571-475f-8de0-5cd29fee94be] INFO  impl.RaftServerImpl (RaftServerImpl.java:lambda$shutdown$3(245)) - 871e6485-c22a-483f-9e07-d19e754685be: shutdown group-5CD29FEE94BE
2019-09-20 09:27:26,660 | INFO  | SCMAudit | user=jenkins1000 | ip=192.168.36.99 | op=SEND_HEARTBEAT {datanodeUUID=871e6485-c22a-483f-9e07-d19e754685be, command=[]} | ret=SUCCESS |  
2019-09-20 09:27:26,599 [IPC Server handler 4 on 36356] WARN  ipc.Server (Server.java:processResponse(1523)) - IPC Server handler 4 on 36356, call Call#183 Retry#0 org.apache.hadoop.ozone.protocol.StorageContainerDatanodeProtocol.sendHeartbeat from 192.168.36.99:59430: output error
2019-09-20 09:27:26,660 | INFO  | SCMAudit | user=jenkins1000 | ip=192.168.36.99 | op=SEND_HEARTBEAT {datanodeUUID=dc7f40a9-6782-42c4-abab-c6b1682da047, command=[]} | ret=SUCCESS |  
2019-09-20 09:27:26,660 | INFO  | SCMAudit | user=jenkins1000 | ip=192.168.36.99 | op=SEND_HEARTBEAT {datanodeUUID=4840c00f-91d3-4881-a20b-4d0486ca97c0, command=[]} | ret=SUCCESS |  
2019-09-20 09:27:26,660 | INFO  | SCMAudit | user=jenkins1000 | ip=192.168.36.99 | op=SEND_HEARTBEAT {datanodeUUID=02b93e76-e4c6-4b67-b8a4-c536d9ab7224, command=[]} | ret=SUCCESS |  
2019-09-20 09:27:26,598 [IPC Server handler 12 on 36356] INFO  ipc.Server (Server.java:run(2695)) - IPC Server handler 12 on 36356 caught an exception
java.nio.channels.ClosedChannelException
	at sun.nio.ch.SocketChannelImpl.ensureWriteOpen(SocketChannelImpl.java:270)
	at sun.nio.ch.SocketChannelImpl.write(SocketChannelImpl.java:461)
	at org.apache.hadoop.ipc.Server.channelWrite(Server.java:3250)
	at org.apache.hadoop.ipc.Server.access$1700(Server.java:137)
	at org.apache.hadoop.ipc.Server$Responder.processResponse(Server.java:1473)
	at org.apache.hadoop.ipc.Server$Responder.doRespond(Server.java:1543)
	at org.apache.hadoop.ipc.Server$Connection.sendResponse(Server.java:2593)
	at org.apache.hadoop.ipc.Server$Connection.access$300(Server.java:1615)
	at org.apache.hadoop.ipc.Server$RpcCall.doResponse(Server.java:940)
	at org.apache.hadoop.ipc.Server$Call.sendResponse(Server.java:774)
	at org.apache.hadoop.ipc.Server$RpcCall.run(Server.java:885)
	at org.apache.hadoop.ipc.Server$RpcCall.run(Server.java:822)
	at java.security.AccessController.doPrivileged(Native Method)
	at javax.security.auth.Subject.doAs(Subject.java:422)
	at org.apache.hadoop.security.UserGroupInformation.doAs(UserGroupInformation.java:1730)
	at org.apache.hadoop.ipc.Server$Handler.run(Server.java:2682)
2019-09-20 09:27:26,598 [fd3cd5f9-4f1c-43ea-91b1-b85a1f6c3825-SegmentedRaftLogWorker:Storage Directory /workdir/hadoop-ozone/integration-test/target/test-dir/MiniOzoneClusterImpl-a33d77e5-464b-4d19-8e6b-a171e580bf0e/datanode-1/data/ratis/1bb5d7e1-a8ef-4e55-b88c-6744324157fb] ERROR segmented.SegmentedRaftLogWorker (SegmentedRaftLogWorker.java:run(323)) - fd3cd5f9-4f1c-43ea-91b1-b85a1f6c3825-SegmentedRaftLogWorker:Storage Directory /workdir/hadoop-ozone/integration-test/target/test-dir/MiniOzoneClusterImpl-a33d77e5-464b-4d19-8e6b-a171e580bf0e/datanode-1/data/ratis/1bb5d7e1-a8ef-4e55-b88c-6744324157fb hit exception
java.lang.OutOfMemoryError: Direct buffer memory
	at java.nio.Bits.reserveMemory(Bits.java:666)
	at java.nio.DirectByteBuffer.<init>(DirectByteBuffer.java:123)
	at java.nio.ByteBuffer.allocateDirect(ByteBuffer.java:311)
	at org.apache.ratis.server.raftlog.segmented.BufferedWriteChannel.<init>(BufferedWriteChannel.java:41)
	at org.apache.ratis.server.raftlog.segmented.SegmentedRaftLogOutputStream.<init>(SegmentedRaftLogOutputStream.java:72)
	at org.apache.ratis.server.raftlog.segmented.SegmentedRaftLogWorker$StartLogSegment.execute(SegmentedRaftLogWorker.java:566)
	at org.apache.ratis.server.raftlog.segmented.SegmentedRaftLogWorker.run(SegmentedRaftLogWorker.java:289)
	at java.lang.Thread.run(Thread.java:748)
2019-09-20 09:27:26,598 [492ed782-6ab3-4ad9-945e-06def6ac7c96-SegmentedRaftLogWorker:Storage Directory /workdir/hadoop-ozone/integration-test/target/test-dir/MiniOzoneClusterImpl-a33d77e5-464b-4d19-8e6b-a171e580bf0e/datanode-2/data/ratis/3dc72507-d271-47be-a7c5-80e08822c518] ERROR segmented.SegmentedRaftLogWorker (SegmentedRaftLogWorker.java:run(323)) - 492ed782-6ab3-4ad9-945e-06def6ac7c96-SegmentedRaftLogWorker:Storage Directory /workdir/hadoop-ozone/integration-test/target/test-dir/MiniOzoneClusterImpl-a33d77e5-464b-4d19-8e6b-a171e580bf0e/datanode-2/data/ratis/3dc72507-d271-47be-a7c5-80e08822c518 hit exception
java.lang.OutOfMemoryError: Direct buffer memory
	at java.nio.Bits.reserveMemory(Bits.java:666)
	at java.nio.DirectByteBuffer.<init>(DirectByteBuffer.java:123)
	at java.nio.ByteBuffer.allocateDirect(ByteBuffer.java:311)
	at org.apache.ratis.server.raftlog.segmented.BufferedWriteChannel.<init>(BufferedWriteChannel.java:41)
	at org.apache.ratis.server.raftlog.segmented.SegmentedRaftLogOutputStream.<init>(SegmentedRaftLogOutputStream.java:72)
	at org.apache.ratis.server.raftlog.segmented.SegmentedRaftLogWorker$StartLogSegment.execute(SegmentedRaftLogWorker.java:566)
	at org.apache.ratis.server.raftlog.segmented.SegmentedRaftLogWorker.run(SegmentedRaftLogWorker.java:289)
	at java.lang.Thread.run(Thread.java:748)
2019-09-20 09:27:26,661 [492ed782-6ab3-4ad9-945e-06def6ac7c96-SegmentedRaftLogWorker:Storage Directory /workdir/hadoop-ozone/integration-test/target/test-dir/MiniOzoneClusterImpl-a33d77e5-464b-4d19-8e6b-a171e580bf0e/datanode-2/data/ratis/3dc72507-d271-47be-a7c5-80e08822c518] INFO  impl.RaftServerImpl (RaftServerImpl.java:lambda$shutdown$3(245)) - 492ed782-6ab3-4ad9-945e-06def6ac7c96: shutdown group-80E08822C518
2019-09-20 09:27:26,598 [871e6485-c22a-483f-9e07-d19e754685be-SegmentedRaftLogWorker:Storage Directory /workdir/hadoop-ozone/integration-test/target/test-dir/MiniOzoneClusterImpl-a33d77e5-464b-4d19-8e6b-a171e580bf0e/datanode-4/data/ratis/3dc72507-d271-47be-a7c5-80e08822c518] ERROR segmented.SegmentedRaftLogWorker (SegmentedRaftLogWorker.java:run(323)) - 871e6485-c22a-483f-9e07-d19e754685be-SegmentedRaftLogWorker:Storage Directory /workdir/hadoop-ozone/integration-test/target/test-dir/MiniOzoneClusterImpl-a33d77e5-464b-4d19-8e6b-a171e580bf0e/datanode-4/data/ratis/3dc72507-d271-47be-a7c5-80e08822c518 hit exception
java.lang.OutOfMemoryError: Direct buffer memory
	at java.nio.Bits.reserveMemory(Bits.java:666)
	at java.nio.DirectByteBuffer.<init>(DirectByteBuffer.java:123)
	at java.nio.ByteBuffer.allocateDirect(ByteBuffer.java:311)
	at org.apache.ratis.server.raftlog.segmented.BufferedWriteChannel.<init>(BufferedWriteChannel.java:41)
	at org.apache.ratis.server.raftlog.segmented.SegmentedRaftLogOutputStream.<init>(SegmentedRaftLogOutputStream.java:72)
	at org.apache.ratis.server.raftlog.segmented.SegmentedRaftLogWorker$StartLogSegment.execute(SegmentedRaftLogWorker.java:566)
	at org.apache.ratis.server.raftlog.segmented.SegmentedRaftLogWorker.run(SegmentedRaftLogWorker.java:289)
	at java.lang.Thread.run(Thread.java:748)
2019-09-20 09:27:26,598 [871e6485-c22a-483f-9e07-d19e754685be-SegmentedRaftLogWorker:Storage Directory /workdir/hadoop-ozone/integration-test/target/test-dir/MiniOzoneClusterImpl-a33d77e5-464b-4d19-8e6b-a171e580bf0e/datanode-4/data/ratis/11c0d268-50d7-478a-8c7c-37c7f6d04707] ERROR segmented.SegmentedRaftLogWorker (SegmentedRaftLogWorker.java:run(323)) - 871e6485-c22a-483f-9e07-d19e754685be-SegmentedRaftLogWorker:Storage Directory /workdir/hadoop-ozone/integration-test/target/test-dir/MiniOzoneClusterImpl-a33d77e5-464b-4d19-8e6b-a171e580bf0e/datanode-4/data/ratis/11c0d268-50d7-478a-8c7c-37c7f6d04707 hit exception
java.lang.OutOfMemoryError: Direct buffer memory
	at java.nio.Bits.reserveMemory(Bits.java:666)
	at java.nio.DirectByteBuffer.<init>(DirectByteBuffer.java:123)
	at java.nio.ByteBuffer.allocateDirect(ByteBuffer.java:311)
	at org.apache.ratis.server.raftlog.segmented.BufferedWriteChannel.<init>(BufferedWriteChannel.java:41)
	at org.apache.ratis.server.raftlog.segmented.SegmentedRaftLogOutputStream.<init>(SegmentedRaftLogOutputStream.java:72)
	at org.apache.ratis.server.raftlog.segmented.SegmentedRaftLogWorker$StartLogSegment.execute(SegmentedRaftLogWorker.java:566)
	at org.apache.ratis.server.raftlog.segmented.SegmentedRaftLogWorker.run(SegmentedRaftLogWorker.java:289)
	at java.lang.Thread.run(Thread.java:748)
2019-09-20 09:27:26,598 [492ed782-6ab3-4ad9-945e-06def6ac7c96-SegmentedRaftLogWorker:Storage Directory /workdir/hadoop-ozone/integration-test/target/test-dir/MiniOzoneClusterImpl-a33d77e5-464b-4d19-8e6b-a171e580bf0e/datanode-2/data/ratis/1cd975fb-5e54-4efb-8123-8a11821451d5] ERROR segmented.SegmentedRaftLogWorker (SegmentedRaftLogWorker.java:run(323)) - 492ed782-6ab3-4ad9-945e-06def6ac7c96-SegmentedRaftLogWorker:Storage Directory /workdir/hadoop-ozone/integration-test/target/test-dir/MiniOzoneClusterImpl-a33d77e5-464b-4d19-8e6b-a171e580bf0e/datanode-2/data/ratis/1cd975fb-5e54-4efb-8123-8a11821451d5 hit exception
java.lang.OutOfMemoryError: Direct buffer memory
	at java.nio.Bits.reserveMemory(Bits.java:666)
	at java.nio.DirectByteBuffer.<init>(DirectByteBuffer.java:123)
	at java.nio.ByteBuffer.allocateDirect(ByteBuffer.java:311)
	at org.apache.ratis.server.raftlog.segmented.BufferedWriteChannel.<init>(BufferedWriteChannel.java:41)
	at org.apache.ratis.server.raftlog.segmented.SegmentedRaftLogOutputStream.<init>(SegmentedRaftLogOutputStream.java:72)
	at org.apache.ratis.server.raftlog.segmented.SegmentedRaftLogWorker$StartLogSegment.execute(SegmentedRaftLogWorker.java:566)
	at org.apache.ratis.server.raftlog.segmented.SegmentedRaftLogWorker.run(SegmentedRaftLogWorker.java:289)
	at java.lang.Thread.run(Thread.java:748)
2019-09-20 09:27:26,598 [4840c00f-91d3-4881-a20b-4d0486ca97c0-SegmentedRaftLogWorker:Storage Directory /workdir/hadoop-ozone/integration-test/target/test-dir/MiniOzoneClusterImpl-a33d77e5-464b-4d19-8e6b-a171e580bf0e/datanode-3/data/ratis/11c0d268-50d7-478a-8c7c-37c7f6d04707] ERROR segmented.SegmentedRaftLogWorker (SegmentedRaftLogWorker.java:run(323)) - 4840c00f-91d3-4881-a20b-4d0486ca97c0-SegmentedRaftLogWorker:Storage Directory /workdir/hadoop-ozone/integration-test/target/test-dir/MiniOzoneClusterImpl-a33d77e5-464b-4d19-8e6b-a171e580bf0e/datanode-3/data/ratis/11c0d268-50d7-478a-8c7c-37c7f6d04707 hit exception
java.lang.OutOfMemoryError: Direct buffer memory
	at java.nio.Bits.reserveMemory(Bits.java:666)
	at java.nio.DirectByteBuffer.<init>(DirectByteBuffer.java:123)
	at java.nio.ByteBuffer.allocateDirect(ByteBuffer.java:311)
	at org.apache.ratis.server.raftlog.segmented.BufferedWriteChannel.<init>(BufferedWriteChannel.java:41)
	at org.apache.ratis.server.raftlog.segmented.SegmentedRaftLogOutputStream.<init>(SegmentedRaftLogOutputStream.java:72)
	at org.apache.ratis.server.raftlog.segmented.SegmentedRaftLogWorker$StartLogSegment.execute(SegmentedRaftLogWorker.java:566)
	at org.apache.ratis.server.raftlog.segmented.SegmentedRaftLogWorker.run(SegmentedRaftLogWorker.java:289)
	at java.lang.Thread.run(Thread.java:748)
2019-09-20 09:27:26,598 [fd3cd5f9-4f1c-43ea-91b1-b85a1f6c3825:group-DC825D6FA250:LeaderElection151] INFO  impl.RaftServerImpl (ServerState.java:setLeader(263)) - fd3cd5f9-4f1c-43ea-91b1-b85a1f6c3825:group-DC825D6FA250 change Leader from null to fd3cd5f9-4f1c-43ea-91b1-b85a1f6c3825 at term 1 for becomeLeader, leader elected after 8757ms
2019-09-20 09:27:26,598 [871e6485-c22a-483f-9e07-d19e754685be-SegmentedRaftLogWorker:Storage Directory /workdir/hadoop-ozone/integration-test/target/test-dir/MiniOzoneClusterImpl-a33d77e5-464b-4d19-8e6b-a171e580bf0e/datanode-4/data/ratis/0b5ce0ef-bf6f-4100-9f61-75fd9d73f3ac] INFO  util.JmxRegister (JmxRegister.java:unregister(73)) - Successfully un-registered JMX Bean with object name Ratis:service=RaftServer,group=group-75FD9D73F3AC,id=871e6485-c22a-483f-9e07-d19e754685be
2019-09-20 09:27:26,598 [fd3cd5f9-4f1c-43ea-91b1-b85a1f6c3825-SegmentedRaftLogWorker:Storage Directory /workdir/hadoop-ozone/integration-test/target/test-dir/MiniOzoneClusterImpl-a33d77e5-464b-4d19-8e6b-a171e580bf0e/datanode-1/data/ratis/cbe5a1bb-434c-4e0c-b710-a51e182927fb] INFO  util.JmxRegister (JmxRegister.java:unregister(73)) - Successfully un-registered JMX Bean with object name Ratis:service=RaftServer,group=group-A51E182927FB,id=fd3cd5f9-4f1c-43ea-91b1-b85a1f6c3825
2019-09-20 09:27:26,597 [492ed782-6ab3-4ad9-945e-06def6ac7c96:group-94590C91F56C:LeaderElection139] INFO  server.RaftServerConfigKeys (ConfUtils.java:logGet(43)) - raft.server.watch.timeout = 10s (default)
2019-09-20 09:27:26,597 [RATISCREATEPIPELINE3] ERROR pipeline.RatisPipelineProvider (RatisPipelineProvider.java:lambda$null$2(182)) - Failed invoke Ratis rpc org.apache.hadoop.hdds.scm.pipeline.RatisPipelineProvider$$Lambda$167/459597877@36be8774 for 4840c00f-91d3-4881-a20b-4d0486ca97c0
org.apache.ratis.protocol.TimeoutIOException: deadline exceeded after 1236197934ns
	at org.apache.ratis.grpc.GrpcUtil.tryUnwrapException(GrpcUtil.java:82)
	at org.apache.ratis.grpc.GrpcUtil.unwrapException(GrpcUtil.java:75)
	at org.apache.ratis.grpc.client.GrpcClientProtocolClient.blockingCall(GrpcClientProtocolClient.java:169)
	at org.apache.ratis.grpc.client.GrpcClientProtocolClient.groupAdd(GrpcClientProtocolClient.java:138)
	at org.apache.ratis.grpc.client.GrpcClientRpc.sendRequest(GrpcClientRpc.java:94)
	at org.apache.ratis.client.impl.RaftClientImpl.sendRequest(RaftClientImpl.java:279)
	at org.apache.ratis.client.impl.RaftClientImpl.groupAdd(RaftClientImpl.java:206)
	at org.apache.hadoop.hdds.scm.pipeline.RatisPipelineProvider.lambda$initializePipeline$1(RatisPipelineProvider.java:141)
	at org.apache.hadoop.hdds.scm.pipeline.RatisPipelineProvider.lambda$null$2(RatisPipelineProvider.java:178)
	at java.util.stream.ForEachOps$ForEachOp$OfRef.accept(ForEachOps.java:184)
	at java.util.ArrayList$ArrayListSpliterator.forEachRemaining(ArrayList.java:1382)
	at java.util.stream.AbstractPipeline.copyInto(AbstractPipeline.java:482)
	at java.util.stream.ForEachOps$ForEachTask.compute(ForEachOps.java:291)
	at java.util.concurrent.CountedCompleter.exec(CountedCompleter.java:731)
	at java.util.concurrent.ForkJoinTask.doExec(ForkJoinTask.java:289)
	at java.util.concurrent.ForkJoinPool$WorkQueue.runTask(ForkJoinPool.java:1056)
	at java.util.concurrent.ForkJoinPool.runWorker(ForkJoinPool.java:1692)
	at java.util.concurrent.ForkJoinWorkerThread.run(ForkJoinWorkerThread.java:157)
Caused by: org.apache.ratis.thirdparty.io.grpc.StatusRuntimeException: DEADLINE_EXCEEDED: deadline exceeded after 1236197934ns
	at org.apache.ratis.thirdparty.io.grpc.stub.ClientCalls.toStatusRuntimeException(ClientCalls.java:233)
	at org.apache.ratis.thirdparty.io.grpc.stub.ClientCalls.getUnchecked(ClientCalls.java:214)
	at org.apache.ratis.thirdparty.io.grpc.stub.ClientCalls.blockingUnaryCall(ClientCalls.java:139)
	at org.apache.ratis.proto.grpc.AdminProtocolServiceGrpc$AdminProtocolServiceBlockingStub.groupManagement(AdminProtocolServiceGrpc.java:274)
	at org.apache.ratis.grpc.client.GrpcClientProtocolClient.lambda$groupAdd$3(GrpcClientProtocolClient.java:140)
	at org.apache.ratis.grpc.client.GrpcClientProtocolClient.blockingCall(GrpcClientProtocolClient.java:167)
	... 15 more
2019-09-20 09:27:26,597 [RATISCREATEPIPELINE2] ERROR pipeline.RatisPipelineProvider (RatisPipelineProvider.java:lambda$null$2(182)) - Failed invoke Ratis rpc org.apache.hadoop.hdds.scm.pipeline.RatisPipelineProvider$$Lambda$167/459597877@36be8774 for 492ed782-6ab3-4ad9-945e-06def6ac7c96
org.apache.ratis.protocol.TimeoutIOException: deadline exceeded after 1233965640ns
	at org.apache.ratis.grpc.GrpcUtil.tryUnwrapException(GrpcUtil.java:82)
	at org.apache.ratis.grpc.GrpcUtil.unwrapException(GrpcUtil.java:75)
	at org.apache.ratis.grpc.client.GrpcClientProtocolClient.blockingCall(GrpcClientProtocolClient.java:169)
	at org.apache.ratis.grpc.client.GrpcClientProtocolClient.groupAdd(GrpcClientProtocolClient.java:138)
	at org.apache.ratis.grpc.client.GrpcClientRpc.sendRequest(GrpcClientRpc.java:94)
	at org.apache.ratis.client.impl.RaftClientImpl.sendRequest(RaftClientImpl.java:279)
	at org.apache.ratis.client.impl.RaftClientImpl.groupAdd(RaftClientImpl.java:206)
	at org.apache.hadoop.hdds.scm.pipeline.RatisPipelineProvider.lambda$initializePipeline$1(RatisPipelineProvider.java:141)
	at org.apache.hadoop.hdds.scm.pipeline.RatisPipelineProvider.lambda$null$2(RatisPipelineProvider.java:178)
	at java.util.stream.ForEachOps$ForEachOp$OfRef.accept(ForEachOps.java:184)
	at java.util.ArrayList$ArrayListSpliterator.forEachRemaining(ArrayList.java:1382)
	at java.util.stream.AbstractPipeline.copyInto(AbstractPipeline.java:482)
	at java.util.stream.ForEachOps$ForEachTask.compute(ForEachOps.java:291)
	at java.util.concurrent.CountedCompleter.exec(CountedCompleter.java:731)
	at java.util.concurrent.ForkJoinTask.doExec(ForkJoinTask.java:289)
	at java.util.concurrent.ForkJoinPool$WorkQueue.runTask(ForkJoinPool.java:1056)
	at java.util.concurrent.ForkJoinPool.runWorker(ForkJoinPool.java:1692)
	at java.util.concurrent.ForkJoinWorkerThread.run(ForkJoinWorkerThread.java:157)
Caused by: org.apache.ratis.thirdparty.io.grpc.StatusRuntimeException: DEADLINE_EXCEEDED: deadline exceeded after 1233965640ns
	at org.apache.ratis.thirdparty.io.grpc.stub.ClientCalls.toStatusRuntimeException(ClientCalls.java:233)
	at org.apache.ratis.thirdparty.io.grpc.stub.ClientCalls.getUnchecked(ClientCalls.java:214)
	at org.apache.ratis.thirdparty.io.grpc.stub.ClientCalls.blockingUnaryCall(ClientCalls.java:139)
	at org.apache.ratis.proto.grpc.AdminProtocolServiceGrpc$AdminProtocolServiceBlockingStub.groupManagement(AdminProtocolServiceGrpc.java:274)
	at org.apache.ratis.grpc.client.GrpcClientProtocolClient.lambda$groupAdd$3(GrpcClientProtocolClient.java:140)
	at org.apache.ratis.grpc.client.GrpcClientProtocolClient.blockingCall(GrpcClientProtocolClient.java:167)
	... 15 more
2019-09-20 09:27:26,597 [pool-49-thread-1] INFO  server.RaftServerConfigKeys (ConfUtils.java:logGet(43)) - raft.server.rpc.timeout.max = 5200ms (custom)
2019-09-20 09:27:26,596 [pool-27-thread-1] INFO  server.RaftServerConfigKeys (ConfUtils.java:logGet(43)) - raft.server.rpc.timeout.max = 5200ms (custom)
2019-09-20 09:27:26,596 [pool-60-thread-1] INFO  server.RaftServerConfigKeys (ConfUtils.java:logGet(43)) - raft.server.rpc.timeout.min = 5s (custom)
2019-09-20 09:27:26,596 [Thread-1019] INFO  impl.RaftServerImpl (RaftServerImpl.java:setRole(171)) - 871e6485-c22a-483f-9e07-d19e754685be:group-D16FDEDC5EA7 changes role from FOLLOWER to CANDIDATE at term 0 for changeToCandidate
2019-09-20 09:27:26,596 [871e6485-c22a-483f-9e07-d19e754685be:group-BCFC671DD016:LeaderElection135] INFO  impl.RaftServerImpl (ServerState.java:setRaftConf(361)) - 871e6485-c22a-483f-9e07-d19e754685be:group-BCFC671DD016 set configuration 0: [871e6485-c22a-483f-9e07-d19e754685be:192.168.36.99:41076], old=null at 0
2019-09-20 09:27:26,359 [Thread-1007] INFO  impl.RaftServerImpl (RaftServerImpl.java:setRole(171)) - fd3cd5f9-4f1c-43ea-91b1-b85a1f6c3825:group-CB71EC238721 changes role from FOLLOWER to CANDIDATE at term 0 for changeToCandidate
2019-09-20 09:27:26,358 [Thread-994] INFO  impl.RoleInfo (RoleInfo.java:updateAndGet(143)) - 02b93e76-e4c6-4b67-b8a4-c536d9ab7224: start LeaderElection
2019-09-20 09:27:26,358 [fd3cd5f9-4f1c-43ea-91b1-b85a1f6c3825:group-E81D6153ACAD:LeaderElection148] INFO  impl.RaftServerImpl (ServerState.java:setLeader(263)) - fd3cd5f9-4f1c-43ea-91b1-b85a1f6c3825:group-E81D6153ACAD change Leader from null to fd3cd5f9-4f1c-43ea-91b1-b85a1f6c3825 at term 1 for becomeLeader, leader elected after 8753ms
2019-09-20 09:27:26,355 [dc7f40a9-6782-42c4-abab-c6b1682da047:group-96E04B49EB22:LeaderElection150] INFO  impl.RaftServerImpl (RaftServerImpl.java:setRole(171)) - dc7f40a9-6782-42c4-abab-c6b1682da047:group-96E04B49EB22 changes role from CANDIDATE to LEADER at term 1 for changeToLeader
2019-09-20 09:27:26,671 [dc7f40a9-6782-42c4-abab-c6b1682da047:group-96E04B49EB22:LeaderElection150] INFO  impl.RaftServerImpl (ServerState.java:setLeader(263)) - dc7f40a9-6782-42c4-abab-c6b1682da047:group-96E04B49EB22 change Leader from null to dc7f40a9-6782-42c4-abab-c6b1682da047 at term 1 for becomeLeader, leader elected after 8710ms
2019-09-20 09:27:26,354 [871e6485-c22a-483f-9e07-d19e754685be:group-DDA34E79B0A6:LeaderElection146] INFO  impl.RaftServerImpl (RaftServerImpl.java:setRole(171)) - 871e6485-c22a-483f-9e07-d19e754685be:group-DDA34E79B0A6 changes role from CANDIDATE to LEADER at term 1 for changeToLeader
2019-09-20 09:27:26,354 [fd3cd5f9-4f1c-43ea-91b1-b85a1f6c3825:group-81AC512AC710:LeaderElection145] INFO  impl.RaftServerImpl (RaftServerImpl.java:setRole(171)) - fd3cd5f9-4f1c-43ea-91b1-b85a1f6c3825:group-81AC512AC710 changes role from CANDIDATE to LEADER at term 1 for changeToLeader
2019-09-20 09:27:26,671 [fd3cd5f9-4f1c-43ea-91b1-b85a1f6c3825:group-81AC512AC710:LeaderElection145] INFO  impl.RaftServerImpl (ServerState.java:setLeader(263)) - fd3cd5f9-4f1c-43ea-91b1-b85a1f6c3825:group-81AC512AC710 change Leader from null to fd3cd5f9-4f1c-43ea-91b1-b85a1f6c3825 at term 1 for becomeLeader, leader elected after 9328ms
2019-09-20 09:27:26,352 [02b93e76-e4c6-4b67-b8a4-c536d9ab7224:group-47261CD7EFDA:LeaderElection140] INFO  impl.RaftServerImpl (RaftServerImpl.java:setRole(171)) - 02b93e76-e4c6-4b67-b8a4-c536d9ab7224:group-47261CD7EFDA changes role from CANDIDATE to LEADER at term 1 for changeToLeader
2019-09-20 09:27:26,671 [02b93e76-e4c6-4b67-b8a4-c536d9ab7224:group-47261CD7EFDA:LeaderElection140] INFO  impl.RaftServerImpl (ServerState.java:setLeader(263)) - 02b93e76-e4c6-4b67-b8a4-c536d9ab7224:group-47261CD7EFDA change Leader from null to 02b93e76-e4c6-4b67-b8a4-c536d9ab7224 at term 1 for becomeLeader, leader elected after 9218ms
2019-09-20 09:27:26,352 [Thread-988] INFO  impl.RoleInfo (RoleInfo.java:updateAndGet(143)) - 492ed782-6ab3-4ad9-945e-06def6ac7c96: start LeaderElection
2019-09-20 09:27:26,352 [Thread-979] INFO  impl.RoleInfo (RoleInfo.java:updateAndGet(143)) - fd3cd5f9-4f1c-43ea-91b1-b85a1f6c3825: start LeaderElection
2019-09-20 09:27:26,351 [02b93e76-e4c6-4b67-b8a4-c536d9ab7224:group-FA2D925D22FE:LeaderElection147] INFO  impl.RaftServerImpl (RaftServerImpl.java:setRole(171)) - 02b93e76-e4c6-4b67-b8a4-c536d9ab7224:group-FA2D925D22FE changes role from CANDIDATE to LEADER at term 1 for changeToLeader
2019-09-20 09:27:26,672 [02b93e76-e4c6-4b67-b8a4-c536d9ab7224:group-FA2D925D22FE:LeaderElection147] INFO  impl.RaftServerImpl (ServerState.java:setLeader(263)) - 02b93e76-e4c6-4b67-b8a4-c536d9ab7224:group-FA2D925D22FE change Leader from null to 02b93e76-e4c6-4b67-b8a4-c536d9ab7224 at term 1 for becomeLeader, leader elected after 9118ms
2019-09-20 09:27:26,351 [java.util.concurrent.ThreadPoolExecutor$Worker@768cf767[State = -1, empty queue]] WARN  server.GrpcLogAppender (GrpcLogAppender.java:timeoutAppendRequest(200)) - GrpcLogAppender(02b93e76-e4c6-4b67-b8a4-c536d9ab7224->871e6485-c22a-483f-9e07-d19e754685be): appendEntries Timeout, request=02b93e76-e4c6-4b67-b8a4-c536d9ab7224->871e6485-c22a-483f-9e07-d19e754685be#1-t1, previous=(t:0, i:0), leaderCommit=-1, initializing? false, entries: size=1, first=(t:1, i:0), CONFIGURATIONENTRY
2019-09-20 09:27:26,351 [java.util.concurrent.ThreadPoolExecutor$Worker@69eb3ddd[State = -1, empty queue]] WARN  server.GrpcLogAppender (GrpcLogAppender.java:timeoutAppendRequest(200)) - GrpcLogAppender(02b93e76-e4c6-4b67-b8a4-c536d9ab7224->4840c00f-91d3-4881-a20b-4d0486ca97c0): appendEntries Timeout, request=02b93e76-e4c6-4b67-b8a4-c536d9ab7224->4840c00f-91d3-4881-a20b-4d0486ca97c0#1-t1, previous=(t:0, i:0), leaderCommit=-1, initializing? false, entries: size=1, first=(t:1, i:0), CONFIGURATIONENTRY
2019-09-20 09:27:26,351 [Thread-973] INFO  impl.RaftServerImpl (RaftServerImpl.java:setRole(171)) - 492ed782-6ab3-4ad9-945e-06def6ac7c96:group-713047729168 changes role from FOLLOWER to CANDIDATE at term 0 for changeToCandidate
2019-09-20 09:27:26,351 [Thread-982] INFO  impl.RaftServerImpl (RaftServerImpl.java:setRole(171)) - 871e6485-c22a-483f-9e07-d19e754685be:group-919889FFF3B7 changes role from FOLLOWER to CANDIDATE at term 0 for changeToCandidate
2019-09-20 09:27:26,351 [grpc-default-executor-0] INFO  impl.FollowerInfo (FollowerInfo.java:lambda$new$0(50)) - 02b93e76-e4c6-4b67-b8a4-c536d9ab7224->492ed782-6ab3-4ad9-945e-06def6ac7c96: nextIndex: updateUnconditionally 1 -> 0
2019-09-20 09:27:26,348 [grpc-default-executor-1] INFO  impl.FollowerInfo (FollowerInfo.java:lambda$new$0(50)) - 02b93e76-e4c6-4b67-b8a4-c536d9ab7224->4840c00f-91d3-4881-a20b-4d0486ca97c0: nextIndex: updateUnconditionally 1 -> 0
2019-09-20 09:27:26,351 [Thread-985] INFO  impl.RoleInfo (RoleInfo.java:updateAndGet(143)) - 02b93e76-e4c6-4b67-b8a4-c536d9ab7224: start LeaderElection
2019-09-20 09:27:26,351 [Thread-976] INFO  impl.RoleInfo (RoleInfo.java:updateAndGet(143)) - 4840c00f-91d3-4881-a20b-4d0486ca97c0: start LeaderElection
2019-09-20 09:27:26,348 [871e6485-c22a-483f-9e07-d19e754685be-SegmentedRaftLogWorker:Storage Directory /workdir/hadoop-ozone/integration-test/target/test-dir/MiniOzoneClusterImpl-a33d77e5-464b-4d19-8e6b-a171e580bf0e/datanode-4/data/ratis/98f4618a-d07b-4bfe-9325-2bc81ea4ec18] ERROR segmented.SegmentedRaftLogWorker (SegmentedRaftLogWorker.java:run(323)) - 871e6485-c22a-483f-9e07-d19e754685be-SegmentedRaftLogWorker:Storage Directory /workdir/hadoop-ozone/integration-test/target/test-dir/MiniOzoneClusterImpl-a33d77e5-464b-4d19-8e6b-a171e580bf0e/datanode-4/data/ratis/98f4618a-d07b-4bfe-9325-2bc81ea4ec18 hit exception
java.lang.OutOfMemoryError: Direct buffer memory
	at java.nio.Bits.reserveMemory(Bits.java:666)
	at java.nio.DirectByteBuffer.<init>(DirectByteBuffer.java:123)
	at java.nio.ByteBuffer.allocateDirect(ByteBuffer.java:311)
	at org.apache.ratis.server.raftlog.segmented.BufferedWriteChannel.<init>(BufferedWriteChannel.java:41)
	at org.apache.ratis.server.raftlog.segmented.SegmentedRaftLogOutputStream.<init>(SegmentedRaftLogOutputStream.java:72)
	at org.apache.ratis.server.raftlog.segmented.SegmentedRaftLogWorker$StartLogSegment.execute(SegmentedRaftLogWorker.java:566)
	at org.apache.ratis.server.raftlog.segmented.SegmentedRaftLogWorker.run(SegmentedRaftLogWorker.java:289)
	at java.lang.Thread.run(Thread.java:748)
2019-09-20 09:27:26,674 [871e6485-c22a-483f-9e07-d19e754685be-SegmentedRaftLogWorker:Storage Directory /workdir/hadoop-ozone/integration-test/target/test-dir/MiniOzoneClusterImpl-a33d77e5-464b-4d19-8e6b-a171e580bf0e/datanode-4/data/ratis/98f4618a-d07b-4bfe-9325-2bc81ea4ec18] INFO  impl.RaftServerImpl (RaftServerImpl.java:lambda$shutdown$3(245)) - 871e6485-c22a-483f-9e07-d19e754685be: shutdown group-2BC81EA4EC18
2019-09-20 09:27:26,117 [fd3cd5f9-4f1c-43ea-91b1-b85a1f6c3825:group-90579A7A1E42:LeaderElection130] INFO  impl.RaftServerImpl (ServerState.java:setRaftConf(361)) - fd3cd5f9-4f1c-43ea-91b1-b85a1f6c3825:group-90579A7A1E42 set configuration 0: [fd3cd5f9-4f1c-43ea-91b1-b85a1f6c3825:192.168.36.99:39114], old=null at 0
2019-09-20 09:27:25,866 [871e6485-c22a-483f-9e07-d19e754685be:group-9A08C49E7350:LeaderElection156] INFO  impl.RoleInfo (RoleInfo.java:shutdownLeaderElection(134)) - 871e6485-c22a-483f-9e07-d19e754685be: shutdown LeaderElection
2019-09-20 09:27:26,675 [871e6485-c22a-483f-9e07-d19e754685be:group-9A08C49E7350:LeaderElection156] INFO  impl.RaftServerImpl (RaftServerImpl.java:setRole(171)) - 871e6485-c22a-483f-9e07-d19e754685be:group-9A08C49E7350 changes role from CANDIDATE to LEADER at term 1 for changeToLeader
2019-09-20 09:27:25,862 [4840c00f-91d3-4881-a20b-4d0486ca97c0:group-C4F071EB70CB:LeaderElection133] INFO  impl.RaftServerImpl (ServerState.java:setRaftConf(361)) - 4840c00f-91d3-4881-a20b-4d0486ca97c0:group-C4F071EB70CB set configuration 0: [4840c00f-91d3-4881-a20b-4d0486ca97c0:192.168.36.99:41473], old=null at 0
2019-09-20 09:27:25,862 [871e6485-c22a-483f-9e07-d19e754685be:group-CC18D9B0FA0B:LeaderElection132] INFO  segmented.SegmentedRaftLogWorker (SegmentedRaftLogWorker.java:startLogSegment(380)) - 871e6485-c22a-483f-9e07-d19e754685be-SegmentedRaftLogWorker:Storage Directory /workdir/hadoop-ozone/integration-test/target/test-dir/MiniOzoneClusterImpl-a33d77e5-464b-4d19-8e6b-a171e580bf0e/datanode-4/data/ratis/2bbcdbf6-b262-40cb-807a-cc18d9b0fa0b: Starting segment from index:0
2019-09-20 09:27:25,862 [871e6485-c22a-483f-9e07-d19e754685be:group-1CEED274464E:LeaderElection134] INFO  segmented.SegmentedRaftLogWorker (SegmentedRaftLogWorker.java:startLogSegment(380)) - 871e6485-c22a-483f-9e07-d19e754685be-SegmentedRaftLogWorker:Storage Directory /workdir/hadoop-ozone/integration-test/target/test-dir/MiniOzoneClusterImpl-a33d77e5-464b-4d19-8e6b-a171e580bf0e/datanode-4/data/ratis/17619cbc-8a06-418c-aec1-1ceed274464e: Starting segment from index:0
2019-09-20 09:27:25,862 [4840c00f-91d3-4881-a20b-4d0486ca97c0:group-F2908B59D0C1:LeaderElection157] INFO  impl.LeaderElection (LeaderElection.java:askForVotes(181)) - 4840c00f-91d3-4881-a20b-4d0486ca97c0:group-F2908B59D0C1:LeaderElection157: begin an election at term 1 for -1: [4840c00f-91d3-4881-a20b-4d0486ca97c0:192.168.36.99:41473], old=null
2019-09-20 09:27:25,862 [4840c00f-91d3-4881-a20b-4d0486ca97c0:group-1E855A8E02DA:LeaderElection155] INFO  impl.LeaderElection (LeaderElection.java:askForVotes(181)) - 4840c00f-91d3-4881-a20b-4d0486ca97c0:group-1E855A8E02DA:LeaderElection155: begin an election at term 1 for -1: [4840c00f-91d3-4881-a20b-4d0486ca97c0:192.168.36.99:41473], old=null
2019-09-20 09:27:25,611 [871e6485-c22a-483f-9e07-d19e754685be-SegmentedRaftLogWorker:Storage Directory /workdir/hadoop-ozone/integration-test/target/test-dir/MiniOzoneClusterImpl-a33d77e5-464b-4d19-8e6b-a171e580bf0e/datanode-4/data/ratis/2366d198-bb52-4925-91ff-9ffbfdc002d6] INFO  impl.RaftServerImpl (RaftServerImpl.java:lambda$shutdown$3(245)) - 871e6485-c22a-483f-9e07-d19e754685be: shutdown group-9FFBFDC002D6
2019-09-20 09:27:25,610 [492ed782-6ab3-4ad9-945e-06def6ac7c96:group-7160E3B153A6:LeaderElection152] INFO  impl.RaftServerImpl (RaftServerImpl.java:setRole(171)) - 492ed782-6ab3-4ad9-945e-06def6ac7c96:group-7160E3B153A6 changes role from CANDIDATE to LEADER at term 1 for changeToLeader
2019-09-20 09:27:26,676 [492ed782-6ab3-4ad9-945e-06def6ac7c96:group-7160E3B153A6:LeaderElection152] INFO  impl.RaftServerImpl (ServerState.java:setLeader(263)) - 492ed782-6ab3-4ad9-945e-06def6ac7c96:group-7160E3B153A6 change Leader from null to 492ed782-6ab3-4ad9-945e-06def6ac7c96 at term 1 for becomeLeader, leader elected after 8894ms
2019-09-20 09:27:25,610 [492ed782-6ab3-4ad9-945e-06def6ac7c96:group-68C11BF58E25:LeaderElection154] INFO  impl.RoleInfo (RoleInfo.java:shutdownLeaderElection(134)) - 492ed782-6ab3-4ad9-945e-06def6ac7c96: shutdown LeaderElection
2019-09-20 09:27:26,677 [492ed782-6ab3-4ad9-945e-06def6ac7c96:group-68C11BF58E25:LeaderElection154] INFO  impl.RaftServerImpl (RaftServerImpl.java:setRole(171)) - 492ed782-6ab3-4ad9-945e-06def6ac7c96:group-68C11BF58E25 changes role from CANDIDATE to LEADER at term 1 for changeToLeader
2019-09-20 09:27:25,610 [871e6485-c22a-483f-9e07-d19e754685be:group-B9897AFDAD88:LeaderElection153] INFO  impl.RoleInfo (RoleInfo.java:shutdownLeaderElection(134)) - 871e6485-c22a-483f-9e07-d19e754685be: shutdown LeaderElection
2019-09-20 09:27:25,610 [pool-38-thread-1] INFO  server.RaftServerConfigKeys (ConfUtils.java:logGet(43)) - raft.server.retrycache.expirytime = 600000ms (custom)
2019-09-20 09:27:25,609 [Thread-967] INFO  impl.RoleInfo (RoleInfo.java:updateAndGet(143)) - fd3cd5f9-4f1c-43ea-91b1-b85a1f6c3825: start LeaderElection
2019-09-20 09:27:25,609 [02b93e76-e4c6-4b67-b8a4-c536d9ab7224:group-C96EC6167C50:LeaderElection143] INFO  server.RaftServerConfigKeys (ConfUtils.java:logGet(43)) - raft.server.staging.catchup.gap = 1000 (default)
2019-09-20 09:27:25,609 [Thread-958] INFO  impl.RoleInfo (RoleInfo.java:updateAndGet(143)) - fd3cd5f9-4f1c-43ea-91b1-b85a1f6c3825: start LeaderElection
2019-09-20 09:27:25,609 [871e6485-c22a-483f-9e07-d19e754685be:group-FCBB119D2DA8:LeaderElection142] INFO  server.RaftServerConfigKeys (ConfUtils.java:logGet(43)) - raft.server.rpc.sleep.time = 25ms (default)
2019-09-20 09:27:25,609 [Thread-961] INFO  impl.RoleInfo (RoleInfo.java:updateAndGet(143)) - 871e6485-c22a-483f-9e07-d19e754685be: start LeaderElection
2019-09-20 09:27:25,609 [492ed782-6ab3-4ad9-945e-06def6ac7c96:group-890D473D7C7A:LeaderElection141] INFO  server.RaftServerConfigKeys (ConfUtils.java:logGet(43)) - raft.server.staging.catchup.gap = 1000 (default)
2019-09-20 09:27:25,608 [fd3cd5f9-4f1c-43ea-91b1-b85a1f6c3825-SegmentedRaftLogWorker:Storage Directory /workdir/hadoop-ozone/integration-test/target/test-dir/MiniOzoneClusterImpl-a33d77e5-464b-4d19-8e6b-a171e580bf0e/datanode-1/data/ratis/bc08d00b-71aa-4c23-863f-3f7c9b11228d] INFO  impl.StateMachineUpdater (StateMachineUpdater.java:stopAndJoin(115)) - StateMachineUpdater:fd3cd5f9-4f1c-43ea-91b1-b85a1f6c3825:group-3F7C9B11228D: set stopIndex = -1
2019-09-20 09:27:25,608 [Thread-940] INFO  impl.RaftServerImpl (RaftServerImpl.java:setRole(171)) - fd3cd5f9-4f1c-43ea-91b1-b85a1f6c3825:group-EFBA38E2D881 changes role from FOLLOWER to CANDIDATE at term 0 for changeToCandidate
2019-09-20 09:27:26,678 [fd3cd5f9-4f1c-43ea-91b1-b85a1f6c3825-SegmentedRaftLogWorker:Storage Directory /workdir/hadoop-ozone/integration-test/target/test-dir/MiniOzoneClusterImpl-a33d77e5-464b-4d19-8e6b-a171e580bf0e/datanode-1/data/ratis/bc08d00b-71aa-4c23-863f-3f7c9b11228d] INFO  impl.RaftServerImpl (ServerState.java:close(394)) - fd3cd5f9-4f1c-43ea-91b1-b85a1f6c3825:group-3F7C9B11228D closes. The last applied log index is -1
2019-09-20 09:27:26,678 [492ed782-6ab3-4ad9-945e-06def6ac7c96:group-890D473D7C7A:LeaderElection141] INFO  server.RaftServerConfigKeys (ConfUtils.java:logGet(43)) - raft.server.rpc.sleep.time = 25ms (default)
2019-09-20 09:27:26,678 [871e6485-c22a-483f-9e07-d19e754685be:group-FCBB119D2DA8:LeaderElection142] INFO  server.RaftServerConfigKeys (ConfUtils.java:logGet(43)) - raft.server.write.element-limit = 4096 (default)
2019-09-20 09:27:26,677 [02b93e76-e4c6-4b67-b8a4-c536d9ab7224:group-C96EC6167C50:LeaderElection143] INFO  server.RaftServerConfigKeys (ConfUtils.java:logGet(43)) - raft.server.rpc.sleep.time = 25ms (default)
2019-09-20 09:27:26,677 [pool-38-thread-1] INFO  impl.RaftServerImpl (RaftServerImpl.java:start(180)) - fd3cd5f9-4f1c-43ea-91b1-b85a1f6c3825: start group-449CD00D9C0A
2019-09-20 09:27:26,677 [871e6485-c22a-483f-9e07-d19e754685be:group-B9897AFDAD88:LeaderElection153] INFO  impl.RaftServerImpl (RaftServerImpl.java:setRole(171)) - 871e6485-c22a-483f-9e07-d19e754685be:group-B9897AFDAD88 changes role from CANDIDATE to LEADER at term 1 for changeToLeader
2019-09-20 09:27:26,680 [871e6485-c22a-483f-9e07-d19e754685be:group-B9897AFDAD88:LeaderElection153] INFO  impl.RaftServerImpl (ServerState.java:setLeader(263)) - 871e6485-c22a-483f-9e07-d19e754685be:group-B9897AFDAD88 change Leader from null to 871e6485-c22a-483f-9e07-d19e754685be at term 1 for becomeLeader, leader elected after 8627ms
2019-09-20 09:27:26,677 [492ed782-6ab3-4ad9-945e-06def6ac7c96:group-68C11BF58E25:LeaderElection154] INFO  impl.RaftServerImpl (ServerState.java:setLeader(263)) - 492ed782-6ab3-4ad9-945e-06def6ac7c96:group-68C11BF58E25 change Leader from null to 492ed782-6ab3-4ad9-945e-06def6ac7c96 at term 1 for becomeLeader, leader elected after 8775ms
2019-09-20 09:27:26,676 [492ed782-6ab3-4ad9-945e-06def6ac7c96:group-7160E3B153A6:LeaderElection152] INFO  server.RaftServerConfigKeys (ConfUtils.java:logGet(43)) - raft.server.staging.catchup.gap = 1000 (default)
2019-09-20 09:27:26,676 [871e6485-c22a-483f-9e07-d19e754685be-SegmentedRaftLogWorker:Storage Directory /workdir/hadoop-ozone/integration-test/target/test-dir/MiniOzoneClusterImpl-a33d77e5-464b-4d19-8e6b-a171e580bf0e/datanode-4/data/ratis/2366d198-bb52-4925-91ff-9ffbfdc002d6] INFO  util.JmxRegister (JmxRegister.java:unregister(73)) - Successfully un-registered JMX Bean with object name Ratis:service=RaftServer,group=group-9FFBFDC002D6,id=871e6485-c22a-483f-9e07-d19e754685be
2019-09-20 09:27:26,676 [871e6485-c22a-483f-9e07-d19e754685be:group-1CEED274464E:LeaderElection134] INFO  impl.RaftServerImpl (ServerState.java:setRaftConf(361)) - 871e6485-c22a-483f-9e07-d19e754685be:group-1CEED274464E set configuration 0: [871e6485-c22a-483f-9e07-d19e754685be:192.168.36.99:41076], old=null at 0
2019-09-20 09:27:26,676 [4840c00f-91d3-4881-a20b-4d0486ca97c0:group-1E855A8E02DA:LeaderElection155] INFO  impl.RoleInfo (RoleInfo.java:shutdownLeaderElection(134)) - 4840c00f-91d3-4881-a20b-4d0486ca97c0: shutdown LeaderElection
2019-09-20 09:27:26,676 [871e6485-c22a-483f-9e07-d19e754685be:group-CC18D9B0FA0B:LeaderElection132] INFO  impl.RaftServerImpl (ServerState.java:setRaftConf(361)) - 871e6485-c22a-483f-9e07-d19e754685be:group-CC18D9B0FA0B set configuration 0: [871e6485-c22a-483f-9e07-d19e754685be:192.168.36.99:41076], old=null at 0
2019-09-20 09:27:26,676 [4840c00f-91d3-4881-a20b-4d0486ca97c0:group-F2908B59D0C1:LeaderElection157] INFO  impl.RoleInfo (RoleInfo.java:shutdownLeaderElection(134)) - 4840c00f-91d3-4881-a20b-4d0486ca97c0: shutdown LeaderElection
2019-09-20 09:27:26,675 [871e6485-c22a-483f-9e07-d19e754685be:group-9A08C49E7350:LeaderElection156] INFO  impl.RaftServerImpl (ServerState.java:setLeader(263)) - 871e6485-c22a-483f-9e07-d19e754685be:group-9A08C49E7350 change Leader from null to 871e6485-c22a-483f-9e07-d19e754685be at term 1 for becomeLeader, leader elected after 7870ms
2019-09-20 09:27:26,674 [871e6485-c22a-483f-9e07-d19e754685be-SegmentedRaftLogWorker:Storage Directory /workdir/hadoop-ozone/integration-test/target/test-dir/MiniOzoneClusterImpl-a33d77e5-464b-4d19-8e6b-a171e580bf0e/datanode-4/data/ratis/98f4618a-d07b-4bfe-9325-2bc81ea4ec18] INFO  util.JmxRegister (JmxRegister.java:unregister(73)) - Successfully un-registered JMX Bean with object name Ratis:service=RaftServer,group=group-2BC81EA4EC18,id=871e6485-c22a-483f-9e07-d19e754685be
2019-09-20 09:27:26,673 [Thread-982] INFO  impl.RoleInfo (RoleInfo.java:updateAndGet(143)) - 871e6485-c22a-483f-9e07-d19e754685be: start LeaderElection
2019-09-20 09:27:26,673 [Thread-973] INFO  impl.RoleInfo (RoleInfo.java:updateAndGet(143)) - 492ed782-6ab3-4ad9-945e-06def6ac7c96: start LeaderElection
2019-09-20 09:27:26,672 [02b93e76-e4c6-4b67-b8a4-c536d9ab7224:group-FA2D925D22FE:LeaderElection147] INFO  server.RaftServerConfigKeys (ConfUtils.java:logGet(43)) - raft.server.staging.catchup.gap = 1000 (default)
2019-09-20 09:27:26,672 [02b93e76-e4c6-4b67-b8a4-c536d9ab7224:group-47261CD7EFDA:LeaderElection140] INFO  server.RaftServerConfigKeys (ConfUtils.java:logGet(43)) - raft.server.staging.catchup.gap = 1000 (default)
2019-09-20 09:27:26,671 [fd3cd5f9-4f1c-43ea-91b1-b85a1f6c3825:group-81AC512AC710:LeaderElection145] INFO  server.RaftServerConfigKeys (ConfUtils.java:logGet(43)) - raft.server.staging.catchup.gap = 1000 (default)
2019-09-20 09:27:26,671 [871e6485-c22a-483f-9e07-d19e754685be:group-DDA34E79B0A6:LeaderElection146] INFO  impl.RaftServerImpl (ServerState.java:setLeader(263)) - 871e6485-c22a-483f-9e07-d19e754685be:group-DDA34E79B0A6 change Leader from null to 871e6485-c22a-483f-9e07-d19e754685be at term 1 for becomeLeader, leader elected after 9411ms
2019-09-20 09:27:26,671 [dc7f40a9-6782-42c4-abab-c6b1682da047:group-96E04B49EB22:LeaderElection150] INFO  server.RaftServerConfigKeys (ConfUtils.java:logGet(43)) - raft.server.staging.catchup.gap = 1000 (default)
2019-09-20 09:27:26,671 [fd3cd5f9-4f1c-43ea-91b1-b85a1f6c3825:group-E81D6153ACAD:LeaderElection148] INFO  server.RaftServerConfigKeys (ConfUtils.java:logGet(43)) - raft.server.staging.catchup.gap = 1000 (default)
2019-09-20 09:27:26,670 [Thread-1007] INFO  impl.RoleInfo (RoleInfo.java:updateAndGet(143)) - fd3cd5f9-4f1c-43ea-91b1-b85a1f6c3825: start LeaderElection
2019-09-20 09:27:26,667 [Thread-1019] INFO  impl.RoleInfo (RoleInfo.java:updateAndGet(143)) - 871e6485-c22a-483f-9e07-d19e754685be: start LeaderElection
2019-09-20 09:27:26,667 [pool-60-thread-1] INFO  server.RaftServerConfigKeys (ConfUtils.java:logGet(43)) - raft.server.rpc.timeout.max = 5200ms (custom)
2019-09-20 09:27:26,667 [pool-27-thread-1] INFO  server.RaftServerConfigKeys (ConfUtils.java:logGet(43)) - raft.server.rpcslowness.timeout = 10s (custom)
2019-09-20 09:27:26,683 [pool-27-thread-1] INFO  server.RaftServerConfigKeys (ConfUtils.java:logGet(43)) - raft.server.sleep.deviation.threshold = 300 (default)
2019-09-20 09:27:26,667 [pool-49-thread-1] INFO  server.RaftServerConfigKeys (ConfUtils.java:logGet(43)) - raft.server.rpcslowness.timeout = 10s (custom)
2019-09-20 09:27:26,683 [pool-49-thread-1] INFO  server.RaftServerConfigKeys (ConfUtils.java:logGet(43)) - raft.server.sleep.deviation.threshold = 300 (default)
2019-09-20 09:27:26,663 [492ed782-6ab3-4ad9-945e-06def6ac7c96:group-94590C91F56C:LeaderElection139] INFO  server.RaftServerConfigKeys (ConfUtils.java:logGet(43)) - raft.server.watch.timeout.denomination = 1s (default)
2019-09-20 09:27:26,663 [fd3cd5f9-4f1c-43ea-91b1-b85a1f6c3825-SegmentedRaftLogWorker:Storage Directory /workdir/hadoop-ozone/integration-test/target/test-dir/MiniOzoneClusterImpl-a33d77e5-464b-4d19-8e6b-a171e580bf0e/datanode-1/data/ratis/cbe5a1bb-434c-4e0c-b710-a51e182927fb] INFO  impl.RoleInfo (RoleInfo.java:shutdownLeaderState(104)) - fd3cd5f9-4f1c-43ea-91b1-b85a1f6c3825: shutdown LeaderState
2019-09-20 09:27:26,662 [871e6485-c22a-483f-9e07-d19e754685be-SegmentedRaftLogWorker:Storage Directory /workdir/hadoop-ozone/integration-test/target/test-dir/MiniOzoneClusterImpl-a33d77e5-464b-4d19-8e6b-a171e580bf0e/datanode-4/data/ratis/0b5ce0ef-bf6f-4100-9f61-75fd9d73f3ac] INFO  impl.RoleInfo (RoleInfo.java:shutdownLeaderState(104)) - 871e6485-c22a-483f-9e07-d19e754685be: shutdown LeaderState
2019-09-20 09:27:26,662 [fd3cd5f9-4f1c-43ea-91b1-b85a1f6c3825:group-DC825D6FA250:LeaderElection151] INFO  server.RaftServerConfigKeys (ConfUtils.java:logGet(43)) - raft.server.staging.catchup.gap = 1000 (default)
2019-09-20 09:27:26,662 [4840c00f-91d3-4881-a20b-4d0486ca97c0-SegmentedRaftLogWorker:Storage Directory /workdir/hadoop-ozone/integration-test/target/test-dir/MiniOzoneClusterImpl-a33d77e5-464b-4d19-8e6b-a171e580bf0e/datanode-3/data/ratis/11c0d268-50d7-478a-8c7c-37c7f6d04707] INFO  impl.RaftServerImpl (RaftServerImpl.java:lambda$shutdown$3(245)) - 4840c00f-91d3-4881-a20b-4d0486ca97c0: shutdown group-37C7F6D04707
2019-09-20 09:27:26,662 [492ed782-6ab3-4ad9-945e-06def6ac7c96-SegmentedRaftLogWorker:Storage Directory /workdir/hadoop-ozone/integration-test/target/test-dir/MiniOzoneClusterImpl-a33d77e5-464b-4d19-8e6b-a171e580bf0e/datanode-2/data/ratis/1cd975fb-5e54-4efb-8123-8a11821451d5] INFO  impl.RaftServerImpl (RaftServerImpl.java:lambda$shutdown$3(245)) - 492ed782-6ab3-4ad9-945e-06def6ac7c96: shutdown group-8A11821451D5
2019-09-20 09:27:26,662 [871e6485-c22a-483f-9e07-d19e754685be-SegmentedRaftLogWorker:Storage Directory /workdir/hadoop-ozone/integration-test/target/test-dir/MiniOzoneClusterImpl-a33d77e5-464b-4d19-8e6b-a171e580bf0e/datanode-4/data/ratis/11c0d268-50d7-478a-8c7c-37c7f6d04707] INFO  impl.RaftServerImpl (RaftServerImpl.java:lambda$shutdown$3(245)) - 871e6485-c22a-483f-9e07-d19e754685be: shutdown group-37C7F6D04707
2019-09-20 09:27:26,661 [871e6485-c22a-483f-9e07-d19e754685be-SegmentedRaftLogWorker:Storage Directory /workdir/hadoop-ozone/integration-test/target/test-dir/MiniOzoneClusterImpl-a33d77e5-464b-4d19-8e6b-a171e580bf0e/datanode-4/data/ratis/3dc72507-d271-47be-a7c5-80e08822c518] INFO  impl.RaftServerImpl (RaftServerImpl.java:lambda$shutdown$3(245)) - 871e6485-c22a-483f-9e07-d19e754685be: shutdown group-80E08822C518
2019-09-20 09:27:26,661 [492ed782-6ab3-4ad9-945e-06def6ac7c96-SegmentedRaftLogWorker:Storage Directory /workdir/hadoop-ozone/integration-test/target/test-dir/MiniOzoneClusterImpl-a33d77e5-464b-4d19-8e6b-a171e580bf0e/datanode-2/data/ratis/3dc72507-d271-47be-a7c5-80e08822c518] INFO  util.JmxRegister (JmxRegister.java:unregister(73)) - Successfully un-registered JMX Bean with object name Ratis:service=RaftServer,group=group-80E08822C518,id=492ed782-6ab3-4ad9-945e-06def6ac7c96
2019-09-20 09:27:26,661 [fd3cd5f9-4f1c-43ea-91b1-b85a1f6c3825-SegmentedRaftLogWorker:Storage Directory /workdir/hadoop-ozone/integration-test/target/test-dir/MiniOzoneClusterImpl-a33d77e5-464b-4d19-8e6b-a171e580bf0e/datanode-1/data/ratis/1bb5d7e1-a8ef-4e55-b88c-6744324157fb] INFO  impl.RaftServerImpl (RaftServerImpl.java:lambda$shutdown$3(245)) - fd3cd5f9-4f1c-43ea-91b1-b85a1f6c3825: shutdown group-6744324157FB
2019-09-20 09:27:26,660 [IPC Server handler 10 on 36356] WARN  ipc.Server (Server.java:processResponse(1523)) - IPC Server handler 10 on 36356, call Call#186 Retry#0 org.apache.hadoop.ozone.protocol.StorageContainerDatanodeProtocol.sendHeartbeat from 192.168.36.99:59430: output error
2019-09-20 09:27:26,660 [IPC Server handler 4 on 36356] INFO  ipc.Server (Server.java:run(2695)) - IPC Server handler 4 on 36356 caught an exception
java.nio.channels.ClosedChannelException
	at sun.nio.ch.SocketChannelImpl.ensureWriteOpen(SocketChannelImpl.java:270)
	at sun.nio.ch.SocketChannelImpl.write(SocketChannelImpl.java:461)
	at org.apache.hadoop.ipc.Server.channelWrite(Server.java:3250)
	at org.apache.hadoop.ipc.Server.access$1700(Server.java:137)
	at org.apache.hadoop.ipc.Server$Responder.processResponse(Server.java:1473)
	at org.apache.hadoop.ipc.Server$Responder.doRespond(Server.java:1543)
	at org.apache.hadoop.ipc.Server$Connection.sendResponse(Server.java:2593)
	at org.apache.hadoop.ipc.Server$Connection.access$300(Server.java:1615)
	at org.apache.hadoop.ipc.Server$RpcCall.doResponse(Server.java:940)
	at org.apache.hadoop.ipc.Server$Call.sendResponse(Server.java:774)
	at org.apache.hadoop.ipc.Server$RpcCall.run(Server.java:885)
	at org.apache.hadoop.ipc.Server$RpcCall.run(Server.java:822)
	at java.security.AccessController.doPrivileged(Native Method)
	at javax.security.auth.Subject.doAs(Subject.java:422)
	at org.apache.hadoop.security.UserGroupInformation.doAs(UserGroupInformation.java:1730)
	at org.apache.hadoop.ipc.Server$Handler.run(Server.java:2682)
2019-09-20 09:27:26,660 [871e6485-c22a-483f-9e07-d19e754685be-SegmentedRaftLogWorker:Storage Directory /workdir/hadoop-ozone/integration-test/target/test-dir/MiniOzoneClusterImpl-a33d77e5-464b-4d19-8e6b-a171e580bf0e/datanode-4/data/ratis/8647ab7e-7571-475f-8de0-5cd29fee94be] INFO  util.JmxRegister (JmxRegister.java:unregister(73)) - Successfully un-registered JMX Bean with object name Ratis:service=RaftServer,group=group-5CD29FEE94BE,id=871e6485-c22a-483f-9e07-d19e754685be
2019-09-20 09:27:26,685 [871e6485-c22a-483f-9e07-d19e754685be-SegmentedRaftLogWorker:Storage Directory /workdir/hadoop-ozone/integration-test/target/test-dir/MiniOzoneClusterImpl-a33d77e5-464b-4d19-8e6b-a171e580bf0e/datanode-4/data/ratis/8647ab7e-7571-475f-8de0-5cd29fee94be] INFO  impl.RoleInfo (RoleInfo.java:shutdownLeaderState(104)) - 871e6485-c22a-483f-9e07-d19e754685be: shutdown LeaderState
2019-09-20 09:27:26,660 [492ed782-6ab3-4ad9-945e-06def6ac7c96:group-08449766F3EF:LeaderElection149] INFO  server.RaftServerConfigKeys (ConfUtils.java:logGet(43)) - raft.server.staging.catchup.gap = 1000 (default)
2019-09-20 09:27:26,660 [492ed782-6ab3-4ad9-945e-06def6ac7c96:group-AC17CE41094C:LeaderElection144] INFO  server.RaftServerConfigKeys (ConfUtils.java:logGet(43)) - raft.server.staging.catchup.gap = 1000 (default)
2019-09-20 09:27:26,659 [fd3cd5f9-4f1c-43ea-91b1-b85a1f6c3825-SegmentedRaftLogWorker:Storage Directory /workdir/hadoop-ozone/integration-test/target/test-dir/MiniOzoneClusterImpl-a33d77e5-464b-4d19-8e6b-a171e580bf0e/datanode-1/data/ratis/77b93e05-6797-4765-a90d-e226b53152ae] INFO  impl.StateMachineUpdater (StateMachineUpdater.java:stopAndJoin(115)) - StateMachineUpdater:fd3cd5f9-4f1c-43ea-91b1-b85a1f6c3825:group-E226B53152AE: set stopIndex = -1
2019-09-20 09:27:26,654 [4840c00f-91d3-4881-a20b-4d0486ca97c0-SegmentedRaftLogWorker:Storage Directory /workdir/hadoop-ozone/integration-test/target/test-dir/MiniOzoneClusterImpl-a33d77e5-464b-4d19-8e6b-a171e580bf0e/datanode-3/data/ratis/20a2dcac-b916-4cc9-9497-a92484a46e3a] INFO  impl.PendingRequests (PendingRequests.java:sendNotLeaderResponses(202)) - 4840c00f-91d3-4881-a20b-4d0486ca97c0-PendingRequests: sendNotLeaderResponses
2019-09-20 09:27:26,646 [02b93e76-e4c6-4b67-b8a4-c536d9ab7224:group-F59E7658E695:LeaderElection138] INFO  server.RaftServerConfigKeys (ConfUtils.java:logGet(43)) - raft.server.watch.timeout = 10s (default)
2019-09-20 09:27:26,686 [02b93e76-e4c6-4b67-b8a4-c536d9ab7224:group-F59E7658E695:LeaderElection138] INFO  server.RaftServerConfigKeys (ConfUtils.java:logGet(43)) - raft.server.watch.timeout.denomination = 1s (default)
2019-09-20 09:27:26,642 [Thread-991] INFO  impl.RoleInfo (RoleInfo.java:updateAndGet(143)) - 871e6485-c22a-483f-9e07-d19e754685be: start LeaderElection
2019-09-20 09:27:26,642 [4840c00f-91d3-4881-a20b-4d0486ca97c0:group-5F54FD10FDF3:LeaderElection137] INFO  server.RaftServerConfigKeys (ConfUtils.java:logGet(43)) - raft.server.staging.catchup.gap = 1000 (default)
2019-09-20 09:27:26,686 [4840c00f-91d3-4881-a20b-4d0486ca97c0:group-5F54FD10FDF3:LeaderElection137] INFO  server.RaftServerConfigKeys (ConfUtils.java:logGet(43)) - raft.server.rpc.sleep.time = 25ms (default)
2019-09-20 09:27:26,686 [02b93e76-e4c6-4b67-b8a4-c536d9ab7224:group-F59E7658E695:LeaderElection138] INFO  server.RaftServerConfigKeys (ConfUtils.java:logGet(43)) - raft.server.watch.element-limit = 65536 (default)
2019-09-20 09:27:26,686 [4840c00f-91d3-4881-a20b-4d0486ca97c0-SegmentedRaftLogWorker:Storage Directory /workdir/hadoop-ozone/integration-test/target/test-dir/MiniOzoneClusterImpl-a33d77e5-464b-4d19-8e6b-a171e580bf0e/datanode-3/data/ratis/20a2dcac-b916-4cc9-9497-a92484a46e3a] INFO  impl.StateMachineUpdater (StateMachineUpdater.java:stopAndJoin(115)) - StateMachineUpdater:4840c00f-91d3-4881-a20b-4d0486ca97c0:group-A92484A46E3A: set stopIndex = -1
2019-09-20 09:27:26,687 [4840c00f-91d3-4881-a20b-4d0486ca97c0-SegmentedRaftLogWorker:Storage Directory /workdir/hadoop-ozone/integration-test/target/test-dir/MiniOzoneClusterImpl-a33d77e5-464b-4d19-8e6b-a171e580bf0e/datanode-3/data/ratis/20a2dcac-b916-4cc9-9497-a92484a46e3a] INFO  impl.RaftServerImpl (ServerState.java:close(394)) - 4840c00f-91d3-4881-a20b-4d0486ca97c0:group-A92484A46E3A closes. The last applied log index is -1
2019-09-20 09:27:26,685 [fd3cd5f9-4f1c-43ea-91b1-b85a1f6c3825-SegmentedRaftLogWorker:Storage Directory /workdir/hadoop-ozone/integration-test/target/test-dir/MiniOzoneClusterImpl-a33d77e5-464b-4d19-8e6b-a171e580bf0e/datanode-1/data/ratis/77b93e05-6797-4765-a90d-e226b53152ae] INFO  impl.RaftServerImpl (ServerState.java:close(394)) - fd3cd5f9-4f1c-43ea-91b1-b85a1f6c3825:group-E226B53152AE closes. The last applied log index is -1
2019-09-20 09:27:26,977 [RATISCREATEPIPELINE1] ERROR pipeline.RatisPipelineProvider (RatisPipelineProvider.java:lambda$null$2(182)) - Failed invoke Ratis rpc org.apache.hadoop.hdds.scm.pipeline.RatisPipelineProvider$$Lambda$167/459597877@36be8774 for 02b93e76-e4c6-4b67-b8a4-c536d9ab7224
org.apache.ratis.protocol.TimeoutIOException: deadline exceeded after 2999582408ns
	at org.apache.ratis.grpc.GrpcUtil.tryUnwrapException(GrpcUtil.java:82)
	at org.apache.ratis.grpc.GrpcUtil.unwrapException(GrpcUtil.java:75)
	at org.apache.ratis.grpc.client.GrpcClientProtocolClient.blockingCall(GrpcClientProtocolClient.java:169)
	at org.apache.ratis.grpc.client.GrpcClientProtocolClient.groupAdd(GrpcClientProtocolClient.java:138)
	at org.apache.ratis.grpc.client.GrpcClientRpc.sendRequest(GrpcClientRpc.java:94)
	at org.apache.ratis.client.impl.RaftClientImpl.sendRequest(RaftClientImpl.java:279)
	at org.apache.ratis.client.impl.RaftClientImpl.groupAdd(RaftClientImpl.java:206)
	at org.apache.hadoop.hdds.scm.pipeline.RatisPipelineProvider.lambda$initializePipeline$1(RatisPipelineProvider.java:141)
	at org.apache.hadoop.hdds.scm.pipeline.RatisPipelineProvider.lambda$null$2(RatisPipelineProvider.java:178)
	at java.util.stream.ForEachOps$ForEachOp$OfRef.accept(ForEachOps.java:184)
	at java.util.ArrayList$ArrayListSpliterator.forEachRemaining(ArrayList.java:1382)
	at java.util.stream.AbstractPipeline.copyInto(AbstractPipeline.java:482)
	at java.util.stream.ForEachOps$ForEachTask.compute(ForEachOps.java:291)
	at java.util.concurrent.CountedCompleter.exec(CountedCompleter.java:731)
	at java.util.concurrent.ForkJoinTask.doExec(ForkJoinTask.java:289)
	at java.util.concurrent.ForkJoinTask.doInvoke(ForkJoinTask.java:401)
	at java.util.concurrent.ForkJoinTask.invoke(ForkJoinTask.java:734)
	at java.util.stream.ForEachOps$ForEachOp.evaluateParallel(ForEachOps.java:160)
	at java.util.stream.ForEachOps$ForEachOp$OfRef.evaluateParallel(ForEachOps.java:174)
	at java.util.stream.AbstractPipeline.evaluate(AbstractPipeline.java:233)
	at java.util.stream.ReferencePipeline.forEach(ReferencePipeline.java:418)
	at java.util.stream.ReferencePipeline$Head.forEach(ReferencePipeline.java:583)
	at org.apache.hadoop.hdds.scm.pipeline.RatisPipelineProvider.lambda$callRatisRpc$3(RatisPipelineProvider.java:172)
	at java.util.concurrent.ForkJoinTask$AdaptedRunnableAction.exec(ForkJoinTask.java:1386)
	at java.util.concurrent.ForkJoinTask.doExec(ForkJoinTask.java:289)
	at java.util.concurrent.ForkJoinPool$WorkQueue.runTask(ForkJoinPool.java:1056)
	at java.util.concurrent.ForkJoinPool.runWorker(ForkJoinPool.java:1692)
	at java.util.concurrent.ForkJoinWorkerThread.run(ForkJoinWorkerThread.java:157)
Caused by: org.apache.ratis.thirdparty.io.grpc.StatusRuntimeException: DEADLINE_EXCEEDED: deadline exceeded after 2999582408ns
	at org.apache.ratis.thirdparty.io.grpc.stub.ClientCalls.toStatusRuntimeException(ClientCalls.java:233)
	at org.apache.ratis.thirdparty.io.grpc.stub.ClientCalls.getUnchecked(ClientCalls.java:214)
	at org.apache.ratis.thirdparty.io.grpc.stub.ClientCalls.blockingUnaryCall(ClientCalls.java:139)
	at org.apache.ratis.proto.grpc.AdminProtocolServiceGrpc$AdminProtocolServiceBlockingStub.groupManagement(AdminProtocolServiceGrpc.java:274)
	at org.apache.ratis.grpc.client.GrpcClientProtocolClient.lambda$groupAdd$3(GrpcClientProtocolClient.java:140)
	at org.apache.ratis.grpc.client.GrpcClientProtocolClient.blockingCall(GrpcClientProtocolClient.java:167)
	... 25 more
2019-09-20 09:27:26,685 [492ed782-6ab3-4ad9-945e-06def6ac7c96:group-AC17CE41094C:LeaderElection144] INFO  server.RaftServerConfigKeys (ConfUtils.java:logGet(43)) - raft.server.rpc.sleep.time = 25ms (default)
2019-09-20 09:27:26,685 [492ed782-6ab3-4ad9-945e-06def6ac7c96:group-08449766F3EF:LeaderElection149] INFO  server.RaftServerConfigKeys (ConfUtils.java:logGet(43)) - raft.server.rpc.sleep.time = 25ms (default)
2019-09-20 09:27:26,978 [492ed782-6ab3-4ad9-945e-06def6ac7c96:group-AC17CE41094C:LeaderElection144] INFO  server.RaftServerConfigKeys (ConfUtils.java:logGet(43)) - raft.server.write.element-limit = 4096 (default)
2019-09-20 09:27:26,685 [871e6485-c22a-483f-9e07-d19e754685be-SegmentedRaftLogWorker:Storage Directory /workdir/hadoop-ozone/integration-test/target/test-dir/MiniOzoneClusterImpl-a33d77e5-464b-4d19-8e6b-a171e580bf0e/datanode-4/data/ratis/8647ab7e-7571-475f-8de0-5cd29fee94be] INFO  impl.PendingRequests (PendingRequests.java:sendNotLeaderResponses(202)) - 871e6485-c22a-483f-9e07-d19e754685be-PendingRequests: sendNotLeaderResponses
2019-09-20 09:27:26,685 [IPC Server handler 18 on 36356] WARN  ipc.Server (Server.java:processResponse(1523)) - IPC Server handler 18 on 36356, call Call#184 Retry#0 org.apache.hadoop.ozone.protocol.StorageContainerDatanodeProtocol.sendHeartbeat from 192.168.36.99:59430: output error
2019-09-20 09:27:26,685 [IPC Server handler 10 on 36356] INFO  ipc.Server (Server.java:run(2695)) - IPC Server handler 10 on 36356 caught an exception
java.nio.channels.ClosedChannelException
	at sun.nio.ch.SocketChannelImpl.ensureWriteOpen(SocketChannelImpl.java:270)
	at sun.nio.ch.SocketChannelImpl.write(SocketChannelImpl.java:461)
	at org.apache.hadoop.ipc.Server.channelWrite(Server.java:3250)
	at org.apache.hadoop.ipc.Server.access$1700(Server.java:137)
	at org.apache.hadoop.ipc.Server$Responder.processResponse(Server.java:1473)
	at org.apache.hadoop.ipc.Server$Responder.doRespond(Server.java:1543)
	at org.apache.hadoop.ipc.Server$Connection.sendResponse(Server.java:2593)
	at org.apache.hadoop.ipc.Server$Connection.access$300(Server.java:1615)
	at org.apache.hadoop.ipc.Server$RpcCall.doResponse(Server.java:940)
	at org.apache.hadoop.ipc.Server$Call.sendResponse(Server.java:774)
	at org.apache.hadoop.ipc.Server$RpcCall.run(Server.java:885)
	at org.apache.hadoop.ipc.Server$RpcCall.run(Server.java:822)
	at java.security.AccessController.doPrivileged(Native Method)
	at javax.security.auth.Subject.doAs(Subject.java:422)
	at org.apache.hadoop.security.UserGroupInformation.doAs(UserGroupInformation.java:1730)
	at org.apache.hadoop.ipc.Server$Handler.run(Server.java:2682)
2019-09-20 09:27:26,685 [fd3cd5f9-4f1c-43ea-91b1-b85a1f6c3825-SegmentedRaftLogWorker:Storage Directory /workdir/hadoop-ozone/integration-test/target/test-dir/MiniOzoneClusterImpl-a33d77e5-464b-4d19-8e6b-a171e580bf0e/datanode-1/data/ratis/1bb5d7e1-a8ef-4e55-b88c-6744324157fb] INFO  util.JmxRegister (JmxRegister.java:unregister(73)) - Successfully un-registered JMX Bean with object name Ratis:service=RaftServer,group=group-6744324157FB,id=fd3cd5f9-4f1c-43ea-91b1-b85a1f6c3825
2019-09-20 09:27:26,684 [492ed782-6ab3-4ad9-945e-06def6ac7c96-SegmentedRaftLogWorker:Storage Directory /workdir/hadoop-ozone/integration-test/target/test-dir/MiniOzoneClusterImpl-a33d77e5-464b-4d19-8e6b-a171e580bf0e/datanode-2/data/ratis/3dc72507-d271-47be-a7c5-80e08822c518] INFO  impl.RoleInfo (RoleInfo.java:shutdownFollowerState(121)) - 492ed782-6ab3-4ad9-945e-06def6ac7c96: shutdown FollowerState
2019-09-20 09:27:26,684 [871e6485-c22a-483f-9e07-d19e754685be-SegmentedRaftLogWorker:Storage Directory /workdir/hadoop-ozone/integration-test/target/test-dir/MiniOzoneClusterImpl-a33d77e5-464b-4d19-8e6b-a171e580bf0e/datanode-4/data/ratis/3dc72507-d271-47be-a7c5-80e08822c518] INFO  util.JmxRegister (JmxRegister.java:unregister(73)) - Successfully un-registered JMX Bean with object name Ratis:service=RaftServer,group=group-80E08822C518,id=871e6485-c22a-483f-9e07-d19e754685be
2019-09-20 09:27:26,980 [871e6485-c22a-483f-9e07-d19e754685be-SegmentedRaftLogWorker:Storage Directory /workdir/hadoop-ozone/integration-test/target/test-dir/MiniOzoneClusterImpl-a33d77e5-464b-4d19-8e6b-a171e580bf0e/datanode-4/data/ratis/3dc72507-d271-47be-a7c5-80e08822c518] INFO  impl.RoleInfo (RoleInfo.java:shutdownFollowerState(121)) - 871e6485-c22a-483f-9e07-d19e754685be: shutdown FollowerState
2019-09-20 09:27:26,684 [871e6485-c22a-483f-9e07-d19e754685be-SegmentedRaftLogWorker:Storage Directory /workdir/hadoop-ozone/integration-test/target/test-dir/MiniOzoneClusterImpl-a33d77e5-464b-4d19-8e6b-a171e580bf0e/datanode-4/data/ratis/11c0d268-50d7-478a-8c7c-37c7f6d04707] INFO  util.JmxRegister (JmxRegister.java:unregister(73)) - Successfully un-registered JMX Bean with object name Ratis:service=RaftServer,group=group-37C7F6D04707,id=871e6485-c22a-483f-9e07-d19e754685be
2019-09-20 09:27:26,684 [492ed782-6ab3-4ad9-945e-06def6ac7c96-SegmentedRaftLogWorker:Storage Directory /workdir/hadoop-ozone/integration-test/target/test-dir/MiniOzoneClusterImpl-a33d77e5-464b-4d19-8e6b-a171e580bf0e/datanode-2/data/ratis/1cd975fb-5e54-4efb-8123-8a11821451d5] INFO  util.JmxRegister (JmxRegister.java:unregister(73)) - Successfully un-registered JMX Bean with object name Ratis:service=RaftServer,group=group-8A11821451D5,id=492ed782-6ab3-4ad9-945e-06def6ac7c96
2019-09-20 09:27:26,684 [4840c00f-91d3-4881-a20b-4d0486ca97c0-SegmentedRaftLogWorker:Storage Directory /workdir/hadoop-ozone/integration-test/target/test-dir/MiniOzoneClusterImpl-a33d77e5-464b-4d19-8e6b-a171e580bf0e/datanode-3/data/ratis/11c0d268-50d7-478a-8c7c-37c7f6d04707] INFO  util.JmxRegister (JmxRegister.java:unregister(73)) - Successfully un-registered JMX Bean with object name Ratis:service=RaftServer,group=group-37C7F6D04707,id=4840c00f-91d3-4881-a20b-4d0486ca97c0
2019-09-20 09:27:26,684 [fd3cd5f9-4f1c-43ea-91b1-b85a1f6c3825:group-DC825D6FA250:LeaderElection151] INFO  server.RaftServerConfigKeys (ConfUtils.java:logGet(43)) - raft.server.rpc.sleep.time = 25ms (default)
2019-09-20 09:27:26,684 [871e6485-c22a-483f-9e07-d19e754685be-SegmentedRaftLogWorker:Storage Directory /workdir/hadoop-ozone/integration-test/target/test-dir/MiniOzoneClusterImpl-a33d77e5-464b-4d19-8e6b-a171e580bf0e/datanode-4/data/ratis/0b5ce0ef-bf6f-4100-9f61-75fd9d73f3ac] INFO  impl.PendingRequests (PendingRequests.java:sendNotLeaderResponses(202)) - 871e6485-c22a-483f-9e07-d19e754685be-PendingRequests: sendNotLeaderResponses
2019-09-20 09:27:26,683 [fd3cd5f9-4f1c-43ea-91b1-b85a1f6c3825-SegmentedRaftLogWorker:Storage Directory /workdir/hadoop-ozone/integration-test/target/test-dir/MiniOzoneClusterImpl-a33d77e5-464b-4d19-8e6b-a171e580bf0e/datanode-1/data/ratis/cbe5a1bb-434c-4e0c-b710-a51e182927fb] INFO  impl.PendingRequests (PendingRequests.java:sendNotLeaderResponses(202)) - fd3cd5f9-4f1c-43ea-91b1-b85a1f6c3825-PendingRequests: sendNotLeaderResponses
2019-09-20 09:27:26,683 [492ed782-6ab3-4ad9-945e-06def6ac7c96:group-94590C91F56C:LeaderElection139] INFO  server.RaftServerConfigKeys (ConfUtils.java:logGet(43)) - raft.server.watch.element-limit = 65536 (default)
2019-09-20 09:27:26,683 [pool-49-thread-1] INFO  server.RaftServerConfigKeys (ConfUtils.java:logGet(43)) - raft.server.log.appender.install.snapshot.enabled = false (custom)
2019-09-20 09:27:26,683 [pool-27-thread-1] INFO  server.RaftServerConfigKeys (ConfUtils.java:logGet(43)) - raft.server.log.appender.install.snapshot.enabled = false (custom)
2019-09-20 09:27:26,683 [pool-60-thread-1] INFO  server.RaftServerConfigKeys (ConfUtils.java:logGet(43)) - raft.server.rpcslowness.timeout = 10s (custom)
2019-09-20 09:27:26,682 [fd3cd5f9-4f1c-43ea-91b1-b85a1f6c3825:group-E81D6153ACAD:LeaderElection148] INFO  server.RaftServerConfigKeys (ConfUtils.java:logGet(43)) - raft.server.rpc.sleep.time = 25ms (default)
2019-09-20 09:27:26,682 [dc7f40a9-6782-42c4-abab-c6b1682da047:group-96E04B49EB22:LeaderElection150] INFO  server.RaftServerConfigKeys (ConfUtils.java:logGet(43)) - raft.server.rpc.sleep.time = 25ms (default)
2019-09-20 09:27:26,682 [871e6485-c22a-483f-9e07-d19e754685be:group-DDA34E79B0A6:LeaderElection146] INFO  server.RaftServerConfigKeys (ConfUtils.java:logGet(43)) - raft.server.staging.catchup.gap = 1000 (default)
2019-09-20 09:27:26,682 [fd3cd5f9-4f1c-43ea-91b1-b85a1f6c3825:group-81AC512AC710:LeaderElection145] INFO  server.RaftServerConfigKeys (ConfUtils.java:logGet(43)) - raft.server.rpc.sleep.time = 25ms (default)
2019-09-20 09:27:26,682 [02b93e76-e4c6-4b67-b8a4-c536d9ab7224:group-47261CD7EFDA:LeaderElection140] INFO  server.RaftServerConfigKeys (ConfUtils.java:logGet(43)) - raft.server.rpc.sleep.time = 25ms (default)
2019-09-20 09:27:26,681 [02b93e76-e4c6-4b67-b8a4-c536d9ab7224:group-FA2D925D22FE:LeaderElection147] INFO  server.RaftServerConfigKeys (ConfUtils.java:logGet(43)) - raft.server.rpc.sleep.time = 25ms (default)
2019-09-20 09:27:26,681 [871e6485-c22a-483f-9e07-d19e754685be-SegmentedRaftLogWorker:Storage Directory /workdir/hadoop-ozone/integration-test/target/test-dir/MiniOzoneClusterImpl-a33d77e5-464b-4d19-8e6b-a171e580bf0e/datanode-4/data/ratis/98f4618a-d07b-4bfe-9325-2bc81ea4ec18] INFO  impl.RoleInfo (RoleInfo.java:shutdownLeaderState(104)) - 871e6485-c22a-483f-9e07-d19e754685be: shutdown LeaderState
2019-09-20 09:27:26,681 [871e6485-c22a-483f-9e07-d19e754685be:group-9A08C49E7350:LeaderElection156] INFO  server.RaftServerConfigKeys (ConfUtils.java:logGet(43)) - raft.server.staging.catchup.gap = 1000 (default)
2019-09-20 09:27:26,984 [871e6485-c22a-483f-9e07-d19e754685be-SegmentedRaftLogWorker:Storage Directory /workdir/hadoop-ozone/integration-test/target/test-dir/MiniOzoneClusterImpl-a33d77e5-464b-4d19-8e6b-a171e580bf0e/datanode-4/data/ratis/98f4618a-d07b-4bfe-9325-2bc81ea4ec18] INFO  impl.PendingRequests (PendingRequests.java:sendNotLeaderResponses(202)) - 871e6485-c22a-483f-9e07-d19e754685be-PendingRequests: sendNotLeaderResponses
2019-09-20 09:27:26,681 [4840c00f-91d3-4881-a20b-4d0486ca97c0:group-F2908B59D0C1:LeaderElection157] INFO  impl.RaftServerImpl (RaftServerImpl.java:setRole(171)) - 4840c00f-91d3-4881-a20b-4d0486ca97c0:group-F2908B59D0C1 changes role from CANDIDATE to LEADER at term 1 for changeToLeader
2019-09-20 09:27:26,680 [4840c00f-91d3-4881-a20b-4d0486ca97c0:group-1E855A8E02DA:LeaderElection155] INFO  impl.RaftServerImpl (RaftServerImpl.java:setRole(171)) - 4840c00f-91d3-4881-a20b-4d0486ca97c0:group-1E855A8E02DA changes role from CANDIDATE to LEADER at term 1 for changeToLeader
2019-09-20 09:27:26,680 [871e6485-c22a-483f-9e07-d19e754685be-SegmentedRaftLogWorker:Storage Directory /workdir/hadoop-ozone/integration-test/target/test-dir/MiniOzoneClusterImpl-a33d77e5-464b-4d19-8e6b-a171e580bf0e/datanode-4/data/ratis/2366d198-bb52-4925-91ff-9ffbfdc002d6] INFO  impl.RoleInfo (RoleInfo.java:shutdownLeaderState(104)) - 871e6485-c22a-483f-9e07-d19e754685be: shutdown LeaderState
2019-09-20 09:27:26,680 [492ed782-6ab3-4ad9-945e-06def6ac7c96:group-7160E3B153A6:LeaderElection152] INFO  server.RaftServerConfigKeys (ConfUtils.java:logGet(43)) - raft.server.rpc.sleep.time = 25ms (default)
2019-09-20 09:27:26,680 [492ed782-6ab3-4ad9-945e-06def6ac7c96:group-68C11BF58E25:LeaderElection154] INFO  server.RaftServerConfigKeys (ConfUtils.java:logGet(43)) - raft.server.staging.catchup.gap = 1000 (default)
2019-09-20 09:27:26,680 [871e6485-c22a-483f-9e07-d19e754685be:group-B9897AFDAD88:LeaderElection153] INFO  server.RaftServerConfigKeys (ConfUtils.java:logGet(43)) - raft.server.staging.catchup.gap = 1000 (default)
2019-09-20 09:27:26,985 [871e6485-c22a-483f-9e07-d19e754685be:group-B9897AFDAD88:LeaderElection153] INFO  server.RaftServerConfigKeys (ConfUtils.java:logGet(43)) - raft.server.rpc.sleep.time = 25ms (default)
2019-09-20 09:27:26,679 [pool-38-thread-1] INFO  impl.RaftServerImpl (RaftServerImpl.java:setRole(171)) - fd3cd5f9-4f1c-43ea-91b1-b85a1f6c3825:group-449CD00D9C0A changes role from null to FOLLOWER at term 0 for startAsFollower
2019-09-20 09:27:26,679 [02b93e76-e4c6-4b67-b8a4-c536d9ab7224:group-C96EC6167C50:LeaderElection143] INFO  server.RaftServerConfigKeys (ConfUtils.java:logGet(43)) - raft.server.write.element-limit = 4096 (default)
2019-09-20 09:27:26,679 [871e6485-c22a-483f-9e07-d19e754685be:group-FCBB119D2DA8:LeaderElection142] INFO  server.RaftServerConfigKeys (ConfUtils.java:logGet(43)) - raft.server.watch.timeout = 10s (default)
2019-09-20 09:27:26,679 [492ed782-6ab3-4ad9-945e-06def6ac7c96:group-890D473D7C7A:LeaderElection141] INFO  server.RaftServerConfigKeys (ConfUtils.java:logGet(43)) - raft.server.write.element-limit = 4096 (default)
2019-09-20 09:27:26,679 [fd3cd5f9-4f1c-43ea-91b1-b85a1f6c3825-SegmentedRaftLogWorker:Storage Directory /workdir/hadoop-ozone/integration-test/target/test-dir/MiniOzoneClusterImpl-a33d77e5-464b-4d19-8e6b-a171e580bf0e/datanode-1/data/ratis/bc08d00b-71aa-4c23-863f-3f7c9b11228d] INFO  segmented.SegmentedRaftLogWorker (SegmentedRaftLogWorker.java:close(228)) - fd3cd5f9-4f1c-43ea-91b1-b85a1f6c3825-SegmentedRaftLogWorker:Storage Directory /workdir/hadoop-ozone/integration-test/target/test-dir/MiniOzoneClusterImpl-a33d77e5-464b-4d19-8e6b-a171e580bf0e/datanode-1/data/ratis/bc08d00b-71aa-4c23-863f-3f7c9b11228d close()
2019-09-20 09:27:26,679 [Thread-940] INFO  impl.RoleInfo (RoleInfo.java:updateAndGet(143)) - fd3cd5f9-4f1c-43ea-91b1-b85a1f6c3825: start LeaderElection
2019-09-20 09:27:26,986 [492ed782-6ab3-4ad9-945e-06def6ac7c96:group-890D473D7C7A:LeaderElection141] INFO  server.RaftServerConfigKeys (ConfUtils.java:logGet(43)) - raft.server.watch.timeout = 10s (default)
2019-09-20 09:27:26,986 [871e6485-c22a-483f-9e07-d19e754685be:group-FCBB119D2DA8:LeaderElection142] INFO  server.RaftServerConfigKeys (ConfUtils.java:logGet(43)) - raft.server.watch.timeout.denomination = 1s (default)
2019-09-20 09:27:26,986 [02b93e76-e4c6-4b67-b8a4-c536d9ab7224:group-C96EC6167C50:LeaderElection143] INFO  server.RaftServerConfigKeys (ConfUtils.java:logGet(43)) - raft.server.watch.timeout = 10s (default)
2019-09-20 09:27:26,993 [02b93e76-e4c6-4b67-b8a4-c536d9ab7224:group-C96EC6167C50:LeaderElection143] INFO  server.RaftServerConfigKeys (ConfUtils.java:logGet(43)) - raft.server.watch.timeout.denomination = 1s (default)
2019-09-20 09:27:26,986 [pool-38-thread-1] INFO  impl.RoleInfo (RoleInfo.java:updateAndGet(143)) - fd3cd5f9-4f1c-43ea-91b1-b85a1f6c3825: start FollowerState
2019-09-20 09:27:26,985 [871e6485-c22a-483f-9e07-d19e754685be:group-B9897AFDAD88:LeaderElection153] INFO  server.RaftServerConfigKeys (ConfUtils.java:logGet(43)) - raft.server.write.element-limit = 4096 (default)
2019-09-20 09:27:26,994 [871e6485-c22a-483f-9e07-d19e754685be:group-B9897AFDAD88:LeaderElection153] INFO  server.RaftServerConfigKeys (ConfUtils.java:logGet(43)) - raft.server.watch.timeout = 10s (default)
2019-09-20 09:27:26,985 [492ed782-6ab3-4ad9-945e-06def6ac7c96:group-68C11BF58E25:LeaderElection154] INFO  server.RaftServerConfigKeys (ConfUtils.java:logGet(43)) - raft.server.rpc.sleep.time = 25ms (default)
2019-09-20 09:27:26,985 [492ed782-6ab3-4ad9-945e-06def6ac7c96:group-7160E3B153A6:LeaderElection152] INFO  server.RaftServerConfigKeys (ConfUtils.java:logGet(43)) - raft.server.write.element-limit = 4096 (default)
2019-09-20 09:27:26,985 [871e6485-c22a-483f-9e07-d19e754685be-SegmentedRaftLogWorker:Storage Directory /workdir/hadoop-ozone/integration-test/target/test-dir/MiniOzoneClusterImpl-a33d77e5-464b-4d19-8e6b-a171e580bf0e/datanode-4/data/ratis/2366d198-bb52-4925-91ff-9ffbfdc002d6] INFO  impl.PendingRequests (PendingRequests.java:sendNotLeaderResponses(202)) - 871e6485-c22a-483f-9e07-d19e754685be-PendingRequests: sendNotLeaderResponses
2019-09-20 09:27:26,984 [4840c00f-91d3-4881-a20b-4d0486ca97c0:group-1E855A8E02DA:LeaderElection155] INFO  impl.RaftServerImpl (ServerState.java:setLeader(263)) - 4840c00f-91d3-4881-a20b-4d0486ca97c0:group-1E855A8E02DA change Leader from null to 4840c00f-91d3-4881-a20b-4d0486ca97c0 at term 1 for becomeLeader, leader elected after 8873ms
2019-09-20 09:27:26,984 [4840c00f-91d3-4881-a20b-4d0486ca97c0:group-F2908B59D0C1:LeaderElection157] INFO  impl.RaftServerImpl (ServerState.java:setLeader(263)) - 4840c00f-91d3-4881-a20b-4d0486ca97c0:group-F2908B59D0C1 change Leader from null to 4840c00f-91d3-4881-a20b-4d0486ca97c0 at term 1 for becomeLeader, leader elected after 8298ms
2019-09-20 09:27:26,984 [871e6485-c22a-483f-9e07-d19e754685be-SegmentedRaftLogWorker:Storage Directory /workdir/hadoop-ozone/integration-test/target/test-dir/MiniOzoneClusterImpl-a33d77e5-464b-4d19-8e6b-a171e580bf0e/datanode-4/data/ratis/98f4618a-d07b-4bfe-9325-2bc81ea4ec18] INFO  impl.StateMachineUpdater (StateMachineUpdater.java:stopAndJoin(115)) - StateMachineUpdater:871e6485-c22a-483f-9e07-d19e754685be:group-2BC81EA4EC18: set stopIndex = -1
2019-09-20 09:27:26,995 [871e6485-c22a-483f-9e07-d19e754685be-SegmentedRaftLogWorker:Storage Directory /workdir/hadoop-ozone/integration-test/target/test-dir/MiniOzoneClusterImpl-a33d77e5-464b-4d19-8e6b-a171e580bf0e/datanode-4/data/ratis/98f4618a-d07b-4bfe-9325-2bc81ea4ec18] INFO  impl.RaftServerImpl (ServerState.java:close(394)) - 871e6485-c22a-483f-9e07-d19e754685be:group-2BC81EA4EC18 closes. The last applied log index is -1
2019-09-20 09:27:26,984 [871e6485-c22a-483f-9e07-d19e754685be:group-9A08C49E7350:LeaderElection156] INFO  server.RaftServerConfigKeys (ConfUtils.java:logGet(43)) - raft.server.rpc.sleep.time = 25ms (default)
2019-09-20 09:27:26,984 [02b93e76-e4c6-4b67-b8a4-c536d9ab7224:group-FA2D925D22FE:LeaderElection147] INFO  server.RaftServerConfigKeys (ConfUtils.java:logGet(43)) - raft.server.write.element-limit = 4096 (default)
2019-09-20 09:27:26,983 [02b93e76-e4c6-4b67-b8a4-c536d9ab7224:group-47261CD7EFDA:LeaderElection140] INFO  server.RaftServerConfigKeys (ConfUtils.java:logGet(43)) - raft.server.write.element-limit = 4096 (default)
2019-09-20 09:27:26,983 [fd3cd5f9-4f1c-43ea-91b1-b85a1f6c3825:group-81AC512AC710:LeaderElection145] INFO  server.RaftServerConfigKeys (ConfUtils.java:logGet(43)) - raft.server.write.element-limit = 4096 (default)
2019-09-20 09:27:26,983 [871e6485-c22a-483f-9e07-d19e754685be:group-DDA34E79B0A6:LeaderElection146] INFO  server.RaftServerConfigKeys (ConfUtils.java:logGet(43)) - raft.server.rpc.sleep.time = 25ms (default)
2019-09-20 09:27:26,983 [dc7f40a9-6782-42c4-abab-c6b1682da047:group-96E04B49EB22:LeaderElection150] INFO  server.RaftServerConfigKeys (ConfUtils.java:logGet(43)) - raft.server.write.element-limit = 4096 (default)
2019-09-20 09:27:26,996 [dc7f40a9-6782-42c4-abab-c6b1682da047:group-96E04B49EB22:LeaderElection150] INFO  server.RaftServerConfigKeys (ConfUtils.java:logGet(43)) - raft.server.watch.timeout = 10s (default)
2019-09-20 09:27:26,983 [fd3cd5f9-4f1c-43ea-91b1-b85a1f6c3825:group-E81D6153ACAD:LeaderElection148] INFO  server.RaftServerConfigKeys (ConfUtils.java:logGet(43)) - raft.server.write.element-limit = 4096 (default)
2019-09-20 09:27:26,982 [pool-60-thread-1] INFO  server.RaftServerConfigKeys (ConfUtils.java:logGet(43)) - raft.server.sleep.deviation.threshold = 300 (default)
2019-09-20 09:27:26,982 [pool-27-thread-1] INFO  impl.RaftServerImpl (ServerState.java:<init>(105)) - 02b93e76-e4c6-4b67-b8a4-c536d9ab7224:group-791F2CCB98AA ConfigurationManager, init=-1: [4840c00f-91d3-4881-a20b-4d0486ca97c0:192.168.36.99:41473, 492ed782-6ab3-4ad9-945e-06def6ac7c96:192.168.36.99:32835, 02b93e76-e4c6-4b67-b8a4-c536d9ab7224:192.168.36.99:39343], old=null, confs=<EMPTY_MAP>
2019-09-20 09:27:26,982 [pool-49-thread-1] INFO  impl.RaftServerImpl (ServerState.java:<init>(105)) - 492ed782-6ab3-4ad9-945e-06def6ac7c96:group-791F2CCB98AA ConfigurationManager, init=-1: [4840c00f-91d3-4881-a20b-4d0486ca97c0:192.168.36.99:41473, 492ed782-6ab3-4ad9-945e-06def6ac7c96:192.168.36.99:32835, 02b93e76-e4c6-4b67-b8a4-c536d9ab7224:192.168.36.99:39343], old=null, confs=<EMPTY_MAP>
2019-09-20 09:27:26,982 [492ed782-6ab3-4ad9-945e-06def6ac7c96:group-94590C91F56C:LeaderElection139] INFO  impl.RoleInfo (RoleInfo.java:updateAndGet(143)) - 492ed782-6ab3-4ad9-945e-06def6ac7c96: start LeaderState
2019-09-20 09:27:26,982 [fd3cd5f9-4f1c-43ea-91b1-b85a1f6c3825-SegmentedRaftLogWorker:Storage Directory /workdir/hadoop-ozone/integration-test/target/test-dir/MiniOzoneClusterImpl-a33d77e5-464b-4d19-8e6b-a171e580bf0e/datanode-1/data/ratis/cbe5a1bb-434c-4e0c-b710-a51e182927fb] INFO  impl.StateMachineUpdater (StateMachineUpdater.java:stopAndJoin(115)) - StateMachineUpdater:fd3cd5f9-4f1c-43ea-91b1-b85a1f6c3825:group-A51E182927FB: set stopIndex = -1
2019-09-20 09:27:26,997 [fd3cd5f9-4f1c-43ea-91b1-b85a1f6c3825-SegmentedRaftLogWorker:Storage Directory /workdir/hadoop-ozone/integration-test/target/test-dir/MiniOzoneClusterImpl-a33d77e5-464b-4d19-8e6b-a171e580bf0e/datanode-1/data/ratis/cbe5a1bb-434c-4e0c-b710-a51e182927fb] INFO  impl.RaftServerImpl (ServerState.java:close(394)) - fd3cd5f9-4f1c-43ea-91b1-b85a1f6c3825:group-A51E182927FB closes. The last applied log index is -1
2019-09-20 09:27:26,981 [871e6485-c22a-483f-9e07-d19e754685be-SegmentedRaftLogWorker:Storage Directory /workdir/hadoop-ozone/integration-test/target/test-dir/MiniOzoneClusterImpl-a33d77e5-464b-4d19-8e6b-a171e580bf0e/datanode-4/data/ratis/0b5ce0ef-bf6f-4100-9f61-75fd9d73f3ac] INFO  impl.StateMachineUpdater (StateMachineUpdater.java:stopAndJoin(115)) - StateMachineUpdater:871e6485-c22a-483f-9e07-d19e754685be:group-75FD9D73F3AC: set stopIndex = -1
2019-09-20 09:27:26,997 [871e6485-c22a-483f-9e07-d19e754685be-SegmentedRaftLogWorker:Storage Directory /workdir/hadoop-ozone/integration-test/target/test-dir/MiniOzoneClusterImpl-a33d77e5-464b-4d19-8e6b-a171e580bf0e/datanode-4/data/ratis/0b5ce0ef-bf6f-4100-9f61-75fd9d73f3ac] INFO  impl.RaftServerImpl (ServerState.java:close(394)) - 871e6485-c22a-483f-9e07-d19e754685be:group-75FD9D73F3AC closes. The last applied log index is -1
2019-09-20 09:27:26,981 [fd3cd5f9-4f1c-43ea-91b1-b85a1f6c3825:group-DC825D6FA250:LeaderElection151] INFO  server.RaftServerConfigKeys (ConfUtils.java:logGet(43)) - raft.server.write.element-limit = 4096 (default)
2019-09-20 09:27:26,998 [fd3cd5f9-4f1c-43ea-91b1-b85a1f6c3825:group-DC825D6FA250:LeaderElection151] INFO  server.RaftServerConfigKeys (ConfUtils.java:logGet(43)) - raft.server.watch.timeout = 10s (default)
2019-09-20 09:27:26,981 [4840c00f-91d3-4881-a20b-4d0486ca97c0-SegmentedRaftLogWorker:Storage Directory /workdir/hadoop-ozone/integration-test/target/test-dir/MiniOzoneClusterImpl-a33d77e5-464b-4d19-8e6b-a171e580bf0e/datanode-3/data/ratis/11c0d268-50d7-478a-8c7c-37c7f6d04707] INFO  impl.RoleInfo (RoleInfo.java:shutdownFollowerState(121)) - 4840c00f-91d3-4881-a20b-4d0486ca97c0: shutdown FollowerState
2019-09-20 09:27:26,981 [492ed782-6ab3-4ad9-945e-06def6ac7c96-SegmentedRaftLogWorker:Storage Directory /workdir/hadoop-ozone/integration-test/target/test-dir/MiniOzoneClusterImpl-a33d77e5-464b-4d19-8e6b-a171e580bf0e/datanode-2/data/ratis/1cd975fb-5e54-4efb-8123-8a11821451d5] INFO  impl.RoleInfo (RoleInfo.java:shutdownLeaderState(104)) - 492ed782-6ab3-4ad9-945e-06def6ac7c96: shutdown LeaderState
2019-09-20 09:27:26,981 [871e6485-c22a-483f-9e07-d19e754685be-SegmentedRaftLogWorker:Storage Directory /workdir/hadoop-ozone/integration-test/target/test-dir/MiniOzoneClusterImpl-a33d77e5-464b-4d19-8e6b-a171e580bf0e/datanode-4/data/ratis/11c0d268-50d7-478a-8c7c-37c7f6d04707] INFO  impl.RoleInfo (RoleInfo.java:shutdownFollowerState(121)) - 871e6485-c22a-483f-9e07-d19e754685be: shutdown FollowerState
2019-09-20 09:27:26,980 [Thread-1015] INFO  impl.FollowerState (FollowerState.java:run(114)) - 871e6485-c22a-483f-9e07-d19e754685be: FollowerState was interrupted: java.lang.InterruptedException: sleep interrupted
2019-09-20 09:27:26,980 [871e6485-c22a-483f-9e07-d19e754685be-SegmentedRaftLogWorker:Storage Directory /workdir/hadoop-ozone/integration-test/target/test-dir/MiniOzoneClusterImpl-a33d77e5-464b-4d19-8e6b-a171e580bf0e/datanode-4/data/ratis/3dc72507-d271-47be-a7c5-80e08822c518] INFO  impl.StateMachineUpdater (StateMachineUpdater.java:stopAndJoin(115)) - StateMachineUpdater:871e6485-c22a-483f-9e07-d19e754685be:group-80E08822C518: set stopIndex = -1
2019-09-20 09:27:26,998 [871e6485-c22a-483f-9e07-d19e754685be-SegmentedRaftLogWorker:Storage Directory /workdir/hadoop-ozone/integration-test/target/test-dir/MiniOzoneClusterImpl-a33d77e5-464b-4d19-8e6b-a171e580bf0e/datanode-4/data/ratis/3dc72507-d271-47be-a7c5-80e08822c518] INFO  impl.RaftServerImpl (ServerState.java:close(394)) - 871e6485-c22a-483f-9e07-d19e754685be:group-80E08822C518 closes. The last applied log index is -1
2019-09-20 09:27:26,980 [Thread-1014] INFO  impl.FollowerState (FollowerState.java:run(114)) - 492ed782-6ab3-4ad9-945e-06def6ac7c96: FollowerState was interrupted: java.lang.InterruptedException: sleep interrupted
2019-09-20 09:27:26,980 [492ed782-6ab3-4ad9-945e-06def6ac7c96-SegmentedRaftLogWorker:Storage Directory /workdir/hadoop-ozone/integration-test/target/test-dir/MiniOzoneClusterImpl-a33d77e5-464b-4d19-8e6b-a171e580bf0e/datanode-2/data/ratis/3dc72507-d271-47be-a7c5-80e08822c518] INFO  impl.StateMachineUpdater (StateMachineUpdater.java:stopAndJoin(115)) - StateMachineUpdater:492ed782-6ab3-4ad9-945e-06def6ac7c96:group-80E08822C518: set stopIndex = -1
2019-09-20 09:27:26,980 [fd3cd5f9-4f1c-43ea-91b1-b85a1f6c3825-SegmentedRaftLogWorker:Storage Directory /workdir/hadoop-ozone/integration-test/target/test-dir/MiniOzoneClusterImpl-a33d77e5-464b-4d19-8e6b-a171e580bf0e/datanode-1/data/ratis/1bb5d7e1-a8ef-4e55-b88c-6744324157fb] INFO  impl.RoleInfo (RoleInfo.java:shutdownLeaderState(104)) - fd3cd5f9-4f1c-43ea-91b1-b85a1f6c3825: shutdown LeaderState
2019-09-20 09:27:26,979 [IPC Server handler 18 on 36356] INFO  ipc.Server (Server.java:run(2695)) - IPC Server handler 18 on 36356 caught an exception
java.nio.channels.ClosedChannelException
	at sun.nio.ch.SocketChannelImpl.ensureWriteOpen(SocketChannelImpl.java:270)
	at sun.nio.ch.SocketChannelImpl.write(SocketChannelImpl.java:461)
	at org.apache.hadoop.ipc.Server.channelWrite(Server.java:3250)
	at org.apache.hadoop.ipc.Server.access$1700(Server.java:137)
	at org.apache.hadoop.ipc.Server$Responder.processResponse(Server.java:1473)
	at org.apache.hadoop.ipc.Server$Responder.doRespond(Server.java:1543)
	at org.apache.hadoop.ipc.Server$Connection.sendResponse(Server.java:2593)
	at org.apache.hadoop.ipc.Server$Connection.access$300(Server.java:1615)
	at org.apache.hadoop.ipc.Server$RpcCall.doResponse(Server.java:940)
	at org.apache.hadoop.ipc.Server$Call.sendResponse(Server.java:774)
	at org.apache.hadoop.ipc.Server$RpcCall.run(Server.java:885)
	at org.apache.hadoop.ipc.Server$RpcCall.run(Server.java:822)
	at java.security.AccessController.doPrivileged(Native Method)
	at javax.security.auth.Subject.doAs(Subject.java:422)
	at org.apache.hadoop.security.UserGroupInformation.doAs(UserGroupInformation.java:1730)
	at org.apache.hadoop.ipc.Server$Handler.run(Server.java:2682)
2019-09-20 09:27:26,979 [871e6485-c22a-483f-9e07-d19e754685be-SegmentedRaftLogWorker:Storage Directory /workdir/hadoop-ozone/integration-test/target/test-dir/MiniOzoneClusterImpl-a33d77e5-464b-4d19-8e6b-a171e580bf0e/datanode-4/data/ratis/8647ab7e-7571-475f-8de0-5cd29fee94be] INFO  impl.StateMachineUpdater (StateMachineUpdater.java:stopAndJoin(115)) - StateMachineUpdater:871e6485-c22a-483f-9e07-d19e754685be:group-5CD29FEE94BE: set stopIndex = -1
2019-09-20 09:27:26,999 [871e6485-c22a-483f-9e07-d19e754685be-SegmentedRaftLogWorker:Storage Directory /workdir/hadoop-ozone/integration-test/target/test-dir/MiniOzoneClusterImpl-a33d77e5-464b-4d19-8e6b-a171e580bf0e/datanode-4/data/ratis/8647ab7e-7571-475f-8de0-5cd29fee94be] INFO  impl.RaftServerImpl (ServerState.java:close(394)) - 871e6485-c22a-483f-9e07-d19e754685be:group-5CD29FEE94BE closes. The last applied log index is -1
2019-09-20 09:27:26,979 [492ed782-6ab3-4ad9-945e-06def6ac7c96:group-AC17CE41094C:LeaderElection144] INFO  server.RaftServerConfigKeys (ConfUtils.java:logGet(43)) - raft.server.watch.timeout = 10s (default)
2019-09-20 09:27:27,003 [871e6485-c22a-483f-9e07-d19e754685be-SegmentedRaftLogWorker:Storage Directory /workdir/hadoop-ozone/integration-test/target/test-dir/MiniOzoneClusterImpl-a33d77e5-464b-4d19-8e6b-a171e580bf0e/datanode-4/data/ratis/8647ab7e-7571-475f-8de0-5cd29fee94be] INFO  segmented.SegmentedRaftLogWorker (SegmentedRaftLogWorker.java:close(228)) - 871e6485-c22a-483f-9e07-d19e754685be-SegmentedRaftLogWorker:Storage Directory /workdir/hadoop-ozone/integration-test/target/test-dir/MiniOzoneClusterImpl-a33d77e5-464b-4d19-8e6b-a171e580bf0e/datanode-4/data/ratis/8647ab7e-7571-475f-8de0-5cd29fee94be close()
2019-09-20 09:27:26,979 [492ed782-6ab3-4ad9-945e-06def6ac7c96:group-08449766F3EF:LeaderElection149] INFO  server.RaftServerConfigKeys (ConfUtils.java:logGet(43)) - raft.server.write.element-limit = 4096 (default)
2019-09-20 09:27:27,007 [492ed782-6ab3-4ad9-945e-06def6ac7c96:group-08449766F3EF:LeaderElection149] INFO  server.RaftServerConfigKeys (ConfUtils.java:logGet(43)) - raft.server.watch.timeout = 10s (default)
2019-09-20 09:27:26,978 [RatisPipelineUtilsThread] ERROR pipeline.SCMPipelineManager (SCMPipelineManager.java:createPipeline(161)) - Pipeline creation failed due to exception: 3 exceptions [java.io.IOException: Failed invoke Ratis rpc org.apache.hadoop.hdds.scm.pipeline.RatisPipelineProvider$$Lambda$167/459597877@36be8774 for 4840c00f-91d3-4881-a20b-4d0486ca97c0, java.io.IOException: Failed invoke Ratis rpc org.apache.hadoop.hdds.scm.pipeline.RatisPipelineProvider$$Lambda$167/459597877@36be8774 for 492ed782-6ab3-4ad9-945e-06def6ac7c96, java.io.IOException: Failed invoke Ratis rpc org.apache.hadoop.hdds.scm.pipeline.RatisPipelineProvider$$Lambda$167/459597877@36be8774 for 02b93e76-e4c6-4b67-b8a4-c536d9ab7224]
2019-09-20 09:27:26,978 [fd3cd5f9-4f1c-43ea-91b1-b85a1f6c3825-SegmentedRaftLogWorker:Storage Directory /workdir/hadoop-ozone/integration-test/target/test-dir/MiniOzoneClusterImpl-a33d77e5-464b-4d19-8e6b-a171e580bf0e/datanode-1/data/ratis/77b93e05-6797-4765-a90d-e226b53152ae] INFO  segmented.SegmentedRaftLogWorker (SegmentedRaftLogWorker.java:close(228)) - fd3cd5f9-4f1c-43ea-91b1-b85a1f6c3825-SegmentedRaftLogWorker:Storage Directory /workdir/hadoop-ozone/integration-test/target/test-dir/MiniOzoneClusterImpl-a33d77e5-464b-4d19-8e6b-a171e580bf0e/datanode-1/data/ratis/77b93e05-6797-4765-a90d-e226b53152ae close()
2019-09-20 09:27:26,978 [4840c00f-91d3-4881-a20b-4d0486ca97c0-SegmentedRaftLogWorker:Storage Directory /workdir/hadoop-ozone/integration-test/target/test-dir/MiniOzoneClusterImpl-a33d77e5-464b-4d19-8e6b-a171e580bf0e/datanode-3/data/ratis/20a2dcac-b916-4cc9-9497-a92484a46e3a] INFO  segmented.SegmentedRaftLogWorker (SegmentedRaftLogWorker.java:close(228)) - 4840c00f-91d3-4881-a20b-4d0486ca97c0-SegmentedRaftLogWorker:Storage Directory /workdir/hadoop-ozone/integration-test/target/test-dir/MiniOzoneClusterImpl-a33d77e5-464b-4d19-8e6b-a171e580bf0e/datanode-3/data/ratis/20a2dcac-b916-4cc9-9497-a92484a46e3a close()
2019-09-20 09:27:26,977 [02b93e76-e4c6-4b67-b8a4-c536d9ab7224:group-C154D2514BB3:LeaderElection162] INFO  impl.LeaderElection (LeaderElection.java:askForVotes(181)) - 02b93e76-e4c6-4b67-b8a4-c536d9ab7224:group-C154D2514BB3:LeaderElection162: begin an election at term 1 for -1: [02b93e76-e4c6-4b67-b8a4-c536d9ab7224:192.168.36.99:39343], old=null
2019-09-20 09:27:26,977 [02b93e76-e4c6-4b67-b8a4-c536d9ab7224:group-58FAC97ADBBF:LeaderElection165] INFO  impl.LeaderElection (LeaderElection.java:askForVotes(181)) - 02b93e76-e4c6-4b67-b8a4-c536d9ab7224:group-58FAC97ADBBF:LeaderElection165: begin an election at term 1 for -1: [02b93e76-e4c6-4b67-b8a4-c536d9ab7224:192.168.36.99:39343], old=null
2019-09-20 09:27:26,977 [fd3cd5f9-4f1c-43ea-91b1-b85a1f6c3825:group-B212B9F51E67:LeaderElection164] INFO  impl.LeaderElection (LeaderElection.java:askForVotes(181)) - fd3cd5f9-4f1c-43ea-91b1-b85a1f6c3825:group-B212B9F51E67:LeaderElection164: begin an election at term 1 for -1: [fd3cd5f9-4f1c-43ea-91b1-b85a1f6c3825:192.168.36.99:39114], old=null
2019-09-20 09:27:27,017 [fd3cd5f9-4f1c-43ea-91b1-b85a1f6c3825:group-B212B9F51E67:LeaderElection164] INFO  impl.RoleInfo (RoleInfo.java:shutdownLeaderElection(134)) - fd3cd5f9-4f1c-43ea-91b1-b85a1f6c3825: shutdown LeaderElection
2019-09-20 09:27:26,977 [492ed782-6ab3-4ad9-945e-06def6ac7c96:group-52124656E3BD:LeaderElection161] INFO  impl.LeaderElection (LeaderElection.java:askForVotes(181)) - 492ed782-6ab3-4ad9-945e-06def6ac7c96:group-52124656E3BD:LeaderElection161: begin an election at term 1 for -1: [492ed782-6ab3-4ad9-945e-06def6ac7c96:192.168.36.99:32835], old=null
2019-09-20 09:27:26,977 [4840c00f-91d3-4881-a20b-4d0486ca97c0:group-B7D8A17B7BB0:LeaderElection163] INFO  impl.LeaderElection (LeaderElection.java:askForVotes(181)) - 4840c00f-91d3-4881-a20b-4d0486ca97c0:group-B7D8A17B7BB0:LeaderElection163: begin an election at term 1 for -1: [4840c00f-91d3-4881-a20b-4d0486ca97c0:192.168.36.99:41473], old=null
2019-09-20 09:27:26,977 [Thread-872] INFO  impl.FollowerState (FollowerState.java:run(106)) - 4840c00f-91d3-4881-a20b-4d0486ca97c0:group-65B0EFE6E2D8 changes to CANDIDATE, lastRpcTime:10579, electionTimeout:5155ms
2019-09-20 09:27:26,687 [02b93e76-e4c6-4b67-b8a4-c536d9ab7224:group-F59E7658E695:LeaderElection138] INFO  impl.RoleInfo (RoleInfo.java:updateAndGet(143)) - 02b93e76-e4c6-4b67-b8a4-c536d9ab7224: start LeaderState
2019-09-20 09:27:26,686 [4840c00f-91d3-4881-a20b-4d0486ca97c0:group-5F54FD10FDF3:LeaderElection137] INFO  server.RaftServerConfigKeys (ConfUtils.java:logGet(43)) - raft.server.write.element-limit = 4096 (default)
2019-09-20 09:27:27,018 [02b93e76-e4c6-4b67-b8a4-c536d9ab7224:group-F59E7658E695:LeaderElection138] INFO  segmented.SegmentedRaftLogWorker (SegmentedRaftLogWorker.java:startLogSegment(380)) - 02b93e76-e4c6-4b67-b8a4-c536d9ab7224-SegmentedRaftLogWorker:Storage Directory /workdir/hadoop-ozone/integration-test/target/test-dir/MiniOzoneClusterImpl-a33d77e5-464b-4d19-8e6b-a171e580bf0e/datanode-0/data/ratis/b9f46ff9-6cd6-4c7f-881f-f59e7658e695: Starting segment from index:0
2019-09-20 09:27:27,018 [Thread-872] INFO  impl.RoleInfo (RoleInfo.java:shutdownFollowerState(121)) - 4840c00f-91d3-4881-a20b-4d0486ca97c0: shutdown FollowerState
2019-09-20 09:27:27,018 [4840c00f-91d3-4881-a20b-4d0486ca97c0:group-B7D8A17B7BB0:LeaderElection163] INFO  impl.RoleInfo (RoleInfo.java:shutdownLeaderElection(134)) - 4840c00f-91d3-4881-a20b-4d0486ca97c0: shutdown LeaderElection
2019-09-20 09:27:27,018 [4840c00f-91d3-4881-a20b-4d0486ca97c0:group-B7D8A17B7BB0:LeaderElection163] INFO  impl.RaftServerImpl (RaftServerImpl.java:setRole(171)) - 4840c00f-91d3-4881-a20b-4d0486ca97c0:group-B7D8A17B7BB0 changes role from CANDIDATE to LEADER at term 1 for changeToLeader
2019-09-20 09:27:27,018 [492ed782-6ab3-4ad9-945e-06def6ac7c96:group-52124656E3BD:LeaderElection161] INFO  impl.RoleInfo (RoleInfo.java:shutdownLeaderElection(134)) - 492ed782-6ab3-4ad9-945e-06def6ac7c96: shutdown LeaderElection
2019-09-20 09:27:27,019 [02b93e76-e4c6-4b67-b8a4-c536d9ab7224:group-F59E7658E695:LeaderElection138] INFO  impl.RaftServerImpl (ServerState.java:setRaftConf(361)) - 02b93e76-e4c6-4b67-b8a4-c536d9ab7224:group-F59E7658E695 set configuration 0: [02b93e76-e4c6-4b67-b8a4-c536d9ab7224:192.168.36.99:39343], old=null at 0
2019-09-20 09:27:27,017 [fd3cd5f9-4f1c-43ea-91b1-b85a1f6c3825:group-B212B9F51E67:LeaderElection164] INFO  impl.RaftServerImpl (RaftServerImpl.java:setRole(171)) - fd3cd5f9-4f1c-43ea-91b1-b85a1f6c3825:group-B212B9F51E67 changes role from CANDIDATE to LEADER at term 1 for changeToLeader
2019-09-20 09:27:27,019 [fd3cd5f9-4f1c-43ea-91b1-b85a1f6c3825:group-B212B9F51E67:LeaderElection164] INFO  impl.RaftServerImpl (ServerState.java:setLeader(263)) - fd3cd5f9-4f1c-43ea-91b1-b85a1f6c3825:group-B212B9F51E67 change Leader from null to fd3cd5f9-4f1c-43ea-91b1-b85a1f6c3825 at term 1 for becomeLeader, leader elected after 8054ms
2019-09-20 09:27:27,017 [02b93e76-e4c6-4b67-b8a4-c536d9ab7224:group-58FAC97ADBBF:LeaderElection165] INFO  impl.RoleInfo (RoleInfo.java:shutdownLeaderElection(134)) - 02b93e76-e4c6-4b67-b8a4-c536d9ab7224: shutdown LeaderElection
2019-09-20 09:27:27,019 [02b93e76-e4c6-4b67-b8a4-c536d9ab7224:group-58FAC97ADBBF:LeaderElection165] INFO  impl.RaftServerImpl (RaftServerImpl.java:setRole(171)) - 02b93e76-e4c6-4b67-b8a4-c536d9ab7224:group-58FAC97ADBBF changes role from CANDIDATE to LEADER at term 1 for changeToLeader
2019-09-20 09:27:27,017 [02b93e76-e4c6-4b67-b8a4-c536d9ab7224:group-C154D2514BB3:LeaderElection162] INFO  impl.RoleInfo (RoleInfo.java:shutdownLeaderElection(134)) - 02b93e76-e4c6-4b67-b8a4-c536d9ab7224: shutdown LeaderElection
2019-09-20 09:27:27,012 [fd3cd5f9-4f1c-43ea-91b1-b85a1f6c3825:group-9538580C016C:LeaderElection160] INFO  impl.LeaderElection (LeaderElection.java:askForVotes(181)) - fd3cd5f9-4f1c-43ea-91b1-b85a1f6c3825:group-9538580C016C:LeaderElection160: begin an election at term 1 for -1: [fd3cd5f9-4f1c-43ea-91b1-b85a1f6c3825:192.168.36.99:39114], old=null
2019-09-20 09:27:27,012 [871e6485-c22a-483f-9e07-d19e754685be:group-23EEB214DE2D:LeaderElection158] INFO  impl.LeaderElection (LeaderElection.java:askForVotes(181)) - 871e6485-c22a-483f-9e07-d19e754685be:group-23EEB214DE2D:LeaderElection158: begin an election at term 1 for -1: [871e6485-c22a-483f-9e07-d19e754685be:192.168.36.99:41076], old=null
2019-09-20 09:27:27,012 [492ed782-6ab3-4ad9-945e-06def6ac7c96:group-713047729168:LeaderElection169] INFO  impl.LeaderElection (LeaderElection.java:askForVotes(181)) - 492ed782-6ab3-4ad9-945e-06def6ac7c96:group-713047729168:LeaderElection169: begin an election at term 1 for -1: [492ed782-6ab3-4ad9-945e-06def6ac7c96:192.168.36.99:32835], old=null
2019-09-20 09:27:27,012 [fd3cd5f9-4f1c-43ea-91b1-b85a1f6c3825:group-CB71EC238721:LeaderElection168] INFO  impl.LeaderElection (LeaderElection.java:askForVotes(181)) - fd3cd5f9-4f1c-43ea-91b1-b85a1f6c3825:group-CB71EC238721:LeaderElection168: begin an election at term 1 for -1: [fd3cd5f9-4f1c-43ea-91b1-b85a1f6c3825:192.168.36.99:39114], old=null
2019-09-20 09:27:27,012 [871e6485-c22a-483f-9e07-d19e754685be:group-3B4B35C05CD0:LeaderElection166] INFO  impl.LeaderElection (LeaderElection.java:askForVotes(181)) - 871e6485-c22a-483f-9e07-d19e754685be:group-3B4B35C05CD0:LeaderElection166: begin an election at term 1 for -1: [871e6485-c22a-483f-9e07-d19e754685be:192.168.36.99:41076], old=null
2019-09-20 09:27:27,012 [fd3cd5f9-4f1c-43ea-91b1-b85a1f6c3825:group-EB58816D2005:LeaderElection159] INFO  impl.LeaderElection (LeaderElection.java:askForVotes(181)) - fd3cd5f9-4f1c-43ea-91b1-b85a1f6c3825:group-EB58816D2005:LeaderElection159: begin an election at term 1 for -1: [fd3cd5f9-4f1c-43ea-91b1-b85a1f6c3825:192.168.36.99:39114], old=null
2019-09-20 09:27:27,012 [871e6485-c22a-483f-9e07-d19e754685be:group-D16FDEDC5EA7:LeaderElection167] INFO  impl.LeaderElection (LeaderElection.java:askForVotes(181)) - 871e6485-c22a-483f-9e07-d19e754685be:group-D16FDEDC5EA7:LeaderElection167: begin an election at term 1 for -1: [871e6485-c22a-483f-9e07-d19e754685be:192.168.36.99:41076], old=null
2019-09-20 09:27:27,012 [871e6485-c22a-483f-9e07-d19e754685be:group-919889FFF3B7:LeaderElection170] INFO  impl.LeaderElection (LeaderElection.java:askForVotes(181)) - 871e6485-c22a-483f-9e07-d19e754685be:group-919889FFF3B7:LeaderElection170: begin an election at term 1 for -1: [871e6485-c22a-483f-9e07-d19e754685be:192.168.36.99:41076], old=null
2019-09-20 09:27:27,007 [492ed782-6ab3-4ad9-945e-06def6ac7c96:group-08449766F3EF:LeaderElection149] INFO  server.RaftServerConfigKeys (ConfUtils.java:logGet(43)) - raft.server.watch.timeout.denomination = 1s (default)
2019-09-20 09:27:27,003 [492ed782-6ab3-4ad9-945e-06def6ac7c96:group-AC17CE41094C:LeaderElection144] INFO  server.RaftServerConfigKeys (ConfUtils.java:logGet(43)) - raft.server.watch.timeout.denomination = 1s (default)
2019-09-20 09:27:26,999 [fd3cd5f9-4f1c-43ea-91b1-b85a1f6c3825-SegmentedRaftLogWorker:Storage Directory /workdir/hadoop-ozone/integration-test/target/test-dir/MiniOzoneClusterImpl-a33d77e5-464b-4d19-8e6b-a171e580bf0e/datanode-1/data/ratis/1bb5d7e1-a8ef-4e55-b88c-6744324157fb] INFO  impl.PendingRequests (PendingRequests.java:sendNotLeaderResponses(202)) - fd3cd5f9-4f1c-43ea-91b1-b85a1f6c3825-PendingRequests: sendNotLeaderResponses
2019-09-20 09:27:26,999 [492ed782-6ab3-4ad9-945e-06def6ac7c96-SegmentedRaftLogWorker:Storage Directory /workdir/hadoop-ozone/integration-test/target/test-dir/MiniOzoneClusterImpl-a33d77e5-464b-4d19-8e6b-a171e580bf0e/datanode-2/data/ratis/3dc72507-d271-47be-a7c5-80e08822c518] INFO  impl.RaftServerImpl (ServerState.java:close(394)) - 492ed782-6ab3-4ad9-945e-06def6ac7c96:group-80E08822C518 closes. The last applied log index is -1
2019-09-20 09:27:26,999 [871e6485-c22a-483f-9e07-d19e754685be-SegmentedRaftLogWorker:Storage Directory /workdir/hadoop-ozone/integration-test/target/test-dir/MiniOzoneClusterImpl-a33d77e5-464b-4d19-8e6b-a171e580bf0e/datanode-4/data/ratis/3dc72507-d271-47be-a7c5-80e08822c518] INFO  segmented.SegmentedRaftLogWorker (SegmentedRaftLogWorker.java:close(228)) - 871e6485-c22a-483f-9e07-d19e754685be-SegmentedRaftLogWorker:Storage Directory /workdir/hadoop-ozone/integration-test/target/test-dir/MiniOzoneClusterImpl-a33d77e5-464b-4d19-8e6b-a171e580bf0e/datanode-4/data/ratis/3dc72507-d271-47be-a7c5-80e08822c518 close()
2019-09-20 09:27:26,998 [Thread-1017] INFO  impl.FollowerState (FollowerState.java:run(114)) - 871e6485-c22a-483f-9e07-d19e754685be: FollowerState was interrupted: java.lang.InterruptedException: sleep interrupted
2019-09-20 09:27:26,998 [871e6485-c22a-483f-9e07-d19e754685be-SegmentedRaftLogWorker:Storage Directory /workdir/hadoop-ozone/integration-test/target/test-dir/MiniOzoneClusterImpl-a33d77e5-464b-4d19-8e6b-a171e580bf0e/datanode-4/data/ratis/11c0d268-50d7-478a-8c7c-37c7f6d04707] INFO  impl.StateMachineUpdater (StateMachineUpdater.java:stopAndJoin(115)) - StateMachineUpdater:871e6485-c22a-483f-9e07-d19e754685be:group-37C7F6D04707: set stopIndex = -1
2019-09-20 09:27:27,350 [871e6485-c22a-483f-9e07-d19e754685be-SegmentedRaftLogWorker:Storage Directory /workdir/hadoop-ozone/integration-test/target/test-dir/MiniOzoneClusterImpl-a33d77e5-464b-4d19-8e6b-a171e580bf0e/datanode-4/data/ratis/4fa2f39a-4660-4839-8de9-43eaf305b334] ERROR segmented.SegmentedRaftLogWorker (SegmentedRaftLogWorker.java:run(323)) - 871e6485-c22a-483f-9e07-d19e754685be-SegmentedRaftLogWorker:Storage Directory /workdir/hadoop-ozone/integration-test/target/test-dir/MiniOzoneClusterImpl-a33d77e5-464b-4d19-8e6b-a171e580bf0e/datanode-4/data/ratis/4fa2f39a-4660-4839-8de9-43eaf305b334 hit exception
java.lang.OutOfMemoryError: Direct buffer memory
	at java.nio.Bits.reserveMemory(Bits.java:666)
	at java.nio.DirectByteBuffer.<init>(DirectByteBuffer.java:123)
	at java.nio.ByteBuffer.allocateDirect(ByteBuffer.java:311)
	at org.apache.ratis.server.raftlog.segmented.BufferedWriteChannel.<init>(BufferedWriteChannel.java:41)
	at org.apache.ratis.server.raftlog.segmented.SegmentedRaftLogOutputStream.<init>(SegmentedRaftLogOutputStream.java:72)
	at org.apache.ratis.server.raftlog.segmented.SegmentedRaftLogWorker$StartLogSegment.execute(SegmentedRaftLogWorker.java:566)
	at org.apache.ratis.server.raftlog.segmented.SegmentedRaftLogWorker.run(SegmentedRaftLogWorker.java:289)
	at java.lang.Thread.run(Thread.java:748)
2019-09-20 09:27:26,998 [Thread-1016] INFO  impl.FollowerState (FollowerState.java:run(114)) - 4840c00f-91d3-4881-a20b-4d0486ca97c0: FollowerState was interrupted: java.lang.InterruptedException: sleep interrupted
2019-09-20 09:27:27,351 | INFO  | SCMAudit | user=jenkins1000 | ip=192.168.36.99 | op=SEND_HEARTBEAT {datanodeUUID=4840c00f-91d3-4881-a20b-4d0486ca97c0, command=[]} | ret=SUCCESS |  
2019-09-20 09:27:27,351 | INFO  | SCMAudit | user=jenkins1000 | ip=192.168.36.99 | op=SEND_HEARTBEAT {datanodeUUID=871e6485-c22a-483f-9e07-d19e754685be, command=[]} | ret=SUCCESS |  
2019-09-20 09:27:26,998 [492ed782-6ab3-4ad9-945e-06def6ac7c96-SegmentedRaftLogWorker:Storage Directory /workdir/hadoop-ozone/integration-test/target/test-dir/MiniOzoneClusterImpl-a33d77e5-464b-4d19-8e6b-a171e580bf0e/datanode-2/data/ratis/1cd975fb-5e54-4efb-8123-8a11821451d5] INFO  impl.PendingRequests (PendingRequests.java:sendNotLeaderResponses(202)) - 492ed782-6ab3-4ad9-945e-06def6ac7c96-PendingRequests: sendNotLeaderResponses
2019-09-20 09:27:27,351 | INFO  | SCMAudit | user=jenkins1000 | ip=192.168.36.99 | op=SEND_HEARTBEAT {datanodeUUID=02b93e76-e4c6-4b67-b8a4-c536d9ab7224, command=[]} | ret=SUCCESS |  
2019-09-20 09:27:26,998 [4840c00f-91d3-4881-a20b-4d0486ca97c0-SegmentedRaftLogWorker:Storage Directory /workdir/hadoop-ozone/integration-test/target/test-dir/MiniOzoneClusterImpl-a33d77e5-464b-4d19-8e6b-a171e580bf0e/datanode-3/data/ratis/11c0d268-50d7-478a-8c7c-37c7f6d04707] INFO  impl.StateMachineUpdater (StateMachineUpdater.java:stopAndJoin(115)) - StateMachineUpdater:4840c00f-91d3-4881-a20b-4d0486ca97c0:group-37C7F6D04707: set stopIndex = -1
2019-09-20 09:27:27,351 | INFO  | SCMAudit | user=jenkins1000 | ip=192.168.36.99 | op=SEND_HEARTBEAT {datanodeUUID=fd3cd5f9-4f1c-43ea-91b1-b85a1f6c3825, command=[]} | ret=SUCCESS |  
2019-09-20 09:27:26,998 [fd3cd5f9-4f1c-43ea-91b1-b85a1f6c3825:group-DC825D6FA250:LeaderElection151] INFO  server.RaftServerConfigKeys (ConfUtils.java:logGet(43)) - raft.server.watch.timeout.denomination = 1s (default)
2019-09-20 09:27:27,352 | INFO  | SCMAudit | user=jenkins1000 | ip=192.168.36.99 | op=SEND_HEARTBEAT {datanodeUUID=492ed782-6ab3-4ad9-945e-06def6ac7c96, command=[]} | ret=SUCCESS |  
2019-09-20 09:27:26,997 [871e6485-c22a-483f-9e07-d19e754685be-SegmentedRaftLogWorker:Storage Directory /workdir/hadoop-ozone/integration-test/target/test-dir/MiniOzoneClusterImpl-a33d77e5-464b-4d19-8e6b-a171e580bf0e/datanode-4/data/ratis/0b5ce0ef-bf6f-4100-9f61-75fd9d73f3ac] INFO  segmented.SegmentedRaftLogWorker (SegmentedRaftLogWorker.java:close(228)) - 871e6485-c22a-483f-9e07-d19e754685be-SegmentedRaftLogWorker:Storage Directory /workdir/hadoop-ozone/integration-test/target/test-dir/MiniOzoneClusterImpl-a33d77e5-464b-4d19-8e6b-a171e580bf0e/datanode-4/data/ratis/0b5ce0ef-bf6f-4100-9f61-75fd9d73f3ac close()
2019-09-20 09:27:27,352 | INFO  | SCMAudit | user=jenkins1000 | ip=192.168.36.99 | op=SEND_HEARTBEAT {datanodeUUID=dc7f40a9-6782-42c4-abab-c6b1682da047, command=[]} | ret=SUCCESS |  
2019-09-20 09:27:26,997 [fd3cd5f9-4f1c-43ea-91b1-b85a1f6c3825-SegmentedRaftLogWorker:Storage Directory /workdir/hadoop-ozone/integration-test/target/test-dir/MiniOzoneClusterImpl-a33d77e5-464b-4d19-8e6b-a171e580bf0e/datanode-1/data/ratis/cbe5a1bb-434c-4e0c-b710-a51e182927fb] INFO  segmented.SegmentedRaftLogWorker (SegmentedRaftLogWorker.java:close(228)) - fd3cd5f9-4f1c-43ea-91b1-b85a1f6c3825-SegmentedRaftLogWorker:Storage Directory /workdir/hadoop-ozone/integration-test/target/test-dir/MiniOzoneClusterImpl-a33d77e5-464b-4d19-8e6b-a171e580bf0e/datanode-1/data/ratis/cbe5a1bb-434c-4e0c-b710-a51e182927fb close()
2019-09-20 09:27:26,997 [492ed782-6ab3-4ad9-945e-06def6ac7c96:group-94590C91F56C:LeaderElection139] INFO  segmented.SegmentedRaftLogWorker (SegmentedRaftLogWorker.java:startLogSegment(380)) - 492ed782-6ab3-4ad9-945e-06def6ac7c96-SegmentedRaftLogWorker:Storage Directory /workdir/hadoop-ozone/integration-test/target/test-dir/MiniOzoneClusterImpl-a33d77e5-464b-4d19-8e6b-a171e580bf0e/datanode-2/data/ratis/3a1954ba-fc7c-4131-a86f-94590c91f56c: Starting segment from index:0
2019-09-20 09:27:26,997 [pool-49-thread-1] INFO  server.RaftServerConfigKeys (ConfUtils.java:logGet(43)) - raft.server.storage.dir = [/workdir/hadoop-ozone/integration-test/target/test-dir/MiniOzoneClusterImpl-a33d77e5-464b-4d19-8e6b-a171e580bf0e/datanode-2/data/ratis] (custom)
2019-09-20 09:27:26,997 [pool-27-thread-1] INFO  server.RaftServerConfigKeys (ConfUtils.java:logGet(43)) - raft.server.storage.dir = [/workdir/hadoop-ozone/integration-test/target/test-dir/MiniOzoneClusterImpl-a33d77e5-464b-4d19-8e6b-a171e580bf0e/datanode-0/data/ratis] (custom)
2019-09-20 09:27:27,362 [492ed782-6ab3-4ad9-945e-06def6ac7c96:group-94590C91F56C:LeaderElection139] INFO  impl.RaftServerImpl (ServerState.java:setRaftConf(361)) - 492ed782-6ab3-4ad9-945e-06def6ac7c96:group-94590C91F56C set configuration 0: [492ed782-6ab3-4ad9-945e-06def6ac7c96:192.168.36.99:32835], old=null at 0
2019-09-20 09:27:26,996 [pool-60-thread-1] INFO  server.RaftServerConfigKeys (ConfUtils.java:logGet(43)) - raft.server.log.appender.install.snapshot.enabled = false (custom)
2019-09-20 09:27:26,996 [fd3cd5f9-4f1c-43ea-91b1-b85a1f6c3825:group-E81D6153ACAD:LeaderElection148] INFO  server.RaftServerConfigKeys (ConfUtils.java:logGet(43)) - raft.server.watch.timeout = 10s (default)
2019-09-20 09:27:26,996 [dc7f40a9-6782-42c4-abab-c6b1682da047:group-96E04B49EB22:LeaderElection150] INFO  server.RaftServerConfigKeys (ConfUtils.java:logGet(43)) - raft.server.watch.timeout.denomination = 1s (default)
2019-09-20 09:27:26,996 [871e6485-c22a-483f-9e07-d19e754685be:group-DDA34E79B0A6:LeaderElection146] INFO  server.RaftServerConfigKeys (ConfUtils.java:logGet(43)) - raft.server.write.element-limit = 4096 (default)
2019-09-20 09:27:26,996 [fd3cd5f9-4f1c-43ea-91b1-b85a1f6c3825:group-81AC512AC710:LeaderElection145] INFO  server.RaftServerConfigKeys (ConfUtils.java:logGet(43)) - raft.server.watch.timeout = 10s (default)
2019-09-20 09:27:26,996 [02b93e76-e4c6-4b67-b8a4-c536d9ab7224:group-47261CD7EFDA:LeaderElection140] INFO  server.RaftServerConfigKeys (ConfUtils.java:logGet(43)) - raft.server.watch.timeout = 10s (default)
2019-09-20 09:27:26,995 [02b93e76-e4c6-4b67-b8a4-c536d9ab7224:group-FA2D925D22FE:LeaderElection147] INFO  server.RaftServerConfigKeys (ConfUtils.java:logGet(43)) - raft.server.watch.timeout = 10s (default)
2019-09-20 09:27:26,995 [871e6485-c22a-483f-9e07-d19e754685be:group-9A08C49E7350:LeaderElection156] INFO  server.RaftServerConfigKeys (ConfUtils.java:logGet(43)) - raft.server.write.element-limit = 4096 (default)
2019-09-20 09:27:26,995 [871e6485-c22a-483f-9e07-d19e754685be-SegmentedRaftLogWorker:Storage Directory /workdir/hadoop-ozone/integration-test/target/test-dir/MiniOzoneClusterImpl-a33d77e5-464b-4d19-8e6b-a171e580bf0e/datanode-4/data/ratis/98f4618a-d07b-4bfe-9325-2bc81ea4ec18] INFO  segmented.SegmentedRaftLogWorker (SegmentedRaftLogWorker.java:close(228)) - 871e6485-c22a-483f-9e07-d19e754685be-SegmentedRaftLogWorker:Storage Directory /workdir/hadoop-ozone/integration-test/target/test-dir/MiniOzoneClusterImpl-a33d77e5-464b-4d19-8e6b-a171e580bf0e/datanode-4/data/ratis/98f4618a-d07b-4bfe-9325-2bc81ea4ec18 close()
2019-09-20 09:27:26,995 [4840c00f-91d3-4881-a20b-4d0486ca97c0:group-F2908B59D0C1:LeaderElection157] INFO  server.RaftServerConfigKeys (ConfUtils.java:logGet(43)) - raft.server.staging.catchup.gap = 1000 (default)
2019-09-20 09:27:27,564 [4840c00f-91d3-4881-a20b-4d0486ca97c0:group-F2908B59D0C1:LeaderElection157] INFO  server.RaftServerConfigKeys (ConfUtils.java:logGet(43)) - raft.server.rpc.sleep.time = 25ms (default)
2019-09-20 09:27:26,995 [4840c00f-91d3-4881-a20b-4d0486ca97c0:group-1E855A8E02DA:LeaderElection155] INFO  server.RaftServerConfigKeys (ConfUtils.java:logGet(43)) - raft.server.staging.catchup.gap = 1000 (default)
2019-09-20 09:27:26,994 [871e6485-c22a-483f-9e07-d19e754685be-SegmentedRaftLogWorker:Storage Directory /workdir/hadoop-ozone/integration-test/target/test-dir/MiniOzoneClusterImpl-a33d77e5-464b-4d19-8e6b-a171e580bf0e/datanode-4/data/ratis/2366d198-bb52-4925-91ff-9ffbfdc002d6] INFO  impl.StateMachineUpdater (StateMachineUpdater.java:stopAndJoin(115)) - StateMachineUpdater:871e6485-c22a-483f-9e07-d19e754685be:group-9FFBFDC002D6: set stopIndex = -1
2019-09-20 09:27:27,565 [871e6485-c22a-483f-9e07-d19e754685be-SegmentedRaftLogWorker:Storage Directory /workdir/hadoop-ozone/integration-test/target/test-dir/MiniOzoneClusterImpl-a33d77e5-464b-4d19-8e6b-a171e580bf0e/datanode-4/data/ratis/2366d198-bb52-4925-91ff-9ffbfdc002d6] INFO  impl.RaftServerImpl (ServerState.java:close(394)) - 871e6485-c22a-483f-9e07-d19e754685be:group-9FFBFDC002D6 closes. The last applied log index is -1
2019-09-20 09:27:26,994 [492ed782-6ab3-4ad9-945e-06def6ac7c96:group-7160E3B153A6:LeaderElection152] INFO  server.RaftServerConfigKeys (ConfUtils.java:logGet(43)) - raft.server.watch.timeout = 10s (default)
2019-09-20 09:27:26,994 [492ed782-6ab3-4ad9-945e-06def6ac7c96:group-68C11BF58E25:LeaderElection154] INFO  server.RaftServerConfigKeys (ConfUtils.java:logGet(43)) - raft.server.write.element-limit = 4096 (default)
2019-09-20 09:27:26,994 [pool-38-thread-1] INFO  util.JmxRegister (JmxRegister.java:tryRegister(44)) - Successfully registered JMX Bean with object name Ratis:service=RaftServer,group=group-449CD00D9C0A,id=fd3cd5f9-4f1c-43ea-91b1-b85a1f6c3825
2019-09-20 09:27:26,994 [871e6485-c22a-483f-9e07-d19e754685be:group-B9897AFDAD88:LeaderElection153] INFO  server.RaftServerConfigKeys (ConfUtils.java:logGet(43)) - raft.server.watch.timeout.denomination = 1s (default)
2019-09-20 09:27:27,566 [871e6485-c22a-483f-9e07-d19e754685be:group-B9897AFDAD88:LeaderElection153] INFO  server.RaftServerConfigKeys (ConfUtils.java:logGet(43)) - raft.server.watch.element-limit = 65536 (default)
2019-09-20 09:27:26,993 [02b93e76-e4c6-4b67-b8a4-c536d9ab7224:group-C96EC6167C50:LeaderElection143] INFO  server.RaftServerConfigKeys (ConfUtils.java:logGet(43)) - raft.server.watch.element-limit = 65536 (default)
2019-09-20 09:27:26,993 [871e6485-c22a-483f-9e07-d19e754685be:group-FCBB119D2DA8:LeaderElection142] INFO  server.RaftServerConfigKeys (ConfUtils.java:logGet(43)) - raft.server.watch.element-limit = 65536 (default)
2019-09-20 09:27:26,993 [492ed782-6ab3-4ad9-945e-06def6ac7c96:group-890D473D7C7A:LeaderElection141] INFO  server.RaftServerConfigKeys (ConfUtils.java:logGet(43)) - raft.server.watch.timeout.denomination = 1s (default)
2019-09-20 09:27:27,566 [871e6485-c22a-483f-9e07-d19e754685be:group-FCBB119D2DA8:LeaderElection142] INFO  impl.RoleInfo (RoleInfo.java:updateAndGet(143)) - 871e6485-c22a-483f-9e07-d19e754685be: start LeaderState
2019-09-20 09:27:27,566 [02b93e76-e4c6-4b67-b8a4-c536d9ab7224:group-C96EC6167C50:LeaderElection143] INFO  impl.RoleInfo (RoleInfo.java:updateAndGet(143)) - 02b93e76-e4c6-4b67-b8a4-c536d9ab7224: start LeaderState
2019-09-20 09:27:27,566 [871e6485-c22a-483f-9e07-d19e754685be:group-B9897AFDAD88:LeaderElection153] INFO  impl.RoleInfo (RoleInfo.java:updateAndGet(143)) - 871e6485-c22a-483f-9e07-d19e754685be: start LeaderState
2019-09-20 09:27:27,565 [492ed782-6ab3-4ad9-945e-06def6ac7c96:group-68C11BF58E25:LeaderElection154] INFO  server.RaftServerConfigKeys (ConfUtils.java:logGet(43)) - raft.server.watch.timeout = 10s (default)
2019-09-20 09:27:27,567 [492ed782-6ab3-4ad9-945e-06def6ac7c96:group-68C11BF58E25:LeaderElection154] INFO  server.RaftServerConfigKeys (ConfUtils.java:logGet(43)) - raft.server.watch.timeout.denomination = 1s (default)
2019-09-20 09:27:27,565 [492ed782-6ab3-4ad9-945e-06def6ac7c96:group-7160E3B153A6:LeaderElection152] INFO  server.RaftServerConfigKeys (ConfUtils.java:logGet(43)) - raft.server.watch.timeout.denomination = 1s (default)
2019-09-20 09:27:27,565 [871e6485-c22a-483f-9e07-d19e754685be-SegmentedRaftLogWorker:Storage Directory /workdir/hadoop-ozone/integration-test/target/test-dir/MiniOzoneClusterImpl-a33d77e5-464b-4d19-8e6b-a171e580bf0e/datanode-4/data/ratis/2366d198-bb52-4925-91ff-9ffbfdc002d6] INFO  segmented.SegmentedRaftLogWorker (SegmentedRaftLogWorker.java:close(228)) - 871e6485-c22a-483f-9e07-d19e754685be-SegmentedRaftLogWorker:Storage Directory /workdir/hadoop-ozone/integration-test/target/test-dir/MiniOzoneClusterImpl-a33d77e5-464b-4d19-8e6b-a171e580bf0e/datanode-4/data/ratis/2366d198-bb52-4925-91ff-9ffbfdc002d6 close()
2019-09-20 09:27:27,565 [4840c00f-91d3-4881-a20b-4d0486ca97c0:group-1E855A8E02DA:LeaderElection155] INFO  server.RaftServerConfigKeys (ConfUtils.java:logGet(43)) - raft.server.rpc.sleep.time = 25ms (default)
2019-09-20 09:27:27,564 [4840c00f-91d3-4881-a20b-4d0486ca97c0:group-F2908B59D0C1:LeaderElection157] INFO  server.RaftServerConfigKeys (ConfUtils.java:logGet(43)) - raft.server.write.element-limit = 4096 (default)
2019-09-20 09:27:27,561 [871e6485-c22a-483f-9e07-d19e754685be:group-9A08C49E7350:LeaderElection156] INFO  server.RaftServerConfigKeys (ConfUtils.java:logGet(43)) - raft.server.watch.timeout = 10s (default)
2019-09-20 09:27:27,561 [02b93e76-e4c6-4b67-b8a4-c536d9ab7224:group-FA2D925D22FE:LeaderElection147] INFO  server.RaftServerConfigKeys (ConfUtils.java:logGet(43)) - raft.server.watch.timeout.denomination = 1s (default)
2019-09-20 09:27:27,560 [02b93e76-e4c6-4b67-b8a4-c536d9ab7224:group-47261CD7EFDA:LeaderElection140] INFO  server.RaftServerConfigKeys (ConfUtils.java:logGet(43)) - raft.server.watch.timeout.denomination = 1s (default)
2019-09-20 09:27:27,560 [fd3cd5f9-4f1c-43ea-91b1-b85a1f6c3825:group-81AC512AC710:LeaderElection145] INFO  server.RaftServerConfigKeys (ConfUtils.java:logGet(43)) - raft.server.watch.timeout.denomination = 1s (default)
2019-09-20 09:27:27,560 [871e6485-c22a-483f-9e07-d19e754685be:group-DDA34E79B0A6:LeaderElection146] INFO  server.RaftServerConfigKeys (ConfUtils.java:logGet(43)) - raft.server.watch.timeout = 10s (default)
2019-09-20 09:27:27,560 [dc7f40a9-6782-42c4-abab-c6b1682da047:group-96E04B49EB22:LeaderElection150] INFO  server.RaftServerConfigKeys (ConfUtils.java:logGet(43)) - raft.server.watch.element-limit = 65536 (default)
2019-09-20 09:27:27,560 [fd3cd5f9-4f1c-43ea-91b1-b85a1f6c3825:group-E81D6153ACAD:LeaderElection148] INFO  server.RaftServerConfigKeys (ConfUtils.java:logGet(43)) - raft.server.watch.timeout.denomination = 1s (default)
2019-09-20 09:27:27,560 [pool-27-thread-1] INFO  storage.RaftStorageDirectory (RaftStorageDirectory.java:analyzeStorage(246)) - The storage directory /workdir/hadoop-ozone/integration-test/target/test-dir/MiniOzoneClusterImpl-a33d77e5-464b-4d19-8e6b-a171e580bf0e/datanode-0/data/ratis/3974e938-29d0-4d8c-b998-791f2ccb98aa does not exist. Creating ...
2019-09-20 09:27:27,560 [pool-60-thread-1] INFO  impl.RaftServerImpl (ServerState.java:<init>(105)) - 4840c00f-91d3-4881-a20b-4d0486ca97c0:group-791F2CCB98AA ConfigurationManager, init=-1: [4840c00f-91d3-4881-a20b-4d0486ca97c0:192.168.36.99:41473, 492ed782-6ab3-4ad9-945e-06def6ac7c96:192.168.36.99:32835, 02b93e76-e4c6-4b67-b8a4-c536d9ab7224:192.168.36.99:39343], old=null, confs=<EMPTY_MAP>
2019-09-20 09:27:27,362 [pool-49-thread-1] INFO  storage.RaftStorageDirectory (RaftStorageDirectory.java:analyzeStorage(246)) - The storage directory /workdir/hadoop-ozone/integration-test/target/test-dir/MiniOzoneClusterImpl-a33d77e5-464b-4d19-8e6b-a171e580bf0e/datanode-2/data/ratis/3974e938-29d0-4d8c-b998-791f2ccb98aa does not exist. Creating ...
2019-09-20 09:27:27,572 [pool-60-thread-1] INFO  server.RaftServerConfigKeys (ConfUtils.java:logGet(43)) - raft.server.storage.dir = [/workdir/hadoop-ozone/integration-test/target/test-dir/MiniOzoneClusterImpl-a33d77e5-464b-4d19-8e6b-a171e580bf0e/datanode-3/data/ratis] (custom)
2019-09-20 09:27:27,352 [fd3cd5f9-4f1c-43ea-91b1-b85a1f6c3825:group-DC825D6FA250:LeaderElection151] INFO  server.RaftServerConfigKeys (ConfUtils.java:logGet(43)) - raft.server.watch.element-limit = 65536 (default)
2019-09-20 09:27:27,351 [492ed782-6ab3-4ad9-945e-06def6ac7c96-SegmentedRaftLogWorker:Storage Directory /workdir/hadoop-ozone/integration-test/target/test-dir/MiniOzoneClusterImpl-a33d77e5-464b-4d19-8e6b-a171e580bf0e/datanode-2/data/ratis/1cd975fb-5e54-4efb-8123-8a11821451d5] INFO  impl.StateMachineUpdater (StateMachineUpdater.java:stopAndJoin(115)) - StateMachineUpdater:492ed782-6ab3-4ad9-945e-06def6ac7c96:group-8A11821451D5: set stopIndex = -1
2019-09-20 09:27:27,351 [4840c00f-91d3-4881-a20b-4d0486ca97c0-SegmentedRaftLogWorker:Storage Directory /workdir/hadoop-ozone/integration-test/target/test-dir/MiniOzoneClusterImpl-a33d77e5-464b-4d19-8e6b-a171e580bf0e/datanode-3/data/ratis/11c0d268-50d7-478a-8c7c-37c7f6d04707] INFO  impl.RaftServerImpl (ServerState.java:close(394)) - 4840c00f-91d3-4881-a20b-4d0486ca97c0:group-37C7F6D04707 closes. The last applied log index is -1
2019-09-20 09:27:27,573 [pool-60-thread-1] INFO  storage.RaftStorageDirectory (RaftStorageDirectory.java:analyzeStorage(246)) - The storage directory /workdir/hadoop-ozone/integration-test/target/test-dir/MiniOzoneClusterImpl-a33d77e5-464b-4d19-8e6b-a171e580bf0e/datanode-3/data/ratis/3974e938-29d0-4d8c-b998-791f2ccb98aa does not exist. Creating ...
2019-09-20 09:27:27,573 [4840c00f-91d3-4881-a20b-4d0486ca97c0-SegmentedRaftLogWorker:Storage Directory /workdir/hadoop-ozone/integration-test/target/test-dir/MiniOzoneClusterImpl-a33d77e5-464b-4d19-8e6b-a171e580bf0e/datanode-3/data/ratis/11c0d268-50d7-478a-8c7c-37c7f6d04707] INFO  segmented.SegmentedRaftLogWorker (SegmentedRaftLogWorker.java:close(228)) - 4840c00f-91d3-4881-a20b-4d0486ca97c0-SegmentedRaftLogWorker:Storage Directory /workdir/hadoop-ozone/integration-test/target/test-dir/MiniOzoneClusterImpl-a33d77e5-464b-4d19-8e6b-a171e580bf0e/datanode-3/data/ratis/11c0d268-50d7-478a-8c7c-37c7f6d04707 close()
2019-09-20 09:27:27,351 [871e6485-c22a-483f-9e07-d19e754685be-SegmentedRaftLogWorker:Storage Directory /workdir/hadoop-ozone/integration-test/target/test-dir/MiniOzoneClusterImpl-a33d77e5-464b-4d19-8e6b-a171e580bf0e/datanode-4/data/ratis/4fa2f39a-4660-4839-8de9-43eaf305b334] INFO  impl.RaftServerImpl (RaftServerImpl.java:lambda$shutdown$3(245)) - 871e6485-c22a-483f-9e07-d19e754685be: shutdown group-43EAF305B334
2019-09-20 09:27:27,350 [871e6485-c22a-483f-9e07-d19e754685be-SegmentedRaftLogWorker:Storage Directory /workdir/hadoop-ozone/integration-test/target/test-dir/MiniOzoneClusterImpl-a33d77e5-464b-4d19-8e6b-a171e580bf0e/datanode-4/data/ratis/11c0d268-50d7-478a-8c7c-37c7f6d04707] INFO  impl.RaftServerImpl (ServerState.java:close(394)) - 871e6485-c22a-483f-9e07-d19e754685be:group-37C7F6D04707 closes. The last applied log index is -1
2019-09-20 09:27:27,573 [871e6485-c22a-483f-9e07-d19e754685be-SegmentedRaftLogWorker:Storage Directory /workdir/hadoop-ozone/integration-test/target/test-dir/MiniOzoneClusterImpl-a33d77e5-464b-4d19-8e6b-a171e580bf0e/datanode-4/data/ratis/4fa2f39a-4660-4839-8de9-43eaf305b334] INFO  util.JmxRegister (JmxRegister.java:unregister(73)) - Successfully un-registered JMX Bean with object name Ratis:service=RaftServer,group=group-43EAF305B334,id=871e6485-c22a-483f-9e07-d19e754685be
2019-09-20 09:27:27,350 [fd3cd5f9-4f1c-43ea-91b1-b85a1f6c3825:group-EFBA38E2D881:LeaderElection171] INFO  impl.LeaderElection (LeaderElection.java:askForVotes(181)) - fd3cd5f9-4f1c-43ea-91b1-b85a1f6c3825:group-EFBA38E2D881:LeaderElection171: begin an election at term 1 for -1: [fd3cd5f9-4f1c-43ea-91b1-b85a1f6c3825:192.168.36.99:39114], old=null
2019-09-20 09:27:27,022 [492ed782-6ab3-4ad9-945e-06def6ac7c96-SegmentedRaftLogWorker:Storage Directory /workdir/hadoop-ozone/integration-test/target/test-dir/MiniOzoneClusterImpl-a33d77e5-464b-4d19-8e6b-a171e580bf0e/datanode-2/data/ratis/3dc72507-d271-47be-a7c5-80e08822c518] INFO  segmented.SegmentedRaftLogWorker (SegmentedRaftLogWorker.java:close(228)) - 492ed782-6ab3-4ad9-945e-06def6ac7c96-SegmentedRaftLogWorker:Storage Directory /workdir/hadoop-ozone/integration-test/target/test-dir/MiniOzoneClusterImpl-a33d77e5-464b-4d19-8e6b-a171e580bf0e/datanode-2/data/ratis/3dc72507-d271-47be-a7c5-80e08822c518 close()
2019-09-20 09:27:27,021 [fd3cd5f9-4f1c-43ea-91b1-b85a1f6c3825-SegmentedRaftLogWorker:Storage Directory /workdir/hadoop-ozone/integration-test/target/test-dir/MiniOzoneClusterImpl-a33d77e5-464b-4d19-8e6b-a171e580bf0e/datanode-1/data/ratis/1bb5d7e1-a8ef-4e55-b88c-6744324157fb] INFO  impl.StateMachineUpdater (StateMachineUpdater.java:stopAndJoin(115)) - StateMachineUpdater:fd3cd5f9-4f1c-43ea-91b1-b85a1f6c3825:group-6744324157FB: set stopIndex = -1
2019-09-20 09:27:27,577 [fd3cd5f9-4f1c-43ea-91b1-b85a1f6c3825-SegmentedRaftLogWorker:Storage Directory /workdir/hadoop-ozone/integration-test/target/test-dir/MiniOzoneClusterImpl-a33d77e5-464b-4d19-8e6b-a171e580bf0e/datanode-1/data/ratis/1bb5d7e1-a8ef-4e55-b88c-6744324157fb] INFO  impl.RaftServerImpl (ServerState.java:close(394)) - fd3cd5f9-4f1c-43ea-91b1-b85a1f6c3825:group-6744324157FB closes. The last applied log index is -1
2019-09-20 09:27:27,021 [EventQueue-PipelineActionsForPipelineActionHandler] INFO  pipeline.PipelineStateManager (PipelineStateManager.java:finalizePipeline(123)) - Pipeline Pipeline[ Id: da33001c-f13c-48a6-bcef-eb665916b604, Nodes: 871e6485-c22a-483f-9e07-d19e754685be{ip: 192.168.36.99, host: pr-hdds-1569-p5fx8-1226042367, networkLocation: /default-rack, certSerialId: null}, Type:RATIS, Factor:ONE, State:CLOSED] moved to CLOSED state
2019-09-20 09:27:27,021 [492ed782-6ab3-4ad9-945e-06def6ac7c96:group-AC17CE41094C:LeaderElection144] INFO  server.RaftServerConfigKeys (ConfUtils.java:logGet(43)) - raft.server.watch.element-limit = 65536 (default)
2019-09-20 09:27:27,021 [492ed782-6ab3-4ad9-945e-06def6ac7c96:group-08449766F3EF:LeaderElection149] INFO  server.RaftServerConfigKeys (ConfUtils.java:logGet(43)) - raft.server.watch.element-limit = 65536 (default)
2019-09-20 09:27:27,021 [871e6485-c22a-483f-9e07-d19e754685be:group-919889FFF3B7:LeaderElection170] INFO  impl.RoleInfo (RoleInfo.java:shutdownLeaderElection(134)) - 871e6485-c22a-483f-9e07-d19e754685be: shutdown LeaderElection
2019-09-20 09:27:27,020 [871e6485-c22a-483f-9e07-d19e754685be:group-D16FDEDC5EA7:LeaderElection167] INFO  impl.RoleInfo (RoleInfo.java:shutdownLeaderElection(134)) - 871e6485-c22a-483f-9e07-d19e754685be: shutdown LeaderElection
2019-09-20 09:27:27,578 [871e6485-c22a-483f-9e07-d19e754685be:group-D16FDEDC5EA7:LeaderElection167] INFO  impl.RaftServerImpl (RaftServerImpl.java:setRole(171)) - 871e6485-c22a-483f-9e07-d19e754685be:group-D16FDEDC5EA7 changes role from CANDIDATE to LEADER at term 1 for changeToLeader
2019-09-20 09:27:27,020 [fd3cd5f9-4f1c-43ea-91b1-b85a1f6c3825:group-EB58816D2005:LeaderElection159] INFO  impl.RoleInfo (RoleInfo.java:shutdownLeaderElection(134)) - fd3cd5f9-4f1c-43ea-91b1-b85a1f6c3825: shutdown LeaderElection
2019-09-20 09:27:27,020 [871e6485-c22a-483f-9e07-d19e754685be:group-3B4B35C05CD0:LeaderElection166] INFO  impl.RoleInfo (RoleInfo.java:shutdownLeaderElection(134)) - 871e6485-c22a-483f-9e07-d19e754685be: shutdown LeaderElection
2019-09-20 09:27:27,020 [fd3cd5f9-4f1c-43ea-91b1-b85a1f6c3825:group-CB71EC238721:LeaderElection168] INFO  impl.RoleInfo (RoleInfo.java:shutdownLeaderElection(134)) - fd3cd5f9-4f1c-43ea-91b1-b85a1f6c3825: shutdown LeaderElection
2019-09-20 09:27:27,578 [fd3cd5f9-4f1c-43ea-91b1-b85a1f6c3825:group-CB71EC238721:LeaderElection168] INFO  impl.RaftServerImpl (RaftServerImpl.java:setRole(171)) - fd3cd5f9-4f1c-43ea-91b1-b85a1f6c3825:group-CB71EC238721 changes role from CANDIDATE to LEADER at term 1 for changeToLeader
2019-09-20 09:27:27,020 [492ed782-6ab3-4ad9-945e-06def6ac7c96:group-713047729168:LeaderElection169] INFO  impl.RoleInfo (RoleInfo.java:shutdownLeaderElection(134)) - 492ed782-6ab3-4ad9-945e-06def6ac7c96: shutdown LeaderElection
2019-09-20 09:27:27,020 [871e6485-c22a-483f-9e07-d19e754685be:group-23EEB214DE2D:LeaderElection158] INFO  impl.RoleInfo (RoleInfo.java:shutdownLeaderElection(134)) - 871e6485-c22a-483f-9e07-d19e754685be: shutdown LeaderElection
2019-09-20 09:27:27,020 [fd3cd5f9-4f1c-43ea-91b1-b85a1f6c3825:group-9538580C016C:LeaderElection160] INFO  impl.RoleInfo (RoleInfo.java:shutdownLeaderElection(134)) - fd3cd5f9-4f1c-43ea-91b1-b85a1f6c3825: shutdown LeaderElection
2019-09-20 09:27:27,019 [02b93e76-e4c6-4b67-b8a4-c536d9ab7224:group-C154D2514BB3:LeaderElection162] INFO  impl.RaftServerImpl (RaftServerImpl.java:setRole(171)) - 02b93e76-e4c6-4b67-b8a4-c536d9ab7224:group-C154D2514BB3 changes role from CANDIDATE to LEADER at term 1 for changeToLeader
2019-09-20 09:27:27,019 [02b93e76-e4c6-4b67-b8a4-c536d9ab7224:group-58FAC97ADBBF:LeaderElection165] INFO  impl.RaftServerImpl (ServerState.java:setLeader(263)) - 02b93e76-e4c6-4b67-b8a4-c536d9ab7224:group-58FAC97ADBBF change Leader from null to 02b93e76-e4c6-4b67-b8a4-c536d9ab7224 at term 1 for becomeLeader, leader elected after 7691ms
2019-09-20 09:27:27,019 [fd3cd5f9-4f1c-43ea-91b1-b85a1f6c3825:group-B212B9F51E67:LeaderElection164] INFO  server.RaftServerConfigKeys (ConfUtils.java:logGet(43)) - raft.server.staging.catchup.gap = 1000 (default)
2019-09-20 09:27:27,019 [492ed782-6ab3-4ad9-945e-06def6ac7c96:group-52124656E3BD:LeaderElection161] INFO  impl.RaftServerImpl (RaftServerImpl.java:setRole(171)) - 492ed782-6ab3-4ad9-945e-06def6ac7c96:group-52124656E3BD changes role from CANDIDATE to LEADER at term 1 for changeToLeader
2019-09-20 09:27:27,019 [4840c00f-91d3-4881-a20b-4d0486ca97c0:group-B7D8A17B7BB0:LeaderElection163] INFO  impl.RaftServerImpl (ServerState.java:setLeader(263)) - 4840c00f-91d3-4881-a20b-4d0486ca97c0:group-B7D8A17B7BB0 change Leader from null to 4840c00f-91d3-4881-a20b-4d0486ca97c0 at term 1 for becomeLeader, leader elected after 8104ms
2019-09-20 09:27:27,018 [Thread-872] INFO  impl.RaftServerImpl (RaftServerImpl.java:setRole(171)) - 4840c00f-91d3-4881-a20b-4d0486ca97c0:group-65B0EFE6E2D8 changes role from FOLLOWER to CANDIDATE at term 0 for changeToCandidate
2019-09-20 09:27:27,018 [4840c00f-91d3-4881-a20b-4d0486ca97c0:group-5F54FD10FDF3:LeaderElection137] INFO  server.RaftServerConfigKeys (ConfUtils.java:logGet(43)) - raft.server.watch.timeout = 10s (default)
2019-09-20 09:27:27,579 [4840c00f-91d3-4881-a20b-4d0486ca97c0:group-B7D8A17B7BB0:LeaderElection163] INFO  server.RaftServerConfigKeys (ConfUtils.java:logGet(43)) - raft.server.staging.catchup.gap = 1000 (default)
2019-09-20 09:27:27,579 [492ed782-6ab3-4ad9-945e-06def6ac7c96:group-52124656E3BD:LeaderElection161] INFO  impl.RaftServerImpl (ServerState.java:setLeader(263)) - 492ed782-6ab3-4ad9-945e-06def6ac7c96:group-52124656E3BD change Leader from null to 492ed782-6ab3-4ad9-945e-06def6ac7c96 at term 1 for becomeLeader, leader elected after 8422ms
2019-09-20 09:27:27,579 [fd3cd5f9-4f1c-43ea-91b1-b85a1f6c3825:group-B212B9F51E67:LeaderElection164] INFO  server.RaftServerConfigKeys (ConfUtils.java:logGet(43)) - raft.server.rpc.sleep.time = 25ms (default)
2019-09-20 09:27:27,579 [02b93e76-e4c6-4b67-b8a4-c536d9ab7224:group-58FAC97ADBBF:LeaderElection165] INFO  server.RaftServerConfigKeys (ConfUtils.java:logGet(43)) - raft.server.staging.catchup.gap = 1000 (default)
2019-09-20 09:27:27,579 [02b93e76-e4c6-4b67-b8a4-c536d9ab7224:group-C154D2514BB3:LeaderElection162] INFO  impl.RaftServerImpl (ServerState.java:setLeader(263)) - 02b93e76-e4c6-4b67-b8a4-c536d9ab7224:group-C154D2514BB3 change Leader from null to 02b93e76-e4c6-4b67-b8a4-c536d9ab7224 at term 1 for becomeLeader, leader elected after 8475ms
2019-09-20 09:27:27,578 [fd3cd5f9-4f1c-43ea-91b1-b85a1f6c3825:group-9538580C016C:LeaderElection160] INFO  impl.RaftServerImpl (RaftServerImpl.java:setRole(171)) - fd3cd5f9-4f1c-43ea-91b1-b85a1f6c3825:group-9538580C016C changes role from CANDIDATE to LEADER at term 1 for changeToLeader
2019-09-20 09:27:27,578 [EventQueue-PipelineActionsForPipelineActionHandler] ERROR pipeline.PipelineActionHandler (PipelineActionHandler.java:onMessage(60)) - Received pipeline action CLOSE for Pipeline[ Id: 63abeb18-6deb-460d-a3af-6fe48d9f1ae6, Nodes: 871e6485-c22a-483f-9e07-d19e754685be{ip: 192.168.36.99, host: pr-hdds-1569-p5fx8-1226042367, networkLocation: /default-rack, certSerialId: null}, Type:RATIS, Factor:ONE, State:OPEN] from datanode 871e6485-c22a-483f-9e07-d19e754685be{ip: 192.168.36.99, host: pr-hdds-1569-p5fx8-1226042367, networkLocation: /default-rack, certSerialId: null}. Reason : 871e6485-c22a-483f-9e07-d19e754685be is in candidate state for 11411ms
2019-09-20 09:27:27,578 [871e6485-c22a-483f-9e07-d19e754685be:group-23EEB214DE2D:LeaderElection158] INFO  impl.RaftServerImpl (RaftServerImpl.java:setRole(171)) - 871e6485-c22a-483f-9e07-d19e754685be:group-23EEB214DE2D changes role from CANDIDATE to LEADER at term 1 for changeToLeader
2019-09-20 09:27:27,580 [871e6485-c22a-483f-9e07-d19e754685be:group-23EEB214DE2D:LeaderElection158] INFO  impl.RaftServerImpl (ServerState.java:setLeader(263)) - 871e6485-c22a-483f-9e07-d19e754685be:group-23EEB214DE2D change Leader from null to 871e6485-c22a-483f-9e07-d19e754685be at term 1 for becomeLeader, leader elected after 8945ms
2019-09-20 09:27:27,578 [ReplicationMonitor] INFO  container.ReplicationManager (ReplicationManager.java:run(214)) - Replication Monitor Thread took 34204 milliseconds for processing 0 containers.
2019-09-20 09:27:27,578 [492ed782-6ab3-4ad9-945e-06def6ac7c96:group-713047729168:LeaderElection169] INFO  impl.RaftServerImpl (RaftServerImpl.java:setRole(171)) - 492ed782-6ab3-4ad9-945e-06def6ac7c96:group-713047729168 changes role from CANDIDATE to LEADER at term 1 for changeToLeader
2019-09-20 09:27:27,581 [492ed782-6ab3-4ad9-945e-06def6ac7c96:group-713047729168:LeaderElection169] INFO  impl.RaftServerImpl (ServerState.java:setLeader(263)) - 492ed782-6ab3-4ad9-945e-06def6ac7c96:group-713047729168 change Leader from null to 492ed782-6ab3-4ad9-945e-06def6ac7c96 at term 1 for becomeLeader, leader elected after 8717ms
2019-09-20 09:27:27,578 [fd3cd5f9-4f1c-43ea-91b1-b85a1f6c3825:group-CB71EC238721:LeaderElection168] INFO  impl.RaftServerImpl (ServerState.java:setLeader(263)) - fd3cd5f9-4f1c-43ea-91b1-b85a1f6c3825:group-CB71EC238721 change Leader from null to fd3cd5f9-4f1c-43ea-91b1-b85a1f6c3825 at term 1 for becomeLeader, leader elected after 7672ms
2019-09-20 09:27:27,578 [871e6485-c22a-483f-9e07-d19e754685be:group-3B4B35C05CD0:LeaderElection166] INFO  impl.RaftServerImpl (RaftServerImpl.java:setRole(171)) - 871e6485-c22a-483f-9e07-d19e754685be:group-3B4B35C05CD0 changes role from CANDIDATE to LEADER at term 1 for changeToLeader
2019-09-20 09:27:27,578 [fd3cd5f9-4f1c-43ea-91b1-b85a1f6c3825:group-EB58816D2005:LeaderElection159] INFO  impl.RaftServerImpl (RaftServerImpl.java:setRole(171)) - fd3cd5f9-4f1c-43ea-91b1-b85a1f6c3825:group-EB58816D2005 changes role from CANDIDATE to LEADER at term 1 for changeToLeader
2019-09-20 09:27:27,581 [fd3cd5f9-4f1c-43ea-91b1-b85a1f6c3825:group-EB58816D2005:LeaderElection159] INFO  impl.RaftServerImpl (ServerState.java:setLeader(263)) - fd3cd5f9-4f1c-43ea-91b1-b85a1f6c3825:group-EB58816D2005 change Leader from null to fd3cd5f9-4f1c-43ea-91b1-b85a1f6c3825 at term 1 for becomeLeader, leader elected after 9015ms
2019-09-20 09:27:27,578 [main] INFO  ozone.MiniOzoneClusterImpl (MiniOzoneClusterImpl.java:shutdown(321)) - Shutting down the Mini Ozone Cluster
2019-09-20 09:27:27,578 [871e6485-c22a-483f-9e07-d19e754685be:group-D16FDEDC5EA7:LeaderElection167] INFO  impl.RaftServerImpl (ServerState.java:setLeader(263)) - 871e6485-c22a-483f-9e07-d19e754685be:group-D16FDEDC5EA7 change Leader from null to 871e6485-c22a-483f-9e07-d19e754685be at term 1 for becomeLeader, leader elected after 7607ms
2019-09-20 09:27:27,577 [871e6485-c22a-483f-9e07-d19e754685be:group-919889FFF3B7:LeaderElection170] INFO  impl.RaftServerImpl (RaftServerImpl.java:setRole(171)) - 871e6485-c22a-483f-9e07-d19e754685be:group-919889FFF3B7 changes role from CANDIDATE to LEADER at term 1 for changeToLeader
2019-09-20 09:27:27,581 [871e6485-c22a-483f-9e07-d19e754685be:group-919889FFF3B7:LeaderElection170] INFO  impl.RaftServerImpl (ServerState.java:setLeader(263)) - 871e6485-c22a-483f-9e07-d19e754685be:group-919889FFF3B7 change Leader from null to 871e6485-c22a-483f-9e07-d19e754685be at term 1 for becomeLeader, leader elected after 8536ms
2019-09-20 09:27:27,577 [492ed782-6ab3-4ad9-945e-06def6ac7c96:group-08449766F3EF:LeaderElection149] INFO  impl.RoleInfo (RoleInfo.java:updateAndGet(143)) - 492ed782-6ab3-4ad9-945e-06def6ac7c96: start LeaderState
2019-09-20 09:27:27,582 | INFO  | SCMAudit | user=null | ip=null | op=GET_SCM_INFO null | ret=SUCCESS |  
2019-09-20 09:27:27,577 [492ed782-6ab3-4ad9-945e-06def6ac7c96:group-AC17CE41094C:LeaderElection144] INFO  impl.RoleInfo (RoleInfo.java:updateAndGet(143)) - 492ed782-6ab3-4ad9-945e-06def6ac7c96: start LeaderState
2019-09-20 09:27:27,577 [fd3cd5f9-4f1c-43ea-91b1-b85a1f6c3825-SegmentedRaftLogWorker:Storage Directory /workdir/hadoop-ozone/integration-test/target/test-dir/MiniOzoneClusterImpl-a33d77e5-464b-4d19-8e6b-a171e580bf0e/datanode-1/data/ratis/1bb5d7e1-a8ef-4e55-b88c-6744324157fb] INFO  segmented.SegmentedRaftLogWorker (SegmentedRaftLogWorker.java:close(228)) - fd3cd5f9-4f1c-43ea-91b1-b85a1f6c3825-SegmentedRaftLogWorker:Storage Directory /workdir/hadoop-ozone/integration-test/target/test-dir/MiniOzoneClusterImpl-a33d77e5-464b-4d19-8e6b-a171e580bf0e/datanode-1/data/ratis/1bb5d7e1-a8ef-4e55-b88c-6744324157fb close()
2019-09-20 09:27:27,573 [fd3cd5f9-4f1c-43ea-91b1-b85a1f6c3825:group-EFBA38E2D881:LeaderElection171] INFO  impl.RoleInfo (RoleInfo.java:shutdownLeaderElection(134)) - fd3cd5f9-4f1c-43ea-91b1-b85a1f6c3825: shutdown LeaderElection
2019-09-20 09:27:27,573 [871e6485-c22a-483f-9e07-d19e754685be-SegmentedRaftLogWorker:Storage Directory /workdir/hadoop-ozone/integration-test/target/test-dir/MiniOzoneClusterImpl-a33d77e5-464b-4d19-8e6b-a171e580bf0e/datanode-4/data/ratis/4fa2f39a-4660-4839-8de9-43eaf305b334] INFO  impl.RoleInfo (RoleInfo.java:shutdownLeaderState(104)) - 871e6485-c22a-483f-9e07-d19e754685be: shutdown LeaderState
2019-09-20 09:27:27,573 [871e6485-c22a-483f-9e07-d19e754685be-SegmentedRaftLogWorker:Storage Directory /workdir/hadoop-ozone/integration-test/target/test-dir/MiniOzoneClusterImpl-a33d77e5-464b-4d19-8e6b-a171e580bf0e/datanode-4/data/ratis/11c0d268-50d7-478a-8c7c-37c7f6d04707] INFO  segmented.SegmentedRaftLogWorker (SegmentedRaftLogWorker.java:close(228)) - 871e6485-c22a-483f-9e07-d19e754685be-SegmentedRaftLogWorker:Storage Directory /workdir/hadoop-ozone/integration-test/target/test-dir/MiniOzoneClusterImpl-a33d77e5-464b-4d19-8e6b-a171e580bf0e/datanode-4/data/ratis/11c0d268-50d7-478a-8c7c-37c7f6d04707 close()
2019-09-20 09:27:27,573 [492ed782-6ab3-4ad9-945e-06def6ac7c96-SegmentedRaftLogWorker:Storage Directory /workdir/hadoop-ozone/integration-test/target/test-dir/MiniOzoneClusterImpl-a33d77e5-464b-4d19-8e6b-a171e580bf0e/datanode-2/data/ratis/1cd975fb-5e54-4efb-8123-8a11821451d5] INFO  impl.RaftServerImpl (ServerState.java:close(394)) - 492ed782-6ab3-4ad9-945e-06def6ac7c96:group-8A11821451D5 closes. The last applied log index is -1
2019-09-20 09:27:27,572 [fd3cd5f9-4f1c-43ea-91b1-b85a1f6c3825:group-DC825D6FA250:LeaderElection151] INFO  impl.RoleInfo (RoleInfo.java:updateAndGet(143)) - fd3cd5f9-4f1c-43ea-91b1-b85a1f6c3825: start LeaderState
2019-09-20 09:27:27,572 [fd3cd5f9-4f1c-43ea-91b1-b85a1f6c3825:group-E81D6153ACAD:LeaderElection148] INFO  server.RaftServerConfigKeys (ConfUtils.java:logGet(43)) - raft.server.watch.element-limit = 65536 (default)
2019-09-20 09:27:27,571 [dc7f40a9-6782-42c4-abab-c6b1682da047:group-96E04B49EB22:LeaderElection150] INFO  impl.RoleInfo (RoleInfo.java:updateAndGet(143)) - dc7f40a9-6782-42c4-abab-c6b1682da047: start LeaderState
2019-09-20 09:27:27,571 [871e6485-c22a-483f-9e07-d19e754685be:group-DDA34E79B0A6:LeaderElection146] INFO  server.RaftServerConfigKeys (ConfUtils.java:logGet(43)) - raft.server.watch.timeout.denomination = 1s (default)
2019-09-20 09:27:27,586 [871e6485-c22a-483f-9e07-d19e754685be:group-DDA34E79B0A6:LeaderElection146] INFO  server.RaftServerConfigKeys (ConfUtils.java:logGet(43)) - raft.server.watch.element-limit = 65536 (default)
2019-09-20 09:27:27,571 [fd3cd5f9-4f1c-43ea-91b1-b85a1f6c3825:group-81AC512AC710:LeaderElection145] INFO  server.RaftServerConfigKeys (ConfUtils.java:logGet(43)) - raft.server.watch.element-limit = 65536 (default)
2019-09-20 09:27:27,571 [02b93e76-e4c6-4b67-b8a4-c536d9ab7224:group-47261CD7EFDA:LeaderElection140] INFO  server.RaftServerConfigKeys (ConfUtils.java:logGet(43)) - raft.server.watch.element-limit = 65536 (default)
2019-09-20 09:27:27,571 [02b93e76-e4c6-4b67-b8a4-c536d9ab7224:group-FA2D925D22FE:LeaderElection147] INFO  server.RaftServerConfigKeys (ConfUtils.java:logGet(43)) - raft.server.watch.element-limit = 65536 (default)
2019-09-20 09:27:27,571 [871e6485-c22a-483f-9e07-d19e754685be:group-9A08C49E7350:LeaderElection156] INFO  server.RaftServerConfigKeys (ConfUtils.java:logGet(43)) - raft.server.watch.timeout.denomination = 1s (default)
2019-09-20 09:27:27,571 [4840c00f-91d3-4881-a20b-4d0486ca97c0:group-F2908B59D0C1:LeaderElection157] INFO  server.RaftServerConfigKeys (ConfUtils.java:logGet(43)) - raft.server.watch.timeout = 10s (default)
2019-09-20 09:27:27,570 [4840c00f-91d3-4881-a20b-4d0486ca97c0:group-1E855A8E02DA:LeaderElection155] INFO  server.RaftServerConfigKeys (ConfUtils.java:logGet(43)) - raft.server.write.element-limit = 4096 (default)
2019-09-20 09:27:27,567 [492ed782-6ab3-4ad9-945e-06def6ac7c96:group-7160E3B153A6:LeaderElection152] INFO  server.RaftServerConfigKeys (ConfUtils.java:logGet(43)) - raft.server.watch.element-limit = 65536 (default)
2019-09-20 09:27:27,567 [492ed782-6ab3-4ad9-945e-06def6ac7c96:group-68C11BF58E25:LeaderElection154] INFO  server.RaftServerConfigKeys (ConfUtils.java:logGet(43)) - raft.server.watch.element-limit = 65536 (default)
2019-09-20 09:27:27,567 [871e6485-c22a-483f-9e07-d19e754685be:group-B9897AFDAD88:LeaderElection153] INFO  segmented.SegmentedRaftLogWorker (SegmentedRaftLogWorker.java:startLogSegment(380)) - 871e6485-c22a-483f-9e07-d19e754685be-SegmentedRaftLogWorker:Storage Directory /workdir/hadoop-ozone/integration-test/target/test-dir/MiniOzoneClusterImpl-a33d77e5-464b-4d19-8e6b-a171e580bf0e/datanode-4/data/ratis/4efacd98-2512-4d78-8dc9-b9897afdad88: Starting segment from index:0
2019-09-20 09:27:27,567 [02b93e76-e4c6-4b67-b8a4-c536d9ab7224:group-C96EC6167C50:LeaderElection143] INFO  segmented.SegmentedRaftLogWorker (SegmentedRaftLogWorker.java:startLogSegment(380)) - 02b93e76-e4c6-4b67-b8a4-c536d9ab7224-SegmentedRaftLogWorker:Storage Directory /workdir/hadoop-ozone/integration-test/target/test-dir/MiniOzoneClusterImpl-a33d77e5-464b-4d19-8e6b-a171e580bf0e/datanode-0/data/ratis/3374578f-183a-450d-9a72-c96ec6167c50: Starting segment from index:0
2019-09-20 09:27:27,567 [871e6485-c22a-483f-9e07-d19e754685be:group-FCBB119D2DA8:LeaderElection142] INFO  segmented.SegmentedRaftLogWorker (SegmentedRaftLogWorker.java:startLogSegment(380)) - 871e6485-c22a-483f-9e07-d19e754685be-SegmentedRaftLogWorker:Storage Directory /workdir/hadoop-ozone/integration-test/target/test-dir/MiniOzoneClusterImpl-a33d77e5-464b-4d19-8e6b-a171e580bf0e/datanode-4/data/ratis/3248fb02-d309-4138-94a6-fcbb119d2da8: Starting segment from index:0
2019-09-20 09:27:27,566 [492ed782-6ab3-4ad9-945e-06def6ac7c96:group-890D473D7C7A:LeaderElection141] INFO  server.RaftServerConfigKeys (ConfUtils.java:logGet(43)) - raft.server.watch.element-limit = 65536 (default)
2019-09-20 09:27:27,587 [871e6485-c22a-483f-9e07-d19e754685be:group-B9897AFDAD88:LeaderElection153] INFO  impl.RaftServerImpl (ServerState.java:setRaftConf(361)) - 871e6485-c22a-483f-9e07-d19e754685be:group-B9897AFDAD88 set configuration 0: [871e6485-c22a-483f-9e07-d19e754685be:192.168.36.99:41076], old=null at 0
2019-09-20 09:27:27,587 [492ed782-6ab3-4ad9-945e-06def6ac7c96:group-68C11BF58E25:LeaderElection154] INFO  impl.RoleInfo (RoleInfo.java:updateAndGet(143)) - 492ed782-6ab3-4ad9-945e-06def6ac7c96: start LeaderState
2019-09-20 09:27:27,588 [02b93e76-e4c6-4b67-b8a4-c536d9ab7224:group-C96EC6167C50:LeaderElection143] INFO  impl.RaftServerImpl (ServerState.java:setRaftConf(361)) - 02b93e76-e4c6-4b67-b8a4-c536d9ab7224:group-C96EC6167C50 set configuration 0: [02b93e76-e4c6-4b67-b8a4-c536d9ab7224:192.168.36.99:39343], old=null at 0
2019-09-20 09:27:27,587 [492ed782-6ab3-4ad9-945e-06def6ac7c96:group-7160E3B153A6:LeaderElection152] INFO  impl.RoleInfo (RoleInfo.java:updateAndGet(143)) - 492ed782-6ab3-4ad9-945e-06def6ac7c96: start LeaderState
2019-09-20 09:27:27,587 [4840c00f-91d3-4881-a20b-4d0486ca97c0:group-1E855A8E02DA:LeaderElection155] INFO  server.RaftServerConfigKeys (ConfUtils.java:logGet(43)) - raft.server.watch.timeout = 10s (default)
2019-09-20 09:27:27,588 [4840c00f-91d3-4881-a20b-4d0486ca97c0:group-1E855A8E02DA:LeaderElection155] INFO  server.RaftServerConfigKeys (ConfUtils.java:logGet(43)) - raft.server.watch.timeout.denomination = 1s (default)
2019-09-20 09:27:27,587 [4840c00f-91d3-4881-a20b-4d0486ca97c0:group-F2908B59D0C1:LeaderElection157] INFO  server.RaftServerConfigKeys (ConfUtils.java:logGet(43)) - raft.server.watch.timeout.denomination = 1s (default)
2019-09-20 09:27:27,586 [871e6485-c22a-483f-9e07-d19e754685be:group-9A08C49E7350:LeaderElection156] INFO  server.RaftServerConfigKeys (ConfUtils.java:logGet(43)) - raft.server.watch.element-limit = 65536 (default)
2019-09-20 09:27:27,586 [02b93e76-e4c6-4b67-b8a4-c536d9ab7224:group-FA2D925D22FE:LeaderElection147] INFO  impl.RoleInfo (RoleInfo.java:updateAndGet(143)) - 02b93e76-e4c6-4b67-b8a4-c536d9ab7224: start LeaderState
2019-09-20 09:27:27,586 [02b93e76-e4c6-4b67-b8a4-c536d9ab7224:group-47261CD7EFDA:LeaderElection140] INFO  impl.RoleInfo (RoleInfo.java:updateAndGet(143)) - 02b93e76-e4c6-4b67-b8a4-c536d9ab7224: start LeaderState
2019-09-20 09:27:27,586 [fd3cd5f9-4f1c-43ea-91b1-b85a1f6c3825:group-81AC512AC710:LeaderElection145] INFO  impl.RoleInfo (RoleInfo.java:updateAndGet(143)) - fd3cd5f9-4f1c-43ea-91b1-b85a1f6c3825: start LeaderState
2019-09-20 09:27:27,586 [871e6485-c22a-483f-9e07-d19e754685be:group-DDA34E79B0A6:LeaderElection146] INFO  impl.RoleInfo (RoleInfo.java:updateAndGet(143)) - 871e6485-c22a-483f-9e07-d19e754685be: start LeaderState
2019-09-20 09:27:27,586 [dc7f40a9-6782-42c4-abab-c6b1682da047:group-96E04B49EB22:LeaderElection150] INFO  segmented.SegmentedRaftLogWorker (SegmentedRaftLogWorker.java:startLogSegment(380)) - dc7f40a9-6782-42c4-abab-c6b1682da047-SegmentedRaftLogWorker:Storage Directory /workdir/hadoop-ozone/integration-test/target/test-dir/MiniOzoneClusterImpl-a33d77e5-464b-4d19-8e6b-a171e580bf0e/datanode-5/data/ratis/e1e7ff7f-7dac-4fd7-98bb-96e04b49eb22: Starting segment from index:0
2019-09-20 09:27:27,585 [fd3cd5f9-4f1c-43ea-91b1-b85a1f6c3825:group-E81D6153ACAD:LeaderElection148] INFO  impl.RoleInfo (RoleInfo.java:updateAndGet(143)) - fd3cd5f9-4f1c-43ea-91b1-b85a1f6c3825: start LeaderState
2019-09-20 09:27:27,585 [fd3cd5f9-4f1c-43ea-91b1-b85a1f6c3825:group-DC825D6FA250:LeaderElection151] INFO  segmented.SegmentedRaftLogWorker (SegmentedRaftLogWorker.java:startLogSegment(380)) - fd3cd5f9-4f1c-43ea-91b1-b85a1f6c3825-SegmentedRaftLogWorker:Storage Directory /workdir/hadoop-ozone/integration-test/target/test-dir/MiniOzoneClusterImpl-a33d77e5-464b-4d19-8e6b-a171e580bf0e/datanode-1/data/ratis/dd3ed292-cb4b-47d2-8f50-dc825d6fa250: Starting segment from index:0
2019-09-20 09:27:27,585 [492ed782-6ab3-4ad9-945e-06def6ac7c96-SegmentedRaftLogWorker:Storage Directory /workdir/hadoop-ozone/integration-test/target/test-dir/MiniOzoneClusterImpl-a33d77e5-464b-4d19-8e6b-a171e580bf0e/datanode-2/data/ratis/1cd975fb-5e54-4efb-8123-8a11821451d5] INFO  segmented.SegmentedRaftLogWorker (SegmentedRaftLogWorker.java:close(228)) - 492ed782-6ab3-4ad9-945e-06def6ac7c96-SegmentedRaftLogWorker:Storage Directory /workdir/hadoop-ozone/integration-test/target/test-dir/MiniOzoneClusterImpl-a33d77e5-464b-4d19-8e6b-a171e580bf0e/datanode-2/data/ratis/1cd975fb-5e54-4efb-8123-8a11821451d5 close()
2019-09-20 09:27:27,585 [871e6485-c22a-483f-9e07-d19e754685be-SegmentedRaftLogWorker:Storage Directory /workdir/hadoop-ozone/integration-test/target/test-dir/MiniOzoneClusterImpl-a33d77e5-464b-4d19-8e6b-a171e580bf0e/datanode-4/data/ratis/4fa2f39a-4660-4839-8de9-43eaf305b334] INFO  impl.PendingRequests (PendingRequests.java:sendNotLeaderResponses(202)) - 871e6485-c22a-483f-9e07-d19e754685be-PendingRequests: sendNotLeaderResponses
2019-09-20 09:27:27,585 [fd3cd5f9-4f1c-43ea-91b1-b85a1f6c3825:group-EFBA38E2D881:LeaderElection171] INFO  impl.RaftServerImpl (RaftServerImpl.java:setRole(171)) - fd3cd5f9-4f1c-43ea-91b1-b85a1f6c3825:group-EFBA38E2D881 changes role from CANDIDATE to LEADER at term 1 for changeToLeader
2019-09-20 09:27:27,582 [492ed782-6ab3-4ad9-945e-06def6ac7c96:group-AC17CE41094C:LeaderElection144] INFO  segmented.SegmentedRaftLogWorker (SegmentedRaftLogWorker.java:startLogSegment(380)) - 492ed782-6ab3-4ad9-945e-06def6ac7c96-SegmentedRaftLogWorker:Storage Directory /workdir/hadoop-ozone/integration-test/target/test-dir/MiniOzoneClusterImpl-a33d77e5-464b-4d19-8e6b-a171e580bf0e/datanode-2/data/ratis/4bb78101-5b17-4729-af6e-ac17ce41094c: Starting segment from index:0
2019-09-20 09:27:27,582 [492ed782-6ab3-4ad9-945e-06def6ac7c96:group-08449766F3EF:LeaderElection149] INFO  segmented.SegmentedRaftLogWorker (SegmentedRaftLogWorker.java:startLogSegment(380)) - 492ed782-6ab3-4ad9-945e-06def6ac7c96-SegmentedRaftLogWorker:Storage Directory /workdir/hadoop-ozone/integration-test/target/test-dir/MiniOzoneClusterImpl-a33d77e5-464b-4d19-8e6b-a171e580bf0e/datanode-2/data/ratis/aacc83b8-b84d-47ee-bcfc-08449766f3ef: Starting segment from index:0
2019-09-20 09:27:27,582 [main] INFO  ozone.MiniOzoneClusterImpl (MiniOzoneClusterImpl.java:stop(336)) - Stopping the Mini Ozone Cluster
2019-09-20 09:27:29,095 | INFO  | SCMAudit | user=jenkins1000 | ip=192.168.36.99 | op=SEND_HEARTBEAT {datanodeUUID=02b93e76-e4c6-4b67-b8a4-c536d9ab7224, command=[]} | ret=SUCCESS |  
2019-09-20 09:27:29,095 | INFO  | SCMAudit | user=jenkins1000 | ip=192.168.36.99 | op=SEND_HEARTBEAT {datanodeUUID=fd3cd5f9-4f1c-43ea-91b1-b85a1f6c3825, command=[]} | ret=SUCCESS |  
2019-09-20 09:27:29,095 | INFO  | SCMAudit | user=jenkins1000 | ip=192.168.36.99 | op=SEND_HEARTBEAT {datanodeUUID=871e6485-c22a-483f-9e07-d19e754685be, command=[]} | ret=SUCCESS |  
2019-09-20 09:27:29,095 | INFO  | SCMAudit | user=jenkins1000 | ip=192.168.36.99 | op=SEND_HEARTBEAT {datanodeUUID=492ed782-6ab3-4ad9-945e-06def6ac7c96, command=[]} | ret=SUCCESS |  
2019-09-20 09:27:28,873 [main] INFO  ozone.MiniOzoneClusterImpl (MiniOzoneClusterImpl.java:stop(338)) - Stopping the OzoneManager
2019-09-20 09:27:27,582 [871e6485-c22a-483f-9e07-d19e754685be:group-919889FFF3B7:LeaderElection170] INFO  server.RaftServerConfigKeys (ConfUtils.java:logGet(43)) - raft.server.staging.catchup.gap = 1000 (default)
2019-09-20 09:27:29,098 | INFO  | SCMAudit | user=jenkins1000 | ip=192.168.36.99 | op=SEND_HEARTBEAT {datanodeUUID=4840c00f-91d3-4881-a20b-4d0486ca97c0, command=[]} | ret=SUCCESS |  
2019-09-20 09:27:29,098 | INFO  | SCMAudit | user=jenkins1000 | ip=192.168.36.99 | op=SEND_HEARTBEAT {datanodeUUID=dc7f40a9-6782-42c4-abab-c6b1682da047, command=[]} | ret=SUCCESS |  
2019-09-20 09:27:27,581 [871e6485-c22a-483f-9e07-d19e754685be:group-D16FDEDC5EA7:LeaderElection167] INFO  server.RaftServerConfigKeys (ConfUtils.java:logGet(43)) - raft.server.staging.catchup.gap = 1000 (default)
2019-09-20 09:27:29,100 [org.apache.hadoop.util.JvmPauseMonitor$Monitor@64ce164f] INFO  util.JvmPauseMonitor (JvmPauseMonitor.java:run(205)) - Detected pause in JVM or host machine (eg GC): pause of approximately 1024ms
GC pool 'PS MarkSweep' had collection(s): count=7 time=1407ms
GC pool 'PS Scavenge' had collection(s): count=7 time=43ms
2019-09-20 09:27:27,581 [fd3cd5f9-4f1c-43ea-91b1-b85a1f6c3825:group-EB58816D2005:LeaderElection159] INFO  server.RaftServerConfigKeys (ConfUtils.java:logGet(43)) - raft.server.staging.catchup.gap = 1000 (default)
2019-09-20 09:27:27,581 [871e6485-c22a-483f-9e07-d19e754685be:group-3B4B35C05CD0:LeaderElection166] INFO  impl.RaftServerImpl (ServerState.java:setLeader(263)) - 871e6485-c22a-483f-9e07-d19e754685be:group-3B4B35C05CD0 change Leader from null to 871e6485-c22a-483f-9e07-d19e754685be at term 1 for becomeLeader, leader elected after 8346ms
2019-09-20 09:27:27,581 [fd3cd5f9-4f1c-43ea-91b1-b85a1f6c3825:group-CB71EC238721:LeaderElection168] INFO  server.RaftServerConfigKeys (ConfUtils.java:logGet(43)) - raft.server.staging.catchup.gap = 1000 (default)
2019-09-20 09:27:29,100 [fd3cd5f9-4f1c-43ea-91b1-b85a1f6c3825:group-CB71EC238721:LeaderElection168] INFO  server.RaftServerConfigKeys (ConfUtils.java:logGet(43)) - raft.server.rpc.sleep.time = 25ms (default)
2019-09-20 09:27:27,581 [492ed782-6ab3-4ad9-945e-06def6ac7c96:group-713047729168:LeaderElection169] INFO  server.RaftServerConfigKeys (ConfUtils.java:logGet(43)) - raft.server.staging.catchup.gap = 1000 (default)
2019-09-20 09:27:29,101 [492ed782-6ab3-4ad9-945e-06def6ac7c96:group-713047729168:LeaderElection169] INFO  server.RaftServerConfigKeys (ConfUtils.java:logGet(43)) - raft.server.rpc.sleep.time = 25ms (default)
2019-09-20 09:27:27,580 [871e6485-c22a-483f-9e07-d19e754685be:group-23EEB214DE2D:LeaderElection158] INFO  server.RaftServerConfigKeys (ConfUtils.java:logGet(43)) - raft.server.staging.catchup.gap = 1000 (default)
2019-09-20 09:27:29,101 [871e6485-c22a-483f-9e07-d19e754685be:group-23EEB214DE2D:LeaderElection158] INFO  server.RaftServerConfigKeys (ConfUtils.java:logGet(43)) - raft.server.rpc.sleep.time = 25ms (default)
2019-09-20 09:27:27,580 [EventQueue-PipelineActionsForPipelineActionHandler] INFO  pipeline.SCMPipelineManager (SCMPipelineManager.java:finalizeAndDestroyPipeline(311)) - destroying pipeline:Pipeline[ Id: 63abeb18-6deb-460d-a3af-6fe48d9f1ae6, Nodes: 871e6485-c22a-483f-9e07-d19e754685be{ip: 192.168.36.99, host: pr-hdds-1569-p5fx8-1226042367, networkLocation: /default-rack, certSerialId: null}, Type:RATIS, Factor:ONE, State:OPEN]
2019-09-20 09:27:27,580 [fd3cd5f9-4f1c-43ea-91b1-b85a1f6c3825:group-9538580C016C:LeaderElection160] INFO  impl.RaftServerImpl (ServerState.java:setLeader(263)) - fd3cd5f9-4f1c-43ea-91b1-b85a1f6c3825:group-9538580C016C change Leader from null to fd3cd5f9-4f1c-43ea-91b1-b85a1f6c3825 at term 1 for becomeLeader, leader elected after 8843ms
2019-09-20 09:27:27,580 [02b93e76-e4c6-4b67-b8a4-c536d9ab7224:group-C154D2514BB3:LeaderElection162] INFO  server.RaftServerConfigKeys (ConfUtils.java:logGet(43)) - raft.server.staging.catchup.gap = 1000 (default)
2019-09-20 09:27:27,580 [02b93e76-e4c6-4b67-b8a4-c536d9ab7224:group-58FAC97ADBBF:LeaderElection165] INFO  server.RaftServerConfigKeys (ConfUtils.java:logGet(43)) - raft.server.rpc.sleep.time = 25ms (default)
2019-09-20 09:27:29,102 [EventQueue-PipelineActionsForPipelineActionHandler] INFO  pipeline.PipelineStateManager (PipelineStateManager.java:finalizePipeline(123)) - Pipeline Pipeline[ Id: 63abeb18-6deb-460d-a3af-6fe48d9f1ae6, Nodes: 871e6485-c22a-483f-9e07-d19e754685be{ip: 192.168.36.99, host: pr-hdds-1569-p5fx8-1226042367, networkLocation: /default-rack, certSerialId: null}, Type:RATIS, Factor:ONE, State:CLOSED] moved to CLOSED state
2019-09-20 09:27:27,580 [fd3cd5f9-4f1c-43ea-91b1-b85a1f6c3825:group-B212B9F51E67:LeaderElection164] INFO  server.RaftServerConfigKeys (ConfUtils.java:logGet(43)) - raft.server.write.element-limit = 4096 (default)
2019-09-20 09:27:27,580 [492ed782-6ab3-4ad9-945e-06def6ac7c96:group-52124656E3BD:LeaderElection161] INFO  server.RaftServerConfigKeys (ConfUtils.java:logGet(43)) - raft.server.staging.catchup.gap = 1000 (default)
2019-09-20 09:27:27,579 [4840c00f-91d3-4881-a20b-4d0486ca97c0:group-B7D8A17B7BB0:LeaderElection163] INFO  server.RaftServerConfigKeys (ConfUtils.java:logGet(43)) - raft.server.rpc.sleep.time = 25ms (default)
2019-09-20 09:27:27,579 [Thread-872] ERROR ratis.XceiverServerRatis (XceiverServerRatis.java:triggerPipelineClose(561)) - pipeline Action CLOSE  on pipeline PipelineID=032a66c9-8f89-46f4-9094-65b0efe6e2d8.Reason : 4840c00f-91d3-4881-a20b-4d0486ca97c0 is in candidate state for 11185ms
2019-09-20 09:27:27,579 [4840c00f-91d3-4881-a20b-4d0486ca97c0:group-5F54FD10FDF3:LeaderElection137] INFO  server.RaftServerConfigKeys (ConfUtils.java:logGet(43)) - raft.server.watch.timeout.denomination = 1s (default)
2019-09-20 09:27:29,102 [Thread-872] INFO  impl.RoleInfo (RoleInfo.java:updateAndGet(143)) - 4840c00f-91d3-4881-a20b-4d0486ca97c0: start LeaderElection
2019-09-20 09:27:29,102 [4840c00f-91d3-4881-a20b-4d0486ca97c0:group-B7D8A17B7BB0:LeaderElection163] INFO  server.RaftServerConfigKeys (ConfUtils.java:logGet(43)) - raft.server.write.element-limit = 4096 (default)
2019-09-20 09:27:29,102 [492ed782-6ab3-4ad9-945e-06def6ac7c96:group-52124656E3BD:LeaderElection161] INFO  server.RaftServerConfigKeys (ConfUtils.java:logGet(43)) - raft.server.rpc.sleep.time = 25ms (default)
2019-09-20 09:27:29,102 [EventQueue-PipelineActionsForPipelineActionHandler] ERROR pipeline.PipelineActionHandler (PipelineActionHandler.java:onMessage(60)) - Received pipeline action CLOSE for Pipeline[ Id: 239197b1-ba5c-4e20-8f18-0fa20b5362b8, Nodes: 871e6485-c22a-483f-9e07-d19e754685be{ip: 192.168.36.99, host: pr-hdds-1569-p5fx8-1226042367, networkLocation: /default-rack, certSerialId: null}, Type:RATIS, Factor:ONE, State:OPEN] from datanode 871e6485-c22a-483f-9e07-d19e754685be{ip: 192.168.36.99, host: pr-hdds-1569-p5fx8-1226042367, networkLocation: /default-rack, certSerialId: null}. Reason : 871e6485-c22a-483f-9e07-d19e754685be is in candidate state for 11957ms
2019-09-20 09:27:29,102 [fd3cd5f9-4f1c-43ea-91b1-b85a1f6c3825:group-B212B9F51E67:LeaderElection164] INFO  server.RaftServerConfigKeys (ConfUtils.java:logGet(43)) - raft.server.watch.timeout = 10s (default)
2019-09-20 09:27:29,102 [02b93e76-e4c6-4b67-b8a4-c536d9ab7224:group-58FAC97ADBBF:LeaderElection165] INFO  server.RaftServerConfigKeys (ConfUtils.java:logGet(43)) - raft.server.write.element-limit = 4096 (default)
2019-09-20 09:27:29,101 [02b93e76-e4c6-4b67-b8a4-c536d9ab7224:group-C154D2514BB3:LeaderElection162] INFO  server.RaftServerConfigKeys (ConfUtils.java:logGet(43)) - raft.server.rpc.sleep.time = 25ms (default)
2019-09-20 09:27:29,101 [fd3cd5f9-4f1c-43ea-91b1-b85a1f6c3825:group-9538580C016C:LeaderElection160] INFO  server.RaftServerConfigKeys (ConfUtils.java:logGet(43)) - raft.server.staging.catchup.gap = 1000 (default)
2019-09-20 09:27:29,104 [fd3cd5f9-4f1c-43ea-91b1-b85a1f6c3825:group-9538580C016C:LeaderElection160] INFO  server.RaftServerConfigKeys (ConfUtils.java:logGet(43)) - raft.server.rpc.sleep.time = 25ms (default)
2019-09-20 09:27:29,101 [871e6485-c22a-483f-9e07-d19e754685be:group-23EEB214DE2D:LeaderElection158] INFO  server.RaftServerConfigKeys (ConfUtils.java:logGet(43)) - raft.server.write.element-limit = 4096 (default)
2019-09-20 09:27:29,101 [492ed782-6ab3-4ad9-945e-06def6ac7c96:group-713047729168:LeaderElection169] INFO  server.RaftServerConfigKeys (ConfUtils.java:logGet(43)) - raft.server.write.element-limit = 4096 (default)
2019-09-20 09:27:29,104 [492ed782-6ab3-4ad9-945e-06def6ac7c96:group-713047729168:LeaderElection169] INFO  server.RaftServerConfigKeys (ConfUtils.java:logGet(43)) - raft.server.watch.timeout = 10s (default)
2019-09-20 09:27:29,101 [fd3cd5f9-4f1c-43ea-91b1-b85a1f6c3825:group-CB71EC238721:LeaderElection168] INFO  server.RaftServerConfigKeys (ConfUtils.java:logGet(43)) - raft.server.write.element-limit = 4096 (default)
2019-09-20 09:27:29,100 [871e6485-c22a-483f-9e07-d19e754685be:group-3B4B35C05CD0:LeaderElection166] INFO  server.RaftServerConfigKeys (ConfUtils.java:logGet(43)) - raft.server.staging.catchup.gap = 1000 (default)
2019-09-20 09:27:29,100 [fd3cd5f9-4f1c-43ea-91b1-b85a1f6c3825:group-EB58816D2005:LeaderElection159] INFO  server.RaftServerConfigKeys (ConfUtils.java:logGet(43)) - raft.server.rpc.sleep.time = 25ms (default)
2019-09-20 09:27:29,100 [871e6485-c22a-483f-9e07-d19e754685be:group-D16FDEDC5EA7:LeaderElection167] INFO  server.RaftServerConfigKeys (ConfUtils.java:logGet(43)) - raft.server.rpc.sleep.time = 25ms (default)
2019-09-20 09:27:29,100 [871e6485-c22a-483f-9e07-d19e754685be:group-919889FFF3B7:LeaderElection170] INFO  server.RaftServerConfigKeys (ConfUtils.java:logGet(43)) - raft.server.rpc.sleep.time = 25ms (default)
2019-09-20 09:27:29,098 [main] INFO  ipc.Server (Server.java:stop(3082)) - Stopping server on 40706
2019-09-20 09:27:29,097 [492ed782-6ab3-4ad9-945e-06def6ac7c96:group-08449766F3EF:LeaderElection149] INFO  impl.RaftServerImpl (ServerState.java:setRaftConf(361)) - 492ed782-6ab3-4ad9-945e-06def6ac7c96:group-08449766F3EF set configuration 0: [492ed782-6ab3-4ad9-945e-06def6ac7c96:192.168.36.99:32835], old=null at 0
2019-09-20 09:27:29,095 [02b93e76-e4c6-4b67-b8a4-c536d9ab7224-SegmentedRaftLogWorker:Storage Directory /workdir/hadoop-ozone/integration-test/target/test-dir/MiniOzoneClusterImpl-a33d77e5-464b-4d19-8e6b-a171e580bf0e/datanode-0/data/ratis/b9f46ff9-6cd6-4c7f-881f-f59e7658e695] ERROR segmented.SegmentedRaftLogWorker (SegmentedRaftLogWorker.java:run(323)) - 02b93e76-e4c6-4b67-b8a4-c536d9ab7224-SegmentedRaftLogWorker:Storage Directory /workdir/hadoop-ozone/integration-test/target/test-dir/MiniOzoneClusterImpl-a33d77e5-464b-4d19-8e6b-a171e580bf0e/datanode-0/data/ratis/b9f46ff9-6cd6-4c7f-881f-f59e7658e695 hit exception
java.lang.OutOfMemoryError: Direct buffer memory
	at java.nio.Bits.reserveMemory(Bits.java:666)
	at java.nio.DirectByteBuffer.<init>(DirectByteBuffer.java:123)
	at java.nio.ByteBuffer.allocateDirect(ByteBuffer.java:311)
	at org.apache.ratis.server.raftlog.segmented.BufferedWriteChannel.<init>(BufferedWriteChannel.java:41)
	at org.apache.ratis.server.raftlog.segmented.SegmentedRaftLogOutputStream.<init>(SegmentedRaftLogOutputStream.java:72)
	at org.apache.ratis.server.raftlog.segmented.SegmentedRaftLogWorker$StartLogSegment.execute(SegmentedRaftLogWorker.java:566)
	at org.apache.ratis.server.raftlog.segmented.SegmentedRaftLogWorker.run(SegmentedRaftLogWorker.java:289)
	at java.lang.Thread.run(Thread.java:748)
2019-09-20 09:27:29,095 [Thread-955] INFO  impl.FollowerState (FollowerState.java:run(106)) - 4840c00f-91d3-4881-a20b-4d0486ca97c0:group-30E84BEB43D3 changes to CANDIDATE, lastRpcTime:10600, electionTimeout:5112ms
2019-09-20 09:27:28,887 [871e6485-c22a-483f-9e07-d19e754685be-SegmentedRaftLogWorker:Storage Directory /workdir/hadoop-ozone/integration-test/target/test-dir/MiniOzoneClusterImpl-a33d77e5-464b-4d19-8e6b-a171e580bf0e/datanode-4/data/ratis/2bbcdbf6-b262-40cb-807a-cc18d9b0fa0b] ERROR segmented.SegmentedRaftLogWorker (SegmentedRaftLogWorker.java:run(323)) - 871e6485-c22a-483f-9e07-d19e754685be-SegmentedRaftLogWorker:Storage Directory /workdir/hadoop-ozone/integration-test/target/test-dir/MiniOzoneClusterImpl-a33d77e5-464b-4d19-8e6b-a171e580bf0e/datanode-4/data/ratis/2bbcdbf6-b262-40cb-807a-cc18d9b0fa0b hit exception
java.lang.OutOfMemoryError: Direct buffer memory
	at java.nio.Bits.reserveMemory(Bits.java:666)
	at java.nio.DirectByteBuffer.<init>(DirectByteBuffer.java:123)
	at java.nio.ByteBuffer.allocateDirect(ByteBuffer.java:311)
	at org.apache.ratis.server.raftlog.segmented.BufferedWriteChannel.<init>(BufferedWriteChannel.java:41)
	at org.apache.ratis.server.raftlog.segmented.SegmentedRaftLogOutputStream.<init>(SegmentedRaftLogOutputStream.java:72)
	at org.apache.ratis.server.raftlog.segmented.SegmentedRaftLogWorker$StartLogSegment.execute(SegmentedRaftLogWorker.java:566)
	at org.apache.ratis.server.raftlog.segmented.SegmentedRaftLogWorker.run(SegmentedRaftLogWorker.java:289)
	at java.lang.Thread.run(Thread.java:748)
2019-09-20 09:27:28,887 [871e6485-c22a-483f-9e07-d19e754685be-SegmentedRaftLogWorker:Storage Directory /workdir/hadoop-ozone/integration-test/target/test-dir/MiniOzoneClusterImpl-a33d77e5-464b-4d19-8e6b-a171e580bf0e/datanode-4/data/ratis/17619cbc-8a06-418c-aec1-1ceed274464e] ERROR segmented.SegmentedRaftLogWorker (SegmentedRaftLogWorker.java:run(323)) - 871e6485-c22a-483f-9e07-d19e754685be-SegmentedRaftLogWorker:Storage Directory /workdir/hadoop-ozone/integration-test/target/test-dir/MiniOzoneClusterImpl-a33d77e5-464b-4d19-8e6b-a171e580bf0e/datanode-4/data/ratis/17619cbc-8a06-418c-aec1-1ceed274464e hit exception
java.lang.OutOfMemoryError: Direct buffer memory
	at java.nio.Bits.reserveMemory(Bits.java:666)
	at java.nio.DirectByteBuffer.<init>(DirectByteBuffer.java:123)
	at java.nio.ByteBuffer.allocateDirect(ByteBuffer.java:311)
	at org.apache.ratis.server.raftlog.segmented.BufferedWriteChannel.<init>(BufferedWriteChannel.java:41)
	at org.apache.ratis.server.raftlog.segmented.SegmentedRaftLogOutputStream.<init>(SegmentedRaftLogOutputStream.java:72)
	at org.apache.ratis.server.raftlog.segmented.SegmentedRaftLogWorker$StartLogSegment.execute(SegmentedRaftLogWorker.java:566)
	at org.apache.ratis.server.raftlog.segmented.SegmentedRaftLogWorker.run(SegmentedRaftLogWorker.java:289)
	at java.lang.Thread.run(Thread.java:748)
2019-09-20 09:27:27,593 [492ed782-6ab3-4ad9-945e-06def6ac7c96:group-AC17CE41094C:LeaderElection144] INFO  impl.RaftServerImpl (ServerState.java:setRaftConf(361)) - 492ed782-6ab3-4ad9-945e-06def6ac7c96:group-AC17CE41094C set configuration 0: [492ed782-6ab3-4ad9-945e-06def6ac7c96:192.168.36.99:32835], old=null at 0
2019-09-20 09:27:28,264 [pool-27-thread-1] INFO  storage.RaftStorageDirectory (RaftStorageDirectory.java:tryLock(328)) - Lock on /workdir/hadoop-ozone/integration-test/target/test-dir/MiniOzoneClusterImpl-a33d77e5-464b-4d19-8e6b-a171e580bf0e/datanode-0/data/ratis/3974e938-29d0-4d8c-b998-791f2ccb98aa/in_use.lock acquired by nodename 7145@pr-hdds-1569-p5fx8-1226042367
2019-09-20 09:27:28,264 [02b93e76-e4c6-4b67-b8a4-c536d9ab7224-SegmentedRaftLogWorker:Storage Directory /workdir/hadoop-ozone/integration-test/target/test-dir/MiniOzoneClusterImpl-a33d77e5-464b-4d19-8e6b-a171e580bf0e/datanode-0/data/ratis/e917479e-0d4f-440a-99e6-6330bc62d772] ERROR segmented.SegmentedRaftLogWorker (SegmentedRaftLogWorker.java:run(323)) - 02b93e76-e4c6-4b67-b8a4-c536d9ab7224-SegmentedRaftLogWorker:Storage Directory /workdir/hadoop-ozone/integration-test/target/test-dir/MiniOzoneClusterImpl-a33d77e5-464b-4d19-8e6b-a171e580bf0e/datanode-0/data/ratis/e917479e-0d4f-440a-99e6-6330bc62d772 hit exception
java.lang.OutOfMemoryError: Direct buffer memory
	at java.nio.Bits.reserveMemory(Bits.java:666)
	at java.nio.DirectByteBuffer.<init>(DirectByteBuffer.java:123)
	at java.nio.ByteBuffer.allocateDirect(ByteBuffer.java:311)
	at org.apache.ratis.server.raftlog.segmented.BufferedWriteChannel.<init>(BufferedWriteChannel.java:41)
	at org.apache.ratis.server.raftlog.segmented.SegmentedRaftLogOutputStream.<init>(SegmentedRaftLogOutputStream.java:72)
	at org.apache.ratis.server.raftlog.segmented.SegmentedRaftLogWorker$StartLogSegment.execute(SegmentedRaftLogWorker.java:566)
	at org.apache.ratis.server.raftlog.segmented.SegmentedRaftLogWorker.run(SegmentedRaftLogWorker.java:289)
	at java.lang.Thread.run(Thread.java:748)
2019-09-20 09:27:29,143 [02b93e76-e4c6-4b67-b8a4-c536d9ab7224-SegmentedRaftLogWorker:Storage Directory /workdir/hadoop-ozone/integration-test/target/test-dir/MiniOzoneClusterImpl-a33d77e5-464b-4d19-8e6b-a171e580bf0e/datanode-0/data/ratis/e917479e-0d4f-440a-99e6-6330bc62d772] INFO  impl.RaftServerImpl (RaftServerImpl.java:lambda$shutdown$3(245)) - 02b93e76-e4c6-4b67-b8a4-c536d9ab7224: shutdown group-6330BC62D772
2019-09-20 09:27:28,264 [pool-60-thread-1] INFO  storage.RaftStorageDirectory (RaftStorageDirectory.java:tryLock(328)) - Lock on /workdir/hadoop-ozone/integration-test/target/test-dir/MiniOzoneClusterImpl-a33d77e5-464b-4d19-8e6b-a171e580bf0e/datanode-3/data/ratis/3974e938-29d0-4d8c-b998-791f2ccb98aa/in_use.lock acquired by nodename 7145@pr-hdds-1569-p5fx8-1226042367
2019-09-20 09:27:28,264 [pool-49-thread-1] INFO  storage.RaftStorageDirectory (RaftStorageDirectory.java:tryLock(328)) - Lock on /workdir/hadoop-ozone/integration-test/target/test-dir/MiniOzoneClusterImpl-a33d77e5-464b-4d19-8e6b-a171e580bf0e/datanode-2/data/ratis/3974e938-29d0-4d8c-b998-791f2ccb98aa/in_use.lock acquired by nodename 7145@pr-hdds-1569-p5fx8-1226042367
2019-09-20 09:27:28,264 [4840c00f-91d3-4881-a20b-4d0486ca97c0-SegmentedRaftLogWorker:Storage Directory /workdir/hadoop-ozone/integration-test/target/test-dir/MiniOzoneClusterImpl-a33d77e5-464b-4d19-8e6b-a171e580bf0e/datanode-3/data/ratis/e3c19b05-496e-4525-937a-c4f071eb70cb] ERROR segmented.SegmentedRaftLogWorker (SegmentedRaftLogWorker.java:run(323)) - 4840c00f-91d3-4881-a20b-4d0486ca97c0-SegmentedRaftLogWorker:Storage Directory /workdir/hadoop-ozone/integration-test/target/test-dir/MiniOzoneClusterImpl-a33d77e5-464b-4d19-8e6b-a171e580bf0e/datanode-3/data/ratis/e3c19b05-496e-4525-937a-c4f071eb70cb hit exception
java.lang.OutOfMemoryError: Direct buffer memory
	at java.nio.Bits.reserveMemory(Bits.java:666)
	at java.nio.DirectByteBuffer.<init>(DirectByteBuffer.java:123)
	at java.nio.ByteBuffer.allocateDirect(ByteBuffer.java:311)
	at org.apache.ratis.server.raftlog.segmented.BufferedWriteChannel.<init>(BufferedWriteChannel.java:41)
	at org.apache.ratis.server.raftlog.segmented.SegmentedRaftLogOutputStream.<init>(SegmentedRaftLogOutputStream.java:72)
	at org.apache.ratis.server.raftlog.segmented.SegmentedRaftLogWorker$StartLogSegment.execute(SegmentedRaftLogWorker.java:566)
	at org.apache.ratis.server.raftlog.segmented.SegmentedRaftLogWorker.run(SegmentedRaftLogWorker.java:289)
	at java.lang.Thread.run(Thread.java:748)
2019-09-20 09:27:29,144 [4840c00f-91d3-4881-a20b-4d0486ca97c0-SegmentedRaftLogWorker:Storage Directory /workdir/hadoop-ozone/integration-test/target/test-dir/MiniOzoneClusterImpl-a33d77e5-464b-4d19-8e6b-a171e580bf0e/datanode-3/data/ratis/e3c19b05-496e-4525-937a-c4f071eb70cb] INFO  impl.RaftServerImpl (RaftServerImpl.java:lambda$shutdown$3(245)) - 4840c00f-91d3-4881-a20b-4d0486ca97c0: shutdown group-C4F071EB70CB
2019-09-20 09:27:28,264 [fd3cd5f9-4f1c-43ea-91b1-b85a1f6c3825-SegmentedRaftLogWorker:Storage Directory /workdir/hadoop-ozone/integration-test/target/test-dir/MiniOzoneClusterImpl-a33d77e5-464b-4d19-8e6b-a171e580bf0e/datanode-1/data/ratis/bbc96115-e053-47dc-9663-90579a7a1e42] ERROR segmented.SegmentedRaftLogWorker (SegmentedRaftLogWorker.java:run(323)) - fd3cd5f9-4f1c-43ea-91b1-b85a1f6c3825-SegmentedRaftLogWorker:Storage Directory /workdir/hadoop-ozone/integration-test/target/test-dir/MiniOzoneClusterImpl-a33d77e5-464b-4d19-8e6b-a171e580bf0e/datanode-1/data/ratis/bbc96115-e053-47dc-9663-90579a7a1e42 hit exception
java.lang.OutOfMemoryError: Direct buffer memory
	at java.nio.Bits.reserveMemory(Bits.java:666)
	at java.nio.DirectByteBuffer.<init>(DirectByteBuffer.java:123)
	at java.nio.ByteBuffer.allocateDirect(ByteBuffer.java:311)
	at org.apache.ratis.server.raftlog.segmented.BufferedWriteChannel.<init>(BufferedWriteChannel.java:41)
	at org.apache.ratis.server.raftlog.segmented.SegmentedRaftLogOutputStream.<init>(SegmentedRaftLogOutputStream.java:72)
	at org.apache.ratis.server.raftlog.segmented.SegmentedRaftLogWorker$StartLogSegment.execute(SegmentedRaftLogWorker.java:566)
	at org.apache.ratis.server.raftlog.segmented.SegmentedRaftLogWorker.run(SegmentedRaftLogWorker.java:289)
	at java.lang.Thread.run(Thread.java:748)
2019-09-20 09:27:28,264 [871e6485-c22a-483f-9e07-d19e754685be-SegmentedRaftLogWorker:Storage Directory /workdir/hadoop-ozone/integration-test/target/test-dir/MiniOzoneClusterImpl-a33d77e5-464b-4d19-8e6b-a171e580bf0e/datanode-4/data/ratis/1453f98f-3c75-4b4c-a51d-bcfc671dd016] ERROR segmented.SegmentedRaftLogWorker (SegmentedRaftLogWorker.java:run(323)) - 871e6485-c22a-483f-9e07-d19e754685be-SegmentedRaftLogWorker:Storage Directory /workdir/hadoop-ozone/integration-test/target/test-dir/MiniOzoneClusterImpl-a33d77e5-464b-4d19-8e6b-a171e580bf0e/datanode-4/data/ratis/1453f98f-3c75-4b4c-a51d-bcfc671dd016 hit exception
java.lang.OutOfMemoryError: Direct buffer memory
	at java.nio.Bits.reserveMemory(Bits.java:666)
	at java.nio.DirectByteBuffer.<init>(DirectByteBuffer.java:123)
	at java.nio.ByteBuffer.allocateDirect(ByteBuffer.java:311)
	at org.apache.ratis.server.raftlog.segmented.BufferedWriteChannel.<init>(BufferedWriteChannel.java:41)
	at org.apache.ratis.server.raftlog.segmented.SegmentedRaftLogOutputStream.<init>(SegmentedRaftLogOutputStream.java:72)
	at org.apache.ratis.server.raftlog.segmented.SegmentedRaftLogWorker$StartLogSegment.execute(SegmentedRaftLogWorker.java:566)
	at org.apache.ratis.server.raftlog.segmented.SegmentedRaftLogWorker.run(SegmentedRaftLogWorker.java:289)
	at java.lang.Thread.run(Thread.java:748)
2019-09-20 09:27:28,263 [Thread-886] WARN  util.JavaUtils (JavaUtils.java:sleep(250)) - Unexpected long sleep: sleep(5006ms) actually took 5620ms which is over the threshold 300ms
2019-09-20 09:27:28,263 [Thread-892] WARN  util.JavaUtils (JavaUtils.java:sleep(250)) - Unexpected long sleep: sleep(5099ms) actually took 5619ms which is over the threshold 300ms
2019-09-20 09:27:27,593 [fd3cd5f9-4f1c-43ea-91b1-b85a1f6c3825:group-EFBA38E2D881:LeaderElection171] INFO  impl.RaftServerImpl (ServerState.java:setLeader(263)) - fd3cd5f9-4f1c-43ea-91b1-b85a1f6c3825:group-EFBA38E2D881 change Leader from null to fd3cd5f9-4f1c-43ea-91b1-b85a1f6c3825 at term 1 for becomeLeader, leader elected after 9422ms
2019-09-20 09:27:27,593 [871e6485-c22a-483f-9e07-d19e754685be-SegmentedRaftLogWorker:Storage Directory /workdir/hadoop-ozone/integration-test/target/test-dir/MiniOzoneClusterImpl-a33d77e5-464b-4d19-8e6b-a171e580bf0e/datanode-4/data/ratis/4fa2f39a-4660-4839-8de9-43eaf305b334] INFO  impl.StateMachineUpdater (StateMachineUpdater.java:stopAndJoin(115)) - StateMachineUpdater:871e6485-c22a-483f-9e07-d19e754685be:group-43EAF305B334: set stopIndex = -1
2019-09-20 09:27:27,592 [fd3cd5f9-4f1c-43ea-91b1-b85a1f6c3825:group-DC825D6FA250:LeaderElection151] INFO  impl.RaftServerImpl (ServerState.java:setRaftConf(361)) - fd3cd5f9-4f1c-43ea-91b1-b85a1f6c3825:group-DC825D6FA250 set configuration 0: [fd3cd5f9-4f1c-43ea-91b1-b85a1f6c3825:192.168.36.99:39114], old=null at 0
2019-09-20 09:27:27,589 [dc7f40a9-6782-42c4-abab-c6b1682da047:group-96E04B49EB22:LeaderElection150] INFO  impl.RaftServerImpl (ServerState.java:setRaftConf(361)) - dc7f40a9-6782-42c4-abab-c6b1682da047:group-96E04B49EB22 set configuration 0: [dc7f40a9-6782-42c4-abab-c6b1682da047:192.168.36.99:40142], old=null at 0
2019-09-20 09:27:27,589 [fd3cd5f9-4f1c-43ea-91b1-b85a1f6c3825:group-E81D6153ACAD:LeaderElection148] INFO  segmented.SegmentedRaftLogWorker (SegmentedRaftLogWorker.java:startLogSegment(380)) - fd3cd5f9-4f1c-43ea-91b1-b85a1f6c3825-SegmentedRaftLogWorker:Storage Directory /workdir/hadoop-ozone/integration-test/target/test-dir/MiniOzoneClusterImpl-a33d77e5-464b-4d19-8e6b-a171e580bf0e/datanode-1/data/ratis/761ed929-deb2-4e13-9385-e81d6153acad: Starting segment from index:0
2019-09-20 09:27:27,589 [871e6485-c22a-483f-9e07-d19e754685be:group-DDA34E79B0A6:LeaderElection146] INFO  segmented.SegmentedRaftLogWorker (SegmentedRaftLogWorker.java:startLogSegment(380)) - 871e6485-c22a-483f-9e07-d19e754685be-SegmentedRaftLogWorker:Storage Directory /workdir/hadoop-ozone/integration-test/target/test-dir/MiniOzoneClusterImpl-a33d77e5-464b-4d19-8e6b-a171e580bf0e/datanode-4/data/ratis/5f4fa292-0eb2-4a47-8c03-dda34e79b0a6: Starting segment from index:0
2019-09-20 09:27:27,589 [fd3cd5f9-4f1c-43ea-91b1-b85a1f6c3825:group-81AC512AC710:LeaderElection145] INFO  segmented.SegmentedRaftLogWorker (SegmentedRaftLogWorker.java:startLogSegment(380)) - fd3cd5f9-4f1c-43ea-91b1-b85a1f6c3825-SegmentedRaftLogWorker:Storage Directory /workdir/hadoop-ozone/integration-test/target/test-dir/MiniOzoneClusterImpl-a33d77e5-464b-4d19-8e6b-a171e580bf0e/datanode-1/data/ratis/612f9ad6-fa66-4e0c-b515-81ac512ac710: Starting segment from index:0
2019-09-20 09:27:27,589 [02b93e76-e4c6-4b67-b8a4-c536d9ab7224:group-47261CD7EFDA:LeaderElection140] INFO  segmented.SegmentedRaftLogWorker (SegmentedRaftLogWorker.java:startLogSegment(380)) - 02b93e76-e4c6-4b67-b8a4-c536d9ab7224-SegmentedRaftLogWorker:Storage Directory /workdir/hadoop-ozone/integration-test/target/test-dir/MiniOzoneClusterImpl-a33d77e5-464b-4d19-8e6b-a171e580bf0e/datanode-0/data/ratis/952b8f30-c2db-42e1-8523-47261cd7efda: Starting segment from index:0
2019-09-20 09:27:27,589 [02b93e76-e4c6-4b67-b8a4-c536d9ab7224:group-FA2D925D22FE:LeaderElection147] INFO  segmented.SegmentedRaftLogWorker (SegmentedRaftLogWorker.java:startLogSegment(380)) - 02b93e76-e4c6-4b67-b8a4-c536d9ab7224-SegmentedRaftLogWorker:Storage Directory /workdir/hadoop-ozone/integration-test/target/test-dir/MiniOzoneClusterImpl-a33d77e5-464b-4d19-8e6b-a171e580bf0e/datanode-0/data/ratis/4b64e495-6f54-497b-a6ec-fa2d925d22fe: Starting segment from index:0
2019-09-20 09:27:27,589 [871e6485-c22a-483f-9e07-d19e754685be:group-9A08C49E7350:LeaderElection156] INFO  impl.RoleInfo (RoleInfo.java:updateAndGet(143)) - 871e6485-c22a-483f-9e07-d19e754685be: start LeaderState
2019-09-20 09:27:27,588 [4840c00f-91d3-4881-a20b-4d0486ca97c0:group-F2908B59D0C1:LeaderElection157] INFO  server.RaftServerConfigKeys (ConfUtils.java:logGet(43)) - raft.server.watch.element-limit = 65536 (default)
2019-09-20 09:27:27,588 [4840c00f-91d3-4881-a20b-4d0486ca97c0:group-1E855A8E02DA:LeaderElection155] INFO  server.RaftServerConfigKeys (ConfUtils.java:logGet(43)) - raft.server.watch.element-limit = 65536 (default)
2019-09-20 09:27:30,196 | INFO  | SCMAudit | user=jenkins1000 | ip=192.168.36.99 | op=SEND_HEARTBEAT {datanodeUUID=871e6485-c22a-483f-9e07-d19e754685be, command=[]} | ret=SUCCESS |  
2019-09-20 09:27:30,196 | INFO  | SCMAudit | user=jenkins1000 | ip=192.168.36.99 | op=SEND_HEARTBEAT {datanodeUUID=fd3cd5f9-4f1c-43ea-91b1-b85a1f6c3825, command=[]} | ret=SUCCESS |  
2019-09-20 09:27:30,196 | INFO  | SCMAudit | user=jenkins1000 | ip=192.168.36.99 | op=SEND_HEARTBEAT {datanodeUUID=dc7f40a9-6782-42c4-abab-c6b1682da047, command=[]} | ret=SUCCESS |  
2019-09-20 09:27:30,196 | INFO  | SCMAudit | user=jenkins1000 | ip=192.168.36.99 | op=SEND_HEARTBEAT {datanodeUUID=4840c00f-91d3-4881-a20b-4d0486ca97c0, command=[]} | ret=SUCCESS |  
2019-09-20 09:27:30,196 | INFO  | SCMAudit | user=jenkins1000 | ip=192.168.36.99 | op=SEND_HEARTBEAT {datanodeUUID=02b93e76-e4c6-4b67-b8a4-c536d9ab7224, command=[]} | ret=SUCCESS |  
2019-09-20 09:27:27,588 [492ed782-6ab3-4ad9-945e-06def6ac7c96:group-7160E3B153A6:LeaderElection152] INFO  segmented.SegmentedRaftLogWorker (SegmentedRaftLogWorker.java:startLogSegment(380)) - 492ed782-6ab3-4ad9-945e-06def6ac7c96-SegmentedRaftLogWorker:Storage Directory /workdir/hadoop-ozone/integration-test/target/test-dir/MiniOzoneClusterImpl-a33d77e5-464b-4d19-8e6b-a171e580bf0e/datanode-2/data/ratis/66dd09bd-0d9a-4fa4-b38c-7160e3b153a6: Starting segment from index:0
2019-09-20 09:27:30,197 | INFO  | SCMAudit | user=jenkins1000 | ip=192.168.36.99 | op=SEND_HEARTBEAT {datanodeUUID=492ed782-6ab3-4ad9-945e-06def6ac7c96, command=[]} | ret=SUCCESS |  
2019-09-20 09:27:27,588 [871e6485-c22a-483f-9e07-d19e754685be:group-FCBB119D2DA8:LeaderElection142] INFO  impl.RaftServerImpl (ServerState.java:setRaftConf(361)) - 871e6485-c22a-483f-9e07-d19e754685be:group-FCBB119D2DA8 set configuration 0: [871e6485-c22a-483f-9e07-d19e754685be:192.168.36.99:41076], old=null at 0
2019-09-20 09:27:27,588 [492ed782-6ab3-4ad9-945e-06def6ac7c96:group-68C11BF58E25:LeaderElection154] INFO  segmented.SegmentedRaftLogWorker (SegmentedRaftLogWorker.java:startLogSegment(380)) - 492ed782-6ab3-4ad9-945e-06def6ac7c96-SegmentedRaftLogWorker:Storage Directory /workdir/hadoop-ozone/integration-test/target/test-dir/MiniOzoneClusterImpl-a33d77e5-464b-4d19-8e6b-a171e580bf0e/datanode-2/data/ratis/af526850-cd10-4d62-b860-68c11bf58e25: Starting segment from index:0
2019-09-20 09:27:27,588 [492ed782-6ab3-4ad9-945e-06def6ac7c96:group-890D473D7C7A:LeaderElection141] INFO  impl.RoleInfo (RoleInfo.java:updateAndGet(143)) - 492ed782-6ab3-4ad9-945e-06def6ac7c96: start LeaderState
2019-09-20 09:27:30,355 [492ed782-6ab3-4ad9-945e-06def6ac7c96:group-7160E3B153A6:LeaderElection152] INFO  impl.RaftServerImpl (ServerState.java:setRaftConf(361)) - 492ed782-6ab3-4ad9-945e-06def6ac7c96:group-7160E3B153A6 set configuration 0: [492ed782-6ab3-4ad9-945e-06def6ac7c96:192.168.36.99:32835], old=null at 0
2019-09-20 09:27:30,354 [Thread-946] INFO  impl.FollowerState (FollowerState.java:run(106)) - 4840c00f-91d3-4881-a20b-4d0486ca97c0:group-6A1D135D282F changes to CANDIDATE, lastRpcTime:12011, electionTimeout:5003ms
2019-09-20 09:27:30,493 [492ed782-6ab3-4ad9-945e-06def6ac7c96:group-68C11BF58E25:LeaderElection154] INFO  impl.RaftServerImpl (ServerState.java:setRaftConf(361)) - 492ed782-6ab3-4ad9-945e-06def6ac7c96:group-68C11BF58E25 set configuration 0: [492ed782-6ab3-4ad9-945e-06def6ac7c96:192.168.36.99:32835], old=null at 0
2019-09-20 09:27:30,354 [Thread-1003] INFO  impl.FollowerState (FollowerState.java:run(106)) - 4840c00f-91d3-4881-a20b-4d0486ca97c0:group-746BFFF34F3B changes to CANDIDATE, lastRpcTime:10515, electionTimeout:5073ms
2019-09-20 09:27:30,354 [Thread-997] INFO  impl.FollowerState (FollowerState.java:run(106)) - 871e6485-c22a-483f-9e07-d19e754685be:group-D8E17CA343EE changes to CANDIDATE, lastRpcTime:10682, electionTimeout:5091ms
2019-09-20 09:27:30,354 [Thread-949] INFO  impl.FollowerState (FollowerState.java:run(106)) - fd3cd5f9-4f1c-43ea-91b1-b85a1f6c3825:group-851D3F2D4801 changes to CANDIDATE, lastRpcTime:11962, electionTimeout:5075ms
2019-09-20 09:27:30,354 [Thread-943] INFO  impl.FollowerState (FollowerState.java:run(106)) - fd3cd5f9-4f1c-43ea-91b1-b85a1f6c3825:group-599E264902A2 changes to CANDIDATE, lastRpcTime:12121, electionTimeout:5110ms
2019-09-20 09:27:30,494 [Thread-943] INFO  impl.RoleInfo (RoleInfo.java:shutdownFollowerState(121)) - fd3cd5f9-4f1c-43ea-91b1-b85a1f6c3825: shutdown FollowerState
2019-09-20 09:27:30,196 [4840c00f-91d3-4881-a20b-4d0486ca97c0:group-1E855A8E02DA:LeaderElection155] INFO  impl.RoleInfo (RoleInfo.java:updateAndGet(143)) - 4840c00f-91d3-4881-a20b-4d0486ca97c0: start LeaderState
2019-09-20 09:27:30,196 [4840c00f-91d3-4881-a20b-4d0486ca97c0:group-F2908B59D0C1:LeaderElection157] INFO  impl.RoleInfo (RoleInfo.java:updateAndGet(143)) - 4840c00f-91d3-4881-a20b-4d0486ca97c0: start LeaderState
2019-09-20 09:27:30,196 [492ed782-6ab3-4ad9-945e-06def6ac7c96-SegmentedRaftLogWorker:Storage Directory /workdir/hadoop-ozone/integration-test/target/test-dir/MiniOzoneClusterImpl-a33d77e5-464b-4d19-8e6b-a171e580bf0e/datanode-2/data/ratis/4bb78101-5b17-4729-af6e-ac17ce41094c] ERROR segmented.SegmentedRaftLogWorker (SegmentedRaftLogWorker.java:run(323)) - 492ed782-6ab3-4ad9-945e-06def6ac7c96-SegmentedRaftLogWorker:Storage Directory /workdir/hadoop-ozone/integration-test/target/test-dir/MiniOzoneClusterImpl-a33d77e5-464b-4d19-8e6b-a171e580bf0e/datanode-2/data/ratis/4bb78101-5b17-4729-af6e-ac17ce41094c hit exception
java.lang.OutOfMemoryError: Direct buffer memory
	at java.nio.Bits.reserveMemory(Bits.java:666)
	at java.nio.DirectByteBuffer.<init>(DirectByteBuffer.java:123)
	at java.nio.ByteBuffer.allocateDirect(ByteBuffer.java:311)
	at org.apache.ratis.server.raftlog.segmented.BufferedWriteChannel.<init>(BufferedWriteChannel.java:41)
	at org.apache.ratis.server.raftlog.segmented.SegmentedRaftLogOutputStream.<init>(SegmentedRaftLogOutputStream.java:72)
	at org.apache.ratis.server.raftlog.segmented.SegmentedRaftLogWorker$StartLogSegment.execute(SegmentedRaftLogWorker.java:566)
	at org.apache.ratis.server.raftlog.segmented.SegmentedRaftLogWorker.run(SegmentedRaftLogWorker.java:289)
	at java.lang.Thread.run(Thread.java:748)
2019-09-20 09:27:30,196 [fd3cd5f9-4f1c-43ea-91b1-b85a1f6c3825-SegmentedRaftLogWorker:Storage Directory /workdir/hadoop-ozone/integration-test/target/test-dir/MiniOzoneClusterImpl-a33d77e5-464b-4d19-8e6b-a171e580bf0e/datanode-1/data/ratis/dd3ed292-cb4b-47d2-8f50-dc825d6fa250] ERROR segmented.SegmentedRaftLogWorker (SegmentedRaftLogWorker.java:run(323)) - fd3cd5f9-4f1c-43ea-91b1-b85a1f6c3825-SegmentedRaftLogWorker:Storage Directory /workdir/hadoop-ozone/integration-test/target/test-dir/MiniOzoneClusterImpl-a33d77e5-464b-4d19-8e6b-a171e580bf0e/datanode-1/data/ratis/dd3ed292-cb4b-47d2-8f50-dc825d6fa250 hit exception
java.lang.OutOfMemoryError: Direct buffer memory
	at java.nio.Bits.reserveMemory(Bits.java:666)
	at java.nio.DirectByteBuffer.<init>(DirectByteBuffer.java:123)
	at java.nio.ByteBuffer.allocateDirect(ByteBuffer.java:311)
	at org.apache.ratis.server.raftlog.segmented.BufferedWriteChannel.<init>(BufferedWriteChannel.java:41)
	at org.apache.ratis.server.raftlog.segmented.SegmentedRaftLogOutputStream.<init>(SegmentedRaftLogOutputStream.java:72)
	at org.apache.ratis.server.raftlog.segmented.SegmentedRaftLogWorker$StartLogSegment.execute(SegmentedRaftLogWorker.java:566)
	at org.apache.ratis.server.raftlog.segmented.SegmentedRaftLogWorker.run(SegmentedRaftLogWorker.java:289)
	at java.lang.Thread.run(Thread.java:748)
2019-09-20 09:27:30,495 [fd3cd5f9-4f1c-43ea-91b1-b85a1f6c3825-SegmentedRaftLogWorker:Storage Directory /workdir/hadoop-ozone/integration-test/target/test-dir/MiniOzoneClusterImpl-a33d77e5-464b-4d19-8e6b-a171e580bf0e/datanode-1/data/ratis/dd3ed292-cb4b-47d2-8f50-dc825d6fa250] INFO  impl.RaftServerImpl (RaftServerImpl.java:lambda$shutdown$3(245)) - fd3cd5f9-4f1c-43ea-91b1-b85a1f6c3825: shutdown group-DC825D6FA250
2019-09-20 09:27:30,196 [492ed782-6ab3-4ad9-945e-06def6ac7c96-SegmentedRaftLogWorker:Storage Directory /workdir/hadoop-ozone/integration-test/target/test-dir/MiniOzoneClusterImpl-a33d77e5-464b-4d19-8e6b-a171e580bf0e/datanode-2/data/ratis/aacc83b8-b84d-47ee-bcfc-08449766f3ef] ERROR segmented.SegmentedRaftLogWorker (SegmentedRaftLogWorker.java:run(323)) - 492ed782-6ab3-4ad9-945e-06def6ac7c96-SegmentedRaftLogWorker:Storage Directory /workdir/hadoop-ozone/integration-test/target/test-dir/MiniOzoneClusterImpl-a33d77e5-464b-4d19-8e6b-a171e580bf0e/datanode-2/data/ratis/aacc83b8-b84d-47ee-bcfc-08449766f3ef hit exception
java.lang.OutOfMemoryError: Direct buffer memory
	at java.nio.Bits.reserveMemory(Bits.java:666)
	at java.nio.DirectByteBuffer.<init>(DirectByteBuffer.java:123)
	at java.nio.ByteBuffer.allocateDirect(ByteBuffer.java:311)
	at org.apache.ratis.server.raftlog.segmented.BufferedWriteChannel.<init>(BufferedWriteChannel.java:41)
	at org.apache.ratis.server.raftlog.segmented.SegmentedRaftLogOutputStream.<init>(SegmentedRaftLogOutputStream.java:72)
	at org.apache.ratis.server.raftlog.segmented.SegmentedRaftLogWorker$StartLogSegment.execute(SegmentedRaftLogWorker.java:566)
	at org.apache.ratis.server.raftlog.segmented.SegmentedRaftLogWorker.run(SegmentedRaftLogWorker.java:289)
	at java.lang.Thread.run(Thread.java:748)
2019-09-20 09:27:30,196 [02b93e76-e4c6-4b67-b8a4-c536d9ab7224-SegmentedRaftLogWorker:Storage Directory /workdir/hadoop-ozone/integration-test/target/test-dir/MiniOzoneClusterImpl-a33d77e5-464b-4d19-8e6b-a171e580bf0e/datanode-0/data/ratis/3374578f-183a-450d-9a72-c96ec6167c50] ERROR segmented.SegmentedRaftLogWorker (SegmentedRaftLogWorker.java:run(323)) - 02b93e76-e4c6-4b67-b8a4-c536d9ab7224-SegmentedRaftLogWorker:Storage Directory /workdir/hadoop-ozone/integration-test/target/test-dir/MiniOzoneClusterImpl-a33d77e5-464b-4d19-8e6b-a171e580bf0e/datanode-0/data/ratis/3374578f-183a-450d-9a72-c96ec6167c50 hit exception
java.lang.OutOfMemoryError: Direct buffer memory
	at java.nio.Bits.reserveMemory(Bits.java:666)
	at java.nio.DirectByteBuffer.<init>(DirectByteBuffer.java:123)
	at java.nio.ByteBuffer.allocateDirect(ByteBuffer.java:311)
	at org.apache.ratis.server.raftlog.segmented.BufferedWriteChannel.<init>(BufferedWriteChannel.java:41)
	at org.apache.ratis.server.raftlog.segmented.SegmentedRaftLogOutputStream.<init>(SegmentedRaftLogOutputStream.java:72)
	at org.apache.ratis.server.raftlog.segmented.SegmentedRaftLogWorker$StartLogSegment.execute(SegmentedRaftLogWorker.java:566)
	at org.apache.ratis.server.raftlog.segmented.SegmentedRaftLogWorker.run(SegmentedRaftLogWorker.java:289)
	at java.lang.Thread.run(Thread.java:748)
2019-09-20 09:27:30,196 [871e6485-c22a-483f-9e07-d19e754685be-SegmentedRaftLogWorker:Storage Directory /workdir/hadoop-ozone/integration-test/target/test-dir/MiniOzoneClusterImpl-a33d77e5-464b-4d19-8e6b-a171e580bf0e/datanode-4/data/ratis/3248fb02-d309-4138-94a6-fcbb119d2da8] ERROR segmented.SegmentedRaftLogWorker (SegmentedRaftLogWorker.java:run(323)) - 871e6485-c22a-483f-9e07-d19e754685be-SegmentedRaftLogWorker:Storage Directory /workdir/hadoop-ozone/integration-test/target/test-dir/MiniOzoneClusterImpl-a33d77e5-464b-4d19-8e6b-a171e580bf0e/datanode-4/data/ratis/3248fb02-d309-4138-94a6-fcbb119d2da8 hit exception
java.lang.OutOfMemoryError: Direct buffer memory
	at java.nio.Bits.reserveMemory(Bits.java:666)
	at java.nio.DirectByteBuffer.<init>(DirectByteBuffer.java:123)
	at java.nio.ByteBuffer.allocateDirect(ByteBuffer.java:311)
	at org.apache.ratis.server.raftlog.segmented.BufferedWriteChannel.<init>(BufferedWriteChannel.java:41)
	at org.apache.ratis.server.raftlog.segmented.SegmentedRaftLogOutputStream.<init>(SegmentedRaftLogOutputStream.java:72)
	at org.apache.ratis.server.raftlog.segmented.SegmentedRaftLogWorker$StartLogSegment.execute(SegmentedRaftLogWorker.java:566)
	at org.apache.ratis.server.raftlog.segmented.SegmentedRaftLogWorker.run(SegmentedRaftLogWorker.java:289)
	at java.lang.Thread.run(Thread.java:748)
2019-09-20 09:27:29,990 [02b93e76-e4c6-4b67-b8a4-c536d9ab7224:group-FA2D925D22FE:LeaderElection147] INFO  impl.RaftServerImpl (ServerState.java:setRaftConf(361)) - 02b93e76-e4c6-4b67-b8a4-c536d9ab7224:group-FA2D925D22FE set configuration 0: [02b93e76-e4c6-4b67-b8a4-c536d9ab7224:192.168.36.99:39343], old=null at 0
2019-09-20 09:27:29,990 [871e6485-c22a-483f-9e07-d19e754685be:group-9A08C49E7350:LeaderElection156] INFO  segmented.SegmentedRaftLogWorker (SegmentedRaftLogWorker.java:startLogSegment(380)) - 871e6485-c22a-483f-9e07-d19e754685be-SegmentedRaftLogWorker:Storage Directory /workdir/hadoop-ozone/integration-test/target/test-dir/MiniOzoneClusterImpl-a33d77e5-464b-4d19-8e6b-a171e580bf0e/datanode-4/data/ratis/1608c481-8e99-48cb-81f5-9a08c49e7350: Starting segment from index:0
2019-09-20 09:27:29,985 [871e6485-c22a-483f-9e07-d19e754685be-SegmentedRaftLogWorker:Storage Directory /workdir/hadoop-ozone/integration-test/target/test-dir/MiniOzoneClusterImpl-a33d77e5-464b-4d19-8e6b-a171e580bf0e/datanode-4/data/ratis/4efacd98-2512-4d78-8dc9-b9897afdad88] ERROR segmented.SegmentedRaftLogWorker (SegmentedRaftLogWorker.java:run(323)) - 871e6485-c22a-483f-9e07-d19e754685be-SegmentedRaftLogWorker:Storage Directory /workdir/hadoop-ozone/integration-test/target/test-dir/MiniOzoneClusterImpl-a33d77e5-464b-4d19-8e6b-a171e580bf0e/datanode-4/data/ratis/4efacd98-2512-4d78-8dc9-b9897afdad88 hit exception
java.lang.OutOfMemoryError: Direct buffer memory
	at java.nio.Bits.reserveMemory(Bits.java:666)
	at java.nio.DirectByteBuffer.<init>(DirectByteBuffer.java:123)
	at java.nio.ByteBuffer.allocateDirect(ByteBuffer.java:311)
	at org.apache.ratis.server.raftlog.segmented.BufferedWriteChannel.<init>(BufferedWriteChannel.java:41)
	at org.apache.ratis.server.raftlog.segmented.SegmentedRaftLogOutputStream.<init>(SegmentedRaftLogOutputStream.java:72)
	at org.apache.ratis.server.raftlog.segmented.SegmentedRaftLogWorker$StartLogSegment.execute(SegmentedRaftLogWorker.java:566)
	at org.apache.ratis.server.raftlog.segmented.SegmentedRaftLogWorker.run(SegmentedRaftLogWorker.java:289)
	at java.lang.Thread.run(Thread.java:748)
2019-09-20 09:27:30,497 [871e6485-c22a-483f-9e07-d19e754685be-SegmentedRaftLogWorker:Storage Directory /workdir/hadoop-ozone/integration-test/target/test-dir/MiniOzoneClusterImpl-a33d77e5-464b-4d19-8e6b-a171e580bf0e/datanode-4/data/ratis/4efacd98-2512-4d78-8dc9-b9897afdad88] INFO  impl.RaftServerImpl (RaftServerImpl.java:lambda$shutdown$3(245)) - 871e6485-c22a-483f-9e07-d19e754685be: shutdown group-B9897AFDAD88
2019-09-20 09:27:29,985 [dc7f40a9-6782-42c4-abab-c6b1682da047-SegmentedRaftLogWorker:Storage Directory /workdir/hadoop-ozone/integration-test/target/test-dir/MiniOzoneClusterImpl-a33d77e5-464b-4d19-8e6b-a171e580bf0e/datanode-5/data/ratis/e1e7ff7f-7dac-4fd7-98bb-96e04b49eb22] ERROR segmented.SegmentedRaftLogWorker (SegmentedRaftLogWorker.java:run(323)) - dc7f40a9-6782-42c4-abab-c6b1682da047-SegmentedRaftLogWorker:Storage Directory /workdir/hadoop-ozone/integration-test/target/test-dir/MiniOzoneClusterImpl-a33d77e5-464b-4d19-8e6b-a171e580bf0e/datanode-5/data/ratis/e1e7ff7f-7dac-4fd7-98bb-96e04b49eb22 hit exception
java.lang.OutOfMemoryError: Direct buffer memory
	at java.nio.Bits.reserveMemory(Bits.java:666)
	at java.nio.DirectByteBuffer.<init>(DirectByteBuffer.java:123)
	at java.nio.ByteBuffer.allocateDirect(ByteBuffer.java:311)
	at org.apache.ratis.server.raftlog.segmented.BufferedWriteChannel.<init>(BufferedWriteChannel.java:41)
	at org.apache.ratis.server.raftlog.segmented.SegmentedRaftLogOutputStream.<init>(SegmentedRaftLogOutputStream.java:72)
	at org.apache.ratis.server.raftlog.segmented.SegmentedRaftLogWorker$StartLogSegment.execute(SegmentedRaftLogWorker.java:566)
	at org.apache.ratis.server.raftlog.segmented.SegmentedRaftLogWorker.run(SegmentedRaftLogWorker.java:289)
	at java.lang.Thread.run(Thread.java:748)
2019-09-20 09:27:29,627 [02b93e76-e4c6-4b67-b8a4-c536d9ab7224:group-47261CD7EFDA:LeaderElection140] INFO  impl.RaftServerImpl (ServerState.java:setRaftConf(361)) - 02b93e76-e4c6-4b67-b8a4-c536d9ab7224:group-47261CD7EFDA set configuration 0: [02b93e76-e4c6-4b67-b8a4-c536d9ab7224:192.168.36.99:39343], old=null at 0
2019-09-20 09:27:29,626 [871e6485-c22a-483f-9e07-d19e754685be:group-DDA34E79B0A6:LeaderElection146] INFO  impl.RaftServerImpl (ServerState.java:setRaftConf(361)) - 871e6485-c22a-483f-9e07-d19e754685be:group-DDA34E79B0A6 set configuration 0: [871e6485-c22a-483f-9e07-d19e754685be:192.168.36.99:41076], old=null at 0
2019-09-20 09:27:29,626 [fd3cd5f9-4f1c-43ea-91b1-b85a1f6c3825:group-81AC512AC710:LeaderElection145] INFO  impl.RaftServerImpl (ServerState.java:setRaftConf(361)) - fd3cd5f9-4f1c-43ea-91b1-b85a1f6c3825:group-81AC512AC710 set configuration 0: [fd3cd5f9-4f1c-43ea-91b1-b85a1f6c3825:192.168.36.99:39114], old=null at 0
2019-09-20 09:27:29,405 [fd3cd5f9-4f1c-43ea-91b1-b85a1f6c3825:group-E81D6153ACAD:LeaderElection148] INFO  impl.RaftServerImpl (ServerState.java:setRaftConf(361)) - fd3cd5f9-4f1c-43ea-91b1-b85a1f6c3825:group-E81D6153ACAD set configuration 0: [fd3cd5f9-4f1c-43ea-91b1-b85a1f6c3825:192.168.36.99:39114], old=null at 0
2019-09-20 09:27:29,405 [pool-49-thread-1] INFO  storage.RaftStorage (RaftStorage.java:format(72)) - Storage directory /workdir/hadoop-ozone/integration-test/target/test-dir/MiniOzoneClusterImpl-a33d77e5-464b-4d19-8e6b-a171e580bf0e/datanode-2/data/ratis/3974e938-29d0-4d8c-b998-791f2ccb98aa has been successfully formatted.
2019-09-20 09:27:29,405 [pool-60-thread-1] INFO  storage.RaftStorage (RaftStorage.java:format(72)) - Storage directory /workdir/hadoop-ozone/integration-test/target/test-dir/MiniOzoneClusterImpl-a33d77e5-464b-4d19-8e6b-a171e580bf0e/datanode-3/data/ratis/3974e938-29d0-4d8c-b998-791f2ccb98aa has been successfully formatted.
2019-09-20 09:27:29,405 [pool-27-thread-1] INFO  storage.RaftStorage (RaftStorage.java:format(72)) - Storage directory /workdir/hadoop-ozone/integration-test/target/test-dir/MiniOzoneClusterImpl-a33d77e5-464b-4d19-8e6b-a171e580bf0e/datanode-0/data/ratis/3974e938-29d0-4d8c-b998-791f2ccb98aa has been successfully formatted.
2019-09-20 09:27:29,404 [492ed782-6ab3-4ad9-945e-06def6ac7c96-SegmentedRaftLogWorker:Storage Directory /workdir/hadoop-ozone/integration-test/target/test-dir/MiniOzoneClusterImpl-a33d77e5-464b-4d19-8e6b-a171e580bf0e/datanode-2/data/ratis/3a1954ba-fc7c-4131-a86f-94590c91f56c] ERROR segmented.SegmentedRaftLogWorker (SegmentedRaftLogWorker.java:run(323)) - 492ed782-6ab3-4ad9-945e-06def6ac7c96-SegmentedRaftLogWorker:Storage Directory /workdir/hadoop-ozone/integration-test/target/test-dir/MiniOzoneClusterImpl-a33d77e5-464b-4d19-8e6b-a171e580bf0e/datanode-2/data/ratis/3a1954ba-fc7c-4131-a86f-94590c91f56c hit exception
java.lang.OutOfMemoryError: Direct buffer memory
	at java.nio.Bits.reserveMemory(Bits.java:666)
	at java.nio.DirectByteBuffer.<init>(DirectByteBuffer.java:123)
	at java.nio.ByteBuffer.allocateDirect(ByteBuffer.java:311)
	at org.apache.ratis.server.raftlog.segmented.BufferedWriteChannel.<init>(BufferedWriteChannel.java:41)
	at org.apache.ratis.server.raftlog.segmented.SegmentedRaftLogOutputStream.<init>(SegmentedRaftLogOutputStream.java:72)
	at org.apache.ratis.server.raftlog.segmented.SegmentedRaftLogWorker$StartLogSegment.execute(SegmentedRaftLogWorker.java:566)
	at org.apache.ratis.server.raftlog.segmented.SegmentedRaftLogWorker.run(SegmentedRaftLogWorker.java:289)
	at java.lang.Thread.run(Thread.java:748)
2019-09-20 09:27:30,656 [492ed782-6ab3-4ad9-945e-06def6ac7c96-SegmentedRaftLogWorker:Storage Directory /workdir/hadoop-ozone/integration-test/target/test-dir/MiniOzoneClusterImpl-a33d77e5-464b-4d19-8e6b-a171e580bf0e/datanode-2/data/ratis/3a1954ba-fc7c-4131-a86f-94590c91f56c] INFO  impl.RaftServerImpl (RaftServerImpl.java:lambda$shutdown$3(245)) - 492ed782-6ab3-4ad9-945e-06def6ac7c96: shutdown group-94590C91F56C
2019-09-20 09:27:29,145 [871e6485-c22a-483f-9e07-d19e754685be-SegmentedRaftLogWorker:Storage Directory /workdir/hadoop-ozone/integration-test/target/test-dir/MiniOzoneClusterImpl-a33d77e5-464b-4d19-8e6b-a171e580bf0e/datanode-4/data/ratis/4fa2f39a-4660-4839-8de9-43eaf305b334] INFO  impl.RaftServerImpl (ServerState.java:close(394)) - 871e6485-c22a-483f-9e07-d19e754685be:group-43EAF305B334 closes. The last applied log index is -1
2019-09-20 09:27:29,145 [fd3cd5f9-4f1c-43ea-91b1-b85a1f6c3825:group-EFBA38E2D881:LeaderElection171] INFO  server.RaftServerConfigKeys (ConfUtils.java:logGet(43)) - raft.server.staging.catchup.gap = 1000 (default)
2019-09-20 09:27:29,144 [871e6485-c22a-483f-9e07-d19e754685be-SegmentedRaftLogWorker:Storage Directory /workdir/hadoop-ozone/integration-test/target/test-dir/MiniOzoneClusterImpl-a33d77e5-464b-4d19-8e6b-a171e580bf0e/datanode-4/data/ratis/1453f98f-3c75-4b4c-a51d-bcfc671dd016] INFO  impl.RaftServerImpl (RaftServerImpl.java:lambda$shutdown$3(245)) - 871e6485-c22a-483f-9e07-d19e754685be: shutdown group-BCFC671DD016
2019-09-20 09:27:29,144 [fd3cd5f9-4f1c-43ea-91b1-b85a1f6c3825-SegmentedRaftLogWorker:Storage Directory /workdir/hadoop-ozone/integration-test/target/test-dir/MiniOzoneClusterImpl-a33d77e5-464b-4d19-8e6b-a171e580bf0e/datanode-1/data/ratis/bbc96115-e053-47dc-9663-90579a7a1e42] INFO  impl.RaftServerImpl (RaftServerImpl.java:lambda$shutdown$3(245)) - fd3cd5f9-4f1c-43ea-91b1-b85a1f6c3825: shutdown group-90579A7A1E42
2019-09-20 09:27:29,144 [4840c00f-91d3-4881-a20b-4d0486ca97c0-SegmentedRaftLogWorker:Storage Directory /workdir/hadoop-ozone/integration-test/target/test-dir/MiniOzoneClusterImpl-a33d77e5-464b-4d19-8e6b-a171e580bf0e/datanode-3/data/ratis/e3c19b05-496e-4525-937a-c4f071eb70cb] INFO  util.JmxRegister (JmxRegister.java:unregister(73)) - Successfully un-registered JMX Bean with object name Ratis:service=RaftServer,group=group-C4F071EB70CB,id=4840c00f-91d3-4881-a20b-4d0486ca97c0
2019-09-20 09:27:29,143 [02b93e76-e4c6-4b67-b8a4-c536d9ab7224-SegmentedRaftLogWorker:Storage Directory /workdir/hadoop-ozone/integration-test/target/test-dir/MiniOzoneClusterImpl-a33d77e5-464b-4d19-8e6b-a171e580bf0e/datanode-0/data/ratis/e917479e-0d4f-440a-99e6-6330bc62d772] INFO  util.JmxRegister (JmxRegister.java:unregister(73)) - Successfully un-registered JMX Bean with object name Ratis:service=RaftServer,group=group-6330BC62D772,id=02b93e76-e4c6-4b67-b8a4-c536d9ab7224
2019-09-20 09:27:29,131 [4840c00f-91d3-4881-a20b-4d0486ca97c0:group-65B0EFE6E2D8:LeaderElection172] INFO  impl.LeaderElection (LeaderElection.java:askForVotes(181)) - 4840c00f-91d3-4881-a20b-4d0486ca97c0:group-65B0EFE6E2D8:LeaderElection172: begin an election at term 1 for -1: [4840c00f-91d3-4881-a20b-4d0486ca97c0:192.168.36.99:41473], old=null
2019-09-20 09:27:29,129 [871e6485-c22a-483f-9e07-d19e754685be-SegmentedRaftLogWorker:Storage Directory /workdir/hadoop-ozone/integration-test/target/test-dir/MiniOzoneClusterImpl-a33d77e5-464b-4d19-8e6b-a171e580bf0e/datanode-4/data/ratis/17619cbc-8a06-418c-aec1-1ceed274464e] INFO  impl.RaftServerImpl (RaftServerImpl.java:lambda$shutdown$3(245)) - 871e6485-c22a-483f-9e07-d19e754685be: shutdown group-1CEED274464E
2019-09-20 09:27:29,124 [871e6485-c22a-483f-9e07-d19e754685be-SegmentedRaftLogWorker:Storage Directory /workdir/hadoop-ozone/integration-test/target/test-dir/MiniOzoneClusterImpl-a33d77e5-464b-4d19-8e6b-a171e580bf0e/datanode-4/data/ratis/2bbcdbf6-b262-40cb-807a-cc18d9b0fa0b] INFO  impl.RaftServerImpl (RaftServerImpl.java:lambda$shutdown$3(245)) - 871e6485-c22a-483f-9e07-d19e754685be: shutdown group-CC18D9B0FA0B
2019-09-20 09:27:29,116 [IPC Server Responder] INFO  ipc.Server (Server.java:run(1319)) - Stopping IPC Server Responder
2019-09-20 09:27:29,114 [Thread-955] INFO  impl.RoleInfo (RoleInfo.java:shutdownFollowerState(121)) - 4840c00f-91d3-4881-a20b-4d0486ca97c0: shutdown FollowerState
2019-09-20 09:27:30,658 [Thread-955] INFO  impl.RaftServerImpl (RaftServerImpl.java:setRole(171)) - 4840c00f-91d3-4881-a20b-4d0486ca97c0:group-30E84BEB43D3 changes role from FOLLOWER to CANDIDATE at term 0 for changeToCandidate
2019-09-20 09:27:29,110 [main] INFO  ratis.OzoneManagerDoubleBuffer (OzoneManagerDoubleBuffer.java:stop(248)) - Stopping OMDoubleBuffer flush thread
2019-09-20 09:27:29,109 [IPC Server listener on 40706] INFO  ipc.Server (Server.java:run(1185)) - Stopping IPC Server listener on 40706
2019-09-20 09:27:29,105 [02b93e76-e4c6-4b67-b8a4-c536d9ab7224-SegmentedRaftLogWorker:Storage Directory /workdir/hadoop-ozone/integration-test/target/test-dir/MiniOzoneClusterImpl-a33d77e5-464b-4d19-8e6b-a171e580bf0e/datanode-0/data/ratis/b9f46ff9-6cd6-4c7f-881f-f59e7658e695] INFO  impl.RaftServerImpl (RaftServerImpl.java:lambda$shutdown$3(245)) - 02b93e76-e4c6-4b67-b8a4-c536d9ab7224: shutdown group-F59E7658E695
2019-09-20 09:27:29,105 [871e6485-c22a-483f-9e07-d19e754685be:group-919889FFF3B7:LeaderElection170] INFO  server.RaftServerConfigKeys (ConfUtils.java:logGet(43)) - raft.server.write.element-limit = 4096 (default)
2019-09-20 09:27:30,662 [02b93e76-e4c6-4b67-b8a4-c536d9ab7224-SegmentedRaftLogWorker:Storage Directory /workdir/hadoop-ozone/integration-test/target/test-dir/MiniOzoneClusterImpl-a33d77e5-464b-4d19-8e6b-a171e580bf0e/datanode-0/data/ratis/b9f46ff9-6cd6-4c7f-881f-f59e7658e695] INFO  util.JmxRegister (JmxRegister.java:unregister(73)) - Successfully un-registered JMX Bean with object name Ratis:service=RaftServer,group=group-F59E7658E695,id=02b93e76-e4c6-4b67-b8a4-c536d9ab7224
2019-09-20 09:27:30,662 [02b93e76-e4c6-4b67-b8a4-c536d9ab7224-SegmentedRaftLogWorker:Storage Directory /workdir/hadoop-ozone/integration-test/target/test-dir/MiniOzoneClusterImpl-a33d77e5-464b-4d19-8e6b-a171e580bf0e/datanode-0/data/ratis/b9f46ff9-6cd6-4c7f-881f-f59e7658e695] INFO  impl.RoleInfo (RoleInfo.java:shutdownLeaderState(104)) - 02b93e76-e4c6-4b67-b8a4-c536d9ab7224: shutdown LeaderState
2019-09-20 09:27:29,105 [871e6485-c22a-483f-9e07-d19e754685be:group-D16FDEDC5EA7:LeaderElection167] INFO  server.RaftServerConfigKeys (ConfUtils.java:logGet(43)) - raft.server.write.element-limit = 4096 (default)
2019-09-20 09:27:29,104 [fd3cd5f9-4f1c-43ea-91b1-b85a1f6c3825:group-EB58816D2005:LeaderElection159] INFO  server.RaftServerConfigKeys (ConfUtils.java:logGet(43)) - raft.server.write.element-limit = 4096 (default)
2019-09-20 09:27:29,104 [871e6485-c22a-483f-9e07-d19e754685be:group-3B4B35C05CD0:LeaderElection166] INFO  server.RaftServerConfigKeys (ConfUtils.java:logGet(43)) - raft.server.rpc.sleep.time = 25ms (default)
2019-09-20 09:27:29,104 [fd3cd5f9-4f1c-43ea-91b1-b85a1f6c3825:group-CB71EC238721:LeaderElection168] INFO  server.RaftServerConfigKeys (ConfUtils.java:logGet(43)) - raft.server.watch.timeout = 10s (default)
2019-09-20 09:27:29,104 [492ed782-6ab3-4ad9-945e-06def6ac7c96:group-713047729168:LeaderElection169] INFO  server.RaftServerConfigKeys (ConfUtils.java:logGet(43)) - raft.server.watch.timeout.denomination = 1s (default)
2019-09-20 09:27:29,104 [871e6485-c22a-483f-9e07-d19e754685be:group-23EEB214DE2D:LeaderElection158] INFO  server.RaftServerConfigKeys (ConfUtils.java:logGet(43)) - raft.server.watch.timeout = 10s (default)
2019-09-20 09:27:29,104 [fd3cd5f9-4f1c-43ea-91b1-b85a1f6c3825:group-9538580C016C:LeaderElection160] INFO  server.RaftServerConfigKeys (ConfUtils.java:logGet(43)) - raft.server.write.element-limit = 4096 (default)
2019-09-20 09:27:29,103 [02b93e76-e4c6-4b67-b8a4-c536d9ab7224:group-C154D2514BB3:LeaderElection162] INFO  server.RaftServerConfigKeys (ConfUtils.java:logGet(43)) - raft.server.write.element-limit = 4096 (default)
2019-09-20 09:27:29,103 [02b93e76-e4c6-4b67-b8a4-c536d9ab7224:group-58FAC97ADBBF:LeaderElection165] INFO  server.RaftServerConfigKeys (ConfUtils.java:logGet(43)) - raft.server.watch.timeout = 10s (default)
2019-09-20 09:27:29,103 [fd3cd5f9-4f1c-43ea-91b1-b85a1f6c3825:group-B212B9F51E67:LeaderElection164] INFO  server.RaftServerConfigKeys (ConfUtils.java:logGet(43)) - raft.server.watch.timeout.denomination = 1s (default)
2019-09-20 09:27:29,103 [EventQueue-PipelineActionsForPipelineActionHandler] INFO  pipeline.SCMPipelineManager (SCMPipelineManager.java:finalizeAndDestroyPipeline(311)) - destroying pipeline:Pipeline[ Id: 239197b1-ba5c-4e20-8f18-0fa20b5362b8, Nodes: 871e6485-c22a-483f-9e07-d19e754685be{ip: 192.168.36.99, host: pr-hdds-1569-p5fx8-1226042367, networkLocation: /default-rack, certSerialId: null}, Type:RATIS, Factor:ONE, State:OPEN]
2019-09-20 09:27:29,103 [492ed782-6ab3-4ad9-945e-06def6ac7c96:group-52124656E3BD:LeaderElection161] INFO  server.RaftServerConfigKeys (ConfUtils.java:logGet(43)) - raft.server.write.element-limit = 4096 (default)
2019-09-20 09:27:29,103 [4840c00f-91d3-4881-a20b-4d0486ca97c0:group-B7D8A17B7BB0:LeaderElection163] INFO  server.RaftServerConfigKeys (ConfUtils.java:logGet(43)) - raft.server.watch.timeout = 10s (default)
2019-09-20 09:27:29,102 [4840c00f-91d3-4881-a20b-4d0486ca97c0:group-5F54FD10FDF3:LeaderElection137] INFO  server.RaftServerConfigKeys (ConfUtils.java:logGet(43)) - raft.server.watch.element-limit = 65536 (default)
2019-09-20 09:27:30,665 [EventQueue-PipelineActionsForPipelineActionHandler] INFO  pipeline.PipelineStateManager (PipelineStateManager.java:finalizePipeline(123)) - Pipeline Pipeline[ Id: 239197b1-ba5c-4e20-8f18-0fa20b5362b8, Nodes: 871e6485-c22a-483f-9e07-d19e754685be{ip: 192.168.36.99, host: pr-hdds-1569-p5fx8-1226042367, networkLocation: /default-rack, certSerialId: null}, Type:RATIS, Factor:ONE, State:CLOSED] moved to CLOSED state
2019-09-20 09:27:30,665 [4840c00f-91d3-4881-a20b-4d0486ca97c0:group-B7D8A17B7BB0:LeaderElection163] INFO  server.RaftServerConfigKeys (ConfUtils.java:logGet(43)) - raft.server.watch.timeout.denomination = 1s (default)
2019-09-20 09:27:30,665 [4840c00f-91d3-4881-a20b-4d0486ca97c0:group-B7D8A17B7BB0:LeaderElection163] INFO  server.RaftServerConfigKeys (ConfUtils.java:logGet(43)) - raft.server.watch.element-limit = 65536 (default)
2019-09-20 09:27:30,664 [492ed782-6ab3-4ad9-945e-06def6ac7c96:group-52124656E3BD:LeaderElection161] INFO  server.RaftServerConfigKeys (ConfUtils.java:logGet(43)) - raft.server.watch.timeout = 10s (default)
2019-09-20 09:27:30,664 [fd3cd5f9-4f1c-43ea-91b1-b85a1f6c3825:group-B212B9F51E67:LeaderElection164] INFO  server.RaftServerConfigKeys (ConfUtils.java:logGet(43)) - raft.server.watch.element-limit = 65536 (default)
2019-09-20 09:27:30,666 [fd3cd5f9-4f1c-43ea-91b1-b85a1f6c3825:group-B212B9F51E67:LeaderElection164] INFO  impl.RoleInfo (RoleInfo.java:updateAndGet(143)) - fd3cd5f9-4f1c-43ea-91b1-b85a1f6c3825: start LeaderState
2019-09-20 09:27:30,664 [02b93e76-e4c6-4b67-b8a4-c536d9ab7224:group-58FAC97ADBBF:LeaderElection165] INFO  server.RaftServerConfigKeys (ConfUtils.java:logGet(43)) - raft.server.watch.timeout.denomination = 1s (default)
2019-09-20 09:27:30,664 [02b93e76-e4c6-4b67-b8a4-c536d9ab7224:group-C154D2514BB3:LeaderElection162] INFO  server.RaftServerConfigKeys (ConfUtils.java:logGet(43)) - raft.server.watch.timeout = 10s (default)
2019-09-20 09:27:30,666 [02b93e76-e4c6-4b67-b8a4-c536d9ab7224:group-C154D2514BB3:LeaderElection162] INFO  server.RaftServerConfigKeys (ConfUtils.java:logGet(43)) - raft.server.watch.timeout.denomination = 1s (default)
2019-09-20 09:27:30,664 [fd3cd5f9-4f1c-43ea-91b1-b85a1f6c3825:group-9538580C016C:LeaderElection160] INFO  server.RaftServerConfigKeys (ConfUtils.java:logGet(43)) - raft.server.watch.timeout = 10s (default)
2019-09-20 09:27:30,663 [871e6485-c22a-483f-9e07-d19e754685be:group-23EEB214DE2D:LeaderElection158] INFO  server.RaftServerConfigKeys (ConfUtils.java:logGet(43)) - raft.server.watch.timeout.denomination = 1s (default)
2019-09-20 09:27:30,663 [492ed782-6ab3-4ad9-945e-06def6ac7c96:group-713047729168:LeaderElection169] INFO  server.RaftServerConfigKeys (ConfUtils.java:logGet(43)) - raft.server.watch.element-limit = 65536 (default)
2019-09-20 09:27:30,663 [fd3cd5f9-4f1c-43ea-91b1-b85a1f6c3825:group-CB71EC238721:LeaderElection168] INFO  server.RaftServerConfigKeys (ConfUtils.java:logGet(43)) - raft.server.watch.timeout.denomination = 1s (default)
2019-09-20 09:27:30,663 [871e6485-c22a-483f-9e07-d19e754685be:group-3B4B35C05CD0:LeaderElection166] INFO  server.RaftServerConfigKeys (ConfUtils.java:logGet(43)) - raft.server.write.element-limit = 4096 (default)
2019-09-20 09:27:30,667 [871e6485-c22a-483f-9e07-d19e754685be:group-3B4B35C05CD0:LeaderElection166] INFO  server.RaftServerConfigKeys (ConfUtils.java:logGet(43)) - raft.server.watch.timeout = 10s (default)
2019-09-20 09:27:30,663 [fd3cd5f9-4f1c-43ea-91b1-b85a1f6c3825:group-EB58816D2005:LeaderElection159] INFO  server.RaftServerConfigKeys (ConfUtils.java:logGet(43)) - raft.server.watch.timeout = 10s (default)
2019-09-20 09:27:30,667 [fd3cd5f9-4f1c-43ea-91b1-b85a1f6c3825:group-EB58816D2005:LeaderElection159] INFO  server.RaftServerConfigKeys (ConfUtils.java:logGet(43)) - raft.server.watch.timeout.denomination = 1s (default)
2019-09-20 09:27:30,662 [871e6485-c22a-483f-9e07-d19e754685be:group-D16FDEDC5EA7:LeaderElection167] INFO  server.RaftServerConfigKeys (ConfUtils.java:logGet(43)) - raft.server.watch.timeout = 10s (default)
2019-09-20 09:27:30,662 [02b93e76-e4c6-4b67-b8a4-c536d9ab7224-SegmentedRaftLogWorker:Storage Directory /workdir/hadoop-ozone/integration-test/target/test-dir/MiniOzoneClusterImpl-a33d77e5-464b-4d19-8e6b-a171e580bf0e/datanode-0/data/ratis/b9f46ff9-6cd6-4c7f-881f-f59e7658e695] INFO  impl.PendingRequests (PendingRequests.java:sendNotLeaderResponses(202)) - 02b93e76-e4c6-4b67-b8a4-c536d9ab7224-PendingRequests: sendNotLeaderResponses
2019-09-20 09:27:30,662 [871e6485-c22a-483f-9e07-d19e754685be:group-919889FFF3B7:LeaderElection170] INFO  server.RaftServerConfigKeys (ConfUtils.java:logGet(43)) - raft.server.watch.timeout = 10s (default)
2019-09-20 09:27:30,659 [OMDoubleBufferFlushThread] INFO  ratis.OzoneManagerDoubleBuffer (OzoneManagerDoubleBuffer.java:flushTransactions(191)) - OMDoubleBuffer flush thread OMDoubleBufferFlushThread is interrupted and will exit. OMDoubleBufferFlushThread
2019-09-20 09:27:30,659 [Thread-955] ERROR ratis.XceiverServerRatis (XceiverServerRatis.java:triggerPipelineClose(561)) - pipeline Action CLOSE  on pipeline PipelineID=d3d8540d-b9c1-4368-a278-30e84beb43d3.Reason : 4840c00f-91d3-4881-a20b-4d0486ca97c0 is in candidate state for 12167ms
2019-09-20 09:27:30,658 [871e6485-c22a-483f-9e07-d19e754685be-SegmentedRaftLogWorker:Storage Directory /workdir/hadoop-ozone/integration-test/target/test-dir/MiniOzoneClusterImpl-a33d77e5-464b-4d19-8e6b-a171e580bf0e/datanode-4/data/ratis/2bbcdbf6-b262-40cb-807a-cc18d9b0fa0b] INFO  util.JmxRegister (JmxRegister.java:unregister(73)) - Successfully un-registered JMX Bean with object name Ratis:service=RaftServer,group=group-CC18D9B0FA0B,id=871e6485-c22a-483f-9e07-d19e754685be
2019-09-20 09:27:30,668 [871e6485-c22a-483f-9e07-d19e754685be-SegmentedRaftLogWorker:Storage Directory /workdir/hadoop-ozone/integration-test/target/test-dir/MiniOzoneClusterImpl-a33d77e5-464b-4d19-8e6b-a171e580bf0e/datanode-4/data/ratis/2bbcdbf6-b262-40cb-807a-cc18d9b0fa0b] INFO  impl.RoleInfo (RoleInfo.java:shutdownLeaderState(104)) - 871e6485-c22a-483f-9e07-d19e754685be: shutdown LeaderState
2019-09-20 09:27:30,658 [871e6485-c22a-483f-9e07-d19e754685be-SegmentedRaftLogWorker:Storage Directory /workdir/hadoop-ozone/integration-test/target/test-dir/MiniOzoneClusterImpl-a33d77e5-464b-4d19-8e6b-a171e580bf0e/datanode-4/data/ratis/17619cbc-8a06-418c-aec1-1ceed274464e] INFO  util.JmxRegister (JmxRegister.java:unregister(73)) - Successfully un-registered JMX Bean with object name Ratis:service=RaftServer,group=group-1CEED274464E,id=871e6485-c22a-483f-9e07-d19e754685be
2019-09-20 09:27:30,669 [871e6485-c22a-483f-9e07-d19e754685be-SegmentedRaftLogWorker:Storage Directory /workdir/hadoop-ozone/integration-test/target/test-dir/MiniOzoneClusterImpl-a33d77e5-464b-4d19-8e6b-a171e580bf0e/datanode-4/data/ratis/17619cbc-8a06-418c-aec1-1ceed274464e] INFO  impl.RoleInfo (RoleInfo.java:shutdownLeaderState(104)) - 871e6485-c22a-483f-9e07-d19e754685be: shutdown LeaderState
2019-09-20 09:27:30,658 [4840c00f-91d3-4881-a20b-4d0486ca97c0:group-65B0EFE6E2D8:LeaderElection172] INFO  impl.RoleInfo (RoleInfo.java:shutdownLeaderElection(134)) - 4840c00f-91d3-4881-a20b-4d0486ca97c0: shutdown LeaderElection
2019-09-20 09:27:30,657 [02b93e76-e4c6-4b67-b8a4-c536d9ab7224-SegmentedRaftLogWorker:Storage Directory /workdir/hadoop-ozone/integration-test/target/test-dir/MiniOzoneClusterImpl-a33d77e5-464b-4d19-8e6b-a171e580bf0e/datanode-0/data/ratis/e917479e-0d4f-440a-99e6-6330bc62d772] INFO  impl.RoleInfo (RoleInfo.java:shutdownLeaderState(104)) - 02b93e76-e4c6-4b67-b8a4-c536d9ab7224: shutdown LeaderState
2019-09-20 09:27:30,657 [4840c00f-91d3-4881-a20b-4d0486ca97c0-SegmentedRaftLogWorker:Storage Directory /workdir/hadoop-ozone/integration-test/target/test-dir/MiniOzoneClusterImpl-a33d77e5-464b-4d19-8e6b-a171e580bf0e/datanode-3/data/ratis/e3c19b05-496e-4525-937a-c4f071eb70cb] INFO  impl.RoleInfo (RoleInfo.java:shutdownLeaderState(104)) - 4840c00f-91d3-4881-a20b-4d0486ca97c0: shutdown LeaderState
2019-09-20 09:27:30,669 [4840c00f-91d3-4881-a20b-4d0486ca97c0-SegmentedRaftLogWorker:Storage Directory /workdir/hadoop-ozone/integration-test/target/test-dir/MiniOzoneClusterImpl-a33d77e5-464b-4d19-8e6b-a171e580bf0e/datanode-3/data/ratis/e3c19b05-496e-4525-937a-c4f071eb70cb] INFO  impl.PendingRequests (PendingRequests.java:sendNotLeaderResponses(202)) - 4840c00f-91d3-4881-a20b-4d0486ca97c0-PendingRequests: sendNotLeaderResponses
2019-09-20 09:27:30,657 [871e6485-c22a-483f-9e07-d19e754685be-SegmentedRaftLogWorker:Storage Directory /workdir/hadoop-ozone/integration-test/target/test-dir/MiniOzoneClusterImpl-a33d77e5-464b-4d19-8e6b-a171e580bf0e/datanode-4/data/ratis/1453f98f-3c75-4b4c-a51d-bcfc671dd016] INFO  util.JmxRegister (JmxRegister.java:unregister(73)) - Successfully un-registered JMX Bean with object name Ratis:service=RaftServer,group=group-BCFC671DD016,id=871e6485-c22a-483f-9e07-d19e754685be
2019-09-20 09:27:30,670 [871e6485-c22a-483f-9e07-d19e754685be-SegmentedRaftLogWorker:Storage Directory /workdir/hadoop-ozone/integration-test/target/test-dir/MiniOzoneClusterImpl-a33d77e5-464b-4d19-8e6b-a171e580bf0e/datanode-4/data/ratis/1453f98f-3c75-4b4c-a51d-bcfc671dd016] INFO  impl.RoleInfo (RoleInfo.java:shutdownLeaderState(104)) - 871e6485-c22a-483f-9e07-d19e754685be: shutdown LeaderState
2019-09-20 09:27:30,657 [fd3cd5f9-4f1c-43ea-91b1-b85a1f6c3825-SegmentedRaftLogWorker:Storage Directory /workdir/hadoop-ozone/integration-test/target/test-dir/MiniOzoneClusterImpl-a33d77e5-464b-4d19-8e6b-a171e580bf0e/datanode-1/data/ratis/bbc96115-e053-47dc-9663-90579a7a1e42] INFO  util.JmxRegister (JmxRegister.java:unregister(73)) - Successfully un-registered JMX Bean with object name Ratis:service=RaftServer,group=group-90579A7A1E42,id=fd3cd5f9-4f1c-43ea-91b1-b85a1f6c3825
2019-09-20 09:27:30,657 [fd3cd5f9-4f1c-43ea-91b1-b85a1f6c3825:group-EFBA38E2D881:LeaderElection171] INFO  server.RaftServerConfigKeys (ConfUtils.java:logGet(43)) - raft.server.rpc.sleep.time = 25ms (default)
2019-09-20 09:27:30,657 [871e6485-c22a-483f-9e07-d19e754685be-SegmentedRaftLogWorker:Storage Directory /workdir/hadoop-ozone/integration-test/target/test-dir/MiniOzoneClusterImpl-a33d77e5-464b-4d19-8e6b-a171e580bf0e/datanode-4/data/ratis/4fa2f39a-4660-4839-8de9-43eaf305b334] INFO  segmented.SegmentedRaftLogWorker (SegmentedRaftLogWorker.java:close(228)) - 871e6485-c22a-483f-9e07-d19e754685be-SegmentedRaftLogWorker:Storage Directory /workdir/hadoop-ozone/integration-test/target/test-dir/MiniOzoneClusterImpl-a33d77e5-464b-4d19-8e6b-a171e580bf0e/datanode-4/data/ratis/4fa2f39a-4660-4839-8de9-43eaf305b334 close()
2019-09-20 09:27:30,656 [492ed782-6ab3-4ad9-945e-06def6ac7c96-SegmentedRaftLogWorker:Storage Directory /workdir/hadoop-ozone/integration-test/target/test-dir/MiniOzoneClusterImpl-a33d77e5-464b-4d19-8e6b-a171e580bf0e/datanode-2/data/ratis/3a1954ba-fc7c-4131-a86f-94590c91f56c] INFO  util.JmxRegister (JmxRegister.java:unregister(73)) - Successfully un-registered JMX Bean with object name Ratis:service=RaftServer,group=group-94590C91F56C,id=492ed782-6ab3-4ad9-945e-06def6ac7c96
2019-09-20 09:27:30,672 [492ed782-6ab3-4ad9-945e-06def6ac7c96-SegmentedRaftLogWorker:Storage Directory /workdir/hadoop-ozone/integration-test/target/test-dir/MiniOzoneClusterImpl-a33d77e5-464b-4d19-8e6b-a171e580bf0e/datanode-2/data/ratis/3a1954ba-fc7c-4131-a86f-94590c91f56c] INFO  impl.RoleInfo (RoleInfo.java:shutdownLeaderState(104)) - 492ed782-6ab3-4ad9-945e-06def6ac7c96: shutdown LeaderState
2019-09-20 09:27:30,656 [pool-27-thread-1] INFO  ratis.ContainerStateMachine (ContainerStateMachine.java:loadSnapshot(226)) - group-791F2CCB98AA: The snapshot info is null. Setting the last applied indexto:(t:0, i:~)
2019-09-20 09:27:30,673 [pool-27-thread-1] INFO  server.RaftServerConfigKeys (ConfUtils.java:logGet(43)) - raft.server.leader.election.timeout = 10s (custom)
2019-09-20 09:27:30,656 [pool-60-thread-1] INFO  ratis.ContainerStateMachine (ContainerStateMachine.java:loadSnapshot(226)) - group-791F2CCB98AA: The snapshot info is null. Setting the last applied indexto:(t:0, i:~)
2019-09-20 09:27:30,673 [pool-60-thread-1] INFO  server.RaftServerConfigKeys (ConfUtils.java:logGet(43)) - raft.server.leader.election.timeout = 10s (custom)
2019-09-20 09:27:30,656 [pool-49-thread-1] INFO  ratis.ContainerStateMachine (ContainerStateMachine.java:loadSnapshot(226)) - group-791F2CCB98AA: The snapshot info is null. Setting the last applied indexto:(t:0, i:~)
2019-09-20 09:27:30,654 [dc7f40a9-6782-42c4-abab-c6b1682da047-SegmentedRaftLogWorker:Storage Directory /workdir/hadoop-ozone/integration-test/target/test-dir/MiniOzoneClusterImpl-a33d77e5-464b-4d19-8e6b-a171e580bf0e/datanode-5/data/ratis/e1e7ff7f-7dac-4fd7-98bb-96e04b49eb22] INFO  impl.RaftServerImpl (RaftServerImpl.java:lambda$shutdown$3(245)) - dc7f40a9-6782-42c4-abab-c6b1682da047: shutdown group-96E04B49EB22
2019-09-20 09:27:30,654 [871e6485-c22a-483f-9e07-d19e754685be-SegmentedRaftLogWorker:Storage Directory /workdir/hadoop-ozone/integration-test/target/test-dir/MiniOzoneClusterImpl-a33d77e5-464b-4d19-8e6b-a171e580bf0e/datanode-4/data/ratis/4efacd98-2512-4d78-8dc9-b9897afdad88] INFO  util.JmxRegister (JmxRegister.java:unregister(73)) - Successfully un-registered JMX Bean with object name Ratis:service=RaftServer,group=group-B9897AFDAD88,id=871e6485-c22a-483f-9e07-d19e754685be
2019-09-20 09:27:30,497 [871e6485-c22a-483f-9e07-d19e754685be:group-9A08C49E7350:LeaderElection156] INFO  impl.RaftServerImpl (ServerState.java:setRaftConf(361)) - 871e6485-c22a-483f-9e07-d19e754685be:group-9A08C49E7350 set configuration 0: [871e6485-c22a-483f-9e07-d19e754685be:192.168.36.99:41076], old=null at 0
2019-09-20 09:27:30,496 [871e6485-c22a-483f-9e07-d19e754685be-SegmentedRaftLogWorker:Storage Directory /workdir/hadoop-ozone/integration-test/target/test-dir/MiniOzoneClusterImpl-a33d77e5-464b-4d19-8e6b-a171e580bf0e/datanode-4/data/ratis/3248fb02-d309-4138-94a6-fcbb119d2da8] INFO  impl.RaftServerImpl (RaftServerImpl.java:lambda$shutdown$3(245)) - 871e6485-c22a-483f-9e07-d19e754685be: shutdown group-FCBB119D2DA8
2019-09-20 09:27:30,496 [02b93e76-e4c6-4b67-b8a4-c536d9ab7224-SegmentedRaftLogWorker:Storage Directory /workdir/hadoop-ozone/integration-test/target/test-dir/MiniOzoneClusterImpl-a33d77e5-464b-4d19-8e6b-a171e580bf0e/datanode-0/data/ratis/3374578f-183a-450d-9a72-c96ec6167c50] INFO  impl.RaftServerImpl (RaftServerImpl.java:lambda$shutdown$3(245)) - 02b93e76-e4c6-4b67-b8a4-c536d9ab7224: shutdown group-C96EC6167C50
2019-09-20 09:27:30,495 [492ed782-6ab3-4ad9-945e-06def6ac7c96-SegmentedRaftLogWorker:Storage Directory /workdir/hadoop-ozone/integration-test/target/test-dir/MiniOzoneClusterImpl-a33d77e5-464b-4d19-8e6b-a171e580bf0e/datanode-2/data/ratis/aacc83b8-b84d-47ee-bcfc-08449766f3ef] INFO  impl.RaftServerImpl (RaftServerImpl.java:lambda$shutdown$3(245)) - 492ed782-6ab3-4ad9-945e-06def6ac7c96: shutdown group-08449766F3EF
2019-09-20 09:27:30,495 [fd3cd5f9-4f1c-43ea-91b1-b85a1f6c3825-SegmentedRaftLogWorker:Storage Directory /workdir/hadoop-ozone/integration-test/target/test-dir/MiniOzoneClusterImpl-a33d77e5-464b-4d19-8e6b-a171e580bf0e/datanode-1/data/ratis/dd3ed292-cb4b-47d2-8f50-dc825d6fa250] INFO  util.JmxRegister (JmxRegister.java:unregister(73)) - Successfully un-registered JMX Bean with object name Ratis:service=RaftServer,group=group-DC825D6FA250,id=fd3cd5f9-4f1c-43ea-91b1-b85a1f6c3825
2019-09-20 09:27:30,495 [492ed782-6ab3-4ad9-945e-06def6ac7c96-SegmentedRaftLogWorker:Storage Directory /workdir/hadoop-ozone/integration-test/target/test-dir/MiniOzoneClusterImpl-a33d77e5-464b-4d19-8e6b-a171e580bf0e/datanode-2/data/ratis/4bb78101-5b17-4729-af6e-ac17ce41094c] INFO  impl.RaftServerImpl (RaftServerImpl.java:lambda$shutdown$3(245)) - 492ed782-6ab3-4ad9-945e-06def6ac7c96: shutdown group-AC17CE41094C
2019-09-20 09:27:30,494 [4840c00f-91d3-4881-a20b-4d0486ca97c0:group-F2908B59D0C1:LeaderElection157] INFO  segmented.SegmentedRaftLogWorker (SegmentedRaftLogWorker.java:startLogSegment(380)) - 4840c00f-91d3-4881-a20b-4d0486ca97c0-SegmentedRaftLogWorker:Storage Directory /workdir/hadoop-ozone/integration-test/target/test-dir/MiniOzoneClusterImpl-a33d77e5-464b-4d19-8e6b-a171e580bf0e/datanode-3/data/ratis/d5a133f1-1882-4818-b6ed-f2908b59d0c1: Starting segment from index:0
2019-09-20 09:27:30,494 [4840c00f-91d3-4881-a20b-4d0486ca97c0:group-1E855A8E02DA:LeaderElection155] INFO  segmented.SegmentedRaftLogWorker (SegmentedRaftLogWorker.java:startLogSegment(380)) - 4840c00f-91d3-4881-a20b-4d0486ca97c0-SegmentedRaftLogWorker:Storage Directory /workdir/hadoop-ozone/integration-test/target/test-dir/MiniOzoneClusterImpl-a33d77e5-464b-4d19-8e6b-a171e580bf0e/datanode-3/data/ratis/f3cb99fb-2df1-4ec8-b01d-1e855a8e02da: Starting segment from index:0
2019-09-20 09:27:30,494 [Thread-943] INFO  impl.RaftServerImpl (RaftServerImpl.java:setRole(171)) - fd3cd5f9-4f1c-43ea-91b1-b85a1f6c3825:group-599E264902A2 changes role from FOLLOWER to CANDIDATE at term 0 for changeToCandidate
2019-09-20 09:27:30,494 [Thread-949] INFO  impl.RoleInfo (RoleInfo.java:shutdownFollowerState(121)) - fd3cd5f9-4f1c-43ea-91b1-b85a1f6c3825: shutdown FollowerState
2019-09-20 09:27:31,027 | INFO  | SCMAudit | user=jenkins1000 | ip=192.168.36.99 | op=SEND_HEARTBEAT {datanodeUUID=492ed782-6ab3-4ad9-945e-06def6ac7c96, command=[]} | ret=SUCCESS |  
2019-09-20 09:27:31,027 | INFO  | SCMAudit | user=jenkins1000 | ip=192.168.36.99 | op=SEND_HEARTBEAT {datanodeUUID=02b93e76-e4c6-4b67-b8a4-c536d9ab7224, command=[]} | ret=SUCCESS |  
2019-09-20 09:27:31,028 | INFO  | SCMAudit | user=jenkins1000 | ip=192.168.36.99 | op=SEND_HEARTBEAT {datanodeUUID=871e6485-c22a-483f-9e07-d19e754685be, command=[]} | ret=SUCCESS |  
2019-09-20 09:27:31,029 | INFO  | SCMAudit | user=jenkins1000 | ip=192.168.36.99 | op=SEND_HEARTBEAT {datanodeUUID=fd3cd5f9-4f1c-43ea-91b1-b85a1f6c3825, command=[]} | ret=SUCCESS |  
2019-09-20 09:27:30,494 [Thread-997] INFO  impl.RoleInfo (RoleInfo.java:shutdownFollowerState(121)) - 871e6485-c22a-483f-9e07-d19e754685be: shutdown FollowerState
2019-09-20 09:27:31,030 | INFO  | SCMAudit | user=jenkins1000 | ip=192.168.36.99 | op=SEND_HEARTBEAT {datanodeUUID=4840c00f-91d3-4881-a20b-4d0486ca97c0, command=[]} | ret=SUCCESS |  
2019-09-20 09:27:31,030 [Thread-997] INFO  impl.RaftServerImpl (RaftServerImpl.java:setRole(171)) - 871e6485-c22a-483f-9e07-d19e754685be:group-D8E17CA343EE changes role from FOLLOWER to CANDIDATE at term 0 for changeToCandidate
2019-09-20 09:27:30,493 [Thread-1003] INFO  impl.RoleInfo (RoleInfo.java:shutdownFollowerState(121)) - 4840c00f-91d3-4881-a20b-4d0486ca97c0: shutdown FollowerState
2019-09-20 09:27:31,030 | INFO  | SCMAudit | user=jenkins1000 | ip=192.168.36.99 | op=SEND_HEARTBEAT {datanodeUUID=dc7f40a9-6782-42c4-abab-c6b1682da047, command=[]} | ret=SUCCESS |  
2019-09-20 09:27:31,030 [Thread-1003] INFO  impl.RaftServerImpl (RaftServerImpl.java:setRole(171)) - 4840c00f-91d3-4881-a20b-4d0486ca97c0:group-746BFFF34F3B changes role from FOLLOWER to CANDIDATE at term 0 for changeToCandidate
2019-09-20 09:27:30,493 [Thread-946] INFO  impl.RoleInfo (RoleInfo.java:shutdownFollowerState(121)) - 4840c00f-91d3-4881-a20b-4d0486ca97c0: shutdown FollowerState
2019-09-20 09:27:30,355 [492ed782-6ab3-4ad9-945e-06def6ac7c96:group-890D473D7C7A:LeaderElection141] INFO  segmented.SegmentedRaftLogWorker (SegmentedRaftLogWorker.java:startLogSegment(380)) - 492ed782-6ab3-4ad9-945e-06def6ac7c96-SegmentedRaftLogWorker:Storage Directory /workdir/hadoop-ozone/integration-test/target/test-dir/MiniOzoneClusterImpl-a33d77e5-464b-4d19-8e6b-a171e580bf0e/datanode-2/data/ratis/0fec06e2-20d0-421b-bb9e-890d473d7c7a: Starting segment from index:0
2019-09-20 09:27:30,492 [Thread-952] INFO  impl.FollowerState (FollowerState.java:run(106)) - fd3cd5f9-4f1c-43ea-91b1-b85a1f6c3825:group-E6A3E0DD5830 changes to CANDIDATE, lastRpcTime:12046, electionTimeout:5176ms
2019-09-20 09:27:30,492 [Thread-1000] INFO  impl.FollowerState (FollowerState.java:run(106)) - dc7f40a9-6782-42c4-abab-c6b1682da047:group-5EBA6C781592 changes to CANDIDATE, lastRpcTime:10761, electionTimeout:5193ms
2019-09-20 09:27:31,244 [Thread-1000] INFO  impl.RoleInfo (RoleInfo.java:shutdownFollowerState(121)) - dc7f40a9-6782-42c4-abab-c6b1682da047: shutdown FollowerState
2019-09-20 09:27:31,243 [fd3cd5f9-4f1c-43ea-91b1-b85a1f6c3825-SegmentedRaftLogWorker:Storage Directory /workdir/hadoop-ozone/integration-test/target/test-dir/MiniOzoneClusterImpl-a33d77e5-464b-4d19-8e6b-a171e580bf0e/datanode-1/data/ratis/761ed929-deb2-4e13-9385-e81d6153acad] ERROR segmented.SegmentedRaftLogWorker (SegmentedRaftLogWorker.java:run(323)) - fd3cd5f9-4f1c-43ea-91b1-b85a1f6c3825-SegmentedRaftLogWorker:Storage Directory /workdir/hadoop-ozone/integration-test/target/test-dir/MiniOzoneClusterImpl-a33d77e5-464b-4d19-8e6b-a171e580bf0e/datanode-1/data/ratis/761ed929-deb2-4e13-9385-e81d6153acad hit exception
java.lang.OutOfMemoryError: Direct buffer memory
	at java.nio.Bits.reserveMemory(Bits.java:666)
	at java.nio.DirectByteBuffer.<init>(DirectByteBuffer.java:123)
	at java.nio.ByteBuffer.allocateDirect(ByteBuffer.java:311)
	at org.apache.ratis.server.raftlog.segmented.BufferedWriteChannel.<init>(BufferedWriteChannel.java:41)
	at org.apache.ratis.server.raftlog.segmented.SegmentedRaftLogOutputStream.<init>(SegmentedRaftLogOutputStream.java:72)
	at org.apache.ratis.server.raftlog.segmented.SegmentedRaftLogWorker$StartLogSegment.execute(SegmentedRaftLogWorker.java:566)
	at org.apache.ratis.server.raftlog.segmented.SegmentedRaftLogWorker.run(SegmentedRaftLogWorker.java:289)
	at java.lang.Thread.run(Thread.java:748)
2019-09-20 09:27:31,244 [fd3cd5f9-4f1c-43ea-91b1-b85a1f6c3825-SegmentedRaftLogWorker:Storage Directory /workdir/hadoop-ozone/integration-test/target/test-dir/MiniOzoneClusterImpl-a33d77e5-464b-4d19-8e6b-a171e580bf0e/datanode-1/data/ratis/761ed929-deb2-4e13-9385-e81d6153acad] INFO  impl.RaftServerImpl (RaftServerImpl.java:lambda$shutdown$3(245)) - fd3cd5f9-4f1c-43ea-91b1-b85a1f6c3825: shutdown group-E81D6153ACAD
2019-09-20 09:27:31,031 [Thread-952] INFO  impl.RoleInfo (RoleInfo.java:shutdownFollowerState(121)) - fd3cd5f9-4f1c-43ea-91b1-b85a1f6c3825: shutdown FollowerState
2019-09-20 09:27:31,030 [Thread-946] INFO  impl.RaftServerImpl (RaftServerImpl.java:setRole(171)) - 4840c00f-91d3-4881-a20b-4d0486ca97c0:group-6A1D135D282F changes role from FOLLOWER to CANDIDATE at term 0 for changeToCandidate
2019-09-20 09:27:31,030 [Thread-1003] ERROR ratis.XceiverServerRatis (XceiverServerRatis.java:triggerPipelineClose(561)) - pipeline Action CLOSE  on pipeline PipelineID=d9b560f2-a46e-4e98-97ad-746bfff34f3b.Reason : 4840c00f-91d3-4881-a20b-4d0486ca97c0 is in candidate state for 11195ms
2019-09-20 09:27:31,030 [Thread-997] ERROR ratis.XceiverServerRatis (XceiverServerRatis.java:triggerPipelineClose(561)) - pipeline Action CLOSE  on pipeline PipelineID=11819390-3bac-44aa-bd5b-d8e17ca343ee.Reason : 871e6485-c22a-483f-9e07-d19e754685be is in candidate state for 11361ms
2019-09-20 09:27:30,867 [Thread-949] INFO  impl.RaftServerImpl (RaftServerImpl.java:setRole(171)) - fd3cd5f9-4f1c-43ea-91b1-b85a1f6c3825:group-851D3F2D4801 changes role from FOLLOWER to CANDIDATE at term 0 for changeToCandidate
2019-09-20 09:27:30,867 [4840c00f-91d3-4881-a20b-4d0486ca97c0:group-1E855A8E02DA:LeaderElection155] INFO  impl.RaftServerImpl (ServerState.java:setRaftConf(361)) - 4840c00f-91d3-4881-a20b-4d0486ca97c0:group-1E855A8E02DA set configuration 0: [4840c00f-91d3-4881-a20b-4d0486ca97c0:192.168.36.99:41473], old=null at 0
2019-09-20 09:27:30,867 [Thread-943] ERROR ratis.XceiverServerRatis (XceiverServerRatis.java:triggerPipelineClose(561)) - pipeline Action CLOSE  on pipeline PipelineID=f7af0423-ab68-4a8b-a360-599e264902a2.Reason : fd3cd5f9-4f1c-43ea-91b1-b85a1f6c3825 is in candidate state for 12445ms
2019-09-20 09:27:30,867 [4840c00f-91d3-4881-a20b-4d0486ca97c0:group-F2908B59D0C1:LeaderElection157] INFO  impl.RaftServerImpl (ServerState.java:setRaftConf(361)) - 4840c00f-91d3-4881-a20b-4d0486ca97c0:group-F2908B59D0C1 set configuration 0: [4840c00f-91d3-4881-a20b-4d0486ca97c0:192.168.36.99:41473], old=null at 0
2019-09-20 09:27:30,675 [492ed782-6ab3-4ad9-945e-06def6ac7c96-SegmentedRaftLogWorker:Storage Directory /workdir/hadoop-ozone/integration-test/target/test-dir/MiniOzoneClusterImpl-a33d77e5-464b-4d19-8e6b-a171e580bf0e/datanode-2/data/ratis/4bb78101-5b17-4729-af6e-ac17ce41094c] INFO  util.JmxRegister (JmxRegister.java:unregister(73)) - Successfully un-registered JMX Bean with object name Ratis:service=RaftServer,group=group-AC17CE41094C,id=492ed782-6ab3-4ad9-945e-06def6ac7c96
2019-09-20 09:27:30,675 [fd3cd5f9-4f1c-43ea-91b1-b85a1f6c3825-SegmentedRaftLogWorker:Storage Directory /workdir/hadoop-ozone/integration-test/target/test-dir/MiniOzoneClusterImpl-a33d77e5-464b-4d19-8e6b-a171e580bf0e/datanode-1/data/ratis/dd3ed292-cb4b-47d2-8f50-dc825d6fa250] INFO  impl.RoleInfo (RoleInfo.java:shutdownLeaderState(104)) - fd3cd5f9-4f1c-43ea-91b1-b85a1f6c3825: shutdown LeaderState
2019-09-20 09:27:30,675 [492ed782-6ab3-4ad9-945e-06def6ac7c96-SegmentedRaftLogWorker:Storage Directory /workdir/hadoop-ozone/integration-test/target/test-dir/MiniOzoneClusterImpl-a33d77e5-464b-4d19-8e6b-a171e580bf0e/datanode-2/data/ratis/aacc83b8-b84d-47ee-bcfc-08449766f3ef] INFO  util.JmxRegister (JmxRegister.java:unregister(73)) - Successfully un-registered JMX Bean with object name Ratis:service=RaftServer,group=group-08449766F3EF,id=492ed782-6ab3-4ad9-945e-06def6ac7c96
2019-09-20 09:27:30,674 [02b93e76-e4c6-4b67-b8a4-c536d9ab7224-SegmentedRaftLogWorker:Storage Directory /workdir/hadoop-ozone/integration-test/target/test-dir/MiniOzoneClusterImpl-a33d77e5-464b-4d19-8e6b-a171e580bf0e/datanode-0/data/ratis/3374578f-183a-450d-9a72-c96ec6167c50] INFO  util.JmxRegister (JmxRegister.java:unregister(73)) - Successfully un-registered JMX Bean with object name Ratis:service=RaftServer,group=group-C96EC6167C50,id=02b93e76-e4c6-4b67-b8a4-c536d9ab7224
2019-09-20 09:27:31,247 [02b93e76-e4c6-4b67-b8a4-c536d9ab7224-SegmentedRaftLogWorker:Storage Directory /workdir/hadoop-ozone/integration-test/target/test-dir/MiniOzoneClusterImpl-a33d77e5-464b-4d19-8e6b-a171e580bf0e/datanode-0/data/ratis/3374578f-183a-450d-9a72-c96ec6167c50] INFO  impl.RoleInfo (RoleInfo.java:shutdownLeaderState(104)) - 02b93e76-e4c6-4b67-b8a4-c536d9ab7224: shutdown LeaderState
2019-09-20 09:27:30,674 [871e6485-c22a-483f-9e07-d19e754685be-SegmentedRaftLogWorker:Storage Directory /workdir/hadoop-ozone/integration-test/target/test-dir/MiniOzoneClusterImpl-a33d77e5-464b-4d19-8e6b-a171e580bf0e/datanode-4/data/ratis/3248fb02-d309-4138-94a6-fcbb119d2da8] INFO  util.JmxRegister (JmxRegister.java:unregister(73)) - Successfully un-registered JMX Bean with object name Ratis:service=RaftServer,group=group-FCBB119D2DA8,id=871e6485-c22a-483f-9e07-d19e754685be
2019-09-20 09:27:31,247 [871e6485-c22a-483f-9e07-d19e754685be-SegmentedRaftLogWorker:Storage Directory /workdir/hadoop-ozone/integration-test/target/test-dir/MiniOzoneClusterImpl-a33d77e5-464b-4d19-8e6b-a171e580bf0e/datanode-4/data/ratis/3248fb02-d309-4138-94a6-fcbb119d2da8] INFO  impl.RoleInfo (RoleInfo.java:shutdownLeaderState(104)) - 871e6485-c22a-483f-9e07-d19e754685be: shutdown LeaderState
2019-09-20 09:27:30,674 [871e6485-c22a-483f-9e07-d19e754685be-SegmentedRaftLogWorker:Storage Directory /workdir/hadoop-ozone/integration-test/target/test-dir/MiniOzoneClusterImpl-a33d77e5-464b-4d19-8e6b-a171e580bf0e/datanode-4/data/ratis/4efacd98-2512-4d78-8dc9-b9897afdad88] INFO  impl.RoleInfo (RoleInfo.java:shutdownLeaderState(104)) - 871e6485-c22a-483f-9e07-d19e754685be: shutdown LeaderState
2019-09-20 09:27:30,674 [dc7f40a9-6782-42c4-abab-c6b1682da047-SegmentedRaftLogWorker:Storage Directory /workdir/hadoop-ozone/integration-test/target/test-dir/MiniOzoneClusterImpl-a33d77e5-464b-4d19-8e6b-a171e580bf0e/datanode-5/data/ratis/e1e7ff7f-7dac-4fd7-98bb-96e04b49eb22] INFO  util.JmxRegister (JmxRegister.java:unregister(73)) - Successfully un-registered JMX Bean with object name Ratis:service=RaftServer,group=group-96E04B49EB22,id=dc7f40a9-6782-42c4-abab-c6b1682da047
2019-09-20 09:27:31,248 [dc7f40a9-6782-42c4-abab-c6b1682da047-SegmentedRaftLogWorker:Storage Directory /workdir/hadoop-ozone/integration-test/target/test-dir/MiniOzoneClusterImpl-a33d77e5-464b-4d19-8e6b-a171e580bf0e/datanode-5/data/ratis/e1e7ff7f-7dac-4fd7-98bb-96e04b49eb22] INFO  impl.RoleInfo (RoleInfo.java:shutdownLeaderState(104)) - dc7f40a9-6782-42c4-abab-c6b1682da047: shutdown LeaderState
2019-09-20 09:27:30,673 [pool-49-thread-1] INFO  server.RaftServerConfigKeys (ConfUtils.java:logGet(43)) - raft.server.leader.election.timeout = 10s (custom)
2019-09-20 09:27:30,673 [pool-60-thread-1] INFO  server.RaftServerConfigKeys (ConfUtils.java:logGet(43)) - raft.server.log.use.memory = false (default)
2019-09-20 09:27:30,673 [pool-27-thread-1] INFO  server.RaftServerConfigKeys (ConfUtils.java:logGet(43)) - raft.server.log.use.memory = false (default)
2019-09-20 09:27:30,673 [492ed782-6ab3-4ad9-945e-06def6ac7c96-SegmentedRaftLogWorker:Storage Directory /workdir/hadoop-ozone/integration-test/target/test-dir/MiniOzoneClusterImpl-a33d77e5-464b-4d19-8e6b-a171e580bf0e/datanode-2/data/ratis/3a1954ba-fc7c-4131-a86f-94590c91f56c] INFO  impl.PendingRequests (PendingRequests.java:sendNotLeaderResponses(202)) - 492ed782-6ab3-4ad9-945e-06def6ac7c96-PendingRequests: sendNotLeaderResponses
2019-09-20 09:27:30,670 [fd3cd5f9-4f1c-43ea-91b1-b85a1f6c3825:group-EFBA38E2D881:LeaderElection171] INFO  server.RaftServerConfigKeys (ConfUtils.java:logGet(43)) - raft.server.write.element-limit = 4096 (default)
2019-09-20 09:27:30,670 [fd3cd5f9-4f1c-43ea-91b1-b85a1f6c3825-SegmentedRaftLogWorker:Storage Directory /workdir/hadoop-ozone/integration-test/target/test-dir/MiniOzoneClusterImpl-a33d77e5-464b-4d19-8e6b-a171e580bf0e/datanode-1/data/ratis/bbc96115-e053-47dc-9663-90579a7a1e42] INFO  impl.RoleInfo (RoleInfo.java:shutdownLeaderState(104)) - fd3cd5f9-4f1c-43ea-91b1-b85a1f6c3825: shutdown LeaderState
2019-09-20 09:27:30,670 [871e6485-c22a-483f-9e07-d19e754685be-SegmentedRaftLogWorker:Storage Directory /workdir/hadoop-ozone/integration-test/target/test-dir/MiniOzoneClusterImpl-a33d77e5-464b-4d19-8e6b-a171e580bf0e/datanode-4/data/ratis/1453f98f-3c75-4b4c-a51d-bcfc671dd016] INFO  impl.PendingRequests (PendingRequests.java:sendNotLeaderResponses(202)) - 871e6485-c22a-483f-9e07-d19e754685be-PendingRequests: sendNotLeaderResponses
2019-09-20 09:27:30,669 [4840c00f-91d3-4881-a20b-4d0486ca97c0-SegmentedRaftLogWorker:Storage Directory /workdir/hadoop-ozone/integration-test/target/test-dir/MiniOzoneClusterImpl-a33d77e5-464b-4d19-8e6b-a171e580bf0e/datanode-3/data/ratis/e3c19b05-496e-4525-937a-c4f071eb70cb] INFO  impl.StateMachineUpdater (StateMachineUpdater.java:stopAndJoin(115)) - StateMachineUpdater:4840c00f-91d3-4881-a20b-4d0486ca97c0:group-C4F071EB70CB: set stopIndex = -1
2019-09-20 09:27:30,669 [02b93e76-e4c6-4b67-b8a4-c536d9ab7224-SegmentedRaftLogWorker:Storage Directory /workdir/hadoop-ozone/integration-test/target/test-dir/MiniOzoneClusterImpl-a33d77e5-464b-4d19-8e6b-a171e580bf0e/datanode-0/data/ratis/e917479e-0d4f-440a-99e6-6330bc62d772] INFO  impl.PendingRequests (PendingRequests.java:sendNotLeaderResponses(202)) - 02b93e76-e4c6-4b67-b8a4-c536d9ab7224-PendingRequests: sendNotLeaderResponses
2019-09-20 09:27:30,669 [4840c00f-91d3-4881-a20b-4d0486ca97c0:group-65B0EFE6E2D8:LeaderElection172] INFO  impl.RaftServerImpl (RaftServerImpl.java:setRole(171)) - 4840c00f-91d3-4881-a20b-4d0486ca97c0:group-65B0EFE6E2D8 changes role from CANDIDATE to LEADER at term 1 for changeToLeader
2019-09-20 09:27:31,250 [4840c00f-91d3-4881-a20b-4d0486ca97c0:group-65B0EFE6E2D8:LeaderElection172] INFO  impl.RaftServerImpl (ServerState.java:setLeader(263)) - 4840c00f-91d3-4881-a20b-4d0486ca97c0:group-65B0EFE6E2D8 change Leader from null to 4840c00f-91d3-4881-a20b-4d0486ca97c0 at term 1 for becomeLeader, leader elected after 14856ms
2019-09-20 09:27:30,669 [871e6485-c22a-483f-9e07-d19e754685be-SegmentedRaftLogWorker:Storage Directory /workdir/hadoop-ozone/integration-test/target/test-dir/MiniOzoneClusterImpl-a33d77e5-464b-4d19-8e6b-a171e580bf0e/datanode-4/data/ratis/17619cbc-8a06-418c-aec1-1ceed274464e] INFO  impl.PendingRequests (PendingRequests.java:sendNotLeaderResponses(202)) - 871e6485-c22a-483f-9e07-d19e754685be-PendingRequests: sendNotLeaderResponses
2019-09-20 09:27:30,669 [871e6485-c22a-483f-9e07-d19e754685be-SegmentedRaftLogWorker:Storage Directory /workdir/hadoop-ozone/integration-test/target/test-dir/MiniOzoneClusterImpl-a33d77e5-464b-4d19-8e6b-a171e580bf0e/datanode-4/data/ratis/2bbcdbf6-b262-40cb-807a-cc18d9b0fa0b] INFO  impl.PendingRequests (PendingRequests.java:sendNotLeaderResponses(202)) - 871e6485-c22a-483f-9e07-d19e754685be-PendingRequests: sendNotLeaderResponses
2019-09-20 09:27:30,668 [main] INFO  utils.BackgroundService (BackgroundService.java:shutdown(148)) - Shutting down service KeyDeletingService
2019-09-20 09:27:30,668 [Thread-955] INFO  impl.RoleInfo (RoleInfo.java:updateAndGet(143)) - 4840c00f-91d3-4881-a20b-4d0486ca97c0: start LeaderElection
2019-09-20 09:27:30,668 [871e6485-c22a-483f-9e07-d19e754685be:group-919889FFF3B7:LeaderElection170] INFO  server.RaftServerConfigKeys (ConfUtils.java:logGet(43)) - raft.server.watch.timeout.denomination = 1s (default)
2019-09-20 09:27:30,668 [02b93e76-e4c6-4b67-b8a4-c536d9ab7224-SegmentedRaftLogWorker:Storage Directory /workdir/hadoop-ozone/integration-test/target/test-dir/MiniOzoneClusterImpl-a33d77e5-464b-4d19-8e6b-a171e580bf0e/datanode-0/data/ratis/b9f46ff9-6cd6-4c7f-881f-f59e7658e695] INFO  impl.StateMachineUpdater (StateMachineUpdater.java:stopAndJoin(115)) - StateMachineUpdater:02b93e76-e4c6-4b67-b8a4-c536d9ab7224:group-F59E7658E695: set stopIndex = -1
2019-09-20 09:27:30,667 [871e6485-c22a-483f-9e07-d19e754685be:group-D16FDEDC5EA7:LeaderElection167] INFO  server.RaftServerConfigKeys (ConfUtils.java:logGet(43)) - raft.server.watch.timeout.denomination = 1s (default)
2019-09-20 09:27:30,667 [fd3cd5f9-4f1c-43ea-91b1-b85a1f6c3825:group-EB58816D2005:LeaderElection159] INFO  server.RaftServerConfigKeys (ConfUtils.java:logGet(43)) - raft.server.watch.element-limit = 65536 (default)
2019-09-20 09:27:30,667 [871e6485-c22a-483f-9e07-d19e754685be:group-3B4B35C05CD0:LeaderElection166] INFO  server.RaftServerConfigKeys (ConfUtils.java:logGet(43)) - raft.server.watch.timeout.denomination = 1s (default)
2019-09-20 09:27:30,667 [fd3cd5f9-4f1c-43ea-91b1-b85a1f6c3825:group-CB71EC238721:LeaderElection168] INFO  server.RaftServerConfigKeys (ConfUtils.java:logGet(43)) - raft.server.watch.element-limit = 65536 (default)
2019-09-20 09:27:30,667 [492ed782-6ab3-4ad9-945e-06def6ac7c96:group-713047729168:LeaderElection169] INFO  impl.RoleInfo (RoleInfo.java:updateAndGet(143)) - 492ed782-6ab3-4ad9-945e-06def6ac7c96: start LeaderState
2019-09-20 09:27:30,666 [871e6485-c22a-483f-9e07-d19e754685be:group-23EEB214DE2D:LeaderElection158] INFO  server.RaftServerConfigKeys (ConfUtils.java:logGet(43)) - raft.server.watch.element-limit = 65536 (default)
2019-09-20 09:27:30,666 [fd3cd5f9-4f1c-43ea-91b1-b85a1f6c3825:group-9538580C016C:LeaderElection160] INFO  server.RaftServerConfigKeys (ConfUtils.java:logGet(43)) - raft.server.watch.timeout.denomination = 1s (default)
2019-09-20 09:27:30,666 [02b93e76-e4c6-4b67-b8a4-c536d9ab7224:group-C154D2514BB3:LeaderElection162] INFO  server.RaftServerConfigKeys (ConfUtils.java:logGet(43)) - raft.server.watch.element-limit = 65536 (default)
2019-09-20 09:27:30,666 [02b93e76-e4c6-4b67-b8a4-c536d9ab7224:group-58FAC97ADBBF:LeaderElection165] INFO  server.RaftServerConfigKeys (ConfUtils.java:logGet(43)) - raft.server.watch.element-limit = 65536 (default)
2019-09-20 09:27:30,666 [fd3cd5f9-4f1c-43ea-91b1-b85a1f6c3825:group-B212B9F51E67:LeaderElection164] INFO  segmented.SegmentedRaftLogWorker (SegmentedRaftLogWorker.java:startLogSegment(380)) - fd3cd5f9-4f1c-43ea-91b1-b85a1f6c3825-SegmentedRaftLogWorker:Storage Directory /workdir/hadoop-ozone/integration-test/target/test-dir/MiniOzoneClusterImpl-a33d77e5-464b-4d19-8e6b-a171e580bf0e/datanode-1/data/ratis/b552caae-7efd-4b79-aff5-b212b9f51e67: Starting segment from index:0
2019-09-20 09:27:30,665 [492ed782-6ab3-4ad9-945e-06def6ac7c96:group-52124656E3BD:LeaderElection161] INFO  server.RaftServerConfigKeys (ConfUtils.java:logGet(43)) - raft.server.watch.timeout.denomination = 1s (default)
2019-09-20 09:27:30,665 [4840c00f-91d3-4881-a20b-4d0486ca97c0:group-B7D8A17B7BB0:LeaderElection163] INFO  impl.RoleInfo (RoleInfo.java:updateAndGet(143)) - 4840c00f-91d3-4881-a20b-4d0486ca97c0: start LeaderState
2019-09-20 09:27:30,665 [EventQueue-PipelineActionsForPipelineActionHandler] ERROR pipeline.PipelineActionHandler (PipelineActionHandler.java:onMessage(60)) - Received pipeline action CLOSE for Pipeline[ Id: 8d6fa30d-a839-4b24-be6d-b7ae4e66783d, Nodes: 492ed782-6ab3-4ad9-945e-06def6ac7c96{ip: 192.168.36.99, host: pr-hdds-1569-p5fx8-1226042367, networkLocation: /default-rack, certSerialId: null}, Type:RATIS, Factor:ONE, State:OPEN] from datanode 492ed782-6ab3-4ad9-945e-06def6ac7c96{ip: 192.168.36.99, host: pr-hdds-1569-p5fx8-1226042367, networkLocation: /default-rack, certSerialId: null}. Reason : 492ed782-6ab3-4ad9-945e-06def6ac7c96 is in candidate state for 11870ms
2019-09-20 09:27:30,665 [4840c00f-91d3-4881-a20b-4d0486ca97c0:group-5F54FD10FDF3:LeaderElection137] INFO  impl.RoleInfo (RoleInfo.java:updateAndGet(143)) - 4840c00f-91d3-4881-a20b-4d0486ca97c0: start LeaderState
2019-09-20 09:27:31,538 [EventQueue-PipelineActionsForPipelineActionHandler] INFO  pipeline.SCMPipelineManager (SCMPipelineManager.java:finalizeAndDestroyPipeline(311)) - destroying pipeline:Pipeline[ Id: 8d6fa30d-a839-4b24-be6d-b7ae4e66783d, Nodes: 492ed782-6ab3-4ad9-945e-06def6ac7c96{ip: 192.168.36.99, host: pr-hdds-1569-p5fx8-1226042367, networkLocation: /default-rack, certSerialId: null}, Type:RATIS, Factor:ONE, State:OPEN]
2019-09-20 09:27:31,537 [4840c00f-91d3-4881-a20b-4d0486ca97c0:group-B7D8A17B7BB0:LeaderElection163] INFO  segmented.SegmentedRaftLogWorker (SegmentedRaftLogWorker.java:startLogSegment(380)) - 4840c00f-91d3-4881-a20b-4d0486ca97c0-SegmentedRaftLogWorker:Storage Directory /workdir/hadoop-ozone/integration-test/target/test-dir/MiniOzoneClusterImpl-a33d77e5-464b-4d19-8e6b-a171e580bf0e/datanode-3/data/ratis/d15b42c9-ae14-4206-ab2b-b7d8a17b7bb0: Starting segment from index:0
2019-09-20 09:27:31,537 [fd3cd5f9-4f1c-43ea-91b1-b85a1f6c3825:group-B212B9F51E67:LeaderElection164] INFO  impl.RaftServerImpl (ServerState.java:setRaftConf(361)) - fd3cd5f9-4f1c-43ea-91b1-b85a1f6c3825:group-B212B9F51E67 set configuration 0: [fd3cd5f9-4f1c-43ea-91b1-b85a1f6c3825:192.168.36.99:39114], old=null at 0
2019-09-20 09:27:31,537 [4840c00f-91d3-4881-a20b-4d0486ca97c0:group-30E84BEB43D3:LeaderElection173] INFO  impl.LeaderElection (LeaderElection.java:askForVotes(181)) - 4840c00f-91d3-4881-a20b-4d0486ca97c0:group-30E84BEB43D3:LeaderElection173: begin an election at term 1 for -1: [4840c00f-91d3-4881-a20b-4d0486ca97c0:192.168.36.99:41473], old=null
2019-09-20 09:27:31,537 [02b93e76-e4c6-4b67-b8a4-c536d9ab7224-SegmentedRaftLogWorker:Storage Directory /workdir/hadoop-ozone/integration-test/target/test-dir/MiniOzoneClusterImpl-a33d77e5-464b-4d19-8e6b-a171e580bf0e/datanode-0/data/ratis/952b8f30-c2db-42e1-8523-47261cd7efda] ERROR segmented.SegmentedRaftLogWorker (SegmentedRaftLogWorker.java:run(323)) - 02b93e76-e4c6-4b67-b8a4-c536d9ab7224-SegmentedRaftLogWorker:Storage Directory /workdir/hadoop-ozone/integration-test/target/test-dir/MiniOzoneClusterImpl-a33d77e5-464b-4d19-8e6b-a171e580bf0e/datanode-0/data/ratis/952b8f30-c2db-42e1-8523-47261cd7efda hit exception
java.lang.OutOfMemoryError: Direct buffer memory
	at java.nio.Bits.reserveMemory(Bits.java:666)
	at java.nio.DirectByteBuffer.<init>(DirectByteBuffer.java:123)
	at java.nio.ByteBuffer.allocateDirect(ByteBuffer.java:311)
	at org.apache.ratis.server.raftlog.segmented.BufferedWriteChannel.<init>(BufferedWriteChannel.java:41)
	at org.apache.ratis.server.raftlog.segmented.SegmentedRaftLogOutputStream.<init>(SegmentedRaftLogOutputStream.java:72)
	at org.apache.ratis.server.raftlog.segmented.SegmentedRaftLogWorker$StartLogSegment.execute(SegmentedRaftLogWorker.java:566)
	at org.apache.ratis.server.raftlog.segmented.SegmentedRaftLogWorker.run(SegmentedRaftLogWorker.java:289)
	at java.lang.Thread.run(Thread.java:748)
2019-09-20 09:27:31,537 [871e6485-c22a-483f-9e07-d19e754685be-SegmentedRaftLogWorker:Storage Directory /workdir/hadoop-ozone/integration-test/target/test-dir/MiniOzoneClusterImpl-a33d77e5-464b-4d19-8e6b-a171e580bf0e/datanode-4/data/ratis/5f4fa292-0eb2-4a47-8c03-dda34e79b0a6] ERROR segmented.SegmentedRaftLogWorker (SegmentedRaftLogWorker.java:run(323)) - 871e6485-c22a-483f-9e07-d19e754685be-SegmentedRaftLogWorker:Storage Directory /workdir/hadoop-ozone/integration-test/target/test-dir/MiniOzoneClusterImpl-a33d77e5-464b-4d19-8e6b-a171e580bf0e/datanode-4/data/ratis/5f4fa292-0eb2-4a47-8c03-dda34e79b0a6 hit exception
java.lang.OutOfMemoryError: Direct buffer memory
	at java.nio.Bits.reserveMemory(Bits.java:666)
	at java.nio.DirectByteBuffer.<init>(DirectByteBuffer.java:123)
	at java.nio.ByteBuffer.allocateDirect(ByteBuffer.java:311)
	at org.apache.ratis.server.raftlog.segmented.BufferedWriteChannel.<init>(BufferedWriteChannel.java:41)
	at org.apache.ratis.server.raftlog.segmented.SegmentedRaftLogOutputStream.<init>(SegmentedRaftLogOutputStream.java:72)
	at org.apache.ratis.server.raftlog.segmented.SegmentedRaftLogWorker$StartLogSegment.execute(SegmentedRaftLogWorker.java:566)
	at org.apache.ratis.server.raftlog.segmented.SegmentedRaftLogWorker.run(SegmentedRaftLogWorker.java:289)
	at java.lang.Thread.run(Thread.java:748)
2019-09-20 09:27:31,814 [871e6485-c22a-483f-9e07-d19e754685be-SegmentedRaftLogWorker:Storage Directory /workdir/hadoop-ozone/integration-test/target/test-dir/MiniOzoneClusterImpl-a33d77e5-464b-4d19-8e6b-a171e580bf0e/datanode-4/data/ratis/5f4fa292-0eb2-4a47-8c03-dda34e79b0a6] INFO  impl.RaftServerImpl (RaftServerImpl.java:lambda$shutdown$3(245)) - 871e6485-c22a-483f-9e07-d19e754685be: shutdown group-DDA34E79B0A6
2019-09-20 09:27:31,536 [02b93e76-e4c6-4b67-b8a4-c536d9ab7224-SegmentedRaftLogWorker:Storage Directory /workdir/hadoop-ozone/integration-test/target/test-dir/MiniOzoneClusterImpl-a33d77e5-464b-4d19-8e6b-a171e580bf0e/datanode-0/data/ratis/4b64e495-6f54-497b-a6ec-fa2d925d22fe] ERROR segmented.SegmentedRaftLogWorker (SegmentedRaftLogWorker.java:run(323)) - 02b93e76-e4c6-4b67-b8a4-c536d9ab7224-SegmentedRaftLogWorker:Storage Directory /workdir/hadoop-ozone/integration-test/target/test-dir/MiniOzoneClusterImpl-a33d77e5-464b-4d19-8e6b-a171e580bf0e/datanode-0/data/ratis/4b64e495-6f54-497b-a6ec-fa2d925d22fe hit exception
java.lang.OutOfMemoryError: Direct buffer memory
	at java.nio.Bits.reserveMemory(Bits.java:666)
	at java.nio.DirectByteBuffer.<init>(DirectByteBuffer.java:123)
	at java.nio.ByteBuffer.allocateDirect(ByteBuffer.java:311)
	at org.apache.ratis.server.raftlog.segmented.BufferedWriteChannel.<init>(BufferedWriteChannel.java:41)
	at org.apache.ratis.server.raftlog.segmented.SegmentedRaftLogOutputStream.<init>(SegmentedRaftLogOutputStream.java:72)
	at org.apache.ratis.server.raftlog.segmented.SegmentedRaftLogWorker$StartLogSegment.execute(SegmentedRaftLogWorker.java:566)
	at org.apache.ratis.server.raftlog.segmented.SegmentedRaftLogWorker.run(SegmentedRaftLogWorker.java:289)
	at java.lang.Thread.run(Thread.java:748)
2019-09-20 09:27:31,815 [02b93e76-e4c6-4b67-b8a4-c536d9ab7224-SegmentedRaftLogWorker:Storage Directory /workdir/hadoop-ozone/integration-test/target/test-dir/MiniOzoneClusterImpl-a33d77e5-464b-4d19-8e6b-a171e580bf0e/datanode-0/data/ratis/4b64e495-6f54-497b-a6ec-fa2d925d22fe] INFO  impl.RaftServerImpl (RaftServerImpl.java:lambda$shutdown$3(245)) - 02b93e76-e4c6-4b67-b8a4-c536d9ab7224: shutdown group-FA2D925D22FE
2019-09-20 09:27:31,536 [fd3cd5f9-4f1c-43ea-91b1-b85a1f6c3825-SegmentedRaftLogWorker:Storage Directory /workdir/hadoop-ozone/integration-test/target/test-dir/MiniOzoneClusterImpl-a33d77e5-464b-4d19-8e6b-a171e580bf0e/datanode-1/data/ratis/612f9ad6-fa66-4e0c-b515-81ac512ac710] ERROR segmented.SegmentedRaftLogWorker (SegmentedRaftLogWorker.java:run(323)) - fd3cd5f9-4f1c-43ea-91b1-b85a1f6c3825-SegmentedRaftLogWorker:Storage Directory /workdir/hadoop-ozone/integration-test/target/test-dir/MiniOzoneClusterImpl-a33d77e5-464b-4d19-8e6b-a171e580bf0e/datanode-1/data/ratis/612f9ad6-fa66-4e0c-b515-81ac512ac710 hit exception
java.lang.OutOfMemoryError: Direct buffer memory
	at java.nio.Bits.reserveMemory(Bits.java:666)
	at java.nio.DirectByteBuffer.<init>(DirectByteBuffer.java:123)
	at java.nio.ByteBuffer.allocateDirect(ByteBuffer.java:311)
	at org.apache.ratis.server.raftlog.segmented.BufferedWriteChannel.<init>(BufferedWriteChannel.java:41)
	at org.apache.ratis.server.raftlog.segmented.SegmentedRaftLogOutputStream.<init>(SegmentedRaftLogOutputStream.java:72)
	at org.apache.ratis.server.raftlog.segmented.SegmentedRaftLogWorker$StartLogSegment.execute(SegmentedRaftLogWorker.java:566)
	at org.apache.ratis.server.raftlog.segmented.SegmentedRaftLogWorker.run(SegmentedRaftLogWorker.java:289)
	at java.lang.Thread.run(Thread.java:748)
2019-09-20 09:27:31,815 [fd3cd5f9-4f1c-43ea-91b1-b85a1f6c3825-SegmentedRaftLogWorker:Storage Directory /workdir/hadoop-ozone/integration-test/target/test-dir/MiniOzoneClusterImpl-a33d77e5-464b-4d19-8e6b-a171e580bf0e/datanode-1/data/ratis/612f9ad6-fa66-4e0c-b515-81ac512ac710] INFO  impl.RaftServerImpl (RaftServerImpl.java:lambda$shutdown$3(245)) - fd3cd5f9-4f1c-43ea-91b1-b85a1f6c3825: shutdown group-81AC512AC710
2019-09-20 09:27:31,254 [492ed782-6ab3-4ad9-945e-06def6ac7c96:group-52124656E3BD:LeaderElection161] INFO  server.RaftServerConfigKeys (ConfUtils.java:logGet(43)) - raft.server.watch.element-limit = 65536 (default)
2019-09-20 09:27:31,253 [02b93e76-e4c6-4b67-b8a4-c536d9ab7224:group-58FAC97ADBBF:LeaderElection165] INFO  impl.RoleInfo (RoleInfo.java:updateAndGet(143)) - 02b93e76-e4c6-4b67-b8a4-c536d9ab7224: start LeaderState
2019-09-20 09:27:31,253 [02b93e76-e4c6-4b67-b8a4-c536d9ab7224:group-C154D2514BB3:LeaderElection162] INFO  impl.RoleInfo (RoleInfo.java:updateAndGet(143)) - 02b93e76-e4c6-4b67-b8a4-c536d9ab7224: start LeaderState
2019-09-20 09:27:31,253 [fd3cd5f9-4f1c-43ea-91b1-b85a1f6c3825:group-9538580C016C:LeaderElection160] INFO  server.RaftServerConfigKeys (ConfUtils.java:logGet(43)) - raft.server.watch.element-limit = 65536 (default)
2019-09-20 09:27:31,253 [871e6485-c22a-483f-9e07-d19e754685be:group-23EEB214DE2D:LeaderElection158] INFO  impl.RoleInfo (RoleInfo.java:updateAndGet(143)) - 871e6485-c22a-483f-9e07-d19e754685be: start LeaderState
2019-09-20 09:27:31,253 [492ed782-6ab3-4ad9-945e-06def6ac7c96:group-713047729168:LeaderElection169] INFO  segmented.SegmentedRaftLogWorker (SegmentedRaftLogWorker.java:startLogSegment(380)) - 492ed782-6ab3-4ad9-945e-06def6ac7c96-SegmentedRaftLogWorker:Storage Directory /workdir/hadoop-ozone/integration-test/target/test-dir/MiniOzoneClusterImpl-a33d77e5-464b-4d19-8e6b-a171e580bf0e/datanode-2/data/ratis/24acb26d-23b5-40ca-a0b3-713047729168: Starting segment from index:0
2019-09-20 09:27:31,252 [fd3cd5f9-4f1c-43ea-91b1-b85a1f6c3825:group-CB71EC238721:LeaderElection168] INFO  impl.RoleInfo (RoleInfo.java:updateAndGet(143)) - fd3cd5f9-4f1c-43ea-91b1-b85a1f6c3825: start LeaderState
2019-09-20 09:27:31,252 [871e6485-c22a-483f-9e07-d19e754685be:group-3B4B35C05CD0:LeaderElection166] INFO  server.RaftServerConfigKeys (ConfUtils.java:logGet(43)) - raft.server.watch.element-limit = 65536 (default)
2019-09-20 09:27:31,252 [fd3cd5f9-4f1c-43ea-91b1-b85a1f6c3825:group-EB58816D2005:LeaderElection159] INFO  impl.RoleInfo (RoleInfo.java:updateAndGet(143)) - fd3cd5f9-4f1c-43ea-91b1-b85a1f6c3825: start LeaderState
2019-09-20 09:27:32,109 | INFO  | SCMAudit | user=jenkins1000 | ip=192.168.36.99 | op=SEND_HEARTBEAT {datanodeUUID=4840c00f-91d3-4881-a20b-4d0486ca97c0, command=[]} | ret=SUCCESS |  
2019-09-20 09:27:32,109 | INFO  | SCMAudit | user=jenkins1000 | ip=192.168.36.99 | op=SEND_HEARTBEAT {datanodeUUID=fd3cd5f9-4f1c-43ea-91b1-b85a1f6c3825, command=[]} | ret=SUCCESS |  
2019-09-20 09:27:32,109 | INFO  | SCMAudit | user=jenkins1000 | ip=192.168.36.99 | op=SEND_HEARTBEAT {datanodeUUID=dc7f40a9-6782-42c4-abab-c6b1682da047, command=[]} | ret=SUCCESS |  
2019-09-20 09:27:31,251 [871e6485-c22a-483f-9e07-d19e754685be:group-D16FDEDC5EA7:LeaderElection167] INFO  server.RaftServerConfigKeys (ConfUtils.java:logGet(43)) - raft.server.watch.element-limit = 65536 (default)
2019-09-20 09:27:32,109 | INFO  | SCMAudit | user=jenkins1000 | ip=192.168.36.99 | op=SEND_HEARTBEAT {datanodeUUID=02b93e76-e4c6-4b67-b8a4-c536d9ab7224, command=[]} | ret=SUCCESS |  
2019-09-20 09:27:32,109 | INFO  | SCMAudit | user=jenkins1000 | ip=192.168.36.99 | op=SEND_HEARTBEAT {datanodeUUID=492ed782-6ab3-4ad9-945e-06def6ac7c96, command=[]} | ret=SUCCESS |  
2019-09-20 09:27:32,109 | INFO  | SCMAudit | user=jenkins1000 | ip=192.168.36.99 | op=SEND_HEARTBEAT {datanodeUUID=871e6485-c22a-483f-9e07-d19e754685be, command=[]} | ret=SUCCESS |  
2019-09-20 09:27:31,251 [02b93e76-e4c6-4b67-b8a4-c536d9ab7224-SegmentedRaftLogWorker:Storage Directory /workdir/hadoop-ozone/integration-test/target/test-dir/MiniOzoneClusterImpl-a33d77e5-464b-4d19-8e6b-a171e580bf0e/datanode-0/data/ratis/b9f46ff9-6cd6-4c7f-881f-f59e7658e695] INFO  impl.RaftServerImpl (ServerState.java:close(394)) - 02b93e76-e4c6-4b67-b8a4-c536d9ab7224:group-F59E7658E695 closes. The last applied log index is -1
2019-09-20 09:27:31,251 [871e6485-c22a-483f-9e07-d19e754685be:group-919889FFF3B7:LeaderElection170] INFO  server.RaftServerConfigKeys (ConfUtils.java:logGet(43)) - raft.server.watch.element-limit = 65536 (default)
2019-09-20 09:27:31,250 [871e6485-c22a-483f-9e07-d19e754685be-SegmentedRaftLogWorker:Storage Directory /workdir/hadoop-ozone/integration-test/target/test-dir/MiniOzoneClusterImpl-a33d77e5-464b-4d19-8e6b-a171e580bf0e/datanode-4/data/ratis/2bbcdbf6-b262-40cb-807a-cc18d9b0fa0b] INFO  impl.StateMachineUpdater (StateMachineUpdater.java:stopAndJoin(115)) - StateMachineUpdater:871e6485-c22a-483f-9e07-d19e754685be:group-CC18D9B0FA0B: set stopIndex = -1
2019-09-20 09:27:32,110 [871e6485-c22a-483f-9e07-d19e754685be-SegmentedRaftLogWorker:Storage Directory /workdir/hadoop-ozone/integration-test/target/test-dir/MiniOzoneClusterImpl-a33d77e5-464b-4d19-8e6b-a171e580bf0e/datanode-4/data/ratis/2bbcdbf6-b262-40cb-807a-cc18d9b0fa0b] INFO  impl.RaftServerImpl (ServerState.java:close(394)) - 871e6485-c22a-483f-9e07-d19e754685be:group-CC18D9B0FA0B closes. The last applied log index is -1
2019-09-20 09:27:31,250 [871e6485-c22a-483f-9e07-d19e754685be-SegmentedRaftLogWorker:Storage Directory /workdir/hadoop-ozone/integration-test/target/test-dir/MiniOzoneClusterImpl-a33d77e5-464b-4d19-8e6b-a171e580bf0e/datanode-4/data/ratis/17619cbc-8a06-418c-aec1-1ceed274464e] INFO  impl.StateMachineUpdater (StateMachineUpdater.java:stopAndJoin(115)) - StateMachineUpdater:871e6485-c22a-483f-9e07-d19e754685be:group-1CEED274464E: set stopIndex = -1
2019-09-20 09:27:32,110 [871e6485-c22a-483f-9e07-d19e754685be-SegmentedRaftLogWorker:Storage Directory /workdir/hadoop-ozone/integration-test/target/test-dir/MiniOzoneClusterImpl-a33d77e5-464b-4d19-8e6b-a171e580bf0e/datanode-4/data/ratis/17619cbc-8a06-418c-aec1-1ceed274464e] INFO  impl.RaftServerImpl (ServerState.java:close(394)) - 871e6485-c22a-483f-9e07-d19e754685be:group-1CEED274464E closes. The last applied log index is -1
2019-09-20 09:27:31,250 [4840c00f-91d3-4881-a20b-4d0486ca97c0:group-65B0EFE6E2D8:LeaderElection172] INFO  server.RaftServerConfigKeys (ConfUtils.java:logGet(43)) - raft.server.staging.catchup.gap = 1000 (default)
2019-09-20 09:27:31,250 [02b93e76-e4c6-4b67-b8a4-c536d9ab7224-SegmentedRaftLogWorker:Storage Directory /workdir/hadoop-ozone/integration-test/target/test-dir/MiniOzoneClusterImpl-a33d77e5-464b-4d19-8e6b-a171e580bf0e/datanode-0/data/ratis/e917479e-0d4f-440a-99e6-6330bc62d772] INFO  impl.StateMachineUpdater (StateMachineUpdater.java:stopAndJoin(115)) - StateMachineUpdater:02b93e76-e4c6-4b67-b8a4-c536d9ab7224:group-6330BC62D772: set stopIndex = -1
2019-09-20 09:27:31,249 [4840c00f-91d3-4881-a20b-4d0486ca97c0-SegmentedRaftLogWorker:Storage Directory /workdir/hadoop-ozone/integration-test/target/test-dir/MiniOzoneClusterImpl-a33d77e5-464b-4d19-8e6b-a171e580bf0e/datanode-3/data/ratis/e3c19b05-496e-4525-937a-c4f071eb70cb] INFO  impl.RaftServerImpl (ServerState.java:close(394)) - 4840c00f-91d3-4881-a20b-4d0486ca97c0:group-C4F071EB70CB closes. The last applied log index is -1
2019-09-20 09:27:31,249 [871e6485-c22a-483f-9e07-d19e754685be-SegmentedRaftLogWorker:Storage Directory /workdir/hadoop-ozone/integration-test/target/test-dir/MiniOzoneClusterImpl-a33d77e5-464b-4d19-8e6b-a171e580bf0e/datanode-4/data/ratis/1453f98f-3c75-4b4c-a51d-bcfc671dd016] INFO  impl.StateMachineUpdater (StateMachineUpdater.java:stopAndJoin(115)) - StateMachineUpdater:871e6485-c22a-483f-9e07-d19e754685be:group-BCFC671DD016: set stopIndex = -1
2019-09-20 09:27:31,249 [fd3cd5f9-4f1c-43ea-91b1-b85a1f6c3825-SegmentedRaftLogWorker:Storage Directory /workdir/hadoop-ozone/integration-test/target/test-dir/MiniOzoneClusterImpl-a33d77e5-464b-4d19-8e6b-a171e580bf0e/datanode-1/data/ratis/bbc96115-e053-47dc-9663-90579a7a1e42] INFO  impl.PendingRequests (PendingRequests.java:sendNotLeaderResponses(202)) - fd3cd5f9-4f1c-43ea-91b1-b85a1f6c3825-PendingRequests: sendNotLeaderResponses
2019-09-20 09:27:31,249 [fd3cd5f9-4f1c-43ea-91b1-b85a1f6c3825:group-EFBA38E2D881:LeaderElection171] INFO  server.RaftServerConfigKeys (ConfUtils.java:logGet(43)) - raft.server.watch.timeout = 10s (default)
2019-09-20 09:27:31,249 [492ed782-6ab3-4ad9-945e-06def6ac7c96-SegmentedRaftLogWorker:Storage Directory /workdir/hadoop-ozone/integration-test/target/test-dir/MiniOzoneClusterImpl-a33d77e5-464b-4d19-8e6b-a171e580bf0e/datanode-2/data/ratis/3a1954ba-fc7c-4131-a86f-94590c91f56c] INFO  impl.StateMachineUpdater (StateMachineUpdater.java:stopAndJoin(115)) - StateMachineUpdater:492ed782-6ab3-4ad9-945e-06def6ac7c96:group-94590C91F56C: set stopIndex = -1
2019-09-20 09:27:31,248 [pool-27-thread-1] INFO  server.RaftServerConfigKeys (ConfUtils.java:logGet(43)) - raft.server.log.purge.gap = 1000000 (custom)
2019-09-20 09:27:32,112 [pool-27-thread-1] INFO  server.RaftServerConfigKeys (ConfUtils.java:logGet(43)) - raft.server.log.appender.buffer.byte-limit = 33554432 (custom)
2019-09-20 09:27:31,248 [pool-60-thread-1] INFO  server.RaftServerConfigKeys (ConfUtils.java:logGet(43)) - raft.server.log.purge.gap = 1000000 (custom)
2019-09-20 09:27:31,248 [pool-49-thread-1] INFO  server.RaftServerConfigKeys (ConfUtils.java:logGet(43)) - raft.server.log.use.memory = false (default)
2019-09-20 09:27:31,248 [dc7f40a9-6782-42c4-abab-c6b1682da047-SegmentedRaftLogWorker:Storage Directory /workdir/hadoop-ozone/integration-test/target/test-dir/MiniOzoneClusterImpl-a33d77e5-464b-4d19-8e6b-a171e580bf0e/datanode-5/data/ratis/e1e7ff7f-7dac-4fd7-98bb-96e04b49eb22] INFO  impl.PendingRequests (PendingRequests.java:sendNotLeaderResponses(202)) - dc7f40a9-6782-42c4-abab-c6b1682da047-PendingRequests: sendNotLeaderResponses
2019-09-20 09:27:31,247 [871e6485-c22a-483f-9e07-d19e754685be-SegmentedRaftLogWorker:Storage Directory /workdir/hadoop-ozone/integration-test/target/test-dir/MiniOzoneClusterImpl-a33d77e5-464b-4d19-8e6b-a171e580bf0e/datanode-4/data/ratis/4efacd98-2512-4d78-8dc9-b9897afdad88] INFO  impl.PendingRequests (PendingRequests.java:sendNotLeaderResponses(202)) - 871e6485-c22a-483f-9e07-d19e754685be-PendingRequests: sendNotLeaderResponses
2019-09-20 09:27:31,247 [871e6485-c22a-483f-9e07-d19e754685be-SegmentedRaftLogWorker:Storage Directory /workdir/hadoop-ozone/integration-test/target/test-dir/MiniOzoneClusterImpl-a33d77e5-464b-4d19-8e6b-a171e580bf0e/datanode-4/data/ratis/3248fb02-d309-4138-94a6-fcbb119d2da8] INFO  impl.PendingRequests (PendingRequests.java:sendNotLeaderResponses(202)) - 871e6485-c22a-483f-9e07-d19e754685be-PendingRequests: sendNotLeaderResponses
2019-09-20 09:27:31,247 [02b93e76-e4c6-4b67-b8a4-c536d9ab7224-SegmentedRaftLogWorker:Storage Directory /workdir/hadoop-ozone/integration-test/target/test-dir/MiniOzoneClusterImpl-a33d77e5-464b-4d19-8e6b-a171e580bf0e/datanode-0/data/ratis/3374578f-183a-450d-9a72-c96ec6167c50] INFO  impl.PendingRequests (PendingRequests.java:sendNotLeaderResponses(202)) - 02b93e76-e4c6-4b67-b8a4-c536d9ab7224-PendingRequests: sendNotLeaderResponses
2019-09-20 09:27:31,247 [492ed782-6ab3-4ad9-945e-06def6ac7c96-SegmentedRaftLogWorker:Storage Directory /workdir/hadoop-ozone/integration-test/target/test-dir/MiniOzoneClusterImpl-a33d77e5-464b-4d19-8e6b-a171e580bf0e/datanode-2/data/ratis/aacc83b8-b84d-47ee-bcfc-08449766f3ef] INFO  impl.RoleInfo (RoleInfo.java:shutdownLeaderState(104)) - 492ed782-6ab3-4ad9-945e-06def6ac7c96: shutdown LeaderState
2019-09-20 09:27:31,246 [fd3cd5f9-4f1c-43ea-91b1-b85a1f6c3825-SegmentedRaftLogWorker:Storage Directory /workdir/hadoop-ozone/integration-test/target/test-dir/MiniOzoneClusterImpl-a33d77e5-464b-4d19-8e6b-a171e580bf0e/datanode-1/data/ratis/dd3ed292-cb4b-47d2-8f50-dc825d6fa250] INFO  impl.PendingRequests (PendingRequests.java:sendNotLeaderResponses(202)) - fd3cd5f9-4f1c-43ea-91b1-b85a1f6c3825-PendingRequests: sendNotLeaderResponses
2019-09-20 09:27:31,246 [492ed782-6ab3-4ad9-945e-06def6ac7c96-SegmentedRaftLogWorker:Storage Directory /workdir/hadoop-ozone/integration-test/target/test-dir/MiniOzoneClusterImpl-a33d77e5-464b-4d19-8e6b-a171e580bf0e/datanode-2/data/ratis/4bb78101-5b17-4729-af6e-ac17ce41094c] INFO  impl.RoleInfo (RoleInfo.java:shutdownLeaderState(104)) - 492ed782-6ab3-4ad9-945e-06def6ac7c96: shutdown LeaderState
2019-09-20 09:27:31,246 [Thread-943] INFO  impl.RoleInfo (RoleInfo.java:updateAndGet(143)) - fd3cd5f9-4f1c-43ea-91b1-b85a1f6c3825: start LeaderElection
2019-09-20 09:27:31,246 [Thread-949] ERROR ratis.XceiverServerRatis (XceiverServerRatis.java:triggerPipelineClose(561)) - pipeline Action CLOSE  on pipeline PipelineID=e4cf8645-d997-4e3d-812b-851d3f2d4801.Reason : fd3cd5f9-4f1c-43ea-91b1-b85a1f6c3825 is in candidate state for 12856ms
2019-09-20 09:27:31,245 [Thread-997] INFO  impl.RoleInfo (RoleInfo.java:updateAndGet(143)) - 871e6485-c22a-483f-9e07-d19e754685be: start LeaderElection
2019-09-20 09:27:31,245 [Thread-1003] INFO  impl.RoleInfo (RoleInfo.java:updateAndGet(143)) - 4840c00f-91d3-4881-a20b-4d0486ca97c0: start LeaderElection
2019-09-20 09:27:31,245 [Thread-946] ERROR ratis.XceiverServerRatis (XceiverServerRatis.java:triggerPipelineClose(561)) - pipeline Action CLOSE  on pipeline PipelineID=426cee1f-5211-40e9-a944-6a1d135d282f.Reason : 4840c00f-91d3-4881-a20b-4d0486ca97c0 is in candidate state for 12906ms
2019-09-20 09:27:31,245 [Thread-952] INFO  impl.RaftServerImpl (RaftServerImpl.java:setRole(171)) - fd3cd5f9-4f1c-43ea-91b1-b85a1f6c3825:group-E6A3E0DD5830 changes role from FOLLOWER to CANDIDATE at term 0 for changeToCandidate
2019-09-20 09:27:31,245 [fd3cd5f9-4f1c-43ea-91b1-b85a1f6c3825-SegmentedRaftLogWorker:Storage Directory /workdir/hadoop-ozone/integration-test/target/test-dir/MiniOzoneClusterImpl-a33d77e5-464b-4d19-8e6b-a171e580bf0e/datanode-1/data/ratis/761ed929-deb2-4e13-9385-e81d6153acad] INFO  util.JmxRegister (JmxRegister.java:unregister(73)) - Successfully un-registered JMX Bean with object name Ratis:service=RaftServer,group=group-E81D6153ACAD,id=fd3cd5f9-4f1c-43ea-91b1-b85a1f6c3825
2019-09-20 09:27:31,244 [Thread-1000] INFO  impl.RaftServerImpl (RaftServerImpl.java:setRole(171)) - dc7f40a9-6782-42c4-abab-c6b1682da047:group-5EBA6C781592 changes role from FOLLOWER to CANDIDATE at term 0 for changeToCandidate
2019-09-20 09:27:31,244 [492ed782-6ab3-4ad9-945e-06def6ac7c96:group-890D473D7C7A:LeaderElection141] INFO  impl.RaftServerImpl (ServerState.java:setRaftConf(361)) - 492ed782-6ab3-4ad9-945e-06def6ac7c96:group-890D473D7C7A set configuration 0: [492ed782-6ab3-4ad9-945e-06def6ac7c96:192.168.36.99:32835], old=null at 0
2019-09-20 09:27:32,116 [Thread-1000] ERROR ratis.XceiverServerRatis (XceiverServerRatis.java:triggerPipelineClose(561)) - pipeline Action CLOSE  on pipeline PipelineID=80ea906b-5b01-4346-b80a-5eba6c781592.Reason : dc7f40a9-6782-42c4-abab-c6b1682da047 is in candidate state for 12396ms
2019-09-20 09:27:32,116 [fd3cd5f9-4f1c-43ea-91b1-b85a1f6c3825-SegmentedRaftLogWorker:Storage Directory /workdir/hadoop-ozone/integration-test/target/test-dir/MiniOzoneClusterImpl-a33d77e5-464b-4d19-8e6b-a171e580bf0e/datanode-1/data/ratis/761ed929-deb2-4e13-9385-e81d6153acad] INFO  impl.RoleInfo (RoleInfo.java:shutdownLeaderState(104)) - fd3cd5f9-4f1c-43ea-91b1-b85a1f6c3825: shutdown LeaderState
2019-09-20 09:27:32,115 [Thread-952] ERROR ratis.XceiverServerRatis (XceiverServerRatis.java:triggerPipelineClose(561)) - pipeline Action CLOSE  on pipeline PipelineID=337514f6-077d-456e-9709-e6a3e0dd5830.Reason : fd3cd5f9-4f1c-43ea-91b1-b85a1f6c3825 is in candidate state for 13673ms
2019-09-20 09:27:32,115 [Thread-946] INFO  impl.RoleInfo (RoleInfo.java:updateAndGet(143)) - 4840c00f-91d3-4881-a20b-4d0486ca97c0: start LeaderElection
2019-09-20 09:27:32,115 [Thread-949] INFO  impl.RoleInfo (RoleInfo.java:updateAndGet(143)) - fd3cd5f9-4f1c-43ea-91b1-b85a1f6c3825: start LeaderElection
2019-09-20 09:27:32,114 [492ed782-6ab3-4ad9-945e-06def6ac7c96-SegmentedRaftLogWorker:Storage Directory /workdir/hadoop-ozone/integration-test/target/test-dir/MiniOzoneClusterImpl-a33d77e5-464b-4d19-8e6b-a171e580bf0e/datanode-2/data/ratis/4bb78101-5b17-4729-af6e-ac17ce41094c] INFO  impl.PendingRequests (PendingRequests.java:sendNotLeaderResponses(202)) - 492ed782-6ab3-4ad9-945e-06def6ac7c96-PendingRequests: sendNotLeaderResponses
2019-09-20 09:27:32,114 [fd3cd5f9-4f1c-43ea-91b1-b85a1f6c3825-SegmentedRaftLogWorker:Storage Directory /workdir/hadoop-ozone/integration-test/target/test-dir/MiniOzoneClusterImpl-a33d77e5-464b-4d19-8e6b-a171e580bf0e/datanode-1/data/ratis/dd3ed292-cb4b-47d2-8f50-dc825d6fa250] INFO  impl.StateMachineUpdater (StateMachineUpdater.java:stopAndJoin(115)) - StateMachineUpdater:fd3cd5f9-4f1c-43ea-91b1-b85a1f6c3825:group-DC825D6FA250: set stopIndex = -1
2019-09-20 09:27:32,117 [492ed782-6ab3-4ad9-945e-06def6ac7c96-SegmentedRaftLogWorker:Storage Directory /workdir/hadoop-ozone/integration-test/target/test-dir/MiniOzoneClusterImpl-a33d77e5-464b-4d19-8e6b-a171e580bf0e/datanode-2/data/ratis/4bb78101-5b17-4729-af6e-ac17ce41094c] INFO  impl.StateMachineUpdater (StateMachineUpdater.java:stopAndJoin(115)) - StateMachineUpdater:492ed782-6ab3-4ad9-945e-06def6ac7c96:group-AC17CE41094C: set stopIndex = -1
2019-09-20 09:27:32,114 [492ed782-6ab3-4ad9-945e-06def6ac7c96-SegmentedRaftLogWorker:Storage Directory /workdir/hadoop-ozone/integration-test/target/test-dir/MiniOzoneClusterImpl-a33d77e5-464b-4d19-8e6b-a171e580bf0e/datanode-2/data/ratis/aacc83b8-b84d-47ee-bcfc-08449766f3ef] INFO  impl.PendingRequests (PendingRequests.java:sendNotLeaderResponses(202)) - 492ed782-6ab3-4ad9-945e-06def6ac7c96-PendingRequests: sendNotLeaderResponses
2019-09-20 09:27:32,114 [02b93e76-e4c6-4b67-b8a4-c536d9ab7224-SegmentedRaftLogWorker:Storage Directory /workdir/hadoop-ozone/integration-test/target/test-dir/MiniOzoneClusterImpl-a33d77e5-464b-4d19-8e6b-a171e580bf0e/datanode-0/data/ratis/3374578f-183a-450d-9a72-c96ec6167c50] INFO  impl.StateMachineUpdater (StateMachineUpdater.java:stopAndJoin(115)) - StateMachineUpdater:02b93e76-e4c6-4b67-b8a4-c536d9ab7224:group-C96EC6167C50: set stopIndex = -1
2019-09-20 09:27:32,113 [871e6485-c22a-483f-9e07-d19e754685be-SegmentedRaftLogWorker:Storage Directory /workdir/hadoop-ozone/integration-test/target/test-dir/MiniOzoneClusterImpl-a33d77e5-464b-4d19-8e6b-a171e580bf0e/datanode-4/data/ratis/3248fb02-d309-4138-94a6-fcbb119d2da8] INFO  impl.StateMachineUpdater (StateMachineUpdater.java:stopAndJoin(115)) - StateMachineUpdater:871e6485-c22a-483f-9e07-d19e754685be:group-FCBB119D2DA8: set stopIndex = -1
2019-09-20 09:27:32,118 [871e6485-c22a-483f-9e07-d19e754685be-SegmentedRaftLogWorker:Storage Directory /workdir/hadoop-ozone/integration-test/target/test-dir/MiniOzoneClusterImpl-a33d77e5-464b-4d19-8e6b-a171e580bf0e/datanode-4/data/ratis/3248fb02-d309-4138-94a6-fcbb119d2da8] INFO  impl.RaftServerImpl (ServerState.java:close(394)) - 871e6485-c22a-483f-9e07-d19e754685be:group-FCBB119D2DA8 closes. The last applied log index is -1
2019-09-20 09:27:32,113 [871e6485-c22a-483f-9e07-d19e754685be-SegmentedRaftLogWorker:Storage Directory /workdir/hadoop-ozone/integration-test/target/test-dir/MiniOzoneClusterImpl-a33d77e5-464b-4d19-8e6b-a171e580bf0e/datanode-4/data/ratis/4efacd98-2512-4d78-8dc9-b9897afdad88] INFO  impl.StateMachineUpdater (StateMachineUpdater.java:stopAndJoin(115)) - StateMachineUpdater:871e6485-c22a-483f-9e07-d19e754685be:group-B9897AFDAD88: set stopIndex = -1
2019-09-20 09:27:32,118 [871e6485-c22a-483f-9e07-d19e754685be-SegmentedRaftLogWorker:Storage Directory /workdir/hadoop-ozone/integration-test/target/test-dir/MiniOzoneClusterImpl-a33d77e5-464b-4d19-8e6b-a171e580bf0e/datanode-4/data/ratis/3248fb02-d309-4138-94a6-fcbb119d2da8] INFO  segmented.SegmentedRaftLogWorker (SegmentedRaftLogWorker.java:close(228)) - 871e6485-c22a-483f-9e07-d19e754685be-SegmentedRaftLogWorker:Storage Directory /workdir/hadoop-ozone/integration-test/target/test-dir/MiniOzoneClusterImpl-a33d77e5-464b-4d19-8e6b-a171e580bf0e/datanode-4/data/ratis/3248fb02-d309-4138-94a6-fcbb119d2da8 close()
2019-09-20 09:27:32,113 [dc7f40a9-6782-42c4-abab-c6b1682da047-SegmentedRaftLogWorker:Storage Directory /workdir/hadoop-ozone/integration-test/target/test-dir/MiniOzoneClusterImpl-a33d77e5-464b-4d19-8e6b-a171e580bf0e/datanode-5/data/ratis/e1e7ff7f-7dac-4fd7-98bb-96e04b49eb22] INFO  impl.StateMachineUpdater (StateMachineUpdater.java:stopAndJoin(115)) - StateMachineUpdater:dc7f40a9-6782-42c4-abab-c6b1682da047:group-96E04B49EB22: set stopIndex = -1
2019-09-20 09:27:32,124 [dc7f40a9-6782-42c4-abab-c6b1682da047-SegmentedRaftLogWorker:Storage Directory /workdir/hadoop-ozone/integration-test/target/test-dir/MiniOzoneClusterImpl-a33d77e5-464b-4d19-8e6b-a171e580bf0e/datanode-5/data/ratis/e1e7ff7f-7dac-4fd7-98bb-96e04b49eb22] INFO  impl.RaftServerImpl (ServerState.java:close(394)) - dc7f40a9-6782-42c4-abab-c6b1682da047:group-96E04B49EB22 closes. The last applied log index is -1
2019-09-20 09:27:32,113 [pool-49-thread-1] INFO  server.RaftServerConfigKeys (ConfUtils.java:logGet(43)) - raft.server.log.purge.gap = 1000000 (custom)
2019-09-20 09:27:32,112 [pool-60-thread-1] INFO  server.RaftServerConfigKeys (ConfUtils.java:logGet(43)) - raft.server.log.appender.buffer.byte-limit = 33554432 (custom)
2019-09-20 09:27:32,112 [pool-27-thread-1] INFO  server.RaftServerConfigKeys (ConfUtils.java:logGet(43)) - raft.server.log.segment.size.max = 1048576 (custom)
2019-09-20 09:27:32,112 [492ed782-6ab3-4ad9-945e-06def6ac7c96-SegmentedRaftLogWorker:Storage Directory /workdir/hadoop-ozone/integration-test/target/test-dir/MiniOzoneClusterImpl-a33d77e5-464b-4d19-8e6b-a171e580bf0e/datanode-2/data/ratis/3a1954ba-fc7c-4131-a86f-94590c91f56c] INFO  impl.RaftServerImpl (ServerState.java:close(394)) - 492ed782-6ab3-4ad9-945e-06def6ac7c96:group-94590C91F56C closes. The last applied log index is -1
2019-09-20 09:27:32,112 [fd3cd5f9-4f1c-43ea-91b1-b85a1f6c3825:group-EFBA38E2D881:LeaderElection171] INFO  server.RaftServerConfigKeys (ConfUtils.java:logGet(43)) - raft.server.watch.timeout.denomination = 1s (default)
2019-09-20 09:27:32,125 [fd3cd5f9-4f1c-43ea-91b1-b85a1f6c3825:group-EFBA38E2D881:LeaderElection171] INFO  server.RaftServerConfigKeys (ConfUtils.java:logGet(43)) - raft.server.watch.element-limit = 65536 (default)
2019-09-20 09:27:32,112 [fd3cd5f9-4f1c-43ea-91b1-b85a1f6c3825-SegmentedRaftLogWorker:Storage Directory /workdir/hadoop-ozone/integration-test/target/test-dir/MiniOzoneClusterImpl-a33d77e5-464b-4d19-8e6b-a171e580bf0e/datanode-1/data/ratis/bbc96115-e053-47dc-9663-90579a7a1e42] INFO  impl.StateMachineUpdater (StateMachineUpdater.java:stopAndJoin(115)) - StateMachineUpdater:fd3cd5f9-4f1c-43ea-91b1-b85a1f6c3825:group-90579A7A1E42: set stopIndex = -1
2019-09-20 09:27:32,125 [fd3cd5f9-4f1c-43ea-91b1-b85a1f6c3825-SegmentedRaftLogWorker:Storage Directory /workdir/hadoop-ozone/integration-test/target/test-dir/MiniOzoneClusterImpl-a33d77e5-464b-4d19-8e6b-a171e580bf0e/datanode-1/data/ratis/bbc96115-e053-47dc-9663-90579a7a1e42] INFO  impl.RaftServerImpl (ServerState.java:close(394)) - fd3cd5f9-4f1c-43ea-91b1-b85a1f6c3825:group-90579A7A1E42 closes. The last applied log index is -1
2019-09-20 09:27:32,111 [871e6485-c22a-483f-9e07-d19e754685be-SegmentedRaftLogWorker:Storage Directory /workdir/hadoop-ozone/integration-test/target/test-dir/MiniOzoneClusterImpl-a33d77e5-464b-4d19-8e6b-a171e580bf0e/datanode-4/data/ratis/1453f98f-3c75-4b4c-a51d-bcfc671dd016] INFO  impl.RaftServerImpl (ServerState.java:close(394)) - 871e6485-c22a-483f-9e07-d19e754685be:group-BCFC671DD016 closes. The last applied log index is -1
2019-09-20 09:27:32,125 [fd3cd5f9-4f1c-43ea-91b1-b85a1f6c3825-SegmentedRaftLogWorker:Storage Directory /workdir/hadoop-ozone/integration-test/target/test-dir/MiniOzoneClusterImpl-a33d77e5-464b-4d19-8e6b-a171e580bf0e/datanode-1/data/ratis/bbc96115-e053-47dc-9663-90579a7a1e42] INFO  segmented.SegmentedRaftLogWorker (SegmentedRaftLogWorker.java:close(228)) - fd3cd5f9-4f1c-43ea-91b1-b85a1f6c3825-SegmentedRaftLogWorker:Storage Directory /workdir/hadoop-ozone/integration-test/target/test-dir/MiniOzoneClusterImpl-a33d77e5-464b-4d19-8e6b-a171e580bf0e/datanode-1/data/ratis/bbc96115-e053-47dc-9663-90579a7a1e42 close()
2019-09-20 09:27:32,111 [4840c00f-91d3-4881-a20b-4d0486ca97c0-SegmentedRaftLogWorker:Storage Directory /workdir/hadoop-ozone/integration-test/target/test-dir/MiniOzoneClusterImpl-a33d77e5-464b-4d19-8e6b-a171e580bf0e/datanode-3/data/ratis/e3c19b05-496e-4525-937a-c4f071eb70cb] INFO  segmented.SegmentedRaftLogWorker (SegmentedRaftLogWorker.java:close(228)) - 4840c00f-91d3-4881-a20b-4d0486ca97c0-SegmentedRaftLogWorker:Storage Directory /workdir/hadoop-ozone/integration-test/target/test-dir/MiniOzoneClusterImpl-a33d77e5-464b-4d19-8e6b-a171e580bf0e/datanode-3/data/ratis/e3c19b05-496e-4525-937a-c4f071eb70cb close()
2019-09-20 09:27:32,111 [02b93e76-e4c6-4b67-b8a4-c536d9ab7224-SegmentedRaftLogWorker:Storage Directory /workdir/hadoop-ozone/integration-test/target/test-dir/MiniOzoneClusterImpl-a33d77e5-464b-4d19-8e6b-a171e580bf0e/datanode-0/data/ratis/e917479e-0d4f-440a-99e6-6330bc62d772] INFO  impl.RaftServerImpl (ServerState.java:close(394)) - 02b93e76-e4c6-4b67-b8a4-c536d9ab7224:group-6330BC62D772 closes. The last applied log index is -1
2019-09-20 09:27:32,111 [4840c00f-91d3-4881-a20b-4d0486ca97c0:group-65B0EFE6E2D8:LeaderElection172] INFO  server.RaftServerConfigKeys (ConfUtils.java:logGet(43)) - raft.server.rpc.sleep.time = 25ms (default)
2019-09-20 09:27:32,110 [871e6485-c22a-483f-9e07-d19e754685be-SegmentedRaftLogWorker:Storage Directory /workdir/hadoop-ozone/integration-test/target/test-dir/MiniOzoneClusterImpl-a33d77e5-464b-4d19-8e6b-a171e580bf0e/datanode-4/data/ratis/17619cbc-8a06-418c-aec1-1ceed274464e] INFO  segmented.SegmentedRaftLogWorker (SegmentedRaftLogWorker.java:close(228)) - 871e6485-c22a-483f-9e07-d19e754685be-SegmentedRaftLogWorker:Storage Directory /workdir/hadoop-ozone/integration-test/target/test-dir/MiniOzoneClusterImpl-a33d77e5-464b-4d19-8e6b-a171e580bf0e/datanode-4/data/ratis/17619cbc-8a06-418c-aec1-1ceed274464e close()
2019-09-20 09:27:32,110 [871e6485-c22a-483f-9e07-d19e754685be-SegmentedRaftLogWorker:Storage Directory /workdir/hadoop-ozone/integration-test/target/test-dir/MiniOzoneClusterImpl-a33d77e5-464b-4d19-8e6b-a171e580bf0e/datanode-4/data/ratis/2bbcdbf6-b262-40cb-807a-cc18d9b0fa0b] INFO  segmented.SegmentedRaftLogWorker (SegmentedRaftLogWorker.java:close(228)) - 871e6485-c22a-483f-9e07-d19e754685be-SegmentedRaftLogWorker:Storage Directory /workdir/hadoop-ozone/integration-test/target/test-dir/MiniOzoneClusterImpl-a33d77e5-464b-4d19-8e6b-a171e580bf0e/datanode-4/data/ratis/2bbcdbf6-b262-40cb-807a-cc18d9b0fa0b close()
2019-09-20 09:27:32,110 [871e6485-c22a-483f-9e07-d19e754685be:group-919889FFF3B7:LeaderElection170] INFO  impl.RoleInfo (RoleInfo.java:updateAndGet(143)) - 871e6485-c22a-483f-9e07-d19e754685be: start LeaderState
2019-09-20 09:27:32,110 [02b93e76-e4c6-4b67-b8a4-c536d9ab7224-SegmentedRaftLogWorker:Storage Directory /workdir/hadoop-ozone/integration-test/target/test-dir/MiniOzoneClusterImpl-a33d77e5-464b-4d19-8e6b-a171e580bf0e/datanode-0/data/ratis/b9f46ff9-6cd6-4c7f-881f-f59e7658e695] INFO  segmented.SegmentedRaftLogWorker (SegmentedRaftLogWorker.java:close(228)) - 02b93e76-e4c6-4b67-b8a4-c536d9ab7224-SegmentedRaftLogWorker:Storage Directory /workdir/hadoop-ozone/integration-test/target/test-dir/MiniOzoneClusterImpl-a33d77e5-464b-4d19-8e6b-a171e580bf0e/datanode-0/data/ratis/b9f46ff9-6cd6-4c7f-881f-f59e7658e695 close()
2019-09-20 09:27:32,109 [871e6485-c22a-483f-9e07-d19e754685be:group-D16FDEDC5EA7:LeaderElection167] INFO  impl.RoleInfo (RoleInfo.java:updateAndGet(143)) - 871e6485-c22a-483f-9e07-d19e754685be: start LeaderState
2019-09-20 09:27:32,109 [fd3cd5f9-4f1c-43ea-91b1-b85a1f6c3825:group-EB58816D2005:LeaderElection159] INFO  segmented.SegmentedRaftLogWorker (SegmentedRaftLogWorker.java:startLogSegment(380)) - fd3cd5f9-4f1c-43ea-91b1-b85a1f6c3825-SegmentedRaftLogWorker:Storage Directory /workdir/hadoop-ozone/integration-test/target/test-dir/MiniOzoneClusterImpl-a33d77e5-464b-4d19-8e6b-a171e580bf0e/datanode-1/data/ratis/5783aec1-b66d-4623-9dbc-eb58816d2005: Starting segment from index:0
2019-09-20 09:27:31,817 [492ed782-6ab3-4ad9-945e-06def6ac7c96:group-713047729168:LeaderElection169] INFO  impl.RaftServerImpl (ServerState.java:setRaftConf(361)) - 492ed782-6ab3-4ad9-945e-06def6ac7c96:group-713047729168 set configuration 0: [492ed782-6ab3-4ad9-945e-06def6ac7c96:192.168.36.99:32835], old=null at 0
2019-09-20 09:27:32,103 [Thread-1129] INFO  impl.FollowerState (FollowerState.java:run(106)) - fd3cd5f9-4f1c-43ea-91b1-b85a1f6c3825:group-449CD00D9C0A changes to CANDIDATE, lastRpcTime:5117, electionTimeout:5064ms
2019-09-20 09:27:31,817 [871e6485-c22a-483f-9e07-d19e754685be:group-3B4B35C05CD0:LeaderElection166] INFO  impl.RoleInfo (RoleInfo.java:updateAndGet(143)) - 871e6485-c22a-483f-9e07-d19e754685be: start LeaderState
2019-09-20 09:27:31,817 [fd3cd5f9-4f1c-43ea-91b1-b85a1f6c3825:group-CB71EC238721:LeaderElection168] INFO  segmented.SegmentedRaftLogWorker (SegmentedRaftLogWorker.java:startLogSegment(380)) - fd3cd5f9-4f1c-43ea-91b1-b85a1f6c3825-SegmentedRaftLogWorker:Storage Directory /workdir/hadoop-ozone/integration-test/target/test-dir/MiniOzoneClusterImpl-a33d77e5-464b-4d19-8e6b-a171e580bf0e/datanode-1/data/ratis/bc8d2ded-e978-4450-88bf-cb71ec238721: Starting segment from index:0
2019-09-20 09:27:31,816 [871e6485-c22a-483f-9e07-d19e754685be:group-23EEB214DE2D:LeaderElection158] INFO  segmented.SegmentedRaftLogWorker (SegmentedRaftLogWorker.java:startLogSegment(380)) - 871e6485-c22a-483f-9e07-d19e754685be-SegmentedRaftLogWorker:Storage Directory /workdir/hadoop-ozone/integration-test/target/test-dir/MiniOzoneClusterImpl-a33d77e5-464b-4d19-8e6b-a171e580bf0e/datanode-4/data/ratis/9a64a091-03aa-4fc8-b199-23eeb214de2d: Starting segment from index:0
2019-09-20 09:27:31,816 [fd3cd5f9-4f1c-43ea-91b1-b85a1f6c3825:group-9538580C016C:LeaderElection160] INFO  impl.RoleInfo (RoleInfo.java:updateAndGet(143)) - fd3cd5f9-4f1c-43ea-91b1-b85a1f6c3825: start LeaderState
2019-09-20 09:27:31,816 [02b93e76-e4c6-4b67-b8a4-c536d9ab7224:group-C154D2514BB3:LeaderElection162] INFO  segmented.SegmentedRaftLogWorker (SegmentedRaftLogWorker.java:startLogSegment(380)) - 02b93e76-e4c6-4b67-b8a4-c536d9ab7224-SegmentedRaftLogWorker:Storage Directory /workdir/hadoop-ozone/integration-test/target/test-dir/MiniOzoneClusterImpl-a33d77e5-464b-4d19-8e6b-a171e580bf0e/datanode-0/data/ratis/45948e97-6821-44be-9ade-c154d2514bb3: Starting segment from index:0
2019-09-20 09:27:31,816 [02b93e76-e4c6-4b67-b8a4-c536d9ab7224:group-58FAC97ADBBF:LeaderElection165] INFO  segmented.SegmentedRaftLogWorker (SegmentedRaftLogWorker.java:startLogSegment(380)) - 02b93e76-e4c6-4b67-b8a4-c536d9ab7224-SegmentedRaftLogWorker:Storage Directory /workdir/hadoop-ozone/integration-test/target/test-dir/MiniOzoneClusterImpl-a33d77e5-464b-4d19-8e6b-a171e580bf0e/datanode-0/data/ratis/b6ab1b95-97f0-40b4-82ec-58fac97adbbf: Starting segment from index:0
2019-09-20 09:27:31,816 [492ed782-6ab3-4ad9-945e-06def6ac7c96:group-52124656E3BD:LeaderElection161] INFO  impl.RoleInfo (RoleInfo.java:updateAndGet(143)) - 492ed782-6ab3-4ad9-945e-06def6ac7c96: start LeaderState
2019-09-20 09:27:31,815 [fd3cd5f9-4f1c-43ea-91b1-b85a1f6c3825-SegmentedRaftLogWorker:Storage Directory /workdir/hadoop-ozone/integration-test/target/test-dir/MiniOzoneClusterImpl-a33d77e5-464b-4d19-8e6b-a171e580bf0e/datanode-1/data/ratis/612f9ad6-fa66-4e0c-b515-81ac512ac710] INFO  util.JmxRegister (JmxRegister.java:unregister(73)) - Successfully un-registered JMX Bean with object name Ratis:service=RaftServer,group=group-81AC512AC710,id=fd3cd5f9-4f1c-43ea-91b1-b85a1f6c3825
2019-09-20 09:27:31,815 [02b93e76-e4c6-4b67-b8a4-c536d9ab7224-SegmentedRaftLogWorker:Storage Directory /workdir/hadoop-ozone/integration-test/target/test-dir/MiniOzoneClusterImpl-a33d77e5-464b-4d19-8e6b-a171e580bf0e/datanode-0/data/ratis/4b64e495-6f54-497b-a6ec-fa2d925d22fe] INFO  util.JmxRegister (JmxRegister.java:unregister(73)) - Successfully un-registered JMX Bean with object name Ratis:service=RaftServer,group=group-FA2D925D22FE,id=02b93e76-e4c6-4b67-b8a4-c536d9ab7224
2019-09-20 09:27:31,814 [871e6485-c22a-483f-9e07-d19e754685be-SegmentedRaftLogWorker:Storage Directory /workdir/hadoop-ozone/integration-test/target/test-dir/MiniOzoneClusterImpl-a33d77e5-464b-4d19-8e6b-a171e580bf0e/datanode-4/data/ratis/5f4fa292-0eb2-4a47-8c03-dda34e79b0a6] INFO  util.JmxRegister (JmxRegister.java:unregister(73)) - Successfully un-registered JMX Bean with object name Ratis:service=RaftServer,group=group-DDA34E79B0A6,id=871e6485-c22a-483f-9e07-d19e754685be
2019-09-20 09:27:33,017 [871e6485-c22a-483f-9e07-d19e754685be-SegmentedRaftLogWorker:Storage Directory /workdir/hadoop-ozone/integration-test/target/test-dir/MiniOzoneClusterImpl-a33d77e5-464b-4d19-8e6b-a171e580bf0e/datanode-4/data/ratis/5f4fa292-0eb2-4a47-8c03-dda34e79b0a6] INFO  impl.RoleInfo (RoleInfo.java:shutdownLeaderState(104)) - 871e6485-c22a-483f-9e07-d19e754685be: shutdown LeaderState
2019-09-20 09:27:31,814 [02b93e76-e4c6-4b67-b8a4-c536d9ab7224-SegmentedRaftLogWorker:Storage Directory /workdir/hadoop-ozone/integration-test/target/test-dir/MiniOzoneClusterImpl-a33d77e5-464b-4d19-8e6b-a171e580bf0e/datanode-0/data/ratis/952b8f30-c2db-42e1-8523-47261cd7efda] INFO  impl.RaftServerImpl (RaftServerImpl.java:lambda$shutdown$3(245)) - 02b93e76-e4c6-4b67-b8a4-c536d9ab7224: shutdown group-47261CD7EFDA
2019-09-20 09:27:31,813 [4840c00f-91d3-4881-a20b-4d0486ca97c0:group-B7D8A17B7BB0:LeaderElection163] INFO  impl.RaftServerImpl (ServerState.java:setRaftConf(361)) - 4840c00f-91d3-4881-a20b-4d0486ca97c0:group-B7D8A17B7BB0 set configuration 0: [4840c00f-91d3-4881-a20b-4d0486ca97c0:192.168.36.99:41473], old=null at 0
2019-09-20 09:27:33,246 | INFO  | SCMAudit | user=jenkins1000 | ip=192.168.36.99 | op=SEND_HEARTBEAT {datanodeUUID=492ed782-6ab3-4ad9-945e-06def6ac7c96, command=[]} | ret=SUCCESS |  
2019-09-20 09:27:33,246 | INFO  | SCMAudit | user=jenkins1000 | ip=192.168.36.99 | op=SEND_HEARTBEAT {datanodeUUID=871e6485-c22a-483f-9e07-d19e754685be, command=[]} | ret=SUCCESS |  
2019-09-20 09:27:33,246 | INFO  | SCMAudit | user=jenkins1000 | ip=192.168.36.99 | op=SEND_HEARTBEAT {datanodeUUID=dc7f40a9-6782-42c4-abab-c6b1682da047, command=[]} | ret=SUCCESS |  
2019-09-20 09:27:33,246 | INFO  | SCMAudit | user=jenkins1000 | ip=192.168.36.99 | op=SEND_HEARTBEAT {datanodeUUID=02b93e76-e4c6-4b67-b8a4-c536d9ab7224, command=[]} | ret=SUCCESS |  
2019-09-20 09:27:33,246 | INFO  | SCMAudit | user=jenkins1000 | ip=192.168.36.99 | op=SEND_HEARTBEAT {datanodeUUID=fd3cd5f9-4f1c-43ea-91b1-b85a1f6c3825, command=[]} | ret=SUCCESS |  
2019-09-20 09:27:31,813 [492ed782-6ab3-4ad9-945e-06def6ac7c96-SegmentedRaftLogWorker:Storage Directory /workdir/hadoop-ozone/integration-test/target/test-dir/MiniOzoneClusterImpl-a33d77e5-464b-4d19-8e6b-a171e580bf0e/datanode-2/data/ratis/af526850-cd10-4d62-b860-68c11bf58e25] ERROR segmented.SegmentedRaftLogWorker (SegmentedRaftLogWorker.java:run(323)) - 492ed782-6ab3-4ad9-945e-06def6ac7c96-SegmentedRaftLogWorker:Storage Directory /workdir/hadoop-ozone/integration-test/target/test-dir/MiniOzoneClusterImpl-a33d77e5-464b-4d19-8e6b-a171e580bf0e/datanode-2/data/ratis/af526850-cd10-4d62-b860-68c11bf58e25 hit exception
java.lang.OutOfMemoryError: Direct buffer memory
	at java.nio.Bits.reserveMemory(Bits.java:666)
	at java.nio.DirectByteBuffer.<init>(DirectByteBuffer.java:123)
	at java.nio.ByteBuffer.allocateDirect(ByteBuffer.java:311)
	at org.apache.ratis.server.raftlog.segmented.BufferedWriteChannel.<init>(BufferedWriteChannel.java:41)
	at org.apache.ratis.server.raftlog.segmented.SegmentedRaftLogOutputStream.<init>(SegmentedRaftLogOutputStream.java:72)
	at org.apache.ratis.server.raftlog.segmented.SegmentedRaftLogWorker$StartLogSegment.execute(SegmentedRaftLogWorker.java:566)
	at org.apache.ratis.server.raftlog.segmented.SegmentedRaftLogWorker.run(SegmentedRaftLogWorker.java:289)
	at java.lang.Thread.run(Thread.java:748)
2019-09-20 09:27:33,246 | INFO  | SCMAudit | user=jenkins1000 | ip=192.168.36.99 | op=SEND_HEARTBEAT {datanodeUUID=4840c00f-91d3-4881-a20b-4d0486ca97c0, command=[]} | ret=SUCCESS |  
2019-09-20 09:27:31,813 [492ed782-6ab3-4ad9-945e-06def6ac7c96-SegmentedRaftLogWorker:Storage Directory /workdir/hadoop-ozone/integration-test/target/test-dir/MiniOzoneClusterImpl-a33d77e5-464b-4d19-8e6b-a171e580bf0e/datanode-2/data/ratis/66dd09bd-0d9a-4fa4-b38c-7160e3b153a6] ERROR segmented.SegmentedRaftLogWorker (SegmentedRaftLogWorker.java:run(323)) - 492ed782-6ab3-4ad9-945e-06def6ac7c96-SegmentedRaftLogWorker:Storage Directory /workdir/hadoop-ozone/integration-test/target/test-dir/MiniOzoneClusterImpl-a33d77e5-464b-4d19-8e6b-a171e580bf0e/datanode-2/data/ratis/66dd09bd-0d9a-4fa4-b38c-7160e3b153a6 hit exception
java.lang.OutOfMemoryError: Direct buffer memory
	at java.nio.Bits.reserveMemory(Bits.java:666)
	at java.nio.DirectByteBuffer.<init>(DirectByteBuffer.java:123)
	at java.nio.ByteBuffer.allocateDirect(ByteBuffer.java:311)
	at org.apache.ratis.server.raftlog.segmented.BufferedWriteChannel.<init>(BufferedWriteChannel.java:41)
	at org.apache.ratis.server.raftlog.segmented.SegmentedRaftLogOutputStream.<init>(SegmentedRaftLogOutputStream.java:72)
	at org.apache.ratis.server.raftlog.segmented.SegmentedRaftLogWorker$StartLogSegment.execute(SegmentedRaftLogWorker.java:566)
	at org.apache.ratis.server.raftlog.segmented.SegmentedRaftLogWorker.run(SegmentedRaftLogWorker.java:289)
	at java.lang.Thread.run(Thread.java:748)
2019-09-20 09:27:31,813 [871e6485-c22a-483f-9e07-d19e754685be-SegmentedRaftLogWorker:Storage Directory /workdir/hadoop-ozone/integration-test/target/test-dir/MiniOzoneClusterImpl-a33d77e5-464b-4d19-8e6b-a171e580bf0e/datanode-4/data/ratis/1608c481-8e99-48cb-81f5-9a08c49e7350] ERROR segmented.SegmentedRaftLogWorker (SegmentedRaftLogWorker.java:run(323)) - 871e6485-c22a-483f-9e07-d19e754685be-SegmentedRaftLogWorker:Storage Directory /workdir/hadoop-ozone/integration-test/target/test-dir/MiniOzoneClusterImpl-a33d77e5-464b-4d19-8e6b-a171e580bf0e/datanode-4/data/ratis/1608c481-8e99-48cb-81f5-9a08c49e7350 hit exception
java.lang.OutOfMemoryError: Direct buffer memory
	at java.nio.Bits.reserveMemory(Bits.java:666)
	at java.nio.DirectByteBuffer.<init>(DirectByteBuffer.java:123)
	at java.nio.ByteBuffer.allocateDirect(ByteBuffer.java:311)
	at org.apache.ratis.server.raftlog.segmented.BufferedWriteChannel.<init>(BufferedWriteChannel.java:41)
	at org.apache.ratis.server.raftlog.segmented.SegmentedRaftLogOutputStream.<init>(SegmentedRaftLogOutputStream.java:72)
	at org.apache.ratis.server.raftlog.segmented.SegmentedRaftLogWorker$StartLogSegment.execute(SegmentedRaftLogWorker.java:566)
	at org.apache.ratis.server.raftlog.segmented.SegmentedRaftLogWorker.run(SegmentedRaftLogWorker.java:289)
	at java.lang.Thread.run(Thread.java:748)
2019-09-20 09:27:31,539 [4840c00f-91d3-4881-a20b-4d0486ca97c0:group-30E84BEB43D3:LeaderElection173] INFO  impl.RoleInfo (RoleInfo.java:shutdownLeaderElection(134)) - 4840c00f-91d3-4881-a20b-4d0486ca97c0: shutdown LeaderElection
2019-09-20 09:27:33,247 [4840c00f-91d3-4881-a20b-4d0486ca97c0:group-30E84BEB43D3:LeaderElection173] INFO  impl.RaftServerImpl (RaftServerImpl.java:setRole(171)) - 4840c00f-91d3-4881-a20b-4d0486ca97c0:group-30E84BEB43D3 changes role from CANDIDATE to LEADER at term 1 for changeToLeader
2019-09-20 09:27:31,538 [EventQueue-PipelineActionsForPipelineActionHandler] INFO  pipeline.PipelineStateManager (PipelineStateManager.java:finalizePipeline(123)) - Pipeline Pipeline[ Id: 8d6fa30d-a839-4b24-be6d-b7ae4e66783d, Nodes: 492ed782-6ab3-4ad9-945e-06def6ac7c96{ip: 192.168.36.99, host: pr-hdds-1569-p5fx8-1226042367, networkLocation: /default-rack, certSerialId: null}, Type:RATIS, Factor:ONE, State:CLOSED] moved to CLOSED state
2019-09-20 09:27:31,538 [main] INFO  handler.ContextHandler (ContextHandler.java:doStop(910)) - Stopped o.e.j.w.WebAppContext@65bb9029{/,null,UNAVAILABLE}{/ozoneManager}
2019-09-20 09:27:31,538 [4840c00f-91d3-4881-a20b-4d0486ca97c0:group-5F54FD10FDF3:LeaderElection137] INFO  segmented.SegmentedRaftLogWorker (SegmentedRaftLogWorker.java:startLogSegment(380)) - 4840c00f-91d3-4881-a20b-4d0486ca97c0-SegmentedRaftLogWorker:Storage Directory /workdir/hadoop-ozone/integration-test/target/test-dir/MiniOzoneClusterImpl-a33d77e5-464b-4d19-8e6b-a171e580bf0e/datanode-3/data/ratis/d51cfc95-825d-428a-b395-5f54fd10fdf3: Starting segment from index:0
2019-09-20 09:27:33,248 [EventQueue-PipelineActionsForPipelineActionHandler] ERROR pipeline.PipelineActionHandler (PipelineActionHandler.java:onMessage(60)) - Received pipeline action CLOSE for Pipeline[ Id: 26ca671f-000e-4a90-9d59-e1a3c09b18d1, Nodes: 492ed782-6ab3-4ad9-945e-06def6ac7c96{ip: 192.168.36.99, host: pr-hdds-1569-p5fx8-1226042367, networkLocation: /default-rack, certSerialId: null}, Type:RATIS, Factor:ONE, State:OPEN] from datanode 492ed782-6ab3-4ad9-945e-06def6ac7c96{ip: 192.168.36.99, host: pr-hdds-1569-p5fx8-1226042367, networkLocation: /default-rack, certSerialId: null}. Reason : 492ed782-6ab3-4ad9-945e-06def6ac7c96 is in candidate state for 11513ms
2019-09-20 09:27:33,248 [4840c00f-91d3-4881-a20b-4d0486ca97c0:group-30E84BEB43D3:LeaderElection173] INFO  impl.RaftServerImpl (ServerState.java:setLeader(263)) - 4840c00f-91d3-4881-a20b-4d0486ca97c0:group-30E84BEB43D3 change Leader from null to 4840c00f-91d3-4881-a20b-4d0486ca97c0 at term 1 for becomeLeader, leader elected after 14756ms
2019-09-20 09:27:33,247 [871e6485-c22a-483f-9e07-d19e754685be-SegmentedRaftLogWorker:Storage Directory /workdir/hadoop-ozone/integration-test/target/test-dir/MiniOzoneClusterImpl-a33d77e5-464b-4d19-8e6b-a171e580bf0e/datanode-4/data/ratis/1608c481-8e99-48cb-81f5-9a08c49e7350] INFO  impl.RaftServerImpl (RaftServerImpl.java:lambda$shutdown$3(245)) - 871e6485-c22a-483f-9e07-d19e754685be: shutdown group-9A08C49E7350
2019-09-20 09:27:33,247 [492ed782-6ab3-4ad9-945e-06def6ac7c96-SegmentedRaftLogWorker:Storage Directory /workdir/hadoop-ozone/integration-test/target/test-dir/MiniOzoneClusterImpl-a33d77e5-464b-4d19-8e6b-a171e580bf0e/datanode-2/data/ratis/66dd09bd-0d9a-4fa4-b38c-7160e3b153a6] INFO  impl.RaftServerImpl (RaftServerImpl.java:lambda$shutdown$3(245)) - 492ed782-6ab3-4ad9-945e-06def6ac7c96: shutdown group-7160E3B153A6
2019-09-20 09:27:33,246 [492ed782-6ab3-4ad9-945e-06def6ac7c96-SegmentedRaftLogWorker:Storage Directory /workdir/hadoop-ozone/integration-test/target/test-dir/MiniOzoneClusterImpl-a33d77e5-464b-4d19-8e6b-a171e580bf0e/datanode-2/data/ratis/af526850-cd10-4d62-b860-68c11bf58e25] INFO  impl.RaftServerImpl (RaftServerImpl.java:lambda$shutdown$3(245)) - 492ed782-6ab3-4ad9-945e-06def6ac7c96: shutdown group-68C11BF58E25
2019-09-20 09:27:33,246 [02b93e76-e4c6-4b67-b8a4-c536d9ab7224-SegmentedRaftLogWorker:Storage Directory /workdir/hadoop-ozone/integration-test/target/test-dir/MiniOzoneClusterImpl-a33d77e5-464b-4d19-8e6b-a171e580bf0e/datanode-0/data/ratis/952b8f30-c2db-42e1-8523-47261cd7efda] INFO  util.JmxRegister (JmxRegister.java:unregister(73)) - Successfully un-registered JMX Bean with object name Ratis:service=RaftServer,group=group-47261CD7EFDA,id=02b93e76-e4c6-4b67-b8a4-c536d9ab7224
2019-09-20 09:27:33,245 [871e6485-c22a-483f-9e07-d19e754685be-SegmentedRaftLogWorker:Storage Directory /workdir/hadoop-ozone/integration-test/target/test-dir/MiniOzoneClusterImpl-a33d77e5-464b-4d19-8e6b-a171e580bf0e/datanode-4/data/ratis/5f4fa292-0eb2-4a47-8c03-dda34e79b0a6] INFO  impl.PendingRequests (PendingRequests.java:sendNotLeaderResponses(202)) - 871e6485-c22a-483f-9e07-d19e754685be-PendingRequests: sendNotLeaderResponses
2019-09-20 09:27:33,245 [02b93e76-e4c6-4b67-b8a4-c536d9ab7224:group-58FAC97ADBBF:LeaderElection165] INFO  impl.RaftServerImpl (ServerState.java:setRaftConf(361)) - 02b93e76-e4c6-4b67-b8a4-c536d9ab7224:group-58FAC97ADBBF set configuration 0: [02b93e76-e4c6-4b67-b8a4-c536d9ab7224:192.168.36.99:39343], old=null at 0
2019-09-20 09:27:33,245 [492ed782-6ab3-4ad9-945e-06def6ac7c96-SegmentedRaftLogWorker:Storage Directory /workdir/hadoop-ozone/integration-test/target/test-dir/MiniOzoneClusterImpl-a33d77e5-464b-4d19-8e6b-a171e580bf0e/datanode-2/data/ratis/0fec06e2-20d0-421b-bb9e-890d473d7c7a] ERROR segmented.SegmentedRaftLogWorker (SegmentedRaftLogWorker.java:run(323)) - 492ed782-6ab3-4ad9-945e-06def6ac7c96-SegmentedRaftLogWorker:Storage Directory /workdir/hadoop-ozone/integration-test/target/test-dir/MiniOzoneClusterImpl-a33d77e5-464b-4d19-8e6b-a171e580bf0e/datanode-2/data/ratis/0fec06e2-20d0-421b-bb9e-890d473d7c7a hit exception
java.lang.OutOfMemoryError: Direct buffer memory
	at java.nio.Bits.reserveMemory(Bits.java:666)
	at java.nio.DirectByteBuffer.<init>(DirectByteBuffer.java:123)
	at java.nio.ByteBuffer.allocateDirect(ByteBuffer.java:311)
	at org.apache.ratis.server.raftlog.segmented.BufferedWriteChannel.<init>(BufferedWriteChannel.java:41)
	at org.apache.ratis.server.raftlog.segmented.SegmentedRaftLogOutputStream.<init>(SegmentedRaftLogOutputStream.java:72)
	at org.apache.ratis.server.raftlog.segmented.SegmentedRaftLogWorker$StartLogSegment.execute(SegmentedRaftLogWorker.java:566)
	at org.apache.ratis.server.raftlog.segmented.SegmentedRaftLogWorker.run(SegmentedRaftLogWorker.java:289)
	at java.lang.Thread.run(Thread.java:748)
2019-09-20 09:27:33,017 [02b93e76-e4c6-4b67-b8a4-c536d9ab7224-SegmentedRaftLogWorker:Storage Directory /workdir/hadoop-ozone/integration-test/target/test-dir/MiniOzoneClusterImpl-a33d77e5-464b-4d19-8e6b-a171e580bf0e/datanode-0/data/ratis/4b64e495-6f54-497b-a6ec-fa2d925d22fe] INFO  impl.RoleInfo (RoleInfo.java:shutdownLeaderState(104)) - 02b93e76-e4c6-4b67-b8a4-c536d9ab7224: shutdown LeaderState
2019-09-20 09:27:33,017 [fd3cd5f9-4f1c-43ea-91b1-b85a1f6c3825-SegmentedRaftLogWorker:Storage Directory /workdir/hadoop-ozone/integration-test/target/test-dir/MiniOzoneClusterImpl-a33d77e5-464b-4d19-8e6b-a171e580bf0e/datanode-1/data/ratis/612f9ad6-fa66-4e0c-b515-81ac512ac710] INFO  impl.RoleInfo (RoleInfo.java:shutdownLeaderState(104)) - fd3cd5f9-4f1c-43ea-91b1-b85a1f6c3825: shutdown LeaderState
2019-09-20 09:27:33,017 [492ed782-6ab3-4ad9-945e-06def6ac7c96:group-52124656E3BD:LeaderElection161] INFO  segmented.SegmentedRaftLogWorker (SegmentedRaftLogWorker.java:startLogSegment(380)) - 492ed782-6ab3-4ad9-945e-06def6ac7c96-SegmentedRaftLogWorker:Storage Directory /workdir/hadoop-ozone/integration-test/target/test-dir/MiniOzoneClusterImpl-a33d77e5-464b-4d19-8e6b-a171e580bf0e/datanode-2/data/ratis/62533bd2-c15a-4bde-be31-52124656e3bd: Starting segment from index:0
2019-09-20 09:27:32,804 [02b93e76-e4c6-4b67-b8a4-c536d9ab7224:group-C154D2514BB3:LeaderElection162] INFO  impl.RaftServerImpl (ServerState.java:setRaftConf(361)) - 02b93e76-e4c6-4b67-b8a4-c536d9ab7224:group-C154D2514BB3 set configuration 0: [02b93e76-e4c6-4b67-b8a4-c536d9ab7224:192.168.36.99:39343], old=null at 0
2019-09-20 09:27:32,804 [4840c00f-91d3-4881-a20b-4d0486ca97c0-SegmentedRaftLogWorker:Storage Directory /workdir/hadoop-ozone/integration-test/target/test-dir/MiniOzoneClusterImpl-a33d77e5-464b-4d19-8e6b-a171e580bf0e/datanode-3/data/ratis/d5a133f1-1882-4818-b6ed-f2908b59d0c1] ERROR segmented.SegmentedRaftLogWorker (SegmentedRaftLogWorker.java:run(323)) - 4840c00f-91d3-4881-a20b-4d0486ca97c0-SegmentedRaftLogWorker:Storage Directory /workdir/hadoop-ozone/integration-test/target/test-dir/MiniOzoneClusterImpl-a33d77e5-464b-4d19-8e6b-a171e580bf0e/datanode-3/data/ratis/d5a133f1-1882-4818-b6ed-f2908b59d0c1 hit exception
java.lang.OutOfMemoryError: Direct buffer memory
	at java.nio.Bits.reserveMemory(Bits.java:666)
	at java.nio.DirectByteBuffer.<init>(DirectByteBuffer.java:123)
	at java.nio.ByteBuffer.allocateDirect(ByteBuffer.java:311)
	at org.apache.ratis.server.raftlog.segmented.BufferedWriteChannel.<init>(BufferedWriteChannel.java:41)
	at org.apache.ratis.server.raftlog.segmented.SegmentedRaftLogOutputStream.<init>(SegmentedRaftLogOutputStream.java:72)
	at org.apache.ratis.server.raftlog.segmented.SegmentedRaftLogWorker$StartLogSegment.execute(SegmentedRaftLogWorker.java:566)
	at org.apache.ratis.server.raftlog.segmented.SegmentedRaftLogWorker.run(SegmentedRaftLogWorker.java:289)
	at java.lang.Thread.run(Thread.java:748)
2019-09-20 09:27:32,804 [4840c00f-91d3-4881-a20b-4d0486ca97c0-SegmentedRaftLogWorker:Storage Directory /workdir/hadoop-ozone/integration-test/target/test-dir/MiniOzoneClusterImpl-a33d77e5-464b-4d19-8e6b-a171e580bf0e/datanode-3/data/ratis/f3cb99fb-2df1-4ec8-b01d-1e855a8e02da] ERROR segmented.SegmentedRaftLogWorker (SegmentedRaftLogWorker.java:run(323)) - 4840c00f-91d3-4881-a20b-4d0486ca97c0-SegmentedRaftLogWorker:Storage Directory /workdir/hadoop-ozone/integration-test/target/test-dir/MiniOzoneClusterImpl-a33d77e5-464b-4d19-8e6b-a171e580bf0e/datanode-3/data/ratis/f3cb99fb-2df1-4ec8-b01d-1e855a8e02da hit exception
java.lang.OutOfMemoryError: Direct buffer memory
	at java.nio.Bits.reserveMemory(Bits.java:666)
	at java.nio.DirectByteBuffer.<init>(DirectByteBuffer.java:123)
	at java.nio.ByteBuffer.allocateDirect(ByteBuffer.java:311)
	at org.apache.ratis.server.raftlog.segmented.BufferedWriteChannel.<init>(BufferedWriteChannel.java:41)
	at org.apache.ratis.server.raftlog.segmented.SegmentedRaftLogOutputStream.<init>(SegmentedRaftLogOutputStream.java:72)
	at org.apache.ratis.server.raftlog.segmented.SegmentedRaftLogWorker$StartLogSegment.execute(SegmentedRaftLogWorker.java:566)
	at org.apache.ratis.server.raftlog.segmented.SegmentedRaftLogWorker.run(SegmentedRaftLogWorker.java:289)
	at java.lang.Thread.run(Thread.java:748)
2019-09-20 09:27:32,804 [871e6485-c22a-483f-9e07-d19e754685be:group-23EEB214DE2D:LeaderElection158] INFO  impl.RaftServerImpl (ServerState.java:setRaftConf(361)) - 871e6485-c22a-483f-9e07-d19e754685be:group-23EEB214DE2D set configuration 0: [871e6485-c22a-483f-9e07-d19e754685be:192.168.36.99:41076], old=null at 0
2019-09-20 09:27:32,393 [fd3cd5f9-4f1c-43ea-91b1-b85a1f6c3825:group-9538580C016C:LeaderElection160] INFO  segmented.SegmentedRaftLogWorker (SegmentedRaftLogWorker.java:startLogSegment(380)) - fd3cd5f9-4f1c-43ea-91b1-b85a1f6c3825-SegmentedRaftLogWorker:Storage Directory /workdir/hadoop-ozone/integration-test/target/test-dir/MiniOzoneClusterImpl-a33d77e5-464b-4d19-8e6b-a171e580bf0e/datanode-1/data/ratis/8ccfdf9b-bec8-456f-91e9-9538580c016c: Starting segment from index:0
2019-09-20 09:27:32,393 [fd3cd5f9-4f1c-43ea-91b1-b85a1f6c3825:group-CB71EC238721:LeaderElection168] INFO  impl.RaftServerImpl (ServerState.java:setRaftConf(361)) - fd3cd5f9-4f1c-43ea-91b1-b85a1f6c3825:group-CB71EC238721 set configuration 0: [fd3cd5f9-4f1c-43ea-91b1-b85a1f6c3825:192.168.36.99:39114], old=null at 0
2019-09-20 09:27:32,392 [871e6485-c22a-483f-9e07-d19e754685be:group-3B4B35C05CD0:LeaderElection166] INFO  segmented.SegmentedRaftLogWorker (SegmentedRaftLogWorker.java:startLogSegment(380)) - 871e6485-c22a-483f-9e07-d19e754685be-SegmentedRaftLogWorker:Storage Directory /workdir/hadoop-ozone/integration-test/target/test-dir/MiniOzoneClusterImpl-a33d77e5-464b-4d19-8e6b-a171e580bf0e/datanode-4/data/ratis/a840d96c-a876-4676-9538-3b4b35c05cd0: Starting segment from index:0
2019-09-20 09:27:32,154 [fd3cd5f9-4f1c-43ea-91b1-b85a1f6c3825:group-EB58816D2005:LeaderElection159] INFO  impl.RaftServerImpl (ServerState.java:setRaftConf(361)) - fd3cd5f9-4f1c-43ea-91b1-b85a1f6c3825:group-EB58816D2005 set configuration 0: [fd3cd5f9-4f1c-43ea-91b1-b85a1f6c3825:192.168.36.99:39114], old=null at 0
2019-09-20 09:27:32,154 [Thread-1129] INFO  impl.RoleInfo (RoleInfo.java:shutdownFollowerState(121)) - fd3cd5f9-4f1c-43ea-91b1-b85a1f6c3825: shutdown FollowerState
2019-09-20 09:27:34,245 | INFO  | SCMAudit | user=jenkins1000 | ip=192.168.36.99 | op=SEND_HEARTBEAT {datanodeUUID=fd3cd5f9-4f1c-43ea-91b1-b85a1f6c3825, command=[]} | ret=SUCCESS |  
2019-09-20 09:27:34,245 | INFO  | SCMAudit | user=jenkins1000 | ip=192.168.36.99 | op=SEND_HEARTBEAT {datanodeUUID=4840c00f-91d3-4881-a20b-4d0486ca97c0, command=[]} | ret=SUCCESS |  
2019-09-20 09:27:34,245 | INFO  | SCMAudit | user=jenkins1000 | ip=192.168.36.99 | op=SEND_HEARTBEAT {datanodeUUID=dc7f40a9-6782-42c4-abab-c6b1682da047, command=[]} | ret=SUCCESS |  
2019-09-20 09:27:34,245 | INFO  | SCMAudit | user=jenkins1000 | ip=192.168.36.99 | op=SEND_HEARTBEAT {datanodeUUID=871e6485-c22a-483f-9e07-d19e754685be, command=[]} | ret=SUCCESS |  
2019-09-20 09:27:32,153 [871e6485-c22a-483f-9e07-d19e754685be:group-D16FDEDC5EA7:LeaderElection167] INFO  segmented.SegmentedRaftLogWorker (SegmentedRaftLogWorker.java:startLogSegment(380)) - 871e6485-c22a-483f-9e07-d19e754685be-SegmentedRaftLogWorker:Storage Directory /workdir/hadoop-ozone/integration-test/target/test-dir/MiniOzoneClusterImpl-a33d77e5-464b-4d19-8e6b-a171e580bf0e/datanode-4/data/ratis/31a06ea6-73db-46fd-ab08-d16fdedc5ea7: Starting segment from index:0
2019-09-20 09:27:34,246 | INFO  | SCMAudit | user=jenkins1000 | ip=192.168.36.99 | op=SEND_HEARTBEAT {datanodeUUID=492ed782-6ab3-4ad9-945e-06def6ac7c96, command=[]} | ret=SUCCESS |  
2019-09-20 09:27:34,246 | INFO  | SCMAudit | user=jenkins1000 | ip=192.168.36.99 | op=SEND_HEARTBEAT {datanodeUUID=02b93e76-e4c6-4b67-b8a4-c536d9ab7224, command=[]} | ret=SUCCESS |  
2019-09-20 09:27:32,153 [871e6485-c22a-483f-9e07-d19e754685be:group-919889FFF3B7:LeaderElection170] INFO  segmented.SegmentedRaftLogWorker (SegmentedRaftLogWorker.java:startLogSegment(380)) - 871e6485-c22a-483f-9e07-d19e754685be-SegmentedRaftLogWorker:Storage Directory /workdir/hadoop-ozone/integration-test/target/test-dir/MiniOzoneClusterImpl-a33d77e5-464b-4d19-8e6b-a171e580bf0e/datanode-4/data/ratis/db4f1239-84a1-4282-98b1-919889fff3b7: Starting segment from index:0
2019-09-20 09:27:32,152 [4840c00f-91d3-4881-a20b-4d0486ca97c0:group-65B0EFE6E2D8:LeaderElection172] INFO  server.RaftServerConfigKeys (ConfUtils.java:logGet(43)) - raft.server.write.element-limit = 4096 (default)
2019-09-20 09:27:32,152 [02b93e76-e4c6-4b67-b8a4-c536d9ab7224-SegmentedRaftLogWorker:Storage Directory /workdir/hadoop-ozone/integration-test/target/test-dir/MiniOzoneClusterImpl-a33d77e5-464b-4d19-8e6b-a171e580bf0e/datanode-0/data/ratis/e917479e-0d4f-440a-99e6-6330bc62d772] INFO  segmented.SegmentedRaftLogWorker (SegmentedRaftLogWorker.java:close(228)) - 02b93e76-e4c6-4b67-b8a4-c536d9ab7224-SegmentedRaftLogWorker:Storage Directory /workdir/hadoop-ozone/integration-test/target/test-dir/MiniOzoneClusterImpl-a33d77e5-464b-4d19-8e6b-a171e580bf0e/datanode-0/data/ratis/e917479e-0d4f-440a-99e6-6330bc62d772 close()
2019-09-20 09:27:32,152 [4840c00f-91d3-4881-a20b-4d0486ca97c0:group-6A1D135D282F:LeaderElection178] INFO  impl.LeaderElection (LeaderElection.java:askForVotes(181)) - 4840c00f-91d3-4881-a20b-4d0486ca97c0:group-6A1D135D282F:LeaderElection178: begin an election at term 1 for -1: [4840c00f-91d3-4881-a20b-4d0486ca97c0:192.168.36.99:41473], old=null
2019-09-20 09:27:32,152 [4840c00f-91d3-4881-a20b-4d0486ca97c0:group-746BFFF34F3B:LeaderElection174] INFO  impl.LeaderElection (LeaderElection.java:askForVotes(181)) - 4840c00f-91d3-4881-a20b-4d0486ca97c0:group-746BFFF34F3B:LeaderElection174: begin an election at term 1 for -1: [4840c00f-91d3-4881-a20b-4d0486ca97c0:192.168.36.99:41473], old=null
2019-09-20 09:27:32,152 [fd3cd5f9-4f1c-43ea-91b1-b85a1f6c3825:group-599E264902A2:LeaderElection176] INFO  impl.LeaderElection (LeaderElection.java:askForVotes(181)) - fd3cd5f9-4f1c-43ea-91b1-b85a1f6c3825:group-599E264902A2:LeaderElection176: begin an election at term 1 for -1: [fd3cd5f9-4f1c-43ea-91b1-b85a1f6c3825:192.168.36.99:39114], old=null
2019-09-20 09:27:32,152 [fd3cd5f9-4f1c-43ea-91b1-b85a1f6c3825:group-851D3F2D4801:LeaderElection177] INFO  impl.LeaderElection (LeaderElection.java:askForVotes(181)) - fd3cd5f9-4f1c-43ea-91b1-b85a1f6c3825:group-851D3F2D4801:LeaderElection177: begin an election at term 1 for -1: [fd3cd5f9-4f1c-43ea-91b1-b85a1f6c3825:192.168.36.99:39114], old=null
2019-09-20 09:27:32,152 [871e6485-c22a-483f-9e07-d19e754685be:group-D8E17CA343EE:LeaderElection175] INFO  impl.LeaderElection (LeaderElection.java:askForVotes(181)) - 871e6485-c22a-483f-9e07-d19e754685be:group-D8E17CA343EE:LeaderElection175: begin an election at term 1 for -1: [871e6485-c22a-483f-9e07-d19e754685be:192.168.36.99:41076], old=null
2019-09-20 09:27:32,125 [871e6485-c22a-483f-9e07-d19e754685be-SegmentedRaftLogWorker:Storage Directory /workdir/hadoop-ozone/integration-test/target/test-dir/MiniOzoneClusterImpl-a33d77e5-464b-4d19-8e6b-a171e580bf0e/datanode-4/data/ratis/1453f98f-3c75-4b4c-a51d-bcfc671dd016] INFO  segmented.SegmentedRaftLogWorker (SegmentedRaftLogWorker.java:close(228)) - 871e6485-c22a-483f-9e07-d19e754685be-SegmentedRaftLogWorker:Storage Directory /workdir/hadoop-ozone/integration-test/target/test-dir/MiniOzoneClusterImpl-a33d77e5-464b-4d19-8e6b-a171e580bf0e/datanode-4/data/ratis/1453f98f-3c75-4b4c-a51d-bcfc671dd016 close()
2019-09-20 09:27:32,125 [fd3cd5f9-4f1c-43ea-91b1-b85a1f6c3825:group-EFBA38E2D881:LeaderElection171] INFO  impl.RoleInfo (RoleInfo.java:updateAndGet(143)) - fd3cd5f9-4f1c-43ea-91b1-b85a1f6c3825: start LeaderState
2019-09-20 09:27:32,125 [492ed782-6ab3-4ad9-945e-06def6ac7c96-SegmentedRaftLogWorker:Storage Directory /workdir/hadoop-ozone/integration-test/target/test-dir/MiniOzoneClusterImpl-a33d77e5-464b-4d19-8e6b-a171e580bf0e/datanode-2/data/ratis/3a1954ba-fc7c-4131-a86f-94590c91f56c] INFO  segmented.SegmentedRaftLogWorker (SegmentedRaftLogWorker.java:close(228)) - 492ed782-6ab3-4ad9-945e-06def6ac7c96-SegmentedRaftLogWorker:Storage Directory /workdir/hadoop-ozone/integration-test/target/test-dir/MiniOzoneClusterImpl-a33d77e5-464b-4d19-8e6b-a171e580bf0e/datanode-2/data/ratis/3a1954ba-fc7c-4131-a86f-94590c91f56c close()
2019-09-20 09:27:32,124 [pool-27-thread-1] INFO  server.RaftServerConfigKeys (ConfUtils.java:logGet(43)) - raft.server.log.segment.cache.num.max = 2 (custom)
2019-09-20 09:27:32,124 [pool-60-thread-1] INFO  server.RaftServerConfigKeys (ConfUtils.java:logGet(43)) - raft.server.log.segment.size.max = 1048576 (custom)
2019-09-20 09:27:32,124 [pool-49-thread-1] INFO  server.RaftServerConfigKeys (ConfUtils.java:logGet(43)) - raft.server.log.appender.buffer.byte-limit = 33554432 (custom)
2019-09-20 09:27:32,124 [dc7f40a9-6782-42c4-abab-c6b1682da047-SegmentedRaftLogWorker:Storage Directory /workdir/hadoop-ozone/integration-test/target/test-dir/MiniOzoneClusterImpl-a33d77e5-464b-4d19-8e6b-a171e580bf0e/datanode-5/data/ratis/e1e7ff7f-7dac-4fd7-98bb-96e04b49eb22] INFO  segmented.SegmentedRaftLogWorker (SegmentedRaftLogWorker.java:close(228)) - dc7f40a9-6782-42c4-abab-c6b1682da047-SegmentedRaftLogWorker:Storage Directory /workdir/hadoop-ozone/integration-test/target/test-dir/MiniOzoneClusterImpl-a33d77e5-464b-4d19-8e6b-a171e580bf0e/datanode-5/data/ratis/e1e7ff7f-7dac-4fd7-98bb-96e04b49eb22 close()
2019-09-20 09:27:32,118 [871e6485-c22a-483f-9e07-d19e754685be-SegmentedRaftLogWorker:Storage Directory /workdir/hadoop-ozone/integration-test/target/test-dir/MiniOzoneClusterImpl-a33d77e5-464b-4d19-8e6b-a171e580bf0e/datanode-4/data/ratis/4efacd98-2512-4d78-8dc9-b9897afdad88] INFO  impl.RaftServerImpl (ServerState.java:close(394)) - 871e6485-c22a-483f-9e07-d19e754685be:group-B9897AFDAD88 closes. The last applied log index is -1
2019-09-20 09:27:32,118 [02b93e76-e4c6-4b67-b8a4-c536d9ab7224-SegmentedRaftLogWorker:Storage Directory /workdir/hadoop-ozone/integration-test/target/test-dir/MiniOzoneClusterImpl-a33d77e5-464b-4d19-8e6b-a171e580bf0e/datanode-0/data/ratis/3374578f-183a-450d-9a72-c96ec6167c50] INFO  impl.RaftServerImpl (ServerState.java:close(394)) - 02b93e76-e4c6-4b67-b8a4-c536d9ab7224:group-C96EC6167C50 closes. The last applied log index is -1
2019-09-20 09:27:32,118 [492ed782-6ab3-4ad9-945e-06def6ac7c96-SegmentedRaftLogWorker:Storage Directory /workdir/hadoop-ozone/integration-test/target/test-dir/MiniOzoneClusterImpl-a33d77e5-464b-4d19-8e6b-a171e580bf0e/datanode-2/data/ratis/aacc83b8-b84d-47ee-bcfc-08449766f3ef] INFO  impl.StateMachineUpdater (StateMachineUpdater.java:stopAndJoin(115)) - StateMachineUpdater:492ed782-6ab3-4ad9-945e-06def6ac7c96:group-08449766F3EF: set stopIndex = -1
2019-09-20 09:27:34,757 [492ed782-6ab3-4ad9-945e-06def6ac7c96-SegmentedRaftLogWorker:Storage Directory /workdir/hadoop-ozone/integration-test/target/test-dir/MiniOzoneClusterImpl-a33d77e5-464b-4d19-8e6b-a171e580bf0e/datanode-2/data/ratis/aacc83b8-b84d-47ee-bcfc-08449766f3ef] INFO  impl.RaftServerImpl (ServerState.java:close(394)) - 492ed782-6ab3-4ad9-945e-06def6ac7c96:group-08449766F3EF closes. The last applied log index is -1
2019-09-20 09:27:32,117 [492ed782-6ab3-4ad9-945e-06def6ac7c96-SegmentedRaftLogWorker:Storage Directory /workdir/hadoop-ozone/integration-test/target/test-dir/MiniOzoneClusterImpl-a33d77e5-464b-4d19-8e6b-a171e580bf0e/datanode-2/data/ratis/4bb78101-5b17-4729-af6e-ac17ce41094c] INFO  impl.RaftServerImpl (ServerState.java:close(394)) - 492ed782-6ab3-4ad9-945e-06def6ac7c96:group-AC17CE41094C closes. The last applied log index is -1
2019-09-20 09:27:32,117 [fd3cd5f9-4f1c-43ea-91b1-b85a1f6c3825-SegmentedRaftLogWorker:Storage Directory /workdir/hadoop-ozone/integration-test/target/test-dir/MiniOzoneClusterImpl-a33d77e5-464b-4d19-8e6b-a171e580bf0e/datanode-1/data/ratis/dd3ed292-cb4b-47d2-8f50-dc825d6fa250] INFO  impl.RaftServerImpl (ServerState.java:close(394)) - fd3cd5f9-4f1c-43ea-91b1-b85a1f6c3825:group-DC825D6FA250 closes. The last applied log index is -1
2019-09-20 09:27:34,758 [main] INFO  server.AbstractConnector (AbstractConnector.java:doStop(318)) - Stopped ServerConnector@1bfe3203{HTTP/1.1,[http/1.1]}{0.0.0.0:0}
2019-09-20 09:27:32,116 [Thread-952] INFO  impl.RoleInfo (RoleInfo.java:updateAndGet(143)) - fd3cd5f9-4f1c-43ea-91b1-b85a1f6c3825: start LeaderElection
2019-09-20 09:27:32,116 [fd3cd5f9-4f1c-43ea-91b1-b85a1f6c3825-SegmentedRaftLogWorker:Storage Directory /workdir/hadoop-ozone/integration-test/target/test-dir/MiniOzoneClusterImpl-a33d77e5-464b-4d19-8e6b-a171e580bf0e/datanode-1/data/ratis/761ed929-deb2-4e13-9385-e81d6153acad] INFO  impl.PendingRequests (PendingRequests.java:sendNotLeaderResponses(202)) - fd3cd5f9-4f1c-43ea-91b1-b85a1f6c3825-PendingRequests: sendNotLeaderResponses
2019-09-20 09:27:32,116 [Thread-1000] INFO  impl.RoleInfo (RoleInfo.java:updateAndGet(143)) - dc7f40a9-6782-42c4-abab-c6b1682da047: start LeaderElection
2019-09-20 09:27:34,759 [fd3cd5f9-4f1c-43ea-91b1-b85a1f6c3825-SegmentedRaftLogWorker:Storage Directory /workdir/hadoop-ozone/integration-test/target/test-dir/MiniOzoneClusterImpl-a33d77e5-464b-4d19-8e6b-a171e580bf0e/datanode-1/data/ratis/761ed929-deb2-4e13-9385-e81d6153acad] INFO  impl.StateMachineUpdater (StateMachineUpdater.java:stopAndJoin(115)) - StateMachineUpdater:fd3cd5f9-4f1c-43ea-91b1-b85a1f6c3825:group-E81D6153ACAD: set stopIndex = -1
2019-09-20 09:27:34,759 [main] INFO  handler.ContextHandler (ContextHandler.java:doStop(910)) - Stopped o.e.j.s.ServletContextHandler@72fe8a4f{/static,file:///workdir/hadoop-ozone/integration-test/target/test-classes/webapps/static,UNAVAILABLE}
2019-09-20 09:27:34,758 [fd3cd5f9-4f1c-43ea-91b1-b85a1f6c3825-SegmentedRaftLogWorker:Storage Directory /workdir/hadoop-ozone/integration-test/target/test-dir/MiniOzoneClusterImpl-a33d77e5-464b-4d19-8e6b-a171e580bf0e/datanode-1/data/ratis/dd3ed292-cb4b-47d2-8f50-dc825d6fa250] INFO  segmented.SegmentedRaftLogWorker (SegmentedRaftLogWorker.java:close(228)) - fd3cd5f9-4f1c-43ea-91b1-b85a1f6c3825-SegmentedRaftLogWorker:Storage Directory /workdir/hadoop-ozone/integration-test/target/test-dir/MiniOzoneClusterImpl-a33d77e5-464b-4d19-8e6b-a171e580bf0e/datanode-1/data/ratis/dd3ed292-cb4b-47d2-8f50-dc825d6fa250 close()
2019-09-20 09:27:34,760 [main] INFO  handler.ContextHandler (ContextHandler.java:doStop(910)) - Stopped o.e.j.s.ServletContextHandler@325bb9a6{/logs,file:///workdir/hadoop-ozone/integration-test/target/log,UNAVAILABLE}
2019-09-20 09:27:34,758 [492ed782-6ab3-4ad9-945e-06def6ac7c96-SegmentedRaftLogWorker:Storage Directory /workdir/hadoop-ozone/integration-test/target/test-dir/MiniOzoneClusterImpl-a33d77e5-464b-4d19-8e6b-a171e580bf0e/datanode-2/data/ratis/4bb78101-5b17-4729-af6e-ac17ce41094c] INFO  segmented.SegmentedRaftLogWorker (SegmentedRaftLogWorker.java:close(228)) - 492ed782-6ab3-4ad9-945e-06def6ac7c96-SegmentedRaftLogWorker:Storage Directory /workdir/hadoop-ozone/integration-test/target/test-dir/MiniOzoneClusterImpl-a33d77e5-464b-4d19-8e6b-a171e580bf0e/datanode-2/data/ratis/4bb78101-5b17-4729-af6e-ac17ce41094c close()
2019-09-20 09:27:34,758 [492ed782-6ab3-4ad9-945e-06def6ac7c96-SegmentedRaftLogWorker:Storage Directory /workdir/hadoop-ozone/integration-test/target/test-dir/MiniOzoneClusterImpl-a33d77e5-464b-4d19-8e6b-a171e580bf0e/datanode-2/data/ratis/aacc83b8-b84d-47ee-bcfc-08449766f3ef] INFO  segmented.SegmentedRaftLogWorker (SegmentedRaftLogWorker.java:close(228)) - 492ed782-6ab3-4ad9-945e-06def6ac7c96-SegmentedRaftLogWorker:Storage Directory /workdir/hadoop-ozone/integration-test/target/test-dir/MiniOzoneClusterImpl-a33d77e5-464b-4d19-8e6b-a171e580bf0e/datanode-2/data/ratis/aacc83b8-b84d-47ee-bcfc-08449766f3ef close()
2019-09-20 09:27:34,757 [02b93e76-e4c6-4b67-b8a4-c536d9ab7224-SegmentedRaftLogWorker:Storage Directory /workdir/hadoop-ozone/integration-test/target/test-dir/MiniOzoneClusterImpl-a33d77e5-464b-4d19-8e6b-a171e580bf0e/datanode-0/data/ratis/3374578f-183a-450d-9a72-c96ec6167c50] INFO  segmented.SegmentedRaftLogWorker (SegmentedRaftLogWorker.java:close(228)) - 02b93e76-e4c6-4b67-b8a4-c536d9ab7224-SegmentedRaftLogWorker:Storage Directory /workdir/hadoop-ozone/integration-test/target/test-dir/MiniOzoneClusterImpl-a33d77e5-464b-4d19-8e6b-a171e580bf0e/datanode-0/data/ratis/3374578f-183a-450d-9a72-c96ec6167c50 close()
2019-09-20 09:27:34,757 [871e6485-c22a-483f-9e07-d19e754685be-SegmentedRaftLogWorker:Storage Directory /workdir/hadoop-ozone/integration-test/target/test-dir/MiniOzoneClusterImpl-a33d77e5-464b-4d19-8e6b-a171e580bf0e/datanode-4/data/ratis/4efacd98-2512-4d78-8dc9-b9897afdad88] INFO  segmented.SegmentedRaftLogWorker (SegmentedRaftLogWorker.java:close(228)) - 871e6485-c22a-483f-9e07-d19e754685be-SegmentedRaftLogWorker:Storage Directory /workdir/hadoop-ozone/integration-test/target/test-dir/MiniOzoneClusterImpl-a33d77e5-464b-4d19-8e6b-a171e580bf0e/datanode-4/data/ratis/4efacd98-2512-4d78-8dc9-b9897afdad88 close()
2019-09-20 09:27:34,757 [pool-49-thread-1] INFO  server.RaftServerConfigKeys (ConfUtils.java:logGet(43)) - raft.server.log.segment.size.max = 1048576 (custom)
2019-09-20 09:27:34,756 [pool-60-thread-1] INFO  server.RaftServerConfigKeys (ConfUtils.java:logGet(43)) - raft.server.log.segment.cache.num.max = 2 (custom)
2019-09-20 09:27:34,756 [pool-27-thread-1] INFO  segmented.SegmentedRaftLogWorker (SegmentedRaftLogWorker.java:<init>(172)) - new 02b93e76-e4c6-4b67-b8a4-c536d9ab7224-SegmentedRaftLogWorker:Storage Directory /workdir/hadoop-ozone/integration-test/target/test-dir/MiniOzoneClusterImpl-a33d77e5-464b-4d19-8e6b-a171e580bf0e/datanode-0/data/ratis/3974e938-29d0-4d8c-b998-791f2ccb98aa for RaftStorage:Storage Directory /workdir/hadoop-ozone/integration-test/target/test-dir/MiniOzoneClusterImpl-a33d77e5-464b-4d19-8e6b-a171e580bf0e/datanode-0/data/ratis/3974e938-29d0-4d8c-b998-791f2ccb98aa
2019-09-20 09:27:34,756 [fd3cd5f9-4f1c-43ea-91b1-b85a1f6c3825:group-EFBA38E2D881:LeaderElection171] INFO  segmented.SegmentedRaftLogWorker (SegmentedRaftLogWorker.java:startLogSegment(380)) - fd3cd5f9-4f1c-43ea-91b1-b85a1f6c3825-SegmentedRaftLogWorker:Storage Directory /workdir/hadoop-ozone/integration-test/target/test-dir/MiniOzoneClusterImpl-a33d77e5-464b-4d19-8e6b-a171e580bf0e/datanode-1/data/ratis/27185215-8000-4c0c-93d0-efba38e2d881: Starting segment from index:0
2019-09-20 09:27:34,755 [871e6485-c22a-483f-9e07-d19e754685be:group-D8E17CA343EE:LeaderElection175] INFO  impl.RoleInfo (RoleInfo.java:shutdownLeaderElection(134)) - 871e6485-c22a-483f-9e07-d19e754685be: shutdown LeaderElection
2019-09-20 09:27:34,762 [871e6485-c22a-483f-9e07-d19e754685be:group-D8E17CA343EE:LeaderElection175] INFO  impl.RaftServerImpl (RaftServerImpl.java:setRole(171)) - 871e6485-c22a-483f-9e07-d19e754685be:group-D8E17CA343EE changes role from CANDIDATE to LEADER at term 1 for changeToLeader
2019-09-20 09:27:34,755 [fd3cd5f9-4f1c-43ea-91b1-b85a1f6c3825:group-851D3F2D4801:LeaderElection177] INFO  impl.RoleInfo (RoleInfo.java:shutdownLeaderElection(134)) - fd3cd5f9-4f1c-43ea-91b1-b85a1f6c3825: shutdown LeaderElection
2019-09-20 09:27:34,755 [fd3cd5f9-4f1c-43ea-91b1-b85a1f6c3825:group-599E264902A2:LeaderElection176] INFO  impl.RoleInfo (RoleInfo.java:shutdownLeaderElection(134)) - fd3cd5f9-4f1c-43ea-91b1-b85a1f6c3825: shutdown LeaderElection
2019-09-20 09:27:35,056 [fd3cd5f9-4f1c-43ea-91b1-b85a1f6c3825:group-599E264902A2:LeaderElection176] INFO  impl.RaftServerImpl (RaftServerImpl.java:setRole(171)) - fd3cd5f9-4f1c-43ea-91b1-b85a1f6c3825:group-599E264902A2 changes role from CANDIDATE to LEADER at term 1 for changeToLeader
2019-09-20 09:27:35,056 [fd3cd5f9-4f1c-43ea-91b1-b85a1f6c3825:group-599E264902A2:LeaderElection176] INFO  impl.RaftServerImpl (ServerState.java:setLeader(263)) - fd3cd5f9-4f1c-43ea-91b1-b85a1f6c3825:group-599E264902A2 change Leader from null to fd3cd5f9-4f1c-43ea-91b1-b85a1f6c3825 at term 1 for becomeLeader, leader elected after 16826ms
2019-09-20 09:27:34,755 [4840c00f-91d3-4881-a20b-4d0486ca97c0:group-746BFFF34F3B:LeaderElection174] INFO  impl.RoleInfo (RoleInfo.java:shutdownLeaderElection(134)) - 4840c00f-91d3-4881-a20b-4d0486ca97c0: shutdown LeaderElection
2019-09-20 09:27:34,754 [fd3cd5f9-4f1c-43ea-91b1-b85a1f6c3825-SegmentedRaftLogWorker:Storage Directory /workdir/hadoop-ozone/integration-test/target/test-dir/MiniOzoneClusterImpl-a33d77e5-464b-4d19-8e6b-a171e580bf0e/datanode-1/data/ratis/5783aec1-b66d-4623-9dbc-eb58816d2005] ERROR segmented.SegmentedRaftLogWorker (SegmentedRaftLogWorker.java:run(323)) - fd3cd5f9-4f1c-43ea-91b1-b85a1f6c3825-SegmentedRaftLogWorker:Storage Directory /workdir/hadoop-ozone/integration-test/target/test-dir/MiniOzoneClusterImpl-a33d77e5-464b-4d19-8e6b-a171e580bf0e/datanode-1/data/ratis/5783aec1-b66d-4623-9dbc-eb58816d2005 hit exception
java.lang.OutOfMemoryError: Direct buffer memory
	at java.nio.Bits.reserveMemory(Bits.java:666)
	at java.nio.DirectByteBuffer.<init>(DirectByteBuffer.java:123)
	at java.nio.ByteBuffer.allocateDirect(ByteBuffer.java:311)
	at org.apache.ratis.server.raftlog.segmented.BufferedWriteChannel.<init>(BufferedWriteChannel.java:41)
	at org.apache.ratis.server.raftlog.segmented.SegmentedRaftLogOutputStream.<init>(SegmentedRaftLogOutputStream.java:72)
	at org.apache.ratis.server.raftlog.segmented.SegmentedRaftLogWorker$StartLogSegment.execute(SegmentedRaftLogWorker.java:566)
	at org.apache.ratis.server.raftlog.segmented.SegmentedRaftLogWorker.run(SegmentedRaftLogWorker.java:289)
	at java.lang.Thread.run(Thread.java:748)
2019-09-20 09:27:34,754 [02b93e76-e4c6-4b67-b8a4-c536d9ab7224-SegmentedRaftLogWorker:Storage Directory /workdir/hadoop-ozone/integration-test/target/test-dir/MiniOzoneClusterImpl-a33d77e5-464b-4d19-8e6b-a171e580bf0e/datanode-0/data/ratis/b6ab1b95-97f0-40b4-82ec-58fac97adbbf] ERROR segmented.SegmentedRaftLogWorker (SegmentedRaftLogWorker.java:run(323)) - 02b93e76-e4c6-4b67-b8a4-c536d9ab7224-SegmentedRaftLogWorker:Storage Directory /workdir/hadoop-ozone/integration-test/target/test-dir/MiniOzoneClusterImpl-a33d77e5-464b-4d19-8e6b-a171e580bf0e/datanode-0/data/ratis/b6ab1b95-97f0-40b4-82ec-58fac97adbbf hit exception
java.lang.OutOfMemoryError: Direct buffer memory
	at java.nio.Bits.reserveMemory(Bits.java:666)
	at java.nio.DirectByteBuffer.<init>(DirectByteBuffer.java:123)
	at java.nio.ByteBuffer.allocateDirect(ByteBuffer.java:311)
	at org.apache.ratis.server.raftlog.segmented.BufferedWriteChannel.<init>(BufferedWriteChannel.java:41)
	at org.apache.ratis.server.raftlog.segmented.SegmentedRaftLogOutputStream.<init>(SegmentedRaftLogOutputStream.java:72)
	at org.apache.ratis.server.raftlog.segmented.SegmentedRaftLogWorker$StartLogSegment.execute(SegmentedRaftLogWorker.java:566)
	at org.apache.ratis.server.raftlog.segmented.SegmentedRaftLogWorker.run(SegmentedRaftLogWorker.java:289)
	at java.lang.Thread.run(Thread.java:748)
2019-09-20 09:27:34,754 [871e6485-c22a-483f-9e07-d19e754685be-SegmentedRaftLogWorker:Storage Directory /workdir/hadoop-ozone/integration-test/target/test-dir/MiniOzoneClusterImpl-a33d77e5-464b-4d19-8e6b-a171e580bf0e/datanode-4/data/ratis/9a64a091-03aa-4fc8-b199-23eeb214de2d] ERROR segmented.SegmentedRaftLogWorker (SegmentedRaftLogWorker.java:run(323)) - 871e6485-c22a-483f-9e07-d19e754685be-SegmentedRaftLogWorker:Storage Directory /workdir/hadoop-ozone/integration-test/target/test-dir/MiniOzoneClusterImpl-a33d77e5-464b-4d19-8e6b-a171e580bf0e/datanode-4/data/ratis/9a64a091-03aa-4fc8-b199-23eeb214de2d hit exception
java.lang.OutOfMemoryError: Direct buffer memory
	at java.nio.Bits.reserveMemory(Bits.java:666)
	at java.nio.DirectByteBuffer.<init>(DirectByteBuffer.java:123)
	at java.nio.ByteBuffer.allocateDirect(ByteBuffer.java:311)
	at org.apache.ratis.server.raftlog.segmented.BufferedWriteChannel.<init>(BufferedWriteChannel.java:41)
	at org.apache.ratis.server.raftlog.segmented.SegmentedRaftLogOutputStream.<init>(SegmentedRaftLogOutputStream.java:72)
	at org.apache.ratis.server.raftlog.segmented.SegmentedRaftLogWorker$StartLogSegment.execute(SegmentedRaftLogWorker.java:566)
	at org.apache.ratis.server.raftlog.segmented.SegmentedRaftLogWorker.run(SegmentedRaftLogWorker.java:289)
	at java.lang.Thread.run(Thread.java:748)
2019-09-20 09:27:35,058 [871e6485-c22a-483f-9e07-d19e754685be-SegmentedRaftLogWorker:Storage Directory /workdir/hadoop-ozone/integration-test/target/test-dir/MiniOzoneClusterImpl-a33d77e5-464b-4d19-8e6b-a171e580bf0e/datanode-4/data/ratis/9a64a091-03aa-4fc8-b199-23eeb214de2d] INFO  impl.RaftServerImpl (RaftServerImpl.java:lambda$shutdown$3(245)) - 871e6485-c22a-483f-9e07-d19e754685be: shutdown group-23EEB214DE2D
2019-09-20 09:27:34,499 [4840c00f-91d3-4881-a20b-4d0486ca97c0:group-6A1D135D282F:LeaderElection178] INFO  impl.RoleInfo (RoleInfo.java:shutdownLeaderElection(134)) - 4840c00f-91d3-4881-a20b-4d0486ca97c0: shutdown LeaderElection
2019-09-20 09:27:35,058 [4840c00f-91d3-4881-a20b-4d0486ca97c0:group-6A1D135D282F:LeaderElection178] INFO  impl.RaftServerImpl (RaftServerImpl.java:setRole(171)) - 4840c00f-91d3-4881-a20b-4d0486ca97c0:group-6A1D135D282F changes role from CANDIDATE to LEADER at term 1 for changeToLeader
2019-09-20 09:27:34,499 [871e6485-c22a-483f-9e07-d19e754685be:group-919889FFF3B7:LeaderElection170] INFO  impl.RaftServerImpl (ServerState.java:setRaftConf(361)) - 871e6485-c22a-483f-9e07-d19e754685be:group-919889FFF3B7 set configuration 0: [871e6485-c22a-483f-9e07-d19e754685be:192.168.36.99:41076], old=null at 0
2019-09-20 09:27:34,499 [4840c00f-91d3-4881-a20b-4d0486ca97c0:group-65B0EFE6E2D8:LeaderElection172] INFO  server.RaftServerConfigKeys (ConfUtils.java:logGet(43)) - raft.server.watch.timeout = 10s (default)
2019-09-20 09:27:34,499 [871e6485-c22a-483f-9e07-d19e754685be:group-D16FDEDC5EA7:LeaderElection167] INFO  impl.RaftServerImpl (ServerState.java:setRaftConf(361)) - 871e6485-c22a-483f-9e07-d19e754685be:group-D16FDEDC5EA7 set configuration 0: [871e6485-c22a-483f-9e07-d19e754685be:192.168.36.99:41076], old=null at 0
2019-09-20 09:27:34,498 [Thread-886] INFO  impl.FollowerState (FollowerState.java:run(106)) - 492ed782-6ab3-4ad9-945e-06def6ac7c96:group-27E0CBF426EB changes to CANDIDATE, lastRpcTime:17497, electionTimeout:5127ms
2019-09-20 09:27:34,498 [Thread-892] INFO  impl.FollowerState (FollowerState.java:run(106)) - fd3cd5f9-4f1c-43ea-91b1-b85a1f6c3825:group-15826A721196 changes to CANDIDATE, lastRpcTime:17380, electionTimeout:5193ms
2019-09-20 09:27:34,245 [871e6485-c22a-483f-9e07-d19e754685be:group-3B4B35C05CD0:LeaderElection166] INFO  impl.RaftServerImpl (ServerState.java:setRaftConf(361)) - 871e6485-c22a-483f-9e07-d19e754685be:group-3B4B35C05CD0 set configuration 0: [871e6485-c22a-483f-9e07-d19e754685be:192.168.36.99:41076], old=null at 0
2019-09-20 09:27:34,033 [Thread-1129] INFO  impl.RaftServerImpl (RaftServerImpl.java:setRole(171)) - fd3cd5f9-4f1c-43ea-91b1-b85a1f6c3825:group-449CD00D9C0A changes role from FOLLOWER to CANDIDATE at term 0 for changeToCandidate
2019-09-20 09:27:33,789 [fd3cd5f9-4f1c-43ea-91b1-b85a1f6c3825:group-9538580C016C:LeaderElection160] INFO  impl.RaftServerImpl (ServerState.java:setRaftConf(361)) - fd3cd5f9-4f1c-43ea-91b1-b85a1f6c3825:group-9538580C016C set configuration 0: [fd3cd5f9-4f1c-43ea-91b1-b85a1f6c3825:192.168.36.99:39114], old=null at 0
2019-09-20 09:27:33,788 [4840c00f-91d3-4881-a20b-4d0486ca97c0-SegmentedRaftLogWorker:Storage Directory /workdir/hadoop-ozone/integration-test/target/test-dir/MiniOzoneClusterImpl-a33d77e5-464b-4d19-8e6b-a171e580bf0e/datanode-3/data/ratis/f3cb99fb-2df1-4ec8-b01d-1e855a8e02da] INFO  impl.RaftServerImpl (RaftServerImpl.java:lambda$shutdown$3(245)) - 4840c00f-91d3-4881-a20b-4d0486ca97c0: shutdown group-1E855A8E02DA
2019-09-20 09:27:33,788 [4840c00f-91d3-4881-a20b-4d0486ca97c0-SegmentedRaftLogWorker:Storage Directory /workdir/hadoop-ozone/integration-test/target/test-dir/MiniOzoneClusterImpl-a33d77e5-464b-4d19-8e6b-a171e580bf0e/datanode-3/data/ratis/d5a133f1-1882-4818-b6ed-f2908b59d0c1] INFO  impl.RaftServerImpl (RaftServerImpl.java:lambda$shutdown$3(245)) - 4840c00f-91d3-4881-a20b-4d0486ca97c0: shutdown group-F2908B59D0C1
2019-09-20 09:27:33,544 [492ed782-6ab3-4ad9-945e-06def6ac7c96:group-52124656E3BD:LeaderElection161] INFO  impl.RaftServerImpl (ServerState.java:setRaftConf(361)) - 492ed782-6ab3-4ad9-945e-06def6ac7c96:group-52124656E3BD set configuration 0: [492ed782-6ab3-4ad9-945e-06def6ac7c96:192.168.36.99:32835], old=null at 0
2019-09-20 09:27:33,544 [fd3cd5f9-4f1c-43ea-91b1-b85a1f6c3825-SegmentedRaftLogWorker:Storage Directory /workdir/hadoop-ozone/integration-test/target/test-dir/MiniOzoneClusterImpl-a33d77e5-464b-4d19-8e6b-a171e580bf0e/datanode-1/data/ratis/612f9ad6-fa66-4e0c-b515-81ac512ac710] INFO  impl.PendingRequests (PendingRequests.java:sendNotLeaderResponses(202)) - fd3cd5f9-4f1c-43ea-91b1-b85a1f6c3825-PendingRequests: sendNotLeaderResponses
2019-09-20 09:27:33,544 [02b93e76-e4c6-4b67-b8a4-c536d9ab7224-SegmentedRaftLogWorker:Storage Directory /workdir/hadoop-ozone/integration-test/target/test-dir/MiniOzoneClusterImpl-a33d77e5-464b-4d19-8e6b-a171e580bf0e/datanode-0/data/ratis/4b64e495-6f54-497b-a6ec-fa2d925d22fe] INFO  impl.PendingRequests (PendingRequests.java:sendNotLeaderResponses(202)) - 02b93e76-e4c6-4b67-b8a4-c536d9ab7224-PendingRequests: sendNotLeaderResponses
2019-09-20 09:27:33,543 [492ed782-6ab3-4ad9-945e-06def6ac7c96-SegmentedRaftLogWorker:Storage Directory /workdir/hadoop-ozone/integration-test/target/test-dir/MiniOzoneClusterImpl-a33d77e5-464b-4d19-8e6b-a171e580bf0e/datanode-2/data/ratis/0fec06e2-20d0-421b-bb9e-890d473d7c7a] INFO  impl.RaftServerImpl (RaftServerImpl.java:lambda$shutdown$3(245)) - 492ed782-6ab3-4ad9-945e-06def6ac7c96: shutdown group-890D473D7C7A
2019-09-20 09:27:33,543 [871e6485-c22a-483f-9e07-d19e754685be-SegmentedRaftLogWorker:Storage Directory /workdir/hadoop-ozone/integration-test/target/test-dir/MiniOzoneClusterImpl-a33d77e5-464b-4d19-8e6b-a171e580bf0e/datanode-4/data/ratis/5f4fa292-0eb2-4a47-8c03-dda34e79b0a6] INFO  impl.StateMachineUpdater (StateMachineUpdater.java:stopAndJoin(115)) - StateMachineUpdater:871e6485-c22a-483f-9e07-d19e754685be:group-DDA34E79B0A6: set stopIndex = -1
2019-09-20 09:27:35,061 [871e6485-c22a-483f-9e07-d19e754685be-SegmentedRaftLogWorker:Storage Directory /workdir/hadoop-ozone/integration-test/target/test-dir/MiniOzoneClusterImpl-a33d77e5-464b-4d19-8e6b-a171e580bf0e/datanode-4/data/ratis/5f4fa292-0eb2-4a47-8c03-dda34e79b0a6] INFO  impl.RaftServerImpl (ServerState.java:close(394)) - 871e6485-c22a-483f-9e07-d19e754685be:group-DDA34E79B0A6 closes. The last applied log index is -1
2019-09-20 09:27:33,542 [02b93e76-e4c6-4b67-b8a4-c536d9ab7224-SegmentedRaftLogWorker:Storage Directory /workdir/hadoop-ozone/integration-test/target/test-dir/MiniOzoneClusterImpl-a33d77e5-464b-4d19-8e6b-a171e580bf0e/datanode-0/data/ratis/952b8f30-c2db-42e1-8523-47261cd7efda] INFO  impl.RoleInfo (RoleInfo.java:shutdownLeaderState(104)) - 02b93e76-e4c6-4b67-b8a4-c536d9ab7224: shutdown LeaderState
2019-09-20 09:27:33,542 [492ed782-6ab3-4ad9-945e-06def6ac7c96-SegmentedRaftLogWorker:Storage Directory /workdir/hadoop-ozone/integration-test/target/test-dir/MiniOzoneClusterImpl-a33d77e5-464b-4d19-8e6b-a171e580bf0e/datanode-2/data/ratis/af526850-cd10-4d62-b860-68c11bf58e25] INFO  util.JmxRegister (JmxRegister.java:unregister(73)) - Successfully un-registered JMX Bean with object name Ratis:service=RaftServer,group=group-68C11BF58E25,id=492ed782-6ab3-4ad9-945e-06def6ac7c96
2019-09-20 09:27:35,062 [492ed782-6ab3-4ad9-945e-06def6ac7c96-SegmentedRaftLogWorker:Storage Directory /workdir/hadoop-ozone/integration-test/target/test-dir/MiniOzoneClusterImpl-a33d77e5-464b-4d19-8e6b-a171e580bf0e/datanode-2/data/ratis/af526850-cd10-4d62-b860-68c11bf58e25] INFO  impl.RoleInfo (RoleInfo.java:shutdownLeaderState(104)) - 492ed782-6ab3-4ad9-945e-06def6ac7c96: shutdown LeaderState
2019-09-20 09:27:33,542 [492ed782-6ab3-4ad9-945e-06def6ac7c96-SegmentedRaftLogWorker:Storage Directory /workdir/hadoop-ozone/integration-test/target/test-dir/MiniOzoneClusterImpl-a33d77e5-464b-4d19-8e6b-a171e580bf0e/datanode-2/data/ratis/66dd09bd-0d9a-4fa4-b38c-7160e3b153a6] INFO  util.JmxRegister (JmxRegister.java:unregister(73)) - Successfully un-registered JMX Bean with object name Ratis:service=RaftServer,group=group-7160E3B153A6,id=492ed782-6ab3-4ad9-945e-06def6ac7c96
2019-09-20 09:27:35,062 [492ed782-6ab3-4ad9-945e-06def6ac7c96-SegmentedRaftLogWorker:Storage Directory /workdir/hadoop-ozone/integration-test/target/test-dir/MiniOzoneClusterImpl-a33d77e5-464b-4d19-8e6b-a171e580bf0e/datanode-2/data/ratis/66dd09bd-0d9a-4fa4-b38c-7160e3b153a6] INFO  impl.RoleInfo (RoleInfo.java:shutdownLeaderState(104)) - 492ed782-6ab3-4ad9-945e-06def6ac7c96: shutdown LeaderState
2019-09-20 09:27:33,542 [fd3cd5f9-4f1c-43ea-91b1-b85a1f6c3825-SegmentedRaftLogWorker:Storage Directory /workdir/hadoop-ozone/integration-test/target/test-dir/MiniOzoneClusterImpl-a33d77e5-464b-4d19-8e6b-a171e580bf0e/datanode-1/data/ratis/b552caae-7efd-4b79-aff5-b212b9f51e67] ERROR segmented.SegmentedRaftLogWorker (SegmentedRaftLogWorker.java:run(323)) - fd3cd5f9-4f1c-43ea-91b1-b85a1f6c3825-SegmentedRaftLogWorker:Storage Directory /workdir/hadoop-ozone/integration-test/target/test-dir/MiniOzoneClusterImpl-a33d77e5-464b-4d19-8e6b-a171e580bf0e/datanode-1/data/ratis/b552caae-7efd-4b79-aff5-b212b9f51e67 hit exception
java.lang.OutOfMemoryError: Direct buffer memory
	at java.nio.Bits.reserveMemory(Bits.java:666)
	at java.nio.DirectByteBuffer.<init>(DirectByteBuffer.java:123)
	at java.nio.ByteBuffer.allocateDirect(ByteBuffer.java:311)
	at org.apache.ratis.server.raftlog.segmented.BufferedWriteChannel.<init>(BufferedWriteChannel.java:41)
	at org.apache.ratis.server.raftlog.segmented.SegmentedRaftLogOutputStream.<init>(SegmentedRaftLogOutputStream.java:72)
	at org.apache.ratis.server.raftlog.segmented.SegmentedRaftLogWorker$StartLogSegment.execute(SegmentedRaftLogWorker.java:566)
	at org.apache.ratis.server.raftlog.segmented.SegmentedRaftLogWorker.run(SegmentedRaftLogWorker.java:289)
	at java.lang.Thread.run(Thread.java:748)
2019-09-20 09:27:33,542 [492ed782-6ab3-4ad9-945e-06def6ac7c96-SegmentedRaftLogWorker:Storage Directory /workdir/hadoop-ozone/integration-test/target/test-dir/MiniOzoneClusterImpl-a33d77e5-464b-4d19-8e6b-a171e580bf0e/datanode-2/data/ratis/24acb26d-23b5-40ca-a0b3-713047729168] ERROR segmented.SegmentedRaftLogWorker (SegmentedRaftLogWorker.java:run(323)) - 492ed782-6ab3-4ad9-945e-06def6ac7c96-SegmentedRaftLogWorker:Storage Directory /workdir/hadoop-ozone/integration-test/target/test-dir/MiniOzoneClusterImpl-a33d77e5-464b-4d19-8e6b-a171e580bf0e/datanode-2/data/ratis/24acb26d-23b5-40ca-a0b3-713047729168 hit exception
java.lang.OutOfMemoryError: Direct buffer memory
	at java.nio.Bits.reserveMemory(Bits.java:666)
	at java.nio.DirectByteBuffer.<init>(DirectByteBuffer.java:123)
	at java.nio.ByteBuffer.allocateDirect(ByteBuffer.java:311)
	at org.apache.ratis.server.raftlog.segmented.BufferedWriteChannel.<init>(BufferedWriteChannel.java:41)
	at org.apache.ratis.server.raftlog.segmented.SegmentedRaftLogOutputStream.<init>(SegmentedRaftLogOutputStream.java:72)
	at org.apache.ratis.server.raftlog.segmented.SegmentedRaftLogWorker$StartLogSegment.execute(SegmentedRaftLogWorker.java:566)
	at org.apache.ratis.server.raftlog.segmented.SegmentedRaftLogWorker.run(SegmentedRaftLogWorker.java:289)
	at java.lang.Thread.run(Thread.java:748)
2019-09-20 09:27:35,063 [492ed782-6ab3-4ad9-945e-06def6ac7c96-SegmentedRaftLogWorker:Storage Directory /workdir/hadoop-ozone/integration-test/target/test-dir/MiniOzoneClusterImpl-a33d77e5-464b-4d19-8e6b-a171e580bf0e/datanode-2/data/ratis/24acb26d-23b5-40ca-a0b3-713047729168] INFO  impl.RaftServerImpl (RaftServerImpl.java:lambda$shutdown$3(245)) - 492ed782-6ab3-4ad9-945e-06def6ac7c96: shutdown group-713047729168
2019-09-20 09:27:33,542 [4840c00f-91d3-4881-a20b-4d0486ca97c0-SegmentedRaftLogWorker:Storage Directory /workdir/hadoop-ozone/integration-test/target/test-dir/MiniOzoneClusterImpl-a33d77e5-464b-4d19-8e6b-a171e580bf0e/datanode-3/data/ratis/d15b42c9-ae14-4206-ab2b-b7d8a17b7bb0] ERROR segmented.SegmentedRaftLogWorker (SegmentedRaftLogWorker.java:run(323)) - 4840c00f-91d3-4881-a20b-4d0486ca97c0-SegmentedRaftLogWorker:Storage Directory /workdir/hadoop-ozone/integration-test/target/test-dir/MiniOzoneClusterImpl-a33d77e5-464b-4d19-8e6b-a171e580bf0e/datanode-3/data/ratis/d15b42c9-ae14-4206-ab2b-b7d8a17b7bb0 hit exception
java.lang.OutOfMemoryError: Direct buffer memory
	at java.nio.Bits.reserveMemory(Bits.java:666)
	at java.nio.DirectByteBuffer.<init>(DirectByteBuffer.java:123)
	at java.nio.ByteBuffer.allocateDirect(ByteBuffer.java:311)
	at org.apache.ratis.server.raftlog.segmented.BufferedWriteChannel.<init>(BufferedWriteChannel.java:41)
	at org.apache.ratis.server.raftlog.segmented.SegmentedRaftLogOutputStream.<init>(SegmentedRaftLogOutputStream.java:72)
	at org.apache.ratis.server.raftlog.segmented.SegmentedRaftLogWorker$StartLogSegment.execute(SegmentedRaftLogWorker.java:566)
	at org.apache.ratis.server.raftlog.segmented.SegmentedRaftLogWorker.run(SegmentedRaftLogWorker.java:289)
	at java.lang.Thread.run(Thread.java:748)
2019-09-20 09:27:35,063 [4840c00f-91d3-4881-a20b-4d0486ca97c0-SegmentedRaftLogWorker:Storage Directory /workdir/hadoop-ozone/integration-test/target/test-dir/MiniOzoneClusterImpl-a33d77e5-464b-4d19-8e6b-a171e580bf0e/datanode-3/data/ratis/d15b42c9-ae14-4206-ab2b-b7d8a17b7bb0] INFO  impl.RaftServerImpl (RaftServerImpl.java:lambda$shutdown$3(245)) - 4840c00f-91d3-4881-a20b-4d0486ca97c0: shutdown group-B7D8A17B7BB0
2019-09-20 09:27:33,249 [871e6485-c22a-483f-9e07-d19e754685be-SegmentedRaftLogWorker:Storage Directory /workdir/hadoop-ozone/integration-test/target/test-dir/MiniOzoneClusterImpl-a33d77e5-464b-4d19-8e6b-a171e580bf0e/datanode-4/data/ratis/1608c481-8e99-48cb-81f5-9a08c49e7350] INFO  util.JmxRegister (JmxRegister.java:unregister(73)) - Successfully un-registered JMX Bean with object name Ratis:service=RaftServer,group=group-9A08C49E7350,id=871e6485-c22a-483f-9e07-d19e754685be
2019-09-20 09:27:33,249 [4840c00f-91d3-4881-a20b-4d0486ca97c0:group-5F54FD10FDF3:LeaderElection137] INFO  impl.RaftServerImpl (ServerState.java:setRaftConf(361)) - 4840c00f-91d3-4881-a20b-4d0486ca97c0:group-5F54FD10FDF3 set configuration 0: [4840c00f-91d3-4881-a20b-4d0486ca97c0:192.168.36.99:41473], old=null at 0
2019-09-20 09:27:33,249 [4840c00f-91d3-4881-a20b-4d0486ca97c0:group-30E84BEB43D3:LeaderElection173] INFO  server.RaftServerConfigKeys (ConfUtils.java:logGet(43)) - raft.server.staging.catchup.gap = 1000 (default)
2019-09-20 09:27:33,249 [EventQueue-PipelineActionsForPipelineActionHandler] INFO  pipeline.SCMPipelineManager (SCMPipelineManager.java:finalizeAndDestroyPipeline(311)) - destroying pipeline:Pipeline[ Id: 26ca671f-000e-4a90-9d59-e1a3c09b18d1, Nodes: 492ed782-6ab3-4ad9-945e-06def6ac7c96{ip: 192.168.36.99, host: pr-hdds-1569-p5fx8-1226042367, networkLocation: /default-rack, certSerialId: null}, Type:RATIS, Factor:ONE, State:OPEN]
2019-09-20 09:27:35,064 [4840c00f-91d3-4881-a20b-4d0486ca97c0:group-30E84BEB43D3:LeaderElection173] INFO  server.RaftServerConfigKeys (ConfUtils.java:logGet(43)) - raft.server.rpc.sleep.time = 25ms (default)
2019-09-20 09:27:35,064 [871e6485-c22a-483f-9e07-d19e754685be-SegmentedRaftLogWorker:Storage Directory /workdir/hadoop-ozone/integration-test/target/test-dir/MiniOzoneClusterImpl-a33d77e5-464b-4d19-8e6b-a171e580bf0e/datanode-4/data/ratis/1608c481-8e99-48cb-81f5-9a08c49e7350] INFO  impl.RoleInfo (RoleInfo.java:shutdownLeaderState(104)) - 871e6485-c22a-483f-9e07-d19e754685be: shutdown LeaderState
2019-09-20 09:27:35,064 [4840c00f-91d3-4881-a20b-4d0486ca97c0-SegmentedRaftLogWorker:Storage Directory /workdir/hadoop-ozone/integration-test/target/test-dir/MiniOzoneClusterImpl-a33d77e5-464b-4d19-8e6b-a171e580bf0e/datanode-3/data/ratis/d15b42c9-ae14-4206-ab2b-b7d8a17b7bb0] INFO  util.JmxRegister (JmxRegister.java:unregister(73)) - Successfully un-registered JMX Bean with object name Ratis:service=RaftServer,group=group-B7D8A17B7BB0,id=4840c00f-91d3-4881-a20b-4d0486ca97c0
2019-09-20 09:27:35,065 [4840c00f-91d3-4881-a20b-4d0486ca97c0-SegmentedRaftLogWorker:Storage Directory /workdir/hadoop-ozone/integration-test/target/test-dir/MiniOzoneClusterImpl-a33d77e5-464b-4d19-8e6b-a171e580bf0e/datanode-3/data/ratis/d15b42c9-ae14-4206-ab2b-b7d8a17b7bb0] INFO  impl.RoleInfo (RoleInfo.java:shutdownLeaderState(104)) - 4840c00f-91d3-4881-a20b-4d0486ca97c0: shutdown LeaderState
2019-09-20 09:27:35,063 [492ed782-6ab3-4ad9-945e-06def6ac7c96-SegmentedRaftLogWorker:Storage Directory /workdir/hadoop-ozone/integration-test/target/test-dir/MiniOzoneClusterImpl-a33d77e5-464b-4d19-8e6b-a171e580bf0e/datanode-2/data/ratis/24acb26d-23b5-40ca-a0b3-713047729168] INFO  util.JmxRegister (JmxRegister.java:unregister(73)) - Successfully un-registered JMX Bean with object name Ratis:service=RaftServer,group=group-713047729168,id=492ed782-6ab3-4ad9-945e-06def6ac7c96
2019-09-20 09:27:35,065 [492ed782-6ab3-4ad9-945e-06def6ac7c96-SegmentedRaftLogWorker:Storage Directory /workdir/hadoop-ozone/integration-test/target/test-dir/MiniOzoneClusterImpl-a33d77e5-464b-4d19-8e6b-a171e580bf0e/datanode-2/data/ratis/24acb26d-23b5-40ca-a0b3-713047729168] INFO  impl.RoleInfo (RoleInfo.java:shutdownLeaderState(104)) - 492ed782-6ab3-4ad9-945e-06def6ac7c96: shutdown LeaderState
2019-09-20 09:27:35,063 [fd3cd5f9-4f1c-43ea-91b1-b85a1f6c3825-SegmentedRaftLogWorker:Storage Directory /workdir/hadoop-ozone/integration-test/target/test-dir/MiniOzoneClusterImpl-a33d77e5-464b-4d19-8e6b-a171e580bf0e/datanode-1/data/ratis/b552caae-7efd-4b79-aff5-b212b9f51e67] INFO  impl.RaftServerImpl (RaftServerImpl.java:lambda$shutdown$3(245)) - fd3cd5f9-4f1c-43ea-91b1-b85a1f6c3825: shutdown group-B212B9F51E67
2019-09-20 09:27:35,062 [492ed782-6ab3-4ad9-945e-06def6ac7c96-SegmentedRaftLogWorker:Storage Directory /workdir/hadoop-ozone/integration-test/target/test-dir/MiniOzoneClusterImpl-a33d77e5-464b-4d19-8e6b-a171e580bf0e/datanode-2/data/ratis/66dd09bd-0d9a-4fa4-b38c-7160e3b153a6] INFO  impl.PendingRequests (PendingRequests.java:sendNotLeaderResponses(202)) - 492ed782-6ab3-4ad9-945e-06def6ac7c96-PendingRequests: sendNotLeaderResponses
2019-09-20 09:27:35,062 [492ed782-6ab3-4ad9-945e-06def6ac7c96-SegmentedRaftLogWorker:Storage Directory /workdir/hadoop-ozone/integration-test/target/test-dir/MiniOzoneClusterImpl-a33d77e5-464b-4d19-8e6b-a171e580bf0e/datanode-2/data/ratis/af526850-cd10-4d62-b860-68c11bf58e25] INFO  impl.PendingRequests (PendingRequests.java:sendNotLeaderResponses(202)) - 492ed782-6ab3-4ad9-945e-06def6ac7c96-PendingRequests: sendNotLeaderResponses
2019-09-20 09:27:35,062 [02b93e76-e4c6-4b67-b8a4-c536d9ab7224-SegmentedRaftLogWorker:Storage Directory /workdir/hadoop-ozone/integration-test/target/test-dir/MiniOzoneClusterImpl-a33d77e5-464b-4d19-8e6b-a171e580bf0e/datanode-0/data/ratis/952b8f30-c2db-42e1-8523-47261cd7efda] INFO  impl.PendingRequests (PendingRequests.java:sendNotLeaderResponses(202)) - 02b93e76-e4c6-4b67-b8a4-c536d9ab7224-PendingRequests: sendNotLeaderResponses
2019-09-20 09:27:35,061 [871e6485-c22a-483f-9e07-d19e754685be-SegmentedRaftLogWorker:Storage Directory /workdir/hadoop-ozone/integration-test/target/test-dir/MiniOzoneClusterImpl-a33d77e5-464b-4d19-8e6b-a171e580bf0e/datanode-4/data/ratis/5f4fa292-0eb2-4a47-8c03-dda34e79b0a6] INFO  segmented.SegmentedRaftLogWorker (SegmentedRaftLogWorker.java:close(228)) - 871e6485-c22a-483f-9e07-d19e754685be-SegmentedRaftLogWorker:Storage Directory /workdir/hadoop-ozone/integration-test/target/test-dir/MiniOzoneClusterImpl-a33d77e5-464b-4d19-8e6b-a171e580bf0e/datanode-4/data/ratis/5f4fa292-0eb2-4a47-8c03-dda34e79b0a6 close()
2019-09-20 09:27:35,061 [492ed782-6ab3-4ad9-945e-06def6ac7c96-SegmentedRaftLogWorker:Storage Directory /workdir/hadoop-ozone/integration-test/target/test-dir/MiniOzoneClusterImpl-a33d77e5-464b-4d19-8e6b-a171e580bf0e/datanode-2/data/ratis/0fec06e2-20d0-421b-bb9e-890d473d7c7a] INFO  util.JmxRegister (JmxRegister.java:unregister(73)) - Successfully un-registered JMX Bean with object name Ratis:service=RaftServer,group=group-890D473D7C7A,id=492ed782-6ab3-4ad9-945e-06def6ac7c96
2019-09-20 09:27:35,066 [492ed782-6ab3-4ad9-945e-06def6ac7c96-SegmentedRaftLogWorker:Storage Directory /workdir/hadoop-ozone/integration-test/target/test-dir/MiniOzoneClusterImpl-a33d77e5-464b-4d19-8e6b-a171e580bf0e/datanode-2/data/ratis/0fec06e2-20d0-421b-bb9e-890d473d7c7a] INFO  impl.RoleInfo (RoleInfo.java:shutdownLeaderState(104)) - 492ed782-6ab3-4ad9-945e-06def6ac7c96: shutdown LeaderState
2019-09-20 09:27:35,061 [02b93e76-e4c6-4b67-b8a4-c536d9ab7224-SegmentedRaftLogWorker:Storage Directory /workdir/hadoop-ozone/integration-test/target/test-dir/MiniOzoneClusterImpl-a33d77e5-464b-4d19-8e6b-a171e580bf0e/datanode-0/data/ratis/4b64e495-6f54-497b-a6ec-fa2d925d22fe] INFO  impl.StateMachineUpdater (StateMachineUpdater.java:stopAndJoin(115)) - StateMachineUpdater:02b93e76-e4c6-4b67-b8a4-c536d9ab7224:group-FA2D925D22FE: set stopIndex = -1
2019-09-20 09:27:35,061 [fd3cd5f9-4f1c-43ea-91b1-b85a1f6c3825-SegmentedRaftLogWorker:Storage Directory /workdir/hadoop-ozone/integration-test/target/test-dir/MiniOzoneClusterImpl-a33d77e5-464b-4d19-8e6b-a171e580bf0e/datanode-1/data/ratis/612f9ad6-fa66-4e0c-b515-81ac512ac710] INFO  impl.StateMachineUpdater (StateMachineUpdater.java:stopAndJoin(115)) - StateMachineUpdater:fd3cd5f9-4f1c-43ea-91b1-b85a1f6c3825:group-81AC512AC710: set stopIndex = -1
2019-09-20 09:27:35,067 [fd3cd5f9-4f1c-43ea-91b1-b85a1f6c3825-SegmentedRaftLogWorker:Storage Directory /workdir/hadoop-ozone/integration-test/target/test-dir/MiniOzoneClusterImpl-a33d77e5-464b-4d19-8e6b-a171e580bf0e/datanode-1/data/ratis/612f9ad6-fa66-4e0c-b515-81ac512ac710] INFO  impl.RaftServerImpl (ServerState.java:close(394)) - fd3cd5f9-4f1c-43ea-91b1-b85a1f6c3825:group-81AC512AC710 closes. The last applied log index is -1
2019-09-20 09:27:35,060 [4840c00f-91d3-4881-a20b-4d0486ca97c0-SegmentedRaftLogWorker:Storage Directory /workdir/hadoop-ozone/integration-test/target/test-dir/MiniOzoneClusterImpl-a33d77e5-464b-4d19-8e6b-a171e580bf0e/datanode-3/data/ratis/d5a133f1-1882-4818-b6ed-f2908b59d0c1] INFO  util.JmxRegister (JmxRegister.java:unregister(73)) - Successfully un-registered JMX Bean with object name Ratis:service=RaftServer,group=group-F2908B59D0C1,id=4840c00f-91d3-4881-a20b-4d0486ca97c0
2019-09-20 09:27:35,067 [4840c00f-91d3-4881-a20b-4d0486ca97c0-SegmentedRaftLogWorker:Storage Directory /workdir/hadoop-ozone/integration-test/target/test-dir/MiniOzoneClusterImpl-a33d77e5-464b-4d19-8e6b-a171e580bf0e/datanode-3/data/ratis/d5a133f1-1882-4818-b6ed-f2908b59d0c1] INFO  impl.RoleInfo (RoleInfo.java:shutdownLeaderState(104)) - 4840c00f-91d3-4881-a20b-4d0486ca97c0: shutdown LeaderState
2019-09-20 09:27:35,060 [4840c00f-91d3-4881-a20b-4d0486ca97c0-SegmentedRaftLogWorker:Storage Directory /workdir/hadoop-ozone/integration-test/target/test-dir/MiniOzoneClusterImpl-a33d77e5-464b-4d19-8e6b-a171e580bf0e/datanode-3/data/ratis/f3cb99fb-2df1-4ec8-b01d-1e855a8e02da] INFO  util.JmxRegister (JmxRegister.java:unregister(73)) - Successfully un-registered JMX Bean with object name Ratis:service=RaftServer,group=group-1E855A8E02DA,id=4840c00f-91d3-4881-a20b-4d0486ca97c0
2019-09-20 09:27:35,060 [Thread-1129] ERROR ratis.XceiverServerRatis (XceiverServerRatis.java:triggerPipelineClose(561)) - pipeline Action CLOSE  on pipeline PipelineID=038e61cd-e32e-431f-b520-449cd00d9c0a.Reason : fd3cd5f9-4f1c-43ea-91b1-b85a1f6c3825 is in candidate state for 14463ms
2019-09-20 09:27:35,059 [Thread-892] INFO  impl.RoleInfo (RoleInfo.java:shutdownFollowerState(121)) - fd3cd5f9-4f1c-43ea-91b1-b85a1f6c3825: shutdown FollowerState
2019-09-20 09:27:35,068 [Thread-892] INFO  impl.RaftServerImpl (RaftServerImpl.java:setRole(171)) - fd3cd5f9-4f1c-43ea-91b1-b85a1f6c3825:group-15826A721196 changes role from FOLLOWER to CANDIDATE at term 0 for changeToCandidate
2019-09-20 09:27:35,059 [Thread-886] INFO  impl.RoleInfo (RoleInfo.java:shutdownFollowerState(121)) - 492ed782-6ab3-4ad9-945e-06def6ac7c96: shutdown FollowerState
2019-09-20 09:27:35,068 [Thread-892] ERROR ratis.XceiverServerRatis (XceiverServerRatis.java:triggerPipelineClose(561)) - pipeline Action CLOSE  on pipeline PipelineID=d64cbf8f-1d41-4a76-a84c-15826a721196.Reason : fd3cd5f9-4f1c-43ea-91b1-b85a1f6c3825 is in candidate state for 17952ms
2019-09-20 09:27:35,059 [main] INFO  ozone.MiniOzoneClusterImpl (MiniOzoneClusterImpl.java:stop(344)) - Shutting the HddsDatanodes
2019-09-20 09:27:35,059 [4840c00f-91d3-4881-a20b-4d0486ca97c0:group-65B0EFE6E2D8:LeaderElection172] INFO  server.RaftServerConfigKeys (ConfUtils.java:logGet(43)) - raft.server.watch.timeout.denomination = 1s (default)
2019-09-20 09:27:35,058 [4840c00f-91d3-4881-a20b-4d0486ca97c0:group-6A1D135D282F:LeaderElection178] INFO  impl.RaftServerImpl (ServerState.java:setLeader(263)) - 4840c00f-91d3-4881-a20b-4d0486ca97c0:group-6A1D135D282F change Leader from null to 4840c00f-91d3-4881-a20b-4d0486ca97c0 at term 1 for becomeLeader, leader elected after 16719ms
2019-09-20 09:27:35,058 [871e6485-c22a-483f-9e07-d19e754685be-SegmentedRaftLogWorker:Storage Directory /workdir/hadoop-ozone/integration-test/target/test-dir/MiniOzoneClusterImpl-a33d77e5-464b-4d19-8e6b-a171e580bf0e/datanode-4/data/ratis/9a64a091-03aa-4fc8-b199-23eeb214de2d] INFO  util.JmxRegister (JmxRegister.java:unregister(73)) - Successfully un-registered JMX Bean with object name Ratis:service=RaftServer,group=group-23EEB214DE2D,id=871e6485-c22a-483f-9e07-d19e754685be
2019-09-20 09:27:35,069 [871e6485-c22a-483f-9e07-d19e754685be-SegmentedRaftLogWorker:Storage Directory /workdir/hadoop-ozone/integration-test/target/test-dir/MiniOzoneClusterImpl-a33d77e5-464b-4d19-8e6b-a171e580bf0e/datanode-4/data/ratis/9a64a091-03aa-4fc8-b199-23eeb214de2d] INFO  impl.RoleInfo (RoleInfo.java:shutdownLeaderState(104)) - 871e6485-c22a-483f-9e07-d19e754685be: shutdown LeaderState
2019-09-20 09:27:35,057 [02b93e76-e4c6-4b67-b8a4-c536d9ab7224-SegmentedRaftLogWorker:Storage Directory /workdir/hadoop-ozone/integration-test/target/test-dir/MiniOzoneClusterImpl-a33d77e5-464b-4d19-8e6b-a171e580bf0e/datanode-0/data/ratis/b6ab1b95-97f0-40b4-82ec-58fac97adbbf] INFO  impl.RaftServerImpl (RaftServerImpl.java:lambda$shutdown$3(245)) - 02b93e76-e4c6-4b67-b8a4-c536d9ab7224: shutdown group-58FAC97ADBBF
2019-09-20 09:27:35,057 [fd3cd5f9-4f1c-43ea-91b1-b85a1f6c3825-SegmentedRaftLogWorker:Storage Directory /workdir/hadoop-ozone/integration-test/target/test-dir/MiniOzoneClusterImpl-a33d77e5-464b-4d19-8e6b-a171e580bf0e/datanode-1/data/ratis/5783aec1-b66d-4623-9dbc-eb58816d2005] INFO  impl.RaftServerImpl (RaftServerImpl.java:lambda$shutdown$3(245)) - fd3cd5f9-4f1c-43ea-91b1-b85a1f6c3825: shutdown group-EB58816D2005
2019-09-20 09:27:35,056 [4840c00f-91d3-4881-a20b-4d0486ca97c0:group-746BFFF34F3B:LeaderElection174] INFO  impl.RaftServerImpl (RaftServerImpl.java:setRole(171)) - 4840c00f-91d3-4881-a20b-4d0486ca97c0:group-746BFFF34F3B changes role from CANDIDATE to LEADER at term 1 for changeToLeader
2019-09-20 09:27:35,073 [4840c00f-91d3-4881-a20b-4d0486ca97c0:group-746BFFF34F3B:LeaderElection174] INFO  impl.RaftServerImpl (ServerState.java:setLeader(263)) - 4840c00f-91d3-4881-a20b-4d0486ca97c0:group-746BFFF34F3B change Leader from null to 4840c00f-91d3-4881-a20b-4d0486ca97c0 at term 1 for becomeLeader, leader elected after 15238ms
2019-09-20 09:27:35,056 [fd3cd5f9-4f1c-43ea-91b1-b85a1f6c3825:group-599E264902A2:LeaderElection176] INFO  server.RaftServerConfigKeys (ConfUtils.java:logGet(43)) - raft.server.staging.catchup.gap = 1000 (default)
2019-09-20 09:27:35,056 [fd3cd5f9-4f1c-43ea-91b1-b85a1f6c3825:group-E6A3E0DD5830:LeaderElection180] INFO  impl.LeaderElection (LeaderElection.java:askForVotes(181)) - fd3cd5f9-4f1c-43ea-91b1-b85a1f6c3825:group-E6A3E0DD5830:LeaderElection180: begin an election at term 1 for -1: [fd3cd5f9-4f1c-43ea-91b1-b85a1f6c3825:192.168.36.99:39114], old=null
2019-09-20 09:27:35,056 [dc7f40a9-6782-42c4-abab-c6b1682da047:group-5EBA6C781592:LeaderElection179] INFO  impl.LeaderElection (LeaderElection.java:askForVotes(181)) - dc7f40a9-6782-42c4-abab-c6b1682da047:group-5EBA6C781592:LeaderElection179: begin an election at term 1 for -1: [dc7f40a9-6782-42c4-abab-c6b1682da047:192.168.36.99:40142], old=null
2019-09-20 09:27:35,055 [02b93e76-e4c6-4b67-b8a4-c536d9ab7224-SegmentedRaftLogWorker:Storage Directory /workdir/hadoop-ozone/integration-test/target/test-dir/MiniOzoneClusterImpl-a33d77e5-464b-4d19-8e6b-a171e580bf0e/datanode-0/data/ratis/45948e97-6821-44be-9ade-c154d2514bb3] ERROR segmented.SegmentedRaftLogWorker (SegmentedRaftLogWorker.java:run(323)) - 02b93e76-e4c6-4b67-b8a4-c536d9ab7224-SegmentedRaftLogWorker:Storage Directory /workdir/hadoop-ozone/integration-test/target/test-dir/MiniOzoneClusterImpl-a33d77e5-464b-4d19-8e6b-a171e580bf0e/datanode-0/data/ratis/45948e97-6821-44be-9ade-c154d2514bb3 hit exception
java.lang.OutOfMemoryError: Direct buffer memory
	at java.nio.Bits.reserveMemory(Bits.java:666)
	at java.nio.DirectByteBuffer.<init>(DirectByteBuffer.java:123)
	at java.nio.ByteBuffer.allocateDirect(ByteBuffer.java:311)
	at org.apache.ratis.server.raftlog.segmented.BufferedWriteChannel.<init>(BufferedWriteChannel.java:41)
	at org.apache.ratis.server.raftlog.segmented.SegmentedRaftLogOutputStream.<init>(SegmentedRaftLogOutputStream.java:72)
	at org.apache.ratis.server.raftlog.segmented.SegmentedRaftLogWorker$StartLogSegment.execute(SegmentedRaftLogWorker.java:566)
	at org.apache.ratis.server.raftlog.segmented.SegmentedRaftLogWorker.run(SegmentedRaftLogWorker.java:289)
	at java.lang.Thread.run(Thread.java:748)
2019-09-20 09:27:35,074 [02b93e76-e4c6-4b67-b8a4-c536d9ab7224-SegmentedRaftLogWorker:Storage Directory /workdir/hadoop-ozone/integration-test/target/test-dir/MiniOzoneClusterImpl-a33d77e5-464b-4d19-8e6b-a171e580bf0e/datanode-0/data/ratis/45948e97-6821-44be-9ade-c154d2514bb3] INFO  impl.RaftServerImpl (RaftServerImpl.java:lambda$shutdown$3(245)) - 02b93e76-e4c6-4b67-b8a4-c536d9ab7224: shutdown group-C154D2514BB3
2019-09-20 09:27:35,055 [fd3cd5f9-4f1c-43ea-91b1-b85a1f6c3825-SegmentedRaftLogWorker:Storage Directory /workdir/hadoop-ozone/integration-test/target/test-dir/MiniOzoneClusterImpl-a33d77e5-464b-4d19-8e6b-a171e580bf0e/datanode-1/data/ratis/bc8d2ded-e978-4450-88bf-cb71ec238721] ERROR segmented.SegmentedRaftLogWorker (SegmentedRaftLogWorker.java:run(323)) - fd3cd5f9-4f1c-43ea-91b1-b85a1f6c3825-SegmentedRaftLogWorker:Storage Directory /workdir/hadoop-ozone/integration-test/target/test-dir/MiniOzoneClusterImpl-a33d77e5-464b-4d19-8e6b-a171e580bf0e/datanode-1/data/ratis/bc8d2ded-e978-4450-88bf-cb71ec238721 hit exception
java.lang.OutOfMemoryError: Direct buffer memory
	at java.nio.Bits.reserveMemory(Bits.java:666)
	at java.nio.DirectByteBuffer.<init>(DirectByteBuffer.java:123)
	at java.nio.ByteBuffer.allocateDirect(ByteBuffer.java:311)
	at org.apache.ratis.server.raftlog.segmented.BufferedWriteChannel.<init>(BufferedWriteChannel.java:41)
	at org.apache.ratis.server.raftlog.segmented.SegmentedRaftLogOutputStream.<init>(SegmentedRaftLogOutputStream.java:72)
	at org.apache.ratis.server.raftlog.segmented.SegmentedRaftLogWorker$StartLogSegment.execute(SegmentedRaftLogWorker.java:566)
	at org.apache.ratis.server.raftlog.segmented.SegmentedRaftLogWorker.run(SegmentedRaftLogWorker.java:289)
	at java.lang.Thread.run(Thread.java:748)
2019-09-20 09:27:34,762 [fd3cd5f9-4f1c-43ea-91b1-b85a1f6c3825:group-851D3F2D4801:LeaderElection177] INFO  impl.RaftServerImpl (RaftServerImpl.java:setRole(171)) - fd3cd5f9-4f1c-43ea-91b1-b85a1f6c3825:group-851D3F2D4801 changes role from CANDIDATE to LEADER at term 1 for changeToLeader
2019-09-20 09:27:35,075 [fd3cd5f9-4f1c-43ea-91b1-b85a1f6c3825:group-851D3F2D4801:LeaderElection177] INFO  impl.RaftServerImpl (ServerState.java:setLeader(263)) - fd3cd5f9-4f1c-43ea-91b1-b85a1f6c3825:group-851D3F2D4801 change Leader from null to fd3cd5f9-4f1c-43ea-91b1-b85a1f6c3825 at term 1 for becomeLeader, leader elected after 16685ms
2019-09-20 09:27:34,762 [871e6485-c22a-483f-9e07-d19e754685be:group-D8E17CA343EE:LeaderElection175] INFO  impl.RaftServerImpl (ServerState.java:setLeader(263)) - 871e6485-c22a-483f-9e07-d19e754685be:group-D8E17CA343EE change Leader from null to 871e6485-c22a-483f-9e07-d19e754685be at term 1 for becomeLeader, leader elected after 15093ms
2019-09-20 09:27:34,762 [fd3cd5f9-4f1c-43ea-91b1-b85a1f6c3825:group-EFBA38E2D881:LeaderElection171] INFO  impl.RaftServerImpl (ServerState.java:setRaftConf(361)) - fd3cd5f9-4f1c-43ea-91b1-b85a1f6c3825:group-EFBA38E2D881 set configuration 0: [fd3cd5f9-4f1c-43ea-91b1-b85a1f6c3825:192.168.36.99:39114], old=null at 0
2019-09-20 09:27:34,762 [pool-27-thread-1] INFO  server.RaftServerConfigKeys (ConfUtils.java:logGet(43)) - raft.server.log.queue.byte-limit = 2147483647 (custom)
2019-09-20 09:27:34,761 [pool-60-thread-1] INFO  segmented.SegmentedRaftLogWorker (SegmentedRaftLogWorker.java:<init>(172)) - new 4840c00f-91d3-4881-a20b-4d0486ca97c0-SegmentedRaftLogWorker:Storage Directory /workdir/hadoop-ozone/integration-test/target/test-dir/MiniOzoneClusterImpl-a33d77e5-464b-4d19-8e6b-a171e580bf0e/datanode-3/data/ratis/3974e938-29d0-4d8c-b998-791f2ccb98aa for RaftStorage:Storage Directory /workdir/hadoop-ozone/integration-test/target/test-dir/MiniOzoneClusterImpl-a33d77e5-464b-4d19-8e6b-a171e580bf0e/datanode-3/data/ratis/3974e938-29d0-4d8c-b998-791f2ccb98aa
2019-09-20 09:27:34,761 [pool-49-thread-1] INFO  server.RaftServerConfigKeys (ConfUtils.java:logGet(43)) - raft.server.log.segment.cache.num.max = 2 (custom)
2019-09-20 09:27:35,076 [pool-49-thread-1] INFO  segmented.SegmentedRaftLogWorker (SegmentedRaftLogWorker.java:<init>(172)) - new 492ed782-6ab3-4ad9-945e-06def6ac7c96-SegmentedRaftLogWorker:Storage Directory /workdir/hadoop-ozone/integration-test/target/test-dir/MiniOzoneClusterImpl-a33d77e5-464b-4d19-8e6b-a171e580bf0e/datanode-2/data/ratis/3974e938-29d0-4d8c-b998-791f2ccb98aa for RaftStorage:Storage Directory /workdir/hadoop-ozone/integration-test/target/test-dir/MiniOzoneClusterImpl-a33d77e5-464b-4d19-8e6b-a171e580bf0e/datanode-2/data/ratis/3974e938-29d0-4d8c-b998-791f2ccb98aa
2019-09-20 09:27:34,759 [fd3cd5f9-4f1c-43ea-91b1-b85a1f6c3825-SegmentedRaftLogWorker:Storage Directory /workdir/hadoop-ozone/integration-test/target/test-dir/MiniOzoneClusterImpl-a33d77e5-464b-4d19-8e6b-a171e580bf0e/datanode-1/data/ratis/761ed929-deb2-4e13-9385-e81d6153acad] INFO  impl.RaftServerImpl (ServerState.java:close(394)) - fd3cd5f9-4f1c-43ea-91b1-b85a1f6c3825:group-E81D6153ACAD closes. The last applied log index is -1
2019-09-20 09:27:35,076 [pool-49-thread-1] INFO  server.RaftServerConfigKeys (ConfUtils.java:logGet(43)) - raft.server.log.queue.byte-limit = 2147483647 (custom)
2019-09-20 09:27:35,076 [pool-49-thread-1] INFO  server.RaftServerConfigKeys (ConfUtils.java:logGet(43)) - raft.server.log.queue.element-limit = 1024 (custom)
2019-09-20 09:27:35,075 [pool-60-thread-1] INFO  server.RaftServerConfigKeys (ConfUtils.java:logGet(43)) - raft.server.log.queue.byte-limit = 2147483647 (custom)
2019-09-20 09:27:35,075 [pool-27-thread-1] INFO  server.RaftServerConfigKeys (ConfUtils.java:logGet(43)) - raft.server.log.queue.element-limit = 1024 (custom)
2019-09-20 09:27:35,075 [871e6485-c22a-483f-9e07-d19e754685be:group-D8E17CA343EE:LeaderElection175] INFO  server.RaftServerConfigKeys (ConfUtils.java:logGet(43)) - raft.server.staging.catchup.gap = 1000 (default)
2019-09-20 09:27:35,077 [871e6485-c22a-483f-9e07-d19e754685be:group-D8E17CA343EE:LeaderElection175] INFO  server.RaftServerConfigKeys (ConfUtils.java:logGet(43)) - raft.server.rpc.sleep.time = 25ms (default)
2019-09-20 09:27:35,075 [fd3cd5f9-4f1c-43ea-91b1-b85a1f6c3825:group-851D3F2D4801:LeaderElection177] INFO  server.RaftServerConfigKeys (ConfUtils.java:logGet(43)) - raft.server.staging.catchup.gap = 1000 (default)
2019-09-20 09:27:35,074 [fd3cd5f9-4f1c-43ea-91b1-b85a1f6c3825-SegmentedRaftLogWorker:Storage Directory /workdir/hadoop-ozone/integration-test/target/test-dir/MiniOzoneClusterImpl-a33d77e5-464b-4d19-8e6b-a171e580bf0e/datanode-1/data/ratis/bc8d2ded-e978-4450-88bf-cb71ec238721] INFO  impl.RaftServerImpl (RaftServerImpl.java:lambda$shutdown$3(245)) - fd3cd5f9-4f1c-43ea-91b1-b85a1f6c3825: shutdown group-CB71EC238721
2019-09-20 09:27:35,074 [02b93e76-e4c6-4b67-b8a4-c536d9ab7224-SegmentedRaftLogWorker:Storage Directory /workdir/hadoop-ozone/integration-test/target/test-dir/MiniOzoneClusterImpl-a33d77e5-464b-4d19-8e6b-a171e580bf0e/datanode-0/data/ratis/45948e97-6821-44be-9ade-c154d2514bb3] INFO  util.JmxRegister (JmxRegister.java:unregister(73)) - Successfully un-registered JMX Bean with object name Ratis:service=RaftServer,group=group-C154D2514BB3,id=02b93e76-e4c6-4b67-b8a4-c536d9ab7224
2019-09-20 09:27:35,077 [02b93e76-e4c6-4b67-b8a4-c536d9ab7224-SegmentedRaftLogWorker:Storage Directory /workdir/hadoop-ozone/integration-test/target/test-dir/MiniOzoneClusterImpl-a33d77e5-464b-4d19-8e6b-a171e580bf0e/datanode-0/data/ratis/45948e97-6821-44be-9ade-c154d2514bb3] INFO  impl.RoleInfo (RoleInfo.java:shutdownLeaderState(104)) - 02b93e76-e4c6-4b67-b8a4-c536d9ab7224: shutdown LeaderState
2019-09-20 09:27:35,074 [dc7f40a9-6782-42c4-abab-c6b1682da047:group-5EBA6C781592:LeaderElection179] INFO  impl.RoleInfo (RoleInfo.java:shutdownLeaderElection(134)) - dc7f40a9-6782-42c4-abab-c6b1682da047: shutdown LeaderElection
2019-09-20 09:27:35,074 [fd3cd5f9-4f1c-43ea-91b1-b85a1f6c3825:group-E6A3E0DD5830:LeaderElection180] INFO  impl.RoleInfo (RoleInfo.java:shutdownLeaderElection(134)) - fd3cd5f9-4f1c-43ea-91b1-b85a1f6c3825: shutdown LeaderElection
2019-09-20 09:27:35,073 [fd3cd5f9-4f1c-43ea-91b1-b85a1f6c3825:group-599E264902A2:LeaderElection176] INFO  server.RaftServerConfigKeys (ConfUtils.java:logGet(43)) - raft.server.rpc.sleep.time = 25ms (default)
2019-09-20 09:27:35,073 [4840c00f-91d3-4881-a20b-4d0486ca97c0:group-746BFFF34F3B:LeaderElection174] INFO  server.RaftServerConfigKeys (ConfUtils.java:logGet(43)) - raft.server.staging.catchup.gap = 1000 (default)
2019-09-20 09:27:35,078 [4840c00f-91d3-4881-a20b-4d0486ca97c0:group-746BFFF34F3B:LeaderElection174] INFO  server.RaftServerConfigKeys (ConfUtils.java:logGet(43)) - raft.server.rpc.sleep.time = 25ms (default)
2019-09-20 09:27:35,070 [ForkJoinPool.commonPool-worker-1] INFO  datanode.ObjectStoreHandler (ObjectStoreHandler.java:close(155)) - Closing ObjectStoreHandler.
2019-09-20 09:27:35,070 [fd3cd5f9-4f1c-43ea-91b1-b85a1f6c3825-SegmentedRaftLogWorker:Storage Directory /workdir/hadoop-ozone/integration-test/target/test-dir/MiniOzoneClusterImpl-a33d77e5-464b-4d19-8e6b-a171e580bf0e/datanode-1/data/ratis/5783aec1-b66d-4623-9dbc-eb58816d2005] INFO  util.JmxRegister (JmxRegister.java:unregister(73)) - Successfully un-registered JMX Bean with object name Ratis:service=RaftServer,group=group-EB58816D2005,id=fd3cd5f9-4f1c-43ea-91b1-b85a1f6c3825
2019-09-20 09:27:35,070 [main] INFO  datanode.ObjectStoreHandler (ObjectStoreHandler.java:close(155)) - Closing ObjectStoreHandler.
2019-09-20 09:27:35,069 [02b93e76-e4c6-4b67-b8a4-c536d9ab7224-SegmentedRaftLogWorker:Storage Directory /workdir/hadoop-ozone/integration-test/target/test-dir/MiniOzoneClusterImpl-a33d77e5-464b-4d19-8e6b-a171e580bf0e/datanode-0/data/ratis/b6ab1b95-97f0-40b4-82ec-58fac97adbbf] INFO  util.JmxRegister (JmxRegister.java:unregister(73)) - Successfully un-registered JMX Bean with object name Ratis:service=RaftServer,group=group-58FAC97ADBBF,id=02b93e76-e4c6-4b67-b8a4-c536d9ab7224
2019-09-20 09:27:35,079 [02b93e76-e4c6-4b67-b8a4-c536d9ab7224-SegmentedRaftLogWorker:Storage Directory /workdir/hadoop-ozone/integration-test/target/test-dir/MiniOzoneClusterImpl-a33d77e5-464b-4d19-8e6b-a171e580bf0e/datanode-0/data/ratis/b6ab1b95-97f0-40b4-82ec-58fac97adbbf] INFO  impl.RoleInfo (RoleInfo.java:shutdownLeaderState(104)) - 02b93e76-e4c6-4b67-b8a4-c536d9ab7224: shutdown LeaderState
2019-09-20 09:27:35,069 [871e6485-c22a-483f-9e07-d19e754685be-SegmentedRaftLogWorker:Storage Directory /workdir/hadoop-ozone/integration-test/target/test-dir/MiniOzoneClusterImpl-a33d77e5-464b-4d19-8e6b-a171e580bf0e/datanode-4/data/ratis/9a64a091-03aa-4fc8-b199-23eeb214de2d] INFO  impl.PendingRequests (PendingRequests.java:sendNotLeaderResponses(202)) - 871e6485-c22a-483f-9e07-d19e754685be-PendingRequests: sendNotLeaderResponses
2019-09-20 09:27:35,069 [4840c00f-91d3-4881-a20b-4d0486ca97c0:group-6A1D135D282F:LeaderElection178] INFO  server.RaftServerConfigKeys (ConfUtils.java:logGet(43)) - raft.server.staging.catchup.gap = 1000 (default)
2019-09-20 09:27:35,080 [4840c00f-91d3-4881-a20b-4d0486ca97c0:group-6A1D135D282F:LeaderElection178] INFO  server.RaftServerConfigKeys (ConfUtils.java:logGet(43)) - raft.server.rpc.sleep.time = 25ms (default)
2019-09-20 09:27:35,069 [4840c00f-91d3-4881-a20b-4d0486ca97c0:group-65B0EFE6E2D8:LeaderElection172] INFO  server.RaftServerConfigKeys (ConfUtils.java:logGet(43)) - raft.server.watch.element-limit = 65536 (default)
2019-09-20 09:27:35,068 [Thread-892] INFO  impl.RoleInfo (RoleInfo.java:updateAndGet(143)) - fd3cd5f9-4f1c-43ea-91b1-b85a1f6c3825: start LeaderElection
2019-09-20 09:27:35,068 [Thread-886] INFO  impl.RaftServerImpl (RaftServerImpl.java:setRole(171)) - 492ed782-6ab3-4ad9-945e-06def6ac7c96:group-27E0CBF426EB changes role from FOLLOWER to CANDIDATE at term 0 for changeToCandidate
2019-09-20 09:27:35,068 [Thread-1129] INFO  impl.RoleInfo (RoleInfo.java:updateAndGet(143)) - fd3cd5f9-4f1c-43ea-91b1-b85a1f6c3825: start LeaderElection
2019-09-20 09:27:35,067 [4840c00f-91d3-4881-a20b-4d0486ca97c0-SegmentedRaftLogWorker:Storage Directory /workdir/hadoop-ozone/integration-test/target/test-dir/MiniOzoneClusterImpl-a33d77e5-464b-4d19-8e6b-a171e580bf0e/datanode-3/data/ratis/f3cb99fb-2df1-4ec8-b01d-1e855a8e02da] INFO  impl.RoleInfo (RoleInfo.java:shutdownLeaderState(104)) - 4840c00f-91d3-4881-a20b-4d0486ca97c0: shutdown LeaderState
2019-09-20 09:27:35,067 [4840c00f-91d3-4881-a20b-4d0486ca97c0-SegmentedRaftLogWorker:Storage Directory /workdir/hadoop-ozone/integration-test/target/test-dir/MiniOzoneClusterImpl-a33d77e5-464b-4d19-8e6b-a171e580bf0e/datanode-3/data/ratis/d5a133f1-1882-4818-b6ed-f2908b59d0c1] INFO  impl.PendingRequests (PendingRequests.java:sendNotLeaderResponses(202)) - 4840c00f-91d3-4881-a20b-4d0486ca97c0-PendingRequests: sendNotLeaderResponses
2019-09-20 09:27:35,067 [fd3cd5f9-4f1c-43ea-91b1-b85a1f6c3825-SegmentedRaftLogWorker:Storage Directory /workdir/hadoop-ozone/integration-test/target/test-dir/MiniOzoneClusterImpl-a33d77e5-464b-4d19-8e6b-a171e580bf0e/datanode-1/data/ratis/612f9ad6-fa66-4e0c-b515-81ac512ac710] INFO  segmented.SegmentedRaftLogWorker (SegmentedRaftLogWorker.java:close(228)) - fd3cd5f9-4f1c-43ea-91b1-b85a1f6c3825-SegmentedRaftLogWorker:Storage Directory /workdir/hadoop-ozone/integration-test/target/test-dir/MiniOzoneClusterImpl-a33d77e5-464b-4d19-8e6b-a171e580bf0e/datanode-1/data/ratis/612f9ad6-fa66-4e0c-b515-81ac512ac710 close()
2019-09-20 09:27:35,067 [02b93e76-e4c6-4b67-b8a4-c536d9ab7224-SegmentedRaftLogWorker:Storage Directory /workdir/hadoop-ozone/integration-test/target/test-dir/MiniOzoneClusterImpl-a33d77e5-464b-4d19-8e6b-a171e580bf0e/datanode-0/data/ratis/4b64e495-6f54-497b-a6ec-fa2d925d22fe] INFO  impl.RaftServerImpl (ServerState.java:close(394)) - 02b93e76-e4c6-4b67-b8a4-c536d9ab7224:group-FA2D925D22FE closes. The last applied log index is -1
2019-09-20 09:27:35,067 [492ed782-6ab3-4ad9-945e-06def6ac7c96-SegmentedRaftLogWorker:Storage Directory /workdir/hadoop-ozone/integration-test/target/test-dir/MiniOzoneClusterImpl-a33d77e5-464b-4d19-8e6b-a171e580bf0e/datanode-2/data/ratis/0fec06e2-20d0-421b-bb9e-890d473d7c7a] INFO  impl.PendingRequests (PendingRequests.java:sendNotLeaderResponses(202)) - 492ed782-6ab3-4ad9-945e-06def6ac7c96-PendingRequests: sendNotLeaderResponses
2019-09-20 09:27:35,066 [02b93e76-e4c6-4b67-b8a4-c536d9ab7224-SegmentedRaftLogWorker:Storage Directory /workdir/hadoop-ozone/integration-test/target/test-dir/MiniOzoneClusterImpl-a33d77e5-464b-4d19-8e6b-a171e580bf0e/datanode-0/data/ratis/952b8f30-c2db-42e1-8523-47261cd7efda] INFO  impl.StateMachineUpdater (StateMachineUpdater.java:stopAndJoin(115)) - StateMachineUpdater:02b93e76-e4c6-4b67-b8a4-c536d9ab7224:group-47261CD7EFDA: set stopIndex = -1
2019-09-20 09:27:35,082 [02b93e76-e4c6-4b67-b8a4-c536d9ab7224-SegmentedRaftLogWorker:Storage Directory /workdir/hadoop-ozone/integration-test/target/test-dir/MiniOzoneClusterImpl-a33d77e5-464b-4d19-8e6b-a171e580bf0e/datanode-0/data/ratis/952b8f30-c2db-42e1-8523-47261cd7efda] INFO  impl.RaftServerImpl (ServerState.java:close(394)) - 02b93e76-e4c6-4b67-b8a4-c536d9ab7224:group-47261CD7EFDA closes. The last applied log index is -1
2019-09-20 09:27:35,066 [492ed782-6ab3-4ad9-945e-06def6ac7c96-SegmentedRaftLogWorker:Storage Directory /workdir/hadoop-ozone/integration-test/target/test-dir/MiniOzoneClusterImpl-a33d77e5-464b-4d19-8e6b-a171e580bf0e/datanode-2/data/ratis/af526850-cd10-4d62-b860-68c11bf58e25] INFO  impl.StateMachineUpdater (StateMachineUpdater.java:stopAndJoin(115)) - StateMachineUpdater:492ed782-6ab3-4ad9-945e-06def6ac7c96:group-68C11BF58E25: set stopIndex = -1
2019-09-20 09:27:35,082 [02b93e76-e4c6-4b67-b8a4-c536d9ab7224-SegmentedRaftLogWorker:Storage Directory /workdir/hadoop-ozone/integration-test/target/test-dir/MiniOzoneClusterImpl-a33d77e5-464b-4d19-8e6b-a171e580bf0e/datanode-0/data/ratis/952b8f30-c2db-42e1-8523-47261cd7efda] INFO  segmented.SegmentedRaftLogWorker (SegmentedRaftLogWorker.java:close(228)) - 02b93e76-e4c6-4b67-b8a4-c536d9ab7224-SegmentedRaftLogWorker:Storage Directory /workdir/hadoop-ozone/integration-test/target/test-dir/MiniOzoneClusterImpl-a33d77e5-464b-4d19-8e6b-a171e580bf0e/datanode-0/data/ratis/952b8f30-c2db-42e1-8523-47261cd7efda close()
2019-09-20 09:27:35,066 [492ed782-6ab3-4ad9-945e-06def6ac7c96-SegmentedRaftLogWorker:Storage Directory /workdir/hadoop-ozone/integration-test/target/test-dir/MiniOzoneClusterImpl-a33d77e5-464b-4d19-8e6b-a171e580bf0e/datanode-2/data/ratis/66dd09bd-0d9a-4fa4-b38c-7160e3b153a6] INFO  impl.StateMachineUpdater (StateMachineUpdater.java:stopAndJoin(115)) - StateMachineUpdater:492ed782-6ab3-4ad9-945e-06def6ac7c96:group-7160E3B153A6: set stopIndex = -1
2019-09-20 09:27:35,082 [492ed782-6ab3-4ad9-945e-06def6ac7c96-SegmentedRaftLogWorker:Storage Directory /workdir/hadoop-ozone/integration-test/target/test-dir/MiniOzoneClusterImpl-a33d77e5-464b-4d19-8e6b-a171e580bf0e/datanode-2/data/ratis/66dd09bd-0d9a-4fa4-b38c-7160e3b153a6] INFO  impl.RaftServerImpl (ServerState.java:close(394)) - 492ed782-6ab3-4ad9-945e-06def6ac7c96:group-7160E3B153A6 closes. The last applied log index is -1
2019-09-20 09:27:35,065 [fd3cd5f9-4f1c-43ea-91b1-b85a1f6c3825-SegmentedRaftLogWorker:Storage Directory /workdir/hadoop-ozone/integration-test/target/test-dir/MiniOzoneClusterImpl-a33d77e5-464b-4d19-8e6b-a171e580bf0e/datanode-1/data/ratis/b552caae-7efd-4b79-aff5-b212b9f51e67] INFO  util.JmxRegister (JmxRegister.java:unregister(73)) - Successfully un-registered JMX Bean with object name Ratis:service=RaftServer,group=group-B212B9F51E67,id=fd3cd5f9-4f1c-43ea-91b1-b85a1f6c3825
2019-09-20 09:27:35,083 [fd3cd5f9-4f1c-43ea-91b1-b85a1f6c3825-SegmentedRaftLogWorker:Storage Directory /workdir/hadoop-ozone/integration-test/target/test-dir/MiniOzoneClusterImpl-a33d77e5-464b-4d19-8e6b-a171e580bf0e/datanode-1/data/ratis/b552caae-7efd-4b79-aff5-b212b9f51e67] INFO  impl.RoleInfo (RoleInfo.java:shutdownLeaderState(104)) - fd3cd5f9-4f1c-43ea-91b1-b85a1f6c3825: shutdown LeaderState
2019-09-20 09:27:35,065 [492ed782-6ab3-4ad9-945e-06def6ac7c96-SegmentedRaftLogWorker:Storage Directory /workdir/hadoop-ozone/integration-test/target/test-dir/MiniOzoneClusterImpl-a33d77e5-464b-4d19-8e6b-a171e580bf0e/datanode-2/data/ratis/24acb26d-23b5-40ca-a0b3-713047729168] INFO  impl.PendingRequests (PendingRequests.java:sendNotLeaderResponses(202)) - 492ed782-6ab3-4ad9-945e-06def6ac7c96-PendingRequests: sendNotLeaderResponses
2019-09-20 09:27:35,065 [4840c00f-91d3-4881-a20b-4d0486ca97c0-SegmentedRaftLogWorker:Storage Directory /workdir/hadoop-ozone/integration-test/target/test-dir/MiniOzoneClusterImpl-a33d77e5-464b-4d19-8e6b-a171e580bf0e/datanode-3/data/ratis/d15b42c9-ae14-4206-ab2b-b7d8a17b7bb0] INFO  impl.PendingRequests (PendingRequests.java:sendNotLeaderResponses(202)) - 4840c00f-91d3-4881-a20b-4d0486ca97c0-PendingRequests: sendNotLeaderResponses
2019-09-20 09:27:35,065 [871e6485-c22a-483f-9e07-d19e754685be-SegmentedRaftLogWorker:Storage Directory /workdir/hadoop-ozone/integration-test/target/test-dir/MiniOzoneClusterImpl-a33d77e5-464b-4d19-8e6b-a171e580bf0e/datanode-4/data/ratis/1608c481-8e99-48cb-81f5-9a08c49e7350] INFO  impl.PendingRequests (PendingRequests.java:sendNotLeaderResponses(202)) - 871e6485-c22a-483f-9e07-d19e754685be-PendingRequests: sendNotLeaderResponses
2019-09-20 09:27:35,065 [EventQueue-PipelineActionsForPipelineActionHandler] INFO  pipeline.PipelineStateManager (PipelineStateManager.java:finalizePipeline(123)) - Pipeline Pipeline[ Id: 26ca671f-000e-4a90-9d59-e1a3c09b18d1, Nodes: 492ed782-6ab3-4ad9-945e-06def6ac7c96{ip: 192.168.36.99, host: pr-hdds-1569-p5fx8-1226042367, networkLocation: /default-rack, certSerialId: null}, Type:RATIS, Factor:ONE, State:CLOSED] moved to CLOSED state
2019-09-20 09:27:35,065 [4840c00f-91d3-4881-a20b-4d0486ca97c0:group-30E84BEB43D3:LeaderElection173] INFO  server.RaftServerConfigKeys (ConfUtils.java:logGet(43)) - raft.server.write.element-limit = 4096 (default)
2019-09-20 09:27:35,086 [871e6485-c22a-483f-9e07-d19e754685be-SegmentedRaftLogWorker:Storage Directory /workdir/hadoop-ozone/integration-test/target/test-dir/MiniOzoneClusterImpl-a33d77e5-464b-4d19-8e6b-a171e580bf0e/datanode-4/data/ratis/1608c481-8e99-48cb-81f5-9a08c49e7350] INFO  impl.StateMachineUpdater (StateMachineUpdater.java:stopAndJoin(115)) - StateMachineUpdater:871e6485-c22a-483f-9e07-d19e754685be:group-9A08C49E7350: set stopIndex = -1
2019-09-20 09:27:35,085 [4840c00f-91d3-4881-a20b-4d0486ca97c0-SegmentedRaftLogWorker:Storage Directory /workdir/hadoop-ozone/integration-test/target/test-dir/MiniOzoneClusterImpl-a33d77e5-464b-4d19-8e6b-a171e580bf0e/datanode-3/data/ratis/d15b42c9-ae14-4206-ab2b-b7d8a17b7bb0] INFO  impl.StateMachineUpdater (StateMachineUpdater.java:stopAndJoin(115)) - StateMachineUpdater:4840c00f-91d3-4881-a20b-4d0486ca97c0:group-B7D8A17B7BB0: set stopIndex = -1
2019-09-20 09:27:35,085 [492ed782-6ab3-4ad9-945e-06def6ac7c96-SegmentedRaftLogWorker:Storage Directory /workdir/hadoop-ozone/integration-test/target/test-dir/MiniOzoneClusterImpl-a33d77e5-464b-4d19-8e6b-a171e580bf0e/datanode-2/data/ratis/24acb26d-23b5-40ca-a0b3-713047729168] INFO  impl.StateMachineUpdater (StateMachineUpdater.java:stopAndJoin(115)) - StateMachineUpdater:492ed782-6ab3-4ad9-945e-06def6ac7c96:group-713047729168: set stopIndex = -1
2019-09-20 09:27:35,086 [492ed782-6ab3-4ad9-945e-06def6ac7c96-SegmentedRaftLogWorker:Storage Directory /workdir/hadoop-ozone/integration-test/target/test-dir/MiniOzoneClusterImpl-a33d77e5-464b-4d19-8e6b-a171e580bf0e/datanode-2/data/ratis/24acb26d-23b5-40ca-a0b3-713047729168] INFO  impl.RaftServerImpl (ServerState.java:close(394)) - 492ed782-6ab3-4ad9-945e-06def6ac7c96:group-713047729168 closes. The last applied log index is -1
2019-09-20 09:27:35,083 [fd3cd5f9-4f1c-43ea-91b1-b85a1f6c3825-SegmentedRaftLogWorker:Storage Directory /workdir/hadoop-ozone/integration-test/target/test-dir/MiniOzoneClusterImpl-a33d77e5-464b-4d19-8e6b-a171e580bf0e/datanode-1/data/ratis/b552caae-7efd-4b79-aff5-b212b9f51e67] INFO  impl.PendingRequests (PendingRequests.java:sendNotLeaderResponses(202)) - fd3cd5f9-4f1c-43ea-91b1-b85a1f6c3825-PendingRequests: sendNotLeaderResponses
2019-09-20 09:27:35,087 [492ed782-6ab3-4ad9-945e-06def6ac7c96-SegmentedRaftLogWorker:Storage Directory /workdir/hadoop-ozone/integration-test/target/test-dir/MiniOzoneClusterImpl-a33d77e5-464b-4d19-8e6b-a171e580bf0e/datanode-2/data/ratis/24acb26d-23b5-40ca-a0b3-713047729168] INFO  segmented.SegmentedRaftLogWorker (SegmentedRaftLogWorker.java:close(228)) - 492ed782-6ab3-4ad9-945e-06def6ac7c96-SegmentedRaftLogWorker:Storage Directory /workdir/hadoop-ozone/integration-test/target/test-dir/MiniOzoneClusterImpl-a33d77e5-464b-4d19-8e6b-a171e580bf0e/datanode-2/data/ratis/24acb26d-23b5-40ca-a0b3-713047729168 close()
2019-09-20 09:27:35,082 [492ed782-6ab3-4ad9-945e-06def6ac7c96-SegmentedRaftLogWorker:Storage Directory /workdir/hadoop-ozone/integration-test/target/test-dir/MiniOzoneClusterImpl-a33d77e5-464b-4d19-8e6b-a171e580bf0e/datanode-2/data/ratis/66dd09bd-0d9a-4fa4-b38c-7160e3b153a6] INFO  segmented.SegmentedRaftLogWorker (SegmentedRaftLogWorker.java:close(228)) - 492ed782-6ab3-4ad9-945e-06def6ac7c96-SegmentedRaftLogWorker:Storage Directory /workdir/hadoop-ozone/integration-test/target/test-dir/MiniOzoneClusterImpl-a33d77e5-464b-4d19-8e6b-a171e580bf0e/datanode-2/data/ratis/66dd09bd-0d9a-4fa4-b38c-7160e3b153a6 close()
2019-09-20 09:27:35,082 [492ed782-6ab3-4ad9-945e-06def6ac7c96-SegmentedRaftLogWorker:Storage Directory /workdir/hadoop-ozone/integration-test/target/test-dir/MiniOzoneClusterImpl-a33d77e5-464b-4d19-8e6b-a171e580bf0e/datanode-2/data/ratis/af526850-cd10-4d62-b860-68c11bf58e25] INFO  impl.RaftServerImpl (ServerState.java:close(394)) - 492ed782-6ab3-4ad9-945e-06def6ac7c96:group-68C11BF58E25 closes. The last applied log index is -1
2019-09-20 09:27:35,081 [492ed782-6ab3-4ad9-945e-06def6ac7c96-SegmentedRaftLogWorker:Storage Directory /workdir/hadoop-ozone/integration-test/target/test-dir/MiniOzoneClusterImpl-a33d77e5-464b-4d19-8e6b-a171e580bf0e/datanode-2/data/ratis/0fec06e2-20d0-421b-bb9e-890d473d7c7a] INFO  impl.StateMachineUpdater (StateMachineUpdater.java:stopAndJoin(115)) - StateMachineUpdater:492ed782-6ab3-4ad9-945e-06def6ac7c96:group-890D473D7C7A: set stopIndex = -1
2019-09-20 09:27:35,081 [02b93e76-e4c6-4b67-b8a4-c536d9ab7224-SegmentedRaftLogWorker:Storage Directory /workdir/hadoop-ozone/integration-test/target/test-dir/MiniOzoneClusterImpl-a33d77e5-464b-4d19-8e6b-a171e580bf0e/datanode-0/data/ratis/4b64e495-6f54-497b-a6ec-fa2d925d22fe] INFO  segmented.SegmentedRaftLogWorker (SegmentedRaftLogWorker.java:close(228)) - 02b93e76-e4c6-4b67-b8a4-c536d9ab7224-SegmentedRaftLogWorker:Storage Directory /workdir/hadoop-ozone/integration-test/target/test-dir/MiniOzoneClusterImpl-a33d77e5-464b-4d19-8e6b-a171e580bf0e/datanode-0/data/ratis/4b64e495-6f54-497b-a6ec-fa2d925d22fe close()
2019-09-20 09:27:35,081 [4840c00f-91d3-4881-a20b-4d0486ca97c0-SegmentedRaftLogWorker:Storage Directory /workdir/hadoop-ozone/integration-test/target/test-dir/MiniOzoneClusterImpl-a33d77e5-464b-4d19-8e6b-a171e580bf0e/datanode-3/data/ratis/d5a133f1-1882-4818-b6ed-f2908b59d0c1] INFO  impl.StateMachineUpdater (StateMachineUpdater.java:stopAndJoin(115)) - StateMachineUpdater:4840c00f-91d3-4881-a20b-4d0486ca97c0:group-F2908B59D0C1: set stopIndex = -1
2019-09-20 09:27:35,088 [4840c00f-91d3-4881-a20b-4d0486ca97c0-SegmentedRaftLogWorker:Storage Directory /workdir/hadoop-ozone/integration-test/target/test-dir/MiniOzoneClusterImpl-a33d77e5-464b-4d19-8e6b-a171e580bf0e/datanode-3/data/ratis/d5a133f1-1882-4818-b6ed-f2908b59d0c1] INFO  impl.RaftServerImpl (ServerState.java:close(394)) - 4840c00f-91d3-4881-a20b-4d0486ca97c0:group-F2908B59D0C1 closes. The last applied log index is -1
2019-09-20 09:27:35,081 [4840c00f-91d3-4881-a20b-4d0486ca97c0-SegmentedRaftLogWorker:Storage Directory /workdir/hadoop-ozone/integration-test/target/test-dir/MiniOzoneClusterImpl-a33d77e5-464b-4d19-8e6b-a171e580bf0e/datanode-3/data/ratis/f3cb99fb-2df1-4ec8-b01d-1e855a8e02da] INFO  impl.PendingRequests (PendingRequests.java:sendNotLeaderResponses(202)) - 4840c00f-91d3-4881-a20b-4d0486ca97c0-PendingRequests: sendNotLeaderResponses
2019-09-20 09:27:35,080 [Thread-886] ERROR ratis.XceiverServerRatis (XceiverServerRatis.java:triggerPipelineClose(561)) - pipeline Action CLOSE  on pipeline PipelineID=446a03c2-7c02-44a3-8b46-27e0cbf426eb.Reason : 492ed782-6ab3-4ad9-945e-06def6ac7c96 is in candidate state for 18083ms
2019-09-20 09:27:35,080 [4840c00f-91d3-4881-a20b-4d0486ca97c0:group-65B0EFE6E2D8:LeaderElection172] INFO  impl.RoleInfo (RoleInfo.java:updateAndGet(143)) - 4840c00f-91d3-4881-a20b-4d0486ca97c0: start LeaderState
2019-09-20 09:27:35,080 [4840c00f-91d3-4881-a20b-4d0486ca97c0:group-6A1D135D282F:LeaderElection178] INFO  server.RaftServerConfigKeys (ConfUtils.java:logGet(43)) - raft.server.write.element-limit = 4096 (default)
2019-09-20 09:27:35,079 [871e6485-c22a-483f-9e07-d19e754685be-SegmentedRaftLogWorker:Storage Directory /workdir/hadoop-ozone/integration-test/target/test-dir/MiniOzoneClusterImpl-a33d77e5-464b-4d19-8e6b-a171e580bf0e/datanode-4/data/ratis/9a64a091-03aa-4fc8-b199-23eeb214de2d] INFO  impl.StateMachineUpdater (StateMachineUpdater.java:stopAndJoin(115)) - StateMachineUpdater:871e6485-c22a-483f-9e07-d19e754685be:group-23EEB214DE2D: set stopIndex = -1
2019-09-20 09:27:35,089 [871e6485-c22a-483f-9e07-d19e754685be-SegmentedRaftLogWorker:Storage Directory /workdir/hadoop-ozone/integration-test/target/test-dir/MiniOzoneClusterImpl-a33d77e5-464b-4d19-8e6b-a171e580bf0e/datanode-4/data/ratis/9a64a091-03aa-4fc8-b199-23eeb214de2d] INFO  impl.RaftServerImpl (ServerState.java:close(394)) - 871e6485-c22a-483f-9e07-d19e754685be:group-23EEB214DE2D closes. The last applied log index is -1
2019-09-20 09:27:35,079 [02b93e76-e4c6-4b67-b8a4-c536d9ab7224-SegmentedRaftLogWorker:Storage Directory /workdir/hadoop-ozone/integration-test/target/test-dir/MiniOzoneClusterImpl-a33d77e5-464b-4d19-8e6b-a171e580bf0e/datanode-0/data/ratis/b6ab1b95-97f0-40b4-82ec-58fac97adbbf] INFO  impl.PendingRequests (PendingRequests.java:sendNotLeaderResponses(202)) - 02b93e76-e4c6-4b67-b8a4-c536d9ab7224-PendingRequests: sendNotLeaderResponses
2019-09-20 09:27:35,079 [fd3cd5f9-4f1c-43ea-91b1-b85a1f6c3825-SegmentedRaftLogWorker:Storage Directory /workdir/hadoop-ozone/integration-test/target/test-dir/MiniOzoneClusterImpl-a33d77e5-464b-4d19-8e6b-a171e580bf0e/datanode-1/data/ratis/5783aec1-b66d-4623-9dbc-eb58816d2005] INFO  impl.RoleInfo (RoleInfo.java:shutdownLeaderState(104)) - fd3cd5f9-4f1c-43ea-91b1-b85a1f6c3825: shutdown LeaderState
2019-09-20 09:27:35,089 [fd3cd5f9-4f1c-43ea-91b1-b85a1f6c3825-SegmentedRaftLogWorker:Storage Directory /workdir/hadoop-ozone/integration-test/target/test-dir/MiniOzoneClusterImpl-a33d77e5-464b-4d19-8e6b-a171e580bf0e/datanode-1/data/ratis/5783aec1-b66d-4623-9dbc-eb58816d2005] INFO  impl.PendingRequests (PendingRequests.java:sendNotLeaderResponses(202)) - fd3cd5f9-4f1c-43ea-91b1-b85a1f6c3825-PendingRequests: sendNotLeaderResponses
2019-09-20 09:27:35,078 [4840c00f-91d3-4881-a20b-4d0486ca97c0:group-746BFFF34F3B:LeaderElection174] INFO  server.RaftServerConfigKeys (ConfUtils.java:logGet(43)) - raft.server.write.element-limit = 4096 (default)
2019-09-20 09:27:35,078 [fd3cd5f9-4f1c-43ea-91b1-b85a1f6c3825:group-599E264902A2:LeaderElection176] INFO  server.RaftServerConfigKeys (ConfUtils.java:logGet(43)) - raft.server.write.element-limit = 4096 (default)
2019-09-20 09:27:35,078 [fd3cd5f9-4f1c-43ea-91b1-b85a1f6c3825:group-E6A3E0DD5830:LeaderElection180] INFO  impl.RaftServerImpl (RaftServerImpl.java:setRole(171)) - fd3cd5f9-4f1c-43ea-91b1-b85a1f6c3825:group-E6A3E0DD5830 changes role from CANDIDATE to LEADER at term 1 for changeToLeader
2019-09-20 09:27:35,090 [fd3cd5f9-4f1c-43ea-91b1-b85a1f6c3825:group-E6A3E0DD5830:LeaderElection180] INFO  impl.RaftServerImpl (ServerState.java:setLeader(263)) - fd3cd5f9-4f1c-43ea-91b1-b85a1f6c3825:group-E6A3E0DD5830 change Leader from null to fd3cd5f9-4f1c-43ea-91b1-b85a1f6c3825 at term 1 for becomeLeader, leader elected after 16647ms
2019-09-20 09:27:35,078 [dc7f40a9-6782-42c4-abab-c6b1682da047:group-5EBA6C781592:LeaderElection179] INFO  impl.RaftServerImpl (RaftServerImpl.java:setRole(171)) - dc7f40a9-6782-42c4-abab-c6b1682da047:group-5EBA6C781592 changes role from CANDIDATE to LEADER at term 1 for changeToLeader
2019-09-20 09:27:35,090 [dc7f40a9-6782-42c4-abab-c6b1682da047:group-5EBA6C781592:LeaderElection179] INFO  impl.RaftServerImpl (ServerState.java:setLeader(263)) - dc7f40a9-6782-42c4-abab-c6b1682da047:group-5EBA6C781592 change Leader from null to dc7f40a9-6782-42c4-abab-c6b1682da047 at term 1 for becomeLeader, leader elected after 15370ms
2019-09-20 09:27:35,077 [02b93e76-e4c6-4b67-b8a4-c536d9ab7224-SegmentedRaftLogWorker:Storage Directory /workdir/hadoop-ozone/integration-test/target/test-dir/MiniOzoneClusterImpl-a33d77e5-464b-4d19-8e6b-a171e580bf0e/datanode-0/data/ratis/45948e97-6821-44be-9ade-c154d2514bb3] INFO  impl.PendingRequests (PendingRequests.java:sendNotLeaderResponses(202)) - 02b93e76-e4c6-4b67-b8a4-c536d9ab7224-PendingRequests: sendNotLeaderResponses
2019-09-20 09:27:35,077 [fd3cd5f9-4f1c-43ea-91b1-b85a1f6c3825-SegmentedRaftLogWorker:Storage Directory /workdir/hadoop-ozone/integration-test/target/test-dir/MiniOzoneClusterImpl-a33d77e5-464b-4d19-8e6b-a171e580bf0e/datanode-1/data/ratis/bc8d2ded-e978-4450-88bf-cb71ec238721] INFO  util.JmxRegister (JmxRegister.java:unregister(73)) - Successfully un-registered JMX Bean with object name Ratis:service=RaftServer,group=group-CB71EC238721,id=fd3cd5f9-4f1c-43ea-91b1-b85a1f6c3825
2019-09-20 09:27:35,091 [fd3cd5f9-4f1c-43ea-91b1-b85a1f6c3825-SegmentedRaftLogWorker:Storage Directory /workdir/hadoop-ozone/integration-test/target/test-dir/MiniOzoneClusterImpl-a33d77e5-464b-4d19-8e6b-a171e580bf0e/datanode-1/data/ratis/bc8d2ded-e978-4450-88bf-cb71ec238721] INFO  impl.RoleInfo (RoleInfo.java:shutdownLeaderState(104)) - fd3cd5f9-4f1c-43ea-91b1-b85a1f6c3825: shutdown LeaderState
2019-09-20 09:27:35,077 [fd3cd5f9-4f1c-43ea-91b1-b85a1f6c3825:group-851D3F2D4801:LeaderElection177] INFO  server.RaftServerConfigKeys (ConfUtils.java:logGet(43)) - raft.server.rpc.sleep.time = 25ms (default)
2019-09-20 09:27:35,077 [871e6485-c22a-483f-9e07-d19e754685be:group-D8E17CA343EE:LeaderElection175] INFO  server.RaftServerConfigKeys (ConfUtils.java:logGet(43)) - raft.server.write.element-limit = 4096 (default)
2019-09-20 09:27:35,091 [871e6485-c22a-483f-9e07-d19e754685be:group-D8E17CA343EE:LeaderElection175] INFO  server.RaftServerConfigKeys (ConfUtils.java:logGet(43)) - raft.server.watch.timeout = 10s (default)
2019-09-20 09:27:35,077 [pool-27-thread-1] INFO  server.RaftServerConfigKeys (ConfUtils.java:logGet(43)) - raft.server.log.segment.size.max = 1048576 (custom)
2019-09-20 09:27:35,076 [pool-60-thread-1] INFO  server.RaftServerConfigKeys (ConfUtils.java:logGet(43)) - raft.server.log.queue.element-limit = 1024 (custom)
2019-09-20 09:27:35,076 [pool-49-thread-1] INFO  server.RaftServerConfigKeys (ConfUtils.java:logGet(43)) - raft.server.log.segment.size.max = 1048576 (custom)
2019-09-20 09:27:35,092 [pool-49-thread-1] INFO  server.RaftServerConfigKeys (ConfUtils.java:logGet(43)) - raft.server.log.preallocated.size = 16384 (custom)
2019-09-20 09:27:35,076 [fd3cd5f9-4f1c-43ea-91b1-b85a1f6c3825-SegmentedRaftLogWorker:Storage Directory /workdir/hadoop-ozone/integration-test/target/test-dir/MiniOzoneClusterImpl-a33d77e5-464b-4d19-8e6b-a171e580bf0e/datanode-1/data/ratis/761ed929-deb2-4e13-9385-e81d6153acad] INFO  segmented.SegmentedRaftLogWorker (SegmentedRaftLogWorker.java:close(228)) - fd3cd5f9-4f1c-43ea-91b1-b85a1f6c3825-SegmentedRaftLogWorker:Storage Directory /workdir/hadoop-ozone/integration-test/target/test-dir/MiniOzoneClusterImpl-a33d77e5-464b-4d19-8e6b-a171e580bf0e/datanode-1/data/ratis/761ed929-deb2-4e13-9385-e81d6153acad close()
2019-09-20 09:27:35,092 [pool-49-thread-1] INFO  server.RaftServerConfigKeys (ConfUtils.java:logGet(43)) - raft.server.log.write.buffer.size = 33554432 (custom)
2019-09-20 09:27:35,092 [pool-49-thread-1] INFO  server.RaftServerConfigKeys (ConfUtils.java:logGet(43)) - raft.server.log.force.sync.num = 128 (default)
2019-09-20 09:27:35,092 [pool-60-thread-1] INFO  server.RaftServerConfigKeys (ConfUtils.java:logGet(43)) - raft.server.log.segment.size.max = 1048576 (custom)
2019-09-20 09:27:35,091 [pool-27-thread-1] INFO  server.RaftServerConfigKeys (ConfUtils.java:logGet(43)) - raft.server.log.preallocated.size = 16384 (custom)
2019-09-20 09:27:35,091 [871e6485-c22a-483f-9e07-d19e754685be:group-D8E17CA343EE:LeaderElection175] INFO  server.RaftServerConfigKeys (ConfUtils.java:logGet(43)) - raft.server.watch.timeout.denomination = 1s (default)
2019-09-20 09:27:35,093 [871e6485-c22a-483f-9e07-d19e754685be:group-D8E17CA343EE:LeaderElection175] INFO  server.RaftServerConfigKeys (ConfUtils.java:logGet(43)) - raft.server.watch.element-limit = 65536 (default)
2019-09-20 09:27:35,091 [fd3cd5f9-4f1c-43ea-91b1-b85a1f6c3825:group-851D3F2D4801:LeaderElection177] INFO  server.RaftServerConfigKeys (ConfUtils.java:logGet(43)) - raft.server.write.element-limit = 4096 (default)
2019-09-20 09:27:35,091 [fd3cd5f9-4f1c-43ea-91b1-b85a1f6c3825-SegmentedRaftLogWorker:Storage Directory /workdir/hadoop-ozone/integration-test/target/test-dir/MiniOzoneClusterImpl-a33d77e5-464b-4d19-8e6b-a171e580bf0e/datanode-1/data/ratis/bc8d2ded-e978-4450-88bf-cb71ec238721] INFO  impl.PendingRequests (PendingRequests.java:sendNotLeaderResponses(202)) - fd3cd5f9-4f1c-43ea-91b1-b85a1f6c3825-PendingRequests: sendNotLeaderResponses
2019-09-20 09:27:35,090 [02b93e76-e4c6-4b67-b8a4-c536d9ab7224-SegmentedRaftLogWorker:Storage Directory /workdir/hadoop-ozone/integration-test/target/test-dir/MiniOzoneClusterImpl-a33d77e5-464b-4d19-8e6b-a171e580bf0e/datanode-0/data/ratis/45948e97-6821-44be-9ade-c154d2514bb3] INFO  impl.StateMachineUpdater (StateMachineUpdater.java:stopAndJoin(115)) - StateMachineUpdater:02b93e76-e4c6-4b67-b8a4-c536d9ab7224:group-C154D2514BB3: set stopIndex = -1
2019-09-20 09:27:35,093 [02b93e76-e4c6-4b67-b8a4-c536d9ab7224-SegmentedRaftLogWorker:Storage Directory /workdir/hadoop-ozone/integration-test/target/test-dir/MiniOzoneClusterImpl-a33d77e5-464b-4d19-8e6b-a171e580bf0e/datanode-0/data/ratis/45948e97-6821-44be-9ade-c154d2514bb3] INFO  impl.RaftServerImpl (ServerState.java:close(394)) - 02b93e76-e4c6-4b67-b8a4-c536d9ab7224:group-C154D2514BB3 closes. The last applied log index is -1
2019-09-20 09:27:35,090 [dc7f40a9-6782-42c4-abab-c6b1682da047:group-5EBA6C781592:LeaderElection179] INFO  server.RaftServerConfigKeys (ConfUtils.java:logGet(43)) - raft.server.staging.catchup.gap = 1000 (default)
2019-09-20 09:27:35,090 [fd3cd5f9-4f1c-43ea-91b1-b85a1f6c3825:group-E6A3E0DD5830:LeaderElection180] INFO  server.RaftServerConfigKeys (ConfUtils.java:logGet(43)) - raft.server.staging.catchup.gap = 1000 (default)
2019-09-20 09:27:35,094 [fd3cd5f9-4f1c-43ea-91b1-b85a1f6c3825:group-E6A3E0DD5830:LeaderElection180] INFO  server.RaftServerConfigKeys (ConfUtils.java:logGet(43)) - raft.server.rpc.sleep.time = 25ms (default)
2019-09-20 09:27:35,090 [fd3cd5f9-4f1c-43ea-91b1-b85a1f6c3825:group-599E264902A2:LeaderElection176] INFO  server.RaftServerConfigKeys (ConfUtils.java:logGet(43)) - raft.server.watch.timeout = 10s (default)
2019-09-20 09:27:35,094 [fd3cd5f9-4f1c-43ea-91b1-b85a1f6c3825:group-599E264902A2:LeaderElection176] INFO  server.RaftServerConfigKeys (ConfUtils.java:logGet(43)) - raft.server.watch.timeout.denomination = 1s (default)
2019-09-20 09:27:35,090 [4840c00f-91d3-4881-a20b-4d0486ca97c0:group-746BFFF34F3B:LeaderElection174] INFO  server.RaftServerConfigKeys (ConfUtils.java:logGet(43)) - raft.server.watch.timeout = 10s (default)
2019-09-20 09:27:35,089 [fd3cd5f9-4f1c-43ea-91b1-b85a1f6c3825-SegmentedRaftLogWorker:Storage Directory /workdir/hadoop-ozone/integration-test/target/test-dir/MiniOzoneClusterImpl-a33d77e5-464b-4d19-8e6b-a171e580bf0e/datanode-1/data/ratis/5783aec1-b66d-4623-9dbc-eb58816d2005] INFO  impl.StateMachineUpdater (StateMachineUpdater.java:stopAndJoin(115)) - StateMachineUpdater:fd3cd5f9-4f1c-43ea-91b1-b85a1f6c3825:group-EB58816D2005: set stopIndex = -1
2019-09-20 09:27:35,089 [02b93e76-e4c6-4b67-b8a4-c536d9ab7224-SegmentedRaftLogWorker:Storage Directory /workdir/hadoop-ozone/integration-test/target/test-dir/MiniOzoneClusterImpl-a33d77e5-464b-4d19-8e6b-a171e580bf0e/datanode-0/data/ratis/b6ab1b95-97f0-40b4-82ec-58fac97adbbf] INFO  impl.StateMachineUpdater (StateMachineUpdater.java:stopAndJoin(115)) - StateMachineUpdater:02b93e76-e4c6-4b67-b8a4-c536d9ab7224:group-58FAC97ADBBF: set stopIndex = -1
2019-09-20 09:27:35,095 [ForkJoinPool.commonPool-worker-1] INFO  ozone.HddsDatanodeService (HddsDatanodeService.java:stop(451)) - Stopped plug-in org.apache.hadoop.ozone.web.OzoneHddsDatanodeService@46a123e4
2019-09-20 09:27:35,089 [871e6485-c22a-483f-9e07-d19e754685be-SegmentedRaftLogWorker:Storage Directory /workdir/hadoop-ozone/integration-test/target/test-dir/MiniOzoneClusterImpl-a33d77e5-464b-4d19-8e6b-a171e580bf0e/datanode-4/data/ratis/9a64a091-03aa-4fc8-b199-23eeb214de2d] INFO  segmented.SegmentedRaftLogWorker (SegmentedRaftLogWorker.java:close(228)) - 871e6485-c22a-483f-9e07-d19e754685be-SegmentedRaftLogWorker:Storage Directory /workdir/hadoop-ozone/integration-test/target/test-dir/MiniOzoneClusterImpl-a33d77e5-464b-4d19-8e6b-a171e580bf0e/datanode-4/data/ratis/9a64a091-03aa-4fc8-b199-23eeb214de2d close()
2019-09-20 09:27:35,089 [4840c00f-91d3-4881-a20b-4d0486ca97c0:group-65B0EFE6E2D8:LeaderElection172] INFO  segmented.SegmentedRaftLogWorker (SegmentedRaftLogWorker.java:startLogSegment(380)) - 4840c00f-91d3-4881-a20b-4d0486ca97c0-SegmentedRaftLogWorker:Storage Directory /workdir/hadoop-ozone/integration-test/target/test-dir/MiniOzoneClusterImpl-a33d77e5-464b-4d19-8e6b-a171e580bf0e/datanode-3/data/ratis/032a66c9-8f89-46f4-9094-65b0efe6e2d8: Starting segment from index:0
2019-09-20 09:27:35,089 [4840c00f-91d3-4881-a20b-4d0486ca97c0:group-6A1D135D282F:LeaderElection178] INFO  server.RaftServerConfigKeys (ConfUtils.java:logGet(43)) - raft.server.watch.timeout = 10s (default)
2019-09-20 09:27:35,088 [Thread-886] INFO  impl.RoleInfo (RoleInfo.java:updateAndGet(143)) - 492ed782-6ab3-4ad9-945e-06def6ac7c96: start LeaderElection
2019-09-20 09:27:35,088 [4840c00f-91d3-4881-a20b-4d0486ca97c0-SegmentedRaftLogWorker:Storage Directory /workdir/hadoop-ozone/integration-test/target/test-dir/MiniOzoneClusterImpl-a33d77e5-464b-4d19-8e6b-a171e580bf0e/datanode-3/data/ratis/f3cb99fb-2df1-4ec8-b01d-1e855a8e02da] INFO  impl.StateMachineUpdater (StateMachineUpdater.java:stopAndJoin(115)) - StateMachineUpdater:4840c00f-91d3-4881-a20b-4d0486ca97c0:group-1E855A8E02DA: set stopIndex = -1
2019-09-20 09:27:35,098 [4840c00f-91d3-4881-a20b-4d0486ca97c0-SegmentedRaftLogWorker:Storage Directory /workdir/hadoop-ozone/integration-test/target/test-dir/MiniOzoneClusterImpl-a33d77e5-464b-4d19-8e6b-a171e580bf0e/datanode-3/data/ratis/f3cb99fb-2df1-4ec8-b01d-1e855a8e02da] INFO  impl.RaftServerImpl (ServerState.java:close(394)) - 4840c00f-91d3-4881-a20b-4d0486ca97c0:group-1E855A8E02DA closes. The last applied log index is -1
2019-09-20 09:27:35,088 [4840c00f-91d3-4881-a20b-4d0486ca97c0-SegmentedRaftLogWorker:Storage Directory /workdir/hadoop-ozone/integration-test/target/test-dir/MiniOzoneClusterImpl-a33d77e5-464b-4d19-8e6b-a171e580bf0e/datanode-3/data/ratis/d5a133f1-1882-4818-b6ed-f2908b59d0c1] INFO  segmented.SegmentedRaftLogWorker (SegmentedRaftLogWorker.java:close(228)) - 4840c00f-91d3-4881-a20b-4d0486ca97c0-SegmentedRaftLogWorker:Storage Directory /workdir/hadoop-ozone/integration-test/target/test-dir/MiniOzoneClusterImpl-a33d77e5-464b-4d19-8e6b-a171e580bf0e/datanode-3/data/ratis/d5a133f1-1882-4818-b6ed-f2908b59d0c1 close()
2019-09-20 09:27:35,098 [4840c00f-91d3-4881-a20b-4d0486ca97c0-SegmentedRaftLogWorker:Storage Directory /workdir/hadoop-ozone/integration-test/target/test-dir/MiniOzoneClusterImpl-a33d77e5-464b-4d19-8e6b-a171e580bf0e/datanode-3/data/ratis/f3cb99fb-2df1-4ec8-b01d-1e855a8e02da] INFO  segmented.SegmentedRaftLogWorker (SegmentedRaftLogWorker.java:close(228)) - 4840c00f-91d3-4881-a20b-4d0486ca97c0-SegmentedRaftLogWorker:Storage Directory /workdir/hadoop-ozone/integration-test/target/test-dir/MiniOzoneClusterImpl-a33d77e5-464b-4d19-8e6b-a171e580bf0e/datanode-3/data/ratis/f3cb99fb-2df1-4ec8-b01d-1e855a8e02da close()
2019-09-20 09:27:35,087 [492ed782-6ab3-4ad9-945e-06def6ac7c96-SegmentedRaftLogWorker:Storage Directory /workdir/hadoop-ozone/integration-test/target/test-dir/MiniOzoneClusterImpl-a33d77e5-464b-4d19-8e6b-a171e580bf0e/datanode-2/data/ratis/0fec06e2-20d0-421b-bb9e-890d473d7c7a] INFO  impl.RaftServerImpl (ServerState.java:close(394)) - 492ed782-6ab3-4ad9-945e-06def6ac7c96:group-890D473D7C7A closes. The last applied log index is -1
2019-09-20 09:27:35,087 [492ed782-6ab3-4ad9-945e-06def6ac7c96-SegmentedRaftLogWorker:Storage Directory /workdir/hadoop-ozone/integration-test/target/test-dir/MiniOzoneClusterImpl-a33d77e5-464b-4d19-8e6b-a171e580bf0e/datanode-2/data/ratis/af526850-cd10-4d62-b860-68c11bf58e25] INFO  segmented.SegmentedRaftLogWorker (SegmentedRaftLogWorker.java:close(228)) - 492ed782-6ab3-4ad9-945e-06def6ac7c96-SegmentedRaftLogWorker:Storage Directory /workdir/hadoop-ozone/integration-test/target/test-dir/MiniOzoneClusterImpl-a33d77e5-464b-4d19-8e6b-a171e580bf0e/datanode-2/data/ratis/af526850-cd10-4d62-b860-68c11bf58e25 close()
2019-09-20 09:27:35,087 [fd3cd5f9-4f1c-43ea-91b1-b85a1f6c3825-SegmentedRaftLogWorker:Storage Directory /workdir/hadoop-ozone/integration-test/target/test-dir/MiniOzoneClusterImpl-a33d77e5-464b-4d19-8e6b-a171e580bf0e/datanode-1/data/ratis/b552caae-7efd-4b79-aff5-b212b9f51e67] INFO  impl.StateMachineUpdater (StateMachineUpdater.java:stopAndJoin(115)) - StateMachineUpdater:fd3cd5f9-4f1c-43ea-91b1-b85a1f6c3825:group-B212B9F51E67: set stopIndex = -1
2019-09-20 09:27:35,099 [fd3cd5f9-4f1c-43ea-91b1-b85a1f6c3825-SegmentedRaftLogWorker:Storage Directory /workdir/hadoop-ozone/integration-test/target/test-dir/MiniOzoneClusterImpl-a33d77e5-464b-4d19-8e6b-a171e580bf0e/datanode-1/data/ratis/b552caae-7efd-4b79-aff5-b212b9f51e67] INFO  impl.RaftServerImpl (ServerState.java:close(394)) - fd3cd5f9-4f1c-43ea-91b1-b85a1f6c3825:group-B212B9F51E67 closes. The last applied log index is -1
2019-09-20 09:27:35,086 [4840c00f-91d3-4881-a20b-4d0486ca97c0-SegmentedRaftLogWorker:Storage Directory /workdir/hadoop-ozone/integration-test/target/test-dir/MiniOzoneClusterImpl-a33d77e5-464b-4d19-8e6b-a171e580bf0e/datanode-3/data/ratis/d15b42c9-ae14-4206-ab2b-b7d8a17b7bb0] INFO  impl.RaftServerImpl (ServerState.java:close(394)) - 4840c00f-91d3-4881-a20b-4d0486ca97c0:group-B7D8A17B7BB0 closes. The last applied log index is -1
2019-09-20 09:27:35,086 [871e6485-c22a-483f-9e07-d19e754685be-SegmentedRaftLogWorker:Storage Directory /workdir/hadoop-ozone/integration-test/target/test-dir/MiniOzoneClusterImpl-a33d77e5-464b-4d19-8e6b-a171e580bf0e/datanode-4/data/ratis/1608c481-8e99-48cb-81f5-9a08c49e7350] INFO  impl.RaftServerImpl (ServerState.java:close(394)) - 871e6485-c22a-483f-9e07-d19e754685be:group-9A08C49E7350 closes. The last applied log index is -1
2019-09-20 09:27:35,086 [4840c00f-91d3-4881-a20b-4d0486ca97c0:group-30E84BEB43D3:LeaderElection173] INFO  server.RaftServerConfigKeys (ConfUtils.java:logGet(43)) - raft.server.watch.timeout = 10s (default)
2019-09-20 09:27:35,086 [EventQueue-PipelineActionsForPipelineActionHandler] ERROR pipeline.PipelineActionHandler (PipelineActionHandler.java:onMessage(60)) - Received pipeline action CLOSE for Pipeline[ Id: c7f74498-9bf5-4c81-b684-4f3b7e02669b, Nodes: 02b93e76-e4c6-4b67-b8a4-c536d9ab7224{ip: 192.168.36.99, host: pr-hdds-1569-p5fx8-1226042367, networkLocation: /default-rack, certSerialId: null}, Type:RATIS, Factor:ONE, State:OPEN] from datanode 02b93e76-e4c6-4b67-b8a4-c536d9ab7224{ip: 192.168.36.99, host: pr-hdds-1569-p5fx8-1226042367, networkLocation: /default-rack, certSerialId: null}. Reason : 02b93e76-e4c6-4b67-b8a4-c536d9ab7224 is in candidate state for 11560ms
2019-09-20 09:27:35,099 [4840c00f-91d3-4881-a20b-4d0486ca97c0:group-30E84BEB43D3:LeaderElection173] INFO  server.RaftServerConfigKeys (ConfUtils.java:logGet(43)) - raft.server.watch.timeout.denomination = 1s (default)
2019-09-20 09:27:35,099 [871e6485-c22a-483f-9e07-d19e754685be-SegmentedRaftLogWorker:Storage Directory /workdir/hadoop-ozone/integration-test/target/test-dir/MiniOzoneClusterImpl-a33d77e5-464b-4d19-8e6b-a171e580bf0e/datanode-4/data/ratis/1608c481-8e99-48cb-81f5-9a08c49e7350] INFO  segmented.SegmentedRaftLogWorker (SegmentedRaftLogWorker.java:close(228)) - 871e6485-c22a-483f-9e07-d19e754685be-SegmentedRaftLogWorker:Storage Directory /workdir/hadoop-ozone/integration-test/target/test-dir/MiniOzoneClusterImpl-a33d77e5-464b-4d19-8e6b-a171e580bf0e/datanode-4/data/ratis/1608c481-8e99-48cb-81f5-9a08c49e7350 close()
2019-09-20 09:27:35,099 [4840c00f-91d3-4881-a20b-4d0486ca97c0-SegmentedRaftLogWorker:Storage Directory /workdir/hadoop-ozone/integration-test/target/test-dir/MiniOzoneClusterImpl-a33d77e5-464b-4d19-8e6b-a171e580bf0e/datanode-3/data/ratis/d15b42c9-ae14-4206-ab2b-b7d8a17b7bb0] INFO  segmented.SegmentedRaftLogWorker (SegmentedRaftLogWorker.java:close(228)) - 4840c00f-91d3-4881-a20b-4d0486ca97c0-SegmentedRaftLogWorker:Storage Directory /workdir/hadoop-ozone/integration-test/target/test-dir/MiniOzoneClusterImpl-a33d77e5-464b-4d19-8e6b-a171e580bf0e/datanode-3/data/ratis/d15b42c9-ae14-4206-ab2b-b7d8a17b7bb0 close()
2019-09-20 09:27:35,099 [fd3cd5f9-4f1c-43ea-91b1-b85a1f6c3825-SegmentedRaftLogWorker:Storage Directory /workdir/hadoop-ozone/integration-test/target/test-dir/MiniOzoneClusterImpl-a33d77e5-464b-4d19-8e6b-a171e580bf0e/datanode-1/data/ratis/b552caae-7efd-4b79-aff5-b212b9f51e67] INFO  segmented.SegmentedRaftLogWorker (SegmentedRaftLogWorker.java:close(228)) - fd3cd5f9-4f1c-43ea-91b1-b85a1f6c3825-SegmentedRaftLogWorker:Storage Directory /workdir/hadoop-ozone/integration-test/target/test-dir/MiniOzoneClusterImpl-a33d77e5-464b-4d19-8e6b-a171e580bf0e/datanode-1/data/ratis/b552caae-7efd-4b79-aff5-b212b9f51e67 close()
2019-09-20 09:27:35,099 [492ed782-6ab3-4ad9-945e-06def6ac7c96-SegmentedRaftLogWorker:Storage Directory /workdir/hadoop-ozone/integration-test/target/test-dir/MiniOzoneClusterImpl-a33d77e5-464b-4d19-8e6b-a171e580bf0e/datanode-2/data/ratis/0fec06e2-20d0-421b-bb9e-890d473d7c7a] INFO  segmented.SegmentedRaftLogWorker (SegmentedRaftLogWorker.java:close(228)) - 492ed782-6ab3-4ad9-945e-06def6ac7c96-SegmentedRaftLogWorker:Storage Directory /workdir/hadoop-ozone/integration-test/target/test-dir/MiniOzoneClusterImpl-a33d77e5-464b-4d19-8e6b-a171e580bf0e/datanode-2/data/ratis/0fec06e2-20d0-421b-bb9e-890d473d7c7a close()
2019-09-20 09:27:35,098 [4840c00f-91d3-4881-a20b-4d0486ca97c0:group-65B0EFE6E2D8:LeaderElection172] INFO  impl.RaftServerImpl (ServerState.java:setRaftConf(361)) - 4840c00f-91d3-4881-a20b-4d0486ca97c0:group-65B0EFE6E2D8 set configuration 0: [4840c00f-91d3-4881-a20b-4d0486ca97c0:192.168.36.99:41473], old=null at 0
2019-09-20 09:27:35,098 [4840c00f-91d3-4881-a20b-4d0486ca97c0:group-6A1D135D282F:LeaderElection178] INFO  server.RaftServerConfigKeys (ConfUtils.java:logGet(43)) - raft.server.watch.timeout.denomination = 1s (default)
2019-09-20 09:27:35,095 [main] INFO  ozone.HddsDatanodeService (HddsDatanodeService.java:stop(451)) - Stopped plug-in org.apache.hadoop.ozone.web.OzoneHddsDatanodeService@2fde9469
2019-09-20 09:27:35,095 [02b93e76-e4c6-4b67-b8a4-c536d9ab7224-SegmentedRaftLogWorker:Storage Directory /workdir/hadoop-ozone/integration-test/target/test-dir/MiniOzoneClusterImpl-a33d77e5-464b-4d19-8e6b-a171e580bf0e/datanode-0/data/ratis/b6ab1b95-97f0-40b4-82ec-58fac97adbbf] INFO  impl.RaftServerImpl (ServerState.java:close(394)) - 02b93e76-e4c6-4b67-b8a4-c536d9ab7224:group-58FAC97ADBBF closes. The last applied log index is -1
2019-09-20 09:27:35,094 [fd3cd5f9-4f1c-43ea-91b1-b85a1f6c3825-SegmentedRaftLogWorker:Storage Directory /workdir/hadoop-ozone/integration-test/target/test-dir/MiniOzoneClusterImpl-a33d77e5-464b-4d19-8e6b-a171e580bf0e/datanode-1/data/ratis/5783aec1-b66d-4623-9dbc-eb58816d2005] INFO  impl.RaftServerImpl (ServerState.java:close(394)) - fd3cd5f9-4f1c-43ea-91b1-b85a1f6c3825:group-EB58816D2005 closes. The last applied log index is -1
2019-09-20 09:27:35,094 [4840c00f-91d3-4881-a20b-4d0486ca97c0:group-746BFFF34F3B:LeaderElection174] INFO  server.RaftServerConfigKeys (ConfUtils.java:logGet(43)) - raft.server.watch.timeout.denomination = 1s (default)
2019-09-20 09:27:35,094 [fd3cd5f9-4f1c-43ea-91b1-b85a1f6c3825:group-599E264902A2:LeaderElection176] INFO  server.RaftServerConfigKeys (ConfUtils.java:logGet(43)) - raft.server.watch.element-limit = 65536 (default)
2019-09-20 09:27:35,094 [fd3cd5f9-4f1c-43ea-91b1-b85a1f6c3825:group-E6A3E0DD5830:LeaderElection180] INFO  server.RaftServerConfigKeys (ConfUtils.java:logGet(43)) - raft.server.write.element-limit = 4096 (default)
2019-09-20 09:27:35,093 [dc7f40a9-6782-42c4-abab-c6b1682da047:group-5EBA6C781592:LeaderElection179] INFO  server.RaftServerConfigKeys (ConfUtils.java:logGet(43)) - raft.server.rpc.sleep.time = 25ms (default)
2019-09-20 09:27:35,093 [02b93e76-e4c6-4b67-b8a4-c536d9ab7224-SegmentedRaftLogWorker:Storage Directory /workdir/hadoop-ozone/integration-test/target/test-dir/MiniOzoneClusterImpl-a33d77e5-464b-4d19-8e6b-a171e580bf0e/datanode-0/data/ratis/45948e97-6821-44be-9ade-c154d2514bb3] INFO  segmented.SegmentedRaftLogWorker (SegmentedRaftLogWorker.java:close(228)) - 02b93e76-e4c6-4b67-b8a4-c536d9ab7224-SegmentedRaftLogWorker:Storage Directory /workdir/hadoop-ozone/integration-test/target/test-dir/MiniOzoneClusterImpl-a33d77e5-464b-4d19-8e6b-a171e580bf0e/datanode-0/data/ratis/45948e97-6821-44be-9ade-c154d2514bb3 close()
2019-09-20 09:27:35,093 [fd3cd5f9-4f1c-43ea-91b1-b85a1f6c3825-SegmentedRaftLogWorker:Storage Directory /workdir/hadoop-ozone/integration-test/target/test-dir/MiniOzoneClusterImpl-a33d77e5-464b-4d19-8e6b-a171e580bf0e/datanode-1/data/ratis/bc8d2ded-e978-4450-88bf-cb71ec238721] INFO  impl.StateMachineUpdater (StateMachineUpdater.java:stopAndJoin(115)) - StateMachineUpdater:fd3cd5f9-4f1c-43ea-91b1-b85a1f6c3825:group-CB71EC238721: set stopIndex = -1
2019-09-20 09:27:35,418 | INFO  | SCMAudit | user=jenkins1000 | ip=192.168.36.99 | op=SEND_HEARTBEAT {datanodeUUID=492ed782-6ab3-4ad9-945e-06def6ac7c96, command=[]} | ret=SUCCESS |  
2019-09-20 09:27:35,418 | INFO  | SCMAudit | user=jenkins1000 | ip=192.168.36.99 | op=SEND_HEARTBEAT {datanodeUUID=02b93e76-e4c6-4b67-b8a4-c536d9ab7224, command=[]} | ret=SUCCESS |  
2019-09-20 09:27:35,418 | INFO  | SCMAudit | user=jenkins1000 | ip=192.168.36.99 | op=SEND_HEARTBEAT {datanodeUUID=871e6485-c22a-483f-9e07-d19e754685be, command=[]} | ret=SUCCESS |  
2019-09-20 09:27:35,093 [fd3cd5f9-4f1c-43ea-91b1-b85a1f6c3825:group-851D3F2D4801:LeaderElection177] INFO  server.RaftServerConfigKeys (ConfUtils.java:logGet(43)) - raft.server.watch.timeout = 10s (default)
2019-09-20 09:27:35,093 [871e6485-c22a-483f-9e07-d19e754685be:group-D8E17CA343EE:LeaderElection175] INFO  impl.RoleInfo (RoleInfo.java:updateAndGet(143)) - 871e6485-c22a-483f-9e07-d19e754685be: start LeaderState
2019-09-20 09:27:35,093 [pool-27-thread-1] INFO  server.RaftServerConfigKeys (ConfUtils.java:logGet(43)) - raft.server.log.write.buffer.size = 33554432 (custom)
2019-09-20 09:27:35,424 [pool-27-thread-1] INFO  server.RaftServerConfigKeys (ConfUtils.java:logGet(43)) - raft.server.log.force.sync.num = 128 (default)
2019-09-20 09:27:35,092 [pool-60-thread-1] INFO  server.RaftServerConfigKeys (ConfUtils.java:logGet(43)) - raft.server.log.preallocated.size = 16384 (custom)
2019-09-20 09:27:35,424 | INFO  | SCMAudit | user=jenkins1000 | ip=192.168.36.99 | op=SEND_HEARTBEAT {datanodeUUID=dc7f40a9-6782-42c4-abab-c6b1682da047, command=[]} | ret=SUCCESS |  
2019-09-20 09:27:35,092 [pool-49-thread-1] INFO  server.RaftServerConfigKeys (ConfUtils.java:logGet(43)) - raft.server.log.statemachine.data.sync = true (default)
2019-09-20 09:27:35,424 [pool-60-thread-1] INFO  server.RaftServerConfigKeys (ConfUtils.java:logGet(43)) - raft.server.log.write.buffer.size = 33554432 (custom)
2019-09-20 09:27:35,425 [pool-60-thread-1] INFO  server.RaftServerConfigKeys (ConfUtils.java:logGet(43)) - raft.server.log.force.sync.num = 128 (default)
2019-09-20 09:27:35,424 [pool-27-thread-1] INFO  server.RaftServerConfigKeys (ConfUtils.java:logGet(43)) - raft.server.log.statemachine.data.sync = true (default)
2019-09-20 09:27:35,424 [871e6485-c22a-483f-9e07-d19e754685be:group-D8E17CA343EE:LeaderElection175] INFO  segmented.SegmentedRaftLogWorker (SegmentedRaftLogWorker.java:startLogSegment(380)) - 871e6485-c22a-483f-9e07-d19e754685be-SegmentedRaftLogWorker:Storage Directory /workdir/hadoop-ozone/integration-test/target/test-dir/MiniOzoneClusterImpl-a33d77e5-464b-4d19-8e6b-a171e580bf0e/datanode-4/data/ratis/11819390-3bac-44aa-bd5b-d8e17ca343ee: Starting segment from index:0
2019-09-20 09:27:35,423 [fd3cd5f9-4f1c-43ea-91b1-b85a1f6c3825:group-851D3F2D4801:LeaderElection177] INFO  server.RaftServerConfigKeys (ConfUtils.java:logGet(43)) - raft.server.watch.timeout.denomination = 1s (default)
2019-09-20 09:27:35,425 [fd3cd5f9-4f1c-43ea-91b1-b85a1f6c3825:group-851D3F2D4801:LeaderElection177] INFO  server.RaftServerConfigKeys (ConfUtils.java:logGet(43)) - raft.server.watch.element-limit = 65536 (default)
2019-09-20 09:27:35,423 [fd3cd5f9-4f1c-43ea-91b1-b85a1f6c3825-SegmentedRaftLogWorker:Storage Directory /workdir/hadoop-ozone/integration-test/target/test-dir/MiniOzoneClusterImpl-a33d77e5-464b-4d19-8e6b-a171e580bf0e/datanode-1/data/ratis/bc8d2ded-e978-4450-88bf-cb71ec238721] INFO  impl.RaftServerImpl (ServerState.java:close(394)) - fd3cd5f9-4f1c-43ea-91b1-b85a1f6c3825:group-CB71EC238721 closes. The last applied log index is -1
2019-09-20 09:27:35,423 [fd3cd5f9-4f1c-43ea-91b1-b85a1f6c3825:group-449CD00D9C0A:LeaderElection181] INFO  impl.LeaderElection (LeaderElection.java:askForVotes(181)) - fd3cd5f9-4f1c-43ea-91b1-b85a1f6c3825:group-449CD00D9C0A:LeaderElection181: begin an election at term 1 for -1: [fd3cd5f9-4f1c-43ea-91b1-b85a1f6c3825:192.168.36.99:39114], old=null
2019-09-20 09:27:35,423 [fd3cd5f9-4f1c-43ea-91b1-b85a1f6c3825:group-15826A721196:LeaderElection182] INFO  impl.LeaderElection (LeaderElection.java:askForVotes(181)) - fd3cd5f9-4f1c-43ea-91b1-b85a1f6c3825:group-15826A721196:LeaderElection182: begin an election at term 1 for -1: [fd3cd5f9-4f1c-43ea-91b1-b85a1f6c3825:192.168.36.99:39114], old=null
2019-09-20 09:27:35,419 [Datanode State Machine Thread - 0] INFO  statemachine.DatanodeStateMachine (DatanodeStateMachine.java:lambda$startDaemon$0(350)) - Ozone container server started.
2019-09-20 09:27:35,417 [Datanode State Machine Thread - 0] INFO  statemachine.DatanodeStateMachine (DatanodeStateMachine.java:lambda$startDaemon$0(350)) - Ozone container server started.
2019-09-20 09:27:35,416 [4840c00f-91d3-4881-a20b-4d0486ca97c0-SegmentedRaftLogWorker:Storage Directory /workdir/hadoop-ozone/integration-test/target/test-dir/MiniOzoneClusterImpl-a33d77e5-464b-4d19-8e6b-a171e580bf0e/datanode-3/data/ratis/d51cfc95-825d-428a-b395-5f54fd10fdf3] ERROR segmented.SegmentedRaftLogWorker (SegmentedRaftLogWorker.java:run(323)) - 4840c00f-91d3-4881-a20b-4d0486ca97c0-SegmentedRaftLogWorker:Storage Directory /workdir/hadoop-ozone/integration-test/target/test-dir/MiniOzoneClusterImpl-a33d77e5-464b-4d19-8e6b-a171e580bf0e/datanode-3/data/ratis/d51cfc95-825d-428a-b395-5f54fd10fdf3 hit exception
java.lang.OutOfMemoryError: Direct buffer memory
	at java.nio.Bits.reserveMemory(Bits.java:666)
	at java.nio.DirectByteBuffer.<init>(DirectByteBuffer.java:123)
	at java.nio.ByteBuffer.allocateDirect(ByteBuffer.java:311)
	at org.apache.ratis.server.raftlog.segmented.BufferedWriteChannel.<init>(BufferedWriteChannel.java:41)
	at org.apache.ratis.server.raftlog.segmented.SegmentedRaftLogOutputStream.<init>(SegmentedRaftLogOutputStream.java:72)
	at org.apache.ratis.server.raftlog.segmented.SegmentedRaftLogWorker$StartLogSegment.execute(SegmentedRaftLogWorker.java:566)
	at org.apache.ratis.server.raftlog.segmented.SegmentedRaftLogWorker.run(SegmentedRaftLogWorker.java:289)
	at java.lang.Thread.run(Thread.java:748)
2019-09-20 09:27:35,102 [dc7f40a9-6782-42c4-abab-c6b1682da047:group-5EBA6C781592:LeaderElection179] INFO  server.RaftServerConfigKeys (ConfUtils.java:logGet(43)) - raft.server.write.element-limit = 4096 (default)
2019-09-20 09:27:35,102 [fd3cd5f9-4f1c-43ea-91b1-b85a1f6c3825:group-E6A3E0DD5830:LeaderElection180] INFO  server.RaftServerConfigKeys (ConfUtils.java:logGet(43)) - raft.server.watch.timeout = 10s (default)
2019-09-20 09:27:35,102 [fd3cd5f9-4f1c-43ea-91b1-b85a1f6c3825:group-599E264902A2:LeaderElection176] INFO  impl.RoleInfo (RoleInfo.java:updateAndGet(143)) - fd3cd5f9-4f1c-43ea-91b1-b85a1f6c3825: start LeaderState
2019-09-20 09:27:35,101 [4840c00f-91d3-4881-a20b-4d0486ca97c0:group-746BFFF34F3B:LeaderElection174] INFO  server.RaftServerConfigKeys (ConfUtils.java:logGet(43)) - raft.server.watch.element-limit = 65536 (default)
2019-09-20 09:27:35,101 [fd3cd5f9-4f1c-43ea-91b1-b85a1f6c3825-SegmentedRaftLogWorker:Storage Directory /workdir/hadoop-ozone/integration-test/target/test-dir/MiniOzoneClusterImpl-a33d77e5-464b-4d19-8e6b-a171e580bf0e/datanode-1/data/ratis/5783aec1-b66d-4623-9dbc-eb58816d2005] INFO  segmented.SegmentedRaftLogWorker (SegmentedRaftLogWorker.java:close(228)) - fd3cd5f9-4f1c-43ea-91b1-b85a1f6c3825-SegmentedRaftLogWorker:Storage Directory /workdir/hadoop-ozone/integration-test/target/test-dir/MiniOzoneClusterImpl-a33d77e5-464b-4d19-8e6b-a171e580bf0e/datanode-1/data/ratis/5783aec1-b66d-4623-9dbc-eb58816d2005 close()
2019-09-20 09:27:35,101 [02b93e76-e4c6-4b67-b8a4-c536d9ab7224-SegmentedRaftLogWorker:Storage Directory /workdir/hadoop-ozone/integration-test/target/test-dir/MiniOzoneClusterImpl-a33d77e5-464b-4d19-8e6b-a171e580bf0e/datanode-0/data/ratis/b6ab1b95-97f0-40b4-82ec-58fac97adbbf] INFO  segmented.SegmentedRaftLogWorker (SegmentedRaftLogWorker.java:close(228)) - 02b93e76-e4c6-4b67-b8a4-c536d9ab7224-SegmentedRaftLogWorker:Storage Directory /workdir/hadoop-ozone/integration-test/target/test-dir/MiniOzoneClusterImpl-a33d77e5-464b-4d19-8e6b-a171e580bf0e/datanode-0/data/ratis/b6ab1b95-97f0-40b4-82ec-58fac97adbbf close()
2019-09-20 09:27:35,101 [4840c00f-91d3-4881-a20b-4d0486ca97c0:group-6A1D135D282F:LeaderElection178] INFO  server.RaftServerConfigKeys (ConfUtils.java:logGet(43)) - raft.server.watch.element-limit = 65536 (default)
2019-09-20 09:27:35,100 [4840c00f-91d3-4881-a20b-4d0486ca97c0:group-30E84BEB43D3:LeaderElection173] INFO  server.RaftServerConfigKeys (ConfUtils.java:logGet(43)) - raft.server.watch.element-limit = 65536 (default)
2019-09-20 09:27:35,100 [EventQueue-PipelineActionsForPipelineActionHandler] INFO  pipeline.SCMPipelineManager (SCMPipelineManager.java:finalizeAndDestroyPipeline(311)) - destroying pipeline:Pipeline[ Id: c7f74498-9bf5-4c81-b684-4f3b7e02669b, Nodes: 02b93e76-e4c6-4b67-b8a4-c536d9ab7224{ip: 192.168.36.99, host: pr-hdds-1569-p5fx8-1226042367, networkLocation: /default-rack, certSerialId: null}, Type:RATIS, Factor:ONE, State:OPEN]
2019-09-20 09:27:35,698 [4840c00f-91d3-4881-a20b-4d0486ca97c0:group-30E84BEB43D3:LeaderElection173] INFO  impl.RoleInfo (RoleInfo.java:updateAndGet(143)) - 4840c00f-91d3-4881-a20b-4d0486ca97c0: start LeaderState
2019-09-20 09:27:35,697 [4840c00f-91d3-4881-a20b-4d0486ca97c0:group-6A1D135D282F:LeaderElection178] INFO  impl.RoleInfo (RoleInfo.java:updateAndGet(143)) - 4840c00f-91d3-4881-a20b-4d0486ca97c0: start LeaderState
2019-09-20 09:27:35,698 [4840c00f-91d3-4881-a20b-4d0486ca97c0:group-30E84BEB43D3:LeaderElection173] INFO  segmented.SegmentedRaftLogWorker (SegmentedRaftLogWorker.java:startLogSegment(380)) - 4840c00f-91d3-4881-a20b-4d0486ca97c0-SegmentedRaftLogWorker:Storage Directory /workdir/hadoop-ozone/integration-test/target/test-dir/MiniOzoneClusterImpl-a33d77e5-464b-4d19-8e6b-a171e580bf0e/datanode-3/data/ratis/d3d8540d-b9c1-4368-a278-30e84beb43d3: Starting segment from index:0
2019-09-20 09:27:35,697 [4840c00f-91d3-4881-a20b-4d0486ca97c0:group-746BFFF34F3B:LeaderElection174] INFO  impl.RoleInfo (RoleInfo.java:updateAndGet(143)) - 4840c00f-91d3-4881-a20b-4d0486ca97c0: start LeaderState
2019-09-20 09:27:35,697 [fd3cd5f9-4f1c-43ea-91b1-b85a1f6c3825:group-599E264902A2:LeaderElection176] INFO  segmented.SegmentedRaftLogWorker (SegmentedRaftLogWorker.java:startLogSegment(380)) - fd3cd5f9-4f1c-43ea-91b1-b85a1f6c3825-SegmentedRaftLogWorker:Storage Directory /workdir/hadoop-ozone/integration-test/target/test-dir/MiniOzoneClusterImpl-a33d77e5-464b-4d19-8e6b-a171e580bf0e/datanode-1/data/ratis/f7af0423-ab68-4a8b-a360-599e264902a2: Starting segment from index:0
2019-09-20 09:27:35,699 [4840c00f-91d3-4881-a20b-4d0486ca97c0:group-30E84BEB43D3:LeaderElection173] INFO  impl.RaftServerImpl (ServerState.java:setRaftConf(361)) - 4840c00f-91d3-4881-a20b-4d0486ca97c0:group-30E84BEB43D3 set configuration 0: [4840c00f-91d3-4881-a20b-4d0486ca97c0:192.168.36.99:41473], old=null at 0
2019-09-20 09:27:35,696 [fd3cd5f9-4f1c-43ea-91b1-b85a1f6c3825:group-E6A3E0DD5830:LeaderElection180] INFO  server.RaftServerConfigKeys (ConfUtils.java:logGet(43)) - raft.server.watch.timeout.denomination = 1s (default)
2019-09-20 09:27:35,696 [dc7f40a9-6782-42c4-abab-c6b1682da047:group-5EBA6C781592:LeaderElection179] INFO  server.RaftServerConfigKeys (ConfUtils.java:logGet(43)) - raft.server.watch.timeout = 10s (default)
2019-09-20 09:27:35,696 [4840c00f-91d3-4881-a20b-4d0486ca97c0-SegmentedRaftLogWorker:Storage Directory /workdir/hadoop-ozone/integration-test/target/test-dir/MiniOzoneClusterImpl-a33d77e5-464b-4d19-8e6b-a171e580bf0e/datanode-3/data/ratis/d51cfc95-825d-428a-b395-5f54fd10fdf3] INFO  impl.RaftServerImpl (RaftServerImpl.java:lambda$shutdown$3(245)) - 4840c00f-91d3-4881-a20b-4d0486ca97c0: shutdown group-5F54FD10FDF3
2019-09-20 09:27:35,695 [fd3cd5f9-4f1c-43ea-91b1-b85a1f6c3825:group-15826A721196:LeaderElection182] INFO  impl.RoleInfo (RoleInfo.java:shutdownLeaderElection(134)) - fd3cd5f9-4f1c-43ea-91b1-b85a1f6c3825: shutdown LeaderElection
2019-09-20 09:27:35,695 [fd3cd5f9-4f1c-43ea-91b1-b85a1f6c3825-SegmentedRaftLogWorker:Storage Directory /workdir/hadoop-ozone/integration-test/target/test-dir/MiniOzoneClusterImpl-a33d77e5-464b-4d19-8e6b-a171e580bf0e/datanode-1/data/ratis/bc8d2ded-e978-4450-88bf-cb71ec238721] INFO  segmented.SegmentedRaftLogWorker (SegmentedRaftLogWorker.java:close(228)) - fd3cd5f9-4f1c-43ea-91b1-b85a1f6c3825-SegmentedRaftLogWorker:Storage Directory /workdir/hadoop-ozone/integration-test/target/test-dir/MiniOzoneClusterImpl-a33d77e5-464b-4d19-8e6b-a171e580bf0e/datanode-1/data/ratis/bc8d2ded-e978-4450-88bf-cb71ec238721 close()
2019-09-20 09:27:35,695 [fd3cd5f9-4f1c-43ea-91b1-b85a1f6c3825:group-449CD00D9C0A:LeaderElection181] INFO  impl.RoleInfo (RoleInfo.java:shutdownLeaderElection(134)) - fd3cd5f9-4f1c-43ea-91b1-b85a1f6c3825: shutdown LeaderElection
2019-09-20 09:27:36,167 [fd3cd5f9-4f1c-43ea-91b1-b85a1f6c3825:group-449CD00D9C0A:LeaderElection181] INFO  impl.RaftServerImpl (RaftServerImpl.java:setRole(171)) - fd3cd5f9-4f1c-43ea-91b1-b85a1f6c3825:group-449CD00D9C0A changes role from CANDIDATE to LEADER at term 1 for changeToLeader
2019-09-20 09:27:35,695 [fd3cd5f9-4f1c-43ea-91b1-b85a1f6c3825:group-851D3F2D4801:LeaderElection177] INFO  impl.RoleInfo (RoleInfo.java:updateAndGet(143)) - fd3cd5f9-4f1c-43ea-91b1-b85a1f6c3825: start LeaderState
2019-09-20 09:27:35,695 [492ed782-6ab3-4ad9-945e-06def6ac7c96:group-27E0CBF426EB:LeaderElection183] INFO  impl.LeaderElection (LeaderElection.java:askForVotes(181)) - 492ed782-6ab3-4ad9-945e-06def6ac7c96:group-27E0CBF426EB:LeaderElection183: begin an election at term 1 for -1: [492ed782-6ab3-4ad9-945e-06def6ac7c96:192.168.36.99:32835], old=null
2019-09-20 09:27:35,695 [871e6485-c22a-483f-9e07-d19e754685be:group-D8E17CA343EE:LeaderElection175] INFO  impl.RaftServerImpl (ServerState.java:setRaftConf(361)) - 871e6485-c22a-483f-9e07-d19e754685be:group-D8E17CA343EE set configuration 0: [871e6485-c22a-483f-9e07-d19e754685be:192.168.36.99:41076], old=null at 0
2019-09-20 09:27:35,425 [pool-27-thread-1] INFO  server.RaftServerConfigKeys (ConfUtils.java:logGet(43)) - raft.server.log.statemachine.data.sync.timeout = 10s (default)
2019-09-20 09:27:35,425 [pool-60-thread-1] INFO  server.RaftServerConfigKeys (ConfUtils.java:logGet(43)) - raft.server.log.statemachine.data.sync = true (default)
2019-09-20 09:27:35,424 [pool-49-thread-1] INFO  server.RaftServerConfigKeys (ConfUtils.java:logGet(43)) - raft.server.log.statemachine.data.sync.timeout = 10s (default)
2019-09-20 09:27:36,168 [pool-60-thread-1] INFO  server.RaftServerConfigKeys (ConfUtils.java:logGet(43)) - raft.server.log.statemachine.data.sync.timeout = 10s (default)
2019-09-20 09:27:36,169 [pool-60-thread-1] INFO  server.RaftServerConfigKeys (ConfUtils.java:logGet(43)) - raft.server.log.statemachine.data.sync.timeout.retry = -1 (default)
2019-09-20 09:27:36,168 [pool-27-thread-1] INFO  server.RaftServerConfigKeys (ConfUtils.java:logGet(43)) - raft.server.log.statemachine.data.sync.timeout.retry = -1 (default)
2019-09-20 09:27:36,168 [492ed782-6ab3-4ad9-945e-06def6ac7c96:group-27E0CBF426EB:LeaderElection183] INFO  impl.RoleInfo (RoleInfo.java:shutdownLeaderElection(134)) - 492ed782-6ab3-4ad9-945e-06def6ac7c96: shutdown LeaderElection
2019-09-20 09:27:36,169 [492ed782-6ab3-4ad9-945e-06def6ac7c96:group-27E0CBF426EB:LeaderElection183] INFO  impl.RaftServerImpl (RaftServerImpl.java:setRole(171)) - 492ed782-6ab3-4ad9-945e-06def6ac7c96:group-27E0CBF426EB changes role from CANDIDATE to LEADER at term 1 for changeToLeader
2019-09-20 09:27:36,168 [fd3cd5f9-4f1c-43ea-91b1-b85a1f6c3825:group-851D3F2D4801:LeaderElection177] INFO  segmented.SegmentedRaftLogWorker (SegmentedRaftLogWorker.java:startLogSegment(380)) - fd3cd5f9-4f1c-43ea-91b1-b85a1f6c3825-SegmentedRaftLogWorker:Storage Directory /workdir/hadoop-ozone/integration-test/target/test-dir/MiniOzoneClusterImpl-a33d77e5-464b-4d19-8e6b-a171e580bf0e/datanode-1/data/ratis/e4cf8645-d997-4e3d-812b-851d3f2d4801: Starting segment from index:0
2019-09-20 09:27:36,167 [fd3cd5f9-4f1c-43ea-91b1-b85a1f6c3825:group-449CD00D9C0A:LeaderElection181] INFO  impl.RaftServerImpl (ServerState.java:setLeader(263)) - fd3cd5f9-4f1c-43ea-91b1-b85a1f6c3825:group-449CD00D9C0A change Leader from null to fd3cd5f9-4f1c-43ea-91b1-b85a1f6c3825 at term 1 for becomeLeader, leader elected after 15571ms
2019-09-20 09:27:36,167 [fd3cd5f9-4f1c-43ea-91b1-b85a1f6c3825:group-15826A721196:LeaderElection182] INFO  impl.RaftServerImpl (RaftServerImpl.java:setRole(171)) - fd3cd5f9-4f1c-43ea-91b1-b85a1f6c3825:group-15826A721196 changes role from CANDIDATE to LEADER at term 1 for changeToLeader
2019-09-20 09:27:36,170 [fd3cd5f9-4f1c-43ea-91b1-b85a1f6c3825:group-15826A721196:LeaderElection182] INFO  impl.RaftServerImpl (ServerState.java:setLeader(263)) - fd3cd5f9-4f1c-43ea-91b1-b85a1f6c3825:group-15826A721196 change Leader from null to fd3cd5f9-4f1c-43ea-91b1-b85a1f6c3825 at term 1 for becomeLeader, leader elected after 19054ms
2019-09-20 09:27:36,167 [4840c00f-91d3-4881-a20b-4d0486ca97c0-SegmentedRaftLogWorker:Storage Directory /workdir/hadoop-ozone/integration-test/target/test-dir/MiniOzoneClusterImpl-a33d77e5-464b-4d19-8e6b-a171e580bf0e/datanode-3/data/ratis/d51cfc95-825d-428a-b395-5f54fd10fdf3] INFO  util.JmxRegister (JmxRegister.java:unregister(73)) - Successfully un-registered JMX Bean with object name Ratis:service=RaftServer,group=group-5F54FD10FDF3,id=4840c00f-91d3-4881-a20b-4d0486ca97c0
2019-09-20 09:27:36,170 [4840c00f-91d3-4881-a20b-4d0486ca97c0-SegmentedRaftLogWorker:Storage Directory /workdir/hadoop-ozone/integration-test/target/test-dir/MiniOzoneClusterImpl-a33d77e5-464b-4d19-8e6b-a171e580bf0e/datanode-3/data/ratis/d51cfc95-825d-428a-b395-5f54fd10fdf3] INFO  impl.RoleInfo (RoleInfo.java:shutdownLeaderState(104)) - 4840c00f-91d3-4881-a20b-4d0486ca97c0: shutdown LeaderState
2019-09-20 09:27:36,166 [dc7f40a9-6782-42c4-abab-c6b1682da047:group-5EBA6C781592:LeaderElection179] INFO  server.RaftServerConfigKeys (ConfUtils.java:logGet(43)) - raft.server.watch.timeout.denomination = 1s (default)
2019-09-20 09:27:36,430 | INFO  | SCMAudit | user=jenkins1000 | ip=192.168.36.99 | op=SEND_HEARTBEAT {datanodeUUID=dc7f40a9-6782-42c4-abab-c6b1682da047, command=[]} | ret=SUCCESS |  
2019-09-20 09:27:36,430 | INFO  | SCMAudit | user=jenkins1000 | ip=192.168.36.99 | op=SEND_HEARTBEAT {datanodeUUID=871e6485-c22a-483f-9e07-d19e754685be, command=[]} | ret=SUCCESS |  
2019-09-20 09:27:36,166 [fd3cd5f9-4f1c-43ea-91b1-b85a1f6c3825:group-E6A3E0DD5830:LeaderElection180] INFO  server.RaftServerConfigKeys (ConfUtils.java:logGet(43)) - raft.server.watch.element-limit = 65536 (default)
2019-09-20 09:27:36,166 [fd3cd5f9-4f1c-43ea-91b1-b85a1f6c3825:group-599E264902A2:LeaderElection176] INFO  impl.RaftServerImpl (ServerState.java:setRaftConf(361)) - fd3cd5f9-4f1c-43ea-91b1-b85a1f6c3825:group-599E264902A2 set configuration 0: [fd3cd5f9-4f1c-43ea-91b1-b85a1f6c3825:192.168.36.99:39114], old=null at 0
2019-09-20 09:27:36,430 | INFO  | SCMAudit | user=jenkins1000 | ip=192.168.36.99 | op=SEND_HEARTBEAT {datanodeUUID=02b93e76-e4c6-4b67-b8a4-c536d9ab7224, command=[]} | ret=SUCCESS |  
2019-09-20 09:27:36,430 | INFO  | SCMAudit | user=jenkins1000 | ip=192.168.36.99 | op=SEND_HEARTBEAT {datanodeUUID=492ed782-6ab3-4ad9-945e-06def6ac7c96, command=[]} | ret=SUCCESS |  
2019-09-20 09:27:36,166 [492ed782-6ab3-4ad9-945e-06def6ac7c96-SegmentedRaftLogWorker:Storage Directory /workdir/hadoop-ozone/integration-test/target/test-dir/MiniOzoneClusterImpl-a33d77e5-464b-4d19-8e6b-a171e580bf0e/datanode-2/data/ratis/62533bd2-c15a-4bde-be31-52124656e3bd] ERROR segmented.SegmentedRaftLogWorker (SegmentedRaftLogWorker.java:run(323)) - 492ed782-6ab3-4ad9-945e-06def6ac7c96-SegmentedRaftLogWorker:Storage Directory /workdir/hadoop-ozone/integration-test/target/test-dir/MiniOzoneClusterImpl-a33d77e5-464b-4d19-8e6b-a171e580bf0e/datanode-2/data/ratis/62533bd2-c15a-4bde-be31-52124656e3bd hit exception
java.lang.OutOfMemoryError: Direct buffer memory
	at java.nio.Bits.reserveMemory(Bits.java:666)
	at java.nio.DirectByteBuffer.<init>(DirectByteBuffer.java:123)
	at java.nio.ByteBuffer.allocateDirect(ByteBuffer.java:311)
	at org.apache.ratis.server.raftlog.segmented.BufferedWriteChannel.<init>(BufferedWriteChannel.java:41)
	at org.apache.ratis.server.raftlog.segmented.SegmentedRaftLogOutputStream.<init>(SegmentedRaftLogOutputStream.java:72)
	at org.apache.ratis.server.raftlog.segmented.SegmentedRaftLogWorker$StartLogSegment.execute(SegmentedRaftLogWorker.java:566)
	at org.apache.ratis.server.raftlog.segmented.SegmentedRaftLogWorker.run(SegmentedRaftLogWorker.java:289)
	at java.lang.Thread.run(Thread.java:748)
2019-09-20 09:27:36,166 [871e6485-c22a-483f-9e07-d19e754685be-SegmentedRaftLogWorker:Storage Directory /workdir/hadoop-ozone/integration-test/target/test-dir/MiniOzoneClusterImpl-a33d77e5-464b-4d19-8e6b-a171e580bf0e/datanode-4/data/ratis/a840d96c-a876-4676-9538-3b4b35c05cd0] ERROR segmented.SegmentedRaftLogWorker (SegmentedRaftLogWorker.java:run(323)) - 871e6485-c22a-483f-9e07-d19e754685be-SegmentedRaftLogWorker:Storage Directory /workdir/hadoop-ozone/integration-test/target/test-dir/MiniOzoneClusterImpl-a33d77e5-464b-4d19-8e6b-a171e580bf0e/datanode-4/data/ratis/a840d96c-a876-4676-9538-3b4b35c05cd0 hit exception
java.lang.OutOfMemoryError: Direct buffer memory
	at java.nio.Bits.reserveMemory(Bits.java:666)
	at java.nio.DirectByteBuffer.<init>(DirectByteBuffer.java:123)
	at java.nio.ByteBuffer.allocateDirect(ByteBuffer.java:311)
	at org.apache.ratis.server.raftlog.segmented.BufferedWriteChannel.<init>(BufferedWriteChannel.java:41)
	at org.apache.ratis.server.raftlog.segmented.SegmentedRaftLogOutputStream.<init>(SegmentedRaftLogOutputStream.java:72)
	at org.apache.ratis.server.raftlog.segmented.SegmentedRaftLogWorker$StartLogSegment.execute(SegmentedRaftLogWorker.java:566)
	at org.apache.ratis.server.raftlog.segmented.SegmentedRaftLogWorker.run(SegmentedRaftLogWorker.java:289)
	at java.lang.Thread.run(Thread.java:748)
2019-09-20 09:27:36,166 [fd3cd5f9-4f1c-43ea-91b1-b85a1f6c3825-SegmentedRaftLogWorker:Storage Directory /workdir/hadoop-ozone/integration-test/target/test-dir/MiniOzoneClusterImpl-a33d77e5-464b-4d19-8e6b-a171e580bf0e/datanode-1/data/ratis/8ccfdf9b-bec8-456f-91e9-9538580c016c] ERROR segmented.SegmentedRaftLogWorker (SegmentedRaftLogWorker.java:run(323)) - fd3cd5f9-4f1c-43ea-91b1-b85a1f6c3825-SegmentedRaftLogWorker:Storage Directory /workdir/hadoop-ozone/integration-test/target/test-dir/MiniOzoneClusterImpl-a33d77e5-464b-4d19-8e6b-a171e580bf0e/datanode-1/data/ratis/8ccfdf9b-bec8-456f-91e9-9538580c016c hit exception
java.lang.OutOfMemoryError: Direct buffer memory
	at java.nio.Bits.reserveMemory(Bits.java:666)
	at java.nio.DirectByteBuffer.<init>(DirectByteBuffer.java:123)
	at java.nio.ByteBuffer.allocateDirect(ByteBuffer.java:311)
	at org.apache.ratis.server.raftlog.segmented.BufferedWriteChannel.<init>(BufferedWriteChannel.java:41)
	at org.apache.ratis.server.raftlog.segmented.SegmentedRaftLogOutputStream.<init>(SegmentedRaftLogOutputStream.java:72)
	at org.apache.ratis.server.raftlog.segmented.SegmentedRaftLogWorker$StartLogSegment.execute(SegmentedRaftLogWorker.java:566)
	at org.apache.ratis.server.raftlog.segmented.SegmentedRaftLogWorker.run(SegmentedRaftLogWorker.java:289)
	at java.lang.Thread.run(Thread.java:748)
2019-09-20 09:27:36,431 [fd3cd5f9-4f1c-43ea-91b1-b85a1f6c3825-SegmentedRaftLogWorker:Storage Directory /workdir/hadoop-ozone/integration-test/target/test-dir/MiniOzoneClusterImpl-a33d77e5-464b-4d19-8e6b-a171e580bf0e/datanode-1/data/ratis/8ccfdf9b-bec8-456f-91e9-9538580c016c] INFO  impl.RaftServerImpl (RaftServerImpl.java:lambda$shutdown$3(245)) - fd3cd5f9-4f1c-43ea-91b1-b85a1f6c3825: shutdown group-9538580C016C
2019-09-20 09:27:35,698 [4840c00f-91d3-4881-a20b-4d0486ca97c0:group-746BFFF34F3B:LeaderElection174] INFO  segmented.SegmentedRaftLogWorker (SegmentedRaftLogWorker.java:startLogSegment(380)) - 4840c00f-91d3-4881-a20b-4d0486ca97c0-SegmentedRaftLogWorker:Storage Directory /workdir/hadoop-ozone/integration-test/target/test-dir/MiniOzoneClusterImpl-a33d77e5-464b-4d19-8e6b-a171e580bf0e/datanode-3/data/ratis/d9b560f2-a46e-4e98-97ad-746bfff34f3b: Starting segment from index:0
2019-09-20 09:27:35,698 [EventQueue-PipelineActionsForPipelineActionHandler] INFO  pipeline.PipelineStateManager (PipelineStateManager.java:finalizePipeline(123)) - Pipeline Pipeline[ Id: c7f74498-9bf5-4c81-b684-4f3b7e02669b, Nodes: 02b93e76-e4c6-4b67-b8a4-c536d9ab7224{ip: 192.168.36.99, host: pr-hdds-1569-p5fx8-1226042367, networkLocation: /default-rack, certSerialId: null}, Type:RATIS, Factor:ONE, State:CLOSED] moved to CLOSED state
2019-09-20 09:27:35,698 [4840c00f-91d3-4881-a20b-4d0486ca97c0:group-6A1D135D282F:LeaderElection178] INFO  segmented.SegmentedRaftLogWorker (SegmentedRaftLogWorker.java:startLogSegment(380)) - 4840c00f-91d3-4881-a20b-4d0486ca97c0-SegmentedRaftLogWorker:Storage Directory /workdir/hadoop-ozone/integration-test/target/test-dir/MiniOzoneClusterImpl-a33d77e5-464b-4d19-8e6b-a171e580bf0e/datanode-3/data/ratis/426cee1f-5211-40e9-a944-6a1d135d282f: Starting segment from index:0
2019-09-20 09:27:36,432 [4840c00f-91d3-4881-a20b-4d0486ca97c0:group-746BFFF34F3B:LeaderElection174] INFO  impl.RaftServerImpl (ServerState.java:setRaftConf(361)) - 4840c00f-91d3-4881-a20b-4d0486ca97c0:group-746BFFF34F3B set configuration 0: [4840c00f-91d3-4881-a20b-4d0486ca97c0:192.168.36.99:41473], old=null at 0
2019-09-20 09:27:36,432 [fd3cd5f9-4f1c-43ea-91b1-b85a1f6c3825-SegmentedRaftLogWorker:Storage Directory /workdir/hadoop-ozone/integration-test/target/test-dir/MiniOzoneClusterImpl-a33d77e5-464b-4d19-8e6b-a171e580bf0e/datanode-1/data/ratis/8ccfdf9b-bec8-456f-91e9-9538580c016c] INFO  util.JmxRegister (JmxRegister.java:unregister(73)) - Successfully un-registered JMX Bean with object name Ratis:service=RaftServer,group=group-9538580C016C,id=fd3cd5f9-4f1c-43ea-91b1-b85a1f6c3825
2019-09-20 09:27:36,431 [871e6485-c22a-483f-9e07-d19e754685be-SegmentedRaftLogWorker:Storage Directory /workdir/hadoop-ozone/integration-test/target/test-dir/MiniOzoneClusterImpl-a33d77e5-464b-4d19-8e6b-a171e580bf0e/datanode-4/data/ratis/a840d96c-a876-4676-9538-3b4b35c05cd0] INFO  impl.RaftServerImpl (RaftServerImpl.java:lambda$shutdown$3(245)) - 871e6485-c22a-483f-9e07-d19e754685be: shutdown group-3B4B35C05CD0
2019-09-20 09:27:36,431 [492ed782-6ab3-4ad9-945e-06def6ac7c96-SegmentedRaftLogWorker:Storage Directory /workdir/hadoop-ozone/integration-test/target/test-dir/MiniOzoneClusterImpl-a33d77e5-464b-4d19-8e6b-a171e580bf0e/datanode-2/data/ratis/62533bd2-c15a-4bde-be31-52124656e3bd] INFO  impl.RaftServerImpl (RaftServerImpl.java:lambda$shutdown$3(245)) - 492ed782-6ab3-4ad9-945e-06def6ac7c96: shutdown group-52124656E3BD
2019-09-20 09:27:36,430 [fd3cd5f9-4f1c-43ea-91b1-b85a1f6c3825:group-E6A3E0DD5830:LeaderElection180] INFO  impl.RoleInfo (RoleInfo.java:updateAndGet(143)) - fd3cd5f9-4f1c-43ea-91b1-b85a1f6c3825: start LeaderState
2019-09-20 09:27:36,430 [dc7f40a9-6782-42c4-abab-c6b1682da047:group-5EBA6C781592:LeaderElection179] INFO  server.RaftServerConfigKeys (ConfUtils.java:logGet(43)) - raft.server.watch.element-limit = 65536 (default)
2019-09-20 09:27:36,430 [4840c00f-91d3-4881-a20b-4d0486ca97c0-SegmentedRaftLogWorker:Storage Directory /workdir/hadoop-ozone/integration-test/target/test-dir/MiniOzoneClusterImpl-a33d77e5-464b-4d19-8e6b-a171e580bf0e/datanode-3/data/ratis/d51cfc95-825d-428a-b395-5f54fd10fdf3] INFO  impl.PendingRequests (PendingRequests.java:sendNotLeaderResponses(202)) - 4840c00f-91d3-4881-a20b-4d0486ca97c0-PendingRequests: sendNotLeaderResponses
2019-09-20 09:27:36,429 [871e6485-c22a-483f-9e07-d19e754685be-SegmentedRaftLogWorker:Storage Directory /workdir/hadoop-ozone/integration-test/target/test-dir/MiniOzoneClusterImpl-a33d77e5-464b-4d19-8e6b-a171e580bf0e/datanode-4/data/ratis/db4f1239-84a1-4282-98b1-919889fff3b7] ERROR segmented.SegmentedRaftLogWorker (SegmentedRaftLogWorker.java:run(323)) - 871e6485-c22a-483f-9e07-d19e754685be-SegmentedRaftLogWorker:Storage Directory /workdir/hadoop-ozone/integration-test/target/test-dir/MiniOzoneClusterImpl-a33d77e5-464b-4d19-8e6b-a171e580bf0e/datanode-4/data/ratis/db4f1239-84a1-4282-98b1-919889fff3b7 hit exception
java.lang.OutOfMemoryError: Direct buffer memory
	at java.nio.Bits.reserveMemory(Bits.java:666)
	at java.nio.DirectByteBuffer.<init>(DirectByteBuffer.java:123)
	at java.nio.ByteBuffer.allocateDirect(ByteBuffer.java:311)
	at org.apache.ratis.server.raftlog.segmented.BufferedWriteChannel.<init>(BufferedWriteChannel.java:41)
	at org.apache.ratis.server.raftlog.segmented.SegmentedRaftLogOutputStream.<init>(SegmentedRaftLogOutputStream.java:72)
	at org.apache.ratis.server.raftlog.segmented.SegmentedRaftLogWorker$StartLogSegment.execute(SegmentedRaftLogWorker.java:566)
	at org.apache.ratis.server.raftlog.segmented.SegmentedRaftLogWorker.run(SegmentedRaftLogWorker.java:289)
	at java.lang.Thread.run(Thread.java:748)
2019-09-20 09:27:36,881 [871e6485-c22a-483f-9e07-d19e754685be-SegmentedRaftLogWorker:Storage Directory /workdir/hadoop-ozone/integration-test/target/test-dir/MiniOzoneClusterImpl-a33d77e5-464b-4d19-8e6b-a171e580bf0e/datanode-4/data/ratis/db4f1239-84a1-4282-98b1-919889fff3b7] INFO  impl.RaftServerImpl (RaftServerImpl.java:lambda$shutdown$3(245)) - 871e6485-c22a-483f-9e07-d19e754685be: shutdown group-919889FFF3B7
2019-09-20 09:27:36,429 [fd3cd5f9-4f1c-43ea-91b1-b85a1f6c3825-SegmentedRaftLogWorker:Storage Directory /workdir/hadoop-ozone/integration-test/target/test-dir/MiniOzoneClusterImpl-a33d77e5-464b-4d19-8e6b-a171e580bf0e/datanode-1/data/ratis/27185215-8000-4c0c-93d0-efba38e2d881] ERROR segmented.SegmentedRaftLogWorker (SegmentedRaftLogWorker.java:run(323)) - fd3cd5f9-4f1c-43ea-91b1-b85a1f6c3825-SegmentedRaftLogWorker:Storage Directory /workdir/hadoop-ozone/integration-test/target/test-dir/MiniOzoneClusterImpl-a33d77e5-464b-4d19-8e6b-a171e580bf0e/datanode-1/data/ratis/27185215-8000-4c0c-93d0-efba38e2d881 hit exception
java.lang.OutOfMemoryError: Direct buffer memory
	at java.nio.Bits.reserveMemory(Bits.java:666)
	at java.nio.DirectByteBuffer.<init>(DirectByteBuffer.java:123)
	at java.nio.ByteBuffer.allocateDirect(ByteBuffer.java:311)
	at org.apache.ratis.server.raftlog.segmented.BufferedWriteChannel.<init>(BufferedWriteChannel.java:41)
	at org.apache.ratis.server.raftlog.segmented.SegmentedRaftLogOutputStream.<init>(SegmentedRaftLogOutputStream.java:72)
	at org.apache.ratis.server.raftlog.segmented.SegmentedRaftLogWorker$StartLogSegment.execute(SegmentedRaftLogWorker.java:566)
	at org.apache.ratis.server.raftlog.segmented.SegmentedRaftLogWorker.run(SegmentedRaftLogWorker.java:289)
	at java.lang.Thread.run(Thread.java:748)
2019-09-20 09:27:36,882 [fd3cd5f9-4f1c-43ea-91b1-b85a1f6c3825-SegmentedRaftLogWorker:Storage Directory /workdir/hadoop-ozone/integration-test/target/test-dir/MiniOzoneClusterImpl-a33d77e5-464b-4d19-8e6b-a171e580bf0e/datanode-1/data/ratis/27185215-8000-4c0c-93d0-efba38e2d881] INFO  impl.RaftServerImpl (RaftServerImpl.java:lambda$shutdown$3(245)) - fd3cd5f9-4f1c-43ea-91b1-b85a1f6c3825: shutdown group-EFBA38E2D881
2019-09-20 09:27:36,429 [871e6485-c22a-483f-9e07-d19e754685be-SegmentedRaftLogWorker:Storage Directory /workdir/hadoop-ozone/integration-test/target/test-dir/MiniOzoneClusterImpl-a33d77e5-464b-4d19-8e6b-a171e580bf0e/datanode-4/data/ratis/31a06ea6-73db-46fd-ab08-d16fdedc5ea7] ERROR segmented.SegmentedRaftLogWorker (SegmentedRaftLogWorker.java:run(323)) - 871e6485-c22a-483f-9e07-d19e754685be-SegmentedRaftLogWorker:Storage Directory /workdir/hadoop-ozone/integration-test/target/test-dir/MiniOzoneClusterImpl-a33d77e5-464b-4d19-8e6b-a171e580bf0e/datanode-4/data/ratis/31a06ea6-73db-46fd-ab08-d16fdedc5ea7 hit exception
java.lang.OutOfMemoryError: Direct buffer memory
	at java.nio.Bits.reserveMemory(Bits.java:666)
	at java.nio.DirectByteBuffer.<init>(DirectByteBuffer.java:123)
	at java.nio.ByteBuffer.allocateDirect(ByteBuffer.java:311)
	at org.apache.ratis.server.raftlog.segmented.BufferedWriteChannel.<init>(BufferedWriteChannel.java:41)
	at org.apache.ratis.server.raftlog.segmented.SegmentedRaftLogOutputStream.<init>(SegmentedRaftLogOutputStream.java:72)
	at org.apache.ratis.server.raftlog.segmented.SegmentedRaftLogWorker$StartLogSegment.execute(SegmentedRaftLogWorker.java:566)
	at org.apache.ratis.server.raftlog.segmented.SegmentedRaftLogWorker.run(SegmentedRaftLogWorker.java:289)
	at java.lang.Thread.run(Thread.java:748)
2019-09-20 09:27:36,882 [871e6485-c22a-483f-9e07-d19e754685be-SegmentedRaftLogWorker:Storage Directory /workdir/hadoop-ozone/integration-test/target/test-dir/MiniOzoneClusterImpl-a33d77e5-464b-4d19-8e6b-a171e580bf0e/datanode-4/data/ratis/31a06ea6-73db-46fd-ab08-d16fdedc5ea7] INFO  impl.RaftServerImpl (RaftServerImpl.java:lambda$shutdown$3(245)) - 871e6485-c22a-483f-9e07-d19e754685be: shutdown group-D16FDEDC5EA7
2019-09-20 09:27:36,170 [fd3cd5f9-4f1c-43ea-91b1-b85a1f6c3825:group-15826A721196:LeaderElection182] INFO  server.RaftServerConfigKeys (ConfUtils.java:logGet(43)) - raft.server.staging.catchup.gap = 1000 (default)
2019-09-20 09:27:36,170 [fd3cd5f9-4f1c-43ea-91b1-b85a1f6c3825:group-851D3F2D4801:LeaderElection177] INFO  impl.RaftServerImpl (ServerState.java:setRaftConf(361)) - fd3cd5f9-4f1c-43ea-91b1-b85a1f6c3825:group-851D3F2D4801 set configuration 0: [fd3cd5f9-4f1c-43ea-91b1-b85a1f6c3825:192.168.36.99:39114], old=null at 0
2019-09-20 09:27:36,169 [fd3cd5f9-4f1c-43ea-91b1-b85a1f6c3825:group-449CD00D9C0A:LeaderElection181] INFO  server.RaftServerConfigKeys (ConfUtils.java:logGet(43)) - raft.server.staging.catchup.gap = 1000 (default)
2019-09-20 09:27:36,883 [fd3cd5f9-4f1c-43ea-91b1-b85a1f6c3825:group-449CD00D9C0A:LeaderElection181] INFO  server.RaftServerConfigKeys (ConfUtils.java:logGet(43)) - raft.server.rpc.sleep.time = 25ms (default)
2019-09-20 09:27:36,169 [492ed782-6ab3-4ad9-945e-06def6ac7c96:group-27E0CBF426EB:LeaderElection183] INFO  impl.RaftServerImpl (ServerState.java:setLeader(263)) - 492ed782-6ab3-4ad9-945e-06def6ac7c96:group-27E0CBF426EB change Leader from null to 492ed782-6ab3-4ad9-945e-06def6ac7c96 at term 1 for becomeLeader, leader elected after 19171ms
2019-09-20 09:27:36,169 [pool-27-thread-1] INFO  server.RaftServerConfigKeys (ConfUtils.java:logGet(43)) - raft.server.log.statemachine.data.caching.enabled = true (custom)
2019-09-20 09:27:36,169 [pool-60-thread-1] INFO  server.RaftServerConfigKeys (ConfUtils.java:logGet(43)) - raft.server.log.statemachine.data.caching.enabled = true (custom)
2019-09-20 09:27:36,883 [pool-27-thread-1] INFO  segmented.SegmentedRaftLogWorker (SegmentedRaftLogWorker.java:lambda$new$0(132)) - 02b93e76-e4c6-4b67-b8a4-c536d9ab7224-SegmentedRaftLogWorker:Storage Directory /workdir/hadoop-ozone/integration-test/target/test-dir/MiniOzoneClusterImpl-a33d77e5-464b-4d19-8e6b-a171e580bf0e/datanode-0/data/ratis/3974e938-29d0-4d8c-b998-791f2ccb98aa: flushIndex: setUnconditionally 0 -> -1
2019-09-20 09:27:36,168 [pool-49-thread-1] INFO  server.RaftServerConfigKeys (ConfUtils.java:logGet(43)) - raft.server.log.statemachine.data.sync.timeout.retry = -1 (default)
2019-09-20 09:27:36,883 [pool-60-thread-1] INFO  segmented.SegmentedRaftLogWorker (SegmentedRaftLogWorker.java:lambda$new$0(132)) - 4840c00f-91d3-4881-a20b-4d0486ca97c0-SegmentedRaftLogWorker:Storage Directory /workdir/hadoop-ozone/integration-test/target/test-dir/MiniOzoneClusterImpl-a33d77e5-464b-4d19-8e6b-a171e580bf0e/datanode-3/data/ratis/3974e938-29d0-4d8c-b998-791f2ccb98aa: flushIndex: setUnconditionally 0 -> -1
2019-09-20 09:27:36,883 [492ed782-6ab3-4ad9-945e-06def6ac7c96:group-27E0CBF426EB:LeaderElection183] INFO  server.RaftServerConfigKeys (ConfUtils.java:logGet(43)) - raft.server.staging.catchup.gap = 1000 (default)
2019-09-20 09:27:36,883 [fd3cd5f9-4f1c-43ea-91b1-b85a1f6c3825:group-449CD00D9C0A:LeaderElection181] INFO  server.RaftServerConfigKeys (ConfUtils.java:logGet(43)) - raft.server.write.element-limit = 4096 (default)
2019-09-20 09:27:36,882 [fd3cd5f9-4f1c-43ea-91b1-b85a1f6c3825:group-15826A721196:LeaderElection182] INFO  server.RaftServerConfigKeys (ConfUtils.java:logGet(43)) - raft.server.rpc.sleep.time = 25ms (default)
2019-09-20 09:27:36,882 [871e6485-c22a-483f-9e07-d19e754685be-SegmentedRaftLogWorker:Storage Directory /workdir/hadoop-ozone/integration-test/target/test-dir/MiniOzoneClusterImpl-a33d77e5-464b-4d19-8e6b-a171e580bf0e/datanode-4/data/ratis/31a06ea6-73db-46fd-ab08-d16fdedc5ea7] INFO  util.JmxRegister (JmxRegister.java:unregister(73)) - Successfully un-registered JMX Bean with object name Ratis:service=RaftServer,group=group-D16FDEDC5EA7,id=871e6485-c22a-483f-9e07-d19e754685be
2019-09-20 09:27:36,882 [fd3cd5f9-4f1c-43ea-91b1-b85a1f6c3825-SegmentedRaftLogWorker:Storage Directory /workdir/hadoop-ozone/integration-test/target/test-dir/MiniOzoneClusterImpl-a33d77e5-464b-4d19-8e6b-a171e580bf0e/datanode-1/data/ratis/27185215-8000-4c0c-93d0-efba38e2d881] INFO  util.JmxRegister (JmxRegister.java:unregister(73)) - Successfully un-registered JMX Bean with object name Ratis:service=RaftServer,group=group-EFBA38E2D881,id=fd3cd5f9-4f1c-43ea-91b1-b85a1f6c3825
2019-09-20 09:27:36,885 [fd3cd5f9-4f1c-43ea-91b1-b85a1f6c3825-SegmentedRaftLogWorker:Storage Directory /workdir/hadoop-ozone/integration-test/target/test-dir/MiniOzoneClusterImpl-a33d77e5-464b-4d19-8e6b-a171e580bf0e/datanode-1/data/ratis/27185215-8000-4c0c-93d0-efba38e2d881] INFO  impl.RoleInfo (RoleInfo.java:shutdownLeaderState(104)) - fd3cd5f9-4f1c-43ea-91b1-b85a1f6c3825: shutdown LeaderState
2019-09-20 09:27:36,881 [871e6485-c22a-483f-9e07-d19e754685be-SegmentedRaftLogWorker:Storage Directory /workdir/hadoop-ozone/integration-test/target/test-dir/MiniOzoneClusterImpl-a33d77e5-464b-4d19-8e6b-a171e580bf0e/datanode-4/data/ratis/db4f1239-84a1-4282-98b1-919889fff3b7] INFO  util.JmxRegister (JmxRegister.java:unregister(73)) - Successfully un-registered JMX Bean with object name Ratis:service=RaftServer,group=group-919889FFF3B7,id=871e6485-c22a-483f-9e07-d19e754685be
2019-09-20 09:27:36,885 [871e6485-c22a-483f-9e07-d19e754685be-SegmentedRaftLogWorker:Storage Directory /workdir/hadoop-ozone/integration-test/target/test-dir/MiniOzoneClusterImpl-a33d77e5-464b-4d19-8e6b-a171e580bf0e/datanode-4/data/ratis/db4f1239-84a1-4282-98b1-919889fff3b7] INFO  impl.RoleInfo (RoleInfo.java:shutdownLeaderState(104)) - 871e6485-c22a-483f-9e07-d19e754685be: shutdown LeaderState
2019-09-20 09:27:36,881 [4840c00f-91d3-4881-a20b-4d0486ca97c0-SegmentedRaftLogWorker:Storage Directory /workdir/hadoop-ozone/integration-test/target/test-dir/MiniOzoneClusterImpl-a33d77e5-464b-4d19-8e6b-a171e580bf0e/datanode-3/data/ratis/d51cfc95-825d-428a-b395-5f54fd10fdf3] INFO  impl.StateMachineUpdater (StateMachineUpdater.java:stopAndJoin(115)) - StateMachineUpdater:4840c00f-91d3-4881-a20b-4d0486ca97c0:group-5F54FD10FDF3: set stopIndex = -1
2019-09-20 09:27:36,881 [dc7f40a9-6782-42c4-abab-c6b1682da047:group-5EBA6C781592:LeaderElection179] INFO  impl.RoleInfo (RoleInfo.java:updateAndGet(143)) - dc7f40a9-6782-42c4-abab-c6b1682da047: start LeaderState
2019-09-20 09:27:36,881 [fd3cd5f9-4f1c-43ea-91b1-b85a1f6c3825:group-E6A3E0DD5830:LeaderElection180] INFO  segmented.SegmentedRaftLogWorker (SegmentedRaftLogWorker.java:startLogSegment(380)) - fd3cd5f9-4f1c-43ea-91b1-b85a1f6c3825-SegmentedRaftLogWorker:Storage Directory /workdir/hadoop-ozone/integration-test/target/test-dir/MiniOzoneClusterImpl-a33d77e5-464b-4d19-8e6b-a171e580bf0e/datanode-1/data/ratis/337514f6-077d-456e-9709-e6a3e0dd5830: Starting segment from index:0
2019-09-20 09:27:36,880 [492ed782-6ab3-4ad9-945e-06def6ac7c96-SegmentedRaftLogWorker:Storage Directory /workdir/hadoop-ozone/integration-test/target/test-dir/MiniOzoneClusterImpl-a33d77e5-464b-4d19-8e6b-a171e580bf0e/datanode-2/data/ratis/62533bd2-c15a-4bde-be31-52124656e3bd] INFO  util.JmxRegister (JmxRegister.java:unregister(73)) - Successfully un-registered JMX Bean with object name Ratis:service=RaftServer,group=group-52124656E3BD,id=492ed782-6ab3-4ad9-945e-06def6ac7c96
2019-09-20 09:27:36,880 [871e6485-c22a-483f-9e07-d19e754685be-SegmentedRaftLogWorker:Storage Directory /workdir/hadoop-ozone/integration-test/target/test-dir/MiniOzoneClusterImpl-a33d77e5-464b-4d19-8e6b-a171e580bf0e/datanode-4/data/ratis/a840d96c-a876-4676-9538-3b4b35c05cd0] INFO  util.JmxRegister (JmxRegister.java:unregister(73)) - Successfully un-registered JMX Bean with object name Ratis:service=RaftServer,group=group-3B4B35C05CD0,id=871e6485-c22a-483f-9e07-d19e754685be
2019-09-20 09:27:36,886 [871e6485-c22a-483f-9e07-d19e754685be-SegmentedRaftLogWorker:Storage Directory /workdir/hadoop-ozone/integration-test/target/test-dir/MiniOzoneClusterImpl-a33d77e5-464b-4d19-8e6b-a171e580bf0e/datanode-4/data/ratis/a840d96c-a876-4676-9538-3b4b35c05cd0] INFO  impl.RoleInfo (RoleInfo.java:shutdownLeaderState(104)) - 871e6485-c22a-483f-9e07-d19e754685be: shutdown LeaderState
2019-09-20 09:27:36,880 [4840c00f-91d3-4881-a20b-4d0486ca97c0:group-6A1D135D282F:LeaderElection178] INFO  impl.RaftServerImpl (ServerState.java:setRaftConf(361)) - 4840c00f-91d3-4881-a20b-4d0486ca97c0:group-6A1D135D282F set configuration 0: [4840c00f-91d3-4881-a20b-4d0486ca97c0:192.168.36.99:41473], old=null at 0
2019-09-20 09:27:36,663 [fd3cd5f9-4f1c-43ea-91b1-b85a1f6c3825-SegmentedRaftLogWorker:Storage Directory /workdir/hadoop-ozone/integration-test/target/test-dir/MiniOzoneClusterImpl-a33d77e5-464b-4d19-8e6b-a171e580bf0e/datanode-1/data/ratis/8ccfdf9b-bec8-456f-91e9-9538580c016c] INFO  impl.RoleInfo (RoleInfo.java:shutdownLeaderState(104)) - fd3cd5f9-4f1c-43ea-91b1-b85a1f6c3825: shutdown LeaderState
2019-09-20 09:27:37,184 [fd3cd5f9-4f1c-43ea-91b1-b85a1f6c3825:group-E6A3E0DD5830:LeaderElection180] INFO  impl.RaftServerImpl (ServerState.java:setRaftConf(361)) - fd3cd5f9-4f1c-43ea-91b1-b85a1f6c3825:group-E6A3E0DD5830 set configuration 0: [fd3cd5f9-4f1c-43ea-91b1-b85a1f6c3825:192.168.36.99:39114], old=null at 0
2019-09-20 09:27:36,886 [871e6485-c22a-483f-9e07-d19e754685be-SegmentedRaftLogWorker:Storage Directory /workdir/hadoop-ozone/integration-test/target/test-dir/MiniOzoneClusterImpl-a33d77e5-464b-4d19-8e6b-a171e580bf0e/datanode-4/data/ratis/a840d96c-a876-4676-9538-3b4b35c05cd0] INFO  impl.PendingRequests (PendingRequests.java:sendNotLeaderResponses(202)) - 871e6485-c22a-483f-9e07-d19e754685be-PendingRequests: sendNotLeaderResponses
2019-09-20 09:27:37,183 [4840c00f-91d3-4881-a20b-4d0486ca97c0-SegmentedRaftLogWorker:Storage Directory /workdir/hadoop-ozone/integration-test/target/test-dir/MiniOzoneClusterImpl-a33d77e5-464b-4d19-8e6b-a171e580bf0e/datanode-3/data/ratis/032a66c9-8f89-46f4-9094-65b0efe6e2d8] ERROR segmented.SegmentedRaftLogWorker (SegmentedRaftLogWorker.java:run(323)) - 4840c00f-91d3-4881-a20b-4d0486ca97c0-SegmentedRaftLogWorker:Storage Directory /workdir/hadoop-ozone/integration-test/target/test-dir/MiniOzoneClusterImpl-a33d77e5-464b-4d19-8e6b-a171e580bf0e/datanode-3/data/ratis/032a66c9-8f89-46f4-9094-65b0efe6e2d8 hit exception
java.lang.OutOfMemoryError: Direct buffer memory
	at java.nio.Bits.reserveMemory(Bits.java:666)
	at java.nio.DirectByteBuffer.<init>(DirectByteBuffer.java:123)
	at java.nio.ByteBuffer.allocateDirect(ByteBuffer.java:311)
	at org.apache.ratis.server.raftlog.segmented.BufferedWriteChannel.<init>(BufferedWriteChannel.java:41)
	at org.apache.ratis.server.raftlog.segmented.SegmentedRaftLogOutputStream.<init>(SegmentedRaftLogOutputStream.java:72)
	at org.apache.ratis.server.raftlog.segmented.SegmentedRaftLogWorker$StartLogSegment.execute(SegmentedRaftLogWorker.java:566)
	at org.apache.ratis.server.raftlog.segmented.SegmentedRaftLogWorker.run(SegmentedRaftLogWorker.java:289)
	at java.lang.Thread.run(Thread.java:748)
2019-09-20 09:27:37,185 [4840c00f-91d3-4881-a20b-4d0486ca97c0-SegmentedRaftLogWorker:Storage Directory /workdir/hadoop-ozone/integration-test/target/test-dir/MiniOzoneClusterImpl-a33d77e5-464b-4d19-8e6b-a171e580bf0e/datanode-3/data/ratis/032a66c9-8f89-46f4-9094-65b0efe6e2d8] INFO  impl.RaftServerImpl (RaftServerImpl.java:lambda$shutdown$3(245)) - 4840c00f-91d3-4881-a20b-4d0486ca97c0: shutdown group-65B0EFE6E2D8
2019-09-20 09:27:36,886 [492ed782-6ab3-4ad9-945e-06def6ac7c96-SegmentedRaftLogWorker:Storage Directory /workdir/hadoop-ozone/integration-test/target/test-dir/MiniOzoneClusterImpl-a33d77e5-464b-4d19-8e6b-a171e580bf0e/datanode-2/data/ratis/62533bd2-c15a-4bde-be31-52124656e3bd] INFO  impl.RoleInfo (RoleInfo.java:shutdownLeaderState(104)) - 492ed782-6ab3-4ad9-945e-06def6ac7c96: shutdown LeaderState
2019-09-20 09:27:36,885 [dc7f40a9-6782-42c4-abab-c6b1682da047:group-5EBA6C781592:LeaderElection179] INFO  segmented.SegmentedRaftLogWorker (SegmentedRaftLogWorker.java:startLogSegment(380)) - dc7f40a9-6782-42c4-abab-c6b1682da047-SegmentedRaftLogWorker:Storage Directory /workdir/hadoop-ozone/integration-test/target/test-dir/MiniOzoneClusterImpl-a33d77e5-464b-4d19-8e6b-a171e580bf0e/datanode-5/data/ratis/80ea906b-5b01-4346-b80a-5eba6c781592: Starting segment from index:0
2019-09-20 09:27:36,885 [4840c00f-91d3-4881-a20b-4d0486ca97c0-SegmentedRaftLogWorker:Storage Directory /workdir/hadoop-ozone/integration-test/target/test-dir/MiniOzoneClusterImpl-a33d77e5-464b-4d19-8e6b-a171e580bf0e/datanode-3/data/ratis/d51cfc95-825d-428a-b395-5f54fd10fdf3] INFO  impl.RaftServerImpl (ServerState.java:close(394)) - 4840c00f-91d3-4881-a20b-4d0486ca97c0:group-5F54FD10FDF3 closes. The last applied log index is -1
2019-09-20 09:27:36,885 [871e6485-c22a-483f-9e07-d19e754685be-SegmentedRaftLogWorker:Storage Directory /workdir/hadoop-ozone/integration-test/target/test-dir/MiniOzoneClusterImpl-a33d77e5-464b-4d19-8e6b-a171e580bf0e/datanode-4/data/ratis/db4f1239-84a1-4282-98b1-919889fff3b7] INFO  impl.PendingRequests (PendingRequests.java:sendNotLeaderResponses(202)) - 871e6485-c22a-483f-9e07-d19e754685be-PendingRequests: sendNotLeaderResponses
2019-09-20 09:27:37,499 | INFO  | SCMAudit | user=jenkins1000 | ip=192.168.36.99 | op=SEND_HEARTBEAT {datanodeUUID=02b93e76-e4c6-4b67-b8a4-c536d9ab7224, command=[]} | ret=SUCCESS |  
2019-09-20 09:27:37,499 | INFO  | SCMAudit | user=jenkins1000 | ip=192.168.36.99 | op=SEND_HEARTBEAT {datanodeUUID=492ed782-6ab3-4ad9-945e-06def6ac7c96, command=[]} | ret=SUCCESS |  
2019-09-20 09:27:36,885 [fd3cd5f9-4f1c-43ea-91b1-b85a1f6c3825-SegmentedRaftLogWorker:Storage Directory /workdir/hadoop-ozone/integration-test/target/test-dir/MiniOzoneClusterImpl-a33d77e5-464b-4d19-8e6b-a171e580bf0e/datanode-1/data/ratis/27185215-8000-4c0c-93d0-efba38e2d881] INFO  impl.PendingRequests (PendingRequests.java:sendNotLeaderResponses(202)) - fd3cd5f9-4f1c-43ea-91b1-b85a1f6c3825-PendingRequests: sendNotLeaderResponses
2019-09-20 09:27:37,499 | INFO  | SCMAudit | user=jenkins1000 | ip=192.168.36.99 | op=SEND_HEARTBEAT {datanodeUUID=dc7f40a9-6782-42c4-abab-c6b1682da047, command=[]} | ret=SUCCESS |  
2019-09-20 09:27:37,499 | INFO  | SCMAudit | user=jenkins1000 | ip=192.168.36.99 | op=SEND_HEARTBEAT {datanodeUUID=871e6485-c22a-483f-9e07-d19e754685be, command=[]} | ret=SUCCESS |  
2019-09-20 09:27:36,884 [871e6485-c22a-483f-9e07-d19e754685be-SegmentedRaftLogWorker:Storage Directory /workdir/hadoop-ozone/integration-test/target/test-dir/MiniOzoneClusterImpl-a33d77e5-464b-4d19-8e6b-a171e580bf0e/datanode-4/data/ratis/31a06ea6-73db-46fd-ab08-d16fdedc5ea7] INFO  impl.RoleInfo (RoleInfo.java:shutdownLeaderState(104)) - 871e6485-c22a-483f-9e07-d19e754685be: shutdown LeaderState
2019-09-20 09:27:36,884 [fd3cd5f9-4f1c-43ea-91b1-b85a1f6c3825:group-15826A721196:LeaderElection182] INFO  server.RaftServerConfigKeys (ConfUtils.java:logGet(43)) - raft.server.write.element-limit = 4096 (default)
2019-09-20 09:27:36,884 [fd3cd5f9-4f1c-43ea-91b1-b85a1f6c3825:group-449CD00D9C0A:LeaderElection181] INFO  server.RaftServerConfigKeys (ConfUtils.java:logGet(43)) - raft.server.watch.timeout = 10s (default)
2019-09-20 09:27:36,884 [492ed782-6ab3-4ad9-945e-06def6ac7c96:group-27E0CBF426EB:LeaderElection183] INFO  server.RaftServerConfigKeys (ConfUtils.java:logGet(43)) - raft.server.rpc.sleep.time = 25ms (default)
2019-09-20 09:27:36,884 [pool-60-thread-1] INFO  server.RaftServerConfigKeys (ConfUtils.java:logGet(43)) - raft.server.snapshot.auto.trigger.enabled = true (custom)
2019-09-20 09:27:36,884 [pool-49-thread-1] INFO  server.RaftServerConfigKeys (ConfUtils.java:logGet(43)) - raft.server.log.statemachine.data.caching.enabled = true (custom)
2019-09-20 09:27:36,884 [pool-27-thread-1] INFO  server.RaftServerConfigKeys (ConfUtils.java:logGet(43)) - raft.server.snapshot.auto.trigger.enabled = true (custom)
2019-09-20 09:27:37,500 [pool-60-thread-1] INFO  server.RaftServerConfigKeys (ConfUtils.java:logGet(43)) - raft.server.snapshot.auto.trigger.threshold = 10000 (custom)
2019-09-20 09:27:37,500 [492ed782-6ab3-4ad9-945e-06def6ac7c96:group-27E0CBF426EB:LeaderElection183] INFO  server.RaftServerConfigKeys (ConfUtils.java:logGet(43)) - raft.server.write.element-limit = 4096 (default)
2019-09-20 09:27:37,500 [fd3cd5f9-4f1c-43ea-91b1-b85a1f6c3825:group-449CD00D9C0A:LeaderElection181] INFO  server.RaftServerConfigKeys (ConfUtils.java:logGet(43)) - raft.server.watch.timeout.denomination = 1s (default)
2019-09-20 09:27:37,500 [fd3cd5f9-4f1c-43ea-91b1-b85a1f6c3825:group-15826A721196:LeaderElection182] INFO  server.RaftServerConfigKeys (ConfUtils.java:logGet(43)) - raft.server.watch.timeout = 10s (default)
2019-09-20 09:27:37,499 [871e6485-c22a-483f-9e07-d19e754685be-SegmentedRaftLogWorker:Storage Directory /workdir/hadoop-ozone/integration-test/target/test-dir/MiniOzoneClusterImpl-a33d77e5-464b-4d19-8e6b-a171e580bf0e/datanode-4/data/ratis/31a06ea6-73db-46fd-ab08-d16fdedc5ea7] INFO  impl.PendingRequests (PendingRequests.java:sendNotLeaderResponses(202)) - 871e6485-c22a-483f-9e07-d19e754685be-PendingRequests: sendNotLeaderResponses
2019-09-20 09:27:37,499 [fd3cd5f9-4f1c-43ea-91b1-b85a1f6c3825-SegmentedRaftLogWorker:Storage Directory /workdir/hadoop-ozone/integration-test/target/test-dir/MiniOzoneClusterImpl-a33d77e5-464b-4d19-8e6b-a171e580bf0e/datanode-1/data/ratis/27185215-8000-4c0c-93d0-efba38e2d881] INFO  impl.StateMachineUpdater (StateMachineUpdater.java:stopAndJoin(115)) - StateMachineUpdater:fd3cd5f9-4f1c-43ea-91b1-b85a1f6c3825:group-EFBA38E2D881: set stopIndex = -1
2019-09-20 09:27:37,499 [dc7f40a9-6782-42c4-abab-c6b1682da047:group-5EBA6C781592:LeaderElection179] INFO  impl.RaftServerImpl (ServerState.java:setRaftConf(361)) - dc7f40a9-6782-42c4-abab-c6b1682da047:group-5EBA6C781592 set configuration 0: [dc7f40a9-6782-42c4-abab-c6b1682da047:192.168.36.99:40142], old=null at 0
2019-09-20 09:27:37,499 [871e6485-c22a-483f-9e07-d19e754685be-SegmentedRaftLogWorker:Storage Directory /workdir/hadoop-ozone/integration-test/target/test-dir/MiniOzoneClusterImpl-a33d77e5-464b-4d19-8e6b-a171e580bf0e/datanode-4/data/ratis/db4f1239-84a1-4282-98b1-919889fff3b7] INFO  impl.StateMachineUpdater (StateMachineUpdater.java:stopAndJoin(115)) - StateMachineUpdater:871e6485-c22a-483f-9e07-d19e754685be:group-919889FFF3B7: set stopIndex = -1
2019-09-20 09:27:37,496 [871e6485-c22a-483f-9e07-d19e754685be-SegmentedRaftLogWorker:Storage Directory /workdir/hadoop-ozone/integration-test/target/test-dir/MiniOzoneClusterImpl-a33d77e5-464b-4d19-8e6b-a171e580bf0e/datanode-4/data/ratis/11819390-3bac-44aa-bd5b-d8e17ca343ee] ERROR segmented.SegmentedRaftLogWorker (SegmentedRaftLogWorker.java:run(323)) - 871e6485-c22a-483f-9e07-d19e754685be-SegmentedRaftLogWorker:Storage Directory /workdir/hadoop-ozone/integration-test/target/test-dir/MiniOzoneClusterImpl-a33d77e5-464b-4d19-8e6b-a171e580bf0e/datanode-4/data/ratis/11819390-3bac-44aa-bd5b-d8e17ca343ee hit exception
java.lang.OutOfMemoryError: Direct buffer memory
	at java.nio.Bits.reserveMemory(Bits.java:666)
	at java.nio.DirectByteBuffer.<init>(DirectByteBuffer.java:123)
	at java.nio.ByteBuffer.allocateDirect(ByteBuffer.java:311)
	at org.apache.ratis.server.raftlog.segmented.BufferedWriteChannel.<init>(BufferedWriteChannel.java:41)
	at org.apache.ratis.server.raftlog.segmented.SegmentedRaftLogOutputStream.<init>(SegmentedRaftLogOutputStream.java:72)
	at org.apache.ratis.server.raftlog.segmented.SegmentedRaftLogWorker$StartLogSegment.execute(SegmentedRaftLogWorker.java:566)
	at org.apache.ratis.server.raftlog.segmented.SegmentedRaftLogWorker.run(SegmentedRaftLogWorker.java:289)
	at java.lang.Thread.run(Thread.java:748)
2019-09-20 09:27:37,502 [871e6485-c22a-483f-9e07-d19e754685be-SegmentedRaftLogWorker:Storage Directory /workdir/hadoop-ozone/integration-test/target/test-dir/MiniOzoneClusterImpl-a33d77e5-464b-4d19-8e6b-a171e580bf0e/datanode-4/data/ratis/11819390-3bac-44aa-bd5b-d8e17ca343ee] INFO  impl.RaftServerImpl (RaftServerImpl.java:lambda$shutdown$3(245)) - 871e6485-c22a-483f-9e07-d19e754685be: shutdown group-D8E17CA343EE
2019-09-20 09:27:37,186 [4840c00f-91d3-4881-a20b-4d0486ca97c0-SegmentedRaftLogWorker:Storage Directory /workdir/hadoop-ozone/integration-test/target/test-dir/MiniOzoneClusterImpl-a33d77e5-464b-4d19-8e6b-a171e580bf0e/datanode-3/data/ratis/d51cfc95-825d-428a-b395-5f54fd10fdf3] INFO  segmented.SegmentedRaftLogWorker (SegmentedRaftLogWorker.java:close(228)) - 4840c00f-91d3-4881-a20b-4d0486ca97c0-SegmentedRaftLogWorker:Storage Directory /workdir/hadoop-ozone/integration-test/target/test-dir/MiniOzoneClusterImpl-a33d77e5-464b-4d19-8e6b-a171e580bf0e/datanode-3/data/ratis/d51cfc95-825d-428a-b395-5f54fd10fdf3 close()
2019-09-20 09:27:37,185 [492ed782-6ab3-4ad9-945e-06def6ac7c96-SegmentedRaftLogWorker:Storage Directory /workdir/hadoop-ozone/integration-test/target/test-dir/MiniOzoneClusterImpl-a33d77e5-464b-4d19-8e6b-a171e580bf0e/datanode-2/data/ratis/62533bd2-c15a-4bde-be31-52124656e3bd] INFO  impl.PendingRequests (PendingRequests.java:sendNotLeaderResponses(202)) - 492ed782-6ab3-4ad9-945e-06def6ac7c96-PendingRequests: sendNotLeaderResponses
2019-09-20 09:27:37,185 [4840c00f-91d3-4881-a20b-4d0486ca97c0-SegmentedRaftLogWorker:Storage Directory /workdir/hadoop-ozone/integration-test/target/test-dir/MiniOzoneClusterImpl-a33d77e5-464b-4d19-8e6b-a171e580bf0e/datanode-3/data/ratis/032a66c9-8f89-46f4-9094-65b0efe6e2d8] INFO  util.JmxRegister (JmxRegister.java:unregister(73)) - Successfully un-registered JMX Bean with object name Ratis:service=RaftServer,group=group-65B0EFE6E2D8,id=4840c00f-91d3-4881-a20b-4d0486ca97c0
2019-09-20 09:27:37,503 [4840c00f-91d3-4881-a20b-4d0486ca97c0-SegmentedRaftLogWorker:Storage Directory /workdir/hadoop-ozone/integration-test/target/test-dir/MiniOzoneClusterImpl-a33d77e5-464b-4d19-8e6b-a171e580bf0e/datanode-3/data/ratis/032a66c9-8f89-46f4-9094-65b0efe6e2d8] INFO  impl.RoleInfo (RoleInfo.java:shutdownLeaderState(104)) - 4840c00f-91d3-4881-a20b-4d0486ca97c0: shutdown LeaderState
2019-09-20 09:27:37,185 [EventQueue-PipelineActionsForPipelineActionHandler] ERROR pipeline.PipelineActionHandler (PipelineActionHandler.java:onMessage(66)) - Could not execute pipeline action=action: CLOSE
closePipeline {
  pipelineID {
    id: "0b8e0f6d-f4b7-4696-9410-b2b5ede21c69"
  }
  reason: PIPELINE_FAILED
  detailedReason: "fd3cd5f9-4f1c-43ea-91b1-b85a1f6c3825 is in candidate state for 11143ms"
}
 pipeline=PipelineID=0b8e0f6d-f4b7-4696-9410-b2b5ede21c69 {}
org.apache.hadoop.hdds.scm.pipeline.PipelineNotFoundException: PipelineID=0b8e0f6d-f4b7-4696-9410-b2b5ede21c69 not found
	at org.apache.hadoop.hdds.scm.pipeline.PipelineStateMap.getPipeline(PipelineStateMap.java:132)
	at org.apache.hadoop.hdds.scm.pipeline.PipelineStateManager.getPipeline(PipelineStateManager.java:66)
	at org.apache.hadoop.hdds.scm.pipeline.SCMPipelineManager.getPipeline(SCMPipelineManager.java:187)
	at org.apache.hadoop.hdds.scm.pipeline.PipelineActionHandler.onMessage(PipelineActionHandler.java:59)
	at org.apache.hadoop.hdds.scm.pipeline.PipelineActionHandler.onMessage(PipelineActionHandler.java:35)
	at org.apache.hadoop.hdds.server.events.SingleThreadExecutor.lambda$onMessage$1(SingleThreadExecutor.java:85)
	at java.util.concurrent.ThreadPoolExecutor.runWorker(ThreadPoolExecutor.java:1149)
	at java.util.concurrent.ThreadPoolExecutor$Worker.run(ThreadPoolExecutor.java:624)
	at java.lang.Thread.run(Thread.java:748)
2019-09-20 09:27:37,185 [871e6485-c22a-483f-9e07-d19e754685be-SegmentedRaftLogWorker:Storage Directory /workdir/hadoop-ozone/integration-test/target/test-dir/MiniOzoneClusterImpl-a33d77e5-464b-4d19-8e6b-a171e580bf0e/datanode-4/data/ratis/a840d96c-a876-4676-9538-3b4b35c05cd0] INFO  impl.StateMachineUpdater (StateMachineUpdater.java:stopAndJoin(115)) - StateMachineUpdater:871e6485-c22a-483f-9e07-d19e754685be:group-3B4B35C05CD0: set stopIndex = -1
2019-09-20 09:27:37,503 [871e6485-c22a-483f-9e07-d19e754685be-SegmentedRaftLogWorker:Storage Directory /workdir/hadoop-ozone/integration-test/target/test-dir/MiniOzoneClusterImpl-a33d77e5-464b-4d19-8e6b-a171e580bf0e/datanode-4/data/ratis/a840d96c-a876-4676-9538-3b4b35c05cd0] INFO  impl.RaftServerImpl (ServerState.java:close(394)) - 871e6485-c22a-483f-9e07-d19e754685be:group-3B4B35C05CD0 closes. The last applied log index is -1
2019-09-20 09:27:37,184 [fd3cd5f9-4f1c-43ea-91b1-b85a1f6c3825-SegmentedRaftLogWorker:Storage Directory /workdir/hadoop-ozone/integration-test/target/test-dir/MiniOzoneClusterImpl-a33d77e5-464b-4d19-8e6b-a171e580bf0e/datanode-1/data/ratis/8ccfdf9b-bec8-456f-91e9-9538580c016c] INFO  impl.PendingRequests (PendingRequests.java:sendNotLeaderResponses(202)) - fd3cd5f9-4f1c-43ea-91b1-b85a1f6c3825-PendingRequests: sendNotLeaderResponses
2019-09-20 09:27:37,503 [871e6485-c22a-483f-9e07-d19e754685be-SegmentedRaftLogWorker:Storage Directory /workdir/hadoop-ozone/integration-test/target/test-dir/MiniOzoneClusterImpl-a33d77e5-464b-4d19-8e6b-a171e580bf0e/datanode-4/data/ratis/a840d96c-a876-4676-9538-3b4b35c05cd0] INFO  segmented.SegmentedRaftLogWorker (SegmentedRaftLogWorker.java:close(228)) - 871e6485-c22a-483f-9e07-d19e754685be-SegmentedRaftLogWorker:Storage Directory /workdir/hadoop-ozone/integration-test/target/test-dir/MiniOzoneClusterImpl-a33d77e5-464b-4d19-8e6b-a171e580bf0e/datanode-4/data/ratis/a840d96c-a876-4676-9538-3b4b35c05cd0 close()
2019-09-20 09:27:37,503 [EventQueue-PipelineActionsForPipelineActionHandler] ERROR pipeline.PipelineActionHandler (PipelineActionHandler.java:onMessage(60)) - Received pipeline action CLOSE for Pipeline[ Id: 032a66c9-8f89-46f4-9094-65b0efe6e2d8, Nodes: 4840c00f-91d3-4881-a20b-4d0486ca97c0{ip: 192.168.36.99, host: pr-hdds-1569-p5fx8-1226042367, networkLocation: /default-rack, certSerialId: null}, Type:RATIS, Factor:ONE, State:OPEN] from datanode 4840c00f-91d3-4881-a20b-4d0486ca97c0{ip: 192.168.36.99, host: pr-hdds-1569-p5fx8-1226042367, networkLocation: /default-rack, certSerialId: null}. Reason : 4840c00f-91d3-4881-a20b-4d0486ca97c0 is in candidate state for 11185ms
2019-09-20 09:27:37,503 [4840c00f-91d3-4881-a20b-4d0486ca97c0-SegmentedRaftLogWorker:Storage Directory /workdir/hadoop-ozone/integration-test/target/test-dir/MiniOzoneClusterImpl-a33d77e5-464b-4d19-8e6b-a171e580bf0e/datanode-3/data/ratis/032a66c9-8f89-46f4-9094-65b0efe6e2d8] INFO  impl.PendingRequests (PendingRequests.java:sendNotLeaderResponses(202)) - 4840c00f-91d3-4881-a20b-4d0486ca97c0-PendingRequests: sendNotLeaderResponses
2019-09-20 09:27:37,503 [492ed782-6ab3-4ad9-945e-06def6ac7c96-SegmentedRaftLogWorker:Storage Directory /workdir/hadoop-ozone/integration-test/target/test-dir/MiniOzoneClusterImpl-a33d77e5-464b-4d19-8e6b-a171e580bf0e/datanode-2/data/ratis/62533bd2-c15a-4bde-be31-52124656e3bd] INFO  impl.StateMachineUpdater (StateMachineUpdater.java:stopAndJoin(115)) - StateMachineUpdater:492ed782-6ab3-4ad9-945e-06def6ac7c96:group-52124656E3BD: set stopIndex = -1
2019-09-20 09:27:37,504 [492ed782-6ab3-4ad9-945e-06def6ac7c96-SegmentedRaftLogWorker:Storage Directory /workdir/hadoop-ozone/integration-test/target/test-dir/MiniOzoneClusterImpl-a33d77e5-464b-4d19-8e6b-a171e580bf0e/datanode-2/data/ratis/62533bd2-c15a-4bde-be31-52124656e3bd] INFO  impl.RaftServerImpl (ServerState.java:close(394)) - 492ed782-6ab3-4ad9-945e-06def6ac7c96:group-52124656E3BD closes. The last applied log index is -1
2019-09-20 09:27:37,502 [871e6485-c22a-483f-9e07-d19e754685be-SegmentedRaftLogWorker:Storage Directory /workdir/hadoop-ozone/integration-test/target/test-dir/MiniOzoneClusterImpl-a33d77e5-464b-4d19-8e6b-a171e580bf0e/datanode-4/data/ratis/11819390-3bac-44aa-bd5b-d8e17ca343ee] INFO  util.JmxRegister (JmxRegister.java:unregister(73)) - Successfully un-registered JMX Bean with object name Ratis:service=RaftServer,group=group-D8E17CA343EE,id=871e6485-c22a-483f-9e07-d19e754685be
2019-09-20 09:27:37,504 [492ed782-6ab3-4ad9-945e-06def6ac7c96-SegmentedRaftLogWorker:Storage Directory /workdir/hadoop-ozone/integration-test/target/test-dir/MiniOzoneClusterImpl-a33d77e5-464b-4d19-8e6b-a171e580bf0e/datanode-2/data/ratis/62533bd2-c15a-4bde-be31-52124656e3bd] INFO  segmented.SegmentedRaftLogWorker (SegmentedRaftLogWorker.java:close(228)) - 492ed782-6ab3-4ad9-945e-06def6ac7c96-SegmentedRaftLogWorker:Storage Directory /workdir/hadoop-ozone/integration-test/target/test-dir/MiniOzoneClusterImpl-a33d77e5-464b-4d19-8e6b-a171e580bf0e/datanode-2/data/ratis/62533bd2-c15a-4bde-be31-52124656e3bd close()
2019-09-20 09:27:37,502 [871e6485-c22a-483f-9e07-d19e754685be-SegmentedRaftLogWorker:Storage Directory /workdir/hadoop-ozone/integration-test/target/test-dir/MiniOzoneClusterImpl-a33d77e5-464b-4d19-8e6b-a171e580bf0e/datanode-4/data/ratis/db4f1239-84a1-4282-98b1-919889fff3b7] INFO  impl.RaftServerImpl (ServerState.java:close(394)) - 871e6485-c22a-483f-9e07-d19e754685be:group-919889FFF3B7 closes. The last applied log index is -1
2019-09-20 09:27:37,501 [fd3cd5f9-4f1c-43ea-91b1-b85a1f6c3825-SegmentedRaftLogWorker:Storage Directory /workdir/hadoop-ozone/integration-test/target/test-dir/MiniOzoneClusterImpl-a33d77e5-464b-4d19-8e6b-a171e580bf0e/datanode-1/data/ratis/27185215-8000-4c0c-93d0-efba38e2d881] INFO  impl.RaftServerImpl (ServerState.java:close(394)) - fd3cd5f9-4f1c-43ea-91b1-b85a1f6c3825:group-EFBA38E2D881 closes. The last applied log index is -1
2019-09-20 09:27:37,505 [871e6485-c22a-483f-9e07-d19e754685be-SegmentedRaftLogWorker:Storage Directory /workdir/hadoop-ozone/integration-test/target/test-dir/MiniOzoneClusterImpl-a33d77e5-464b-4d19-8e6b-a171e580bf0e/datanode-4/data/ratis/db4f1239-84a1-4282-98b1-919889fff3b7] INFO  segmented.SegmentedRaftLogWorker (SegmentedRaftLogWorker.java:close(228)) - 871e6485-c22a-483f-9e07-d19e754685be-SegmentedRaftLogWorker:Storage Directory /workdir/hadoop-ozone/integration-test/target/test-dir/MiniOzoneClusterImpl-a33d77e5-464b-4d19-8e6b-a171e580bf0e/datanode-4/data/ratis/db4f1239-84a1-4282-98b1-919889fff3b7 close()
2019-09-20 09:27:37,501 [871e6485-c22a-483f-9e07-d19e754685be-SegmentedRaftLogWorker:Storage Directory /workdir/hadoop-ozone/integration-test/target/test-dir/MiniOzoneClusterImpl-a33d77e5-464b-4d19-8e6b-a171e580bf0e/datanode-4/data/ratis/31a06ea6-73db-46fd-ab08-d16fdedc5ea7] INFO  impl.StateMachineUpdater (StateMachineUpdater.java:stopAndJoin(115)) - StateMachineUpdater:871e6485-c22a-483f-9e07-d19e754685be:group-D16FDEDC5EA7: set stopIndex = -1
2019-09-20 09:27:37,501 [fd3cd5f9-4f1c-43ea-91b1-b85a1f6c3825:group-15826A721196:LeaderElection182] INFO  server.RaftServerConfigKeys (ConfUtils.java:logGet(43)) - raft.server.watch.timeout.denomination = 1s (default)
2019-09-20 09:27:37,501 [fd3cd5f9-4f1c-43ea-91b1-b85a1f6c3825:group-449CD00D9C0A:LeaderElection181] INFO  server.RaftServerConfigKeys (ConfUtils.java:logGet(43)) - raft.server.watch.element-limit = 65536 (default)
2019-09-20 09:27:37,501 [492ed782-6ab3-4ad9-945e-06def6ac7c96:group-27E0CBF426EB:LeaderElection183] INFO  server.RaftServerConfigKeys (ConfUtils.java:logGet(43)) - raft.server.watch.timeout = 10s (default)
2019-09-20 09:27:37,506 [fd3cd5f9-4f1c-43ea-91b1-b85a1f6c3825:group-449CD00D9C0A:LeaderElection181] INFO  impl.RoleInfo (RoleInfo.java:updateAndGet(143)) - fd3cd5f9-4f1c-43ea-91b1-b85a1f6c3825: start LeaderState
2019-09-20 09:27:37,501 [pool-60-thread-1] INFO  server.RaftServerConfigKeys (ConfUtils.java:logGet(43)) - raft.server.retrycache.expirytime = 600000ms (custom)
2019-09-20 09:27:37,501 [pool-27-thread-1] INFO  server.RaftServerConfigKeys (ConfUtils.java:logGet(43)) - raft.server.snapshot.auto.trigger.threshold = 10000 (custom)
2019-09-20 09:27:37,501 [pool-49-thread-1] INFO  segmented.SegmentedRaftLogWorker (SegmentedRaftLogWorker.java:lambda$new$0(132)) - 492ed782-6ab3-4ad9-945e-06def6ac7c96-SegmentedRaftLogWorker:Storage Directory /workdir/hadoop-ozone/integration-test/target/test-dir/MiniOzoneClusterImpl-a33d77e5-464b-4d19-8e6b-a171e580bf0e/datanode-2/data/ratis/3974e938-29d0-4d8c-b998-791f2ccb98aa: flushIndex: setUnconditionally 0 -> -1
2019-09-20 09:27:37,506 [pool-27-thread-1] INFO  server.RaftServerConfigKeys (ConfUtils.java:logGet(43)) - raft.server.retrycache.expirytime = 600000ms (custom)
2019-09-20 09:27:37,506 [pool-60-thread-1] INFO  impl.RaftServerImpl (RaftServerImpl.java:start(180)) - 4840c00f-91d3-4881-a20b-4d0486ca97c0: start group-791F2CCB98AA
2019-09-20 09:27:37,506 [fd3cd5f9-4f1c-43ea-91b1-b85a1f6c3825:group-449CD00D9C0A:LeaderElection181] INFO  segmented.SegmentedRaftLogWorker (SegmentedRaftLogWorker.java:startLogSegment(380)) - fd3cd5f9-4f1c-43ea-91b1-b85a1f6c3825-SegmentedRaftLogWorker:Storage Directory /workdir/hadoop-ozone/integration-test/target/test-dir/MiniOzoneClusterImpl-a33d77e5-464b-4d19-8e6b-a171e580bf0e/datanode-1/data/ratis/038e61cd-e32e-431f-b520-449cd00d9c0a: Starting segment from index:0
2019-09-20 09:27:37,506 [492ed782-6ab3-4ad9-945e-06def6ac7c96:group-27E0CBF426EB:LeaderElection183] INFO  server.RaftServerConfigKeys (ConfUtils.java:logGet(43)) - raft.server.watch.timeout.denomination = 1s (default)
2019-09-20 09:27:37,507 [492ed782-6ab3-4ad9-945e-06def6ac7c96:group-27E0CBF426EB:LeaderElection183] INFO  server.RaftServerConfigKeys (ConfUtils.java:logGet(43)) - raft.server.watch.element-limit = 65536 (default)
2019-09-20 09:27:37,505 [fd3cd5f9-4f1c-43ea-91b1-b85a1f6c3825:group-15826A721196:LeaderElection182] INFO  server.RaftServerConfigKeys (ConfUtils.java:logGet(43)) - raft.server.watch.element-limit = 65536 (default)
2019-09-20 09:27:37,505 [871e6485-c22a-483f-9e07-d19e754685be-SegmentedRaftLogWorker:Storage Directory /workdir/hadoop-ozone/integration-test/target/test-dir/MiniOzoneClusterImpl-a33d77e5-464b-4d19-8e6b-a171e580bf0e/datanode-4/data/ratis/31a06ea6-73db-46fd-ab08-d16fdedc5ea7] INFO  impl.RaftServerImpl (ServerState.java:close(394)) - 871e6485-c22a-483f-9e07-d19e754685be:group-D16FDEDC5EA7 closes. The last applied log index is -1
2019-09-20 09:27:37,505 [fd3cd5f9-4f1c-43ea-91b1-b85a1f6c3825-SegmentedRaftLogWorker:Storage Directory /workdir/hadoop-ozone/integration-test/target/test-dir/MiniOzoneClusterImpl-a33d77e5-464b-4d19-8e6b-a171e580bf0e/datanode-1/data/ratis/27185215-8000-4c0c-93d0-efba38e2d881] INFO  segmented.SegmentedRaftLogWorker (SegmentedRaftLogWorker.java:close(228)) - fd3cd5f9-4f1c-43ea-91b1-b85a1f6c3825-SegmentedRaftLogWorker:Storage Directory /workdir/hadoop-ozone/integration-test/target/test-dir/MiniOzoneClusterImpl-a33d77e5-464b-4d19-8e6b-a171e580bf0e/datanode-1/data/ratis/27185215-8000-4c0c-93d0-efba38e2d881 close()
2019-09-20 09:27:37,505 [871e6485-c22a-483f-9e07-d19e754685be-SegmentedRaftLogWorker:Storage Directory /workdir/hadoop-ozone/integration-test/target/test-dir/MiniOzoneClusterImpl-a33d77e5-464b-4d19-8e6b-a171e580bf0e/datanode-4/data/ratis/11819390-3bac-44aa-bd5b-d8e17ca343ee] INFO  impl.RoleInfo (RoleInfo.java:shutdownLeaderState(104)) - 871e6485-c22a-483f-9e07-d19e754685be: shutdown LeaderState
2019-09-20 09:27:37,504 [4840c00f-91d3-4881-a20b-4d0486ca97c0-SegmentedRaftLogWorker:Storage Directory /workdir/hadoop-ozone/integration-test/target/test-dir/MiniOzoneClusterImpl-a33d77e5-464b-4d19-8e6b-a171e580bf0e/datanode-3/data/ratis/032a66c9-8f89-46f4-9094-65b0efe6e2d8] INFO  impl.StateMachineUpdater (StateMachineUpdater.java:stopAndJoin(115)) - StateMachineUpdater:4840c00f-91d3-4881-a20b-4d0486ca97c0:group-65B0EFE6E2D8: set stopIndex = -1
2019-09-20 09:27:37,504 [EventQueue-PipelineActionsForPipelineActionHandler] INFO  pipeline.SCMPipelineManager (SCMPipelineManager.java:finalizeAndDestroyPipeline(311)) - destroying pipeline:Pipeline[ Id: 032a66c9-8f89-46f4-9094-65b0efe6e2d8, Nodes: 4840c00f-91d3-4881-a20b-4d0486ca97c0{ip: 192.168.36.99, host: pr-hdds-1569-p5fx8-1226042367, networkLocation: /default-rack, certSerialId: null}, Type:RATIS, Factor:ONE, State:OPEN]
2019-09-20 09:27:37,504 [fd3cd5f9-4f1c-43ea-91b1-b85a1f6c3825-SegmentedRaftLogWorker:Storage Directory /workdir/hadoop-ozone/integration-test/target/test-dir/MiniOzoneClusterImpl-a33d77e5-464b-4d19-8e6b-a171e580bf0e/datanode-1/data/ratis/8ccfdf9b-bec8-456f-91e9-9538580c016c] INFO  impl.StateMachineUpdater (StateMachineUpdater.java:stopAndJoin(115)) - StateMachineUpdater:fd3cd5f9-4f1c-43ea-91b1-b85a1f6c3825:group-9538580C016C: set stopIndex = -1
2019-09-20 09:27:37,728 [fd3cd5f9-4f1c-43ea-91b1-b85a1f6c3825-SegmentedRaftLogWorker:Storage Directory /workdir/hadoop-ozone/integration-test/target/test-dir/MiniOzoneClusterImpl-a33d77e5-464b-4d19-8e6b-a171e580bf0e/datanode-1/data/ratis/8ccfdf9b-bec8-456f-91e9-9538580c016c] INFO  impl.RaftServerImpl (ServerState.java:close(394)) - fd3cd5f9-4f1c-43ea-91b1-b85a1f6c3825:group-9538580C016C closes. The last applied log index is -1
2019-09-20 09:27:37,728 [4840c00f-91d3-4881-a20b-4d0486ca97c0-SegmentedRaftLogWorker:Storage Directory /workdir/hadoop-ozone/integration-test/target/test-dir/MiniOzoneClusterImpl-a33d77e5-464b-4d19-8e6b-a171e580bf0e/datanode-3/data/ratis/032a66c9-8f89-46f4-9094-65b0efe6e2d8] INFO  impl.RaftServerImpl (ServerState.java:close(394)) - 4840c00f-91d3-4881-a20b-4d0486ca97c0:group-65B0EFE6E2D8 closes. The last applied log index is -1
2019-09-20 09:27:37,728 [871e6485-c22a-483f-9e07-d19e754685be-SegmentedRaftLogWorker:Storage Directory /workdir/hadoop-ozone/integration-test/target/test-dir/MiniOzoneClusterImpl-a33d77e5-464b-4d19-8e6b-a171e580bf0e/datanode-4/data/ratis/11819390-3bac-44aa-bd5b-d8e17ca343ee] INFO  impl.PendingRequests (PendingRequests.java:sendNotLeaderResponses(202)) - 871e6485-c22a-483f-9e07-d19e754685be-PendingRequests: sendNotLeaderResponses
2019-09-20 09:27:37,507 [871e6485-c22a-483f-9e07-d19e754685be-SegmentedRaftLogWorker:Storage Directory /workdir/hadoop-ozone/integration-test/target/test-dir/MiniOzoneClusterImpl-a33d77e5-464b-4d19-8e6b-a171e580bf0e/datanode-4/data/ratis/31a06ea6-73db-46fd-ab08-d16fdedc5ea7] INFO  segmented.SegmentedRaftLogWorker (SegmentedRaftLogWorker.java:close(228)) - 871e6485-c22a-483f-9e07-d19e754685be-SegmentedRaftLogWorker:Storage Directory /workdir/hadoop-ozone/integration-test/target/test-dir/MiniOzoneClusterImpl-a33d77e5-464b-4d19-8e6b-a171e580bf0e/datanode-4/data/ratis/31a06ea6-73db-46fd-ab08-d16fdedc5ea7 close()
2019-09-20 09:27:37,507 [fd3cd5f9-4f1c-43ea-91b1-b85a1f6c3825:group-15826A721196:LeaderElection182] INFO  impl.RoleInfo (RoleInfo.java:updateAndGet(143)) - fd3cd5f9-4f1c-43ea-91b1-b85a1f6c3825: start LeaderState
2019-09-20 09:27:37,507 [fd3cd5f9-4f1c-43ea-91b1-b85a1f6c3825:group-449CD00D9C0A:LeaderElection181] INFO  impl.RaftServerImpl (ServerState.java:setRaftConf(361)) - fd3cd5f9-4f1c-43ea-91b1-b85a1f6c3825:group-449CD00D9C0A set configuration 0: [fd3cd5f9-4f1c-43ea-91b1-b85a1f6c3825:192.168.36.99:39114], old=null at 0
2019-09-20 09:27:37,507 [492ed782-6ab3-4ad9-945e-06def6ac7c96:group-27E0CBF426EB:LeaderElection183] INFO  impl.RoleInfo (RoleInfo.java:updateAndGet(143)) - 492ed782-6ab3-4ad9-945e-06def6ac7c96: start LeaderState
2019-09-20 09:27:37,506 [pool-60-thread-1] INFO  impl.RaftServerImpl (RaftServerImpl.java:setRole(171)) - 4840c00f-91d3-4881-a20b-4d0486ca97c0:group-791F2CCB98AA changes role from null to FOLLOWER at term 0 for startAsFollower
2019-09-20 09:27:37,506 [pool-27-thread-1] INFO  impl.RaftServerImpl (RaftServerImpl.java:start(180)) - 02b93e76-e4c6-4b67-b8a4-c536d9ab7224: start group-791F2CCB98AA
2019-09-20 09:27:37,506 [pool-49-thread-1] INFO  server.RaftServerConfigKeys (ConfUtils.java:logGet(43)) - raft.server.snapshot.auto.trigger.enabled = true (custom)
2019-09-20 09:27:37,730 [pool-27-thread-1] INFO  impl.RaftServerImpl (RaftServerImpl.java:setRole(171)) - 02b93e76-e4c6-4b67-b8a4-c536d9ab7224:group-791F2CCB98AA changes role from null to FOLLOWER at term 0 for startAsFollower
2019-09-20 09:27:37,729 [pool-60-thread-1] INFO  impl.RoleInfo (RoleInfo.java:updateAndGet(143)) - 4840c00f-91d3-4881-a20b-4d0486ca97c0: start FollowerState
2019-09-20 09:27:37,729 [492ed782-6ab3-4ad9-945e-06def6ac7c96:group-27E0CBF426EB:LeaderElection183] INFO  segmented.SegmentedRaftLogWorker (SegmentedRaftLogWorker.java:startLogSegment(380)) - 492ed782-6ab3-4ad9-945e-06def6ac7c96-SegmentedRaftLogWorker:Storage Directory /workdir/hadoop-ozone/integration-test/target/test-dir/MiniOzoneClusterImpl-a33d77e5-464b-4d19-8e6b-a171e580bf0e/datanode-2/data/ratis/446a03c2-7c02-44a3-8b46-27e0cbf426eb: Starting segment from index:0
2019-09-20 09:27:37,729 [fd3cd5f9-4f1c-43ea-91b1-b85a1f6c3825:group-15826A721196:LeaderElection182] INFO  segmented.SegmentedRaftLogWorker (SegmentedRaftLogWorker.java:startLogSegment(380)) - fd3cd5f9-4f1c-43ea-91b1-b85a1f6c3825-SegmentedRaftLogWorker:Storage Directory /workdir/hadoop-ozone/integration-test/target/test-dir/MiniOzoneClusterImpl-a33d77e5-464b-4d19-8e6b-a171e580bf0e/datanode-1/data/ratis/d64cbf8f-1d41-4a76-a84c-15826a721196: Starting segment from index:0
2019-09-20 09:27:37,729 [871e6485-c22a-483f-9e07-d19e754685be-SegmentedRaftLogWorker:Storage Directory /workdir/hadoop-ozone/integration-test/target/test-dir/MiniOzoneClusterImpl-a33d77e5-464b-4d19-8e6b-a171e580bf0e/datanode-4/data/ratis/11819390-3bac-44aa-bd5b-d8e17ca343ee] INFO  impl.StateMachineUpdater (StateMachineUpdater.java:stopAndJoin(115)) - StateMachineUpdater:871e6485-c22a-483f-9e07-d19e754685be:group-D8E17CA343EE: set stopIndex = -1
2019-09-20 09:27:37,729 [4840c00f-91d3-4881-a20b-4d0486ca97c0-SegmentedRaftLogWorker:Storage Directory /workdir/hadoop-ozone/integration-test/target/test-dir/MiniOzoneClusterImpl-a33d77e5-464b-4d19-8e6b-a171e580bf0e/datanode-3/data/ratis/032a66c9-8f89-46f4-9094-65b0efe6e2d8] INFO  segmented.SegmentedRaftLogWorker (SegmentedRaftLogWorker.java:close(228)) - 4840c00f-91d3-4881-a20b-4d0486ca97c0-SegmentedRaftLogWorker:Storage Directory /workdir/hadoop-ozone/integration-test/target/test-dir/MiniOzoneClusterImpl-a33d77e5-464b-4d19-8e6b-a171e580bf0e/datanode-3/data/ratis/032a66c9-8f89-46f4-9094-65b0efe6e2d8 close()
2019-09-20 09:27:37,729 [fd3cd5f9-4f1c-43ea-91b1-b85a1f6c3825-SegmentedRaftLogWorker:Storage Directory /workdir/hadoop-ozone/integration-test/target/test-dir/MiniOzoneClusterImpl-a33d77e5-464b-4d19-8e6b-a171e580bf0e/datanode-1/data/ratis/8ccfdf9b-bec8-456f-91e9-9538580c016c] INFO  segmented.SegmentedRaftLogWorker (SegmentedRaftLogWorker.java:close(228)) - fd3cd5f9-4f1c-43ea-91b1-b85a1f6c3825-SegmentedRaftLogWorker:Storage Directory /workdir/hadoop-ozone/integration-test/target/test-dir/MiniOzoneClusterImpl-a33d77e5-464b-4d19-8e6b-a171e580bf0e/datanode-1/data/ratis/8ccfdf9b-bec8-456f-91e9-9538580c016c close()
2019-09-20 09:27:37,728 [EventQueue-PipelineActionsForPipelineActionHandler] INFO  pipeline.PipelineStateManager (PipelineStateManager.java:finalizePipeline(123)) - Pipeline Pipeline[ Id: 032a66c9-8f89-46f4-9094-65b0efe6e2d8, Nodes: 4840c00f-91d3-4881-a20b-4d0486ca97c0{ip: 192.168.36.99, host: pr-hdds-1569-p5fx8-1226042367, networkLocation: /default-rack, certSerialId: null}, Type:RATIS, Factor:ONE, State:CLOSED] moved to CLOSED state
2019-09-20 09:27:37,731 [fd3cd5f9-4f1c-43ea-91b1-b85a1f6c3825:group-15826A721196:LeaderElection182] INFO  impl.RaftServerImpl (ServerState.java:setRaftConf(361)) - fd3cd5f9-4f1c-43ea-91b1-b85a1f6c3825:group-15826A721196 set configuration 0: [fd3cd5f9-4f1c-43ea-91b1-b85a1f6c3825:192.168.36.99:39114], old=null at 0
2019-09-20 09:27:38,180 [EventQueue-PipelineActionsForPipelineActionHandler] ERROR pipeline.PipelineActionHandler (PipelineActionHandler.java:onMessage(60)) - Received pipeline action CLOSE for Pipeline[ Id: f7af0423-ab68-4a8b-a360-599e264902a2, Nodes: fd3cd5f9-4f1c-43ea-91b1-b85a1f6c3825{ip: 192.168.36.99, host: pr-hdds-1569-p5fx8-1226042367, networkLocation: /default-rack, certSerialId: null}, Type:RATIS, Factor:ONE, State:OPEN] from datanode fd3cd5f9-4f1c-43ea-91b1-b85a1f6c3825{ip: 192.168.36.99, host: pr-hdds-1569-p5fx8-1226042367, networkLocation: /default-rack, certSerialId: null}. Reason : fd3cd5f9-4f1c-43ea-91b1-b85a1f6c3825 is in candidate state for 12445ms
2019-09-20 09:27:37,731 [492ed782-6ab3-4ad9-945e-06def6ac7c96:group-27E0CBF426EB:LeaderElection183] INFO  impl.RaftServerImpl (ServerState.java:setRaftConf(361)) - 492ed782-6ab3-4ad9-945e-06def6ac7c96:group-27E0CBF426EB set configuration 0: [492ed782-6ab3-4ad9-945e-06def6ac7c96:192.168.36.99:32835], old=null at 0
2019-09-20 09:27:37,731 [871e6485-c22a-483f-9e07-d19e754685be-SegmentedRaftLogWorker:Storage Directory /workdir/hadoop-ozone/integration-test/target/test-dir/MiniOzoneClusterImpl-a33d77e5-464b-4d19-8e6b-a171e580bf0e/datanode-4/data/ratis/11819390-3bac-44aa-bd5b-d8e17ca343ee] INFO  impl.RaftServerImpl (ServerState.java:close(394)) - 871e6485-c22a-483f-9e07-d19e754685be:group-D8E17CA343EE closes. The last applied log index is -1
2019-09-20 09:27:37,730 [pool-60-thread-1] INFO  util.JmxRegister (JmxRegister.java:tryRegister(44)) - Successfully registered JMX Bean with object name Ratis:service=RaftServer,group=group-791F2CCB98AA,id=4840c00f-91d3-4881-a20b-4d0486ca97c0
2019-09-20 09:27:37,730 [pool-27-thread-1] INFO  impl.RoleInfo (RoleInfo.java:updateAndGet(143)) - 02b93e76-e4c6-4b67-b8a4-c536d9ab7224: start FollowerState
2019-09-20 09:27:37,730 [pool-49-thread-1] INFO  server.RaftServerConfigKeys (ConfUtils.java:logGet(43)) - raft.server.snapshot.auto.trigger.threshold = 10000 (custom)
2019-09-20 09:27:38,181 [871e6485-c22a-483f-9e07-d19e754685be-SegmentedRaftLogWorker:Storage Directory /workdir/hadoop-ozone/integration-test/target/test-dir/MiniOzoneClusterImpl-a33d77e5-464b-4d19-8e6b-a171e580bf0e/datanode-4/data/ratis/11819390-3bac-44aa-bd5b-d8e17ca343ee] INFO  segmented.SegmentedRaftLogWorker (SegmentedRaftLogWorker.java:close(228)) - 871e6485-c22a-483f-9e07-d19e754685be-SegmentedRaftLogWorker:Storage Directory /workdir/hadoop-ozone/integration-test/target/test-dir/MiniOzoneClusterImpl-a33d77e5-464b-4d19-8e6b-a171e580bf0e/datanode-4/data/ratis/11819390-3bac-44aa-bd5b-d8e17ca343ee close()
2019-09-20 09:27:38,181 [EventQueue-PipelineActionsForPipelineActionHandler] INFO  pipeline.SCMPipelineManager (SCMPipelineManager.java:finalizeAndDestroyPipeline(311)) - destroying pipeline:Pipeline[ Id: f7af0423-ab68-4a8b-a360-599e264902a2, Nodes: fd3cd5f9-4f1c-43ea-91b1-b85a1f6c3825{ip: 192.168.36.99, host: pr-hdds-1569-p5fx8-1226042367, networkLocation: /default-rack, certSerialId: null}, Type:RATIS, Factor:ONE, State:OPEN]
2019-09-20 09:27:38,180 [4840c00f-91d3-4881-a20b-4d0486ca97c0-SegmentedRaftLogWorker:Storage Directory /workdir/hadoop-ozone/integration-test/target/test-dir/MiniOzoneClusterImpl-a33d77e5-464b-4d19-8e6b-a171e580bf0e/datanode-3/data/ratis/d3d8540d-b9c1-4368-a278-30e84beb43d3] ERROR segmented.SegmentedRaftLogWorker (SegmentedRaftLogWorker.java:run(323)) - 4840c00f-91d3-4881-a20b-4d0486ca97c0-SegmentedRaftLogWorker:Storage Directory /workdir/hadoop-ozone/integration-test/target/test-dir/MiniOzoneClusterImpl-a33d77e5-464b-4d19-8e6b-a171e580bf0e/datanode-3/data/ratis/d3d8540d-b9c1-4368-a278-30e84beb43d3 hit exception
java.lang.OutOfMemoryError: Direct buffer memory
	at java.nio.Bits.reserveMemory(Bits.java:666)
	at java.nio.DirectByteBuffer.<init>(DirectByteBuffer.java:123)
	at java.nio.ByteBuffer.allocateDirect(ByteBuffer.java:311)
	at org.apache.ratis.server.raftlog.segmented.BufferedWriteChannel.<init>(BufferedWriteChannel.java:41)
	at org.apache.ratis.server.raftlog.segmented.SegmentedRaftLogOutputStream.<init>(SegmentedRaftLogOutputStream.java:72)
	at org.apache.ratis.server.raftlog.segmented.SegmentedRaftLogWorker$StartLogSegment.execute(SegmentedRaftLogWorker.java:566)
	at org.apache.ratis.server.raftlog.segmented.SegmentedRaftLogWorker.run(SegmentedRaftLogWorker.java:289)
	at java.lang.Thread.run(Thread.java:748)
2019-09-20 09:27:38,182 [4840c00f-91d3-4881-a20b-4d0486ca97c0-SegmentedRaftLogWorker:Storage Directory /workdir/hadoop-ozone/integration-test/target/test-dir/MiniOzoneClusterImpl-a33d77e5-464b-4d19-8e6b-a171e580bf0e/datanode-3/data/ratis/d3d8540d-b9c1-4368-a278-30e84beb43d3] INFO  impl.RaftServerImpl (RaftServerImpl.java:lambda$shutdown$3(245)) - 4840c00f-91d3-4881-a20b-4d0486ca97c0: shutdown group-30E84BEB43D3
2019-09-20 09:27:38,180 [fd3cd5f9-4f1c-43ea-91b1-b85a1f6c3825-SegmentedRaftLogWorker:Storage Directory /workdir/hadoop-ozone/integration-test/target/test-dir/MiniOzoneClusterImpl-a33d77e5-464b-4d19-8e6b-a171e580bf0e/datanode-1/data/ratis/f7af0423-ab68-4a8b-a360-599e264902a2] ERROR segmented.SegmentedRaftLogWorker (SegmentedRaftLogWorker.java:run(323)) - fd3cd5f9-4f1c-43ea-91b1-b85a1f6c3825-SegmentedRaftLogWorker:Storage Directory /workdir/hadoop-ozone/integration-test/target/test-dir/MiniOzoneClusterImpl-a33d77e5-464b-4d19-8e6b-a171e580bf0e/datanode-1/data/ratis/f7af0423-ab68-4a8b-a360-599e264902a2 hit exception
java.lang.OutOfMemoryError: Direct buffer memory
	at java.nio.Bits.reserveMemory(Bits.java:666)
	at java.nio.DirectByteBuffer.<init>(DirectByteBuffer.java:123)
	at java.nio.ByteBuffer.allocateDirect(ByteBuffer.java:311)
	at org.apache.ratis.server.raftlog.segmented.BufferedWriteChannel.<init>(BufferedWriteChannel.java:41)
	at org.apache.ratis.server.raftlog.segmented.SegmentedRaftLogOutputStream.<init>(SegmentedRaftLogOutputStream.java:72)
	at org.apache.ratis.server.raftlog.segmented.SegmentedRaftLogWorker$StartLogSegment.execute(SegmentedRaftLogWorker.java:566)
	at org.apache.ratis.server.raftlog.segmented.SegmentedRaftLogWorker.run(SegmentedRaftLogWorker.java:289)
	at java.lang.Thread.run(Thread.java:748)
2019-09-20 09:27:38,183 [4840c00f-91d3-4881-a20b-4d0486ca97c0-SegmentedRaftLogWorker:Storage Directory /workdir/hadoop-ozone/integration-test/target/test-dir/MiniOzoneClusterImpl-a33d77e5-464b-4d19-8e6b-a171e580bf0e/datanode-3/data/ratis/d3d8540d-b9c1-4368-a278-30e84beb43d3] INFO  util.JmxRegister (JmxRegister.java:unregister(73)) - Successfully un-registered JMX Bean with object name Ratis:service=RaftServer,group=group-30E84BEB43D3,id=4840c00f-91d3-4881-a20b-4d0486ca97c0
2019-09-20 09:27:38,183 [4840c00f-91d3-4881-a20b-4d0486ca97c0-SegmentedRaftLogWorker:Storage Directory /workdir/hadoop-ozone/integration-test/target/test-dir/MiniOzoneClusterImpl-a33d77e5-464b-4d19-8e6b-a171e580bf0e/datanode-3/data/ratis/d3d8540d-b9c1-4368-a278-30e84beb43d3] INFO  impl.RoleInfo (RoleInfo.java:shutdownLeaderState(104)) - 4840c00f-91d3-4881-a20b-4d0486ca97c0: shutdown LeaderState
2019-09-20 09:27:38,182 [EventQueue-PipelineActionsForPipelineActionHandler] INFO  pipeline.PipelineStateManager (PipelineStateManager.java:finalizePipeline(123)) - Pipeline Pipeline[ Id: f7af0423-ab68-4a8b-a360-599e264902a2, Nodes: fd3cd5f9-4f1c-43ea-91b1-b85a1f6c3825{ip: 192.168.36.99, host: pr-hdds-1569-p5fx8-1226042367, networkLocation: /default-rack, certSerialId: null}, Type:RATIS, Factor:ONE, State:CLOSED] moved to CLOSED state
2019-09-20 09:27:38,182 [pool-27-thread-1] INFO  util.JmxRegister (JmxRegister.java:tryRegister(44)) - Successfully registered JMX Bean with object name Ratis:service=RaftServer,group=group-791F2CCB98AA,id=02b93e76-e4c6-4b67-b8a4-c536d9ab7224
2019-09-20 09:27:38,182 [pool-49-thread-1] INFO  server.RaftServerConfigKeys (ConfUtils.java:logGet(43)) - raft.server.retrycache.expirytime = 600000ms (custom)
2019-09-20 09:27:38,184 [EventQueue-PipelineActionsForPipelineActionHandler] ERROR pipeline.PipelineActionHandler (PipelineActionHandler.java:onMessage(60)) - Received pipeline action CLOSE for Pipeline[ Id: d3d8540d-b9c1-4368-a278-30e84beb43d3, Nodes: 4840c00f-91d3-4881-a20b-4d0486ca97c0{ip: 192.168.36.99, host: pr-hdds-1569-p5fx8-1226042367, networkLocation: /default-rack, certSerialId: null}, Type:RATIS, Factor:ONE, State:OPEN] from datanode 4840c00f-91d3-4881-a20b-4d0486ca97c0{ip: 192.168.36.99, host: pr-hdds-1569-p5fx8-1226042367, networkLocation: /default-rack, certSerialId: null}. Reason : 4840c00f-91d3-4881-a20b-4d0486ca97c0 is in candidate state for 12167ms
2019-09-20 09:27:38,183 [4840c00f-91d3-4881-a20b-4d0486ca97c0-SegmentedRaftLogWorker:Storage Directory /workdir/hadoop-ozone/integration-test/target/test-dir/MiniOzoneClusterImpl-a33d77e5-464b-4d19-8e6b-a171e580bf0e/datanode-3/data/ratis/d3d8540d-b9c1-4368-a278-30e84beb43d3] INFO  impl.PendingRequests (PendingRequests.java:sendNotLeaderResponses(202)) - 4840c00f-91d3-4881-a20b-4d0486ca97c0-PendingRequests: sendNotLeaderResponses
2019-09-20 09:27:38,183 [fd3cd5f9-4f1c-43ea-91b1-b85a1f6c3825-SegmentedRaftLogWorker:Storage Directory /workdir/hadoop-ozone/integration-test/target/test-dir/MiniOzoneClusterImpl-a33d77e5-464b-4d19-8e6b-a171e580bf0e/datanode-1/data/ratis/f7af0423-ab68-4a8b-a360-599e264902a2] INFO  impl.RaftServerImpl (RaftServerImpl.java:lambda$shutdown$3(245)) - fd3cd5f9-4f1c-43ea-91b1-b85a1f6c3825: shutdown group-599E264902A2
2019-09-20 09:27:38,184 [4840c00f-91d3-4881-a20b-4d0486ca97c0-SegmentedRaftLogWorker:Storage Directory /workdir/hadoop-ozone/integration-test/target/test-dir/MiniOzoneClusterImpl-a33d77e5-464b-4d19-8e6b-a171e580bf0e/datanode-3/data/ratis/d3d8540d-b9c1-4368-a278-30e84beb43d3] INFO  impl.StateMachineUpdater (StateMachineUpdater.java:stopAndJoin(115)) - StateMachineUpdater:4840c00f-91d3-4881-a20b-4d0486ca97c0:group-30E84BEB43D3: set stopIndex = -1
2019-09-20 09:27:38,184 [EventQueue-PipelineActionsForPipelineActionHandler] INFO  pipeline.SCMPipelineManager (SCMPipelineManager.java:finalizeAndDestroyPipeline(311)) - destroying pipeline:Pipeline[ Id: d3d8540d-b9c1-4368-a278-30e84beb43d3, Nodes: 4840c00f-91d3-4881-a20b-4d0486ca97c0{ip: 192.168.36.99, host: pr-hdds-1569-p5fx8-1226042367, networkLocation: /default-rack, certSerialId: null}, Type:RATIS, Factor:ONE, State:OPEN]
2019-09-20 09:27:38,184 [pool-49-thread-1] INFO  impl.RaftServerImpl (RaftServerImpl.java:start(180)) - 492ed782-6ab3-4ad9-945e-06def6ac7c96: start group-791F2CCB98AA
2019-09-20 09:27:38,185 [pool-49-thread-1] INFO  impl.RaftServerImpl (RaftServerImpl.java:setRole(171)) - 492ed782-6ab3-4ad9-945e-06def6ac7c96:group-791F2CCB98AA changes role from null to FOLLOWER at term 0 for startAsFollower
2019-09-20 09:27:38,185 [4840c00f-91d3-4881-a20b-4d0486ca97c0-SegmentedRaftLogWorker:Storage Directory /workdir/hadoop-ozone/integration-test/target/test-dir/MiniOzoneClusterImpl-a33d77e5-464b-4d19-8e6b-a171e580bf0e/datanode-3/data/ratis/d3d8540d-b9c1-4368-a278-30e84beb43d3] INFO  impl.RaftServerImpl (ServerState.java:close(394)) - 4840c00f-91d3-4881-a20b-4d0486ca97c0:group-30E84BEB43D3 closes. The last applied log index is -1
2019-09-20 09:27:38,184 [fd3cd5f9-4f1c-43ea-91b1-b85a1f6c3825-SegmentedRaftLogWorker:Storage Directory /workdir/hadoop-ozone/integration-test/target/test-dir/MiniOzoneClusterImpl-a33d77e5-464b-4d19-8e6b-a171e580bf0e/datanode-1/data/ratis/f7af0423-ab68-4a8b-a360-599e264902a2] INFO  util.JmxRegister (JmxRegister.java:unregister(73)) - Successfully un-registered JMX Bean with object name Ratis:service=RaftServer,group=group-599E264902A2,id=fd3cd5f9-4f1c-43ea-91b1-b85a1f6c3825
2019-09-20 09:27:38,185 [pool-49-thread-1] INFO  impl.RoleInfo (RoleInfo.java:updateAndGet(143)) - 492ed782-6ab3-4ad9-945e-06def6ac7c96: start FollowerState
2019-09-20 09:27:38,185 [EventQueue-PipelineActionsForPipelineActionHandler] INFO  pipeline.PipelineStateManager (PipelineStateManager.java:finalizePipeline(123)) - Pipeline Pipeline[ Id: d3d8540d-b9c1-4368-a278-30e84beb43d3, Nodes: 4840c00f-91d3-4881-a20b-4d0486ca97c0{ip: 192.168.36.99, host: pr-hdds-1569-p5fx8-1226042367, networkLocation: /default-rack, certSerialId: null}, Type:RATIS, Factor:ONE, State:CLOSED] moved to CLOSED state
2019-09-20 09:27:38,186 [4840c00f-91d3-4881-a20b-4d0486ca97c0-SegmentedRaftLogWorker:Storage Directory /workdir/hadoop-ozone/integration-test/target/test-dir/MiniOzoneClusterImpl-a33d77e5-464b-4d19-8e6b-a171e580bf0e/datanode-3/data/ratis/d3d8540d-b9c1-4368-a278-30e84beb43d3] INFO  segmented.SegmentedRaftLogWorker (SegmentedRaftLogWorker.java:close(228)) - 4840c00f-91d3-4881-a20b-4d0486ca97c0-SegmentedRaftLogWorker:Storage Directory /workdir/hadoop-ozone/integration-test/target/test-dir/MiniOzoneClusterImpl-a33d77e5-464b-4d19-8e6b-a171e580bf0e/datanode-3/data/ratis/d3d8540d-b9c1-4368-a278-30e84beb43d3 close()
2019-09-20 09:27:38,185 [fd3cd5f9-4f1c-43ea-91b1-b85a1f6c3825-SegmentedRaftLogWorker:Storage Directory /workdir/hadoop-ozone/integration-test/target/test-dir/MiniOzoneClusterImpl-a33d77e5-464b-4d19-8e6b-a171e580bf0e/datanode-1/data/ratis/f7af0423-ab68-4a8b-a360-599e264902a2] INFO  impl.RoleInfo (RoleInfo.java:shutdownLeaderState(104)) - fd3cd5f9-4f1c-43ea-91b1-b85a1f6c3825: shutdown LeaderState
2019-09-20 09:27:38,186 [EventQueue-PipelineActionsForPipelineActionHandler] ERROR pipeline.PipelineActionHandler (PipelineActionHandler.java:onMessage(60)) - Received pipeline action CLOSE for Pipeline[ Id: d9b560f2-a46e-4e98-97ad-746bfff34f3b, Nodes: 4840c00f-91d3-4881-a20b-4d0486ca97c0{ip: 192.168.36.99, host: pr-hdds-1569-p5fx8-1226042367, networkLocation: /default-rack, certSerialId: null}, Type:RATIS, Factor:ONE, State:OPEN] from datanode 4840c00f-91d3-4881-a20b-4d0486ca97c0{ip: 192.168.36.99, host: pr-hdds-1569-p5fx8-1226042367, networkLocation: /default-rack, certSerialId: null}. Reason : 4840c00f-91d3-4881-a20b-4d0486ca97c0 is in candidate state for 11195ms
2019-09-20 09:27:38,186 [pool-49-thread-1] INFO  util.JmxRegister (JmxRegister.java:tryRegister(44)) - Successfully registered JMX Bean with object name Ratis:service=RaftServer,group=group-791F2CCB98AA,id=492ed782-6ab3-4ad9-945e-06def6ac7c96
2019-09-20 09:27:38,186 [EventQueue-PipelineActionsForPipelineActionHandler] INFO  pipeline.SCMPipelineManager (SCMPipelineManager.java:finalizeAndDestroyPipeline(311)) - destroying pipeline:Pipeline[ Id: d9b560f2-a46e-4e98-97ad-746bfff34f3b, Nodes: 4840c00f-91d3-4881-a20b-4d0486ca97c0{ip: 192.168.36.99, host: pr-hdds-1569-p5fx8-1226042367, networkLocation: /default-rack, certSerialId: null}, Type:RATIS, Factor:ONE, State:OPEN]
2019-09-20 09:27:38,186 [fd3cd5f9-4f1c-43ea-91b1-b85a1f6c3825-SegmentedRaftLogWorker:Storage Directory /workdir/hadoop-ozone/integration-test/target/test-dir/MiniOzoneClusterImpl-a33d77e5-464b-4d19-8e6b-a171e580bf0e/datanode-1/data/ratis/f7af0423-ab68-4a8b-a360-599e264902a2] INFO  impl.PendingRequests (PendingRequests.java:sendNotLeaderResponses(202)) - fd3cd5f9-4f1c-43ea-91b1-b85a1f6c3825-PendingRequests: sendNotLeaderResponses
2019-09-20 09:27:38,187 [EventQueue-PipelineActionsForPipelineActionHandler] INFO  pipeline.PipelineStateManager (PipelineStateManager.java:finalizePipeline(123)) - Pipeline Pipeline[ Id: d9b560f2-a46e-4e98-97ad-746bfff34f3b, Nodes: 4840c00f-91d3-4881-a20b-4d0486ca97c0{ip: 192.168.36.99, host: pr-hdds-1569-p5fx8-1226042367, networkLocation: /default-rack, certSerialId: null}, Type:RATIS, Factor:ONE, State:CLOSED] moved to CLOSED state
2019-09-20 09:27:38,187 [fd3cd5f9-4f1c-43ea-91b1-b85a1f6c3825-SegmentedRaftLogWorker:Storage Directory /workdir/hadoop-ozone/integration-test/target/test-dir/MiniOzoneClusterImpl-a33d77e5-464b-4d19-8e6b-a171e580bf0e/datanode-1/data/ratis/f7af0423-ab68-4a8b-a360-599e264902a2] INFO  impl.StateMachineUpdater (StateMachineUpdater.java:stopAndJoin(115)) - StateMachineUpdater:fd3cd5f9-4f1c-43ea-91b1-b85a1f6c3825:group-599E264902A2: set stopIndex = -1
2019-09-20 09:27:38,187 [EventQueue-PipelineActionsForPipelineActionHandler] ERROR pipeline.PipelineActionHandler (PipelineActionHandler.java:onMessage(60)) - Received pipeline action CLOSE for Pipeline[ Id: 426cee1f-5211-40e9-a944-6a1d135d282f, Nodes: 4840c00f-91d3-4881-a20b-4d0486ca97c0{ip: 192.168.36.99, host: pr-hdds-1569-p5fx8-1226042367, networkLocation: /default-rack, certSerialId: null}, Type:RATIS, Factor:ONE, State:OPEN] from datanode 4840c00f-91d3-4881-a20b-4d0486ca97c0{ip: 192.168.36.99, host: pr-hdds-1569-p5fx8-1226042367, networkLocation: /default-rack, certSerialId: null}. Reason : 4840c00f-91d3-4881-a20b-4d0486ca97c0 is in candidate state for 12906ms
2019-09-20 09:27:38,187 [fd3cd5f9-4f1c-43ea-91b1-b85a1f6c3825-SegmentedRaftLogWorker:Storage Directory /workdir/hadoop-ozone/integration-test/target/test-dir/MiniOzoneClusterImpl-a33d77e5-464b-4d19-8e6b-a171e580bf0e/datanode-1/data/ratis/f7af0423-ab68-4a8b-a360-599e264902a2] INFO  impl.RaftServerImpl (ServerState.java:close(394)) - fd3cd5f9-4f1c-43ea-91b1-b85a1f6c3825:group-599E264902A2 closes. The last applied log index is -1
2019-09-20 09:27:38,188 [EventQueue-PipelineActionsForPipelineActionHandler] INFO  pipeline.SCMPipelineManager (SCMPipelineManager.java:finalizeAndDestroyPipeline(311)) - destroying pipeline:Pipeline[ Id: 426cee1f-5211-40e9-a944-6a1d135d282f, Nodes: 4840c00f-91d3-4881-a20b-4d0486ca97c0{ip: 192.168.36.99, host: pr-hdds-1569-p5fx8-1226042367, networkLocation: /default-rack, certSerialId: null}, Type:RATIS, Factor:ONE, State:OPEN]
2019-09-20 09:27:38,188 [fd3cd5f9-4f1c-43ea-91b1-b85a1f6c3825-SegmentedRaftLogWorker:Storage Directory /workdir/hadoop-ozone/integration-test/target/test-dir/MiniOzoneClusterImpl-a33d77e5-464b-4d19-8e6b-a171e580bf0e/datanode-1/data/ratis/f7af0423-ab68-4a8b-a360-599e264902a2] INFO  segmented.SegmentedRaftLogWorker (SegmentedRaftLogWorker.java:close(228)) - fd3cd5f9-4f1c-43ea-91b1-b85a1f6c3825-SegmentedRaftLogWorker:Storage Directory /workdir/hadoop-ozone/integration-test/target/test-dir/MiniOzoneClusterImpl-a33d77e5-464b-4d19-8e6b-a171e580bf0e/datanode-1/data/ratis/f7af0423-ab68-4a8b-a360-599e264902a2 close()
2019-09-20 09:27:38,188 [EventQueue-PipelineActionsForPipelineActionHandler] INFO  pipeline.PipelineStateManager (PipelineStateManager.java:finalizePipeline(123)) - Pipeline Pipeline[ Id: 426cee1f-5211-40e9-a944-6a1d135d282f, Nodes: 4840c00f-91d3-4881-a20b-4d0486ca97c0{ip: 192.168.36.99, host: pr-hdds-1569-p5fx8-1226042367, networkLocation: /default-rack, certSerialId: null}, Type:RATIS, Factor:ONE, State:CLOSED] moved to CLOSED state
2019-09-20 09:27:38,188 [EventQueue-PipelineActionsForPipelineActionHandler] ERROR pipeline.PipelineActionHandler (PipelineActionHandler.java:onMessage(60)) - Received pipeline action CLOSE for Pipeline[ Id: e4cf8645-d997-4e3d-812b-851d3f2d4801, Nodes: fd3cd5f9-4f1c-43ea-91b1-b85a1f6c3825{ip: 192.168.36.99, host: pr-hdds-1569-p5fx8-1226042367, networkLocation: /default-rack, certSerialId: null}, Type:RATIS, Factor:ONE, State:OPEN] from datanode fd3cd5f9-4f1c-43ea-91b1-b85a1f6c3825{ip: 192.168.36.99, host: pr-hdds-1569-p5fx8-1226042367, networkLocation: /default-rack, certSerialId: null}. Reason : fd3cd5f9-4f1c-43ea-91b1-b85a1f6c3825 is in candidate state for 12856ms
2019-09-20 09:27:38,188 [EventQueue-PipelineActionsForPipelineActionHandler] INFO  pipeline.SCMPipelineManager (SCMPipelineManager.java:finalizeAndDestroyPipeline(311)) - destroying pipeline:Pipeline[ Id: e4cf8645-d997-4e3d-812b-851d3f2d4801, Nodes: fd3cd5f9-4f1c-43ea-91b1-b85a1f6c3825{ip: 192.168.36.99, host: pr-hdds-1569-p5fx8-1226042367, networkLocation: /default-rack, certSerialId: null}, Type:RATIS, Factor:ONE, State:OPEN]
2019-09-20 09:27:38,189 [EventQueue-PipelineActionsForPipelineActionHandler] INFO  pipeline.PipelineStateManager (PipelineStateManager.java:finalizePipeline(123)) - Pipeline Pipeline[ Id: e4cf8645-d997-4e3d-812b-851d3f2d4801, Nodes: fd3cd5f9-4f1c-43ea-91b1-b85a1f6c3825{ip: 192.168.36.99, host: pr-hdds-1569-p5fx8-1226042367, networkLocation: /default-rack, certSerialId: null}, Type:RATIS, Factor:ONE, State:CLOSED] moved to CLOSED state
2019-09-20 09:27:38,189 [EventQueue-PipelineActionsForPipelineActionHandler] ERROR pipeline.PipelineActionHandler (PipelineActionHandler.java:onMessage(60)) - Received pipeline action CLOSE for Pipeline[ Id: 11819390-3bac-44aa-bd5b-d8e17ca343ee, Nodes: 871e6485-c22a-483f-9e07-d19e754685be{ip: 192.168.36.99, host: pr-hdds-1569-p5fx8-1226042367, networkLocation: /default-rack, certSerialId: null}, Type:RATIS, Factor:ONE, State:OPEN] from datanode 871e6485-c22a-483f-9e07-d19e754685be{ip: 192.168.36.99, host: pr-hdds-1569-p5fx8-1226042367, networkLocation: /default-rack, certSerialId: null}. Reason : 871e6485-c22a-483f-9e07-d19e754685be is in candidate state for 11361ms
2019-09-20 09:27:38,189 [EventQueue-PipelineActionsForPipelineActionHandler] INFO  pipeline.SCMPipelineManager (SCMPipelineManager.java:finalizeAndDestroyPipeline(311)) - destroying pipeline:Pipeline[ Id: 11819390-3bac-44aa-bd5b-d8e17ca343ee, Nodes: 871e6485-c22a-483f-9e07-d19e754685be{ip: 192.168.36.99, host: pr-hdds-1569-p5fx8-1226042367, networkLocation: /default-rack, certSerialId: null}, Type:RATIS, Factor:ONE, State:OPEN]
2019-09-20 09:27:38,190 [EventQueue-PipelineActionsForPipelineActionHandler] INFO  pipeline.PipelineStateManager (PipelineStateManager.java:finalizePipeline(123)) - Pipeline Pipeline[ Id: 11819390-3bac-44aa-bd5b-d8e17ca343ee, Nodes: 871e6485-c22a-483f-9e07-d19e754685be{ip: 192.168.36.99, host: pr-hdds-1569-p5fx8-1226042367, networkLocation: /default-rack, certSerialId: null}, Type:RATIS, Factor:ONE, State:CLOSED] moved to CLOSED state
2019-09-20 09:27:38,190 [EventQueue-PipelineActionsForPipelineActionHandler] ERROR pipeline.PipelineActionHandler (PipelineActionHandler.java:onMessage(60)) - Received pipeline action CLOSE for Pipeline[ Id: 80ea906b-5b01-4346-b80a-5eba6c781592, Nodes: dc7f40a9-6782-42c4-abab-c6b1682da047{ip: 192.168.36.99, host: pr-hdds-1569-p5fx8-1226042367, networkLocation: /default-rack, certSerialId: null}, Type:RATIS, Factor:ONE, State:OPEN] from datanode dc7f40a9-6782-42c4-abab-c6b1682da047{ip: 192.168.36.99, host: pr-hdds-1569-p5fx8-1226042367, networkLocation: /default-rack, certSerialId: null}. Reason : dc7f40a9-6782-42c4-abab-c6b1682da047 is in candidate state for 12396ms
2019-09-20 09:27:38,190 [EventQueue-PipelineActionsForPipelineActionHandler] INFO  pipeline.SCMPipelineManager (SCMPipelineManager.java:finalizeAndDestroyPipeline(311)) - destroying pipeline:Pipeline[ Id: 80ea906b-5b01-4346-b80a-5eba6c781592, Nodes: dc7f40a9-6782-42c4-abab-c6b1682da047{ip: 192.168.36.99, host: pr-hdds-1569-p5fx8-1226042367, networkLocation: /default-rack, certSerialId: null}, Type:RATIS, Factor:ONE, State:OPEN]
2019-09-20 09:27:38,190 [EventQueue-PipelineActionsForPipelineActionHandler] INFO  pipeline.PipelineStateManager (PipelineStateManager.java:finalizePipeline(123)) - Pipeline Pipeline[ Id: 80ea906b-5b01-4346-b80a-5eba6c781592, Nodes: dc7f40a9-6782-42c4-abab-c6b1682da047{ip: 192.168.36.99, host: pr-hdds-1569-p5fx8-1226042367, networkLocation: /default-rack, certSerialId: null}, Type:RATIS, Factor:ONE, State:CLOSED] moved to CLOSED state
2019-09-20 09:27:38,191 [EventQueue-PipelineActionsForPipelineActionHandler] ERROR pipeline.PipelineActionHandler (PipelineActionHandler.java:onMessage(60)) - Received pipeline action CLOSE for Pipeline[ Id: 337514f6-077d-456e-9709-e6a3e0dd5830, Nodes: fd3cd5f9-4f1c-43ea-91b1-b85a1f6c3825{ip: 192.168.36.99, host: pr-hdds-1569-p5fx8-1226042367, networkLocation: /default-rack, certSerialId: null}, Type:RATIS, Factor:ONE, State:OPEN] from datanode fd3cd5f9-4f1c-43ea-91b1-b85a1f6c3825{ip: 192.168.36.99, host: pr-hdds-1569-p5fx8-1226042367, networkLocation: /default-rack, certSerialId: null}. Reason : fd3cd5f9-4f1c-43ea-91b1-b85a1f6c3825 is in candidate state for 13673ms
2019-09-20 09:27:38,191 [EventQueue-PipelineActionsForPipelineActionHandler] INFO  pipeline.SCMPipelineManager (SCMPipelineManager.java:finalizeAndDestroyPipeline(311)) - destroying pipeline:Pipeline[ Id: 337514f6-077d-456e-9709-e6a3e0dd5830, Nodes: fd3cd5f9-4f1c-43ea-91b1-b85a1f6c3825{ip: 192.168.36.99, host: pr-hdds-1569-p5fx8-1226042367, networkLocation: /default-rack, certSerialId: null}, Type:RATIS, Factor:ONE, State:OPEN]
2019-09-20 09:27:38,191 [EventQueue-PipelineActionsForPipelineActionHandler] INFO  pipeline.PipelineStateManager (PipelineStateManager.java:finalizePipeline(123)) - Pipeline Pipeline[ Id: 337514f6-077d-456e-9709-e6a3e0dd5830, Nodes: fd3cd5f9-4f1c-43ea-91b1-b85a1f6c3825{ip: 192.168.36.99, host: pr-hdds-1569-p5fx8-1226042367, networkLocation: /default-rack, certSerialId: null}, Type:RATIS, Factor:ONE, State:CLOSED] moved to CLOSED state
2019-09-20 09:27:38,191 [EventQueue-PipelineActionsForPipelineActionHandler] ERROR pipeline.PipelineActionHandler (PipelineActionHandler.java:onMessage(60)) - Received pipeline action CLOSE for Pipeline[ Id: 446a03c2-7c02-44a3-8b46-27e0cbf426eb, Nodes: 492ed782-6ab3-4ad9-945e-06def6ac7c96{ip: 192.168.36.99, host: pr-hdds-1569-p5fx8-1226042367, networkLocation: /default-rack, certSerialId: null}, Type:RATIS, Factor:ONE, State:OPEN] from datanode 492ed782-6ab3-4ad9-945e-06def6ac7c96{ip: 192.168.36.99, host: pr-hdds-1569-p5fx8-1226042367, networkLocation: /default-rack, certSerialId: null}. Reason : 492ed782-6ab3-4ad9-945e-06def6ac7c96 is in candidate state for 18083ms
2019-09-20 09:27:38,191 [EventQueue-PipelineActionsForPipelineActionHandler] INFO  pipeline.SCMPipelineManager (SCMPipelineManager.java:finalizeAndDestroyPipeline(311)) - destroying pipeline:Pipeline[ Id: 446a03c2-7c02-44a3-8b46-27e0cbf426eb, Nodes: 492ed782-6ab3-4ad9-945e-06def6ac7c96{ip: 192.168.36.99, host: pr-hdds-1569-p5fx8-1226042367, networkLocation: /default-rack, certSerialId: null}, Type:RATIS, Factor:ONE, State:OPEN]
2019-09-20 09:27:38,192 [EventQueue-PipelineActionsForPipelineActionHandler] INFO  pipeline.PipelineStateManager (PipelineStateManager.java:finalizePipeline(123)) - Pipeline Pipeline[ Id: 446a03c2-7c02-44a3-8b46-27e0cbf426eb, Nodes: 492ed782-6ab3-4ad9-945e-06def6ac7c96{ip: 192.168.36.99, host: pr-hdds-1569-p5fx8-1226042367, networkLocation: /default-rack, certSerialId: null}, Type:RATIS, Factor:ONE, State:CLOSED] moved to CLOSED state
2019-09-20 09:27:38,215 [fd3cd5f9-4f1c-43ea-91b1-b85a1f6c3825-SegmentedRaftLogWorker:Storage Directory /workdir/hadoop-ozone/integration-test/target/test-dir/MiniOzoneClusterImpl-a33d77e5-464b-4d19-8e6b-a171e580bf0e/datanode-1/data/ratis/e4cf8645-d997-4e3d-812b-851d3f2d4801] ERROR segmented.SegmentedRaftLogWorker (SegmentedRaftLogWorker.java:run(323)) - fd3cd5f9-4f1c-43ea-91b1-b85a1f6c3825-SegmentedRaftLogWorker:Storage Directory /workdir/hadoop-ozone/integration-test/target/test-dir/MiniOzoneClusterImpl-a33d77e5-464b-4d19-8e6b-a171e580bf0e/datanode-1/data/ratis/e4cf8645-d997-4e3d-812b-851d3f2d4801 hit exception
java.lang.OutOfMemoryError: Direct buffer memory
	at java.nio.Bits.reserveMemory(Bits.java:666)
	at java.nio.DirectByteBuffer.<init>(DirectByteBuffer.java:123)
	at java.nio.ByteBuffer.allocateDirect(ByteBuffer.java:311)
	at org.apache.ratis.server.raftlog.segmented.BufferedWriteChannel.<init>(BufferedWriteChannel.java:41)
	at org.apache.ratis.server.raftlog.segmented.SegmentedRaftLogOutputStream.<init>(SegmentedRaftLogOutputStream.java:72)
	at org.apache.ratis.server.raftlog.segmented.SegmentedRaftLogWorker$StartLogSegment.execute(SegmentedRaftLogWorker.java:566)
	at org.apache.ratis.server.raftlog.segmented.SegmentedRaftLogWorker.run(SegmentedRaftLogWorker.java:289)
	at java.lang.Thread.run(Thread.java:748)
2019-09-20 09:27:38,215 [fd3cd5f9-4f1c-43ea-91b1-b85a1f6c3825-SegmentedRaftLogWorker:Storage Directory /workdir/hadoop-ozone/integration-test/target/test-dir/MiniOzoneClusterImpl-a33d77e5-464b-4d19-8e6b-a171e580bf0e/datanode-1/data/ratis/e4cf8645-d997-4e3d-812b-851d3f2d4801] INFO  impl.RaftServerImpl (RaftServerImpl.java:lambda$shutdown$3(245)) - fd3cd5f9-4f1c-43ea-91b1-b85a1f6c3825: shutdown group-851D3F2D4801
2019-09-20 09:27:38,215 [fd3cd5f9-4f1c-43ea-91b1-b85a1f6c3825-SegmentedRaftLogWorker:Storage Directory /workdir/hadoop-ozone/integration-test/target/test-dir/MiniOzoneClusterImpl-a33d77e5-464b-4d19-8e6b-a171e580bf0e/datanode-1/data/ratis/e4cf8645-d997-4e3d-812b-851d3f2d4801] INFO  util.JmxRegister (JmxRegister.java:unregister(73)) - Successfully un-registered JMX Bean with object name Ratis:service=RaftServer,group=group-851D3F2D4801,id=fd3cd5f9-4f1c-43ea-91b1-b85a1f6c3825
2019-09-20 09:27:38,215 [fd3cd5f9-4f1c-43ea-91b1-b85a1f6c3825-SegmentedRaftLogWorker:Storage Directory /workdir/hadoop-ozone/integration-test/target/test-dir/MiniOzoneClusterImpl-a33d77e5-464b-4d19-8e6b-a171e580bf0e/datanode-1/data/ratis/e4cf8645-d997-4e3d-812b-851d3f2d4801] INFO  impl.RoleInfo (RoleInfo.java:shutdownLeaderState(104)) - fd3cd5f9-4f1c-43ea-91b1-b85a1f6c3825: shutdown LeaderState
2019-09-20 09:27:38,216 [fd3cd5f9-4f1c-43ea-91b1-b85a1f6c3825-SegmentedRaftLogWorker:Storage Directory /workdir/hadoop-ozone/integration-test/target/test-dir/MiniOzoneClusterImpl-a33d77e5-464b-4d19-8e6b-a171e580bf0e/datanode-1/data/ratis/e4cf8645-d997-4e3d-812b-851d3f2d4801] INFO  impl.PendingRequests (PendingRequests.java:sendNotLeaderResponses(202)) - fd3cd5f9-4f1c-43ea-91b1-b85a1f6c3825-PendingRequests: sendNotLeaderResponses
2019-09-20 09:27:38,216 [fd3cd5f9-4f1c-43ea-91b1-b85a1f6c3825-SegmentedRaftLogWorker:Storage Directory /workdir/hadoop-ozone/integration-test/target/test-dir/MiniOzoneClusterImpl-a33d77e5-464b-4d19-8e6b-a171e580bf0e/datanode-1/data/ratis/e4cf8645-d997-4e3d-812b-851d3f2d4801] INFO  impl.StateMachineUpdater (StateMachineUpdater.java:stopAndJoin(115)) - StateMachineUpdater:fd3cd5f9-4f1c-43ea-91b1-b85a1f6c3825:group-851D3F2D4801: set stopIndex = -1
2019-09-20 09:27:38,216 [fd3cd5f9-4f1c-43ea-91b1-b85a1f6c3825-SegmentedRaftLogWorker:Storage Directory /workdir/hadoop-ozone/integration-test/target/test-dir/MiniOzoneClusterImpl-a33d77e5-464b-4d19-8e6b-a171e580bf0e/datanode-1/data/ratis/e4cf8645-d997-4e3d-812b-851d3f2d4801] INFO  impl.RaftServerImpl (ServerState.java:close(394)) - fd3cd5f9-4f1c-43ea-91b1-b85a1f6c3825:group-851D3F2D4801 closes. The last applied log index is -1
2019-09-20 09:27:38,216 [fd3cd5f9-4f1c-43ea-91b1-b85a1f6c3825-SegmentedRaftLogWorker:Storage Directory /workdir/hadoop-ozone/integration-test/target/test-dir/MiniOzoneClusterImpl-a33d77e5-464b-4d19-8e6b-a171e580bf0e/datanode-1/data/ratis/e4cf8645-d997-4e3d-812b-851d3f2d4801] INFO  segmented.SegmentedRaftLogWorker (SegmentedRaftLogWorker.java:close(228)) - fd3cd5f9-4f1c-43ea-91b1-b85a1f6c3825-SegmentedRaftLogWorker:Storage Directory /workdir/hadoop-ozone/integration-test/target/test-dir/MiniOzoneClusterImpl-a33d77e5-464b-4d19-8e6b-a171e580bf0e/datanode-1/data/ratis/e4cf8645-d997-4e3d-812b-851d3f2d4801 close()
2019-09-20 09:27:38,436 [4840c00f-91d3-4881-a20b-4d0486ca97c0-SegmentedRaftLogWorker:Storage Directory /workdir/hadoop-ozone/integration-test/target/test-dir/MiniOzoneClusterImpl-a33d77e5-464b-4d19-8e6b-a171e580bf0e/datanode-3/data/ratis/d9b560f2-a46e-4e98-97ad-746bfff34f3b] ERROR segmented.SegmentedRaftLogWorker (SegmentedRaftLogWorker.java:run(323)) - 4840c00f-91d3-4881-a20b-4d0486ca97c0-SegmentedRaftLogWorker:Storage Directory /workdir/hadoop-ozone/integration-test/target/test-dir/MiniOzoneClusterImpl-a33d77e5-464b-4d19-8e6b-a171e580bf0e/datanode-3/data/ratis/d9b560f2-a46e-4e98-97ad-746bfff34f3b hit exception
java.lang.OutOfMemoryError: Direct buffer memory
	at java.nio.Bits.reserveMemory(Bits.java:666)
	at java.nio.DirectByteBuffer.<init>(DirectByteBuffer.java:123)
	at java.nio.ByteBuffer.allocateDirect(ByteBuffer.java:311)
	at org.apache.ratis.server.raftlog.segmented.BufferedWriteChannel.<init>(BufferedWriteChannel.java:41)
	at org.apache.ratis.server.raftlog.segmented.SegmentedRaftLogOutputStream.<init>(SegmentedRaftLogOutputStream.java:72)
	at org.apache.ratis.server.raftlog.segmented.SegmentedRaftLogWorker$StartLogSegment.execute(SegmentedRaftLogWorker.java:566)
	at org.apache.ratis.server.raftlog.segmented.SegmentedRaftLogWorker.run(SegmentedRaftLogWorker.java:289)
	at java.lang.Thread.run(Thread.java:748)
2019-09-20 09:27:38,436 [4840c00f-91d3-4881-a20b-4d0486ca97c0-SegmentedRaftLogWorker:Storage Directory /workdir/hadoop-ozone/integration-test/target/test-dir/MiniOzoneClusterImpl-a33d77e5-464b-4d19-8e6b-a171e580bf0e/datanode-3/data/ratis/d9b560f2-a46e-4e98-97ad-746bfff34f3b] INFO  impl.RaftServerImpl (RaftServerImpl.java:lambda$shutdown$3(245)) - 4840c00f-91d3-4881-a20b-4d0486ca97c0: shutdown group-746BFFF34F3B
2019-09-20 09:27:38,436 [4840c00f-91d3-4881-a20b-4d0486ca97c0-SegmentedRaftLogWorker:Storage Directory /workdir/hadoop-ozone/integration-test/target/test-dir/MiniOzoneClusterImpl-a33d77e5-464b-4d19-8e6b-a171e580bf0e/datanode-3/data/ratis/d9b560f2-a46e-4e98-97ad-746bfff34f3b] INFO  util.JmxRegister (JmxRegister.java:unregister(73)) - Successfully un-registered JMX Bean with object name Ratis:service=RaftServer,group=group-746BFFF34F3B,id=4840c00f-91d3-4881-a20b-4d0486ca97c0
2019-09-20 09:27:38,437 [4840c00f-91d3-4881-a20b-4d0486ca97c0-SegmentedRaftLogWorker:Storage Directory /workdir/hadoop-ozone/integration-test/target/test-dir/MiniOzoneClusterImpl-a33d77e5-464b-4d19-8e6b-a171e580bf0e/datanode-3/data/ratis/d9b560f2-a46e-4e98-97ad-746bfff34f3b] INFO  impl.RoleInfo (RoleInfo.java:shutdownLeaderState(104)) - 4840c00f-91d3-4881-a20b-4d0486ca97c0: shutdown LeaderState
2019-09-20 09:27:38,437 [4840c00f-91d3-4881-a20b-4d0486ca97c0-SegmentedRaftLogWorker:Storage Directory /workdir/hadoop-ozone/integration-test/target/test-dir/MiniOzoneClusterImpl-a33d77e5-464b-4d19-8e6b-a171e580bf0e/datanode-3/data/ratis/d9b560f2-a46e-4e98-97ad-746bfff34f3b] INFO  impl.PendingRequests (PendingRequests.java:sendNotLeaderResponses(202)) - 4840c00f-91d3-4881-a20b-4d0486ca97c0-PendingRequests: sendNotLeaderResponses
2019-09-20 09:27:38,437 [4840c00f-91d3-4881-a20b-4d0486ca97c0-SegmentedRaftLogWorker:Storage Directory /workdir/hadoop-ozone/integration-test/target/test-dir/MiniOzoneClusterImpl-a33d77e5-464b-4d19-8e6b-a171e580bf0e/datanode-3/data/ratis/d9b560f2-a46e-4e98-97ad-746bfff34f3b] INFO  impl.StateMachineUpdater (StateMachineUpdater.java:stopAndJoin(115)) - StateMachineUpdater:4840c00f-91d3-4881-a20b-4d0486ca97c0:group-746BFFF34F3B: set stopIndex = -1
2019-09-20 09:27:38,437 [4840c00f-91d3-4881-a20b-4d0486ca97c0-SegmentedRaftLogWorker:Storage Directory /workdir/hadoop-ozone/integration-test/target/test-dir/MiniOzoneClusterImpl-a33d77e5-464b-4d19-8e6b-a171e580bf0e/datanode-3/data/ratis/d9b560f2-a46e-4e98-97ad-746bfff34f3b] INFO  impl.RaftServerImpl (ServerState.java:close(394)) - 4840c00f-91d3-4881-a20b-4d0486ca97c0:group-746BFFF34F3B closes. The last applied log index is -1
2019-09-20 09:27:38,437 [4840c00f-91d3-4881-a20b-4d0486ca97c0-SegmentedRaftLogWorker:Storage Directory /workdir/hadoop-ozone/integration-test/target/test-dir/MiniOzoneClusterImpl-a33d77e5-464b-4d19-8e6b-a171e580bf0e/datanode-3/data/ratis/d9b560f2-a46e-4e98-97ad-746bfff34f3b] INFO  segmented.SegmentedRaftLogWorker (SegmentedRaftLogWorker.java:close(228)) - 4840c00f-91d3-4881-a20b-4d0486ca97c0-SegmentedRaftLogWorker:Storage Directory /workdir/hadoop-ozone/integration-test/target/test-dir/MiniOzoneClusterImpl-a33d77e5-464b-4d19-8e6b-a171e580bf0e/datanode-3/data/ratis/d9b560f2-a46e-4e98-97ad-746bfff34f3b close()
2019-09-20 09:27:38,497 | INFO  | SCMAudit | user=jenkins1000 | ip=192.168.36.99 | op=SEND_HEARTBEAT {datanodeUUID=492ed782-6ab3-4ad9-945e-06def6ac7c96, command=[]} | ret=SUCCESS |  
2019-09-20 09:27:38,497 | INFO  | SCMAudit | user=jenkins1000 | ip=192.168.36.99 | op=SEND_HEARTBEAT {datanodeUUID=02b93e76-e4c6-4b67-b8a4-c536d9ab7224, command=[]} | ret=SUCCESS |  
2019-09-20 09:27:38,499 | INFO  | SCMAudit | user=jenkins1000 | ip=192.168.36.99 | op=SEND_HEARTBEAT {datanodeUUID=871e6485-c22a-483f-9e07-d19e754685be, command=[]} | ret=SUCCESS |  
2019-09-20 09:27:38,499 | INFO  | SCMAudit | user=jenkins1000 | ip=192.168.36.99 | op=SEND_HEARTBEAT {datanodeUUID=dc7f40a9-6782-42c4-abab-c6b1682da047, command=[]} | ret=SUCCESS |  
2019-09-20 09:27:38,564 [4840c00f-91d3-4881-a20b-4d0486ca97c0-SegmentedRaftLogWorker:Storage Directory /workdir/hadoop-ozone/integration-test/target/test-dir/MiniOzoneClusterImpl-a33d77e5-464b-4d19-8e6b-a171e580bf0e/datanode-3/data/ratis/426cee1f-5211-40e9-a944-6a1d135d282f] ERROR segmented.SegmentedRaftLogWorker (SegmentedRaftLogWorker.java:run(323)) - 4840c00f-91d3-4881-a20b-4d0486ca97c0-SegmentedRaftLogWorker:Storage Directory /workdir/hadoop-ozone/integration-test/target/test-dir/MiniOzoneClusterImpl-a33d77e5-464b-4d19-8e6b-a171e580bf0e/datanode-3/data/ratis/426cee1f-5211-40e9-a944-6a1d135d282f hit exception
java.lang.OutOfMemoryError: Direct buffer memory
	at java.nio.Bits.reserveMemory(Bits.java:666)
	at java.nio.DirectByteBuffer.<init>(DirectByteBuffer.java:123)
	at java.nio.ByteBuffer.allocateDirect(ByteBuffer.java:311)
	at org.apache.ratis.server.raftlog.segmented.BufferedWriteChannel.<init>(BufferedWriteChannel.java:41)
	at org.apache.ratis.server.raftlog.segmented.SegmentedRaftLogOutputStream.<init>(SegmentedRaftLogOutputStream.java:72)
	at org.apache.ratis.server.raftlog.segmented.SegmentedRaftLogWorker$StartLogSegment.execute(SegmentedRaftLogWorker.java:566)
	at org.apache.ratis.server.raftlog.segmented.SegmentedRaftLogWorker.run(SegmentedRaftLogWorker.java:289)
	at java.lang.Thread.run(Thread.java:748)
2019-09-20 09:27:38,564 [fd3cd5f9-4f1c-43ea-91b1-b85a1f6c3825-SegmentedRaftLogWorker:Storage Directory /workdir/hadoop-ozone/integration-test/target/test-dir/MiniOzoneClusterImpl-a33d77e5-464b-4d19-8e6b-a171e580bf0e/datanode-1/data/ratis/337514f6-077d-456e-9709-e6a3e0dd5830] ERROR segmented.SegmentedRaftLogWorker (SegmentedRaftLogWorker.java:run(323)) - fd3cd5f9-4f1c-43ea-91b1-b85a1f6c3825-SegmentedRaftLogWorker:Storage Directory /workdir/hadoop-ozone/integration-test/target/test-dir/MiniOzoneClusterImpl-a33d77e5-464b-4d19-8e6b-a171e580bf0e/datanode-1/data/ratis/337514f6-077d-456e-9709-e6a3e0dd5830 hit exception
java.lang.OutOfMemoryError: Direct buffer memory
	at java.nio.Bits.reserveMemory(Bits.java:666)
	at java.nio.DirectByteBuffer.<init>(DirectByteBuffer.java:123)
	at java.nio.ByteBuffer.allocateDirect(ByteBuffer.java:311)
	at org.apache.ratis.server.raftlog.segmented.BufferedWriteChannel.<init>(BufferedWriteChannel.java:41)
	at org.apache.ratis.server.raftlog.segmented.SegmentedRaftLogOutputStream.<init>(SegmentedRaftLogOutputStream.java:72)
	at org.apache.ratis.server.raftlog.segmented.SegmentedRaftLogWorker$StartLogSegment.execute(SegmentedRaftLogWorker.java:566)
	at org.apache.ratis.server.raftlog.segmented.SegmentedRaftLogWorker.run(SegmentedRaftLogWorker.java:289)
	at java.lang.Thread.run(Thread.java:748)
2019-09-20 09:27:38,564 [4840c00f-91d3-4881-a20b-4d0486ca97c0-SegmentedRaftLogWorker:Storage Directory /workdir/hadoop-ozone/integration-test/target/test-dir/MiniOzoneClusterImpl-a33d77e5-464b-4d19-8e6b-a171e580bf0e/datanode-3/data/ratis/426cee1f-5211-40e9-a944-6a1d135d282f] INFO  impl.RaftServerImpl (RaftServerImpl.java:lambda$shutdown$3(245)) - 4840c00f-91d3-4881-a20b-4d0486ca97c0: shutdown group-6A1D135D282F
2019-09-20 09:27:38,565 [fd3cd5f9-4f1c-43ea-91b1-b85a1f6c3825-SegmentedRaftLogWorker:Storage Directory /workdir/hadoop-ozone/integration-test/target/test-dir/MiniOzoneClusterImpl-a33d77e5-464b-4d19-8e6b-a171e580bf0e/datanode-1/data/ratis/337514f6-077d-456e-9709-e6a3e0dd5830] INFO  impl.RaftServerImpl (RaftServerImpl.java:lambda$shutdown$3(245)) - fd3cd5f9-4f1c-43ea-91b1-b85a1f6c3825: shutdown group-E6A3E0DD5830
2019-09-20 09:27:38,565 [4840c00f-91d3-4881-a20b-4d0486ca97c0-SegmentedRaftLogWorker:Storage Directory /workdir/hadoop-ozone/integration-test/target/test-dir/MiniOzoneClusterImpl-a33d77e5-464b-4d19-8e6b-a171e580bf0e/datanode-3/data/ratis/426cee1f-5211-40e9-a944-6a1d135d282f] INFO  util.JmxRegister (JmxRegister.java:unregister(73)) - Successfully un-registered JMX Bean with object name Ratis:service=RaftServer,group=group-6A1D135D282F,id=4840c00f-91d3-4881-a20b-4d0486ca97c0
2019-09-20 09:27:38,565 [fd3cd5f9-4f1c-43ea-91b1-b85a1f6c3825-SegmentedRaftLogWorker:Storage Directory /workdir/hadoop-ozone/integration-test/target/test-dir/MiniOzoneClusterImpl-a33d77e5-464b-4d19-8e6b-a171e580bf0e/datanode-1/data/ratis/337514f6-077d-456e-9709-e6a3e0dd5830] INFO  util.JmxRegister (JmxRegister.java:unregister(73)) - Successfully un-registered JMX Bean with object name Ratis:service=RaftServer,group=group-E6A3E0DD5830,id=fd3cd5f9-4f1c-43ea-91b1-b85a1f6c3825
2019-09-20 09:27:38,565 [4840c00f-91d3-4881-a20b-4d0486ca97c0-SegmentedRaftLogWorker:Storage Directory /workdir/hadoop-ozone/integration-test/target/test-dir/MiniOzoneClusterImpl-a33d77e5-464b-4d19-8e6b-a171e580bf0e/datanode-3/data/ratis/426cee1f-5211-40e9-a944-6a1d135d282f] INFO  impl.RoleInfo (RoleInfo.java:shutdownLeaderState(104)) - 4840c00f-91d3-4881-a20b-4d0486ca97c0: shutdown LeaderState
2019-09-20 09:27:38,565 [fd3cd5f9-4f1c-43ea-91b1-b85a1f6c3825-SegmentedRaftLogWorker:Storage Directory /workdir/hadoop-ozone/integration-test/target/test-dir/MiniOzoneClusterImpl-a33d77e5-464b-4d19-8e6b-a171e580bf0e/datanode-1/data/ratis/337514f6-077d-456e-9709-e6a3e0dd5830] INFO  impl.RoleInfo (RoleInfo.java:shutdownLeaderState(104)) - fd3cd5f9-4f1c-43ea-91b1-b85a1f6c3825: shutdown LeaderState
2019-09-20 09:27:38,565 [4840c00f-91d3-4881-a20b-4d0486ca97c0-SegmentedRaftLogWorker:Storage Directory /workdir/hadoop-ozone/integration-test/target/test-dir/MiniOzoneClusterImpl-a33d77e5-464b-4d19-8e6b-a171e580bf0e/datanode-3/data/ratis/426cee1f-5211-40e9-a944-6a1d135d282f] INFO  impl.PendingRequests (PendingRequests.java:sendNotLeaderResponses(202)) - 4840c00f-91d3-4881-a20b-4d0486ca97c0-PendingRequests: sendNotLeaderResponses
2019-09-20 09:27:38,565 [fd3cd5f9-4f1c-43ea-91b1-b85a1f6c3825-SegmentedRaftLogWorker:Storage Directory /workdir/hadoop-ozone/integration-test/target/test-dir/MiniOzoneClusterImpl-a33d77e5-464b-4d19-8e6b-a171e580bf0e/datanode-1/data/ratis/337514f6-077d-456e-9709-e6a3e0dd5830] INFO  impl.PendingRequests (PendingRequests.java:sendNotLeaderResponses(202)) - fd3cd5f9-4f1c-43ea-91b1-b85a1f6c3825-PendingRequests: sendNotLeaderResponses
2019-09-20 09:27:38,566 [4840c00f-91d3-4881-a20b-4d0486ca97c0-SegmentedRaftLogWorker:Storage Directory /workdir/hadoop-ozone/integration-test/target/test-dir/MiniOzoneClusterImpl-a33d77e5-464b-4d19-8e6b-a171e580bf0e/datanode-3/data/ratis/426cee1f-5211-40e9-a944-6a1d135d282f] INFO  impl.StateMachineUpdater (StateMachineUpdater.java:stopAndJoin(115)) - StateMachineUpdater:4840c00f-91d3-4881-a20b-4d0486ca97c0:group-6A1D135D282F: set stopIndex = -1
2019-09-20 09:27:38,566 [fd3cd5f9-4f1c-43ea-91b1-b85a1f6c3825-SegmentedRaftLogWorker:Storage Directory /workdir/hadoop-ozone/integration-test/target/test-dir/MiniOzoneClusterImpl-a33d77e5-464b-4d19-8e6b-a171e580bf0e/datanode-1/data/ratis/337514f6-077d-456e-9709-e6a3e0dd5830] INFO  impl.StateMachineUpdater (StateMachineUpdater.java:stopAndJoin(115)) - StateMachineUpdater:fd3cd5f9-4f1c-43ea-91b1-b85a1f6c3825:group-E6A3E0DD5830: set stopIndex = -1
2019-09-20 09:27:38,566 [fd3cd5f9-4f1c-43ea-91b1-b85a1f6c3825-SegmentedRaftLogWorker:Storage Directory /workdir/hadoop-ozone/integration-test/target/test-dir/MiniOzoneClusterImpl-a33d77e5-464b-4d19-8e6b-a171e580bf0e/datanode-1/data/ratis/337514f6-077d-456e-9709-e6a3e0dd5830] INFO  impl.RaftServerImpl (ServerState.java:close(394)) - fd3cd5f9-4f1c-43ea-91b1-b85a1f6c3825:group-E6A3E0DD5830 closes. The last applied log index is -1
2019-09-20 09:27:38,566 [fd3cd5f9-4f1c-43ea-91b1-b85a1f6c3825-SegmentedRaftLogWorker:Storage Directory /workdir/hadoop-ozone/integration-test/target/test-dir/MiniOzoneClusterImpl-a33d77e5-464b-4d19-8e6b-a171e580bf0e/datanode-1/data/ratis/337514f6-077d-456e-9709-e6a3e0dd5830] INFO  segmented.SegmentedRaftLogWorker (SegmentedRaftLogWorker.java:close(228)) - fd3cd5f9-4f1c-43ea-91b1-b85a1f6c3825-SegmentedRaftLogWorker:Storage Directory /workdir/hadoop-ozone/integration-test/target/test-dir/MiniOzoneClusterImpl-a33d77e5-464b-4d19-8e6b-a171e580bf0e/datanode-1/data/ratis/337514f6-077d-456e-9709-e6a3e0dd5830 close()
2019-09-20 09:27:38,566 [4840c00f-91d3-4881-a20b-4d0486ca97c0-SegmentedRaftLogWorker:Storage Directory /workdir/hadoop-ozone/integration-test/target/test-dir/MiniOzoneClusterImpl-a33d77e5-464b-4d19-8e6b-a171e580bf0e/datanode-3/data/ratis/426cee1f-5211-40e9-a944-6a1d135d282f] INFO  impl.RaftServerImpl (ServerState.java:close(394)) - 4840c00f-91d3-4881-a20b-4d0486ca97c0:group-6A1D135D282F closes. The last applied log index is -1
2019-09-20 09:27:38,567 [4840c00f-91d3-4881-a20b-4d0486ca97c0-SegmentedRaftLogWorker:Storage Directory /workdir/hadoop-ozone/integration-test/target/test-dir/MiniOzoneClusterImpl-a33d77e5-464b-4d19-8e6b-a171e580bf0e/datanode-3/data/ratis/426cee1f-5211-40e9-a944-6a1d135d282f] INFO  segmented.SegmentedRaftLogWorker (SegmentedRaftLogWorker.java:close(228)) - 4840c00f-91d3-4881-a20b-4d0486ca97c0-SegmentedRaftLogWorker:Storage Directory /workdir/hadoop-ozone/integration-test/target/test-dir/MiniOzoneClusterImpl-a33d77e5-464b-4d19-8e6b-a171e580bf0e/datanode-3/data/ratis/426cee1f-5211-40e9-a944-6a1d135d282f close()
2019-09-20 09:27:38,628 [dc7f40a9-6782-42c4-abab-c6b1682da047-SegmentedRaftLogWorker:Storage Directory /workdir/hadoop-ozone/integration-test/target/test-dir/MiniOzoneClusterImpl-a33d77e5-464b-4d19-8e6b-a171e580bf0e/datanode-5/data/ratis/80ea906b-5b01-4346-b80a-5eba6c781592] ERROR segmented.SegmentedRaftLogWorker (SegmentedRaftLogWorker.java:run(323)) - dc7f40a9-6782-42c4-abab-c6b1682da047-SegmentedRaftLogWorker:Storage Directory /workdir/hadoop-ozone/integration-test/target/test-dir/MiniOzoneClusterImpl-a33d77e5-464b-4d19-8e6b-a171e580bf0e/datanode-5/data/ratis/80ea906b-5b01-4346-b80a-5eba6c781592 hit exception
java.lang.OutOfMemoryError: Direct buffer memory
	at java.nio.Bits.reserveMemory(Bits.java:666)
	at java.nio.DirectByteBuffer.<init>(DirectByteBuffer.java:123)
	at java.nio.ByteBuffer.allocateDirect(ByteBuffer.java:311)
	at org.apache.ratis.server.raftlog.segmented.BufferedWriteChannel.<init>(BufferedWriteChannel.java:41)
	at org.apache.ratis.server.raftlog.segmented.SegmentedRaftLogOutputStream.<init>(SegmentedRaftLogOutputStream.java:72)
	at org.apache.ratis.server.raftlog.segmented.SegmentedRaftLogWorker$StartLogSegment.execute(SegmentedRaftLogWorker.java:566)
	at org.apache.ratis.server.raftlog.segmented.SegmentedRaftLogWorker.run(SegmentedRaftLogWorker.java:289)
	at java.lang.Thread.run(Thread.java:748)
2019-09-20 09:27:38,629 [dc7f40a9-6782-42c4-abab-c6b1682da047-SegmentedRaftLogWorker:Storage Directory /workdir/hadoop-ozone/integration-test/target/test-dir/MiniOzoneClusterImpl-a33d77e5-464b-4d19-8e6b-a171e580bf0e/datanode-5/data/ratis/80ea906b-5b01-4346-b80a-5eba6c781592] INFO  impl.RaftServerImpl (RaftServerImpl.java:lambda$shutdown$3(245)) - dc7f40a9-6782-42c4-abab-c6b1682da047: shutdown group-5EBA6C781592
2019-09-20 09:27:38,629 [dc7f40a9-6782-42c4-abab-c6b1682da047-SegmentedRaftLogWorker:Storage Directory /workdir/hadoop-ozone/integration-test/target/test-dir/MiniOzoneClusterImpl-a33d77e5-464b-4d19-8e6b-a171e580bf0e/datanode-5/data/ratis/80ea906b-5b01-4346-b80a-5eba6c781592] INFO  util.JmxRegister (JmxRegister.java:unregister(73)) - Successfully un-registered JMX Bean with object name Ratis:service=RaftServer,group=group-5EBA6C781592,id=dc7f40a9-6782-42c4-abab-c6b1682da047
2019-09-20 09:27:38,629 [dc7f40a9-6782-42c4-abab-c6b1682da047-SegmentedRaftLogWorker:Storage Directory /workdir/hadoop-ozone/integration-test/target/test-dir/MiniOzoneClusterImpl-a33d77e5-464b-4d19-8e6b-a171e580bf0e/datanode-5/data/ratis/80ea906b-5b01-4346-b80a-5eba6c781592] INFO  impl.RoleInfo (RoleInfo.java:shutdownLeaderState(104)) - dc7f40a9-6782-42c4-abab-c6b1682da047: shutdown LeaderState
2019-09-20 09:27:38,629 [dc7f40a9-6782-42c4-abab-c6b1682da047-SegmentedRaftLogWorker:Storage Directory /workdir/hadoop-ozone/integration-test/target/test-dir/MiniOzoneClusterImpl-a33d77e5-464b-4d19-8e6b-a171e580bf0e/datanode-5/data/ratis/80ea906b-5b01-4346-b80a-5eba6c781592] INFO  impl.PendingRequests (PendingRequests.java:sendNotLeaderResponses(202)) - dc7f40a9-6782-42c4-abab-c6b1682da047-PendingRequests: sendNotLeaderResponses
2019-09-20 09:27:38,629 [dc7f40a9-6782-42c4-abab-c6b1682da047-SegmentedRaftLogWorker:Storage Directory /workdir/hadoop-ozone/integration-test/target/test-dir/MiniOzoneClusterImpl-a33d77e5-464b-4d19-8e6b-a171e580bf0e/datanode-5/data/ratis/80ea906b-5b01-4346-b80a-5eba6c781592] INFO  impl.StateMachineUpdater (StateMachineUpdater.java:stopAndJoin(115)) - StateMachineUpdater:dc7f40a9-6782-42c4-abab-c6b1682da047:group-5EBA6C781592: set stopIndex = -1
2019-09-20 09:27:38,629 [dc7f40a9-6782-42c4-abab-c6b1682da047-SegmentedRaftLogWorker:Storage Directory /workdir/hadoop-ozone/integration-test/target/test-dir/MiniOzoneClusterImpl-a33d77e5-464b-4d19-8e6b-a171e580bf0e/datanode-5/data/ratis/80ea906b-5b01-4346-b80a-5eba6c781592] INFO  impl.RaftServerImpl (ServerState.java:close(394)) - dc7f40a9-6782-42c4-abab-c6b1682da047:group-5EBA6C781592 closes. The last applied log index is -1
2019-09-20 09:27:38,629 [dc7f40a9-6782-42c4-abab-c6b1682da047-SegmentedRaftLogWorker:Storage Directory /workdir/hadoop-ozone/integration-test/target/test-dir/MiniOzoneClusterImpl-a33d77e5-464b-4d19-8e6b-a171e580bf0e/datanode-5/data/ratis/80ea906b-5b01-4346-b80a-5eba6c781592] INFO  segmented.SegmentedRaftLogWorker (SegmentedRaftLogWorker.java:close(228)) - dc7f40a9-6782-42c4-abab-c6b1682da047-SegmentedRaftLogWorker:Storage Directory /workdir/hadoop-ozone/integration-test/target/test-dir/MiniOzoneClusterImpl-a33d77e5-464b-4d19-8e6b-a171e580bf0e/datanode-5/data/ratis/80ea906b-5b01-4346-b80a-5eba6c781592 close()
2019-09-20 09:27:38,677 [fd3cd5f9-4f1c-43ea-91b1-b85a1f6c3825-SegmentedRaftLogWorker:Storage Directory /workdir/hadoop-ozone/integration-test/target/test-dir/MiniOzoneClusterImpl-a33d77e5-464b-4d19-8e6b-a171e580bf0e/datanode-1/data/ratis/038e61cd-e32e-431f-b520-449cd00d9c0a] ERROR segmented.SegmentedRaftLogWorker (SegmentedRaftLogWorker.java:run(323)) - fd3cd5f9-4f1c-43ea-91b1-b85a1f6c3825-SegmentedRaftLogWorker:Storage Directory /workdir/hadoop-ozone/integration-test/target/test-dir/MiniOzoneClusterImpl-a33d77e5-464b-4d19-8e6b-a171e580bf0e/datanode-1/data/ratis/038e61cd-e32e-431f-b520-449cd00d9c0a hit exception
java.lang.OutOfMemoryError: Direct buffer memory
	at java.nio.Bits.reserveMemory(Bits.java:666)
	at java.nio.DirectByteBuffer.<init>(DirectByteBuffer.java:123)
	at java.nio.ByteBuffer.allocateDirect(ByteBuffer.java:311)
	at org.apache.ratis.server.raftlog.segmented.BufferedWriteChannel.<init>(BufferedWriteChannel.java:41)
	at org.apache.ratis.server.raftlog.segmented.SegmentedRaftLogOutputStream.<init>(SegmentedRaftLogOutputStream.java:72)
	at org.apache.ratis.server.raftlog.segmented.SegmentedRaftLogWorker$StartLogSegment.execute(SegmentedRaftLogWorker.java:566)
	at org.apache.ratis.server.raftlog.segmented.SegmentedRaftLogWorker.run(SegmentedRaftLogWorker.java:289)
	at java.lang.Thread.run(Thread.java:748)
2019-09-20 09:27:38,677 [fd3cd5f9-4f1c-43ea-91b1-b85a1f6c3825-SegmentedRaftLogWorker:Storage Directory /workdir/hadoop-ozone/integration-test/target/test-dir/MiniOzoneClusterImpl-a33d77e5-464b-4d19-8e6b-a171e580bf0e/datanode-1/data/ratis/038e61cd-e32e-431f-b520-449cd00d9c0a] INFO  impl.RaftServerImpl (RaftServerImpl.java:lambda$shutdown$3(245)) - fd3cd5f9-4f1c-43ea-91b1-b85a1f6c3825: shutdown group-449CD00D9C0A
2019-09-20 09:27:38,677 [fd3cd5f9-4f1c-43ea-91b1-b85a1f6c3825-SegmentedRaftLogWorker:Storage Directory /workdir/hadoop-ozone/integration-test/target/test-dir/MiniOzoneClusterImpl-a33d77e5-464b-4d19-8e6b-a171e580bf0e/datanode-1/data/ratis/038e61cd-e32e-431f-b520-449cd00d9c0a] INFO  util.JmxRegister (JmxRegister.java:unregister(73)) - Successfully un-registered JMX Bean with object name Ratis:service=RaftServer,group=group-449CD00D9C0A,id=fd3cd5f9-4f1c-43ea-91b1-b85a1f6c3825
2019-09-20 09:27:38,677 [fd3cd5f9-4f1c-43ea-91b1-b85a1f6c3825-SegmentedRaftLogWorker:Storage Directory /workdir/hadoop-ozone/integration-test/target/test-dir/MiniOzoneClusterImpl-a33d77e5-464b-4d19-8e6b-a171e580bf0e/datanode-1/data/ratis/038e61cd-e32e-431f-b520-449cd00d9c0a] INFO  impl.RoleInfo (RoleInfo.java:shutdownLeaderState(104)) - fd3cd5f9-4f1c-43ea-91b1-b85a1f6c3825: shutdown LeaderState
2019-09-20 09:27:38,677 [fd3cd5f9-4f1c-43ea-91b1-b85a1f6c3825-SegmentedRaftLogWorker:Storage Directory /workdir/hadoop-ozone/integration-test/target/test-dir/MiniOzoneClusterImpl-a33d77e5-464b-4d19-8e6b-a171e580bf0e/datanode-1/data/ratis/038e61cd-e32e-431f-b520-449cd00d9c0a] INFO  impl.PendingRequests (PendingRequests.java:sendNotLeaderResponses(202)) - fd3cd5f9-4f1c-43ea-91b1-b85a1f6c3825-PendingRequests: sendNotLeaderResponses
2019-09-20 09:27:38,678 [fd3cd5f9-4f1c-43ea-91b1-b85a1f6c3825-SegmentedRaftLogWorker:Storage Directory /workdir/hadoop-ozone/integration-test/target/test-dir/MiniOzoneClusterImpl-a33d77e5-464b-4d19-8e6b-a171e580bf0e/datanode-1/data/ratis/038e61cd-e32e-431f-b520-449cd00d9c0a] INFO  impl.StateMachineUpdater (StateMachineUpdater.java:stopAndJoin(115)) - StateMachineUpdater:fd3cd5f9-4f1c-43ea-91b1-b85a1f6c3825:group-449CD00D9C0A: set stopIndex = -1
2019-09-20 09:27:38,678 [fd3cd5f9-4f1c-43ea-91b1-b85a1f6c3825-SegmentedRaftLogWorker:Storage Directory /workdir/hadoop-ozone/integration-test/target/test-dir/MiniOzoneClusterImpl-a33d77e5-464b-4d19-8e6b-a171e580bf0e/datanode-1/data/ratis/038e61cd-e32e-431f-b520-449cd00d9c0a] INFO  impl.RaftServerImpl (ServerState.java:close(394)) - fd3cd5f9-4f1c-43ea-91b1-b85a1f6c3825:group-449CD00D9C0A closes. The last applied log index is -1
2019-09-20 09:27:38,678 [fd3cd5f9-4f1c-43ea-91b1-b85a1f6c3825-SegmentedRaftLogWorker:Storage Directory /workdir/hadoop-ozone/integration-test/target/test-dir/MiniOzoneClusterImpl-a33d77e5-464b-4d19-8e6b-a171e580bf0e/datanode-1/data/ratis/038e61cd-e32e-431f-b520-449cd00d9c0a] INFO  segmented.SegmentedRaftLogWorker (SegmentedRaftLogWorker.java:close(228)) - fd3cd5f9-4f1c-43ea-91b1-b85a1f6c3825-SegmentedRaftLogWorker:Storage Directory /workdir/hadoop-ozone/integration-test/target/test-dir/MiniOzoneClusterImpl-a33d77e5-464b-4d19-8e6b-a171e580bf0e/datanode-1/data/ratis/038e61cd-e32e-431f-b520-449cd00d9c0a close()
2019-09-20 09:27:38,691 [fd3cd5f9-4f1c-43ea-91b1-b85a1f6c3825-SegmentedRaftLogWorker:Storage Directory /workdir/hadoop-ozone/integration-test/target/test-dir/MiniOzoneClusterImpl-a33d77e5-464b-4d19-8e6b-a171e580bf0e/datanode-1/data/ratis/d64cbf8f-1d41-4a76-a84c-15826a721196] ERROR segmented.SegmentedRaftLogWorker (SegmentedRaftLogWorker.java:run(323)) - fd3cd5f9-4f1c-43ea-91b1-b85a1f6c3825-SegmentedRaftLogWorker:Storage Directory /workdir/hadoop-ozone/integration-test/target/test-dir/MiniOzoneClusterImpl-a33d77e5-464b-4d19-8e6b-a171e580bf0e/datanode-1/data/ratis/d64cbf8f-1d41-4a76-a84c-15826a721196 hit exception
java.lang.OutOfMemoryError: Direct buffer memory
	at java.nio.Bits.reserveMemory(Bits.java:666)
	at java.nio.DirectByteBuffer.<init>(DirectByteBuffer.java:123)
	at java.nio.ByteBuffer.allocateDirect(ByteBuffer.java:311)
	at org.apache.ratis.server.raftlog.segmented.BufferedWriteChannel.<init>(BufferedWriteChannel.java:41)
	at org.apache.ratis.server.raftlog.segmented.SegmentedRaftLogOutputStream.<init>(SegmentedRaftLogOutputStream.java:72)
	at org.apache.ratis.server.raftlog.segmented.SegmentedRaftLogWorker$StartLogSegment.execute(SegmentedRaftLogWorker.java:566)
	at org.apache.ratis.server.raftlog.segmented.SegmentedRaftLogWorker.run(SegmentedRaftLogWorker.java:289)
	at java.lang.Thread.run(Thread.java:748)
2019-09-20 09:27:38,691 [fd3cd5f9-4f1c-43ea-91b1-b85a1f6c3825-SegmentedRaftLogWorker:Storage Directory /workdir/hadoop-ozone/integration-test/target/test-dir/MiniOzoneClusterImpl-a33d77e5-464b-4d19-8e6b-a171e580bf0e/datanode-1/data/ratis/d64cbf8f-1d41-4a76-a84c-15826a721196] INFO  impl.RaftServerImpl (RaftServerImpl.java:lambda$shutdown$3(245)) - fd3cd5f9-4f1c-43ea-91b1-b85a1f6c3825: shutdown group-15826A721196
2019-09-20 09:27:38,691 [fd3cd5f9-4f1c-43ea-91b1-b85a1f6c3825-SegmentedRaftLogWorker:Storage Directory /workdir/hadoop-ozone/integration-test/target/test-dir/MiniOzoneClusterImpl-a33d77e5-464b-4d19-8e6b-a171e580bf0e/datanode-1/data/ratis/d64cbf8f-1d41-4a76-a84c-15826a721196] INFO  util.JmxRegister (JmxRegister.java:unregister(73)) - Successfully un-registered JMX Bean with object name Ratis:service=RaftServer,group=group-15826A721196,id=fd3cd5f9-4f1c-43ea-91b1-b85a1f6c3825
2019-09-20 09:27:38,692 [492ed782-6ab3-4ad9-945e-06def6ac7c96-SegmentedRaftLogWorker:Storage Directory /workdir/hadoop-ozone/integration-test/target/test-dir/MiniOzoneClusterImpl-a33d77e5-464b-4d19-8e6b-a171e580bf0e/datanode-2/data/ratis/446a03c2-7c02-44a3-8b46-27e0cbf426eb] ERROR segmented.SegmentedRaftLogWorker (SegmentedRaftLogWorker.java:run(323)) - 492ed782-6ab3-4ad9-945e-06def6ac7c96-SegmentedRaftLogWorker:Storage Directory /workdir/hadoop-ozone/integration-test/target/test-dir/MiniOzoneClusterImpl-a33d77e5-464b-4d19-8e6b-a171e580bf0e/datanode-2/data/ratis/446a03c2-7c02-44a3-8b46-27e0cbf426eb hit exception
java.lang.OutOfMemoryError: Direct buffer memory
	at java.nio.Bits.reserveMemory(Bits.java:666)
	at java.nio.DirectByteBuffer.<init>(DirectByteBuffer.java:123)
	at java.nio.ByteBuffer.allocateDirect(ByteBuffer.java:311)
	at org.apache.ratis.server.raftlog.segmented.BufferedWriteChannel.<init>(BufferedWriteChannel.java:41)
	at org.apache.ratis.server.raftlog.segmented.SegmentedRaftLogOutputStream.<init>(SegmentedRaftLogOutputStream.java:72)
	at org.apache.ratis.server.raftlog.segmented.SegmentedRaftLogWorker$StartLogSegment.execute(SegmentedRaftLogWorker.java:566)
	at org.apache.ratis.server.raftlog.segmented.SegmentedRaftLogWorker.run(SegmentedRaftLogWorker.java:289)
	at java.lang.Thread.run(Thread.java:748)
2019-09-20 09:27:38,692 [fd3cd5f9-4f1c-43ea-91b1-b85a1f6c3825-SegmentedRaftLogWorker:Storage Directory /workdir/hadoop-ozone/integration-test/target/test-dir/MiniOzoneClusterImpl-a33d77e5-464b-4d19-8e6b-a171e580bf0e/datanode-1/data/ratis/d64cbf8f-1d41-4a76-a84c-15826a721196] INFO  impl.RoleInfo (RoleInfo.java:shutdownLeaderState(104)) - fd3cd5f9-4f1c-43ea-91b1-b85a1f6c3825: shutdown LeaderState
2019-09-20 09:27:38,692 [492ed782-6ab3-4ad9-945e-06def6ac7c96-SegmentedRaftLogWorker:Storage Directory /workdir/hadoop-ozone/integration-test/target/test-dir/MiniOzoneClusterImpl-a33d77e5-464b-4d19-8e6b-a171e580bf0e/datanode-2/data/ratis/446a03c2-7c02-44a3-8b46-27e0cbf426eb] INFO  impl.RaftServerImpl (RaftServerImpl.java:lambda$shutdown$3(245)) - 492ed782-6ab3-4ad9-945e-06def6ac7c96: shutdown group-27E0CBF426EB
2019-09-20 09:27:38,692 [fd3cd5f9-4f1c-43ea-91b1-b85a1f6c3825-SegmentedRaftLogWorker:Storage Directory /workdir/hadoop-ozone/integration-test/target/test-dir/MiniOzoneClusterImpl-a33d77e5-464b-4d19-8e6b-a171e580bf0e/datanode-1/data/ratis/d64cbf8f-1d41-4a76-a84c-15826a721196] INFO  impl.PendingRequests (PendingRequests.java:sendNotLeaderResponses(202)) - fd3cd5f9-4f1c-43ea-91b1-b85a1f6c3825-PendingRequests: sendNotLeaderResponses
2019-09-20 09:27:38,692 [492ed782-6ab3-4ad9-945e-06def6ac7c96-SegmentedRaftLogWorker:Storage Directory /workdir/hadoop-ozone/integration-test/target/test-dir/MiniOzoneClusterImpl-a33d77e5-464b-4d19-8e6b-a171e580bf0e/datanode-2/data/ratis/446a03c2-7c02-44a3-8b46-27e0cbf426eb] INFO  util.JmxRegister (JmxRegister.java:unregister(73)) - Successfully un-registered JMX Bean with object name Ratis:service=RaftServer,group=group-27E0CBF426EB,id=492ed782-6ab3-4ad9-945e-06def6ac7c96
2019-09-20 09:27:38,692 [fd3cd5f9-4f1c-43ea-91b1-b85a1f6c3825-SegmentedRaftLogWorker:Storage Directory /workdir/hadoop-ozone/integration-test/target/test-dir/MiniOzoneClusterImpl-a33d77e5-464b-4d19-8e6b-a171e580bf0e/datanode-1/data/ratis/d64cbf8f-1d41-4a76-a84c-15826a721196] INFO  impl.StateMachineUpdater (StateMachineUpdater.java:stopAndJoin(115)) - StateMachineUpdater:fd3cd5f9-4f1c-43ea-91b1-b85a1f6c3825:group-15826A721196: set stopIndex = -1
2019-09-20 09:27:38,693 [fd3cd5f9-4f1c-43ea-91b1-b85a1f6c3825-SegmentedRaftLogWorker:Storage Directory /workdir/hadoop-ozone/integration-test/target/test-dir/MiniOzoneClusterImpl-a33d77e5-464b-4d19-8e6b-a171e580bf0e/datanode-1/data/ratis/d64cbf8f-1d41-4a76-a84c-15826a721196] INFO  impl.RaftServerImpl (ServerState.java:close(394)) - fd3cd5f9-4f1c-43ea-91b1-b85a1f6c3825:group-15826A721196 closes. The last applied log index is -1
2019-09-20 09:27:38,692 [492ed782-6ab3-4ad9-945e-06def6ac7c96-SegmentedRaftLogWorker:Storage Directory /workdir/hadoop-ozone/integration-test/target/test-dir/MiniOzoneClusterImpl-a33d77e5-464b-4d19-8e6b-a171e580bf0e/datanode-2/data/ratis/446a03c2-7c02-44a3-8b46-27e0cbf426eb] INFO  impl.RoleInfo (RoleInfo.java:shutdownLeaderState(104)) - 492ed782-6ab3-4ad9-945e-06def6ac7c96: shutdown LeaderState
2019-09-20 09:27:38,693 [fd3cd5f9-4f1c-43ea-91b1-b85a1f6c3825-SegmentedRaftLogWorker:Storage Directory /workdir/hadoop-ozone/integration-test/target/test-dir/MiniOzoneClusterImpl-a33d77e5-464b-4d19-8e6b-a171e580bf0e/datanode-1/data/ratis/d64cbf8f-1d41-4a76-a84c-15826a721196] INFO  segmented.SegmentedRaftLogWorker (SegmentedRaftLogWorker.java:close(228)) - fd3cd5f9-4f1c-43ea-91b1-b85a1f6c3825-SegmentedRaftLogWorker:Storage Directory /workdir/hadoop-ozone/integration-test/target/test-dir/MiniOzoneClusterImpl-a33d77e5-464b-4d19-8e6b-a171e580bf0e/datanode-1/data/ratis/d64cbf8f-1d41-4a76-a84c-15826a721196 close()
2019-09-20 09:27:38,693 [492ed782-6ab3-4ad9-945e-06def6ac7c96-SegmentedRaftLogWorker:Storage Directory /workdir/hadoop-ozone/integration-test/target/test-dir/MiniOzoneClusterImpl-a33d77e5-464b-4d19-8e6b-a171e580bf0e/datanode-2/data/ratis/446a03c2-7c02-44a3-8b46-27e0cbf426eb] INFO  impl.PendingRequests (PendingRequests.java:sendNotLeaderResponses(202)) - 492ed782-6ab3-4ad9-945e-06def6ac7c96-PendingRequests: sendNotLeaderResponses
2019-09-20 09:27:38,693 [492ed782-6ab3-4ad9-945e-06def6ac7c96-SegmentedRaftLogWorker:Storage Directory /workdir/hadoop-ozone/integration-test/target/test-dir/MiniOzoneClusterImpl-a33d77e5-464b-4d19-8e6b-a171e580bf0e/datanode-2/data/ratis/446a03c2-7c02-44a3-8b46-27e0cbf426eb] INFO  impl.StateMachineUpdater (StateMachineUpdater.java:stopAndJoin(115)) - StateMachineUpdater:492ed782-6ab3-4ad9-945e-06def6ac7c96:group-27E0CBF426EB: set stopIndex = -1
2019-09-20 09:27:38,694 [492ed782-6ab3-4ad9-945e-06def6ac7c96-SegmentedRaftLogWorker:Storage Directory /workdir/hadoop-ozone/integration-test/target/test-dir/MiniOzoneClusterImpl-a33d77e5-464b-4d19-8e6b-a171e580bf0e/datanode-2/data/ratis/446a03c2-7c02-44a3-8b46-27e0cbf426eb] INFO  impl.RaftServerImpl (ServerState.java:close(394)) - 492ed782-6ab3-4ad9-945e-06def6ac7c96:group-27E0CBF426EB closes. The last applied log index is -1
2019-09-20 09:27:38,694 [492ed782-6ab3-4ad9-945e-06def6ac7c96-SegmentedRaftLogWorker:Storage Directory /workdir/hadoop-ozone/integration-test/target/test-dir/MiniOzoneClusterImpl-a33d77e5-464b-4d19-8e6b-a171e580bf0e/datanode-2/data/ratis/446a03c2-7c02-44a3-8b46-27e0cbf426eb] INFO  segmented.SegmentedRaftLogWorker (SegmentedRaftLogWorker.java:close(228)) - 492ed782-6ab3-4ad9-945e-06def6ac7c96-SegmentedRaftLogWorker:Storage Directory /workdir/hadoop-ozone/integration-test/target/test-dir/MiniOzoneClusterImpl-a33d77e5-464b-4d19-8e6b-a171e580bf0e/datanode-2/data/ratis/446a03c2-7c02-44a3-8b46-27e0cbf426eb close()
2019-09-20 09:27:39,498 | INFO  | SCMAudit | user=jenkins1000 | ip=192.168.36.99 | op=SEND_HEARTBEAT {datanodeUUID=02b93e76-e4c6-4b67-b8a4-c536d9ab7224, command=[]} | ret=SUCCESS |  
2019-09-20 09:27:39,498 | INFO  | SCMAudit | user=jenkins1000 | ip=192.168.36.99 | op=SEND_HEARTBEAT {datanodeUUID=492ed782-6ab3-4ad9-945e-06def6ac7c96, command=[]} | ret=SUCCESS |  
2019-09-20 09:27:39,498 | INFO  | SCMAudit | user=jenkins1000 | ip=192.168.36.99 | op=SEND_HEARTBEAT {datanodeUUID=871e6485-c22a-483f-9e07-d19e754685be, command=[]} | ret=SUCCESS |  
2019-09-20 09:27:39,499 | INFO  | SCMAudit | user=jenkins1000 | ip=192.168.36.99 | op=SEND_HEARTBEAT {datanodeUUID=dc7f40a9-6782-42c4-abab-c6b1682da047, command=[]} | ret=SUCCESS |  
2019-09-20 09:27:40,099 [ForkJoinPool.commonPool-worker-1] INFO  ozoneimpl.OzoneContainer (OzoneContainer.java:stop(199)) - Attempting to stop container services.
2019-09-20 09:27:40,101 [ForkJoinPool.commonPool-worker-1] INFO  impl.RaftServerProxy (RaftServerProxy.java:lambda$close$4(314)) - fd3cd5f9-4f1c-43ea-91b1-b85a1f6c3825: close
2019-09-20 09:27:40,102 [main] INFO  ozoneimpl.OzoneContainer (OzoneContainer.java:stop(199)) - Attempting to stop container services.
2019-09-20 09:27:40,103 [ForkJoinPool.commonPool-worker-1] INFO  impl.RaftServerImpl (RaftServerImpl.java:lambda$shutdown$3(245)) - fd3cd5f9-4f1c-43ea-91b1-b85a1f6c3825: shutdown group-3678EC6D9D15
2019-09-20 09:27:40,103 [main] INFO  impl.RaftServerProxy (RaftServerProxy.java:lambda$close$4(314)) - 4840c00f-91d3-4881-a20b-4d0486ca97c0: close
2019-09-20 09:27:40,103 [ForkJoinPool.commonPool-worker-1] INFO  util.JmxRegister (JmxRegister.java:unregister(73)) - Successfully un-registered JMX Bean with object name Ratis:service=RaftServer,group=group-3678EC6D9D15,id=fd3cd5f9-4f1c-43ea-91b1-b85a1f6c3825
2019-09-20 09:27:40,104 [main] INFO  impl.RaftServerImpl (RaftServerImpl.java:lambda$shutdown$3(245)) - 4840c00f-91d3-4881-a20b-4d0486ca97c0: shutdown group-8915D09973E6
2019-09-20 09:27:40,104 [ForkJoinPool.commonPool-worker-1] INFO  impl.RoleInfo (RoleInfo.java:shutdownLeaderState(104)) - fd3cd5f9-4f1c-43ea-91b1-b85a1f6c3825: shutdown LeaderState
2019-09-20 09:27:40,104 [main] INFO  util.JmxRegister (JmxRegister.java:unregister(73)) - Successfully un-registered JMX Bean with object name Ratis:service=RaftServer,group=group-8915D09973E6,id=4840c00f-91d3-4881-a20b-4d0486ca97c0
2019-09-20 09:27:40,105 [ForkJoinPool.commonPool-worker-1] INFO  impl.PendingRequests (PendingRequests.java:sendNotLeaderResponses(202)) - fd3cd5f9-4f1c-43ea-91b1-b85a1f6c3825-PendingRequests: sendNotLeaderResponses
2019-09-20 09:27:40,105 [main] INFO  impl.RoleInfo (RoleInfo.java:shutdownLeaderState(104)) - 4840c00f-91d3-4881-a20b-4d0486ca97c0: shutdown LeaderState
2019-09-20 09:27:40,106 [ForkJoinPool.commonPool-worker-1] INFO  impl.StateMachineUpdater (StateMachineUpdater.java:stopAndJoin(115)) - StateMachineUpdater:fd3cd5f9-4f1c-43ea-91b1-b85a1f6c3825:group-3678EC6D9D15: set stopIndex = 0
2019-09-20 09:27:40,106 [main] INFO  impl.PendingRequests (PendingRequests.java:sendNotLeaderResponses(202)) - 4840c00f-91d3-4881-a20b-4d0486ca97c0-PendingRequests: sendNotLeaderResponses
2019-09-20 09:27:40,106 [ForkJoinPool.commonPool-worker-1] INFO  impl.RaftServerImpl (ServerState.java:close(394)) - fd3cd5f9-4f1c-43ea-91b1-b85a1f6c3825:group-3678EC6D9D15 closes. The last applied log index is 0
2019-09-20 09:27:40,107 [main] INFO  impl.StateMachineUpdater (StateMachineUpdater.java:stopAndJoin(115)) - StateMachineUpdater:4840c00f-91d3-4881-a20b-4d0486ca97c0:group-8915D09973E6: set stopIndex = 0
2019-09-20 09:27:40,108 [fd3cd5f9-4f1c-43ea-91b1-b85a1f6c3825-SegmentedRaftLogWorker:Storage Directory /workdir/hadoop-ozone/integration-test/target/test-dir/MiniOzoneClusterImpl-a33d77e5-464b-4d19-8e6b-a171e580bf0e/datanode-1/data/ratis/49c8ea8c-df6d-40ad-8704-3678ec6d9d15] INFO  segmented.SegmentedRaftLogWorker (SegmentedRaftLogWorker.java:run(313)) - fd3cd5f9-4f1c-43ea-91b1-b85a1f6c3825-SegmentedRaftLogWorker:Storage Directory /workdir/hadoop-ozone/integration-test/target/test-dir/MiniOzoneClusterImpl-a33d77e5-464b-4d19-8e6b-a171e580bf0e/datanode-1/data/ratis/49c8ea8c-df6d-40ad-8704-3678ec6d9d15 was interrupted, exiting. There are 0 tasks remaining in the queue.
2019-09-20 09:27:40,108 [main] INFO  impl.RaftServerImpl (ServerState.java:close(394)) - 4840c00f-91d3-4881-a20b-4d0486ca97c0:group-8915D09973E6 closes. The last applied log index is 0
2019-09-20 09:27:40,108 [ForkJoinPool.commonPool-worker-1] INFO  segmented.SegmentedRaftLogWorker (SegmentedRaftLogWorker.java:close(228)) - fd3cd5f9-4f1c-43ea-91b1-b85a1f6c3825-SegmentedRaftLogWorker:Storage Directory /workdir/hadoop-ozone/integration-test/target/test-dir/MiniOzoneClusterImpl-a33d77e5-464b-4d19-8e6b-a171e580bf0e/datanode-1/data/ratis/49c8ea8c-df6d-40ad-8704-3678ec6d9d15 close()
2019-09-20 09:27:40,108 [4840c00f-91d3-4881-a20b-4d0486ca97c0-SegmentedRaftLogWorker:Storage Directory /workdir/hadoop-ozone/integration-test/target/test-dir/MiniOzoneClusterImpl-a33d77e5-464b-4d19-8e6b-a171e580bf0e/datanode-3/data/ratis/928933a0-494b-4d16-9fc6-8915d09973e6] INFO  segmented.SegmentedRaftLogWorker (SegmentedRaftLogWorker.java:run(313)) - 4840c00f-91d3-4881-a20b-4d0486ca97c0-SegmentedRaftLogWorker:Storage Directory /workdir/hadoop-ozone/integration-test/target/test-dir/MiniOzoneClusterImpl-a33d77e5-464b-4d19-8e6b-a171e580bf0e/datanode-3/data/ratis/928933a0-494b-4d16-9fc6-8915d09973e6 was interrupted, exiting. There are 0 tasks remaining in the queue.
2019-09-20 09:27:40,109 [ForkJoinPool.commonPool-worker-1] INFO  impl.RaftServerImpl (RaftServerImpl.java:lambda$shutdown$3(245)) - fd3cd5f9-4f1c-43ea-91b1-b85a1f6c3825: shutdown group-8DA439351161
2019-09-20 09:27:40,109 [main] INFO  segmented.SegmentedRaftLogWorker (SegmentedRaftLogWorker.java:close(228)) - 4840c00f-91d3-4881-a20b-4d0486ca97c0-SegmentedRaftLogWorker:Storage Directory /workdir/hadoop-ozone/integration-test/target/test-dir/MiniOzoneClusterImpl-a33d77e5-464b-4d19-8e6b-a171e580bf0e/datanode-3/data/ratis/928933a0-494b-4d16-9fc6-8915d09973e6 close()
2019-09-20 09:27:40,109 [ForkJoinPool.commonPool-worker-1] INFO  util.JmxRegister (JmxRegister.java:unregister(73)) - Successfully un-registered JMX Bean with object name Ratis:service=RaftServer,group=group-8DA439351161,id=fd3cd5f9-4f1c-43ea-91b1-b85a1f6c3825
2019-09-20 09:27:40,109 [main] INFO  impl.RaftServerImpl (RaftServerImpl.java:lambda$shutdown$3(245)) - 4840c00f-91d3-4881-a20b-4d0486ca97c0: shutdown group-5E714E2C18C4
2019-09-20 09:27:40,110 [ForkJoinPool.commonPool-worker-1] INFO  impl.RoleInfo (RoleInfo.java:shutdownLeaderState(104)) - fd3cd5f9-4f1c-43ea-91b1-b85a1f6c3825: shutdown LeaderState
2019-09-20 09:27:40,110 [main] INFO  util.JmxRegister (JmxRegister.java:unregister(73)) - Successfully un-registered JMX Bean with object name Ratis:service=RaftServer,group=group-5E714E2C18C4,id=4840c00f-91d3-4881-a20b-4d0486ca97c0
2019-09-20 09:27:40,110 [ForkJoinPool.commonPool-worker-1] INFO  impl.PendingRequests (PendingRequests.java:sendNotLeaderResponses(202)) - fd3cd5f9-4f1c-43ea-91b1-b85a1f6c3825-PendingRequests: sendNotLeaderResponses
2019-09-20 09:27:40,111 [main] INFO  impl.RoleInfo (RoleInfo.java:shutdownLeaderState(104)) - 4840c00f-91d3-4881-a20b-4d0486ca97c0: shutdown LeaderState
2019-09-20 09:27:40,111 [ForkJoinPool.commonPool-worker-1] INFO  impl.StateMachineUpdater (StateMachineUpdater.java:stopAndJoin(115)) - StateMachineUpdater:fd3cd5f9-4f1c-43ea-91b1-b85a1f6c3825:group-8DA439351161: set stopIndex = 0
2019-09-20 09:27:40,111 [main] INFO  impl.PendingRequests (PendingRequests.java:sendNotLeaderResponses(202)) - 4840c00f-91d3-4881-a20b-4d0486ca97c0-PendingRequests: sendNotLeaderResponses
2019-09-20 09:27:40,112 [ForkJoinPool.commonPool-worker-1] INFO  impl.RaftServerImpl (ServerState.java:close(394)) - fd3cd5f9-4f1c-43ea-91b1-b85a1f6c3825:group-8DA439351161 closes. The last applied log index is 0
2019-09-20 09:27:40,112 [main] INFO  impl.StateMachineUpdater (StateMachineUpdater.java:stopAndJoin(115)) - StateMachineUpdater:4840c00f-91d3-4881-a20b-4d0486ca97c0:group-5E714E2C18C4: set stopIndex = 0
2019-09-20 09:27:40,113 [fd3cd5f9-4f1c-43ea-91b1-b85a1f6c3825-SegmentedRaftLogWorker:Storage Directory /workdir/hadoop-ozone/integration-test/target/test-dir/MiniOzoneClusterImpl-a33d77e5-464b-4d19-8e6b-a171e580bf0e/datanode-1/data/ratis/f5bc115c-a342-4208-a47b-8da439351161] INFO  segmented.SegmentedRaftLogWorker (SegmentedRaftLogWorker.java:run(313)) - fd3cd5f9-4f1c-43ea-91b1-b85a1f6c3825-SegmentedRaftLogWorker:Storage Directory /workdir/hadoop-ozone/integration-test/target/test-dir/MiniOzoneClusterImpl-a33d77e5-464b-4d19-8e6b-a171e580bf0e/datanode-1/data/ratis/f5bc115c-a342-4208-a47b-8da439351161 was interrupted, exiting. There are 0 tasks remaining in the queue.
2019-09-20 09:27:40,113 [main] INFO  impl.RaftServerImpl (ServerState.java:close(394)) - 4840c00f-91d3-4881-a20b-4d0486ca97c0:group-5E714E2C18C4 closes. The last applied log index is 0
2019-09-20 09:27:40,113 [ForkJoinPool.commonPool-worker-1] INFO  segmented.SegmentedRaftLogWorker (SegmentedRaftLogWorker.java:close(228)) - fd3cd5f9-4f1c-43ea-91b1-b85a1f6c3825-SegmentedRaftLogWorker:Storage Directory /workdir/hadoop-ozone/integration-test/target/test-dir/MiniOzoneClusterImpl-a33d77e5-464b-4d19-8e6b-a171e580bf0e/datanode-1/data/ratis/f5bc115c-a342-4208-a47b-8da439351161 close()
2019-09-20 09:27:40,114 [4840c00f-91d3-4881-a20b-4d0486ca97c0-SegmentedRaftLogWorker:Storage Directory /workdir/hadoop-ozone/integration-test/target/test-dir/MiniOzoneClusterImpl-a33d77e5-464b-4d19-8e6b-a171e580bf0e/datanode-3/data/ratis/a0a3f5cd-1105-46e4-8615-5e714e2c18c4] INFO  segmented.SegmentedRaftLogWorker (SegmentedRaftLogWorker.java:run(313)) - 4840c00f-91d3-4881-a20b-4d0486ca97c0-SegmentedRaftLogWorker:Storage Directory /workdir/hadoop-ozone/integration-test/target/test-dir/MiniOzoneClusterImpl-a33d77e5-464b-4d19-8e6b-a171e580bf0e/datanode-3/data/ratis/a0a3f5cd-1105-46e4-8615-5e714e2c18c4 was interrupted, exiting. There are 0 tasks remaining in the queue.
2019-09-20 09:27:40,114 [ForkJoinPool.commonPool-worker-1] INFO  impl.RaftServerImpl (RaftServerImpl.java:lambda$shutdown$3(245)) - fd3cd5f9-4f1c-43ea-91b1-b85a1f6c3825: shutdown group-40E451E943B8
2019-09-20 09:27:40,114 [main] INFO  segmented.SegmentedRaftLogWorker (SegmentedRaftLogWorker.java:close(228)) - 4840c00f-91d3-4881-a20b-4d0486ca97c0-SegmentedRaftLogWorker:Storage Directory /workdir/hadoop-ozone/integration-test/target/test-dir/MiniOzoneClusterImpl-a33d77e5-464b-4d19-8e6b-a171e580bf0e/datanode-3/data/ratis/a0a3f5cd-1105-46e4-8615-5e714e2c18c4 close()
2019-09-20 09:27:40,114 [ForkJoinPool.commonPool-worker-1] INFO  util.JmxRegister (JmxRegister.java:unregister(73)) - Successfully un-registered JMX Bean with object name Ratis:service=RaftServer,group=group-40E451E943B8,id=fd3cd5f9-4f1c-43ea-91b1-b85a1f6c3825
2019-09-20 09:27:40,115 [main] INFO  impl.RaftServerImpl (RaftServerImpl.java:lambda$shutdown$3(245)) - 4840c00f-91d3-4881-a20b-4d0486ca97c0: shutdown group-3963726DF247
2019-09-20 09:27:40,115 [ForkJoinPool.commonPool-worker-1] INFO  impl.RoleInfo (RoleInfo.java:shutdownLeaderState(104)) - fd3cd5f9-4f1c-43ea-91b1-b85a1f6c3825: shutdown LeaderState
2019-09-20 09:27:40,115 [main] INFO  util.JmxRegister (JmxRegister.java:unregister(73)) - Successfully un-registered JMX Bean with object name Ratis:service=RaftServer,group=group-3963726DF247,id=4840c00f-91d3-4881-a20b-4d0486ca97c0
2019-09-20 09:27:40,116 [ForkJoinPool.commonPool-worker-1] INFO  impl.PendingRequests (PendingRequests.java:sendNotLeaderResponses(202)) - fd3cd5f9-4f1c-43ea-91b1-b85a1f6c3825-PendingRequests: sendNotLeaderResponses
2019-09-20 09:27:40,116 [main] INFO  impl.RoleInfo (RoleInfo.java:shutdownLeaderState(104)) - 4840c00f-91d3-4881-a20b-4d0486ca97c0: shutdown LeaderState
2019-09-20 09:27:40,116 [ForkJoinPool.commonPool-worker-1] INFO  impl.StateMachineUpdater (StateMachineUpdater.java:stopAndJoin(115)) - StateMachineUpdater:fd3cd5f9-4f1c-43ea-91b1-b85a1f6c3825:group-40E451E943B8: set stopIndex = 0
2019-09-20 09:27:40,117 [main] INFO  impl.PendingRequests (PendingRequests.java:sendNotLeaderResponses(202)) - 4840c00f-91d3-4881-a20b-4d0486ca97c0-PendingRequests: sendNotLeaderResponses
2019-09-20 09:27:40,117 [ForkJoinPool.commonPool-worker-1] INFO  impl.RaftServerImpl (ServerState.java:close(394)) - fd3cd5f9-4f1c-43ea-91b1-b85a1f6c3825:group-40E451E943B8 closes. The last applied log index is 0
2019-09-20 09:27:40,117 [main] INFO  impl.StateMachineUpdater (StateMachineUpdater.java:stopAndJoin(115)) - StateMachineUpdater:4840c00f-91d3-4881-a20b-4d0486ca97c0:group-3963726DF247: set stopIndex = 0
2019-09-20 09:27:40,118 [fd3cd5f9-4f1c-43ea-91b1-b85a1f6c3825-SegmentedRaftLogWorker:Storage Directory /workdir/hadoop-ozone/integration-test/target/test-dir/MiniOzoneClusterImpl-a33d77e5-464b-4d19-8e6b-a171e580bf0e/datanode-1/data/ratis/7a63119b-6b31-4225-8831-40e451e943b8] INFO  segmented.SegmentedRaftLogWorker (SegmentedRaftLogWorker.java:run(313)) - fd3cd5f9-4f1c-43ea-91b1-b85a1f6c3825-SegmentedRaftLogWorker:Storage Directory /workdir/hadoop-ozone/integration-test/target/test-dir/MiniOzoneClusterImpl-a33d77e5-464b-4d19-8e6b-a171e580bf0e/datanode-1/data/ratis/7a63119b-6b31-4225-8831-40e451e943b8 was interrupted, exiting. There are 0 tasks remaining in the queue.
2019-09-20 09:27:40,118 [main] INFO  impl.RaftServerImpl (ServerState.java:close(394)) - 4840c00f-91d3-4881-a20b-4d0486ca97c0:group-3963726DF247 closes. The last applied log index is 0
2019-09-20 09:27:40,118 [ForkJoinPool.commonPool-worker-1] INFO  segmented.SegmentedRaftLogWorker (SegmentedRaftLogWorker.java:close(228)) - fd3cd5f9-4f1c-43ea-91b1-b85a1f6c3825-SegmentedRaftLogWorker:Storage Directory /workdir/hadoop-ozone/integration-test/target/test-dir/MiniOzoneClusterImpl-a33d77e5-464b-4d19-8e6b-a171e580bf0e/datanode-1/data/ratis/7a63119b-6b31-4225-8831-40e451e943b8 close()
2019-09-20 09:27:40,119 [ForkJoinPool.commonPool-worker-1] INFO  impl.RaftServerImpl (RaftServerImpl.java:lambda$shutdown$3(245)) - fd3cd5f9-4f1c-43ea-91b1-b85a1f6c3825: shutdown group-9254AB67BF05
2019-09-20 09:27:40,119 [4840c00f-91d3-4881-a20b-4d0486ca97c0-SegmentedRaftLogWorker:Storage Directory /workdir/hadoop-ozone/integration-test/target/test-dir/MiniOzoneClusterImpl-a33d77e5-464b-4d19-8e6b-a171e580bf0e/datanode-3/data/ratis/e6e92043-5780-4792-8c3b-3963726df247] INFO  segmented.SegmentedRaftLogWorker (SegmentedRaftLogWorker.java:run(313)) - 4840c00f-91d3-4881-a20b-4d0486ca97c0-SegmentedRaftLogWorker:Storage Directory /workdir/hadoop-ozone/integration-test/target/test-dir/MiniOzoneClusterImpl-a33d77e5-464b-4d19-8e6b-a171e580bf0e/datanode-3/data/ratis/e6e92043-5780-4792-8c3b-3963726df247 was interrupted, exiting. There are 0 tasks remaining in the queue.
2019-09-20 09:27:40,119 [ForkJoinPool.commonPool-worker-1] INFO  util.JmxRegister (JmxRegister.java:unregister(73)) - Successfully un-registered JMX Bean with object name Ratis:service=RaftServer,group=group-9254AB67BF05,id=fd3cd5f9-4f1c-43ea-91b1-b85a1f6c3825
2019-09-20 09:27:40,119 [main] INFO  segmented.SegmentedRaftLogWorker (SegmentedRaftLogWorker.java:close(228)) - 4840c00f-91d3-4881-a20b-4d0486ca97c0-SegmentedRaftLogWorker:Storage Directory /workdir/hadoop-ozone/integration-test/target/test-dir/MiniOzoneClusterImpl-a33d77e5-464b-4d19-8e6b-a171e580bf0e/datanode-3/data/ratis/e6e92043-5780-4792-8c3b-3963726df247 close()
2019-09-20 09:27:40,120 [ForkJoinPool.commonPool-worker-1] INFO  impl.RoleInfo (RoleInfo.java:shutdownLeaderState(104)) - fd3cd5f9-4f1c-43ea-91b1-b85a1f6c3825: shutdown LeaderState
2019-09-20 09:27:40,120 [main] INFO  impl.RaftServerImpl (RaftServerImpl.java:lambda$shutdown$3(245)) - 4840c00f-91d3-4881-a20b-4d0486ca97c0: shutdown group-823087154921
2019-09-20 09:27:40,120 [ForkJoinPool.commonPool-worker-1] INFO  impl.PendingRequests (PendingRequests.java:sendNotLeaderResponses(202)) - fd3cd5f9-4f1c-43ea-91b1-b85a1f6c3825-PendingRequests: sendNotLeaderResponses
2019-09-20 09:27:40,121 [main] INFO  util.JmxRegister (JmxRegister.java:unregister(73)) - Successfully un-registered JMX Bean with object name Ratis:service=RaftServer,group=group-823087154921,id=4840c00f-91d3-4881-a20b-4d0486ca97c0
2019-09-20 09:27:40,121 [ForkJoinPool.commonPool-worker-1] INFO  impl.StateMachineUpdater (StateMachineUpdater.java:stopAndJoin(115)) - StateMachineUpdater:fd3cd5f9-4f1c-43ea-91b1-b85a1f6c3825:group-9254AB67BF05: set stopIndex = 0
2019-09-20 09:27:40,121 [main] INFO  impl.RoleInfo (RoleInfo.java:shutdownLeaderState(104)) - 4840c00f-91d3-4881-a20b-4d0486ca97c0: shutdown LeaderState
2019-09-20 09:27:40,122 [ForkJoinPool.commonPool-worker-1] INFO  impl.RaftServerImpl (ServerState.java:close(394)) - fd3cd5f9-4f1c-43ea-91b1-b85a1f6c3825:group-9254AB67BF05 closes. The last applied log index is 0
2019-09-20 09:27:40,122 [main] INFO  impl.PendingRequests (PendingRequests.java:sendNotLeaderResponses(202)) - 4840c00f-91d3-4881-a20b-4d0486ca97c0-PendingRequests: sendNotLeaderResponses
2019-09-20 09:27:40,122 [fd3cd5f9-4f1c-43ea-91b1-b85a1f6c3825-SegmentedRaftLogWorker:Storage Directory /workdir/hadoop-ozone/integration-test/target/test-dir/MiniOzoneClusterImpl-a33d77e5-464b-4d19-8e6b-a171e580bf0e/datanode-1/data/ratis/fad28e52-3e87-4ab8-a8a6-9254ab67bf05] INFO  segmented.SegmentedRaftLogWorker (SegmentedRaftLogWorker.java:run(313)) - fd3cd5f9-4f1c-43ea-91b1-b85a1f6c3825-SegmentedRaftLogWorker:Storage Directory /workdir/hadoop-ozone/integration-test/target/test-dir/MiniOzoneClusterImpl-a33d77e5-464b-4d19-8e6b-a171e580bf0e/datanode-1/data/ratis/fad28e52-3e87-4ab8-a8a6-9254ab67bf05 was interrupted, exiting. There are 0 tasks remaining in the queue.
2019-09-20 09:27:40,123 [main] INFO  impl.StateMachineUpdater (StateMachineUpdater.java:stopAndJoin(115)) - StateMachineUpdater:4840c00f-91d3-4881-a20b-4d0486ca97c0:group-823087154921: set stopIndex = 0
2019-09-20 09:27:40,123 [ForkJoinPool.commonPool-worker-1] INFO  segmented.SegmentedRaftLogWorker (SegmentedRaftLogWorker.java:close(228)) - fd3cd5f9-4f1c-43ea-91b1-b85a1f6c3825-SegmentedRaftLogWorker:Storage Directory /workdir/hadoop-ozone/integration-test/target/test-dir/MiniOzoneClusterImpl-a33d77e5-464b-4d19-8e6b-a171e580bf0e/datanode-1/data/ratis/fad28e52-3e87-4ab8-a8a6-9254ab67bf05 close()
2019-09-20 09:27:40,123 [main] INFO  impl.RaftServerImpl (ServerState.java:close(394)) - 4840c00f-91d3-4881-a20b-4d0486ca97c0:group-823087154921 closes. The last applied log index is 0
2019-09-20 09:27:40,124 [ForkJoinPool.commonPool-worker-1] INFO  impl.RaftServerImpl (RaftServerImpl.java:lambda$shutdown$3(245)) - fd3cd5f9-4f1c-43ea-91b1-b85a1f6c3825: shutdown group-23A00460A976
2019-09-20 09:27:40,124 [ForkJoinPool.commonPool-worker-1] INFO  util.JmxRegister (JmxRegister.java:unregister(73)) - Successfully un-registered JMX Bean with object name Ratis:service=RaftServer,group=group-23A00460A976,id=fd3cd5f9-4f1c-43ea-91b1-b85a1f6c3825
2019-09-20 09:27:40,124 [4840c00f-91d3-4881-a20b-4d0486ca97c0-SegmentedRaftLogWorker:Storage Directory /workdir/hadoop-ozone/integration-test/target/test-dir/MiniOzoneClusterImpl-a33d77e5-464b-4d19-8e6b-a171e580bf0e/datanode-3/data/ratis/5bfc5120-c70b-406f-9f8f-823087154921] INFO  segmented.SegmentedRaftLogWorker (SegmentedRaftLogWorker.java:run(313)) - 4840c00f-91d3-4881-a20b-4d0486ca97c0-SegmentedRaftLogWorker:Storage Directory /workdir/hadoop-ozone/integration-test/target/test-dir/MiniOzoneClusterImpl-a33d77e5-464b-4d19-8e6b-a171e580bf0e/datanode-3/data/ratis/5bfc5120-c70b-406f-9f8f-823087154921 was interrupted, exiting. There are 0 tasks remaining in the queue.
2019-09-20 09:27:40,124 [ForkJoinPool.commonPool-worker-1] INFO  impl.RoleInfo (RoleInfo.java:shutdownLeaderState(104)) - fd3cd5f9-4f1c-43ea-91b1-b85a1f6c3825: shutdown LeaderState
2019-09-20 09:27:40,125 [main] INFO  segmented.SegmentedRaftLogWorker (SegmentedRaftLogWorker.java:close(228)) - 4840c00f-91d3-4881-a20b-4d0486ca97c0-SegmentedRaftLogWorker:Storage Directory /workdir/hadoop-ozone/integration-test/target/test-dir/MiniOzoneClusterImpl-a33d77e5-464b-4d19-8e6b-a171e580bf0e/datanode-3/data/ratis/5bfc5120-c70b-406f-9f8f-823087154921 close()
2019-09-20 09:27:40,125 [ForkJoinPool.commonPool-worker-1] INFO  impl.PendingRequests (PendingRequests.java:sendNotLeaderResponses(202)) - fd3cd5f9-4f1c-43ea-91b1-b85a1f6c3825-PendingRequests: sendNotLeaderResponses
2019-09-20 09:27:40,125 [main] INFO  impl.RaftServerImpl (RaftServerImpl.java:lambda$shutdown$3(245)) - 4840c00f-91d3-4881-a20b-4d0486ca97c0: shutdown group-032A4519C63A
2019-09-20 09:27:40,126 [ForkJoinPool.commonPool-worker-1] INFO  impl.StateMachineUpdater (StateMachineUpdater.java:stopAndJoin(115)) - StateMachineUpdater:fd3cd5f9-4f1c-43ea-91b1-b85a1f6c3825:group-23A00460A976: set stopIndex = 0
2019-09-20 09:27:40,126 [main] INFO  util.JmxRegister (JmxRegister.java:unregister(73)) - Successfully un-registered JMX Bean with object name Ratis:service=RaftServer,group=group-032A4519C63A,id=4840c00f-91d3-4881-a20b-4d0486ca97c0
2019-09-20 09:27:40,126 [ForkJoinPool.commonPool-worker-1] INFO  impl.RaftServerImpl (ServerState.java:close(394)) - fd3cd5f9-4f1c-43ea-91b1-b85a1f6c3825:group-23A00460A976 closes. The last applied log index is 0
2019-09-20 09:27:40,127 [main] INFO  impl.RoleInfo (RoleInfo.java:shutdownLeaderState(104)) - 4840c00f-91d3-4881-a20b-4d0486ca97c0: shutdown LeaderState
2019-09-20 09:27:40,127 [fd3cd5f9-4f1c-43ea-91b1-b85a1f6c3825-SegmentedRaftLogWorker:Storage Directory /workdir/hadoop-ozone/integration-test/target/test-dir/MiniOzoneClusterImpl-a33d77e5-464b-4d19-8e6b-a171e580bf0e/datanode-1/data/ratis/8ca03ccd-6994-4f13-bce9-23a00460a976] INFO  segmented.SegmentedRaftLogWorker (SegmentedRaftLogWorker.java:run(313)) - fd3cd5f9-4f1c-43ea-91b1-b85a1f6c3825-SegmentedRaftLogWorker:Storage Directory /workdir/hadoop-ozone/integration-test/target/test-dir/MiniOzoneClusterImpl-a33d77e5-464b-4d19-8e6b-a171e580bf0e/datanode-1/data/ratis/8ca03ccd-6994-4f13-bce9-23a00460a976 was interrupted, exiting. There are 0 tasks remaining in the queue.
2019-09-20 09:27:40,127 [main] INFO  impl.PendingRequests (PendingRequests.java:sendNotLeaderResponses(202)) - 4840c00f-91d3-4881-a20b-4d0486ca97c0-PendingRequests: sendNotLeaderResponses
2019-09-20 09:27:40,128 [ForkJoinPool.commonPool-worker-1] INFO  segmented.SegmentedRaftLogWorker (SegmentedRaftLogWorker.java:close(228)) - fd3cd5f9-4f1c-43ea-91b1-b85a1f6c3825-SegmentedRaftLogWorker:Storage Directory /workdir/hadoop-ozone/integration-test/target/test-dir/MiniOzoneClusterImpl-a33d77e5-464b-4d19-8e6b-a171e580bf0e/datanode-1/data/ratis/8ca03ccd-6994-4f13-bce9-23a00460a976 close()
2019-09-20 09:27:40,128 [main] INFO  impl.StateMachineUpdater (StateMachineUpdater.java:stopAndJoin(115)) - StateMachineUpdater:4840c00f-91d3-4881-a20b-4d0486ca97c0:group-032A4519C63A: set stopIndex = 0
2019-09-20 09:27:40,128 [ForkJoinPool.commonPool-worker-1] INFO  impl.RaftServerImpl (RaftServerImpl.java:lambda$shutdown$3(245)) - fd3cd5f9-4f1c-43ea-91b1-b85a1f6c3825: shutdown group-C7852780CB56
2019-09-20 09:27:40,129 [main] INFO  impl.RaftServerImpl (ServerState.java:close(394)) - 4840c00f-91d3-4881-a20b-4d0486ca97c0:group-032A4519C63A closes. The last applied log index is 0
2019-09-20 09:27:40,129 [ForkJoinPool.commonPool-worker-1] INFO  util.JmxRegister (JmxRegister.java:unregister(73)) - Successfully un-registered JMX Bean with object name Ratis:service=RaftServer,group=group-C7852780CB56,id=fd3cd5f9-4f1c-43ea-91b1-b85a1f6c3825
2019-09-20 09:27:40,129 [4840c00f-91d3-4881-a20b-4d0486ca97c0-SegmentedRaftLogWorker:Storage Directory /workdir/hadoop-ozone/integration-test/target/test-dir/MiniOzoneClusterImpl-a33d77e5-464b-4d19-8e6b-a171e580bf0e/datanode-3/data/ratis/d2156dfc-6e88-4ca6-a138-032a4519c63a] INFO  segmented.SegmentedRaftLogWorker (SegmentedRaftLogWorker.java:run(313)) - 4840c00f-91d3-4881-a20b-4d0486ca97c0-SegmentedRaftLogWorker:Storage Directory /workdir/hadoop-ozone/integration-test/target/test-dir/MiniOzoneClusterImpl-a33d77e5-464b-4d19-8e6b-a171e580bf0e/datanode-3/data/ratis/d2156dfc-6e88-4ca6-a138-032a4519c63a was interrupted, exiting. There are 0 tasks remaining in the queue.
2019-09-20 09:27:40,129 [ForkJoinPool.commonPool-worker-1] INFO  impl.RoleInfo (RoleInfo.java:shutdownLeaderState(104)) - fd3cd5f9-4f1c-43ea-91b1-b85a1f6c3825: shutdown LeaderState
2019-09-20 09:27:40,130 [main] INFO  segmented.SegmentedRaftLogWorker (SegmentedRaftLogWorker.java:close(228)) - 4840c00f-91d3-4881-a20b-4d0486ca97c0-SegmentedRaftLogWorker:Storage Directory /workdir/hadoop-ozone/integration-test/target/test-dir/MiniOzoneClusterImpl-a33d77e5-464b-4d19-8e6b-a171e580bf0e/datanode-3/data/ratis/d2156dfc-6e88-4ca6-a138-032a4519c63a close()
2019-09-20 09:27:40,130 [ForkJoinPool.commonPool-worker-1] INFO  impl.PendingRequests (PendingRequests.java:sendNotLeaderResponses(202)) - fd3cd5f9-4f1c-43ea-91b1-b85a1f6c3825-PendingRequests: sendNotLeaderResponses
2019-09-20 09:27:40,130 [main] INFO  impl.RaftServerImpl (RaftServerImpl.java:lambda$shutdown$3(245)) - 4840c00f-91d3-4881-a20b-4d0486ca97c0: shutdown group-791F2CCB98AA
2019-09-20 09:27:40,131 [ForkJoinPool.commonPool-worker-1] INFO  impl.StateMachineUpdater (StateMachineUpdater.java:stopAndJoin(115)) - StateMachineUpdater:fd3cd5f9-4f1c-43ea-91b1-b85a1f6c3825:group-C7852780CB56: set stopIndex = 0
2019-09-20 09:27:40,131 [main] INFO  util.JmxRegister (JmxRegister.java:unregister(73)) - Successfully un-registered JMX Bean with object name Ratis:service=RaftServer,group=group-791F2CCB98AA,id=4840c00f-91d3-4881-a20b-4d0486ca97c0
2019-09-20 09:27:40,132 [main] INFO  impl.RoleInfo (RoleInfo.java:shutdownFollowerState(121)) - 4840c00f-91d3-4881-a20b-4d0486ca97c0: shutdown FollowerState
2019-09-20 09:27:40,131 [ForkJoinPool.commonPool-worker-1] INFO  impl.RaftServerImpl (ServerState.java:close(394)) - fd3cd5f9-4f1c-43ea-91b1-b85a1f6c3825:group-C7852780CB56 closes. The last applied log index is 0
2019-09-20 09:27:40,132 [Thread-1176] INFO  impl.FollowerState (FollowerState.java:run(114)) - 4840c00f-91d3-4881-a20b-4d0486ca97c0: FollowerState was interrupted: java.lang.InterruptedException: sleep interrupted
2019-09-20 09:27:40,132 [main] INFO  impl.StateMachineUpdater (StateMachineUpdater.java:stopAndJoin(115)) - StateMachineUpdater:4840c00f-91d3-4881-a20b-4d0486ca97c0:group-791F2CCB98AA: set stopIndex = -1
2019-09-20 09:27:40,133 [main] INFO  impl.RaftServerImpl (ServerState.java:close(394)) - 4840c00f-91d3-4881-a20b-4d0486ca97c0:group-791F2CCB98AA closes. The last applied log index is -1
2019-09-20 09:27:40,133 [fd3cd5f9-4f1c-43ea-91b1-b85a1f6c3825-SegmentedRaftLogWorker:Storage Directory /workdir/hadoop-ozone/integration-test/target/test-dir/MiniOzoneClusterImpl-a33d77e5-464b-4d19-8e6b-a171e580bf0e/datanode-1/data/ratis/589eff64-bdb7-49a5-bc4d-c7852780cb56] INFO  segmented.SegmentedRaftLogWorker (SegmentedRaftLogWorker.java:run(313)) - fd3cd5f9-4f1c-43ea-91b1-b85a1f6c3825-SegmentedRaftLogWorker:Storage Directory /workdir/hadoop-ozone/integration-test/target/test-dir/MiniOzoneClusterImpl-a33d77e5-464b-4d19-8e6b-a171e580bf0e/datanode-1/data/ratis/589eff64-bdb7-49a5-bc4d-c7852780cb56 was interrupted, exiting. There are 0 tasks remaining in the queue.
2019-09-20 09:27:40,133 [4840c00f-91d3-4881-a20b-4d0486ca97c0-SegmentedRaftLogWorker:Storage Directory /workdir/hadoop-ozone/integration-test/target/test-dir/MiniOzoneClusterImpl-a33d77e5-464b-4d19-8e6b-a171e580bf0e/datanode-3/data/ratis/3974e938-29d0-4d8c-b998-791f2ccb98aa] INFO  segmented.SegmentedRaftLogWorker (SegmentedRaftLogWorker.java:run(313)) - 4840c00f-91d3-4881-a20b-4d0486ca97c0-SegmentedRaftLogWorker:Storage Directory /workdir/hadoop-ozone/integration-test/target/test-dir/MiniOzoneClusterImpl-a33d77e5-464b-4d19-8e6b-a171e580bf0e/datanode-3/data/ratis/3974e938-29d0-4d8c-b998-791f2ccb98aa was interrupted, exiting. There are 0 tasks remaining in the queue.
2019-09-20 09:27:40,134 [ForkJoinPool.commonPool-worker-1] INFO  segmented.SegmentedRaftLogWorker (SegmentedRaftLogWorker.java:close(228)) - fd3cd5f9-4f1c-43ea-91b1-b85a1f6c3825-SegmentedRaftLogWorker:Storage Directory /workdir/hadoop-ozone/integration-test/target/test-dir/MiniOzoneClusterImpl-a33d77e5-464b-4d19-8e6b-a171e580bf0e/datanode-1/data/ratis/589eff64-bdb7-49a5-bc4d-c7852780cb56 close()
2019-09-20 09:27:40,134 [main] INFO  segmented.SegmentedRaftLogWorker (SegmentedRaftLogWorker.java:close(228)) - 4840c00f-91d3-4881-a20b-4d0486ca97c0-SegmentedRaftLogWorker:Storage Directory /workdir/hadoop-ozone/integration-test/target/test-dir/MiniOzoneClusterImpl-a33d77e5-464b-4d19-8e6b-a171e580bf0e/datanode-3/data/ratis/3974e938-29d0-4d8c-b998-791f2ccb98aa close()
2019-09-20 09:27:40,134 [main] INFO  impl.RaftServerImpl (RaftServerImpl.java:lambda$shutdown$3(245)) - 4840c00f-91d3-4881-a20b-4d0486ca97c0: shutdown group-805963563DE5
2019-09-20 09:27:40,135 [ForkJoinPool.commonPool-worker-1] INFO  server.GrpcService (GrpcService.java:closeImpl(155)) - fd3cd5f9-4f1c-43ea-91b1-b85a1f6c3825: shutdown server with port 39114 now
2019-09-20 09:27:40,135 [main] INFO  util.JmxRegister (JmxRegister.java:unregister(73)) - Successfully un-registered JMX Bean with object name Ratis:service=RaftServer,group=group-805963563DE5,id=4840c00f-91d3-4881-a20b-4d0486ca97c0
2019-09-20 09:27:40,135 [main] INFO  impl.RoleInfo (RoleInfo.java:shutdownLeaderState(104)) - 4840c00f-91d3-4881-a20b-4d0486ca97c0: shutdown LeaderState
2019-09-20 09:27:40,136 [main] INFO  impl.PendingRequests (PendingRequests.java:sendNotLeaderResponses(202)) - 4840c00f-91d3-4881-a20b-4d0486ca97c0-PendingRequests: sendNotLeaderResponses
2019-09-20 09:27:40,136 [main] INFO  impl.StateMachineUpdater (StateMachineUpdater.java:stopAndJoin(115)) - StateMachineUpdater:4840c00f-91d3-4881-a20b-4d0486ca97c0:group-805963563DE5: set stopIndex = 0
2019-09-20 09:27:40,137 [main] INFO  impl.RaftServerImpl (ServerState.java:close(394)) - 4840c00f-91d3-4881-a20b-4d0486ca97c0:group-805963563DE5 closes. The last applied log index is 0
2019-09-20 09:27:40,137 [ForkJoinPool.commonPool-worker-1] INFO  server.GrpcService (GrpcService.java:closeImpl(163)) - fd3cd5f9-4f1c-43ea-91b1-b85a1f6c3825: shutdown server with port 39114 successfully
2019-09-20 09:27:40,137 [4840c00f-91d3-4881-a20b-4d0486ca97c0-SegmentedRaftLogWorker:Storage Directory /workdir/hadoop-ozone/integration-test/target/test-dir/MiniOzoneClusterImpl-a33d77e5-464b-4d19-8e6b-a171e580bf0e/datanode-3/data/ratis/161a2c79-545c-4b57-b23f-805963563de5] INFO  segmented.SegmentedRaftLogWorker (SegmentedRaftLogWorker.java:run(313)) - 4840c00f-91d3-4881-a20b-4d0486ca97c0-SegmentedRaftLogWorker:Storage Directory /workdir/hadoop-ozone/integration-test/target/test-dir/MiniOzoneClusterImpl-a33d77e5-464b-4d19-8e6b-a171e580bf0e/datanode-3/data/ratis/161a2c79-545c-4b57-b23f-805963563de5 was interrupted, exiting. There are 0 tasks remaining in the queue.
2019-09-20 09:27:40,138 [main] INFO  segmented.SegmentedRaftLogWorker (SegmentedRaftLogWorker.java:close(228)) - 4840c00f-91d3-4881-a20b-4d0486ca97c0-SegmentedRaftLogWorker:Storage Directory /workdir/hadoop-ozone/integration-test/target/test-dir/MiniOzoneClusterImpl-a33d77e5-464b-4d19-8e6b-a171e580bf0e/datanode-3/data/ratis/161a2c79-545c-4b57-b23f-805963563de5 close()
2019-09-20 09:27:40,140 [main] INFO  server.GrpcService (GrpcService.java:closeImpl(155)) - 4840c00f-91d3-4881-a20b-4d0486ca97c0: shutdown server with port 41473 now
2019-09-20 09:27:40,141 [main] INFO  server.GrpcService (GrpcService.java:closeImpl(163)) - 4840c00f-91d3-4881-a20b-4d0486ca97c0: shutdown server with port 41473 successfully
2019-09-20 09:27:40,143 [ForkJoinPool.commonPool-worker-1] INFO  utils.BackgroundService (BackgroundService.java:shutdown(148)) - Shutting down service BlockDeletingService
2019-09-20 09:27:40,145 [refreshUsed-/workdir/hadoop-ozone/integration-test/target/test-dir/MiniOzoneClusterImpl-a33d77e5-464b-4d19-8e6b-a171e580bf0e/datanode-1/data/containers] WARN  fs.CachingGetSpaceUsed (CachingGetSpaceUsed.java:run(183)) - Thread Interrupted waiting to refresh disk information: sleep interrupted
2019-09-20 09:27:40,154 [main] INFO  utils.BackgroundService (BackgroundService.java:shutdown(148)) - Shutting down service BlockDeletingService
2019-09-20 09:27:40,158 [refreshUsed-/workdir/hadoop-ozone/integration-test/target/test-dir/MiniOzoneClusterImpl-a33d77e5-464b-4d19-8e6b-a171e580bf0e/datanode-3/data/containers] WARN  fs.CachingGetSpaceUsed (CachingGetSpaceUsed.java:run(183)) - Thread Interrupted waiting to refresh disk information: sleep interrupted
2019-09-20 09:27:40,182 [ForkJoinPool.commonPool-worker-1] INFO  statemachine.DatanodeStateMachine (DatanodeStateMachine.java:stopDaemon(395)) - Ozone container server stopped.
2019-09-20 09:27:40,188 [ForkJoinPool.commonPool-worker-1] INFO  handler.ContextHandler (ContextHandler.java:doStop(910)) - Stopped o.e.j.w.WebAppContext@6b8d54da{/,null,UNAVAILABLE}{/hddsDatanode}
2019-09-20 09:27:40,189 [ForkJoinPool.commonPool-worker-1] INFO  server.AbstractConnector (AbstractConnector.java:doStop(318)) - Stopped ServerConnector@79957f11{HTTP/1.1,[http/1.1]}{0.0.0.0:0}
2019-09-20 09:27:40,191 [ForkJoinPool.commonPool-worker-1] INFO  handler.ContextHandler (ContextHandler.java:doStop(910)) - Stopped o.e.j.s.ServletContextHandler@3a1b36a1{/static,jar:file:/home/user/.m2/repository/org/apache/hadoop/hadoop-hdds-container-service/0.5.0-SNAPSHOT/hadoop-hdds-container-service-0.5.0-SNAPSHOT.jar!/webapps/static,UNAVAILABLE}
2019-09-20 09:27:40,193 [ForkJoinPool.commonPool-worker-1] INFO  handler.ContextHandler (ContextHandler.java:doStop(910)) - Stopped o.e.j.s.ServletContextHandler@44aa2e13{/logs,file:///workdir/hadoop-ozone/integration-test/target/log,UNAVAILABLE}
2019-09-20 09:27:40,199 [main] INFO  statemachine.DatanodeStateMachine (DatanodeStateMachine.java:stopDaemon(395)) - Ozone container server stopped.
2019-09-20 09:27:40,199 [ForkJoinPool.commonPool-worker-1] INFO  datanode.ObjectStoreHandler (ObjectStoreHandler.java:close(155)) - Closing ObjectStoreHandler.
2019-09-20 09:27:40,199 [ForkJoinPool.commonPool-worker-1] INFO  ozone.HddsDatanodeService (HddsDatanodeService.java:stop(451)) - Stopped plug-in org.apache.hadoop.ozone.web.OzoneHddsDatanodeService@2801827a
2019-09-20 09:27:40,200 [main] INFO  handler.ContextHandler (ContextHandler.java:doStop(910)) - Stopped o.e.j.w.WebAppContext@4f3356c0{/,null,UNAVAILABLE}{/hddsDatanode}
2019-09-20 09:27:40,200 [main] INFO  server.AbstractConnector (AbstractConnector.java:doStop(318)) - Stopped ServerConnector@586cc15d{HTTP/1.1,[http/1.1]}{0.0.0.0:0}
2019-09-20 09:27:40,201 [main] INFO  handler.ContextHandler (ContextHandler.java:doStop(910)) - Stopped o.e.j.s.ServletContextHandler@7da1e005{/static,jar:file:/home/user/.m2/repository/org/apache/hadoop/hadoop-hdds-container-service/0.5.0-SNAPSHOT/hadoop-hdds-container-service-0.5.0-SNAPSHOT.jar!/webapps/static,UNAVAILABLE}
2019-09-20 09:27:40,201 [main] INFO  handler.ContextHandler (ContextHandler.java:doStop(910)) - Stopped o.e.j.s.ServletContextHandler@6b70d1fb{/logs,file:///workdir/hadoop-ozone/integration-test/target/log,UNAVAILABLE}
2019-09-20 09:27:40,203 [main] INFO  datanode.ObjectStoreHandler (ObjectStoreHandler.java:close(155)) - Closing ObjectStoreHandler.
2019-09-20 09:27:40,203 [main] INFO  ozone.HddsDatanodeService (HddsDatanodeService.java:stop(451)) - Stopped plug-in org.apache.hadoop.ozone.web.OzoneHddsDatanodeService@7e18ced7
2019-09-20 09:27:40,496 [Datanode State Machine Thread - 0] INFO  statemachine.DatanodeStateMachine (DatanodeStateMachine.java:lambda$startDaemon$0(350)) - Ozone container server started.
2019-09-20 09:27:40,498 | INFO  | SCMAudit | user=jenkins1000 | ip=192.168.36.99 | op=SEND_HEARTBEAT {datanodeUUID=02b93e76-e4c6-4b67-b8a4-c536d9ab7224, command=[]} | ret=SUCCESS |  
2019-09-20 09:27:40,498 [Datanode State Machine Thread - 0] INFO  statemachine.DatanodeStateMachine (DatanodeStateMachine.java:lambda$startDaemon$0(350)) - Ozone container server started.
2019-09-20 09:27:40,499 | INFO  | SCMAudit | user=jenkins1000 | ip=192.168.36.99 | op=SEND_HEARTBEAT {datanodeUUID=871e6485-c22a-483f-9e07-d19e754685be, command=[]} | ret=SUCCESS |  
2019-09-20 09:27:41,498 | INFO  | SCMAudit | user=jenkins1000 | ip=192.168.36.99 | op=SEND_HEARTBEAT {datanodeUUID=02b93e76-e4c6-4b67-b8a4-c536d9ab7224, command=[]} | ret=SUCCESS |  
2019-09-20 09:27:41,499 | INFO  | SCMAudit | user=jenkins1000 | ip=192.168.36.99 | op=SEND_HEARTBEAT {datanodeUUID=871e6485-c22a-483f-9e07-d19e754685be, command=[]} | ret=SUCCESS |  
2019-09-20 09:27:42,498 | INFO  | SCMAudit | user=jenkins1000 | ip=192.168.36.99 | op=SEND_HEARTBEAT {datanodeUUID=02b93e76-e4c6-4b67-b8a4-c536d9ab7224, command=[]} | ret=SUCCESS |  
2019-09-20 09:27:42,499 | INFO  | SCMAudit | user=jenkins1000 | ip=192.168.36.99 | op=SEND_HEARTBEAT {datanodeUUID=871e6485-c22a-483f-9e07-d19e754685be, command=[]} | ret=SUCCESS |  
2019-09-20 09:27:43,235 [Thread-1181] INFO  impl.FollowerState (FollowerState.java:run(106)) - 492ed782-6ab3-4ad9-945e-06def6ac7c96:group-791F2CCB98AA changes to CANDIDATE, lastRpcTime:5049, electionTimeout:5049ms
2019-09-20 09:27:43,235 [Thread-1181] INFO  impl.RoleInfo (RoleInfo.java:shutdownFollowerState(121)) - 492ed782-6ab3-4ad9-945e-06def6ac7c96: shutdown FollowerState
2019-09-20 09:27:43,235 [Thread-1181] INFO  impl.RaftServerImpl (RaftServerImpl.java:setRole(171)) - 492ed782-6ab3-4ad9-945e-06def6ac7c96:group-791F2CCB98AA changes role from FOLLOWER to CANDIDATE at term 0 for changeToCandidate
2019-09-20 09:27:43,236 [Thread-1181] ERROR ratis.XceiverServerRatis (XceiverServerRatis.java:triggerPipelineClose(561)) - pipeline Action CLOSE  on pipeline PipelineID=3974e938-29d0-4d8c-b998-791f2ccb98aa.Reason : 492ed782-6ab3-4ad9-945e-06def6ac7c96 is in candidate state for 12562ms
2019-09-20 09:27:43,236 [Thread-1181] INFO  impl.RoleInfo (RoleInfo.java:updateAndGet(143)) - 492ed782-6ab3-4ad9-945e-06def6ac7c96: start LeaderElection
2019-09-20 09:27:43,257 [492ed782-6ab3-4ad9-945e-06def6ac7c96:group-791F2CCB98AA:LeaderElection184] INFO  impl.LeaderElection (LeaderElection.java:askForVotes(181)) - 492ed782-6ab3-4ad9-945e-06def6ac7c96:group-791F2CCB98AA:LeaderElection184: begin an election at term 1 for -1: [4840c00f-91d3-4881-a20b-4d0486ca97c0:192.168.36.99:41473, 492ed782-6ab3-4ad9-945e-06def6ac7c96:192.168.36.99:32835, 02b93e76-e4c6-4b67-b8a4-c536d9ab7224:192.168.36.99:39343], old=null
2019-09-20 09:27:43,266 [grpc-default-executor-0] INFO  impl.RaftServerImpl (RaftServerImpl.java:setRole(171)) - 02b93e76-e4c6-4b67-b8a4-c536d9ab7224:group-791F2CCB98AA changes role from FOLLOWER to FOLLOWER at term 1 for recognizeCandidate:492ed782-6ab3-4ad9-945e-06def6ac7c96
2019-09-20 09:27:43,266 [grpc-default-executor-0] INFO  impl.RoleInfo (RoleInfo.java:shutdownFollowerState(121)) - 02b93e76-e4c6-4b67-b8a4-c536d9ab7224: shutdown FollowerState
2019-09-20 09:27:43,266 [grpc-default-executor-0] INFO  impl.RoleInfo (RoleInfo.java:updateAndGet(143)) - 02b93e76-e4c6-4b67-b8a4-c536d9ab7224: start FollowerState
2019-09-20 09:27:43,266 [Thread-1177] INFO  impl.FollowerState (FollowerState.java:run(114)) - 02b93e76-e4c6-4b67-b8a4-c536d9ab7224: FollowerState was interrupted: java.lang.InterruptedException: sleep interrupted
2019-09-20 09:27:43,273 [492ed782-6ab3-4ad9-945e-06def6ac7c96:group-791F2CCB98AA:LeaderElection184] INFO  impl.LeaderElection (LogUtils.java:infoOrTrace(149)) - 492ed782-6ab3-4ad9-945e-06def6ac7c96:group-791F2CCB98AA:LeaderElection184 got exception when requesting votes: {}
java.util.concurrent.ExecutionException: org.apache.ratis.thirdparty.io.grpc.StatusRuntimeException: UNAVAILABLE: io exception
	at java.util.concurrent.FutureTask.report(FutureTask.java:122)
	at java.util.concurrent.FutureTask.get(FutureTask.java:192)
	at org.apache.ratis.server.impl.LeaderElection.waitForResults(LeaderElection.java:262)
	at org.apache.ratis.server.impl.LeaderElection.askForVotes(LeaderElection.java:200)
	at org.apache.ratis.server.impl.LeaderElection.run(LeaderElection.java:130)
	at java.lang.Thread.run(Thread.java:748)
Caused by: org.apache.ratis.thirdparty.io.grpc.StatusRuntimeException: UNAVAILABLE: io exception
	at org.apache.ratis.thirdparty.io.grpc.stub.ClientCalls.toStatusRuntimeException(ClientCalls.java:233)
	at org.apache.ratis.thirdparty.io.grpc.stub.ClientCalls.getUnchecked(ClientCalls.java:214)
	at org.apache.ratis.thirdparty.io.grpc.stub.ClientCalls.blockingUnaryCall(ClientCalls.java:139)
	at org.apache.ratis.proto.grpc.RaftServerProtocolServiceGrpc$RaftServerProtocolServiceBlockingStub.requestVote(RaftServerProtocolServiceGrpc.java:265)
	at org.apache.ratis.grpc.server.GrpcServerProtocolClient.requestVote(GrpcServerProtocolClient.java:83)
	at org.apache.ratis.grpc.server.GrpcService.requestVote(GrpcService.java:195)
	at org.apache.ratis.server.impl.LeaderElection.lambda$submitRequests$1(LeaderElection.java:237)
	at java.util.concurrent.FutureTask.run(FutureTask.java:266)
	at java.util.concurrent.Executors$RunnableAdapter.call(Executors.java:511)
	at java.util.concurrent.FutureTask.run(FutureTask.java:266)
	at java.util.concurrent.ThreadPoolExecutor.runWorker(ThreadPoolExecutor.java:1149)
	at java.util.concurrent.ThreadPoolExecutor$Worker.run(ThreadPoolExecutor.java:624)
	... 1 more
Caused by: org.apache.ratis.thirdparty.io.netty.channel.AbstractChannel$AnnotatedConnectException: Connection refused: /192.168.36.99:41473
	at sun.nio.ch.SocketChannelImpl.checkConnect(Native Method)
	at sun.nio.ch.SocketChannelImpl.finishConnect(SocketChannelImpl.java:717)
	at org.apache.ratis.thirdparty.io.netty.channel.socket.nio.NioSocketChannel.doFinishConnect(NioSocketChannel.java:327)
	at org.apache.ratis.thirdparty.io.netty.channel.nio.AbstractNioChannel$AbstractNioUnsafe.finishConnect(AbstractNioChannel.java:340)
	at org.apache.ratis.thirdparty.io.netty.channel.nio.NioEventLoop.processSelectedKey(NioEventLoop.java:632)
	at org.apache.ratis.thirdparty.io.netty.channel.nio.NioEventLoop.processSelectedKeysOptimized(NioEventLoop.java:579)
	at org.apache.ratis.thirdparty.io.netty.channel.nio.NioEventLoop.processSelectedKeys(NioEventLoop.java:496)
	at org.apache.ratis.thirdparty.io.netty.channel.nio.NioEventLoop.run(NioEventLoop.java:458)
	at org.apache.ratis.thirdparty.io.netty.util.concurrent.SingleThreadEventExecutor$5.run(SingleThreadEventExecutor.java:897)
	at org.apache.ratis.thirdparty.io.netty.util.concurrent.FastThreadLocalRunnable.run(FastThreadLocalRunnable.java:30)
	... 1 more
Caused by: java.net.ConnectException: Connection refused
	... 11 more
2019-09-20 09:27:43,288 [492ed782-6ab3-4ad9-945e-06def6ac7c96:group-791F2CCB98AA:LeaderElection184] INFO  impl.LeaderElection (LeaderElection.java:logAndReturn(56)) - 492ed782-6ab3-4ad9-945e-06def6ac7c96:group-791F2CCB98AA:LeaderElection184: Election PASSED; received 1 response(s) [492ed782-6ab3-4ad9-945e-06def6ac7c96<-02b93e76-e4c6-4b67-b8a4-c536d9ab7224#0:OK-t1] and 1 exception(s); 492ed782-6ab3-4ad9-945e-06def6ac7c96:t1, leader=null, voted=492ed782-6ab3-4ad9-945e-06def6ac7c96, raftlog=492ed782-6ab3-4ad9-945e-06def6ac7c96-SegmentedRaftLog:OPENED:c-1,f-1,i0, conf=-1: [4840c00f-91d3-4881-a20b-4d0486ca97c0:192.168.36.99:41473, 492ed782-6ab3-4ad9-945e-06def6ac7c96:192.168.36.99:32835, 02b93e76-e4c6-4b67-b8a4-c536d9ab7224:192.168.36.99:39343], old=null
2019-09-20 09:27:43,289 [492ed782-6ab3-4ad9-945e-06def6ac7c96:group-791F2CCB98AA:LeaderElection184] INFO  impl.LeaderElection (LogUtils.java:infoOrTrace(149)) -   Exception 0: {}
java.util.concurrent.ExecutionException: org.apache.ratis.thirdparty.io.grpc.StatusRuntimeException: UNAVAILABLE: io exception
	at java.util.concurrent.FutureTask.report(FutureTask.java:122)
	at java.util.concurrent.FutureTask.get(FutureTask.java:192)
	at org.apache.ratis.server.impl.LeaderElection.waitForResults(LeaderElection.java:262)
	at org.apache.ratis.server.impl.LeaderElection.askForVotes(LeaderElection.java:200)
	at org.apache.ratis.server.impl.LeaderElection.run(LeaderElection.java:130)
	at java.lang.Thread.run(Thread.java:748)
Caused by: org.apache.ratis.thirdparty.io.grpc.StatusRuntimeException: UNAVAILABLE: io exception
	at org.apache.ratis.thirdparty.io.grpc.stub.ClientCalls.toStatusRuntimeException(ClientCalls.java:233)
	at org.apache.ratis.thirdparty.io.grpc.stub.ClientCalls.getUnchecked(ClientCalls.java:214)
	at org.apache.ratis.thirdparty.io.grpc.stub.ClientCalls.blockingUnaryCall(ClientCalls.java:139)
	at org.apache.ratis.proto.grpc.RaftServerProtocolServiceGrpc$RaftServerProtocolServiceBlockingStub.requestVote(RaftServerProtocolServiceGrpc.java:265)
	at org.apache.ratis.grpc.server.GrpcServerProtocolClient.requestVote(GrpcServerProtocolClient.java:83)
	at org.apache.ratis.grpc.server.GrpcService.requestVote(GrpcService.java:195)
	at org.apache.ratis.server.impl.LeaderElection.lambda$submitRequests$1(LeaderElection.java:237)
	at java.util.concurrent.FutureTask.run(FutureTask.java:266)
	at java.util.concurrent.Executors$RunnableAdapter.call(Executors.java:511)
	at java.util.concurrent.FutureTask.run(FutureTask.java:266)
	at java.util.concurrent.ThreadPoolExecutor.runWorker(ThreadPoolExecutor.java:1149)
	at java.util.concurrent.ThreadPoolExecutor$Worker.run(ThreadPoolExecutor.java:624)
	... 1 more
Caused by: org.apache.ratis.thirdparty.io.netty.channel.AbstractChannel$AnnotatedConnectException: Connection refused: /192.168.36.99:41473
	at sun.nio.ch.SocketChannelImpl.checkConnect(Native Method)
	at sun.nio.ch.SocketChannelImpl.finishConnect(SocketChannelImpl.java:717)
	at org.apache.ratis.thirdparty.io.netty.channel.socket.nio.NioSocketChannel.doFinishConnect(NioSocketChannel.java:327)
	at org.apache.ratis.thirdparty.io.netty.channel.nio.AbstractNioChannel$AbstractNioUnsafe.finishConnect(AbstractNioChannel.java:340)
	at org.apache.ratis.thirdparty.io.netty.channel.nio.NioEventLoop.processSelectedKey(NioEventLoop.java:632)
	at org.apache.ratis.thirdparty.io.netty.channel.nio.NioEventLoop.processSelectedKeysOptimized(NioEventLoop.java:579)
	at org.apache.ratis.thirdparty.io.netty.channel.nio.NioEventLoop.processSelectedKeys(NioEventLoop.java:496)
	at org.apache.ratis.thirdparty.io.netty.channel.nio.NioEventLoop.run(NioEventLoop.java:458)
	at org.apache.ratis.thirdparty.io.netty.util.concurrent.SingleThreadEventExecutor$5.run(SingleThreadEventExecutor.java:897)
	at org.apache.ratis.thirdparty.io.netty.util.concurrent.FastThreadLocalRunnable.run(FastThreadLocalRunnable.java:30)
	... 1 more
Caused by: java.net.ConnectException: Connection refused
	... 11 more
2019-09-20 09:27:43,289 [492ed782-6ab3-4ad9-945e-06def6ac7c96:group-791F2CCB98AA:LeaderElection184] INFO  impl.RoleInfo (RoleInfo.java:shutdownLeaderElection(134)) - 492ed782-6ab3-4ad9-945e-06def6ac7c96: shutdown LeaderElection
2019-09-20 09:27:43,289 [492ed782-6ab3-4ad9-945e-06def6ac7c96:group-791F2CCB98AA:LeaderElection184] INFO  impl.RaftServerImpl (RaftServerImpl.java:setRole(171)) - 492ed782-6ab3-4ad9-945e-06def6ac7c96:group-791F2CCB98AA changes role from CANDIDATE to LEADER at term 1 for changeToLeader
2019-09-20 09:27:43,290 [492ed782-6ab3-4ad9-945e-06def6ac7c96:group-791F2CCB98AA:LeaderElection184] INFO  impl.RaftServerImpl (ServerState.java:setLeader(263)) - 492ed782-6ab3-4ad9-945e-06def6ac7c96:group-791F2CCB98AA change Leader from null to 492ed782-6ab3-4ad9-945e-06def6ac7c96 at term 1 for becomeLeader, leader elected after 12616ms
2019-09-20 09:27:43,290 [492ed782-6ab3-4ad9-945e-06def6ac7c96:group-791F2CCB98AA:LeaderElection184] INFO  server.RaftServerConfigKeys (ConfUtils.java:logGet(43)) - raft.server.staging.catchup.gap = 1000 (default)
2019-09-20 09:27:43,290 [492ed782-6ab3-4ad9-945e-06def6ac7c96:group-791F2CCB98AA:LeaderElection184] INFO  server.RaftServerConfigKeys (ConfUtils.java:logGet(43)) - raft.server.rpc.sleep.time = 25ms (default)
2019-09-20 09:27:43,290 [492ed782-6ab3-4ad9-945e-06def6ac7c96:group-791F2CCB98AA:LeaderElection184] INFO  server.RaftServerConfigKeys (ConfUtils.java:logGet(43)) - raft.server.write.element-limit = 4096 (default)
2019-09-20 09:27:43,290 [492ed782-6ab3-4ad9-945e-06def6ac7c96:group-791F2CCB98AA:LeaderElection184] INFO  server.RaftServerConfigKeys (ConfUtils.java:logGet(43)) - raft.server.watch.timeout = 10s (default)
2019-09-20 09:27:43,291 [492ed782-6ab3-4ad9-945e-06def6ac7c96:group-791F2CCB98AA:LeaderElection184] INFO  server.RaftServerConfigKeys (ConfUtils.java:logGet(43)) - raft.server.watch.timeout.denomination = 1s (default)
2019-09-20 09:27:43,291 [492ed782-6ab3-4ad9-945e-06def6ac7c96:group-791F2CCB98AA:LeaderElection184] INFO  server.RaftServerConfigKeys (ConfUtils.java:logGet(43)) - raft.server.watch.element-limit = 65536 (default)
2019-09-20 09:27:43,291 [492ed782-6ab3-4ad9-945e-06def6ac7c96:group-791F2CCB98AA:LeaderElection184] INFO  server.RaftServerConfigKeys (ConfUtils.java:logGet(43)) - raft.server.log.appender.snapshot.chunk.size.max = 16MB (=16777216) (default)
2019-09-20 09:27:43,291 [492ed782-6ab3-4ad9-945e-06def6ac7c96:group-791F2CCB98AA:LeaderElection184] INFO  server.RaftServerConfigKeys (ConfUtils.java:logGet(43)) - raft.server.log.appender.buffer.byte-limit = 33554432 (custom)
2019-09-20 09:27:43,291 [492ed782-6ab3-4ad9-945e-06def6ac7c96:group-791F2CCB98AA:LeaderElection184] INFO  server.RaftServerConfigKeys (ConfUtils.java:logGet(43)) - raft.server.log.appender.buffer.element-limit = 1 (custom)
2019-09-20 09:27:43,292 [492ed782-6ab3-4ad9-945e-06def6ac7c96:group-791F2CCB98AA:LeaderElection184] INFO  grpc.GrpcConfigKeys$Server (ConfUtils.java:logGet(43)) - raft.grpc.server.leader.outstanding.appends.max = 128 (default)
2019-09-20 09:27:43,292 [492ed782-6ab3-4ad9-945e-06def6ac7c96:group-791F2CCB98AA:LeaderElection184] INFO  server.RaftServerConfigKeys (ConfUtils.java:logGet(43)) - raft.server.rpc.request.timeout = 3000ms (default)
2019-09-20 09:27:43,292 [492ed782-6ab3-4ad9-945e-06def6ac7c96:group-791F2CCB98AA:LeaderElection184] INFO  server.RaftServerConfigKeys (ConfUtils.java:logGet(43)) - raft.server.log.appender.install.snapshot.enabled = false (custom)
2019-09-20 09:27:43,292 [492ed782-6ab3-4ad9-945e-06def6ac7c96:group-791F2CCB98AA:LeaderElection184] INFO  server.RaftServerConfigKeys (ConfUtils.java:logGet(43)) - raft.server.log.appender.snapshot.chunk.size.max = 16MB (=16777216) (default)
2019-09-20 09:27:43,292 [492ed782-6ab3-4ad9-945e-06def6ac7c96:group-791F2CCB98AA:LeaderElection184] INFO  server.RaftServerConfigKeys (ConfUtils.java:logGet(43)) - raft.server.log.appender.buffer.byte-limit = 33554432 (custom)
2019-09-20 09:27:43,293 [492ed782-6ab3-4ad9-945e-06def6ac7c96:group-791F2CCB98AA:LeaderElection184] INFO  server.RaftServerConfigKeys (ConfUtils.java:logGet(43)) - raft.server.log.appender.buffer.element-limit = 1 (custom)
2019-09-20 09:27:43,293 [492ed782-6ab3-4ad9-945e-06def6ac7c96:group-791F2CCB98AA:LeaderElection184] INFO  grpc.GrpcConfigKeys$Server (ConfUtils.java:logGet(43)) - raft.grpc.server.leader.outstanding.appends.max = 128 (default)
2019-09-20 09:27:43,293 [492ed782-6ab3-4ad9-945e-06def6ac7c96:group-791F2CCB98AA:LeaderElection184] INFO  server.RaftServerConfigKeys (ConfUtils.java:logGet(43)) - raft.server.rpc.request.timeout = 3000ms (default)
2019-09-20 09:27:43,293 [492ed782-6ab3-4ad9-945e-06def6ac7c96:group-791F2CCB98AA:LeaderElection184] INFO  server.RaftServerConfigKeys (ConfUtils.java:logGet(43)) - raft.server.log.appender.install.snapshot.enabled = false (custom)
2019-09-20 09:27:43,294 [492ed782-6ab3-4ad9-945e-06def6ac7c96:group-791F2CCB98AA:LeaderElection184] INFO  impl.RoleInfo (RoleInfo.java:updateAndGet(143)) - 492ed782-6ab3-4ad9-945e-06def6ac7c96: start LeaderState
2019-09-20 09:27:43,294 [492ed782-6ab3-4ad9-945e-06def6ac7c96:group-791F2CCB98AA:LeaderElection184] INFO  segmented.SegmentedRaftLogWorker (SegmentedRaftLogWorker.java:startLogSegment(380)) - 492ed782-6ab3-4ad9-945e-06def6ac7c96-SegmentedRaftLogWorker:Storage Directory /workdir/hadoop-ozone/integration-test/target/test-dir/MiniOzoneClusterImpl-a33d77e5-464b-4d19-8e6b-a171e580bf0e/datanode-2/data/ratis/3974e938-29d0-4d8c-b998-791f2ccb98aa: Starting segment from index:0
2019-09-20 09:27:43,729 [492ed782-6ab3-4ad9-945e-06def6ac7c96:group-791F2CCB98AA:LeaderElection184] INFO  impl.RaftServerImpl (ServerState.java:setRaftConf(361)) - 492ed782-6ab3-4ad9-945e-06def6ac7c96:group-791F2CCB98AA set configuration 0: [4840c00f-91d3-4881-a20b-4d0486ca97c0:192.168.36.99:41473, 492ed782-6ab3-4ad9-945e-06def6ac7c96:192.168.36.99:32835, 02b93e76-e4c6-4b67-b8a4-c536d9ab7224:192.168.36.99:39343], old=null at 0
2019-09-20 09:27:43,759 | INFO  | SCMAudit | user=jenkins1000 | ip=192.168.36.99 | op=SEND_HEARTBEAT {datanodeUUID=02b93e76-e4c6-4b67-b8a4-c536d9ab7224, command=[]} | ret=SUCCESS |  
2019-09-20 09:27:43,821 | INFO  | SCMAudit | user=jenkins1000 | ip=192.168.36.99 | op=SEND_HEARTBEAT {datanodeUUID=871e6485-c22a-483f-9e07-d19e754685be, command=[]} | ret=SUCCESS |  
2019-09-20 09:27:43,822 [grpc-default-executor-0] WARN  server.GrpcLogAppender (LogUtils.java:warn(134)) - 492ed782-6ab3-4ad9-945e-06def6ac7c96->4840c00f-91d3-4881-a20b-4d0486ca97c0: Failed appendEntries: org.apache.ratis.thirdparty.io.grpc.StatusRuntimeException: UNAVAILABLE: io exception
2019-09-20 09:27:43,824 [grpc-default-executor-0] INFO  impl.FollowerInfo (FollowerInfo.java:lambda$new$0(50)) - 492ed782-6ab3-4ad9-945e-06def6ac7c96->4840c00f-91d3-4881-a20b-4d0486ca97c0: nextIndex: updateUnconditionally 0 -> 0
2019-09-20 09:27:43,824 [grpc-default-executor-1] INFO  impl.RaftServerImpl (ServerState.java:setLeader(263)) - 02b93e76-e4c6-4b67-b8a4-c536d9ab7224:group-791F2CCB98AA change Leader from null to 492ed782-6ab3-4ad9-945e-06def6ac7c96 at term 1 for appendEntries, leader elected after 13150ms
2019-09-20 09:27:43,827 [grpc-default-executor-1] INFO  impl.RaftServerImpl (ServerState.java:setRaftConf(361)) - 02b93e76-e4c6-4b67-b8a4-c536d9ab7224:group-791F2CCB98AA set configuration 0: [4840c00f-91d3-4881-a20b-4d0486ca97c0:192.168.36.99:41473, 492ed782-6ab3-4ad9-945e-06def6ac7c96:192.168.36.99:32835, 02b93e76-e4c6-4b67-b8a4-c536d9ab7224:192.168.36.99:39343], old=null at 0
2019-09-20 09:27:43,827 [grpc-default-executor-1] INFO  segmented.SegmentedRaftLogWorker (SegmentedRaftLogWorker.java:startLogSegment(380)) - 02b93e76-e4c6-4b67-b8a4-c536d9ab7224-SegmentedRaftLogWorker:Storage Directory /workdir/hadoop-ozone/integration-test/target/test-dir/MiniOzoneClusterImpl-a33d77e5-464b-4d19-8e6b-a171e580bf0e/datanode-0/data/ratis/3974e938-29d0-4d8c-b998-791f2ccb98aa: Starting segment from index:0
2019-09-20 09:27:43,845 [492ed782-6ab3-4ad9-945e-06def6ac7c96-SegmentedRaftLogWorker:Storage Directory /workdir/hadoop-ozone/integration-test/target/test-dir/MiniOzoneClusterImpl-a33d77e5-464b-4d19-8e6b-a171e580bf0e/datanode-2/data/ratis/3974e938-29d0-4d8c-b998-791f2ccb98aa] INFO  segmented.SegmentedRaftLogWorker (SegmentedRaftLogWorker.java:execute(569)) - 492ed782-6ab3-4ad9-945e-06def6ac7c96-SegmentedRaftLogWorker:Storage Directory /workdir/hadoop-ozone/integration-test/target/test-dir/MiniOzoneClusterImpl-a33d77e5-464b-4d19-8e6b-a171e580bf0e/datanode-2/data/ratis/3974e938-29d0-4d8c-b998-791f2ccb98aa: created new log segment /workdir/hadoop-ozone/integration-test/target/test-dir/MiniOzoneClusterImpl-a33d77e5-464b-4d19-8e6b-a171e580bf0e/datanode-2/data/ratis/3974e938-29d0-4d8c-b998-791f2ccb98aa/current/log_inprogress_0
2019-09-20 09:27:43,861 [grpc-default-executor-6] WARN  server.GrpcLogAppender (LogUtils.java:warn(134)) - 492ed782-6ab3-4ad9-945e-06def6ac7c96->4840c00f-91d3-4881-a20b-4d0486ca97c0: Failed appendEntries: org.apache.ratis.thirdparty.io.grpc.StatusRuntimeException: UNAVAILABLE: io exception
2019-09-20 09:27:43,864 [grpc-default-executor-6] INFO  impl.FollowerInfo (FollowerInfo.java:lambda$new$0(50)) - 492ed782-6ab3-4ad9-945e-06def6ac7c96->4840c00f-91d3-4881-a20b-4d0486ca97c0: nextIndex: updateUnconditionally 1 -> 0
2019-09-20 09:27:43,886 [02b93e76-e4c6-4b67-b8a4-c536d9ab7224-SegmentedRaftLogWorker:Storage Directory /workdir/hadoop-ozone/integration-test/target/test-dir/MiniOzoneClusterImpl-a33d77e5-464b-4d19-8e6b-a171e580bf0e/datanode-0/data/ratis/3974e938-29d0-4d8c-b998-791f2ccb98aa] INFO  segmented.SegmentedRaftLogWorker (SegmentedRaftLogWorker.java:execute(569)) - 02b93e76-e4c6-4b67-b8a4-c536d9ab7224-SegmentedRaftLogWorker:Storage Directory /workdir/hadoop-ozone/integration-test/target/test-dir/MiniOzoneClusterImpl-a33d77e5-464b-4d19-8e6b-a171e580bf0e/datanode-0/data/ratis/3974e938-29d0-4d8c-b998-791f2ccb98aa: created new log segment /workdir/hadoop-ozone/integration-test/target/test-dir/MiniOzoneClusterImpl-a33d77e5-464b-4d19-8e6b-a171e580bf0e/datanode-0/data/ratis/3974e938-29d0-4d8c-b998-791f2ccb98aa/current/log_inprogress_0
2019-09-20 09:27:44,729 | INFO  | SCMAudit | user=jenkins1000 | ip=192.168.36.99 | op=SEND_HEARTBEAT {datanodeUUID=871e6485-c22a-483f-9e07-d19e754685be, command=[]} | ret=SUCCESS |  
2019-09-20 09:27:44,730 | INFO  | SCMAudit | user=jenkins1000 | ip=192.168.36.99 | op=SEND_HEARTBEAT {datanodeUUID=02b93e76-e4c6-4b67-b8a4-c536d9ab7224, command=[]} | ret=SUCCESS |  
2019-09-20 09:27:45,201 [ForkJoinPool.commonPool-worker-1] INFO  ozoneimpl.OzoneContainer (OzoneContainer.java:stop(199)) - Attempting to stop container services.
2019-09-20 09:27:45,201 [ForkJoinPool.commonPool-worker-1] INFO  impl.RaftServerProxy (RaftServerProxy.java:lambda$close$4(314)) - 492ed782-6ab3-4ad9-945e-06def6ac7c96: close
2019-09-20 09:27:45,202 [ForkJoinPool.commonPool-worker-1] INFO  impl.RaftServerImpl (RaftServerImpl.java:lambda$shutdown$3(245)) - 492ed782-6ab3-4ad9-945e-06def6ac7c96: shutdown group-D3FD6C400C7E
2019-09-20 09:27:45,202 [ForkJoinPool.commonPool-worker-1] INFO  util.JmxRegister (JmxRegister.java:unregister(73)) - Successfully un-registered JMX Bean with object name Ratis:service=RaftServer,group=group-D3FD6C400C7E,id=492ed782-6ab3-4ad9-945e-06def6ac7c96
2019-09-20 09:27:45,202 [ForkJoinPool.commonPool-worker-1] INFO  impl.RoleInfo (RoleInfo.java:shutdownLeaderState(104)) - 492ed782-6ab3-4ad9-945e-06def6ac7c96: shutdown LeaderState
2019-09-20 09:27:45,202 [ForkJoinPool.commonPool-worker-1] INFO  impl.PendingRequests (PendingRequests.java:sendNotLeaderResponses(202)) - 492ed782-6ab3-4ad9-945e-06def6ac7c96-PendingRequests: sendNotLeaderResponses
2019-09-20 09:27:45,203 [ForkJoinPool.commonPool-worker-1] INFO  impl.StateMachineUpdater (StateMachineUpdater.java:stopAndJoin(115)) - StateMachineUpdater:492ed782-6ab3-4ad9-945e-06def6ac7c96:group-D3FD6C400C7E: set stopIndex = 0
2019-09-20 09:27:45,203 [ForkJoinPool.commonPool-worker-1] INFO  impl.RaftServerImpl (ServerState.java:close(394)) - 492ed782-6ab3-4ad9-945e-06def6ac7c96:group-D3FD6C400C7E closes. The last applied log index is 0
2019-09-20 09:27:45,204 [492ed782-6ab3-4ad9-945e-06def6ac7c96-SegmentedRaftLogWorker:Storage Directory /workdir/hadoop-ozone/integration-test/target/test-dir/MiniOzoneClusterImpl-a33d77e5-464b-4d19-8e6b-a171e580bf0e/datanode-2/data/ratis/4f3ce1d6-e882-423e-a437-d3fd6c400c7e] INFO  segmented.SegmentedRaftLogWorker (SegmentedRaftLogWorker.java:run(313)) - 492ed782-6ab3-4ad9-945e-06def6ac7c96-SegmentedRaftLogWorker:Storage Directory /workdir/hadoop-ozone/integration-test/target/test-dir/MiniOzoneClusterImpl-a33d77e5-464b-4d19-8e6b-a171e580bf0e/datanode-2/data/ratis/4f3ce1d6-e882-423e-a437-d3fd6c400c7e was interrupted, exiting. There are 0 tasks remaining in the queue.
2019-09-20 09:27:45,204 [main] INFO  ozoneimpl.OzoneContainer (OzoneContainer.java:stop(199)) - Attempting to stop container services.
2019-09-20 09:27:45,204 [ForkJoinPool.commonPool-worker-1] INFO  segmented.SegmentedRaftLogWorker (SegmentedRaftLogWorker.java:close(228)) - 492ed782-6ab3-4ad9-945e-06def6ac7c96-SegmentedRaftLogWorker:Storage Directory /workdir/hadoop-ozone/integration-test/target/test-dir/MiniOzoneClusterImpl-a33d77e5-464b-4d19-8e6b-a171e580bf0e/datanode-2/data/ratis/4f3ce1d6-e882-423e-a437-d3fd6c400c7e close()
2019-09-20 09:27:45,205 [main] INFO  impl.RaftServerProxy (RaftServerProxy.java:lambda$close$4(314)) - dc7f40a9-6782-42c4-abab-c6b1682da047: close
2019-09-20 09:27:45,205 [ForkJoinPool.commonPool-worker-1] INFO  impl.RaftServerImpl (RaftServerImpl.java:lambda$shutdown$3(245)) - 492ed782-6ab3-4ad9-945e-06def6ac7c96: shutdown group-FEC2F50B1B58
2019-09-20 09:27:45,205 [main] INFO  server.GrpcService (GrpcService.java:closeImpl(155)) - dc7f40a9-6782-42c4-abab-c6b1682da047: shutdown server with port 40142 now
2019-09-20 09:27:45,206 [ForkJoinPool.commonPool-worker-1] INFO  util.JmxRegister (JmxRegister.java:unregister(73)) - Successfully un-registered JMX Bean with object name Ratis:service=RaftServer,group=group-FEC2F50B1B58,id=492ed782-6ab3-4ad9-945e-06def6ac7c96
2019-09-20 09:27:45,208 [main] INFO  server.GrpcService (GrpcService.java:closeImpl(163)) - dc7f40a9-6782-42c4-abab-c6b1682da047: shutdown server with port 40142 successfully
2019-09-20 09:27:45,208 [ForkJoinPool.commonPool-worker-1] INFO  impl.RoleInfo (RoleInfo.java:shutdownLeaderState(104)) - 492ed782-6ab3-4ad9-945e-06def6ac7c96: shutdown LeaderState
2019-09-20 09:27:45,209 [ForkJoinPool.commonPool-worker-1] INFO  impl.PendingRequests (PendingRequests.java:sendNotLeaderResponses(202)) - 492ed782-6ab3-4ad9-945e-06def6ac7c96-PendingRequests: sendNotLeaderResponses
2019-09-20 09:27:45,209 [ForkJoinPool.commonPool-worker-1] INFO  impl.StateMachineUpdater (StateMachineUpdater.java:stopAndJoin(115)) - StateMachineUpdater:492ed782-6ab3-4ad9-945e-06def6ac7c96:group-FEC2F50B1B58: set stopIndex = 0
2019-09-20 09:27:45,210 [ForkJoinPool.commonPool-worker-1] INFO  impl.RaftServerImpl (ServerState.java:close(394)) - 492ed782-6ab3-4ad9-945e-06def6ac7c96:group-FEC2F50B1B58 closes. The last applied log index is 0
2019-09-20 09:27:45,210 [492ed782-6ab3-4ad9-945e-06def6ac7c96-SegmentedRaftLogWorker:Storage Directory /workdir/hadoop-ozone/integration-test/target/test-dir/MiniOzoneClusterImpl-a33d77e5-464b-4d19-8e6b-a171e580bf0e/datanode-2/data/ratis/e38a33d1-2b66-42f3-997c-fec2f50b1b58] INFO  segmented.SegmentedRaftLogWorker (SegmentedRaftLogWorker.java:run(313)) - 492ed782-6ab3-4ad9-945e-06def6ac7c96-SegmentedRaftLogWorker:Storage Directory /workdir/hadoop-ozone/integration-test/target/test-dir/MiniOzoneClusterImpl-a33d77e5-464b-4d19-8e6b-a171e580bf0e/datanode-2/data/ratis/e38a33d1-2b66-42f3-997c-fec2f50b1b58 was interrupted, exiting. There are 0 tasks remaining in the queue.
2019-09-20 09:27:45,211 [ForkJoinPool.commonPool-worker-1] INFO  segmented.SegmentedRaftLogWorker (SegmentedRaftLogWorker.java:close(228)) - 492ed782-6ab3-4ad9-945e-06def6ac7c96-SegmentedRaftLogWorker:Storage Directory /workdir/hadoop-ozone/integration-test/target/test-dir/MiniOzoneClusterImpl-a33d77e5-464b-4d19-8e6b-a171e580bf0e/datanode-2/data/ratis/e38a33d1-2b66-42f3-997c-fec2f50b1b58 close()
2019-09-20 09:27:45,211 [ForkJoinPool.commonPool-worker-1] INFO  impl.RaftServerImpl (RaftServerImpl.java:lambda$shutdown$3(245)) - 492ed782-6ab3-4ad9-945e-06def6ac7c96: shutdown group-D5EA17BD165B
2019-09-20 09:27:45,211 [ForkJoinPool.commonPool-worker-1] INFO  util.JmxRegister (JmxRegister.java:unregister(73)) - Successfully un-registered JMX Bean with object name Ratis:service=RaftServer,group=group-D5EA17BD165B,id=492ed782-6ab3-4ad9-945e-06def6ac7c96
2019-09-20 09:27:45,211 [ForkJoinPool.commonPool-worker-1] INFO  impl.RoleInfo (RoleInfo.java:shutdownLeaderState(104)) - 492ed782-6ab3-4ad9-945e-06def6ac7c96: shutdown LeaderState
2019-09-20 09:27:45,212 [ForkJoinPool.commonPool-worker-1] INFO  impl.PendingRequests (PendingRequests.java:sendNotLeaderResponses(202)) - 492ed782-6ab3-4ad9-945e-06def6ac7c96-PendingRequests: sendNotLeaderResponses
2019-09-20 09:27:45,212 [ForkJoinPool.commonPool-worker-1] INFO  impl.StateMachineUpdater (StateMachineUpdater.java:stopAndJoin(115)) - StateMachineUpdater:492ed782-6ab3-4ad9-945e-06def6ac7c96:group-D5EA17BD165B: set stopIndex = 0
2019-09-20 09:27:45,212 [ForkJoinPool.commonPool-worker-1] INFO  impl.RaftServerImpl (ServerState.java:close(394)) - 492ed782-6ab3-4ad9-945e-06def6ac7c96:group-D5EA17BD165B closes. The last applied log index is 0
2019-09-20 09:27:45,213 [492ed782-6ab3-4ad9-945e-06def6ac7c96-SegmentedRaftLogWorker:Storage Directory /workdir/hadoop-ozone/integration-test/target/test-dir/MiniOzoneClusterImpl-a33d77e5-464b-4d19-8e6b-a171e580bf0e/datanode-2/data/ratis/a8fb2c74-ef20-4dde-8c4f-d5ea17bd165b] INFO  segmented.SegmentedRaftLogWorker (SegmentedRaftLogWorker.java:run(313)) - 492ed782-6ab3-4ad9-945e-06def6ac7c96-SegmentedRaftLogWorker:Storage Directory /workdir/hadoop-ozone/integration-test/target/test-dir/MiniOzoneClusterImpl-a33d77e5-464b-4d19-8e6b-a171e580bf0e/datanode-2/data/ratis/a8fb2c74-ef20-4dde-8c4f-d5ea17bd165b was interrupted, exiting. There are 0 tasks remaining in the queue.
2019-09-20 09:27:45,213 [ForkJoinPool.commonPool-worker-1] INFO  segmented.SegmentedRaftLogWorker (SegmentedRaftLogWorker.java:close(228)) - 492ed782-6ab3-4ad9-945e-06def6ac7c96-SegmentedRaftLogWorker:Storage Directory /workdir/hadoop-ozone/integration-test/target/test-dir/MiniOzoneClusterImpl-a33d77e5-464b-4d19-8e6b-a171e580bf0e/datanode-2/data/ratis/a8fb2c74-ef20-4dde-8c4f-d5ea17bd165b close()
2019-09-20 09:27:45,214 [ForkJoinPool.commonPool-worker-1] INFO  impl.RaftServerImpl (RaftServerImpl.java:lambda$shutdown$3(245)) - 492ed782-6ab3-4ad9-945e-06def6ac7c96: shutdown group-6D4E723219BF
2019-09-20 09:27:45,214 [ForkJoinPool.commonPool-worker-1] INFO  util.JmxRegister (JmxRegister.java:unregister(73)) - Successfully un-registered JMX Bean with object name Ratis:service=RaftServer,group=group-6D4E723219BF,id=492ed782-6ab3-4ad9-945e-06def6ac7c96
2019-09-20 09:27:45,214 [ForkJoinPool.commonPool-worker-1] INFO  impl.RoleInfo (RoleInfo.java:shutdownLeaderState(104)) - 492ed782-6ab3-4ad9-945e-06def6ac7c96: shutdown LeaderState
2019-09-20 09:27:45,215 [ForkJoinPool.commonPool-worker-1] INFO  impl.PendingRequests (PendingRequests.java:sendNotLeaderResponses(202)) - 492ed782-6ab3-4ad9-945e-06def6ac7c96-PendingRequests: sendNotLeaderResponses
2019-09-20 09:27:45,215 [ForkJoinPool.commonPool-worker-1] INFO  impl.StateMachineUpdater (StateMachineUpdater.java:stopAndJoin(115)) - StateMachineUpdater:492ed782-6ab3-4ad9-945e-06def6ac7c96:group-6D4E723219BF: set stopIndex = 0
2019-09-20 09:27:45,215 [ForkJoinPool.commonPool-worker-1] INFO  impl.RaftServerImpl (ServerState.java:close(394)) - 492ed782-6ab3-4ad9-945e-06def6ac7c96:group-6D4E723219BF closes. The last applied log index is 0
2019-09-20 09:27:45,216 [492ed782-6ab3-4ad9-945e-06def6ac7c96-SegmentedRaftLogWorker:Storage Directory /workdir/hadoop-ozone/integration-test/target/test-dir/MiniOzoneClusterImpl-a33d77e5-464b-4d19-8e6b-a171e580bf0e/datanode-2/data/ratis/02242169-2c3a-4694-8a13-6d4e723219bf] INFO  segmented.SegmentedRaftLogWorker (SegmentedRaftLogWorker.java:run(313)) - 492ed782-6ab3-4ad9-945e-06def6ac7c96-SegmentedRaftLogWorker:Storage Directory /workdir/hadoop-ozone/integration-test/target/test-dir/MiniOzoneClusterImpl-a33d77e5-464b-4d19-8e6b-a171e580bf0e/datanode-2/data/ratis/02242169-2c3a-4694-8a13-6d4e723219bf was interrupted, exiting. There are 0 tasks remaining in the queue.
2019-09-20 09:27:45,216 [ForkJoinPool.commonPool-worker-1] INFO  segmented.SegmentedRaftLogWorker (SegmentedRaftLogWorker.java:close(228)) - 492ed782-6ab3-4ad9-945e-06def6ac7c96-SegmentedRaftLogWorker:Storage Directory /workdir/hadoop-ozone/integration-test/target/test-dir/MiniOzoneClusterImpl-a33d77e5-464b-4d19-8e6b-a171e580bf0e/datanode-2/data/ratis/02242169-2c3a-4694-8a13-6d4e723219bf close()
2019-09-20 09:27:45,217 [ForkJoinPool.commonPool-worker-1] INFO  impl.RaftServerImpl (RaftServerImpl.java:lambda$shutdown$3(245)) - 492ed782-6ab3-4ad9-945e-06def6ac7c96: shutdown group-90DB9956D43E
2019-09-20 09:27:45,217 [ForkJoinPool.commonPool-worker-1] INFO  util.JmxRegister (JmxRegister.java:unregister(73)) - Successfully un-registered JMX Bean with object name Ratis:service=RaftServer,group=group-90DB9956D43E,id=492ed782-6ab3-4ad9-945e-06def6ac7c96
2019-09-20 09:27:45,217 [ForkJoinPool.commonPool-worker-1] INFO  impl.RoleInfo (RoleInfo.java:shutdownLeaderState(104)) - 492ed782-6ab3-4ad9-945e-06def6ac7c96: shutdown LeaderState
2019-09-20 09:27:45,217 [main] INFO  utils.BackgroundService (BackgroundService.java:shutdown(148)) - Shutting down service BlockDeletingService
2019-09-20 09:27:45,218 [ForkJoinPool.commonPool-worker-1] INFO  impl.PendingRequests (PendingRequests.java:sendNotLeaderResponses(202)) - 492ed782-6ab3-4ad9-945e-06def6ac7c96-PendingRequests: sendNotLeaderResponses
2019-09-20 09:27:45,221 [ForkJoinPool.commonPool-worker-1] INFO  impl.StateMachineUpdater (StateMachineUpdater.java:stopAndJoin(115)) - StateMachineUpdater:492ed782-6ab3-4ad9-945e-06def6ac7c96:group-90DB9956D43E: set stopIndex = 0
2019-09-20 09:27:45,222 [ForkJoinPool.commonPool-worker-1] INFO  impl.RaftServerImpl (ServerState.java:close(394)) - 492ed782-6ab3-4ad9-945e-06def6ac7c96:group-90DB9956D43E closes. The last applied log index is 0
2019-09-20 09:27:45,223 [refreshUsed-/workdir/hadoop-ozone/integration-test/target/test-dir/MiniOzoneClusterImpl-a33d77e5-464b-4d19-8e6b-a171e580bf0e/datanode-5/data/containers] WARN  fs.CachingGetSpaceUsed (CachingGetSpaceUsed.java:run(183)) - Thread Interrupted waiting to refresh disk information: sleep interrupted
2019-09-20 09:27:45,224 [492ed782-6ab3-4ad9-945e-06def6ac7c96-SegmentedRaftLogWorker:Storage Directory /workdir/hadoop-ozone/integration-test/target/test-dir/MiniOzoneClusterImpl-a33d77e5-464b-4d19-8e6b-a171e580bf0e/datanode-2/data/ratis/6aaed5c5-c006-49f5-a11f-90db9956d43e] INFO  segmented.SegmentedRaftLogWorker (SegmentedRaftLogWorker.java:run(313)) - 492ed782-6ab3-4ad9-945e-06def6ac7c96-SegmentedRaftLogWorker:Storage Directory /workdir/hadoop-ozone/integration-test/target/test-dir/MiniOzoneClusterImpl-a33d77e5-464b-4d19-8e6b-a171e580bf0e/datanode-2/data/ratis/6aaed5c5-c006-49f5-a11f-90db9956d43e was interrupted, exiting. There are 0 tasks remaining in the queue.
2019-09-20 09:27:45,224 [ForkJoinPool.commonPool-worker-1] INFO  segmented.SegmentedRaftLogWorker (SegmentedRaftLogWorker.java:close(228)) - 492ed782-6ab3-4ad9-945e-06def6ac7c96-SegmentedRaftLogWorker:Storage Directory /workdir/hadoop-ozone/integration-test/target/test-dir/MiniOzoneClusterImpl-a33d77e5-464b-4d19-8e6b-a171e580bf0e/datanode-2/data/ratis/6aaed5c5-c006-49f5-a11f-90db9956d43e close()
2019-09-20 09:27:45,224 [ForkJoinPool.commonPool-worker-1] INFO  impl.RaftServerImpl (RaftServerImpl.java:lambda$shutdown$3(245)) - 492ed782-6ab3-4ad9-945e-06def6ac7c96: shutdown group-CF5B3790042C
2019-09-20 09:27:45,225 [ForkJoinPool.commonPool-worker-1] INFO  util.JmxRegister (JmxRegister.java:unregister(73)) - Successfully un-registered JMX Bean with object name Ratis:service=RaftServer,group=group-CF5B3790042C,id=492ed782-6ab3-4ad9-945e-06def6ac7c96
2019-09-20 09:27:45,225 [ForkJoinPool.commonPool-worker-1] INFO  impl.RoleInfo (RoleInfo.java:shutdownLeaderState(104)) - 492ed782-6ab3-4ad9-945e-06def6ac7c96: shutdown LeaderState
2019-09-20 09:27:45,225 [ForkJoinPool.commonPool-worker-1] INFO  impl.PendingRequests (PendingRequests.java:sendNotLeaderResponses(202)) - 492ed782-6ab3-4ad9-945e-06def6ac7c96-PendingRequests: sendNotLeaderResponses
2019-09-20 09:27:45,226 [ForkJoinPool.commonPool-worker-1] INFO  impl.StateMachineUpdater (StateMachineUpdater.java:stopAndJoin(115)) - StateMachineUpdater:492ed782-6ab3-4ad9-945e-06def6ac7c96:group-CF5B3790042C: set stopIndex = 0
2019-09-20 09:27:45,226 [ForkJoinPool.commonPool-worker-1] INFO  impl.RaftServerImpl (ServerState.java:close(394)) - 492ed782-6ab3-4ad9-945e-06def6ac7c96:group-CF5B3790042C closes. The last applied log index is 0
2019-09-20 09:27:45,226 [492ed782-6ab3-4ad9-945e-06def6ac7c96-SegmentedRaftLogWorker:Storage Directory /workdir/hadoop-ozone/integration-test/target/test-dir/MiniOzoneClusterImpl-a33d77e5-464b-4d19-8e6b-a171e580bf0e/datanode-2/data/ratis/1a961439-f00d-426b-b5af-cf5b3790042c] INFO  segmented.SegmentedRaftLogWorker (SegmentedRaftLogWorker.java:run(313)) - 492ed782-6ab3-4ad9-945e-06def6ac7c96-SegmentedRaftLogWorker:Storage Directory /workdir/hadoop-ozone/integration-test/target/test-dir/MiniOzoneClusterImpl-a33d77e5-464b-4d19-8e6b-a171e580bf0e/datanode-2/data/ratis/1a961439-f00d-426b-b5af-cf5b3790042c was interrupted, exiting. There are 0 tasks remaining in the queue.
2019-09-20 09:27:45,227 [ForkJoinPool.commonPool-worker-1] INFO  segmented.SegmentedRaftLogWorker (SegmentedRaftLogWorker.java:close(228)) - 492ed782-6ab3-4ad9-945e-06def6ac7c96-SegmentedRaftLogWorker:Storage Directory /workdir/hadoop-ozone/integration-test/target/test-dir/MiniOzoneClusterImpl-a33d77e5-464b-4d19-8e6b-a171e580bf0e/datanode-2/data/ratis/1a961439-f00d-426b-b5af-cf5b3790042c close()
2019-09-20 09:27:45,227 [ForkJoinPool.commonPool-worker-1] INFO  impl.RaftServerImpl (RaftServerImpl.java:lambda$shutdown$3(245)) - 492ed782-6ab3-4ad9-945e-06def6ac7c96: shutdown group-E458854801F3
2019-09-20 09:27:45,227 [ForkJoinPool.commonPool-worker-1] INFO  util.JmxRegister (JmxRegister.java:unregister(73)) - Successfully un-registered JMX Bean with object name Ratis:service=RaftServer,group=group-E458854801F3,id=492ed782-6ab3-4ad9-945e-06def6ac7c96
2019-09-20 09:27:45,228 [ForkJoinPool.commonPool-worker-1] INFO  impl.RoleInfo (RoleInfo.java:shutdownLeaderState(104)) - 492ed782-6ab3-4ad9-945e-06def6ac7c96: shutdown LeaderState
2019-09-20 09:27:45,228 [ForkJoinPool.commonPool-worker-1] INFO  impl.PendingRequests (PendingRequests.java:sendNotLeaderResponses(202)) - 492ed782-6ab3-4ad9-945e-06def6ac7c96-PendingRequests: sendNotLeaderResponses
2019-09-20 09:27:45,228 [ForkJoinPool.commonPool-worker-1] INFO  impl.StateMachineUpdater (StateMachineUpdater.java:stopAndJoin(115)) - StateMachineUpdater:492ed782-6ab3-4ad9-945e-06def6ac7c96:group-E458854801F3: set stopIndex = 0
2019-09-20 09:27:45,229 [ForkJoinPool.commonPool-worker-1] INFO  impl.RaftServerImpl (ServerState.java:close(394)) - 492ed782-6ab3-4ad9-945e-06def6ac7c96:group-E458854801F3 closes. The last applied log index is 0
2019-09-20 09:27:45,229 [492ed782-6ab3-4ad9-945e-06def6ac7c96-SegmentedRaftLogWorker:Storage Directory /workdir/hadoop-ozone/integration-test/target/test-dir/MiniOzoneClusterImpl-a33d77e5-464b-4d19-8e6b-a171e580bf0e/datanode-2/data/ratis/201027ee-85b7-48d6-85f8-e458854801f3] INFO  segmented.SegmentedRaftLogWorker (SegmentedRaftLogWorker.java:run(313)) - 492ed782-6ab3-4ad9-945e-06def6ac7c96-SegmentedRaftLogWorker:Storage Directory /workdir/hadoop-ozone/integration-test/target/test-dir/MiniOzoneClusterImpl-a33d77e5-464b-4d19-8e6b-a171e580bf0e/datanode-2/data/ratis/201027ee-85b7-48d6-85f8-e458854801f3 was interrupted, exiting. There are 0 tasks remaining in the queue.
2019-09-20 09:27:45,229 [ForkJoinPool.commonPool-worker-1] INFO  segmented.SegmentedRaftLogWorker (SegmentedRaftLogWorker.java:close(228)) - 492ed782-6ab3-4ad9-945e-06def6ac7c96-SegmentedRaftLogWorker:Storage Directory /workdir/hadoop-ozone/integration-test/target/test-dir/MiniOzoneClusterImpl-a33d77e5-464b-4d19-8e6b-a171e580bf0e/datanode-2/data/ratis/201027ee-85b7-48d6-85f8-e458854801f3 close()
2019-09-20 09:27:45,230 [ForkJoinPool.commonPool-worker-1] INFO  impl.RaftServerImpl (RaftServerImpl.java:lambda$shutdown$3(245)) - 492ed782-6ab3-4ad9-945e-06def6ac7c96: shutdown group-074D0BAD7F31
2019-09-20 09:27:45,230 [ForkJoinPool.commonPool-worker-1] INFO  util.JmxRegister (JmxRegister.java:unregister(73)) - Successfully un-registered JMX Bean with object name Ratis:service=RaftServer,group=group-074D0BAD7F31,id=492ed782-6ab3-4ad9-945e-06def6ac7c96
2019-09-20 09:27:45,230 [ForkJoinPool.commonPool-worker-1] INFO  impl.RoleInfo (RoleInfo.java:shutdownLeaderState(104)) - 492ed782-6ab3-4ad9-945e-06def6ac7c96: shutdown LeaderState
2019-09-20 09:27:45,231 [ForkJoinPool.commonPool-worker-1] INFO  impl.PendingRequests (PendingRequests.java:sendNotLeaderResponses(202)) - 492ed782-6ab3-4ad9-945e-06def6ac7c96-PendingRequests: sendNotLeaderResponses
2019-09-20 09:27:45,231 [ForkJoinPool.commonPool-worker-1] INFO  impl.StateMachineUpdater (StateMachineUpdater.java:stopAndJoin(115)) - StateMachineUpdater:492ed782-6ab3-4ad9-945e-06def6ac7c96:group-074D0BAD7F31: set stopIndex = 0
2019-09-20 09:27:45,231 [ForkJoinPool.commonPool-worker-1] INFO  impl.RaftServerImpl (ServerState.java:close(394)) - 492ed782-6ab3-4ad9-945e-06def6ac7c96:group-074D0BAD7F31 closes. The last applied log index is 0
2019-09-20 09:27:45,232 [492ed782-6ab3-4ad9-945e-06def6ac7c96-SegmentedRaftLogWorker:Storage Directory /workdir/hadoop-ozone/integration-test/target/test-dir/MiniOzoneClusterImpl-a33d77e5-464b-4d19-8e6b-a171e580bf0e/datanode-2/data/ratis/e85e34c9-c735-4ecb-ae2c-074d0bad7f31] INFO  segmented.SegmentedRaftLogWorker (SegmentedRaftLogWorker.java:run(313)) - 492ed782-6ab3-4ad9-945e-06def6ac7c96-SegmentedRaftLogWorker:Storage Directory /workdir/hadoop-ozone/integration-test/target/test-dir/MiniOzoneClusterImpl-a33d77e5-464b-4d19-8e6b-a171e580bf0e/datanode-2/data/ratis/e85e34c9-c735-4ecb-ae2c-074d0bad7f31 was interrupted, exiting. There are 0 tasks remaining in the queue.
2019-09-20 09:27:45,232 [ForkJoinPool.commonPool-worker-1] INFO  segmented.SegmentedRaftLogWorker (SegmentedRaftLogWorker.java:close(228)) - 492ed782-6ab3-4ad9-945e-06def6ac7c96-SegmentedRaftLogWorker:Storage Directory /workdir/hadoop-ozone/integration-test/target/test-dir/MiniOzoneClusterImpl-a33d77e5-464b-4d19-8e6b-a171e580bf0e/datanode-2/data/ratis/e85e34c9-c735-4ecb-ae2c-074d0bad7f31 close()
2019-09-20 09:27:45,232 [ForkJoinPool.commonPool-worker-1] INFO  impl.RaftServerImpl (RaftServerImpl.java:lambda$shutdown$3(245)) - 492ed782-6ab3-4ad9-945e-06def6ac7c96: shutdown group-64C1AF27C50D
2019-09-20 09:27:45,233 [ForkJoinPool.commonPool-worker-1] INFO  util.JmxRegister (JmxRegister.java:unregister(73)) - Successfully un-registered JMX Bean with object name Ratis:service=RaftServer,group=group-64C1AF27C50D,id=492ed782-6ab3-4ad9-945e-06def6ac7c96
2019-09-20 09:27:45,233 [ForkJoinPool.commonPool-worker-1] INFO  impl.RoleInfo (RoleInfo.java:shutdownLeaderState(104)) - 492ed782-6ab3-4ad9-945e-06def6ac7c96: shutdown LeaderState
2019-09-20 09:27:45,233 [ForkJoinPool.commonPool-worker-1] INFO  impl.PendingRequests (PendingRequests.java:sendNotLeaderResponses(202)) - 492ed782-6ab3-4ad9-945e-06def6ac7c96-PendingRequests: sendNotLeaderResponses
2019-09-20 09:27:45,233 [ForkJoinPool.commonPool-worker-1] INFO  impl.StateMachineUpdater (StateMachineUpdater.java:stopAndJoin(115)) - StateMachineUpdater:492ed782-6ab3-4ad9-945e-06def6ac7c96:group-64C1AF27C50D: set stopIndex = 0
2019-09-20 09:27:45,234 [ForkJoinPool.commonPool-worker-1] INFO  impl.RaftServerImpl (ServerState.java:close(394)) - 492ed782-6ab3-4ad9-945e-06def6ac7c96:group-64C1AF27C50D closes. The last applied log index is 0
2019-09-20 09:27:45,234 [492ed782-6ab3-4ad9-945e-06def6ac7c96-SegmentedRaftLogWorker:Storage Directory /workdir/hadoop-ozone/integration-test/target/test-dir/MiniOzoneClusterImpl-a33d77e5-464b-4d19-8e6b-a171e580bf0e/datanode-2/data/ratis/7c561be2-85d2-470e-9595-64c1af27c50d] INFO  segmented.SegmentedRaftLogWorker (SegmentedRaftLogWorker.java:run(313)) - 492ed782-6ab3-4ad9-945e-06def6ac7c96-SegmentedRaftLogWorker:Storage Directory /workdir/hadoop-ozone/integration-test/target/test-dir/MiniOzoneClusterImpl-a33d77e5-464b-4d19-8e6b-a171e580bf0e/datanode-2/data/ratis/7c561be2-85d2-470e-9595-64c1af27c50d was interrupted, exiting. There are 0 tasks remaining in the queue.
2019-09-20 09:27:45,234 [ForkJoinPool.commonPool-worker-1] INFO  segmented.SegmentedRaftLogWorker (SegmentedRaftLogWorker.java:close(228)) - 492ed782-6ab3-4ad9-945e-06def6ac7c96-SegmentedRaftLogWorker:Storage Directory /workdir/hadoop-ozone/integration-test/target/test-dir/MiniOzoneClusterImpl-a33d77e5-464b-4d19-8e6b-a171e580bf0e/datanode-2/data/ratis/7c561be2-85d2-470e-9595-64c1af27c50d close()
2019-09-20 09:27:45,235 [ForkJoinPool.commonPool-worker-1] INFO  impl.RaftServerImpl (RaftServerImpl.java:lambda$shutdown$3(245)) - 492ed782-6ab3-4ad9-945e-06def6ac7c96: shutdown group-5893497E9F9D
2019-09-20 09:27:45,235 [ForkJoinPool.commonPool-worker-1] INFO  util.JmxRegister (JmxRegister.java:unregister(73)) - Successfully un-registered JMX Bean with object name Ratis:service=RaftServer,group=group-5893497E9F9D,id=492ed782-6ab3-4ad9-945e-06def6ac7c96
2019-09-20 09:27:45,235 [ForkJoinPool.commonPool-worker-1] INFO  impl.RoleInfo (RoleInfo.java:shutdownLeaderState(104)) - 492ed782-6ab3-4ad9-945e-06def6ac7c96: shutdown LeaderState
2019-09-20 09:27:45,236 [ForkJoinPool.commonPool-worker-1] INFO  impl.PendingRequests (PendingRequests.java:sendNotLeaderResponses(202)) - 492ed782-6ab3-4ad9-945e-06def6ac7c96-PendingRequests: sendNotLeaderResponses
2019-09-20 09:27:45,236 [ForkJoinPool.commonPool-worker-1] INFO  impl.StateMachineUpdater (StateMachineUpdater.java:stopAndJoin(115)) - StateMachineUpdater:492ed782-6ab3-4ad9-945e-06def6ac7c96:group-5893497E9F9D: set stopIndex = 0
2019-09-20 09:27:45,236 [ForkJoinPool.commonPool-worker-1] INFO  impl.RaftServerImpl (ServerState.java:close(394)) - 492ed782-6ab3-4ad9-945e-06def6ac7c96:group-5893497E9F9D closes. The last applied log index is 0
2019-09-20 09:27:45,237 [492ed782-6ab3-4ad9-945e-06def6ac7c96-SegmentedRaftLogWorker:Storage Directory /workdir/hadoop-ozone/integration-test/target/test-dir/MiniOzoneClusterImpl-a33d77e5-464b-4d19-8e6b-a171e580bf0e/datanode-2/data/ratis/675ef9f9-2a38-41f1-a689-5893497e9f9d] INFO  segmented.SegmentedRaftLogWorker (SegmentedRaftLogWorker.java:run(313)) - 492ed782-6ab3-4ad9-945e-06def6ac7c96-SegmentedRaftLogWorker:Storage Directory /workdir/hadoop-ozone/integration-test/target/test-dir/MiniOzoneClusterImpl-a33d77e5-464b-4d19-8e6b-a171e580bf0e/datanode-2/data/ratis/675ef9f9-2a38-41f1-a689-5893497e9f9d was interrupted, exiting. There are 0 tasks remaining in the queue.
2019-09-20 09:27:45,237 [ForkJoinPool.commonPool-worker-1] INFO  segmented.SegmentedRaftLogWorker (SegmentedRaftLogWorker.java:close(228)) - 492ed782-6ab3-4ad9-945e-06def6ac7c96-SegmentedRaftLogWorker:Storage Directory /workdir/hadoop-ozone/integration-test/target/test-dir/MiniOzoneClusterImpl-a33d77e5-464b-4d19-8e6b-a171e580bf0e/datanode-2/data/ratis/675ef9f9-2a38-41f1-a689-5893497e9f9d close()
2019-09-20 09:27:45,237 [ForkJoinPool.commonPool-worker-1] INFO  impl.RaftServerImpl (RaftServerImpl.java:lambda$shutdown$3(245)) - 492ed782-6ab3-4ad9-945e-06def6ac7c96: shutdown group-97D2BFE2B918
2019-09-20 09:27:45,237 [ForkJoinPool.commonPool-worker-1] INFO  util.JmxRegister (JmxRegister.java:unregister(73)) - Successfully un-registered JMX Bean with object name Ratis:service=RaftServer,group=group-97D2BFE2B918,id=492ed782-6ab3-4ad9-945e-06def6ac7c96
2019-09-20 09:27:45,238 [ForkJoinPool.commonPool-worker-1] INFO  impl.RoleInfo (RoleInfo.java:shutdownLeaderState(104)) - 492ed782-6ab3-4ad9-945e-06def6ac7c96: shutdown LeaderState
2019-09-20 09:27:45,238 [ForkJoinPool.commonPool-worker-1] INFO  impl.PendingRequests (PendingRequests.java:sendNotLeaderResponses(202)) - 492ed782-6ab3-4ad9-945e-06def6ac7c96-PendingRequests: sendNotLeaderResponses
2019-09-20 09:27:45,238 [ForkJoinPool.commonPool-worker-1] INFO  impl.StateMachineUpdater (StateMachineUpdater.java:stopAndJoin(115)) - StateMachineUpdater:492ed782-6ab3-4ad9-945e-06def6ac7c96:group-97D2BFE2B918: set stopIndex = 0
2019-09-20 09:27:45,238 [ForkJoinPool.commonPool-worker-1] INFO  impl.RaftServerImpl (ServerState.java:close(394)) - 492ed782-6ab3-4ad9-945e-06def6ac7c96:group-97D2BFE2B918 closes. The last applied log index is 0
2019-09-20 09:27:45,239 [492ed782-6ab3-4ad9-945e-06def6ac7c96-SegmentedRaftLogWorker:Storage Directory /workdir/hadoop-ozone/integration-test/target/test-dir/MiniOzoneClusterImpl-a33d77e5-464b-4d19-8e6b-a171e580bf0e/datanode-2/data/ratis/297a7319-d8a2-4a58-8faa-97d2bfe2b918] INFO  segmented.SegmentedRaftLogWorker (SegmentedRaftLogWorker.java:run(313)) - 492ed782-6ab3-4ad9-945e-06def6ac7c96-SegmentedRaftLogWorker:Storage Directory /workdir/hadoop-ozone/integration-test/target/test-dir/MiniOzoneClusterImpl-a33d77e5-464b-4d19-8e6b-a171e580bf0e/datanode-2/data/ratis/297a7319-d8a2-4a58-8faa-97d2bfe2b918 was interrupted, exiting. There are 0 tasks remaining in the queue.
2019-09-20 09:27:45,239 [ForkJoinPool.commonPool-worker-1] INFO  segmented.SegmentedRaftLogWorker (SegmentedRaftLogWorker.java:close(228)) - 492ed782-6ab3-4ad9-945e-06def6ac7c96-SegmentedRaftLogWorker:Storage Directory /workdir/hadoop-ozone/integration-test/target/test-dir/MiniOzoneClusterImpl-a33d77e5-464b-4d19-8e6b-a171e580bf0e/datanode-2/data/ratis/297a7319-d8a2-4a58-8faa-97d2bfe2b918 close()
2019-09-20 09:27:45,239 [ForkJoinPool.commonPool-worker-1] INFO  impl.RaftServerImpl (RaftServerImpl.java:lambda$shutdown$3(245)) - 492ed782-6ab3-4ad9-945e-06def6ac7c96: shutdown group-DF65BDAC9A62
2019-09-20 09:27:45,240 [ForkJoinPool.commonPool-worker-1] INFO  util.JmxRegister (JmxRegister.java:unregister(73)) - Successfully un-registered JMX Bean with object name Ratis:service=RaftServer,group=group-DF65BDAC9A62,id=492ed782-6ab3-4ad9-945e-06def6ac7c96
2019-09-20 09:27:45,240 [ForkJoinPool.commonPool-worker-1] INFO  impl.RoleInfo (RoleInfo.java:shutdownLeaderState(104)) - 492ed782-6ab3-4ad9-945e-06def6ac7c96: shutdown LeaderState
2019-09-20 09:27:45,244 [main] INFO  statemachine.DatanodeStateMachine (DatanodeStateMachine.java:stopDaemon(395)) - Ozone container server stopped.
2019-09-20 09:27:45,244 [ForkJoinPool.commonPool-worker-1] INFO  impl.PendingRequests (PendingRequests.java:sendNotLeaderResponses(202)) - 492ed782-6ab3-4ad9-945e-06def6ac7c96-PendingRequests: sendNotLeaderResponses
2019-09-20 09:27:45,245 [ForkJoinPool.commonPool-worker-1] INFO  impl.StateMachineUpdater (StateMachineUpdater.java:stopAndJoin(115)) - StateMachineUpdater:492ed782-6ab3-4ad9-945e-06def6ac7c96:group-DF65BDAC9A62: set stopIndex = 0
2019-09-20 09:27:45,245 [ForkJoinPool.commonPool-worker-1] INFO  impl.RaftServerImpl (ServerState.java:close(394)) - 492ed782-6ab3-4ad9-945e-06def6ac7c96:group-DF65BDAC9A62 closes. The last applied log index is 0
2019-09-20 09:27:45,246 [main] INFO  handler.ContextHandler (ContextHandler.java:doStop(910)) - Stopped o.e.j.w.WebAppContext@2a5abd3c{/,null,UNAVAILABLE}{/hddsDatanode}
2019-09-20 09:27:45,246 [492ed782-6ab3-4ad9-945e-06def6ac7c96-SegmentedRaftLogWorker:Storage Directory /workdir/hadoop-ozone/integration-test/target/test-dir/MiniOzoneClusterImpl-a33d77e5-464b-4d19-8e6b-a171e580bf0e/datanode-2/data/ratis/eeaea25a-54a7-485c-a73b-df65bdac9a62] INFO  segmented.SegmentedRaftLogWorker (SegmentedRaftLogWorker.java:run(313)) - 492ed782-6ab3-4ad9-945e-06def6ac7c96-SegmentedRaftLogWorker:Storage Directory /workdir/hadoop-ozone/integration-test/target/test-dir/MiniOzoneClusterImpl-a33d77e5-464b-4d19-8e6b-a171e580bf0e/datanode-2/data/ratis/eeaea25a-54a7-485c-a73b-df65bdac9a62 was interrupted, exiting. There are 0 tasks remaining in the queue.
2019-09-20 09:27:45,246 [ForkJoinPool.commonPool-worker-1] INFO  segmented.SegmentedRaftLogWorker (SegmentedRaftLogWorker.java:close(228)) - 492ed782-6ab3-4ad9-945e-06def6ac7c96-SegmentedRaftLogWorker:Storage Directory /workdir/hadoop-ozone/integration-test/target/test-dir/MiniOzoneClusterImpl-a33d77e5-464b-4d19-8e6b-a171e580bf0e/datanode-2/data/ratis/eeaea25a-54a7-485c-a73b-df65bdac9a62 close()
2019-09-20 09:27:45,246 [ForkJoinPool.commonPool-worker-1] INFO  impl.RaftServerImpl (RaftServerImpl.java:lambda$shutdown$3(245)) - 492ed782-6ab3-4ad9-945e-06def6ac7c96: shutdown group-C6B4B0AA8D75
2019-09-20 09:27:45,247 [main] INFO  server.AbstractConnector (AbstractConnector.java:doStop(318)) - Stopped ServerConnector@250967f1{HTTP/1.1,[http/1.1]}{0.0.0.0:0}
2019-09-20 09:27:45,247 [ForkJoinPool.commonPool-worker-1] INFO  util.JmxRegister (JmxRegister.java:unregister(73)) - Successfully un-registered JMX Bean with object name Ratis:service=RaftServer,group=group-C6B4B0AA8D75,id=492ed782-6ab3-4ad9-945e-06def6ac7c96
2019-09-20 09:27:45,247 [main] INFO  handler.ContextHandler (ContextHandler.java:doStop(910)) - Stopped o.e.j.s.ServletContextHandler@7159d601{/static,jar:file:/home/user/.m2/repository/org/apache/hadoop/hadoop-hdds-container-service/0.5.0-SNAPSHOT/hadoop-hdds-container-service-0.5.0-SNAPSHOT.jar!/webapps/static,UNAVAILABLE}
2019-09-20 09:27:45,247 [ForkJoinPool.commonPool-worker-1] INFO  impl.RoleInfo (RoleInfo.java:shutdownLeaderState(104)) - 492ed782-6ab3-4ad9-945e-06def6ac7c96: shutdown LeaderState
2019-09-20 09:27:45,248 [main] INFO  handler.ContextHandler (ContextHandler.java:doStop(910)) - Stopped o.e.j.s.ServletContextHandler@7a572ea0{/logs,file:///workdir/hadoop-ozone/integration-test/target/log,UNAVAILABLE}
2019-09-20 09:27:45,248 [ForkJoinPool.commonPool-worker-1] INFO  impl.PendingRequests (PendingRequests.java:sendNotLeaderResponses(202)) - 492ed782-6ab3-4ad9-945e-06def6ac7c96-PendingRequests: sendNotLeaderResponses
2019-09-20 09:27:45,249 [ForkJoinPool.commonPool-worker-1] INFO  impl.StateMachineUpdater (StateMachineUpdater.java:stopAndJoin(115)) - StateMachineUpdater:492ed782-6ab3-4ad9-945e-06def6ac7c96:group-C6B4B0AA8D75: set stopIndex = 0
2019-09-20 09:27:45,250 [main] INFO  datanode.ObjectStoreHandler (ObjectStoreHandler.java:close(155)) - Closing ObjectStoreHandler.
2019-09-20 09:27:45,250 [ForkJoinPool.commonPool-worker-1] INFO  impl.RaftServerImpl (ServerState.java:close(394)) - 492ed782-6ab3-4ad9-945e-06def6ac7c96:group-C6B4B0AA8D75 closes. The last applied log index is 0
2019-09-20 09:27:45,250 [main] INFO  ozone.HddsDatanodeService (HddsDatanodeService.java:stop(451)) - Stopped plug-in org.apache.hadoop.ozone.web.OzoneHddsDatanodeService@1a2773a8
2019-09-20 09:27:45,250 [492ed782-6ab3-4ad9-945e-06def6ac7c96-SegmentedRaftLogWorker:Storage Directory /workdir/hadoop-ozone/integration-test/target/test-dir/MiniOzoneClusterImpl-a33d77e5-464b-4d19-8e6b-a171e580bf0e/datanode-2/data/ratis/dba5f5db-f354-4e6e-986d-c6b4b0aa8d75] INFO  segmented.SegmentedRaftLogWorker (SegmentedRaftLogWorker.java:run(313)) - 492ed782-6ab3-4ad9-945e-06def6ac7c96-SegmentedRaftLogWorker:Storage Directory /workdir/hadoop-ozone/integration-test/target/test-dir/MiniOzoneClusterImpl-a33d77e5-464b-4d19-8e6b-a171e580bf0e/datanode-2/data/ratis/dba5f5db-f354-4e6e-986d-c6b4b0aa8d75 was interrupted, exiting. There are 0 tasks remaining in the queue.
2019-09-20 09:27:45,251 [ForkJoinPool.commonPool-worker-1] INFO  segmented.SegmentedRaftLogWorker (SegmentedRaftLogWorker.java:close(228)) - 492ed782-6ab3-4ad9-945e-06def6ac7c96-SegmentedRaftLogWorker:Storage Directory /workdir/hadoop-ozone/integration-test/target/test-dir/MiniOzoneClusterImpl-a33d77e5-464b-4d19-8e6b-a171e580bf0e/datanode-2/data/ratis/dba5f5db-f354-4e6e-986d-c6b4b0aa8d75 close()
2019-09-20 09:27:45,251 [ForkJoinPool.commonPool-worker-1] INFO  impl.RaftServerImpl (RaftServerImpl.java:lambda$shutdown$3(245)) - 492ed782-6ab3-4ad9-945e-06def6ac7c96: shutdown group-3AED33CCFFC3
2019-09-20 09:27:45,251 [ForkJoinPool.commonPool-worker-1] INFO  util.JmxRegister (JmxRegister.java:unregister(73)) - Successfully un-registered JMX Bean with object name Ratis:service=RaftServer,group=group-3AED33CCFFC3,id=492ed782-6ab3-4ad9-945e-06def6ac7c96
2019-09-20 09:27:45,252 [ForkJoinPool.commonPool-worker-1] INFO  impl.RoleInfo (RoleInfo.java:shutdownLeaderState(104)) - 492ed782-6ab3-4ad9-945e-06def6ac7c96: shutdown LeaderState
2019-09-20 09:27:45,252 [ForkJoinPool.commonPool-worker-1] INFO  impl.PendingRequests (PendingRequests.java:sendNotLeaderResponses(202)) - 492ed782-6ab3-4ad9-945e-06def6ac7c96-PendingRequests: sendNotLeaderResponses
2019-09-20 09:27:45,252 [ForkJoinPool.commonPool-worker-1] INFO  impl.StateMachineUpdater (StateMachineUpdater.java:stopAndJoin(115)) - StateMachineUpdater:492ed782-6ab3-4ad9-945e-06def6ac7c96:group-3AED33CCFFC3: set stopIndex = 0
2019-09-20 09:27:45,252 [ForkJoinPool.commonPool-worker-1] INFO  impl.RaftServerImpl (ServerState.java:close(394)) - 492ed782-6ab3-4ad9-945e-06def6ac7c96:group-3AED33CCFFC3 closes. The last applied log index is 0
2019-09-20 09:27:45,253 [492ed782-6ab3-4ad9-945e-06def6ac7c96-SegmentedRaftLogWorker:Storage Directory /workdir/hadoop-ozone/integration-test/target/test-dir/MiniOzoneClusterImpl-a33d77e5-464b-4d19-8e6b-a171e580bf0e/datanode-2/data/ratis/1b2fb1d3-43e7-4255-b7e9-3aed33ccffc3] INFO  segmented.SegmentedRaftLogWorker (SegmentedRaftLogWorker.java:run(313)) - 492ed782-6ab3-4ad9-945e-06def6ac7c96-SegmentedRaftLogWorker:Storage Directory /workdir/hadoop-ozone/integration-test/target/test-dir/MiniOzoneClusterImpl-a33d77e5-464b-4d19-8e6b-a171e580bf0e/datanode-2/data/ratis/1b2fb1d3-43e7-4255-b7e9-3aed33ccffc3 was interrupted, exiting. There are 0 tasks remaining in the queue.
2019-09-20 09:27:45,253 [ForkJoinPool.commonPool-worker-1] INFO  segmented.SegmentedRaftLogWorker (SegmentedRaftLogWorker.java:close(228)) - 492ed782-6ab3-4ad9-945e-06def6ac7c96-SegmentedRaftLogWorker:Storage Directory /workdir/hadoop-ozone/integration-test/target/test-dir/MiniOzoneClusterImpl-a33d77e5-464b-4d19-8e6b-a171e580bf0e/datanode-2/data/ratis/1b2fb1d3-43e7-4255-b7e9-3aed33ccffc3 close()
2019-09-20 09:27:45,253 [ForkJoinPool.commonPool-worker-1] INFO  impl.RaftServerImpl (RaftServerImpl.java:lambda$shutdown$3(245)) - 492ed782-6ab3-4ad9-945e-06def6ac7c96: shutdown group-269B9CF6F9D1
2019-09-20 09:27:45,254 [ForkJoinPool.commonPool-worker-1] INFO  util.JmxRegister (JmxRegister.java:unregister(73)) - Successfully un-registered JMX Bean with object name Ratis:service=RaftServer,group=group-269B9CF6F9D1,id=492ed782-6ab3-4ad9-945e-06def6ac7c96
2019-09-20 09:27:45,254 [ForkJoinPool.commonPool-worker-1] INFO  impl.RoleInfo (RoleInfo.java:shutdownLeaderState(104)) - 492ed782-6ab3-4ad9-945e-06def6ac7c96: shutdown LeaderState
2019-09-20 09:27:45,254 [ForkJoinPool.commonPool-worker-1] INFO  impl.PendingRequests (PendingRequests.java:sendNotLeaderResponses(202)) - 492ed782-6ab3-4ad9-945e-06def6ac7c96-PendingRequests: sendNotLeaderResponses
2019-09-20 09:27:45,254 [ForkJoinPool.commonPool-worker-1] INFO  impl.StateMachineUpdater (StateMachineUpdater.java:stopAndJoin(115)) - StateMachineUpdater:492ed782-6ab3-4ad9-945e-06def6ac7c96:group-269B9CF6F9D1: set stopIndex = 0
2019-09-20 09:27:45,255 [ForkJoinPool.commonPool-worker-1] INFO  impl.RaftServerImpl (ServerState.java:close(394)) - 492ed782-6ab3-4ad9-945e-06def6ac7c96:group-269B9CF6F9D1 closes. The last applied log index is 0
2019-09-20 09:27:45,255 [492ed782-6ab3-4ad9-945e-06def6ac7c96-SegmentedRaftLogWorker:Storage Directory /workdir/hadoop-ozone/integration-test/target/test-dir/MiniOzoneClusterImpl-a33d77e5-464b-4d19-8e6b-a171e580bf0e/datanode-2/data/ratis/83437c4d-9e36-4b19-b358-269b9cf6f9d1] INFO  segmented.SegmentedRaftLogWorker (SegmentedRaftLogWorker.java:run(313)) - 492ed782-6ab3-4ad9-945e-06def6ac7c96-SegmentedRaftLogWorker:Storage Directory /workdir/hadoop-ozone/integration-test/target/test-dir/MiniOzoneClusterImpl-a33d77e5-464b-4d19-8e6b-a171e580bf0e/datanode-2/data/ratis/83437c4d-9e36-4b19-b358-269b9cf6f9d1 was interrupted, exiting. There are 0 tasks remaining in the queue.
2019-09-20 09:27:45,255 [ForkJoinPool.commonPool-worker-1] INFO  segmented.SegmentedRaftLogWorker (SegmentedRaftLogWorker.java:close(228)) - 492ed782-6ab3-4ad9-945e-06def6ac7c96-SegmentedRaftLogWorker:Storage Directory /workdir/hadoop-ozone/integration-test/target/test-dir/MiniOzoneClusterImpl-a33d77e5-464b-4d19-8e6b-a171e580bf0e/datanode-2/data/ratis/83437c4d-9e36-4b19-b358-269b9cf6f9d1 close()
2019-09-20 09:27:45,256 [ForkJoinPool.commonPool-worker-1] INFO  impl.RaftServerImpl (RaftServerImpl.java:lambda$shutdown$3(245)) - 492ed782-6ab3-4ad9-945e-06def6ac7c96: shutdown group-7F910BFB730B
2019-09-20 09:27:45,256 [ForkJoinPool.commonPool-worker-1] INFO  util.JmxRegister (JmxRegister.java:unregister(73)) - Successfully un-registered JMX Bean with object name Ratis:service=RaftServer,group=group-7F910BFB730B,id=492ed782-6ab3-4ad9-945e-06def6ac7c96
2019-09-20 09:27:45,256 [ForkJoinPool.commonPool-worker-1] INFO  impl.RoleInfo (RoleInfo.java:shutdownLeaderState(104)) - 492ed782-6ab3-4ad9-945e-06def6ac7c96: shutdown LeaderState
2019-09-20 09:27:45,256 [ForkJoinPool.commonPool-worker-1] INFO  impl.PendingRequests (PendingRequests.java:sendNotLeaderResponses(202)) - 492ed782-6ab3-4ad9-945e-06def6ac7c96-PendingRequests: sendNotLeaderResponses
2019-09-20 09:27:45,257 [ForkJoinPool.commonPool-worker-1] INFO  impl.StateMachineUpdater (StateMachineUpdater.java:stopAndJoin(115)) - StateMachineUpdater:492ed782-6ab3-4ad9-945e-06def6ac7c96:group-7F910BFB730B: set stopIndex = 0
2019-09-20 09:27:45,257 [ForkJoinPool.commonPool-worker-1] INFO  impl.RaftServerImpl (ServerState.java:close(394)) - 492ed782-6ab3-4ad9-945e-06def6ac7c96:group-7F910BFB730B closes. The last applied log index is 0
2019-09-20 09:27:45,258 [492ed782-6ab3-4ad9-945e-06def6ac7c96-SegmentedRaftLogWorker:Storage Directory /workdir/hadoop-ozone/integration-test/target/test-dir/MiniOzoneClusterImpl-a33d77e5-464b-4d19-8e6b-a171e580bf0e/datanode-2/data/ratis/595d3da1-dbc7-494b-af42-7f910bfb730b] INFO  segmented.SegmentedRaftLogWorker (SegmentedRaftLogWorker.java:run(313)) - 492ed782-6ab3-4ad9-945e-06def6ac7c96-SegmentedRaftLogWorker:Storage Directory /workdir/hadoop-ozone/integration-test/target/test-dir/MiniOzoneClusterImpl-a33d77e5-464b-4d19-8e6b-a171e580bf0e/datanode-2/data/ratis/595d3da1-dbc7-494b-af42-7f910bfb730b was interrupted, exiting. There are 0 tasks remaining in the queue.
2019-09-20 09:27:45,258 [ForkJoinPool.commonPool-worker-1] INFO  segmented.SegmentedRaftLogWorker (SegmentedRaftLogWorker.java:close(228)) - 492ed782-6ab3-4ad9-945e-06def6ac7c96-SegmentedRaftLogWorker:Storage Directory /workdir/hadoop-ozone/integration-test/target/test-dir/MiniOzoneClusterImpl-a33d77e5-464b-4d19-8e6b-a171e580bf0e/datanode-2/data/ratis/595d3da1-dbc7-494b-af42-7f910bfb730b close()
2019-09-20 09:27:45,258 [ForkJoinPool.commonPool-worker-1] INFO  impl.RaftServerImpl (RaftServerImpl.java:lambda$shutdown$3(245)) - 492ed782-6ab3-4ad9-945e-06def6ac7c96: shutdown group-EFD1DD7C2943
2019-09-20 09:27:45,258 [ForkJoinPool.commonPool-worker-1] INFO  util.JmxRegister (JmxRegister.java:unregister(73)) - Successfully un-registered JMX Bean with object name Ratis:service=RaftServer,group=group-EFD1DD7C2943,id=492ed782-6ab3-4ad9-945e-06def6ac7c96
2019-09-20 09:27:45,259 [ForkJoinPool.commonPool-worker-1] INFO  impl.RoleInfo (RoleInfo.java:shutdownLeaderState(104)) - 492ed782-6ab3-4ad9-945e-06def6ac7c96: shutdown LeaderState
2019-09-20 09:27:45,259 [ForkJoinPool.commonPool-worker-1] INFO  impl.PendingRequests (PendingRequests.java:sendNotLeaderResponses(202)) - 492ed782-6ab3-4ad9-945e-06def6ac7c96-PendingRequests: sendNotLeaderResponses
2019-09-20 09:27:45,259 [ForkJoinPool.commonPool-worker-1] INFO  impl.StateMachineUpdater (StateMachineUpdater.java:stopAndJoin(115)) - StateMachineUpdater:492ed782-6ab3-4ad9-945e-06def6ac7c96:group-EFD1DD7C2943: set stopIndex = 0
2019-09-20 09:27:45,259 [ForkJoinPool.commonPool-worker-1] INFO  impl.RaftServerImpl (ServerState.java:close(394)) - 492ed782-6ab3-4ad9-945e-06def6ac7c96:group-EFD1DD7C2943 closes. The last applied log index is 0
2019-09-20 09:27:45,260 [492ed782-6ab3-4ad9-945e-06def6ac7c96-SegmentedRaftLogWorker:Storage Directory /workdir/hadoop-ozone/integration-test/target/test-dir/MiniOzoneClusterImpl-a33d77e5-464b-4d19-8e6b-a171e580bf0e/datanode-2/data/ratis/fb41be24-1ed6-407c-81fc-efd1dd7c2943] INFO  segmented.SegmentedRaftLogWorker (SegmentedRaftLogWorker.java:run(313)) - 492ed782-6ab3-4ad9-945e-06def6ac7c96-SegmentedRaftLogWorker:Storage Directory /workdir/hadoop-ozone/integration-test/target/test-dir/MiniOzoneClusterImpl-a33d77e5-464b-4d19-8e6b-a171e580bf0e/datanode-2/data/ratis/fb41be24-1ed6-407c-81fc-efd1dd7c2943 was interrupted, exiting. There are 0 tasks remaining in the queue.
2019-09-20 09:27:45,260 [ForkJoinPool.commonPool-worker-1] INFO  segmented.SegmentedRaftLogWorker (SegmentedRaftLogWorker.java:close(228)) - 492ed782-6ab3-4ad9-945e-06def6ac7c96-SegmentedRaftLogWorker:Storage Directory /workdir/hadoop-ozone/integration-test/target/test-dir/MiniOzoneClusterImpl-a33d77e5-464b-4d19-8e6b-a171e580bf0e/datanode-2/data/ratis/fb41be24-1ed6-407c-81fc-efd1dd7c2943 close()
2019-09-20 09:27:45,260 [ForkJoinPool.commonPool-worker-1] INFO  impl.RaftServerImpl (RaftServerImpl.java:lambda$shutdown$3(245)) - 492ed782-6ab3-4ad9-945e-06def6ac7c96: shutdown group-A7EE72AFC0CD
2019-09-20 09:27:45,261 [ForkJoinPool.commonPool-worker-1] INFO  util.JmxRegister (JmxRegister.java:unregister(73)) - Successfully un-registered JMX Bean with object name Ratis:service=RaftServer,group=group-A7EE72AFC0CD,id=492ed782-6ab3-4ad9-945e-06def6ac7c96
2019-09-20 09:27:45,261 [ForkJoinPool.commonPool-worker-1] INFO  impl.RoleInfo (RoleInfo.java:shutdownLeaderState(104)) - 492ed782-6ab3-4ad9-945e-06def6ac7c96: shutdown LeaderState
2019-09-20 09:27:45,261 [ForkJoinPool.commonPool-worker-1] INFO  impl.PendingRequests (PendingRequests.java:sendNotLeaderResponses(202)) - 492ed782-6ab3-4ad9-945e-06def6ac7c96-PendingRequests: sendNotLeaderResponses
2019-09-20 09:27:45,261 [ForkJoinPool.commonPool-worker-1] INFO  impl.StateMachineUpdater (StateMachineUpdater.java:stopAndJoin(115)) - StateMachineUpdater:492ed782-6ab3-4ad9-945e-06def6ac7c96:group-A7EE72AFC0CD: set stopIndex = 0
2019-09-20 09:27:45,262 [ForkJoinPool.commonPool-worker-1] INFO  impl.RaftServerImpl (ServerState.java:close(394)) - 492ed782-6ab3-4ad9-945e-06def6ac7c96:group-A7EE72AFC0CD closes. The last applied log index is 0
2019-09-20 09:27:45,262 [492ed782-6ab3-4ad9-945e-06def6ac7c96-SegmentedRaftLogWorker:Storage Directory /workdir/hadoop-ozone/integration-test/target/test-dir/MiniOzoneClusterImpl-a33d77e5-464b-4d19-8e6b-a171e580bf0e/datanode-2/data/ratis/7526f8f6-c093-4b9c-b20e-a7ee72afc0cd] INFO  segmented.SegmentedRaftLogWorker (SegmentedRaftLogWorker.java:run(313)) - 492ed782-6ab3-4ad9-945e-06def6ac7c96-SegmentedRaftLogWorker:Storage Directory /workdir/hadoop-ozone/integration-test/target/test-dir/MiniOzoneClusterImpl-a33d77e5-464b-4d19-8e6b-a171e580bf0e/datanode-2/data/ratis/7526f8f6-c093-4b9c-b20e-a7ee72afc0cd was interrupted, exiting. There are 0 tasks remaining in the queue.
2019-09-20 09:27:45,262 [ForkJoinPool.commonPool-worker-1] INFO  segmented.SegmentedRaftLogWorker (SegmentedRaftLogWorker.java:close(228)) - 492ed782-6ab3-4ad9-945e-06def6ac7c96-SegmentedRaftLogWorker:Storage Directory /workdir/hadoop-ozone/integration-test/target/test-dir/MiniOzoneClusterImpl-a33d77e5-464b-4d19-8e6b-a171e580bf0e/datanode-2/data/ratis/7526f8f6-c093-4b9c-b20e-a7ee72afc0cd close()
2019-09-20 09:27:45,263 [ForkJoinPool.commonPool-worker-1] INFO  impl.RaftServerImpl (RaftServerImpl.java:lambda$shutdown$3(245)) - 492ed782-6ab3-4ad9-945e-06def6ac7c96: shutdown group-498462112DBF
2019-09-20 09:27:45,263 [ForkJoinPool.commonPool-worker-1] INFO  util.JmxRegister (JmxRegister.java:unregister(73)) - Successfully un-registered JMX Bean with object name Ratis:service=RaftServer,group=group-498462112DBF,id=492ed782-6ab3-4ad9-945e-06def6ac7c96
2019-09-20 09:27:45,263 [ForkJoinPool.commonPool-worker-1] INFO  impl.RoleInfo (RoleInfo.java:shutdownLeaderState(104)) - 492ed782-6ab3-4ad9-945e-06def6ac7c96: shutdown LeaderState
2019-09-20 09:27:45,263 [ForkJoinPool.commonPool-worker-1] INFO  impl.PendingRequests (PendingRequests.java:sendNotLeaderResponses(202)) - 492ed782-6ab3-4ad9-945e-06def6ac7c96-PendingRequests: sendNotLeaderResponses
2019-09-20 09:27:45,264 [ForkJoinPool.commonPool-worker-1] INFO  impl.StateMachineUpdater (StateMachineUpdater.java:stopAndJoin(115)) - StateMachineUpdater:492ed782-6ab3-4ad9-945e-06def6ac7c96:group-498462112DBF: set stopIndex = 0
2019-09-20 09:27:45,264 [ForkJoinPool.commonPool-worker-1] INFO  impl.RaftServerImpl (ServerState.java:close(394)) - 492ed782-6ab3-4ad9-945e-06def6ac7c96:group-498462112DBF closes. The last applied log index is 0
2019-09-20 09:27:45,264 [492ed782-6ab3-4ad9-945e-06def6ac7c96-SegmentedRaftLogWorker:Storage Directory /workdir/hadoop-ozone/integration-test/target/test-dir/MiniOzoneClusterImpl-a33d77e5-464b-4d19-8e6b-a171e580bf0e/datanode-2/data/ratis/aa8a3dde-01ff-4ff8-810c-498462112dbf] INFO  segmented.SegmentedRaftLogWorker (SegmentedRaftLogWorker.java:run(313)) - 492ed782-6ab3-4ad9-945e-06def6ac7c96-SegmentedRaftLogWorker:Storage Directory /workdir/hadoop-ozone/integration-test/target/test-dir/MiniOzoneClusterImpl-a33d77e5-464b-4d19-8e6b-a171e580bf0e/datanode-2/data/ratis/aa8a3dde-01ff-4ff8-810c-498462112dbf was interrupted, exiting. There are 0 tasks remaining in the queue.
2019-09-20 09:27:45,265 [ForkJoinPool.commonPool-worker-1] INFO  segmented.SegmentedRaftLogWorker (SegmentedRaftLogWorker.java:close(228)) - 492ed782-6ab3-4ad9-945e-06def6ac7c96-SegmentedRaftLogWorker:Storage Directory /workdir/hadoop-ozone/integration-test/target/test-dir/MiniOzoneClusterImpl-a33d77e5-464b-4d19-8e6b-a171e580bf0e/datanode-2/data/ratis/aa8a3dde-01ff-4ff8-810c-498462112dbf close()
2019-09-20 09:27:45,265 [ForkJoinPool.commonPool-worker-1] INFO  impl.RaftServerImpl (RaftServerImpl.java:lambda$shutdown$3(245)) - 492ed782-6ab3-4ad9-945e-06def6ac7c96: shutdown group-8563FE8B0A5D
2019-09-20 09:27:45,265 [ForkJoinPool.commonPool-worker-1] INFO  util.JmxRegister (JmxRegister.java:unregister(73)) - Successfully un-registered JMX Bean with object name Ratis:service=RaftServer,group=group-8563FE8B0A5D,id=492ed782-6ab3-4ad9-945e-06def6ac7c96
2019-09-20 09:27:45,265 [ForkJoinPool.commonPool-worker-1] INFO  impl.RoleInfo (RoleInfo.java:shutdownLeaderState(104)) - 492ed782-6ab3-4ad9-945e-06def6ac7c96: shutdown LeaderState
2019-09-20 09:27:45,266 [ForkJoinPool.commonPool-worker-1] INFO  impl.PendingRequests (PendingRequests.java:sendNotLeaderResponses(202)) - 492ed782-6ab3-4ad9-945e-06def6ac7c96-PendingRequests: sendNotLeaderResponses
2019-09-20 09:27:45,266 [ForkJoinPool.commonPool-worker-1] INFO  impl.StateMachineUpdater (StateMachineUpdater.java:stopAndJoin(115)) - StateMachineUpdater:492ed782-6ab3-4ad9-945e-06def6ac7c96:group-8563FE8B0A5D: set stopIndex = 0
2019-09-20 09:27:45,266 [ForkJoinPool.commonPool-worker-1] INFO  impl.RaftServerImpl (ServerState.java:close(394)) - 492ed782-6ab3-4ad9-945e-06def6ac7c96:group-8563FE8B0A5D closes. The last applied log index is 0
2019-09-20 09:27:45,266 [492ed782-6ab3-4ad9-945e-06def6ac7c96-SegmentedRaftLogWorker:Storage Directory /workdir/hadoop-ozone/integration-test/target/test-dir/MiniOzoneClusterImpl-a33d77e5-464b-4d19-8e6b-a171e580bf0e/datanode-2/data/ratis/d722e11f-7128-40d6-8b00-8563fe8b0a5d] INFO  segmented.SegmentedRaftLogWorker (SegmentedRaftLogWorker.java:run(313)) - 492ed782-6ab3-4ad9-945e-06def6ac7c96-SegmentedRaftLogWorker:Storage Directory /workdir/hadoop-ozone/integration-test/target/test-dir/MiniOzoneClusterImpl-a33d77e5-464b-4d19-8e6b-a171e580bf0e/datanode-2/data/ratis/d722e11f-7128-40d6-8b00-8563fe8b0a5d was interrupted, exiting. There are 0 tasks remaining in the queue.
2019-09-20 09:27:45,267 [ForkJoinPool.commonPool-worker-1] INFO  segmented.SegmentedRaftLogWorker (SegmentedRaftLogWorker.java:close(228)) - 492ed782-6ab3-4ad9-945e-06def6ac7c96-SegmentedRaftLogWorker:Storage Directory /workdir/hadoop-ozone/integration-test/target/test-dir/MiniOzoneClusterImpl-a33d77e5-464b-4d19-8e6b-a171e580bf0e/datanode-2/data/ratis/d722e11f-7128-40d6-8b00-8563fe8b0a5d close()
2019-09-20 09:27:45,267 [ForkJoinPool.commonPool-worker-1] INFO  impl.RaftServerImpl (RaftServerImpl.java:lambda$shutdown$3(245)) - 492ed782-6ab3-4ad9-945e-06def6ac7c96: shutdown group-791F2CCB98AA
2019-09-20 09:27:45,267 [ForkJoinPool.commonPool-worker-1] INFO  util.JmxRegister (JmxRegister.java:unregister(73)) - Successfully un-registered JMX Bean with object name Ratis:service=RaftServer,group=group-791F2CCB98AA,id=492ed782-6ab3-4ad9-945e-06def6ac7c96
2019-09-20 09:27:45,267 [ForkJoinPool.commonPool-worker-1] INFO  impl.RoleInfo (RoleInfo.java:shutdownLeaderState(104)) - 492ed782-6ab3-4ad9-945e-06def6ac7c96: shutdown LeaderState
2019-09-20 09:27:45,270 [ForkJoinPool.commonPool-worker-1] INFO  impl.PendingRequests (PendingRequests.java:sendNotLeaderResponses(202)) - 492ed782-6ab3-4ad9-945e-06def6ac7c96-PendingRequests: sendNotLeaderResponses
2019-09-20 09:27:45,270 [org.apache.ratis.server.impl.LogAppender$AppenderDaemon$$Lambda$425/1460423157@5ad9aaf9] WARN  server.GrpcLogAppender (GrpcLogAppender.java:mayWait(143)) - GrpcLogAppender(492ed782-6ab3-4ad9-945e-06def6ac7c96->02b93e76-e4c6-4b67-b8a4-c536d9ab7224): Wait interrupted by java.lang.InterruptedException
2019-09-20 09:27:45,270 [org.apache.ratis.server.impl.LogAppender$AppenderDaemon$$Lambda$425/1460423157@520a1eeb] WARN  server.GrpcLogAppender (GrpcLogAppender.java:mayWait(143)) - GrpcLogAppender(492ed782-6ab3-4ad9-945e-06def6ac7c96->4840c00f-91d3-4881-a20b-4d0486ca97c0): Wait interrupted by java.lang.InterruptedException
2019-09-20 09:27:45,270 [ForkJoinPool.commonPool-worker-1] INFO  impl.StateMachineUpdater (StateMachineUpdater.java:stopAndJoin(115)) - StateMachineUpdater:492ed782-6ab3-4ad9-945e-06def6ac7c96:group-791F2CCB98AA: set stopIndex = 0
2019-09-20 09:27:45,271 [ForkJoinPool.commonPool-worker-1] INFO  impl.RaftServerImpl (ServerState.java:close(394)) - 492ed782-6ab3-4ad9-945e-06def6ac7c96:group-791F2CCB98AA closes. The last applied log index is 0
2019-09-20 09:27:45,271 [492ed782-6ab3-4ad9-945e-06def6ac7c96-SegmentedRaftLogWorker:Storage Directory /workdir/hadoop-ozone/integration-test/target/test-dir/MiniOzoneClusterImpl-a33d77e5-464b-4d19-8e6b-a171e580bf0e/datanode-2/data/ratis/3974e938-29d0-4d8c-b998-791f2ccb98aa] INFO  segmented.SegmentedRaftLogWorker (SegmentedRaftLogWorker.java:run(313)) - 492ed782-6ab3-4ad9-945e-06def6ac7c96-SegmentedRaftLogWorker:Storage Directory /workdir/hadoop-ozone/integration-test/target/test-dir/MiniOzoneClusterImpl-a33d77e5-464b-4d19-8e6b-a171e580bf0e/datanode-2/data/ratis/3974e938-29d0-4d8c-b998-791f2ccb98aa was interrupted, exiting. There are 0 tasks remaining in the queue.
2019-09-20 09:27:45,271 [grpc-default-executor-6] INFO  server.GrpcServerProtocolService (GrpcServerProtocolService.java:onCompleted(104)) - 02b93e76-e4c6-4b67-b8a4-c536d9ab7224: appendEntries completed
2019-09-20 09:27:45,271 [ForkJoinPool.commonPool-worker-1] INFO  segmented.SegmentedRaftLogWorker (SegmentedRaftLogWorker.java:close(228)) - 492ed782-6ab3-4ad9-945e-06def6ac7c96-SegmentedRaftLogWorker:Storage Directory /workdir/hadoop-ozone/integration-test/target/test-dir/MiniOzoneClusterImpl-a33d77e5-464b-4d19-8e6b-a171e580bf0e/datanode-2/data/ratis/3974e938-29d0-4d8c-b998-791f2ccb98aa close()
2019-09-20 09:27:45,272 [ForkJoinPool.commonPool-worker-1] INFO  server.GrpcService (GrpcService.java:closeImpl(155)) - 492ed782-6ab3-4ad9-945e-06def6ac7c96: shutdown server with port 32835 now
2019-09-20 09:27:45,272 [grpc-default-executor-6] INFO  server.GrpcLogAppender (GrpcLogAppender.java:onCompleted(292)) - 492ed782-6ab3-4ad9-945e-06def6ac7c96->02b93e76-e4c6-4b67-b8a4-c536d9ab7224: follower responses appendEntries COMPLETED
2019-09-20 09:27:45,274 [ForkJoinPool.commonPool-worker-1] INFO  server.GrpcService (GrpcService.java:closeImpl(163)) - 492ed782-6ab3-4ad9-945e-06def6ac7c96: shutdown server with port 32835 successfully
2019-09-20 09:27:45,274 [grpc-default-executor-6] INFO  impl.FollowerInfo (FollowerInfo.java:lambda$new$0(50)) - 492ed782-6ab3-4ad9-945e-06def6ac7c96->02b93e76-e4c6-4b67-b8a4-c536d9ab7224: nextIndex: updateUnconditionally 1 -> 0
2019-09-20 09:27:45,280 [ForkJoinPool.commonPool-worker-1] INFO  utils.BackgroundService (BackgroundService.java:shutdown(148)) - Shutting down service BlockDeletingService
2019-09-20 09:27:45,286 [refreshUsed-/workdir/hadoop-ozone/integration-test/target/test-dir/MiniOzoneClusterImpl-a33d77e5-464b-4d19-8e6b-a171e580bf0e/datanode-2/data/containers] WARN  fs.CachingGetSpaceUsed (CachingGetSpaceUsed.java:run(183)) - Thread Interrupted waiting to refresh disk information: sleep interrupted
2019-09-20 09:27:45,301 [ForkJoinPool.commonPool-worker-1] INFO  statemachine.DatanodeStateMachine (DatanodeStateMachine.java:stopDaemon(395)) - Ozone container server stopped.
2019-09-20 09:27:45,305 [ForkJoinPool.commonPool-worker-1] INFO  handler.ContextHandler (ContextHandler.java:doStop(910)) - Stopped o.e.j.w.WebAppContext@40df6090{/,null,UNAVAILABLE}{/hddsDatanode}
2019-09-20 09:27:45,306 [ForkJoinPool.commonPool-worker-1] INFO  server.AbstractConnector (AbstractConnector.java:doStop(318)) - Stopped ServerConnector@8c0a23f{HTTP/1.1,[http/1.1]}{0.0.0.0:0}
2019-09-20 09:27:45,307 [ForkJoinPool.commonPool-worker-1] INFO  handler.ContextHandler (ContextHandler.java:doStop(910)) - Stopped o.e.j.s.ServletContextHandler@38e83838{/static,jar:file:/home/user/.m2/repository/org/apache/hadoop/hadoop-hdds-container-service/0.5.0-SNAPSHOT/hadoop-hdds-container-service-0.5.0-SNAPSHOT.jar!/webapps/static,UNAVAILABLE}
2019-09-20 09:27:45,308 [ForkJoinPool.commonPool-worker-1] INFO  handler.ContextHandler (ContextHandler.java:doStop(910)) - Stopped o.e.j.s.ServletContextHandler@5e85c21b{/logs,file:///workdir/hadoop-ozone/integration-test/target/log,UNAVAILABLE}
2019-09-20 09:27:45,310 [ForkJoinPool.commonPool-worker-1] INFO  datanode.ObjectStoreHandler (ObjectStoreHandler.java:close(155)) - Closing ObjectStoreHandler.
2019-09-20 09:27:45,310 [ForkJoinPool.commonPool-worker-1] INFO  ozone.HddsDatanodeService (HddsDatanodeService.java:stop(451)) - Stopped plug-in org.apache.hadoop.ozone.web.OzoneHddsDatanodeService@68a305eb
2019-09-20 09:27:45,727 [Datanode State Machine Thread - 0] INFO  statemachine.DatanodeStateMachine (DatanodeStateMachine.java:lambda$startDaemon$0(350)) - Ozone container server started.
2019-09-20 09:27:45,729 [Datanode State Machine Thread - 0] INFO  statemachine.DatanodeStateMachine (DatanodeStateMachine.java:lambda$startDaemon$0(350)) - Ozone container server started.
2019-09-20 09:27:50,251 [main] INFO  ozoneimpl.OzoneContainer (OzoneContainer.java:stop(199)) - Attempting to stop container services.
2019-09-20 09:27:50,252 [main] INFO  impl.RaftServerProxy (RaftServerProxy.java:lambda$close$4(314)) - 871e6485-c22a-483f-9e07-d19e754685be: close
2019-09-20 09:27:50,253 [main] INFO  impl.RaftServerImpl (RaftServerImpl.java:lambda$shutdown$3(245)) - 871e6485-c22a-483f-9e07-d19e754685be: shutdown group-114938149E37
2019-09-20 09:27:50,253 [main] INFO  util.JmxRegister (JmxRegister.java:unregister(73)) - Successfully un-registered JMX Bean with object name Ratis:service=RaftServer,group=group-114938149E37,id=871e6485-c22a-483f-9e07-d19e754685be
2019-09-20 09:27:50,253 [main] INFO  impl.RoleInfo (RoleInfo.java:shutdownLeaderState(104)) - 871e6485-c22a-483f-9e07-d19e754685be: shutdown LeaderState
2019-09-20 09:27:50,254 [main] INFO  impl.PendingRequests (PendingRequests.java:sendNotLeaderResponses(202)) - 871e6485-c22a-483f-9e07-d19e754685be-PendingRequests: sendNotLeaderResponses
2019-09-20 09:27:50,254 [main] INFO  impl.StateMachineUpdater (StateMachineUpdater.java:stopAndJoin(115)) - StateMachineUpdater:871e6485-c22a-483f-9e07-d19e754685be:group-114938149E37: set stopIndex = 0
2019-09-20 09:27:50,254 [main] INFO  impl.RaftServerImpl (ServerState.java:close(394)) - 871e6485-c22a-483f-9e07-d19e754685be:group-114938149E37 closes. The last applied log index is 0
2019-09-20 09:27:50,255 [871e6485-c22a-483f-9e07-d19e754685be-SegmentedRaftLogWorker:Storage Directory /workdir/hadoop-ozone/integration-test/target/test-dir/MiniOzoneClusterImpl-a33d77e5-464b-4d19-8e6b-a171e580bf0e/datanode-4/data/ratis/ee534ba4-92c8-4f7e-ba3a-114938149e37] INFO  segmented.SegmentedRaftLogWorker (SegmentedRaftLogWorker.java:run(313)) - 871e6485-c22a-483f-9e07-d19e754685be-SegmentedRaftLogWorker:Storage Directory /workdir/hadoop-ozone/integration-test/target/test-dir/MiniOzoneClusterImpl-a33d77e5-464b-4d19-8e6b-a171e580bf0e/datanode-4/data/ratis/ee534ba4-92c8-4f7e-ba3a-114938149e37 was interrupted, exiting. There are 0 tasks remaining in the queue.
2019-09-20 09:27:50,255 [main] INFO  segmented.SegmentedRaftLogWorker (SegmentedRaftLogWorker.java:close(228)) - 871e6485-c22a-483f-9e07-d19e754685be-SegmentedRaftLogWorker:Storage Directory /workdir/hadoop-ozone/integration-test/target/test-dir/MiniOzoneClusterImpl-a33d77e5-464b-4d19-8e6b-a171e580bf0e/datanode-4/data/ratis/ee534ba4-92c8-4f7e-ba3a-114938149e37 close()
2019-09-20 09:27:50,256 [main] INFO  impl.RaftServerImpl (RaftServerImpl.java:lambda$shutdown$3(245)) - 871e6485-c22a-483f-9e07-d19e754685be: shutdown group-9DAB98898A82
2019-09-20 09:27:50,256 [main] INFO  util.JmxRegister (JmxRegister.java:unregister(73)) - Successfully un-registered JMX Bean with object name Ratis:service=RaftServer,group=group-9DAB98898A82,id=871e6485-c22a-483f-9e07-d19e754685be
2019-09-20 09:27:50,256 [main] INFO  impl.RoleInfo (RoleInfo.java:shutdownLeaderState(104)) - 871e6485-c22a-483f-9e07-d19e754685be: shutdown LeaderState
2019-09-20 09:27:50,257 [main] INFO  impl.PendingRequests (PendingRequests.java:sendNotLeaderResponses(202)) - 871e6485-c22a-483f-9e07-d19e754685be-PendingRequests: sendNotLeaderResponses
2019-09-20 09:27:50,257 [main] INFO  impl.StateMachineUpdater (StateMachineUpdater.java:stopAndJoin(115)) - StateMachineUpdater:871e6485-c22a-483f-9e07-d19e754685be:group-9DAB98898A82: set stopIndex = 0
2019-09-20 09:27:50,257 [main] INFO  impl.RaftServerImpl (ServerState.java:close(394)) - 871e6485-c22a-483f-9e07-d19e754685be:group-9DAB98898A82 closes. The last applied log index is 0
2019-09-20 09:27:50,258 [871e6485-c22a-483f-9e07-d19e754685be-SegmentedRaftLogWorker:Storage Directory /workdir/hadoop-ozone/integration-test/target/test-dir/MiniOzoneClusterImpl-a33d77e5-464b-4d19-8e6b-a171e580bf0e/datanode-4/data/ratis/40185839-904f-41b9-9ce0-9dab98898a82] INFO  segmented.SegmentedRaftLogWorker (SegmentedRaftLogWorker.java:run(313)) - 871e6485-c22a-483f-9e07-d19e754685be-SegmentedRaftLogWorker:Storage Directory /workdir/hadoop-ozone/integration-test/target/test-dir/MiniOzoneClusterImpl-a33d77e5-464b-4d19-8e6b-a171e580bf0e/datanode-4/data/ratis/40185839-904f-41b9-9ce0-9dab98898a82 was interrupted, exiting. There are 0 tasks remaining in the queue.
2019-09-20 09:27:50,258 [main] INFO  segmented.SegmentedRaftLogWorker (SegmentedRaftLogWorker.java:close(228)) - 871e6485-c22a-483f-9e07-d19e754685be-SegmentedRaftLogWorker:Storage Directory /workdir/hadoop-ozone/integration-test/target/test-dir/MiniOzoneClusterImpl-a33d77e5-464b-4d19-8e6b-a171e580bf0e/datanode-4/data/ratis/40185839-904f-41b9-9ce0-9dab98898a82 close()
2019-09-20 09:27:50,259 [main] INFO  impl.RaftServerImpl (RaftServerImpl.java:lambda$shutdown$3(245)) - 871e6485-c22a-483f-9e07-d19e754685be: shutdown group-E5D52BF8A6B0
2019-09-20 09:27:50,259 [main] INFO  util.JmxRegister (JmxRegister.java:unregister(73)) - Successfully un-registered JMX Bean with object name Ratis:service=RaftServer,group=group-E5D52BF8A6B0,id=871e6485-c22a-483f-9e07-d19e754685be
2019-09-20 09:27:50,260 [main] INFO  impl.RoleInfo (RoleInfo.java:shutdownLeaderState(104)) - 871e6485-c22a-483f-9e07-d19e754685be: shutdown LeaderState
2019-09-20 09:27:50,260 [main] INFO  impl.PendingRequests (PendingRequests.java:sendNotLeaderResponses(202)) - 871e6485-c22a-483f-9e07-d19e754685be-PendingRequests: sendNotLeaderResponses
2019-09-20 09:27:50,260 [main] INFO  impl.StateMachineUpdater (StateMachineUpdater.java:stopAndJoin(115)) - StateMachineUpdater:871e6485-c22a-483f-9e07-d19e754685be:group-E5D52BF8A6B0: set stopIndex = 0
2019-09-20 09:27:50,261 [main] INFO  impl.RaftServerImpl (ServerState.java:close(394)) - 871e6485-c22a-483f-9e07-d19e754685be:group-E5D52BF8A6B0 closes. The last applied log index is 0
2019-09-20 09:27:50,261 [871e6485-c22a-483f-9e07-d19e754685be-SegmentedRaftLogWorker:Storage Directory /workdir/hadoop-ozone/integration-test/target/test-dir/MiniOzoneClusterImpl-a33d77e5-464b-4d19-8e6b-a171e580bf0e/datanode-4/data/ratis/97dfff0c-56b7-4e27-87c6-e5d52bf8a6b0] INFO  segmented.SegmentedRaftLogWorker (SegmentedRaftLogWorker.java:run(313)) - 871e6485-c22a-483f-9e07-d19e754685be-SegmentedRaftLogWorker:Storage Directory /workdir/hadoop-ozone/integration-test/target/test-dir/MiniOzoneClusterImpl-a33d77e5-464b-4d19-8e6b-a171e580bf0e/datanode-4/data/ratis/97dfff0c-56b7-4e27-87c6-e5d52bf8a6b0 was interrupted, exiting. There are 0 tasks remaining in the queue.
2019-09-20 09:27:50,262 [main] INFO  segmented.SegmentedRaftLogWorker (SegmentedRaftLogWorker.java:close(228)) - 871e6485-c22a-483f-9e07-d19e754685be-SegmentedRaftLogWorker:Storage Directory /workdir/hadoop-ozone/integration-test/target/test-dir/MiniOzoneClusterImpl-a33d77e5-464b-4d19-8e6b-a171e580bf0e/datanode-4/data/ratis/97dfff0c-56b7-4e27-87c6-e5d52bf8a6b0 close()
2019-09-20 09:27:50,262 [main] INFO  impl.RaftServerImpl (RaftServerImpl.java:lambda$shutdown$3(245)) - 871e6485-c22a-483f-9e07-d19e754685be: shutdown group-4B079FF6BCF9
2019-09-20 09:27:50,262 [main] INFO  util.JmxRegister (JmxRegister.java:unregister(73)) - Successfully un-registered JMX Bean with object name Ratis:service=RaftServer,group=group-4B079FF6BCF9,id=871e6485-c22a-483f-9e07-d19e754685be
2019-09-20 09:27:50,263 [main] INFO  impl.RoleInfo (RoleInfo.java:shutdownLeaderState(104)) - 871e6485-c22a-483f-9e07-d19e754685be: shutdown LeaderState
2019-09-20 09:27:50,263 [main] INFO  impl.PendingRequests (PendingRequests.java:sendNotLeaderResponses(202)) - 871e6485-c22a-483f-9e07-d19e754685be-PendingRequests: sendNotLeaderResponses
2019-09-20 09:27:50,263 [main] INFO  impl.StateMachineUpdater (StateMachineUpdater.java:stopAndJoin(115)) - StateMachineUpdater:871e6485-c22a-483f-9e07-d19e754685be:group-4B079FF6BCF9: set stopIndex = 0
2019-09-20 09:27:50,264 [main] INFO  impl.RaftServerImpl (ServerState.java:close(394)) - 871e6485-c22a-483f-9e07-d19e754685be:group-4B079FF6BCF9 closes. The last applied log index is 0
2019-09-20 09:27:50,264 [871e6485-c22a-483f-9e07-d19e754685be-SegmentedRaftLogWorker:Storage Directory /workdir/hadoop-ozone/integration-test/target/test-dir/MiniOzoneClusterImpl-a33d77e5-464b-4d19-8e6b-a171e580bf0e/datanode-4/data/ratis/9e1016a1-5c3e-4109-bf14-4b079ff6bcf9] INFO  segmented.SegmentedRaftLogWorker (SegmentedRaftLogWorker.java:run(313)) - 871e6485-c22a-483f-9e07-d19e754685be-SegmentedRaftLogWorker:Storage Directory /workdir/hadoop-ozone/integration-test/target/test-dir/MiniOzoneClusterImpl-a33d77e5-464b-4d19-8e6b-a171e580bf0e/datanode-4/data/ratis/9e1016a1-5c3e-4109-bf14-4b079ff6bcf9 was interrupted, exiting. There are 0 tasks remaining in the queue.
2019-09-20 09:27:50,264 [main] INFO  segmented.SegmentedRaftLogWorker (SegmentedRaftLogWorker.java:close(228)) - 871e6485-c22a-483f-9e07-d19e754685be-SegmentedRaftLogWorker:Storage Directory /workdir/hadoop-ozone/integration-test/target/test-dir/MiniOzoneClusterImpl-a33d77e5-464b-4d19-8e6b-a171e580bf0e/datanode-4/data/ratis/9e1016a1-5c3e-4109-bf14-4b079ff6bcf9 close()
2019-09-20 09:27:50,265 [main] INFO  impl.RaftServerImpl (RaftServerImpl.java:lambda$shutdown$3(245)) - 871e6485-c22a-483f-9e07-d19e754685be: shutdown group-62B3CE7CDECD
2019-09-20 09:27:50,265 [main] INFO  util.JmxRegister (JmxRegister.java:unregister(73)) - Successfully un-registered JMX Bean with object name Ratis:service=RaftServer,group=group-62B3CE7CDECD,id=871e6485-c22a-483f-9e07-d19e754685be
2019-09-20 09:27:50,265 [main] INFO  impl.RoleInfo (RoleInfo.java:shutdownLeaderState(104)) - 871e6485-c22a-483f-9e07-d19e754685be: shutdown LeaderState
2019-09-20 09:27:50,266 [main] INFO  impl.PendingRequests (PendingRequests.java:sendNotLeaderResponses(202)) - 871e6485-c22a-483f-9e07-d19e754685be-PendingRequests: sendNotLeaderResponses
2019-09-20 09:27:50,266 [main] INFO  impl.StateMachineUpdater (StateMachineUpdater.java:stopAndJoin(115)) - StateMachineUpdater:871e6485-c22a-483f-9e07-d19e754685be:group-62B3CE7CDECD: set stopIndex = 0
2019-09-20 09:27:50,267 [main] INFO  impl.RaftServerImpl (ServerState.java:close(394)) - 871e6485-c22a-483f-9e07-d19e754685be:group-62B3CE7CDECD closes. The last applied log index is 0
2019-09-20 09:27:50,267 [871e6485-c22a-483f-9e07-d19e754685be-SegmentedRaftLogWorker:Storage Directory /workdir/hadoop-ozone/integration-test/target/test-dir/MiniOzoneClusterImpl-a33d77e5-464b-4d19-8e6b-a171e580bf0e/datanode-4/data/ratis/47f1de23-9f10-4974-b4a8-62b3ce7cdecd] INFO  segmented.SegmentedRaftLogWorker (SegmentedRaftLogWorker.java:run(313)) - 871e6485-c22a-483f-9e07-d19e754685be-SegmentedRaftLogWorker:Storage Directory /workdir/hadoop-ozone/integration-test/target/test-dir/MiniOzoneClusterImpl-a33d77e5-464b-4d19-8e6b-a171e580bf0e/datanode-4/data/ratis/47f1de23-9f10-4974-b4a8-62b3ce7cdecd was interrupted, exiting. There are 0 tasks remaining in the queue.
2019-09-20 09:27:50,267 [main] INFO  segmented.SegmentedRaftLogWorker (SegmentedRaftLogWorker.java:close(228)) - 871e6485-c22a-483f-9e07-d19e754685be-SegmentedRaftLogWorker:Storage Directory /workdir/hadoop-ozone/integration-test/target/test-dir/MiniOzoneClusterImpl-a33d77e5-464b-4d19-8e6b-a171e580bf0e/datanode-4/data/ratis/47f1de23-9f10-4974-b4a8-62b3ce7cdecd close()
2019-09-20 09:27:50,268 [main] INFO  impl.RaftServerImpl (RaftServerImpl.java:lambda$shutdown$3(245)) - 871e6485-c22a-483f-9e07-d19e754685be: shutdown group-9A5B578889B0
2019-09-20 09:27:50,268 [main] INFO  util.JmxRegister (JmxRegister.java:unregister(73)) - Successfully un-registered JMX Bean with object name Ratis:service=RaftServer,group=group-9A5B578889B0,id=871e6485-c22a-483f-9e07-d19e754685be
2019-09-20 09:27:50,268 [main] INFO  impl.RoleInfo (RoleInfo.java:shutdownLeaderState(104)) - 871e6485-c22a-483f-9e07-d19e754685be: shutdown LeaderState
2019-09-20 09:27:50,269 [main] INFO  impl.PendingRequests (PendingRequests.java:sendNotLeaderResponses(202)) - 871e6485-c22a-483f-9e07-d19e754685be-PendingRequests: sendNotLeaderResponses
2019-09-20 09:27:50,269 [main] INFO  impl.StateMachineUpdater (StateMachineUpdater.java:stopAndJoin(115)) - StateMachineUpdater:871e6485-c22a-483f-9e07-d19e754685be:group-9A5B578889B0: set stopIndex = 0
2019-09-20 09:27:50,270 [main] INFO  impl.RaftServerImpl (ServerState.java:close(394)) - 871e6485-c22a-483f-9e07-d19e754685be:group-9A5B578889B0 closes. The last applied log index is 0
2019-09-20 09:27:50,270 [871e6485-c22a-483f-9e07-d19e754685be-SegmentedRaftLogWorker:Storage Directory /workdir/hadoop-ozone/integration-test/target/test-dir/MiniOzoneClusterImpl-a33d77e5-464b-4d19-8e6b-a171e580bf0e/datanode-4/data/ratis/b8883f65-4348-47fe-a6bb-9a5b578889b0] INFO  segmented.SegmentedRaftLogWorker (SegmentedRaftLogWorker.java:run(313)) - 871e6485-c22a-483f-9e07-d19e754685be-SegmentedRaftLogWorker:Storage Directory /workdir/hadoop-ozone/integration-test/target/test-dir/MiniOzoneClusterImpl-a33d77e5-464b-4d19-8e6b-a171e580bf0e/datanode-4/data/ratis/b8883f65-4348-47fe-a6bb-9a5b578889b0 was interrupted, exiting. There are 0 tasks remaining in the queue.
2019-09-20 09:27:50,271 [main] INFO  segmented.SegmentedRaftLogWorker (SegmentedRaftLogWorker.java:close(228)) - 871e6485-c22a-483f-9e07-d19e754685be-SegmentedRaftLogWorker:Storage Directory /workdir/hadoop-ozone/integration-test/target/test-dir/MiniOzoneClusterImpl-a33d77e5-464b-4d19-8e6b-a171e580bf0e/datanode-4/data/ratis/b8883f65-4348-47fe-a6bb-9a5b578889b0 close()
2019-09-20 09:27:50,271 [main] INFO  impl.RaftServerImpl (RaftServerImpl.java:lambda$shutdown$3(245)) - 871e6485-c22a-483f-9e07-d19e754685be: shutdown group-378FEF94807B
2019-09-20 09:27:50,271 [main] INFO  util.JmxRegister (JmxRegister.java:unregister(73)) - Successfully un-registered JMX Bean with object name Ratis:service=RaftServer,group=group-378FEF94807B,id=871e6485-c22a-483f-9e07-d19e754685be
2019-09-20 09:27:50,272 [main] INFO  impl.RoleInfo (RoleInfo.java:shutdownLeaderState(104)) - 871e6485-c22a-483f-9e07-d19e754685be: shutdown LeaderState
2019-09-20 09:27:50,272 [main] INFO  impl.PendingRequests (PendingRequests.java:sendNotLeaderResponses(202)) - 871e6485-c22a-483f-9e07-d19e754685be-PendingRequests: sendNotLeaderResponses
2019-09-20 09:27:50,273 [main] INFO  impl.StateMachineUpdater (StateMachineUpdater.java:stopAndJoin(115)) - StateMachineUpdater:871e6485-c22a-483f-9e07-d19e754685be:group-378FEF94807B: set stopIndex = 0
2019-09-20 09:27:50,273 [main] INFO  impl.RaftServerImpl (ServerState.java:close(394)) - 871e6485-c22a-483f-9e07-d19e754685be:group-378FEF94807B closes. The last applied log index is 0
2019-09-20 09:27:50,274 [871e6485-c22a-483f-9e07-d19e754685be-SegmentedRaftLogWorker:Storage Directory /workdir/hadoop-ozone/integration-test/target/test-dir/MiniOzoneClusterImpl-a33d77e5-464b-4d19-8e6b-a171e580bf0e/datanode-4/data/ratis/dac695d7-e341-405b-baef-378fef94807b] INFO  segmented.SegmentedRaftLogWorker (SegmentedRaftLogWorker.java:run(313)) - 871e6485-c22a-483f-9e07-d19e754685be-SegmentedRaftLogWorker:Storage Directory /workdir/hadoop-ozone/integration-test/target/test-dir/MiniOzoneClusterImpl-a33d77e5-464b-4d19-8e6b-a171e580bf0e/datanode-4/data/ratis/dac695d7-e341-405b-baef-378fef94807b was interrupted, exiting. There are 0 tasks remaining in the queue.
2019-09-20 09:27:50,274 [main] INFO  segmented.SegmentedRaftLogWorker (SegmentedRaftLogWorker.java:close(228)) - 871e6485-c22a-483f-9e07-d19e754685be-SegmentedRaftLogWorker:Storage Directory /workdir/hadoop-ozone/integration-test/target/test-dir/MiniOzoneClusterImpl-a33d77e5-464b-4d19-8e6b-a171e580bf0e/datanode-4/data/ratis/dac695d7-e341-405b-baef-378fef94807b close()
2019-09-20 09:27:50,274 [main] INFO  impl.RaftServerImpl (RaftServerImpl.java:lambda$shutdown$3(245)) - 871e6485-c22a-483f-9e07-d19e754685be: shutdown group-B7B310DB6120
2019-09-20 09:27:50,275 [main] INFO  util.JmxRegister (JmxRegister.java:unregister(73)) - Successfully un-registered JMX Bean with object name Ratis:service=RaftServer,group=group-B7B310DB6120,id=871e6485-c22a-483f-9e07-d19e754685be
2019-09-20 09:27:50,275 [main] INFO  impl.RoleInfo (RoleInfo.java:shutdownLeaderState(104)) - 871e6485-c22a-483f-9e07-d19e754685be: shutdown LeaderState
2019-09-20 09:27:50,275 [main] INFO  impl.PendingRequests (PendingRequests.java:sendNotLeaderResponses(202)) - 871e6485-c22a-483f-9e07-d19e754685be-PendingRequests: sendNotLeaderResponses
2019-09-20 09:27:50,276 [main] INFO  impl.StateMachineUpdater (StateMachineUpdater.java:stopAndJoin(115)) - StateMachineUpdater:871e6485-c22a-483f-9e07-d19e754685be:group-B7B310DB6120: set stopIndex = 0
2019-09-20 09:27:50,276 [main] INFO  impl.RaftServerImpl (ServerState.java:close(394)) - 871e6485-c22a-483f-9e07-d19e754685be:group-B7B310DB6120 closes. The last applied log index is 0
2019-09-20 09:27:50,277 [871e6485-c22a-483f-9e07-d19e754685be-SegmentedRaftLogWorker:Storage Directory /workdir/hadoop-ozone/integration-test/target/test-dir/MiniOzoneClusterImpl-a33d77e5-464b-4d19-8e6b-a171e580bf0e/datanode-4/data/ratis/3b950293-b23c-443d-b2c7-b7b310db6120] INFO  segmented.SegmentedRaftLogWorker (SegmentedRaftLogWorker.java:run(313)) - 871e6485-c22a-483f-9e07-d19e754685be-SegmentedRaftLogWorker:Storage Directory /workdir/hadoop-ozone/integration-test/target/test-dir/MiniOzoneClusterImpl-a33d77e5-464b-4d19-8e6b-a171e580bf0e/datanode-4/data/ratis/3b950293-b23c-443d-b2c7-b7b310db6120 was interrupted, exiting. There are 0 tasks remaining in the queue.
2019-09-20 09:27:50,277 [main] INFO  segmented.SegmentedRaftLogWorker (SegmentedRaftLogWorker.java:close(228)) - 871e6485-c22a-483f-9e07-d19e754685be-SegmentedRaftLogWorker:Storage Directory /workdir/hadoop-ozone/integration-test/target/test-dir/MiniOzoneClusterImpl-a33d77e5-464b-4d19-8e6b-a171e580bf0e/datanode-4/data/ratis/3b950293-b23c-443d-b2c7-b7b310db6120 close()
2019-09-20 09:27:50,278 [main] INFO  impl.RaftServerImpl (RaftServerImpl.java:lambda$shutdown$3(245)) - 871e6485-c22a-483f-9e07-d19e754685be: shutdown group-D08683016DF7
2019-09-20 09:27:50,278 [main] INFO  util.JmxRegister (JmxRegister.java:unregister(73)) - Successfully un-registered JMX Bean with object name Ratis:service=RaftServer,group=group-D08683016DF7,id=871e6485-c22a-483f-9e07-d19e754685be
2019-09-20 09:27:50,278 [main] INFO  impl.RoleInfo (RoleInfo.java:shutdownLeaderState(104)) - 871e6485-c22a-483f-9e07-d19e754685be: shutdown LeaderState
2019-09-20 09:27:50,279 [main] INFO  impl.PendingRequests (PendingRequests.java:sendNotLeaderResponses(202)) - 871e6485-c22a-483f-9e07-d19e754685be-PendingRequests: sendNotLeaderResponses
2019-09-20 09:27:50,279 [main] INFO  impl.StateMachineUpdater (StateMachineUpdater.java:stopAndJoin(115)) - StateMachineUpdater:871e6485-c22a-483f-9e07-d19e754685be:group-D08683016DF7: set stopIndex = 0
2019-09-20 09:27:50,280 [main] INFO  impl.RaftServerImpl (ServerState.java:close(394)) - 871e6485-c22a-483f-9e07-d19e754685be:group-D08683016DF7 closes. The last applied log index is 0
2019-09-20 09:27:50,280 [871e6485-c22a-483f-9e07-d19e754685be-SegmentedRaftLogWorker:Storage Directory /workdir/hadoop-ozone/integration-test/target/test-dir/MiniOzoneClusterImpl-a33d77e5-464b-4d19-8e6b-a171e580bf0e/datanode-4/data/ratis/aa2f3b27-38db-4b1f-96f6-d08683016df7] INFO  segmented.SegmentedRaftLogWorker (SegmentedRaftLogWorker.java:run(313)) - 871e6485-c22a-483f-9e07-d19e754685be-SegmentedRaftLogWorker:Storage Directory /workdir/hadoop-ozone/integration-test/target/test-dir/MiniOzoneClusterImpl-a33d77e5-464b-4d19-8e6b-a171e580bf0e/datanode-4/data/ratis/aa2f3b27-38db-4b1f-96f6-d08683016df7 was interrupted, exiting. There are 0 tasks remaining in the queue.
2019-09-20 09:27:50,281 [main] INFO  segmented.SegmentedRaftLogWorker (SegmentedRaftLogWorker.java:close(228)) - 871e6485-c22a-483f-9e07-d19e754685be-SegmentedRaftLogWorker:Storage Directory /workdir/hadoop-ozone/integration-test/target/test-dir/MiniOzoneClusterImpl-a33d77e5-464b-4d19-8e6b-a171e580bf0e/datanode-4/data/ratis/aa2f3b27-38db-4b1f-96f6-d08683016df7 close()
2019-09-20 09:27:50,281 [main] INFO  impl.RaftServerImpl (RaftServerImpl.java:lambda$shutdown$3(245)) - 871e6485-c22a-483f-9e07-d19e754685be: shutdown group-D86E06F54BD6
2019-09-20 09:27:50,282 [main] INFO  util.JmxRegister (JmxRegister.java:unregister(73)) - Successfully un-registered JMX Bean with object name Ratis:service=RaftServer,group=group-D86E06F54BD6,id=871e6485-c22a-483f-9e07-d19e754685be
2019-09-20 09:27:50,282 [main] INFO  impl.RoleInfo (RoleInfo.java:shutdownLeaderState(104)) - 871e6485-c22a-483f-9e07-d19e754685be: shutdown LeaderState
2019-09-20 09:27:50,282 [main] INFO  impl.PendingRequests (PendingRequests.java:sendNotLeaderResponses(202)) - 871e6485-c22a-483f-9e07-d19e754685be-PendingRequests: sendNotLeaderResponses
2019-09-20 09:27:50,283 [main] INFO  impl.StateMachineUpdater (StateMachineUpdater.java:stopAndJoin(115)) - StateMachineUpdater:871e6485-c22a-483f-9e07-d19e754685be:group-D86E06F54BD6: set stopIndex = 0
2019-09-20 09:27:50,283 [main] INFO  impl.RaftServerImpl (ServerState.java:close(394)) - 871e6485-c22a-483f-9e07-d19e754685be:group-D86E06F54BD6 closes. The last applied log index is 0
2019-09-20 09:27:50,284 [871e6485-c22a-483f-9e07-d19e754685be-SegmentedRaftLogWorker:Storage Directory /workdir/hadoop-ozone/integration-test/target/test-dir/MiniOzoneClusterImpl-a33d77e5-464b-4d19-8e6b-a171e580bf0e/datanode-4/data/ratis/030660f3-f707-4a13-b766-d86e06f54bd6] INFO  segmented.SegmentedRaftLogWorker (SegmentedRaftLogWorker.java:run(313)) - 871e6485-c22a-483f-9e07-d19e754685be-SegmentedRaftLogWorker:Storage Directory /workdir/hadoop-ozone/integration-test/target/test-dir/MiniOzoneClusterImpl-a33d77e5-464b-4d19-8e6b-a171e580bf0e/datanode-4/data/ratis/030660f3-f707-4a13-b766-d86e06f54bd6 was interrupted, exiting. There are 0 tasks remaining in the queue.
2019-09-20 09:27:50,284 [main] INFO  segmented.SegmentedRaftLogWorker (SegmentedRaftLogWorker.java:close(228)) - 871e6485-c22a-483f-9e07-d19e754685be-SegmentedRaftLogWorker:Storage Directory /workdir/hadoop-ozone/integration-test/target/test-dir/MiniOzoneClusterImpl-a33d77e5-464b-4d19-8e6b-a171e580bf0e/datanode-4/data/ratis/030660f3-f707-4a13-b766-d86e06f54bd6 close()
2019-09-20 09:27:50,285 [main] INFO  impl.RaftServerImpl (RaftServerImpl.java:lambda$shutdown$3(245)) - 871e6485-c22a-483f-9e07-d19e754685be: shutdown group-CCD775D3720C
2019-09-20 09:27:50,285 [main] INFO  util.JmxRegister (JmxRegister.java:unregister(73)) - Successfully un-registered JMX Bean with object name Ratis:service=RaftServer,group=group-CCD775D3720C,id=871e6485-c22a-483f-9e07-d19e754685be
2019-09-20 09:27:50,285 [main] INFO  impl.RoleInfo (RoleInfo.java:shutdownLeaderState(104)) - 871e6485-c22a-483f-9e07-d19e754685be: shutdown LeaderState
2019-09-20 09:27:50,286 [main] INFO  impl.PendingRequests (PendingRequests.java:sendNotLeaderResponses(202)) - 871e6485-c22a-483f-9e07-d19e754685be-PendingRequests: sendNotLeaderResponses
2019-09-20 09:27:50,286 [main] INFO  impl.StateMachineUpdater (StateMachineUpdater.java:stopAndJoin(115)) - StateMachineUpdater:871e6485-c22a-483f-9e07-d19e754685be:group-CCD775D3720C: set stopIndex = 0
2019-09-20 09:27:50,287 [main] INFO  impl.RaftServerImpl (ServerState.java:close(394)) - 871e6485-c22a-483f-9e07-d19e754685be:group-CCD775D3720C closes. The last applied log index is 0
2019-09-20 09:27:50,287 [871e6485-c22a-483f-9e07-d19e754685be-SegmentedRaftLogWorker:Storage Directory /workdir/hadoop-ozone/integration-test/target/test-dir/MiniOzoneClusterImpl-a33d77e5-464b-4d19-8e6b-a171e580bf0e/datanode-4/data/ratis/b10c5fc0-1db1-411b-a90f-ccd775d3720c] INFO  segmented.SegmentedRaftLogWorker (SegmentedRaftLogWorker.java:run(313)) - 871e6485-c22a-483f-9e07-d19e754685be-SegmentedRaftLogWorker:Storage Directory /workdir/hadoop-ozone/integration-test/target/test-dir/MiniOzoneClusterImpl-a33d77e5-464b-4d19-8e6b-a171e580bf0e/datanode-4/data/ratis/b10c5fc0-1db1-411b-a90f-ccd775d3720c was interrupted, exiting. There are 0 tasks remaining in the queue.
2019-09-20 09:27:50,287 [main] INFO  segmented.SegmentedRaftLogWorker (SegmentedRaftLogWorker.java:close(228)) - 871e6485-c22a-483f-9e07-d19e754685be-SegmentedRaftLogWorker:Storage Directory /workdir/hadoop-ozone/integration-test/target/test-dir/MiniOzoneClusterImpl-a33d77e5-464b-4d19-8e6b-a171e580bf0e/datanode-4/data/ratis/b10c5fc0-1db1-411b-a90f-ccd775d3720c close()
2019-09-20 09:27:50,288 [main] INFO  impl.RaftServerImpl (RaftServerImpl.java:lambda$shutdown$3(245)) - 871e6485-c22a-483f-9e07-d19e754685be: shutdown group-DB2F2E7A135B
2019-09-20 09:27:50,288 [main] INFO  util.JmxRegister (JmxRegister.java:unregister(73)) - Successfully un-registered JMX Bean with object name Ratis:service=RaftServer,group=group-DB2F2E7A135B,id=871e6485-c22a-483f-9e07-d19e754685be
2019-09-20 09:27:50,289 [main] INFO  impl.RoleInfo (RoleInfo.java:shutdownLeaderState(104)) - 871e6485-c22a-483f-9e07-d19e754685be: shutdown LeaderState
2019-09-20 09:27:50,289 [main] INFO  impl.PendingRequests (PendingRequests.java:sendNotLeaderResponses(202)) - 871e6485-c22a-483f-9e07-d19e754685be-PendingRequests: sendNotLeaderResponses
2019-09-20 09:27:50,289 [main] INFO  impl.StateMachineUpdater (StateMachineUpdater.java:stopAndJoin(115)) - StateMachineUpdater:871e6485-c22a-483f-9e07-d19e754685be:group-DB2F2E7A135B: set stopIndex = 0
2019-09-20 09:27:50,290 [main] INFO  impl.RaftServerImpl (ServerState.java:close(394)) - 871e6485-c22a-483f-9e07-d19e754685be:group-DB2F2E7A135B closes. The last applied log index is 0
2019-09-20 09:27:50,291 [871e6485-c22a-483f-9e07-d19e754685be-SegmentedRaftLogWorker:Storage Directory /workdir/hadoop-ozone/integration-test/target/test-dir/MiniOzoneClusterImpl-a33d77e5-464b-4d19-8e6b-a171e580bf0e/datanode-4/data/ratis/27df796d-60e4-43bc-b280-db2f2e7a135b] INFO  segmented.SegmentedRaftLogWorker (SegmentedRaftLogWorker.java:run(313)) - 871e6485-c22a-483f-9e07-d19e754685be-SegmentedRaftLogWorker:Storage Directory /workdir/hadoop-ozone/integration-test/target/test-dir/MiniOzoneClusterImpl-a33d77e5-464b-4d19-8e6b-a171e580bf0e/datanode-4/data/ratis/27df796d-60e4-43bc-b280-db2f2e7a135b was interrupted, exiting. There are 0 tasks remaining in the queue.
2019-09-20 09:27:50,291 [main] INFO  segmented.SegmentedRaftLogWorker (SegmentedRaftLogWorker.java:close(228)) - 871e6485-c22a-483f-9e07-d19e754685be-SegmentedRaftLogWorker:Storage Directory /workdir/hadoop-ozone/integration-test/target/test-dir/MiniOzoneClusterImpl-a33d77e5-464b-4d19-8e6b-a171e580bf0e/datanode-4/data/ratis/27df796d-60e4-43bc-b280-db2f2e7a135b close()
2019-09-20 09:27:50,291 [main] INFO  impl.RaftServerImpl (RaftServerImpl.java:lambda$shutdown$3(245)) - 871e6485-c22a-483f-9e07-d19e754685be: shutdown group-D4382EAC0A2B
2019-09-20 09:27:50,292 [main] INFO  util.JmxRegister (JmxRegister.java:unregister(73)) - Successfully un-registered JMX Bean with object name Ratis:service=RaftServer,group=group-D4382EAC0A2B,id=871e6485-c22a-483f-9e07-d19e754685be
2019-09-20 09:27:50,292 [main] INFO  impl.RoleInfo (RoleInfo.java:shutdownLeaderState(104)) - 871e6485-c22a-483f-9e07-d19e754685be: shutdown LeaderState
2019-09-20 09:27:50,292 [main] INFO  impl.PendingRequests (PendingRequests.java:sendNotLeaderResponses(202)) - 871e6485-c22a-483f-9e07-d19e754685be-PendingRequests: sendNotLeaderResponses
2019-09-20 09:27:50,293 [main] INFO  impl.StateMachineUpdater (StateMachineUpdater.java:stopAndJoin(115)) - StateMachineUpdater:871e6485-c22a-483f-9e07-d19e754685be:group-D4382EAC0A2B: set stopIndex = 0
2019-09-20 09:27:50,293 [main] INFO  impl.RaftServerImpl (ServerState.java:close(394)) - 871e6485-c22a-483f-9e07-d19e754685be:group-D4382EAC0A2B closes. The last applied log index is 0
2019-09-20 09:27:50,294 [871e6485-c22a-483f-9e07-d19e754685be-SegmentedRaftLogWorker:Storage Directory /workdir/hadoop-ozone/integration-test/target/test-dir/MiniOzoneClusterImpl-a33d77e5-464b-4d19-8e6b-a171e580bf0e/datanode-4/data/ratis/4ed80ddd-0769-4346-a2bb-d4382eac0a2b] INFO  segmented.SegmentedRaftLogWorker (SegmentedRaftLogWorker.java:run(313)) - 871e6485-c22a-483f-9e07-d19e754685be-SegmentedRaftLogWorker:Storage Directory /workdir/hadoop-ozone/integration-test/target/test-dir/MiniOzoneClusterImpl-a33d77e5-464b-4d19-8e6b-a171e580bf0e/datanode-4/data/ratis/4ed80ddd-0769-4346-a2bb-d4382eac0a2b was interrupted, exiting. There are 0 tasks remaining in the queue.
2019-09-20 09:27:50,294 [main] INFO  segmented.SegmentedRaftLogWorker (SegmentedRaftLogWorker.java:close(228)) - 871e6485-c22a-483f-9e07-d19e754685be-SegmentedRaftLogWorker:Storage Directory /workdir/hadoop-ozone/integration-test/target/test-dir/MiniOzoneClusterImpl-a33d77e5-464b-4d19-8e6b-a171e580bf0e/datanode-4/data/ratis/4ed80ddd-0769-4346-a2bb-d4382eac0a2b close()
2019-09-20 09:27:50,294 [main] INFO  impl.RaftServerImpl (RaftServerImpl.java:lambda$shutdown$3(245)) - 871e6485-c22a-483f-9e07-d19e754685be: shutdown group-896764FAE2AD
2019-09-20 09:27:50,295 [main] INFO  util.JmxRegister (JmxRegister.java:unregister(73)) - Successfully un-registered JMX Bean with object name Ratis:service=RaftServer,group=group-896764FAE2AD,id=871e6485-c22a-483f-9e07-d19e754685be
2019-09-20 09:27:50,295 [main] INFO  impl.RoleInfo (RoleInfo.java:shutdownLeaderState(104)) - 871e6485-c22a-483f-9e07-d19e754685be: shutdown LeaderState
2019-09-20 09:27:50,295 [main] INFO  impl.PendingRequests (PendingRequests.java:sendNotLeaderResponses(202)) - 871e6485-c22a-483f-9e07-d19e754685be-PendingRequests: sendNotLeaderResponses
2019-09-20 09:27:50,296 [main] INFO  impl.StateMachineUpdater (StateMachineUpdater.java:stopAndJoin(115)) - StateMachineUpdater:871e6485-c22a-483f-9e07-d19e754685be:group-896764FAE2AD: set stopIndex = 0
2019-09-20 09:27:50,296 [main] INFO  impl.RaftServerImpl (ServerState.java:close(394)) - 871e6485-c22a-483f-9e07-d19e754685be:group-896764FAE2AD closes. The last applied log index is 0
2019-09-20 09:27:50,297 [871e6485-c22a-483f-9e07-d19e754685be-SegmentedRaftLogWorker:Storage Directory /workdir/hadoop-ozone/integration-test/target/test-dir/MiniOzoneClusterImpl-a33d77e5-464b-4d19-8e6b-a171e580bf0e/datanode-4/data/ratis/05a3f603-8772-4eac-8521-896764fae2ad] INFO  segmented.SegmentedRaftLogWorker (SegmentedRaftLogWorker.java:run(313)) - 871e6485-c22a-483f-9e07-d19e754685be-SegmentedRaftLogWorker:Storage Directory /workdir/hadoop-ozone/integration-test/target/test-dir/MiniOzoneClusterImpl-a33d77e5-464b-4d19-8e6b-a171e580bf0e/datanode-4/data/ratis/05a3f603-8772-4eac-8521-896764fae2ad was interrupted, exiting. There are 0 tasks remaining in the queue.
2019-09-20 09:27:50,297 [main] INFO  segmented.SegmentedRaftLogWorker (SegmentedRaftLogWorker.java:close(228)) - 871e6485-c22a-483f-9e07-d19e754685be-SegmentedRaftLogWorker:Storage Directory /workdir/hadoop-ozone/integration-test/target/test-dir/MiniOzoneClusterImpl-a33d77e5-464b-4d19-8e6b-a171e580bf0e/datanode-4/data/ratis/05a3f603-8772-4eac-8521-896764fae2ad close()
2019-09-20 09:27:50,297 [main] INFO  impl.RaftServerImpl (RaftServerImpl.java:lambda$shutdown$3(245)) - 871e6485-c22a-483f-9e07-d19e754685be: shutdown group-57DC3109F456
2019-09-20 09:27:50,298 [main] INFO  util.JmxRegister (JmxRegister.java:unregister(73)) - Successfully un-registered JMX Bean with object name Ratis:service=RaftServer,group=group-57DC3109F456,id=871e6485-c22a-483f-9e07-d19e754685be
2019-09-20 09:27:50,298 [main] INFO  impl.RoleInfo (RoleInfo.java:shutdownLeaderState(104)) - 871e6485-c22a-483f-9e07-d19e754685be: shutdown LeaderState
2019-09-20 09:27:50,298 [main] INFO  impl.PendingRequests (PendingRequests.java:sendNotLeaderResponses(202)) - 871e6485-c22a-483f-9e07-d19e754685be-PendingRequests: sendNotLeaderResponses
2019-09-20 09:27:50,299 [main] INFO  impl.StateMachineUpdater (StateMachineUpdater.java:stopAndJoin(115)) - StateMachineUpdater:871e6485-c22a-483f-9e07-d19e754685be:group-57DC3109F456: set stopIndex = 0
2019-09-20 09:27:50,299 [main] INFO  impl.RaftServerImpl (ServerState.java:close(394)) - 871e6485-c22a-483f-9e07-d19e754685be:group-57DC3109F456 closes. The last applied log index is 0
2019-09-20 09:27:50,299 [871e6485-c22a-483f-9e07-d19e754685be-SegmentedRaftLogWorker:Storage Directory /workdir/hadoop-ozone/integration-test/target/test-dir/MiniOzoneClusterImpl-a33d77e5-464b-4d19-8e6b-a171e580bf0e/datanode-4/data/ratis/0421416a-2f98-493d-b7c2-57dc3109f456] INFO  segmented.SegmentedRaftLogWorker (SegmentedRaftLogWorker.java:run(313)) - 871e6485-c22a-483f-9e07-d19e754685be-SegmentedRaftLogWorker:Storage Directory /workdir/hadoop-ozone/integration-test/target/test-dir/MiniOzoneClusterImpl-a33d77e5-464b-4d19-8e6b-a171e580bf0e/datanode-4/data/ratis/0421416a-2f98-493d-b7c2-57dc3109f456 was interrupted, exiting. There are 0 tasks remaining in the queue.
2019-09-20 09:27:50,300 [main] INFO  segmented.SegmentedRaftLogWorker (SegmentedRaftLogWorker.java:close(228)) - 871e6485-c22a-483f-9e07-d19e754685be-SegmentedRaftLogWorker:Storage Directory /workdir/hadoop-ozone/integration-test/target/test-dir/MiniOzoneClusterImpl-a33d77e5-464b-4d19-8e6b-a171e580bf0e/datanode-4/data/ratis/0421416a-2f98-493d-b7c2-57dc3109f456 close()
2019-09-20 09:27:50,300 [main] INFO  impl.RaftServerImpl (RaftServerImpl.java:lambda$shutdown$3(245)) - 871e6485-c22a-483f-9e07-d19e754685be: shutdown group-878BFFACDD88
2019-09-20 09:27:50,300 [main] INFO  util.JmxRegister (JmxRegister.java:unregister(73)) - Successfully un-registered JMX Bean with object name Ratis:service=RaftServer,group=group-878BFFACDD88,id=871e6485-c22a-483f-9e07-d19e754685be
2019-09-20 09:27:50,301 [main] INFO  impl.RoleInfo (RoleInfo.java:shutdownLeaderState(104)) - 871e6485-c22a-483f-9e07-d19e754685be: shutdown LeaderState
2019-09-20 09:27:50,301 [main] INFO  impl.PendingRequests (PendingRequests.java:sendNotLeaderResponses(202)) - 871e6485-c22a-483f-9e07-d19e754685be-PendingRequests: sendNotLeaderResponses
2019-09-20 09:27:50,301 [main] INFO  impl.StateMachineUpdater (StateMachineUpdater.java:stopAndJoin(115)) - StateMachineUpdater:871e6485-c22a-483f-9e07-d19e754685be:group-878BFFACDD88: set stopIndex = 0
2019-09-20 09:27:50,302 [main] INFO  impl.RaftServerImpl (ServerState.java:close(394)) - 871e6485-c22a-483f-9e07-d19e754685be:group-878BFFACDD88 closes. The last applied log index is 0
2019-09-20 09:27:50,303 [871e6485-c22a-483f-9e07-d19e754685be-SegmentedRaftLogWorker:Storage Directory /workdir/hadoop-ozone/integration-test/target/test-dir/MiniOzoneClusterImpl-a33d77e5-464b-4d19-8e6b-a171e580bf0e/datanode-4/data/ratis/a89e7b25-62d5-42a0-9f8e-878bffacdd88] INFO  segmented.SegmentedRaftLogWorker (SegmentedRaftLogWorker.java:run(313)) - 871e6485-c22a-483f-9e07-d19e754685be-SegmentedRaftLogWorker:Storage Directory /workdir/hadoop-ozone/integration-test/target/test-dir/MiniOzoneClusterImpl-a33d77e5-464b-4d19-8e6b-a171e580bf0e/datanode-4/data/ratis/a89e7b25-62d5-42a0-9f8e-878bffacdd88 was interrupted, exiting. There are 0 tasks remaining in the queue.
2019-09-20 09:27:50,303 [main] INFO  segmented.SegmentedRaftLogWorker (SegmentedRaftLogWorker.java:close(228)) - 871e6485-c22a-483f-9e07-d19e754685be-SegmentedRaftLogWorker:Storage Directory /workdir/hadoop-ozone/integration-test/target/test-dir/MiniOzoneClusterImpl-a33d77e5-464b-4d19-8e6b-a171e580bf0e/datanode-4/data/ratis/a89e7b25-62d5-42a0-9f8e-878bffacdd88 close()
2019-09-20 09:27:50,303 [main] INFO  impl.RaftServerImpl (RaftServerImpl.java:lambda$shutdown$3(245)) - 871e6485-c22a-483f-9e07-d19e754685be: shutdown group-E479DB0860CE
2019-09-20 09:27:50,304 [main] INFO  util.JmxRegister (JmxRegister.java:unregister(73)) - Successfully un-registered JMX Bean with object name Ratis:service=RaftServer,group=group-E479DB0860CE,id=871e6485-c22a-483f-9e07-d19e754685be
2019-09-20 09:27:50,304 [main] INFO  impl.RoleInfo (RoleInfo.java:shutdownLeaderState(104)) - 871e6485-c22a-483f-9e07-d19e754685be: shutdown LeaderState
2019-09-20 09:27:50,304 [main] INFO  impl.PendingRequests (PendingRequests.java:sendNotLeaderResponses(202)) - 871e6485-c22a-483f-9e07-d19e754685be-PendingRequests: sendNotLeaderResponses
2019-09-20 09:27:50,305 [main] INFO  impl.StateMachineUpdater (StateMachineUpdater.java:stopAndJoin(115)) - StateMachineUpdater:871e6485-c22a-483f-9e07-d19e754685be:group-E479DB0860CE: set stopIndex = 0
2019-09-20 09:27:50,305 [main] INFO  impl.RaftServerImpl (ServerState.java:close(394)) - 871e6485-c22a-483f-9e07-d19e754685be:group-E479DB0860CE closes. The last applied log index is 0
2019-09-20 09:27:50,306 [871e6485-c22a-483f-9e07-d19e754685be-SegmentedRaftLogWorker:Storage Directory /workdir/hadoop-ozone/integration-test/target/test-dir/MiniOzoneClusterImpl-a33d77e5-464b-4d19-8e6b-a171e580bf0e/datanode-4/data/ratis/038a8c8b-e5f7-4abc-9408-e479db0860ce] INFO  segmented.SegmentedRaftLogWorker (SegmentedRaftLogWorker.java:run(313)) - 871e6485-c22a-483f-9e07-d19e754685be-SegmentedRaftLogWorker:Storage Directory /workdir/hadoop-ozone/integration-test/target/test-dir/MiniOzoneClusterImpl-a33d77e5-464b-4d19-8e6b-a171e580bf0e/datanode-4/data/ratis/038a8c8b-e5f7-4abc-9408-e479db0860ce was interrupted, exiting. There are 0 tasks remaining in the queue.
2019-09-20 09:27:50,306 [main] INFO  segmented.SegmentedRaftLogWorker (SegmentedRaftLogWorker.java:close(228)) - 871e6485-c22a-483f-9e07-d19e754685be-SegmentedRaftLogWorker:Storage Directory /workdir/hadoop-ozone/integration-test/target/test-dir/MiniOzoneClusterImpl-a33d77e5-464b-4d19-8e6b-a171e580bf0e/datanode-4/data/ratis/038a8c8b-e5f7-4abc-9408-e479db0860ce close()
2019-09-20 09:27:50,306 [main] INFO  server.GrpcService (GrpcService.java:closeImpl(155)) - 871e6485-c22a-483f-9e07-d19e754685be: shutdown server with port 41076 now
2019-09-20 09:27:50,307 [main] INFO  server.GrpcService (GrpcService.java:closeImpl(163)) - 871e6485-c22a-483f-9e07-d19e754685be: shutdown server with port 41076 successfully
2019-09-20 09:27:50,308 [main] INFO  utils.BackgroundService (BackgroundService.java:shutdown(148)) - Shutting down service BlockDeletingService
2019-09-20 09:27:50,310 [refreshUsed-/workdir/hadoop-ozone/integration-test/target/test-dir/MiniOzoneClusterImpl-a33d77e5-464b-4d19-8e6b-a171e580bf0e/datanode-4/data/containers] WARN  fs.CachingGetSpaceUsed (CachingGetSpaceUsed.java:run(183)) - Thread Interrupted waiting to refresh disk information: sleep interrupted
2019-09-20 09:27:50,312 [ForkJoinPool.commonPool-worker-1] INFO  ozoneimpl.OzoneContainer (OzoneContainer.java:stop(199)) - Attempting to stop container services.
2019-09-20 09:27:50,312 [ForkJoinPool.commonPool-worker-1] INFO  impl.RaftServerProxy (RaftServerProxy.java:lambda$close$4(314)) - 02b93e76-e4c6-4b67-b8a4-c536d9ab7224: close
2019-09-20 09:27:50,312 [ForkJoinPool.commonPool-worker-1] INFO  impl.RaftServerImpl (RaftServerImpl.java:lambda$shutdown$3(245)) - 02b93e76-e4c6-4b67-b8a4-c536d9ab7224: shutdown group-BD3B3C1ED5A4
2019-09-20 09:27:50,312 [ForkJoinPool.commonPool-worker-1] INFO  util.JmxRegister (JmxRegister.java:unregister(73)) - Successfully un-registered JMX Bean with object name Ratis:service=RaftServer,group=group-BD3B3C1ED5A4,id=02b93e76-e4c6-4b67-b8a4-c536d9ab7224
2019-09-20 09:27:50,313 [ForkJoinPool.commonPool-worker-1] INFO  impl.RoleInfo (RoleInfo.java:shutdownLeaderState(104)) - 02b93e76-e4c6-4b67-b8a4-c536d9ab7224: shutdown LeaderState
2019-09-20 09:27:50,313 [ForkJoinPool.commonPool-worker-1] INFO  impl.PendingRequests (PendingRequests.java:sendNotLeaderResponses(202)) - 02b93e76-e4c6-4b67-b8a4-c536d9ab7224-PendingRequests: sendNotLeaderResponses
2019-09-20 09:27:50,313 [ForkJoinPool.commonPool-worker-1] INFO  impl.StateMachineUpdater (StateMachineUpdater.java:stopAndJoin(115)) - StateMachineUpdater:02b93e76-e4c6-4b67-b8a4-c536d9ab7224:group-BD3B3C1ED5A4: set stopIndex = 0
2019-09-20 09:27:50,315 [ForkJoinPool.commonPool-worker-1] INFO  impl.RaftServerImpl (ServerState.java:close(394)) - 02b93e76-e4c6-4b67-b8a4-c536d9ab7224:group-BD3B3C1ED5A4 closes. The last applied log index is 0
2019-09-20 09:27:50,318 [02b93e76-e4c6-4b67-b8a4-c536d9ab7224-SegmentedRaftLogWorker:Storage Directory /workdir/hadoop-ozone/integration-test/target/test-dir/MiniOzoneClusterImpl-a33d77e5-464b-4d19-8e6b-a171e580bf0e/datanode-0/data/ratis/fa0806c8-a92c-45a0-a658-bd3b3c1ed5a4] INFO  segmented.SegmentedRaftLogWorker (SegmentedRaftLogWorker.java:run(313)) - 02b93e76-e4c6-4b67-b8a4-c536d9ab7224-SegmentedRaftLogWorker:Storage Directory /workdir/hadoop-ozone/integration-test/target/test-dir/MiniOzoneClusterImpl-a33d77e5-464b-4d19-8e6b-a171e580bf0e/datanode-0/data/ratis/fa0806c8-a92c-45a0-a658-bd3b3c1ed5a4 was interrupted, exiting. There are 0 tasks remaining in the queue.
2019-09-20 09:27:50,319 [ForkJoinPool.commonPool-worker-1] INFO  segmented.SegmentedRaftLogWorker (SegmentedRaftLogWorker.java:close(228)) - 02b93e76-e4c6-4b67-b8a4-c536d9ab7224-SegmentedRaftLogWorker:Storage Directory /workdir/hadoop-ozone/integration-test/target/test-dir/MiniOzoneClusterImpl-a33d77e5-464b-4d19-8e6b-a171e580bf0e/datanode-0/data/ratis/fa0806c8-a92c-45a0-a658-bd3b3c1ed5a4 close()
2019-09-20 09:27:50,319 [ForkJoinPool.commonPool-worker-1] INFO  impl.RaftServerImpl (RaftServerImpl.java:lambda$shutdown$3(245)) - 02b93e76-e4c6-4b67-b8a4-c536d9ab7224: shutdown group-35E2D655AE49
2019-09-20 09:27:50,319 [ForkJoinPool.commonPool-worker-1] INFO  util.JmxRegister (JmxRegister.java:unregister(73)) - Successfully un-registered JMX Bean with object name Ratis:service=RaftServer,group=group-35E2D655AE49,id=02b93e76-e4c6-4b67-b8a4-c536d9ab7224
2019-09-20 09:27:50,320 [ForkJoinPool.commonPool-worker-1] INFO  impl.RoleInfo (RoleInfo.java:shutdownLeaderState(104)) - 02b93e76-e4c6-4b67-b8a4-c536d9ab7224: shutdown LeaderState
2019-09-20 09:27:50,320 [ForkJoinPool.commonPool-worker-1] INFO  impl.PendingRequests (PendingRequests.java:sendNotLeaderResponses(202)) - 02b93e76-e4c6-4b67-b8a4-c536d9ab7224-PendingRequests: sendNotLeaderResponses
2019-09-20 09:27:50,320 [ForkJoinPool.commonPool-worker-1] INFO  impl.StateMachineUpdater (StateMachineUpdater.java:stopAndJoin(115)) - StateMachineUpdater:02b93e76-e4c6-4b67-b8a4-c536d9ab7224:group-35E2D655AE49: set stopIndex = 0
2019-09-20 09:27:50,321 [ForkJoinPool.commonPool-worker-1] INFO  impl.RaftServerImpl (ServerState.java:close(394)) - 02b93e76-e4c6-4b67-b8a4-c536d9ab7224:group-35E2D655AE49 closes. The last applied log index is 0
2019-09-20 09:27:50,321 [02b93e76-e4c6-4b67-b8a4-c536d9ab7224-SegmentedRaftLogWorker:Storage Directory /workdir/hadoop-ozone/integration-test/target/test-dir/MiniOzoneClusterImpl-a33d77e5-464b-4d19-8e6b-a171e580bf0e/datanode-0/data/ratis/4a10de45-440f-4eef-9ed6-35e2d655ae49] INFO  segmented.SegmentedRaftLogWorker (SegmentedRaftLogWorker.java:run(313)) - 02b93e76-e4c6-4b67-b8a4-c536d9ab7224-SegmentedRaftLogWorker:Storage Directory /workdir/hadoop-ozone/integration-test/target/test-dir/MiniOzoneClusterImpl-a33d77e5-464b-4d19-8e6b-a171e580bf0e/datanode-0/data/ratis/4a10de45-440f-4eef-9ed6-35e2d655ae49 was interrupted, exiting. There are 0 tasks remaining in the queue.
2019-09-20 09:27:50,321 [ForkJoinPool.commonPool-worker-1] INFO  segmented.SegmentedRaftLogWorker (SegmentedRaftLogWorker.java:close(228)) - 02b93e76-e4c6-4b67-b8a4-c536d9ab7224-SegmentedRaftLogWorker:Storage Directory /workdir/hadoop-ozone/integration-test/target/test-dir/MiniOzoneClusterImpl-a33d77e5-464b-4d19-8e6b-a171e580bf0e/datanode-0/data/ratis/4a10de45-440f-4eef-9ed6-35e2d655ae49 close()
2019-09-20 09:27:50,322 [ForkJoinPool.commonPool-worker-1] INFO  impl.RaftServerImpl (RaftServerImpl.java:lambda$shutdown$3(245)) - 02b93e76-e4c6-4b67-b8a4-c536d9ab7224: shutdown group-609AF3810E01
2019-09-20 09:27:50,322 [ForkJoinPool.commonPool-worker-1] INFO  util.JmxRegister (JmxRegister.java:unregister(73)) - Successfully un-registered JMX Bean with object name Ratis:service=RaftServer,group=group-609AF3810E01,id=02b93e76-e4c6-4b67-b8a4-c536d9ab7224
2019-09-20 09:27:50,322 [ForkJoinPool.commonPool-worker-1] INFO  impl.RoleInfo (RoleInfo.java:shutdownLeaderState(104)) - 02b93e76-e4c6-4b67-b8a4-c536d9ab7224: shutdown LeaderState
2019-09-20 09:27:50,323 [ForkJoinPool.commonPool-worker-1] INFO  impl.PendingRequests (PendingRequests.java:sendNotLeaderResponses(202)) - 02b93e76-e4c6-4b67-b8a4-c536d9ab7224-PendingRequests: sendNotLeaderResponses
2019-09-20 09:27:50,323 [ForkJoinPool.commonPool-worker-1] INFO  impl.StateMachineUpdater (StateMachineUpdater.java:stopAndJoin(115)) - StateMachineUpdater:02b93e76-e4c6-4b67-b8a4-c536d9ab7224:group-609AF3810E01: set stopIndex = 0
2019-09-20 09:27:50,323 [ForkJoinPool.commonPool-worker-1] INFO  impl.RaftServerImpl (ServerState.java:close(394)) - 02b93e76-e4c6-4b67-b8a4-c536d9ab7224:group-609AF3810E01 closes. The last applied log index is 0
2019-09-20 09:27:50,324 [02b93e76-e4c6-4b67-b8a4-c536d9ab7224-SegmentedRaftLogWorker:Storage Directory /workdir/hadoop-ozone/integration-test/target/test-dir/MiniOzoneClusterImpl-a33d77e5-464b-4d19-8e6b-a171e580bf0e/datanode-0/data/ratis/74bf1f7f-e8e1-449b-ae20-609af3810e01] INFO  segmented.SegmentedRaftLogWorker (SegmentedRaftLogWorker.java:run(313)) - 02b93e76-e4c6-4b67-b8a4-c536d9ab7224-SegmentedRaftLogWorker:Storage Directory /workdir/hadoop-ozone/integration-test/target/test-dir/MiniOzoneClusterImpl-a33d77e5-464b-4d19-8e6b-a171e580bf0e/datanode-0/data/ratis/74bf1f7f-e8e1-449b-ae20-609af3810e01 was interrupted, exiting. There are 0 tasks remaining in the queue.
2019-09-20 09:27:50,324 [ForkJoinPool.commonPool-worker-1] INFO  segmented.SegmentedRaftLogWorker (SegmentedRaftLogWorker.java:close(228)) - 02b93e76-e4c6-4b67-b8a4-c536d9ab7224-SegmentedRaftLogWorker:Storage Directory /workdir/hadoop-ozone/integration-test/target/test-dir/MiniOzoneClusterImpl-a33d77e5-464b-4d19-8e6b-a171e580bf0e/datanode-0/data/ratis/74bf1f7f-e8e1-449b-ae20-609af3810e01 close()
2019-09-20 09:27:50,324 [ForkJoinPool.commonPool-worker-1] INFO  impl.RaftServerImpl (RaftServerImpl.java:lambda$shutdown$3(245)) - 02b93e76-e4c6-4b67-b8a4-c536d9ab7224: shutdown group-FB6BBD9681CA
2019-09-20 09:27:50,325 [ForkJoinPool.commonPool-worker-1] INFO  util.JmxRegister (JmxRegister.java:unregister(73)) - Successfully un-registered JMX Bean with object name Ratis:service=RaftServer,group=group-FB6BBD9681CA,id=02b93e76-e4c6-4b67-b8a4-c536d9ab7224
2019-09-20 09:27:50,325 [ForkJoinPool.commonPool-worker-1] INFO  impl.RoleInfo (RoleInfo.java:shutdownLeaderState(104)) - 02b93e76-e4c6-4b67-b8a4-c536d9ab7224: shutdown LeaderState
2019-09-20 09:27:50,325 [ForkJoinPool.commonPool-worker-1] INFO  impl.PendingRequests (PendingRequests.java:sendNotLeaderResponses(202)) - 02b93e76-e4c6-4b67-b8a4-c536d9ab7224-PendingRequests: sendNotLeaderResponses
2019-09-20 09:27:50,325 [ForkJoinPool.commonPool-worker-1] INFO  impl.StateMachineUpdater (StateMachineUpdater.java:stopAndJoin(115)) - StateMachineUpdater:02b93e76-e4c6-4b67-b8a4-c536d9ab7224:group-FB6BBD9681CA: set stopIndex = 0
2019-09-20 09:27:50,326 [ForkJoinPool.commonPool-worker-1] INFO  impl.RaftServerImpl (ServerState.java:close(394)) - 02b93e76-e4c6-4b67-b8a4-c536d9ab7224:group-FB6BBD9681CA closes. The last applied log index is 0
2019-09-20 09:27:50,326 [02b93e76-e4c6-4b67-b8a4-c536d9ab7224-SegmentedRaftLogWorker:Storage Directory /workdir/hadoop-ozone/integration-test/target/test-dir/MiniOzoneClusterImpl-a33d77e5-464b-4d19-8e6b-a171e580bf0e/datanode-0/data/ratis/17fba8c4-5a69-4798-8fb0-fb6bbd9681ca] INFO  segmented.SegmentedRaftLogWorker (SegmentedRaftLogWorker.java:run(313)) - 02b93e76-e4c6-4b67-b8a4-c536d9ab7224-SegmentedRaftLogWorker:Storage Directory /workdir/hadoop-ozone/integration-test/target/test-dir/MiniOzoneClusterImpl-a33d77e5-464b-4d19-8e6b-a171e580bf0e/datanode-0/data/ratis/17fba8c4-5a69-4798-8fb0-fb6bbd9681ca was interrupted, exiting. There are 0 tasks remaining in the queue.
2019-09-20 09:27:50,327 [ForkJoinPool.commonPool-worker-1] INFO  segmented.SegmentedRaftLogWorker (SegmentedRaftLogWorker.java:close(228)) - 02b93e76-e4c6-4b67-b8a4-c536d9ab7224-SegmentedRaftLogWorker:Storage Directory /workdir/hadoop-ozone/integration-test/target/test-dir/MiniOzoneClusterImpl-a33d77e5-464b-4d19-8e6b-a171e580bf0e/datanode-0/data/ratis/17fba8c4-5a69-4798-8fb0-fb6bbd9681ca close()
2019-09-20 09:27:50,327 [ForkJoinPool.commonPool-worker-1] INFO  impl.RaftServerImpl (RaftServerImpl.java:lambda$shutdown$3(245)) - 02b93e76-e4c6-4b67-b8a4-c536d9ab7224: shutdown group-75F2F82A6DCC
2019-09-20 09:27:50,327 [ForkJoinPool.commonPool-worker-1] INFO  util.JmxRegister (JmxRegister.java:unregister(73)) - Successfully un-registered JMX Bean with object name Ratis:service=RaftServer,group=group-75F2F82A6DCC,id=02b93e76-e4c6-4b67-b8a4-c536d9ab7224
2019-09-20 09:27:50,327 [ForkJoinPool.commonPool-worker-1] INFO  impl.RoleInfo (RoleInfo.java:shutdownLeaderState(104)) - 02b93e76-e4c6-4b67-b8a4-c536d9ab7224: shutdown LeaderState
2019-09-20 09:27:50,328 [ForkJoinPool.commonPool-worker-1] INFO  impl.PendingRequests (PendingRequests.java:sendNotLeaderResponses(202)) - 02b93e76-e4c6-4b67-b8a4-c536d9ab7224-PendingRequests: sendNotLeaderResponses
2019-09-20 09:27:50,328 [ForkJoinPool.commonPool-worker-1] INFO  impl.StateMachineUpdater (StateMachineUpdater.java:stopAndJoin(115)) - StateMachineUpdater:02b93e76-e4c6-4b67-b8a4-c536d9ab7224:group-75F2F82A6DCC: set stopIndex = 0
2019-09-20 09:27:50,328 [ForkJoinPool.commonPool-worker-1] INFO  impl.RaftServerImpl (ServerState.java:close(394)) - 02b93e76-e4c6-4b67-b8a4-c536d9ab7224:group-75F2F82A6DCC closes. The last applied log index is 0
2019-09-20 09:27:50,329 [02b93e76-e4c6-4b67-b8a4-c536d9ab7224-SegmentedRaftLogWorker:Storage Directory /workdir/hadoop-ozone/integration-test/target/test-dir/MiniOzoneClusterImpl-a33d77e5-464b-4d19-8e6b-a171e580bf0e/datanode-0/data/ratis/6230a021-3d67-42e8-b341-75f2f82a6dcc] INFO  segmented.SegmentedRaftLogWorker (SegmentedRaftLogWorker.java:run(313)) - 02b93e76-e4c6-4b67-b8a4-c536d9ab7224-SegmentedRaftLogWorker:Storage Directory /workdir/hadoop-ozone/integration-test/target/test-dir/MiniOzoneClusterImpl-a33d77e5-464b-4d19-8e6b-a171e580bf0e/datanode-0/data/ratis/6230a021-3d67-42e8-b341-75f2f82a6dcc was interrupted, exiting. There are 0 tasks remaining in the queue.
2019-09-20 09:27:50,329 [ForkJoinPool.commonPool-worker-1] INFO  segmented.SegmentedRaftLogWorker (SegmentedRaftLogWorker.java:close(228)) - 02b93e76-e4c6-4b67-b8a4-c536d9ab7224-SegmentedRaftLogWorker:Storage Directory /workdir/hadoop-ozone/integration-test/target/test-dir/MiniOzoneClusterImpl-a33d77e5-464b-4d19-8e6b-a171e580bf0e/datanode-0/data/ratis/6230a021-3d67-42e8-b341-75f2f82a6dcc close()
2019-09-20 09:27:50,329 [ForkJoinPool.commonPool-worker-1] INFO  impl.RaftServerImpl (RaftServerImpl.java:lambda$shutdown$3(245)) - 02b93e76-e4c6-4b67-b8a4-c536d9ab7224: shutdown group-5EE9861CE4DB
2019-09-20 09:27:50,329 [ForkJoinPool.commonPool-worker-1] INFO  util.JmxRegister (JmxRegister.java:unregister(73)) - Successfully un-registered JMX Bean with object name Ratis:service=RaftServer,group=group-5EE9861CE4DB,id=02b93e76-e4c6-4b67-b8a4-c536d9ab7224
2019-09-20 09:27:50,330 [ForkJoinPool.commonPool-worker-1] INFO  impl.RoleInfo (RoleInfo.java:shutdownLeaderState(104)) - 02b93e76-e4c6-4b67-b8a4-c536d9ab7224: shutdown LeaderState
2019-09-20 09:27:50,330 [ForkJoinPool.commonPool-worker-1] INFO  impl.PendingRequests (PendingRequests.java:sendNotLeaderResponses(202)) - 02b93e76-e4c6-4b67-b8a4-c536d9ab7224-PendingRequests: sendNotLeaderResponses
2019-09-20 09:27:50,330 [ForkJoinPool.commonPool-worker-1] INFO  impl.StateMachineUpdater (StateMachineUpdater.java:stopAndJoin(115)) - StateMachineUpdater:02b93e76-e4c6-4b67-b8a4-c536d9ab7224:group-5EE9861CE4DB: set stopIndex = 0
2019-09-20 09:27:50,331 [ForkJoinPool.commonPool-worker-1] INFO  impl.RaftServerImpl (ServerState.java:close(394)) - 02b93e76-e4c6-4b67-b8a4-c536d9ab7224:group-5EE9861CE4DB closes. The last applied log index is 0
2019-09-20 09:27:50,331 [02b93e76-e4c6-4b67-b8a4-c536d9ab7224-SegmentedRaftLogWorker:Storage Directory /workdir/hadoop-ozone/integration-test/target/test-dir/MiniOzoneClusterImpl-a33d77e5-464b-4d19-8e6b-a171e580bf0e/datanode-0/data/ratis/ca675e5f-8ae5-4873-b08d-5ee9861ce4db] INFO  segmented.SegmentedRaftLogWorker (SegmentedRaftLogWorker.java:run(313)) - 02b93e76-e4c6-4b67-b8a4-c536d9ab7224-SegmentedRaftLogWorker:Storage Directory /workdir/hadoop-ozone/integration-test/target/test-dir/MiniOzoneClusterImpl-a33d77e5-464b-4d19-8e6b-a171e580bf0e/datanode-0/data/ratis/ca675e5f-8ae5-4873-b08d-5ee9861ce4db was interrupted, exiting. There are 0 tasks remaining in the queue.
2019-09-20 09:27:50,332 [ForkJoinPool.commonPool-worker-1] INFO  segmented.SegmentedRaftLogWorker (SegmentedRaftLogWorker.java:close(228)) - 02b93e76-e4c6-4b67-b8a4-c536d9ab7224-SegmentedRaftLogWorker:Storage Directory /workdir/hadoop-ozone/integration-test/target/test-dir/MiniOzoneClusterImpl-a33d77e5-464b-4d19-8e6b-a171e580bf0e/datanode-0/data/ratis/ca675e5f-8ae5-4873-b08d-5ee9861ce4db close()
2019-09-20 09:27:50,332 [ForkJoinPool.commonPool-worker-1] INFO  impl.RaftServerImpl (RaftServerImpl.java:lambda$shutdown$3(245)) - 02b93e76-e4c6-4b67-b8a4-c536d9ab7224: shutdown group-FB8A69D9137A
2019-09-20 09:27:50,332 [ForkJoinPool.commonPool-worker-1] INFO  util.JmxRegister (JmxRegister.java:unregister(73)) - Successfully un-registered JMX Bean with object name Ratis:service=RaftServer,group=group-FB8A69D9137A,id=02b93e76-e4c6-4b67-b8a4-c536d9ab7224
2019-09-20 09:27:50,335 [ForkJoinPool.commonPool-worker-1] INFO  impl.RoleInfo (RoleInfo.java:shutdownLeaderState(104)) - 02b93e76-e4c6-4b67-b8a4-c536d9ab7224: shutdown LeaderState
2019-09-20 09:27:50,336 [main] INFO  statemachine.DatanodeStateMachine (DatanodeStateMachine.java:stopDaemon(395)) - Ozone container server stopped.
2019-09-20 09:27:50,337 [ForkJoinPool.commonPool-worker-1] INFO  impl.PendingRequests (PendingRequests.java:sendNotLeaderResponses(202)) - 02b93e76-e4c6-4b67-b8a4-c536d9ab7224-PendingRequests: sendNotLeaderResponses
2019-09-20 09:27:50,337 [ForkJoinPool.commonPool-worker-1] INFO  impl.StateMachineUpdater (StateMachineUpdater.java:stopAndJoin(115)) - StateMachineUpdater:02b93e76-e4c6-4b67-b8a4-c536d9ab7224:group-FB8A69D9137A: set stopIndex = 0
2019-09-20 09:27:50,337 [ForkJoinPool.commonPool-worker-1] INFO  impl.RaftServerImpl (ServerState.java:close(394)) - 02b93e76-e4c6-4b67-b8a4-c536d9ab7224:group-FB8A69D9137A closes. The last applied log index is 0
2019-09-20 09:27:50,338 [main] INFO  handler.ContextHandler (ContextHandler.java:doStop(910)) - Stopped o.e.j.w.WebAppContext@6dd79214{/,null,UNAVAILABLE}{/hddsDatanode}
2019-09-20 09:27:50,338 [02b93e76-e4c6-4b67-b8a4-c536d9ab7224-SegmentedRaftLogWorker:Storage Directory /workdir/hadoop-ozone/integration-test/target/test-dir/MiniOzoneClusterImpl-a33d77e5-464b-4d19-8e6b-a171e580bf0e/datanode-0/data/ratis/af003c17-77a7-4ac0-8079-fb8a69d9137a] INFO  segmented.SegmentedRaftLogWorker (SegmentedRaftLogWorker.java:run(313)) - 02b93e76-e4c6-4b67-b8a4-c536d9ab7224-SegmentedRaftLogWorker:Storage Directory /workdir/hadoop-ozone/integration-test/target/test-dir/MiniOzoneClusterImpl-a33d77e5-464b-4d19-8e6b-a171e580bf0e/datanode-0/data/ratis/af003c17-77a7-4ac0-8079-fb8a69d9137a was interrupted, exiting. There are 0 tasks remaining in the queue.
2019-09-20 09:27:50,338 [ForkJoinPool.commonPool-worker-1] INFO  segmented.SegmentedRaftLogWorker (SegmentedRaftLogWorker.java:close(228)) - 02b93e76-e4c6-4b67-b8a4-c536d9ab7224-SegmentedRaftLogWorker:Storage Directory /workdir/hadoop-ozone/integration-test/target/test-dir/MiniOzoneClusterImpl-a33d77e5-464b-4d19-8e6b-a171e580bf0e/datanode-0/data/ratis/af003c17-77a7-4ac0-8079-fb8a69d9137a close()
2019-09-20 09:27:50,339 [ForkJoinPool.commonPool-worker-1] INFO  impl.RaftServerImpl (RaftServerImpl.java:lambda$shutdown$3(245)) - 02b93e76-e4c6-4b67-b8a4-c536d9ab7224: shutdown group-92A9C52A7027
2019-09-20 09:27:50,339 [main] INFO  server.AbstractConnector (AbstractConnector.java:doStop(318)) - Stopped ServerConnector@ef86c72{HTTP/1.1,[http/1.1]}{0.0.0.0:0}
2019-09-20 09:27:50,339 [ForkJoinPool.commonPool-worker-1] INFO  util.JmxRegister (JmxRegister.java:unregister(73)) - Successfully un-registered JMX Bean with object name Ratis:service=RaftServer,group=group-92A9C52A7027,id=02b93e76-e4c6-4b67-b8a4-c536d9ab7224
2019-09-20 09:27:50,340 [main] INFO  handler.ContextHandler (ContextHandler.java:doStop(910)) - Stopped o.e.j.s.ServletContextHandler@77324a58{/static,jar:file:/home/user/.m2/repository/org/apache/hadoop/hadoop-hdds-container-service/0.5.0-SNAPSHOT/hadoop-hdds-container-service-0.5.0-SNAPSHOT.jar!/webapps/static,UNAVAILABLE}
2019-09-20 09:27:50,340 [ForkJoinPool.commonPool-worker-1] INFO  impl.RoleInfo (RoleInfo.java:shutdownLeaderState(104)) - 02b93e76-e4c6-4b67-b8a4-c536d9ab7224: shutdown LeaderState
2019-09-20 09:27:50,340 [main] INFO  handler.ContextHandler (ContextHandler.java:doStop(910)) - Stopped o.e.j.s.ServletContextHandler@5329f6b3{/logs,file:///workdir/hadoop-ozone/integration-test/target/log,UNAVAILABLE}
2019-09-20 09:27:50,340 [ForkJoinPool.commonPool-worker-1] INFO  impl.PendingRequests (PendingRequests.java:sendNotLeaderResponses(202)) - 02b93e76-e4c6-4b67-b8a4-c536d9ab7224-PendingRequests: sendNotLeaderResponses
2019-09-20 09:27:50,341 [ForkJoinPool.commonPool-worker-1] INFO  impl.StateMachineUpdater (StateMachineUpdater.java:stopAndJoin(115)) - StateMachineUpdater:02b93e76-e4c6-4b67-b8a4-c536d9ab7224:group-92A9C52A7027: set stopIndex = 0
2019-09-20 09:27:50,341 [ForkJoinPool.commonPool-worker-1] INFO  impl.RaftServerImpl (ServerState.java:close(394)) - 02b93e76-e4c6-4b67-b8a4-c536d9ab7224:group-92A9C52A7027 closes. The last applied log index is 0
2019-09-20 09:27:50,342 [02b93e76-e4c6-4b67-b8a4-c536d9ab7224-SegmentedRaftLogWorker:Storage Directory /workdir/hadoop-ozone/integration-test/target/test-dir/MiniOzoneClusterImpl-a33d77e5-464b-4d19-8e6b-a171e580bf0e/datanode-0/data/ratis/ec38d59e-03fd-45de-9201-92a9c52a7027] INFO  segmented.SegmentedRaftLogWorker (SegmentedRaftLogWorker.java:run(313)) - 02b93e76-e4c6-4b67-b8a4-c536d9ab7224-SegmentedRaftLogWorker:Storage Directory /workdir/hadoop-ozone/integration-test/target/test-dir/MiniOzoneClusterImpl-a33d77e5-464b-4d19-8e6b-a171e580bf0e/datanode-0/data/ratis/ec38d59e-03fd-45de-9201-92a9c52a7027 was interrupted, exiting. There are 0 tasks remaining in the queue.
2019-09-20 09:27:50,342 [ForkJoinPool.commonPool-worker-1] INFO  segmented.SegmentedRaftLogWorker (SegmentedRaftLogWorker.java:close(228)) - 02b93e76-e4c6-4b67-b8a4-c536d9ab7224-SegmentedRaftLogWorker:Storage Directory /workdir/hadoop-ozone/integration-test/target/test-dir/MiniOzoneClusterImpl-a33d77e5-464b-4d19-8e6b-a171e580bf0e/datanode-0/data/ratis/ec38d59e-03fd-45de-9201-92a9c52a7027 close()
2019-09-20 09:27:50,342 [ForkJoinPool.commonPool-worker-1] INFO  impl.RaftServerImpl (RaftServerImpl.java:lambda$shutdown$3(245)) - 02b93e76-e4c6-4b67-b8a4-c536d9ab7224: shutdown group-905D20785107
2019-09-20 09:27:50,343 [ForkJoinPool.commonPool-worker-1] INFO  util.JmxRegister (JmxRegister.java:unregister(73)) - Successfully un-registered JMX Bean with object name Ratis:service=RaftServer,group=group-905D20785107,id=02b93e76-e4c6-4b67-b8a4-c536d9ab7224
2019-09-20 09:27:50,343 [ForkJoinPool.commonPool-worker-1] INFO  impl.RoleInfo (RoleInfo.java:shutdownLeaderState(104)) - 02b93e76-e4c6-4b67-b8a4-c536d9ab7224: shutdown LeaderState
2019-09-20 09:27:50,343 [ForkJoinPool.commonPool-worker-1] INFO  impl.PendingRequests (PendingRequests.java:sendNotLeaderResponses(202)) - 02b93e76-e4c6-4b67-b8a4-c536d9ab7224-PendingRequests: sendNotLeaderResponses
2019-09-20 09:27:50,343 [ForkJoinPool.commonPool-worker-1] INFO  impl.StateMachineUpdater (StateMachineUpdater.java:stopAndJoin(115)) - StateMachineUpdater:02b93e76-e4c6-4b67-b8a4-c536d9ab7224:group-905D20785107: set stopIndex = 0
2019-09-20 09:27:50,344 [ForkJoinPool.commonPool-worker-1] INFO  impl.RaftServerImpl (ServerState.java:close(394)) - 02b93e76-e4c6-4b67-b8a4-c536d9ab7224:group-905D20785107 closes. The last applied log index is 0
2019-09-20 09:27:50,344 [02b93e76-e4c6-4b67-b8a4-c536d9ab7224-SegmentedRaftLogWorker:Storage Directory /workdir/hadoop-ozone/integration-test/target/test-dir/MiniOzoneClusterImpl-a33d77e5-464b-4d19-8e6b-a171e580bf0e/datanode-0/data/ratis/b7abb081-0378-4ea1-b5ff-905d20785107] INFO  segmented.SegmentedRaftLogWorker (SegmentedRaftLogWorker.java:run(313)) - 02b93e76-e4c6-4b67-b8a4-c536d9ab7224-SegmentedRaftLogWorker:Storage Directory /workdir/hadoop-ozone/integration-test/target/test-dir/MiniOzoneClusterImpl-a33d77e5-464b-4d19-8e6b-a171e580bf0e/datanode-0/data/ratis/b7abb081-0378-4ea1-b5ff-905d20785107 was interrupted, exiting. There are 0 tasks remaining in the queue.
2019-09-20 09:27:50,344 [ForkJoinPool.commonPool-worker-1] INFO  segmented.SegmentedRaftLogWorker (SegmentedRaftLogWorker.java:close(228)) - 02b93e76-e4c6-4b67-b8a4-c536d9ab7224-SegmentedRaftLogWorker:Storage Directory /workdir/hadoop-ozone/integration-test/target/test-dir/MiniOzoneClusterImpl-a33d77e5-464b-4d19-8e6b-a171e580bf0e/datanode-0/data/ratis/b7abb081-0378-4ea1-b5ff-905d20785107 close()
2019-09-20 09:27:50,345 [ForkJoinPool.commonPool-worker-1] INFO  impl.RaftServerImpl (RaftServerImpl.java:lambda$shutdown$3(245)) - 02b93e76-e4c6-4b67-b8a4-c536d9ab7224: shutdown group-4ABE2EBFF4F2
2019-09-20 09:27:50,345 [ForkJoinPool.commonPool-worker-1] INFO  util.JmxRegister (JmxRegister.java:unregister(73)) - Successfully un-registered JMX Bean with object name Ratis:service=RaftServer,group=group-4ABE2EBFF4F2,id=02b93e76-e4c6-4b67-b8a4-c536d9ab7224
2019-09-20 09:27:50,345 [ForkJoinPool.commonPool-worker-1] INFO  impl.RoleInfo (RoleInfo.java:shutdownLeaderState(104)) - 02b93e76-e4c6-4b67-b8a4-c536d9ab7224: shutdown LeaderState
2019-09-20 09:27:50,345 [ForkJoinPool.commonPool-worker-1] INFO  impl.PendingRequests (PendingRequests.java:sendNotLeaderResponses(202)) - 02b93e76-e4c6-4b67-b8a4-c536d9ab7224-PendingRequests: sendNotLeaderResponses
2019-09-20 09:27:50,346 [ForkJoinPool.commonPool-worker-1] INFO  impl.StateMachineUpdater (StateMachineUpdater.java:stopAndJoin(115)) - StateMachineUpdater:02b93e76-e4c6-4b67-b8a4-c536d9ab7224:group-4ABE2EBFF4F2: set stopIndex = 0
2019-09-20 09:27:50,346 [ForkJoinPool.commonPool-worker-1] INFO  impl.RaftServerImpl (ServerState.java:close(394)) - 02b93e76-e4c6-4b67-b8a4-c536d9ab7224:group-4ABE2EBFF4F2 closes. The last applied log index is 0
2019-09-20 09:27:50,346 [02b93e76-e4c6-4b67-b8a4-c536d9ab7224-SegmentedRaftLogWorker:Storage Directory /workdir/hadoop-ozone/integration-test/target/test-dir/MiniOzoneClusterImpl-a33d77e5-464b-4d19-8e6b-a171e580bf0e/datanode-0/data/ratis/39713c70-e461-4e01-8ba4-4abe2ebff4f2] INFO  segmented.SegmentedRaftLogWorker (SegmentedRaftLogWorker.java:run(313)) - 02b93e76-e4c6-4b67-b8a4-c536d9ab7224-SegmentedRaftLogWorker:Storage Directory /workdir/hadoop-ozone/integration-test/target/test-dir/MiniOzoneClusterImpl-a33d77e5-464b-4d19-8e6b-a171e580bf0e/datanode-0/data/ratis/39713c70-e461-4e01-8ba4-4abe2ebff4f2 was interrupted, exiting. There are 0 tasks remaining in the queue.
2019-09-20 09:27:50,347 [ForkJoinPool.commonPool-worker-1] INFO  segmented.SegmentedRaftLogWorker (SegmentedRaftLogWorker.java:close(228)) - 02b93e76-e4c6-4b67-b8a4-c536d9ab7224-SegmentedRaftLogWorker:Storage Directory /workdir/hadoop-ozone/integration-test/target/test-dir/MiniOzoneClusterImpl-a33d77e5-464b-4d19-8e6b-a171e580bf0e/datanode-0/data/ratis/39713c70-e461-4e01-8ba4-4abe2ebff4f2 close()
2019-09-20 09:27:50,347 [ForkJoinPool.commonPool-worker-1] INFO  impl.RaftServerImpl (RaftServerImpl.java:lambda$shutdown$3(245)) - 02b93e76-e4c6-4b67-b8a4-c536d9ab7224: shutdown group-791F2CCB98AA
2019-09-20 09:27:50,347 [ForkJoinPool.commonPool-worker-1] INFO  util.JmxRegister (JmxRegister.java:unregister(73)) - Successfully un-registered JMX Bean with object name Ratis:service=RaftServer,group=group-791F2CCB98AA,id=02b93e76-e4c6-4b67-b8a4-c536d9ab7224
2019-09-20 09:27:50,347 [ForkJoinPool.commonPool-worker-1] INFO  impl.RoleInfo (RoleInfo.java:shutdownFollowerState(121)) - 02b93e76-e4c6-4b67-b8a4-c536d9ab7224: shutdown FollowerState
2019-09-20 09:27:50,348 [ForkJoinPool.commonPool-worker-1] INFO  impl.StateMachineUpdater (StateMachineUpdater.java:stopAndJoin(115)) - StateMachineUpdater:02b93e76-e4c6-4b67-b8a4-c536d9ab7224:group-791F2CCB98AA: set stopIndex = -1
2019-09-20 09:27:50,348 [ForkJoinPool.commonPool-worker-1] INFO  impl.RaftServerImpl (ServerState.java:close(394)) - 02b93e76-e4c6-4b67-b8a4-c536d9ab7224:group-791F2CCB98AA closes. The last applied log index is -1
2019-09-20 09:27:50,348 [Thread-1186] INFO  impl.FollowerState (FollowerState.java:run(114)) - 02b93e76-e4c6-4b67-b8a4-c536d9ab7224: FollowerState was interrupted: java.lang.InterruptedException: sleep interrupted
2019-09-20 09:27:50,348 [02b93e76-e4c6-4b67-b8a4-c536d9ab7224-SegmentedRaftLogWorker:Storage Directory /workdir/hadoop-ozone/integration-test/target/test-dir/MiniOzoneClusterImpl-a33d77e5-464b-4d19-8e6b-a171e580bf0e/datanode-0/data/ratis/3974e938-29d0-4d8c-b998-791f2ccb98aa] INFO  segmented.SegmentedRaftLogWorker (SegmentedRaftLogWorker.java:run(313)) - 02b93e76-e4c6-4b67-b8a4-c536d9ab7224-SegmentedRaftLogWorker:Storage Directory /workdir/hadoop-ozone/integration-test/target/test-dir/MiniOzoneClusterImpl-a33d77e5-464b-4d19-8e6b-a171e580bf0e/datanode-0/data/ratis/3974e938-29d0-4d8c-b998-791f2ccb98aa was interrupted, exiting. There are 0 tasks remaining in the queue.
2019-09-20 09:27:50,349 [ForkJoinPool.commonPool-worker-1] INFO  segmented.SegmentedRaftLogWorker (SegmentedRaftLogWorker.java:close(228)) - 02b93e76-e4c6-4b67-b8a4-c536d9ab7224-SegmentedRaftLogWorker:Storage Directory /workdir/hadoop-ozone/integration-test/target/test-dir/MiniOzoneClusterImpl-a33d77e5-464b-4d19-8e6b-a171e580bf0e/datanode-0/data/ratis/3974e938-29d0-4d8c-b998-791f2ccb98aa close()
2019-09-20 09:27:50,349 [ForkJoinPool.commonPool-worker-1] INFO  impl.RaftServerImpl (RaftServerImpl.java:lambda$shutdown$3(245)) - 02b93e76-e4c6-4b67-b8a4-c536d9ab7224: shutdown group-4B5E8063C4A4
2019-09-20 09:27:50,349 [ForkJoinPool.commonPool-worker-1] INFO  util.JmxRegister (JmxRegister.java:unregister(73)) - Successfully un-registered JMX Bean with object name Ratis:service=RaftServer,group=group-4B5E8063C4A4,id=02b93e76-e4c6-4b67-b8a4-c536d9ab7224
2019-09-20 09:27:50,349 [ForkJoinPool.commonPool-worker-1] INFO  impl.RoleInfo (RoleInfo.java:shutdownLeaderState(104)) - 02b93e76-e4c6-4b67-b8a4-c536d9ab7224: shutdown LeaderState
2019-09-20 09:27:50,350 [ForkJoinPool.commonPool-worker-1] INFO  impl.PendingRequests (PendingRequests.java:sendNotLeaderResponses(202)) - 02b93e76-e4c6-4b67-b8a4-c536d9ab7224-PendingRequests: sendNotLeaderResponses
2019-09-20 09:27:50,350 [ForkJoinPool.commonPool-worker-1] INFO  impl.StateMachineUpdater (StateMachineUpdater.java:stopAndJoin(115)) - StateMachineUpdater:02b93e76-e4c6-4b67-b8a4-c536d9ab7224:group-4B5E8063C4A4: set stopIndex = 0
2019-09-20 09:27:50,350 [ForkJoinPool.commonPool-worker-1] INFO  impl.RaftServerImpl (ServerState.java:close(394)) - 02b93e76-e4c6-4b67-b8a4-c536d9ab7224:group-4B5E8063C4A4 closes. The last applied log index is 0
2019-09-20 09:27:50,351 [02b93e76-e4c6-4b67-b8a4-c536d9ab7224-SegmentedRaftLogWorker:Storage Directory /workdir/hadoop-ozone/integration-test/target/test-dir/MiniOzoneClusterImpl-a33d77e5-464b-4d19-8e6b-a171e580bf0e/datanode-0/data/ratis/f927e073-3382-4983-9131-4b5e8063c4a4] INFO  segmented.SegmentedRaftLogWorker (SegmentedRaftLogWorker.java:run(313)) - 02b93e76-e4c6-4b67-b8a4-c536d9ab7224-SegmentedRaftLogWorker:Storage Directory /workdir/hadoop-ozone/integration-test/target/test-dir/MiniOzoneClusterImpl-a33d77e5-464b-4d19-8e6b-a171e580bf0e/datanode-0/data/ratis/f927e073-3382-4983-9131-4b5e8063c4a4 was interrupted, exiting. There are 0 tasks remaining in the queue.
2019-09-20 09:27:50,351 [ForkJoinPool.commonPool-worker-1] INFO  segmented.SegmentedRaftLogWorker (SegmentedRaftLogWorker.java:close(228)) - 02b93e76-e4c6-4b67-b8a4-c536d9ab7224-SegmentedRaftLogWorker:Storage Directory /workdir/hadoop-ozone/integration-test/target/test-dir/MiniOzoneClusterImpl-a33d77e5-464b-4d19-8e6b-a171e580bf0e/datanode-0/data/ratis/f927e073-3382-4983-9131-4b5e8063c4a4 close()
2019-09-20 09:27:50,351 [ForkJoinPool.commonPool-worker-1] INFO  impl.RaftServerImpl (RaftServerImpl.java:lambda$shutdown$3(245)) - 02b93e76-e4c6-4b67-b8a4-c536d9ab7224: shutdown group-439FF9D4C390
2019-09-20 09:27:50,351 [ForkJoinPool.commonPool-worker-1] INFO  util.JmxRegister (JmxRegister.java:unregister(73)) - Successfully un-registered JMX Bean with object name Ratis:service=RaftServer,group=group-439FF9D4C390,id=02b93e76-e4c6-4b67-b8a4-c536d9ab7224
2019-09-20 09:27:50,352 [ForkJoinPool.commonPool-worker-1] INFO  impl.RoleInfo (RoleInfo.java:shutdownLeaderState(104)) - 02b93e76-e4c6-4b67-b8a4-c536d9ab7224: shutdown LeaderState
2019-09-20 09:27:50,352 [ForkJoinPool.commonPool-worker-1] INFO  impl.PendingRequests (PendingRequests.java:sendNotLeaderResponses(202)) - 02b93e76-e4c6-4b67-b8a4-c536d9ab7224-PendingRequests: sendNotLeaderResponses
2019-09-20 09:27:50,352 [ForkJoinPool.commonPool-worker-1] INFO  impl.StateMachineUpdater (StateMachineUpdater.java:stopAndJoin(115)) - StateMachineUpdater:02b93e76-e4c6-4b67-b8a4-c536d9ab7224:group-439FF9D4C390: set stopIndex = 0
2019-09-20 09:27:50,352 [ForkJoinPool.commonPool-worker-1] INFO  impl.RaftServerImpl (ServerState.java:close(394)) - 02b93e76-e4c6-4b67-b8a4-c536d9ab7224:group-439FF9D4C390 closes. The last applied log index is 0
2019-09-20 09:27:50,353 [02b93e76-e4c6-4b67-b8a4-c536d9ab7224-SegmentedRaftLogWorker:Storage Directory /workdir/hadoop-ozone/integration-test/target/test-dir/MiniOzoneClusterImpl-a33d77e5-464b-4d19-8e6b-a171e580bf0e/datanode-0/data/ratis/0a0efefe-758f-4a85-a29e-439ff9d4c390] INFO  segmented.SegmentedRaftLogWorker (SegmentedRaftLogWorker.java:run(313)) - 02b93e76-e4c6-4b67-b8a4-c536d9ab7224-SegmentedRaftLogWorker:Storage Directory /workdir/hadoop-ozone/integration-test/target/test-dir/MiniOzoneClusterImpl-a33d77e5-464b-4d19-8e6b-a171e580bf0e/datanode-0/data/ratis/0a0efefe-758f-4a85-a29e-439ff9d4c390 was interrupted, exiting. There are 0 tasks remaining in the queue.
2019-09-20 09:27:50,353 [ForkJoinPool.commonPool-worker-1] INFO  segmented.SegmentedRaftLogWorker (SegmentedRaftLogWorker.java:close(228)) - 02b93e76-e4c6-4b67-b8a4-c536d9ab7224-SegmentedRaftLogWorker:Storage Directory /workdir/hadoop-ozone/integration-test/target/test-dir/MiniOzoneClusterImpl-a33d77e5-464b-4d19-8e6b-a171e580bf0e/datanode-0/data/ratis/0a0efefe-758f-4a85-a29e-439ff9d4c390 close()
2019-09-20 09:27:50,353 [ForkJoinPool.commonPool-worker-1] INFO  server.GrpcService (GrpcService.java:closeImpl(155)) - 02b93e76-e4c6-4b67-b8a4-c536d9ab7224: shutdown server with port 39343 now
2019-09-20 09:27:50,354 [ForkJoinPool.commonPool-worker-1] INFO  server.GrpcService (GrpcService.java:closeImpl(163)) - 02b93e76-e4c6-4b67-b8a4-c536d9ab7224: shutdown server with port 39343 successfully
2019-09-20 09:27:50,365 [ForkJoinPool.commonPool-worker-1] INFO  utils.BackgroundService (BackgroundService.java:shutdown(148)) - Shutting down service BlockDeletingService
2019-09-20 09:27:50,366 [refreshUsed-/workdir/hadoop-ozone/integration-test/target/test-dir/MiniOzoneClusterImpl-a33d77e5-464b-4d19-8e6b-a171e580bf0e/datanode-0/data/containers] WARN  fs.CachingGetSpaceUsed (CachingGetSpaceUsed.java:run(183)) - Thread Interrupted waiting to refresh disk information: sleep interrupted
2019-09-20 09:27:50,380 [ForkJoinPool.commonPool-worker-1] INFO  statemachine.DatanodeStateMachine (DatanodeStateMachine.java:stopDaemon(395)) - Ozone container server stopped.
2019-09-20 09:27:50,383 [ForkJoinPool.commonPool-worker-1] INFO  handler.ContextHandler (ContextHandler.java:doStop(910)) - Stopped o.e.j.w.WebAppContext@4f89331f{/,null,UNAVAILABLE}{/hddsDatanode}
2019-09-20 09:27:50,383 [ForkJoinPool.commonPool-worker-1] INFO  server.AbstractConnector (AbstractConnector.java:doStop(318)) - Stopped ServerConnector@618ff5c2{HTTP/1.1,[http/1.1]}{0.0.0.0:0}
2019-09-20 09:27:50,384 [ForkJoinPool.commonPool-worker-1] INFO  handler.ContextHandler (ContextHandler.java:doStop(910)) - Stopped o.e.j.s.ServletContextHandler@58f39564{/static,jar:file:/home/user/.m2/repository/org/apache/hadoop/hadoop-hdds-container-service/0.5.0-SNAPSHOT/hadoop-hdds-container-service-0.5.0-SNAPSHOT.jar!/webapps/static,UNAVAILABLE}
2019-09-20 09:27:50,385 [ForkJoinPool.commonPool-worker-1] INFO  handler.ContextHandler (ContextHandler.java:doStop(910)) - Stopped o.e.j.s.ServletContextHandler@3f0d6038{/logs,file:///workdir/hadoop-ozone/integration-test/target/log,UNAVAILABLE}
2019-09-20 09:27:50,386 [main] INFO  ozone.MiniOzoneClusterImpl (MiniOzoneClusterImpl.java:stop(353)) - Stopping the StorageContainerManager
2019-09-20 09:27:50,386 [main] INFO  server.StorageContainerManager (StorageContainerManager.java:stop(797)) - Stopping Replication Manager Service.
2019-09-20 09:27:50,386 [main] INFO  container.ReplicationManager (ReplicationManager.java:stop(192)) - Stopping Replication Monitor Thread.
2019-09-20 09:27:50,386 [main] INFO  server.StorageContainerManager (StorageContainerManager.java:stop(804)) - Stopping Lease Manager of the command watchers
2019-09-20 09:27:50,387 [main] INFO  server.StorageContainerManager (StorageContainerManager.java:stop(811)) - Stopping datanode service RPC server
2019-09-20 09:27:50,387 [main] INFO  server.SCMDatanodeProtocolServer (SCMDatanodeProtocolServer.java:stop(367)) - Stopping the RPC server for DataNodes
2019-09-20 09:27:50,387 [main] INFO  ipc.Server (Server.java:stop(3082)) - Stopping server on 36356
2019-09-20 09:27:50,389 [IPC Server listener on 36356] INFO  ipc.Server (Server.java:run(1185)) - Stopping IPC Server listener on 36356
2019-09-20 09:27:50,389 [IPC Server Responder] INFO  ipc.Server (Server.java:run(1319)) - Stopping IPC Server Responder
2019-09-20 09:27:50,739 [SCM Heartbeat Processing Thread - 0] WARN  node.NodeStateManager (NodeStateManager.java:scheduleNextHealthCheck(655)) - Current Thread is interrupted, shutting down HB processing thread for Node Manager.
2019-09-20 09:27:50,740 [main] INFO  server.StorageContainerManager (StorageContainerManager.java:stop(819)) - Stopping block service RPC server
2019-09-20 09:27:50,740 [main] INFO  server.SCMBlockProtocolServer (SCMBlockProtocolServer.java:stop(148)) - Stopping the RPC server for Block Protocol
2019-09-20 09:27:50,740 [main] INFO  ipc.Server (Server.java:stop(3082)) - Stopping server on 38682
2019-09-20 09:27:50,742 [IPC Server listener on 38682] INFO  ipc.Server (Server.java:run(1185)) - Stopping IPC Server listener on 38682
2019-09-20 09:27:50,743 [main] INFO  server.StorageContainerManager (StorageContainerManager.java:stop(826)) - Stopping the StorageContainerLocationProtocol RPC server
2019-09-20 09:27:50,743 [main] INFO  server.SCMClientProtocolServer (SCMClientProtocolServer.java:stop(159)) - Stopping the RPC server for Client Protocol
2019-09-20 09:27:50,743 [IPC Server Responder] INFO  ipc.Server (Server.java:run(1319)) - Stopping IPC Server Responder
2019-09-20 09:27:50,743 [main] INFO  ipc.Server (Server.java:stop(3082)) - Stopping server on 40006
2019-09-20 09:27:50,746 [IPC Server listener on 40006] INFO  ipc.Server (Server.java:run(1185)) - Stopping IPC Server listener on 40006
2019-09-20 09:27:50,746 [main] INFO  server.StorageContainerManager (StorageContainerManager.java:stop(833)) - Stopping Storage Container Manager HTTP server.
2019-09-20 09:27:50,747 [IPC Server Responder] INFO  ipc.Server (Server.java:run(1319)) - Stopping IPC Server Responder
2019-09-20 09:27:50,747 [main] INFO  handler.ContextHandler (ContextHandler.java:doStop(910)) - Stopped o.e.j.w.WebAppContext@51768776{/,null,UNAVAILABLE}{/scm}
2019-09-20 09:27:50,748 [main] INFO  server.AbstractConnector (AbstractConnector.java:doStop(318)) - Stopped ServerConnector@30b34287{HTTP/1.1,[http/1.1]}{0.0.0.0:0}
2019-09-20 09:27:50,748 [main] INFO  handler.ContextHandler (ContextHandler.java:doStop(910)) - Stopped o.e.j.s.ServletContextHandler@2371aaca{/static,file:///workdir/hadoop-ozone/integration-test/target/test-classes/webapps/static,UNAVAILABLE}
2019-09-20 09:27:50,749 [main] INFO  handler.ContextHandler (ContextHandler.java:doStop(910)) - Stopped o.e.j.s.ServletContextHandler@1755e85b{/logs,file:///workdir/hadoop-ozone/integration-test/target/log,UNAVAILABLE}
2019-09-20 09:27:50,750 [main] INFO  server.StorageContainerManager (StorageContainerManager.java:stop(844)) - Stopping Block Manager Service.
2019-09-20 09:27:50,750 [main] INFO  utils.BackgroundService (BackgroundService.java:shutdown(148)) - Shutting down service SCMBlockDeletingService
2019-09-20 09:27:50,750 [main] INFO  utils.BackgroundService (BackgroundService.java:shutdown(148)) - Shutting down service SCMBlockDeletingService
2019-09-20 09:27:50,751 [main] INFO  server.StorageContainerManager (StorageContainerManager.java:stop(866)) - Stopping SCM Event Queue.
2019-09-20 09:27:50,759 [main] INFO  impl.MetricsSystemImpl (MetricsSystemImpl.java:stop(210)) - Stopping HddsDatanode metrics system...
2019-09-20 09:27:50,774 [main] INFO  impl.MetricsSystemImpl (MetricsSystemImpl.java:stop(216)) - HddsDatanode metrics system stopped.
]]></system-out>
    <system-err><![CDATA[Sep 20, 2019 9:26:45 AM com.sun.jersey.server.impl.application.WebApplicationImpl _initiate
INFO: Initiating Jersey application, version 'Jersey: 1.19 02/11/2015 03:25 AM'
Sep 20, 2019 9:26:46 AM com.sun.jersey.server.impl.application.WebApplicationImpl _initiate
INFO: Initiating Jersey application, version 'Jersey: 1.19 02/11/2015 03:25 AM'
Sep 20, 2019 9:26:46 AM com.sun.jersey.server.impl.application.WebApplicationImpl _initiate
INFO: Initiating Jersey application, version 'Jersey: 1.19 02/11/2015 03:25 AM'
Sep 20, 2019 9:26:46 AM com.sun.jersey.server.impl.application.WebApplicationImpl _initiate
INFO: Initiating Jersey application, version 'Jersey: 1.19 02/11/2015 03:25 AM'
Sep 20, 2019 9:26:47 AM com.sun.jersey.server.impl.application.WebApplicationImpl _initiate
INFO: Initiating Jersey application, version 'Jersey: 1.19 02/11/2015 03:25 AM'
Sep 20, 2019 9:26:47 AM com.sun.jersey.server.impl.application.WebApplicationImpl _initiate
INFO: Initiating Jersey application, version 'Jersey: 1.19 02/11/2015 03:25 AM'
]]></system-err>
  </testcase>
</testsuite>