<?xml version="1.0" encoding="UTF-8"?>
<testsuite xmlns:xsi="http://www.w3.org/2001/XMLSchema-instance" xsi:noNamespaceSchemaLocation="https://maven.apache.org/surefire/maven-surefire-plugin/xsd/surefire-test-report.xsd" name="org.apache.hadoop.ozone.freon.TestRandomKeyGenerator" time="121.524" tests="5" errors="1" skipped="0" failures="0">
  <properties>
    <property name="awt.toolkit" value="sun.awt.X11.XToolkit"/>
    <property name="file.encoding.pkg" value="sun.io"/>
    <property name="java.specification.version" value="1.8"/>
    <property name="sun.cpu.isalist" value=""/>
    <property name="sun.jnu.encoding" value="UTF-8"/>
    <property name="java.class.path" value="/tmp/workdir/hadoop-ozone/tools/target/test-classes:/tmp/workdir/hadoop-ozone/tools/target/classes:/tmp/workdir/hadoop-ozone/ozone-manager/target/classes:/tmp/workdir/hadoop-hdds/docs/target/classes:/home/user/.m2/repository/org/bouncycastle/bcprov-jdk15on/1.60/bcprov-jdk15on-1.60.jar:/tmp/workdir/hadoop-ozone/common/target/classes:/home/user/.m2/repository/org/apache/commons/commons-compress/1.4.1/commons-compress-1.4.1.jar:/home/user/.m2/repository/org/tukaani/xz/1.0/xz-1.0.jar:/home/user/.m2/repository/org/apache/hadoop/hadoop-hdfs-client/3.2.0/hadoop-hdfs-client-3.2.0.jar:/home/user/.m2/repository/com/fasterxml/jackson/core/jackson-annotations/2.9.5/jackson-annotations-2.9.5.jar:/tmp/workdir/hadoop-hdds/common/target/classes:/tmp/workdir/hadoop-hdds/config/target/classes:/home/user/.m2/repository/javax/annotation/javax.annotation-api/1.2/javax.annotation-api-1.2.jar:/home/user/.m2/repository/org/apache/ratis/ratis-server/0.4.0-2337318-SNAPSHOT/ratis-server-0.4.0-2337318-SNAPSHOT.jar:/home/user/.m2/repository/org/apache/ratis/ratis-thirdparty-misc/0.2.0/ratis-thirdparty-misc-0.2.0.jar:/home/user/.m2/repository/org/apache/ratis/ratis-proto/0.4.0-2337318-SNAPSHOT/ratis-proto-0.4.0-2337318-SNAPSHOT.jar:/home/user/.m2/repository/org/apache/ratis/ratis-common/0.4.0-2337318-SNAPSHOT/ratis-common-0.4.0-2337318-SNAPSHOT.jar:/home/user/.m2/repository/org/apache/ratis/ratis-client/0.4.0-2337318-SNAPSHOT/ratis-client-0.4.0-2337318-SNAPSHOT.jar:/home/user/.m2/repository/org/apache/ratis/ratis-metrics/0.4.0-2337318-SNAPSHOT/ratis-metrics-0.4.0-2337318-SNAPSHOT.jar:/home/user/.m2/repository/org/apache/ratis/ratis-netty/0.4.0-2337318-SNAPSHOT/ratis-netty-0.4.0-2337318-SNAPSHOT.jar:/home/user/.m2/repository/org/apache/ratis/ratis-grpc/0.4.0-2337318-SNAPSHOT/ratis-grpc-0.4.0-2337318-SNAPSHOT.jar:/home/user/.m2/repository/org/rocksdb/rocksdbjni/6.0.1/rocksdbjni-6.0.1.jar:/home/user/.m2/repository/org/apache/logging/log4j/log4j-api/2.11.0/log4j-api-2.11.0.jar:/home/user/.m2/repository/org/apache/logging/log4j/log4j-core/2.11.0/log4j-core-2.11.0.jar:/home/user/.m2/repository/com/lmax/disruptor/3.4.2/disruptor-3.4.2.jar:/home/user/.m2/repository/org/apache/commons/commons-pool2/2.6.0/commons-pool2-2.6.0.jar:/home/user/.m2/repository/org/bouncycastle/bcpkix-jdk15on/1.60/bcpkix-jdk15on-1.60.jar:/home/user/.m2/repository/commons-validator/commons-validator/1.6/commons-validator-1.6.jar:/home/user/.m2/repository/commons-digester/commons-digester/1.8.1/commons-digester-1.8.1.jar:/home/user/.m2/repository/io/jaegertracing/jaeger-client/0.33.1/jaeger-client-0.33.1.jar:/home/user/.m2/repository/io/jaegertracing/jaeger-thrift/0.33.1/jaeger-thrift-0.33.1.jar:/home/user/.m2/repository/org/apache/thrift/libthrift/0.11.0/libthrift-0.11.0.jar:/home/user/.m2/repository/com/squareup/okhttp3/okhttp/3.9.0/okhttp-3.9.0.jar:/home/user/.m2/repository/com/squareup/okio/okio/1.13.0/okio-1.13.0.jar:/home/user/.m2/repository/io/jaegertracing/jaeger-core/0.33.1/jaeger-core-0.33.1.jar:/home/user/.m2/repository/io/jaegertracing/jaeger-tracerresolver/0.33.1/jaeger-tracerresolver-0.33.1.jar:/home/user/.m2/repository/io/opentracing/contrib/opentracing-tracerresolver/0.1.5/opentracing-tracerresolver-0.1.5.jar:/home/user/.m2/repository/io/opentracing/opentracing-util/0.31.0/opentracing-util-0.31.0.jar:/home/user/.m2/repository/io/opentracing/opentracing-api/0.31.0/opentracing-api-0.31.0.jar:/home/user/.m2/repository/io/opentracing/opentracing-noop/0.31.0/opentracing-noop-0.31.0.jar:/home/user/.m2/repository/org/yaml/snakeyaml/1.16/snakeyaml-1.16.jar:/tmp/workdir/hadoop-hdds/container-service/target/classes:/tmp/workdir/hadoop-hdds/client/target/classes:/tmp/workdir/hadoop-hdds/tools/target/classes:/home/user/.m2/repository/org/xerial/sqlite-jdbc/3.25.2/sqlite-jdbc-3.25.2.jar:/tmp/workdir/hadoop-hdds/server-scm/target/classes:/home/user/.m2/repository/org/hamcrest/hamcrest-all/1.3/hamcrest-all-1.3.jar:/home/user/.m2/repository/info/picocli/picocli/3.9.6/picocli-3.9.6.jar:/home/user/.m2/repository/com/google/protobuf/protobuf-java/2.5.0/protobuf-java-2.5.0.jar:/home/user/.m2/repository/com/google/guava/guava/11.0.2/guava-11.0.2.jar:/tmp/workdir/hadoop-ozone/client/target/classes:/home/user/.m2/repository/org/apache/hadoop/hadoop-ozone-filesystem/0.5.0-SNAPSHOT/hadoop-ozone-filesystem-0.5.0-SNAPSHOT.jar:/tmp/workdir/hadoop-hdds/framework/target/classes:/home/user/.m2/repository/org/apache/hadoop/hadoop-common/3.2.0/hadoop-common-3.2.0.jar:/home/user/.m2/repository/org/apache/hadoop/hadoop-annotations/3.2.0/hadoop-annotations-3.2.0.jar:/usr/lib/jvm/java-1.8-openjdk/jre/../lib/tools.jar:/home/user/.m2/repository/commons-cli/commons-cli/1.2/commons-cli-1.2.jar:/home/user/.m2/repository/org/apache/commons/commons-math3/3.1.1/commons-math3-3.1.1.jar:/home/user/.m2/repository/org/apache/httpcomponents/httpclient/4.5.2/httpclient-4.5.2.jar:/home/user/.m2/repository/org/apache/httpcomponents/httpcore/4.4.4/httpcore-4.4.4.jar:/home/user/.m2/repository/commons-codec/commons-codec/1.11/commons-codec-1.11.jar:/home/user/.m2/repository/commons-io/commons-io/2.5/commons-io-2.5.jar:/home/user/.m2/repository/commons-net/commons-net/3.6/commons-net-3.6.jar:/home/user/.m2/repository/commons-collections/commons-collections/3.2.2/commons-collections-3.2.2.jar:/home/user/.m2/repository/javax/servlet/javax.servlet-api/3.1.0/javax.servlet-api-3.1.0.jar:/home/user/.m2/repository/org/eclipse/jetty/jetty-server/9.3.24.v20180605/jetty-server-9.3.24.v20180605.jar:/home/user/.m2/repository/org/eclipse/jetty/jetty-http/9.3.24.v20180605/jetty-http-9.3.24.v20180605.jar:/home/user/.m2/repository/org/eclipse/jetty/jetty-io/9.3.24.v20180605/jetty-io-9.3.24.v20180605.jar:/home/user/.m2/repository/org/eclipse/jetty/jetty-util/9.3.24.v20180605/jetty-util-9.3.24.v20180605.jar:/home/user/.m2/repository/org/eclipse/jetty/jetty-servlet/9.3.24.v20180605/jetty-servlet-9.3.24.v20180605.jar:/home/user/.m2/repository/org/eclipse/jetty/jetty-security/9.3.24.v20180605/jetty-security-9.3.24.v20180605.jar:/home/user/.m2/repository/org/eclipse/jetty/jetty-webapp/9.3.24.v20180605/jetty-webapp-9.3.24.v20180605.jar:/home/user/.m2/repository/org/eclipse/jetty/jetty-xml/9.3.24.v20180605/jetty-xml-9.3.24.v20180605.jar:/home/user/.m2/repository/javax/servlet/jsp/jsp-api/2.1/jsp-api-2.1.jar:/home/user/.m2/repository/com/sun/jersey/jersey-core/1.19/jersey-core-1.19.jar:/home/user/.m2/repository/javax/ws/rs/jsr311-api/1.1.1/jsr311-api-1.1.1.jar:/home/user/.m2/repository/com/sun/jersey/jersey-servlet/1.19/jersey-servlet-1.19.jar:/home/user/.m2/repository/com/sun/jersey/jersey-json/1.19/jersey-json-1.19.jar:/home/user/.m2/repository/org/codehaus/jettison/jettison/1.1/jettison-1.1.jar:/home/user/.m2/repository/com/sun/xml/bind/jaxb-impl/2.3.0.1/jaxb-impl-2.3.0.1.jar:/home/user/.m2/repository/org/codehaus/jackson/jackson-core-asl/1.9.13/jackson-core-asl-1.9.13.jar:/home/user/.m2/repository/org/codehaus/jackson/jackson-mapper-asl/1.9.13/jackson-mapper-asl-1.9.13.jar:/home/user/.m2/repository/org/codehaus/jackson/jackson-jaxrs/1.9.13/jackson-jaxrs-1.9.13.jar:/home/user/.m2/repository/org/codehaus/jackson/jackson-xc/1.9.13/jackson-xc-1.9.13.jar:/home/user/.m2/repository/com/sun/jersey/jersey-server/1.19/jersey-server-1.19.jar:/home/user/.m2/repository/commons-logging/commons-logging/1.1.3/commons-logging-1.1.3.jar:/home/user/.m2/repository/log4j/log4j/1.2.17/log4j-1.2.17.jar:/home/user/.m2/repository/commons-beanutils/commons-beanutils/1.9.3/commons-beanutils-1.9.3.jar:/home/user/.m2/repository/org/apache/commons/commons-configuration2/2.1.1/commons-configuration2-2.1.1.jar:/home/user/.m2/repository/org/apache/commons/commons-lang3/3.7/commons-lang3-3.7.jar:/home/user/.m2/repository/org/apache/commons/commons-text/1.4/commons-text-1.4.jar:/home/user/.m2/repository/org/slf4j/slf4j-api/1.7.25/slf4j-api-1.7.25.jar:/home/user/.m2/repository/org/slf4j/slf4j-log4j12/1.7.25/slf4j-log4j12-1.7.25.jar:/home/user/.m2/repository/org/apache/avro/avro/1.7.7/avro-1.7.7.jar:/home/user/.m2/repository/com/thoughtworks/paranamer/paranamer/2.3/paranamer-2.3.jar:/home/user/.m2/repository/org/xerial/snappy/snappy-java/1.0.5/snappy-java-1.0.5.jar:/home/user/.m2/repository/com/google/re2j/re2j/1.1/re2j-1.1.jar:/home/user/.m2/repository/com/google/code/gson/gson/2.2.4/gson-2.2.4.jar:/home/user/.m2/repository/org/apache/hadoop/hadoop-auth/3.2.0/hadoop-auth-3.2.0.jar:/home/user/.m2/repository/com/nimbusds/nimbus-jose-jwt/4.41.1/nimbus-jose-jwt-4.41.1.jar:/home/user/.m2/repository/com/github/stephenc/jcip/jcip-annotations/1.0-1/jcip-annotations-1.0-1.jar:/home/user/.m2/repository/net/minidev/json-smart/2.3/json-smart-2.3.jar:/home/user/.m2/repository/net/minidev/accessors-smart/1.2/accessors-smart-1.2.jar:/home/user/.m2/repository/org/apache/curator/curator-framework/2.12.0/curator-framework-2.12.0.jar:/home/user/.m2/repository/com/jcraft/jsch/0.1.54/jsch-0.1.54.jar:/home/user/.m2/repository/org/apache/curator/curator-client/2.12.0/curator-client-2.12.0.jar:/home/user/.m2/repository/org/apache/curator/curator-recipes/2.12.0/curator-recipes-2.12.0.jar:/home/user/.m2/repository/com/google/code/findbugs/jsr305/3.0.0/jsr305-3.0.0.jar:/home/user/.m2/repository/org/apache/htrace/htrace-core4/4.1.0-incubating/htrace-core4-4.1.0-incubating.jar:/home/user/.m2/repository/org/apache/zookeeper/zookeeper/3.4.13/zookeeper-3.4.13.jar:/home/user/.m2/repository/org/apache/yetus/audience-annotations/0.5.0/audience-annotations-0.5.0.jar:/home/user/.m2/repository/org/apache/kerby/kerb-simplekdc/1.0.1/kerb-simplekdc-1.0.1.jar:/home/user/.m2/repository/org/apache/kerby/kerb-client/1.0.1/kerb-client-1.0.1.jar:/home/user/.m2/repository/org/apache/kerby/kerby-config/1.0.1/kerby-config-1.0.1.jar:/home/user/.m2/repository/org/apache/kerby/kerb-core/1.0.1/kerb-core-1.0.1.jar:/home/user/.m2/repository/org/apache/kerby/kerby-pkix/1.0.1/kerby-pkix-1.0.1.jar:/home/user/.m2/repository/org/apache/kerby/kerby-asn1/1.0.1/kerby-asn1-1.0.1.jar:/home/user/.m2/repository/org/apache/kerby/kerby-util/1.0.1/kerby-util-1.0.1.jar:/home/user/.m2/repository/org/apache/kerby/kerb-common/1.0.1/kerb-common-1.0.1.jar:/home/user/.m2/repository/org/apache/kerby/kerb-crypto/1.0.1/kerb-crypto-1.0.1.jar:/home/user/.m2/repository/org/apache/kerby/kerb-util/1.0.1/kerb-util-1.0.1.jar:/home/user/.m2/repository/org/apache/kerby/token-provider/1.0.1/token-provider-1.0.1.jar:/home/user/.m2/repository/org/apache/kerby/kerb-admin/1.0.1/kerb-admin-1.0.1.jar:/home/user/.m2/repository/org/apache/kerby/kerb-server/1.0.1/kerb-server-1.0.1.jar:/home/user/.m2/repository/org/apache/kerby/kerb-identity/1.0.1/kerb-identity-1.0.1.jar:/home/user/.m2/repository/org/apache/kerby/kerby-xdr/1.0.1/kerby-xdr-1.0.1.jar:/home/user/.m2/repository/com/fasterxml/jackson/core/jackson-databind/2.9.5/jackson-databind-2.9.5.jar:/home/user/.m2/repository/com/fasterxml/jackson/core/jackson-core/2.9.5/jackson-core-2.9.5.jar:/home/user/.m2/repository/org/codehaus/woodstox/stax2-api/3.1.4/stax2-api-3.1.4.jar:/home/user/.m2/repository/com/fasterxml/woodstox/woodstox-core/5.0.3/woodstox-core-5.0.3.jar:/home/user/.m2/repository/dnsjava/dnsjava/2.1.7/dnsjava-2.1.7.jar:/home/user/.m2/repository/org/apache/hadoop/hadoop-hdfs/3.2.0/hadoop-hdfs-3.2.0.jar:/home/user/.m2/repository/org/eclipse/jetty/jetty-util-ajax/9.3.24.v20180605/jetty-util-ajax-9.3.24.v20180605.jar:/home/user/.m2/repository/commons-daemon/commons-daemon/1.0.13/commons-daemon-1.0.13.jar:/home/user/.m2/repository/io/netty/netty/3.10.5.Final/netty-3.10.5.Final.jar:/home/user/.m2/repository/io/netty/netty-all/4.0.52.Final/netty-all-4.0.52.Final.jar:/home/user/.m2/repository/org/fusesource/leveldbjni/leveldbjni-all/1.8/leveldbjni-all-1.8.jar:/home/user/.m2/repository/com/sun/xml/bind/jaxb-core/2.3.0.1/jaxb-core-2.3.0.1.jar:/home/user/.m2/repository/javax/xml/bind/jaxb-api/2.3.0/jaxb-api-2.3.0.jar:/home/user/.m2/repository/javax/activation/activation/1.1.1/activation-1.1.1.jar:/home/user/.m2/repository/io/dropwizard/metrics/metrics-core/3.2.4/metrics-core-3.2.4.jar:/home/user/.m2/repository/org/openjdk/jmh/jmh-core/1.19/jmh-core-1.19.jar:/home/user/.m2/repository/net/sf/jopt-simple/jopt-simple/4.6/jopt-simple-4.6.jar:/home/user/.m2/repository/org/openjdk/jmh/jmh-generator-annprocess/1.19/jmh-generator-annprocess-1.19.jar:/home/user/.m2/repository/com/google/code/findbugs/findbugs/3.0.1/findbugs-3.0.1.jar:/home/user/.m2/repository/net/jcip/jcip-annotations/1.0/jcip-annotations-1.0.jar:/home/user/.m2/repository/com/google/code/findbugs/bcel-findbugs/6.0/bcel-findbugs-6.0.jar:/home/user/.m2/repository/com/google/code/findbugs/jFormatString/2.0.1/jFormatString-2.0.1.jar:/home/user/.m2/repository/dom4j/dom4j/1.6.1/dom4j-1.6.1.jar:/home/user/.m2/repository/xml-apis/xml-apis/1.0.b2/xml-apis-1.0.b2.jar:/home/user/.m2/repository/org/ow2/asm/asm-debug-all/5.0.2/asm-debug-all-5.0.2.jar:/home/user/.m2/repository/org/ow2/asm/asm-commons/5.0.2/asm-commons-5.0.2.jar:/home/user/.m2/repository/org/ow2/asm/asm-tree/5.0.2/asm-tree-5.0.2.jar:/home/user/.m2/repository/org/ow2/asm/asm/5.0.4/asm-5.0.4.jar:/home/user/.m2/repository/commons-lang/commons-lang/2.6/commons-lang-2.6.jar:/home/user/.m2/repository/com/apple/AppleJavaExtensions/1.4/AppleJavaExtensions-1.4.jar:/home/user/.m2/repository/jaxen/jaxen/1.1.6/jaxen-1.1.6.jar:/home/user/.m2/repository/junit/junit/4.11/junit-4.11.jar:/home/user/.m2/repository/org/hamcrest/hamcrest-core/1.3/hamcrest-core-1.3.jar:/home/user/.m2/repository/org/apache/hadoop/hadoop-common/3.2.0/hadoop-common-3.2.0-tests.jar:/home/user/.m2/repository/org/apache/hadoop/hadoop-ozone-integration-test/0.5.0-SNAPSHOT/hadoop-ozone-integration-test-0.5.0-SNAPSHOT-tests.jar:/tmp/workdir/hadoop-ozone/objectstore-service/target/classes:/tmp/workdir/hadoop-ozone/s3gateway/target/classes:/home/user/.m2/repository/org/jboss/weld/servlet/weld-servlet/2.4.7.Final/weld-servlet-2.4.7.Final.jar:/home/user/.m2/repository/org/glassfish/jersey/containers/jersey-container-servlet-core/2.27/jersey-container-servlet-core-2.27.jar:/home/user/.m2/repository/org/glassfish/hk2/external/javax.inject/2.5.0-b42/javax.inject-2.5.0-b42.jar:/home/user/.m2/repository/org/glassfish/jersey/core/jersey-common/2.27/jersey-common-2.27.jar:/home/user/.m2/repository/org/glassfish/hk2/osgi-resource-locator/1.0.1/osgi-resource-locator-1.0.1.jar:/home/user/.m2/repository/javax/ws/rs/javax.ws.rs-api/2.1/javax.ws.rs-api-2.1.jar:/home/user/.m2/repository/org/glassfish/jersey/ext/cdi/jersey-cdi1x/2.27/jersey-cdi1x-2.27.jar:/home/user/.m2/repository/org/glassfish/jersey/inject/jersey-hk2/2.27/jersey-hk2-2.27.jar:/home/user/.m2/repository/org/glassfish/hk2/hk2-locator/2.5.0-b42/hk2-locator-2.5.0-b42.jar:/home/user/.m2/repository/org/javassist/javassist/3.22.0-CR2/javassist-3.22.0-CR2.jar:/home/user/.m2/repository/org/glassfish/hk2/hk2-api/2.5.0/hk2-api-2.5.0.jar:/home/user/.m2/repository/org/glassfish/hk2/external/jakarta.inject/2.5.0/jakarta.inject-2.5.0.jar:/home/user/.m2/repository/org/glassfish/hk2/hk2-utils/2.5.0/hk2-utils-2.5.0.jar:/home/user/.m2/repository/jakarta/annotation/jakarta.annotation-api/1.3.4/jakarta.annotation-api-1.3.4.jar:/home/user/.m2/repository/org/glassfish/hk2/external/aopalliance-repackaged/2.5.0/aopalliance-repackaged-2.5.0.jar:/home/user/.m2/repository/com/fasterxml/jackson/dataformat/jackson-dataformat-xml/2.9.0/jackson-dataformat-xml-2.9.0.jar:/home/user/.m2/repository/com/fasterxml/jackson/module/jackson-module-jaxb-annotations/2.9.5/jackson-module-jaxb-annotations-2.9.5.jar:/home/user/.m2/repository/javax/enterprise/cdi-api/1.2/cdi-api-1.2.jar:/home/user/.m2/repository/javax/el/javax.el-api/3.0.0/javax.el-api-3.0.0.jar:/home/user/.m2/repository/javax/interceptor/javax.interceptor-api/1.2/javax.interceptor-api-1.2.jar:/home/user/.m2/repository/javax/inject/javax.inject/1/javax.inject-1.jar:/tmp/workdir/hadoop-ozone/csi/target/classes:/home/user/.m2/repository/com/google/protobuf/protobuf-java-util/3.5.1/protobuf-java-util-3.5.1.jar:/home/user/.m2/repository/io/grpc/grpc-netty/1.17.1/grpc-netty-1.17.1.jar:/home/user/.m2/repository/io/grpc/grpc-core/1.17.1/grpc-core-1.17.1.jar:/home/user/.m2/repository/io/grpc/grpc-context/1.17.1/grpc-context-1.17.1.jar:/home/user/.m2/repository/com/google/errorprone/error_prone_annotations/2.2.0/error_prone_annotations-2.2.0.jar:/home/user/.m2/repository/org/codehaus/mojo/animal-sniffer-annotations/1.17/animal-sniffer-annotations-1.17.jar:/home/user/.m2/repository/io/opencensus/opencensus-api/0.17.0/opencensus-api-0.17.0.jar:/home/user/.m2/repository/io/opencensus/opencensus-contrib-grpc-metrics/0.17.0/opencensus-contrib-grpc-metrics-0.17.0.jar:/home/user/.m2/repository/io/netty/netty-codec-http2/4.1.30.Final/netty-codec-http2-4.1.30.Final.jar:/home/user/.m2/repository/io/netty/netty-codec-http/4.1.30.Final/netty-codec-http-4.1.30.Final.jar:/home/user/.m2/repository/io/netty/netty-codec/4.1.30.Final/netty-codec-4.1.30.Final.jar:/home/user/.m2/repository/io/netty/netty-handler/4.1.30.Final/netty-handler-4.1.30.Final.jar:/home/user/.m2/repository/io/netty/netty-handler-proxy/4.1.30.Final/netty-handler-proxy-4.1.30.Final.jar:/home/user/.m2/repository/io/netty/netty-codec-socks/4.1.30.Final/netty-codec-socks-4.1.30.Final.jar:/home/user/.m2/repository/io/netty/netty-transport-native-epoll/4.1.30.Final/netty-transport-native-epoll-4.1.30.Final.jar:/home/user/.m2/repository/io/netty/netty-common/4.1.30.Final/netty-common-4.1.30.Final.jar:/home/user/.m2/repository/io/netty/netty-buffer/4.1.30.Final/netty-buffer-4.1.30.Final.jar:/home/user/.m2/repository/io/netty/netty-transport/4.1.30.Final/netty-transport-4.1.30.Final.jar:/home/user/.m2/repository/io/netty/netty-resolver/4.1.30.Final/netty-resolver-4.1.30.Final.jar:/home/user/.m2/repository/io/netty/netty-transport-native-unix-common/4.1.30.Final/netty-transport-native-unix-common-4.1.30.Final.jar:/home/user/.m2/repository/io/grpc/grpc-protobuf/1.17.1/grpc-protobuf-1.17.1.jar:/home/user/.m2/repository/com/google/api/grpc/proto-google-common-protos/1.0.0/proto-google-common-protos-1.0.0.jar:/home/user/.m2/repository/io/grpc/grpc-protobuf-lite/1.17.1/grpc-protobuf-lite-1.17.1.jar:/home/user/.m2/repository/io/grpc/grpc-stub/1.17.1/grpc-stub-1.17.1.jar:/tmp/workdir/hadoop-ozone/ozone-recon/target/classes:/tmp/workdir/hadoop-ozone/ozone-recon-codegen/target/classes:/home/user/.m2/repository/com/google/inject/extensions/guice-multibindings/4.0/guice-multibindings-4.0.jar:/home/user/.m2/repository/com/google/inject/guice/4.0/guice-4.0.jar:/home/user/.m2/repository/aopalliance/aopalliance/1.0/aopalliance-1.0.jar:/home/user/.m2/repository/com/google/inject/extensions/guice-servlet/4.0/guice-servlet-4.0.jar:/home/user/.m2/repository/org/glassfish/jersey/containers/jersey-container-servlet/2.27/jersey-container-servlet-2.27.jar:/home/user/.m2/repository/org/glassfish/hk2/guice-bridge/2.5.0/guice-bridge-2.5.0.jar:/home/user/.m2/repository/org/glassfish/jersey/core/jersey-server/2.27/jersey-server-2.27.jar:/home/user/.m2/repository/org/glassfish/jersey/core/jersey-client/2.27/jersey-client-2.27.jar:/home/user/.m2/repository/org/glassfish/jersey/media/jersey-media-jaxb/2.27/jersey-media-jaxb-2.27.jar:/home/user/.m2/repository/javax/validation/validation-api/1.1.0.Final/validation-api-1.1.0.Final.jar:/home/user/.m2/repository/org/glassfish/jersey/media/jersey-media-json-jackson/2.27/jersey-media-json-jackson-2.27.jar:/home/user/.m2/repository/org/glassfish/jersey/ext/jersey-entity-filtering/2.27/jersey-entity-filtering-2.27.jar:/home/user/.m2/repository/com/google/inject/extensions/guice-assistedinject/4.0/guice-assistedinject-4.0.jar:/home/user/.m2/repository/org/jooq/jooq/3.11.10/jooq-3.11.10.jar:/home/user/.m2/repository/org/jooq/jooq-meta/3.11.10/jooq-meta-3.11.10.jar:/home/user/.m2/repository/org/jooq/jooq-codegen/3.11.10/jooq-codegen-3.11.10.jar:/home/user/.m2/repository/com/jolbox/bonecp/0.8.0.RELEASE/bonecp-0.8.0.RELEASE.jar:/home/user/.m2/repository/org/springframework/spring-jdbc/5.1.3.RELEASE/spring-jdbc-5.1.3.RELEASE.jar:/home/user/.m2/repository/org/springframework/spring-beans/5.1.3.RELEASE/spring-beans-5.1.3.RELEASE.jar:/home/user/.m2/repository/org/springframework/spring-core/5.1.3.RELEASE/spring-core-5.1.3.RELEASE.jar:/home/user/.m2/repository/org/springframework/spring-jcl/5.1.3.RELEASE/spring-jcl-5.1.3.RELEASE.jar:/home/user/.m2/repository/org/springframework/spring-tx/5.1.3.RELEASE/spring-tx-5.1.3.RELEASE.jar:/home/user/.m2/repository/org/mockito/mockito-core/2.15.0/mockito-core-2.15.0.jar:/home/user/.m2/repository/net/bytebuddy/byte-buddy/1.7.9/byte-buddy-1.7.9.jar:/home/user/.m2/repository/net/bytebuddy/byte-buddy-agent/1.7.9/byte-buddy-agent-1.7.9.jar:/home/user/.m2/repository/org/objenesis/objenesis/1.0/objenesis-1.0.jar:"/>
    <property name="java.vm.vendor" value="IcedTea"/>
    <property name="sun.arch.data.model" value="64"/>
    <property name="test.build.dir" value="/tmp/workdir/hadoop-ozone/tools/target/test-dir"/>
    <property name="test.cache.data" value=""/>
    <property name="java.vendor.url" value="https://icedtea.classpath.org"/>
    <property name="user.timezone" value=""/>
    <property name="java.vm.specification.version" value="1.8"/>
    <property name="os.name" value="Linux"/>
    <property name="test.build.data" value="/tmp/workdir/hadoop-ozone/tools/target/test-dir"/>
    <property name="user.country" value="US"/>
    <property name="sun.java.launcher" value="SUN_STANDARD"/>
    <property name="sun.boot.library.path" value="/usr/lib/jvm/java-1.8-openjdk/jre/lib/amd64"/>
    <property name="sun.java.command" value="/tmp/workdir/hadoop-ozone/tools/target/surefire/surefirebooter5769728981551196852.jar /tmp/workdir/hadoop-ozone/tools/target/surefire 2019-07-10T05-47-22_156-jvmRun1 surefire298548200570409264tmp surefire_1076304741125140852369tmp"/>
    <property name="surefire.test.class.path" value="/tmp/workdir/hadoop-ozone/tools/target/test-classes:/tmp/workdir/hadoop-ozone/tools/target/classes:/tmp/workdir/hadoop-ozone/ozone-manager/target/classes:/tmp/workdir/hadoop-hdds/docs/target/classes:/home/user/.m2/repository/org/bouncycastle/bcprov-jdk15on/1.60/bcprov-jdk15on-1.60.jar:/tmp/workdir/hadoop-ozone/common/target/classes:/home/user/.m2/repository/org/apache/commons/commons-compress/1.4.1/commons-compress-1.4.1.jar:/home/user/.m2/repository/org/tukaani/xz/1.0/xz-1.0.jar:/home/user/.m2/repository/org/apache/hadoop/hadoop-hdfs-client/3.2.0/hadoop-hdfs-client-3.2.0.jar:/home/user/.m2/repository/com/fasterxml/jackson/core/jackson-annotations/2.9.5/jackson-annotations-2.9.5.jar:/tmp/workdir/hadoop-hdds/common/target/classes:/tmp/workdir/hadoop-hdds/config/target/classes:/home/user/.m2/repository/javax/annotation/javax.annotation-api/1.2/javax.annotation-api-1.2.jar:/home/user/.m2/repository/org/apache/ratis/ratis-server/0.4.0-2337318-SNAPSHOT/ratis-server-0.4.0-2337318-SNAPSHOT.jar:/home/user/.m2/repository/org/apache/ratis/ratis-thirdparty-misc/0.2.0/ratis-thirdparty-misc-0.2.0.jar:/home/user/.m2/repository/org/apache/ratis/ratis-proto/0.4.0-2337318-SNAPSHOT/ratis-proto-0.4.0-2337318-SNAPSHOT.jar:/home/user/.m2/repository/org/apache/ratis/ratis-common/0.4.0-2337318-SNAPSHOT/ratis-common-0.4.0-2337318-SNAPSHOT.jar:/home/user/.m2/repository/org/apache/ratis/ratis-client/0.4.0-2337318-SNAPSHOT/ratis-client-0.4.0-2337318-SNAPSHOT.jar:/home/user/.m2/repository/org/apache/ratis/ratis-metrics/0.4.0-2337318-SNAPSHOT/ratis-metrics-0.4.0-2337318-SNAPSHOT.jar:/home/user/.m2/repository/org/apache/ratis/ratis-netty/0.4.0-2337318-SNAPSHOT/ratis-netty-0.4.0-2337318-SNAPSHOT.jar:/home/user/.m2/repository/org/apache/ratis/ratis-grpc/0.4.0-2337318-SNAPSHOT/ratis-grpc-0.4.0-2337318-SNAPSHOT.jar:/home/user/.m2/repository/org/rocksdb/rocksdbjni/6.0.1/rocksdbjni-6.0.1.jar:/home/user/.m2/repository/org/apache/logging/log4j/log4j-api/2.11.0/log4j-api-2.11.0.jar:/home/user/.m2/repository/org/apache/logging/log4j/log4j-core/2.11.0/log4j-core-2.11.0.jar:/home/user/.m2/repository/com/lmax/disruptor/3.4.2/disruptor-3.4.2.jar:/home/user/.m2/repository/org/apache/commons/commons-pool2/2.6.0/commons-pool2-2.6.0.jar:/home/user/.m2/repository/org/bouncycastle/bcpkix-jdk15on/1.60/bcpkix-jdk15on-1.60.jar:/home/user/.m2/repository/commons-validator/commons-validator/1.6/commons-validator-1.6.jar:/home/user/.m2/repository/commons-digester/commons-digester/1.8.1/commons-digester-1.8.1.jar:/home/user/.m2/repository/io/jaegertracing/jaeger-client/0.33.1/jaeger-client-0.33.1.jar:/home/user/.m2/repository/io/jaegertracing/jaeger-thrift/0.33.1/jaeger-thrift-0.33.1.jar:/home/user/.m2/repository/org/apache/thrift/libthrift/0.11.0/libthrift-0.11.0.jar:/home/user/.m2/repository/com/squareup/okhttp3/okhttp/3.9.0/okhttp-3.9.0.jar:/home/user/.m2/repository/com/squareup/okio/okio/1.13.0/okio-1.13.0.jar:/home/user/.m2/repository/io/jaegertracing/jaeger-core/0.33.1/jaeger-core-0.33.1.jar:/home/user/.m2/repository/io/jaegertracing/jaeger-tracerresolver/0.33.1/jaeger-tracerresolver-0.33.1.jar:/home/user/.m2/repository/io/opentracing/contrib/opentracing-tracerresolver/0.1.5/opentracing-tracerresolver-0.1.5.jar:/home/user/.m2/repository/io/opentracing/opentracing-util/0.31.0/opentracing-util-0.31.0.jar:/home/user/.m2/repository/io/opentracing/opentracing-api/0.31.0/opentracing-api-0.31.0.jar:/home/user/.m2/repository/io/opentracing/opentracing-noop/0.31.0/opentracing-noop-0.31.0.jar:/home/user/.m2/repository/org/yaml/snakeyaml/1.16/snakeyaml-1.16.jar:/tmp/workdir/hadoop-hdds/container-service/target/classes:/tmp/workdir/hadoop-hdds/client/target/classes:/tmp/workdir/hadoop-hdds/tools/target/classes:/home/user/.m2/repository/org/xerial/sqlite-jdbc/3.25.2/sqlite-jdbc-3.25.2.jar:/tmp/workdir/hadoop-hdds/server-scm/target/classes:/home/user/.m2/repository/org/hamcrest/hamcrest-all/1.3/hamcrest-all-1.3.jar:/home/user/.m2/repository/info/picocli/picocli/3.9.6/picocli-3.9.6.jar:/home/user/.m2/repository/com/google/protobuf/protobuf-java/2.5.0/protobuf-java-2.5.0.jar:/home/user/.m2/repository/com/google/guava/guava/11.0.2/guava-11.0.2.jar:/tmp/workdir/hadoop-ozone/client/target/classes:/home/user/.m2/repository/org/apache/hadoop/hadoop-ozone-filesystem/0.5.0-SNAPSHOT/hadoop-ozone-filesystem-0.5.0-SNAPSHOT.jar:/tmp/workdir/hadoop-hdds/framework/target/classes:/home/user/.m2/repository/org/apache/hadoop/hadoop-common/3.2.0/hadoop-common-3.2.0.jar:/home/user/.m2/repository/org/apache/hadoop/hadoop-annotations/3.2.0/hadoop-annotations-3.2.0.jar:/usr/lib/jvm/java-1.8-openjdk/jre/../lib/tools.jar:/home/user/.m2/repository/commons-cli/commons-cli/1.2/commons-cli-1.2.jar:/home/user/.m2/repository/org/apache/commons/commons-math3/3.1.1/commons-math3-3.1.1.jar:/home/user/.m2/repository/org/apache/httpcomponents/httpclient/4.5.2/httpclient-4.5.2.jar:/home/user/.m2/repository/org/apache/httpcomponents/httpcore/4.4.4/httpcore-4.4.4.jar:/home/user/.m2/repository/commons-codec/commons-codec/1.11/commons-codec-1.11.jar:/home/user/.m2/repository/commons-io/commons-io/2.5/commons-io-2.5.jar:/home/user/.m2/repository/commons-net/commons-net/3.6/commons-net-3.6.jar:/home/user/.m2/repository/commons-collections/commons-collections/3.2.2/commons-collections-3.2.2.jar:/home/user/.m2/repository/javax/servlet/javax.servlet-api/3.1.0/javax.servlet-api-3.1.0.jar:/home/user/.m2/repository/org/eclipse/jetty/jetty-server/9.3.24.v20180605/jetty-server-9.3.24.v20180605.jar:/home/user/.m2/repository/org/eclipse/jetty/jetty-http/9.3.24.v20180605/jetty-http-9.3.24.v20180605.jar:/home/user/.m2/repository/org/eclipse/jetty/jetty-io/9.3.24.v20180605/jetty-io-9.3.24.v20180605.jar:/home/user/.m2/repository/org/eclipse/jetty/jetty-util/9.3.24.v20180605/jetty-util-9.3.24.v20180605.jar:/home/user/.m2/repository/org/eclipse/jetty/jetty-servlet/9.3.24.v20180605/jetty-servlet-9.3.24.v20180605.jar:/home/user/.m2/repository/org/eclipse/jetty/jetty-security/9.3.24.v20180605/jetty-security-9.3.24.v20180605.jar:/home/user/.m2/repository/org/eclipse/jetty/jetty-webapp/9.3.24.v20180605/jetty-webapp-9.3.24.v20180605.jar:/home/user/.m2/repository/org/eclipse/jetty/jetty-xml/9.3.24.v20180605/jetty-xml-9.3.24.v20180605.jar:/home/user/.m2/repository/javax/servlet/jsp/jsp-api/2.1/jsp-api-2.1.jar:/home/user/.m2/repository/com/sun/jersey/jersey-core/1.19/jersey-core-1.19.jar:/home/user/.m2/repository/javax/ws/rs/jsr311-api/1.1.1/jsr311-api-1.1.1.jar:/home/user/.m2/repository/com/sun/jersey/jersey-servlet/1.19/jersey-servlet-1.19.jar:/home/user/.m2/repository/com/sun/jersey/jersey-json/1.19/jersey-json-1.19.jar:/home/user/.m2/repository/org/codehaus/jettison/jettison/1.1/jettison-1.1.jar:/home/user/.m2/repository/com/sun/xml/bind/jaxb-impl/2.3.0.1/jaxb-impl-2.3.0.1.jar:/home/user/.m2/repository/org/codehaus/jackson/jackson-core-asl/1.9.13/jackson-core-asl-1.9.13.jar:/home/user/.m2/repository/org/codehaus/jackson/jackson-mapper-asl/1.9.13/jackson-mapper-asl-1.9.13.jar:/home/user/.m2/repository/org/codehaus/jackson/jackson-jaxrs/1.9.13/jackson-jaxrs-1.9.13.jar:/home/user/.m2/repository/org/codehaus/jackson/jackson-xc/1.9.13/jackson-xc-1.9.13.jar:/home/user/.m2/repository/com/sun/jersey/jersey-server/1.19/jersey-server-1.19.jar:/home/user/.m2/repository/commons-logging/commons-logging/1.1.3/commons-logging-1.1.3.jar:/home/user/.m2/repository/log4j/log4j/1.2.17/log4j-1.2.17.jar:/home/user/.m2/repository/commons-beanutils/commons-beanutils/1.9.3/commons-beanutils-1.9.3.jar:/home/user/.m2/repository/org/apache/commons/commons-configuration2/2.1.1/commons-configuration2-2.1.1.jar:/home/user/.m2/repository/org/apache/commons/commons-lang3/3.7/commons-lang3-3.7.jar:/home/user/.m2/repository/org/apache/commons/commons-text/1.4/commons-text-1.4.jar:/home/user/.m2/repository/org/slf4j/slf4j-api/1.7.25/slf4j-api-1.7.25.jar:/home/user/.m2/repository/org/slf4j/slf4j-log4j12/1.7.25/slf4j-log4j12-1.7.25.jar:/home/user/.m2/repository/org/apache/avro/avro/1.7.7/avro-1.7.7.jar:/home/user/.m2/repository/com/thoughtworks/paranamer/paranamer/2.3/paranamer-2.3.jar:/home/user/.m2/repository/org/xerial/snappy/snappy-java/1.0.5/snappy-java-1.0.5.jar:/home/user/.m2/repository/com/google/re2j/re2j/1.1/re2j-1.1.jar:/home/user/.m2/repository/com/google/code/gson/gson/2.2.4/gson-2.2.4.jar:/home/user/.m2/repository/org/apache/hadoop/hadoop-auth/3.2.0/hadoop-auth-3.2.0.jar:/home/user/.m2/repository/com/nimbusds/nimbus-jose-jwt/4.41.1/nimbus-jose-jwt-4.41.1.jar:/home/user/.m2/repository/com/github/stephenc/jcip/jcip-annotations/1.0-1/jcip-annotations-1.0-1.jar:/home/user/.m2/repository/net/minidev/json-smart/2.3/json-smart-2.3.jar:/home/user/.m2/repository/net/minidev/accessors-smart/1.2/accessors-smart-1.2.jar:/home/user/.m2/repository/org/apache/curator/curator-framework/2.12.0/curator-framework-2.12.0.jar:/home/user/.m2/repository/com/jcraft/jsch/0.1.54/jsch-0.1.54.jar:/home/user/.m2/repository/org/apache/curator/curator-client/2.12.0/curator-client-2.12.0.jar:/home/user/.m2/repository/org/apache/curator/curator-recipes/2.12.0/curator-recipes-2.12.0.jar:/home/user/.m2/repository/com/google/code/findbugs/jsr305/3.0.0/jsr305-3.0.0.jar:/home/user/.m2/repository/org/apache/htrace/htrace-core4/4.1.0-incubating/htrace-core4-4.1.0-incubating.jar:/home/user/.m2/repository/org/apache/zookeeper/zookeeper/3.4.13/zookeeper-3.4.13.jar:/home/user/.m2/repository/org/apache/yetus/audience-annotations/0.5.0/audience-annotations-0.5.0.jar:/home/user/.m2/repository/org/apache/kerby/kerb-simplekdc/1.0.1/kerb-simplekdc-1.0.1.jar:/home/user/.m2/repository/org/apache/kerby/kerb-client/1.0.1/kerb-client-1.0.1.jar:/home/user/.m2/repository/org/apache/kerby/kerby-config/1.0.1/kerby-config-1.0.1.jar:/home/user/.m2/repository/org/apache/kerby/kerb-core/1.0.1/kerb-core-1.0.1.jar:/home/user/.m2/repository/org/apache/kerby/kerby-pkix/1.0.1/kerby-pkix-1.0.1.jar:/home/user/.m2/repository/org/apache/kerby/kerby-asn1/1.0.1/kerby-asn1-1.0.1.jar:/home/user/.m2/repository/org/apache/kerby/kerby-util/1.0.1/kerby-util-1.0.1.jar:/home/user/.m2/repository/org/apache/kerby/kerb-common/1.0.1/kerb-common-1.0.1.jar:/home/user/.m2/repository/org/apache/kerby/kerb-crypto/1.0.1/kerb-crypto-1.0.1.jar:/home/user/.m2/repository/org/apache/kerby/kerb-util/1.0.1/kerb-util-1.0.1.jar:/home/user/.m2/repository/org/apache/kerby/token-provider/1.0.1/token-provider-1.0.1.jar:/home/user/.m2/repository/org/apache/kerby/kerb-admin/1.0.1/kerb-admin-1.0.1.jar:/home/user/.m2/repository/org/apache/kerby/kerb-server/1.0.1/kerb-server-1.0.1.jar:/home/user/.m2/repository/org/apache/kerby/kerb-identity/1.0.1/kerb-identity-1.0.1.jar:/home/user/.m2/repository/org/apache/kerby/kerby-xdr/1.0.1/kerby-xdr-1.0.1.jar:/home/user/.m2/repository/com/fasterxml/jackson/core/jackson-databind/2.9.5/jackson-databind-2.9.5.jar:/home/user/.m2/repository/com/fasterxml/jackson/core/jackson-core/2.9.5/jackson-core-2.9.5.jar:/home/user/.m2/repository/org/codehaus/woodstox/stax2-api/3.1.4/stax2-api-3.1.4.jar:/home/user/.m2/repository/com/fasterxml/woodstox/woodstox-core/5.0.3/woodstox-core-5.0.3.jar:/home/user/.m2/repository/dnsjava/dnsjava/2.1.7/dnsjava-2.1.7.jar:/home/user/.m2/repository/org/apache/hadoop/hadoop-hdfs/3.2.0/hadoop-hdfs-3.2.0.jar:/home/user/.m2/repository/org/eclipse/jetty/jetty-util-ajax/9.3.24.v20180605/jetty-util-ajax-9.3.24.v20180605.jar:/home/user/.m2/repository/commons-daemon/commons-daemon/1.0.13/commons-daemon-1.0.13.jar:/home/user/.m2/repository/io/netty/netty/3.10.5.Final/netty-3.10.5.Final.jar:/home/user/.m2/repository/io/netty/netty-all/4.0.52.Final/netty-all-4.0.52.Final.jar:/home/user/.m2/repository/org/fusesource/leveldbjni/leveldbjni-all/1.8/leveldbjni-all-1.8.jar:/home/user/.m2/repository/com/sun/xml/bind/jaxb-core/2.3.0.1/jaxb-core-2.3.0.1.jar:/home/user/.m2/repository/javax/xml/bind/jaxb-api/2.3.0/jaxb-api-2.3.0.jar:/home/user/.m2/repository/javax/activation/activation/1.1.1/activation-1.1.1.jar:/home/user/.m2/repository/io/dropwizard/metrics/metrics-core/3.2.4/metrics-core-3.2.4.jar:/home/user/.m2/repository/org/openjdk/jmh/jmh-core/1.19/jmh-core-1.19.jar:/home/user/.m2/repository/net/sf/jopt-simple/jopt-simple/4.6/jopt-simple-4.6.jar:/home/user/.m2/repository/org/openjdk/jmh/jmh-generator-annprocess/1.19/jmh-generator-annprocess-1.19.jar:/home/user/.m2/repository/com/google/code/findbugs/findbugs/3.0.1/findbugs-3.0.1.jar:/home/user/.m2/repository/net/jcip/jcip-annotations/1.0/jcip-annotations-1.0.jar:/home/user/.m2/repository/com/google/code/findbugs/bcel-findbugs/6.0/bcel-findbugs-6.0.jar:/home/user/.m2/repository/com/google/code/findbugs/jFormatString/2.0.1/jFormatString-2.0.1.jar:/home/user/.m2/repository/dom4j/dom4j/1.6.1/dom4j-1.6.1.jar:/home/user/.m2/repository/xml-apis/xml-apis/1.0.b2/xml-apis-1.0.b2.jar:/home/user/.m2/repository/org/ow2/asm/asm-debug-all/5.0.2/asm-debug-all-5.0.2.jar:/home/user/.m2/repository/org/ow2/asm/asm-commons/5.0.2/asm-commons-5.0.2.jar:/home/user/.m2/repository/org/ow2/asm/asm-tree/5.0.2/asm-tree-5.0.2.jar:/home/user/.m2/repository/org/ow2/asm/asm/5.0.4/asm-5.0.4.jar:/home/user/.m2/repository/commons-lang/commons-lang/2.6/commons-lang-2.6.jar:/home/user/.m2/repository/com/apple/AppleJavaExtensions/1.4/AppleJavaExtensions-1.4.jar:/home/user/.m2/repository/jaxen/jaxen/1.1.6/jaxen-1.1.6.jar:/home/user/.m2/repository/junit/junit/4.11/junit-4.11.jar:/home/user/.m2/repository/org/hamcrest/hamcrest-core/1.3/hamcrest-core-1.3.jar:/home/user/.m2/repository/org/apache/hadoop/hadoop-common/3.2.0/hadoop-common-3.2.0-tests.jar:/home/user/.m2/repository/org/apache/hadoop/hadoop-ozone-integration-test/0.5.0-SNAPSHOT/hadoop-ozone-integration-test-0.5.0-SNAPSHOT-tests.jar:/tmp/workdir/hadoop-ozone/objectstore-service/target/classes:/tmp/workdir/hadoop-ozone/s3gateway/target/classes:/home/user/.m2/repository/org/jboss/weld/servlet/weld-servlet/2.4.7.Final/weld-servlet-2.4.7.Final.jar:/home/user/.m2/repository/org/glassfish/jersey/containers/jersey-container-servlet-core/2.27/jersey-container-servlet-core-2.27.jar:/home/user/.m2/repository/org/glassfish/hk2/external/javax.inject/2.5.0-b42/javax.inject-2.5.0-b42.jar:/home/user/.m2/repository/org/glassfish/jersey/core/jersey-common/2.27/jersey-common-2.27.jar:/home/user/.m2/repository/org/glassfish/hk2/osgi-resource-locator/1.0.1/osgi-resource-locator-1.0.1.jar:/home/user/.m2/repository/javax/ws/rs/javax.ws.rs-api/2.1/javax.ws.rs-api-2.1.jar:/home/user/.m2/repository/org/glassfish/jersey/ext/cdi/jersey-cdi1x/2.27/jersey-cdi1x-2.27.jar:/home/user/.m2/repository/org/glassfish/jersey/inject/jersey-hk2/2.27/jersey-hk2-2.27.jar:/home/user/.m2/repository/org/glassfish/hk2/hk2-locator/2.5.0-b42/hk2-locator-2.5.0-b42.jar:/home/user/.m2/repository/org/javassist/javassist/3.22.0-CR2/javassist-3.22.0-CR2.jar:/home/user/.m2/repository/org/glassfish/hk2/hk2-api/2.5.0/hk2-api-2.5.0.jar:/home/user/.m2/repository/org/glassfish/hk2/external/jakarta.inject/2.5.0/jakarta.inject-2.5.0.jar:/home/user/.m2/repository/org/glassfish/hk2/hk2-utils/2.5.0/hk2-utils-2.5.0.jar:/home/user/.m2/repository/jakarta/annotation/jakarta.annotation-api/1.3.4/jakarta.annotation-api-1.3.4.jar:/home/user/.m2/repository/org/glassfish/hk2/external/aopalliance-repackaged/2.5.0/aopalliance-repackaged-2.5.0.jar:/home/user/.m2/repository/com/fasterxml/jackson/dataformat/jackson-dataformat-xml/2.9.0/jackson-dataformat-xml-2.9.0.jar:/home/user/.m2/repository/com/fasterxml/jackson/module/jackson-module-jaxb-annotations/2.9.5/jackson-module-jaxb-annotations-2.9.5.jar:/home/user/.m2/repository/javax/enterprise/cdi-api/1.2/cdi-api-1.2.jar:/home/user/.m2/repository/javax/el/javax.el-api/3.0.0/javax.el-api-3.0.0.jar:/home/user/.m2/repository/javax/interceptor/javax.interceptor-api/1.2/javax.interceptor-api-1.2.jar:/home/user/.m2/repository/javax/inject/javax.inject/1/javax.inject-1.jar:/tmp/workdir/hadoop-ozone/csi/target/classes:/home/user/.m2/repository/com/google/protobuf/protobuf-java-util/3.5.1/protobuf-java-util-3.5.1.jar:/home/user/.m2/repository/io/grpc/grpc-netty/1.17.1/grpc-netty-1.17.1.jar:/home/user/.m2/repository/io/grpc/grpc-core/1.17.1/grpc-core-1.17.1.jar:/home/user/.m2/repository/io/grpc/grpc-context/1.17.1/grpc-context-1.17.1.jar:/home/user/.m2/repository/com/google/errorprone/error_prone_annotations/2.2.0/error_prone_annotations-2.2.0.jar:/home/user/.m2/repository/org/codehaus/mojo/animal-sniffer-annotations/1.17/animal-sniffer-annotations-1.17.jar:/home/user/.m2/repository/io/opencensus/opencensus-api/0.17.0/opencensus-api-0.17.0.jar:/home/user/.m2/repository/io/opencensus/opencensus-contrib-grpc-metrics/0.17.0/opencensus-contrib-grpc-metrics-0.17.0.jar:/home/user/.m2/repository/io/netty/netty-codec-http2/4.1.30.Final/netty-codec-http2-4.1.30.Final.jar:/home/user/.m2/repository/io/netty/netty-codec-http/4.1.30.Final/netty-codec-http-4.1.30.Final.jar:/home/user/.m2/repository/io/netty/netty-codec/4.1.30.Final/netty-codec-4.1.30.Final.jar:/home/user/.m2/repository/io/netty/netty-handler/4.1.30.Final/netty-handler-4.1.30.Final.jar:/home/user/.m2/repository/io/netty/netty-handler-proxy/4.1.30.Final/netty-handler-proxy-4.1.30.Final.jar:/home/user/.m2/repository/io/netty/netty-codec-socks/4.1.30.Final/netty-codec-socks-4.1.30.Final.jar:/home/user/.m2/repository/io/netty/netty-transport-native-epoll/4.1.30.Final/netty-transport-native-epoll-4.1.30.Final.jar:/home/user/.m2/repository/io/netty/netty-common/4.1.30.Final/netty-common-4.1.30.Final.jar:/home/user/.m2/repository/io/netty/netty-buffer/4.1.30.Final/netty-buffer-4.1.30.Final.jar:/home/user/.m2/repository/io/netty/netty-transport/4.1.30.Final/netty-transport-4.1.30.Final.jar:/home/user/.m2/repository/io/netty/netty-resolver/4.1.30.Final/netty-resolver-4.1.30.Final.jar:/home/user/.m2/repository/io/netty/netty-transport-native-unix-common/4.1.30.Final/netty-transport-native-unix-common-4.1.30.Final.jar:/home/user/.m2/repository/io/grpc/grpc-protobuf/1.17.1/grpc-protobuf-1.17.1.jar:/home/user/.m2/repository/com/google/api/grpc/proto-google-common-protos/1.0.0/proto-google-common-protos-1.0.0.jar:/home/user/.m2/repository/io/grpc/grpc-protobuf-lite/1.17.1/grpc-protobuf-lite-1.17.1.jar:/home/user/.m2/repository/io/grpc/grpc-stub/1.17.1/grpc-stub-1.17.1.jar:/tmp/workdir/hadoop-ozone/ozone-recon/target/classes:/tmp/workdir/hadoop-ozone/ozone-recon-codegen/target/classes:/home/user/.m2/repository/com/google/inject/extensions/guice-multibindings/4.0/guice-multibindings-4.0.jar:/home/user/.m2/repository/com/google/inject/guice/4.0/guice-4.0.jar:/home/user/.m2/repository/aopalliance/aopalliance/1.0/aopalliance-1.0.jar:/home/user/.m2/repository/com/google/inject/extensions/guice-servlet/4.0/guice-servlet-4.0.jar:/home/user/.m2/repository/org/glassfish/jersey/containers/jersey-container-servlet/2.27/jersey-container-servlet-2.27.jar:/home/user/.m2/repository/org/glassfish/hk2/guice-bridge/2.5.0/guice-bridge-2.5.0.jar:/home/user/.m2/repository/org/glassfish/jersey/core/jersey-server/2.27/jersey-server-2.27.jar:/home/user/.m2/repository/org/glassfish/jersey/core/jersey-client/2.27/jersey-client-2.27.jar:/home/user/.m2/repository/org/glassfish/jersey/media/jersey-media-jaxb/2.27/jersey-media-jaxb-2.27.jar:/home/user/.m2/repository/javax/validation/validation-api/1.1.0.Final/validation-api-1.1.0.Final.jar:/home/user/.m2/repository/org/glassfish/jersey/media/jersey-media-json-jackson/2.27/jersey-media-json-jackson-2.27.jar:/home/user/.m2/repository/org/glassfish/jersey/ext/jersey-entity-filtering/2.27/jersey-entity-filtering-2.27.jar:/home/user/.m2/repository/com/google/inject/extensions/guice-assistedinject/4.0/guice-assistedinject-4.0.jar:/home/user/.m2/repository/org/jooq/jooq/3.11.10/jooq-3.11.10.jar:/home/user/.m2/repository/org/jooq/jooq-meta/3.11.10/jooq-meta-3.11.10.jar:/home/user/.m2/repository/org/jooq/jooq-codegen/3.11.10/jooq-codegen-3.11.10.jar:/home/user/.m2/repository/com/jolbox/bonecp/0.8.0.RELEASE/bonecp-0.8.0.RELEASE.jar:/home/user/.m2/repository/org/springframework/spring-jdbc/5.1.3.RELEASE/spring-jdbc-5.1.3.RELEASE.jar:/home/user/.m2/repository/org/springframework/spring-beans/5.1.3.RELEASE/spring-beans-5.1.3.RELEASE.jar:/home/user/.m2/repository/org/springframework/spring-core/5.1.3.RELEASE/spring-core-5.1.3.RELEASE.jar:/home/user/.m2/repository/org/springframework/spring-jcl/5.1.3.RELEASE/spring-jcl-5.1.3.RELEASE.jar:/home/user/.m2/repository/org/springframework/spring-tx/5.1.3.RELEASE/spring-tx-5.1.3.RELEASE.jar:/home/user/.m2/repository/org/mockito/mockito-core/2.15.0/mockito-core-2.15.0.jar:/home/user/.m2/repository/net/bytebuddy/byte-buddy/1.7.9/byte-buddy-1.7.9.jar:/home/user/.m2/repository/net/bytebuddy/byte-buddy-agent/1.7.9/byte-buddy-agent-1.7.9.jar:/home/user/.m2/repository/org/objenesis/objenesis/1.0/objenesis-1.0.jar:"/>
    <property name="sun.cpu.endian" value="little"/>
    <property name="user.home" value="/home/user"/>
    <property name="user.language" value="en"/>
    <property name="java.specification.vendor" value="Oracle Corporation"/>
    <property name="java.home" value="/usr/lib/jvm/java-1.8-openjdk/jre"/>
    <property name="java.security.krb5.conf" value="/tmp/workdir/hadoop-ozone/tools/target/test-classes/krb5.conf"/>
    <property name="basedir" value="/tmp/workdir/hadoop-ozone/tools"/>
    <property name="file.separator" value="/"/>
    <property name="line.separator" value="&#10;"/>
    <property name="java.vm.specification.vendor" value="Oracle Corporation"/>
    <property name="java.specification.name" value="Java Platform API Specification"/>
    <property name="java.awt.graphicsenv" value="sun.awt.X11GraphicsEnvironment"/>
    <property name="surefire.real.class.path" value="/tmp/workdir/hadoop-ozone/tools/target/surefire/surefirebooter5769728981551196852.jar"/>
    <property name="hadoop.log.dir" value="/tmp/workdir/hadoop-ozone/tools/target/log"/>
    <property name="sun.boot.class.path" value="/usr/lib/jvm/java-1.8-openjdk/jre/lib/resources.jar:/usr/lib/jvm/java-1.8-openjdk/jre/lib/rt.jar:/usr/lib/jvm/java-1.8-openjdk/jre/lib/sunrsasign.jar:/usr/lib/jvm/java-1.8-openjdk/jre/lib/jsse.jar:/usr/lib/jvm/java-1.8-openjdk/jre/lib/jce.jar:/usr/lib/jvm/java-1.8-openjdk/jre/lib/charsets.jar:/usr/lib/jvm/java-1.8-openjdk/jre/lib/jfr.jar:/usr/lib/jvm/java-1.8-openjdk/jre/classes"/>
    <property name="sun.management.compiler" value="HotSpot 64-Bit Tiered Compilers"/>
    <property name="java.runtime.version" value="1.8.0_212-b04"/>
    <property name="java.net.preferIPv4Stack" value="true"/>
    <property name="user.name" value="jenkins1000"/>
    <property name="path.separator" value=":"/>
    <property name="java.security.egd" value="file:///dev/urandom"/>
    <property name="os.version" value="3.10.0-957.12.2.el7.x86_64"/>
    <property name="java.endorsed.dirs" value="/usr/lib/jvm/java-1.8-openjdk/jre/lib/endorsed"/>
    <property name="java.runtime.name" value="OpenJDK Runtime Environment"/>
    <property name="file.encoding" value="UTF-8"/>
    <property name="java.vm.name" value="OpenJDK 64-Bit Server VM"/>
    <property name="test.build.webapps" value=""/>
    <property name="localRepository" value="/home/user/.m2/repository"/>
    <property name="java.vendor.url.bug" value="https://icedtea.classpath.org/bugzilla"/>
    <property name="java.io.tmpdir" value="/tmp"/>
    <property name="require.test.libhadoop" value=""/>
    <property name="java.version" value="1.8.0_212"/>
    <property name="user.dir" value="/tmp/workdir/hadoop-ozone/tools"/>
    <property name="os.arch" value="amd64"/>
    <property name="java.vm.specification.name" value="Java Virtual Machine Specification"/>
    <property name="test.build.classes" value="/tmp/workdir/hadoop-ozone/tools/target/test-classes"/>
    <property name="java.awt.printerjob" value="sun.print.PSPrinterJob"/>
    <property name="sun.os.patch.level" value="unknown"/>
    <property name="hadoop.tmp.dir" value="/tmp/workdir/hadoop-ozone/tools/target/tmp"/>
    <property name="java.library.path" value="/usr/lib/jvm/java-1.8-openjdk/jre/lib/amd64/server:/usr/lib/jvm/java-1.8-openjdk/jre/lib/amd64:/usr/lib/jvm/java-1.8-openjdk/jre/../lib/amd64:/tmp/workdir/hadoop-ozone/tools/target/native/target/usr/local/lib:/tmp/workdir/hadoop-ozone/tools/../../hadoop-common-project/hadoop-common/target/native/target/usr/local/lib:/usr/java/packages/lib/amd64:/usr/lib64:/lib64:/lib:/usr/lib"/>
    <property name="java.vm.info" value="mixed mode"/>
    <property name="java.vendor" value="IcedTea"/>
    <property name="java.vm.version" value="25.212-b04"/>
    <property name="java.ext.dirs" value="/usr/lib/jvm/java-1.8-openjdk/jre/lib/ext:/usr/java/packages/lib/ext"/>
    <property name="sun.io.unicode.encoding" value="UnicodeLittle"/>
    <property name="java.class.version" value="52.0"/>
  </properties>
  <testcase name="ratisTest3" classname="org.apache.hadoop.ozone.freon.TestRandomKeyGenerator" time="5.308"/>
  <testcase name="testThreadPoolSize" classname="org.apache.hadoop.ozone.freon.TestRandomKeyGenerator" time="5.026"/>
  <testcase name="defaultTest" classname="org.apache.hadoop.ozone.freon.TestRandomKeyGenerator" time="5.028"/>
  <testcase name="bigFileThan2GB" classname="org.apache.hadoop.ozone.freon.TestRandomKeyGenerator" time="73.138">
    <error message="Allocated 0 blocks. Requested 1 blocks" type="INTERNAL_ERROR org.apache.hadoop.ozone.om.exceptions.OMException">INTERNAL_ERROR org.apache.hadoop.ozone.om.exceptions.OMException: Allocated 0 blocks. Requested 1 blocks
	at org.apache.hadoop.ozone.om.protocolPB.OzoneManagerProtocolClientSideTranslatorPB.handleError(OzoneManagerProtocolClientSideTranslatorPB.java:720)
	at org.apache.hadoop.ozone.om.protocolPB.OzoneManagerProtocolClientSideTranslatorPB.allocateBlock(OzoneManagerProtocolClientSideTranslatorPB.java:752)
	at org.apache.hadoop.ozone.client.io.BlockOutputStreamEntryPool.allocateNewBlock(BlockOutputStreamEntryPool.java:248)
	at org.apache.hadoop.ozone.client.io.BlockOutputStreamEntryPool.allocateBlockIfNeeded(BlockOutputStreamEntryPool.java:296)
	at org.apache.hadoop.ozone.client.io.KeyOutputStream.handleWrite(KeyOutputStream.java:201)
	at org.apache.hadoop.ozone.client.io.KeyOutputStream.write(KeyOutputStream.java:193)
	at org.apache.hadoop.ozone.client.io.OzoneOutputStream.write(OzoneOutputStream.java:49)
	at org.apache.hadoop.ozone.freon.RandomKeyGenerator$KeyProcessor.run(RandomKeyGenerator.java:693)
	at java.util.concurrent.Executors$RunnableAdapter.call(Executors.java:511)
	at java.util.concurrent.FutureTask.run(FutureTask.java:266)
	at java.util.concurrent.ThreadPoolExecutor.runWorker(ThreadPoolExecutor.java:1149)
	at java.util.concurrent.ThreadPoolExecutor$Worker.run(ThreadPoolExecutor.java:624)
	at java.lang.Thread.run(Thread.java:748)
</error>
    <system-out><![CDATA[2019-07-10 05:59:27,654 WARN  client.GrpcClientProtocolService (LogUtils.java:warn(134)) - 6-UnorderedRequestStreamObserver6: onError: org.apache.ratis.thirdparty.io.grpc.StatusRuntimeException: CANCELLED: cancelled before receiving half close
2019-07-10 05:59:34,980 INFO  freon.RandomKeyGenerator (RandomKeyGenerator.java:call(262)) - Number of Threads: 1
2019-07-10 05:59:34,981 INFO  freon.RandomKeyGenerator (RandomKeyGenerator.java:call(267)) - Number of Volumes: 1.
2019-07-10 05:59:34,981 INFO  freon.RandomKeyGenerator (RandomKeyGenerator.java:call(268)) - Number of Buckets per Volume: 1.
2019-07-10 05:59:34,981 INFO  freon.RandomKeyGenerator (RandomKeyGenerator.java:call(269)) - Number of Keys per Bucket: 1.
2019-07-10 05:59:34,981 INFO  freon.RandomKeyGenerator (RandomKeyGenerator.java:call(270)) - Key size: 2147483657 bytes
2019-07-10 05:59:34,981 INFO  freon.RandomKeyGenerator (RandomKeyGenerator.java:call(271)) - Buffer size: 4096 bytes
2019-07-10 05:59:34,983 INFO  freon.RandomKeyGenerator (RandomKeyGenerator.java:call(286)) - Data validation is enabled.
2019-07-10 05:59:34,983 INFO  freon.RandomKeyGenerator (RandomKeyGenerator.java:call(299)) - Starting progress bar Thread.

2019-07-10 05:59:34,983 INFO  rpc.RpcClient (RpcClient.java:createVolume(289)) - Creating Volume: vol-0-27060, with jenkins1000 as owner.
 0.00% |█                                                                                                    |  0/1 Time: 0:00:002019-07-10 05:59:34,995 INFO  rpc.RpcClient (RpcClient.java:createBucket(426)) - Creating Bucket: vol-0-27060/bucket-0-25873, with Versioning false and Storage Type set to DISK and Encryption set to false 
2019-07-10 05:59:35,068 INFO  client.GrpcClientProtocolClient (GrpcClientProtocolClient.java:onNext(255)) - client-535162E20057->15cd3569-c751-4f18-b157-6804e7d0f08c: receive RaftClientReply:client-535162E20057->15cd3569-c751-4f18-b157-6804e7d0f08c@group-3B5DE3AEDFC2, cid=600, FAILED org.apache.ratis.protocol.NotLeaderException: Server 15cd3569-c751-4f18-b157-6804e7d0f08c is not the leader (7049f9e8-7de6-4c8c-bf4c-9bb5512f4299:192.168.157.223:43810). Request must be sent to leader., logIndex=0, commits[15cd3569-c751-4f18-b157-6804e7d0f08c:c719, 7049f9e8-7de6-4c8c-bf4c-9bb5512f4299:c719, 13d9ac51-91bf-4c73-8824-2f58fc5b2747:c719]
2019-07-10 05:59:35,129 INFO  client.GrpcClientProtocolClient (GrpcClientProtocolClient.java:onNext(255)) - client-535162E20057->7049f9e8-7de6-4c8c-bf4c-9bb5512f4299: receive RaftClientReply:client-535162E20057->7049f9e8-7de6-4c8c-bf4c-9bb5512f4299@group-3B5DE3AEDFC2, cid=600, SUCCESS, logIndex=720, commits[7049f9e8-7de6-4c8c-bf4c-9bb5512f4299:c720, 13d9ac51-91bf-4c73-8824-2f58fc5b2747:c719, 15cd3569-c751-4f18-b157-6804e7d0f08c:c719]
2019-07-10 05:59:35,153 INFO  client.GrpcClientProtocolClient (GrpcClientProtocolClient.java:onNext(255)) - client-535162E20057->7049f9e8-7de6-4c8c-bf4c-9bb5512f4299: receive RaftClientReply:client-535162E20057->7049f9e8-7de6-4c8c-bf4c-9bb5512f4299@group-3B5DE3AEDFC2, cid=601, SUCCESS, logIndex=722, commits[7049f9e8-7de6-4c8c-bf4c-9bb5512f4299:c722, 13d9ac51-91bf-4c73-8824-2f58fc5b2747:c720, 15cd3569-c751-4f18-b157-6804e7d0f08c:c720]
2019-07-10 05:59:35,155 INFO  client.GrpcClientProtocolClient (GrpcClientProtocolClient.java:onNext(255)) - client-535162E20057->7049f9e8-7de6-4c8c-bf4c-9bb5512f4299: receive RaftClientReply:client-535162E20057->7049f9e8-7de6-4c8c-bf4c-9bb5512f4299@group-3B5DE3AEDFC2, cid=602, SUCCESS, logIndex=723, commits[7049f9e8-7de6-4c8c-bf4c-9bb5512f4299:c724, 13d9ac51-91bf-4c73-8824-2f58fc5b2747:c720, 15cd3569-c751-4f18-b157-6804e7d0f08c:c721]
2019-07-10 05:59:35,155 INFO  client.GrpcClientProtocolClient (GrpcClientProtocolClient.java:onNext(255)) - client-535162E20057->7049f9e8-7de6-4c8c-bf4c-9bb5512f4299: receive RaftClientReply:client-535162E20057->7049f9e8-7de6-4c8c-bf4c-9bb5512f4299@group-3B5DE3AEDFC2, cid=603, SUCCESS, logIndex=724, commits[7049f9e8-7de6-4c8c-bf4c-9bb5512f4299:c725, 13d9ac51-91bf-4c73-8824-2f58fc5b2747:c721, 15cd3569-c751-4f18-b157-6804e7d0f08c:c722]
2019-07-10 05:59:35,166 INFO  client.GrpcClientProtocolClient (GrpcClientProtocolClient.java:onNext(255)) - client-535162E20057->7049f9e8-7de6-4c8c-bf4c-9bb5512f4299: receive RaftClientReply:client-535162E20057->7049f9e8-7de6-4c8c-bf4c-9bb5512f4299@group-3B5DE3AEDFC2, cid=604, SUCCESS, logIndex=0, commits[7049f9e8-7de6-4c8c-bf4c-9bb5512f4299:c725, 13d9ac51-91bf-4c73-8824-2f58fc5b2747:c722, 15cd3569-c751-4f18-b157-6804e7d0f08c:c722]
2019-07-10 05:59:35,192 INFO  client.GrpcClientProtocolClient (GrpcClientProtocolClient.java:onNext(255)) - client-535162E20057->7049f9e8-7de6-4c8c-bf4c-9bb5512f4299: receive RaftClientReply:client-535162E20057->7049f9e8-7de6-4c8c-bf4c-9bb5512f4299@group-3B5DE3AEDFC2, cid=605, SUCCESS, logIndex=727, commits[7049f9e8-7de6-4c8c-bf4c-9bb5512f4299:c728, 13d9ac51-91bf-4c73-8824-2f58fc5b2747:c726, 15cd3569-c751-4f18-b157-6804e7d0f08c:c726]
2019-07-10 05:59:35,192 INFO  client.GrpcClientProtocolClient (GrpcClientProtocolClient.java:onNext(255)) - client-535162E20057->7049f9e8-7de6-4c8c-bf4c-9bb5512f4299: receive RaftClientReply:client-535162E20057->7049f9e8-7de6-4c8c-bf4c-9bb5512f4299@group-3B5DE3AEDFC2, cid=606, SUCCESS, logIndex=728, commits[7049f9e8-7de6-4c8c-bf4c-9bb5512f4299:c728, 13d9ac51-91bf-4c73-8824-2f58fc5b2747:c726, 15cd3569-c751-4f18-b157-6804e7d0f08c:c726]
2019-07-10 05:59:35,218 INFO  client.GrpcClientProtocolClient (GrpcClientProtocolClient.java:onNext(255)) - client-535162E20057->7049f9e8-7de6-4c8c-bf4c-9bb5512f4299: receive RaftClientReply:client-535162E20057->7049f9e8-7de6-4c8c-bf4c-9bb5512f4299@group-3B5DE3AEDFC2, cid=607, SUCCESS, logIndex=731, commits[7049f9e8-7de6-4c8c-bf4c-9bb5512f4299:c731, 13d9ac51-91bf-4c73-8824-2f58fc5b2747:c728, 15cd3569-c751-4f18-b157-6804e7d0f08c:c728]
2019-07-10 05:59:35,219 INFO  client.GrpcClientProtocolClient (GrpcClientProtocolClient.java:onNext(255)) - client-535162E20057->7049f9e8-7de6-4c8c-bf4c-9bb5512f4299: receive RaftClientReply:client-535162E20057->7049f9e8-7de6-4c8c-bf4c-9bb5512f4299@group-3B5DE3AEDFC2, cid=608, SUCCESS, logIndex=732, commits[7049f9e8-7de6-4c8c-bf4c-9bb5512f4299:c732, 13d9ac51-91bf-4c73-8824-2f58fc5b2747:c728, 15cd3569-c751-4f18-b157-6804e7d0f08c:c728]
2019-07-10 05:59:35,417 INFO  client.GrpcClientProtocolClient (GrpcClientProtocolClient.java:onNext(255)) - client-535162E20057->7049f9e8-7de6-4c8c-bf4c-9bb5512f4299: receive RaftClientReply:client-535162E20057->7049f9e8-7de6-4c8c-bf4c-9bb5512f4299@group-3B5DE3AEDFC2, cid=609, SUCCESS, logIndex=0, commits[7049f9e8-7de6-4c8c-bf4c-9bb5512f4299:c734, 13d9ac51-91bf-4c73-8824-2f58fc5b2747:c732, 15cd3569-c751-4f18-b157-6804e7d0f08c:c732]
2019-07-10 05:59:35,495 INFO  client.GrpcClientProtocolClient (GrpcClientProtocolClient.java:onNext(255)) - client-535162E20057->7049f9e8-7de6-4c8c-bf4c-9bb5512f4299: receive RaftClientReply:client-535162E20057->7049f9e8-7de6-4c8c-bf4c-9bb5512f4299@group-3B5DE3AEDFC2, cid=610, SUCCESS, logIndex=735, commits[7049f9e8-7de6-4c8c-bf4c-9bb5512f4299:c737, 13d9ac51-91bf-4c73-8824-2f58fc5b2747:c734, 15cd3569-c751-4f18-b157-6804e7d0f08c:c734]
2019-07-10 05:59:35,496 INFO  client.GrpcClientProtocolClient (GrpcClientProtocolClient.java:onNext(255)) - client-535162E20057->7049f9e8-7de6-4c8c-bf4c-9bb5512f4299: receive RaftClientReply:client-535162E20057->7049f9e8-7de6-4c8c-bf4c-9bb5512f4299@group-3B5DE3AEDFC2, cid=611, SUCCESS, logIndex=736, commits[7049f9e8-7de6-4c8c-bf4c-9bb5512f4299:c738, 13d9ac51-91bf-4c73-8824-2f58fc5b2747:c734, 15cd3569-c751-4f18-b157-6804e7d0f08c:c734]
2019-07-10 05:59:35,497 INFO  client.GrpcClientProtocolClient (GrpcClientProtocolClient.java:onNext(255)) - client-535162E20057->7049f9e8-7de6-4c8c-bf4c-9bb5512f4299: receive RaftClientReply:client-535162E20057->7049f9e8-7de6-4c8c-bf4c-9bb5512f4299@group-3B5DE3AEDFC2, cid=612, SUCCESS, logIndex=737, commits[7049f9e8-7de6-4c8c-bf4c-9bb5512f4299:c738, 13d9ac51-91bf-4c73-8824-2f58fc5b2747:c734, 15cd3569-c751-4f18-b157-6804e7d0f08c:c734]
2019-07-10 05:59:35,498 INFO  client.GrpcClientProtocolClient (GrpcClientProtocolClient.java:onNext(255)) - client-535162E20057->7049f9e8-7de6-4c8c-bf4c-9bb5512f4299: receive RaftClientReply:client-535162E20057->7049f9e8-7de6-4c8c-bf4c-9bb5512f4299@group-3B5DE3AEDFC2, cid=613, SUCCESS, logIndex=738, commits[7049f9e8-7de6-4c8c-bf4c-9bb5512f4299:c738, 13d9ac51-91bf-4c73-8824-2f58fc5b2747:c734, 15cd3569-c751-4f18-b157-6804e7d0f08c:c734]
2019-07-10 05:59:35,500 INFO  client.GrpcClientProtocolClient (GrpcClientProtocolClient.java:onNext(255)) - client-535162E20057->7049f9e8-7de6-4c8c-bf4c-9bb5512f4299: receive RaftClientReply:client-535162E20057->7049f9e8-7de6-4c8c-bf4c-9bb5512f4299@group-3B5DE3AEDFC2, cid=614, SUCCESS, logIndex=0, commits[7049f9e8-7de6-4c8c-bf4c-9bb5512f4299:c742, 13d9ac51-91bf-4c73-8824-2f58fc5b2747:c738, 15cd3569-c751-4f18-b157-6804e7d0f08c:c738]
2019-07-10 05:59:35,525 INFO  client.GrpcClientProtocolClient (GrpcClientProtocolClient.java:onNext(255)) - client-535162E20057->7049f9e8-7de6-4c8c-bf4c-9bb5512f4299: receive RaftClientReply:client-535162E20057->7049f9e8-7de6-4c8c-bf4c-9bb5512f4299@group-3B5DE3AEDFC2, cid=615, SUCCESS, logIndex=743, commits[7049f9e8-7de6-4c8c-bf4c-9bb5512f4299:c744, 13d9ac51-91bf-4c73-8824-2f58fc5b2747:c742, 15cd3569-c751-4f18-b157-6804e7d0f08c:c742]
2019-07-10 05:59:35,525 INFO  client.GrpcClientProtocolClient (GrpcClientProtocolClient.java:onNext(255)) - client-535162E20057->7049f9e8-7de6-4c8c-bf4c-9bb5512f4299: receive RaftClientReply:client-535162E20057->7049f9e8-7de6-4c8c-bf4c-9bb5512f4299@group-3B5DE3AEDFC2, cid=616, SUCCESS, logIndex=744, commits[7049f9e8-7de6-4c8c-bf4c-9bb5512f4299:c744, 13d9ac51-91bf-4c73-8824-2f58fc5b2747:c742, 15cd3569-c751-4f18-b157-6804e7d0f08c:c742]
2019-07-10 05:59:35,552 INFO  client.GrpcClientProtocolClient (GrpcClientProtocolClient.java:onNext(255)) - client-535162E20057->7049f9e8-7de6-4c8c-bf4c-9bb5512f4299: receive RaftClientReply:client-535162E20057->7049f9e8-7de6-4c8c-bf4c-9bb5512f4299@group-3B5DE3AEDFC2, cid=617, SUCCESS, logIndex=747, commits[7049f9e8-7de6-4c8c-bf4c-9bb5512f4299:c748, 13d9ac51-91bf-4c73-8824-2f58fc5b2747:c744, 15cd3569-c751-4f18-b157-6804e7d0f08c:c744]
2019-07-10 05:59:35,553 INFO  client.GrpcClientProtocolClient (GrpcClientProtocolClient.java:onNext(255)) - client-535162E20057->7049f9e8-7de6-4c8c-bf4c-9bb5512f4299: receive RaftClientReply:client-535162E20057->7049f9e8-7de6-4c8c-bf4c-9bb5512f4299@group-3B5DE3AEDFC2, cid=618, SUCCESS, logIndex=748, commits[7049f9e8-7de6-4c8c-bf4c-9bb5512f4299:c748, 13d9ac51-91bf-4c73-8824-2f58fc5b2747:c744, 15cd3569-c751-4f18-b157-6804e7d0f08c:c744]
2019-07-10 05:59:35,564 INFO  client.GrpcClientProtocolClient (GrpcClientProtocolClient.java:onNext(255)) - client-535162E20057->7049f9e8-7de6-4c8c-bf4c-9bb5512f4299: receive RaftClientReply:client-535162E20057->7049f9e8-7de6-4c8c-bf4c-9bb5512f4299@group-3B5DE3AEDFC2, cid=619, SUCCESS, logIndex=0, commits[7049f9e8-7de6-4c8c-bf4c-9bb5512f4299:c748, 13d9ac51-91bf-4c73-8824-2f58fc5b2747:c748, 15cd3569-c751-4f18-b157-6804e7d0f08c:c748]
2019-07-10 05:59:35,590 INFO  client.GrpcClientProtocolClient (GrpcClientProtocolClient.java:onNext(255)) - client-535162E20057->7049f9e8-7de6-4c8c-bf4c-9bb5512f4299: receive RaftClientReply:client-535162E20057->7049f9e8-7de6-4c8c-bf4c-9bb5512f4299@group-3B5DE3AEDFC2, cid=620, SUCCESS, logIndex=751, commits[7049f9e8-7de6-4c8c-bf4c-9bb5512f4299:c752, 13d9ac51-91bf-4c73-8824-2f58fc5b2747:c750, 15cd3569-c751-4f18-b157-6804e7d0f08c:c750]
2019-07-10 05:59:35,591 INFO  client.GrpcClientProtocolClient (GrpcClientProtocolClient.java:onNext(255)) - client-535162E20057->7049f9e8-7de6-4c8c-bf4c-9bb5512f4299: receive RaftClientReply:client-535162E20057->7049f9e8-7de6-4c8c-bf4c-9bb5512f4299@group-3B5DE3AEDFC2, cid=621, SUCCESS, logIndex=752, commits[7049f9e8-7de6-4c8c-bf4c-9bb5512f4299:c754, 13d9ac51-91bf-4c73-8824-2f58fc5b2747:c750, 15cd3569-c751-4f18-b157-6804e7d0f08c:c750]
2019-07-10 05:59:35,592 INFO  client.GrpcClientProtocolClient (GrpcClientProtocolClient.java:onNext(255)) - client-535162E20057->7049f9e8-7de6-4c8c-bf4c-9bb5512f4299: receive RaftClientReply:client-535162E20057->7049f9e8-7de6-4c8c-bf4c-9bb5512f4299@group-3B5DE3AEDFC2, cid=622, SUCCESS, logIndex=753, commits[7049f9e8-7de6-4c8c-bf4c-9bb5512f4299:c754, 13d9ac51-91bf-4c73-8824-2f58fc5b2747:c750, 15cd3569-c751-4f18-b157-6804e7d0f08c:c750]
2019-07-10 05:59:35,593 INFO  client.GrpcClientProtocolClient (GrpcClientProtocolClient.java:onNext(255)) - client-535162E20057->7049f9e8-7de6-4c8c-bf4c-9bb5512f4299: receive RaftClientReply:client-535162E20057->7049f9e8-7de6-4c8c-bf4c-9bb5512f4299@group-3B5DE3AEDFC2, cid=623, SUCCESS, logIndex=754, commits[7049f9e8-7de6-4c8c-bf4c-9bb5512f4299:c754, 13d9ac51-91bf-4c73-8824-2f58fc5b2747:c750, 15cd3569-c751-4f18-b157-6804e7d0f08c:c750]
2019-07-10 05:59:35,595 INFO  client.GrpcClientProtocolClient (GrpcClientProtocolClient.java:onNext(255)) - client-535162E20057->7049f9e8-7de6-4c8c-bf4c-9bb5512f4299: receive RaftClientReply:client-535162E20057->7049f9e8-7de6-4c8c-bf4c-9bb5512f4299@group-3B5DE3AEDFC2, cid=624, SUCCESS, logIndex=0, commits[7049f9e8-7de6-4c8c-bf4c-9bb5512f4299:c758, 13d9ac51-91bf-4c73-8824-2f58fc5b2747:c754, 15cd3569-c751-4f18-b157-6804e7d0f08c:c754]
2019-07-10 05:59:35,619 INFO  client.GrpcClientProtocolClient (GrpcClientProtocolClient.java:onNext(255)) - client-535162E20057->7049f9e8-7de6-4c8c-bf4c-9bb5512f4299: receive RaftClientReply:client-535162E20057->7049f9e8-7de6-4c8c-bf4c-9bb5512f4299@group-3B5DE3AEDFC2, cid=625, SUCCESS, logIndex=759, commits[7049f9e8-7de6-4c8c-bf4c-9bb5512f4299:c760, 13d9ac51-91bf-4c73-8824-2f58fc5b2747:c758, 15cd3569-c751-4f18-b157-6804e7d0f08c:c758]
2019-07-10 05:59:35,619 INFO  client.GrpcClientProtocolClient (GrpcClientProtocolClient.java:onNext(255)) - client-535162E20057->7049f9e8-7de6-4c8c-bf4c-9bb5512f4299: receive RaftClientReply:client-535162E20057->7049f9e8-7de6-4c8c-bf4c-9bb5512f4299@group-3B5DE3AEDFC2, cid=626, SUCCESS, logIndex=760, commits[7049f9e8-7de6-4c8c-bf4c-9bb5512f4299:c760, 13d9ac51-91bf-4c73-8824-2f58fc5b2747:c758, 15cd3569-c751-4f18-b157-6804e7d0f08c:c758]
2019-07-10 05:59:35,649 INFO  client.GrpcClientProtocolClient (GrpcClientProtocolClient.java:onNext(255)) - client-535162E20057->7049f9e8-7de6-4c8c-bf4c-9bb5512f4299: receive RaftClientReply:client-535162E20057->7049f9e8-7de6-4c8c-bf4c-9bb5512f4299@group-3B5DE3AEDFC2, cid=627, SUCCESS, logIndex=763, commits[7049f9e8-7de6-4c8c-bf4c-9bb5512f4299:c764, 13d9ac51-91bf-4c73-8824-2f58fc5b2747:c760, 15cd3569-c751-4f18-b157-6804e7d0f08c:c760]
2019-07-10 05:59:35,649 INFO  client.GrpcClientProtocolClient (GrpcClientProtocolClient.java:onNext(255)) - client-535162E20057->7049f9e8-7de6-4c8c-bf4c-9bb5512f4299: receive RaftClientReply:client-535162E20057->7049f9e8-7de6-4c8c-bf4c-9bb5512f4299@group-3B5DE3AEDFC2, cid=628, SUCCESS, logIndex=764, commits[7049f9e8-7de6-4c8c-bf4c-9bb5512f4299:c764, 13d9ac51-91bf-4c73-8824-2f58fc5b2747:c760, 15cd3569-c751-4f18-b157-6804e7d0f08c:c760]
2019-07-10 05:59:35,662 INFO  client.GrpcClientProtocolClient (GrpcClientProtocolClient.java:onNext(255)) - client-535162E20057->7049f9e8-7de6-4c8c-bf4c-9bb5512f4299: receive RaftClientReply:client-535162E20057->7049f9e8-7de6-4c8c-bf4c-9bb5512f4299@group-3B5DE3AEDFC2, cid=629, SUCCESS, logIndex=0, commits[7049f9e8-7de6-4c8c-bf4c-9bb5512f4299:c766, 13d9ac51-91bf-4c73-8824-2f58fc5b2747:c764, 15cd3569-c751-4f18-b157-6804e7d0f08c:c764]
2019-07-10 05:59:35,685 INFO  client.GrpcClientProtocolClient (GrpcClientProtocolClient.java:onNext(255)) - client-535162E20057->7049f9e8-7de6-4c8c-bf4c-9bb5512f4299: receive RaftClientReply:client-535162E20057->7049f9e8-7de6-4c8c-bf4c-9bb5512f4299@group-3B5DE3AEDFC2, cid=630, SUCCESS, logIndex=767, commits[7049f9e8-7de6-4c8c-bf4c-9bb5512f4299:c769, 13d9ac51-91bf-4c73-8824-2f58fc5b2747:c766, 15cd3569-c751-4f18-b157-6804e7d0f08c:c766]
2019-07-10 05:59:35,686 INFO  client.GrpcClientProtocolClient (GrpcClientProtocolClient.java:onNext(255)) - client-535162E20057->7049f9e8-7de6-4c8c-bf4c-9bb5512f4299: receive RaftClientReply:client-535162E20057->7049f9e8-7de6-4c8c-bf4c-9bb5512f4299@group-3B5DE3AEDFC2, cid=631, SUCCESS, logIndex=768, commits[7049f9e8-7de6-4c8c-bf4c-9bb5512f4299:c770, 13d9ac51-91bf-4c73-8824-2f58fc5b2747:c766, 15cd3569-c751-4f18-b157-6804e7d0f08c:c766]
2019-07-10 05:59:35,686 INFO  client.GrpcClientProtocolClient (GrpcClientProtocolClient.java:onNext(255)) - client-535162E20057->7049f9e8-7de6-4c8c-bf4c-9bb5512f4299: receive RaftClientReply:client-535162E20057->7049f9e8-7de6-4c8c-bf4c-9bb5512f4299@group-3B5DE3AEDFC2, cid=632, SUCCESS, logIndex=769, commits[7049f9e8-7de6-4c8c-bf4c-9bb5512f4299:c770, 13d9ac51-91bf-4c73-8824-2f58fc5b2747:c766, 15cd3569-c751-4f18-b157-6804e7d0f08c:c766]
2019-07-10 05:59:35,687 INFO  client.GrpcClientProtocolClient (GrpcClientProtocolClient.java:onNext(255)) - client-535162E20057->7049f9e8-7de6-4c8c-bf4c-9bb5512f4299: receive RaftClientReply:client-535162E20057->7049f9e8-7de6-4c8c-bf4c-9bb5512f4299@group-3B5DE3AEDFC2, cid=633, SUCCESS, logIndex=770, commits[7049f9e8-7de6-4c8c-bf4c-9bb5512f4299:c770, 13d9ac51-91bf-4c73-8824-2f58fc5b2747:c766, 15cd3569-c751-4f18-b157-6804e7d0f08c:c766]
2019-07-10 05:59:35,698 INFO  client.GrpcClientProtocolClient (GrpcClientProtocolClient.java:onNext(255)) - client-535162E20057->7049f9e8-7de6-4c8c-bf4c-9bb5512f4299: receive RaftClientReply:client-535162E20057->7049f9e8-7de6-4c8c-bf4c-9bb5512f4299@group-3B5DE3AEDFC2, cid=634, SUCCESS, logIndex=0, commits[7049f9e8-7de6-4c8c-bf4c-9bb5512f4299:c772, 13d9ac51-91bf-4c73-8824-2f58fc5b2747:c768, 15cd3569-c751-4f18-b157-6804e7d0f08c:c768]
2019-07-10 05:59:35,722 INFO  client.GrpcClientProtocolClient (GrpcClientProtocolClient.java:onNext(255)) - client-535162E20057->7049f9e8-7de6-4c8c-bf4c-9bb5512f4299: receive RaftClientReply:client-535162E20057->7049f9e8-7de6-4c8c-bf4c-9bb5512f4299@group-3B5DE3AEDFC2, cid=635, SUCCESS, logIndex=775, commits[7049f9e8-7de6-4c8c-bf4c-9bb5512f4299:c776, 13d9ac51-91bf-4c73-8824-2f58fc5b2747:c774, 15cd3569-c751-4f18-b157-6804e7d0f08c:c774]
2019-07-10 05:59:35,723 INFO  client.GrpcClientProtocolClient (GrpcClientProtocolClient.java:onNext(255)) - client-535162E20057->7049f9e8-7de6-4c8c-bf4c-9bb5512f4299: receive RaftClientReply:client-535162E20057->7049f9e8-7de6-4c8c-bf4c-9bb5512f4299@group-3B5DE3AEDFC2, cid=636, SUCCESS, logIndex=776, commits[7049f9e8-7de6-4c8c-bf4c-9bb5512f4299:c776, 13d9ac51-91bf-4c73-8824-2f58fc5b2747:c774, 15cd3569-c751-4f18-b157-6804e7d0f08c:c774]
2019-07-10 05:59:35,742 INFO  client.GrpcClientProtocolClient (GrpcClientProtocolClient.java:onNext(255)) - client-535162E20057->7049f9e8-7de6-4c8c-bf4c-9bb5512f4299: receive RaftClientReply:client-535162E20057->7049f9e8-7de6-4c8c-bf4c-9bb5512f4299@group-3B5DE3AEDFC2, cid=637, SUCCESS, logIndex=779, commits[7049f9e8-7de6-4c8c-bf4c-9bb5512f4299:c780, 13d9ac51-91bf-4c73-8824-2f58fc5b2747:c778, 15cd3569-c751-4f18-b157-6804e7d0f08c:c778]
2019-07-10 05:59:35,743 INFO  client.GrpcClientProtocolClient (GrpcClientProtocolClient.java:onNext(255)) - client-535162E20057->7049f9e8-7de6-4c8c-bf4c-9bb5512f4299: receive RaftClientReply:client-535162E20057->7049f9e8-7de6-4c8c-bf4c-9bb5512f4299@group-3B5DE3AEDFC2, cid=638, SUCCESS, logIndex=780, commits[7049f9e8-7de6-4c8c-bf4c-9bb5512f4299:c780, 13d9ac51-91bf-4c73-8824-2f58fc5b2747:c778, 15cd3569-c751-4f18-b157-6804e7d0f08c:c778]
2019-07-10 05:59:35,745 INFO  client.GrpcClientProtocolClient (GrpcClientProtocolClient.java:onNext(255)) - client-535162E20057->7049f9e8-7de6-4c8c-bf4c-9bb5512f4299: receive RaftClientReply:client-535162E20057->7049f9e8-7de6-4c8c-bf4c-9bb5512f4299@group-3B5DE3AEDFC2, cid=639, SUCCESS, logIndex=0, commits[7049f9e8-7de6-4c8c-bf4c-9bb5512f4299:c781, 13d9ac51-91bf-4c73-8824-2f58fc5b2747:c780, 15cd3569-c751-4f18-b157-6804e7d0f08c:c780]
2019-07-10 05:59:35,776 INFO  client.GrpcClientProtocolClient (GrpcClientProtocolClient.java:onNext(255)) - client-535162E20057->7049f9e8-7de6-4c8c-bf4c-9bb5512f4299: receive RaftClientReply:client-535162E20057->7049f9e8-7de6-4c8c-bf4c-9bb5512f4299@group-3B5DE3AEDFC2, cid=640, SUCCESS, logIndex=783, commits[7049f9e8-7de6-4c8c-bf4c-9bb5512f4299:c786, 13d9ac51-91bf-4c73-8824-2f58fc5b2747:c780, 15cd3569-c751-4f18-b157-6804e7d0f08c:c782]
2019-07-10 05:59:35,777 INFO  client.GrpcClientProtocolClient (GrpcClientProtocolClient.java:onNext(255)) - client-535162E20057->7049f9e8-7de6-4c8c-bf4c-9bb5512f4299: receive RaftClientReply:client-535162E20057->7049f9e8-7de6-4c8c-bf4c-9bb5512f4299@group-3B5DE3AEDFC2, cid=641, SUCCESS, logIndex=784, commits[7049f9e8-7de6-4c8c-bf4c-9bb5512f4299:c786, 13d9ac51-91bf-4c73-8824-2f58fc5b2747:c782, 15cd3569-c751-4f18-b157-6804e7d0f08c:c782]
2019-07-10 05:59:35,777 INFO  client.GrpcClientProtocolClient (GrpcClientProtocolClient.java:onNext(255)) - client-535162E20057->7049f9e8-7de6-4c8c-bf4c-9bb5512f4299: receive RaftClientReply:client-535162E20057->7049f9e8-7de6-4c8c-bf4c-9bb5512f4299@group-3B5DE3AEDFC2, cid=642, SUCCESS, logIndex=785, commits[7049f9e8-7de6-4c8c-bf4c-9bb5512f4299:c786, 13d9ac51-91bf-4c73-8824-2f58fc5b2747:c782, 15cd3569-c751-4f18-b157-6804e7d0f08c:c782]
2019-07-10 05:59:35,777 INFO  client.GrpcClientProtocolClient (GrpcClientProtocolClient.java:onNext(255)) - client-535162E20057->7049f9e8-7de6-4c8c-bf4c-9bb5512f4299: receive RaftClientReply:client-535162E20057->7049f9e8-7de6-4c8c-bf4c-9bb5512f4299@group-3B5DE3AEDFC2, cid=643, SUCCESS, logIndex=786, commits[7049f9e8-7de6-4c8c-bf4c-9bb5512f4299:c786, 13d9ac51-91bf-4c73-8824-2f58fc5b2747:c782, 15cd3569-c751-4f18-b157-6804e7d0f08c:c782]
2019-07-10 05:59:35,795 INFO  client.GrpcClientProtocolClient (GrpcClientProtocolClient.java:onNext(255)) - client-535162E20057->7049f9e8-7de6-4c8c-bf4c-9bb5512f4299: receive RaftClientReply:client-535162E20057->7049f9e8-7de6-4c8c-bf4c-9bb5512f4299@group-3B5DE3AEDFC2, cid=644, SUCCESS, logIndex=0, commits[7049f9e8-7de6-4c8c-bf4c-9bb5512f4299:c787, 13d9ac51-91bf-4c73-8824-2f58fc5b2747:c784, 15cd3569-c751-4f18-b157-6804e7d0f08c:c786]
2019-07-10 05:59:35,818 INFO  client.GrpcClientProtocolClient (GrpcClientProtocolClient.java:onNext(255)) - client-535162E20057->7049f9e8-7de6-4c8c-bf4c-9bb5512f4299: receive RaftClientReply:client-535162E20057->7049f9e8-7de6-4c8c-bf4c-9bb5512f4299@group-3B5DE3AEDFC2, cid=645, SUCCESS, logIndex=791, commits[7049f9e8-7de6-4c8c-bf4c-9bb5512f4299:c792, 13d9ac51-91bf-4c73-8824-2f58fc5b2747:c790, 15cd3569-c751-4f18-b157-6804e7d0f08c:c790]
2019-07-10 05:59:35,819 INFO  client.GrpcClientProtocolClient (GrpcClientProtocolClient.java:onNext(255)) - client-535162E20057->7049f9e8-7de6-4c8c-bf4c-9bb5512f4299: receive RaftClientReply:client-535162E20057->7049f9e8-7de6-4c8c-bf4c-9bb5512f4299@group-3B5DE3AEDFC2, cid=646, SUCCESS, logIndex=792, commits[7049f9e8-7de6-4c8c-bf4c-9bb5512f4299:c792, 13d9ac51-91bf-4c73-8824-2f58fc5b2747:c790, 15cd3569-c751-4f18-b157-6804e7d0f08c:c790]
2019-07-10 05:59:35,847 INFO  client.GrpcClientProtocolClient (GrpcClientProtocolClient.java:onNext(255)) - client-535162E20057->7049f9e8-7de6-4c8c-bf4c-9bb5512f4299: receive RaftClientReply:client-535162E20057->7049f9e8-7de6-4c8c-bf4c-9bb5512f4299@group-3B5DE3AEDFC2, cid=647, SUCCESS, logIndex=795, commits[7049f9e8-7de6-4c8c-bf4c-9bb5512f4299:c796, 13d9ac51-91bf-4c73-8824-2f58fc5b2747:c792, 15cd3569-c751-4f18-b157-6804e7d0f08c:c792]
2019-07-10 05:59:35,847 INFO  client.GrpcClientProtocolClient (GrpcClientProtocolClient.java:onNext(255)) - client-535162E20057->7049f9e8-7de6-4c8c-bf4c-9bb5512f4299: receive RaftClientReply:client-535162E20057->7049f9e8-7de6-4c8c-bf4c-9bb5512f4299@group-3B5DE3AEDFC2, cid=648, SUCCESS, logIndex=796, commits[7049f9e8-7de6-4c8c-bf4c-9bb5512f4299:c796, 13d9ac51-91bf-4c73-8824-2f58fc5b2747:c792, 15cd3569-c751-4f18-b157-6804e7d0f08c:c792]
2019-07-10 05:59:35,860 INFO  client.GrpcClientProtocolClient (GrpcClientProtocolClient.java:onNext(255)) - client-535162E20057->7049f9e8-7de6-4c8c-bf4c-9bb5512f4299: receive RaftClientReply:client-535162E20057->7049f9e8-7de6-4c8c-bf4c-9bb5512f4299@group-3B5DE3AEDFC2, cid=649, SUCCESS, logIndex=0, commits[7049f9e8-7de6-4c8c-bf4c-9bb5512f4299:c798, 13d9ac51-91bf-4c73-8824-2f58fc5b2747:c796, 15cd3569-c751-4f18-b157-6804e7d0f08c:c796]
2019-07-10 05:59:35,884 INFO  client.GrpcClientProtocolClient (GrpcClientProtocolClient.java:onNext(255)) - client-535162E20057->7049f9e8-7de6-4c8c-bf4c-9bb5512f4299: receive RaftClientReply:client-535162E20057->7049f9e8-7de6-4c8c-bf4c-9bb5512f4299@group-3B5DE3AEDFC2, cid=650, SUCCESS, logIndex=799, commits[7049f9e8-7de6-4c8c-bf4c-9bb5512f4299:c802, 13d9ac51-91bf-4c73-8824-2f58fc5b2747:c798, 15cd3569-c751-4f18-b157-6804e7d0f08c:c798]
2019-07-10 05:59:35,884 INFO  client.GrpcClientProtocolClient (GrpcClientProtocolClient.java:onNext(255)) - client-535162E20057->7049f9e8-7de6-4c8c-bf4c-9bb5512f4299: receive RaftClientReply:client-535162E20057->7049f9e8-7de6-4c8c-bf4c-9bb5512f4299@group-3B5DE3AEDFC2, cid=651, SUCCESS, logIndex=800, commits[7049f9e8-7de6-4c8c-bf4c-9bb5512f4299:c802, 13d9ac51-91bf-4c73-8824-2f58fc5b2747:c798, 15cd3569-c751-4f18-b157-6804e7d0f08c:c798]
2019-07-10 05:59:35,885 INFO  client.GrpcClientProtocolClient (GrpcClientProtocolClient.java:onNext(255)) - client-535162E20057->7049f9e8-7de6-4c8c-bf4c-9bb5512f4299: receive RaftClientReply:client-535162E20057->7049f9e8-7de6-4c8c-bf4c-9bb5512f4299@group-3B5DE3AEDFC2, cid=652, SUCCESS, logIndex=801, commits[7049f9e8-7de6-4c8c-bf4c-9bb5512f4299:c802, 13d9ac51-91bf-4c73-8824-2f58fc5b2747:c798, 15cd3569-c751-4f18-b157-6804e7d0f08c:c798]
2019-07-10 05:59:35,885 INFO  client.GrpcClientProtocolClient (GrpcClientProtocolClient.java:onNext(255)) - client-535162E20057->7049f9e8-7de6-4c8c-bf4c-9bb5512f4299: receive RaftClientReply:client-535162E20057->7049f9e8-7de6-4c8c-bf4c-9bb5512f4299@group-3B5DE3AEDFC2, cid=653, SUCCESS, logIndex=802, commits[7049f9e8-7de6-4c8c-bf4c-9bb5512f4299:c802, 13d9ac51-91bf-4c73-8824-2f58fc5b2747:c798, 15cd3569-c751-4f18-b157-6804e7d0f08c:c798]
2019-07-10 05:59:35,895 INFO  client.GrpcClientProtocolClient (GrpcClientProtocolClient.java:onNext(255)) - client-535162E20057->7049f9e8-7de6-4c8c-bf4c-9bb5512f4299: receive RaftClientReply:client-535162E20057->7049f9e8-7de6-4c8c-bf4c-9bb5512f4299@group-3B5DE3AEDFC2, cid=654, SUCCESS, logIndex=0, commits[7049f9e8-7de6-4c8c-bf4c-9bb5512f4299:c803, 13d9ac51-91bf-4c73-8824-2f58fc5b2747:c801, 15cd3569-c751-4f18-b157-6804e7d0f08c:c801]
2019-07-10 05:59:35,917 INFO  client.GrpcClientProtocolClient (GrpcClientProtocolClient.java:onNext(255)) - client-535162E20057->7049f9e8-7de6-4c8c-bf4c-9bb5512f4299: receive RaftClientReply:client-535162E20057->7049f9e8-7de6-4c8c-bf4c-9bb5512f4299@group-3B5DE3AEDFC2, cid=655, SUCCESS, logIndex=806, commits[7049f9e8-7de6-4c8c-bf4c-9bb5512f4299:c807, 13d9ac51-91bf-4c73-8824-2f58fc5b2747:c805, 15cd3569-c751-4f18-b157-6804e7d0f08c:c805]
2019-07-10 05:59:35,918 INFO  client.GrpcClientProtocolClient (GrpcClientProtocolClient.java:onNext(255)) - client-535162E20057->7049f9e8-7de6-4c8c-bf4c-9bb5512f4299: receive RaftClientReply:client-535162E20057->7049f9e8-7de6-4c8c-bf4c-9bb5512f4299@group-3B5DE3AEDFC2, cid=656, SUCCESS, logIndex=807, commits[7049f9e8-7de6-4c8c-bf4c-9bb5512f4299:c807, 13d9ac51-91bf-4c73-8824-2f58fc5b2747:c805, 15cd3569-c751-4f18-b157-6804e7d0f08c:c805]
2019-07-10 05:59:35,947 INFO  client.GrpcClientProtocolClient (GrpcClientProtocolClient.java:onNext(255)) - client-535162E20057->7049f9e8-7de6-4c8c-bf4c-9bb5512f4299: receive RaftClientReply:client-535162E20057->7049f9e8-7de6-4c8c-bf4c-9bb5512f4299@group-3B5DE3AEDFC2, cid=657, SUCCESS, logIndex=810, commits[7049f9e8-7de6-4c8c-bf4c-9bb5512f4299:c811, 13d9ac51-91bf-4c73-8824-2f58fc5b2747:c807, 15cd3569-c751-4f18-b157-6804e7d0f08c:c807]
2019-07-10 05:59:35,948 INFO  client.GrpcClientProtocolClient (GrpcClientProtocolClient.java:onNext(255)) - client-535162E20057->7049f9e8-7de6-4c8c-bf4c-9bb5512f4299: receive RaftClientReply:client-535162E20057->7049f9e8-7de6-4c8c-bf4c-9bb5512f4299@group-3B5DE3AEDFC2, cid=658, SUCCESS, logIndex=811, commits[7049f9e8-7de6-4c8c-bf4c-9bb5512f4299:c811, 13d9ac51-91bf-4c73-8824-2f58fc5b2747:c807, 15cd3569-c751-4f18-b157-6804e7d0f08c:c807]
2019-07-10 05:59:35,949 INFO  client.GrpcClientProtocolClient (GrpcClientProtocolClient.java:onNext(255)) - client-535162E20057->7049f9e8-7de6-4c8c-bf4c-9bb5512f4299: receive RaftClientReply:client-535162E20057->7049f9e8-7de6-4c8c-bf4c-9bb5512f4299@group-3B5DE3AEDFC2, cid=659, SUCCESS, logIndex=0, commits[7049f9e8-7de6-4c8c-bf4c-9bb5512f4299:c812, 13d9ac51-91bf-4c73-8824-2f58fc5b2747:c811, 15cd3569-c751-4f18-b157-6804e7d0f08c:c811]
2019-07-10 05:59:35,969 INFO  client.GrpcClientProtocolClient (GrpcClientProtocolClient.java:onNext(255)) - client-535162E20057->7049f9e8-7de6-4c8c-bf4c-9bb5512f4299: receive RaftClientReply:client-535162E20057->7049f9e8-7de6-4c8c-bf4c-9bb5512f4299@group-3B5DE3AEDFC2, cid=660, SUCCESS, logIndex=814, commits[7049f9e8-7de6-4c8c-bf4c-9bb5512f4299:c815, 13d9ac51-91bf-4c73-8824-2f58fc5b2747:c811, 15cd3569-c751-4f18-b157-6804e7d0f08c:c813]
2019-07-10 05:59:35,970 INFO  client.GrpcClientProtocolClient (GrpcClientProtocolClient.java:onNext(255)) - client-535162E20057->7049f9e8-7de6-4c8c-bf4c-9bb5512f4299: receive RaftClientReply:client-535162E20057->7049f9e8-7de6-4c8c-bf4c-9bb5512f4299@group-3B5DE3AEDFC2, cid=661, SUCCESS, logIndex=815, commits[7049f9e8-7de6-4c8c-bf4c-9bb5512f4299:c815, 13d9ac51-91bf-4c73-8824-2f58fc5b2747:c811, 15cd3569-c751-4f18-b157-6804e7d0f08c:c813]
2019-07-10 05:59:35,973 INFO  client.GrpcClientProtocolClient (GrpcClientProtocolClient.java:onNext(255)) - client-535162E20057->7049f9e8-7de6-4c8c-bf4c-9bb5512f4299: receive RaftClientReply:client-535162E20057->7049f9e8-7de6-4c8c-bf4c-9bb5512f4299@group-3B5DE3AEDFC2, cid=662, SUCCESS, logIndex=816, commits[7049f9e8-7de6-4c8c-bf4c-9bb5512f4299:c818, 13d9ac51-91bf-4c73-8824-2f58fc5b2747:c811, 15cd3569-c751-4f18-b157-6804e7d0f08c:c814]
2019-07-10 05:59:35,973 INFO  client.GrpcClientProtocolClient (GrpcClientProtocolClient.java:onNext(255)) - client-535162E20057->7049f9e8-7de6-4c8c-bf4c-9bb5512f4299: receive RaftClientReply:client-535162E20057->7049f9e8-7de6-4c8c-bf4c-9bb5512f4299@group-3B5DE3AEDFC2, cid=663, SUCCESS, logIndex=817, commits[7049f9e8-7de6-4c8c-bf4c-9bb5512f4299:c819, 13d9ac51-91bf-4c73-8824-2f58fc5b2747:c813, 15cd3569-c751-4f18-b157-6804e7d0f08c:c815]
2019-07-10 05:59:35,975 INFO  client.GrpcClientProtocolClient (GrpcClientProtocolClient.java:onNext(255)) - client-535162E20057->7049f9e8-7de6-4c8c-bf4c-9bb5512f4299: receive RaftClientReply:client-535162E20057->7049f9e8-7de6-4c8c-bf4c-9bb5512f4299@group-3B5DE3AEDFC2, cid=664, SUCCESS, logIndex=0, commits[7049f9e8-7de6-4c8c-bf4c-9bb5512f4299:c820, 13d9ac51-91bf-4c73-8824-2f58fc5b2747:c816, 15cd3569-c751-4f18-b157-6804e7d0f08c:c816]
 0.00% |█                                                                                                    |  0/1 Time: 0:00:012019-07-10 05:59:35,991 INFO  client.GrpcClientProtocolClient (GrpcClientProtocolClient.java:onNext(255)) - client-535162E20057->7049f9e8-7de6-4c8c-bf4c-9bb5512f4299: receive RaftClientReply:client-535162E20057->7049f9e8-7de6-4c8c-bf4c-9bb5512f4299@group-3B5DE3AEDFC2, cid=665, SUCCESS, logIndex=822, commits[7049f9e8-7de6-4c8c-bf4c-9bb5512f4299:c823, 13d9ac51-91bf-4c73-8824-2f58fc5b2747:c817, 15cd3569-c751-4f18-b157-6804e7d0f08c:c821]
2019-07-10 05:59:35,991 INFO  client.GrpcClientProtocolClient (GrpcClientProtocolClient.java:onNext(255)) - client-535162E20057->7049f9e8-7de6-4c8c-bf4c-9bb5512f4299: receive RaftClientReply:client-535162E20057->7049f9e8-7de6-4c8c-bf4c-9bb5512f4299@group-3B5DE3AEDFC2, cid=666, SUCCESS, logIndex=823, commits[7049f9e8-7de6-4c8c-bf4c-9bb5512f4299:c823, 13d9ac51-91bf-4c73-8824-2f58fc5b2747:c817, 15cd3569-c751-4f18-b157-6804e7d0f08c:c821]
2019-07-10 05:59:36,006 INFO  client.GrpcClientProtocolClient (GrpcClientProtocolClient.java:onNext(255)) - client-535162E20057->7049f9e8-7de6-4c8c-bf4c-9bb5512f4299: receive RaftClientReply:client-535162E20057->7049f9e8-7de6-4c8c-bf4c-9bb5512f4299@group-3B5DE3AEDFC2, cid=667, SUCCESS, logIndex=826, commits[7049f9e8-7de6-4c8c-bf4c-9bb5512f4299:c827, 13d9ac51-91bf-4c73-8824-2f58fc5b2747:c825, 15cd3569-c751-4f18-b157-6804e7d0f08c:c825]
2019-07-10 05:59:36,006 INFO  client.GrpcClientProtocolClient (GrpcClientProtocolClient.java:onNext(255)) - client-535162E20057->7049f9e8-7de6-4c8c-bf4c-9bb5512f4299: receive RaftClientReply:client-535162E20057->7049f9e8-7de6-4c8c-bf4c-9bb5512f4299@group-3B5DE3AEDFC2, cid=668, SUCCESS, logIndex=827, commits[7049f9e8-7de6-4c8c-bf4c-9bb5512f4299:c827, 13d9ac51-91bf-4c73-8824-2f58fc5b2747:c825, 15cd3569-c751-4f18-b157-6804e7d0f08c:c825]
2019-07-10 05:59:36,010 INFO  client.GrpcClientProtocolClient (GrpcClientProtocolClient.java:onNext(255)) - client-535162E20057->7049f9e8-7de6-4c8c-bf4c-9bb5512f4299: receive RaftClientReply:client-535162E20057->7049f9e8-7de6-4c8c-bf4c-9bb5512f4299@group-3B5DE3AEDFC2, cid=669, SUCCESS, logIndex=0, commits[7049f9e8-7de6-4c8c-bf4c-9bb5512f4299:c829, 13d9ac51-91bf-4c73-8824-2f58fc5b2747:c827, 15cd3569-c751-4f18-b157-6804e7d0f08c:c827]
2019-07-10 05:59:36,029 INFO  client.GrpcClientProtocolClient (GrpcClientProtocolClient.java:onNext(255)) - client-535162E20057->7049f9e8-7de6-4c8c-bf4c-9bb5512f4299: receive RaftClientReply:client-535162E20057->7049f9e8-7de6-4c8c-bf4c-9bb5512f4299@group-3B5DE3AEDFC2, cid=670, SUCCESS, logIndex=830, commits[7049f9e8-7de6-4c8c-bf4c-9bb5512f4299:c831, 13d9ac51-91bf-4c73-8824-2f58fc5b2747:c827, 15cd3569-c751-4f18-b157-6804e7d0f08c:c829]
2019-07-10 05:59:36,029 INFO  client.GrpcClientProtocolClient (GrpcClientProtocolClient.java:onNext(255)) - client-535162E20057->7049f9e8-7de6-4c8c-bf4c-9bb5512f4299: receive RaftClientReply:client-535162E20057->7049f9e8-7de6-4c8c-bf4c-9bb5512f4299@group-3B5DE3AEDFC2, cid=671, SUCCESS, logIndex=831, commits[7049f9e8-7de6-4c8c-bf4c-9bb5512f4299:c831, 13d9ac51-91bf-4c73-8824-2f58fc5b2747:c827, 15cd3569-c751-4f18-b157-6804e7d0f08c:c829]
2019-07-10 05:59:36,047 INFO  client.GrpcClientProtocolClient (GrpcClientProtocolClient.java:onNext(255)) - client-535162E20057->7049f9e8-7de6-4c8c-bf4c-9bb5512f4299: receive RaftClientReply:client-535162E20057->7049f9e8-7de6-4c8c-bf4c-9bb5512f4299@group-3B5DE3AEDFC2, cid=672, SUCCESS, logIndex=832, commits[7049f9e8-7de6-4c8c-bf4c-9bb5512f4299:c832, 13d9ac51-91bf-4c73-8824-2f58fc5b2747:c829, 15cd3569-c751-4f18-b157-6804e7d0f08c:c829]
2019-07-10 05:59:36,048 INFO  client.GrpcClientProtocolClient (GrpcClientProtocolClient.java:onNext(255)) - client-535162E20057->7049f9e8-7de6-4c8c-bf4c-9bb5512f4299: receive RaftClientReply:client-535162E20057->7049f9e8-7de6-4c8c-bf4c-9bb5512f4299@group-3B5DE3AEDFC2, cid=673, SUCCESS, logIndex=833, commits[7049f9e8-7de6-4c8c-bf4c-9bb5512f4299:c835, 13d9ac51-91bf-4c73-8824-2f58fc5b2747:c831, 15cd3569-c751-4f18-b157-6804e7d0f08c:c831]
2019-07-10 05:59:36,069 INFO  client.GrpcClientProtocolClient (GrpcClientProtocolClient.java:onNext(255)) - client-535162E20057->7049f9e8-7de6-4c8c-bf4c-9bb5512f4299: receive RaftClientReply:client-535162E20057->7049f9e8-7de6-4c8c-bf4c-9bb5512f4299@group-3B5DE3AEDFC2, cid=674, SUCCESS, logIndex=838, commits[7049f9e8-7de6-4c8c-bf4c-9bb5512f4299:c839, 13d9ac51-91bf-4c73-8824-2f58fc5b2747:c837, 15cd3569-c751-4f18-b157-6804e7d0f08c:c837]
2019-07-10 05:59:36,069 INFO  client.GrpcClientProtocolClient (GrpcClientProtocolClient.java:onNext(255)) - client-535162E20057->7049f9e8-7de6-4c8c-bf4c-9bb5512f4299: receive RaftClientReply:client-535162E20057->7049f9e8-7de6-4c8c-bf4c-9bb5512f4299@group-3B5DE3AEDFC2, cid=675, SUCCESS, logIndex=839, commits[7049f9e8-7de6-4c8c-bf4c-9bb5512f4299:c839, 13d9ac51-91bf-4c73-8824-2f58fc5b2747:c837, 15cd3569-c751-4f18-b157-6804e7d0f08c:c837]
2019-07-10 05:59:36,098 INFO  client.GrpcClientProtocolClient (GrpcClientProtocolClient.java:onNext(255)) - client-535162E20057->7049f9e8-7de6-4c8c-bf4c-9bb5512f4299: receive RaftClientReply:client-535162E20057->7049f9e8-7de6-4c8c-bf4c-9bb5512f4299@group-3B5DE3AEDFC2, cid=676, SUCCESS, logIndex=842, commits[7049f9e8-7de6-4c8c-bf4c-9bb5512f4299:c843, 13d9ac51-91bf-4c73-8824-2f58fc5b2747:c839, 15cd3569-c751-4f18-b157-6804e7d0f08c:c839]
2019-07-10 05:59:36,098 INFO  client.GrpcClientProtocolClient (GrpcClientProtocolClient.java:onNext(255)) - client-535162E20057->7049f9e8-7de6-4c8c-bf4c-9bb5512f4299: receive RaftClientReply:client-535162E20057->7049f9e8-7de6-4c8c-bf4c-9bb5512f4299@group-3B5DE3AEDFC2, cid=677, SUCCESS, logIndex=843, commits[7049f9e8-7de6-4c8c-bf4c-9bb5512f4299:c843, 13d9ac51-91bf-4c73-8824-2f58fc5b2747:c839, 15cd3569-c751-4f18-b157-6804e7d0f08c:c839]
2019-07-10 05:59:36,112 INFO  client.GrpcClientProtocolClient (GrpcClientProtocolClient.java:onNext(255)) - client-535162E20057->7049f9e8-7de6-4c8c-bf4c-9bb5512f4299: receive RaftClientReply:client-535162E20057->7049f9e8-7de6-4c8c-bf4c-9bb5512f4299@group-3B5DE3AEDFC2, cid=678, SUCCESS, logIndex=0, commits[7049f9e8-7de6-4c8c-bf4c-9bb5512f4299:c844, 13d9ac51-91bf-4c73-8824-2f58fc5b2747:c843, 15cd3569-c751-4f18-b157-6804e7d0f08c:c843]
2019-07-10 05:59:36,135 INFO  client.GrpcClientProtocolClient (GrpcClientProtocolClient.java:onNext(255)) - client-535162E20057->7049f9e8-7de6-4c8c-bf4c-9bb5512f4299: receive RaftClientReply:client-535162E20057->7049f9e8-7de6-4c8c-bf4c-9bb5512f4299@group-3B5DE3AEDFC2, cid=679, SUCCESS, logIndex=846, commits[7049f9e8-7de6-4c8c-bf4c-9bb5512f4299:c847, 13d9ac51-91bf-4c73-8824-2f58fc5b2747:c845, 15cd3569-c751-4f18-b157-6804e7d0f08c:c845]
2019-07-10 05:59:36,136 INFO  client.GrpcClientProtocolClient (GrpcClientProtocolClient.java:onNext(255)) - client-535162E20057->7049f9e8-7de6-4c8c-bf4c-9bb5512f4299: receive RaftClientReply:client-535162E20057->7049f9e8-7de6-4c8c-bf4c-9bb5512f4299@group-3B5DE3AEDFC2, cid=680, SUCCESS, logIndex=847, commits[7049f9e8-7de6-4c8c-bf4c-9bb5512f4299:c849, 13d9ac51-91bf-4c73-8824-2f58fc5b2747:c845, 15cd3569-c751-4f18-b157-6804e7d0f08c:c845]
2019-07-10 05:59:36,136 INFO  client.GrpcClientProtocolClient (GrpcClientProtocolClient.java:onNext(255)) - client-535162E20057->7049f9e8-7de6-4c8c-bf4c-9bb5512f4299: receive RaftClientReply:client-535162E20057->7049f9e8-7de6-4c8c-bf4c-9bb5512f4299@group-3B5DE3AEDFC2, cid=681, SUCCESS, logIndex=848, commits[7049f9e8-7de6-4c8c-bf4c-9bb5512f4299:c849, 13d9ac51-91bf-4c73-8824-2f58fc5b2747:c845, 15cd3569-c751-4f18-b157-6804e7d0f08c:c845]
2019-07-10 05:59:36,136 INFO  client.GrpcClientProtocolClient (GrpcClientProtocolClient.java:onNext(255)) - client-535162E20057->7049f9e8-7de6-4c8c-bf4c-9bb5512f4299: receive RaftClientReply:client-535162E20057->7049f9e8-7de6-4c8c-bf4c-9bb5512f4299@group-3B5DE3AEDFC2, cid=682, SUCCESS, logIndex=849, commits[7049f9e8-7de6-4c8c-bf4c-9bb5512f4299:c850, 13d9ac51-91bf-4c73-8824-2f58fc5b2747:c845, 15cd3569-c751-4f18-b157-6804e7d0f08c:c846]
2019-07-10 05:59:36,138 INFO  client.GrpcClientProtocolClient (GrpcClientProtocolClient.java:onNext(255)) - client-535162E20057->7049f9e8-7de6-4c8c-bf4c-9bb5512f4299: receive RaftClientReply:client-535162E20057->7049f9e8-7de6-4c8c-bf4c-9bb5512f4299@group-3B5DE3AEDFC2, cid=683, SUCCESS, logIndex=0, commits[7049f9e8-7de6-4c8c-bf4c-9bb5512f4299:c853, 13d9ac51-91bf-4c73-8824-2f58fc5b2747:c849, 15cd3569-c751-4f18-b157-6804e7d0f08c:c849]
2019-07-10 05:59:36,162 INFO  client.GrpcClientProtocolClient (GrpcClientProtocolClient.java:onNext(255)) - client-535162E20057->7049f9e8-7de6-4c8c-bf4c-9bb5512f4299: receive RaftClientReply:client-535162E20057->7049f9e8-7de6-4c8c-bf4c-9bb5512f4299@group-3B5DE3AEDFC2, cid=684, SUCCESS, logIndex=854, commits[7049f9e8-7de6-4c8c-bf4c-9bb5512f4299:c855, 13d9ac51-91bf-4c73-8824-2f58fc5b2747:c853, 15cd3569-c751-4f18-b157-6804e7d0f08c:c853]
2019-07-10 05:59:36,163 INFO  client.GrpcClientProtocolClient (GrpcClientProtocolClient.java:onNext(255)) - client-535162E20057->7049f9e8-7de6-4c8c-bf4c-9bb5512f4299: receive RaftClientReply:client-535162E20057->7049f9e8-7de6-4c8c-bf4c-9bb5512f4299@group-3B5DE3AEDFC2, cid=685, SUCCESS, logIndex=855, commits[7049f9e8-7de6-4c8c-bf4c-9bb5512f4299:c855, 13d9ac51-91bf-4c73-8824-2f58fc5b2747:c853, 15cd3569-c751-4f18-b157-6804e7d0f08c:c853]
2019-07-10 05:59:36,288 INFO  client.GrpcClientProtocolClient (GrpcClientProtocolClient.java:onNext(255)) - client-535162E20057->7049f9e8-7de6-4c8c-bf4c-9bb5512f4299: receive RaftClientReply:client-535162E20057->7049f9e8-7de6-4c8c-bf4c-9bb5512f4299@group-3B5DE3AEDFC2, cid=686, SUCCESS, logIndex=858, commits[7049f9e8-7de6-4c8c-bf4c-9bb5512f4299:c859, 13d9ac51-91bf-4c73-8824-2f58fc5b2747:c855, 15cd3569-c751-4f18-b157-6804e7d0f08c:c855]
2019-07-10 05:59:36,288 INFO  client.GrpcClientProtocolClient (GrpcClientProtocolClient.java:onNext(255)) - client-535162E20057->7049f9e8-7de6-4c8c-bf4c-9bb5512f4299: receive RaftClientReply:client-535162E20057->7049f9e8-7de6-4c8c-bf4c-9bb5512f4299@group-3B5DE3AEDFC2, cid=687, SUCCESS, logIndex=859, commits[7049f9e8-7de6-4c8c-bf4c-9bb5512f4299:c859, 13d9ac51-91bf-4c73-8824-2f58fc5b2747:c855, 15cd3569-c751-4f18-b157-6804e7d0f08c:c855]
2019-07-10 05:59:36,302 INFO  client.GrpcClientProtocolClient (GrpcClientProtocolClient.java:onNext(255)) - client-535162E20057->7049f9e8-7de6-4c8c-bf4c-9bb5512f4299: receive RaftClientReply:client-535162E20057->7049f9e8-7de6-4c8c-bf4c-9bb5512f4299@group-3B5DE3AEDFC2, cid=688, SUCCESS, logIndex=0, commits[7049f9e8-7de6-4c8c-bf4c-9bb5512f4299:c860, 13d9ac51-91bf-4c73-8824-2f58fc5b2747:c859, 15cd3569-c751-4f18-b157-6804e7d0f08c:c859]
2019-07-10 05:59:36,323 INFO  client.GrpcClientProtocolClient (GrpcClientProtocolClient.java:onNext(255)) - client-535162E20057->7049f9e8-7de6-4c8c-bf4c-9bb5512f4299: receive RaftClientReply:client-535162E20057->7049f9e8-7de6-4c8c-bf4c-9bb5512f4299@group-3B5DE3AEDFC2, cid=689, SUCCESS, logIndex=862, commits[7049f9e8-7de6-4c8c-bf4c-9bb5512f4299:c863, 13d9ac51-91bf-4c73-8824-2f58fc5b2747:c861, 15cd3569-c751-4f18-b157-6804e7d0f08c:c859]
2019-07-10 05:59:36,323 INFO  client.GrpcClientProtocolClient (GrpcClientProtocolClient.java:onNext(255)) - client-535162E20057->7049f9e8-7de6-4c8c-bf4c-9bb5512f4299: receive RaftClientReply:client-535162E20057->7049f9e8-7de6-4c8c-bf4c-9bb5512f4299@group-3B5DE3AEDFC2, cid=690, SUCCESS, logIndex=863, commits[7049f9e8-7de6-4c8c-bf4c-9bb5512f4299:c863, 13d9ac51-91bf-4c73-8824-2f58fc5b2747:c861, 15cd3569-c751-4f18-b157-6804e7d0f08c:c859]
2019-07-10 05:59:36,335 INFO  client.GrpcClientProtocolClient (GrpcClientProtocolClient.java:onNext(255)) - client-535162E20057->7049f9e8-7de6-4c8c-bf4c-9bb5512f4299: receive RaftClientReply:client-535162E20057->7049f9e8-7de6-4c8c-bf4c-9bb5512f4299@group-3B5DE3AEDFC2, cid=691, SUCCESS, logIndex=864, commits[7049f9e8-7de6-4c8c-bf4c-9bb5512f4299:c865, 13d9ac51-91bf-4c73-8824-2f58fc5b2747:c861, 15cd3569-c751-4f18-b157-6804e7d0f08c:c861]
2019-07-10 05:59:36,336 INFO  client.GrpcClientProtocolClient (GrpcClientProtocolClient.java:onNext(255)) - client-535162E20057->7049f9e8-7de6-4c8c-bf4c-9bb5512f4299: receive RaftClientReply:client-535162E20057->7049f9e8-7de6-4c8c-bf4c-9bb5512f4299@group-3B5DE3AEDFC2, cid=692, SUCCESS, logIndex=865, commits[7049f9e8-7de6-4c8c-bf4c-9bb5512f4299:c867, 13d9ac51-91bf-4c73-8824-2f58fc5b2747:c863, 15cd3569-c751-4f18-b157-6804e7d0f08c:c861]
2019-07-10 05:59:36,337 INFO  client.GrpcClientProtocolClient (GrpcClientProtocolClient.java:onNext(255)) - client-535162E20057->7049f9e8-7de6-4c8c-bf4c-9bb5512f4299: receive RaftClientReply:client-535162E20057->7049f9e8-7de6-4c8c-bf4c-9bb5512f4299@group-3B5DE3AEDFC2, cid=693, SUCCESS, logIndex=0, commits[7049f9e8-7de6-4c8c-bf4c-9bb5512f4299:c869, 13d9ac51-91bf-4c73-8824-2f58fc5b2747:c865, 15cd3569-c751-4f18-b157-6804e7d0f08c:c865]
2019-07-10 05:59:36,357 INFO  client.GrpcClientProtocolClient (GrpcClientProtocolClient.java:onNext(255)) - client-535162E20057->7049f9e8-7de6-4c8c-bf4c-9bb5512f4299: receive RaftClientReply:client-535162E20057->7049f9e8-7de6-4c8c-bf4c-9bb5512f4299@group-3B5DE3AEDFC2, cid=694, SUCCESS, logIndex=870, commits[7049f9e8-7de6-4c8c-bf4c-9bb5512f4299:c871, 13d9ac51-91bf-4c73-8824-2f58fc5b2747:c869, 15cd3569-c751-4f18-b157-6804e7d0f08c:c869]
2019-07-10 05:59:36,357 INFO  client.GrpcClientProtocolClient (GrpcClientProtocolClient.java:onNext(255)) - client-535162E20057->7049f9e8-7de6-4c8c-bf4c-9bb5512f4299: receive RaftClientReply:client-535162E20057->7049f9e8-7de6-4c8c-bf4c-9bb5512f4299@group-3B5DE3AEDFC2, cid=695, SUCCESS, logIndex=871, commits[7049f9e8-7de6-4c8c-bf4c-9bb5512f4299:c871, 13d9ac51-91bf-4c73-8824-2f58fc5b2747:c869, 15cd3569-c751-4f18-b157-6804e7d0f08c:c869]
2019-07-10 05:59:36,383 INFO  client.GrpcClientProtocolClient (GrpcClientProtocolClient.java:onNext(255)) - client-535162E20057->7049f9e8-7de6-4c8c-bf4c-9bb5512f4299: receive RaftClientReply:client-535162E20057->7049f9e8-7de6-4c8c-bf4c-9bb5512f4299@group-3B5DE3AEDFC2, cid=696, SUCCESS, logIndex=874, commits[7049f9e8-7de6-4c8c-bf4c-9bb5512f4299:c875, 13d9ac51-91bf-4c73-8824-2f58fc5b2747:c871, 15cd3569-c751-4f18-b157-6804e7d0f08c:c871]
2019-07-10 05:59:36,384 INFO  client.GrpcClientProtocolClient (GrpcClientProtocolClient.java:onNext(255)) - client-535162E20057->7049f9e8-7de6-4c8c-bf4c-9bb5512f4299: receive RaftClientReply:client-535162E20057->7049f9e8-7de6-4c8c-bf4c-9bb5512f4299@group-3B5DE3AEDFC2, cid=697, SUCCESS, logIndex=875, commits[7049f9e8-7de6-4c8c-bf4c-9bb5512f4299:c875, 13d9ac51-91bf-4c73-8824-2f58fc5b2747:c871, 15cd3569-c751-4f18-b157-6804e7d0f08c:c871]
2019-07-10 05:59:36,395 INFO  client.GrpcClientProtocolClient (GrpcClientProtocolClient.java:onNext(255)) - client-535162E20057->7049f9e8-7de6-4c8c-bf4c-9bb5512f4299: receive RaftClientReply:client-535162E20057->7049f9e8-7de6-4c8c-bf4c-9bb5512f4299@group-3B5DE3AEDFC2, cid=698, SUCCESS, logIndex=0, commits[7049f9e8-7de6-4c8c-bf4c-9bb5512f4299:c876, 13d9ac51-91bf-4c73-8824-2f58fc5b2747:c875, 15cd3569-c751-4f18-b157-6804e7d0f08c:c875]
2019-07-10 05:59:36,417 INFO  client.GrpcClientProtocolClient (GrpcClientProtocolClient.java:onNext(255)) - client-535162E20057->7049f9e8-7de6-4c8c-bf4c-9bb5512f4299: receive RaftClientReply:client-535162E20057->7049f9e8-7de6-4c8c-bf4c-9bb5512f4299@group-3B5DE3AEDFC2, cid=699, SUCCESS, logIndex=878, commits[7049f9e8-7de6-4c8c-bf4c-9bb5512f4299:c879, 13d9ac51-91bf-4c73-8824-2f58fc5b2747:c877, 15cd3569-c751-4f18-b157-6804e7d0f08c:c875]
2019-07-10 05:59:36,419 INFO  client.GrpcClientProtocolClient (GrpcClientProtocolClient.java:onNext(255)) - client-535162E20057->7049f9e8-7de6-4c8c-bf4c-9bb5512f4299: receive RaftClientReply:client-535162E20057->7049f9e8-7de6-4c8c-bf4c-9bb5512f4299@group-3B5DE3AEDFC2, cid=700, SUCCESS, logIndex=879, commits[7049f9e8-7de6-4c8c-bf4c-9bb5512f4299:c879, 13d9ac51-91bf-4c73-8824-2f58fc5b2747:c877, 15cd3569-c751-4f18-b157-6804e7d0f08c:c875]
2019-07-10 05:59:36,420 INFO  client.GrpcClientProtocolClient (GrpcClientProtocolClient.java:onNext(255)) - client-535162E20057->7049f9e8-7de6-4c8c-bf4c-9bb5512f4299: receive RaftClientReply:client-535162E20057->7049f9e8-7de6-4c8c-bf4c-9bb5512f4299@group-3B5DE3AEDFC2, cid=701, SUCCESS, logIndex=880, commits[7049f9e8-7de6-4c8c-bf4c-9bb5512f4299:c880, 13d9ac51-91bf-4c73-8824-2f58fc5b2747:c877, 15cd3569-c751-4f18-b157-6804e7d0f08c:c877]
2019-07-10 05:59:36,420 INFO  client.GrpcClientProtocolClient (GrpcClientProtocolClient.java:onNext(255)) - client-535162E20057->7049f9e8-7de6-4c8c-bf4c-9bb5512f4299: receive RaftClientReply:client-535162E20057->7049f9e8-7de6-4c8c-bf4c-9bb5512f4299@group-3B5DE3AEDFC2, cid=702, SUCCESS, logIndex=881, commits[7049f9e8-7de6-4c8c-bf4c-9bb5512f4299:c881, 13d9ac51-91bf-4c73-8824-2f58fc5b2747:c877, 15cd3569-c751-4f18-b157-6804e7d0f08c:c877]
2019-07-10 05:59:36,422 INFO  client.GrpcClientProtocolClient (GrpcClientProtocolClient.java:onNext(255)) - client-535162E20057->7049f9e8-7de6-4c8c-bf4c-9bb5512f4299: receive RaftClientReply:client-535162E20057->7049f9e8-7de6-4c8c-bf4c-9bb5512f4299@group-3B5DE3AEDFC2, cid=703, SUCCESS, logIndex=0, commits[7049f9e8-7de6-4c8c-bf4c-9bb5512f4299:c885, 13d9ac51-91bf-4c73-8824-2f58fc5b2747:c880, 15cd3569-c751-4f18-b157-6804e7d0f08c:c881]
2019-07-10 05:59:36,445 INFO  client.GrpcClientProtocolClient (GrpcClientProtocolClient.java:onNext(255)) - client-535162E20057->7049f9e8-7de6-4c8c-bf4c-9bb5512f4299: receive RaftClientReply:client-535162E20057->7049f9e8-7de6-4c8c-bf4c-9bb5512f4299@group-3B5DE3AEDFC2, cid=704, SUCCESS, logIndex=886, commits[7049f9e8-7de6-4c8c-bf4c-9bb5512f4299:c887, 13d9ac51-91bf-4c73-8824-2f58fc5b2747:c885, 15cd3569-c751-4f18-b157-6804e7d0f08c:c885]
2019-07-10 05:59:36,445 INFO  client.GrpcClientProtocolClient (GrpcClientProtocolClient.java:onNext(255)) - client-535162E20057->7049f9e8-7de6-4c8c-bf4c-9bb5512f4299: receive RaftClientReply:client-535162E20057->7049f9e8-7de6-4c8c-bf4c-9bb5512f4299@group-3B5DE3AEDFC2, cid=705, SUCCESS, logIndex=887, commits[7049f9e8-7de6-4c8c-bf4c-9bb5512f4299:c887, 13d9ac51-91bf-4c73-8824-2f58fc5b2747:c885, 15cd3569-c751-4f18-b157-6804e7d0f08c:c885]
2019-07-10 05:59:36,470 INFO  client.GrpcClientProtocolClient (GrpcClientProtocolClient.java:onNext(255)) - client-535162E20057->7049f9e8-7de6-4c8c-bf4c-9bb5512f4299: receive RaftClientReply:client-535162E20057->7049f9e8-7de6-4c8c-bf4c-9bb5512f4299@group-3B5DE3AEDFC2, cid=706, SUCCESS, logIndex=890, commits[7049f9e8-7de6-4c8c-bf4c-9bb5512f4299:c891, 13d9ac51-91bf-4c73-8824-2f58fc5b2747:c887, 15cd3569-c751-4f18-b157-6804e7d0f08c:c887]
2019-07-10 05:59:36,471 INFO  client.GrpcClientProtocolClient (GrpcClientProtocolClient.java:onNext(255)) - client-535162E20057->7049f9e8-7de6-4c8c-bf4c-9bb5512f4299: receive RaftClientReply:client-535162E20057->7049f9e8-7de6-4c8c-bf4c-9bb5512f4299@group-3B5DE3AEDFC2, cid=707, SUCCESS, logIndex=891, commits[7049f9e8-7de6-4c8c-bf4c-9bb5512f4299:c891, 13d9ac51-91bf-4c73-8824-2f58fc5b2747:c887, 15cd3569-c751-4f18-b157-6804e7d0f08c:c887]
2019-07-10 05:59:36,474 INFO  client.GrpcClientProtocolClient (GrpcClientProtocolClient.java:onNext(255)) - client-535162E20057->7049f9e8-7de6-4c8c-bf4c-9bb5512f4299: receive RaftClientReply:client-535162E20057->7049f9e8-7de6-4c8c-bf4c-9bb5512f4299@group-3B5DE3AEDFC2, cid=708, SUCCESS, logIndex=0, commits[7049f9e8-7de6-4c8c-bf4c-9bb5512f4299:c893, 13d9ac51-91bf-4c73-8824-2f58fc5b2747:c891, 15cd3569-c751-4f18-b157-6804e7d0f08c:c891]
2019-07-10 05:59:36,495 INFO  client.GrpcClientProtocolClient (GrpcClientProtocolClient.java:onNext(255)) - client-535162E20057->7049f9e8-7de6-4c8c-bf4c-9bb5512f4299: receive RaftClientReply:client-535162E20057->7049f9e8-7de6-4c8c-bf4c-9bb5512f4299@group-3B5DE3AEDFC2, cid=709, SUCCESS, logIndex=894, commits[7049f9e8-7de6-4c8c-bf4c-9bb5512f4299:c897, 13d9ac51-91bf-4c73-8824-2f58fc5b2747:c893, 15cd3569-c751-4f18-b157-6804e7d0f08c:c893]
2019-07-10 05:59:36,495 INFO  client.GrpcClientProtocolClient (GrpcClientProtocolClient.java:onNext(255)) - client-535162E20057->7049f9e8-7de6-4c8c-bf4c-9bb5512f4299: receive RaftClientReply:client-535162E20057->7049f9e8-7de6-4c8c-bf4c-9bb5512f4299@group-3B5DE3AEDFC2, cid=710, SUCCESS, logIndex=895, commits[7049f9e8-7de6-4c8c-bf4c-9bb5512f4299:c897, 13d9ac51-91bf-4c73-8824-2f58fc5b2747:c893, 15cd3569-c751-4f18-b157-6804e7d0f08c:c893]
2019-07-10 05:59:36,496 INFO  client.GrpcClientProtocolClient (GrpcClientProtocolClient.java:onNext(255)) - client-535162E20057->7049f9e8-7de6-4c8c-bf4c-9bb5512f4299: receive RaftClientReply:client-535162E20057->7049f9e8-7de6-4c8c-bf4c-9bb5512f4299@group-3B5DE3AEDFC2, cid=711, SUCCESS, logIndex=896, commits[7049f9e8-7de6-4c8c-bf4c-9bb5512f4299:c897, 13d9ac51-91bf-4c73-8824-2f58fc5b2747:c893, 15cd3569-c751-4f18-b157-6804e7d0f08c:c893]
2019-07-10 05:59:36,496 INFO  client.GrpcClientProtocolClient (GrpcClientProtocolClient.java:onNext(255)) - client-535162E20057->7049f9e8-7de6-4c8c-bf4c-9bb5512f4299: receive RaftClientReply:client-535162E20057->7049f9e8-7de6-4c8c-bf4c-9bb5512f4299@group-3B5DE3AEDFC2, cid=712, SUCCESS, logIndex=897, commits[7049f9e8-7de6-4c8c-bf4c-9bb5512f4299:c897, 13d9ac51-91bf-4c73-8824-2f58fc5b2747:c893, 15cd3569-c751-4f18-b157-6804e7d0f08c:c893]
2019-07-10 05:59:36,507 INFO  client.GrpcClientProtocolClient (GrpcClientProtocolClient.java:onNext(255)) - client-535162E20057->7049f9e8-7de6-4c8c-bf4c-9bb5512f4299: receive RaftClientReply:client-535162E20057->7049f9e8-7de6-4c8c-bf4c-9bb5512f4299@group-3B5DE3AEDFC2, cid=713, SUCCESS, logIndex=0, commits[7049f9e8-7de6-4c8c-bf4c-9bb5512f4299:c898, 13d9ac51-91bf-4c73-8824-2f58fc5b2747:c895, 15cd3569-c751-4f18-b157-6804e7d0f08c:c895]
2019-07-10 05:59:36,527 INFO  client.GrpcClientProtocolClient (GrpcClientProtocolClient.java:onNext(255)) - client-535162E20057->7049f9e8-7de6-4c8c-bf4c-9bb5512f4299: receive RaftClientReply:client-535162E20057->7049f9e8-7de6-4c8c-bf4c-9bb5512f4299@group-3B5DE3AEDFC2, cid=714, SUCCESS, logIndex=902, commits[7049f9e8-7de6-4c8c-bf4c-9bb5512f4299:c903, 13d9ac51-91bf-4c73-8824-2f58fc5b2747:c901, 15cd3569-c751-4f18-b157-6804e7d0f08c:c901]
2019-07-10 05:59:36,528 INFO  client.GrpcClientProtocolClient (GrpcClientProtocolClient.java:onNext(255)) - client-535162E20057->7049f9e8-7de6-4c8c-bf4c-9bb5512f4299: receive RaftClientReply:client-535162E20057->7049f9e8-7de6-4c8c-bf4c-9bb5512f4299@group-3B5DE3AEDFC2, cid=715, SUCCESS, logIndex=903, commits[7049f9e8-7de6-4c8c-bf4c-9bb5512f4299:c903, 13d9ac51-91bf-4c73-8824-2f58fc5b2747:c901, 15cd3569-c751-4f18-b157-6804e7d0f08c:c901]
2019-07-10 05:59:36,558 INFO  client.GrpcClientProtocolClient (GrpcClientProtocolClient.java:onNext(255)) - client-535162E20057->7049f9e8-7de6-4c8c-bf4c-9bb5512f4299: receive RaftClientReply:client-535162E20057->7049f9e8-7de6-4c8c-bf4c-9bb5512f4299@group-3B5DE3AEDFC2, cid=716, SUCCESS, logIndex=906, commits[7049f9e8-7de6-4c8c-bf4c-9bb5512f4299:c907, 13d9ac51-91bf-4c73-8824-2f58fc5b2747:c905, 15cd3569-c751-4f18-b157-6804e7d0f08c:c905]
2019-07-10 05:59:36,558 INFO  client.GrpcClientProtocolClient (GrpcClientProtocolClient.java:onNext(255)) - client-535162E20057->7049f9e8-7de6-4c8c-bf4c-9bb5512f4299: receive RaftClientReply:client-535162E20057->7049f9e8-7de6-4c8c-bf4c-9bb5512f4299@group-3B5DE3AEDFC2, cid=717, SUCCESS, logIndex=907, commits[7049f9e8-7de6-4c8c-bf4c-9bb5512f4299:c907, 13d9ac51-91bf-4c73-8824-2f58fc5b2747:c905, 15cd3569-c751-4f18-b157-6804e7d0f08c:c905]
2019-07-10 05:59:36,570 INFO  client.GrpcClientProtocolClient (GrpcClientProtocolClient.java:onNext(255)) - client-535162E20057->7049f9e8-7de6-4c8c-bf4c-9bb5512f4299: receive RaftClientReply:client-535162E20057->7049f9e8-7de6-4c8c-bf4c-9bb5512f4299@group-3B5DE3AEDFC2, cid=718, SUCCESS, logIndex=0, commits[7049f9e8-7de6-4c8c-bf4c-9bb5512f4299:c908, 13d9ac51-91bf-4c73-8824-2f58fc5b2747:c907, 15cd3569-c751-4f18-b157-6804e7d0f08c:c907]
2019-07-10 05:59:36,599 INFO  client.GrpcClientProtocolClient (GrpcClientProtocolClient.java:onNext(255)) - client-535162E20057->7049f9e8-7de6-4c8c-bf4c-9bb5512f4299: receive RaftClientReply:client-535162E20057->7049f9e8-7de6-4c8c-bf4c-9bb5512f4299@group-3B5DE3AEDFC2, cid=719, SUCCESS, logIndex=910, commits[7049f9e8-7de6-4c8c-bf4c-9bb5512f4299:c911, 13d9ac51-91bf-4c73-8824-2f58fc5b2747:c909, 15cd3569-c751-4f18-b157-6804e7d0f08c:c909]
2019-07-10 05:59:36,600 INFO  client.GrpcClientProtocolClient (GrpcClientProtocolClient.java:onNext(255)) - client-535162E20057->7049f9e8-7de6-4c8c-bf4c-9bb5512f4299: receive RaftClientReply:client-535162E20057->7049f9e8-7de6-4c8c-bf4c-9bb5512f4299@group-3B5DE3AEDFC2, cid=720, SUCCESS, logIndex=911, commits[7049f9e8-7de6-4c8c-bf4c-9bb5512f4299:c913, 13d9ac51-91bf-4c73-8824-2f58fc5b2747:c909, 15cd3569-c751-4f18-b157-6804e7d0f08c:c909]
2019-07-10 05:59:36,601 INFO  client.GrpcClientProtocolClient (GrpcClientProtocolClient.java:onNext(255)) - client-535162E20057->7049f9e8-7de6-4c8c-bf4c-9bb5512f4299: receive RaftClientReply:client-535162E20057->7049f9e8-7de6-4c8c-bf4c-9bb5512f4299@group-3B5DE3AEDFC2, cid=721, SUCCESS, logIndex=912, commits[7049f9e8-7de6-4c8c-bf4c-9bb5512f4299:c913, 13d9ac51-91bf-4c73-8824-2f58fc5b2747:c909, 15cd3569-c751-4f18-b157-6804e7d0f08c:c909]
2019-07-10 05:59:36,601 INFO  client.GrpcClientProtocolClient (GrpcClientProtocolClient.java:onNext(255)) - client-535162E20057->7049f9e8-7de6-4c8c-bf4c-9bb5512f4299: receive RaftClientReply:client-535162E20057->7049f9e8-7de6-4c8c-bf4c-9bb5512f4299@group-3B5DE3AEDFC2, cid=722, SUCCESS, logIndex=913, commits[7049f9e8-7de6-4c8c-bf4c-9bb5512f4299:c913, 13d9ac51-91bf-4c73-8824-2f58fc5b2747:c909, 15cd3569-c751-4f18-b157-6804e7d0f08c:c909]
2019-07-10 05:59:36,621 INFO  client.GrpcClientProtocolClient (GrpcClientProtocolClient.java:onNext(255)) - client-535162E20057->7049f9e8-7de6-4c8c-bf4c-9bb5512f4299: receive RaftClientReply:client-535162E20057->7049f9e8-7de6-4c8c-bf4c-9bb5512f4299@group-3B5DE3AEDFC2, cid=723, SUCCESS, logIndex=0, commits[7049f9e8-7de6-4c8c-bf4c-9bb5512f4299:c917, 13d9ac51-91bf-4c73-8824-2f58fc5b2747:c911, 15cd3569-c751-4f18-b157-6804e7d0f08c:c913]
2019-07-10 05:59:36,645 INFO  client.GrpcClientProtocolClient (GrpcClientProtocolClient.java:onNext(255)) - client-535162E20057->7049f9e8-7de6-4c8c-bf4c-9bb5512f4299: receive RaftClientReply:client-535162E20057->7049f9e8-7de6-4c8c-bf4c-9bb5512f4299@group-3B5DE3AEDFC2, cid=724, SUCCESS, logIndex=918, commits[7049f9e8-7de6-4c8c-bf4c-9bb5512f4299:c919, 13d9ac51-91bf-4c73-8824-2f58fc5b2747:c917, 15cd3569-c751-4f18-b157-6804e7d0f08c:c917]
2019-07-10 05:59:36,645 INFO  client.GrpcClientProtocolClient (GrpcClientProtocolClient.java:onNext(255)) - client-535162E20057->7049f9e8-7de6-4c8c-bf4c-9bb5512f4299: receive RaftClientReply:client-535162E20057->7049f9e8-7de6-4c8c-bf4c-9bb5512f4299@group-3B5DE3AEDFC2, cid=725, SUCCESS, logIndex=919, commits[7049f9e8-7de6-4c8c-bf4c-9bb5512f4299:c919, 13d9ac51-91bf-4c73-8824-2f58fc5b2747:c917, 15cd3569-c751-4f18-b157-6804e7d0f08c:c917]
2019-07-10 05:59:36,670 INFO  client.GrpcClientProtocolClient (GrpcClientProtocolClient.java:onNext(255)) - client-535162E20057->7049f9e8-7de6-4c8c-bf4c-9bb5512f4299: receive RaftClientReply:client-535162E20057->7049f9e8-7de6-4c8c-bf4c-9bb5512f4299@group-3B5DE3AEDFC2, cid=726, SUCCESS, logIndex=922, commits[7049f9e8-7de6-4c8c-bf4c-9bb5512f4299:c923, 13d9ac51-91bf-4c73-8824-2f58fc5b2747:c919, 15cd3569-c751-4f18-b157-6804e7d0f08c:c919]
2019-07-10 05:59:36,671 INFO  client.GrpcClientProtocolClient (GrpcClientProtocolClient.java:onNext(255)) - client-535162E20057->7049f9e8-7de6-4c8c-bf4c-9bb5512f4299: receive RaftClientReply:client-535162E20057->7049f9e8-7de6-4c8c-bf4c-9bb5512f4299@group-3B5DE3AEDFC2, cid=727, SUCCESS, logIndex=923, commits[7049f9e8-7de6-4c8c-bf4c-9bb5512f4299:c923, 13d9ac51-91bf-4c73-8824-2f58fc5b2747:c919, 15cd3569-c751-4f18-b157-6804e7d0f08c:c919]
2019-07-10 05:59:36,686 INFO  client.GrpcClientProtocolClient (GrpcClientProtocolClient.java:onNext(255)) - client-535162E20057->7049f9e8-7de6-4c8c-bf4c-9bb5512f4299: receive RaftClientReply:client-535162E20057->7049f9e8-7de6-4c8c-bf4c-9bb5512f4299@group-3B5DE3AEDFC2, cid=728, SUCCESS, logIndex=0, commits[7049f9e8-7de6-4c8c-bf4c-9bb5512f4299:c925, 13d9ac51-91bf-4c73-8824-2f58fc5b2747:c923, 15cd3569-c751-4f18-b157-6804e7d0f08c:c923]
2019-07-10 05:59:36,713 INFO  client.GrpcClientProtocolClient (GrpcClientProtocolClient.java:onNext(255)) - client-535162E20057->7049f9e8-7de6-4c8c-bf4c-9bb5512f4299: receive RaftClientReply:client-535162E20057->7049f9e8-7de6-4c8c-bf4c-9bb5512f4299@group-3B5DE3AEDFC2, cid=729, SUCCESS, logIndex=926, commits[7049f9e8-7de6-4c8c-bf4c-9bb5512f4299:c927, 13d9ac51-91bf-4c73-8824-2f58fc5b2747:c925, 15cd3569-c751-4f18-b157-6804e7d0f08c:c925]
2019-07-10 05:59:36,713 INFO  client.GrpcClientProtocolClient (GrpcClientProtocolClient.java:onNext(255)) - client-535162E20057->7049f9e8-7de6-4c8c-bf4c-9bb5512f4299: receive RaftClientReply:client-535162E20057->7049f9e8-7de6-4c8c-bf4c-9bb5512f4299@group-3B5DE3AEDFC2, cid=730, SUCCESS, logIndex=927, commits[7049f9e8-7de6-4c8c-bf4c-9bb5512f4299:c929, 13d9ac51-91bf-4c73-8824-2f58fc5b2747:c925, 15cd3569-c751-4f18-b157-6804e7d0f08c:c925]
2019-07-10 05:59:36,714 INFO  client.GrpcClientProtocolClient (GrpcClientProtocolClient.java:onNext(255)) - client-535162E20057->7049f9e8-7de6-4c8c-bf4c-9bb5512f4299: receive RaftClientReply:client-535162E20057->7049f9e8-7de6-4c8c-bf4c-9bb5512f4299@group-3B5DE3AEDFC2, cid=731, SUCCESS, logIndex=928, commits[7049f9e8-7de6-4c8c-bf4c-9bb5512f4299:c929, 13d9ac51-91bf-4c73-8824-2f58fc5b2747:c925, 15cd3569-c751-4f18-b157-6804e7d0f08c:c925]
2019-07-10 05:59:36,714 INFO  client.GrpcClientProtocolClient (GrpcClientProtocolClient.java:onNext(255)) - client-535162E20057->7049f9e8-7de6-4c8c-bf4c-9bb5512f4299: receive RaftClientReply:client-535162E20057->7049f9e8-7de6-4c8c-bf4c-9bb5512f4299@group-3B5DE3AEDFC2, cid=732, SUCCESS, logIndex=929, commits[7049f9e8-7de6-4c8c-bf4c-9bb5512f4299:c930, 13d9ac51-91bf-4c73-8824-2f58fc5b2747:c925, 15cd3569-c751-4f18-b157-6804e7d0f08c:c926]
2019-07-10 05:59:36,716 INFO  client.GrpcClientProtocolClient (GrpcClientProtocolClient.java:onNext(255)) - client-535162E20057->7049f9e8-7de6-4c8c-bf4c-9bb5512f4299: receive RaftClientReply:client-535162E20057->7049f9e8-7de6-4c8c-bf4c-9bb5512f4299@group-3B5DE3AEDFC2, cid=733, SUCCESS, logIndex=0, commits[7049f9e8-7de6-4c8c-bf4c-9bb5512f4299:c931, 13d9ac51-91bf-4c73-8824-2f58fc5b2747:c927, 15cd3569-c751-4f18-b157-6804e7d0f08c:c927]
2019-07-10 05:59:36,738 INFO  client.GrpcClientProtocolClient (GrpcClientProtocolClient.java:onNext(255)) - client-535162E20057->7049f9e8-7de6-4c8c-bf4c-9bb5512f4299: receive RaftClientReply:client-535162E20057->7049f9e8-7de6-4c8c-bf4c-9bb5512f4299@group-3B5DE3AEDFC2, cid=734, SUCCESS, logIndex=933, commits[7049f9e8-7de6-4c8c-bf4c-9bb5512f4299:c934, 13d9ac51-91bf-4c73-8824-2f58fc5b2747:c932, 15cd3569-c751-4f18-b157-6804e7d0f08c:c932]
2019-07-10 05:59:36,739 INFO  client.GrpcClientProtocolClient (GrpcClientProtocolClient.java:onNext(255)) - client-535162E20057->7049f9e8-7de6-4c8c-bf4c-9bb5512f4299: receive RaftClientReply:client-535162E20057->7049f9e8-7de6-4c8c-bf4c-9bb5512f4299@group-3B5DE3AEDFC2, cid=735, SUCCESS, logIndex=934, commits[7049f9e8-7de6-4c8c-bf4c-9bb5512f4299:c934, 13d9ac51-91bf-4c73-8824-2f58fc5b2747:c932, 15cd3569-c751-4f18-b157-6804e7d0f08c:c932]
2019-07-10 05:59:36,755 INFO  client.GrpcClientProtocolClient (GrpcClientProtocolClient.java:onNext(255)) - client-535162E20057->7049f9e8-7de6-4c8c-bf4c-9bb5512f4299: receive RaftClientReply:client-535162E20057->7049f9e8-7de6-4c8c-bf4c-9bb5512f4299@group-3B5DE3AEDFC2, cid=736, SUCCESS, logIndex=937, commits[7049f9e8-7de6-4c8c-bf4c-9bb5512f4299:c938, 13d9ac51-91bf-4c73-8824-2f58fc5b2747:c934, 15cd3569-c751-4f18-b157-6804e7d0f08c:c934]
2019-07-10 05:59:36,756 INFO  client.GrpcClientProtocolClient (GrpcClientProtocolClient.java:onNext(255)) - client-535162E20057->7049f9e8-7de6-4c8c-bf4c-9bb5512f4299: receive RaftClientReply:client-535162E20057->7049f9e8-7de6-4c8c-bf4c-9bb5512f4299@group-3B5DE3AEDFC2, cid=737, SUCCESS, logIndex=938, commits[7049f9e8-7de6-4c8c-bf4c-9bb5512f4299:c938, 13d9ac51-91bf-4c73-8824-2f58fc5b2747:c934, 15cd3569-c751-4f18-b157-6804e7d0f08c:c934]
2019-07-10 05:59:36,757 INFO  client.GrpcClientProtocolClient (GrpcClientProtocolClient.java:onNext(255)) - client-535162E20057->7049f9e8-7de6-4c8c-bf4c-9bb5512f4299: receive RaftClientReply:client-535162E20057->7049f9e8-7de6-4c8c-bf4c-9bb5512f4299@group-3B5DE3AEDFC2, cid=738, SUCCESS, logIndex=0, commits[7049f9e8-7de6-4c8c-bf4c-9bb5512f4299:c940, 13d9ac51-91bf-4c73-8824-2f58fc5b2747:c938, 15cd3569-c751-4f18-b157-6804e7d0f08c:c938]
2019-07-10 05:59:36,771 INFO  client.GrpcClientProtocolClient (GrpcClientProtocolClient.java:onNext(255)) - client-535162E20057->7049f9e8-7de6-4c8c-bf4c-9bb5512f4299: receive RaftClientReply:client-535162E20057->7049f9e8-7de6-4c8c-bf4c-9bb5512f4299@group-3B5DE3AEDFC2, cid=739, SUCCESS, logIndex=941, commits[7049f9e8-7de6-4c8c-bf4c-9bb5512f4299:c942, 13d9ac51-91bf-4c73-8824-2f58fc5b2747:c938, 15cd3569-c751-4f18-b157-6804e7d0f08c:c940]
2019-07-10 05:59:36,772 INFO  client.GrpcClientProtocolClient (GrpcClientProtocolClient.java:onNext(255)) - client-535162E20057->7049f9e8-7de6-4c8c-bf4c-9bb5512f4299: receive RaftClientReply:client-535162E20057->7049f9e8-7de6-4c8c-bf4c-9bb5512f4299@group-3B5DE3AEDFC2, cid=740, SUCCESS, logIndex=942, commits[7049f9e8-7de6-4c8c-bf4c-9bb5512f4299:c942, 13d9ac51-91bf-4c73-8824-2f58fc5b2747:c938, 15cd3569-c751-4f18-b157-6804e7d0f08c:c940]
2019-07-10 05:59:36,774 INFO  client.GrpcClientProtocolClient (GrpcClientProtocolClient.java:onNext(255)) - client-535162E20057->7049f9e8-7de6-4c8c-bf4c-9bb5512f4299: receive RaftClientReply:client-535162E20057->7049f9e8-7de6-4c8c-bf4c-9bb5512f4299@group-3B5DE3AEDFC2, cid=741, SUCCESS, logIndex=943, commits[7049f9e8-7de6-4c8c-bf4c-9bb5512f4299:c943, 13d9ac51-91bf-4c73-8824-2f58fc5b2747:c938, 15cd3569-c751-4f18-b157-6804e7d0f08c:c940]
2019-07-10 05:59:36,774 INFO  client.GrpcClientProtocolClient (GrpcClientProtocolClient.java:onNext(255)) - client-535162E20057->7049f9e8-7de6-4c8c-bf4c-9bb5512f4299: receive RaftClientReply:client-535162E20057->7049f9e8-7de6-4c8c-bf4c-9bb5512f4299@group-3B5DE3AEDFC2, cid=742, SUCCESS, logIndex=944, commits[7049f9e8-7de6-4c8c-bf4c-9bb5512f4299:c946, 13d9ac51-91bf-4c73-8824-2f58fc5b2747:c938, 15cd3569-c751-4f18-b157-6804e7d0f08c:c942]
2019-07-10 05:59:36,776 INFO  client.GrpcClientProtocolClient (GrpcClientProtocolClient.java:onNext(255)) - client-535162E20057->7049f9e8-7de6-4c8c-bf4c-9bb5512f4299: receive RaftClientReply:client-535162E20057->7049f9e8-7de6-4c8c-bf4c-9bb5512f4299@group-3B5DE3AEDFC2, cid=743, SUCCESS, logIndex=0, commits[7049f9e8-7de6-4c8c-bf4c-9bb5512f4299:c947, 13d9ac51-91bf-4c73-8824-2f58fc5b2747:c942, 15cd3569-c751-4f18-b157-6804e7d0f08c:c943]
2019-07-10 05:59:36,791 INFO  client.GrpcClientProtocolClient (GrpcClientProtocolClient.java:onNext(255)) - client-535162E20057->7049f9e8-7de6-4c8c-bf4c-9bb5512f4299: receive RaftClientReply:client-535162E20057->7049f9e8-7de6-4c8c-bf4c-9bb5512f4299@group-3B5DE3AEDFC2, cid=744, SUCCESS, logIndex=949, commits[7049f9e8-7de6-4c8c-bf4c-9bb5512f4299:c950, 13d9ac51-91bf-4c73-8824-2f58fc5b2747:c948, 15cd3569-c751-4f18-b157-6804e7d0f08c:c948]
2019-07-10 05:59:36,791 INFO  client.GrpcClientProtocolClient (GrpcClientProtocolClient.java:onNext(255)) - client-535162E20057->7049f9e8-7de6-4c8c-bf4c-9bb5512f4299: receive RaftClientReply:client-535162E20057->7049f9e8-7de6-4c8c-bf4c-9bb5512f4299@group-3B5DE3AEDFC2, cid=745, SUCCESS, logIndex=950, commits[7049f9e8-7de6-4c8c-bf4c-9bb5512f4299:c950, 13d9ac51-91bf-4c73-8824-2f58fc5b2747:c948, 15cd3569-c751-4f18-b157-6804e7d0f08c:c948]
2019-07-10 05:59:36,814 INFO  client.GrpcClientProtocolClient (GrpcClientProtocolClient.java:onNext(255)) - client-535162E20057->7049f9e8-7de6-4c8c-bf4c-9bb5512f4299: receive RaftClientReply:client-535162E20057->7049f9e8-7de6-4c8c-bf4c-9bb5512f4299@group-3B5DE3AEDFC2, cid=746, SUCCESS, logIndex=953, commits[7049f9e8-7de6-4c8c-bf4c-9bb5512f4299:c954, 13d9ac51-91bf-4c73-8824-2f58fc5b2747:c952, 15cd3569-c751-4f18-b157-6804e7d0f08c:c952]
2019-07-10 05:59:36,814 INFO  client.GrpcClientProtocolClient (GrpcClientProtocolClient.java:onNext(255)) - client-535162E20057->7049f9e8-7de6-4c8c-bf4c-9bb5512f4299: receive RaftClientReply:client-535162E20057->7049f9e8-7de6-4c8c-bf4c-9bb5512f4299@group-3B5DE3AEDFC2, cid=747, SUCCESS, logIndex=954, commits[7049f9e8-7de6-4c8c-bf4c-9bb5512f4299:c954, 13d9ac51-91bf-4c73-8824-2f58fc5b2747:c952, 15cd3569-c751-4f18-b157-6804e7d0f08c:c952]
2019-07-10 05:59:36,826 INFO  client.GrpcClientProtocolClient (GrpcClientProtocolClient.java:onNext(255)) - client-535162E20057->7049f9e8-7de6-4c8c-bf4c-9bb5512f4299: receive RaftClientReply:client-535162E20057->7049f9e8-7de6-4c8c-bf4c-9bb5512f4299@group-3B5DE3AEDFC2, cid=748, SUCCESS, logIndex=0, commits[7049f9e8-7de6-4c8c-bf4c-9bb5512f4299:c956, 13d9ac51-91bf-4c73-8824-2f58fc5b2747:c954, 15cd3569-c751-4f18-b157-6804e7d0f08c:c954]
2019-07-10 05:59:36,844 INFO  client.GrpcClientProtocolClient (GrpcClientProtocolClient.java:onNext(255)) - client-535162E20057->7049f9e8-7de6-4c8c-bf4c-9bb5512f4299: receive RaftClientReply:client-535162E20057->7049f9e8-7de6-4c8c-bf4c-9bb5512f4299@group-3B5DE3AEDFC2, cid=749, SUCCESS, logIndex=957, commits[7049f9e8-7de6-4c8c-bf4c-9bb5512f4299:c959, 13d9ac51-91bf-4c73-8824-2f58fc5b2747:c956, 15cd3569-c751-4f18-b157-6804e7d0f08c:c956]
2019-07-10 05:59:36,845 INFO  client.GrpcClientProtocolClient (GrpcClientProtocolClient.java:onNext(255)) - client-535162E20057->7049f9e8-7de6-4c8c-bf4c-9bb5512f4299: receive RaftClientReply:client-535162E20057->7049f9e8-7de6-4c8c-bf4c-9bb5512f4299@group-3B5DE3AEDFC2, cid=750, SUCCESS, logIndex=958, commits[7049f9e8-7de6-4c8c-bf4c-9bb5512f4299:c960, 13d9ac51-91bf-4c73-8824-2f58fc5b2747:c956, 15cd3569-c751-4f18-b157-6804e7d0f08c:c956]
2019-07-10 05:59:36,845 INFO  client.GrpcClientProtocolClient (GrpcClientProtocolClient.java:onNext(255)) - client-535162E20057->7049f9e8-7de6-4c8c-bf4c-9bb5512f4299: receive RaftClientReply:client-535162E20057->7049f9e8-7de6-4c8c-bf4c-9bb5512f4299@group-3B5DE3AEDFC2, cid=751, SUCCESS, logIndex=959, commits[7049f9e8-7de6-4c8c-bf4c-9bb5512f4299:c960, 13d9ac51-91bf-4c73-8824-2f58fc5b2747:c956, 15cd3569-c751-4f18-b157-6804e7d0f08c:c956]
2019-07-10 05:59:36,846 INFO  client.GrpcClientProtocolClient (GrpcClientProtocolClient.java:onNext(255)) - client-535162E20057->7049f9e8-7de6-4c8c-bf4c-9bb5512f4299: receive RaftClientReply:client-535162E20057->7049f9e8-7de6-4c8c-bf4c-9bb5512f4299@group-3B5DE3AEDFC2, cid=752, SUCCESS, logIndex=960, commits[7049f9e8-7de6-4c8c-bf4c-9bb5512f4299:c960, 13d9ac51-91bf-4c73-8824-2f58fc5b2747:c956, 15cd3569-c751-4f18-b157-6804e7d0f08c:c956]
2019-07-10 05:59:36,847 INFO  client.GrpcClientProtocolClient (GrpcClientProtocolClient.java:onNext(255)) - client-535162E20057->7049f9e8-7de6-4c8c-bf4c-9bb5512f4299: receive RaftClientReply:client-535162E20057->7049f9e8-7de6-4c8c-bf4c-9bb5512f4299@group-3B5DE3AEDFC2, cid=753, SUCCESS, logIndex=0, commits[7049f9e8-7de6-4c8c-bf4c-9bb5512f4299:c964, 13d9ac51-91bf-4c73-8824-2f58fc5b2747:c960, 15cd3569-c751-4f18-b157-6804e7d0f08c:c958]
2019-07-10 05:59:36,868 INFO  client.GrpcClientProtocolClient (GrpcClientProtocolClient.java:onNext(255)) - client-535162E20057->7049f9e8-7de6-4c8c-bf4c-9bb5512f4299: receive RaftClientReply:client-535162E20057->7049f9e8-7de6-4c8c-bf4c-9bb5512f4299@group-3B5DE3AEDFC2, cid=754, SUCCESS, logIndex=965, commits[7049f9e8-7de6-4c8c-bf4c-9bb5512f4299:c966, 13d9ac51-91bf-4c73-8824-2f58fc5b2747:c964, 15cd3569-c751-4f18-b157-6804e7d0f08c:c964]
2019-07-10 05:59:36,871 INFO  client.GrpcClientProtocolClient (GrpcClientProtocolClient.java:onNext(255)) - client-535162E20057->7049f9e8-7de6-4c8c-bf4c-9bb5512f4299: receive RaftClientReply:client-535162E20057->7049f9e8-7de6-4c8c-bf4c-9bb5512f4299@group-3B5DE3AEDFC2, cid=755, SUCCESS, logIndex=966, commits[7049f9e8-7de6-4c8c-bf4c-9bb5512f4299:c966, 13d9ac51-91bf-4c73-8824-2f58fc5b2747:c964, 15cd3569-c751-4f18-b157-6804e7d0f08c:c964]
2019-07-10 05:59:36,893 INFO  client.GrpcClientProtocolClient (GrpcClientProtocolClient.java:onNext(255)) - client-535162E20057->7049f9e8-7de6-4c8c-bf4c-9bb5512f4299: receive RaftClientReply:client-535162E20057->7049f9e8-7de6-4c8c-bf4c-9bb5512f4299@group-3B5DE3AEDFC2, cid=756, SUCCESS, logIndex=969, commits[7049f9e8-7de6-4c8c-bf4c-9bb5512f4299:c970, 13d9ac51-91bf-4c73-8824-2f58fc5b2747:c966, 15cd3569-c751-4f18-b157-6804e7d0f08c:c966]
2019-07-10 05:59:36,894 INFO  client.GrpcClientProtocolClient (GrpcClientProtocolClient.java:onNext(255)) - client-535162E20057->7049f9e8-7de6-4c8c-bf4c-9bb5512f4299: receive RaftClientReply:client-535162E20057->7049f9e8-7de6-4c8c-bf4c-9bb5512f4299@group-3B5DE3AEDFC2, cid=757, SUCCESS, logIndex=970, commits[7049f9e8-7de6-4c8c-bf4c-9bb5512f4299:c970, 13d9ac51-91bf-4c73-8824-2f58fc5b2747:c966, 15cd3569-c751-4f18-b157-6804e7d0f08c:c966]
2019-07-10 05:59:36,905 INFO  client.GrpcClientProtocolClient (GrpcClientProtocolClient.java:onNext(255)) - client-535162E20057->7049f9e8-7de6-4c8c-bf4c-9bb5512f4299: receive RaftClientReply:client-535162E20057->7049f9e8-7de6-4c8c-bf4c-9bb5512f4299@group-3B5DE3AEDFC2, cid=758, SUCCESS, logIndex=0, commits[7049f9e8-7de6-4c8c-bf4c-9bb5512f4299:c972, 13d9ac51-91bf-4c73-8824-2f58fc5b2747:c970, 15cd3569-c751-4f18-b157-6804e7d0f08c:c970]
2019-07-10 05:59:36,928 INFO  client.GrpcClientProtocolClient (GrpcClientProtocolClient.java:onNext(255)) - client-535162E20057->7049f9e8-7de6-4c8c-bf4c-9bb5512f4299: receive RaftClientReply:client-535162E20057->7049f9e8-7de6-4c8c-bf4c-9bb5512f4299@group-3B5DE3AEDFC2, cid=759, SUCCESS, logIndex=973, commits[7049f9e8-7de6-4c8c-bf4c-9bb5512f4299:c976, 13d9ac51-91bf-4c73-8824-2f58fc5b2747:c972, 15cd3569-c751-4f18-b157-6804e7d0f08c:c972]
2019-07-10 05:59:36,928 INFO  client.GrpcClientProtocolClient (GrpcClientProtocolClient.java:onNext(255)) - client-535162E20057->7049f9e8-7de6-4c8c-bf4c-9bb5512f4299: receive RaftClientReply:client-535162E20057->7049f9e8-7de6-4c8c-bf4c-9bb5512f4299@group-3B5DE3AEDFC2, cid=760, SUCCESS, logIndex=974, commits[7049f9e8-7de6-4c8c-bf4c-9bb5512f4299:c976, 13d9ac51-91bf-4c73-8824-2f58fc5b2747:c972, 15cd3569-c751-4f18-b157-6804e7d0f08c:c972]
2019-07-10 05:59:36,928 INFO  client.GrpcClientProtocolClient (GrpcClientProtocolClient.java:onNext(255)) - client-535162E20057->7049f9e8-7de6-4c8c-bf4c-9bb5512f4299: receive RaftClientReply:client-535162E20057->7049f9e8-7de6-4c8c-bf4c-9bb5512f4299@group-3B5DE3AEDFC2, cid=761, SUCCESS, logIndex=975, commits[7049f9e8-7de6-4c8c-bf4c-9bb5512f4299:c976, 13d9ac51-91bf-4c73-8824-2f58fc5b2747:c972, 15cd3569-c751-4f18-b157-6804e7d0f08c:c972]
2019-07-10 05:59:36,929 INFO  client.GrpcClientProtocolClient (GrpcClientProtocolClient.java:onNext(255)) - client-535162E20057->7049f9e8-7de6-4c8c-bf4c-9bb5512f4299: receive RaftClientReply:client-535162E20057->7049f9e8-7de6-4c8c-bf4c-9bb5512f4299@group-3B5DE3AEDFC2, cid=762, SUCCESS, logIndex=976, commits[7049f9e8-7de6-4c8c-bf4c-9bb5512f4299:c976, 13d9ac51-91bf-4c73-8824-2f58fc5b2747:c972, 15cd3569-c751-4f18-b157-6804e7d0f08c:c972]
2019-07-10 05:59:36,939 INFO  client.GrpcClientProtocolClient (GrpcClientProtocolClient.java:onNext(255)) - client-535162E20057->7049f9e8-7de6-4c8c-bf4c-9bb5512f4299: receive RaftClientReply:client-535162E20057->7049f9e8-7de6-4c8c-bf4c-9bb5512f4299@group-3B5DE3AEDFC2, cid=763, SUCCESS, logIndex=0, commits[7049f9e8-7de6-4c8c-bf4c-9bb5512f4299:c977, 13d9ac51-91bf-4c73-8824-2f58fc5b2747:c974, 15cd3569-c751-4f18-b157-6804e7d0f08c:c974]
2019-07-10 05:59:36,961 INFO  client.GrpcClientProtocolClient (GrpcClientProtocolClient.java:onNext(255)) - client-535162E20057->7049f9e8-7de6-4c8c-bf4c-9bb5512f4299: receive RaftClientReply:client-535162E20057->7049f9e8-7de6-4c8c-bf4c-9bb5512f4299@group-3B5DE3AEDFC2, cid=764, SUCCESS, logIndex=980, commits[7049f9e8-7de6-4c8c-bf4c-9bb5512f4299:c981, 13d9ac51-91bf-4c73-8824-2f58fc5b2747:c979, 15cd3569-c751-4f18-b157-6804e7d0f08c:c979]
2019-07-10 05:59:36,961 INFO  client.GrpcClientProtocolClient (GrpcClientProtocolClient.java:onNext(255)) - client-535162E20057->7049f9e8-7de6-4c8c-bf4c-9bb5512f4299: receive RaftClientReply:client-535162E20057->7049f9e8-7de6-4c8c-bf4c-9bb5512f4299@group-3B5DE3AEDFC2, cid=765, SUCCESS, logIndex=981, commits[7049f9e8-7de6-4c8c-bf4c-9bb5512f4299:c981, 13d9ac51-91bf-4c73-8824-2f58fc5b2747:c979, 15cd3569-c751-4f18-b157-6804e7d0f08c:c979]
2019-07-10 05:59:36,974 INFO  client.GrpcClientProtocolClient (GrpcClientProtocolClient.java:onNext(255)) - client-535162E20057->7049f9e8-7de6-4c8c-bf4c-9bb5512f4299: receive RaftClientReply:client-535162E20057->7049f9e8-7de6-4c8c-bf4c-9bb5512f4299@group-3B5DE3AEDFC2, cid=766, SUCCESS, logIndex=984, commits[7049f9e8-7de6-4c8c-bf4c-9bb5512f4299:c985, 13d9ac51-91bf-4c73-8824-2f58fc5b2747:c980, 15cd3569-c751-4f18-b157-6804e7d0f08c:c981]
2019-07-10 05:59:36,974 INFO  client.GrpcClientProtocolClient (GrpcClientProtocolClient.java:onNext(255)) - client-535162E20057->7049f9e8-7de6-4c8c-bf4c-9bb5512f4299: receive RaftClientReply:client-535162E20057->7049f9e8-7de6-4c8c-bf4c-9bb5512f4299@group-3B5DE3AEDFC2, cid=767, SUCCESS, logIndex=985, commits[7049f9e8-7de6-4c8c-bf4c-9bb5512f4299:c985, 13d9ac51-91bf-4c73-8824-2f58fc5b2747:c980, 15cd3569-c751-4f18-b157-6804e7d0f08c:c981]
2019-07-10 05:59:36,976 INFO  client.GrpcClientProtocolClient (GrpcClientProtocolClient.java:onNext(255)) - client-535162E20057->7049f9e8-7de6-4c8c-bf4c-9bb5512f4299: receive RaftClientReply:client-535162E20057->7049f9e8-7de6-4c8c-bf4c-9bb5512f4299@group-3B5DE3AEDFC2, cid=768, SUCCESS, logIndex=0, commits[7049f9e8-7de6-4c8c-bf4c-9bb5512f4299:c986, 13d9ac51-91bf-4c73-8824-2f58fc5b2747:c981, 15cd3569-c751-4f18-b157-6804e7d0f08c:c985]
2019-07-10 05:59:36,977 INFO  client.GrpcClientProtocolClient (GrpcClientProtocolClient.java:onNext(255)) - client-535162E20057->7049f9e8-7de6-4c8c-bf4c-9bb5512f4299: receive RaftClientReply:client-535162E20057->7049f9e8-7de6-4c8c-bf4c-9bb5512f4299@group-3B5DE3AEDFC2, cid=769, SUCCESS, logIndex=0, commits[7049f9e8-7de6-4c8c-bf4c-9bb5512f4299:c987, 13d9ac51-91bf-4c73-8824-2f58fc5b2747:c985, 15cd3569-c751-4f18-b157-6804e7d0f08c:c985]
 0.00% |█                                                                                                    |  0/1 Time: 0:00:022019-07-10 05:59:37,115 INFO  client.GrpcClientProtocolClient (GrpcClientProtocolClient.java:onNext(255)) - client-535162E20057->7049f9e8-7de6-4c8c-bf4c-9bb5512f4299: receive RaftClientReply:client-535162E20057->7049f9e8-7de6-4c8c-bf4c-9bb5512f4299@group-3B5DE3AEDFC2, cid=770, SUCCESS, logIndex=988, commits[7049f9e8-7de6-4c8c-bf4c-9bb5512f4299:c989, 13d9ac51-91bf-4c73-8824-2f58fc5b2747:c987, 15cd3569-c751-4f18-b157-6804e7d0f08c:c987]
2019-07-10 05:59:37,116 INFO  client.GrpcClientProtocolClient (GrpcClientProtocolClient.java:onNext(255)) - client-535162E20057->7049f9e8-7de6-4c8c-bf4c-9bb5512f4299: receive RaftClientReply:client-535162E20057->7049f9e8-7de6-4c8c-bf4c-9bb5512f4299@group-3B5DE3AEDFC2, cid=771, SUCCESS, logIndex=989, commits[7049f9e8-7de6-4c8c-bf4c-9bb5512f4299:c989, 13d9ac51-91bf-4c73-8824-2f58fc5b2747:c987, 15cd3569-c751-4f18-b157-6804e7d0f08c:c987]
2019-07-10 05:59:37,126 INFO  client.GrpcClientProtocolClient (GrpcClientProtocolClient.java:onNext(255)) - client-535162E20057->7049f9e8-7de6-4c8c-bf4c-9bb5512f4299: receive RaftClientReply:client-535162E20057->7049f9e8-7de6-4c8c-bf4c-9bb5512f4299@group-3B5DE3AEDFC2, cid=772, SUCCESS, logIndex=990, commits[7049f9e8-7de6-4c8c-bf4c-9bb5512f4299:c991, 13d9ac51-91bf-4c73-8824-2f58fc5b2747:c987, 15cd3569-c751-4f18-b157-6804e7d0f08c:c987]
2019-07-10 05:59:37,127 INFO  client.GrpcClientProtocolClient (GrpcClientProtocolClient.java:onNext(255)) - client-535162E20057->7049f9e8-7de6-4c8c-bf4c-9bb5512f4299: receive RaftClientReply:client-535162E20057->7049f9e8-7de6-4c8c-bf4c-9bb5512f4299@group-3B5DE3AEDFC2, cid=773, SUCCESS, logIndex=991, commits[7049f9e8-7de6-4c8c-bf4c-9bb5512f4299:c993, 13d9ac51-91bf-4c73-8824-2f58fc5b2747:c987, 15cd3569-c751-4f18-b157-6804e7d0f08c:c989]
2019-07-10 05:59:37,129 INFO  client.GrpcClientProtocolClient (GrpcClientProtocolClient.java:onNext(255)) - client-535162E20057->7049f9e8-7de6-4c8c-bf4c-9bb5512f4299: receive RaftClientReply:client-535162E20057->7049f9e8-7de6-4c8c-bf4c-9bb5512f4299@group-3B5DE3AEDFC2, cid=774, SUCCESS, logIndex=0, commits[7049f9e8-7de6-4c8c-bf4c-9bb5512f4299:c995, 13d9ac51-91bf-4c73-8824-2f58fc5b2747:c991, 15cd3569-c751-4f18-b157-6804e7d0f08c:c991]
2019-07-10 05:59:37,153 INFO  client.GrpcClientProtocolClient (GrpcClientProtocolClient.java:onNext(255)) - client-535162E20057->7049f9e8-7de6-4c8c-bf4c-9bb5512f4299: receive RaftClientReply:client-535162E20057->7049f9e8-7de6-4c8c-bf4c-9bb5512f4299@group-3B5DE3AEDFC2, cid=775, SUCCESS, logIndex=996, commits[7049f9e8-7de6-4c8c-bf4c-9bb5512f4299:c997, 13d9ac51-91bf-4c73-8824-2f58fc5b2747:c995, 15cd3569-c751-4f18-b157-6804e7d0f08c:c995]
2019-07-10 05:59:37,153 INFO  client.GrpcClientProtocolClient (GrpcClientProtocolClient.java:onNext(255)) - client-535162E20057->7049f9e8-7de6-4c8c-bf4c-9bb5512f4299: receive RaftClientReply:client-535162E20057->7049f9e8-7de6-4c8c-bf4c-9bb5512f4299@group-3B5DE3AEDFC2, cid=776, SUCCESS, logIndex=997, commits[7049f9e8-7de6-4c8c-bf4c-9bb5512f4299:c997, 13d9ac51-91bf-4c73-8824-2f58fc5b2747:c995, 15cd3569-c751-4f18-b157-6804e7d0f08c:c995]
2019-07-10 05:59:37,179 INFO  client.GrpcClientProtocolClient (GrpcClientProtocolClient.java:onNext(255)) - client-535162E20057->7049f9e8-7de6-4c8c-bf4c-9bb5512f4299: receive RaftClientReply:client-535162E20057->7049f9e8-7de6-4c8c-bf4c-9bb5512f4299@group-3B5DE3AEDFC2, cid=777, SUCCESS, logIndex=1000, commits[7049f9e8-7de6-4c8c-bf4c-9bb5512f4299:c1001, 13d9ac51-91bf-4c73-8824-2f58fc5b2747:c997, 15cd3569-c751-4f18-b157-6804e7d0f08c:c997]
2019-07-10 05:59:37,180 INFO  client.GrpcClientProtocolClient (GrpcClientProtocolClient.java:onNext(255)) - client-535162E20057->7049f9e8-7de6-4c8c-bf4c-9bb5512f4299: receive RaftClientReply:client-535162E20057->7049f9e8-7de6-4c8c-bf4c-9bb5512f4299@group-3B5DE3AEDFC2, cid=778, SUCCESS, logIndex=1001, commits[7049f9e8-7de6-4c8c-bf4c-9bb5512f4299:c1001, 13d9ac51-91bf-4c73-8824-2f58fc5b2747:c997, 15cd3569-c751-4f18-b157-6804e7d0f08c:c997]
2019-07-10 05:59:37,182 INFO  client.GrpcClientProtocolClient (GrpcClientProtocolClient.java:onNext(255)) - client-535162E20057->7049f9e8-7de6-4c8c-bf4c-9bb5512f4299: receive RaftClientReply:client-535162E20057->7049f9e8-7de6-4c8c-bf4c-9bb5512f4299@group-3B5DE3AEDFC2, cid=779, SUCCESS, logIndex=0, commits[7049f9e8-7de6-4c8c-bf4c-9bb5512f4299:c1003, 13d9ac51-91bf-4c73-8824-2f58fc5b2747:c1001, 15cd3569-c751-4f18-b157-6804e7d0f08c:c1001]
2019-07-10 05:59:37,206 INFO  client.GrpcClientProtocolClient (GrpcClientProtocolClient.java:onNext(255)) - client-535162E20057->7049f9e8-7de6-4c8c-bf4c-9bb5512f4299: receive RaftClientReply:client-535162E20057->7049f9e8-7de6-4c8c-bf4c-9bb5512f4299@group-3B5DE3AEDFC2, cid=780, SUCCESS, logIndex=1004, commits[7049f9e8-7de6-4c8c-bf4c-9bb5512f4299:c1005, 13d9ac51-91bf-4c73-8824-2f58fc5b2747:c1003, 15cd3569-c751-4f18-b157-6804e7d0f08c:c1003]
2019-07-10 05:59:37,207 INFO  client.GrpcClientProtocolClient (GrpcClientProtocolClient.java:onNext(255)) - client-535162E20057->7049f9e8-7de6-4c8c-bf4c-9bb5512f4299: receive RaftClientReply:client-535162E20057->7049f9e8-7de6-4c8c-bf4c-9bb5512f4299@group-3B5DE3AEDFC2, cid=781, SUCCESS, logIndex=1005, commits[7049f9e8-7de6-4c8c-bf4c-9bb5512f4299:c1005, 13d9ac51-91bf-4c73-8824-2f58fc5b2747:c1003, 15cd3569-c751-4f18-b157-6804e7d0f08c:c1003]
2019-07-10 05:59:37,208 INFO  client.GrpcClientProtocolClient (GrpcClientProtocolClient.java:onNext(255)) - client-535162E20057->7049f9e8-7de6-4c8c-bf4c-9bb5512f4299: receive RaftClientReply:client-535162E20057->7049f9e8-7de6-4c8c-bf4c-9bb5512f4299@group-3B5DE3AEDFC2, cid=782, SUCCESS, logIndex=1006, commits[7049f9e8-7de6-4c8c-bf4c-9bb5512f4299:c1007, 13d9ac51-91bf-4c73-8824-2f58fc5b2747:c1003, 15cd3569-c751-4f18-b157-6804e7d0f08c:c1003]
2019-07-10 05:59:37,208 INFO  client.GrpcClientProtocolClient (GrpcClientProtocolClient.java:onNext(255)) - client-535162E20057->7049f9e8-7de6-4c8c-bf4c-9bb5512f4299: receive RaftClientReply:client-535162E20057->7049f9e8-7de6-4c8c-bf4c-9bb5512f4299@group-3B5DE3AEDFC2, cid=783, SUCCESS, logIndex=1007, commits[7049f9e8-7de6-4c8c-bf4c-9bb5512f4299:c1007, 13d9ac51-91bf-4c73-8824-2f58fc5b2747:c1004, 15cd3569-c751-4f18-b157-6804e7d0f08c:c1003]
2019-07-10 05:59:37,210 INFO  client.GrpcClientProtocolClient (GrpcClientProtocolClient.java:onNext(255)) - client-535162E20057->7049f9e8-7de6-4c8c-bf4c-9bb5512f4299: receive RaftClientReply:client-535162E20057->7049f9e8-7de6-4c8c-bf4c-9bb5512f4299@group-3B5DE3AEDFC2, cid=784, SUCCESS, logIndex=0, commits[7049f9e8-7de6-4c8c-bf4c-9bb5512f4299:c1010, 13d9ac51-91bf-4c73-8824-2f58fc5b2747:c1007, 15cd3569-c751-4f18-b157-6804e7d0f08c:c1005]
2019-07-10 05:59:37,230 INFO  client.GrpcClientProtocolClient (GrpcClientProtocolClient.java:onNext(255)) - client-535162E20057->7049f9e8-7de6-4c8c-bf4c-9bb5512f4299: receive RaftClientReply:client-535162E20057->7049f9e8-7de6-4c8c-bf4c-9bb5512f4299@group-3B5DE3AEDFC2, cid=785, SUCCESS, logIndex=1011, commits[7049f9e8-7de6-4c8c-bf4c-9bb5512f4299:c1012, 13d9ac51-91bf-4c73-8824-2f58fc5b2747:c1010, 15cd3569-c751-4f18-b157-6804e7d0f08c:c1010]
2019-07-10 05:59:37,231 INFO  client.GrpcClientProtocolClient (GrpcClientProtocolClient.java:onNext(255)) - client-535162E20057->7049f9e8-7de6-4c8c-bf4c-9bb5512f4299: receive RaftClientReply:client-535162E20057->7049f9e8-7de6-4c8c-bf4c-9bb5512f4299@group-3B5DE3AEDFC2, cid=786, SUCCESS, logIndex=1012, commits[7049f9e8-7de6-4c8c-bf4c-9bb5512f4299:c1012, 13d9ac51-91bf-4c73-8824-2f58fc5b2747:c1010, 15cd3569-c751-4f18-b157-6804e7d0f08c:c1010]
2019-07-10 05:59:37,256 INFO  client.GrpcClientProtocolClient (GrpcClientProtocolClient.java:onNext(255)) - client-535162E20057->7049f9e8-7de6-4c8c-bf4c-9bb5512f4299: receive RaftClientReply:client-535162E20057->7049f9e8-7de6-4c8c-bf4c-9bb5512f4299@group-3B5DE3AEDFC2, cid=787, SUCCESS, logIndex=1015, commits[7049f9e8-7de6-4c8c-bf4c-9bb5512f4299:c1016, 13d9ac51-91bf-4c73-8824-2f58fc5b2747:c1012, 15cd3569-c751-4f18-b157-6804e7d0f08c:c1012]
2019-07-10 05:59:37,257 INFO  client.GrpcClientProtocolClient (GrpcClientProtocolClient.java:onNext(255)) - client-535162E20057->7049f9e8-7de6-4c8c-bf4c-9bb5512f4299: receive RaftClientReply:client-535162E20057->7049f9e8-7de6-4c8c-bf4c-9bb5512f4299@group-3B5DE3AEDFC2, cid=788, SUCCESS, logIndex=1016, commits[7049f9e8-7de6-4c8c-bf4c-9bb5512f4299:c1016, 13d9ac51-91bf-4c73-8824-2f58fc5b2747:c1012, 15cd3569-c751-4f18-b157-6804e7d0f08c:c1012]
2019-07-10 05:59:37,271 INFO  client.GrpcClientProtocolClient (GrpcClientProtocolClient.java:onNext(255)) - client-535162E20057->7049f9e8-7de6-4c8c-bf4c-9bb5512f4299: receive RaftClientReply:client-535162E20057->7049f9e8-7de6-4c8c-bf4c-9bb5512f4299@group-3B5DE3AEDFC2, cid=789, SUCCESS, logIndex=0, commits[7049f9e8-7de6-4c8c-bf4c-9bb5512f4299:c1018, 13d9ac51-91bf-4c73-8824-2f58fc5b2747:c1016, 15cd3569-c751-4f18-b157-6804e7d0f08c:c1016]
2019-07-10 05:59:37,292 INFO  client.GrpcClientProtocolClient (GrpcClientProtocolClient.java:onNext(255)) - client-535162E20057->7049f9e8-7de6-4c8c-bf4c-9bb5512f4299: receive RaftClientReply:client-535162E20057->7049f9e8-7de6-4c8c-bf4c-9bb5512f4299@group-3B5DE3AEDFC2, cid=790, SUCCESS, logIndex=1019, commits[7049f9e8-7de6-4c8c-bf4c-9bb5512f4299:c1020, 13d9ac51-91bf-4c73-8824-2f58fc5b2747:c1018, 15cd3569-c751-4f18-b157-6804e7d0f08c:c1018]
2019-07-10 05:59:37,292 INFO  client.GrpcClientProtocolClient (GrpcClientProtocolClient.java:onNext(255)) - client-535162E20057->7049f9e8-7de6-4c8c-bf4c-9bb5512f4299: receive RaftClientReply:client-535162E20057->7049f9e8-7de6-4c8c-bf4c-9bb5512f4299@group-3B5DE3AEDFC2, cid=791, SUCCESS, logIndex=1020, commits[7049f9e8-7de6-4c8c-bf4c-9bb5512f4299:c1022, 13d9ac51-91bf-4c73-8824-2f58fc5b2747:c1018, 15cd3569-c751-4f18-b157-6804e7d0f08c:c1018]
2019-07-10 05:59:37,293 INFO  client.GrpcClientProtocolClient (GrpcClientProtocolClient.java:onNext(255)) - client-535162E20057->7049f9e8-7de6-4c8c-bf4c-9bb5512f4299: receive RaftClientReply:client-535162E20057->7049f9e8-7de6-4c8c-bf4c-9bb5512f4299@group-3B5DE3AEDFC2, cid=792, SUCCESS, logIndex=1021, commits[7049f9e8-7de6-4c8c-bf4c-9bb5512f4299:c1022, 13d9ac51-91bf-4c73-8824-2f58fc5b2747:c1018, 15cd3569-c751-4f18-b157-6804e7d0f08c:c1018]
2019-07-10 05:59:37,293 INFO  client.GrpcClientProtocolClient (GrpcClientProtocolClient.java:onNext(255)) - client-535162E20057->7049f9e8-7de6-4c8c-bf4c-9bb5512f4299: receive RaftClientReply:client-535162E20057->7049f9e8-7de6-4c8c-bf4c-9bb5512f4299@group-3B5DE3AEDFC2, cid=793, SUCCESS, logIndex=1022, commits[7049f9e8-7de6-4c8c-bf4c-9bb5512f4299:c1023, 13d9ac51-91bf-4c73-8824-2f58fc5b2747:c1018, 15cd3569-c751-4f18-b157-6804e7d0f08c:c1019]
2019-07-10 05:59:37,295 INFO  client.GrpcClientProtocolClient (GrpcClientProtocolClient.java:onNext(255)) - client-535162E20057->7049f9e8-7de6-4c8c-bf4c-9bb5512f4299: receive RaftClientReply:client-535162E20057->7049f9e8-7de6-4c8c-bf4c-9bb5512f4299@group-3B5DE3AEDFC2, cid=794, SUCCESS, logIndex=0, commits[7049f9e8-7de6-4c8c-bf4c-9bb5512f4299:c1025, 13d9ac51-91bf-4c73-8824-2f58fc5b2747:c1022, 15cd3569-c751-4f18-b157-6804e7d0f08c:c1022]
2019-07-10 05:59:37,310 INFO  client.GrpcClientProtocolClient (GrpcClientProtocolClient.java:onNext(255)) - client-535162E20057->7049f9e8-7de6-4c8c-bf4c-9bb5512f4299: receive RaftClientReply:client-535162E20057->7049f9e8-7de6-4c8c-bf4c-9bb5512f4299@group-3B5DE3AEDFC2, cid=795, SUCCESS, logIndex=1026, commits[7049f9e8-7de6-4c8c-bf4c-9bb5512f4299:c1027, 13d9ac51-91bf-4c73-8824-2f58fc5b2747:c1025, 15cd3569-c751-4f18-b157-6804e7d0f08c:c1025]
2019-07-10 05:59:37,311 INFO  client.GrpcClientProtocolClient (GrpcClientProtocolClient.java:onNext(255)) - client-535162E20057->7049f9e8-7de6-4c8c-bf4c-9bb5512f4299: receive RaftClientReply:client-535162E20057->7049f9e8-7de6-4c8c-bf4c-9bb5512f4299@group-3B5DE3AEDFC2, cid=796, SUCCESS, logIndex=1027, commits[7049f9e8-7de6-4c8c-bf4c-9bb5512f4299:c1027, 13d9ac51-91bf-4c73-8824-2f58fc5b2747:c1025, 15cd3569-c751-4f18-b157-6804e7d0f08c:c1025]
2019-07-10 05:59:37,344 INFO  client.GrpcClientProtocolClient (GrpcClientProtocolClient.java:onNext(255)) - client-535162E20057->7049f9e8-7de6-4c8c-bf4c-9bb5512f4299: receive RaftClientReply:client-535162E20057->7049f9e8-7de6-4c8c-bf4c-9bb5512f4299@group-3B5DE3AEDFC2, cid=797, SUCCESS, logIndex=1030, commits[7049f9e8-7de6-4c8c-bf4c-9bb5512f4299:c1031, 13d9ac51-91bf-4c73-8824-2f58fc5b2747:c1029, 15cd3569-c751-4f18-b157-6804e7d0f08c:c1029]
2019-07-10 05:59:37,345 INFO  client.GrpcClientProtocolClient (GrpcClientProtocolClient.java:onNext(255)) - client-535162E20057->7049f9e8-7de6-4c8c-bf4c-9bb5512f4299: receive RaftClientReply:client-535162E20057->7049f9e8-7de6-4c8c-bf4c-9bb5512f4299@group-3B5DE3AEDFC2, cid=798, SUCCESS, logIndex=1031, commits[7049f9e8-7de6-4c8c-bf4c-9bb5512f4299:c1031, 13d9ac51-91bf-4c73-8824-2f58fc5b2747:c1029, 15cd3569-c751-4f18-b157-6804e7d0f08c:c1029]
2019-07-10 05:59:37,347 INFO  client.GrpcClientProtocolClient (GrpcClientProtocolClient.java:onNext(255)) - client-535162E20057->7049f9e8-7de6-4c8c-bf4c-9bb5512f4299: receive RaftClientReply:client-535162E20057->7049f9e8-7de6-4c8c-bf4c-9bb5512f4299@group-3B5DE3AEDFC2, cid=799, SUCCESS, logIndex=0, commits[7049f9e8-7de6-4c8c-bf4c-9bb5512f4299:c1032, 13d9ac51-91bf-4c73-8824-2f58fc5b2747:c1031, 15cd3569-c751-4f18-b157-6804e7d0f08c:c1031]
2019-07-10 05:59:37,369 INFO  client.GrpcClientProtocolClient (GrpcClientProtocolClient.java:onNext(255)) - client-535162E20057->7049f9e8-7de6-4c8c-bf4c-9bb5512f4299: receive RaftClientReply:client-535162E20057->7049f9e8-7de6-4c8c-bf4c-9bb5512f4299@group-3B5DE3AEDFC2, cid=800, SUCCESS, logIndex=1033, commits[7049f9e8-7de6-4c8c-bf4c-9bb5512f4299:c1034, 13d9ac51-91bf-4c73-8824-2f58fc5b2747:c1032, 15cd3569-c751-4f18-b157-6804e7d0f08c:c1032]
2019-07-10 05:59:37,370 INFO  client.GrpcClientProtocolClient (GrpcClientProtocolClient.java:onNext(255)) - client-535162E20057->7049f9e8-7de6-4c8c-bf4c-9bb5512f4299: receive RaftClientReply:client-535162E20057->7049f9e8-7de6-4c8c-bf4c-9bb5512f4299@group-3B5DE3AEDFC2, cid=801, SUCCESS, logIndex=1034, commits[7049f9e8-7de6-4c8c-bf4c-9bb5512f4299:c1036, 13d9ac51-91bf-4c73-8824-2f58fc5b2747:c1032, 15cd3569-c751-4f18-b157-6804e7d0f08c:c1032]
2019-07-10 05:59:37,370 INFO  client.GrpcClientProtocolClient (GrpcClientProtocolClient.java:onNext(255)) - client-535162E20057->7049f9e8-7de6-4c8c-bf4c-9bb5512f4299: receive RaftClientReply:client-535162E20057->7049f9e8-7de6-4c8c-bf4c-9bb5512f4299@group-3B5DE3AEDFC2, cid=802, SUCCESS, logIndex=1035, commits[7049f9e8-7de6-4c8c-bf4c-9bb5512f4299:c1036, 13d9ac51-91bf-4c73-8824-2f58fc5b2747:c1032, 15cd3569-c751-4f18-b157-6804e7d0f08c:c1032]
2019-07-10 05:59:37,371 INFO  client.GrpcClientProtocolClient (GrpcClientProtocolClient.java:onNext(255)) - client-535162E20057->7049f9e8-7de6-4c8c-bf4c-9bb5512f4299: receive RaftClientReply:client-535162E20057->7049f9e8-7de6-4c8c-bf4c-9bb5512f4299@group-3B5DE3AEDFC2, cid=803, SUCCESS, logIndex=1036, commits[7049f9e8-7de6-4c8c-bf4c-9bb5512f4299:c1036, 13d9ac51-91bf-4c73-8824-2f58fc5b2747:c1032, 15cd3569-c751-4f18-b157-6804e7d0f08c:c1032]
2019-07-10 05:59:37,383 INFO  client.GrpcClientProtocolClient (GrpcClientProtocolClient.java:onNext(255)) - client-535162E20057->7049f9e8-7de6-4c8c-bf4c-9bb5512f4299: receive RaftClientReply:client-535162E20057->7049f9e8-7de6-4c8c-bf4c-9bb5512f4299@group-3B5DE3AEDFC2, cid=804, SUCCESS, logIndex=0, commits[7049f9e8-7de6-4c8c-bf4c-9bb5512f4299:c1037, 13d9ac51-91bf-4c73-8824-2f58fc5b2747:c1034, 15cd3569-c751-4f18-b157-6804e7d0f08c:c1034]
2019-07-10 05:59:37,403 INFO  client.GrpcClientProtocolClient (GrpcClientProtocolClient.java:onNext(255)) - client-535162E20057->7049f9e8-7de6-4c8c-bf4c-9bb5512f4299: receive RaftClientReply:client-535162E20057->7049f9e8-7de6-4c8c-bf4c-9bb5512f4299@group-3B5DE3AEDFC2, cid=805, SUCCESS, logIndex=1041, commits[7049f9e8-7de6-4c8c-bf4c-9bb5512f4299:c1042, 13d9ac51-91bf-4c73-8824-2f58fc5b2747:c1040, 15cd3569-c751-4f18-b157-6804e7d0f08c:c1040]
2019-07-10 05:59:37,404 INFO  client.GrpcClientProtocolClient (GrpcClientProtocolClient.java:onNext(255)) - client-535162E20057->7049f9e8-7de6-4c8c-bf4c-9bb5512f4299: receive RaftClientReply:client-535162E20057->7049f9e8-7de6-4c8c-bf4c-9bb5512f4299@group-3B5DE3AEDFC2, cid=806, SUCCESS, logIndex=1042, commits[7049f9e8-7de6-4c8c-bf4c-9bb5512f4299:c1042, 13d9ac51-91bf-4c73-8824-2f58fc5b2747:c1040, 15cd3569-c751-4f18-b157-6804e7d0f08c:c1040]
2019-07-10 05:59:37,428 INFO  client.GrpcClientProtocolClient (GrpcClientProtocolClient.java:onNext(255)) - client-535162E20057->7049f9e8-7de6-4c8c-bf4c-9bb5512f4299: receive RaftClientReply:client-535162E20057->7049f9e8-7de6-4c8c-bf4c-9bb5512f4299@group-3B5DE3AEDFC2, cid=807, SUCCESS, logIndex=1045, commits[7049f9e8-7de6-4c8c-bf4c-9bb5512f4299:c1046, 13d9ac51-91bf-4c73-8824-2f58fc5b2747:c1042, 15cd3569-c751-4f18-b157-6804e7d0f08c:c1042]
2019-07-10 05:59:37,429 INFO  client.GrpcClientProtocolClient (GrpcClientProtocolClient.java:onNext(255)) - client-535162E20057->7049f9e8-7de6-4c8c-bf4c-9bb5512f4299: receive RaftClientReply:client-535162E20057->7049f9e8-7de6-4c8c-bf4c-9bb5512f4299@group-3B5DE3AEDFC2, cid=808, SUCCESS, logIndex=1046, commits[7049f9e8-7de6-4c8c-bf4c-9bb5512f4299:c1046, 13d9ac51-91bf-4c73-8824-2f58fc5b2747:c1042, 15cd3569-c751-4f18-b157-6804e7d0f08c:c1042]
2019-07-10 05:59:37,430 INFO  client.GrpcClientProtocolClient (GrpcClientProtocolClient.java:onNext(255)) - client-535162E20057->7049f9e8-7de6-4c8c-bf4c-9bb5512f4299: receive RaftClientReply:client-535162E20057->7049f9e8-7de6-4c8c-bf4c-9bb5512f4299@group-3B5DE3AEDFC2, cid=809, SUCCESS, logIndex=0, commits[7049f9e8-7de6-4c8c-bf4c-9bb5512f4299:c1048, 13d9ac51-91bf-4c73-8824-2f58fc5b2747:c1046, 15cd3569-c751-4f18-b157-6804e7d0f08c:c1046]
2019-07-10 05:59:37,457 INFO  client.GrpcClientProtocolClient (GrpcClientProtocolClient.java:onNext(255)) - client-535162E20057->7049f9e8-7de6-4c8c-bf4c-9bb5512f4299: receive RaftClientReply:client-535162E20057->7049f9e8-7de6-4c8c-bf4c-9bb5512f4299@group-3B5DE3AEDFC2, cid=810, SUCCESS, logIndex=1049, commits[7049f9e8-7de6-4c8c-bf4c-9bb5512f4299:c1050, 13d9ac51-91bf-4c73-8824-2f58fc5b2747:c1048, 15cd3569-c751-4f18-b157-6804e7d0f08c:c1048]
2019-07-10 05:59:37,458 INFO  client.GrpcClientProtocolClient (GrpcClientProtocolClient.java:onNext(255)) - client-535162E20057->7049f9e8-7de6-4c8c-bf4c-9bb5512f4299: receive RaftClientReply:client-535162E20057->7049f9e8-7de6-4c8c-bf4c-9bb5512f4299@group-3B5DE3AEDFC2, cid=811, SUCCESS, logIndex=1050, commits[7049f9e8-7de6-4c8c-bf4c-9bb5512f4299:c1050, 13d9ac51-91bf-4c73-8824-2f58fc5b2747:c1048, 15cd3569-c751-4f18-b157-6804e7d0f08c:c1048]
2019-07-10 05:59:37,468 INFO  client.GrpcClientProtocolClient (GrpcClientProtocolClient.java:onNext(255)) - client-535162E20057->7049f9e8-7de6-4c8c-bf4c-9bb5512f4299: receive RaftClientReply:client-535162E20057->7049f9e8-7de6-4c8c-bf4c-9bb5512f4299@group-3B5DE3AEDFC2, cid=812, SUCCESS, logIndex=1051, commits[7049f9e8-7de6-4c8c-bf4c-9bb5512f4299:c1051, 13d9ac51-91bf-4c73-8824-2f58fc5b2747:c1048, 15cd3569-c751-4f18-b157-6804e7d0f08c:c1048]
2019-07-10 05:59:37,469 INFO  client.GrpcClientProtocolClient (GrpcClientProtocolClient.java:onNext(255)) - client-535162E20057->7049f9e8-7de6-4c8c-bf4c-9bb5512f4299: receive RaftClientReply:client-535162E20057->7049f9e8-7de6-4c8c-bf4c-9bb5512f4299@group-3B5DE3AEDFC2, cid=813, SUCCESS, logIndex=1052, commits[7049f9e8-7de6-4c8c-bf4c-9bb5512f4299:c1052, 13d9ac51-91bf-4c73-8824-2f58fc5b2747:c1048, 15cd3569-c751-4f18-b157-6804e7d0f08c:c1048]
2019-07-10 05:59:37,471 INFO  client.GrpcClientProtocolClient (GrpcClientProtocolClient.java:onNext(255)) - client-535162E20057->7049f9e8-7de6-4c8c-bf4c-9bb5512f4299: receive RaftClientReply:client-535162E20057->7049f9e8-7de6-4c8c-bf4c-9bb5512f4299@group-3B5DE3AEDFC2, cid=814, SUCCESS, logIndex=0, commits[7049f9e8-7de6-4c8c-bf4c-9bb5512f4299:c1054, 13d9ac51-91bf-4c73-8824-2f58fc5b2747:c1050, 15cd3569-c751-4f18-b157-6804e7d0f08c:c1050]
2019-07-10 05:59:37,497 INFO  client.GrpcClientProtocolClient (GrpcClientProtocolClient.java:onNext(255)) - client-535162E20057->7049f9e8-7de6-4c8c-bf4c-9bb5512f4299: receive RaftClientReply:client-535162E20057->7049f9e8-7de6-4c8c-bf4c-9bb5512f4299@group-3B5DE3AEDFC2, cid=815, SUCCESS, logIndex=1057, commits[7049f9e8-7de6-4c8c-bf4c-9bb5512f4299:c1058, 13d9ac51-91bf-4c73-8824-2f58fc5b2747:c1054, 15cd3569-c751-4f18-b157-6804e7d0f08c:c1054]
2019-07-10 05:59:37,498 INFO  client.GrpcClientProtocolClient (GrpcClientProtocolClient.java:onNext(255)) - client-535162E20057->7049f9e8-7de6-4c8c-bf4c-9bb5512f4299: receive RaftClientReply:client-535162E20057->7049f9e8-7de6-4c8c-bf4c-9bb5512f4299@group-3B5DE3AEDFC2, cid=816, SUCCESS, logIndex=1058, commits[7049f9e8-7de6-4c8c-bf4c-9bb5512f4299:c1058, 13d9ac51-91bf-4c73-8824-2f58fc5b2747:c1054, 15cd3569-c751-4f18-b157-6804e7d0f08c:c1054]
2019-07-10 05:59:37,514 INFO  client.GrpcClientProtocolClient (GrpcClientProtocolClient.java:onNext(255)) - client-535162E20057->7049f9e8-7de6-4c8c-bf4c-9bb5512f4299: receive RaftClientReply:client-535162E20057->7049f9e8-7de6-4c8c-bf4c-9bb5512f4299@group-3B5DE3AEDFC2, cid=817, SUCCESS, logIndex=1061, commits[7049f9e8-7de6-4c8c-bf4c-9bb5512f4299:c1062, 13d9ac51-91bf-4c73-8824-2f58fc5b2747:c1060, 15cd3569-c751-4f18-b157-6804e7d0f08c:c1060]
2019-07-10 05:59:37,514 INFO  client.GrpcClientProtocolClient (GrpcClientProtocolClient.java:onNext(255)) - client-535162E20057->7049f9e8-7de6-4c8c-bf4c-9bb5512f4299: receive RaftClientReply:client-535162E20057->7049f9e8-7de6-4c8c-bf4c-9bb5512f4299@group-3B5DE3AEDFC2, cid=818, SUCCESS, logIndex=1062, commits[7049f9e8-7de6-4c8c-bf4c-9bb5512f4299:c1062, 13d9ac51-91bf-4c73-8824-2f58fc5b2747:c1060, 15cd3569-c751-4f18-b157-6804e7d0f08c:c1060]
2019-07-10 05:59:37,516 INFO  client.GrpcClientProtocolClient (GrpcClientProtocolClient.java:onNext(255)) - client-535162E20057->7049f9e8-7de6-4c8c-bf4c-9bb5512f4299: receive RaftClientReply:client-535162E20057->7049f9e8-7de6-4c8c-bf4c-9bb5512f4299@group-3B5DE3AEDFC2, cid=819, SUCCESS, logIndex=0, commits[7049f9e8-7de6-4c8c-bf4c-9bb5512f4299:c1063, 13d9ac51-91bf-4c73-8824-2f58fc5b2747:c1062, 15cd3569-c751-4f18-b157-6804e7d0f08c:c1062]
2019-07-10 05:59:37,532 INFO  client.GrpcClientProtocolClient (GrpcClientProtocolClient.java:onNext(255)) - client-535162E20057->7049f9e8-7de6-4c8c-bf4c-9bb5512f4299: receive RaftClientReply:client-535162E20057->7049f9e8-7de6-4c8c-bf4c-9bb5512f4299@group-3B5DE3AEDFC2, cid=820, SUCCESS, logIndex=1065, commits[7049f9e8-7de6-4c8c-bf4c-9bb5512f4299:c1065, 13d9ac51-91bf-4c73-8824-2f58fc5b2747:c1064, 15cd3569-c751-4f18-b157-6804e7d0f08c:c1062]
2019-07-10 05:59:37,532 INFO  client.GrpcClientProtocolClient (GrpcClientProtocolClient.java:onNext(255)) - client-535162E20057->7049f9e8-7de6-4c8c-bf4c-9bb5512f4299: receive RaftClientReply:client-535162E20057->7049f9e8-7de6-4c8c-bf4c-9bb5512f4299@group-3B5DE3AEDFC2, cid=821, SUCCESS, logIndex=1066, commits[7049f9e8-7de6-4c8c-bf4c-9bb5512f4299:c1066, 13d9ac51-91bf-4c73-8824-2f58fc5b2747:c1064, 15cd3569-c751-4f18-b157-6804e7d0f08c:c1064]
2019-07-10 05:59:37,536 INFO  client.GrpcClientProtocolClient (GrpcClientProtocolClient.java:onNext(255)) - client-535162E20057->7049f9e8-7de6-4c8c-bf4c-9bb5512f4299: receive RaftClientReply:client-535162E20057->7049f9e8-7de6-4c8c-bf4c-9bb5512f4299@group-3B5DE3AEDFC2, cid=822, SUCCESS, logIndex=1067, commits[7049f9e8-7de6-4c8c-bf4c-9bb5512f4299:c1068, 13d9ac51-91bf-4c73-8824-2f58fc5b2747:c1064, 15cd3569-c751-4f18-b157-6804e7d0f08c:c1064]
2019-07-10 05:59:37,537 INFO  client.GrpcClientProtocolClient (GrpcClientProtocolClient.java:onNext(255)) - client-535162E20057->7049f9e8-7de6-4c8c-bf4c-9bb5512f4299: receive RaftClientReply:client-535162E20057->7049f9e8-7de6-4c8c-bf4c-9bb5512f4299@group-3B5DE3AEDFC2, cid=823, SUCCESS, logIndex=1068, commits[7049f9e8-7de6-4c8c-bf4c-9bb5512f4299:c1070, 13d9ac51-91bf-4c73-8824-2f58fc5b2747:c1066, 15cd3569-c751-4f18-b157-6804e7d0f08c:c1066]
2019-07-10 05:59:37,551 INFO  client.GrpcClientProtocolClient (GrpcClientProtocolClient.java:onNext(255)) - client-535162E20057->7049f9e8-7de6-4c8c-bf4c-9bb5512f4299: receive RaftClientReply:client-535162E20057->7049f9e8-7de6-4c8c-bf4c-9bb5512f4299@group-3B5DE3AEDFC2, cid=824, SUCCESS, logIndex=1073, commits[7049f9e8-7de6-4c8c-bf4c-9bb5512f4299:c1074, 13d9ac51-91bf-4c73-8824-2f58fc5b2747:c1072, 15cd3569-c751-4f18-b157-6804e7d0f08c:c1068]
2019-07-10 05:59:37,552 INFO  client.GrpcClientProtocolClient (GrpcClientProtocolClient.java:onNext(255)) - client-535162E20057->7049f9e8-7de6-4c8c-bf4c-9bb5512f4299: receive RaftClientReply:client-535162E20057->7049f9e8-7de6-4c8c-bf4c-9bb5512f4299@group-3B5DE3AEDFC2, cid=825, SUCCESS, logIndex=1074, commits[7049f9e8-7de6-4c8c-bf4c-9bb5512f4299:c1074, 13d9ac51-91bf-4c73-8824-2f58fc5b2747:c1072, 15cd3569-c751-4f18-b157-6804e7d0f08c:c1072]
2019-07-10 05:59:37,570 INFO  client.GrpcClientProtocolClient (GrpcClientProtocolClient.java:onNext(255)) - client-535162E20057->7049f9e8-7de6-4c8c-bf4c-9bb5512f4299: receive RaftClientReply:client-535162E20057->7049f9e8-7de6-4c8c-bf4c-9bb5512f4299@group-3B5DE3AEDFC2, cid=826, SUCCESS, logIndex=1077, commits[7049f9e8-7de6-4c8c-bf4c-9bb5512f4299:c1078, 13d9ac51-91bf-4c73-8824-2f58fc5b2747:c1076, 15cd3569-c751-4f18-b157-6804e7d0f08c:c1076]
2019-07-10 05:59:37,571 INFO  client.GrpcClientProtocolClient (GrpcClientProtocolClient.java:onNext(255)) - client-535162E20057->7049f9e8-7de6-4c8c-bf4c-9bb5512f4299: receive RaftClientReply:client-535162E20057->7049f9e8-7de6-4c8c-bf4c-9bb5512f4299@group-3B5DE3AEDFC2, cid=827, SUCCESS, logIndex=1078, commits[7049f9e8-7de6-4c8c-bf4c-9bb5512f4299:c1078, 13d9ac51-91bf-4c73-8824-2f58fc5b2747:c1076, 15cd3569-c751-4f18-b157-6804e7d0f08c:c1076]
2019-07-10 05:59:37,590 INFO  client.GrpcClientProtocolClient (GrpcClientProtocolClient.java:onNext(255)) - client-535162E20057->7049f9e8-7de6-4c8c-bf4c-9bb5512f4299: receive RaftClientReply:client-535162E20057->7049f9e8-7de6-4c8c-bf4c-9bb5512f4299@group-3B5DE3AEDFC2, cid=828, SUCCESS, logIndex=0, commits[7049f9e8-7de6-4c8c-bf4c-9bb5512f4299:c1080, 13d9ac51-91bf-4c73-8824-2f58fc5b2747:c1078, 15cd3569-c751-4f18-b157-6804e7d0f08c:c1078]
2019-07-10 05:59:37,612 INFO  client.GrpcClientProtocolClient (GrpcClientProtocolClient.java:onNext(255)) - client-535162E20057->7049f9e8-7de6-4c8c-bf4c-9bb5512f4299: receive RaftClientReply:client-535162E20057->7049f9e8-7de6-4c8c-bf4c-9bb5512f4299@group-3B5DE3AEDFC2, cid=829, SUCCESS, logIndex=1081, commits[7049f9e8-7de6-4c8c-bf4c-9bb5512f4299:c1083, 13d9ac51-91bf-4c73-8824-2f58fc5b2747:c1080, 15cd3569-c751-4f18-b157-6804e7d0f08c:c1080]
2019-07-10 05:59:37,612 INFO  client.GrpcClientProtocolClient (GrpcClientProtocolClient.java:onNext(255)) - client-535162E20057->7049f9e8-7de6-4c8c-bf4c-9bb5512f4299: receive RaftClientReply:client-535162E20057->7049f9e8-7de6-4c8c-bf4c-9bb5512f4299@group-3B5DE3AEDFC2, cid=830, SUCCESS, logIndex=1082, commits[7049f9e8-7de6-4c8c-bf4c-9bb5512f4299:c1084, 13d9ac51-91bf-4c73-8824-2f58fc5b2747:c1080, 15cd3569-c751-4f18-b157-6804e7d0f08c:c1080]
2019-07-10 05:59:37,613 INFO  client.GrpcClientProtocolClient (GrpcClientProtocolClient.java:onNext(255)) - client-535162E20057->7049f9e8-7de6-4c8c-bf4c-9bb5512f4299: receive RaftClientReply:client-535162E20057->7049f9e8-7de6-4c8c-bf4c-9bb5512f4299@group-3B5DE3AEDFC2, cid=831, SUCCESS, logIndex=1083, commits[7049f9e8-7de6-4c8c-bf4c-9bb5512f4299:c1084, 13d9ac51-91bf-4c73-8824-2f58fc5b2747:c1080, 15cd3569-c751-4f18-b157-6804e7d0f08c:c1080]
2019-07-10 05:59:37,613 INFO  client.GrpcClientProtocolClient (GrpcClientProtocolClient.java:onNext(255)) - client-535162E20057->7049f9e8-7de6-4c8c-bf4c-9bb5512f4299: receive RaftClientReply:client-535162E20057->7049f9e8-7de6-4c8c-bf4c-9bb5512f4299@group-3B5DE3AEDFC2, cid=832, SUCCESS, logIndex=1084, commits[7049f9e8-7de6-4c8c-bf4c-9bb5512f4299:c1084, 13d9ac51-91bf-4c73-8824-2f58fc5b2747:c1080, 15cd3569-c751-4f18-b157-6804e7d0f08c:c1081]
2019-07-10 05:59:37,614 INFO  client.GrpcClientProtocolClient (GrpcClientProtocolClient.java:onNext(255)) - client-535162E20057->7049f9e8-7de6-4c8c-bf4c-9bb5512f4299: receive RaftClientReply:client-535162E20057->7049f9e8-7de6-4c8c-bf4c-9bb5512f4299@group-3B5DE3AEDFC2, cid=833, SUCCESS, logIndex=0, commits[7049f9e8-7de6-4c8c-bf4c-9bb5512f4299:c1088, 13d9ac51-91bf-4c73-8824-2f58fc5b2747:c1082, 15cd3569-c751-4f18-b157-6804e7d0f08c:c1084]
2019-07-10 05:59:37,637 INFO  client.GrpcClientProtocolClient (GrpcClientProtocolClient.java:onNext(255)) - client-535162E20057->7049f9e8-7de6-4c8c-bf4c-9bb5512f4299: receive RaftClientReply:client-535162E20057->7049f9e8-7de6-4c8c-bf4c-9bb5512f4299@group-3B5DE3AEDFC2, cid=834, SUCCESS, logIndex=1089, commits[7049f9e8-7de6-4c8c-bf4c-9bb5512f4299:c1090, 13d9ac51-91bf-4c73-8824-2f58fc5b2747:c1088, 15cd3569-c751-4f18-b157-6804e7d0f08c:c1088]
2019-07-10 05:59:37,638 INFO  client.GrpcClientProtocolClient (GrpcClientProtocolClient.java:onNext(255)) - client-535162E20057->7049f9e8-7de6-4c8c-bf4c-9bb5512f4299: receive RaftClientReply:client-535162E20057->7049f9e8-7de6-4c8c-bf4c-9bb5512f4299@group-3B5DE3AEDFC2, cid=835, SUCCESS, logIndex=1090, commits[7049f9e8-7de6-4c8c-bf4c-9bb5512f4299:c1090, 13d9ac51-91bf-4c73-8824-2f58fc5b2747:c1088, 15cd3569-c751-4f18-b157-6804e7d0f08c:c1088]
2019-07-10 05:59:37,651 INFO  client.GrpcClientProtocolClient (GrpcClientProtocolClient.java:onNext(255)) - client-535162E20057->7049f9e8-7de6-4c8c-bf4c-9bb5512f4299: receive RaftClientReply:client-535162E20057->7049f9e8-7de6-4c8c-bf4c-9bb5512f4299@group-3B5DE3AEDFC2, cid=836, SUCCESS, logIndex=1093, commits[7049f9e8-7de6-4c8c-bf4c-9bb5512f4299:c1094, 13d9ac51-91bf-4c73-8824-2f58fc5b2747:c1090, 15cd3569-c751-4f18-b157-6804e7d0f08c:c1090]
2019-07-10 05:59:37,652 INFO  client.GrpcClientProtocolClient (GrpcClientProtocolClient.java:onNext(255)) - client-535162E20057->7049f9e8-7de6-4c8c-bf4c-9bb5512f4299: receive RaftClientReply:client-535162E20057->7049f9e8-7de6-4c8c-bf4c-9bb5512f4299@group-3B5DE3AEDFC2, cid=837, SUCCESS, logIndex=1094, commits[7049f9e8-7de6-4c8c-bf4c-9bb5512f4299:c1094, 13d9ac51-91bf-4c73-8824-2f58fc5b2747:c1090, 15cd3569-c751-4f18-b157-6804e7d0f08c:c1090]
2019-07-10 05:59:37,654 INFO  client.GrpcClientProtocolClient (GrpcClientProtocolClient.java:onNext(255)) - client-535162E20057->7049f9e8-7de6-4c8c-bf4c-9bb5512f4299: receive RaftClientReply:client-535162E20057->7049f9e8-7de6-4c8c-bf4c-9bb5512f4299@group-3B5DE3AEDFC2, cid=838, SUCCESS, logIndex=0, commits[7049f9e8-7de6-4c8c-bf4c-9bb5512f4299:c1096, 13d9ac51-91bf-4c73-8824-2f58fc5b2747:c1094, 15cd3569-c751-4f18-b157-6804e7d0f08c:c1094]
2019-07-10 05:59:37,793 INFO  client.GrpcClientProtocolClient (GrpcClientProtocolClient.java:onNext(255)) - client-535162E20057->7049f9e8-7de6-4c8c-bf4c-9bb5512f4299: receive RaftClientReply:client-535162E20057->7049f9e8-7de6-4c8c-bf4c-9bb5512f4299@group-3B5DE3AEDFC2, cid=839, SUCCESS, logIndex=1097, commits[7049f9e8-7de6-4c8c-bf4c-9bb5512f4299:c1098, 13d9ac51-91bf-4c73-8824-2f58fc5b2747:c1096, 15cd3569-c751-4f18-b157-6804e7d0f08c:c1096]
2019-07-10 05:59:37,794 INFO  client.GrpcClientProtocolClient (GrpcClientProtocolClient.java:onNext(255)) - client-535162E20057->7049f9e8-7de6-4c8c-bf4c-9bb5512f4299: receive RaftClientReply:client-535162E20057->7049f9e8-7de6-4c8c-bf4c-9bb5512f4299@group-3B5DE3AEDFC2, cid=840, SUCCESS, logIndex=1098, commits[7049f9e8-7de6-4c8c-bf4c-9bb5512f4299:c1100, 13d9ac51-91bf-4c73-8824-2f58fc5b2747:c1096, 15cd3569-c751-4f18-b157-6804e7d0f08c:c1096]
2019-07-10 05:59:37,794 INFO  client.GrpcClientProtocolClient (GrpcClientProtocolClient.java:onNext(255)) - client-535162E20057->7049f9e8-7de6-4c8c-bf4c-9bb5512f4299: receive RaftClientReply:client-535162E20057->7049f9e8-7de6-4c8c-bf4c-9bb5512f4299@group-3B5DE3AEDFC2, cid=841, SUCCESS, logIndex=1099, commits[7049f9e8-7de6-4c8c-bf4c-9bb5512f4299:c1100, 13d9ac51-91bf-4c73-8824-2f58fc5b2747:c1096, 15cd3569-c751-4f18-b157-6804e7d0f08c:c1096]
2019-07-10 05:59:37,795 INFO  client.GrpcClientProtocolClient (GrpcClientProtocolClient.java:onNext(255)) - client-535162E20057->7049f9e8-7de6-4c8c-bf4c-9bb5512f4299: receive RaftClientReply:client-535162E20057->7049f9e8-7de6-4c8c-bf4c-9bb5512f4299@group-3B5DE3AEDFC2, cid=842, SUCCESS, logIndex=1100, commits[7049f9e8-7de6-4c8c-bf4c-9bb5512f4299:c1100, 13d9ac51-91bf-4c73-8824-2f58fc5b2747:c1096, 15cd3569-c751-4f18-b157-6804e7d0f08c:c1096]
2019-07-10 05:59:37,808 INFO  client.GrpcClientProtocolClient (GrpcClientProtocolClient.java:onNext(255)) - client-535162E20057->7049f9e8-7de6-4c8c-bf4c-9bb5512f4299: receive RaftClientReply:client-535162E20057->7049f9e8-7de6-4c8c-bf4c-9bb5512f4299@group-3B5DE3AEDFC2, cid=843, SUCCESS, logIndex=0, commits[7049f9e8-7de6-4c8c-bf4c-9bb5512f4299:c1104, 13d9ac51-91bf-4c73-8824-2f58fc5b2747:c1100, 15cd3569-c751-4f18-b157-6804e7d0f08c:c1098]
2019-07-10 05:59:37,830 INFO  client.GrpcClientProtocolClient (GrpcClientProtocolClient.java:onNext(255)) - client-535162E20057->7049f9e8-7de6-4c8c-bf4c-9bb5512f4299: receive RaftClientReply:client-535162E20057->7049f9e8-7de6-4c8c-bf4c-9bb5512f4299@group-3B5DE3AEDFC2, cid=844, SUCCESS, logIndex=1105, commits[7049f9e8-7de6-4c8c-bf4c-9bb5512f4299:c1106, 13d9ac51-91bf-4c73-8824-2f58fc5b2747:c1104, 15cd3569-c751-4f18-b157-6804e7d0f08c:c1104]
2019-07-10 05:59:37,831 INFO  client.GrpcClientProtocolClient (GrpcClientProtocolClient.java:onNext(255)) - client-535162E20057->7049f9e8-7de6-4c8c-bf4c-9bb5512f4299: receive RaftClientReply:client-535162E20057->7049f9e8-7de6-4c8c-bf4c-9bb5512f4299@group-3B5DE3AEDFC2, cid=845, SUCCESS, logIndex=1106, commits[7049f9e8-7de6-4c8c-bf4c-9bb5512f4299:c1106, 13d9ac51-91bf-4c73-8824-2f58fc5b2747:c1104, 15cd3569-c751-4f18-b157-6804e7d0f08c:c1104]
2019-07-10 05:59:37,875 INFO  client.GrpcClientProtocolClient (GrpcClientProtocolClient.java:onNext(255)) - client-535162E20057->7049f9e8-7de6-4c8c-bf4c-9bb5512f4299: receive RaftClientReply:client-535162E20057->7049f9e8-7de6-4c8c-bf4c-9bb5512f4299@group-3B5DE3AEDFC2, cid=846, SUCCESS, logIndex=1109, commits[7049f9e8-7de6-4c8c-bf4c-9bb5512f4299:c1110, 13d9ac51-91bf-4c73-8824-2f58fc5b2747:c1106, 15cd3569-c751-4f18-b157-6804e7d0f08c:c1106]
2019-07-10 05:59:37,875 INFO  client.GrpcClientProtocolClient (GrpcClientProtocolClient.java:onNext(255)) - client-535162E20057->7049f9e8-7de6-4c8c-bf4c-9bb5512f4299: receive RaftClientReply:client-535162E20057->7049f9e8-7de6-4c8c-bf4c-9bb5512f4299@group-3B5DE3AEDFC2, cid=847, SUCCESS, logIndex=1110, commits[7049f9e8-7de6-4c8c-bf4c-9bb5512f4299:c1110, 13d9ac51-91bf-4c73-8824-2f58fc5b2747:c1106, 15cd3569-c751-4f18-b157-6804e7d0f08c:c1106]
2019-07-10 05:59:37,897 INFO  client.GrpcClientProtocolClient (GrpcClientProtocolClient.java:onNext(255)) - client-535162E20057->7049f9e8-7de6-4c8c-bf4c-9bb5512f4299: receive RaftClientReply:client-535162E20057->7049f9e8-7de6-4c8c-bf4c-9bb5512f4299@group-3B5DE3AEDFC2, cid=848, SUCCESS, logIndex=0, commits[7049f9e8-7de6-4c8c-bf4c-9bb5512f4299:c1112, 13d9ac51-91bf-4c73-8824-2f58fc5b2747:c1110, 15cd3569-c751-4f18-b157-6804e7d0f08c:c1110]
2019-07-10 05:59:37,919 INFO  client.GrpcClientProtocolClient (GrpcClientProtocolClient.java:onNext(255)) - client-535162E20057->7049f9e8-7de6-4c8c-bf4c-9bb5512f4299: receive RaftClientReply:client-535162E20057->7049f9e8-7de6-4c8c-bf4c-9bb5512f4299@group-3B5DE3AEDFC2, cid=849, SUCCESS, logIndex=1113, commits[7049f9e8-7de6-4c8c-bf4c-9bb5512f4299:c1114, 13d9ac51-91bf-4c73-8824-2f58fc5b2747:c1112, 15cd3569-c751-4f18-b157-6804e7d0f08c:c1112]
2019-07-10 05:59:37,920 INFO  client.GrpcClientProtocolClient (GrpcClientProtocolClient.java:onNext(255)) - client-535162E20057->7049f9e8-7de6-4c8c-bf4c-9bb5512f4299: receive RaftClientReply:client-535162E20057->7049f9e8-7de6-4c8c-bf4c-9bb5512f4299@group-3B5DE3AEDFC2, cid=850, SUCCESS, logIndex=1114, commits[7049f9e8-7de6-4c8c-bf4c-9bb5512f4299:c1115, 13d9ac51-91bf-4c73-8824-2f58fc5b2747:c1112, 15cd3569-c751-4f18-b157-6804e7d0f08c:c1112]
2019-07-10 05:59:37,921 INFO  client.GrpcClientProtocolClient (GrpcClientProtocolClient.java:onNext(255)) - client-535162E20057->7049f9e8-7de6-4c8c-bf4c-9bb5512f4299: receive RaftClientReply:client-535162E20057->7049f9e8-7de6-4c8c-bf4c-9bb5512f4299@group-3B5DE3AEDFC2, cid=851, SUCCESS, logIndex=1115, commits[7049f9e8-7de6-4c8c-bf4c-9bb5512f4299:c1116, 13d9ac51-91bf-4c73-8824-2f58fc5b2747:c1112, 15cd3569-c751-4f18-b157-6804e7d0f08c:c1112]
2019-07-10 05:59:37,921 INFO  client.GrpcClientProtocolClient (GrpcClientProtocolClient.java:onNext(255)) - client-535162E20057->7049f9e8-7de6-4c8c-bf4c-9bb5512f4299: receive RaftClientReply:client-535162E20057->7049f9e8-7de6-4c8c-bf4c-9bb5512f4299@group-3B5DE3AEDFC2, cid=852, SUCCESS, logIndex=1116, commits[7049f9e8-7de6-4c8c-bf4c-9bb5512f4299:c1116, 13d9ac51-91bf-4c73-8824-2f58fc5b2747:c1112, 15cd3569-c751-4f18-b157-6804e7d0f08c:c1112]
2019-07-10 05:59:37,922 INFO  client.GrpcClientProtocolClient (GrpcClientProtocolClient.java:onNext(255)) - client-535162E20057->7049f9e8-7de6-4c8c-bf4c-9bb5512f4299: receive RaftClientReply:client-535162E20057->7049f9e8-7de6-4c8c-bf4c-9bb5512f4299@group-3B5DE3AEDFC2, cid=853, SUCCESS, logIndex=0, commits[7049f9e8-7de6-4c8c-bf4c-9bb5512f4299:c1118, 13d9ac51-91bf-4c73-8824-2f58fc5b2747:c1114, 15cd3569-c751-4f18-b157-6804e7d0f08c:c1114]
2019-07-10 05:59:37,943 INFO  client.GrpcClientProtocolClient (GrpcClientProtocolClient.java:onNext(255)) - client-535162E20057->7049f9e8-7de6-4c8c-bf4c-9bb5512f4299: receive RaftClientReply:client-535162E20057->7049f9e8-7de6-4c8c-bf4c-9bb5512f4299@group-3B5DE3AEDFC2, cid=854, SUCCESS, logIndex=1121, commits[7049f9e8-7de6-4c8c-bf4c-9bb5512f4299:c1122, 13d9ac51-91bf-4c73-8824-2f58fc5b2747:c1120, 15cd3569-c751-4f18-b157-6804e7d0f08c:c1120]
2019-07-10 05:59:37,943 INFO  client.GrpcClientProtocolClient (GrpcClientProtocolClient.java:onNext(255)) - client-535162E20057->7049f9e8-7de6-4c8c-bf4c-9bb5512f4299: receive RaftClientReply:client-535162E20057->7049f9e8-7de6-4c8c-bf4c-9bb5512f4299@group-3B5DE3AEDFC2, cid=855, SUCCESS, logIndex=1122, commits[7049f9e8-7de6-4c8c-bf4c-9bb5512f4299:c1122, 13d9ac51-91bf-4c73-8824-2f58fc5b2747:c1120, 15cd3569-c751-4f18-b157-6804e7d0f08c:c1120]
2019-07-10 05:59:37,956 INFO  client.GrpcClientProtocolClient (GrpcClientProtocolClient.java:onNext(255)) - client-535162E20057->7049f9e8-7de6-4c8c-bf4c-9bb5512f4299: receive RaftClientReply:client-535162E20057->7049f9e8-7de6-4c8c-bf4c-9bb5512f4299@group-3B5DE3AEDFC2, cid=856, SUCCESS, logIndex=1125, commits[7049f9e8-7de6-4c8c-bf4c-9bb5512f4299:c1125, 13d9ac51-91bf-4c73-8824-2f58fc5b2747:c1122, 15cd3569-c751-4f18-b157-6804e7d0f08c:c1122]
2019-07-10 05:59:37,956 INFO  client.GrpcClientProtocolClient (GrpcClientProtocolClient.java:onNext(255)) - client-535162E20057->7049f9e8-7de6-4c8c-bf4c-9bb5512f4299: receive RaftClientReply:client-535162E20057->7049f9e8-7de6-4c8c-bf4c-9bb5512f4299@group-3B5DE3AEDFC2, cid=857, SUCCESS, logIndex=1126, commits[7049f9e8-7de6-4c8c-bf4c-9bb5512f4299:c1126, 13d9ac51-91bf-4c73-8824-2f58fc5b2747:c1122, 15cd3569-c751-4f18-b157-6804e7d0f08c:c1122]
2019-07-10 05:59:37,969 INFO  client.GrpcClientProtocolClient (GrpcClientProtocolClient.java:onNext(255)) - client-535162E20057->7049f9e8-7de6-4c8c-bf4c-9bb5512f4299: receive RaftClientReply:client-535162E20057->7049f9e8-7de6-4c8c-bf4c-9bb5512f4299@group-3B5DE3AEDFC2, cid=858, SUCCESS, logIndex=0, commits[7049f9e8-7de6-4c8c-bf4c-9bb5512f4299:c1128, 13d9ac51-91bf-4c73-8824-2f58fc5b2747:c1126, 15cd3569-c751-4f18-b157-6804e7d0f08c:c1126]
2019-07-10 05:59:37,989 INFO  client.GrpcClientProtocolClient (GrpcClientProtocolClient.java:onNext(255)) - client-535162E20057->7049f9e8-7de6-4c8c-bf4c-9bb5512f4299: receive RaftClientReply:client-535162E20057->7049f9e8-7de6-4c8c-bf4c-9bb5512f4299@group-3B5DE3AEDFC2, cid=859, SUCCESS, logIndex=1129, commits[7049f9e8-7de6-4c8c-bf4c-9bb5512f4299:c1129, 13d9ac51-91bf-4c73-8824-2f58fc5b2747:c1128, 15cd3569-c751-4f18-b157-6804e7d0f08c:c1128]
2019-07-10 05:59:37,990 INFO  client.GrpcClientProtocolClient (GrpcClientProtocolClient.java:onNext(255)) - client-535162E20057->7049f9e8-7de6-4c8c-bf4c-9bb5512f4299: receive RaftClientReply:client-535162E20057->7049f9e8-7de6-4c8c-bf4c-9bb5512f4299@group-3B5DE3AEDFC2, cid=860, SUCCESS, logIndex=1130, commits[7049f9e8-7de6-4c8c-bf4c-9bb5512f4299:c1132, 13d9ac51-91bf-4c73-8824-2f58fc5b2747:c1128, 15cd3569-c751-4f18-b157-6804e7d0f08c:c1128]
2019-07-10 05:59:37,990 INFO  client.GrpcClientProtocolClient (GrpcClientProtocolClient.java:onNext(255)) - client-535162E20057->7049f9e8-7de6-4c8c-bf4c-9bb5512f4299: receive RaftClientReply:client-535162E20057->7049f9e8-7de6-4c8c-bf4c-9bb5512f4299@group-3B5DE3AEDFC2, cid=861, SUCCESS, logIndex=1131, commits[7049f9e8-7de6-4c8c-bf4c-9bb5512f4299:c1132, 13d9ac51-91bf-4c73-8824-2f58fc5b2747:c1128, 15cd3569-c751-4f18-b157-6804e7d0f08c:c1128]
2019-07-10 05:59:37,990 INFO  client.GrpcClientProtocolClient (GrpcClientProtocolClient.java:onNext(255)) - client-535162E20057->7049f9e8-7de6-4c8c-bf4c-9bb5512f4299: receive RaftClientReply:client-535162E20057->7049f9e8-7de6-4c8c-bf4c-9bb5512f4299@group-3B5DE3AEDFC2, cid=862, SUCCESS, logIndex=1132, commits[7049f9e8-7de6-4c8c-bf4c-9bb5512f4299:c1132, 13d9ac51-91bf-4c73-8824-2f58fc5b2747:c1128, 15cd3569-c751-4f18-b157-6804e7d0f08c:c1128]
2019-07-10 05:59:38,002 INFO  client.GrpcClientProtocolClient (GrpcClientProtocolClient.java:onNext(255)) - client-535162E20057->7049f9e8-7de6-4c8c-bf4c-9bb5512f4299: receive RaftClientReply:client-535162E20057->7049f9e8-7de6-4c8c-bf4c-9bb5512f4299@group-3B5DE3AEDFC2, cid=863, SUCCESS, logIndex=0, commits[7049f9e8-7de6-4c8c-bf4c-9bb5512f4299:c1134, 13d9ac51-91bf-4c73-8824-2f58fc5b2747:c1132, 15cd3569-c751-4f18-b157-6804e7d0f08c:c1132]
2019-07-10 05:59:38,022 INFO  client.GrpcClientProtocolClient (GrpcClientProtocolClient.java:onNext(255)) - client-535162E20057->7049f9e8-7de6-4c8c-bf4c-9bb5512f4299: receive RaftClientReply:client-535162E20057->7049f9e8-7de6-4c8c-bf4c-9bb5512f4299@group-3B5DE3AEDFC2, cid=864, SUCCESS, logIndex=1135, commits[7049f9e8-7de6-4c8c-bf4c-9bb5512f4299:c1136, 13d9ac51-91bf-4c73-8824-2f58fc5b2747:c1134, 15cd3569-c751-4f18-b157-6804e7d0f08c:c1134]
2019-07-10 05:59:38,022 INFO  client.GrpcClientProtocolClient (GrpcClientProtocolClient.java:onNext(255)) - client-535162E20057->7049f9e8-7de6-4c8c-bf4c-9bb5512f4299: receive RaftClientReply:client-535162E20057->7049f9e8-7de6-4c8c-bf4c-9bb5512f4299@group-3B5DE3AEDFC2, cid=865, SUCCESS, logIndex=1136, commits[7049f9e8-7de6-4c8c-bf4c-9bb5512f4299:c1136, 13d9ac51-91bf-4c73-8824-2f58fc5b2747:c1134, 15cd3569-c751-4f18-b157-6804e7d0f08c:c1134]
2019-07-10 05:59:38,034 INFO  client.GrpcClientProtocolClient (GrpcClientProtocolClient.java:onNext(255)) - client-535162E20057->7049f9e8-7de6-4c8c-bf4c-9bb5512f4299: receive RaftClientReply:client-535162E20057->7049f9e8-7de6-4c8c-bf4c-9bb5512f4299@group-3B5DE3AEDFC2, cid=866, SUCCESS, logIndex=1139, commits[7049f9e8-7de6-4c8c-bf4c-9bb5512f4299:c1140, 13d9ac51-91bf-4c73-8824-2f58fc5b2747:c1135, 15cd3569-c751-4f18-b157-6804e7d0f08c:c1136]
2019-07-10 05:59:38,035 INFO  client.GrpcClientProtocolClient (GrpcClientProtocolClient.java:onNext(255)) - client-535162E20057->7049f9e8-7de6-4c8c-bf4c-9bb5512f4299: receive RaftClientReply:client-535162E20057->7049f9e8-7de6-4c8c-bf4c-9bb5512f4299@group-3B5DE3AEDFC2, cid=867, SUCCESS, logIndex=1140, commits[7049f9e8-7de6-4c8c-bf4c-9bb5512f4299:c1140, 13d9ac51-91bf-4c73-8824-2f58fc5b2747:c1136, 15cd3569-c751-4f18-b157-6804e7d0f08c:c1136]
2019-07-10 05:59:38,037 INFO  client.GrpcClientProtocolClient (GrpcClientProtocolClient.java:onNext(255)) - client-535162E20057->7049f9e8-7de6-4c8c-bf4c-9bb5512f4299: receive RaftClientReply:client-535162E20057->7049f9e8-7de6-4c8c-bf4c-9bb5512f4299@group-3B5DE3AEDFC2, cid=868, SUCCESS, logIndex=0, commits[7049f9e8-7de6-4c8c-bf4c-9bb5512f4299:c1142, 13d9ac51-91bf-4c73-8824-2f58fc5b2747:c1140, 15cd3569-c751-4f18-b157-6804e7d0f08c:c1140]
2019-07-10 05:59:38,057 INFO  client.GrpcClientProtocolClient (GrpcClientProtocolClient.java:onNext(255)) - client-535162E20057->7049f9e8-7de6-4c8c-bf4c-9bb5512f4299: receive RaftClientReply:client-535162E20057->7049f9e8-7de6-4c8c-bf4c-9bb5512f4299@group-3B5DE3AEDFC2, cid=869, SUCCESS, logIndex=1143, commits[7049f9e8-7de6-4c8c-bf4c-9bb5512f4299:c1145, 13d9ac51-91bf-4c73-8824-2f58fc5b2747:c1142, 15cd3569-c751-4f18-b157-6804e7d0f08c:c1142]
2019-07-10 05:59:38,058 INFO  client.GrpcClientProtocolClient (GrpcClientProtocolClient.java:onNext(255)) - client-535162E20057->7049f9e8-7de6-4c8c-bf4c-9bb5512f4299: receive RaftClientReply:client-535162E20057->7049f9e8-7de6-4c8c-bf4c-9bb5512f4299@group-3B5DE3AEDFC2, cid=870, SUCCESS, logIndex=1144, commits[7049f9e8-7de6-4c8c-bf4c-9bb5512f4299:c1146, 13d9ac51-91bf-4c73-8824-2f58fc5b2747:c1142, 15cd3569-c751-4f18-b157-6804e7d0f08c:c1142]
2019-07-10 05:59:38,058 INFO  client.GrpcClientProtocolClient (GrpcClientProtocolClient.java:onNext(255)) - client-535162E20057->7049f9e8-7de6-4c8c-bf4c-9bb5512f4299: receive RaftClientReply:client-535162E20057->7049f9e8-7de6-4c8c-bf4c-9bb5512f4299@group-3B5DE3AEDFC2, cid=871, SUCCESS, logIndex=1145, commits[7049f9e8-7de6-4c8c-bf4c-9bb5512f4299:c1146, 13d9ac51-91bf-4c73-8824-2f58fc5b2747:c1142, 15cd3569-c751-4f18-b157-6804e7d0f08c:c1142]
2019-07-10 05:59:38,058 INFO  client.GrpcClientProtocolClient (GrpcClientProtocolClient.java:onNext(255)) - client-535162E20057->7049f9e8-7de6-4c8c-bf4c-9bb5512f4299: receive RaftClientReply:client-535162E20057->7049f9e8-7de6-4c8c-bf4c-9bb5512f4299@group-3B5DE3AEDFC2, cid=872, SUCCESS, logIndex=1146, commits[7049f9e8-7de6-4c8c-bf4c-9bb5512f4299:c1146, 13d9ac51-91bf-4c73-8824-2f58fc5b2747:c1142, 15cd3569-c751-4f18-b157-6804e7d0f08c:c1142]
2019-07-10 05:59:38,071 INFO  client.GrpcClientProtocolClient (GrpcClientProtocolClient.java:onNext(255)) - client-535162E20057->7049f9e8-7de6-4c8c-bf4c-9bb5512f4299: receive RaftClientReply:client-535162E20057->7049f9e8-7de6-4c8c-bf4c-9bb5512f4299@group-3B5DE3AEDFC2, cid=873, SUCCESS, logIndex=0, commits[7049f9e8-7de6-4c8c-bf4c-9bb5512f4299:c1150, 13d9ac51-91bf-4c73-8824-2f58fc5b2747:c1146, 15cd3569-c751-4f18-b157-6804e7d0f08c:c1144]
 0.00% |█                                                                                                    |  0/1 Time: 0:00:032019-07-10 05:59:38,105 INFO  client.GrpcClientProtocolClient (GrpcClientProtocolClient.java:onNext(255)) - client-535162E20057->7049f9e8-7de6-4c8c-bf4c-9bb5512f4299: receive RaftClientReply:client-535162E20057->7049f9e8-7de6-4c8c-bf4c-9bb5512f4299@group-3B5DE3AEDFC2, cid=874, SUCCESS, logIndex=1151, commits[7049f9e8-7de6-4c8c-bf4c-9bb5512f4299:c1152, 13d9ac51-91bf-4c73-8824-2f58fc5b2747:c1146, 15cd3569-c751-4f18-b157-6804e7d0f08c:c1150]
2019-07-10 05:59:38,106 INFO  client.GrpcClientProtocolClient (GrpcClientProtocolClient.java:onNext(255)) - client-535162E20057->7049f9e8-7de6-4c8c-bf4c-9bb5512f4299: receive RaftClientReply:client-535162E20057->7049f9e8-7de6-4c8c-bf4c-9bb5512f4299@group-3B5DE3AEDFC2, cid=875, SUCCESS, logIndex=1152, commits[7049f9e8-7de6-4c8c-bf4c-9bb5512f4299:c1152, 13d9ac51-91bf-4c73-8824-2f58fc5b2747:c1150, 15cd3569-c751-4f18-b157-6804e7d0f08c:c1150]
2019-07-10 05:59:38,123 INFO  client.GrpcClientProtocolClient (GrpcClientProtocolClient.java:onNext(255)) - client-535162E20057->7049f9e8-7de6-4c8c-bf4c-9bb5512f4299: receive RaftClientReply:client-535162E20057->7049f9e8-7de6-4c8c-bf4c-9bb5512f4299@group-3B5DE3AEDFC2, cid=876, SUCCESS, logIndex=1155, commits[7049f9e8-7de6-4c8c-bf4c-9bb5512f4299:c1155, 13d9ac51-91bf-4c73-8824-2f58fc5b2747:c1154, 15cd3569-c751-4f18-b157-6804e7d0f08c:c1154]
2019-07-10 05:59:38,123 INFO  client.GrpcClientProtocolClient (GrpcClientProtocolClient.java:onNext(255)) - client-535162E20057->7049f9e8-7de6-4c8c-bf4c-9bb5512f4299: receive RaftClientReply:client-535162E20057->7049f9e8-7de6-4c8c-bf4c-9bb5512f4299@group-3B5DE3AEDFC2, cid=877, SUCCESS, logIndex=1156, commits[7049f9e8-7de6-4c8c-bf4c-9bb5512f4299:c1156, 13d9ac51-91bf-4c73-8824-2f58fc5b2747:c1154, 15cd3569-c751-4f18-b157-6804e7d0f08c:c1154]
2019-07-10 05:59:38,136 INFO  client.GrpcClientProtocolClient (GrpcClientProtocolClient.java:onNext(255)) - client-535162E20057->7049f9e8-7de6-4c8c-bf4c-9bb5512f4299: receive RaftClientReply:client-535162E20057->7049f9e8-7de6-4c8c-bf4c-9bb5512f4299@group-3B5DE3AEDFC2, cid=878, SUCCESS, logIndex=0, commits[7049f9e8-7de6-4c8c-bf4c-9bb5512f4299:c1158, 13d9ac51-91bf-4c73-8824-2f58fc5b2747:c1156, 15cd3569-c751-4f18-b157-6804e7d0f08c:c1156]
2019-07-10 05:59:38,159 INFO  client.GrpcClientProtocolClient (GrpcClientProtocolClient.java:onNext(255)) - client-535162E20057->7049f9e8-7de6-4c8c-bf4c-9bb5512f4299: receive RaftClientReply:client-535162E20057->7049f9e8-7de6-4c8c-bf4c-9bb5512f4299@group-3B5DE3AEDFC2, cid=879, SUCCESS, logIndex=1159, commits[7049f9e8-7de6-4c8c-bf4c-9bb5512f4299:c1160, 13d9ac51-91bf-4c73-8824-2f58fc5b2747:c1158, 15cd3569-c751-4f18-b157-6804e7d0f08c:c1158]
2019-07-10 05:59:38,159 INFO  client.GrpcClientProtocolClient (GrpcClientProtocolClient.java:onNext(255)) - client-535162E20057->7049f9e8-7de6-4c8c-bf4c-9bb5512f4299: receive RaftClientReply:client-535162E20057->7049f9e8-7de6-4c8c-bf4c-9bb5512f4299@group-3B5DE3AEDFC2, cid=880, SUCCESS, logIndex=1160, commits[7049f9e8-7de6-4c8c-bf4c-9bb5512f4299:c1162, 13d9ac51-91bf-4c73-8824-2f58fc5b2747:c1158, 15cd3569-c751-4f18-b157-6804e7d0f08c:c1158]
2019-07-10 05:59:38,160 INFO  client.GrpcClientProtocolClient (GrpcClientProtocolClient.java:onNext(255)) - client-535162E20057->7049f9e8-7de6-4c8c-bf4c-9bb5512f4299: receive RaftClientReply:client-535162E20057->7049f9e8-7de6-4c8c-bf4c-9bb5512f4299@group-3B5DE3AEDFC2, cid=881, SUCCESS, logIndex=1161, commits[7049f9e8-7de6-4c8c-bf4c-9bb5512f4299:c1162, 13d9ac51-91bf-4c73-8824-2f58fc5b2747:c1158, 15cd3569-c751-4f18-b157-6804e7d0f08c:c1158]
2019-07-10 05:59:38,160 INFO  client.GrpcClientProtocolClient (GrpcClientProtocolClient.java:onNext(255)) - client-535162E20057->7049f9e8-7de6-4c8c-bf4c-9bb5512f4299: receive RaftClientReply:client-535162E20057->7049f9e8-7de6-4c8c-bf4c-9bb5512f4299@group-3B5DE3AEDFC2, cid=882, SUCCESS, logIndex=1162, commits[7049f9e8-7de6-4c8c-bf4c-9bb5512f4299:c1162, 13d9ac51-91bf-4c73-8824-2f58fc5b2747:c1158, 15cd3569-c751-4f18-b157-6804e7d0f08c:c1158]
2019-07-10 05:59:38,171 INFO  client.GrpcClientProtocolClient (GrpcClientProtocolClient.java:onNext(255)) - client-535162E20057->7049f9e8-7de6-4c8c-bf4c-9bb5512f4299: receive RaftClientReply:client-535162E20057->7049f9e8-7de6-4c8c-bf4c-9bb5512f4299@group-3B5DE3AEDFC2, cid=883, SUCCESS, logIndex=0, commits[7049f9e8-7de6-4c8c-bf4c-9bb5512f4299:c1166, 13d9ac51-91bf-4c73-8824-2f58fc5b2747:c1160, 15cd3569-c751-4f18-b157-6804e7d0f08c:c1162]
2019-07-10 05:59:38,194 INFO  client.GrpcClientProtocolClient (GrpcClientProtocolClient.java:onNext(255)) - client-535162E20057->7049f9e8-7de6-4c8c-bf4c-9bb5512f4299: receive RaftClientReply:client-535162E20057->7049f9e8-7de6-4c8c-bf4c-9bb5512f4299@group-3B5DE3AEDFC2, cid=884, SUCCESS, logIndex=1167, commits[7049f9e8-7de6-4c8c-bf4c-9bb5512f4299:c1168, 13d9ac51-91bf-4c73-8824-2f58fc5b2747:c1166, 15cd3569-c751-4f18-b157-6804e7d0f08c:c1166]
2019-07-10 05:59:38,195 INFO  client.GrpcClientProtocolClient (GrpcClientProtocolClient.java:onNext(255)) - client-535162E20057->7049f9e8-7de6-4c8c-bf4c-9bb5512f4299: receive RaftClientReply:client-535162E20057->7049f9e8-7de6-4c8c-bf4c-9bb5512f4299@group-3B5DE3AEDFC2, cid=885, SUCCESS, logIndex=1168, commits[7049f9e8-7de6-4c8c-bf4c-9bb5512f4299:c1168, 13d9ac51-91bf-4c73-8824-2f58fc5b2747:c1166, 15cd3569-c751-4f18-b157-6804e7d0f08c:c1166]
2019-07-10 05:59:38,208 INFO  client.GrpcClientProtocolClient (GrpcClientProtocolClient.java:onNext(255)) - client-535162E20057->7049f9e8-7de6-4c8c-bf4c-9bb5512f4299: receive RaftClientReply:client-535162E20057->7049f9e8-7de6-4c8c-bf4c-9bb5512f4299@group-3B5DE3AEDFC2, cid=886, SUCCESS, logIndex=1171, commits[7049f9e8-7de6-4c8c-bf4c-9bb5512f4299:c1172, 13d9ac51-91bf-4c73-8824-2f58fc5b2747:c1167, 15cd3569-c751-4f18-b157-6804e7d0f08c:c1168]
2019-07-10 05:59:38,208 INFO  client.GrpcClientProtocolClient (GrpcClientProtocolClient.java:onNext(255)) - client-535162E20057->7049f9e8-7de6-4c8c-bf4c-9bb5512f4299: receive RaftClientReply:client-535162E20057->7049f9e8-7de6-4c8c-bf4c-9bb5512f4299@group-3B5DE3AEDFC2, cid=887, SUCCESS, logIndex=1172, commits[7049f9e8-7de6-4c8c-bf4c-9bb5512f4299:c1172, 13d9ac51-91bf-4c73-8824-2f58fc5b2747:c1168, 15cd3569-c751-4f18-b157-6804e7d0f08c:c1168]
2019-07-10 05:59:38,210 INFO  client.GrpcClientProtocolClient (GrpcClientProtocolClient.java:onNext(255)) - client-535162E20057->7049f9e8-7de6-4c8c-bf4c-9bb5512f4299: receive RaftClientReply:client-535162E20057->7049f9e8-7de6-4c8c-bf4c-9bb5512f4299@group-3B5DE3AEDFC2, cid=888, SUCCESS, logIndex=0, commits[7049f9e8-7de6-4c8c-bf4c-9bb5512f4299:c1174, 13d9ac51-91bf-4c73-8824-2f58fc5b2747:c1172, 15cd3569-c751-4f18-b157-6804e7d0f08c:c1172]
2019-07-10 05:59:38,230 INFO  client.GrpcClientProtocolClient (GrpcClientProtocolClient.java:onNext(255)) - client-535162E20057->7049f9e8-7de6-4c8c-bf4c-9bb5512f4299: receive RaftClientReply:client-535162E20057->7049f9e8-7de6-4c8c-bf4c-9bb5512f4299@group-3B5DE3AEDFC2, cid=889, SUCCESS, logIndex=1175, commits[7049f9e8-7de6-4c8c-bf4c-9bb5512f4299:c1176, 13d9ac51-91bf-4c73-8824-2f58fc5b2747:c1174, 15cd3569-c751-4f18-b157-6804e7d0f08c:c1174]
2019-07-10 05:59:38,231 INFO  client.GrpcClientProtocolClient (GrpcClientProtocolClient.java:onNext(255)) - client-535162E20057->7049f9e8-7de6-4c8c-bf4c-9bb5512f4299: receive RaftClientReply:client-535162E20057->7049f9e8-7de6-4c8c-bf4c-9bb5512f4299@group-3B5DE3AEDFC2, cid=890, SUCCESS, logIndex=1176, commits[7049f9e8-7de6-4c8c-bf4c-9bb5512f4299:c1178, 13d9ac51-91bf-4c73-8824-2f58fc5b2747:c1174, 15cd3569-c751-4f18-b157-6804e7d0f08c:c1174]
2019-07-10 05:59:38,231 INFO  client.GrpcClientProtocolClient (GrpcClientProtocolClient.java:onNext(255)) - client-535162E20057->7049f9e8-7de6-4c8c-bf4c-9bb5512f4299: receive RaftClientReply:client-535162E20057->7049f9e8-7de6-4c8c-bf4c-9bb5512f4299@group-3B5DE3AEDFC2, cid=891, SUCCESS, logIndex=1177, commits[7049f9e8-7de6-4c8c-bf4c-9bb5512f4299:c1178, 13d9ac51-91bf-4c73-8824-2f58fc5b2747:c1174, 15cd3569-c751-4f18-b157-6804e7d0f08c:c1174]
2019-07-10 05:59:38,232 INFO  client.GrpcClientProtocolClient (GrpcClientProtocolClient.java:onNext(255)) - client-535162E20057->7049f9e8-7de6-4c8c-bf4c-9bb5512f4299: receive RaftClientReply:client-535162E20057->7049f9e8-7de6-4c8c-bf4c-9bb5512f4299@group-3B5DE3AEDFC2, cid=892, SUCCESS, logIndex=1178, commits[7049f9e8-7de6-4c8c-bf4c-9bb5512f4299:c1178, 13d9ac51-91bf-4c73-8824-2f58fc5b2747:c1174, 15cd3569-c751-4f18-b157-6804e7d0f08c:c1174]
2019-07-10 05:59:38,254 INFO  client.GrpcClientProtocolClient (GrpcClientProtocolClient.java:onNext(255)) - client-535162E20057->7049f9e8-7de6-4c8c-bf4c-9bb5512f4299: receive RaftClientReply:client-535162E20057->7049f9e8-7de6-4c8c-bf4c-9bb5512f4299@group-3B5DE3AEDFC2, cid=893, SUCCESS, logIndex=0, commits[7049f9e8-7de6-4c8c-bf4c-9bb5512f4299:c1182, 13d9ac51-91bf-4c73-8824-2f58fc5b2747:c1176, 15cd3569-c751-4f18-b157-6804e7d0f08c:c1178]
2019-07-10 05:59:38,275 INFO  client.GrpcClientProtocolClient (GrpcClientProtocolClient.java:onNext(255)) - client-535162E20057->7049f9e8-7de6-4c8c-bf4c-9bb5512f4299: receive RaftClientReply:client-535162E20057->7049f9e8-7de6-4c8c-bf4c-9bb5512f4299@group-3B5DE3AEDFC2, cid=894, SUCCESS, logIndex=1183, commits[7049f9e8-7de6-4c8c-bf4c-9bb5512f4299:c1184, 13d9ac51-91bf-4c73-8824-2f58fc5b2747:c1182, 15cd3569-c751-4f18-b157-6804e7d0f08c:c1182]
2019-07-10 05:59:38,276 INFO  client.GrpcClientProtocolClient (GrpcClientProtocolClient.java:onNext(255)) - client-535162E20057->7049f9e8-7de6-4c8c-bf4c-9bb5512f4299: receive RaftClientReply:client-535162E20057->7049f9e8-7de6-4c8c-bf4c-9bb5512f4299@group-3B5DE3AEDFC2, cid=895, SUCCESS, logIndex=1184, commits[7049f9e8-7de6-4c8c-bf4c-9bb5512f4299:c1184, 13d9ac51-91bf-4c73-8824-2f58fc5b2747:c1182, 15cd3569-c751-4f18-b157-6804e7d0f08c:c1182]
2019-07-10 05:59:38,290 INFO  client.GrpcClientProtocolClient (GrpcClientProtocolClient.java:onNext(255)) - client-535162E20057->7049f9e8-7de6-4c8c-bf4c-9bb5512f4299: receive RaftClientReply:client-535162E20057->7049f9e8-7de6-4c8c-bf4c-9bb5512f4299@group-3B5DE3AEDFC2, cid=896, SUCCESS, logIndex=1187, commits[7049f9e8-7de6-4c8c-bf4c-9bb5512f4299:c1188, 13d9ac51-91bf-4c73-8824-2f58fc5b2747:c1186, 15cd3569-c751-4f18-b157-6804e7d0f08c:c1186]
2019-07-10 05:59:38,291 INFO  client.GrpcClientProtocolClient (GrpcClientProtocolClient.java:onNext(255)) - client-535162E20057->7049f9e8-7de6-4c8c-bf4c-9bb5512f4299: receive RaftClientReply:client-535162E20057->7049f9e8-7de6-4c8c-bf4c-9bb5512f4299@group-3B5DE3AEDFC2, cid=897, SUCCESS, logIndex=1188, commits[7049f9e8-7de6-4c8c-bf4c-9bb5512f4299:c1188, 13d9ac51-91bf-4c73-8824-2f58fc5b2747:c1186, 15cd3569-c751-4f18-b157-6804e7d0f08c:c1186]
2019-07-10 05:59:38,293 INFO  client.GrpcClientProtocolClient (GrpcClientProtocolClient.java:onNext(255)) - client-535162E20057->7049f9e8-7de6-4c8c-bf4c-9bb5512f4299: receive RaftClientReply:client-535162E20057->7049f9e8-7de6-4c8c-bf4c-9bb5512f4299@group-3B5DE3AEDFC2, cid=898, SUCCESS, logIndex=0, commits[7049f9e8-7de6-4c8c-bf4c-9bb5512f4299:c1189, 13d9ac51-91bf-4c73-8824-2f58fc5b2747:c1188, 15cd3569-c751-4f18-b157-6804e7d0f08c:c1188]
2019-07-10 05:59:38,311 INFO  client.GrpcClientProtocolClient (GrpcClientProtocolClient.java:onNext(255)) - client-535162E20057->7049f9e8-7de6-4c8c-bf4c-9bb5512f4299: receive RaftClientReply:client-535162E20057->7049f9e8-7de6-4c8c-bf4c-9bb5512f4299@group-3B5DE3AEDFC2, cid=899, SUCCESS, logIndex=1191, commits[7049f9e8-7de6-4c8c-bf4c-9bb5512f4299:c1192, 13d9ac51-91bf-4c73-8824-2f58fc5b2747:c1190, 15cd3569-c751-4f18-b157-6804e7d0f08c:c1188]
2019-07-10 05:59:38,311 INFO  client.GrpcClientProtocolClient (GrpcClientProtocolClient.java:onNext(255)) - client-535162E20057->7049f9e8-7de6-4c8c-bf4c-9bb5512f4299: receive RaftClientReply:client-535162E20057->7049f9e8-7de6-4c8c-bf4c-9bb5512f4299@group-3B5DE3AEDFC2, cid=900, SUCCESS, logIndex=1192, commits[7049f9e8-7de6-4c8c-bf4c-9bb5512f4299:c1192, 13d9ac51-91bf-4c73-8824-2f58fc5b2747:c1190, 15cd3569-c751-4f18-b157-6804e7d0f08c:c1188]
2019-07-10 05:59:38,312 INFO  client.GrpcClientProtocolClient (GrpcClientProtocolClient.java:onNext(255)) - client-535162E20057->7049f9e8-7de6-4c8c-bf4c-9bb5512f4299: receive RaftClientReply:client-535162E20057->7049f9e8-7de6-4c8c-bf4c-9bb5512f4299@group-3B5DE3AEDFC2, cid=901, SUCCESS, logIndex=1193, commits[7049f9e8-7de6-4c8c-bf4c-9bb5512f4299:c1194, 13d9ac51-91bf-4c73-8824-2f58fc5b2747:c1190, 15cd3569-c751-4f18-b157-6804e7d0f08c:c1190]
2019-07-10 05:59:38,313 INFO  client.GrpcClientProtocolClient (GrpcClientProtocolClient.java:onNext(255)) - client-535162E20057->7049f9e8-7de6-4c8c-bf4c-9bb5512f4299: receive RaftClientReply:client-535162E20057->7049f9e8-7de6-4c8c-bf4c-9bb5512f4299@group-3B5DE3AEDFC2, cid=902, SUCCESS, logIndex=1194, commits[7049f9e8-7de6-4c8c-bf4c-9bb5512f4299:c1196, 13d9ac51-91bf-4c73-8824-2f58fc5b2747:c1192, 15cd3569-c751-4f18-b157-6804e7d0f08c:c1190]
2019-07-10 05:59:38,314 INFO  client.GrpcClientProtocolClient (GrpcClientProtocolClient.java:onNext(255)) - client-535162E20057->7049f9e8-7de6-4c8c-bf4c-9bb5512f4299: receive RaftClientReply:client-535162E20057->7049f9e8-7de6-4c8c-bf4c-9bb5512f4299@group-3B5DE3AEDFC2, cid=903, SUCCESS, logIndex=0, commits[7049f9e8-7de6-4c8c-bf4c-9bb5512f4299:c1196, 13d9ac51-91bf-4c73-8824-2f58fc5b2747:c1192, 15cd3569-c751-4f18-b157-6804e7d0f08c:c1192]
2019-07-10 05:59:38,327 INFO  client.GrpcClientProtocolClient (GrpcClientProtocolClient.java:onNext(255)) - client-535162E20057->7049f9e8-7de6-4c8c-bf4c-9bb5512f4299: receive RaftClientReply:client-535162E20057->7049f9e8-7de6-4c8c-bf4c-9bb5512f4299@group-3B5DE3AEDFC2, cid=904, SUCCESS, logIndex=1199, commits[7049f9e8-7de6-4c8c-bf4c-9bb5512f4299:c1200, 13d9ac51-91bf-4c73-8824-2f58fc5b2747:c1194, 15cd3569-c751-4f18-b157-6804e7d0f08c:c1198]
2019-07-10 05:59:38,328 INFO  client.GrpcClientProtocolClient (GrpcClientProtocolClient.java:onNext(255)) - client-535162E20057->7049f9e8-7de6-4c8c-bf4c-9bb5512f4299: receive RaftClientReply:client-535162E20057->7049f9e8-7de6-4c8c-bf4c-9bb5512f4299@group-3B5DE3AEDFC2, cid=905, SUCCESS, logIndex=1200, commits[7049f9e8-7de6-4c8c-bf4c-9bb5512f4299:c1200, 13d9ac51-91bf-4c73-8824-2f58fc5b2747:c1198, 15cd3569-c751-4f18-b157-6804e7d0f08c:c1198]
2019-07-10 05:59:38,364 INFO  client.GrpcClientProtocolClient (GrpcClientProtocolClient.java:onNext(255)) - client-535162E20057->7049f9e8-7de6-4c8c-bf4c-9bb5512f4299: receive RaftClientReply:client-535162E20057->7049f9e8-7de6-4c8c-bf4c-9bb5512f4299@group-3B5DE3AEDFC2, cid=906, SUCCESS, logIndex=1203, commits[7049f9e8-7de6-4c8c-bf4c-9bb5512f4299:c1204, 13d9ac51-91bf-4c73-8824-2f58fc5b2747:c1202, 15cd3569-c751-4f18-b157-6804e7d0f08c:c1202]
2019-07-10 05:59:38,364 INFO  client.GrpcClientProtocolClient (GrpcClientProtocolClient.java:onNext(255)) - client-535162E20057->7049f9e8-7de6-4c8c-bf4c-9bb5512f4299: receive RaftClientReply:client-535162E20057->7049f9e8-7de6-4c8c-bf4c-9bb5512f4299@group-3B5DE3AEDFC2, cid=907, SUCCESS, logIndex=1204, commits[7049f9e8-7de6-4c8c-bf4c-9bb5512f4299:c1204, 13d9ac51-91bf-4c73-8824-2f58fc5b2747:c1202, 15cd3569-c751-4f18-b157-6804e7d0f08c:c1202]
2019-07-10 05:59:38,375 INFO  client.GrpcClientProtocolClient (GrpcClientProtocolClient.java:onNext(255)) - client-535162E20057->7049f9e8-7de6-4c8c-bf4c-9bb5512f4299: receive RaftClientReply:client-535162E20057->7049f9e8-7de6-4c8c-bf4c-9bb5512f4299@group-3B5DE3AEDFC2, cid=908, SUCCESS, logIndex=0, commits[7049f9e8-7de6-4c8c-bf4c-9bb5512f4299:c1205, 13d9ac51-91bf-4c73-8824-2f58fc5b2747:c1204, 15cd3569-c751-4f18-b157-6804e7d0f08c:c1204]
2019-07-10 05:59:38,510 INFO  client.GrpcClientProtocolClient (GrpcClientProtocolClient.java:onNext(255)) - client-535162E20057->7049f9e8-7de6-4c8c-bf4c-9bb5512f4299: receive RaftClientReply:client-535162E20057->7049f9e8-7de6-4c8c-bf4c-9bb5512f4299@group-3B5DE3AEDFC2, cid=909, SUCCESS, logIndex=1207, commits[7049f9e8-7de6-4c8c-bf4c-9bb5512f4299:c1208, 13d9ac51-91bf-4c73-8824-2f58fc5b2747:c1206, 15cd3569-c751-4f18-b157-6804e7d0f08c:c1206]
2019-07-10 05:59:38,510 INFO  client.GrpcClientProtocolClient (GrpcClientProtocolClient.java:onNext(255)) - client-535162E20057->7049f9e8-7de6-4c8c-bf4c-9bb5512f4299: receive RaftClientReply:client-535162E20057->7049f9e8-7de6-4c8c-bf4c-9bb5512f4299@group-3B5DE3AEDFC2, cid=910, SUCCESS, logIndex=1208, commits[7049f9e8-7de6-4c8c-bf4c-9bb5512f4299:c1208, 13d9ac51-91bf-4c73-8824-2f58fc5b2747:c1206, 15cd3569-c751-4f18-b157-6804e7d0f08c:c1206]
2019-07-10 05:59:38,521 INFO  client.GrpcClientProtocolClient (GrpcClientProtocolClient.java:onNext(255)) - client-535162E20057->7049f9e8-7de6-4c8c-bf4c-9bb5512f4299: receive RaftClientReply:client-535162E20057->7049f9e8-7de6-4c8c-bf4c-9bb5512f4299@group-3B5DE3AEDFC2, cid=911, SUCCESS, logIndex=1209, commits[7049f9e8-7de6-4c8c-bf4c-9bb5512f4299:c1210, 13d9ac51-91bf-4c73-8824-2f58fc5b2747:c1206, 15cd3569-c751-4f18-b157-6804e7d0f08c:c1206]
2019-07-10 05:59:38,522 INFO  client.GrpcClientProtocolClient (GrpcClientProtocolClient.java:onNext(255)) - client-535162E20057->7049f9e8-7de6-4c8c-bf4c-9bb5512f4299: receive RaftClientReply:client-535162E20057->7049f9e8-7de6-4c8c-bf4c-9bb5512f4299@group-3B5DE3AEDFC2, cid=912, SUCCESS, logIndex=1210, commits[7049f9e8-7de6-4c8c-bf4c-9bb5512f4299:c1210, 13d9ac51-91bf-4c73-8824-2f58fc5b2747:c1206, 15cd3569-c751-4f18-b157-6804e7d0f08c:c1206]
2019-07-10 05:59:38,524 INFO  client.GrpcClientProtocolClient (GrpcClientProtocolClient.java:onNext(255)) - client-535162E20057->7049f9e8-7de6-4c8c-bf4c-9bb5512f4299: receive RaftClientReply:client-535162E20057->7049f9e8-7de6-4c8c-bf4c-9bb5512f4299@group-3B5DE3AEDFC2, cid=913, SUCCESS, logIndex=0, commits[7049f9e8-7de6-4c8c-bf4c-9bb5512f4299:c1214, 13d9ac51-91bf-4c73-8824-2f58fc5b2747:c1210, 15cd3569-c751-4f18-b157-6804e7d0f08c:c1209]
2019-07-10 05:59:38,546 INFO  client.GrpcClientProtocolClient (GrpcClientProtocolClient.java:onNext(255)) - client-535162E20057->7049f9e8-7de6-4c8c-bf4c-9bb5512f4299: receive RaftClientReply:client-535162E20057->7049f9e8-7de6-4c8c-bf4c-9bb5512f4299@group-3B5DE3AEDFC2, cid=914, SUCCESS, logIndex=1215, commits[7049f9e8-7de6-4c8c-bf4c-9bb5512f4299:c1216, 13d9ac51-91bf-4c73-8824-2f58fc5b2747:c1214, 15cd3569-c751-4f18-b157-6804e7d0f08c:c1214]
2019-07-10 05:59:38,546 INFO  client.GrpcClientProtocolClient (GrpcClientProtocolClient.java:onNext(255)) - client-535162E20057->7049f9e8-7de6-4c8c-bf4c-9bb5512f4299: receive RaftClientReply:client-535162E20057->7049f9e8-7de6-4c8c-bf4c-9bb5512f4299@group-3B5DE3AEDFC2, cid=915, SUCCESS, logIndex=1216, commits[7049f9e8-7de6-4c8c-bf4c-9bb5512f4299:c1216, 13d9ac51-91bf-4c73-8824-2f58fc5b2747:c1214, 15cd3569-c751-4f18-b157-6804e7d0f08c:c1214]
2019-07-10 05:59:38,572 INFO  client.GrpcClientProtocolClient (GrpcClientProtocolClient.java:onNext(255)) - client-535162E20057->7049f9e8-7de6-4c8c-bf4c-9bb5512f4299: receive RaftClientReply:client-535162E20057->7049f9e8-7de6-4c8c-bf4c-9bb5512f4299@group-3B5DE3AEDFC2, cid=916, SUCCESS, logIndex=1219, commits[7049f9e8-7de6-4c8c-bf4c-9bb5512f4299:c1220, 13d9ac51-91bf-4c73-8824-2f58fc5b2747:c1216, 15cd3569-c751-4f18-b157-6804e7d0f08c:c1216]
2019-07-10 05:59:38,572 INFO  client.GrpcClientProtocolClient (GrpcClientProtocolClient.java:onNext(255)) - client-535162E20057->7049f9e8-7de6-4c8c-bf4c-9bb5512f4299: receive RaftClientReply:client-535162E20057->7049f9e8-7de6-4c8c-bf4c-9bb5512f4299@group-3B5DE3AEDFC2, cid=917, SUCCESS, logIndex=1220, commits[7049f9e8-7de6-4c8c-bf4c-9bb5512f4299:c1220, 13d9ac51-91bf-4c73-8824-2f58fc5b2747:c1216, 15cd3569-c751-4f18-b157-6804e7d0f08c:c1216]
2019-07-10 05:59:38,585 INFO  client.GrpcClientProtocolClient (GrpcClientProtocolClient.java:onNext(255)) - client-535162E20057->7049f9e8-7de6-4c8c-bf4c-9bb5512f4299: receive RaftClientReply:client-535162E20057->7049f9e8-7de6-4c8c-bf4c-9bb5512f4299@group-3B5DE3AEDFC2, cid=918, SUCCESS, logIndex=0, commits[7049f9e8-7de6-4c8c-bf4c-9bb5512f4299:c1221, 13d9ac51-91bf-4c73-8824-2f58fc5b2747:c1220, 15cd3569-c751-4f18-b157-6804e7d0f08c:c1220]
2019-07-10 05:59:38,611 INFO  client.GrpcClientProtocolClient (GrpcClientProtocolClient.java:onNext(255)) - client-535162E20057->7049f9e8-7de6-4c8c-bf4c-9bb5512f4299: receive RaftClientReply:client-535162E20057->7049f9e8-7de6-4c8c-bf4c-9bb5512f4299@group-3B5DE3AEDFC2, cid=919, SUCCESS, logIndex=1223, commits[7049f9e8-7de6-4c8c-bf4c-9bb5512f4299:c1225, 13d9ac51-91bf-4c73-8824-2f58fc5b2747:c1222, 15cd3569-c751-4f18-b157-6804e7d0f08c:c1222]
2019-07-10 05:59:38,612 INFO  client.GrpcClientProtocolClient (GrpcClientProtocolClient.java:onNext(255)) - client-535162E20057->7049f9e8-7de6-4c8c-bf4c-9bb5512f4299: receive RaftClientReply:client-535162E20057->7049f9e8-7de6-4c8c-bf4c-9bb5512f4299@group-3B5DE3AEDFC2, cid=920, SUCCESS, logIndex=1224, commits[7049f9e8-7de6-4c8c-bf4c-9bb5512f4299:c1226, 13d9ac51-91bf-4c73-8824-2f58fc5b2747:c1222, 15cd3569-c751-4f18-b157-6804e7d0f08c:c1222]
2019-07-10 05:59:38,612 INFO  client.GrpcClientProtocolClient (GrpcClientProtocolClient.java:onNext(255)) - client-535162E20057->7049f9e8-7de6-4c8c-bf4c-9bb5512f4299: receive RaftClientReply:client-535162E20057->7049f9e8-7de6-4c8c-bf4c-9bb5512f4299@group-3B5DE3AEDFC2, cid=921, SUCCESS, logIndex=1225, commits[7049f9e8-7de6-4c8c-bf4c-9bb5512f4299:c1226, 13d9ac51-91bf-4c73-8824-2f58fc5b2747:c1222, 15cd3569-c751-4f18-b157-6804e7d0f08c:c1222]
2019-07-10 05:59:38,613 INFO  client.GrpcClientProtocolClient (GrpcClientProtocolClient.java:onNext(255)) - client-535162E20057->7049f9e8-7de6-4c8c-bf4c-9bb5512f4299: receive RaftClientReply:client-535162E20057->7049f9e8-7de6-4c8c-bf4c-9bb5512f4299@group-3B5DE3AEDFC2, cid=922, SUCCESS, logIndex=1226, commits[7049f9e8-7de6-4c8c-bf4c-9bb5512f4299:c1226, 13d9ac51-91bf-4c73-8824-2f58fc5b2747:c1222, 15cd3569-c751-4f18-b157-6804e7d0f08c:c1222]
2019-07-10 05:59:38,614 INFO  client.GrpcClientProtocolClient (GrpcClientProtocolClient.java:onNext(255)) - client-535162E20057->7049f9e8-7de6-4c8c-bf4c-9bb5512f4299: receive RaftClientReply:client-535162E20057->7049f9e8-7de6-4c8c-bf4c-9bb5512f4299@group-3B5DE3AEDFC2, cid=923, SUCCESS, logIndex=0, commits[7049f9e8-7de6-4c8c-bf4c-9bb5512f4299:c1230, 13d9ac51-91bf-4c73-8824-2f58fc5b2747:c1225, 15cd3569-c751-4f18-b157-6804e7d0f08c:c1226]
2019-07-10 05:59:38,638 INFO  client.GrpcClientProtocolClient (GrpcClientProtocolClient.java:onNext(255)) - client-535162E20057->7049f9e8-7de6-4c8c-bf4c-9bb5512f4299: receive RaftClientReply:client-535162E20057->7049f9e8-7de6-4c8c-bf4c-9bb5512f4299@group-3B5DE3AEDFC2, cid=924, SUCCESS, logIndex=1231, commits[7049f9e8-7de6-4c8c-bf4c-9bb5512f4299:c1232, 13d9ac51-91bf-4c73-8824-2f58fc5b2747:c1230, 15cd3569-c751-4f18-b157-6804e7d0f08c:c1230]
2019-07-10 05:59:38,638 INFO  client.GrpcClientProtocolClient (GrpcClientProtocolClient.java:onNext(255)) - client-535162E20057->7049f9e8-7de6-4c8c-bf4c-9bb5512f4299: receive RaftClientReply:client-535162E20057->7049f9e8-7de6-4c8c-bf4c-9bb5512f4299@group-3B5DE3AEDFC2, cid=925, SUCCESS, logIndex=1232, commits[7049f9e8-7de6-4c8c-bf4c-9bb5512f4299:c1232, 13d9ac51-91bf-4c73-8824-2f58fc5b2747:c1230, 15cd3569-c751-4f18-b157-6804e7d0f08c:c1230]
2019-07-10 05:59:38,663 INFO  client.GrpcClientProtocolClient (GrpcClientProtocolClient.java:onNext(255)) - client-535162E20057->7049f9e8-7de6-4c8c-bf4c-9bb5512f4299: receive RaftClientReply:client-535162E20057->7049f9e8-7de6-4c8c-bf4c-9bb5512f4299@group-3B5DE3AEDFC2, cid=926, SUCCESS, logIndex=1235, commits[7049f9e8-7de6-4c8c-bf4c-9bb5512f4299:c1236, 13d9ac51-91bf-4c73-8824-2f58fc5b2747:c1232, 15cd3569-c751-4f18-b157-6804e7d0f08c:c1232]
2019-07-10 05:59:38,664 INFO  client.GrpcClientProtocolClient (GrpcClientProtocolClient.java:onNext(255)) - client-535162E20057->7049f9e8-7de6-4c8c-bf4c-9bb5512f4299: receive RaftClientReply:client-535162E20057->7049f9e8-7de6-4c8c-bf4c-9bb5512f4299@group-3B5DE3AEDFC2, cid=927, SUCCESS, logIndex=1236, commits[7049f9e8-7de6-4c8c-bf4c-9bb5512f4299:c1236, 13d9ac51-91bf-4c73-8824-2f58fc5b2747:c1232, 15cd3569-c751-4f18-b157-6804e7d0f08c:c1232]
2019-07-10 05:59:38,677 INFO  client.GrpcClientProtocolClient (GrpcClientProtocolClient.java:onNext(255)) - client-535162E20057->7049f9e8-7de6-4c8c-bf4c-9bb5512f4299: receive RaftClientReply:client-535162E20057->7049f9e8-7de6-4c8c-bf4c-9bb5512f4299@group-3B5DE3AEDFC2, cid=928, SUCCESS, logIndex=0, commits[7049f9e8-7de6-4c8c-bf4c-9bb5512f4299:c1238, 13d9ac51-91bf-4c73-8824-2f58fc5b2747:c1236, 15cd3569-c751-4f18-b157-6804e7d0f08c:c1236]
2019-07-10 05:59:38,698 INFO  client.GrpcClientProtocolClient (GrpcClientProtocolClient.java:onNext(255)) - client-535162E20057->7049f9e8-7de6-4c8c-bf4c-9bb5512f4299: receive RaftClientReply:client-535162E20057->7049f9e8-7de6-4c8c-bf4c-9bb5512f4299@group-3B5DE3AEDFC2, cid=929, SUCCESS, logIndex=1239, commits[7049f9e8-7de6-4c8c-bf4c-9bb5512f4299:c1240, 13d9ac51-91bf-4c73-8824-2f58fc5b2747:c1238, 15cd3569-c751-4f18-b157-6804e7d0f08c:c1238]
2019-07-10 05:59:38,699 INFO  client.GrpcClientProtocolClient (GrpcClientProtocolClient.java:onNext(255)) - client-535162E20057->7049f9e8-7de6-4c8c-bf4c-9bb5512f4299: receive RaftClientReply:client-535162E20057->7049f9e8-7de6-4c8c-bf4c-9bb5512f4299@group-3B5DE3AEDFC2, cid=930, SUCCESS, logIndex=1240, commits[7049f9e8-7de6-4c8c-bf4c-9bb5512f4299:c1241, 13d9ac51-91bf-4c73-8824-2f58fc5b2747:c1238, 15cd3569-c751-4f18-b157-6804e7d0f08c:c1238]
2019-07-10 05:59:38,700 INFO  client.GrpcClientProtocolClient (GrpcClientProtocolClient.java:onNext(255)) - client-535162E20057->7049f9e8-7de6-4c8c-bf4c-9bb5512f4299: receive RaftClientReply:client-535162E20057->7049f9e8-7de6-4c8c-bf4c-9bb5512f4299@group-3B5DE3AEDFC2, cid=931, SUCCESS, logIndex=1241, commits[7049f9e8-7de6-4c8c-bf4c-9bb5512f4299:c1242, 13d9ac51-91bf-4c73-8824-2f58fc5b2747:c1238, 15cd3569-c751-4f18-b157-6804e7d0f08c:c1238]
2019-07-10 05:59:38,700 INFO  client.GrpcClientProtocolClient (GrpcClientProtocolClient.java:onNext(255)) - client-535162E20057->7049f9e8-7de6-4c8c-bf4c-9bb5512f4299: receive RaftClientReply:client-535162E20057->7049f9e8-7de6-4c8c-bf4c-9bb5512f4299@group-3B5DE3AEDFC2, cid=932, SUCCESS, logIndex=1242, commits[7049f9e8-7de6-4c8c-bf4c-9bb5512f4299:c1242, 13d9ac51-91bf-4c73-8824-2f58fc5b2747:c1238, 15cd3569-c751-4f18-b157-6804e7d0f08c:c1238]
2019-07-10 05:59:38,701 INFO  client.GrpcClientProtocolClient (GrpcClientProtocolClient.java:onNext(255)) - client-535162E20057->7049f9e8-7de6-4c8c-bf4c-9bb5512f4299: receive RaftClientReply:client-535162E20057->7049f9e8-7de6-4c8c-bf4c-9bb5512f4299@group-3B5DE3AEDFC2, cid=933, SUCCESS, logIndex=0, commits[7049f9e8-7de6-4c8c-bf4c-9bb5512f4299:c1246, 13d9ac51-91bf-4c73-8824-2f58fc5b2747:c1242, 15cd3569-c751-4f18-b157-6804e7d0f08c:c1242]
2019-07-10 05:59:38,722 INFO  client.GrpcClientProtocolClient (GrpcClientProtocolClient.java:onNext(255)) - client-535162E20057->7049f9e8-7de6-4c8c-bf4c-9bb5512f4299: receive RaftClientReply:client-535162E20057->7049f9e8-7de6-4c8c-bf4c-9bb5512f4299@group-3B5DE3AEDFC2, cid=934, SUCCESS, logIndex=1247, commits[7049f9e8-7de6-4c8c-bf4c-9bb5512f4299:c1248, 13d9ac51-91bf-4c73-8824-2f58fc5b2747:c1246, 15cd3569-c751-4f18-b157-6804e7d0f08c:c1246]
2019-07-10 05:59:38,723 INFO  client.GrpcClientProtocolClient (GrpcClientProtocolClient.java:onNext(255)) - client-535162E20057->7049f9e8-7de6-4c8c-bf4c-9bb5512f4299: receive RaftClientReply:client-535162E20057->7049f9e8-7de6-4c8c-bf4c-9bb5512f4299@group-3B5DE3AEDFC2, cid=935, SUCCESS, logIndex=1248, commits[7049f9e8-7de6-4c8c-bf4c-9bb5512f4299:c1248, 13d9ac51-91bf-4c73-8824-2f58fc5b2747:c1246, 15cd3569-c751-4f18-b157-6804e7d0f08c:c1246]
2019-07-10 05:59:38,738 INFO  client.GrpcClientProtocolClient (GrpcClientProtocolClient.java:onNext(255)) - client-535162E20057->7049f9e8-7de6-4c8c-bf4c-9bb5512f4299: receive RaftClientReply:client-535162E20057->7049f9e8-7de6-4c8c-bf4c-9bb5512f4299@group-3B5DE3AEDFC2, cid=936, SUCCESS, logIndex=1251, commits[7049f9e8-7de6-4c8c-bf4c-9bb5512f4299:c1252, 13d9ac51-91bf-4c73-8824-2f58fc5b2747:c1248, 15cd3569-c751-4f18-b157-6804e7d0f08c:c1248]
2019-07-10 05:59:38,739 INFO  client.GrpcClientProtocolClient (GrpcClientProtocolClient.java:onNext(255)) - client-535162E20057->7049f9e8-7de6-4c8c-bf4c-9bb5512f4299: receive RaftClientReply:client-535162E20057->7049f9e8-7de6-4c8c-bf4c-9bb5512f4299@group-3B5DE3AEDFC2, cid=937, SUCCESS, logIndex=1252, commits[7049f9e8-7de6-4c8c-bf4c-9bb5512f4299:c1252, 13d9ac51-91bf-4c73-8824-2f58fc5b2747:c1248, 15cd3569-c751-4f18-b157-6804e7d0f08c:c1248]
2019-07-10 05:59:38,742 INFO  client.GrpcClientProtocolClient (GrpcClientProtocolClient.java:onNext(255)) - client-535162E20057->7049f9e8-7de6-4c8c-bf4c-9bb5512f4299: receive RaftClientReply:client-535162E20057->7049f9e8-7de6-4c8c-bf4c-9bb5512f4299@group-3B5DE3AEDFC2, cid=938, SUCCESS, logIndex=0, commits[7049f9e8-7de6-4c8c-bf4c-9bb5512f4299:c1254, 13d9ac51-91bf-4c73-8824-2f58fc5b2747:c1252, 15cd3569-c751-4f18-b157-6804e7d0f08c:c1252]
2019-07-10 05:59:38,764 INFO  client.GrpcClientProtocolClient (GrpcClientProtocolClient.java:onNext(255)) - client-535162E20057->7049f9e8-7de6-4c8c-bf4c-9bb5512f4299: receive RaftClientReply:client-535162E20057->7049f9e8-7de6-4c8c-bf4c-9bb5512f4299@group-3B5DE3AEDFC2, cid=939, SUCCESS, logIndex=1255, commits[7049f9e8-7de6-4c8c-bf4c-9bb5512f4299:c1256, 13d9ac51-91bf-4c73-8824-2f58fc5b2747:c1254, 15cd3569-c751-4f18-b157-6804e7d0f08c:c1254]
2019-07-10 05:59:38,765 INFO  client.GrpcClientProtocolClient (GrpcClientProtocolClient.java:onNext(255)) - client-535162E20057->7049f9e8-7de6-4c8c-bf4c-9bb5512f4299: receive RaftClientReply:client-535162E20057->7049f9e8-7de6-4c8c-bf4c-9bb5512f4299@group-3B5DE3AEDFC2, cid=940, SUCCESS, logIndex=1256, commits[7049f9e8-7de6-4c8c-bf4c-9bb5512f4299:c1256, 13d9ac51-91bf-4c73-8824-2f58fc5b2747:c1254, 15cd3569-c751-4f18-b157-6804e7d0f08c:c1254]
2019-07-10 05:59:38,775 INFO  client.GrpcClientProtocolClient (GrpcClientProtocolClient.java:onNext(255)) - client-535162E20057->7049f9e8-7de6-4c8c-bf4c-9bb5512f4299: receive RaftClientReply:client-535162E20057->7049f9e8-7de6-4c8c-bf4c-9bb5512f4299@group-3B5DE3AEDFC2, cid=941, SUCCESS, logIndex=1257, commits[7049f9e8-7de6-4c8c-bf4c-9bb5512f4299:c1258, 13d9ac51-91bf-4c73-8824-2f58fc5b2747:c1254, 15cd3569-c751-4f18-b157-6804e7d0f08c:c1254]
2019-07-10 05:59:38,776 INFO  client.GrpcClientProtocolClient (GrpcClientProtocolClient.java:onNext(255)) - client-535162E20057->7049f9e8-7de6-4c8c-bf4c-9bb5512f4299: receive RaftClientReply:client-535162E20057->7049f9e8-7de6-4c8c-bf4c-9bb5512f4299@group-3B5DE3AEDFC2, cid=942, SUCCESS, logIndex=1258, commits[7049f9e8-7de6-4c8c-bf4c-9bb5512f4299:c1258, 13d9ac51-91bf-4c73-8824-2f58fc5b2747:c1254, 15cd3569-c751-4f18-b157-6804e7d0f08c:c1254]
2019-07-10 05:59:38,777 INFO  client.GrpcClientProtocolClient (GrpcClientProtocolClient.java:onNext(255)) - client-535162E20057->7049f9e8-7de6-4c8c-bf4c-9bb5512f4299: receive RaftClientReply:client-535162E20057->7049f9e8-7de6-4c8c-bf4c-9bb5512f4299@group-3B5DE3AEDFC2, cid=943, SUCCESS, logIndex=0, commits[7049f9e8-7de6-4c8c-bf4c-9bb5512f4299:c1262, 13d9ac51-91bf-4c73-8824-2f58fc5b2747:c1256, 15cd3569-c751-4f18-b157-6804e7d0f08c:c1258]
2019-07-10 05:59:38,799 INFO  client.GrpcClientProtocolClient (GrpcClientProtocolClient.java:onNext(255)) - client-535162E20057->7049f9e8-7de6-4c8c-bf4c-9bb5512f4299: receive RaftClientReply:client-535162E20057->7049f9e8-7de6-4c8c-bf4c-9bb5512f4299@group-3B5DE3AEDFC2, cid=944, SUCCESS, logIndex=1263, commits[7049f9e8-7de6-4c8c-bf4c-9bb5512f4299:c1264, 13d9ac51-91bf-4c73-8824-2f58fc5b2747:c1262, 15cd3569-c751-4f18-b157-6804e7d0f08c:c1262]
2019-07-10 05:59:38,800 INFO  client.GrpcClientProtocolClient (GrpcClientProtocolClient.java:onNext(255)) - client-535162E20057->7049f9e8-7de6-4c8c-bf4c-9bb5512f4299: receive RaftClientReply:client-535162E20057->7049f9e8-7de6-4c8c-bf4c-9bb5512f4299@group-3B5DE3AEDFC2, cid=945, SUCCESS, logIndex=1264, commits[7049f9e8-7de6-4c8c-bf4c-9bb5512f4299:c1264, 13d9ac51-91bf-4c73-8824-2f58fc5b2747:c1262, 15cd3569-c751-4f18-b157-6804e7d0f08c:c1262]
2019-07-10 05:59:38,813 INFO  client.GrpcClientProtocolClient (GrpcClientProtocolClient.java:onNext(255)) - client-535162E20057->7049f9e8-7de6-4c8c-bf4c-9bb5512f4299: receive RaftClientReply:client-535162E20057->7049f9e8-7de6-4c8c-bf4c-9bb5512f4299@group-3B5DE3AEDFC2, cid=946, SUCCESS, logIndex=1267, commits[7049f9e8-7de6-4c8c-bf4c-9bb5512f4299:c1268, 13d9ac51-91bf-4c73-8824-2f58fc5b2747:c1264, 15cd3569-c751-4f18-b157-6804e7d0f08c:c1266]
2019-07-10 05:59:38,814 INFO  client.GrpcClientProtocolClient (GrpcClientProtocolClient.java:onNext(255)) - client-535162E20057->7049f9e8-7de6-4c8c-bf4c-9bb5512f4299: receive RaftClientReply:client-535162E20057->7049f9e8-7de6-4c8c-bf4c-9bb5512f4299@group-3B5DE3AEDFC2, cid=947, SUCCESS, logIndex=1268, commits[7049f9e8-7de6-4c8c-bf4c-9bb5512f4299:c1268, 13d9ac51-91bf-4c73-8824-2f58fc5b2747:c1266, 15cd3569-c751-4f18-b157-6804e7d0f08c:c1266]
2019-07-10 05:59:38,815 INFO  client.GrpcClientProtocolClient (GrpcClientProtocolClient.java:onNext(255)) - client-535162E20057->7049f9e8-7de6-4c8c-bf4c-9bb5512f4299: receive RaftClientReply:client-535162E20057->7049f9e8-7de6-4c8c-bf4c-9bb5512f4299@group-3B5DE3AEDFC2, cid=948, SUCCESS, logIndex=0, commits[7049f9e8-7de6-4c8c-bf4c-9bb5512f4299:c1269, 13d9ac51-91bf-4c73-8824-2f58fc5b2747:c1268, 15cd3569-c751-4f18-b157-6804e7d0f08c:c1268]
2019-07-10 05:59:38,829 INFO  client.GrpcClientProtocolClient (GrpcClientProtocolClient.java:onNext(255)) - client-535162E20057->7049f9e8-7de6-4c8c-bf4c-9bb5512f4299: receive RaftClientReply:client-535162E20057->7049f9e8-7de6-4c8c-bf4c-9bb5512f4299@group-3B5DE3AEDFC2, cid=949, SUCCESS, logIndex=1271, commits[7049f9e8-7de6-4c8c-bf4c-9bb5512f4299:c1272, 13d9ac51-91bf-4c73-8824-2f58fc5b2747:c1268, 15cd3569-c751-4f18-b157-6804e7d0f08c:c1270]
2019-07-10 05:59:38,830 INFO  client.GrpcClientProtocolClient (GrpcClientProtocolClient.java:onNext(255)) - client-535162E20057->7049f9e8-7de6-4c8c-bf4c-9bb5512f4299: receive RaftClientReply:client-535162E20057->7049f9e8-7de6-4c8c-bf4c-9bb5512f4299@group-3B5DE3AEDFC2, cid=950, SUCCESS, logIndex=1272, commits[7049f9e8-7de6-4c8c-bf4c-9bb5512f4299:c1272, 13d9ac51-91bf-4c73-8824-2f58fc5b2747:c1270, 15cd3569-c751-4f18-b157-6804e7d0f08c:c1270]
2019-07-10 05:59:38,832 INFO  client.GrpcClientProtocolClient (GrpcClientProtocolClient.java:onNext(255)) - client-535162E20057->7049f9e8-7de6-4c8c-bf4c-9bb5512f4299: receive RaftClientReply:client-535162E20057->7049f9e8-7de6-4c8c-bf4c-9bb5512f4299@group-3B5DE3AEDFC2, cid=951, SUCCESS, logIndex=1273, commits[7049f9e8-7de6-4c8c-bf4c-9bb5512f4299:c1274, 13d9ac51-91bf-4c73-8824-2f58fc5b2747:c1270, 15cd3569-c751-4f18-b157-6804e7d0f08c:c1270]
2019-07-10 05:59:38,833 INFO  client.GrpcClientProtocolClient (GrpcClientProtocolClient.java:onNext(255)) - client-535162E20057->7049f9e8-7de6-4c8c-bf4c-9bb5512f4299: receive RaftClientReply:client-535162E20057->7049f9e8-7de6-4c8c-bf4c-9bb5512f4299@group-3B5DE3AEDFC2, cid=952, SUCCESS, logIndex=1274, commits[7049f9e8-7de6-4c8c-bf4c-9bb5512f4299:c1276, 13d9ac51-91bf-4c73-8824-2f58fc5b2747:c1272, 15cd3569-c751-4f18-b157-6804e7d0f08c:c1272]
2019-07-10 05:59:38,866 INFO  client.GrpcClientProtocolClient (GrpcClientProtocolClient.java:onNext(255)) - client-535162E20057->7049f9e8-7de6-4c8c-bf4c-9bb5512f4299: receive RaftClientReply:client-535162E20057->7049f9e8-7de6-4c8c-bf4c-9bb5512f4299@group-3B5DE3AEDFC2, cid=953, SUCCESS, logIndex=1279, commits[7049f9e8-7de6-4c8c-bf4c-9bb5512f4299:c1280, 13d9ac51-91bf-4c73-8824-2f58fc5b2747:c1278, 15cd3569-c751-4f18-b157-6804e7d0f08c:c1278]
2019-07-10 05:59:38,866 INFO  client.GrpcClientProtocolClient (GrpcClientProtocolClient.java:onNext(255)) - client-535162E20057->7049f9e8-7de6-4c8c-bf4c-9bb5512f4299: receive RaftClientReply:client-535162E20057->7049f9e8-7de6-4c8c-bf4c-9bb5512f4299@group-3B5DE3AEDFC2, cid=954, SUCCESS, logIndex=1280, commits[7049f9e8-7de6-4c8c-bf4c-9bb5512f4299:c1280, 13d9ac51-91bf-4c73-8824-2f58fc5b2747:c1278, 15cd3569-c751-4f18-b157-6804e7d0f08c:c1278]
2019-07-10 05:59:38,879 INFO  client.GrpcClientProtocolClient (GrpcClientProtocolClient.java:onNext(255)) - client-535162E20057->7049f9e8-7de6-4c8c-bf4c-9bb5512f4299: receive RaftClientReply:client-535162E20057->7049f9e8-7de6-4c8c-bf4c-9bb5512f4299@group-3B5DE3AEDFC2, cid=955, SUCCESS, logIndex=1283, commits[7049f9e8-7de6-4c8c-bf4c-9bb5512f4299:c1284, 13d9ac51-91bf-4c73-8824-2f58fc5b2747:c1279, 15cd3569-c751-4f18-b157-6804e7d0f08c:c1280]
2019-07-10 05:59:38,880 INFO  client.GrpcClientProtocolClient (GrpcClientProtocolClient.java:onNext(255)) - client-535162E20057->7049f9e8-7de6-4c8c-bf4c-9bb5512f4299: receive RaftClientReply:client-535162E20057->7049f9e8-7de6-4c8c-bf4c-9bb5512f4299@group-3B5DE3AEDFC2, cid=956, SUCCESS, logIndex=1284, commits[7049f9e8-7de6-4c8c-bf4c-9bb5512f4299:c1284, 13d9ac51-91bf-4c73-8824-2f58fc5b2747:c1280, 15cd3569-c751-4f18-b157-6804e7d0f08c:c1280]
2019-07-10 05:59:38,882 INFO  client.GrpcClientProtocolClient (GrpcClientProtocolClient.java:onNext(255)) - client-535162E20057->7049f9e8-7de6-4c8c-bf4c-9bb5512f4299: receive RaftClientReply:client-535162E20057->7049f9e8-7de6-4c8c-bf4c-9bb5512f4299@group-3B5DE3AEDFC2, cid=957, SUCCESS, logIndex=0, commits[7049f9e8-7de6-4c8c-bf4c-9bb5512f4299:c1286, 13d9ac51-91bf-4c73-8824-2f58fc5b2747:c1284, 15cd3569-c751-4f18-b157-6804e7d0f08c:c1284]
2019-07-10 05:59:38,910 INFO  client.GrpcClientProtocolClient (GrpcClientProtocolClient.java:onNext(255)) - client-535162E20057->7049f9e8-7de6-4c8c-bf4c-9bb5512f4299: receive RaftClientReply:client-535162E20057->7049f9e8-7de6-4c8c-bf4c-9bb5512f4299@group-3B5DE3AEDFC2, cid=958, SUCCESS, logIndex=1287, commits[7049f9e8-7de6-4c8c-bf4c-9bb5512f4299:c1288, 13d9ac51-91bf-4c73-8824-2f58fc5b2747:c1286, 15cd3569-c751-4f18-b157-6804e7d0f08c:c1286]
2019-07-10 05:59:38,911 INFO  client.GrpcClientProtocolClient (GrpcClientProtocolClient.java:onNext(255)) - client-535162E20057->7049f9e8-7de6-4c8c-bf4c-9bb5512f4299: receive RaftClientReply:client-535162E20057->7049f9e8-7de6-4c8c-bf4c-9bb5512f4299@group-3B5DE3AEDFC2, cid=959, SUCCESS, logIndex=1288, commits[7049f9e8-7de6-4c8c-bf4c-9bb5512f4299:c1290, 13d9ac51-91bf-4c73-8824-2f58fc5b2747:c1286, 15cd3569-c751-4f18-b157-6804e7d0f08c:c1286]
2019-07-10 05:59:38,911 INFO  client.GrpcClientProtocolClient (GrpcClientProtocolClient.java:onNext(255)) - client-535162E20057->7049f9e8-7de6-4c8c-bf4c-9bb5512f4299: receive RaftClientReply:client-535162E20057->7049f9e8-7de6-4c8c-bf4c-9bb5512f4299@group-3B5DE3AEDFC2, cid=960, SUCCESS, logIndex=1289, commits[7049f9e8-7de6-4c8c-bf4c-9bb5512f4299:c1290, 13d9ac51-91bf-4c73-8824-2f58fc5b2747:c1286, 15cd3569-c751-4f18-b157-6804e7d0f08c:c1286]
2019-07-10 05:59:38,911 INFO  client.GrpcClientProtocolClient (GrpcClientProtocolClient.java:onNext(255)) - client-535162E20057->7049f9e8-7de6-4c8c-bf4c-9bb5512f4299: receive RaftClientReply:client-535162E20057->7049f9e8-7de6-4c8c-bf4c-9bb5512f4299@group-3B5DE3AEDFC2, cid=961, SUCCESS, logIndex=1290, commits[7049f9e8-7de6-4c8c-bf4c-9bb5512f4299:c1290, 13d9ac51-91bf-4c73-8824-2f58fc5b2747:c1286, 15cd3569-c751-4f18-b157-6804e7d0f08c:c1286]
2019-07-10 05:59:38,913 INFO  client.GrpcClientProtocolClient (GrpcClientProtocolClient.java:onNext(255)) - client-535162E20057->7049f9e8-7de6-4c8c-bf4c-9bb5512f4299: receive RaftClientReply:client-535162E20057->7049f9e8-7de6-4c8c-bf4c-9bb5512f4299@group-3B5DE3AEDFC2, cid=962, SUCCESS, logIndex=0, commits[7049f9e8-7de6-4c8c-bf4c-9bb5512f4299:c1293, 13d9ac51-91bf-4c73-8824-2f58fc5b2747:c1289, 15cd3569-c751-4f18-b157-6804e7d0f08c:c1289]
2019-07-10 05:59:38,933 INFO  client.GrpcClientProtocolClient (GrpcClientProtocolClient.java:onNext(255)) - client-535162E20057->7049f9e8-7de6-4c8c-bf4c-9bb5512f4299: receive RaftClientReply:client-535162E20057->7049f9e8-7de6-4c8c-bf4c-9bb5512f4299@group-3B5DE3AEDFC2, cid=963, SUCCESS, logIndex=1295, commits[7049f9e8-7de6-4c8c-bf4c-9bb5512f4299:c1296, 13d9ac51-91bf-4c73-8824-2f58fc5b2747:c1294, 15cd3569-c751-4f18-b157-6804e7d0f08c:c1294]
2019-07-10 05:59:38,933 INFO  client.GrpcClientProtocolClient (GrpcClientProtocolClient.java:onNext(255)) - client-535162E20057->7049f9e8-7de6-4c8c-bf4c-9bb5512f4299: receive RaftClientReply:client-535162E20057->7049f9e8-7de6-4c8c-bf4c-9bb5512f4299@group-3B5DE3AEDFC2, cid=964, SUCCESS, logIndex=1296, commits[7049f9e8-7de6-4c8c-bf4c-9bb5512f4299:c1296, 13d9ac51-91bf-4c73-8824-2f58fc5b2747:c1294, 15cd3569-c751-4f18-b157-6804e7d0f08c:c1294]
2019-07-10 05:59:38,947 INFO  client.GrpcClientProtocolClient (GrpcClientProtocolClient.java:onNext(255)) - client-535162E20057->7049f9e8-7de6-4c8c-bf4c-9bb5512f4299: receive RaftClientReply:client-535162E20057->7049f9e8-7de6-4c8c-bf4c-9bb5512f4299@group-3B5DE3AEDFC2, cid=965, SUCCESS, logIndex=1299, commits[7049f9e8-7de6-4c8c-bf4c-9bb5512f4299:c1300, 13d9ac51-91bf-4c73-8824-2f58fc5b2747:c1296, 15cd3569-c751-4f18-b157-6804e7d0f08c:c1296]
2019-07-10 05:59:38,947 INFO  client.GrpcClientProtocolClient (GrpcClientProtocolClient.java:onNext(255)) - client-535162E20057->7049f9e8-7de6-4c8c-bf4c-9bb5512f4299: receive RaftClientReply:client-535162E20057->7049f9e8-7de6-4c8c-bf4c-9bb5512f4299@group-3B5DE3AEDFC2, cid=966, SUCCESS, logIndex=1300, commits[7049f9e8-7de6-4c8c-bf4c-9bb5512f4299:c1300, 13d9ac51-91bf-4c73-8824-2f58fc5b2747:c1296, 15cd3569-c751-4f18-b157-6804e7d0f08c:c1296]
2019-07-10 05:59:38,962 INFO  client.GrpcClientProtocolClient (GrpcClientProtocolClient.java:onNext(255)) - client-535162E20057->7049f9e8-7de6-4c8c-bf4c-9bb5512f4299: receive RaftClientReply:client-535162E20057->7049f9e8-7de6-4c8c-bf4c-9bb5512f4299@group-3B5DE3AEDFC2, cid=967, SUCCESS, logIndex=0, commits[7049f9e8-7de6-4c8c-bf4c-9bb5512f4299:c1301, 13d9ac51-91bf-4c73-8824-2f58fc5b2747:c1300, 15cd3569-c751-4f18-b157-6804e7d0f08c:c1300]
2019-07-10 05:59:38,984 INFO  client.GrpcClientProtocolClient (GrpcClientProtocolClient.java:onNext(255)) - client-535162E20057->7049f9e8-7de6-4c8c-bf4c-9bb5512f4299: receive RaftClientReply:client-535162E20057->7049f9e8-7de6-4c8c-bf4c-9bb5512f4299@group-3B5DE3AEDFC2, cid=968, SUCCESS, logIndex=1303, commits[7049f9e8-7de6-4c8c-bf4c-9bb5512f4299:c1306, 13d9ac51-91bf-4c73-8824-2f58fc5b2747:c1302, 15cd3569-c751-4f18-b157-6804e7d0f08c:c1302]
2019-07-10 05:59:38,985 INFO  client.GrpcClientProtocolClient (GrpcClientProtocolClient.java:onNext(255)) - client-535162E20057->7049f9e8-7de6-4c8c-bf4c-9bb5512f4299: receive RaftClientReply:client-535162E20057->7049f9e8-7de6-4c8c-bf4c-9bb5512f4299@group-3B5DE3AEDFC2, cid=969, SUCCESS, logIndex=1304, commits[7049f9e8-7de6-4c8c-bf4c-9bb5512f4299:c1306, 13d9ac51-91bf-4c73-8824-2f58fc5b2747:c1302, 15cd3569-c751-4f18-b157-6804e7d0f08c:c1302]
2019-07-10 05:59:38,985 INFO  client.GrpcClientProtocolClient (GrpcClientProtocolClient.java:onNext(255)) - client-535162E20057->7049f9e8-7de6-4c8c-bf4c-9bb5512f4299: receive RaftClientReply:client-535162E20057->7049f9e8-7de6-4c8c-bf4c-9bb5512f4299@group-3B5DE3AEDFC2, cid=970, SUCCESS, logIndex=1305, commits[7049f9e8-7de6-4c8c-bf4c-9bb5512f4299:c1306, 13d9ac51-91bf-4c73-8824-2f58fc5b2747:c1302, 15cd3569-c751-4f18-b157-6804e7d0f08c:c1302]
2019-07-10 05:59:38,986 INFO  client.GrpcClientProtocolClient (GrpcClientProtocolClient.java:onNext(255)) - client-535162E20057->7049f9e8-7de6-4c8c-bf4c-9bb5512f4299: receive RaftClientReply:client-535162E20057->7049f9e8-7de6-4c8c-bf4c-9bb5512f4299@group-3B5DE3AEDFC2, cid=971, SUCCESS, logIndex=1306, commits[7049f9e8-7de6-4c8c-bf4c-9bb5512f4299:c1306, 13d9ac51-91bf-4c73-8824-2f58fc5b2747:c1302, 15cd3569-c751-4f18-b157-6804e7d0f08c:c1302]
2019-07-10 05:59:38,987 INFO  client.GrpcClientProtocolClient (GrpcClientProtocolClient.java:onNext(255)) - client-535162E20057->7049f9e8-7de6-4c8c-bf4c-9bb5512f4299: receive RaftClientReply:client-535162E20057->7049f9e8-7de6-4c8c-bf4c-9bb5512f4299@group-3B5DE3AEDFC2, cid=972, SUCCESS, logIndex=0, commits[7049f9e8-7de6-4c8c-bf4c-9bb5512f4299:c1308, 13d9ac51-91bf-4c73-8824-2f58fc5b2747:c1304, 15cd3569-c751-4f18-b157-6804e7d0f08c:c1304]
2019-07-10 05:59:39,006 INFO  client.GrpcClientProtocolClient (GrpcClientProtocolClient.java:onNext(255)) - client-535162E20057->7049f9e8-7de6-4c8c-bf4c-9bb5512f4299: receive RaftClientReply:client-535162E20057->7049f9e8-7de6-4c8c-bf4c-9bb5512f4299@group-3B5DE3AEDFC2, cid=973, SUCCESS, logIndex=1311, commits[7049f9e8-7de6-4c8c-bf4c-9bb5512f4299:c1312, 13d9ac51-91bf-4c73-8824-2f58fc5b2747:c1310, 15cd3569-c751-4f18-b157-6804e7d0f08c:c1310]
2019-07-10 05:59:39,007 INFO  client.GrpcClientProtocolClient (GrpcClientProtocolClient.java:onNext(255)) - client-535162E20057->7049f9e8-7de6-4c8c-bf4c-9bb5512f4299: receive RaftClientReply:client-535162E20057->7049f9e8-7de6-4c8c-bf4c-9bb5512f4299@group-3B5DE3AEDFC2, cid=974, SUCCESS, logIndex=1312, commits[7049f9e8-7de6-4c8c-bf4c-9bb5512f4299:c1312, 13d9ac51-91bf-4c73-8824-2f58fc5b2747:c1310, 15cd3569-c751-4f18-b157-6804e7d0f08c:c1310]
2019-07-10 05:59:39,020 INFO  client.GrpcClientProtocolClient (GrpcClientProtocolClient.java:onNext(255)) - client-535162E20057->7049f9e8-7de6-4c8c-bf4c-9bb5512f4299: receive RaftClientReply:client-535162E20057->7049f9e8-7de6-4c8c-bf4c-9bb5512f4299@group-3B5DE3AEDFC2, cid=975, SUCCESS, logIndex=1315, commits[7049f9e8-7de6-4c8c-bf4c-9bb5512f4299:c1316, 13d9ac51-91bf-4c73-8824-2f58fc5b2747:c1312, 15cd3569-c751-4f18-b157-6804e7d0f08c:c1312]
2019-07-10 05:59:39,021 INFO  client.GrpcClientProtocolClient (GrpcClientProtocolClient.java:onNext(255)) - client-535162E20057->7049f9e8-7de6-4c8c-bf4c-9bb5512f4299: receive RaftClientReply:client-535162E20057->7049f9e8-7de6-4c8c-bf4c-9bb5512f4299@group-3B5DE3AEDFC2, cid=976, SUCCESS, logIndex=1316, commits[7049f9e8-7de6-4c8c-bf4c-9bb5512f4299:c1316, 13d9ac51-91bf-4c73-8824-2f58fc5b2747:c1312, 15cd3569-c751-4f18-b157-6804e7d0f08c:c1312]
2019-07-10 05:59:39,032 INFO  client.GrpcClientProtocolClient (GrpcClientProtocolClient.java:onNext(255)) - client-535162E20057->7049f9e8-7de6-4c8c-bf4c-9bb5512f4299: receive RaftClientReply:client-535162E20057->7049f9e8-7de6-4c8c-bf4c-9bb5512f4299@group-3B5DE3AEDFC2, cid=977, SUCCESS, logIndex=0, commits[7049f9e8-7de6-4c8c-bf4c-9bb5512f4299:c1317, 13d9ac51-91bf-4c73-8824-2f58fc5b2747:c1316, 15cd3569-c751-4f18-b157-6804e7d0f08c:c1316]
 0.00% |█                                                                                                    |  0/1 Time: 0:00:042019-07-10 05:59:39,187 INFO  client.GrpcClientProtocolClient (GrpcClientProtocolClient.java:onNext(255)) - client-535162E20057->7049f9e8-7de6-4c8c-bf4c-9bb5512f4299: receive RaftClientReply:client-535162E20057->7049f9e8-7de6-4c8c-bf4c-9bb5512f4299@group-3B5DE3AEDFC2, cid=978, SUCCESS, logIndex=1319, commits[7049f9e8-7de6-4c8c-bf4c-9bb5512f4299:c1320, 13d9ac51-91bf-4c73-8824-2f58fc5b2747:c1318, 15cd3569-c751-4f18-b157-6804e7d0f08c:c1318]
2019-07-10 05:59:39,188 INFO  client.GrpcClientProtocolClient (GrpcClientProtocolClient.java:onNext(255)) - client-535162E20057->7049f9e8-7de6-4c8c-bf4c-9bb5512f4299: receive RaftClientReply:client-535162E20057->7049f9e8-7de6-4c8c-bf4c-9bb5512f4299@group-3B5DE3AEDFC2, cid=979, SUCCESS, logIndex=1320, commits[7049f9e8-7de6-4c8c-bf4c-9bb5512f4299:c1322, 13d9ac51-91bf-4c73-8824-2f58fc5b2747:c1318, 15cd3569-c751-4f18-b157-6804e7d0f08c:c1318]
2019-07-10 05:59:39,188 INFO  client.GrpcClientProtocolClient (GrpcClientProtocolClient.java:onNext(255)) - client-535162E20057->7049f9e8-7de6-4c8c-bf4c-9bb5512f4299: receive RaftClientReply:client-535162E20057->7049f9e8-7de6-4c8c-bf4c-9bb5512f4299@group-3B5DE3AEDFC2, cid=980, SUCCESS, logIndex=1321, commits[7049f9e8-7de6-4c8c-bf4c-9bb5512f4299:c1322, 13d9ac51-91bf-4c73-8824-2f58fc5b2747:c1318, 15cd3569-c751-4f18-b157-6804e7d0f08c:c1318]
2019-07-10 05:59:39,189 INFO  client.GrpcClientProtocolClient (GrpcClientProtocolClient.java:onNext(255)) - client-535162E20057->7049f9e8-7de6-4c8c-bf4c-9bb5512f4299: receive RaftClientReply:client-535162E20057->7049f9e8-7de6-4c8c-bf4c-9bb5512f4299@group-3B5DE3AEDFC2, cid=981, SUCCESS, logIndex=1322, commits[7049f9e8-7de6-4c8c-bf4c-9bb5512f4299:c1322, 13d9ac51-91bf-4c73-8824-2f58fc5b2747:c1318, 15cd3569-c751-4f18-b157-6804e7d0f08c:c1318]
2019-07-10 05:59:39,190 INFO  client.GrpcClientProtocolClient (GrpcClientProtocolClient.java:onNext(255)) - client-535162E20057->7049f9e8-7de6-4c8c-bf4c-9bb5512f4299: receive RaftClientReply:client-535162E20057->7049f9e8-7de6-4c8c-bf4c-9bb5512f4299@group-3B5DE3AEDFC2, cid=982, SUCCESS, logIndex=0, commits[7049f9e8-7de6-4c8c-bf4c-9bb5512f4299:c1325, 13d9ac51-91bf-4c73-8824-2f58fc5b2747:c1321, 15cd3569-c751-4f18-b157-6804e7d0f08c:c1322]
2019-07-10 05:59:39,213 INFO  client.GrpcClientProtocolClient (GrpcClientProtocolClient.java:onNext(255)) - client-535162E20057->7049f9e8-7de6-4c8c-bf4c-9bb5512f4299: receive RaftClientReply:client-535162E20057->7049f9e8-7de6-4c8c-bf4c-9bb5512f4299@group-3B5DE3AEDFC2, cid=983, SUCCESS, logIndex=1327, commits[7049f9e8-7de6-4c8c-bf4c-9bb5512f4299:c1328, 13d9ac51-91bf-4c73-8824-2f58fc5b2747:c1326, 15cd3569-c751-4f18-b157-6804e7d0f08c:c1326]
2019-07-10 05:59:39,213 INFO  client.GrpcClientProtocolClient (GrpcClientProtocolClient.java:onNext(255)) - client-535162E20057->7049f9e8-7de6-4c8c-bf4c-9bb5512f4299: receive RaftClientReply:client-535162E20057->7049f9e8-7de6-4c8c-bf4c-9bb5512f4299@group-3B5DE3AEDFC2, cid=984, SUCCESS, logIndex=1328, commits[7049f9e8-7de6-4c8c-bf4c-9bb5512f4299:c1328, 13d9ac51-91bf-4c73-8824-2f58fc5b2747:c1326, 15cd3569-c751-4f18-b157-6804e7d0f08c:c1326]
2019-07-10 05:59:39,239 INFO  client.GrpcClientProtocolClient (GrpcClientProtocolClient.java:onNext(255)) - client-535162E20057->7049f9e8-7de6-4c8c-bf4c-9bb5512f4299: receive RaftClientReply:client-535162E20057->7049f9e8-7de6-4c8c-bf4c-9bb5512f4299@group-3B5DE3AEDFC2, cid=985, SUCCESS, logIndex=1331, commits[7049f9e8-7de6-4c8c-bf4c-9bb5512f4299:c1332, 13d9ac51-91bf-4c73-8824-2f58fc5b2747:c1328, 15cd3569-c751-4f18-b157-6804e7d0f08c:c1328]
2019-07-10 05:59:39,240 INFO  client.GrpcClientProtocolClient (GrpcClientProtocolClient.java:onNext(255)) - client-535162E20057->7049f9e8-7de6-4c8c-bf4c-9bb5512f4299: receive RaftClientReply:client-535162E20057->7049f9e8-7de6-4c8c-bf4c-9bb5512f4299@group-3B5DE3AEDFC2, cid=986, SUCCESS, logIndex=1332, commits[7049f9e8-7de6-4c8c-bf4c-9bb5512f4299:c1332, 13d9ac51-91bf-4c73-8824-2f58fc5b2747:c1328, 15cd3569-c751-4f18-b157-6804e7d0f08c:c1328]
2019-07-10 05:59:39,242 INFO  client.GrpcClientProtocolClient (GrpcClientProtocolClient.java:onNext(255)) - client-535162E20057->7049f9e8-7de6-4c8c-bf4c-9bb5512f4299: receive RaftClientReply:client-535162E20057->7049f9e8-7de6-4c8c-bf4c-9bb5512f4299@group-3B5DE3AEDFC2, cid=987, SUCCESS, logIndex=0, commits[7049f9e8-7de6-4c8c-bf4c-9bb5512f4299:c1334, 13d9ac51-91bf-4c73-8824-2f58fc5b2747:c1332, 15cd3569-c751-4f18-b157-6804e7d0f08c:c1332]
2019-07-10 05:59:39,268 INFO  client.GrpcClientProtocolClient (GrpcClientProtocolClient.java:onNext(255)) - client-535162E20057->7049f9e8-7de6-4c8c-bf4c-9bb5512f4299: receive RaftClientReply:client-535162E20057->7049f9e8-7de6-4c8c-bf4c-9bb5512f4299@group-3B5DE3AEDFC2, cid=988, SUCCESS, logIndex=1335, commits[7049f9e8-7de6-4c8c-bf4c-9bb5512f4299:c1336, 13d9ac51-91bf-4c73-8824-2f58fc5b2747:c1334, 15cd3569-c751-4f18-b157-6804e7d0f08c:c1334]
2019-07-10 05:59:39,268 INFO  client.GrpcClientProtocolClient (GrpcClientProtocolClient.java:onNext(255)) - client-535162E20057->7049f9e8-7de6-4c8c-bf4c-9bb5512f4299: receive RaftClientReply:client-535162E20057->7049f9e8-7de6-4c8c-bf4c-9bb5512f4299@group-3B5DE3AEDFC2, cid=989, SUCCESS, logIndex=1336, commits[7049f9e8-7de6-4c8c-bf4c-9bb5512f4299:c1338, 13d9ac51-91bf-4c73-8824-2f58fc5b2747:c1334, 15cd3569-c751-4f18-b157-6804e7d0f08c:c1334]
2019-07-10 05:59:39,269 INFO  client.GrpcClientProtocolClient (GrpcClientProtocolClient.java:onNext(255)) - client-535162E20057->7049f9e8-7de6-4c8c-bf4c-9bb5512f4299: receive RaftClientReply:client-535162E20057->7049f9e8-7de6-4c8c-bf4c-9bb5512f4299@group-3B5DE3AEDFC2, cid=990, SUCCESS, logIndex=1337, commits[7049f9e8-7de6-4c8c-bf4c-9bb5512f4299:c1338, 13d9ac51-91bf-4c73-8824-2f58fc5b2747:c1334, 15cd3569-c751-4f18-b157-6804e7d0f08c:c1334]
2019-07-10 05:59:39,269 INFO  client.GrpcClientProtocolClient (GrpcClientProtocolClient.java:onNext(255)) - client-535162E20057->7049f9e8-7de6-4c8c-bf4c-9bb5512f4299: receive RaftClientReply:client-535162E20057->7049f9e8-7de6-4c8c-bf4c-9bb5512f4299@group-3B5DE3AEDFC2, cid=991, SUCCESS, logIndex=1338, commits[7049f9e8-7de6-4c8c-bf4c-9bb5512f4299:c1338, 13d9ac51-91bf-4c73-8824-2f58fc5b2747:c1334, 15cd3569-c751-4f18-b157-6804e7d0f08c:c1334]
2019-07-10 05:59:39,271 INFO  client.GrpcClientProtocolClient (GrpcClientProtocolClient.java:onNext(255)) - client-535162E20057->7049f9e8-7de6-4c8c-bf4c-9bb5512f4299: receive RaftClientReply:client-535162E20057->7049f9e8-7de6-4c8c-bf4c-9bb5512f4299@group-3B5DE3AEDFC2, cid=992, SUCCESS, logIndex=0, commits[7049f9e8-7de6-4c8c-bf4c-9bb5512f4299:c1342, 13d9ac51-91bf-4c73-8824-2f58fc5b2747:c1337, 15cd3569-c751-4f18-b157-6804e7d0f08c:c1338]
2019-07-10 05:59:39,293 INFO  client.GrpcClientProtocolClient (GrpcClientProtocolClient.java:onNext(255)) - client-535162E20057->7049f9e8-7de6-4c8c-bf4c-9bb5512f4299: receive RaftClientReply:client-535162E20057->7049f9e8-7de6-4c8c-bf4c-9bb5512f4299@group-3B5DE3AEDFC2, cid=993, SUCCESS, logIndex=1343, commits[7049f9e8-7de6-4c8c-bf4c-9bb5512f4299:c1344, 13d9ac51-91bf-4c73-8824-2f58fc5b2747:c1342, 15cd3569-c751-4f18-b157-6804e7d0f08c:c1342]
2019-07-10 05:59:39,294 INFO  client.GrpcClientProtocolClient (GrpcClientProtocolClient.java:onNext(255)) - client-535162E20057->7049f9e8-7de6-4c8c-bf4c-9bb5512f4299: receive RaftClientReply:client-535162E20057->7049f9e8-7de6-4c8c-bf4c-9bb5512f4299@group-3B5DE3AEDFC2, cid=994, SUCCESS, logIndex=1344, commits[7049f9e8-7de6-4c8c-bf4c-9bb5512f4299:c1344, 13d9ac51-91bf-4c73-8824-2f58fc5b2747:c1342, 15cd3569-c751-4f18-b157-6804e7d0f08c:c1342]
2019-07-10 05:59:39,319 INFO  client.GrpcClientProtocolClient (GrpcClientProtocolClient.java:onNext(255)) - client-535162E20057->7049f9e8-7de6-4c8c-bf4c-9bb5512f4299: receive RaftClientReply:client-535162E20057->7049f9e8-7de6-4c8c-bf4c-9bb5512f4299@group-3B5DE3AEDFC2, cid=995, SUCCESS, logIndex=1347, commits[7049f9e8-7de6-4c8c-bf4c-9bb5512f4299:c1348, 13d9ac51-91bf-4c73-8824-2f58fc5b2747:c1344, 15cd3569-c751-4f18-b157-6804e7d0f08c:c1344]
2019-07-10 05:59:39,319 INFO  client.GrpcClientProtocolClient (GrpcClientProtocolClient.java:onNext(255)) - client-535162E20057->7049f9e8-7de6-4c8c-bf4c-9bb5512f4299: receive RaftClientReply:client-535162E20057->7049f9e8-7de6-4c8c-bf4c-9bb5512f4299@group-3B5DE3AEDFC2, cid=996, SUCCESS, logIndex=1348, commits[7049f9e8-7de6-4c8c-bf4c-9bb5512f4299:c1348, 13d9ac51-91bf-4c73-8824-2f58fc5b2747:c1344, 15cd3569-c751-4f18-b157-6804e7d0f08c:c1344]
2019-07-10 05:59:39,388 INFO  client.GrpcClientProtocolClient (GrpcClientProtocolClient.java:onNext(255)) - client-535162E20057->7049f9e8-7de6-4c8c-bf4c-9bb5512f4299: receive RaftClientReply:client-535162E20057->7049f9e8-7de6-4c8c-bf4c-9bb5512f4299@group-3B5DE3AEDFC2, cid=997, SUCCESS, logIndex=0, commits[7049f9e8-7de6-4c8c-bf4c-9bb5512f4299:c1349, 13d9ac51-91bf-4c73-8824-2f58fc5b2747:c1348, 15cd3569-c751-4f18-b157-6804e7d0f08c:c1348]
2019-07-10 05:59:39,411 INFO  client.GrpcClientProtocolClient (GrpcClientProtocolClient.java:onNext(255)) - client-535162E20057->7049f9e8-7de6-4c8c-bf4c-9bb5512f4299: receive RaftClientReply:client-535162E20057->7049f9e8-7de6-4c8c-bf4c-9bb5512f4299@group-3B5DE3AEDFC2, cid=998, SUCCESS, logIndex=1351, commits[7049f9e8-7de6-4c8c-bf4c-9bb5512f4299:c1352, 13d9ac51-91bf-4c73-8824-2f58fc5b2747:c1350, 15cd3569-c751-4f18-b157-6804e7d0f08c:c1350]
2019-07-10 05:59:39,412 INFO  client.GrpcClientProtocolClient (GrpcClientProtocolClient.java:onNext(255)) - client-535162E20057->7049f9e8-7de6-4c8c-bf4c-9bb5512f4299: receive RaftClientReply:client-535162E20057->7049f9e8-7de6-4c8c-bf4c-9bb5512f4299@group-3B5DE3AEDFC2, cid=999, SUCCESS, logIndex=1352, commits[7049f9e8-7de6-4c8c-bf4c-9bb5512f4299:c1354, 13d9ac51-91bf-4c73-8824-2f58fc5b2747:c1350, 15cd3569-c751-4f18-b157-6804e7d0f08c:c1350]
2019-07-10 05:59:39,413 INFO  client.GrpcClientProtocolClient (GrpcClientProtocolClient.java:onNext(255)) - client-535162E20057->7049f9e8-7de6-4c8c-bf4c-9bb5512f4299: receive RaftClientReply:client-535162E20057->7049f9e8-7de6-4c8c-bf4c-9bb5512f4299@group-3B5DE3AEDFC2, cid=1000, SUCCESS, logIndex=1353, commits[7049f9e8-7de6-4c8c-bf4c-9bb5512f4299:c1354, 13d9ac51-91bf-4c73-8824-2f58fc5b2747:c1350, 15cd3569-c751-4f18-b157-6804e7d0f08c:c1350]
2019-07-10 05:59:39,413 INFO  client.GrpcClientProtocolClient (GrpcClientProtocolClient.java:onNext(255)) - client-535162E20057->7049f9e8-7de6-4c8c-bf4c-9bb5512f4299: receive RaftClientReply:client-535162E20057->7049f9e8-7de6-4c8c-bf4c-9bb5512f4299@group-3B5DE3AEDFC2, cid=1001, SUCCESS, logIndex=1354, commits[7049f9e8-7de6-4c8c-bf4c-9bb5512f4299:c1354, 13d9ac51-91bf-4c73-8824-2f58fc5b2747:c1350, 15cd3569-c751-4f18-b157-6804e7d0f08c:c1350]
2019-07-10 05:59:39,414 INFO  client.GrpcClientProtocolClient (GrpcClientProtocolClient.java:onNext(255)) - client-535162E20057->7049f9e8-7de6-4c8c-bf4c-9bb5512f4299: receive RaftClientReply:client-535162E20057->7049f9e8-7de6-4c8c-bf4c-9bb5512f4299@group-3B5DE3AEDFC2, cid=1002, SUCCESS, logIndex=0, commits[7049f9e8-7de6-4c8c-bf4c-9bb5512f4299:c1358, 13d9ac51-91bf-4c73-8824-2f58fc5b2747:c1352, 15cd3569-c751-4f18-b157-6804e7d0f08c:c1354]
2019-07-10 05:59:39,435 INFO  client.GrpcClientProtocolClient (GrpcClientProtocolClient.java:onNext(255)) - client-535162E20057->7049f9e8-7de6-4c8c-bf4c-9bb5512f4299: receive RaftClientReply:client-535162E20057->7049f9e8-7de6-4c8c-bf4c-9bb5512f4299@group-3B5DE3AEDFC2, cid=1003, SUCCESS, logIndex=1359, commits[7049f9e8-7de6-4c8c-bf4c-9bb5512f4299:c1360, 13d9ac51-91bf-4c73-8824-2f58fc5b2747:c1358, 15cd3569-c751-4f18-b157-6804e7d0f08c:c1358]
2019-07-10 05:59:39,436 INFO  client.GrpcClientProtocolClient (GrpcClientProtocolClient.java:onNext(255)) - client-535162E20057->7049f9e8-7de6-4c8c-bf4c-9bb5512f4299: receive RaftClientReply:client-535162E20057->7049f9e8-7de6-4c8c-bf4c-9bb5512f4299@group-3B5DE3AEDFC2, cid=1004, SUCCESS, logIndex=1360, commits[7049f9e8-7de6-4c8c-bf4c-9bb5512f4299:c1360, 13d9ac51-91bf-4c73-8824-2f58fc5b2747:c1358, 15cd3569-c751-4f18-b157-6804e7d0f08c:c1358]
2019-07-10 05:59:39,468 INFO  client.GrpcClientProtocolClient (GrpcClientProtocolClient.java:onNext(255)) - client-535162E20057->7049f9e8-7de6-4c8c-bf4c-9bb5512f4299: receive RaftClientReply:client-535162E20057->7049f9e8-7de6-4c8c-bf4c-9bb5512f4299@group-3B5DE3AEDFC2, cid=1005, SUCCESS, logIndex=1363, commits[7049f9e8-7de6-4c8c-bf4c-9bb5512f4299:c1364, 13d9ac51-91bf-4c73-8824-2f58fc5b2747:c1362, 15cd3569-c751-4f18-b157-6804e7d0f08c:c1362]
2019-07-10 05:59:39,468 INFO  client.GrpcClientProtocolClient (GrpcClientProtocolClient.java:onNext(255)) - client-535162E20057->7049f9e8-7de6-4c8c-bf4c-9bb5512f4299: receive RaftClientReply:client-535162E20057->7049f9e8-7de6-4c8c-bf4c-9bb5512f4299@group-3B5DE3AEDFC2, cid=1006, SUCCESS, logIndex=1364, commits[7049f9e8-7de6-4c8c-bf4c-9bb5512f4299:c1364, 13d9ac51-91bf-4c73-8824-2f58fc5b2747:c1362, 15cd3569-c751-4f18-b157-6804e7d0f08c:c1362]
2019-07-10 05:59:39,479 INFO  client.GrpcClientProtocolClient (GrpcClientProtocolClient.java:onNext(255)) - client-535162E20057->7049f9e8-7de6-4c8c-bf4c-9bb5512f4299: receive RaftClientReply:client-535162E20057->7049f9e8-7de6-4c8c-bf4c-9bb5512f4299@group-3B5DE3AEDFC2, cid=1007, SUCCESS, logIndex=0, commits[7049f9e8-7de6-4c8c-bf4c-9bb5512f4299:c1365, 13d9ac51-91bf-4c73-8824-2f58fc5b2747:c1364, 15cd3569-c751-4f18-b157-6804e7d0f08c:c1364]
2019-07-10 05:59:39,501 INFO  client.GrpcClientProtocolClient (GrpcClientProtocolClient.java:onNext(255)) - client-535162E20057->7049f9e8-7de6-4c8c-bf4c-9bb5512f4299: receive RaftClientReply:client-535162E20057->7049f9e8-7de6-4c8c-bf4c-9bb5512f4299@group-3B5DE3AEDFC2, cid=1008, SUCCESS, logIndex=1367, commits[7049f9e8-7de6-4c8c-bf4c-9bb5512f4299:c1368, 13d9ac51-91bf-4c73-8824-2f58fc5b2747:c1366, 15cd3569-c751-4f18-b157-6804e7d0f08c:c1366]
2019-07-10 05:59:39,503 INFO  client.GrpcClientProtocolClient (GrpcClientProtocolClient.java:onNext(255)) - client-535162E20057->7049f9e8-7de6-4c8c-bf4c-9bb5512f4299: receive RaftClientReply:client-535162E20057->7049f9e8-7de6-4c8c-bf4c-9bb5512f4299@group-3B5DE3AEDFC2, cid=1009, SUCCESS, logIndex=1368, commits[7049f9e8-7de6-4c8c-bf4c-9bb5512f4299:c1368, 13d9ac51-91bf-4c73-8824-2f58fc5b2747:c1366, 15cd3569-c751-4f18-b157-6804e7d0f08c:c1366]
2019-07-10 05:59:39,503 INFO  client.GrpcClientProtocolClient (GrpcClientProtocolClient.java:onNext(255)) - client-535162E20057->7049f9e8-7de6-4c8c-bf4c-9bb5512f4299: receive RaftClientReply:client-535162E20057->7049f9e8-7de6-4c8c-bf4c-9bb5512f4299@group-3B5DE3AEDFC2, cid=1010, SUCCESS, logIndex=1369, commits[7049f9e8-7de6-4c8c-bf4c-9bb5512f4299:c1370, 13d9ac51-91bf-4c73-8824-2f58fc5b2747:c1366, 15cd3569-c751-4f18-b157-6804e7d0f08c:c1366]
2019-07-10 05:59:39,504 INFO  client.GrpcClientProtocolClient (GrpcClientProtocolClient.java:onNext(255)) - client-535162E20057->7049f9e8-7de6-4c8c-bf4c-9bb5512f4299: receive RaftClientReply:client-535162E20057->7049f9e8-7de6-4c8c-bf4c-9bb5512f4299@group-3B5DE3AEDFC2, cid=1011, SUCCESS, logIndex=1370, commits[7049f9e8-7de6-4c8c-bf4c-9bb5512f4299:c1370, 13d9ac51-91bf-4c73-8824-2f58fc5b2747:c1366, 15cd3569-c751-4f18-b157-6804e7d0f08c:c1366]
2019-07-10 05:59:39,505 INFO  client.GrpcClientProtocolClient (GrpcClientProtocolClient.java:onNext(255)) - client-535162E20057->7049f9e8-7de6-4c8c-bf4c-9bb5512f4299: receive RaftClientReply:client-535162E20057->7049f9e8-7de6-4c8c-bf4c-9bb5512f4299@group-3B5DE3AEDFC2, cid=1012, SUCCESS, logIndex=0, commits[7049f9e8-7de6-4c8c-bf4c-9bb5512f4299:c1374, 13d9ac51-91bf-4c73-8824-2f58fc5b2747:c1368, 15cd3569-c751-4f18-b157-6804e7d0f08c:c1370]
2019-07-10 05:59:39,527 INFO  client.GrpcClientProtocolClient (GrpcClientProtocolClient.java:onNext(255)) - client-535162E20057->7049f9e8-7de6-4c8c-bf4c-9bb5512f4299: receive RaftClientReply:client-535162E20057->7049f9e8-7de6-4c8c-bf4c-9bb5512f4299@group-3B5DE3AEDFC2, cid=1013, SUCCESS, logIndex=1375, commits[7049f9e8-7de6-4c8c-bf4c-9bb5512f4299:c1376, 13d9ac51-91bf-4c73-8824-2f58fc5b2747:c1374, 15cd3569-c751-4f18-b157-6804e7d0f08c:c1374]
2019-07-10 05:59:39,528 INFO  client.GrpcClientProtocolClient (GrpcClientProtocolClient.java:onNext(255)) - client-535162E20057->7049f9e8-7de6-4c8c-bf4c-9bb5512f4299: receive RaftClientReply:client-535162E20057->7049f9e8-7de6-4c8c-bf4c-9bb5512f4299@group-3B5DE3AEDFC2, cid=1014, SUCCESS, logIndex=1376, commits[7049f9e8-7de6-4c8c-bf4c-9bb5512f4299:c1376, 13d9ac51-91bf-4c73-8824-2f58fc5b2747:c1374, 15cd3569-c751-4f18-b157-6804e7d0f08c:c1374]
2019-07-10 05:59:39,551 INFO  client.GrpcClientProtocolClient (GrpcClientProtocolClient.java:onNext(255)) - client-535162E20057->7049f9e8-7de6-4c8c-bf4c-9bb5512f4299: receive RaftClientReply:client-535162E20057->7049f9e8-7de6-4c8c-bf4c-9bb5512f4299@group-3B5DE3AEDFC2, cid=1015, SUCCESS, logIndex=1378, commits[7049f9e8-7de6-4c8c-bf4c-9bb5512f4299:c1379, 13d9ac51-91bf-4c73-8824-2f58fc5b2747:c1376, 15cd3569-c751-4f18-b157-6804e7d0f08c:c1376]
2019-07-10 05:59:39,552 INFO  client.GrpcClientProtocolClient (GrpcClientProtocolClient.java:onNext(255)) - client-535162E20057->7049f9e8-7de6-4c8c-bf4c-9bb5512f4299: receive RaftClientReply:client-535162E20057->7049f9e8-7de6-4c8c-bf4c-9bb5512f4299@group-3B5DE3AEDFC2, cid=1016, SUCCESS, logIndex=1379, commits[7049f9e8-7de6-4c8c-bf4c-9bb5512f4299:c1379, 13d9ac51-91bf-4c73-8824-2f58fc5b2747:c1376, 15cd3569-c751-4f18-b157-6804e7d0f08c:c1376]
2019-07-10 05:59:39,553 INFO  client.GrpcClientProtocolClient (GrpcClientProtocolClient.java:onNext(255)) - client-535162E20057->7049f9e8-7de6-4c8c-bf4c-9bb5512f4299: receive RaftClientReply:client-535162E20057->7049f9e8-7de6-4c8c-bf4c-9bb5512f4299@group-3B5DE3AEDFC2, cid=1017, SUCCESS, logIndex=0, commits[7049f9e8-7de6-4c8c-bf4c-9bb5512f4299:c1380, 13d9ac51-91bf-4c73-8824-2f58fc5b2747:c1379, 15cd3569-c751-4f18-b157-6804e7d0f08c:c1379]
2019-07-10 05:59:39,574 INFO  client.GrpcClientProtocolClient (GrpcClientProtocolClient.java:onNext(255)) - client-535162E20057->7049f9e8-7de6-4c8c-bf4c-9bb5512f4299: receive RaftClientReply:client-535162E20057->7049f9e8-7de6-4c8c-bf4c-9bb5512f4299@group-3B5DE3AEDFC2, cid=1018, SUCCESS, logIndex=1382, commits[7049f9e8-7de6-4c8c-bf4c-9bb5512f4299:c1383, 13d9ac51-91bf-4c73-8824-2f58fc5b2747:c1381, 15cd3569-c751-4f18-b157-6804e7d0f08c:c1381]
2019-07-10 05:59:39,574 INFO  client.GrpcClientProtocolClient (GrpcClientProtocolClient.java:onNext(255)) - client-535162E20057->7049f9e8-7de6-4c8c-bf4c-9bb5512f4299: receive RaftClientReply:client-535162E20057->7049f9e8-7de6-4c8c-bf4c-9bb5512f4299@group-3B5DE3AEDFC2, cid=1019, SUCCESS, logIndex=1383, commits[7049f9e8-7de6-4c8c-bf4c-9bb5512f4299:c1383, 13d9ac51-91bf-4c73-8824-2f58fc5b2747:c1381, 15cd3569-c751-4f18-b157-6804e7d0f08c:c1381]
2019-07-10 05:59:39,575 INFO  client.GrpcClientProtocolClient (GrpcClientProtocolClient.java:onNext(255)) - client-535162E20057->7049f9e8-7de6-4c8c-bf4c-9bb5512f4299: receive RaftClientReply:client-535162E20057->7049f9e8-7de6-4c8c-bf4c-9bb5512f4299@group-3B5DE3AEDFC2, cid=1020, SUCCESS, logIndex=1384, commits[7049f9e8-7de6-4c8c-bf4c-9bb5512f4299:c1385, 13d9ac51-91bf-4c73-8824-2f58fc5b2747:c1381, 15cd3569-c751-4f18-b157-6804e7d0f08c:c1381]
2019-07-10 05:59:39,575 INFO  client.GrpcClientProtocolClient (GrpcClientProtocolClient.java:onNext(255)) - client-535162E20057->7049f9e8-7de6-4c8c-bf4c-9bb5512f4299: receive RaftClientReply:client-535162E20057->7049f9e8-7de6-4c8c-bf4c-9bb5512f4299@group-3B5DE3AEDFC2, cid=1021, SUCCESS, logIndex=1385, commits[7049f9e8-7de6-4c8c-bf4c-9bb5512f4299:c1385, 13d9ac51-91bf-4c73-8824-2f58fc5b2747:c1381, 15cd3569-c751-4f18-b157-6804e7d0f08c:c1381]
2019-07-10 05:59:39,579 INFO  client.GrpcClientProtocolClient (GrpcClientProtocolClient.java:onNext(255)) - client-535162E20057->7049f9e8-7de6-4c8c-bf4c-9bb5512f4299: receive RaftClientReply:client-535162E20057->7049f9e8-7de6-4c8c-bf4c-9bb5512f4299@group-3B5DE3AEDFC2, cid=1022, SUCCESS, logIndex=0, commits[7049f9e8-7de6-4c8c-bf4c-9bb5512f4299:c1389, 13d9ac51-91bf-4c73-8824-2f58fc5b2747:c1383, 15cd3569-c751-4f18-b157-6804e7d0f08c:c1385]
2019-07-10 05:59:39,599 INFO  client.GrpcClientProtocolClient (GrpcClientProtocolClient.java:onNext(255)) - client-535162E20057->7049f9e8-7de6-4c8c-bf4c-9bb5512f4299: receive RaftClientReply:client-535162E20057->7049f9e8-7de6-4c8c-bf4c-9bb5512f4299@group-3B5DE3AEDFC2, cid=1023, SUCCESS, logIndex=1390, commits[7049f9e8-7de6-4c8c-bf4c-9bb5512f4299:c1391, 13d9ac51-91bf-4c73-8824-2f58fc5b2747:c1389, 15cd3569-c751-4f18-b157-6804e7d0f08c:c1389]
2019-07-10 05:59:39,599 INFO  client.GrpcClientProtocolClient (GrpcClientProtocolClient.java:onNext(255)) - client-535162E20057->7049f9e8-7de6-4c8c-bf4c-9bb5512f4299: receive RaftClientReply:client-535162E20057->7049f9e8-7de6-4c8c-bf4c-9bb5512f4299@group-3B5DE3AEDFC2, cid=1024, SUCCESS, logIndex=1391, commits[7049f9e8-7de6-4c8c-bf4c-9bb5512f4299:c1391, 13d9ac51-91bf-4c73-8824-2f58fc5b2747:c1389, 15cd3569-c751-4f18-b157-6804e7d0f08c:c1389]
2019-07-10 05:59:39,612 INFO  client.GrpcClientProtocolClient (GrpcClientProtocolClient.java:onNext(255)) - client-535162E20057->7049f9e8-7de6-4c8c-bf4c-9bb5512f4299: receive RaftClientReply:client-535162E20057->7049f9e8-7de6-4c8c-bf4c-9bb5512f4299@group-3B5DE3AEDFC2, cid=1025, SUCCESS, logIndex=1394, commits[7049f9e8-7de6-4c8c-bf4c-9bb5512f4299:c1395, 13d9ac51-91bf-4c73-8824-2f58fc5b2747:c1391, 15cd3569-c751-4f18-b157-6804e7d0f08c:c1391]
2019-07-10 05:59:39,613 INFO  client.GrpcClientProtocolClient (GrpcClientProtocolClient.java:onNext(255)) - client-535162E20057->7049f9e8-7de6-4c8c-bf4c-9bb5512f4299: receive RaftClientReply:client-535162E20057->7049f9e8-7de6-4c8c-bf4c-9bb5512f4299@group-3B5DE3AEDFC2, cid=1026, SUCCESS, logIndex=1395, commits[7049f9e8-7de6-4c8c-bf4c-9bb5512f4299:c1395, 13d9ac51-91bf-4c73-8824-2f58fc5b2747:c1391, 15cd3569-c751-4f18-b157-6804e7d0f08c:c1391]
2019-07-10 05:59:39,625 INFO  client.GrpcClientProtocolClient (GrpcClientProtocolClient.java:onNext(255)) - client-535162E20057->7049f9e8-7de6-4c8c-bf4c-9bb5512f4299: receive RaftClientReply:client-535162E20057->7049f9e8-7de6-4c8c-bf4c-9bb5512f4299@group-3B5DE3AEDFC2, cid=1027, SUCCESS, logIndex=0, commits[7049f9e8-7de6-4c8c-bf4c-9bb5512f4299:c1397, 13d9ac51-91bf-4c73-8824-2f58fc5b2747:c1395, 15cd3569-c751-4f18-b157-6804e7d0f08c:c1395]
2019-07-10 05:59:39,646 INFO  client.GrpcClientProtocolClient (GrpcClientProtocolClient.java:onNext(255)) - client-535162E20057->7049f9e8-7de6-4c8c-bf4c-9bb5512f4299: receive RaftClientReply:client-535162E20057->7049f9e8-7de6-4c8c-bf4c-9bb5512f4299@group-3B5DE3AEDFC2, cid=1028, SUCCESS, logIndex=1398, commits[7049f9e8-7de6-4c8c-bf4c-9bb5512f4299:c1399, 13d9ac51-91bf-4c73-8824-2f58fc5b2747:c1397, 15cd3569-c751-4f18-b157-6804e7d0f08c:c1397]
2019-07-10 05:59:39,647 INFO  client.GrpcClientProtocolClient (GrpcClientProtocolClient.java:onNext(255)) - client-535162E20057->7049f9e8-7de6-4c8c-bf4c-9bb5512f4299: receive RaftClientReply:client-535162E20057->7049f9e8-7de6-4c8c-bf4c-9bb5512f4299@group-3B5DE3AEDFC2, cid=1029, SUCCESS, logIndex=1399, commits[7049f9e8-7de6-4c8c-bf4c-9bb5512f4299:c1401, 13d9ac51-91bf-4c73-8824-2f58fc5b2747:c1397, 15cd3569-c751-4f18-b157-6804e7d0f08c:c1397]
2019-07-10 05:59:39,647 INFO  client.GrpcClientProtocolClient (GrpcClientProtocolClient.java:onNext(255)) - client-535162E20057->7049f9e8-7de6-4c8c-bf4c-9bb5512f4299: receive RaftClientReply:client-535162E20057->7049f9e8-7de6-4c8c-bf4c-9bb5512f4299@group-3B5DE3AEDFC2, cid=1030, SUCCESS, logIndex=1400, commits[7049f9e8-7de6-4c8c-bf4c-9bb5512f4299:c1401, 13d9ac51-91bf-4c73-8824-2f58fc5b2747:c1397, 15cd3569-c751-4f18-b157-6804e7d0f08c:c1397]
2019-07-10 05:59:39,648 INFO  client.GrpcClientProtocolClient (GrpcClientProtocolClient.java:onNext(255)) - client-535162E20057->7049f9e8-7de6-4c8c-bf4c-9bb5512f4299: receive RaftClientReply:client-535162E20057->7049f9e8-7de6-4c8c-bf4c-9bb5512f4299@group-3B5DE3AEDFC2, cid=1031, SUCCESS, logIndex=1401, commits[7049f9e8-7de6-4c8c-bf4c-9bb5512f4299:c1401, 13d9ac51-91bf-4c73-8824-2f58fc5b2747:c1397, 15cd3569-c751-4f18-b157-6804e7d0f08c:c1397]
2019-07-10 05:59:39,649 INFO  client.GrpcClientProtocolClient (GrpcClientProtocolClient.java:onNext(255)) - client-535162E20057->7049f9e8-7de6-4c8c-bf4c-9bb5512f4299: receive RaftClientReply:client-535162E20057->7049f9e8-7de6-4c8c-bf4c-9bb5512f4299@group-3B5DE3AEDFC2, cid=1032, SUCCESS, logIndex=0, commits[7049f9e8-7de6-4c8c-bf4c-9bb5512f4299:c1403, 13d9ac51-91bf-4c73-8824-2f58fc5b2747:c1399, 15cd3569-c751-4f18-b157-6804e7d0f08c:c1399]
2019-07-10 05:59:39,662 INFO  client.GrpcClientProtocolClient (GrpcClientProtocolClient.java:onNext(255)) - client-535162E20057->7049f9e8-7de6-4c8c-bf4c-9bb5512f4299: receive RaftClientReply:client-535162E20057->7049f9e8-7de6-4c8c-bf4c-9bb5512f4299@group-3B5DE3AEDFC2, cid=1033, SUCCESS, logIndex=1405, commits[7049f9e8-7de6-4c8c-bf4c-9bb5512f4299:c1406, 13d9ac51-91bf-4c73-8824-2f58fc5b2747:c1401, 15cd3569-c751-4f18-b157-6804e7d0f08c:c1404]
2019-07-10 05:59:39,663 INFO  client.GrpcClientProtocolClient (GrpcClientProtocolClient.java:onNext(255)) - client-535162E20057->7049f9e8-7de6-4c8c-bf4c-9bb5512f4299: receive RaftClientReply:client-535162E20057->7049f9e8-7de6-4c8c-bf4c-9bb5512f4299@group-3B5DE3AEDFC2, cid=1034, SUCCESS, logIndex=1406, commits[7049f9e8-7de6-4c8c-bf4c-9bb5512f4299:c1406, 13d9ac51-91bf-4c73-8824-2f58fc5b2747:c1404, 15cd3569-c751-4f18-b157-6804e7d0f08c:c1404]
2019-07-10 05:59:39,675 INFO  client.GrpcClientProtocolClient (GrpcClientProtocolClient.java:onNext(255)) - client-535162E20057->7049f9e8-7de6-4c8c-bf4c-9bb5512f4299: receive RaftClientReply:client-535162E20057->7049f9e8-7de6-4c8c-bf4c-9bb5512f4299@group-3B5DE3AEDFC2, cid=1035, SUCCESS, logIndex=1409, commits[7049f9e8-7de6-4c8c-bf4c-9bb5512f4299:c1410, 13d9ac51-91bf-4c73-8824-2f58fc5b2747:c1408, 15cd3569-c751-4f18-b157-6804e7d0f08c:c1408]
2019-07-10 05:59:39,675 INFO  client.GrpcClientProtocolClient (GrpcClientProtocolClient.java:onNext(255)) - client-535162E20057->7049f9e8-7de6-4c8c-bf4c-9bb5512f4299: receive RaftClientReply:client-535162E20057->7049f9e8-7de6-4c8c-bf4c-9bb5512f4299@group-3B5DE3AEDFC2, cid=1036, SUCCESS, logIndex=1410, commits[7049f9e8-7de6-4c8c-bf4c-9bb5512f4299:c1410, 13d9ac51-91bf-4c73-8824-2f58fc5b2747:c1408, 15cd3569-c751-4f18-b157-6804e7d0f08c:c1408]
2019-07-10 05:59:39,679 INFO  client.GrpcClientProtocolClient (GrpcClientProtocolClient.java:onNext(255)) - client-535162E20057->7049f9e8-7de6-4c8c-bf4c-9bb5512f4299: receive RaftClientReply:client-535162E20057->7049f9e8-7de6-4c8c-bf4c-9bb5512f4299@group-3B5DE3AEDFC2, cid=1037, SUCCESS, logIndex=0, commits[7049f9e8-7de6-4c8c-bf4c-9bb5512f4299:c1412, 13d9ac51-91bf-4c73-8824-2f58fc5b2747:c1410, 15cd3569-c751-4f18-b157-6804e7d0f08c:c1410]
2019-07-10 05:59:39,693 INFO  client.GrpcClientProtocolClient (GrpcClientProtocolClient.java:onNext(255)) - client-535162E20057->7049f9e8-7de6-4c8c-bf4c-9bb5512f4299: receive RaftClientReply:client-535162E20057->7049f9e8-7de6-4c8c-bf4c-9bb5512f4299@group-3B5DE3AEDFC2, cid=1038, SUCCESS, logIndex=1413, commits[7049f9e8-7de6-4c8c-bf4c-9bb5512f4299:c1414, 13d9ac51-91bf-4c73-8824-2f58fc5b2747:c1412, 15cd3569-c751-4f18-b157-6804e7d0f08c:c1412]
2019-07-10 05:59:39,694 INFO  client.GrpcClientProtocolClient (GrpcClientProtocolClient.java:onNext(255)) - client-535162E20057->7049f9e8-7de6-4c8c-bf4c-9bb5512f4299: receive RaftClientReply:client-535162E20057->7049f9e8-7de6-4c8c-bf4c-9bb5512f4299@group-3B5DE3AEDFC2, cid=1039, SUCCESS, logIndex=1414, commits[7049f9e8-7de6-4c8c-bf4c-9bb5512f4299:c1414, 13d9ac51-91bf-4c73-8824-2f58fc5b2747:c1412, 15cd3569-c751-4f18-b157-6804e7d0f08c:c1412]
2019-07-10 05:59:39,699 INFO  client.GrpcClientProtocolClient (GrpcClientProtocolClient.java:onNext(255)) - client-535162E20057->7049f9e8-7de6-4c8c-bf4c-9bb5512f4299: receive RaftClientReply:client-535162E20057->7049f9e8-7de6-4c8c-bf4c-9bb5512f4299@group-3B5DE3AEDFC2, cid=1040, SUCCESS, logIndex=1415, commits[7049f9e8-7de6-4c8c-bf4c-9bb5512f4299:c1415, 13d9ac51-91bf-4c73-8824-2f58fc5b2747:c1412, 15cd3569-c751-4f18-b157-6804e7d0f08c:c1412]
2019-07-10 05:59:39,699 INFO  client.GrpcClientProtocolClient (GrpcClientProtocolClient.java:onNext(255)) - client-535162E20057->7049f9e8-7de6-4c8c-bf4c-9bb5512f4299: receive RaftClientReply:client-535162E20057->7049f9e8-7de6-4c8c-bf4c-9bb5512f4299@group-3B5DE3AEDFC2, cid=1041, SUCCESS, logIndex=1416, commits[7049f9e8-7de6-4c8c-bf4c-9bb5512f4299:c1417, 13d9ac51-91bf-4c73-8824-2f58fc5b2747:c1412, 15cd3569-c751-4f18-b157-6804e7d0f08c:c1413]
2019-07-10 05:59:39,700 INFO  client.GrpcClientProtocolClient (GrpcClientProtocolClient.java:onNext(255)) - client-535162E20057->7049f9e8-7de6-4c8c-bf4c-9bb5512f4299: receive RaftClientReply:client-535162E20057->7049f9e8-7de6-4c8c-bf4c-9bb5512f4299@group-3B5DE3AEDFC2, cid=1042, SUCCESS, logIndex=0, commits[7049f9e8-7de6-4c8c-bf4c-9bb5512f4299:c1418, 13d9ac51-91bf-4c73-8824-2f58fc5b2747:c1414, 15cd3569-c751-4f18-b157-6804e7d0f08c:c1414]
2019-07-10 05:59:39,720 INFO  client.GrpcClientProtocolClient (GrpcClientProtocolClient.java:onNext(255)) - client-535162E20057->7049f9e8-7de6-4c8c-bf4c-9bb5512f4299: receive RaftClientReply:client-535162E20057->7049f9e8-7de6-4c8c-bf4c-9bb5512f4299@group-3B5DE3AEDFC2, cid=1043, SUCCESS, logIndex=1421, commits[7049f9e8-7de6-4c8c-bf4c-9bb5512f4299:c1422, 13d9ac51-91bf-4c73-8824-2f58fc5b2747:c1418, 15cd3569-c751-4f18-b157-6804e7d0f08c:c1418]
2019-07-10 05:59:39,721 INFO  client.GrpcClientProtocolClient (GrpcClientProtocolClient.java:onNext(255)) - client-535162E20057->7049f9e8-7de6-4c8c-bf4c-9bb5512f4299: receive RaftClientReply:client-535162E20057->7049f9e8-7de6-4c8c-bf4c-9bb5512f4299@group-3B5DE3AEDFC2, cid=1044, SUCCESS, logIndex=1422, commits[7049f9e8-7de6-4c8c-bf4c-9bb5512f4299:c1422, 13d9ac51-91bf-4c73-8824-2f58fc5b2747:c1418, 15cd3569-c751-4f18-b157-6804e7d0f08c:c1418]
2019-07-10 05:59:39,734 INFO  client.GrpcClientProtocolClient (GrpcClientProtocolClient.java:onNext(255)) - client-535162E20057->7049f9e8-7de6-4c8c-bf4c-9bb5512f4299: receive RaftClientReply:client-535162E20057->7049f9e8-7de6-4c8c-bf4c-9bb5512f4299@group-3B5DE3AEDFC2, cid=1045, SUCCESS, logIndex=1425, commits[7049f9e8-7de6-4c8c-bf4c-9bb5512f4299:c1426, 13d9ac51-91bf-4c73-8824-2f58fc5b2747:c1422, 15cd3569-c751-4f18-b157-6804e7d0f08c:c1422]
2019-07-10 05:59:39,734 INFO  client.GrpcClientProtocolClient (GrpcClientProtocolClient.java:onNext(255)) - client-535162E20057->7049f9e8-7de6-4c8c-bf4c-9bb5512f4299: receive RaftClientReply:client-535162E20057->7049f9e8-7de6-4c8c-bf4c-9bb5512f4299@group-3B5DE3AEDFC2, cid=1046, SUCCESS, logIndex=1426, commits[7049f9e8-7de6-4c8c-bf4c-9bb5512f4299:c1426, 13d9ac51-91bf-4c73-8824-2f58fc5b2747:c1422, 15cd3569-c751-4f18-b157-6804e7d0f08c:c1422]
2019-07-10 05:59:39,752 INFO  client.GrpcClientProtocolClient (GrpcClientProtocolClient.java:onNext(255)) - client-535162E20057->7049f9e8-7de6-4c8c-bf4c-9bb5512f4299: receive RaftClientReply:client-535162E20057->7049f9e8-7de6-4c8c-bf4c-9bb5512f4299@group-3B5DE3AEDFC2, cid=1047, SUCCESS, logIndex=0, commits[7049f9e8-7de6-4c8c-bf4c-9bb5512f4299:c1427, 13d9ac51-91bf-4c73-8824-2f58fc5b2747:c1426, 15cd3569-c751-4f18-b157-6804e7d0f08c:c1426]
2019-07-10 05:59:39,771 INFO  client.GrpcClientProtocolClient (GrpcClientProtocolClient.java:onNext(255)) - client-535162E20057->7049f9e8-7de6-4c8c-bf4c-9bb5512f4299: receive RaftClientReply:client-535162E20057->7049f9e8-7de6-4c8c-bf4c-9bb5512f4299@group-3B5DE3AEDFC2, cid=1048, SUCCESS, logIndex=1429, commits[7049f9e8-7de6-4c8c-bf4c-9bb5512f4299:c1430, 13d9ac51-91bf-4c73-8824-2f58fc5b2747:c1428, 15cd3569-c751-4f18-b157-6804e7d0f08c:c1428]
2019-07-10 05:59:39,772 INFO  client.GrpcClientProtocolClient (GrpcClientProtocolClient.java:onNext(255)) - client-535162E20057->7049f9e8-7de6-4c8c-bf4c-9bb5512f4299: receive RaftClientReply:client-535162E20057->7049f9e8-7de6-4c8c-bf4c-9bb5512f4299@group-3B5DE3AEDFC2, cid=1049, SUCCESS, logIndex=1430, commits[7049f9e8-7de6-4c8c-bf4c-9bb5512f4299:c1432, 13d9ac51-91bf-4c73-8824-2f58fc5b2747:c1428, 15cd3569-c751-4f18-b157-6804e7d0f08c:c1428]
2019-07-10 05:59:39,772 INFO  client.GrpcClientProtocolClient (GrpcClientProtocolClient.java:onNext(255)) - client-535162E20057->7049f9e8-7de6-4c8c-bf4c-9bb5512f4299: receive RaftClientReply:client-535162E20057->7049f9e8-7de6-4c8c-bf4c-9bb5512f4299@group-3B5DE3AEDFC2, cid=1050, SUCCESS, logIndex=1431, commits[7049f9e8-7de6-4c8c-bf4c-9bb5512f4299:c1432, 13d9ac51-91bf-4c73-8824-2f58fc5b2747:c1428, 15cd3569-c751-4f18-b157-6804e7d0f08c:c1428]
2019-07-10 05:59:39,772 INFO  client.GrpcClientProtocolClient (GrpcClientProtocolClient.java:onNext(255)) - client-535162E20057->7049f9e8-7de6-4c8c-bf4c-9bb5512f4299: receive RaftClientReply:client-535162E20057->7049f9e8-7de6-4c8c-bf4c-9bb5512f4299@group-3B5DE3AEDFC2, cid=1051, SUCCESS, logIndex=1432, commits[7049f9e8-7de6-4c8c-bf4c-9bb5512f4299:c1432, 13d9ac51-91bf-4c73-8824-2f58fc5b2747:c1428, 15cd3569-c751-4f18-b157-6804e7d0f08c:c1428]
2019-07-10 05:59:39,773 INFO  client.GrpcClientProtocolClient (GrpcClientProtocolClient.java:onNext(255)) - client-535162E20057->7049f9e8-7de6-4c8c-bf4c-9bb5512f4299: receive RaftClientReply:client-535162E20057->7049f9e8-7de6-4c8c-bf4c-9bb5512f4299@group-3B5DE3AEDFC2, cid=1052, SUCCESS, logIndex=0, commits[7049f9e8-7de6-4c8c-bf4c-9bb5512f4299:c1434, 13d9ac51-91bf-4c73-8824-2f58fc5b2747:c1430, 15cd3569-c751-4f18-b157-6804e7d0f08c:c1430]
2019-07-10 05:59:39,891 INFO  client.GrpcClientProtocolClient (GrpcClientProtocolClient.java:onNext(255)) - client-535162E20057->7049f9e8-7de6-4c8c-bf4c-9bb5512f4299: receive RaftClientReply:client-535162E20057->7049f9e8-7de6-4c8c-bf4c-9bb5512f4299@group-3B5DE3AEDFC2, cid=1053, SUCCESS, logIndex=1437, commits[7049f9e8-7de6-4c8c-bf4c-9bb5512f4299:c1438, 13d9ac51-91bf-4c73-8824-2f58fc5b2747:c1432, 15cd3569-c751-4f18-b157-6804e7d0f08c:c1436]
2019-07-10 05:59:39,891 INFO  client.GrpcClientProtocolClient (GrpcClientProtocolClient.java:onNext(255)) - client-535162E20057->7049f9e8-7de6-4c8c-bf4c-9bb5512f4299: receive RaftClientReply:client-535162E20057->7049f9e8-7de6-4c8c-bf4c-9bb5512f4299@group-3B5DE3AEDFC2, cid=1054, SUCCESS, logIndex=1438, commits[7049f9e8-7de6-4c8c-bf4c-9bb5512f4299:c1438, 13d9ac51-91bf-4c73-8824-2f58fc5b2747:c1432, 15cd3569-c751-4f18-b157-6804e7d0f08c:c1436]
2019-07-10 05:59:39,915 INFO  client.GrpcClientProtocolClient (GrpcClientProtocolClient.java:onNext(255)) - client-535162E20057->7049f9e8-7de6-4c8c-bf4c-9bb5512f4299: receive RaftClientReply:client-535162E20057->7049f9e8-7de6-4c8c-bf4c-9bb5512f4299@group-3B5DE3AEDFC2, cid=1055, SUCCESS, logIndex=1441, commits[7049f9e8-7de6-4c8c-bf4c-9bb5512f4299:c1442, 13d9ac51-91bf-4c73-8824-2f58fc5b2747:c1438, 15cd3569-c751-4f18-b157-6804e7d0f08c:c1438]
2019-07-10 05:59:39,916 INFO  client.GrpcClientProtocolClient (GrpcClientProtocolClient.java:onNext(255)) - client-535162E20057->7049f9e8-7de6-4c8c-bf4c-9bb5512f4299: receive RaftClientReply:client-535162E20057->7049f9e8-7de6-4c8c-bf4c-9bb5512f4299@group-3B5DE3AEDFC2, cid=1056, SUCCESS, logIndex=1442, commits[7049f9e8-7de6-4c8c-bf4c-9bb5512f4299:c1442, 13d9ac51-91bf-4c73-8824-2f58fc5b2747:c1438, 15cd3569-c751-4f18-b157-6804e7d0f08c:c1438]
2019-07-10 05:59:39,918 INFO  client.GrpcClientProtocolClient (GrpcClientProtocolClient.java:onNext(255)) - client-535162E20057->7049f9e8-7de6-4c8c-bf4c-9bb5512f4299: receive RaftClientReply:client-535162E20057->7049f9e8-7de6-4c8c-bf4c-9bb5512f4299@group-3B5DE3AEDFC2, cid=1057, SUCCESS, logIndex=0, commits[7049f9e8-7de6-4c8c-bf4c-9bb5512f4299:c1444, 13d9ac51-91bf-4c73-8824-2f58fc5b2747:c1442, 15cd3569-c751-4f18-b157-6804e7d0f08c:c1442]
2019-07-10 05:59:39,940 INFO  client.GrpcClientProtocolClient (GrpcClientProtocolClient.java:onNext(255)) - client-535162E20057->7049f9e8-7de6-4c8c-bf4c-9bb5512f4299: receive RaftClientReply:client-535162E20057->7049f9e8-7de6-4c8c-bf4c-9bb5512f4299@group-3B5DE3AEDFC2, cid=1058, SUCCESS, logIndex=1445, commits[7049f9e8-7de6-4c8c-bf4c-9bb5512f4299:c1447, 13d9ac51-91bf-4c73-8824-2f58fc5b2747:c1444, 15cd3569-c751-4f18-b157-6804e7d0f08c:c1444]
2019-07-10 05:59:39,941 INFO  client.GrpcClientProtocolClient (GrpcClientProtocolClient.java:onNext(255)) - client-535162E20057->7049f9e8-7de6-4c8c-bf4c-9bb5512f4299: receive RaftClientReply:client-535162E20057->7049f9e8-7de6-4c8c-bf4c-9bb5512f4299@group-3B5DE3AEDFC2, cid=1059, SUCCESS, logIndex=1446, commits[7049f9e8-7de6-4c8c-bf4c-9bb5512f4299:c1448, 13d9ac51-91bf-4c73-8824-2f58fc5b2747:c1444, 15cd3569-c751-4f18-b157-6804e7d0f08c:c1444]
2019-07-10 05:59:39,941 INFO  client.GrpcClientProtocolClient (GrpcClientProtocolClient.java:onNext(255)) - client-535162E20057->7049f9e8-7de6-4c8c-bf4c-9bb5512f4299: receive RaftClientReply:client-535162E20057->7049f9e8-7de6-4c8c-bf4c-9bb5512f4299@group-3B5DE3AEDFC2, cid=1060, SUCCESS, logIndex=1447, commits[7049f9e8-7de6-4c8c-bf4c-9bb5512f4299:c1448, 13d9ac51-91bf-4c73-8824-2f58fc5b2747:c1444, 15cd3569-c751-4f18-b157-6804e7d0f08c:c1444]
2019-07-10 05:59:39,941 INFO  client.GrpcClientProtocolClient (GrpcClientProtocolClient.java:onNext(255)) - client-535162E20057->7049f9e8-7de6-4c8c-bf4c-9bb5512f4299: receive RaftClientReply:client-535162E20057->7049f9e8-7de6-4c8c-bf4c-9bb5512f4299@group-3B5DE3AEDFC2, cid=1061, SUCCESS, logIndex=1448, commits[7049f9e8-7de6-4c8c-bf4c-9bb5512f4299:c1448, 13d9ac51-91bf-4c73-8824-2f58fc5b2747:c1444, 15cd3569-c751-4f18-b157-6804e7d0f08c:c1444]
2019-07-10 05:59:39,953 INFO  client.GrpcClientProtocolClient (GrpcClientProtocolClient.java:onNext(255)) - client-535162E20057->7049f9e8-7de6-4c8c-bf4c-9bb5512f4299: receive RaftClientReply:client-535162E20057->7049f9e8-7de6-4c8c-bf4c-9bb5512f4299@group-3B5DE3AEDFC2, cid=1062, SUCCESS, logIndex=0, commits[7049f9e8-7de6-4c8c-bf4c-9bb5512f4299:c1450, 13d9ac51-91bf-4c73-8824-2f58fc5b2747:c1446, 15cd3569-c751-4f18-b157-6804e7d0f08c:c1446]
2019-07-10 05:59:39,977 INFO  client.GrpcClientProtocolClient (GrpcClientProtocolClient.java:onNext(255)) - client-535162E20057->7049f9e8-7de6-4c8c-bf4c-9bb5512f4299: receive RaftClientReply:client-535162E20057->7049f9e8-7de6-4c8c-bf4c-9bb5512f4299@group-3B5DE3AEDFC2, cid=1063, SUCCESS, logIndex=1453, commits[7049f9e8-7de6-4c8c-bf4c-9bb5512f4299:c1454, 13d9ac51-91bf-4c73-8824-2f58fc5b2747:c1452, 15cd3569-c751-4f18-b157-6804e7d0f08c:c1452]
2019-07-10 05:59:39,978 INFO  client.GrpcClientProtocolClient (GrpcClientProtocolClient.java:onNext(255)) - client-535162E20057->7049f9e8-7de6-4c8c-bf4c-9bb5512f4299: receive RaftClientReply:client-535162E20057->7049f9e8-7de6-4c8c-bf4c-9bb5512f4299@group-3B5DE3AEDFC2, cid=1064, SUCCESS, logIndex=1454, commits[7049f9e8-7de6-4c8c-bf4c-9bb5512f4299:c1454, 13d9ac51-91bf-4c73-8824-2f58fc5b2747:c1452, 15cd3569-c751-4f18-b157-6804e7d0f08c:c1452]
2019-07-10 05:59:40,000 INFO  client.GrpcClientProtocolClient (GrpcClientProtocolClient.java:onNext(255)) - client-535162E20057->7049f9e8-7de6-4c8c-bf4c-9bb5512f4299: receive RaftClientReply:client-535162E20057->7049f9e8-7de6-4c8c-bf4c-9bb5512f4299@group-3B5DE3AEDFC2, cid=1065, SUCCESS, logIndex=1457, commits[7049f9e8-7de6-4c8c-bf4c-9bb5512f4299:c1458, 13d9ac51-91bf-4c73-8824-2f58fc5b2747:c1454, 15cd3569-c751-4f18-b157-6804e7d0f08c:c1454]
2019-07-10 05:59:40,001 INFO  client.GrpcClientProtocolClient (GrpcClientProtocolClient.java:onNext(255)) - client-535162E20057->7049f9e8-7de6-4c8c-bf4c-9bb5512f4299: receive RaftClientReply:client-535162E20057->7049f9e8-7de6-4c8c-bf4c-9bb5512f4299@group-3B5DE3AEDFC2, cid=1066, SUCCESS, logIndex=1458, commits[7049f9e8-7de6-4c8c-bf4c-9bb5512f4299:c1458, 13d9ac51-91bf-4c73-8824-2f58fc5b2747:c1454, 15cd3569-c751-4f18-b157-6804e7d0f08c:c1454]
2019-07-10 05:59:40,003 INFO  client.GrpcClientProtocolClient (GrpcClientProtocolClient.java:onNext(255)) - client-535162E20057->7049f9e8-7de6-4c8c-bf4c-9bb5512f4299: receive RaftClientReply:client-535162E20057->7049f9e8-7de6-4c8c-bf4c-9bb5512f4299@group-3B5DE3AEDFC2, cid=1067, SUCCESS, logIndex=0, commits[7049f9e8-7de6-4c8c-bf4c-9bb5512f4299:c1460, 13d9ac51-91bf-4c73-8824-2f58fc5b2747:c1458, 15cd3569-c751-4f18-b157-6804e7d0f08c:c1458]
2019-07-10 05:59:40,023 INFO  client.GrpcClientProtocolClient (GrpcClientProtocolClient.java:onNext(255)) - client-535162E20057->7049f9e8-7de6-4c8c-bf4c-9bb5512f4299: receive RaftClientReply:client-535162E20057->7049f9e8-7de6-4c8c-bf4c-9bb5512f4299@group-3B5DE3AEDFC2, cid=1068, SUCCESS, logIndex=1461, commits[7049f9e8-7de6-4c8c-bf4c-9bb5512f4299:c1463, 13d9ac51-91bf-4c73-8824-2f58fc5b2747:c1460, 15cd3569-c751-4f18-b157-6804e7d0f08c:c1460]
2019-07-10 05:59:40,024 INFO  client.GrpcClientProtocolClient (GrpcClientProtocolClient.java:onNext(255)) - client-535162E20057->7049f9e8-7de6-4c8c-bf4c-9bb5512f4299: receive RaftClientReply:client-535162E20057->7049f9e8-7de6-4c8c-bf4c-9bb5512f4299@group-3B5DE3AEDFC2, cid=1069, SUCCESS, logIndex=1462, commits[7049f9e8-7de6-4c8c-bf4c-9bb5512f4299:c1464, 13d9ac51-91bf-4c73-8824-2f58fc5b2747:c1460, 15cd3569-c751-4f18-b157-6804e7d0f08c:c1460]
2019-07-10 05:59:40,024 INFO  client.GrpcClientProtocolClient (GrpcClientProtocolClient.java:onNext(255)) - client-535162E20057->7049f9e8-7de6-4c8c-bf4c-9bb5512f4299: receive RaftClientReply:client-535162E20057->7049f9e8-7de6-4c8c-bf4c-9bb5512f4299@group-3B5DE3AEDFC2, cid=1070, SUCCESS, logIndex=1463, commits[7049f9e8-7de6-4c8c-bf4c-9bb5512f4299:c1464, 13d9ac51-91bf-4c73-8824-2f58fc5b2747:c1460, 15cd3569-c751-4f18-b157-6804e7d0f08c:c1460]
2019-07-10 05:59:40,024 INFO  client.GrpcClientProtocolClient (GrpcClientProtocolClient.java:onNext(255)) - client-535162E20057->7049f9e8-7de6-4c8c-bf4c-9bb5512f4299: receive RaftClientReply:client-535162E20057->7049f9e8-7de6-4c8c-bf4c-9bb5512f4299@group-3B5DE3AEDFC2, cid=1071, SUCCESS, logIndex=1464, commits[7049f9e8-7de6-4c8c-bf4c-9bb5512f4299:c1464, 13d9ac51-91bf-4c73-8824-2f58fc5b2747:c1460, 15cd3569-c751-4f18-b157-6804e7d0f08c:c1460]
2019-07-10 05:59:40,029 INFO  client.GrpcClientProtocolClient (GrpcClientProtocolClient.java:onNext(255)) - client-535162E20057->7049f9e8-7de6-4c8c-bf4c-9bb5512f4299: receive RaftClientReply:client-535162E20057->7049f9e8-7de6-4c8c-bf4c-9bb5512f4299@group-3B5DE3AEDFC2, cid=1072, SUCCESS, logIndex=0, commits[7049f9e8-7de6-4c8c-bf4c-9bb5512f4299:c1466, 13d9ac51-91bf-4c73-8824-2f58fc5b2747:c1462, 15cd3569-c751-4f18-b157-6804e7d0f08c:c1462]
2019-07-10 05:59:40,051 INFO  client.GrpcClientProtocolClient (GrpcClientProtocolClient.java:onNext(255)) - client-535162E20057->7049f9e8-7de6-4c8c-bf4c-9bb5512f4299: receive RaftClientReply:client-535162E20057->7049f9e8-7de6-4c8c-bf4c-9bb5512f4299@group-3B5DE3AEDFC2, cid=1073, SUCCESS, logIndex=1469, commits[7049f9e8-7de6-4c8c-bf4c-9bb5512f4299:c1470, 13d9ac51-91bf-4c73-8824-2f58fc5b2747:c1468, 15cd3569-c751-4f18-b157-6804e7d0f08c:c1468]
2019-07-10 05:59:40,051 INFO  client.GrpcClientProtocolClient (GrpcClientProtocolClient.java:onNext(255)) - client-535162E20057->7049f9e8-7de6-4c8c-bf4c-9bb5512f4299: receive RaftClientReply:client-535162E20057->7049f9e8-7de6-4c8c-bf4c-9bb5512f4299@group-3B5DE3AEDFC2, cid=1074, SUCCESS, logIndex=1470, commits[7049f9e8-7de6-4c8c-bf4c-9bb5512f4299:c1470, 13d9ac51-91bf-4c73-8824-2f58fc5b2747:c1468, 15cd3569-c751-4f18-b157-6804e7d0f08c:c1468]
2019-07-10 05:59:40,064 INFO  client.GrpcClientProtocolClient (GrpcClientProtocolClient.java:onNext(255)) - client-535162E20057->7049f9e8-7de6-4c8c-bf4c-9bb5512f4299: receive RaftClientReply:client-535162E20057->7049f9e8-7de6-4c8c-bf4c-9bb5512f4299@group-3B5DE3AEDFC2, cid=1075, SUCCESS, logIndex=1473, commits[7049f9e8-7de6-4c8c-bf4c-9bb5512f4299:c1474, 13d9ac51-91bf-4c73-8824-2f58fc5b2747:c1470, 15cd3569-c751-4f18-b157-6804e7d0f08c:c1470]
2019-07-10 05:59:40,064 INFO  client.GrpcClientProtocolClient (GrpcClientProtocolClient.java:onNext(255)) - client-535162E20057->7049f9e8-7de6-4c8c-bf4c-9bb5512f4299: receive RaftClientReply:client-535162E20057->7049f9e8-7de6-4c8c-bf4c-9bb5512f4299@group-3B5DE3AEDFC2, cid=1076, SUCCESS, logIndex=1474, commits[7049f9e8-7de6-4c8c-bf4c-9bb5512f4299:c1474, 13d9ac51-91bf-4c73-8824-2f58fc5b2747:c1470, 15cd3569-c751-4f18-b157-6804e7d0f08c:c1470]
2019-07-10 05:59:40,066 INFO  client.GrpcClientProtocolClient (GrpcClientProtocolClient.java:onNext(255)) - client-535162E20057->7049f9e8-7de6-4c8c-bf4c-9bb5512f4299: receive RaftClientReply:client-535162E20057->7049f9e8-7de6-4c8c-bf4c-9bb5512f4299@group-3B5DE3AEDFC2, cid=1077, SUCCESS, logIndex=0, commits[7049f9e8-7de6-4c8c-bf4c-9bb5512f4299:c1475, 13d9ac51-91bf-4c73-8824-2f58fc5b2747:c1474, 15cd3569-c751-4f18-b157-6804e7d0f08c:c1474]
2019-07-10 05:59:40,086 INFO  client.GrpcClientProtocolClient (GrpcClientProtocolClient.java:onNext(255)) - client-535162E20057->7049f9e8-7de6-4c8c-bf4c-9bb5512f4299: receive RaftClientReply:client-535162E20057->7049f9e8-7de6-4c8c-bf4c-9bb5512f4299@group-3B5DE3AEDFC2, cid=1078, SUCCESS, logIndex=1477, commits[7049f9e8-7de6-4c8c-bf4c-9bb5512f4299:c1478, 13d9ac51-91bf-4c73-8824-2f58fc5b2747:c1476, 15cd3569-c751-4f18-b157-6804e7d0f08c:c1476]
2019-07-10 05:59:40,087 INFO  client.GrpcClientProtocolClient (GrpcClientProtocolClient.java:onNext(255)) - client-535162E20057->7049f9e8-7de6-4c8c-bf4c-9bb5512f4299: receive RaftClientReply:client-535162E20057->7049f9e8-7de6-4c8c-bf4c-9bb5512f4299@group-3B5DE3AEDFC2, cid=1079, SUCCESS, logIndex=1478, commits[7049f9e8-7de6-4c8c-bf4c-9bb5512f4299:c1478, 13d9ac51-91bf-4c73-8824-2f58fc5b2747:c1476, 15cd3569-c751-4f18-b157-6804e7d0f08c:c1476]
2019-07-10 05:59:40,087 INFO  client.GrpcClientProtocolClient (GrpcClientProtocolClient.java:onNext(255)) - client-535162E20057->7049f9e8-7de6-4c8c-bf4c-9bb5512f4299: receive RaftClientReply:client-535162E20057->7049f9e8-7de6-4c8c-bf4c-9bb5512f4299@group-3B5DE3AEDFC2, cid=1080, SUCCESS, logIndex=1479, commits[7049f9e8-7de6-4c8c-bf4c-9bb5512f4299:c1480, 13d9ac51-91bf-4c73-8824-2f58fc5b2747:c1476, 15cd3569-c751-4f18-b157-6804e7d0f08c:c1476]
2019-07-10 05:59:40,087 INFO  client.GrpcClientProtocolClient (GrpcClientProtocolClient.java:onNext(255)) - client-535162E20057->7049f9e8-7de6-4c8c-bf4c-9bb5512f4299: receive RaftClientReply:client-535162E20057->7049f9e8-7de6-4c8c-bf4c-9bb5512f4299@group-3B5DE3AEDFC2, cid=1081, SUCCESS, logIndex=1480, commits[7049f9e8-7de6-4c8c-bf4c-9bb5512f4299:c1480, 13d9ac51-91bf-4c73-8824-2f58fc5b2747:c1476, 15cd3569-c751-4f18-b157-6804e7d0f08c:c1476]
2019-07-10 05:59:40,089 INFO  client.GrpcClientProtocolClient (GrpcClientProtocolClient.java:onNext(255)) - client-535162E20057->7049f9e8-7de6-4c8c-bf4c-9bb5512f4299: receive RaftClientReply:client-535162E20057->7049f9e8-7de6-4c8c-bf4c-9bb5512f4299@group-3B5DE3AEDFC2, cid=1082, SUCCESS, logIndex=0, commits[7049f9e8-7de6-4c8c-bf4c-9bb5512f4299:c1483, 13d9ac51-91bf-4c73-8824-2f58fc5b2747:c1479, 15cd3569-c751-4f18-b157-6804e7d0f08c:c1478]
2019-07-10 05:59:40,108 INFO  client.GrpcClientProtocolClient (GrpcClientProtocolClient.java:onNext(255)) - client-535162E20057->7049f9e8-7de6-4c8c-bf4c-9bb5512f4299: receive RaftClientReply:client-535162E20057->7049f9e8-7de6-4c8c-bf4c-9bb5512f4299@group-3B5DE3AEDFC2, cid=1083, SUCCESS, logIndex=1485, commits[7049f9e8-7de6-4c8c-bf4c-9bb5512f4299:c1486, 13d9ac51-91bf-4c73-8824-2f58fc5b2747:c1480, 15cd3569-c751-4f18-b157-6804e7d0f08c:c1484]
2019-07-10 05:59:40,108 INFO  client.GrpcClientProtocolClient (GrpcClientProtocolClient.java:onNext(255)) - client-535162E20057->7049f9e8-7de6-4c8c-bf4c-9bb5512f4299: receive RaftClientReply:client-535162E20057->7049f9e8-7de6-4c8c-bf4c-9bb5512f4299@group-3B5DE3AEDFC2, cid=1084, SUCCESS, logIndex=1486, commits[7049f9e8-7de6-4c8c-bf4c-9bb5512f4299:c1486, 13d9ac51-91bf-4c73-8824-2f58fc5b2747:c1484, 15cd3569-c751-4f18-b157-6804e7d0f08c:c1484]
2019-07-10 05:59:40,121 INFO  client.GrpcClientProtocolClient (GrpcClientProtocolClient.java:onNext(255)) - client-535162E20057->7049f9e8-7de6-4c8c-bf4c-9bb5512f4299: receive RaftClientReply:client-535162E20057->7049f9e8-7de6-4c8c-bf4c-9bb5512f4299@group-3B5DE3AEDFC2, cid=1085, SUCCESS, logIndex=1489, commits[7049f9e8-7de6-4c8c-bf4c-9bb5512f4299:c1489, 13d9ac51-91bf-4c73-8824-2f58fc5b2747:c1486, 15cd3569-c751-4f18-b157-6804e7d0f08c:c1486]
2019-07-10 05:59:40,121 INFO  client.GrpcClientProtocolClient (GrpcClientProtocolClient.java:onNext(255)) - client-535162E20057->7049f9e8-7de6-4c8c-bf4c-9bb5512f4299: receive RaftClientReply:client-535162E20057->7049f9e8-7de6-4c8c-bf4c-9bb5512f4299@group-3B5DE3AEDFC2, cid=1086, SUCCESS, logIndex=1490, commits[7049f9e8-7de6-4c8c-bf4c-9bb5512f4299:c1490, 13d9ac51-91bf-4c73-8824-2f58fc5b2747:c1486, 15cd3569-c751-4f18-b157-6804e7d0f08c:c1486]
2019-07-10 05:59:40,134 INFO  client.GrpcClientProtocolClient (GrpcClientProtocolClient.java:onNext(255)) - client-535162E20057->7049f9e8-7de6-4c8c-bf4c-9bb5512f4299: receive RaftClientReply:client-535162E20057->7049f9e8-7de6-4c8c-bf4c-9bb5512f4299@group-3B5DE3AEDFC2, cid=1087, SUCCESS, logIndex=0, commits[7049f9e8-7de6-4c8c-bf4c-9bb5512f4299:c1492, 13d9ac51-91bf-4c73-8824-2f58fc5b2747:c1490, 15cd3569-c751-4f18-b157-6804e7d0f08c:c1490]
2019-07-10 05:59:40,153 INFO  client.GrpcClientProtocolClient (GrpcClientProtocolClient.java:onNext(255)) - client-535162E20057->7049f9e8-7de6-4c8c-bf4c-9bb5512f4299: receive RaftClientReply:client-535162E20057->7049f9e8-7de6-4c8c-bf4c-9bb5512f4299@group-3B5DE3AEDFC2, cid=1088, SUCCESS, logIndex=1493, commits[7049f9e8-7de6-4c8c-bf4c-9bb5512f4299:c1494, 13d9ac51-91bf-4c73-8824-2f58fc5b2747:c1492, 15cd3569-c751-4f18-b157-6804e7d0f08c:c1492]
2019-07-10 05:59:40,154 INFO  client.GrpcClientProtocolClient (GrpcClientProtocolClient.java:onNext(255)) - client-535162E20057->7049f9e8-7de6-4c8c-bf4c-9bb5512f4299: receive RaftClientReply:client-535162E20057->7049f9e8-7de6-4c8c-bf4c-9bb5512f4299@group-3B5DE3AEDFC2, cid=1089, SUCCESS, logIndex=1494, commits[7049f9e8-7de6-4c8c-bf4c-9bb5512f4299:c1494, 13d9ac51-91bf-4c73-8824-2f58fc5b2747:c1492, 15cd3569-c751-4f18-b157-6804e7d0f08c:c1492]
2019-07-10 05:59:40,154 INFO  client.GrpcClientProtocolClient (GrpcClientProtocolClient.java:onNext(255)) - client-535162E20057->7049f9e8-7de6-4c8c-bf4c-9bb5512f4299: receive RaftClientReply:client-535162E20057->7049f9e8-7de6-4c8c-bf4c-9bb5512f4299@group-3B5DE3AEDFC2, cid=1090, SUCCESS, logIndex=1495, commits[7049f9e8-7de6-4c8c-bf4c-9bb5512f4299:c1496, 13d9ac51-91bf-4c73-8824-2f58fc5b2747:c1492, 15cd3569-c751-4f18-b157-6804e7d0f08c:c1492]
2019-07-10 05:59:40,155 INFO  client.GrpcClientProtocolClient (GrpcClientProtocolClient.java:onNext(255)) - client-535162E20057->7049f9e8-7de6-4c8c-bf4c-9bb5512f4299: receive RaftClientReply:client-535162E20057->7049f9e8-7de6-4c8c-bf4c-9bb5512f4299@group-3B5DE3AEDFC2, cid=1091, SUCCESS, logIndex=1496, commits[7049f9e8-7de6-4c8c-bf4c-9bb5512f4299:c1496, 13d9ac51-91bf-4c73-8824-2f58fc5b2747:c1492, 15cd3569-c751-4f18-b157-6804e7d0f08c:c1492]
2019-07-10 05:59:40,156 INFO  client.GrpcClientProtocolClient (GrpcClientProtocolClient.java:onNext(255)) - client-535162E20057->7049f9e8-7de6-4c8c-bf4c-9bb5512f4299: receive RaftClientReply:client-535162E20057->7049f9e8-7de6-4c8c-bf4c-9bb5512f4299@group-3B5DE3AEDFC2, cid=1092, SUCCESS, logIndex=0, commits[7049f9e8-7de6-4c8c-bf4c-9bb5512f4299:c1498, 13d9ac51-91bf-4c73-8824-2f58fc5b2747:c1494, 15cd3569-c751-4f18-b157-6804e7d0f08c:c1494]
2019-07-10 05:59:40,171 INFO  client.GrpcClientProtocolClient (GrpcClientProtocolClient.java:onNext(255)) - client-535162E20057->7049f9e8-7de6-4c8c-bf4c-9bb5512f4299: receive RaftClientReply:client-535162E20057->7049f9e8-7de6-4c8c-bf4c-9bb5512f4299@group-3B5DE3AEDFC2, cid=1093, SUCCESS, logIndex=1501, commits[7049f9e8-7de6-4c8c-bf4c-9bb5512f4299:c1502, 13d9ac51-91bf-4c73-8824-2f58fc5b2747:c1500, 15cd3569-c751-4f18-b157-6804e7d0f08c:c1500]
 0.00% |█                                                                                                    |  0/1 Time: 0:00:052019-07-10 05:59:40,172 INFO  client.GrpcClientProtocolClient (GrpcClientProtocolClient.java:onNext(255)) - client-535162E20057->7049f9e8-7de6-4c8c-bf4c-9bb5512f4299: receive RaftClientReply:client-535162E20057->7049f9e8-7de6-4c8c-bf4c-9bb5512f4299@group-3B5DE3AEDFC2, cid=1094, SUCCESS, logIndex=1502, commits[7049f9e8-7de6-4c8c-bf4c-9bb5512f4299:c1502, 13d9ac51-91bf-4c73-8824-2f58fc5b2747:c1500, 15cd3569-c751-4f18-b157-6804e7d0f08c:c1500]
2019-07-10 05:59:40,184 INFO  client.GrpcClientProtocolClient (GrpcClientProtocolClient.java:onNext(255)) - client-535162E20057->7049f9e8-7de6-4c8c-bf4c-9bb5512f4299: receive RaftClientReply:client-535162E20057->7049f9e8-7de6-4c8c-bf4c-9bb5512f4299@group-3B5DE3AEDFC2, cid=1095, SUCCESS, logIndex=1505, commits[7049f9e8-7de6-4c8c-bf4c-9bb5512f4299:c1506, 13d9ac51-91bf-4c73-8824-2f58fc5b2747:c1504, 15cd3569-c751-4f18-b157-6804e7d0f08c:c1504]
2019-07-10 05:59:40,185 INFO  client.GrpcClientProtocolClient (GrpcClientProtocolClient.java:onNext(255)) - client-535162E20057->7049f9e8-7de6-4c8c-bf4c-9bb5512f4299: receive RaftClientReply:client-535162E20057->7049f9e8-7de6-4c8c-bf4c-9bb5512f4299@group-3B5DE3AEDFC2, cid=1096, SUCCESS, logIndex=1506, commits[7049f9e8-7de6-4c8c-bf4c-9bb5512f4299:c1506, 13d9ac51-91bf-4c73-8824-2f58fc5b2747:c1504, 15cd3569-c751-4f18-b157-6804e7d0f08c:c1504]
2019-07-10 05:59:40,186 INFO  client.GrpcClientProtocolClient (GrpcClientProtocolClient.java:onNext(255)) - client-535162E20057->7049f9e8-7de6-4c8c-bf4c-9bb5512f4299: receive RaftClientReply:client-535162E20057->7049f9e8-7de6-4c8c-bf4c-9bb5512f4299@group-3B5DE3AEDFC2, cid=1097, SUCCESS, logIndex=0, commits[7049f9e8-7de6-4c8c-bf4c-9bb5512f4299:c1507, 13d9ac51-91bf-4c73-8824-2f58fc5b2747:c1506, 15cd3569-c751-4f18-b157-6804e7d0f08c:c1506]
2019-07-10 05:59:40,198 INFO  client.GrpcClientProtocolClient (GrpcClientProtocolClient.java:onNext(255)) - client-535162E20057->7049f9e8-7de6-4c8c-bf4c-9bb5512f4299: receive RaftClientReply:client-535162E20057->7049f9e8-7de6-4c8c-bf4c-9bb5512f4299@group-3B5DE3AEDFC2, cid=1098, SUCCESS, logIndex=1509, commits[7049f9e8-7de6-4c8c-bf4c-9bb5512f4299:c1510, 13d9ac51-91bf-4c73-8824-2f58fc5b2747:c1508, 15cd3569-c751-4f18-b157-6804e7d0f08c:c1506]
2019-07-10 05:59:40,199 INFO  client.GrpcClientProtocolClient (GrpcClientProtocolClient.java:onNext(255)) - client-535162E20057->7049f9e8-7de6-4c8c-bf4c-9bb5512f4299: receive RaftClientReply:client-535162E20057->7049f9e8-7de6-4c8c-bf4c-9bb5512f4299@group-3B5DE3AEDFC2, cid=1099, SUCCESS, logIndex=1510, commits[7049f9e8-7de6-4c8c-bf4c-9bb5512f4299:c1510, 13d9ac51-91bf-4c73-8824-2f58fc5b2747:c1508, 15cd3569-c751-4f18-b157-6804e7d0f08c:c1506]
2019-07-10 05:59:40,201 INFO  client.GrpcClientProtocolClient (GrpcClientProtocolClient.java:onNext(255)) - client-535162E20057->7049f9e8-7de6-4c8c-bf4c-9bb5512f4299: receive RaftClientReply:client-535162E20057->7049f9e8-7de6-4c8c-bf4c-9bb5512f4299@group-3B5DE3AEDFC2, cid=1100, SUCCESS, logIndex=1511, commits[7049f9e8-7de6-4c8c-bf4c-9bb5512f4299:c1512, 13d9ac51-91bf-4c73-8824-2f58fc5b2747:c1510, 15cd3569-c751-4f18-b157-6804e7d0f08c:c1508]
2019-07-10 05:59:40,201 INFO  client.GrpcClientProtocolClient (GrpcClientProtocolClient.java:onNext(255)) - client-535162E20057->7049f9e8-7de6-4c8c-bf4c-9bb5512f4299: receive RaftClientReply:client-535162E20057->7049f9e8-7de6-4c8c-bf4c-9bb5512f4299@group-3B5DE3AEDFC2, cid=1101, SUCCESS, logIndex=1512, commits[7049f9e8-7de6-4c8c-bf4c-9bb5512f4299:c1514, 13d9ac51-91bf-4c73-8824-2f58fc5b2747:c1510, 15cd3569-c751-4f18-b157-6804e7d0f08c:c1510]
2019-07-10 05:59:40,227 INFO  client.GrpcClientProtocolClient (GrpcClientProtocolClient.java:onNext(255)) - client-535162E20057->7049f9e8-7de6-4c8c-bf4c-9bb5512f4299: receive RaftClientReply:client-535162E20057->7049f9e8-7de6-4c8c-bf4c-9bb5512f4299@group-3B5DE3AEDFC2, cid=1102, SUCCESS, logIndex=1517, commits[7049f9e8-7de6-4c8c-bf4c-9bb5512f4299:c1518, 13d9ac51-91bf-4c73-8824-2f58fc5b2747:c1516, 15cd3569-c751-4f18-b157-6804e7d0f08c:c1516]
2019-07-10 05:59:40,228 INFO  client.GrpcClientProtocolClient (GrpcClientProtocolClient.java:onNext(255)) - client-535162E20057->7049f9e8-7de6-4c8c-bf4c-9bb5512f4299: receive RaftClientReply:client-535162E20057->7049f9e8-7de6-4c8c-bf4c-9bb5512f4299@group-3B5DE3AEDFC2, cid=1103, SUCCESS, logIndex=1518, commits[7049f9e8-7de6-4c8c-bf4c-9bb5512f4299:c1518, 13d9ac51-91bf-4c73-8824-2f58fc5b2747:c1516, 15cd3569-c751-4f18-b157-6804e7d0f08c:c1516]
2019-07-10 05:59:40,241 INFO  client.GrpcClientProtocolClient (GrpcClientProtocolClient.java:onNext(255)) - client-535162E20057->7049f9e8-7de6-4c8c-bf4c-9bb5512f4299: receive RaftClientReply:client-535162E20057->7049f9e8-7de6-4c8c-bf4c-9bb5512f4299@group-3B5DE3AEDFC2, cid=1104, SUCCESS, logIndex=1521, commits[7049f9e8-7de6-4c8c-bf4c-9bb5512f4299:c1521, 13d9ac51-91bf-4c73-8824-2f58fc5b2747:c1518, 15cd3569-c751-4f18-b157-6804e7d0f08c:c1518]
2019-07-10 05:59:40,241 INFO  client.GrpcClientProtocolClient (GrpcClientProtocolClient.java:onNext(255)) - client-535162E20057->7049f9e8-7de6-4c8c-bf4c-9bb5512f4299: receive RaftClientReply:client-535162E20057->7049f9e8-7de6-4c8c-bf4c-9bb5512f4299@group-3B5DE3AEDFC2, cid=1105, SUCCESS, logIndex=1522, commits[7049f9e8-7de6-4c8c-bf4c-9bb5512f4299:c1522, 13d9ac51-91bf-4c73-8824-2f58fc5b2747:c1518, 15cd3569-c751-4f18-b157-6804e7d0f08c:c1518]
2019-07-10 05:59:40,254 INFO  client.GrpcClientProtocolClient (GrpcClientProtocolClient.java:onNext(255)) - client-535162E20057->7049f9e8-7de6-4c8c-bf4c-9bb5512f4299: receive RaftClientReply:client-535162E20057->7049f9e8-7de6-4c8c-bf4c-9bb5512f4299@group-3B5DE3AEDFC2, cid=1106, SUCCESS, logIndex=0, commits[7049f9e8-7de6-4c8c-bf4c-9bb5512f4299:c1524, 13d9ac51-91bf-4c73-8824-2f58fc5b2747:c1522, 15cd3569-c751-4f18-b157-6804e7d0f08c:c1522]
2019-07-10 05:59:40,272 INFO  client.GrpcClientProtocolClient (GrpcClientProtocolClient.java:onNext(255)) - client-535162E20057->7049f9e8-7de6-4c8c-bf4c-9bb5512f4299: receive RaftClientReply:client-535162E20057->7049f9e8-7de6-4c8c-bf4c-9bb5512f4299@group-3B5DE3AEDFC2, cid=1107, SUCCESS, logIndex=1525, commits[7049f9e8-7de6-4c8c-bf4c-9bb5512f4299:c1526, 13d9ac51-91bf-4c73-8824-2f58fc5b2747:c1524, 15cd3569-c751-4f18-b157-6804e7d0f08c:c1524]
2019-07-10 05:59:40,273 INFO  client.GrpcClientProtocolClient (GrpcClientProtocolClient.java:onNext(255)) - client-535162E20057->7049f9e8-7de6-4c8c-bf4c-9bb5512f4299: receive RaftClientReply:client-535162E20057->7049f9e8-7de6-4c8c-bf4c-9bb5512f4299@group-3B5DE3AEDFC2, cid=1108, SUCCESS, logIndex=1526, commits[7049f9e8-7de6-4c8c-bf4c-9bb5512f4299:c1528, 13d9ac51-91bf-4c73-8824-2f58fc5b2747:c1524, 15cd3569-c751-4f18-b157-6804e7d0f08c:c1524]
2019-07-10 05:59:40,273 INFO  client.GrpcClientProtocolClient (GrpcClientProtocolClient.java:onNext(255)) - client-535162E20057->7049f9e8-7de6-4c8c-bf4c-9bb5512f4299: receive RaftClientReply:client-535162E20057->7049f9e8-7de6-4c8c-bf4c-9bb5512f4299@group-3B5DE3AEDFC2, cid=1109, SUCCESS, logIndex=1527, commits[7049f9e8-7de6-4c8c-bf4c-9bb5512f4299:c1528, 13d9ac51-91bf-4c73-8824-2f58fc5b2747:c1524, 15cd3569-c751-4f18-b157-6804e7d0f08c:c1524]
2019-07-10 05:59:40,273 INFO  client.GrpcClientProtocolClient (GrpcClientProtocolClient.java:onNext(255)) - client-535162E20057->7049f9e8-7de6-4c8c-bf4c-9bb5512f4299: receive RaftClientReply:client-535162E20057->7049f9e8-7de6-4c8c-bf4c-9bb5512f4299@group-3B5DE3AEDFC2, cid=1110, SUCCESS, logIndex=1528, commits[7049f9e8-7de6-4c8c-bf4c-9bb5512f4299:c1528, 13d9ac51-91bf-4c73-8824-2f58fc5b2747:c1524, 15cd3569-c751-4f18-b157-6804e7d0f08c:c1524]
2019-07-10 05:59:40,285 INFO  client.GrpcClientProtocolClient (GrpcClientProtocolClient.java:onNext(255)) - client-535162E20057->7049f9e8-7de6-4c8c-bf4c-9bb5512f4299: receive RaftClientReply:client-535162E20057->7049f9e8-7de6-4c8c-bf4c-9bb5512f4299@group-3B5DE3AEDFC2, cid=1111, SUCCESS, logIndex=0, commits[7049f9e8-7de6-4c8c-bf4c-9bb5512f4299:c1532, 13d9ac51-91bf-4c73-8824-2f58fc5b2747:c1526, 15cd3569-c751-4f18-b157-6804e7d0f08c:c1528]
2019-07-10 05:59:40,305 INFO  client.GrpcClientProtocolClient (GrpcClientProtocolClient.java:onNext(255)) - client-535162E20057->7049f9e8-7de6-4c8c-bf4c-9bb5512f4299: receive RaftClientReply:client-535162E20057->7049f9e8-7de6-4c8c-bf4c-9bb5512f4299@group-3B5DE3AEDFC2, cid=1112, SUCCESS, logIndex=1533, commits[7049f9e8-7de6-4c8c-bf4c-9bb5512f4299:c1534, 13d9ac51-91bf-4c73-8824-2f58fc5b2747:c1532, 15cd3569-c751-4f18-b157-6804e7d0f08c:c1532]
2019-07-10 05:59:40,305 INFO  client.GrpcClientProtocolClient (GrpcClientProtocolClient.java:onNext(255)) - client-535162E20057->7049f9e8-7de6-4c8c-bf4c-9bb5512f4299: receive RaftClientReply:client-535162E20057->7049f9e8-7de6-4c8c-bf4c-9bb5512f4299@group-3B5DE3AEDFC2, cid=1113, SUCCESS, logIndex=1534, commits[7049f9e8-7de6-4c8c-bf4c-9bb5512f4299:c1534, 13d9ac51-91bf-4c73-8824-2f58fc5b2747:c1532, 15cd3569-c751-4f18-b157-6804e7d0f08c:c1532]
2019-07-10 05:59:40,317 INFO  client.GrpcClientProtocolClient (GrpcClientProtocolClient.java:onNext(255)) - client-535162E20057->7049f9e8-7de6-4c8c-bf4c-9bb5512f4299: receive RaftClientReply:client-535162E20057->7049f9e8-7de6-4c8c-bf4c-9bb5512f4299@group-3B5DE3AEDFC2, cid=1114, SUCCESS, logIndex=1537, commits[7049f9e8-7de6-4c8c-bf4c-9bb5512f4299:c1538, 13d9ac51-91bf-4c73-8824-2f58fc5b2747:c1534, 15cd3569-c751-4f18-b157-6804e7d0f08c:c1534]
2019-07-10 05:59:40,318 INFO  client.GrpcClientProtocolClient (GrpcClientProtocolClient.java:onNext(255)) - client-535162E20057->7049f9e8-7de6-4c8c-bf4c-9bb5512f4299: receive RaftClientReply:client-535162E20057->7049f9e8-7de6-4c8c-bf4c-9bb5512f4299@group-3B5DE3AEDFC2, cid=1115, SUCCESS, logIndex=1538, commits[7049f9e8-7de6-4c8c-bf4c-9bb5512f4299:c1538, 13d9ac51-91bf-4c73-8824-2f58fc5b2747:c1534, 15cd3569-c751-4f18-b157-6804e7d0f08c:c1534]
2019-07-10 05:59:40,331 INFO  client.GrpcClientProtocolClient (GrpcClientProtocolClient.java:onNext(255)) - client-535162E20057->7049f9e8-7de6-4c8c-bf4c-9bb5512f4299: receive RaftClientReply:client-535162E20057->7049f9e8-7de6-4c8c-bf4c-9bb5512f4299@group-3B5DE3AEDFC2, cid=1116, SUCCESS, logIndex=0, commits[7049f9e8-7de6-4c8c-bf4c-9bb5512f4299:c1540, 13d9ac51-91bf-4c73-8824-2f58fc5b2747:c1538, 15cd3569-c751-4f18-b157-6804e7d0f08c:c1538]
2019-07-10 05:59:40,350 INFO  client.GrpcClientProtocolClient (GrpcClientProtocolClient.java:onNext(255)) - client-535162E20057->7049f9e8-7de6-4c8c-bf4c-9bb5512f4299: receive RaftClientReply:client-535162E20057->7049f9e8-7de6-4c8c-bf4c-9bb5512f4299@group-3B5DE3AEDFC2, cid=1117, SUCCESS, logIndex=1541, commits[7049f9e8-7de6-4c8c-bf4c-9bb5512f4299:c1542, 13d9ac51-91bf-4c73-8824-2f58fc5b2747:c1540, 15cd3569-c751-4f18-b157-6804e7d0f08c:c1540]
2019-07-10 05:59:40,351 INFO  client.GrpcClientProtocolClient (GrpcClientProtocolClient.java:onNext(255)) - client-535162E20057->7049f9e8-7de6-4c8c-bf4c-9bb5512f4299: receive RaftClientReply:client-535162E20057->7049f9e8-7de6-4c8c-bf4c-9bb5512f4299@group-3B5DE3AEDFC2, cid=1118, SUCCESS, logIndex=1542, commits[7049f9e8-7de6-4c8c-bf4c-9bb5512f4299:c1542, 13d9ac51-91bf-4c73-8824-2f58fc5b2747:c1540, 15cd3569-c751-4f18-b157-6804e7d0f08c:c1540]
2019-07-10 05:59:40,351 INFO  client.GrpcClientProtocolClient (GrpcClientProtocolClient.java:onNext(255)) - client-535162E20057->7049f9e8-7de6-4c8c-bf4c-9bb5512f4299: receive RaftClientReply:client-535162E20057->7049f9e8-7de6-4c8c-bf4c-9bb5512f4299@group-3B5DE3AEDFC2, cid=1119, SUCCESS, logIndex=1543, commits[7049f9e8-7de6-4c8c-bf4c-9bb5512f4299:c1544, 13d9ac51-91bf-4c73-8824-2f58fc5b2747:c1540, 15cd3569-c751-4f18-b157-6804e7d0f08c:c1540]
2019-07-10 05:59:40,352 INFO  client.GrpcClientProtocolClient (GrpcClientProtocolClient.java:onNext(255)) - client-535162E20057->7049f9e8-7de6-4c8c-bf4c-9bb5512f4299: receive RaftClientReply:client-535162E20057->7049f9e8-7de6-4c8c-bf4c-9bb5512f4299@group-3B5DE3AEDFC2, cid=1120, SUCCESS, logIndex=1544, commits[7049f9e8-7de6-4c8c-bf4c-9bb5512f4299:c1544, 13d9ac51-91bf-4c73-8824-2f58fc5b2747:c1540, 15cd3569-c751-4f18-b157-6804e7d0f08c:c1540]
2019-07-10 05:59:40,353 INFO  client.GrpcClientProtocolClient (GrpcClientProtocolClient.java:onNext(255)) - client-535162E20057->7049f9e8-7de6-4c8c-bf4c-9bb5512f4299: receive RaftClientReply:client-535162E20057->7049f9e8-7de6-4c8c-bf4c-9bb5512f4299@group-3B5DE3AEDFC2, cid=1121, SUCCESS, logIndex=0, commits[7049f9e8-7de6-4c8c-bf4c-9bb5512f4299:c1546, 13d9ac51-91bf-4c73-8824-2f58fc5b2747:c1542, 15cd3569-c751-4f18-b157-6804e7d0f08c:c1542]
2019-07-10 05:59:40,371 INFO  client.GrpcClientProtocolClient (GrpcClientProtocolClient.java:onNext(255)) - client-535162E20057->7049f9e8-7de6-4c8c-bf4c-9bb5512f4299: receive RaftClientReply:client-535162E20057->7049f9e8-7de6-4c8c-bf4c-9bb5512f4299@group-3B5DE3AEDFC2, cid=1122, SUCCESS, logIndex=1549, commits[7049f9e8-7de6-4c8c-bf4c-9bb5512f4299:c1550, 13d9ac51-91bf-4c73-8824-2f58fc5b2747:c1548, 15cd3569-c751-4f18-b157-6804e7d0f08c:c1548]
2019-07-10 05:59:40,371 INFO  client.GrpcClientProtocolClient (GrpcClientProtocolClient.java:onNext(255)) - client-535162E20057->7049f9e8-7de6-4c8c-bf4c-9bb5512f4299: receive RaftClientReply:client-535162E20057->7049f9e8-7de6-4c8c-bf4c-9bb5512f4299@group-3B5DE3AEDFC2, cid=1123, SUCCESS, logIndex=1550, commits[7049f9e8-7de6-4c8c-bf4c-9bb5512f4299:c1550, 13d9ac51-91bf-4c73-8824-2f58fc5b2747:c1548, 15cd3569-c751-4f18-b157-6804e7d0f08c:c1548]
2019-07-10 05:59:40,495 INFO  client.GrpcClientProtocolClient (GrpcClientProtocolClient.java:onNext(255)) - client-535162E20057->7049f9e8-7de6-4c8c-bf4c-9bb5512f4299: receive RaftClientReply:client-535162E20057->7049f9e8-7de6-4c8c-bf4c-9bb5512f4299@group-3B5DE3AEDFC2, cid=1124, SUCCESS, logIndex=1553, commits[7049f9e8-7de6-4c8c-bf4c-9bb5512f4299:c1554, 13d9ac51-91bf-4c73-8824-2f58fc5b2747:c1550, 15cd3569-c751-4f18-b157-6804e7d0f08c:c1550]
2019-07-10 05:59:40,495 INFO  client.GrpcClientProtocolClient (GrpcClientProtocolClient.java:onNext(255)) - client-535162E20057->7049f9e8-7de6-4c8c-bf4c-9bb5512f4299: receive RaftClientReply:client-535162E20057->7049f9e8-7de6-4c8c-bf4c-9bb5512f4299@group-3B5DE3AEDFC2, cid=1125, SUCCESS, logIndex=1554, commits[7049f9e8-7de6-4c8c-bf4c-9bb5512f4299:c1554, 13d9ac51-91bf-4c73-8824-2f58fc5b2747:c1550, 15cd3569-c751-4f18-b157-6804e7d0f08c:c1550]
2019-07-10 05:59:40,508 INFO  client.GrpcClientProtocolClient (GrpcClientProtocolClient.java:onNext(255)) - client-535162E20057->7049f9e8-7de6-4c8c-bf4c-9bb5512f4299: receive RaftClientReply:client-535162E20057->7049f9e8-7de6-4c8c-bf4c-9bb5512f4299@group-3B5DE3AEDFC2, cid=1126, SUCCESS, logIndex=0, commits[7049f9e8-7de6-4c8c-bf4c-9bb5512f4299:c1556, 13d9ac51-91bf-4c73-8824-2f58fc5b2747:c1554, 15cd3569-c751-4f18-b157-6804e7d0f08c:c1554]
2019-07-10 05:59:40,529 INFO  client.GrpcClientProtocolClient (GrpcClientProtocolClient.java:onNext(255)) - client-535162E20057->7049f9e8-7de6-4c8c-bf4c-9bb5512f4299: receive RaftClientReply:client-535162E20057->7049f9e8-7de6-4c8c-bf4c-9bb5512f4299@group-3B5DE3AEDFC2, cid=1127, SUCCESS, logIndex=1557, commits[7049f9e8-7de6-4c8c-bf4c-9bb5512f4299:c1559, 13d9ac51-91bf-4c73-8824-2f58fc5b2747:c1556, 15cd3569-c751-4f18-b157-6804e7d0f08c:c1556]
2019-07-10 05:59:40,530 INFO  client.GrpcClientProtocolClient (GrpcClientProtocolClient.java:onNext(255)) - client-535162E20057->7049f9e8-7de6-4c8c-bf4c-9bb5512f4299: receive RaftClientReply:client-535162E20057->7049f9e8-7de6-4c8c-bf4c-9bb5512f4299@group-3B5DE3AEDFC2, cid=1128, SUCCESS, logIndex=1558, commits[7049f9e8-7de6-4c8c-bf4c-9bb5512f4299:c1560, 13d9ac51-91bf-4c73-8824-2f58fc5b2747:c1556, 15cd3569-c751-4f18-b157-6804e7d0f08c:c1556]
2019-07-10 05:59:40,530 INFO  client.GrpcClientProtocolClient (GrpcClientProtocolClient.java:onNext(255)) - client-535162E20057->7049f9e8-7de6-4c8c-bf4c-9bb5512f4299: receive RaftClientReply:client-535162E20057->7049f9e8-7de6-4c8c-bf4c-9bb5512f4299@group-3B5DE3AEDFC2, cid=1129, SUCCESS, logIndex=1559, commits[7049f9e8-7de6-4c8c-bf4c-9bb5512f4299:c1561, 13d9ac51-91bf-4c73-8824-2f58fc5b2747:c1557, 15cd3569-c751-4f18-b157-6804e7d0f08c:c1556]
2019-07-10 05:59:40,531 INFO  client.GrpcClientProtocolClient (GrpcClientProtocolClient.java:onNext(255)) - client-535162E20057->7049f9e8-7de6-4c8c-bf4c-9bb5512f4299: receive RaftClientReply:client-535162E20057->7049f9e8-7de6-4c8c-bf4c-9bb5512f4299@group-3B5DE3AEDFC2, cid=1130, SUCCESS, logIndex=1560, commits[7049f9e8-7de6-4c8c-bf4c-9bb5512f4299:c1561, 13d9ac51-91bf-4c73-8824-2f58fc5b2747:c1557, 15cd3569-c751-4f18-b157-6804e7d0f08c:c1556]
2019-07-10 05:59:40,532 INFO  client.GrpcClientProtocolClient (GrpcClientProtocolClient.java:onNext(255)) - client-535162E20057->7049f9e8-7de6-4c8c-bf4c-9bb5512f4299: receive RaftClientReply:client-535162E20057->7049f9e8-7de6-4c8c-bf4c-9bb5512f4299@group-3B5DE3AEDFC2, cid=1131, SUCCESS, logIndex=0, commits[7049f9e8-7de6-4c8c-bf4c-9bb5512f4299:c1564, 13d9ac51-91bf-4c73-8824-2f58fc5b2747:c1560, 15cd3569-c751-4f18-b157-6804e7d0f08c:c1560]
2019-07-10 05:59:40,551 INFO  client.GrpcClientProtocolClient (GrpcClientProtocolClient.java:onNext(255)) - client-535162E20057->7049f9e8-7de6-4c8c-bf4c-9bb5512f4299: receive RaftClientReply:client-535162E20057->7049f9e8-7de6-4c8c-bf4c-9bb5512f4299@group-3B5DE3AEDFC2, cid=1132, SUCCESS, logIndex=1565, commits[7049f9e8-7de6-4c8c-bf4c-9bb5512f4299:c1566, 13d9ac51-91bf-4c73-8824-2f58fc5b2747:c1564, 15cd3569-c751-4f18-b157-6804e7d0f08c:c1564]
2019-07-10 05:59:40,552 INFO  client.GrpcClientProtocolClient (GrpcClientProtocolClient.java:onNext(255)) - client-535162E20057->7049f9e8-7de6-4c8c-bf4c-9bb5512f4299: receive RaftClientReply:client-535162E20057->7049f9e8-7de6-4c8c-bf4c-9bb5512f4299@group-3B5DE3AEDFC2, cid=1133, SUCCESS, logIndex=1566, commits[7049f9e8-7de6-4c8c-bf4c-9bb5512f4299:c1566, 13d9ac51-91bf-4c73-8824-2f58fc5b2747:c1564, 15cd3569-c751-4f18-b157-6804e7d0f08c:c1564]
2019-07-10 05:59:40,564 INFO  client.GrpcClientProtocolClient (GrpcClientProtocolClient.java:onNext(255)) - client-535162E20057->7049f9e8-7de6-4c8c-bf4c-9bb5512f4299: receive RaftClientReply:client-535162E20057->7049f9e8-7de6-4c8c-bf4c-9bb5512f4299@group-3B5DE3AEDFC2, cid=1134, SUCCESS, logIndex=1569, commits[7049f9e8-7de6-4c8c-bf4c-9bb5512f4299:c1569, 13d9ac51-91bf-4c73-8824-2f58fc5b2747:c1566, 15cd3569-c751-4f18-b157-6804e7d0f08c:c1566]
2019-07-10 05:59:40,565 INFO  client.GrpcClientProtocolClient (GrpcClientProtocolClient.java:onNext(255)) - client-535162E20057->7049f9e8-7de6-4c8c-bf4c-9bb5512f4299: receive RaftClientReply:client-535162E20057->7049f9e8-7de6-4c8c-bf4c-9bb5512f4299@group-3B5DE3AEDFC2, cid=1135, SUCCESS, logIndex=1570, commits[7049f9e8-7de6-4c8c-bf4c-9bb5512f4299:c1570, 13d9ac51-91bf-4c73-8824-2f58fc5b2747:c1566, 15cd3569-c751-4f18-b157-6804e7d0f08c:c1566]
2019-07-10 05:59:40,578 INFO  client.GrpcClientProtocolClient (GrpcClientProtocolClient.java:onNext(255)) - client-535162E20057->7049f9e8-7de6-4c8c-bf4c-9bb5512f4299: receive RaftClientReply:client-535162E20057->7049f9e8-7de6-4c8c-bf4c-9bb5512f4299@group-3B5DE3AEDFC2, cid=1136, SUCCESS, logIndex=0, commits[7049f9e8-7de6-4c8c-bf4c-9bb5512f4299:c1572, 13d9ac51-91bf-4c73-8824-2f58fc5b2747:c1570, 15cd3569-c751-4f18-b157-6804e7d0f08c:c1570]
2019-07-10 05:59:40,598 INFO  client.GrpcClientProtocolClient (GrpcClientProtocolClient.java:onNext(255)) - client-535162E20057->7049f9e8-7de6-4c8c-bf4c-9bb5512f4299: receive RaftClientReply:client-535162E20057->7049f9e8-7de6-4c8c-bf4c-9bb5512f4299@group-3B5DE3AEDFC2, cid=1137, SUCCESS, logIndex=1573, commits[7049f9e8-7de6-4c8c-bf4c-9bb5512f4299:c1574, 13d9ac51-91bf-4c73-8824-2f58fc5b2747:c1572, 15cd3569-c751-4f18-b157-6804e7d0f08c:c1572]
2019-07-10 05:59:40,599 INFO  client.GrpcClientProtocolClient (GrpcClientProtocolClient.java:onNext(255)) - client-535162E20057->7049f9e8-7de6-4c8c-bf4c-9bb5512f4299: receive RaftClientReply:client-535162E20057->7049f9e8-7de6-4c8c-bf4c-9bb5512f4299@group-3B5DE3AEDFC2, cid=1138, SUCCESS, logIndex=1574, commits[7049f9e8-7de6-4c8c-bf4c-9bb5512f4299:c1574, 13d9ac51-91bf-4c73-8824-2f58fc5b2747:c1572, 15cd3569-c751-4f18-b157-6804e7d0f08c:c1572]
2019-07-10 05:59:40,600 INFO  client.GrpcClientProtocolClient (GrpcClientProtocolClient.java:onNext(255)) - client-535162E20057->7049f9e8-7de6-4c8c-bf4c-9bb5512f4299: receive RaftClientReply:client-535162E20057->7049f9e8-7de6-4c8c-bf4c-9bb5512f4299@group-3B5DE3AEDFC2, cid=1139, SUCCESS, logIndex=1575, commits[7049f9e8-7de6-4c8c-bf4c-9bb5512f4299:c1576, 13d9ac51-91bf-4c73-8824-2f58fc5b2747:c1572, 15cd3569-c751-4f18-b157-6804e7d0f08c:c1572]
2019-07-10 05:59:40,600 INFO  client.GrpcClientProtocolClient (GrpcClientProtocolClient.java:onNext(255)) - client-535162E20057->7049f9e8-7de6-4c8c-bf4c-9bb5512f4299: receive RaftClientReply:client-535162E20057->7049f9e8-7de6-4c8c-bf4c-9bb5512f4299@group-3B5DE3AEDFC2, cid=1140, SUCCESS, logIndex=1576, commits[7049f9e8-7de6-4c8c-bf4c-9bb5512f4299:c1576, 13d9ac51-91bf-4c73-8824-2f58fc5b2747:c1572, 15cd3569-c751-4f18-b157-6804e7d0f08c:c1572]
2019-07-10 05:59:40,602 INFO  client.GrpcClientProtocolClient (GrpcClientProtocolClient.java:onNext(255)) - client-535162E20057->7049f9e8-7de6-4c8c-bf4c-9bb5512f4299: receive RaftClientReply:client-535162E20057->7049f9e8-7de6-4c8c-bf4c-9bb5512f4299@group-3B5DE3AEDFC2, cid=1141, SUCCESS, logIndex=0, commits[7049f9e8-7de6-4c8c-bf4c-9bb5512f4299:c1578, 13d9ac51-91bf-4c73-8824-2f58fc5b2747:c1574, 15cd3569-c751-4f18-b157-6804e7d0f08c:c1574]
2019-07-10 05:59:40,623 INFO  client.GrpcClientProtocolClient (GrpcClientProtocolClient.java:onNext(255)) - client-535162E20057->7049f9e8-7de6-4c8c-bf4c-9bb5512f4299: receive RaftClientReply:client-535162E20057->7049f9e8-7de6-4c8c-bf4c-9bb5512f4299@group-3B5DE3AEDFC2, cid=1142, SUCCESS, logIndex=1581, commits[7049f9e8-7de6-4c8c-bf4c-9bb5512f4299:c1582, 13d9ac51-91bf-4c73-8824-2f58fc5b2747:c1580, 15cd3569-c751-4f18-b157-6804e7d0f08c:c1580]
2019-07-10 05:59:40,624 INFO  client.GrpcClientProtocolClient (GrpcClientProtocolClient.java:onNext(255)) - client-535162E20057->7049f9e8-7de6-4c8c-bf4c-9bb5512f4299: receive RaftClientReply:client-535162E20057->7049f9e8-7de6-4c8c-bf4c-9bb5512f4299@group-3B5DE3AEDFC2, cid=1143, SUCCESS, logIndex=1582, commits[7049f9e8-7de6-4c8c-bf4c-9bb5512f4299:c1582, 13d9ac51-91bf-4c73-8824-2f58fc5b2747:c1580, 15cd3569-c751-4f18-b157-6804e7d0f08c:c1580]
2019-07-10 05:59:40,636 INFO  client.GrpcClientProtocolClient (GrpcClientProtocolClient.java:onNext(255)) - client-535162E20057->7049f9e8-7de6-4c8c-bf4c-9bb5512f4299: receive RaftClientReply:client-535162E20057->7049f9e8-7de6-4c8c-bf4c-9bb5512f4299@group-3B5DE3AEDFC2, cid=1144, SUCCESS, logIndex=1585, commits[7049f9e8-7de6-4c8c-bf4c-9bb5512f4299:c1586, 13d9ac51-91bf-4c73-8824-2f58fc5b2747:c1582, 15cd3569-c751-4f18-b157-6804e7d0f08c:c1582]
2019-07-10 05:59:40,637 INFO  client.GrpcClientProtocolClient (GrpcClientProtocolClient.java:onNext(255)) - client-535162E20057->7049f9e8-7de6-4c8c-bf4c-9bb5512f4299: receive RaftClientReply:client-535162E20057->7049f9e8-7de6-4c8c-bf4c-9bb5512f4299@group-3B5DE3AEDFC2, cid=1145, SUCCESS, logIndex=1586, commits[7049f9e8-7de6-4c8c-bf4c-9bb5512f4299:c1586, 13d9ac51-91bf-4c73-8824-2f58fc5b2747:c1582, 15cd3569-c751-4f18-b157-6804e7d0f08c:c1582]
2019-07-10 05:59:40,649 INFO  client.GrpcClientProtocolClient (GrpcClientProtocolClient.java:onNext(255)) - client-535162E20057->7049f9e8-7de6-4c8c-bf4c-9bb5512f4299: receive RaftClientReply:client-535162E20057->7049f9e8-7de6-4c8c-bf4c-9bb5512f4299@group-3B5DE3AEDFC2, cid=1146, SUCCESS, logIndex=0, commits[7049f9e8-7de6-4c8c-bf4c-9bb5512f4299:c1588, 13d9ac51-91bf-4c73-8824-2f58fc5b2747:c1586, 15cd3569-c751-4f18-b157-6804e7d0f08c:c1586]
2019-07-10 05:59:40,669 INFO  client.GrpcClientProtocolClient (GrpcClientProtocolClient.java:onNext(255)) - client-535162E20057->7049f9e8-7de6-4c8c-bf4c-9bb5512f4299: receive RaftClientReply:client-535162E20057->7049f9e8-7de6-4c8c-bf4c-9bb5512f4299@group-3B5DE3AEDFC2, cid=1147, SUCCESS, logIndex=1589, commits[7049f9e8-7de6-4c8c-bf4c-9bb5512f4299:c1590, 13d9ac51-91bf-4c73-8824-2f58fc5b2747:c1588, 15cd3569-c751-4f18-b157-6804e7d0f08c:c1588]
2019-07-10 05:59:40,669 INFO  client.GrpcClientProtocolClient (GrpcClientProtocolClient.java:onNext(255)) - client-535162E20057->7049f9e8-7de6-4c8c-bf4c-9bb5512f4299: receive RaftClientReply:client-535162E20057->7049f9e8-7de6-4c8c-bf4c-9bb5512f4299@group-3B5DE3AEDFC2, cid=1148, SUCCESS, logIndex=1590, commits[7049f9e8-7de6-4c8c-bf4c-9bb5512f4299:c1591, 13d9ac51-91bf-4c73-8824-2f58fc5b2747:c1588, 15cd3569-c751-4f18-b157-6804e7d0f08c:c1588]
2019-07-10 05:59:40,670 INFO  client.GrpcClientProtocolClient (GrpcClientProtocolClient.java:onNext(255)) - client-535162E20057->7049f9e8-7de6-4c8c-bf4c-9bb5512f4299: receive RaftClientReply:client-535162E20057->7049f9e8-7de6-4c8c-bf4c-9bb5512f4299@group-3B5DE3AEDFC2, cid=1149, SUCCESS, logIndex=1591, commits[7049f9e8-7de6-4c8c-bf4c-9bb5512f4299:c1592, 13d9ac51-91bf-4c73-8824-2f58fc5b2747:c1588, 15cd3569-c751-4f18-b157-6804e7d0f08c:c1588]
2019-07-10 05:59:40,670 INFO  client.GrpcClientProtocolClient (GrpcClientProtocolClient.java:onNext(255)) - client-535162E20057->7049f9e8-7de6-4c8c-bf4c-9bb5512f4299: receive RaftClientReply:client-535162E20057->7049f9e8-7de6-4c8c-bf4c-9bb5512f4299@group-3B5DE3AEDFC2, cid=1150, SUCCESS, logIndex=1592, commits[7049f9e8-7de6-4c8c-bf4c-9bb5512f4299:c1592, 13d9ac51-91bf-4c73-8824-2f58fc5b2747:c1588, 15cd3569-c751-4f18-b157-6804e7d0f08c:c1588]
2019-07-10 05:59:40,671 INFO  client.GrpcClientProtocolClient (GrpcClientProtocolClient.java:onNext(255)) - client-535162E20057->7049f9e8-7de6-4c8c-bf4c-9bb5512f4299: receive RaftClientReply:client-535162E20057->7049f9e8-7de6-4c8c-bf4c-9bb5512f4299@group-3B5DE3AEDFC2, cid=1151, SUCCESS, logIndex=0, commits[7049f9e8-7de6-4c8c-bf4c-9bb5512f4299:c1595, 13d9ac51-91bf-4c73-8824-2f58fc5b2747:c1591, 15cd3569-c751-4f18-b157-6804e7d0f08c:c1590]
2019-07-10 05:59:40,683 INFO  client.GrpcClientProtocolClient (GrpcClientProtocolClient.java:onNext(255)) - client-535162E20057->7049f9e8-7de6-4c8c-bf4c-9bb5512f4299: receive RaftClientReply:client-535162E20057->7049f9e8-7de6-4c8c-bf4c-9bb5512f4299@group-3B5DE3AEDFC2, cid=1152, SUCCESS, logIndex=1597, commits[7049f9e8-7de6-4c8c-bf4c-9bb5512f4299:c1598, 13d9ac51-91bf-4c73-8824-2f58fc5b2747:c1592, 15cd3569-c751-4f18-b157-6804e7d0f08c:c1596]
2019-07-10 05:59:40,684 INFO  client.GrpcClientProtocolClient (GrpcClientProtocolClient.java:onNext(255)) - client-535162E20057->7049f9e8-7de6-4c8c-bf4c-9bb5512f4299: receive RaftClientReply:client-535162E20057->7049f9e8-7de6-4c8c-bf4c-9bb5512f4299@group-3B5DE3AEDFC2, cid=1153, SUCCESS, logIndex=1598, commits[7049f9e8-7de6-4c8c-bf4c-9bb5512f4299:c1598, 13d9ac51-91bf-4c73-8824-2f58fc5b2747:c1596, 15cd3569-c751-4f18-b157-6804e7d0f08c:c1596]
2019-07-10 05:59:40,701 INFO  client.GrpcClientProtocolClient (GrpcClientProtocolClient.java:onNext(255)) - client-535162E20057->7049f9e8-7de6-4c8c-bf4c-9bb5512f4299: receive RaftClientReply:client-535162E20057->7049f9e8-7de6-4c8c-bf4c-9bb5512f4299@group-3B5DE3AEDFC2, cid=1154, SUCCESS, logIndex=1601, commits[7049f9e8-7de6-4c8c-bf4c-9bb5512f4299:c1602, 13d9ac51-91bf-4c73-8824-2f58fc5b2747:c1600, 15cd3569-c751-4f18-b157-6804e7d0f08c:c1600]
2019-07-10 05:59:40,702 INFO  client.GrpcClientProtocolClient (GrpcClientProtocolClient.java:onNext(255)) - client-535162E20057->7049f9e8-7de6-4c8c-bf4c-9bb5512f4299: receive RaftClientReply:client-535162E20057->7049f9e8-7de6-4c8c-bf4c-9bb5512f4299@group-3B5DE3AEDFC2, cid=1155, SUCCESS, logIndex=1602, commits[7049f9e8-7de6-4c8c-bf4c-9bb5512f4299:c1602, 13d9ac51-91bf-4c73-8824-2f58fc5b2747:c1600, 15cd3569-c751-4f18-b157-6804e7d0f08c:c1600]
2019-07-10 05:59:40,703 INFO  client.GrpcClientProtocolClient (GrpcClientProtocolClient.java:onNext(255)) - client-535162E20057->7049f9e8-7de6-4c8c-bf4c-9bb5512f4299: receive RaftClientReply:client-535162E20057->7049f9e8-7de6-4c8c-bf4c-9bb5512f4299@group-3B5DE3AEDFC2, cid=1156, SUCCESS, logIndex=0, commits[7049f9e8-7de6-4c8c-bf4c-9bb5512f4299:c1603, 13d9ac51-91bf-4c73-8824-2f58fc5b2747:c1602, 15cd3569-c751-4f18-b157-6804e7d0f08c:c1602]
2019-07-10 05:59:40,716 INFO  client.GrpcClientProtocolClient (GrpcClientProtocolClient.java:onNext(255)) - client-535162E20057->7049f9e8-7de6-4c8c-bf4c-9bb5512f4299: receive RaftClientReply:client-535162E20057->7049f9e8-7de6-4c8c-bf4c-9bb5512f4299@group-3B5DE3AEDFC2, cid=1157, SUCCESS, logIndex=1605, commits[7049f9e8-7de6-4c8c-bf4c-9bb5512f4299:c1606, 13d9ac51-91bf-4c73-8824-2f58fc5b2747:c1602, 15cd3569-c751-4f18-b157-6804e7d0f08c:c1604]
2019-07-10 05:59:40,716 INFO  client.GrpcClientProtocolClient (GrpcClientProtocolClient.java:onNext(255)) - client-535162E20057->7049f9e8-7de6-4c8c-bf4c-9bb5512f4299: receive RaftClientReply:client-535162E20057->7049f9e8-7de6-4c8c-bf4c-9bb5512f4299@group-3B5DE3AEDFC2, cid=1158, SUCCESS, logIndex=1606, commits[7049f9e8-7de6-4c8c-bf4c-9bb5512f4299:c1606, 13d9ac51-91bf-4c73-8824-2f58fc5b2747:c1602, 15cd3569-c751-4f18-b157-6804e7d0f08c:c1604]
2019-07-10 05:59:40,719 INFO  client.GrpcClientProtocolClient (GrpcClientProtocolClient.java:onNext(255)) - client-535162E20057->7049f9e8-7de6-4c8c-bf4c-9bb5512f4299: receive RaftClientReply:client-535162E20057->7049f9e8-7de6-4c8c-bf4c-9bb5512f4299@group-3B5DE3AEDFC2, cid=1159, SUCCESS, logIndex=1607, commits[7049f9e8-7de6-4c8c-bf4c-9bb5512f4299:c1607, 13d9ac51-91bf-4c73-8824-2f58fc5b2747:c1604, 15cd3569-c751-4f18-b157-6804e7d0f08c:c1604]
2019-07-10 05:59:40,720 INFO  client.GrpcClientProtocolClient (GrpcClientProtocolClient.java:onNext(255)) - client-535162E20057->7049f9e8-7de6-4c8c-bf4c-9bb5512f4299: receive RaftClientReply:client-535162E20057->7049f9e8-7de6-4c8c-bf4c-9bb5512f4299@group-3B5DE3AEDFC2, cid=1160, SUCCESS, logIndex=1608, commits[7049f9e8-7de6-4c8c-bf4c-9bb5512f4299:c1610, 13d9ac51-91bf-4c73-8824-2f58fc5b2747:c1606, 15cd3569-c751-4f18-b157-6804e7d0f08c:c1606]
2019-07-10 05:59:40,751 INFO  client.GrpcClientProtocolClient (GrpcClientProtocolClient.java:onNext(255)) - client-535162E20057->7049f9e8-7de6-4c8c-bf4c-9bb5512f4299: receive RaftClientReply:client-535162E20057->7049f9e8-7de6-4c8c-bf4c-9bb5512f4299@group-3B5DE3AEDFC2, cid=1161, SUCCESS, logIndex=1612, commits[7049f9e8-7de6-4c8c-bf4c-9bb5512f4299:c1613, 13d9ac51-91bf-4c73-8824-2f58fc5b2747:c1611, 15cd3569-c751-4f18-b157-6804e7d0f08c:c1611]
2019-07-10 05:59:40,751 INFO  client.GrpcClientProtocolClient (GrpcClientProtocolClient.java:onNext(255)) - client-535162E20057->7049f9e8-7de6-4c8c-bf4c-9bb5512f4299: receive RaftClientReply:client-535162E20057->7049f9e8-7de6-4c8c-bf4c-9bb5512f4299@group-3B5DE3AEDFC2, cid=1162, SUCCESS, logIndex=1613, commits[7049f9e8-7de6-4c8c-bf4c-9bb5512f4299:c1613, 13d9ac51-91bf-4c73-8824-2f58fc5b2747:c1611, 15cd3569-c751-4f18-b157-6804e7d0f08c:c1611]
2019-07-10 05:59:40,764 INFO  client.GrpcClientProtocolClient (GrpcClientProtocolClient.java:onNext(255)) - client-535162E20057->7049f9e8-7de6-4c8c-bf4c-9bb5512f4299: receive RaftClientReply:client-535162E20057->7049f9e8-7de6-4c8c-bf4c-9bb5512f4299@group-3B5DE3AEDFC2, cid=1163, SUCCESS, logIndex=1616, commits[7049f9e8-7de6-4c8c-bf4c-9bb5512f4299:c1617, 13d9ac51-91bf-4c73-8824-2f58fc5b2747:c1613, 15cd3569-c751-4f18-b157-6804e7d0f08c:c1613]
2019-07-10 05:59:40,765 INFO  client.GrpcClientProtocolClient (GrpcClientProtocolClient.java:onNext(255)) - client-535162E20057->7049f9e8-7de6-4c8c-bf4c-9bb5512f4299: receive RaftClientReply:client-535162E20057->7049f9e8-7de6-4c8c-bf4c-9bb5512f4299@group-3B5DE3AEDFC2, cid=1164, SUCCESS, logIndex=1617, commits[7049f9e8-7de6-4c8c-bf4c-9bb5512f4299:c1617, 13d9ac51-91bf-4c73-8824-2f58fc5b2747:c1613, 15cd3569-c751-4f18-b157-6804e7d0f08c:c1613]
2019-07-10 05:59:40,799 INFO  client.GrpcClientProtocolClient (GrpcClientProtocolClient.java:onNext(255)) - client-535162E20057->7049f9e8-7de6-4c8c-bf4c-9bb5512f4299: receive RaftClientReply:client-535162E20057->7049f9e8-7de6-4c8c-bf4c-9bb5512f4299@group-3B5DE3AEDFC2, cid=1165, SUCCESS, logIndex=0, commits[7049f9e8-7de6-4c8c-bf4c-9bb5512f4299:c1619, 13d9ac51-91bf-4c73-8824-2f58fc5b2747:c1617, 15cd3569-c751-4f18-b157-6804e7d0f08c:c1617]
2019-07-10 05:59:40,821 INFO  client.GrpcClientProtocolClient (GrpcClientProtocolClient.java:onNext(255)) - client-535162E20057->7049f9e8-7de6-4c8c-bf4c-9bb5512f4299: receive RaftClientReply:client-535162E20057->7049f9e8-7de6-4c8c-bf4c-9bb5512f4299@group-3B5DE3AEDFC2, cid=1166, SUCCESS, logIndex=1620, commits[7049f9e8-7de6-4c8c-bf4c-9bb5512f4299:c1621, 13d9ac51-91bf-4c73-8824-2f58fc5b2747:c1619, 15cd3569-c751-4f18-b157-6804e7d0f08c:c1619]
2019-07-10 05:59:40,822 INFO  client.GrpcClientProtocolClient (GrpcClientProtocolClient.java:onNext(255)) - client-535162E20057->7049f9e8-7de6-4c8c-bf4c-9bb5512f4299: receive RaftClientReply:client-535162E20057->7049f9e8-7de6-4c8c-bf4c-9bb5512f4299@group-3B5DE3AEDFC2, cid=1167, SUCCESS, logIndex=1621, commits[7049f9e8-7de6-4c8c-bf4c-9bb5512f4299:c1621, 13d9ac51-91bf-4c73-8824-2f58fc5b2747:c1619, 15cd3569-c751-4f18-b157-6804e7d0f08c:c1619]
2019-07-10 05:59:40,823 INFO  client.GrpcClientProtocolClient (GrpcClientProtocolClient.java:onNext(255)) - client-535162E20057->7049f9e8-7de6-4c8c-bf4c-9bb5512f4299: receive RaftClientReply:client-535162E20057->7049f9e8-7de6-4c8c-bf4c-9bb5512f4299@group-3B5DE3AEDFC2, cid=1168, SUCCESS, logIndex=1622, commits[7049f9e8-7de6-4c8c-bf4c-9bb5512f4299:c1622, 13d9ac51-91bf-4c73-8824-2f58fc5b2747:c1619, 15cd3569-c751-4f18-b157-6804e7d0f08c:c1619]
2019-07-10 05:59:40,823 INFO  client.GrpcClientProtocolClient (GrpcClientProtocolClient.java:onNext(255)) - client-535162E20057->7049f9e8-7de6-4c8c-bf4c-9bb5512f4299: receive RaftClientReply:client-535162E20057->7049f9e8-7de6-4c8c-bf4c-9bb5512f4299@group-3B5DE3AEDFC2, cid=1169, SUCCESS, logIndex=1623, commits[7049f9e8-7de6-4c8c-bf4c-9bb5512f4299:c1623, 13d9ac51-91bf-4c73-8824-2f58fc5b2747:c1619, 15cd3569-c751-4f18-b157-6804e7d0f08c:c1619]
2019-07-10 05:59:40,824 INFO  client.GrpcClientProtocolClient (GrpcClientProtocolClient.java:onNext(255)) - client-535162E20057->7049f9e8-7de6-4c8c-bf4c-9bb5512f4299: receive RaftClientReply:client-535162E20057->7049f9e8-7de6-4c8c-bf4c-9bb5512f4299@group-3B5DE3AEDFC2, cid=1170, SUCCESS, logIndex=0, commits[7049f9e8-7de6-4c8c-bf4c-9bb5512f4299:c1625, 13d9ac51-91bf-4c73-8824-2f58fc5b2747:c1622, 15cd3569-c751-4f18-b157-6804e7d0f08c:c1621]
2019-07-10 05:59:40,845 INFO  client.GrpcClientProtocolClient (GrpcClientProtocolClient.java:onNext(255)) - client-535162E20057->7049f9e8-7de6-4c8c-bf4c-9bb5512f4299: receive RaftClientReply:client-535162E20057->7049f9e8-7de6-4c8c-bf4c-9bb5512f4299@group-3B5DE3AEDFC2, cid=1171, SUCCESS, logIndex=1628, commits[7049f9e8-7de6-4c8c-bf4c-9bb5512f4299:c1629, 13d9ac51-91bf-4c73-8824-2f58fc5b2747:c1627, 15cd3569-c751-4f18-b157-6804e7d0f08c:c1627]
2019-07-10 05:59:40,846 INFO  client.GrpcClientProtocolClient (GrpcClientProtocolClient.java:onNext(255)) - client-535162E20057->7049f9e8-7de6-4c8c-bf4c-9bb5512f4299: receive RaftClientReply:client-535162E20057->7049f9e8-7de6-4c8c-bf4c-9bb5512f4299@group-3B5DE3AEDFC2, cid=1172, SUCCESS, logIndex=1629, commits[7049f9e8-7de6-4c8c-bf4c-9bb5512f4299:c1629, 13d9ac51-91bf-4c73-8824-2f58fc5b2747:c1627, 15cd3569-c751-4f18-b157-6804e7d0f08c:c1627]
2019-07-10 05:59:40,858 INFO  client.GrpcClientProtocolClient (GrpcClientProtocolClient.java:onNext(255)) - client-535162E20057->7049f9e8-7de6-4c8c-bf4c-9bb5512f4299: receive RaftClientReply:client-535162E20057->7049f9e8-7de6-4c8c-bf4c-9bb5512f4299@group-3B5DE3AEDFC2, cid=1173, SUCCESS, logIndex=1632, commits[7049f9e8-7de6-4c8c-bf4c-9bb5512f4299:c1633, 13d9ac51-91bf-4c73-8824-2f58fc5b2747:c1628, 15cd3569-c751-4f18-b157-6804e7d0f08c:c1629]
2019-07-10 05:59:40,859 INFO  client.GrpcClientProtocolClient (GrpcClientProtocolClient.java:onNext(255)) - client-535162E20057->7049f9e8-7de6-4c8c-bf4c-9bb5512f4299: receive RaftClientReply:client-535162E20057->7049f9e8-7de6-4c8c-bf4c-9bb5512f4299@group-3B5DE3AEDFC2, cid=1174, SUCCESS, logIndex=1633, commits[7049f9e8-7de6-4c8c-bf4c-9bb5512f4299:c1633, 13d9ac51-91bf-4c73-8824-2f58fc5b2747:c1629, 15cd3569-c751-4f18-b157-6804e7d0f08c:c1629]
2019-07-10 05:59:40,861 INFO  client.GrpcClientProtocolClient (GrpcClientProtocolClient.java:onNext(255)) - client-535162E20057->7049f9e8-7de6-4c8c-bf4c-9bb5512f4299: receive RaftClientReply:client-535162E20057->7049f9e8-7de6-4c8c-bf4c-9bb5512f4299@group-3B5DE3AEDFC2, cid=1175, SUCCESS, logIndex=0, commits[7049f9e8-7de6-4c8c-bf4c-9bb5512f4299:c1635, 13d9ac51-91bf-4c73-8824-2f58fc5b2747:c1633, 15cd3569-c751-4f18-b157-6804e7d0f08c:c1633]
2019-07-10 05:59:40,882 INFO  client.GrpcClientProtocolClient (GrpcClientProtocolClient.java:onNext(255)) - client-535162E20057->7049f9e8-7de6-4c8c-bf4c-9bb5512f4299: receive RaftClientReply:client-535162E20057->7049f9e8-7de6-4c8c-bf4c-9bb5512f4299@group-3B5DE3AEDFC2, cid=1176, SUCCESS, logIndex=1636, commits[7049f9e8-7de6-4c8c-bf4c-9bb5512f4299:c1636, 13d9ac51-91bf-4c73-8824-2f58fc5b2747:c1635, 15cd3569-c751-4f18-b157-6804e7d0f08c:c1635]
2019-07-10 05:59:40,882 INFO  client.GrpcClientProtocolClient (GrpcClientProtocolClient.java:onNext(255)) - client-535162E20057->7049f9e8-7de6-4c8c-bf4c-9bb5512f4299: receive RaftClientReply:client-535162E20057->7049f9e8-7de6-4c8c-bf4c-9bb5512f4299@group-3B5DE3AEDFC2, cid=1177, SUCCESS, logIndex=1637, commits[7049f9e8-7de6-4c8c-bf4c-9bb5512f4299:c1638, 13d9ac51-91bf-4c73-8824-2f58fc5b2747:c1635, 15cd3569-c751-4f18-b157-6804e7d0f08c:c1635]
2019-07-10 05:59:40,883 INFO  client.GrpcClientProtocolClient (GrpcClientProtocolClient.java:onNext(255)) - client-535162E20057->7049f9e8-7de6-4c8c-bf4c-9bb5512f4299: receive RaftClientReply:client-535162E20057->7049f9e8-7de6-4c8c-bf4c-9bb5512f4299@group-3B5DE3AEDFC2, cid=1178, SUCCESS, logIndex=1638, commits[7049f9e8-7de6-4c8c-bf4c-9bb5512f4299:c1639, 13d9ac51-91bf-4c73-8824-2f58fc5b2747:c1635, 15cd3569-c751-4f18-b157-6804e7d0f08c:c1635]
2019-07-10 05:59:40,883 INFO  client.GrpcClientProtocolClient (GrpcClientProtocolClient.java:onNext(255)) - client-535162E20057->7049f9e8-7de6-4c8c-bf4c-9bb5512f4299: receive RaftClientReply:client-535162E20057->7049f9e8-7de6-4c8c-bf4c-9bb5512f4299@group-3B5DE3AEDFC2, cid=1179, SUCCESS, logIndex=1639, commits[7049f9e8-7de6-4c8c-bf4c-9bb5512f4299:c1639, 13d9ac51-91bf-4c73-8824-2f58fc5b2747:c1635, 15cd3569-c751-4f18-b157-6804e7d0f08c:c1635]
2019-07-10 05:59:40,885 INFO  client.GrpcClientProtocolClient (GrpcClientProtocolClient.java:onNext(255)) - client-535162E20057->7049f9e8-7de6-4c8c-bf4c-9bb5512f4299: receive RaftClientReply:client-535162E20057->7049f9e8-7de6-4c8c-bf4c-9bb5512f4299@group-3B5DE3AEDFC2, cid=1180, SUCCESS, logIndex=0, commits[7049f9e8-7de6-4c8c-bf4c-9bb5512f4299:c1641, 13d9ac51-91bf-4c73-8824-2f58fc5b2747:c1637, 15cd3569-c751-4f18-b157-6804e7d0f08c:c1637]
2019-07-10 05:59:40,905 INFO  client.GrpcClientProtocolClient (GrpcClientProtocolClient.java:onNext(255)) - client-535162E20057->7049f9e8-7de6-4c8c-bf4c-9bb5512f4299: receive RaftClientReply:client-535162E20057->7049f9e8-7de6-4c8c-bf4c-9bb5512f4299@group-3B5DE3AEDFC2, cid=1181, SUCCESS, logIndex=1644, commits[7049f9e8-7de6-4c8c-bf4c-9bb5512f4299:c1645, 13d9ac51-91bf-4c73-8824-2f58fc5b2747:c1643, 15cd3569-c751-4f18-b157-6804e7d0f08c:c1643]
2019-07-10 05:59:40,905 INFO  client.GrpcClientProtocolClient (GrpcClientProtocolClient.java:onNext(255)) - client-535162E20057->7049f9e8-7de6-4c8c-bf4c-9bb5512f4299: receive RaftClientReply:client-535162E20057->7049f9e8-7de6-4c8c-bf4c-9bb5512f4299@group-3B5DE3AEDFC2, cid=1182, SUCCESS, logIndex=1645, commits[7049f9e8-7de6-4c8c-bf4c-9bb5512f4299:c1645, 13d9ac51-91bf-4c73-8824-2f58fc5b2747:c1643, 15cd3569-c751-4f18-b157-6804e7d0f08c:c1643]
2019-07-10 05:59:40,919 INFO  client.GrpcClientProtocolClient (GrpcClientProtocolClient.java:onNext(255)) - client-535162E20057->7049f9e8-7de6-4c8c-bf4c-9bb5512f4299: receive RaftClientReply:client-535162E20057->7049f9e8-7de6-4c8c-bf4c-9bb5512f4299@group-3B5DE3AEDFC2, cid=1183, SUCCESS, logIndex=1648, commits[7049f9e8-7de6-4c8c-bf4c-9bb5512f4299:c1649, 13d9ac51-91bf-4c73-8824-2f58fc5b2747:c1645, 15cd3569-c751-4f18-b157-6804e7d0f08c:c1645]
2019-07-10 05:59:40,919 INFO  client.GrpcClientProtocolClient (GrpcClientProtocolClient.java:onNext(255)) - client-535162E20057->7049f9e8-7de6-4c8c-bf4c-9bb5512f4299: receive RaftClientReply:client-535162E20057->7049f9e8-7de6-4c8c-bf4c-9bb5512f4299@group-3B5DE3AEDFC2, cid=1184, SUCCESS, logIndex=1649, commits[7049f9e8-7de6-4c8c-bf4c-9bb5512f4299:c1649, 13d9ac51-91bf-4c73-8824-2f58fc5b2747:c1645, 15cd3569-c751-4f18-b157-6804e7d0f08c:c1645]
2019-07-10 05:59:40,933 INFO  client.GrpcClientProtocolClient (GrpcClientProtocolClient.java:onNext(255)) - client-535162E20057->7049f9e8-7de6-4c8c-bf4c-9bb5512f4299: receive RaftClientReply:client-535162E20057->7049f9e8-7de6-4c8c-bf4c-9bb5512f4299@group-3B5DE3AEDFC2, cid=1185, SUCCESS, logIndex=0, commits[7049f9e8-7de6-4c8c-bf4c-9bb5512f4299:c1651, 13d9ac51-91bf-4c73-8824-2f58fc5b2747:c1649, 15cd3569-c751-4f18-b157-6804e7d0f08c:c1649]
2019-07-10 05:59:40,952 INFO  client.GrpcClientProtocolClient (GrpcClientProtocolClient.java:onNext(255)) - client-535162E20057->7049f9e8-7de6-4c8c-bf4c-9bb5512f4299: receive RaftClientReply:client-535162E20057->7049f9e8-7de6-4c8c-bf4c-9bb5512f4299@group-3B5DE3AEDFC2, cid=1186, SUCCESS, logIndex=1652, commits[7049f9e8-7de6-4c8c-bf4c-9bb5512f4299:c1653, 13d9ac51-91bf-4c73-8824-2f58fc5b2747:c1651, 15cd3569-c751-4f18-b157-6804e7d0f08c:c1651]
2019-07-10 05:59:40,953 INFO  client.GrpcClientProtocolClient (GrpcClientProtocolClient.java:onNext(255)) - client-535162E20057->7049f9e8-7de6-4c8c-bf4c-9bb5512f4299: receive RaftClientReply:client-535162E20057->7049f9e8-7de6-4c8c-bf4c-9bb5512f4299@group-3B5DE3AEDFC2, cid=1187, SUCCESS, logIndex=1653, commits[7049f9e8-7de6-4c8c-bf4c-9bb5512f4299:c1653, 13d9ac51-91bf-4c73-8824-2f58fc5b2747:c1651, 15cd3569-c751-4f18-b157-6804e7d0f08c:c1651]
2019-07-10 05:59:40,953 INFO  client.GrpcClientProtocolClient (GrpcClientProtocolClient.java:onNext(255)) - client-535162E20057->7049f9e8-7de6-4c8c-bf4c-9bb5512f4299: receive RaftClientReply:client-535162E20057->7049f9e8-7de6-4c8c-bf4c-9bb5512f4299@group-3B5DE3AEDFC2, cid=1188, SUCCESS, logIndex=1654, commits[7049f9e8-7de6-4c8c-bf4c-9bb5512f4299:c1655, 13d9ac51-91bf-4c73-8824-2f58fc5b2747:c1651, 15cd3569-c751-4f18-b157-6804e7d0f08c:c1651]
2019-07-10 05:59:40,954 INFO  client.GrpcClientProtocolClient (GrpcClientProtocolClient.java:onNext(255)) - client-535162E20057->7049f9e8-7de6-4c8c-bf4c-9bb5512f4299: receive RaftClientReply:client-535162E20057->7049f9e8-7de6-4c8c-bf4c-9bb5512f4299@group-3B5DE3AEDFC2, cid=1189, SUCCESS, logIndex=1655, commits[7049f9e8-7de6-4c8c-bf4c-9bb5512f4299:c1655, 13d9ac51-91bf-4c73-8824-2f58fc5b2747:c1651, 15cd3569-c751-4f18-b157-6804e7d0f08c:c1651]
2019-07-10 05:59:40,967 INFO  client.GrpcClientProtocolClient (GrpcClientProtocolClient.java:onNext(255)) - client-535162E20057->7049f9e8-7de6-4c8c-bf4c-9bb5512f4299: receive RaftClientReply:client-535162E20057->7049f9e8-7de6-4c8c-bf4c-9bb5512f4299@group-3B5DE3AEDFC2, cid=1190, SUCCESS, logIndex=0, commits[7049f9e8-7de6-4c8c-bf4c-9bb5512f4299:c1657, 13d9ac51-91bf-4c73-8824-2f58fc5b2747:c1653, 15cd3569-c751-4f18-b157-6804e7d0f08c:c1653]
2019-07-10 05:59:40,987 INFO  client.GrpcClientProtocolClient (GrpcClientProtocolClient.java:onNext(255)) - client-535162E20057->7049f9e8-7de6-4c8c-bf4c-9bb5512f4299: receive RaftClientReply:client-535162E20057->7049f9e8-7de6-4c8c-bf4c-9bb5512f4299@group-3B5DE3AEDFC2, cid=1191, SUCCESS, logIndex=1660, commits[7049f9e8-7de6-4c8c-bf4c-9bb5512f4299:c1661, 13d9ac51-91bf-4c73-8824-2f58fc5b2747:c1659, 15cd3569-c751-4f18-b157-6804e7d0f08c:c1659]
2019-07-10 05:59:40,987 INFO  client.GrpcClientProtocolClient (GrpcClientProtocolClient.java:onNext(255)) - client-535162E20057->7049f9e8-7de6-4c8c-bf4c-9bb5512f4299: receive RaftClientReply:client-535162E20057->7049f9e8-7de6-4c8c-bf4c-9bb5512f4299@group-3B5DE3AEDFC2, cid=1192, SUCCESS, logIndex=1661, commits[7049f9e8-7de6-4c8c-bf4c-9bb5512f4299:c1661, 13d9ac51-91bf-4c73-8824-2f58fc5b2747:c1659, 15cd3569-c751-4f18-b157-6804e7d0f08c:c1659]
2019-07-10 05:59:41,107 INFO  client.GrpcClientProtocolClient (GrpcClientProtocolClient.java:onNext(255)) - client-535162E20057->7049f9e8-7de6-4c8c-bf4c-9bb5512f4299: receive RaftClientReply:client-535162E20057->7049f9e8-7de6-4c8c-bf4c-9bb5512f4299@group-3B5DE3AEDFC2, cid=1193, SUCCESS, logIndex=1664, commits[7049f9e8-7de6-4c8c-bf4c-9bb5512f4299:c1664, 13d9ac51-91bf-4c73-8824-2f58fc5b2747:c1661, 15cd3569-c751-4f18-b157-6804e7d0f08c:c1661]
2019-07-10 05:59:41,107 INFO  client.GrpcClientProtocolClient (GrpcClientProtocolClient.java:onNext(255)) - client-535162E20057->7049f9e8-7de6-4c8c-bf4c-9bb5512f4299: receive RaftClientReply:client-535162E20057->7049f9e8-7de6-4c8c-bf4c-9bb5512f4299@group-3B5DE3AEDFC2, cid=1194, SUCCESS, logIndex=1665, commits[7049f9e8-7de6-4c8c-bf4c-9bb5512f4299:c1665, 13d9ac51-91bf-4c73-8824-2f58fc5b2747:c1662, 15cd3569-c751-4f18-b157-6804e7d0f08c:c1662]
2019-07-10 05:59:41,120 INFO  client.GrpcClientProtocolClient (GrpcClientProtocolClient.java:onNext(255)) - client-535162E20057->7049f9e8-7de6-4c8c-bf4c-9bb5512f4299: receive RaftClientReply:client-535162E20057->7049f9e8-7de6-4c8c-bf4c-9bb5512f4299@group-3B5DE3AEDFC2, cid=1195, SUCCESS, logIndex=0, commits[7049f9e8-7de6-4c8c-bf4c-9bb5512f4299:c1667, 13d9ac51-91bf-4c73-8824-2f58fc5b2747:c1665, 15cd3569-c751-4f18-b157-6804e7d0f08c:c1665]
2019-07-10 05:59:41,141 INFO  client.GrpcClientProtocolClient (GrpcClientProtocolClient.java:onNext(255)) - client-535162E20057->7049f9e8-7de6-4c8c-bf4c-9bb5512f4299: receive RaftClientReply:client-535162E20057->7049f9e8-7de6-4c8c-bf4c-9bb5512f4299@group-3B5DE3AEDFC2, cid=1196, SUCCESS, logIndex=1668, commits[7049f9e8-7de6-4c8c-bf4c-9bb5512f4299:c1669, 13d9ac51-91bf-4c73-8824-2f58fc5b2747:c1667, 15cd3569-c751-4f18-b157-6804e7d0f08c:c1667]
2019-07-10 05:59:41,142 INFO  client.GrpcClientProtocolClient (GrpcClientProtocolClient.java:onNext(255)) - client-535162E20057->7049f9e8-7de6-4c8c-bf4c-9bb5512f4299: receive RaftClientReply:client-535162E20057->7049f9e8-7de6-4c8c-bf4c-9bb5512f4299@group-3B5DE3AEDFC2, cid=1197, SUCCESS, logIndex=1669, commits[7049f9e8-7de6-4c8c-bf4c-9bb5512f4299:c1669, 13d9ac51-91bf-4c73-8824-2f58fc5b2747:c1667, 15cd3569-c751-4f18-b157-6804e7d0f08c:c1667]
2019-07-10 05:59:41,143 INFO  client.GrpcClientProtocolClient (GrpcClientProtocolClient.java:onNext(255)) - client-535162E20057->7049f9e8-7de6-4c8c-bf4c-9bb5512f4299: receive RaftClientReply:client-535162E20057->7049f9e8-7de6-4c8c-bf4c-9bb5512f4299@group-3B5DE3AEDFC2, cid=1198, SUCCESS, logIndex=1670, commits[7049f9e8-7de6-4c8c-bf4c-9bb5512f4299:c1671, 13d9ac51-91bf-4c73-8824-2f58fc5b2747:c1667, 15cd3569-c751-4f18-b157-6804e7d0f08c:c1667]
2019-07-10 05:59:41,143 INFO  client.GrpcClientProtocolClient (GrpcClientProtocolClient.java:onNext(255)) - client-535162E20057->7049f9e8-7de6-4c8c-bf4c-9bb5512f4299: receive RaftClientReply:client-535162E20057->7049f9e8-7de6-4c8c-bf4c-9bb5512f4299@group-3B5DE3AEDFC2, cid=1199, SUCCESS, logIndex=1671, commits[7049f9e8-7de6-4c8c-bf4c-9bb5512f4299:c1671, 13d9ac51-91bf-4c73-8824-2f58fc5b2747:c1667, 15cd3569-c751-4f18-b157-6804e7d0f08c:c1667]
2019-07-10 05:59:41,156 INFO  client.GrpcClientProtocolClient (GrpcClientProtocolClient.java:onNext(255)) - client-535162E20057->7049f9e8-7de6-4c8c-bf4c-9bb5512f4299: receive RaftClientReply:client-535162E20057->7049f9e8-7de6-4c8c-bf4c-9bb5512f4299@group-3B5DE3AEDFC2, cid=1200, SUCCESS, logIndex=0, commits[7049f9e8-7de6-4c8c-bf4c-9bb5512f4299:c1673, 13d9ac51-91bf-4c73-8824-2f58fc5b2747:c1669, 15cd3569-c751-4f18-b157-6804e7d0f08c:c1669]
 0.00% |█                                                                                                    |  0/1 Time: 0:00:062019-07-10 05:59:41,178 INFO  client.GrpcClientProtocolClient (GrpcClientProtocolClient.java:onNext(255)) - client-535162E20057->7049f9e8-7de6-4c8c-bf4c-9bb5512f4299: receive RaftClientReply:client-535162E20057->7049f9e8-7de6-4c8c-bf4c-9bb5512f4299@group-3B5DE3AEDFC2, cid=1201, SUCCESS, logIndex=1676, commits[7049f9e8-7de6-4c8c-bf4c-9bb5512f4299:c1677, 13d9ac51-91bf-4c73-8824-2f58fc5b2747:c1675, 15cd3569-c751-4f18-b157-6804e7d0f08c:c1675]
2019-07-10 05:59:41,178 INFO  client.GrpcClientProtocolClient (GrpcClientProtocolClient.java:onNext(255)) - client-535162E20057->7049f9e8-7de6-4c8c-bf4c-9bb5512f4299: receive RaftClientReply:client-535162E20057->7049f9e8-7de6-4c8c-bf4c-9bb5512f4299@group-3B5DE3AEDFC2, cid=1202, SUCCESS, logIndex=1677, commits[7049f9e8-7de6-4c8c-bf4c-9bb5512f4299:c1677, 13d9ac51-91bf-4c73-8824-2f58fc5b2747:c1675, 15cd3569-c751-4f18-b157-6804e7d0f08c:c1675]
2019-07-10 05:59:41,202 INFO  client.GrpcClientProtocolClient (GrpcClientProtocolClient.java:onNext(255)) - client-535162E20057->7049f9e8-7de6-4c8c-bf4c-9bb5512f4299: receive RaftClientReply:client-535162E20057->7049f9e8-7de6-4c8c-bf4c-9bb5512f4299@group-3B5DE3AEDFC2, cid=1203, SUCCESS, logIndex=1680, commits[7049f9e8-7de6-4c8c-bf4c-9bb5512f4299:c1681, 13d9ac51-91bf-4c73-8824-2f58fc5b2747:c1677, 15cd3569-c751-4f18-b157-6804e7d0f08c:c1677]
2019-07-10 05:59:41,203 INFO  client.GrpcClientProtocolClient (GrpcClientProtocolClient.java:onNext(255)) - client-535162E20057->7049f9e8-7de6-4c8c-bf4c-9bb5512f4299: receive RaftClientReply:client-535162E20057->7049f9e8-7de6-4c8c-bf4c-9bb5512f4299@group-3B5DE3AEDFC2, cid=1204, SUCCESS, logIndex=1681, commits[7049f9e8-7de6-4c8c-bf4c-9bb5512f4299:c1681, 13d9ac51-91bf-4c73-8824-2f58fc5b2747:c1677, 15cd3569-c751-4f18-b157-6804e7d0f08c:c1677]
2019-07-10 05:59:41,204 INFO  client.GrpcClientProtocolClient (GrpcClientProtocolClient.java:onNext(255)) - client-535162E20057->7049f9e8-7de6-4c8c-bf4c-9bb5512f4299: receive RaftClientReply:client-535162E20057->7049f9e8-7de6-4c8c-bf4c-9bb5512f4299@group-3B5DE3AEDFC2, cid=1205, SUCCESS, logIndex=0, commits[7049f9e8-7de6-4c8c-bf4c-9bb5512f4299:c1682, 13d9ac51-91bf-4c73-8824-2f58fc5b2747:c1681, 15cd3569-c751-4f18-b157-6804e7d0f08c:c1681]
2019-07-10 05:59:41,225 INFO  client.GrpcClientProtocolClient (GrpcClientProtocolClient.java:onNext(255)) - client-535162E20057->7049f9e8-7de6-4c8c-bf4c-9bb5512f4299: receive RaftClientReply:client-535162E20057->7049f9e8-7de6-4c8c-bf4c-9bb5512f4299@group-3B5DE3AEDFC2, cid=1206, SUCCESS, logIndex=1684, commits[7049f9e8-7de6-4c8c-bf4c-9bb5512f4299:c1685, 13d9ac51-91bf-4c73-8824-2f58fc5b2747:c1683, 15cd3569-c751-4f18-b157-6804e7d0f08c:c1683]
2019-07-10 05:59:41,226 INFO  client.GrpcClientProtocolClient (GrpcClientProtocolClient.java:onNext(255)) - client-535162E20057->7049f9e8-7de6-4c8c-bf4c-9bb5512f4299: receive RaftClientReply:client-535162E20057->7049f9e8-7de6-4c8c-bf4c-9bb5512f4299@group-3B5DE3AEDFC2, cid=1207, SUCCESS, logIndex=1685, commits[7049f9e8-7de6-4c8c-bf4c-9bb5512f4299:c1687, 13d9ac51-91bf-4c73-8824-2f58fc5b2747:c1683, 15cd3569-c751-4f18-b157-6804e7d0f08c:c1683]
2019-07-10 05:59:41,226 INFO  client.GrpcClientProtocolClient (GrpcClientProtocolClient.java:onNext(255)) - client-535162E20057->7049f9e8-7de6-4c8c-bf4c-9bb5512f4299: receive RaftClientReply:client-535162E20057->7049f9e8-7de6-4c8c-bf4c-9bb5512f4299@group-3B5DE3AEDFC2, cid=1208, SUCCESS, logIndex=1686, commits[7049f9e8-7de6-4c8c-bf4c-9bb5512f4299:c1687, 13d9ac51-91bf-4c73-8824-2f58fc5b2747:c1683, 15cd3569-c751-4f18-b157-6804e7d0f08c:c1683]
2019-07-10 05:59:41,227 INFO  client.GrpcClientProtocolClient (GrpcClientProtocolClient.java:onNext(255)) - client-535162E20057->7049f9e8-7de6-4c8c-bf4c-9bb5512f4299: receive RaftClientReply:client-535162E20057->7049f9e8-7de6-4c8c-bf4c-9bb5512f4299@group-3B5DE3AEDFC2, cid=1209, SUCCESS, logIndex=1687, commits[7049f9e8-7de6-4c8c-bf4c-9bb5512f4299:c1688, 13d9ac51-91bf-4c73-8824-2f58fc5b2747:c1683, 15cd3569-c751-4f18-b157-6804e7d0f08c:c1684]
2019-07-10 05:59:41,228 INFO  client.GrpcClientProtocolClient (GrpcClientProtocolClient.java:onNext(255)) - client-535162E20057->7049f9e8-7de6-4c8c-bf4c-9bb5512f4299: receive RaftClientReply:client-535162E20057->7049f9e8-7de6-4c8c-bf4c-9bb5512f4299@group-3B5DE3AEDFC2, cid=1210, SUCCESS, logIndex=0, commits[7049f9e8-7de6-4c8c-bf4c-9bb5512f4299:c1690, 13d9ac51-91bf-4c73-8824-2f58fc5b2747:c1685, 15cd3569-c751-4f18-b157-6804e7d0f08c:c1687]
2019-07-10 05:59:41,253 INFO  client.GrpcClientProtocolClient (GrpcClientProtocolClient.java:onNext(255)) - client-535162E20057->7049f9e8-7de6-4c8c-bf4c-9bb5512f4299: receive RaftClientReply:client-535162E20057->7049f9e8-7de6-4c8c-bf4c-9bb5512f4299@group-3B5DE3AEDFC2, cid=1211, SUCCESS, logIndex=1691, commits[7049f9e8-7de6-4c8c-bf4c-9bb5512f4299:c1692, 13d9ac51-91bf-4c73-8824-2f58fc5b2747:c1690, 15cd3569-c751-4f18-b157-6804e7d0f08c:c1690]
2019-07-10 05:59:41,253 INFO  client.GrpcClientProtocolClient (GrpcClientProtocolClient.java:onNext(255)) - client-535162E20057->7049f9e8-7de6-4c8c-bf4c-9bb5512f4299: receive RaftClientReply:client-535162E20057->7049f9e8-7de6-4c8c-bf4c-9bb5512f4299@group-3B5DE3AEDFC2, cid=1212, SUCCESS, logIndex=1692, commits[7049f9e8-7de6-4c8c-bf4c-9bb5512f4299:c1692, 13d9ac51-91bf-4c73-8824-2f58fc5b2747:c1690, 15cd3569-c751-4f18-b157-6804e7d0f08c:c1690]
2019-07-10 05:59:41,268 INFO  client.GrpcClientProtocolClient (GrpcClientProtocolClient.java:onNext(255)) - client-535162E20057->7049f9e8-7de6-4c8c-bf4c-9bb5512f4299: receive RaftClientReply:client-535162E20057->7049f9e8-7de6-4c8c-bf4c-9bb5512f4299@group-3B5DE3AEDFC2, cid=1213, SUCCESS, logIndex=1695, commits[7049f9e8-7de6-4c8c-bf4c-9bb5512f4299:c1696, 13d9ac51-91bf-4c73-8824-2f58fc5b2747:c1692, 15cd3569-c751-4f18-b157-6804e7d0f08c:c1692]
2019-07-10 05:59:41,269 INFO  client.GrpcClientProtocolClient (GrpcClientProtocolClient.java:onNext(255)) - client-535162E20057->7049f9e8-7de6-4c8c-bf4c-9bb5512f4299: receive RaftClientReply:client-535162E20057->7049f9e8-7de6-4c8c-bf4c-9bb5512f4299@group-3B5DE3AEDFC2, cid=1214, SUCCESS, logIndex=1696, commits[7049f9e8-7de6-4c8c-bf4c-9bb5512f4299:c1696, 13d9ac51-91bf-4c73-8824-2f58fc5b2747:c1692, 15cd3569-c751-4f18-b157-6804e7d0f08c:c1692]
2019-07-10 05:59:41,308 INFO  client.GrpcClientProtocolClient (GrpcClientProtocolClient.java:onNext(255)) - client-535162E20057->7049f9e8-7de6-4c8c-bf4c-9bb5512f4299: receive RaftClientReply:client-535162E20057->7049f9e8-7de6-4c8c-bf4c-9bb5512f4299@group-3B5DE3AEDFC2, cid=1215, SUCCESS, logIndex=0, commits[7049f9e8-7de6-4c8c-bf4c-9bb5512f4299:c1698, 13d9ac51-91bf-4c73-8824-2f58fc5b2747:c1696, 15cd3569-c751-4f18-b157-6804e7d0f08c:c1696]
2019-07-10 05:59:41,330 INFO  client.GrpcClientProtocolClient (GrpcClientProtocolClient.java:onNext(255)) - client-535162E20057->7049f9e8-7de6-4c8c-bf4c-9bb5512f4299: receive RaftClientReply:client-535162E20057->7049f9e8-7de6-4c8c-bf4c-9bb5512f4299@group-3B5DE3AEDFC2, cid=1216, SUCCESS, logIndex=1699, commits[7049f9e8-7de6-4c8c-bf4c-9bb5512f4299:c1700, 13d9ac51-91bf-4c73-8824-2f58fc5b2747:c1698, 15cd3569-c751-4f18-b157-6804e7d0f08c:c1698]
2019-07-10 05:59:41,331 INFO  client.GrpcClientProtocolClient (GrpcClientProtocolClient.java:onNext(255)) - client-535162E20057->7049f9e8-7de6-4c8c-bf4c-9bb5512f4299: receive RaftClientReply:client-535162E20057->7049f9e8-7de6-4c8c-bf4c-9bb5512f4299@group-3B5DE3AEDFC2, cid=1217, SUCCESS, logIndex=1700, commits[7049f9e8-7de6-4c8c-bf4c-9bb5512f4299:c1702, 13d9ac51-91bf-4c73-8824-2f58fc5b2747:c1698, 15cd3569-c751-4f18-b157-6804e7d0f08c:c1698]
2019-07-10 05:59:41,331 INFO  client.GrpcClientProtocolClient (GrpcClientProtocolClient.java:onNext(255)) - client-535162E20057->7049f9e8-7de6-4c8c-bf4c-9bb5512f4299: receive RaftClientReply:client-535162E20057->7049f9e8-7de6-4c8c-bf4c-9bb5512f4299@group-3B5DE3AEDFC2, cid=1218, SUCCESS, logIndex=1701, commits[7049f9e8-7de6-4c8c-bf4c-9bb5512f4299:c1702, 13d9ac51-91bf-4c73-8824-2f58fc5b2747:c1698, 15cd3569-c751-4f18-b157-6804e7d0f08c:c1698]
2019-07-10 05:59:41,331 INFO  client.GrpcClientProtocolClient (GrpcClientProtocolClient.java:onNext(255)) - client-535162E20057->7049f9e8-7de6-4c8c-bf4c-9bb5512f4299: receive RaftClientReply:client-535162E20057->7049f9e8-7de6-4c8c-bf4c-9bb5512f4299@group-3B5DE3AEDFC2, cid=1219, SUCCESS, logIndex=1702, commits[7049f9e8-7de6-4c8c-bf4c-9bb5512f4299:c1702, 13d9ac51-91bf-4c73-8824-2f58fc5b2747:c1698, 15cd3569-c751-4f18-b157-6804e7d0f08c:c1698]
2019-07-10 05:59:41,343 INFO  client.GrpcClientProtocolClient (GrpcClientProtocolClient.java:onNext(255)) - client-535162E20057->7049f9e8-7de6-4c8c-bf4c-9bb5512f4299: receive RaftClientReply:client-535162E20057->7049f9e8-7de6-4c8c-bf4c-9bb5512f4299@group-3B5DE3AEDFC2, cid=1220, SUCCESS, logIndex=0, commits[7049f9e8-7de6-4c8c-bf4c-9bb5512f4299:c1706, 13d9ac51-91bf-4c73-8824-2f58fc5b2747:c1700, 15cd3569-c751-4f18-b157-6804e7d0f08c:c1702]
2019-07-10 05:59:41,363 INFO  client.GrpcClientProtocolClient (GrpcClientProtocolClient.java:onNext(255)) - client-535162E20057->7049f9e8-7de6-4c8c-bf4c-9bb5512f4299: receive RaftClientReply:client-535162E20057->7049f9e8-7de6-4c8c-bf4c-9bb5512f4299@group-3B5DE3AEDFC2, cid=1221, SUCCESS, logIndex=1707, commits[7049f9e8-7de6-4c8c-bf4c-9bb5512f4299:c1708, 13d9ac51-91bf-4c73-8824-2f58fc5b2747:c1706, 15cd3569-c751-4f18-b157-6804e7d0f08c:c1706]
2019-07-10 05:59:41,363 INFO  client.GrpcClientProtocolClient (GrpcClientProtocolClient.java:onNext(255)) - client-535162E20057->7049f9e8-7de6-4c8c-bf4c-9bb5512f4299: receive RaftClientReply:client-535162E20057->7049f9e8-7de6-4c8c-bf4c-9bb5512f4299@group-3B5DE3AEDFC2, cid=1222, SUCCESS, logIndex=1708, commits[7049f9e8-7de6-4c8c-bf4c-9bb5512f4299:c1708, 13d9ac51-91bf-4c73-8824-2f58fc5b2747:c1706, 15cd3569-c751-4f18-b157-6804e7d0f08c:c1706]
2019-07-10 05:59:41,376 INFO  client.GrpcClientProtocolClient (GrpcClientProtocolClient.java:onNext(255)) - client-535162E20057->7049f9e8-7de6-4c8c-bf4c-9bb5512f4299: receive RaftClientReply:client-535162E20057->7049f9e8-7de6-4c8c-bf4c-9bb5512f4299@group-3B5DE3AEDFC2, cid=1223, SUCCESS, logIndex=1711, commits[7049f9e8-7de6-4c8c-bf4c-9bb5512f4299:c1712, 13d9ac51-91bf-4c73-8824-2f58fc5b2747:c1708, 15cd3569-c751-4f18-b157-6804e7d0f08c:c1708]
2019-07-10 05:59:41,376 INFO  client.GrpcClientProtocolClient (GrpcClientProtocolClient.java:onNext(255)) - client-535162E20057->7049f9e8-7de6-4c8c-bf4c-9bb5512f4299: receive RaftClientReply:client-535162E20057->7049f9e8-7de6-4c8c-bf4c-9bb5512f4299@group-3B5DE3AEDFC2, cid=1224, SUCCESS, logIndex=1712, commits[7049f9e8-7de6-4c8c-bf4c-9bb5512f4299:c1712, 13d9ac51-91bf-4c73-8824-2f58fc5b2747:c1708, 15cd3569-c751-4f18-b157-6804e7d0f08c:c1708]
2019-07-10 05:59:41,388 INFO  client.GrpcClientProtocolClient (GrpcClientProtocolClient.java:onNext(255)) - client-535162E20057->7049f9e8-7de6-4c8c-bf4c-9bb5512f4299: receive RaftClientReply:client-535162E20057->7049f9e8-7de6-4c8c-bf4c-9bb5512f4299@group-3B5DE3AEDFC2, cid=1225, SUCCESS, logIndex=0, commits[7049f9e8-7de6-4c8c-bf4c-9bb5512f4299:c1713, 13d9ac51-91bf-4c73-8824-2f58fc5b2747:c1712, 15cd3569-c751-4f18-b157-6804e7d0f08c:c1712]
2019-07-10 05:59:41,412 INFO  client.GrpcClientProtocolClient (GrpcClientProtocolClient.java:onNext(255)) - client-535162E20057->7049f9e8-7de6-4c8c-bf4c-9bb5512f4299: receive RaftClientReply:client-535162E20057->7049f9e8-7de6-4c8c-bf4c-9bb5512f4299@group-3B5DE3AEDFC2, cid=1226, SUCCESS, logIndex=1715, commits[7049f9e8-7de6-4c8c-bf4c-9bb5512f4299:c1717, 13d9ac51-91bf-4c73-8824-2f58fc5b2747:c1714, 15cd3569-c751-4f18-b157-6804e7d0f08c:c1714]
2019-07-10 05:59:41,415 INFO  client.GrpcClientProtocolClient (GrpcClientProtocolClient.java:onNext(255)) - client-535162E20057->7049f9e8-7de6-4c8c-bf4c-9bb5512f4299: receive RaftClientReply:client-535162E20057->7049f9e8-7de6-4c8c-bf4c-9bb5512f4299@group-3B5DE3AEDFC2, cid=1227, SUCCESS, logIndex=1716, commits[7049f9e8-7de6-4c8c-bf4c-9bb5512f4299:c1718, 13d9ac51-91bf-4c73-8824-2f58fc5b2747:c1714, 15cd3569-c751-4f18-b157-6804e7d0f08c:c1714]
2019-07-10 05:59:41,415 INFO  client.GrpcClientProtocolClient (GrpcClientProtocolClient.java:onNext(255)) - client-535162E20057->7049f9e8-7de6-4c8c-bf4c-9bb5512f4299: receive RaftClientReply:client-535162E20057->7049f9e8-7de6-4c8c-bf4c-9bb5512f4299@group-3B5DE3AEDFC2, cid=1228, SUCCESS, logIndex=1717, commits[7049f9e8-7de6-4c8c-bf4c-9bb5512f4299:c1718, 13d9ac51-91bf-4c73-8824-2f58fc5b2747:c1714, 15cd3569-c751-4f18-b157-6804e7d0f08c:c1714]
2019-07-10 05:59:41,415 INFO  client.GrpcClientProtocolClient (GrpcClientProtocolClient.java:onNext(255)) - client-535162E20057->7049f9e8-7de6-4c8c-bf4c-9bb5512f4299: receive RaftClientReply:client-535162E20057->7049f9e8-7de6-4c8c-bf4c-9bb5512f4299@group-3B5DE3AEDFC2, cid=1229, SUCCESS, logIndex=1718, commits[7049f9e8-7de6-4c8c-bf4c-9bb5512f4299:c1718, 13d9ac51-91bf-4c73-8824-2f58fc5b2747:c1714, 15cd3569-c751-4f18-b157-6804e7d0f08c:c1714]
2019-07-10 05:59:41,426 INFO  client.GrpcClientProtocolClient (GrpcClientProtocolClient.java:onNext(255)) - client-535162E20057->7049f9e8-7de6-4c8c-bf4c-9bb5512f4299: receive RaftClientReply:client-535162E20057->7049f9e8-7de6-4c8c-bf4c-9bb5512f4299@group-3B5DE3AEDFC2, cid=1230, SUCCESS, logIndex=0, commits[7049f9e8-7de6-4c8c-bf4c-9bb5512f4299:c1720, 13d9ac51-91bf-4c73-8824-2f58fc5b2747:c1716, 15cd3569-c751-4f18-b157-6804e7d0f08c:c1716]
2019-07-10 05:59:41,447 INFO  client.GrpcClientProtocolClient (GrpcClientProtocolClient.java:onNext(255)) - client-535162E20057->7049f9e8-7de6-4c8c-bf4c-9bb5512f4299: receive RaftClientReply:client-535162E20057->7049f9e8-7de6-4c8c-bf4c-9bb5512f4299@group-3B5DE3AEDFC2, cid=1231, SUCCESS, logIndex=1723, commits[7049f9e8-7de6-4c8c-bf4c-9bb5512f4299:c1724, 13d9ac51-91bf-4c73-8824-2f58fc5b2747:c1722, 15cd3569-c751-4f18-b157-6804e7d0f08c:c1722]
2019-07-10 05:59:41,448 INFO  client.GrpcClientProtocolClient (GrpcClientProtocolClient.java:onNext(255)) - client-535162E20057->7049f9e8-7de6-4c8c-bf4c-9bb5512f4299: receive RaftClientReply:client-535162E20057->7049f9e8-7de6-4c8c-bf4c-9bb5512f4299@group-3B5DE3AEDFC2, cid=1232, SUCCESS, logIndex=1724, commits[7049f9e8-7de6-4c8c-bf4c-9bb5512f4299:c1724, 13d9ac51-91bf-4c73-8824-2f58fc5b2747:c1722, 15cd3569-c751-4f18-b157-6804e7d0f08c:c1722]
2019-07-10 05:59:41,461 INFO  client.GrpcClientProtocolClient (GrpcClientProtocolClient.java:onNext(255)) - client-535162E20057->7049f9e8-7de6-4c8c-bf4c-9bb5512f4299: receive RaftClientReply:client-535162E20057->7049f9e8-7de6-4c8c-bf4c-9bb5512f4299@group-3B5DE3AEDFC2, cid=1233, SUCCESS, logIndex=1727, commits[7049f9e8-7de6-4c8c-bf4c-9bb5512f4299:c1728, 13d9ac51-91bf-4c73-8824-2f58fc5b2747:c1723, 15cd3569-c751-4f18-b157-6804e7d0f08c:c1724]
2019-07-10 05:59:41,461 INFO  client.GrpcClientProtocolClient (GrpcClientProtocolClient.java:onNext(255)) - client-535162E20057->7049f9e8-7de6-4c8c-bf4c-9bb5512f4299: receive RaftClientReply:client-535162E20057->7049f9e8-7de6-4c8c-bf4c-9bb5512f4299@group-3B5DE3AEDFC2, cid=1234, SUCCESS, logIndex=1728, commits[7049f9e8-7de6-4c8c-bf4c-9bb5512f4299:c1728, 13d9ac51-91bf-4c73-8824-2f58fc5b2747:c1724, 15cd3569-c751-4f18-b157-6804e7d0f08c:c1724]
2019-07-10 05:59:41,474 INFO  client.GrpcClientProtocolClient (GrpcClientProtocolClient.java:onNext(255)) - client-535162E20057->7049f9e8-7de6-4c8c-bf4c-9bb5512f4299: receive RaftClientReply:client-535162E20057->7049f9e8-7de6-4c8c-bf4c-9bb5512f4299@group-3B5DE3AEDFC2, cid=1235, SUCCESS, logIndex=0, commits[7049f9e8-7de6-4c8c-bf4c-9bb5512f4299:c1730, 13d9ac51-91bf-4c73-8824-2f58fc5b2747:c1728, 15cd3569-c751-4f18-b157-6804e7d0f08c:c1728]
2019-07-10 05:59:41,524 INFO  client.GrpcClientProtocolClient (GrpcClientProtocolClient.java:onNext(255)) - client-535162E20057->7049f9e8-7de6-4c8c-bf4c-9bb5512f4299: receive RaftClientReply:client-535162E20057->7049f9e8-7de6-4c8c-bf4c-9bb5512f4299@group-3B5DE3AEDFC2, cid=1236, SUCCESS, logIndex=1731, commits[7049f9e8-7de6-4c8c-bf4c-9bb5512f4299:c1732, 13d9ac51-91bf-4c73-8824-2f58fc5b2747:c1730, 15cd3569-c751-4f18-b157-6804e7d0f08c:c1730]
2019-07-10 05:59:41,525 INFO  client.GrpcClientProtocolClient (GrpcClientProtocolClient.java:onNext(255)) - client-535162E20057->7049f9e8-7de6-4c8c-bf4c-9bb5512f4299: receive RaftClientReply:client-535162E20057->7049f9e8-7de6-4c8c-bf4c-9bb5512f4299@group-3B5DE3AEDFC2, cid=1237, SUCCESS, logIndex=1732, commits[7049f9e8-7de6-4c8c-bf4c-9bb5512f4299:c1732, 13d9ac51-91bf-4c73-8824-2f58fc5b2747:c1730, 15cd3569-c751-4f18-b157-6804e7d0f08c:c1730]
2019-07-10 05:59:41,536 INFO  client.GrpcClientProtocolClient (GrpcClientProtocolClient.java:onNext(255)) - client-535162E20057->7049f9e8-7de6-4c8c-bf4c-9bb5512f4299: receive RaftClientReply:client-535162E20057->7049f9e8-7de6-4c8c-bf4c-9bb5512f4299@group-3B5DE3AEDFC2, cid=1238, SUCCESS, logIndex=1733, commits[7049f9e8-7de6-4c8c-bf4c-9bb5512f4299:c1734, 13d9ac51-91bf-4c73-8824-2f58fc5b2747:c1730, 15cd3569-c751-4f18-b157-6804e7d0f08c:c1730]
2019-07-10 05:59:41,536 INFO  client.GrpcClientProtocolClient (GrpcClientProtocolClient.java:onNext(255)) - client-535162E20057->7049f9e8-7de6-4c8c-bf4c-9bb5512f4299: receive RaftClientReply:client-535162E20057->7049f9e8-7de6-4c8c-bf4c-9bb5512f4299@group-3B5DE3AEDFC2, cid=1239, SUCCESS, logIndex=1734, commits[7049f9e8-7de6-4c8c-bf4c-9bb5512f4299:c1734, 13d9ac51-91bf-4c73-8824-2f58fc5b2747:c1730, 15cd3569-c751-4f18-b157-6804e7d0f08c:c1730]
2019-07-10 05:59:41,538 INFO  client.GrpcClientProtocolClient (GrpcClientProtocolClient.java:onNext(255)) - client-535162E20057->7049f9e8-7de6-4c8c-bf4c-9bb5512f4299: receive RaftClientReply:client-535162E20057->7049f9e8-7de6-4c8c-bf4c-9bb5512f4299@group-3B5DE3AEDFC2, cid=1240, SUCCESS, logIndex=0, commits[7049f9e8-7de6-4c8c-bf4c-9bb5512f4299:c1736, 13d9ac51-91bf-4c73-8824-2f58fc5b2747:c1732, 15cd3569-c751-4f18-b157-6804e7d0f08c:c1732]
2019-07-10 05:59:41,562 INFO  client.GrpcClientProtocolClient (GrpcClientProtocolClient.java:onNext(255)) - client-535162E20057->7049f9e8-7de6-4c8c-bf4c-9bb5512f4299: receive RaftClientReply:client-535162E20057->7049f9e8-7de6-4c8c-bf4c-9bb5512f4299@group-3B5DE3AEDFC2, cid=1241, SUCCESS, logIndex=1739, commits[7049f9e8-7de6-4c8c-bf4c-9bb5512f4299:c1740, 13d9ac51-91bf-4c73-8824-2f58fc5b2747:c1734, 15cd3569-c751-4f18-b157-6804e7d0f08c:c1736]
2019-07-10 05:59:41,564 INFO  client.GrpcClientProtocolClient (GrpcClientProtocolClient.java:onNext(255)) - client-535162E20057->7049f9e8-7de6-4c8c-bf4c-9bb5512f4299: receive RaftClientReply:client-535162E20057->7049f9e8-7de6-4c8c-bf4c-9bb5512f4299@group-3B5DE3AEDFC2, cid=1242, SUCCESS, logIndex=1740, commits[7049f9e8-7de6-4c8c-bf4c-9bb5512f4299:c1740, 13d9ac51-91bf-4c73-8824-2f58fc5b2747:c1736, 15cd3569-c751-4f18-b157-6804e7d0f08c:c1736]
2019-07-10 05:59:41,587 INFO  client.GrpcClientProtocolClient (GrpcClientProtocolClient.java:onNext(255)) - client-535162E20057->7049f9e8-7de6-4c8c-bf4c-9bb5512f4299: receive RaftClientReply:client-535162E20057->7049f9e8-7de6-4c8c-bf4c-9bb5512f4299@group-3B5DE3AEDFC2, cid=1243, SUCCESS, logIndex=1743, commits[7049f9e8-7de6-4c8c-bf4c-9bb5512f4299:c1744, 13d9ac51-91bf-4c73-8824-2f58fc5b2747:c1741, 15cd3569-c751-4f18-b157-6804e7d0f08c:c1741]
2019-07-10 05:59:41,587 INFO  client.GrpcClientProtocolClient (GrpcClientProtocolClient.java:onNext(255)) - client-535162E20057->7049f9e8-7de6-4c8c-bf4c-9bb5512f4299: receive RaftClientReply:client-535162E20057->7049f9e8-7de6-4c8c-bf4c-9bb5512f4299@group-3B5DE3AEDFC2, cid=1244, SUCCESS, logIndex=1744, commits[7049f9e8-7de6-4c8c-bf4c-9bb5512f4299:c1744, 13d9ac51-91bf-4c73-8824-2f58fc5b2747:c1741, 15cd3569-c751-4f18-b157-6804e7d0f08c:c1741]
2019-07-10 05:59:41,600 INFO  client.GrpcClientProtocolClient (GrpcClientProtocolClient.java:onNext(255)) - client-535162E20057->7049f9e8-7de6-4c8c-bf4c-9bb5512f4299: receive RaftClientReply:client-535162E20057->7049f9e8-7de6-4c8c-bf4c-9bb5512f4299@group-3B5DE3AEDFC2, cid=1245, SUCCESS, logIndex=0, commits[7049f9e8-7de6-4c8c-bf4c-9bb5512f4299:c1746, 13d9ac51-91bf-4c73-8824-2f58fc5b2747:c1744, 15cd3569-c751-4f18-b157-6804e7d0f08c:c1744]
2019-07-10 05:59:41,643 INFO  client.GrpcClientProtocolClient (GrpcClientProtocolClient.java:onNext(255)) - client-535162E20057->7049f9e8-7de6-4c8c-bf4c-9bb5512f4299: receive RaftClientReply:client-535162E20057->7049f9e8-7de6-4c8c-bf4c-9bb5512f4299@group-3B5DE3AEDFC2, cid=1246, SUCCESS, logIndex=1747, commits[7049f9e8-7de6-4c8c-bf4c-9bb5512f4299:c1748, 13d9ac51-91bf-4c73-8824-2f58fc5b2747:c1746, 15cd3569-c751-4f18-b157-6804e7d0f08c:c1746]
2019-07-10 05:59:41,643 INFO  client.GrpcClientProtocolClient (GrpcClientProtocolClient.java:onNext(255)) - client-535162E20057->7049f9e8-7de6-4c8c-bf4c-9bb5512f4299: receive RaftClientReply:client-535162E20057->7049f9e8-7de6-4c8c-bf4c-9bb5512f4299@group-3B5DE3AEDFC2, cid=1247, SUCCESS, logIndex=1748, commits[7049f9e8-7de6-4c8c-bf4c-9bb5512f4299:c1748, 13d9ac51-91bf-4c73-8824-2f58fc5b2747:c1746, 15cd3569-c751-4f18-b157-6804e7d0f08c:c1746]
2019-07-10 05:59:41,644 INFO  client.GrpcClientProtocolClient (GrpcClientProtocolClient.java:onNext(255)) - client-535162E20057->7049f9e8-7de6-4c8c-bf4c-9bb5512f4299: receive RaftClientReply:client-535162E20057->7049f9e8-7de6-4c8c-bf4c-9bb5512f4299@group-3B5DE3AEDFC2, cid=1248, SUCCESS, logIndex=1749, commits[7049f9e8-7de6-4c8c-bf4c-9bb5512f4299:c1750, 13d9ac51-91bf-4c73-8824-2f58fc5b2747:c1746, 15cd3569-c751-4f18-b157-6804e7d0f08c:c1746]
2019-07-10 05:59:41,644 INFO  client.GrpcClientProtocolClient (GrpcClientProtocolClient.java:onNext(255)) - client-535162E20057->7049f9e8-7de6-4c8c-bf4c-9bb5512f4299: receive RaftClientReply:client-535162E20057->7049f9e8-7de6-4c8c-bf4c-9bb5512f4299@group-3B5DE3AEDFC2, cid=1249, SUCCESS, logIndex=1750, commits[7049f9e8-7de6-4c8c-bf4c-9bb5512f4299:c1750, 13d9ac51-91bf-4c73-8824-2f58fc5b2747:c1746, 15cd3569-c751-4f18-b157-6804e7d0f08c:c1746]
2019-07-10 05:59:41,645 INFO  client.GrpcClientProtocolClient (GrpcClientProtocolClient.java:onNext(255)) - client-535162E20057->7049f9e8-7de6-4c8c-bf4c-9bb5512f4299: receive RaftClientReply:client-535162E20057->7049f9e8-7de6-4c8c-bf4c-9bb5512f4299@group-3B5DE3AEDFC2, cid=1250, SUCCESS, logIndex=0, commits[7049f9e8-7de6-4c8c-bf4c-9bb5512f4299:c1753, 13d9ac51-91bf-4c73-8824-2f58fc5b2747:c1749, 15cd3569-c751-4f18-b157-6804e7d0f08c:c1748]
2019-07-10 05:59:41,665 INFO  client.GrpcClientProtocolClient (GrpcClientProtocolClient.java:onNext(255)) - client-535162E20057->7049f9e8-7de6-4c8c-bf4c-9bb5512f4299: receive RaftClientReply:client-535162E20057->7049f9e8-7de6-4c8c-bf4c-9bb5512f4299@group-3B5DE3AEDFC2, cid=1251, SUCCESS, logIndex=1755, commits[7049f9e8-7de6-4c8c-bf4c-9bb5512f4299:c1756, 13d9ac51-91bf-4c73-8824-2f58fc5b2747:c1754, 15cd3569-c751-4f18-b157-6804e7d0f08c:c1754]
2019-07-10 05:59:41,665 INFO  client.GrpcClientProtocolClient (GrpcClientProtocolClient.java:onNext(255)) - client-535162E20057->7049f9e8-7de6-4c8c-bf4c-9bb5512f4299: receive RaftClientReply:client-535162E20057->7049f9e8-7de6-4c8c-bf4c-9bb5512f4299@group-3B5DE3AEDFC2, cid=1252, SUCCESS, logIndex=1756, commits[7049f9e8-7de6-4c8c-bf4c-9bb5512f4299:c1756, 13d9ac51-91bf-4c73-8824-2f58fc5b2747:c1754, 15cd3569-c751-4f18-b157-6804e7d0f08c:c1754]
2019-07-10 05:59:41,682 INFO  client.GrpcClientProtocolClient (GrpcClientProtocolClient.java:onNext(255)) - client-535162E20057->7049f9e8-7de6-4c8c-bf4c-9bb5512f4299: receive RaftClientReply:client-535162E20057->7049f9e8-7de6-4c8c-bf4c-9bb5512f4299@group-3B5DE3AEDFC2, cid=1253, SUCCESS, logIndex=1759, commits[7049f9e8-7de6-4c8c-bf4c-9bb5512f4299:c1760, 13d9ac51-91bf-4c73-8824-2f58fc5b2747:c1756, 15cd3569-c751-4f18-b157-6804e7d0f08c:c1756]
2019-07-10 05:59:41,683 INFO  client.GrpcClientProtocolClient (GrpcClientProtocolClient.java:onNext(255)) - client-535162E20057->7049f9e8-7de6-4c8c-bf4c-9bb5512f4299: receive RaftClientReply:client-535162E20057->7049f9e8-7de6-4c8c-bf4c-9bb5512f4299@group-3B5DE3AEDFC2, cid=1254, SUCCESS, logIndex=1760, commits[7049f9e8-7de6-4c8c-bf4c-9bb5512f4299:c1760, 13d9ac51-91bf-4c73-8824-2f58fc5b2747:c1756, 15cd3569-c751-4f18-b157-6804e7d0f08c:c1756]
2019-07-10 05:59:41,696 INFO  client.GrpcClientProtocolClient (GrpcClientProtocolClient.java:onNext(255)) - client-535162E20057->7049f9e8-7de6-4c8c-bf4c-9bb5512f4299: receive RaftClientReply:client-535162E20057->7049f9e8-7de6-4c8c-bf4c-9bb5512f4299@group-3B5DE3AEDFC2, cid=1255, SUCCESS, logIndex=0, commits[7049f9e8-7de6-4c8c-bf4c-9bb5512f4299:c1762, 13d9ac51-91bf-4c73-8824-2f58fc5b2747:c1760, 15cd3569-c751-4f18-b157-6804e7d0f08c:c1760]
2019-07-10 05:59:41,723 INFO  client.GrpcClientProtocolClient (GrpcClientProtocolClient.java:onNext(255)) - client-535162E20057->7049f9e8-7de6-4c8c-bf4c-9bb5512f4299: receive RaftClientReply:client-535162E20057->7049f9e8-7de6-4c8c-bf4c-9bb5512f4299@group-3B5DE3AEDFC2, cid=1256, SUCCESS, logIndex=1763, commits[7049f9e8-7de6-4c8c-bf4c-9bb5512f4299:c1764, 13d9ac51-91bf-4c73-8824-2f58fc5b2747:c1762, 15cd3569-c751-4f18-b157-6804e7d0f08c:c1762]
2019-07-10 05:59:41,724 INFO  client.GrpcClientProtocolClient (GrpcClientProtocolClient.java:onNext(255)) - client-535162E20057->7049f9e8-7de6-4c8c-bf4c-9bb5512f4299: receive RaftClientReply:client-535162E20057->7049f9e8-7de6-4c8c-bf4c-9bb5512f4299@group-3B5DE3AEDFC2, cid=1257, SUCCESS, logIndex=1764, commits[7049f9e8-7de6-4c8c-bf4c-9bb5512f4299:c1766, 13d9ac51-91bf-4c73-8824-2f58fc5b2747:c1762, 15cd3569-c751-4f18-b157-6804e7d0f08c:c1762]
2019-07-10 05:59:41,724 INFO  client.GrpcClientProtocolClient (GrpcClientProtocolClient.java:onNext(255)) - client-535162E20057->7049f9e8-7de6-4c8c-bf4c-9bb5512f4299: receive RaftClientReply:client-535162E20057->7049f9e8-7de6-4c8c-bf4c-9bb5512f4299@group-3B5DE3AEDFC2, cid=1258, SUCCESS, logIndex=1765, commits[7049f9e8-7de6-4c8c-bf4c-9bb5512f4299:c1766, 13d9ac51-91bf-4c73-8824-2f58fc5b2747:c1762, 15cd3569-c751-4f18-b157-6804e7d0f08c:c1762]
2019-07-10 05:59:41,724 INFO  client.GrpcClientProtocolClient (GrpcClientProtocolClient.java:onNext(255)) - client-535162E20057->7049f9e8-7de6-4c8c-bf4c-9bb5512f4299: receive RaftClientReply:client-535162E20057->7049f9e8-7de6-4c8c-bf4c-9bb5512f4299@group-3B5DE3AEDFC2, cid=1259, SUCCESS, logIndex=1766, commits[7049f9e8-7de6-4c8c-bf4c-9bb5512f4299:c1766, 13d9ac51-91bf-4c73-8824-2f58fc5b2747:c1762, 15cd3569-c751-4f18-b157-6804e7d0f08c:c1762]
2019-07-10 05:59:41,725 INFO  client.GrpcClientProtocolClient (GrpcClientProtocolClient.java:onNext(255)) - client-535162E20057->7049f9e8-7de6-4c8c-bf4c-9bb5512f4299: receive RaftClientReply:client-535162E20057->7049f9e8-7de6-4c8c-bf4c-9bb5512f4299@group-3B5DE3AEDFC2, cid=1260, SUCCESS, logIndex=0, commits[7049f9e8-7de6-4c8c-bf4c-9bb5512f4299:c1770, 13d9ac51-91bf-4c73-8824-2f58fc5b2747:c1766, 15cd3569-c751-4f18-b157-6804e7d0f08c:c1764]
2019-07-10 05:59:41,744 INFO  client.GrpcClientProtocolClient (GrpcClientProtocolClient.java:onNext(255)) - client-535162E20057->7049f9e8-7de6-4c8c-bf4c-9bb5512f4299: receive RaftClientReply:client-535162E20057->7049f9e8-7de6-4c8c-bf4c-9bb5512f4299@group-3B5DE3AEDFC2, cid=1261, SUCCESS, logIndex=1771, commits[7049f9e8-7de6-4c8c-bf4c-9bb5512f4299:c1772, 13d9ac51-91bf-4c73-8824-2f58fc5b2747:c1770, 15cd3569-c751-4f18-b157-6804e7d0f08c:c1770]
2019-07-10 05:59:41,744 INFO  client.GrpcClientProtocolClient (GrpcClientProtocolClient.java:onNext(255)) - client-535162E20057->7049f9e8-7de6-4c8c-bf4c-9bb5512f4299: receive RaftClientReply:client-535162E20057->7049f9e8-7de6-4c8c-bf4c-9bb5512f4299@group-3B5DE3AEDFC2, cid=1262, SUCCESS, logIndex=1772, commits[7049f9e8-7de6-4c8c-bf4c-9bb5512f4299:c1772, 13d9ac51-91bf-4c73-8824-2f58fc5b2747:c1770, 15cd3569-c751-4f18-b157-6804e7d0f08c:c1770]
2019-07-10 05:59:41,858 INFO  client.GrpcClientProtocolClient (GrpcClientProtocolClient.java:onNext(255)) - client-535162E20057->7049f9e8-7de6-4c8c-bf4c-9bb5512f4299: receive RaftClientReply:client-535162E20057->7049f9e8-7de6-4c8c-bf4c-9bb5512f4299@group-3B5DE3AEDFC2, cid=1263, SUCCESS, logIndex=1775, commits[7049f9e8-7de6-4c8c-bf4c-9bb5512f4299:c1775, 13d9ac51-91bf-4c73-8824-2f58fc5b2747:c1772, 15cd3569-c751-4f18-b157-6804e7d0f08c:c1772]
2019-07-10 05:59:41,859 INFO  client.GrpcClientProtocolClient (GrpcClientProtocolClient.java:onNext(255)) - client-535162E20057->7049f9e8-7de6-4c8c-bf4c-9bb5512f4299: receive RaftClientReply:client-535162E20057->7049f9e8-7de6-4c8c-bf4c-9bb5512f4299@group-3B5DE3AEDFC2, cid=1264, SUCCESS, logIndex=1776, commits[7049f9e8-7de6-4c8c-bf4c-9bb5512f4299:c1776, 13d9ac51-91bf-4c73-8824-2f58fc5b2747:c1773, 15cd3569-c751-4f18-b157-6804e7d0f08c:c1773]
2019-07-10 05:59:41,871 INFO  client.GrpcClientProtocolClient (GrpcClientProtocolClient.java:onNext(255)) - client-535162E20057->7049f9e8-7de6-4c8c-bf4c-9bb5512f4299: receive RaftClientReply:client-535162E20057->7049f9e8-7de6-4c8c-bf4c-9bb5512f4299@group-3B5DE3AEDFC2, cid=1265, SUCCESS, logIndex=0, commits[7049f9e8-7de6-4c8c-bf4c-9bb5512f4299:c1778, 13d9ac51-91bf-4c73-8824-2f58fc5b2747:c1776, 15cd3569-c751-4f18-b157-6804e7d0f08c:c1776]
2019-07-10 05:59:41,903 INFO  client.GrpcClientProtocolClient (GrpcClientProtocolClient.java:onNext(255)) - client-535162E20057->7049f9e8-7de6-4c8c-bf4c-9bb5512f4299: receive RaftClientReply:client-535162E20057->7049f9e8-7de6-4c8c-bf4c-9bb5512f4299@group-3B5DE3AEDFC2, cid=1266, SUCCESS, logIndex=1779, commits[7049f9e8-7de6-4c8c-bf4c-9bb5512f4299:c1781, 13d9ac51-91bf-4c73-8824-2f58fc5b2747:c1778, 15cd3569-c751-4f18-b157-6804e7d0f08c:c1778]
2019-07-10 05:59:41,904 INFO  client.GrpcClientProtocolClient (GrpcClientProtocolClient.java:onNext(255)) - client-535162E20057->7049f9e8-7de6-4c8c-bf4c-9bb5512f4299: receive RaftClientReply:client-535162E20057->7049f9e8-7de6-4c8c-bf4c-9bb5512f4299@group-3B5DE3AEDFC2, cid=1267, SUCCESS, logIndex=1780, commits[7049f9e8-7de6-4c8c-bf4c-9bb5512f4299:c1782, 13d9ac51-91bf-4c73-8824-2f58fc5b2747:c1778, 15cd3569-c751-4f18-b157-6804e7d0f08c:c1778]
2019-07-10 05:59:41,905 INFO  client.GrpcClientProtocolClient (GrpcClientProtocolClient.java:onNext(255)) - client-535162E20057->7049f9e8-7de6-4c8c-bf4c-9bb5512f4299: receive RaftClientReply:client-535162E20057->7049f9e8-7de6-4c8c-bf4c-9bb5512f4299@group-3B5DE3AEDFC2, cid=1268, SUCCESS, logIndex=1781, commits[7049f9e8-7de6-4c8c-bf4c-9bb5512f4299:c1782, 13d9ac51-91bf-4c73-8824-2f58fc5b2747:c1778, 15cd3569-c751-4f18-b157-6804e7d0f08c:c1778]
2019-07-10 05:59:41,905 INFO  client.GrpcClientProtocolClient (GrpcClientProtocolClient.java:onNext(255)) - client-535162E20057->7049f9e8-7de6-4c8c-bf4c-9bb5512f4299: receive RaftClientReply:client-535162E20057->7049f9e8-7de6-4c8c-bf4c-9bb5512f4299@group-3B5DE3AEDFC2, cid=1269, SUCCESS, logIndex=1782, commits[7049f9e8-7de6-4c8c-bf4c-9bb5512f4299:c1782, 13d9ac51-91bf-4c73-8824-2f58fc5b2747:c1778, 15cd3569-c751-4f18-b157-6804e7d0f08c:c1780]
2019-07-10 05:59:41,906 INFO  client.GrpcClientProtocolClient (GrpcClientProtocolClient.java:onNext(255)) - client-535162E20057->7049f9e8-7de6-4c8c-bf4c-9bb5512f4299: receive RaftClientReply:client-535162E20057->7049f9e8-7de6-4c8c-bf4c-9bb5512f4299@group-3B5DE3AEDFC2, cid=1270, SUCCESS, logIndex=0, commits[7049f9e8-7de6-4c8c-bf4c-9bb5512f4299:c1786, 13d9ac51-91bf-4c73-8824-2f58fc5b2747:c1782, 15cd3569-c751-4f18-b157-6804e7d0f08c:c1780]
2019-07-10 05:59:41,926 INFO  client.GrpcClientProtocolClient (GrpcClientProtocolClient.java:onNext(255)) - client-535162E20057->7049f9e8-7de6-4c8c-bf4c-9bb5512f4299: receive RaftClientReply:client-535162E20057->7049f9e8-7de6-4c8c-bf4c-9bb5512f4299@group-3B5DE3AEDFC2, cid=1271, SUCCESS, logIndex=1787, commits[7049f9e8-7de6-4c8c-bf4c-9bb5512f4299:c1787, 13d9ac51-91bf-4c73-8824-2f58fc5b2747:c1786, 15cd3569-c751-4f18-b157-6804e7d0f08c:c1786]
2019-07-10 05:59:41,926 INFO  client.GrpcClientProtocolClient (GrpcClientProtocolClient.java:onNext(255)) - client-535162E20057->7049f9e8-7de6-4c8c-bf4c-9bb5512f4299: receive RaftClientReply:client-535162E20057->7049f9e8-7de6-4c8c-bf4c-9bb5512f4299@group-3B5DE3AEDFC2, cid=1272, SUCCESS, logIndex=1788, commits[7049f9e8-7de6-4c8c-bf4c-9bb5512f4299:c1788, 13d9ac51-91bf-4c73-8824-2f58fc5b2747:c1786, 15cd3569-c751-4f18-b157-6804e7d0f08c:c1786]
2019-07-10 05:59:41,939 INFO  client.GrpcClientProtocolClient (GrpcClientProtocolClient.java:onNext(255)) - client-535162E20057->7049f9e8-7de6-4c8c-bf4c-9bb5512f4299: receive RaftClientReply:client-535162E20057->7049f9e8-7de6-4c8c-bf4c-9bb5512f4299@group-3B5DE3AEDFC2, cid=1273, SUCCESS, logIndex=1791, commits[7049f9e8-7de6-4c8c-bf4c-9bb5512f4299:c1792, 13d9ac51-91bf-4c73-8824-2f58fc5b2747:c1787, 15cd3569-c751-4f18-b157-6804e7d0f08c:c1788]
2019-07-10 05:59:41,939 INFO  client.GrpcClientProtocolClient (GrpcClientProtocolClient.java:onNext(255)) - client-535162E20057->7049f9e8-7de6-4c8c-bf4c-9bb5512f4299: receive RaftClientReply:client-535162E20057->7049f9e8-7de6-4c8c-bf4c-9bb5512f4299@group-3B5DE3AEDFC2, cid=1274, SUCCESS, logIndex=1792, commits[7049f9e8-7de6-4c8c-bf4c-9bb5512f4299:c1792, 13d9ac51-91bf-4c73-8824-2f58fc5b2747:c1788, 15cd3569-c751-4f18-b157-6804e7d0f08c:c1788]
2019-07-10 05:59:41,954 INFO  client.GrpcClientProtocolClient (GrpcClientProtocolClient.java:onNext(255)) - client-535162E20057->7049f9e8-7de6-4c8c-bf4c-9bb5512f4299: receive RaftClientReply:client-535162E20057->7049f9e8-7de6-4c8c-bf4c-9bb5512f4299@group-3B5DE3AEDFC2, cid=1275, SUCCESS, logIndex=0, commits[7049f9e8-7de6-4c8c-bf4c-9bb5512f4299:c1794, 13d9ac51-91bf-4c73-8824-2f58fc5b2747:c1792, 15cd3569-c751-4f18-b157-6804e7d0f08c:c1792]
2019-07-10 05:59:41,981 INFO  client.GrpcClientProtocolClient (GrpcClientProtocolClient.java:onNext(255)) - client-535162E20057->7049f9e8-7de6-4c8c-bf4c-9bb5512f4299: receive RaftClientReply:client-535162E20057->7049f9e8-7de6-4c8c-bf4c-9bb5512f4299@group-3B5DE3AEDFC2, cid=1276, SUCCESS, logIndex=1795, commits[7049f9e8-7de6-4c8c-bf4c-9bb5512f4299:c1795, 13d9ac51-91bf-4c73-8824-2f58fc5b2747:c1794, 15cd3569-c751-4f18-b157-6804e7d0f08c:c1794]
2019-07-10 05:59:41,982 INFO  client.GrpcClientProtocolClient (GrpcClientProtocolClient.java:onNext(255)) - client-535162E20057->7049f9e8-7de6-4c8c-bf4c-9bb5512f4299: receive RaftClientReply:client-535162E20057->7049f9e8-7de6-4c8c-bf4c-9bb5512f4299@group-3B5DE3AEDFC2, cid=1277, SUCCESS, logIndex=1796, commits[7049f9e8-7de6-4c8c-bf4c-9bb5512f4299:c1796, 13d9ac51-91bf-4c73-8824-2f58fc5b2747:c1794, 15cd3569-c751-4f18-b157-6804e7d0f08c:c1794]
2019-07-10 05:59:41,983 INFO  client.GrpcClientProtocolClient (GrpcClientProtocolClient.java:onNext(255)) - client-535162E20057->7049f9e8-7de6-4c8c-bf4c-9bb5512f4299: receive RaftClientReply:client-535162E20057->7049f9e8-7de6-4c8c-bf4c-9bb5512f4299@group-3B5DE3AEDFC2, cid=1278, SUCCESS, logIndex=1797, commits[7049f9e8-7de6-4c8c-bf4c-9bb5512f4299:c1798, 13d9ac51-91bf-4c73-8824-2f58fc5b2747:c1794, 15cd3569-c751-4f18-b157-6804e7d0f08c:c1794]
2019-07-10 05:59:41,983 INFO  client.GrpcClientProtocolClient (GrpcClientProtocolClient.java:onNext(255)) - client-535162E20057->7049f9e8-7de6-4c8c-bf4c-9bb5512f4299: receive RaftClientReply:client-535162E20057->7049f9e8-7de6-4c8c-bf4c-9bb5512f4299@group-3B5DE3AEDFC2, cid=1279, SUCCESS, logIndex=1798, commits[7049f9e8-7de6-4c8c-bf4c-9bb5512f4299:c1798, 13d9ac51-91bf-4c73-8824-2f58fc5b2747:c1794, 15cd3569-c751-4f18-b157-6804e7d0f08c:c1794]
2019-07-10 05:59:41,986 INFO  client.GrpcClientProtocolClient (GrpcClientProtocolClient.java:onNext(255)) - client-535162E20057->7049f9e8-7de6-4c8c-bf4c-9bb5512f4299: receive RaftClientReply:client-535162E20057->7049f9e8-7de6-4c8c-bf4c-9bb5512f4299@group-3B5DE3AEDFC2, cid=1280, SUCCESS, logIndex=0, commits[7049f9e8-7de6-4c8c-bf4c-9bb5512f4299:c1800, 13d9ac51-91bf-4c73-8824-2f58fc5b2747:c1796, 15cd3569-c751-4f18-b157-6804e7d0f08c:c1796]
2019-07-10 05:59:41,998 INFO  client.GrpcClientProtocolClient (GrpcClientProtocolClient.java:onNext(255)) - client-535162E20057->7049f9e8-7de6-4c8c-bf4c-9bb5512f4299: receive RaftClientReply:client-535162E20057->7049f9e8-7de6-4c8c-bf4c-9bb5512f4299@group-3B5DE3AEDFC2, cid=1281, SUCCESS, logIndex=1803, commits[7049f9e8-7de6-4c8c-bf4c-9bb5512f4299:c1804, 13d9ac51-91bf-4c73-8824-2f58fc5b2747:c1798, 15cd3569-c751-4f18-b157-6804e7d0f08c:c1800]
2019-07-10 05:59:41,998 INFO  client.GrpcClientProtocolClient (GrpcClientProtocolClient.java:onNext(255)) - client-535162E20057->7049f9e8-7de6-4c8c-bf4c-9bb5512f4299: receive RaftClientReply:client-535162E20057->7049f9e8-7de6-4c8c-bf4c-9bb5512f4299@group-3B5DE3AEDFC2, cid=1282, SUCCESS, logIndex=1804, commits[7049f9e8-7de6-4c8c-bf4c-9bb5512f4299:c1804, 13d9ac51-91bf-4c73-8824-2f58fc5b2747:c1798, 15cd3569-c751-4f18-b157-6804e7d0f08c:c1800]
2019-07-10 05:59:42,017 INFO  client.GrpcClientProtocolClient (GrpcClientProtocolClient.java:onNext(255)) - client-535162E20057->7049f9e8-7de6-4c8c-bf4c-9bb5512f4299: receive RaftClientReply:client-535162E20057->7049f9e8-7de6-4c8c-bf4c-9bb5512f4299@group-3B5DE3AEDFC2, cid=1283, SUCCESS, logIndex=1807, commits[7049f9e8-7de6-4c8c-bf4c-9bb5512f4299:c1808, 13d9ac51-91bf-4c73-8824-2f58fc5b2747:c1806, 15cd3569-c751-4f18-b157-6804e7d0f08c:c1806]
2019-07-10 05:59:42,018 INFO  client.GrpcClientProtocolClient (GrpcClientProtocolClient.java:onNext(255)) - client-535162E20057->7049f9e8-7de6-4c8c-bf4c-9bb5512f4299: receive RaftClientReply:client-535162E20057->7049f9e8-7de6-4c8c-bf4c-9bb5512f4299@group-3B5DE3AEDFC2, cid=1284, SUCCESS, logIndex=1808, commits[7049f9e8-7de6-4c8c-bf4c-9bb5512f4299:c1808, 13d9ac51-91bf-4c73-8824-2f58fc5b2747:c1806, 15cd3569-c751-4f18-b157-6804e7d0f08c:c1806]
2019-07-10 05:59:42,021 INFO  client.GrpcClientProtocolClient (GrpcClientProtocolClient.java:onNext(255)) - client-535162E20057->7049f9e8-7de6-4c8c-bf4c-9bb5512f4299: receive RaftClientReply:client-535162E20057->7049f9e8-7de6-4c8c-bf4c-9bb5512f4299@group-3B5DE3AEDFC2, cid=1285, SUCCESS, logIndex=0, commits[7049f9e8-7de6-4c8c-bf4c-9bb5512f4299:c1810, 13d9ac51-91bf-4c73-8824-2f58fc5b2747:c1808, 15cd3569-c751-4f18-b157-6804e7d0f08c:c1808]
2019-07-10 05:59:42,049 INFO  client.GrpcClientProtocolClient (GrpcClientProtocolClient.java:onNext(255)) - client-535162E20057->7049f9e8-7de6-4c8c-bf4c-9bb5512f4299: receive RaftClientReply:client-535162E20057->7049f9e8-7de6-4c8c-bf4c-9bb5512f4299@group-3B5DE3AEDFC2, cid=1286, SUCCESS, logIndex=1811, commits[7049f9e8-7de6-4c8c-bf4c-9bb5512f4299:c1812, 13d9ac51-91bf-4c73-8824-2f58fc5b2747:c1810, 15cd3569-c751-4f18-b157-6804e7d0f08c:c1810]
2019-07-10 05:59:42,049 INFO  client.GrpcClientProtocolClient (GrpcClientProtocolClient.java:onNext(255)) - client-535162E20057->7049f9e8-7de6-4c8c-bf4c-9bb5512f4299: receive RaftClientReply:client-535162E20057->7049f9e8-7de6-4c8c-bf4c-9bb5512f4299@group-3B5DE3AEDFC2, cid=1287, SUCCESS, logIndex=1812, commits[7049f9e8-7de6-4c8c-bf4c-9bb5512f4299:c1813, 13d9ac51-91bf-4c73-8824-2f58fc5b2747:c1810, 15cd3569-c751-4f18-b157-6804e7d0f08c:c1810]
2019-07-10 05:59:42,050 INFO  client.GrpcClientProtocolClient (GrpcClientProtocolClient.java:onNext(255)) - client-535162E20057->7049f9e8-7de6-4c8c-bf4c-9bb5512f4299: receive RaftClientReply:client-535162E20057->7049f9e8-7de6-4c8c-bf4c-9bb5512f4299@group-3B5DE3AEDFC2, cid=1288, SUCCESS, logIndex=1813, commits[7049f9e8-7de6-4c8c-bf4c-9bb5512f4299:c1814, 13d9ac51-91bf-4c73-8824-2f58fc5b2747:c1810, 15cd3569-c751-4f18-b157-6804e7d0f08c:c1810]
2019-07-10 05:59:42,050 INFO  client.GrpcClientProtocolClient (GrpcClientProtocolClient.java:onNext(255)) - client-535162E20057->7049f9e8-7de6-4c8c-bf4c-9bb5512f4299: receive RaftClientReply:client-535162E20057->7049f9e8-7de6-4c8c-bf4c-9bb5512f4299@group-3B5DE3AEDFC2, cid=1289, SUCCESS, logIndex=1814, commits[7049f9e8-7de6-4c8c-bf4c-9bb5512f4299:c1814, 13d9ac51-91bf-4c73-8824-2f58fc5b2747:c1810, 15cd3569-c751-4f18-b157-6804e7d0f08c:c1810]
2019-07-10 05:59:42,063 INFO  client.GrpcClientProtocolClient (GrpcClientProtocolClient.java:onNext(255)) - client-535162E20057->7049f9e8-7de6-4c8c-bf4c-9bb5512f4299: receive RaftClientReply:client-535162E20057->7049f9e8-7de6-4c8c-bf4c-9bb5512f4299@group-3B5DE3AEDFC2, cid=1290, SUCCESS, logIndex=0, commits[7049f9e8-7de6-4c8c-bf4c-9bb5512f4299:c1818, 13d9ac51-91bf-4c73-8824-2f58fc5b2747:c1812, 15cd3569-c751-4f18-b157-6804e7d0f08c:c1814]
2019-07-10 05:59:42,077 INFO  client.GrpcClientProtocolClient (GrpcClientProtocolClient.java:onNext(255)) - client-535162E20057->7049f9e8-7de6-4c8c-bf4c-9bb5512f4299: receive RaftClientReply:client-535162E20057->7049f9e8-7de6-4c8c-bf4c-9bb5512f4299@group-3B5DE3AEDFC2, cid=1291, SUCCESS, logIndex=1819, commits[7049f9e8-7de6-4c8c-bf4c-9bb5512f4299:c1820, 13d9ac51-91bf-4c73-8824-2f58fc5b2747:c1818, 15cd3569-c751-4f18-b157-6804e7d0f08c:c1818]
2019-07-10 05:59:42,077 INFO  client.GrpcClientProtocolClient (GrpcClientProtocolClient.java:onNext(255)) - client-535162E20057->7049f9e8-7de6-4c8c-bf4c-9bb5512f4299: receive RaftClientReply:client-535162E20057->7049f9e8-7de6-4c8c-bf4c-9bb5512f4299@group-3B5DE3AEDFC2, cid=1292, SUCCESS, logIndex=1820, commits[7049f9e8-7de6-4c8c-bf4c-9bb5512f4299:c1820, 13d9ac51-91bf-4c73-8824-2f58fc5b2747:c1818, 15cd3569-c751-4f18-b157-6804e7d0f08c:c1818]
2019-07-10 05:59:42,091 INFO  client.GrpcClientProtocolClient (GrpcClientProtocolClient.java:onNext(255)) - client-535162E20057->7049f9e8-7de6-4c8c-bf4c-9bb5512f4299: receive RaftClientReply:client-535162E20057->7049f9e8-7de6-4c8c-bf4c-9bb5512f4299@group-3B5DE3AEDFC2, cid=1293, SUCCESS, logIndex=1823, commits[7049f9e8-7de6-4c8c-bf4c-9bb5512f4299:c1824, 13d9ac51-91bf-4c73-8824-2f58fc5b2747:c1820, 15cd3569-c751-4f18-b157-6804e7d0f08c:c1820]
2019-07-10 05:59:42,091 INFO  client.GrpcClientProtocolClient (GrpcClientProtocolClient.java:onNext(255)) - client-535162E20057->7049f9e8-7de6-4c8c-bf4c-9bb5512f4299: receive RaftClientReply:client-535162E20057->7049f9e8-7de6-4c8c-bf4c-9bb5512f4299@group-3B5DE3AEDFC2, cid=1294, SUCCESS, logIndex=1824, commits[7049f9e8-7de6-4c8c-bf4c-9bb5512f4299:c1824, 13d9ac51-91bf-4c73-8824-2f58fc5b2747:c1820, 15cd3569-c751-4f18-b157-6804e7d0f08c:c1820]
2019-07-10 05:59:42,104 INFO  client.GrpcClientProtocolClient (GrpcClientProtocolClient.java:onNext(255)) - client-535162E20057->7049f9e8-7de6-4c8c-bf4c-9bb5512f4299: receive RaftClientReply:client-535162E20057->7049f9e8-7de6-4c8c-bf4c-9bb5512f4299@group-3B5DE3AEDFC2, cid=1295, SUCCESS, logIndex=0, commits[7049f9e8-7de6-4c8c-bf4c-9bb5512f4299:c1825, 13d9ac51-91bf-4c73-8824-2f58fc5b2747:c1824, 15cd3569-c751-4f18-b157-6804e7d0f08c:c1824]
2019-07-10 05:59:42,134 INFO  client.GrpcClientProtocolClient (GrpcClientProtocolClient.java:onNext(255)) - client-535162E20057->7049f9e8-7de6-4c8c-bf4c-9bb5512f4299: receive RaftClientReply:client-535162E20057->7049f9e8-7de6-4c8c-bf4c-9bb5512f4299@group-3B5DE3AEDFC2, cid=1296, SUCCESS, logIndex=1827, commits[7049f9e8-7de6-4c8c-bf4c-9bb5512f4299:c1829, 13d9ac51-91bf-4c73-8824-2f58fc5b2747:c1826, 15cd3569-c751-4f18-b157-6804e7d0f08c:c1826]
2019-07-10 05:59:42,134 INFO  client.GrpcClientProtocolClient (GrpcClientProtocolClient.java:onNext(255)) - client-535162E20057->7049f9e8-7de6-4c8c-bf4c-9bb5512f4299: receive RaftClientReply:client-535162E20057->7049f9e8-7de6-4c8c-bf4c-9bb5512f4299@group-3B5DE3AEDFC2, cid=1297, SUCCESS, logIndex=1828, commits[7049f9e8-7de6-4c8c-bf4c-9bb5512f4299:c1830, 13d9ac51-91bf-4c73-8824-2f58fc5b2747:c1826, 15cd3569-c751-4f18-b157-6804e7d0f08c:c1826]
2019-07-10 05:59:42,135 INFO  client.GrpcClientProtocolClient (GrpcClientProtocolClient.java:onNext(255)) - client-535162E20057->7049f9e8-7de6-4c8c-bf4c-9bb5512f4299: receive RaftClientReply:client-535162E20057->7049f9e8-7de6-4c8c-bf4c-9bb5512f4299@group-3B5DE3AEDFC2, cid=1298, SUCCESS, logIndex=1829, commits[7049f9e8-7de6-4c8c-bf4c-9bb5512f4299:c1830, 13d9ac51-91bf-4c73-8824-2f58fc5b2747:c1826, 15cd3569-c751-4f18-b157-6804e7d0f08c:c1826]
2019-07-10 05:59:42,135 INFO  client.GrpcClientProtocolClient (GrpcClientProtocolClient.java:onNext(255)) - client-535162E20057->7049f9e8-7de6-4c8c-bf4c-9bb5512f4299: receive RaftClientReply:client-535162E20057->7049f9e8-7de6-4c8c-bf4c-9bb5512f4299@group-3B5DE3AEDFC2, cid=1299, SUCCESS, logIndex=1830, commits[7049f9e8-7de6-4c8c-bf4c-9bb5512f4299:c1830, 13d9ac51-91bf-4c73-8824-2f58fc5b2747:c1826, 15cd3569-c751-4f18-b157-6804e7d0f08c:c1826]
2019-07-10 05:59:42,148 INFO  client.GrpcClientProtocolClient (GrpcClientProtocolClient.java:onNext(255)) - client-535162E20057->7049f9e8-7de6-4c8c-bf4c-9bb5512f4299: receive RaftClientReply:client-535162E20057->7049f9e8-7de6-4c8c-bf4c-9bb5512f4299@group-3B5DE3AEDFC2, cid=1300, SUCCESS, logIndex=0, commits[7049f9e8-7de6-4c8c-bf4c-9bb5512f4299:c1831, 13d9ac51-91bf-4c73-8824-2f58fc5b2747:c1828, 15cd3569-c751-4f18-b157-6804e7d0f08c:c1828]
2019-07-10 05:59:42,168 INFO  client.GrpcClientProtocolClient (GrpcClientProtocolClient.java:onNext(255)) - client-535162E20057->7049f9e8-7de6-4c8c-bf4c-9bb5512f4299: receive RaftClientReply:client-535162E20057->7049f9e8-7de6-4c8c-bf4c-9bb5512f4299@group-3B5DE3AEDFC2, cid=1301, SUCCESS, logIndex=1835, commits[7049f9e8-7de6-4c8c-bf4c-9bb5512f4299:c1836, 13d9ac51-91bf-4c73-8824-2f58fc5b2747:c1834, 15cd3569-c751-4f18-b157-6804e7d0f08c:c1834]
2019-07-10 05:59:42,168 INFO  client.GrpcClientProtocolClient (GrpcClientProtocolClient.java:onNext(255)) - client-535162E20057->7049f9e8-7de6-4c8c-bf4c-9bb5512f4299: receive RaftClientReply:client-535162E20057->7049f9e8-7de6-4c8c-bf4c-9bb5512f4299@group-3B5DE3AEDFC2, cid=1302, SUCCESS, logIndex=1836, commits[7049f9e8-7de6-4c8c-bf4c-9bb5512f4299:c1836, 13d9ac51-91bf-4c73-8824-2f58fc5b2747:c1834, 15cd3569-c751-4f18-b157-6804e7d0f08c:c1834]
 0.00% |█                                                                                                    |  0/1 Time: 0:00:072019-07-10 05:59:42,183 INFO  client.GrpcClientProtocolClient (GrpcClientProtocolClient.java:onNext(255)) - client-535162E20057->7049f9e8-7de6-4c8c-bf4c-9bb5512f4299: receive RaftClientReply:client-535162E20057->7049f9e8-7de6-4c8c-bf4c-9bb5512f4299@group-3B5DE3AEDFC2, cid=1303, SUCCESS, logIndex=1839, commits[7049f9e8-7de6-4c8c-bf4c-9bb5512f4299:c1840, 13d9ac51-91bf-4c73-8824-2f58fc5b2747:c1836, 15cd3569-c751-4f18-b157-6804e7d0f08c:c1836]
2019-07-10 05:59:42,183 INFO  client.GrpcClientProtocolClient (GrpcClientProtocolClient.java:onNext(255)) - client-535162E20057->7049f9e8-7de6-4c8c-bf4c-9bb5512f4299: receive RaftClientReply:client-535162E20057->7049f9e8-7de6-4c8c-bf4c-9bb5512f4299@group-3B5DE3AEDFC2, cid=1304, SUCCESS, logIndex=1840, commits[7049f9e8-7de6-4c8c-bf4c-9bb5512f4299:c1840, 13d9ac51-91bf-4c73-8824-2f58fc5b2747:c1836, 15cd3569-c751-4f18-b157-6804e7d0f08c:c1836]
2019-07-10 05:59:42,198 INFO  client.GrpcClientProtocolClient (GrpcClientProtocolClient.java:onNext(255)) - client-535162E20057->7049f9e8-7de6-4c8c-bf4c-9bb5512f4299: receive RaftClientReply:client-535162E20057->7049f9e8-7de6-4c8c-bf4c-9bb5512f4299@group-3B5DE3AEDFC2, cid=1305, SUCCESS, logIndex=0, commits[7049f9e8-7de6-4c8c-bf4c-9bb5512f4299:c1842, 13d9ac51-91bf-4c73-8824-2f58fc5b2747:c1840, 15cd3569-c751-4f18-b157-6804e7d0f08c:c1840]
2019-07-10 05:59:42,222 INFO  client.GrpcClientProtocolClient (GrpcClientProtocolClient.java:onNext(255)) - client-535162E20057->7049f9e8-7de6-4c8c-bf4c-9bb5512f4299: receive RaftClientReply:client-535162E20057->7049f9e8-7de6-4c8c-bf4c-9bb5512f4299@group-3B5DE3AEDFC2, cid=1306, SUCCESS, logIndex=1843, commits[7049f9e8-7de6-4c8c-bf4c-9bb5512f4299:c1844, 13d9ac51-91bf-4c73-8824-2f58fc5b2747:c1842, 15cd3569-c751-4f18-b157-6804e7d0f08c:c1842]
2019-07-10 05:59:42,222 INFO  client.GrpcClientProtocolClient (GrpcClientProtocolClient.java:onNext(255)) - client-535162E20057->7049f9e8-7de6-4c8c-bf4c-9bb5512f4299: receive RaftClientReply:client-535162E20057->7049f9e8-7de6-4c8c-bf4c-9bb5512f4299@group-3B5DE3AEDFC2, cid=1307, SUCCESS, logIndex=1844, commits[7049f9e8-7de6-4c8c-bf4c-9bb5512f4299:c1846, 13d9ac51-91bf-4c73-8824-2f58fc5b2747:c1842, 15cd3569-c751-4f18-b157-6804e7d0f08c:c1842]
2019-07-10 05:59:42,223 INFO  client.GrpcClientProtocolClient (GrpcClientProtocolClient.java:onNext(255)) - client-535162E20057->7049f9e8-7de6-4c8c-bf4c-9bb5512f4299: receive RaftClientReply:client-535162E20057->7049f9e8-7de6-4c8c-bf4c-9bb5512f4299@group-3B5DE3AEDFC2, cid=1308, SUCCESS, logIndex=1845, commits[7049f9e8-7de6-4c8c-bf4c-9bb5512f4299:c1846, 13d9ac51-91bf-4c73-8824-2f58fc5b2747:c1842, 15cd3569-c751-4f18-b157-6804e7d0f08c:c1842]
2019-07-10 05:59:42,223 INFO  client.GrpcClientProtocolClient (GrpcClientProtocolClient.java:onNext(255)) - client-535162E20057->7049f9e8-7de6-4c8c-bf4c-9bb5512f4299: receive RaftClientReply:client-535162E20057->7049f9e8-7de6-4c8c-bf4c-9bb5512f4299@group-3B5DE3AEDFC2, cid=1309, SUCCESS, logIndex=1846, commits[7049f9e8-7de6-4c8c-bf4c-9bb5512f4299:c1846, 13d9ac51-91bf-4c73-8824-2f58fc5b2747:c1842, 15cd3569-c751-4f18-b157-6804e7d0f08c:c1842]
2019-07-10 05:59:42,225 INFO  client.GrpcClientProtocolClient (GrpcClientProtocolClient.java:onNext(255)) - client-535162E20057->7049f9e8-7de6-4c8c-bf4c-9bb5512f4299: receive RaftClientReply:client-535162E20057->7049f9e8-7de6-4c8c-bf4c-9bb5512f4299@group-3B5DE3AEDFC2, cid=1310, SUCCESS, logIndex=0, commits[7049f9e8-7de6-4c8c-bf4c-9bb5512f4299:c1850, 13d9ac51-91bf-4c73-8824-2f58fc5b2747:c1844, 15cd3569-c751-4f18-b157-6804e7d0f08c:c1846]
2019-07-10 05:59:42,244 INFO  client.GrpcClientProtocolClient (GrpcClientProtocolClient.java:onNext(255)) - client-535162E20057->7049f9e8-7de6-4c8c-bf4c-9bb5512f4299: receive RaftClientReply:client-535162E20057->7049f9e8-7de6-4c8c-bf4c-9bb5512f4299@group-3B5DE3AEDFC2, cid=1311, SUCCESS, logIndex=1851, commits[7049f9e8-7de6-4c8c-bf4c-9bb5512f4299:c1851, 13d9ac51-91bf-4c73-8824-2f58fc5b2747:c1850, 15cd3569-c751-4f18-b157-6804e7d0f08c:c1850]
2019-07-10 05:59:42,245 INFO  client.GrpcClientProtocolClient (GrpcClientProtocolClient.java:onNext(255)) - client-535162E20057->7049f9e8-7de6-4c8c-bf4c-9bb5512f4299: receive RaftClientReply:client-535162E20057->7049f9e8-7de6-4c8c-bf4c-9bb5512f4299@group-3B5DE3AEDFC2, cid=1312, SUCCESS, logIndex=1852, commits[7049f9e8-7de6-4c8c-bf4c-9bb5512f4299:c1852, 13d9ac51-91bf-4c73-8824-2f58fc5b2747:c1850, 15cd3569-c751-4f18-b157-6804e7d0f08c:c1850]
2019-07-10 05:59:42,259 INFO  client.GrpcClientProtocolClient (GrpcClientProtocolClient.java:onNext(255)) - client-535162E20057->7049f9e8-7de6-4c8c-bf4c-9bb5512f4299: receive RaftClientReply:client-535162E20057->7049f9e8-7de6-4c8c-bf4c-9bb5512f4299@group-3B5DE3AEDFC2, cid=1313, SUCCESS, logIndex=1855, commits[7049f9e8-7de6-4c8c-bf4c-9bb5512f4299:c1855, 13d9ac51-91bf-4c73-8824-2f58fc5b2747:c1852, 15cd3569-c751-4f18-b157-6804e7d0f08c:c1852]
2019-07-10 05:59:42,260 INFO  client.GrpcClientProtocolClient (GrpcClientProtocolClient.java:onNext(255)) - client-535162E20057->7049f9e8-7de6-4c8c-bf4c-9bb5512f4299: receive RaftClientReply:client-535162E20057->7049f9e8-7de6-4c8c-bf4c-9bb5512f4299@group-3B5DE3AEDFC2, cid=1314, SUCCESS, logIndex=1856, commits[7049f9e8-7de6-4c8c-bf4c-9bb5512f4299:c1856, 13d9ac51-91bf-4c73-8824-2f58fc5b2747:c1852, 15cd3569-c751-4f18-b157-6804e7d0f08c:c1852]
2019-07-10 05:59:42,284 INFO  client.GrpcClientProtocolClient (GrpcClientProtocolClient.java:onNext(255)) - client-535162E20057->7049f9e8-7de6-4c8c-bf4c-9bb5512f4299: receive RaftClientReply:client-535162E20057->7049f9e8-7de6-4c8c-bf4c-9bb5512f4299@group-3B5DE3AEDFC2, cid=1315, SUCCESS, logIndex=0, commits[7049f9e8-7de6-4c8c-bf4c-9bb5512f4299:c1858, 13d9ac51-91bf-4c73-8824-2f58fc5b2747:c1856, 15cd3569-c751-4f18-b157-6804e7d0f08c:c1856]
2019-07-10 05:59:42,313 INFO  client.GrpcClientProtocolClient (GrpcClientProtocolClient.java:onNext(255)) - client-535162E20057->7049f9e8-7de6-4c8c-bf4c-9bb5512f4299: receive RaftClientReply:client-535162E20057->7049f9e8-7de6-4c8c-bf4c-9bb5512f4299@group-3B5DE3AEDFC2, cid=1316, SUCCESS, logIndex=1859, commits[7049f9e8-7de6-4c8c-bf4c-9bb5512f4299:c1859, 13d9ac51-91bf-4c73-8824-2f58fc5b2747:c1858, 15cd3569-c751-4f18-b157-6804e7d0f08c:c1858]
2019-07-10 05:59:42,314 INFO  client.GrpcClientProtocolClient (GrpcClientProtocolClient.java:onNext(255)) - client-535162E20057->7049f9e8-7de6-4c8c-bf4c-9bb5512f4299: receive RaftClientReply:client-535162E20057->7049f9e8-7de6-4c8c-bf4c-9bb5512f4299@group-3B5DE3AEDFC2, cid=1317, SUCCESS, logIndex=1860, commits[7049f9e8-7de6-4c8c-bf4c-9bb5512f4299:c1860, 13d9ac51-91bf-4c73-8824-2f58fc5b2747:c1858, 15cd3569-c751-4f18-b157-6804e7d0f08c:c1858]
2019-07-10 05:59:42,314 INFO  client.GrpcClientProtocolClient (GrpcClientProtocolClient.java:onNext(255)) - client-535162E20057->7049f9e8-7de6-4c8c-bf4c-9bb5512f4299: receive RaftClientReply:client-535162E20057->7049f9e8-7de6-4c8c-bf4c-9bb5512f4299@group-3B5DE3AEDFC2, cid=1318, SUCCESS, logIndex=1861, commits[7049f9e8-7de6-4c8c-bf4c-9bb5512f4299:c1862, 13d9ac51-91bf-4c73-8824-2f58fc5b2747:c1858, 15cd3569-c751-4f18-b157-6804e7d0f08c:c1858]
2019-07-10 05:59:42,314 INFO  client.GrpcClientProtocolClient (GrpcClientProtocolClient.java:onNext(255)) - client-535162E20057->7049f9e8-7de6-4c8c-bf4c-9bb5512f4299: receive RaftClientReply:client-535162E20057->7049f9e8-7de6-4c8c-bf4c-9bb5512f4299@group-3B5DE3AEDFC2, cid=1319, SUCCESS, logIndex=1862, commits[7049f9e8-7de6-4c8c-bf4c-9bb5512f4299:c1862, 13d9ac51-91bf-4c73-8824-2f58fc5b2747:c1858, 15cd3569-c751-4f18-b157-6804e7d0f08c:c1858]
2019-07-10 05:59:42,327 INFO  client.GrpcClientProtocolClient (GrpcClientProtocolClient.java:onNext(255)) - client-535162E20057->7049f9e8-7de6-4c8c-bf4c-9bb5512f4299: receive RaftClientReply:client-535162E20057->7049f9e8-7de6-4c8c-bf4c-9bb5512f4299@group-3B5DE3AEDFC2, cid=1320, SUCCESS, logIndex=0, commits[7049f9e8-7de6-4c8c-bf4c-9bb5512f4299:c1864, 13d9ac51-91bf-4c73-8824-2f58fc5b2747:c1860, 15cd3569-c751-4f18-b157-6804e7d0f08c:c1860]
2019-07-10 05:59:42,346 INFO  client.GrpcClientProtocolClient (GrpcClientProtocolClient.java:onNext(255)) - client-535162E20057->7049f9e8-7de6-4c8c-bf4c-9bb5512f4299: receive RaftClientReply:client-535162E20057->7049f9e8-7de6-4c8c-bf4c-9bb5512f4299@group-3B5DE3AEDFC2, cid=1321, SUCCESS, logIndex=1867, commits[7049f9e8-7de6-4c8c-bf4c-9bb5512f4299:c1868, 13d9ac51-91bf-4c73-8824-2f58fc5b2747:c1866, 15cd3569-c751-4f18-b157-6804e7d0f08c:c1866]
2019-07-10 05:59:42,347 INFO  client.GrpcClientProtocolClient (GrpcClientProtocolClient.java:onNext(255)) - client-535162E20057->7049f9e8-7de6-4c8c-bf4c-9bb5512f4299: receive RaftClientReply:client-535162E20057->7049f9e8-7de6-4c8c-bf4c-9bb5512f4299@group-3B5DE3AEDFC2, cid=1322, SUCCESS, logIndex=1868, commits[7049f9e8-7de6-4c8c-bf4c-9bb5512f4299:c1868, 13d9ac51-91bf-4c73-8824-2f58fc5b2747:c1866, 15cd3569-c751-4f18-b157-6804e7d0f08c:c1866]
2019-07-10 05:59:42,360 INFO  client.GrpcClientProtocolClient (GrpcClientProtocolClient.java:onNext(255)) - client-535162E20057->7049f9e8-7de6-4c8c-bf4c-9bb5512f4299: receive RaftClientReply:client-535162E20057->7049f9e8-7de6-4c8c-bf4c-9bb5512f4299@group-3B5DE3AEDFC2, cid=1323, SUCCESS, logIndex=1871, commits[7049f9e8-7de6-4c8c-bf4c-9bb5512f4299:c1871, 13d9ac51-91bf-4c73-8824-2f58fc5b2747:c1868, 15cd3569-c751-4f18-b157-6804e7d0f08c:c1868]
2019-07-10 05:59:42,360 INFO  client.GrpcClientProtocolClient (GrpcClientProtocolClient.java:onNext(255)) - client-535162E20057->7049f9e8-7de6-4c8c-bf4c-9bb5512f4299: receive RaftClientReply:client-535162E20057->7049f9e8-7de6-4c8c-bf4c-9bb5512f4299@group-3B5DE3AEDFC2, cid=1324, SUCCESS, logIndex=1872, commits[7049f9e8-7de6-4c8c-bf4c-9bb5512f4299:c1872, 13d9ac51-91bf-4c73-8824-2f58fc5b2747:c1868, 15cd3569-c751-4f18-b157-6804e7d0f08c:c1868]
2019-07-10 05:59:42,374 INFO  client.GrpcClientProtocolClient (GrpcClientProtocolClient.java:onNext(255)) - client-535162E20057->7049f9e8-7de6-4c8c-bf4c-9bb5512f4299: receive RaftClientReply:client-535162E20057->7049f9e8-7de6-4c8c-bf4c-9bb5512f4299@group-3B5DE3AEDFC2, cid=1325, SUCCESS, logIndex=0, commits[7049f9e8-7de6-4c8c-bf4c-9bb5512f4299:c1873, 13d9ac51-91bf-4c73-8824-2f58fc5b2747:c1872, 15cd3569-c751-4f18-b157-6804e7d0f08c:c1872]
2019-07-10 05:59:42,400 INFO  client.GrpcClientProtocolClient (GrpcClientProtocolClient.java:onNext(255)) - client-535162E20057->7049f9e8-7de6-4c8c-bf4c-9bb5512f4299: receive RaftClientReply:client-535162E20057->7049f9e8-7de6-4c8c-bf4c-9bb5512f4299@group-3B5DE3AEDFC2, cid=1326, SUCCESS, logIndex=1875, commits[7049f9e8-7de6-4c8c-bf4c-9bb5512f4299:c1876, 13d9ac51-91bf-4c73-8824-2f58fc5b2747:c1874, 15cd3569-c751-4f18-b157-6804e7d0f08c:c1874]
2019-07-10 05:59:42,401 INFO  client.GrpcClientProtocolClient (GrpcClientProtocolClient.java:onNext(255)) - client-535162E20057->7049f9e8-7de6-4c8c-bf4c-9bb5512f4299: receive RaftClientReply:client-535162E20057->7049f9e8-7de6-4c8c-bf4c-9bb5512f4299@group-3B5DE3AEDFC2, cid=1327, SUCCESS, logIndex=1876, commits[7049f9e8-7de6-4c8c-bf4c-9bb5512f4299:c1876, 13d9ac51-91bf-4c73-8824-2f58fc5b2747:c1874, 15cd3569-c751-4f18-b157-6804e7d0f08c:c1874]
2019-07-10 05:59:42,401 INFO  client.GrpcClientProtocolClient (GrpcClientProtocolClient.java:onNext(255)) - client-535162E20057->7049f9e8-7de6-4c8c-bf4c-9bb5512f4299: receive RaftClientReply:client-535162E20057->7049f9e8-7de6-4c8c-bf4c-9bb5512f4299@group-3B5DE3AEDFC2, cid=1328, SUCCESS, logIndex=1877, commits[7049f9e8-7de6-4c8c-bf4c-9bb5512f4299:c1878, 13d9ac51-91bf-4c73-8824-2f58fc5b2747:c1874, 15cd3569-c751-4f18-b157-6804e7d0f08c:c1874]
2019-07-10 05:59:42,401 INFO  client.GrpcClientProtocolClient (GrpcClientProtocolClient.java:onNext(255)) - client-535162E20057->7049f9e8-7de6-4c8c-bf4c-9bb5512f4299: receive RaftClientReply:client-535162E20057->7049f9e8-7de6-4c8c-bf4c-9bb5512f4299@group-3B5DE3AEDFC2, cid=1329, SUCCESS, logIndex=1878, commits[7049f9e8-7de6-4c8c-bf4c-9bb5512f4299:c1878, 13d9ac51-91bf-4c73-8824-2f58fc5b2747:c1874, 15cd3569-c751-4f18-b157-6804e7d0f08c:c1874]
2019-07-10 05:59:42,403 INFO  client.GrpcClientProtocolClient (GrpcClientProtocolClient.java:onNext(255)) - client-535162E20057->7049f9e8-7de6-4c8c-bf4c-9bb5512f4299: receive RaftClientReply:client-535162E20057->7049f9e8-7de6-4c8c-bf4c-9bb5512f4299@group-3B5DE3AEDFC2, cid=1330, SUCCESS, logIndex=0, commits[7049f9e8-7de6-4c8c-bf4c-9bb5512f4299:c1880, 13d9ac51-91bf-4c73-8824-2f58fc5b2747:c1876, 15cd3569-c751-4f18-b157-6804e7d0f08c:c1876]
2019-07-10 05:59:42,511 INFO  client.GrpcClientProtocolClient (GrpcClientProtocolClient.java:onNext(255)) - client-535162E20057->7049f9e8-7de6-4c8c-bf4c-9bb5512f4299: receive RaftClientReply:client-535162E20057->7049f9e8-7de6-4c8c-bf4c-9bb5512f4299@group-3B5DE3AEDFC2, cid=1331, SUCCESS, logIndex=1883, commits[7049f9e8-7de6-4c8c-bf4c-9bb5512f4299:c1884, 13d9ac51-91bf-4c73-8824-2f58fc5b2747:c1882, 15cd3569-c751-4f18-b157-6804e7d0f08c:c1882]
2019-07-10 05:59:42,511 INFO  client.GrpcClientProtocolClient (GrpcClientProtocolClient.java:onNext(255)) - client-535162E20057->7049f9e8-7de6-4c8c-bf4c-9bb5512f4299: receive RaftClientReply:client-535162E20057->7049f9e8-7de6-4c8c-bf4c-9bb5512f4299@group-3B5DE3AEDFC2, cid=1332, SUCCESS, logIndex=1884, commits[7049f9e8-7de6-4c8c-bf4c-9bb5512f4299:c1884, 13d9ac51-91bf-4c73-8824-2f58fc5b2747:c1882, 15cd3569-c751-4f18-b157-6804e7d0f08c:c1882]
2019-07-10 05:59:42,524 INFO  client.GrpcClientProtocolClient (GrpcClientProtocolClient.java:onNext(255)) - client-535162E20057->7049f9e8-7de6-4c8c-bf4c-9bb5512f4299: receive RaftClientReply:client-535162E20057->7049f9e8-7de6-4c8c-bf4c-9bb5512f4299@group-3B5DE3AEDFC2, cid=1333, SUCCESS, logIndex=1887, commits[7049f9e8-7de6-4c8c-bf4c-9bb5512f4299:c1888, 13d9ac51-91bf-4c73-8824-2f58fc5b2747:c1884, 15cd3569-c751-4f18-b157-6804e7d0f08c:c1884]
2019-07-10 05:59:42,525 INFO  client.GrpcClientProtocolClient (GrpcClientProtocolClient.java:onNext(255)) - client-535162E20057->7049f9e8-7de6-4c8c-bf4c-9bb5512f4299: receive RaftClientReply:client-535162E20057->7049f9e8-7de6-4c8c-bf4c-9bb5512f4299@group-3B5DE3AEDFC2, cid=1334, SUCCESS, logIndex=1888, commits[7049f9e8-7de6-4c8c-bf4c-9bb5512f4299:c1888, 13d9ac51-91bf-4c73-8824-2f58fc5b2747:c1884, 15cd3569-c751-4f18-b157-6804e7d0f08c:c1884]
2019-07-10 05:59:42,527 INFO  client.GrpcClientProtocolClient (GrpcClientProtocolClient.java:onNext(255)) - client-535162E20057->7049f9e8-7de6-4c8c-bf4c-9bb5512f4299: receive RaftClientReply:client-535162E20057->7049f9e8-7de6-4c8c-bf4c-9bb5512f4299@group-3B5DE3AEDFC2, cid=1335, SUCCESS, logIndex=0, commits[7049f9e8-7de6-4c8c-bf4c-9bb5512f4299:c1889, 13d9ac51-91bf-4c73-8824-2f58fc5b2747:c1888, 15cd3569-c751-4f18-b157-6804e7d0f08c:c1888]
2019-07-10 05:59:42,549 INFO  client.GrpcClientProtocolClient (GrpcClientProtocolClient.java:onNext(255)) - client-535162E20057->7049f9e8-7de6-4c8c-bf4c-9bb5512f4299: receive RaftClientReply:client-535162E20057->7049f9e8-7de6-4c8c-bf4c-9bb5512f4299@group-3B5DE3AEDFC2, cid=1336, SUCCESS, logIndex=1891, commits[7049f9e8-7de6-4c8c-bf4c-9bb5512f4299:c1892, 13d9ac51-91bf-4c73-8824-2f58fc5b2747:c1888, 15cd3569-c751-4f18-b157-6804e7d0f08c:c1890]
2019-07-10 05:59:42,550 INFO  client.GrpcClientProtocolClient (GrpcClientProtocolClient.java:onNext(255)) - client-535162E20057->7049f9e8-7de6-4c8c-bf4c-9bb5512f4299: receive RaftClientReply:client-535162E20057->7049f9e8-7de6-4c8c-bf4c-9bb5512f4299@group-3B5DE3AEDFC2, cid=1337, SUCCESS, logIndex=1892, commits[7049f9e8-7de6-4c8c-bf4c-9bb5512f4299:c1892, 13d9ac51-91bf-4c73-8824-2f58fc5b2747:c1890, 15cd3569-c751-4f18-b157-6804e7d0f08c:c1890]
2019-07-10 05:59:42,552 INFO  client.GrpcClientProtocolClient (GrpcClientProtocolClient.java:onNext(255)) - client-535162E20057->7049f9e8-7de6-4c8c-bf4c-9bb5512f4299: receive RaftClientReply:client-535162E20057->7049f9e8-7de6-4c8c-bf4c-9bb5512f4299@group-3B5DE3AEDFC2, cid=1338, SUCCESS, logIndex=1893, commits[7049f9e8-7de6-4c8c-bf4c-9bb5512f4299:c1894, 13d9ac51-91bf-4c73-8824-2f58fc5b2747:c1890, 15cd3569-c751-4f18-b157-6804e7d0f08c:c1890]
2019-07-10 05:59:42,552 INFO  client.GrpcClientProtocolClient (GrpcClientProtocolClient.java:onNext(255)) - client-535162E20057->7049f9e8-7de6-4c8c-bf4c-9bb5512f4299: receive RaftClientReply:client-535162E20057->7049f9e8-7de6-4c8c-bf4c-9bb5512f4299@group-3B5DE3AEDFC2, cid=1339, SUCCESS, logIndex=1894, commits[7049f9e8-7de6-4c8c-bf4c-9bb5512f4299:c1896, 13d9ac51-91bf-4c73-8824-2f58fc5b2747:c1892, 15cd3569-c751-4f18-b157-6804e7d0f08c:c1892]
2019-07-10 05:59:42,566 INFO  client.GrpcClientProtocolClient (GrpcClientProtocolClient.java:onNext(255)) - client-535162E20057->7049f9e8-7de6-4c8c-bf4c-9bb5512f4299: receive RaftClientReply:client-535162E20057->7049f9e8-7de6-4c8c-bf4c-9bb5512f4299@group-3B5DE3AEDFC2, cid=1340, SUCCESS, logIndex=1899, commits[7049f9e8-7de6-4c8c-bf4c-9bb5512f4299:c1900, 13d9ac51-91bf-4c73-8824-2f58fc5b2747:c1894, 15cd3569-c751-4f18-b157-6804e7d0f08c:c1896]
2019-07-10 05:59:42,566 INFO  client.GrpcClientProtocolClient (GrpcClientProtocolClient.java:onNext(255)) - client-535162E20057->7049f9e8-7de6-4c8c-bf4c-9bb5512f4299: receive RaftClientReply:client-535162E20057->7049f9e8-7de6-4c8c-bf4c-9bb5512f4299@group-3B5DE3AEDFC2, cid=1341, SUCCESS, logIndex=1900, commits[7049f9e8-7de6-4c8c-bf4c-9bb5512f4299:c1900, 13d9ac51-91bf-4c73-8824-2f58fc5b2747:c1896, 15cd3569-c751-4f18-b157-6804e7d0f08c:c1896]
2019-07-10 05:59:42,655 INFO  client.GrpcClientProtocolClient (GrpcClientProtocolClient.java:onNext(255)) - client-535162E20057->7049f9e8-7de6-4c8c-bf4c-9bb5512f4299: receive RaftClientReply:client-535162E20057->7049f9e8-7de6-4c8c-bf4c-9bb5512f4299@group-3B5DE3AEDFC2, cid=1342, SUCCESS, logIndex=1903, commits[7049f9e8-7de6-4c8c-bf4c-9bb5512f4299:c1904, 13d9ac51-91bf-4c73-8824-2f58fc5b2747:c1900, 15cd3569-c751-4f18-b157-6804e7d0f08c:c1900]
2019-07-10 05:59:42,655 INFO  client.GrpcClientProtocolClient (GrpcClientProtocolClient.java:onNext(255)) - client-535162E20057->7049f9e8-7de6-4c8c-bf4c-9bb5512f4299: receive RaftClientReply:client-535162E20057->7049f9e8-7de6-4c8c-bf4c-9bb5512f4299@group-3B5DE3AEDFC2, cid=1343, SUCCESS, logIndex=1904, commits[7049f9e8-7de6-4c8c-bf4c-9bb5512f4299:c1904, 13d9ac51-91bf-4c73-8824-2f58fc5b2747:c1900, 15cd3569-c751-4f18-b157-6804e7d0f08c:c1900]
2019-07-10 05:59:42,670 INFO  client.GrpcClientProtocolClient (GrpcClientProtocolClient.java:onNext(255)) - client-535162E20057->7049f9e8-7de6-4c8c-bf4c-9bb5512f4299: receive RaftClientReply:client-535162E20057->7049f9e8-7de6-4c8c-bf4c-9bb5512f4299@group-3B5DE3AEDFC2, cid=1344, SUCCESS, logIndex=0, commits[7049f9e8-7de6-4c8c-bf4c-9bb5512f4299:c1906, 13d9ac51-91bf-4c73-8824-2f58fc5b2747:c1904, 15cd3569-c751-4f18-b157-6804e7d0f08c:c1904]
2019-07-10 05:59:42,700 INFO  client.GrpcClientProtocolClient (GrpcClientProtocolClient.java:onNext(255)) - client-535162E20057->7049f9e8-7de6-4c8c-bf4c-9bb5512f4299: receive RaftClientReply:client-535162E20057->7049f9e8-7de6-4c8c-bf4c-9bb5512f4299@group-3B5DE3AEDFC2, cid=1345, SUCCESS, logIndex=1907, commits[7049f9e8-7de6-4c8c-bf4c-9bb5512f4299:c1908, 13d9ac51-91bf-4c73-8824-2f58fc5b2747:c1906, 15cd3569-c751-4f18-b157-6804e7d0f08c:c1906]
2019-07-10 05:59:42,700 INFO  client.GrpcClientProtocolClient (GrpcClientProtocolClient.java:onNext(255)) - client-535162E20057->7049f9e8-7de6-4c8c-bf4c-9bb5512f4299: receive RaftClientReply:client-535162E20057->7049f9e8-7de6-4c8c-bf4c-9bb5512f4299@group-3B5DE3AEDFC2, cid=1346, SUCCESS, logIndex=1908, commits[7049f9e8-7de6-4c8c-bf4c-9bb5512f4299:c1908, 13d9ac51-91bf-4c73-8824-2f58fc5b2747:c1906, 15cd3569-c751-4f18-b157-6804e7d0f08c:c1906]
2019-07-10 05:59:42,701 INFO  client.GrpcClientProtocolClient (GrpcClientProtocolClient.java:onNext(255)) - client-535162E20057->7049f9e8-7de6-4c8c-bf4c-9bb5512f4299: receive RaftClientReply:client-535162E20057->7049f9e8-7de6-4c8c-bf4c-9bb5512f4299@group-3B5DE3AEDFC2, cid=1347, SUCCESS, logIndex=1909, commits[7049f9e8-7de6-4c8c-bf4c-9bb5512f4299:c1910, 13d9ac51-91bf-4c73-8824-2f58fc5b2747:c1906, 15cd3569-c751-4f18-b157-6804e7d0f08c:c1906]
2019-07-10 05:59:42,702 INFO  client.GrpcClientProtocolClient (GrpcClientProtocolClient.java:onNext(255)) - client-535162E20057->7049f9e8-7de6-4c8c-bf4c-9bb5512f4299: receive RaftClientReply:client-535162E20057->7049f9e8-7de6-4c8c-bf4c-9bb5512f4299@group-3B5DE3AEDFC2, cid=1348, SUCCESS, logIndex=1910, commits[7049f9e8-7de6-4c8c-bf4c-9bb5512f4299:c1910, 13d9ac51-91bf-4c73-8824-2f58fc5b2747:c1906, 15cd3569-c751-4f18-b157-6804e7d0f08c:c1906]
2019-07-10 05:59:42,715 INFO  client.GrpcClientProtocolClient (GrpcClientProtocolClient.java:onNext(255)) - client-535162E20057->7049f9e8-7de6-4c8c-bf4c-9bb5512f4299: receive RaftClientReply:client-535162E20057->7049f9e8-7de6-4c8c-bf4c-9bb5512f4299@group-3B5DE3AEDFC2, cid=1349, SUCCESS, logIndex=0, commits[7049f9e8-7de6-4c8c-bf4c-9bb5512f4299:c1913, 13d9ac51-91bf-4c73-8824-2f58fc5b2747:c1909, 15cd3569-c751-4f18-b157-6804e7d0f08c:c1908]
2019-07-10 05:59:42,735 INFO  client.GrpcClientProtocolClient (GrpcClientProtocolClient.java:onNext(255)) - client-535162E20057->7049f9e8-7de6-4c8c-bf4c-9bb5512f4299: receive RaftClientReply:client-535162E20057->7049f9e8-7de6-4c8c-bf4c-9bb5512f4299@group-3B5DE3AEDFC2, cid=1350, SUCCESS, logIndex=1915, commits[7049f9e8-7de6-4c8c-bf4c-9bb5512f4299:c1916, 13d9ac51-91bf-4c73-8824-2f58fc5b2747:c1914, 15cd3569-c751-4f18-b157-6804e7d0f08c:c1914]
2019-07-10 05:59:42,736 INFO  client.GrpcClientProtocolClient (GrpcClientProtocolClient.java:onNext(255)) - client-535162E20057->7049f9e8-7de6-4c8c-bf4c-9bb5512f4299: receive RaftClientReply:client-535162E20057->7049f9e8-7de6-4c8c-bf4c-9bb5512f4299@group-3B5DE3AEDFC2, cid=1351, SUCCESS, logIndex=1916, commits[7049f9e8-7de6-4c8c-bf4c-9bb5512f4299:c1916, 13d9ac51-91bf-4c73-8824-2f58fc5b2747:c1914, 15cd3569-c751-4f18-b157-6804e7d0f08c:c1914]
2019-07-10 05:59:42,750 INFO  client.GrpcClientProtocolClient (GrpcClientProtocolClient.java:onNext(255)) - client-535162E20057->7049f9e8-7de6-4c8c-bf4c-9bb5512f4299: receive RaftClientReply:client-535162E20057->7049f9e8-7de6-4c8c-bf4c-9bb5512f4299@group-3B5DE3AEDFC2, cid=1352, SUCCESS, logIndex=1919, commits[7049f9e8-7de6-4c8c-bf4c-9bb5512f4299:c1920, 13d9ac51-91bf-4c73-8824-2f58fc5b2747:c1916, 15cd3569-c751-4f18-b157-6804e7d0f08c:c1916]
2019-07-10 05:59:42,751 INFO  client.GrpcClientProtocolClient (GrpcClientProtocolClient.java:onNext(255)) - client-535162E20057->7049f9e8-7de6-4c8c-bf4c-9bb5512f4299: receive RaftClientReply:client-535162E20057->7049f9e8-7de6-4c8c-bf4c-9bb5512f4299@group-3B5DE3AEDFC2, cid=1353, SUCCESS, logIndex=1920, commits[7049f9e8-7de6-4c8c-bf4c-9bb5512f4299:c1920, 13d9ac51-91bf-4c73-8824-2f58fc5b2747:c1916, 15cd3569-c751-4f18-b157-6804e7d0f08c:c1916]
2019-07-10 05:59:42,754 INFO  client.GrpcClientProtocolClient (GrpcClientProtocolClient.java:onNext(255)) - client-535162E20057->7049f9e8-7de6-4c8c-bf4c-9bb5512f4299: receive RaftClientReply:client-535162E20057->7049f9e8-7de6-4c8c-bf4c-9bb5512f4299@group-3B5DE3AEDFC2, cid=1354, SUCCESS, logIndex=0, commits[7049f9e8-7de6-4c8c-bf4c-9bb5512f4299:c1922, 13d9ac51-91bf-4c73-8824-2f58fc5b2747:c1920, 15cd3569-c751-4f18-b157-6804e7d0f08c:c1920]
2019-07-10 05:59:42,795 INFO  client.GrpcClientProtocolClient (GrpcClientProtocolClient.java:onNext(255)) - client-535162E20057->7049f9e8-7de6-4c8c-bf4c-9bb5512f4299: receive RaftClientReply:client-535162E20057->7049f9e8-7de6-4c8c-bf4c-9bb5512f4299@group-3B5DE3AEDFC2, cid=1355, SUCCESS, logIndex=1923, commits[7049f9e8-7de6-4c8c-bf4c-9bb5512f4299:c1924, 13d9ac51-91bf-4c73-8824-2f58fc5b2747:c1922, 15cd3569-c751-4f18-b157-6804e7d0f08c:c1922]
2019-07-10 05:59:42,795 INFO  client.GrpcClientProtocolClient (GrpcClientProtocolClient.java:onNext(255)) - client-535162E20057->7049f9e8-7de6-4c8c-bf4c-9bb5512f4299: receive RaftClientReply:client-535162E20057->7049f9e8-7de6-4c8c-bf4c-9bb5512f4299@group-3B5DE3AEDFC2, cid=1356, SUCCESS, logIndex=1924, commits[7049f9e8-7de6-4c8c-bf4c-9bb5512f4299:c1924, 13d9ac51-91bf-4c73-8824-2f58fc5b2747:c1922, 15cd3569-c751-4f18-b157-6804e7d0f08c:c1922]
2019-07-10 05:59:42,796 INFO  client.GrpcClientProtocolClient (GrpcClientProtocolClient.java:onNext(255)) - client-535162E20057->7049f9e8-7de6-4c8c-bf4c-9bb5512f4299: receive RaftClientReply:client-535162E20057->7049f9e8-7de6-4c8c-bf4c-9bb5512f4299@group-3B5DE3AEDFC2, cid=1357, SUCCESS, logIndex=1925, commits[7049f9e8-7de6-4c8c-bf4c-9bb5512f4299:c1926, 13d9ac51-91bf-4c73-8824-2f58fc5b2747:c1922, 15cd3569-c751-4f18-b157-6804e7d0f08c:c1922]
2019-07-10 05:59:42,797 INFO  client.GrpcClientProtocolClient (GrpcClientProtocolClient.java:onNext(255)) - client-535162E20057->7049f9e8-7de6-4c8c-bf4c-9bb5512f4299: receive RaftClientReply:client-535162E20057->7049f9e8-7de6-4c8c-bf4c-9bb5512f4299@group-3B5DE3AEDFC2, cid=1358, SUCCESS, logIndex=1926, commits[7049f9e8-7de6-4c8c-bf4c-9bb5512f4299:c1926, 13d9ac51-91bf-4c73-8824-2f58fc5b2747:c1922, 15cd3569-c751-4f18-b157-6804e7d0f08c:c1922]
2019-07-10 05:59:42,798 INFO  client.GrpcClientProtocolClient (GrpcClientProtocolClient.java:onNext(255)) - client-535162E20057->7049f9e8-7de6-4c8c-bf4c-9bb5512f4299: receive RaftClientReply:client-535162E20057->7049f9e8-7de6-4c8c-bf4c-9bb5512f4299@group-3B5DE3AEDFC2, cid=1359, SUCCESS, logIndex=0, commits[7049f9e8-7de6-4c8c-bf4c-9bb5512f4299:c1928, 13d9ac51-91bf-4c73-8824-2f58fc5b2747:c1924, 15cd3569-c751-4f18-b157-6804e7d0f08c:c1924]
2019-07-10 05:59:42,818 INFO  client.GrpcClientProtocolClient (GrpcClientProtocolClient.java:onNext(255)) - client-535162E20057->7049f9e8-7de6-4c8c-bf4c-9bb5512f4299: receive RaftClientReply:client-535162E20057->7049f9e8-7de6-4c8c-bf4c-9bb5512f4299@group-3B5DE3AEDFC2, cid=1360, SUCCESS, logIndex=1931, commits[7049f9e8-7de6-4c8c-bf4c-9bb5512f4299:c1932, 13d9ac51-91bf-4c73-8824-2f58fc5b2747:c1930, 15cd3569-c751-4f18-b157-6804e7d0f08c:c1930]
2019-07-10 05:59:42,818 INFO  client.GrpcClientProtocolClient (GrpcClientProtocolClient.java:onNext(255)) - client-535162E20057->7049f9e8-7de6-4c8c-bf4c-9bb5512f4299: receive RaftClientReply:client-535162E20057->7049f9e8-7de6-4c8c-bf4c-9bb5512f4299@group-3B5DE3AEDFC2, cid=1361, SUCCESS, logIndex=1932, commits[7049f9e8-7de6-4c8c-bf4c-9bb5512f4299:c1932, 13d9ac51-91bf-4c73-8824-2f58fc5b2747:c1930, 15cd3569-c751-4f18-b157-6804e7d0f08c:c1930]
2019-07-10 05:59:42,830 INFO  client.GrpcClientProtocolClient (GrpcClientProtocolClient.java:onNext(255)) - client-535162E20057->7049f9e8-7de6-4c8c-bf4c-9bb5512f4299: receive RaftClientReply:client-535162E20057->7049f9e8-7de6-4c8c-bf4c-9bb5512f4299@group-3B5DE3AEDFC2, cid=1362, SUCCESS, logIndex=1935, commits[7049f9e8-7de6-4c8c-bf4c-9bb5512f4299:c1936, 13d9ac51-91bf-4c73-8824-2f58fc5b2747:c1932, 15cd3569-c751-4f18-b157-6804e7d0f08c:c1932]
2019-07-10 05:59:42,830 INFO  client.GrpcClientProtocolClient (GrpcClientProtocolClient.java:onNext(255)) - client-535162E20057->7049f9e8-7de6-4c8c-bf4c-9bb5512f4299: receive RaftClientReply:client-535162E20057->7049f9e8-7de6-4c8c-bf4c-9bb5512f4299@group-3B5DE3AEDFC2, cid=1363, SUCCESS, logIndex=1936, commits[7049f9e8-7de6-4c8c-bf4c-9bb5512f4299:c1936, 13d9ac51-91bf-4c73-8824-2f58fc5b2747:c1932, 15cd3569-c751-4f18-b157-6804e7d0f08c:c1932]
2019-07-10 05:59:42,831 INFO  client.GrpcClientProtocolClient (GrpcClientProtocolClient.java:onNext(255)) - client-535162E20057->7049f9e8-7de6-4c8c-bf4c-9bb5512f4299: receive RaftClientReply:client-535162E20057->7049f9e8-7de6-4c8c-bf4c-9bb5512f4299@group-3B5DE3AEDFC2, cid=1364, SUCCESS, logIndex=0, commits[7049f9e8-7de6-4c8c-bf4c-9bb5512f4299:c1937, 13d9ac51-91bf-4c73-8824-2f58fc5b2747:c1936, 15cd3569-c751-4f18-b157-6804e7d0f08c:c1936]
2019-07-10 05:59:42,856 INFO  client.GrpcClientProtocolClient (GrpcClientProtocolClient.java:onNext(255)) - client-535162E20057->7049f9e8-7de6-4c8c-bf4c-9bb5512f4299: receive RaftClientReply:client-535162E20057->7049f9e8-7de6-4c8c-bf4c-9bb5512f4299@group-3B5DE3AEDFC2, cid=1365, SUCCESS, logIndex=1938, commits[7049f9e8-7de6-4c8c-bf4c-9bb5512f4299:c1939, 13d9ac51-91bf-4c73-8824-2f58fc5b2747:c1937, 15cd3569-c751-4f18-b157-6804e7d0f08c:c1937]
2019-07-10 05:59:42,857 INFO  client.GrpcClientProtocolClient (GrpcClientProtocolClient.java:onNext(255)) - client-535162E20057->7049f9e8-7de6-4c8c-bf4c-9bb5512f4299: receive RaftClientReply:client-535162E20057->7049f9e8-7de6-4c8c-bf4c-9bb5512f4299@group-3B5DE3AEDFC2, cid=1366, SUCCESS, logIndex=1939, commits[7049f9e8-7de6-4c8c-bf4c-9bb5512f4299:c1939, 13d9ac51-91bf-4c73-8824-2f58fc5b2747:c1937, 15cd3569-c751-4f18-b157-6804e7d0f08c:c1937]
2019-07-10 05:59:42,857 INFO  client.GrpcClientProtocolClient (GrpcClientProtocolClient.java:onNext(255)) - client-535162E20057->7049f9e8-7de6-4c8c-bf4c-9bb5512f4299: receive RaftClientReply:client-535162E20057->7049f9e8-7de6-4c8c-bf4c-9bb5512f4299@group-3B5DE3AEDFC2, cid=1367, SUCCESS, logIndex=1940, commits[7049f9e8-7de6-4c8c-bf4c-9bb5512f4299:c1941, 13d9ac51-91bf-4c73-8824-2f58fc5b2747:c1937, 15cd3569-c751-4f18-b157-6804e7d0f08c:c1937]
2019-07-10 05:59:42,858 INFO  client.GrpcClientProtocolClient (GrpcClientProtocolClient.java:onNext(255)) - client-535162E20057->7049f9e8-7de6-4c8c-bf4c-9bb5512f4299: receive RaftClientReply:client-535162E20057->7049f9e8-7de6-4c8c-bf4c-9bb5512f4299@group-3B5DE3AEDFC2, cid=1368, SUCCESS, logIndex=1941, commits[7049f9e8-7de6-4c8c-bf4c-9bb5512f4299:c1941, 13d9ac51-91bf-4c73-8824-2f58fc5b2747:c1937, 15cd3569-c751-4f18-b157-6804e7d0f08c:c1937]
2019-07-10 05:59:42,859 INFO  client.GrpcClientProtocolClient (GrpcClientProtocolClient.java:onNext(255)) - client-535162E20057->7049f9e8-7de6-4c8c-bf4c-9bb5512f4299: receive RaftClientReply:client-535162E20057->7049f9e8-7de6-4c8c-bf4c-9bb5512f4299@group-3B5DE3AEDFC2, cid=1369, SUCCESS, logIndex=0, commits[7049f9e8-7de6-4c8c-bf4c-9bb5512f4299:c1943, 13d9ac51-91bf-4c73-8824-2f58fc5b2747:c1939, 15cd3569-c751-4f18-b157-6804e7d0f08c:c1939]
2019-07-10 05:59:42,877 INFO  client.GrpcClientProtocolClient (GrpcClientProtocolClient.java:onNext(255)) - client-535162E20057->7049f9e8-7de6-4c8c-bf4c-9bb5512f4299: receive RaftClientReply:client-535162E20057->7049f9e8-7de6-4c8c-bf4c-9bb5512f4299@group-3B5DE3AEDFC2, cid=1370, SUCCESS, logIndex=1946, commits[7049f9e8-7de6-4c8c-bf4c-9bb5512f4299:c1947, 13d9ac51-91bf-4c73-8824-2f58fc5b2747:c1945, 15cd3569-c751-4f18-b157-6804e7d0f08c:c1945]
2019-07-10 05:59:42,878 INFO  client.GrpcClientProtocolClient (GrpcClientProtocolClient.java:onNext(255)) - client-535162E20057->7049f9e8-7de6-4c8c-bf4c-9bb5512f4299: receive RaftClientReply:client-535162E20057->7049f9e8-7de6-4c8c-bf4c-9bb5512f4299@group-3B5DE3AEDFC2, cid=1371, SUCCESS, logIndex=1947, commits[7049f9e8-7de6-4c8c-bf4c-9bb5512f4299:c1947, 13d9ac51-91bf-4c73-8824-2f58fc5b2747:c1945, 15cd3569-c751-4f18-b157-6804e7d0f08c:c1945]
2019-07-10 05:59:42,892 INFO  client.GrpcClientProtocolClient (GrpcClientProtocolClient.java:onNext(255)) - client-535162E20057->7049f9e8-7de6-4c8c-bf4c-9bb5512f4299: receive RaftClientReply:client-535162E20057->7049f9e8-7de6-4c8c-bf4c-9bb5512f4299@group-3B5DE3AEDFC2, cid=1372, SUCCESS, logIndex=1950, commits[7049f9e8-7de6-4c8c-bf4c-9bb5512f4299:c1951, 13d9ac51-91bf-4c73-8824-2f58fc5b2747:c1947, 15cd3569-c751-4f18-b157-6804e7d0f08c:c1947]
2019-07-10 05:59:42,892 INFO  client.GrpcClientProtocolClient (GrpcClientProtocolClient.java:onNext(255)) - client-535162E20057->7049f9e8-7de6-4c8c-bf4c-9bb5512f4299: receive RaftClientReply:client-535162E20057->7049f9e8-7de6-4c8c-bf4c-9bb5512f4299@group-3B5DE3AEDFC2, cid=1373, SUCCESS, logIndex=1951, commits[7049f9e8-7de6-4c8c-bf4c-9bb5512f4299:c1951, 13d9ac51-91bf-4c73-8824-2f58fc5b2747:c1947, 15cd3569-c751-4f18-b157-6804e7d0f08c:c1947]
2019-07-10 05:59:42,905 INFO  client.GrpcClientProtocolClient (GrpcClientProtocolClient.java:onNext(255)) - client-535162E20057->7049f9e8-7de6-4c8c-bf4c-9bb5512f4299: receive RaftClientReply:client-535162E20057->7049f9e8-7de6-4c8c-bf4c-9bb5512f4299@group-3B5DE3AEDFC2, cid=1374, SUCCESS, logIndex=0, commits[7049f9e8-7de6-4c8c-bf4c-9bb5512f4299:c1953, 13d9ac51-91bf-4c73-8824-2f58fc5b2747:c1951, 15cd3569-c751-4f18-b157-6804e7d0f08c:c1951]
2019-07-10 05:59:42,928 INFO  client.GrpcClientProtocolClient (GrpcClientProtocolClient.java:onNext(255)) - client-535162E20057->7049f9e8-7de6-4c8c-bf4c-9bb5512f4299: receive RaftClientReply:client-535162E20057->7049f9e8-7de6-4c8c-bf4c-9bb5512f4299@group-3B5DE3AEDFC2, cid=1375, SUCCESS, logIndex=1954, commits[7049f9e8-7de6-4c8c-bf4c-9bb5512f4299:c1955, 13d9ac51-91bf-4c73-8824-2f58fc5b2747:c1953, 15cd3569-c751-4f18-b157-6804e7d0f08c:c1953]
2019-07-10 05:59:42,928 INFO  client.GrpcClientProtocolClient (GrpcClientProtocolClient.java:onNext(255)) - client-535162E20057->7049f9e8-7de6-4c8c-bf4c-9bb5512f4299: receive RaftClientReply:client-535162E20057->7049f9e8-7de6-4c8c-bf4c-9bb5512f4299@group-3B5DE3AEDFC2, cid=1376, SUCCESS, logIndex=1955, commits[7049f9e8-7de6-4c8c-bf4c-9bb5512f4299:c1955, 13d9ac51-91bf-4c73-8824-2f58fc5b2747:c1953, 15cd3569-c751-4f18-b157-6804e7d0f08c:c1953]
2019-07-10 05:59:42,931 INFO  client.GrpcClientProtocolClient (GrpcClientProtocolClient.java:onNext(255)) - client-535162E20057->7049f9e8-7de6-4c8c-bf4c-9bb5512f4299: receive RaftClientReply:client-535162E20057->7049f9e8-7de6-4c8c-bf4c-9bb5512f4299@group-3B5DE3AEDFC2, cid=1377, SUCCESS, logIndex=1956, commits[7049f9e8-7de6-4c8c-bf4c-9bb5512f4299:c1956, 13d9ac51-91bf-4c73-8824-2f58fc5b2747:c1953, 15cd3569-c751-4f18-b157-6804e7d0f08c:c1953]
2019-07-10 05:59:42,931 INFO  client.GrpcClientProtocolClient (GrpcClientProtocolClient.java:onNext(255)) - client-535162E20057->7049f9e8-7de6-4c8c-bf4c-9bb5512f4299: receive RaftClientReply:client-535162E20057->7049f9e8-7de6-4c8c-bf4c-9bb5512f4299@group-3B5DE3AEDFC2, cid=1378, SUCCESS, logIndex=1957, commits[7049f9e8-7de6-4c8c-bf4c-9bb5512f4299:c1957, 13d9ac51-91bf-4c73-8824-2f58fc5b2747:c1953, 15cd3569-c751-4f18-b157-6804e7d0f08c:c1953]
2019-07-10 05:59:42,943 INFO  client.GrpcClientProtocolClient (GrpcClientProtocolClient.java:onNext(255)) - client-535162E20057->7049f9e8-7de6-4c8c-bf4c-9bb5512f4299: receive RaftClientReply:client-535162E20057->7049f9e8-7de6-4c8c-bf4c-9bb5512f4299@group-3B5DE3AEDFC2, cid=1379, SUCCESS, logIndex=0, commits[7049f9e8-7de6-4c8c-bf4c-9bb5512f4299:c1959, 13d9ac51-91bf-4c73-8824-2f58fc5b2747:c1955, 15cd3569-c751-4f18-b157-6804e7d0f08c:c1955]
2019-07-10 05:59:42,961 INFO  client.GrpcClientProtocolClient (GrpcClientProtocolClient.java:onNext(255)) - client-535162E20057->7049f9e8-7de6-4c8c-bf4c-9bb5512f4299: receive RaftClientReply:client-535162E20057->7049f9e8-7de6-4c8c-bf4c-9bb5512f4299@group-3B5DE3AEDFC2, cid=1380, SUCCESS, logIndex=1962, commits[7049f9e8-7de6-4c8c-bf4c-9bb5512f4299:c1963, 13d9ac51-91bf-4c73-8824-2f58fc5b2747:c1961, 15cd3569-c751-4f18-b157-6804e7d0f08c:c1961]
2019-07-10 05:59:42,962 INFO  client.GrpcClientProtocolClient (GrpcClientProtocolClient.java:onNext(255)) - client-535162E20057->7049f9e8-7de6-4c8c-bf4c-9bb5512f4299: receive RaftClientReply:client-535162E20057->7049f9e8-7de6-4c8c-bf4c-9bb5512f4299@group-3B5DE3AEDFC2, cid=1381, SUCCESS, logIndex=1963, commits[7049f9e8-7de6-4c8c-bf4c-9bb5512f4299:c1963, 13d9ac51-91bf-4c73-8824-2f58fc5b2747:c1961, 15cd3569-c751-4f18-b157-6804e7d0f08c:c1961]
2019-07-10 05:59:42,972 INFO  client.GrpcClientProtocolClient (GrpcClientProtocolClient.java:onNext(255)) - client-535162E20057->7049f9e8-7de6-4c8c-bf4c-9bb5512f4299: receive RaftClientReply:client-535162E20057->7049f9e8-7de6-4c8c-bf4c-9bb5512f4299@group-3B5DE3AEDFC2, cid=1382, SUCCESS, logIndex=1966, commits[7049f9e8-7de6-4c8c-bf4c-9bb5512f4299:c1967, 13d9ac51-91bf-4c73-8824-2f58fc5b2747:c1963, 15cd3569-c751-4f18-b157-6804e7d0f08c:c1965]
2019-07-10 05:59:42,972 INFO  client.GrpcClientProtocolClient (GrpcClientProtocolClient.java:onNext(255)) - client-535162E20057->7049f9e8-7de6-4c8c-bf4c-9bb5512f4299: receive RaftClientReply:client-535162E20057->7049f9e8-7de6-4c8c-bf4c-9bb5512f4299@group-3B5DE3AEDFC2, cid=1383, SUCCESS, logIndex=1967, commits[7049f9e8-7de6-4c8c-bf4c-9bb5512f4299:c1967, 13d9ac51-91bf-4c73-8824-2f58fc5b2747:c1965, 15cd3569-c751-4f18-b157-6804e7d0f08c:c1965]
2019-07-10 05:59:42,975 INFO  client.GrpcClientProtocolClient (GrpcClientProtocolClient.java:onNext(255)) - client-535162E20057->7049f9e8-7de6-4c8c-bf4c-9bb5512f4299: receive RaftClientReply:client-535162E20057->7049f9e8-7de6-4c8c-bf4c-9bb5512f4299@group-3B5DE3AEDFC2, cid=1384, SUCCESS, logIndex=0, commits[7049f9e8-7de6-4c8c-bf4c-9bb5512f4299:c1968, 13d9ac51-91bf-4c73-8824-2f58fc5b2747:c1967, 15cd3569-c751-4f18-b157-6804e7d0f08c:c1967]
2019-07-10 05:59:42,991 INFO  client.GrpcClientProtocolClient (GrpcClientProtocolClient.java:onNext(255)) - client-535162E20057->7049f9e8-7de6-4c8c-bf4c-9bb5512f4299: receive RaftClientReply:client-535162E20057->7049f9e8-7de6-4c8c-bf4c-9bb5512f4299@group-3B5DE3AEDFC2, cid=1385, SUCCESS, logIndex=1970, commits[7049f9e8-7de6-4c8c-bf4c-9bb5512f4299:c1971, 13d9ac51-91bf-4c73-8824-2f58fc5b2747:c1969, 15cd3569-c751-4f18-b157-6804e7d0f08c:c1967]
2019-07-10 05:59:42,992 INFO  client.GrpcClientProtocolClient (GrpcClientProtocolClient.java:onNext(255)) - client-535162E20057->7049f9e8-7de6-4c8c-bf4c-9bb5512f4299: receive RaftClientReply:client-535162E20057->7049f9e8-7de6-4c8c-bf4c-9bb5512f4299@group-3B5DE3AEDFC2, cid=1386, SUCCESS, logIndex=1971, commits[7049f9e8-7de6-4c8c-bf4c-9bb5512f4299:c1971, 13d9ac51-91bf-4c73-8824-2f58fc5b2747:c1969, 15cd3569-c751-4f18-b157-6804e7d0f08c:c1967]
2019-07-10 05:59:42,992 INFO  client.GrpcClientProtocolClient (GrpcClientProtocolClient.java:onNext(255)) - client-535162E20057->7049f9e8-7de6-4c8c-bf4c-9bb5512f4299: receive RaftClientReply:client-535162E20057->7049f9e8-7de6-4c8c-bf4c-9bb5512f4299@group-3B5DE3AEDFC2, cid=1387, SUCCESS, logIndex=1972, commits[7049f9e8-7de6-4c8c-bf4c-9bb5512f4299:c1973, 13d9ac51-91bf-4c73-8824-2f58fc5b2747:c1969, 15cd3569-c751-4f18-b157-6804e7d0f08c:c1967]
2019-07-10 05:59:42,993 INFO  client.GrpcClientProtocolClient (GrpcClientProtocolClient.java:onNext(255)) - client-535162E20057->7049f9e8-7de6-4c8c-bf4c-9bb5512f4299: receive RaftClientReply:client-535162E20057->7049f9e8-7de6-4c8c-bf4c-9bb5512f4299@group-3B5DE3AEDFC2, cid=1388, SUCCESS, logIndex=1973, commits[7049f9e8-7de6-4c8c-bf4c-9bb5512f4299:c1973, 13d9ac51-91bf-4c73-8824-2f58fc5b2747:c1969, 15cd3569-c751-4f18-b157-6804e7d0f08c:c1967]
2019-07-10 05:59:42,995 INFO  client.GrpcClientProtocolClient (GrpcClientProtocolClient.java:onNext(255)) - client-535162E20057->7049f9e8-7de6-4c8c-bf4c-9bb5512f4299: receive RaftClientReply:client-535162E20057->7049f9e8-7de6-4c8c-bf4c-9bb5512f4299@group-3B5DE3AEDFC2, cid=1389, SUCCESS, logIndex=0, commits[7049f9e8-7de6-4c8c-bf4c-9bb5512f4299:c1975, 13d9ac51-91bf-4c73-8824-2f58fc5b2747:c1971, 15cd3569-c751-4f18-b157-6804e7d0f08c:c1971]
2019-07-10 05:59:43,004 INFO  client.GrpcClientProtocolClient (GrpcClientProtocolClient.java:onNext(255)) - client-535162E20057->7049f9e8-7de6-4c8c-bf4c-9bb5512f4299: receive RaftClientReply:client-535162E20057->7049f9e8-7de6-4c8c-bf4c-9bb5512f4299@group-3B5DE3AEDFC2, cid=1390, SUCCESS, logIndex=1978, commits[7049f9e8-7de6-4c8c-bf4c-9bb5512f4299:c1979, 13d9ac51-91bf-4c73-8824-2f58fc5b2747:c1977, 15cd3569-c751-4f18-b157-6804e7d0f08c:c1973]
2019-07-10 05:59:43,005 INFO  client.GrpcClientProtocolClient (GrpcClientProtocolClient.java:onNext(255)) - client-535162E20057->7049f9e8-7de6-4c8c-bf4c-9bb5512f4299: receive RaftClientReply:client-535162E20057->7049f9e8-7de6-4c8c-bf4c-9bb5512f4299@group-3B5DE3AEDFC2, cid=1391, SUCCESS, logIndex=1979, commits[7049f9e8-7de6-4c8c-bf4c-9bb5512f4299:c1979, 13d9ac51-91bf-4c73-8824-2f58fc5b2747:c1977, 15cd3569-c751-4f18-b157-6804e7d0f08c:c1977]
2019-07-10 05:59:43,015 INFO  client.GrpcClientProtocolClient (GrpcClientProtocolClient.java:onNext(255)) - client-535162E20057->7049f9e8-7de6-4c8c-bf4c-9bb5512f4299: receive RaftClientReply:client-535162E20057->7049f9e8-7de6-4c8c-bf4c-9bb5512f4299@group-3B5DE3AEDFC2, cid=1392, SUCCESS, logIndex=1982, commits[7049f9e8-7de6-4c8c-bf4c-9bb5512f4299:c1983, 13d9ac51-91bf-4c73-8824-2f58fc5b2747:c1981, 15cd3569-c751-4f18-b157-6804e7d0f08c:c1980]
2019-07-10 05:59:43,015 INFO  client.GrpcClientProtocolClient (GrpcClientProtocolClient.java:onNext(255)) - client-535162E20057->7049f9e8-7de6-4c8c-bf4c-9bb5512f4299: receive RaftClientReply:client-535162E20057->7049f9e8-7de6-4c8c-bf4c-9bb5512f4299@group-3B5DE3AEDFC2, cid=1393, SUCCESS, logIndex=1983, commits[7049f9e8-7de6-4c8c-bf4c-9bb5512f4299:c1983, 13d9ac51-91bf-4c73-8824-2f58fc5b2747:c1981, 15cd3569-c751-4f18-b157-6804e7d0f08c:c1981]
2019-07-10 05:59:43,018 INFO  client.GrpcClientProtocolClient (GrpcClientProtocolClient.java:onNext(255)) - client-535162E20057->7049f9e8-7de6-4c8c-bf4c-9bb5512f4299: receive RaftClientReply:client-535162E20057->7049f9e8-7de6-4c8c-bf4c-9bb5512f4299@group-3B5DE3AEDFC2, cid=1394, SUCCESS, logIndex=0, commits[7049f9e8-7de6-4c8c-bf4c-9bb5512f4299:c1984, 13d9ac51-91bf-4c73-8824-2f58fc5b2747:c1983, 15cd3569-c751-4f18-b157-6804e7d0f08c:c1983]
2019-07-10 05:59:43,046 INFO  client.GrpcClientProtocolClient (GrpcClientProtocolClient.java:onNext(255)) - client-535162E20057->7049f9e8-7de6-4c8c-bf4c-9bb5512f4299: receive RaftClientReply:client-535162E20057->7049f9e8-7de6-4c8c-bf4c-9bb5512f4299@group-3B5DE3AEDFC2, cid=1395, SUCCESS, logIndex=1986, commits[7049f9e8-7de6-4c8c-bf4c-9bb5512f4299:c1988, 13d9ac51-91bf-4c73-8824-2f58fc5b2747:c1985, 15cd3569-c751-4f18-b157-6804e7d0f08c:c1985]
2019-07-10 05:59:43,046 INFO  client.GrpcClientProtocolClient (GrpcClientProtocolClient.java:onNext(255)) - client-535162E20057->7049f9e8-7de6-4c8c-bf4c-9bb5512f4299: receive RaftClientReply:client-535162E20057->7049f9e8-7de6-4c8c-bf4c-9bb5512f4299@group-3B5DE3AEDFC2, cid=1396, SUCCESS, logIndex=1987, commits[7049f9e8-7de6-4c8c-bf4c-9bb5512f4299:c1989, 13d9ac51-91bf-4c73-8824-2f58fc5b2747:c1985, 15cd3569-c751-4f18-b157-6804e7d0f08c:c1985]
2019-07-10 05:59:43,047 INFO  client.GrpcClientProtocolClient (GrpcClientProtocolClient.java:onNext(255)) - client-535162E20057->7049f9e8-7de6-4c8c-bf4c-9bb5512f4299: receive RaftClientReply:client-535162E20057->7049f9e8-7de6-4c8c-bf4c-9bb5512f4299@group-3B5DE3AEDFC2, cid=1397, SUCCESS, logIndex=1988, commits[7049f9e8-7de6-4c8c-bf4c-9bb5512f4299:c1989, 13d9ac51-91bf-4c73-8824-2f58fc5b2747:c1985, 15cd3569-c751-4f18-b157-6804e7d0f08c:c1985]
2019-07-10 05:59:43,121 INFO  client.GrpcClientProtocolClient (GrpcClientProtocolClient.java:onNext(255)) - client-535162E20057->7049f9e8-7de6-4c8c-bf4c-9bb5512f4299: receive RaftClientReply:client-535162E20057->7049f9e8-7de6-4c8c-bf4c-9bb5512f4299@group-3B5DE3AEDFC2, cid=1398, SUCCESS, logIndex=1989, commits[7049f9e8-7de6-4c8c-bf4c-9bb5512f4299:c1989, 13d9ac51-91bf-4c73-8824-2f58fc5b2747:c1985, 15cd3569-c751-4f18-b157-6804e7d0f08c:c1985]
2019-07-10 05:59:43,134 INFO  client.GrpcClientProtocolClient (GrpcClientProtocolClient.java:onNext(255)) - client-535162E20057->7049f9e8-7de6-4c8c-bf4c-9bb5512f4299: receive RaftClientReply:client-535162E20057->7049f9e8-7de6-4c8c-bf4c-9bb5512f4299@group-3B5DE3AEDFC2, cid=1399, SUCCESS, logIndex=0, commits[7049f9e8-7de6-4c8c-bf4c-9bb5512f4299:c1991, 13d9ac51-91bf-4c73-8824-2f58fc5b2747:c1987, 15cd3569-c751-4f18-b157-6804e7d0f08c:c1987]
2019-07-10 05:59:43,166 INFO  client.GrpcClientProtocolClient (GrpcClientProtocolClient.java:onNext(255)) - client-535162E20057->7049f9e8-7de6-4c8c-bf4c-9bb5512f4299: receive RaftClientReply:client-535162E20057->7049f9e8-7de6-4c8c-bf4c-9bb5512f4299@group-3B5DE3AEDFC2, cid=1400, SUCCESS, logIndex=1994, commits[7049f9e8-7de6-4c8c-bf4c-9bb5512f4299:c1995, 13d9ac51-91bf-4c73-8824-2f58fc5b2747:c1993, 15cd3569-c751-4f18-b157-6804e7d0f08c:c1993]
2019-07-10 05:59:43,167 INFO  client.GrpcClientProtocolClient (GrpcClientProtocolClient.java:onNext(255)) - client-535162E20057->7049f9e8-7de6-4c8c-bf4c-9bb5512f4299: receive RaftClientReply:client-535162E20057->7049f9e8-7de6-4c8c-bf4c-9bb5512f4299@group-3B5DE3AEDFC2, cid=1401, SUCCESS, logIndex=1995, commits[7049f9e8-7de6-4c8c-bf4c-9bb5512f4299:c1995, 13d9ac51-91bf-4c73-8824-2f58fc5b2747:c1993, 15cd3569-c751-4f18-b157-6804e7d0f08c:c1993]
 0.00% |█                                                                                                    |  0/1 Time: 0:00:082019-07-10 05:59:43,191 INFO  client.GrpcClientProtocolClient (GrpcClientProtocolClient.java:onNext(255)) - client-535162E20057->7049f9e8-7de6-4c8c-bf4c-9bb5512f4299: receive RaftClientReply:client-535162E20057->7049f9e8-7de6-4c8c-bf4c-9bb5512f4299@group-3B5DE3AEDFC2, cid=1402, SUCCESS, logIndex=1998, commits[7049f9e8-7de6-4c8c-bf4c-9bb5512f4299:c1999, 13d9ac51-91bf-4c73-8824-2f58fc5b2747:c1995, 15cd3569-c751-4f18-b157-6804e7d0f08c:c1995]
2019-07-10 05:59:43,192 INFO  client.GrpcClientProtocolClient (GrpcClientProtocolClient.java:onNext(255)) - client-535162E20057->7049f9e8-7de6-4c8c-bf4c-9bb5512f4299: receive RaftClientReply:client-535162E20057->7049f9e8-7de6-4c8c-bf4c-9bb5512f4299@group-3B5DE3AEDFC2, cid=1403, SUCCESS, logIndex=1999, commits[7049f9e8-7de6-4c8c-bf4c-9bb5512f4299:c1999, 13d9ac51-91bf-4c73-8824-2f58fc5b2747:c1995, 15cd3569-c751-4f18-b157-6804e7d0f08c:c1995]
2019-07-10 05:59:43,195 INFO  client.GrpcClientProtocolClient (GrpcClientProtocolClient.java:onNext(255)) - client-535162E20057->7049f9e8-7de6-4c8c-bf4c-9bb5512f4299: receive RaftClientReply:client-535162E20057->7049f9e8-7de6-4c8c-bf4c-9bb5512f4299@group-3B5DE3AEDFC2, cid=1404, SUCCESS, logIndex=0, commits[7049f9e8-7de6-4c8c-bf4c-9bb5512f4299:c2000, 13d9ac51-91bf-4c73-8824-2f58fc5b2747:c1999, 15cd3569-c751-4f18-b157-6804e7d0f08c:c1999]
2019-07-10 05:59:43,222 INFO  client.GrpcClientProtocolClient (GrpcClientProtocolClient.java:onNext(255)) - client-535162E20057->7049f9e8-7de6-4c8c-bf4c-9bb5512f4299: receive RaftClientReply:client-535162E20057->7049f9e8-7de6-4c8c-bf4c-9bb5512f4299@group-3B5DE3AEDFC2, cid=1405, SUCCESS, logIndex=2002, commits[7049f9e8-7de6-4c8c-bf4c-9bb5512f4299:c2003, 13d9ac51-91bf-4c73-8824-2f58fc5b2747:c2001, 15cd3569-c751-4f18-b157-6804e7d0f08c:c2001]
2019-07-10 05:59:43,223 INFO  client.GrpcClientProtocolClient (GrpcClientProtocolClient.java:onNext(255)) - client-535162E20057->7049f9e8-7de6-4c8c-bf4c-9bb5512f4299: receive RaftClientReply:client-535162E20057->7049f9e8-7de6-4c8c-bf4c-9bb5512f4299@group-3B5DE3AEDFC2, cid=1406, SUCCESS, logIndex=2003, commits[7049f9e8-7de6-4c8c-bf4c-9bb5512f4299:c2003, 13d9ac51-91bf-4c73-8824-2f58fc5b2747:c2001, 15cd3569-c751-4f18-b157-6804e7d0f08c:c2001]
2019-07-10 05:59:43,223 INFO  client.GrpcClientProtocolClient (GrpcClientProtocolClient.java:onNext(255)) - client-535162E20057->7049f9e8-7de6-4c8c-bf4c-9bb5512f4299: receive RaftClientReply:client-535162E20057->7049f9e8-7de6-4c8c-bf4c-9bb5512f4299@group-3B5DE3AEDFC2, cid=1407, SUCCESS, logIndex=2004, commits[7049f9e8-7de6-4c8c-bf4c-9bb5512f4299:c2005, 13d9ac51-91bf-4c73-8824-2f58fc5b2747:c2001, 15cd3569-c751-4f18-b157-6804e7d0f08c:c2001]
2019-07-10 05:59:43,223 INFO  client.GrpcClientProtocolClient (GrpcClientProtocolClient.java:onNext(255)) - client-535162E20057->7049f9e8-7de6-4c8c-bf4c-9bb5512f4299: receive RaftClientReply:client-535162E20057->7049f9e8-7de6-4c8c-bf4c-9bb5512f4299@group-3B5DE3AEDFC2, cid=1408, SUCCESS, logIndex=2005, commits[7049f9e8-7de6-4c8c-bf4c-9bb5512f4299:c2005, 13d9ac51-91bf-4c73-8824-2f58fc5b2747:c2001, 15cd3569-c751-4f18-b157-6804e7d0f08c:c2001]
2019-07-10 05:59:43,236 INFO  client.GrpcClientProtocolClient (GrpcClientProtocolClient.java:onNext(255)) - client-535162E20057->7049f9e8-7de6-4c8c-bf4c-9bb5512f4299: receive RaftClientReply:client-535162E20057->7049f9e8-7de6-4c8c-bf4c-9bb5512f4299@group-3B5DE3AEDFC2, cid=1409, SUCCESS, logIndex=0, commits[7049f9e8-7de6-4c8c-bf4c-9bb5512f4299:c2007, 13d9ac51-91bf-4c73-8824-2f58fc5b2747:c2003, 15cd3569-c751-4f18-b157-6804e7d0f08c:c2003]
2019-07-10 05:59:43,256 INFO  client.GrpcClientProtocolClient (GrpcClientProtocolClient.java:onNext(255)) - client-535162E20057->7049f9e8-7de6-4c8c-bf4c-9bb5512f4299: receive RaftClientReply:client-535162E20057->7049f9e8-7de6-4c8c-bf4c-9bb5512f4299@group-3B5DE3AEDFC2, cid=1410, SUCCESS, logIndex=2010, commits[7049f9e8-7de6-4c8c-bf4c-9bb5512f4299:c2011, 13d9ac51-91bf-4c73-8824-2f58fc5b2747:c2009, 15cd3569-c751-4f18-b157-6804e7d0f08c:c2009]
2019-07-10 05:59:43,257 INFO  client.GrpcClientProtocolClient (GrpcClientProtocolClient.java:onNext(255)) - client-535162E20057->7049f9e8-7de6-4c8c-bf4c-9bb5512f4299: receive RaftClientReply:client-535162E20057->7049f9e8-7de6-4c8c-bf4c-9bb5512f4299@group-3B5DE3AEDFC2, cid=1411, SUCCESS, logIndex=2011, commits[7049f9e8-7de6-4c8c-bf4c-9bb5512f4299:c2011, 13d9ac51-91bf-4c73-8824-2f58fc5b2747:c2009, 15cd3569-c751-4f18-b157-6804e7d0f08c:c2009]
2019-07-10 05:59:43,270 INFO  client.GrpcClientProtocolClient (GrpcClientProtocolClient.java:onNext(255)) - client-535162E20057->7049f9e8-7de6-4c8c-bf4c-9bb5512f4299: receive RaftClientReply:client-535162E20057->7049f9e8-7de6-4c8c-bf4c-9bb5512f4299@group-3B5DE3AEDFC2, cid=1412, SUCCESS, logIndex=2014, commits[7049f9e8-7de6-4c8c-bf4c-9bb5512f4299:c2015, 13d9ac51-91bf-4c73-8824-2f58fc5b2747:c2010, 15cd3569-c751-4f18-b157-6804e7d0f08c:c2011]
2019-07-10 05:59:43,270 INFO  client.GrpcClientProtocolClient (GrpcClientProtocolClient.java:onNext(255)) - client-535162E20057->7049f9e8-7de6-4c8c-bf4c-9bb5512f4299: receive RaftClientReply:client-535162E20057->7049f9e8-7de6-4c8c-bf4c-9bb5512f4299@group-3B5DE3AEDFC2, cid=1413, SUCCESS, logIndex=2015, commits[7049f9e8-7de6-4c8c-bf4c-9bb5512f4299:c2015, 13d9ac51-91bf-4c73-8824-2f58fc5b2747:c2011, 15cd3569-c751-4f18-b157-6804e7d0f08c:c2011]
2019-07-10 05:59:43,272 INFO  client.GrpcClientProtocolClient (GrpcClientProtocolClient.java:onNext(255)) - client-535162E20057->7049f9e8-7de6-4c8c-bf4c-9bb5512f4299: receive RaftClientReply:client-535162E20057->7049f9e8-7de6-4c8c-bf4c-9bb5512f4299@group-3B5DE3AEDFC2, cid=1414, SUCCESS, logIndex=0, commits[7049f9e8-7de6-4c8c-bf4c-9bb5512f4299:c2017, 13d9ac51-91bf-4c73-8824-2f58fc5b2747:c2015, 15cd3569-c751-4f18-b157-6804e7d0f08c:c2015]
2019-07-10 05:59:43,307 INFO  client.GrpcClientProtocolClient (GrpcClientProtocolClient.java:onNext(255)) - client-535162E20057->7049f9e8-7de6-4c8c-bf4c-9bb5512f4299: receive RaftClientReply:client-535162E20057->7049f9e8-7de6-4c8c-bf4c-9bb5512f4299@group-3B5DE3AEDFC2, cid=1415, SUCCESS, logIndex=2018, commits[7049f9e8-7de6-4c8c-bf4c-9bb5512f4299:c2019, 13d9ac51-91bf-4c73-8824-2f58fc5b2747:c2017, 15cd3569-c751-4f18-b157-6804e7d0f08c:c2017]
2019-07-10 05:59:43,307 INFO  client.GrpcClientProtocolClient (GrpcClientProtocolClient.java:onNext(255)) - client-535162E20057->7049f9e8-7de6-4c8c-bf4c-9bb5512f4299: receive RaftClientReply:client-535162E20057->7049f9e8-7de6-4c8c-bf4c-9bb5512f4299@group-3B5DE3AEDFC2, cid=1416, SUCCESS, logIndex=2019, commits[7049f9e8-7de6-4c8c-bf4c-9bb5512f4299:c2021, 13d9ac51-91bf-4c73-8824-2f58fc5b2747:c2017, 15cd3569-c751-4f18-b157-6804e7d0f08c:c2017]
2019-07-10 05:59:43,308 INFO  client.GrpcClientProtocolClient (GrpcClientProtocolClient.java:onNext(255)) - client-535162E20057->7049f9e8-7de6-4c8c-bf4c-9bb5512f4299: receive RaftClientReply:client-535162E20057->7049f9e8-7de6-4c8c-bf4c-9bb5512f4299@group-3B5DE3AEDFC2, cid=1417, SUCCESS, logIndex=2020, commits[7049f9e8-7de6-4c8c-bf4c-9bb5512f4299:c2021, 13d9ac51-91bf-4c73-8824-2f58fc5b2747:c2017, 15cd3569-c751-4f18-b157-6804e7d0f08c:c2017]
2019-07-10 05:59:43,308 INFO  client.GrpcClientProtocolClient (GrpcClientProtocolClient.java:onNext(255)) - client-535162E20057->7049f9e8-7de6-4c8c-bf4c-9bb5512f4299: receive RaftClientReply:client-535162E20057->7049f9e8-7de6-4c8c-bf4c-9bb5512f4299@group-3B5DE3AEDFC2, cid=1418, SUCCESS, logIndex=2021, commits[7049f9e8-7de6-4c8c-bf4c-9bb5512f4299:c2021, 13d9ac51-91bf-4c73-8824-2f58fc5b2747:c2017, 15cd3569-c751-4f18-b157-6804e7d0f08c:c2017]
2019-07-10 05:59:43,309 INFO  client.GrpcClientProtocolClient (GrpcClientProtocolClient.java:onNext(255)) - client-535162E20057->7049f9e8-7de6-4c8c-bf4c-9bb5512f4299: receive RaftClientReply:client-535162E20057->7049f9e8-7de6-4c8c-bf4c-9bb5512f4299@group-3B5DE3AEDFC2, cid=1419, SUCCESS, logIndex=0, commits[7049f9e8-7de6-4c8c-bf4c-9bb5512f4299:c2024, 13d9ac51-91bf-4c73-8824-2f58fc5b2747:c2020, 15cd3569-c751-4f18-b157-6804e7d0f08c:c2019]
2019-07-10 05:59:43,324 INFO  client.GrpcClientProtocolClient (GrpcClientProtocolClient.java:onNext(255)) - client-535162E20057->7049f9e8-7de6-4c8c-bf4c-9bb5512f4299: receive RaftClientReply:client-535162E20057->7049f9e8-7de6-4c8c-bf4c-9bb5512f4299@group-3B5DE3AEDFC2, cid=1420, SUCCESS, logIndex=2026, commits[7049f9e8-7de6-4c8c-bf4c-9bb5512f4299:c2027, 13d9ac51-91bf-4c73-8824-2f58fc5b2747:c2025, 15cd3569-c751-4f18-b157-6804e7d0f08c:c2025]
2019-07-10 05:59:43,325 INFO  client.GrpcClientProtocolClient (GrpcClientProtocolClient.java:onNext(255)) - client-535162E20057->7049f9e8-7de6-4c8c-bf4c-9bb5512f4299: receive RaftClientReply:client-535162E20057->7049f9e8-7de6-4c8c-bf4c-9bb5512f4299@group-3B5DE3AEDFC2, cid=1421, SUCCESS, logIndex=2027, commits[7049f9e8-7de6-4c8c-bf4c-9bb5512f4299:c2027, 13d9ac51-91bf-4c73-8824-2f58fc5b2747:c2025, 15cd3569-c751-4f18-b157-6804e7d0f08c:c2025]
2019-07-10 05:59:43,339 INFO  client.GrpcClientProtocolClient (GrpcClientProtocolClient.java:onNext(255)) - client-535162E20057->7049f9e8-7de6-4c8c-bf4c-9bb5512f4299: receive RaftClientReply:client-535162E20057->7049f9e8-7de6-4c8c-bf4c-9bb5512f4299@group-3B5DE3AEDFC2, cid=1422, SUCCESS, logIndex=2030, commits[7049f9e8-7de6-4c8c-bf4c-9bb5512f4299:c2031, 13d9ac51-91bf-4c73-8824-2f58fc5b2747:c2027, 15cd3569-c751-4f18-b157-6804e7d0f08c:c2027]
2019-07-10 05:59:43,340 INFO  client.GrpcClientProtocolClient (GrpcClientProtocolClient.java:onNext(255)) - client-535162E20057->7049f9e8-7de6-4c8c-bf4c-9bb5512f4299: receive RaftClientReply:client-535162E20057->7049f9e8-7de6-4c8c-bf4c-9bb5512f4299@group-3B5DE3AEDFC2, cid=1423, SUCCESS, logIndex=2031, commits[7049f9e8-7de6-4c8c-bf4c-9bb5512f4299:c2031, 13d9ac51-91bf-4c73-8824-2f58fc5b2747:c2027, 15cd3569-c751-4f18-b157-6804e7d0f08c:c2027]
2019-07-10 05:59:43,352 INFO  client.GrpcClientProtocolClient (GrpcClientProtocolClient.java:onNext(255)) - client-535162E20057->7049f9e8-7de6-4c8c-bf4c-9bb5512f4299: receive RaftClientReply:client-535162E20057->7049f9e8-7de6-4c8c-bf4c-9bb5512f4299@group-3B5DE3AEDFC2, cid=1424, SUCCESS, logIndex=0, commits[7049f9e8-7de6-4c8c-bf4c-9bb5512f4299:c2033, 13d9ac51-91bf-4c73-8824-2f58fc5b2747:c2031, 15cd3569-c751-4f18-b157-6804e7d0f08c:c2031]
2019-07-10 05:59:43,377 INFO  client.GrpcClientProtocolClient (GrpcClientProtocolClient.java:onNext(255)) - client-535162E20057->7049f9e8-7de6-4c8c-bf4c-9bb5512f4299: receive RaftClientReply:client-535162E20057->7049f9e8-7de6-4c8c-bf4c-9bb5512f4299@group-3B5DE3AEDFC2, cid=1425, SUCCESS, logIndex=2034, commits[7049f9e8-7de6-4c8c-bf4c-9bb5512f4299:c2035, 13d9ac51-91bf-4c73-8824-2f58fc5b2747:c2033, 15cd3569-c751-4f18-b157-6804e7d0f08c:c2033]
2019-07-10 05:59:43,377 INFO  client.GrpcClientProtocolClient (GrpcClientProtocolClient.java:onNext(255)) - client-535162E20057->7049f9e8-7de6-4c8c-bf4c-9bb5512f4299: receive RaftClientReply:client-535162E20057->7049f9e8-7de6-4c8c-bf4c-9bb5512f4299@group-3B5DE3AEDFC2, cid=1426, SUCCESS, logIndex=2035, commits[7049f9e8-7de6-4c8c-bf4c-9bb5512f4299:c2035, 13d9ac51-91bf-4c73-8824-2f58fc5b2747:c2033, 15cd3569-c751-4f18-b157-6804e7d0f08c:c2033]
2019-07-10 05:59:43,378 INFO  client.GrpcClientProtocolClient (GrpcClientProtocolClient.java:onNext(255)) - client-535162E20057->7049f9e8-7de6-4c8c-bf4c-9bb5512f4299: receive RaftClientReply:client-535162E20057->7049f9e8-7de6-4c8c-bf4c-9bb5512f4299@group-3B5DE3AEDFC2, cid=1427, SUCCESS, logIndex=2036, commits[7049f9e8-7de6-4c8c-bf4c-9bb5512f4299:c2037, 13d9ac51-91bf-4c73-8824-2f58fc5b2747:c2033, 15cd3569-c751-4f18-b157-6804e7d0f08c:c2033]
2019-07-10 05:59:43,378 INFO  client.GrpcClientProtocolClient (GrpcClientProtocolClient.java:onNext(255)) - client-535162E20057->7049f9e8-7de6-4c8c-bf4c-9bb5512f4299: receive RaftClientReply:client-535162E20057->7049f9e8-7de6-4c8c-bf4c-9bb5512f4299@group-3B5DE3AEDFC2, cid=1428, SUCCESS, logIndex=2037, commits[7049f9e8-7de6-4c8c-bf4c-9bb5512f4299:c2037, 13d9ac51-91bf-4c73-8824-2f58fc5b2747:c2033, 15cd3569-c751-4f18-b157-6804e7d0f08c:c2033]
2019-07-10 05:59:43,381 INFO  client.GrpcClientProtocolClient (GrpcClientProtocolClient.java:onNext(255)) - client-535162E20057->7049f9e8-7de6-4c8c-bf4c-9bb5512f4299: receive RaftClientReply:client-535162E20057->7049f9e8-7de6-4c8c-bf4c-9bb5512f4299@group-3B5DE3AEDFC2, cid=1429, SUCCESS, logIndex=0, commits[7049f9e8-7de6-4c8c-bf4c-9bb5512f4299:c2039, 13d9ac51-91bf-4c73-8824-2f58fc5b2747:c2035, 15cd3569-c751-4f18-b157-6804e7d0f08c:c2035]
2019-07-10 05:59:43,392 INFO  client.GrpcClientProtocolClient (GrpcClientProtocolClient.java:onNext(255)) - client-535162E20057->7049f9e8-7de6-4c8c-bf4c-9bb5512f4299: receive RaftClientReply:client-535162E20057->7049f9e8-7de6-4c8c-bf4c-9bb5512f4299@group-3B5DE3AEDFC2, cid=1430, SUCCESS, logIndex=2042, commits[7049f9e8-7de6-4c8c-bf4c-9bb5512f4299:c2043, 13d9ac51-91bf-4c73-8824-2f58fc5b2747:c2041, 15cd3569-c751-4f18-b157-6804e7d0f08c:c2037]
2019-07-10 05:59:43,393 INFO  client.GrpcClientProtocolClient (GrpcClientProtocolClient.java:onNext(255)) - client-535162E20057->7049f9e8-7de6-4c8c-bf4c-9bb5512f4299: receive RaftClientReply:client-535162E20057->7049f9e8-7de6-4c8c-bf4c-9bb5512f4299@group-3B5DE3AEDFC2, cid=1431, SUCCESS, logIndex=2043, commits[7049f9e8-7de6-4c8c-bf4c-9bb5512f4299:c2043, 13d9ac51-91bf-4c73-8824-2f58fc5b2747:c2041, 15cd3569-c751-4f18-b157-6804e7d0f08c:c2041]
2019-07-10 05:59:43,412 INFO  client.GrpcClientProtocolClient (GrpcClientProtocolClient.java:onNext(255)) - client-535162E20057->7049f9e8-7de6-4c8c-bf4c-9bb5512f4299: receive RaftClientReply:client-535162E20057->7049f9e8-7de6-4c8c-bf4c-9bb5512f4299@group-3B5DE3AEDFC2, cid=1432, SUCCESS, logIndex=2046, commits[7049f9e8-7de6-4c8c-bf4c-9bb5512f4299:c2047, 13d9ac51-91bf-4c73-8824-2f58fc5b2747:c2045, 15cd3569-c751-4f18-b157-6804e7d0f08c:c2045]
2019-07-10 05:59:43,412 INFO  client.GrpcClientProtocolClient (GrpcClientProtocolClient.java:onNext(255)) - client-535162E20057->7049f9e8-7de6-4c8c-bf4c-9bb5512f4299: receive RaftClientReply:client-535162E20057->7049f9e8-7de6-4c8c-bf4c-9bb5512f4299@group-3B5DE3AEDFC2, cid=1433, SUCCESS, logIndex=2047, commits[7049f9e8-7de6-4c8c-bf4c-9bb5512f4299:c2047, 13d9ac51-91bf-4c73-8824-2f58fc5b2747:c2045, 15cd3569-c751-4f18-b157-6804e7d0f08c:c2045]
2019-07-10 05:59:43,423 INFO  client.GrpcClientProtocolClient (GrpcClientProtocolClient.java:onNext(255)) - client-535162E20057->7049f9e8-7de6-4c8c-bf4c-9bb5512f4299: receive RaftClientReply:client-535162E20057->7049f9e8-7de6-4c8c-bf4c-9bb5512f4299@group-3B5DE3AEDFC2, cid=1434, SUCCESS, logIndex=0, commits[7049f9e8-7de6-4c8c-bf4c-9bb5512f4299:c2048, 13d9ac51-91bf-4c73-8824-2f58fc5b2747:c2047, 15cd3569-c751-4f18-b157-6804e7d0f08c:c2047]
2019-07-10 05:59:43,451 INFO  client.GrpcClientProtocolClient (GrpcClientProtocolClient.java:onNext(255)) - client-535162E20057->7049f9e8-7de6-4c8c-bf4c-9bb5512f4299: receive RaftClientReply:client-535162E20057->7049f9e8-7de6-4c8c-bf4c-9bb5512f4299@group-3B5DE3AEDFC2, cid=1435, SUCCESS, logIndex=2050, commits[7049f9e8-7de6-4c8c-bf4c-9bb5512f4299:c2051, 13d9ac51-91bf-4c73-8824-2f58fc5b2747:c2049, 15cd3569-c751-4f18-b157-6804e7d0f08c:c2049]
2019-07-10 05:59:43,451 INFO  client.GrpcClientProtocolClient (GrpcClientProtocolClient.java:onNext(255)) - client-535162E20057->7049f9e8-7de6-4c8c-bf4c-9bb5512f4299: receive RaftClientReply:client-535162E20057->7049f9e8-7de6-4c8c-bf4c-9bb5512f4299@group-3B5DE3AEDFC2, cid=1436, SUCCESS, logIndex=2051, commits[7049f9e8-7de6-4c8c-bf4c-9bb5512f4299:c2051, 13d9ac51-91bf-4c73-8824-2f58fc5b2747:c2049, 15cd3569-c751-4f18-b157-6804e7d0f08c:c2049]
2019-07-10 05:59:43,451 INFO  client.GrpcClientProtocolClient (GrpcClientProtocolClient.java:onNext(255)) - client-535162E20057->7049f9e8-7de6-4c8c-bf4c-9bb5512f4299: receive RaftClientReply:client-535162E20057->7049f9e8-7de6-4c8c-bf4c-9bb5512f4299@group-3B5DE3AEDFC2, cid=1437, SUCCESS, logIndex=2052, commits[7049f9e8-7de6-4c8c-bf4c-9bb5512f4299:c2053, 13d9ac51-91bf-4c73-8824-2f58fc5b2747:c2049, 15cd3569-c751-4f18-b157-6804e7d0f08c:c2049]
2019-07-10 05:59:43,452 INFO  client.GrpcClientProtocolClient (GrpcClientProtocolClient.java:onNext(255)) - client-535162E20057->7049f9e8-7de6-4c8c-bf4c-9bb5512f4299: receive RaftClientReply:client-535162E20057->7049f9e8-7de6-4c8c-bf4c-9bb5512f4299@group-3B5DE3AEDFC2, cid=1438, SUCCESS, logIndex=2053, commits[7049f9e8-7de6-4c8c-bf4c-9bb5512f4299:c2053, 13d9ac51-91bf-4c73-8824-2f58fc5b2747:c2049, 15cd3569-c751-4f18-b157-6804e7d0f08c:c2049]
2019-07-10 05:59:43,465 INFO  client.GrpcClientProtocolClient (GrpcClientProtocolClient.java:onNext(255)) - client-535162E20057->7049f9e8-7de6-4c8c-bf4c-9bb5512f4299: receive RaftClientReply:client-535162E20057->7049f9e8-7de6-4c8c-bf4c-9bb5512f4299@group-3B5DE3AEDFC2, cid=1439, SUCCESS, logIndex=0, commits[7049f9e8-7de6-4c8c-bf4c-9bb5512f4299:c2055, 13d9ac51-91bf-4c73-8824-2f58fc5b2747:c2051, 15cd3569-c751-4f18-b157-6804e7d0f08c:c2051]
2019-07-10 05:59:43,483 INFO  client.GrpcClientProtocolClient (GrpcClientProtocolClient.java:onNext(255)) - client-535162E20057->7049f9e8-7de6-4c8c-bf4c-9bb5512f4299: receive RaftClientReply:client-535162E20057->7049f9e8-7de6-4c8c-bf4c-9bb5512f4299@group-3B5DE3AEDFC2, cid=1440, SUCCESS, logIndex=2058, commits[7049f9e8-7de6-4c8c-bf4c-9bb5512f4299:c2059, 13d9ac51-91bf-4c73-8824-2f58fc5b2747:c2057, 15cd3569-c751-4f18-b157-6804e7d0f08c:c2057]
2019-07-10 05:59:43,484 INFO  client.GrpcClientProtocolClient (GrpcClientProtocolClient.java:onNext(255)) - client-535162E20057->7049f9e8-7de6-4c8c-bf4c-9bb5512f4299: receive RaftClientReply:client-535162E20057->7049f9e8-7de6-4c8c-bf4c-9bb5512f4299@group-3B5DE3AEDFC2, cid=1441, SUCCESS, logIndex=2059, commits[7049f9e8-7de6-4c8c-bf4c-9bb5512f4299:c2059, 13d9ac51-91bf-4c73-8824-2f58fc5b2747:c2057, 15cd3569-c751-4f18-b157-6804e7d0f08c:c2057]
2019-07-10 05:59:43,498 INFO  client.GrpcClientProtocolClient (GrpcClientProtocolClient.java:onNext(255)) - client-535162E20057->7049f9e8-7de6-4c8c-bf4c-9bb5512f4299: receive RaftClientReply:client-535162E20057->7049f9e8-7de6-4c8c-bf4c-9bb5512f4299@group-3B5DE3AEDFC2, cid=1442, SUCCESS, logIndex=2062, commits[7049f9e8-7de6-4c8c-bf4c-9bb5512f4299:c2063, 13d9ac51-91bf-4c73-8824-2f58fc5b2747:c2059, 15cd3569-c751-4f18-b157-6804e7d0f08c:c2059]
2019-07-10 05:59:43,499 INFO  client.GrpcClientProtocolClient (GrpcClientProtocolClient.java:onNext(255)) - client-535162E20057->7049f9e8-7de6-4c8c-bf4c-9bb5512f4299: receive RaftClientReply:client-535162E20057->7049f9e8-7de6-4c8c-bf4c-9bb5512f4299@group-3B5DE3AEDFC2, cid=1443, SUCCESS, logIndex=2063, commits[7049f9e8-7de6-4c8c-bf4c-9bb5512f4299:c2063, 13d9ac51-91bf-4c73-8824-2f58fc5b2747:c2059, 15cd3569-c751-4f18-b157-6804e7d0f08c:c2059]
2019-07-10 05:59:43,503 INFO  client.GrpcClientProtocolClient (GrpcClientProtocolClient.java:onNext(255)) - client-535162E20057->7049f9e8-7de6-4c8c-bf4c-9bb5512f4299: receive RaftClientReply:client-535162E20057->7049f9e8-7de6-4c8c-bf4c-9bb5512f4299@group-3B5DE3AEDFC2, cid=1444, SUCCESS, logIndex=0, commits[7049f9e8-7de6-4c8c-bf4c-9bb5512f4299:c2064, 13d9ac51-91bf-4c73-8824-2f58fc5b2747:c2063, 15cd3569-c751-4f18-b157-6804e7d0f08c:c2063]
2019-07-10 05:59:43,522 INFO  client.GrpcClientProtocolClient (GrpcClientProtocolClient.java:onNext(255)) - client-535162E20057->7049f9e8-7de6-4c8c-bf4c-9bb5512f4299: receive RaftClientReply:client-535162E20057->7049f9e8-7de6-4c8c-bf4c-9bb5512f4299@group-3B5DE3AEDFC2, cid=1445, SUCCESS, logIndex=2066, commits[7049f9e8-7de6-4c8c-bf4c-9bb5512f4299:c2067, 13d9ac51-91bf-4c73-8824-2f58fc5b2747:c2065, 15cd3569-c751-4f18-b157-6804e7d0f08c:c2063]
2019-07-10 05:59:43,523 INFO  client.GrpcClientProtocolClient (GrpcClientProtocolClient.java:onNext(255)) - client-535162E20057->7049f9e8-7de6-4c8c-bf4c-9bb5512f4299: receive RaftClientReply:client-535162E20057->7049f9e8-7de6-4c8c-bf4c-9bb5512f4299@group-3B5DE3AEDFC2, cid=1446, SUCCESS, logIndex=2067, commits[7049f9e8-7de6-4c8c-bf4c-9bb5512f4299:c2067, 13d9ac51-91bf-4c73-8824-2f58fc5b2747:c2065, 15cd3569-c751-4f18-b157-6804e7d0f08c:c2063]
2019-07-10 05:59:43,524 INFO  client.GrpcClientProtocolClient (GrpcClientProtocolClient.java:onNext(255)) - client-535162E20057->7049f9e8-7de6-4c8c-bf4c-9bb5512f4299: receive RaftClientReply:client-535162E20057->7049f9e8-7de6-4c8c-bf4c-9bb5512f4299@group-3B5DE3AEDFC2, cid=1447, SUCCESS, logIndex=2068, commits[7049f9e8-7de6-4c8c-bf4c-9bb5512f4299:c2069, 13d9ac51-91bf-4c73-8824-2f58fc5b2747:c2065, 15cd3569-c751-4f18-b157-6804e7d0f08c:c2063]
2019-07-10 05:59:43,524 INFO  client.GrpcClientProtocolClient (GrpcClientProtocolClient.java:onNext(255)) - client-535162E20057->7049f9e8-7de6-4c8c-bf4c-9bb5512f4299: receive RaftClientReply:client-535162E20057->7049f9e8-7de6-4c8c-bf4c-9bb5512f4299@group-3B5DE3AEDFC2, cid=1448, SUCCESS, logIndex=2069, commits[7049f9e8-7de6-4c8c-bf4c-9bb5512f4299:c2069, 13d9ac51-91bf-4c73-8824-2f58fc5b2747:c2065, 15cd3569-c751-4f18-b157-6804e7d0f08c:c2065]
2019-07-10 05:59:43,525 INFO  client.GrpcClientProtocolClient (GrpcClientProtocolClient.java:onNext(255)) - client-535162E20057->7049f9e8-7de6-4c8c-bf4c-9bb5512f4299: receive RaftClientReply:client-535162E20057->7049f9e8-7de6-4c8c-bf4c-9bb5512f4299@group-3B5DE3AEDFC2, cid=1449, SUCCESS, logIndex=0, commits[7049f9e8-7de6-4c8c-bf4c-9bb5512f4299:c2071, 13d9ac51-91bf-4c73-8824-2f58fc5b2747:c2067, 15cd3569-c751-4f18-b157-6804e7d0f08c:c2067]
2019-07-10 05:59:43,550 INFO  client.GrpcClientProtocolClient (GrpcClientProtocolClient.java:onNext(255)) - client-535162E20057->7049f9e8-7de6-4c8c-bf4c-9bb5512f4299: receive RaftClientReply:client-535162E20057->7049f9e8-7de6-4c8c-bf4c-9bb5512f4299@group-3B5DE3AEDFC2, cid=1450, SUCCESS, logIndex=2074, commits[7049f9e8-7de6-4c8c-bf4c-9bb5512f4299:c2075, 13d9ac51-91bf-4c73-8824-2f58fc5b2747:c2073, 15cd3569-c751-4f18-b157-6804e7d0f08c:c2073]
2019-07-10 05:59:43,550 INFO  client.GrpcClientProtocolClient (GrpcClientProtocolClient.java:onNext(255)) - client-535162E20057->7049f9e8-7de6-4c8c-bf4c-9bb5512f4299: receive RaftClientReply:client-535162E20057->7049f9e8-7de6-4c8c-bf4c-9bb5512f4299@group-3B5DE3AEDFC2, cid=1451, SUCCESS, logIndex=2075, commits[7049f9e8-7de6-4c8c-bf4c-9bb5512f4299:c2075, 13d9ac51-91bf-4c73-8824-2f58fc5b2747:c2073, 15cd3569-c751-4f18-b157-6804e7d0f08c:c2073]
2019-07-10 05:59:43,579 INFO  client.GrpcClientProtocolClient (GrpcClientProtocolClient.java:onNext(255)) - client-535162E20057->7049f9e8-7de6-4c8c-bf4c-9bb5512f4299: receive RaftClientReply:client-535162E20057->7049f9e8-7de6-4c8c-bf4c-9bb5512f4299@group-3B5DE3AEDFC2, cid=1452, SUCCESS, logIndex=2078, commits[7049f9e8-7de6-4c8c-bf4c-9bb5512f4299:c2079, 13d9ac51-91bf-4c73-8824-2f58fc5b2747:c2075, 15cd3569-c751-4f18-b157-6804e7d0f08c:c2075]
2019-07-10 05:59:43,579 INFO  client.GrpcClientProtocolClient (GrpcClientProtocolClient.java:onNext(255)) - client-535162E20057->7049f9e8-7de6-4c8c-bf4c-9bb5512f4299: receive RaftClientReply:client-535162E20057->7049f9e8-7de6-4c8c-bf4c-9bb5512f4299@group-3B5DE3AEDFC2, cid=1453, SUCCESS, logIndex=2079, commits[7049f9e8-7de6-4c8c-bf4c-9bb5512f4299:c2079, 13d9ac51-91bf-4c73-8824-2f58fc5b2747:c2075, 15cd3569-c751-4f18-b157-6804e7d0f08c:c2075]
2019-07-10 05:59:43,596 INFO  client.GrpcClientProtocolClient (GrpcClientProtocolClient.java:onNext(255)) - client-535162E20057->7049f9e8-7de6-4c8c-bf4c-9bb5512f4299: receive RaftClientReply:client-535162E20057->7049f9e8-7de6-4c8c-bf4c-9bb5512f4299@group-3B5DE3AEDFC2, cid=1454, SUCCESS, logIndex=0, commits[7049f9e8-7de6-4c8c-bf4c-9bb5512f4299:c2081, 13d9ac51-91bf-4c73-8824-2f58fc5b2747:c2079, 15cd3569-c751-4f18-b157-6804e7d0f08c:c2079]
2019-07-10 05:59:43,623 INFO  client.GrpcClientProtocolClient (GrpcClientProtocolClient.java:onNext(255)) - client-535162E20057->7049f9e8-7de6-4c8c-bf4c-9bb5512f4299: receive RaftClientReply:client-535162E20057->7049f9e8-7de6-4c8c-bf4c-9bb5512f4299@group-3B5DE3AEDFC2, cid=1455, SUCCESS, logIndex=2082, commits[7049f9e8-7de6-4c8c-bf4c-9bb5512f4299:c2083, 13d9ac51-91bf-4c73-8824-2f58fc5b2747:c2081, 15cd3569-c751-4f18-b157-6804e7d0f08c:c2081]
2019-07-10 05:59:43,624 INFO  client.GrpcClientProtocolClient (GrpcClientProtocolClient.java:onNext(255)) - client-535162E20057->7049f9e8-7de6-4c8c-bf4c-9bb5512f4299: receive RaftClientReply:client-535162E20057->7049f9e8-7de6-4c8c-bf4c-9bb5512f4299@group-3B5DE3AEDFC2, cid=1456, SUCCESS, logIndex=2083, commits[7049f9e8-7de6-4c8c-bf4c-9bb5512f4299:c2085, 13d9ac51-91bf-4c73-8824-2f58fc5b2747:c2081, 15cd3569-c751-4f18-b157-6804e7d0f08c:c2081]
2019-07-10 05:59:43,624 INFO  client.GrpcClientProtocolClient (GrpcClientProtocolClient.java:onNext(255)) - client-535162E20057->7049f9e8-7de6-4c8c-bf4c-9bb5512f4299: receive RaftClientReply:client-535162E20057->7049f9e8-7de6-4c8c-bf4c-9bb5512f4299@group-3B5DE3AEDFC2, cid=1457, SUCCESS, logIndex=2084, commits[7049f9e8-7de6-4c8c-bf4c-9bb5512f4299:c2085, 13d9ac51-91bf-4c73-8824-2f58fc5b2747:c2081, 15cd3569-c751-4f18-b157-6804e7d0f08c:c2081]
2019-07-10 05:59:43,624 INFO  client.GrpcClientProtocolClient (GrpcClientProtocolClient.java:onNext(255)) - client-535162E20057->7049f9e8-7de6-4c8c-bf4c-9bb5512f4299: receive RaftClientReply:client-535162E20057->7049f9e8-7de6-4c8c-bf4c-9bb5512f4299@group-3B5DE3AEDFC2, cid=1458, SUCCESS, logIndex=2085, commits[7049f9e8-7de6-4c8c-bf4c-9bb5512f4299:c2085, 13d9ac51-91bf-4c73-8824-2f58fc5b2747:c2081, 15cd3569-c751-4f18-b157-6804e7d0f08c:c2081]
2019-07-10 05:59:43,635 INFO  client.GrpcClientProtocolClient (GrpcClientProtocolClient.java:onNext(255)) - client-535162E20057->7049f9e8-7de6-4c8c-bf4c-9bb5512f4299: receive RaftClientReply:client-535162E20057->7049f9e8-7de6-4c8c-bf4c-9bb5512f4299@group-3B5DE3AEDFC2, cid=1459, SUCCESS, logIndex=0, commits[7049f9e8-7de6-4c8c-bf4c-9bb5512f4299:c2086, 13d9ac51-91bf-4c73-8824-2f58fc5b2747:c2083, 15cd3569-c751-4f18-b157-6804e7d0f08c:c2083]
2019-07-10 05:59:43,653 INFO  client.GrpcClientProtocolClient (GrpcClientProtocolClient.java:onNext(255)) - client-535162E20057->7049f9e8-7de6-4c8c-bf4c-9bb5512f4299: receive RaftClientReply:client-535162E20057->7049f9e8-7de6-4c8c-bf4c-9bb5512f4299@group-3B5DE3AEDFC2, cid=1460, SUCCESS, logIndex=2090, commits[7049f9e8-7de6-4c8c-bf4c-9bb5512f4299:c2091, 13d9ac51-91bf-4c73-8824-2f58fc5b2747:c2089, 15cd3569-c751-4f18-b157-6804e7d0f08c:c2089]
2019-07-10 05:59:43,653 INFO  client.GrpcClientProtocolClient (GrpcClientProtocolClient.java:onNext(255)) - client-535162E20057->7049f9e8-7de6-4c8c-bf4c-9bb5512f4299: receive RaftClientReply:client-535162E20057->7049f9e8-7de6-4c8c-bf4c-9bb5512f4299@group-3B5DE3AEDFC2, cid=1461, SUCCESS, logIndex=2091, commits[7049f9e8-7de6-4c8c-bf4c-9bb5512f4299:c2091, 13d9ac51-91bf-4c73-8824-2f58fc5b2747:c2089, 15cd3569-c751-4f18-b157-6804e7d0f08c:c2089]
2019-07-10 05:59:43,668 INFO  client.GrpcClientProtocolClient (GrpcClientProtocolClient.java:onNext(255)) - client-535162E20057->7049f9e8-7de6-4c8c-bf4c-9bb5512f4299: receive RaftClientReply:client-535162E20057->7049f9e8-7de6-4c8c-bf4c-9bb5512f4299@group-3B5DE3AEDFC2, cid=1462, SUCCESS, logIndex=2094, commits[7049f9e8-7de6-4c8c-bf4c-9bb5512f4299:c2095, 13d9ac51-91bf-4c73-8824-2f58fc5b2747:c2091, 15cd3569-c751-4f18-b157-6804e7d0f08c:c2091]
2019-07-10 05:59:43,668 INFO  client.GrpcClientProtocolClient (GrpcClientProtocolClient.java:onNext(255)) - client-535162E20057->7049f9e8-7de6-4c8c-bf4c-9bb5512f4299: receive RaftClientReply:client-535162E20057->7049f9e8-7de6-4c8c-bf4c-9bb5512f4299@group-3B5DE3AEDFC2, cid=1463, SUCCESS, logIndex=2095, commits[7049f9e8-7de6-4c8c-bf4c-9bb5512f4299:c2095, 13d9ac51-91bf-4c73-8824-2f58fc5b2747:c2091, 15cd3569-c751-4f18-b157-6804e7d0f08c:c2091]
2019-07-10 05:59:43,679 INFO  client.GrpcClientProtocolClient (GrpcClientProtocolClient.java:onNext(255)) - client-535162E20057->7049f9e8-7de6-4c8c-bf4c-9bb5512f4299: receive RaftClientReply:client-535162E20057->7049f9e8-7de6-4c8c-bf4c-9bb5512f4299@group-3B5DE3AEDFC2, cid=1464, SUCCESS, logIndex=0, commits[7049f9e8-7de6-4c8c-bf4c-9bb5512f4299:c2095, 13d9ac51-91bf-4c73-8824-2f58fc5b2747:c2095, 15cd3569-c751-4f18-b157-6804e7d0f08c:c2095]
2019-07-10 05:59:43,797 INFO  client.GrpcClientProtocolClient (GrpcClientProtocolClient.java:onNext(255)) - client-535162E20057->7049f9e8-7de6-4c8c-bf4c-9bb5512f4299: receive RaftClientReply:client-535162E20057->7049f9e8-7de6-4c8c-bf4c-9bb5512f4299@group-3B5DE3AEDFC2, cid=1465, SUCCESS, logIndex=2098, commits[7049f9e8-7de6-4c8c-bf4c-9bb5512f4299:c2099, 13d9ac51-91bf-4c73-8824-2f58fc5b2747:c2097, 15cd3569-c751-4f18-b157-6804e7d0f08c:c2097]
2019-07-10 05:59:43,798 INFO  client.GrpcClientProtocolClient (GrpcClientProtocolClient.java:onNext(255)) - client-535162E20057->7049f9e8-7de6-4c8c-bf4c-9bb5512f4299: receive RaftClientReply:client-535162E20057->7049f9e8-7de6-4c8c-bf4c-9bb5512f4299@group-3B5DE3AEDFC2, cid=1466, SUCCESS, logIndex=2099, commits[7049f9e8-7de6-4c8c-bf4c-9bb5512f4299:c2099, 13d9ac51-91bf-4c73-8824-2f58fc5b2747:c2097, 15cd3569-c751-4f18-b157-6804e7d0f08c:c2097]
2019-07-10 05:59:43,808 INFO  client.GrpcClientProtocolClient (GrpcClientProtocolClient.java:onNext(255)) - client-535162E20057->7049f9e8-7de6-4c8c-bf4c-9bb5512f4299: receive RaftClientReply:client-535162E20057->7049f9e8-7de6-4c8c-bf4c-9bb5512f4299@group-3B5DE3AEDFC2, cid=1467, SUCCESS, logIndex=2100, commits[7049f9e8-7de6-4c8c-bf4c-9bb5512f4299:c2101, 13d9ac51-91bf-4c73-8824-2f58fc5b2747:c2097, 15cd3569-c751-4f18-b157-6804e7d0f08c:c2097]
2019-07-10 05:59:43,809 INFO  client.GrpcClientProtocolClient (GrpcClientProtocolClient.java:onNext(255)) - client-535162E20057->7049f9e8-7de6-4c8c-bf4c-9bb5512f4299: receive RaftClientReply:client-535162E20057->7049f9e8-7de6-4c8c-bf4c-9bb5512f4299@group-3B5DE3AEDFC2, cid=1468, SUCCESS, logIndex=2101, commits[7049f9e8-7de6-4c8c-bf4c-9bb5512f4299:c2101, 13d9ac51-91bf-4c73-8824-2f58fc5b2747:c2097, 15cd3569-c751-4f18-b157-6804e7d0f08c:c2097]
2019-07-10 05:59:43,811 INFO  client.GrpcClientProtocolClient (GrpcClientProtocolClient.java:onNext(255)) - client-535162E20057->7049f9e8-7de6-4c8c-bf4c-9bb5512f4299: receive RaftClientReply:client-535162E20057->7049f9e8-7de6-4c8c-bf4c-9bb5512f4299@group-3B5DE3AEDFC2, cid=1469, SUCCESS, logIndex=0, commits[7049f9e8-7de6-4c8c-bf4c-9bb5512f4299:c2103, 13d9ac51-91bf-4c73-8824-2f58fc5b2747:c2099, 15cd3569-c751-4f18-b157-6804e7d0f08c:c2099]
2019-07-10 05:59:43,825 INFO  client.GrpcClientProtocolClient (GrpcClientProtocolClient.java:onNext(255)) - client-535162E20057->7049f9e8-7de6-4c8c-bf4c-9bb5512f4299: receive RaftClientReply:client-535162E20057->7049f9e8-7de6-4c8c-bf4c-9bb5512f4299@group-3B5DE3AEDFC2, cid=1470, SUCCESS, logIndex=2106, commits[7049f9e8-7de6-4c8c-bf4c-9bb5512f4299:c2107, 13d9ac51-91bf-4c73-8824-2f58fc5b2747:c2103, 15cd3569-c751-4f18-b157-6804e7d0f08c:c2103]
2019-07-10 05:59:43,826 INFO  client.GrpcClientProtocolClient (GrpcClientProtocolClient.java:onNext(255)) - client-535162E20057->7049f9e8-7de6-4c8c-bf4c-9bb5512f4299: receive RaftClientReply:client-535162E20057->7049f9e8-7de6-4c8c-bf4c-9bb5512f4299@group-3B5DE3AEDFC2, cid=1471, SUCCESS, logIndex=2107, commits[7049f9e8-7de6-4c8c-bf4c-9bb5512f4299:c2107, 13d9ac51-91bf-4c73-8824-2f58fc5b2747:c2103, 15cd3569-c751-4f18-b157-6804e7d0f08c:c2103]
2019-07-10 05:59:43,855 INFO  client.GrpcClientProtocolClient (GrpcClientProtocolClient.java:onNext(255)) - client-535162E20057->7049f9e8-7de6-4c8c-bf4c-9bb5512f4299: receive RaftClientReply:client-535162E20057->7049f9e8-7de6-4c8c-bf4c-9bb5512f4299@group-3B5DE3AEDFC2, cid=1472, SUCCESS, logIndex=2110, commits[7049f9e8-7de6-4c8c-bf4c-9bb5512f4299:c2110, 13d9ac51-91bf-4c73-8824-2f58fc5b2747:c2107, 15cd3569-c751-4f18-b157-6804e7d0f08c:c2107]
2019-07-10 05:59:43,855 INFO  client.GrpcClientProtocolClient (GrpcClientProtocolClient.java:onNext(255)) - client-535162E20057->7049f9e8-7de6-4c8c-bf4c-9bb5512f4299: receive RaftClientReply:client-535162E20057->7049f9e8-7de6-4c8c-bf4c-9bb5512f4299@group-3B5DE3AEDFC2, cid=1473, SUCCESS, logIndex=2111, commits[7049f9e8-7de6-4c8c-bf4c-9bb5512f4299:c2111, 13d9ac51-91bf-4c73-8824-2f58fc5b2747:c2107, 15cd3569-c751-4f18-b157-6804e7d0f08c:c2107]
2019-07-10 05:59:43,868 INFO  client.GrpcClientProtocolClient (GrpcClientProtocolClient.java:onNext(255)) - client-535162E20057->7049f9e8-7de6-4c8c-bf4c-9bb5512f4299: receive RaftClientReply:client-535162E20057->7049f9e8-7de6-4c8c-bf4c-9bb5512f4299@group-3B5DE3AEDFC2, cid=1474, SUCCESS, logIndex=0, commits[7049f9e8-7de6-4c8c-bf4c-9bb5512f4299:c2113, 13d9ac51-91bf-4c73-8824-2f58fc5b2747:c2111, 15cd3569-c751-4f18-b157-6804e7d0f08c:c2111]
2019-07-10 05:59:43,896 INFO  client.GrpcClientProtocolClient (GrpcClientProtocolClient.java:onNext(255)) - client-535162E20057->7049f9e8-7de6-4c8c-bf4c-9bb5512f4299: receive RaftClientReply:client-535162E20057->7049f9e8-7de6-4c8c-bf4c-9bb5512f4299@group-3B5DE3AEDFC2, cid=1475, SUCCESS, logIndex=2114, commits[7049f9e8-7de6-4c8c-bf4c-9bb5512f4299:c2115, 13d9ac51-91bf-4c73-8824-2f58fc5b2747:c2113, 15cd3569-c751-4f18-b157-6804e7d0f08c:c2113]
2019-07-10 05:59:43,897 INFO  client.GrpcClientProtocolClient (GrpcClientProtocolClient.java:onNext(255)) - client-535162E20057->7049f9e8-7de6-4c8c-bf4c-9bb5512f4299: receive RaftClientReply:client-535162E20057->7049f9e8-7de6-4c8c-bf4c-9bb5512f4299@group-3B5DE3AEDFC2, cid=1476, SUCCESS, logIndex=2115, commits[7049f9e8-7de6-4c8c-bf4c-9bb5512f4299:c2115, 13d9ac51-91bf-4c73-8824-2f58fc5b2747:c2113, 15cd3569-c751-4f18-b157-6804e7d0f08c:c2113]
2019-07-10 05:59:43,898 INFO  client.GrpcClientProtocolClient (GrpcClientProtocolClient.java:onNext(255)) - client-535162E20057->7049f9e8-7de6-4c8c-bf4c-9bb5512f4299: receive RaftClientReply:client-535162E20057->7049f9e8-7de6-4c8c-bf4c-9bb5512f4299@group-3B5DE3AEDFC2, cid=1477, SUCCESS, logIndex=2116, commits[7049f9e8-7de6-4c8c-bf4c-9bb5512f4299:c2117, 13d9ac51-91bf-4c73-8824-2f58fc5b2747:c2113, 15cd3569-c751-4f18-b157-6804e7d0f08c:c2113]
2019-07-10 05:59:43,898 INFO  client.GrpcClientProtocolClient (GrpcClientProtocolClient.java:onNext(255)) - client-535162E20057->7049f9e8-7de6-4c8c-bf4c-9bb5512f4299: receive RaftClientReply:client-535162E20057->7049f9e8-7de6-4c8c-bf4c-9bb5512f4299@group-3B5DE3AEDFC2, cid=1478, SUCCESS, logIndex=2117, commits[7049f9e8-7de6-4c8c-bf4c-9bb5512f4299:c2117, 13d9ac51-91bf-4c73-8824-2f58fc5b2747:c2113, 15cd3569-c751-4f18-b157-6804e7d0f08c:c2113]
2019-07-10 05:59:43,909 INFO  client.GrpcClientProtocolClient (GrpcClientProtocolClient.java:onNext(255)) - client-535162E20057->7049f9e8-7de6-4c8c-bf4c-9bb5512f4299: receive RaftClientReply:client-535162E20057->7049f9e8-7de6-4c8c-bf4c-9bb5512f4299@group-3B5DE3AEDFC2, cid=1479, SUCCESS, logIndex=0, commits[7049f9e8-7de6-4c8c-bf4c-9bb5512f4299:c2119, 13d9ac51-91bf-4c73-8824-2f58fc5b2747:c2115, 15cd3569-c751-4f18-b157-6804e7d0f08c:c2115]
2019-07-10 05:59:43,929 INFO  client.GrpcClientProtocolClient (GrpcClientProtocolClient.java:onNext(255)) - client-535162E20057->7049f9e8-7de6-4c8c-bf4c-9bb5512f4299: receive RaftClientReply:client-535162E20057->7049f9e8-7de6-4c8c-bf4c-9bb5512f4299@group-3B5DE3AEDFC2, cid=1480, SUCCESS, logIndex=2121, commits[7049f9e8-7de6-4c8c-bf4c-9bb5512f4299:c2122, 13d9ac51-91bf-4c73-8824-2f58fc5b2747:c2120, 15cd3569-c751-4f18-b157-6804e7d0f08c:c2120]
2019-07-10 05:59:43,930 INFO  client.GrpcClientProtocolClient (GrpcClientProtocolClient.java:onNext(255)) - client-535162E20057->7049f9e8-7de6-4c8c-bf4c-9bb5512f4299: receive RaftClientReply:client-535162E20057->7049f9e8-7de6-4c8c-bf4c-9bb5512f4299@group-3B5DE3AEDFC2, cid=1481, SUCCESS, logIndex=2122, commits[7049f9e8-7de6-4c8c-bf4c-9bb5512f4299:c2122, 13d9ac51-91bf-4c73-8824-2f58fc5b2747:c2120, 15cd3569-c751-4f18-b157-6804e7d0f08c:c2120]
2019-07-10 05:59:43,945 INFO  client.GrpcClientProtocolClient (GrpcClientProtocolClient.java:onNext(255)) - client-535162E20057->7049f9e8-7de6-4c8c-bf4c-9bb5512f4299: receive RaftClientReply:client-535162E20057->7049f9e8-7de6-4c8c-bf4c-9bb5512f4299@group-3B5DE3AEDFC2, cid=1482, SUCCESS, logIndex=2125, commits[7049f9e8-7de6-4c8c-bf4c-9bb5512f4299:c2126, 13d9ac51-91bf-4c73-8824-2f58fc5b2747:c2122, 15cd3569-c751-4f18-b157-6804e7d0f08c:c2122]
2019-07-10 05:59:43,945 INFO  client.GrpcClientProtocolClient (GrpcClientProtocolClient.java:onNext(255)) - client-535162E20057->7049f9e8-7de6-4c8c-bf4c-9bb5512f4299: receive RaftClientReply:client-535162E20057->7049f9e8-7de6-4c8c-bf4c-9bb5512f4299@group-3B5DE3AEDFC2, cid=1483, SUCCESS, logIndex=2126, commits[7049f9e8-7de6-4c8c-bf4c-9bb5512f4299:c2126, 13d9ac51-91bf-4c73-8824-2f58fc5b2747:c2122, 15cd3569-c751-4f18-b157-6804e7d0f08c:c2122]
2019-07-10 05:59:43,959 INFO  client.GrpcClientProtocolClient (GrpcClientProtocolClient.java:onNext(255)) - client-535162E20057->7049f9e8-7de6-4c8c-bf4c-9bb5512f4299: receive RaftClientReply:client-535162E20057->7049f9e8-7de6-4c8c-bf4c-9bb5512f4299@group-3B5DE3AEDFC2, cid=1484, SUCCESS, logIndex=0, commits[7049f9e8-7de6-4c8c-bf4c-9bb5512f4299:c2128, 13d9ac51-91bf-4c73-8824-2f58fc5b2747:c2126, 15cd3569-c751-4f18-b157-6804e7d0f08c:c2126]
2019-07-10 05:59:43,987 INFO  client.GrpcClientProtocolClient (GrpcClientProtocolClient.java:onNext(255)) - client-535162E20057->7049f9e8-7de6-4c8c-bf4c-9bb5512f4299: receive RaftClientReply:client-535162E20057->7049f9e8-7de6-4c8c-bf4c-9bb5512f4299@group-3B5DE3AEDFC2, cid=1485, SUCCESS, logIndex=2129, commits[7049f9e8-7de6-4c8c-bf4c-9bb5512f4299:c2130, 13d9ac51-91bf-4c73-8824-2f58fc5b2747:c2128, 15cd3569-c751-4f18-b157-6804e7d0f08c:c2128]
2019-07-10 05:59:43,988 INFO  client.GrpcClientProtocolClient (GrpcClientProtocolClient.java:onNext(255)) - client-535162E20057->7049f9e8-7de6-4c8c-bf4c-9bb5512f4299: receive RaftClientReply:client-535162E20057->7049f9e8-7de6-4c8c-bf4c-9bb5512f4299@group-3B5DE3AEDFC2, cid=1486, SUCCESS, logIndex=2130, commits[7049f9e8-7de6-4c8c-bf4c-9bb5512f4299:c2130, 13d9ac51-91bf-4c73-8824-2f58fc5b2747:c2128, 15cd3569-c751-4f18-b157-6804e7d0f08c:c2128]
2019-07-10 05:59:43,998 INFO  client.GrpcClientProtocolClient (GrpcClientProtocolClient.java:onNext(255)) - client-535162E20057->7049f9e8-7de6-4c8c-bf4c-9bb5512f4299: receive RaftClientReply:client-535162E20057->7049f9e8-7de6-4c8c-bf4c-9bb5512f4299@group-3B5DE3AEDFC2, cid=1487, SUCCESS, logIndex=2131, commits[7049f9e8-7de6-4c8c-bf4c-9bb5512f4299:c2132, 13d9ac51-91bf-4c73-8824-2f58fc5b2747:c2128, 15cd3569-c751-4f18-b157-6804e7d0f08c:c2128]
2019-07-10 05:59:43,999 INFO  client.GrpcClientProtocolClient (GrpcClientProtocolClient.java:onNext(255)) - client-535162E20057->7049f9e8-7de6-4c8c-bf4c-9bb5512f4299: receive RaftClientReply:client-535162E20057->7049f9e8-7de6-4c8c-bf4c-9bb5512f4299@group-3B5DE3AEDFC2, cid=1488, SUCCESS, logIndex=2132, commits[7049f9e8-7de6-4c8c-bf4c-9bb5512f4299:c2132, 13d9ac51-91bf-4c73-8824-2f58fc5b2747:c2128, 15cd3569-c751-4f18-b157-6804e7d0f08c:c2128]
2019-07-10 05:59:44,002 INFO  client.GrpcClientProtocolClient (GrpcClientProtocolClient.java:onNext(255)) - client-535162E20057->7049f9e8-7de6-4c8c-bf4c-9bb5512f4299: receive RaftClientReply:client-535162E20057->7049f9e8-7de6-4c8c-bf4c-9bb5512f4299@group-3B5DE3AEDFC2, cid=1489, SUCCESS, logIndex=0, commits[7049f9e8-7de6-4c8c-bf4c-9bb5512f4299:c2134, 13d9ac51-91bf-4c73-8824-2f58fc5b2747:c2130, 15cd3569-c751-4f18-b157-6804e7d0f08c:c2130]
2019-07-10 05:59:44,017 INFO  client.GrpcClientProtocolClient (GrpcClientProtocolClient.java:onNext(255)) - client-535162E20057->7049f9e8-7de6-4c8c-bf4c-9bb5512f4299: receive RaftClientReply:client-535162E20057->7049f9e8-7de6-4c8c-bf4c-9bb5512f4299@group-3B5DE3AEDFC2, cid=1490, SUCCESS, logIndex=2137, commits[7049f9e8-7de6-4c8c-bf4c-9bb5512f4299:c2138, 13d9ac51-91bf-4c73-8824-2f58fc5b2747:c2132, 15cd3569-c751-4f18-b157-6804e7d0f08c:c2134]
2019-07-10 05:59:44,017 INFO  client.GrpcClientProtocolClient (GrpcClientProtocolClient.java:onNext(255)) - client-535162E20057->7049f9e8-7de6-4c8c-bf4c-9bb5512f4299: receive RaftClientReply:client-535162E20057->7049f9e8-7de6-4c8c-bf4c-9bb5512f4299@group-3B5DE3AEDFC2, cid=1491, SUCCESS, logIndex=2138, commits[7049f9e8-7de6-4c8c-bf4c-9bb5512f4299:c2138, 13d9ac51-91bf-4c73-8824-2f58fc5b2747:c2134, 15cd3569-c751-4f18-b157-6804e7d0f08c:c2134]
2019-07-10 05:59:44,030 INFO  client.GrpcClientProtocolClient (GrpcClientProtocolClient.java:onNext(255)) - client-535162E20057->7049f9e8-7de6-4c8c-bf4c-9bb5512f4299: receive RaftClientReply:client-535162E20057->7049f9e8-7de6-4c8c-bf4c-9bb5512f4299@group-3B5DE3AEDFC2, cid=1492, SUCCESS, logIndex=2140, commits[7049f9e8-7de6-4c8c-bf4c-9bb5512f4299:c2141, 13d9ac51-91bf-4c73-8824-2f58fc5b2747:c2138, 15cd3569-c751-4f18-b157-6804e7d0f08c:c2138]
2019-07-10 05:59:44,031 INFO  client.GrpcClientProtocolClient (GrpcClientProtocolClient.java:onNext(255)) - client-535162E20057->7049f9e8-7de6-4c8c-bf4c-9bb5512f4299: receive RaftClientReply:client-535162E20057->7049f9e8-7de6-4c8c-bf4c-9bb5512f4299@group-3B5DE3AEDFC2, cid=1493, SUCCESS, logIndex=2141, commits[7049f9e8-7de6-4c8c-bf4c-9bb5512f4299:c2141, 13d9ac51-91bf-4c73-8824-2f58fc5b2747:c2138, 15cd3569-c751-4f18-b157-6804e7d0f08c:c2138]
2019-07-10 05:59:44,044 INFO  client.GrpcClientProtocolClient (GrpcClientProtocolClient.java:onNext(255)) - client-535162E20057->7049f9e8-7de6-4c8c-bf4c-9bb5512f4299: receive RaftClientReply:client-535162E20057->7049f9e8-7de6-4c8c-bf4c-9bb5512f4299@group-3B5DE3AEDFC2, cid=1494, SUCCESS, logIndex=0, commits[7049f9e8-7de6-4c8c-bf4c-9bb5512f4299:c2143, 13d9ac51-91bf-4c73-8824-2f58fc5b2747:c2141, 15cd3569-c751-4f18-b157-6804e7d0f08c:c2141]
2019-07-10 05:59:44,066 INFO  client.GrpcClientProtocolClient (GrpcClientProtocolClient.java:onNext(255)) - client-535162E20057->7049f9e8-7de6-4c8c-bf4c-9bb5512f4299: receive RaftClientReply:client-535162E20057->7049f9e8-7de6-4c8c-bf4c-9bb5512f4299@group-3B5DE3AEDFC2, cid=1495, SUCCESS, logIndex=2144, commits[7049f9e8-7de6-4c8c-bf4c-9bb5512f4299:c2145, 13d9ac51-91bf-4c73-8824-2f58fc5b2747:c2143, 15cd3569-c751-4f18-b157-6804e7d0f08c:c2143]
2019-07-10 05:59:44,066 INFO  client.GrpcClientProtocolClient (GrpcClientProtocolClient.java:onNext(255)) - client-535162E20057->7049f9e8-7de6-4c8c-bf4c-9bb5512f4299: receive RaftClientReply:client-535162E20057->7049f9e8-7de6-4c8c-bf4c-9bb5512f4299@group-3B5DE3AEDFC2, cid=1496, SUCCESS, logIndex=2145, commits[7049f9e8-7de6-4c8c-bf4c-9bb5512f4299:c2145, 13d9ac51-91bf-4c73-8824-2f58fc5b2747:c2143, 15cd3569-c751-4f18-b157-6804e7d0f08c:c2143]
2019-07-10 05:59:44,067 INFO  client.GrpcClientProtocolClient (GrpcClientProtocolClient.java:onNext(255)) - client-535162E20057->7049f9e8-7de6-4c8c-bf4c-9bb5512f4299: receive RaftClientReply:client-535162E20057->7049f9e8-7de6-4c8c-bf4c-9bb5512f4299@group-3B5DE3AEDFC2, cid=1497, SUCCESS, logIndex=2146, commits[7049f9e8-7de6-4c8c-bf4c-9bb5512f4299:c2147, 13d9ac51-91bf-4c73-8824-2f58fc5b2747:c2143, 15cd3569-c751-4f18-b157-6804e7d0f08c:c2143]
2019-07-10 05:59:44,067 INFO  client.GrpcClientProtocolClient (GrpcClientProtocolClient.java:onNext(255)) - client-535162E20057->7049f9e8-7de6-4c8c-bf4c-9bb5512f4299: receive RaftClientReply:client-535162E20057->7049f9e8-7de6-4c8c-bf4c-9bb5512f4299@group-3B5DE3AEDFC2, cid=1498, SUCCESS, logIndex=2147, commits[7049f9e8-7de6-4c8c-bf4c-9bb5512f4299:c2147, 13d9ac51-91bf-4c73-8824-2f58fc5b2747:c2143, 15cd3569-c751-4f18-b157-6804e7d0f08c:c2143]
2019-07-10 05:59:44,080 INFO  client.GrpcClientProtocolClient (GrpcClientProtocolClient.java:onNext(255)) - client-535162E20057->7049f9e8-7de6-4c8c-bf4c-9bb5512f4299: receive RaftClientReply:client-535162E20057->7049f9e8-7de6-4c8c-bf4c-9bb5512f4299@group-3B5DE3AEDFC2, cid=1499, SUCCESS, logIndex=0, commits[7049f9e8-7de6-4c8c-bf4c-9bb5512f4299:c2149, 13d9ac51-91bf-4c73-8824-2f58fc5b2747:c2145, 15cd3569-c751-4f18-b157-6804e7d0f08c:c2145]
2019-07-10 05:59:44,102 INFO  client.GrpcClientProtocolClient (GrpcClientProtocolClient.java:onNext(255)) - client-535162E20057->7049f9e8-7de6-4c8c-bf4c-9bb5512f4299: receive RaftClientReply:client-535162E20057->7049f9e8-7de6-4c8c-bf4c-9bb5512f4299@group-3B5DE3AEDFC2, cid=1500, SUCCESS, logIndex=2152, commits[7049f9e8-7de6-4c8c-bf4c-9bb5512f4299:c2153, 13d9ac51-91bf-4c73-8824-2f58fc5b2747:c2151, 15cd3569-c751-4f18-b157-6804e7d0f08c:c2151]
2019-07-10 05:59:44,103 INFO  client.GrpcClientProtocolClient (GrpcClientProtocolClient.java:onNext(255)) - client-535162E20057->7049f9e8-7de6-4c8c-bf4c-9bb5512f4299: receive RaftClientReply:client-535162E20057->7049f9e8-7de6-4c8c-bf4c-9bb5512f4299@group-3B5DE3AEDFC2, cid=1501, SUCCESS, logIndex=2153, commits[7049f9e8-7de6-4c8c-bf4c-9bb5512f4299:c2153, 13d9ac51-91bf-4c73-8824-2f58fc5b2747:c2151, 15cd3569-c751-4f18-b157-6804e7d0f08c:c2151]
2019-07-10 05:59:44,131 INFO  client.GrpcClientProtocolClient (GrpcClientProtocolClient.java:onNext(255)) - client-535162E20057->7049f9e8-7de6-4c8c-bf4c-9bb5512f4299: receive RaftClientReply:client-535162E20057->7049f9e8-7de6-4c8c-bf4c-9bb5512f4299@group-3B5DE3AEDFC2, cid=1502, SUCCESS, logIndex=2156, commits[7049f9e8-7de6-4c8c-bf4c-9bb5512f4299:c2157, 13d9ac51-91bf-4c73-8824-2f58fc5b2747:c2153, 15cd3569-c751-4f18-b157-6804e7d0f08c:c2153]
2019-07-10 05:59:44,132 INFO  client.GrpcClientProtocolClient (GrpcClientProtocolClient.java:onNext(255)) - client-535162E20057->7049f9e8-7de6-4c8c-bf4c-9bb5512f4299: receive RaftClientReply:client-535162E20057->7049f9e8-7de6-4c8c-bf4c-9bb5512f4299@group-3B5DE3AEDFC2, cid=1503, SUCCESS, logIndex=2157, commits[7049f9e8-7de6-4c8c-bf4c-9bb5512f4299:c2157, 13d9ac51-91bf-4c73-8824-2f58fc5b2747:c2153, 15cd3569-c751-4f18-b157-6804e7d0f08c:c2153]
2019-07-10 05:59:44,146 INFO  client.GrpcClientProtocolClient (GrpcClientProtocolClient.java:onNext(255)) - client-535162E20057->7049f9e8-7de6-4c8c-bf4c-9bb5512f4299: receive RaftClientReply:client-535162E20057->7049f9e8-7de6-4c8c-bf4c-9bb5512f4299@group-3B5DE3AEDFC2, cid=1504, SUCCESS, logIndex=0, commits[7049f9e8-7de6-4c8c-bf4c-9bb5512f4299:c2159, 13d9ac51-91bf-4c73-8824-2f58fc5b2747:c2157, 15cd3569-c751-4f18-b157-6804e7d0f08c:c2157]
 0.00% |█                                                                                                    |  0/1 Time: 0:00:092019-07-10 05:59:44,174 INFO  client.GrpcClientProtocolClient (GrpcClientProtocolClient.java:onNext(255)) - client-535162E20057->7049f9e8-7de6-4c8c-bf4c-9bb5512f4299: receive RaftClientReply:client-535162E20057->7049f9e8-7de6-4c8c-bf4c-9bb5512f4299@group-3B5DE3AEDFC2, cid=1505, SUCCESS, logIndex=2160, commits[7049f9e8-7de6-4c8c-bf4c-9bb5512f4299:c2161, 13d9ac51-91bf-4c73-8824-2f58fc5b2747:c2159, 15cd3569-c751-4f18-b157-6804e7d0f08c:c2159]
2019-07-10 05:59:44,174 INFO  client.GrpcClientProtocolClient (GrpcClientProtocolClient.java:onNext(255)) - client-535162E20057->7049f9e8-7de6-4c8c-bf4c-9bb5512f4299: receive RaftClientReply:client-535162E20057->7049f9e8-7de6-4c8c-bf4c-9bb5512f4299@group-3B5DE3AEDFC2, cid=1506, SUCCESS, logIndex=2161, commits[7049f9e8-7de6-4c8c-bf4c-9bb5512f4299:c2163, 13d9ac51-91bf-4c73-8824-2f58fc5b2747:c2159, 15cd3569-c751-4f18-b157-6804e7d0f08c:c2159]
2019-07-10 05:59:44,175 INFO  client.GrpcClientProtocolClient (GrpcClientProtocolClient.java:onNext(255)) - client-535162E20057->7049f9e8-7de6-4c8c-bf4c-9bb5512f4299: receive RaftClientReply:client-535162E20057->7049f9e8-7de6-4c8c-bf4c-9bb5512f4299@group-3B5DE3AEDFC2, cid=1507, SUCCESS, logIndex=2162, commits[7049f9e8-7de6-4c8c-bf4c-9bb5512f4299:c2163, 13d9ac51-91bf-4c73-8824-2f58fc5b2747:c2159, 15cd3569-c751-4f18-b157-6804e7d0f08c:c2159]
2019-07-10 05:59:44,175 INFO  client.GrpcClientProtocolClient (GrpcClientProtocolClient.java:onNext(255)) - client-535162E20057->7049f9e8-7de6-4c8c-bf4c-9bb5512f4299: receive RaftClientReply:client-535162E20057->7049f9e8-7de6-4c8c-bf4c-9bb5512f4299@group-3B5DE3AEDFC2, cid=1508, SUCCESS, logIndex=2163, commits[7049f9e8-7de6-4c8c-bf4c-9bb5512f4299:c2163, 13d9ac51-91bf-4c73-8824-2f58fc5b2747:c2159, 15cd3569-c751-4f18-b157-6804e7d0f08c:c2159]
2019-07-10 05:59:44,178 INFO  client.GrpcClientProtocolClient (GrpcClientProtocolClient.java:onNext(255)) - client-535162E20057->7049f9e8-7de6-4c8c-bf4c-9bb5512f4299: receive RaftClientReply:client-535162E20057->7049f9e8-7de6-4c8c-bf4c-9bb5512f4299@group-3B5DE3AEDFC2, cid=1509, SUCCESS, logIndex=0, commits[7049f9e8-7de6-4c8c-bf4c-9bb5512f4299:c2166, 13d9ac51-91bf-4c73-8824-2f58fc5b2747:c2161, 15cd3569-c751-4f18-b157-6804e7d0f08c:c2163]
2019-07-10 05:59:44,197 INFO  client.GrpcClientProtocolClient (GrpcClientProtocolClient.java:onNext(255)) - client-535162E20057->7049f9e8-7de6-4c8c-bf4c-9bb5512f4299: receive RaftClientReply:client-535162E20057->7049f9e8-7de6-4c8c-bf4c-9bb5512f4299@group-3B5DE3AEDFC2, cid=1510, SUCCESS, logIndex=2167, commits[7049f9e8-7de6-4c8c-bf4c-9bb5512f4299:c2167, 13d9ac51-91bf-4c73-8824-2f58fc5b2747:c2166, 15cd3569-c751-4f18-b157-6804e7d0f08c:c2166]
2019-07-10 05:59:44,197 INFO  client.GrpcClientProtocolClient (GrpcClientProtocolClient.java:onNext(255)) - client-535162E20057->7049f9e8-7de6-4c8c-bf4c-9bb5512f4299: receive RaftClientReply:client-535162E20057->7049f9e8-7de6-4c8c-bf4c-9bb5512f4299@group-3B5DE3AEDFC2, cid=1511, SUCCESS, logIndex=2168, commits[7049f9e8-7de6-4c8c-bf4c-9bb5512f4299:c2168, 13d9ac51-91bf-4c73-8824-2f58fc5b2747:c2166, 15cd3569-c751-4f18-b157-6804e7d0f08c:c2166]
2019-07-10 05:59:44,212 INFO  client.GrpcClientProtocolClient (GrpcClientProtocolClient.java:onNext(255)) - client-535162E20057->7049f9e8-7de6-4c8c-bf4c-9bb5512f4299: receive RaftClientReply:client-535162E20057->7049f9e8-7de6-4c8c-bf4c-9bb5512f4299@group-3B5DE3AEDFC2, cid=1512, SUCCESS, logIndex=2171, commits[7049f9e8-7de6-4c8c-bf4c-9bb5512f4299:c2172, 13d9ac51-91bf-4c73-8824-2f58fc5b2747:c2168, 15cd3569-c751-4f18-b157-6804e7d0f08c:c2168]
2019-07-10 05:59:44,212 INFO  client.GrpcClientProtocolClient (GrpcClientProtocolClient.java:onNext(255)) - client-535162E20057->7049f9e8-7de6-4c8c-bf4c-9bb5512f4299: receive RaftClientReply:client-535162E20057->7049f9e8-7de6-4c8c-bf4c-9bb5512f4299@group-3B5DE3AEDFC2, cid=1513, SUCCESS, logIndex=2172, commits[7049f9e8-7de6-4c8c-bf4c-9bb5512f4299:c2172, 13d9ac51-91bf-4c73-8824-2f58fc5b2747:c2168, 15cd3569-c751-4f18-b157-6804e7d0f08c:c2168]
2019-07-10 05:59:44,223 INFO  client.GrpcClientProtocolClient (GrpcClientProtocolClient.java:onNext(255)) - client-535162E20057->7049f9e8-7de6-4c8c-bf4c-9bb5512f4299: receive RaftClientReply:client-535162E20057->7049f9e8-7de6-4c8c-bf4c-9bb5512f4299@group-3B5DE3AEDFC2, cid=1514, SUCCESS, logIndex=0, commits[7049f9e8-7de6-4c8c-bf4c-9bb5512f4299:c2173, 13d9ac51-91bf-4c73-8824-2f58fc5b2747:c2172, 15cd3569-c751-4f18-b157-6804e7d0f08c:c2172]
2019-07-10 05:59:44,247 INFO  client.GrpcClientProtocolClient (GrpcClientProtocolClient.java:onNext(255)) - client-535162E20057->7049f9e8-7de6-4c8c-bf4c-9bb5512f4299: receive RaftClientReply:client-535162E20057->7049f9e8-7de6-4c8c-bf4c-9bb5512f4299@group-3B5DE3AEDFC2, cid=1515, SUCCESS, logIndex=2175, commits[7049f9e8-7de6-4c8c-bf4c-9bb5512f4299:c2176, 13d9ac51-91bf-4c73-8824-2f58fc5b2747:c2174, 15cd3569-c751-4f18-b157-6804e7d0f08c:c2174]
2019-07-10 05:59:44,248 INFO  client.GrpcClientProtocolClient (GrpcClientProtocolClient.java:onNext(255)) - client-535162E20057->7049f9e8-7de6-4c8c-bf4c-9bb5512f4299: receive RaftClientReply:client-535162E20057->7049f9e8-7de6-4c8c-bf4c-9bb5512f4299@group-3B5DE3AEDFC2, cid=1516, SUCCESS, logIndex=2176, commits[7049f9e8-7de6-4c8c-bf4c-9bb5512f4299:c2176, 13d9ac51-91bf-4c73-8824-2f58fc5b2747:c2174, 15cd3569-c751-4f18-b157-6804e7d0f08c:c2174]
2019-07-10 05:59:44,249 INFO  client.GrpcClientProtocolClient (GrpcClientProtocolClient.java:onNext(255)) - client-535162E20057->7049f9e8-7de6-4c8c-bf4c-9bb5512f4299: receive RaftClientReply:client-535162E20057->7049f9e8-7de6-4c8c-bf4c-9bb5512f4299@group-3B5DE3AEDFC2, cid=1517, SUCCESS, logIndex=2177, commits[7049f9e8-7de6-4c8c-bf4c-9bb5512f4299:c2177, 13d9ac51-91bf-4c73-8824-2f58fc5b2747:c2174, 15cd3569-c751-4f18-b157-6804e7d0f08c:c2174]
2019-07-10 05:59:44,249 INFO  client.GrpcClientProtocolClient (GrpcClientProtocolClient.java:onNext(255)) - client-535162E20057->7049f9e8-7de6-4c8c-bf4c-9bb5512f4299: receive RaftClientReply:client-535162E20057->7049f9e8-7de6-4c8c-bf4c-9bb5512f4299@group-3B5DE3AEDFC2, cid=1518, SUCCESS, logIndex=2178, commits[7049f9e8-7de6-4c8c-bf4c-9bb5512f4299:c2178, 13d9ac51-91bf-4c73-8824-2f58fc5b2747:c2174, 15cd3569-c751-4f18-b157-6804e7d0f08c:c2174]
2019-07-10 05:59:44,251 INFO  client.GrpcClientProtocolClient (GrpcClientProtocolClient.java:onNext(255)) - client-535162E20057->7049f9e8-7de6-4c8c-bf4c-9bb5512f4299: receive RaftClientReply:client-535162E20057->7049f9e8-7de6-4c8c-bf4c-9bb5512f4299@group-3B5DE3AEDFC2, cid=1519, SUCCESS, logIndex=0, commits[7049f9e8-7de6-4c8c-bf4c-9bb5512f4299:c2180, 13d9ac51-91bf-4c73-8824-2f58fc5b2747:c2176, 15cd3569-c751-4f18-b157-6804e7d0f08c:c2176]
2019-07-10 05:59:44,262 INFO  client.GrpcClientProtocolClient (GrpcClientProtocolClient.java:onNext(255)) - client-535162E20057->7049f9e8-7de6-4c8c-bf4c-9bb5512f4299: receive RaftClientReply:client-535162E20057->7049f9e8-7de6-4c8c-bf4c-9bb5512f4299@group-3B5DE3AEDFC2, cid=1520, SUCCESS, logIndex=2183, commits[7049f9e8-7de6-4c8c-bf4c-9bb5512f4299:c2184, 13d9ac51-91bf-4c73-8824-2f58fc5b2747:c2178, 15cd3569-c751-4f18-b157-6804e7d0f08c:c2182]
2019-07-10 05:59:44,262 INFO  client.GrpcClientProtocolClient (GrpcClientProtocolClient.java:onNext(255)) - client-535162E20057->7049f9e8-7de6-4c8c-bf4c-9bb5512f4299: receive RaftClientReply:client-535162E20057->7049f9e8-7de6-4c8c-bf4c-9bb5512f4299@group-3B5DE3AEDFC2, cid=1521, SUCCESS, logIndex=2184, commits[7049f9e8-7de6-4c8c-bf4c-9bb5512f4299:c2184, 13d9ac51-91bf-4c73-8824-2f58fc5b2747:c2182, 15cd3569-c751-4f18-b157-6804e7d0f08c:c2182]
2019-07-10 05:59:44,274 INFO  client.GrpcClientProtocolClient (GrpcClientProtocolClient.java:onNext(255)) - client-535162E20057->7049f9e8-7de6-4c8c-bf4c-9bb5512f4299: receive RaftClientReply:client-535162E20057->7049f9e8-7de6-4c8c-bf4c-9bb5512f4299@group-3B5DE3AEDFC2, cid=1522, SUCCESS, logIndex=2187, commits[7049f9e8-7de6-4c8c-bf4c-9bb5512f4299:c2188, 13d9ac51-91bf-4c73-8824-2f58fc5b2747:c2184, 15cd3569-c751-4f18-b157-6804e7d0f08c:c2186]
2019-07-10 05:59:44,274 INFO  client.GrpcClientProtocolClient (GrpcClientProtocolClient.java:onNext(255)) - client-535162E20057->7049f9e8-7de6-4c8c-bf4c-9bb5512f4299: receive RaftClientReply:client-535162E20057->7049f9e8-7de6-4c8c-bf4c-9bb5512f4299@group-3B5DE3AEDFC2, cid=1523, SUCCESS, logIndex=2188, commits[7049f9e8-7de6-4c8c-bf4c-9bb5512f4299:c2188, 13d9ac51-91bf-4c73-8824-2f58fc5b2747:c2186, 15cd3569-c751-4f18-b157-6804e7d0f08c:c2186]
2019-07-10 05:59:44,279 INFO  client.GrpcClientProtocolClient (GrpcClientProtocolClient.java:onNext(255)) - client-535162E20057->7049f9e8-7de6-4c8c-bf4c-9bb5512f4299: receive RaftClientReply:client-535162E20057->7049f9e8-7de6-4c8c-bf4c-9bb5512f4299@group-3B5DE3AEDFC2, cid=1524, SUCCESS, logIndex=0, commits[7049f9e8-7de6-4c8c-bf4c-9bb5512f4299:c2189, 13d9ac51-91bf-4c73-8824-2f58fc5b2747:c2188, 15cd3569-c751-4f18-b157-6804e7d0f08c:c2188]
2019-07-10 05:59:44,321 INFO  client.GrpcClientProtocolClient (GrpcClientProtocolClient.java:onNext(255)) - client-535162E20057->7049f9e8-7de6-4c8c-bf4c-9bb5512f4299: receive RaftClientReply:client-535162E20057->7049f9e8-7de6-4c8c-bf4c-9bb5512f4299@group-3B5DE3AEDFC2, cid=1525, SUCCESS, logIndex=2191, commits[7049f9e8-7de6-4c8c-bf4c-9bb5512f4299:c2192, 13d9ac51-91bf-4c73-8824-2f58fc5b2747:c2190, 15cd3569-c751-4f18-b157-6804e7d0f08c:c2188]
2019-07-10 05:59:44,322 INFO  client.GrpcClientProtocolClient (GrpcClientProtocolClient.java:onNext(255)) - client-535162E20057->7049f9e8-7de6-4c8c-bf4c-9bb5512f4299: receive RaftClientReply:client-535162E20057->7049f9e8-7de6-4c8c-bf4c-9bb5512f4299@group-3B5DE3AEDFC2, cid=1526, SUCCESS, logIndex=2192, commits[7049f9e8-7de6-4c8c-bf4c-9bb5512f4299:c2192, 13d9ac51-91bf-4c73-8824-2f58fc5b2747:c2190, 15cd3569-c751-4f18-b157-6804e7d0f08c:c2190]
2019-07-10 05:59:44,322 INFO  client.GrpcClientProtocolClient (GrpcClientProtocolClient.java:onNext(255)) - client-535162E20057->7049f9e8-7de6-4c8c-bf4c-9bb5512f4299: receive RaftClientReply:client-535162E20057->7049f9e8-7de6-4c8c-bf4c-9bb5512f4299@group-3B5DE3AEDFC2, cid=1527, SUCCESS, logIndex=2193, commits[7049f9e8-7de6-4c8c-bf4c-9bb5512f4299:c2194, 13d9ac51-91bf-4c73-8824-2f58fc5b2747:c2190, 15cd3569-c751-4f18-b157-6804e7d0f08c:c2190]
2019-07-10 05:59:44,323 INFO  client.GrpcClientProtocolClient (GrpcClientProtocolClient.java:onNext(255)) - client-535162E20057->7049f9e8-7de6-4c8c-bf4c-9bb5512f4299: receive RaftClientReply:client-535162E20057->7049f9e8-7de6-4c8c-bf4c-9bb5512f4299@group-3B5DE3AEDFC2, cid=1528, SUCCESS, logIndex=2194, commits[7049f9e8-7de6-4c8c-bf4c-9bb5512f4299:c2194, 13d9ac51-91bf-4c73-8824-2f58fc5b2747:c2190, 15cd3569-c751-4f18-b157-6804e7d0f08c:c2190]
2019-07-10 05:59:44,335 INFO  client.GrpcClientProtocolClient (GrpcClientProtocolClient.java:onNext(255)) - client-535162E20057->7049f9e8-7de6-4c8c-bf4c-9bb5512f4299: receive RaftClientReply:client-535162E20057->7049f9e8-7de6-4c8c-bf4c-9bb5512f4299@group-3B5DE3AEDFC2, cid=1529, SUCCESS, logIndex=0, commits[7049f9e8-7de6-4c8c-bf4c-9bb5512f4299:c2196, 13d9ac51-91bf-4c73-8824-2f58fc5b2747:c2192, 15cd3569-c751-4f18-b157-6804e7d0f08c:c2192]
2019-07-10 05:59:44,354 INFO  client.GrpcClientProtocolClient (GrpcClientProtocolClient.java:onNext(255)) - client-535162E20057->7049f9e8-7de6-4c8c-bf4c-9bb5512f4299: receive RaftClientReply:client-535162E20057->7049f9e8-7de6-4c8c-bf4c-9bb5512f4299@group-3B5DE3AEDFC2, cid=1530, SUCCESS, logIndex=2198, commits[7049f9e8-7de6-4c8c-bf4c-9bb5512f4299:c2199, 13d9ac51-91bf-4c73-8824-2f58fc5b2747:c2197, 15cd3569-c751-4f18-b157-6804e7d0f08c:c2197]
2019-07-10 05:59:44,355 INFO  client.GrpcClientProtocolClient (GrpcClientProtocolClient.java:onNext(255)) - client-535162E20057->7049f9e8-7de6-4c8c-bf4c-9bb5512f4299: receive RaftClientReply:client-535162E20057->7049f9e8-7de6-4c8c-bf4c-9bb5512f4299@group-3B5DE3AEDFC2, cid=1531, SUCCESS, logIndex=2199, commits[7049f9e8-7de6-4c8c-bf4c-9bb5512f4299:c2199, 13d9ac51-91bf-4c73-8824-2f58fc5b2747:c2197, 15cd3569-c751-4f18-b157-6804e7d0f08c:c2197]
2019-07-10 05:59:44,369 INFO  client.GrpcClientProtocolClient (GrpcClientProtocolClient.java:onNext(255)) - client-535162E20057->7049f9e8-7de6-4c8c-bf4c-9bb5512f4299: receive RaftClientReply:client-535162E20057->7049f9e8-7de6-4c8c-bf4c-9bb5512f4299@group-3B5DE3AEDFC2, cid=1532, SUCCESS, logIndex=2202, commits[7049f9e8-7de6-4c8c-bf4c-9bb5512f4299:c2202, 13d9ac51-91bf-4c73-8824-2f58fc5b2747:c2199, 15cd3569-c751-4f18-b157-6804e7d0f08c:c2199]
2019-07-10 05:59:44,369 INFO  client.GrpcClientProtocolClient (GrpcClientProtocolClient.java:onNext(255)) - client-535162E20057->7049f9e8-7de6-4c8c-bf4c-9bb5512f4299: receive RaftClientReply:client-535162E20057->7049f9e8-7de6-4c8c-bf4c-9bb5512f4299@group-3B5DE3AEDFC2, cid=1533, SUCCESS, logIndex=2203, commits[7049f9e8-7de6-4c8c-bf4c-9bb5512f4299:c2203, 13d9ac51-91bf-4c73-8824-2f58fc5b2747:c2199, 15cd3569-c751-4f18-b157-6804e7d0f08c:c2199]
2019-07-10 05:59:44,383 INFO  client.GrpcClientProtocolClient (GrpcClientProtocolClient.java:onNext(255)) - client-535162E20057->7049f9e8-7de6-4c8c-bf4c-9bb5512f4299: receive RaftClientReply:client-535162E20057->7049f9e8-7de6-4c8c-bf4c-9bb5512f4299@group-3B5DE3AEDFC2, cid=1534, SUCCESS, logIndex=0, commits[7049f9e8-7de6-4c8c-bf4c-9bb5512f4299:c2205, 13d9ac51-91bf-4c73-8824-2f58fc5b2747:c2203, 15cd3569-c751-4f18-b157-6804e7d0f08c:c2203]
2019-07-10 05:59:44,514 INFO  client.GrpcClientProtocolClient (GrpcClientProtocolClient.java:onNext(255)) - client-535162E20057->7049f9e8-7de6-4c8c-bf4c-9bb5512f4299: receive RaftClientReply:client-535162E20057->7049f9e8-7de6-4c8c-bf4c-9bb5512f4299@group-3B5DE3AEDFC2, cid=1535, SUCCESS, logIndex=2206, commits[7049f9e8-7de6-4c8c-bf4c-9bb5512f4299:c2207, 13d9ac51-91bf-4c73-8824-2f58fc5b2747:c2205, 15cd3569-c751-4f18-b157-6804e7d0f08c:c2205]
2019-07-10 05:59:44,514 INFO  client.GrpcClientProtocolClient (GrpcClientProtocolClient.java:onNext(255)) - client-535162E20057->7049f9e8-7de6-4c8c-bf4c-9bb5512f4299: receive RaftClientReply:client-535162E20057->7049f9e8-7de6-4c8c-bf4c-9bb5512f4299@group-3B5DE3AEDFC2, cid=1536, SUCCESS, logIndex=2207, commits[7049f9e8-7de6-4c8c-bf4c-9bb5512f4299:c2207, 13d9ac51-91bf-4c73-8824-2f58fc5b2747:c2205, 15cd3569-c751-4f18-b157-6804e7d0f08c:c2205]
2019-07-10 05:59:44,529 INFO  client.GrpcClientProtocolClient (GrpcClientProtocolClient.java:onNext(255)) - client-535162E20057->7049f9e8-7de6-4c8c-bf4c-9bb5512f4299: receive RaftClientReply:client-535162E20057->7049f9e8-7de6-4c8c-bf4c-9bb5512f4299@group-3B5DE3AEDFC2, cid=1537, SUCCESS, logIndex=2208, commits[7049f9e8-7de6-4c8c-bf4c-9bb5512f4299:c2209, 13d9ac51-91bf-4c73-8824-2f58fc5b2747:c2205, 15cd3569-c751-4f18-b157-6804e7d0f08c:c2205]
2019-07-10 05:59:44,530 INFO  client.GrpcClientProtocolClient (GrpcClientProtocolClient.java:onNext(255)) - client-535162E20057->7049f9e8-7de6-4c8c-bf4c-9bb5512f4299: receive RaftClientReply:client-535162E20057->7049f9e8-7de6-4c8c-bf4c-9bb5512f4299@group-3B5DE3AEDFC2, cid=1538, SUCCESS, logIndex=2209, commits[7049f9e8-7de6-4c8c-bf4c-9bb5512f4299:c2209, 13d9ac51-91bf-4c73-8824-2f58fc5b2747:c2205, 15cd3569-c751-4f18-b157-6804e7d0f08c:c2205]
2019-07-10 05:59:44,532 INFO  client.GrpcClientProtocolClient (GrpcClientProtocolClient.java:onNext(255)) - client-535162E20057->7049f9e8-7de6-4c8c-bf4c-9bb5512f4299: receive RaftClientReply:client-535162E20057->7049f9e8-7de6-4c8c-bf4c-9bb5512f4299@group-3B5DE3AEDFC2, cid=1539, SUCCESS, logIndex=0, commits[7049f9e8-7de6-4c8c-bf4c-9bb5512f4299:c2211, 13d9ac51-91bf-4c73-8824-2f58fc5b2747:c2207, 15cd3569-c751-4f18-b157-6804e7d0f08c:c2207]
2019-07-10 05:59:44,548 INFO  client.GrpcClientProtocolClient (GrpcClientProtocolClient.java:onNext(255)) - client-535162E20057->7049f9e8-7de6-4c8c-bf4c-9bb5512f4299: receive RaftClientReply:client-535162E20057->7049f9e8-7de6-4c8c-bf4c-9bb5512f4299@group-3B5DE3AEDFC2, cid=1540, SUCCESS, logIndex=2214, commits[7049f9e8-7de6-4c8c-bf4c-9bb5512f4299:c2215, 13d9ac51-91bf-4c73-8824-2f58fc5b2747:c2211, 15cd3569-c751-4f18-b157-6804e7d0f08c:c2211]
2019-07-10 05:59:44,549 INFO  client.GrpcClientProtocolClient (GrpcClientProtocolClient.java:onNext(255)) - client-535162E20057->7049f9e8-7de6-4c8c-bf4c-9bb5512f4299: receive RaftClientReply:client-535162E20057->7049f9e8-7de6-4c8c-bf4c-9bb5512f4299@group-3B5DE3AEDFC2, cid=1541, SUCCESS, logIndex=2215, commits[7049f9e8-7de6-4c8c-bf4c-9bb5512f4299:c2215, 13d9ac51-91bf-4c73-8824-2f58fc5b2747:c2211, 15cd3569-c751-4f18-b157-6804e7d0f08c:c2211]
2019-07-10 05:59:44,564 INFO  client.GrpcClientProtocolClient (GrpcClientProtocolClient.java:onNext(255)) - client-535162E20057->7049f9e8-7de6-4c8c-bf4c-9bb5512f4299: receive RaftClientReply:client-535162E20057->7049f9e8-7de6-4c8c-bf4c-9bb5512f4299@group-3B5DE3AEDFC2, cid=1542, SUCCESS, logIndex=2217, commits[7049f9e8-7de6-4c8c-bf4c-9bb5512f4299:c2218, 13d9ac51-91bf-4c73-8824-2f58fc5b2747:c2215, 15cd3569-c751-4f18-b157-6804e7d0f08c:c2215]
2019-07-10 05:59:44,564 INFO  client.GrpcClientProtocolClient (GrpcClientProtocolClient.java:onNext(255)) - client-535162E20057->7049f9e8-7de6-4c8c-bf4c-9bb5512f4299: receive RaftClientReply:client-535162E20057->7049f9e8-7de6-4c8c-bf4c-9bb5512f4299@group-3B5DE3AEDFC2, cid=1543, SUCCESS, logIndex=2218, commits[7049f9e8-7de6-4c8c-bf4c-9bb5512f4299:c2218, 13d9ac51-91bf-4c73-8824-2f58fc5b2747:c2215, 15cd3569-c751-4f18-b157-6804e7d0f08c:c2215]
2019-07-10 05:59:44,570 INFO  client.GrpcClientProtocolClient (GrpcClientProtocolClient.java:onNext(255)) - client-535162E20057->7049f9e8-7de6-4c8c-bf4c-9bb5512f4299: receive RaftClientReply:client-535162E20057->7049f9e8-7de6-4c8c-bf4c-9bb5512f4299@group-3B5DE3AEDFC2, cid=1544, SUCCESS, logIndex=0, commits[7049f9e8-7de6-4c8c-bf4c-9bb5512f4299:c2219, 13d9ac51-91bf-4c73-8824-2f58fc5b2747:c2218, 15cd3569-c751-4f18-b157-6804e7d0f08c:c2218]
2019-07-10 05:59:44,604 INFO  client.GrpcClientProtocolClient (GrpcClientProtocolClient.java:onNext(255)) - client-535162E20057->7049f9e8-7de6-4c8c-bf4c-9bb5512f4299: receive RaftClientReply:client-535162E20057->7049f9e8-7de6-4c8c-bf4c-9bb5512f4299@group-3B5DE3AEDFC2, cid=1545, SUCCESS, logIndex=2221, commits[7049f9e8-7de6-4c8c-bf4c-9bb5512f4299:c2222, 13d9ac51-91bf-4c73-8824-2f58fc5b2747:c2220, 15cd3569-c751-4f18-b157-6804e7d0f08c:c2220]
2019-07-10 05:59:44,604 INFO  client.GrpcClientProtocolClient (GrpcClientProtocolClient.java:onNext(255)) - client-535162E20057->7049f9e8-7de6-4c8c-bf4c-9bb5512f4299: receive RaftClientReply:client-535162E20057->7049f9e8-7de6-4c8c-bf4c-9bb5512f4299@group-3B5DE3AEDFC2, cid=1546, SUCCESS, logIndex=2222, commits[7049f9e8-7de6-4c8c-bf4c-9bb5512f4299:c2222, 13d9ac51-91bf-4c73-8824-2f58fc5b2747:c2220, 15cd3569-c751-4f18-b157-6804e7d0f08c:c2220]
2019-07-10 05:59:44,621 INFO  client.GrpcClientProtocolClient (GrpcClientProtocolClient.java:onNext(255)) - client-535162E20057->7049f9e8-7de6-4c8c-bf4c-9bb5512f4299: receive RaftClientReply:client-535162E20057->7049f9e8-7de6-4c8c-bf4c-9bb5512f4299@group-3B5DE3AEDFC2, cid=1547, SUCCESS, logIndex=2223, commits[7049f9e8-7de6-4c8c-bf4c-9bb5512f4299:c2224, 13d9ac51-91bf-4c73-8824-2f58fc5b2747:c2220, 15cd3569-c751-4f18-b157-6804e7d0f08c:c2220]
2019-07-10 05:59:44,622 INFO  client.GrpcClientProtocolClient (GrpcClientProtocolClient.java:onNext(255)) - client-535162E20057->7049f9e8-7de6-4c8c-bf4c-9bb5512f4299: receive RaftClientReply:client-535162E20057->7049f9e8-7de6-4c8c-bf4c-9bb5512f4299@group-3B5DE3AEDFC2, cid=1548, SUCCESS, logIndex=2224, commits[7049f9e8-7de6-4c8c-bf4c-9bb5512f4299:c2224, 13d9ac51-91bf-4c73-8824-2f58fc5b2747:c2220, 15cd3569-c751-4f18-b157-6804e7d0f08c:c2220]
2019-07-10 05:59:44,624 INFO  client.GrpcClientProtocolClient (GrpcClientProtocolClient.java:onNext(255)) - client-535162E20057->7049f9e8-7de6-4c8c-bf4c-9bb5512f4299: receive RaftClientReply:client-535162E20057->7049f9e8-7de6-4c8c-bf4c-9bb5512f4299@group-3B5DE3AEDFC2, cid=1549, SUCCESS, logIndex=0, commits[7049f9e8-7de6-4c8c-bf4c-9bb5512f4299:c2226, 13d9ac51-91bf-4c73-8824-2f58fc5b2747:c2222, 15cd3569-c751-4f18-b157-6804e7d0f08c:c2222]
2019-07-10 05:59:44,667 INFO  client.GrpcClientProtocolClient (GrpcClientProtocolClient.java:onNext(255)) - client-535162E20057->7049f9e8-7de6-4c8c-bf4c-9bb5512f4299: receive RaftClientReply:client-535162E20057->7049f9e8-7de6-4c8c-bf4c-9bb5512f4299@group-3B5DE3AEDFC2, cid=1550, SUCCESS, logIndex=2229, commits[7049f9e8-7de6-4c8c-bf4c-9bb5512f4299:c2230, 13d9ac51-91bf-4c73-8824-2f58fc5b2747:c2224, 15cd3569-c751-4f18-b157-6804e7d0f08c:c2226]
2019-07-10 05:59:44,668 INFO  client.GrpcClientProtocolClient (GrpcClientProtocolClient.java:onNext(255)) - client-535162E20057->7049f9e8-7de6-4c8c-bf4c-9bb5512f4299: receive RaftClientReply:client-535162E20057->7049f9e8-7de6-4c8c-bf4c-9bb5512f4299@group-3B5DE3AEDFC2, cid=1551, SUCCESS, logIndex=2230, commits[7049f9e8-7de6-4c8c-bf4c-9bb5512f4299:c2230, 13d9ac51-91bf-4c73-8824-2f58fc5b2747:c2226, 15cd3569-c751-4f18-b157-6804e7d0f08c:c2226]
2019-07-10 05:59:44,692 INFO  client.GrpcClientProtocolClient (GrpcClientProtocolClient.java:onNext(255)) - client-535162E20057->7049f9e8-7de6-4c8c-bf4c-9bb5512f4299: receive RaftClientReply:client-535162E20057->7049f9e8-7de6-4c8c-bf4c-9bb5512f4299@group-3B5DE3AEDFC2, cid=1552, SUCCESS, logIndex=2233, commits[7049f9e8-7de6-4c8c-bf4c-9bb5512f4299:c2234, 13d9ac51-91bf-4c73-8824-2f58fc5b2747:c2230, 15cd3569-c751-4f18-b157-6804e7d0f08c:c2230]
2019-07-10 05:59:44,693 INFO  client.GrpcClientProtocolClient (GrpcClientProtocolClient.java:onNext(255)) - client-535162E20057->7049f9e8-7de6-4c8c-bf4c-9bb5512f4299: receive RaftClientReply:client-535162E20057->7049f9e8-7de6-4c8c-bf4c-9bb5512f4299@group-3B5DE3AEDFC2, cid=1553, SUCCESS, logIndex=2234, commits[7049f9e8-7de6-4c8c-bf4c-9bb5512f4299:c2234, 13d9ac51-91bf-4c73-8824-2f58fc5b2747:c2230, 15cd3569-c751-4f18-b157-6804e7d0f08c:c2230]
2019-07-10 05:59:44,726 INFO  client.GrpcClientProtocolClient (GrpcClientProtocolClient.java:onNext(255)) - client-535162E20057->7049f9e8-7de6-4c8c-bf4c-9bb5512f4299: receive RaftClientReply:client-535162E20057->7049f9e8-7de6-4c8c-bf4c-9bb5512f4299@group-3B5DE3AEDFC2, cid=1554, SUCCESS, logIndex=0, commits[7049f9e8-7de6-4c8c-bf4c-9bb5512f4299:c2236, 13d9ac51-91bf-4c73-8824-2f58fc5b2747:c2234, 15cd3569-c751-4f18-b157-6804e7d0f08c:c2234]
2019-07-10 05:59:44,759 INFO  client.GrpcClientProtocolClient (GrpcClientProtocolClient.java:onNext(255)) - client-535162E20057->7049f9e8-7de6-4c8c-bf4c-9bb5512f4299: receive RaftClientReply:client-535162E20057->7049f9e8-7de6-4c8c-bf4c-9bb5512f4299@group-3B5DE3AEDFC2, cid=1555, SUCCESS, logIndex=2237, commits[7049f9e8-7de6-4c8c-bf4c-9bb5512f4299:c2238, 13d9ac51-91bf-4c73-8824-2f58fc5b2747:c2236, 15cd3569-c751-4f18-b157-6804e7d0f08c:c2236]
2019-07-10 05:59:44,759 INFO  client.GrpcClientProtocolClient (GrpcClientProtocolClient.java:onNext(255)) - client-535162E20057->7049f9e8-7de6-4c8c-bf4c-9bb5512f4299: receive RaftClientReply:client-535162E20057->7049f9e8-7de6-4c8c-bf4c-9bb5512f4299@group-3B5DE3AEDFC2, cid=1556, SUCCESS, logIndex=2238, commits[7049f9e8-7de6-4c8c-bf4c-9bb5512f4299:c2238, 13d9ac51-91bf-4c73-8824-2f58fc5b2747:c2236, 15cd3569-c751-4f18-b157-6804e7d0f08c:c2236]
2019-07-10 05:59:44,760 INFO  client.GrpcClientProtocolClient (GrpcClientProtocolClient.java:onNext(255)) - client-535162E20057->7049f9e8-7de6-4c8c-bf4c-9bb5512f4299: receive RaftClientReply:client-535162E20057->7049f9e8-7de6-4c8c-bf4c-9bb5512f4299@group-3B5DE3AEDFC2, cid=1557, SUCCESS, logIndex=2239, commits[7049f9e8-7de6-4c8c-bf4c-9bb5512f4299:c2240, 13d9ac51-91bf-4c73-8824-2f58fc5b2747:c2236, 15cd3569-c751-4f18-b157-6804e7d0f08c:c2236]
2019-07-10 05:59:44,760 INFO  client.GrpcClientProtocolClient (GrpcClientProtocolClient.java:onNext(255)) - client-535162E20057->7049f9e8-7de6-4c8c-bf4c-9bb5512f4299: receive RaftClientReply:client-535162E20057->7049f9e8-7de6-4c8c-bf4c-9bb5512f4299@group-3B5DE3AEDFC2, cid=1558, SUCCESS, logIndex=2240, commits[7049f9e8-7de6-4c8c-bf4c-9bb5512f4299:c2240, 13d9ac51-91bf-4c73-8824-2f58fc5b2747:c2236, 15cd3569-c751-4f18-b157-6804e7d0f08c:c2236]
2019-07-10 05:59:44,772 INFO  client.GrpcClientProtocolClient (GrpcClientProtocolClient.java:onNext(255)) - client-535162E20057->7049f9e8-7de6-4c8c-bf4c-9bb5512f4299: receive RaftClientReply:client-535162E20057->7049f9e8-7de6-4c8c-bf4c-9bb5512f4299@group-3B5DE3AEDFC2, cid=1559, SUCCESS, logIndex=0, commits[7049f9e8-7de6-4c8c-bf4c-9bb5512f4299:c2244, 13d9ac51-91bf-4c73-8824-2f58fc5b2747:c2238, 15cd3569-c751-4f18-b157-6804e7d0f08c:c2240]
2019-07-10 05:59:44,792 INFO  client.GrpcClientProtocolClient (GrpcClientProtocolClient.java:onNext(255)) - client-535162E20057->7049f9e8-7de6-4c8c-bf4c-9bb5512f4299: receive RaftClientReply:client-535162E20057->7049f9e8-7de6-4c8c-bf4c-9bb5512f4299@group-3B5DE3AEDFC2, cid=1560, SUCCESS, logIndex=2245, commits[7049f9e8-7de6-4c8c-bf4c-9bb5512f4299:c2246, 13d9ac51-91bf-4c73-8824-2f58fc5b2747:c2244, 15cd3569-c751-4f18-b157-6804e7d0f08c:c2244]
2019-07-10 05:59:44,793 INFO  client.GrpcClientProtocolClient (GrpcClientProtocolClient.java:onNext(255)) - client-535162E20057->7049f9e8-7de6-4c8c-bf4c-9bb5512f4299: receive RaftClientReply:client-535162E20057->7049f9e8-7de6-4c8c-bf4c-9bb5512f4299@group-3B5DE3AEDFC2, cid=1561, SUCCESS, logIndex=2246, commits[7049f9e8-7de6-4c8c-bf4c-9bb5512f4299:c2246, 13d9ac51-91bf-4c73-8824-2f58fc5b2747:c2244, 15cd3569-c751-4f18-b157-6804e7d0f08c:c2244]
2019-07-10 05:59:44,805 INFO  client.GrpcClientProtocolClient (GrpcClientProtocolClient.java:onNext(255)) - client-535162E20057->7049f9e8-7de6-4c8c-bf4c-9bb5512f4299: receive RaftClientReply:client-535162E20057->7049f9e8-7de6-4c8c-bf4c-9bb5512f4299@group-3B5DE3AEDFC2, cid=1562, SUCCESS, logIndex=2249, commits[7049f9e8-7de6-4c8c-bf4c-9bb5512f4299:c2250, 13d9ac51-91bf-4c73-8824-2f58fc5b2747:c2245, 15cd3569-c751-4f18-b157-6804e7d0f08c:c2246]
2019-07-10 05:59:44,806 INFO  client.GrpcClientProtocolClient (GrpcClientProtocolClient.java:onNext(255)) - client-535162E20057->7049f9e8-7de6-4c8c-bf4c-9bb5512f4299: receive RaftClientReply:client-535162E20057->7049f9e8-7de6-4c8c-bf4c-9bb5512f4299@group-3B5DE3AEDFC2, cid=1563, SUCCESS, logIndex=2250, commits[7049f9e8-7de6-4c8c-bf4c-9bb5512f4299:c2250, 13d9ac51-91bf-4c73-8824-2f58fc5b2747:c2246, 15cd3569-c751-4f18-b157-6804e7d0f08c:c2246]
2019-07-10 05:59:44,818 INFO  client.GrpcClientProtocolClient (GrpcClientProtocolClient.java:onNext(255)) - client-535162E20057->7049f9e8-7de6-4c8c-bf4c-9bb5512f4299: receive RaftClientReply:client-535162E20057->7049f9e8-7de6-4c8c-bf4c-9bb5512f4299@group-3B5DE3AEDFC2, cid=1564, SUCCESS, logIndex=0, commits[7049f9e8-7de6-4c8c-bf4c-9bb5512f4299:c2251, 13d9ac51-91bf-4c73-8824-2f58fc5b2747:c2250, 15cd3569-c751-4f18-b157-6804e7d0f08c:c2250]
2019-07-10 05:59:44,848 INFO  client.GrpcClientProtocolClient (GrpcClientProtocolClient.java:onNext(255)) - client-535162E20057->7049f9e8-7de6-4c8c-bf4c-9bb5512f4299: receive RaftClientReply:client-535162E20057->7049f9e8-7de6-4c8c-bf4c-9bb5512f4299@group-3B5DE3AEDFC2, cid=1565, SUCCESS, logIndex=2253, commits[7049f9e8-7de6-4c8c-bf4c-9bb5512f4299:c2254, 13d9ac51-91bf-4c73-8824-2f58fc5b2747:c2252, 15cd3569-c751-4f18-b157-6804e7d0f08c:c2252]
2019-07-10 05:59:44,848 INFO  client.GrpcClientProtocolClient (GrpcClientProtocolClient.java:onNext(255)) - client-535162E20057->7049f9e8-7de6-4c8c-bf4c-9bb5512f4299: receive RaftClientReply:client-535162E20057->7049f9e8-7de6-4c8c-bf4c-9bb5512f4299@group-3B5DE3AEDFC2, cid=1566, SUCCESS, logIndex=2254, commits[7049f9e8-7de6-4c8c-bf4c-9bb5512f4299:c2254, 13d9ac51-91bf-4c73-8824-2f58fc5b2747:c2252, 15cd3569-c751-4f18-b157-6804e7d0f08c:c2252]
2019-07-10 05:59:44,859 INFO  client.GrpcClientProtocolClient (GrpcClientProtocolClient.java:onNext(255)) - client-535162E20057->7049f9e8-7de6-4c8c-bf4c-9bb5512f4299: receive RaftClientReply:client-535162E20057->7049f9e8-7de6-4c8c-bf4c-9bb5512f4299@group-3B5DE3AEDFC2, cid=1567, SUCCESS, logIndex=2255, commits[7049f9e8-7de6-4c8c-bf4c-9bb5512f4299:c2256, 13d9ac51-91bf-4c73-8824-2f58fc5b2747:c2252, 15cd3569-c751-4f18-b157-6804e7d0f08c:c2252]
2019-07-10 05:59:44,860 INFO  client.GrpcClientProtocolClient (GrpcClientProtocolClient.java:onNext(255)) - client-535162E20057->7049f9e8-7de6-4c8c-bf4c-9bb5512f4299: receive RaftClientReply:client-535162E20057->7049f9e8-7de6-4c8c-bf4c-9bb5512f4299@group-3B5DE3AEDFC2, cid=1568, SUCCESS, logIndex=2256, commits[7049f9e8-7de6-4c8c-bf4c-9bb5512f4299:c2256, 13d9ac51-91bf-4c73-8824-2f58fc5b2747:c2252, 15cd3569-c751-4f18-b157-6804e7d0f08c:c2252]
2019-07-10 05:59:44,862 INFO  client.GrpcClientProtocolClient (GrpcClientProtocolClient.java:onNext(255)) - client-535162E20057->7049f9e8-7de6-4c8c-bf4c-9bb5512f4299: receive RaftClientReply:client-535162E20057->7049f9e8-7de6-4c8c-bf4c-9bb5512f4299@group-3B5DE3AEDFC2, cid=1569, SUCCESS, logIndex=0, commits[7049f9e8-7de6-4c8c-bf4c-9bb5512f4299:c2258, 13d9ac51-91bf-4c73-8824-2f58fc5b2747:c2254, 15cd3569-c751-4f18-b157-6804e7d0f08c:c2254]
2019-07-10 05:59:44,874 INFO  client.GrpcClientProtocolClient (GrpcClientProtocolClient.java:onNext(255)) - client-535162E20057->7049f9e8-7de6-4c8c-bf4c-9bb5512f4299: receive RaftClientReply:client-535162E20057->7049f9e8-7de6-4c8c-bf4c-9bb5512f4299@group-3B5DE3AEDFC2, cid=1570, SUCCESS, logIndex=2261, commits[7049f9e8-7de6-4c8c-bf4c-9bb5512f4299:c2262, 13d9ac51-91bf-4c73-8824-2f58fc5b2747:c2256, 15cd3569-c751-4f18-b157-6804e7d0f08c:c2258]
2019-07-10 05:59:44,875 INFO  client.GrpcClientProtocolClient (GrpcClientProtocolClient.java:onNext(255)) - client-535162E20057->7049f9e8-7de6-4c8c-bf4c-9bb5512f4299: receive RaftClientReply:client-535162E20057->7049f9e8-7de6-4c8c-bf4c-9bb5512f4299@group-3B5DE3AEDFC2, cid=1571, SUCCESS, logIndex=2262, commits[7049f9e8-7de6-4c8c-bf4c-9bb5512f4299:c2262, 13d9ac51-91bf-4c73-8824-2f58fc5b2747:c2258, 15cd3569-c751-4f18-b157-6804e7d0f08c:c2258]
2019-07-10 05:59:44,890 INFO  client.GrpcClientProtocolClient (GrpcClientProtocolClient.java:onNext(255)) - client-535162E20057->7049f9e8-7de6-4c8c-bf4c-9bb5512f4299: receive RaftClientReply:client-535162E20057->7049f9e8-7de6-4c8c-bf4c-9bb5512f4299@group-3B5DE3AEDFC2, cid=1572, SUCCESS, logIndex=2265, commits[7049f9e8-7de6-4c8c-bf4c-9bb5512f4299:c2266, 13d9ac51-91bf-4c73-8824-2f58fc5b2747:c2262, 15cd3569-c751-4f18-b157-6804e7d0f08c:c2263]
2019-07-10 05:59:44,890 INFO  client.GrpcClientProtocolClient (GrpcClientProtocolClient.java:onNext(255)) - client-535162E20057->7049f9e8-7de6-4c8c-bf4c-9bb5512f4299: receive RaftClientReply:client-535162E20057->7049f9e8-7de6-4c8c-bf4c-9bb5512f4299@group-3B5DE3AEDFC2, cid=1573, SUCCESS, logIndex=2266, commits[7049f9e8-7de6-4c8c-bf4c-9bb5512f4299:c2266, 13d9ac51-91bf-4c73-8824-2f58fc5b2747:c2263, 15cd3569-c751-4f18-b157-6804e7d0f08c:c2263]
2019-07-10 05:59:44,893 INFO  client.GrpcClientProtocolClient (GrpcClientProtocolClient.java:onNext(255)) - client-535162E20057->7049f9e8-7de6-4c8c-bf4c-9bb5512f4299: receive RaftClientReply:client-535162E20057->7049f9e8-7de6-4c8c-bf4c-9bb5512f4299@group-3B5DE3AEDFC2, cid=1574, SUCCESS, logIndex=0, commits[7049f9e8-7de6-4c8c-bf4c-9bb5512f4299:c2267, 13d9ac51-91bf-4c73-8824-2f58fc5b2747:c2266, 15cd3569-c751-4f18-b157-6804e7d0f08c:c2266]
2019-07-10 05:59:44,913 INFO  client.GrpcClientProtocolClient (GrpcClientProtocolClient.java:onNext(255)) - client-535162E20057->7049f9e8-7de6-4c8c-bf4c-9bb5512f4299: receive RaftClientReply:client-535162E20057->7049f9e8-7de6-4c8c-bf4c-9bb5512f4299@group-3B5DE3AEDFC2, cid=1575, SUCCESS, logIndex=2269, commits[7049f9e8-7de6-4c8c-bf4c-9bb5512f4299:c2270, 13d9ac51-91bf-4c73-8824-2f58fc5b2747:c2266, 15cd3569-c751-4f18-b157-6804e7d0f08c:c2268]
2019-07-10 05:59:44,914 INFO  client.GrpcClientProtocolClient (GrpcClientProtocolClient.java:onNext(255)) - client-535162E20057->7049f9e8-7de6-4c8c-bf4c-9bb5512f4299: receive RaftClientReply:client-535162E20057->7049f9e8-7de6-4c8c-bf4c-9bb5512f4299@group-3B5DE3AEDFC2, cid=1576, SUCCESS, logIndex=2270, commits[7049f9e8-7de6-4c8c-bf4c-9bb5512f4299:c2270, 13d9ac51-91bf-4c73-8824-2f58fc5b2747:c2268, 15cd3569-c751-4f18-b157-6804e7d0f08c:c2268]
2019-07-10 05:59:44,914 INFO  client.GrpcClientProtocolClient (GrpcClientProtocolClient.java:onNext(255)) - client-535162E20057->7049f9e8-7de6-4c8c-bf4c-9bb5512f4299: receive RaftClientReply:client-535162E20057->7049f9e8-7de6-4c8c-bf4c-9bb5512f4299@group-3B5DE3AEDFC2, cid=1577, SUCCESS, logIndex=2271, commits[7049f9e8-7de6-4c8c-bf4c-9bb5512f4299:c2272, 13d9ac51-91bf-4c73-8824-2f58fc5b2747:c2268, 15cd3569-c751-4f18-b157-6804e7d0f08c:c2268]
2019-07-10 05:59:44,915 INFO  client.GrpcClientProtocolClient (GrpcClientProtocolClient.java:onNext(255)) - client-535162E20057->7049f9e8-7de6-4c8c-bf4c-9bb5512f4299: receive RaftClientReply:client-535162E20057->7049f9e8-7de6-4c8c-bf4c-9bb5512f4299@group-3B5DE3AEDFC2, cid=1578, SUCCESS, logIndex=2272, commits[7049f9e8-7de6-4c8c-bf4c-9bb5512f4299:c2272, 13d9ac51-91bf-4c73-8824-2f58fc5b2747:c2268, 15cd3569-c751-4f18-b157-6804e7d0f08c:c2268]
2019-07-10 05:59:44,916 INFO  client.GrpcClientProtocolClient (GrpcClientProtocolClient.java:onNext(255)) - client-535162E20057->7049f9e8-7de6-4c8c-bf4c-9bb5512f4299: receive RaftClientReply:client-535162E20057->7049f9e8-7de6-4c8c-bf4c-9bb5512f4299@group-3B5DE3AEDFC2, cid=1579, SUCCESS, logIndex=0, commits[7049f9e8-7de6-4c8c-bf4c-9bb5512f4299:c2273, 13d9ac51-91bf-4c73-8824-2f58fc5b2747:c2270, 15cd3569-c751-4f18-b157-6804e7d0f08c:c2270]
2019-07-10 05:59:44,928 INFO  client.GrpcClientProtocolClient (GrpcClientProtocolClient.java:onNext(255)) - client-535162E20057->7049f9e8-7de6-4c8c-bf4c-9bb5512f4299: receive RaftClientReply:client-535162E20057->7049f9e8-7de6-4c8c-bf4c-9bb5512f4299@group-3B5DE3AEDFC2, cid=1580, SUCCESS, logIndex=2277, commits[7049f9e8-7de6-4c8c-bf4c-9bb5512f4299:c2278, 13d9ac51-91bf-4c73-8824-2f58fc5b2747:c2276, 15cd3569-c751-4f18-b157-6804e7d0f08c:c2272]
2019-07-10 05:59:44,928 INFO  client.GrpcClientProtocolClient (GrpcClientProtocolClient.java:onNext(255)) - client-535162E20057->7049f9e8-7de6-4c8c-bf4c-9bb5512f4299: receive RaftClientReply:client-535162E20057->7049f9e8-7de6-4c8c-bf4c-9bb5512f4299@group-3B5DE3AEDFC2, cid=1581, SUCCESS, logIndex=2278, commits[7049f9e8-7de6-4c8c-bf4c-9bb5512f4299:c2278, 13d9ac51-91bf-4c73-8824-2f58fc5b2747:c2276, 15cd3569-c751-4f18-b157-6804e7d0f08c:c2276]
2019-07-10 05:59:44,938 INFO  client.GrpcClientProtocolClient (GrpcClientProtocolClient.java:onNext(255)) - client-535162E20057->7049f9e8-7de6-4c8c-bf4c-9bb5512f4299: receive RaftClientReply:client-535162E20057->7049f9e8-7de6-4c8c-bf4c-9bb5512f4299@group-3B5DE3AEDFC2, cid=1582, SUCCESS, logIndex=2281, commits[7049f9e8-7de6-4c8c-bf4c-9bb5512f4299:c2282, 13d9ac51-91bf-4c73-8824-2f58fc5b2747:c2280, 15cd3569-c751-4f18-b157-6804e7d0f08c:c2280]
2019-07-10 05:59:44,939 INFO  client.GrpcClientProtocolClient (GrpcClientProtocolClient.java:onNext(255)) - client-535162E20057->7049f9e8-7de6-4c8c-bf4c-9bb5512f4299: receive RaftClientReply:client-535162E20057->7049f9e8-7de6-4c8c-bf4c-9bb5512f4299@group-3B5DE3AEDFC2, cid=1583, SUCCESS, logIndex=2282, commits[7049f9e8-7de6-4c8c-bf4c-9bb5512f4299:c2282, 13d9ac51-91bf-4c73-8824-2f58fc5b2747:c2280, 15cd3569-c751-4f18-b157-6804e7d0f08c:c2280]
2019-07-10 05:59:44,940 INFO  client.GrpcClientProtocolClient (GrpcClientProtocolClient.java:onNext(255)) - client-535162E20057->7049f9e8-7de6-4c8c-bf4c-9bb5512f4299: receive RaftClientReply:client-535162E20057->7049f9e8-7de6-4c8c-bf4c-9bb5512f4299@group-3B5DE3AEDFC2, cid=1584, SUCCESS, logIndex=0, commits[7049f9e8-7de6-4c8c-bf4c-9bb5512f4299:c2283, 13d9ac51-91bf-4c73-8824-2f58fc5b2747:c2282, 15cd3569-c751-4f18-b157-6804e7d0f08c:c2282]
2019-07-10 05:59:44,960 INFO  client.GrpcClientProtocolClient (GrpcClientProtocolClient.java:onNext(255)) - client-535162E20057->7049f9e8-7de6-4c8c-bf4c-9bb5512f4299: receive RaftClientReply:client-535162E20057->7049f9e8-7de6-4c8c-bf4c-9bb5512f4299@group-3B5DE3AEDFC2, cid=1585, SUCCESS, logIndex=2285, commits[7049f9e8-7de6-4c8c-bf4c-9bb5512f4299:c2286, 13d9ac51-91bf-4c73-8824-2f58fc5b2747:c2284, 15cd3569-c751-4f18-b157-6804e7d0f08c:c2282]
2019-07-10 05:59:44,960 INFO  client.GrpcClientProtocolClient (GrpcClientProtocolClient.java:onNext(255)) - client-535162E20057->7049f9e8-7de6-4c8c-bf4c-9bb5512f4299: receive RaftClientReply:client-535162E20057->7049f9e8-7de6-4c8c-bf4c-9bb5512f4299@group-3B5DE3AEDFC2, cid=1586, SUCCESS, logIndex=2286, commits[7049f9e8-7de6-4c8c-bf4c-9bb5512f4299:c2288, 13d9ac51-91bf-4c73-8824-2f58fc5b2747:c2284, 15cd3569-c751-4f18-b157-6804e7d0f08c:c2284]
2019-07-10 05:59:44,960 INFO  client.GrpcClientProtocolClient (GrpcClientProtocolClient.java:onNext(255)) - client-535162E20057->7049f9e8-7de6-4c8c-bf4c-9bb5512f4299: receive RaftClientReply:client-535162E20057->7049f9e8-7de6-4c8c-bf4c-9bb5512f4299@group-3B5DE3AEDFC2, cid=1587, SUCCESS, logIndex=2287, commits[7049f9e8-7de6-4c8c-bf4c-9bb5512f4299:c2288, 13d9ac51-91bf-4c73-8824-2f58fc5b2747:c2284, 15cd3569-c751-4f18-b157-6804e7d0f08c:c2284]
2019-07-10 05:59:44,961 INFO  client.GrpcClientProtocolClient (GrpcClientProtocolClient.java:onNext(255)) - client-535162E20057->7049f9e8-7de6-4c8c-bf4c-9bb5512f4299: receive RaftClientReply:client-535162E20057->7049f9e8-7de6-4c8c-bf4c-9bb5512f4299@group-3B5DE3AEDFC2, cid=1588, SUCCESS, logIndex=2288, commits[7049f9e8-7de6-4c8c-bf4c-9bb5512f4299:c2288, 13d9ac51-91bf-4c73-8824-2f58fc5b2747:c2284, 15cd3569-c751-4f18-b157-6804e7d0f08c:c2284]
2019-07-10 05:59:44,964 INFO  client.GrpcClientProtocolClient (GrpcClientProtocolClient.java:onNext(255)) - client-535162E20057->7049f9e8-7de6-4c8c-bf4c-9bb5512f4299: receive RaftClientReply:client-535162E20057->7049f9e8-7de6-4c8c-bf4c-9bb5512f4299@group-3B5DE3AEDFC2, cid=1589, SUCCESS, logIndex=0, commits[7049f9e8-7de6-4c8c-bf4c-9bb5512f4299:c2291, 13d9ac51-91bf-4c73-8824-2f58fc5b2747:c2286, 15cd3569-c751-4f18-b157-6804e7d0f08c:c2288]
2019-07-10 05:59:44,991 INFO  client.GrpcClientProtocolClient (GrpcClientProtocolClient.java:onNext(255)) - client-535162E20057->7049f9e8-7de6-4c8c-bf4c-9bb5512f4299: receive RaftClientReply:client-535162E20057->7049f9e8-7de6-4c8c-bf4c-9bb5512f4299@group-3B5DE3AEDFC2, cid=1590, SUCCESS, logIndex=2293, commits[7049f9e8-7de6-4c8c-bf4c-9bb5512f4299:c2294, 13d9ac51-91bf-4c73-8824-2f58fc5b2747:c2292, 15cd3569-c751-4f18-b157-6804e7d0f08c:c2292]
2019-07-10 05:59:44,991 INFO  client.GrpcClientProtocolClient (GrpcClientProtocolClient.java:onNext(255)) - client-535162E20057->7049f9e8-7de6-4c8c-bf4c-9bb5512f4299: receive RaftClientReply:client-535162E20057->7049f9e8-7de6-4c8c-bf4c-9bb5512f4299@group-3B5DE3AEDFC2, cid=1591, SUCCESS, logIndex=2294, commits[7049f9e8-7de6-4c8c-bf4c-9bb5512f4299:c2294, 13d9ac51-91bf-4c73-8824-2f58fc5b2747:c2292, 15cd3569-c751-4f18-b157-6804e7d0f08c:c2292]
2019-07-10 05:59:45,006 INFO  client.GrpcClientProtocolClient (GrpcClientProtocolClient.java:onNext(255)) - client-535162E20057->7049f9e8-7de6-4c8c-bf4c-9bb5512f4299: receive RaftClientReply:client-535162E20057->7049f9e8-7de6-4c8c-bf4c-9bb5512f4299@group-3B5DE3AEDFC2, cid=1592, SUCCESS, logIndex=2297, commits[7049f9e8-7de6-4c8c-bf4c-9bb5512f4299:c2298, 13d9ac51-91bf-4c73-8824-2f58fc5b2747:c2294, 15cd3569-c751-4f18-b157-6804e7d0f08c:c2294]
2019-07-10 05:59:45,006 INFO  client.GrpcClientProtocolClient (GrpcClientProtocolClient.java:onNext(255)) - client-535162E20057->7049f9e8-7de6-4c8c-bf4c-9bb5512f4299: receive RaftClientReply:client-535162E20057->7049f9e8-7de6-4c8c-bf4c-9bb5512f4299@group-3B5DE3AEDFC2, cid=1593, SUCCESS, logIndex=2298, commits[7049f9e8-7de6-4c8c-bf4c-9bb5512f4299:c2298, 13d9ac51-91bf-4c73-8824-2f58fc5b2747:c2294, 15cd3569-c751-4f18-b157-6804e7d0f08c:c2294]
2019-07-10 05:59:45,017 INFO  client.GrpcClientProtocolClient (GrpcClientProtocolClient.java:onNext(255)) - client-535162E20057->7049f9e8-7de6-4c8c-bf4c-9bb5512f4299: receive RaftClientReply:client-535162E20057->7049f9e8-7de6-4c8c-bf4c-9bb5512f4299@group-3B5DE3AEDFC2, cid=1594, SUCCESS, logIndex=0, commits[7049f9e8-7de6-4c8c-bf4c-9bb5512f4299:c2299, 13d9ac51-91bf-4c73-8824-2f58fc5b2747:c2298, 15cd3569-c751-4f18-b157-6804e7d0f08c:c2298]
2019-07-10 05:59:45,043 INFO  client.GrpcClientProtocolClient (GrpcClientProtocolClient.java:onNext(255)) - client-535162E20057->7049f9e8-7de6-4c8c-bf4c-9bb5512f4299: receive RaftClientReply:client-535162E20057->7049f9e8-7de6-4c8c-bf4c-9bb5512f4299@group-3B5DE3AEDFC2, cid=1595, SUCCESS, logIndex=2301, commits[7049f9e8-7de6-4c8c-bf4c-9bb5512f4299:c2303, 13d9ac51-91bf-4c73-8824-2f58fc5b2747:c2300, 15cd3569-c751-4f18-b157-6804e7d0f08c:c2300]
2019-07-10 05:59:45,044 INFO  client.GrpcClientProtocolClient (GrpcClientProtocolClient.java:onNext(255)) - client-535162E20057->7049f9e8-7de6-4c8c-bf4c-9bb5512f4299: receive RaftClientReply:client-535162E20057->7049f9e8-7de6-4c8c-bf4c-9bb5512f4299@group-3B5DE3AEDFC2, cid=1596, SUCCESS, logIndex=2302, commits[7049f9e8-7de6-4c8c-bf4c-9bb5512f4299:c2304, 13d9ac51-91bf-4c73-8824-2f58fc5b2747:c2300, 15cd3569-c751-4f18-b157-6804e7d0f08c:c2300]
2019-07-10 05:59:45,044 INFO  client.GrpcClientProtocolClient (GrpcClientProtocolClient.java:onNext(255)) - client-535162E20057->7049f9e8-7de6-4c8c-bf4c-9bb5512f4299: receive RaftClientReply:client-535162E20057->7049f9e8-7de6-4c8c-bf4c-9bb5512f4299@group-3B5DE3AEDFC2, cid=1597, SUCCESS, logIndex=2303, commits[7049f9e8-7de6-4c8c-bf4c-9bb5512f4299:c2304, 13d9ac51-91bf-4c73-8824-2f58fc5b2747:c2300, 15cd3569-c751-4f18-b157-6804e7d0f08c:c2300]
2019-07-10 05:59:45,044 INFO  client.GrpcClientProtocolClient (GrpcClientProtocolClient.java:onNext(255)) - client-535162E20057->7049f9e8-7de6-4c8c-bf4c-9bb5512f4299: receive RaftClientReply:client-535162E20057->7049f9e8-7de6-4c8c-bf4c-9bb5512f4299@group-3B5DE3AEDFC2, cid=1598, SUCCESS, logIndex=2304, commits[7049f9e8-7de6-4c8c-bf4c-9bb5512f4299:c2304, 13d9ac51-91bf-4c73-8824-2f58fc5b2747:c2300, 15cd3569-c751-4f18-b157-6804e7d0f08c:c2300]
2019-07-10 05:59:45,058 INFO  client.GrpcClientProtocolClient (GrpcClientProtocolClient.java:onNext(255)) - client-535162E20057->7049f9e8-7de6-4c8c-bf4c-9bb5512f4299: receive RaftClientReply:client-535162E20057->7049f9e8-7de6-4c8c-bf4c-9bb5512f4299@group-3B5DE3AEDFC2, cid=1599, SUCCESS, logIndex=0, commits[7049f9e8-7de6-4c8c-bf4c-9bb5512f4299:c2307, 13d9ac51-91bf-4c73-8824-2f58fc5b2747:c2302, 15cd3569-c751-4f18-b157-6804e7d0f08c:c2303]
2019-07-10 05:59:45,077 INFO  client.GrpcClientProtocolClient (GrpcClientProtocolClient.java:onNext(255)) - client-535162E20057->7049f9e8-7de6-4c8c-bf4c-9bb5512f4299: receive RaftClientReply:client-535162E20057->7049f9e8-7de6-4c8c-bf4c-9bb5512f4299@group-3B5DE3AEDFC2, cid=1600, SUCCESS, logIndex=2309, commits[7049f9e8-7de6-4c8c-bf4c-9bb5512f4299:c2310, 13d9ac51-91bf-4c73-8824-2f58fc5b2747:c2308, 15cd3569-c751-4f18-b157-6804e7d0f08c:c2308]
2019-07-10 05:59:45,077 INFO  client.GrpcClientProtocolClient (GrpcClientProtocolClient.java:onNext(255)) - client-535162E20057->7049f9e8-7de6-4c8c-bf4c-9bb5512f4299: receive RaftClientReply:client-535162E20057->7049f9e8-7de6-4c8c-bf4c-9bb5512f4299@group-3B5DE3AEDFC2, cid=1601, SUCCESS, logIndex=2310, commits[7049f9e8-7de6-4c8c-bf4c-9bb5512f4299:c2310, 13d9ac51-91bf-4c73-8824-2f58fc5b2747:c2308, 15cd3569-c751-4f18-b157-6804e7d0f08c:c2308]
 0.00% |█                                                                                                    |  0/1 Time: 0:00:102019-07-10 05:59:45,091 INFO  client.GrpcClientProtocolClient (GrpcClientProtocolClient.java:onNext(255)) - client-535162E20057->7049f9e8-7de6-4c8c-bf4c-9bb5512f4299: receive RaftClientReply:client-535162E20057->7049f9e8-7de6-4c8c-bf4c-9bb5512f4299@group-3B5DE3AEDFC2, cid=1602, SUCCESS, logIndex=2313, commits[7049f9e8-7de6-4c8c-bf4c-9bb5512f4299:c2313, 13d9ac51-91bf-4c73-8824-2f58fc5b2747:c2310, 15cd3569-c751-4f18-b157-6804e7d0f08c:c2310]
2019-07-10 05:59:45,194 INFO  client.GrpcClientProtocolClient (GrpcClientProtocolClient.java:onNext(255)) - client-535162E20057->7049f9e8-7de6-4c8c-bf4c-9bb5512f4299: receive RaftClientReply:client-535162E20057->7049f9e8-7de6-4c8c-bf4c-9bb5512f4299@group-3B5DE3AEDFC2, cid=1603, SUCCESS, logIndex=2314, commits[7049f9e8-7de6-4c8c-bf4c-9bb5512f4299:c2314, 13d9ac51-91bf-4c73-8824-2f58fc5b2747:c2310, 15cd3569-c751-4f18-b157-6804e7d0f08c:c2310]
2019-07-10 05:59:45,206 INFO  client.GrpcClientProtocolClient (GrpcClientProtocolClient.java:onNext(255)) - client-535162E20057->7049f9e8-7de6-4c8c-bf4c-9bb5512f4299: receive RaftClientReply:client-535162E20057->7049f9e8-7de6-4c8c-bf4c-9bb5512f4299@group-3B5DE3AEDFC2, cid=1604, SUCCESS, logIndex=0, commits[7049f9e8-7de6-4c8c-bf4c-9bb5512f4299:c2316, 13d9ac51-91bf-4c73-8824-2f58fc5b2747:c2314, 15cd3569-c751-4f18-b157-6804e7d0f08c:c2314]
2019-07-10 05:59:45,239 INFO  client.GrpcClientProtocolClient (GrpcClientProtocolClient.java:onNext(255)) - client-535162E20057->7049f9e8-7de6-4c8c-bf4c-9bb5512f4299: receive RaftClientReply:client-535162E20057->7049f9e8-7de6-4c8c-bf4c-9bb5512f4299@group-3B5DE3AEDFC2, cid=1605, SUCCESS, logIndex=2317, commits[7049f9e8-7de6-4c8c-bf4c-9bb5512f4299:c2318, 13d9ac51-91bf-4c73-8824-2f58fc5b2747:c2314, 15cd3569-c751-4f18-b157-6804e7d0f08c:c2316]
2019-07-10 05:59:45,239 INFO  client.GrpcClientProtocolClient (GrpcClientProtocolClient.java:onNext(255)) - client-535162E20057->7049f9e8-7de6-4c8c-bf4c-9bb5512f4299: receive RaftClientReply:client-535162E20057->7049f9e8-7de6-4c8c-bf4c-9bb5512f4299@group-3B5DE3AEDFC2, cid=1606, SUCCESS, logIndex=2318, commits[7049f9e8-7de6-4c8c-bf4c-9bb5512f4299:c2318, 13d9ac51-91bf-4c73-8824-2f58fc5b2747:c2314, 15cd3569-c751-4f18-b157-6804e7d0f08c:c2316]
2019-07-10 05:59:45,251 INFO  client.GrpcClientProtocolClient (GrpcClientProtocolClient.java:onNext(255)) - client-535162E20057->7049f9e8-7de6-4c8c-bf4c-9bb5512f4299: receive RaftClientReply:client-535162E20057->7049f9e8-7de6-4c8c-bf4c-9bb5512f4299@group-3B5DE3AEDFC2, cid=1607, SUCCESS, logIndex=2319, commits[7049f9e8-7de6-4c8c-bf4c-9bb5512f4299:c2320, 13d9ac51-91bf-4c73-8824-2f58fc5b2747:c2316, 15cd3569-c751-4f18-b157-6804e7d0f08c:c2316]
2019-07-10 05:59:45,252 INFO  client.GrpcClientProtocolClient (GrpcClientProtocolClient.java:onNext(255)) - client-535162E20057->7049f9e8-7de6-4c8c-bf4c-9bb5512f4299: receive RaftClientReply:client-535162E20057->7049f9e8-7de6-4c8c-bf4c-9bb5512f4299@group-3B5DE3AEDFC2, cid=1608, SUCCESS, logIndex=2320, commits[7049f9e8-7de6-4c8c-bf4c-9bb5512f4299:c2320, 13d9ac51-91bf-4c73-8824-2f58fc5b2747:c2316, 15cd3569-c751-4f18-b157-6804e7d0f08c:c2316]
2019-07-10 05:59:45,255 INFO  client.GrpcClientProtocolClient (GrpcClientProtocolClient.java:onNext(255)) - client-535162E20057->7049f9e8-7de6-4c8c-bf4c-9bb5512f4299: receive RaftClientReply:client-535162E20057->7049f9e8-7de6-4c8c-bf4c-9bb5512f4299@group-3B5DE3AEDFC2, cid=1609, SUCCESS, logIndex=0, commits[7049f9e8-7de6-4c8c-bf4c-9bb5512f4299:c2322, 13d9ac51-91bf-4c73-8824-2f58fc5b2747:c2318, 15cd3569-c751-4f18-b157-6804e7d0f08c:c2318]
2019-07-10 05:59:45,300 INFO  client.GrpcClientProtocolClient (GrpcClientProtocolClient.java:onNext(255)) - client-535162E20057->7049f9e8-7de6-4c8c-bf4c-9bb5512f4299: receive RaftClientReply:client-535162E20057->7049f9e8-7de6-4c8c-bf4c-9bb5512f4299@group-3B5DE3AEDFC2, cid=1610, SUCCESS, logIndex=2325, commits[7049f9e8-7de6-4c8c-bf4c-9bb5512f4299:c2326, 13d9ac51-91bf-4c73-8824-2f58fc5b2747:c2322, 15cd3569-c751-4f18-b157-6804e7d0f08c:c2322]
2019-07-10 05:59:45,300 INFO  client.GrpcClientProtocolClient (GrpcClientProtocolClient.java:onNext(255)) - client-535162E20057->7049f9e8-7de6-4c8c-bf4c-9bb5512f4299: receive RaftClientReply:client-535162E20057->7049f9e8-7de6-4c8c-bf4c-9bb5512f4299@group-3B5DE3AEDFC2, cid=1611, SUCCESS, logIndex=2326, commits[7049f9e8-7de6-4c8c-bf4c-9bb5512f4299:c2326, 13d9ac51-91bf-4c73-8824-2f58fc5b2747:c2322, 15cd3569-c751-4f18-b157-6804e7d0f08c:c2322]
2019-07-10 05:59:45,325 INFO  client.GrpcClientProtocolClient (GrpcClientProtocolClient.java:onNext(255)) - client-535162E20057->7049f9e8-7de6-4c8c-bf4c-9bb5512f4299: receive RaftClientReply:client-535162E20057->7049f9e8-7de6-4c8c-bf4c-9bb5512f4299@group-3B5DE3AEDFC2, cid=1612, SUCCESS, logIndex=2329, commits[7049f9e8-7de6-4c8c-bf4c-9bb5512f4299:c2330, 13d9ac51-91bf-4c73-8824-2f58fc5b2747:c2326, 15cd3569-c751-4f18-b157-6804e7d0f08c:c2326]
2019-07-10 05:59:45,325 INFO  client.GrpcClientProtocolClient (GrpcClientProtocolClient.java:onNext(255)) - client-535162E20057->7049f9e8-7de6-4c8c-bf4c-9bb5512f4299: receive RaftClientReply:client-535162E20057->7049f9e8-7de6-4c8c-bf4c-9bb5512f4299@group-3B5DE3AEDFC2, cid=1613, SUCCESS, logIndex=2330, commits[7049f9e8-7de6-4c8c-bf4c-9bb5512f4299:c2330, 13d9ac51-91bf-4c73-8824-2f58fc5b2747:c2326, 15cd3569-c751-4f18-b157-6804e7d0f08c:c2326]
2019-07-10 05:59:45,336 INFO  client.GrpcClientProtocolClient (GrpcClientProtocolClient.java:onNext(255)) - client-535162E20057->7049f9e8-7de6-4c8c-bf4c-9bb5512f4299: receive RaftClientReply:client-535162E20057->7049f9e8-7de6-4c8c-bf4c-9bb5512f4299@group-3B5DE3AEDFC2, cid=1614, SUCCESS, logIndex=0, commits[7049f9e8-7de6-4c8c-bf4c-9bb5512f4299:c2331, 13d9ac51-91bf-4c73-8824-2f58fc5b2747:c2330, 15cd3569-c751-4f18-b157-6804e7d0f08c:c2330]
2019-07-10 05:59:45,366 INFO  client.GrpcClientProtocolClient (GrpcClientProtocolClient.java:onNext(255)) - client-535162E20057->7049f9e8-7de6-4c8c-bf4c-9bb5512f4299: receive RaftClientReply:client-535162E20057->7049f9e8-7de6-4c8c-bf4c-9bb5512f4299@group-3B5DE3AEDFC2, cid=1615, SUCCESS, logIndex=2333, commits[7049f9e8-7de6-4c8c-bf4c-9bb5512f4299:c2334, 13d9ac51-91bf-4c73-8824-2f58fc5b2747:c2332, 15cd3569-c751-4f18-b157-6804e7d0f08c:c2332]
2019-07-10 05:59:45,367 INFO  client.GrpcClientProtocolClient (GrpcClientProtocolClient.java:onNext(255)) - client-535162E20057->7049f9e8-7de6-4c8c-bf4c-9bb5512f4299: receive RaftClientReply:client-535162E20057->7049f9e8-7de6-4c8c-bf4c-9bb5512f4299@group-3B5DE3AEDFC2, cid=1616, SUCCESS, logIndex=2334, commits[7049f9e8-7de6-4c8c-bf4c-9bb5512f4299:c2334, 13d9ac51-91bf-4c73-8824-2f58fc5b2747:c2332, 15cd3569-c751-4f18-b157-6804e7d0f08c:c2332]
2019-07-10 05:59:45,367 INFO  client.GrpcClientProtocolClient (GrpcClientProtocolClient.java:onNext(255)) - client-535162E20057->7049f9e8-7de6-4c8c-bf4c-9bb5512f4299: receive RaftClientReply:client-535162E20057->7049f9e8-7de6-4c8c-bf4c-9bb5512f4299@group-3B5DE3AEDFC2, cid=1617, SUCCESS, logIndex=2335, commits[7049f9e8-7de6-4c8c-bf4c-9bb5512f4299:c2336, 13d9ac51-91bf-4c73-8824-2f58fc5b2747:c2332, 15cd3569-c751-4f18-b157-6804e7d0f08c:c2332]
2019-07-10 05:59:45,367 INFO  client.GrpcClientProtocolClient (GrpcClientProtocolClient.java:onNext(255)) - client-535162E20057->7049f9e8-7de6-4c8c-bf4c-9bb5512f4299: receive RaftClientReply:client-535162E20057->7049f9e8-7de6-4c8c-bf4c-9bb5512f4299@group-3B5DE3AEDFC2, cid=1618, SUCCESS, logIndex=2336, commits[7049f9e8-7de6-4c8c-bf4c-9bb5512f4299:c2336, 13d9ac51-91bf-4c73-8824-2f58fc5b2747:c2332, 15cd3569-c751-4f18-b157-6804e7d0f08c:c2332]
2019-07-10 05:59:45,369 INFO  client.GrpcClientProtocolClient (GrpcClientProtocolClient.java:onNext(255)) - client-535162E20057->7049f9e8-7de6-4c8c-bf4c-9bb5512f4299: receive RaftClientReply:client-535162E20057->7049f9e8-7de6-4c8c-bf4c-9bb5512f4299@group-3B5DE3AEDFC2, cid=1619, SUCCESS, logIndex=0, commits[7049f9e8-7de6-4c8c-bf4c-9bb5512f4299:c2338, 13d9ac51-91bf-4c73-8824-2f58fc5b2747:c2334, 15cd3569-c751-4f18-b157-6804e7d0f08c:c2334]
2019-07-10 05:59:45,389 INFO  client.GrpcClientProtocolClient (GrpcClientProtocolClient.java:onNext(255)) - client-535162E20057->7049f9e8-7de6-4c8c-bf4c-9bb5512f4299: receive RaftClientReply:client-535162E20057->7049f9e8-7de6-4c8c-bf4c-9bb5512f4299@group-3B5DE3AEDFC2, cid=1620, SUCCESS, logIndex=2341, commits[7049f9e8-7de6-4c8c-bf4c-9bb5512f4299:c2342, 13d9ac51-91bf-4c73-8824-2f58fc5b2747:c2340, 15cd3569-c751-4f18-b157-6804e7d0f08c:c2340]
2019-07-10 05:59:45,389 INFO  client.GrpcClientProtocolClient (GrpcClientProtocolClient.java:onNext(255)) - client-535162E20057->7049f9e8-7de6-4c8c-bf4c-9bb5512f4299: receive RaftClientReply:client-535162E20057->7049f9e8-7de6-4c8c-bf4c-9bb5512f4299@group-3B5DE3AEDFC2, cid=1621, SUCCESS, logIndex=2342, commits[7049f9e8-7de6-4c8c-bf4c-9bb5512f4299:c2342, 13d9ac51-91bf-4c73-8824-2f58fc5b2747:c2340, 15cd3569-c751-4f18-b157-6804e7d0f08c:c2340]
2019-07-10 05:59:45,404 INFO  client.GrpcClientProtocolClient (GrpcClientProtocolClient.java:onNext(255)) - client-535162E20057->7049f9e8-7de6-4c8c-bf4c-9bb5512f4299: receive RaftClientReply:client-535162E20057->7049f9e8-7de6-4c8c-bf4c-9bb5512f4299@group-3B5DE3AEDFC2, cid=1622, SUCCESS, logIndex=2345, commits[7049f9e8-7de6-4c8c-bf4c-9bb5512f4299:c2346, 13d9ac51-91bf-4c73-8824-2f58fc5b2747:c2342, 15cd3569-c751-4f18-b157-6804e7d0f08c:c2342]
2019-07-10 05:59:45,404 INFO  client.GrpcClientProtocolClient (GrpcClientProtocolClient.java:onNext(255)) - client-535162E20057->7049f9e8-7de6-4c8c-bf4c-9bb5512f4299: receive RaftClientReply:client-535162E20057->7049f9e8-7de6-4c8c-bf4c-9bb5512f4299@group-3B5DE3AEDFC2, cid=1623, SUCCESS, logIndex=2346, commits[7049f9e8-7de6-4c8c-bf4c-9bb5512f4299:c2346, 13d9ac51-91bf-4c73-8824-2f58fc5b2747:c2342, 15cd3569-c751-4f18-b157-6804e7d0f08c:c2342]
2019-07-10 05:59:45,418 INFO  client.GrpcClientProtocolClient (GrpcClientProtocolClient.java:onNext(255)) - client-535162E20057->7049f9e8-7de6-4c8c-bf4c-9bb5512f4299: receive RaftClientReply:client-535162E20057->7049f9e8-7de6-4c8c-bf4c-9bb5512f4299@group-3B5DE3AEDFC2, cid=1624, SUCCESS, logIndex=0, commits[7049f9e8-7de6-4c8c-bf4c-9bb5512f4299:c2348, 13d9ac51-91bf-4c73-8824-2f58fc5b2747:c2346, 15cd3569-c751-4f18-b157-6804e7d0f08c:c2346]
2019-07-10 05:59:45,445 INFO  client.GrpcClientProtocolClient (GrpcClientProtocolClient.java:onNext(255)) - client-535162E20057->7049f9e8-7de6-4c8c-bf4c-9bb5512f4299: receive RaftClientReply:client-535162E20057->7049f9e8-7de6-4c8c-bf4c-9bb5512f4299@group-3B5DE3AEDFC2, cid=1625, SUCCESS, logIndex=2349, commits[7049f9e8-7de6-4c8c-bf4c-9bb5512f4299:c2350, 13d9ac51-91bf-4c73-8824-2f58fc5b2747:c2348, 15cd3569-c751-4f18-b157-6804e7d0f08c:c2348]
2019-07-10 05:59:45,446 INFO  client.GrpcClientProtocolClient (GrpcClientProtocolClient.java:onNext(255)) - client-535162E20057->7049f9e8-7de6-4c8c-bf4c-9bb5512f4299: receive RaftClientReply:client-535162E20057->7049f9e8-7de6-4c8c-bf4c-9bb5512f4299@group-3B5DE3AEDFC2, cid=1626, SUCCESS, logIndex=2350, commits[7049f9e8-7de6-4c8c-bf4c-9bb5512f4299:c2350, 13d9ac51-91bf-4c73-8824-2f58fc5b2747:c2348, 15cd3569-c751-4f18-b157-6804e7d0f08c:c2348]
2019-07-10 05:59:45,446 INFO  client.GrpcClientProtocolClient (GrpcClientProtocolClient.java:onNext(255)) - client-535162E20057->7049f9e8-7de6-4c8c-bf4c-9bb5512f4299: receive RaftClientReply:client-535162E20057->7049f9e8-7de6-4c8c-bf4c-9bb5512f4299@group-3B5DE3AEDFC2, cid=1627, SUCCESS, logIndex=2351, commits[7049f9e8-7de6-4c8c-bf4c-9bb5512f4299:c2352, 13d9ac51-91bf-4c73-8824-2f58fc5b2747:c2348, 15cd3569-c751-4f18-b157-6804e7d0f08c:c2348]
2019-07-10 05:59:45,446 INFO  client.GrpcClientProtocolClient (GrpcClientProtocolClient.java:onNext(255)) - client-535162E20057->7049f9e8-7de6-4c8c-bf4c-9bb5512f4299: receive RaftClientReply:client-535162E20057->7049f9e8-7de6-4c8c-bf4c-9bb5512f4299@group-3B5DE3AEDFC2, cid=1628, SUCCESS, logIndex=2352, commits[7049f9e8-7de6-4c8c-bf4c-9bb5512f4299:c2352, 13d9ac51-91bf-4c73-8824-2f58fc5b2747:c2348, 15cd3569-c751-4f18-b157-6804e7d0f08c:c2348]
2019-07-10 05:59:45,449 INFO  client.GrpcClientProtocolClient (GrpcClientProtocolClient.java:onNext(255)) - client-535162E20057->7049f9e8-7de6-4c8c-bf4c-9bb5512f4299: receive RaftClientReply:client-535162E20057->7049f9e8-7de6-4c8c-bf4c-9bb5512f4299@group-3B5DE3AEDFC2, cid=1629, SUCCESS, logIndex=0, commits[7049f9e8-7de6-4c8c-bf4c-9bb5512f4299:c2354, 13d9ac51-91bf-4c73-8824-2f58fc5b2747:c2350, 15cd3569-c751-4f18-b157-6804e7d0f08c:c2350]
2019-07-10 05:59:45,462 INFO  client.GrpcClientProtocolClient (GrpcClientProtocolClient.java:onNext(255)) - client-535162E20057->7049f9e8-7de6-4c8c-bf4c-9bb5512f4299: receive RaftClientReply:client-535162E20057->7049f9e8-7de6-4c8c-bf4c-9bb5512f4299@group-3B5DE3AEDFC2, cid=1630, SUCCESS, logIndex=2357, commits[7049f9e8-7de6-4c8c-bf4c-9bb5512f4299:c2358, 13d9ac51-91bf-4c73-8824-2f58fc5b2747:c2354, 15cd3569-c751-4f18-b157-6804e7d0f08c:c2352]
2019-07-10 05:59:45,462 INFO  client.GrpcClientProtocolClient (GrpcClientProtocolClient.java:onNext(255)) - client-535162E20057->7049f9e8-7de6-4c8c-bf4c-9bb5512f4299: receive RaftClientReply:client-535162E20057->7049f9e8-7de6-4c8c-bf4c-9bb5512f4299@group-3B5DE3AEDFC2, cid=1631, SUCCESS, logIndex=2358, commits[7049f9e8-7de6-4c8c-bf4c-9bb5512f4299:c2358, 13d9ac51-91bf-4c73-8824-2f58fc5b2747:c2354, 15cd3569-c751-4f18-b157-6804e7d0f08c:c2354]
2019-07-10 05:59:45,478 INFO  client.GrpcClientProtocolClient (GrpcClientProtocolClient.java:onNext(255)) - client-535162E20057->7049f9e8-7de6-4c8c-bf4c-9bb5512f4299: receive RaftClientReply:client-535162E20057->7049f9e8-7de6-4c8c-bf4c-9bb5512f4299@group-3B5DE3AEDFC2, cid=1632, SUCCESS, logIndex=2361, commits[7049f9e8-7de6-4c8c-bf4c-9bb5512f4299:c2362, 13d9ac51-91bf-4c73-8824-2f58fc5b2747:c2358, 15cd3569-c751-4f18-b157-6804e7d0f08c:c2359]
2019-07-10 05:59:45,478 INFO  client.GrpcClientProtocolClient (GrpcClientProtocolClient.java:onNext(255)) - client-535162E20057->7049f9e8-7de6-4c8c-bf4c-9bb5512f4299: receive RaftClientReply:client-535162E20057->7049f9e8-7de6-4c8c-bf4c-9bb5512f4299@group-3B5DE3AEDFC2, cid=1633, SUCCESS, logIndex=2362, commits[7049f9e8-7de6-4c8c-bf4c-9bb5512f4299:c2362, 13d9ac51-91bf-4c73-8824-2f58fc5b2747:c2358, 15cd3569-c751-4f18-b157-6804e7d0f08c:c2359]
2019-07-10 05:59:45,480 INFO  client.GrpcClientProtocolClient (GrpcClientProtocolClient.java:onNext(255)) - client-535162E20057->7049f9e8-7de6-4c8c-bf4c-9bb5512f4299: receive RaftClientReply:client-535162E20057->7049f9e8-7de6-4c8c-bf4c-9bb5512f4299@group-3B5DE3AEDFC2, cid=1634, SUCCESS, logIndex=0, commits[7049f9e8-7de6-4c8c-bf4c-9bb5512f4299:c2364, 13d9ac51-91bf-4c73-8824-2f58fc5b2747:c2362, 15cd3569-c751-4f18-b157-6804e7d0f08c:c2362]
2019-07-10 05:59:45,512 INFO  client.GrpcClientProtocolClient (GrpcClientProtocolClient.java:onNext(255)) - client-535162E20057->7049f9e8-7de6-4c8c-bf4c-9bb5512f4299: receive RaftClientReply:client-535162E20057->7049f9e8-7de6-4c8c-bf4c-9bb5512f4299@group-3B5DE3AEDFC2, cid=1635, SUCCESS, logIndex=2365, commits[7049f9e8-7de6-4c8c-bf4c-9bb5512f4299:c2366, 13d9ac51-91bf-4c73-8824-2f58fc5b2747:c2364, 15cd3569-c751-4f18-b157-6804e7d0f08c:c2364]
2019-07-10 05:59:45,513 INFO  client.GrpcClientProtocolClient (GrpcClientProtocolClient.java:onNext(255)) - client-535162E20057->7049f9e8-7de6-4c8c-bf4c-9bb5512f4299: receive RaftClientReply:client-535162E20057->7049f9e8-7de6-4c8c-bf4c-9bb5512f4299@group-3B5DE3AEDFC2, cid=1636, SUCCESS, logIndex=2366, commits[7049f9e8-7de6-4c8c-bf4c-9bb5512f4299:c2366, 13d9ac51-91bf-4c73-8824-2f58fc5b2747:c2364, 15cd3569-c751-4f18-b157-6804e7d0f08c:c2364]
2019-07-10 05:59:45,523 INFO  client.GrpcClientProtocolClient (GrpcClientProtocolClient.java:onNext(255)) - client-535162E20057->7049f9e8-7de6-4c8c-bf4c-9bb5512f4299: receive RaftClientReply:client-535162E20057->7049f9e8-7de6-4c8c-bf4c-9bb5512f4299@group-3B5DE3AEDFC2, cid=1637, SUCCESS, logIndex=2367, commits[7049f9e8-7de6-4c8c-bf4c-9bb5512f4299:c2367, 13d9ac51-91bf-4c73-8824-2f58fc5b2747:c2364, 15cd3569-c751-4f18-b157-6804e7d0f08c:c2364]
2019-07-10 05:59:45,524 INFO  client.GrpcClientProtocolClient (GrpcClientProtocolClient.java:onNext(255)) - client-535162E20057->7049f9e8-7de6-4c8c-bf4c-9bb5512f4299: receive RaftClientReply:client-535162E20057->7049f9e8-7de6-4c8c-bf4c-9bb5512f4299@group-3B5DE3AEDFC2, cid=1638, SUCCESS, logIndex=2368, commits[7049f9e8-7de6-4c8c-bf4c-9bb5512f4299:c2368, 13d9ac51-91bf-4c73-8824-2f58fc5b2747:c2364, 15cd3569-c751-4f18-b157-6804e7d0f08c:c2364]
2019-07-10 05:59:45,527 INFO  client.GrpcClientProtocolClient (GrpcClientProtocolClient.java:onNext(255)) - client-535162E20057->7049f9e8-7de6-4c8c-bf4c-9bb5512f4299: receive RaftClientReply:client-535162E20057->7049f9e8-7de6-4c8c-bf4c-9bb5512f4299@group-3B5DE3AEDFC2, cid=1639, SUCCESS, logIndex=0, commits[7049f9e8-7de6-4c8c-bf4c-9bb5512f4299:c2370, 13d9ac51-91bf-4c73-8824-2f58fc5b2747:c2366, 15cd3569-c751-4f18-b157-6804e7d0f08c:c2366]
2019-07-10 05:59:45,540 INFO  client.GrpcClientProtocolClient (GrpcClientProtocolClient.java:onNext(255)) - client-535162E20057->7049f9e8-7de6-4c8c-bf4c-9bb5512f4299: receive RaftClientReply:client-535162E20057->7049f9e8-7de6-4c8c-bf4c-9bb5512f4299@group-3B5DE3AEDFC2, cid=1640, SUCCESS, logIndex=2373, commits[7049f9e8-7de6-4c8c-bf4c-9bb5512f4299:c2374, 13d9ac51-91bf-4c73-8824-2f58fc5b2747:c2370, 15cd3569-c751-4f18-b157-6804e7d0f08c:c2370]
2019-07-10 05:59:45,541 INFO  client.GrpcClientProtocolClient (GrpcClientProtocolClient.java:onNext(255)) - client-535162E20057->7049f9e8-7de6-4c8c-bf4c-9bb5512f4299: receive RaftClientReply:client-535162E20057->7049f9e8-7de6-4c8c-bf4c-9bb5512f4299@group-3B5DE3AEDFC2, cid=1641, SUCCESS, logIndex=2374, commits[7049f9e8-7de6-4c8c-bf4c-9bb5512f4299:c2374, 13d9ac51-91bf-4c73-8824-2f58fc5b2747:c2370, 15cd3569-c751-4f18-b157-6804e7d0f08c:c2370]
2019-07-10 05:59:45,554 INFO  client.GrpcClientProtocolClient (GrpcClientProtocolClient.java:onNext(255)) - client-535162E20057->7049f9e8-7de6-4c8c-bf4c-9bb5512f4299: receive RaftClientReply:client-535162E20057->7049f9e8-7de6-4c8c-bf4c-9bb5512f4299@group-3B5DE3AEDFC2, cid=1642, SUCCESS, logIndex=2377, commits[7049f9e8-7de6-4c8c-bf4c-9bb5512f4299:c2378, 13d9ac51-91bf-4c73-8824-2f58fc5b2747:c2374, 15cd3569-c751-4f18-b157-6804e7d0f08c:c2374]
2019-07-10 05:59:45,554 INFO  client.GrpcClientProtocolClient (GrpcClientProtocolClient.java:onNext(255)) - client-535162E20057->7049f9e8-7de6-4c8c-bf4c-9bb5512f4299: receive RaftClientReply:client-535162E20057->7049f9e8-7de6-4c8c-bf4c-9bb5512f4299@group-3B5DE3AEDFC2, cid=1643, SUCCESS, logIndex=2378, commits[7049f9e8-7de6-4c8c-bf4c-9bb5512f4299:c2378, 13d9ac51-91bf-4c73-8824-2f58fc5b2747:c2374, 15cd3569-c751-4f18-b157-6804e7d0f08c:c2374]
2019-07-10 05:59:45,567 INFO  client.GrpcClientProtocolClient (GrpcClientProtocolClient.java:onNext(255)) - client-535162E20057->7049f9e8-7de6-4c8c-bf4c-9bb5512f4299: receive RaftClientReply:client-535162E20057->7049f9e8-7de6-4c8c-bf4c-9bb5512f4299@group-3B5DE3AEDFC2, cid=1644, SUCCESS, logIndex=0, commits[7049f9e8-7de6-4c8c-bf4c-9bb5512f4299:c2380, 13d9ac51-91bf-4c73-8824-2f58fc5b2747:c2378, 15cd3569-c751-4f18-b157-6804e7d0f08c:c2378]
2019-07-10 05:59:45,592 INFO  client.GrpcClientProtocolClient (GrpcClientProtocolClient.java:onNext(255)) - client-535162E20057->7049f9e8-7de6-4c8c-bf4c-9bb5512f4299: receive RaftClientReply:client-535162E20057->7049f9e8-7de6-4c8c-bf4c-9bb5512f4299@group-3B5DE3AEDFC2, cid=1645, SUCCESS, logIndex=2381, commits[7049f9e8-7de6-4c8c-bf4c-9bb5512f4299:c2382, 13d9ac51-91bf-4c73-8824-2f58fc5b2747:c2380, 15cd3569-c751-4f18-b157-6804e7d0f08c:c2380]
2019-07-10 05:59:45,593 INFO  client.GrpcClientProtocolClient (GrpcClientProtocolClient.java:onNext(255)) - client-535162E20057->7049f9e8-7de6-4c8c-bf4c-9bb5512f4299: receive RaftClientReply:client-535162E20057->7049f9e8-7de6-4c8c-bf4c-9bb5512f4299@group-3B5DE3AEDFC2, cid=1646, SUCCESS, logIndex=2382, commits[7049f9e8-7de6-4c8c-bf4c-9bb5512f4299:c2382, 13d9ac51-91bf-4c73-8824-2f58fc5b2747:c2380, 15cd3569-c751-4f18-b157-6804e7d0f08c:c2380]
2019-07-10 05:59:45,593 INFO  client.GrpcClientProtocolClient (GrpcClientProtocolClient.java:onNext(255)) - client-535162E20057->7049f9e8-7de6-4c8c-bf4c-9bb5512f4299: receive RaftClientReply:client-535162E20057->7049f9e8-7de6-4c8c-bf4c-9bb5512f4299@group-3B5DE3AEDFC2, cid=1647, SUCCESS, logIndex=2383, commits[7049f9e8-7de6-4c8c-bf4c-9bb5512f4299:c2384, 13d9ac51-91bf-4c73-8824-2f58fc5b2747:c2380, 15cd3569-c751-4f18-b157-6804e7d0f08c:c2380]
2019-07-10 05:59:45,593 INFO  client.GrpcClientProtocolClient (GrpcClientProtocolClient.java:onNext(255)) - client-535162E20057->7049f9e8-7de6-4c8c-bf4c-9bb5512f4299: receive RaftClientReply:client-535162E20057->7049f9e8-7de6-4c8c-bf4c-9bb5512f4299@group-3B5DE3AEDFC2, cid=1648, SUCCESS, logIndex=2384, commits[7049f9e8-7de6-4c8c-bf4c-9bb5512f4299:c2384, 13d9ac51-91bf-4c73-8824-2f58fc5b2747:c2380, 15cd3569-c751-4f18-b157-6804e7d0f08c:c2380]
2019-07-10 05:59:45,595 INFO  client.GrpcClientProtocolClient (GrpcClientProtocolClient.java:onNext(255)) - client-535162E20057->7049f9e8-7de6-4c8c-bf4c-9bb5512f4299: receive RaftClientReply:client-535162E20057->7049f9e8-7de6-4c8c-bf4c-9bb5512f4299@group-3B5DE3AEDFC2, cid=1649, SUCCESS, logIndex=0, commits[7049f9e8-7de6-4c8c-bf4c-9bb5512f4299:c2386, 13d9ac51-91bf-4c73-8824-2f58fc5b2747:c2382, 15cd3569-c751-4f18-b157-6804e7d0f08c:c2382]
2019-07-10 05:59:45,608 INFO  client.GrpcClientProtocolClient (GrpcClientProtocolClient.java:onNext(255)) - client-535162E20057->7049f9e8-7de6-4c8c-bf4c-9bb5512f4299: receive RaftClientReply:client-535162E20057->7049f9e8-7de6-4c8c-bf4c-9bb5512f4299@group-3B5DE3AEDFC2, cid=1650, SUCCESS, logIndex=2389, commits[7049f9e8-7de6-4c8c-bf4c-9bb5512f4299:c2390, 13d9ac51-91bf-4c73-8824-2f58fc5b2747:c2384, 15cd3569-c751-4f18-b157-6804e7d0f08c:c2386]
2019-07-10 05:59:45,608 INFO  client.GrpcClientProtocolClient (GrpcClientProtocolClient.java:onNext(255)) - client-535162E20057->7049f9e8-7de6-4c8c-bf4c-9bb5512f4299: receive RaftClientReply:client-535162E20057->7049f9e8-7de6-4c8c-bf4c-9bb5512f4299@group-3B5DE3AEDFC2, cid=1651, SUCCESS, logIndex=2390, commits[7049f9e8-7de6-4c8c-bf4c-9bb5512f4299:c2390, 13d9ac51-91bf-4c73-8824-2f58fc5b2747:c2386, 15cd3569-c751-4f18-b157-6804e7d0f08c:c2386]
2019-07-10 05:59:45,625 INFO  client.GrpcClientProtocolClient (GrpcClientProtocolClient.java:onNext(255)) - client-535162E20057->7049f9e8-7de6-4c8c-bf4c-9bb5512f4299: receive RaftClientReply:client-535162E20057->7049f9e8-7de6-4c8c-bf4c-9bb5512f4299@group-3B5DE3AEDFC2, cid=1652, SUCCESS, logIndex=2393, commits[7049f9e8-7de6-4c8c-bf4c-9bb5512f4299:c2394, 13d9ac51-91bf-4c73-8824-2f58fc5b2747:c2391, 15cd3569-c751-4f18-b157-6804e7d0f08c:c2391]
2019-07-10 05:59:45,626 INFO  client.GrpcClientProtocolClient (GrpcClientProtocolClient.java:onNext(255)) - client-535162E20057->7049f9e8-7de6-4c8c-bf4c-9bb5512f4299: receive RaftClientReply:client-535162E20057->7049f9e8-7de6-4c8c-bf4c-9bb5512f4299@group-3B5DE3AEDFC2, cid=1653, SUCCESS, logIndex=2394, commits[7049f9e8-7de6-4c8c-bf4c-9bb5512f4299:c2394, 13d9ac51-91bf-4c73-8824-2f58fc5b2747:c2391, 15cd3569-c751-4f18-b157-6804e7d0f08c:c2391]
2019-07-10 05:59:45,640 INFO  client.GrpcClientProtocolClient (GrpcClientProtocolClient.java:onNext(255)) - client-535162E20057->7049f9e8-7de6-4c8c-bf4c-9bb5512f4299: receive RaftClientReply:client-535162E20057->7049f9e8-7de6-4c8c-bf4c-9bb5512f4299@group-3B5DE3AEDFC2, cid=1654, SUCCESS, logIndex=0, commits[7049f9e8-7de6-4c8c-bf4c-9bb5512f4299:c2396, 13d9ac51-91bf-4c73-8824-2f58fc5b2747:c2394, 15cd3569-c751-4f18-b157-6804e7d0f08c:c2394]
2019-07-10 05:59:45,668 INFO  client.GrpcClientProtocolClient (GrpcClientProtocolClient.java:onNext(255)) - client-535162E20057->7049f9e8-7de6-4c8c-bf4c-9bb5512f4299: receive RaftClientReply:client-535162E20057->7049f9e8-7de6-4c8c-bf4c-9bb5512f4299@group-3B5DE3AEDFC2, cid=1655, SUCCESS, logIndex=2397, commits[7049f9e8-7de6-4c8c-bf4c-9bb5512f4299:c2398, 13d9ac51-91bf-4c73-8824-2f58fc5b2747:c2396, 15cd3569-c751-4f18-b157-6804e7d0f08c:c2396]
2019-07-10 05:59:45,669 INFO  client.GrpcClientProtocolClient (GrpcClientProtocolClient.java:onNext(255)) - client-535162E20057->7049f9e8-7de6-4c8c-bf4c-9bb5512f4299: receive RaftClientReply:client-535162E20057->7049f9e8-7de6-4c8c-bf4c-9bb5512f4299@group-3B5DE3AEDFC2, cid=1656, SUCCESS, logIndex=2398, commits[7049f9e8-7de6-4c8c-bf4c-9bb5512f4299:c2398, 13d9ac51-91bf-4c73-8824-2f58fc5b2747:c2396, 15cd3569-c751-4f18-b157-6804e7d0f08c:c2396]
2019-07-10 05:59:45,680 INFO  client.GrpcClientProtocolClient (GrpcClientProtocolClient.java:onNext(255)) - client-535162E20057->7049f9e8-7de6-4c8c-bf4c-9bb5512f4299: receive RaftClientReply:client-535162E20057->7049f9e8-7de6-4c8c-bf4c-9bb5512f4299@group-3B5DE3AEDFC2, cid=1657, SUCCESS, logIndex=2399, commits[7049f9e8-7de6-4c8c-bf4c-9bb5512f4299:c2400, 13d9ac51-91bf-4c73-8824-2f58fc5b2747:c2396, 15cd3569-c751-4f18-b157-6804e7d0f08c:c2396]
2019-07-10 05:59:45,680 INFO  client.GrpcClientProtocolClient (GrpcClientProtocolClient.java:onNext(255)) - client-535162E20057->7049f9e8-7de6-4c8c-bf4c-9bb5512f4299: receive RaftClientReply:client-535162E20057->7049f9e8-7de6-4c8c-bf4c-9bb5512f4299@group-3B5DE3AEDFC2, cid=1658, SUCCESS, logIndex=2400, commits[7049f9e8-7de6-4c8c-bf4c-9bb5512f4299:c2400, 13d9ac51-91bf-4c73-8824-2f58fc5b2747:c2396, 15cd3569-c751-4f18-b157-6804e7d0f08c:c2396]
2019-07-10 05:59:45,682 INFO  client.GrpcClientProtocolClient (GrpcClientProtocolClient.java:onNext(255)) - client-535162E20057->7049f9e8-7de6-4c8c-bf4c-9bb5512f4299: receive RaftClientReply:client-535162E20057->7049f9e8-7de6-4c8c-bf4c-9bb5512f4299@group-3B5DE3AEDFC2, cid=1659, SUCCESS, logIndex=0, commits[7049f9e8-7de6-4c8c-bf4c-9bb5512f4299:c2402, 13d9ac51-91bf-4c73-8824-2f58fc5b2747:c2398, 15cd3569-c751-4f18-b157-6804e7d0f08c:c2398]
2019-07-10 05:59:45,700 INFO  client.GrpcClientProtocolClient (GrpcClientProtocolClient.java:onNext(255)) - client-535162E20057->7049f9e8-7de6-4c8c-bf4c-9bb5512f4299: receive RaftClientReply:client-535162E20057->7049f9e8-7de6-4c8c-bf4c-9bb5512f4299@group-3B5DE3AEDFC2, cid=1660, SUCCESS, logIndex=2405, commits[7049f9e8-7de6-4c8c-bf4c-9bb5512f4299:c2406, 13d9ac51-91bf-4c73-8824-2f58fc5b2747:c2402, 15cd3569-c751-4f18-b157-6804e7d0f08c:c2402]
2019-07-10 05:59:45,700 INFO  client.GrpcClientProtocolClient (GrpcClientProtocolClient.java:onNext(255)) - client-535162E20057->7049f9e8-7de6-4c8c-bf4c-9bb5512f4299: receive RaftClientReply:client-535162E20057->7049f9e8-7de6-4c8c-bf4c-9bb5512f4299@group-3B5DE3AEDFC2, cid=1661, SUCCESS, logIndex=2406, commits[7049f9e8-7de6-4c8c-bf4c-9bb5512f4299:c2406, 13d9ac51-91bf-4c73-8824-2f58fc5b2747:c2402, 15cd3569-c751-4f18-b157-6804e7d0f08c:c2402]
2019-07-10 05:59:45,715 INFO  client.GrpcClientProtocolClient (GrpcClientProtocolClient.java:onNext(255)) - client-535162E20057->7049f9e8-7de6-4c8c-bf4c-9bb5512f4299: receive RaftClientReply:client-535162E20057->7049f9e8-7de6-4c8c-bf4c-9bb5512f4299@group-3B5DE3AEDFC2, cid=1662, SUCCESS, logIndex=2409, commits[7049f9e8-7de6-4c8c-bf4c-9bb5512f4299:c2410, 13d9ac51-91bf-4c73-8824-2f58fc5b2747:c2406, 15cd3569-c751-4f18-b157-6804e7d0f08c:c2406]
2019-07-10 05:59:45,715 INFO  client.GrpcClientProtocolClient (GrpcClientProtocolClient.java:onNext(255)) - client-535162E20057->7049f9e8-7de6-4c8c-bf4c-9bb5512f4299: receive RaftClientReply:client-535162E20057->7049f9e8-7de6-4c8c-bf4c-9bb5512f4299@group-3B5DE3AEDFC2, cid=1663, SUCCESS, logIndex=2410, commits[7049f9e8-7de6-4c8c-bf4c-9bb5512f4299:c2410, 13d9ac51-91bf-4c73-8824-2f58fc5b2747:c2406, 15cd3569-c751-4f18-b157-6804e7d0f08c:c2406]
2019-07-10 05:59:45,728 INFO  client.GrpcClientProtocolClient (GrpcClientProtocolClient.java:onNext(255)) - client-535162E20057->7049f9e8-7de6-4c8c-bf4c-9bb5512f4299: receive RaftClientReply:client-535162E20057->7049f9e8-7de6-4c8c-bf4c-9bb5512f4299@group-3B5DE3AEDFC2, cid=1664, SUCCESS, logIndex=0, commits[7049f9e8-7de6-4c8c-bf4c-9bb5512f4299:c2412, 13d9ac51-91bf-4c73-8824-2f58fc5b2747:c2410, 15cd3569-c751-4f18-b157-6804e7d0f08c:c2410]
2019-07-10 05:59:45,767 INFO  client.GrpcClientProtocolClient (GrpcClientProtocolClient.java:onNext(255)) - client-535162E20057->7049f9e8-7de6-4c8c-bf4c-9bb5512f4299: receive RaftClientReply:client-535162E20057->7049f9e8-7de6-4c8c-bf4c-9bb5512f4299@group-3B5DE3AEDFC2, cid=1665, SUCCESS, logIndex=2413, commits[7049f9e8-7de6-4c8c-bf4c-9bb5512f4299:c2414, 13d9ac51-91bf-4c73-8824-2f58fc5b2747:c2412, 15cd3569-c751-4f18-b157-6804e7d0f08c:c2412]
2019-07-10 05:59:45,767 INFO  client.GrpcClientProtocolClient (GrpcClientProtocolClient.java:onNext(255)) - client-535162E20057->7049f9e8-7de6-4c8c-bf4c-9bb5512f4299: receive RaftClientReply:client-535162E20057->7049f9e8-7de6-4c8c-bf4c-9bb5512f4299@group-3B5DE3AEDFC2, cid=1666, SUCCESS, logIndex=2414, commits[7049f9e8-7de6-4c8c-bf4c-9bb5512f4299:c2416, 13d9ac51-91bf-4c73-8824-2f58fc5b2747:c2412, 15cd3569-c751-4f18-b157-6804e7d0f08c:c2412]
2019-07-10 05:59:45,767 INFO  client.GrpcClientProtocolClient (GrpcClientProtocolClient.java:onNext(255)) - client-535162E20057->7049f9e8-7de6-4c8c-bf4c-9bb5512f4299: receive RaftClientReply:client-535162E20057->7049f9e8-7de6-4c8c-bf4c-9bb5512f4299@group-3B5DE3AEDFC2, cid=1667, SUCCESS, logIndex=2415, commits[7049f9e8-7de6-4c8c-bf4c-9bb5512f4299:c2416, 13d9ac51-91bf-4c73-8824-2f58fc5b2747:c2412, 15cd3569-c751-4f18-b157-6804e7d0f08c:c2412]
2019-07-10 05:59:45,768 INFO  client.GrpcClientProtocolClient (GrpcClientProtocolClient.java:onNext(255)) - client-535162E20057->7049f9e8-7de6-4c8c-bf4c-9bb5512f4299: receive RaftClientReply:client-535162E20057->7049f9e8-7de6-4c8c-bf4c-9bb5512f4299@group-3B5DE3AEDFC2, cid=1668, SUCCESS, logIndex=2416, commits[7049f9e8-7de6-4c8c-bf4c-9bb5512f4299:c2416, 13d9ac51-91bf-4c73-8824-2f58fc5b2747:c2412, 15cd3569-c751-4f18-b157-6804e7d0f08c:c2412]
2019-07-10 05:59:45,770 INFO  client.GrpcClientProtocolClient (GrpcClientProtocolClient.java:onNext(255)) - client-535162E20057->7049f9e8-7de6-4c8c-bf4c-9bb5512f4299: receive RaftClientReply:client-535162E20057->7049f9e8-7de6-4c8c-bf4c-9bb5512f4299@group-3B5DE3AEDFC2, cid=1669, SUCCESS, logIndex=0, commits[7049f9e8-7de6-4c8c-bf4c-9bb5512f4299:c2419, 13d9ac51-91bf-4c73-8824-2f58fc5b2747:c2416, 15cd3569-c751-4f18-b157-6804e7d0f08c:c2414]
2019-07-10 05:59:45,781 INFO  client.GrpcClientProtocolClient (GrpcClientProtocolClient.java:onNext(255)) - client-535162E20057->7049f9e8-7de6-4c8c-bf4c-9bb5512f4299: receive RaftClientReply:client-535162E20057->7049f9e8-7de6-4c8c-bf4c-9bb5512f4299@group-3B5DE3AEDFC2, cid=1670, SUCCESS, logIndex=2421, commits[7049f9e8-7de6-4c8c-bf4c-9bb5512f4299:c2422, 13d9ac51-91bf-4c73-8824-2f58fc5b2747:c2416, 15cd3569-c751-4f18-b157-6804e7d0f08c:c2420]
2019-07-10 05:59:45,887 INFO  client.GrpcClientProtocolClient (GrpcClientProtocolClient.java:onNext(255)) - client-535162E20057->7049f9e8-7de6-4c8c-bf4c-9bb5512f4299: receive RaftClientReply:client-535162E20057->7049f9e8-7de6-4c8c-bf4c-9bb5512f4299@group-3B5DE3AEDFC2, cid=1671, SUCCESS, logIndex=2422, commits[7049f9e8-7de6-4c8c-bf4c-9bb5512f4299:c2422, 13d9ac51-91bf-4c73-8824-2f58fc5b2747:c2420, 15cd3569-c751-4f18-b157-6804e7d0f08c:c2420]
2019-07-10 05:59:45,913 INFO  client.GrpcClientProtocolClient (GrpcClientProtocolClient.java:onNext(255)) - client-535162E20057->7049f9e8-7de6-4c8c-bf4c-9bb5512f4299: receive RaftClientReply:client-535162E20057->7049f9e8-7de6-4c8c-bf4c-9bb5512f4299@group-3B5DE3AEDFC2, cid=1672, SUCCESS, logIndex=2425, commits[7049f9e8-7de6-4c8c-bf4c-9bb5512f4299:c2426, 13d9ac51-91bf-4c73-8824-2f58fc5b2747:c2423, 15cd3569-c751-4f18-b157-6804e7d0f08c:c2423]
2019-07-10 05:59:45,914 INFO  client.GrpcClientProtocolClient (GrpcClientProtocolClient.java:onNext(255)) - client-535162E20057->7049f9e8-7de6-4c8c-bf4c-9bb5512f4299: receive RaftClientReply:client-535162E20057->7049f9e8-7de6-4c8c-bf4c-9bb5512f4299@group-3B5DE3AEDFC2, cid=1673, SUCCESS, logIndex=2426, commits[7049f9e8-7de6-4c8c-bf4c-9bb5512f4299:c2426, 13d9ac51-91bf-4c73-8824-2f58fc5b2747:c2423, 15cd3569-c751-4f18-b157-6804e7d0f08c:c2423]
2019-07-10 05:59:45,925 INFO  client.GrpcClientProtocolClient (GrpcClientProtocolClient.java:onNext(255)) - client-535162E20057->7049f9e8-7de6-4c8c-bf4c-9bb5512f4299: receive RaftClientReply:client-535162E20057->7049f9e8-7de6-4c8c-bf4c-9bb5512f4299@group-3B5DE3AEDFC2, cid=1674, SUCCESS, logIndex=0, commits[7049f9e8-7de6-4c8c-bf4c-9bb5512f4299:c2427, 13d9ac51-91bf-4c73-8824-2f58fc5b2747:c2426, 15cd3569-c751-4f18-b157-6804e7d0f08c:c2426]
2019-07-10 05:59:45,955 INFO  client.GrpcClientProtocolClient (GrpcClientProtocolClient.java:onNext(255)) - client-535162E20057->7049f9e8-7de6-4c8c-bf4c-9bb5512f4299: receive RaftClientReply:client-535162E20057->7049f9e8-7de6-4c8c-bf4c-9bb5512f4299@group-3B5DE3AEDFC2, cid=1675, SUCCESS, logIndex=2429, commits[7049f9e8-7de6-4c8c-bf4c-9bb5512f4299:c2430, 13d9ac51-91bf-4c73-8824-2f58fc5b2747:c2428, 15cd3569-c751-4f18-b157-6804e7d0f08c:c2428]
2019-07-10 05:59:45,956 INFO  client.GrpcClientProtocolClient (GrpcClientProtocolClient.java:onNext(255)) - client-535162E20057->7049f9e8-7de6-4c8c-bf4c-9bb5512f4299: receive RaftClientReply:client-535162E20057->7049f9e8-7de6-4c8c-bf4c-9bb5512f4299@group-3B5DE3AEDFC2, cid=1676, SUCCESS, logIndex=2430, commits[7049f9e8-7de6-4c8c-bf4c-9bb5512f4299:c2432, 13d9ac51-91bf-4c73-8824-2f58fc5b2747:c2428, 15cd3569-c751-4f18-b157-6804e7d0f08c:c2428]
2019-07-10 05:59:45,956 INFO  client.GrpcClientProtocolClient (GrpcClientProtocolClient.java:onNext(255)) - client-535162E20057->7049f9e8-7de6-4c8c-bf4c-9bb5512f4299: receive RaftClientReply:client-535162E20057->7049f9e8-7de6-4c8c-bf4c-9bb5512f4299@group-3B5DE3AEDFC2, cid=1677, SUCCESS, logIndex=2431, commits[7049f9e8-7de6-4c8c-bf4c-9bb5512f4299:c2432, 13d9ac51-91bf-4c73-8824-2f58fc5b2747:c2428, 15cd3569-c751-4f18-b157-6804e7d0f08c:c2428]
2019-07-10 05:59:45,956 INFO  client.GrpcClientProtocolClient (GrpcClientProtocolClient.java:onNext(255)) - client-535162E20057->7049f9e8-7de6-4c8c-bf4c-9bb5512f4299: receive RaftClientReply:client-535162E20057->7049f9e8-7de6-4c8c-bf4c-9bb5512f4299@group-3B5DE3AEDFC2, cid=1678, SUCCESS, logIndex=2432, commits[7049f9e8-7de6-4c8c-bf4c-9bb5512f4299:c2432, 13d9ac51-91bf-4c73-8824-2f58fc5b2747:c2428, 15cd3569-c751-4f18-b157-6804e7d0f08c:c2428]
2019-07-10 05:59:45,969 INFO  client.GrpcClientProtocolClient (GrpcClientProtocolClient.java:onNext(255)) - client-535162E20057->7049f9e8-7de6-4c8c-bf4c-9bb5512f4299: receive RaftClientReply:client-535162E20057->7049f9e8-7de6-4c8c-bf4c-9bb5512f4299@group-3B5DE3AEDFC2, cid=1679, SUCCESS, logIndex=0, commits[7049f9e8-7de6-4c8c-bf4c-9bb5512f4299:c2434, 13d9ac51-91bf-4c73-8824-2f58fc5b2747:c2430, 15cd3569-c751-4f18-b157-6804e7d0f08c:c2430]
2019-07-10 05:59:45,990 INFO  client.GrpcClientProtocolClient (GrpcClientProtocolClient.java:onNext(255)) - client-535162E20057->7049f9e8-7de6-4c8c-bf4c-9bb5512f4299: receive RaftClientReply:client-535162E20057->7049f9e8-7de6-4c8c-bf4c-9bb5512f4299@group-3B5DE3AEDFC2, cid=1680, SUCCESS, logIndex=2437, commits[7049f9e8-7de6-4c8c-bf4c-9bb5512f4299:c2438, 13d9ac51-91bf-4c73-8824-2f58fc5b2747:c2436, 15cd3569-c751-4f18-b157-6804e7d0f08c:c2436]
2019-07-10 05:59:45,991 INFO  client.GrpcClientProtocolClient (GrpcClientProtocolClient.java:onNext(255)) - client-535162E20057->7049f9e8-7de6-4c8c-bf4c-9bb5512f4299: receive RaftClientReply:client-535162E20057->7049f9e8-7de6-4c8c-bf4c-9bb5512f4299@group-3B5DE3AEDFC2, cid=1681, SUCCESS, logIndex=2438, commits[7049f9e8-7de6-4c8c-bf4c-9bb5512f4299:c2438, 13d9ac51-91bf-4c73-8824-2f58fc5b2747:c2436, 15cd3569-c751-4f18-b157-6804e7d0f08c:c2436]
2019-07-10 05:59:46,005 INFO  client.GrpcClientProtocolClient (GrpcClientProtocolClient.java:onNext(255)) - client-535162E20057->7049f9e8-7de6-4c8c-bf4c-9bb5512f4299: receive RaftClientReply:client-535162E20057->7049f9e8-7de6-4c8c-bf4c-9bb5512f4299@group-3B5DE3AEDFC2, cid=1682, SUCCESS, logIndex=2441, commits[7049f9e8-7de6-4c8c-bf4c-9bb5512f4299:c2442, 13d9ac51-91bf-4c73-8824-2f58fc5b2747:c2438, 15cd3569-c751-4f18-b157-6804e7d0f08c:c2438]
2019-07-10 05:59:46,006 INFO  client.GrpcClientProtocolClient (GrpcClientProtocolClient.java:onNext(255)) - client-535162E20057->7049f9e8-7de6-4c8c-bf4c-9bb5512f4299: receive RaftClientReply:client-535162E20057->7049f9e8-7de6-4c8c-bf4c-9bb5512f4299@group-3B5DE3AEDFC2, cid=1683, SUCCESS, logIndex=2442, commits[7049f9e8-7de6-4c8c-bf4c-9bb5512f4299:c2442, 13d9ac51-91bf-4c73-8824-2f58fc5b2747:c2438, 15cd3569-c751-4f18-b157-6804e7d0f08c:c2438]
2019-07-10 05:59:46,026 INFO  client.GrpcClientProtocolClient (GrpcClientProtocolClient.java:onNext(255)) - client-535162E20057->7049f9e8-7de6-4c8c-bf4c-9bb5512f4299: receive RaftClientReply:client-535162E20057->7049f9e8-7de6-4c8c-bf4c-9bb5512f4299@group-3B5DE3AEDFC2, cid=1684, SUCCESS, logIndex=0, commits[7049f9e8-7de6-4c8c-bf4c-9bb5512f4299:c2443, 13d9ac51-91bf-4c73-8824-2f58fc5b2747:c2442, 15cd3569-c751-4f18-b157-6804e7d0f08c:c2442]
2019-07-10 05:59:46,055 INFO  client.GrpcClientProtocolClient (GrpcClientProtocolClient.java:onNext(255)) - client-535162E20057->7049f9e8-7de6-4c8c-bf4c-9bb5512f4299: receive RaftClientReply:client-535162E20057->7049f9e8-7de6-4c8c-bf4c-9bb5512f4299@group-3B5DE3AEDFC2, cid=1685, SUCCESS, logIndex=2445, commits[7049f9e8-7de6-4c8c-bf4c-9bb5512f4299:c2446, 13d9ac51-91bf-4c73-8824-2f58fc5b2747:c2444, 15cd3569-c751-4f18-b157-6804e7d0f08c:c2444]
2019-07-10 05:59:46,056 INFO  client.GrpcClientProtocolClient (GrpcClientProtocolClient.java:onNext(255)) - client-535162E20057->7049f9e8-7de6-4c8c-bf4c-9bb5512f4299: receive RaftClientReply:client-535162E20057->7049f9e8-7de6-4c8c-bf4c-9bb5512f4299@group-3B5DE3AEDFC2, cid=1686, SUCCESS, logIndex=2446, commits[7049f9e8-7de6-4c8c-bf4c-9bb5512f4299:c2448, 13d9ac51-91bf-4c73-8824-2f58fc5b2747:c2444, 15cd3569-c751-4f18-b157-6804e7d0f08c:c2444]
2019-07-10 05:59:46,056 INFO  client.GrpcClientProtocolClient (GrpcClientProtocolClient.java:onNext(255)) - client-535162E20057->7049f9e8-7de6-4c8c-bf4c-9bb5512f4299: receive RaftClientReply:client-535162E20057->7049f9e8-7de6-4c8c-bf4c-9bb5512f4299@group-3B5DE3AEDFC2, cid=1687, SUCCESS, logIndex=2447, commits[7049f9e8-7de6-4c8c-bf4c-9bb5512f4299:c2448, 13d9ac51-91bf-4c73-8824-2f58fc5b2747:c2444, 15cd3569-c751-4f18-b157-6804e7d0f08c:c2444]
2019-07-10 05:59:46,057 INFO  client.GrpcClientProtocolClient (GrpcClientProtocolClient.java:onNext(255)) - client-535162E20057->7049f9e8-7de6-4c8c-bf4c-9bb5512f4299: receive RaftClientReply:client-535162E20057->7049f9e8-7de6-4c8c-bf4c-9bb5512f4299@group-3B5DE3AEDFC2, cid=1688, SUCCESS, logIndex=2448, commits[7049f9e8-7de6-4c8c-bf4c-9bb5512f4299:c2448, 13d9ac51-91bf-4c73-8824-2f58fc5b2747:c2444, 15cd3569-c751-4f18-b157-6804e7d0f08c:c2444]
2019-07-10 05:59:46,069 INFO  client.GrpcClientProtocolClient (GrpcClientProtocolClient.java:onNext(255)) - client-535162E20057->7049f9e8-7de6-4c8c-bf4c-9bb5512f4299: receive RaftClientReply:client-535162E20057->7049f9e8-7de6-4c8c-bf4c-9bb5512f4299@group-3B5DE3AEDFC2, cid=1689, SUCCESS, logIndex=0, commits[7049f9e8-7de6-4c8c-bf4c-9bb5512f4299:c2450, 13d9ac51-91bf-4c73-8824-2f58fc5b2747:c2446, 15cd3569-c751-4f18-b157-6804e7d0f08c:c2446]
2019-07-10 05:59:46,089 INFO  client.GrpcClientProtocolClient (GrpcClientProtocolClient.java:onNext(255)) - client-535162E20057->7049f9e8-7de6-4c8c-bf4c-9bb5512f4299: receive RaftClientReply:client-535162E20057->7049f9e8-7de6-4c8c-bf4c-9bb5512f4299@group-3B5DE3AEDFC2, cid=1690, SUCCESS, logIndex=2453, commits[7049f9e8-7de6-4c8c-bf4c-9bb5512f4299:c2453, 13d9ac51-91bf-4c73-8824-2f58fc5b2747:c2448, 15cd3569-c751-4f18-b157-6804e7d0f08c:c2452]
2019-07-10 05:59:46,090 INFO  client.GrpcClientProtocolClient (GrpcClientProtocolClient.java:onNext(255)) - client-535162E20057->7049f9e8-7de6-4c8c-bf4c-9bb5512f4299: receive RaftClientReply:client-535162E20057->7049f9e8-7de6-4c8c-bf4c-9bb5512f4299@group-3B5DE3AEDFC2, cid=1691, SUCCESS, logIndex=2454, commits[7049f9e8-7de6-4c8c-bf4c-9bb5512f4299:c2454, 13d9ac51-91bf-4c73-8824-2f58fc5b2747:c2452, 15cd3569-c751-4f18-b157-6804e7d0f08c:c2452]
2019-07-10 05:59:46,115 INFO  client.GrpcClientProtocolClient (GrpcClientProtocolClient.java:onNext(255)) - client-535162E20057->7049f9e8-7de6-4c8c-bf4c-9bb5512f4299: receive RaftClientReply:client-535162E20057->7049f9e8-7de6-4c8c-bf4c-9bb5512f4299@group-3B5DE3AEDFC2, cid=1692, SUCCESS, logIndex=2457, commits[7049f9e8-7de6-4c8c-bf4c-9bb5512f4299:c2457, 13d9ac51-91bf-4c73-8824-2f58fc5b2747:c2453, 15cd3569-c751-4f18-b157-6804e7d0f08c:c2454]
2019-07-10 05:59:46,116 INFO  client.GrpcClientProtocolClient (GrpcClientProtocolClient.java:onNext(255)) - client-535162E20057->7049f9e8-7de6-4c8c-bf4c-9bb5512f4299: receive RaftClientReply:client-535162E20057->7049f9e8-7de6-4c8c-bf4c-9bb5512f4299@group-3B5DE3AEDFC2, cid=1693, SUCCESS, logIndex=2458, commits[7049f9e8-7de6-4c8c-bf4c-9bb5512f4299:c2458, 13d9ac51-91bf-4c73-8824-2f58fc5b2747:c2454, 15cd3569-c751-4f18-b157-6804e7d0f08c:c2454]
2019-07-10 05:59:46,118 INFO  client.GrpcClientProtocolClient (GrpcClientProtocolClient.java:onNext(255)) - client-535162E20057->7049f9e8-7de6-4c8c-bf4c-9bb5512f4299: receive RaftClientReply:client-535162E20057->7049f9e8-7de6-4c8c-bf4c-9bb5512f4299@group-3B5DE3AEDFC2, cid=1694, SUCCESS, logIndex=0, commits[7049f9e8-7de6-4c8c-bf4c-9bb5512f4299:c2460, 13d9ac51-91bf-4c73-8824-2f58fc5b2747:c2458, 15cd3569-c751-4f18-b157-6804e7d0f08c:c2458]
2019-07-10 05:59:46,152 INFO  client.GrpcClientProtocolClient (GrpcClientProtocolClient.java:onNext(255)) - client-535162E20057->7049f9e8-7de6-4c8c-bf4c-9bb5512f4299: receive RaftClientReply:client-535162E20057->7049f9e8-7de6-4c8c-bf4c-9bb5512f4299@group-3B5DE3AEDFC2, cid=1695, SUCCESS, logIndex=2461, commits[7049f9e8-7de6-4c8c-bf4c-9bb5512f4299:c2462, 13d9ac51-91bf-4c73-8824-2f58fc5b2747:c2460, 15cd3569-c751-4f18-b157-6804e7d0f08c:c2460]
2019-07-10 05:59:46,153 INFO  client.GrpcClientProtocolClient (GrpcClientProtocolClient.java:onNext(255)) - client-535162E20057->7049f9e8-7de6-4c8c-bf4c-9bb5512f4299: receive RaftClientReply:client-535162E20057->7049f9e8-7de6-4c8c-bf4c-9bb5512f4299@group-3B5DE3AEDFC2, cid=1696, SUCCESS, logIndex=2462, commits[7049f9e8-7de6-4c8c-bf4c-9bb5512f4299:c2464, 13d9ac51-91bf-4c73-8824-2f58fc5b2747:c2460, 15cd3569-c751-4f18-b157-6804e7d0f08c:c2460]
2019-07-10 05:59:46,153 INFO  client.GrpcClientProtocolClient (GrpcClientProtocolClient.java:onNext(255)) - client-535162E20057->7049f9e8-7de6-4c8c-bf4c-9bb5512f4299: receive RaftClientReply:client-535162E20057->7049f9e8-7de6-4c8c-bf4c-9bb5512f4299@group-3B5DE3AEDFC2, cid=1697, SUCCESS, logIndex=2463, commits[7049f9e8-7de6-4c8c-bf4c-9bb5512f4299:c2464, 13d9ac51-91bf-4c73-8824-2f58fc5b2747:c2460, 15cd3569-c751-4f18-b157-6804e7d0f08c:c2460]
2019-07-10 05:59:46,153 INFO  client.GrpcClientProtocolClient (GrpcClientProtocolClient.java:onNext(255)) - client-535162E20057->7049f9e8-7de6-4c8c-bf4c-9bb5512f4299: receive RaftClientReply:client-535162E20057->7049f9e8-7de6-4c8c-bf4c-9bb5512f4299@group-3B5DE3AEDFC2, cid=1698, SUCCESS, logIndex=2464, commits[7049f9e8-7de6-4c8c-bf4c-9bb5512f4299:c2464, 13d9ac51-91bf-4c73-8824-2f58fc5b2747:c2460, 15cd3569-c751-4f18-b157-6804e7d0f08c:c2460]
2019-07-10 05:59:46,167 INFO  client.GrpcClientProtocolClient (GrpcClientProtocolClient.java:onNext(255)) - client-535162E20057->7049f9e8-7de6-4c8c-bf4c-9bb5512f4299: receive RaftClientReply:client-535162E20057->7049f9e8-7de6-4c8c-bf4c-9bb5512f4299@group-3B5DE3AEDFC2, cid=1699, SUCCESS, logIndex=0, commits[7049f9e8-7de6-4c8c-bf4c-9bb5512f4299:c2467, 13d9ac51-91bf-4c73-8824-2f58fc5b2747:c2462, 15cd3569-c751-4f18-b157-6804e7d0f08c:c2464]
2019-07-10 05:59:46,189 INFO  client.GrpcClientProtocolClient (GrpcClientProtocolClient.java:onNext(255)) - client-535162E20057->7049f9e8-7de6-4c8c-bf4c-9bb5512f4299: receive RaftClientReply:client-535162E20057->7049f9e8-7de6-4c8c-bf4c-9bb5512f4299@group-3B5DE3AEDFC2, cid=1700, SUCCESS, logIndex=2468, commits[7049f9e8-7de6-4c8c-bf4c-9bb5512f4299:c2469, 13d9ac51-91bf-4c73-8824-2f58fc5b2747:c2467, 15cd3569-c751-4f18-b157-6804e7d0f08c:c2467]
2019-07-10 05:59:46,189 INFO  client.GrpcClientProtocolClient (GrpcClientProtocolClient.java:onNext(255)) - client-535162E20057->7049f9e8-7de6-4c8c-bf4c-9bb5512f4299: receive RaftClientReply:client-535162E20057->7049f9e8-7de6-4c8c-bf4c-9bb5512f4299@group-3B5DE3AEDFC2, cid=1701, SUCCESS, logIndex=2469, commits[7049f9e8-7de6-4c8c-bf4c-9bb5512f4299:c2469, 13d9ac51-91bf-4c73-8824-2f58fc5b2747:c2467, 15cd3569-c751-4f18-b157-6804e7d0f08c:c2467]
 0.00% |█                                                                                                    |  0/1 Time: 0:00:112019-07-10 05:59:46,204 INFO  client.GrpcClientProtocolClient (GrpcClientProtocolClient.java:onNext(255)) - client-535162E20057->7049f9e8-7de6-4c8c-bf4c-9bb5512f4299: receive RaftClientReply:client-535162E20057->7049f9e8-7de6-4c8c-bf4c-9bb5512f4299@group-3B5DE3AEDFC2, cid=1702, SUCCESS, logIndex=2472, commits[7049f9e8-7de6-4c8c-bf4c-9bb5512f4299:c2473, 13d9ac51-91bf-4c73-8824-2f58fc5b2747:c2469, 15cd3569-c751-4f18-b157-6804e7d0f08c:c2469]
2019-07-10 05:59:46,204 INFO  client.GrpcClientProtocolClient (GrpcClientProtocolClient.java:onNext(255)) - client-535162E20057->7049f9e8-7de6-4c8c-bf4c-9bb5512f4299: receive RaftClientReply:client-535162E20057->7049f9e8-7de6-4c8c-bf4c-9bb5512f4299@group-3B5DE3AEDFC2, cid=1703, SUCCESS, logIndex=2473, commits[7049f9e8-7de6-4c8c-bf4c-9bb5512f4299:c2473, 13d9ac51-91bf-4c73-8824-2f58fc5b2747:c2469, 15cd3569-c751-4f18-b157-6804e7d0f08c:c2469]
2019-07-10 05:59:46,208 INFO  client.GrpcClientProtocolClient (GrpcClientProtocolClient.java:onNext(255)) - client-535162E20057->7049f9e8-7de6-4c8c-bf4c-9bb5512f4299: receive RaftClientReply:client-535162E20057->7049f9e8-7de6-4c8c-bf4c-9bb5512f4299@group-3B5DE3AEDFC2, cid=1704, SUCCESS, logIndex=0, commits[7049f9e8-7de6-4c8c-bf4c-9bb5512f4299:c2475, 13d9ac51-91bf-4c73-8824-2f58fc5b2747:c2473, 15cd3569-c751-4f18-b157-6804e7d0f08c:c2473]
2019-07-10 05:59:46,234 INFO  client.GrpcClientProtocolClient (GrpcClientProtocolClient.java:onNext(255)) - client-535162E20057->7049f9e8-7de6-4c8c-bf4c-9bb5512f4299: receive RaftClientReply:client-535162E20057->7049f9e8-7de6-4c8c-bf4c-9bb5512f4299@group-3B5DE3AEDFC2, cid=1705, SUCCESS, logIndex=2476, commits[7049f9e8-7de6-4c8c-bf4c-9bb5512f4299:c2477, 13d9ac51-91bf-4c73-8824-2f58fc5b2747:c2475, 15cd3569-c751-4f18-b157-6804e7d0f08c:c2475]
2019-07-10 05:59:46,235 INFO  client.GrpcClientProtocolClient (GrpcClientProtocolClient.java:onNext(255)) - client-535162E20057->7049f9e8-7de6-4c8c-bf4c-9bb5512f4299: receive RaftClientReply:client-535162E20057->7049f9e8-7de6-4c8c-bf4c-9bb5512f4299@group-3B5DE3AEDFC2, cid=1706, SUCCESS, logIndex=2477, commits[7049f9e8-7de6-4c8c-bf4c-9bb5512f4299:c2477, 13d9ac51-91bf-4c73-8824-2f58fc5b2747:c2475, 15cd3569-c751-4f18-b157-6804e7d0f08c:c2475]
2019-07-10 05:59:46,238 INFO  client.GrpcClientProtocolClient (GrpcClientProtocolClient.java:onNext(255)) - client-535162E20057->7049f9e8-7de6-4c8c-bf4c-9bb5512f4299: receive RaftClientReply:client-535162E20057->7049f9e8-7de6-4c8c-bf4c-9bb5512f4299@group-3B5DE3AEDFC2, cid=1707, SUCCESS, logIndex=2478, commits[7049f9e8-7de6-4c8c-bf4c-9bb5512f4299:c2480, 13d9ac51-91bf-4c73-8824-2f58fc5b2747:c2477, 15cd3569-c751-4f18-b157-6804e7d0f08c:c2475]
2019-07-10 05:59:46,238 INFO  client.GrpcClientProtocolClient (GrpcClientProtocolClient.java:onNext(255)) - client-535162E20057->7049f9e8-7de6-4c8c-bf4c-9bb5512f4299: receive RaftClientReply:client-535162E20057->7049f9e8-7de6-4c8c-bf4c-9bb5512f4299@group-3B5DE3AEDFC2, cid=1708, SUCCESS, logIndex=2479, commits[7049f9e8-7de6-4c8c-bf4c-9bb5512f4299:c2481, 13d9ac51-91bf-4c73-8824-2f58fc5b2747:c2477, 15cd3569-c751-4f18-b157-6804e7d0f08c:c2476]
2019-07-10 05:59:46,241 INFO  client.GrpcClientProtocolClient (GrpcClientProtocolClient.java:onNext(255)) - client-535162E20057->7049f9e8-7de6-4c8c-bf4c-9bb5512f4299: receive RaftClientReply:client-535162E20057->7049f9e8-7de6-4c8c-bf4c-9bb5512f4299@group-3B5DE3AEDFC2, cid=1709, SUCCESS, logIndex=0, commits[7049f9e8-7de6-4c8c-bf4c-9bb5512f4299:c2482, 13d9ac51-91bf-4c73-8824-2f58fc5b2747:c2478, 15cd3569-c751-4f18-b157-6804e7d0f08c:c2477]
2019-07-10 05:59:46,257 INFO  client.GrpcClientProtocolClient (GrpcClientProtocolClient.java:onNext(255)) - client-535162E20057->7049f9e8-7de6-4c8c-bf4c-9bb5512f4299: receive RaftClientReply:client-535162E20057->7049f9e8-7de6-4c8c-bf4c-9bb5512f4299@group-3B5DE3AEDFC2, cid=1710, SUCCESS, logIndex=2484, commits[7049f9e8-7de6-4c8c-bf4c-9bb5512f4299:c2485, 13d9ac51-91bf-4c73-8824-2f58fc5b2747:c2483, 15cd3569-c751-4f18-b157-6804e7d0f08c:c2483]
2019-07-10 05:59:46,258 INFO  client.GrpcClientProtocolClient (GrpcClientProtocolClient.java:onNext(255)) - client-535162E20057->7049f9e8-7de6-4c8c-bf4c-9bb5512f4299: receive RaftClientReply:client-535162E20057->7049f9e8-7de6-4c8c-bf4c-9bb5512f4299@group-3B5DE3AEDFC2, cid=1711, SUCCESS, logIndex=2485, commits[7049f9e8-7de6-4c8c-bf4c-9bb5512f4299:c2485, 13d9ac51-91bf-4c73-8824-2f58fc5b2747:c2483, 15cd3569-c751-4f18-b157-6804e7d0f08c:c2483]
2019-07-10 05:59:46,306 INFO  client.GrpcClientProtocolClient (GrpcClientProtocolClient.java:onNext(255)) - client-535162E20057->7049f9e8-7de6-4c8c-bf4c-9bb5512f4299: receive RaftClientReply:client-535162E20057->7049f9e8-7de6-4c8c-bf4c-9bb5512f4299@group-3B5DE3AEDFC2, cid=1712, SUCCESS, logIndex=2488, commits[7049f9e8-7de6-4c8c-bf4c-9bb5512f4299:c2489, 13d9ac51-91bf-4c73-8824-2f58fc5b2747:c2487, 15cd3569-c751-4f18-b157-6804e7d0f08c:c2487]
2019-07-10 05:59:46,307 INFO  client.GrpcClientProtocolClient (GrpcClientProtocolClient.java:onNext(255)) - client-535162E20057->7049f9e8-7de6-4c8c-bf4c-9bb5512f4299: receive RaftClientReply:client-535162E20057->7049f9e8-7de6-4c8c-bf4c-9bb5512f4299@group-3B5DE3AEDFC2, cid=1713, SUCCESS, logIndex=2489, commits[7049f9e8-7de6-4c8c-bf4c-9bb5512f4299:c2489, 13d9ac51-91bf-4c73-8824-2f58fc5b2747:c2487, 15cd3569-c751-4f18-b157-6804e7d0f08c:c2487]
2019-07-10 05:59:46,311 INFO  client.GrpcClientProtocolClient (GrpcClientProtocolClient.java:onNext(255)) - client-535162E20057->7049f9e8-7de6-4c8c-bf4c-9bb5512f4299: receive RaftClientReply:client-535162E20057->7049f9e8-7de6-4c8c-bf4c-9bb5512f4299@group-3B5DE3AEDFC2, cid=1714, SUCCESS, logIndex=0, commits[7049f9e8-7de6-4c8c-bf4c-9bb5512f4299:c2490, 13d9ac51-91bf-4c73-8824-2f58fc5b2747:c2489, 15cd3569-c751-4f18-b157-6804e7d0f08c:c2489]
2019-07-10 05:59:46,340 INFO  client.GrpcClientProtocolClient (GrpcClientProtocolClient.java:onNext(255)) - client-535162E20057->7049f9e8-7de6-4c8c-bf4c-9bb5512f4299: receive RaftClientReply:client-535162E20057->7049f9e8-7de6-4c8c-bf4c-9bb5512f4299@group-3B5DE3AEDFC2, cid=1715, SUCCESS, logIndex=2492, commits[7049f9e8-7de6-4c8c-bf4c-9bb5512f4299:c2493, 13d9ac51-91bf-4c73-8824-2f58fc5b2747:c2491, 15cd3569-c751-4f18-b157-6804e7d0f08c:c2491]
2019-07-10 05:59:46,340 INFO  client.GrpcClientProtocolClient (GrpcClientProtocolClient.java:onNext(255)) - client-535162E20057->7049f9e8-7de6-4c8c-bf4c-9bb5512f4299: receive RaftClientReply:client-535162E20057->7049f9e8-7de6-4c8c-bf4c-9bb5512f4299@group-3B5DE3AEDFC2, cid=1716, SUCCESS, logIndex=2493, commits[7049f9e8-7de6-4c8c-bf4c-9bb5512f4299:c2494, 13d9ac51-91bf-4c73-8824-2f58fc5b2747:c2491, 15cd3569-c751-4f18-b157-6804e7d0f08c:c2491]
2019-07-10 05:59:46,341 INFO  client.GrpcClientProtocolClient (GrpcClientProtocolClient.java:onNext(255)) - client-535162E20057->7049f9e8-7de6-4c8c-bf4c-9bb5512f4299: receive RaftClientReply:client-535162E20057->7049f9e8-7de6-4c8c-bf4c-9bb5512f4299@group-3B5DE3AEDFC2, cid=1717, SUCCESS, logIndex=2494, commits[7049f9e8-7de6-4c8c-bf4c-9bb5512f4299:c2495, 13d9ac51-91bf-4c73-8824-2f58fc5b2747:c2491, 15cd3569-c751-4f18-b157-6804e7d0f08c:c2491]
2019-07-10 05:59:46,341 INFO  client.GrpcClientProtocolClient (GrpcClientProtocolClient.java:onNext(255)) - client-535162E20057->7049f9e8-7de6-4c8c-bf4c-9bb5512f4299: receive RaftClientReply:client-535162E20057->7049f9e8-7de6-4c8c-bf4c-9bb5512f4299@group-3B5DE3AEDFC2, cid=1718, SUCCESS, logIndex=2495, commits[7049f9e8-7de6-4c8c-bf4c-9bb5512f4299:c2495, 13d9ac51-91bf-4c73-8824-2f58fc5b2747:c2491, 15cd3569-c751-4f18-b157-6804e7d0f08c:c2491]
2019-07-10 05:59:46,355 INFO  client.GrpcClientProtocolClient (GrpcClientProtocolClient.java:onNext(255)) - client-535162E20057->7049f9e8-7de6-4c8c-bf4c-9bb5512f4299: receive RaftClientReply:client-535162E20057->7049f9e8-7de6-4c8c-bf4c-9bb5512f4299@group-3B5DE3AEDFC2, cid=1719, SUCCESS, logIndex=0, commits[7049f9e8-7de6-4c8c-bf4c-9bb5512f4299:c2498, 13d9ac51-91bf-4c73-8824-2f58fc5b2747:c2494, 15cd3569-c751-4f18-b157-6804e7d0f08c:c2493]
2019-07-10 05:59:46,379 INFO  client.GrpcClientProtocolClient (GrpcClientProtocolClient.java:onNext(255)) - client-535162E20057->7049f9e8-7de6-4c8c-bf4c-9bb5512f4299: receive RaftClientReply:client-535162E20057->7049f9e8-7de6-4c8c-bf4c-9bb5512f4299@group-3B5DE3AEDFC2, cid=1720, SUCCESS, logIndex=2500, commits[7049f9e8-7de6-4c8c-bf4c-9bb5512f4299:c2501, 13d9ac51-91bf-4c73-8824-2f58fc5b2747:c2499, 15cd3569-c751-4f18-b157-6804e7d0f08c:c2499]
2019-07-10 05:59:46,379 INFO  client.GrpcClientProtocolClient (GrpcClientProtocolClient.java:onNext(255)) - client-535162E20057->7049f9e8-7de6-4c8c-bf4c-9bb5512f4299: receive RaftClientReply:client-535162E20057->7049f9e8-7de6-4c8c-bf4c-9bb5512f4299@group-3B5DE3AEDFC2, cid=1721, SUCCESS, logIndex=2501, commits[7049f9e8-7de6-4c8c-bf4c-9bb5512f4299:c2501, 13d9ac51-91bf-4c73-8824-2f58fc5b2747:c2499, 15cd3569-c751-4f18-b157-6804e7d0f08c:c2499]
2019-07-10 05:59:46,394 INFO  client.GrpcClientProtocolClient (GrpcClientProtocolClient.java:onNext(255)) - client-535162E20057->7049f9e8-7de6-4c8c-bf4c-9bb5512f4299: receive RaftClientReply:client-535162E20057->7049f9e8-7de6-4c8c-bf4c-9bb5512f4299@group-3B5DE3AEDFC2, cid=1722, SUCCESS, logIndex=2504, commits[7049f9e8-7de6-4c8c-bf4c-9bb5512f4299:c2505, 13d9ac51-91bf-4c73-8824-2f58fc5b2747:c2500, 15cd3569-c751-4f18-b157-6804e7d0f08c:c2501]
2019-07-10 05:59:46,394 INFO  client.GrpcClientProtocolClient (GrpcClientProtocolClient.java:onNext(255)) - client-535162E20057->7049f9e8-7de6-4c8c-bf4c-9bb5512f4299: receive RaftClientReply:client-535162E20057->7049f9e8-7de6-4c8c-bf4c-9bb5512f4299@group-3B5DE3AEDFC2, cid=1723, SUCCESS, logIndex=2505, commits[7049f9e8-7de6-4c8c-bf4c-9bb5512f4299:c2505, 13d9ac51-91bf-4c73-8824-2f58fc5b2747:c2501, 15cd3569-c751-4f18-b157-6804e7d0f08c:c2501]
2019-07-10 05:59:46,405 INFO  client.GrpcClientProtocolClient (GrpcClientProtocolClient.java:onNext(255)) - client-535162E20057->7049f9e8-7de6-4c8c-bf4c-9bb5512f4299: receive RaftClientReply:client-535162E20057->7049f9e8-7de6-4c8c-bf4c-9bb5512f4299@group-3B5DE3AEDFC2, cid=1724, SUCCESS, logIndex=0, commits[7049f9e8-7de6-4c8c-bf4c-9bb5512f4299:c2506, 13d9ac51-91bf-4c73-8824-2f58fc5b2747:c2505, 15cd3569-c751-4f18-b157-6804e7d0f08c:c2505]
2019-07-10 05:59:46,434 INFO  client.GrpcClientProtocolClient (GrpcClientProtocolClient.java:onNext(255)) - client-535162E20057->7049f9e8-7de6-4c8c-bf4c-9bb5512f4299: receive RaftClientReply:client-535162E20057->7049f9e8-7de6-4c8c-bf4c-9bb5512f4299@group-3B5DE3AEDFC2, cid=1725, SUCCESS, logIndex=2507, commits[7049f9e8-7de6-4c8c-bf4c-9bb5512f4299:c2508, 13d9ac51-91bf-4c73-8824-2f58fc5b2747:c2506, 15cd3569-c751-4f18-b157-6804e7d0f08c:c2506]
2019-07-10 05:59:46,434 INFO  client.GrpcClientProtocolClient (GrpcClientProtocolClient.java:onNext(255)) - client-535162E20057->7049f9e8-7de6-4c8c-bf4c-9bb5512f4299: receive RaftClientReply:client-535162E20057->7049f9e8-7de6-4c8c-bf4c-9bb5512f4299@group-3B5DE3AEDFC2, cid=1726, SUCCESS, logIndex=2508, commits[7049f9e8-7de6-4c8c-bf4c-9bb5512f4299:c2510, 13d9ac51-91bf-4c73-8824-2f58fc5b2747:c2506, 15cd3569-c751-4f18-b157-6804e7d0f08c:c2506]
2019-07-10 05:59:46,435 INFO  client.GrpcClientProtocolClient (GrpcClientProtocolClient.java:onNext(255)) - client-535162E20057->7049f9e8-7de6-4c8c-bf4c-9bb5512f4299: receive RaftClientReply:client-535162E20057->7049f9e8-7de6-4c8c-bf4c-9bb5512f4299@group-3B5DE3AEDFC2, cid=1727, SUCCESS, logIndex=2509, commits[7049f9e8-7de6-4c8c-bf4c-9bb5512f4299:c2510, 13d9ac51-91bf-4c73-8824-2f58fc5b2747:c2506, 15cd3569-c751-4f18-b157-6804e7d0f08c:c2506]
2019-07-10 05:59:46,435 INFO  client.GrpcClientProtocolClient (GrpcClientProtocolClient.java:onNext(255)) - client-535162E20057->7049f9e8-7de6-4c8c-bf4c-9bb5512f4299: receive RaftClientReply:client-535162E20057->7049f9e8-7de6-4c8c-bf4c-9bb5512f4299@group-3B5DE3AEDFC2, cid=1728, SUCCESS, logIndex=2510, commits[7049f9e8-7de6-4c8c-bf4c-9bb5512f4299:c2510, 13d9ac51-91bf-4c73-8824-2f58fc5b2747:c2506, 15cd3569-c751-4f18-b157-6804e7d0f08c:c2506]
2019-07-10 05:59:46,445 INFO  client.GrpcClientProtocolClient (GrpcClientProtocolClient.java:onNext(255)) - client-535162E20057->7049f9e8-7de6-4c8c-bf4c-9bb5512f4299: receive RaftClientReply:client-535162E20057->7049f9e8-7de6-4c8c-bf4c-9bb5512f4299@group-3B5DE3AEDFC2, cid=1729, SUCCESS, logIndex=0, commits[7049f9e8-7de6-4c8c-bf4c-9bb5512f4299:c2511, 13d9ac51-91bf-4c73-8824-2f58fc5b2747:c2508, 15cd3569-c751-4f18-b157-6804e7d0f08c:c2508]
2019-07-10 05:59:46,465 INFO  client.GrpcClientProtocolClient (GrpcClientProtocolClient.java:onNext(255)) - client-535162E20057->7049f9e8-7de6-4c8c-bf4c-9bb5512f4299: receive RaftClientReply:client-535162E20057->7049f9e8-7de6-4c8c-bf4c-9bb5512f4299@group-3B5DE3AEDFC2, cid=1730, SUCCESS, logIndex=2514, commits[7049f9e8-7de6-4c8c-bf4c-9bb5512f4299:c2515, 13d9ac51-91bf-4c73-8824-2f58fc5b2747:c2513, 15cd3569-c751-4f18-b157-6804e7d0f08c:c2513]
2019-07-10 05:59:46,465 INFO  client.GrpcClientProtocolClient (GrpcClientProtocolClient.java:onNext(255)) - client-535162E20057->7049f9e8-7de6-4c8c-bf4c-9bb5512f4299: receive RaftClientReply:client-535162E20057->7049f9e8-7de6-4c8c-bf4c-9bb5512f4299@group-3B5DE3AEDFC2, cid=1731, SUCCESS, logIndex=2515, commits[7049f9e8-7de6-4c8c-bf4c-9bb5512f4299:c2515, 13d9ac51-91bf-4c73-8824-2f58fc5b2747:c2513, 15cd3569-c751-4f18-b157-6804e7d0f08c:c2513]
2019-07-10 05:59:46,480 INFO  client.GrpcClientProtocolClient (GrpcClientProtocolClient.java:onNext(255)) - client-535162E20057->7049f9e8-7de6-4c8c-bf4c-9bb5512f4299: receive RaftClientReply:client-535162E20057->7049f9e8-7de6-4c8c-bf4c-9bb5512f4299@group-3B5DE3AEDFC2, cid=1732, SUCCESS, logIndex=2518, commits[7049f9e8-7de6-4c8c-bf4c-9bb5512f4299:c2519, 13d9ac51-91bf-4c73-8824-2f58fc5b2747:c2515, 15cd3569-c751-4f18-b157-6804e7d0f08c:c2515]
2019-07-10 05:59:46,480 INFO  client.GrpcClientProtocolClient (GrpcClientProtocolClient.java:onNext(255)) - client-535162E20057->7049f9e8-7de6-4c8c-bf4c-9bb5512f4299: receive RaftClientReply:client-535162E20057->7049f9e8-7de6-4c8c-bf4c-9bb5512f4299@group-3B5DE3AEDFC2, cid=1733, SUCCESS, logIndex=2519, commits[7049f9e8-7de6-4c8c-bf4c-9bb5512f4299:c2519, 13d9ac51-91bf-4c73-8824-2f58fc5b2747:c2515, 15cd3569-c751-4f18-b157-6804e7d0f08c:c2515]
2019-07-10 05:59:46,482 INFO  client.GrpcClientProtocolClient (GrpcClientProtocolClient.java:onNext(255)) - client-535162E20057->7049f9e8-7de6-4c8c-bf4c-9bb5512f4299: receive RaftClientReply:client-535162E20057->7049f9e8-7de6-4c8c-bf4c-9bb5512f4299@group-3B5DE3AEDFC2, cid=1734, SUCCESS, logIndex=0, commits[7049f9e8-7de6-4c8c-bf4c-9bb5512f4299:c2520, 13d9ac51-91bf-4c73-8824-2f58fc5b2747:c2519, 15cd3569-c751-4f18-b157-6804e7d0f08c:c2519]
2019-07-10 05:59:46,504 INFO  client.GrpcClientProtocolClient (GrpcClientProtocolClient.java:onNext(255)) - client-535162E20057->7049f9e8-7de6-4c8c-bf4c-9bb5512f4299: receive RaftClientReply:client-535162E20057->7049f9e8-7de6-4c8c-bf4c-9bb5512f4299@group-3B5DE3AEDFC2, cid=1735, SUCCESS, logIndex=2522, commits[7049f9e8-7de6-4c8c-bf4c-9bb5512f4299:c2523, 13d9ac51-91bf-4c73-8824-2f58fc5b2747:c2521, 15cd3569-c751-4f18-b157-6804e7d0f08c:c2519]
2019-07-10 05:59:46,504 INFO  client.GrpcClientProtocolClient (GrpcClientProtocolClient.java:onNext(255)) - client-535162E20057->7049f9e8-7de6-4c8c-bf4c-9bb5512f4299: receive RaftClientReply:client-535162E20057->7049f9e8-7de6-4c8c-bf4c-9bb5512f4299@group-3B5DE3AEDFC2, cid=1736, SUCCESS, logIndex=2523, commits[7049f9e8-7de6-4c8c-bf4c-9bb5512f4299:c2523, 13d9ac51-91bf-4c73-8824-2f58fc5b2747:c2521, 15cd3569-c751-4f18-b157-6804e7d0f08c:c2521]
2019-07-10 05:59:46,507 INFO  client.GrpcClientProtocolClient (GrpcClientProtocolClient.java:onNext(255)) - client-535162E20057->7049f9e8-7de6-4c8c-bf4c-9bb5512f4299: receive RaftClientReply:client-535162E20057->7049f9e8-7de6-4c8c-bf4c-9bb5512f4299@group-3B5DE3AEDFC2, cid=1737, SUCCESS, logIndex=2524, commits[7049f9e8-7de6-4c8c-bf4c-9bb5512f4299:c2527, 13d9ac51-91bf-4c73-8824-2f58fc5b2747:c2521, 15cd3569-c751-4f18-b157-6804e7d0f08c:c2523]
2019-07-10 05:59:46,507 INFO  client.GrpcClientProtocolClient (GrpcClientProtocolClient.java:onNext(255)) - client-535162E20057->7049f9e8-7de6-4c8c-bf4c-9bb5512f4299: receive RaftClientReply:client-535162E20057->7049f9e8-7de6-4c8c-bf4c-9bb5512f4299@group-3B5DE3AEDFC2, cid=1738, SUCCESS, logIndex=2525, commits[7049f9e8-7de6-4c8c-bf4c-9bb5512f4299:c2527, 13d9ac51-91bf-4c73-8824-2f58fc5b2747:c2521, 15cd3569-c751-4f18-b157-6804e7d0f08c:c2523]
2019-07-10 05:59:46,508 INFO  client.GrpcClientProtocolClient (GrpcClientProtocolClient.java:onNext(255)) - client-535162E20057->7049f9e8-7de6-4c8c-bf4c-9bb5512f4299: receive RaftClientReply:client-535162E20057->7049f9e8-7de6-4c8c-bf4c-9bb5512f4299@group-3B5DE3AEDFC2, cid=1739, SUCCESS, logIndex=0, commits[7049f9e8-7de6-4c8c-bf4c-9bb5512f4299:c2527, 13d9ac51-91bf-4c73-8824-2f58fc5b2747:c2523, 15cd3569-c751-4f18-b157-6804e7d0f08c:c2523]
2019-07-10 05:59:46,635 INFO  client.GrpcClientProtocolClient (GrpcClientProtocolClient.java:onNext(255)) - client-535162E20057->7049f9e8-7de6-4c8c-bf4c-9bb5512f4299: receive RaftClientReply:client-535162E20057->7049f9e8-7de6-4c8c-bf4c-9bb5512f4299@group-3B5DE3AEDFC2, cid=1740, SUCCESS, logIndex=2530, commits[7049f9e8-7de6-4c8c-bf4c-9bb5512f4299:c2531, 13d9ac51-91bf-4c73-8824-2f58fc5b2747:c2529, 15cd3569-c751-4f18-b157-6804e7d0f08c:c2529]
2019-07-10 05:59:46,636 INFO  client.GrpcClientProtocolClient (GrpcClientProtocolClient.java:onNext(255)) - client-535162E20057->7049f9e8-7de6-4c8c-bf4c-9bb5512f4299: receive RaftClientReply:client-535162E20057->7049f9e8-7de6-4c8c-bf4c-9bb5512f4299@group-3B5DE3AEDFC2, cid=1741, SUCCESS, logIndex=2531, commits[7049f9e8-7de6-4c8c-bf4c-9bb5512f4299:c2531, 13d9ac51-91bf-4c73-8824-2f58fc5b2747:c2529, 15cd3569-c751-4f18-b157-6804e7d0f08c:c2529]
2019-07-10 05:59:46,661 INFO  client.GrpcClientProtocolClient (GrpcClientProtocolClient.java:onNext(255)) - client-535162E20057->7049f9e8-7de6-4c8c-bf4c-9bb5512f4299: receive RaftClientReply:client-535162E20057->7049f9e8-7de6-4c8c-bf4c-9bb5512f4299@group-3B5DE3AEDFC2, cid=1742, SUCCESS, logIndex=2534, commits[7049f9e8-7de6-4c8c-bf4c-9bb5512f4299:c2535, 13d9ac51-91bf-4c73-8824-2f58fc5b2747:c2531, 15cd3569-c751-4f18-b157-6804e7d0f08c:c2531]
2019-07-10 05:59:46,662 INFO  client.GrpcClientProtocolClient (GrpcClientProtocolClient.java:onNext(255)) - client-535162E20057->7049f9e8-7de6-4c8c-bf4c-9bb5512f4299: receive RaftClientReply:client-535162E20057->7049f9e8-7de6-4c8c-bf4c-9bb5512f4299@group-3B5DE3AEDFC2, cid=1743, SUCCESS, logIndex=2535, commits[7049f9e8-7de6-4c8c-bf4c-9bb5512f4299:c2535, 13d9ac51-91bf-4c73-8824-2f58fc5b2747:c2531, 15cd3569-c751-4f18-b157-6804e7d0f08c:c2531]
2019-07-10 05:59:46,676 INFO  client.GrpcClientProtocolClient (GrpcClientProtocolClient.java:onNext(255)) - client-535162E20057->7049f9e8-7de6-4c8c-bf4c-9bb5512f4299: receive RaftClientReply:client-535162E20057->7049f9e8-7de6-4c8c-bf4c-9bb5512f4299@group-3B5DE3AEDFC2, cid=1744, SUCCESS, logIndex=0, commits[7049f9e8-7de6-4c8c-bf4c-9bb5512f4299:c2537, 13d9ac51-91bf-4c73-8824-2f58fc5b2747:c2535, 15cd3569-c751-4f18-b157-6804e7d0f08c:c2535]
2019-07-10 05:59:46,709 INFO  client.GrpcClientProtocolClient (GrpcClientProtocolClient.java:onNext(255)) - client-535162E20057->7049f9e8-7de6-4c8c-bf4c-9bb5512f4299: receive RaftClientReply:client-535162E20057->7049f9e8-7de6-4c8c-bf4c-9bb5512f4299@group-3B5DE3AEDFC2, cid=1745, SUCCESS, logIndex=2538, commits[7049f9e8-7de6-4c8c-bf4c-9bb5512f4299:c2539, 13d9ac51-91bf-4c73-8824-2f58fc5b2747:c2537, 15cd3569-c751-4f18-b157-6804e7d0f08c:c2537]
2019-07-10 05:59:46,709 INFO  client.GrpcClientProtocolClient (GrpcClientProtocolClient.java:onNext(255)) - client-535162E20057->7049f9e8-7de6-4c8c-bf4c-9bb5512f4299: receive RaftClientReply:client-535162E20057->7049f9e8-7de6-4c8c-bf4c-9bb5512f4299@group-3B5DE3AEDFC2, cid=1746, SUCCESS, logIndex=2539, commits[7049f9e8-7de6-4c8c-bf4c-9bb5512f4299:c2541, 13d9ac51-91bf-4c73-8824-2f58fc5b2747:c2537, 15cd3569-c751-4f18-b157-6804e7d0f08c:c2537]
2019-07-10 05:59:46,709 INFO  client.GrpcClientProtocolClient (GrpcClientProtocolClient.java:onNext(255)) - client-535162E20057->7049f9e8-7de6-4c8c-bf4c-9bb5512f4299: receive RaftClientReply:client-535162E20057->7049f9e8-7de6-4c8c-bf4c-9bb5512f4299@group-3B5DE3AEDFC2, cid=1747, SUCCESS, logIndex=2540, commits[7049f9e8-7de6-4c8c-bf4c-9bb5512f4299:c2541, 13d9ac51-91bf-4c73-8824-2f58fc5b2747:c2537, 15cd3569-c751-4f18-b157-6804e7d0f08c:c2537]
2019-07-10 05:59:46,710 INFO  client.GrpcClientProtocolClient (GrpcClientProtocolClient.java:onNext(255)) - client-535162E20057->7049f9e8-7de6-4c8c-bf4c-9bb5512f4299: receive RaftClientReply:client-535162E20057->7049f9e8-7de6-4c8c-bf4c-9bb5512f4299@group-3B5DE3AEDFC2, cid=1748, SUCCESS, logIndex=2541, commits[7049f9e8-7de6-4c8c-bf4c-9bb5512f4299:c2541, 13d9ac51-91bf-4c73-8824-2f58fc5b2747:c2538, 15cd3569-c751-4f18-b157-6804e7d0f08c:c2537]
2019-07-10 05:59:46,723 INFO  client.GrpcClientProtocolClient (GrpcClientProtocolClient.java:onNext(255)) - client-535162E20057->7049f9e8-7de6-4c8c-bf4c-9bb5512f4299: receive RaftClientReply:client-535162E20057->7049f9e8-7de6-4c8c-bf4c-9bb5512f4299@group-3B5DE3AEDFC2, cid=1749, SUCCESS, logIndex=0, commits[7049f9e8-7de6-4c8c-bf4c-9bb5512f4299:c2543, 13d9ac51-91bf-4c73-8824-2f58fc5b2747:c2539, 15cd3569-c751-4f18-b157-6804e7d0f08c:c2539]
2019-07-10 05:59:46,746 INFO  client.GrpcClientProtocolClient (GrpcClientProtocolClient.java:onNext(255)) - client-535162E20057->7049f9e8-7de6-4c8c-bf4c-9bb5512f4299: receive RaftClientReply:client-535162E20057->7049f9e8-7de6-4c8c-bf4c-9bb5512f4299@group-3B5DE3AEDFC2, cid=1750, SUCCESS, logIndex=2546, commits[7049f9e8-7de6-4c8c-bf4c-9bb5512f4299:c2547, 13d9ac51-91bf-4c73-8824-2f58fc5b2747:c2545, 15cd3569-c751-4f18-b157-6804e7d0f08c:c2545]
2019-07-10 05:59:46,746 INFO  client.GrpcClientProtocolClient (GrpcClientProtocolClient.java:onNext(255)) - client-535162E20057->7049f9e8-7de6-4c8c-bf4c-9bb5512f4299: receive RaftClientReply:client-535162E20057->7049f9e8-7de6-4c8c-bf4c-9bb5512f4299@group-3B5DE3AEDFC2, cid=1751, SUCCESS, logIndex=2547, commits[7049f9e8-7de6-4c8c-bf4c-9bb5512f4299:c2547, 13d9ac51-91bf-4c73-8824-2f58fc5b2747:c2545, 15cd3569-c751-4f18-b157-6804e7d0f08c:c2545]
2019-07-10 05:59:46,759 INFO  client.GrpcClientProtocolClient (GrpcClientProtocolClient.java:onNext(255)) - client-535162E20057->7049f9e8-7de6-4c8c-bf4c-9bb5512f4299: receive RaftClientReply:client-535162E20057->7049f9e8-7de6-4c8c-bf4c-9bb5512f4299@group-3B5DE3AEDFC2, cid=1752, SUCCESS, logIndex=2550, commits[7049f9e8-7de6-4c8c-bf4c-9bb5512f4299:c2551, 13d9ac51-91bf-4c73-8824-2f58fc5b2747:c2546, 15cd3569-c751-4f18-b157-6804e7d0f08c:c2547]
2019-07-10 05:59:46,760 INFO  client.GrpcClientProtocolClient (GrpcClientProtocolClient.java:onNext(255)) - client-535162E20057->7049f9e8-7de6-4c8c-bf4c-9bb5512f4299: receive RaftClientReply:client-535162E20057->7049f9e8-7de6-4c8c-bf4c-9bb5512f4299@group-3B5DE3AEDFC2, cid=1753, SUCCESS, logIndex=2551, commits[7049f9e8-7de6-4c8c-bf4c-9bb5512f4299:c2551, 13d9ac51-91bf-4c73-8824-2f58fc5b2747:c2547, 15cd3569-c751-4f18-b157-6804e7d0f08c:c2547]
2019-07-10 05:59:46,762 INFO  client.GrpcClientProtocolClient (GrpcClientProtocolClient.java:onNext(255)) - client-535162E20057->7049f9e8-7de6-4c8c-bf4c-9bb5512f4299: receive RaftClientReply:client-535162E20057->7049f9e8-7de6-4c8c-bf4c-9bb5512f4299@group-3B5DE3AEDFC2, cid=1754, SUCCESS, logIndex=0, commits[7049f9e8-7de6-4c8c-bf4c-9bb5512f4299:c2553, 13d9ac51-91bf-4c73-8824-2f58fc5b2747:c2551, 15cd3569-c751-4f18-b157-6804e7d0f08c:c2551]
2019-07-10 05:59:46,784 INFO  client.GrpcClientProtocolClient (GrpcClientProtocolClient.java:onNext(255)) - client-535162E20057->7049f9e8-7de6-4c8c-bf4c-9bb5512f4299: receive RaftClientReply:client-535162E20057->7049f9e8-7de6-4c8c-bf4c-9bb5512f4299@group-3B5DE3AEDFC2, cid=1755, SUCCESS, logIndex=2554, commits[7049f9e8-7de6-4c8c-bf4c-9bb5512f4299:c2555, 13d9ac51-91bf-4c73-8824-2f58fc5b2747:c2553, 15cd3569-c751-4f18-b157-6804e7d0f08c:c2553]
2019-07-10 05:59:46,785 INFO  client.GrpcClientProtocolClient (GrpcClientProtocolClient.java:onNext(255)) - client-535162E20057->7049f9e8-7de6-4c8c-bf4c-9bb5512f4299: receive RaftClientReply:client-535162E20057->7049f9e8-7de6-4c8c-bf4c-9bb5512f4299@group-3B5DE3AEDFC2, cid=1756, SUCCESS, logIndex=2555, commits[7049f9e8-7de6-4c8c-bf4c-9bb5512f4299:c2555, 13d9ac51-91bf-4c73-8824-2f58fc5b2747:c2553, 15cd3569-c751-4f18-b157-6804e7d0f08c:c2553]
2019-07-10 05:59:46,786 INFO  client.GrpcClientProtocolClient (GrpcClientProtocolClient.java:onNext(255)) - client-535162E20057->7049f9e8-7de6-4c8c-bf4c-9bb5512f4299: receive RaftClientReply:client-535162E20057->7049f9e8-7de6-4c8c-bf4c-9bb5512f4299@group-3B5DE3AEDFC2, cid=1757, SUCCESS, logIndex=2556, commits[7049f9e8-7de6-4c8c-bf4c-9bb5512f4299:c2557, 13d9ac51-91bf-4c73-8824-2f58fc5b2747:c2553, 15cd3569-c751-4f18-b157-6804e7d0f08c:c2553]
2019-07-10 05:59:46,786 INFO  client.GrpcClientProtocolClient (GrpcClientProtocolClient.java:onNext(255)) - client-535162E20057->7049f9e8-7de6-4c8c-bf4c-9bb5512f4299: receive RaftClientReply:client-535162E20057->7049f9e8-7de6-4c8c-bf4c-9bb5512f4299@group-3B5DE3AEDFC2, cid=1758, SUCCESS, logIndex=2557, commits[7049f9e8-7de6-4c8c-bf4c-9bb5512f4299:c2559, 13d9ac51-91bf-4c73-8824-2f58fc5b2747:c2555, 15cd3569-c751-4f18-b157-6804e7d0f08c:c2554]
2019-07-10 05:59:46,787 INFO  client.GrpcClientProtocolClient (GrpcClientProtocolClient.java:onNext(255)) - client-535162E20057->7049f9e8-7de6-4c8c-bf4c-9bb5512f4299: receive RaftClientReply:client-535162E20057->7049f9e8-7de6-4c8c-bf4c-9bb5512f4299@group-3B5DE3AEDFC2, cid=1759, SUCCESS, logIndex=0, commits[7049f9e8-7de6-4c8c-bf4c-9bb5512f4299:c2560, 13d9ac51-91bf-4c73-8824-2f58fc5b2747:c2556, 15cd3569-c751-4f18-b157-6804e7d0f08c:c2555]
2019-07-10 05:59:46,806 INFO  client.GrpcClientProtocolClient (GrpcClientProtocolClient.java:onNext(255)) - client-535162E20057->7049f9e8-7de6-4c8c-bf4c-9bb5512f4299: receive RaftClientReply:client-535162E20057->7049f9e8-7de6-4c8c-bf4c-9bb5512f4299@group-3B5DE3AEDFC2, cid=1760, SUCCESS, logIndex=2562, commits[7049f9e8-7de6-4c8c-bf4c-9bb5512f4299:c2563, 13d9ac51-91bf-4c73-8824-2f58fc5b2747:c2561, 15cd3569-c751-4f18-b157-6804e7d0f08c:c2561]
2019-07-10 05:59:46,806 INFO  client.GrpcClientProtocolClient (GrpcClientProtocolClient.java:onNext(255)) - client-535162E20057->7049f9e8-7de6-4c8c-bf4c-9bb5512f4299: receive RaftClientReply:client-535162E20057->7049f9e8-7de6-4c8c-bf4c-9bb5512f4299@group-3B5DE3AEDFC2, cid=1761, SUCCESS, logIndex=2563, commits[7049f9e8-7de6-4c8c-bf4c-9bb5512f4299:c2563, 13d9ac51-91bf-4c73-8824-2f58fc5b2747:c2561, 15cd3569-c751-4f18-b157-6804e7d0f08c:c2561]
2019-07-10 05:59:46,825 INFO  client.GrpcClientProtocolClient (GrpcClientProtocolClient.java:onNext(255)) - client-535162E20057->7049f9e8-7de6-4c8c-bf4c-9bb5512f4299: receive RaftClientReply:client-535162E20057->7049f9e8-7de6-4c8c-bf4c-9bb5512f4299@group-3B5DE3AEDFC2, cid=1762, SUCCESS, logIndex=2566, commits[7049f9e8-7de6-4c8c-bf4c-9bb5512f4299:c2567, 13d9ac51-91bf-4c73-8824-2f58fc5b2747:c2563, 15cd3569-c751-4f18-b157-6804e7d0f08c:c2563]
2019-07-10 05:59:46,825 INFO  client.GrpcClientProtocolClient (GrpcClientProtocolClient.java:onNext(255)) - client-535162E20057->7049f9e8-7de6-4c8c-bf4c-9bb5512f4299: receive RaftClientReply:client-535162E20057->7049f9e8-7de6-4c8c-bf4c-9bb5512f4299@group-3B5DE3AEDFC2, cid=1763, SUCCESS, logIndex=2567, commits[7049f9e8-7de6-4c8c-bf4c-9bb5512f4299:c2567, 13d9ac51-91bf-4c73-8824-2f58fc5b2747:c2563, 15cd3569-c751-4f18-b157-6804e7d0f08c:c2563]
2019-07-10 05:59:46,839 INFO  client.GrpcClientProtocolClient (GrpcClientProtocolClient.java:onNext(255)) - client-535162E20057->7049f9e8-7de6-4c8c-bf4c-9bb5512f4299: receive RaftClientReply:client-535162E20057->7049f9e8-7de6-4c8c-bf4c-9bb5512f4299@group-3B5DE3AEDFC2, cid=1764, SUCCESS, logIndex=0, commits[7049f9e8-7de6-4c8c-bf4c-9bb5512f4299:c2569, 13d9ac51-91bf-4c73-8824-2f58fc5b2747:c2567, 15cd3569-c751-4f18-b157-6804e7d0f08c:c2567]
2019-07-10 05:59:46,866 INFO  client.GrpcClientProtocolClient (GrpcClientProtocolClient.java:onNext(255)) - client-535162E20057->7049f9e8-7de6-4c8c-bf4c-9bb5512f4299: receive RaftClientReply:client-535162E20057->7049f9e8-7de6-4c8c-bf4c-9bb5512f4299@group-3B5DE3AEDFC2, cid=1765, SUCCESS, logIndex=2570, commits[7049f9e8-7de6-4c8c-bf4c-9bb5512f4299:c2571, 13d9ac51-91bf-4c73-8824-2f58fc5b2747:c2569, 15cd3569-c751-4f18-b157-6804e7d0f08c:c2569]
2019-07-10 05:59:46,867 INFO  client.GrpcClientProtocolClient (GrpcClientProtocolClient.java:onNext(255)) - client-535162E20057->7049f9e8-7de6-4c8c-bf4c-9bb5512f4299: receive RaftClientReply:client-535162E20057->7049f9e8-7de6-4c8c-bf4c-9bb5512f4299@group-3B5DE3AEDFC2, cid=1766, SUCCESS, logIndex=2571, commits[7049f9e8-7de6-4c8c-bf4c-9bb5512f4299:c2573, 13d9ac51-91bf-4c73-8824-2f58fc5b2747:c2569, 15cd3569-c751-4f18-b157-6804e7d0f08c:c2569]
2019-07-10 05:59:46,867 INFO  client.GrpcClientProtocolClient (GrpcClientProtocolClient.java:onNext(255)) - client-535162E20057->7049f9e8-7de6-4c8c-bf4c-9bb5512f4299: receive RaftClientReply:client-535162E20057->7049f9e8-7de6-4c8c-bf4c-9bb5512f4299@group-3B5DE3AEDFC2, cid=1767, SUCCESS, logIndex=2572, commits[7049f9e8-7de6-4c8c-bf4c-9bb5512f4299:c2573, 13d9ac51-91bf-4c73-8824-2f58fc5b2747:c2569, 15cd3569-c751-4f18-b157-6804e7d0f08c:c2569]
2019-07-10 05:59:46,867 INFO  client.GrpcClientProtocolClient (GrpcClientProtocolClient.java:onNext(255)) - client-535162E20057->7049f9e8-7de6-4c8c-bf4c-9bb5512f4299: receive RaftClientReply:client-535162E20057->7049f9e8-7de6-4c8c-bf4c-9bb5512f4299@group-3B5DE3AEDFC2, cid=1768, SUCCESS, logIndex=2573, commits[7049f9e8-7de6-4c8c-bf4c-9bb5512f4299:c2573, 13d9ac51-91bf-4c73-8824-2f58fc5b2747:c2569, 15cd3569-c751-4f18-b157-6804e7d0f08c:c2569]
2019-07-10 05:59:46,868 INFO  client.GrpcClientProtocolClient (GrpcClientProtocolClient.java:onNext(255)) - client-535162E20057->7049f9e8-7de6-4c8c-bf4c-9bb5512f4299: receive RaftClientReply:client-535162E20057->7049f9e8-7de6-4c8c-bf4c-9bb5512f4299@group-3B5DE3AEDFC2, cid=1769, SUCCESS, logIndex=0, commits[7049f9e8-7de6-4c8c-bf4c-9bb5512f4299:c2574, 13d9ac51-91bf-4c73-8824-2f58fc5b2747:c2571, 15cd3569-c751-4f18-b157-6804e7d0f08c:c2571]
2019-07-10 05:59:46,888 INFO  client.GrpcClientProtocolClient (GrpcClientProtocolClient.java:onNext(255)) - client-535162E20057->7049f9e8-7de6-4c8c-bf4c-9bb5512f4299: receive RaftClientReply:client-535162E20057->7049f9e8-7de6-4c8c-bf4c-9bb5512f4299@group-3B5DE3AEDFC2, cid=1770, SUCCESS, logIndex=2577, commits[7049f9e8-7de6-4c8c-bf4c-9bb5512f4299:c2577, 13d9ac51-91bf-4c73-8824-2f58fc5b2747:c2576, 15cd3569-c751-4f18-b157-6804e7d0f08c:c2576]
2019-07-10 05:59:46,888 INFO  client.GrpcClientProtocolClient (GrpcClientProtocolClient.java:onNext(255)) - client-535162E20057->7049f9e8-7de6-4c8c-bf4c-9bb5512f4299: receive RaftClientReply:client-535162E20057->7049f9e8-7de6-4c8c-bf4c-9bb5512f4299@group-3B5DE3AEDFC2, cid=1771, SUCCESS, logIndex=2578, commits[7049f9e8-7de6-4c8c-bf4c-9bb5512f4299:c2578, 13d9ac51-91bf-4c73-8824-2f58fc5b2747:c2576, 15cd3569-c751-4f18-b157-6804e7d0f08c:c2576]
2019-07-10 05:59:46,913 INFO  client.GrpcClientProtocolClient (GrpcClientProtocolClient.java:onNext(255)) - client-535162E20057->7049f9e8-7de6-4c8c-bf4c-9bb5512f4299: receive RaftClientReply:client-535162E20057->7049f9e8-7de6-4c8c-bf4c-9bb5512f4299@group-3B5DE3AEDFC2, cid=1772, SUCCESS, logIndex=2581, commits[7049f9e8-7de6-4c8c-bf4c-9bb5512f4299:c2582, 13d9ac51-91bf-4c73-8824-2f58fc5b2747:c2578, 15cd3569-c751-4f18-b157-6804e7d0f08c:c2577]
2019-07-10 05:59:46,913 INFO  client.GrpcClientProtocolClient (GrpcClientProtocolClient.java:onNext(255)) - client-535162E20057->7049f9e8-7de6-4c8c-bf4c-9bb5512f4299: receive RaftClientReply:client-535162E20057->7049f9e8-7de6-4c8c-bf4c-9bb5512f4299@group-3B5DE3AEDFC2, cid=1773, SUCCESS, logIndex=2582, commits[7049f9e8-7de6-4c8c-bf4c-9bb5512f4299:c2582, 13d9ac51-91bf-4c73-8824-2f58fc5b2747:c2578, 15cd3569-c751-4f18-b157-6804e7d0f08c:c2578]
2019-07-10 05:59:46,915 INFO  client.GrpcClientProtocolClient (GrpcClientProtocolClient.java:onNext(255)) - client-535162E20057->7049f9e8-7de6-4c8c-bf4c-9bb5512f4299: receive RaftClientReply:client-535162E20057->7049f9e8-7de6-4c8c-bf4c-9bb5512f4299@group-3B5DE3AEDFC2, cid=1774, SUCCESS, logIndex=0, commits[7049f9e8-7de6-4c8c-bf4c-9bb5512f4299:c2583, 13d9ac51-91bf-4c73-8824-2f58fc5b2747:c2582, 15cd3569-c751-4f18-b157-6804e7d0f08c:c2582]
2019-07-10 05:59:46,942 INFO  client.GrpcClientProtocolClient (GrpcClientProtocolClient.java:onNext(255)) - client-535162E20057->7049f9e8-7de6-4c8c-bf4c-9bb5512f4299: receive RaftClientReply:client-535162E20057->7049f9e8-7de6-4c8c-bf4c-9bb5512f4299@group-3B5DE3AEDFC2, cid=1775, SUCCESS, logIndex=2585, commits[7049f9e8-7de6-4c8c-bf4c-9bb5512f4299:c2586, 13d9ac51-91bf-4c73-8824-2f58fc5b2747:c2584, 15cd3569-c751-4f18-b157-6804e7d0f08c:c2584]
2019-07-10 05:59:46,943 INFO  client.GrpcClientProtocolClient (GrpcClientProtocolClient.java:onNext(255)) - client-535162E20057->7049f9e8-7de6-4c8c-bf4c-9bb5512f4299: receive RaftClientReply:client-535162E20057->7049f9e8-7de6-4c8c-bf4c-9bb5512f4299@group-3B5DE3AEDFC2, cid=1776, SUCCESS, logIndex=2586, commits[7049f9e8-7de6-4c8c-bf4c-9bb5512f4299:c2588, 13d9ac51-91bf-4c73-8824-2f58fc5b2747:c2584, 15cd3569-c751-4f18-b157-6804e7d0f08c:c2584]
2019-07-10 05:59:46,943 INFO  client.GrpcClientProtocolClient (GrpcClientProtocolClient.java:onNext(255)) - client-535162E20057->7049f9e8-7de6-4c8c-bf4c-9bb5512f4299: receive RaftClientReply:client-535162E20057->7049f9e8-7de6-4c8c-bf4c-9bb5512f4299@group-3B5DE3AEDFC2, cid=1777, SUCCESS, logIndex=2587, commits[7049f9e8-7de6-4c8c-bf4c-9bb5512f4299:c2588, 13d9ac51-91bf-4c73-8824-2f58fc5b2747:c2584, 15cd3569-c751-4f18-b157-6804e7d0f08c:c2584]
2019-07-10 05:59:46,943 INFO  client.GrpcClientProtocolClient (GrpcClientProtocolClient.java:onNext(255)) - client-535162E20057->7049f9e8-7de6-4c8c-bf4c-9bb5512f4299: receive RaftClientReply:client-535162E20057->7049f9e8-7de6-4c8c-bf4c-9bb5512f4299@group-3B5DE3AEDFC2, cid=1778, SUCCESS, logIndex=2588, commits[7049f9e8-7de6-4c8c-bf4c-9bb5512f4299:c2588, 13d9ac51-91bf-4c73-8824-2f58fc5b2747:c2584, 15cd3569-c751-4f18-b157-6804e7d0f08c:c2584]
2019-07-10 05:59:46,947 INFO  client.GrpcClientProtocolClient (GrpcClientProtocolClient.java:onNext(255)) - client-535162E20057->7049f9e8-7de6-4c8c-bf4c-9bb5512f4299: receive RaftClientReply:client-535162E20057->7049f9e8-7de6-4c8c-bf4c-9bb5512f4299@group-3B5DE3AEDFC2, cid=1779, SUCCESS, logIndex=0, commits[7049f9e8-7de6-4c8c-bf4c-9bb5512f4299:c2590, 13d9ac51-91bf-4c73-8824-2f58fc5b2747:c2587, 15cd3569-c751-4f18-b157-6804e7d0f08c:c2587]
2019-07-10 05:59:46,959 INFO  client.GrpcClientProtocolClient (GrpcClientProtocolClient.java:onNext(255)) - client-535162E20057->7049f9e8-7de6-4c8c-bf4c-9bb5512f4299: receive RaftClientReply:client-535162E20057->7049f9e8-7de6-4c8c-bf4c-9bb5512f4299@group-3B5DE3AEDFC2, cid=1780, SUCCESS, logIndex=2593, commits[7049f9e8-7de6-4c8c-bf4c-9bb5512f4299:c2594, 13d9ac51-91bf-4c73-8824-2f58fc5b2747:c2592, 15cd3569-c751-4f18-b157-6804e7d0f08c:c2592]
2019-07-10 05:59:46,959 INFO  client.GrpcClientProtocolClient (GrpcClientProtocolClient.java:onNext(255)) - client-535162E20057->7049f9e8-7de6-4c8c-bf4c-9bb5512f4299: receive RaftClientReply:client-535162E20057->7049f9e8-7de6-4c8c-bf4c-9bb5512f4299@group-3B5DE3AEDFC2, cid=1781, SUCCESS, logIndex=2594, commits[7049f9e8-7de6-4c8c-bf4c-9bb5512f4299:c2594, 13d9ac51-91bf-4c73-8824-2f58fc5b2747:c2592, 15cd3569-c751-4f18-b157-6804e7d0f08c:c2592]
2019-07-10 05:59:46,970 INFO  client.GrpcClientProtocolClient (GrpcClientProtocolClient.java:onNext(255)) - client-535162E20057->7049f9e8-7de6-4c8c-bf4c-9bb5512f4299: receive RaftClientReply:client-535162E20057->7049f9e8-7de6-4c8c-bf4c-9bb5512f4299@group-3B5DE3AEDFC2, cid=1782, SUCCESS, logIndex=2597, commits[7049f9e8-7de6-4c8c-bf4c-9bb5512f4299:c2598, 13d9ac51-91bf-4c73-8824-2f58fc5b2747:c2594, 15cd3569-c751-4f18-b157-6804e7d0f08c:c2596]
2019-07-10 05:59:46,970 INFO  client.GrpcClientProtocolClient (GrpcClientProtocolClient.java:onNext(255)) - client-535162E20057->7049f9e8-7de6-4c8c-bf4c-9bb5512f4299: receive RaftClientReply:client-535162E20057->7049f9e8-7de6-4c8c-bf4c-9bb5512f4299@group-3B5DE3AEDFC2, cid=1783, SUCCESS, logIndex=2598, commits[7049f9e8-7de6-4c8c-bf4c-9bb5512f4299:c2598, 13d9ac51-91bf-4c73-8824-2f58fc5b2747:c2596, 15cd3569-c751-4f18-b157-6804e7d0f08c:c2596]
2019-07-10 05:59:46,974 INFO  client.GrpcClientProtocolClient (GrpcClientProtocolClient.java:onNext(255)) - client-535162E20057->7049f9e8-7de6-4c8c-bf4c-9bb5512f4299: receive RaftClientReply:client-535162E20057->7049f9e8-7de6-4c8c-bf4c-9bb5512f4299@group-3B5DE3AEDFC2, cid=1784, SUCCESS, logIndex=0, commits[7049f9e8-7de6-4c8c-bf4c-9bb5512f4299:c2599, 13d9ac51-91bf-4c73-8824-2f58fc5b2747:c2598, 15cd3569-c751-4f18-b157-6804e7d0f08c:c2598]
2019-07-10 05:59:46,999 INFO  client.GrpcClientProtocolClient (GrpcClientProtocolClient.java:onNext(255)) - client-535162E20057->7049f9e8-7de6-4c8c-bf4c-9bb5512f4299: receive RaftClientReply:client-535162E20057->7049f9e8-7de6-4c8c-bf4c-9bb5512f4299@group-3B5DE3AEDFC2, cid=1785, SUCCESS, logIndex=2601, commits[7049f9e8-7de6-4c8c-bf4c-9bb5512f4299:c2602, 13d9ac51-91bf-4c73-8824-2f58fc5b2747:c2600, 15cd3569-c751-4f18-b157-6804e7d0f08c:c2600]
2019-07-10 05:59:47,000 INFO  client.GrpcClientProtocolClient (GrpcClientProtocolClient.java:onNext(255)) - client-535162E20057->7049f9e8-7de6-4c8c-bf4c-9bb5512f4299: receive RaftClientReply:client-535162E20057->7049f9e8-7de6-4c8c-bf4c-9bb5512f4299@group-3B5DE3AEDFC2, cid=1786, SUCCESS, logIndex=2602, commits[7049f9e8-7de6-4c8c-bf4c-9bb5512f4299:c2602, 13d9ac51-91bf-4c73-8824-2f58fc5b2747:c2600, 15cd3569-c751-4f18-b157-6804e7d0f08c:c2600]
2019-07-10 05:59:47,000 INFO  client.GrpcClientProtocolClient (GrpcClientProtocolClient.java:onNext(255)) - client-535162E20057->7049f9e8-7de6-4c8c-bf4c-9bb5512f4299: receive RaftClientReply:client-535162E20057->7049f9e8-7de6-4c8c-bf4c-9bb5512f4299@group-3B5DE3AEDFC2, cid=1787, SUCCESS, logIndex=2603, commits[7049f9e8-7de6-4c8c-bf4c-9bb5512f4299:c2604, 13d9ac51-91bf-4c73-8824-2f58fc5b2747:c2600, 15cd3569-c751-4f18-b157-6804e7d0f08c:c2600]
2019-07-10 05:59:47,000 INFO  client.GrpcClientProtocolClient (GrpcClientProtocolClient.java:onNext(255)) - client-535162E20057->7049f9e8-7de6-4c8c-bf4c-9bb5512f4299: receive RaftClientReply:client-535162E20057->7049f9e8-7de6-4c8c-bf4c-9bb5512f4299@group-3B5DE3AEDFC2, cid=1788, SUCCESS, logIndex=2604, commits[7049f9e8-7de6-4c8c-bf4c-9bb5512f4299:c2604, 13d9ac51-91bf-4c73-8824-2f58fc5b2747:c2600, 15cd3569-c751-4f18-b157-6804e7d0f08c:c2600]
2019-07-10 05:59:47,003 INFO  client.GrpcClientProtocolClient (GrpcClientProtocolClient.java:onNext(255)) - client-535162E20057->7049f9e8-7de6-4c8c-bf4c-9bb5512f4299: receive RaftClientReply:client-535162E20057->7049f9e8-7de6-4c8c-bf4c-9bb5512f4299@group-3B5DE3AEDFC2, cid=1789, SUCCESS, logIndex=0, commits[7049f9e8-7de6-4c8c-bf4c-9bb5512f4299:c2606, 13d9ac51-91bf-4c73-8824-2f58fc5b2747:c2602, 15cd3569-c751-4f18-b157-6804e7d0f08c:c2602]
2019-07-10 05:59:47,014 INFO  client.GrpcClientProtocolClient (GrpcClientProtocolClient.java:onNext(255)) - client-535162E20057->7049f9e8-7de6-4c8c-bf4c-9bb5512f4299: receive RaftClientReply:client-535162E20057->7049f9e8-7de6-4c8c-bf4c-9bb5512f4299@group-3B5DE3AEDFC2, cid=1790, SUCCESS, logIndex=2609, commits[7049f9e8-7de6-4c8c-bf4c-9bb5512f4299:c2610, 13d9ac51-91bf-4c73-8824-2f58fc5b2747:c2604, 15cd3569-c751-4f18-b157-6804e7d0f08c:c2608]
2019-07-10 05:59:47,015 INFO  client.GrpcClientProtocolClient (GrpcClientProtocolClient.java:onNext(255)) - client-535162E20057->7049f9e8-7de6-4c8c-bf4c-9bb5512f4299: receive RaftClientReply:client-535162E20057->7049f9e8-7de6-4c8c-bf4c-9bb5512f4299@group-3B5DE3AEDFC2, cid=1791, SUCCESS, logIndex=2610, commits[7049f9e8-7de6-4c8c-bf4c-9bb5512f4299:c2610, 13d9ac51-91bf-4c73-8824-2f58fc5b2747:c2608, 15cd3569-c751-4f18-b157-6804e7d0f08c:c2608]
2019-07-10 05:59:47,043 INFO  client.GrpcClientProtocolClient (GrpcClientProtocolClient.java:onNext(255)) - client-535162E20057->7049f9e8-7de6-4c8c-bf4c-9bb5512f4299: receive RaftClientReply:client-535162E20057->7049f9e8-7de6-4c8c-bf4c-9bb5512f4299@group-3B5DE3AEDFC2, cid=1792, SUCCESS, logIndex=2613, commits[7049f9e8-7de6-4c8c-bf4c-9bb5512f4299:c2614, 13d9ac51-91bf-4c73-8824-2f58fc5b2747:c2612, 15cd3569-c751-4f18-b157-6804e7d0f08c:c2612]
2019-07-10 05:59:47,043 INFO  client.GrpcClientProtocolClient (GrpcClientProtocolClient.java:onNext(255)) - client-535162E20057->7049f9e8-7de6-4c8c-bf4c-9bb5512f4299: receive RaftClientReply:client-535162E20057->7049f9e8-7de6-4c8c-bf4c-9bb5512f4299@group-3B5DE3AEDFC2, cid=1793, SUCCESS, logIndex=2614, commits[7049f9e8-7de6-4c8c-bf4c-9bb5512f4299:c2614, 13d9ac51-91bf-4c73-8824-2f58fc5b2747:c2612, 15cd3569-c751-4f18-b157-6804e7d0f08c:c2612]
2019-07-10 05:59:47,056 INFO  client.GrpcClientProtocolClient (GrpcClientProtocolClient.java:onNext(255)) - client-535162E20057->7049f9e8-7de6-4c8c-bf4c-9bb5512f4299: receive RaftClientReply:client-535162E20057->7049f9e8-7de6-4c8c-bf4c-9bb5512f4299@group-3B5DE3AEDFC2, cid=1794, SUCCESS, logIndex=0, commits[7049f9e8-7de6-4c8c-bf4c-9bb5512f4299:c2616, 13d9ac51-91bf-4c73-8824-2f58fc5b2747:c2614, 15cd3569-c751-4f18-b157-6804e7d0f08c:c2614]
2019-07-10 05:59:47,088 INFO  client.GrpcClientProtocolClient (GrpcClientProtocolClient.java:onNext(255)) - client-535162E20057->7049f9e8-7de6-4c8c-bf4c-9bb5512f4299: receive RaftClientReply:client-535162E20057->7049f9e8-7de6-4c8c-bf4c-9bb5512f4299@group-3B5DE3AEDFC2, cid=1795, SUCCESS, logIndex=2617, commits[7049f9e8-7de6-4c8c-bf4c-9bb5512f4299:c2618, 13d9ac51-91bf-4c73-8824-2f58fc5b2747:c2616, 15cd3569-c751-4f18-b157-6804e7d0f08c:c2616]
2019-07-10 05:59:47,089 INFO  client.GrpcClientProtocolClient (GrpcClientProtocolClient.java:onNext(255)) - client-535162E20057->7049f9e8-7de6-4c8c-bf4c-9bb5512f4299: receive RaftClientReply:client-535162E20057->7049f9e8-7de6-4c8c-bf4c-9bb5512f4299@group-3B5DE3AEDFC2, cid=1796, SUCCESS, logIndex=2618, commits[7049f9e8-7de6-4c8c-bf4c-9bb5512f4299:c2620, 13d9ac51-91bf-4c73-8824-2f58fc5b2747:c2616, 15cd3569-c751-4f18-b157-6804e7d0f08c:c2616]
2019-07-10 05:59:47,089 INFO  client.GrpcClientProtocolClient (GrpcClientProtocolClient.java:onNext(255)) - client-535162E20057->7049f9e8-7de6-4c8c-bf4c-9bb5512f4299: receive RaftClientReply:client-535162E20057->7049f9e8-7de6-4c8c-bf4c-9bb5512f4299@group-3B5DE3AEDFC2, cid=1797, SUCCESS, logIndex=2619, commits[7049f9e8-7de6-4c8c-bf4c-9bb5512f4299:c2620, 13d9ac51-91bf-4c73-8824-2f58fc5b2747:c2616, 15cd3569-c751-4f18-b157-6804e7d0f08c:c2616]
2019-07-10 05:59:47,089 INFO  client.GrpcClientProtocolClient (GrpcClientProtocolClient.java:onNext(255)) - client-535162E20057->7049f9e8-7de6-4c8c-bf4c-9bb5512f4299: receive RaftClientReply:client-535162E20057->7049f9e8-7de6-4c8c-bf4c-9bb5512f4299@group-3B5DE3AEDFC2, cid=1798, SUCCESS, logIndex=2620, commits[7049f9e8-7de6-4c8c-bf4c-9bb5512f4299:c2620, 13d9ac51-91bf-4c73-8824-2f58fc5b2747:c2616, 15cd3569-c751-4f18-b157-6804e7d0f08c:c2616]
2019-07-10 05:59:47,102 INFO  client.GrpcClientProtocolClient (GrpcClientProtocolClient.java:onNext(255)) - client-535162E20057->7049f9e8-7de6-4c8c-bf4c-9bb5512f4299: receive RaftClientReply:client-535162E20057->7049f9e8-7de6-4c8c-bf4c-9bb5512f4299@group-3B5DE3AEDFC2, cid=1799, SUCCESS, logIndex=0, commits[7049f9e8-7de6-4c8c-bf4c-9bb5512f4299:c2622, 13d9ac51-91bf-4c73-8824-2f58fc5b2747:c2618, 15cd3569-c751-4f18-b157-6804e7d0f08c:c2618]
2019-07-10 05:59:47,125 INFO  client.GrpcClientProtocolClient (GrpcClientProtocolClient.java:onNext(255)) - client-535162E20057->7049f9e8-7de6-4c8c-bf4c-9bb5512f4299: receive RaftClientReply:client-535162E20057->7049f9e8-7de6-4c8c-bf4c-9bb5512f4299@group-3B5DE3AEDFC2, cid=1800, SUCCESS, logIndex=2624, commits[7049f9e8-7de6-4c8c-bf4c-9bb5512f4299:c2625, 13d9ac51-91bf-4c73-8824-2f58fc5b2747:c2623, 15cd3569-c751-4f18-b157-6804e7d0f08c:c2623]
2019-07-10 05:59:47,125 INFO  client.GrpcClientProtocolClient (GrpcClientProtocolClient.java:onNext(255)) - client-535162E20057->7049f9e8-7de6-4c8c-bf4c-9bb5512f4299: receive RaftClientReply:client-535162E20057->7049f9e8-7de6-4c8c-bf4c-9bb5512f4299@group-3B5DE3AEDFC2, cid=1801, SUCCESS, logIndex=2625, commits[7049f9e8-7de6-4c8c-bf4c-9bb5512f4299:c2625, 13d9ac51-91bf-4c73-8824-2f58fc5b2747:c2623, 15cd3569-c751-4f18-b157-6804e7d0f08c:c2623]
2019-07-10 05:59:47,138 INFO  client.GrpcClientProtocolClient (GrpcClientProtocolClient.java:onNext(255)) - client-535162E20057->7049f9e8-7de6-4c8c-bf4c-9bb5512f4299: receive RaftClientReply:client-535162E20057->7049f9e8-7de6-4c8c-bf4c-9bb5512f4299@group-3B5DE3AEDFC2, cid=1802, SUCCESS, logIndex=2628, commits[7049f9e8-7de6-4c8c-bf4c-9bb5512f4299:c2629, 13d9ac51-91bf-4c73-8824-2f58fc5b2747:c2624, 15cd3569-c751-4f18-b157-6804e7d0f08c:c2625]
2019-07-10 05:59:47,138 INFO  client.GrpcClientProtocolClient (GrpcClientProtocolClient.java:onNext(255)) - client-535162E20057->7049f9e8-7de6-4c8c-bf4c-9bb5512f4299: receive RaftClientReply:client-535162E20057->7049f9e8-7de6-4c8c-bf4c-9bb5512f4299@group-3B5DE3AEDFC2, cid=1803, SUCCESS, logIndex=2629, commits[7049f9e8-7de6-4c8c-bf4c-9bb5512f4299:c2629, 13d9ac51-91bf-4c73-8824-2f58fc5b2747:c2625, 15cd3569-c751-4f18-b157-6804e7d0f08c:c2625]
2019-07-10 05:59:47,140 INFO  client.GrpcClientProtocolClient (GrpcClientProtocolClient.java:onNext(255)) - client-535162E20057->7049f9e8-7de6-4c8c-bf4c-9bb5512f4299: receive RaftClientReply:client-535162E20057->7049f9e8-7de6-4c8c-bf4c-9bb5512f4299@group-3B5DE3AEDFC2, cid=1804, SUCCESS, logIndex=0, commits[7049f9e8-7de6-4c8c-bf4c-9bb5512f4299:c2631, 13d9ac51-91bf-4c73-8824-2f58fc5b2747:c2629, 15cd3569-c751-4f18-b157-6804e7d0f08c:c2629]
 0.00% |█                                                                                                    |  0/1 Time: 0:00:122019-07-10 05:59:47,255 INFO  client.GrpcClientProtocolClient (GrpcClientProtocolClient.java:onNext(255)) - client-535162E20057->7049f9e8-7de6-4c8c-bf4c-9bb5512f4299: receive RaftClientReply:client-535162E20057->7049f9e8-7de6-4c8c-bf4c-9bb5512f4299@group-3B5DE3AEDFC2, cid=1805, SUCCESS, logIndex=2632, commits[7049f9e8-7de6-4c8c-bf4c-9bb5512f4299:c2633, 13d9ac51-91bf-4c73-8824-2f58fc5b2747:c2631, 15cd3569-c751-4f18-b157-6804e7d0f08c:c2631]
2019-07-10 05:59:47,256 INFO  client.GrpcClientProtocolClient (GrpcClientProtocolClient.java:onNext(255)) - client-535162E20057->7049f9e8-7de6-4c8c-bf4c-9bb5512f4299: receive RaftClientReply:client-535162E20057->7049f9e8-7de6-4c8c-bf4c-9bb5512f4299@group-3B5DE3AEDFC2, cid=1806, SUCCESS, logIndex=2633, commits[7049f9e8-7de6-4c8c-bf4c-9bb5512f4299:c2634, 13d9ac51-91bf-4c73-8824-2f58fc5b2747:c2631, 15cd3569-c751-4f18-b157-6804e7d0f08c:c2631]
2019-07-10 05:59:47,256 INFO  client.GrpcClientProtocolClient (GrpcClientProtocolClient.java:onNext(255)) - client-535162E20057->7049f9e8-7de6-4c8c-bf4c-9bb5512f4299: receive RaftClientReply:client-535162E20057->7049f9e8-7de6-4c8c-bf4c-9bb5512f4299@group-3B5DE3AEDFC2, cid=1807, SUCCESS, logIndex=2634, commits[7049f9e8-7de6-4c8c-bf4c-9bb5512f4299:c2635, 13d9ac51-91bf-4c73-8824-2f58fc5b2747:c2631, 15cd3569-c751-4f18-b157-6804e7d0f08c:c2631]
2019-07-10 05:59:47,256 INFO  client.GrpcClientProtocolClient (GrpcClientProtocolClient.java:onNext(255)) - client-535162E20057->7049f9e8-7de6-4c8c-bf4c-9bb5512f4299: receive RaftClientReply:client-535162E20057->7049f9e8-7de6-4c8c-bf4c-9bb5512f4299@group-3B5DE3AEDFC2, cid=1808, SUCCESS, logIndex=2635, commits[7049f9e8-7de6-4c8c-bf4c-9bb5512f4299:c2635, 13d9ac51-91bf-4c73-8824-2f58fc5b2747:c2631, 15cd3569-c751-4f18-b157-6804e7d0f08c:c2631]
2019-07-10 05:59:47,269 INFO  client.GrpcClientProtocolClient (GrpcClientProtocolClient.java:onNext(255)) - client-535162E20057->7049f9e8-7de6-4c8c-bf4c-9bb5512f4299: receive RaftClientReply:client-535162E20057->7049f9e8-7de6-4c8c-bf4c-9bb5512f4299@group-3B5DE3AEDFC2, cid=1809, SUCCESS, logIndex=0, commits[7049f9e8-7de6-4c8c-bf4c-9bb5512f4299:c2636, 13d9ac51-91bf-4c73-8824-2f58fc5b2747:c2633, 15cd3569-c751-4f18-b157-6804e7d0f08c:c2633]
2019-07-10 05:59:47,293 INFO  client.GrpcClientProtocolClient (GrpcClientProtocolClient.java:onNext(255)) - client-535162E20057->7049f9e8-7de6-4c8c-bf4c-9bb5512f4299: receive RaftClientReply:client-535162E20057->7049f9e8-7de6-4c8c-bf4c-9bb5512f4299@group-3B5DE3AEDFC2, cid=1810, SUCCESS, logIndex=2640, commits[7049f9e8-7de6-4c8c-bf4c-9bb5512f4299:c2641, 13d9ac51-91bf-4c73-8824-2f58fc5b2747:c2639, 15cd3569-c751-4f18-b157-6804e7d0f08c:c2639]
2019-07-10 05:59:47,293 INFO  client.GrpcClientProtocolClient (GrpcClientProtocolClient.java:onNext(255)) - client-535162E20057->7049f9e8-7de6-4c8c-bf4c-9bb5512f4299: receive RaftClientReply:client-535162E20057->7049f9e8-7de6-4c8c-bf4c-9bb5512f4299@group-3B5DE3AEDFC2, cid=1811, SUCCESS, logIndex=2641, commits[7049f9e8-7de6-4c8c-bf4c-9bb5512f4299:c2641, 13d9ac51-91bf-4c73-8824-2f58fc5b2747:c2639, 15cd3569-c751-4f18-b157-6804e7d0f08c:c2639]
2019-07-10 05:59:47,320 INFO  client.GrpcClientProtocolClient (GrpcClientProtocolClient.java:onNext(255)) - client-535162E20057->7049f9e8-7de6-4c8c-bf4c-9bb5512f4299: receive RaftClientReply:client-535162E20057->7049f9e8-7de6-4c8c-bf4c-9bb5512f4299@group-3B5DE3AEDFC2, cid=1812, SUCCESS, logIndex=2644, commits[7049f9e8-7de6-4c8c-bf4c-9bb5512f4299:c2645, 13d9ac51-91bf-4c73-8824-2f58fc5b2747:c2641, 15cd3569-c751-4f18-b157-6804e7d0f08c:c2641]
2019-07-10 05:59:47,321 INFO  client.GrpcClientProtocolClient (GrpcClientProtocolClient.java:onNext(255)) - client-535162E20057->7049f9e8-7de6-4c8c-bf4c-9bb5512f4299: receive RaftClientReply:client-535162E20057->7049f9e8-7de6-4c8c-bf4c-9bb5512f4299@group-3B5DE3AEDFC2, cid=1813, SUCCESS, logIndex=2645, commits[7049f9e8-7de6-4c8c-bf4c-9bb5512f4299:c2645, 13d9ac51-91bf-4c73-8824-2f58fc5b2747:c2641, 15cd3569-c751-4f18-b157-6804e7d0f08c:c2641]
2019-07-10 05:59:47,332 INFO  client.GrpcClientProtocolClient (GrpcClientProtocolClient.java:onNext(255)) - client-535162E20057->7049f9e8-7de6-4c8c-bf4c-9bb5512f4299: receive RaftClientReply:client-535162E20057->7049f9e8-7de6-4c8c-bf4c-9bb5512f4299@group-3B5DE3AEDFC2, cid=1814, SUCCESS, logIndex=0, commits[7049f9e8-7de6-4c8c-bf4c-9bb5512f4299:c2646, 13d9ac51-91bf-4c73-8824-2f58fc5b2747:c2645, 15cd3569-c751-4f18-b157-6804e7d0f08c:c2645]
2019-07-10 05:59:47,375 INFO  client.GrpcClientProtocolClient (GrpcClientProtocolClient.java:onNext(255)) - client-535162E20057->7049f9e8-7de6-4c8c-bf4c-9bb5512f4299: receive RaftClientReply:client-535162E20057->7049f9e8-7de6-4c8c-bf4c-9bb5512f4299@group-3B5DE3AEDFC2, cid=1815, SUCCESS, logIndex=2648, commits[7049f9e8-7de6-4c8c-bf4c-9bb5512f4299:c2649, 13d9ac51-91bf-4c73-8824-2f58fc5b2747:c2647, 15cd3569-c751-4f18-b157-6804e7d0f08c:c2647]
2019-07-10 05:59:47,375 INFO  client.GrpcClientProtocolClient (GrpcClientProtocolClient.java:onNext(255)) - client-535162E20057->7049f9e8-7de6-4c8c-bf4c-9bb5512f4299: receive RaftClientReply:client-535162E20057->7049f9e8-7de6-4c8c-bf4c-9bb5512f4299@group-3B5DE3AEDFC2, cid=1816, SUCCESS, logIndex=2649, commits[7049f9e8-7de6-4c8c-bf4c-9bb5512f4299:c2649, 13d9ac51-91bf-4c73-8824-2f58fc5b2747:c2647, 15cd3569-c751-4f18-b157-6804e7d0f08c:c2647]
2019-07-10 05:59:47,376 INFO  client.GrpcClientProtocolClient (GrpcClientProtocolClient.java:onNext(255)) - client-535162E20057->7049f9e8-7de6-4c8c-bf4c-9bb5512f4299: receive RaftClientReply:client-535162E20057->7049f9e8-7de6-4c8c-bf4c-9bb5512f4299@group-3B5DE3AEDFC2, cid=1817, SUCCESS, logIndex=2650, commits[7049f9e8-7de6-4c8c-bf4c-9bb5512f4299:c2651, 13d9ac51-91bf-4c73-8824-2f58fc5b2747:c2647, 15cd3569-c751-4f18-b157-6804e7d0f08c:c2647]
2019-07-10 05:59:47,376 INFO  client.GrpcClientProtocolClient (GrpcClientProtocolClient.java:onNext(255)) - client-535162E20057->7049f9e8-7de6-4c8c-bf4c-9bb5512f4299: receive RaftClientReply:client-535162E20057->7049f9e8-7de6-4c8c-bf4c-9bb5512f4299@group-3B5DE3AEDFC2, cid=1818, SUCCESS, logIndex=2651, commits[7049f9e8-7de6-4c8c-bf4c-9bb5512f4299:c2651, 13d9ac51-91bf-4c73-8824-2f58fc5b2747:c2647, 15cd3569-c751-4f18-b157-6804e7d0f08c:c2647]
2019-07-10 05:59:47,388 INFO  client.GrpcClientProtocolClient (GrpcClientProtocolClient.java:onNext(255)) - client-535162E20057->7049f9e8-7de6-4c8c-bf4c-9bb5512f4299: receive RaftClientReply:client-535162E20057->7049f9e8-7de6-4c8c-bf4c-9bb5512f4299@group-3B5DE3AEDFC2, cid=1819, SUCCESS, logIndex=0, commits[7049f9e8-7de6-4c8c-bf4c-9bb5512f4299:c2653, 13d9ac51-91bf-4c73-8824-2f58fc5b2747:c2649, 15cd3569-c751-4f18-b157-6804e7d0f08c:c2649]
2019-07-10 05:59:47,412 INFO  client.GrpcClientProtocolClient (GrpcClientProtocolClient.java:onNext(255)) - client-535162E20057->7049f9e8-7de6-4c8c-bf4c-9bb5512f4299: receive RaftClientReply:client-535162E20057->7049f9e8-7de6-4c8c-bf4c-9bb5512f4299@group-3B5DE3AEDFC2, cid=1820, SUCCESS, logIndex=2656, commits[7049f9e8-7de6-4c8c-bf4c-9bb5512f4299:c2656, 13d9ac51-91bf-4c73-8824-2f58fc5b2747:c2655, 15cd3569-c751-4f18-b157-6804e7d0f08c:c2655]
2019-07-10 05:59:47,413 INFO  client.GrpcClientProtocolClient (GrpcClientProtocolClient.java:onNext(255)) - client-535162E20057->7049f9e8-7de6-4c8c-bf4c-9bb5512f4299: receive RaftClientReply:client-535162E20057->7049f9e8-7de6-4c8c-bf4c-9bb5512f4299@group-3B5DE3AEDFC2, cid=1821, SUCCESS, logIndex=2657, commits[7049f9e8-7de6-4c8c-bf4c-9bb5512f4299:c2657, 13d9ac51-91bf-4c73-8824-2f58fc5b2747:c2655, 15cd3569-c751-4f18-b157-6804e7d0f08c:c2655]
2019-07-10 05:59:47,438 INFO  client.GrpcClientProtocolClient (GrpcClientProtocolClient.java:onNext(255)) - client-535162E20057->7049f9e8-7de6-4c8c-bf4c-9bb5512f4299: receive RaftClientReply:client-535162E20057->7049f9e8-7de6-4c8c-bf4c-9bb5512f4299@group-3B5DE3AEDFC2, cid=1822, SUCCESS, logIndex=2660, commits[7049f9e8-7de6-4c8c-bf4c-9bb5512f4299:c2661, 13d9ac51-91bf-4c73-8824-2f58fc5b2747:c2657, 15cd3569-c751-4f18-b157-6804e7d0f08c:c2657]
2019-07-10 05:59:47,439 INFO  client.GrpcClientProtocolClient (GrpcClientProtocolClient.java:onNext(255)) - client-535162E20057->7049f9e8-7de6-4c8c-bf4c-9bb5512f4299: receive RaftClientReply:client-535162E20057->7049f9e8-7de6-4c8c-bf4c-9bb5512f4299@group-3B5DE3AEDFC2, cid=1823, SUCCESS, logIndex=2661, commits[7049f9e8-7de6-4c8c-bf4c-9bb5512f4299:c2661, 13d9ac51-91bf-4c73-8824-2f58fc5b2747:c2657, 15cd3569-c751-4f18-b157-6804e7d0f08c:c2657]
2019-07-10 05:59:47,450 INFO  client.GrpcClientProtocolClient (GrpcClientProtocolClient.java:onNext(255)) - client-535162E20057->7049f9e8-7de6-4c8c-bf4c-9bb5512f4299: receive RaftClientReply:client-535162E20057->7049f9e8-7de6-4c8c-bf4c-9bb5512f4299@group-3B5DE3AEDFC2, cid=1824, SUCCESS, logIndex=0, commits[7049f9e8-7de6-4c8c-bf4c-9bb5512f4299:c2662, 13d9ac51-91bf-4c73-8824-2f58fc5b2747:c2661, 15cd3569-c751-4f18-b157-6804e7d0f08c:c2661]
2019-07-10 05:59:47,480 INFO  client.GrpcClientProtocolClient (GrpcClientProtocolClient.java:onNext(255)) - client-535162E20057->7049f9e8-7de6-4c8c-bf4c-9bb5512f4299: receive RaftClientReply:client-535162E20057->7049f9e8-7de6-4c8c-bf4c-9bb5512f4299@group-3B5DE3AEDFC2, cid=1825, SUCCESS, logIndex=2664, commits[7049f9e8-7de6-4c8c-bf4c-9bb5512f4299:c2666, 13d9ac51-91bf-4c73-8824-2f58fc5b2747:c2663, 15cd3569-c751-4f18-b157-6804e7d0f08c:c2663]
2019-07-10 05:59:47,481 INFO  client.GrpcClientProtocolClient (GrpcClientProtocolClient.java:onNext(255)) - client-535162E20057->7049f9e8-7de6-4c8c-bf4c-9bb5512f4299: receive RaftClientReply:client-535162E20057->7049f9e8-7de6-4c8c-bf4c-9bb5512f4299@group-3B5DE3AEDFC2, cid=1826, SUCCESS, logIndex=2665, commits[7049f9e8-7de6-4c8c-bf4c-9bb5512f4299:c2667, 13d9ac51-91bf-4c73-8824-2f58fc5b2747:c2663, 15cd3569-c751-4f18-b157-6804e7d0f08c:c2663]
2019-07-10 05:59:47,481 INFO  client.GrpcClientProtocolClient (GrpcClientProtocolClient.java:onNext(255)) - client-535162E20057->7049f9e8-7de6-4c8c-bf4c-9bb5512f4299: receive RaftClientReply:client-535162E20057->7049f9e8-7de6-4c8c-bf4c-9bb5512f4299@group-3B5DE3AEDFC2, cid=1827, SUCCESS, logIndex=2666, commits[7049f9e8-7de6-4c8c-bf4c-9bb5512f4299:c2667, 13d9ac51-91bf-4c73-8824-2f58fc5b2747:c2663, 15cd3569-c751-4f18-b157-6804e7d0f08c:c2663]
2019-07-10 05:59:47,481 INFO  client.GrpcClientProtocolClient (GrpcClientProtocolClient.java:onNext(255)) - client-535162E20057->7049f9e8-7de6-4c8c-bf4c-9bb5512f4299: receive RaftClientReply:client-535162E20057->7049f9e8-7de6-4c8c-bf4c-9bb5512f4299@group-3B5DE3AEDFC2, cid=1828, SUCCESS, logIndex=2667, commits[7049f9e8-7de6-4c8c-bf4c-9bb5512f4299:c2667, 13d9ac51-91bf-4c73-8824-2f58fc5b2747:c2663, 15cd3569-c751-4f18-b157-6804e7d0f08c:c2663]
2019-07-10 05:59:47,495 INFO  client.GrpcClientProtocolClient (GrpcClientProtocolClient.java:onNext(255)) - client-535162E20057->7049f9e8-7de6-4c8c-bf4c-9bb5512f4299: receive RaftClientReply:client-535162E20057->7049f9e8-7de6-4c8c-bf4c-9bb5512f4299@group-3B5DE3AEDFC2, cid=1829, SUCCESS, logIndex=0, commits[7049f9e8-7de6-4c8c-bf4c-9bb5512f4299:c2671, 13d9ac51-91bf-4c73-8824-2f58fc5b2747:c2665, 15cd3569-c751-4f18-b157-6804e7d0f08c:c2667]
2019-07-10 05:59:47,517 INFO  client.GrpcClientProtocolClient (GrpcClientProtocolClient.java:onNext(255)) - client-535162E20057->7049f9e8-7de6-4c8c-bf4c-9bb5512f4299: receive RaftClientReply:client-535162E20057->7049f9e8-7de6-4c8c-bf4c-9bb5512f4299@group-3B5DE3AEDFC2, cid=1830, SUCCESS, logIndex=2672, commits[7049f9e8-7de6-4c8c-bf4c-9bb5512f4299:c2673, 13d9ac51-91bf-4c73-8824-2f58fc5b2747:c2671, 15cd3569-c751-4f18-b157-6804e7d0f08c:c2671]
2019-07-10 05:59:47,517 INFO  client.GrpcClientProtocolClient (GrpcClientProtocolClient.java:onNext(255)) - client-535162E20057->7049f9e8-7de6-4c8c-bf4c-9bb5512f4299: receive RaftClientReply:client-535162E20057->7049f9e8-7de6-4c8c-bf4c-9bb5512f4299@group-3B5DE3AEDFC2, cid=1831, SUCCESS, logIndex=2673, commits[7049f9e8-7de6-4c8c-bf4c-9bb5512f4299:c2673, 13d9ac51-91bf-4c73-8824-2f58fc5b2747:c2671, 15cd3569-c751-4f18-b157-6804e7d0f08c:c2671]
2019-07-10 05:59:47,543 INFO  client.GrpcClientProtocolClient (GrpcClientProtocolClient.java:onNext(255)) - client-535162E20057->7049f9e8-7de6-4c8c-bf4c-9bb5512f4299: receive RaftClientReply:client-535162E20057->7049f9e8-7de6-4c8c-bf4c-9bb5512f4299@group-3B5DE3AEDFC2, cid=1832, SUCCESS, logIndex=2676, commits[7049f9e8-7de6-4c8c-bf4c-9bb5512f4299:c2676, 13d9ac51-91bf-4c73-8824-2f58fc5b2747:c2675, 15cd3569-c751-4f18-b157-6804e7d0f08c:c2675]
2019-07-10 05:59:47,544 INFO  client.GrpcClientProtocolClient (GrpcClientProtocolClient.java:onNext(255)) - client-535162E20057->7049f9e8-7de6-4c8c-bf4c-9bb5512f4299: receive RaftClientReply:client-535162E20057->7049f9e8-7de6-4c8c-bf4c-9bb5512f4299@group-3B5DE3AEDFC2, cid=1833, SUCCESS, logIndex=2677, commits[7049f9e8-7de6-4c8c-bf4c-9bb5512f4299:c2677, 13d9ac51-91bf-4c73-8824-2f58fc5b2747:c2675, 15cd3569-c751-4f18-b157-6804e7d0f08c:c2675]
2019-07-10 05:59:47,557 INFO  client.GrpcClientProtocolClient (GrpcClientProtocolClient.java:onNext(255)) - client-535162E20057->7049f9e8-7de6-4c8c-bf4c-9bb5512f4299: receive RaftClientReply:client-535162E20057->7049f9e8-7de6-4c8c-bf4c-9bb5512f4299@group-3B5DE3AEDFC2, cid=1834, SUCCESS, logIndex=0, commits[7049f9e8-7de6-4c8c-bf4c-9bb5512f4299:c2679, 13d9ac51-91bf-4c73-8824-2f58fc5b2747:c2677, 15cd3569-c751-4f18-b157-6804e7d0f08c:c2677]
2019-07-10 05:59:47,586 INFO  client.GrpcClientProtocolClient (GrpcClientProtocolClient.java:onNext(255)) - client-535162E20057->7049f9e8-7de6-4c8c-bf4c-9bb5512f4299: receive RaftClientReply:client-535162E20057->7049f9e8-7de6-4c8c-bf4c-9bb5512f4299@group-3B5DE3AEDFC2, cid=1835, SUCCESS, logIndex=2680, commits[7049f9e8-7de6-4c8c-bf4c-9bb5512f4299:c2681, 13d9ac51-91bf-4c73-8824-2f58fc5b2747:c2679, 15cd3569-c751-4f18-b157-6804e7d0f08c:c2679]
2019-07-10 05:59:47,587 INFO  client.GrpcClientProtocolClient (GrpcClientProtocolClient.java:onNext(255)) - client-535162E20057->7049f9e8-7de6-4c8c-bf4c-9bb5512f4299: receive RaftClientReply:client-535162E20057->7049f9e8-7de6-4c8c-bf4c-9bb5512f4299@group-3B5DE3AEDFC2, cid=1836, SUCCESS, logIndex=2681, commits[7049f9e8-7de6-4c8c-bf4c-9bb5512f4299:c2681, 13d9ac51-91bf-4c73-8824-2f58fc5b2747:c2679, 15cd3569-c751-4f18-b157-6804e7d0f08c:c2679]
2019-07-10 05:59:47,587 INFO  client.GrpcClientProtocolClient (GrpcClientProtocolClient.java:onNext(255)) - client-535162E20057->7049f9e8-7de6-4c8c-bf4c-9bb5512f4299: receive RaftClientReply:client-535162E20057->7049f9e8-7de6-4c8c-bf4c-9bb5512f4299@group-3B5DE3AEDFC2, cid=1837, SUCCESS, logIndex=2682, commits[7049f9e8-7de6-4c8c-bf4c-9bb5512f4299:c2683, 13d9ac51-91bf-4c73-8824-2f58fc5b2747:c2679, 15cd3569-c751-4f18-b157-6804e7d0f08c:c2679]
2019-07-10 05:59:47,587 INFO  client.GrpcClientProtocolClient (GrpcClientProtocolClient.java:onNext(255)) - client-535162E20057->7049f9e8-7de6-4c8c-bf4c-9bb5512f4299: receive RaftClientReply:client-535162E20057->7049f9e8-7de6-4c8c-bf4c-9bb5512f4299@group-3B5DE3AEDFC2, cid=1838, SUCCESS, logIndex=2683, commits[7049f9e8-7de6-4c8c-bf4c-9bb5512f4299:c2683, 13d9ac51-91bf-4c73-8824-2f58fc5b2747:c2679, 15cd3569-c751-4f18-b157-6804e7d0f08c:c2679]
2019-07-10 05:59:47,601 INFO  client.GrpcClientProtocolClient (GrpcClientProtocolClient.java:onNext(255)) - client-535162E20057->7049f9e8-7de6-4c8c-bf4c-9bb5512f4299: receive RaftClientReply:client-535162E20057->7049f9e8-7de6-4c8c-bf4c-9bb5512f4299@group-3B5DE3AEDFC2, cid=1839, SUCCESS, logIndex=0, commits[7049f9e8-7de6-4c8c-bf4c-9bb5512f4299:c2685, 13d9ac51-91bf-4c73-8824-2f58fc5b2747:c2681, 15cd3569-c751-4f18-b157-6804e7d0f08c:c2681]
2019-07-10 05:59:47,622 INFO  client.GrpcClientProtocolClient (GrpcClientProtocolClient.java:onNext(255)) - client-535162E20057->7049f9e8-7de6-4c8c-bf4c-9bb5512f4299: receive RaftClientReply:client-535162E20057->7049f9e8-7de6-4c8c-bf4c-9bb5512f4299@group-3B5DE3AEDFC2, cid=1840, SUCCESS, logIndex=2688, commits[7049f9e8-7de6-4c8c-bf4c-9bb5512f4299:c2689, 13d9ac51-91bf-4c73-8824-2f58fc5b2747:c2687, 15cd3569-c751-4f18-b157-6804e7d0f08c:c2687]
2019-07-10 05:59:47,622 INFO  client.GrpcClientProtocolClient (GrpcClientProtocolClient.java:onNext(255)) - client-535162E20057->7049f9e8-7de6-4c8c-bf4c-9bb5512f4299: receive RaftClientReply:client-535162E20057->7049f9e8-7de6-4c8c-bf4c-9bb5512f4299@group-3B5DE3AEDFC2, cid=1841, SUCCESS, logIndex=2689, commits[7049f9e8-7de6-4c8c-bf4c-9bb5512f4299:c2689, 13d9ac51-91bf-4c73-8824-2f58fc5b2747:c2687, 15cd3569-c751-4f18-b157-6804e7d0f08c:c2687]
2019-07-10 05:59:47,635 INFO  client.GrpcClientProtocolClient (GrpcClientProtocolClient.java:onNext(255)) - client-535162E20057->7049f9e8-7de6-4c8c-bf4c-9bb5512f4299: receive RaftClientReply:client-535162E20057->7049f9e8-7de6-4c8c-bf4c-9bb5512f4299@group-3B5DE3AEDFC2, cid=1842, SUCCESS, logIndex=2692, commits[7049f9e8-7de6-4c8c-bf4c-9bb5512f4299:c2693, 13d9ac51-91bf-4c73-8824-2f58fc5b2747:c2689, 15cd3569-c751-4f18-b157-6804e7d0f08c:c2689]
2019-07-10 05:59:47,636 INFO  client.GrpcClientProtocolClient (GrpcClientProtocolClient.java:onNext(255)) - client-535162E20057->7049f9e8-7de6-4c8c-bf4c-9bb5512f4299: receive RaftClientReply:client-535162E20057->7049f9e8-7de6-4c8c-bf4c-9bb5512f4299@group-3B5DE3AEDFC2, cid=1843, SUCCESS, logIndex=2693, commits[7049f9e8-7de6-4c8c-bf4c-9bb5512f4299:c2693, 13d9ac51-91bf-4c73-8824-2f58fc5b2747:c2689, 15cd3569-c751-4f18-b157-6804e7d0f08c:c2689]
2019-07-10 05:59:47,650 INFO  client.GrpcClientProtocolClient (GrpcClientProtocolClient.java:onNext(255)) - client-535162E20057->7049f9e8-7de6-4c8c-bf4c-9bb5512f4299: receive RaftClientReply:client-535162E20057->7049f9e8-7de6-4c8c-bf4c-9bb5512f4299@group-3B5DE3AEDFC2, cid=1844, SUCCESS, logIndex=0, commits[7049f9e8-7de6-4c8c-bf4c-9bb5512f4299:c2695, 13d9ac51-91bf-4c73-8824-2f58fc5b2747:c2693, 15cd3569-c751-4f18-b157-6804e7d0f08c:c2693]
2019-07-10 05:59:47,679 INFO  client.GrpcClientProtocolClient (GrpcClientProtocolClient.java:onNext(255)) - client-535162E20057->7049f9e8-7de6-4c8c-bf4c-9bb5512f4299: receive RaftClientReply:client-535162E20057->7049f9e8-7de6-4c8c-bf4c-9bb5512f4299@group-3B5DE3AEDFC2, cid=1845, SUCCESS, logIndex=2696, commits[7049f9e8-7de6-4c8c-bf4c-9bb5512f4299:c2697, 13d9ac51-91bf-4c73-8824-2f58fc5b2747:c2695, 15cd3569-c751-4f18-b157-6804e7d0f08c:c2695]
2019-07-10 05:59:47,680 INFO  client.GrpcClientProtocolClient (GrpcClientProtocolClient.java:onNext(255)) - client-535162E20057->7049f9e8-7de6-4c8c-bf4c-9bb5512f4299: receive RaftClientReply:client-535162E20057->7049f9e8-7de6-4c8c-bf4c-9bb5512f4299@group-3B5DE3AEDFC2, cid=1846, SUCCESS, logIndex=2697, commits[7049f9e8-7de6-4c8c-bf4c-9bb5512f4299:c2697, 13d9ac51-91bf-4c73-8824-2f58fc5b2747:c2695, 15cd3569-c751-4f18-b157-6804e7d0f08c:c2695]
2019-07-10 05:59:47,680 INFO  client.GrpcClientProtocolClient (GrpcClientProtocolClient.java:onNext(255)) - client-535162E20057->7049f9e8-7de6-4c8c-bf4c-9bb5512f4299: receive RaftClientReply:client-535162E20057->7049f9e8-7de6-4c8c-bf4c-9bb5512f4299@group-3B5DE3AEDFC2, cid=1847, SUCCESS, logIndex=2698, commits[7049f9e8-7de6-4c8c-bf4c-9bb5512f4299:c2699, 13d9ac51-91bf-4c73-8824-2f58fc5b2747:c2695, 15cd3569-c751-4f18-b157-6804e7d0f08c:c2695]
2019-07-10 05:59:47,681 INFO  client.GrpcClientProtocolClient (GrpcClientProtocolClient.java:onNext(255)) - client-535162E20057->7049f9e8-7de6-4c8c-bf4c-9bb5512f4299: receive RaftClientReply:client-535162E20057->7049f9e8-7de6-4c8c-bf4c-9bb5512f4299@group-3B5DE3AEDFC2, cid=1848, SUCCESS, logIndex=2699, commits[7049f9e8-7de6-4c8c-bf4c-9bb5512f4299:c2699, 13d9ac51-91bf-4c73-8824-2f58fc5b2747:c2695, 15cd3569-c751-4f18-b157-6804e7d0f08c:c2695]
2019-07-10 05:59:47,694 INFO  client.GrpcClientProtocolClient (GrpcClientProtocolClient.java:onNext(255)) - client-535162E20057->7049f9e8-7de6-4c8c-bf4c-9bb5512f4299: receive RaftClientReply:client-535162E20057->7049f9e8-7de6-4c8c-bf4c-9bb5512f4299@group-3B5DE3AEDFC2, cid=1849, SUCCESS, logIndex=0, commits[7049f9e8-7de6-4c8c-bf4c-9bb5512f4299:c2701, 13d9ac51-91bf-4c73-8824-2f58fc5b2747:c2697, 15cd3569-c751-4f18-b157-6804e7d0f08c:c2697]
2019-07-10 05:59:47,713 INFO  client.GrpcClientProtocolClient (GrpcClientProtocolClient.java:onNext(255)) - client-535162E20057->7049f9e8-7de6-4c8c-bf4c-9bb5512f4299: receive RaftClientReply:client-535162E20057->7049f9e8-7de6-4c8c-bf4c-9bb5512f4299@group-3B5DE3AEDFC2, cid=1850, SUCCESS, logIndex=2704, commits[7049f9e8-7de6-4c8c-bf4c-9bb5512f4299:c2705, 13d9ac51-91bf-4c73-8824-2f58fc5b2747:c2703, 15cd3569-c751-4f18-b157-6804e7d0f08c:c2703]
2019-07-10 05:59:47,714 INFO  client.GrpcClientProtocolClient (GrpcClientProtocolClient.java:onNext(255)) - client-535162E20057->7049f9e8-7de6-4c8c-bf4c-9bb5512f4299: receive RaftClientReply:client-535162E20057->7049f9e8-7de6-4c8c-bf4c-9bb5512f4299@group-3B5DE3AEDFC2, cid=1851, SUCCESS, logIndex=2705, commits[7049f9e8-7de6-4c8c-bf4c-9bb5512f4299:c2705, 13d9ac51-91bf-4c73-8824-2f58fc5b2747:c2703, 15cd3569-c751-4f18-b157-6804e7d0f08c:c2703]
2019-07-10 05:59:47,728 INFO  client.GrpcClientProtocolClient (GrpcClientProtocolClient.java:onNext(255)) - client-535162E20057->7049f9e8-7de6-4c8c-bf4c-9bb5512f4299: receive RaftClientReply:client-535162E20057->7049f9e8-7de6-4c8c-bf4c-9bb5512f4299@group-3B5DE3AEDFC2, cid=1852, SUCCESS, logIndex=2708, commits[7049f9e8-7de6-4c8c-bf4c-9bb5512f4299:c2709, 13d9ac51-91bf-4c73-8824-2f58fc5b2747:c2704, 15cd3569-c751-4f18-b157-6804e7d0f08c:c2705]
2019-07-10 05:59:47,729 INFO  client.GrpcClientProtocolClient (GrpcClientProtocolClient.java:onNext(255)) - client-535162E20057->7049f9e8-7de6-4c8c-bf4c-9bb5512f4299: receive RaftClientReply:client-535162E20057->7049f9e8-7de6-4c8c-bf4c-9bb5512f4299@group-3B5DE3AEDFC2, cid=1853, SUCCESS, logIndex=2709, commits[7049f9e8-7de6-4c8c-bf4c-9bb5512f4299:c2709, 13d9ac51-91bf-4c73-8824-2f58fc5b2747:c2705, 15cd3569-c751-4f18-b157-6804e7d0f08c:c2705]
2019-07-10 05:59:47,732 INFO  client.GrpcClientProtocolClient (GrpcClientProtocolClient.java:onNext(255)) - client-535162E20057->7049f9e8-7de6-4c8c-bf4c-9bb5512f4299: receive RaftClientReply:client-535162E20057->7049f9e8-7de6-4c8c-bf4c-9bb5512f4299@group-3B5DE3AEDFC2, cid=1854, SUCCESS, logIndex=0, commits[7049f9e8-7de6-4c8c-bf4c-9bb5512f4299:c2710, 13d9ac51-91bf-4c73-8824-2f58fc5b2747:c2709, 15cd3569-c751-4f18-b157-6804e7d0f08c:c2709]
2019-07-10 05:59:47,753 INFO  client.GrpcClientProtocolClient (GrpcClientProtocolClient.java:onNext(255)) - client-535162E20057->7049f9e8-7de6-4c8c-bf4c-9bb5512f4299: receive RaftClientReply:client-535162E20057->7049f9e8-7de6-4c8c-bf4c-9bb5512f4299@group-3B5DE3AEDFC2, cid=1855, SUCCESS, logIndex=2712, commits[7049f9e8-7de6-4c8c-bf4c-9bb5512f4299:c2715, 13d9ac51-91bf-4c73-8824-2f58fc5b2747:c2709, 15cd3569-c751-4f18-b157-6804e7d0f08c:c2711]
2019-07-10 05:59:47,753 INFO  client.GrpcClientProtocolClient (GrpcClientProtocolClient.java:onNext(255)) - client-535162E20057->7049f9e8-7de6-4c8c-bf4c-9bb5512f4299: receive RaftClientReply:client-535162E20057->7049f9e8-7de6-4c8c-bf4c-9bb5512f4299@group-3B5DE3AEDFC2, cid=1856, SUCCESS, logIndex=2713, commits[7049f9e8-7de6-4c8c-bf4c-9bb5512f4299:c2715, 13d9ac51-91bf-4c73-8824-2f58fc5b2747:c2711, 15cd3569-c751-4f18-b157-6804e7d0f08c:c2711]
2019-07-10 05:59:47,754 INFO  client.GrpcClientProtocolClient (GrpcClientProtocolClient.java:onNext(255)) - client-535162E20057->7049f9e8-7de6-4c8c-bf4c-9bb5512f4299: receive RaftClientReply:client-535162E20057->7049f9e8-7de6-4c8c-bf4c-9bb5512f4299@group-3B5DE3AEDFC2, cid=1857, SUCCESS, logIndex=2714, commits[7049f9e8-7de6-4c8c-bf4c-9bb5512f4299:c2715, 13d9ac51-91bf-4c73-8824-2f58fc5b2747:c2711, 15cd3569-c751-4f18-b157-6804e7d0f08c:c2711]
2019-07-10 05:59:47,754 INFO  client.GrpcClientProtocolClient (GrpcClientProtocolClient.java:onNext(255)) - client-535162E20057->7049f9e8-7de6-4c8c-bf4c-9bb5512f4299: receive RaftClientReply:client-535162E20057->7049f9e8-7de6-4c8c-bf4c-9bb5512f4299@group-3B5DE3AEDFC2, cid=1858, SUCCESS, logIndex=2715, commits[7049f9e8-7de6-4c8c-bf4c-9bb5512f4299:c2716, 13d9ac51-91bf-4c73-8824-2f58fc5b2747:c2711, 15cd3569-c751-4f18-b157-6804e7d0f08c:c2714]
2019-07-10 05:59:47,755 INFO  client.GrpcClientProtocolClient (GrpcClientProtocolClient.java:onNext(255)) - client-535162E20057->7049f9e8-7de6-4c8c-bf4c-9bb5512f4299: receive RaftClientReply:client-535162E20057->7049f9e8-7de6-4c8c-bf4c-9bb5512f4299@group-3B5DE3AEDFC2, cid=1859, SUCCESS, logIndex=0, commits[7049f9e8-7de6-4c8c-bf4c-9bb5512f4299:c2716, 13d9ac51-91bf-4c73-8824-2f58fc5b2747:c2714, 15cd3569-c751-4f18-b157-6804e7d0f08c:c2714]
2019-07-10 05:59:47,766 INFO  client.GrpcClientProtocolClient (GrpcClientProtocolClient.java:onNext(255)) - client-535162E20057->7049f9e8-7de6-4c8c-bf4c-9bb5512f4299: receive RaftClientReply:client-535162E20057->7049f9e8-7de6-4c8c-bf4c-9bb5512f4299@group-3B5DE3AEDFC2, cid=1860, SUCCESS, logIndex=2719, commits[7049f9e8-7de6-4c8c-bf4c-9bb5512f4299:c2720, 13d9ac51-91bf-4c73-8824-2f58fc5b2747:c2715, 15cd3569-c751-4f18-b157-6804e7d0f08c:c2718]
2019-07-10 05:59:47,766 INFO  client.GrpcClientProtocolClient (GrpcClientProtocolClient.java:onNext(255)) - client-535162E20057->7049f9e8-7de6-4c8c-bf4c-9bb5512f4299: receive RaftClientReply:client-535162E20057->7049f9e8-7de6-4c8c-bf4c-9bb5512f4299@group-3B5DE3AEDFC2, cid=1861, SUCCESS, logIndex=2720, commits[7049f9e8-7de6-4c8c-bf4c-9bb5512f4299:c2720, 13d9ac51-91bf-4c73-8824-2f58fc5b2747:c2718, 15cd3569-c751-4f18-b157-6804e7d0f08c:c2718]
2019-07-10 05:59:47,794 INFO  client.GrpcClientProtocolClient (GrpcClientProtocolClient.java:onNext(255)) - client-535162E20057->7049f9e8-7de6-4c8c-bf4c-9bb5512f4299: receive RaftClientReply:client-535162E20057->7049f9e8-7de6-4c8c-bf4c-9bb5512f4299@group-3B5DE3AEDFC2, cid=1862, SUCCESS, logIndex=2723, commits[7049f9e8-7de6-4c8c-bf4c-9bb5512f4299:c2724, 13d9ac51-91bf-4c73-8824-2f58fc5b2747:c2722, 15cd3569-c751-4f18-b157-6804e7d0f08c:c2722]
2019-07-10 05:59:47,794 INFO  client.GrpcClientProtocolClient (GrpcClientProtocolClient.java:onNext(255)) - client-535162E20057->7049f9e8-7de6-4c8c-bf4c-9bb5512f4299: receive RaftClientReply:client-535162E20057->7049f9e8-7de6-4c8c-bf4c-9bb5512f4299@group-3B5DE3AEDFC2, cid=1863, SUCCESS, logIndex=2724, commits[7049f9e8-7de6-4c8c-bf4c-9bb5512f4299:c2724, 13d9ac51-91bf-4c73-8824-2f58fc5b2747:c2722, 15cd3569-c751-4f18-b157-6804e7d0f08c:c2722]
2019-07-10 05:59:47,807 INFO  client.GrpcClientProtocolClient (GrpcClientProtocolClient.java:onNext(255)) - client-535162E20057->7049f9e8-7de6-4c8c-bf4c-9bb5512f4299: receive RaftClientReply:client-535162E20057->7049f9e8-7de6-4c8c-bf4c-9bb5512f4299@group-3B5DE3AEDFC2, cid=1864, SUCCESS, logIndex=0, commits[7049f9e8-7de6-4c8c-bf4c-9bb5512f4299:c2725, 13d9ac51-91bf-4c73-8824-2f58fc5b2747:c2724, 15cd3569-c751-4f18-b157-6804e7d0f08c:c2724]
2019-07-10 05:59:47,838 INFO  client.GrpcClientProtocolClient (GrpcClientProtocolClient.java:onNext(255)) - client-535162E20057->7049f9e8-7de6-4c8c-bf4c-9bb5512f4299: receive RaftClientReply:client-535162E20057->7049f9e8-7de6-4c8c-bf4c-9bb5512f4299@group-3B5DE3AEDFC2, cid=1865, SUCCESS, logIndex=2727, commits[7049f9e8-7de6-4c8c-bf4c-9bb5512f4299:c2728, 13d9ac51-91bf-4c73-8824-2f58fc5b2747:c2726, 15cd3569-c751-4f18-b157-6804e7d0f08c:c2726]
2019-07-10 05:59:47,839 INFO  client.GrpcClientProtocolClient (GrpcClientProtocolClient.java:onNext(255)) - client-535162E20057->7049f9e8-7de6-4c8c-bf4c-9bb5512f4299: receive RaftClientReply:client-535162E20057->7049f9e8-7de6-4c8c-bf4c-9bb5512f4299@group-3B5DE3AEDFC2, cid=1866, SUCCESS, logIndex=2728, commits[7049f9e8-7de6-4c8c-bf4c-9bb5512f4299:c2728, 13d9ac51-91bf-4c73-8824-2f58fc5b2747:c2726, 15cd3569-c751-4f18-b157-6804e7d0f08c:c2726]
2019-07-10 05:59:47,840 INFO  client.GrpcClientProtocolClient (GrpcClientProtocolClient.java:onNext(255)) - client-535162E20057->7049f9e8-7de6-4c8c-bf4c-9bb5512f4299: receive RaftClientReply:client-535162E20057->7049f9e8-7de6-4c8c-bf4c-9bb5512f4299@group-3B5DE3AEDFC2, cid=1867, SUCCESS, logIndex=2729, commits[7049f9e8-7de6-4c8c-bf4c-9bb5512f4299:c2730, 13d9ac51-91bf-4c73-8824-2f58fc5b2747:c2726, 15cd3569-c751-4f18-b157-6804e7d0f08c:c2726]
2019-07-10 05:59:47,840 INFO  client.GrpcClientProtocolClient (GrpcClientProtocolClient.java:onNext(255)) - client-535162E20057->7049f9e8-7de6-4c8c-bf4c-9bb5512f4299: receive RaftClientReply:client-535162E20057->7049f9e8-7de6-4c8c-bf4c-9bb5512f4299@group-3B5DE3AEDFC2, cid=1868, SUCCESS, logIndex=2730, commits[7049f9e8-7de6-4c8c-bf4c-9bb5512f4299:c2730, 13d9ac51-91bf-4c73-8824-2f58fc5b2747:c2726, 15cd3569-c751-4f18-b157-6804e7d0f08c:c2726]
2019-07-10 05:59:47,854 INFO  client.GrpcClientProtocolClient (GrpcClientProtocolClient.java:onNext(255)) - client-535162E20057->7049f9e8-7de6-4c8c-bf4c-9bb5512f4299: receive RaftClientReply:client-535162E20057->7049f9e8-7de6-4c8c-bf4c-9bb5512f4299@group-3B5DE3AEDFC2, cid=1869, SUCCESS, logIndex=0, commits[7049f9e8-7de6-4c8c-bf4c-9bb5512f4299:c2734, 13d9ac51-91bf-4c73-8824-2f58fc5b2747:c2728, 15cd3569-c751-4f18-b157-6804e7d0f08c:c2730]
2019-07-10 05:59:47,875 INFO  client.GrpcClientProtocolClient (GrpcClientProtocolClient.java:onNext(255)) - client-535162E20057->7049f9e8-7de6-4c8c-bf4c-9bb5512f4299: receive RaftClientReply:client-535162E20057->7049f9e8-7de6-4c8c-bf4c-9bb5512f4299@group-3B5DE3AEDFC2, cid=1870, SUCCESS, logIndex=2735, commits[7049f9e8-7de6-4c8c-bf4c-9bb5512f4299:c2736, 13d9ac51-91bf-4c73-8824-2f58fc5b2747:c2734, 15cd3569-c751-4f18-b157-6804e7d0f08c:c2734]
2019-07-10 05:59:47,876 INFO  client.GrpcClientProtocolClient (GrpcClientProtocolClient.java:onNext(255)) - client-535162E20057->7049f9e8-7de6-4c8c-bf4c-9bb5512f4299: receive RaftClientReply:client-535162E20057->7049f9e8-7de6-4c8c-bf4c-9bb5512f4299@group-3B5DE3AEDFC2, cid=1871, SUCCESS, logIndex=2736, commits[7049f9e8-7de6-4c8c-bf4c-9bb5512f4299:c2736, 13d9ac51-91bf-4c73-8824-2f58fc5b2747:c2734, 15cd3569-c751-4f18-b157-6804e7d0f08c:c2734]
2019-07-10 05:59:47,890 INFO  client.GrpcClientProtocolClient (GrpcClientProtocolClient.java:onNext(255)) - client-535162E20057->7049f9e8-7de6-4c8c-bf4c-9bb5512f4299: receive RaftClientReply:client-535162E20057->7049f9e8-7de6-4c8c-bf4c-9bb5512f4299@group-3B5DE3AEDFC2, cid=1872, SUCCESS, logIndex=2739, commits[7049f9e8-7de6-4c8c-bf4c-9bb5512f4299:c2740, 13d9ac51-91bf-4c73-8824-2f58fc5b2747:c2736, 15cd3569-c751-4f18-b157-6804e7d0f08c:c2736]
2019-07-10 05:59:47,891 INFO  client.GrpcClientProtocolClient (GrpcClientProtocolClient.java:onNext(255)) - client-535162E20057->7049f9e8-7de6-4c8c-bf4c-9bb5512f4299: receive RaftClientReply:client-535162E20057->7049f9e8-7de6-4c8c-bf4c-9bb5512f4299@group-3B5DE3AEDFC2, cid=1873, SUCCESS, logIndex=2740, commits[7049f9e8-7de6-4c8c-bf4c-9bb5512f4299:c2740, 13d9ac51-91bf-4c73-8824-2f58fc5b2747:c2736, 15cd3569-c751-4f18-b157-6804e7d0f08c:c2736]
2019-07-10 05:59:47,904 INFO  client.GrpcClientProtocolClient (GrpcClientProtocolClient.java:onNext(255)) - client-535162E20057->7049f9e8-7de6-4c8c-bf4c-9bb5512f4299: receive RaftClientReply:client-535162E20057->7049f9e8-7de6-4c8c-bf4c-9bb5512f4299@group-3B5DE3AEDFC2, cid=1874, SUCCESS, logIndex=0, commits[7049f9e8-7de6-4c8c-bf4c-9bb5512f4299:c2741, 13d9ac51-91bf-4c73-8824-2f58fc5b2747:c2740, 15cd3569-c751-4f18-b157-6804e7d0f08c:c2740]
 0.00% |█                                                                                                    |  0/1 Time: 0:00:132019-07-10 05:59:48,510 INFO  client.GrpcClientProtocolClient (GrpcClientProtocolClient.java:onNext(255)) - client-535162E20057->7049f9e8-7de6-4c8c-bf4c-9bb5512f4299: receive RaftClientReply:client-535162E20057->7049f9e8-7de6-4c8c-bf4c-9bb5512f4299@group-3B5DE3AEDFC2, cid=1875, SUCCESS, logIndex=2743, commits[7049f9e8-7de6-4c8c-bf4c-9bb5512f4299:c2745, 13d9ac51-91bf-4c73-8824-2f58fc5b2747:c2742, 15cd3569-c751-4f18-b157-6804e7d0f08c:c2742]
2019-07-10 05:59:48,511 INFO  client.GrpcClientProtocolClient (GrpcClientProtocolClient.java:onNext(255)) - client-535162E20057->7049f9e8-7de6-4c8c-bf4c-9bb5512f4299: receive RaftClientReply:client-535162E20057->7049f9e8-7de6-4c8c-bf4c-9bb5512f4299@group-3B5DE3AEDFC2, cid=1876, SUCCESS, logIndex=2744, commits[7049f9e8-7de6-4c8c-bf4c-9bb5512f4299:c2746, 13d9ac51-91bf-4c73-8824-2f58fc5b2747:c2742, 15cd3569-c751-4f18-b157-6804e7d0f08c:c2742]
2019-07-10 05:59:48,512 INFO  client.GrpcClientProtocolClient (GrpcClientProtocolClient.java:onNext(255)) - client-535162E20057->7049f9e8-7de6-4c8c-bf4c-9bb5512f4299: receive RaftClientReply:client-535162E20057->7049f9e8-7de6-4c8c-bf4c-9bb5512f4299@group-3B5DE3AEDFC2, cid=1877, SUCCESS, logIndex=2745, commits[7049f9e8-7de6-4c8c-bf4c-9bb5512f4299:c2746, 13d9ac51-91bf-4c73-8824-2f58fc5b2747:c2742, 15cd3569-c751-4f18-b157-6804e7d0f08c:c2742]
2019-07-10 05:59:48,512 INFO  client.GrpcClientProtocolClient (GrpcClientProtocolClient.java:onNext(255)) - client-535162E20057->7049f9e8-7de6-4c8c-bf4c-9bb5512f4299: receive RaftClientReply:client-535162E20057->7049f9e8-7de6-4c8c-bf4c-9bb5512f4299@group-3B5DE3AEDFC2, cid=1878, SUCCESS, logIndex=2746, commits[7049f9e8-7de6-4c8c-bf4c-9bb5512f4299:c2746, 13d9ac51-91bf-4c73-8824-2f58fc5b2747:c2742, 15cd3569-c751-4f18-b157-6804e7d0f08c:c2742]
2019-07-10 05:59:48,523 INFO  client.GrpcClientProtocolClient (GrpcClientProtocolClient.java:onNext(255)) - client-535162E20057->7049f9e8-7de6-4c8c-bf4c-9bb5512f4299: receive RaftClientReply:client-535162E20057->7049f9e8-7de6-4c8c-bf4c-9bb5512f4299@group-3B5DE3AEDFC2, cid=1879, SUCCESS, logIndex=0, commits[7049f9e8-7de6-4c8c-bf4c-9bb5512f4299:c2748, 13d9ac51-91bf-4c73-8824-2f58fc5b2747:c2744, 15cd3569-c751-4f18-b157-6804e7d0f08c:c2744]
2019-07-10 05:59:48,543 INFO  client.GrpcClientProtocolClient (GrpcClientProtocolClient.java:onNext(255)) - client-535162E20057->7049f9e8-7de6-4c8c-bf4c-9bb5512f4299: receive RaftClientReply:client-535162E20057->7049f9e8-7de6-4c8c-bf4c-9bb5512f4299@group-3B5DE3AEDFC2, cid=1880, SUCCESS, logIndex=2751, commits[7049f9e8-7de6-4c8c-bf4c-9bb5512f4299:c2752, 13d9ac51-91bf-4c73-8824-2f58fc5b2747:c2750, 15cd3569-c751-4f18-b157-6804e7d0f08c:c2750]
2019-07-10 05:59:48,544 INFO  client.GrpcClientProtocolClient (GrpcClientProtocolClient.java:onNext(255)) - client-535162E20057->7049f9e8-7de6-4c8c-bf4c-9bb5512f4299: receive RaftClientReply:client-535162E20057->7049f9e8-7de6-4c8c-bf4c-9bb5512f4299@group-3B5DE3AEDFC2, cid=1881, SUCCESS, logIndex=2752, commits[7049f9e8-7de6-4c8c-bf4c-9bb5512f4299:c2752, 13d9ac51-91bf-4c73-8824-2f58fc5b2747:c2750, 15cd3569-c751-4f18-b157-6804e7d0f08c:c2750]
2019-07-10 05:59:48,569 INFO  client.GrpcClientProtocolClient (GrpcClientProtocolClient.java:onNext(255)) - client-535162E20057->7049f9e8-7de6-4c8c-bf4c-9bb5512f4299: receive RaftClientReply:client-535162E20057->7049f9e8-7de6-4c8c-bf4c-9bb5512f4299@group-3B5DE3AEDFC2, cid=1882, SUCCESS, logIndex=2755, commits[7049f9e8-7de6-4c8c-bf4c-9bb5512f4299:c2756, 13d9ac51-91bf-4c73-8824-2f58fc5b2747:c2752, 15cd3569-c751-4f18-b157-6804e7d0f08c:c2752]
2019-07-10 05:59:48,569 INFO  client.GrpcClientProtocolClient (GrpcClientProtocolClient.java:onNext(255)) - client-535162E20057->7049f9e8-7de6-4c8c-bf4c-9bb5512f4299: receive RaftClientReply:client-535162E20057->7049f9e8-7de6-4c8c-bf4c-9bb5512f4299@group-3B5DE3AEDFC2, cid=1883, SUCCESS, logIndex=2756, commits[7049f9e8-7de6-4c8c-bf4c-9bb5512f4299:c2756, 13d9ac51-91bf-4c73-8824-2f58fc5b2747:c2752, 15cd3569-c751-4f18-b157-6804e7d0f08c:c2752]
2019-07-10 05:59:48,580 INFO  client.GrpcClientProtocolClient (GrpcClientProtocolClient.java:onNext(255)) - client-535162E20057->7049f9e8-7de6-4c8c-bf4c-9bb5512f4299: receive RaftClientReply:client-535162E20057->7049f9e8-7de6-4c8c-bf4c-9bb5512f4299@group-3B5DE3AEDFC2, cid=1884, SUCCESS, logIndex=0, commits[7049f9e8-7de6-4c8c-bf4c-9bb5512f4299:c2757, 13d9ac51-91bf-4c73-8824-2f58fc5b2747:c2756, 15cd3569-c751-4f18-b157-6804e7d0f08c:c2756]
2019-07-10 05:59:48,606 INFO  client.GrpcClientProtocolClient (GrpcClientProtocolClient.java:onNext(255)) - client-535162E20057->7049f9e8-7de6-4c8c-bf4c-9bb5512f4299: receive RaftClientReply:client-535162E20057->7049f9e8-7de6-4c8c-bf4c-9bb5512f4299@group-3B5DE3AEDFC2, cid=1885, SUCCESS, logIndex=2759, commits[7049f9e8-7de6-4c8c-bf4c-9bb5512f4299:c2760, 13d9ac51-91bf-4c73-8824-2f58fc5b2747:c2758, 15cd3569-c751-4f18-b157-6804e7d0f08c:c2758]
2019-07-10 05:59:48,607 INFO  client.GrpcClientProtocolClient (GrpcClientProtocolClient.java:onNext(255)) - client-535162E20057->7049f9e8-7de6-4c8c-bf4c-9bb5512f4299: receive RaftClientReply:client-535162E20057->7049f9e8-7de6-4c8c-bf4c-9bb5512f4299@group-3B5DE3AEDFC2, cid=1886, SUCCESS, logIndex=2760, commits[7049f9e8-7de6-4c8c-bf4c-9bb5512f4299:c2760, 13d9ac51-91bf-4c73-8824-2f58fc5b2747:c2758, 15cd3569-c751-4f18-b157-6804e7d0f08c:c2758]
2019-07-10 05:59:48,608 INFO  client.GrpcClientProtocolClient (GrpcClientProtocolClient.java:onNext(255)) - client-535162E20057->7049f9e8-7de6-4c8c-bf4c-9bb5512f4299: receive RaftClientReply:client-535162E20057->7049f9e8-7de6-4c8c-bf4c-9bb5512f4299@group-3B5DE3AEDFC2, cid=1887, SUCCESS, logIndex=2761, commits[7049f9e8-7de6-4c8c-bf4c-9bb5512f4299:c2762, 13d9ac51-91bf-4c73-8824-2f58fc5b2747:c2758, 15cd3569-c751-4f18-b157-6804e7d0f08c:c2758]
2019-07-10 05:59:48,608 INFO  client.GrpcClientProtocolClient (GrpcClientProtocolClient.java:onNext(255)) - client-535162E20057->7049f9e8-7de6-4c8c-bf4c-9bb5512f4299: receive RaftClientReply:client-535162E20057->7049f9e8-7de6-4c8c-bf4c-9bb5512f4299@group-3B5DE3AEDFC2, cid=1888, SUCCESS, logIndex=2762, commits[7049f9e8-7de6-4c8c-bf4c-9bb5512f4299:c2763, 13d9ac51-91bf-4c73-8824-2f58fc5b2747:c2758, 15cd3569-c751-4f18-b157-6804e7d0f08c:c2759]
2019-07-10 05:59:48,610 INFO  client.GrpcClientProtocolClient (GrpcClientProtocolClient.java:onNext(255)) - client-535162E20057->7049f9e8-7de6-4c8c-bf4c-9bb5512f4299: receive RaftClientReply:client-535162E20057->7049f9e8-7de6-4c8c-bf4c-9bb5512f4299@group-3B5DE3AEDFC2, cid=1889, SUCCESS, logIndex=0, commits[7049f9e8-7de6-4c8c-bf4c-9bb5512f4299:c2764, 13d9ac51-91bf-4c73-8824-2f58fc5b2747:c2760, 15cd3569-c751-4f18-b157-6804e7d0f08c:c2760]
2019-07-10 05:59:48,631 INFO  client.GrpcClientProtocolClient (GrpcClientProtocolClient.java:onNext(255)) - client-535162E20057->7049f9e8-7de6-4c8c-bf4c-9bb5512f4299: receive RaftClientReply:client-535162E20057->7049f9e8-7de6-4c8c-bf4c-9bb5512f4299@group-3B5DE3AEDFC2, cid=1890, SUCCESS, logIndex=2767, commits[7049f9e8-7de6-4c8c-bf4c-9bb5512f4299:c2768, 13d9ac51-91bf-4c73-8824-2f58fc5b2747:c2766, 15cd3569-c751-4f18-b157-6804e7d0f08c:c2766]
2019-07-10 05:59:48,632 INFO  client.GrpcClientProtocolClient (GrpcClientProtocolClient.java:onNext(255)) - client-535162E20057->7049f9e8-7de6-4c8c-bf4c-9bb5512f4299: receive RaftClientReply:client-535162E20057->7049f9e8-7de6-4c8c-bf4c-9bb5512f4299@group-3B5DE3AEDFC2, cid=1891, SUCCESS, logIndex=2768, commits[7049f9e8-7de6-4c8c-bf4c-9bb5512f4299:c2768, 13d9ac51-91bf-4c73-8824-2f58fc5b2747:c2766, 15cd3569-c751-4f18-b157-6804e7d0f08c:c2766]
2019-07-10 05:59:48,656 INFO  client.GrpcClientProtocolClient (GrpcClientProtocolClient.java:onNext(255)) - client-535162E20057->7049f9e8-7de6-4c8c-bf4c-9bb5512f4299: receive RaftClientReply:client-535162E20057->7049f9e8-7de6-4c8c-bf4c-9bb5512f4299@group-3B5DE3AEDFC2, cid=1892, SUCCESS, logIndex=2771, commits[7049f9e8-7de6-4c8c-bf4c-9bb5512f4299:c2772, 13d9ac51-91bf-4c73-8824-2f58fc5b2747:c2768, 15cd3569-c751-4f18-b157-6804e7d0f08c:c2768]
2019-07-10 05:59:48,656 INFO  client.GrpcClientProtocolClient (GrpcClientProtocolClient.java:onNext(255)) - client-535162E20057->7049f9e8-7de6-4c8c-bf4c-9bb5512f4299: receive RaftClientReply:client-535162E20057->7049f9e8-7de6-4c8c-bf4c-9bb5512f4299@group-3B5DE3AEDFC2, cid=1893, SUCCESS, logIndex=2772, commits[7049f9e8-7de6-4c8c-bf4c-9bb5512f4299:c2772, 13d9ac51-91bf-4c73-8824-2f58fc5b2747:c2768, 15cd3569-c751-4f18-b157-6804e7d0f08c:c2768]
2019-07-10 05:59:48,668 INFO  client.GrpcClientProtocolClient (GrpcClientProtocolClient.java:onNext(255)) - client-535162E20057->7049f9e8-7de6-4c8c-bf4c-9bb5512f4299: receive RaftClientReply:client-535162E20057->7049f9e8-7de6-4c8c-bf4c-9bb5512f4299@group-3B5DE3AEDFC2, cid=1894, SUCCESS, logIndex=0, commits[7049f9e8-7de6-4c8c-bf4c-9bb5512f4299:c2773, 13d9ac51-91bf-4c73-8824-2f58fc5b2747:c2772, 15cd3569-c751-4f18-b157-6804e7d0f08c:c2772]
2019-07-10 05:59:48,697 INFO  client.GrpcClientProtocolClient (GrpcClientProtocolClient.java:onNext(255)) - client-535162E20057->7049f9e8-7de6-4c8c-bf4c-9bb5512f4299: receive RaftClientReply:client-535162E20057->7049f9e8-7de6-4c8c-bf4c-9bb5512f4299@group-3B5DE3AEDFC2, cid=1895, SUCCESS, logIndex=2775, commits[7049f9e8-7de6-4c8c-bf4c-9bb5512f4299:c2776, 13d9ac51-91bf-4c73-8824-2f58fc5b2747:c2774, 15cd3569-c751-4f18-b157-6804e7d0f08c:c2774]
2019-07-10 05:59:48,697 INFO  client.GrpcClientProtocolClient (GrpcClientProtocolClient.java:onNext(255)) - client-535162E20057->7049f9e8-7de6-4c8c-bf4c-9bb5512f4299: receive RaftClientReply:client-535162E20057->7049f9e8-7de6-4c8c-bf4c-9bb5512f4299@group-3B5DE3AEDFC2, cid=1896, SUCCESS, logIndex=2776, commits[7049f9e8-7de6-4c8c-bf4c-9bb5512f4299:c2778, 13d9ac51-91bf-4c73-8824-2f58fc5b2747:c2774, 15cd3569-c751-4f18-b157-6804e7d0f08c:c2774]
2019-07-10 05:59:48,698 INFO  client.GrpcClientProtocolClient (GrpcClientProtocolClient.java:onNext(255)) - client-535162E20057->7049f9e8-7de6-4c8c-bf4c-9bb5512f4299: receive RaftClientReply:client-535162E20057->7049f9e8-7de6-4c8c-bf4c-9bb5512f4299@group-3B5DE3AEDFC2, cid=1897, SUCCESS, logIndex=2777, commits[7049f9e8-7de6-4c8c-bf4c-9bb5512f4299:c2778, 13d9ac51-91bf-4c73-8824-2f58fc5b2747:c2774, 15cd3569-c751-4f18-b157-6804e7d0f08c:c2774]
2019-07-10 05:59:48,698 INFO  client.GrpcClientProtocolClient (GrpcClientProtocolClient.java:onNext(255)) - client-535162E20057->7049f9e8-7de6-4c8c-bf4c-9bb5512f4299: receive RaftClientReply:client-535162E20057->7049f9e8-7de6-4c8c-bf4c-9bb5512f4299@group-3B5DE3AEDFC2, cid=1898, SUCCESS, logIndex=2778, commits[7049f9e8-7de6-4c8c-bf4c-9bb5512f4299:c2778, 13d9ac51-91bf-4c73-8824-2f58fc5b2747:c2774, 15cd3569-c751-4f18-b157-6804e7d0f08c:c2774]
2019-07-10 05:59:48,711 INFO  client.GrpcClientProtocolClient (GrpcClientProtocolClient.java:onNext(255)) - client-535162E20057->7049f9e8-7de6-4c8c-bf4c-9bb5512f4299: receive RaftClientReply:client-535162E20057->7049f9e8-7de6-4c8c-bf4c-9bb5512f4299@group-3B5DE3AEDFC2, cid=1899, SUCCESS, logIndex=0, commits[7049f9e8-7de6-4c8c-bf4c-9bb5512f4299:c2780, 13d9ac51-91bf-4c73-8824-2f58fc5b2747:c2776, 15cd3569-c751-4f18-b157-6804e7d0f08c:c2776]
2019-07-10 05:59:48,732 INFO  client.GrpcClientProtocolClient (GrpcClientProtocolClient.java:onNext(255)) - client-535162E20057->7049f9e8-7de6-4c8c-bf4c-9bb5512f4299: receive RaftClientReply:client-535162E20057->7049f9e8-7de6-4c8c-bf4c-9bb5512f4299@group-3B5DE3AEDFC2, cid=1900, SUCCESS, logIndex=2782, commits[7049f9e8-7de6-4c8c-bf4c-9bb5512f4299:c2783, 13d9ac51-91bf-4c73-8824-2f58fc5b2747:c2781, 15cd3569-c751-4f18-b157-6804e7d0f08c:c2781]
2019-07-10 05:59:48,732 INFO  client.GrpcClientProtocolClient (GrpcClientProtocolClient.java:onNext(255)) - client-535162E20057->7049f9e8-7de6-4c8c-bf4c-9bb5512f4299: receive RaftClientReply:client-535162E20057->7049f9e8-7de6-4c8c-bf4c-9bb5512f4299@group-3B5DE3AEDFC2, cid=1901, SUCCESS, logIndex=2783, commits[7049f9e8-7de6-4c8c-bf4c-9bb5512f4299:c2783, 13d9ac51-91bf-4c73-8824-2f58fc5b2747:c2781, 15cd3569-c751-4f18-b157-6804e7d0f08c:c2781]
2019-07-10 05:59:48,756 INFO  client.GrpcClientProtocolClient (GrpcClientProtocolClient.java:onNext(255)) - client-535162E20057->7049f9e8-7de6-4c8c-bf4c-9bb5512f4299: receive RaftClientReply:client-535162E20057->7049f9e8-7de6-4c8c-bf4c-9bb5512f4299@group-3B5DE3AEDFC2, cid=1902, SUCCESS, logIndex=2786, commits[7049f9e8-7de6-4c8c-bf4c-9bb5512f4299:c2787, 13d9ac51-91bf-4c73-8824-2f58fc5b2747:c2782, 15cd3569-c751-4f18-b157-6804e7d0f08c:c2783]
2019-07-10 05:59:48,756 INFO  client.GrpcClientProtocolClient (GrpcClientProtocolClient.java:onNext(255)) - client-535162E20057->7049f9e8-7de6-4c8c-bf4c-9bb5512f4299: receive RaftClientReply:client-535162E20057->7049f9e8-7de6-4c8c-bf4c-9bb5512f4299@group-3B5DE3AEDFC2, cid=1903, SUCCESS, logIndex=2787, commits[7049f9e8-7de6-4c8c-bf4c-9bb5512f4299:c2787, 13d9ac51-91bf-4c73-8824-2f58fc5b2747:c2783, 15cd3569-c751-4f18-b157-6804e7d0f08c:c2783]
2019-07-10 05:59:48,772 INFO  client.GrpcClientProtocolClient (GrpcClientProtocolClient.java:onNext(255)) - client-535162E20057->7049f9e8-7de6-4c8c-bf4c-9bb5512f4299: receive RaftClientReply:client-535162E20057->7049f9e8-7de6-4c8c-bf4c-9bb5512f4299@group-3B5DE3AEDFC2, cid=1904, SUCCESS, logIndex=0, commits[7049f9e8-7de6-4c8c-bf4c-9bb5512f4299:c2789, 13d9ac51-91bf-4c73-8824-2f58fc5b2747:c2787, 15cd3569-c751-4f18-b157-6804e7d0f08c:c2787]
2019-07-10 05:59:48,796 INFO  client.GrpcClientProtocolClient (GrpcClientProtocolClient.java:onNext(255)) - client-535162E20057->7049f9e8-7de6-4c8c-bf4c-9bb5512f4299: receive RaftClientReply:client-535162E20057->7049f9e8-7de6-4c8c-bf4c-9bb5512f4299@group-3B5DE3AEDFC2, cid=1905, SUCCESS, logIndex=2790, commits[7049f9e8-7de6-4c8c-bf4c-9bb5512f4299:c2793, 13d9ac51-91bf-4c73-8824-2f58fc5b2747:c2787, 15cd3569-c751-4f18-b157-6804e7d0f08c:c2789]
2019-07-10 05:59:48,796 INFO  client.GrpcClientProtocolClient (GrpcClientProtocolClient.java:onNext(255)) - client-535162E20057->7049f9e8-7de6-4c8c-bf4c-9bb5512f4299: receive RaftClientReply:client-535162E20057->7049f9e8-7de6-4c8c-bf4c-9bb5512f4299@group-3B5DE3AEDFC2, cid=1906, SUCCESS, logIndex=2791, commits[7049f9e8-7de6-4c8c-bf4c-9bb5512f4299:c2793, 13d9ac51-91bf-4c73-8824-2f58fc5b2747:c2787, 15cd3569-c751-4f18-b157-6804e7d0f08c:c2789]
2019-07-10 05:59:48,797 INFO  client.GrpcClientProtocolClient (GrpcClientProtocolClient.java:onNext(255)) - client-535162E20057->7049f9e8-7de6-4c8c-bf4c-9bb5512f4299: receive RaftClientReply:client-535162E20057->7049f9e8-7de6-4c8c-bf4c-9bb5512f4299@group-3B5DE3AEDFC2, cid=1907, SUCCESS, logIndex=2792, commits[7049f9e8-7de6-4c8c-bf4c-9bb5512f4299:c2793, 13d9ac51-91bf-4c73-8824-2f58fc5b2747:c2787, 15cd3569-c751-4f18-b157-6804e7d0f08c:c2789]
2019-07-10 05:59:48,797 INFO  client.GrpcClientProtocolClient (GrpcClientProtocolClient.java:onNext(255)) - client-535162E20057->7049f9e8-7de6-4c8c-bf4c-9bb5512f4299: receive RaftClientReply:client-535162E20057->7049f9e8-7de6-4c8c-bf4c-9bb5512f4299@group-3B5DE3AEDFC2, cid=1908, SUCCESS, logIndex=2793, commits[7049f9e8-7de6-4c8c-bf4c-9bb5512f4299:c2793, 13d9ac51-91bf-4c73-8824-2f58fc5b2747:c2787, 15cd3569-c751-4f18-b157-6804e7d0f08c:c2789]
2019-07-10 05:59:48,800 INFO  client.GrpcClientProtocolClient (GrpcClientProtocolClient.java:onNext(255)) - client-535162E20057->7049f9e8-7de6-4c8c-bf4c-9bb5512f4299: receive RaftClientReply:client-535162E20057->7049f9e8-7de6-4c8c-bf4c-9bb5512f4299@group-3B5DE3AEDFC2, cid=1909, SUCCESS, logIndex=0, commits[7049f9e8-7de6-4c8c-bf4c-9bb5512f4299:c2796, 13d9ac51-91bf-4c73-8824-2f58fc5b2747:c2793, 15cd3569-c751-4f18-b157-6804e7d0f08c:c2793]
2019-07-10 05:59:48,813 INFO  client.GrpcClientProtocolClient (GrpcClientProtocolClient.java:onNext(255)) - client-535162E20057->7049f9e8-7de6-4c8c-bf4c-9bb5512f4299: receive RaftClientReply:client-535162E20057->7049f9e8-7de6-4c8c-bf4c-9bb5512f4299@group-3B5DE3AEDFC2, cid=1910, SUCCESS, logIndex=2797, commits[7049f9e8-7de6-4c8c-bf4c-9bb5512f4299:c2798, 13d9ac51-91bf-4c73-8824-2f58fc5b2747:c2793, 15cd3569-c751-4f18-b157-6804e7d0f08c:c2796]
2019-07-10 05:59:48,813 INFO  client.GrpcClientProtocolClient (GrpcClientProtocolClient.java:onNext(255)) - client-535162E20057->7049f9e8-7de6-4c8c-bf4c-9bb5512f4299: receive RaftClientReply:client-535162E20057->7049f9e8-7de6-4c8c-bf4c-9bb5512f4299@group-3B5DE3AEDFC2, cid=1911, SUCCESS, logIndex=2798, commits[7049f9e8-7de6-4c8c-bf4c-9bb5512f4299:c2798, 13d9ac51-91bf-4c73-8824-2f58fc5b2747:c2796, 15cd3569-c751-4f18-b157-6804e7d0f08c:c2796]
2019-07-10 05:59:48,847 INFO  client.GrpcClientProtocolClient (GrpcClientProtocolClient.java:onNext(255)) - client-535162E20057->7049f9e8-7de6-4c8c-bf4c-9bb5512f4299: receive RaftClientReply:client-535162E20057->7049f9e8-7de6-4c8c-bf4c-9bb5512f4299@group-3B5DE3AEDFC2, cid=1912, SUCCESS, logIndex=2801, commits[7049f9e8-7de6-4c8c-bf4c-9bb5512f4299:c2802, 13d9ac51-91bf-4c73-8824-2f58fc5b2747:c2798, 15cd3569-c751-4f18-b157-6804e7d0f08c:c2800]
2019-07-10 05:59:48,847 INFO  client.GrpcClientProtocolClient (GrpcClientProtocolClient.java:onNext(255)) - client-535162E20057->7049f9e8-7de6-4c8c-bf4c-9bb5512f4299: receive RaftClientReply:client-535162E20057->7049f9e8-7de6-4c8c-bf4c-9bb5512f4299@group-3B5DE3AEDFC2, cid=1913, SUCCESS, logIndex=2802, commits[7049f9e8-7de6-4c8c-bf4c-9bb5512f4299:c2802, 13d9ac51-91bf-4c73-8824-2f58fc5b2747:c2800, 15cd3569-c751-4f18-b157-6804e7d0f08c:c2800]
2019-07-10 05:59:48,859 INFO  client.GrpcClientProtocolClient (GrpcClientProtocolClient.java:onNext(255)) - client-535162E20057->7049f9e8-7de6-4c8c-bf4c-9bb5512f4299: receive RaftClientReply:client-535162E20057->7049f9e8-7de6-4c8c-bf4c-9bb5512f4299@group-3B5DE3AEDFC2, cid=1914, SUCCESS, logIndex=0, commits[7049f9e8-7de6-4c8c-bf4c-9bb5512f4299:c2803, 13d9ac51-91bf-4c73-8824-2f58fc5b2747:c2802, 15cd3569-c751-4f18-b157-6804e7d0f08c:c2802]
2019-07-10 05:59:48,886 INFO  client.GrpcClientProtocolClient (GrpcClientProtocolClient.java:onNext(255)) - client-535162E20057->7049f9e8-7de6-4c8c-bf4c-9bb5512f4299: receive RaftClientReply:client-535162E20057->7049f9e8-7de6-4c8c-bf4c-9bb5512f4299@group-3B5DE3AEDFC2, cid=1915, SUCCESS, logIndex=2805, commits[7049f9e8-7de6-4c8c-bf4c-9bb5512f4299:c2806, 13d9ac51-91bf-4c73-8824-2f58fc5b2747:c2804, 15cd3569-c751-4f18-b157-6804e7d0f08c:c2804]
2019-07-10 05:59:48,887 INFO  client.GrpcClientProtocolClient (GrpcClientProtocolClient.java:onNext(255)) - client-535162E20057->7049f9e8-7de6-4c8c-bf4c-9bb5512f4299: receive RaftClientReply:client-535162E20057->7049f9e8-7de6-4c8c-bf4c-9bb5512f4299@group-3B5DE3AEDFC2, cid=1916, SUCCESS, logIndex=2806, commits[7049f9e8-7de6-4c8c-bf4c-9bb5512f4299:c2808, 13d9ac51-91bf-4c73-8824-2f58fc5b2747:c2804, 15cd3569-c751-4f18-b157-6804e7d0f08c:c2804]
2019-07-10 05:59:48,887 INFO  client.GrpcClientProtocolClient (GrpcClientProtocolClient.java:onNext(255)) - client-535162E20057->7049f9e8-7de6-4c8c-bf4c-9bb5512f4299: receive RaftClientReply:client-535162E20057->7049f9e8-7de6-4c8c-bf4c-9bb5512f4299@group-3B5DE3AEDFC2, cid=1917, SUCCESS, logIndex=2807, commits[7049f9e8-7de6-4c8c-bf4c-9bb5512f4299:c2808, 13d9ac51-91bf-4c73-8824-2f58fc5b2747:c2804, 15cd3569-c751-4f18-b157-6804e7d0f08c:c2804]
2019-07-10 05:59:48,887 INFO  client.GrpcClientProtocolClient (GrpcClientProtocolClient.java:onNext(255)) - client-535162E20057->7049f9e8-7de6-4c8c-bf4c-9bb5512f4299: receive RaftClientReply:client-535162E20057->7049f9e8-7de6-4c8c-bf4c-9bb5512f4299@group-3B5DE3AEDFC2, cid=1918, SUCCESS, logIndex=2808, commits[7049f9e8-7de6-4c8c-bf4c-9bb5512f4299:c2808, 13d9ac51-91bf-4c73-8824-2f58fc5b2747:c2804, 15cd3569-c751-4f18-b157-6804e7d0f08c:c2804]
2019-07-10 05:59:48,889 INFO  client.GrpcClientProtocolClient (GrpcClientProtocolClient.java:onNext(255)) - client-535162E20057->7049f9e8-7de6-4c8c-bf4c-9bb5512f4299: receive RaftClientReply:client-535162E20057->7049f9e8-7de6-4c8c-bf4c-9bb5512f4299@group-3B5DE3AEDFC2, cid=1919, SUCCESS, logIndex=0, commits[7049f9e8-7de6-4c8c-bf4c-9bb5512f4299:c2810, 13d9ac51-91bf-4c73-8824-2f58fc5b2747:c2806, 15cd3569-c751-4f18-b157-6804e7d0f08c:c2806]
2019-07-10 05:59:48,911 INFO  client.GrpcClientProtocolClient (GrpcClientProtocolClient.java:onNext(255)) - client-535162E20057->7049f9e8-7de6-4c8c-bf4c-9bb5512f4299: receive RaftClientReply:client-535162E20057->7049f9e8-7de6-4c8c-bf4c-9bb5512f4299@group-3B5DE3AEDFC2, cid=1920, SUCCESS, logIndex=2813, commits[7049f9e8-7de6-4c8c-bf4c-9bb5512f4299:c2814, 13d9ac51-91bf-4c73-8824-2f58fc5b2747:c2812, 15cd3569-c751-4f18-b157-6804e7d0f08c:c2812]
2019-07-10 05:59:48,912 INFO  client.GrpcClientProtocolClient (GrpcClientProtocolClient.java:onNext(255)) - client-535162E20057->7049f9e8-7de6-4c8c-bf4c-9bb5512f4299: receive RaftClientReply:client-535162E20057->7049f9e8-7de6-4c8c-bf4c-9bb5512f4299@group-3B5DE3AEDFC2, cid=1921, SUCCESS, logIndex=2814, commits[7049f9e8-7de6-4c8c-bf4c-9bb5512f4299:c2814, 13d9ac51-91bf-4c73-8824-2f58fc5b2747:c2812, 15cd3569-c751-4f18-b157-6804e7d0f08c:c2812]
2019-07-10 05:59:48,925 INFO  client.GrpcClientProtocolClient (GrpcClientProtocolClient.java:onNext(255)) - client-535162E20057->7049f9e8-7de6-4c8c-bf4c-9bb5512f4299: receive RaftClientReply:client-535162E20057->7049f9e8-7de6-4c8c-bf4c-9bb5512f4299@group-3B5DE3AEDFC2, cid=1922, SUCCESS, logIndex=2817, commits[7049f9e8-7de6-4c8c-bf4c-9bb5512f4299:c2818, 13d9ac51-91bf-4c73-8824-2f58fc5b2747:c2814, 15cd3569-c751-4f18-b157-6804e7d0f08c:c2814]
2019-07-10 05:59:48,925 INFO  client.GrpcClientProtocolClient (GrpcClientProtocolClient.java:onNext(255)) - client-535162E20057->7049f9e8-7de6-4c8c-bf4c-9bb5512f4299: receive RaftClientReply:client-535162E20057->7049f9e8-7de6-4c8c-bf4c-9bb5512f4299@group-3B5DE3AEDFC2, cid=1923, SUCCESS, logIndex=2818, commits[7049f9e8-7de6-4c8c-bf4c-9bb5512f4299:c2818, 13d9ac51-91bf-4c73-8824-2f58fc5b2747:c2814, 15cd3569-c751-4f18-b157-6804e7d0f08c:c2814]
2019-07-10 05:59:48,938 INFO  client.GrpcClientProtocolClient (GrpcClientProtocolClient.java:onNext(255)) - client-535162E20057->7049f9e8-7de6-4c8c-bf4c-9bb5512f4299: receive RaftClientReply:client-535162E20057->7049f9e8-7de6-4c8c-bf4c-9bb5512f4299@group-3B5DE3AEDFC2, cid=1924, SUCCESS, logIndex=0, commits[7049f9e8-7de6-4c8c-bf4c-9bb5512f4299:c2820, 13d9ac51-91bf-4c73-8824-2f58fc5b2747:c2818, 15cd3569-c751-4f18-b157-6804e7d0f08c:c2818]
2019-07-10 05:59:48,967 INFO  client.GrpcClientProtocolClient (GrpcClientProtocolClient.java:onNext(255)) - client-535162E20057->7049f9e8-7de6-4c8c-bf4c-9bb5512f4299: receive RaftClientReply:client-535162E20057->7049f9e8-7de6-4c8c-bf4c-9bb5512f4299@group-3B5DE3AEDFC2, cid=1925, SUCCESS, logIndex=2821, commits[7049f9e8-7de6-4c8c-bf4c-9bb5512f4299:c2822, 13d9ac51-91bf-4c73-8824-2f58fc5b2747:c2820, 15cd3569-c751-4f18-b157-6804e7d0f08c:c2820]
2019-07-10 05:59:48,968 INFO  client.GrpcClientProtocolClient (GrpcClientProtocolClient.java:onNext(255)) - client-535162E20057->7049f9e8-7de6-4c8c-bf4c-9bb5512f4299: receive RaftClientReply:client-535162E20057->7049f9e8-7de6-4c8c-bf4c-9bb5512f4299@group-3B5DE3AEDFC2, cid=1926, SUCCESS, logIndex=2822, commits[7049f9e8-7de6-4c8c-bf4c-9bb5512f4299:c2824, 13d9ac51-91bf-4c73-8824-2f58fc5b2747:c2820, 15cd3569-c751-4f18-b157-6804e7d0f08c:c2820]
2019-07-10 05:59:48,968 INFO  client.GrpcClientProtocolClient (GrpcClientProtocolClient.java:onNext(255)) - client-535162E20057->7049f9e8-7de6-4c8c-bf4c-9bb5512f4299: receive RaftClientReply:client-535162E20057->7049f9e8-7de6-4c8c-bf4c-9bb5512f4299@group-3B5DE3AEDFC2, cid=1927, SUCCESS, logIndex=2823, commits[7049f9e8-7de6-4c8c-bf4c-9bb5512f4299:c2824, 13d9ac51-91bf-4c73-8824-2f58fc5b2747:c2820, 15cd3569-c751-4f18-b157-6804e7d0f08c:c2820]
2019-07-10 05:59:48,968 INFO  client.GrpcClientProtocolClient (GrpcClientProtocolClient.java:onNext(255)) - client-535162E20057->7049f9e8-7de6-4c8c-bf4c-9bb5512f4299: receive RaftClientReply:client-535162E20057->7049f9e8-7de6-4c8c-bf4c-9bb5512f4299@group-3B5DE3AEDFC2, cid=1928, SUCCESS, logIndex=2824, commits[7049f9e8-7de6-4c8c-bf4c-9bb5512f4299:c2825, 13d9ac51-91bf-4c73-8824-2f58fc5b2747:c2821, 15cd3569-c751-4f18-b157-6804e7d0f08c:c2820]
2019-07-10 05:59:48,970 INFO  client.GrpcClientProtocolClient (GrpcClientProtocolClient.java:onNext(255)) - client-535162E20057->7049f9e8-7de6-4c8c-bf4c-9bb5512f4299: receive RaftClientReply:client-535162E20057->7049f9e8-7de6-4c8c-bf4c-9bb5512f4299@group-3B5DE3AEDFC2, cid=1929, SUCCESS, logIndex=0, commits[7049f9e8-7de6-4c8c-bf4c-9bb5512f4299:c2826, 13d9ac51-91bf-4c73-8824-2f58fc5b2747:c2822, 15cd3569-c751-4f18-b157-6804e7d0f08c:c2822]
2019-07-10 05:59:48,990 INFO  client.GrpcClientProtocolClient (GrpcClientProtocolClient.java:onNext(255)) - client-535162E20057->7049f9e8-7de6-4c8c-bf4c-9bb5512f4299: receive RaftClientReply:client-535162E20057->7049f9e8-7de6-4c8c-bf4c-9bb5512f4299@group-3B5DE3AEDFC2, cid=1930, SUCCESS, logIndex=2829, commits[7049f9e8-7de6-4c8c-bf4c-9bb5512f4299:c2829, 13d9ac51-91bf-4c73-8824-2f58fc5b2747:c2828, 15cd3569-c751-4f18-b157-6804e7d0f08c:c2828]
2019-07-10 05:59:48,990 INFO  client.GrpcClientProtocolClient (GrpcClientProtocolClient.java:onNext(255)) - client-535162E20057->7049f9e8-7de6-4c8c-bf4c-9bb5512f4299: receive RaftClientReply:client-535162E20057->7049f9e8-7de6-4c8c-bf4c-9bb5512f4299@group-3B5DE3AEDFC2, cid=1931, SUCCESS, logIndex=2830, commits[7049f9e8-7de6-4c8c-bf4c-9bb5512f4299:c2830, 13d9ac51-91bf-4c73-8824-2f58fc5b2747:c2828, 15cd3569-c751-4f18-b157-6804e7d0f08c:c2828]
2019-07-10 05:59:49,003 INFO  client.GrpcClientProtocolClient (GrpcClientProtocolClient.java:onNext(255)) - client-535162E20057->7049f9e8-7de6-4c8c-bf4c-9bb5512f4299: receive RaftClientReply:client-535162E20057->7049f9e8-7de6-4c8c-bf4c-9bb5512f4299@group-3B5DE3AEDFC2, cid=1932, SUCCESS, logIndex=2833, commits[7049f9e8-7de6-4c8c-bf4c-9bb5512f4299:c2833, 13d9ac51-91bf-4c73-8824-2f58fc5b2747:c2830, 15cd3569-c751-4f18-b157-6804e7d0f08c:c2830]
2019-07-10 05:59:49,004 INFO  client.GrpcClientProtocolClient (GrpcClientProtocolClient.java:onNext(255)) - client-535162E20057->7049f9e8-7de6-4c8c-bf4c-9bb5512f4299: receive RaftClientReply:client-535162E20057->7049f9e8-7de6-4c8c-bf4c-9bb5512f4299@group-3B5DE3AEDFC2, cid=1933, SUCCESS, logIndex=2834, commits[7049f9e8-7de6-4c8c-bf4c-9bb5512f4299:c2834, 13d9ac51-91bf-4c73-8824-2f58fc5b2747:c2830, 15cd3569-c751-4f18-b157-6804e7d0f08c:c2830]
2019-07-10 05:59:49,018 INFO  client.GrpcClientProtocolClient (GrpcClientProtocolClient.java:onNext(255)) - client-535162E20057->7049f9e8-7de6-4c8c-bf4c-9bb5512f4299: receive RaftClientReply:client-535162E20057->7049f9e8-7de6-4c8c-bf4c-9bb5512f4299@group-3B5DE3AEDFC2, cid=1934, SUCCESS, logIndex=0, commits[7049f9e8-7de6-4c8c-bf4c-9bb5512f4299:c2836, 13d9ac51-91bf-4c73-8824-2f58fc5b2747:c2834, 15cd3569-c751-4f18-b157-6804e7d0f08c:c2834]
2019-07-10 05:59:49,049 INFO  client.GrpcClientProtocolClient (GrpcClientProtocolClient.java:onNext(255)) - client-535162E20057->7049f9e8-7de6-4c8c-bf4c-9bb5512f4299: receive RaftClientReply:client-535162E20057->7049f9e8-7de6-4c8c-bf4c-9bb5512f4299@group-3B5DE3AEDFC2, cid=1935, SUCCESS, logIndex=2837, commits[7049f9e8-7de6-4c8c-bf4c-9bb5512f4299:c2838, 13d9ac51-91bf-4c73-8824-2f58fc5b2747:c2836, 15cd3569-c751-4f18-b157-6804e7d0f08c:c2836]
2019-07-10 05:59:49,050 INFO  client.GrpcClientProtocolClient (GrpcClientProtocolClient.java:onNext(255)) - client-535162E20057->7049f9e8-7de6-4c8c-bf4c-9bb5512f4299: receive RaftClientReply:client-535162E20057->7049f9e8-7de6-4c8c-bf4c-9bb5512f4299@group-3B5DE3AEDFC2, cid=1936, SUCCESS, logIndex=2838, commits[7049f9e8-7de6-4c8c-bf4c-9bb5512f4299:c2838, 13d9ac51-91bf-4c73-8824-2f58fc5b2747:c2836, 15cd3569-c751-4f18-b157-6804e7d0f08c:c2836]
2019-07-10 05:59:49,118 INFO  client.GrpcClientProtocolClient (GrpcClientProtocolClient.java:onNext(255)) - client-535162E20057->7049f9e8-7de6-4c8c-bf4c-9bb5512f4299: receive RaftClientReply:client-535162E20057->7049f9e8-7de6-4c8c-bf4c-9bb5512f4299@group-3B5DE3AEDFC2, cid=1937, SUCCESS, logIndex=2839, commits[7049f9e8-7de6-4c8c-bf4c-9bb5512f4299:c2840, 13d9ac51-91bf-4c73-8824-2f58fc5b2747:c2836, 15cd3569-c751-4f18-b157-6804e7d0f08c:c2836]
2019-07-10 05:59:49,119 INFO  client.GrpcClientProtocolClient (GrpcClientProtocolClient.java:onNext(255)) - client-535162E20057->7049f9e8-7de6-4c8c-bf4c-9bb5512f4299: receive RaftClientReply:client-535162E20057->7049f9e8-7de6-4c8c-bf4c-9bb5512f4299@group-3B5DE3AEDFC2, cid=1938, SUCCESS, logIndex=2840, commits[7049f9e8-7de6-4c8c-bf4c-9bb5512f4299:c2840, 13d9ac51-91bf-4c73-8824-2f58fc5b2747:c2836, 15cd3569-c751-4f18-b157-6804e7d0f08c:c2836]
2019-07-10 05:59:49,120 INFO  client.GrpcClientProtocolClient (GrpcClientProtocolClient.java:onNext(255)) - client-535162E20057->7049f9e8-7de6-4c8c-bf4c-9bb5512f4299: receive RaftClientReply:client-535162E20057->7049f9e8-7de6-4c8c-bf4c-9bb5512f4299@group-3B5DE3AEDFC2, cid=1939, SUCCESS, logIndex=0, commits[7049f9e8-7de6-4c8c-bf4c-9bb5512f4299:c2842, 13d9ac51-91bf-4c73-8824-2f58fc5b2747:c2838, 15cd3569-c751-4f18-b157-6804e7d0f08c:c2838]
2019-07-10 05:59:49,157 INFO  client.GrpcClientProtocolClient (GrpcClientProtocolClient.java:onNext(255)) - client-535162E20057->7049f9e8-7de6-4c8c-bf4c-9bb5512f4299: receive RaftClientReply:client-535162E20057->7049f9e8-7de6-4c8c-bf4c-9bb5512f4299@group-3B5DE3AEDFC2, cid=1940, SUCCESS, logIndex=2845, commits[7049f9e8-7de6-4c8c-bf4c-9bb5512f4299:c2846, 13d9ac51-91bf-4c73-8824-2f58fc5b2747:c2842, 15cd3569-c751-4f18-b157-6804e7d0f08c:c2840]
2019-07-10 05:59:49,157 INFO  client.GrpcClientProtocolClient (GrpcClientProtocolClient.java:onNext(255)) - client-535162E20057->7049f9e8-7de6-4c8c-bf4c-9bb5512f4299: receive RaftClientReply:client-535162E20057->7049f9e8-7de6-4c8c-bf4c-9bb5512f4299@group-3B5DE3AEDFC2, cid=1941, SUCCESS, logIndex=2846, commits[7049f9e8-7de6-4c8c-bf4c-9bb5512f4299:c2846, 13d9ac51-91bf-4c73-8824-2f58fc5b2747:c2842, 15cd3569-c751-4f18-b157-6804e7d0f08c:c2842]
2019-07-10 05:59:49,178 INFO  client.GrpcClientProtocolClient (GrpcClientProtocolClient.java:onNext(255)) - client-535162E20057->7049f9e8-7de6-4c8c-bf4c-9bb5512f4299: receive RaftClientReply:client-535162E20057->7049f9e8-7de6-4c8c-bf4c-9bb5512f4299@group-3B5DE3AEDFC2, cid=1942, SUCCESS, logIndex=2849, commits[7049f9e8-7de6-4c8c-bf4c-9bb5512f4299:c2850, 13d9ac51-91bf-4c73-8824-2f58fc5b2747:c2848, 15cd3569-c751-4f18-b157-6804e7d0f08c:c2848]
2019-07-10 05:59:49,179 INFO  client.GrpcClientProtocolClient (GrpcClientProtocolClient.java:onNext(255)) - client-535162E20057->7049f9e8-7de6-4c8c-bf4c-9bb5512f4299: receive RaftClientReply:client-535162E20057->7049f9e8-7de6-4c8c-bf4c-9bb5512f4299@group-3B5DE3AEDFC2, cid=1943, SUCCESS, logIndex=2850, commits[7049f9e8-7de6-4c8c-bf4c-9bb5512f4299:c2850, 13d9ac51-91bf-4c73-8824-2f58fc5b2747:c2848, 15cd3569-c751-4f18-b157-6804e7d0f08c:c2848]
2019-07-10 05:59:49,193 INFO  client.GrpcClientProtocolClient (GrpcClientProtocolClient.java:onNext(255)) - client-535162E20057->7049f9e8-7de6-4c8c-bf4c-9bb5512f4299: receive RaftClientReply:client-535162E20057->7049f9e8-7de6-4c8c-bf4c-9bb5512f4299@group-3B5DE3AEDFC2, cid=1944, SUCCESS, logIndex=0, commits[7049f9e8-7de6-4c8c-bf4c-9bb5512f4299:c2852, 13d9ac51-91bf-4c73-8824-2f58fc5b2747:c2850, 15cd3569-c751-4f18-b157-6804e7d0f08c:c2850]
2019-07-10 05:59:49,222 INFO  client.GrpcClientProtocolClient (GrpcClientProtocolClient.java:onNext(255)) - client-535162E20057->7049f9e8-7de6-4c8c-bf4c-9bb5512f4299: receive RaftClientReply:client-535162E20057->7049f9e8-7de6-4c8c-bf4c-9bb5512f4299@group-3B5DE3AEDFC2, cid=1945, SUCCESS, logIndex=2853, commits[7049f9e8-7de6-4c8c-bf4c-9bb5512f4299:c2854, 13d9ac51-91bf-4c73-8824-2f58fc5b2747:c2852, 15cd3569-c751-4f18-b157-6804e7d0f08c:c2852]
2019-07-10 05:59:49,222 INFO  client.GrpcClientProtocolClient (GrpcClientProtocolClient.java:onNext(255)) - client-535162E20057->7049f9e8-7de6-4c8c-bf4c-9bb5512f4299: receive RaftClientReply:client-535162E20057->7049f9e8-7de6-4c8c-bf4c-9bb5512f4299@group-3B5DE3AEDFC2, cid=1946, SUCCESS, logIndex=2854, commits[7049f9e8-7de6-4c8c-bf4c-9bb5512f4299:c2856, 13d9ac51-91bf-4c73-8824-2f58fc5b2747:c2852, 15cd3569-c751-4f18-b157-6804e7d0f08c:c2852]
2019-07-10 05:59:49,223 INFO  client.GrpcClientProtocolClient (GrpcClientProtocolClient.java:onNext(255)) - client-535162E20057->7049f9e8-7de6-4c8c-bf4c-9bb5512f4299: receive RaftClientReply:client-535162E20057->7049f9e8-7de6-4c8c-bf4c-9bb5512f4299@group-3B5DE3AEDFC2, cid=1947, SUCCESS, logIndex=2855, commits[7049f9e8-7de6-4c8c-bf4c-9bb5512f4299:c2856, 13d9ac51-91bf-4c73-8824-2f58fc5b2747:c2852, 15cd3569-c751-4f18-b157-6804e7d0f08c:c2852]
2019-07-10 05:59:49,223 INFO  client.GrpcClientProtocolClient (GrpcClientProtocolClient.java:onNext(255)) - client-535162E20057->7049f9e8-7de6-4c8c-bf4c-9bb5512f4299: receive RaftClientReply:client-535162E20057->7049f9e8-7de6-4c8c-bf4c-9bb5512f4299@group-3B5DE3AEDFC2, cid=1948, SUCCESS, logIndex=2856, commits[7049f9e8-7de6-4c8c-bf4c-9bb5512f4299:c2856, 13d9ac51-91bf-4c73-8824-2f58fc5b2747:c2852, 15cd3569-c751-4f18-b157-6804e7d0f08c:c2852]
2019-07-10 05:59:49,226 INFO  client.GrpcClientProtocolClient (GrpcClientProtocolClient.java:onNext(255)) - client-535162E20057->7049f9e8-7de6-4c8c-bf4c-9bb5512f4299: receive RaftClientReply:client-535162E20057->7049f9e8-7de6-4c8c-bf4c-9bb5512f4299@group-3B5DE3AEDFC2, cid=1949, SUCCESS, logIndex=0, commits[7049f9e8-7de6-4c8c-bf4c-9bb5512f4299:c2859, 13d9ac51-91bf-4c73-8824-2f58fc5b2747:c2855, 15cd3569-c751-4f18-b157-6804e7d0f08c:c2854]
2019-07-10 05:59:49,245 INFO  client.GrpcClientProtocolClient (GrpcClientProtocolClient.java:onNext(255)) - client-535162E20057->7049f9e8-7de6-4c8c-bf4c-9bb5512f4299: receive RaftClientReply:client-535162E20057->7049f9e8-7de6-4c8c-bf4c-9bb5512f4299@group-3B5DE3AEDFC2, cid=1950, SUCCESS, logIndex=2861, commits[7049f9e8-7de6-4c8c-bf4c-9bb5512f4299:c2862, 13d9ac51-91bf-4c73-8824-2f58fc5b2747:c2860, 15cd3569-c751-4f18-b157-6804e7d0f08c:c2860]
2019-07-10 05:59:49,245 INFO  client.GrpcClientProtocolClient (GrpcClientProtocolClient.java:onNext(255)) - client-535162E20057->7049f9e8-7de6-4c8c-bf4c-9bb5512f4299: receive RaftClientReply:client-535162E20057->7049f9e8-7de6-4c8c-bf4c-9bb5512f4299@group-3B5DE3AEDFC2, cid=1951, SUCCESS, logIndex=2862, commits[7049f9e8-7de6-4c8c-bf4c-9bb5512f4299:c2862, 13d9ac51-91bf-4c73-8824-2f58fc5b2747:c2860, 15cd3569-c751-4f18-b157-6804e7d0f08c:c2860]
2019-07-10 05:59:49,260 INFO  client.GrpcClientProtocolClient (GrpcClientProtocolClient.java:onNext(255)) - client-535162E20057->7049f9e8-7de6-4c8c-bf4c-9bb5512f4299: receive RaftClientReply:client-535162E20057->7049f9e8-7de6-4c8c-bf4c-9bb5512f4299@group-3B5DE3AEDFC2, cid=1952, SUCCESS, logIndex=2865, commits[7049f9e8-7de6-4c8c-bf4c-9bb5512f4299:c2865, 13d9ac51-91bf-4c73-8824-2f58fc5b2747:c2862, 15cd3569-c751-4f18-b157-6804e7d0f08c:c2862]
2019-07-10 05:59:49,261 INFO  client.GrpcClientProtocolClient (GrpcClientProtocolClient.java:onNext(255)) - client-535162E20057->7049f9e8-7de6-4c8c-bf4c-9bb5512f4299: receive RaftClientReply:client-535162E20057->7049f9e8-7de6-4c8c-bf4c-9bb5512f4299@group-3B5DE3AEDFC2, cid=1953, SUCCESS, logIndex=2866, commits[7049f9e8-7de6-4c8c-bf4c-9bb5512f4299:c2866, 13d9ac51-91bf-4c73-8824-2f58fc5b2747:c2862, 15cd3569-c751-4f18-b157-6804e7d0f08c:c2862]
2019-07-10 05:59:49,274 INFO  client.GrpcClientProtocolClient (GrpcClientProtocolClient.java:onNext(255)) - client-535162E20057->7049f9e8-7de6-4c8c-bf4c-9bb5512f4299: receive RaftClientReply:client-535162E20057->7049f9e8-7de6-4c8c-bf4c-9bb5512f4299@group-3B5DE3AEDFC2, cid=1954, SUCCESS, logIndex=0, commits[7049f9e8-7de6-4c8c-bf4c-9bb5512f4299:c2867, 13d9ac51-91bf-4c73-8824-2f58fc5b2747:c2866, 15cd3569-c751-4f18-b157-6804e7d0f08c:c2866]
2019-07-10 05:59:49,303 INFO  client.GrpcClientProtocolClient (GrpcClientProtocolClient.java:onNext(255)) - client-535162E20057->7049f9e8-7de6-4c8c-bf4c-9bb5512f4299: receive RaftClientReply:client-535162E20057->7049f9e8-7de6-4c8c-bf4c-9bb5512f4299@group-3B5DE3AEDFC2, cid=1955, SUCCESS, logIndex=2869, commits[7049f9e8-7de6-4c8c-bf4c-9bb5512f4299:c2870, 13d9ac51-91bf-4c73-8824-2f58fc5b2747:c2868, 15cd3569-c751-4f18-b157-6804e7d0f08c:c2868]
2019-07-10 05:59:49,304 INFO  client.GrpcClientProtocolClient (GrpcClientProtocolClient.java:onNext(255)) - client-535162E20057->7049f9e8-7de6-4c8c-bf4c-9bb5512f4299: receive RaftClientReply:client-535162E20057->7049f9e8-7de6-4c8c-bf4c-9bb5512f4299@group-3B5DE3AEDFC2, cid=1956, SUCCESS, logIndex=2870, commits[7049f9e8-7de6-4c8c-bf4c-9bb5512f4299:c2870, 13d9ac51-91bf-4c73-8824-2f58fc5b2747:c2868, 15cd3569-c751-4f18-b157-6804e7d0f08c:c2868]
2019-07-10 05:59:49,314 INFO  client.GrpcClientProtocolClient (GrpcClientProtocolClient.java:onNext(255)) - client-535162E20057->7049f9e8-7de6-4c8c-bf4c-9bb5512f4299: receive RaftClientReply:client-535162E20057->7049f9e8-7de6-4c8c-bf4c-9bb5512f4299@group-3B5DE3AEDFC2, cid=1957, SUCCESS, logIndex=2871, commits[7049f9e8-7de6-4c8c-bf4c-9bb5512f4299:c2872, 13d9ac51-91bf-4c73-8824-2f58fc5b2747:c2868, 15cd3569-c751-4f18-b157-6804e7d0f08c:c2868]
2019-07-10 05:59:49,314 INFO  client.GrpcClientProtocolClient (GrpcClientProtocolClient.java:onNext(255)) - client-535162E20057->7049f9e8-7de6-4c8c-bf4c-9bb5512f4299: receive RaftClientReply:client-535162E20057->7049f9e8-7de6-4c8c-bf4c-9bb5512f4299@group-3B5DE3AEDFC2, cid=1958, SUCCESS, logIndex=2872, commits[7049f9e8-7de6-4c8c-bf4c-9bb5512f4299:c2873, 13d9ac51-91bf-4c73-8824-2f58fc5b2747:c2869, 15cd3569-c751-4f18-b157-6804e7d0f08c:c2869]
2019-07-10 05:59:49,317 INFO  client.GrpcClientProtocolClient (GrpcClientProtocolClient.java:onNext(255)) - client-535162E20057->7049f9e8-7de6-4c8c-bf4c-9bb5512f4299: receive RaftClientReply:client-535162E20057->7049f9e8-7de6-4c8c-bf4c-9bb5512f4299@group-3B5DE3AEDFC2, cid=1959, SUCCESS, logIndex=0, commits[7049f9e8-7de6-4c8c-bf4c-9bb5512f4299:c2874, 13d9ac51-91bf-4c73-8824-2f58fc5b2747:c2870, 15cd3569-c751-4f18-b157-6804e7d0f08c:c2870]
2019-07-10 05:59:49,336 INFO  client.GrpcClientProtocolClient (GrpcClientProtocolClient.java:onNext(255)) - client-535162E20057->7049f9e8-7de6-4c8c-bf4c-9bb5512f4299: receive RaftClientReply:client-535162E20057->7049f9e8-7de6-4c8c-bf4c-9bb5512f4299@group-3B5DE3AEDFC2, cid=1960, SUCCESS, logIndex=2877, commits[7049f9e8-7de6-4c8c-bf4c-9bb5512f4299:c2878, 13d9ac51-91bf-4c73-8824-2f58fc5b2747:c2876, 15cd3569-c751-4f18-b157-6804e7d0f08c:c2876]
2019-07-10 05:59:49,336 INFO  client.GrpcClientProtocolClient (GrpcClientProtocolClient.java:onNext(255)) - client-535162E20057->7049f9e8-7de6-4c8c-bf4c-9bb5512f4299: receive RaftClientReply:client-535162E20057->7049f9e8-7de6-4c8c-bf4c-9bb5512f4299@group-3B5DE3AEDFC2, cid=1961, SUCCESS, logIndex=2878, commits[7049f9e8-7de6-4c8c-bf4c-9bb5512f4299:c2878, 13d9ac51-91bf-4c73-8824-2f58fc5b2747:c2876, 15cd3569-c751-4f18-b157-6804e7d0f08c:c2876]
2019-07-10 05:59:49,350 INFO  client.GrpcClientProtocolClient (GrpcClientProtocolClient.java:onNext(255)) - client-535162E20057->7049f9e8-7de6-4c8c-bf4c-9bb5512f4299: receive RaftClientReply:client-535162E20057->7049f9e8-7de6-4c8c-bf4c-9bb5512f4299@group-3B5DE3AEDFC2, cid=1962, SUCCESS, logIndex=2881, commits[7049f9e8-7de6-4c8c-bf4c-9bb5512f4299:c2882, 13d9ac51-91bf-4c73-8824-2f58fc5b2747:c2878, 15cd3569-c751-4f18-b157-6804e7d0f08c:c2878]
2019-07-10 05:59:49,350 INFO  client.GrpcClientProtocolClient (GrpcClientProtocolClient.java:onNext(255)) - client-535162E20057->7049f9e8-7de6-4c8c-bf4c-9bb5512f4299: receive RaftClientReply:client-535162E20057->7049f9e8-7de6-4c8c-bf4c-9bb5512f4299@group-3B5DE3AEDFC2, cid=1963, SUCCESS, logIndex=2882, commits[7049f9e8-7de6-4c8c-bf4c-9bb5512f4299:c2882, 13d9ac51-91bf-4c73-8824-2f58fc5b2747:c2878, 15cd3569-c751-4f18-b157-6804e7d0f08c:c2878]
2019-07-10 05:59:49,353 INFO  client.GrpcClientProtocolClient (GrpcClientProtocolClient.java:onNext(255)) - client-535162E20057->7049f9e8-7de6-4c8c-bf4c-9bb5512f4299: receive RaftClientReply:client-535162E20057->7049f9e8-7de6-4c8c-bf4c-9bb5512f4299@group-3B5DE3AEDFC2, cid=1964, SUCCESS, logIndex=0, commits[7049f9e8-7de6-4c8c-bf4c-9bb5512f4299:c2883, 13d9ac51-91bf-4c73-8824-2f58fc5b2747:c2882, 15cd3569-c751-4f18-b157-6804e7d0f08c:c2882]
2019-07-10 05:59:49,389 INFO  client.GrpcClientProtocolClient (GrpcClientProtocolClient.java:onNext(255)) - client-535162E20057->7049f9e8-7de6-4c8c-bf4c-9bb5512f4299: receive RaftClientReply:client-535162E20057->7049f9e8-7de6-4c8c-bf4c-9bb5512f4299@group-3B5DE3AEDFC2, cid=1965, SUCCESS, logIndex=2885, commits[7049f9e8-7de6-4c8c-bf4c-9bb5512f4299:c2887, 13d9ac51-91bf-4c73-8824-2f58fc5b2747:c2884, 15cd3569-c751-4f18-b157-6804e7d0f08c:c2884]
2019-07-10 05:59:49,390 INFO  client.GrpcClientProtocolClient (GrpcClientProtocolClient.java:onNext(255)) - client-535162E20057->7049f9e8-7de6-4c8c-bf4c-9bb5512f4299: receive RaftClientReply:client-535162E20057->7049f9e8-7de6-4c8c-bf4c-9bb5512f4299@group-3B5DE3AEDFC2, cid=1966, SUCCESS, logIndex=2886, commits[7049f9e8-7de6-4c8c-bf4c-9bb5512f4299:c2888, 13d9ac51-91bf-4c73-8824-2f58fc5b2747:c2884, 15cd3569-c751-4f18-b157-6804e7d0f08c:c2884]
2019-07-10 05:59:49,390 INFO  client.GrpcClientProtocolClient (GrpcClientProtocolClient.java:onNext(255)) - client-535162E20057->7049f9e8-7de6-4c8c-bf4c-9bb5512f4299: receive RaftClientReply:client-535162E20057->7049f9e8-7de6-4c8c-bf4c-9bb5512f4299@group-3B5DE3AEDFC2, cid=1967, SUCCESS, logIndex=2887, commits[7049f9e8-7de6-4c8c-bf4c-9bb5512f4299:c2888, 13d9ac51-91bf-4c73-8824-2f58fc5b2747:c2884, 15cd3569-c751-4f18-b157-6804e7d0f08c:c2884]
2019-07-10 05:59:49,390 INFO  client.GrpcClientProtocolClient (GrpcClientProtocolClient.java:onNext(255)) - client-535162E20057->7049f9e8-7de6-4c8c-bf4c-9bb5512f4299: receive RaftClientReply:client-535162E20057->7049f9e8-7de6-4c8c-bf4c-9bb5512f4299@group-3B5DE3AEDFC2, cid=1968, SUCCESS, logIndex=2888, commits[7049f9e8-7de6-4c8c-bf4c-9bb5512f4299:c2888, 13d9ac51-91bf-4c73-8824-2f58fc5b2747:c2884, 15cd3569-c751-4f18-b157-6804e7d0f08c:c2884]
2019-07-10 05:59:49,402 INFO  client.GrpcClientProtocolClient (GrpcClientProtocolClient.java:onNext(255)) - client-535162E20057->7049f9e8-7de6-4c8c-bf4c-9bb5512f4299: receive RaftClientReply:client-535162E20057->7049f9e8-7de6-4c8c-bf4c-9bb5512f4299@group-3B5DE3AEDFC2, cid=1969, SUCCESS, logIndex=0, commits[7049f9e8-7de6-4c8c-bf4c-9bb5512f4299:c2889, 13d9ac51-91bf-4c73-8824-2f58fc5b2747:c2886, 15cd3569-c751-4f18-b157-6804e7d0f08c:c2886]
2019-07-10 05:59:49,420 INFO  client.GrpcClientProtocolClient (GrpcClientProtocolClient.java:onNext(255)) - client-535162E20057->7049f9e8-7de6-4c8c-bf4c-9bb5512f4299: receive RaftClientReply:client-535162E20057->7049f9e8-7de6-4c8c-bf4c-9bb5512f4299@group-3B5DE3AEDFC2, cid=1970, SUCCESS, logIndex=2893, commits[7049f9e8-7de6-4c8c-bf4c-9bb5512f4299:c2894, 13d9ac51-91bf-4c73-8824-2f58fc5b2747:c2892, 15cd3569-c751-4f18-b157-6804e7d0f08c:c2892]
2019-07-10 05:59:49,421 INFO  client.GrpcClientProtocolClient (GrpcClientProtocolClient.java:onNext(255)) - client-535162E20057->7049f9e8-7de6-4c8c-bf4c-9bb5512f4299: receive RaftClientReply:client-535162E20057->7049f9e8-7de6-4c8c-bf4c-9bb5512f4299@group-3B5DE3AEDFC2, cid=1971, SUCCESS, logIndex=2894, commits[7049f9e8-7de6-4c8c-bf4c-9bb5512f4299:c2894, 13d9ac51-91bf-4c73-8824-2f58fc5b2747:c2892, 15cd3569-c751-4f18-b157-6804e7d0f08c:c2892]
2019-07-10 05:59:49,449 INFO  client.GrpcClientProtocolClient (GrpcClientProtocolClient.java:onNext(255)) - client-535162E20057->7049f9e8-7de6-4c8c-bf4c-9bb5512f4299: receive RaftClientReply:client-535162E20057->7049f9e8-7de6-4c8c-bf4c-9bb5512f4299@group-3B5DE3AEDFC2, cid=1972, SUCCESS, logIndex=2897, commits[7049f9e8-7de6-4c8c-bf4c-9bb5512f4299:c2897, 13d9ac51-91bf-4c73-8824-2f58fc5b2747:c2894, 15cd3569-c751-4f18-b157-6804e7d0f08c:c2894]
2019-07-10 05:59:49,449 INFO  client.GrpcClientProtocolClient (GrpcClientProtocolClient.java:onNext(255)) - client-535162E20057->7049f9e8-7de6-4c8c-bf4c-9bb5512f4299: receive RaftClientReply:client-535162E20057->7049f9e8-7de6-4c8c-bf4c-9bb5512f4299@group-3B5DE3AEDFC2, cid=1973, SUCCESS, logIndex=2898, commits[7049f9e8-7de6-4c8c-bf4c-9bb5512f4299:c2898, 13d9ac51-91bf-4c73-8824-2f58fc5b2747:c2894, 15cd3569-c751-4f18-b157-6804e7d0f08c:c2894]
2019-07-10 05:59:49,464 INFO  client.GrpcClientProtocolClient (GrpcClientProtocolClient.java:onNext(255)) - client-535162E20057->7049f9e8-7de6-4c8c-bf4c-9bb5512f4299: receive RaftClientReply:client-535162E20057->7049f9e8-7de6-4c8c-bf4c-9bb5512f4299@group-3B5DE3AEDFC2, cid=1974, SUCCESS, logIndex=0, commits[7049f9e8-7de6-4c8c-bf4c-9bb5512f4299:c2899, 13d9ac51-91bf-4c73-8824-2f58fc5b2747:c2898, 15cd3569-c751-4f18-b157-6804e7d0f08c:c2898]
 0.00% |█                                                                                                    |  0/1 Time: 0:00:142019-07-10 05:59:49,493 INFO  client.GrpcClientProtocolClient (GrpcClientProtocolClient.java:onNext(255)) - client-535162E20057->7049f9e8-7de6-4c8c-bf4c-9bb5512f4299: receive RaftClientReply:client-535162E20057->7049f9e8-7de6-4c8c-bf4c-9bb5512f4299@group-3B5DE3AEDFC2, cid=1975, SUCCESS, logIndex=2901, commits[7049f9e8-7de6-4c8c-bf4c-9bb5512f4299:c2902, 13d9ac51-91bf-4c73-8824-2f58fc5b2747:c2900, 15cd3569-c751-4f18-b157-6804e7d0f08c:c2900]
2019-07-10 05:59:49,494 INFO  client.GrpcClientProtocolClient (GrpcClientProtocolClient.java:onNext(255)) - client-535162E20057->7049f9e8-7de6-4c8c-bf4c-9bb5512f4299: receive RaftClientReply:client-535162E20057->7049f9e8-7de6-4c8c-bf4c-9bb5512f4299@group-3B5DE3AEDFC2, cid=1976, SUCCESS, logIndex=2902, commits[7049f9e8-7de6-4c8c-bf4c-9bb5512f4299:c2902, 13d9ac51-91bf-4c73-8824-2f58fc5b2747:c2900, 15cd3569-c751-4f18-b157-6804e7d0f08c:c2900]
2019-07-10 05:59:49,495 INFO  client.GrpcClientProtocolClient (GrpcClientProtocolClient.java:onNext(255)) - client-535162E20057->7049f9e8-7de6-4c8c-bf4c-9bb5512f4299: receive RaftClientReply:client-535162E20057->7049f9e8-7de6-4c8c-bf4c-9bb5512f4299@group-3B5DE3AEDFC2, cid=1977, SUCCESS, logIndex=2903, commits[7049f9e8-7de6-4c8c-bf4c-9bb5512f4299:c2904, 13d9ac51-91bf-4c73-8824-2f58fc5b2747:c2900, 15cd3569-c751-4f18-b157-6804e7d0f08c:c2900]
2019-07-10 05:59:49,495 INFO  client.GrpcClientProtocolClient (GrpcClientProtocolClient.java:onNext(255)) - client-535162E20057->7049f9e8-7de6-4c8c-bf4c-9bb5512f4299: receive RaftClientReply:client-535162E20057->7049f9e8-7de6-4c8c-bf4c-9bb5512f4299@group-3B5DE3AEDFC2, cid=1978, SUCCESS, logIndex=2904, commits[7049f9e8-7de6-4c8c-bf4c-9bb5512f4299:c2904, 13d9ac51-91bf-4c73-8824-2f58fc5b2747:c2900, 15cd3569-c751-4f18-b157-6804e7d0f08c:c2900]
2019-07-10 05:59:49,508 INFO  client.GrpcClientProtocolClient (GrpcClientProtocolClient.java:onNext(255)) - client-535162E20057->7049f9e8-7de6-4c8c-bf4c-9bb5512f4299: receive RaftClientReply:client-535162E20057->7049f9e8-7de6-4c8c-bf4c-9bb5512f4299@group-3B5DE3AEDFC2, cid=1979, SUCCESS, logIndex=0, commits[7049f9e8-7de6-4c8c-bf4c-9bb5512f4299:c2906, 13d9ac51-91bf-4c73-8824-2f58fc5b2747:c2902, 15cd3569-c751-4f18-b157-6804e7d0f08c:c2902]
2019-07-10 05:59:49,528 INFO  client.GrpcClientProtocolClient (GrpcClientProtocolClient.java:onNext(255)) - client-535162E20057->7049f9e8-7de6-4c8c-bf4c-9bb5512f4299: receive RaftClientReply:client-535162E20057->7049f9e8-7de6-4c8c-bf4c-9bb5512f4299@group-3B5DE3AEDFC2, cid=1980, SUCCESS, logIndex=2909, commits[7049f9e8-7de6-4c8c-bf4c-9bb5512f4299:c2910, 13d9ac51-91bf-4c73-8824-2f58fc5b2747:c2908, 15cd3569-c751-4f18-b157-6804e7d0f08c:c2908]
2019-07-10 05:59:49,528 INFO  client.GrpcClientProtocolClient (GrpcClientProtocolClient.java:onNext(255)) - client-535162E20057->7049f9e8-7de6-4c8c-bf4c-9bb5512f4299: receive RaftClientReply:client-535162E20057->7049f9e8-7de6-4c8c-bf4c-9bb5512f4299@group-3B5DE3AEDFC2, cid=1981, SUCCESS, logIndex=2910, commits[7049f9e8-7de6-4c8c-bf4c-9bb5512f4299:c2910, 13d9ac51-91bf-4c73-8824-2f58fc5b2747:c2908, 15cd3569-c751-4f18-b157-6804e7d0f08c:c2908]
2019-07-10 05:59:49,542 INFO  client.GrpcClientProtocolClient (GrpcClientProtocolClient.java:onNext(255)) - client-535162E20057->7049f9e8-7de6-4c8c-bf4c-9bb5512f4299: receive RaftClientReply:client-535162E20057->7049f9e8-7de6-4c8c-bf4c-9bb5512f4299@group-3B5DE3AEDFC2, cid=1982, SUCCESS, logIndex=2913, commits[7049f9e8-7de6-4c8c-bf4c-9bb5512f4299:c2914, 13d9ac51-91bf-4c73-8824-2f58fc5b2747:c2910, 15cd3569-c751-4f18-b157-6804e7d0f08c:c2910]
2019-07-10 05:59:49,543 INFO  client.GrpcClientProtocolClient (GrpcClientProtocolClient.java:onNext(255)) - client-535162E20057->7049f9e8-7de6-4c8c-bf4c-9bb5512f4299: receive RaftClientReply:client-535162E20057->7049f9e8-7de6-4c8c-bf4c-9bb5512f4299@group-3B5DE3AEDFC2, cid=1983, SUCCESS, logIndex=2914, commits[7049f9e8-7de6-4c8c-bf4c-9bb5512f4299:c2914, 13d9ac51-91bf-4c73-8824-2f58fc5b2747:c2910, 15cd3569-c751-4f18-b157-6804e7d0f08c:c2910]
2019-07-10 05:59:49,554 INFO  client.GrpcClientProtocolClient (GrpcClientProtocolClient.java:onNext(255)) - client-535162E20057->7049f9e8-7de6-4c8c-bf4c-9bb5512f4299: receive RaftClientReply:client-535162E20057->7049f9e8-7de6-4c8c-bf4c-9bb5512f4299@group-3B5DE3AEDFC2, cid=1984, SUCCESS, logIndex=0, commits[7049f9e8-7de6-4c8c-bf4c-9bb5512f4299:c2915, 13d9ac51-91bf-4c73-8824-2f58fc5b2747:c2914, 15cd3569-c751-4f18-b157-6804e7d0f08c:c2914]
2019-07-10 05:59:49,581 INFO  client.GrpcClientProtocolClient (GrpcClientProtocolClient.java:onNext(255)) - client-535162E20057->7049f9e8-7de6-4c8c-bf4c-9bb5512f4299: receive RaftClientReply:client-535162E20057->7049f9e8-7de6-4c8c-bf4c-9bb5512f4299@group-3B5DE3AEDFC2, cid=1985, SUCCESS, logIndex=2917, commits[7049f9e8-7de6-4c8c-bf4c-9bb5512f4299:c2918, 13d9ac51-91bf-4c73-8824-2f58fc5b2747:c2916, 15cd3569-c751-4f18-b157-6804e7d0f08c:c2916]
2019-07-10 05:59:49,581 INFO  client.GrpcClientProtocolClient (GrpcClientProtocolClient.java:onNext(255)) - client-535162E20057->7049f9e8-7de6-4c8c-bf4c-9bb5512f4299: receive RaftClientReply:client-535162E20057->7049f9e8-7de6-4c8c-bf4c-9bb5512f4299@group-3B5DE3AEDFC2, cid=1986, SUCCESS, logIndex=2918, commits[7049f9e8-7de6-4c8c-bf4c-9bb5512f4299:c2918, 13d9ac51-91bf-4c73-8824-2f58fc5b2747:c2916, 15cd3569-c751-4f18-b157-6804e7d0f08c:c2916]
2019-07-10 05:59:49,592 INFO  client.GrpcClientProtocolClient (GrpcClientProtocolClient.java:onNext(255)) - client-535162E20057->7049f9e8-7de6-4c8c-bf4c-9bb5512f4299: receive RaftClientReply:client-535162E20057->7049f9e8-7de6-4c8c-bf4c-9bb5512f4299@group-3B5DE3AEDFC2, cid=1987, SUCCESS, logIndex=2919, commits[7049f9e8-7de6-4c8c-bf4c-9bb5512f4299:c2920, 13d9ac51-91bf-4c73-8824-2f58fc5b2747:c2916, 15cd3569-c751-4f18-b157-6804e7d0f08c:c2916]
2019-07-10 05:59:49,593 INFO  client.GrpcClientProtocolClient (GrpcClientProtocolClient.java:onNext(255)) - client-535162E20057->7049f9e8-7de6-4c8c-bf4c-9bb5512f4299: receive RaftClientReply:client-535162E20057->7049f9e8-7de6-4c8c-bf4c-9bb5512f4299@group-3B5DE3AEDFC2, cid=1988, SUCCESS, logIndex=2920, commits[7049f9e8-7de6-4c8c-bf4c-9bb5512f4299:c2920, 13d9ac51-91bf-4c73-8824-2f58fc5b2747:c2916, 15cd3569-c751-4f18-b157-6804e7d0f08c:c2916]
2019-07-10 05:59:49,594 INFO  client.GrpcClientProtocolClient (GrpcClientProtocolClient.java:onNext(255)) - client-535162E20057->7049f9e8-7de6-4c8c-bf4c-9bb5512f4299: receive RaftClientReply:client-535162E20057->7049f9e8-7de6-4c8c-bf4c-9bb5512f4299@group-3B5DE3AEDFC2, cid=1989, SUCCESS, logIndex=0, commits[7049f9e8-7de6-4c8c-bf4c-9bb5512f4299:c2921, 13d9ac51-91bf-4c73-8824-2f58fc5b2747:c2918, 15cd3569-c751-4f18-b157-6804e7d0f08c:c2918]
2019-07-10 05:59:49,605 INFO  client.GrpcClientProtocolClient (GrpcClientProtocolClient.java:onNext(255)) - client-535162E20057->7049f9e8-7de6-4c8c-bf4c-9bb5512f4299: receive RaftClientReply:client-535162E20057->7049f9e8-7de6-4c8c-bf4c-9bb5512f4299@group-3B5DE3AEDFC2, cid=1990, SUCCESS, logIndex=2925, commits[7049f9e8-7de6-4c8c-bf4c-9bb5512f4299:c2926, 13d9ac51-91bf-4c73-8824-2f58fc5b2747:c2920, 15cd3569-c751-4f18-b157-6804e7d0f08c:c2924]
2019-07-10 05:59:49,606 INFO  client.GrpcClientProtocolClient (GrpcClientProtocolClient.java:onNext(255)) - client-535162E20057->7049f9e8-7de6-4c8c-bf4c-9bb5512f4299: receive RaftClientReply:client-535162E20057->7049f9e8-7de6-4c8c-bf4c-9bb5512f4299@group-3B5DE3AEDFC2, cid=1991, SUCCESS, logIndex=2926, commits[7049f9e8-7de6-4c8c-bf4c-9bb5512f4299:c2926, 13d9ac51-91bf-4c73-8824-2f58fc5b2747:c2924, 15cd3569-c751-4f18-b157-6804e7d0f08c:c2924]
2019-07-10 05:59:49,616 INFO  client.GrpcClientProtocolClient (GrpcClientProtocolClient.java:onNext(255)) - client-535162E20057->7049f9e8-7de6-4c8c-bf4c-9bb5512f4299: receive RaftClientReply:client-535162E20057->7049f9e8-7de6-4c8c-bf4c-9bb5512f4299@group-3B5DE3AEDFC2, cid=1992, SUCCESS, logIndex=2929, commits[7049f9e8-7de6-4c8c-bf4c-9bb5512f4299:c2930, 13d9ac51-91bf-4c73-8824-2f58fc5b2747:c2926, 15cd3569-c751-4f18-b157-6804e7d0f08c:c2928]
2019-07-10 05:59:49,617 INFO  client.GrpcClientProtocolClient (GrpcClientProtocolClient.java:onNext(255)) - client-535162E20057->7049f9e8-7de6-4c8c-bf4c-9bb5512f4299: receive RaftClientReply:client-535162E20057->7049f9e8-7de6-4c8c-bf4c-9bb5512f4299@group-3B5DE3AEDFC2, cid=1993, SUCCESS, logIndex=2930, commits[7049f9e8-7de6-4c8c-bf4c-9bb5512f4299:c2930, 13d9ac51-91bf-4c73-8824-2f58fc5b2747:c2926, 15cd3569-c751-4f18-b157-6804e7d0f08c:c2928]
2019-07-10 05:59:49,618 INFO  client.GrpcClientProtocolClient (GrpcClientProtocolClient.java:onNext(255)) - client-535162E20057->7049f9e8-7de6-4c8c-bf4c-9bb5512f4299: receive RaftClientReply:client-535162E20057->7049f9e8-7de6-4c8c-bf4c-9bb5512f4299@group-3B5DE3AEDFC2, cid=1994, SUCCESS, logIndex=0, commits[7049f9e8-7de6-4c8c-bf4c-9bb5512f4299:c2931, 13d9ac51-91bf-4c73-8824-2f58fc5b2747:c2930, 15cd3569-c751-4f18-b157-6804e7d0f08c:c2930]
2019-07-10 05:59:49,642 INFO  client.GrpcClientProtocolClient (GrpcClientProtocolClient.java:onNext(255)) - client-535162E20057->7049f9e8-7de6-4c8c-bf4c-9bb5512f4299: receive RaftClientReply:client-535162E20057->7049f9e8-7de6-4c8c-bf4c-9bb5512f4299@group-3B5DE3AEDFC2, cid=1995, SUCCESS, logIndex=2933, commits[7049f9e8-7de6-4c8c-bf4c-9bb5512f4299:c2935, 13d9ac51-91bf-4c73-8824-2f58fc5b2747:c2932, 15cd3569-c751-4f18-b157-6804e7d0f08c:c2932]
2019-07-10 05:59:49,643 INFO  client.GrpcClientProtocolClient (GrpcClientProtocolClient.java:onNext(255)) - client-535162E20057->7049f9e8-7de6-4c8c-bf4c-9bb5512f4299: receive RaftClientReply:client-535162E20057->7049f9e8-7de6-4c8c-bf4c-9bb5512f4299@group-3B5DE3AEDFC2, cid=1996, SUCCESS, logIndex=2934, commits[7049f9e8-7de6-4c8c-bf4c-9bb5512f4299:c2936, 13d9ac51-91bf-4c73-8824-2f58fc5b2747:c2932, 15cd3569-c751-4f18-b157-6804e7d0f08c:c2932]
2019-07-10 05:59:49,643 INFO  client.GrpcClientProtocolClient (GrpcClientProtocolClient.java:onNext(255)) - client-535162E20057->7049f9e8-7de6-4c8c-bf4c-9bb5512f4299: receive RaftClientReply:client-535162E20057->7049f9e8-7de6-4c8c-bf4c-9bb5512f4299@group-3B5DE3AEDFC2, cid=1997, SUCCESS, logIndex=2935, commits[7049f9e8-7de6-4c8c-bf4c-9bb5512f4299:c2936, 13d9ac51-91bf-4c73-8824-2f58fc5b2747:c2932, 15cd3569-c751-4f18-b157-6804e7d0f08c:c2932]
2019-07-10 05:59:49,643 INFO  client.GrpcClientProtocolClient (GrpcClientProtocolClient.java:onNext(255)) - client-535162E20057->7049f9e8-7de6-4c8c-bf4c-9bb5512f4299: receive RaftClientReply:client-535162E20057->7049f9e8-7de6-4c8c-bf4c-9bb5512f4299@group-3B5DE3AEDFC2, cid=1998, SUCCESS, logIndex=2936, commits[7049f9e8-7de6-4c8c-bf4c-9bb5512f4299:c2936, 13d9ac51-91bf-4c73-8824-2f58fc5b2747:c2932, 15cd3569-c751-4f18-b157-6804e7d0f08c:c2932]
2019-07-10 05:59:49,656 INFO  client.GrpcClientProtocolClient (GrpcClientProtocolClient.java:onNext(255)) - client-535162E20057->7049f9e8-7de6-4c8c-bf4c-9bb5512f4299: receive RaftClientReply:client-535162E20057->7049f9e8-7de6-4c8c-bf4c-9bb5512f4299@group-3B5DE3AEDFC2, cid=1999, SUCCESS, logIndex=0, commits[7049f9e8-7de6-4c8c-bf4c-9bb5512f4299:c2939, 13d9ac51-91bf-4c73-8824-2f58fc5b2747:c2935, 15cd3569-c751-4f18-b157-6804e7d0f08c:c2934]
2019-07-10 05:59:49,673 INFO  client.GrpcClientProtocolClient (GrpcClientProtocolClient.java:onNext(255)) - client-535162E20057->7049f9e8-7de6-4c8c-bf4c-9bb5512f4299: receive RaftClientReply:client-535162E20057->7049f9e8-7de6-4c8c-bf4c-9bb5512f4299@group-3B5DE3AEDFC2, cid=2000, SUCCESS, logIndex=2941, commits[7049f9e8-7de6-4c8c-bf4c-9bb5512f4299:c2942, 13d9ac51-91bf-4c73-8824-2f58fc5b2747:c2940, 15cd3569-c751-4f18-b157-6804e7d0f08c:c2940]
2019-07-10 05:59:49,673 INFO  client.GrpcClientProtocolClient (GrpcClientProtocolClient.java:onNext(255)) - client-535162E20057->7049f9e8-7de6-4c8c-bf4c-9bb5512f4299: receive RaftClientReply:client-535162E20057->7049f9e8-7de6-4c8c-bf4c-9bb5512f4299@group-3B5DE3AEDFC2, cid=2001, SUCCESS, logIndex=2942, commits[7049f9e8-7de6-4c8c-bf4c-9bb5512f4299:c2942, 13d9ac51-91bf-4c73-8824-2f58fc5b2747:c2940, 15cd3569-c751-4f18-b157-6804e7d0f08c:c2940]
2019-07-10 05:59:49,688 INFO  client.GrpcClientProtocolClient (GrpcClientProtocolClient.java:onNext(255)) - client-535162E20057->7049f9e8-7de6-4c8c-bf4c-9bb5512f4299: receive RaftClientReply:client-535162E20057->7049f9e8-7de6-4c8c-bf4c-9bb5512f4299@group-3B5DE3AEDFC2, cid=2002, SUCCESS, logIndex=2945, commits[7049f9e8-7de6-4c8c-bf4c-9bb5512f4299:c2945, 13d9ac51-91bf-4c73-8824-2f58fc5b2747:c2942, 15cd3569-c751-4f18-b157-6804e7d0f08c:c2942]
2019-07-10 05:59:49,762 INFO  client.GrpcClientProtocolClient (GrpcClientProtocolClient.java:onNext(255)) - client-535162E20057->7049f9e8-7de6-4c8c-bf4c-9bb5512f4299: receive RaftClientReply:client-535162E20057->7049f9e8-7de6-4c8c-bf4c-9bb5512f4299@group-3B5DE3AEDFC2, cid=2003, SUCCESS, logIndex=2946, commits[7049f9e8-7de6-4c8c-bf4c-9bb5512f4299:c2946, 13d9ac51-91bf-4c73-8824-2f58fc5b2747:c2942, 15cd3569-c751-4f18-b157-6804e7d0f08c:c2942]
2019-07-10 05:59:49,775 INFO  client.GrpcClientProtocolClient (GrpcClientProtocolClient.java:onNext(255)) - client-535162E20057->7049f9e8-7de6-4c8c-bf4c-9bb5512f4299: receive RaftClientReply:client-535162E20057->7049f9e8-7de6-4c8c-bf4c-9bb5512f4299@group-3B5DE3AEDFC2, cid=2004, SUCCESS, logIndex=0, commits[7049f9e8-7de6-4c8c-bf4c-9bb5512f4299:c2948, 13d9ac51-91bf-4c73-8824-2f58fc5b2747:c2946, 15cd3569-c751-4f18-b157-6804e7d0f08c:c2946]
2019-07-10 05:59:49,804 INFO  client.GrpcClientProtocolClient (GrpcClientProtocolClient.java:onNext(255)) - client-535162E20057->7049f9e8-7de6-4c8c-bf4c-9bb5512f4299: receive RaftClientReply:client-535162E20057->7049f9e8-7de6-4c8c-bf4c-9bb5512f4299@group-3B5DE3AEDFC2, cid=2005, SUCCESS, logIndex=2949, commits[7049f9e8-7de6-4c8c-bf4c-9bb5512f4299:c2951, 13d9ac51-91bf-4c73-8824-2f58fc5b2747:c2948, 15cd3569-c751-4f18-b157-6804e7d0f08c:c2948]
2019-07-10 05:59:49,805 INFO  client.GrpcClientProtocolClient (GrpcClientProtocolClient.java:onNext(255)) - client-535162E20057->7049f9e8-7de6-4c8c-bf4c-9bb5512f4299: receive RaftClientReply:client-535162E20057->7049f9e8-7de6-4c8c-bf4c-9bb5512f4299@group-3B5DE3AEDFC2, cid=2006, SUCCESS, logIndex=2950, commits[7049f9e8-7de6-4c8c-bf4c-9bb5512f4299:c2952, 13d9ac51-91bf-4c73-8824-2f58fc5b2747:c2948, 15cd3569-c751-4f18-b157-6804e7d0f08c:c2948]
2019-07-10 05:59:49,805 INFO  client.GrpcClientProtocolClient (GrpcClientProtocolClient.java:onNext(255)) - client-535162E20057->7049f9e8-7de6-4c8c-bf4c-9bb5512f4299: receive RaftClientReply:client-535162E20057->7049f9e8-7de6-4c8c-bf4c-9bb5512f4299@group-3B5DE3AEDFC2, cid=2007, SUCCESS, logIndex=2951, commits[7049f9e8-7de6-4c8c-bf4c-9bb5512f4299:c2952, 13d9ac51-91bf-4c73-8824-2f58fc5b2747:c2948, 15cd3569-c751-4f18-b157-6804e7d0f08c:c2948]
2019-07-10 05:59:49,805 INFO  client.GrpcClientProtocolClient (GrpcClientProtocolClient.java:onNext(255)) - client-535162E20057->7049f9e8-7de6-4c8c-bf4c-9bb5512f4299: receive RaftClientReply:client-535162E20057->7049f9e8-7de6-4c8c-bf4c-9bb5512f4299@group-3B5DE3AEDFC2, cid=2008, SUCCESS, logIndex=2952, commits[7049f9e8-7de6-4c8c-bf4c-9bb5512f4299:c2952, 13d9ac51-91bf-4c73-8824-2f58fc5b2747:c2948, 15cd3569-c751-4f18-b157-6804e7d0f08c:c2948]
2019-07-10 05:59:49,819 INFO  client.GrpcClientProtocolClient (GrpcClientProtocolClient.java:onNext(255)) - client-535162E20057->7049f9e8-7de6-4c8c-bf4c-9bb5512f4299: receive RaftClientReply:client-535162E20057->7049f9e8-7de6-4c8c-bf4c-9bb5512f4299@group-3B5DE3AEDFC2, cid=2009, SUCCESS, logIndex=0, commits[7049f9e8-7de6-4c8c-bf4c-9bb5512f4299:c2956, 13d9ac51-91bf-4c73-8824-2f58fc5b2747:c2952, 15cd3569-c751-4f18-b157-6804e7d0f08c:c2950]
2019-07-10 05:59:49,840 INFO  client.GrpcClientProtocolClient (GrpcClientProtocolClient.java:onNext(255)) - client-535162E20057->7049f9e8-7de6-4c8c-bf4c-9bb5512f4299: receive RaftClientReply:client-535162E20057->7049f9e8-7de6-4c8c-bf4c-9bb5512f4299@group-3B5DE3AEDFC2, cid=2010, SUCCESS, logIndex=2957, commits[7049f9e8-7de6-4c8c-bf4c-9bb5512f4299:c2958, 13d9ac51-91bf-4c73-8824-2f58fc5b2747:c2956, 15cd3569-c751-4f18-b157-6804e7d0f08c:c2956]
2019-07-10 05:59:49,840 INFO  client.GrpcClientProtocolClient (GrpcClientProtocolClient.java:onNext(255)) - client-535162E20057->7049f9e8-7de6-4c8c-bf4c-9bb5512f4299: receive RaftClientReply:client-535162E20057->7049f9e8-7de6-4c8c-bf4c-9bb5512f4299@group-3B5DE3AEDFC2, cid=2011, SUCCESS, logIndex=2958, commits[7049f9e8-7de6-4c8c-bf4c-9bb5512f4299:c2958, 13d9ac51-91bf-4c73-8824-2f58fc5b2747:c2956, 15cd3569-c751-4f18-b157-6804e7d0f08c:c2956]
2019-07-10 05:59:49,867 INFO  client.GrpcClientProtocolClient (GrpcClientProtocolClient.java:onNext(255)) - client-535162E20057->7049f9e8-7de6-4c8c-bf4c-9bb5512f4299: receive RaftClientReply:client-535162E20057->7049f9e8-7de6-4c8c-bf4c-9bb5512f4299@group-3B5DE3AEDFC2, cid=2012, SUCCESS, logIndex=2961, commits[7049f9e8-7de6-4c8c-bf4c-9bb5512f4299:c2962, 13d9ac51-91bf-4c73-8824-2f58fc5b2747:c2958, 15cd3569-c751-4f18-b157-6804e7d0f08c:c2958]
2019-07-10 05:59:49,867 INFO  client.GrpcClientProtocolClient (GrpcClientProtocolClient.java:onNext(255)) - client-535162E20057->7049f9e8-7de6-4c8c-bf4c-9bb5512f4299: receive RaftClientReply:client-535162E20057->7049f9e8-7de6-4c8c-bf4c-9bb5512f4299@group-3B5DE3AEDFC2, cid=2013, SUCCESS, logIndex=2962, commits[7049f9e8-7de6-4c8c-bf4c-9bb5512f4299:c2962, 13d9ac51-91bf-4c73-8824-2f58fc5b2747:c2958, 15cd3569-c751-4f18-b157-6804e7d0f08c:c2958]
2019-07-10 05:59:49,878 INFO  client.GrpcClientProtocolClient (GrpcClientProtocolClient.java:onNext(255)) - client-535162E20057->7049f9e8-7de6-4c8c-bf4c-9bb5512f4299: receive RaftClientReply:client-535162E20057->7049f9e8-7de6-4c8c-bf4c-9bb5512f4299@group-3B5DE3AEDFC2, cid=2014, SUCCESS, logIndex=0, commits[7049f9e8-7de6-4c8c-bf4c-9bb5512f4299:c2963, 13d9ac51-91bf-4c73-8824-2f58fc5b2747:c2962, 15cd3569-c751-4f18-b157-6804e7d0f08c:c2962]
2019-07-10 05:59:49,902 INFO  client.GrpcClientProtocolClient (GrpcClientProtocolClient.java:onNext(255)) - client-535162E20057->7049f9e8-7de6-4c8c-bf4c-9bb5512f4299: receive RaftClientReply:client-535162E20057->7049f9e8-7de6-4c8c-bf4c-9bb5512f4299@group-3B5DE3AEDFC2, cid=2015, SUCCESS, logIndex=2965, commits[7049f9e8-7de6-4c8c-bf4c-9bb5512f4299:c2965, 13d9ac51-91bf-4c73-8824-2f58fc5b2747:c2964, 15cd3569-c751-4f18-b157-6804e7d0f08c:c2964]
2019-07-10 05:59:49,903 INFO  client.GrpcClientProtocolClient (GrpcClientProtocolClient.java:onNext(255)) - client-535162E20057->7049f9e8-7de6-4c8c-bf4c-9bb5512f4299: receive RaftClientReply:client-535162E20057->7049f9e8-7de6-4c8c-bf4c-9bb5512f4299@group-3B5DE3AEDFC2, cid=2016, SUCCESS, logIndex=2966, commits[7049f9e8-7de6-4c8c-bf4c-9bb5512f4299:c2966, 13d9ac51-91bf-4c73-8824-2f58fc5b2747:c2964, 15cd3569-c751-4f18-b157-6804e7d0f08c:c2964]
2019-07-10 05:59:49,903 INFO  client.GrpcClientProtocolClient (GrpcClientProtocolClient.java:onNext(255)) - client-535162E20057->7049f9e8-7de6-4c8c-bf4c-9bb5512f4299: receive RaftClientReply:client-535162E20057->7049f9e8-7de6-4c8c-bf4c-9bb5512f4299@group-3B5DE3AEDFC2, cid=2017, SUCCESS, logIndex=2967, commits[7049f9e8-7de6-4c8c-bf4c-9bb5512f4299:c2968, 13d9ac51-91bf-4c73-8824-2f58fc5b2747:c2964, 15cd3569-c751-4f18-b157-6804e7d0f08c:c2964]
2019-07-10 05:59:49,904 INFO  client.GrpcClientProtocolClient (GrpcClientProtocolClient.java:onNext(255)) - client-535162E20057->7049f9e8-7de6-4c8c-bf4c-9bb5512f4299: receive RaftClientReply:client-535162E20057->7049f9e8-7de6-4c8c-bf4c-9bb5512f4299@group-3B5DE3AEDFC2, cid=2018, SUCCESS, logIndex=2968, commits[7049f9e8-7de6-4c8c-bf4c-9bb5512f4299:c2968, 13d9ac51-91bf-4c73-8824-2f58fc5b2747:c2964, 15cd3569-c751-4f18-b157-6804e7d0f08c:c2964]
2019-07-10 05:59:49,917 INFO  client.GrpcClientProtocolClient (GrpcClientProtocolClient.java:onNext(255)) - client-535162E20057->7049f9e8-7de6-4c8c-bf4c-9bb5512f4299: receive RaftClientReply:client-535162E20057->7049f9e8-7de6-4c8c-bf4c-9bb5512f4299@group-3B5DE3AEDFC2, cid=2019, SUCCESS, logIndex=0, commits[7049f9e8-7de6-4c8c-bf4c-9bb5512f4299:c2970, 13d9ac51-91bf-4c73-8824-2f58fc5b2747:c2966, 15cd3569-c751-4f18-b157-6804e7d0f08c:c2966]
2019-07-10 05:59:49,932 INFO  client.GrpcClientProtocolClient (GrpcClientProtocolClient.java:onNext(255)) - client-535162E20057->7049f9e8-7de6-4c8c-bf4c-9bb5512f4299: receive RaftClientReply:client-535162E20057->7049f9e8-7de6-4c8c-bf4c-9bb5512f4299@group-3B5DE3AEDFC2, cid=2020, SUCCESS, logIndex=2973, commits[7049f9e8-7de6-4c8c-bf4c-9bb5512f4299:c2974, 13d9ac51-91bf-4c73-8824-2f58fc5b2747:c2972, 15cd3569-c751-4f18-b157-6804e7d0f08c:c2972]
2019-07-10 05:59:49,932 INFO  client.GrpcClientProtocolClient (GrpcClientProtocolClient.java:onNext(255)) - client-535162E20057->7049f9e8-7de6-4c8c-bf4c-9bb5512f4299: receive RaftClientReply:client-535162E20057->7049f9e8-7de6-4c8c-bf4c-9bb5512f4299@group-3B5DE3AEDFC2, cid=2021, SUCCESS, logIndex=2974, commits[7049f9e8-7de6-4c8c-bf4c-9bb5512f4299:c2974, 13d9ac51-91bf-4c73-8824-2f58fc5b2747:c2972, 15cd3569-c751-4f18-b157-6804e7d0f08c:c2972]
2019-07-10 05:59:49,961 INFO  client.GrpcClientProtocolClient (GrpcClientProtocolClient.java:onNext(255)) - client-535162E20057->7049f9e8-7de6-4c8c-bf4c-9bb5512f4299: receive RaftClientReply:client-535162E20057->7049f9e8-7de6-4c8c-bf4c-9bb5512f4299@group-3B5DE3AEDFC2, cid=2022, SUCCESS, logIndex=2977, commits[7049f9e8-7de6-4c8c-bf4c-9bb5512f4299:c2978, 13d9ac51-91bf-4c73-8824-2f58fc5b2747:c2974, 15cd3569-c751-4f18-b157-6804e7d0f08c:c2974]
2019-07-10 05:59:49,961 INFO  client.GrpcClientProtocolClient (GrpcClientProtocolClient.java:onNext(255)) - client-535162E20057->7049f9e8-7de6-4c8c-bf4c-9bb5512f4299: receive RaftClientReply:client-535162E20057->7049f9e8-7de6-4c8c-bf4c-9bb5512f4299@group-3B5DE3AEDFC2, cid=2023, SUCCESS, logIndex=2978, commits[7049f9e8-7de6-4c8c-bf4c-9bb5512f4299:c2978, 13d9ac51-91bf-4c73-8824-2f58fc5b2747:c2974, 15cd3569-c751-4f18-b157-6804e7d0f08c:c2974]
2019-07-10 05:59:49,972 INFO  client.GrpcClientProtocolClient (GrpcClientProtocolClient.java:onNext(255)) - client-535162E20057->7049f9e8-7de6-4c8c-bf4c-9bb5512f4299: receive RaftClientReply:client-535162E20057->7049f9e8-7de6-4c8c-bf4c-9bb5512f4299@group-3B5DE3AEDFC2, cid=2024, SUCCESS, logIndex=0, commits[7049f9e8-7de6-4c8c-bf4c-9bb5512f4299:c2979, 13d9ac51-91bf-4c73-8824-2f58fc5b2747:c2978, 15cd3569-c751-4f18-b157-6804e7d0f08c:c2978]
2019-07-10 05:59:49,999 INFO  client.GrpcClientProtocolClient (GrpcClientProtocolClient.java:onNext(255)) - client-535162E20057->7049f9e8-7de6-4c8c-bf4c-9bb5512f4299: receive RaftClientReply:client-535162E20057->7049f9e8-7de6-4c8c-bf4c-9bb5512f4299@group-3B5DE3AEDFC2, cid=2025, SUCCESS, logIndex=2981, commits[7049f9e8-7de6-4c8c-bf4c-9bb5512f4299:c2982, 13d9ac51-91bf-4c73-8824-2f58fc5b2747:c2980, 15cd3569-c751-4f18-b157-6804e7d0f08c:c2980]
2019-07-10 05:59:50,000 INFO  client.GrpcClientProtocolClient (GrpcClientProtocolClient.java:onNext(255)) - client-535162E20057->7049f9e8-7de6-4c8c-bf4c-9bb5512f4299: receive RaftClientReply:client-535162E20057->7049f9e8-7de6-4c8c-bf4c-9bb5512f4299@group-3B5DE3AEDFC2, cid=2026, SUCCESS, logIndex=2982, commits[7049f9e8-7de6-4c8c-bf4c-9bb5512f4299:c2983, 13d9ac51-91bf-4c73-8824-2f58fc5b2747:c2980, 15cd3569-c751-4f18-b157-6804e7d0f08c:c2980]
2019-07-10 05:59:50,000 INFO  client.GrpcClientProtocolClient (GrpcClientProtocolClient.java:onNext(255)) - client-535162E20057->7049f9e8-7de6-4c8c-bf4c-9bb5512f4299: receive RaftClientReply:client-535162E20057->7049f9e8-7de6-4c8c-bf4c-9bb5512f4299@group-3B5DE3AEDFC2, cid=2027, SUCCESS, logIndex=2983, commits[7049f9e8-7de6-4c8c-bf4c-9bb5512f4299:c2984, 13d9ac51-91bf-4c73-8824-2f58fc5b2747:c2980, 15cd3569-c751-4f18-b157-6804e7d0f08c:c2980]
2019-07-10 05:59:50,000 INFO  client.GrpcClientProtocolClient (GrpcClientProtocolClient.java:onNext(255)) - client-535162E20057->7049f9e8-7de6-4c8c-bf4c-9bb5512f4299: receive RaftClientReply:client-535162E20057->7049f9e8-7de6-4c8c-bf4c-9bb5512f4299@group-3B5DE3AEDFC2, cid=2028, SUCCESS, logIndex=2984, commits[7049f9e8-7de6-4c8c-bf4c-9bb5512f4299:c2984, 13d9ac51-91bf-4c73-8824-2f58fc5b2747:c2980, 15cd3569-c751-4f18-b157-6804e7d0f08c:c2980]
2019-07-10 05:59:50,002 INFO  client.GrpcClientProtocolClient (GrpcClientProtocolClient.java:onNext(255)) - client-535162E20057->7049f9e8-7de6-4c8c-bf4c-9bb5512f4299: receive RaftClientReply:client-535162E20057->7049f9e8-7de6-4c8c-bf4c-9bb5512f4299@group-3B5DE3AEDFC2, cid=2029, SUCCESS, logIndex=0, commits[7049f9e8-7de6-4c8c-bf4c-9bb5512f4299:c2986, 13d9ac51-91bf-4c73-8824-2f58fc5b2747:c2982, 15cd3569-c751-4f18-b157-6804e7d0f08c:c2982]
2019-07-10 05:59:50,015 INFO  client.GrpcClientProtocolClient (GrpcClientProtocolClient.java:onNext(255)) - client-535162E20057->7049f9e8-7de6-4c8c-bf4c-9bb5512f4299: receive RaftClientReply:client-535162E20057->7049f9e8-7de6-4c8c-bf4c-9bb5512f4299@group-3B5DE3AEDFC2, cid=2030, SUCCESS, logIndex=2989, commits[7049f9e8-7de6-4c8c-bf4c-9bb5512f4299:c2990, 13d9ac51-91bf-4c73-8824-2f58fc5b2747:c2987, 15cd3569-c751-4f18-b157-6804e7d0f08c:c2987]
2019-07-10 05:59:50,015 INFO  client.GrpcClientProtocolClient (GrpcClientProtocolClient.java:onNext(255)) - client-535162E20057->7049f9e8-7de6-4c8c-bf4c-9bb5512f4299: receive RaftClientReply:client-535162E20057->7049f9e8-7de6-4c8c-bf4c-9bb5512f4299@group-3B5DE3AEDFC2, cid=2031, SUCCESS, logIndex=2990, commits[7049f9e8-7de6-4c8c-bf4c-9bb5512f4299:c2990, 13d9ac51-91bf-4c73-8824-2f58fc5b2747:c2987, 15cd3569-c751-4f18-b157-6804e7d0f08c:c2987]
2019-07-10 05:59:50,034 INFO  client.GrpcClientProtocolClient (GrpcClientProtocolClient.java:onNext(255)) - client-535162E20057->7049f9e8-7de6-4c8c-bf4c-9bb5512f4299: receive RaftClientReply:client-535162E20057->7049f9e8-7de6-4c8c-bf4c-9bb5512f4299@group-3B5DE3AEDFC2, cid=2032, SUCCESS, logIndex=2993, commits[7049f9e8-7de6-4c8c-bf4c-9bb5512f4299:c2994, 13d9ac51-91bf-4c73-8824-2f58fc5b2747:c2992, 15cd3569-c751-4f18-b157-6804e7d0f08c:c2992]
2019-07-10 05:59:50,034 INFO  client.GrpcClientProtocolClient (GrpcClientProtocolClient.java:onNext(255)) - client-535162E20057->7049f9e8-7de6-4c8c-bf4c-9bb5512f4299: receive RaftClientReply:client-535162E20057->7049f9e8-7de6-4c8c-bf4c-9bb5512f4299@group-3B5DE3AEDFC2, cid=2033, SUCCESS, logIndex=2994, commits[7049f9e8-7de6-4c8c-bf4c-9bb5512f4299:c2994, 13d9ac51-91bf-4c73-8824-2f58fc5b2747:c2992, 15cd3569-c751-4f18-b157-6804e7d0f08c:c2992]
2019-07-10 05:59:50,047 INFO  client.GrpcClientProtocolClient (GrpcClientProtocolClient.java:onNext(255)) - client-535162E20057->7049f9e8-7de6-4c8c-bf4c-9bb5512f4299: receive RaftClientReply:client-535162E20057->7049f9e8-7de6-4c8c-bf4c-9bb5512f4299@group-3B5DE3AEDFC2, cid=2034, SUCCESS, logIndex=0, commits[7049f9e8-7de6-4c8c-bf4c-9bb5512f4299:c2996, 13d9ac51-91bf-4c73-8824-2f58fc5b2747:c2994, 15cd3569-c751-4f18-b157-6804e7d0f08c:c2994]
2019-07-10 05:59:50,075 INFO  client.GrpcClientProtocolClient (GrpcClientProtocolClient.java:onNext(255)) - client-535162E20057->7049f9e8-7de6-4c8c-bf4c-9bb5512f4299: receive RaftClientReply:client-535162E20057->7049f9e8-7de6-4c8c-bf4c-9bb5512f4299@group-3B5DE3AEDFC2, cid=2035, SUCCESS, logIndex=2997, commits[7049f9e8-7de6-4c8c-bf4c-9bb5512f4299:c2998, 13d9ac51-91bf-4c73-8824-2f58fc5b2747:c2996, 15cd3569-c751-4f18-b157-6804e7d0f08c:c2996]
2019-07-10 05:59:50,076 INFO  client.GrpcClientProtocolClient (GrpcClientProtocolClient.java:onNext(255)) - client-535162E20057->7049f9e8-7de6-4c8c-bf4c-9bb5512f4299: receive RaftClientReply:client-535162E20057->7049f9e8-7de6-4c8c-bf4c-9bb5512f4299@group-3B5DE3AEDFC2, cid=2036, SUCCESS, logIndex=2998, commits[7049f9e8-7de6-4c8c-bf4c-9bb5512f4299:c2998, 13d9ac51-91bf-4c73-8824-2f58fc5b2747:c2996, 15cd3569-c751-4f18-b157-6804e7d0f08c:c2996]
2019-07-10 05:59:50,086 INFO  client.GrpcClientProtocolClient (GrpcClientProtocolClient.java:onNext(255)) - client-535162E20057->7049f9e8-7de6-4c8c-bf4c-9bb5512f4299: receive RaftClientReply:client-535162E20057->7049f9e8-7de6-4c8c-bf4c-9bb5512f4299@group-3B5DE3AEDFC2, cid=2037, SUCCESS, logIndex=2999, commits[7049f9e8-7de6-4c8c-bf4c-9bb5512f4299:c3000, 13d9ac51-91bf-4c73-8824-2f58fc5b2747:c2996, 15cd3569-c751-4f18-b157-6804e7d0f08c:c2996]
2019-07-10 05:59:50,086 INFO  client.GrpcClientProtocolClient (GrpcClientProtocolClient.java:onNext(255)) - client-535162E20057->7049f9e8-7de6-4c8c-bf4c-9bb5512f4299: receive RaftClientReply:client-535162E20057->7049f9e8-7de6-4c8c-bf4c-9bb5512f4299@group-3B5DE3AEDFC2, cid=2038, SUCCESS, logIndex=3000, commits[7049f9e8-7de6-4c8c-bf4c-9bb5512f4299:c3000, 13d9ac51-91bf-4c73-8824-2f58fc5b2747:c2996, 15cd3569-c751-4f18-b157-6804e7d0f08c:c2996]
2019-07-10 05:59:50,088 INFO  client.GrpcClientProtocolClient (GrpcClientProtocolClient.java:onNext(255)) - client-535162E20057->7049f9e8-7de6-4c8c-bf4c-9bb5512f4299: receive RaftClientReply:client-535162E20057->7049f9e8-7de6-4c8c-bf4c-9bb5512f4299@group-3B5DE3AEDFC2, cid=2039, SUCCESS, logIndex=0, commits[7049f9e8-7de6-4c8c-bf4c-9bb5512f4299:c3001, 13d9ac51-91bf-4c73-8824-2f58fc5b2747:c2998, 15cd3569-c751-4f18-b157-6804e7d0f08c:c2998]
2019-07-10 05:59:50,101 INFO  client.GrpcClientProtocolClient (GrpcClientProtocolClient.java:onNext(255)) - client-535162E20057->7049f9e8-7de6-4c8c-bf4c-9bb5512f4299: receive RaftClientReply:client-535162E20057->7049f9e8-7de6-4c8c-bf4c-9bb5512f4299@group-3B5DE3AEDFC2, cid=2040, SUCCESS, logIndex=3005, commits[7049f9e8-7de6-4c8c-bf4c-9bb5512f4299:c3006, 13d9ac51-91bf-4c73-8824-2f58fc5b2747:c3002, 15cd3569-c751-4f18-b157-6804e7d0f08c:c3000]
2019-07-10 05:59:50,101 INFO  client.GrpcClientProtocolClient (GrpcClientProtocolClient.java:onNext(255)) - client-535162E20057->7049f9e8-7de6-4c8c-bf4c-9bb5512f4299: receive RaftClientReply:client-535162E20057->7049f9e8-7de6-4c8c-bf4c-9bb5512f4299@group-3B5DE3AEDFC2, cid=2041, SUCCESS, logIndex=3006, commits[7049f9e8-7de6-4c8c-bf4c-9bb5512f4299:c3006, 13d9ac51-91bf-4c73-8824-2f58fc5b2747:c3002, 15cd3569-c751-4f18-b157-6804e7d0f08c:c3002]
2019-07-10 05:59:50,113 INFO  client.GrpcClientProtocolClient (GrpcClientProtocolClient.java:onNext(255)) - client-535162E20057->7049f9e8-7de6-4c8c-bf4c-9bb5512f4299: receive RaftClientReply:client-535162E20057->7049f9e8-7de6-4c8c-bf4c-9bb5512f4299@group-3B5DE3AEDFC2, cid=2042, SUCCESS, logIndex=3009, commits[7049f9e8-7de6-4c8c-bf4c-9bb5512f4299:c3010, 13d9ac51-91bf-4c73-8824-2f58fc5b2747:c3006, 15cd3569-c751-4f18-b157-6804e7d0f08c:c3008]
2019-07-10 05:59:50,114 INFO  client.GrpcClientProtocolClient (GrpcClientProtocolClient.java:onNext(255)) - client-535162E20057->7049f9e8-7de6-4c8c-bf4c-9bb5512f4299: receive RaftClientReply:client-535162E20057->7049f9e8-7de6-4c8c-bf4c-9bb5512f4299@group-3B5DE3AEDFC2, cid=2043, SUCCESS, logIndex=3010, commits[7049f9e8-7de6-4c8c-bf4c-9bb5512f4299:c3010, 13d9ac51-91bf-4c73-8824-2f58fc5b2747:c3008, 15cd3569-c751-4f18-b157-6804e7d0f08c:c3008]
2019-07-10 05:59:50,117 INFO  client.GrpcClientProtocolClient (GrpcClientProtocolClient.java:onNext(255)) - client-535162E20057->7049f9e8-7de6-4c8c-bf4c-9bb5512f4299: receive RaftClientReply:client-535162E20057->7049f9e8-7de6-4c8c-bf4c-9bb5512f4299@group-3B5DE3AEDFC2, cid=2044, SUCCESS, logIndex=0, commits[7049f9e8-7de6-4c8c-bf4c-9bb5512f4299:c3011, 13d9ac51-91bf-4c73-8824-2f58fc5b2747:c3010, 15cd3569-c751-4f18-b157-6804e7d0f08c:c3010]
2019-07-10 05:59:50,158 INFO  client.GrpcClientProtocolClient (GrpcClientProtocolClient.java:onNext(255)) - client-535162E20057->7049f9e8-7de6-4c8c-bf4c-9bb5512f4299: receive RaftClientReply:client-535162E20057->7049f9e8-7de6-4c8c-bf4c-9bb5512f4299@group-3B5DE3AEDFC2, cid=2045, SUCCESS, logIndex=3013, commits[7049f9e8-7de6-4c8c-bf4c-9bb5512f4299:c3014, 13d9ac51-91bf-4c73-8824-2f58fc5b2747:c3012, 15cd3569-c751-4f18-b157-6804e7d0f08c:c3012]
2019-07-10 05:59:50,158 INFO  client.GrpcClientProtocolClient (GrpcClientProtocolClient.java:onNext(255)) - client-535162E20057->7049f9e8-7de6-4c8c-bf4c-9bb5512f4299: receive RaftClientReply:client-535162E20057->7049f9e8-7de6-4c8c-bf4c-9bb5512f4299@group-3B5DE3AEDFC2, cid=2046, SUCCESS, logIndex=3014, commits[7049f9e8-7de6-4c8c-bf4c-9bb5512f4299:c3014, 13d9ac51-91bf-4c73-8824-2f58fc5b2747:c3012, 15cd3569-c751-4f18-b157-6804e7d0f08c:c3012]
2019-07-10 05:59:50,169 INFO  client.GrpcClientProtocolClient (GrpcClientProtocolClient.java:onNext(255)) - client-535162E20057->7049f9e8-7de6-4c8c-bf4c-9bb5512f4299: receive RaftClientReply:client-535162E20057->7049f9e8-7de6-4c8c-bf4c-9bb5512f4299@group-3B5DE3AEDFC2, cid=2047, SUCCESS, logIndex=3015, commits[7049f9e8-7de6-4c8c-bf4c-9bb5512f4299:c3016, 13d9ac51-91bf-4c73-8824-2f58fc5b2747:c3012, 15cd3569-c751-4f18-b157-6804e7d0f08c:c3012]
2019-07-10 05:59:50,169 INFO  client.GrpcClientProtocolClient (GrpcClientProtocolClient.java:onNext(255)) - client-535162E20057->7049f9e8-7de6-4c8c-bf4c-9bb5512f4299: receive RaftClientReply:client-535162E20057->7049f9e8-7de6-4c8c-bf4c-9bb5512f4299@group-3B5DE3AEDFC2, cid=2048, SUCCESS, logIndex=3016, commits[7049f9e8-7de6-4c8c-bf4c-9bb5512f4299:c3016, 13d9ac51-91bf-4c73-8824-2f58fc5b2747:c3012, 15cd3569-c751-4f18-b157-6804e7d0f08c:c3012]
2019-07-10 05:59:50,172 INFO  client.GrpcClientProtocolClient (GrpcClientProtocolClient.java:onNext(255)) - client-535162E20057->7049f9e8-7de6-4c8c-bf4c-9bb5512f4299: receive RaftClientReply:client-535162E20057->7049f9e8-7de6-4c8c-bf4c-9bb5512f4299@group-3B5DE3AEDFC2, cid=2049, SUCCESS, logIndex=0, commits[7049f9e8-7de6-4c8c-bf4c-9bb5512f4299:c3018, 13d9ac51-91bf-4c73-8824-2f58fc5b2747:c3014, 15cd3569-c751-4f18-b157-6804e7d0f08c:c3014]
2019-07-10 05:59:50,185 INFO  client.GrpcClientProtocolClient (GrpcClientProtocolClient.java:onNext(255)) - client-535162E20057->7049f9e8-7de6-4c8c-bf4c-9bb5512f4299: receive RaftClientReply:client-535162E20057->7049f9e8-7de6-4c8c-bf4c-9bb5512f4299@group-3B5DE3AEDFC2, cid=2050, SUCCESS, logIndex=3021, commits[7049f9e8-7de6-4c8c-bf4c-9bb5512f4299:c3022, 13d9ac51-91bf-4c73-8824-2f58fc5b2747:c3018, 15cd3569-c751-4f18-b157-6804e7d0f08c:c3016]
2019-07-10 05:59:50,186 INFO  client.GrpcClientProtocolClient (GrpcClientProtocolClient.java:onNext(255)) - client-535162E20057->7049f9e8-7de6-4c8c-bf4c-9bb5512f4299: receive RaftClientReply:client-535162E20057->7049f9e8-7de6-4c8c-bf4c-9bb5512f4299@group-3B5DE3AEDFC2, cid=2051, SUCCESS, logIndex=3022, commits[7049f9e8-7de6-4c8c-bf4c-9bb5512f4299:c3022, 13d9ac51-91bf-4c73-8824-2f58fc5b2747:c3018, 15cd3569-c751-4f18-b157-6804e7d0f08c:c3018]
2019-07-10 05:59:50,201 INFO  client.GrpcClientProtocolClient (GrpcClientProtocolClient.java:onNext(255)) - client-535162E20057->7049f9e8-7de6-4c8c-bf4c-9bb5512f4299: receive RaftClientReply:client-535162E20057->7049f9e8-7de6-4c8c-bf4c-9bb5512f4299@group-3B5DE3AEDFC2, cid=2052, SUCCESS, logIndex=3025, commits[7049f9e8-7de6-4c8c-bf4c-9bb5512f4299:c3026, 13d9ac51-91bf-4c73-8824-2f58fc5b2747:c3023, 15cd3569-c751-4f18-b157-6804e7d0f08c:c3022]
2019-07-10 05:59:50,202 INFO  client.GrpcClientProtocolClient (GrpcClientProtocolClient.java:onNext(255)) - client-535162E20057->7049f9e8-7de6-4c8c-bf4c-9bb5512f4299: receive RaftClientReply:client-535162E20057->7049f9e8-7de6-4c8c-bf4c-9bb5512f4299@group-3B5DE3AEDFC2, cid=2053, SUCCESS, logIndex=3026, commits[7049f9e8-7de6-4c8c-bf4c-9bb5512f4299:c3026, 13d9ac51-91bf-4c73-8824-2f58fc5b2747:c3023, 15cd3569-c751-4f18-b157-6804e7d0f08c:c3023]
2019-07-10 05:59:50,203 INFO  client.GrpcClientProtocolClient (GrpcClientProtocolClient.java:onNext(255)) - client-535162E20057->7049f9e8-7de6-4c8c-bf4c-9bb5512f4299: receive RaftClientReply:client-535162E20057->7049f9e8-7de6-4c8c-bf4c-9bb5512f4299@group-3B5DE3AEDFC2, cid=2054, SUCCESS, logIndex=0, commits[7049f9e8-7de6-4c8c-bf4c-9bb5512f4299:c3027, 13d9ac51-91bf-4c73-8824-2f58fc5b2747:c3026, 15cd3569-c751-4f18-b157-6804e7d0f08c:c3026]
2019-07-10 05:59:50,229 INFO  client.GrpcClientProtocolClient (GrpcClientProtocolClient.java:onNext(255)) - client-535162E20057->7049f9e8-7de6-4c8c-bf4c-9bb5512f4299: receive RaftClientReply:client-535162E20057->7049f9e8-7de6-4c8c-bf4c-9bb5512f4299@group-3B5DE3AEDFC2, cid=2055, SUCCESS, logIndex=3029, commits[7049f9e8-7de6-4c8c-bf4c-9bb5512f4299:c3031, 13d9ac51-91bf-4c73-8824-2f58fc5b2747:c3028, 15cd3569-c751-4f18-b157-6804e7d0f08c:c3028]
2019-07-10 05:59:50,229 INFO  client.GrpcClientProtocolClient (GrpcClientProtocolClient.java:onNext(255)) - client-535162E20057->7049f9e8-7de6-4c8c-bf4c-9bb5512f4299: receive RaftClientReply:client-535162E20057->7049f9e8-7de6-4c8c-bf4c-9bb5512f4299@group-3B5DE3AEDFC2, cid=2056, SUCCESS, logIndex=3030, commits[7049f9e8-7de6-4c8c-bf4c-9bb5512f4299:c3032, 13d9ac51-91bf-4c73-8824-2f58fc5b2747:c3028, 15cd3569-c751-4f18-b157-6804e7d0f08c:c3028]
2019-07-10 05:59:50,230 INFO  client.GrpcClientProtocolClient (GrpcClientProtocolClient.java:onNext(255)) - client-535162E20057->7049f9e8-7de6-4c8c-bf4c-9bb5512f4299: receive RaftClientReply:client-535162E20057->7049f9e8-7de6-4c8c-bf4c-9bb5512f4299@group-3B5DE3AEDFC2, cid=2057, SUCCESS, logIndex=3031, commits[7049f9e8-7de6-4c8c-bf4c-9bb5512f4299:c3032, 13d9ac51-91bf-4c73-8824-2f58fc5b2747:c3028, 15cd3569-c751-4f18-b157-6804e7d0f08c:c3028]
2019-07-10 05:59:50,230 INFO  client.GrpcClientProtocolClient (GrpcClientProtocolClient.java:onNext(255)) - client-535162E20057->7049f9e8-7de6-4c8c-bf4c-9bb5512f4299: receive RaftClientReply:client-535162E20057->7049f9e8-7de6-4c8c-bf4c-9bb5512f4299@group-3B5DE3AEDFC2, cid=2058, SUCCESS, logIndex=3032, commits[7049f9e8-7de6-4c8c-bf4c-9bb5512f4299:c3032, 13d9ac51-91bf-4c73-8824-2f58fc5b2747:c3028, 15cd3569-c751-4f18-b157-6804e7d0f08c:c3028]
2019-07-10 05:59:50,243 INFO  client.GrpcClientProtocolClient (GrpcClientProtocolClient.java:onNext(255)) - client-535162E20057->7049f9e8-7de6-4c8c-bf4c-9bb5512f4299: receive RaftClientReply:client-535162E20057->7049f9e8-7de6-4c8c-bf4c-9bb5512f4299@group-3B5DE3AEDFC2, cid=2059, SUCCESS, logIndex=0, commits[7049f9e8-7de6-4c8c-bf4c-9bb5512f4299:c3034, 13d9ac51-91bf-4c73-8824-2f58fc5b2747:c3031, 15cd3569-c751-4f18-b157-6804e7d0f08c:c3031]
2019-07-10 05:59:50,264 INFO  client.GrpcClientProtocolClient (GrpcClientProtocolClient.java:onNext(255)) - client-535162E20057->7049f9e8-7de6-4c8c-bf4c-9bb5512f4299: receive RaftClientReply:client-535162E20057->7049f9e8-7de6-4c8c-bf4c-9bb5512f4299@group-3B5DE3AEDFC2, cid=2060, SUCCESS, logIndex=3037, commits[7049f9e8-7de6-4c8c-bf4c-9bb5512f4299:c3038, 13d9ac51-91bf-4c73-8824-2f58fc5b2747:c3036, 15cd3569-c751-4f18-b157-6804e7d0f08c:c3032]
2019-07-10 05:59:50,264 INFO  client.GrpcClientProtocolClient (GrpcClientProtocolClient.java:onNext(255)) - client-535162E20057->7049f9e8-7de6-4c8c-bf4c-9bb5512f4299: receive RaftClientReply:client-535162E20057->7049f9e8-7de6-4c8c-bf4c-9bb5512f4299@group-3B5DE3AEDFC2, cid=2061, SUCCESS, logIndex=3038, commits[7049f9e8-7de6-4c8c-bf4c-9bb5512f4299:c3038, 13d9ac51-91bf-4c73-8824-2f58fc5b2747:c3036, 15cd3569-c751-4f18-b157-6804e7d0f08c:c3036]
2019-07-10 05:59:50,279 INFO  client.GrpcClientProtocolClient (GrpcClientProtocolClient.java:onNext(255)) - client-535162E20057->7049f9e8-7de6-4c8c-bf4c-9bb5512f4299: receive RaftClientReply:client-535162E20057->7049f9e8-7de6-4c8c-bf4c-9bb5512f4299@group-3B5DE3AEDFC2, cid=2062, SUCCESS, logIndex=3041, commits[7049f9e8-7de6-4c8c-bf4c-9bb5512f4299:c3042, 13d9ac51-91bf-4c73-8824-2f58fc5b2747:c3037, 15cd3569-c751-4f18-b157-6804e7d0f08c:c3038]
2019-07-10 05:59:50,280 INFO  client.GrpcClientProtocolClient (GrpcClientProtocolClient.java:onNext(255)) - client-535162E20057->7049f9e8-7de6-4c8c-bf4c-9bb5512f4299: receive RaftClientReply:client-535162E20057->7049f9e8-7de6-4c8c-bf4c-9bb5512f4299@group-3B5DE3AEDFC2, cid=2063, SUCCESS, logIndex=3042, commits[7049f9e8-7de6-4c8c-bf4c-9bb5512f4299:c3042, 13d9ac51-91bf-4c73-8824-2f58fc5b2747:c3037, 15cd3569-c751-4f18-b157-6804e7d0f08c:c3038]
2019-07-10 05:59:50,289 INFO  client.GrpcClientProtocolClient (GrpcClientProtocolClient.java:onNext(255)) - client-535162E20057->7049f9e8-7de6-4c8c-bf4c-9bb5512f4299: receive RaftClientReply:client-535162E20057->7049f9e8-7de6-4c8c-bf4c-9bb5512f4299@group-3B5DE3AEDFC2, cid=2064, SUCCESS, logIndex=0, commits[7049f9e8-7de6-4c8c-bf4c-9bb5512f4299:c3042, 13d9ac51-91bf-4c73-8824-2f58fc5b2747:c3038, 15cd3569-c751-4f18-b157-6804e7d0f08c:c3038]
2019-07-10 05:59:50,291 INFO  client.GrpcClientProtocolClient (GrpcClientProtocolClient.java:onNext(255)) - client-535162E20057->7049f9e8-7de6-4c8c-bf4c-9bb5512f4299: receive RaftClientReply:client-535162E20057->7049f9e8-7de6-4c8c-bf4c-9bb5512f4299@group-3B5DE3AEDFC2, cid=2065, SUCCESS, logIndex=0, commits[7049f9e8-7de6-4c8c-bf4c-9bb5512f4299:c3044, 13d9ac51-91bf-4c73-8824-2f58fc5b2747:c3042, 15cd3569-c751-4f18-b157-6804e7d0f08c:c3042]
2019-07-10 05:59:50,326 INFO  client.GrpcClientProtocolClient (GrpcClientProtocolClient.java:onNext(255)) - client-535162E20057->7049f9e8-7de6-4c8c-bf4c-9bb5512f4299: receive RaftClientReply:client-535162E20057->7049f9e8-7de6-4c8c-bf4c-9bb5512f4299@group-3B5DE3AEDFC2, cid=2066, SUCCESS, logIndex=3045, commits[7049f9e8-7de6-4c8c-bf4c-9bb5512f4299:c3046, 13d9ac51-91bf-4c73-8824-2f58fc5b2747:c3044, 15cd3569-c751-4f18-b157-6804e7d0f08c:c3044]
2019-07-10 05:59:50,326 INFO  client.GrpcClientProtocolClient (GrpcClientProtocolClient.java:onNext(255)) - client-535162E20057->7049f9e8-7de6-4c8c-bf4c-9bb5512f4299: receive RaftClientReply:client-535162E20057->7049f9e8-7de6-4c8c-bf4c-9bb5512f4299@group-3B5DE3AEDFC2, cid=2067, SUCCESS, logIndex=3046, commits[7049f9e8-7de6-4c8c-bf4c-9bb5512f4299:c3048, 13d9ac51-91bf-4c73-8824-2f58fc5b2747:c3044, 15cd3569-c751-4f18-b157-6804e7d0f08c:c3044]
2019-07-10 05:59:50,326 INFO  client.GrpcClientProtocolClient (GrpcClientProtocolClient.java:onNext(255)) - client-535162E20057->7049f9e8-7de6-4c8c-bf4c-9bb5512f4299: receive RaftClientReply:client-535162E20057->7049f9e8-7de6-4c8c-bf4c-9bb5512f4299@group-3B5DE3AEDFC2, cid=2068, SUCCESS, logIndex=3047, commits[7049f9e8-7de6-4c8c-bf4c-9bb5512f4299:c3048, 13d9ac51-91bf-4c73-8824-2f58fc5b2747:c3044, 15cd3569-c751-4f18-b157-6804e7d0f08c:c3044]
2019-07-10 05:59:50,327 INFO  client.GrpcClientProtocolClient (GrpcClientProtocolClient.java:onNext(255)) - client-535162E20057->7049f9e8-7de6-4c8c-bf4c-9bb5512f4299: receive RaftClientReply:client-535162E20057->7049f9e8-7de6-4c8c-bf4c-9bb5512f4299@group-3B5DE3AEDFC2, cid=2069, SUCCESS, logIndex=3048, commits[7049f9e8-7de6-4c8c-bf4c-9bb5512f4299:c3048, 13d9ac51-91bf-4c73-8824-2f58fc5b2747:c3044, 15cd3569-c751-4f18-b157-6804e7d0f08c:c3044]
2019-07-10 05:59:50,351 INFO  client.GrpcClientProtocolClient (GrpcClientProtocolClient.java:onNext(255)) - client-535162E20057->7049f9e8-7de6-4c8c-bf4c-9bb5512f4299: receive RaftClientReply:client-535162E20057->7049f9e8-7de6-4c8c-bf4c-9bb5512f4299@group-3B5DE3AEDFC2, cid=2070, SUCCESS, logIndex=0, commits[7049f9e8-7de6-4c8c-bf4c-9bb5512f4299:c3052, 13d9ac51-91bf-4c73-8824-2f58fc5b2747:c3048, 15cd3569-c751-4f18-b157-6804e7d0f08c:c3046]
2019-07-10 05:59:50,372 INFO  client.GrpcClientProtocolClient (GrpcClientProtocolClient.java:onNext(255)) - client-535162E20057->7049f9e8-7de6-4c8c-bf4c-9bb5512f4299: receive RaftClientReply:client-535162E20057->7049f9e8-7de6-4c8c-bf4c-9bb5512f4299@group-3B5DE3AEDFC2, cid=2071, SUCCESS, logIndex=3053, commits[7049f9e8-7de6-4c8c-bf4c-9bb5512f4299:c3053, 13d9ac51-91bf-4c73-8824-2f58fc5b2747:c3052, 15cd3569-c751-4f18-b157-6804e7d0f08c:c3052]
2019-07-10 05:59:50,372 INFO  client.GrpcClientProtocolClient (GrpcClientProtocolClient.java:onNext(255)) - client-535162E20057->7049f9e8-7de6-4c8c-bf4c-9bb5512f4299: receive RaftClientReply:client-535162E20057->7049f9e8-7de6-4c8c-bf4c-9bb5512f4299@group-3B5DE3AEDFC2, cid=2072, SUCCESS, logIndex=3054, commits[7049f9e8-7de6-4c8c-bf4c-9bb5512f4299:c3054, 13d9ac51-91bf-4c73-8824-2f58fc5b2747:c3052, 15cd3569-c751-4f18-b157-6804e7d0f08c:c3052]
2019-07-10 05:59:50,387 INFO  client.GrpcClientProtocolClient (GrpcClientProtocolClient.java:onNext(255)) - client-535162E20057->7049f9e8-7de6-4c8c-bf4c-9bb5512f4299: receive RaftClientReply:client-535162E20057->7049f9e8-7de6-4c8c-bf4c-9bb5512f4299@group-3B5DE3AEDFC2, cid=2073, SUCCESS, logIndex=3057, commits[7049f9e8-7de6-4c8c-bf4c-9bb5512f4299:c3058, 13d9ac51-91bf-4c73-8824-2f58fc5b2747:c3054, 15cd3569-c751-4f18-b157-6804e7d0f08c:c3054]
2019-07-10 05:59:50,388 INFO  client.GrpcClientProtocolClient (GrpcClientProtocolClient.java:onNext(255)) - client-535162E20057->7049f9e8-7de6-4c8c-bf4c-9bb5512f4299: receive RaftClientReply:client-535162E20057->7049f9e8-7de6-4c8c-bf4c-9bb5512f4299@group-3B5DE3AEDFC2, cid=2074, SUCCESS, logIndex=3058, commits[7049f9e8-7de6-4c8c-bf4c-9bb5512f4299:c3058, 13d9ac51-91bf-4c73-8824-2f58fc5b2747:c3054, 15cd3569-c751-4f18-b157-6804e7d0f08c:c3054]
 0.00% |█                                                                                                    |  0/1 Time: 0:00:152019-07-10 05:59:50,513 INFO  client.GrpcClientProtocolClient (GrpcClientProtocolClient.java:onNext(255)) - client-535162E20057->7049f9e8-7de6-4c8c-bf4c-9bb5512f4299: receive RaftClientReply:client-535162E20057->7049f9e8-7de6-4c8c-bf4c-9bb5512f4299@group-3B5DE3AEDFC2, cid=2075, SUCCESS, logIndex=0, commits[7049f9e8-7de6-4c8c-bf4c-9bb5512f4299:c3058, 13d9ac51-91bf-4c73-8824-2f58fc5b2747:c3058, 15cd3569-c751-4f18-b157-6804e7d0f08c:c3058]
2019-07-10 05:59:50,547 INFO  client.GrpcClientProtocolClient (GrpcClientProtocolClient.java:onNext(255)) - client-535162E20057->7049f9e8-7de6-4c8c-bf4c-9bb5512f4299: receive RaftClientReply:client-535162E20057->7049f9e8-7de6-4c8c-bf4c-9bb5512f4299@group-3B5DE3AEDFC2, cid=2076, SUCCESS, logIndex=3061, commits[7049f9e8-7de6-4c8c-bf4c-9bb5512f4299:c3062, 13d9ac51-91bf-4c73-8824-2f58fc5b2747:c3060, 15cd3569-c751-4f18-b157-6804e7d0f08c:c3060]
2019-07-10 05:59:50,548 INFO  client.GrpcClientProtocolClient (GrpcClientProtocolClient.java:onNext(255)) - client-535162E20057->7049f9e8-7de6-4c8c-bf4c-9bb5512f4299: receive RaftClientReply:client-535162E20057->7049f9e8-7de6-4c8c-bf4c-9bb5512f4299@group-3B5DE3AEDFC2, cid=2077, SUCCESS, logIndex=3062, commits[7049f9e8-7de6-4c8c-bf4c-9bb5512f4299:c3063, 13d9ac51-91bf-4c73-8824-2f58fc5b2747:c3060, 15cd3569-c751-4f18-b157-6804e7d0f08c:c3060]
2019-07-10 05:59:50,548 INFO  client.GrpcClientProtocolClient (GrpcClientProtocolClient.java:onNext(255)) - client-535162E20057->7049f9e8-7de6-4c8c-bf4c-9bb5512f4299: receive RaftClientReply:client-535162E20057->7049f9e8-7de6-4c8c-bf4c-9bb5512f4299@group-3B5DE3AEDFC2, cid=2078, SUCCESS, logIndex=3063, commits[7049f9e8-7de6-4c8c-bf4c-9bb5512f4299:c3064, 13d9ac51-91bf-4c73-8824-2f58fc5b2747:c3060, 15cd3569-c751-4f18-b157-6804e7d0f08c:c3060]
2019-07-10 05:59:50,548 INFO  client.GrpcClientProtocolClient (GrpcClientProtocolClient.java:onNext(255)) - client-535162E20057->7049f9e8-7de6-4c8c-bf4c-9bb5512f4299: receive RaftClientReply:client-535162E20057->7049f9e8-7de6-4c8c-bf4c-9bb5512f4299@group-3B5DE3AEDFC2, cid=2079, SUCCESS, logIndex=3064, commits[7049f9e8-7de6-4c8c-bf4c-9bb5512f4299:c3064, 13d9ac51-91bf-4c73-8824-2f58fc5b2747:c3060, 15cd3569-c751-4f18-b157-6804e7d0f08c:c3060]
2019-07-10 05:59:50,552 INFO  client.GrpcClientProtocolClient (GrpcClientProtocolClient.java:onNext(255)) - client-535162E20057->7049f9e8-7de6-4c8c-bf4c-9bb5512f4299: receive RaftClientReply:client-535162E20057->7049f9e8-7de6-4c8c-bf4c-9bb5512f4299@group-3B5DE3AEDFC2, cid=2080, SUCCESS, logIndex=0, commits[7049f9e8-7de6-4c8c-bf4c-9bb5512f4299:c3066, 13d9ac51-91bf-4c73-8824-2f58fc5b2747:c3062, 15cd3569-c751-4f18-b157-6804e7d0f08c:c3062]
2019-07-10 05:59:50,577 INFO  client.GrpcClientProtocolClient (GrpcClientProtocolClient.java:onNext(255)) - client-535162E20057->7049f9e8-7de6-4c8c-bf4c-9bb5512f4299: receive RaftClientReply:client-535162E20057->7049f9e8-7de6-4c8c-bf4c-9bb5512f4299@group-3B5DE3AEDFC2, cid=2081, SUCCESS, logIndex=3069, commits[7049f9e8-7de6-4c8c-bf4c-9bb5512f4299:c3070, 13d9ac51-91bf-4c73-8824-2f58fc5b2747:c3068, 15cd3569-c751-4f18-b157-6804e7d0f08c:c3068]
2019-07-10 05:59:50,577 INFO  client.GrpcClientProtocolClient (GrpcClientProtocolClient.java:onNext(255)) - client-535162E20057->7049f9e8-7de6-4c8c-bf4c-9bb5512f4299: receive RaftClientReply:client-535162E20057->7049f9e8-7de6-4c8c-bf4c-9bb5512f4299@group-3B5DE3AEDFC2, cid=2082, SUCCESS, logIndex=3070, commits[7049f9e8-7de6-4c8c-bf4c-9bb5512f4299:c3070, 13d9ac51-91bf-4c73-8824-2f58fc5b2747:c3068, 15cd3569-c751-4f18-b157-6804e7d0f08c:c3068]
2019-07-10 05:59:50,591 INFO  client.GrpcClientProtocolClient (GrpcClientProtocolClient.java:onNext(255)) - client-535162E20057->7049f9e8-7de6-4c8c-bf4c-9bb5512f4299: receive RaftClientReply:client-535162E20057->7049f9e8-7de6-4c8c-bf4c-9bb5512f4299@group-3B5DE3AEDFC2, cid=2083, SUCCESS, logIndex=3073, commits[7049f9e8-7de6-4c8c-bf4c-9bb5512f4299:c3074, 13d9ac51-91bf-4c73-8824-2f58fc5b2747:c3070, 15cd3569-c751-4f18-b157-6804e7d0f08c:c3070]
2019-07-10 05:59:50,591 INFO  client.GrpcClientProtocolClient (GrpcClientProtocolClient.java:onNext(255)) - client-535162E20057->7049f9e8-7de6-4c8c-bf4c-9bb5512f4299: receive RaftClientReply:client-535162E20057->7049f9e8-7de6-4c8c-bf4c-9bb5512f4299@group-3B5DE3AEDFC2, cid=2084, SUCCESS, logIndex=3074, commits[7049f9e8-7de6-4c8c-bf4c-9bb5512f4299:c3074, 13d9ac51-91bf-4c73-8824-2f58fc5b2747:c3070, 15cd3569-c751-4f18-b157-6804e7d0f08c:c3070]
2019-07-10 05:59:50,605 INFO  client.GrpcClientProtocolClient (GrpcClientProtocolClient.java:onNext(255)) - client-535162E20057->7049f9e8-7de6-4c8c-bf4c-9bb5512f4299: receive RaftClientReply:client-535162E20057->7049f9e8-7de6-4c8c-bf4c-9bb5512f4299@group-3B5DE3AEDFC2, cid=2085, SUCCESS, logIndex=0, commits[7049f9e8-7de6-4c8c-bf4c-9bb5512f4299:c3075, 13d9ac51-91bf-4c73-8824-2f58fc5b2747:c3074, 15cd3569-c751-4f18-b157-6804e7d0f08c:c3074]
2019-07-10 05:59:50,634 INFO  client.GrpcClientProtocolClient (GrpcClientProtocolClient.java:onNext(255)) - client-535162E20057->7049f9e8-7de6-4c8c-bf4c-9bb5512f4299: receive RaftClientReply:client-535162E20057->7049f9e8-7de6-4c8c-bf4c-9bb5512f4299@group-3B5DE3AEDFC2, cid=2086, SUCCESS, logIndex=3077, commits[7049f9e8-7de6-4c8c-bf4c-9bb5512f4299:c3078, 13d9ac51-91bf-4c73-8824-2f58fc5b2747:c3076, 15cd3569-c751-4f18-b157-6804e7d0f08c:c3076]
2019-07-10 05:59:50,635 INFO  client.GrpcClientProtocolClient (GrpcClientProtocolClient.java:onNext(255)) - client-535162E20057->7049f9e8-7de6-4c8c-bf4c-9bb5512f4299: receive RaftClientReply:client-535162E20057->7049f9e8-7de6-4c8c-bf4c-9bb5512f4299@group-3B5DE3AEDFC2, cid=2087, SUCCESS, logIndex=3078, commits[7049f9e8-7de6-4c8c-bf4c-9bb5512f4299:c3078, 13d9ac51-91bf-4c73-8824-2f58fc5b2747:c3076, 15cd3569-c751-4f18-b157-6804e7d0f08c:c3076]
2019-07-10 05:59:50,645 INFO  client.GrpcClientProtocolClient (GrpcClientProtocolClient.java:onNext(255)) - client-535162E20057->7049f9e8-7de6-4c8c-bf4c-9bb5512f4299: receive RaftClientReply:client-535162E20057->7049f9e8-7de6-4c8c-bf4c-9bb5512f4299@group-3B5DE3AEDFC2, cid=2088, SUCCESS, logIndex=3079, commits[7049f9e8-7de6-4c8c-bf4c-9bb5512f4299:c3080, 13d9ac51-91bf-4c73-8824-2f58fc5b2747:c3076, 15cd3569-c751-4f18-b157-6804e7d0f08c:c3076]
2019-07-10 05:59:50,646 INFO  client.GrpcClientProtocolClient (GrpcClientProtocolClient.java:onNext(255)) - client-535162E20057->7049f9e8-7de6-4c8c-bf4c-9bb5512f4299: receive RaftClientReply:client-535162E20057->7049f9e8-7de6-4c8c-bf4c-9bb5512f4299@group-3B5DE3AEDFC2, cid=2089, SUCCESS, logIndex=3080, commits[7049f9e8-7de6-4c8c-bf4c-9bb5512f4299:c3080, 13d9ac51-91bf-4c73-8824-2f58fc5b2747:c3076, 15cd3569-c751-4f18-b157-6804e7d0f08c:c3076]
2019-07-10 05:59:50,649 INFO  client.GrpcClientProtocolClient (GrpcClientProtocolClient.java:onNext(255)) - client-535162E20057->7049f9e8-7de6-4c8c-bf4c-9bb5512f4299: receive RaftClientReply:client-535162E20057->7049f9e8-7de6-4c8c-bf4c-9bb5512f4299@group-3B5DE3AEDFC2, cid=2090, SUCCESS, logIndex=0, commits[7049f9e8-7de6-4c8c-bf4c-9bb5512f4299:c3083, 13d9ac51-91bf-4c73-8824-2f58fc5b2747:c3078, 15cd3569-c751-4f18-b157-6804e7d0f08c:c3080]
2019-07-10 05:59:50,674 INFO  client.GrpcClientProtocolClient (GrpcClientProtocolClient.java:onNext(255)) - client-535162E20057->7049f9e8-7de6-4c8c-bf4c-9bb5512f4299: receive RaftClientReply:client-535162E20057->7049f9e8-7de6-4c8c-bf4c-9bb5512f4299@group-3B5DE3AEDFC2, cid=2091, SUCCESS, logIndex=3084, commits[7049f9e8-7de6-4c8c-bf4c-9bb5512f4299:c3085, 13d9ac51-91bf-4c73-8824-2f58fc5b2747:c3083, 15cd3569-c751-4f18-b157-6804e7d0f08c:c3083]
2019-07-10 05:59:50,674 INFO  client.GrpcClientProtocolClient (GrpcClientProtocolClient.java:onNext(255)) - client-535162E20057->7049f9e8-7de6-4c8c-bf4c-9bb5512f4299: receive RaftClientReply:client-535162E20057->7049f9e8-7de6-4c8c-bf4c-9bb5512f4299@group-3B5DE3AEDFC2, cid=2092, SUCCESS, logIndex=3085, commits[7049f9e8-7de6-4c8c-bf4c-9bb5512f4299:c3085, 13d9ac51-91bf-4c73-8824-2f58fc5b2747:c3083, 15cd3569-c751-4f18-b157-6804e7d0f08c:c3083]
2019-07-10 05:59:50,697 INFO  client.GrpcClientProtocolClient (GrpcClientProtocolClient.java:onNext(255)) - client-535162E20057->7049f9e8-7de6-4c8c-bf4c-9bb5512f4299: receive RaftClientReply:client-535162E20057->7049f9e8-7de6-4c8c-bf4c-9bb5512f4299@group-3B5DE3AEDFC2, cid=2093, SUCCESS, logIndex=3088, commits[7049f9e8-7de6-4c8c-bf4c-9bb5512f4299:c3089, 13d9ac51-91bf-4c73-8824-2f58fc5b2747:c3085, 15cd3569-c751-4f18-b157-6804e7d0f08c:c3085]
2019-07-10 05:59:50,698 INFO  client.GrpcClientProtocolClient (GrpcClientProtocolClient.java:onNext(255)) - client-535162E20057->7049f9e8-7de6-4c8c-bf4c-9bb5512f4299: receive RaftClientReply:client-535162E20057->7049f9e8-7de6-4c8c-bf4c-9bb5512f4299@group-3B5DE3AEDFC2, cid=2094, SUCCESS, logIndex=3089, commits[7049f9e8-7de6-4c8c-bf4c-9bb5512f4299:c3089, 13d9ac51-91bf-4c73-8824-2f58fc5b2747:c3085, 15cd3569-c751-4f18-b157-6804e7d0f08c:c3085]
2019-07-10 05:59:50,701 INFO  client.GrpcClientProtocolClient (GrpcClientProtocolClient.java:onNext(255)) - client-535162E20057->7049f9e8-7de6-4c8c-bf4c-9bb5512f4299: receive RaftClientReply:client-535162E20057->7049f9e8-7de6-4c8c-bf4c-9bb5512f4299@group-3B5DE3AEDFC2, cid=2095, SUCCESS, logIndex=0, commits[7049f9e8-7de6-4c8c-bf4c-9bb5512f4299:c3090, 13d9ac51-91bf-4c73-8824-2f58fc5b2747:c3089, 15cd3569-c751-4f18-b157-6804e7d0f08c:c3089]
2019-07-10 05:59:50,731 INFO  client.GrpcClientProtocolClient (GrpcClientProtocolClient.java:onNext(255)) - client-535162E20057->7049f9e8-7de6-4c8c-bf4c-9bb5512f4299: receive RaftClientReply:client-535162E20057->7049f9e8-7de6-4c8c-bf4c-9bb5512f4299@group-3B5DE3AEDFC2, cid=2096, SUCCESS, logIndex=3092, commits[7049f9e8-7de6-4c8c-bf4c-9bb5512f4299:c3093, 13d9ac51-91bf-4c73-8824-2f58fc5b2747:c3091, 15cd3569-c751-4f18-b157-6804e7d0f08c:c3091]
2019-07-10 05:59:50,732 INFO  client.GrpcClientProtocolClient (GrpcClientProtocolClient.java:onNext(255)) - client-535162E20057->7049f9e8-7de6-4c8c-bf4c-9bb5512f4299: receive RaftClientReply:client-535162E20057->7049f9e8-7de6-4c8c-bf4c-9bb5512f4299@group-3B5DE3AEDFC2, cid=2097, SUCCESS, logIndex=3093, commits[7049f9e8-7de6-4c8c-bf4c-9bb5512f4299:c3094, 13d9ac51-91bf-4c73-8824-2f58fc5b2747:c3091, 15cd3569-c751-4f18-b157-6804e7d0f08c:c3091]
2019-07-10 05:59:50,732 INFO  client.GrpcClientProtocolClient (GrpcClientProtocolClient.java:onNext(255)) - client-535162E20057->7049f9e8-7de6-4c8c-bf4c-9bb5512f4299: receive RaftClientReply:client-535162E20057->7049f9e8-7de6-4c8c-bf4c-9bb5512f4299@group-3B5DE3AEDFC2, cid=2098, SUCCESS, logIndex=3094, commits[7049f9e8-7de6-4c8c-bf4c-9bb5512f4299:c3095, 13d9ac51-91bf-4c73-8824-2f58fc5b2747:c3091, 15cd3569-c751-4f18-b157-6804e7d0f08c:c3091]
2019-07-10 05:59:50,733 INFO  client.GrpcClientProtocolClient (GrpcClientProtocolClient.java:onNext(255)) - client-535162E20057->7049f9e8-7de6-4c8c-bf4c-9bb5512f4299: receive RaftClientReply:client-535162E20057->7049f9e8-7de6-4c8c-bf4c-9bb5512f4299@group-3B5DE3AEDFC2, cid=2099, SUCCESS, logIndex=3095, commits[7049f9e8-7de6-4c8c-bf4c-9bb5512f4299:c3095, 13d9ac51-91bf-4c73-8824-2f58fc5b2747:c3091, 15cd3569-c751-4f18-b157-6804e7d0f08c:c3091]
2019-07-10 05:59:50,745 INFO  client.GrpcClientProtocolClient (GrpcClientProtocolClient.java:onNext(255)) - client-535162E20057->7049f9e8-7de6-4c8c-bf4c-9bb5512f4299: receive RaftClientReply:client-535162E20057->7049f9e8-7de6-4c8c-bf4c-9bb5512f4299@group-3B5DE3AEDFC2, cid=2100, SUCCESS, logIndex=0, commits[7049f9e8-7de6-4c8c-bf4c-9bb5512f4299:c3097, 13d9ac51-91bf-4c73-8824-2f58fc5b2747:c3093, 15cd3569-c751-4f18-b157-6804e7d0f08c:c3093]
2019-07-10 05:59:50,765 INFO  client.GrpcClientProtocolClient (GrpcClientProtocolClient.java:onNext(255)) - client-535162E20057->7049f9e8-7de6-4c8c-bf4c-9bb5512f4299: receive RaftClientReply:client-535162E20057->7049f9e8-7de6-4c8c-bf4c-9bb5512f4299@group-3B5DE3AEDFC2, cid=2101, SUCCESS, logIndex=3100, commits[7049f9e8-7de6-4c8c-bf4c-9bb5512f4299:c3101, 13d9ac51-91bf-4c73-8824-2f58fc5b2747:c3099, 15cd3569-c751-4f18-b157-6804e7d0f08c:c3099]
2019-07-10 05:59:50,766 INFO  client.GrpcClientProtocolClient (GrpcClientProtocolClient.java:onNext(255)) - client-535162E20057->7049f9e8-7de6-4c8c-bf4c-9bb5512f4299: receive RaftClientReply:client-535162E20057->7049f9e8-7de6-4c8c-bf4c-9bb5512f4299@group-3B5DE3AEDFC2, cid=2102, SUCCESS, logIndex=3101, commits[7049f9e8-7de6-4c8c-bf4c-9bb5512f4299:c3101, 13d9ac51-91bf-4c73-8824-2f58fc5b2747:c3099, 15cd3569-c751-4f18-b157-6804e7d0f08c:c3099]
2019-07-10 05:59:50,790 INFO  client.GrpcClientProtocolClient (GrpcClientProtocolClient.java:onNext(255)) - client-535162E20057->7049f9e8-7de6-4c8c-bf4c-9bb5512f4299: receive RaftClientReply:client-535162E20057->7049f9e8-7de6-4c8c-bf4c-9bb5512f4299@group-3B5DE3AEDFC2, cid=2103, SUCCESS, logIndex=3104, commits[7049f9e8-7de6-4c8c-bf4c-9bb5512f4299:c3104, 13d9ac51-91bf-4c73-8824-2f58fc5b2747:c3101, 15cd3569-c751-4f18-b157-6804e7d0f08c:c3101]
2019-07-10 05:59:50,791 INFO  client.GrpcClientProtocolClient (GrpcClientProtocolClient.java:onNext(255)) - client-535162E20057->7049f9e8-7de6-4c8c-bf4c-9bb5512f4299: receive RaftClientReply:client-535162E20057->7049f9e8-7de6-4c8c-bf4c-9bb5512f4299@group-3B5DE3AEDFC2, cid=2104, SUCCESS, logIndex=3105, commits[7049f9e8-7de6-4c8c-bf4c-9bb5512f4299:c3105, 13d9ac51-91bf-4c73-8824-2f58fc5b2747:c3101, 15cd3569-c751-4f18-b157-6804e7d0f08c:c3101]
2019-07-10 05:59:50,803 INFO  client.GrpcClientProtocolClient (GrpcClientProtocolClient.java:onNext(255)) - client-535162E20057->7049f9e8-7de6-4c8c-bf4c-9bb5512f4299: receive RaftClientReply:client-535162E20057->7049f9e8-7de6-4c8c-bf4c-9bb5512f4299@group-3B5DE3AEDFC2, cid=2105, SUCCESS, logIndex=0, commits[7049f9e8-7de6-4c8c-bf4c-9bb5512f4299:c3107, 13d9ac51-91bf-4c73-8824-2f58fc5b2747:c3105, 15cd3569-c751-4f18-b157-6804e7d0f08c:c3105]
2019-07-10 05:59:50,830 INFO  client.GrpcClientProtocolClient (GrpcClientProtocolClient.java:onNext(255)) - client-535162E20057->7049f9e8-7de6-4c8c-bf4c-9bb5512f4299: receive RaftClientReply:client-535162E20057->7049f9e8-7de6-4c8c-bf4c-9bb5512f4299@group-3B5DE3AEDFC2, cid=2106, SUCCESS, logIndex=3108, commits[7049f9e8-7de6-4c8c-bf4c-9bb5512f4299:c3109, 13d9ac51-91bf-4c73-8824-2f58fc5b2747:c3107, 15cd3569-c751-4f18-b157-6804e7d0f08c:c3107]
2019-07-10 05:59:50,831 INFO  client.GrpcClientProtocolClient (GrpcClientProtocolClient.java:onNext(255)) - client-535162E20057->7049f9e8-7de6-4c8c-bf4c-9bb5512f4299: receive RaftClientReply:client-535162E20057->7049f9e8-7de6-4c8c-bf4c-9bb5512f4299@group-3B5DE3AEDFC2, cid=2107, SUCCESS, logIndex=3109, commits[7049f9e8-7de6-4c8c-bf4c-9bb5512f4299:c3109, 13d9ac51-91bf-4c73-8824-2f58fc5b2747:c3107, 15cd3569-c751-4f18-b157-6804e7d0f08c:c3107]
2019-07-10 05:59:50,831 INFO  client.GrpcClientProtocolClient (GrpcClientProtocolClient.java:onNext(255)) - client-535162E20057->7049f9e8-7de6-4c8c-bf4c-9bb5512f4299: receive RaftClientReply:client-535162E20057->7049f9e8-7de6-4c8c-bf4c-9bb5512f4299@group-3B5DE3AEDFC2, cid=2108, SUCCESS, logIndex=3110, commits[7049f9e8-7de6-4c8c-bf4c-9bb5512f4299:c3111, 13d9ac51-91bf-4c73-8824-2f58fc5b2747:c3107, 15cd3569-c751-4f18-b157-6804e7d0f08c:c3107]
2019-07-10 05:59:50,831 INFO  client.GrpcClientProtocolClient (GrpcClientProtocolClient.java:onNext(255)) - client-535162E20057->7049f9e8-7de6-4c8c-bf4c-9bb5512f4299: receive RaftClientReply:client-535162E20057->7049f9e8-7de6-4c8c-bf4c-9bb5512f4299@group-3B5DE3AEDFC2, cid=2109, SUCCESS, logIndex=3111, commits[7049f9e8-7de6-4c8c-bf4c-9bb5512f4299:c3111, 13d9ac51-91bf-4c73-8824-2f58fc5b2747:c3107, 15cd3569-c751-4f18-b157-6804e7d0f08c:c3107]
2019-07-10 05:59:50,844 INFO  client.GrpcClientProtocolClient (GrpcClientProtocolClient.java:onNext(255)) - client-535162E20057->7049f9e8-7de6-4c8c-bf4c-9bb5512f4299: receive RaftClientReply:client-535162E20057->7049f9e8-7de6-4c8c-bf4c-9bb5512f4299@group-3B5DE3AEDFC2, cid=2110, SUCCESS, logIndex=0, commits[7049f9e8-7de6-4c8c-bf4c-9bb5512f4299:c3113, 13d9ac51-91bf-4c73-8824-2f58fc5b2747:c3109, 15cd3569-c751-4f18-b157-6804e7d0f08c:c3109]
2019-07-10 05:59:50,869 INFO  client.GrpcClientProtocolClient (GrpcClientProtocolClient.java:onNext(255)) - client-535162E20057->7049f9e8-7de6-4c8c-bf4c-9bb5512f4299: receive RaftClientReply:client-535162E20057->7049f9e8-7de6-4c8c-bf4c-9bb5512f4299@group-3B5DE3AEDFC2, cid=2111, SUCCESS, logIndex=3116, commits[7049f9e8-7de6-4c8c-bf4c-9bb5512f4299:c3117, 13d9ac51-91bf-4c73-8824-2f58fc5b2747:c3115, 15cd3569-c751-4f18-b157-6804e7d0f08c:c3111]
2019-07-10 05:59:50,870 INFO  client.GrpcClientProtocolClient (GrpcClientProtocolClient.java:onNext(255)) - client-535162E20057->7049f9e8-7de6-4c8c-bf4c-9bb5512f4299: receive RaftClientReply:client-535162E20057->7049f9e8-7de6-4c8c-bf4c-9bb5512f4299@group-3B5DE3AEDFC2, cid=2112, SUCCESS, logIndex=3117, commits[7049f9e8-7de6-4c8c-bf4c-9bb5512f4299:c3117, 13d9ac51-91bf-4c73-8824-2f58fc5b2747:c3115, 15cd3569-c751-4f18-b157-6804e7d0f08c:c3115]
2019-07-10 05:59:50,886 INFO  client.GrpcClientProtocolClient (GrpcClientProtocolClient.java:onNext(255)) - client-535162E20057->7049f9e8-7de6-4c8c-bf4c-9bb5512f4299: receive RaftClientReply:client-535162E20057->7049f9e8-7de6-4c8c-bf4c-9bb5512f4299@group-3B5DE3AEDFC2, cid=2113, SUCCESS, logIndex=3120, commits[7049f9e8-7de6-4c8c-bf4c-9bb5512f4299:c3121, 13d9ac51-91bf-4c73-8824-2f58fc5b2747:c3118, 15cd3569-c751-4f18-b157-6804e7d0f08c:c3118]
2019-07-10 05:59:50,887 INFO  client.GrpcClientProtocolClient (GrpcClientProtocolClient.java:onNext(255)) - client-535162E20057->7049f9e8-7de6-4c8c-bf4c-9bb5512f4299: receive RaftClientReply:client-535162E20057->7049f9e8-7de6-4c8c-bf4c-9bb5512f4299@group-3B5DE3AEDFC2, cid=2114, SUCCESS, logIndex=3121, commits[7049f9e8-7de6-4c8c-bf4c-9bb5512f4299:c3121, 13d9ac51-91bf-4c73-8824-2f58fc5b2747:c3118, 15cd3569-c751-4f18-b157-6804e7d0f08c:c3118]
2019-07-10 05:59:50,891 INFO  client.GrpcClientProtocolClient (GrpcClientProtocolClient.java:onNext(255)) - client-535162E20057->7049f9e8-7de6-4c8c-bf4c-9bb5512f4299: receive RaftClientReply:client-535162E20057->7049f9e8-7de6-4c8c-bf4c-9bb5512f4299@group-3B5DE3AEDFC2, cid=2115, SUCCESS, logIndex=0, commits[7049f9e8-7de6-4c8c-bf4c-9bb5512f4299:c3123, 13d9ac51-91bf-4c73-8824-2f58fc5b2747:c3121, 15cd3569-c751-4f18-b157-6804e7d0f08c:c3121]
2019-07-10 05:59:50,938 INFO  client.GrpcClientProtocolClient (GrpcClientProtocolClient.java:onNext(255)) - client-535162E20057->7049f9e8-7de6-4c8c-bf4c-9bb5512f4299: receive RaftClientReply:client-535162E20057->7049f9e8-7de6-4c8c-bf4c-9bb5512f4299@group-3B5DE3AEDFC2, cid=2116, SUCCESS, logIndex=3124, commits[7049f9e8-7de6-4c8c-bf4c-9bb5512f4299:c3126, 13d9ac51-91bf-4c73-8824-2f58fc5b2747:c3123, 15cd3569-c751-4f18-b157-6804e7d0f08c:c3123]
2019-07-10 05:59:50,939 INFO  client.GrpcClientProtocolClient (GrpcClientProtocolClient.java:onNext(255)) - client-535162E20057->7049f9e8-7de6-4c8c-bf4c-9bb5512f4299: receive RaftClientReply:client-535162E20057->7049f9e8-7de6-4c8c-bf4c-9bb5512f4299@group-3B5DE3AEDFC2, cid=2117, SUCCESS, logIndex=3125, commits[7049f9e8-7de6-4c8c-bf4c-9bb5512f4299:c3127, 13d9ac51-91bf-4c73-8824-2f58fc5b2747:c3123, 15cd3569-c751-4f18-b157-6804e7d0f08c:c3123]
2019-07-10 05:59:50,939 INFO  client.GrpcClientProtocolClient (GrpcClientProtocolClient.java:onNext(255)) - client-535162E20057->7049f9e8-7de6-4c8c-bf4c-9bb5512f4299: receive RaftClientReply:client-535162E20057->7049f9e8-7de6-4c8c-bf4c-9bb5512f4299@group-3B5DE3AEDFC2, cid=2118, SUCCESS, logIndex=3126, commits[7049f9e8-7de6-4c8c-bf4c-9bb5512f4299:c3127, 13d9ac51-91bf-4c73-8824-2f58fc5b2747:c3123, 15cd3569-c751-4f18-b157-6804e7d0f08c:c3123]
2019-07-10 05:59:50,939 INFO  client.GrpcClientProtocolClient (GrpcClientProtocolClient.java:onNext(255)) - client-535162E20057->7049f9e8-7de6-4c8c-bf4c-9bb5512f4299: receive RaftClientReply:client-535162E20057->7049f9e8-7de6-4c8c-bf4c-9bb5512f4299@group-3B5DE3AEDFC2, cid=2119, SUCCESS, logIndex=3127, commits[7049f9e8-7de6-4c8c-bf4c-9bb5512f4299:c3127, 13d9ac51-91bf-4c73-8824-2f58fc5b2747:c3123, 15cd3569-c751-4f18-b157-6804e7d0f08c:c3123]
2019-07-10 05:59:50,952 INFO  client.GrpcClientProtocolClient (GrpcClientProtocolClient.java:onNext(255)) - client-535162E20057->7049f9e8-7de6-4c8c-bf4c-9bb5512f4299: receive RaftClientReply:client-535162E20057->7049f9e8-7de6-4c8c-bf4c-9bb5512f4299@group-3B5DE3AEDFC2, cid=2120, SUCCESS, logIndex=0, commits[7049f9e8-7de6-4c8c-bf4c-9bb5512f4299:c3130, 13d9ac51-91bf-4c73-8824-2f58fc5b2747:c3127, 15cd3569-c751-4f18-b157-6804e7d0f08c:c3125]
2019-07-10 05:59:50,975 INFO  client.GrpcClientProtocolClient (GrpcClientProtocolClient.java:onNext(255)) - client-535162E20057->7049f9e8-7de6-4c8c-bf4c-9bb5512f4299: receive RaftClientReply:client-535162E20057->7049f9e8-7de6-4c8c-bf4c-9bb5512f4299@group-3B5DE3AEDFC2, cid=2121, SUCCESS, logIndex=3132, commits[7049f9e8-7de6-4c8c-bf4c-9bb5512f4299:c3133, 13d9ac51-91bf-4c73-8824-2f58fc5b2747:c3131, 15cd3569-c751-4f18-b157-6804e7d0f08c:c3131]
2019-07-10 05:59:50,976 INFO  client.GrpcClientProtocolClient (GrpcClientProtocolClient.java:onNext(255)) - client-535162E20057->7049f9e8-7de6-4c8c-bf4c-9bb5512f4299: receive RaftClientReply:client-535162E20057->7049f9e8-7de6-4c8c-bf4c-9bb5512f4299@group-3B5DE3AEDFC2, cid=2122, SUCCESS, logIndex=3133, commits[7049f9e8-7de6-4c8c-bf4c-9bb5512f4299:c3133, 13d9ac51-91bf-4c73-8824-2f58fc5b2747:c3131, 15cd3569-c751-4f18-b157-6804e7d0f08c:c3131]
2019-07-10 05:59:51,000 INFO  client.GrpcClientProtocolClient (GrpcClientProtocolClient.java:onNext(255)) - client-535162E20057->7049f9e8-7de6-4c8c-bf4c-9bb5512f4299: receive RaftClientReply:client-535162E20057->7049f9e8-7de6-4c8c-bf4c-9bb5512f4299@group-3B5DE3AEDFC2, cid=2123, SUCCESS, logIndex=3136, commits[7049f9e8-7de6-4c8c-bf4c-9bb5512f4299:c3137, 13d9ac51-91bf-4c73-8824-2f58fc5b2747:c3133, 15cd3569-c751-4f18-b157-6804e7d0f08c:c3133]
2019-07-10 05:59:51,000 INFO  client.GrpcClientProtocolClient (GrpcClientProtocolClient.java:onNext(255)) - client-535162E20057->7049f9e8-7de6-4c8c-bf4c-9bb5512f4299: receive RaftClientReply:client-535162E20057->7049f9e8-7de6-4c8c-bf4c-9bb5512f4299@group-3B5DE3AEDFC2, cid=2124, SUCCESS, logIndex=3137, commits[7049f9e8-7de6-4c8c-bf4c-9bb5512f4299:c3137, 13d9ac51-91bf-4c73-8824-2f58fc5b2747:c3133, 15cd3569-c751-4f18-b157-6804e7d0f08c:c3133]
2019-07-10 05:59:51,003 INFO  client.GrpcClientProtocolClient (GrpcClientProtocolClient.java:onNext(255)) - client-535162E20057->7049f9e8-7de6-4c8c-bf4c-9bb5512f4299: receive RaftClientReply:client-535162E20057->7049f9e8-7de6-4c8c-bf4c-9bb5512f4299@group-3B5DE3AEDFC2, cid=2125, SUCCESS, logIndex=0, commits[7049f9e8-7de6-4c8c-bf4c-9bb5512f4299:c3139, 13d9ac51-91bf-4c73-8824-2f58fc5b2747:c3137, 15cd3569-c751-4f18-b157-6804e7d0f08c:c3137]
2019-07-10 05:59:51,047 INFO  client.GrpcClientProtocolClient (GrpcClientProtocolClient.java:onNext(255)) - client-535162E20057->7049f9e8-7de6-4c8c-bf4c-9bb5512f4299: receive RaftClientReply:client-535162E20057->7049f9e8-7de6-4c8c-bf4c-9bb5512f4299@group-3B5DE3AEDFC2, cid=2126, SUCCESS, logIndex=3140, commits[7049f9e8-7de6-4c8c-bf4c-9bb5512f4299:c3141, 13d9ac51-91bf-4c73-8824-2f58fc5b2747:c3139, 15cd3569-c751-4f18-b157-6804e7d0f08c:c3139]
2019-07-10 05:59:51,048 INFO  client.GrpcClientProtocolClient (GrpcClientProtocolClient.java:onNext(255)) - client-535162E20057->7049f9e8-7de6-4c8c-bf4c-9bb5512f4299: receive RaftClientReply:client-535162E20057->7049f9e8-7de6-4c8c-bf4c-9bb5512f4299@group-3B5DE3AEDFC2, cid=2127, SUCCESS, logIndex=3141, commits[7049f9e8-7de6-4c8c-bf4c-9bb5512f4299:c3141, 13d9ac51-91bf-4c73-8824-2f58fc5b2747:c3139, 15cd3569-c751-4f18-b157-6804e7d0f08c:c3139]
2019-07-10 05:59:51,060 INFO  client.GrpcClientProtocolClient (GrpcClientProtocolClient.java:onNext(255)) - client-535162E20057->7049f9e8-7de6-4c8c-bf4c-9bb5512f4299: receive RaftClientReply:client-535162E20057->7049f9e8-7de6-4c8c-bf4c-9bb5512f4299@group-3B5DE3AEDFC2, cid=2128, SUCCESS, logIndex=3142, commits[7049f9e8-7de6-4c8c-bf4c-9bb5512f4299:c3143, 13d9ac51-91bf-4c73-8824-2f58fc5b2747:c3139, 15cd3569-c751-4f18-b157-6804e7d0f08c:c3139]
2019-07-10 05:59:51,060 INFO  client.GrpcClientProtocolClient (GrpcClientProtocolClient.java:onNext(255)) - client-535162E20057->7049f9e8-7de6-4c8c-bf4c-9bb5512f4299: receive RaftClientReply:client-535162E20057->7049f9e8-7de6-4c8c-bf4c-9bb5512f4299@group-3B5DE3AEDFC2, cid=2129, SUCCESS, logIndex=3143, commits[7049f9e8-7de6-4c8c-bf4c-9bb5512f4299:c3143, 13d9ac51-91bf-4c73-8824-2f58fc5b2747:c3139, 15cd3569-c751-4f18-b157-6804e7d0f08c:c3139]
2019-07-10 05:59:51,063 INFO  client.GrpcClientProtocolClient (GrpcClientProtocolClient.java:onNext(255)) - client-535162E20057->7049f9e8-7de6-4c8c-bf4c-9bb5512f4299: receive RaftClientReply:client-535162E20057->7049f9e8-7de6-4c8c-bf4c-9bb5512f4299@group-3B5DE3AEDFC2, cid=2130, SUCCESS, logIndex=0, commits[7049f9e8-7de6-4c8c-bf4c-9bb5512f4299:c3145, 13d9ac51-91bf-4c73-8824-2f58fc5b2747:c3141, 15cd3569-c751-4f18-b157-6804e7d0f08c:c3141]
2019-07-10 05:59:51,076 INFO  client.GrpcClientProtocolClient (GrpcClientProtocolClient.java:onNext(255)) - client-535162E20057->7049f9e8-7de6-4c8c-bf4c-9bb5512f4299: receive RaftClientReply:client-535162E20057->7049f9e8-7de6-4c8c-bf4c-9bb5512f4299@group-3B5DE3AEDFC2, cid=2131, SUCCESS, logIndex=3148, commits[7049f9e8-7de6-4c8c-bf4c-9bb5512f4299:c3149, 13d9ac51-91bf-4c73-8824-2f58fc5b2747:c3145, 15cd3569-c751-4f18-b157-6804e7d0f08c:c3143]
2019-07-10 05:59:51,076 INFO  client.GrpcClientProtocolClient (GrpcClientProtocolClient.java:onNext(255)) - client-535162E20057->7049f9e8-7de6-4c8c-bf4c-9bb5512f4299: receive RaftClientReply:client-535162E20057->7049f9e8-7de6-4c8c-bf4c-9bb5512f4299@group-3B5DE3AEDFC2, cid=2132, SUCCESS, logIndex=3149, commits[7049f9e8-7de6-4c8c-bf4c-9bb5512f4299:c3149, 13d9ac51-91bf-4c73-8824-2f58fc5b2747:c3145, 15cd3569-c751-4f18-b157-6804e7d0f08c:c3145]
2019-07-10 05:59:51,097 INFO  client.GrpcClientProtocolClient (GrpcClientProtocolClient.java:onNext(255)) - client-535162E20057->7049f9e8-7de6-4c8c-bf4c-9bb5512f4299: receive RaftClientReply:client-535162E20057->7049f9e8-7de6-4c8c-bf4c-9bb5512f4299@group-3B5DE3AEDFC2, cid=2133, SUCCESS, logIndex=3152, commits[7049f9e8-7de6-4c8c-bf4c-9bb5512f4299:c3153, 13d9ac51-91bf-4c73-8824-2f58fc5b2747:c3151, 15cd3569-c751-4f18-b157-6804e7d0f08c:c3151]
2019-07-10 05:59:51,098 INFO  client.GrpcClientProtocolClient (GrpcClientProtocolClient.java:onNext(255)) - client-535162E20057->7049f9e8-7de6-4c8c-bf4c-9bb5512f4299: receive RaftClientReply:client-535162E20057->7049f9e8-7de6-4c8c-bf4c-9bb5512f4299@group-3B5DE3AEDFC2, cid=2134, SUCCESS, logIndex=3153, commits[7049f9e8-7de6-4c8c-bf4c-9bb5512f4299:c3153, 13d9ac51-91bf-4c73-8824-2f58fc5b2747:c3151, 15cd3569-c751-4f18-b157-6804e7d0f08c:c3151]
2019-07-10 05:59:51,111 INFO  client.GrpcClientProtocolClient (GrpcClientProtocolClient.java:onNext(255)) - client-535162E20057->7049f9e8-7de6-4c8c-bf4c-9bb5512f4299: receive RaftClientReply:client-535162E20057->7049f9e8-7de6-4c8c-bf4c-9bb5512f4299@group-3B5DE3AEDFC2, cid=2135, SUCCESS, logIndex=0, commits[7049f9e8-7de6-4c8c-bf4c-9bb5512f4299:c3154, 13d9ac51-91bf-4c73-8824-2f58fc5b2747:c3153, 15cd3569-c751-4f18-b157-6804e7d0f08c:c3153]
2019-07-10 05:59:51,135 INFO  client.GrpcClientProtocolClient (GrpcClientProtocolClient.java:onNext(255)) - client-535162E20057->7049f9e8-7de6-4c8c-bf4c-9bb5512f4299: receive RaftClientReply:client-535162E20057->7049f9e8-7de6-4c8c-bf4c-9bb5512f4299@group-3B5DE3AEDFC2, cid=2136, SUCCESS, logIndex=3156, commits[7049f9e8-7de6-4c8c-bf4c-9bb5512f4299:c3159, 13d9ac51-91bf-4c73-8824-2f58fc5b2747:c3155, 15cd3569-c751-4f18-b157-6804e7d0f08c:c3155]
2019-07-10 05:59:51,136 INFO  client.GrpcClientProtocolClient (GrpcClientProtocolClient.java:onNext(255)) - client-535162E20057->7049f9e8-7de6-4c8c-bf4c-9bb5512f4299: receive RaftClientReply:client-535162E20057->7049f9e8-7de6-4c8c-bf4c-9bb5512f4299@group-3B5DE3AEDFC2, cid=2137, SUCCESS, logIndex=3157, commits[7049f9e8-7de6-4c8c-bf4c-9bb5512f4299:c3159, 13d9ac51-91bf-4c73-8824-2f58fc5b2747:c3155, 15cd3569-c751-4f18-b157-6804e7d0f08c:c3155]
2019-07-10 05:59:51,136 INFO  client.GrpcClientProtocolClient (GrpcClientProtocolClient.java:onNext(255)) - client-535162E20057->7049f9e8-7de6-4c8c-bf4c-9bb5512f4299: receive RaftClientReply:client-535162E20057->7049f9e8-7de6-4c8c-bf4c-9bb5512f4299@group-3B5DE3AEDFC2, cid=2138, SUCCESS, logIndex=3158, commits[7049f9e8-7de6-4c8c-bf4c-9bb5512f4299:c3160, 13d9ac51-91bf-4c73-8824-2f58fc5b2747:c3155, 15cd3569-c751-4f18-b157-6804e7d0f08c:c3157]
2019-07-10 05:59:51,137 INFO  client.GrpcClientProtocolClient (GrpcClientProtocolClient.java:onNext(255)) - client-535162E20057->7049f9e8-7de6-4c8c-bf4c-9bb5512f4299: receive RaftClientReply:client-535162E20057->7049f9e8-7de6-4c8c-bf4c-9bb5512f4299@group-3B5DE3AEDFC2, cid=2139, SUCCESS, logIndex=3159, commits[7049f9e8-7de6-4c8c-bf4c-9bb5512f4299:c3160, 13d9ac51-91bf-4c73-8824-2f58fc5b2747:c3155, 15cd3569-c751-4f18-b157-6804e7d0f08c:c3157]
2019-07-10 05:59:51,138 INFO  client.GrpcClientProtocolClient (GrpcClientProtocolClient.java:onNext(255)) - client-535162E20057->7049f9e8-7de6-4c8c-bf4c-9bb5512f4299: receive RaftClientReply:client-535162E20057->7049f9e8-7de6-4c8c-bf4c-9bb5512f4299@group-3B5DE3AEDFC2, cid=2140, SUCCESS, logIndex=0, commits[7049f9e8-7de6-4c8c-bf4c-9bb5512f4299:c3162, 13d9ac51-91bf-4c73-8824-2f58fc5b2747:c3158, 15cd3569-c751-4f18-b157-6804e7d0f08c:c3159]
2019-07-10 05:59:51,151 INFO  client.GrpcClientProtocolClient (GrpcClientProtocolClient.java:onNext(255)) - client-535162E20057->7049f9e8-7de6-4c8c-bf4c-9bb5512f4299: receive RaftClientReply:client-535162E20057->7049f9e8-7de6-4c8c-bf4c-9bb5512f4299@group-3B5DE3AEDFC2, cid=2141, SUCCESS, logIndex=3164, commits[7049f9e8-7de6-4c8c-bf4c-9bb5512f4299:c3165, 13d9ac51-91bf-4c73-8824-2f58fc5b2747:c3159, 15cd3569-c751-4f18-b157-6804e7d0f08c:c3163]
2019-07-10 05:59:51,151 INFO  client.GrpcClientProtocolClient (GrpcClientProtocolClient.java:onNext(255)) - client-535162E20057->7049f9e8-7de6-4c8c-bf4c-9bb5512f4299: receive RaftClientReply:client-535162E20057->7049f9e8-7de6-4c8c-bf4c-9bb5512f4299@group-3B5DE3AEDFC2, cid=2142, SUCCESS, logIndex=3165, commits[7049f9e8-7de6-4c8c-bf4c-9bb5512f4299:c3165, 13d9ac51-91bf-4c73-8824-2f58fc5b2747:c3163, 15cd3569-c751-4f18-b157-6804e7d0f08c:c3163]
2019-07-10 05:59:51,273 INFO  client.GrpcClientProtocolClient (GrpcClientProtocolClient.java:onNext(255)) - client-535162E20057->7049f9e8-7de6-4c8c-bf4c-9bb5512f4299: receive RaftClientReply:client-535162E20057->7049f9e8-7de6-4c8c-bf4c-9bb5512f4299@group-3B5DE3AEDFC2, cid=2143, SUCCESS, logIndex=3168, commits[7049f9e8-7de6-4c8c-bf4c-9bb5512f4299:c3169, 13d9ac51-91bf-4c73-8824-2f58fc5b2747:c3165, 15cd3569-c751-4f18-b157-6804e7d0f08c:c3167]
2019-07-10 05:59:51,273 INFO  client.GrpcClientProtocolClient (GrpcClientProtocolClient.java:onNext(255)) - client-535162E20057->7049f9e8-7de6-4c8c-bf4c-9bb5512f4299: receive RaftClientReply:client-535162E20057->7049f9e8-7de6-4c8c-bf4c-9bb5512f4299@group-3B5DE3AEDFC2, cid=2144, SUCCESS, logIndex=3169, commits[7049f9e8-7de6-4c8c-bf4c-9bb5512f4299:c3169, 13d9ac51-91bf-4c73-8824-2f58fc5b2747:c3167, 15cd3569-c751-4f18-b157-6804e7d0f08c:c3167]
2019-07-10 05:59:51,294 INFO  client.GrpcClientProtocolClient (GrpcClientProtocolClient.java:onNext(255)) - client-535162E20057->7049f9e8-7de6-4c8c-bf4c-9bb5512f4299: receive RaftClientReply:client-535162E20057->7049f9e8-7de6-4c8c-bf4c-9bb5512f4299@group-3B5DE3AEDFC2, cid=2145, SUCCESS, logIndex=0, commits[7049f9e8-7de6-4c8c-bf4c-9bb5512f4299:c3170, 13d9ac51-91bf-4c73-8824-2f58fc5b2747:c3169, 15cd3569-c751-4f18-b157-6804e7d0f08c:c3169]
2019-07-10 05:59:51,324 INFO  client.GrpcClientProtocolClient (GrpcClientProtocolClient.java:onNext(255)) - client-535162E20057->7049f9e8-7de6-4c8c-bf4c-9bb5512f4299: receive RaftClientReply:client-535162E20057->7049f9e8-7de6-4c8c-bf4c-9bb5512f4299@group-3B5DE3AEDFC2, cid=2146, SUCCESS, logIndex=3172, commits[7049f9e8-7de6-4c8c-bf4c-9bb5512f4299:c3174, 13d9ac51-91bf-4c73-8824-2f58fc5b2747:c3171, 15cd3569-c751-4f18-b157-6804e7d0f08c:c3171]
2019-07-10 05:59:51,324 INFO  client.GrpcClientProtocolClient (GrpcClientProtocolClient.java:onNext(255)) - client-535162E20057->7049f9e8-7de6-4c8c-bf4c-9bb5512f4299: receive RaftClientReply:client-535162E20057->7049f9e8-7de6-4c8c-bf4c-9bb5512f4299@group-3B5DE3AEDFC2, cid=2147, SUCCESS, logIndex=3173, commits[7049f9e8-7de6-4c8c-bf4c-9bb5512f4299:c3175, 13d9ac51-91bf-4c73-8824-2f58fc5b2747:c3171, 15cd3569-c751-4f18-b157-6804e7d0f08c:c3171]
2019-07-10 05:59:51,325 INFO  client.GrpcClientProtocolClient (GrpcClientProtocolClient.java:onNext(255)) - client-535162E20057->7049f9e8-7de6-4c8c-bf4c-9bb5512f4299: receive RaftClientReply:client-535162E20057->7049f9e8-7de6-4c8c-bf4c-9bb5512f4299@group-3B5DE3AEDFC2, cid=2148, SUCCESS, logIndex=3174, commits[7049f9e8-7de6-4c8c-bf4c-9bb5512f4299:c3175, 13d9ac51-91bf-4c73-8824-2f58fc5b2747:c3171, 15cd3569-c751-4f18-b157-6804e7d0f08c:c3171]
2019-07-10 05:59:51,325 INFO  client.GrpcClientProtocolClient (GrpcClientProtocolClient.java:onNext(255)) - client-535162E20057->7049f9e8-7de6-4c8c-bf4c-9bb5512f4299: receive RaftClientReply:client-535162E20057->7049f9e8-7de6-4c8c-bf4c-9bb5512f4299@group-3B5DE3AEDFC2, cid=2149, SUCCESS, logIndex=3175, commits[7049f9e8-7de6-4c8c-bf4c-9bb5512f4299:c3175, 13d9ac51-91bf-4c73-8824-2f58fc5b2747:c3171, 15cd3569-c751-4f18-b157-6804e7d0f08c:c3171]
2019-07-10 05:59:51,336 INFO  client.GrpcClientProtocolClient (GrpcClientProtocolClient.java:onNext(255)) - client-535162E20057->7049f9e8-7de6-4c8c-bf4c-9bb5512f4299: receive RaftClientReply:client-535162E20057->7049f9e8-7de6-4c8c-bf4c-9bb5512f4299@group-3B5DE3AEDFC2, cid=2150, SUCCESS, logIndex=0, commits[7049f9e8-7de6-4c8c-bf4c-9bb5512f4299:c3178, 13d9ac51-91bf-4c73-8824-2f58fc5b2747:c3173, 15cd3569-c751-4f18-b157-6804e7d0f08c:c3174]
2019-07-10 05:59:51,357 INFO  client.GrpcClientProtocolClient (GrpcClientProtocolClient.java:onNext(255)) - client-535162E20057->7049f9e8-7de6-4c8c-bf4c-9bb5512f4299: receive RaftClientReply:client-535162E20057->7049f9e8-7de6-4c8c-bf4c-9bb5512f4299@group-3B5DE3AEDFC2, cid=2151, SUCCESS, logIndex=3180, commits[7049f9e8-7de6-4c8c-bf4c-9bb5512f4299:c3181, 13d9ac51-91bf-4c73-8824-2f58fc5b2747:c3179, 15cd3569-c751-4f18-b157-6804e7d0f08c:c3179]
2019-07-10 05:59:51,357 INFO  client.GrpcClientProtocolClient (GrpcClientProtocolClient.java:onNext(255)) - client-535162E20057->7049f9e8-7de6-4c8c-bf4c-9bb5512f4299: receive RaftClientReply:client-535162E20057->7049f9e8-7de6-4c8c-bf4c-9bb5512f4299@group-3B5DE3AEDFC2, cid=2152, SUCCESS, logIndex=3181, commits[7049f9e8-7de6-4c8c-bf4c-9bb5512f4299:c3181, 13d9ac51-91bf-4c73-8824-2f58fc5b2747:c3179, 15cd3569-c751-4f18-b157-6804e7d0f08c:c3179]
2019-07-10 05:59:51,371 INFO  client.GrpcClientProtocolClient (GrpcClientProtocolClient.java:onNext(255)) - client-535162E20057->7049f9e8-7de6-4c8c-bf4c-9bb5512f4299: receive RaftClientReply:client-535162E20057->7049f9e8-7de6-4c8c-bf4c-9bb5512f4299@group-3B5DE3AEDFC2, cid=2153, SUCCESS, logIndex=3184, commits[7049f9e8-7de6-4c8c-bf4c-9bb5512f4299:c3185, 13d9ac51-91bf-4c73-8824-2f58fc5b2747:c3180, 15cd3569-c751-4f18-b157-6804e7d0f08c:c3181]
2019-07-10 05:59:51,371 INFO  client.GrpcClientProtocolClient (GrpcClientProtocolClient.java:onNext(255)) - client-535162E20057->7049f9e8-7de6-4c8c-bf4c-9bb5512f4299: receive RaftClientReply:client-535162E20057->7049f9e8-7de6-4c8c-bf4c-9bb5512f4299@group-3B5DE3AEDFC2, cid=2154, SUCCESS, logIndex=3185, commits[7049f9e8-7de6-4c8c-bf4c-9bb5512f4299:c3185, 13d9ac51-91bf-4c73-8824-2f58fc5b2747:c3181, 15cd3569-c751-4f18-b157-6804e7d0f08c:c3181]
2019-07-10 05:59:51,372 INFO  client.GrpcClientProtocolClient (GrpcClientProtocolClient.java:onNext(255)) - client-535162E20057->7049f9e8-7de6-4c8c-bf4c-9bb5512f4299: receive RaftClientReply:client-535162E20057->7049f9e8-7de6-4c8c-bf4c-9bb5512f4299@group-3B5DE3AEDFC2, cid=2155, SUCCESS, logIndex=0, commits[7049f9e8-7de6-4c8c-bf4c-9bb5512f4299:c3187, 13d9ac51-91bf-4c73-8824-2f58fc5b2747:c3185, 15cd3569-c751-4f18-b157-6804e7d0f08c:c3185]
2019-07-10 05:59:51,402 INFO  client.GrpcClientProtocolClient (GrpcClientProtocolClient.java:onNext(255)) - client-535162E20057->7049f9e8-7de6-4c8c-bf4c-9bb5512f4299: receive RaftClientReply:client-535162E20057->7049f9e8-7de6-4c8c-bf4c-9bb5512f4299@group-3B5DE3AEDFC2, cid=2156, SUCCESS, logIndex=3188, commits[7049f9e8-7de6-4c8c-bf4c-9bb5512f4299:c3189, 13d9ac51-91bf-4c73-8824-2f58fc5b2747:c3187, 15cd3569-c751-4f18-b157-6804e7d0f08c:c3187]
2019-07-10 05:59:51,403 INFO  client.GrpcClientProtocolClient (GrpcClientProtocolClient.java:onNext(255)) - client-535162E20057->7049f9e8-7de6-4c8c-bf4c-9bb5512f4299: receive RaftClientReply:client-535162E20057->7049f9e8-7de6-4c8c-bf4c-9bb5512f4299@group-3B5DE3AEDFC2, cid=2157, SUCCESS, logIndex=3189, commits[7049f9e8-7de6-4c8c-bf4c-9bb5512f4299:c3191, 13d9ac51-91bf-4c73-8824-2f58fc5b2747:c3187, 15cd3569-c751-4f18-b157-6804e7d0f08c:c3187]
2019-07-10 05:59:51,404 INFO  client.GrpcClientProtocolClient (GrpcClientProtocolClient.java:onNext(255)) - client-535162E20057->7049f9e8-7de6-4c8c-bf4c-9bb5512f4299: receive RaftClientReply:client-535162E20057->7049f9e8-7de6-4c8c-bf4c-9bb5512f4299@group-3B5DE3AEDFC2, cid=2158, SUCCESS, logIndex=3190, commits[7049f9e8-7de6-4c8c-bf4c-9bb5512f4299:c3191, 13d9ac51-91bf-4c73-8824-2f58fc5b2747:c3187, 15cd3569-c751-4f18-b157-6804e7d0f08c:c3187]
2019-07-10 05:59:51,404 INFO  client.GrpcClientProtocolClient (GrpcClientProtocolClient.java:onNext(255)) - client-535162E20057->7049f9e8-7de6-4c8c-bf4c-9bb5512f4299: receive RaftClientReply:client-535162E20057->7049f9e8-7de6-4c8c-bf4c-9bb5512f4299@group-3B5DE3AEDFC2, cid=2159, SUCCESS, logIndex=3191, commits[7049f9e8-7de6-4c8c-bf4c-9bb5512f4299:c3191, 13d9ac51-91bf-4c73-8824-2f58fc5b2747:c3187, 15cd3569-c751-4f18-b157-6804e7d0f08c:c3187]
2019-07-10 05:59:51,405 INFO  client.GrpcClientProtocolClient (GrpcClientProtocolClient.java:onNext(255)) - client-535162E20057->7049f9e8-7de6-4c8c-bf4c-9bb5512f4299: receive RaftClientReply:client-535162E20057->7049f9e8-7de6-4c8c-bf4c-9bb5512f4299@group-3B5DE3AEDFC2, cid=2160, SUCCESS, logIndex=0, commits[7049f9e8-7de6-4c8c-bf4c-9bb5512f4299:c3193, 13d9ac51-91bf-4c73-8824-2f58fc5b2747:c3189, 15cd3569-c751-4f18-b157-6804e7d0f08c:c3189]
2019-07-10 05:59:51,429 INFO  client.GrpcClientProtocolClient (GrpcClientProtocolClient.java:onNext(255)) - client-535162E20057->7049f9e8-7de6-4c8c-bf4c-9bb5512f4299: receive RaftClientReply:client-535162E20057->7049f9e8-7de6-4c8c-bf4c-9bb5512f4299@group-3B5DE3AEDFC2, cid=2161, SUCCESS, logIndex=3196, commits[7049f9e8-7de6-4c8c-bf4c-9bb5512f4299:c3197, 13d9ac51-91bf-4c73-8824-2f58fc5b2747:c3195, 15cd3569-c751-4f18-b157-6804e7d0f08c:c3195]
2019-07-10 05:59:51,429 INFO  client.GrpcClientProtocolClient (GrpcClientProtocolClient.java:onNext(255)) - client-535162E20057->7049f9e8-7de6-4c8c-bf4c-9bb5512f4299: receive RaftClientReply:client-535162E20057->7049f9e8-7de6-4c8c-bf4c-9bb5512f4299@group-3B5DE3AEDFC2, cid=2162, SUCCESS, logIndex=3197, commits[7049f9e8-7de6-4c8c-bf4c-9bb5512f4299:c3197, 13d9ac51-91bf-4c73-8824-2f58fc5b2747:c3195, 15cd3569-c751-4f18-b157-6804e7d0f08c:c3195]
2019-07-10 05:59:51,455 INFO  client.GrpcClientProtocolClient (GrpcClientProtocolClient.java:onNext(255)) - client-535162E20057->7049f9e8-7de6-4c8c-bf4c-9bb5512f4299: receive RaftClientReply:client-535162E20057->7049f9e8-7de6-4c8c-bf4c-9bb5512f4299@group-3B5DE3AEDFC2, cid=2163, SUCCESS, logIndex=3200, commits[7049f9e8-7de6-4c8c-bf4c-9bb5512f4299:c3201, 13d9ac51-91bf-4c73-8824-2f58fc5b2747:c3199, 15cd3569-c751-4f18-b157-6804e7d0f08c:c3199]
2019-07-10 05:59:51,455 INFO  client.GrpcClientProtocolClient (GrpcClientProtocolClient.java:onNext(255)) - client-535162E20057->7049f9e8-7de6-4c8c-bf4c-9bb5512f4299: receive RaftClientReply:client-535162E20057->7049f9e8-7de6-4c8c-bf4c-9bb5512f4299@group-3B5DE3AEDFC2, cid=2164, SUCCESS, logIndex=3201, commits[7049f9e8-7de6-4c8c-bf4c-9bb5512f4299:c3201, 13d9ac51-91bf-4c73-8824-2f58fc5b2747:c3199, 15cd3569-c751-4f18-b157-6804e7d0f08c:c3199]
2019-07-10 05:59:51,481 INFO  client.GrpcClientProtocolClient (GrpcClientProtocolClient.java:onNext(255)) - client-535162E20057->7049f9e8-7de6-4c8c-bf4c-9bb5512f4299: receive RaftClientReply:client-535162E20057->7049f9e8-7de6-4c8c-bf4c-9bb5512f4299@group-3B5DE3AEDFC2, cid=2165, SUCCESS, logIndex=0, commits[7049f9e8-7de6-4c8c-bf4c-9bb5512f4299:c3202, 13d9ac51-91bf-4c73-8824-2f58fc5b2747:c3201, 15cd3569-c751-4f18-b157-6804e7d0f08c:c3201]
 0.00% |█                                                                                                    |  0/1 Time: 0:00:162019-07-10 05:59:51,511 INFO  client.GrpcClientProtocolClient (GrpcClientProtocolClient.java:onNext(255)) - client-535162E20057->7049f9e8-7de6-4c8c-bf4c-9bb5512f4299: receive RaftClientReply:client-535162E20057->7049f9e8-7de6-4c8c-bf4c-9bb5512f4299@group-3B5DE3AEDFC2, cid=2166, SUCCESS, logIndex=3204, commits[7049f9e8-7de6-4c8c-bf4c-9bb5512f4299:c3205, 13d9ac51-91bf-4c73-8824-2f58fc5b2747:c3203, 15cd3569-c751-4f18-b157-6804e7d0f08c:c3203]
2019-07-10 05:59:51,512 INFO  client.GrpcClientProtocolClient (GrpcClientProtocolClient.java:onNext(255)) - client-535162E20057->7049f9e8-7de6-4c8c-bf4c-9bb5512f4299: receive RaftClientReply:client-535162E20057->7049f9e8-7de6-4c8c-bf4c-9bb5512f4299@group-3B5DE3AEDFC2, cid=2167, SUCCESS, logIndex=3205, commits[7049f9e8-7de6-4c8c-bf4c-9bb5512f4299:c3207, 13d9ac51-91bf-4c73-8824-2f58fc5b2747:c3203, 15cd3569-c751-4f18-b157-6804e7d0f08c:c3203]
2019-07-10 05:59:51,512 INFO  client.GrpcClientProtocolClient (GrpcClientProtocolClient.java:onNext(255)) - client-535162E20057->7049f9e8-7de6-4c8c-bf4c-9bb5512f4299: receive RaftClientReply:client-535162E20057->7049f9e8-7de6-4c8c-bf4c-9bb5512f4299@group-3B5DE3AEDFC2, cid=2168, SUCCESS, logIndex=3206, commits[7049f9e8-7de6-4c8c-bf4c-9bb5512f4299:c3207, 13d9ac51-91bf-4c73-8824-2f58fc5b2747:c3203, 15cd3569-c751-4f18-b157-6804e7d0f08c:c3203]
2019-07-10 05:59:51,512 INFO  client.GrpcClientProtocolClient (GrpcClientProtocolClient.java:onNext(255)) - client-535162E20057->7049f9e8-7de6-4c8c-bf4c-9bb5512f4299: receive RaftClientReply:client-535162E20057->7049f9e8-7de6-4c8c-bf4c-9bb5512f4299@group-3B5DE3AEDFC2, cid=2169, SUCCESS, logIndex=3207, commits[7049f9e8-7de6-4c8c-bf4c-9bb5512f4299:c3207, 13d9ac51-91bf-4c73-8824-2f58fc5b2747:c3203, 15cd3569-c751-4f18-b157-6804e7d0f08c:c3203]
2019-07-10 05:59:51,524 INFO  client.GrpcClientProtocolClient (GrpcClientProtocolClient.java:onNext(255)) - client-535162E20057->7049f9e8-7de6-4c8c-bf4c-9bb5512f4299: receive RaftClientReply:client-535162E20057->7049f9e8-7de6-4c8c-bf4c-9bb5512f4299@group-3B5DE3AEDFC2, cid=2170, SUCCESS, logIndex=0, commits[7049f9e8-7de6-4c8c-bf4c-9bb5512f4299:c3209, 13d9ac51-91bf-4c73-8824-2f58fc5b2747:c3205, 15cd3569-c751-4f18-b157-6804e7d0f08c:c3205]
2019-07-10 05:59:51,545 INFO  client.GrpcClientProtocolClient (GrpcClientProtocolClient.java:onNext(255)) - client-535162E20057->7049f9e8-7de6-4c8c-bf4c-9bb5512f4299: receive RaftClientReply:client-535162E20057->7049f9e8-7de6-4c8c-bf4c-9bb5512f4299@group-3B5DE3AEDFC2, cid=2171, SUCCESS, logIndex=3212, commits[7049f9e8-7de6-4c8c-bf4c-9bb5512f4299:c3213, 13d9ac51-91bf-4c73-8824-2f58fc5b2747:c3211, 15cd3569-c751-4f18-b157-6804e7d0f08c:c3211]
2019-07-10 05:59:51,545 INFO  client.GrpcClientProtocolClient (GrpcClientProtocolClient.java:onNext(255)) - client-535162E20057->7049f9e8-7de6-4c8c-bf4c-9bb5512f4299: receive RaftClientReply:client-535162E20057->7049f9e8-7de6-4c8c-bf4c-9bb5512f4299@group-3B5DE3AEDFC2, cid=2172, SUCCESS, logIndex=3213, commits[7049f9e8-7de6-4c8c-bf4c-9bb5512f4299:c3213, 13d9ac51-91bf-4c73-8824-2f58fc5b2747:c3211, 15cd3569-c751-4f18-b157-6804e7d0f08c:c3211]
2019-07-10 05:59:51,560 INFO  client.GrpcClientProtocolClient (GrpcClientProtocolClient.java:onNext(255)) - client-535162E20057->7049f9e8-7de6-4c8c-bf4c-9bb5512f4299: receive RaftClientReply:client-535162E20057->7049f9e8-7de6-4c8c-bf4c-9bb5512f4299@group-3B5DE3AEDFC2, cid=2173, SUCCESS, logIndex=3216, commits[7049f9e8-7de6-4c8c-bf4c-9bb5512f4299:c3217, 13d9ac51-91bf-4c73-8824-2f58fc5b2747:c3213, 15cd3569-c751-4f18-b157-6804e7d0f08c:c3213]
2019-07-10 05:59:51,560 INFO  client.GrpcClientProtocolClient (GrpcClientProtocolClient.java:onNext(255)) - client-535162E20057->7049f9e8-7de6-4c8c-bf4c-9bb5512f4299: receive RaftClientReply:client-535162E20057->7049f9e8-7de6-4c8c-bf4c-9bb5512f4299@group-3B5DE3AEDFC2, cid=2174, SUCCESS, logIndex=3217, commits[7049f9e8-7de6-4c8c-bf4c-9bb5512f4299:c3217, 13d9ac51-91bf-4c73-8824-2f58fc5b2747:c3213, 15cd3569-c751-4f18-b157-6804e7d0f08c:c3213]
2019-07-10 05:59:51,574 INFO  client.GrpcClientProtocolClient (GrpcClientProtocolClient.java:onNext(255)) - client-535162E20057->7049f9e8-7de6-4c8c-bf4c-9bb5512f4299: receive RaftClientReply:client-535162E20057->7049f9e8-7de6-4c8c-bf4c-9bb5512f4299@group-3B5DE3AEDFC2, cid=2175, SUCCESS, logIndex=0, commits[7049f9e8-7de6-4c8c-bf4c-9bb5512f4299:c3219, 13d9ac51-91bf-4c73-8824-2f58fc5b2747:c3217, 15cd3569-c751-4f18-b157-6804e7d0f08c:c3217]
2019-07-10 05:59:51,604 INFO  client.GrpcClientProtocolClient (GrpcClientProtocolClient.java:onNext(255)) - client-535162E20057->7049f9e8-7de6-4c8c-bf4c-9bb5512f4299: receive RaftClientReply:client-535162E20057->7049f9e8-7de6-4c8c-bf4c-9bb5512f4299@group-3B5DE3AEDFC2, cid=2176, SUCCESS, logIndex=3220, commits[7049f9e8-7de6-4c8c-bf4c-9bb5512f4299:c3222, 13d9ac51-91bf-4c73-8824-2f58fc5b2747:c3219, 15cd3569-c751-4f18-b157-6804e7d0f08c:c3219]
2019-07-10 05:59:51,606 INFO  client.GrpcClientProtocolClient (GrpcClientProtocolClient.java:onNext(255)) - client-535162E20057->7049f9e8-7de6-4c8c-bf4c-9bb5512f4299: receive RaftClientReply:client-535162E20057->7049f9e8-7de6-4c8c-bf4c-9bb5512f4299@group-3B5DE3AEDFC2, cid=2177, SUCCESS, logIndex=3221, commits[7049f9e8-7de6-4c8c-bf4c-9bb5512f4299:c3223, 13d9ac51-91bf-4c73-8824-2f58fc5b2747:c3219, 15cd3569-c751-4f18-b157-6804e7d0f08c:c3219]
2019-07-10 05:59:51,606 INFO  client.GrpcClientProtocolClient (GrpcClientProtocolClient.java:onNext(255)) - client-535162E20057->7049f9e8-7de6-4c8c-bf4c-9bb5512f4299: receive RaftClientReply:client-535162E20057->7049f9e8-7de6-4c8c-bf4c-9bb5512f4299@group-3B5DE3AEDFC2, cid=2178, SUCCESS, logIndex=3222, commits[7049f9e8-7de6-4c8c-bf4c-9bb5512f4299:c3224, 13d9ac51-91bf-4c73-8824-2f58fc5b2747:c3219, 15cd3569-c751-4f18-b157-6804e7d0f08c:c3220]
2019-07-10 05:59:51,606 INFO  client.GrpcClientProtocolClient (GrpcClientProtocolClient.java:onNext(255)) - client-535162E20057->7049f9e8-7de6-4c8c-bf4c-9bb5512f4299: receive RaftClientReply:client-535162E20057->7049f9e8-7de6-4c8c-bf4c-9bb5512f4299@group-3B5DE3AEDFC2, cid=2179, SUCCESS, logIndex=3223, commits[7049f9e8-7de6-4c8c-bf4c-9bb5512f4299:c3224, 13d9ac51-91bf-4c73-8824-2f58fc5b2747:c3220, 15cd3569-c751-4f18-b157-6804e7d0f08c:c3220]
2019-07-10 05:59:51,607 INFO  client.GrpcClientProtocolClient (GrpcClientProtocolClient.java:onNext(255)) - client-535162E20057->7049f9e8-7de6-4c8c-bf4c-9bb5512f4299: receive RaftClientReply:client-535162E20057->7049f9e8-7de6-4c8c-bf4c-9bb5512f4299@group-3B5DE3AEDFC2, cid=2180, SUCCESS, logIndex=0, commits[7049f9e8-7de6-4c8c-bf4c-9bb5512f4299:c3227, 13d9ac51-91bf-4c73-8824-2f58fc5b2747:c3221, 15cd3569-c751-4f18-b157-6804e7d0f08c:c3223]
2019-07-10 05:59:51,624 INFO  client.GrpcClientProtocolClient (GrpcClientProtocolClient.java:onNext(255)) - client-535162E20057->7049f9e8-7de6-4c8c-bf4c-9bb5512f4299: receive RaftClientReply:client-535162E20057->7049f9e8-7de6-4c8c-bf4c-9bb5512f4299@group-3B5DE3AEDFC2, cid=2181, SUCCESS, logIndex=3228, commits[7049f9e8-7de6-4c8c-bf4c-9bb5512f4299:c3229, 13d9ac51-91bf-4c73-8824-2f58fc5b2747:c3227, 15cd3569-c751-4f18-b157-6804e7d0f08c:c3227]
2019-07-10 05:59:51,625 INFO  client.GrpcClientProtocolClient (GrpcClientProtocolClient.java:onNext(255)) - client-535162E20057->7049f9e8-7de6-4c8c-bf4c-9bb5512f4299: receive RaftClientReply:client-535162E20057->7049f9e8-7de6-4c8c-bf4c-9bb5512f4299@group-3B5DE3AEDFC2, cid=2182, SUCCESS, logIndex=3229, commits[7049f9e8-7de6-4c8c-bf4c-9bb5512f4299:c3229, 13d9ac51-91bf-4c73-8824-2f58fc5b2747:c3227, 15cd3569-c751-4f18-b157-6804e7d0f08c:c3227]
2019-07-10 05:59:51,639 INFO  client.GrpcClientProtocolClient (GrpcClientProtocolClient.java:onNext(255)) - client-535162E20057->7049f9e8-7de6-4c8c-bf4c-9bb5512f4299: receive RaftClientReply:client-535162E20057->7049f9e8-7de6-4c8c-bf4c-9bb5512f4299@group-3B5DE3AEDFC2, cid=2183, SUCCESS, logIndex=3232, commits[7049f9e8-7de6-4c8c-bf4c-9bb5512f4299:c3233, 13d9ac51-91bf-4c73-8824-2f58fc5b2747:c3229, 15cd3569-c751-4f18-b157-6804e7d0f08c:c3229]
2019-07-10 05:59:51,640 INFO  client.GrpcClientProtocolClient (GrpcClientProtocolClient.java:onNext(255)) - client-535162E20057->7049f9e8-7de6-4c8c-bf4c-9bb5512f4299: receive RaftClientReply:client-535162E20057->7049f9e8-7de6-4c8c-bf4c-9bb5512f4299@group-3B5DE3AEDFC2, cid=2184, SUCCESS, logIndex=3233, commits[7049f9e8-7de6-4c8c-bf4c-9bb5512f4299:c3233, 13d9ac51-91bf-4c73-8824-2f58fc5b2747:c3229, 15cd3569-c751-4f18-b157-6804e7d0f08c:c3229]
2019-07-10 05:59:51,644 INFO  client.GrpcClientProtocolClient (GrpcClientProtocolClient.java:onNext(255)) - client-535162E20057->7049f9e8-7de6-4c8c-bf4c-9bb5512f4299: receive RaftClientReply:client-535162E20057->7049f9e8-7de6-4c8c-bf4c-9bb5512f4299@group-3B5DE3AEDFC2, cid=2185, SUCCESS, logIndex=0, commits[7049f9e8-7de6-4c8c-bf4c-9bb5512f4299:c3234, 13d9ac51-91bf-4c73-8824-2f58fc5b2747:c3233, 15cd3569-c751-4f18-b157-6804e7d0f08c:c3233]
2019-07-10 05:59:51,667 INFO  client.GrpcClientProtocolClient (GrpcClientProtocolClient.java:onNext(255)) - client-535162E20057->7049f9e8-7de6-4c8c-bf4c-9bb5512f4299: receive RaftClientReply:client-535162E20057->7049f9e8-7de6-4c8c-bf4c-9bb5512f4299@group-3B5DE3AEDFC2, cid=2186, SUCCESS, logIndex=3236, commits[7049f9e8-7de6-4c8c-bf4c-9bb5512f4299:c3239, 13d9ac51-91bf-4c73-8824-2f58fc5b2747:c3233, 15cd3569-c751-4f18-b157-6804e7d0f08c:c3235]
2019-07-10 05:59:51,668 INFO  client.GrpcClientProtocolClient (GrpcClientProtocolClient.java:onNext(255)) - client-535162E20057->7049f9e8-7de6-4c8c-bf4c-9bb5512f4299: receive RaftClientReply:client-535162E20057->7049f9e8-7de6-4c8c-bf4c-9bb5512f4299@group-3B5DE3AEDFC2, cid=2187, SUCCESS, logIndex=3237, commits[7049f9e8-7de6-4c8c-bf4c-9bb5512f4299:c3239, 13d9ac51-91bf-4c73-8824-2f58fc5b2747:c3235, 15cd3569-c751-4f18-b157-6804e7d0f08c:c3235]
2019-07-10 05:59:51,668 INFO  client.GrpcClientProtocolClient (GrpcClientProtocolClient.java:onNext(255)) - client-535162E20057->7049f9e8-7de6-4c8c-bf4c-9bb5512f4299: receive RaftClientReply:client-535162E20057->7049f9e8-7de6-4c8c-bf4c-9bb5512f4299@group-3B5DE3AEDFC2, cid=2188, SUCCESS, logIndex=3238, commits[7049f9e8-7de6-4c8c-bf4c-9bb5512f4299:c3239, 13d9ac51-91bf-4c73-8824-2f58fc5b2747:c3235, 15cd3569-c751-4f18-b157-6804e7d0f08c:c3235]
2019-07-10 05:59:51,669 INFO  client.GrpcClientProtocolClient (GrpcClientProtocolClient.java:onNext(255)) - client-535162E20057->7049f9e8-7de6-4c8c-bf4c-9bb5512f4299: receive RaftClientReply:client-535162E20057->7049f9e8-7de6-4c8c-bf4c-9bb5512f4299@group-3B5DE3AEDFC2, cid=2189, SUCCESS, logIndex=3239, commits[7049f9e8-7de6-4c8c-bf4c-9bb5512f4299:c3239, 13d9ac51-91bf-4c73-8824-2f58fc5b2747:c3235, 15cd3569-c751-4f18-b157-6804e7d0f08c:c3235]
2019-07-10 05:59:51,670 INFO  client.GrpcClientProtocolClient (GrpcClientProtocolClient.java:onNext(255)) - client-535162E20057->7049f9e8-7de6-4c8c-bf4c-9bb5512f4299: receive RaftClientReply:client-535162E20057->7049f9e8-7de6-4c8c-bf4c-9bb5512f4299@group-3B5DE3AEDFC2, cid=2190, SUCCESS, logIndex=0, commits[7049f9e8-7de6-4c8c-bf4c-9bb5512f4299:c3241, 13d9ac51-91bf-4c73-8824-2f58fc5b2747:c3238, 15cd3569-c751-4f18-b157-6804e7d0f08c:c3237]
2019-07-10 05:59:51,697 INFO  client.GrpcClientProtocolClient (GrpcClientProtocolClient.java:onNext(255)) - client-535162E20057->7049f9e8-7de6-4c8c-bf4c-9bb5512f4299: receive RaftClientReply:client-535162E20057->7049f9e8-7de6-4c8c-bf4c-9bb5512f4299@group-3B5DE3AEDFC2, cid=2191, SUCCESS, logIndex=3244, commits[7049f9e8-7de6-4c8c-bf4c-9bb5512f4299:c3245, 13d9ac51-91bf-4c73-8824-2f58fc5b2747:c3243, 15cd3569-c751-4f18-b157-6804e7d0f08c:c3243]
2019-07-10 05:59:51,697 INFO  client.GrpcClientProtocolClient (GrpcClientProtocolClient.java:onNext(255)) - client-535162E20057->7049f9e8-7de6-4c8c-bf4c-9bb5512f4299: receive RaftClientReply:client-535162E20057->7049f9e8-7de6-4c8c-bf4c-9bb5512f4299@group-3B5DE3AEDFC2, cid=2192, SUCCESS, logIndex=3245, commits[7049f9e8-7de6-4c8c-bf4c-9bb5512f4299:c3245, 13d9ac51-91bf-4c73-8824-2f58fc5b2747:c3243, 15cd3569-c751-4f18-b157-6804e7d0f08c:c3243]
2019-07-10 05:59:51,711 INFO  client.GrpcClientProtocolClient (GrpcClientProtocolClient.java:onNext(255)) - client-535162E20057->7049f9e8-7de6-4c8c-bf4c-9bb5512f4299: receive RaftClientReply:client-535162E20057->7049f9e8-7de6-4c8c-bf4c-9bb5512f4299@group-3B5DE3AEDFC2, cid=2193, SUCCESS, logIndex=3248, commits[7049f9e8-7de6-4c8c-bf4c-9bb5512f4299:c3248, 13d9ac51-91bf-4c73-8824-2f58fc5b2747:c3245, 15cd3569-c751-4f18-b157-6804e7d0f08c:c3245]
2019-07-10 05:59:51,711 INFO  client.GrpcClientProtocolClient (GrpcClientProtocolClient.java:onNext(255)) - client-535162E20057->7049f9e8-7de6-4c8c-bf4c-9bb5512f4299: receive RaftClientReply:client-535162E20057->7049f9e8-7de6-4c8c-bf4c-9bb5512f4299@group-3B5DE3AEDFC2, cid=2194, SUCCESS, logIndex=3249, commits[7049f9e8-7de6-4c8c-bf4c-9bb5512f4299:c3249, 13d9ac51-91bf-4c73-8824-2f58fc5b2747:c3245, 15cd3569-c751-4f18-b157-6804e7d0f08c:c3245]
2019-07-10 05:59:51,722 INFO  client.GrpcClientProtocolClient (GrpcClientProtocolClient.java:onNext(255)) - client-535162E20057->7049f9e8-7de6-4c8c-bf4c-9bb5512f4299: receive RaftClientReply:client-535162E20057->7049f9e8-7de6-4c8c-bf4c-9bb5512f4299@group-3B5DE3AEDFC2, cid=2195, SUCCESS, logIndex=0, commits[7049f9e8-7de6-4c8c-bf4c-9bb5512f4299:c3250, 13d9ac51-91bf-4c73-8824-2f58fc5b2747:c3249, 15cd3569-c751-4f18-b157-6804e7d0f08c:c3249]
2019-07-10 05:59:51,753 INFO  client.GrpcClientProtocolClient (GrpcClientProtocolClient.java:onNext(255)) - client-535162E20057->7049f9e8-7de6-4c8c-bf4c-9bb5512f4299: receive RaftClientReply:client-535162E20057->7049f9e8-7de6-4c8c-bf4c-9bb5512f4299@group-3B5DE3AEDFC2, cid=2196, SUCCESS, logIndex=3252, commits[7049f9e8-7de6-4c8c-bf4c-9bb5512f4299:c3254, 13d9ac51-91bf-4c73-8824-2f58fc5b2747:c3251, 15cd3569-c751-4f18-b157-6804e7d0f08c:c3251]
2019-07-10 05:59:51,753 INFO  client.GrpcClientProtocolClient (GrpcClientProtocolClient.java:onNext(255)) - client-535162E20057->7049f9e8-7de6-4c8c-bf4c-9bb5512f4299: receive RaftClientReply:client-535162E20057->7049f9e8-7de6-4c8c-bf4c-9bb5512f4299@group-3B5DE3AEDFC2, cid=2197, SUCCESS, logIndex=3253, commits[7049f9e8-7de6-4c8c-bf4c-9bb5512f4299:c3255, 13d9ac51-91bf-4c73-8824-2f58fc5b2747:c3251, 15cd3569-c751-4f18-b157-6804e7d0f08c:c3251]
2019-07-10 05:59:51,754 INFO  client.GrpcClientProtocolClient (GrpcClientProtocolClient.java:onNext(255)) - client-535162E20057->7049f9e8-7de6-4c8c-bf4c-9bb5512f4299: receive RaftClientReply:client-535162E20057->7049f9e8-7de6-4c8c-bf4c-9bb5512f4299@group-3B5DE3AEDFC2, cid=2198, SUCCESS, logIndex=3254, commits[7049f9e8-7de6-4c8c-bf4c-9bb5512f4299:c3255, 13d9ac51-91bf-4c73-8824-2f58fc5b2747:c3251, 15cd3569-c751-4f18-b157-6804e7d0f08c:c3251]
2019-07-10 05:59:51,754 INFO  client.GrpcClientProtocolClient (GrpcClientProtocolClient.java:onNext(255)) - client-535162E20057->7049f9e8-7de6-4c8c-bf4c-9bb5512f4299: receive RaftClientReply:client-535162E20057->7049f9e8-7de6-4c8c-bf4c-9bb5512f4299@group-3B5DE3AEDFC2, cid=2199, SUCCESS, logIndex=3255, commits[7049f9e8-7de6-4c8c-bf4c-9bb5512f4299:c3255, 13d9ac51-91bf-4c73-8824-2f58fc5b2747:c3251, 15cd3569-c751-4f18-b157-6804e7d0f08c:c3252]
2019-07-10 05:59:51,755 INFO  client.GrpcClientProtocolClient (GrpcClientProtocolClient.java:onNext(255)) - client-535162E20057->7049f9e8-7de6-4c8c-bf4c-9bb5512f4299: receive RaftClientReply:client-535162E20057->7049f9e8-7de6-4c8c-bf4c-9bb5512f4299@group-3B5DE3AEDFC2, cid=2200, SUCCESS, logIndex=0, commits[7049f9e8-7de6-4c8c-bf4c-9bb5512f4299:c3257, 13d9ac51-91bf-4c73-8824-2f58fc5b2747:c3253, 15cd3569-c751-4f18-b157-6804e7d0f08c:c3253]
2019-07-10 05:59:51,774 INFO  client.GrpcClientProtocolClient (GrpcClientProtocolClient.java:onNext(255)) - client-535162E20057->7049f9e8-7de6-4c8c-bf4c-9bb5512f4299: receive RaftClientReply:client-535162E20057->7049f9e8-7de6-4c8c-bf4c-9bb5512f4299@group-3B5DE3AEDFC2, cid=2201, SUCCESS, logIndex=3260, commits[7049f9e8-7de6-4c8c-bf4c-9bb5512f4299:c3261, 13d9ac51-91bf-4c73-8824-2f58fc5b2747:c3259, 15cd3569-c751-4f18-b157-6804e7d0f08c:c3259]
2019-07-10 05:59:51,775 INFO  client.GrpcClientProtocolClient (GrpcClientProtocolClient.java:onNext(255)) - client-535162E20057->7049f9e8-7de6-4c8c-bf4c-9bb5512f4299: receive RaftClientReply:client-535162E20057->7049f9e8-7de6-4c8c-bf4c-9bb5512f4299@group-3B5DE3AEDFC2, cid=2202, SUCCESS, logIndex=3261, commits[7049f9e8-7de6-4c8c-bf4c-9bb5512f4299:c3261, 13d9ac51-91bf-4c73-8824-2f58fc5b2747:c3259, 15cd3569-c751-4f18-b157-6804e7d0f08c:c3259]
2019-07-10 05:59:51,788 INFO  client.GrpcClientProtocolClient (GrpcClientProtocolClient.java:onNext(255)) - client-535162E20057->7049f9e8-7de6-4c8c-bf4c-9bb5512f4299: receive RaftClientReply:client-535162E20057->7049f9e8-7de6-4c8c-bf4c-9bb5512f4299@group-3B5DE3AEDFC2, cid=2203, SUCCESS, logIndex=3264, commits[7049f9e8-7de6-4c8c-bf4c-9bb5512f4299:c3265, 13d9ac51-91bf-4c73-8824-2f58fc5b2747:c3261, 15cd3569-c751-4f18-b157-6804e7d0f08c:c3261]
2019-07-10 05:59:51,788 INFO  client.GrpcClientProtocolClient (GrpcClientProtocolClient.java:onNext(255)) - client-535162E20057->7049f9e8-7de6-4c8c-bf4c-9bb5512f4299: receive RaftClientReply:client-535162E20057->7049f9e8-7de6-4c8c-bf4c-9bb5512f4299@group-3B5DE3AEDFC2, cid=2204, SUCCESS, logIndex=3265, commits[7049f9e8-7de6-4c8c-bf4c-9bb5512f4299:c3265, 13d9ac51-91bf-4c73-8824-2f58fc5b2747:c3261, 15cd3569-c751-4f18-b157-6804e7d0f08c:c3261]
2019-07-10 05:59:51,804 INFO  client.GrpcClientProtocolClient (GrpcClientProtocolClient.java:onNext(255)) - client-535162E20057->7049f9e8-7de6-4c8c-bf4c-9bb5512f4299: receive RaftClientReply:client-535162E20057->7049f9e8-7de6-4c8c-bf4c-9bb5512f4299@group-3B5DE3AEDFC2, cid=2205, SUCCESS, logIndex=0, commits[7049f9e8-7de6-4c8c-bf4c-9bb5512f4299:c3267, 13d9ac51-91bf-4c73-8824-2f58fc5b2747:c3265, 15cd3569-c751-4f18-b157-6804e7d0f08c:c3265]
2019-07-10 05:59:51,835 INFO  client.GrpcClientProtocolClient (GrpcClientProtocolClient.java:onNext(255)) - client-535162E20057->7049f9e8-7de6-4c8c-bf4c-9bb5512f4299: receive RaftClientReply:client-535162E20057->7049f9e8-7de6-4c8c-bf4c-9bb5512f4299@group-3B5DE3AEDFC2, cid=2206, SUCCESS, logIndex=3268, commits[7049f9e8-7de6-4c8c-bf4c-9bb5512f4299:c3271, 13d9ac51-91bf-4c73-8824-2f58fc5b2747:c3267, 15cd3569-c751-4f18-b157-6804e7d0f08c:c3267]
2019-07-10 05:59:51,836 INFO  client.GrpcClientProtocolClient (GrpcClientProtocolClient.java:onNext(255)) - client-535162E20057->7049f9e8-7de6-4c8c-bf4c-9bb5512f4299: receive RaftClientReply:client-535162E20057->7049f9e8-7de6-4c8c-bf4c-9bb5512f4299@group-3B5DE3AEDFC2, cid=2207, SUCCESS, logIndex=3269, commits[7049f9e8-7de6-4c8c-bf4c-9bb5512f4299:c3271, 13d9ac51-91bf-4c73-8824-2f58fc5b2747:c3267, 15cd3569-c751-4f18-b157-6804e7d0f08c:c3267]
2019-07-10 05:59:51,836 INFO  client.GrpcClientProtocolClient (GrpcClientProtocolClient.java:onNext(255)) - client-535162E20057->7049f9e8-7de6-4c8c-bf4c-9bb5512f4299: receive RaftClientReply:client-535162E20057->7049f9e8-7de6-4c8c-bf4c-9bb5512f4299@group-3B5DE3AEDFC2, cid=2208, SUCCESS, logIndex=3270, commits[7049f9e8-7de6-4c8c-bf4c-9bb5512f4299:c3271, 13d9ac51-91bf-4c73-8824-2f58fc5b2747:c3267, 15cd3569-c751-4f18-b157-6804e7d0f08c:c3267]
2019-07-10 05:59:51,837 INFO  client.GrpcClientProtocolClient (GrpcClientProtocolClient.java:onNext(255)) - client-535162E20057->7049f9e8-7de6-4c8c-bf4c-9bb5512f4299: receive RaftClientReply:client-535162E20057->7049f9e8-7de6-4c8c-bf4c-9bb5512f4299@group-3B5DE3AEDFC2, cid=2209, SUCCESS, logIndex=3271, commits[7049f9e8-7de6-4c8c-bf4c-9bb5512f4299:c3271, 13d9ac51-91bf-4c73-8824-2f58fc5b2747:c3267, 15cd3569-c751-4f18-b157-6804e7d0f08c:c3267]
2019-07-10 05:59:51,849 INFO  client.GrpcClientProtocolClient (GrpcClientProtocolClient.java:onNext(255)) - client-535162E20057->7049f9e8-7de6-4c8c-bf4c-9bb5512f4299: receive RaftClientReply:client-535162E20057->7049f9e8-7de6-4c8c-bf4c-9bb5512f4299@group-3B5DE3AEDFC2, cid=2210, SUCCESS, logIndex=0, commits[7049f9e8-7de6-4c8c-bf4c-9bb5512f4299:c3273, 13d9ac51-91bf-4c73-8824-2f58fc5b2747:c3269, 15cd3569-c751-4f18-b157-6804e7d0f08c:c3269]
2019-07-10 05:59:51,868 INFO  client.GrpcClientProtocolClient (GrpcClientProtocolClient.java:onNext(255)) - client-535162E20057->7049f9e8-7de6-4c8c-bf4c-9bb5512f4299: receive RaftClientReply:client-535162E20057->7049f9e8-7de6-4c8c-bf4c-9bb5512f4299@group-3B5DE3AEDFC2, cid=2211, SUCCESS, logIndex=3276, commits[7049f9e8-7de6-4c8c-bf4c-9bb5512f4299:c3277, 13d9ac51-91bf-4c73-8824-2f58fc5b2747:c3275, 15cd3569-c751-4f18-b157-6804e7d0f08c:c3275]
2019-07-10 05:59:51,868 INFO  client.GrpcClientProtocolClient (GrpcClientProtocolClient.java:onNext(255)) - client-535162E20057->7049f9e8-7de6-4c8c-bf4c-9bb5512f4299: receive RaftClientReply:client-535162E20057->7049f9e8-7de6-4c8c-bf4c-9bb5512f4299@group-3B5DE3AEDFC2, cid=2212, SUCCESS, logIndex=3277, commits[7049f9e8-7de6-4c8c-bf4c-9bb5512f4299:c3277, 13d9ac51-91bf-4c73-8824-2f58fc5b2747:c3275, 15cd3569-c751-4f18-b157-6804e7d0f08c:c3275]
2019-07-10 05:59:51,883 INFO  client.GrpcClientProtocolClient (GrpcClientProtocolClient.java:onNext(255)) - client-535162E20057->7049f9e8-7de6-4c8c-bf4c-9bb5512f4299: receive RaftClientReply:client-535162E20057->7049f9e8-7de6-4c8c-bf4c-9bb5512f4299@group-3B5DE3AEDFC2, cid=2213, SUCCESS, logIndex=3280, commits[7049f9e8-7de6-4c8c-bf4c-9bb5512f4299:c3281, 13d9ac51-91bf-4c73-8824-2f58fc5b2747:c3277, 15cd3569-c751-4f18-b157-6804e7d0f08c:c3277]
2019-07-10 05:59:51,883 INFO  client.GrpcClientProtocolClient (GrpcClientProtocolClient.java:onNext(255)) - client-535162E20057->7049f9e8-7de6-4c8c-bf4c-9bb5512f4299: receive RaftClientReply:client-535162E20057->7049f9e8-7de6-4c8c-bf4c-9bb5512f4299@group-3B5DE3AEDFC2, cid=2214, SUCCESS, logIndex=3281, commits[7049f9e8-7de6-4c8c-bf4c-9bb5512f4299:c3281, 13d9ac51-91bf-4c73-8824-2f58fc5b2747:c3277, 15cd3569-c751-4f18-b157-6804e7d0f08c:c3277]
2019-07-10 05:59:51,895 INFO  client.GrpcClientProtocolClient (GrpcClientProtocolClient.java:onNext(255)) - client-535162E20057->7049f9e8-7de6-4c8c-bf4c-9bb5512f4299: receive RaftClientReply:client-535162E20057->7049f9e8-7de6-4c8c-bf4c-9bb5512f4299@group-3B5DE3AEDFC2, cid=2215, SUCCESS, logIndex=0, commits[7049f9e8-7de6-4c8c-bf4c-9bb5512f4299:c3282, 13d9ac51-91bf-4c73-8824-2f58fc5b2747:c3281, 15cd3569-c751-4f18-b157-6804e7d0f08c:c3281]
2019-07-10 05:59:51,918 INFO  client.GrpcClientProtocolClient (GrpcClientProtocolClient.java:onNext(255)) - client-535162E20057->7049f9e8-7de6-4c8c-bf4c-9bb5512f4299: receive RaftClientReply:client-535162E20057->7049f9e8-7de6-4c8c-bf4c-9bb5512f4299@group-3B5DE3AEDFC2, cid=2216, SUCCESS, logIndex=3284, commits[7049f9e8-7de6-4c8c-bf4c-9bb5512f4299:c3287, 13d9ac51-91bf-4c73-8824-2f58fc5b2747:c3281, 15cd3569-c751-4f18-b157-6804e7d0f08c:c3283]
2019-07-10 05:59:51,919 INFO  client.GrpcClientProtocolClient (GrpcClientProtocolClient.java:onNext(255)) - client-535162E20057->7049f9e8-7de6-4c8c-bf4c-9bb5512f4299: receive RaftClientReply:client-535162E20057->7049f9e8-7de6-4c8c-bf4c-9bb5512f4299@group-3B5DE3AEDFC2, cid=2217, SUCCESS, logIndex=3285, commits[7049f9e8-7de6-4c8c-bf4c-9bb5512f4299:c3287, 13d9ac51-91bf-4c73-8824-2f58fc5b2747:c3283, 15cd3569-c751-4f18-b157-6804e7d0f08c:c3283]
2019-07-10 05:59:51,919 INFO  client.GrpcClientProtocolClient (GrpcClientProtocolClient.java:onNext(255)) - client-535162E20057->7049f9e8-7de6-4c8c-bf4c-9bb5512f4299: receive RaftClientReply:client-535162E20057->7049f9e8-7de6-4c8c-bf4c-9bb5512f4299@group-3B5DE3AEDFC2, cid=2218, SUCCESS, logIndex=3286, commits[7049f9e8-7de6-4c8c-bf4c-9bb5512f4299:c3287, 13d9ac51-91bf-4c73-8824-2f58fc5b2747:c3283, 15cd3569-c751-4f18-b157-6804e7d0f08c:c3283]
2019-07-10 05:59:51,919 INFO  client.GrpcClientProtocolClient (GrpcClientProtocolClient.java:onNext(255)) - client-535162E20057->7049f9e8-7de6-4c8c-bf4c-9bb5512f4299: receive RaftClientReply:client-535162E20057->7049f9e8-7de6-4c8c-bf4c-9bb5512f4299@group-3B5DE3AEDFC2, cid=2219, SUCCESS, logIndex=3287, commits[7049f9e8-7de6-4c8c-bf4c-9bb5512f4299:c3287, 13d9ac51-91bf-4c73-8824-2f58fc5b2747:c3283, 15cd3569-c751-4f18-b157-6804e7d0f08c:c3283]
2019-07-10 05:59:51,921 INFO  client.GrpcClientProtocolClient (GrpcClientProtocolClient.java:onNext(255)) - client-535162E20057->7049f9e8-7de6-4c8c-bf4c-9bb5512f4299: receive RaftClientReply:client-535162E20057->7049f9e8-7de6-4c8c-bf4c-9bb5512f4299@group-3B5DE3AEDFC2, cid=2220, SUCCESS, logIndex=0, commits[7049f9e8-7de6-4c8c-bf4c-9bb5512f4299:c3288, 13d9ac51-91bf-4c73-8824-2f58fc5b2747:c3285, 15cd3569-c751-4f18-b157-6804e7d0f08c:c3285]
2019-07-10 05:59:51,940 INFO  client.GrpcClientProtocolClient (GrpcClientProtocolClient.java:onNext(255)) - client-535162E20057->7049f9e8-7de6-4c8c-bf4c-9bb5512f4299: receive RaftClientReply:client-535162E20057->7049f9e8-7de6-4c8c-bf4c-9bb5512f4299@group-3B5DE3AEDFC2, cid=2221, SUCCESS, logIndex=3292, commits[7049f9e8-7de6-4c8c-bf4c-9bb5512f4299:c3293, 13d9ac51-91bf-4c73-8824-2f58fc5b2747:c3291, 15cd3569-c751-4f18-b157-6804e7d0f08c:c3291]
2019-07-10 05:59:51,940 INFO  client.GrpcClientProtocolClient (GrpcClientProtocolClient.java:onNext(255)) - client-535162E20057->7049f9e8-7de6-4c8c-bf4c-9bb5512f4299: receive RaftClientReply:client-535162E20057->7049f9e8-7de6-4c8c-bf4c-9bb5512f4299@group-3B5DE3AEDFC2, cid=2222, SUCCESS, logIndex=3293, commits[7049f9e8-7de6-4c8c-bf4c-9bb5512f4299:c3293, 13d9ac51-91bf-4c73-8824-2f58fc5b2747:c3291, 15cd3569-c751-4f18-b157-6804e7d0f08c:c3291]
2019-07-10 05:59:52,073 INFO  client.GrpcClientProtocolClient (GrpcClientProtocolClient.java:onNext(255)) - client-535162E20057->7049f9e8-7de6-4c8c-bf4c-9bb5512f4299: receive RaftClientReply:client-535162E20057->7049f9e8-7de6-4c8c-bf4c-9bb5512f4299@group-3B5DE3AEDFC2, cid=2223, SUCCESS, logIndex=3296, commits[7049f9e8-7de6-4c8c-bf4c-9bb5512f4299:c3297, 13d9ac51-91bf-4c73-8824-2f58fc5b2747:c3294, 15cd3569-c751-4f18-b157-6804e7d0f08c:c3294]
2019-07-10 05:59:52,075 INFO  client.GrpcClientProtocolClient (GrpcClientProtocolClient.java:onNext(255)) - client-535162E20057->7049f9e8-7de6-4c8c-bf4c-9bb5512f4299: receive RaftClientReply:client-535162E20057->7049f9e8-7de6-4c8c-bf4c-9bb5512f4299@group-3B5DE3AEDFC2, cid=2224, SUCCESS, logIndex=3297, commits[7049f9e8-7de6-4c8c-bf4c-9bb5512f4299:c3297, 13d9ac51-91bf-4c73-8824-2f58fc5b2747:c3294, 15cd3569-c751-4f18-b157-6804e7d0f08c:c3294]
2019-07-10 05:59:52,077 INFO  client.GrpcClientProtocolClient (GrpcClientProtocolClient.java:onNext(255)) - client-535162E20057->7049f9e8-7de6-4c8c-bf4c-9bb5512f4299: receive RaftClientReply:client-535162E20057->7049f9e8-7de6-4c8c-bf4c-9bb5512f4299@group-3B5DE3AEDFC2, cid=2225, SUCCESS, logIndex=0, commits[7049f9e8-7de6-4c8c-bf4c-9bb5512f4299:c3299, 13d9ac51-91bf-4c73-8824-2f58fc5b2747:c3297, 15cd3569-c751-4f18-b157-6804e7d0f08c:c3297]
2019-07-10 05:59:52,109 INFO  client.GrpcClientProtocolClient (GrpcClientProtocolClient.java:onNext(255)) - client-535162E20057->7049f9e8-7de6-4c8c-bf4c-9bb5512f4299: receive RaftClientReply:client-535162E20057->7049f9e8-7de6-4c8c-bf4c-9bb5512f4299@group-3B5DE3AEDFC2, cid=2226, SUCCESS, logIndex=3300, commits[7049f9e8-7de6-4c8c-bf4c-9bb5512f4299:c3301, 13d9ac51-91bf-4c73-8824-2f58fc5b2747:c3299, 15cd3569-c751-4f18-b157-6804e7d0f08c:c3299]
2019-07-10 05:59:52,110 INFO  client.GrpcClientProtocolClient (GrpcClientProtocolClient.java:onNext(255)) - client-535162E20057->7049f9e8-7de6-4c8c-bf4c-9bb5512f4299: receive RaftClientReply:client-535162E20057->7049f9e8-7de6-4c8c-bf4c-9bb5512f4299@group-3B5DE3AEDFC2, cid=2227, SUCCESS, logIndex=3301, commits[7049f9e8-7de6-4c8c-bf4c-9bb5512f4299:c3303, 13d9ac51-91bf-4c73-8824-2f58fc5b2747:c3299, 15cd3569-c751-4f18-b157-6804e7d0f08c:c3299]
2019-07-10 05:59:52,111 INFO  client.GrpcClientProtocolClient (GrpcClientProtocolClient.java:onNext(255)) - client-535162E20057->7049f9e8-7de6-4c8c-bf4c-9bb5512f4299: receive RaftClientReply:client-535162E20057->7049f9e8-7de6-4c8c-bf4c-9bb5512f4299@group-3B5DE3AEDFC2, cid=2228, SUCCESS, logIndex=3302, commits[7049f9e8-7de6-4c8c-bf4c-9bb5512f4299:c3303, 13d9ac51-91bf-4c73-8824-2f58fc5b2747:c3299, 15cd3569-c751-4f18-b157-6804e7d0f08c:c3299]
2019-07-10 05:59:52,111 INFO  client.GrpcClientProtocolClient (GrpcClientProtocolClient.java:onNext(255)) - client-535162E20057->7049f9e8-7de6-4c8c-bf4c-9bb5512f4299: receive RaftClientReply:client-535162E20057->7049f9e8-7de6-4c8c-bf4c-9bb5512f4299@group-3B5DE3AEDFC2, cid=2229, SUCCESS, logIndex=3303, commits[7049f9e8-7de6-4c8c-bf4c-9bb5512f4299:c3303, 13d9ac51-91bf-4c73-8824-2f58fc5b2747:c3299, 15cd3569-c751-4f18-b157-6804e7d0f08c:c3299]
2019-07-10 05:59:52,112 INFO  client.GrpcClientProtocolClient (GrpcClientProtocolClient.java:onNext(255)) - client-535162E20057->7049f9e8-7de6-4c8c-bf4c-9bb5512f4299: receive RaftClientReply:client-535162E20057->7049f9e8-7de6-4c8c-bf4c-9bb5512f4299@group-3B5DE3AEDFC2, cid=2230, SUCCESS, logIndex=0, commits[7049f9e8-7de6-4c8c-bf4c-9bb5512f4299:c3306, 13d9ac51-91bf-4c73-8824-2f58fc5b2747:c3303, 15cd3569-c751-4f18-b157-6804e7d0f08c:c3301]
2019-07-10 05:59:52,137 INFO  client.GrpcClientProtocolClient (GrpcClientProtocolClient.java:onNext(255)) - client-535162E20057->7049f9e8-7de6-4c8c-bf4c-9bb5512f4299: receive RaftClientReply:client-535162E20057->7049f9e8-7de6-4c8c-bf4c-9bb5512f4299@group-3B5DE3AEDFC2, cid=2231, SUCCESS, logIndex=3307, commits[7049f9e8-7de6-4c8c-bf4c-9bb5512f4299:c3308, 13d9ac51-91bf-4c73-8824-2f58fc5b2747:c3306, 15cd3569-c751-4f18-b157-6804e7d0f08c:c3306]
2019-07-10 05:59:52,137 INFO  client.GrpcClientProtocolClient (GrpcClientProtocolClient.java:onNext(255)) - client-535162E20057->7049f9e8-7de6-4c8c-bf4c-9bb5512f4299: receive RaftClientReply:client-535162E20057->7049f9e8-7de6-4c8c-bf4c-9bb5512f4299@group-3B5DE3AEDFC2, cid=2232, SUCCESS, logIndex=3308, commits[7049f9e8-7de6-4c8c-bf4c-9bb5512f4299:c3308, 13d9ac51-91bf-4c73-8824-2f58fc5b2747:c3306, 15cd3569-c751-4f18-b157-6804e7d0f08c:c3306]
2019-07-10 05:59:52,151 INFO  client.GrpcClientProtocolClient (GrpcClientProtocolClient.java:onNext(255)) - client-535162E20057->7049f9e8-7de6-4c8c-bf4c-9bb5512f4299: receive RaftClientReply:client-535162E20057->7049f9e8-7de6-4c8c-bf4c-9bb5512f4299@group-3B5DE3AEDFC2, cid=2233, SUCCESS, logIndex=3311, commits[7049f9e8-7de6-4c8c-bf4c-9bb5512f4299:c3312, 13d9ac51-91bf-4c73-8824-2f58fc5b2747:c3308, 15cd3569-c751-4f18-b157-6804e7d0f08c:c3308]
2019-07-10 05:59:52,152 INFO  client.GrpcClientProtocolClient (GrpcClientProtocolClient.java:onNext(255)) - client-535162E20057->7049f9e8-7de6-4c8c-bf4c-9bb5512f4299: receive RaftClientReply:client-535162E20057->7049f9e8-7de6-4c8c-bf4c-9bb5512f4299@group-3B5DE3AEDFC2, cid=2234, SUCCESS, logIndex=3312, commits[7049f9e8-7de6-4c8c-bf4c-9bb5512f4299:c3312, 13d9ac51-91bf-4c73-8824-2f58fc5b2747:c3308, 15cd3569-c751-4f18-b157-6804e7d0f08c:c3308]
2019-07-10 05:59:52,164 INFO  client.GrpcClientProtocolClient (GrpcClientProtocolClient.java:onNext(255)) - client-535162E20057->7049f9e8-7de6-4c8c-bf4c-9bb5512f4299: receive RaftClientReply:client-535162E20057->7049f9e8-7de6-4c8c-bf4c-9bb5512f4299@group-3B5DE3AEDFC2, cid=2235, SUCCESS, logIndex=0, commits[7049f9e8-7de6-4c8c-bf4c-9bb5512f4299:c3314, 13d9ac51-91bf-4c73-8824-2f58fc5b2747:c3312, 15cd3569-c751-4f18-b157-6804e7d0f08c:c3312]
2019-07-10 05:59:52,192 INFO  client.GrpcClientProtocolClient (GrpcClientProtocolClient.java:onNext(255)) - client-535162E20057->7049f9e8-7de6-4c8c-bf4c-9bb5512f4299: receive RaftClientReply:client-535162E20057->7049f9e8-7de6-4c8c-bf4c-9bb5512f4299@group-3B5DE3AEDFC2, cid=2236, SUCCESS, logIndex=3315, commits[7049f9e8-7de6-4c8c-bf4c-9bb5512f4299:c3316, 13d9ac51-91bf-4c73-8824-2f58fc5b2747:c3314, 15cd3569-c751-4f18-b157-6804e7d0f08c:c3314]
2019-07-10 05:59:52,193 INFO  client.GrpcClientProtocolClient (GrpcClientProtocolClient.java:onNext(255)) - client-535162E20057->7049f9e8-7de6-4c8c-bf4c-9bb5512f4299: receive RaftClientReply:client-535162E20057->7049f9e8-7de6-4c8c-bf4c-9bb5512f4299@group-3B5DE3AEDFC2, cid=2237, SUCCESS, logIndex=3316, commits[7049f9e8-7de6-4c8c-bf4c-9bb5512f4299:c3318, 13d9ac51-91bf-4c73-8824-2f58fc5b2747:c3314, 15cd3569-c751-4f18-b157-6804e7d0f08c:c3314]
2019-07-10 05:59:52,193 INFO  client.GrpcClientProtocolClient (GrpcClientProtocolClient.java:onNext(255)) - client-535162E20057->7049f9e8-7de6-4c8c-bf4c-9bb5512f4299: receive RaftClientReply:client-535162E20057->7049f9e8-7de6-4c8c-bf4c-9bb5512f4299@group-3B5DE3AEDFC2, cid=2238, SUCCESS, logIndex=3317, commits[7049f9e8-7de6-4c8c-bf4c-9bb5512f4299:c3318, 13d9ac51-91bf-4c73-8824-2f58fc5b2747:c3314, 15cd3569-c751-4f18-b157-6804e7d0f08c:c3314]
2019-07-10 05:59:52,194 INFO  client.GrpcClientProtocolClient (GrpcClientProtocolClient.java:onNext(255)) - client-535162E20057->7049f9e8-7de6-4c8c-bf4c-9bb5512f4299: receive RaftClientReply:client-535162E20057->7049f9e8-7de6-4c8c-bf4c-9bb5512f4299@group-3B5DE3AEDFC2, cid=2239, SUCCESS, logIndex=3318, commits[7049f9e8-7de6-4c8c-bf4c-9bb5512f4299:c3318, 13d9ac51-91bf-4c73-8824-2f58fc5b2747:c3315, 15cd3569-c751-4f18-b157-6804e7d0f08c:c3314]
2019-07-10 05:59:52,207 INFO  client.GrpcClientProtocolClient (GrpcClientProtocolClient.java:onNext(255)) - client-535162E20057->7049f9e8-7de6-4c8c-bf4c-9bb5512f4299: receive RaftClientReply:client-535162E20057->7049f9e8-7de6-4c8c-bf4c-9bb5512f4299@group-3B5DE3AEDFC2, cid=2240, SUCCESS, logIndex=0, commits[7049f9e8-7de6-4c8c-bf4c-9bb5512f4299:c3321, 13d9ac51-91bf-4c73-8824-2f58fc5b2747:c3316, 15cd3569-c751-4f18-b157-6804e7d0f08c:c3318]
2019-07-10 05:59:52,234 INFO  client.GrpcClientProtocolClient (GrpcClientProtocolClient.java:onNext(255)) - client-535162E20057->7049f9e8-7de6-4c8c-bf4c-9bb5512f4299: receive RaftClientReply:client-535162E20057->7049f9e8-7de6-4c8c-bf4c-9bb5512f4299@group-3B5DE3AEDFC2, cid=2241, SUCCESS, logIndex=3322, commits[7049f9e8-7de6-4c8c-bf4c-9bb5512f4299:c3323, 13d9ac51-91bf-4c73-8824-2f58fc5b2747:c3321, 15cd3569-c751-4f18-b157-6804e7d0f08c:c3321]
2019-07-10 05:59:52,234 INFO  client.GrpcClientProtocolClient (GrpcClientProtocolClient.java:onNext(255)) - client-535162E20057->7049f9e8-7de6-4c8c-bf4c-9bb5512f4299: receive RaftClientReply:client-535162E20057->7049f9e8-7de6-4c8c-bf4c-9bb5512f4299@group-3B5DE3AEDFC2, cid=2242, SUCCESS, logIndex=3323, commits[7049f9e8-7de6-4c8c-bf4c-9bb5512f4299:c3323, 13d9ac51-91bf-4c73-8824-2f58fc5b2747:c3321, 15cd3569-c751-4f18-b157-6804e7d0f08c:c3321]
2019-07-10 05:59:52,247 INFO  client.GrpcClientProtocolClient (GrpcClientProtocolClient.java:onNext(255)) - client-535162E20057->7049f9e8-7de6-4c8c-bf4c-9bb5512f4299: receive RaftClientReply:client-535162E20057->7049f9e8-7de6-4c8c-bf4c-9bb5512f4299@group-3B5DE3AEDFC2, cid=2243, SUCCESS, logIndex=3326, commits[7049f9e8-7de6-4c8c-bf4c-9bb5512f4299:c3327, 13d9ac51-91bf-4c73-8824-2f58fc5b2747:c3322, 15cd3569-c751-4f18-b157-6804e7d0f08c:c3323]
2019-07-10 05:59:52,248 INFO  client.GrpcClientProtocolClient (GrpcClientProtocolClient.java:onNext(255)) - client-535162E20057->7049f9e8-7de6-4c8c-bf4c-9bb5512f4299: receive RaftClientReply:client-535162E20057->7049f9e8-7de6-4c8c-bf4c-9bb5512f4299@group-3B5DE3AEDFC2, cid=2244, SUCCESS, logIndex=3327, commits[7049f9e8-7de6-4c8c-bf4c-9bb5512f4299:c3327, 13d9ac51-91bf-4c73-8824-2f58fc5b2747:c3323, 15cd3569-c751-4f18-b157-6804e7d0f08c:c3323]
2019-07-10 05:59:52,250 INFO  client.GrpcClientProtocolClient (GrpcClientProtocolClient.java:onNext(255)) - client-535162E20057->7049f9e8-7de6-4c8c-bf4c-9bb5512f4299: receive RaftClientReply:client-535162E20057->7049f9e8-7de6-4c8c-bf4c-9bb5512f4299@group-3B5DE3AEDFC2, cid=2245, SUCCESS, logIndex=0, commits[7049f9e8-7de6-4c8c-bf4c-9bb5512f4299:c3329, 13d9ac51-91bf-4c73-8824-2f58fc5b2747:c3327, 15cd3569-c751-4f18-b157-6804e7d0f08c:c3327]
2019-07-10 05:59:52,280 INFO  client.GrpcClientProtocolClient (GrpcClientProtocolClient.java:onNext(255)) - client-535162E20057->7049f9e8-7de6-4c8c-bf4c-9bb5512f4299: receive RaftClientReply:client-535162E20057->7049f9e8-7de6-4c8c-bf4c-9bb5512f4299@group-3B5DE3AEDFC2, cid=2246, SUCCESS, logIndex=3330, commits[7049f9e8-7de6-4c8c-bf4c-9bb5512f4299:c3332, 13d9ac51-91bf-4c73-8824-2f58fc5b2747:c3329, 15cd3569-c751-4f18-b157-6804e7d0f08c:c3329]
2019-07-10 05:59:52,280 INFO  client.GrpcClientProtocolClient (GrpcClientProtocolClient.java:onNext(255)) - client-535162E20057->7049f9e8-7de6-4c8c-bf4c-9bb5512f4299: receive RaftClientReply:client-535162E20057->7049f9e8-7de6-4c8c-bf4c-9bb5512f4299@group-3B5DE3AEDFC2, cid=2247, SUCCESS, logIndex=3331, commits[7049f9e8-7de6-4c8c-bf4c-9bb5512f4299:c3333, 13d9ac51-91bf-4c73-8824-2f58fc5b2747:c3329, 15cd3569-c751-4f18-b157-6804e7d0f08c:c3329]
2019-07-10 05:59:52,281 INFO  client.GrpcClientProtocolClient (GrpcClientProtocolClient.java:onNext(255)) - client-535162E20057->7049f9e8-7de6-4c8c-bf4c-9bb5512f4299: receive RaftClientReply:client-535162E20057->7049f9e8-7de6-4c8c-bf4c-9bb5512f4299@group-3B5DE3AEDFC2, cid=2248, SUCCESS, logIndex=3332, commits[7049f9e8-7de6-4c8c-bf4c-9bb5512f4299:c3333, 13d9ac51-91bf-4c73-8824-2f58fc5b2747:c3329, 15cd3569-c751-4f18-b157-6804e7d0f08c:c3329]
2019-07-10 05:59:52,281 INFO  client.GrpcClientProtocolClient (GrpcClientProtocolClient.java:onNext(255)) - client-535162E20057->7049f9e8-7de6-4c8c-bf4c-9bb5512f4299: receive RaftClientReply:client-535162E20057->7049f9e8-7de6-4c8c-bf4c-9bb5512f4299@group-3B5DE3AEDFC2, cid=2249, SUCCESS, logIndex=3333, commits[7049f9e8-7de6-4c8c-bf4c-9bb5512f4299:c3333, 13d9ac51-91bf-4c73-8824-2f58fc5b2747:c3329, 15cd3569-c751-4f18-b157-6804e7d0f08c:c3329]
2019-07-10 05:59:52,293 INFO  client.GrpcClientProtocolClient (GrpcClientProtocolClient.java:onNext(255)) - client-535162E20057->7049f9e8-7de6-4c8c-bf4c-9bb5512f4299: receive RaftClientReply:client-535162E20057->7049f9e8-7de6-4c8c-bf4c-9bb5512f4299@group-3B5DE3AEDFC2, cid=2250, SUCCESS, logIndex=0, commits[7049f9e8-7de6-4c8c-bf4c-9bb5512f4299:c3337, 13d9ac51-91bf-4c73-8824-2f58fc5b2747:c3332, 15cd3569-c751-4f18-b157-6804e7d0f08c:c3333]
2019-07-10 05:59:52,313 INFO  client.GrpcClientProtocolClient (GrpcClientProtocolClient.java:onNext(255)) - client-535162E20057->7049f9e8-7de6-4c8c-bf4c-9bb5512f4299: receive RaftClientReply:client-535162E20057->7049f9e8-7de6-4c8c-bf4c-9bb5512f4299@group-3B5DE3AEDFC2, cid=2251, SUCCESS, logIndex=3338, commits[7049f9e8-7de6-4c8c-bf4c-9bb5512f4299:c3339, 13d9ac51-91bf-4c73-8824-2f58fc5b2747:c3337, 15cd3569-c751-4f18-b157-6804e7d0f08c:c3337]
2019-07-10 05:59:52,314 INFO  client.GrpcClientProtocolClient (GrpcClientProtocolClient.java:onNext(255)) - client-535162E20057->7049f9e8-7de6-4c8c-bf4c-9bb5512f4299: receive RaftClientReply:client-535162E20057->7049f9e8-7de6-4c8c-bf4c-9bb5512f4299@group-3B5DE3AEDFC2, cid=2252, SUCCESS, logIndex=3339, commits[7049f9e8-7de6-4c8c-bf4c-9bb5512f4299:c3339, 13d9ac51-91bf-4c73-8824-2f58fc5b2747:c3337, 15cd3569-c751-4f18-b157-6804e7d0f08c:c3337]
2019-07-10 05:59:52,326 INFO  client.GrpcClientProtocolClient (GrpcClientProtocolClient.java:onNext(255)) - client-535162E20057->7049f9e8-7de6-4c8c-bf4c-9bb5512f4299: receive RaftClientReply:client-535162E20057->7049f9e8-7de6-4c8c-bf4c-9bb5512f4299@group-3B5DE3AEDFC2, cid=2253, SUCCESS, logIndex=3342, commits[7049f9e8-7de6-4c8c-bf4c-9bb5512f4299:c3343, 13d9ac51-91bf-4c73-8824-2f58fc5b2747:c3338, 15cd3569-c751-4f18-b157-6804e7d0f08c:c3339]
2019-07-10 05:59:52,327 INFO  client.GrpcClientProtocolClient (GrpcClientProtocolClient.java:onNext(255)) - client-535162E20057->7049f9e8-7de6-4c8c-bf4c-9bb5512f4299: receive RaftClientReply:client-535162E20057->7049f9e8-7de6-4c8c-bf4c-9bb5512f4299@group-3B5DE3AEDFC2, cid=2254, SUCCESS, logIndex=3343, commits[7049f9e8-7de6-4c8c-bf4c-9bb5512f4299:c3343, 13d9ac51-91bf-4c73-8824-2f58fc5b2747:c3339, 15cd3569-c751-4f18-b157-6804e7d0f08c:c3339]
2019-07-10 05:59:52,328 INFO  client.GrpcClientProtocolClient (GrpcClientProtocolClient.java:onNext(255)) - client-535162E20057->7049f9e8-7de6-4c8c-bf4c-9bb5512f4299: receive RaftClientReply:client-535162E20057->7049f9e8-7de6-4c8c-bf4c-9bb5512f4299@group-3B5DE3AEDFC2, cid=2255, SUCCESS, logIndex=0, commits[7049f9e8-7de6-4c8c-bf4c-9bb5512f4299:c3345, 13d9ac51-91bf-4c73-8824-2f58fc5b2747:c3343, 15cd3569-c751-4f18-b157-6804e7d0f08c:c3343]
2019-07-10 05:59:52,356 INFO  client.GrpcClientProtocolClient (GrpcClientProtocolClient.java:onNext(255)) - client-535162E20057->7049f9e8-7de6-4c8c-bf4c-9bb5512f4299: receive RaftClientReply:client-535162E20057->7049f9e8-7de6-4c8c-bf4c-9bb5512f4299@group-3B5DE3AEDFC2, cid=2256, SUCCESS, logIndex=3346, commits[7049f9e8-7de6-4c8c-bf4c-9bb5512f4299:c3347, 13d9ac51-91bf-4c73-8824-2f58fc5b2747:c3345, 15cd3569-c751-4f18-b157-6804e7d0f08c:c3345]
2019-07-10 05:59:52,357 INFO  client.GrpcClientProtocolClient (GrpcClientProtocolClient.java:onNext(255)) - client-535162E20057->7049f9e8-7de6-4c8c-bf4c-9bb5512f4299: receive RaftClientReply:client-535162E20057->7049f9e8-7de6-4c8c-bf4c-9bb5512f4299@group-3B5DE3AEDFC2, cid=2257, SUCCESS, logIndex=3347, commits[7049f9e8-7de6-4c8c-bf4c-9bb5512f4299:c3347, 13d9ac51-91bf-4c73-8824-2f58fc5b2747:c3345, 15cd3569-c751-4f18-b157-6804e7d0f08c:c3345]
2019-07-10 05:59:52,357 INFO  client.GrpcClientProtocolClient (GrpcClientProtocolClient.java:onNext(255)) - client-535162E20057->7049f9e8-7de6-4c8c-bf4c-9bb5512f4299: receive RaftClientReply:client-535162E20057->7049f9e8-7de6-4c8c-bf4c-9bb5512f4299@group-3B5DE3AEDFC2, cid=2258, SUCCESS, logIndex=3348, commits[7049f9e8-7de6-4c8c-bf4c-9bb5512f4299:c3348, 13d9ac51-91bf-4c73-8824-2f58fc5b2747:c3345, 15cd3569-c751-4f18-b157-6804e7d0f08c:c3345]
2019-07-10 05:59:52,358 INFO  client.GrpcClientProtocolClient (GrpcClientProtocolClient.java:onNext(255)) - client-535162E20057->7049f9e8-7de6-4c8c-bf4c-9bb5512f4299: receive RaftClientReply:client-535162E20057->7049f9e8-7de6-4c8c-bf4c-9bb5512f4299@group-3B5DE3AEDFC2, cid=2259, SUCCESS, logIndex=3349, commits[7049f9e8-7de6-4c8c-bf4c-9bb5512f4299:c3349, 13d9ac51-91bf-4c73-8824-2f58fc5b2747:c3345, 15cd3569-c751-4f18-b157-6804e7d0f08c:c3345]
2019-07-10 05:59:52,359 INFO  client.GrpcClientProtocolClient (GrpcClientProtocolClient.java:onNext(255)) - client-535162E20057->7049f9e8-7de6-4c8c-bf4c-9bb5512f4299: receive RaftClientReply:client-535162E20057->7049f9e8-7de6-4c8c-bf4c-9bb5512f4299@group-3B5DE3AEDFC2, cid=2260, SUCCESS, logIndex=0, commits[7049f9e8-7de6-4c8c-bf4c-9bb5512f4299:c3351, 13d9ac51-91bf-4c73-8824-2f58fc5b2747:c3347, 15cd3569-c751-4f18-b157-6804e7d0f08c:c3347]
2019-07-10 05:59:52,377 INFO  client.GrpcClientProtocolClient (GrpcClientProtocolClient.java:onNext(255)) - client-535162E20057->7049f9e8-7de6-4c8c-bf4c-9bb5512f4299: receive RaftClientReply:client-535162E20057->7049f9e8-7de6-4c8c-bf4c-9bb5512f4299@group-3B5DE3AEDFC2, cid=2261, SUCCESS, logIndex=3354, commits[7049f9e8-7de6-4c8c-bf4c-9bb5512f4299:c3355, 13d9ac51-91bf-4c73-8824-2f58fc5b2747:c3353, 15cd3569-c751-4f18-b157-6804e7d0f08c:c3353]
2019-07-10 05:59:52,378 INFO  client.GrpcClientProtocolClient (GrpcClientProtocolClient.java:onNext(255)) - client-535162E20057->7049f9e8-7de6-4c8c-bf4c-9bb5512f4299: receive RaftClientReply:client-535162E20057->7049f9e8-7de6-4c8c-bf4c-9bb5512f4299@group-3B5DE3AEDFC2, cid=2262, SUCCESS, logIndex=3355, commits[7049f9e8-7de6-4c8c-bf4c-9bb5512f4299:c3355, 13d9ac51-91bf-4c73-8824-2f58fc5b2747:c3353, 15cd3569-c751-4f18-b157-6804e7d0f08c:c3353]
2019-07-10 05:59:52,391 INFO  client.GrpcClientProtocolClient (GrpcClientProtocolClient.java:onNext(255)) - client-535162E20057->7049f9e8-7de6-4c8c-bf4c-9bb5512f4299: receive RaftClientReply:client-535162E20057->7049f9e8-7de6-4c8c-bf4c-9bb5512f4299@group-3B5DE3AEDFC2, cid=2263, SUCCESS, logIndex=3358, commits[7049f9e8-7de6-4c8c-bf4c-9bb5512f4299:c3359, 13d9ac51-91bf-4c73-8824-2f58fc5b2747:c3355, 15cd3569-c751-4f18-b157-6804e7d0f08c:c3355]
2019-07-10 05:59:52,391 INFO  client.GrpcClientProtocolClient (GrpcClientProtocolClient.java:onNext(255)) - client-535162E20057->7049f9e8-7de6-4c8c-bf4c-9bb5512f4299: receive RaftClientReply:client-535162E20057->7049f9e8-7de6-4c8c-bf4c-9bb5512f4299@group-3B5DE3AEDFC2, cid=2264, SUCCESS, logIndex=3359, commits[7049f9e8-7de6-4c8c-bf4c-9bb5512f4299:c3359, 13d9ac51-91bf-4c73-8824-2f58fc5b2747:c3355, 15cd3569-c751-4f18-b157-6804e7d0f08c:c3355]
2019-07-10 05:59:52,403 INFO  client.GrpcClientProtocolClient (GrpcClientProtocolClient.java:onNext(255)) - client-535162E20057->7049f9e8-7de6-4c8c-bf4c-9bb5512f4299: receive RaftClientReply:client-535162E20057->7049f9e8-7de6-4c8c-bf4c-9bb5512f4299@group-3B5DE3AEDFC2, cid=2265, SUCCESS, logIndex=0, commits[7049f9e8-7de6-4c8c-bf4c-9bb5512f4299:c3360, 13d9ac51-91bf-4c73-8824-2f58fc5b2747:c3359, 15cd3569-c751-4f18-b157-6804e7d0f08c:c3359]
2019-07-10 05:59:52,429 INFO  client.GrpcClientProtocolClient (GrpcClientProtocolClient.java:onNext(255)) - client-535162E20057->7049f9e8-7de6-4c8c-bf4c-9bb5512f4299: receive RaftClientReply:client-535162E20057->7049f9e8-7de6-4c8c-bf4c-9bb5512f4299@group-3B5DE3AEDFC2, cid=2266, SUCCESS, logIndex=3362, commits[7049f9e8-7de6-4c8c-bf4c-9bb5512f4299:c3363, 13d9ac51-91bf-4c73-8824-2f58fc5b2747:c3361, 15cd3569-c751-4f18-b157-6804e7d0f08c:c3361]
2019-07-10 05:59:52,429 INFO  client.GrpcClientProtocolClient (GrpcClientProtocolClient.java:onNext(255)) - client-535162E20057->7049f9e8-7de6-4c8c-bf4c-9bb5512f4299: receive RaftClientReply:client-535162E20057->7049f9e8-7de6-4c8c-bf4c-9bb5512f4299@group-3B5DE3AEDFC2, cid=2267, SUCCESS, logIndex=3363, commits[7049f9e8-7de6-4c8c-bf4c-9bb5512f4299:c3365, 13d9ac51-91bf-4c73-8824-2f58fc5b2747:c3361, 15cd3569-c751-4f18-b157-6804e7d0f08c:c3361]
2019-07-10 05:59:52,430 INFO  client.GrpcClientProtocolClient (GrpcClientProtocolClient.java:onNext(255)) - client-535162E20057->7049f9e8-7de6-4c8c-bf4c-9bb5512f4299: receive RaftClientReply:client-535162E20057->7049f9e8-7de6-4c8c-bf4c-9bb5512f4299@group-3B5DE3AEDFC2, cid=2268, SUCCESS, logIndex=3364, commits[7049f9e8-7de6-4c8c-bf4c-9bb5512f4299:c3365, 13d9ac51-91bf-4c73-8824-2f58fc5b2747:c3361, 15cd3569-c751-4f18-b157-6804e7d0f08c:c3361]
2019-07-10 05:59:52,430 INFO  client.GrpcClientProtocolClient (GrpcClientProtocolClient.java:onNext(255)) - client-535162E20057->7049f9e8-7de6-4c8c-bf4c-9bb5512f4299: receive RaftClientReply:client-535162E20057->7049f9e8-7de6-4c8c-bf4c-9bb5512f4299@group-3B5DE3AEDFC2, cid=2269, SUCCESS, logIndex=3365, commits[7049f9e8-7de6-4c8c-bf4c-9bb5512f4299:c3365, 13d9ac51-91bf-4c73-8824-2f58fc5b2747:c3361, 15cd3569-c751-4f18-b157-6804e7d0f08c:c3361]
2019-07-10 05:59:52,431 INFO  client.GrpcClientProtocolClient (GrpcClientProtocolClient.java:onNext(255)) - client-535162E20057->7049f9e8-7de6-4c8c-bf4c-9bb5512f4299: receive RaftClientReply:client-535162E20057->7049f9e8-7de6-4c8c-bf4c-9bb5512f4299@group-3B5DE3AEDFC2, cid=2270, SUCCESS, logIndex=0, commits[7049f9e8-7de6-4c8c-bf4c-9bb5512f4299:c3366, 13d9ac51-91bf-4c73-8824-2f58fc5b2747:c3363, 15cd3569-c751-4f18-b157-6804e7d0f08c:c3363]
2019-07-10 05:59:52,457 INFO  client.GrpcClientProtocolClient (GrpcClientProtocolClient.java:onNext(255)) - client-535162E20057->7049f9e8-7de6-4c8c-bf4c-9bb5512f4299: receive RaftClientReply:client-535162E20057->7049f9e8-7de6-4c8c-bf4c-9bb5512f4299@group-3B5DE3AEDFC2, cid=2271, SUCCESS, logIndex=3369, commits[7049f9e8-7de6-4c8c-bf4c-9bb5512f4299:c3369, 13d9ac51-91bf-4c73-8824-2f58fc5b2747:c3368, 15cd3569-c751-4f18-b157-6804e7d0f08c:c3368]
2019-07-10 05:59:52,457 INFO  client.GrpcClientProtocolClient (GrpcClientProtocolClient.java:onNext(255)) - client-535162E20057->7049f9e8-7de6-4c8c-bf4c-9bb5512f4299: receive RaftClientReply:client-535162E20057->7049f9e8-7de6-4c8c-bf4c-9bb5512f4299@group-3B5DE3AEDFC2, cid=2272, SUCCESS, logIndex=3370, commits[7049f9e8-7de6-4c8c-bf4c-9bb5512f4299:c3370, 13d9ac51-91bf-4c73-8824-2f58fc5b2747:c3368, 15cd3569-c751-4f18-b157-6804e7d0f08c:c3368]
2019-07-10 05:59:52,477 INFO  client.GrpcClientProtocolClient (GrpcClientProtocolClient.java:onNext(255)) - client-535162E20057->7049f9e8-7de6-4c8c-bf4c-9bb5512f4299: receive RaftClientReply:client-535162E20057->7049f9e8-7de6-4c8c-bf4c-9bb5512f4299@group-3B5DE3AEDFC2, cid=2273, SUCCESS, logIndex=3373, commits[7049f9e8-7de6-4c8c-bf4c-9bb5512f4299:c3374, 13d9ac51-91bf-4c73-8824-2f58fc5b2747:c3370, 15cd3569-c751-4f18-b157-6804e7d0f08c:c3370]
2019-07-10 05:59:52,478 INFO  client.GrpcClientProtocolClient (GrpcClientProtocolClient.java:onNext(255)) - client-535162E20057->7049f9e8-7de6-4c8c-bf4c-9bb5512f4299: receive RaftClientReply:client-535162E20057->7049f9e8-7de6-4c8c-bf4c-9bb5512f4299@group-3B5DE3AEDFC2, cid=2274, SUCCESS, logIndex=3374, commits[7049f9e8-7de6-4c8c-bf4c-9bb5512f4299:c3374, 13d9ac51-91bf-4c73-8824-2f58fc5b2747:c3371, 15cd3569-c751-4f18-b157-6804e7d0f08c:c3370]
2019-07-10 05:59:52,480 INFO  client.GrpcClientProtocolClient (GrpcClientProtocolClient.java:onNext(255)) - client-535162E20057->7049f9e8-7de6-4c8c-bf4c-9bb5512f4299: receive RaftClientReply:client-535162E20057->7049f9e8-7de6-4c8c-bf4c-9bb5512f4299@group-3B5DE3AEDFC2, cid=2275, SUCCESS, logIndex=0, commits[7049f9e8-7de6-4c8c-bf4c-9bb5512f4299:c3376, 13d9ac51-91bf-4c73-8824-2f58fc5b2747:c3374, 15cd3569-c751-4f18-b157-6804e7d0f08c:c3374]
2019-07-10 05:59:52,508 INFO  client.GrpcClientProtocolClient (GrpcClientProtocolClient.java:onNext(255)) - client-535162E20057->7049f9e8-7de6-4c8c-bf4c-9bb5512f4299: receive RaftClientReply:client-535162E20057->7049f9e8-7de6-4c8c-bf4c-9bb5512f4299@group-3B5DE3AEDFC2, cid=2276, SUCCESS, logIndex=3377, commits[7049f9e8-7de6-4c8c-bf4c-9bb5512f4299:c3380, 13d9ac51-91bf-4c73-8824-2f58fc5b2747:c3376, 15cd3569-c751-4f18-b157-6804e7d0f08c:c3376]
2019-07-10 05:59:52,509 INFO  client.GrpcClientProtocolClient (GrpcClientProtocolClient.java:onNext(255)) - client-535162E20057->7049f9e8-7de6-4c8c-bf4c-9bb5512f4299: receive RaftClientReply:client-535162E20057->7049f9e8-7de6-4c8c-bf4c-9bb5512f4299@group-3B5DE3AEDFC2, cid=2277, SUCCESS, logIndex=3378, commits[7049f9e8-7de6-4c8c-bf4c-9bb5512f4299:c3380, 13d9ac51-91bf-4c73-8824-2f58fc5b2747:c3376, 15cd3569-c751-4f18-b157-6804e7d0f08c:c3376]
2019-07-10 05:59:52,509 INFO  client.GrpcClientProtocolClient (GrpcClientProtocolClient.java:onNext(255)) - client-535162E20057->7049f9e8-7de6-4c8c-bf4c-9bb5512f4299: receive RaftClientReply:client-535162E20057->7049f9e8-7de6-4c8c-bf4c-9bb5512f4299@group-3B5DE3AEDFC2, cid=2278, SUCCESS, logIndex=3379, commits[7049f9e8-7de6-4c8c-bf4c-9bb5512f4299:c3380, 13d9ac51-91bf-4c73-8824-2f58fc5b2747:c3376, 15cd3569-c751-4f18-b157-6804e7d0f08c:c3376]
2019-07-10 05:59:52,509 INFO  client.GrpcClientProtocolClient (GrpcClientProtocolClient.java:onNext(255)) - client-535162E20057->7049f9e8-7de6-4c8c-bf4c-9bb5512f4299: receive RaftClientReply:client-535162E20057->7049f9e8-7de6-4c8c-bf4c-9bb5512f4299@group-3B5DE3AEDFC2, cid=2279, SUCCESS, logIndex=3380, commits[7049f9e8-7de6-4c8c-bf4c-9bb5512f4299:c3380, 13d9ac51-91bf-4c73-8824-2f58fc5b2747:c3376, 15cd3569-c751-4f18-b157-6804e7d0f08c:c3376]
 0.00% |█                                                                                                    |  0/1 Time: 0:00:172019-07-10 05:59:52,522 INFO  client.GrpcClientProtocolClient (GrpcClientProtocolClient.java:onNext(255)) - client-535162E20057->7049f9e8-7de6-4c8c-bf4c-9bb5512f4299: receive RaftClientReply:client-535162E20057->7049f9e8-7de6-4c8c-bf4c-9bb5512f4299@group-3B5DE3AEDFC2, cid=2280, SUCCESS, logIndex=0, commits[7049f9e8-7de6-4c8c-bf4c-9bb5512f4299:c3384, 13d9ac51-91bf-4c73-8824-2f58fc5b2747:c3378, 15cd3569-c751-4f18-b157-6804e7d0f08c:c3380]
2019-07-10 05:59:52,541 INFO  client.GrpcClientProtocolClient (GrpcClientProtocolClient.java:onNext(255)) - client-535162E20057->7049f9e8-7de6-4c8c-bf4c-9bb5512f4299: receive RaftClientReply:client-535162E20057->7049f9e8-7de6-4c8c-bf4c-9bb5512f4299@group-3B5DE3AEDFC2, cid=2281, SUCCESS, logIndex=3385, commits[7049f9e8-7de6-4c8c-bf4c-9bb5512f4299:c3386, 13d9ac51-91bf-4c73-8824-2f58fc5b2747:c3384, 15cd3569-c751-4f18-b157-6804e7d0f08c:c3384]
2019-07-10 05:59:52,542 INFO  client.GrpcClientProtocolClient (GrpcClientProtocolClient.java:onNext(255)) - client-535162E20057->7049f9e8-7de6-4c8c-bf4c-9bb5512f4299: receive RaftClientReply:client-535162E20057->7049f9e8-7de6-4c8c-bf4c-9bb5512f4299@group-3B5DE3AEDFC2, cid=2282, SUCCESS, logIndex=3386, commits[7049f9e8-7de6-4c8c-bf4c-9bb5512f4299:c3386, 13d9ac51-91bf-4c73-8824-2f58fc5b2747:c3384, 15cd3569-c751-4f18-b157-6804e7d0f08c:c3384]
2019-07-10 05:59:52,558 INFO  client.GrpcClientProtocolClient (GrpcClientProtocolClient.java:onNext(255)) - client-535162E20057->7049f9e8-7de6-4c8c-bf4c-9bb5512f4299: receive RaftClientReply:client-535162E20057->7049f9e8-7de6-4c8c-bf4c-9bb5512f4299@group-3B5DE3AEDFC2, cid=2283, SUCCESS, logIndex=3389, commits[7049f9e8-7de6-4c8c-bf4c-9bb5512f4299:c3390, 13d9ac51-91bf-4c73-8824-2f58fc5b2747:c3386, 15cd3569-c751-4f18-b157-6804e7d0f08c:c3386]
2019-07-10 05:59:52,558 INFO  client.GrpcClientProtocolClient (GrpcClientProtocolClient.java:onNext(255)) - client-535162E20057->7049f9e8-7de6-4c8c-bf4c-9bb5512f4299: receive RaftClientReply:client-535162E20057->7049f9e8-7de6-4c8c-bf4c-9bb5512f4299@group-3B5DE3AEDFC2, cid=2284, SUCCESS, logIndex=3390, commits[7049f9e8-7de6-4c8c-bf4c-9bb5512f4299:c3390, 13d9ac51-91bf-4c73-8824-2f58fc5b2747:c3386, 15cd3569-c751-4f18-b157-6804e7d0f08c:c3386]
2019-07-10 05:59:52,571 INFO  client.GrpcClientProtocolClient (GrpcClientProtocolClient.java:onNext(255)) - client-535162E20057->7049f9e8-7de6-4c8c-bf4c-9bb5512f4299: receive RaftClientReply:client-535162E20057->7049f9e8-7de6-4c8c-bf4c-9bb5512f4299@group-3B5DE3AEDFC2, cid=2285, SUCCESS, logIndex=0, commits[7049f9e8-7de6-4c8c-bf4c-9bb5512f4299:c3391, 13d9ac51-91bf-4c73-8824-2f58fc5b2747:c3390, 15cd3569-c751-4f18-b157-6804e7d0f08c:c3390]
2019-07-10 05:59:52,600 INFO  client.GrpcClientProtocolClient (GrpcClientProtocolClient.java:onNext(255)) - client-535162E20057->7049f9e8-7de6-4c8c-bf4c-9bb5512f4299: receive RaftClientReply:client-535162E20057->7049f9e8-7de6-4c8c-bf4c-9bb5512f4299@group-3B5DE3AEDFC2, cid=2286, SUCCESS, logIndex=3393, commits[7049f9e8-7de6-4c8c-bf4c-9bb5512f4299:c3394, 13d9ac51-91bf-4c73-8824-2f58fc5b2747:c3392, 15cd3569-c751-4f18-b157-6804e7d0f08c:c3392]
2019-07-10 05:59:52,601 INFO  client.GrpcClientProtocolClient (GrpcClientProtocolClient.java:onNext(255)) - client-535162E20057->7049f9e8-7de6-4c8c-bf4c-9bb5512f4299: receive RaftClientReply:client-535162E20057->7049f9e8-7de6-4c8c-bf4c-9bb5512f4299@group-3B5DE3AEDFC2, cid=2287, SUCCESS, logIndex=3394, commits[7049f9e8-7de6-4c8c-bf4c-9bb5512f4299:c3396, 13d9ac51-91bf-4c73-8824-2f58fc5b2747:c3392, 15cd3569-c751-4f18-b157-6804e7d0f08c:c3392]
2019-07-10 05:59:52,601 INFO  client.GrpcClientProtocolClient (GrpcClientProtocolClient.java:onNext(255)) - client-535162E20057->7049f9e8-7de6-4c8c-bf4c-9bb5512f4299: receive RaftClientReply:client-535162E20057->7049f9e8-7de6-4c8c-bf4c-9bb5512f4299@group-3B5DE3AEDFC2, cid=2288, SUCCESS, logIndex=3395, commits[7049f9e8-7de6-4c8c-bf4c-9bb5512f4299:c3396, 13d9ac51-91bf-4c73-8824-2f58fc5b2747:c3392, 15cd3569-c751-4f18-b157-6804e7d0f08c:c3392]
2019-07-10 05:59:52,601 INFO  client.GrpcClientProtocolClient (GrpcClientProtocolClient.java:onNext(255)) - client-535162E20057->7049f9e8-7de6-4c8c-bf4c-9bb5512f4299: receive RaftClientReply:client-535162E20057->7049f9e8-7de6-4c8c-bf4c-9bb5512f4299@group-3B5DE3AEDFC2, cid=2289, SUCCESS, logIndex=3396, commits[7049f9e8-7de6-4c8c-bf4c-9bb5512f4299:c3396, 13d9ac51-91bf-4c73-8824-2f58fc5b2747:c3392, 15cd3569-c751-4f18-b157-6804e7d0f08c:c3392]
2019-07-10 05:59:52,603 INFO  client.GrpcClientProtocolClient (GrpcClientProtocolClient.java:onNext(255)) - client-535162E20057->7049f9e8-7de6-4c8c-bf4c-9bb5512f4299: receive RaftClientReply:client-535162E20057->7049f9e8-7de6-4c8c-bf4c-9bb5512f4299@group-3B5DE3AEDFC2, cid=2290, SUCCESS, logIndex=0, commits[7049f9e8-7de6-4c8c-bf4c-9bb5512f4299:c3398, 13d9ac51-91bf-4c73-8824-2f58fc5b2747:c3394, 15cd3569-c751-4f18-b157-6804e7d0f08c:c3394]
2019-07-10 05:59:52,621 INFO  client.GrpcClientProtocolClient (GrpcClientProtocolClient.java:onNext(255)) - client-535162E20057->7049f9e8-7de6-4c8c-bf4c-9bb5512f4299: receive RaftClientReply:client-535162E20057->7049f9e8-7de6-4c8c-bf4c-9bb5512f4299@group-3B5DE3AEDFC2, cid=2291, SUCCESS, logIndex=3401, commits[7049f9e8-7de6-4c8c-bf4c-9bb5512f4299:c3402, 13d9ac51-91bf-4c73-8824-2f58fc5b2747:c3400, 15cd3569-c751-4f18-b157-6804e7d0f08c:c3400]
2019-07-10 05:59:52,621 INFO  client.GrpcClientProtocolClient (GrpcClientProtocolClient.java:onNext(255)) - client-535162E20057->7049f9e8-7de6-4c8c-bf4c-9bb5512f4299: receive RaftClientReply:client-535162E20057->7049f9e8-7de6-4c8c-bf4c-9bb5512f4299@group-3B5DE3AEDFC2, cid=2292, SUCCESS, logIndex=3402, commits[7049f9e8-7de6-4c8c-bf4c-9bb5512f4299:c3402, 13d9ac51-91bf-4c73-8824-2f58fc5b2747:c3400, 15cd3569-c751-4f18-b157-6804e7d0f08c:c3400]
2019-07-10 05:59:52,637 INFO  client.GrpcClientProtocolClient (GrpcClientProtocolClient.java:onNext(255)) - client-535162E20057->7049f9e8-7de6-4c8c-bf4c-9bb5512f4299: receive RaftClientReply:client-535162E20057->7049f9e8-7de6-4c8c-bf4c-9bb5512f4299@group-3B5DE3AEDFC2, cid=2293, SUCCESS, logIndex=3405, commits[7049f9e8-7de6-4c8c-bf4c-9bb5512f4299:c3406, 13d9ac51-91bf-4c73-8824-2f58fc5b2747:c3402, 15cd3569-c751-4f18-b157-6804e7d0f08c:c3402]
2019-07-10 05:59:52,637 INFO  client.GrpcClientProtocolClient (GrpcClientProtocolClient.java:onNext(255)) - client-535162E20057->7049f9e8-7de6-4c8c-bf4c-9bb5512f4299: receive RaftClientReply:client-535162E20057->7049f9e8-7de6-4c8c-bf4c-9bb5512f4299@group-3B5DE3AEDFC2, cid=2294, SUCCESS, logIndex=3406, commits[7049f9e8-7de6-4c8c-bf4c-9bb5512f4299:c3406, 13d9ac51-91bf-4c73-8824-2f58fc5b2747:c3402, 15cd3569-c751-4f18-b157-6804e7d0f08c:c3402]
2019-07-10 05:59:52,651 INFO  client.GrpcClientProtocolClient (GrpcClientProtocolClient.java:onNext(255)) - client-535162E20057->7049f9e8-7de6-4c8c-bf4c-9bb5512f4299: receive RaftClientReply:client-535162E20057->7049f9e8-7de6-4c8c-bf4c-9bb5512f4299@group-3B5DE3AEDFC2, cid=2295, SUCCESS, logIndex=0, commits[7049f9e8-7de6-4c8c-bf4c-9bb5512f4299:c3408, 13d9ac51-91bf-4c73-8824-2f58fc5b2747:c3406, 15cd3569-c751-4f18-b157-6804e7d0f08c:c3406]
2019-07-10 05:59:52,673 INFO  client.GrpcClientProtocolClient (GrpcClientProtocolClient.java:onNext(255)) - client-535162E20057->7049f9e8-7de6-4c8c-bf4c-9bb5512f4299: receive RaftClientReply:client-535162E20057->7049f9e8-7de6-4c8c-bf4c-9bb5512f4299@group-3B5DE3AEDFC2, cid=2296, SUCCESS, logIndex=3409, commits[7049f9e8-7de6-4c8c-bf4c-9bb5512f4299:c3410, 13d9ac51-91bf-4c73-8824-2f58fc5b2747:c3408, 15cd3569-c751-4f18-b157-6804e7d0f08c:c3408]
2019-07-10 05:59:52,673 INFO  client.GrpcClientProtocolClient (GrpcClientProtocolClient.java:onNext(255)) - client-535162E20057->7049f9e8-7de6-4c8c-bf4c-9bb5512f4299: receive RaftClientReply:client-535162E20057->7049f9e8-7de6-4c8c-bf4c-9bb5512f4299@group-3B5DE3AEDFC2, cid=2297, SUCCESS, logIndex=3410, commits[7049f9e8-7de6-4c8c-bf4c-9bb5512f4299:c3410, 13d9ac51-91bf-4c73-8824-2f58fc5b2747:c3408, 15cd3569-c751-4f18-b157-6804e7d0f08c:c3408]
2019-07-10 05:59:52,676 INFO  client.GrpcClientProtocolClient (GrpcClientProtocolClient.java:onNext(255)) - client-535162E20057->7049f9e8-7de6-4c8c-bf4c-9bb5512f4299: receive RaftClientReply:client-535162E20057->7049f9e8-7de6-4c8c-bf4c-9bb5512f4299@group-3B5DE3AEDFC2, cid=2298, SUCCESS, logIndex=3411, commits[7049f9e8-7de6-4c8c-bf4c-9bb5512f4299:c3412, 13d9ac51-91bf-4c73-8824-2f58fc5b2747:c3408, 15cd3569-c751-4f18-b157-6804e7d0f08c:c3410]
2019-07-10 05:59:52,676 INFO  client.GrpcClientProtocolClient (GrpcClientProtocolClient.java:onNext(255)) - client-535162E20057->7049f9e8-7de6-4c8c-bf4c-9bb5512f4299: receive RaftClientReply:client-535162E20057->7049f9e8-7de6-4c8c-bf4c-9bb5512f4299@group-3B5DE3AEDFC2, cid=2299, SUCCESS, logIndex=3412, commits[7049f9e8-7de6-4c8c-bf4c-9bb5512f4299:c3414, 13d9ac51-91bf-4c73-8824-2f58fc5b2747:c3410, 15cd3569-c751-4f18-b157-6804e7d0f08c:c3410]
2019-07-10 05:59:52,797 INFO  client.GrpcClientProtocolClient (GrpcClientProtocolClient.java:onNext(255)) - client-535162E20057->7049f9e8-7de6-4c8c-bf4c-9bb5512f4299: receive RaftClientReply:client-535162E20057->7049f9e8-7de6-4c8c-bf4c-9bb5512f4299@group-3B5DE3AEDFC2, cid=2300, SUCCESS, logIndex=3417, commits[7049f9e8-7de6-4c8c-bf4c-9bb5512f4299:c3418, 13d9ac51-91bf-4c73-8824-2f58fc5b2747:c3416, 15cd3569-c751-4f18-b157-6804e7d0f08c:c3416]
2019-07-10 05:59:52,797 INFO  client.GrpcClientProtocolClient (GrpcClientProtocolClient.java:onNext(255)) - client-535162E20057->7049f9e8-7de6-4c8c-bf4c-9bb5512f4299: receive RaftClientReply:client-535162E20057->7049f9e8-7de6-4c8c-bf4c-9bb5512f4299@group-3B5DE3AEDFC2, cid=2301, SUCCESS, logIndex=3418, commits[7049f9e8-7de6-4c8c-bf4c-9bb5512f4299:c3418, 13d9ac51-91bf-4c73-8824-2f58fc5b2747:c3416, 15cd3569-c751-4f18-b157-6804e7d0f08c:c3416]
2019-07-10 05:59:52,823 INFO  client.GrpcClientProtocolClient (GrpcClientProtocolClient.java:onNext(255)) - client-535162E20057->7049f9e8-7de6-4c8c-bf4c-9bb5512f4299: receive RaftClientReply:client-535162E20057->7049f9e8-7de6-4c8c-bf4c-9bb5512f4299@group-3B5DE3AEDFC2, cid=2302, SUCCESS, logIndex=3421, commits[7049f9e8-7de6-4c8c-bf4c-9bb5512f4299:c3422, 13d9ac51-91bf-4c73-8824-2f58fc5b2747:c3418, 15cd3569-c751-4f18-b157-6804e7d0f08c:c3418]
2019-07-10 05:59:52,823 INFO  client.GrpcClientProtocolClient (GrpcClientProtocolClient.java:onNext(255)) - client-535162E20057->7049f9e8-7de6-4c8c-bf4c-9bb5512f4299: receive RaftClientReply:client-535162E20057->7049f9e8-7de6-4c8c-bf4c-9bb5512f4299@group-3B5DE3AEDFC2, cid=2303, SUCCESS, logIndex=3422, commits[7049f9e8-7de6-4c8c-bf4c-9bb5512f4299:c3422, 13d9ac51-91bf-4c73-8824-2f58fc5b2747:c3418, 15cd3569-c751-4f18-b157-6804e7d0f08c:c3418]
2019-07-10 05:59:52,825 INFO  client.GrpcClientProtocolClient (GrpcClientProtocolClient.java:onNext(255)) - client-535162E20057->7049f9e8-7de6-4c8c-bf4c-9bb5512f4299: receive RaftClientReply:client-535162E20057->7049f9e8-7de6-4c8c-bf4c-9bb5512f4299@group-3B5DE3AEDFC2, cid=2304, SUCCESS, logIndex=0, commits[7049f9e8-7de6-4c8c-bf4c-9bb5512f4299:c3423, 13d9ac51-91bf-4c73-8824-2f58fc5b2747:c3422, 15cd3569-c751-4f18-b157-6804e7d0f08c:c3422]
2019-07-10 05:59:52,858 INFO  client.GrpcClientProtocolClient (GrpcClientProtocolClient.java:onNext(255)) - client-535162E20057->7049f9e8-7de6-4c8c-bf4c-9bb5512f4299: receive RaftClientReply:client-535162E20057->7049f9e8-7de6-4c8c-bf4c-9bb5512f4299@group-3B5DE3AEDFC2, cid=2305, SUCCESS, logIndex=3424, commits[7049f9e8-7de6-4c8c-bf4c-9bb5512f4299:c3425, 13d9ac51-91bf-4c73-8824-2f58fc5b2747:c3423, 15cd3569-c751-4f18-b157-6804e7d0f08c:c3423]
2019-07-10 05:59:52,859 INFO  client.GrpcClientProtocolClient (GrpcClientProtocolClient.java:onNext(255)) - client-535162E20057->7049f9e8-7de6-4c8c-bf4c-9bb5512f4299: receive RaftClientReply:client-535162E20057->7049f9e8-7de6-4c8c-bf4c-9bb5512f4299@group-3B5DE3AEDFC2, cid=2306, SUCCESS, logIndex=3425, commits[7049f9e8-7de6-4c8c-bf4c-9bb5512f4299:c3427, 13d9ac51-91bf-4c73-8824-2f58fc5b2747:c3423, 15cd3569-c751-4f18-b157-6804e7d0f08c:c3423]
2019-07-10 05:59:52,859 INFO  client.GrpcClientProtocolClient (GrpcClientProtocolClient.java:onNext(255)) - client-535162E20057->7049f9e8-7de6-4c8c-bf4c-9bb5512f4299: receive RaftClientReply:client-535162E20057->7049f9e8-7de6-4c8c-bf4c-9bb5512f4299@group-3B5DE3AEDFC2, cid=2307, SUCCESS, logIndex=3426, commits[7049f9e8-7de6-4c8c-bf4c-9bb5512f4299:c3427, 13d9ac51-91bf-4c73-8824-2f58fc5b2747:c3423, 15cd3569-c751-4f18-b157-6804e7d0f08c:c3423]
2019-07-10 05:59:52,859 INFO  client.GrpcClientProtocolClient (GrpcClientProtocolClient.java:onNext(255)) - client-535162E20057->7049f9e8-7de6-4c8c-bf4c-9bb5512f4299: receive RaftClientReply:client-535162E20057->7049f9e8-7de6-4c8c-bf4c-9bb5512f4299@group-3B5DE3AEDFC2, cid=2308, SUCCESS, logIndex=3427, commits[7049f9e8-7de6-4c8c-bf4c-9bb5512f4299:c3427, 13d9ac51-91bf-4c73-8824-2f58fc5b2747:c3423, 15cd3569-c751-4f18-b157-6804e7d0f08c:c3423]
2019-07-10 05:59:52,871 INFO  client.GrpcClientProtocolClient (GrpcClientProtocolClient.java:onNext(255)) - client-535162E20057->7049f9e8-7de6-4c8c-bf4c-9bb5512f4299: receive RaftClientReply:client-535162E20057->7049f9e8-7de6-4c8c-bf4c-9bb5512f4299@group-3B5DE3AEDFC2, cid=2309, SUCCESS, logIndex=0, commits[7049f9e8-7de6-4c8c-bf4c-9bb5512f4299:c3429, 13d9ac51-91bf-4c73-8824-2f58fc5b2747:c3425, 15cd3569-c751-4f18-b157-6804e7d0f08c:c3425]
2019-07-10 05:59:52,892 INFO  client.GrpcClientProtocolClient (GrpcClientProtocolClient.java:onNext(255)) - client-535162E20057->7049f9e8-7de6-4c8c-bf4c-9bb5512f4299: receive RaftClientReply:client-535162E20057->7049f9e8-7de6-4c8c-bf4c-9bb5512f4299@group-3B5DE3AEDFC2, cid=2310, SUCCESS, logIndex=3431, commits[7049f9e8-7de6-4c8c-bf4c-9bb5512f4299:c3432, 13d9ac51-91bf-4c73-8824-2f58fc5b2747:c3430, 15cd3569-c751-4f18-b157-6804e7d0f08c:c3430]
2019-07-10 05:59:52,893 INFO  client.GrpcClientProtocolClient (GrpcClientProtocolClient.java:onNext(255)) - client-535162E20057->7049f9e8-7de6-4c8c-bf4c-9bb5512f4299: receive RaftClientReply:client-535162E20057->7049f9e8-7de6-4c8c-bf4c-9bb5512f4299@group-3B5DE3AEDFC2, cid=2311, SUCCESS, logIndex=3432, commits[7049f9e8-7de6-4c8c-bf4c-9bb5512f4299:c3432, 13d9ac51-91bf-4c73-8824-2f58fc5b2747:c3430, 15cd3569-c751-4f18-b157-6804e7d0f08c:c3430]
2019-07-10 05:59:52,906 INFO  client.GrpcClientProtocolClient (GrpcClientProtocolClient.java:onNext(255)) - client-535162E20057->7049f9e8-7de6-4c8c-bf4c-9bb5512f4299: receive RaftClientReply:client-535162E20057->7049f9e8-7de6-4c8c-bf4c-9bb5512f4299@group-3B5DE3AEDFC2, cid=2312, SUCCESS, logIndex=3435, commits[7049f9e8-7de6-4c8c-bf4c-9bb5512f4299:c3436, 13d9ac51-91bf-4c73-8824-2f58fc5b2747:c3432, 15cd3569-c751-4f18-b157-6804e7d0f08c:c3431]
2019-07-10 05:59:52,907 INFO  client.GrpcClientProtocolClient (GrpcClientProtocolClient.java:onNext(255)) - client-535162E20057->7049f9e8-7de6-4c8c-bf4c-9bb5512f4299: receive RaftClientReply:client-535162E20057->7049f9e8-7de6-4c8c-bf4c-9bb5512f4299@group-3B5DE3AEDFC2, cid=2313, SUCCESS, logIndex=3436, commits[7049f9e8-7de6-4c8c-bf4c-9bb5512f4299:c3436, 13d9ac51-91bf-4c73-8824-2f58fc5b2747:c3432, 15cd3569-c751-4f18-b157-6804e7d0f08c:c3432]
2019-07-10 05:59:52,920 INFO  client.GrpcClientProtocolClient (GrpcClientProtocolClient.java:onNext(255)) - client-535162E20057->7049f9e8-7de6-4c8c-bf4c-9bb5512f4299: receive RaftClientReply:client-535162E20057->7049f9e8-7de6-4c8c-bf4c-9bb5512f4299@group-3B5DE3AEDFC2, cid=2314, SUCCESS, logIndex=0, commits[7049f9e8-7de6-4c8c-bf4c-9bb5512f4299:c3437, 13d9ac51-91bf-4c73-8824-2f58fc5b2747:c3436, 15cd3569-c751-4f18-b157-6804e7d0f08c:c3436]
2019-07-10 05:59:52,950 INFO  client.GrpcClientProtocolClient (GrpcClientProtocolClient.java:onNext(255)) - client-535162E20057->7049f9e8-7de6-4c8c-bf4c-9bb5512f4299: receive RaftClientReply:client-535162E20057->7049f9e8-7de6-4c8c-bf4c-9bb5512f4299@group-3B5DE3AEDFC2, cid=2315, SUCCESS, logIndex=3439, commits[7049f9e8-7de6-4c8c-bf4c-9bb5512f4299:c3440, 13d9ac51-91bf-4c73-8824-2f58fc5b2747:c3438, 15cd3569-c751-4f18-b157-6804e7d0f08c:c3438]
2019-07-10 05:59:52,950 INFO  client.GrpcClientProtocolClient (GrpcClientProtocolClient.java:onNext(255)) - client-535162E20057->7049f9e8-7de6-4c8c-bf4c-9bb5512f4299: receive RaftClientReply:client-535162E20057->7049f9e8-7de6-4c8c-bf4c-9bb5512f4299@group-3B5DE3AEDFC2, cid=2316, SUCCESS, logIndex=3440, commits[7049f9e8-7de6-4c8c-bf4c-9bb5512f4299:c3440, 13d9ac51-91bf-4c73-8824-2f58fc5b2747:c3438, 15cd3569-c751-4f18-b157-6804e7d0f08c:c3438]
2019-07-10 05:59:52,951 INFO  client.GrpcClientProtocolClient (GrpcClientProtocolClient.java:onNext(255)) - client-535162E20057->7049f9e8-7de6-4c8c-bf4c-9bb5512f4299: receive RaftClientReply:client-535162E20057->7049f9e8-7de6-4c8c-bf4c-9bb5512f4299@group-3B5DE3AEDFC2, cid=2317, SUCCESS, logIndex=3441, commits[7049f9e8-7de6-4c8c-bf4c-9bb5512f4299:c3442, 13d9ac51-91bf-4c73-8824-2f58fc5b2747:c3438, 15cd3569-c751-4f18-b157-6804e7d0f08c:c3438]
2019-07-10 05:59:52,952 INFO  client.GrpcClientProtocolClient (GrpcClientProtocolClient.java:onNext(255)) - client-535162E20057->7049f9e8-7de6-4c8c-bf4c-9bb5512f4299: receive RaftClientReply:client-535162E20057->7049f9e8-7de6-4c8c-bf4c-9bb5512f4299@group-3B5DE3AEDFC2, cid=2318, SUCCESS, logIndex=3442, commits[7049f9e8-7de6-4c8c-bf4c-9bb5512f4299:c3442, 13d9ac51-91bf-4c73-8824-2f58fc5b2747:c3438, 15cd3569-c751-4f18-b157-6804e7d0f08c:c3438]
2019-07-10 05:59:52,953 INFO  client.GrpcClientProtocolClient (GrpcClientProtocolClient.java:onNext(255)) - client-535162E20057->7049f9e8-7de6-4c8c-bf4c-9bb5512f4299: receive RaftClientReply:client-535162E20057->7049f9e8-7de6-4c8c-bf4c-9bb5512f4299@group-3B5DE3AEDFC2, cid=2319, SUCCESS, logIndex=0, commits[7049f9e8-7de6-4c8c-bf4c-9bb5512f4299:c3444, 13d9ac51-91bf-4c73-8824-2f58fc5b2747:c3440, 15cd3569-c751-4f18-b157-6804e7d0f08c:c3440]
2019-07-10 05:59:52,966 INFO  client.GrpcClientProtocolClient (GrpcClientProtocolClient.java:onNext(255)) - client-535162E20057->7049f9e8-7de6-4c8c-bf4c-9bb5512f4299: receive RaftClientReply:client-535162E20057->7049f9e8-7de6-4c8c-bf4c-9bb5512f4299@group-3B5DE3AEDFC2, cid=2320, SUCCESS, logIndex=3447, commits[7049f9e8-7de6-4c8c-bf4c-9bb5512f4299:c3448, 13d9ac51-91bf-4c73-8824-2f58fc5b2747:c3446, 15cd3569-c751-4f18-b157-6804e7d0f08c:c3442]
2019-07-10 05:59:52,967 INFO  client.GrpcClientProtocolClient (GrpcClientProtocolClient.java:onNext(255)) - client-535162E20057->7049f9e8-7de6-4c8c-bf4c-9bb5512f4299: receive RaftClientReply:client-535162E20057->7049f9e8-7de6-4c8c-bf4c-9bb5512f4299@group-3B5DE3AEDFC2, cid=2321, SUCCESS, logIndex=3448, commits[7049f9e8-7de6-4c8c-bf4c-9bb5512f4299:c3448, 13d9ac51-91bf-4c73-8824-2f58fc5b2747:c3446, 15cd3569-c751-4f18-b157-6804e7d0f08c:c3446]
2019-07-10 05:59:52,991 INFO  client.GrpcClientProtocolClient (GrpcClientProtocolClient.java:onNext(255)) - client-535162E20057->7049f9e8-7de6-4c8c-bf4c-9bb5512f4299: receive RaftClientReply:client-535162E20057->7049f9e8-7de6-4c8c-bf4c-9bb5512f4299@group-3B5DE3AEDFC2, cid=2322, SUCCESS, logIndex=3451, commits[7049f9e8-7de6-4c8c-bf4c-9bb5512f4299:c3451, 13d9ac51-91bf-4c73-8824-2f58fc5b2747:c3450, 15cd3569-c751-4f18-b157-6804e7d0f08c:c3450]
2019-07-10 05:59:52,991 INFO  client.GrpcClientProtocolClient (GrpcClientProtocolClient.java:onNext(255)) - client-535162E20057->7049f9e8-7de6-4c8c-bf4c-9bb5512f4299: receive RaftClientReply:client-535162E20057->7049f9e8-7de6-4c8c-bf4c-9bb5512f4299@group-3B5DE3AEDFC2, cid=2323, SUCCESS, logIndex=3452, commits[7049f9e8-7de6-4c8c-bf4c-9bb5512f4299:c3452, 13d9ac51-91bf-4c73-8824-2f58fc5b2747:c3450, 15cd3569-c751-4f18-b157-6804e7d0f08c:c3450]
2019-07-10 05:59:52,998 INFO  client.GrpcClientProtocolClient (GrpcClientProtocolClient.java:onNext(255)) - client-535162E20057->7049f9e8-7de6-4c8c-bf4c-9bb5512f4299: receive RaftClientReply:client-535162E20057->7049f9e8-7de6-4c8c-bf4c-9bb5512f4299@group-3B5DE3AEDFC2, cid=2324, SUCCESS, logIndex=0, commits[7049f9e8-7de6-4c8c-bf4c-9bb5512f4299:c3454, 13d9ac51-91bf-4c73-8824-2f58fc5b2747:c3452, 15cd3569-c751-4f18-b157-6804e7d0f08c:c3452]
2019-07-10 05:59:53,026 INFO  client.GrpcClientProtocolClient (GrpcClientProtocolClient.java:onNext(255)) - client-535162E20057->7049f9e8-7de6-4c8c-bf4c-9bb5512f4299: receive RaftClientReply:client-535162E20057->7049f9e8-7de6-4c8c-bf4c-9bb5512f4299@group-3B5DE3AEDFC2, cid=2325, SUCCESS, logIndex=3455, commits[7049f9e8-7de6-4c8c-bf4c-9bb5512f4299:c3456, 13d9ac51-91bf-4c73-8824-2f58fc5b2747:c3454, 15cd3569-c751-4f18-b157-6804e7d0f08c:c3454]
2019-07-10 05:59:53,027 INFO  client.GrpcClientProtocolClient (GrpcClientProtocolClient.java:onNext(255)) - client-535162E20057->7049f9e8-7de6-4c8c-bf4c-9bb5512f4299: receive RaftClientReply:client-535162E20057->7049f9e8-7de6-4c8c-bf4c-9bb5512f4299@group-3B5DE3AEDFC2, cid=2326, SUCCESS, logIndex=3456, commits[7049f9e8-7de6-4c8c-bf4c-9bb5512f4299:c3456, 13d9ac51-91bf-4c73-8824-2f58fc5b2747:c3454, 15cd3569-c751-4f18-b157-6804e7d0f08c:c3454]
2019-07-10 05:59:53,028 INFO  client.GrpcClientProtocolClient (GrpcClientProtocolClient.java:onNext(255)) - client-535162E20057->7049f9e8-7de6-4c8c-bf4c-9bb5512f4299: receive RaftClientReply:client-535162E20057->7049f9e8-7de6-4c8c-bf4c-9bb5512f4299@group-3B5DE3AEDFC2, cid=2327, SUCCESS, logIndex=3457, commits[7049f9e8-7de6-4c8c-bf4c-9bb5512f4299:c3457, 13d9ac51-91bf-4c73-8824-2f58fc5b2747:c3454, 15cd3569-c751-4f18-b157-6804e7d0f08c:c3454]
2019-07-10 05:59:53,028 INFO  client.GrpcClientProtocolClient (GrpcClientProtocolClient.java:onNext(255)) - client-535162E20057->7049f9e8-7de6-4c8c-bf4c-9bb5512f4299: receive RaftClientReply:client-535162E20057->7049f9e8-7de6-4c8c-bf4c-9bb5512f4299@group-3B5DE3AEDFC2, cid=2328, SUCCESS, logIndex=3458, commits[7049f9e8-7de6-4c8c-bf4c-9bb5512f4299:c3458, 13d9ac51-91bf-4c73-8824-2f58fc5b2747:c3454, 15cd3569-c751-4f18-b157-6804e7d0f08c:c3454]
2019-07-10 05:59:53,039 INFO  client.GrpcClientProtocolClient (GrpcClientProtocolClient.java:onNext(255)) - client-535162E20057->7049f9e8-7de6-4c8c-bf4c-9bb5512f4299: receive RaftClientReply:client-535162E20057->7049f9e8-7de6-4c8c-bf4c-9bb5512f4299@group-3B5DE3AEDFC2, cid=2329, SUCCESS, logIndex=0, commits[7049f9e8-7de6-4c8c-bf4c-9bb5512f4299:c3460, 13d9ac51-91bf-4c73-8824-2f58fc5b2747:c3456, 15cd3569-c751-4f18-b157-6804e7d0f08c:c3456]
2019-07-10 05:59:53,060 INFO  client.GrpcClientProtocolClient (GrpcClientProtocolClient.java:onNext(255)) - client-535162E20057->7049f9e8-7de6-4c8c-bf4c-9bb5512f4299: receive RaftClientReply:client-535162E20057->7049f9e8-7de6-4c8c-bf4c-9bb5512f4299@group-3B5DE3AEDFC2, cid=2330, SUCCESS, logIndex=3463, commits[7049f9e8-7de6-4c8c-bf4c-9bb5512f4299:c3464, 13d9ac51-91bf-4c73-8824-2f58fc5b2747:c3462, 15cd3569-c751-4f18-b157-6804e7d0f08c:c3462]
2019-07-10 05:59:53,060 INFO  client.GrpcClientProtocolClient (GrpcClientProtocolClient.java:onNext(255)) - client-535162E20057->7049f9e8-7de6-4c8c-bf4c-9bb5512f4299: receive RaftClientReply:client-535162E20057->7049f9e8-7de6-4c8c-bf4c-9bb5512f4299@group-3B5DE3AEDFC2, cid=2331, SUCCESS, logIndex=3464, commits[7049f9e8-7de6-4c8c-bf4c-9bb5512f4299:c3464, 13d9ac51-91bf-4c73-8824-2f58fc5b2747:c3462, 15cd3569-c751-4f18-b157-6804e7d0f08c:c3462]
2019-07-10 05:59:53,073 INFO  client.GrpcClientProtocolClient (GrpcClientProtocolClient.java:onNext(255)) - client-535162E20057->7049f9e8-7de6-4c8c-bf4c-9bb5512f4299: receive RaftClientReply:client-535162E20057->7049f9e8-7de6-4c8c-bf4c-9bb5512f4299@group-3B5DE3AEDFC2, cid=2332, SUCCESS, logIndex=3467, commits[7049f9e8-7de6-4c8c-bf4c-9bb5512f4299:c3468, 13d9ac51-91bf-4c73-8824-2f58fc5b2747:c3463, 15cd3569-c751-4f18-b157-6804e7d0f08c:c3464]
2019-07-10 05:59:53,073 INFO  client.GrpcClientProtocolClient (GrpcClientProtocolClient.java:onNext(255)) - client-535162E20057->7049f9e8-7de6-4c8c-bf4c-9bb5512f4299: receive RaftClientReply:client-535162E20057->7049f9e8-7de6-4c8c-bf4c-9bb5512f4299@group-3B5DE3AEDFC2, cid=2333, SUCCESS, logIndex=3468, commits[7049f9e8-7de6-4c8c-bf4c-9bb5512f4299:c3468, 13d9ac51-91bf-4c73-8824-2f58fc5b2747:c3464, 15cd3569-c751-4f18-b157-6804e7d0f08c:c3464]
2019-07-10 05:59:53,076 INFO  client.GrpcClientProtocolClient (GrpcClientProtocolClient.java:onNext(255)) - client-535162E20057->7049f9e8-7de6-4c8c-bf4c-9bb5512f4299: receive RaftClientReply:client-535162E20057->7049f9e8-7de6-4c8c-bf4c-9bb5512f4299@group-3B5DE3AEDFC2, cid=2334, SUCCESS, logIndex=0, commits[7049f9e8-7de6-4c8c-bf4c-9bb5512f4299:c3470, 13d9ac51-91bf-4c73-8824-2f58fc5b2747:c3468, 15cd3569-c751-4f18-b157-6804e7d0f08c:c3468]
2019-07-10 05:59:53,108 INFO  client.GrpcClientProtocolClient (GrpcClientProtocolClient.java:onNext(255)) - client-535162E20057->7049f9e8-7de6-4c8c-bf4c-9bb5512f4299: receive RaftClientReply:client-535162E20057->7049f9e8-7de6-4c8c-bf4c-9bb5512f4299@group-3B5DE3AEDFC2, cid=2335, SUCCESS, logIndex=3471, commits[7049f9e8-7de6-4c8c-bf4c-9bb5512f4299:c3473, 13d9ac51-91bf-4c73-8824-2f58fc5b2747:c3470, 15cd3569-c751-4f18-b157-6804e7d0f08c:c3470]
2019-07-10 05:59:53,108 INFO  client.GrpcClientProtocolClient (GrpcClientProtocolClient.java:onNext(255)) - client-535162E20057->7049f9e8-7de6-4c8c-bf4c-9bb5512f4299: receive RaftClientReply:client-535162E20057->7049f9e8-7de6-4c8c-bf4c-9bb5512f4299@group-3B5DE3AEDFC2, cid=2336, SUCCESS, logIndex=3472, commits[7049f9e8-7de6-4c8c-bf4c-9bb5512f4299:c3474, 13d9ac51-91bf-4c73-8824-2f58fc5b2747:c3470, 15cd3569-c751-4f18-b157-6804e7d0f08c:c3470]
2019-07-10 05:59:53,109 INFO  client.GrpcClientProtocolClient (GrpcClientProtocolClient.java:onNext(255)) - client-535162E20057->7049f9e8-7de6-4c8c-bf4c-9bb5512f4299: receive RaftClientReply:client-535162E20057->7049f9e8-7de6-4c8c-bf4c-9bb5512f4299@group-3B5DE3AEDFC2, cid=2337, SUCCESS, logIndex=3473, commits[7049f9e8-7de6-4c8c-bf4c-9bb5512f4299:c3474, 13d9ac51-91bf-4c73-8824-2f58fc5b2747:c3470, 15cd3569-c751-4f18-b157-6804e7d0f08c:c3470]
2019-07-10 05:59:53,110 INFO  client.GrpcClientProtocolClient (GrpcClientProtocolClient.java:onNext(255)) - client-535162E20057->7049f9e8-7de6-4c8c-bf4c-9bb5512f4299: receive RaftClientReply:client-535162E20057->7049f9e8-7de6-4c8c-bf4c-9bb5512f4299@group-3B5DE3AEDFC2, cid=2338, SUCCESS, logIndex=3474, commits[7049f9e8-7de6-4c8c-bf4c-9bb5512f4299:c3475, 13d9ac51-91bf-4c73-8824-2f58fc5b2747:c3471, 15cd3569-c751-4f18-b157-6804e7d0f08c:c3471]
2019-07-10 05:59:53,111 INFO  client.GrpcClientProtocolClient (GrpcClientProtocolClient.java:onNext(255)) - client-535162E20057->7049f9e8-7de6-4c8c-bf4c-9bb5512f4299: receive RaftClientReply:client-535162E20057->7049f9e8-7de6-4c8c-bf4c-9bb5512f4299@group-3B5DE3AEDFC2, cid=2339, SUCCESS, logIndex=0, commits[7049f9e8-7de6-4c8c-bf4c-9bb5512f4299:c3477, 13d9ac51-91bf-4c73-8824-2f58fc5b2747:c3474, 15cd3569-c751-4f18-b157-6804e7d0f08c:c3472]
2019-07-10 05:59:53,130 INFO  client.GrpcClientProtocolClient (GrpcClientProtocolClient.java:onNext(255)) - client-535162E20057->7049f9e8-7de6-4c8c-bf4c-9bb5512f4299: receive RaftClientReply:client-535162E20057->7049f9e8-7de6-4c8c-bf4c-9bb5512f4299@group-3B5DE3AEDFC2, cid=2340, SUCCESS, logIndex=3479, commits[7049f9e8-7de6-4c8c-bf4c-9bb5512f4299:c3480, 13d9ac51-91bf-4c73-8824-2f58fc5b2747:c3478, 15cd3569-c751-4f18-b157-6804e7d0f08c:c3478]
2019-07-10 05:59:53,131 INFO  client.GrpcClientProtocolClient (GrpcClientProtocolClient.java:onNext(255)) - client-535162E20057->7049f9e8-7de6-4c8c-bf4c-9bb5512f4299: receive RaftClientReply:client-535162E20057->7049f9e8-7de6-4c8c-bf4c-9bb5512f4299@group-3B5DE3AEDFC2, cid=2341, SUCCESS, logIndex=3480, commits[7049f9e8-7de6-4c8c-bf4c-9bb5512f4299:c3480, 13d9ac51-91bf-4c73-8824-2f58fc5b2747:c3478, 15cd3569-c751-4f18-b157-6804e7d0f08c:c3478]
2019-07-10 05:59:53,146 INFO  client.GrpcClientProtocolClient (GrpcClientProtocolClient.java:onNext(255)) - client-535162E20057->7049f9e8-7de6-4c8c-bf4c-9bb5512f4299: receive RaftClientReply:client-535162E20057->7049f9e8-7de6-4c8c-bf4c-9bb5512f4299@group-3B5DE3AEDFC2, cid=2342, SUCCESS, logIndex=3483, commits[7049f9e8-7de6-4c8c-bf4c-9bb5512f4299:c3484, 13d9ac51-91bf-4c73-8824-2f58fc5b2747:c3480, 15cd3569-c751-4f18-b157-6804e7d0f08c:c3480]
2019-07-10 05:59:53,146 INFO  client.GrpcClientProtocolClient (GrpcClientProtocolClient.java:onNext(255)) - client-535162E20057->7049f9e8-7de6-4c8c-bf4c-9bb5512f4299: receive RaftClientReply:client-535162E20057->7049f9e8-7de6-4c8c-bf4c-9bb5512f4299@group-3B5DE3AEDFC2, cid=2343, SUCCESS, logIndex=3484, commits[7049f9e8-7de6-4c8c-bf4c-9bb5512f4299:c3484, 13d9ac51-91bf-4c73-8824-2f58fc5b2747:c3480, 15cd3569-c751-4f18-b157-6804e7d0f08c:c3480]
2019-07-10 05:59:53,159 INFO  client.GrpcClientProtocolClient (GrpcClientProtocolClient.java:onNext(255)) - client-535162E20057->7049f9e8-7de6-4c8c-bf4c-9bb5512f4299: receive RaftClientReply:client-535162E20057->7049f9e8-7de6-4c8c-bf4c-9bb5512f4299@group-3B5DE3AEDFC2, cid=2344, SUCCESS, logIndex=0, commits[7049f9e8-7de6-4c8c-bf4c-9bb5512f4299:c3486, 13d9ac51-91bf-4c73-8824-2f58fc5b2747:c3484, 15cd3569-c751-4f18-b157-6804e7d0f08c:c3484]
2019-07-10 05:59:53,187 INFO  client.GrpcClientProtocolClient (GrpcClientProtocolClient.java:onNext(255)) - client-535162E20057->7049f9e8-7de6-4c8c-bf4c-9bb5512f4299: receive RaftClientReply:client-535162E20057->7049f9e8-7de6-4c8c-bf4c-9bb5512f4299@group-3B5DE3AEDFC2, cid=2345, SUCCESS, logIndex=3487, commits[7049f9e8-7de6-4c8c-bf4c-9bb5512f4299:c3489, 13d9ac51-91bf-4c73-8824-2f58fc5b2747:c3486, 15cd3569-c751-4f18-b157-6804e7d0f08c:c3486]
2019-07-10 05:59:53,187 INFO  client.GrpcClientProtocolClient (GrpcClientProtocolClient.java:onNext(255)) - client-535162E20057->7049f9e8-7de6-4c8c-bf4c-9bb5512f4299: receive RaftClientReply:client-535162E20057->7049f9e8-7de6-4c8c-bf4c-9bb5512f4299@group-3B5DE3AEDFC2, cid=2346, SUCCESS, logIndex=3488, commits[7049f9e8-7de6-4c8c-bf4c-9bb5512f4299:c3490, 13d9ac51-91bf-4c73-8824-2f58fc5b2747:c3486, 15cd3569-c751-4f18-b157-6804e7d0f08c:c3486]
2019-07-10 05:59:53,187 INFO  client.GrpcClientProtocolClient (GrpcClientProtocolClient.java:onNext(255)) - client-535162E20057->7049f9e8-7de6-4c8c-bf4c-9bb5512f4299: receive RaftClientReply:client-535162E20057->7049f9e8-7de6-4c8c-bf4c-9bb5512f4299@group-3B5DE3AEDFC2, cid=2347, SUCCESS, logIndex=3489, commits[7049f9e8-7de6-4c8c-bf4c-9bb5512f4299:c3490, 13d9ac51-91bf-4c73-8824-2f58fc5b2747:c3486, 15cd3569-c751-4f18-b157-6804e7d0f08c:c3486]
2019-07-10 05:59:53,188 INFO  client.GrpcClientProtocolClient (GrpcClientProtocolClient.java:onNext(255)) - client-535162E20057->7049f9e8-7de6-4c8c-bf4c-9bb5512f4299: receive RaftClientReply:client-535162E20057->7049f9e8-7de6-4c8c-bf4c-9bb5512f4299@group-3B5DE3AEDFC2, cid=2348, SUCCESS, logIndex=3490, commits[7049f9e8-7de6-4c8c-bf4c-9bb5512f4299:c3490, 13d9ac51-91bf-4c73-8824-2f58fc5b2747:c3486, 15cd3569-c751-4f18-b157-6804e7d0f08c:c3486]
2019-07-10 05:59:53,201 INFO  client.GrpcClientProtocolClient (GrpcClientProtocolClient.java:onNext(255)) - client-535162E20057->7049f9e8-7de6-4c8c-bf4c-9bb5512f4299: receive RaftClientReply:client-535162E20057->7049f9e8-7de6-4c8c-bf4c-9bb5512f4299@group-3B5DE3AEDFC2, cid=2349, SUCCESS, logIndex=0, commits[7049f9e8-7de6-4c8c-bf4c-9bb5512f4299:c3492, 13d9ac51-91bf-4c73-8824-2f58fc5b2747:c3488, 15cd3569-c751-4f18-b157-6804e7d0f08c:c3488]
2019-07-10 05:59:53,215 INFO  client.GrpcClientProtocolClient (GrpcClientProtocolClient.java:onNext(255)) - client-535162E20057->7049f9e8-7de6-4c8c-bf4c-9bb5512f4299: receive RaftClientReply:client-535162E20057->7049f9e8-7de6-4c8c-bf4c-9bb5512f4299@group-3B5DE3AEDFC2, cid=2350, SUCCESS, logIndex=3495, commits[7049f9e8-7de6-4c8c-bf4c-9bb5512f4299:c3496, 13d9ac51-91bf-4c73-8824-2f58fc5b2747:c3494, 15cd3569-c751-4f18-b157-6804e7d0f08c:c3494]
2019-07-10 05:59:53,215 INFO  client.GrpcClientProtocolClient (GrpcClientProtocolClient.java:onNext(255)) - client-535162E20057->7049f9e8-7de6-4c8c-bf4c-9bb5512f4299: receive RaftClientReply:client-535162E20057->7049f9e8-7de6-4c8c-bf4c-9bb5512f4299@group-3B5DE3AEDFC2, cid=2351, SUCCESS, logIndex=3496, commits[7049f9e8-7de6-4c8c-bf4c-9bb5512f4299:c3496, 13d9ac51-91bf-4c73-8824-2f58fc5b2747:c3494, 15cd3569-c751-4f18-b157-6804e7d0f08c:c3494]
2019-07-10 05:59:53,241 INFO  client.GrpcClientProtocolClient (GrpcClientProtocolClient.java:onNext(255)) - client-535162E20057->7049f9e8-7de6-4c8c-bf4c-9bb5512f4299: receive RaftClientReply:client-535162E20057->7049f9e8-7de6-4c8c-bf4c-9bb5512f4299@group-3B5DE3AEDFC2, cid=2352, SUCCESS, logIndex=3499, commits[7049f9e8-7de6-4c8c-bf4c-9bb5512f4299:c3500, 13d9ac51-91bf-4c73-8824-2f58fc5b2747:c3498, 15cd3569-c751-4f18-b157-6804e7d0f08c:c3498]
2019-07-10 05:59:53,241 INFO  client.GrpcClientProtocolClient (GrpcClientProtocolClient.java:onNext(255)) - client-535162E20057->7049f9e8-7de6-4c8c-bf4c-9bb5512f4299: receive RaftClientReply:client-535162E20057->7049f9e8-7de6-4c8c-bf4c-9bb5512f4299@group-3B5DE3AEDFC2, cid=2353, SUCCESS, logIndex=3500, commits[7049f9e8-7de6-4c8c-bf4c-9bb5512f4299:c3500, 13d9ac51-91bf-4c73-8824-2f58fc5b2747:c3498, 15cd3569-c751-4f18-b157-6804e7d0f08c:c3498]
2019-07-10 05:59:53,255 INFO  client.GrpcClientProtocolClient (GrpcClientProtocolClient.java:onNext(255)) - client-535162E20057->7049f9e8-7de6-4c8c-bf4c-9bb5512f4299: receive RaftClientReply:client-535162E20057->7049f9e8-7de6-4c8c-bf4c-9bb5512f4299@group-3B5DE3AEDFC2, cid=2354, SUCCESS, logIndex=0, commits[7049f9e8-7de6-4c8c-bf4c-9bb5512f4299:c3502, 13d9ac51-91bf-4c73-8824-2f58fc5b2747:c3500, 15cd3569-c751-4f18-b157-6804e7d0f08c:c3500]
2019-07-10 05:59:53,287 INFO  client.GrpcClientProtocolClient (GrpcClientProtocolClient.java:onNext(255)) - client-535162E20057->7049f9e8-7de6-4c8c-bf4c-9bb5512f4299: receive RaftClientReply:client-535162E20057->7049f9e8-7de6-4c8c-bf4c-9bb5512f4299@group-3B5DE3AEDFC2, cid=2355, SUCCESS, logIndex=3503, commits[7049f9e8-7de6-4c8c-bf4c-9bb5512f4299:c3504, 13d9ac51-91bf-4c73-8824-2f58fc5b2747:c3502, 15cd3569-c751-4f18-b157-6804e7d0f08c:c3502]
2019-07-10 05:59:53,287 INFO  client.GrpcClientProtocolClient (GrpcClientProtocolClient.java:onNext(255)) - client-535162E20057->7049f9e8-7de6-4c8c-bf4c-9bb5512f4299: receive RaftClientReply:client-535162E20057->7049f9e8-7de6-4c8c-bf4c-9bb5512f4299@group-3B5DE3AEDFC2, cid=2356, SUCCESS, logIndex=3504, commits[7049f9e8-7de6-4c8c-bf4c-9bb5512f4299:c3504, 13d9ac51-91bf-4c73-8824-2f58fc5b2747:c3502, 15cd3569-c751-4f18-b157-6804e7d0f08c:c3502]
2019-07-10 05:59:53,288 INFO  client.GrpcClientProtocolClient (GrpcClientProtocolClient.java:onNext(255)) - client-535162E20057->7049f9e8-7de6-4c8c-bf4c-9bb5512f4299: receive RaftClientReply:client-535162E20057->7049f9e8-7de6-4c8c-bf4c-9bb5512f4299@group-3B5DE3AEDFC2, cid=2357, SUCCESS, logIndex=3505, commits[7049f9e8-7de6-4c8c-bf4c-9bb5512f4299:c3506, 13d9ac51-91bf-4c73-8824-2f58fc5b2747:c3502, 15cd3569-c751-4f18-b157-6804e7d0f08c:c3502]
2019-07-10 05:59:53,288 INFO  client.GrpcClientProtocolClient (GrpcClientProtocolClient.java:onNext(255)) - client-535162E20057->7049f9e8-7de6-4c8c-bf4c-9bb5512f4299: receive RaftClientReply:client-535162E20057->7049f9e8-7de6-4c8c-bf4c-9bb5512f4299@group-3B5DE3AEDFC2, cid=2358, SUCCESS, logIndex=3506, commits[7049f9e8-7de6-4c8c-bf4c-9bb5512f4299:c3506, 13d9ac51-91bf-4c73-8824-2f58fc5b2747:c3502, 15cd3569-c751-4f18-b157-6804e7d0f08c:c3502]
2019-07-10 05:59:53,301 INFO  client.GrpcClientProtocolClient (GrpcClientProtocolClient.java:onNext(255)) - client-535162E20057->7049f9e8-7de6-4c8c-bf4c-9bb5512f4299: receive RaftClientReply:client-535162E20057->7049f9e8-7de6-4c8c-bf4c-9bb5512f4299@group-3B5DE3AEDFC2, cid=2359, SUCCESS, logIndex=0, commits[7049f9e8-7de6-4c8c-bf4c-9bb5512f4299:c3508, 13d9ac51-91bf-4c73-8824-2f58fc5b2747:c3504, 15cd3569-c751-4f18-b157-6804e7d0f08c:c3504]
2019-07-10 05:59:53,321 INFO  client.GrpcClientProtocolClient (GrpcClientProtocolClient.java:onNext(255)) - client-535162E20057->7049f9e8-7de6-4c8c-bf4c-9bb5512f4299: receive RaftClientReply:client-535162E20057->7049f9e8-7de6-4c8c-bf4c-9bb5512f4299@group-3B5DE3AEDFC2, cid=2360, SUCCESS, logIndex=3511, commits[7049f9e8-7de6-4c8c-bf4c-9bb5512f4299:c3512, 13d9ac51-91bf-4c73-8824-2f58fc5b2747:c3510, 15cd3569-c751-4f18-b157-6804e7d0f08c:c3510]
2019-07-10 05:59:53,322 INFO  client.GrpcClientProtocolClient (GrpcClientProtocolClient.java:onNext(255)) - client-535162E20057->7049f9e8-7de6-4c8c-bf4c-9bb5512f4299: receive RaftClientReply:client-535162E20057->7049f9e8-7de6-4c8c-bf4c-9bb5512f4299@group-3B5DE3AEDFC2, cid=2361, SUCCESS, logIndex=3512, commits[7049f9e8-7de6-4c8c-bf4c-9bb5512f4299:c3512, 13d9ac51-91bf-4c73-8824-2f58fc5b2747:c3510, 15cd3569-c751-4f18-b157-6804e7d0f08c:c3510]
2019-07-10 05:59:53,336 INFO  client.GrpcClientProtocolClient (GrpcClientProtocolClient.java:onNext(255)) - client-535162E20057->7049f9e8-7de6-4c8c-bf4c-9bb5512f4299: receive RaftClientReply:client-535162E20057->7049f9e8-7de6-4c8c-bf4c-9bb5512f4299@group-3B5DE3AEDFC2, cid=2362, SUCCESS, logIndex=3515, commits[7049f9e8-7de6-4c8c-bf4c-9bb5512f4299:c3516, 13d9ac51-91bf-4c73-8824-2f58fc5b2747:c3512, 15cd3569-c751-4f18-b157-6804e7d0f08c:c3512]
2019-07-10 05:59:53,336 INFO  client.GrpcClientProtocolClient (GrpcClientProtocolClient.java:onNext(255)) - client-535162E20057->7049f9e8-7de6-4c8c-bf4c-9bb5512f4299: receive RaftClientReply:client-535162E20057->7049f9e8-7de6-4c8c-bf4c-9bb5512f4299@group-3B5DE3AEDFC2, cid=2363, SUCCESS, logIndex=3516, commits[7049f9e8-7de6-4c8c-bf4c-9bb5512f4299:c3516, 13d9ac51-91bf-4c73-8824-2f58fc5b2747:c3512, 15cd3569-c751-4f18-b157-6804e7d0f08c:c3512]
2019-07-10 05:59:53,350 INFO  client.GrpcClientProtocolClient (GrpcClientProtocolClient.java:onNext(255)) - client-535162E20057->7049f9e8-7de6-4c8c-bf4c-9bb5512f4299: receive RaftClientReply:client-535162E20057->7049f9e8-7de6-4c8c-bf4c-9bb5512f4299@group-3B5DE3AEDFC2, cid=2364, SUCCESS, logIndex=0, commits[7049f9e8-7de6-4c8c-bf4c-9bb5512f4299:c3518, 13d9ac51-91bf-4c73-8824-2f58fc5b2747:c3516, 15cd3569-c751-4f18-b157-6804e7d0f08c:c3516]
2019-07-10 05:59:53,377 INFO  client.GrpcClientProtocolClient (GrpcClientProtocolClient.java:onNext(255)) - client-535162E20057->7049f9e8-7de6-4c8c-bf4c-9bb5512f4299: receive RaftClientReply:client-535162E20057->7049f9e8-7de6-4c8c-bf4c-9bb5512f4299@group-3B5DE3AEDFC2, cid=2365, SUCCESS, logIndex=3519, commits[7049f9e8-7de6-4c8c-bf4c-9bb5512f4299:c3520, 13d9ac51-91bf-4c73-8824-2f58fc5b2747:c3518, 15cd3569-c751-4f18-b157-6804e7d0f08c:c3518]
2019-07-10 05:59:53,379 INFO  client.GrpcClientProtocolClient (GrpcClientProtocolClient.java:onNext(255)) - client-535162E20057->7049f9e8-7de6-4c8c-bf4c-9bb5512f4299: receive RaftClientReply:client-535162E20057->7049f9e8-7de6-4c8c-bf4c-9bb5512f4299@group-3B5DE3AEDFC2, cid=2366, SUCCESS, logIndex=3520, commits[7049f9e8-7de6-4c8c-bf4c-9bb5512f4299:c3520, 13d9ac51-91bf-4c73-8824-2f58fc5b2747:c3518, 15cd3569-c751-4f18-b157-6804e7d0f08c:c3518]
2019-07-10 05:59:53,379 INFO  client.GrpcClientProtocolClient (GrpcClientProtocolClient.java:onNext(255)) - client-535162E20057->7049f9e8-7de6-4c8c-bf4c-9bb5512f4299: receive RaftClientReply:client-535162E20057->7049f9e8-7de6-4c8c-bf4c-9bb5512f4299@group-3B5DE3AEDFC2, cid=2367, SUCCESS, logIndex=3521, commits[7049f9e8-7de6-4c8c-bf4c-9bb5512f4299:c3522, 13d9ac51-91bf-4c73-8824-2f58fc5b2747:c3518, 15cd3569-c751-4f18-b157-6804e7d0f08c:c3518]
2019-07-10 05:59:53,380 INFO  client.GrpcClientProtocolClient (GrpcClientProtocolClient.java:onNext(255)) - client-535162E20057->7049f9e8-7de6-4c8c-bf4c-9bb5512f4299: receive RaftClientReply:client-535162E20057->7049f9e8-7de6-4c8c-bf4c-9bb5512f4299@group-3B5DE3AEDFC2, cid=2368, SUCCESS, logIndex=3522, commits[7049f9e8-7de6-4c8c-bf4c-9bb5512f4299:c3524, 13d9ac51-91bf-4c73-8824-2f58fc5b2747:c3520, 15cd3569-c751-4f18-b157-6804e7d0f08c:c3518]
2019-07-10 05:59:53,381 INFO  client.GrpcClientProtocolClient (GrpcClientProtocolClient.java:onNext(255)) - client-535162E20057->7049f9e8-7de6-4c8c-bf4c-9bb5512f4299: receive RaftClientReply:client-535162E20057->7049f9e8-7de6-4c8c-bf4c-9bb5512f4299@group-3B5DE3AEDFC2, cid=2369, SUCCESS, logIndex=0, commits[7049f9e8-7de6-4c8c-bf4c-9bb5512f4299:c3526, 13d9ac51-91bf-4c73-8824-2f58fc5b2747:c3522, 15cd3569-c751-4f18-b157-6804e7d0f08c:c3520]
2019-07-10 05:59:53,402 INFO  client.GrpcClientProtocolClient (GrpcClientProtocolClient.java:onNext(255)) - client-535162E20057->7049f9e8-7de6-4c8c-bf4c-9bb5512f4299: receive RaftClientReply:client-535162E20057->7049f9e8-7de6-4c8c-bf4c-9bb5512f4299@group-3B5DE3AEDFC2, cid=2370, SUCCESS, logIndex=3527, commits[7049f9e8-7de6-4c8c-bf4c-9bb5512f4299:c3528, 13d9ac51-91bf-4c73-8824-2f58fc5b2747:c3526, 15cd3569-c751-4f18-b157-6804e7d0f08c:c3526]
2019-07-10 05:59:53,402 INFO  client.GrpcClientProtocolClient (GrpcClientProtocolClient.java:onNext(255)) - client-535162E20057->7049f9e8-7de6-4c8c-bf4c-9bb5512f4299: receive RaftClientReply:client-535162E20057->7049f9e8-7de6-4c8c-bf4c-9bb5512f4299@group-3B5DE3AEDFC2, cid=2371, SUCCESS, logIndex=3528, commits[7049f9e8-7de6-4c8c-bf4c-9bb5512f4299:c3528, 13d9ac51-91bf-4c73-8824-2f58fc5b2747:c3526, 15cd3569-c751-4f18-b157-6804e7d0f08c:c3526]
2019-07-10 05:59:53,415 INFO  client.GrpcClientProtocolClient (GrpcClientProtocolClient.java:onNext(255)) - client-535162E20057->7049f9e8-7de6-4c8c-bf4c-9bb5512f4299: receive RaftClientReply:client-535162E20057->7049f9e8-7de6-4c8c-bf4c-9bb5512f4299@group-3B5DE3AEDFC2, cid=2372, SUCCESS, logIndex=3531, commits[7049f9e8-7de6-4c8c-bf4c-9bb5512f4299:c3532, 13d9ac51-91bf-4c73-8824-2f58fc5b2747:c3528, 15cd3569-c751-4f18-b157-6804e7d0f08c:c3528]
2019-07-10 05:59:53,416 INFO  client.GrpcClientProtocolClient (GrpcClientProtocolClient.java:onNext(255)) - client-535162E20057->7049f9e8-7de6-4c8c-bf4c-9bb5512f4299: receive RaftClientReply:client-535162E20057->7049f9e8-7de6-4c8c-bf4c-9bb5512f4299@group-3B5DE3AEDFC2, cid=2373, SUCCESS, logIndex=3532, commits[7049f9e8-7de6-4c8c-bf4c-9bb5512f4299:c3532, 13d9ac51-91bf-4c73-8824-2f58fc5b2747:c3528, 15cd3569-c751-4f18-b157-6804e7d0f08c:c3528]
2019-07-10 05:59:53,430 INFO  client.GrpcClientProtocolClient (GrpcClientProtocolClient.java:onNext(255)) - client-535162E20057->7049f9e8-7de6-4c8c-bf4c-9bb5512f4299: receive RaftClientReply:client-535162E20057->7049f9e8-7de6-4c8c-bf4c-9bb5512f4299@group-3B5DE3AEDFC2, cid=2374, SUCCESS, logIndex=0, commits[7049f9e8-7de6-4c8c-bf4c-9bb5512f4299:c3534, 13d9ac51-91bf-4c73-8824-2f58fc5b2747:c3532, 15cd3569-c751-4f18-b157-6804e7d0f08c:c3532]
2019-07-10 05:59:53,453 INFO  client.GrpcClientProtocolClient (GrpcClientProtocolClient.java:onNext(255)) - client-535162E20057->7049f9e8-7de6-4c8c-bf4c-9bb5512f4299: receive RaftClientReply:client-535162E20057->7049f9e8-7de6-4c8c-bf4c-9bb5512f4299@group-3B5DE3AEDFC2, cid=2375, SUCCESS, logIndex=3535, commits[7049f9e8-7de6-4c8c-bf4c-9bb5512f4299:c3536, 13d9ac51-91bf-4c73-8824-2f58fc5b2747:c3532, 15cd3569-c751-4f18-b157-6804e7d0f08c:c3534]
2019-07-10 05:59:53,454 INFO  client.GrpcClientProtocolClient (GrpcClientProtocolClient.java:onNext(255)) - client-535162E20057->7049f9e8-7de6-4c8c-bf4c-9bb5512f4299: receive RaftClientReply:client-535162E20057->7049f9e8-7de6-4c8c-bf4c-9bb5512f4299@group-3B5DE3AEDFC2, cid=2376, SUCCESS, logIndex=3536, commits[7049f9e8-7de6-4c8c-bf4c-9bb5512f4299:c3538, 13d9ac51-91bf-4c73-8824-2f58fc5b2747:c3534, 15cd3569-c751-4f18-b157-6804e7d0f08c:c3534]
2019-07-10 05:59:53,454 INFO  client.GrpcClientProtocolClient (GrpcClientProtocolClient.java:onNext(255)) - client-535162E20057->7049f9e8-7de6-4c8c-bf4c-9bb5512f4299: receive RaftClientReply:client-535162E20057->7049f9e8-7de6-4c8c-bf4c-9bb5512f4299@group-3B5DE3AEDFC2, cid=2377, SUCCESS, logIndex=3537, commits[7049f9e8-7de6-4c8c-bf4c-9bb5512f4299:c3538, 13d9ac51-91bf-4c73-8824-2f58fc5b2747:c3534, 15cd3569-c751-4f18-b157-6804e7d0f08c:c3534]
2019-07-10 05:59:53,455 INFO  client.GrpcClientProtocolClient (GrpcClientProtocolClient.java:onNext(255)) - client-535162E20057->7049f9e8-7de6-4c8c-bf4c-9bb5512f4299: receive RaftClientReply:client-535162E20057->7049f9e8-7de6-4c8c-bf4c-9bb5512f4299@group-3B5DE3AEDFC2, cid=2378, SUCCESS, logIndex=3538, commits[7049f9e8-7de6-4c8c-bf4c-9bb5512f4299:c3539, 13d9ac51-91bf-4c73-8824-2f58fc5b2747:c3534, 15cd3569-c751-4f18-b157-6804e7d0f08c:c3536]
2019-07-10 05:59:53,456 INFO  client.GrpcClientProtocolClient (GrpcClientProtocolClient.java:onNext(255)) - client-535162E20057->7049f9e8-7de6-4c8c-bf4c-9bb5512f4299: receive RaftClientReply:client-535162E20057->7049f9e8-7de6-4c8c-bf4c-9bb5512f4299@group-3B5DE3AEDFC2, cid=2379, SUCCESS, logIndex=0, commits[7049f9e8-7de6-4c8c-bf4c-9bb5512f4299:c3541, 13d9ac51-91bf-4c73-8824-2f58fc5b2747:c3537, 15cd3569-c751-4f18-b157-6804e7d0f08c:c3537]
2019-07-10 05:59:53,469 INFO  client.GrpcClientProtocolClient (GrpcClientProtocolClient.java:onNext(255)) - client-535162E20057->7049f9e8-7de6-4c8c-bf4c-9bb5512f4299: receive RaftClientReply:client-535162E20057->7049f9e8-7de6-4c8c-bf4c-9bb5512f4299@group-3B5DE3AEDFC2, cid=2380, SUCCESS, logIndex=3543, commits[7049f9e8-7de6-4c8c-bf4c-9bb5512f4299:c3544, 13d9ac51-91bf-4c73-8824-2f58fc5b2747:c3542, 15cd3569-c751-4f18-b157-6804e7d0f08c:c3542]
2019-07-10 05:59:53,470 INFO  client.GrpcClientProtocolClient (GrpcClientProtocolClient.java:onNext(255)) - client-535162E20057->7049f9e8-7de6-4c8c-bf4c-9bb5512f4299: receive RaftClientReply:client-535162E20057->7049f9e8-7de6-4c8c-bf4c-9bb5512f4299@group-3B5DE3AEDFC2, cid=2381, SUCCESS, logIndex=3544, commits[7049f9e8-7de6-4c8c-bf4c-9bb5512f4299:c3544, 13d9ac51-91bf-4c73-8824-2f58fc5b2747:c3542, 15cd3569-c751-4f18-b157-6804e7d0f08c:c3542]
2019-07-10 05:59:53,496 INFO  client.GrpcClientProtocolClient (GrpcClientProtocolClient.java:onNext(255)) - client-535162E20057->7049f9e8-7de6-4c8c-bf4c-9bb5512f4299: receive RaftClientReply:client-535162E20057->7049f9e8-7de6-4c8c-bf4c-9bb5512f4299@group-3B5DE3AEDFC2, cid=2382, SUCCESS, logIndex=3547, commits[7049f9e8-7de6-4c8c-bf4c-9bb5512f4299:c3548, 13d9ac51-91bf-4c73-8824-2f58fc5b2747:c3546, 15cd3569-c751-4f18-b157-6804e7d0f08c:c3544]
2019-07-10 05:59:53,497 INFO  client.GrpcClientProtocolClient (GrpcClientProtocolClient.java:onNext(255)) - client-535162E20057->7049f9e8-7de6-4c8c-bf4c-9bb5512f4299: receive RaftClientReply:client-535162E20057->7049f9e8-7de6-4c8c-bf4c-9bb5512f4299@group-3B5DE3AEDFC2, cid=2383, SUCCESS, logIndex=3548, commits[7049f9e8-7de6-4c8c-bf4c-9bb5512f4299:c3548, 13d9ac51-91bf-4c73-8824-2f58fc5b2747:c3546, 15cd3569-c751-4f18-b157-6804e7d0f08c:c3546]
2019-07-10 05:59:53,509 INFO  client.GrpcClientProtocolClient (GrpcClientProtocolClient.java:onNext(255)) - client-535162E20057->7049f9e8-7de6-4c8c-bf4c-9bb5512f4299: receive RaftClientReply:client-535162E20057->7049f9e8-7de6-4c8c-bf4c-9bb5512f4299@group-3B5DE3AEDFC2, cid=2384, SUCCESS, logIndex=0, commits[7049f9e8-7de6-4c8c-bf4c-9bb5512f4299:c3550, 13d9ac51-91bf-4c73-8824-2f58fc5b2747:c3548, 15cd3569-c751-4f18-b157-6804e7d0f08c:c3548]
 0.00% |█                                                                                                    |  0/1 Time: 0:00:182019-07-10 05:59:53,704 INFO  client.GrpcClientProtocolClient (GrpcClientProtocolClient.java:onNext(255)) - client-535162E20057->7049f9e8-7de6-4c8c-bf4c-9bb5512f4299: receive RaftClientReply:client-535162E20057->7049f9e8-7de6-4c8c-bf4c-9bb5512f4299@group-3B5DE3AEDFC2, cid=2385, SUCCESS, logIndex=3551, commits[7049f9e8-7de6-4c8c-bf4c-9bb5512f4299:c3552, 13d9ac51-91bf-4c73-8824-2f58fc5b2747:c3550, 15cd3569-c751-4f18-b157-6804e7d0f08c:c3550]
2019-07-10 05:59:53,705 INFO  client.GrpcClientProtocolClient (GrpcClientProtocolClient.java:onNext(255)) - client-535162E20057->7049f9e8-7de6-4c8c-bf4c-9bb5512f4299: receive RaftClientReply:client-535162E20057->7049f9e8-7de6-4c8c-bf4c-9bb5512f4299@group-3B5DE3AEDFC2, cid=2386, SUCCESS, logIndex=3552, commits[7049f9e8-7de6-4c8c-bf4c-9bb5512f4299:c3552, 13d9ac51-91bf-4c73-8824-2f58fc5b2747:c3550, 15cd3569-c751-4f18-b157-6804e7d0f08c:c3550]
2019-07-10 05:59:53,718 INFO  client.GrpcClientProtocolClient (GrpcClientProtocolClient.java:onNext(255)) - client-535162E20057->7049f9e8-7de6-4c8c-bf4c-9bb5512f4299: receive RaftClientReply:client-535162E20057->7049f9e8-7de6-4c8c-bf4c-9bb5512f4299@group-3B5DE3AEDFC2, cid=2387, SUCCESS, logIndex=3553, commits[7049f9e8-7de6-4c8c-bf4c-9bb5512f4299:c3554, 13d9ac51-91bf-4c73-8824-2f58fc5b2747:c3550, 15cd3569-c751-4f18-b157-6804e7d0f08c:c3550]
2019-07-10 05:59:53,719 INFO  client.GrpcClientProtocolClient (GrpcClientProtocolClient.java:onNext(255)) - client-535162E20057->7049f9e8-7de6-4c8c-bf4c-9bb5512f4299: receive RaftClientReply:client-535162E20057->7049f9e8-7de6-4c8c-bf4c-9bb5512f4299@group-3B5DE3AEDFC2, cid=2388, SUCCESS, logIndex=3554, commits[7049f9e8-7de6-4c8c-bf4c-9bb5512f4299:c3554, 13d9ac51-91bf-4c73-8824-2f58fc5b2747:c3550, 15cd3569-c751-4f18-b157-6804e7d0f08c:c3550]
2019-07-10 05:59:53,720 INFO  client.GrpcClientProtocolClient (GrpcClientProtocolClient.java:onNext(255)) - client-535162E20057->7049f9e8-7de6-4c8c-bf4c-9bb5512f4299: receive RaftClientReply:client-535162E20057->7049f9e8-7de6-4c8c-bf4c-9bb5512f4299@group-3B5DE3AEDFC2, cid=2389, SUCCESS, logIndex=0, commits[7049f9e8-7de6-4c8c-bf4c-9bb5512f4299:c3556, 13d9ac51-91bf-4c73-8824-2f58fc5b2747:c3552, 15cd3569-c751-4f18-b157-6804e7d0f08c:c3552]
2019-07-10 05:59:53,752 INFO  client.GrpcClientProtocolClient (GrpcClientProtocolClient.java:onNext(255)) - client-535162E20057->7049f9e8-7de6-4c8c-bf4c-9bb5512f4299: receive RaftClientReply:client-535162E20057->7049f9e8-7de6-4c8c-bf4c-9bb5512f4299@group-3B5DE3AEDFC2, cid=2390, SUCCESS, logIndex=3559, commits[7049f9e8-7de6-4c8c-bf4c-9bb5512f4299:c3560, 13d9ac51-91bf-4c73-8824-2f58fc5b2747:c3556, 15cd3569-c751-4f18-b157-6804e7d0f08c:c3556]
2019-07-10 05:59:53,752 INFO  client.GrpcClientProtocolClient (GrpcClientProtocolClient.java:onNext(255)) - client-535162E20057->7049f9e8-7de6-4c8c-bf4c-9bb5512f4299: receive RaftClientReply:client-535162E20057->7049f9e8-7de6-4c8c-bf4c-9bb5512f4299@group-3B5DE3AEDFC2, cid=2391, SUCCESS, logIndex=3560, commits[7049f9e8-7de6-4c8c-bf4c-9bb5512f4299:c3560, 13d9ac51-91bf-4c73-8824-2f58fc5b2747:c3556, 15cd3569-c751-4f18-b157-6804e7d0f08c:c3556]
2019-07-10 05:59:53,766 INFO  client.GrpcClientProtocolClient (GrpcClientProtocolClient.java:onNext(255)) - client-535162E20057->7049f9e8-7de6-4c8c-bf4c-9bb5512f4299: receive RaftClientReply:client-535162E20057->7049f9e8-7de6-4c8c-bf4c-9bb5512f4299@group-3B5DE3AEDFC2, cid=2392, SUCCESS, logIndex=3563, commits[7049f9e8-7de6-4c8c-bf4c-9bb5512f4299:c3564, 13d9ac51-91bf-4c73-8824-2f58fc5b2747:c3562, 15cd3569-c751-4f18-b157-6804e7d0f08c:c3562]
2019-07-10 05:59:53,767 INFO  client.GrpcClientProtocolClient (GrpcClientProtocolClient.java:onNext(255)) - client-535162E20057->7049f9e8-7de6-4c8c-bf4c-9bb5512f4299: receive RaftClientReply:client-535162E20057->7049f9e8-7de6-4c8c-bf4c-9bb5512f4299@group-3B5DE3AEDFC2, cid=2393, SUCCESS, logIndex=3564, commits[7049f9e8-7de6-4c8c-bf4c-9bb5512f4299:c3564, 13d9ac51-91bf-4c73-8824-2f58fc5b2747:c3562, 15cd3569-c751-4f18-b157-6804e7d0f08c:c3562]
2019-07-10 05:59:53,769 INFO  client.GrpcClientProtocolClient (GrpcClientProtocolClient.java:onNext(255)) - client-535162E20057->7049f9e8-7de6-4c8c-bf4c-9bb5512f4299: receive RaftClientReply:client-535162E20057->7049f9e8-7de6-4c8c-bf4c-9bb5512f4299@group-3B5DE3AEDFC2, cid=2394, SUCCESS, logIndex=0, commits[7049f9e8-7de6-4c8c-bf4c-9bb5512f4299:c3566, 13d9ac51-91bf-4c73-8824-2f58fc5b2747:c3564, 15cd3569-c751-4f18-b157-6804e7d0f08c:c3564]
2019-07-10 05:59:53,800 INFO  client.GrpcClientProtocolClient (GrpcClientProtocolClient.java:onNext(255)) - client-535162E20057->7049f9e8-7de6-4c8c-bf4c-9bb5512f4299: receive RaftClientReply:client-535162E20057->7049f9e8-7de6-4c8c-bf4c-9bb5512f4299@group-3B5DE3AEDFC2, cid=2395, SUCCESS, logIndex=3567, commits[7049f9e8-7de6-4c8c-bf4c-9bb5512f4299:c3568, 13d9ac51-91bf-4c73-8824-2f58fc5b2747:c3566, 15cd3569-c751-4f18-b157-6804e7d0f08c:c3566]
2019-07-10 05:59:53,801 INFO  client.GrpcClientProtocolClient (GrpcClientProtocolClient.java:onNext(255)) - client-535162E20057->7049f9e8-7de6-4c8c-bf4c-9bb5512f4299: receive RaftClientReply:client-535162E20057->7049f9e8-7de6-4c8c-bf4c-9bb5512f4299@group-3B5DE3AEDFC2, cid=2396, SUCCESS, logIndex=3568, commits[7049f9e8-7de6-4c8c-bf4c-9bb5512f4299:c3568, 13d9ac51-91bf-4c73-8824-2f58fc5b2747:c3566, 15cd3569-c751-4f18-b157-6804e7d0f08c:c3566]
2019-07-10 05:59:53,801 INFO  client.GrpcClientProtocolClient (GrpcClientProtocolClient.java:onNext(255)) - client-535162E20057->7049f9e8-7de6-4c8c-bf4c-9bb5512f4299: receive RaftClientReply:client-535162E20057->7049f9e8-7de6-4c8c-bf4c-9bb5512f4299@group-3B5DE3AEDFC2, cid=2397, SUCCESS, logIndex=3569, commits[7049f9e8-7de6-4c8c-bf4c-9bb5512f4299:c3570, 13d9ac51-91bf-4c73-8824-2f58fc5b2747:c3566, 15cd3569-c751-4f18-b157-6804e7d0f08c:c3566]
2019-07-10 05:59:53,801 INFO  client.GrpcClientProtocolClient (GrpcClientProtocolClient.java:onNext(255)) - client-535162E20057->7049f9e8-7de6-4c8c-bf4c-9bb5512f4299: receive RaftClientReply:client-535162E20057->7049f9e8-7de6-4c8c-bf4c-9bb5512f4299@group-3B5DE3AEDFC2, cid=2398, SUCCESS, logIndex=3570, commits[7049f9e8-7de6-4c8c-bf4c-9bb5512f4299:c3570, 13d9ac51-91bf-4c73-8824-2f58fc5b2747:c3566, 15cd3569-c751-4f18-b157-6804e7d0f08c:c3566]
2019-07-10 05:59:53,803 INFO  client.GrpcClientProtocolClient (GrpcClientProtocolClient.java:onNext(255)) - client-535162E20057->7049f9e8-7de6-4c8c-bf4c-9bb5512f4299: receive RaftClientReply:client-535162E20057->7049f9e8-7de6-4c8c-bf4c-9bb5512f4299@group-3B5DE3AEDFC2, cid=2399, SUCCESS, logIndex=0, commits[7049f9e8-7de6-4c8c-bf4c-9bb5512f4299:c3572, 13d9ac51-91bf-4c73-8824-2f58fc5b2747:c3568, 15cd3569-c751-4f18-b157-6804e7d0f08c:c3568]
2019-07-10 05:59:53,823 INFO  client.GrpcClientProtocolClient (GrpcClientProtocolClient.java:onNext(255)) - client-535162E20057->7049f9e8-7de6-4c8c-bf4c-9bb5512f4299: receive RaftClientReply:client-535162E20057->7049f9e8-7de6-4c8c-bf4c-9bb5512f4299@group-3B5DE3AEDFC2, cid=2400, SUCCESS, logIndex=3575, commits[7049f9e8-7de6-4c8c-bf4c-9bb5512f4299:c3576, 13d9ac51-91bf-4c73-8824-2f58fc5b2747:c3574, 15cd3569-c751-4f18-b157-6804e7d0f08c:c3574]
2019-07-10 05:59:53,824 INFO  client.GrpcClientProtocolClient (GrpcClientProtocolClient.java:onNext(255)) - client-535162E20057->7049f9e8-7de6-4c8c-bf4c-9bb5512f4299: receive RaftClientReply:client-535162E20057->7049f9e8-7de6-4c8c-bf4c-9bb5512f4299@group-3B5DE3AEDFC2, cid=2401, SUCCESS, logIndex=3576, commits[7049f9e8-7de6-4c8c-bf4c-9bb5512f4299:c3576, 13d9ac51-91bf-4c73-8824-2f58fc5b2747:c3574, 15cd3569-c751-4f18-b157-6804e7d0f08c:c3574]
2019-07-10 05:59:53,837 INFO  client.GrpcClientProtocolClient (GrpcClientProtocolClient.java:onNext(255)) - client-535162E20057->7049f9e8-7de6-4c8c-bf4c-9bb5512f4299: receive RaftClientReply:client-535162E20057->7049f9e8-7de6-4c8c-bf4c-9bb5512f4299@group-3B5DE3AEDFC2, cid=2402, SUCCESS, logIndex=3579, commits[7049f9e8-7de6-4c8c-bf4c-9bb5512f4299:c3579, 13d9ac51-91bf-4c73-8824-2f58fc5b2747:c3576, 15cd3569-c751-4f18-b157-6804e7d0f08c:c3576]
2019-07-10 05:59:53,838 INFO  client.GrpcClientProtocolClient (GrpcClientProtocolClient.java:onNext(255)) - client-535162E20057->7049f9e8-7de6-4c8c-bf4c-9bb5512f4299: receive RaftClientReply:client-535162E20057->7049f9e8-7de6-4c8c-bf4c-9bb5512f4299@group-3B5DE3AEDFC2, cid=2403, SUCCESS, logIndex=3580, commits[7049f9e8-7de6-4c8c-bf4c-9bb5512f4299:c3580, 13d9ac51-91bf-4c73-8824-2f58fc5b2747:c3576, 15cd3569-c751-4f18-b157-6804e7d0f08c:c3576]
2019-07-10 05:59:53,850 INFO  client.GrpcClientProtocolClient (GrpcClientProtocolClient.java:onNext(255)) - client-535162E20057->7049f9e8-7de6-4c8c-bf4c-9bb5512f4299: receive RaftClientReply:client-535162E20057->7049f9e8-7de6-4c8c-bf4c-9bb5512f4299@group-3B5DE3AEDFC2, cid=2404, SUCCESS, logIndex=0, commits[7049f9e8-7de6-4c8c-bf4c-9bb5512f4299:c3582, 13d9ac51-91bf-4c73-8824-2f58fc5b2747:c3580, 15cd3569-c751-4f18-b157-6804e7d0f08c:c3580]
2019-07-10 05:59:53,879 INFO  client.GrpcClientProtocolClient (GrpcClientProtocolClient.java:onNext(255)) - client-535162E20057->7049f9e8-7de6-4c8c-bf4c-9bb5512f4299: receive RaftClientReply:client-535162E20057->7049f9e8-7de6-4c8c-bf4c-9bb5512f4299@group-3B5DE3AEDFC2, cid=2405, SUCCESS, logIndex=3583, commits[7049f9e8-7de6-4c8c-bf4c-9bb5512f4299:c3585, 13d9ac51-91bf-4c73-8824-2f58fc5b2747:c3582, 15cd3569-c751-4f18-b157-6804e7d0f08c:c3582]
2019-07-10 05:59:53,880 INFO  client.GrpcClientProtocolClient (GrpcClientProtocolClient.java:onNext(255)) - client-535162E20057->7049f9e8-7de6-4c8c-bf4c-9bb5512f4299: receive RaftClientReply:client-535162E20057->7049f9e8-7de6-4c8c-bf4c-9bb5512f4299@group-3B5DE3AEDFC2, cid=2406, SUCCESS, logIndex=3584, commits[7049f9e8-7de6-4c8c-bf4c-9bb5512f4299:c3586, 13d9ac51-91bf-4c73-8824-2f58fc5b2747:c3582, 15cd3569-c751-4f18-b157-6804e7d0f08c:c3582]
2019-07-10 05:59:53,880 INFO  client.GrpcClientProtocolClient (GrpcClientProtocolClient.java:onNext(255)) - client-535162E20057->7049f9e8-7de6-4c8c-bf4c-9bb5512f4299: receive RaftClientReply:client-535162E20057->7049f9e8-7de6-4c8c-bf4c-9bb5512f4299@group-3B5DE3AEDFC2, cid=2407, SUCCESS, logIndex=3585, commits[7049f9e8-7de6-4c8c-bf4c-9bb5512f4299:c3586, 13d9ac51-91bf-4c73-8824-2f58fc5b2747:c3582, 15cd3569-c751-4f18-b157-6804e7d0f08c:c3582]
2019-07-10 05:59:53,881 INFO  client.GrpcClientProtocolClient (GrpcClientProtocolClient.java:onNext(255)) - client-535162E20057->7049f9e8-7de6-4c8c-bf4c-9bb5512f4299: receive RaftClientReply:client-535162E20057->7049f9e8-7de6-4c8c-bf4c-9bb5512f4299@group-3B5DE3AEDFC2, cid=2408, SUCCESS, logIndex=3586, commits[7049f9e8-7de6-4c8c-bf4c-9bb5512f4299:c3587, 13d9ac51-91bf-4c73-8824-2f58fc5b2747:c3582, 15cd3569-c751-4f18-b157-6804e7d0f08c:c3583]
2019-07-10 05:59:53,883 INFO  client.GrpcClientProtocolClient (GrpcClientProtocolClient.java:onNext(255)) - client-535162E20057->7049f9e8-7de6-4c8c-bf4c-9bb5512f4299: receive RaftClientReply:client-535162E20057->7049f9e8-7de6-4c8c-bf4c-9bb5512f4299@group-3B5DE3AEDFC2, cid=2409, SUCCESS, logIndex=0, commits[7049f9e8-7de6-4c8c-bf4c-9bb5512f4299:c3588, 13d9ac51-91bf-4c73-8824-2f58fc5b2747:c3584, 15cd3569-c751-4f18-b157-6804e7d0f08c:c3584]
2019-07-10 05:59:53,896 INFO  client.GrpcClientProtocolClient (GrpcClientProtocolClient.java:onNext(255)) - client-535162E20057->7049f9e8-7de6-4c8c-bf4c-9bb5512f4299: receive RaftClientReply:client-535162E20057->7049f9e8-7de6-4c8c-bf4c-9bb5512f4299@group-3B5DE3AEDFC2, cid=2410, SUCCESS, logIndex=3591, commits[7049f9e8-7de6-4c8c-bf4c-9bb5512f4299:c3592, 13d9ac51-91bf-4c73-8824-2f58fc5b2747:c3589, 15cd3569-c751-4f18-b157-6804e7d0f08c:c3586]
2019-07-10 05:59:53,896 INFO  client.GrpcClientProtocolClient (GrpcClientProtocolClient.java:onNext(255)) - client-535162E20057->7049f9e8-7de6-4c8c-bf4c-9bb5512f4299: receive RaftClientReply:client-535162E20057->7049f9e8-7de6-4c8c-bf4c-9bb5512f4299@group-3B5DE3AEDFC2, cid=2411, SUCCESS, logIndex=3592, commits[7049f9e8-7de6-4c8c-bf4c-9bb5512f4299:c3592, 13d9ac51-91bf-4c73-8824-2f58fc5b2747:c3589, 15cd3569-c751-4f18-b157-6804e7d0f08c:c3589]
2019-07-10 05:59:53,915 INFO  client.GrpcClientProtocolClient (GrpcClientProtocolClient.java:onNext(255)) - client-535162E20057->7049f9e8-7de6-4c8c-bf4c-9bb5512f4299: receive RaftClientReply:client-535162E20057->7049f9e8-7de6-4c8c-bf4c-9bb5512f4299@group-3B5DE3AEDFC2, cid=2412, SUCCESS, logIndex=3595, commits[7049f9e8-7de6-4c8c-bf4c-9bb5512f4299:c3596, 13d9ac51-91bf-4c73-8824-2f58fc5b2747:c3594, 15cd3569-c751-4f18-b157-6804e7d0f08c:c3594]
2019-07-10 05:59:53,915 INFO  client.GrpcClientProtocolClient (GrpcClientProtocolClient.java:onNext(255)) - client-535162E20057->7049f9e8-7de6-4c8c-bf4c-9bb5512f4299: receive RaftClientReply:client-535162E20057->7049f9e8-7de6-4c8c-bf4c-9bb5512f4299@group-3B5DE3AEDFC2, cid=2413, SUCCESS, logIndex=3596, commits[7049f9e8-7de6-4c8c-bf4c-9bb5512f4299:c3596, 13d9ac51-91bf-4c73-8824-2f58fc5b2747:c3594, 15cd3569-c751-4f18-b157-6804e7d0f08c:c3594]
2019-07-10 05:59:53,930 INFO  client.GrpcClientProtocolClient (GrpcClientProtocolClient.java:onNext(255)) - client-535162E20057->7049f9e8-7de6-4c8c-bf4c-9bb5512f4299: receive RaftClientReply:client-535162E20057->7049f9e8-7de6-4c8c-bf4c-9bb5512f4299@group-3B5DE3AEDFC2, cid=2414, SUCCESS, logIndex=0, commits[7049f9e8-7de6-4c8c-bf4c-9bb5512f4299:c3598, 13d9ac51-91bf-4c73-8824-2f58fc5b2747:c3596, 15cd3569-c751-4f18-b157-6804e7d0f08c:c3596]
2019-07-10 05:59:53,958 INFO  client.GrpcClientProtocolClient (GrpcClientProtocolClient.java:onNext(255)) - client-535162E20057->7049f9e8-7de6-4c8c-bf4c-9bb5512f4299: receive RaftClientReply:client-535162E20057->7049f9e8-7de6-4c8c-bf4c-9bb5512f4299@group-3B5DE3AEDFC2, cid=2415, SUCCESS, logIndex=3599, commits[7049f9e8-7de6-4c8c-bf4c-9bb5512f4299:c3600, 13d9ac51-91bf-4c73-8824-2f58fc5b2747:c3598, 15cd3569-c751-4f18-b157-6804e7d0f08c:c3598]
2019-07-10 05:59:53,959 INFO  client.GrpcClientProtocolClient (GrpcClientProtocolClient.java:onNext(255)) - client-535162E20057->7049f9e8-7de6-4c8c-bf4c-9bb5512f4299: receive RaftClientReply:client-535162E20057->7049f9e8-7de6-4c8c-bf4c-9bb5512f4299@group-3B5DE3AEDFC2, cid=2416, SUCCESS, logIndex=3600, commits[7049f9e8-7de6-4c8c-bf4c-9bb5512f4299:c3602, 13d9ac51-91bf-4c73-8824-2f58fc5b2747:c3598, 15cd3569-c751-4f18-b157-6804e7d0f08c:c3598]
2019-07-10 05:59:53,959 INFO  client.GrpcClientProtocolClient (GrpcClientProtocolClient.java:onNext(255)) - client-535162E20057->7049f9e8-7de6-4c8c-bf4c-9bb5512f4299: receive RaftClientReply:client-535162E20057->7049f9e8-7de6-4c8c-bf4c-9bb5512f4299@group-3B5DE3AEDFC2, cid=2417, SUCCESS, logIndex=3601, commits[7049f9e8-7de6-4c8c-bf4c-9bb5512f4299:c3602, 13d9ac51-91bf-4c73-8824-2f58fc5b2747:c3598, 15cd3569-c751-4f18-b157-6804e7d0f08c:c3598]
2019-07-10 05:59:53,959 INFO  client.GrpcClientProtocolClient (GrpcClientProtocolClient.java:onNext(255)) - client-535162E20057->7049f9e8-7de6-4c8c-bf4c-9bb5512f4299: receive RaftClientReply:client-535162E20057->7049f9e8-7de6-4c8c-bf4c-9bb5512f4299@group-3B5DE3AEDFC2, cid=2418, SUCCESS, logIndex=3602, commits[7049f9e8-7de6-4c8c-bf4c-9bb5512f4299:c3602, 13d9ac51-91bf-4c73-8824-2f58fc5b2747:c3598, 15cd3569-c751-4f18-b157-6804e7d0f08c:c3598]
2019-07-10 05:59:53,971 INFO  client.GrpcClientProtocolClient (GrpcClientProtocolClient.java:onNext(255)) - client-535162E20057->7049f9e8-7de6-4c8c-bf4c-9bb5512f4299: receive RaftClientReply:client-535162E20057->7049f9e8-7de6-4c8c-bf4c-9bb5512f4299@group-3B5DE3AEDFC2, cid=2419, SUCCESS, logIndex=0, commits[7049f9e8-7de6-4c8c-bf4c-9bb5512f4299:c3604, 13d9ac51-91bf-4c73-8824-2f58fc5b2747:c3600, 15cd3569-c751-4f18-b157-6804e7d0f08c:c3600]
2019-07-10 05:59:53,982 INFO  client.GrpcClientProtocolClient (GrpcClientProtocolClient.java:onNext(255)) - client-535162E20057->7049f9e8-7de6-4c8c-bf4c-9bb5512f4299: receive RaftClientReply:client-535162E20057->7049f9e8-7de6-4c8c-bf4c-9bb5512f4299@group-3B5DE3AEDFC2, cid=2420, SUCCESS, logIndex=3607, commits[7049f9e8-7de6-4c8c-bf4c-9bb5512f4299:c3608, 13d9ac51-91bf-4c73-8824-2f58fc5b2747:c3602, 15cd3569-c751-4f18-b157-6804e7d0f08c:c3606]
2019-07-10 05:59:53,983 INFO  client.GrpcClientProtocolClient (GrpcClientProtocolClient.java:onNext(255)) - client-535162E20057->7049f9e8-7de6-4c8c-bf4c-9bb5512f4299: receive RaftClientReply:client-535162E20057->7049f9e8-7de6-4c8c-bf4c-9bb5512f4299@group-3B5DE3AEDFC2, cid=2421, SUCCESS, logIndex=3608, commits[7049f9e8-7de6-4c8c-bf4c-9bb5512f4299:c3608, 13d9ac51-91bf-4c73-8824-2f58fc5b2747:c3602, 15cd3569-c751-4f18-b157-6804e7d0f08c:c3606]
2019-07-10 05:59:54,005 INFO  client.GrpcClientProtocolClient (GrpcClientProtocolClient.java:onNext(255)) - client-535162E20057->7049f9e8-7de6-4c8c-bf4c-9bb5512f4299: receive RaftClientReply:client-535162E20057->7049f9e8-7de6-4c8c-bf4c-9bb5512f4299@group-3B5DE3AEDFC2, cid=2422, SUCCESS, logIndex=3611, commits[7049f9e8-7de6-4c8c-bf4c-9bb5512f4299:c3612, 13d9ac51-91bf-4c73-8824-2f58fc5b2747:c3610, 15cd3569-c751-4f18-b157-6804e7d0f08c:c3610]
2019-07-10 05:59:54,005 INFO  client.GrpcClientProtocolClient (GrpcClientProtocolClient.java:onNext(255)) - client-535162E20057->7049f9e8-7de6-4c8c-bf4c-9bb5512f4299: receive RaftClientReply:client-535162E20057->7049f9e8-7de6-4c8c-bf4c-9bb5512f4299@group-3B5DE3AEDFC2, cid=2423, SUCCESS, logIndex=3612, commits[7049f9e8-7de6-4c8c-bf4c-9bb5512f4299:c3612, 13d9ac51-91bf-4c73-8824-2f58fc5b2747:c3610, 15cd3569-c751-4f18-b157-6804e7d0f08c:c3610]
2019-07-10 05:59:54,018 INFO  client.GrpcClientProtocolClient (GrpcClientProtocolClient.java:onNext(255)) - client-535162E20057->7049f9e8-7de6-4c8c-bf4c-9bb5512f4299: receive RaftClientReply:client-535162E20057->7049f9e8-7de6-4c8c-bf4c-9bb5512f4299@group-3B5DE3AEDFC2, cid=2424, SUCCESS, logIndex=0, commits[7049f9e8-7de6-4c8c-bf4c-9bb5512f4299:c3614, 13d9ac51-91bf-4c73-8824-2f58fc5b2747:c3612, 15cd3569-c751-4f18-b157-6804e7d0f08c:c3612]
2019-07-10 05:59:54,043 INFO  client.GrpcClientProtocolClient (GrpcClientProtocolClient.java:onNext(255)) - client-535162E20057->7049f9e8-7de6-4c8c-bf4c-9bb5512f4299: receive RaftClientReply:client-535162E20057->7049f9e8-7de6-4c8c-bf4c-9bb5512f4299@group-3B5DE3AEDFC2, cid=2425, SUCCESS, logIndex=3615, commits[7049f9e8-7de6-4c8c-bf4c-9bb5512f4299:c3616, 13d9ac51-91bf-4c73-8824-2f58fc5b2747:c3614, 15cd3569-c751-4f18-b157-6804e7d0f08c:c3614]
2019-07-10 05:59:54,044 INFO  client.GrpcClientProtocolClient (GrpcClientProtocolClient.java:onNext(255)) - client-535162E20057->7049f9e8-7de6-4c8c-bf4c-9bb5512f4299: receive RaftClientReply:client-535162E20057->7049f9e8-7de6-4c8c-bf4c-9bb5512f4299@group-3B5DE3AEDFC2, cid=2426, SUCCESS, logIndex=3616, commits[7049f9e8-7de6-4c8c-bf4c-9bb5512f4299:c3618, 13d9ac51-91bf-4c73-8824-2f58fc5b2747:c3614, 15cd3569-c751-4f18-b157-6804e7d0f08c:c3614]
2019-07-10 05:59:54,044 INFO  client.GrpcClientProtocolClient (GrpcClientProtocolClient.java:onNext(255)) - client-535162E20057->7049f9e8-7de6-4c8c-bf4c-9bb5512f4299: receive RaftClientReply:client-535162E20057->7049f9e8-7de6-4c8c-bf4c-9bb5512f4299@group-3B5DE3AEDFC2, cid=2427, SUCCESS, logIndex=3617, commits[7049f9e8-7de6-4c8c-bf4c-9bb5512f4299:c3618, 13d9ac51-91bf-4c73-8824-2f58fc5b2747:c3614, 15cd3569-c751-4f18-b157-6804e7d0f08c:c3614]
2019-07-10 05:59:54,045 INFO  client.GrpcClientProtocolClient (GrpcClientProtocolClient.java:onNext(255)) - client-535162E20057->7049f9e8-7de6-4c8c-bf4c-9bb5512f4299: receive RaftClientReply:client-535162E20057->7049f9e8-7de6-4c8c-bf4c-9bb5512f4299@group-3B5DE3AEDFC2, cid=2428, SUCCESS, logIndex=3618, commits[7049f9e8-7de6-4c8c-bf4c-9bb5512f4299:c3619, 13d9ac51-91bf-4c73-8824-2f58fc5b2747:c3615, 15cd3569-c751-4f18-b157-6804e7d0f08c:c3615]
2019-07-10 05:59:54,046 INFO  client.GrpcClientProtocolClient (GrpcClientProtocolClient.java:onNext(255)) - client-535162E20057->7049f9e8-7de6-4c8c-bf4c-9bb5512f4299: receive RaftClientReply:client-535162E20057->7049f9e8-7de6-4c8c-bf4c-9bb5512f4299@group-3B5DE3AEDFC2, cid=2429, SUCCESS, logIndex=0, commits[7049f9e8-7de6-4c8c-bf4c-9bb5512f4299:c3620, 13d9ac51-91bf-4c73-8824-2f58fc5b2747:c3616, 15cd3569-c751-4f18-b157-6804e7d0f08c:c3616]
2019-07-10 05:59:54,065 INFO  client.GrpcClientProtocolClient (GrpcClientProtocolClient.java:onNext(255)) - client-535162E20057->7049f9e8-7de6-4c8c-bf4c-9bb5512f4299: receive RaftClientReply:client-535162E20057->7049f9e8-7de6-4c8c-bf4c-9bb5512f4299@group-3B5DE3AEDFC2, cid=2430, SUCCESS, logIndex=3623, commits[7049f9e8-7de6-4c8c-bf4c-9bb5512f4299:c3624, 13d9ac51-91bf-4c73-8824-2f58fc5b2747:c3622, 15cd3569-c751-4f18-b157-6804e7d0f08c:c3622]
2019-07-10 05:59:54,066 INFO  client.GrpcClientProtocolClient (GrpcClientProtocolClient.java:onNext(255)) - client-535162E20057->7049f9e8-7de6-4c8c-bf4c-9bb5512f4299: receive RaftClientReply:client-535162E20057->7049f9e8-7de6-4c8c-bf4c-9bb5512f4299@group-3B5DE3AEDFC2, cid=2431, SUCCESS, logIndex=3624, commits[7049f9e8-7de6-4c8c-bf4c-9bb5512f4299:c3624, 13d9ac51-91bf-4c73-8824-2f58fc5b2747:c3622, 15cd3569-c751-4f18-b157-6804e7d0f08c:c3622]
2019-07-10 05:59:54,080 INFO  client.GrpcClientProtocolClient (GrpcClientProtocolClient.java:onNext(255)) - client-535162E20057->7049f9e8-7de6-4c8c-bf4c-9bb5512f4299: receive RaftClientReply:client-535162E20057->7049f9e8-7de6-4c8c-bf4c-9bb5512f4299@group-3B5DE3AEDFC2, cid=2432, SUCCESS, logIndex=3627, commits[7049f9e8-7de6-4c8c-bf4c-9bb5512f4299:c3628, 13d9ac51-91bf-4c73-8824-2f58fc5b2747:c3624, 15cd3569-c751-4f18-b157-6804e7d0f08c:c3624]
2019-07-10 05:59:54,081 INFO  client.GrpcClientProtocolClient (GrpcClientProtocolClient.java:onNext(255)) - client-535162E20057->7049f9e8-7de6-4c8c-bf4c-9bb5512f4299: receive RaftClientReply:client-535162E20057->7049f9e8-7de6-4c8c-bf4c-9bb5512f4299@group-3B5DE3AEDFC2, cid=2433, SUCCESS, logIndex=3628, commits[7049f9e8-7de6-4c8c-bf4c-9bb5512f4299:c3628, 13d9ac51-91bf-4c73-8824-2f58fc5b2747:c3624, 15cd3569-c751-4f18-b157-6804e7d0f08c:c3624]
2019-07-10 05:59:54,094 INFO  client.GrpcClientProtocolClient (GrpcClientProtocolClient.java:onNext(255)) - client-535162E20057->7049f9e8-7de6-4c8c-bf4c-9bb5512f4299: receive RaftClientReply:client-535162E20057->7049f9e8-7de6-4c8c-bf4c-9bb5512f4299@group-3B5DE3AEDFC2, cid=2434, SUCCESS, logIndex=0, commits[7049f9e8-7de6-4c8c-bf4c-9bb5512f4299:c3630, 13d9ac51-91bf-4c73-8824-2f58fc5b2747:c3628, 15cd3569-c751-4f18-b157-6804e7d0f08c:c3628]
2019-07-10 05:59:54,122 INFO  client.GrpcClientProtocolClient (GrpcClientProtocolClient.java:onNext(255)) - client-535162E20057->7049f9e8-7de6-4c8c-bf4c-9bb5512f4299: receive RaftClientReply:client-535162E20057->7049f9e8-7de6-4c8c-bf4c-9bb5512f4299@group-3B5DE3AEDFC2, cid=2435, SUCCESS, logIndex=3631, commits[7049f9e8-7de6-4c8c-bf4c-9bb5512f4299:c3633, 13d9ac51-91bf-4c73-8824-2f58fc5b2747:c3630, 15cd3569-c751-4f18-b157-6804e7d0f08c:c3628]
2019-07-10 05:59:54,123 INFO  client.GrpcClientProtocolClient (GrpcClientProtocolClient.java:onNext(255)) - client-535162E20057->7049f9e8-7de6-4c8c-bf4c-9bb5512f4299: receive RaftClientReply:client-535162E20057->7049f9e8-7de6-4c8c-bf4c-9bb5512f4299@group-3B5DE3AEDFC2, cid=2436, SUCCESS, logIndex=3632, commits[7049f9e8-7de6-4c8c-bf4c-9bb5512f4299:c3634, 13d9ac51-91bf-4c73-8824-2f58fc5b2747:c3630, 15cd3569-c751-4f18-b157-6804e7d0f08c:c3630]
2019-07-10 05:59:54,123 INFO  client.GrpcClientProtocolClient (GrpcClientProtocolClient.java:onNext(255)) - client-535162E20057->7049f9e8-7de6-4c8c-bf4c-9bb5512f4299: receive RaftClientReply:client-535162E20057->7049f9e8-7de6-4c8c-bf4c-9bb5512f4299@group-3B5DE3AEDFC2, cid=2437, SUCCESS, logIndex=3633, commits[7049f9e8-7de6-4c8c-bf4c-9bb5512f4299:c3634, 13d9ac51-91bf-4c73-8824-2f58fc5b2747:c3630, 15cd3569-c751-4f18-b157-6804e7d0f08c:c3630]
2019-07-10 05:59:54,124 INFO  client.GrpcClientProtocolClient (GrpcClientProtocolClient.java:onNext(255)) - client-535162E20057->7049f9e8-7de6-4c8c-bf4c-9bb5512f4299: receive RaftClientReply:client-535162E20057->7049f9e8-7de6-4c8c-bf4c-9bb5512f4299@group-3B5DE3AEDFC2, cid=2438, SUCCESS, logIndex=3634, commits[7049f9e8-7de6-4c8c-bf4c-9bb5512f4299:c3634, 13d9ac51-91bf-4c73-8824-2f58fc5b2747:c3630, 15cd3569-c751-4f18-b157-6804e7d0f08c:c3630]
2019-07-10 05:59:54,133 INFO  client.GrpcClientProtocolClient (GrpcClientProtocolClient.java:onNext(255)) - client-535162E20057->7049f9e8-7de6-4c8c-bf4c-9bb5512f4299: receive RaftClientReply:client-535162E20057->7049f9e8-7de6-4c8c-bf4c-9bb5512f4299@group-3B5DE3AEDFC2, cid=2439, SUCCESS, logIndex=0, commits[7049f9e8-7de6-4c8c-bf4c-9bb5512f4299:c3635, 13d9ac51-91bf-4c73-8824-2f58fc5b2747:c3632, 15cd3569-c751-4f18-b157-6804e7d0f08c:c3632]
2019-07-10 05:59:54,167 INFO  client.GrpcClientProtocolClient (GrpcClientProtocolClient.java:onNext(255)) - client-535162E20057->7049f9e8-7de6-4c8c-bf4c-9bb5512f4299: receive RaftClientReply:client-535162E20057->7049f9e8-7de6-4c8c-bf4c-9bb5512f4299@group-3B5DE3AEDFC2, cid=2440, SUCCESS, logIndex=3639, commits[7049f9e8-7de6-4c8c-bf4c-9bb5512f4299:c3640, 13d9ac51-91bf-4c73-8824-2f58fc5b2747:c3638, 15cd3569-c751-4f18-b157-6804e7d0f08c:c3638]
2019-07-10 05:59:54,168 INFO  client.GrpcClientProtocolClient (GrpcClientProtocolClient.java:onNext(255)) - client-535162E20057->7049f9e8-7de6-4c8c-bf4c-9bb5512f4299: receive RaftClientReply:client-535162E20057->7049f9e8-7de6-4c8c-bf4c-9bb5512f4299@group-3B5DE3AEDFC2, cid=2441, SUCCESS, logIndex=3640, commits[7049f9e8-7de6-4c8c-bf4c-9bb5512f4299:c3640, 13d9ac51-91bf-4c73-8824-2f58fc5b2747:c3638, 15cd3569-c751-4f18-b157-6804e7d0f08c:c3638]
2019-07-10 05:59:54,183 INFO  client.GrpcClientProtocolClient (GrpcClientProtocolClient.java:onNext(255)) - client-535162E20057->7049f9e8-7de6-4c8c-bf4c-9bb5512f4299: receive RaftClientReply:client-535162E20057->7049f9e8-7de6-4c8c-bf4c-9bb5512f4299@group-3B5DE3AEDFC2, cid=2442, SUCCESS, logIndex=3643, commits[7049f9e8-7de6-4c8c-bf4c-9bb5512f4299:c3644, 13d9ac51-91bf-4c73-8824-2f58fc5b2747:c3640, 15cd3569-c751-4f18-b157-6804e7d0f08c:c3640]
2019-07-10 05:59:54,183 INFO  client.GrpcClientProtocolClient (GrpcClientProtocolClient.java:onNext(255)) - client-535162E20057->7049f9e8-7de6-4c8c-bf4c-9bb5512f4299: receive RaftClientReply:client-535162E20057->7049f9e8-7de6-4c8c-bf4c-9bb5512f4299@group-3B5DE3AEDFC2, cid=2443, SUCCESS, logIndex=3644, commits[7049f9e8-7de6-4c8c-bf4c-9bb5512f4299:c3644, 13d9ac51-91bf-4c73-8824-2f58fc5b2747:c3640, 15cd3569-c751-4f18-b157-6804e7d0f08c:c3640]
2019-07-10 05:59:54,186 INFO  client.GrpcClientProtocolClient (GrpcClientProtocolClient.java:onNext(255)) - client-535162E20057->7049f9e8-7de6-4c8c-bf4c-9bb5512f4299: receive RaftClientReply:client-535162E20057->7049f9e8-7de6-4c8c-bf4c-9bb5512f4299@group-3B5DE3AEDFC2, cid=2444, SUCCESS, logIndex=0, commits[7049f9e8-7de6-4c8c-bf4c-9bb5512f4299:c3646, 13d9ac51-91bf-4c73-8824-2f58fc5b2747:c3644, 15cd3569-c751-4f18-b157-6804e7d0f08c:c3644]
2019-07-10 05:59:54,214 INFO  client.GrpcClientProtocolClient (GrpcClientProtocolClient.java:onNext(255)) - client-535162E20057->7049f9e8-7de6-4c8c-bf4c-9bb5512f4299: receive RaftClientReply:client-535162E20057->7049f9e8-7de6-4c8c-bf4c-9bb5512f4299@group-3B5DE3AEDFC2, cid=2445, SUCCESS, logIndex=3647, commits[7049f9e8-7de6-4c8c-bf4c-9bb5512f4299:c3648, 13d9ac51-91bf-4c73-8824-2f58fc5b2747:c3644, 15cd3569-c751-4f18-b157-6804e7d0f08c:c3646]
2019-07-10 05:59:54,215 INFO  client.GrpcClientProtocolClient (GrpcClientProtocolClient.java:onNext(255)) - client-535162E20057->7049f9e8-7de6-4c8c-bf4c-9bb5512f4299: receive RaftClientReply:client-535162E20057->7049f9e8-7de6-4c8c-bf4c-9bb5512f4299@group-3B5DE3AEDFC2, cid=2446, SUCCESS, logIndex=3648, commits[7049f9e8-7de6-4c8c-bf4c-9bb5512f4299:c3648, 13d9ac51-91bf-4c73-8824-2f58fc5b2747:c3644, 15cd3569-c751-4f18-b157-6804e7d0f08c:c3646]
2019-07-10 05:59:54,217 INFO  client.GrpcClientProtocolClient (GrpcClientProtocolClient.java:onNext(255)) - client-535162E20057->7049f9e8-7de6-4c8c-bf4c-9bb5512f4299: receive RaftClientReply:client-535162E20057->7049f9e8-7de6-4c8c-bf4c-9bb5512f4299@group-3B5DE3AEDFC2, cid=2447, SUCCESS, logIndex=3649, commits[7049f9e8-7de6-4c8c-bf4c-9bb5512f4299:c3650, 13d9ac51-91bf-4c73-8824-2f58fc5b2747:c3644, 15cd3569-c751-4f18-b157-6804e7d0f08c:c3648]
2019-07-10 05:59:54,218 INFO  client.GrpcClientProtocolClient (GrpcClientProtocolClient.java:onNext(255)) - client-535162E20057->7049f9e8-7de6-4c8c-bf4c-9bb5512f4299: receive RaftClientReply:client-535162E20057->7049f9e8-7de6-4c8c-bf4c-9bb5512f4299@group-3B5DE3AEDFC2, cid=2448, SUCCESS, logIndex=3650, commits[7049f9e8-7de6-4c8c-bf4c-9bb5512f4299:c3651, 13d9ac51-91bf-4c73-8824-2f58fc5b2747:c3646, 15cd3569-c751-4f18-b157-6804e7d0f08c:c3648]
2019-07-10 05:59:54,219 INFO  client.GrpcClientProtocolClient (GrpcClientProtocolClient.java:onNext(255)) - client-535162E20057->7049f9e8-7de6-4c8c-bf4c-9bb5512f4299: receive RaftClientReply:client-535162E20057->7049f9e8-7de6-4c8c-bf4c-9bb5512f4299@group-3B5DE3AEDFC2, cid=2449, SUCCESS, logIndex=0, commits[7049f9e8-7de6-4c8c-bf4c-9bb5512f4299:c3653, 13d9ac51-91bf-4c73-8824-2f58fc5b2747:c3648, 15cd3569-c751-4f18-b157-6804e7d0f08c:c3649]
2019-07-10 05:59:54,234 INFO  client.GrpcClientProtocolClient (GrpcClientProtocolClient.java:onNext(255)) - client-535162E20057->7049f9e8-7de6-4c8c-bf4c-9bb5512f4299: receive RaftClientReply:client-535162E20057->7049f9e8-7de6-4c8c-bf4c-9bb5512f4299@group-3B5DE3AEDFC2, cid=2450, SUCCESS, logIndex=3655, commits[7049f9e8-7de6-4c8c-bf4c-9bb5512f4299:c3656, 13d9ac51-91bf-4c73-8824-2f58fc5b2747:c3654, 15cd3569-c751-4f18-b157-6804e7d0f08c:c3654]
2019-07-10 05:59:54,234 INFO  client.GrpcClientProtocolClient (GrpcClientProtocolClient.java:onNext(255)) - client-535162E20057->7049f9e8-7de6-4c8c-bf4c-9bb5512f4299: receive RaftClientReply:client-535162E20057->7049f9e8-7de6-4c8c-bf4c-9bb5512f4299@group-3B5DE3AEDFC2, cid=2451, SUCCESS, logIndex=3656, commits[7049f9e8-7de6-4c8c-bf4c-9bb5512f4299:c3656, 13d9ac51-91bf-4c73-8824-2f58fc5b2747:c3654, 15cd3569-c751-4f18-b157-6804e7d0f08c:c3654]
2019-07-10 05:59:54,258 INFO  client.GrpcClientProtocolClient (GrpcClientProtocolClient.java:onNext(255)) - client-535162E20057->7049f9e8-7de6-4c8c-bf4c-9bb5512f4299: receive RaftClientReply:client-535162E20057->7049f9e8-7de6-4c8c-bf4c-9bb5512f4299@group-3B5DE3AEDFC2, cid=2452, SUCCESS, logIndex=3659, commits[7049f9e8-7de6-4c8c-bf4c-9bb5512f4299:c3660, 13d9ac51-91bf-4c73-8824-2f58fc5b2747:c3658, 15cd3569-c751-4f18-b157-6804e7d0f08c:c3658]
2019-07-10 05:59:54,258 INFO  client.GrpcClientProtocolClient (GrpcClientProtocolClient.java:onNext(255)) - client-535162E20057->7049f9e8-7de6-4c8c-bf4c-9bb5512f4299: receive RaftClientReply:client-535162E20057->7049f9e8-7de6-4c8c-bf4c-9bb5512f4299@group-3B5DE3AEDFC2, cid=2453, SUCCESS, logIndex=3660, commits[7049f9e8-7de6-4c8c-bf4c-9bb5512f4299:c3660, 13d9ac51-91bf-4c73-8824-2f58fc5b2747:c3658, 15cd3569-c751-4f18-b157-6804e7d0f08c:c3658]
2019-07-10 05:59:54,274 INFO  client.GrpcClientProtocolClient (GrpcClientProtocolClient.java:onNext(255)) - client-535162E20057->7049f9e8-7de6-4c8c-bf4c-9bb5512f4299: receive RaftClientReply:client-535162E20057->7049f9e8-7de6-4c8c-bf4c-9bb5512f4299@group-3B5DE3AEDFC2, cid=2454, SUCCESS, logIndex=0, commits[7049f9e8-7de6-4c8c-bf4c-9bb5512f4299:c3662, 13d9ac51-91bf-4c73-8824-2f58fc5b2747:c3660, 15cd3569-c751-4f18-b157-6804e7d0f08c:c3660]
2019-07-10 05:59:54,306 INFO  client.GrpcClientProtocolClient (GrpcClientProtocolClient.java:onNext(255)) - client-535162E20057->7049f9e8-7de6-4c8c-bf4c-9bb5512f4299: receive RaftClientReply:client-535162E20057->7049f9e8-7de6-4c8c-bf4c-9bb5512f4299@group-3B5DE3AEDFC2, cid=2455, SUCCESS, logIndex=3663, commits[7049f9e8-7de6-4c8c-bf4c-9bb5512f4299:c3664, 13d9ac51-91bf-4c73-8824-2f58fc5b2747:c3662, 15cd3569-c751-4f18-b157-6804e7d0f08c:c3662]
2019-07-10 05:59:54,307 INFO  client.GrpcClientProtocolClient (GrpcClientProtocolClient.java:onNext(255)) - client-535162E20057->7049f9e8-7de6-4c8c-bf4c-9bb5512f4299: receive RaftClientReply:client-535162E20057->7049f9e8-7de6-4c8c-bf4c-9bb5512f4299@group-3B5DE3AEDFC2, cid=2456, SUCCESS, logIndex=3664, commits[7049f9e8-7de6-4c8c-bf4c-9bb5512f4299:c3665, 13d9ac51-91bf-4c73-8824-2f58fc5b2747:c3662, 15cd3569-c751-4f18-b157-6804e7d0f08c:c3662]
2019-07-10 05:59:54,307 INFO  client.GrpcClientProtocolClient (GrpcClientProtocolClient.java:onNext(255)) - client-535162E20057->7049f9e8-7de6-4c8c-bf4c-9bb5512f4299: receive RaftClientReply:client-535162E20057->7049f9e8-7de6-4c8c-bf4c-9bb5512f4299@group-3B5DE3AEDFC2, cid=2457, SUCCESS, logIndex=3665, commits[7049f9e8-7de6-4c8c-bf4c-9bb5512f4299:c3666, 13d9ac51-91bf-4c73-8824-2f58fc5b2747:c3662, 15cd3569-c751-4f18-b157-6804e7d0f08c:c3662]
2019-07-10 05:59:54,307 INFO  client.GrpcClientProtocolClient (GrpcClientProtocolClient.java:onNext(255)) - client-535162E20057->7049f9e8-7de6-4c8c-bf4c-9bb5512f4299: receive RaftClientReply:client-535162E20057->7049f9e8-7de6-4c8c-bf4c-9bb5512f4299@group-3B5DE3AEDFC2, cid=2458, SUCCESS, logIndex=3666, commits[7049f9e8-7de6-4c8c-bf4c-9bb5512f4299:c3666, 13d9ac51-91bf-4c73-8824-2f58fc5b2747:c3662, 15cd3569-c751-4f18-b157-6804e7d0f08c:c3662]
2019-07-10 05:59:54,321 INFO  client.GrpcClientProtocolClient (GrpcClientProtocolClient.java:onNext(255)) - client-535162E20057->7049f9e8-7de6-4c8c-bf4c-9bb5512f4299: receive RaftClientReply:client-535162E20057->7049f9e8-7de6-4c8c-bf4c-9bb5512f4299@group-3B5DE3AEDFC2, cid=2459, SUCCESS, logIndex=0, commits[7049f9e8-7de6-4c8c-bf4c-9bb5512f4299:c3668, 13d9ac51-91bf-4c73-8824-2f58fc5b2747:c3664, 15cd3569-c751-4f18-b157-6804e7d0f08c:c3664]
2019-07-10 05:59:54,344 INFO  client.GrpcClientProtocolClient (GrpcClientProtocolClient.java:onNext(255)) - client-535162E20057->7049f9e8-7de6-4c8c-bf4c-9bb5512f4299: receive RaftClientReply:client-535162E20057->7049f9e8-7de6-4c8c-bf4c-9bb5512f4299@group-3B5DE3AEDFC2, cid=2460, SUCCESS, logIndex=3671, commits[7049f9e8-7de6-4c8c-bf4c-9bb5512f4299:c3672, 13d9ac51-91bf-4c73-8824-2f58fc5b2747:c3670, 15cd3569-c751-4f18-b157-6804e7d0f08c:c3670]
2019-07-10 05:59:54,345 INFO  client.GrpcClientProtocolClient (GrpcClientProtocolClient.java:onNext(255)) - client-535162E20057->7049f9e8-7de6-4c8c-bf4c-9bb5512f4299: receive RaftClientReply:client-535162E20057->7049f9e8-7de6-4c8c-bf4c-9bb5512f4299@group-3B5DE3AEDFC2, cid=2461, SUCCESS, logIndex=3672, commits[7049f9e8-7de6-4c8c-bf4c-9bb5512f4299:c3672, 13d9ac51-91bf-4c73-8824-2f58fc5b2747:c3670, 15cd3569-c751-4f18-b157-6804e7d0f08c:c3670]
2019-07-10 05:59:54,359 INFO  client.GrpcClientProtocolClient (GrpcClientProtocolClient.java:onNext(255)) - client-535162E20057->7049f9e8-7de6-4c8c-bf4c-9bb5512f4299: receive RaftClientReply:client-535162E20057->7049f9e8-7de6-4c8c-bf4c-9bb5512f4299@group-3B5DE3AEDFC2, cid=2462, SUCCESS, logIndex=3675, commits[7049f9e8-7de6-4c8c-bf4c-9bb5512f4299:c3675, 13d9ac51-91bf-4c73-8824-2f58fc5b2747:c3672, 15cd3569-c751-4f18-b157-6804e7d0f08c:c3672]
2019-07-10 05:59:54,360 INFO  client.GrpcClientProtocolClient (GrpcClientProtocolClient.java:onNext(255)) - client-535162E20057->7049f9e8-7de6-4c8c-bf4c-9bb5512f4299: receive RaftClientReply:client-535162E20057->7049f9e8-7de6-4c8c-bf4c-9bb5512f4299@group-3B5DE3AEDFC2, cid=2463, SUCCESS, logIndex=3676, commits[7049f9e8-7de6-4c8c-bf4c-9bb5512f4299:c3676, 13d9ac51-91bf-4c73-8824-2f58fc5b2747:c3672, 15cd3569-c751-4f18-b157-6804e7d0f08c:c3672]
2019-07-10 05:59:54,373 INFO  client.GrpcClientProtocolClient (GrpcClientProtocolClient.java:onNext(255)) - client-535162E20057->7049f9e8-7de6-4c8c-bf4c-9bb5512f4299: receive RaftClientReply:client-535162E20057->7049f9e8-7de6-4c8c-bf4c-9bb5512f4299@group-3B5DE3AEDFC2, cid=2464, SUCCESS, logIndex=0, commits[7049f9e8-7de6-4c8c-bf4c-9bb5512f4299:c3678, 13d9ac51-91bf-4c73-8824-2f58fc5b2747:c3676, 15cd3569-c751-4f18-b157-6804e7d0f08c:c3676]
2019-07-10 05:59:54,403 INFO  client.GrpcClientProtocolClient (GrpcClientProtocolClient.java:onNext(255)) - client-535162E20057->7049f9e8-7de6-4c8c-bf4c-9bb5512f4299: receive RaftClientReply:client-535162E20057->7049f9e8-7de6-4c8c-bf4c-9bb5512f4299@group-3B5DE3AEDFC2, cid=2465, SUCCESS, logIndex=3679, commits[7049f9e8-7de6-4c8c-bf4c-9bb5512f4299:c3682, 13d9ac51-91bf-4c73-8824-2f58fc5b2747:c3678, 15cd3569-c751-4f18-b157-6804e7d0f08c:c3678]
2019-07-10 05:59:54,404 INFO  client.GrpcClientProtocolClient (GrpcClientProtocolClient.java:onNext(255)) - client-535162E20057->7049f9e8-7de6-4c8c-bf4c-9bb5512f4299: receive RaftClientReply:client-535162E20057->7049f9e8-7de6-4c8c-bf4c-9bb5512f4299@group-3B5DE3AEDFC2, cid=2466, SUCCESS, logIndex=3680, commits[7049f9e8-7de6-4c8c-bf4c-9bb5512f4299:c3682, 13d9ac51-91bf-4c73-8824-2f58fc5b2747:c3678, 15cd3569-c751-4f18-b157-6804e7d0f08c:c3678]
2019-07-10 05:59:54,404 INFO  client.GrpcClientProtocolClient (GrpcClientProtocolClient.java:onNext(255)) - client-535162E20057->7049f9e8-7de6-4c8c-bf4c-9bb5512f4299: receive RaftClientReply:client-535162E20057->7049f9e8-7de6-4c8c-bf4c-9bb5512f4299@group-3B5DE3AEDFC2, cid=2467, SUCCESS, logIndex=3681, commits[7049f9e8-7de6-4c8c-bf4c-9bb5512f4299:c3683, 13d9ac51-91bf-4c73-8824-2f58fc5b2747:c3679, 15cd3569-c751-4f18-b157-6804e7d0f08c:c3679]
2019-07-10 05:59:54,404 INFO  client.GrpcClientProtocolClient (GrpcClientProtocolClient.java:onNext(255)) - client-535162E20057->7049f9e8-7de6-4c8c-bf4c-9bb5512f4299: receive RaftClientReply:client-535162E20057->7049f9e8-7de6-4c8c-bf4c-9bb5512f4299@group-3B5DE3AEDFC2, cid=2468, SUCCESS, logIndex=3682, commits[7049f9e8-7de6-4c8c-bf4c-9bb5512f4299:c3683, 13d9ac51-91bf-4c73-8824-2f58fc5b2747:c3679, 15cd3569-c751-4f18-b157-6804e7d0f08c:c3679]
2019-07-10 05:59:54,406 INFO  client.GrpcClientProtocolClient (GrpcClientProtocolClient.java:onNext(255)) - client-535162E20057->7049f9e8-7de6-4c8c-bf4c-9bb5512f4299: receive RaftClientReply:client-535162E20057->7049f9e8-7de6-4c8c-bf4c-9bb5512f4299@group-3B5DE3AEDFC2, cid=2469, SUCCESS, logIndex=0, commits[7049f9e8-7de6-4c8c-bf4c-9bb5512f4299:c3685, 13d9ac51-91bf-4c73-8824-2f58fc5b2747:c3681, 15cd3569-c751-4f18-b157-6804e7d0f08c:c3680]
2019-07-10 05:59:54,426 INFO  client.GrpcClientProtocolClient (GrpcClientProtocolClient.java:onNext(255)) - client-535162E20057->7049f9e8-7de6-4c8c-bf4c-9bb5512f4299: receive RaftClientReply:client-535162E20057->7049f9e8-7de6-4c8c-bf4c-9bb5512f4299@group-3B5DE3AEDFC2, cid=2470, SUCCESS, logIndex=3687, commits[7049f9e8-7de6-4c8c-bf4c-9bb5512f4299:c3688, 13d9ac51-91bf-4c73-8824-2f58fc5b2747:c3686, 15cd3569-c751-4f18-b157-6804e7d0f08c:c3686]
2019-07-10 05:59:54,426 INFO  client.GrpcClientProtocolClient (GrpcClientProtocolClient.java:onNext(255)) - client-535162E20057->7049f9e8-7de6-4c8c-bf4c-9bb5512f4299: receive RaftClientReply:client-535162E20057->7049f9e8-7de6-4c8c-bf4c-9bb5512f4299@group-3B5DE3AEDFC2, cid=2471, SUCCESS, logIndex=3688, commits[7049f9e8-7de6-4c8c-bf4c-9bb5512f4299:c3688, 13d9ac51-91bf-4c73-8824-2f58fc5b2747:c3686, 15cd3569-c751-4f18-b157-6804e7d0f08c:c3686]
 0.00% |█                                                                                                    |  0/1 Time: 0:00:192019-07-10 05:59:54,550 INFO  client.GrpcClientProtocolClient (GrpcClientProtocolClient.java:onNext(255)) - client-535162E20057->7049f9e8-7de6-4c8c-bf4c-9bb5512f4299: receive RaftClientReply:client-535162E20057->7049f9e8-7de6-4c8c-bf4c-9bb5512f4299@group-3B5DE3AEDFC2, cid=2472, SUCCESS, logIndex=3691, commits[7049f9e8-7de6-4c8c-bf4c-9bb5512f4299:c3692, 13d9ac51-91bf-4c73-8824-2f58fc5b2747:c3689, 15cd3569-c751-4f18-b157-6804e7d0f08c:c3689]
2019-07-10 05:59:54,550 INFO  client.GrpcClientProtocolClient (GrpcClientProtocolClient.java:onNext(255)) - client-535162E20057->7049f9e8-7de6-4c8c-bf4c-9bb5512f4299: receive RaftClientReply:client-535162E20057->7049f9e8-7de6-4c8c-bf4c-9bb5512f4299@group-3B5DE3AEDFC2, cid=2473, SUCCESS, logIndex=3692, commits[7049f9e8-7de6-4c8c-bf4c-9bb5512f4299:c3692, 13d9ac51-91bf-4c73-8824-2f58fc5b2747:c3689, 15cd3569-c751-4f18-b157-6804e7d0f08c:c3689]
2019-07-10 05:59:54,568 INFO  client.GrpcClientProtocolClient (GrpcClientProtocolClient.java:onNext(255)) - client-535162E20057->7049f9e8-7de6-4c8c-bf4c-9bb5512f4299: receive RaftClientReply:client-535162E20057->7049f9e8-7de6-4c8c-bf4c-9bb5512f4299@group-3B5DE3AEDFC2, cid=2474, SUCCESS, logIndex=0, commits[7049f9e8-7de6-4c8c-bf4c-9bb5512f4299:c3694, 13d9ac51-91bf-4c73-8824-2f58fc5b2747:c3692, 15cd3569-c751-4f18-b157-6804e7d0f08c:c3692]
2019-07-10 05:59:54,597 INFO  client.GrpcClientProtocolClient (GrpcClientProtocolClient.java:onNext(255)) - client-535162E20057->7049f9e8-7de6-4c8c-bf4c-9bb5512f4299: receive RaftClientReply:client-535162E20057->7049f9e8-7de6-4c8c-bf4c-9bb5512f4299@group-3B5DE3AEDFC2, cid=2475, SUCCESS, logIndex=3695, commits[7049f9e8-7de6-4c8c-bf4c-9bb5512f4299:c3696, 13d9ac51-91bf-4c73-8824-2f58fc5b2747:c3694, 15cd3569-c751-4f18-b157-6804e7d0f08c:c3694]
2019-07-10 05:59:54,598 INFO  client.GrpcClientProtocolClient (GrpcClientProtocolClient.java:onNext(255)) - client-535162E20057->7049f9e8-7de6-4c8c-bf4c-9bb5512f4299: receive RaftClientReply:client-535162E20057->7049f9e8-7de6-4c8c-bf4c-9bb5512f4299@group-3B5DE3AEDFC2, cid=2476, SUCCESS, logIndex=3696, commits[7049f9e8-7de6-4c8c-bf4c-9bb5512f4299:c3698, 13d9ac51-91bf-4c73-8824-2f58fc5b2747:c3694, 15cd3569-c751-4f18-b157-6804e7d0f08c:c3694]
2019-07-10 05:59:54,598 INFO  client.GrpcClientProtocolClient (GrpcClientProtocolClient.java:onNext(255)) - client-535162E20057->7049f9e8-7de6-4c8c-bf4c-9bb5512f4299: receive RaftClientReply:client-535162E20057->7049f9e8-7de6-4c8c-bf4c-9bb5512f4299@group-3B5DE3AEDFC2, cid=2477, SUCCESS, logIndex=3697, commits[7049f9e8-7de6-4c8c-bf4c-9bb5512f4299:c3698, 13d9ac51-91bf-4c73-8824-2f58fc5b2747:c3694, 15cd3569-c751-4f18-b157-6804e7d0f08c:c3694]
2019-07-10 05:59:54,598 INFO  client.GrpcClientProtocolClient (GrpcClientProtocolClient.java:onNext(255)) - client-535162E20057->7049f9e8-7de6-4c8c-bf4c-9bb5512f4299: receive RaftClientReply:client-535162E20057->7049f9e8-7de6-4c8c-bf4c-9bb5512f4299@group-3B5DE3AEDFC2, cid=2478, SUCCESS, logIndex=3698, commits[7049f9e8-7de6-4c8c-bf4c-9bb5512f4299:c3698, 13d9ac51-91bf-4c73-8824-2f58fc5b2747:c3694, 15cd3569-c751-4f18-b157-6804e7d0f08c:c3694]
2019-07-10 05:59:54,612 INFO  client.GrpcClientProtocolClient (GrpcClientProtocolClient.java:onNext(255)) - client-535162E20057->7049f9e8-7de6-4c8c-bf4c-9bb5512f4299: receive RaftClientReply:client-535162E20057->7049f9e8-7de6-4c8c-bf4c-9bb5512f4299@group-3B5DE3AEDFC2, cid=2479, SUCCESS, logIndex=0, commits[7049f9e8-7de6-4c8c-bf4c-9bb5512f4299:c3700, 13d9ac51-91bf-4c73-8824-2f58fc5b2747:c3696, 15cd3569-c751-4f18-b157-6804e7d0f08c:c3696]
2019-07-10 05:59:54,630 INFO  client.GrpcClientProtocolClient (GrpcClientProtocolClient.java:onNext(255)) - client-535162E20057->7049f9e8-7de6-4c8c-bf4c-9bb5512f4299: receive RaftClientReply:client-535162E20057->7049f9e8-7de6-4c8c-bf4c-9bb5512f4299@group-3B5DE3AEDFC2, cid=2480, SUCCESS, logIndex=3702, commits[7049f9e8-7de6-4c8c-bf4c-9bb5512f4299:c3703, 13d9ac51-91bf-4c73-8824-2f58fc5b2747:c3701, 15cd3569-c751-4f18-b157-6804e7d0f08c:c3701]
2019-07-10 05:59:54,630 INFO  client.GrpcClientProtocolClient (GrpcClientProtocolClient.java:onNext(255)) - client-535162E20057->7049f9e8-7de6-4c8c-bf4c-9bb5512f4299: receive RaftClientReply:client-535162E20057->7049f9e8-7de6-4c8c-bf4c-9bb5512f4299@group-3B5DE3AEDFC2, cid=2481, SUCCESS, logIndex=3703, commits[7049f9e8-7de6-4c8c-bf4c-9bb5512f4299:c3703, 13d9ac51-91bf-4c73-8824-2f58fc5b2747:c3701, 15cd3569-c751-4f18-b157-6804e7d0f08c:c3701]
2019-07-10 05:59:54,645 INFO  client.GrpcClientProtocolClient (GrpcClientProtocolClient.java:onNext(255)) - client-535162E20057->7049f9e8-7de6-4c8c-bf4c-9bb5512f4299: receive RaftClientReply:client-535162E20057->7049f9e8-7de6-4c8c-bf4c-9bb5512f4299@group-3B5DE3AEDFC2, cid=2482, SUCCESS, logIndex=3706, commits[7049f9e8-7de6-4c8c-bf4c-9bb5512f4299:c3707, 13d9ac51-91bf-4c73-8824-2f58fc5b2747:c3703, 15cd3569-c751-4f18-b157-6804e7d0f08c:c3703]
2019-07-10 05:59:54,645 INFO  client.GrpcClientProtocolClient (GrpcClientProtocolClient.java:onNext(255)) - client-535162E20057->7049f9e8-7de6-4c8c-bf4c-9bb5512f4299: receive RaftClientReply:client-535162E20057->7049f9e8-7de6-4c8c-bf4c-9bb5512f4299@group-3B5DE3AEDFC2, cid=2483, SUCCESS, logIndex=3707, commits[7049f9e8-7de6-4c8c-bf4c-9bb5512f4299:c3707, 13d9ac51-91bf-4c73-8824-2f58fc5b2747:c3703, 15cd3569-c751-4f18-b157-6804e7d0f08c:c3703]
2019-07-10 05:59:54,660 INFO  client.GrpcClientProtocolClient (GrpcClientProtocolClient.java:onNext(255)) - client-535162E20057->7049f9e8-7de6-4c8c-bf4c-9bb5512f4299: receive RaftClientReply:client-535162E20057->7049f9e8-7de6-4c8c-bf4c-9bb5512f4299@group-3B5DE3AEDFC2, cid=2484, SUCCESS, logIndex=0, commits[7049f9e8-7de6-4c8c-bf4c-9bb5512f4299:c3709, 13d9ac51-91bf-4c73-8824-2f58fc5b2747:c3707, 15cd3569-c751-4f18-b157-6804e7d0f08c:c3707]
2019-07-10 05:59:54,688 INFO  client.GrpcClientProtocolClient (GrpcClientProtocolClient.java:onNext(255)) - client-535162E20057->7049f9e8-7de6-4c8c-bf4c-9bb5512f4299: receive RaftClientReply:client-535162E20057->7049f9e8-7de6-4c8c-bf4c-9bb5512f4299@group-3B5DE3AEDFC2, cid=2485, SUCCESS, logIndex=3710, commits[7049f9e8-7de6-4c8c-bf4c-9bb5512f4299:c3711, 13d9ac51-91bf-4c73-8824-2f58fc5b2747:c3709, 15cd3569-c751-4f18-b157-6804e7d0f08c:c3709]
2019-07-10 05:59:54,688 INFO  client.GrpcClientProtocolClient (GrpcClientProtocolClient.java:onNext(255)) - client-535162E20057->7049f9e8-7de6-4c8c-bf4c-9bb5512f4299: receive RaftClientReply:client-535162E20057->7049f9e8-7de6-4c8c-bf4c-9bb5512f4299@group-3B5DE3AEDFC2, cid=2486, SUCCESS, logIndex=3711, commits[7049f9e8-7de6-4c8c-bf4c-9bb5512f4299:c3713, 13d9ac51-91bf-4c73-8824-2f58fc5b2747:c3709, 15cd3569-c751-4f18-b157-6804e7d0f08c:c3709]
2019-07-10 05:59:54,689 INFO  client.GrpcClientProtocolClient (GrpcClientProtocolClient.java:onNext(255)) - client-535162E20057->7049f9e8-7de6-4c8c-bf4c-9bb5512f4299: receive RaftClientReply:client-535162E20057->7049f9e8-7de6-4c8c-bf4c-9bb5512f4299@group-3B5DE3AEDFC2, cid=2487, SUCCESS, logIndex=3712, commits[7049f9e8-7de6-4c8c-bf4c-9bb5512f4299:c3713, 13d9ac51-91bf-4c73-8824-2f58fc5b2747:c3709, 15cd3569-c751-4f18-b157-6804e7d0f08c:c3709]
2019-07-10 05:59:54,689 INFO  client.GrpcClientProtocolClient (GrpcClientProtocolClient.java:onNext(255)) - client-535162E20057->7049f9e8-7de6-4c8c-bf4c-9bb5512f4299: receive RaftClientReply:client-535162E20057->7049f9e8-7de6-4c8c-bf4c-9bb5512f4299@group-3B5DE3AEDFC2, cid=2488, SUCCESS, logIndex=3713, commits[7049f9e8-7de6-4c8c-bf4c-9bb5512f4299:c3713, 13d9ac51-91bf-4c73-8824-2f58fc5b2747:c3709, 15cd3569-c751-4f18-b157-6804e7d0f08c:c3709]
2019-07-10 05:59:54,692 INFO  client.GrpcClientProtocolClient (GrpcClientProtocolClient.java:onNext(255)) - client-535162E20057->7049f9e8-7de6-4c8c-bf4c-9bb5512f4299: receive RaftClientReply:client-535162E20057->7049f9e8-7de6-4c8c-bf4c-9bb5512f4299@group-3B5DE3AEDFC2, cid=2489, SUCCESS, logIndex=0, commits[7049f9e8-7de6-4c8c-bf4c-9bb5512f4299:c3717, 13d9ac51-91bf-4c73-8824-2f58fc5b2747:c3713, 15cd3569-c751-4f18-b157-6804e7d0f08c:c3711]
2019-07-10 05:59:54,714 INFO  client.GrpcClientProtocolClient (GrpcClientProtocolClient.java:onNext(255)) - client-535162E20057->7049f9e8-7de6-4c8c-bf4c-9bb5512f4299: receive RaftClientReply:client-535162E20057->7049f9e8-7de6-4c8c-bf4c-9bb5512f4299@group-3B5DE3AEDFC2, cid=2490, SUCCESS, logIndex=3718, commits[7049f9e8-7de6-4c8c-bf4c-9bb5512f4299:c3719, 13d9ac51-91bf-4c73-8824-2f58fc5b2747:c3717, 15cd3569-c751-4f18-b157-6804e7d0f08c:c3717]
2019-07-10 05:59:54,714 INFO  client.GrpcClientProtocolClient (GrpcClientProtocolClient.java:onNext(255)) - client-535162E20057->7049f9e8-7de6-4c8c-bf4c-9bb5512f4299: receive RaftClientReply:client-535162E20057->7049f9e8-7de6-4c8c-bf4c-9bb5512f4299@group-3B5DE3AEDFC2, cid=2491, SUCCESS, logIndex=3719, commits[7049f9e8-7de6-4c8c-bf4c-9bb5512f4299:c3719, 13d9ac51-91bf-4c73-8824-2f58fc5b2747:c3717, 15cd3569-c751-4f18-b157-6804e7d0f08c:c3717]
2019-07-10 05:59:54,729 INFO  client.GrpcClientProtocolClient (GrpcClientProtocolClient.java:onNext(255)) - client-535162E20057->7049f9e8-7de6-4c8c-bf4c-9bb5512f4299: receive RaftClientReply:client-535162E20057->7049f9e8-7de6-4c8c-bf4c-9bb5512f4299@group-3B5DE3AEDFC2, cid=2492, SUCCESS, logIndex=3722, commits[7049f9e8-7de6-4c8c-bf4c-9bb5512f4299:c3723, 13d9ac51-91bf-4c73-8824-2f58fc5b2747:c3719, 15cd3569-c751-4f18-b157-6804e7d0f08c:c3719]
2019-07-10 05:59:54,729 INFO  client.GrpcClientProtocolClient (GrpcClientProtocolClient.java:onNext(255)) - client-535162E20057->7049f9e8-7de6-4c8c-bf4c-9bb5512f4299: receive RaftClientReply:client-535162E20057->7049f9e8-7de6-4c8c-bf4c-9bb5512f4299@group-3B5DE3AEDFC2, cid=2493, SUCCESS, logIndex=3723, commits[7049f9e8-7de6-4c8c-bf4c-9bb5512f4299:c3723, 13d9ac51-91bf-4c73-8824-2f58fc5b2747:c3719, 15cd3569-c751-4f18-b157-6804e7d0f08c:c3719]
2019-07-10 05:59:54,733 INFO  client.GrpcClientProtocolClient (GrpcClientProtocolClient.java:onNext(255)) - client-535162E20057->7049f9e8-7de6-4c8c-bf4c-9bb5512f4299: receive RaftClientReply:client-535162E20057->7049f9e8-7de6-4c8c-bf4c-9bb5512f4299@group-3B5DE3AEDFC2, cid=2494, SUCCESS, logIndex=0, commits[7049f9e8-7de6-4c8c-bf4c-9bb5512f4299:c3725, 13d9ac51-91bf-4c73-8824-2f58fc5b2747:c3723, 15cd3569-c751-4f18-b157-6804e7d0f08c:c3723]
2019-07-10 05:59:54,759 INFO  client.GrpcClientProtocolClient (GrpcClientProtocolClient.java:onNext(255)) - client-535162E20057->7049f9e8-7de6-4c8c-bf4c-9bb5512f4299: receive RaftClientReply:client-535162E20057->7049f9e8-7de6-4c8c-bf4c-9bb5512f4299@group-3B5DE3AEDFC2, cid=2495, SUCCESS, logIndex=3726, commits[7049f9e8-7de6-4c8c-bf4c-9bb5512f4299:c3727, 13d9ac51-91bf-4c73-8824-2f58fc5b2747:c3725, 15cd3569-c751-4f18-b157-6804e7d0f08c:c3725]
2019-07-10 05:59:54,759 INFO  client.GrpcClientProtocolClient (GrpcClientProtocolClient.java:onNext(255)) - client-535162E20057->7049f9e8-7de6-4c8c-bf4c-9bb5512f4299: receive RaftClientReply:client-535162E20057->7049f9e8-7de6-4c8c-bf4c-9bb5512f4299@group-3B5DE3AEDFC2, cid=2496, SUCCESS, logIndex=3727, commits[7049f9e8-7de6-4c8c-bf4c-9bb5512f4299:c3729, 13d9ac51-91bf-4c73-8824-2f58fc5b2747:c3725, 15cd3569-c751-4f18-b157-6804e7d0f08c:c3725]
2019-07-10 05:59:54,759 INFO  client.GrpcClientProtocolClient (GrpcClientProtocolClient.java:onNext(255)) - client-535162E20057->7049f9e8-7de6-4c8c-bf4c-9bb5512f4299: receive RaftClientReply:client-535162E20057->7049f9e8-7de6-4c8c-bf4c-9bb5512f4299@group-3B5DE3AEDFC2, cid=2497, SUCCESS, logIndex=3728, commits[7049f9e8-7de6-4c8c-bf4c-9bb5512f4299:c3729, 13d9ac51-91bf-4c73-8824-2f58fc5b2747:c3725, 15cd3569-c751-4f18-b157-6804e7d0f08c:c3725]
2019-07-10 05:59:54,760 INFO  client.GrpcClientProtocolClient (GrpcClientProtocolClient.java:onNext(255)) - client-535162E20057->7049f9e8-7de6-4c8c-bf4c-9bb5512f4299: receive RaftClientReply:client-535162E20057->7049f9e8-7de6-4c8c-bf4c-9bb5512f4299@group-3B5DE3AEDFC2, cid=2498, SUCCESS, logIndex=3729, commits[7049f9e8-7de6-4c8c-bf4c-9bb5512f4299:c3729, 13d9ac51-91bf-4c73-8824-2f58fc5b2747:c3725, 15cd3569-c751-4f18-b157-6804e7d0f08c:c3725]
2019-07-10 05:59:54,761 INFO  client.GrpcClientProtocolClient (GrpcClientProtocolClient.java:onNext(255)) - client-535162E20057->7049f9e8-7de6-4c8c-bf4c-9bb5512f4299: receive RaftClientReply:client-535162E20057->7049f9e8-7de6-4c8c-bf4c-9bb5512f4299@group-3B5DE3AEDFC2, cid=2499, SUCCESS, logIndex=0, commits[7049f9e8-7de6-4c8c-bf4c-9bb5512f4299:c3731, 13d9ac51-91bf-4c73-8824-2f58fc5b2747:c3727, 15cd3569-c751-4f18-b157-6804e7d0f08c:c3727]
2019-07-10 05:59:54,803 INFO  client.GrpcClientProtocolClient (GrpcClientProtocolClient.java:onNext(255)) - client-535162E20057->7049f9e8-7de6-4c8c-bf4c-9bb5512f4299: receive RaftClientReply:client-535162E20057->7049f9e8-7de6-4c8c-bf4c-9bb5512f4299@group-3B5DE3AEDFC2, cid=2500, SUCCESS, logIndex=3734, commits[7049f9e8-7de6-4c8c-bf4c-9bb5512f4299:c3735, 13d9ac51-91bf-4c73-8824-2f58fc5b2747:c3733, 15cd3569-c751-4f18-b157-6804e7d0f08c:c3733]
2019-07-10 05:59:54,805 INFO  client.GrpcClientProtocolClient (GrpcClientProtocolClient.java:onNext(255)) - client-535162E20057->7049f9e8-7de6-4c8c-bf4c-9bb5512f4299: receive RaftClientReply:client-535162E20057->7049f9e8-7de6-4c8c-bf4c-9bb5512f4299@group-3B5DE3AEDFC2, cid=2501, SUCCESS, logIndex=3735, commits[7049f9e8-7de6-4c8c-bf4c-9bb5512f4299:c3735, 13d9ac51-91bf-4c73-8824-2f58fc5b2747:c3733, 15cd3569-c751-4f18-b157-6804e7d0f08c:c3733]
2019-07-10 05:59:54,836 INFO  client.GrpcClientProtocolClient (GrpcClientProtocolClient.java:onNext(255)) - client-535162E20057->7049f9e8-7de6-4c8c-bf4c-9bb5512f4299: receive RaftClientReply:client-535162E20057->7049f9e8-7de6-4c8c-bf4c-9bb5512f4299@group-3B5DE3AEDFC2, cid=2502, SUCCESS, logIndex=3738, commits[7049f9e8-7de6-4c8c-bf4c-9bb5512f4299:c3739, 13d9ac51-91bf-4c73-8824-2f58fc5b2747:c3736, 15cd3569-c751-4f18-b157-6804e7d0f08c:c3736]
2019-07-10 05:59:54,837 INFO  client.GrpcClientProtocolClient (GrpcClientProtocolClient.java:onNext(255)) - client-535162E20057->7049f9e8-7de6-4c8c-bf4c-9bb5512f4299: receive RaftClientReply:client-535162E20057->7049f9e8-7de6-4c8c-bf4c-9bb5512f4299@group-3B5DE3AEDFC2, cid=2503, SUCCESS, logIndex=3739, commits[7049f9e8-7de6-4c8c-bf4c-9bb5512f4299:c3739, 13d9ac51-91bf-4c73-8824-2f58fc5b2747:c3736, 15cd3569-c751-4f18-b157-6804e7d0f08c:c3736]
2019-07-10 05:59:54,839 INFO  client.GrpcClientProtocolClient (GrpcClientProtocolClient.java:onNext(255)) - client-535162E20057->7049f9e8-7de6-4c8c-bf4c-9bb5512f4299: receive RaftClientReply:client-535162E20057->7049f9e8-7de6-4c8c-bf4c-9bb5512f4299@group-3B5DE3AEDFC2, cid=2504, SUCCESS, logIndex=0, commits[7049f9e8-7de6-4c8c-bf4c-9bb5512f4299:c3740, 13d9ac51-91bf-4c73-8824-2f58fc5b2747:c3739, 15cd3569-c751-4f18-b157-6804e7d0f08c:c3739]
2019-07-10 05:59:54,869 INFO  client.GrpcClientProtocolClient (GrpcClientProtocolClient.java:onNext(255)) - client-535162E20057->7049f9e8-7de6-4c8c-bf4c-9bb5512f4299: receive RaftClientReply:client-535162E20057->7049f9e8-7de6-4c8c-bf4c-9bb5512f4299@group-3B5DE3AEDFC2, cid=2505, SUCCESS, logIndex=3742, commits[7049f9e8-7de6-4c8c-bf4c-9bb5512f4299:c3743, 13d9ac51-91bf-4c73-8824-2f58fc5b2747:c3741, 15cd3569-c751-4f18-b157-6804e7d0f08c:c3741]
2019-07-10 05:59:54,870 INFO  client.GrpcClientProtocolClient (GrpcClientProtocolClient.java:onNext(255)) - client-535162E20057->7049f9e8-7de6-4c8c-bf4c-9bb5512f4299: receive RaftClientReply:client-535162E20057->7049f9e8-7de6-4c8c-bf4c-9bb5512f4299@group-3B5DE3AEDFC2, cid=2506, SUCCESS, logIndex=3743, commits[7049f9e8-7de6-4c8c-bf4c-9bb5512f4299:c3743, 13d9ac51-91bf-4c73-8824-2f58fc5b2747:c3741, 15cd3569-c751-4f18-b157-6804e7d0f08c:c3741]
2019-07-10 05:59:54,870 INFO  client.GrpcClientProtocolClient (GrpcClientProtocolClient.java:onNext(255)) - client-535162E20057->7049f9e8-7de6-4c8c-bf4c-9bb5512f4299: receive RaftClientReply:client-535162E20057->7049f9e8-7de6-4c8c-bf4c-9bb5512f4299@group-3B5DE3AEDFC2, cid=2507, SUCCESS, logIndex=3744, commits[7049f9e8-7de6-4c8c-bf4c-9bb5512f4299:c3745, 13d9ac51-91bf-4c73-8824-2f58fc5b2747:c3741, 15cd3569-c751-4f18-b157-6804e7d0f08c:c3741]
2019-07-10 05:59:54,871 INFO  client.GrpcClientProtocolClient (GrpcClientProtocolClient.java:onNext(255)) - client-535162E20057->7049f9e8-7de6-4c8c-bf4c-9bb5512f4299: receive RaftClientReply:client-535162E20057->7049f9e8-7de6-4c8c-bf4c-9bb5512f4299@group-3B5DE3AEDFC2, cid=2508, SUCCESS, logIndex=3745, commits[7049f9e8-7de6-4c8c-bf4c-9bb5512f4299:c3745, 13d9ac51-91bf-4c73-8824-2f58fc5b2747:c3741, 15cd3569-c751-4f18-b157-6804e7d0f08c:c3741]
2019-07-10 05:59:54,884 INFO  client.GrpcClientProtocolClient (GrpcClientProtocolClient.java:onNext(255)) - client-535162E20057->7049f9e8-7de6-4c8c-bf4c-9bb5512f4299: receive RaftClientReply:client-535162E20057->7049f9e8-7de6-4c8c-bf4c-9bb5512f4299@group-3B5DE3AEDFC2, cid=2509, SUCCESS, logIndex=0, commits[7049f9e8-7de6-4c8c-bf4c-9bb5512f4299:c3747, 13d9ac51-91bf-4c73-8824-2f58fc5b2747:c3743, 15cd3569-c751-4f18-b157-6804e7d0f08c:c3743]
2019-07-10 05:59:54,905 INFO  client.GrpcClientProtocolClient (GrpcClientProtocolClient.java:onNext(255)) - client-535162E20057->7049f9e8-7de6-4c8c-bf4c-9bb5512f4299: receive RaftClientReply:client-535162E20057->7049f9e8-7de6-4c8c-bf4c-9bb5512f4299@group-3B5DE3AEDFC2, cid=2510, SUCCESS, logIndex=3750, commits[7049f9e8-7de6-4c8c-bf4c-9bb5512f4299:c3751, 13d9ac51-91bf-4c73-8824-2f58fc5b2747:c3749, 15cd3569-c751-4f18-b157-6804e7d0f08c:c3749]
2019-07-10 05:59:54,906 INFO  client.GrpcClientProtocolClient (GrpcClientProtocolClient.java:onNext(255)) - client-535162E20057->7049f9e8-7de6-4c8c-bf4c-9bb5512f4299: receive RaftClientReply:client-535162E20057->7049f9e8-7de6-4c8c-bf4c-9bb5512f4299@group-3B5DE3AEDFC2, cid=2511, SUCCESS, logIndex=3751, commits[7049f9e8-7de6-4c8c-bf4c-9bb5512f4299:c3751, 13d9ac51-91bf-4c73-8824-2f58fc5b2747:c3749, 15cd3569-c751-4f18-b157-6804e7d0f08c:c3749]
2019-07-10 05:59:54,929 INFO  client.GrpcClientProtocolClient (GrpcClientProtocolClient.java:onNext(255)) - client-535162E20057->7049f9e8-7de6-4c8c-bf4c-9bb5512f4299: receive RaftClientReply:client-535162E20057->7049f9e8-7de6-4c8c-bf4c-9bb5512f4299@group-3B5DE3AEDFC2, cid=2512, SUCCESS, logIndex=3754, commits[7049f9e8-7de6-4c8c-bf4c-9bb5512f4299:c3755, 13d9ac51-91bf-4c73-8824-2f58fc5b2747:c3751, 15cd3569-c751-4f18-b157-6804e7d0f08c:c3751]
2019-07-10 05:59:54,930 INFO  client.GrpcClientProtocolClient (GrpcClientProtocolClient.java:onNext(255)) - client-535162E20057->7049f9e8-7de6-4c8c-bf4c-9bb5512f4299: receive RaftClientReply:client-535162E20057->7049f9e8-7de6-4c8c-bf4c-9bb5512f4299@group-3B5DE3AEDFC2, cid=2513, SUCCESS, logIndex=3755, commits[7049f9e8-7de6-4c8c-bf4c-9bb5512f4299:c3755, 13d9ac51-91bf-4c73-8824-2f58fc5b2747:c3751, 15cd3569-c751-4f18-b157-6804e7d0f08c:c3751]
2019-07-10 05:59:54,941 INFO  client.GrpcClientProtocolClient (GrpcClientProtocolClient.java:onNext(255)) - client-535162E20057->7049f9e8-7de6-4c8c-bf4c-9bb5512f4299: receive RaftClientReply:client-535162E20057->7049f9e8-7de6-4c8c-bf4c-9bb5512f4299@group-3B5DE3AEDFC2, cid=2514, SUCCESS, logIndex=0, commits[7049f9e8-7de6-4c8c-bf4c-9bb5512f4299:c3756, 13d9ac51-91bf-4c73-8824-2f58fc5b2747:c3755, 15cd3569-c751-4f18-b157-6804e7d0f08c:c3755]
2019-07-10 05:59:54,970 INFO  client.GrpcClientProtocolClient (GrpcClientProtocolClient.java:onNext(255)) - client-535162E20057->7049f9e8-7de6-4c8c-bf4c-9bb5512f4299: receive RaftClientReply:client-535162E20057->7049f9e8-7de6-4c8c-bf4c-9bb5512f4299@group-3B5DE3AEDFC2, cid=2515, SUCCESS, logIndex=3758, commits[7049f9e8-7de6-4c8c-bf4c-9bb5512f4299:c3760, 13d9ac51-91bf-4c73-8824-2f58fc5b2747:c3757, 15cd3569-c751-4f18-b157-6804e7d0f08c:c3757]
2019-07-10 05:59:54,970 INFO  client.GrpcClientProtocolClient (GrpcClientProtocolClient.java:onNext(255)) - client-535162E20057->7049f9e8-7de6-4c8c-bf4c-9bb5512f4299: receive RaftClientReply:client-535162E20057->7049f9e8-7de6-4c8c-bf4c-9bb5512f4299@group-3B5DE3AEDFC2, cid=2516, SUCCESS, logIndex=3759, commits[7049f9e8-7de6-4c8c-bf4c-9bb5512f4299:c3761, 13d9ac51-91bf-4c73-8824-2f58fc5b2747:c3757, 15cd3569-c751-4f18-b157-6804e7d0f08c:c3757]
2019-07-10 05:59:54,971 INFO  client.GrpcClientProtocolClient (GrpcClientProtocolClient.java:onNext(255)) - client-535162E20057->7049f9e8-7de6-4c8c-bf4c-9bb5512f4299: receive RaftClientReply:client-535162E20057->7049f9e8-7de6-4c8c-bf4c-9bb5512f4299@group-3B5DE3AEDFC2, cid=2517, SUCCESS, logIndex=3760, commits[7049f9e8-7de6-4c8c-bf4c-9bb5512f4299:c3761, 13d9ac51-91bf-4c73-8824-2f58fc5b2747:c3757, 15cd3569-c751-4f18-b157-6804e7d0f08c:c3757]
2019-07-10 05:59:54,971 INFO  client.GrpcClientProtocolClient (GrpcClientProtocolClient.java:onNext(255)) - client-535162E20057->7049f9e8-7de6-4c8c-bf4c-9bb5512f4299: receive RaftClientReply:client-535162E20057->7049f9e8-7de6-4c8c-bf4c-9bb5512f4299@group-3B5DE3AEDFC2, cid=2518, SUCCESS, logIndex=3761, commits[7049f9e8-7de6-4c8c-bf4c-9bb5512f4299:c3761, 13d9ac51-91bf-4c73-8824-2f58fc5b2747:c3757, 15cd3569-c751-4f18-b157-6804e7d0f08c:c3759]
2019-07-10 05:59:54,972 INFO  client.GrpcClientProtocolClient (GrpcClientProtocolClient.java:onNext(255)) - client-535162E20057->7049f9e8-7de6-4c8c-bf4c-9bb5512f4299: receive RaftClientReply:client-535162E20057->7049f9e8-7de6-4c8c-bf4c-9bb5512f4299@group-3B5DE3AEDFC2, cid=2519, SUCCESS, logIndex=0, commits[7049f9e8-7de6-4c8c-bf4c-9bb5512f4299:c3762, 13d9ac51-91bf-4c73-8824-2f58fc5b2747:c3759, 15cd3569-c751-4f18-b157-6804e7d0f08c:c3759]
2019-07-10 05:59:54,993 INFO  client.GrpcClientProtocolClient (GrpcClientProtocolClient.java:onNext(255)) - client-535162E20057->7049f9e8-7de6-4c8c-bf4c-9bb5512f4299: receive RaftClientReply:client-535162E20057->7049f9e8-7de6-4c8c-bf4c-9bb5512f4299@group-3B5DE3AEDFC2, cid=2520, SUCCESS, logIndex=3766, commits[7049f9e8-7de6-4c8c-bf4c-9bb5512f4299:c3767, 13d9ac51-91bf-4c73-8824-2f58fc5b2747:c3765, 15cd3569-c751-4f18-b157-6804e7d0f08c:c3765]
2019-07-10 05:59:54,993 INFO  client.GrpcClientProtocolClient (GrpcClientProtocolClient.java:onNext(255)) - client-535162E20057->7049f9e8-7de6-4c8c-bf4c-9bb5512f4299: receive RaftClientReply:client-535162E20057->7049f9e8-7de6-4c8c-bf4c-9bb5512f4299@group-3B5DE3AEDFC2, cid=2521, SUCCESS, logIndex=3767, commits[7049f9e8-7de6-4c8c-bf4c-9bb5512f4299:c3767, 13d9ac51-91bf-4c73-8824-2f58fc5b2747:c3765, 15cd3569-c751-4f18-b157-6804e7d0f08c:c3765]
2019-07-10 05:59:55,007 INFO  client.GrpcClientProtocolClient (GrpcClientProtocolClient.java:onNext(255)) - client-535162E20057->7049f9e8-7de6-4c8c-bf4c-9bb5512f4299: receive RaftClientReply:client-535162E20057->7049f9e8-7de6-4c8c-bf4c-9bb5512f4299@group-3B5DE3AEDFC2, cid=2522, SUCCESS, logIndex=3770, commits[7049f9e8-7de6-4c8c-bf4c-9bb5512f4299:c3771, 13d9ac51-91bf-4c73-8824-2f58fc5b2747:c3767, 15cd3569-c751-4f18-b157-6804e7d0f08c:c3767]
2019-07-10 05:59:55,007 INFO  client.GrpcClientProtocolClient (GrpcClientProtocolClient.java:onNext(255)) - client-535162E20057->7049f9e8-7de6-4c8c-bf4c-9bb5512f4299: receive RaftClientReply:client-535162E20057->7049f9e8-7de6-4c8c-bf4c-9bb5512f4299@group-3B5DE3AEDFC2, cid=2523, SUCCESS, logIndex=3771, commits[7049f9e8-7de6-4c8c-bf4c-9bb5512f4299:c3771, 13d9ac51-91bf-4c73-8824-2f58fc5b2747:c3767, 15cd3569-c751-4f18-b157-6804e7d0f08c:c3767]
2019-07-10 05:59:55,010 INFO  client.GrpcClientProtocolClient (GrpcClientProtocolClient.java:onNext(255)) - client-535162E20057->7049f9e8-7de6-4c8c-bf4c-9bb5512f4299: receive RaftClientReply:client-535162E20057->7049f9e8-7de6-4c8c-bf4c-9bb5512f4299@group-3B5DE3AEDFC2, cid=2524, SUCCESS, logIndex=0, commits[7049f9e8-7de6-4c8c-bf4c-9bb5512f4299:c3773, 13d9ac51-91bf-4c73-8824-2f58fc5b2747:c3771, 15cd3569-c751-4f18-b157-6804e7d0f08c:c3771]
2019-07-10 05:59:55,048 INFO  client.GrpcClientProtocolClient (GrpcClientProtocolClient.java:onNext(255)) - client-535162E20057->7049f9e8-7de6-4c8c-bf4c-9bb5512f4299: receive RaftClientReply:client-535162E20057->7049f9e8-7de6-4c8c-bf4c-9bb5512f4299@group-3B5DE3AEDFC2, cid=2525, SUCCESS, logIndex=3774, commits[7049f9e8-7de6-4c8c-bf4c-9bb5512f4299:c3775, 13d9ac51-91bf-4c73-8824-2f58fc5b2747:c3773, 15cd3569-c751-4f18-b157-6804e7d0f08c:c3773]
2019-07-10 05:59:55,049 INFO  client.GrpcClientProtocolClient (GrpcClientProtocolClient.java:onNext(255)) - client-535162E20057->7049f9e8-7de6-4c8c-bf4c-9bb5512f4299: receive RaftClientReply:client-535162E20057->7049f9e8-7de6-4c8c-bf4c-9bb5512f4299@group-3B5DE3AEDFC2, cid=2526, SUCCESS, logIndex=3775, commits[7049f9e8-7de6-4c8c-bf4c-9bb5512f4299:c3777, 13d9ac51-91bf-4c73-8824-2f58fc5b2747:c3773, 15cd3569-c751-4f18-b157-6804e7d0f08c:c3773]
2019-07-10 05:59:55,049 INFO  client.GrpcClientProtocolClient (GrpcClientProtocolClient.java:onNext(255)) - client-535162E20057->7049f9e8-7de6-4c8c-bf4c-9bb5512f4299: receive RaftClientReply:client-535162E20057->7049f9e8-7de6-4c8c-bf4c-9bb5512f4299@group-3B5DE3AEDFC2, cid=2527, SUCCESS, logIndex=3776, commits[7049f9e8-7de6-4c8c-bf4c-9bb5512f4299:c3777, 13d9ac51-91bf-4c73-8824-2f58fc5b2747:c3773, 15cd3569-c751-4f18-b157-6804e7d0f08c:c3773]
2019-07-10 05:59:55,050 INFO  client.GrpcClientProtocolClient (GrpcClientProtocolClient.java:onNext(255)) - client-535162E20057->7049f9e8-7de6-4c8c-bf4c-9bb5512f4299: receive RaftClientReply:client-535162E20057->7049f9e8-7de6-4c8c-bf4c-9bb5512f4299@group-3B5DE3AEDFC2, cid=2528, SUCCESS, logIndex=3777, commits[7049f9e8-7de6-4c8c-bf4c-9bb5512f4299:c3777, 13d9ac51-91bf-4c73-8824-2f58fc5b2747:c3773, 15cd3569-c751-4f18-b157-6804e7d0f08c:c3773]
2019-07-10 05:59:55,051 INFO  client.GrpcClientProtocolClient (GrpcClientProtocolClient.java:onNext(255)) - client-535162E20057->7049f9e8-7de6-4c8c-bf4c-9bb5512f4299: receive RaftClientReply:client-535162E20057->7049f9e8-7de6-4c8c-bf4c-9bb5512f4299@group-3B5DE3AEDFC2, cid=2529, SUCCESS, logIndex=0, commits[7049f9e8-7de6-4c8c-bf4c-9bb5512f4299:c3781, 13d9ac51-91bf-4c73-8824-2f58fc5b2747:c3777, 15cd3569-c751-4f18-b157-6804e7d0f08c:c3775]
2019-07-10 05:59:55,066 INFO  client.GrpcClientProtocolClient (GrpcClientProtocolClient.java:onNext(255)) - client-535162E20057->7049f9e8-7de6-4c8c-bf4c-9bb5512f4299: receive RaftClientReply:client-535162E20057->7049f9e8-7de6-4c8c-bf4c-9bb5512f4299@group-3B5DE3AEDFC2, cid=2530, SUCCESS, logIndex=3782, commits[7049f9e8-7de6-4c8c-bf4c-9bb5512f4299:c3783, 13d9ac51-91bf-4c73-8824-2f58fc5b2747:c3781, 15cd3569-c751-4f18-b157-6804e7d0f08c:c3781]
2019-07-10 05:59:55,066 INFO  client.GrpcClientProtocolClient (GrpcClientProtocolClient.java:onNext(255)) - client-535162E20057->7049f9e8-7de6-4c8c-bf4c-9bb5512f4299: receive RaftClientReply:client-535162E20057->7049f9e8-7de6-4c8c-bf4c-9bb5512f4299@group-3B5DE3AEDFC2, cid=2531, SUCCESS, logIndex=3783, commits[7049f9e8-7de6-4c8c-bf4c-9bb5512f4299:c3783, 13d9ac51-91bf-4c73-8824-2f58fc5b2747:c3781, 15cd3569-c751-4f18-b157-6804e7d0f08c:c3781]
2019-07-10 05:59:55,081 INFO  client.GrpcClientProtocolClient (GrpcClientProtocolClient.java:onNext(255)) - client-535162E20057->7049f9e8-7de6-4c8c-bf4c-9bb5512f4299: receive RaftClientReply:client-535162E20057->7049f9e8-7de6-4c8c-bf4c-9bb5512f4299@group-3B5DE3AEDFC2, cid=2532, SUCCESS, logIndex=3786, commits[7049f9e8-7de6-4c8c-bf4c-9bb5512f4299:c3787, 13d9ac51-91bf-4c73-8824-2f58fc5b2747:c3783, 15cd3569-c751-4f18-b157-6804e7d0f08c:c3783]
2019-07-10 05:59:55,081 INFO  client.GrpcClientProtocolClient (GrpcClientProtocolClient.java:onNext(255)) - client-535162E20057->7049f9e8-7de6-4c8c-bf4c-9bb5512f4299: receive RaftClientReply:client-535162E20057->7049f9e8-7de6-4c8c-bf4c-9bb5512f4299@group-3B5DE3AEDFC2, cid=2533, SUCCESS, logIndex=3787, commits[7049f9e8-7de6-4c8c-bf4c-9bb5512f4299:c3787, 13d9ac51-91bf-4c73-8824-2f58fc5b2747:c3783, 15cd3569-c751-4f18-b157-6804e7d0f08c:c3783]
2019-07-10 05:59:55,092 INFO  client.GrpcClientProtocolClient (GrpcClientProtocolClient.java:onNext(255)) - client-535162E20057->7049f9e8-7de6-4c8c-bf4c-9bb5512f4299: receive RaftClientReply:client-535162E20057->7049f9e8-7de6-4c8c-bf4c-9bb5512f4299@group-3B5DE3AEDFC2, cid=2534, SUCCESS, logIndex=0, commits[7049f9e8-7de6-4c8c-bf4c-9bb5512f4299:c3788, 13d9ac51-91bf-4c73-8824-2f58fc5b2747:c3787, 15cd3569-c751-4f18-b157-6804e7d0f08c:c3787]
2019-07-10 05:59:55,119 INFO  client.GrpcClientProtocolClient (GrpcClientProtocolClient.java:onNext(255)) - client-535162E20057->7049f9e8-7de6-4c8c-bf4c-9bb5512f4299: receive RaftClientReply:client-535162E20057->7049f9e8-7de6-4c8c-bf4c-9bb5512f4299@group-3B5DE3AEDFC2, cid=2535, SUCCESS, logIndex=3790, commits[7049f9e8-7de6-4c8c-bf4c-9bb5512f4299:c3791, 13d9ac51-91bf-4c73-8824-2f58fc5b2747:c3789, 15cd3569-c751-4f18-b157-6804e7d0f08c:c3789]
2019-07-10 05:59:55,120 INFO  client.GrpcClientProtocolClient (GrpcClientProtocolClient.java:onNext(255)) - client-535162E20057->7049f9e8-7de6-4c8c-bf4c-9bb5512f4299: receive RaftClientReply:client-535162E20057->7049f9e8-7de6-4c8c-bf4c-9bb5512f4299@group-3B5DE3AEDFC2, cid=2536, SUCCESS, logIndex=3791, commits[7049f9e8-7de6-4c8c-bf4c-9bb5512f4299:c3791, 13d9ac51-91bf-4c73-8824-2f58fc5b2747:c3789, 15cd3569-c751-4f18-b157-6804e7d0f08c:c3789]
2019-07-10 05:59:55,131 INFO  client.GrpcClientProtocolClient (GrpcClientProtocolClient.java:onNext(255)) - client-535162E20057->7049f9e8-7de6-4c8c-bf4c-9bb5512f4299: receive RaftClientReply:client-535162E20057->7049f9e8-7de6-4c8c-bf4c-9bb5512f4299@group-3B5DE3AEDFC2, cid=2537, SUCCESS, logIndex=3792, commits[7049f9e8-7de6-4c8c-bf4c-9bb5512f4299:c3793, 13d9ac51-91bf-4c73-8824-2f58fc5b2747:c3789, 15cd3569-c751-4f18-b157-6804e7d0f08c:c3789]
2019-07-10 05:59:55,131 INFO  client.GrpcClientProtocolClient (GrpcClientProtocolClient.java:onNext(255)) - client-535162E20057->7049f9e8-7de6-4c8c-bf4c-9bb5512f4299: receive RaftClientReply:client-535162E20057->7049f9e8-7de6-4c8c-bf4c-9bb5512f4299@group-3B5DE3AEDFC2, cid=2538, SUCCESS, logIndex=3793, commits[7049f9e8-7de6-4c8c-bf4c-9bb5512f4299:c3793, 13d9ac51-91bf-4c73-8824-2f58fc5b2747:c3789, 15cd3569-c751-4f18-b157-6804e7d0f08c:c3789]
2019-07-10 05:59:55,132 INFO  client.GrpcClientProtocolClient (GrpcClientProtocolClient.java:onNext(255)) - client-535162E20057->7049f9e8-7de6-4c8c-bf4c-9bb5512f4299: receive RaftClientReply:client-535162E20057->7049f9e8-7de6-4c8c-bf4c-9bb5512f4299@group-3B5DE3AEDFC2, cid=2539, SUCCESS, logIndex=0, commits[7049f9e8-7de6-4c8c-bf4c-9bb5512f4299:c3795, 13d9ac51-91bf-4c73-8824-2f58fc5b2747:c3791, 15cd3569-c751-4f18-b157-6804e7d0f08c:c3791]
2019-07-10 05:59:55,153 INFO  client.GrpcClientProtocolClient (GrpcClientProtocolClient.java:onNext(255)) - client-535162E20057->7049f9e8-7de6-4c8c-bf4c-9bb5512f4299: receive RaftClientReply:client-535162E20057->7049f9e8-7de6-4c8c-bf4c-9bb5512f4299@group-3B5DE3AEDFC2, cid=2540, SUCCESS, logIndex=3798, commits[7049f9e8-7de6-4c8c-bf4c-9bb5512f4299:c3799, 13d9ac51-91bf-4c73-8824-2f58fc5b2747:c3797, 15cd3569-c751-4f18-b157-6804e7d0f08c:c3797]
2019-07-10 05:59:55,153 INFO  client.GrpcClientProtocolClient (GrpcClientProtocolClient.java:onNext(255)) - client-535162E20057->7049f9e8-7de6-4c8c-bf4c-9bb5512f4299: receive RaftClientReply:client-535162E20057->7049f9e8-7de6-4c8c-bf4c-9bb5512f4299@group-3B5DE3AEDFC2, cid=2541, SUCCESS, logIndex=3799, commits[7049f9e8-7de6-4c8c-bf4c-9bb5512f4299:c3799, 13d9ac51-91bf-4c73-8824-2f58fc5b2747:c3797, 15cd3569-c751-4f18-b157-6804e7d0f08c:c3797]
2019-07-10 05:59:55,183 INFO  client.GrpcClientProtocolClient (GrpcClientProtocolClient.java:onNext(255)) - client-535162E20057->7049f9e8-7de6-4c8c-bf4c-9bb5512f4299: receive RaftClientReply:client-535162E20057->7049f9e8-7de6-4c8c-bf4c-9bb5512f4299@group-3B5DE3AEDFC2, cid=2542, SUCCESS, logIndex=3802, commits[7049f9e8-7de6-4c8c-bf4c-9bb5512f4299:c3803, 13d9ac51-91bf-4c73-8824-2f58fc5b2747:c3799, 15cd3569-c751-4f18-b157-6804e7d0f08c:c3799]
2019-07-10 05:59:55,184 INFO  client.GrpcClientProtocolClient (GrpcClientProtocolClient.java:onNext(255)) - client-535162E20057->7049f9e8-7de6-4c8c-bf4c-9bb5512f4299: receive RaftClientReply:client-535162E20057->7049f9e8-7de6-4c8c-bf4c-9bb5512f4299@group-3B5DE3AEDFC2, cid=2543, SUCCESS, logIndex=3803, commits[7049f9e8-7de6-4c8c-bf4c-9bb5512f4299:c3803, 13d9ac51-91bf-4c73-8824-2f58fc5b2747:c3799, 15cd3569-c751-4f18-b157-6804e7d0f08c:c3799]
2019-07-10 05:59:55,196 INFO  client.GrpcClientProtocolClient (GrpcClientProtocolClient.java:onNext(255)) - client-535162E20057->7049f9e8-7de6-4c8c-bf4c-9bb5512f4299: receive RaftClientReply:client-535162E20057->7049f9e8-7de6-4c8c-bf4c-9bb5512f4299@group-3B5DE3AEDFC2, cid=2544, SUCCESS, logIndex=0, commits[7049f9e8-7de6-4c8c-bf4c-9bb5512f4299:c3804, 13d9ac51-91bf-4c73-8824-2f58fc5b2747:c3803, 15cd3569-c751-4f18-b157-6804e7d0f08c:c3803]
2019-07-10 05:59:55,225 INFO  client.GrpcClientProtocolClient (GrpcClientProtocolClient.java:onNext(255)) - client-535162E20057->7049f9e8-7de6-4c8c-bf4c-9bb5512f4299: receive RaftClientReply:client-535162E20057->7049f9e8-7de6-4c8c-bf4c-9bb5512f4299@group-3B5DE3AEDFC2, cid=2545, SUCCESS, logIndex=3806, commits[7049f9e8-7de6-4c8c-bf4c-9bb5512f4299:c3807, 13d9ac51-91bf-4c73-8824-2f58fc5b2747:c3805, 15cd3569-c751-4f18-b157-6804e7d0f08c:c3805]
2019-07-10 05:59:55,225 INFO  client.GrpcClientProtocolClient (GrpcClientProtocolClient.java:onNext(255)) - client-535162E20057->7049f9e8-7de6-4c8c-bf4c-9bb5512f4299: receive RaftClientReply:client-535162E20057->7049f9e8-7de6-4c8c-bf4c-9bb5512f4299@group-3B5DE3AEDFC2, cid=2546, SUCCESS, logIndex=3807, commits[7049f9e8-7de6-4c8c-bf4c-9bb5512f4299:c3807, 13d9ac51-91bf-4c73-8824-2f58fc5b2747:c3805, 15cd3569-c751-4f18-b157-6804e7d0f08c:c3805]
2019-07-10 05:59:55,237 INFO  client.GrpcClientProtocolClient (GrpcClientProtocolClient.java:onNext(255)) - client-535162E20057->7049f9e8-7de6-4c8c-bf4c-9bb5512f4299: receive RaftClientReply:client-535162E20057->7049f9e8-7de6-4c8c-bf4c-9bb5512f4299@group-3B5DE3AEDFC2, cid=2547, SUCCESS, logIndex=3808, commits[7049f9e8-7de6-4c8c-bf4c-9bb5512f4299:c3809, 13d9ac51-91bf-4c73-8824-2f58fc5b2747:c3805, 15cd3569-c751-4f18-b157-6804e7d0f08c:c3805]
2019-07-10 05:59:55,238 INFO  client.GrpcClientProtocolClient (GrpcClientProtocolClient.java:onNext(255)) - client-535162E20057->7049f9e8-7de6-4c8c-bf4c-9bb5512f4299: receive RaftClientReply:client-535162E20057->7049f9e8-7de6-4c8c-bf4c-9bb5512f4299@group-3B5DE3AEDFC2, cid=2548, SUCCESS, logIndex=3809, commits[7049f9e8-7de6-4c8c-bf4c-9bb5512f4299:c3810, 13d9ac51-91bf-4c73-8824-2f58fc5b2747:c3806, 15cd3569-c751-4f18-b157-6804e7d0f08c:c3805]
2019-07-10 05:59:55,239 INFO  client.GrpcClientProtocolClient (GrpcClientProtocolClient.java:onNext(255)) - client-535162E20057->7049f9e8-7de6-4c8c-bf4c-9bb5512f4299: receive RaftClientReply:client-535162E20057->7049f9e8-7de6-4c8c-bf4c-9bb5512f4299@group-3B5DE3AEDFC2, cid=2549, SUCCESS, logIndex=0, commits[7049f9e8-7de6-4c8c-bf4c-9bb5512f4299:c3811, 13d9ac51-91bf-4c73-8824-2f58fc5b2747:c3807, 15cd3569-c751-4f18-b157-6804e7d0f08c:c3807]
2019-07-10 05:59:55,252 INFO  client.GrpcClientProtocolClient (GrpcClientProtocolClient.java:onNext(255)) - client-535162E20057->7049f9e8-7de6-4c8c-bf4c-9bb5512f4299: receive RaftClientReply:client-535162E20057->7049f9e8-7de6-4c8c-bf4c-9bb5512f4299@group-3B5DE3AEDFC2, cid=2550, SUCCESS, logIndex=3814, commits[7049f9e8-7de6-4c8c-bf4c-9bb5512f4299:c3815, 13d9ac51-91bf-4c73-8824-2f58fc5b2747:c3813, 15cd3569-c751-4f18-b157-6804e7d0f08c:c3813]
2019-07-10 05:59:55,252 INFO  client.GrpcClientProtocolClient (GrpcClientProtocolClient.java:onNext(255)) - client-535162E20057->7049f9e8-7de6-4c8c-bf4c-9bb5512f4299: receive RaftClientReply:client-535162E20057->7049f9e8-7de6-4c8c-bf4c-9bb5512f4299@group-3B5DE3AEDFC2, cid=2551, SUCCESS, logIndex=3815, commits[7049f9e8-7de6-4c8c-bf4c-9bb5512f4299:c3815, 13d9ac51-91bf-4c73-8824-2f58fc5b2747:c3813, 15cd3569-c751-4f18-b157-6804e7d0f08c:c3813]
2019-07-10 05:59:55,264 INFO  client.GrpcClientProtocolClient (GrpcClientProtocolClient.java:onNext(255)) - client-535162E20057->7049f9e8-7de6-4c8c-bf4c-9bb5512f4299: receive RaftClientReply:client-535162E20057->7049f9e8-7de6-4c8c-bf4c-9bb5512f4299@group-3B5DE3AEDFC2, cid=2552, SUCCESS, logIndex=3818, commits[7049f9e8-7de6-4c8c-bf4c-9bb5512f4299:c3819, 13d9ac51-91bf-4c73-8824-2f58fc5b2747:c3815, 15cd3569-c751-4f18-b157-6804e7d0f08c:c3817]
2019-07-10 05:59:55,264 INFO  client.GrpcClientProtocolClient (GrpcClientProtocolClient.java:onNext(255)) - client-535162E20057->7049f9e8-7de6-4c8c-bf4c-9bb5512f4299: receive RaftClientReply:client-535162E20057->7049f9e8-7de6-4c8c-bf4c-9bb5512f4299@group-3B5DE3AEDFC2, cid=2553, SUCCESS, logIndex=3819, commits[7049f9e8-7de6-4c8c-bf4c-9bb5512f4299:c3819, 13d9ac51-91bf-4c73-8824-2f58fc5b2747:c3817, 15cd3569-c751-4f18-b157-6804e7d0f08c:c3817]
2019-07-10 05:59:55,267 INFO  client.GrpcClientProtocolClient (GrpcClientProtocolClient.java:onNext(255)) - client-535162E20057->7049f9e8-7de6-4c8c-bf4c-9bb5512f4299: receive RaftClientReply:client-535162E20057->7049f9e8-7de6-4c8c-bf4c-9bb5512f4299@group-3B5DE3AEDFC2, cid=2554, SUCCESS, logIndex=0, commits[7049f9e8-7de6-4c8c-bf4c-9bb5512f4299:c3821, 13d9ac51-91bf-4c73-8824-2f58fc5b2747:c3819, 15cd3569-c751-4f18-b157-6804e7d0f08c:c3819]
2019-07-10 05:59:55,298 INFO  client.GrpcClientProtocolClient (GrpcClientProtocolClient.java:onNext(255)) - client-535162E20057->7049f9e8-7de6-4c8c-bf4c-9bb5512f4299: receive RaftClientReply:client-535162E20057->7049f9e8-7de6-4c8c-bf4c-9bb5512f4299@group-3B5DE3AEDFC2, cid=2555, SUCCESS, logIndex=3822, commits[7049f9e8-7de6-4c8c-bf4c-9bb5512f4299:c3824, 13d9ac51-91bf-4c73-8824-2f58fc5b2747:c3821, 15cd3569-c751-4f18-b157-6804e7d0f08c:c3821]
2019-07-10 05:59:55,298 INFO  client.GrpcClientProtocolClient (GrpcClientProtocolClient.java:onNext(255)) - client-535162E20057->7049f9e8-7de6-4c8c-bf4c-9bb5512f4299: receive RaftClientReply:client-535162E20057->7049f9e8-7de6-4c8c-bf4c-9bb5512f4299@group-3B5DE3AEDFC2, cid=2556, SUCCESS, logIndex=3823, commits[7049f9e8-7de6-4c8c-bf4c-9bb5512f4299:c3825, 13d9ac51-91bf-4c73-8824-2f58fc5b2747:c3821, 15cd3569-c751-4f18-b157-6804e7d0f08c:c3821]
2019-07-10 05:59:55,298 INFO  client.GrpcClientProtocolClient (GrpcClientProtocolClient.java:onNext(255)) - client-535162E20057->7049f9e8-7de6-4c8c-bf4c-9bb5512f4299: receive RaftClientReply:client-535162E20057->7049f9e8-7de6-4c8c-bf4c-9bb5512f4299@group-3B5DE3AEDFC2, cid=2557, SUCCESS, logIndex=3824, commits[7049f9e8-7de6-4c8c-bf4c-9bb5512f4299:c3825, 13d9ac51-91bf-4c73-8824-2f58fc5b2747:c3821, 15cd3569-c751-4f18-b157-6804e7d0f08c:c3821]
2019-07-10 05:59:55,299 INFO  client.GrpcClientProtocolClient (GrpcClientProtocolClient.java:onNext(255)) - client-535162E20057->7049f9e8-7de6-4c8c-bf4c-9bb5512f4299: receive RaftClientReply:client-535162E20057->7049f9e8-7de6-4c8c-bf4c-9bb5512f4299@group-3B5DE3AEDFC2, cid=2558, SUCCESS, logIndex=3825, commits[7049f9e8-7de6-4c8c-bf4c-9bb5512f4299:c3825, 13d9ac51-91bf-4c73-8824-2f58fc5b2747:c3821, 15cd3569-c751-4f18-b157-6804e7d0f08c:c3821]
2019-07-10 05:59:55,317 INFO  client.GrpcClientProtocolClient (GrpcClientProtocolClient.java:onNext(255)) - client-535162E20057->7049f9e8-7de6-4c8c-bf4c-9bb5512f4299: receive RaftClientReply:client-535162E20057->7049f9e8-7de6-4c8c-bf4c-9bb5512f4299@group-3B5DE3AEDFC2, cid=2559, SUCCESS, logIndex=0, commits[7049f9e8-7de6-4c8c-bf4c-9bb5512f4299:c3827, 13d9ac51-91bf-4c73-8824-2f58fc5b2747:c3823, 15cd3569-c751-4f18-b157-6804e7d0f08c:c3823]
2019-07-10 05:59:55,332 INFO  client.GrpcClientProtocolClient (GrpcClientProtocolClient.java:onNext(255)) - client-535162E20057->7049f9e8-7de6-4c8c-bf4c-9bb5512f4299: receive RaftClientReply:client-535162E20057->7049f9e8-7de6-4c8c-bf4c-9bb5512f4299@group-3B5DE3AEDFC2, cid=2560, SUCCESS, logIndex=3830, commits[7049f9e8-7de6-4c8c-bf4c-9bb5512f4299:c3830, 13d9ac51-91bf-4c73-8824-2f58fc5b2747:c3829, 15cd3569-c751-4f18-b157-6804e7d0f08c:c3829]
2019-07-10 05:59:55,332 INFO  client.GrpcClientProtocolClient (GrpcClientProtocolClient.java:onNext(255)) - client-535162E20057->7049f9e8-7de6-4c8c-bf4c-9bb5512f4299: receive RaftClientReply:client-535162E20057->7049f9e8-7de6-4c8c-bf4c-9bb5512f4299@group-3B5DE3AEDFC2, cid=2561, SUCCESS, logIndex=3831, commits[7049f9e8-7de6-4c8c-bf4c-9bb5512f4299:c3831, 13d9ac51-91bf-4c73-8824-2f58fc5b2747:c3829, 15cd3569-c751-4f18-b157-6804e7d0f08c:c3829]
2019-07-10 05:59:55,465 INFO  client.GrpcClientProtocolClient (GrpcClientProtocolClient.java:onNext(255)) - client-535162E20057->7049f9e8-7de6-4c8c-bf4c-9bb5512f4299: receive RaftClientReply:client-535162E20057->7049f9e8-7de6-4c8c-bf4c-9bb5512f4299@group-3B5DE3AEDFC2, cid=2562, SUCCESS, logIndex=3834, commits[7049f9e8-7de6-4c8c-bf4c-9bb5512f4299:c3835, 13d9ac51-91bf-4c73-8824-2f58fc5b2747:c3831, 15cd3569-c751-4f18-b157-6804e7d0f08c:c3832]
2019-07-10 05:59:55,466 INFO  client.GrpcClientProtocolClient (GrpcClientProtocolClient.java:onNext(255)) - client-535162E20057->7049f9e8-7de6-4c8c-bf4c-9bb5512f4299: receive RaftClientReply:client-535162E20057->7049f9e8-7de6-4c8c-bf4c-9bb5512f4299@group-3B5DE3AEDFC2, cid=2563, SUCCESS, logIndex=3835, commits[7049f9e8-7de6-4c8c-bf4c-9bb5512f4299:c3835, 13d9ac51-91bf-4c73-8824-2f58fc5b2747:c3832, 15cd3569-c751-4f18-b157-6804e7d0f08c:c3832]
2019-07-10 05:59:55,477 INFO  client.GrpcClientProtocolClient (GrpcClientProtocolClient.java:onNext(255)) - client-535162E20057->7049f9e8-7de6-4c8c-bf4c-9bb5512f4299: receive RaftClientReply:client-535162E20057->7049f9e8-7de6-4c8c-bf4c-9bb5512f4299@group-3B5DE3AEDFC2, cid=2564, SUCCESS, logIndex=0, commits[7049f9e8-7de6-4c8c-bf4c-9bb5512f4299:c3836, 13d9ac51-91bf-4c73-8824-2f58fc5b2747:c3835, 15cd3569-c751-4f18-b157-6804e7d0f08c:c3835]
2019-07-10 05:59:55,508 INFO  client.GrpcClientProtocolClient (GrpcClientProtocolClient.java:onNext(255)) - client-535162E20057->7049f9e8-7de6-4c8c-bf4c-9bb5512f4299: receive RaftClientReply:client-535162E20057->7049f9e8-7de6-4c8c-bf4c-9bb5512f4299@group-3B5DE3AEDFC2, cid=2565, SUCCESS, logIndex=3837, commits[7049f9e8-7de6-4c8c-bf4c-9bb5512f4299:c3838, 13d9ac51-91bf-4c73-8824-2f58fc5b2747:c3836, 15cd3569-c751-4f18-b157-6804e7d0f08c:c3836]
2019-07-10 05:59:55,509 INFO  client.GrpcClientProtocolClient (GrpcClientProtocolClient.java:onNext(255)) - client-535162E20057->7049f9e8-7de6-4c8c-bf4c-9bb5512f4299: receive RaftClientReply:client-535162E20057->7049f9e8-7de6-4c8c-bf4c-9bb5512f4299@group-3B5DE3AEDFC2, cid=2566, SUCCESS, logIndex=3838, commits[7049f9e8-7de6-4c8c-bf4c-9bb5512f4299:c3838, 13d9ac51-91bf-4c73-8824-2f58fc5b2747:c3836, 15cd3569-c751-4f18-b157-6804e7d0f08c:c3836]
2019-07-10 05:59:55,509 INFO  client.GrpcClientProtocolClient (GrpcClientProtocolClient.java:onNext(255)) - client-535162E20057->7049f9e8-7de6-4c8c-bf4c-9bb5512f4299: receive RaftClientReply:client-535162E20057->7049f9e8-7de6-4c8c-bf4c-9bb5512f4299@group-3B5DE3AEDFC2, cid=2567, SUCCESS, logIndex=3839, commits[7049f9e8-7de6-4c8c-bf4c-9bb5512f4299:c3840, 13d9ac51-91bf-4c73-8824-2f58fc5b2747:c3836, 15cd3569-c751-4f18-b157-6804e7d0f08c:c3836]
2019-07-10 05:59:55,510 INFO  client.GrpcClientProtocolClient (GrpcClientProtocolClient.java:onNext(255)) - client-535162E20057->7049f9e8-7de6-4c8c-bf4c-9bb5512f4299: receive RaftClientReply:client-535162E20057->7049f9e8-7de6-4c8c-bf4c-9bb5512f4299@group-3B5DE3AEDFC2, cid=2568, SUCCESS, logIndex=3840, commits[7049f9e8-7de6-4c8c-bf4c-9bb5512f4299:c3840, 13d9ac51-91bf-4c73-8824-2f58fc5b2747:c3836, 15cd3569-c751-4f18-b157-6804e7d0f08c:c3836]
2019-07-10 05:59:55,525 INFO  client.GrpcClientProtocolClient (GrpcClientProtocolClient.java:onNext(255)) - client-535162E20057->7049f9e8-7de6-4c8c-bf4c-9bb5512f4299: receive RaftClientReply:client-535162E20057->7049f9e8-7de6-4c8c-bf4c-9bb5512f4299@group-3B5DE3AEDFC2, cid=2569, SUCCESS, logIndex=0, commits[7049f9e8-7de6-4c8c-bf4c-9bb5512f4299:c3843, 13d9ac51-91bf-4c73-8824-2f58fc5b2747:c3838, 15cd3569-c751-4f18-b157-6804e7d0f08c:c3840]
 0.00% |█                                                                                                    |  0/1 Time: 0:00:202019-07-10 05:59:55,549 INFO  client.GrpcClientProtocolClient (GrpcClientProtocolClient.java:onNext(255)) - client-535162E20057->7049f9e8-7de6-4c8c-bf4c-9bb5512f4299: receive RaftClientReply:client-535162E20057->7049f9e8-7de6-4c8c-bf4c-9bb5512f4299@group-3B5DE3AEDFC2, cid=2570, SUCCESS, logIndex=3845, commits[7049f9e8-7de6-4c8c-bf4c-9bb5512f4299:c3846, 13d9ac51-91bf-4c73-8824-2f58fc5b2747:c3844, 15cd3569-c751-4f18-b157-6804e7d0f08c:c3844]
2019-07-10 05:59:55,549 INFO  client.GrpcClientProtocolClient (GrpcClientProtocolClient.java:onNext(255)) - client-535162E20057->7049f9e8-7de6-4c8c-bf4c-9bb5512f4299: receive RaftClientReply:client-535162E20057->7049f9e8-7de6-4c8c-bf4c-9bb5512f4299@group-3B5DE3AEDFC2, cid=2571, SUCCESS, logIndex=3846, commits[7049f9e8-7de6-4c8c-bf4c-9bb5512f4299:c3846, 13d9ac51-91bf-4c73-8824-2f58fc5b2747:c3844, 15cd3569-c751-4f18-b157-6804e7d0f08c:c3844]
2019-07-10 05:59:55,562 INFO  client.GrpcClientProtocolClient (GrpcClientProtocolClient.java:onNext(255)) - client-535162E20057->7049f9e8-7de6-4c8c-bf4c-9bb5512f4299: receive RaftClientReply:client-535162E20057->7049f9e8-7de6-4c8c-bf4c-9bb5512f4299@group-3B5DE3AEDFC2, cid=2572, SUCCESS, logIndex=3849, commits[7049f9e8-7de6-4c8c-bf4c-9bb5512f4299:c3850, 13d9ac51-91bf-4c73-8824-2f58fc5b2747:c3846, 15cd3569-c751-4f18-b157-6804e7d0f08c:c3846]
2019-07-10 05:59:55,563 INFO  client.GrpcClientProtocolClient (GrpcClientProtocolClient.java:onNext(255)) - client-535162E20057->7049f9e8-7de6-4c8c-bf4c-9bb5512f4299: receive RaftClientReply:client-535162E20057->7049f9e8-7de6-4c8c-bf4c-9bb5512f4299@group-3B5DE3AEDFC2, cid=2573, SUCCESS, logIndex=3850, commits[7049f9e8-7de6-4c8c-bf4c-9bb5512f4299:c3850, 13d9ac51-91bf-4c73-8824-2f58fc5b2747:c3846, 15cd3569-c751-4f18-b157-6804e7d0f08c:c3846]
2019-07-10 05:59:55,599 INFO  client.GrpcClientProtocolClient (GrpcClientProtocolClient.java:onNext(255)) - client-535162E20057->7049f9e8-7de6-4c8c-bf4c-9bb5512f4299: receive RaftClientReply:client-535162E20057->7049f9e8-7de6-4c8c-bf4c-9bb5512f4299@group-3B5DE3AEDFC2, cid=2574, SUCCESS, logIndex=0, commits[7049f9e8-7de6-4c8c-bf4c-9bb5512f4299:c3851, 13d9ac51-91bf-4c73-8824-2f58fc5b2747:c3850, 15cd3569-c751-4f18-b157-6804e7d0f08c:c3850]
2019-07-10 05:59:55,632 INFO  client.GrpcClientProtocolClient (GrpcClientProtocolClient.java:onNext(255)) - client-535162E20057->7049f9e8-7de6-4c8c-bf4c-9bb5512f4299: receive RaftClientReply:client-535162E20057->7049f9e8-7de6-4c8c-bf4c-9bb5512f4299@group-3B5DE3AEDFC2, cid=2575, SUCCESS, logIndex=3853, commits[7049f9e8-7de6-4c8c-bf4c-9bb5512f4299:c3855, 13d9ac51-91bf-4c73-8824-2f58fc5b2747:c3852, 15cd3569-c751-4f18-b157-6804e7d0f08c:c3852]
2019-07-10 05:59:55,632 INFO  client.GrpcClientProtocolClient (GrpcClientProtocolClient.java:onNext(255)) - client-535162E20057->7049f9e8-7de6-4c8c-bf4c-9bb5512f4299: receive RaftClientReply:client-535162E20057->7049f9e8-7de6-4c8c-bf4c-9bb5512f4299@group-3B5DE3AEDFC2, cid=2576, SUCCESS, logIndex=3854, commits[7049f9e8-7de6-4c8c-bf4c-9bb5512f4299:c3856, 13d9ac51-91bf-4c73-8824-2f58fc5b2747:c3852, 15cd3569-c751-4f18-b157-6804e7d0f08c:c3852]
2019-07-10 05:59:55,632 INFO  client.GrpcClientProtocolClient (GrpcClientProtocolClient.java:onNext(255)) - client-535162E20057->7049f9e8-7de6-4c8c-bf4c-9bb5512f4299: receive RaftClientReply:client-535162E20057->7049f9e8-7de6-4c8c-bf4c-9bb5512f4299@group-3B5DE3AEDFC2, cid=2577, SUCCESS, logIndex=3855, commits[7049f9e8-7de6-4c8c-bf4c-9bb5512f4299:c3856, 13d9ac51-91bf-4c73-8824-2f58fc5b2747:c3852, 15cd3569-c751-4f18-b157-6804e7d0f08c:c3852]
2019-07-10 05:59:55,633 INFO  client.GrpcClientProtocolClient (GrpcClientProtocolClient.java:onNext(255)) - client-535162E20057->7049f9e8-7de6-4c8c-bf4c-9bb5512f4299: receive RaftClientReply:client-535162E20057->7049f9e8-7de6-4c8c-bf4c-9bb5512f4299@group-3B5DE3AEDFC2, cid=2578, SUCCESS, logIndex=3856, commits[7049f9e8-7de6-4c8c-bf4c-9bb5512f4299:c3856, 13d9ac51-91bf-4c73-8824-2f58fc5b2747:c3852, 15cd3569-c751-4f18-b157-6804e7d0f08c:c3852]
2019-07-10 05:59:55,647 INFO  client.GrpcClientProtocolClient (GrpcClientProtocolClient.java:onNext(255)) - client-535162E20057->7049f9e8-7de6-4c8c-bf4c-9bb5512f4299: receive RaftClientReply:client-535162E20057->7049f9e8-7de6-4c8c-bf4c-9bb5512f4299@group-3B5DE3AEDFC2, cid=2579, SUCCESS, logIndex=0, commits[7049f9e8-7de6-4c8c-bf4c-9bb5512f4299:c3858, 13d9ac51-91bf-4c73-8824-2f58fc5b2747:c3854, 15cd3569-c751-4f18-b157-6804e7d0f08c:c3854]
2019-07-10 05:59:55,666 INFO  client.GrpcClientProtocolClient (GrpcClientProtocolClient.java:onNext(255)) - client-535162E20057->7049f9e8-7de6-4c8c-bf4c-9bb5512f4299: receive RaftClientReply:client-535162E20057->7049f9e8-7de6-4c8c-bf4c-9bb5512f4299@group-3B5DE3AEDFC2, cid=2580, SUCCESS, logIndex=3861, commits[7049f9e8-7de6-4c8c-bf4c-9bb5512f4299:c3862, 13d9ac51-91bf-4c73-8824-2f58fc5b2747:c3860, 15cd3569-c751-4f18-b157-6804e7d0f08c:c3860]
2019-07-10 05:59:55,666 INFO  client.GrpcClientProtocolClient (GrpcClientProtocolClient.java:onNext(255)) - client-535162E20057->7049f9e8-7de6-4c8c-bf4c-9bb5512f4299: receive RaftClientReply:client-535162E20057->7049f9e8-7de6-4c8c-bf4c-9bb5512f4299@group-3B5DE3AEDFC2, cid=2581, SUCCESS, logIndex=3862, commits[7049f9e8-7de6-4c8c-bf4c-9bb5512f4299:c3862, 13d9ac51-91bf-4c73-8824-2f58fc5b2747:c3860, 15cd3569-c751-4f18-b157-6804e7d0f08c:c3860]
2019-07-10 05:59:55,679 INFO  client.GrpcClientProtocolClient (GrpcClientProtocolClient.java:onNext(255)) - client-535162E20057->7049f9e8-7de6-4c8c-bf4c-9bb5512f4299: receive RaftClientReply:client-535162E20057->7049f9e8-7de6-4c8c-bf4c-9bb5512f4299@group-3B5DE3AEDFC2, cid=2582, SUCCESS, logIndex=3865, commits[7049f9e8-7de6-4c8c-bf4c-9bb5512f4299:c3866, 13d9ac51-91bf-4c73-8824-2f58fc5b2747:c3862, 15cd3569-c751-4f18-b157-6804e7d0f08c:c3862]
2019-07-10 05:59:55,679 INFO  client.GrpcClientProtocolClient (GrpcClientProtocolClient.java:onNext(255)) - client-535162E20057->7049f9e8-7de6-4c8c-bf4c-9bb5512f4299: receive RaftClientReply:client-535162E20057->7049f9e8-7de6-4c8c-bf4c-9bb5512f4299@group-3B5DE3AEDFC2, cid=2583, SUCCESS, logIndex=3866, commits[7049f9e8-7de6-4c8c-bf4c-9bb5512f4299:c3866, 13d9ac51-91bf-4c73-8824-2f58fc5b2747:c3862, 15cd3569-c751-4f18-b157-6804e7d0f08c:c3862]
2019-07-10 05:59:55,693 INFO  client.GrpcClientProtocolClient (GrpcClientProtocolClient.java:onNext(255)) - client-535162E20057->7049f9e8-7de6-4c8c-bf4c-9bb5512f4299: receive RaftClientReply:client-535162E20057->7049f9e8-7de6-4c8c-bf4c-9bb5512f4299@group-3B5DE3AEDFC2, cid=2584, SUCCESS, logIndex=0, commits[7049f9e8-7de6-4c8c-bf4c-9bb5512f4299:c3868, 13d9ac51-91bf-4c73-8824-2f58fc5b2747:c3866, 15cd3569-c751-4f18-b157-6804e7d0f08c:c3866]
2019-07-10 05:59:55,723 INFO  client.GrpcClientProtocolClient (GrpcClientProtocolClient.java:onNext(255)) - client-535162E20057->7049f9e8-7de6-4c8c-bf4c-9bb5512f4299: receive RaftClientReply:client-535162E20057->7049f9e8-7de6-4c8c-bf4c-9bb5512f4299@group-3B5DE3AEDFC2, cid=2585, SUCCESS, logIndex=3869, commits[7049f9e8-7de6-4c8c-bf4c-9bb5512f4299:c3870, 13d9ac51-91bf-4c73-8824-2f58fc5b2747:c3868, 15cd3569-c751-4f18-b157-6804e7d0f08c:c3866]
2019-07-10 05:59:55,724 INFO  client.GrpcClientProtocolClient (GrpcClientProtocolClient.java:onNext(255)) - client-535162E20057->7049f9e8-7de6-4c8c-bf4c-9bb5512f4299: receive RaftClientReply:client-535162E20057->7049f9e8-7de6-4c8c-bf4c-9bb5512f4299@group-3B5DE3AEDFC2, cid=2586, SUCCESS, logIndex=3870, commits[7049f9e8-7de6-4c8c-bf4c-9bb5512f4299:c3872, 13d9ac51-91bf-4c73-8824-2f58fc5b2747:c3868, 15cd3569-c751-4f18-b157-6804e7d0f08c:c3868]
2019-07-10 05:59:55,724 INFO  client.GrpcClientProtocolClient (GrpcClientProtocolClient.java:onNext(255)) - client-535162E20057->7049f9e8-7de6-4c8c-bf4c-9bb5512f4299: receive RaftClientReply:client-535162E20057->7049f9e8-7de6-4c8c-bf4c-9bb5512f4299@group-3B5DE3AEDFC2, cid=2587, SUCCESS, logIndex=3871, commits[7049f9e8-7de6-4c8c-bf4c-9bb5512f4299:c3872, 13d9ac51-91bf-4c73-8824-2f58fc5b2747:c3868, 15cd3569-c751-4f18-b157-6804e7d0f08c:c3868]
2019-07-10 05:59:55,725 INFO  client.GrpcClientProtocolClient (GrpcClientProtocolClient.java:onNext(255)) - client-535162E20057->7049f9e8-7de6-4c8c-bf4c-9bb5512f4299: receive RaftClientReply:client-535162E20057->7049f9e8-7de6-4c8c-bf4c-9bb5512f4299@group-3B5DE3AEDFC2, cid=2588, SUCCESS, logIndex=3872, commits[7049f9e8-7de6-4c8c-bf4c-9bb5512f4299:c3872, 13d9ac51-91bf-4c73-8824-2f58fc5b2747:c3868, 15cd3569-c751-4f18-b157-6804e7d0f08c:c3868]
2019-07-10 05:59:55,737 INFO  client.GrpcClientProtocolClient (GrpcClientProtocolClient.java:onNext(255)) - client-535162E20057->7049f9e8-7de6-4c8c-bf4c-9bb5512f4299: receive RaftClientReply:client-535162E20057->7049f9e8-7de6-4c8c-bf4c-9bb5512f4299@group-3B5DE3AEDFC2, cid=2589, SUCCESS, logIndex=0, commits[7049f9e8-7de6-4c8c-bf4c-9bb5512f4299:c3873, 13d9ac51-91bf-4c73-8824-2f58fc5b2747:c3870, 15cd3569-c751-4f18-b157-6804e7d0f08c:c3870]
2019-07-10 05:59:55,757 INFO  client.GrpcClientProtocolClient (GrpcClientProtocolClient.java:onNext(255)) - client-535162E20057->7049f9e8-7de6-4c8c-bf4c-9bb5512f4299: receive RaftClientReply:client-535162E20057->7049f9e8-7de6-4c8c-bf4c-9bb5512f4299@group-3B5DE3AEDFC2, cid=2590, SUCCESS, logIndex=3877, commits[7049f9e8-7de6-4c8c-bf4c-9bb5512f4299:c3878, 13d9ac51-91bf-4c73-8824-2f58fc5b2747:c3876, 15cd3569-c751-4f18-b157-6804e7d0f08c:c3876]
2019-07-10 05:59:55,757 INFO  client.GrpcClientProtocolClient (GrpcClientProtocolClient.java:onNext(255)) - client-535162E20057->7049f9e8-7de6-4c8c-bf4c-9bb5512f4299: receive RaftClientReply:client-535162E20057->7049f9e8-7de6-4c8c-bf4c-9bb5512f4299@group-3B5DE3AEDFC2, cid=2591, SUCCESS, logIndex=3878, commits[7049f9e8-7de6-4c8c-bf4c-9bb5512f4299:c3878, 13d9ac51-91bf-4c73-8824-2f58fc5b2747:c3876, 15cd3569-c751-4f18-b157-6804e7d0f08c:c3876]
2019-07-10 05:59:55,771 INFO  client.GrpcClientProtocolClient (GrpcClientProtocolClient.java:onNext(255)) - client-535162E20057->7049f9e8-7de6-4c8c-bf4c-9bb5512f4299: receive RaftClientReply:client-535162E20057->7049f9e8-7de6-4c8c-bf4c-9bb5512f4299@group-3B5DE3AEDFC2, cid=2592, SUCCESS, logIndex=3881, commits[7049f9e8-7de6-4c8c-bf4c-9bb5512f4299:c3881, 13d9ac51-91bf-4c73-8824-2f58fc5b2747:c3878, 15cd3569-c751-4f18-b157-6804e7d0f08c:c3878]
2019-07-10 05:59:55,772 INFO  client.GrpcClientProtocolClient (GrpcClientProtocolClient.java:onNext(255)) - client-535162E20057->7049f9e8-7de6-4c8c-bf4c-9bb5512f4299: receive RaftClientReply:client-535162E20057->7049f9e8-7de6-4c8c-bf4c-9bb5512f4299@group-3B5DE3AEDFC2, cid=2593, SUCCESS, logIndex=3882, commits[7049f9e8-7de6-4c8c-bf4c-9bb5512f4299:c3882, 13d9ac51-91bf-4c73-8824-2f58fc5b2747:c3878, 15cd3569-c751-4f18-b157-6804e7d0f08c:c3878]
2019-07-10 05:59:55,776 INFO  client.GrpcClientProtocolClient (GrpcClientProtocolClient.java:onNext(255)) - client-535162E20057->7049f9e8-7de6-4c8c-bf4c-9bb5512f4299: receive RaftClientReply:client-535162E20057->7049f9e8-7de6-4c8c-bf4c-9bb5512f4299@group-3B5DE3AEDFC2, cid=2594, SUCCESS, logIndex=0, commits[7049f9e8-7de6-4c8c-bf4c-9bb5512f4299:c3884, 13d9ac51-91bf-4c73-8824-2f58fc5b2747:c3882, 15cd3569-c751-4f18-b157-6804e7d0f08c:c3882]
2019-07-10 05:59:55,805 INFO  client.GrpcClientProtocolClient (GrpcClientProtocolClient.java:onNext(255)) - client-535162E20057->7049f9e8-7de6-4c8c-bf4c-9bb5512f4299: receive RaftClientReply:client-535162E20057->7049f9e8-7de6-4c8c-bf4c-9bb5512f4299@group-3B5DE3AEDFC2, cid=2595, SUCCESS, logIndex=3885, commits[7049f9e8-7de6-4c8c-bf4c-9bb5512f4299:c3886, 13d9ac51-91bf-4c73-8824-2f58fc5b2747:c3884, 15cd3569-c751-4f18-b157-6804e7d0f08c:c3884]
2019-07-10 05:59:55,805 INFO  client.GrpcClientProtocolClient (GrpcClientProtocolClient.java:onNext(255)) - client-535162E20057->7049f9e8-7de6-4c8c-bf4c-9bb5512f4299: receive RaftClientReply:client-535162E20057->7049f9e8-7de6-4c8c-bf4c-9bb5512f4299@group-3B5DE3AEDFC2, cid=2596, SUCCESS, logIndex=3886, commits[7049f9e8-7de6-4c8c-bf4c-9bb5512f4299:c3888, 13d9ac51-91bf-4c73-8824-2f58fc5b2747:c3884, 15cd3569-c751-4f18-b157-6804e7d0f08c:c3884]
2019-07-10 05:59:55,805 INFO  client.GrpcClientProtocolClient (GrpcClientProtocolClient.java:onNext(255)) - client-535162E20057->7049f9e8-7de6-4c8c-bf4c-9bb5512f4299: receive RaftClientReply:client-535162E20057->7049f9e8-7de6-4c8c-bf4c-9bb5512f4299@group-3B5DE3AEDFC2, cid=2597, SUCCESS, logIndex=3887, commits[7049f9e8-7de6-4c8c-bf4c-9bb5512f4299:c3888, 13d9ac51-91bf-4c73-8824-2f58fc5b2747:c3884, 15cd3569-c751-4f18-b157-6804e7d0f08c:c3884]
2019-07-10 05:59:55,805 INFO  client.GrpcClientProtocolClient (GrpcClientProtocolClient.java:onNext(255)) - client-535162E20057->7049f9e8-7de6-4c8c-bf4c-9bb5512f4299: receive RaftClientReply:client-535162E20057->7049f9e8-7de6-4c8c-bf4c-9bb5512f4299@group-3B5DE3AEDFC2, cid=2598, SUCCESS, logIndex=3888, commits[7049f9e8-7de6-4c8c-bf4c-9bb5512f4299:c3888, 13d9ac51-91bf-4c73-8824-2f58fc5b2747:c3884, 15cd3569-c751-4f18-b157-6804e7d0f08c:c3884]
2019-07-10 05:59:55,826 INFO  client.GrpcClientProtocolClient (GrpcClientProtocolClient.java:onNext(255)) - client-535162E20057->7049f9e8-7de6-4c8c-bf4c-9bb5512f4299: receive RaftClientReply:client-535162E20057->7049f9e8-7de6-4c8c-bf4c-9bb5512f4299@group-3B5DE3AEDFC2, cid=2599, SUCCESS, logIndex=0, commits[7049f9e8-7de6-4c8c-bf4c-9bb5512f4299:c3890, 13d9ac51-91bf-4c73-8824-2f58fc5b2747:c3886, 15cd3569-c751-4f18-b157-6804e7d0f08c:c3886]
2019-07-10 05:59:55,838 INFO  client.GrpcClientProtocolClient (GrpcClientProtocolClient.java:onNext(255)) - client-535162E20057->7049f9e8-7de6-4c8c-bf4c-9bb5512f4299: receive RaftClientReply:client-535162E20057->7049f9e8-7de6-4c8c-bf4c-9bb5512f4299@group-3B5DE3AEDFC2, cid=2600, SUCCESS, logIndex=3893, commits[7049f9e8-7de6-4c8c-bf4c-9bb5512f4299:c3894, 13d9ac51-91bf-4c73-8824-2f58fc5b2747:c3892, 15cd3569-c751-4f18-b157-6804e7d0f08c:c3892]
2019-07-10 05:59:55,839 INFO  client.GrpcClientProtocolClient (GrpcClientProtocolClient.java:onNext(255)) - client-535162E20057->7049f9e8-7de6-4c8c-bf4c-9bb5512f4299: receive RaftClientReply:client-535162E20057->7049f9e8-7de6-4c8c-bf4c-9bb5512f4299@group-3B5DE3AEDFC2, cid=2601, SUCCESS, logIndex=3894, commits[7049f9e8-7de6-4c8c-bf4c-9bb5512f4299:c3894, 13d9ac51-91bf-4c73-8824-2f58fc5b2747:c3892, 15cd3569-c751-4f18-b157-6804e7d0f08c:c3892]
2019-07-10 05:59:55,853 INFO  client.GrpcClientProtocolClient (GrpcClientProtocolClient.java:onNext(255)) - client-535162E20057->7049f9e8-7de6-4c8c-bf4c-9bb5512f4299: receive RaftClientReply:client-535162E20057->7049f9e8-7de6-4c8c-bf4c-9bb5512f4299@group-3B5DE3AEDFC2, cid=2602, SUCCESS, logIndex=3897, commits[7049f9e8-7de6-4c8c-bf4c-9bb5512f4299:c3898, 13d9ac51-91bf-4c73-8824-2f58fc5b2747:c3894, 15cd3569-c751-4f18-b157-6804e7d0f08c:c3894]
2019-07-10 05:59:55,854 INFO  client.GrpcClientProtocolClient (GrpcClientProtocolClient.java:onNext(255)) - client-535162E20057->7049f9e8-7de6-4c8c-bf4c-9bb5512f4299: receive RaftClientReply:client-535162E20057->7049f9e8-7de6-4c8c-bf4c-9bb5512f4299@group-3B5DE3AEDFC2, cid=2603, SUCCESS, logIndex=3898, commits[7049f9e8-7de6-4c8c-bf4c-9bb5512f4299:c3898, 13d9ac51-91bf-4c73-8824-2f58fc5b2747:c3894, 15cd3569-c751-4f18-b157-6804e7d0f08c:c3894]
2019-07-10 05:59:55,868 INFO  client.GrpcClientProtocolClient (GrpcClientProtocolClient.java:onNext(255)) - client-535162E20057->7049f9e8-7de6-4c8c-bf4c-9bb5512f4299: receive RaftClientReply:client-535162E20057->7049f9e8-7de6-4c8c-bf4c-9bb5512f4299@group-3B5DE3AEDFC2, cid=2604, SUCCESS, logIndex=0, commits[7049f9e8-7de6-4c8c-bf4c-9bb5512f4299:c3900, 13d9ac51-91bf-4c73-8824-2f58fc5b2747:c3898, 15cd3569-c751-4f18-b157-6804e7d0f08c:c3898]
2019-07-10 05:59:55,894 INFO  client.GrpcClientProtocolClient (GrpcClientProtocolClient.java:onNext(255)) - client-535162E20057->7049f9e8-7de6-4c8c-bf4c-9bb5512f4299: receive RaftClientReply:client-535162E20057->7049f9e8-7de6-4c8c-bf4c-9bb5512f4299@group-3B5DE3AEDFC2, cid=2605, SUCCESS, logIndex=3901, commits[7049f9e8-7de6-4c8c-bf4c-9bb5512f4299:c3902, 13d9ac51-91bf-4c73-8824-2f58fc5b2747:c3900, 15cd3569-c751-4f18-b157-6804e7d0f08c:c3900]
2019-07-10 05:59:55,894 INFO  client.GrpcClientProtocolClient (GrpcClientProtocolClient.java:onNext(255)) - client-535162E20057->7049f9e8-7de6-4c8c-bf4c-9bb5512f4299: receive RaftClientReply:client-535162E20057->7049f9e8-7de6-4c8c-bf4c-9bb5512f4299@group-3B5DE3AEDFC2, cid=2606, SUCCESS, logIndex=3902, commits[7049f9e8-7de6-4c8c-bf4c-9bb5512f4299:c3903, 13d9ac51-91bf-4c73-8824-2f58fc5b2747:c3900, 15cd3569-c751-4f18-b157-6804e7d0f08c:c3900]
2019-07-10 05:59:55,895 INFO  client.GrpcClientProtocolClient (GrpcClientProtocolClient.java:onNext(255)) - client-535162E20057->7049f9e8-7de6-4c8c-bf4c-9bb5512f4299: receive RaftClientReply:client-535162E20057->7049f9e8-7de6-4c8c-bf4c-9bb5512f4299@group-3B5DE3AEDFC2, cid=2607, SUCCESS, logIndex=3903, commits[7049f9e8-7de6-4c8c-bf4c-9bb5512f4299:c3904, 13d9ac51-91bf-4c73-8824-2f58fc5b2747:c3900, 15cd3569-c751-4f18-b157-6804e7d0f08c:c3900]
2019-07-10 05:59:55,895 INFO  client.GrpcClientProtocolClient (GrpcClientProtocolClient.java:onNext(255)) - client-535162E20057->7049f9e8-7de6-4c8c-bf4c-9bb5512f4299: receive RaftClientReply:client-535162E20057->7049f9e8-7de6-4c8c-bf4c-9bb5512f4299@group-3B5DE3AEDFC2, cid=2608, SUCCESS, logIndex=3904, commits[7049f9e8-7de6-4c8c-bf4c-9bb5512f4299:c3904, 13d9ac51-91bf-4c73-8824-2f58fc5b2747:c3900, 15cd3569-c751-4f18-b157-6804e7d0f08c:c3900]
2019-07-10 05:59:55,908 INFO  client.GrpcClientProtocolClient (GrpcClientProtocolClient.java:onNext(255)) - client-535162E20057->7049f9e8-7de6-4c8c-bf4c-9bb5512f4299: receive RaftClientReply:client-535162E20057->7049f9e8-7de6-4c8c-bf4c-9bb5512f4299@group-3B5DE3AEDFC2, cid=2609, SUCCESS, logIndex=0, commits[7049f9e8-7de6-4c8c-bf4c-9bb5512f4299:c3906, 13d9ac51-91bf-4c73-8824-2f58fc5b2747:c3902, 15cd3569-c751-4f18-b157-6804e7d0f08c:c3902]
2019-07-10 05:59:55,928 INFO  client.GrpcClientProtocolClient (GrpcClientProtocolClient.java:onNext(255)) - client-535162E20057->7049f9e8-7de6-4c8c-bf4c-9bb5512f4299: receive RaftClientReply:client-535162E20057->7049f9e8-7de6-4c8c-bf4c-9bb5512f4299@group-3B5DE3AEDFC2, cid=2610, SUCCESS, logIndex=3909, commits[7049f9e8-7de6-4c8c-bf4c-9bb5512f4299:c3910, 13d9ac51-91bf-4c73-8824-2f58fc5b2747:c3908, 15cd3569-c751-4f18-b157-6804e7d0f08c:c3908]
2019-07-10 05:59:55,928 INFO  client.GrpcClientProtocolClient (GrpcClientProtocolClient.java:onNext(255)) - client-535162E20057->7049f9e8-7de6-4c8c-bf4c-9bb5512f4299: receive RaftClientReply:client-535162E20057->7049f9e8-7de6-4c8c-bf4c-9bb5512f4299@group-3B5DE3AEDFC2, cid=2611, SUCCESS, logIndex=3910, commits[7049f9e8-7de6-4c8c-bf4c-9bb5512f4299:c3910, 13d9ac51-91bf-4c73-8824-2f58fc5b2747:c3908, 15cd3569-c751-4f18-b157-6804e7d0f08c:c3908]
2019-07-10 05:59:55,941 INFO  client.GrpcClientProtocolClient (GrpcClientProtocolClient.java:onNext(255)) - client-535162E20057->7049f9e8-7de6-4c8c-bf4c-9bb5512f4299: receive RaftClientReply:client-535162E20057->7049f9e8-7de6-4c8c-bf4c-9bb5512f4299@group-3B5DE3AEDFC2, cid=2612, SUCCESS, logIndex=3913, commits[7049f9e8-7de6-4c8c-bf4c-9bb5512f4299:c3914, 13d9ac51-91bf-4c73-8824-2f58fc5b2747:c3910, 15cd3569-c751-4f18-b157-6804e7d0f08c:c3910]
2019-07-10 05:59:55,942 INFO  client.GrpcClientProtocolClient (GrpcClientProtocolClient.java:onNext(255)) - client-535162E20057->7049f9e8-7de6-4c8c-bf4c-9bb5512f4299: receive RaftClientReply:client-535162E20057->7049f9e8-7de6-4c8c-bf4c-9bb5512f4299@group-3B5DE3AEDFC2, cid=2613, SUCCESS, logIndex=3914, commits[7049f9e8-7de6-4c8c-bf4c-9bb5512f4299:c3914, 13d9ac51-91bf-4c73-8824-2f58fc5b2747:c3910, 15cd3569-c751-4f18-b157-6804e7d0f08c:c3910]
2019-07-10 05:59:55,953 INFO  client.GrpcClientProtocolClient (GrpcClientProtocolClient.java:onNext(255)) - client-535162E20057->7049f9e8-7de6-4c8c-bf4c-9bb5512f4299: receive RaftClientReply:client-535162E20057->7049f9e8-7de6-4c8c-bf4c-9bb5512f4299@group-3B5DE3AEDFC2, cid=2614, SUCCESS, logIndex=0, commits[7049f9e8-7de6-4c8c-bf4c-9bb5512f4299:c3915, 13d9ac51-91bf-4c73-8824-2f58fc5b2747:c3914, 15cd3569-c751-4f18-b157-6804e7d0f08c:c3914]
2019-07-10 05:59:55,980 INFO  client.GrpcClientProtocolClient (GrpcClientProtocolClient.java:onNext(255)) - client-535162E20057->7049f9e8-7de6-4c8c-bf4c-9bb5512f4299: receive RaftClientReply:client-535162E20057->7049f9e8-7de6-4c8c-bf4c-9bb5512f4299@group-3B5DE3AEDFC2, cid=2615, SUCCESS, logIndex=3917, commits[7049f9e8-7de6-4c8c-bf4c-9bb5512f4299:c3918, 13d9ac51-91bf-4c73-8824-2f58fc5b2747:c3916, 15cd3569-c751-4f18-b157-6804e7d0f08c:c3916]
2019-07-10 05:59:55,981 INFO  client.GrpcClientProtocolClient (GrpcClientProtocolClient.java:onNext(255)) - client-535162E20057->7049f9e8-7de6-4c8c-bf4c-9bb5512f4299: receive RaftClientReply:client-535162E20057->7049f9e8-7de6-4c8c-bf4c-9bb5512f4299@group-3B5DE3AEDFC2, cid=2616, SUCCESS, logIndex=3918, commits[7049f9e8-7de6-4c8c-bf4c-9bb5512f4299:c3918, 13d9ac51-91bf-4c73-8824-2f58fc5b2747:c3916, 15cd3569-c751-4f18-b157-6804e7d0f08c:c3916]
2019-07-10 05:59:55,981 INFO  client.GrpcClientProtocolClient (GrpcClientProtocolClient.java:onNext(255)) - client-535162E20057->7049f9e8-7de6-4c8c-bf4c-9bb5512f4299: receive RaftClientReply:client-535162E20057->7049f9e8-7de6-4c8c-bf4c-9bb5512f4299@group-3B5DE3AEDFC2, cid=2617, SUCCESS, logIndex=3919, commits[7049f9e8-7de6-4c8c-bf4c-9bb5512f4299:c3919, 13d9ac51-91bf-4c73-8824-2f58fc5b2747:c3916, 15cd3569-c751-4f18-b157-6804e7d0f08c:c3916]
2019-07-10 05:59:55,981 INFO  client.GrpcClientProtocolClient (GrpcClientProtocolClient.java:onNext(255)) - client-535162E20057->7049f9e8-7de6-4c8c-bf4c-9bb5512f4299: receive RaftClientReply:client-535162E20057->7049f9e8-7de6-4c8c-bf4c-9bb5512f4299@group-3B5DE3AEDFC2, cid=2618, SUCCESS, logIndex=3920, commits[7049f9e8-7de6-4c8c-bf4c-9bb5512f4299:c3920, 13d9ac51-91bf-4c73-8824-2f58fc5b2747:c3916, 15cd3569-c751-4f18-b157-6804e7d0f08c:c3916]
2019-07-10 05:59:55,995 INFO  client.GrpcClientProtocolClient (GrpcClientProtocolClient.java:onNext(255)) - client-535162E20057->7049f9e8-7de6-4c8c-bf4c-9bb5512f4299: receive RaftClientReply:client-535162E20057->7049f9e8-7de6-4c8c-bf4c-9bb5512f4299@group-3B5DE3AEDFC2, cid=2619, SUCCESS, logIndex=0, commits[7049f9e8-7de6-4c8c-bf4c-9bb5512f4299:c3922, 13d9ac51-91bf-4c73-8824-2f58fc5b2747:c3918, 15cd3569-c751-4f18-b157-6804e7d0f08c:c3918]
2019-07-10 05:59:56,016 INFO  client.GrpcClientProtocolClient (GrpcClientProtocolClient.java:onNext(255)) - client-535162E20057->7049f9e8-7de6-4c8c-bf4c-9bb5512f4299: receive RaftClientReply:client-535162E20057->7049f9e8-7de6-4c8c-bf4c-9bb5512f4299@group-3B5DE3AEDFC2, cid=2620, SUCCESS, logIndex=3925, commits[7049f9e8-7de6-4c8c-bf4c-9bb5512f4299:c3926, 13d9ac51-91bf-4c73-8824-2f58fc5b2747:c3924, 15cd3569-c751-4f18-b157-6804e7d0f08c:c3924]
2019-07-10 05:59:56,016 INFO  client.GrpcClientProtocolClient (GrpcClientProtocolClient.java:onNext(255)) - client-535162E20057->7049f9e8-7de6-4c8c-bf4c-9bb5512f4299: receive RaftClientReply:client-535162E20057->7049f9e8-7de6-4c8c-bf4c-9bb5512f4299@group-3B5DE3AEDFC2, cid=2621, SUCCESS, logIndex=3926, commits[7049f9e8-7de6-4c8c-bf4c-9bb5512f4299:c3926, 13d9ac51-91bf-4c73-8824-2f58fc5b2747:c3924, 15cd3569-c751-4f18-b157-6804e7d0f08c:c3924]
2019-07-10 05:59:56,029 INFO  client.GrpcClientProtocolClient (GrpcClientProtocolClient.java:onNext(255)) - client-535162E20057->7049f9e8-7de6-4c8c-bf4c-9bb5512f4299: receive RaftClientReply:client-535162E20057->7049f9e8-7de6-4c8c-bf4c-9bb5512f4299@group-3B5DE3AEDFC2, cid=2622, SUCCESS, logIndex=3929, commits[7049f9e8-7de6-4c8c-bf4c-9bb5512f4299:c3930, 13d9ac51-91bf-4c73-8824-2f58fc5b2747:c3926, 15cd3569-c751-4f18-b157-6804e7d0f08c:c3928]
2019-07-10 05:59:56,029 INFO  client.GrpcClientProtocolClient (GrpcClientProtocolClient.java:onNext(255)) - client-535162E20057->7049f9e8-7de6-4c8c-bf4c-9bb5512f4299: receive RaftClientReply:client-535162E20057->7049f9e8-7de6-4c8c-bf4c-9bb5512f4299@group-3B5DE3AEDFC2, cid=2623, SUCCESS, logIndex=3930, commits[7049f9e8-7de6-4c8c-bf4c-9bb5512f4299:c3930, 13d9ac51-91bf-4c73-8824-2f58fc5b2747:c3928, 15cd3569-c751-4f18-b157-6804e7d0f08c:c3928]
2019-07-10 05:59:56,031 INFO  client.GrpcClientProtocolClient (GrpcClientProtocolClient.java:onNext(255)) - client-535162E20057->7049f9e8-7de6-4c8c-bf4c-9bb5512f4299: receive RaftClientReply:client-535162E20057->7049f9e8-7de6-4c8c-bf4c-9bb5512f4299@group-3B5DE3AEDFC2, cid=2624, SUCCESS, logIndex=0, commits[7049f9e8-7de6-4c8c-bf4c-9bb5512f4299:c3931, 13d9ac51-91bf-4c73-8824-2f58fc5b2747:c3930, 15cd3569-c751-4f18-b157-6804e7d0f08c:c3930]
2019-07-10 05:59:56,078 INFO  client.GrpcClientProtocolClient (GrpcClientProtocolClient.java:onNext(255)) - client-535162E20057->7049f9e8-7de6-4c8c-bf4c-9bb5512f4299: receive RaftClientReply:client-535162E20057->7049f9e8-7de6-4c8c-bf4c-9bb5512f4299@group-3B5DE3AEDFC2, cid=2625, SUCCESS, logIndex=3932, commits[7049f9e8-7de6-4c8c-bf4c-9bb5512f4299:c3933, 13d9ac51-91bf-4c73-8824-2f58fc5b2747:c3931, 15cd3569-c751-4f18-b157-6804e7d0f08c:c3931]
2019-07-10 05:59:56,079 INFO  client.GrpcClientProtocolClient (GrpcClientProtocolClient.java:onNext(255)) - client-535162E20057->7049f9e8-7de6-4c8c-bf4c-9bb5512f4299: receive RaftClientReply:client-535162E20057->7049f9e8-7de6-4c8c-bf4c-9bb5512f4299@group-3B5DE3AEDFC2, cid=2626, SUCCESS, logIndex=3933, commits[7049f9e8-7de6-4c8c-bf4c-9bb5512f4299:c3935, 13d9ac51-91bf-4c73-8824-2f58fc5b2747:c3931, 15cd3569-c751-4f18-b157-6804e7d0f08c:c3931]
2019-07-10 05:59:56,079 INFO  client.GrpcClientProtocolClient (GrpcClientProtocolClient.java:onNext(255)) - client-535162E20057->7049f9e8-7de6-4c8c-bf4c-9bb5512f4299: receive RaftClientReply:client-535162E20057->7049f9e8-7de6-4c8c-bf4c-9bb5512f4299@group-3B5DE3AEDFC2, cid=2627, SUCCESS, logIndex=3934, commits[7049f9e8-7de6-4c8c-bf4c-9bb5512f4299:c3935, 13d9ac51-91bf-4c73-8824-2f58fc5b2747:c3931, 15cd3569-c751-4f18-b157-6804e7d0f08c:c3931]
2019-07-10 05:59:56,079 INFO  client.GrpcClientProtocolClient (GrpcClientProtocolClient.java:onNext(255)) - client-535162E20057->7049f9e8-7de6-4c8c-bf4c-9bb5512f4299: receive RaftClientReply:client-535162E20057->7049f9e8-7de6-4c8c-bf4c-9bb5512f4299@group-3B5DE3AEDFC2, cid=2628, SUCCESS, logIndex=3935, commits[7049f9e8-7de6-4c8c-bf4c-9bb5512f4299:c3935, 13d9ac51-91bf-4c73-8824-2f58fc5b2747:c3931, 15cd3569-c751-4f18-b157-6804e7d0f08c:c3931]
2019-07-10 05:59:56,093 INFO  client.GrpcClientProtocolClient (GrpcClientProtocolClient.java:onNext(255)) - client-535162E20057->7049f9e8-7de6-4c8c-bf4c-9bb5512f4299: receive RaftClientReply:client-535162E20057->7049f9e8-7de6-4c8c-bf4c-9bb5512f4299@group-3B5DE3AEDFC2, cid=2629, SUCCESS, logIndex=0, commits[7049f9e8-7de6-4c8c-bf4c-9bb5512f4299:c3936, 13d9ac51-91bf-4c73-8824-2f58fc5b2747:c3933, 15cd3569-c751-4f18-b157-6804e7d0f08c:c3933]
2019-07-10 05:59:56,107 INFO  client.GrpcClientProtocolClient (GrpcClientProtocolClient.java:onNext(255)) - client-535162E20057->7049f9e8-7de6-4c8c-bf4c-9bb5512f4299: receive RaftClientReply:client-535162E20057->7049f9e8-7de6-4c8c-bf4c-9bb5512f4299@group-3B5DE3AEDFC2, cid=2630, SUCCESS, logIndex=3940, commits[7049f9e8-7de6-4c8c-bf4c-9bb5512f4299:c3941, 13d9ac51-91bf-4c73-8824-2f58fc5b2747:c3939, 15cd3569-c751-4f18-b157-6804e7d0f08c:c3939]
2019-07-10 05:59:56,108 INFO  client.GrpcClientProtocolClient (GrpcClientProtocolClient.java:onNext(255)) - client-535162E20057->7049f9e8-7de6-4c8c-bf4c-9bb5512f4299: receive RaftClientReply:client-535162E20057->7049f9e8-7de6-4c8c-bf4c-9bb5512f4299@group-3B5DE3AEDFC2, cid=2631, SUCCESS, logIndex=3941, commits[7049f9e8-7de6-4c8c-bf4c-9bb5512f4299:c3941, 13d9ac51-91bf-4c73-8824-2f58fc5b2747:c3939, 15cd3569-c751-4f18-b157-6804e7d0f08c:c3939]
2019-07-10 05:59:56,121 INFO  client.GrpcClientProtocolClient (GrpcClientProtocolClient.java:onNext(255)) - client-535162E20057->7049f9e8-7de6-4c8c-bf4c-9bb5512f4299: receive RaftClientReply:client-535162E20057->7049f9e8-7de6-4c8c-bf4c-9bb5512f4299@group-3B5DE3AEDFC2, cid=2632, SUCCESS, logIndex=3944, commits[7049f9e8-7de6-4c8c-bf4c-9bb5512f4299:c3945, 13d9ac51-91bf-4c73-8824-2f58fc5b2747:c3941, 15cd3569-c751-4f18-b157-6804e7d0f08c:c3941]
2019-07-10 05:59:56,122 INFO  client.GrpcClientProtocolClient (GrpcClientProtocolClient.java:onNext(255)) - client-535162E20057->7049f9e8-7de6-4c8c-bf4c-9bb5512f4299: receive RaftClientReply:client-535162E20057->7049f9e8-7de6-4c8c-bf4c-9bb5512f4299@group-3B5DE3AEDFC2, cid=2633, SUCCESS, logIndex=3945, commits[7049f9e8-7de6-4c8c-bf4c-9bb5512f4299:c3945, 13d9ac51-91bf-4c73-8824-2f58fc5b2747:c3941, 15cd3569-c751-4f18-b157-6804e7d0f08c:c3941]
2019-07-10 05:59:56,135 INFO  client.GrpcClientProtocolClient (GrpcClientProtocolClient.java:onNext(255)) - client-535162E20057->7049f9e8-7de6-4c8c-bf4c-9bb5512f4299: receive RaftClientReply:client-535162E20057->7049f9e8-7de6-4c8c-bf4c-9bb5512f4299@group-3B5DE3AEDFC2, cid=2634, SUCCESS, logIndex=0, commits[7049f9e8-7de6-4c8c-bf4c-9bb5512f4299:c3947, 13d9ac51-91bf-4c73-8824-2f58fc5b2747:c3945, 15cd3569-c751-4f18-b157-6804e7d0f08c:c3945]
2019-07-10 05:59:56,164 INFO  client.GrpcClientProtocolClient (GrpcClientProtocolClient.java:onNext(255)) - client-535162E20057->7049f9e8-7de6-4c8c-bf4c-9bb5512f4299: receive RaftClientReply:client-535162E20057->7049f9e8-7de6-4c8c-bf4c-9bb5512f4299@group-3B5DE3AEDFC2, cid=2635, SUCCESS, logIndex=3948, commits[7049f9e8-7de6-4c8c-bf4c-9bb5512f4299:c3949, 13d9ac51-91bf-4c73-8824-2f58fc5b2747:c3947, 15cd3569-c751-4f18-b157-6804e7d0f08c:c3947]
2019-07-10 05:59:56,165 INFO  client.GrpcClientProtocolClient (GrpcClientProtocolClient.java:onNext(255)) - client-535162E20057->7049f9e8-7de6-4c8c-bf4c-9bb5512f4299: receive RaftClientReply:client-535162E20057->7049f9e8-7de6-4c8c-bf4c-9bb5512f4299@group-3B5DE3AEDFC2, cid=2636, SUCCESS, logIndex=3949, commits[7049f9e8-7de6-4c8c-bf4c-9bb5512f4299:c3949, 13d9ac51-91bf-4c73-8824-2f58fc5b2747:c3947, 15cd3569-c751-4f18-b157-6804e7d0f08c:c3947]
2019-07-10 05:59:56,165 INFO  client.GrpcClientProtocolClient (GrpcClientProtocolClient.java:onNext(255)) - client-535162E20057->7049f9e8-7de6-4c8c-bf4c-9bb5512f4299: receive RaftClientReply:client-535162E20057->7049f9e8-7de6-4c8c-bf4c-9bb5512f4299@group-3B5DE3AEDFC2, cid=2637, SUCCESS, logIndex=3950, commits[7049f9e8-7de6-4c8c-bf4c-9bb5512f4299:c3951, 13d9ac51-91bf-4c73-8824-2f58fc5b2747:c3947, 15cd3569-c751-4f18-b157-6804e7d0f08c:c3947]
2019-07-10 05:59:56,166 INFO  client.GrpcClientProtocolClient (GrpcClientProtocolClient.java:onNext(255)) - client-535162E20057->7049f9e8-7de6-4c8c-bf4c-9bb5512f4299: receive RaftClientReply:client-535162E20057->7049f9e8-7de6-4c8c-bf4c-9bb5512f4299@group-3B5DE3AEDFC2, cid=2638, SUCCESS, logIndex=3951, commits[7049f9e8-7de6-4c8c-bf4c-9bb5512f4299:c3951, 13d9ac51-91bf-4c73-8824-2f58fc5b2747:c3947, 15cd3569-c751-4f18-b157-6804e7d0f08c:c3947]
2019-07-10 05:59:56,167 INFO  client.GrpcClientProtocolClient (GrpcClientProtocolClient.java:onNext(255)) - client-535162E20057->7049f9e8-7de6-4c8c-bf4c-9bb5512f4299: receive RaftClientReply:client-535162E20057->7049f9e8-7de6-4c8c-bf4c-9bb5512f4299@group-3B5DE3AEDFC2, cid=2639, SUCCESS, logIndex=0, commits[7049f9e8-7de6-4c8c-bf4c-9bb5512f4299:c3953, 13d9ac51-91bf-4c73-8824-2f58fc5b2747:c3949, 15cd3569-c751-4f18-b157-6804e7d0f08c:c3949]
2019-07-10 05:59:56,181 INFO  client.GrpcClientProtocolClient (GrpcClientProtocolClient.java:onNext(255)) - client-535162E20057->7049f9e8-7de6-4c8c-bf4c-9bb5512f4299: receive RaftClientReply:client-535162E20057->7049f9e8-7de6-4c8c-bf4c-9bb5512f4299@group-3B5DE3AEDFC2, cid=2640, SUCCESS, logIndex=3956, commits[7049f9e8-7de6-4c8c-bf4c-9bb5512f4299:c3957, 13d9ac51-91bf-4c73-8824-2f58fc5b2747:c3953, 15cd3569-c751-4f18-b157-6804e7d0f08c:c3953]
2019-07-10 05:59:56,182 INFO  client.GrpcClientProtocolClient (GrpcClientProtocolClient.java:onNext(255)) - client-535162E20057->7049f9e8-7de6-4c8c-bf4c-9bb5512f4299: receive RaftClientReply:client-535162E20057->7049f9e8-7de6-4c8c-bf4c-9bb5512f4299@group-3B5DE3AEDFC2, cid=2641, SUCCESS, logIndex=3957, commits[7049f9e8-7de6-4c8c-bf4c-9bb5512f4299:c3957, 13d9ac51-91bf-4c73-8824-2f58fc5b2747:c3953, 15cd3569-c751-4f18-b157-6804e7d0f08c:c3953]
2019-07-10 05:59:56,205 INFO  client.GrpcClientProtocolClient (GrpcClientProtocolClient.java:onNext(255)) - client-535162E20057->7049f9e8-7de6-4c8c-bf4c-9bb5512f4299: receive RaftClientReply:client-535162E20057->7049f9e8-7de6-4c8c-bf4c-9bb5512f4299@group-3B5DE3AEDFC2, cid=2642, SUCCESS, logIndex=3959, commits[7049f9e8-7de6-4c8c-bf4c-9bb5512f4299:c3960, 13d9ac51-91bf-4c73-8824-2f58fc5b2747:c3957, 15cd3569-c751-4f18-b157-6804e7d0f08c:c3957]
2019-07-10 05:59:56,205 INFO  client.GrpcClientProtocolClient (GrpcClientProtocolClient.java:onNext(255)) - client-535162E20057->7049f9e8-7de6-4c8c-bf4c-9bb5512f4299: receive RaftClientReply:client-535162E20057->7049f9e8-7de6-4c8c-bf4c-9bb5512f4299@group-3B5DE3AEDFC2, cid=2643, SUCCESS, logIndex=3960, commits[7049f9e8-7de6-4c8c-bf4c-9bb5512f4299:c3960, 13d9ac51-91bf-4c73-8824-2f58fc5b2747:c3957, 15cd3569-c751-4f18-b157-6804e7d0f08c:c3957]
2019-07-10 05:59:56,206 INFO  client.GrpcClientProtocolClient (GrpcClientProtocolClient.java:onNext(255)) - client-535162E20057->7049f9e8-7de6-4c8c-bf4c-9bb5512f4299: receive RaftClientReply:client-535162E20057->7049f9e8-7de6-4c8c-bf4c-9bb5512f4299@group-3B5DE3AEDFC2, cid=2644, SUCCESS, logIndex=0, commits[7049f9e8-7de6-4c8c-bf4c-9bb5512f4299:c3961, 13d9ac51-91bf-4c73-8824-2f58fc5b2747:c3960, 15cd3569-c751-4f18-b157-6804e7d0f08c:c3960]
2019-07-10 05:59:56,237 INFO  client.GrpcClientProtocolClient (GrpcClientProtocolClient.java:onNext(255)) - client-535162E20057->7049f9e8-7de6-4c8c-bf4c-9bb5512f4299: receive RaftClientReply:client-535162E20057->7049f9e8-7de6-4c8c-bf4c-9bb5512f4299@group-3B5DE3AEDFC2, cid=2645, SUCCESS, logIndex=3963, commits[7049f9e8-7de6-4c8c-bf4c-9bb5512f4299:c3964, 13d9ac51-91bf-4c73-8824-2f58fc5b2747:c3962, 15cd3569-c751-4f18-b157-6804e7d0f08c:c3962]
2019-07-10 05:59:56,237 INFO  client.GrpcClientProtocolClient (GrpcClientProtocolClient.java:onNext(255)) - client-535162E20057->7049f9e8-7de6-4c8c-bf4c-9bb5512f4299: receive RaftClientReply:client-535162E20057->7049f9e8-7de6-4c8c-bf4c-9bb5512f4299@group-3B5DE3AEDFC2, cid=2646, SUCCESS, logIndex=3964, commits[7049f9e8-7de6-4c8c-bf4c-9bb5512f4299:c3964, 13d9ac51-91bf-4c73-8824-2f58fc5b2747:c3962, 15cd3569-c751-4f18-b157-6804e7d0f08c:c3962]
2019-07-10 05:59:56,239 INFO  client.GrpcClientProtocolClient (GrpcClientProtocolClient.java:onNext(255)) - client-535162E20057->7049f9e8-7de6-4c8c-bf4c-9bb5512f4299: receive RaftClientReply:client-535162E20057->7049f9e8-7de6-4c8c-bf4c-9bb5512f4299@group-3B5DE3AEDFC2, cid=2647, SUCCESS, logIndex=3965, commits[7049f9e8-7de6-4c8c-bf4c-9bb5512f4299:c3966, 13d9ac51-91bf-4c73-8824-2f58fc5b2747:c3962, 15cd3569-c751-4f18-b157-6804e7d0f08c:c3962]
2019-07-10 05:59:56,239 INFO  client.GrpcClientProtocolClient (GrpcClientProtocolClient.java:onNext(255)) - client-535162E20057->7049f9e8-7de6-4c8c-bf4c-9bb5512f4299: receive RaftClientReply:client-535162E20057->7049f9e8-7de6-4c8c-bf4c-9bb5512f4299@group-3B5DE3AEDFC2, cid=2648, SUCCESS, logIndex=3966, commits[7049f9e8-7de6-4c8c-bf4c-9bb5512f4299:c3966, 13d9ac51-91bf-4c73-8824-2f58fc5b2747:c3962, 15cd3569-c751-4f18-b157-6804e7d0f08c:c3962]
2019-07-10 05:59:56,242 INFO  client.GrpcClientProtocolClient (GrpcClientProtocolClient.java:onNext(255)) - client-535162E20057->7049f9e8-7de6-4c8c-bf4c-9bb5512f4299: receive RaftClientReply:client-535162E20057->7049f9e8-7de6-4c8c-bf4c-9bb5512f4299@group-3B5DE3AEDFC2, cid=2649, SUCCESS, logIndex=0, commits[7049f9e8-7de6-4c8c-bf4c-9bb5512f4299:c3968, 13d9ac51-91bf-4c73-8824-2f58fc5b2747:c3964, 15cd3569-c751-4f18-b157-6804e7d0f08c:c3964]
2019-07-10 05:59:56,260 INFO  client.GrpcClientProtocolClient (GrpcClientProtocolClient.java:onNext(255)) - client-535162E20057->7049f9e8-7de6-4c8c-bf4c-9bb5512f4299: receive RaftClientReply:client-535162E20057->7049f9e8-7de6-4c8c-bf4c-9bb5512f4299@group-3B5DE3AEDFC2, cid=2650, SUCCESS, logIndex=3971, commits[7049f9e8-7de6-4c8c-bf4c-9bb5512f4299:c3972, 13d9ac51-91bf-4c73-8824-2f58fc5b2747:c3970, 15cd3569-c751-4f18-b157-6804e7d0f08c:c3970]
2019-07-10 05:59:56,261 INFO  client.GrpcClientProtocolClient (GrpcClientProtocolClient.java:onNext(255)) - client-535162E20057->7049f9e8-7de6-4c8c-bf4c-9bb5512f4299: receive RaftClientReply:client-535162E20057->7049f9e8-7de6-4c8c-bf4c-9bb5512f4299@group-3B5DE3AEDFC2, cid=2651, SUCCESS, logIndex=3972, commits[7049f9e8-7de6-4c8c-bf4c-9bb5512f4299:c3972, 13d9ac51-91bf-4c73-8824-2f58fc5b2747:c3970, 15cd3569-c751-4f18-b157-6804e7d0f08c:c3970]
2019-07-10 05:59:56,378 INFO  client.GrpcClientProtocolClient (GrpcClientProtocolClient.java:onNext(255)) - client-535162E20057->7049f9e8-7de6-4c8c-bf4c-9bb5512f4299: receive RaftClientReply:client-535162E20057->7049f9e8-7de6-4c8c-bf4c-9bb5512f4299@group-3B5DE3AEDFC2, cid=2652, SUCCESS, logIndex=3975, commits[7049f9e8-7de6-4c8c-bf4c-9bb5512f4299:c3976, 13d9ac51-91bf-4c73-8824-2f58fc5b2747:c3974, 15cd3569-c751-4f18-b157-6804e7d0f08c:c3974]
2019-07-10 05:59:56,378 INFO  client.GrpcClientProtocolClient (GrpcClientProtocolClient.java:onNext(255)) - client-535162E20057->7049f9e8-7de6-4c8c-bf4c-9bb5512f4299: receive RaftClientReply:client-535162E20057->7049f9e8-7de6-4c8c-bf4c-9bb5512f4299@group-3B5DE3AEDFC2, cid=2653, SUCCESS, logIndex=3976, commits[7049f9e8-7de6-4c8c-bf4c-9bb5512f4299:c3976, 13d9ac51-91bf-4c73-8824-2f58fc5b2747:c3974, 15cd3569-c751-4f18-b157-6804e7d0f08c:c3974]
2019-07-10 05:59:56,392 INFO  client.GrpcClientProtocolClient (GrpcClientProtocolClient.java:onNext(255)) - client-535162E20057->7049f9e8-7de6-4c8c-bf4c-9bb5512f4299: receive RaftClientReply:client-535162E20057->7049f9e8-7de6-4c8c-bf4c-9bb5512f4299@group-3B5DE3AEDFC2, cid=2654, SUCCESS, logIndex=0, commits[7049f9e8-7de6-4c8c-bf4c-9bb5512f4299:c3978, 13d9ac51-91bf-4c73-8824-2f58fc5b2747:c3976, 15cd3569-c751-4f18-b157-6804e7d0f08c:c3976]
2019-07-10 05:59:56,420 INFO  client.GrpcClientProtocolClient (GrpcClientProtocolClient.java:onNext(255)) - client-535162E20057->7049f9e8-7de6-4c8c-bf4c-9bb5512f4299: receive RaftClientReply:client-535162E20057->7049f9e8-7de6-4c8c-bf4c-9bb5512f4299@group-3B5DE3AEDFC2, cid=2655, SUCCESS, logIndex=3979, commits[7049f9e8-7de6-4c8c-bf4c-9bb5512f4299:c3980, 13d9ac51-91bf-4c73-8824-2f58fc5b2747:c3978, 15cd3569-c751-4f18-b157-6804e7d0f08c:c3978]
2019-07-10 05:59:56,420 INFO  client.GrpcClientProtocolClient (GrpcClientProtocolClient.java:onNext(255)) - client-535162E20057->7049f9e8-7de6-4c8c-bf4c-9bb5512f4299: receive RaftClientReply:client-535162E20057->7049f9e8-7de6-4c8c-bf4c-9bb5512f4299@group-3B5DE3AEDFC2, cid=2656, SUCCESS, logIndex=3980, commits[7049f9e8-7de6-4c8c-bf4c-9bb5512f4299:c3980, 13d9ac51-91bf-4c73-8824-2f58fc5b2747:c3978, 15cd3569-c751-4f18-b157-6804e7d0f08c:c3978]
2019-07-10 05:59:56,420 INFO  client.GrpcClientProtocolClient (GrpcClientProtocolClient.java:onNext(255)) - client-535162E20057->7049f9e8-7de6-4c8c-bf4c-9bb5512f4299: receive RaftClientReply:client-535162E20057->7049f9e8-7de6-4c8c-bf4c-9bb5512f4299@group-3B5DE3AEDFC2, cid=2657, SUCCESS, logIndex=3981, commits[7049f9e8-7de6-4c8c-bf4c-9bb5512f4299:c3982, 13d9ac51-91bf-4c73-8824-2f58fc5b2747:c3978, 15cd3569-c751-4f18-b157-6804e7d0f08c:c3978]
2019-07-10 05:59:56,421 INFO  client.GrpcClientProtocolClient (GrpcClientProtocolClient.java:onNext(255)) - client-535162E20057->7049f9e8-7de6-4c8c-bf4c-9bb5512f4299: receive RaftClientReply:client-535162E20057->7049f9e8-7de6-4c8c-bf4c-9bb5512f4299@group-3B5DE3AEDFC2, cid=2658, SUCCESS, logIndex=3982, commits[7049f9e8-7de6-4c8c-bf4c-9bb5512f4299:c3982, 13d9ac51-91bf-4c73-8824-2f58fc5b2747:c3978, 15cd3569-c751-4f18-b157-6804e7d0f08c:c3978]
2019-07-10 05:59:56,434 INFO  client.GrpcClientProtocolClient (GrpcClientProtocolClient.java:onNext(255)) - client-535162E20057->7049f9e8-7de6-4c8c-bf4c-9bb5512f4299: receive RaftClientReply:client-535162E20057->7049f9e8-7de6-4c8c-bf4c-9bb5512f4299@group-3B5DE3AEDFC2, cid=2659, SUCCESS, logIndex=0, commits[7049f9e8-7de6-4c8c-bf4c-9bb5512f4299:c3984, 13d9ac51-91bf-4c73-8824-2f58fc5b2747:c3980, 15cd3569-c751-4f18-b157-6804e7d0f08c:c3980]
2019-07-10 05:59:56,453 INFO  client.GrpcClientProtocolClient (GrpcClientProtocolClient.java:onNext(255)) - client-535162E20057->7049f9e8-7de6-4c8c-bf4c-9bb5512f4299: receive RaftClientReply:client-535162E20057->7049f9e8-7de6-4c8c-bf4c-9bb5512f4299@group-3B5DE3AEDFC2, cid=2660, SUCCESS, logIndex=3986, commits[7049f9e8-7de6-4c8c-bf4c-9bb5512f4299:c3987, 13d9ac51-91bf-4c73-8824-2f58fc5b2747:c3985, 15cd3569-c751-4f18-b157-6804e7d0f08c:c3985]
2019-07-10 05:59:56,453 INFO  client.GrpcClientProtocolClient (GrpcClientProtocolClient.java:onNext(255)) - client-535162E20057->7049f9e8-7de6-4c8c-bf4c-9bb5512f4299: receive RaftClientReply:client-535162E20057->7049f9e8-7de6-4c8c-bf4c-9bb5512f4299@group-3B5DE3AEDFC2, cid=2661, SUCCESS, logIndex=3987, commits[7049f9e8-7de6-4c8c-bf4c-9bb5512f4299:c3987, 13d9ac51-91bf-4c73-8824-2f58fc5b2747:c3985, 15cd3569-c751-4f18-b157-6804e7d0f08c:c3985]
2019-07-10 05:59:56,468 INFO  client.GrpcClientProtocolClient (GrpcClientProtocolClient.java:onNext(255)) - client-535162E20057->7049f9e8-7de6-4c8c-bf4c-9bb5512f4299: receive RaftClientReply:client-535162E20057->7049f9e8-7de6-4c8c-bf4c-9bb5512f4299@group-3B5DE3AEDFC2, cid=2662, SUCCESS, logIndex=3990, commits[7049f9e8-7de6-4c8c-bf4c-9bb5512f4299:c3991, 13d9ac51-91bf-4c73-8824-2f58fc5b2747:c3987, 15cd3569-c751-4f18-b157-6804e7d0f08c:c3987]
2019-07-10 05:59:56,468 INFO  client.GrpcClientProtocolClient (GrpcClientProtocolClient.java:onNext(255)) - client-535162E20057->7049f9e8-7de6-4c8c-bf4c-9bb5512f4299: receive RaftClientReply:client-535162E20057->7049f9e8-7de6-4c8c-bf4c-9bb5512f4299@group-3B5DE3AEDFC2, cid=2663, SUCCESS, logIndex=3991, commits[7049f9e8-7de6-4c8c-bf4c-9bb5512f4299:c3991, 13d9ac51-91bf-4c73-8824-2f58fc5b2747:c3987, 15cd3569-c751-4f18-b157-6804e7d0f08c:c3987]
2019-07-10 05:59:56,482 INFO  client.GrpcClientProtocolClient (GrpcClientProtocolClient.java:onNext(255)) - client-535162E20057->7049f9e8-7de6-4c8c-bf4c-9bb5512f4299: receive RaftClientReply:client-535162E20057->7049f9e8-7de6-4c8c-bf4c-9bb5512f4299@group-3B5DE3AEDFC2, cid=2664, SUCCESS, logIndex=0, commits[7049f9e8-7de6-4c8c-bf4c-9bb5512f4299:c3993, 13d9ac51-91bf-4c73-8824-2f58fc5b2747:c3991, 15cd3569-c751-4f18-b157-6804e7d0f08c:c3991]
2019-07-10 05:59:56,509 INFO  client.GrpcClientProtocolClient (GrpcClientProtocolClient.java:onNext(255)) - client-535162E20057->7049f9e8-7de6-4c8c-bf4c-9bb5512f4299: receive RaftClientReply:client-535162E20057->7049f9e8-7de6-4c8c-bf4c-9bb5512f4299@group-3B5DE3AEDFC2, cid=2665, SUCCESS, logIndex=3994, commits[7049f9e8-7de6-4c8c-bf4c-9bb5512f4299:c3995, 13d9ac51-91bf-4c73-8824-2f58fc5b2747:c3993, 15cd3569-c751-4f18-b157-6804e7d0f08c:c3993]
2019-07-10 05:59:56,510 INFO  client.GrpcClientProtocolClient (GrpcClientProtocolClient.java:onNext(255)) - client-535162E20057->7049f9e8-7de6-4c8c-bf4c-9bb5512f4299: receive RaftClientReply:client-535162E20057->7049f9e8-7de6-4c8c-bf4c-9bb5512f4299@group-3B5DE3AEDFC2, cid=2666, SUCCESS, logIndex=3995, commits[7049f9e8-7de6-4c8c-bf4c-9bb5512f4299:c3995, 13d9ac51-91bf-4c73-8824-2f58fc5b2747:c3993, 15cd3569-c751-4f18-b157-6804e7d0f08c:c3993]
2019-07-10 05:59:56,512 INFO  client.GrpcClientProtocolClient (GrpcClientProtocolClient.java:onNext(255)) - client-535162E20057->7049f9e8-7de6-4c8c-bf4c-9bb5512f4299: receive RaftClientReply:client-535162E20057->7049f9e8-7de6-4c8c-bf4c-9bb5512f4299@group-3B5DE3AEDFC2, cid=2667, SUCCESS, logIndex=3996, commits[7049f9e8-7de6-4c8c-bf4c-9bb5512f4299:c3997, 13d9ac51-91bf-4c73-8824-2f58fc5b2747:c3993, 15cd3569-c751-4f18-b157-6804e7d0f08c:c3993]
2019-07-10 05:59:56,512 INFO  client.GrpcClientProtocolClient (GrpcClientProtocolClient.java:onNext(255)) - client-535162E20057->7049f9e8-7de6-4c8c-bf4c-9bb5512f4299: receive RaftClientReply:client-535162E20057->7049f9e8-7de6-4c8c-bf4c-9bb5512f4299@group-3B5DE3AEDFC2, cid=2668, SUCCESS, logIndex=3997, commits[7049f9e8-7de6-4c8c-bf4c-9bb5512f4299:c3997, 13d9ac51-91bf-4c73-8824-2f58fc5b2747:c3993, 15cd3569-c751-4f18-b157-6804e7d0f08c:c3993]
2019-07-10 05:59:56,523 INFO  client.GrpcClientProtocolClient (GrpcClientProtocolClient.java:onNext(255)) - client-535162E20057->7049f9e8-7de6-4c8c-bf4c-9bb5512f4299: receive RaftClientReply:client-535162E20057->7049f9e8-7de6-4c8c-bf4c-9bb5512f4299@group-3B5DE3AEDFC2, cid=2669, SUCCESS, logIndex=0, commits[7049f9e8-7de6-4c8c-bf4c-9bb5512f4299:c3998, 13d9ac51-91bf-4c73-8824-2f58fc5b2747:c3995, 15cd3569-c751-4f18-b157-6804e7d0f08c:c3995]
 0.00% |█                                                                                                    |  0/1 Time: 0:00:212019-07-10 05:59:56,541 INFO  client.GrpcClientProtocolClient (GrpcClientProtocolClient.java:onNext(255)) - client-535162E20057->7049f9e8-7de6-4c8c-bf4c-9bb5512f4299: receive RaftClientReply:client-535162E20057->7049f9e8-7de6-4c8c-bf4c-9bb5512f4299@group-3B5DE3AEDFC2, cid=2670, SUCCESS, logIndex=4002, commits[7049f9e8-7de6-4c8c-bf4c-9bb5512f4299:c4003, 13d9ac51-91bf-4c73-8824-2f58fc5b2747:c4001, 15cd3569-c751-4f18-b157-6804e7d0f08c:c4001]
2019-07-10 05:59:56,541 INFO  client.GrpcClientProtocolClient (GrpcClientProtocolClient.java:onNext(255)) - client-535162E20057->7049f9e8-7de6-4c8c-bf4c-9bb5512f4299: receive RaftClientReply:client-535162E20057->7049f9e8-7de6-4c8c-bf4c-9bb5512f4299@group-3B5DE3AEDFC2, cid=2671, SUCCESS, logIndex=4003, commits[7049f9e8-7de6-4c8c-bf4c-9bb5512f4299:c4003, 13d9ac51-91bf-4c73-8824-2f58fc5b2747:c4001, 15cd3569-c751-4f18-b157-6804e7d0f08c:c4001]
2019-07-10 05:59:56,553 INFO  client.GrpcClientProtocolClient (GrpcClientProtocolClient.java:onNext(255)) - client-535162E20057->7049f9e8-7de6-4c8c-bf4c-9bb5512f4299: receive RaftClientReply:client-535162E20057->7049f9e8-7de6-4c8c-bf4c-9bb5512f4299@group-3B5DE3AEDFC2, cid=2672, SUCCESS, logIndex=4006, commits[7049f9e8-7de6-4c8c-bf4c-9bb5512f4299:c4007, 13d9ac51-91bf-4c73-8824-2f58fc5b2747:c4003, 15cd3569-c751-4f18-b157-6804e7d0f08c:c4005]
2019-07-10 05:59:56,553 INFO  client.GrpcClientProtocolClient (GrpcClientProtocolClient.java:onNext(255)) - client-535162E20057->7049f9e8-7de6-4c8c-bf4c-9bb5512f4299: receive RaftClientReply:client-535162E20057->7049f9e8-7de6-4c8c-bf4c-9bb5512f4299@group-3B5DE3AEDFC2, cid=2673, SUCCESS, logIndex=4007, commits[7049f9e8-7de6-4c8c-bf4c-9bb5512f4299:c4007, 13d9ac51-91bf-4c73-8824-2f58fc5b2747:c4005, 15cd3569-c751-4f18-b157-6804e7d0f08c:c4005]
2019-07-10 05:59:56,557 INFO  client.GrpcClientProtocolClient (GrpcClientProtocolClient.java:onNext(255)) - client-535162E20057->7049f9e8-7de6-4c8c-bf4c-9bb5512f4299: receive RaftClientReply:client-535162E20057->7049f9e8-7de6-4c8c-bf4c-9bb5512f4299@group-3B5DE3AEDFC2, cid=2674, SUCCESS, logIndex=0, commits[7049f9e8-7de6-4c8c-bf4c-9bb5512f4299:c4008, 13d9ac51-91bf-4c73-8824-2f58fc5b2747:c4007, 15cd3569-c751-4f18-b157-6804e7d0f08c:c4007]
2019-07-10 05:59:56,596 INFO  client.GrpcClientProtocolClient (GrpcClientProtocolClient.java:onNext(255)) - client-535162E20057->7049f9e8-7de6-4c8c-bf4c-9bb5512f4299: receive RaftClientReply:client-535162E20057->7049f9e8-7de6-4c8c-bf4c-9bb5512f4299@group-3B5DE3AEDFC2, cid=2675, SUCCESS, logIndex=4010, commits[7049f9e8-7de6-4c8c-bf4c-9bb5512f4299:c4011, 13d9ac51-91bf-4c73-8824-2f58fc5b2747:c4009, 15cd3569-c751-4f18-b157-6804e7d0f08c:c4009]
2019-07-10 05:59:56,596 INFO  client.GrpcClientProtocolClient (GrpcClientProtocolClient.java:onNext(255)) - client-535162E20057->7049f9e8-7de6-4c8c-bf4c-9bb5512f4299: receive RaftClientReply:client-535162E20057->7049f9e8-7de6-4c8c-bf4c-9bb5512f4299@group-3B5DE3AEDFC2, cid=2676, SUCCESS, logIndex=4011, commits[7049f9e8-7de6-4c8c-bf4c-9bb5512f4299:c4012, 13d9ac51-91bf-4c73-8824-2f58fc5b2747:c4009, 15cd3569-c751-4f18-b157-6804e7d0f08c:c4009]
2019-07-10 05:59:56,596 INFO  client.GrpcClientProtocolClient (GrpcClientProtocolClient.java:onNext(255)) - client-535162E20057->7049f9e8-7de6-4c8c-bf4c-9bb5512f4299: receive RaftClientReply:client-535162E20057->7049f9e8-7de6-4c8c-bf4c-9bb5512f4299@group-3B5DE3AEDFC2, cid=2677, SUCCESS, logIndex=4012, commits[7049f9e8-7de6-4c8c-bf4c-9bb5512f4299:c4012, 13d9ac51-91bf-4c73-8824-2f58fc5b2747:c4009, 15cd3569-c751-4f18-b157-6804e7d0f08c:c4009]
2019-07-10 05:59:56,596 INFO  client.GrpcClientProtocolClient (GrpcClientProtocolClient.java:onNext(255)) - client-535162E20057->7049f9e8-7de6-4c8c-bf4c-9bb5512f4299: receive RaftClientReply:client-535162E20057->7049f9e8-7de6-4c8c-bf4c-9bb5512f4299@group-3B5DE3AEDFC2, cid=2678, SUCCESS, logIndex=4013, commits[7049f9e8-7de6-4c8c-bf4c-9bb5512f4299:c4013, 13d9ac51-91bf-4c73-8824-2f58fc5b2747:c4009, 15cd3569-c751-4f18-b157-6804e7d0f08c:c4009]
2019-07-10 05:59:56,610 INFO  client.GrpcClientProtocolClient (GrpcClientProtocolClient.java:onNext(255)) - client-535162E20057->7049f9e8-7de6-4c8c-bf4c-9bb5512f4299: receive RaftClientReply:client-535162E20057->7049f9e8-7de6-4c8c-bf4c-9bb5512f4299@group-3B5DE3AEDFC2, cid=2679, SUCCESS, logIndex=0, commits[7049f9e8-7de6-4c8c-bf4c-9bb5512f4299:c4015, 13d9ac51-91bf-4c73-8824-2f58fc5b2747:c4011, 15cd3569-c751-4f18-b157-6804e7d0f08c:c4011]
2019-07-10 05:59:56,624 INFO  client.GrpcClientProtocolClient (GrpcClientProtocolClient.java:onNext(255)) - client-535162E20057->7049f9e8-7de6-4c8c-bf4c-9bb5512f4299: receive RaftClientReply:client-535162E20057->7049f9e8-7de6-4c8c-bf4c-9bb5512f4299@group-3B5DE3AEDFC2, cid=2680, SUCCESS, logIndex=4018, commits[7049f9e8-7de6-4c8c-bf4c-9bb5512f4299:c4019, 13d9ac51-91bf-4c73-8824-2f58fc5b2747:c4017, 15cd3569-c751-4f18-b157-6804e7d0f08c:c4017]
2019-07-10 05:59:56,625 INFO  client.GrpcClientProtocolClient (GrpcClientProtocolClient.java:onNext(255)) - client-535162E20057->7049f9e8-7de6-4c8c-bf4c-9bb5512f4299: receive RaftClientReply:client-535162E20057->7049f9e8-7de6-4c8c-bf4c-9bb5512f4299@group-3B5DE3AEDFC2, cid=2681, SUCCESS, logIndex=4019, commits[7049f9e8-7de6-4c8c-bf4c-9bb5512f4299:c4019, 13d9ac51-91bf-4c73-8824-2f58fc5b2747:c4017, 15cd3569-c751-4f18-b157-6804e7d0f08c:c4017]
2019-07-10 05:59:56,638 INFO  client.GrpcClientProtocolClient (GrpcClientProtocolClient.java:onNext(255)) - client-535162E20057->7049f9e8-7de6-4c8c-bf4c-9bb5512f4299: receive RaftClientReply:client-535162E20057->7049f9e8-7de6-4c8c-bf4c-9bb5512f4299@group-3B5DE3AEDFC2, cid=2682, SUCCESS, logIndex=4022, commits[7049f9e8-7de6-4c8c-bf4c-9bb5512f4299:c4023, 13d9ac51-91bf-4c73-8824-2f58fc5b2747:c4019, 15cd3569-c751-4f18-b157-6804e7d0f08c:c4019]
2019-07-10 05:59:56,638 INFO  client.GrpcClientProtocolClient (GrpcClientProtocolClient.java:onNext(255)) - client-535162E20057->7049f9e8-7de6-4c8c-bf4c-9bb5512f4299: receive RaftClientReply:client-535162E20057->7049f9e8-7de6-4c8c-bf4c-9bb5512f4299@group-3B5DE3AEDFC2, cid=2683, SUCCESS, logIndex=4023, commits[7049f9e8-7de6-4c8c-bf4c-9bb5512f4299:c4023, 13d9ac51-91bf-4c73-8824-2f58fc5b2747:c4019, 15cd3569-c751-4f18-b157-6804e7d0f08c:c4019]
2019-07-10 05:59:56,651 INFO  client.GrpcClientProtocolClient (GrpcClientProtocolClient.java:onNext(255)) - client-535162E20057->7049f9e8-7de6-4c8c-bf4c-9bb5512f4299: receive RaftClientReply:client-535162E20057->7049f9e8-7de6-4c8c-bf4c-9bb5512f4299@group-3B5DE3AEDFC2, cid=2684, SUCCESS, logIndex=0, commits[7049f9e8-7de6-4c8c-bf4c-9bb5512f4299:c4025, 13d9ac51-91bf-4c73-8824-2f58fc5b2747:c4023, 15cd3569-c751-4f18-b157-6804e7d0f08c:c4023]
2019-07-10 05:59:56,678 INFO  client.GrpcClientProtocolClient (GrpcClientProtocolClient.java:onNext(255)) - client-535162E20057->7049f9e8-7de6-4c8c-bf4c-9bb5512f4299: receive RaftClientReply:client-535162E20057->7049f9e8-7de6-4c8c-bf4c-9bb5512f4299@group-3B5DE3AEDFC2, cid=2685, SUCCESS, logIndex=4026, commits[7049f9e8-7de6-4c8c-bf4c-9bb5512f4299:c4027, 13d9ac51-91bf-4c73-8824-2f58fc5b2747:c4025, 15cd3569-c751-4f18-b157-6804e7d0f08c:c4025]
2019-07-10 05:59:56,678 INFO  client.GrpcClientProtocolClient (GrpcClientProtocolClient.java:onNext(255)) - client-535162E20057->7049f9e8-7de6-4c8c-bf4c-9bb5512f4299: receive RaftClientReply:client-535162E20057->7049f9e8-7de6-4c8c-bf4c-9bb5512f4299@group-3B5DE3AEDFC2, cid=2686, SUCCESS, logIndex=4027, commits[7049f9e8-7de6-4c8c-bf4c-9bb5512f4299:c4027, 13d9ac51-91bf-4c73-8824-2f58fc5b2747:c4025, 15cd3569-c751-4f18-b157-6804e7d0f08c:c4025]
2019-07-10 05:59:56,678 INFO  client.GrpcClientProtocolClient (GrpcClientProtocolClient.java:onNext(255)) - client-535162E20057->7049f9e8-7de6-4c8c-bf4c-9bb5512f4299: receive RaftClientReply:client-535162E20057->7049f9e8-7de6-4c8c-bf4c-9bb5512f4299@group-3B5DE3AEDFC2, cid=2687, SUCCESS, logIndex=4028, commits[7049f9e8-7de6-4c8c-bf4c-9bb5512f4299:c4028, 13d9ac51-91bf-4c73-8824-2f58fc5b2747:c4025, 15cd3569-c751-4f18-b157-6804e7d0f08c:c4025]
2019-07-10 05:59:56,679 INFO  client.GrpcClientProtocolClient (GrpcClientProtocolClient.java:onNext(255)) - client-535162E20057->7049f9e8-7de6-4c8c-bf4c-9bb5512f4299: receive RaftClientReply:client-535162E20057->7049f9e8-7de6-4c8c-bf4c-9bb5512f4299@group-3B5DE3AEDFC2, cid=2688, SUCCESS, logIndex=4029, commits[7049f9e8-7de6-4c8c-bf4c-9bb5512f4299:c4029, 13d9ac51-91bf-4c73-8824-2f58fc5b2747:c4025, 15cd3569-c751-4f18-b157-6804e7d0f08c:c4025]
2019-07-10 05:59:56,691 INFO  client.GrpcClientProtocolClient (GrpcClientProtocolClient.java:onNext(255)) - client-535162E20057->7049f9e8-7de6-4c8c-bf4c-9bb5512f4299: receive RaftClientReply:client-535162E20057->7049f9e8-7de6-4c8c-bf4c-9bb5512f4299@group-3B5DE3AEDFC2, cid=2689, SUCCESS, logIndex=0, commits[7049f9e8-7de6-4c8c-bf4c-9bb5512f4299:c4031, 13d9ac51-91bf-4c73-8824-2f58fc5b2747:c4027, 15cd3569-c751-4f18-b157-6804e7d0f08c:c4027]
2019-07-10 05:59:56,711 INFO  client.GrpcClientProtocolClient (GrpcClientProtocolClient.java:onNext(255)) - client-535162E20057->7049f9e8-7de6-4c8c-bf4c-9bb5512f4299: receive RaftClientReply:client-535162E20057->7049f9e8-7de6-4c8c-bf4c-9bb5512f4299@group-3B5DE3AEDFC2, cid=2690, SUCCESS, logIndex=4034, commits[7049f9e8-7de6-4c8c-bf4c-9bb5512f4299:c4035, 13d9ac51-91bf-4c73-8824-2f58fc5b2747:c4033, 15cd3569-c751-4f18-b157-6804e7d0f08c:c4033]
2019-07-10 05:59:56,711 INFO  client.GrpcClientProtocolClient (GrpcClientProtocolClient.java:onNext(255)) - client-535162E20057->7049f9e8-7de6-4c8c-bf4c-9bb5512f4299: receive RaftClientReply:client-535162E20057->7049f9e8-7de6-4c8c-bf4c-9bb5512f4299@group-3B5DE3AEDFC2, cid=2691, SUCCESS, logIndex=4035, commits[7049f9e8-7de6-4c8c-bf4c-9bb5512f4299:c4035, 13d9ac51-91bf-4c73-8824-2f58fc5b2747:c4033, 15cd3569-c751-4f18-b157-6804e7d0f08c:c4033]
2019-07-10 05:59:56,725 INFO  client.GrpcClientProtocolClient (GrpcClientProtocolClient.java:onNext(255)) - client-535162E20057->7049f9e8-7de6-4c8c-bf4c-9bb5512f4299: receive RaftClientReply:client-535162E20057->7049f9e8-7de6-4c8c-bf4c-9bb5512f4299@group-3B5DE3AEDFC2, cid=2692, SUCCESS, logIndex=4038, commits[7049f9e8-7de6-4c8c-bf4c-9bb5512f4299:c4039, 13d9ac51-91bf-4c73-8824-2f58fc5b2747:c4035, 15cd3569-c751-4f18-b157-6804e7d0f08c:c4035]
2019-07-10 05:59:56,726 INFO  client.GrpcClientProtocolClient (GrpcClientProtocolClient.java:onNext(255)) - client-535162E20057->7049f9e8-7de6-4c8c-bf4c-9bb5512f4299: receive RaftClientReply:client-535162E20057->7049f9e8-7de6-4c8c-bf4c-9bb5512f4299@group-3B5DE3AEDFC2, cid=2693, SUCCESS, logIndex=4039, commits[7049f9e8-7de6-4c8c-bf4c-9bb5512f4299:c4039, 13d9ac51-91bf-4c73-8824-2f58fc5b2747:c4035, 15cd3569-c751-4f18-b157-6804e7d0f08c:c4035]
2019-07-10 05:59:56,739 INFO  client.GrpcClientProtocolClient (GrpcClientProtocolClient.java:onNext(255)) - client-535162E20057->7049f9e8-7de6-4c8c-bf4c-9bb5512f4299: receive RaftClientReply:client-535162E20057->7049f9e8-7de6-4c8c-bf4c-9bb5512f4299@group-3B5DE3AEDFC2, cid=2694, SUCCESS, logIndex=0, commits[7049f9e8-7de6-4c8c-bf4c-9bb5512f4299:c4041, 13d9ac51-91bf-4c73-8824-2f58fc5b2747:c4039, 15cd3569-c751-4f18-b157-6804e7d0f08c:c4039]
2019-07-10 05:59:56,767 INFO  client.GrpcClientProtocolClient (GrpcClientProtocolClient.java:onNext(255)) - client-535162E20057->7049f9e8-7de6-4c8c-bf4c-9bb5512f4299: receive RaftClientReply:client-535162E20057->7049f9e8-7de6-4c8c-bf4c-9bb5512f4299@group-3B5DE3AEDFC2, cid=2695, SUCCESS, logIndex=4042, commits[7049f9e8-7de6-4c8c-bf4c-9bb5512f4299:c4043, 13d9ac51-91bf-4c73-8824-2f58fc5b2747:c4041, 15cd3569-c751-4f18-b157-6804e7d0f08c:c4041]
2019-07-10 05:59:56,768 INFO  client.GrpcClientProtocolClient (GrpcClientProtocolClient.java:onNext(255)) - client-535162E20057->7049f9e8-7de6-4c8c-bf4c-9bb5512f4299: receive RaftClientReply:client-535162E20057->7049f9e8-7de6-4c8c-bf4c-9bb5512f4299@group-3B5DE3AEDFC2, cid=2696, SUCCESS, logIndex=4043, commits[7049f9e8-7de6-4c8c-bf4c-9bb5512f4299:c4043, 13d9ac51-91bf-4c73-8824-2f58fc5b2747:c4041, 15cd3569-c751-4f18-b157-6804e7d0f08c:c4041]
2019-07-10 05:59:56,768 INFO  client.GrpcClientProtocolClient (GrpcClientProtocolClient.java:onNext(255)) - client-535162E20057->7049f9e8-7de6-4c8c-bf4c-9bb5512f4299: receive RaftClientReply:client-535162E20057->7049f9e8-7de6-4c8c-bf4c-9bb5512f4299@group-3B5DE3AEDFC2, cid=2697, SUCCESS, logIndex=4044, commits[7049f9e8-7de6-4c8c-bf4c-9bb5512f4299:c4045, 13d9ac51-91bf-4c73-8824-2f58fc5b2747:c4041, 15cd3569-c751-4f18-b157-6804e7d0f08c:c4041]
2019-07-10 05:59:56,768 INFO  client.GrpcClientProtocolClient (GrpcClientProtocolClient.java:onNext(255)) - client-535162E20057->7049f9e8-7de6-4c8c-bf4c-9bb5512f4299: receive RaftClientReply:client-535162E20057->7049f9e8-7de6-4c8c-bf4c-9bb5512f4299@group-3B5DE3AEDFC2, cid=2698, SUCCESS, logIndex=4045, commits[7049f9e8-7de6-4c8c-bf4c-9bb5512f4299:c4045, 13d9ac51-91bf-4c73-8824-2f58fc5b2747:c4041, 15cd3569-c751-4f18-b157-6804e7d0f08c:c4041]
2019-07-10 05:59:56,785 INFO  client.GrpcClientProtocolClient (GrpcClientProtocolClient.java:onNext(255)) - client-535162E20057->7049f9e8-7de6-4c8c-bf4c-9bb5512f4299: receive RaftClientReply:client-535162E20057->7049f9e8-7de6-4c8c-bf4c-9bb5512f4299@group-3B5DE3AEDFC2, cid=2699, SUCCESS, logIndex=0, commits[7049f9e8-7de6-4c8c-bf4c-9bb5512f4299:c4048, 13d9ac51-91bf-4c73-8824-2f58fc5b2747:c4043, 15cd3569-c751-4f18-b157-6804e7d0f08c:c4044]
2019-07-10 05:59:56,804 INFO  client.GrpcClientProtocolClient (GrpcClientProtocolClient.java:onNext(255)) - client-535162E20057->7049f9e8-7de6-4c8c-bf4c-9bb5512f4299: receive RaftClientReply:client-535162E20057->7049f9e8-7de6-4c8c-bf4c-9bb5512f4299@group-3B5DE3AEDFC2, cid=2700, SUCCESS, logIndex=4050, commits[7049f9e8-7de6-4c8c-bf4c-9bb5512f4299:c4051, 13d9ac51-91bf-4c73-8824-2f58fc5b2747:c4049, 15cd3569-c751-4f18-b157-6804e7d0f08c:c4049]
2019-07-10 05:59:56,805 INFO  client.GrpcClientProtocolClient (GrpcClientProtocolClient.java:onNext(255)) - client-535162E20057->7049f9e8-7de6-4c8c-bf4c-9bb5512f4299: receive RaftClientReply:client-535162E20057->7049f9e8-7de6-4c8c-bf4c-9bb5512f4299@group-3B5DE3AEDFC2, cid=2701, SUCCESS, logIndex=4051, commits[7049f9e8-7de6-4c8c-bf4c-9bb5512f4299:c4051, 13d9ac51-91bf-4c73-8824-2f58fc5b2747:c4049, 15cd3569-c751-4f18-b157-6804e7d0f08c:c4049]
2019-07-10 05:59:56,817 INFO  client.GrpcClientProtocolClient (GrpcClientProtocolClient.java:onNext(255)) - client-535162E20057->7049f9e8-7de6-4c8c-bf4c-9bb5512f4299: receive RaftClientReply:client-535162E20057->7049f9e8-7de6-4c8c-bf4c-9bb5512f4299@group-3B5DE3AEDFC2, cid=2702, SUCCESS, logIndex=4054, commits[7049f9e8-7de6-4c8c-bf4c-9bb5512f4299:c4055, 13d9ac51-91bf-4c73-8824-2f58fc5b2747:c4051, 15cd3569-c751-4f18-b157-6804e7d0f08c:c4053]
2019-07-10 05:59:56,817 INFO  client.GrpcClientProtocolClient (GrpcClientProtocolClient.java:onNext(255)) - client-535162E20057->7049f9e8-7de6-4c8c-bf4c-9bb5512f4299: receive RaftClientReply:client-535162E20057->7049f9e8-7de6-4c8c-bf4c-9bb5512f4299@group-3B5DE3AEDFC2, cid=2703, SUCCESS, logIndex=4055, commits[7049f9e8-7de6-4c8c-bf4c-9bb5512f4299:c4055, 13d9ac51-91bf-4c73-8824-2f58fc5b2747:c4053, 15cd3569-c751-4f18-b157-6804e7d0f08c:c4053]
2019-07-10 05:59:56,819 INFO  client.GrpcClientProtocolClient (GrpcClientProtocolClient.java:onNext(255)) - client-535162E20057->7049f9e8-7de6-4c8c-bf4c-9bb5512f4299: receive RaftClientReply:client-535162E20057->7049f9e8-7de6-4c8c-bf4c-9bb5512f4299@group-3B5DE3AEDFC2, cid=2704, SUCCESS, logIndex=0, commits[7049f9e8-7de6-4c8c-bf4c-9bb5512f4299:c4056, 13d9ac51-91bf-4c73-8824-2f58fc5b2747:c4055, 15cd3569-c751-4f18-b157-6804e7d0f08c:c4055]
2019-07-10 05:59:56,858 INFO  client.GrpcClientProtocolClient (GrpcClientProtocolClient.java:onNext(255)) - client-535162E20057->7049f9e8-7de6-4c8c-bf4c-9bb5512f4299: receive RaftClientReply:client-535162E20057->7049f9e8-7de6-4c8c-bf4c-9bb5512f4299@group-3B5DE3AEDFC2, cid=2705, SUCCESS, logIndex=4058, commits[7049f9e8-7de6-4c8c-bf4c-9bb5512f4299:c4059, 13d9ac51-91bf-4c73-8824-2f58fc5b2747:c4057, 15cd3569-c751-4f18-b157-6804e7d0f08c:c4057]
2019-07-10 05:59:56,859 INFO  client.GrpcClientProtocolClient (GrpcClientProtocolClient.java:onNext(255)) - client-535162E20057->7049f9e8-7de6-4c8c-bf4c-9bb5512f4299: receive RaftClientReply:client-535162E20057->7049f9e8-7de6-4c8c-bf4c-9bb5512f4299@group-3B5DE3AEDFC2, cid=2706, SUCCESS, logIndex=4059, commits[7049f9e8-7de6-4c8c-bf4c-9bb5512f4299:c4059, 13d9ac51-91bf-4c73-8824-2f58fc5b2747:c4057, 15cd3569-c751-4f18-b157-6804e7d0f08c:c4057]
2019-07-10 05:59:56,870 INFO  client.GrpcClientProtocolClient (GrpcClientProtocolClient.java:onNext(255)) - client-535162E20057->7049f9e8-7de6-4c8c-bf4c-9bb5512f4299: receive RaftClientReply:client-535162E20057->7049f9e8-7de6-4c8c-bf4c-9bb5512f4299@group-3B5DE3AEDFC2, cid=2707, SUCCESS, logIndex=4060, commits[7049f9e8-7de6-4c8c-bf4c-9bb5512f4299:c4061, 13d9ac51-91bf-4c73-8824-2f58fc5b2747:c4057, 15cd3569-c751-4f18-b157-6804e7d0f08c:c4057]
2019-07-10 05:59:56,870 INFO  client.GrpcClientProtocolClient (GrpcClientProtocolClient.java:onNext(255)) - client-535162E20057->7049f9e8-7de6-4c8c-bf4c-9bb5512f4299: receive RaftClientReply:client-535162E20057->7049f9e8-7de6-4c8c-bf4c-9bb5512f4299@group-3B5DE3AEDFC2, cid=2708, SUCCESS, logIndex=4061, commits[7049f9e8-7de6-4c8c-bf4c-9bb5512f4299:c4061, 13d9ac51-91bf-4c73-8824-2f58fc5b2747:c4057, 15cd3569-c751-4f18-b157-6804e7d0f08c:c4057]
2019-07-10 05:59:56,871 INFO  client.GrpcClientProtocolClient (GrpcClientProtocolClient.java:onNext(255)) - client-535162E20057->7049f9e8-7de6-4c8c-bf4c-9bb5512f4299: receive RaftClientReply:client-535162E20057->7049f9e8-7de6-4c8c-bf4c-9bb5512f4299@group-3B5DE3AEDFC2, cid=2709, SUCCESS, logIndex=0, commits[7049f9e8-7de6-4c8c-bf4c-9bb5512f4299:c4063, 13d9ac51-91bf-4c73-8824-2f58fc5b2747:c4059, 15cd3569-c751-4f18-b157-6804e7d0f08c:c4059]
2019-07-10 05:59:56,895 INFO  client.GrpcClientProtocolClient (GrpcClientProtocolClient.java:onNext(255)) - client-535162E20057->7049f9e8-7de6-4c8c-bf4c-9bb5512f4299: receive RaftClientReply:client-535162E20057->7049f9e8-7de6-4c8c-bf4c-9bb5512f4299@group-3B5DE3AEDFC2, cid=2710, SUCCESS, logIndex=4066, commits[7049f9e8-7de6-4c8c-bf4c-9bb5512f4299:c4067, 13d9ac51-91bf-4c73-8824-2f58fc5b2747:c4065, 15cd3569-c751-4f18-b157-6804e7d0f08c:c4065]
2019-07-10 05:59:56,895 INFO  client.GrpcClientProtocolClient (GrpcClientProtocolClient.java:onNext(255)) - client-535162E20057->7049f9e8-7de6-4c8c-bf4c-9bb5512f4299: receive RaftClientReply:client-535162E20057->7049f9e8-7de6-4c8c-bf4c-9bb5512f4299@group-3B5DE3AEDFC2, cid=2711, SUCCESS, logIndex=4067, commits[7049f9e8-7de6-4c8c-bf4c-9bb5512f4299:c4067, 13d9ac51-91bf-4c73-8824-2f58fc5b2747:c4065, 15cd3569-c751-4f18-b157-6804e7d0f08c:c4065]
2019-07-10 05:59:56,908 INFO  client.GrpcClientProtocolClient (GrpcClientProtocolClient.java:onNext(255)) - client-535162E20057->7049f9e8-7de6-4c8c-bf4c-9bb5512f4299: receive RaftClientReply:client-535162E20057->7049f9e8-7de6-4c8c-bf4c-9bb5512f4299@group-3B5DE3AEDFC2, cid=2712, SUCCESS, logIndex=4070, commits[7049f9e8-7de6-4c8c-bf4c-9bb5512f4299:c4071, 13d9ac51-91bf-4c73-8824-2f58fc5b2747:c4067, 15cd3569-c751-4f18-b157-6804e7d0f08c:c4067]
2019-07-10 05:59:56,908 INFO  client.GrpcClientProtocolClient (GrpcClientProtocolClient.java:onNext(255)) - client-535162E20057->7049f9e8-7de6-4c8c-bf4c-9bb5512f4299: receive RaftClientReply:client-535162E20057->7049f9e8-7de6-4c8c-bf4c-9bb5512f4299@group-3B5DE3AEDFC2, cid=2713, SUCCESS, logIndex=4071, commits[7049f9e8-7de6-4c8c-bf4c-9bb5512f4299:c4071, 13d9ac51-91bf-4c73-8824-2f58fc5b2747:c4067, 15cd3569-c751-4f18-b157-6804e7d0f08c:c4067]
2019-07-10 05:59:56,923 INFO  client.GrpcClientProtocolClient (GrpcClientProtocolClient.java:onNext(255)) - client-535162E20057->7049f9e8-7de6-4c8c-bf4c-9bb5512f4299: receive RaftClientReply:client-535162E20057->7049f9e8-7de6-4c8c-bf4c-9bb5512f4299@group-3B5DE3AEDFC2, cid=2714, SUCCESS, logIndex=0, commits[7049f9e8-7de6-4c8c-bf4c-9bb5512f4299:c4073, 13d9ac51-91bf-4c73-8824-2f58fc5b2747:c4071, 15cd3569-c751-4f18-b157-6804e7d0f08c:c4071]
2019-07-10 05:59:56,955 INFO  client.GrpcClientProtocolClient (GrpcClientProtocolClient.java:onNext(255)) - client-535162E20057->7049f9e8-7de6-4c8c-bf4c-9bb5512f4299: receive RaftClientReply:client-535162E20057->7049f9e8-7de6-4c8c-bf4c-9bb5512f4299@group-3B5DE3AEDFC2, cid=2715, SUCCESS, logIndex=4074, commits[7049f9e8-7de6-4c8c-bf4c-9bb5512f4299:c4075, 13d9ac51-91bf-4c73-8824-2f58fc5b2747:c4073, 15cd3569-c751-4f18-b157-6804e7d0f08c:c4073]
2019-07-10 05:59:56,956 INFO  client.GrpcClientProtocolClient (GrpcClientProtocolClient.java:onNext(255)) - client-535162E20057->7049f9e8-7de6-4c8c-bf4c-9bb5512f4299: receive RaftClientReply:client-535162E20057->7049f9e8-7de6-4c8c-bf4c-9bb5512f4299@group-3B5DE3AEDFC2, cid=2716, SUCCESS, logIndex=4075, commits[7049f9e8-7de6-4c8c-bf4c-9bb5512f4299:c4076, 13d9ac51-91bf-4c73-8824-2f58fc5b2747:c4073, 15cd3569-c751-4f18-b157-6804e7d0f08c:c4073]
2019-07-10 05:59:56,956 INFO  client.GrpcClientProtocolClient (GrpcClientProtocolClient.java:onNext(255)) - client-535162E20057->7049f9e8-7de6-4c8c-bf4c-9bb5512f4299: receive RaftClientReply:client-535162E20057->7049f9e8-7de6-4c8c-bf4c-9bb5512f4299@group-3B5DE3AEDFC2, cid=2717, SUCCESS, logIndex=4076, commits[7049f9e8-7de6-4c8c-bf4c-9bb5512f4299:c4077, 13d9ac51-91bf-4c73-8824-2f58fc5b2747:c4073, 15cd3569-c751-4f18-b157-6804e7d0f08c:c4073]
2019-07-10 05:59:56,956 INFO  client.GrpcClientProtocolClient (GrpcClientProtocolClient.java:onNext(255)) - client-535162E20057->7049f9e8-7de6-4c8c-bf4c-9bb5512f4299: receive RaftClientReply:client-535162E20057->7049f9e8-7de6-4c8c-bf4c-9bb5512f4299@group-3B5DE3AEDFC2, cid=2718, SUCCESS, logIndex=4077, commits[7049f9e8-7de6-4c8c-bf4c-9bb5512f4299:c4077, 13d9ac51-91bf-4c73-8824-2f58fc5b2747:c4073, 15cd3569-c751-4f18-b157-6804e7d0f08c:c4073]
2019-07-10 05:59:56,969 INFO  client.GrpcClientProtocolClient (GrpcClientProtocolClient.java:onNext(255)) - client-535162E20057->7049f9e8-7de6-4c8c-bf4c-9bb5512f4299: receive RaftClientReply:client-535162E20057->7049f9e8-7de6-4c8c-bf4c-9bb5512f4299@group-3B5DE3AEDFC2, cid=2719, SUCCESS, logIndex=0, commits[7049f9e8-7de6-4c8c-bf4c-9bb5512f4299:c4079, 13d9ac51-91bf-4c73-8824-2f58fc5b2747:c4075, 15cd3569-c751-4f18-b157-6804e7d0f08c:c4075]
2019-07-10 05:59:56,988 INFO  client.GrpcClientProtocolClient (GrpcClientProtocolClient.java:onNext(255)) - client-535162E20057->7049f9e8-7de6-4c8c-bf4c-9bb5512f4299: receive RaftClientReply:client-535162E20057->7049f9e8-7de6-4c8c-bf4c-9bb5512f4299@group-3B5DE3AEDFC2, cid=2720, SUCCESS, logIndex=4082, commits[7049f9e8-7de6-4c8c-bf4c-9bb5512f4299:c4083, 13d9ac51-91bf-4c73-8824-2f58fc5b2747:c4081, 15cd3569-c751-4f18-b157-6804e7d0f08c:c4081]
2019-07-10 05:59:56,989 INFO  client.GrpcClientProtocolClient (GrpcClientProtocolClient.java:onNext(255)) - client-535162E20057->7049f9e8-7de6-4c8c-bf4c-9bb5512f4299: receive RaftClientReply:client-535162E20057->7049f9e8-7de6-4c8c-bf4c-9bb5512f4299@group-3B5DE3AEDFC2, cid=2721, SUCCESS, logIndex=4083, commits[7049f9e8-7de6-4c8c-bf4c-9bb5512f4299:c4083, 13d9ac51-91bf-4c73-8824-2f58fc5b2747:c4081, 15cd3569-c751-4f18-b157-6804e7d0f08c:c4081]
2019-07-10 05:59:57,003 INFO  client.GrpcClientProtocolClient (GrpcClientProtocolClient.java:onNext(255)) - client-535162E20057->7049f9e8-7de6-4c8c-bf4c-9bb5512f4299: receive RaftClientReply:client-535162E20057->7049f9e8-7de6-4c8c-bf4c-9bb5512f4299@group-3B5DE3AEDFC2, cid=2722, SUCCESS, logIndex=4086, commits[7049f9e8-7de6-4c8c-bf4c-9bb5512f4299:c4087, 13d9ac51-91bf-4c73-8824-2f58fc5b2747:c4083, 15cd3569-c751-4f18-b157-6804e7d0f08c:c4083]
2019-07-10 05:59:57,003 INFO  client.GrpcClientProtocolClient (GrpcClientProtocolClient.java:onNext(255)) - client-535162E20057->7049f9e8-7de6-4c8c-bf4c-9bb5512f4299: receive RaftClientReply:client-535162E20057->7049f9e8-7de6-4c8c-bf4c-9bb5512f4299@group-3B5DE3AEDFC2, cid=2723, SUCCESS, logIndex=4087, commits[7049f9e8-7de6-4c8c-bf4c-9bb5512f4299:c4087, 13d9ac51-91bf-4c73-8824-2f58fc5b2747:c4083, 15cd3569-c751-4f18-b157-6804e7d0f08c:c4083]
2019-07-10 05:59:57,016 INFO  client.GrpcClientProtocolClient (GrpcClientProtocolClient.java:onNext(255)) - client-535162E20057->7049f9e8-7de6-4c8c-bf4c-9bb5512f4299: receive RaftClientReply:client-535162E20057->7049f9e8-7de6-4c8c-bf4c-9bb5512f4299@group-3B5DE3AEDFC2, cid=2724, SUCCESS, logIndex=0, commits[7049f9e8-7de6-4c8c-bf4c-9bb5512f4299:c4088, 13d9ac51-91bf-4c73-8824-2f58fc5b2747:c4087, 15cd3569-c751-4f18-b157-6804e7d0f08c:c4087]
2019-07-10 05:59:57,048 INFO  client.GrpcClientProtocolClient (GrpcClientProtocolClient.java:onNext(255)) - client-535162E20057->7049f9e8-7de6-4c8c-bf4c-9bb5512f4299: receive RaftClientReply:client-535162E20057->7049f9e8-7de6-4c8c-bf4c-9bb5512f4299@group-3B5DE3AEDFC2, cid=2725, SUCCESS, logIndex=4090, commits[7049f9e8-7de6-4c8c-bf4c-9bb5512f4299:c4093, 13d9ac51-91bf-4c73-8824-2f58fc5b2747:c4089, 15cd3569-c751-4f18-b157-6804e7d0f08c:c4089]
2019-07-10 05:59:57,048 INFO  client.GrpcClientProtocolClient (GrpcClientProtocolClient.java:onNext(255)) - client-535162E20057->7049f9e8-7de6-4c8c-bf4c-9bb5512f4299: receive RaftClientReply:client-535162E20057->7049f9e8-7de6-4c8c-bf4c-9bb5512f4299@group-3B5DE3AEDFC2, cid=2726, SUCCESS, logIndex=4091, commits[7049f9e8-7de6-4c8c-bf4c-9bb5512f4299:c4093, 13d9ac51-91bf-4c73-8824-2f58fc5b2747:c4089, 15cd3569-c751-4f18-b157-6804e7d0f08c:c4089]
2019-07-10 05:59:57,048 INFO  client.GrpcClientProtocolClient (GrpcClientProtocolClient.java:onNext(255)) - client-535162E20057->7049f9e8-7de6-4c8c-bf4c-9bb5512f4299: receive RaftClientReply:client-535162E20057->7049f9e8-7de6-4c8c-bf4c-9bb5512f4299@group-3B5DE3AEDFC2, cid=2727, SUCCESS, logIndex=4092, commits[7049f9e8-7de6-4c8c-bf4c-9bb5512f4299:c4093, 13d9ac51-91bf-4c73-8824-2f58fc5b2747:c4089, 15cd3569-c751-4f18-b157-6804e7d0f08c:c4089]
2019-07-10 05:59:57,049 INFO  client.GrpcClientProtocolClient (GrpcClientProtocolClient.java:onNext(255)) - client-535162E20057->7049f9e8-7de6-4c8c-bf4c-9bb5512f4299: receive RaftClientReply:client-535162E20057->7049f9e8-7de6-4c8c-bf4c-9bb5512f4299@group-3B5DE3AEDFC2, cid=2728, SUCCESS, logIndex=4093, commits[7049f9e8-7de6-4c8c-bf4c-9bb5512f4299:c4093, 13d9ac51-91bf-4c73-8824-2f58fc5b2747:c4089, 15cd3569-c751-4f18-b157-6804e7d0f08c:c4089]
2019-07-10 05:59:57,062 INFO  client.GrpcClientProtocolClient (GrpcClientProtocolClient.java:onNext(255)) - client-535162E20057->7049f9e8-7de6-4c8c-bf4c-9bb5512f4299: receive RaftClientReply:client-535162E20057->7049f9e8-7de6-4c8c-bf4c-9bb5512f4299@group-3B5DE3AEDFC2, cid=2729, SUCCESS, logIndex=0, commits[7049f9e8-7de6-4c8c-bf4c-9bb5512f4299:c4096, 13d9ac51-91bf-4c73-8824-2f58fc5b2747:c4092, 15cd3569-c751-4f18-b157-6804e7d0f08c:c4091]
2019-07-10 05:59:57,072 INFO  client.GrpcClientProtocolClient (GrpcClientProtocolClient.java:onNext(255)) - client-535162E20057->7049f9e8-7de6-4c8c-bf4c-9bb5512f4299: receive RaftClientReply:client-535162E20057->7049f9e8-7de6-4c8c-bf4c-9bb5512f4299@group-3B5DE3AEDFC2, cid=2730, SUCCESS, logIndex=4098, commits[7049f9e8-7de6-4c8c-bf4c-9bb5512f4299:c4099, 13d9ac51-91bf-4c73-8824-2f58fc5b2747:c4097, 15cd3569-c751-4f18-b157-6804e7d0f08c:c4097]
2019-07-10 05:59:57,073 INFO  client.GrpcClientProtocolClient (GrpcClientProtocolClient.java:onNext(255)) - client-535162E20057->7049f9e8-7de6-4c8c-bf4c-9bb5512f4299: receive RaftClientReply:client-535162E20057->7049f9e8-7de6-4c8c-bf4c-9bb5512f4299@group-3B5DE3AEDFC2, cid=2731, SUCCESS, logIndex=4099, commits[7049f9e8-7de6-4c8c-bf4c-9bb5512f4299:c4099, 13d9ac51-91bf-4c73-8824-2f58fc5b2747:c4097, 15cd3569-c751-4f18-b157-6804e7d0f08c:c4097]
2019-07-10 05:59:57,083 INFO  client.GrpcClientProtocolClient (GrpcClientProtocolClient.java:onNext(255)) - client-535162E20057->7049f9e8-7de6-4c8c-bf4c-9bb5512f4299: receive RaftClientReply:client-535162E20057->7049f9e8-7de6-4c8c-bf4c-9bb5512f4299@group-3B5DE3AEDFC2, cid=2732, SUCCESS, logIndex=4102, commits[7049f9e8-7de6-4c8c-bf4c-9bb5512f4299:c4103, 13d9ac51-91bf-4c73-8824-2f58fc5b2747:c4101, 15cd3569-c751-4f18-b157-6804e7d0f08c:c4101]
2019-07-10 05:59:57,083 INFO  client.GrpcClientProtocolClient (GrpcClientProtocolClient.java:onNext(255)) - client-535162E20057->7049f9e8-7de6-4c8c-bf4c-9bb5512f4299: receive RaftClientReply:client-535162E20057->7049f9e8-7de6-4c8c-bf4c-9bb5512f4299@group-3B5DE3AEDFC2, cid=2733, SUCCESS, logIndex=4103, commits[7049f9e8-7de6-4c8c-bf4c-9bb5512f4299:c4103, 13d9ac51-91bf-4c73-8824-2f58fc5b2747:c4101, 15cd3569-c751-4f18-b157-6804e7d0f08c:c4101]
2019-07-10 05:59:57,086 INFO  client.GrpcClientProtocolClient (GrpcClientProtocolClient.java:onNext(255)) - client-535162E20057->7049f9e8-7de6-4c8c-bf4c-9bb5512f4299: receive RaftClientReply:client-535162E20057->7049f9e8-7de6-4c8c-bf4c-9bb5512f4299@group-3B5DE3AEDFC2, cid=2734, SUCCESS, logIndex=0, commits[7049f9e8-7de6-4c8c-bf4c-9bb5512f4299:c4105, 13d9ac51-91bf-4c73-8824-2f58fc5b2747:c4103, 15cd3569-c751-4f18-b157-6804e7d0f08c:c4103]
2019-07-10 05:59:57,110 INFO  client.GrpcClientProtocolClient (GrpcClientProtocolClient.java:onNext(255)) - client-535162E20057->7049f9e8-7de6-4c8c-bf4c-9bb5512f4299: receive RaftClientReply:client-535162E20057->7049f9e8-7de6-4c8c-bf4c-9bb5512f4299@group-3B5DE3AEDFC2, cid=2735, SUCCESS, logIndex=4106, commits[7049f9e8-7de6-4c8c-bf4c-9bb5512f4299:c4107, 13d9ac51-91bf-4c73-8824-2f58fc5b2747:c4105, 15cd3569-c751-4f18-b157-6804e7d0f08c:c4105]
2019-07-10 05:59:57,111 INFO  client.GrpcClientProtocolClient (GrpcClientProtocolClient.java:onNext(255)) - client-535162E20057->7049f9e8-7de6-4c8c-bf4c-9bb5512f4299: receive RaftClientReply:client-535162E20057->7049f9e8-7de6-4c8c-bf4c-9bb5512f4299@group-3B5DE3AEDFC2, cid=2736, SUCCESS, logIndex=4107, commits[7049f9e8-7de6-4c8c-bf4c-9bb5512f4299:c4109, 13d9ac51-91bf-4c73-8824-2f58fc5b2747:c4105, 15cd3569-c751-4f18-b157-6804e7d0f08c:c4105]
2019-07-10 05:59:57,111 INFO  client.GrpcClientProtocolClient (GrpcClientProtocolClient.java:onNext(255)) - client-535162E20057->7049f9e8-7de6-4c8c-bf4c-9bb5512f4299: receive RaftClientReply:client-535162E20057->7049f9e8-7de6-4c8c-bf4c-9bb5512f4299@group-3B5DE3AEDFC2, cid=2737, SUCCESS, logIndex=4108, commits[7049f9e8-7de6-4c8c-bf4c-9bb5512f4299:c4109, 13d9ac51-91bf-4c73-8824-2f58fc5b2747:c4105, 15cd3569-c751-4f18-b157-6804e7d0f08c:c4105]
2019-07-10 05:59:57,214 INFO  client.GrpcClientProtocolClient (GrpcClientProtocolClient.java:onNext(255)) - client-535162E20057->7049f9e8-7de6-4c8c-bf4c-9bb5512f4299: receive RaftClientReply:client-535162E20057->7049f9e8-7de6-4c8c-bf4c-9bb5512f4299@group-3B5DE3AEDFC2, cid=2738, SUCCESS, logIndex=4109, commits[7049f9e8-7de6-4c8c-bf4c-9bb5512f4299:c4109, 13d9ac51-91bf-4c73-8824-2f58fc5b2747:c4105, 15cd3569-c751-4f18-b157-6804e7d0f08c:c4105]
2019-07-10 05:59:57,226 INFO  client.GrpcClientProtocolClient (GrpcClientProtocolClient.java:onNext(255)) - client-535162E20057->7049f9e8-7de6-4c8c-bf4c-9bb5512f4299: receive RaftClientReply:client-535162E20057->7049f9e8-7de6-4c8c-bf4c-9bb5512f4299@group-3B5DE3AEDFC2, cid=2739, SUCCESS, logIndex=0, commits[7049f9e8-7de6-4c8c-bf4c-9bb5512f4299:c4112, 13d9ac51-91bf-4c73-8824-2f58fc5b2747:c4109, 15cd3569-c751-4f18-b157-6804e7d0f08c:c4107]
2019-07-10 05:59:57,246 INFO  client.GrpcClientProtocolClient (GrpcClientProtocolClient.java:onNext(255)) - client-535162E20057->7049f9e8-7de6-4c8c-bf4c-9bb5512f4299: receive RaftClientReply:client-535162E20057->7049f9e8-7de6-4c8c-bf4c-9bb5512f4299@group-3B5DE3AEDFC2, cid=2740, SUCCESS, logIndex=4113, commits[7049f9e8-7de6-4c8c-bf4c-9bb5512f4299:c4114, 13d9ac51-91bf-4c73-8824-2f58fc5b2747:c4112, 15cd3569-c751-4f18-b157-6804e7d0f08c:c4112]
2019-07-10 05:59:57,246 INFO  client.GrpcClientProtocolClient (GrpcClientProtocolClient.java:onNext(255)) - client-535162E20057->7049f9e8-7de6-4c8c-bf4c-9bb5512f4299: receive RaftClientReply:client-535162E20057->7049f9e8-7de6-4c8c-bf4c-9bb5512f4299@group-3B5DE3AEDFC2, cid=2741, SUCCESS, logIndex=4114, commits[7049f9e8-7de6-4c8c-bf4c-9bb5512f4299:c4114, 13d9ac51-91bf-4c73-8824-2f58fc5b2747:c4112, 15cd3569-c751-4f18-b157-6804e7d0f08c:c4112]
2019-07-10 05:59:57,259 INFO  client.GrpcClientProtocolClient (GrpcClientProtocolClient.java:onNext(255)) - client-535162E20057->7049f9e8-7de6-4c8c-bf4c-9bb5512f4299: receive RaftClientReply:client-535162E20057->7049f9e8-7de6-4c8c-bf4c-9bb5512f4299@group-3B5DE3AEDFC2, cid=2742, SUCCESS, logIndex=4117, commits[7049f9e8-7de6-4c8c-bf4c-9bb5512f4299:c4118, 13d9ac51-91bf-4c73-8824-2f58fc5b2747:c4113, 15cd3569-c751-4f18-b157-6804e7d0f08c:c4114]
2019-07-10 05:59:57,260 INFO  client.GrpcClientProtocolClient (GrpcClientProtocolClient.java:onNext(255)) - client-535162E20057->7049f9e8-7de6-4c8c-bf4c-9bb5512f4299: receive RaftClientReply:client-535162E20057->7049f9e8-7de6-4c8c-bf4c-9bb5512f4299@group-3B5DE3AEDFC2, cid=2743, SUCCESS, logIndex=4118, commits[7049f9e8-7de6-4c8c-bf4c-9bb5512f4299:c4118, 13d9ac51-91bf-4c73-8824-2f58fc5b2747:c4114, 15cd3569-c751-4f18-b157-6804e7d0f08c:c4114]
2019-07-10 05:59:57,262 INFO  client.GrpcClientProtocolClient (GrpcClientProtocolClient.java:onNext(255)) - client-535162E20057->7049f9e8-7de6-4c8c-bf4c-9bb5512f4299: receive RaftClientReply:client-535162E20057->7049f9e8-7de6-4c8c-bf4c-9bb5512f4299@group-3B5DE3AEDFC2, cid=2744, SUCCESS, logIndex=0, commits[7049f9e8-7de6-4c8c-bf4c-9bb5512f4299:c4120, 13d9ac51-91bf-4c73-8824-2f58fc5b2747:c4118, 15cd3569-c751-4f18-b157-6804e7d0f08c:c4118]
2019-07-10 05:59:57,290 INFO  client.GrpcClientProtocolClient (GrpcClientProtocolClient.java:onNext(255)) - client-535162E20057->7049f9e8-7de6-4c8c-bf4c-9bb5512f4299: receive RaftClientReply:client-535162E20057->7049f9e8-7de6-4c8c-bf4c-9bb5512f4299@group-3B5DE3AEDFC2, cid=2745, SUCCESS, logIndex=4121, commits[7049f9e8-7de6-4c8c-bf4c-9bb5512f4299:c4122, 13d9ac51-91bf-4c73-8824-2f58fc5b2747:c4120, 15cd3569-c751-4f18-b157-6804e7d0f08c:c4120]
2019-07-10 05:59:57,291 INFO  client.GrpcClientProtocolClient (GrpcClientProtocolClient.java:onNext(255)) - client-535162E20057->7049f9e8-7de6-4c8c-bf4c-9bb5512f4299: receive RaftClientReply:client-535162E20057->7049f9e8-7de6-4c8c-bf4c-9bb5512f4299@group-3B5DE3AEDFC2, cid=2746, SUCCESS, logIndex=4122, commits[7049f9e8-7de6-4c8c-bf4c-9bb5512f4299:c4122, 13d9ac51-91bf-4c73-8824-2f58fc5b2747:c4120, 15cd3569-c751-4f18-b157-6804e7d0f08c:c4120]
2019-07-10 05:59:57,302 INFO  client.GrpcClientProtocolClient (GrpcClientProtocolClient.java:onNext(255)) - client-535162E20057->7049f9e8-7de6-4c8c-bf4c-9bb5512f4299: receive RaftClientReply:client-535162E20057->7049f9e8-7de6-4c8c-bf4c-9bb5512f4299@group-3B5DE3AEDFC2, cid=2747, SUCCESS, logIndex=4123, commits[7049f9e8-7de6-4c8c-bf4c-9bb5512f4299:c4124, 13d9ac51-91bf-4c73-8824-2f58fc5b2747:c4120, 15cd3569-c751-4f18-b157-6804e7d0f08c:c4120]
2019-07-10 05:59:57,303 INFO  client.GrpcClientProtocolClient (GrpcClientProtocolClient.java:onNext(255)) - client-535162E20057->7049f9e8-7de6-4c8c-bf4c-9bb5512f4299: receive RaftClientReply:client-535162E20057->7049f9e8-7de6-4c8c-bf4c-9bb5512f4299@group-3B5DE3AEDFC2, cid=2748, SUCCESS, logIndex=4124, commits[7049f9e8-7de6-4c8c-bf4c-9bb5512f4299:c4124, 13d9ac51-91bf-4c73-8824-2f58fc5b2747:c4120, 15cd3569-c751-4f18-b157-6804e7d0f08c:c4120]
2019-07-10 05:59:57,305 INFO  client.GrpcClientProtocolClient (GrpcClientProtocolClient.java:onNext(255)) - client-535162E20057->7049f9e8-7de6-4c8c-bf4c-9bb5512f4299: receive RaftClientReply:client-535162E20057->7049f9e8-7de6-4c8c-bf4c-9bb5512f4299@group-3B5DE3AEDFC2, cid=2749, SUCCESS, logIndex=0, commits[7049f9e8-7de6-4c8c-bf4c-9bb5512f4299:c4126, 13d9ac51-91bf-4c73-8824-2f58fc5b2747:c4122, 15cd3569-c751-4f18-b157-6804e7d0f08c:c4122]
2019-07-10 05:59:57,338 INFO  client.GrpcClientProtocolClient (GrpcClientProtocolClient.java:onNext(255)) - client-535162E20057->7049f9e8-7de6-4c8c-bf4c-9bb5512f4299: receive RaftClientReply:client-535162E20057->7049f9e8-7de6-4c8c-bf4c-9bb5512f4299@group-3B5DE3AEDFC2, cid=2750, SUCCESS, logIndex=4129, commits[7049f9e8-7de6-4c8c-bf4c-9bb5512f4299:c4130, 13d9ac51-91bf-4c73-8824-2f58fc5b2747:c4126, 15cd3569-c751-4f18-b157-6804e7d0f08c:c4126]
2019-07-10 05:59:57,338 INFO  client.GrpcClientProtocolClient (GrpcClientProtocolClient.java:onNext(255)) - client-535162E20057->7049f9e8-7de6-4c8c-bf4c-9bb5512f4299: receive RaftClientReply:client-535162E20057->7049f9e8-7de6-4c8c-bf4c-9bb5512f4299@group-3B5DE3AEDFC2, cid=2751, SUCCESS, logIndex=4130, commits[7049f9e8-7de6-4c8c-bf4c-9bb5512f4299:c4130, 13d9ac51-91bf-4c73-8824-2f58fc5b2747:c4126, 15cd3569-c751-4f18-b157-6804e7d0f08c:c4126]
2019-07-10 05:59:57,351 INFO  client.GrpcClientProtocolClient (GrpcClientProtocolClient.java:onNext(255)) - client-535162E20057->7049f9e8-7de6-4c8c-bf4c-9bb5512f4299: receive RaftClientReply:client-535162E20057->7049f9e8-7de6-4c8c-bf4c-9bb5512f4299@group-3B5DE3AEDFC2, cid=2752, SUCCESS, logIndex=4133, commits[7049f9e8-7de6-4c8c-bf4c-9bb5512f4299:c4133, 13d9ac51-91bf-4c73-8824-2f58fc5b2747:c4129, 15cd3569-c751-4f18-b157-6804e7d0f08c:c4130]
2019-07-10 05:59:57,352 INFO  client.GrpcClientProtocolClient (GrpcClientProtocolClient.java:onNext(255)) - client-535162E20057->7049f9e8-7de6-4c8c-bf4c-9bb5512f4299: receive RaftClientReply:client-535162E20057->7049f9e8-7de6-4c8c-bf4c-9bb5512f4299@group-3B5DE3AEDFC2, cid=2753, SUCCESS, logIndex=4134, commits[7049f9e8-7de6-4c8c-bf4c-9bb5512f4299:c4134, 13d9ac51-91bf-4c73-8824-2f58fc5b2747:c4130, 15cd3569-c751-4f18-b157-6804e7d0f08c:c4130]
2019-07-10 05:59:57,353 INFO  client.GrpcClientProtocolClient (GrpcClientProtocolClient.java:onNext(255)) - client-535162E20057->7049f9e8-7de6-4c8c-bf4c-9bb5512f4299: receive RaftClientReply:client-535162E20057->7049f9e8-7de6-4c8c-bf4c-9bb5512f4299@group-3B5DE3AEDFC2, cid=2754, SUCCESS, logIndex=0, commits[7049f9e8-7de6-4c8c-bf4c-9bb5512f4299:c4135, 13d9ac51-91bf-4c73-8824-2f58fc5b2747:c4134, 15cd3569-c751-4f18-b157-6804e7d0f08c:c4134]
2019-07-10 05:59:57,382 INFO  client.GrpcClientProtocolClient (GrpcClientProtocolClient.java:onNext(255)) - client-535162E20057->7049f9e8-7de6-4c8c-bf4c-9bb5512f4299: receive RaftClientReply:client-535162E20057->7049f9e8-7de6-4c8c-bf4c-9bb5512f4299@group-3B5DE3AEDFC2, cid=2755, SUCCESS, logIndex=4137, commits[7049f9e8-7de6-4c8c-bf4c-9bb5512f4299:c4138, 13d9ac51-91bf-4c73-8824-2f58fc5b2747:c4136, 15cd3569-c751-4f18-b157-6804e7d0f08c:c4136]
2019-07-10 05:59:57,382 INFO  client.GrpcClientProtocolClient (GrpcClientProtocolClient.java:onNext(255)) - client-535162E20057->7049f9e8-7de6-4c8c-bf4c-9bb5512f4299: receive RaftClientReply:client-535162E20057->7049f9e8-7de6-4c8c-bf4c-9bb5512f4299@group-3B5DE3AEDFC2, cid=2756, SUCCESS, logIndex=4138, commits[7049f9e8-7de6-4c8c-bf4c-9bb5512f4299:c4139, 13d9ac51-91bf-4c73-8824-2f58fc5b2747:c4136, 15cd3569-c751-4f18-b157-6804e7d0f08c:c4136]
2019-07-10 05:59:57,382 INFO  client.GrpcClientProtocolClient (GrpcClientProtocolClient.java:onNext(255)) - client-535162E20057->7049f9e8-7de6-4c8c-bf4c-9bb5512f4299: receive RaftClientReply:client-535162E20057->7049f9e8-7de6-4c8c-bf4c-9bb5512f4299@group-3B5DE3AEDFC2, cid=2757, SUCCESS, logIndex=4139, commits[7049f9e8-7de6-4c8c-bf4c-9bb5512f4299:c4140, 13d9ac51-91bf-4c73-8824-2f58fc5b2747:c4136, 15cd3569-c751-4f18-b157-6804e7d0f08c:c4136]
2019-07-10 05:59:57,383 INFO  client.GrpcClientProtocolClient (GrpcClientProtocolClient.java:onNext(255)) - client-535162E20057->7049f9e8-7de6-4c8c-bf4c-9bb5512f4299: receive RaftClientReply:client-535162E20057->7049f9e8-7de6-4c8c-bf4c-9bb5512f4299@group-3B5DE3AEDFC2, cid=2758, SUCCESS, logIndex=4140, commits[7049f9e8-7de6-4c8c-bf4c-9bb5512f4299:c4140, 13d9ac51-91bf-4c73-8824-2f58fc5b2747:c4136, 15cd3569-c751-4f18-b157-6804e7d0f08c:c4136]
2019-07-10 05:59:57,395 INFO  client.GrpcClientProtocolClient (GrpcClientProtocolClient.java:onNext(255)) - client-535162E20057->7049f9e8-7de6-4c8c-bf4c-9bb5512f4299: receive RaftClientReply:client-535162E20057->7049f9e8-7de6-4c8c-bf4c-9bb5512f4299@group-3B5DE3AEDFC2, cid=2759, SUCCESS, logIndex=0, commits[7049f9e8-7de6-4c8c-bf4c-9bb5512f4299:c4142, 13d9ac51-91bf-4c73-8824-2f58fc5b2747:c4138, 15cd3569-c751-4f18-b157-6804e7d0f08c:c4138]
2019-07-10 05:59:57,416 INFO  client.GrpcClientProtocolClient (GrpcClientProtocolClient.java:onNext(255)) - client-535162E20057->7049f9e8-7de6-4c8c-bf4c-9bb5512f4299: receive RaftClientReply:client-535162E20057->7049f9e8-7de6-4c8c-bf4c-9bb5512f4299@group-3B5DE3AEDFC2, cid=2760, SUCCESS, logIndex=4145, commits[7049f9e8-7de6-4c8c-bf4c-9bb5512f4299:c4146, 13d9ac51-91bf-4c73-8824-2f58fc5b2747:c4144, 15cd3569-c751-4f18-b157-6804e7d0f08c:c4144]
2019-07-10 05:59:57,416 INFO  client.GrpcClientProtocolClient (GrpcClientProtocolClient.java:onNext(255)) - client-535162E20057->7049f9e8-7de6-4c8c-bf4c-9bb5512f4299: receive RaftClientReply:client-535162E20057->7049f9e8-7de6-4c8c-bf4c-9bb5512f4299@group-3B5DE3AEDFC2, cid=2761, SUCCESS, logIndex=4146, commits[7049f9e8-7de6-4c8c-bf4c-9bb5512f4299:c4146, 13d9ac51-91bf-4c73-8824-2f58fc5b2747:c4144, 15cd3569-c751-4f18-b157-6804e7d0f08c:c4144]
2019-07-10 05:59:57,430 INFO  client.GrpcClientProtocolClient (GrpcClientProtocolClient.java:onNext(255)) - client-535162E20057->7049f9e8-7de6-4c8c-bf4c-9bb5512f4299: receive RaftClientReply:client-535162E20057->7049f9e8-7de6-4c8c-bf4c-9bb5512f4299@group-3B5DE3AEDFC2, cid=2762, SUCCESS, logIndex=4149, commits[7049f9e8-7de6-4c8c-bf4c-9bb5512f4299:c4150, 13d9ac51-91bf-4c73-8824-2f58fc5b2747:c4146, 15cd3569-c751-4f18-b157-6804e7d0f08c:c4146]
2019-07-10 05:59:57,430 INFO  client.GrpcClientProtocolClient (GrpcClientProtocolClient.java:onNext(255)) - client-535162E20057->7049f9e8-7de6-4c8c-bf4c-9bb5512f4299: receive RaftClientReply:client-535162E20057->7049f9e8-7de6-4c8c-bf4c-9bb5512f4299@group-3B5DE3AEDFC2, cid=2763, SUCCESS, logIndex=4150, commits[7049f9e8-7de6-4c8c-bf4c-9bb5512f4299:c4150, 13d9ac51-91bf-4c73-8824-2f58fc5b2747:c4146, 15cd3569-c751-4f18-b157-6804e7d0f08c:c4146]
2019-07-10 05:59:57,443 INFO  client.GrpcClientProtocolClient (GrpcClientProtocolClient.java:onNext(255)) - client-535162E20057->7049f9e8-7de6-4c8c-bf4c-9bb5512f4299: receive RaftClientReply:client-535162E20057->7049f9e8-7de6-4c8c-bf4c-9bb5512f4299@group-3B5DE3AEDFC2, cid=2764, SUCCESS, logIndex=0, commits[7049f9e8-7de6-4c8c-bf4c-9bb5512f4299:c4152, 13d9ac51-91bf-4c73-8824-2f58fc5b2747:c4150, 15cd3569-c751-4f18-b157-6804e7d0f08c:c4150]
2019-07-10 05:59:57,470 INFO  client.GrpcClientProtocolClient (GrpcClientProtocolClient.java:onNext(255)) - client-535162E20057->7049f9e8-7de6-4c8c-bf4c-9bb5512f4299: receive RaftClientReply:client-535162E20057->7049f9e8-7de6-4c8c-bf4c-9bb5512f4299@group-3B5DE3AEDFC2, cid=2765, SUCCESS, logIndex=4153, commits[7049f9e8-7de6-4c8c-bf4c-9bb5512f4299:c4154, 13d9ac51-91bf-4c73-8824-2f58fc5b2747:c4152, 15cd3569-c751-4f18-b157-6804e7d0f08c:c4152]
2019-07-10 05:59:57,470 INFO  client.GrpcClientProtocolClient (GrpcClientProtocolClient.java:onNext(255)) - client-535162E20057->7049f9e8-7de6-4c8c-bf4c-9bb5512f4299: receive RaftClientReply:client-535162E20057->7049f9e8-7de6-4c8c-bf4c-9bb5512f4299@group-3B5DE3AEDFC2, cid=2766, SUCCESS, logIndex=4154, commits[7049f9e8-7de6-4c8c-bf4c-9bb5512f4299:c4154, 13d9ac51-91bf-4c73-8824-2f58fc5b2747:c4152, 15cd3569-c751-4f18-b157-6804e7d0f08c:c4152]
2019-07-10 05:59:57,471 INFO  client.GrpcClientProtocolClient (GrpcClientProtocolClient.java:onNext(255)) - client-535162E20057->7049f9e8-7de6-4c8c-bf4c-9bb5512f4299: receive RaftClientReply:client-535162E20057->7049f9e8-7de6-4c8c-bf4c-9bb5512f4299@group-3B5DE3AEDFC2, cid=2767, SUCCESS, logIndex=4155, commits[7049f9e8-7de6-4c8c-bf4c-9bb5512f4299:c4156, 13d9ac51-91bf-4c73-8824-2f58fc5b2747:c4152, 15cd3569-c751-4f18-b157-6804e7d0f08c:c4152]
2019-07-10 05:59:57,471 INFO  client.GrpcClientProtocolClient (GrpcClientProtocolClient.java:onNext(255)) - client-535162E20057->7049f9e8-7de6-4c8c-bf4c-9bb5512f4299: receive RaftClientReply:client-535162E20057->7049f9e8-7de6-4c8c-bf4c-9bb5512f4299@group-3B5DE3AEDFC2, cid=2768, SUCCESS, logIndex=4156, commits[7049f9e8-7de6-4c8c-bf4c-9bb5512f4299:c4156, 13d9ac51-91bf-4c73-8824-2f58fc5b2747:c4152, 15cd3569-c751-4f18-b157-6804e7d0f08c:c4152]
2019-07-10 05:59:57,484 INFO  client.GrpcClientProtocolClient (GrpcClientProtocolClient.java:onNext(255)) - client-535162E20057->7049f9e8-7de6-4c8c-bf4c-9bb5512f4299: receive RaftClientReply:client-535162E20057->7049f9e8-7de6-4c8c-bf4c-9bb5512f4299@group-3B5DE3AEDFC2, cid=2769, SUCCESS, logIndex=0, commits[7049f9e8-7de6-4c8c-bf4c-9bb5512f4299:c4158, 13d9ac51-91bf-4c73-8824-2f58fc5b2747:c4154, 15cd3569-c751-4f18-b157-6804e7d0f08c:c4154]
2019-07-10 05:59:57,503 INFO  client.GrpcClientProtocolClient (GrpcClientProtocolClient.java:onNext(255)) - client-535162E20057->7049f9e8-7de6-4c8c-bf4c-9bb5512f4299: receive RaftClientReply:client-535162E20057->7049f9e8-7de6-4c8c-bf4c-9bb5512f4299@group-3B5DE3AEDFC2, cid=2770, SUCCESS, logIndex=4161, commits[7049f9e8-7de6-4c8c-bf4c-9bb5512f4299:c4162, 13d9ac51-91bf-4c73-8824-2f58fc5b2747:c4160, 15cd3569-c751-4f18-b157-6804e7d0f08c:c4160]
2019-07-10 05:59:57,503 INFO  client.GrpcClientProtocolClient (GrpcClientProtocolClient.java:onNext(255)) - client-535162E20057->7049f9e8-7de6-4c8c-bf4c-9bb5512f4299: receive RaftClientReply:client-535162E20057->7049f9e8-7de6-4c8c-bf4c-9bb5512f4299@group-3B5DE3AEDFC2, cid=2771, SUCCESS, logIndex=4162, commits[7049f9e8-7de6-4c8c-bf4c-9bb5512f4299:c4162, 13d9ac51-91bf-4c73-8824-2f58fc5b2747:c4160, 15cd3569-c751-4f18-b157-6804e7d0f08c:c4160]
2019-07-10 05:59:57,518 INFO  client.GrpcClientProtocolClient (GrpcClientProtocolClient.java:onNext(255)) - client-535162E20057->7049f9e8-7de6-4c8c-bf4c-9bb5512f4299: receive RaftClientReply:client-535162E20057->7049f9e8-7de6-4c8c-bf4c-9bb5512f4299@group-3B5DE3AEDFC2, cid=2772, SUCCESS, logIndex=4165, commits[7049f9e8-7de6-4c8c-bf4c-9bb5512f4299:c4166, 13d9ac51-91bf-4c73-8824-2f58fc5b2747:c4162, 15cd3569-c751-4f18-b157-6804e7d0f08c:c4162]
2019-07-10 05:59:57,519 INFO  client.GrpcClientProtocolClient (GrpcClientProtocolClient.java:onNext(255)) - client-535162E20057->7049f9e8-7de6-4c8c-bf4c-9bb5512f4299: receive RaftClientReply:client-535162E20057->7049f9e8-7de6-4c8c-bf4c-9bb5512f4299@group-3B5DE3AEDFC2, cid=2773, SUCCESS, logIndex=4166, commits[7049f9e8-7de6-4c8c-bf4c-9bb5512f4299:c4166, 13d9ac51-91bf-4c73-8824-2f58fc5b2747:c4162, 15cd3569-c751-4f18-b157-6804e7d0f08c:c4162]
 0.00% |█                                                                                                    |  0/1 Time: 0:00:222019-07-10 05:59:57,533 INFO  client.GrpcClientProtocolClient (GrpcClientProtocolClient.java:onNext(255)) - client-535162E20057->7049f9e8-7de6-4c8c-bf4c-9bb5512f4299: receive RaftClientReply:client-535162E20057->7049f9e8-7de6-4c8c-bf4c-9bb5512f4299@group-3B5DE3AEDFC2, cid=2774, SUCCESS, logIndex=0, commits[7049f9e8-7de6-4c8c-bf4c-9bb5512f4299:c4168, 13d9ac51-91bf-4c73-8824-2f58fc5b2747:c4166, 15cd3569-c751-4f18-b157-6804e7d0f08c:c4166]
2019-07-10 05:59:57,559 INFO  client.GrpcClientProtocolClient (GrpcClientProtocolClient.java:onNext(255)) - client-535162E20057->7049f9e8-7de6-4c8c-bf4c-9bb5512f4299: receive RaftClientReply:client-535162E20057->7049f9e8-7de6-4c8c-bf4c-9bb5512f4299@group-3B5DE3AEDFC2, cid=2775, SUCCESS, logIndex=4169, commits[7049f9e8-7de6-4c8c-bf4c-9bb5512f4299:c4170, 13d9ac51-91bf-4c73-8824-2f58fc5b2747:c4168, 15cd3569-c751-4f18-b157-6804e7d0f08c:c4168]
2019-07-10 05:59:57,560 INFO  client.GrpcClientProtocolClient (GrpcClientProtocolClient.java:onNext(255)) - client-535162E20057->7049f9e8-7de6-4c8c-bf4c-9bb5512f4299: receive RaftClientReply:client-535162E20057->7049f9e8-7de6-4c8c-bf4c-9bb5512f4299@group-3B5DE3AEDFC2, cid=2776, SUCCESS, logIndex=4170, commits[7049f9e8-7de6-4c8c-bf4c-9bb5512f4299:c4172, 13d9ac51-91bf-4c73-8824-2f58fc5b2747:c4168, 15cd3569-c751-4f18-b157-6804e7d0f08c:c4168]
2019-07-10 05:59:57,560 INFO  client.GrpcClientProtocolClient (GrpcClientProtocolClient.java:onNext(255)) - client-535162E20057->7049f9e8-7de6-4c8c-bf4c-9bb5512f4299: receive RaftClientReply:client-535162E20057->7049f9e8-7de6-4c8c-bf4c-9bb5512f4299@group-3B5DE3AEDFC2, cid=2777, SUCCESS, logIndex=4171, commits[7049f9e8-7de6-4c8c-bf4c-9bb5512f4299:c4172, 13d9ac51-91bf-4c73-8824-2f58fc5b2747:c4168, 15cd3569-c751-4f18-b157-6804e7d0f08c:c4168]
2019-07-10 05:59:57,560 INFO  client.GrpcClientProtocolClient (GrpcClientProtocolClient.java:onNext(255)) - client-535162E20057->7049f9e8-7de6-4c8c-bf4c-9bb5512f4299: receive RaftClientReply:client-535162E20057->7049f9e8-7de6-4c8c-bf4c-9bb5512f4299@group-3B5DE3AEDFC2, cid=2778, SUCCESS, logIndex=4172, commits[7049f9e8-7de6-4c8c-bf4c-9bb5512f4299:c4172, 13d9ac51-91bf-4c73-8824-2f58fc5b2747:c4168, 15cd3569-c751-4f18-b157-6804e7d0f08c:c4168]
2019-07-10 05:59:57,574 INFO  client.GrpcClientProtocolClient (GrpcClientProtocolClient.java:onNext(255)) - client-535162E20057->7049f9e8-7de6-4c8c-bf4c-9bb5512f4299: receive RaftClientReply:client-535162E20057->7049f9e8-7de6-4c8c-bf4c-9bb5512f4299@group-3B5DE3AEDFC2, cid=2779, SUCCESS, logIndex=0, commits[7049f9e8-7de6-4c8c-bf4c-9bb5512f4299:c4176, 13d9ac51-91bf-4c73-8824-2f58fc5b2747:c4170, 15cd3569-c751-4f18-b157-6804e7d0f08c:c4172]
2019-07-10 05:59:57,594 INFO  client.GrpcClientProtocolClient (GrpcClientProtocolClient.java:onNext(255)) - client-535162E20057->7049f9e8-7de6-4c8c-bf4c-9bb5512f4299: receive RaftClientReply:client-535162E20057->7049f9e8-7de6-4c8c-bf4c-9bb5512f4299@group-3B5DE3AEDFC2, cid=2780, SUCCESS, logIndex=4177, commits[7049f9e8-7de6-4c8c-bf4c-9bb5512f4299:c4178, 13d9ac51-91bf-4c73-8824-2f58fc5b2747:c4176, 15cd3569-c751-4f18-b157-6804e7d0f08c:c4176]
2019-07-10 05:59:57,595 INFO  client.GrpcClientProtocolClient (GrpcClientProtocolClient.java:onNext(255)) - client-535162E20057->7049f9e8-7de6-4c8c-bf4c-9bb5512f4299: receive RaftClientReply:client-535162E20057->7049f9e8-7de6-4c8c-bf4c-9bb5512f4299@group-3B5DE3AEDFC2, cid=2781, SUCCESS, logIndex=4178, commits[7049f9e8-7de6-4c8c-bf4c-9bb5512f4299:c4178, 13d9ac51-91bf-4c73-8824-2f58fc5b2747:c4176, 15cd3569-c751-4f18-b157-6804e7d0f08c:c4176]
2019-07-10 05:59:57,607 INFO  client.GrpcClientProtocolClient (GrpcClientProtocolClient.java:onNext(255)) - client-535162E20057->7049f9e8-7de6-4c8c-bf4c-9bb5512f4299: receive RaftClientReply:client-535162E20057->7049f9e8-7de6-4c8c-bf4c-9bb5512f4299@group-3B5DE3AEDFC2, cid=2782, SUCCESS, logIndex=4181, commits[7049f9e8-7de6-4c8c-bf4c-9bb5512f4299:c4182, 13d9ac51-91bf-4c73-8824-2f58fc5b2747:c4178, 15cd3569-c751-4f18-b157-6804e7d0f08c:c4180]
2019-07-10 05:59:57,607 INFO  client.GrpcClientProtocolClient (GrpcClientProtocolClient.java:onNext(255)) - client-535162E20057->7049f9e8-7de6-4c8c-bf4c-9bb5512f4299: receive RaftClientReply:client-535162E20057->7049f9e8-7de6-4c8c-bf4c-9bb5512f4299@group-3B5DE3AEDFC2, cid=2783, SUCCESS, logIndex=4182, commits[7049f9e8-7de6-4c8c-bf4c-9bb5512f4299:c4182, 13d9ac51-91bf-4c73-8824-2f58fc5b2747:c4180, 15cd3569-c751-4f18-b157-6804e7d0f08c:c4180]
2019-07-10 05:59:57,610 INFO  client.GrpcClientProtocolClient (GrpcClientProtocolClient.java:onNext(255)) - client-535162E20057->7049f9e8-7de6-4c8c-bf4c-9bb5512f4299: receive RaftClientReply:client-535162E20057->7049f9e8-7de6-4c8c-bf4c-9bb5512f4299@group-3B5DE3AEDFC2, cid=2784, SUCCESS, logIndex=0, commits[7049f9e8-7de6-4c8c-bf4c-9bb5512f4299:c4184, 13d9ac51-91bf-4c73-8824-2f58fc5b2747:c4182, 15cd3569-c751-4f18-b157-6804e7d0f08c:c4182]
2019-07-10 05:59:57,631 INFO  client.GrpcClientProtocolClient (GrpcClientProtocolClient.java:onNext(255)) - client-535162E20057->7049f9e8-7de6-4c8c-bf4c-9bb5512f4299: receive RaftClientReply:client-535162E20057->7049f9e8-7de6-4c8c-bf4c-9bb5512f4299@group-3B5DE3AEDFC2, cid=2785, SUCCESS, logIndex=4185, commits[7049f9e8-7de6-4c8c-bf4c-9bb5512f4299:c4186, 13d9ac51-91bf-4c73-8824-2f58fc5b2747:c4184, 15cd3569-c751-4f18-b157-6804e7d0f08c:c4184]
2019-07-10 05:59:57,631 INFO  client.GrpcClientProtocolClient (GrpcClientProtocolClient.java:onNext(255)) - client-535162E20057->7049f9e8-7de6-4c8c-bf4c-9bb5512f4299: receive RaftClientReply:client-535162E20057->7049f9e8-7de6-4c8c-bf4c-9bb5512f4299@group-3B5DE3AEDFC2, cid=2786, SUCCESS, logIndex=4186, commits[7049f9e8-7de6-4c8c-bf4c-9bb5512f4299:c4188, 13d9ac51-91bf-4c73-8824-2f58fc5b2747:c4184, 15cd3569-c751-4f18-b157-6804e7d0f08c:c4184]
2019-07-10 05:59:57,632 INFO  client.GrpcClientProtocolClient (GrpcClientProtocolClient.java:onNext(255)) - client-535162E20057->7049f9e8-7de6-4c8c-bf4c-9bb5512f4299: receive RaftClientReply:client-535162E20057->7049f9e8-7de6-4c8c-bf4c-9bb5512f4299@group-3B5DE3AEDFC2, cid=2787, SUCCESS, logIndex=4187, commits[7049f9e8-7de6-4c8c-bf4c-9bb5512f4299:c4188, 13d9ac51-91bf-4c73-8824-2f58fc5b2747:c4184, 15cd3569-c751-4f18-b157-6804e7d0f08c:c4184]
2019-07-10 05:59:57,632 INFO  client.GrpcClientProtocolClient (GrpcClientProtocolClient.java:onNext(255)) - client-535162E20057->7049f9e8-7de6-4c8c-bf4c-9bb5512f4299: receive RaftClientReply:client-535162E20057->7049f9e8-7de6-4c8c-bf4c-9bb5512f4299@group-3B5DE3AEDFC2, cid=2788, SUCCESS, logIndex=4188, commits[7049f9e8-7de6-4c8c-bf4c-9bb5512f4299:c4188, 13d9ac51-91bf-4c73-8824-2f58fc5b2747:c4184, 15cd3569-c751-4f18-b157-6804e7d0f08c:c4184]
2019-07-10 05:59:57,634 INFO  client.GrpcClientProtocolClient (GrpcClientProtocolClient.java:onNext(255)) - client-535162E20057->7049f9e8-7de6-4c8c-bf4c-9bb5512f4299: receive RaftClientReply:client-535162E20057->7049f9e8-7de6-4c8c-bf4c-9bb5512f4299@group-3B5DE3AEDFC2, cid=2789, SUCCESS, logIndex=0, commits[7049f9e8-7de6-4c8c-bf4c-9bb5512f4299:c4191, 13d9ac51-91bf-4c73-8824-2f58fc5b2747:c4188, 15cd3569-c751-4f18-b157-6804e7d0f08c:c4186]
2019-07-10 05:59:57,653 INFO  client.GrpcClientProtocolClient (GrpcClientProtocolClient.java:onNext(255)) - client-535162E20057->7049f9e8-7de6-4c8c-bf4c-9bb5512f4299: receive RaftClientReply:client-535162E20057->7049f9e8-7de6-4c8c-bf4c-9bb5512f4299@group-3B5DE3AEDFC2, cid=2790, SUCCESS, logIndex=4192, commits[7049f9e8-7de6-4c8c-bf4c-9bb5512f4299:c4193, 13d9ac51-91bf-4c73-8824-2f58fc5b2747:c4191, 15cd3569-c751-4f18-b157-6804e7d0f08c:c4191]
2019-07-10 05:59:57,654 INFO  client.GrpcClientProtocolClient (GrpcClientProtocolClient.java:onNext(255)) - client-535162E20057->7049f9e8-7de6-4c8c-bf4c-9bb5512f4299: receive RaftClientReply:client-535162E20057->7049f9e8-7de6-4c8c-bf4c-9bb5512f4299@group-3B5DE3AEDFC2, cid=2791, SUCCESS, logIndex=4193, commits[7049f9e8-7de6-4c8c-bf4c-9bb5512f4299:c4193, 13d9ac51-91bf-4c73-8824-2f58fc5b2747:c4191, 15cd3569-c751-4f18-b157-6804e7d0f08c:c4191]
2019-07-10 05:59:57,669 INFO  client.GrpcClientProtocolClient (GrpcClientProtocolClient.java:onNext(255)) - client-535162E20057->7049f9e8-7de6-4c8c-bf4c-9bb5512f4299: receive RaftClientReply:client-535162E20057->7049f9e8-7de6-4c8c-bf4c-9bb5512f4299@group-3B5DE3AEDFC2, cid=2792, SUCCESS, logIndex=4196, commits[7049f9e8-7de6-4c8c-bf4c-9bb5512f4299:c4197, 13d9ac51-91bf-4c73-8824-2f58fc5b2747:c4193, 15cd3569-c751-4f18-b157-6804e7d0f08c:c4193]
2019-07-10 05:59:57,669 INFO  client.GrpcClientProtocolClient (GrpcClientProtocolClient.java:onNext(255)) - client-535162E20057->7049f9e8-7de6-4c8c-bf4c-9bb5512f4299: receive RaftClientReply:client-535162E20057->7049f9e8-7de6-4c8c-bf4c-9bb5512f4299@group-3B5DE3AEDFC2, cid=2793, SUCCESS, logIndex=4197, commits[7049f9e8-7de6-4c8c-bf4c-9bb5512f4299:c4197, 13d9ac51-91bf-4c73-8824-2f58fc5b2747:c4193, 15cd3569-c751-4f18-b157-6804e7d0f08c:c4193]
2019-07-10 05:59:57,680 INFO  client.GrpcClientProtocolClient (GrpcClientProtocolClient.java:onNext(255)) - client-535162E20057->7049f9e8-7de6-4c8c-bf4c-9bb5512f4299: receive RaftClientReply:client-535162E20057->7049f9e8-7de6-4c8c-bf4c-9bb5512f4299@group-3B5DE3AEDFC2, cid=2794, SUCCESS, logIndex=0, commits[7049f9e8-7de6-4c8c-bf4c-9bb5512f4299:c4198, 13d9ac51-91bf-4c73-8824-2f58fc5b2747:c4197, 15cd3569-c751-4f18-b157-6804e7d0f08c:c4197]
2019-07-10 05:59:57,706 INFO  client.GrpcClientProtocolClient (GrpcClientProtocolClient.java:onNext(255)) - client-535162E20057->7049f9e8-7de6-4c8c-bf4c-9bb5512f4299: receive RaftClientReply:client-535162E20057->7049f9e8-7de6-4c8c-bf4c-9bb5512f4299@group-3B5DE3AEDFC2, cid=2795, SUCCESS, logIndex=4200, commits[7049f9e8-7de6-4c8c-bf4c-9bb5512f4299:c4201, 13d9ac51-91bf-4c73-8824-2f58fc5b2747:c4199, 15cd3569-c751-4f18-b157-6804e7d0f08c:c4199]
2019-07-10 05:59:57,707 INFO  client.GrpcClientProtocolClient (GrpcClientProtocolClient.java:onNext(255)) - client-535162E20057->7049f9e8-7de6-4c8c-bf4c-9bb5512f4299: receive RaftClientReply:client-535162E20057->7049f9e8-7de6-4c8c-bf4c-9bb5512f4299@group-3B5DE3AEDFC2, cid=2796, SUCCESS, logIndex=4201, commits[7049f9e8-7de6-4c8c-bf4c-9bb5512f4299:c4201, 13d9ac51-91bf-4c73-8824-2f58fc5b2747:c4199, 15cd3569-c751-4f18-b157-6804e7d0f08c:c4199]
2019-07-10 05:59:57,709 INFO  client.GrpcClientProtocolClient (GrpcClientProtocolClient.java:onNext(255)) - client-535162E20057->7049f9e8-7de6-4c8c-bf4c-9bb5512f4299: receive RaftClientReply:client-535162E20057->7049f9e8-7de6-4c8c-bf4c-9bb5512f4299@group-3B5DE3AEDFC2, cid=2797, SUCCESS, logIndex=4202, commits[7049f9e8-7de6-4c8c-bf4c-9bb5512f4299:c4202, 13d9ac51-91bf-4c73-8824-2f58fc5b2747:c4199, 15cd3569-c751-4f18-b157-6804e7d0f08c:c4199]
2019-07-10 05:59:57,709 INFO  client.GrpcClientProtocolClient (GrpcClientProtocolClient.java:onNext(255)) - client-535162E20057->7049f9e8-7de6-4c8c-bf4c-9bb5512f4299: receive RaftClientReply:client-535162E20057->7049f9e8-7de6-4c8c-bf4c-9bb5512f4299@group-3B5DE3AEDFC2, cid=2798, SUCCESS, logIndex=4203, commits[7049f9e8-7de6-4c8c-bf4c-9bb5512f4299:c4203, 13d9ac51-91bf-4c73-8824-2f58fc5b2747:c4199, 15cd3569-c751-4f18-b157-6804e7d0f08c:c4199]
2019-07-10 05:59:57,721 INFO  client.GrpcClientProtocolClient (GrpcClientProtocolClient.java:onNext(255)) - client-535162E20057->7049f9e8-7de6-4c8c-bf4c-9bb5512f4299: receive RaftClientReply:client-535162E20057->7049f9e8-7de6-4c8c-bf4c-9bb5512f4299@group-3B5DE3AEDFC2, cid=2799, SUCCESS, logIndex=0, commits[7049f9e8-7de6-4c8c-bf4c-9bb5512f4299:c4205, 13d9ac51-91bf-4c73-8824-2f58fc5b2747:c4201, 15cd3569-c751-4f18-b157-6804e7d0f08c:c4201]
2019-07-10 05:59:57,739 INFO  client.GrpcClientProtocolClient (GrpcClientProtocolClient.java:onNext(255)) - client-535162E20057->7049f9e8-7de6-4c8c-bf4c-9bb5512f4299: receive RaftClientReply:client-535162E20057->7049f9e8-7de6-4c8c-bf4c-9bb5512f4299@group-3B5DE3AEDFC2, cid=2800, SUCCESS, logIndex=4208, commits[7049f9e8-7de6-4c8c-bf4c-9bb5512f4299:c4209, 13d9ac51-91bf-4c73-8824-2f58fc5b2747:c4207, 15cd3569-c751-4f18-b157-6804e7d0f08c:c4207]
2019-07-10 05:59:57,740 INFO  client.GrpcClientProtocolClient (GrpcClientProtocolClient.java:onNext(255)) - client-535162E20057->7049f9e8-7de6-4c8c-bf4c-9bb5512f4299: receive RaftClientReply:client-535162E20057->7049f9e8-7de6-4c8c-bf4c-9bb5512f4299@group-3B5DE3AEDFC2, cid=2801, SUCCESS, logIndex=4209, commits[7049f9e8-7de6-4c8c-bf4c-9bb5512f4299:c4209, 13d9ac51-91bf-4c73-8824-2f58fc5b2747:c4207, 15cd3569-c751-4f18-b157-6804e7d0f08c:c4207]
2019-07-10 05:59:57,768 INFO  client.GrpcClientProtocolClient (GrpcClientProtocolClient.java:onNext(255)) - client-535162E20057->7049f9e8-7de6-4c8c-bf4c-9bb5512f4299: receive RaftClientReply:client-535162E20057->7049f9e8-7de6-4c8c-bf4c-9bb5512f4299@group-3B5DE3AEDFC2, cid=2802, SUCCESS, logIndex=4212, commits[7049f9e8-7de6-4c8c-bf4c-9bb5512f4299:c4212, 13d9ac51-91bf-4c73-8824-2f58fc5b2747:c4209, 15cd3569-c751-4f18-b157-6804e7d0f08c:c4209]
2019-07-10 05:59:57,768 INFO  client.GrpcClientProtocolClient (GrpcClientProtocolClient.java:onNext(255)) - client-535162E20057->7049f9e8-7de6-4c8c-bf4c-9bb5512f4299: receive RaftClientReply:client-535162E20057->7049f9e8-7de6-4c8c-bf4c-9bb5512f4299@group-3B5DE3AEDFC2, cid=2803, SUCCESS, logIndex=4213, commits[7049f9e8-7de6-4c8c-bf4c-9bb5512f4299:c4213, 13d9ac51-91bf-4c73-8824-2f58fc5b2747:c4209, 15cd3569-c751-4f18-b157-6804e7d0f08c:c4209]
2019-07-10 05:59:57,782 INFO  client.GrpcClientProtocolClient (GrpcClientProtocolClient.java:onNext(255)) - client-535162E20057->7049f9e8-7de6-4c8c-bf4c-9bb5512f4299: receive RaftClientReply:client-535162E20057->7049f9e8-7de6-4c8c-bf4c-9bb5512f4299@group-3B5DE3AEDFC2, cid=2804, SUCCESS, logIndex=0, commits[7049f9e8-7de6-4c8c-bf4c-9bb5512f4299:c4215, 13d9ac51-91bf-4c73-8824-2f58fc5b2747:c4213, 15cd3569-c751-4f18-b157-6804e7d0f08c:c4213]
2019-07-10 05:59:57,807 INFO  client.GrpcClientProtocolClient (GrpcClientProtocolClient.java:onNext(255)) - client-535162E20057->7049f9e8-7de6-4c8c-bf4c-9bb5512f4299: receive RaftClientReply:client-535162E20057->7049f9e8-7de6-4c8c-bf4c-9bb5512f4299@group-3B5DE3AEDFC2, cid=2805, SUCCESS, logIndex=4216, commits[7049f9e8-7de6-4c8c-bf4c-9bb5512f4299:c4216, 13d9ac51-91bf-4c73-8824-2f58fc5b2747:c4213, 15cd3569-c751-4f18-b157-6804e7d0f08c:c4215]
2019-07-10 05:59:57,807 INFO  client.GrpcClientProtocolClient (GrpcClientProtocolClient.java:onNext(255)) - client-535162E20057->7049f9e8-7de6-4c8c-bf4c-9bb5512f4299: receive RaftClientReply:client-535162E20057->7049f9e8-7de6-4c8c-bf4c-9bb5512f4299@group-3B5DE3AEDFC2, cid=2806, SUCCESS, logIndex=4217, commits[7049f9e8-7de6-4c8c-bf4c-9bb5512f4299:c4217, 13d9ac51-91bf-4c73-8824-2f58fc5b2747:c4215, 15cd3569-c751-4f18-b157-6804e7d0f08c:c4215]
2019-07-10 05:59:57,859 INFO  client.GrpcClientProtocolClient (GrpcClientProtocolClient.java:onNext(255)) - client-535162E20057->7049f9e8-7de6-4c8c-bf4c-9bb5512f4299: receive RaftClientReply:client-535162E20057->7049f9e8-7de6-4c8c-bf4c-9bb5512f4299@group-3B5DE3AEDFC2, cid=2807, SUCCESS, logIndex=4218, commits[7049f9e8-7de6-4c8c-bf4c-9bb5512f4299:c4219, 13d9ac51-91bf-4c73-8824-2f58fc5b2747:c4215, 15cd3569-c751-4f18-b157-6804e7d0f08c:c4215]
2019-07-10 05:59:57,859 INFO  client.GrpcClientProtocolClient (GrpcClientProtocolClient.java:onNext(255)) - client-535162E20057->7049f9e8-7de6-4c8c-bf4c-9bb5512f4299: receive RaftClientReply:client-535162E20057->7049f9e8-7de6-4c8c-bf4c-9bb5512f4299@group-3B5DE3AEDFC2, cid=2808, SUCCESS, logIndex=4219, commits[7049f9e8-7de6-4c8c-bf4c-9bb5512f4299:c4220, 13d9ac51-91bf-4c73-8824-2f58fc5b2747:c4216, 15cd3569-c751-4f18-b157-6804e7d0f08c:c4215]
2019-07-10 05:59:57,862 INFO  client.GrpcClientProtocolClient (GrpcClientProtocolClient.java:onNext(255)) - client-535162E20057->7049f9e8-7de6-4c8c-bf4c-9bb5512f4299: receive RaftClientReply:client-535162E20057->7049f9e8-7de6-4c8c-bf4c-9bb5512f4299@group-3B5DE3AEDFC2, cid=2809, SUCCESS, logIndex=0, commits[7049f9e8-7de6-4c8c-bf4c-9bb5512f4299:c4221, 13d9ac51-91bf-4c73-8824-2f58fc5b2747:c4217, 15cd3569-c751-4f18-b157-6804e7d0f08c:c4217]
2019-07-10 05:59:57,884 INFO  client.GrpcClientProtocolClient (GrpcClientProtocolClient.java:onNext(255)) - client-535162E20057->7049f9e8-7de6-4c8c-bf4c-9bb5512f4299: receive RaftClientReply:client-535162E20057->7049f9e8-7de6-4c8c-bf4c-9bb5512f4299@group-3B5DE3AEDFC2, cid=2810, SUCCESS, logIndex=4224, commits[7049f9e8-7de6-4c8c-bf4c-9bb5512f4299:c4225, 13d9ac51-91bf-4c73-8824-2f58fc5b2747:c4223, 15cd3569-c751-4f18-b157-6804e7d0f08c:c4223]
2019-07-10 05:59:57,884 INFO  client.GrpcClientProtocolClient (GrpcClientProtocolClient.java:onNext(255)) - client-535162E20057->7049f9e8-7de6-4c8c-bf4c-9bb5512f4299: receive RaftClientReply:client-535162E20057->7049f9e8-7de6-4c8c-bf4c-9bb5512f4299@group-3B5DE3AEDFC2, cid=2811, SUCCESS, logIndex=4225, commits[7049f9e8-7de6-4c8c-bf4c-9bb5512f4299:c4225, 13d9ac51-91bf-4c73-8824-2f58fc5b2747:c4223, 15cd3569-c751-4f18-b157-6804e7d0f08c:c4223]
2019-07-10 05:59:57,910 INFO  client.GrpcClientProtocolClient (GrpcClientProtocolClient.java:onNext(255)) - client-535162E20057->7049f9e8-7de6-4c8c-bf4c-9bb5512f4299: receive RaftClientReply:client-535162E20057->7049f9e8-7de6-4c8c-bf4c-9bb5512f4299@group-3B5DE3AEDFC2, cid=2812, SUCCESS, logIndex=4228, commits[7049f9e8-7de6-4c8c-bf4c-9bb5512f4299:c4229, 13d9ac51-91bf-4c73-8824-2f58fc5b2747:c4225, 15cd3569-c751-4f18-b157-6804e7d0f08c:c4225]
2019-07-10 05:59:57,910 INFO  client.GrpcClientProtocolClient (GrpcClientProtocolClient.java:onNext(255)) - client-535162E20057->7049f9e8-7de6-4c8c-bf4c-9bb5512f4299: receive RaftClientReply:client-535162E20057->7049f9e8-7de6-4c8c-bf4c-9bb5512f4299@group-3B5DE3AEDFC2, cid=2813, SUCCESS, logIndex=4229, commits[7049f9e8-7de6-4c8c-bf4c-9bb5512f4299:c4229, 13d9ac51-91bf-4c73-8824-2f58fc5b2747:c4225, 15cd3569-c751-4f18-b157-6804e7d0f08c:c4225]
2019-07-10 05:59:57,924 INFO  client.GrpcClientProtocolClient (GrpcClientProtocolClient.java:onNext(255)) - client-535162E20057->7049f9e8-7de6-4c8c-bf4c-9bb5512f4299: receive RaftClientReply:client-535162E20057->7049f9e8-7de6-4c8c-bf4c-9bb5512f4299@group-3B5DE3AEDFC2, cid=2814, SUCCESS, logIndex=0, commits[7049f9e8-7de6-4c8c-bf4c-9bb5512f4299:c4230, 13d9ac51-91bf-4c73-8824-2f58fc5b2747:c4229, 15cd3569-c751-4f18-b157-6804e7d0f08c:c4229]
2019-07-10 05:59:57,960 INFO  client.GrpcClientProtocolClient (GrpcClientProtocolClient.java:onNext(255)) - client-535162E20057->7049f9e8-7de6-4c8c-bf4c-9bb5512f4299: receive RaftClientReply:client-535162E20057->7049f9e8-7de6-4c8c-bf4c-9bb5512f4299@group-3B5DE3AEDFC2, cid=2815, SUCCESS, logIndex=4232, commits[7049f9e8-7de6-4c8c-bf4c-9bb5512f4299:c4233, 13d9ac51-91bf-4c73-8824-2f58fc5b2747:c4231, 15cd3569-c751-4f18-b157-6804e7d0f08c:c4231]
2019-07-10 05:59:57,961 INFO  client.GrpcClientProtocolClient (GrpcClientProtocolClient.java:onNext(255)) - client-535162E20057->7049f9e8-7de6-4c8c-bf4c-9bb5512f4299: receive RaftClientReply:client-535162E20057->7049f9e8-7de6-4c8c-bf4c-9bb5512f4299@group-3B5DE3AEDFC2, cid=2816, SUCCESS, logIndex=4233, commits[7049f9e8-7de6-4c8c-bf4c-9bb5512f4299:c4233, 13d9ac51-91bf-4c73-8824-2f58fc5b2747:c4231, 15cd3569-c751-4f18-b157-6804e7d0f08c:c4231]
2019-07-10 05:59:57,970 INFO  client.GrpcClientProtocolClient (GrpcClientProtocolClient.java:onNext(255)) - client-535162E20057->7049f9e8-7de6-4c8c-bf4c-9bb5512f4299: receive RaftClientReply:client-535162E20057->7049f9e8-7de6-4c8c-bf4c-9bb5512f4299@group-3B5DE3AEDFC2, cid=2817, SUCCESS, logIndex=4234, commits[7049f9e8-7de6-4c8c-bf4c-9bb5512f4299:c4235, 13d9ac51-91bf-4c73-8824-2f58fc5b2747:c4231, 15cd3569-c751-4f18-b157-6804e7d0f08c:c4231]
2019-07-10 05:59:57,975 INFO  client.GrpcClientProtocolClient (GrpcClientProtocolClient.java:onNext(255)) - client-535162E20057->7049f9e8-7de6-4c8c-bf4c-9bb5512f4299: receive RaftClientReply:client-535162E20057->7049f9e8-7de6-4c8c-bf4c-9bb5512f4299@group-3B5DE3AEDFC2, cid=2818, SUCCESS, logIndex=4235, commits[7049f9e8-7de6-4c8c-bf4c-9bb5512f4299:c4237, 13d9ac51-91bf-4c73-8824-2f58fc5b2747:c4232, 15cd3569-c751-4f18-b157-6804e7d0f08c:c4233]
2019-07-10 05:59:57,986 INFO  client.GrpcClientProtocolClient (GrpcClientProtocolClient.java:onNext(255)) - client-535162E20057->7049f9e8-7de6-4c8c-bf4c-9bb5512f4299: receive RaftClientReply:client-535162E20057->7049f9e8-7de6-4c8c-bf4c-9bb5512f4299@group-3B5DE3AEDFC2, cid=2819, SUCCESS, logIndex=0, commits[7049f9e8-7de6-4c8c-bf4c-9bb5512f4299:c4237, 13d9ac51-91bf-4c73-8824-2f58fc5b2747:c4233, 15cd3569-c751-4f18-b157-6804e7d0f08c:c4233]
2019-07-10 05:59:58,007 INFO  client.GrpcClientProtocolClient (GrpcClientProtocolClient.java:onNext(255)) - client-535162E20057->7049f9e8-7de6-4c8c-bf4c-9bb5512f4299: receive RaftClientReply:client-535162E20057->7049f9e8-7de6-4c8c-bf4c-9bb5512f4299@group-3B5DE3AEDFC2, cid=2820, SUCCESS, logIndex=4240, commits[7049f9e8-7de6-4c8c-bf4c-9bb5512f4299:c4241, 13d9ac51-91bf-4c73-8824-2f58fc5b2747:c4239, 15cd3569-c751-4f18-b157-6804e7d0f08c:c4239]
2019-07-10 05:59:58,007 INFO  client.GrpcClientProtocolClient (GrpcClientProtocolClient.java:onNext(255)) - client-535162E20057->7049f9e8-7de6-4c8c-bf4c-9bb5512f4299: receive RaftClientReply:client-535162E20057->7049f9e8-7de6-4c8c-bf4c-9bb5512f4299@group-3B5DE3AEDFC2, cid=2821, SUCCESS, logIndex=4241, commits[7049f9e8-7de6-4c8c-bf4c-9bb5512f4299:c4241, 13d9ac51-91bf-4c73-8824-2f58fc5b2747:c4239, 15cd3569-c751-4f18-b157-6804e7d0f08c:c4239]
2019-07-10 05:59:58,025 INFO  client.GrpcClientProtocolClient (GrpcClientProtocolClient.java:onNext(255)) - client-535162E20057->7049f9e8-7de6-4c8c-bf4c-9bb5512f4299: receive RaftClientReply:client-535162E20057->7049f9e8-7de6-4c8c-bf4c-9bb5512f4299@group-3B5DE3AEDFC2, cid=2822, SUCCESS, logIndex=4244, commits[7049f9e8-7de6-4c8c-bf4c-9bb5512f4299:c4244, 13d9ac51-91bf-4c73-8824-2f58fc5b2747:c4242, 15cd3569-c751-4f18-b157-6804e7d0f08c:c4242]
2019-07-10 05:59:58,025 INFO  client.GrpcClientProtocolClient (GrpcClientProtocolClient.java:onNext(255)) - client-535162E20057->7049f9e8-7de6-4c8c-bf4c-9bb5512f4299: receive RaftClientReply:client-535162E20057->7049f9e8-7de6-4c8c-bf4c-9bb5512f4299@group-3B5DE3AEDFC2, cid=2823, SUCCESS, logIndex=4245, commits[7049f9e8-7de6-4c8c-bf4c-9bb5512f4299:c4245, 13d9ac51-91bf-4c73-8824-2f58fc5b2747:c4242, 15cd3569-c751-4f18-b157-6804e7d0f08c:c4242]
2019-07-10 05:59:58,039 INFO  client.GrpcClientProtocolClient (GrpcClientProtocolClient.java:onNext(255)) - client-535162E20057->7049f9e8-7de6-4c8c-bf4c-9bb5512f4299: receive RaftClientReply:client-535162E20057->7049f9e8-7de6-4c8c-bf4c-9bb5512f4299@group-3B5DE3AEDFC2, cid=2824, SUCCESS, logIndex=0, commits[7049f9e8-7de6-4c8c-bf4c-9bb5512f4299:c4247, 13d9ac51-91bf-4c73-8824-2f58fc5b2747:c4245, 15cd3569-c751-4f18-b157-6804e7d0f08c:c4245]
2019-07-10 05:59:58,201 INFO  client.GrpcClientProtocolClient (GrpcClientProtocolClient.java:onNext(255)) - client-535162E20057->7049f9e8-7de6-4c8c-bf4c-9bb5512f4299: receive RaftClientReply:client-535162E20057->7049f9e8-7de6-4c8c-bf4c-9bb5512f4299@group-3B5DE3AEDFC2, cid=2825, SUCCESS, logIndex=4248, commits[7049f9e8-7de6-4c8c-bf4c-9bb5512f4299:c4249, 13d9ac51-91bf-4c73-8824-2f58fc5b2747:c4247, 15cd3569-c751-4f18-b157-6804e7d0f08c:c4247]
2019-07-10 05:59:58,202 INFO  client.GrpcClientProtocolClient (GrpcClientProtocolClient.java:onNext(255)) - client-535162E20057->7049f9e8-7de6-4c8c-bf4c-9bb5512f4299: receive RaftClientReply:client-535162E20057->7049f9e8-7de6-4c8c-bf4c-9bb5512f4299@group-3B5DE3AEDFC2, cid=2826, SUCCESS, logIndex=4249, commits[7049f9e8-7de6-4c8c-bf4c-9bb5512f4299:c4249, 13d9ac51-91bf-4c73-8824-2f58fc5b2747:c4247, 15cd3569-c751-4f18-b157-6804e7d0f08c:c4247]
2019-07-10 05:59:58,213 INFO  client.GrpcClientProtocolClient (GrpcClientProtocolClient.java:onNext(255)) - client-535162E20057->7049f9e8-7de6-4c8c-bf4c-9bb5512f4299: receive RaftClientReply:client-535162E20057->7049f9e8-7de6-4c8c-bf4c-9bb5512f4299@group-3B5DE3AEDFC2, cid=2827, SUCCESS, logIndex=4250, commits[7049f9e8-7de6-4c8c-bf4c-9bb5512f4299:c4252, 13d9ac51-91bf-4c73-8824-2f58fc5b2747:c4249, 15cd3569-c751-4f18-b157-6804e7d0f08c:c4247]
2019-07-10 05:59:58,213 INFO  client.GrpcClientProtocolClient (GrpcClientProtocolClient.java:onNext(255)) - client-535162E20057->7049f9e8-7de6-4c8c-bf4c-9bb5512f4299: receive RaftClientReply:client-535162E20057->7049f9e8-7de6-4c8c-bf4c-9bb5512f4299@group-3B5DE3AEDFC2, cid=2828, SUCCESS, logIndex=4251, commits[7049f9e8-7de6-4c8c-bf4c-9bb5512f4299:c4253, 13d9ac51-91bf-4c73-8824-2f58fc5b2747:c4249, 15cd3569-c751-4f18-b157-6804e7d0f08c:c4249]
2019-07-10 05:59:58,234 INFO  client.GrpcClientProtocolClient (GrpcClientProtocolClient.java:onNext(255)) - client-535162E20057->7049f9e8-7de6-4c8c-bf4c-9bb5512f4299: receive RaftClientReply:client-535162E20057->7049f9e8-7de6-4c8c-bf4c-9bb5512f4299@group-3B5DE3AEDFC2, cid=2829, SUCCESS, logIndex=4256, commits[7049f9e8-7de6-4c8c-bf4c-9bb5512f4299:c4257, 13d9ac51-91bf-4c73-8824-2f58fc5b2747:c4255, 15cd3569-c751-4f18-b157-6804e7d0f08c:c4255]
2019-07-10 05:59:58,234 INFO  client.GrpcClientProtocolClient (GrpcClientProtocolClient.java:onNext(255)) - client-535162E20057->7049f9e8-7de6-4c8c-bf4c-9bb5512f4299: receive RaftClientReply:client-535162E20057->7049f9e8-7de6-4c8c-bf4c-9bb5512f4299@group-3B5DE3AEDFC2, cid=2830, SUCCESS, logIndex=4257, commits[7049f9e8-7de6-4c8c-bf4c-9bb5512f4299:c4257, 13d9ac51-91bf-4c73-8824-2f58fc5b2747:c4255, 15cd3569-c751-4f18-b157-6804e7d0f08c:c4255]
2019-07-10 05:59:58,258 INFO  client.GrpcClientProtocolClient (GrpcClientProtocolClient.java:onNext(255)) - client-535162E20057->7049f9e8-7de6-4c8c-bf4c-9bb5512f4299: receive RaftClientReply:client-535162E20057->7049f9e8-7de6-4c8c-bf4c-9bb5512f4299@group-3B5DE3AEDFC2, cid=2831, SUCCESS, logIndex=4260, commits[7049f9e8-7de6-4c8c-bf4c-9bb5512f4299:c4261, 13d9ac51-91bf-4c73-8824-2f58fc5b2747:c4256, 15cd3569-c751-4f18-b157-6804e7d0f08c:c4257]
2019-07-10 05:59:58,259 INFO  client.GrpcClientProtocolClient (GrpcClientProtocolClient.java:onNext(255)) - client-535162E20057->7049f9e8-7de6-4c8c-bf4c-9bb5512f4299: receive RaftClientReply:client-535162E20057->7049f9e8-7de6-4c8c-bf4c-9bb5512f4299@group-3B5DE3AEDFC2, cid=2832, SUCCESS, logIndex=4261, commits[7049f9e8-7de6-4c8c-bf4c-9bb5512f4299:c4261, 13d9ac51-91bf-4c73-8824-2f58fc5b2747:c4257, 15cd3569-c751-4f18-b157-6804e7d0f08c:c4257]
2019-07-10 05:59:58,273 INFO  client.GrpcClientProtocolClient (GrpcClientProtocolClient.java:onNext(255)) - client-535162E20057->7049f9e8-7de6-4c8c-bf4c-9bb5512f4299: receive RaftClientReply:client-535162E20057->7049f9e8-7de6-4c8c-bf4c-9bb5512f4299@group-3B5DE3AEDFC2, cid=2833, SUCCESS, logIndex=0, commits[7049f9e8-7de6-4c8c-bf4c-9bb5512f4299:c4263, 13d9ac51-91bf-4c73-8824-2f58fc5b2747:c4261, 15cd3569-c751-4f18-b157-6804e7d0f08c:c4261]
2019-07-10 05:59:58,304 INFO  client.GrpcClientProtocolClient (GrpcClientProtocolClient.java:onNext(255)) - client-535162E20057->7049f9e8-7de6-4c8c-bf4c-9bb5512f4299: receive RaftClientReply:client-535162E20057->7049f9e8-7de6-4c8c-bf4c-9bb5512f4299@group-3B5DE3AEDFC2, cid=2834, SUCCESS, logIndex=4264, commits[7049f9e8-7de6-4c8c-bf4c-9bb5512f4299:c4265, 13d9ac51-91bf-4c73-8824-2f58fc5b2747:c4263, 15cd3569-c751-4f18-b157-6804e7d0f08c:c4263]
2019-07-10 05:59:58,305 INFO  client.GrpcClientProtocolClient (GrpcClientProtocolClient.java:onNext(255)) - client-535162E20057->7049f9e8-7de6-4c8c-bf4c-9bb5512f4299: receive RaftClientReply:client-535162E20057->7049f9e8-7de6-4c8c-bf4c-9bb5512f4299@group-3B5DE3AEDFC2, cid=2835, SUCCESS, logIndex=4265, commits[7049f9e8-7de6-4c8c-bf4c-9bb5512f4299:c4265, 13d9ac51-91bf-4c73-8824-2f58fc5b2747:c4263, 15cd3569-c751-4f18-b157-6804e7d0f08c:c4263]
2019-07-10 05:59:58,305 INFO  client.GrpcClientProtocolClient (GrpcClientProtocolClient.java:onNext(255)) - client-535162E20057->7049f9e8-7de6-4c8c-bf4c-9bb5512f4299: receive RaftClientReply:client-535162E20057->7049f9e8-7de6-4c8c-bf4c-9bb5512f4299@group-3B5DE3AEDFC2, cid=2836, SUCCESS, logIndex=4266, commits[7049f9e8-7de6-4c8c-bf4c-9bb5512f4299:c4267, 13d9ac51-91bf-4c73-8824-2f58fc5b2747:c4263, 15cd3569-c751-4f18-b157-6804e7d0f08c:c4263]
2019-07-10 05:59:58,305 INFO  client.GrpcClientProtocolClient (GrpcClientProtocolClient.java:onNext(255)) - client-535162E20057->7049f9e8-7de6-4c8c-bf4c-9bb5512f4299: receive RaftClientReply:client-535162E20057->7049f9e8-7de6-4c8c-bf4c-9bb5512f4299@group-3B5DE3AEDFC2, cid=2837, SUCCESS, logIndex=4267, commits[7049f9e8-7de6-4c8c-bf4c-9bb5512f4299:c4267, 13d9ac51-91bf-4c73-8824-2f58fc5b2747:c4263, 15cd3569-c751-4f18-b157-6804e7d0f08c:c4263]
2019-07-10 05:59:58,318 INFO  client.GrpcClientProtocolClient (GrpcClientProtocolClient.java:onNext(255)) - client-535162E20057->7049f9e8-7de6-4c8c-bf4c-9bb5512f4299: receive RaftClientReply:client-535162E20057->7049f9e8-7de6-4c8c-bf4c-9bb5512f4299@group-3B5DE3AEDFC2, cid=2838, SUCCESS, logIndex=0, commits[7049f9e8-7de6-4c8c-bf4c-9bb5512f4299:c4269, 13d9ac51-91bf-4c73-8824-2f58fc5b2747:c4265, 15cd3569-c751-4f18-b157-6804e7d0f08c:c4265]
2019-07-10 05:59:58,339 INFO  client.GrpcClientProtocolClient (GrpcClientProtocolClient.java:onNext(255)) - client-535162E20057->7049f9e8-7de6-4c8c-bf4c-9bb5512f4299: receive RaftClientReply:client-535162E20057->7049f9e8-7de6-4c8c-bf4c-9bb5512f4299@group-3B5DE3AEDFC2, cid=2839, SUCCESS, logIndex=4272, commits[7049f9e8-7de6-4c8c-bf4c-9bb5512f4299:c4273, 13d9ac51-91bf-4c73-8824-2f58fc5b2747:c4271, 15cd3569-c751-4f18-b157-6804e7d0f08c:c4271]
2019-07-10 05:59:58,340 INFO  client.GrpcClientProtocolClient (GrpcClientProtocolClient.java:onNext(255)) - client-535162E20057->7049f9e8-7de6-4c8c-bf4c-9bb5512f4299: receive RaftClientReply:client-535162E20057->7049f9e8-7de6-4c8c-bf4c-9bb5512f4299@group-3B5DE3AEDFC2, cid=2840, SUCCESS, logIndex=4273, commits[7049f9e8-7de6-4c8c-bf4c-9bb5512f4299:c4273, 13d9ac51-91bf-4c73-8824-2f58fc5b2747:c4271, 15cd3569-c751-4f18-b157-6804e7d0f08c:c4271]
2019-07-10 05:59:58,353 INFO  client.GrpcClientProtocolClient (GrpcClientProtocolClient.java:onNext(255)) - client-535162E20057->7049f9e8-7de6-4c8c-bf4c-9bb5512f4299: receive RaftClientReply:client-535162E20057->7049f9e8-7de6-4c8c-bf4c-9bb5512f4299@group-3B5DE3AEDFC2, cid=2841, SUCCESS, logIndex=4276, commits[7049f9e8-7de6-4c8c-bf4c-9bb5512f4299:c4277, 13d9ac51-91bf-4c73-8824-2f58fc5b2747:c4273, 15cd3569-c751-4f18-b157-6804e7d0f08c:c4273]
2019-07-10 05:59:58,353 INFO  client.GrpcClientProtocolClient (GrpcClientProtocolClient.java:onNext(255)) - client-535162E20057->7049f9e8-7de6-4c8c-bf4c-9bb5512f4299: receive RaftClientReply:client-535162E20057->7049f9e8-7de6-4c8c-bf4c-9bb5512f4299@group-3B5DE3AEDFC2, cid=2842, SUCCESS, logIndex=4277, commits[7049f9e8-7de6-4c8c-bf4c-9bb5512f4299:c4277, 13d9ac51-91bf-4c73-8824-2f58fc5b2747:c4273, 15cd3569-c751-4f18-b157-6804e7d0f08c:c4273]
2019-07-10 05:59:58,367 INFO  client.GrpcClientProtocolClient (GrpcClientProtocolClient.java:onNext(255)) - client-535162E20057->7049f9e8-7de6-4c8c-bf4c-9bb5512f4299: receive RaftClientReply:client-535162E20057->7049f9e8-7de6-4c8c-bf4c-9bb5512f4299@group-3B5DE3AEDFC2, cid=2843, SUCCESS, logIndex=0, commits[7049f9e8-7de6-4c8c-bf4c-9bb5512f4299:c4279, 13d9ac51-91bf-4c73-8824-2f58fc5b2747:c4277, 15cd3569-c751-4f18-b157-6804e7d0f08c:c4277]
2019-07-10 05:59:58,406 INFO  client.GrpcClientProtocolClient (GrpcClientProtocolClient.java:onNext(255)) - client-535162E20057->7049f9e8-7de6-4c8c-bf4c-9bb5512f4299: receive RaftClientReply:client-535162E20057->7049f9e8-7de6-4c8c-bf4c-9bb5512f4299@group-3B5DE3AEDFC2, cid=2844, SUCCESS, logIndex=4280, commits[7049f9e8-7de6-4c8c-bf4c-9bb5512f4299:c4281, 13d9ac51-91bf-4c73-8824-2f58fc5b2747:c4279, 15cd3569-c751-4f18-b157-6804e7d0f08c:c4279]
2019-07-10 05:59:58,406 INFO  client.GrpcClientProtocolClient (GrpcClientProtocolClient.java:onNext(255)) - client-535162E20057->7049f9e8-7de6-4c8c-bf4c-9bb5512f4299: receive RaftClientReply:client-535162E20057->7049f9e8-7de6-4c8c-bf4c-9bb5512f4299@group-3B5DE3AEDFC2, cid=2845, SUCCESS, logIndex=4281, commits[7049f9e8-7de6-4c8c-bf4c-9bb5512f4299:c4281, 13d9ac51-91bf-4c73-8824-2f58fc5b2747:c4279, 15cd3569-c751-4f18-b157-6804e7d0f08c:c4279]
2019-07-10 05:59:58,408 INFO  client.GrpcClientProtocolClient (GrpcClientProtocolClient.java:onNext(255)) - client-535162E20057->7049f9e8-7de6-4c8c-bf4c-9bb5512f4299: receive RaftClientReply:client-535162E20057->7049f9e8-7de6-4c8c-bf4c-9bb5512f4299@group-3B5DE3AEDFC2, cid=2846, SUCCESS, logIndex=4282, commits[7049f9e8-7de6-4c8c-bf4c-9bb5512f4299:c4283, 13d9ac51-91bf-4c73-8824-2f58fc5b2747:c4279, 15cd3569-c751-4f18-b157-6804e7d0f08c:c4279]
2019-07-10 05:59:58,408 INFO  client.GrpcClientProtocolClient (GrpcClientProtocolClient.java:onNext(255)) - client-535162E20057->7049f9e8-7de6-4c8c-bf4c-9bb5512f4299: receive RaftClientReply:client-535162E20057->7049f9e8-7de6-4c8c-bf4c-9bb5512f4299@group-3B5DE3AEDFC2, cid=2847, SUCCESS, logIndex=4283, commits[7049f9e8-7de6-4c8c-bf4c-9bb5512f4299:c4283, 13d9ac51-91bf-4c73-8824-2f58fc5b2747:c4279, 15cd3569-c751-4f18-b157-6804e7d0f08c:c4279]
2019-07-10 05:59:58,422 INFO  client.GrpcClientProtocolClient (GrpcClientProtocolClient.java:onNext(255)) - client-535162E20057->7049f9e8-7de6-4c8c-bf4c-9bb5512f4299: receive RaftClientReply:client-535162E20057->7049f9e8-7de6-4c8c-bf4c-9bb5512f4299@group-3B5DE3AEDFC2, cid=2848, SUCCESS, logIndex=0, commits[7049f9e8-7de6-4c8c-bf4c-9bb5512f4299:c4284, 13d9ac51-91bf-4c73-8824-2f58fc5b2747:c4283, 15cd3569-c751-4f18-b157-6804e7d0f08c:c4281]
2019-07-10 05:59:58,443 INFO  client.GrpcClientProtocolClient (GrpcClientProtocolClient.java:onNext(255)) - client-535162E20057->7049f9e8-7de6-4c8c-bf4c-9bb5512f4299: receive RaftClientReply:client-535162E20057->7049f9e8-7de6-4c8c-bf4c-9bb5512f4299@group-3B5DE3AEDFC2, cid=2849, SUCCESS, logIndex=4287, commits[7049f9e8-7de6-4c8c-bf4c-9bb5512f4299:c4288, 13d9ac51-91bf-4c73-8824-2f58fc5b2747:c4286, 15cd3569-c751-4f18-b157-6804e7d0f08c:c4286]
2019-07-10 05:59:58,444 INFO  client.GrpcClientProtocolClient (GrpcClientProtocolClient.java:onNext(255)) - client-535162E20057->7049f9e8-7de6-4c8c-bf4c-9bb5512f4299: receive RaftClientReply:client-535162E20057->7049f9e8-7de6-4c8c-bf4c-9bb5512f4299@group-3B5DE3AEDFC2, cid=2850, SUCCESS, logIndex=4288, commits[7049f9e8-7de6-4c8c-bf4c-9bb5512f4299:c4288, 13d9ac51-91bf-4c73-8824-2f58fc5b2747:c4286, 15cd3569-c751-4f18-b157-6804e7d0f08c:c4286]
2019-07-10 05:59:58,458 INFO  client.GrpcClientProtocolClient (GrpcClientProtocolClient.java:onNext(255)) - client-535162E20057->7049f9e8-7de6-4c8c-bf4c-9bb5512f4299: receive RaftClientReply:client-535162E20057->7049f9e8-7de6-4c8c-bf4c-9bb5512f4299@group-3B5DE3AEDFC2, cid=2851, SUCCESS, logIndex=4291, commits[7049f9e8-7de6-4c8c-bf4c-9bb5512f4299:c4292, 13d9ac51-91bf-4c73-8824-2f58fc5b2747:c4288, 15cd3569-c751-4f18-b157-6804e7d0f08c:c4288]
2019-07-10 05:59:58,459 INFO  client.GrpcClientProtocolClient (GrpcClientProtocolClient.java:onNext(255)) - client-535162E20057->7049f9e8-7de6-4c8c-bf4c-9bb5512f4299: receive RaftClientReply:client-535162E20057->7049f9e8-7de6-4c8c-bf4c-9bb5512f4299@group-3B5DE3AEDFC2, cid=2852, SUCCESS, logIndex=4292, commits[7049f9e8-7de6-4c8c-bf4c-9bb5512f4299:c4292, 13d9ac51-91bf-4c73-8824-2f58fc5b2747:c4288, 15cd3569-c751-4f18-b157-6804e7d0f08c:c4288]
2019-07-10 05:59:58,473 INFO  client.GrpcClientProtocolClient (GrpcClientProtocolClient.java:onNext(255)) - client-535162E20057->7049f9e8-7de6-4c8c-bf4c-9bb5512f4299: receive RaftClientReply:client-535162E20057->7049f9e8-7de6-4c8c-bf4c-9bb5512f4299@group-3B5DE3AEDFC2, cid=2853, SUCCESS, logIndex=0, commits[7049f9e8-7de6-4c8c-bf4c-9bb5512f4299:c4294, 13d9ac51-91bf-4c73-8824-2f58fc5b2747:c4292, 15cd3569-c751-4f18-b157-6804e7d0f08c:c4292]
2019-07-10 05:59:58,503 INFO  client.GrpcClientProtocolClient (GrpcClientProtocolClient.java:onNext(255)) - client-535162E20057->7049f9e8-7de6-4c8c-bf4c-9bb5512f4299: receive RaftClientReply:client-535162E20057->7049f9e8-7de6-4c8c-bf4c-9bb5512f4299@group-3B5DE3AEDFC2, cid=2854, SUCCESS, logIndex=4295, commits[7049f9e8-7de6-4c8c-bf4c-9bb5512f4299:c4296, 13d9ac51-91bf-4c73-8824-2f58fc5b2747:c4294, 15cd3569-c751-4f18-b157-6804e7d0f08c:c4294]
2019-07-10 05:59:58,503 INFO  client.GrpcClientProtocolClient (GrpcClientProtocolClient.java:onNext(255)) - client-535162E20057->7049f9e8-7de6-4c8c-bf4c-9bb5512f4299: receive RaftClientReply:client-535162E20057->7049f9e8-7de6-4c8c-bf4c-9bb5512f4299@group-3B5DE3AEDFC2, cid=2855, SUCCESS, logIndex=4296, commits[7049f9e8-7de6-4c8c-bf4c-9bb5512f4299:c4298, 13d9ac51-91bf-4c73-8824-2f58fc5b2747:c4294, 15cd3569-c751-4f18-b157-6804e7d0f08c:c4294]
2019-07-10 05:59:58,504 INFO  client.GrpcClientProtocolClient (GrpcClientProtocolClient.java:onNext(255)) - client-535162E20057->7049f9e8-7de6-4c8c-bf4c-9bb5512f4299: receive RaftClientReply:client-535162E20057->7049f9e8-7de6-4c8c-bf4c-9bb5512f4299@group-3B5DE3AEDFC2, cid=2856, SUCCESS, logIndex=4297, commits[7049f9e8-7de6-4c8c-bf4c-9bb5512f4299:c4298, 13d9ac51-91bf-4c73-8824-2f58fc5b2747:c4294, 15cd3569-c751-4f18-b157-6804e7d0f08c:c4294]
2019-07-10 05:59:58,504 INFO  client.GrpcClientProtocolClient (GrpcClientProtocolClient.java:onNext(255)) - client-535162E20057->7049f9e8-7de6-4c8c-bf4c-9bb5512f4299: receive RaftClientReply:client-535162E20057->7049f9e8-7de6-4c8c-bf4c-9bb5512f4299@group-3B5DE3AEDFC2, cid=2857, SUCCESS, logIndex=4298, commits[7049f9e8-7de6-4c8c-bf4c-9bb5512f4299:c4298, 13d9ac51-91bf-4c73-8824-2f58fc5b2747:c4294, 15cd3569-c751-4f18-b157-6804e7d0f08c:c4294]
2019-07-10 05:59:58,506 INFO  client.GrpcClientProtocolClient (GrpcClientProtocolClient.java:onNext(255)) - client-535162E20057->7049f9e8-7de6-4c8c-bf4c-9bb5512f4299: receive RaftClientReply:client-535162E20057->7049f9e8-7de6-4c8c-bf4c-9bb5512f4299@group-3B5DE3AEDFC2, cid=2858, SUCCESS, logIndex=0, commits[7049f9e8-7de6-4c8c-bf4c-9bb5512f4299:c4300, 13d9ac51-91bf-4c73-8824-2f58fc5b2747:c4297, 15cd3569-c751-4f18-b157-6804e7d0f08c:c4297]
2019-07-10 05:59:58,525 INFO  client.GrpcClientProtocolClient (GrpcClientProtocolClient.java:onNext(255)) - client-535162E20057->7049f9e8-7de6-4c8c-bf4c-9bb5512f4299: receive RaftClientReply:client-535162E20057->7049f9e8-7de6-4c8c-bf4c-9bb5512f4299@group-3B5DE3AEDFC2, cid=2859, SUCCESS, logIndex=4303, commits[7049f9e8-7de6-4c8c-bf4c-9bb5512f4299:c4304, 13d9ac51-91bf-4c73-8824-2f58fc5b2747:c4302, 15cd3569-c751-4f18-b157-6804e7d0f08c:c4302]
2019-07-10 05:59:58,525 INFO  client.GrpcClientProtocolClient (GrpcClientProtocolClient.java:onNext(255)) - client-535162E20057->7049f9e8-7de6-4c8c-bf4c-9bb5512f4299: receive RaftClientReply:client-535162E20057->7049f9e8-7de6-4c8c-bf4c-9bb5512f4299@group-3B5DE3AEDFC2, cid=2860, SUCCESS, logIndex=4304, commits[7049f9e8-7de6-4c8c-bf4c-9bb5512f4299:c4304, 13d9ac51-91bf-4c73-8824-2f58fc5b2747:c4302, 15cd3569-c751-4f18-b157-6804e7d0f08c:c4302]
 0.00% |█                                                                                                    |  0/1 Time: 0:00:232019-07-10 05:59:58,541 INFO  client.GrpcClientProtocolClient (GrpcClientProtocolClient.java:onNext(255)) - client-535162E20057->7049f9e8-7de6-4c8c-bf4c-9bb5512f4299: receive RaftClientReply:client-535162E20057->7049f9e8-7de6-4c8c-bf4c-9bb5512f4299@group-3B5DE3AEDFC2, cid=2861, SUCCESS, logIndex=4307, commits[7049f9e8-7de6-4c8c-bf4c-9bb5512f4299:c4308, 13d9ac51-91bf-4c73-8824-2f58fc5b2747:c4304, 15cd3569-c751-4f18-b157-6804e7d0f08c:c4304]
2019-07-10 05:59:58,541 INFO  client.GrpcClientProtocolClient (GrpcClientProtocolClient.java:onNext(255)) - client-535162E20057->7049f9e8-7de6-4c8c-bf4c-9bb5512f4299: receive RaftClientReply:client-535162E20057->7049f9e8-7de6-4c8c-bf4c-9bb5512f4299@group-3B5DE3AEDFC2, cid=2862, SUCCESS, logIndex=4308, commits[7049f9e8-7de6-4c8c-bf4c-9bb5512f4299:c4308, 13d9ac51-91bf-4c73-8824-2f58fc5b2747:c4304, 15cd3569-c751-4f18-b157-6804e7d0f08c:c4304]
2019-07-10 05:59:58,552 INFO  client.GrpcClientProtocolClient (GrpcClientProtocolClient.java:onNext(255)) - client-535162E20057->7049f9e8-7de6-4c8c-bf4c-9bb5512f4299: receive RaftClientReply:client-535162E20057->7049f9e8-7de6-4c8c-bf4c-9bb5512f4299@group-3B5DE3AEDFC2, cid=2863, SUCCESS, logIndex=0, commits[7049f9e8-7de6-4c8c-bf4c-9bb5512f4299:c4309, 13d9ac51-91bf-4c73-8824-2f58fc5b2747:c4308, 15cd3569-c751-4f18-b157-6804e7d0f08c:c4308]
2019-07-10 05:59:58,578 INFO  client.GrpcClientProtocolClient (GrpcClientProtocolClient.java:onNext(255)) - client-535162E20057->7049f9e8-7de6-4c8c-bf4c-9bb5512f4299: receive RaftClientReply:client-535162E20057->7049f9e8-7de6-4c8c-bf4c-9bb5512f4299@group-3B5DE3AEDFC2, cid=2864, SUCCESS, logIndex=4311, commits[7049f9e8-7de6-4c8c-bf4c-9bb5512f4299:c4313, 13d9ac51-91bf-4c73-8824-2f58fc5b2747:c4310, 15cd3569-c751-4f18-b157-6804e7d0f08c:c4310]
2019-07-10 05:59:58,579 INFO  client.GrpcClientProtocolClient (GrpcClientProtocolClient.java:onNext(255)) - client-535162E20057->7049f9e8-7de6-4c8c-bf4c-9bb5512f4299: receive RaftClientReply:client-535162E20057->7049f9e8-7de6-4c8c-bf4c-9bb5512f4299@group-3B5DE3AEDFC2, cid=2865, SUCCESS, logIndex=4312, commits[7049f9e8-7de6-4c8c-bf4c-9bb5512f4299:c4314, 13d9ac51-91bf-4c73-8824-2f58fc5b2747:c4310, 15cd3569-c751-4f18-b157-6804e7d0f08c:c4310]
2019-07-10 05:59:58,579 INFO  client.GrpcClientProtocolClient (GrpcClientProtocolClient.java:onNext(255)) - client-535162E20057->7049f9e8-7de6-4c8c-bf4c-9bb5512f4299: receive RaftClientReply:client-535162E20057->7049f9e8-7de6-4c8c-bf4c-9bb5512f4299@group-3B5DE3AEDFC2, cid=2866, SUCCESS, logIndex=4313, commits[7049f9e8-7de6-4c8c-bf4c-9bb5512f4299:c4314, 13d9ac51-91bf-4c73-8824-2f58fc5b2747:c4310, 15cd3569-c751-4f18-b157-6804e7d0f08c:c4310]
2019-07-10 05:59:58,579 INFO  client.GrpcClientProtocolClient (GrpcClientProtocolClient.java:onNext(255)) - client-535162E20057->7049f9e8-7de6-4c8c-bf4c-9bb5512f4299: receive RaftClientReply:client-535162E20057->7049f9e8-7de6-4c8c-bf4c-9bb5512f4299@group-3B5DE3AEDFC2, cid=2867, SUCCESS, logIndex=4314, commits[7049f9e8-7de6-4c8c-bf4c-9bb5512f4299:c4314, 13d9ac51-91bf-4c73-8824-2f58fc5b2747:c4310, 15cd3569-c751-4f18-b157-6804e7d0f08c:c4310]
2019-07-10 05:59:58,582 INFO  client.GrpcClientProtocolClient (GrpcClientProtocolClient.java:onNext(255)) - client-535162E20057->7049f9e8-7de6-4c8c-bf4c-9bb5512f4299: receive RaftClientReply:client-535162E20057->7049f9e8-7de6-4c8c-bf4c-9bb5512f4299@group-3B5DE3AEDFC2, cid=2868, SUCCESS, logIndex=0, commits[7049f9e8-7de6-4c8c-bf4c-9bb5512f4299:c4315, 13d9ac51-91bf-4c73-8824-2f58fc5b2747:c4312, 15cd3569-c751-4f18-b157-6804e7d0f08c:c4312]
2019-07-10 05:59:58,594 INFO  client.GrpcClientProtocolClient (GrpcClientProtocolClient.java:onNext(255)) - client-535162E20057->7049f9e8-7de6-4c8c-bf4c-9bb5512f4299: receive RaftClientReply:client-535162E20057->7049f9e8-7de6-4c8c-bf4c-9bb5512f4299@group-3B5DE3AEDFC2, cid=2869, SUCCESS, logIndex=4319, commits[7049f9e8-7de6-4c8c-bf4c-9bb5512f4299:c4320, 13d9ac51-91bf-4c73-8824-2f58fc5b2747:c4314, 15cd3569-c751-4f18-b157-6804e7d0f08c:c4315]
2019-07-10 05:59:58,594 INFO  client.GrpcClientProtocolClient (GrpcClientProtocolClient.java:onNext(255)) - client-535162E20057->7049f9e8-7de6-4c8c-bf4c-9bb5512f4299: receive RaftClientReply:client-535162E20057->7049f9e8-7de6-4c8c-bf4c-9bb5512f4299@group-3B5DE3AEDFC2, cid=2870, SUCCESS, logIndex=4320, commits[7049f9e8-7de6-4c8c-bf4c-9bb5512f4299:c4320, 13d9ac51-91bf-4c73-8824-2f58fc5b2747:c4314, 15cd3569-c751-4f18-b157-6804e7d0f08c:c4315]
2019-07-10 05:59:58,610 INFO  client.GrpcClientProtocolClient (GrpcClientProtocolClient.java:onNext(255)) - client-535162E20057->7049f9e8-7de6-4c8c-bf4c-9bb5512f4299: receive RaftClientReply:client-535162E20057->7049f9e8-7de6-4c8c-bf4c-9bb5512f4299@group-3B5DE3AEDFC2, cid=2871, SUCCESS, logIndex=4323, commits[7049f9e8-7de6-4c8c-bf4c-9bb5512f4299:c4324, 13d9ac51-91bf-4c73-8824-2f58fc5b2747:c4322, 15cd3569-c751-4f18-b157-6804e7d0f08c:c4320]
2019-07-10 05:59:58,610 INFO  client.GrpcClientProtocolClient (GrpcClientProtocolClient.java:onNext(255)) - client-535162E20057->7049f9e8-7de6-4c8c-bf4c-9bb5512f4299: receive RaftClientReply:client-535162E20057->7049f9e8-7de6-4c8c-bf4c-9bb5512f4299@group-3B5DE3AEDFC2, cid=2872, SUCCESS, logIndex=4324, commits[7049f9e8-7de6-4c8c-bf4c-9bb5512f4299:c4324, 13d9ac51-91bf-4c73-8824-2f58fc5b2747:c4322, 15cd3569-c751-4f18-b157-6804e7d0f08c:c4322]
2019-07-10 05:59:58,612 INFO  client.GrpcClientProtocolClient (GrpcClientProtocolClient.java:onNext(255)) - client-535162E20057->7049f9e8-7de6-4c8c-bf4c-9bb5512f4299: receive RaftClientReply:client-535162E20057->7049f9e8-7de6-4c8c-bf4c-9bb5512f4299@group-3B5DE3AEDFC2, cid=2873, SUCCESS, logIndex=0, commits[7049f9e8-7de6-4c8c-bf4c-9bb5512f4299:c4325, 13d9ac51-91bf-4c73-8824-2f58fc5b2747:c4324, 15cd3569-c751-4f18-b157-6804e7d0f08c:c4324]
2019-07-10 05:59:58,643 INFO  client.GrpcClientProtocolClient (GrpcClientProtocolClient.java:onNext(255)) - client-535162E20057->7049f9e8-7de6-4c8c-bf4c-9bb5512f4299: receive RaftClientReply:client-535162E20057->7049f9e8-7de6-4c8c-bf4c-9bb5512f4299@group-3B5DE3AEDFC2, cid=2874, SUCCESS, logIndex=4326, commits[7049f9e8-7de6-4c8c-bf4c-9bb5512f4299:c4328, 13d9ac51-91bf-4c73-8824-2f58fc5b2747:c4325, 15cd3569-c751-4f18-b157-6804e7d0f08c:c4325]
2019-07-10 05:59:58,643 INFO  client.GrpcClientProtocolClient (GrpcClientProtocolClient.java:onNext(255)) - client-535162E20057->7049f9e8-7de6-4c8c-bf4c-9bb5512f4299: receive RaftClientReply:client-535162E20057->7049f9e8-7de6-4c8c-bf4c-9bb5512f4299@group-3B5DE3AEDFC2, cid=2875, SUCCESS, logIndex=4327, commits[7049f9e8-7de6-4c8c-bf4c-9bb5512f4299:c4329, 13d9ac51-91bf-4c73-8824-2f58fc5b2747:c4325, 15cd3569-c751-4f18-b157-6804e7d0f08c:c4325]
2019-07-10 05:59:58,644 INFO  client.GrpcClientProtocolClient (GrpcClientProtocolClient.java:onNext(255)) - client-535162E20057->7049f9e8-7de6-4c8c-bf4c-9bb5512f4299: receive RaftClientReply:client-535162E20057->7049f9e8-7de6-4c8c-bf4c-9bb5512f4299@group-3B5DE3AEDFC2, cid=2876, SUCCESS, logIndex=4328, commits[7049f9e8-7de6-4c8c-bf4c-9bb5512f4299:c4329, 13d9ac51-91bf-4c73-8824-2f58fc5b2747:c4325, 15cd3569-c751-4f18-b157-6804e7d0f08c:c4325]
2019-07-10 05:59:58,644 INFO  client.GrpcClientProtocolClient (GrpcClientProtocolClient.java:onNext(255)) - client-535162E20057->7049f9e8-7de6-4c8c-bf4c-9bb5512f4299: receive RaftClientReply:client-535162E20057->7049f9e8-7de6-4c8c-bf4c-9bb5512f4299@group-3B5DE3AEDFC2, cid=2877, SUCCESS, logIndex=4329, commits[7049f9e8-7de6-4c8c-bf4c-9bb5512f4299:c4329, 13d9ac51-91bf-4c73-8824-2f58fc5b2747:c4325, 15cd3569-c751-4f18-b157-6804e7d0f08c:c4325]
2019-07-10 05:59:58,647 INFO  client.GrpcClientProtocolClient (GrpcClientProtocolClient.java:onNext(255)) - client-535162E20057->7049f9e8-7de6-4c8c-bf4c-9bb5512f4299: receive RaftClientReply:client-535162E20057->7049f9e8-7de6-4c8c-bf4c-9bb5512f4299@group-3B5DE3AEDFC2, cid=2878, SUCCESS, logIndex=0, commits[7049f9e8-7de6-4c8c-bf4c-9bb5512f4299:c4332, 13d9ac51-91bf-4c73-8824-2f58fc5b2747:c4327, 15cd3569-c751-4f18-b157-6804e7d0f08c:c4328]
2019-07-10 05:59:58,671 INFO  client.GrpcClientProtocolClient (GrpcClientProtocolClient.java:onNext(255)) - client-535162E20057->7049f9e8-7de6-4c8c-bf4c-9bb5512f4299: receive RaftClientReply:client-535162E20057->7049f9e8-7de6-4c8c-bf4c-9bb5512f4299@group-3B5DE3AEDFC2, cid=2879, SUCCESS, logIndex=4334, commits[7049f9e8-7de6-4c8c-bf4c-9bb5512f4299:c4334, 13d9ac51-91bf-4c73-8824-2f58fc5b2747:c4333, 15cd3569-c751-4f18-b157-6804e7d0f08c:c4333]
2019-07-10 05:59:58,671 INFO  client.GrpcClientProtocolClient (GrpcClientProtocolClient.java:onNext(255)) - client-535162E20057->7049f9e8-7de6-4c8c-bf4c-9bb5512f4299: receive RaftClientReply:client-535162E20057->7049f9e8-7de6-4c8c-bf4c-9bb5512f4299@group-3B5DE3AEDFC2, cid=2880, SUCCESS, logIndex=4335, commits[7049f9e8-7de6-4c8c-bf4c-9bb5512f4299:c4335, 13d9ac51-91bf-4c73-8824-2f58fc5b2747:c4333, 15cd3569-c751-4f18-b157-6804e7d0f08c:c4333]
2019-07-10 05:59:58,686 INFO  client.GrpcClientProtocolClient (GrpcClientProtocolClient.java:onNext(255)) - client-535162E20057->7049f9e8-7de6-4c8c-bf4c-9bb5512f4299: receive RaftClientReply:client-535162E20057->7049f9e8-7de6-4c8c-bf4c-9bb5512f4299@group-3B5DE3AEDFC2, cid=2881, SUCCESS, logIndex=4338, commits[7049f9e8-7de6-4c8c-bf4c-9bb5512f4299:c4339, 13d9ac51-91bf-4c73-8824-2f58fc5b2747:c4335, 15cd3569-c751-4f18-b157-6804e7d0f08c:c4335]
2019-07-10 05:59:58,687 INFO  client.GrpcClientProtocolClient (GrpcClientProtocolClient.java:onNext(255)) - client-535162E20057->7049f9e8-7de6-4c8c-bf4c-9bb5512f4299: receive RaftClientReply:client-535162E20057->7049f9e8-7de6-4c8c-bf4c-9bb5512f4299@group-3B5DE3AEDFC2, cid=2882, SUCCESS, logIndex=4339, commits[7049f9e8-7de6-4c8c-bf4c-9bb5512f4299:c4339, 13d9ac51-91bf-4c73-8824-2f58fc5b2747:c4335, 15cd3569-c751-4f18-b157-6804e7d0f08c:c4335]
2019-07-10 05:59:58,702 INFO  client.GrpcClientProtocolClient (GrpcClientProtocolClient.java:onNext(255)) - client-535162E20057->7049f9e8-7de6-4c8c-bf4c-9bb5512f4299: receive RaftClientReply:client-535162E20057->7049f9e8-7de6-4c8c-bf4c-9bb5512f4299@group-3B5DE3AEDFC2, cid=2883, SUCCESS, logIndex=0, commits[7049f9e8-7de6-4c8c-bf4c-9bb5512f4299:c4340, 13d9ac51-91bf-4c73-8824-2f58fc5b2747:c4339, 15cd3569-c751-4f18-b157-6804e7d0f08c:c4339]
2019-07-10 05:59:58,734 INFO  client.GrpcClientProtocolClient (GrpcClientProtocolClient.java:onNext(255)) - client-535162E20057->7049f9e8-7de6-4c8c-bf4c-9bb5512f4299: receive RaftClientReply:client-535162E20057->7049f9e8-7de6-4c8c-bf4c-9bb5512f4299@group-3B5DE3AEDFC2, cid=2884, SUCCESS, logIndex=4342, commits[7049f9e8-7de6-4c8c-bf4c-9bb5512f4299:c4343, 13d9ac51-91bf-4c73-8824-2f58fc5b2747:c4341, 15cd3569-c751-4f18-b157-6804e7d0f08c:c4341]
2019-07-10 05:59:58,734 INFO  client.GrpcClientProtocolClient (GrpcClientProtocolClient.java:onNext(255)) - client-535162E20057->7049f9e8-7de6-4c8c-bf4c-9bb5512f4299: receive RaftClientReply:client-535162E20057->7049f9e8-7de6-4c8c-bf4c-9bb5512f4299@group-3B5DE3AEDFC2, cid=2885, SUCCESS, logIndex=4343, commits[7049f9e8-7de6-4c8c-bf4c-9bb5512f4299:c4343, 13d9ac51-91bf-4c73-8824-2f58fc5b2747:c4341, 15cd3569-c751-4f18-b157-6804e7d0f08c:c4341]
2019-07-10 05:59:58,735 INFO  client.GrpcClientProtocolClient (GrpcClientProtocolClient.java:onNext(255)) - client-535162E20057->7049f9e8-7de6-4c8c-bf4c-9bb5512f4299: receive RaftClientReply:client-535162E20057->7049f9e8-7de6-4c8c-bf4c-9bb5512f4299@group-3B5DE3AEDFC2, cid=2886, SUCCESS, logIndex=4344, commits[7049f9e8-7de6-4c8c-bf4c-9bb5512f4299:c4345, 13d9ac51-91bf-4c73-8824-2f58fc5b2747:c4341, 15cd3569-c751-4f18-b157-6804e7d0f08c:c4341]
2019-07-10 05:59:58,735 INFO  client.GrpcClientProtocolClient (GrpcClientProtocolClient.java:onNext(255)) - client-535162E20057->7049f9e8-7de6-4c8c-bf4c-9bb5512f4299: receive RaftClientReply:client-535162E20057->7049f9e8-7de6-4c8c-bf4c-9bb5512f4299@group-3B5DE3AEDFC2, cid=2887, SUCCESS, logIndex=4345, commits[7049f9e8-7de6-4c8c-bf4c-9bb5512f4299:c4345, 13d9ac51-91bf-4c73-8824-2f58fc5b2747:c4341, 15cd3569-c751-4f18-b157-6804e7d0f08c:c4341]
2019-07-10 05:59:58,749 INFO  client.GrpcClientProtocolClient (GrpcClientProtocolClient.java:onNext(255)) - client-535162E20057->7049f9e8-7de6-4c8c-bf4c-9bb5512f4299: receive RaftClientReply:client-535162E20057->7049f9e8-7de6-4c8c-bf4c-9bb5512f4299@group-3B5DE3AEDFC2, cid=2888, SUCCESS, logIndex=0, commits[7049f9e8-7de6-4c8c-bf4c-9bb5512f4299:c4347, 13d9ac51-91bf-4c73-8824-2f58fc5b2747:c4343, 15cd3569-c751-4f18-b157-6804e7d0f08c:c4343]
2019-07-10 05:59:58,770 INFO  client.GrpcClientProtocolClient (GrpcClientProtocolClient.java:onNext(255)) - client-535162E20057->7049f9e8-7de6-4c8c-bf4c-9bb5512f4299: receive RaftClientReply:client-535162E20057->7049f9e8-7de6-4c8c-bf4c-9bb5512f4299@group-3B5DE3AEDFC2, cid=2889, SUCCESS, logIndex=4350, commits[7049f9e8-7de6-4c8c-bf4c-9bb5512f4299:c4351, 13d9ac51-91bf-4c73-8824-2f58fc5b2747:c4349, 15cd3569-c751-4f18-b157-6804e7d0f08c:c4349]
2019-07-10 05:59:58,770 INFO  client.GrpcClientProtocolClient (GrpcClientProtocolClient.java:onNext(255)) - client-535162E20057->7049f9e8-7de6-4c8c-bf4c-9bb5512f4299: receive RaftClientReply:client-535162E20057->7049f9e8-7de6-4c8c-bf4c-9bb5512f4299@group-3B5DE3AEDFC2, cid=2890, SUCCESS, logIndex=4351, commits[7049f9e8-7de6-4c8c-bf4c-9bb5512f4299:c4351, 13d9ac51-91bf-4c73-8824-2f58fc5b2747:c4349, 15cd3569-c751-4f18-b157-6804e7d0f08c:c4349]
2019-07-10 05:59:58,783 INFO  client.GrpcClientProtocolClient (GrpcClientProtocolClient.java:onNext(255)) - client-535162E20057->7049f9e8-7de6-4c8c-bf4c-9bb5512f4299: receive RaftClientReply:client-535162E20057->7049f9e8-7de6-4c8c-bf4c-9bb5512f4299@group-3B5DE3AEDFC2, cid=2891, SUCCESS, logIndex=4354, commits[7049f9e8-7de6-4c8c-bf4c-9bb5512f4299:c4355, 13d9ac51-91bf-4c73-8824-2f58fc5b2747:c4351, 15cd3569-c751-4f18-b157-6804e7d0f08c:c4351]
2019-07-10 05:59:58,784 INFO  client.GrpcClientProtocolClient (GrpcClientProtocolClient.java:onNext(255)) - client-535162E20057->7049f9e8-7de6-4c8c-bf4c-9bb5512f4299: receive RaftClientReply:client-535162E20057->7049f9e8-7de6-4c8c-bf4c-9bb5512f4299@group-3B5DE3AEDFC2, cid=2892, SUCCESS, logIndex=4355, commits[7049f9e8-7de6-4c8c-bf4c-9bb5512f4299:c4355, 13d9ac51-91bf-4c73-8824-2f58fc5b2747:c4351, 15cd3569-c751-4f18-b157-6804e7d0f08c:c4351]
2019-07-10 05:59:58,797 INFO  client.GrpcClientProtocolClient (GrpcClientProtocolClient.java:onNext(255)) - client-535162E20057->7049f9e8-7de6-4c8c-bf4c-9bb5512f4299: receive RaftClientReply:client-535162E20057->7049f9e8-7de6-4c8c-bf4c-9bb5512f4299@group-3B5DE3AEDFC2, cid=2893, SUCCESS, logIndex=0, commits[7049f9e8-7de6-4c8c-bf4c-9bb5512f4299:c4357, 13d9ac51-91bf-4c73-8824-2f58fc5b2747:c4355, 15cd3569-c751-4f18-b157-6804e7d0f08c:c4355]
2019-07-10 05:59:58,829 INFO  client.GrpcClientProtocolClient (GrpcClientProtocolClient.java:onNext(255)) - client-535162E20057->7049f9e8-7de6-4c8c-bf4c-9bb5512f4299: receive RaftClientReply:client-535162E20057->7049f9e8-7de6-4c8c-bf4c-9bb5512f4299@group-3B5DE3AEDFC2, cid=2894, SUCCESS, logIndex=4358, commits[7049f9e8-7de6-4c8c-bf4c-9bb5512f4299:c4360, 13d9ac51-91bf-4c73-8824-2f58fc5b2747:c4357, 15cd3569-c751-4f18-b157-6804e7d0f08c:c4357]
2019-07-10 05:59:58,829 INFO  client.GrpcClientProtocolClient (GrpcClientProtocolClient.java:onNext(255)) - client-535162E20057->7049f9e8-7de6-4c8c-bf4c-9bb5512f4299: receive RaftClientReply:client-535162E20057->7049f9e8-7de6-4c8c-bf4c-9bb5512f4299@group-3B5DE3AEDFC2, cid=2895, SUCCESS, logIndex=4359, commits[7049f9e8-7de6-4c8c-bf4c-9bb5512f4299:c4361, 13d9ac51-91bf-4c73-8824-2f58fc5b2747:c4357, 15cd3569-c751-4f18-b157-6804e7d0f08c:c4357]
2019-07-10 05:59:58,830 INFO  client.GrpcClientProtocolClient (GrpcClientProtocolClient.java:onNext(255)) - client-535162E20057->7049f9e8-7de6-4c8c-bf4c-9bb5512f4299: receive RaftClientReply:client-535162E20057->7049f9e8-7de6-4c8c-bf4c-9bb5512f4299@group-3B5DE3AEDFC2, cid=2896, SUCCESS, logIndex=4360, commits[7049f9e8-7de6-4c8c-bf4c-9bb5512f4299:c4361, 13d9ac51-91bf-4c73-8824-2f58fc5b2747:c4357, 15cd3569-c751-4f18-b157-6804e7d0f08c:c4357]
2019-07-10 05:59:58,830 INFO  client.GrpcClientProtocolClient (GrpcClientProtocolClient.java:onNext(255)) - client-535162E20057->7049f9e8-7de6-4c8c-bf4c-9bb5512f4299: receive RaftClientReply:client-535162E20057->7049f9e8-7de6-4c8c-bf4c-9bb5512f4299@group-3B5DE3AEDFC2, cid=2897, SUCCESS, logIndex=4361, commits[7049f9e8-7de6-4c8c-bf4c-9bb5512f4299:c4361, 13d9ac51-91bf-4c73-8824-2f58fc5b2747:c4357, 15cd3569-c751-4f18-b157-6804e7d0f08c:c4357]
2019-07-10 05:59:58,844 INFO  client.GrpcClientProtocolClient (GrpcClientProtocolClient.java:onNext(255)) - client-535162E20057->7049f9e8-7de6-4c8c-bf4c-9bb5512f4299: receive RaftClientReply:client-535162E20057->7049f9e8-7de6-4c8c-bf4c-9bb5512f4299@group-3B5DE3AEDFC2, cid=2898, SUCCESS, logIndex=0, commits[7049f9e8-7de6-4c8c-bf4c-9bb5512f4299:c4363, 13d9ac51-91bf-4c73-8824-2f58fc5b2747:c4359, 15cd3569-c751-4f18-b157-6804e7d0f08c:c4359]
2019-07-10 05:59:58,863 INFO  client.GrpcClientProtocolClient (GrpcClientProtocolClient.java:onNext(255)) - client-535162E20057->7049f9e8-7de6-4c8c-bf4c-9bb5512f4299: receive RaftClientReply:client-535162E20057->7049f9e8-7de6-4c8c-bf4c-9bb5512f4299@group-3B5DE3AEDFC2, cid=2899, SUCCESS, logIndex=4366, commits[7049f9e8-7de6-4c8c-bf4c-9bb5512f4299:c4367, 13d9ac51-91bf-4c73-8824-2f58fc5b2747:c4365, 15cd3569-c751-4f18-b157-6804e7d0f08c:c4365]
2019-07-10 05:59:58,864 INFO  client.GrpcClientProtocolClient (GrpcClientProtocolClient.java:onNext(255)) - client-535162E20057->7049f9e8-7de6-4c8c-bf4c-9bb5512f4299: receive RaftClientReply:client-535162E20057->7049f9e8-7de6-4c8c-bf4c-9bb5512f4299@group-3B5DE3AEDFC2, cid=2900, SUCCESS, logIndex=4367, commits[7049f9e8-7de6-4c8c-bf4c-9bb5512f4299:c4367, 13d9ac51-91bf-4c73-8824-2f58fc5b2747:c4365, 15cd3569-c751-4f18-b157-6804e7d0f08c:c4365]
2019-07-10 05:59:58,878 INFO  client.GrpcClientProtocolClient (GrpcClientProtocolClient.java:onNext(255)) - client-535162E20057->7049f9e8-7de6-4c8c-bf4c-9bb5512f4299: receive RaftClientReply:client-535162E20057->7049f9e8-7de6-4c8c-bf4c-9bb5512f4299@group-3B5DE3AEDFC2, cid=2901, SUCCESS, logIndex=4370, commits[7049f9e8-7de6-4c8c-bf4c-9bb5512f4299:c4371, 13d9ac51-91bf-4c73-8824-2f58fc5b2747:c4367, 15cd3569-c751-4f18-b157-6804e7d0f08c:c4367]
2019-07-10 05:59:58,878 INFO  client.GrpcClientProtocolClient (GrpcClientProtocolClient.java:onNext(255)) - client-535162E20057->7049f9e8-7de6-4c8c-bf4c-9bb5512f4299: receive RaftClientReply:client-535162E20057->7049f9e8-7de6-4c8c-bf4c-9bb5512f4299@group-3B5DE3AEDFC2, cid=2902, SUCCESS, logIndex=4371, commits[7049f9e8-7de6-4c8c-bf4c-9bb5512f4299:c4371, 13d9ac51-91bf-4c73-8824-2f58fc5b2747:c4367, 15cd3569-c751-4f18-b157-6804e7d0f08c:c4367]
2019-07-10 05:59:58,882 INFO  client.GrpcClientProtocolClient (GrpcClientProtocolClient.java:onNext(255)) - client-535162E20057->7049f9e8-7de6-4c8c-bf4c-9bb5512f4299: receive RaftClientReply:client-535162E20057->7049f9e8-7de6-4c8c-bf4c-9bb5512f4299@group-3B5DE3AEDFC2, cid=2903, SUCCESS, logIndex=0, commits[7049f9e8-7de6-4c8c-bf4c-9bb5512f4299:c4373, 13d9ac51-91bf-4c73-8824-2f58fc5b2747:c4371, 15cd3569-c751-4f18-b157-6804e7d0f08c:c4371]
2019-07-10 05:59:58,918 INFO  client.GrpcClientProtocolClient (GrpcClientProtocolClient.java:onNext(255)) - client-535162E20057->7049f9e8-7de6-4c8c-bf4c-9bb5512f4299: receive RaftClientReply:client-535162E20057->7049f9e8-7de6-4c8c-bf4c-9bb5512f4299@group-3B5DE3AEDFC2, cid=2904, SUCCESS, logIndex=4374, commits[7049f9e8-7de6-4c8c-bf4c-9bb5512f4299:c4375, 13d9ac51-91bf-4c73-8824-2f58fc5b2747:c4371, 15cd3569-c751-4f18-b157-6804e7d0f08c:c4373]
2019-07-10 05:59:58,919 INFO  client.GrpcClientProtocolClient (GrpcClientProtocolClient.java:onNext(255)) - client-535162E20057->7049f9e8-7de6-4c8c-bf4c-9bb5512f4299: receive RaftClientReply:client-535162E20057->7049f9e8-7de6-4c8c-bf4c-9bb5512f4299@group-3B5DE3AEDFC2, cid=2905, SUCCESS, logIndex=4375, commits[7049f9e8-7de6-4c8c-bf4c-9bb5512f4299:c4377, 13d9ac51-91bf-4c73-8824-2f58fc5b2747:c4373, 15cd3569-c751-4f18-b157-6804e7d0f08c:c4373]
2019-07-10 05:59:58,919 INFO  client.GrpcClientProtocolClient (GrpcClientProtocolClient.java:onNext(255)) - client-535162E20057->7049f9e8-7de6-4c8c-bf4c-9bb5512f4299: receive RaftClientReply:client-535162E20057->7049f9e8-7de6-4c8c-bf4c-9bb5512f4299@group-3B5DE3AEDFC2, cid=2906, SUCCESS, logIndex=4376, commits[7049f9e8-7de6-4c8c-bf4c-9bb5512f4299:c4377, 13d9ac51-91bf-4c73-8824-2f58fc5b2747:c4373, 15cd3569-c751-4f18-b157-6804e7d0f08c:c4373]
2019-07-10 05:59:58,920 INFO  client.GrpcClientProtocolClient (GrpcClientProtocolClient.java:onNext(255)) - client-535162E20057->7049f9e8-7de6-4c8c-bf4c-9bb5512f4299: receive RaftClientReply:client-535162E20057->7049f9e8-7de6-4c8c-bf4c-9bb5512f4299@group-3B5DE3AEDFC2, cid=2907, SUCCESS, logIndex=4377, commits[7049f9e8-7de6-4c8c-bf4c-9bb5512f4299:c4378, 13d9ac51-91bf-4c73-8824-2f58fc5b2747:c4375, 15cd3569-c751-4f18-b157-6804e7d0f08c:c4373]
2019-07-10 05:59:58,924 INFO  client.GrpcClientProtocolClient (GrpcClientProtocolClient.java:onNext(255)) - client-535162E20057->7049f9e8-7de6-4c8c-bf4c-9bb5512f4299: receive RaftClientReply:client-535162E20057->7049f9e8-7de6-4c8c-bf4c-9bb5512f4299@group-3B5DE3AEDFC2, cid=2908, SUCCESS, logIndex=0, commits[7049f9e8-7de6-4c8c-bf4c-9bb5512f4299:c4380, 13d9ac51-91bf-4c73-8824-2f58fc5b2747:c4377, 15cd3569-c751-4f18-b157-6804e7d0f08c:c4375]
2019-07-10 05:59:58,948 INFO  client.GrpcClientProtocolClient (GrpcClientProtocolClient.java:onNext(255)) - client-535162E20057->7049f9e8-7de6-4c8c-bf4c-9bb5512f4299: receive RaftClientReply:client-535162E20057->7049f9e8-7de6-4c8c-bf4c-9bb5512f4299@group-3B5DE3AEDFC2, cid=2909, SUCCESS, logIndex=4381, commits[7049f9e8-7de6-4c8c-bf4c-9bb5512f4299:c4382, 13d9ac51-91bf-4c73-8824-2f58fc5b2747:c4380, 15cd3569-c751-4f18-b157-6804e7d0f08c:c4380]
2019-07-10 05:59:58,948 INFO  client.GrpcClientProtocolClient (GrpcClientProtocolClient.java:onNext(255)) - client-535162E20057->7049f9e8-7de6-4c8c-bf4c-9bb5512f4299: receive RaftClientReply:client-535162E20057->7049f9e8-7de6-4c8c-bf4c-9bb5512f4299@group-3B5DE3AEDFC2, cid=2910, SUCCESS, logIndex=4382, commits[7049f9e8-7de6-4c8c-bf4c-9bb5512f4299:c4382, 13d9ac51-91bf-4c73-8824-2f58fc5b2747:c4380, 15cd3569-c751-4f18-b157-6804e7d0f08c:c4380]
2019-07-10 05:59:58,962 INFO  client.GrpcClientProtocolClient (GrpcClientProtocolClient.java:onNext(255)) - client-535162E20057->7049f9e8-7de6-4c8c-bf4c-9bb5512f4299: receive RaftClientReply:client-535162E20057->7049f9e8-7de6-4c8c-bf4c-9bb5512f4299@group-3B5DE3AEDFC2, cid=2911, SUCCESS, logIndex=4385, commits[7049f9e8-7de6-4c8c-bf4c-9bb5512f4299:c4385, 13d9ac51-91bf-4c73-8824-2f58fc5b2747:c4382, 15cd3569-c751-4f18-b157-6804e7d0f08c:c4382]
2019-07-10 05:59:58,962 INFO  client.GrpcClientProtocolClient (GrpcClientProtocolClient.java:onNext(255)) - client-535162E20057->7049f9e8-7de6-4c8c-bf4c-9bb5512f4299: receive RaftClientReply:client-535162E20057->7049f9e8-7de6-4c8c-bf4c-9bb5512f4299@group-3B5DE3AEDFC2, cid=2912, SUCCESS, logIndex=4386, commits[7049f9e8-7de6-4c8c-bf4c-9bb5512f4299:c4386, 13d9ac51-91bf-4c73-8824-2f58fc5b2747:c4382, 15cd3569-c751-4f18-b157-6804e7d0f08c:c4382]
2019-07-10 05:59:58,976 INFO  client.GrpcClientProtocolClient (GrpcClientProtocolClient.java:onNext(255)) - client-535162E20057->7049f9e8-7de6-4c8c-bf4c-9bb5512f4299: receive RaftClientReply:client-535162E20057->7049f9e8-7de6-4c8c-bf4c-9bb5512f4299@group-3B5DE3AEDFC2, cid=2913, SUCCESS, logIndex=0, commits[7049f9e8-7de6-4c8c-bf4c-9bb5512f4299:c4388, 13d9ac51-91bf-4c73-8824-2f58fc5b2747:c4386, 15cd3569-c751-4f18-b157-6804e7d0f08c:c4386]
2019-07-10 05:59:59,151 INFO  client.GrpcClientProtocolClient (GrpcClientProtocolClient.java:onNext(255)) - client-535162E20057->7049f9e8-7de6-4c8c-bf4c-9bb5512f4299: receive RaftClientReply:client-535162E20057->7049f9e8-7de6-4c8c-bf4c-9bb5512f4299@group-3B5DE3AEDFC2, cid=2914, SUCCESS, logIndex=4389, commits[7049f9e8-7de6-4c8c-bf4c-9bb5512f4299:c4390, 13d9ac51-91bf-4c73-8824-2f58fc5b2747:c4388, 15cd3569-c751-4f18-b157-6804e7d0f08c:c4388]
2019-07-10 05:59:59,152 INFO  client.GrpcClientProtocolClient (GrpcClientProtocolClient.java:onNext(255)) - client-535162E20057->7049f9e8-7de6-4c8c-bf4c-9bb5512f4299: receive RaftClientReply:client-535162E20057->7049f9e8-7de6-4c8c-bf4c-9bb5512f4299@group-3B5DE3AEDFC2, cid=2915, SUCCESS, logIndex=4390, commits[7049f9e8-7de6-4c8c-bf4c-9bb5512f4299:c4392, 13d9ac51-91bf-4c73-8824-2f58fc5b2747:c4388, 15cd3569-c751-4f18-b157-6804e7d0f08c:c4388]
2019-07-10 05:59:59,152 INFO  client.GrpcClientProtocolClient (GrpcClientProtocolClient.java:onNext(255)) - client-535162E20057->7049f9e8-7de6-4c8c-bf4c-9bb5512f4299: receive RaftClientReply:client-535162E20057->7049f9e8-7de6-4c8c-bf4c-9bb5512f4299@group-3B5DE3AEDFC2, cid=2916, SUCCESS, logIndex=4391, commits[7049f9e8-7de6-4c8c-bf4c-9bb5512f4299:c4392, 13d9ac51-91bf-4c73-8824-2f58fc5b2747:c4388, 15cd3569-c751-4f18-b157-6804e7d0f08c:c4388]
2019-07-10 05:59:59,152 INFO  client.GrpcClientProtocolClient (GrpcClientProtocolClient.java:onNext(255)) - client-535162E20057->7049f9e8-7de6-4c8c-bf4c-9bb5512f4299: receive RaftClientReply:client-535162E20057->7049f9e8-7de6-4c8c-bf4c-9bb5512f4299@group-3B5DE3AEDFC2, cid=2917, SUCCESS, logIndex=4392, commits[7049f9e8-7de6-4c8c-bf4c-9bb5512f4299:c4392, 13d9ac51-91bf-4c73-8824-2f58fc5b2747:c4388, 15cd3569-c751-4f18-b157-6804e7d0f08c:c4388]
2019-07-10 05:59:59,166 INFO  client.GrpcClientProtocolClient (GrpcClientProtocolClient.java:onNext(255)) - client-535162E20057->7049f9e8-7de6-4c8c-bf4c-9bb5512f4299: receive RaftClientReply:client-535162E20057->7049f9e8-7de6-4c8c-bf4c-9bb5512f4299@group-3B5DE3AEDFC2, cid=2918, SUCCESS, logIndex=0, commits[7049f9e8-7de6-4c8c-bf4c-9bb5512f4299:c4393, 13d9ac51-91bf-4c73-8824-2f58fc5b2747:c4390, 15cd3569-c751-4f18-b157-6804e7d0f08c:c4390]
2019-07-10 05:59:59,192 INFO  client.GrpcClientProtocolClient (GrpcClientProtocolClient.java:onNext(255)) - client-535162E20057->7049f9e8-7de6-4c8c-bf4c-9bb5512f4299: receive RaftClientReply:client-535162E20057->7049f9e8-7de6-4c8c-bf4c-9bb5512f4299@group-3B5DE3AEDFC2, cid=2919, SUCCESS, logIndex=4397, commits[7049f9e8-7de6-4c8c-bf4c-9bb5512f4299:c4398, 13d9ac51-91bf-4c73-8824-2f58fc5b2747:c4396, 15cd3569-c751-4f18-b157-6804e7d0f08c:c4396]
2019-07-10 05:59:59,192 INFO  client.GrpcClientProtocolClient (GrpcClientProtocolClient.java:onNext(255)) - client-535162E20057->7049f9e8-7de6-4c8c-bf4c-9bb5512f4299: receive RaftClientReply:client-535162E20057->7049f9e8-7de6-4c8c-bf4c-9bb5512f4299@group-3B5DE3AEDFC2, cid=2920, SUCCESS, logIndex=4398, commits[7049f9e8-7de6-4c8c-bf4c-9bb5512f4299:c4398, 13d9ac51-91bf-4c73-8824-2f58fc5b2747:c4396, 15cd3569-c751-4f18-b157-6804e7d0f08c:c4396]
2019-07-10 05:59:59,218 INFO  client.GrpcClientProtocolClient (GrpcClientProtocolClient.java:onNext(255)) - client-535162E20057->7049f9e8-7de6-4c8c-bf4c-9bb5512f4299: receive RaftClientReply:client-535162E20057->7049f9e8-7de6-4c8c-bf4c-9bb5512f4299@group-3B5DE3AEDFC2, cid=2921, SUCCESS, logIndex=4401, commits[7049f9e8-7de6-4c8c-bf4c-9bb5512f4299:c4402, 13d9ac51-91bf-4c73-8824-2f58fc5b2747:c4398, 15cd3569-c751-4f18-b157-6804e7d0f08c:c4398]
2019-07-10 05:59:59,219 INFO  client.GrpcClientProtocolClient (GrpcClientProtocolClient.java:onNext(255)) - client-535162E20057->7049f9e8-7de6-4c8c-bf4c-9bb5512f4299: receive RaftClientReply:client-535162E20057->7049f9e8-7de6-4c8c-bf4c-9bb5512f4299@group-3B5DE3AEDFC2, cid=2922, SUCCESS, logIndex=4402, commits[7049f9e8-7de6-4c8c-bf4c-9bb5512f4299:c4402, 13d9ac51-91bf-4c73-8824-2f58fc5b2747:c4398, 15cd3569-c751-4f18-b157-6804e7d0f08c:c4398]
2019-07-10 05:59:59,233 INFO  client.GrpcClientProtocolClient (GrpcClientProtocolClient.java:onNext(255)) - client-535162E20057->7049f9e8-7de6-4c8c-bf4c-9bb5512f4299: receive RaftClientReply:client-535162E20057->7049f9e8-7de6-4c8c-bf4c-9bb5512f4299@group-3B5DE3AEDFC2, cid=2923, SUCCESS, logIndex=0, commits[7049f9e8-7de6-4c8c-bf4c-9bb5512f4299:c4404, 13d9ac51-91bf-4c73-8824-2f58fc5b2747:c4402, 15cd3569-c751-4f18-b157-6804e7d0f08c:c4402]
2019-07-10 05:59:59,272 INFO  client.GrpcClientProtocolClient (GrpcClientProtocolClient.java:onNext(255)) - client-535162E20057->7049f9e8-7de6-4c8c-bf4c-9bb5512f4299: receive RaftClientReply:client-535162E20057->7049f9e8-7de6-4c8c-bf4c-9bb5512f4299@group-3B5DE3AEDFC2, cid=2924, SUCCESS, logIndex=4405, commits[7049f9e8-7de6-4c8c-bf4c-9bb5512f4299:c4408, 13d9ac51-91bf-4c73-8824-2f58fc5b2747:c4404, 15cd3569-c751-4f18-b157-6804e7d0f08c:c4404]
2019-07-10 05:59:59,273 INFO  client.GrpcClientProtocolClient (GrpcClientProtocolClient.java:onNext(255)) - client-535162E20057->7049f9e8-7de6-4c8c-bf4c-9bb5512f4299: receive RaftClientReply:client-535162E20057->7049f9e8-7de6-4c8c-bf4c-9bb5512f4299@group-3B5DE3AEDFC2, cid=2925, SUCCESS, logIndex=4406, commits[7049f9e8-7de6-4c8c-bf4c-9bb5512f4299:c4408, 13d9ac51-91bf-4c73-8824-2f58fc5b2747:c4404, 15cd3569-c751-4f18-b157-6804e7d0f08c:c4404]
2019-07-10 05:59:59,273 INFO  client.GrpcClientProtocolClient (GrpcClientProtocolClient.java:onNext(255)) - client-535162E20057->7049f9e8-7de6-4c8c-bf4c-9bb5512f4299: receive RaftClientReply:client-535162E20057->7049f9e8-7de6-4c8c-bf4c-9bb5512f4299@group-3B5DE3AEDFC2, cid=2926, SUCCESS, logIndex=4407, commits[7049f9e8-7de6-4c8c-bf4c-9bb5512f4299:c4408, 13d9ac51-91bf-4c73-8824-2f58fc5b2747:c4404, 15cd3569-c751-4f18-b157-6804e7d0f08c:c4404]
2019-07-10 05:59:59,273 INFO  client.GrpcClientProtocolClient (GrpcClientProtocolClient.java:onNext(255)) - client-535162E20057->7049f9e8-7de6-4c8c-bf4c-9bb5512f4299: receive RaftClientReply:client-535162E20057->7049f9e8-7de6-4c8c-bf4c-9bb5512f4299@group-3B5DE3AEDFC2, cid=2927, SUCCESS, logIndex=4408, commits[7049f9e8-7de6-4c8c-bf4c-9bb5512f4299:c4408, 13d9ac51-91bf-4c73-8824-2f58fc5b2747:c4404, 15cd3569-c751-4f18-b157-6804e7d0f08c:c4404]
2019-07-10 05:59:59,284 INFO  client.GrpcClientProtocolClient (GrpcClientProtocolClient.java:onNext(255)) - client-535162E20057->7049f9e8-7de6-4c8c-bf4c-9bb5512f4299: receive RaftClientReply:client-535162E20057->7049f9e8-7de6-4c8c-bf4c-9bb5512f4299@group-3B5DE3AEDFC2, cid=2928, SUCCESS, logIndex=0, commits[7049f9e8-7de6-4c8c-bf4c-9bb5512f4299:c4412, 13d9ac51-91bf-4c73-8824-2f58fc5b2747:c4406, 15cd3569-c751-4f18-b157-6804e7d0f08c:c4408]
2019-07-10 05:59:59,307 INFO  client.GrpcClientProtocolClient (GrpcClientProtocolClient.java:onNext(255)) - client-535162E20057->7049f9e8-7de6-4c8c-bf4c-9bb5512f4299: receive RaftClientReply:client-535162E20057->7049f9e8-7de6-4c8c-bf4c-9bb5512f4299@group-3B5DE3AEDFC2, cid=2929, SUCCESS, logIndex=4413, commits[7049f9e8-7de6-4c8c-bf4c-9bb5512f4299:c4414, 13d9ac51-91bf-4c73-8824-2f58fc5b2747:c4412, 15cd3569-c751-4f18-b157-6804e7d0f08c:c4412]
2019-07-10 05:59:59,307 INFO  client.GrpcClientProtocolClient (GrpcClientProtocolClient.java:onNext(255)) - client-535162E20057->7049f9e8-7de6-4c8c-bf4c-9bb5512f4299: receive RaftClientReply:client-535162E20057->7049f9e8-7de6-4c8c-bf4c-9bb5512f4299@group-3B5DE3AEDFC2, cid=2930, SUCCESS, logIndex=4414, commits[7049f9e8-7de6-4c8c-bf4c-9bb5512f4299:c4414, 13d9ac51-91bf-4c73-8824-2f58fc5b2747:c4412, 15cd3569-c751-4f18-b157-6804e7d0f08c:c4412]
2019-07-10 05:59:59,321 INFO  client.GrpcClientProtocolClient (GrpcClientProtocolClient.java:onNext(255)) - client-535162E20057->7049f9e8-7de6-4c8c-bf4c-9bb5512f4299: receive RaftClientReply:client-535162E20057->7049f9e8-7de6-4c8c-bf4c-9bb5512f4299@group-3B5DE3AEDFC2, cid=2931, SUCCESS, logIndex=4417, commits[7049f9e8-7de6-4c8c-bf4c-9bb5512f4299:c4418, 13d9ac51-91bf-4c73-8824-2f58fc5b2747:c4413, 15cd3569-c751-4f18-b157-6804e7d0f08c:c4414]
2019-07-10 05:59:59,322 INFO  client.GrpcClientProtocolClient (GrpcClientProtocolClient.java:onNext(255)) - client-535162E20057->7049f9e8-7de6-4c8c-bf4c-9bb5512f4299: receive RaftClientReply:client-535162E20057->7049f9e8-7de6-4c8c-bf4c-9bb5512f4299@group-3B5DE3AEDFC2, cid=2932, SUCCESS, logIndex=4418, commits[7049f9e8-7de6-4c8c-bf4c-9bb5512f4299:c4418, 13d9ac51-91bf-4c73-8824-2f58fc5b2747:c4414, 15cd3569-c751-4f18-b157-6804e7d0f08c:c4414]
2019-07-10 05:59:59,335 INFO  client.GrpcClientProtocolClient (GrpcClientProtocolClient.java:onNext(255)) - client-535162E20057->7049f9e8-7de6-4c8c-bf4c-9bb5512f4299: receive RaftClientReply:client-535162E20057->7049f9e8-7de6-4c8c-bf4c-9bb5512f4299@group-3B5DE3AEDFC2, cid=2933, SUCCESS, logIndex=0, commits[7049f9e8-7de6-4c8c-bf4c-9bb5512f4299:c4420, 13d9ac51-91bf-4c73-8824-2f58fc5b2747:c4418, 15cd3569-c751-4f18-b157-6804e7d0f08c:c4418]
2019-07-10 05:59:59,367 INFO  client.GrpcClientProtocolClient (GrpcClientProtocolClient.java:onNext(255)) - client-535162E20057->7049f9e8-7de6-4c8c-bf4c-9bb5512f4299: receive RaftClientReply:client-535162E20057->7049f9e8-7de6-4c8c-bf4c-9bb5512f4299@group-3B5DE3AEDFC2, cid=2934, SUCCESS, logIndex=4421, commits[7049f9e8-7de6-4c8c-bf4c-9bb5512f4299:c4423, 13d9ac51-91bf-4c73-8824-2f58fc5b2747:c4420, 15cd3569-c751-4f18-b157-6804e7d0f08c:c4420]
2019-07-10 05:59:59,367 INFO  client.GrpcClientProtocolClient (GrpcClientProtocolClient.java:onNext(255)) - client-535162E20057->7049f9e8-7de6-4c8c-bf4c-9bb5512f4299: receive RaftClientReply:client-535162E20057->7049f9e8-7de6-4c8c-bf4c-9bb5512f4299@group-3B5DE3AEDFC2, cid=2935, SUCCESS, logIndex=4422, commits[7049f9e8-7de6-4c8c-bf4c-9bb5512f4299:c4424, 13d9ac51-91bf-4c73-8824-2f58fc5b2747:c4420, 15cd3569-c751-4f18-b157-6804e7d0f08c:c4420]
2019-07-10 05:59:59,368 INFO  client.GrpcClientProtocolClient (GrpcClientProtocolClient.java:onNext(255)) - client-535162E20057->7049f9e8-7de6-4c8c-bf4c-9bb5512f4299: receive RaftClientReply:client-535162E20057->7049f9e8-7de6-4c8c-bf4c-9bb5512f4299@group-3B5DE3AEDFC2, cid=2936, SUCCESS, logIndex=4423, commits[7049f9e8-7de6-4c8c-bf4c-9bb5512f4299:c4424, 13d9ac51-91bf-4c73-8824-2f58fc5b2747:c4420, 15cd3569-c751-4f18-b157-6804e7d0f08c:c4420]
2019-07-10 05:59:59,368 INFO  client.GrpcClientProtocolClient (GrpcClientProtocolClient.java:onNext(255)) - client-535162E20057->7049f9e8-7de6-4c8c-bf4c-9bb5512f4299: receive RaftClientReply:client-535162E20057->7049f9e8-7de6-4c8c-bf4c-9bb5512f4299@group-3B5DE3AEDFC2, cid=2937, SUCCESS, logIndex=4424, commits[7049f9e8-7de6-4c8c-bf4c-9bb5512f4299:c4424, 13d9ac51-91bf-4c73-8824-2f58fc5b2747:c4420, 15cd3569-c751-4f18-b157-6804e7d0f08c:c4420]
2019-07-10 05:59:59,372 INFO  client.GrpcClientProtocolClient (GrpcClientProtocolClient.java:onNext(255)) - client-535162E20057->7049f9e8-7de6-4c8c-bf4c-9bb5512f4299: receive RaftClientReply:client-535162E20057->7049f9e8-7de6-4c8c-bf4c-9bb5512f4299@group-3B5DE3AEDFC2, cid=2938, SUCCESS, logIndex=0, commits[7049f9e8-7de6-4c8c-bf4c-9bb5512f4299:c4426, 13d9ac51-91bf-4c73-8824-2f58fc5b2747:c4422, 15cd3569-c751-4f18-b157-6804e7d0f08c:c4422]
2019-07-10 05:59:59,410 INFO  client.GrpcClientProtocolClient (GrpcClientProtocolClient.java:onNext(255)) - client-535162E20057->7049f9e8-7de6-4c8c-bf4c-9bb5512f4299: receive RaftClientReply:client-535162E20057->7049f9e8-7de6-4c8c-bf4c-9bb5512f4299@group-3B5DE3AEDFC2, cid=2939, SUCCESS, logIndex=4429, commits[7049f9e8-7de6-4c8c-bf4c-9bb5512f4299:c4430, 13d9ac51-91bf-4c73-8824-2f58fc5b2747:c4428, 15cd3569-c751-4f18-b157-6804e7d0f08c:c4428]
2019-07-10 05:59:59,410 INFO  client.GrpcClientProtocolClient (GrpcClientProtocolClient.java:onNext(255)) - client-535162E20057->7049f9e8-7de6-4c8c-bf4c-9bb5512f4299: receive RaftClientReply:client-535162E20057->7049f9e8-7de6-4c8c-bf4c-9bb5512f4299@group-3B5DE3AEDFC2, cid=2940, SUCCESS, logIndex=4430, commits[7049f9e8-7de6-4c8c-bf4c-9bb5512f4299:c4430, 13d9ac51-91bf-4c73-8824-2f58fc5b2747:c4428, 15cd3569-c751-4f18-b157-6804e7d0f08c:c4428]
2019-07-10 05:59:59,436 INFO  client.GrpcClientProtocolClient (GrpcClientProtocolClient.java:onNext(255)) - client-535162E20057->7049f9e8-7de6-4c8c-bf4c-9bb5512f4299: receive RaftClientReply:client-535162E20057->7049f9e8-7de6-4c8c-bf4c-9bb5512f4299@group-3B5DE3AEDFC2, cid=2941, SUCCESS, logIndex=4433, commits[7049f9e8-7de6-4c8c-bf4c-9bb5512f4299:c4434, 13d9ac51-91bf-4c73-8824-2f58fc5b2747:c4430, 15cd3569-c751-4f18-b157-6804e7d0f08c:c4430]
2019-07-10 05:59:59,436 INFO  client.GrpcClientProtocolClient (GrpcClientProtocolClient.java:onNext(255)) - client-535162E20057->7049f9e8-7de6-4c8c-bf4c-9bb5512f4299: receive RaftClientReply:client-535162E20057->7049f9e8-7de6-4c8c-bf4c-9bb5512f4299@group-3B5DE3AEDFC2, cid=2942, SUCCESS, logIndex=4434, commits[7049f9e8-7de6-4c8c-bf4c-9bb5512f4299:c4434, 13d9ac51-91bf-4c73-8824-2f58fc5b2747:c4430, 15cd3569-c751-4f18-b157-6804e7d0f08c:c4430]
2019-07-10 05:59:59,449 INFO  client.GrpcClientProtocolClient (GrpcClientProtocolClient.java:onNext(255)) - client-535162E20057->7049f9e8-7de6-4c8c-bf4c-9bb5512f4299: receive RaftClientReply:client-535162E20057->7049f9e8-7de6-4c8c-bf4c-9bb5512f4299@group-3B5DE3AEDFC2, cid=2943, SUCCESS, logIndex=0, commits[7049f9e8-7de6-4c8c-bf4c-9bb5512f4299:c4434, 13d9ac51-91bf-4c73-8824-2f58fc5b2747:c4434, 15cd3569-c751-4f18-b157-6804e7d0f08c:c4434]
2019-07-10 05:59:59,483 INFO  client.GrpcClientProtocolClient (GrpcClientProtocolClient.java:onNext(255)) - client-535162E20057->7049f9e8-7de6-4c8c-bf4c-9bb5512f4299: receive RaftClientReply:client-535162E20057->7049f9e8-7de6-4c8c-bf4c-9bb5512f4299@group-3B5DE3AEDFC2, cid=2944, SUCCESS, logIndex=4437, commits[7049f9e8-7de6-4c8c-bf4c-9bb5512f4299:c4440, 13d9ac51-91bf-4c73-8824-2f58fc5b2747:c4436, 15cd3569-c751-4f18-b157-6804e7d0f08c:c4436]
2019-07-10 05:59:59,484 INFO  client.GrpcClientProtocolClient (GrpcClientProtocolClient.java:onNext(255)) - client-535162E20057->7049f9e8-7de6-4c8c-bf4c-9bb5512f4299: receive RaftClientReply:client-535162E20057->7049f9e8-7de6-4c8c-bf4c-9bb5512f4299@group-3B5DE3AEDFC2, cid=2945, SUCCESS, logIndex=4438, commits[7049f9e8-7de6-4c8c-bf4c-9bb5512f4299:c4440, 13d9ac51-91bf-4c73-8824-2f58fc5b2747:c4436, 15cd3569-c751-4f18-b157-6804e7d0f08c:c4436]
2019-07-10 05:59:59,484 INFO  client.GrpcClientProtocolClient (GrpcClientProtocolClient.java:onNext(255)) - client-535162E20057->7049f9e8-7de6-4c8c-bf4c-9bb5512f4299: receive RaftClientReply:client-535162E20057->7049f9e8-7de6-4c8c-bf4c-9bb5512f4299@group-3B5DE3AEDFC2, cid=2946, SUCCESS, logIndex=4439, commits[7049f9e8-7de6-4c8c-bf4c-9bb5512f4299:c4440, 13d9ac51-91bf-4c73-8824-2f58fc5b2747:c4436, 15cd3569-c751-4f18-b157-6804e7d0f08c:c4436]
2019-07-10 05:59:59,484 INFO  client.GrpcClientProtocolClient (GrpcClientProtocolClient.java:onNext(255)) - client-535162E20057->7049f9e8-7de6-4c8c-bf4c-9bb5512f4299: receive RaftClientReply:client-535162E20057->7049f9e8-7de6-4c8c-bf4c-9bb5512f4299@group-3B5DE3AEDFC2, cid=2947, SUCCESS, logIndex=4440, commits[7049f9e8-7de6-4c8c-bf4c-9bb5512f4299:c4440, 13d9ac51-91bf-4c73-8824-2f58fc5b2747:c4436, 15cd3569-c751-4f18-b157-6804e7d0f08c:c4436]
2019-07-10 05:59:59,495 INFO  client.GrpcClientProtocolClient (GrpcClientProtocolClient.java:onNext(255)) - client-535162E20057->7049f9e8-7de6-4c8c-bf4c-9bb5512f4299: receive RaftClientReply:client-535162E20057->7049f9e8-7de6-4c8c-bf4c-9bb5512f4299@group-3B5DE3AEDFC2, cid=2948, SUCCESS, logIndex=0, commits[7049f9e8-7de6-4c8c-bf4c-9bb5512f4299:c4443, 13d9ac51-91bf-4c73-8824-2f58fc5b2747:c4438, 15cd3569-c751-4f18-b157-6804e7d0f08c:c4439]
2019-07-10 05:59:59,516 INFO  client.GrpcClientProtocolClient (GrpcClientProtocolClient.java:onNext(255)) - client-535162E20057->7049f9e8-7de6-4c8c-bf4c-9bb5512f4299: receive RaftClientReply:client-535162E20057->7049f9e8-7de6-4c8c-bf4c-9bb5512f4299@group-3B5DE3AEDFC2, cid=2949, SUCCESS, logIndex=4445, commits[7049f9e8-7de6-4c8c-bf4c-9bb5512f4299:c4445, 13d9ac51-91bf-4c73-8824-2f58fc5b2747:c4444, 15cd3569-c751-4f18-b157-6804e7d0f08c:c4444]
2019-07-10 05:59:59,517 INFO  client.GrpcClientProtocolClient (GrpcClientProtocolClient.java:onNext(255)) - client-535162E20057->7049f9e8-7de6-4c8c-bf4c-9bb5512f4299: receive RaftClientReply:client-535162E20057->7049f9e8-7de6-4c8c-bf4c-9bb5512f4299@group-3B5DE3AEDFC2, cid=2950, SUCCESS, logIndex=4446, commits[7049f9e8-7de6-4c8c-bf4c-9bb5512f4299:c4446, 13d9ac51-91bf-4c73-8824-2f58fc5b2747:c4444, 15cd3569-c751-4f18-b157-6804e7d0f08c:c4444]
 0.00% |█                                                                                                    |  0/1 Time: 0:00:242019-07-10 05:59:59,542 INFO  client.GrpcClientProtocolClient (GrpcClientProtocolClient.java:onNext(255)) - client-535162E20057->7049f9e8-7de6-4c8c-bf4c-9bb5512f4299: receive RaftClientReply:client-535162E20057->7049f9e8-7de6-4c8c-bf4c-9bb5512f4299@group-3B5DE3AEDFC2, cid=2951, SUCCESS, logIndex=4449, commits[7049f9e8-7de6-4c8c-bf4c-9bb5512f4299:c4450, 13d9ac51-91bf-4c73-8824-2f58fc5b2747:c4446, 15cd3569-c751-4f18-b157-6804e7d0f08c:c4446]
2019-07-10 05:59:59,542 INFO  client.GrpcClientProtocolClient (GrpcClientProtocolClient.java:onNext(255)) - client-535162E20057->7049f9e8-7de6-4c8c-bf4c-9bb5512f4299: receive RaftClientReply:client-535162E20057->7049f9e8-7de6-4c8c-bf4c-9bb5512f4299@group-3B5DE3AEDFC2, cid=2952, SUCCESS, logIndex=4450, commits[7049f9e8-7de6-4c8c-bf4c-9bb5512f4299:c4450, 13d9ac51-91bf-4c73-8824-2f58fc5b2747:c4446, 15cd3569-c751-4f18-b157-6804e7d0f08c:c4446]
2019-07-10 05:59:59,545 INFO  client.GrpcClientProtocolClient (GrpcClientProtocolClient.java:onNext(255)) - client-535162E20057->7049f9e8-7de6-4c8c-bf4c-9bb5512f4299: receive RaftClientReply:client-535162E20057->7049f9e8-7de6-4c8c-bf4c-9bb5512f4299@group-3B5DE3AEDFC2, cid=2953, SUCCESS, logIndex=0, commits[7049f9e8-7de6-4c8c-bf4c-9bb5512f4299:c4451, 13d9ac51-91bf-4c73-8824-2f58fc5b2747:c4450, 15cd3569-c751-4f18-b157-6804e7d0f08c:c4450]
2019-07-10 05:59:59,576 INFO  client.GrpcClientProtocolClient (GrpcClientProtocolClient.java:onNext(255)) - client-535162E20057->7049f9e8-7de6-4c8c-bf4c-9bb5512f4299: receive RaftClientReply:client-535162E20057->7049f9e8-7de6-4c8c-bf4c-9bb5512f4299@group-3B5DE3AEDFC2, cid=2954, SUCCESS, logIndex=4453, commits[7049f9e8-7de6-4c8c-bf4c-9bb5512f4299:c4453, 13d9ac51-91bf-4c73-8824-2f58fc5b2747:c4452, 15cd3569-c751-4f18-b157-6804e7d0f08c:c4452]
2019-07-10 05:59:59,576 INFO  client.GrpcClientProtocolClient (GrpcClientProtocolClient.java:onNext(255)) - client-535162E20057->7049f9e8-7de6-4c8c-bf4c-9bb5512f4299: receive RaftClientReply:client-535162E20057->7049f9e8-7de6-4c8c-bf4c-9bb5512f4299@group-3B5DE3AEDFC2, cid=2955, SUCCESS, logIndex=4454, commits[7049f9e8-7de6-4c8c-bf4c-9bb5512f4299:c4454, 13d9ac51-91bf-4c73-8824-2f58fc5b2747:c4452, 15cd3569-c751-4f18-b157-6804e7d0f08c:c4452]
2019-07-10 05:59:59,601 INFO  client.GrpcClientProtocolClient (GrpcClientProtocolClient.java:onNext(255)) - client-535162E20057->7049f9e8-7de6-4c8c-bf4c-9bb5512f4299: receive RaftClientReply:client-535162E20057->7049f9e8-7de6-4c8c-bf4c-9bb5512f4299@group-3B5DE3AEDFC2, cid=2956, SUCCESS, logIndex=4455, commits[7049f9e8-7de6-4c8c-bf4c-9bb5512f4299:c4456, 13d9ac51-91bf-4c73-8824-2f58fc5b2747:c4452, 15cd3569-c751-4f18-b157-6804e7d0f08c:c4452]
2019-07-10 05:59:59,602 INFO  client.GrpcClientProtocolClient (GrpcClientProtocolClient.java:onNext(255)) - client-535162E20057->7049f9e8-7de6-4c8c-bf4c-9bb5512f4299: receive RaftClientReply:client-535162E20057->7049f9e8-7de6-4c8c-bf4c-9bb5512f4299@group-3B5DE3AEDFC2, cid=2957, SUCCESS, logIndex=4456, commits[7049f9e8-7de6-4c8c-bf4c-9bb5512f4299:c4456, 13d9ac51-91bf-4c73-8824-2f58fc5b2747:c4452, 15cd3569-c751-4f18-b157-6804e7d0f08c:c4452]
2019-07-10 05:59:59,603 INFO  client.GrpcClientProtocolClient (GrpcClientProtocolClient.java:onNext(255)) - client-535162E20057->7049f9e8-7de6-4c8c-bf4c-9bb5512f4299: receive RaftClientReply:client-535162E20057->7049f9e8-7de6-4c8c-bf4c-9bb5512f4299@group-3B5DE3AEDFC2, cid=2958, SUCCESS, logIndex=0, commits[7049f9e8-7de6-4c8c-bf4c-9bb5512f4299:c4458, 13d9ac51-91bf-4c73-8824-2f58fc5b2747:c4454, 15cd3569-c751-4f18-b157-6804e7d0f08c:c4454]
2019-07-10 05:59:59,617 INFO  client.GrpcClientProtocolClient (GrpcClientProtocolClient.java:onNext(255)) - client-535162E20057->7049f9e8-7de6-4c8c-bf4c-9bb5512f4299: receive RaftClientReply:client-535162E20057->7049f9e8-7de6-4c8c-bf4c-9bb5512f4299@group-3B5DE3AEDFC2, cid=2959, SUCCESS, logIndex=4461, commits[7049f9e8-7de6-4c8c-bf4c-9bb5512f4299:c4462, 13d9ac51-91bf-4c73-8824-2f58fc5b2747:c4456, 15cd3569-c751-4f18-b157-6804e7d0f08c:c4460]
2019-07-10 05:59:59,618 INFO  client.GrpcClientProtocolClient (GrpcClientProtocolClient.java:onNext(255)) - client-535162E20057->7049f9e8-7de6-4c8c-bf4c-9bb5512f4299: receive RaftClientReply:client-535162E20057->7049f9e8-7de6-4c8c-bf4c-9bb5512f4299@group-3B5DE3AEDFC2, cid=2960, SUCCESS, logIndex=4462, commits[7049f9e8-7de6-4c8c-bf4c-9bb5512f4299:c4462, 13d9ac51-91bf-4c73-8824-2f58fc5b2747:c4460, 15cd3569-c751-4f18-b157-6804e7d0f08c:c4460]
2019-07-10 05:59:59,638 INFO  client.GrpcClientProtocolClient (GrpcClientProtocolClient.java:onNext(255)) - client-535162E20057->7049f9e8-7de6-4c8c-bf4c-9bb5512f4299: receive RaftClientReply:client-535162E20057->7049f9e8-7de6-4c8c-bf4c-9bb5512f4299@group-3B5DE3AEDFC2, cid=2961, SUCCESS, logIndex=4465, commits[7049f9e8-7de6-4c8c-bf4c-9bb5512f4299:c4466, 13d9ac51-91bf-4c73-8824-2f58fc5b2747:c4462, 15cd3569-c751-4f18-b157-6804e7d0f08c:c4464]
2019-07-10 05:59:59,639 INFO  client.GrpcClientProtocolClient (GrpcClientProtocolClient.java:onNext(255)) - client-535162E20057->7049f9e8-7de6-4c8c-bf4c-9bb5512f4299: receive RaftClientReply:client-535162E20057->7049f9e8-7de6-4c8c-bf4c-9bb5512f4299@group-3B5DE3AEDFC2, cid=2962, SUCCESS, logIndex=4466, commits[7049f9e8-7de6-4c8c-bf4c-9bb5512f4299:c4466, 13d9ac51-91bf-4c73-8824-2f58fc5b2747:c4462, 15cd3569-c751-4f18-b157-6804e7d0f08c:c4464]
2019-07-10 05:59:59,641 INFO  client.GrpcClientProtocolClient (GrpcClientProtocolClient.java:onNext(255)) - client-535162E20057->7049f9e8-7de6-4c8c-bf4c-9bb5512f4299: receive RaftClientReply:client-535162E20057->7049f9e8-7de6-4c8c-bf4c-9bb5512f4299@group-3B5DE3AEDFC2, cid=2963, SUCCESS, logIndex=0, commits[7049f9e8-7de6-4c8c-bf4c-9bb5512f4299:c4467, 13d9ac51-91bf-4c73-8824-2f58fc5b2747:c4466, 15cd3569-c751-4f18-b157-6804e7d0f08c:c4466]
2019-07-10 05:59:59,687 INFO  client.GrpcClientProtocolClient (GrpcClientProtocolClient.java:onNext(255)) - client-535162E20057->7049f9e8-7de6-4c8c-bf4c-9bb5512f4299: receive RaftClientReply:client-535162E20057->7049f9e8-7de6-4c8c-bf4c-9bb5512f4299@group-3B5DE3AEDFC2, cid=2964, SUCCESS, logIndex=4469, commits[7049f9e8-7de6-4c8c-bf4c-9bb5512f4299:c4470, 13d9ac51-91bf-4c73-8824-2f58fc5b2747:c4468, 15cd3569-c751-4f18-b157-6804e7d0f08c:c4468]
2019-07-10 05:59:59,687 INFO  client.GrpcClientProtocolClient (GrpcClientProtocolClient.java:onNext(255)) - client-535162E20057->7049f9e8-7de6-4c8c-bf4c-9bb5512f4299: receive RaftClientReply:client-535162E20057->7049f9e8-7de6-4c8c-bf4c-9bb5512f4299@group-3B5DE3AEDFC2, cid=2965, SUCCESS, logIndex=4470, commits[7049f9e8-7de6-4c8c-bf4c-9bb5512f4299:c4472, 13d9ac51-91bf-4c73-8824-2f58fc5b2747:c4468, 15cd3569-c751-4f18-b157-6804e7d0f08c:c4468]
2019-07-10 05:59:59,687 INFO  client.GrpcClientProtocolClient (GrpcClientProtocolClient.java:onNext(255)) - client-535162E20057->7049f9e8-7de6-4c8c-bf4c-9bb5512f4299: receive RaftClientReply:client-535162E20057->7049f9e8-7de6-4c8c-bf4c-9bb5512f4299@group-3B5DE3AEDFC2, cid=2966, SUCCESS, logIndex=4471, commits[7049f9e8-7de6-4c8c-bf4c-9bb5512f4299:c4472, 13d9ac51-91bf-4c73-8824-2f58fc5b2747:c4468, 15cd3569-c751-4f18-b157-6804e7d0f08c:c4468]
2019-07-10 05:59:59,688 INFO  client.GrpcClientProtocolClient (GrpcClientProtocolClient.java:onNext(255)) - client-535162E20057->7049f9e8-7de6-4c8c-bf4c-9bb5512f4299: receive RaftClientReply:client-535162E20057->7049f9e8-7de6-4c8c-bf4c-9bb5512f4299@group-3B5DE3AEDFC2, cid=2967, SUCCESS, logIndex=4472, commits[7049f9e8-7de6-4c8c-bf4c-9bb5512f4299:c4472, 13d9ac51-91bf-4c73-8824-2f58fc5b2747:c4468, 15cd3569-c751-4f18-b157-6804e7d0f08c:c4468]
2019-07-10 05:59:59,698 INFO  client.GrpcClientProtocolClient (GrpcClientProtocolClient.java:onNext(255)) - client-535162E20057->7049f9e8-7de6-4c8c-bf4c-9bb5512f4299: receive RaftClientReply:client-535162E20057->7049f9e8-7de6-4c8c-bf4c-9bb5512f4299@group-3B5DE3AEDFC2, cid=2968, SUCCESS, logIndex=0, commits[7049f9e8-7de6-4c8c-bf4c-9bb5512f4299:c4473, 13d9ac51-91bf-4c73-8824-2f58fc5b2747:c4470, 15cd3569-c751-4f18-b157-6804e7d0f08c:c4470]
2019-07-10 05:59:59,710 INFO  client.GrpcClientProtocolClient (GrpcClientProtocolClient.java:onNext(255)) - client-535162E20057->7049f9e8-7de6-4c8c-bf4c-9bb5512f4299: receive RaftClientReply:client-535162E20057->7049f9e8-7de6-4c8c-bf4c-9bb5512f4299@group-3B5DE3AEDFC2, cid=2969, SUCCESS, logIndex=4477, commits[7049f9e8-7de6-4c8c-bf4c-9bb5512f4299:c4478, 13d9ac51-91bf-4c73-8824-2f58fc5b2747:c4476, 15cd3569-c751-4f18-b157-6804e7d0f08c:c4476]
2019-07-10 05:59:59,711 INFO  client.GrpcClientProtocolClient (GrpcClientProtocolClient.java:onNext(255)) - client-535162E20057->7049f9e8-7de6-4c8c-bf4c-9bb5512f4299: receive RaftClientReply:client-535162E20057->7049f9e8-7de6-4c8c-bf4c-9bb5512f4299@group-3B5DE3AEDFC2, cid=2970, SUCCESS, logIndex=4478, commits[7049f9e8-7de6-4c8c-bf4c-9bb5512f4299:c4478, 13d9ac51-91bf-4c73-8824-2f58fc5b2747:c4476, 15cd3569-c751-4f18-b157-6804e7d0f08c:c4476]
2019-07-10 05:59:59,735 INFO  client.GrpcClientProtocolClient (GrpcClientProtocolClient.java:onNext(255)) - client-535162E20057->7049f9e8-7de6-4c8c-bf4c-9bb5512f4299: receive RaftClientReply:client-535162E20057->7049f9e8-7de6-4c8c-bf4c-9bb5512f4299@group-3B5DE3AEDFC2, cid=2971, SUCCESS, logIndex=4481, commits[7049f9e8-7de6-4c8c-bf4c-9bb5512f4299:c4482, 13d9ac51-91bf-4c73-8824-2f58fc5b2747:c4478, 15cd3569-c751-4f18-b157-6804e7d0f08c:c4478]
2019-07-10 05:59:59,735 INFO  client.GrpcClientProtocolClient (GrpcClientProtocolClient.java:onNext(255)) - client-535162E20057->7049f9e8-7de6-4c8c-bf4c-9bb5512f4299: receive RaftClientReply:client-535162E20057->7049f9e8-7de6-4c8c-bf4c-9bb5512f4299@group-3B5DE3AEDFC2, cid=2972, SUCCESS, logIndex=4482, commits[7049f9e8-7de6-4c8c-bf4c-9bb5512f4299:c4482, 13d9ac51-91bf-4c73-8824-2f58fc5b2747:c4478, 15cd3569-c751-4f18-b157-6804e7d0f08c:c4478]
2019-07-10 05:59:59,736 INFO  client.GrpcClientProtocolClient (GrpcClientProtocolClient.java:onNext(255)) - client-535162E20057->7049f9e8-7de6-4c8c-bf4c-9bb5512f4299: receive RaftClientReply:client-535162E20057->7049f9e8-7de6-4c8c-bf4c-9bb5512f4299@group-3B5DE3AEDFC2, cid=2973, SUCCESS, logIndex=0, commits[7049f9e8-7de6-4c8c-bf4c-9bb5512f4299:c4483, 13d9ac51-91bf-4c73-8824-2f58fc5b2747:c4482, 15cd3569-c751-4f18-b157-6804e7d0f08c:c4482]
2019-07-10 05:59:59,764 INFO  client.GrpcClientProtocolClient (GrpcClientProtocolClient.java:onNext(255)) - client-535162E20057->7049f9e8-7de6-4c8c-bf4c-9bb5512f4299: receive RaftClientReply:client-535162E20057->7049f9e8-7de6-4c8c-bf4c-9bb5512f4299@group-3B5DE3AEDFC2, cid=2974, SUCCESS, logIndex=4485, commits[7049f9e8-7de6-4c8c-bf4c-9bb5512f4299:c4486, 13d9ac51-91bf-4c73-8824-2f58fc5b2747:c4484, 15cd3569-c751-4f18-b157-6804e7d0f08c:c4484]
2019-07-10 05:59:59,765 INFO  client.GrpcClientProtocolClient (GrpcClientProtocolClient.java:onNext(255)) - client-535162E20057->7049f9e8-7de6-4c8c-bf4c-9bb5512f4299: receive RaftClientReply:client-535162E20057->7049f9e8-7de6-4c8c-bf4c-9bb5512f4299@group-3B5DE3AEDFC2, cid=2975, SUCCESS, logIndex=4486, commits[7049f9e8-7de6-4c8c-bf4c-9bb5512f4299:c4488, 13d9ac51-91bf-4c73-8824-2f58fc5b2747:c4484, 15cd3569-c751-4f18-b157-6804e7d0f08c:c4484]
2019-07-10 05:59:59,766 INFO  client.GrpcClientProtocolClient (GrpcClientProtocolClient.java:onNext(255)) - client-535162E20057->7049f9e8-7de6-4c8c-bf4c-9bb5512f4299: receive RaftClientReply:client-535162E20057->7049f9e8-7de6-4c8c-bf4c-9bb5512f4299@group-3B5DE3AEDFC2, cid=2976, SUCCESS, logIndex=4487, commits[7049f9e8-7de6-4c8c-bf4c-9bb5512f4299:c4488, 13d9ac51-91bf-4c73-8824-2f58fc5b2747:c4484, 15cd3569-c751-4f18-b157-6804e7d0f08c:c4484]
2019-07-10 05:59:59,766 INFO  client.GrpcClientProtocolClient (GrpcClientProtocolClient.java:onNext(255)) - client-535162E20057->7049f9e8-7de6-4c8c-bf4c-9bb5512f4299: receive RaftClientReply:client-535162E20057->7049f9e8-7de6-4c8c-bf4c-9bb5512f4299@group-3B5DE3AEDFC2, cid=2977, SUCCESS, logIndex=4488, commits[7049f9e8-7de6-4c8c-bf4c-9bb5512f4299:c4488, 13d9ac51-91bf-4c73-8824-2f58fc5b2747:c4484, 15cd3569-c751-4f18-b157-6804e7d0f08c:c4484]
2019-07-10 05:59:59,778 INFO  client.GrpcClientProtocolClient (GrpcClientProtocolClient.java:onNext(255)) - client-535162E20057->7049f9e8-7de6-4c8c-bf4c-9bb5512f4299: receive RaftClientReply:client-535162E20057->7049f9e8-7de6-4c8c-bf4c-9bb5512f4299@group-3B5DE3AEDFC2, cid=2978, SUCCESS, logIndex=0, commits[7049f9e8-7de6-4c8c-bf4c-9bb5512f4299:c4490, 13d9ac51-91bf-4c73-8824-2f58fc5b2747:c4486, 15cd3569-c751-4f18-b157-6804e7d0f08c:c4486]
2019-07-10 05:59:59,798 INFO  client.GrpcClientProtocolClient (GrpcClientProtocolClient.java:onNext(255)) - client-535162E20057->7049f9e8-7de6-4c8c-bf4c-9bb5512f4299: receive RaftClientReply:client-535162E20057->7049f9e8-7de6-4c8c-bf4c-9bb5512f4299@group-3B5DE3AEDFC2, cid=2979, SUCCESS, logIndex=4492, commits[7049f9e8-7de6-4c8c-bf4c-9bb5512f4299:c4493, 13d9ac51-91bf-4c73-8824-2f58fc5b2747:c4491, 15cd3569-c751-4f18-b157-6804e7d0f08c:c4491]
2019-07-10 05:59:59,798 INFO  client.GrpcClientProtocolClient (GrpcClientProtocolClient.java:onNext(255)) - client-535162E20057->7049f9e8-7de6-4c8c-bf4c-9bb5512f4299: receive RaftClientReply:client-535162E20057->7049f9e8-7de6-4c8c-bf4c-9bb5512f4299@group-3B5DE3AEDFC2, cid=2980, SUCCESS, logIndex=4493, commits[7049f9e8-7de6-4c8c-bf4c-9bb5512f4299:c4493, 13d9ac51-91bf-4c73-8824-2f58fc5b2747:c4491, 15cd3569-c751-4f18-b157-6804e7d0f08c:c4491]
2019-07-10 05:59:59,810 INFO  client.GrpcClientProtocolClient (GrpcClientProtocolClient.java:onNext(255)) - client-535162E20057->7049f9e8-7de6-4c8c-bf4c-9bb5512f4299: receive RaftClientReply:client-535162E20057->7049f9e8-7de6-4c8c-bf4c-9bb5512f4299@group-3B5DE3AEDFC2, cid=2981, SUCCESS, logIndex=4496, commits[7049f9e8-7de6-4c8c-bf4c-9bb5512f4299:c4497, 13d9ac51-91bf-4c73-8824-2f58fc5b2747:c4493, 15cd3569-c751-4f18-b157-6804e7d0f08c:c4493]
2019-07-10 05:59:59,811 INFO  client.GrpcClientProtocolClient (GrpcClientProtocolClient.java:onNext(255)) - client-535162E20057->7049f9e8-7de6-4c8c-bf4c-9bb5512f4299: receive RaftClientReply:client-535162E20057->7049f9e8-7de6-4c8c-bf4c-9bb5512f4299@group-3B5DE3AEDFC2, cid=2982, SUCCESS, logIndex=4497, commits[7049f9e8-7de6-4c8c-bf4c-9bb5512f4299:c4497, 13d9ac51-91bf-4c73-8824-2f58fc5b2747:c4493, 15cd3569-c751-4f18-b157-6804e7d0f08c:c4493]
2019-07-10 05:59:59,814 INFO  client.GrpcClientProtocolClient (GrpcClientProtocolClient.java:onNext(255)) - client-535162E20057->7049f9e8-7de6-4c8c-bf4c-9bb5512f4299: receive RaftClientReply:client-535162E20057->7049f9e8-7de6-4c8c-bf4c-9bb5512f4299@group-3B5DE3AEDFC2, cid=2983, SUCCESS, logIndex=0, commits[7049f9e8-7de6-4c8c-bf4c-9bb5512f4299:c4499, 13d9ac51-91bf-4c73-8824-2f58fc5b2747:c4497, 15cd3569-c751-4f18-b157-6804e7d0f08c:c4497]
2019-07-10 05:59:59,840 INFO  client.GrpcClientProtocolClient (GrpcClientProtocolClient.java:onNext(255)) - client-535162E20057->7049f9e8-7de6-4c8c-bf4c-9bb5512f4299: receive RaftClientReply:client-535162E20057->7049f9e8-7de6-4c8c-bf4c-9bb5512f4299@group-3B5DE3AEDFC2, cid=2984, SUCCESS, logIndex=4500, commits[7049f9e8-7de6-4c8c-bf4c-9bb5512f4299:c4501, 13d9ac51-91bf-4c73-8824-2f58fc5b2747:c4499, 15cd3569-c751-4f18-b157-6804e7d0f08c:c4499]
2019-07-10 05:59:59,840 INFO  client.GrpcClientProtocolClient (GrpcClientProtocolClient.java:onNext(255)) - client-535162E20057->7049f9e8-7de6-4c8c-bf4c-9bb5512f4299: receive RaftClientReply:client-535162E20057->7049f9e8-7de6-4c8c-bf4c-9bb5512f4299@group-3B5DE3AEDFC2, cid=2985, SUCCESS, logIndex=4501, commits[7049f9e8-7de6-4c8c-bf4c-9bb5512f4299:c4503, 13d9ac51-91bf-4c73-8824-2f58fc5b2747:c4499, 15cd3569-c751-4f18-b157-6804e7d0f08c:c4499]
2019-07-10 05:59:59,841 INFO  client.GrpcClientProtocolClient (GrpcClientProtocolClient.java:onNext(255)) - client-535162E20057->7049f9e8-7de6-4c8c-bf4c-9bb5512f4299: receive RaftClientReply:client-535162E20057->7049f9e8-7de6-4c8c-bf4c-9bb5512f4299@group-3B5DE3AEDFC2, cid=2986, SUCCESS, logIndex=4502, commits[7049f9e8-7de6-4c8c-bf4c-9bb5512f4299:c4503, 13d9ac51-91bf-4c73-8824-2f58fc5b2747:c4499, 15cd3569-c751-4f18-b157-6804e7d0f08c:c4499]
2019-07-10 05:59:59,841 INFO  client.GrpcClientProtocolClient (GrpcClientProtocolClient.java:onNext(255)) - client-535162E20057->7049f9e8-7de6-4c8c-bf4c-9bb5512f4299: receive RaftClientReply:client-535162E20057->7049f9e8-7de6-4c8c-bf4c-9bb5512f4299@group-3B5DE3AEDFC2, cid=2987, SUCCESS, logIndex=4503, commits[7049f9e8-7de6-4c8c-bf4c-9bb5512f4299:c4503, 13d9ac51-91bf-4c73-8824-2f58fc5b2747:c4499, 15cd3569-c751-4f18-b157-6804e7d0f08c:c4499]
2019-07-10 05:59:59,844 INFO  client.GrpcClientProtocolClient (GrpcClientProtocolClient.java:onNext(255)) - client-535162E20057->7049f9e8-7de6-4c8c-bf4c-9bb5512f4299: receive RaftClientReply:client-535162E20057->7049f9e8-7de6-4c8c-bf4c-9bb5512f4299@group-3B5DE3AEDFC2, cid=2988, SUCCESS, logIndex=0, commits[7049f9e8-7de6-4c8c-bf4c-9bb5512f4299:c4505, 13d9ac51-91bf-4c73-8824-2f58fc5b2747:c4501, 15cd3569-c751-4f18-b157-6804e7d0f08c:c4501]
2019-07-10 05:59:59,863 INFO  client.GrpcClientProtocolClient (GrpcClientProtocolClient.java:onNext(255)) - client-535162E20057->7049f9e8-7de6-4c8c-bf4c-9bb5512f4299: receive RaftClientReply:client-535162E20057->7049f9e8-7de6-4c8c-bf4c-9bb5512f4299@group-3B5DE3AEDFC2, cid=2989, SUCCESS, logIndex=4508, commits[7049f9e8-7de6-4c8c-bf4c-9bb5512f4299:c4509, 13d9ac51-91bf-4c73-8824-2f58fc5b2747:c4507, 15cd3569-c751-4f18-b157-6804e7d0f08c:c4507]
2019-07-10 05:59:59,863 INFO  client.GrpcClientProtocolClient (GrpcClientProtocolClient.java:onNext(255)) - client-535162E20057->7049f9e8-7de6-4c8c-bf4c-9bb5512f4299: receive RaftClientReply:client-535162E20057->7049f9e8-7de6-4c8c-bf4c-9bb5512f4299@group-3B5DE3AEDFC2, cid=2990, SUCCESS, logIndex=4509, commits[7049f9e8-7de6-4c8c-bf4c-9bb5512f4299:c4509, 13d9ac51-91bf-4c73-8824-2f58fc5b2747:c4507, 15cd3569-c751-4f18-b157-6804e7d0f08c:c4507]
2019-07-10 05:59:59,878 INFO  client.GrpcClientProtocolClient (GrpcClientProtocolClient.java:onNext(255)) - client-535162E20057->7049f9e8-7de6-4c8c-bf4c-9bb5512f4299: receive RaftClientReply:client-535162E20057->7049f9e8-7de6-4c8c-bf4c-9bb5512f4299@group-3B5DE3AEDFC2, cid=2991, SUCCESS, logIndex=4512, commits[7049f9e8-7de6-4c8c-bf4c-9bb5512f4299:c4513, 13d9ac51-91bf-4c73-8824-2f58fc5b2747:c4509, 15cd3569-c751-4f18-b157-6804e7d0f08c:c4509]
2019-07-10 05:59:59,878 INFO  client.GrpcClientProtocolClient (GrpcClientProtocolClient.java:onNext(255)) - client-535162E20057->7049f9e8-7de6-4c8c-bf4c-9bb5512f4299: receive RaftClientReply:client-535162E20057->7049f9e8-7de6-4c8c-bf4c-9bb5512f4299@group-3B5DE3AEDFC2, cid=2992, SUCCESS, logIndex=4513, commits[7049f9e8-7de6-4c8c-bf4c-9bb5512f4299:c4513, 13d9ac51-91bf-4c73-8824-2f58fc5b2747:c4509, 15cd3569-c751-4f18-b157-6804e7d0f08c:c4509]
2019-07-10 05:59:59,892 INFO  client.GrpcClientProtocolClient (GrpcClientProtocolClient.java:onNext(255)) - client-535162E20057->7049f9e8-7de6-4c8c-bf4c-9bb5512f4299: receive RaftClientReply:client-535162E20057->7049f9e8-7de6-4c8c-bf4c-9bb5512f4299@group-3B5DE3AEDFC2, cid=2993, SUCCESS, logIndex=0, commits[7049f9e8-7de6-4c8c-bf4c-9bb5512f4299:c4515, 13d9ac51-91bf-4c73-8824-2f58fc5b2747:c4513, 15cd3569-c751-4f18-b157-6804e7d0f08c:c4513]
2019-07-10 05:59:59,936 INFO  client.GrpcClientProtocolClient (GrpcClientProtocolClient.java:onNext(255)) - client-535162E20057->7049f9e8-7de6-4c8c-bf4c-9bb5512f4299: receive RaftClientReply:client-535162E20057->7049f9e8-7de6-4c8c-bf4c-9bb5512f4299@group-3B5DE3AEDFC2, cid=2994, SUCCESS, logIndex=4516, commits[7049f9e8-7de6-4c8c-bf4c-9bb5512f4299:c4517, 13d9ac51-91bf-4c73-8824-2f58fc5b2747:c4513, 15cd3569-c751-4f18-b157-6804e7d0f08c:c4515]
2019-07-10 05:59:59,937 INFO  client.GrpcClientProtocolClient (GrpcClientProtocolClient.java:onNext(255)) - client-535162E20057->7049f9e8-7de6-4c8c-bf4c-9bb5512f4299: receive RaftClientReply:client-535162E20057->7049f9e8-7de6-4c8c-bf4c-9bb5512f4299@group-3B5DE3AEDFC2, cid=2995, SUCCESS, logIndex=4517, commits[7049f9e8-7de6-4c8c-bf4c-9bb5512f4299:c4519, 13d9ac51-91bf-4c73-8824-2f58fc5b2747:c4515, 15cd3569-c751-4f18-b157-6804e7d0f08c:c4515]
2019-07-10 05:59:59,937 INFO  client.GrpcClientProtocolClient (GrpcClientProtocolClient.java:onNext(255)) - client-535162E20057->7049f9e8-7de6-4c8c-bf4c-9bb5512f4299: receive RaftClientReply:client-535162E20057->7049f9e8-7de6-4c8c-bf4c-9bb5512f4299@group-3B5DE3AEDFC2, cid=2996, SUCCESS, logIndex=4518, commits[7049f9e8-7de6-4c8c-bf4c-9bb5512f4299:c4519, 13d9ac51-91bf-4c73-8824-2f58fc5b2747:c4515, 15cd3569-c751-4f18-b157-6804e7d0f08c:c4515]
2019-07-10 05:59:59,937 INFO  client.GrpcClientProtocolClient (GrpcClientProtocolClient.java:onNext(255)) - client-535162E20057->7049f9e8-7de6-4c8c-bf4c-9bb5512f4299: receive RaftClientReply:client-535162E20057->7049f9e8-7de6-4c8c-bf4c-9bb5512f4299@group-3B5DE3AEDFC2, cid=2997, SUCCESS, logIndex=4519, commits[7049f9e8-7de6-4c8c-bf4c-9bb5512f4299:c4519, 13d9ac51-91bf-4c73-8824-2f58fc5b2747:c4515, 15cd3569-c751-4f18-b157-6804e7d0f08c:c4515]
2019-07-10 05:59:59,950 INFO  client.GrpcClientProtocolClient (GrpcClientProtocolClient.java:onNext(255)) - client-535162E20057->7049f9e8-7de6-4c8c-bf4c-9bb5512f4299: receive RaftClientReply:client-535162E20057->7049f9e8-7de6-4c8c-bf4c-9bb5512f4299@group-3B5DE3AEDFC2, cid=2998, SUCCESS, logIndex=0, commits[7049f9e8-7de6-4c8c-bf4c-9bb5512f4299:c4521, 13d9ac51-91bf-4c73-8824-2f58fc5b2747:c4517, 15cd3569-c751-4f18-b157-6804e7d0f08c:c4517]
2019-07-10 05:59:59,975 INFO  client.GrpcClientProtocolClient (GrpcClientProtocolClient.java:onNext(255)) - client-535162E20057->7049f9e8-7de6-4c8c-bf4c-9bb5512f4299: receive RaftClientReply:client-535162E20057->7049f9e8-7de6-4c8c-bf4c-9bb5512f4299@group-3B5DE3AEDFC2, cid=2999, SUCCESS, logIndex=4524, commits[7049f9e8-7de6-4c8c-bf4c-9bb5512f4299:c4524, 13d9ac51-91bf-4c73-8824-2f58fc5b2747:c4523, 15cd3569-c751-4f18-b157-6804e7d0f08c:c4523]
2019-07-10 06:00:00,095 INFO  client.GrpcClientProtocolClient (GrpcClientProtocolClient.java:onNext(255)) - client-535162E20057->7049f9e8-7de6-4c8c-bf4c-9bb5512f4299: receive RaftClientReply:client-535162E20057->7049f9e8-7de6-4c8c-bf4c-9bb5512f4299@group-3B5DE3AEDFC2, cid=3000, SUCCESS, logIndex=4525, commits[7049f9e8-7de6-4c8c-bf4c-9bb5512f4299:c4525, 13d9ac51-91bf-4c73-8824-2f58fc5b2747:c4523, 15cd3569-c751-4f18-b157-6804e7d0f08c:c4523]
2019-07-10 06:00:00,121 INFO  client.GrpcClientProtocolClient (GrpcClientProtocolClient.java:onNext(255)) - client-535162E20057->7049f9e8-7de6-4c8c-bf4c-9bb5512f4299: receive RaftClientReply:client-535162E20057->7049f9e8-7de6-4c8c-bf4c-9bb5512f4299@group-3B5DE3AEDFC2, cid=3001, SUCCESS, logIndex=4528, commits[7049f9e8-7de6-4c8c-bf4c-9bb5512f4299:c4529, 13d9ac51-91bf-4c73-8824-2f58fc5b2747:c4526, 15cd3569-c751-4f18-b157-6804e7d0f08c:c4525]
2019-07-10 06:00:00,121 INFO  client.GrpcClientProtocolClient (GrpcClientProtocolClient.java:onNext(255)) - client-535162E20057->7049f9e8-7de6-4c8c-bf4c-9bb5512f4299: receive RaftClientReply:client-535162E20057->7049f9e8-7de6-4c8c-bf4c-9bb5512f4299@group-3B5DE3AEDFC2, cid=3002, SUCCESS, logIndex=4529, commits[7049f9e8-7de6-4c8c-bf4c-9bb5512f4299:c4529, 13d9ac51-91bf-4c73-8824-2f58fc5b2747:c4526, 15cd3569-c751-4f18-b157-6804e7d0f08c:c4526]
2019-07-10 06:00:00,123 INFO  client.GrpcClientProtocolClient (GrpcClientProtocolClient.java:onNext(255)) - client-535162E20057->7049f9e8-7de6-4c8c-bf4c-9bb5512f4299: receive RaftClientReply:client-535162E20057->7049f9e8-7de6-4c8c-bf4c-9bb5512f4299@group-3B5DE3AEDFC2, cid=3003, SUCCESS, logIndex=0, commits[7049f9e8-7de6-4c8c-bf4c-9bb5512f4299:c4531, 13d9ac51-91bf-4c73-8824-2f58fc5b2747:c4529, 15cd3569-c751-4f18-b157-6804e7d0f08c:c4529]
2019-07-10 06:00:00,152 INFO  client.GrpcClientProtocolClient (GrpcClientProtocolClient.java:onNext(255)) - client-535162E20057->7049f9e8-7de6-4c8c-bf4c-9bb5512f4299: receive RaftClientReply:client-535162E20057->7049f9e8-7de6-4c8c-bf4c-9bb5512f4299@group-3B5DE3AEDFC2, cid=3004, SUCCESS, logIndex=4532, commits[7049f9e8-7de6-4c8c-bf4c-9bb5512f4299:c4533, 13d9ac51-91bf-4c73-8824-2f58fc5b2747:c4531, 15cd3569-c751-4f18-b157-6804e7d0f08c:c4531]
2019-07-10 06:00:00,153 INFO  client.GrpcClientProtocolClient (GrpcClientProtocolClient.java:onNext(255)) - client-535162E20057->7049f9e8-7de6-4c8c-bf4c-9bb5512f4299: receive RaftClientReply:client-535162E20057->7049f9e8-7de6-4c8c-bf4c-9bb5512f4299@group-3B5DE3AEDFC2, cid=3005, SUCCESS, logIndex=4533, commits[7049f9e8-7de6-4c8c-bf4c-9bb5512f4299:c4533, 13d9ac51-91bf-4c73-8824-2f58fc5b2747:c4531, 15cd3569-c751-4f18-b157-6804e7d0f08c:c4531]
2019-07-10 06:00:00,153 INFO  client.GrpcClientProtocolClient (GrpcClientProtocolClient.java:onNext(255)) - client-535162E20057->7049f9e8-7de6-4c8c-bf4c-9bb5512f4299: receive RaftClientReply:client-535162E20057->7049f9e8-7de6-4c8c-bf4c-9bb5512f4299@group-3B5DE3AEDFC2, cid=3006, SUCCESS, logIndex=4534, commits[7049f9e8-7de6-4c8c-bf4c-9bb5512f4299:c4535, 13d9ac51-91bf-4c73-8824-2f58fc5b2747:c4531, 15cd3569-c751-4f18-b157-6804e7d0f08c:c4531]
2019-07-10 06:00:00,154 INFO  client.GrpcClientProtocolClient (GrpcClientProtocolClient.java:onNext(255)) - client-535162E20057->7049f9e8-7de6-4c8c-bf4c-9bb5512f4299: receive RaftClientReply:client-535162E20057->7049f9e8-7de6-4c8c-bf4c-9bb5512f4299@group-3B5DE3AEDFC2, cid=3007, SUCCESS, logIndex=4535, commits[7049f9e8-7de6-4c8c-bf4c-9bb5512f4299:c4535, 13d9ac51-91bf-4c73-8824-2f58fc5b2747:c4531, 15cd3569-c751-4f18-b157-6804e7d0f08c:c4531]
2019-07-10 06:00:00,156 INFO  client.GrpcClientProtocolClient (GrpcClientProtocolClient.java:onNext(255)) - client-535162E20057->7049f9e8-7de6-4c8c-bf4c-9bb5512f4299: receive RaftClientReply:client-535162E20057->7049f9e8-7de6-4c8c-bf4c-9bb5512f4299@group-3B5DE3AEDFC2, cid=3008, SUCCESS, logIndex=0, commits[7049f9e8-7de6-4c8c-bf4c-9bb5512f4299:c4537, 13d9ac51-91bf-4c73-8824-2f58fc5b2747:c4533, 15cd3569-c751-4f18-b157-6804e7d0f08c:c4533]
2019-07-10 06:00:00,186 INFO  client.GrpcClientProtocolClient (GrpcClientProtocolClient.java:onNext(255)) - client-535162E20057->7049f9e8-7de6-4c8c-bf4c-9bb5512f4299: receive RaftClientReply:client-535162E20057->7049f9e8-7de6-4c8c-bf4c-9bb5512f4299@group-3B5DE3AEDFC2, cid=3009, SUCCESS, logIndex=4540, commits[7049f9e8-7de6-4c8c-bf4c-9bb5512f4299:c4540, 13d9ac51-91bf-4c73-8824-2f58fc5b2747:c4537, 15cd3569-c751-4f18-b157-6804e7d0f08c:c4537]
2019-07-10 06:00:00,186 INFO  client.GrpcClientProtocolClient (GrpcClientProtocolClient.java:onNext(255)) - client-535162E20057->7049f9e8-7de6-4c8c-bf4c-9bb5512f4299: receive RaftClientReply:client-535162E20057->7049f9e8-7de6-4c8c-bf4c-9bb5512f4299@group-3B5DE3AEDFC2, cid=3010, SUCCESS, logIndex=4541, commits[7049f9e8-7de6-4c8c-bf4c-9bb5512f4299:c4541, 13d9ac51-91bf-4c73-8824-2f58fc5b2747:c4537, 15cd3569-c751-4f18-b157-6804e7d0f08c:c4537]
2019-07-10 06:00:00,211 INFO  client.GrpcClientProtocolClient (GrpcClientProtocolClient.java:onNext(255)) - client-535162E20057->7049f9e8-7de6-4c8c-bf4c-9bb5512f4299: receive RaftClientReply:client-535162E20057->7049f9e8-7de6-4c8c-bf4c-9bb5512f4299@group-3B5DE3AEDFC2, cid=3011, SUCCESS, logIndex=4544, commits[7049f9e8-7de6-4c8c-bf4c-9bb5512f4299:c4545, 13d9ac51-91bf-4c73-8824-2f58fc5b2747:c4541, 15cd3569-c751-4f18-b157-6804e7d0f08c:c4541]
2019-07-10 06:00:00,211 INFO  client.GrpcClientProtocolClient (GrpcClientProtocolClient.java:onNext(255)) - client-535162E20057->7049f9e8-7de6-4c8c-bf4c-9bb5512f4299: receive RaftClientReply:client-535162E20057->7049f9e8-7de6-4c8c-bf4c-9bb5512f4299@group-3B5DE3AEDFC2, cid=3012, SUCCESS, logIndex=4545, commits[7049f9e8-7de6-4c8c-bf4c-9bb5512f4299:c4545, 13d9ac51-91bf-4c73-8824-2f58fc5b2747:c4541, 15cd3569-c751-4f18-b157-6804e7d0f08c:c4541]
2019-07-10 06:00:00,228 INFO  client.GrpcClientProtocolClient (GrpcClientProtocolClient.java:onNext(255)) - client-535162E20057->7049f9e8-7de6-4c8c-bf4c-9bb5512f4299: receive RaftClientReply:client-535162E20057->7049f9e8-7de6-4c8c-bf4c-9bb5512f4299@group-3B5DE3AEDFC2, cid=3013, SUCCESS, logIndex=0, commits[7049f9e8-7de6-4c8c-bf4c-9bb5512f4299:c4546, 13d9ac51-91bf-4c73-8824-2f58fc5b2747:c4545, 15cd3569-c751-4f18-b157-6804e7d0f08c:c4545]
2019-07-10 06:00:00,265 INFO  client.GrpcClientProtocolClient (GrpcClientProtocolClient.java:onNext(255)) - client-535162E20057->7049f9e8-7de6-4c8c-bf4c-9bb5512f4299: receive RaftClientReply:client-535162E20057->7049f9e8-7de6-4c8c-bf4c-9bb5512f4299@group-3B5DE3AEDFC2, cid=3014, SUCCESS, logIndex=4548, commits[7049f9e8-7de6-4c8c-bf4c-9bb5512f4299:c4549, 13d9ac51-91bf-4c73-8824-2f58fc5b2747:c4547, 15cd3569-c751-4f18-b157-6804e7d0f08c:c4547]
2019-07-10 06:00:00,266 INFO  client.GrpcClientProtocolClient (GrpcClientProtocolClient.java:onNext(255)) - client-535162E20057->7049f9e8-7de6-4c8c-bf4c-9bb5512f4299: receive RaftClientReply:client-535162E20057->7049f9e8-7de6-4c8c-bf4c-9bb5512f4299@group-3B5DE3AEDFC2, cid=3015, SUCCESS, logIndex=4549, commits[7049f9e8-7de6-4c8c-bf4c-9bb5512f4299:c4549, 13d9ac51-91bf-4c73-8824-2f58fc5b2747:c4547, 15cd3569-c751-4f18-b157-6804e7d0f08c:c4547]
2019-07-10 06:00:00,267 INFO  client.GrpcClientProtocolClient (GrpcClientProtocolClient.java:onNext(255)) - client-535162E20057->7049f9e8-7de6-4c8c-bf4c-9bb5512f4299: receive RaftClientReply:client-535162E20057->7049f9e8-7de6-4c8c-bf4c-9bb5512f4299@group-3B5DE3AEDFC2, cid=3016, SUCCESS, logIndex=4550, commits[7049f9e8-7de6-4c8c-bf4c-9bb5512f4299:c4550, 13d9ac51-91bf-4c73-8824-2f58fc5b2747:c4547, 15cd3569-c751-4f18-b157-6804e7d0f08c:c4547]
2019-07-10 06:00:00,267 INFO  client.GrpcClientProtocolClient (GrpcClientProtocolClient.java:onNext(255)) - client-535162E20057->7049f9e8-7de6-4c8c-bf4c-9bb5512f4299: receive RaftClientReply:client-535162E20057->7049f9e8-7de6-4c8c-bf4c-9bb5512f4299@group-3B5DE3AEDFC2, cid=3017, SUCCESS, logIndex=4551, commits[7049f9e8-7de6-4c8c-bf4c-9bb5512f4299:c4551, 13d9ac51-91bf-4c73-8824-2f58fc5b2747:c4547, 15cd3569-c751-4f18-b157-6804e7d0f08c:c4547]
2019-07-10 06:00:00,278 INFO  client.GrpcClientProtocolClient (GrpcClientProtocolClient.java:onNext(255)) - client-535162E20057->7049f9e8-7de6-4c8c-bf4c-9bb5512f4299: receive RaftClientReply:client-535162E20057->7049f9e8-7de6-4c8c-bf4c-9bb5512f4299@group-3B5DE3AEDFC2, cid=3018, SUCCESS, logIndex=0, commits[7049f9e8-7de6-4c8c-bf4c-9bb5512f4299:c4553, 13d9ac51-91bf-4c73-8824-2f58fc5b2747:c4549, 15cd3569-c751-4f18-b157-6804e7d0f08c:c4549]
2019-07-10 06:00:00,305 INFO  client.GrpcClientProtocolClient (GrpcClientProtocolClient.java:onNext(255)) - client-535162E20057->7049f9e8-7de6-4c8c-bf4c-9bb5512f4299: receive RaftClientReply:client-535162E20057->7049f9e8-7de6-4c8c-bf4c-9bb5512f4299@group-3B5DE3AEDFC2, cid=3019, SUCCESS, logIndex=4556, commits[7049f9e8-7de6-4c8c-bf4c-9bb5512f4299:c4557, 13d9ac51-91bf-4c73-8824-2f58fc5b2747:c4555, 15cd3569-c751-4f18-b157-6804e7d0f08c:c4555]
2019-07-10 06:00:00,306 INFO  client.GrpcClientProtocolClient (GrpcClientProtocolClient.java:onNext(255)) - client-535162E20057->7049f9e8-7de6-4c8c-bf4c-9bb5512f4299: receive RaftClientReply:client-535162E20057->7049f9e8-7de6-4c8c-bf4c-9bb5512f4299@group-3B5DE3AEDFC2, cid=3020, SUCCESS, logIndex=4557, commits[7049f9e8-7de6-4c8c-bf4c-9bb5512f4299:c4557, 13d9ac51-91bf-4c73-8824-2f58fc5b2747:c4555, 15cd3569-c751-4f18-b157-6804e7d0f08c:c4555]
2019-07-10 06:00:00,319 INFO  client.GrpcClientProtocolClient (GrpcClientProtocolClient.java:onNext(255)) - client-535162E20057->7049f9e8-7de6-4c8c-bf4c-9bb5512f4299: receive RaftClientReply:client-535162E20057->7049f9e8-7de6-4c8c-bf4c-9bb5512f4299@group-3B5DE3AEDFC2, cid=3021, SUCCESS, logIndex=4560, commits[7049f9e8-7de6-4c8c-bf4c-9bb5512f4299:c4561, 13d9ac51-91bf-4c73-8824-2f58fc5b2747:c4556, 15cd3569-c751-4f18-b157-6804e7d0f08c:c4557]
2019-07-10 06:00:00,319 INFO  client.GrpcClientProtocolClient (GrpcClientProtocolClient.java:onNext(255)) - client-535162E20057->7049f9e8-7de6-4c8c-bf4c-9bb5512f4299: receive RaftClientReply:client-535162E20057->7049f9e8-7de6-4c8c-bf4c-9bb5512f4299@group-3B5DE3AEDFC2, cid=3022, SUCCESS, logIndex=4561, commits[7049f9e8-7de6-4c8c-bf4c-9bb5512f4299:c4561, 13d9ac51-91bf-4c73-8824-2f58fc5b2747:c4557, 15cd3569-c751-4f18-b157-6804e7d0f08c:c4557]
2019-07-10 06:00:00,321 INFO  client.GrpcClientProtocolClient (GrpcClientProtocolClient.java:onNext(255)) - client-535162E20057->7049f9e8-7de6-4c8c-bf4c-9bb5512f4299: receive RaftClientReply:client-535162E20057->7049f9e8-7de6-4c8c-bf4c-9bb5512f4299@group-3B5DE3AEDFC2, cid=3023, SUCCESS, logIndex=0, commits[7049f9e8-7de6-4c8c-bf4c-9bb5512f4299:c4562, 13d9ac51-91bf-4c73-8824-2f58fc5b2747:c4561, 15cd3569-c751-4f18-b157-6804e7d0f08c:c4561]
2019-07-10 06:00:00,350 INFO  client.GrpcClientProtocolClient (GrpcClientProtocolClient.java:onNext(255)) - client-535162E20057->7049f9e8-7de6-4c8c-bf4c-9bb5512f4299: receive RaftClientReply:client-535162E20057->7049f9e8-7de6-4c8c-bf4c-9bb5512f4299@group-3B5DE3AEDFC2, cid=3024, SUCCESS, logIndex=4564, commits[7049f9e8-7de6-4c8c-bf4c-9bb5512f4299:c4566, 13d9ac51-91bf-4c73-8824-2f58fc5b2747:c4563, 15cd3569-c751-4f18-b157-6804e7d0f08c:c4561]
2019-07-10 06:00:00,351 INFO  client.GrpcClientProtocolClient (GrpcClientProtocolClient.java:onNext(255)) - client-535162E20057->7049f9e8-7de6-4c8c-bf4c-9bb5512f4299: receive RaftClientReply:client-535162E20057->7049f9e8-7de6-4c8c-bf4c-9bb5512f4299@group-3B5DE3AEDFC2, cid=3025, SUCCESS, logIndex=4565, commits[7049f9e8-7de6-4c8c-bf4c-9bb5512f4299:c4567, 13d9ac51-91bf-4c73-8824-2f58fc5b2747:c4563, 15cd3569-c751-4f18-b157-6804e7d0f08c:c4563]
2019-07-10 06:00:00,351 INFO  client.GrpcClientProtocolClient (GrpcClientProtocolClient.java:onNext(255)) - client-535162E20057->7049f9e8-7de6-4c8c-bf4c-9bb5512f4299: receive RaftClientReply:client-535162E20057->7049f9e8-7de6-4c8c-bf4c-9bb5512f4299@group-3B5DE3AEDFC2, cid=3026, SUCCESS, logIndex=4566, commits[7049f9e8-7de6-4c8c-bf4c-9bb5512f4299:c4567, 13d9ac51-91bf-4c73-8824-2f58fc5b2747:c4563, 15cd3569-c751-4f18-b157-6804e7d0f08c:c4563]
2019-07-10 06:00:00,351 INFO  client.GrpcClientProtocolClient (GrpcClientProtocolClient.java:onNext(255)) - client-535162E20057->7049f9e8-7de6-4c8c-bf4c-9bb5512f4299: receive RaftClientReply:client-535162E20057->7049f9e8-7de6-4c8c-bf4c-9bb5512f4299@group-3B5DE3AEDFC2, cid=3027, SUCCESS, logIndex=4567, commits[7049f9e8-7de6-4c8c-bf4c-9bb5512f4299:c4567, 13d9ac51-91bf-4c73-8824-2f58fc5b2747:c4563, 15cd3569-c751-4f18-b157-6804e7d0f08c:c4563]
2019-07-10 06:00:00,364 INFO  client.GrpcClientProtocolClient (GrpcClientProtocolClient.java:onNext(255)) - client-535162E20057->7049f9e8-7de6-4c8c-bf4c-9bb5512f4299: receive RaftClientReply:client-535162E20057->7049f9e8-7de6-4c8c-bf4c-9bb5512f4299@group-3B5DE3AEDFC2, cid=3028, SUCCESS, logIndex=0, commits[7049f9e8-7de6-4c8c-bf4c-9bb5512f4299:c4570, 13d9ac51-91bf-4c73-8824-2f58fc5b2747:c4565, 15cd3569-c751-4f18-b157-6804e7d0f08c:c4566]
2019-07-10 06:00:00,385 INFO  client.GrpcClientProtocolClient (GrpcClientProtocolClient.java:onNext(255)) - client-535162E20057->7049f9e8-7de6-4c8c-bf4c-9bb5512f4299: receive RaftClientReply:client-535162E20057->7049f9e8-7de6-4c8c-bf4c-9bb5512f4299@group-3B5DE3AEDFC2, cid=3029, SUCCESS, logIndex=4572, commits[7049f9e8-7de6-4c8c-bf4c-9bb5512f4299:c4573, 13d9ac51-91bf-4c73-8824-2f58fc5b2747:c4571, 15cd3569-c751-4f18-b157-6804e7d0f08c:c4571]
2019-07-10 06:00:00,385 INFO  client.GrpcClientProtocolClient (GrpcClientProtocolClient.java:onNext(255)) - client-535162E20057->7049f9e8-7de6-4c8c-bf4c-9bb5512f4299: receive RaftClientReply:client-535162E20057->7049f9e8-7de6-4c8c-bf4c-9bb5512f4299@group-3B5DE3AEDFC2, cid=3030, SUCCESS, logIndex=4573, commits[7049f9e8-7de6-4c8c-bf4c-9bb5512f4299:c4573, 13d9ac51-91bf-4c73-8824-2f58fc5b2747:c4571, 15cd3569-c751-4f18-b157-6804e7d0f08c:c4571]
2019-07-10 06:00:00,410 INFO  client.GrpcClientProtocolClient (GrpcClientProtocolClient.java:onNext(255)) - client-535162E20057->7049f9e8-7de6-4c8c-bf4c-9bb5512f4299: receive RaftClientReply:client-535162E20057->7049f9e8-7de6-4c8c-bf4c-9bb5512f4299@group-3B5DE3AEDFC2, cid=3031, SUCCESS, logIndex=4576, commits[7049f9e8-7de6-4c8c-bf4c-9bb5512f4299:c4577, 13d9ac51-91bf-4c73-8824-2f58fc5b2747:c4573, 15cd3569-c751-4f18-b157-6804e7d0f08c:c4572]
2019-07-10 06:00:00,410 INFO  client.GrpcClientProtocolClient (GrpcClientProtocolClient.java:onNext(255)) - client-535162E20057->7049f9e8-7de6-4c8c-bf4c-9bb5512f4299: receive RaftClientReply:client-535162E20057->7049f9e8-7de6-4c8c-bf4c-9bb5512f4299@group-3B5DE3AEDFC2, cid=3032, SUCCESS, logIndex=4577, commits[7049f9e8-7de6-4c8c-bf4c-9bb5512f4299:c4577, 13d9ac51-91bf-4c73-8824-2f58fc5b2747:c4573, 15cd3569-c751-4f18-b157-6804e7d0f08c:c4573]
2019-07-10 06:00:00,424 INFO  client.GrpcClientProtocolClient (GrpcClientProtocolClient.java:onNext(255)) - client-535162E20057->7049f9e8-7de6-4c8c-bf4c-9bb5512f4299: receive RaftClientReply:client-535162E20057->7049f9e8-7de6-4c8c-bf4c-9bb5512f4299@group-3B5DE3AEDFC2, cid=3033, SUCCESS, logIndex=0, commits[7049f9e8-7de6-4c8c-bf4c-9bb5512f4299:c4579, 13d9ac51-91bf-4c73-8824-2f58fc5b2747:c4577, 15cd3569-c751-4f18-b157-6804e7d0f08c:c4577]
2019-07-10 06:00:00,461 INFO  client.GrpcClientProtocolClient (GrpcClientProtocolClient.java:onNext(255)) - client-535162E20057->7049f9e8-7de6-4c8c-bf4c-9bb5512f4299: receive RaftClientReply:client-535162E20057->7049f9e8-7de6-4c8c-bf4c-9bb5512f4299@group-3B5DE3AEDFC2, cid=3034, SUCCESS, logIndex=4580, commits[7049f9e8-7de6-4c8c-bf4c-9bb5512f4299:c4581, 13d9ac51-91bf-4c73-8824-2f58fc5b2747:c4579, 15cd3569-c751-4f18-b157-6804e7d0f08c:c4579]
2019-07-10 06:00:00,461 INFO  client.GrpcClientProtocolClient (GrpcClientProtocolClient.java:onNext(255)) - client-535162E20057->7049f9e8-7de6-4c8c-bf4c-9bb5512f4299: receive RaftClientReply:client-535162E20057->7049f9e8-7de6-4c8c-bf4c-9bb5512f4299@group-3B5DE3AEDFC2, cid=3035, SUCCESS, logIndex=4581, commits[7049f9e8-7de6-4c8c-bf4c-9bb5512f4299:c4581, 13d9ac51-91bf-4c73-8824-2f58fc5b2747:c4579, 15cd3569-c751-4f18-b157-6804e7d0f08c:c4579]
2019-07-10 06:00:00,462 INFO  client.GrpcClientProtocolClient (GrpcClientProtocolClient.java:onNext(255)) - client-535162E20057->7049f9e8-7de6-4c8c-bf4c-9bb5512f4299: receive RaftClientReply:client-535162E20057->7049f9e8-7de6-4c8c-bf4c-9bb5512f4299@group-3B5DE3AEDFC2, cid=3036, SUCCESS, logIndex=4582, commits[7049f9e8-7de6-4c8c-bf4c-9bb5512f4299:c4583, 13d9ac51-91bf-4c73-8824-2f58fc5b2747:c4579, 15cd3569-c751-4f18-b157-6804e7d0f08c:c4579]
2019-07-10 06:00:00,462 INFO  client.GrpcClientProtocolClient (GrpcClientProtocolClient.java:onNext(255)) - client-535162E20057->7049f9e8-7de6-4c8c-bf4c-9bb5512f4299: receive RaftClientReply:client-535162E20057->7049f9e8-7de6-4c8c-bf4c-9bb5512f4299@group-3B5DE3AEDFC2, cid=3037, SUCCESS, logIndex=4583, commits[7049f9e8-7de6-4c8c-bf4c-9bb5512f4299:c4583, 13d9ac51-91bf-4c73-8824-2f58fc5b2747:c4579, 15cd3569-c751-4f18-b157-6804e7d0f08c:c4579]
2019-07-10 06:00:00,476 INFO  client.GrpcClientProtocolClient (GrpcClientProtocolClient.java:onNext(255)) - client-535162E20057->7049f9e8-7de6-4c8c-bf4c-9bb5512f4299: receive RaftClientReply:client-535162E20057->7049f9e8-7de6-4c8c-bf4c-9bb5512f4299@group-3B5DE3AEDFC2, cid=3038, SUCCESS, logIndex=0, commits[7049f9e8-7de6-4c8c-bf4c-9bb5512f4299:c4585, 13d9ac51-91bf-4c73-8824-2f58fc5b2747:c4581, 15cd3569-c751-4f18-b157-6804e7d0f08c:c4581]
2019-07-10 06:00:00,492 INFO  client.GrpcClientProtocolClient (GrpcClientProtocolClient.java:onNext(255)) - client-535162E20057->7049f9e8-7de6-4c8c-bf4c-9bb5512f4299: receive RaftClientReply:client-535162E20057->7049f9e8-7de6-4c8c-bf4c-9bb5512f4299@group-3B5DE3AEDFC2, cid=3039, SUCCESS, logIndex=4588, commits[7049f9e8-7de6-4c8c-bf4c-9bb5512f4299:c4589, 13d9ac51-91bf-4c73-8824-2f58fc5b2747:c4587, 15cd3569-c751-4f18-b157-6804e7d0f08c:c4587]
2019-07-10 06:00:00,492 INFO  client.GrpcClientProtocolClient (GrpcClientProtocolClient.java:onNext(255)) - client-535162E20057->7049f9e8-7de6-4c8c-bf4c-9bb5512f4299: receive RaftClientReply:client-535162E20057->7049f9e8-7de6-4c8c-bf4c-9bb5512f4299@group-3B5DE3AEDFC2, cid=3040, SUCCESS, logIndex=4589, commits[7049f9e8-7de6-4c8c-bf4c-9bb5512f4299:c4589, 13d9ac51-91bf-4c73-8824-2f58fc5b2747:c4587, 15cd3569-c751-4f18-b157-6804e7d0f08c:c4587]
2019-07-10 06:00:00,507 INFO  client.GrpcClientProtocolClient (GrpcClientProtocolClient.java:onNext(255)) - client-535162E20057->7049f9e8-7de6-4c8c-bf4c-9bb5512f4299: receive RaftClientReply:client-535162E20057->7049f9e8-7de6-4c8c-bf4c-9bb5512f4299@group-3B5DE3AEDFC2, cid=3041, SUCCESS, logIndex=4592, commits[7049f9e8-7de6-4c8c-bf4c-9bb5512f4299:c4593, 13d9ac51-91bf-4c73-8824-2f58fc5b2747:c4589, 15cd3569-c751-4f18-b157-6804e7d0f08c:c4589]
2019-07-10 06:00:00,507 INFO  client.GrpcClientProtocolClient (GrpcClientProtocolClient.java:onNext(255)) - client-535162E20057->7049f9e8-7de6-4c8c-bf4c-9bb5512f4299: receive RaftClientReply:client-535162E20057->7049f9e8-7de6-4c8c-bf4c-9bb5512f4299@group-3B5DE3AEDFC2, cid=3042, SUCCESS, logIndex=4593, commits[7049f9e8-7de6-4c8c-bf4c-9bb5512f4299:c4593, 13d9ac51-91bf-4c73-8824-2f58fc5b2747:c4589, 15cd3569-c751-4f18-b157-6804e7d0f08c:c4589]
2019-07-10 06:00:00,521 INFO  client.GrpcClientProtocolClient (GrpcClientProtocolClient.java:onNext(255)) - client-535162E20057->7049f9e8-7de6-4c8c-bf4c-9bb5512f4299: receive RaftClientReply:client-535162E20057->7049f9e8-7de6-4c8c-bf4c-9bb5512f4299@group-3B5DE3AEDFC2, cid=3043, SUCCESS, logIndex=0, commits[7049f9e8-7de6-4c8c-bf4c-9bb5512f4299:c4595, 13d9ac51-91bf-4c73-8824-2f58fc5b2747:c4593, 15cd3569-c751-4f18-b157-6804e7d0f08c:c4593]
 0.00% |█                                                                                                    |  0/1 Time: 0:00:252019-07-10 06:00:00,551 INFO  client.GrpcClientProtocolClient (GrpcClientProtocolClient.java:onNext(255)) - client-535162E20057->7049f9e8-7de6-4c8c-bf4c-9bb5512f4299: receive RaftClientReply:client-535162E20057->7049f9e8-7de6-4c8c-bf4c-9bb5512f4299@group-3B5DE3AEDFC2, cid=3044, SUCCESS, logIndex=4596, commits[7049f9e8-7de6-4c8c-bf4c-9bb5512f4299:c4597, 13d9ac51-91bf-4c73-8824-2f58fc5b2747:c4595, 15cd3569-c751-4f18-b157-6804e7d0f08c:c4595]
2019-07-10 06:00:00,551 INFO  client.GrpcClientProtocolClient (GrpcClientProtocolClient.java:onNext(255)) - client-535162E20057->7049f9e8-7de6-4c8c-bf4c-9bb5512f4299: receive RaftClientReply:client-535162E20057->7049f9e8-7de6-4c8c-bf4c-9bb5512f4299@group-3B5DE3AEDFC2, cid=3045, SUCCESS, logIndex=4597, commits[7049f9e8-7de6-4c8c-bf4c-9bb5512f4299:c4599, 13d9ac51-91bf-4c73-8824-2f58fc5b2747:c4595, 15cd3569-c751-4f18-b157-6804e7d0f08c:c4595]
2019-07-10 06:00:00,552 INFO  client.GrpcClientProtocolClient (GrpcClientProtocolClient.java:onNext(255)) - client-535162E20057->7049f9e8-7de6-4c8c-bf4c-9bb5512f4299: receive RaftClientReply:client-535162E20057->7049f9e8-7de6-4c8c-bf4c-9bb5512f4299@group-3B5DE3AEDFC2, cid=3046, SUCCESS, logIndex=4598, commits[7049f9e8-7de6-4c8c-bf4c-9bb5512f4299:c4599, 13d9ac51-91bf-4c73-8824-2f58fc5b2747:c4595, 15cd3569-c751-4f18-b157-6804e7d0f08c:c4595]
2019-07-10 06:00:00,552 INFO  client.GrpcClientProtocolClient (GrpcClientProtocolClient.java:onNext(255)) - client-535162E20057->7049f9e8-7de6-4c8c-bf4c-9bb5512f4299: receive RaftClientReply:client-535162E20057->7049f9e8-7de6-4c8c-bf4c-9bb5512f4299@group-3B5DE3AEDFC2, cid=3047, SUCCESS, logIndex=4599, commits[7049f9e8-7de6-4c8c-bf4c-9bb5512f4299:c4599, 13d9ac51-91bf-4c73-8824-2f58fc5b2747:c4595, 15cd3569-c751-4f18-b157-6804e7d0f08c:c4595]
2019-07-10 06:00:00,556 INFO  client.GrpcClientProtocolClient (GrpcClientProtocolClient.java:onNext(255)) - client-535162E20057->7049f9e8-7de6-4c8c-bf4c-9bb5512f4299: receive RaftClientReply:client-535162E20057->7049f9e8-7de6-4c8c-bf4c-9bb5512f4299@group-3B5DE3AEDFC2, cid=3048, SUCCESS, logIndex=0, commits[7049f9e8-7de6-4c8c-bf4c-9bb5512f4299:c4602, 13d9ac51-91bf-4c73-8824-2f58fc5b2747:c4597, 15cd3569-c751-4f18-b157-6804e7d0f08c:c4599]
2019-07-10 06:00:00,578 INFO  client.GrpcClientProtocolClient (GrpcClientProtocolClient.java:onNext(255)) - client-535162E20057->7049f9e8-7de6-4c8c-bf4c-9bb5512f4299: receive RaftClientReply:client-535162E20057->7049f9e8-7de6-4c8c-bf4c-9bb5512f4299@group-3B5DE3AEDFC2, cid=3049, SUCCESS, logIndex=4603, commits[7049f9e8-7de6-4c8c-bf4c-9bb5512f4299:c4604, 13d9ac51-91bf-4c73-8824-2f58fc5b2747:c4602, 15cd3569-c751-4f18-b157-6804e7d0f08c:c4602]
2019-07-10 06:00:00,579 INFO  client.GrpcClientProtocolClient (GrpcClientProtocolClient.java:onNext(255)) - client-535162E20057->7049f9e8-7de6-4c8c-bf4c-9bb5512f4299: receive RaftClientReply:client-535162E20057->7049f9e8-7de6-4c8c-bf4c-9bb5512f4299@group-3B5DE3AEDFC2, cid=3050, SUCCESS, logIndex=4604, commits[7049f9e8-7de6-4c8c-bf4c-9bb5512f4299:c4604, 13d9ac51-91bf-4c73-8824-2f58fc5b2747:c4602, 15cd3569-c751-4f18-b157-6804e7d0f08c:c4602]
2019-07-10 06:00:00,592 INFO  client.GrpcClientProtocolClient (GrpcClientProtocolClient.java:onNext(255)) - client-535162E20057->7049f9e8-7de6-4c8c-bf4c-9bb5512f4299: receive RaftClientReply:client-535162E20057->7049f9e8-7de6-4c8c-bf4c-9bb5512f4299@group-3B5DE3AEDFC2, cid=3051, SUCCESS, logIndex=4607, commits[7049f9e8-7de6-4c8c-bf4c-9bb5512f4299:c4608, 13d9ac51-91bf-4c73-8824-2f58fc5b2747:c4603, 15cd3569-c751-4f18-b157-6804e7d0f08c:c4604]
2019-07-10 06:00:00,592 INFO  client.GrpcClientProtocolClient (GrpcClientProtocolClient.java:onNext(255)) - client-535162E20057->7049f9e8-7de6-4c8c-bf4c-9bb5512f4299: receive RaftClientReply:client-535162E20057->7049f9e8-7de6-4c8c-bf4c-9bb5512f4299@group-3B5DE3AEDFC2, cid=3052, SUCCESS, logIndex=4608, commits[7049f9e8-7de6-4c8c-bf4c-9bb5512f4299:c4608, 13d9ac51-91bf-4c73-8824-2f58fc5b2747:c4604, 15cd3569-c751-4f18-b157-6804e7d0f08c:c4604]
2019-07-10 06:00:00,595 INFO  client.GrpcClientProtocolClient (GrpcClientProtocolClient.java:onNext(255)) - client-535162E20057->7049f9e8-7de6-4c8c-bf4c-9bb5512f4299: receive RaftClientReply:client-535162E20057->7049f9e8-7de6-4c8c-bf4c-9bb5512f4299@group-3B5DE3AEDFC2, cid=3053, SUCCESS, logIndex=0, commits[7049f9e8-7de6-4c8c-bf4c-9bb5512f4299:c4610, 13d9ac51-91bf-4c73-8824-2f58fc5b2747:c4608, 15cd3569-c751-4f18-b157-6804e7d0f08c:c4608]
2019-07-10 06:00:00,642 INFO  client.GrpcClientProtocolClient (GrpcClientProtocolClient.java:onNext(255)) - client-535162E20057->7049f9e8-7de6-4c8c-bf4c-9bb5512f4299: receive RaftClientReply:client-535162E20057->7049f9e8-7de6-4c8c-bf4c-9bb5512f4299@group-3B5DE3AEDFC2, cid=3054, SUCCESS, logIndex=4611, commits[7049f9e8-7de6-4c8c-bf4c-9bb5512f4299:c4612, 13d9ac51-91bf-4c73-8824-2f58fc5b2747:c4610, 15cd3569-c751-4f18-b157-6804e7d0f08c:c4610]
2019-07-10 06:00:00,642 INFO  client.GrpcClientProtocolClient (GrpcClientProtocolClient.java:onNext(255)) - client-535162E20057->7049f9e8-7de6-4c8c-bf4c-9bb5512f4299: receive RaftClientReply:client-535162E20057->7049f9e8-7de6-4c8c-bf4c-9bb5512f4299@group-3B5DE3AEDFC2, cid=3055, SUCCESS, logIndex=4612, commits[7049f9e8-7de6-4c8c-bf4c-9bb5512f4299:c4612, 13d9ac51-91bf-4c73-8824-2f58fc5b2747:c4610, 15cd3569-c751-4f18-b157-6804e7d0f08c:c4610]
2019-07-10 06:00:00,643 INFO  client.GrpcClientProtocolClient (GrpcClientProtocolClient.java:onNext(255)) - client-535162E20057->7049f9e8-7de6-4c8c-bf4c-9bb5512f4299: receive RaftClientReply:client-535162E20057->7049f9e8-7de6-4c8c-bf4c-9bb5512f4299@group-3B5DE3AEDFC2, cid=3056, SUCCESS, logIndex=4613, commits[7049f9e8-7de6-4c8c-bf4c-9bb5512f4299:c4614, 13d9ac51-91bf-4c73-8824-2f58fc5b2747:c4610, 15cd3569-c751-4f18-b157-6804e7d0f08c:c4610]
2019-07-10 06:00:00,643 INFO  client.GrpcClientProtocolClient (GrpcClientProtocolClient.java:onNext(255)) - client-535162E20057->7049f9e8-7de6-4c8c-bf4c-9bb5512f4299: receive RaftClientReply:client-535162E20057->7049f9e8-7de6-4c8c-bf4c-9bb5512f4299@group-3B5DE3AEDFC2, cid=3057, SUCCESS, logIndex=4614, commits[7049f9e8-7de6-4c8c-bf4c-9bb5512f4299:c4614, 13d9ac51-91bf-4c73-8824-2f58fc5b2747:c4610, 15cd3569-c751-4f18-b157-6804e7d0f08c:c4610]
2019-07-10 06:00:00,655 INFO  client.GrpcClientProtocolClient (GrpcClientProtocolClient.java:onNext(255)) - client-535162E20057->7049f9e8-7de6-4c8c-bf4c-9bb5512f4299: receive RaftClientReply:client-535162E20057->7049f9e8-7de6-4c8c-bf4c-9bb5512f4299@group-3B5DE3AEDFC2, cid=3058, SUCCESS, logIndex=0, commits[7049f9e8-7de6-4c8c-bf4c-9bb5512f4299:c4616, 13d9ac51-91bf-4c73-8824-2f58fc5b2747:c4612, 15cd3569-c751-4f18-b157-6804e7d0f08c:c4612]
2019-07-10 06:00:00,677 INFO  client.GrpcClientProtocolClient (GrpcClientProtocolClient.java:onNext(255)) - client-535162E20057->7049f9e8-7de6-4c8c-bf4c-9bb5512f4299: receive RaftClientReply:client-535162E20057->7049f9e8-7de6-4c8c-bf4c-9bb5512f4299@group-3B5DE3AEDFC2, cid=3059, SUCCESS, logIndex=4619, commits[7049f9e8-7de6-4c8c-bf4c-9bb5512f4299:c4620, 13d9ac51-91bf-4c73-8824-2f58fc5b2747:c4618, 15cd3569-c751-4f18-b157-6804e7d0f08c:c4618]
2019-07-10 06:00:00,677 INFO  client.GrpcClientProtocolClient (GrpcClientProtocolClient.java:onNext(255)) - client-535162E20057->7049f9e8-7de6-4c8c-bf4c-9bb5512f4299: receive RaftClientReply:client-535162E20057->7049f9e8-7de6-4c8c-bf4c-9bb5512f4299@group-3B5DE3AEDFC2, cid=3060, SUCCESS, logIndex=4620, commits[7049f9e8-7de6-4c8c-bf4c-9bb5512f4299:c4620, 13d9ac51-91bf-4c73-8824-2f58fc5b2747:c4618, 15cd3569-c751-4f18-b157-6804e7d0f08c:c4618]
2019-07-10 06:00:00,720 INFO  client.GrpcClientProtocolClient (GrpcClientProtocolClient.java:onNext(255)) - client-535162E20057->7049f9e8-7de6-4c8c-bf4c-9bb5512f4299: receive RaftClientReply:client-535162E20057->7049f9e8-7de6-4c8c-bf4c-9bb5512f4299@group-3B5DE3AEDFC2, cid=3061, SUCCESS, logIndex=4623, commits[7049f9e8-7de6-4c8c-bf4c-9bb5512f4299:c4624, 13d9ac51-91bf-4c73-8824-2f58fc5b2747:c4620, 15cd3569-c751-4f18-b157-6804e7d0f08c:c4620]
2019-07-10 06:00:00,720 INFO  client.GrpcClientProtocolClient (GrpcClientProtocolClient.java:onNext(255)) - client-535162E20057->7049f9e8-7de6-4c8c-bf4c-9bb5512f4299: receive RaftClientReply:client-535162E20057->7049f9e8-7de6-4c8c-bf4c-9bb5512f4299@group-3B5DE3AEDFC2, cid=3062, SUCCESS, logIndex=4624, commits[7049f9e8-7de6-4c8c-bf4c-9bb5512f4299:c4624, 13d9ac51-91bf-4c73-8824-2f58fc5b2747:c4620, 15cd3569-c751-4f18-b157-6804e7d0f08c:c4620]
2019-07-10 06:00:00,743 INFO  client.GrpcClientProtocolClient (GrpcClientProtocolClient.java:onNext(255)) - client-535162E20057->7049f9e8-7de6-4c8c-bf4c-9bb5512f4299: receive RaftClientReply:client-535162E20057->7049f9e8-7de6-4c8c-bf4c-9bb5512f4299@group-3B5DE3AEDFC2, cid=3063, SUCCESS, logIndex=0, commits[7049f9e8-7de6-4c8c-bf4c-9bb5512f4299:c4625, 13d9ac51-91bf-4c73-8824-2f58fc5b2747:c4624, 15cd3569-c751-4f18-b157-6804e7d0f08c:c4624]
2019-07-10 06:00:00,779 INFO  client.GrpcClientProtocolClient (GrpcClientProtocolClient.java:onNext(255)) - client-535162E20057->7049f9e8-7de6-4c8c-bf4c-9bb5512f4299: receive RaftClientReply:client-535162E20057->7049f9e8-7de6-4c8c-bf4c-9bb5512f4299@group-3B5DE3AEDFC2, cid=3064, SUCCESS, logIndex=4627, commits[7049f9e8-7de6-4c8c-bf4c-9bb5512f4299:c4628, 13d9ac51-91bf-4c73-8824-2f58fc5b2747:c4626, 15cd3569-c751-4f18-b157-6804e7d0f08c:c4626]
2019-07-10 06:00:00,779 INFO  client.GrpcClientProtocolClient (GrpcClientProtocolClient.java:onNext(255)) - client-535162E20057->7049f9e8-7de6-4c8c-bf4c-9bb5512f4299: receive RaftClientReply:client-535162E20057->7049f9e8-7de6-4c8c-bf4c-9bb5512f4299@group-3B5DE3AEDFC2, cid=3065, SUCCESS, logIndex=4628, commits[7049f9e8-7de6-4c8c-bf4c-9bb5512f4299:c4630, 13d9ac51-91bf-4c73-8824-2f58fc5b2747:c4626, 15cd3569-c751-4f18-b157-6804e7d0f08c:c4626]
2019-07-10 06:00:00,780 INFO  client.GrpcClientProtocolClient (GrpcClientProtocolClient.java:onNext(255)) - client-535162E20057->7049f9e8-7de6-4c8c-bf4c-9bb5512f4299: receive RaftClientReply:client-535162E20057->7049f9e8-7de6-4c8c-bf4c-9bb5512f4299@group-3B5DE3AEDFC2, cid=3066, SUCCESS, logIndex=4629, commits[7049f9e8-7de6-4c8c-bf4c-9bb5512f4299:c4630, 13d9ac51-91bf-4c73-8824-2f58fc5b2747:c4626, 15cd3569-c751-4f18-b157-6804e7d0f08c:c4626]
2019-07-10 06:00:00,780 INFO  client.GrpcClientProtocolClient (GrpcClientProtocolClient.java:onNext(255)) - client-535162E20057->7049f9e8-7de6-4c8c-bf4c-9bb5512f4299: receive RaftClientReply:client-535162E20057->7049f9e8-7de6-4c8c-bf4c-9bb5512f4299@group-3B5DE3AEDFC2, cid=3067, SUCCESS, logIndex=4630, commits[7049f9e8-7de6-4c8c-bf4c-9bb5512f4299:c4630, 13d9ac51-91bf-4c73-8824-2f58fc5b2747:c4626, 15cd3569-c751-4f18-b157-6804e7d0f08c:c4626]
2019-07-10 06:00:00,793 INFO  client.GrpcClientProtocolClient (GrpcClientProtocolClient.java:onNext(255)) - client-535162E20057->7049f9e8-7de6-4c8c-bf4c-9bb5512f4299: receive RaftClientReply:client-535162E20057->7049f9e8-7de6-4c8c-bf4c-9bb5512f4299@group-3B5DE3AEDFC2, cid=3068, SUCCESS, logIndex=0, commits[7049f9e8-7de6-4c8c-bf4c-9bb5512f4299:c4632, 13d9ac51-91bf-4c73-8824-2f58fc5b2747:c4628, 15cd3569-c751-4f18-b157-6804e7d0f08c:c4628]
2019-07-10 06:00:00,822 INFO  client.GrpcClientProtocolClient (GrpcClientProtocolClient.java:onNext(255)) - client-535162E20057->7049f9e8-7de6-4c8c-bf4c-9bb5512f4299: receive RaftClientReply:client-535162E20057->7049f9e8-7de6-4c8c-bf4c-9bb5512f4299@group-3B5DE3AEDFC2, cid=3069, SUCCESS, logIndex=4635, commits[7049f9e8-7de6-4c8c-bf4c-9bb5512f4299:c4636, 13d9ac51-91bf-4c73-8824-2f58fc5b2747:c4634, 15cd3569-c751-4f18-b157-6804e7d0f08c:c4634]
2019-07-10 06:00:00,822 INFO  client.GrpcClientProtocolClient (GrpcClientProtocolClient.java:onNext(255)) - client-535162E20057->7049f9e8-7de6-4c8c-bf4c-9bb5512f4299: receive RaftClientReply:client-535162E20057->7049f9e8-7de6-4c8c-bf4c-9bb5512f4299@group-3B5DE3AEDFC2, cid=3070, SUCCESS, logIndex=4636, commits[7049f9e8-7de6-4c8c-bf4c-9bb5512f4299:c4636, 13d9ac51-91bf-4c73-8824-2f58fc5b2747:c4634, 15cd3569-c751-4f18-b157-6804e7d0f08c:c4634]
2019-07-10 06:00:00,847 INFO  client.GrpcClientProtocolClient (GrpcClientProtocolClient.java:onNext(255)) - client-535162E20057->7049f9e8-7de6-4c8c-bf4c-9bb5512f4299: receive RaftClientReply:client-535162E20057->7049f9e8-7de6-4c8c-bf4c-9bb5512f4299@group-3B5DE3AEDFC2, cid=3071, SUCCESS, logIndex=4639, commits[7049f9e8-7de6-4c8c-bf4c-9bb5512f4299:c4640, 13d9ac51-91bf-4c73-8824-2f58fc5b2747:c4636, 15cd3569-c751-4f18-b157-6804e7d0f08c:c4636]
2019-07-10 06:00:00,848 INFO  client.GrpcClientProtocolClient (GrpcClientProtocolClient.java:onNext(255)) - client-535162E20057->7049f9e8-7de6-4c8c-bf4c-9bb5512f4299: receive RaftClientReply:client-535162E20057->7049f9e8-7de6-4c8c-bf4c-9bb5512f4299@group-3B5DE3AEDFC2, cid=3072, SUCCESS, logIndex=4640, commits[7049f9e8-7de6-4c8c-bf4c-9bb5512f4299:c4640, 13d9ac51-91bf-4c73-8824-2f58fc5b2747:c4636, 15cd3569-c751-4f18-b157-6804e7d0f08c:c4636]
2019-07-10 06:00:00,863 INFO  client.GrpcClientProtocolClient (GrpcClientProtocolClient.java:onNext(255)) - client-535162E20057->7049f9e8-7de6-4c8c-bf4c-9bb5512f4299: receive RaftClientReply:client-535162E20057->7049f9e8-7de6-4c8c-bf4c-9bb5512f4299@group-3B5DE3AEDFC2, cid=3073, SUCCESS, logIndex=0, commits[7049f9e8-7de6-4c8c-bf4c-9bb5512f4299:c4642, 13d9ac51-91bf-4c73-8824-2f58fc5b2747:c4640, 15cd3569-c751-4f18-b157-6804e7d0f08c:c4640]
2019-07-10 06:00:00,901 INFO  client.GrpcClientProtocolClient (GrpcClientProtocolClient.java:onNext(255)) - client-535162E20057->7049f9e8-7de6-4c8c-bf4c-9bb5512f4299: receive RaftClientReply:client-535162E20057->7049f9e8-7de6-4c8c-bf4c-9bb5512f4299@group-3B5DE3AEDFC2, cid=3074, SUCCESS, logIndex=4643, commits[7049f9e8-7de6-4c8c-bf4c-9bb5512f4299:c4644, 13d9ac51-91bf-4c73-8824-2f58fc5b2747:c4642, 15cd3569-c751-4f18-b157-6804e7d0f08c:c4642]
2019-07-10 06:00:00,902 INFO  client.GrpcClientProtocolClient (GrpcClientProtocolClient.java:onNext(255)) - client-535162E20057->7049f9e8-7de6-4c8c-bf4c-9bb5512f4299: receive RaftClientReply:client-535162E20057->7049f9e8-7de6-4c8c-bf4c-9bb5512f4299@group-3B5DE3AEDFC2, cid=3075, SUCCESS, logIndex=4644, commits[7049f9e8-7de6-4c8c-bf4c-9bb5512f4299:c4644, 13d9ac51-91bf-4c73-8824-2f58fc5b2747:c4642, 15cd3569-c751-4f18-b157-6804e7d0f08c:c4642]
2019-07-10 06:00:00,902 INFO  client.GrpcClientProtocolClient (GrpcClientProtocolClient.java:onNext(255)) - client-535162E20057->7049f9e8-7de6-4c8c-bf4c-9bb5512f4299: receive RaftClientReply:client-535162E20057->7049f9e8-7de6-4c8c-bf4c-9bb5512f4299@group-3B5DE3AEDFC2, cid=3076, SUCCESS, logIndex=4645, commits[7049f9e8-7de6-4c8c-bf4c-9bb5512f4299:c4646, 13d9ac51-91bf-4c73-8824-2f58fc5b2747:c4642, 15cd3569-c751-4f18-b157-6804e7d0f08c:c4642]
2019-07-10 06:00:00,902 INFO  client.GrpcClientProtocolClient (GrpcClientProtocolClient.java:onNext(255)) - client-535162E20057->7049f9e8-7de6-4c8c-bf4c-9bb5512f4299: receive RaftClientReply:client-535162E20057->7049f9e8-7de6-4c8c-bf4c-9bb5512f4299@group-3B5DE3AEDFC2, cid=3077, SUCCESS, logIndex=4646, commits[7049f9e8-7de6-4c8c-bf4c-9bb5512f4299:c4646, 13d9ac51-91bf-4c73-8824-2f58fc5b2747:c4642, 15cd3569-c751-4f18-b157-6804e7d0f08c:c4642]
2019-07-10 06:00:00,915 INFO  client.GrpcClientProtocolClient (GrpcClientProtocolClient.java:onNext(255)) - client-535162E20057->7049f9e8-7de6-4c8c-bf4c-9bb5512f4299: receive RaftClientReply:client-535162E20057->7049f9e8-7de6-4c8c-bf4c-9bb5512f4299@group-3B5DE3AEDFC2, cid=3078, SUCCESS, logIndex=0, commits[7049f9e8-7de6-4c8c-bf4c-9bb5512f4299:c4648, 13d9ac51-91bf-4c73-8824-2f58fc5b2747:c4644, 15cd3569-c751-4f18-b157-6804e7d0f08c:c4644]
2019-07-10 06:00:00,953 INFO  client.GrpcClientProtocolClient (GrpcClientProtocolClient.java:onNext(255)) - client-535162E20057->7049f9e8-7de6-4c8c-bf4c-9bb5512f4299: receive RaftClientReply:client-535162E20057->7049f9e8-7de6-4c8c-bf4c-9bb5512f4299@group-3B5DE3AEDFC2, cid=3079, SUCCESS, logIndex=4651, commits[7049f9e8-7de6-4c8c-bf4c-9bb5512f4299:c4652, 13d9ac51-91bf-4c73-8824-2f58fc5b2747:c4646, 15cd3569-c751-4f18-b157-6804e7d0f08c:c4650]
2019-07-10 06:00:00,953 INFO  client.GrpcClientProtocolClient (GrpcClientProtocolClient.java:onNext(255)) - client-535162E20057->7049f9e8-7de6-4c8c-bf4c-9bb5512f4299: receive RaftClientReply:client-535162E20057->7049f9e8-7de6-4c8c-bf4c-9bb5512f4299@group-3B5DE3AEDFC2, cid=3080, SUCCESS, logIndex=4652, commits[7049f9e8-7de6-4c8c-bf4c-9bb5512f4299:c4652, 13d9ac51-91bf-4c73-8824-2f58fc5b2747:c4650, 15cd3569-c751-4f18-b157-6804e7d0f08c:c4650]
2019-07-10 06:00:00,977 INFO  client.GrpcClientProtocolClient (GrpcClientProtocolClient.java:onNext(255)) - client-535162E20057->7049f9e8-7de6-4c8c-bf4c-9bb5512f4299: receive RaftClientReply:client-535162E20057->7049f9e8-7de6-4c8c-bf4c-9bb5512f4299@group-3B5DE3AEDFC2, cid=3081, SUCCESS, logIndex=4655, commits[7049f9e8-7de6-4c8c-bf4c-9bb5512f4299:c4656, 13d9ac51-91bf-4c73-8824-2f58fc5b2747:c4652, 15cd3569-c751-4f18-b157-6804e7d0f08c:c4652]
2019-07-10 06:00:00,978 INFO  client.GrpcClientProtocolClient (GrpcClientProtocolClient.java:onNext(255)) - client-535162E20057->7049f9e8-7de6-4c8c-bf4c-9bb5512f4299: receive RaftClientReply:client-535162E20057->7049f9e8-7de6-4c8c-bf4c-9bb5512f4299@group-3B5DE3AEDFC2, cid=3082, SUCCESS, logIndex=4656, commits[7049f9e8-7de6-4c8c-bf4c-9bb5512f4299:c4656, 13d9ac51-91bf-4c73-8824-2f58fc5b2747:c4652, 15cd3569-c751-4f18-b157-6804e7d0f08c:c4652]
2019-07-10 06:00:00,989 INFO  client.GrpcClientProtocolClient (GrpcClientProtocolClient.java:onNext(255)) - client-535162E20057->7049f9e8-7de6-4c8c-bf4c-9bb5512f4299: receive RaftClientReply:client-535162E20057->7049f9e8-7de6-4c8c-bf4c-9bb5512f4299@group-3B5DE3AEDFC2, cid=3083, SUCCESS, logIndex=0, commits[7049f9e8-7de6-4c8c-bf4c-9bb5512f4299:c4657, 13d9ac51-91bf-4c73-8824-2f58fc5b2747:c4656, 15cd3569-c751-4f18-b157-6804e7d0f08c:c4656]
2019-07-10 06:00:01,020 INFO  client.GrpcClientProtocolClient (GrpcClientProtocolClient.java:onNext(255)) - client-535162E20057->7049f9e8-7de6-4c8c-bf4c-9bb5512f4299: receive RaftClientReply:client-535162E20057->7049f9e8-7de6-4c8c-bf4c-9bb5512f4299@group-3B5DE3AEDFC2, cid=3084, SUCCESS, logIndex=4658, commits[7049f9e8-7de6-4c8c-bf4c-9bb5512f4299:c4659, 13d9ac51-91bf-4c73-8824-2f58fc5b2747:c4657, 15cd3569-c751-4f18-b157-6804e7d0f08c:c4657]
2019-07-10 06:00:01,021 INFO  client.GrpcClientProtocolClient (GrpcClientProtocolClient.java:onNext(255)) - client-535162E20057->7049f9e8-7de6-4c8c-bf4c-9bb5512f4299: receive RaftClientReply:client-535162E20057->7049f9e8-7de6-4c8c-bf4c-9bb5512f4299@group-3B5DE3AEDFC2, cid=3085, SUCCESS, logIndex=4659, commits[7049f9e8-7de6-4c8c-bf4c-9bb5512f4299:c4659, 13d9ac51-91bf-4c73-8824-2f58fc5b2747:c4657, 15cd3569-c751-4f18-b157-6804e7d0f08c:c4657]
2019-07-10 06:00:01,021 INFO  client.GrpcClientProtocolClient (GrpcClientProtocolClient.java:onNext(255)) - client-535162E20057->7049f9e8-7de6-4c8c-bf4c-9bb5512f4299: receive RaftClientReply:client-535162E20057->7049f9e8-7de6-4c8c-bf4c-9bb5512f4299@group-3B5DE3AEDFC2, cid=3086, SUCCESS, logIndex=4660, commits[7049f9e8-7de6-4c8c-bf4c-9bb5512f4299:c4661, 13d9ac51-91bf-4c73-8824-2f58fc5b2747:c4657, 15cd3569-c751-4f18-b157-6804e7d0f08c:c4657]
2019-07-10 06:00:01,021 INFO  client.GrpcClientProtocolClient (GrpcClientProtocolClient.java:onNext(255)) - client-535162E20057->7049f9e8-7de6-4c8c-bf4c-9bb5512f4299: receive RaftClientReply:client-535162E20057->7049f9e8-7de6-4c8c-bf4c-9bb5512f4299@group-3B5DE3AEDFC2, cid=3087, SUCCESS, logIndex=4661, commits[7049f9e8-7de6-4c8c-bf4c-9bb5512f4299:c4661, 13d9ac51-91bf-4c73-8824-2f58fc5b2747:c4657, 15cd3569-c751-4f18-b157-6804e7d0f08c:c4657]
2019-07-10 06:00:01,035 INFO  client.GrpcClientProtocolClient (GrpcClientProtocolClient.java:onNext(255)) - client-535162E20057->7049f9e8-7de6-4c8c-bf4c-9bb5512f4299: receive RaftClientReply:client-535162E20057->7049f9e8-7de6-4c8c-bf4c-9bb5512f4299@group-3B5DE3AEDFC2, cid=3088, SUCCESS, logIndex=0, commits[7049f9e8-7de6-4c8c-bf4c-9bb5512f4299:c4663, 13d9ac51-91bf-4c73-8824-2f58fc5b2747:c4659, 15cd3569-c751-4f18-b157-6804e7d0f08c:c4659]
 0.00% |█                                                                                                    |  0/1 Time: 0:00:262019-07-10 06:00:01,570 WARN  util.JavaUtils (JavaUtils.java:sleep(250)) - Unexpected long sleep: sleep(1143ms) actually took 1664ms which is over the threshold 300ms
2019-07-10 06:00:01,587 INFO  client.GrpcClientProtocolClient (GrpcClientProtocolClient.java:onNext(255)) - client-535162E20057->7049f9e8-7de6-4c8c-bf4c-9bb5512f4299: receive RaftClientReply:client-535162E20057->7049f9e8-7de6-4c8c-bf4c-9bb5512f4299@group-3B5DE3AEDFC2, cid=3089, SUCCESS, logIndex=4666, commits[7049f9e8-7de6-4c8c-bf4c-9bb5512f4299:c4666, 13d9ac51-91bf-4c73-8824-2f58fc5b2747:c4665, 15cd3569-c751-4f18-b157-6804e7d0f08c:c4665]
2019-07-10 06:00:01,587 INFO  client.GrpcClientProtocolClient (GrpcClientProtocolClient.java:onNext(255)) - client-535162E20057->7049f9e8-7de6-4c8c-bf4c-9bb5512f4299: receive RaftClientReply:client-535162E20057->7049f9e8-7de6-4c8c-bf4c-9bb5512f4299@group-3B5DE3AEDFC2, cid=3090, SUCCESS, logIndex=4667, commits[7049f9e8-7de6-4c8c-bf4c-9bb5512f4299:c4667, 13d9ac51-91bf-4c73-8824-2f58fc5b2747:c4665, 15cd3569-c751-4f18-b157-6804e7d0f08c:c4665]
2019-07-10 06:00:01,611 INFO  client.GrpcClientProtocolClient (GrpcClientProtocolClient.java:onNext(255)) - client-535162E20057->7049f9e8-7de6-4c8c-bf4c-9bb5512f4299: receive RaftClientReply:client-535162E20057->7049f9e8-7de6-4c8c-bf4c-9bb5512f4299@group-3B5DE3AEDFC2, cid=3091, SUCCESS, logIndex=4670, commits[7049f9e8-7de6-4c8c-bf4c-9bb5512f4299:c4670, 13d9ac51-91bf-4c73-8824-2f58fc5b2747:c4666, 15cd3569-c751-4f18-b157-6804e7d0f08c:c4667]
2019-07-10 06:00:01,612 INFO  client.GrpcClientProtocolClient (GrpcClientProtocolClient.java:onNext(255)) - client-535162E20057->7049f9e8-7de6-4c8c-bf4c-9bb5512f4299: receive RaftClientReply:client-535162E20057->7049f9e8-7de6-4c8c-bf4c-9bb5512f4299@group-3B5DE3AEDFC2, cid=3092, SUCCESS, logIndex=4671, commits[7049f9e8-7de6-4c8c-bf4c-9bb5512f4299:c4671, 13d9ac51-91bf-4c73-8824-2f58fc5b2747:c4667, 15cd3569-c751-4f18-b157-6804e7d0f08c:c4667]
2019-07-10 06:00:01,626 INFO  client.GrpcClientProtocolClient (GrpcClientProtocolClient.java:onNext(255)) - client-535162E20057->7049f9e8-7de6-4c8c-bf4c-9bb5512f4299: receive RaftClientReply:client-535162E20057->7049f9e8-7de6-4c8c-bf4c-9bb5512f4299@group-3B5DE3AEDFC2, cid=3093, SUCCESS, logIndex=0, commits[7049f9e8-7de6-4c8c-bf4c-9bb5512f4299:c4673, 13d9ac51-91bf-4c73-8824-2f58fc5b2747:c4671, 15cd3569-c751-4f18-b157-6804e7d0f08c:c4671]
2019-07-10 06:00:01,659 INFO  client.GrpcClientProtocolClient (GrpcClientProtocolClient.java:onNext(255)) - client-535162E20057->7049f9e8-7de6-4c8c-bf4c-9bb5512f4299: receive RaftClientReply:client-535162E20057->7049f9e8-7de6-4c8c-bf4c-9bb5512f4299@group-3B5DE3AEDFC2, cid=3094, SUCCESS, logIndex=4674, commits[7049f9e8-7de6-4c8c-bf4c-9bb5512f4299:c4677, 13d9ac51-91bf-4c73-8824-2f58fc5b2747:c4673, 15cd3569-c751-4f18-b157-6804e7d0f08c:c4673]
2019-07-10 06:00:01,660 INFO  client.GrpcClientProtocolClient (GrpcClientProtocolClient.java:onNext(255)) - client-535162E20057->7049f9e8-7de6-4c8c-bf4c-9bb5512f4299: receive RaftClientReply:client-535162E20057->7049f9e8-7de6-4c8c-bf4c-9bb5512f4299@group-3B5DE3AEDFC2, cid=3095, SUCCESS, logIndex=4675, commits[7049f9e8-7de6-4c8c-bf4c-9bb5512f4299:c4677, 13d9ac51-91bf-4c73-8824-2f58fc5b2747:c4673, 15cd3569-c751-4f18-b157-6804e7d0f08c:c4673]
2019-07-10 06:00:01,660 INFO  client.GrpcClientProtocolClient (GrpcClientProtocolClient.java:onNext(255)) - client-535162E20057->7049f9e8-7de6-4c8c-bf4c-9bb5512f4299: receive RaftClientReply:client-535162E20057->7049f9e8-7de6-4c8c-bf4c-9bb5512f4299@group-3B5DE3AEDFC2, cid=3096, SUCCESS, logIndex=4676, commits[7049f9e8-7de6-4c8c-bf4c-9bb5512f4299:c4677, 13d9ac51-91bf-4c73-8824-2f58fc5b2747:c4673, 15cd3569-c751-4f18-b157-6804e7d0f08c:c4673]
2019-07-10 06:00:01,660 INFO  client.GrpcClientProtocolClient (GrpcClientProtocolClient.java:onNext(255)) - client-535162E20057->7049f9e8-7de6-4c8c-bf4c-9bb5512f4299: receive RaftClientReply:client-535162E20057->7049f9e8-7de6-4c8c-bf4c-9bb5512f4299@group-3B5DE3AEDFC2, cid=3097, SUCCESS, logIndex=4677, commits[7049f9e8-7de6-4c8c-bf4c-9bb5512f4299:c4677, 13d9ac51-91bf-4c73-8824-2f58fc5b2747:c4673, 15cd3569-c751-4f18-b157-6804e7d0f08c:c4673]
2019-07-10 06:00:01,674 INFO  client.GrpcClientProtocolClient (GrpcClientProtocolClient.java:onNext(255)) - client-535162E20057->7049f9e8-7de6-4c8c-bf4c-9bb5512f4299: receive RaftClientReply:client-535162E20057->7049f9e8-7de6-4c8c-bf4c-9bb5512f4299@group-3B5DE3AEDFC2, cid=3098, SUCCESS, logIndex=0, commits[7049f9e8-7de6-4c8c-bf4c-9bb5512f4299:c4678, 13d9ac51-91bf-4c73-8824-2f58fc5b2747:c4675, 15cd3569-c751-4f18-b157-6804e7d0f08c:c4676]
2019-07-10 06:00:01,696 INFO  client.GrpcClientProtocolClient (GrpcClientProtocolClient.java:onNext(255)) - client-535162E20057->7049f9e8-7de6-4c8c-bf4c-9bb5512f4299: receive RaftClientReply:client-535162E20057->7049f9e8-7de6-4c8c-bf4c-9bb5512f4299@group-3B5DE3AEDFC2, cid=3099, SUCCESS, logIndex=4682, commits[7049f9e8-7de6-4c8c-bf4c-9bb5512f4299:c4683, 13d9ac51-91bf-4c73-8824-2f58fc5b2747:c4681, 15cd3569-c751-4f18-b157-6804e7d0f08c:c4681]
2019-07-10 06:00:01,696 INFO  client.GrpcClientProtocolClient (GrpcClientProtocolClient.java:onNext(255)) - client-535162E20057->7049f9e8-7de6-4c8c-bf4c-9bb5512f4299: receive RaftClientReply:client-535162E20057->7049f9e8-7de6-4c8c-bf4c-9bb5512f4299@group-3B5DE3AEDFC2, cid=3100, SUCCESS, logIndex=4683, commits[7049f9e8-7de6-4c8c-bf4c-9bb5512f4299:c4683, 13d9ac51-91bf-4c73-8824-2f58fc5b2747:c4681, 15cd3569-c751-4f18-b157-6804e7d0f08c:c4681]
2019-07-10 06:00:01,709 INFO  client.GrpcClientProtocolClient (GrpcClientProtocolClient.java:onNext(255)) - client-535162E20057->7049f9e8-7de6-4c8c-bf4c-9bb5512f4299: receive RaftClientReply:client-535162E20057->7049f9e8-7de6-4c8c-bf4c-9bb5512f4299@group-3B5DE3AEDFC2, cid=3101, SUCCESS, logIndex=4686, commits[7049f9e8-7de6-4c8c-bf4c-9bb5512f4299:c4687, 13d9ac51-91bf-4c73-8824-2f58fc5b2747:c4682, 15cd3569-c751-4f18-b157-6804e7d0f08c:c4683]
2019-07-10 06:00:01,710 INFO  client.GrpcClientProtocolClient (GrpcClientProtocolClient.java:onNext(255)) - client-535162E20057->7049f9e8-7de6-4c8c-bf4c-9bb5512f4299: receive RaftClientReply:client-535162E20057->7049f9e8-7de6-4c8c-bf4c-9bb5512f4299@group-3B5DE3AEDFC2, cid=3102, SUCCESS, logIndex=4687, commits[7049f9e8-7de6-4c8c-bf4c-9bb5512f4299:c4687, 13d9ac51-91bf-4c73-8824-2f58fc5b2747:c4682, 15cd3569-c751-4f18-b157-6804e7d0f08c:c4683]
2019-07-10 06:00:01,711 INFO  client.GrpcClientProtocolClient (GrpcClientProtocolClient.java:onNext(255)) - client-535162E20057->7049f9e8-7de6-4c8c-bf4c-9bb5512f4299: receive RaftClientReply:client-535162E20057->7049f9e8-7de6-4c8c-bf4c-9bb5512f4299@group-3B5DE3AEDFC2, cid=3103, SUCCESS, logIndex=0, commits[7049f9e8-7de6-4c8c-bf4c-9bb5512f4299:c4687, 13d9ac51-91bf-4c73-8824-2f58fc5b2747:c4683, 15cd3569-c751-4f18-b157-6804e7d0f08c:c4683]
2019-07-10 06:00:01,716 INFO  client.GrpcClientProtocolClient (GrpcClientProtocolClient.java:onNext(255)) - client-535162E20057->7049f9e8-7de6-4c8c-bf4c-9bb5512f4299: receive RaftClientReply:client-535162E20057->7049f9e8-7de6-4c8c-bf4c-9bb5512f4299@group-3B5DE3AEDFC2, cid=3104, SUCCESS, logIndex=0, commits[7049f9e8-7de6-4c8c-bf4c-9bb5512f4299:c4689, 13d9ac51-91bf-4c73-8824-2f58fc5b2747:c4687, 15cd3569-c751-4f18-b157-6804e7d0f08c:c4687]
2019-07-10 06:00:01,744 INFO  client.GrpcClientProtocolClient (GrpcClientProtocolClient.java:onNext(255)) - client-535162E20057->7049f9e8-7de6-4c8c-bf4c-9bb5512f4299: receive RaftClientReply:client-535162E20057->7049f9e8-7de6-4c8c-bf4c-9bb5512f4299@group-3B5DE3AEDFC2, cid=3105, SUCCESS, logIndex=4690, commits[7049f9e8-7de6-4c8c-bf4c-9bb5512f4299:c4691, 13d9ac51-91bf-4c73-8824-2f58fc5b2747:c4689, 15cd3569-c751-4f18-b157-6804e7d0f08c:c4687]
2019-07-10 06:00:01,745 INFO  client.GrpcClientProtocolClient (GrpcClientProtocolClient.java:onNext(255)) - client-535162E20057->7049f9e8-7de6-4c8c-bf4c-9bb5512f4299: receive RaftClientReply:client-535162E20057->7049f9e8-7de6-4c8c-bf4c-9bb5512f4299@group-3B5DE3AEDFC2, cid=3106, SUCCESS, logIndex=4691, commits[7049f9e8-7de6-4c8c-bf4c-9bb5512f4299:c4691, 13d9ac51-91bf-4c73-8824-2f58fc5b2747:c4689, 15cd3569-c751-4f18-b157-6804e7d0f08c:c4687]
2019-07-10 06:00:01,746 INFO  client.GrpcClientProtocolClient (GrpcClientProtocolClient.java:onNext(255)) - client-535162E20057->7049f9e8-7de6-4c8c-bf4c-9bb5512f4299: receive RaftClientReply:client-535162E20057->7049f9e8-7de6-4c8c-bf4c-9bb5512f4299@group-3B5DE3AEDFC2, cid=3107, SUCCESS, logIndex=4692, commits[7049f9e8-7de6-4c8c-bf4c-9bb5512f4299:c4693, 13d9ac51-91bf-4c73-8824-2f58fc5b2747:c4689, 15cd3569-c751-4f18-b157-6804e7d0f08c:c4689]
2019-07-10 06:00:01,746 INFO  client.GrpcClientProtocolClient (GrpcClientProtocolClient.java:onNext(255)) - client-535162E20057->7049f9e8-7de6-4c8c-bf4c-9bb5512f4299: receive RaftClientReply:client-535162E20057->7049f9e8-7de6-4c8c-bf4c-9bb5512f4299@group-3B5DE3AEDFC2, cid=3108, SUCCESS, logIndex=4693, commits[7049f9e8-7de6-4c8c-bf4c-9bb5512f4299:c4693, 13d9ac51-91bf-4c73-8824-2f58fc5b2747:c4689, 15cd3569-c751-4f18-b157-6804e7d0f08c:c4689]
2019-07-10 06:00:01,748 INFO  client.GrpcClientProtocolClient (GrpcClientProtocolClient.java:onNext(255)) - client-535162E20057->7049f9e8-7de6-4c8c-bf4c-9bb5512f4299: receive RaftClientReply:client-535162E20057->7049f9e8-7de6-4c8c-bf4c-9bb5512f4299@group-3B5DE3AEDFC2, cid=3109, SUCCESS, logIndex=0, commits[7049f9e8-7de6-4c8c-bf4c-9bb5512f4299:c4695, 13d9ac51-91bf-4c73-8824-2f58fc5b2747:c4691, 15cd3569-c751-4f18-b157-6804e7d0f08c:c4691]
2019-07-10 06:00:01,761 INFO  client.GrpcClientProtocolClient (GrpcClientProtocolClient.java:onNext(255)) - client-535162E20057->7049f9e8-7de6-4c8c-bf4c-9bb5512f4299: receive RaftClientReply:client-535162E20057->7049f9e8-7de6-4c8c-bf4c-9bb5512f4299@group-3B5DE3AEDFC2, cid=3110, SUCCESS, logIndex=4698, commits[7049f9e8-7de6-4c8c-bf4c-9bb5512f4299:c4699, 13d9ac51-91bf-4c73-8824-2f58fc5b2747:c4693, 15cd3569-c751-4f18-b157-6804e7d0f08c:c4697]
2019-07-10 06:00:01,762 INFO  client.GrpcClientProtocolClient (GrpcClientProtocolClient.java:onNext(255)) - client-535162E20057->7049f9e8-7de6-4c8c-bf4c-9bb5512f4299: receive RaftClientReply:client-535162E20057->7049f9e8-7de6-4c8c-bf4c-9bb5512f4299@group-3B5DE3AEDFC2, cid=3111, SUCCESS, logIndex=4699, commits[7049f9e8-7de6-4c8c-bf4c-9bb5512f4299:c4699, 13d9ac51-91bf-4c73-8824-2f58fc5b2747:c4697, 15cd3569-c751-4f18-b157-6804e7d0f08c:c4697]
2019-07-10 06:00:01,779 INFO  client.GrpcClientProtocolClient (GrpcClientProtocolClient.java:onNext(255)) - client-535162E20057->7049f9e8-7de6-4c8c-bf4c-9bb5512f4299: receive RaftClientReply:client-535162E20057->7049f9e8-7de6-4c8c-bf4c-9bb5512f4299@group-3B5DE3AEDFC2, cid=3112, SUCCESS, logIndex=4702, commits[7049f9e8-7de6-4c8c-bf4c-9bb5512f4299:c4703, 13d9ac51-91bf-4c73-8824-2f58fc5b2747:c4701, 15cd3569-c751-4f18-b157-6804e7d0f08c:c4701]
2019-07-10 06:00:01,779 INFO  client.GrpcClientProtocolClient (GrpcClientProtocolClient.java:onNext(255)) - client-535162E20057->7049f9e8-7de6-4c8c-bf4c-9bb5512f4299: receive RaftClientReply:client-535162E20057->7049f9e8-7de6-4c8c-bf4c-9bb5512f4299@group-3B5DE3AEDFC2, cid=3113, SUCCESS, logIndex=4703, commits[7049f9e8-7de6-4c8c-bf4c-9bb5512f4299:c4703, 13d9ac51-91bf-4c73-8824-2f58fc5b2747:c4701, 15cd3569-c751-4f18-b157-6804e7d0f08c:c4701]
2019-07-10 06:00:01,784 INFO  client.GrpcClientProtocolClient (GrpcClientProtocolClient.java:onNext(255)) - client-535162E20057->7049f9e8-7de6-4c8c-bf4c-9bb5512f4299: receive RaftClientReply:client-535162E20057->7049f9e8-7de6-4c8c-bf4c-9bb5512f4299@group-3B5DE3AEDFC2, cid=3114, SUCCESS, logIndex=0, commits[7049f9e8-7de6-4c8c-bf4c-9bb5512f4299:c4704, 13d9ac51-91bf-4c73-8824-2f58fc5b2747:c4703, 15cd3569-c751-4f18-b157-6804e7d0f08c:c4703]
2019-07-10 06:00:01,809 INFO  client.GrpcClientProtocolClient (GrpcClientProtocolClient.java:onNext(255)) - client-535162E20057->7049f9e8-7de6-4c8c-bf4c-9bb5512f4299: receive RaftClientReply:client-535162E20057->7049f9e8-7de6-4c8c-bf4c-9bb5512f4299@group-3B5DE3AEDFC2, cid=3115, SUCCESS, logIndex=4706, commits[7049f9e8-7de6-4c8c-bf4c-9bb5512f4299:c4707, 13d9ac51-91bf-4c73-8824-2f58fc5b2747:c4705, 15cd3569-c751-4f18-b157-6804e7d0f08c:c4703]
2019-07-10 06:00:01,809 INFO  client.GrpcClientProtocolClient (GrpcClientProtocolClient.java:onNext(255)) - client-535162E20057->7049f9e8-7de6-4c8c-bf4c-9bb5512f4299: receive RaftClientReply:client-535162E20057->7049f9e8-7de6-4c8c-bf4c-9bb5512f4299@group-3B5DE3AEDFC2, cid=3116, SUCCESS, logIndex=4707, commits[7049f9e8-7de6-4c8c-bf4c-9bb5512f4299:c4707, 13d9ac51-91bf-4c73-8824-2f58fc5b2747:c4705, 15cd3569-c751-4f18-b157-6804e7d0f08c:c4703]
2019-07-10 06:00:01,810 INFO  client.GrpcClientProtocolClient (GrpcClientProtocolClient.java:onNext(255)) - client-535162E20057->7049f9e8-7de6-4c8c-bf4c-9bb5512f4299: receive RaftClientReply:client-535162E20057->7049f9e8-7de6-4c8c-bf4c-9bb5512f4299@group-3B5DE3AEDFC2, cid=3117, SUCCESS, logIndex=4708, commits[7049f9e8-7de6-4c8c-bf4c-9bb5512f4299:c4709, 13d9ac51-91bf-4c73-8824-2f58fc5b2747:c4705, 15cd3569-c751-4f18-b157-6804e7d0f08c:c4705]
2019-07-10 06:00:01,810 INFO  client.GrpcClientProtocolClient (GrpcClientProtocolClient.java:onNext(255)) - client-535162E20057->7049f9e8-7de6-4c8c-bf4c-9bb5512f4299: receive RaftClientReply:client-535162E20057->7049f9e8-7de6-4c8c-bf4c-9bb5512f4299@group-3B5DE3AEDFC2, cid=3118, SUCCESS, logIndex=4709, commits[7049f9e8-7de6-4c8c-bf4c-9bb5512f4299:c4709, 13d9ac51-91bf-4c73-8824-2f58fc5b2747:c4705, 15cd3569-c751-4f18-b157-6804e7d0f08c:c4705]
2019-07-10 06:00:01,813 INFO  client.GrpcClientProtocolClient (GrpcClientProtocolClient.java:onNext(255)) - client-535162E20057->7049f9e8-7de6-4c8c-bf4c-9bb5512f4299: receive RaftClientReply:client-535162E20057->7049f9e8-7de6-4c8c-bf4c-9bb5512f4299@group-3B5DE3AEDFC2, cid=3119, SUCCESS, logIndex=0, commits[7049f9e8-7de6-4c8c-bf4c-9bb5512f4299:c4711, 13d9ac51-91bf-4c73-8824-2f58fc5b2747:c4707, 15cd3569-c751-4f18-b157-6804e7d0f08c:c4707]
2019-07-10 06:00:01,827 INFO  client.GrpcClientProtocolClient (GrpcClientProtocolClient.java:onNext(255)) - client-535162E20057->7049f9e8-7de6-4c8c-bf4c-9bb5512f4299: receive RaftClientReply:client-535162E20057->7049f9e8-7de6-4c8c-bf4c-9bb5512f4299@group-3B5DE3AEDFC2, cid=3120, SUCCESS, logIndex=4714, commits[7049f9e8-7de6-4c8c-bf4c-9bb5512f4299:c4715, 13d9ac51-91bf-4c73-8824-2f58fc5b2747:c4709, 15cd3569-c751-4f18-b157-6804e7d0f08c:c4713]
2019-07-10 06:00:01,827 INFO  client.GrpcClientProtocolClient (GrpcClientProtocolClient.java:onNext(255)) - client-535162E20057->7049f9e8-7de6-4c8c-bf4c-9bb5512f4299: receive RaftClientReply:client-535162E20057->7049f9e8-7de6-4c8c-bf4c-9bb5512f4299@group-3B5DE3AEDFC2, cid=3121, SUCCESS, logIndex=4715, commits[7049f9e8-7de6-4c8c-bf4c-9bb5512f4299:c4715, 13d9ac51-91bf-4c73-8824-2f58fc5b2747:c4713, 15cd3569-c751-4f18-b157-6804e7d0f08c:c4713]
2019-07-10 06:00:01,852 INFO  client.GrpcClientProtocolClient (GrpcClientProtocolClient.java:onNext(255)) - client-535162E20057->7049f9e8-7de6-4c8c-bf4c-9bb5512f4299: receive RaftClientReply:client-535162E20057->7049f9e8-7de6-4c8c-bf4c-9bb5512f4299@group-3B5DE3AEDFC2, cid=3122, SUCCESS, logIndex=4718, commits[7049f9e8-7de6-4c8c-bf4c-9bb5512f4299:c4719, 13d9ac51-91bf-4c73-8824-2f58fc5b2747:c4717, 15cd3569-c751-4f18-b157-6804e7d0f08c:c4717]
2019-07-10 06:00:01,853 INFO  client.GrpcClientProtocolClient (GrpcClientProtocolClient.java:onNext(255)) - client-535162E20057->7049f9e8-7de6-4c8c-bf4c-9bb5512f4299: receive RaftClientReply:client-535162E20057->7049f9e8-7de6-4c8c-bf4c-9bb5512f4299@group-3B5DE3AEDFC2, cid=3123, SUCCESS, logIndex=4719, commits[7049f9e8-7de6-4c8c-bf4c-9bb5512f4299:c4719, 13d9ac51-91bf-4c73-8824-2f58fc5b2747:c4717, 15cd3569-c751-4f18-b157-6804e7d0f08c:c4717]
2019-07-10 06:00:01,867 INFO  client.GrpcClientProtocolClient (GrpcClientProtocolClient.java:onNext(255)) - client-535162E20057->7049f9e8-7de6-4c8c-bf4c-9bb5512f4299: receive RaftClientReply:client-535162E20057->7049f9e8-7de6-4c8c-bf4c-9bb5512f4299@group-3B5DE3AEDFC2, cid=3124, SUCCESS, logIndex=0, commits[7049f9e8-7de6-4c8c-bf4c-9bb5512f4299:c4721, 13d9ac51-91bf-4c73-8824-2f58fc5b2747:c4719, 15cd3569-c751-4f18-b157-6804e7d0f08c:c4719]
2019-07-10 06:00:01,898 INFO  client.GrpcClientProtocolClient (GrpcClientProtocolClient.java:onNext(255)) - client-535162E20057->7049f9e8-7de6-4c8c-bf4c-9bb5512f4299: receive RaftClientReply:client-535162E20057->7049f9e8-7de6-4c8c-bf4c-9bb5512f4299@group-3B5DE3AEDFC2, cid=3125, SUCCESS, logIndex=4722, commits[7049f9e8-7de6-4c8c-bf4c-9bb5512f4299:c4723, 13d9ac51-91bf-4c73-8824-2f58fc5b2747:c4721, 15cd3569-c751-4f18-b157-6804e7d0f08c:c4721]
2019-07-10 06:00:01,899 INFO  client.GrpcClientProtocolClient (GrpcClientProtocolClient.java:onNext(255)) - client-535162E20057->7049f9e8-7de6-4c8c-bf4c-9bb5512f4299: receive RaftClientReply:client-535162E20057->7049f9e8-7de6-4c8c-bf4c-9bb5512f4299@group-3B5DE3AEDFC2, cid=3126, SUCCESS, logIndex=4723, commits[7049f9e8-7de6-4c8c-bf4c-9bb5512f4299:c4725, 13d9ac51-91bf-4c73-8824-2f58fc5b2747:c4721, 15cd3569-c751-4f18-b157-6804e7d0f08c:c4721]
2019-07-10 06:00:01,899 INFO  client.GrpcClientProtocolClient (GrpcClientProtocolClient.java:onNext(255)) - client-535162E20057->7049f9e8-7de6-4c8c-bf4c-9bb5512f4299: receive RaftClientReply:client-535162E20057->7049f9e8-7de6-4c8c-bf4c-9bb5512f4299@group-3B5DE3AEDFC2, cid=3127, SUCCESS, logIndex=4724, commits[7049f9e8-7de6-4c8c-bf4c-9bb5512f4299:c4725, 13d9ac51-91bf-4c73-8824-2f58fc5b2747:c4721, 15cd3569-c751-4f18-b157-6804e7d0f08c:c4721]
2019-07-10 06:00:01,900 INFO  client.GrpcClientProtocolClient (GrpcClientProtocolClient.java:onNext(255)) - client-535162E20057->7049f9e8-7de6-4c8c-bf4c-9bb5512f4299: receive RaftClientReply:client-535162E20057->7049f9e8-7de6-4c8c-bf4c-9bb5512f4299@group-3B5DE3AEDFC2, cid=3128, SUCCESS, logIndex=4725, commits[7049f9e8-7de6-4c8c-bf4c-9bb5512f4299:c4725, 13d9ac51-91bf-4c73-8824-2f58fc5b2747:c4721, 15cd3569-c751-4f18-b157-6804e7d0f08c:c4721]
2019-07-10 06:00:01,921 INFO  client.GrpcClientProtocolClient (GrpcClientProtocolClient.java:onNext(255)) - client-535162E20057->7049f9e8-7de6-4c8c-bf4c-9bb5512f4299: receive RaftClientReply:client-535162E20057->7049f9e8-7de6-4c8c-bf4c-9bb5512f4299@group-3B5DE3AEDFC2, cid=3129, SUCCESS, logIndex=0, commits[7049f9e8-7de6-4c8c-bf4c-9bb5512f4299:c4728, 13d9ac51-91bf-4c73-8824-2f58fc5b2747:c4725, 15cd3569-c751-4f18-b157-6804e7d0f08c:c4723]
2019-07-10 06:00:01,944 INFO  client.GrpcClientProtocolClient (GrpcClientProtocolClient.java:onNext(255)) - client-535162E20057->7049f9e8-7de6-4c8c-bf4c-9bb5512f4299: receive RaftClientReply:client-535162E20057->7049f9e8-7de6-4c8c-bf4c-9bb5512f4299@group-3B5DE3AEDFC2, cid=3130, SUCCESS, logIndex=4729, commits[7049f9e8-7de6-4c8c-bf4c-9bb5512f4299:c4730, 13d9ac51-91bf-4c73-8824-2f58fc5b2747:c4728, 15cd3569-c751-4f18-b157-6804e7d0f08c:c4728]
2019-07-10 06:00:01,945 INFO  client.GrpcClientProtocolClient (GrpcClientProtocolClient.java:onNext(255)) - client-535162E20057->7049f9e8-7de6-4c8c-bf4c-9bb5512f4299: receive RaftClientReply:client-535162E20057->7049f9e8-7de6-4c8c-bf4c-9bb5512f4299@group-3B5DE3AEDFC2, cid=3131, SUCCESS, logIndex=4730, commits[7049f9e8-7de6-4c8c-bf4c-9bb5512f4299:c4730, 13d9ac51-91bf-4c73-8824-2f58fc5b2747:c4728, 15cd3569-c751-4f18-b157-6804e7d0f08c:c4728]
2019-07-10 06:00:01,959 INFO  client.GrpcClientProtocolClient (GrpcClientProtocolClient.java:onNext(255)) - client-535162E20057->7049f9e8-7de6-4c8c-bf4c-9bb5512f4299: receive RaftClientReply:client-535162E20057->7049f9e8-7de6-4c8c-bf4c-9bb5512f4299@group-3B5DE3AEDFC2, cid=3132, SUCCESS, logIndex=4733, commits[7049f9e8-7de6-4c8c-bf4c-9bb5512f4299:c4734, 13d9ac51-91bf-4c73-8824-2f58fc5b2747:c4730, 15cd3569-c751-4f18-b157-6804e7d0f08c:c4730]
2019-07-10 06:00:01,959 INFO  client.GrpcClientProtocolClient (GrpcClientProtocolClient.java:onNext(255)) - client-535162E20057->7049f9e8-7de6-4c8c-bf4c-9bb5512f4299: receive RaftClientReply:client-535162E20057->7049f9e8-7de6-4c8c-bf4c-9bb5512f4299@group-3B5DE3AEDFC2, cid=3133, SUCCESS, logIndex=4734, commits[7049f9e8-7de6-4c8c-bf4c-9bb5512f4299:c4734, 13d9ac51-91bf-4c73-8824-2f58fc5b2747:c4730, 15cd3569-c751-4f18-b157-6804e7d0f08c:c4730]
2019-07-10 06:00:01,971 INFO  client.GrpcClientProtocolClient (GrpcClientProtocolClient.java:onNext(255)) - client-535162E20057->7049f9e8-7de6-4c8c-bf4c-9bb5512f4299: receive RaftClientReply:client-535162E20057->7049f9e8-7de6-4c8c-bf4c-9bb5512f4299@group-3B5DE3AEDFC2, cid=3134, SUCCESS, logIndex=0, commits[7049f9e8-7de6-4c8c-bf4c-9bb5512f4299:c4735, 13d9ac51-91bf-4c73-8824-2f58fc5b2747:c4734, 15cd3569-c751-4f18-b157-6804e7d0f08c:c4734]
2019-07-10 06:00:02,005 INFO  client.GrpcClientProtocolClient (GrpcClientProtocolClient.java:onNext(255)) - client-535162E20057->7049f9e8-7de6-4c8c-bf4c-9bb5512f4299: receive RaftClientReply:client-535162E20057->7049f9e8-7de6-4c8c-bf4c-9bb5512f4299@group-3B5DE3AEDFC2, cid=3135, SUCCESS, logIndex=4737, commits[7049f9e8-7de6-4c8c-bf4c-9bb5512f4299:c4738, 13d9ac51-91bf-4c73-8824-2f58fc5b2747:c4736, 15cd3569-c751-4f18-b157-6804e7d0f08c:c4736]
2019-07-10 06:00:02,006 INFO  client.GrpcClientProtocolClient (GrpcClientProtocolClient.java:onNext(255)) - client-535162E20057->7049f9e8-7de6-4c8c-bf4c-9bb5512f4299: receive RaftClientReply:client-535162E20057->7049f9e8-7de6-4c8c-bf4c-9bb5512f4299@group-3B5DE3AEDFC2, cid=3136, SUCCESS, logIndex=4738, commits[7049f9e8-7de6-4c8c-bf4c-9bb5512f4299:c4740, 13d9ac51-91bf-4c73-8824-2f58fc5b2747:c4736, 15cd3569-c751-4f18-b157-6804e7d0f08c:c4736]
2019-07-10 06:00:02,006 INFO  client.GrpcClientProtocolClient (GrpcClientProtocolClient.java:onNext(255)) - client-535162E20057->7049f9e8-7de6-4c8c-bf4c-9bb5512f4299: receive RaftClientReply:client-535162E20057->7049f9e8-7de6-4c8c-bf4c-9bb5512f4299@group-3B5DE3AEDFC2, cid=3137, SUCCESS, logIndex=4739, commits[7049f9e8-7de6-4c8c-bf4c-9bb5512f4299:c4740, 13d9ac51-91bf-4c73-8824-2f58fc5b2747:c4736, 15cd3569-c751-4f18-b157-6804e7d0f08c:c4736]
2019-07-10 06:00:02,007 INFO  client.GrpcClientProtocolClient (GrpcClientProtocolClient.java:onNext(255)) - client-535162E20057->7049f9e8-7de6-4c8c-bf4c-9bb5512f4299: receive RaftClientReply:client-535162E20057->7049f9e8-7de6-4c8c-bf4c-9bb5512f4299@group-3B5DE3AEDFC2, cid=3138, SUCCESS, logIndex=4740, commits[7049f9e8-7de6-4c8c-bf4c-9bb5512f4299:c4740, 13d9ac51-91bf-4c73-8824-2f58fc5b2747:c4736, 15cd3569-c751-4f18-b157-6804e7d0f08c:c4736]
2019-07-10 06:00:02,022 INFO  client.GrpcClientProtocolClient (GrpcClientProtocolClient.java:onNext(255)) - client-535162E20057->7049f9e8-7de6-4c8c-bf4c-9bb5512f4299: receive RaftClientReply:client-535162E20057->7049f9e8-7de6-4c8c-bf4c-9bb5512f4299@group-3B5DE3AEDFC2, cid=3139, SUCCESS, logIndex=0, commits[7049f9e8-7de6-4c8c-bf4c-9bb5512f4299:c4743, 13d9ac51-91bf-4c73-8824-2f58fc5b2747:c4740, 15cd3569-c751-4f18-b157-6804e7d0f08c:c4738]
2019-07-10 06:00:02,044 INFO  client.GrpcClientProtocolClient (GrpcClientProtocolClient.java:onNext(255)) - client-535162E20057->7049f9e8-7de6-4c8c-bf4c-9bb5512f4299: receive RaftClientReply:client-535162E20057->7049f9e8-7de6-4c8c-bf4c-9bb5512f4299@group-3B5DE3AEDFC2, cid=3140, SUCCESS, logIndex=4744, commits[7049f9e8-7de6-4c8c-bf4c-9bb5512f4299:c4745, 13d9ac51-91bf-4c73-8824-2f58fc5b2747:c4743, 15cd3569-c751-4f18-b157-6804e7d0f08c:c4743]
2019-07-10 06:00:02,044 INFO  client.GrpcClientProtocolClient (GrpcClientProtocolClient.java:onNext(255)) - client-535162E20057->7049f9e8-7de6-4c8c-bf4c-9bb5512f4299: receive RaftClientReply:client-535162E20057->7049f9e8-7de6-4c8c-bf4c-9bb5512f4299@group-3B5DE3AEDFC2, cid=3141, SUCCESS, logIndex=4745, commits[7049f9e8-7de6-4c8c-bf4c-9bb5512f4299:c4745, 13d9ac51-91bf-4c73-8824-2f58fc5b2747:c4743, 15cd3569-c751-4f18-b157-6804e7d0f08c:c4743]
2019-07-10 06:00:02,060 INFO  client.GrpcClientProtocolClient (GrpcClientProtocolClient.java:onNext(255)) - client-535162E20057->7049f9e8-7de6-4c8c-bf4c-9bb5512f4299: receive RaftClientReply:client-535162E20057->7049f9e8-7de6-4c8c-bf4c-9bb5512f4299@group-3B5DE3AEDFC2, cid=3142, SUCCESS, logIndex=4748, commits[7049f9e8-7de6-4c8c-bf4c-9bb5512f4299:c4749, 13d9ac51-91bf-4c73-8824-2f58fc5b2747:c4745, 15cd3569-c751-4f18-b157-6804e7d0f08c:c4745]
2019-07-10 06:00:02,061 INFO  client.GrpcClientProtocolClient (GrpcClientProtocolClient.java:onNext(255)) - client-535162E20057->7049f9e8-7de6-4c8c-bf4c-9bb5512f4299: receive RaftClientReply:client-535162E20057->7049f9e8-7de6-4c8c-bf4c-9bb5512f4299@group-3B5DE3AEDFC2, cid=3143, SUCCESS, logIndex=4749, commits[7049f9e8-7de6-4c8c-bf4c-9bb5512f4299:c4749, 13d9ac51-91bf-4c73-8824-2f58fc5b2747:c4745, 15cd3569-c751-4f18-b157-6804e7d0f08c:c4745]
2019-07-10 06:00:02,068 INFO  client.GrpcClientProtocolClient (GrpcClientProtocolClient.java:onNext(255)) - client-535162E20057->7049f9e8-7de6-4c8c-bf4c-9bb5512f4299: receive RaftClientReply:client-535162E20057->7049f9e8-7de6-4c8c-bf4c-9bb5512f4299@group-3B5DE3AEDFC2, cid=3144, SUCCESS, logIndex=0, commits[7049f9e8-7de6-4c8c-bf4c-9bb5512f4299:c4751, 13d9ac51-91bf-4c73-8824-2f58fc5b2747:c4749, 15cd3569-c751-4f18-b157-6804e7d0f08c:c4749]
2019-07-10 06:00:02,112 INFO  client.GrpcClientProtocolClient (GrpcClientProtocolClient.java:onNext(255)) - client-535162E20057->7049f9e8-7de6-4c8c-bf4c-9bb5512f4299: receive RaftClientReply:client-535162E20057->7049f9e8-7de6-4c8c-bf4c-9bb5512f4299@group-3B5DE3AEDFC2, cid=3145, SUCCESS, logIndex=4752, commits[7049f9e8-7de6-4c8c-bf4c-9bb5512f4299:c4753, 13d9ac51-91bf-4c73-8824-2f58fc5b2747:c4751, 15cd3569-c751-4f18-b157-6804e7d0f08c:c4751]
2019-07-10 06:00:02,112 INFO  client.GrpcClientProtocolClient (GrpcClientProtocolClient.java:onNext(255)) - client-535162E20057->7049f9e8-7de6-4c8c-bf4c-9bb5512f4299: receive RaftClientReply:client-535162E20057->7049f9e8-7de6-4c8c-bf4c-9bb5512f4299@group-3B5DE3AEDFC2, cid=3146, SUCCESS, logIndex=4753, commits[7049f9e8-7de6-4c8c-bf4c-9bb5512f4299:c4753, 13d9ac51-91bf-4c73-8824-2f58fc5b2747:c4751, 15cd3569-c751-4f18-b157-6804e7d0f08c:c4751]
2019-07-10 06:00:02,123 INFO  client.GrpcClientProtocolClient (GrpcClientProtocolClient.java:onNext(255)) - client-535162E20057->7049f9e8-7de6-4c8c-bf4c-9bb5512f4299: receive RaftClientReply:client-535162E20057->7049f9e8-7de6-4c8c-bf4c-9bb5512f4299@group-3B5DE3AEDFC2, cid=3147, SUCCESS, logIndex=4754, commits[7049f9e8-7de6-4c8c-bf4c-9bb5512f4299:c4755, 13d9ac51-91bf-4c73-8824-2f58fc5b2747:c4751, 15cd3569-c751-4f18-b157-6804e7d0f08c:c4751]
2019-07-10 06:00:02,123 INFO  client.GrpcClientProtocolClient (GrpcClientProtocolClient.java:onNext(255)) - client-535162E20057->7049f9e8-7de6-4c8c-bf4c-9bb5512f4299: receive RaftClientReply:client-535162E20057->7049f9e8-7de6-4c8c-bf4c-9bb5512f4299@group-3B5DE3AEDFC2, cid=3148, SUCCESS, logIndex=4755, commits[7049f9e8-7de6-4c8c-bf4c-9bb5512f4299:c4755, 13d9ac51-91bf-4c73-8824-2f58fc5b2747:c4751, 15cd3569-c751-4f18-b157-6804e7d0f08c:c4751]
2019-07-10 06:00:02,125 INFO  client.GrpcClientProtocolClient (GrpcClientProtocolClient.java:onNext(255)) - client-535162E20057->7049f9e8-7de6-4c8c-bf4c-9bb5512f4299: receive RaftClientReply:client-535162E20057->7049f9e8-7de6-4c8c-bf4c-9bb5512f4299@group-3B5DE3AEDFC2, cid=3149, SUCCESS, logIndex=0, commits[7049f9e8-7de6-4c8c-bf4c-9bb5512f4299:c4757, 13d9ac51-91bf-4c73-8824-2f58fc5b2747:c4753, 15cd3569-c751-4f18-b157-6804e7d0f08c:c4753]
2019-07-10 06:00:02,156 INFO  client.GrpcClientProtocolClient (GrpcClientProtocolClient.java:onNext(255)) - client-535162E20057->7049f9e8-7de6-4c8c-bf4c-9bb5512f4299: receive RaftClientReply:client-535162E20057->7049f9e8-7de6-4c8c-bf4c-9bb5512f4299@group-3B5DE3AEDFC2, cid=3150, SUCCESS, logIndex=4760, commits[7049f9e8-7de6-4c8c-bf4c-9bb5512f4299:c4761, 13d9ac51-91bf-4c73-8824-2f58fc5b2747:c4755, 15cd3569-c751-4f18-b157-6804e7d0f08c:c4757]
2019-07-10 06:00:02,157 INFO  client.GrpcClientProtocolClient (GrpcClientProtocolClient.java:onNext(255)) - client-535162E20057->7049f9e8-7de6-4c8c-bf4c-9bb5512f4299: receive RaftClientReply:client-535162E20057->7049f9e8-7de6-4c8c-bf4c-9bb5512f4299@group-3B5DE3AEDFC2, cid=3151, SUCCESS, logIndex=4761, commits[7049f9e8-7de6-4c8c-bf4c-9bb5512f4299:c4761, 13d9ac51-91bf-4c73-8824-2f58fc5b2747:c4757, 15cd3569-c751-4f18-b157-6804e7d0f08c:c4757]
2019-07-10 06:00:02,172 INFO  client.GrpcClientProtocolClient (GrpcClientProtocolClient.java:onNext(255)) - client-535162E20057->7049f9e8-7de6-4c8c-bf4c-9bb5512f4299: receive RaftClientReply:client-535162E20057->7049f9e8-7de6-4c8c-bf4c-9bb5512f4299@group-3B5DE3AEDFC2, cid=3152, SUCCESS, logIndex=4764, commits[7049f9e8-7de6-4c8c-bf4c-9bb5512f4299:c4765, 13d9ac51-91bf-4c73-8824-2f58fc5b2747:c4762, 15cd3569-c751-4f18-b157-6804e7d0f08c:c4762]
2019-07-10 06:00:02,172 INFO  client.GrpcClientProtocolClient (GrpcClientProtocolClient.java:onNext(255)) - client-535162E20057->7049f9e8-7de6-4c8c-bf4c-9bb5512f4299: receive RaftClientReply:client-535162E20057->7049f9e8-7de6-4c8c-bf4c-9bb5512f4299@group-3B5DE3AEDFC2, cid=3153, SUCCESS, logIndex=4765, commits[7049f9e8-7de6-4c8c-bf4c-9bb5512f4299:c4765, 13d9ac51-91bf-4c73-8824-2f58fc5b2747:c4762, 15cd3569-c751-4f18-b157-6804e7d0f08c:c4762]
2019-07-10 06:00:02,187 INFO  client.GrpcClientProtocolClient (GrpcClientProtocolClient.java:onNext(255)) - client-535162E20057->7049f9e8-7de6-4c8c-bf4c-9bb5512f4299: receive RaftClientReply:client-535162E20057->7049f9e8-7de6-4c8c-bf4c-9bb5512f4299@group-3B5DE3AEDFC2, cid=3154, SUCCESS, logIndex=0, commits[7049f9e8-7de6-4c8c-bf4c-9bb5512f4299:c4767, 13d9ac51-91bf-4c73-8824-2f58fc5b2747:c4765, 15cd3569-c751-4f18-b157-6804e7d0f08c:c4765]
2019-07-10 06:00:02,218 INFO  client.GrpcClientProtocolClient (GrpcClientProtocolClient.java:onNext(255)) - client-535162E20057->7049f9e8-7de6-4c8c-bf4c-9bb5512f4299: receive RaftClientReply:client-535162E20057->7049f9e8-7de6-4c8c-bf4c-9bb5512f4299@group-3B5DE3AEDFC2, cid=3155, SUCCESS, logIndex=4768, commits[7049f9e8-7de6-4c8c-bf4c-9bb5512f4299:c4769, 13d9ac51-91bf-4c73-8824-2f58fc5b2747:c4767, 15cd3569-c751-4f18-b157-6804e7d0f08c:c4767]
2019-07-10 06:00:02,219 INFO  client.GrpcClientProtocolClient (GrpcClientProtocolClient.java:onNext(255)) - client-535162E20057->7049f9e8-7de6-4c8c-bf4c-9bb5512f4299: receive RaftClientReply:client-535162E20057->7049f9e8-7de6-4c8c-bf4c-9bb5512f4299@group-3B5DE3AEDFC2, cid=3156, SUCCESS, logIndex=4769, commits[7049f9e8-7de6-4c8c-bf4c-9bb5512f4299:c4771, 13d9ac51-91bf-4c73-8824-2f58fc5b2747:c4767, 15cd3569-c751-4f18-b157-6804e7d0f08c:c4767]
2019-07-10 06:00:02,220 INFO  client.GrpcClientProtocolClient (GrpcClientProtocolClient.java:onNext(255)) - client-535162E20057->7049f9e8-7de6-4c8c-bf4c-9bb5512f4299: receive RaftClientReply:client-535162E20057->7049f9e8-7de6-4c8c-bf4c-9bb5512f4299@group-3B5DE3AEDFC2, cid=3157, SUCCESS, logIndex=4770, commits[7049f9e8-7de6-4c8c-bf4c-9bb5512f4299:c4771, 13d9ac51-91bf-4c73-8824-2f58fc5b2747:c4767, 15cd3569-c751-4f18-b157-6804e7d0f08c:c4767]
2019-07-10 06:00:02,220 INFO  client.GrpcClientProtocolClient (GrpcClientProtocolClient.java:onNext(255)) - client-535162E20057->7049f9e8-7de6-4c8c-bf4c-9bb5512f4299: receive RaftClientReply:client-535162E20057->7049f9e8-7de6-4c8c-bf4c-9bb5512f4299@group-3B5DE3AEDFC2, cid=3158, SUCCESS, logIndex=4771, commits[7049f9e8-7de6-4c8c-bf4c-9bb5512f4299:c4771, 13d9ac51-91bf-4c73-8824-2f58fc5b2747:c4767, 15cd3569-c751-4f18-b157-6804e7d0f08c:c4767]
2019-07-10 06:00:02,223 INFO  client.GrpcClientProtocolClient (GrpcClientProtocolClient.java:onNext(255)) - client-535162E20057->7049f9e8-7de6-4c8c-bf4c-9bb5512f4299: receive RaftClientReply:client-535162E20057->7049f9e8-7de6-4c8c-bf4c-9bb5512f4299@group-3B5DE3AEDFC2, cid=3159, SUCCESS, logIndex=0, commits[7049f9e8-7de6-4c8c-bf4c-9bb5512f4299:c4775, 13d9ac51-91bf-4c73-8824-2f58fc5b2747:c4771, 15cd3569-c751-4f18-b157-6804e7d0f08c:c4769]
2019-07-10 06:00:02,244 INFO  client.GrpcClientProtocolClient (GrpcClientProtocolClient.java:onNext(255)) - client-535162E20057->7049f9e8-7de6-4c8c-bf4c-9bb5512f4299: receive RaftClientReply:client-535162E20057->7049f9e8-7de6-4c8c-bf4c-9bb5512f4299@group-3B5DE3AEDFC2, cid=3160, SUCCESS, logIndex=4776, commits[7049f9e8-7de6-4c8c-bf4c-9bb5512f4299:c4777, 13d9ac51-91bf-4c73-8824-2f58fc5b2747:c4775, 15cd3569-c751-4f18-b157-6804e7d0f08c:c4775]
2019-07-10 06:00:02,245 INFO  client.GrpcClientProtocolClient (GrpcClientProtocolClient.java:onNext(255)) - client-535162E20057->7049f9e8-7de6-4c8c-bf4c-9bb5512f4299: receive RaftClientReply:client-535162E20057->7049f9e8-7de6-4c8c-bf4c-9bb5512f4299@group-3B5DE3AEDFC2, cid=3161, SUCCESS, logIndex=4777, commits[7049f9e8-7de6-4c8c-bf4c-9bb5512f4299:c4777, 13d9ac51-91bf-4c73-8824-2f58fc5b2747:c4775, 15cd3569-c751-4f18-b157-6804e7d0f08c:c4775]
2019-07-10 06:00:02,268 INFO  client.GrpcClientProtocolClient (GrpcClientProtocolClient.java:onNext(255)) - client-535162E20057->7049f9e8-7de6-4c8c-bf4c-9bb5512f4299: receive RaftClientReply:client-535162E20057->7049f9e8-7de6-4c8c-bf4c-9bb5512f4299@group-3B5DE3AEDFC2, cid=3162, SUCCESS, logIndex=4780, commits[7049f9e8-7de6-4c8c-bf4c-9bb5512f4299:c4781, 13d9ac51-91bf-4c73-8824-2f58fc5b2747:c4776, 15cd3569-c751-4f18-b157-6804e7d0f08c:c4777]
2019-07-10 06:00:02,268 INFO  client.GrpcClientProtocolClient (GrpcClientProtocolClient.java:onNext(255)) - client-535162E20057->7049f9e8-7de6-4c8c-bf4c-9bb5512f4299: receive RaftClientReply:client-535162E20057->7049f9e8-7de6-4c8c-bf4c-9bb5512f4299@group-3B5DE3AEDFC2, cid=3163, SUCCESS, logIndex=4781, commits[7049f9e8-7de6-4c8c-bf4c-9bb5512f4299:c4781, 13d9ac51-91bf-4c73-8824-2f58fc5b2747:c4777, 15cd3569-c751-4f18-b157-6804e7d0f08c:c4777]
2019-07-10 06:00:02,281 INFO  client.GrpcClientProtocolClient (GrpcClientProtocolClient.java:onNext(255)) - client-535162E20057->7049f9e8-7de6-4c8c-bf4c-9bb5512f4299: receive RaftClientReply:client-535162E20057->7049f9e8-7de6-4c8c-bf4c-9bb5512f4299@group-3B5DE3AEDFC2, cid=3164, SUCCESS, logIndex=0, commits[7049f9e8-7de6-4c8c-bf4c-9bb5512f4299:c4783, 13d9ac51-91bf-4c73-8824-2f58fc5b2747:c4781, 15cd3569-c751-4f18-b157-6804e7d0f08c:c4781]
2019-07-10 06:00:02,327 INFO  client.GrpcClientProtocolClient (GrpcClientProtocolClient.java:onNext(255)) - client-535162E20057->7049f9e8-7de6-4c8c-bf4c-9bb5512f4299: receive RaftClientReply:client-535162E20057->7049f9e8-7de6-4c8c-bf4c-9bb5512f4299@group-3B5DE3AEDFC2, cid=3165, SUCCESS, logIndex=4784, commits[7049f9e8-7de6-4c8c-bf4c-9bb5512f4299:c4786, 13d9ac51-91bf-4c73-8824-2f58fc5b2747:c4783, 15cd3569-c751-4f18-b157-6804e7d0f08c:c4783]
2019-07-10 06:00:02,328 INFO  client.GrpcClientProtocolClient (GrpcClientProtocolClient.java:onNext(255)) - client-535162E20057->7049f9e8-7de6-4c8c-bf4c-9bb5512f4299: receive RaftClientReply:client-535162E20057->7049f9e8-7de6-4c8c-bf4c-9bb5512f4299@group-3B5DE3AEDFC2, cid=3166, SUCCESS, logIndex=4785, commits[7049f9e8-7de6-4c8c-bf4c-9bb5512f4299:c4787, 13d9ac51-91bf-4c73-8824-2f58fc5b2747:c4783, 15cd3569-c751-4f18-b157-6804e7d0f08c:c4783]
2019-07-10 06:00:02,328 INFO  client.GrpcClientProtocolClient (GrpcClientProtocolClient.java:onNext(255)) - client-535162E20057->7049f9e8-7de6-4c8c-bf4c-9bb5512f4299: receive RaftClientReply:client-535162E20057->7049f9e8-7de6-4c8c-bf4c-9bb5512f4299@group-3B5DE3AEDFC2, cid=3167, SUCCESS, logIndex=4786, commits[7049f9e8-7de6-4c8c-bf4c-9bb5512f4299:c4787, 13d9ac51-91bf-4c73-8824-2f58fc5b2747:c4783, 15cd3569-c751-4f18-b157-6804e7d0f08c:c4783]
2019-07-10 06:00:02,329 INFO  client.GrpcClientProtocolClient (GrpcClientProtocolClient.java:onNext(255)) - client-535162E20057->7049f9e8-7de6-4c8c-bf4c-9bb5512f4299: receive RaftClientReply:client-535162E20057->7049f9e8-7de6-4c8c-bf4c-9bb5512f4299@group-3B5DE3AEDFC2, cid=3168, SUCCESS, logIndex=4787, commits[7049f9e8-7de6-4c8c-bf4c-9bb5512f4299:c4787, 13d9ac51-91bf-4c73-8824-2f58fc5b2747:c4783, 15cd3569-c751-4f18-b157-6804e7d0f08c:c4783]
2019-07-10 06:00:02,330 INFO  client.GrpcClientProtocolClient (GrpcClientProtocolClient.java:onNext(255)) - client-535162E20057->7049f9e8-7de6-4c8c-bf4c-9bb5512f4299: receive RaftClientReply:client-535162E20057->7049f9e8-7de6-4c8c-bf4c-9bb5512f4299@group-3B5DE3AEDFC2, cid=3169, SUCCESS, logIndex=0, commits[7049f9e8-7de6-4c8c-bf4c-9bb5512f4299:c4788, 13d9ac51-91bf-4c73-8824-2f58fc5b2747:c4785, 15cd3569-c751-4f18-b157-6804e7d0f08c:c4785]
2019-07-10 06:00:02,351 INFO  client.GrpcClientProtocolClient (GrpcClientProtocolClient.java:onNext(255)) - client-535162E20057->7049f9e8-7de6-4c8c-bf4c-9bb5512f4299: receive RaftClientReply:client-535162E20057->7049f9e8-7de6-4c8c-bf4c-9bb5512f4299@group-3B5DE3AEDFC2, cid=3170, SUCCESS, logIndex=4792, commits[7049f9e8-7de6-4c8c-bf4c-9bb5512f4299:c4793, 13d9ac51-91bf-4c73-8824-2f58fc5b2747:c4791, 15cd3569-c751-4f18-b157-6804e7d0f08c:c4791]
2019-07-10 06:00:02,351 INFO  client.GrpcClientProtocolClient (GrpcClientProtocolClient.java:onNext(255)) - client-535162E20057->7049f9e8-7de6-4c8c-bf4c-9bb5512f4299: receive RaftClientReply:client-535162E20057->7049f9e8-7de6-4c8c-bf4c-9bb5512f4299@group-3B5DE3AEDFC2, cid=3171, SUCCESS, logIndex=4793, commits[7049f9e8-7de6-4c8c-bf4c-9bb5512f4299:c4793, 13d9ac51-91bf-4c73-8824-2f58fc5b2747:c4791, 15cd3569-c751-4f18-b157-6804e7d0f08c:c4791]
2019-07-10 06:00:02,394 INFO  client.GrpcClientProtocolClient (GrpcClientProtocolClient.java:onNext(255)) - client-535162E20057->7049f9e8-7de6-4c8c-bf4c-9bb5512f4299: receive RaftClientReply:client-535162E20057->7049f9e8-7de6-4c8c-bf4c-9bb5512f4299@group-3B5DE3AEDFC2, cid=3172, SUCCESS, logIndex=4796, commits[7049f9e8-7de6-4c8c-bf4c-9bb5512f4299:c4796, 13d9ac51-91bf-4c73-8824-2f58fc5b2747:c4793, 15cd3569-c751-4f18-b157-6804e7d0f08c:c4793]
2019-07-10 06:00:02,394 INFO  client.GrpcClientProtocolClient (GrpcClientProtocolClient.java:onNext(255)) - client-535162E20057->7049f9e8-7de6-4c8c-bf4c-9bb5512f4299: receive RaftClientReply:client-535162E20057->7049f9e8-7de6-4c8c-bf4c-9bb5512f4299@group-3B5DE3AEDFC2, cid=3173, SUCCESS, logIndex=4797, commits[7049f9e8-7de6-4c8c-bf4c-9bb5512f4299:c4797, 13d9ac51-91bf-4c73-8824-2f58fc5b2747:c4793, 15cd3569-c751-4f18-b157-6804e7d0f08c:c4793]
2019-07-10 06:00:02,412 INFO  client.GrpcClientProtocolClient (GrpcClientProtocolClient.java:onNext(255)) - client-535162E20057->7049f9e8-7de6-4c8c-bf4c-9bb5512f4299: receive RaftClientReply:client-535162E20057->7049f9e8-7de6-4c8c-bf4c-9bb5512f4299@group-3B5DE3AEDFC2, cid=3174, SUCCESS, logIndex=0, commits[7049f9e8-7de6-4c8c-bf4c-9bb5512f4299:c4799, 13d9ac51-91bf-4c73-8824-2f58fc5b2747:c4797, 15cd3569-c751-4f18-b157-6804e7d0f08c:c4797]
2019-07-10 06:00:02,541 INFO  client.GrpcClientProtocolClient (GrpcClientProtocolClient.java:onNext(255)) - client-535162E20057->7049f9e8-7de6-4c8c-bf4c-9bb5512f4299: receive RaftClientReply:client-535162E20057->7049f9e8-7de6-4c8c-bf4c-9bb5512f4299@group-3B5DE3AEDFC2, cid=3175, SUCCESS, logIndex=4800, commits[7049f9e8-7de6-4c8c-bf4c-9bb5512f4299:c4801, 13d9ac51-91bf-4c73-8824-2f58fc5b2747:c4799, 15cd3569-c751-4f18-b157-6804e7d0f08c:c4799]
2019-07-10 06:00:02,542 INFO  client.GrpcClientProtocolClient (GrpcClientProtocolClient.java:onNext(255)) - client-535162E20057->7049f9e8-7de6-4c8c-bf4c-9bb5512f4299: receive RaftClientReply:client-535162E20057->7049f9e8-7de6-4c8c-bf4c-9bb5512f4299@group-3B5DE3AEDFC2, cid=3176, SUCCESS, logIndex=4801, commits[7049f9e8-7de6-4c8c-bf4c-9bb5512f4299:c4802, 13d9ac51-91bf-4c73-8824-2f58fc5b2747:c4799, 15cd3569-c751-4f18-b157-6804e7d0f08c:c4799]
2019-07-10 06:00:02,542 INFO  client.GrpcClientProtocolClient (GrpcClientProtocolClient.java:onNext(255)) - client-535162E20057->7049f9e8-7de6-4c8c-bf4c-9bb5512f4299: receive RaftClientReply:client-535162E20057->7049f9e8-7de6-4c8c-bf4c-9bb5512f4299@group-3B5DE3AEDFC2, cid=3177, SUCCESS, logIndex=4802, commits[7049f9e8-7de6-4c8c-bf4c-9bb5512f4299:c4803, 13d9ac51-91bf-4c73-8824-2f58fc5b2747:c4799, 15cd3569-c751-4f18-b157-6804e7d0f08c:c4799]
2019-07-10 06:00:02,543 INFO  client.GrpcClientProtocolClient (GrpcClientProtocolClient.java:onNext(255)) - client-535162E20057->7049f9e8-7de6-4c8c-bf4c-9bb5512f4299: receive RaftClientReply:client-535162E20057->7049f9e8-7de6-4c8c-bf4c-9bb5512f4299@group-3B5DE3AEDFC2, cid=3178, SUCCESS, logIndex=4803, commits[7049f9e8-7de6-4c8c-bf4c-9bb5512f4299:c4803, 13d9ac51-91bf-4c73-8824-2f58fc5b2747:c4799, 15cd3569-c751-4f18-b157-6804e7d0f08c:c4799]
2019-07-10 06:00:02,555 INFO  client.GrpcClientProtocolClient (GrpcClientProtocolClient.java:onNext(255)) - client-535162E20057->7049f9e8-7de6-4c8c-bf4c-9bb5512f4299: receive RaftClientReply:client-535162E20057->7049f9e8-7de6-4c8c-bf4c-9bb5512f4299@group-3B5DE3AEDFC2, cid=3179, SUCCESS, logIndex=0, commits[7049f9e8-7de6-4c8c-bf4c-9bb5512f4299:c4805, 13d9ac51-91bf-4c73-8824-2f58fc5b2747:c4801, 15cd3569-c751-4f18-b157-6804e7d0f08c:c4801]
 0.00% |█                                                                                                    |  0/1 Time: 0:00:272019-07-10 06:00:02,576 INFO  client.GrpcClientProtocolClient (GrpcClientProtocolClient.java:onNext(255)) - client-535162E20057->7049f9e8-7de6-4c8c-bf4c-9bb5512f4299: receive RaftClientReply:client-535162E20057->7049f9e8-7de6-4c8c-bf4c-9bb5512f4299@group-3B5DE3AEDFC2, cid=3180, SUCCESS, logIndex=4808, commits[7049f9e8-7de6-4c8c-bf4c-9bb5512f4299:c4809, 13d9ac51-91bf-4c73-8824-2f58fc5b2747:c4807, 15cd3569-c751-4f18-b157-6804e7d0f08c:c4807]
2019-07-10 06:00:02,576 INFO  client.GrpcClientProtocolClient (GrpcClientProtocolClient.java:onNext(255)) - client-535162E20057->7049f9e8-7de6-4c8c-bf4c-9bb5512f4299: receive RaftClientReply:client-535162E20057->7049f9e8-7de6-4c8c-bf4c-9bb5512f4299@group-3B5DE3AEDFC2, cid=3181, SUCCESS, logIndex=4809, commits[7049f9e8-7de6-4c8c-bf4c-9bb5512f4299:c4809, 13d9ac51-91bf-4c73-8824-2f58fc5b2747:c4807, 15cd3569-c751-4f18-b157-6804e7d0f08c:c4807]
2019-07-10 06:00:02,650 INFO  client.GrpcClientProtocolClient (GrpcClientProtocolClient.java:onNext(255)) - client-535162E20057->7049f9e8-7de6-4c8c-bf4c-9bb5512f4299: receive RaftClientReply:client-535162E20057->7049f9e8-7de6-4c8c-bf4c-9bb5512f4299@group-3B5DE3AEDFC2, cid=3182, SUCCESS, logIndex=4812, commits[7049f9e8-7de6-4c8c-bf4c-9bb5512f4299:c4812, 13d9ac51-91bf-4c73-8824-2f58fc5b2747:c4809, 15cd3569-c751-4f18-b157-6804e7d0f08c:c4809]
2019-07-10 06:00:02,651 INFO  client.GrpcClientProtocolClient (GrpcClientProtocolClient.java:onNext(255)) - client-535162E20057->7049f9e8-7de6-4c8c-bf4c-9bb5512f4299: receive RaftClientReply:client-535162E20057->7049f9e8-7de6-4c8c-bf4c-9bb5512f4299@group-3B5DE3AEDFC2, cid=3183, SUCCESS, logIndex=4813, commits[7049f9e8-7de6-4c8c-bf4c-9bb5512f4299:c4813, 13d9ac51-91bf-4c73-8824-2f58fc5b2747:c4809, 15cd3569-c751-4f18-b157-6804e7d0f08c:c4809]
2019-07-10 06:00:02,668 INFO  client.GrpcClientProtocolClient (GrpcClientProtocolClient.java:onNext(255)) - client-535162E20057->7049f9e8-7de6-4c8c-bf4c-9bb5512f4299: receive RaftClientReply:client-535162E20057->7049f9e8-7de6-4c8c-bf4c-9bb5512f4299@group-3B5DE3AEDFC2, cid=3184, SUCCESS, logIndex=0, commits[7049f9e8-7de6-4c8c-bf4c-9bb5512f4299:c4815, 13d9ac51-91bf-4c73-8824-2f58fc5b2747:c4813, 15cd3569-c751-4f18-b157-6804e7d0f08c:c4813]
2019-07-10 06:00:02,703 INFO  client.GrpcClientProtocolClient (GrpcClientProtocolClient.java:onNext(255)) - client-535162E20057->7049f9e8-7de6-4c8c-bf4c-9bb5512f4299: receive RaftClientReply:client-535162E20057->7049f9e8-7de6-4c8c-bf4c-9bb5512f4299@group-3B5DE3AEDFC2, cid=3185, SUCCESS, logIndex=4816, commits[7049f9e8-7de6-4c8c-bf4c-9bb5512f4299:c4817, 13d9ac51-91bf-4c73-8824-2f58fc5b2747:c4815, 15cd3569-c751-4f18-b157-6804e7d0f08c:c4815]
2019-07-10 06:00:02,703 INFO  client.GrpcClientProtocolClient (GrpcClientProtocolClient.java:onNext(255)) - client-535162E20057->7049f9e8-7de6-4c8c-bf4c-9bb5512f4299: receive RaftClientReply:client-535162E20057->7049f9e8-7de6-4c8c-bf4c-9bb5512f4299@group-3B5DE3AEDFC2, cid=3186, SUCCESS, logIndex=4817, commits[7049f9e8-7de6-4c8c-bf4c-9bb5512f4299:c4817, 13d9ac51-91bf-4c73-8824-2f58fc5b2747:c4815, 15cd3569-c751-4f18-b157-6804e7d0f08c:c4815]
2019-07-10 06:00:02,704 INFO  client.GrpcClientProtocolClient (GrpcClientProtocolClient.java:onNext(255)) - client-535162E20057->7049f9e8-7de6-4c8c-bf4c-9bb5512f4299: receive RaftClientReply:client-535162E20057->7049f9e8-7de6-4c8c-bf4c-9bb5512f4299@group-3B5DE3AEDFC2, cid=3187, SUCCESS, logIndex=4818, commits[7049f9e8-7de6-4c8c-bf4c-9bb5512f4299:c4819, 13d9ac51-91bf-4c73-8824-2f58fc5b2747:c4815, 15cd3569-c751-4f18-b157-6804e7d0f08c:c4815]
2019-07-10 06:00:02,704 INFO  client.GrpcClientProtocolClient (GrpcClientProtocolClient.java:onNext(255)) - client-535162E20057->7049f9e8-7de6-4c8c-bf4c-9bb5512f4299: receive RaftClientReply:client-535162E20057->7049f9e8-7de6-4c8c-bf4c-9bb5512f4299@group-3B5DE3AEDFC2, cid=3188, SUCCESS, logIndex=4819, commits[7049f9e8-7de6-4c8c-bf4c-9bb5512f4299:c4819, 13d9ac51-91bf-4c73-8824-2f58fc5b2747:c4815, 15cd3569-c751-4f18-b157-6804e7d0f08c:c4815]
2019-07-10 06:00:02,707 INFO  client.GrpcClientProtocolClient (GrpcClientProtocolClient.java:onNext(255)) - client-535162E20057->7049f9e8-7de6-4c8c-bf4c-9bb5512f4299: receive RaftClientReply:client-535162E20057->7049f9e8-7de6-4c8c-bf4c-9bb5512f4299@group-3B5DE3AEDFC2, cid=3189, SUCCESS, logIndex=0, commits[7049f9e8-7de6-4c8c-bf4c-9bb5512f4299:c4821, 13d9ac51-91bf-4c73-8824-2f58fc5b2747:c4817, 15cd3569-c751-4f18-b157-6804e7d0f08c:c4817]
2019-07-10 06:00:02,721 INFO  client.GrpcClientProtocolClient (GrpcClientProtocolClient.java:onNext(255)) - client-535162E20057->7049f9e8-7de6-4c8c-bf4c-9bb5512f4299: receive RaftClientReply:client-535162E20057->7049f9e8-7de6-4c8c-bf4c-9bb5512f4299@group-3B5DE3AEDFC2, cid=3190, SUCCESS, logIndex=4824, commits[7049f9e8-7de6-4c8c-bf4c-9bb5512f4299:c4825, 13d9ac51-91bf-4c73-8824-2f58fc5b2747:c4822, 15cd3569-c751-4f18-b157-6804e7d0f08c:c4819]
2019-07-10 06:00:02,721 INFO  client.GrpcClientProtocolClient (GrpcClientProtocolClient.java:onNext(255)) - client-535162E20057->7049f9e8-7de6-4c8c-bf4c-9bb5512f4299: receive RaftClientReply:client-535162E20057->7049f9e8-7de6-4c8c-bf4c-9bb5512f4299@group-3B5DE3AEDFC2, cid=3191, SUCCESS, logIndex=4825, commits[7049f9e8-7de6-4c8c-bf4c-9bb5512f4299:c4825, 13d9ac51-91bf-4c73-8824-2f58fc5b2747:c4822, 15cd3569-c751-4f18-b157-6804e7d0f08c:c4822]
2019-07-10 06:00:02,736 INFO  client.GrpcClientProtocolClient (GrpcClientProtocolClient.java:onNext(255)) - client-535162E20057->7049f9e8-7de6-4c8c-bf4c-9bb5512f4299: receive RaftClientReply:client-535162E20057->7049f9e8-7de6-4c8c-bf4c-9bb5512f4299@group-3B5DE3AEDFC2, cid=3192, SUCCESS, logIndex=4827, commits[7049f9e8-7de6-4c8c-bf4c-9bb5512f4299:c4827, 13d9ac51-91bf-4c73-8824-2f58fc5b2747:c4825, 15cd3569-c751-4f18-b157-6804e7d0f08c:c4825]
2019-07-10 06:00:02,736 INFO  client.GrpcClientProtocolClient (GrpcClientProtocolClient.java:onNext(255)) - client-535162E20057->7049f9e8-7de6-4c8c-bf4c-9bb5512f4299: receive RaftClientReply:client-535162E20057->7049f9e8-7de6-4c8c-bf4c-9bb5512f4299@group-3B5DE3AEDFC2, cid=3193, SUCCESS, logIndex=4828, commits[7049f9e8-7de6-4c8c-bf4c-9bb5512f4299:c4828, 13d9ac51-91bf-4c73-8824-2f58fc5b2747:c4825, 15cd3569-c751-4f18-b157-6804e7d0f08c:c4825]
2019-07-10 06:00:02,750 INFO  client.GrpcClientProtocolClient (GrpcClientProtocolClient.java:onNext(255)) - client-535162E20057->7049f9e8-7de6-4c8c-bf4c-9bb5512f4299: receive RaftClientReply:client-535162E20057->7049f9e8-7de6-4c8c-bf4c-9bb5512f4299@group-3B5DE3AEDFC2, cid=3194, SUCCESS, logIndex=0, commits[7049f9e8-7de6-4c8c-bf4c-9bb5512f4299:c4830, 13d9ac51-91bf-4c73-8824-2f58fc5b2747:c4828, 15cd3569-c751-4f18-b157-6804e7d0f08c:c4828]
2019-07-10 06:00:02,784 INFO  client.GrpcClientProtocolClient (GrpcClientProtocolClient.java:onNext(255)) - client-535162E20057->7049f9e8-7de6-4c8c-bf4c-9bb5512f4299: receive RaftClientReply:client-535162E20057->7049f9e8-7de6-4c8c-bf4c-9bb5512f4299@group-3B5DE3AEDFC2, cid=3195, SUCCESS, logIndex=4831, commits[7049f9e8-7de6-4c8c-bf4c-9bb5512f4299:c4832, 13d9ac51-91bf-4c73-8824-2f58fc5b2747:c4830, 15cd3569-c751-4f18-b157-6804e7d0f08c:c4830]
2019-07-10 06:00:02,784 INFO  client.GrpcClientProtocolClient (GrpcClientProtocolClient.java:onNext(255)) - client-535162E20057->7049f9e8-7de6-4c8c-bf4c-9bb5512f4299: receive RaftClientReply:client-535162E20057->7049f9e8-7de6-4c8c-bf4c-9bb5512f4299@group-3B5DE3AEDFC2, cid=3196, SUCCESS, logIndex=4832, commits[7049f9e8-7de6-4c8c-bf4c-9bb5512f4299:c4832, 13d9ac51-91bf-4c73-8824-2f58fc5b2747:c4830, 15cd3569-c751-4f18-b157-6804e7d0f08c:c4830]
2019-07-10 06:00:02,795 INFO  client.GrpcClientProtocolClient (GrpcClientProtocolClient.java:onNext(255)) - client-535162E20057->7049f9e8-7de6-4c8c-bf4c-9bb5512f4299: receive RaftClientReply:client-535162E20057->7049f9e8-7de6-4c8c-bf4c-9bb5512f4299@group-3B5DE3AEDFC2, cid=3197, SUCCESS, logIndex=4833, commits[7049f9e8-7de6-4c8c-bf4c-9bb5512f4299:c4834, 13d9ac51-91bf-4c73-8824-2f58fc5b2747:c4830, 15cd3569-c751-4f18-b157-6804e7d0f08c:c4830]
2019-07-10 06:00:02,795 INFO  client.GrpcClientProtocolClient (GrpcClientProtocolClient.java:onNext(255)) - client-535162E20057->7049f9e8-7de6-4c8c-bf4c-9bb5512f4299: receive RaftClientReply:client-535162E20057->7049f9e8-7de6-4c8c-bf4c-9bb5512f4299@group-3B5DE3AEDFC2, cid=3198, SUCCESS, logIndex=4834, commits[7049f9e8-7de6-4c8c-bf4c-9bb5512f4299:c4834, 13d9ac51-91bf-4c73-8824-2f58fc5b2747:c4830, 15cd3569-c751-4f18-b157-6804e7d0f08c:c4830]
2019-07-10 06:00:02,798 INFO  client.GrpcClientProtocolClient (GrpcClientProtocolClient.java:onNext(255)) - client-535162E20057->7049f9e8-7de6-4c8c-bf4c-9bb5512f4299: receive RaftClientReply:client-535162E20057->7049f9e8-7de6-4c8c-bf4c-9bb5512f4299@group-3B5DE3AEDFC2, cid=3199, SUCCESS, logIndex=0, commits[7049f9e8-7de6-4c8c-bf4c-9bb5512f4299:c4836, 13d9ac51-91bf-4c73-8824-2f58fc5b2747:c4832, 15cd3569-c751-4f18-b157-6804e7d0f08c:c4832]
2019-07-10 06:00:02,823 INFO  client.GrpcClientProtocolClient (GrpcClientProtocolClient.java:onNext(255)) - client-535162E20057->7049f9e8-7de6-4c8c-bf4c-9bb5512f4299: receive RaftClientReply:client-535162E20057->7049f9e8-7de6-4c8c-bf4c-9bb5512f4299@group-3B5DE3AEDFC2, cid=3200, SUCCESS, logIndex=4839, commits[7049f9e8-7de6-4c8c-bf4c-9bb5512f4299:c4840, 13d9ac51-91bf-4c73-8824-2f58fc5b2747:c4836, 15cd3569-c751-4f18-b157-6804e7d0f08c:c4836]
2019-07-10 06:00:02,823 INFO  client.GrpcClientProtocolClient (GrpcClientProtocolClient.java:onNext(255)) - client-535162E20057->7049f9e8-7de6-4c8c-bf4c-9bb5512f4299: receive RaftClientReply:client-535162E20057->7049f9e8-7de6-4c8c-bf4c-9bb5512f4299@group-3B5DE3AEDFC2, cid=3201, SUCCESS, logIndex=4840, commits[7049f9e8-7de6-4c8c-bf4c-9bb5512f4299:c4840, 13d9ac51-91bf-4c73-8824-2f58fc5b2747:c4836, 15cd3569-c751-4f18-b157-6804e7d0f08c:c4836]
2019-07-10 06:00:02,838 INFO  client.GrpcClientProtocolClient (GrpcClientProtocolClient.java:onNext(255)) - client-535162E20057->7049f9e8-7de6-4c8c-bf4c-9bb5512f4299: receive RaftClientReply:client-535162E20057->7049f9e8-7de6-4c8c-bf4c-9bb5512f4299@group-3B5DE3AEDFC2, cid=3202, SUCCESS, logIndex=4843, commits[7049f9e8-7de6-4c8c-bf4c-9bb5512f4299:c4844, 13d9ac51-91bf-4c73-8824-2f58fc5b2747:c4841, 15cd3569-c751-4f18-b157-6804e7d0f08c:c4841]
2019-07-10 06:00:02,839 INFO  client.GrpcClientProtocolClient (GrpcClientProtocolClient.java:onNext(255)) - client-535162E20057->7049f9e8-7de6-4c8c-bf4c-9bb5512f4299: receive RaftClientReply:client-535162E20057->7049f9e8-7de6-4c8c-bf4c-9bb5512f4299@group-3B5DE3AEDFC2, cid=3203, SUCCESS, logIndex=4844, commits[7049f9e8-7de6-4c8c-bf4c-9bb5512f4299:c4844, 13d9ac51-91bf-4c73-8824-2f58fc5b2747:c4841, 15cd3569-c751-4f18-b157-6804e7d0f08c:c4841]
2019-07-10 06:00:02,844 INFO  client.GrpcClientProtocolClient (GrpcClientProtocolClient.java:onNext(255)) - client-535162E20057->7049f9e8-7de6-4c8c-bf4c-9bb5512f4299: receive RaftClientReply:client-535162E20057->7049f9e8-7de6-4c8c-bf4c-9bb5512f4299@group-3B5DE3AEDFC2, cid=3204, SUCCESS, logIndex=0, commits[7049f9e8-7de6-4c8c-bf4c-9bb5512f4299:c4846, 13d9ac51-91bf-4c73-8824-2f58fc5b2747:c4844, 15cd3569-c751-4f18-b157-6804e7d0f08c:c4844]
2019-07-10 06:00:02,868 INFO  client.GrpcClientProtocolClient (GrpcClientProtocolClient.java:onNext(255)) - client-535162E20057->7049f9e8-7de6-4c8c-bf4c-9bb5512f4299: receive RaftClientReply:client-535162E20057->7049f9e8-7de6-4c8c-bf4c-9bb5512f4299@group-3B5DE3AEDFC2, cid=3205, SUCCESS, logIndex=4847, commits[7049f9e8-7de6-4c8c-bf4c-9bb5512f4299:c4848, 13d9ac51-91bf-4c73-8824-2f58fc5b2747:c4846, 15cd3569-c751-4f18-b157-6804e7d0f08c:c4846]
2019-07-10 06:00:02,868 INFO  client.GrpcClientProtocolClient (GrpcClientProtocolClient.java:onNext(255)) - client-535162E20057->7049f9e8-7de6-4c8c-bf4c-9bb5512f4299: receive RaftClientReply:client-535162E20057->7049f9e8-7de6-4c8c-bf4c-9bb5512f4299@group-3B5DE3AEDFC2, cid=3206, SUCCESS, logIndex=4848, commits[7049f9e8-7de6-4c8c-bf4c-9bb5512f4299:c4848, 13d9ac51-91bf-4c73-8824-2f58fc5b2747:c4846, 15cd3569-c751-4f18-b157-6804e7d0f08c:c4846]
2019-07-10 06:00:02,871 INFO  client.GrpcClientProtocolClient (GrpcClientProtocolClient.java:onNext(255)) - client-535162E20057->7049f9e8-7de6-4c8c-bf4c-9bb5512f4299: receive RaftClientReply:client-535162E20057->7049f9e8-7de6-4c8c-bf4c-9bb5512f4299@group-3B5DE3AEDFC2, cid=3207, SUCCESS, logIndex=4849, commits[7049f9e8-7de6-4c8c-bf4c-9bb5512f4299:c4850, 13d9ac51-91bf-4c73-8824-2f58fc5b2747:c4846, 15cd3569-c751-4f18-b157-6804e7d0f08c:c4846]
2019-07-10 06:00:02,872 INFO  client.GrpcClientProtocolClient (GrpcClientProtocolClient.java:onNext(255)) - client-535162E20057->7049f9e8-7de6-4c8c-bf4c-9bb5512f4299: receive RaftClientReply:client-535162E20057->7049f9e8-7de6-4c8c-bf4c-9bb5512f4299@group-3B5DE3AEDFC2, cid=3208, SUCCESS, logIndex=4850, commits[7049f9e8-7de6-4c8c-bf4c-9bb5512f4299:c4851, 13d9ac51-91bf-4c73-8824-2f58fc5b2747:c4848, 15cd3569-c751-4f18-b157-6804e7d0f08c:c4848]
2019-07-10 06:00:02,899 INFO  client.GrpcClientProtocolClient (GrpcClientProtocolClient.java:onNext(255)) - client-535162E20057->7049f9e8-7de6-4c8c-bf4c-9bb5512f4299: receive RaftClientReply:client-535162E20057->7049f9e8-7de6-4c8c-bf4c-9bb5512f4299@group-3B5DE3AEDFC2, cid=3209, SUCCESS, logIndex=4855, commits[7049f9e8-7de6-4c8c-bf4c-9bb5512f4299:c4856, 13d9ac51-91bf-4c73-8824-2f58fc5b2747:c4854, 15cd3569-c751-4f18-b157-6804e7d0f08c:c4854]
2019-07-10 06:00:02,899 INFO  client.GrpcClientProtocolClient (GrpcClientProtocolClient.java:onNext(255)) - client-535162E20057->7049f9e8-7de6-4c8c-bf4c-9bb5512f4299: receive RaftClientReply:client-535162E20057->7049f9e8-7de6-4c8c-bf4c-9bb5512f4299@group-3B5DE3AEDFC2, cid=3210, SUCCESS, logIndex=4856, commits[7049f9e8-7de6-4c8c-bf4c-9bb5512f4299:c4856, 13d9ac51-91bf-4c73-8824-2f58fc5b2747:c4854, 15cd3569-c751-4f18-b157-6804e7d0f08c:c4854]
2019-07-10 06:00:02,914 INFO  client.GrpcClientProtocolClient (GrpcClientProtocolClient.java:onNext(255)) - client-535162E20057->7049f9e8-7de6-4c8c-bf4c-9bb5512f4299: receive RaftClientReply:client-535162E20057->7049f9e8-7de6-4c8c-bf4c-9bb5512f4299@group-3B5DE3AEDFC2, cid=3211, SUCCESS, logIndex=4859, commits[7049f9e8-7de6-4c8c-bf4c-9bb5512f4299:c4859, 13d9ac51-91bf-4c73-8824-2f58fc5b2747:c4856, 15cd3569-c751-4f18-b157-6804e7d0f08c:c4856]
2019-07-10 06:00:02,914 INFO  client.GrpcClientProtocolClient (GrpcClientProtocolClient.java:onNext(255)) - client-535162E20057->7049f9e8-7de6-4c8c-bf4c-9bb5512f4299: receive RaftClientReply:client-535162E20057->7049f9e8-7de6-4c8c-bf4c-9bb5512f4299@group-3B5DE3AEDFC2, cid=3212, SUCCESS, logIndex=4860, commits[7049f9e8-7de6-4c8c-bf4c-9bb5512f4299:c4860, 13d9ac51-91bf-4c73-8824-2f58fc5b2747:c4856, 15cd3569-c751-4f18-b157-6804e7d0f08c:c4856]
2019-07-10 06:00:02,928 INFO  client.GrpcClientProtocolClient (GrpcClientProtocolClient.java:onNext(255)) - client-535162E20057->7049f9e8-7de6-4c8c-bf4c-9bb5512f4299: receive RaftClientReply:client-535162E20057->7049f9e8-7de6-4c8c-bf4c-9bb5512f4299@group-3B5DE3AEDFC2, cid=3213, SUCCESS, logIndex=0, commits[7049f9e8-7de6-4c8c-bf4c-9bb5512f4299:c4862, 13d9ac51-91bf-4c73-8824-2f58fc5b2747:c4860, 15cd3569-c751-4f18-b157-6804e7d0f08c:c4860]
2019-07-10 06:00:02,961 INFO  client.GrpcClientProtocolClient (GrpcClientProtocolClient.java:onNext(255)) - client-535162E20057->7049f9e8-7de6-4c8c-bf4c-9bb5512f4299: receive RaftClientReply:client-535162E20057->7049f9e8-7de6-4c8c-bf4c-9bb5512f4299@group-3B5DE3AEDFC2, cid=3214, SUCCESS, logIndex=4863, commits[7049f9e8-7de6-4c8c-bf4c-9bb5512f4299:c4864, 13d9ac51-91bf-4c73-8824-2f58fc5b2747:c4862, 15cd3569-c751-4f18-b157-6804e7d0f08c:c4862]
2019-07-10 06:00:02,964 INFO  client.GrpcClientProtocolClient (GrpcClientProtocolClient.java:onNext(255)) - client-535162E20057->7049f9e8-7de6-4c8c-bf4c-9bb5512f4299: receive RaftClientReply:client-535162E20057->7049f9e8-7de6-4c8c-bf4c-9bb5512f4299@group-3B5DE3AEDFC2, cid=3215, SUCCESS, logIndex=4864, commits[7049f9e8-7de6-4c8c-bf4c-9bb5512f4299:c4864, 13d9ac51-91bf-4c73-8824-2f58fc5b2747:c4862, 15cd3569-c751-4f18-b157-6804e7d0f08c:c4862]
2019-07-10 06:00:02,966 INFO  client.GrpcClientProtocolClient (GrpcClientProtocolClient.java:onNext(255)) - client-535162E20057->7049f9e8-7de6-4c8c-bf4c-9bb5512f4299: receive RaftClientReply:client-535162E20057->7049f9e8-7de6-4c8c-bf4c-9bb5512f4299@group-3B5DE3AEDFC2, cid=3216, SUCCESS, logIndex=4865, commits[7049f9e8-7de6-4c8c-bf4c-9bb5512f4299:c4865, 13d9ac51-91bf-4c73-8824-2f58fc5b2747:c4862, 15cd3569-c751-4f18-b157-6804e7d0f08c:c4862]
2019-07-10 06:00:02,966 INFO  client.GrpcClientProtocolClient (GrpcClientProtocolClient.java:onNext(255)) - client-535162E20057->7049f9e8-7de6-4c8c-bf4c-9bb5512f4299: receive RaftClientReply:client-535162E20057->7049f9e8-7de6-4c8c-bf4c-9bb5512f4299@group-3B5DE3AEDFC2, cid=3217, SUCCESS, logIndex=4866, commits[7049f9e8-7de6-4c8c-bf4c-9bb5512f4299:c4866, 13d9ac51-91bf-4c73-8824-2f58fc5b2747:c4862, 15cd3569-c751-4f18-b157-6804e7d0f08c:c4862]
2019-07-10 06:00:02,968 INFO  client.GrpcClientProtocolClient (GrpcClientProtocolClient.java:onNext(255)) - client-535162E20057->7049f9e8-7de6-4c8c-bf4c-9bb5512f4299: receive RaftClientReply:client-535162E20057->7049f9e8-7de6-4c8c-bf4c-9bb5512f4299@group-3B5DE3AEDFC2, cid=3218, SUCCESS, logIndex=0, commits[7049f9e8-7de6-4c8c-bf4c-9bb5512f4299:c4868, 13d9ac51-91bf-4c73-8824-2f58fc5b2747:c4864, 15cd3569-c751-4f18-b157-6804e7d0f08c:c4864]
2019-07-10 06:00:02,981 INFO  client.GrpcClientProtocolClient (GrpcClientProtocolClient.java:onNext(255)) - client-535162E20057->7049f9e8-7de6-4c8c-bf4c-9bb5512f4299: receive RaftClientReply:client-535162E20057->7049f9e8-7de6-4c8c-bf4c-9bb5512f4299@group-3B5DE3AEDFC2, cid=3219, SUCCESS, logIndex=4871, commits[7049f9e8-7de6-4c8c-bf4c-9bb5512f4299:c4872, 13d9ac51-91bf-4c73-8824-2f58fc5b2747:c4866, 15cd3569-c751-4f18-b157-6804e7d0f08c:c4868]
2019-07-10 06:00:02,981 INFO  client.GrpcClientProtocolClient (GrpcClientProtocolClient.java:onNext(255)) - client-535162E20057->7049f9e8-7de6-4c8c-bf4c-9bb5512f4299: receive RaftClientReply:client-535162E20057->7049f9e8-7de6-4c8c-bf4c-9bb5512f4299@group-3B5DE3AEDFC2, cid=3220, SUCCESS, logIndex=4872, commits[7049f9e8-7de6-4c8c-bf4c-9bb5512f4299:c4872, 13d9ac51-91bf-4c73-8824-2f58fc5b2747:c4866, 15cd3569-c751-4f18-b157-6804e7d0f08c:c4868]
2019-07-10 06:00:03,009 INFO  client.GrpcClientProtocolClient (GrpcClientProtocolClient.java:onNext(255)) - client-535162E20057->7049f9e8-7de6-4c8c-bf4c-9bb5512f4299: receive RaftClientReply:client-535162E20057->7049f9e8-7de6-4c8c-bf4c-9bb5512f4299@group-3B5DE3AEDFC2, cid=3221, SUCCESS, logIndex=4875, commits[7049f9e8-7de6-4c8c-bf4c-9bb5512f4299:c4876, 13d9ac51-91bf-4c73-8824-2f58fc5b2747:c4873, 15cd3569-c751-4f18-b157-6804e7d0f08c:c4873]
2019-07-10 06:00:03,009 INFO  client.GrpcClientProtocolClient (GrpcClientProtocolClient.java:onNext(255)) - client-535162E20057->7049f9e8-7de6-4c8c-bf4c-9bb5512f4299: receive RaftClientReply:client-535162E20057->7049f9e8-7de6-4c8c-bf4c-9bb5512f4299@group-3B5DE3AEDFC2, cid=3222, SUCCESS, logIndex=4876, commits[7049f9e8-7de6-4c8c-bf4c-9bb5512f4299:c4876, 13d9ac51-91bf-4c73-8824-2f58fc5b2747:c4873, 15cd3569-c751-4f18-b157-6804e7d0f08c:c4873]
2019-07-10 06:00:03,023 INFO  client.GrpcClientProtocolClient (GrpcClientProtocolClient.java:onNext(255)) - client-535162E20057->7049f9e8-7de6-4c8c-bf4c-9bb5512f4299: receive RaftClientReply:client-535162E20057->7049f9e8-7de6-4c8c-bf4c-9bb5512f4299@group-3B5DE3AEDFC2, cid=3223, SUCCESS, logIndex=0, commits[7049f9e8-7de6-4c8c-bf4c-9bb5512f4299:c4878, 13d9ac51-91bf-4c73-8824-2f58fc5b2747:c4876, 15cd3569-c751-4f18-b157-6804e7d0f08c:c4876]
2019-07-10 06:00:03,055 INFO  client.GrpcClientProtocolClient (GrpcClientProtocolClient.java:onNext(255)) - client-535162E20057->7049f9e8-7de6-4c8c-bf4c-9bb5512f4299: receive RaftClientReply:client-535162E20057->7049f9e8-7de6-4c8c-bf4c-9bb5512f4299@group-3B5DE3AEDFC2, cid=3224, SUCCESS, logIndex=4879, commits[7049f9e8-7de6-4c8c-bf4c-9bb5512f4299:c4880, 13d9ac51-91bf-4c73-8824-2f58fc5b2747:c4878, 15cd3569-c751-4f18-b157-6804e7d0f08c:c4878]
2019-07-10 06:00:03,056 INFO  client.GrpcClientProtocolClient (GrpcClientProtocolClient.java:onNext(255)) - client-535162E20057->7049f9e8-7de6-4c8c-bf4c-9bb5512f4299: receive RaftClientReply:client-535162E20057->7049f9e8-7de6-4c8c-bf4c-9bb5512f4299@group-3B5DE3AEDFC2, cid=3225, SUCCESS, logIndex=4880, commits[7049f9e8-7de6-4c8c-bf4c-9bb5512f4299:c4880, 13d9ac51-91bf-4c73-8824-2f58fc5b2747:c4878, 15cd3569-c751-4f18-b157-6804e7d0f08c:c4878]
2019-07-10 06:00:03,056 INFO  client.GrpcClientProtocolClient (GrpcClientProtocolClient.java:onNext(255)) - client-535162E20057->7049f9e8-7de6-4c8c-bf4c-9bb5512f4299: receive RaftClientReply:client-535162E20057->7049f9e8-7de6-4c8c-bf4c-9bb5512f4299@group-3B5DE3AEDFC2, cid=3226, SUCCESS, logIndex=4881, commits[7049f9e8-7de6-4c8c-bf4c-9bb5512f4299:c4882, 13d9ac51-91bf-4c73-8824-2f58fc5b2747:c4878, 15cd3569-c751-4f18-b157-6804e7d0f08c:c4878]
2019-07-10 06:00:03,056 INFO  client.GrpcClientProtocolClient (GrpcClientProtocolClient.java:onNext(255)) - client-535162E20057->7049f9e8-7de6-4c8c-bf4c-9bb5512f4299: receive RaftClientReply:client-535162E20057->7049f9e8-7de6-4c8c-bf4c-9bb5512f4299@group-3B5DE3AEDFC2, cid=3227, SUCCESS, logIndex=4882, commits[7049f9e8-7de6-4c8c-bf4c-9bb5512f4299:c4882, 13d9ac51-91bf-4c73-8824-2f58fc5b2747:c4878, 15cd3569-c751-4f18-b157-6804e7d0f08c:c4878]
2019-07-10 06:00:03,069 INFO  client.GrpcClientProtocolClient (GrpcClientProtocolClient.java:onNext(255)) - client-535162E20057->7049f9e8-7de6-4c8c-bf4c-9bb5512f4299: receive RaftClientReply:client-535162E20057->7049f9e8-7de6-4c8c-bf4c-9bb5512f4299@group-3B5DE3AEDFC2, cid=3228, SUCCESS, logIndex=0, commits[7049f9e8-7de6-4c8c-bf4c-9bb5512f4299:c4884, 13d9ac51-91bf-4c73-8824-2f58fc5b2747:c4880, 15cd3569-c751-4f18-b157-6804e7d0f08c:c4880]
2019-07-10 06:00:03,089 INFO  client.GrpcClientProtocolClient (GrpcClientProtocolClient.java:onNext(255)) - client-535162E20057->7049f9e8-7de6-4c8c-bf4c-9bb5512f4299: receive RaftClientReply:client-535162E20057->7049f9e8-7de6-4c8c-bf4c-9bb5512f4299@group-3B5DE3AEDFC2, cid=3229, SUCCESS, logIndex=4887, commits[7049f9e8-7de6-4c8c-bf4c-9bb5512f4299:c4888, 13d9ac51-91bf-4c73-8824-2f58fc5b2747:c4886, 15cd3569-c751-4f18-b157-6804e7d0f08c:c4886]
2019-07-10 06:00:03,090 INFO  client.GrpcClientProtocolClient (GrpcClientProtocolClient.java:onNext(255)) - client-535162E20057->7049f9e8-7de6-4c8c-bf4c-9bb5512f4299: receive RaftClientReply:client-535162E20057->7049f9e8-7de6-4c8c-bf4c-9bb5512f4299@group-3B5DE3AEDFC2, cid=3230, SUCCESS, logIndex=4888, commits[7049f9e8-7de6-4c8c-bf4c-9bb5512f4299:c4888, 13d9ac51-91bf-4c73-8824-2f58fc5b2747:c4886, 15cd3569-c751-4f18-b157-6804e7d0f08c:c4886]
2019-07-10 06:00:03,115 INFO  client.GrpcClientProtocolClient (GrpcClientProtocolClient.java:onNext(255)) - client-535162E20057->7049f9e8-7de6-4c8c-bf4c-9bb5512f4299: receive RaftClientReply:client-535162E20057->7049f9e8-7de6-4c8c-bf4c-9bb5512f4299@group-3B5DE3AEDFC2, cid=3231, SUCCESS, logIndex=4891, commits[7049f9e8-7de6-4c8c-bf4c-9bb5512f4299:c4892, 13d9ac51-91bf-4c73-8824-2f58fc5b2747:c4888, 15cd3569-c751-4f18-b157-6804e7d0f08c:c4888]
2019-07-10 06:00:03,115 INFO  client.GrpcClientProtocolClient (GrpcClientProtocolClient.java:onNext(255)) - client-535162E20057->7049f9e8-7de6-4c8c-bf4c-9bb5512f4299: receive RaftClientReply:client-535162E20057->7049f9e8-7de6-4c8c-bf4c-9bb5512f4299@group-3B5DE3AEDFC2, cid=3232, SUCCESS, logIndex=4892, commits[7049f9e8-7de6-4c8c-bf4c-9bb5512f4299:c4892, 13d9ac51-91bf-4c73-8824-2f58fc5b2747:c4888, 15cd3569-c751-4f18-b157-6804e7d0f08c:c4888]
2019-07-10 06:00:03,116 INFO  client.GrpcClientProtocolClient (GrpcClientProtocolClient.java:onNext(255)) - client-535162E20057->7049f9e8-7de6-4c8c-bf4c-9bb5512f4299: receive RaftClientReply:client-535162E20057->7049f9e8-7de6-4c8c-bf4c-9bb5512f4299@group-3B5DE3AEDFC2, cid=3233, SUCCESS, logIndex=0, commits[7049f9e8-7de6-4c8c-bf4c-9bb5512f4299:c4893, 13d9ac51-91bf-4c73-8824-2f58fc5b2747:c4892, 15cd3569-c751-4f18-b157-6804e7d0f08c:c4892]
2019-07-10 06:00:03,144 INFO  client.GrpcClientProtocolClient (GrpcClientProtocolClient.java:onNext(255)) - client-535162E20057->7049f9e8-7de6-4c8c-bf4c-9bb5512f4299: receive RaftClientReply:client-535162E20057->7049f9e8-7de6-4c8c-bf4c-9bb5512f4299@group-3B5DE3AEDFC2, cid=3234, SUCCESS, logIndex=4895, commits[7049f9e8-7de6-4c8c-bf4c-9bb5512f4299:c4896, 13d9ac51-91bf-4c73-8824-2f58fc5b2747:c4894, 15cd3569-c751-4f18-b157-6804e7d0f08c:c4894]
2019-07-10 06:00:03,144 INFO  client.GrpcClientProtocolClient (GrpcClientProtocolClient.java:onNext(255)) - client-535162E20057->7049f9e8-7de6-4c8c-bf4c-9bb5512f4299: receive RaftClientReply:client-535162E20057->7049f9e8-7de6-4c8c-bf4c-9bb5512f4299@group-3B5DE3AEDFC2, cid=3235, SUCCESS, logIndex=4896, commits[7049f9e8-7de6-4c8c-bf4c-9bb5512f4299:c4896, 13d9ac51-91bf-4c73-8824-2f58fc5b2747:c4894, 15cd3569-c751-4f18-b157-6804e7d0f08c:c4894]
2019-07-10 06:00:03,145 INFO  client.GrpcClientProtocolClient (GrpcClientProtocolClient.java:onNext(255)) - client-535162E20057->7049f9e8-7de6-4c8c-bf4c-9bb5512f4299: receive RaftClientReply:client-535162E20057->7049f9e8-7de6-4c8c-bf4c-9bb5512f4299@group-3B5DE3AEDFC2, cid=3236, SUCCESS, logIndex=4897, commits[7049f9e8-7de6-4c8c-bf4c-9bb5512f4299:c4897, 13d9ac51-91bf-4c73-8824-2f58fc5b2747:c4894, 15cd3569-c751-4f18-b157-6804e7d0f08c:c4894]
2019-07-10 06:00:03,145 INFO  client.GrpcClientProtocolClient (GrpcClientProtocolClient.java:onNext(255)) - client-535162E20057->7049f9e8-7de6-4c8c-bf4c-9bb5512f4299: receive RaftClientReply:client-535162E20057->7049f9e8-7de6-4c8c-bf4c-9bb5512f4299@group-3B5DE3AEDFC2, cid=3237, SUCCESS, logIndex=4898, commits[7049f9e8-7de6-4c8c-bf4c-9bb5512f4299:c4898, 13d9ac51-91bf-4c73-8824-2f58fc5b2747:c4894, 15cd3569-c751-4f18-b157-6804e7d0f08c:c4894]
2019-07-10 06:00:03,158 INFO  client.GrpcClientProtocolClient (GrpcClientProtocolClient.java:onNext(255)) - client-535162E20057->7049f9e8-7de6-4c8c-bf4c-9bb5512f4299: receive RaftClientReply:client-535162E20057->7049f9e8-7de6-4c8c-bf4c-9bb5512f4299@group-3B5DE3AEDFC2, cid=3238, SUCCESS, logIndex=0, commits[7049f9e8-7de6-4c8c-bf4c-9bb5512f4299:c4900, 13d9ac51-91bf-4c73-8824-2f58fc5b2747:c4896, 15cd3569-c751-4f18-b157-6804e7d0f08c:c4896]
2019-07-10 06:00:03,178 INFO  client.GrpcClientProtocolClient (GrpcClientProtocolClient.java:onNext(255)) - client-535162E20057->7049f9e8-7de6-4c8c-bf4c-9bb5512f4299: receive RaftClientReply:client-535162E20057->7049f9e8-7de6-4c8c-bf4c-9bb5512f4299@group-3B5DE3AEDFC2, cid=3239, SUCCESS, logIndex=4903, commits[7049f9e8-7de6-4c8c-bf4c-9bb5512f4299:c4904, 13d9ac51-91bf-4c73-8824-2f58fc5b2747:c4902, 15cd3569-c751-4f18-b157-6804e7d0f08c:c4902]
2019-07-10 06:00:03,178 INFO  client.GrpcClientProtocolClient (GrpcClientProtocolClient.java:onNext(255)) - client-535162E20057->7049f9e8-7de6-4c8c-bf4c-9bb5512f4299: receive RaftClientReply:client-535162E20057->7049f9e8-7de6-4c8c-bf4c-9bb5512f4299@group-3B5DE3AEDFC2, cid=3240, SUCCESS, logIndex=4904, commits[7049f9e8-7de6-4c8c-bf4c-9bb5512f4299:c4904, 13d9ac51-91bf-4c73-8824-2f58fc5b2747:c4902, 15cd3569-c751-4f18-b157-6804e7d0f08c:c4902]
2019-07-10 06:00:03,191 INFO  client.GrpcClientProtocolClient (GrpcClientProtocolClient.java:onNext(255)) - client-535162E20057->7049f9e8-7de6-4c8c-bf4c-9bb5512f4299: receive RaftClientReply:client-535162E20057->7049f9e8-7de6-4c8c-bf4c-9bb5512f4299@group-3B5DE3AEDFC2, cid=3241, SUCCESS, logIndex=4907, commits[7049f9e8-7de6-4c8c-bf4c-9bb5512f4299:c4908, 13d9ac51-91bf-4c73-8824-2f58fc5b2747:c4903, 15cd3569-c751-4f18-b157-6804e7d0f08c:c4904]
2019-07-10 06:00:03,192 INFO  client.GrpcClientProtocolClient (GrpcClientProtocolClient.java:onNext(255)) - client-535162E20057->7049f9e8-7de6-4c8c-bf4c-9bb5512f4299: receive RaftClientReply:client-535162E20057->7049f9e8-7de6-4c8c-bf4c-9bb5512f4299@group-3B5DE3AEDFC2, cid=3242, SUCCESS, logIndex=4908, commits[7049f9e8-7de6-4c8c-bf4c-9bb5512f4299:c4908, 13d9ac51-91bf-4c73-8824-2f58fc5b2747:c4904, 15cd3569-c751-4f18-b157-6804e7d0f08c:c4904]
2019-07-10 06:00:03,194 INFO  client.GrpcClientProtocolClient (GrpcClientProtocolClient.java:onNext(255)) - client-535162E20057->7049f9e8-7de6-4c8c-bf4c-9bb5512f4299: receive RaftClientReply:client-535162E20057->7049f9e8-7de6-4c8c-bf4c-9bb5512f4299@group-3B5DE3AEDFC2, cid=3243, SUCCESS, logIndex=0, commits[7049f9e8-7de6-4c8c-bf4c-9bb5512f4299:c4909, 13d9ac51-91bf-4c73-8824-2f58fc5b2747:c4908, 15cd3569-c751-4f18-b157-6804e7d0f08c:c4908]
2019-07-10 06:00:03,220 INFO  client.GrpcClientProtocolClient (GrpcClientProtocolClient.java:onNext(255)) - client-535162E20057->7049f9e8-7de6-4c8c-bf4c-9bb5512f4299: receive RaftClientReply:client-535162E20057->7049f9e8-7de6-4c8c-bf4c-9bb5512f4299@group-3B5DE3AEDFC2, cid=3244, SUCCESS, logIndex=4910, commits[7049f9e8-7de6-4c8c-bf4c-9bb5512f4299:c4911, 13d9ac51-91bf-4c73-8824-2f58fc5b2747:c4909, 15cd3569-c751-4f18-b157-6804e7d0f08c:c4909]
2019-07-10 06:00:03,221 INFO  client.GrpcClientProtocolClient (GrpcClientProtocolClient.java:onNext(255)) - client-535162E20057->7049f9e8-7de6-4c8c-bf4c-9bb5512f4299: receive RaftClientReply:client-535162E20057->7049f9e8-7de6-4c8c-bf4c-9bb5512f4299@group-3B5DE3AEDFC2, cid=3245, SUCCESS, logIndex=4911, commits[7049f9e8-7de6-4c8c-bf4c-9bb5512f4299:c4913, 13d9ac51-91bf-4c73-8824-2f58fc5b2747:c4909, 15cd3569-c751-4f18-b157-6804e7d0f08c:c4909]
2019-07-10 06:00:03,221 INFO  client.GrpcClientProtocolClient (GrpcClientProtocolClient.java:onNext(255)) - client-535162E20057->7049f9e8-7de6-4c8c-bf4c-9bb5512f4299: receive RaftClientReply:client-535162E20057->7049f9e8-7de6-4c8c-bf4c-9bb5512f4299@group-3B5DE3AEDFC2, cid=3246, SUCCESS, logIndex=4912, commits[7049f9e8-7de6-4c8c-bf4c-9bb5512f4299:c4913, 13d9ac51-91bf-4c73-8824-2f58fc5b2747:c4909, 15cd3569-c751-4f18-b157-6804e7d0f08c:c4909]
2019-07-10 06:00:03,221 INFO  client.GrpcClientProtocolClient (GrpcClientProtocolClient.java:onNext(255)) - client-535162E20057->7049f9e8-7de6-4c8c-bf4c-9bb5512f4299: receive RaftClientReply:client-535162E20057->7049f9e8-7de6-4c8c-bf4c-9bb5512f4299@group-3B5DE3AEDFC2, cid=3247, SUCCESS, logIndex=4913, commits[7049f9e8-7de6-4c8c-bf4c-9bb5512f4299:c4913, 13d9ac51-91bf-4c73-8824-2f58fc5b2747:c4909, 15cd3569-c751-4f18-b157-6804e7d0f08c:c4909]
2019-07-10 06:00:03,234 INFO  client.GrpcClientProtocolClient (GrpcClientProtocolClient.java:onNext(255)) - client-535162E20057->7049f9e8-7de6-4c8c-bf4c-9bb5512f4299: receive RaftClientReply:client-535162E20057->7049f9e8-7de6-4c8c-bf4c-9bb5512f4299@group-3B5DE3AEDFC2, cid=3248, SUCCESS, logIndex=0, commits[7049f9e8-7de6-4c8c-bf4c-9bb5512f4299:c4915, 13d9ac51-91bf-4c73-8824-2f58fc5b2747:c4911, 15cd3569-c751-4f18-b157-6804e7d0f08c:c4911]
2019-07-10 06:00:03,253 INFO  client.GrpcClientProtocolClient (GrpcClientProtocolClient.java:onNext(255)) - client-535162E20057->7049f9e8-7de6-4c8c-bf4c-9bb5512f4299: receive RaftClientReply:client-535162E20057->7049f9e8-7de6-4c8c-bf4c-9bb5512f4299@group-3B5DE3AEDFC2, cid=3249, SUCCESS, logIndex=4917, commits[7049f9e8-7de6-4c8c-bf4c-9bb5512f4299:c4917, 13d9ac51-91bf-4c73-8824-2f58fc5b2747:c4916, 15cd3569-c751-4f18-b157-6804e7d0f08c:c4916]
2019-07-10 06:00:03,254 INFO  client.GrpcClientProtocolClient (GrpcClientProtocolClient.java:onNext(255)) - client-535162E20057->7049f9e8-7de6-4c8c-bf4c-9bb5512f4299: receive RaftClientReply:client-535162E20057->7049f9e8-7de6-4c8c-bf4c-9bb5512f4299@group-3B5DE3AEDFC2, cid=3250, SUCCESS, logIndex=4918, commits[7049f9e8-7de6-4c8c-bf4c-9bb5512f4299:c4918, 13d9ac51-91bf-4c73-8824-2f58fc5b2747:c4916, 15cd3569-c751-4f18-b157-6804e7d0f08c:c4916]
2019-07-10 06:00:03,268 INFO  client.GrpcClientProtocolClient (GrpcClientProtocolClient.java:onNext(255)) - client-535162E20057->7049f9e8-7de6-4c8c-bf4c-9bb5512f4299: receive RaftClientReply:client-535162E20057->7049f9e8-7de6-4c8c-bf4c-9bb5512f4299@group-3B5DE3AEDFC2, cid=3251, SUCCESS, logIndex=4921, commits[7049f9e8-7de6-4c8c-bf4c-9bb5512f4299:c4921, 13d9ac51-91bf-4c73-8824-2f58fc5b2747:c4918, 15cd3569-c751-4f18-b157-6804e7d0f08c:c4918]
2019-07-10 06:00:03,268 INFO  client.GrpcClientProtocolClient (GrpcClientProtocolClient.java:onNext(255)) - client-535162E20057->7049f9e8-7de6-4c8c-bf4c-9bb5512f4299: receive RaftClientReply:client-535162E20057->7049f9e8-7de6-4c8c-bf4c-9bb5512f4299@group-3B5DE3AEDFC2, cid=3252, SUCCESS, logIndex=4922, commits[7049f9e8-7de6-4c8c-bf4c-9bb5512f4299:c4922, 13d9ac51-91bf-4c73-8824-2f58fc5b2747:c4918, 15cd3569-c751-4f18-b157-6804e7d0f08c:c4918]
2019-07-10 06:00:03,296 INFO  client.GrpcClientProtocolClient (GrpcClientProtocolClient.java:onNext(255)) - client-535162E20057->7049f9e8-7de6-4c8c-bf4c-9bb5512f4299: receive RaftClientReply:client-535162E20057->7049f9e8-7de6-4c8c-bf4c-9bb5512f4299@group-3B5DE3AEDFC2, cid=3253, SUCCESS, logIndex=0, commits[7049f9e8-7de6-4c8c-bf4c-9bb5512f4299:c4924, 13d9ac51-91bf-4c73-8824-2f58fc5b2747:c4922, 15cd3569-c751-4f18-b157-6804e7d0f08c:c4922]
2019-07-10 06:00:03,326 INFO  client.GrpcClientProtocolClient (GrpcClientProtocolClient.java:onNext(255)) - client-535162E20057->7049f9e8-7de6-4c8c-bf4c-9bb5512f4299: receive RaftClientReply:client-535162E20057->7049f9e8-7de6-4c8c-bf4c-9bb5512f4299@group-3B5DE3AEDFC2, cid=3254, SUCCESS, logIndex=4925, commits[7049f9e8-7de6-4c8c-bf4c-9bb5512f4299:c4926, 13d9ac51-91bf-4c73-8824-2f58fc5b2747:c4924, 15cd3569-c751-4f18-b157-6804e7d0f08c:c4924]
2019-07-10 06:00:03,326 INFO  client.GrpcClientProtocolClient (GrpcClientProtocolClient.java:onNext(255)) - client-535162E20057->7049f9e8-7de6-4c8c-bf4c-9bb5512f4299: receive RaftClientReply:client-535162E20057->7049f9e8-7de6-4c8c-bf4c-9bb5512f4299@group-3B5DE3AEDFC2, cid=3255, SUCCESS, logIndex=4926, commits[7049f9e8-7de6-4c8c-bf4c-9bb5512f4299:c4926, 13d9ac51-91bf-4c73-8824-2f58fc5b2747:c4924, 15cd3569-c751-4f18-b157-6804e7d0f08c:c4924]
2019-07-10 06:00:03,327 INFO  client.GrpcClientProtocolClient (GrpcClientProtocolClient.java:onNext(255)) - client-535162E20057->7049f9e8-7de6-4c8c-bf4c-9bb5512f4299: receive RaftClientReply:client-535162E20057->7049f9e8-7de6-4c8c-bf4c-9bb5512f4299@group-3B5DE3AEDFC2, cid=3256, SUCCESS, logIndex=4927, commits[7049f9e8-7de6-4c8c-bf4c-9bb5512f4299:c4928, 13d9ac51-91bf-4c73-8824-2f58fc5b2747:c4924, 15cd3569-c751-4f18-b157-6804e7d0f08c:c4924]
2019-07-10 06:00:03,327 INFO  client.GrpcClientProtocolClient (GrpcClientProtocolClient.java:onNext(255)) - client-535162E20057->7049f9e8-7de6-4c8c-bf4c-9bb5512f4299: receive RaftClientReply:client-535162E20057->7049f9e8-7de6-4c8c-bf4c-9bb5512f4299@group-3B5DE3AEDFC2, cid=3257, SUCCESS, logIndex=4928, commits[7049f9e8-7de6-4c8c-bf4c-9bb5512f4299:c4928, 13d9ac51-91bf-4c73-8824-2f58fc5b2747:c4924, 15cd3569-c751-4f18-b157-6804e7d0f08c:c4924]
2019-07-10 06:00:03,330 INFO  client.GrpcClientProtocolClient (GrpcClientProtocolClient.java:onNext(255)) - client-535162E20057->7049f9e8-7de6-4c8c-bf4c-9bb5512f4299: receive RaftClientReply:client-535162E20057->7049f9e8-7de6-4c8c-bf4c-9bb5512f4299@group-3B5DE3AEDFC2, cid=3258, SUCCESS, logIndex=0, commits[7049f9e8-7de6-4c8c-bf4c-9bb5512f4299:c4930, 13d9ac51-91bf-4c73-8824-2f58fc5b2747:c4926, 15cd3569-c751-4f18-b157-6804e7d0f08c:c4926]
2019-07-10 06:00:03,464 INFO  client.GrpcClientProtocolClient (GrpcClientProtocolClient.java:onNext(255)) - client-535162E20057->7049f9e8-7de6-4c8c-bf4c-9bb5512f4299: receive RaftClientReply:client-535162E20057->7049f9e8-7de6-4c8c-bf4c-9bb5512f4299@group-3B5DE3AEDFC2, cid=3259, SUCCESS, logIndex=4933, commits[7049f9e8-7de6-4c8c-bf4c-9bb5512f4299:c4934, 13d9ac51-91bf-4c73-8824-2f58fc5b2747:c4932, 15cd3569-c751-4f18-b157-6804e7d0f08c:c4932]
2019-07-10 06:00:03,464 INFO  client.GrpcClientProtocolClient (GrpcClientProtocolClient.java:onNext(255)) - client-535162E20057->7049f9e8-7de6-4c8c-bf4c-9bb5512f4299: receive RaftClientReply:client-535162E20057->7049f9e8-7de6-4c8c-bf4c-9bb5512f4299@group-3B5DE3AEDFC2, cid=3260, SUCCESS, logIndex=4934, commits[7049f9e8-7de6-4c8c-bf4c-9bb5512f4299:c4934, 13d9ac51-91bf-4c73-8824-2f58fc5b2747:c4932, 15cd3569-c751-4f18-b157-6804e7d0f08c:c4932]
2019-07-10 06:00:03,478 INFO  client.GrpcClientProtocolClient (GrpcClientProtocolClient.java:onNext(255)) - client-535162E20057->7049f9e8-7de6-4c8c-bf4c-9bb5512f4299: receive RaftClientReply:client-535162E20057->7049f9e8-7de6-4c8c-bf4c-9bb5512f4299@group-3B5DE3AEDFC2, cid=3261, SUCCESS, logIndex=4937, commits[7049f9e8-7de6-4c8c-bf4c-9bb5512f4299:c4938, 13d9ac51-91bf-4c73-8824-2f58fc5b2747:c4934, 15cd3569-c751-4f18-b157-6804e7d0f08c:c4934]
2019-07-10 06:00:03,478 INFO  client.GrpcClientProtocolClient (GrpcClientProtocolClient.java:onNext(255)) - client-535162E20057->7049f9e8-7de6-4c8c-bf4c-9bb5512f4299: receive RaftClientReply:client-535162E20057->7049f9e8-7de6-4c8c-bf4c-9bb5512f4299@group-3B5DE3AEDFC2, cid=3262, SUCCESS, logIndex=4938, commits[7049f9e8-7de6-4c8c-bf4c-9bb5512f4299:c4938, 13d9ac51-91bf-4c73-8824-2f58fc5b2747:c4934, 15cd3569-c751-4f18-b157-6804e7d0f08c:c4934]
2019-07-10 06:00:03,492 INFO  client.GrpcClientProtocolClient (GrpcClientProtocolClient.java:onNext(255)) - client-535162E20057->7049f9e8-7de6-4c8c-bf4c-9bb5512f4299: receive RaftClientReply:client-535162E20057->7049f9e8-7de6-4c8c-bf4c-9bb5512f4299@group-3B5DE3AEDFC2, cid=3263, SUCCESS, logIndex=0, commits[7049f9e8-7de6-4c8c-bf4c-9bb5512f4299:c4940, 13d9ac51-91bf-4c73-8824-2f58fc5b2747:c4938, 15cd3569-c751-4f18-b157-6804e7d0f08c:c4938]
2019-07-10 06:00:03,528 INFO  client.GrpcClientProtocolClient (GrpcClientProtocolClient.java:onNext(255)) - client-535162E20057->7049f9e8-7de6-4c8c-bf4c-9bb5512f4299: receive RaftClientReply:client-535162E20057->7049f9e8-7de6-4c8c-bf4c-9bb5512f4299@group-3B5DE3AEDFC2, cid=3264, SUCCESS, logIndex=4941, commits[7049f9e8-7de6-4c8c-bf4c-9bb5512f4299:c4941, 13d9ac51-91bf-4c73-8824-2f58fc5b2747:c4940, 15cd3569-c751-4f18-b157-6804e7d0f08c:c4940]
2019-07-10 06:00:03,529 INFO  client.GrpcClientProtocolClient (GrpcClientProtocolClient.java:onNext(255)) - client-535162E20057->7049f9e8-7de6-4c8c-bf4c-9bb5512f4299: receive RaftClientReply:client-535162E20057->7049f9e8-7de6-4c8c-bf4c-9bb5512f4299@group-3B5DE3AEDFC2, cid=3265, SUCCESS, logIndex=4942, commits[7049f9e8-7de6-4c8c-bf4c-9bb5512f4299:c4942, 13d9ac51-91bf-4c73-8824-2f58fc5b2747:c4940, 15cd3569-c751-4f18-b157-6804e7d0f08c:c4940]
2019-07-10 06:00:03,539 INFO  client.GrpcClientProtocolClient (GrpcClientProtocolClient.java:onNext(255)) - client-535162E20057->7049f9e8-7de6-4c8c-bf4c-9bb5512f4299: receive RaftClientReply:client-535162E20057->7049f9e8-7de6-4c8c-bf4c-9bb5512f4299@group-3B5DE3AEDFC2, cid=3266, SUCCESS, logIndex=4943, commits[7049f9e8-7de6-4c8c-bf4c-9bb5512f4299:c4943, 13d9ac51-91bf-4c73-8824-2f58fc5b2747:c4940, 15cd3569-c751-4f18-b157-6804e7d0f08c:c4940]
2019-07-10 06:00:03,539 INFO  client.GrpcClientProtocolClient (GrpcClientProtocolClient.java:onNext(255)) - client-535162E20057->7049f9e8-7de6-4c8c-bf4c-9bb5512f4299: receive RaftClientReply:client-535162E20057->7049f9e8-7de6-4c8c-bf4c-9bb5512f4299@group-3B5DE3AEDFC2, cid=3267, SUCCESS, logIndex=4944, commits[7049f9e8-7de6-4c8c-bf4c-9bb5512f4299:c4944, 13d9ac51-91bf-4c73-8824-2f58fc5b2747:c4940, 15cd3569-c751-4f18-b157-6804e7d0f08c:c4940]
2019-07-10 06:00:03,551 INFO  client.GrpcClientProtocolClient (GrpcClientProtocolClient.java:onNext(255)) - client-535162E20057->7049f9e8-7de6-4c8c-bf4c-9bb5512f4299: receive RaftClientReply:client-535162E20057->7049f9e8-7de6-4c8c-bf4c-9bb5512f4299@group-3B5DE3AEDFC2, cid=3268, SUCCESS, logIndex=0, commits[7049f9e8-7de6-4c8c-bf4c-9bb5512f4299:c4946, 13d9ac51-91bf-4c73-8824-2f58fc5b2747:c4942, 15cd3569-c751-4f18-b157-6804e7d0f08c:c4942]
 0.00% |█                                                                                                    |  0/1 Time: 0:00:282019-07-10 06:00:03,573 INFO  client.GrpcClientProtocolClient (GrpcClientProtocolClient.java:onNext(255)) - client-535162E20057->7049f9e8-7de6-4c8c-bf4c-9bb5512f4299: receive RaftClientReply:client-535162E20057->7049f9e8-7de6-4c8c-bf4c-9bb5512f4299@group-3B5DE3AEDFC2, cid=3269, SUCCESS, logIndex=4949, commits[7049f9e8-7de6-4c8c-bf4c-9bb5512f4299:c4950, 13d9ac51-91bf-4c73-8824-2f58fc5b2747:c4948, 15cd3569-c751-4f18-b157-6804e7d0f08c:c4948]
2019-07-10 06:00:03,573 INFO  client.GrpcClientProtocolClient (GrpcClientProtocolClient.java:onNext(255)) - client-535162E20057->7049f9e8-7de6-4c8c-bf4c-9bb5512f4299: receive RaftClientReply:client-535162E20057->7049f9e8-7de6-4c8c-bf4c-9bb5512f4299@group-3B5DE3AEDFC2, cid=3270, SUCCESS, logIndex=4950, commits[7049f9e8-7de6-4c8c-bf4c-9bb5512f4299:c4950, 13d9ac51-91bf-4c73-8824-2f58fc5b2747:c4948, 15cd3569-c751-4f18-b157-6804e7d0f08c:c4948]
2019-07-10 06:00:03,598 INFO  client.GrpcClientProtocolClient (GrpcClientProtocolClient.java:onNext(255)) - client-535162E20057->7049f9e8-7de6-4c8c-bf4c-9bb5512f4299: receive RaftClientReply:client-535162E20057->7049f9e8-7de6-4c8c-bf4c-9bb5512f4299@group-3B5DE3AEDFC2, cid=3271, SUCCESS, logIndex=4953, commits[7049f9e8-7de6-4c8c-bf4c-9bb5512f4299:c4953, 13d9ac51-91bf-4c73-8824-2f58fc5b2747:c4950, 15cd3569-c751-4f18-b157-6804e7d0f08c:c4950]
2019-07-10 06:00:03,599 INFO  client.GrpcClientProtocolClient (GrpcClientProtocolClient.java:onNext(255)) - client-535162E20057->7049f9e8-7de6-4c8c-bf4c-9bb5512f4299: receive RaftClientReply:client-535162E20057->7049f9e8-7de6-4c8c-bf4c-9bb5512f4299@group-3B5DE3AEDFC2, cid=3272, SUCCESS, logIndex=4954, commits[7049f9e8-7de6-4c8c-bf4c-9bb5512f4299:c4954, 13d9ac51-91bf-4c73-8824-2f58fc5b2747:c4950, 15cd3569-c751-4f18-b157-6804e7d0f08c:c4950]
2019-07-10 06:00:03,615 INFO  client.GrpcClientProtocolClient (GrpcClientProtocolClient.java:onNext(255)) - client-535162E20057->7049f9e8-7de6-4c8c-bf4c-9bb5512f4299: receive RaftClientReply:client-535162E20057->7049f9e8-7de6-4c8c-bf4c-9bb5512f4299@group-3B5DE3AEDFC2, cid=3273, SUCCESS, logIndex=0, commits[7049f9e8-7de6-4c8c-bf4c-9bb5512f4299:c4956, 13d9ac51-91bf-4c73-8824-2f58fc5b2747:c4954, 15cd3569-c751-4f18-b157-6804e7d0f08c:c4954]
2019-07-10 06:00:03,637 INFO  client.GrpcClientProtocolClient (GrpcClientProtocolClient.java:onNext(255)) - client-535162E20057->7049f9e8-7de6-4c8c-bf4c-9bb5512f4299: receive RaftClientReply:client-535162E20057->7049f9e8-7de6-4c8c-bf4c-9bb5512f4299@group-3B5DE3AEDFC2, cid=3274, SUCCESS, logIndex=4957, commits[7049f9e8-7de6-4c8c-bf4c-9bb5512f4299:c4958, 13d9ac51-91bf-4c73-8824-2f58fc5b2747:c4956, 15cd3569-c751-4f18-b157-6804e7d0f08c:c4956]
2019-07-10 06:00:03,637 INFO  client.GrpcClientProtocolClient (GrpcClientProtocolClient.java:onNext(255)) - client-535162E20057->7049f9e8-7de6-4c8c-bf4c-9bb5512f4299: receive RaftClientReply:client-535162E20057->7049f9e8-7de6-4c8c-bf4c-9bb5512f4299@group-3B5DE3AEDFC2, cid=3275, SUCCESS, logIndex=4958, commits[7049f9e8-7de6-4c8c-bf4c-9bb5512f4299:c4958, 13d9ac51-91bf-4c73-8824-2f58fc5b2747:c4956, 15cd3569-c751-4f18-b157-6804e7d0f08c:c4956]
2019-07-10 06:00:03,638 INFO  client.GrpcClientProtocolClient (GrpcClientProtocolClient.java:onNext(255)) - client-535162E20057->7049f9e8-7de6-4c8c-bf4c-9bb5512f4299: receive RaftClientReply:client-535162E20057->7049f9e8-7de6-4c8c-bf4c-9bb5512f4299@group-3B5DE3AEDFC2, cid=3276, SUCCESS, logIndex=4959, commits[7049f9e8-7de6-4c8c-bf4c-9bb5512f4299:c4960, 13d9ac51-91bf-4c73-8824-2f58fc5b2747:c4956, 15cd3569-c751-4f18-b157-6804e7d0f08c:c4956]
2019-07-10 06:00:03,638 INFO  client.GrpcClientProtocolClient (GrpcClientProtocolClient.java:onNext(255)) - client-535162E20057->7049f9e8-7de6-4c8c-bf4c-9bb5512f4299: receive RaftClientReply:client-535162E20057->7049f9e8-7de6-4c8c-bf4c-9bb5512f4299@group-3B5DE3AEDFC2, cid=3277, SUCCESS, logIndex=4960, commits[7049f9e8-7de6-4c8c-bf4c-9bb5512f4299:c4960, 13d9ac51-91bf-4c73-8824-2f58fc5b2747:c4956, 15cd3569-c751-4f18-b157-6804e7d0f08c:c4956]
2019-07-10 06:00:03,641 INFO  client.GrpcClientProtocolClient (GrpcClientProtocolClient.java:onNext(255)) - client-535162E20057->7049f9e8-7de6-4c8c-bf4c-9bb5512f4299: receive RaftClientReply:client-535162E20057->7049f9e8-7de6-4c8c-bf4c-9bb5512f4299@group-3B5DE3AEDFC2, cid=3278, SUCCESS, logIndex=0, commits[7049f9e8-7de6-4c8c-bf4c-9bb5512f4299:c4962, 13d9ac51-91bf-4c73-8824-2f58fc5b2747:c4958, 15cd3569-c751-4f18-b157-6804e7d0f08c:c4958]
2019-07-10 06:00:03,652 INFO  client.GrpcClientProtocolClient (GrpcClientProtocolClient.java:onNext(255)) - client-535162E20057->7049f9e8-7de6-4c8c-bf4c-9bb5512f4299: receive RaftClientReply:client-535162E20057->7049f9e8-7de6-4c8c-bf4c-9bb5512f4299@group-3B5DE3AEDFC2, cid=3279, SUCCESS, logIndex=4965, commits[7049f9e8-7de6-4c8c-bf4c-9bb5512f4299:c4966, 13d9ac51-91bf-4c73-8824-2f58fc5b2747:c4960, 15cd3569-c751-4f18-b157-6804e7d0f08c:c4964]
2019-07-10 06:00:03,652 INFO  client.GrpcClientProtocolClient (GrpcClientProtocolClient.java:onNext(255)) - client-535162E20057->7049f9e8-7de6-4c8c-bf4c-9bb5512f4299: receive RaftClientReply:client-535162E20057->7049f9e8-7de6-4c8c-bf4c-9bb5512f4299@group-3B5DE3AEDFC2, cid=3280, SUCCESS, logIndex=4966, commits[7049f9e8-7de6-4c8c-bf4c-9bb5512f4299:c4966, 13d9ac51-91bf-4c73-8824-2f58fc5b2747:c4960, 15cd3569-c751-4f18-b157-6804e7d0f08c:c4964]
2019-07-10 06:00:03,663 INFO  client.GrpcClientProtocolClient (GrpcClientProtocolClient.java:onNext(255)) - client-535162E20057->7049f9e8-7de6-4c8c-bf4c-9bb5512f4299: receive RaftClientReply:client-535162E20057->7049f9e8-7de6-4c8c-bf4c-9bb5512f4299@group-3B5DE3AEDFC2, cid=3281, SUCCESS, logIndex=4969, commits[7049f9e8-7de6-4c8c-bf4c-9bb5512f4299:c4970, 13d9ac51-91bf-4c73-8824-2f58fc5b2747:c4966, 15cd3569-c751-4f18-b157-6804e7d0f08c:c4968]
2019-07-10 06:00:03,664 INFO  client.GrpcClientProtocolClient (GrpcClientProtocolClient.java:onNext(255)) - client-535162E20057->7049f9e8-7de6-4c8c-bf4c-9bb5512f4299: receive RaftClientReply:client-535162E20057->7049f9e8-7de6-4c8c-bf4c-9bb5512f4299@group-3B5DE3AEDFC2, cid=3282, SUCCESS, logIndex=4970, commits[7049f9e8-7de6-4c8c-bf4c-9bb5512f4299:c4970, 13d9ac51-91bf-4c73-8824-2f58fc5b2747:c4968, 15cd3569-c751-4f18-b157-6804e7d0f08c:c4968]
2019-07-10 06:00:03,667 INFO  client.GrpcClientProtocolClient (GrpcClientProtocolClient.java:onNext(255)) - client-535162E20057->7049f9e8-7de6-4c8c-bf4c-9bb5512f4299: receive RaftClientReply:client-535162E20057->7049f9e8-7de6-4c8c-bf4c-9bb5512f4299@group-3B5DE3AEDFC2, cid=3283, SUCCESS, logIndex=0, commits[7049f9e8-7de6-4c8c-bf4c-9bb5512f4299:c4972, 13d9ac51-91bf-4c73-8824-2f58fc5b2747:c4970, 15cd3569-c751-4f18-b157-6804e7d0f08c:c4970]
2019-07-10 06:00:03,700 INFO  client.GrpcClientProtocolClient (GrpcClientProtocolClient.java:onNext(255)) - client-535162E20057->7049f9e8-7de6-4c8c-bf4c-9bb5512f4299: receive RaftClientReply:client-535162E20057->7049f9e8-7de6-4c8c-bf4c-9bb5512f4299@group-3B5DE3AEDFC2, cid=3284, SUCCESS, logIndex=4973, commits[7049f9e8-7de6-4c8c-bf4c-9bb5512f4299:c4974, 13d9ac51-91bf-4c73-8824-2f58fc5b2747:c4972, 15cd3569-c751-4f18-b157-6804e7d0f08c:c4972]
2019-07-10 06:00:03,701 INFO  client.GrpcClientProtocolClient (GrpcClientProtocolClient.java:onNext(255)) - client-535162E20057->7049f9e8-7de6-4c8c-bf4c-9bb5512f4299: receive RaftClientReply:client-535162E20057->7049f9e8-7de6-4c8c-bf4c-9bb5512f4299@group-3B5DE3AEDFC2, cid=3285, SUCCESS, logIndex=4974, commits[7049f9e8-7de6-4c8c-bf4c-9bb5512f4299:c4974, 13d9ac51-91bf-4c73-8824-2f58fc5b2747:c4972, 15cd3569-c751-4f18-b157-6804e7d0f08c:c4972]
2019-07-10 06:00:03,701 INFO  client.GrpcClientProtocolClient (GrpcClientProtocolClient.java:onNext(255)) - client-535162E20057->7049f9e8-7de6-4c8c-bf4c-9bb5512f4299: receive RaftClientReply:client-535162E20057->7049f9e8-7de6-4c8c-bf4c-9bb5512f4299@group-3B5DE3AEDFC2, cid=3286, SUCCESS, logIndex=4975, commits[7049f9e8-7de6-4c8c-bf4c-9bb5512f4299:c4975, 13d9ac51-91bf-4c73-8824-2f58fc5b2747:c4972, 15cd3569-c751-4f18-b157-6804e7d0f08c:c4972]
2019-07-10 06:00:03,701 INFO  client.GrpcClientProtocolClient (GrpcClientProtocolClient.java:onNext(255)) - client-535162E20057->7049f9e8-7de6-4c8c-bf4c-9bb5512f4299: receive RaftClientReply:client-535162E20057->7049f9e8-7de6-4c8c-bf4c-9bb5512f4299@group-3B5DE3AEDFC2, cid=3287, SUCCESS, logIndex=4976, commits[7049f9e8-7de6-4c8c-bf4c-9bb5512f4299:c4976, 13d9ac51-91bf-4c73-8824-2f58fc5b2747:c4972, 15cd3569-c751-4f18-b157-6804e7d0f08c:c4972]
2019-07-10 06:00:03,704 INFO  client.GrpcClientProtocolClient (GrpcClientProtocolClient.java:onNext(255)) - client-535162E20057->7049f9e8-7de6-4c8c-bf4c-9bb5512f4299: receive RaftClientReply:client-535162E20057->7049f9e8-7de6-4c8c-bf4c-9bb5512f4299@group-3B5DE3AEDFC2, cid=3288, SUCCESS, logIndex=0, commits[7049f9e8-7de6-4c8c-bf4c-9bb5512f4299:c4977, 13d9ac51-91bf-4c73-8824-2f58fc5b2747:c4974, 15cd3569-c751-4f18-b157-6804e7d0f08c:c4974]
2019-07-10 06:00:03,717 INFO  client.GrpcClientProtocolClient (GrpcClientProtocolClient.java:onNext(255)) - client-535162E20057->7049f9e8-7de6-4c8c-bf4c-9bb5512f4299: receive RaftClientReply:client-535162E20057->7049f9e8-7de6-4c8c-bf4c-9bb5512f4299@group-3B5DE3AEDFC2, cid=3289, SUCCESS, logIndex=4981, commits[7049f9e8-7de6-4c8c-bf4c-9bb5512f4299:c4982, 13d9ac51-91bf-4c73-8824-2f58fc5b2747:c4977, 15cd3569-c751-4f18-b157-6804e7d0f08c:c4976]
2019-07-10 06:00:03,717 INFO  client.GrpcClientProtocolClient (GrpcClientProtocolClient.java:onNext(255)) - client-535162E20057->7049f9e8-7de6-4c8c-bf4c-9bb5512f4299: receive RaftClientReply:client-535162E20057->7049f9e8-7de6-4c8c-bf4c-9bb5512f4299@group-3B5DE3AEDFC2, cid=3290, SUCCESS, logIndex=4982, commits[7049f9e8-7de6-4c8c-bf4c-9bb5512f4299:c4982, 13d9ac51-91bf-4c73-8824-2f58fc5b2747:c4977, 15cd3569-c751-4f18-b157-6804e7d0f08c:c4976]
2019-07-10 06:00:03,736 INFO  client.GrpcClientProtocolClient (GrpcClientProtocolClient.java:onNext(255)) - client-535162E20057->7049f9e8-7de6-4c8c-bf4c-9bb5512f4299: receive RaftClientReply:client-535162E20057->7049f9e8-7de6-4c8c-bf4c-9bb5512f4299@group-3B5DE3AEDFC2, cid=3291, SUCCESS, logIndex=4985, commits[7049f9e8-7de6-4c8c-bf4c-9bb5512f4299:c4985, 13d9ac51-91bf-4c73-8824-2f58fc5b2747:c4984, 15cd3569-c751-4f18-b157-6804e7d0f08c:c4984]
2019-07-10 06:00:03,736 INFO  client.GrpcClientProtocolClient (GrpcClientProtocolClient.java:onNext(255)) - client-535162E20057->7049f9e8-7de6-4c8c-bf4c-9bb5512f4299: receive RaftClientReply:client-535162E20057->7049f9e8-7de6-4c8c-bf4c-9bb5512f4299@group-3B5DE3AEDFC2, cid=3292, SUCCESS, logIndex=4986, commits[7049f9e8-7de6-4c8c-bf4c-9bb5512f4299:c4986, 13d9ac51-91bf-4c73-8824-2f58fc5b2747:c4984, 15cd3569-c751-4f18-b157-6804e7d0f08c:c4984]
2019-07-10 06:00:03,750 INFO  client.GrpcClientProtocolClient (GrpcClientProtocolClient.java:onNext(255)) - client-535162E20057->7049f9e8-7de6-4c8c-bf4c-9bb5512f4299: receive RaftClientReply:client-535162E20057->7049f9e8-7de6-4c8c-bf4c-9bb5512f4299@group-3B5DE3AEDFC2, cid=3293, SUCCESS, logIndex=0, commits[7049f9e8-7de6-4c8c-bf4c-9bb5512f4299:c4988, 13d9ac51-91bf-4c73-8824-2f58fc5b2747:c4986, 15cd3569-c751-4f18-b157-6804e7d0f08c:c4986]
2019-07-10 06:00:03,781 INFO  client.GrpcClientProtocolClient (GrpcClientProtocolClient.java:onNext(255)) - client-535162E20057->7049f9e8-7de6-4c8c-bf4c-9bb5512f4299: receive RaftClientReply:client-535162E20057->7049f9e8-7de6-4c8c-bf4c-9bb5512f4299@group-3B5DE3AEDFC2, cid=3294, SUCCESS, logIndex=4989, commits[7049f9e8-7de6-4c8c-bf4c-9bb5512f4299:c4991, 13d9ac51-91bf-4c73-8824-2f58fc5b2747:c4988, 15cd3569-c751-4f18-b157-6804e7d0f08c:c4988]
2019-07-10 06:00:03,782 INFO  client.GrpcClientProtocolClient (GrpcClientProtocolClient.java:onNext(255)) - client-535162E20057->7049f9e8-7de6-4c8c-bf4c-9bb5512f4299: receive RaftClientReply:client-535162E20057->7049f9e8-7de6-4c8c-bf4c-9bb5512f4299@group-3B5DE3AEDFC2, cid=3295, SUCCESS, logIndex=4990, commits[7049f9e8-7de6-4c8c-bf4c-9bb5512f4299:c4992, 13d9ac51-91bf-4c73-8824-2f58fc5b2747:c4988, 15cd3569-c751-4f18-b157-6804e7d0f08c:c4988]
2019-07-10 06:00:03,782 INFO  client.GrpcClientProtocolClient (GrpcClientProtocolClient.java:onNext(255)) - client-535162E20057->7049f9e8-7de6-4c8c-bf4c-9bb5512f4299: receive RaftClientReply:client-535162E20057->7049f9e8-7de6-4c8c-bf4c-9bb5512f4299@group-3B5DE3AEDFC2, cid=3296, SUCCESS, logIndex=4991, commits[7049f9e8-7de6-4c8c-bf4c-9bb5512f4299:c4992, 13d9ac51-91bf-4c73-8824-2f58fc5b2747:c4988, 15cd3569-c751-4f18-b157-6804e7d0f08c:c4988]
2019-07-10 06:00:03,783 INFO  client.GrpcClientProtocolClient (GrpcClientProtocolClient.java:onNext(255)) - client-535162E20057->7049f9e8-7de6-4c8c-bf4c-9bb5512f4299: receive RaftClientReply:client-535162E20057->7049f9e8-7de6-4c8c-bf4c-9bb5512f4299@group-3B5DE3AEDFC2, cid=3297, SUCCESS, logIndex=4992, commits[7049f9e8-7de6-4c8c-bf4c-9bb5512f4299:c4993, 13d9ac51-91bf-4c73-8824-2f58fc5b2747:c4989, 15cd3569-c751-4f18-b157-6804e7d0f08c:c4989]
2019-07-10 06:00:03,784 INFO  client.GrpcClientProtocolClient (GrpcClientProtocolClient.java:onNext(255)) - client-535162E20057->7049f9e8-7de6-4c8c-bf4c-9bb5512f4299: receive RaftClientReply:client-535162E20057->7049f9e8-7de6-4c8c-bf4c-9bb5512f4299@group-3B5DE3AEDFC2, cid=3298, SUCCESS, logIndex=0, commits[7049f9e8-7de6-4c8c-bf4c-9bb5512f4299:c4994, 13d9ac51-91bf-4c73-8824-2f58fc5b2747:c4990, 15cd3569-c751-4f18-b157-6804e7d0f08c:c4990]
2019-07-10 06:00:03,796 INFO  client.GrpcClientProtocolClient (GrpcClientProtocolClient.java:onNext(255)) - client-535162E20057->7049f9e8-7de6-4c8c-bf4c-9bb5512f4299: receive RaftClientReply:client-535162E20057->7049f9e8-7de6-4c8c-bf4c-9bb5512f4299@group-3B5DE3AEDFC2, cid=3299, SUCCESS, logIndex=4997, commits[7049f9e8-7de6-4c8c-bf4c-9bb5512f4299:c4998, 13d9ac51-91bf-4c73-8824-2f58fc5b2747:c4992, 15cd3569-c751-4f18-b157-6804e7d0f08c:c4996]
2019-07-10 06:00:03,796 INFO  client.GrpcClientProtocolClient (GrpcClientProtocolClient.java:onNext(255)) - client-535162E20057->7049f9e8-7de6-4c8c-bf4c-9bb5512f4299: receive RaftClientReply:client-535162E20057->7049f9e8-7de6-4c8c-bf4c-9bb5512f4299@group-3B5DE3AEDFC2, cid=3300, SUCCESS, logIndex=4998, commits[7049f9e8-7de6-4c8c-bf4c-9bb5512f4299:c4998, 13d9ac51-91bf-4c73-8824-2f58fc5b2747:c4992, 15cd3569-c751-4f18-b157-6804e7d0f08c:c4996]
2019-07-10 06:00:03,811 INFO  client.GrpcClientProtocolClient (GrpcClientProtocolClient.java:onNext(255)) - client-535162E20057->7049f9e8-7de6-4c8c-bf4c-9bb5512f4299: receive RaftClientReply:client-535162E20057->7049f9e8-7de6-4c8c-bf4c-9bb5512f4299@group-3B5DE3AEDFC2, cid=3301, SUCCESS, logIndex=5001, commits[7049f9e8-7de6-4c8c-bf4c-9bb5512f4299:c5002, 13d9ac51-91bf-4c73-8824-2f58fc5b2747:c5000, 15cd3569-c751-4f18-b157-6804e7d0f08c:c4998]
2019-07-10 06:00:03,812 INFO  client.GrpcClientProtocolClient (GrpcClientProtocolClient.java:onNext(255)) - client-535162E20057->7049f9e8-7de6-4c8c-bf4c-9bb5512f4299: receive RaftClientReply:client-535162E20057->7049f9e8-7de6-4c8c-bf4c-9bb5512f4299@group-3B5DE3AEDFC2, cid=3302, SUCCESS, logIndex=5002, commits[7049f9e8-7de6-4c8c-bf4c-9bb5512f4299:c5002, 13d9ac51-91bf-4c73-8824-2f58fc5b2747:c5000, 15cd3569-c751-4f18-b157-6804e7d0f08c:c5000]
2019-07-10 06:00:03,814 INFO  client.GrpcClientProtocolClient (GrpcClientProtocolClient.java:onNext(255)) - client-535162E20057->7049f9e8-7de6-4c8c-bf4c-9bb5512f4299: receive RaftClientReply:client-535162E20057->7049f9e8-7de6-4c8c-bf4c-9bb5512f4299@group-3B5DE3AEDFC2, cid=3303, SUCCESS, logIndex=0, commits[7049f9e8-7de6-4c8c-bf4c-9bb5512f4299:c5002, 13d9ac51-91bf-4c73-8824-2f58fc5b2747:c5002, 15cd3569-c751-4f18-b157-6804e7d0f08c:c5002]
2019-07-10 06:00:03,845 INFO  client.GrpcClientProtocolClient (GrpcClientProtocolClient.java:onNext(255)) - client-535162E20057->7049f9e8-7de6-4c8c-bf4c-9bb5512f4299: receive RaftClientReply:client-535162E20057->7049f9e8-7de6-4c8c-bf4c-9bb5512f4299@group-3B5DE3AEDFC2, cid=3304, SUCCESS, logIndex=5004, commits[7049f9e8-7de6-4c8c-bf4c-9bb5512f4299:c5005, 13d9ac51-91bf-4c73-8824-2f58fc5b2747:c5003, 15cd3569-c751-4f18-b157-6804e7d0f08c:c5003]
2019-07-10 06:00:03,846 INFO  client.GrpcClientProtocolClient (GrpcClientProtocolClient.java:onNext(255)) - client-535162E20057->7049f9e8-7de6-4c8c-bf4c-9bb5512f4299: receive RaftClientReply:client-535162E20057->7049f9e8-7de6-4c8c-bf4c-9bb5512f4299@group-3B5DE3AEDFC2, cid=3305, SUCCESS, logIndex=5005, commits[7049f9e8-7de6-4c8c-bf4c-9bb5512f4299:c5007, 13d9ac51-91bf-4c73-8824-2f58fc5b2747:c5003, 15cd3569-c751-4f18-b157-6804e7d0f08c:c5003]
2019-07-10 06:00:03,846 INFO  client.GrpcClientProtocolClient (GrpcClientProtocolClient.java:onNext(255)) - client-535162E20057->7049f9e8-7de6-4c8c-bf4c-9bb5512f4299: receive RaftClientReply:client-535162E20057->7049f9e8-7de6-4c8c-bf4c-9bb5512f4299@group-3B5DE3AEDFC2, cid=3306, SUCCESS, logIndex=5006, commits[7049f9e8-7de6-4c8c-bf4c-9bb5512f4299:c5007, 13d9ac51-91bf-4c73-8824-2f58fc5b2747:c5003, 15cd3569-c751-4f18-b157-6804e7d0f08c:c5003]
2019-07-10 06:00:03,846 INFO  client.GrpcClientProtocolClient (GrpcClientProtocolClient.java:onNext(255)) - client-535162E20057->7049f9e8-7de6-4c8c-bf4c-9bb5512f4299: receive RaftClientReply:client-535162E20057->7049f9e8-7de6-4c8c-bf4c-9bb5512f4299@group-3B5DE3AEDFC2, cid=3307, SUCCESS, logIndex=5007, commits[7049f9e8-7de6-4c8c-bf4c-9bb5512f4299:c5007, 13d9ac51-91bf-4c73-8824-2f58fc5b2747:c5003, 15cd3569-c751-4f18-b157-6804e7d0f08c:c5003]
2019-07-10 06:00:03,857 INFO  client.GrpcClientProtocolClient (GrpcClientProtocolClient.java:onNext(255)) - client-535162E20057->7049f9e8-7de6-4c8c-bf4c-9bb5512f4299: receive RaftClientReply:client-535162E20057->7049f9e8-7de6-4c8c-bf4c-9bb5512f4299@group-3B5DE3AEDFC2, cid=3308, SUCCESS, logIndex=0, commits[7049f9e8-7de6-4c8c-bf4c-9bb5512f4299:c5009, 13d9ac51-91bf-4c73-8824-2f58fc5b2747:c5005, 15cd3569-c751-4f18-b157-6804e7d0f08c:c5005]
2019-07-10 06:00:03,877 INFO  client.GrpcClientProtocolClient (GrpcClientProtocolClient.java:onNext(255)) - client-535162E20057->7049f9e8-7de6-4c8c-bf4c-9bb5512f4299: receive RaftClientReply:client-535162E20057->7049f9e8-7de6-4c8c-bf4c-9bb5512f4299@group-3B5DE3AEDFC2, cid=3309, SUCCESS, logIndex=5012, commits[7049f9e8-7de6-4c8c-bf4c-9bb5512f4299:c5013, 13d9ac51-91bf-4c73-8824-2f58fc5b2747:c5011, 15cd3569-c751-4f18-b157-6804e7d0f08c:c5011]
2019-07-10 06:00:03,877 INFO  client.GrpcClientProtocolClient (GrpcClientProtocolClient.java:onNext(255)) - client-535162E20057->7049f9e8-7de6-4c8c-bf4c-9bb5512f4299: receive RaftClientReply:client-535162E20057->7049f9e8-7de6-4c8c-bf4c-9bb5512f4299@group-3B5DE3AEDFC2, cid=3310, SUCCESS, logIndex=5013, commits[7049f9e8-7de6-4c8c-bf4c-9bb5512f4299:c5013, 13d9ac51-91bf-4c73-8824-2f58fc5b2747:c5011, 15cd3569-c751-4f18-b157-6804e7d0f08c:c5011]
2019-07-10 06:00:03,890 INFO  client.GrpcClientProtocolClient (GrpcClientProtocolClient.java:onNext(255)) - client-535162E20057->7049f9e8-7de6-4c8c-bf4c-9bb5512f4299: receive RaftClientReply:client-535162E20057->7049f9e8-7de6-4c8c-bf4c-9bb5512f4299@group-3B5DE3AEDFC2, cid=3311, SUCCESS, logIndex=5016, commits[7049f9e8-7de6-4c8c-bf4c-9bb5512f4299:c5017, 13d9ac51-91bf-4c73-8824-2f58fc5b2747:c5015, 15cd3569-c751-4f18-b157-6804e7d0f08c:c5015]
2019-07-10 06:00:03,890 INFO  client.GrpcClientProtocolClient (GrpcClientProtocolClient.java:onNext(255)) - client-535162E20057->7049f9e8-7de6-4c8c-bf4c-9bb5512f4299: receive RaftClientReply:client-535162E20057->7049f9e8-7de6-4c8c-bf4c-9bb5512f4299@group-3B5DE3AEDFC2, cid=3312, SUCCESS, logIndex=5017, commits[7049f9e8-7de6-4c8c-bf4c-9bb5512f4299:c5017, 13d9ac51-91bf-4c73-8824-2f58fc5b2747:c5015, 15cd3569-c751-4f18-b157-6804e7d0f08c:c5015]
2019-07-10 06:00:03,891 INFO  client.GrpcClientProtocolClient (GrpcClientProtocolClient.java:onNext(255)) - client-535162E20057->7049f9e8-7de6-4c8c-bf4c-9bb5512f4299: receive RaftClientReply:client-535162E20057->7049f9e8-7de6-4c8c-bf4c-9bb5512f4299@group-3B5DE3AEDFC2, cid=3313, SUCCESS, logIndex=0, commits[7049f9e8-7de6-4c8c-bf4c-9bb5512f4299:c5018, 13d9ac51-91bf-4c73-8824-2f58fc5b2747:c5017, 15cd3569-c751-4f18-b157-6804e7d0f08c:c5017]
2019-07-10 06:00:03,914 INFO  client.GrpcClientProtocolClient (GrpcClientProtocolClient.java:onNext(255)) - client-535162E20057->7049f9e8-7de6-4c8c-bf4c-9bb5512f4299: receive RaftClientReply:client-535162E20057->7049f9e8-7de6-4c8c-bf4c-9bb5512f4299@group-3B5DE3AEDFC2, cid=3314, SUCCESS, logIndex=5020, commits[7049f9e8-7de6-4c8c-bf4c-9bb5512f4299:c5022, 13d9ac51-91bf-4c73-8824-2f58fc5b2747:c5017, 15cd3569-c751-4f18-b157-6804e7d0f08c:c5019]
2019-07-10 06:00:03,914 INFO  client.GrpcClientProtocolClient (GrpcClientProtocolClient.java:onNext(255)) - client-535162E20057->7049f9e8-7de6-4c8c-bf4c-9bb5512f4299: receive RaftClientReply:client-535162E20057->7049f9e8-7de6-4c8c-bf4c-9bb5512f4299@group-3B5DE3AEDFC2, cid=3315, SUCCESS, logIndex=5021, commits[7049f9e8-7de6-4c8c-bf4c-9bb5512f4299:c5023, 13d9ac51-91bf-4c73-8824-2f58fc5b2747:c5019, 15cd3569-c751-4f18-b157-6804e7d0f08c:c5019]
2019-07-10 06:00:03,914 INFO  client.GrpcClientProtocolClient (GrpcClientProtocolClient.java:onNext(255)) - client-535162E20057->7049f9e8-7de6-4c8c-bf4c-9bb5512f4299: receive RaftClientReply:client-535162E20057->7049f9e8-7de6-4c8c-bf4c-9bb5512f4299@group-3B5DE3AEDFC2, cid=3316, SUCCESS, logIndex=5022, commits[7049f9e8-7de6-4c8c-bf4c-9bb5512f4299:c5023, 13d9ac51-91bf-4c73-8824-2f58fc5b2747:c5019, 15cd3569-c751-4f18-b157-6804e7d0f08c:c5019]
2019-07-10 06:00:03,915 INFO  client.GrpcClientProtocolClient (GrpcClientProtocolClient.java:onNext(255)) - client-535162E20057->7049f9e8-7de6-4c8c-bf4c-9bb5512f4299: receive RaftClientReply:client-535162E20057->7049f9e8-7de6-4c8c-bf4c-9bb5512f4299@group-3B5DE3AEDFC2, cid=3317, SUCCESS, logIndex=5023, commits[7049f9e8-7de6-4c8c-bf4c-9bb5512f4299:c5023, 13d9ac51-91bf-4c73-8824-2f58fc5b2747:c5019, 15cd3569-c751-4f18-b157-6804e7d0f08c:c5019]
2019-07-10 06:00:03,916 INFO  client.GrpcClientProtocolClient (GrpcClientProtocolClient.java:onNext(255)) - client-535162E20057->7049f9e8-7de6-4c8c-bf4c-9bb5512f4299: receive RaftClientReply:client-535162E20057->7049f9e8-7de6-4c8c-bf4c-9bb5512f4299@group-3B5DE3AEDFC2, cid=3318, SUCCESS, logIndex=0, commits[7049f9e8-7de6-4c8c-bf4c-9bb5512f4299:c5024, 13d9ac51-91bf-4c73-8824-2f58fc5b2747:c5021, 15cd3569-c751-4f18-b157-6804e7d0f08c:c5021]
2019-07-10 06:00:03,960 INFO  client.GrpcClientProtocolClient (GrpcClientProtocolClient.java:onNext(255)) - client-535162E20057->7049f9e8-7de6-4c8c-bf4c-9bb5512f4299: receive RaftClientReply:client-535162E20057->7049f9e8-7de6-4c8c-bf4c-9bb5512f4299@group-3B5DE3AEDFC2, cid=3319, SUCCESS, logIndex=5028, commits[7049f9e8-7de6-4c8c-bf4c-9bb5512f4299:c5029, 13d9ac51-91bf-4c73-8824-2f58fc5b2747:c5023, 15cd3569-c751-4f18-b157-6804e7d0f08c:c5027]
2019-07-10 06:00:03,961 INFO  client.GrpcClientProtocolClient (GrpcClientProtocolClient.java:onNext(255)) - client-535162E20057->7049f9e8-7de6-4c8c-bf4c-9bb5512f4299: receive RaftClientReply:client-535162E20057->7049f9e8-7de6-4c8c-bf4c-9bb5512f4299@group-3B5DE3AEDFC2, cid=3320, SUCCESS, logIndex=5029, commits[7049f9e8-7de6-4c8c-bf4c-9bb5512f4299:c5029, 13d9ac51-91bf-4c73-8824-2f58fc5b2747:c5027, 15cd3569-c751-4f18-b157-6804e7d0f08c:c5027]
2019-07-10 06:00:03,991 INFO  client.GrpcClientProtocolClient (GrpcClientProtocolClient.java:onNext(255)) - client-535162E20057->7049f9e8-7de6-4c8c-bf4c-9bb5512f4299: receive RaftClientReply:client-535162E20057->7049f9e8-7de6-4c8c-bf4c-9bb5512f4299@group-3B5DE3AEDFC2, cid=3321, SUCCESS, logIndex=5032, commits[7049f9e8-7de6-4c8c-bf4c-9bb5512f4299:c5032, 13d9ac51-91bf-4c73-8824-2f58fc5b2747:c5029, 15cd3569-c751-4f18-b157-6804e7d0f08c:c5029]
2019-07-10 06:00:03,992 INFO  client.GrpcClientProtocolClient (GrpcClientProtocolClient.java:onNext(255)) - client-535162E20057->7049f9e8-7de6-4c8c-bf4c-9bb5512f4299: receive RaftClientReply:client-535162E20057->7049f9e8-7de6-4c8c-bf4c-9bb5512f4299@group-3B5DE3AEDFC2, cid=3322, SUCCESS, logIndex=5033, commits[7049f9e8-7de6-4c8c-bf4c-9bb5512f4299:c5033, 13d9ac51-91bf-4c73-8824-2f58fc5b2747:c5029, 15cd3569-c751-4f18-b157-6804e7d0f08c:c5029]
2019-07-10 06:00:04,006 INFO  client.GrpcClientProtocolClient (GrpcClientProtocolClient.java:onNext(255)) - client-535162E20057->7049f9e8-7de6-4c8c-bf4c-9bb5512f4299: receive RaftClientReply:client-535162E20057->7049f9e8-7de6-4c8c-bf4c-9bb5512f4299@group-3B5DE3AEDFC2, cid=3323, SUCCESS, logIndex=0, commits[7049f9e8-7de6-4c8c-bf4c-9bb5512f4299:c5035, 13d9ac51-91bf-4c73-8824-2f58fc5b2747:c5033, 15cd3569-c751-4f18-b157-6804e7d0f08c:c5033]
2019-07-10 06:00:04,041 INFO  client.GrpcClientProtocolClient (GrpcClientProtocolClient.java:onNext(255)) - client-535162E20057->7049f9e8-7de6-4c8c-bf4c-9bb5512f4299: receive RaftClientReply:client-535162E20057->7049f9e8-7de6-4c8c-bf4c-9bb5512f4299@group-3B5DE3AEDFC2, cid=3324, SUCCESS, logIndex=5036, commits[7049f9e8-7de6-4c8c-bf4c-9bb5512f4299:c5037, 13d9ac51-91bf-4c73-8824-2f58fc5b2747:c5035, 15cd3569-c751-4f18-b157-6804e7d0f08c:c5035]
2019-07-10 06:00:04,042 INFO  client.GrpcClientProtocolClient (GrpcClientProtocolClient.java:onNext(255)) - client-535162E20057->7049f9e8-7de6-4c8c-bf4c-9bb5512f4299: receive RaftClientReply:client-535162E20057->7049f9e8-7de6-4c8c-bf4c-9bb5512f4299@group-3B5DE3AEDFC2, cid=3325, SUCCESS, logIndex=5037, commits[7049f9e8-7de6-4c8c-bf4c-9bb5512f4299:c5039, 13d9ac51-91bf-4c73-8824-2f58fc5b2747:c5035, 15cd3569-c751-4f18-b157-6804e7d0f08c:c5035]
2019-07-10 06:00:04,042 INFO  client.GrpcClientProtocolClient (GrpcClientProtocolClient.java:onNext(255)) - client-535162E20057->7049f9e8-7de6-4c8c-bf4c-9bb5512f4299: receive RaftClientReply:client-535162E20057->7049f9e8-7de6-4c8c-bf4c-9bb5512f4299@group-3B5DE3AEDFC2, cid=3326, SUCCESS, logIndex=5038, commits[7049f9e8-7de6-4c8c-bf4c-9bb5512f4299:c5039, 13d9ac51-91bf-4c73-8824-2f58fc5b2747:c5035, 15cd3569-c751-4f18-b157-6804e7d0f08c:c5035]
2019-07-10 06:00:04,043 INFO  client.GrpcClientProtocolClient (GrpcClientProtocolClient.java:onNext(255)) - client-535162E20057->7049f9e8-7de6-4c8c-bf4c-9bb5512f4299: receive RaftClientReply:client-535162E20057->7049f9e8-7de6-4c8c-bf4c-9bb5512f4299@group-3B5DE3AEDFC2, cid=3327, SUCCESS, logIndex=5039, commits[7049f9e8-7de6-4c8c-bf4c-9bb5512f4299:c5039, 13d9ac51-91bf-4c73-8824-2f58fc5b2747:c5035, 15cd3569-c751-4f18-b157-6804e7d0f08c:c5035]
2019-07-10 06:00:04,053 INFO  client.GrpcClientProtocolClient (GrpcClientProtocolClient.java:onNext(255)) - client-535162E20057->7049f9e8-7de6-4c8c-bf4c-9bb5512f4299: receive RaftClientReply:client-535162E20057->7049f9e8-7de6-4c8c-bf4c-9bb5512f4299@group-3B5DE3AEDFC2, cid=3328, SUCCESS, logIndex=0, commits[7049f9e8-7de6-4c8c-bf4c-9bb5512f4299:c5040, 13d9ac51-91bf-4c73-8824-2f58fc5b2747:c5037, 15cd3569-c751-4f18-b157-6804e7d0f08c:c5037]
2019-07-10 06:00:04,074 INFO  client.GrpcClientProtocolClient (GrpcClientProtocolClient.java:onNext(255)) - client-535162E20057->7049f9e8-7de6-4c8c-bf4c-9bb5512f4299: receive RaftClientReply:client-535162E20057->7049f9e8-7de6-4c8c-bf4c-9bb5512f4299@group-3B5DE3AEDFC2, cid=3329, SUCCESS, logIndex=5043, commits[7049f9e8-7de6-4c8c-bf4c-9bb5512f4299:c5044, 13d9ac51-91bf-4c73-8824-2f58fc5b2747:c5042, 15cd3569-c751-4f18-b157-6804e7d0f08c:c5042]
2019-07-10 06:00:04,074 INFO  client.GrpcClientProtocolClient (GrpcClientProtocolClient.java:onNext(255)) - client-535162E20057->7049f9e8-7de6-4c8c-bf4c-9bb5512f4299: receive RaftClientReply:client-535162E20057->7049f9e8-7de6-4c8c-bf4c-9bb5512f4299@group-3B5DE3AEDFC2, cid=3330, SUCCESS, logIndex=5044, commits[7049f9e8-7de6-4c8c-bf4c-9bb5512f4299:c5044, 13d9ac51-91bf-4c73-8824-2f58fc5b2747:c5042, 15cd3569-c751-4f18-b157-6804e7d0f08c:c5042]
2019-07-10 06:00:04,099 INFO  client.GrpcClientProtocolClient (GrpcClientProtocolClient.java:onNext(255)) - client-535162E20057->7049f9e8-7de6-4c8c-bf4c-9bb5512f4299: receive RaftClientReply:client-535162E20057->7049f9e8-7de6-4c8c-bf4c-9bb5512f4299@group-3B5DE3AEDFC2, cid=3331, SUCCESS, logIndex=5047, commits[7049f9e8-7de6-4c8c-bf4c-9bb5512f4299:c5048, 13d9ac51-91bf-4c73-8824-2f58fc5b2747:c5043, 15cd3569-c751-4f18-b157-6804e7d0f08c:c5044]
2019-07-10 06:00:04,099 INFO  client.GrpcClientProtocolClient (GrpcClientProtocolClient.java:onNext(255)) - client-535162E20057->7049f9e8-7de6-4c8c-bf4c-9bb5512f4299: receive RaftClientReply:client-535162E20057->7049f9e8-7de6-4c8c-bf4c-9bb5512f4299@group-3B5DE3AEDFC2, cid=3332, SUCCESS, logIndex=5048, commits[7049f9e8-7de6-4c8c-bf4c-9bb5512f4299:c5048, 13d9ac51-91bf-4c73-8824-2f58fc5b2747:c5044, 15cd3569-c751-4f18-b157-6804e7d0f08c:c5044]
2019-07-10 06:00:04,114 INFO  client.GrpcClientProtocolClient (GrpcClientProtocolClient.java:onNext(255)) - client-535162E20057->7049f9e8-7de6-4c8c-bf4c-9bb5512f4299: receive RaftClientReply:client-535162E20057->7049f9e8-7de6-4c8c-bf4c-9bb5512f4299@group-3B5DE3AEDFC2, cid=3333, SUCCESS, logIndex=0, commits[7049f9e8-7de6-4c8c-bf4c-9bb5512f4299:c5050, 13d9ac51-91bf-4c73-8824-2f58fc5b2747:c5048, 15cd3569-c751-4f18-b157-6804e7d0f08c:c5048]
2019-07-10 06:00:04,150 INFO  client.GrpcClientProtocolClient (GrpcClientProtocolClient.java:onNext(255)) - client-535162E20057->7049f9e8-7de6-4c8c-bf4c-9bb5512f4299: receive RaftClientReply:client-535162E20057->7049f9e8-7de6-4c8c-bf4c-9bb5512f4299@group-3B5DE3AEDFC2, cid=3334, SUCCESS, logIndex=5051, commits[7049f9e8-7de6-4c8c-bf4c-9bb5512f4299:c5053, 13d9ac51-91bf-4c73-8824-2f58fc5b2747:c5050, 15cd3569-c751-4f18-b157-6804e7d0f08c:c5050]
2019-07-10 06:00:04,150 INFO  client.GrpcClientProtocolClient (GrpcClientProtocolClient.java:onNext(255)) - client-535162E20057->7049f9e8-7de6-4c8c-bf4c-9bb5512f4299: receive RaftClientReply:client-535162E20057->7049f9e8-7de6-4c8c-bf4c-9bb5512f4299@group-3B5DE3AEDFC2, cid=3335, SUCCESS, logIndex=5052, commits[7049f9e8-7de6-4c8c-bf4c-9bb5512f4299:c5054, 13d9ac51-91bf-4c73-8824-2f58fc5b2747:c5050, 15cd3569-c751-4f18-b157-6804e7d0f08c:c5050]
2019-07-10 06:00:04,151 INFO  client.GrpcClientProtocolClient (GrpcClientProtocolClient.java:onNext(255)) - client-535162E20057->7049f9e8-7de6-4c8c-bf4c-9bb5512f4299: receive RaftClientReply:client-535162E20057->7049f9e8-7de6-4c8c-bf4c-9bb5512f4299@group-3B5DE3AEDFC2, cid=3336, SUCCESS, logIndex=5053, commits[7049f9e8-7de6-4c8c-bf4c-9bb5512f4299:c5054, 13d9ac51-91bf-4c73-8824-2f58fc5b2747:c5050, 15cd3569-c751-4f18-b157-6804e7d0f08c:c5050]
2019-07-10 06:00:04,151 INFO  client.GrpcClientProtocolClient (GrpcClientProtocolClient.java:onNext(255)) - client-535162E20057->7049f9e8-7de6-4c8c-bf4c-9bb5512f4299: receive RaftClientReply:client-535162E20057->7049f9e8-7de6-4c8c-bf4c-9bb5512f4299@group-3B5DE3AEDFC2, cid=3337, SUCCESS, logIndex=5054, commits[7049f9e8-7de6-4c8c-bf4c-9bb5512f4299:c5054, 13d9ac51-91bf-4c73-8824-2f58fc5b2747:c5050, 15cd3569-c751-4f18-b157-6804e7d0f08c:c5050]
2019-07-10 06:00:04,154 INFO  client.GrpcClientProtocolClient (GrpcClientProtocolClient.java:onNext(255)) - client-535162E20057->7049f9e8-7de6-4c8c-bf4c-9bb5512f4299: receive RaftClientReply:client-535162E20057->7049f9e8-7de6-4c8c-bf4c-9bb5512f4299@group-3B5DE3AEDFC2, cid=3338, SUCCESS, logIndex=0, commits[7049f9e8-7de6-4c8c-bf4c-9bb5512f4299:c5057, 13d9ac51-91bf-4c73-8824-2f58fc5b2747:c5052, 15cd3569-c751-4f18-b157-6804e7d0f08c:c5053]
2019-07-10 06:00:04,169 INFO  client.GrpcClientProtocolClient (GrpcClientProtocolClient.java:onNext(255)) - client-535162E20057->7049f9e8-7de6-4c8c-bf4c-9bb5512f4299: receive RaftClientReply:client-535162E20057->7049f9e8-7de6-4c8c-bf4c-9bb5512f4299@group-3B5DE3AEDFC2, cid=3339, SUCCESS, logIndex=5059, commits[7049f9e8-7de6-4c8c-bf4c-9bb5512f4299:c5060, 13d9ac51-91bf-4c73-8824-2f58fc5b2747:c5058, 15cd3569-c751-4f18-b157-6804e7d0f08c:c5058]
2019-07-10 06:00:04,170 INFO  client.GrpcClientProtocolClient (GrpcClientProtocolClient.java:onNext(255)) - client-535162E20057->7049f9e8-7de6-4c8c-bf4c-9bb5512f4299: receive RaftClientReply:client-535162E20057->7049f9e8-7de6-4c8c-bf4c-9bb5512f4299@group-3B5DE3AEDFC2, cid=3340, SUCCESS, logIndex=5060, commits[7049f9e8-7de6-4c8c-bf4c-9bb5512f4299:c5060, 13d9ac51-91bf-4c73-8824-2f58fc5b2747:c5058, 15cd3569-c751-4f18-b157-6804e7d0f08c:c5058]
2019-07-10 06:00:04,204 INFO  client.GrpcClientProtocolClient (GrpcClientProtocolClient.java:onNext(255)) - client-535162E20057->7049f9e8-7de6-4c8c-bf4c-9bb5512f4299: receive RaftClientReply:client-535162E20057->7049f9e8-7de6-4c8c-bf4c-9bb5512f4299@group-3B5DE3AEDFC2, cid=3341, SUCCESS, logIndex=5063, commits[7049f9e8-7de6-4c8c-bf4c-9bb5512f4299:c5064, 13d9ac51-91bf-4c73-8824-2f58fc5b2747:c5060, 15cd3569-c751-4f18-b157-6804e7d0f08c:c5062]
2019-07-10 06:00:04,204 INFO  client.GrpcClientProtocolClient (GrpcClientProtocolClient.java:onNext(255)) - client-535162E20057->7049f9e8-7de6-4c8c-bf4c-9bb5512f4299: receive RaftClientReply:client-535162E20057->7049f9e8-7de6-4c8c-bf4c-9bb5512f4299@group-3B5DE3AEDFC2, cid=3342, SUCCESS, logIndex=5064, commits[7049f9e8-7de6-4c8c-bf4c-9bb5512f4299:c5064, 13d9ac51-91bf-4c73-8824-2f58fc5b2747:c5062, 15cd3569-c751-4f18-b157-6804e7d0f08c:c5062]
2019-07-10 06:00:04,207 INFO  client.GrpcClientProtocolClient (GrpcClientProtocolClient.java:onNext(255)) - client-535162E20057->7049f9e8-7de6-4c8c-bf4c-9bb5512f4299: receive RaftClientReply:client-535162E20057->7049f9e8-7de6-4c8c-bf4c-9bb5512f4299@group-3B5DE3AEDFC2, cid=3343, SUCCESS, logIndex=0, commits[7049f9e8-7de6-4c8c-bf4c-9bb5512f4299:c5065, 13d9ac51-91bf-4c73-8824-2f58fc5b2747:c5064, 15cd3569-c751-4f18-b157-6804e7d0f08c:c5064]
2019-07-10 06:00:04,355 INFO  client.GrpcClientProtocolClient (GrpcClientProtocolClient.java:onNext(255)) - client-535162E20057->7049f9e8-7de6-4c8c-bf4c-9bb5512f4299: receive RaftClientReply:client-535162E20057->7049f9e8-7de6-4c8c-bf4c-9bb5512f4299@group-3B5DE3AEDFC2, cid=3344, SUCCESS, logIndex=5067, commits[7049f9e8-7de6-4c8c-bf4c-9bb5512f4299:c5068, 13d9ac51-91bf-4c73-8824-2f58fc5b2747:c5066, 15cd3569-c751-4f18-b157-6804e7d0f08c:c5066]
2019-07-10 06:00:04,355 INFO  client.GrpcClientProtocolClient (GrpcClientProtocolClient.java:onNext(255)) - client-535162E20057->7049f9e8-7de6-4c8c-bf4c-9bb5512f4299: receive RaftClientReply:client-535162E20057->7049f9e8-7de6-4c8c-bf4c-9bb5512f4299@group-3B5DE3AEDFC2, cid=3345, SUCCESS, logIndex=5068, commits[7049f9e8-7de6-4c8c-bf4c-9bb5512f4299:c5069, 13d9ac51-91bf-4c73-8824-2f58fc5b2747:c5066, 15cd3569-c751-4f18-b157-6804e7d0f08c:c5066]
2019-07-10 06:00:04,356 INFO  client.GrpcClientProtocolClient (GrpcClientProtocolClient.java:onNext(255)) - client-535162E20057->7049f9e8-7de6-4c8c-bf4c-9bb5512f4299: receive RaftClientReply:client-535162E20057->7049f9e8-7de6-4c8c-bf4c-9bb5512f4299@group-3B5DE3AEDFC2, cid=3346, SUCCESS, logIndex=5069, commits[7049f9e8-7de6-4c8c-bf4c-9bb5512f4299:c5070, 13d9ac51-91bf-4c73-8824-2f58fc5b2747:c5066, 15cd3569-c751-4f18-b157-6804e7d0f08c:c5066]
2019-07-10 06:00:04,356 INFO  client.GrpcClientProtocolClient (GrpcClientProtocolClient.java:onNext(255)) - client-535162E20057->7049f9e8-7de6-4c8c-bf4c-9bb5512f4299: receive RaftClientReply:client-535162E20057->7049f9e8-7de6-4c8c-bf4c-9bb5512f4299@group-3B5DE3AEDFC2, cid=3347, SUCCESS, logIndex=5070, commits[7049f9e8-7de6-4c8c-bf4c-9bb5512f4299:c5070, 13d9ac51-91bf-4c73-8824-2f58fc5b2747:c5066, 15cd3569-c751-4f18-b157-6804e7d0f08c:c5066]
2019-07-10 06:00:04,369 INFO  client.GrpcClientProtocolClient (GrpcClientProtocolClient.java:onNext(255)) - client-535162E20057->7049f9e8-7de6-4c8c-bf4c-9bb5512f4299: receive RaftClientReply:client-535162E20057->7049f9e8-7de6-4c8c-bf4c-9bb5512f4299@group-3B5DE3AEDFC2, cid=3348, SUCCESS, logIndex=0, commits[7049f9e8-7de6-4c8c-bf4c-9bb5512f4299:c5073, 13d9ac51-91bf-4c73-8824-2f58fc5b2747:c5068, 15cd3569-c751-4f18-b157-6804e7d0f08c:c5069]
2019-07-10 06:00:04,391 INFO  client.GrpcClientProtocolClient (GrpcClientProtocolClient.java:onNext(255)) - client-535162E20057->7049f9e8-7de6-4c8c-bf4c-9bb5512f4299: receive RaftClientReply:client-535162E20057->7049f9e8-7de6-4c8c-bf4c-9bb5512f4299@group-3B5DE3AEDFC2, cid=3349, SUCCESS, logIndex=5075, commits[7049f9e8-7de6-4c8c-bf4c-9bb5512f4299:c5076, 13d9ac51-91bf-4c73-8824-2f58fc5b2747:c5074, 15cd3569-c751-4f18-b157-6804e7d0f08c:c5074]
2019-07-10 06:00:04,391 INFO  client.GrpcClientProtocolClient (GrpcClientProtocolClient.java:onNext(255)) - client-535162E20057->7049f9e8-7de6-4c8c-bf4c-9bb5512f4299: receive RaftClientReply:client-535162E20057->7049f9e8-7de6-4c8c-bf4c-9bb5512f4299@group-3B5DE3AEDFC2, cid=3350, SUCCESS, logIndex=5076, commits[7049f9e8-7de6-4c8c-bf4c-9bb5512f4299:c5076, 13d9ac51-91bf-4c73-8824-2f58fc5b2747:c5074, 15cd3569-c751-4f18-b157-6804e7d0f08c:c5074]
2019-07-10 06:00:04,415 INFO  client.GrpcClientProtocolClient (GrpcClientProtocolClient.java:onNext(255)) - client-535162E20057->7049f9e8-7de6-4c8c-bf4c-9bb5512f4299: receive RaftClientReply:client-535162E20057->7049f9e8-7de6-4c8c-bf4c-9bb5512f4299@group-3B5DE3AEDFC2, cid=3351, SUCCESS, logIndex=5079, commits[7049f9e8-7de6-4c8c-bf4c-9bb5512f4299:c5080, 13d9ac51-91bf-4c73-8824-2f58fc5b2747:c5075, 15cd3569-c751-4f18-b157-6804e7d0f08c:c5076]
2019-07-10 06:00:04,415 INFO  client.GrpcClientProtocolClient (GrpcClientProtocolClient.java:onNext(255)) - client-535162E20057->7049f9e8-7de6-4c8c-bf4c-9bb5512f4299: receive RaftClientReply:client-535162E20057->7049f9e8-7de6-4c8c-bf4c-9bb5512f4299@group-3B5DE3AEDFC2, cid=3352, SUCCESS, logIndex=5080, commits[7049f9e8-7de6-4c8c-bf4c-9bb5512f4299:c5080, 13d9ac51-91bf-4c73-8824-2f58fc5b2747:c5076, 15cd3569-c751-4f18-b157-6804e7d0f08c:c5076]
2019-07-10 06:00:04,430 INFO  client.GrpcClientProtocolClient (GrpcClientProtocolClient.java:onNext(255)) - client-535162E20057->7049f9e8-7de6-4c8c-bf4c-9bb5512f4299: receive RaftClientReply:client-535162E20057->7049f9e8-7de6-4c8c-bf4c-9bb5512f4299@group-3B5DE3AEDFC2, cid=3353, SUCCESS, logIndex=0, commits[7049f9e8-7de6-4c8c-bf4c-9bb5512f4299:c5082, 13d9ac51-91bf-4c73-8824-2f58fc5b2747:c5080, 15cd3569-c751-4f18-b157-6804e7d0f08c:c5080]
2019-07-10 06:00:04,458 INFO  client.GrpcClientProtocolClient (GrpcClientProtocolClient.java:onNext(255)) - client-535162E20057->7049f9e8-7de6-4c8c-bf4c-9bb5512f4299: receive RaftClientReply:client-535162E20057->7049f9e8-7de6-4c8c-bf4c-9bb5512f4299@group-3B5DE3AEDFC2, cid=3354, SUCCESS, logIndex=5083, commits[7049f9e8-7de6-4c8c-bf4c-9bb5512f4299:c5084, 13d9ac51-91bf-4c73-8824-2f58fc5b2747:c5082, 15cd3569-c751-4f18-b157-6804e7d0f08c:c5082]
2019-07-10 06:00:04,459 INFO  client.GrpcClientProtocolClient (GrpcClientProtocolClient.java:onNext(255)) - client-535162E20057->7049f9e8-7de6-4c8c-bf4c-9bb5512f4299: receive RaftClientReply:client-535162E20057->7049f9e8-7de6-4c8c-bf4c-9bb5512f4299@group-3B5DE3AEDFC2, cid=3355, SUCCESS, logIndex=5084, commits[7049f9e8-7de6-4c8c-bf4c-9bb5512f4299:c5084, 13d9ac51-91bf-4c73-8824-2f58fc5b2747:c5082, 15cd3569-c751-4f18-b157-6804e7d0f08c:c5082]
2019-07-10 06:00:04,459 INFO  client.GrpcClientProtocolClient (GrpcClientProtocolClient.java:onNext(255)) - client-535162E20057->7049f9e8-7de6-4c8c-bf4c-9bb5512f4299: receive RaftClientReply:client-535162E20057->7049f9e8-7de6-4c8c-bf4c-9bb5512f4299@group-3B5DE3AEDFC2, cid=3356, SUCCESS, logIndex=5085, commits[7049f9e8-7de6-4c8c-bf4c-9bb5512f4299:c5086, 13d9ac51-91bf-4c73-8824-2f58fc5b2747:c5082, 15cd3569-c751-4f18-b157-6804e7d0f08c:c5082]
2019-07-10 06:00:04,459 INFO  client.GrpcClientProtocolClient (GrpcClientProtocolClient.java:onNext(255)) - client-535162E20057->7049f9e8-7de6-4c8c-bf4c-9bb5512f4299: receive RaftClientReply:client-535162E20057->7049f9e8-7de6-4c8c-bf4c-9bb5512f4299@group-3B5DE3AEDFC2, cid=3357, SUCCESS, logIndex=5086, commits[7049f9e8-7de6-4c8c-bf4c-9bb5512f4299:c5086, 13d9ac51-91bf-4c73-8824-2f58fc5b2747:c5082, 15cd3569-c751-4f18-b157-6804e7d0f08c:c5082]
2019-07-10 06:00:04,462 INFO  client.GrpcClientProtocolClient (GrpcClientProtocolClient.java:onNext(255)) - client-535162E20057->7049f9e8-7de6-4c8c-bf4c-9bb5512f4299: receive RaftClientReply:client-535162E20057->7049f9e8-7de6-4c8c-bf4c-9bb5512f4299@group-3B5DE3AEDFC2, cid=3358, SUCCESS, logIndex=0, commits[7049f9e8-7de6-4c8c-bf4c-9bb5512f4299:c5088, 13d9ac51-91bf-4c73-8824-2f58fc5b2747:c5084, 15cd3569-c751-4f18-b157-6804e7d0f08c:c5084]
2019-07-10 06:00:04,475 INFO  client.GrpcClientProtocolClient (GrpcClientProtocolClient.java:onNext(255)) - client-535162E20057->7049f9e8-7de6-4c8c-bf4c-9bb5512f4299: receive RaftClientReply:client-535162E20057->7049f9e8-7de6-4c8c-bf4c-9bb5512f4299@group-3B5DE3AEDFC2, cid=3359, SUCCESS, logIndex=5091, commits[7049f9e8-7de6-4c8c-bf4c-9bb5512f4299:c5092, 13d9ac51-91bf-4c73-8824-2f58fc5b2747:c5086, 15cd3569-c751-4f18-b157-6804e7d0f08c:c5089]
2019-07-10 06:00:04,475 INFO  client.GrpcClientProtocolClient (GrpcClientProtocolClient.java:onNext(255)) - client-535162E20057->7049f9e8-7de6-4c8c-bf4c-9bb5512f4299: receive RaftClientReply:client-535162E20057->7049f9e8-7de6-4c8c-bf4c-9bb5512f4299@group-3B5DE3AEDFC2, cid=3360, SUCCESS, logIndex=5092, commits[7049f9e8-7de6-4c8c-bf4c-9bb5512f4299:c5092, 13d9ac51-91bf-4c73-8824-2f58fc5b2747:c5089, 15cd3569-c751-4f18-b157-6804e7d0f08c:c5089]
2019-07-10 06:00:04,495 INFO  client.GrpcClientProtocolClient (GrpcClientProtocolClient.java:onNext(255)) - client-535162E20057->7049f9e8-7de6-4c8c-bf4c-9bb5512f4299: receive RaftClientReply:client-535162E20057->7049f9e8-7de6-4c8c-bf4c-9bb5512f4299@group-3B5DE3AEDFC2, cid=3361, SUCCESS, logIndex=5094, commits[7049f9e8-7de6-4c8c-bf4c-9bb5512f4299:c5094, 13d9ac51-91bf-4c73-8824-2f58fc5b2747:c5093, 15cd3569-c751-4f18-b157-6804e7d0f08c:c5093]
2019-07-10 06:00:04,495 INFO  client.GrpcClientProtocolClient (GrpcClientProtocolClient.java:onNext(255)) - client-535162E20057->7049f9e8-7de6-4c8c-bf4c-9bb5512f4299: receive RaftClientReply:client-535162E20057->7049f9e8-7de6-4c8c-bf4c-9bb5512f4299@group-3B5DE3AEDFC2, cid=3362, SUCCESS, logIndex=5095, commits[7049f9e8-7de6-4c8c-bf4c-9bb5512f4299:c5095, 13d9ac51-91bf-4c73-8824-2f58fc5b2747:c5093, 15cd3569-c751-4f18-b157-6804e7d0f08c:c5093]
2019-07-10 06:00:04,509 INFO  client.GrpcClientProtocolClient (GrpcClientProtocolClient.java:onNext(255)) - client-535162E20057->7049f9e8-7de6-4c8c-bf4c-9bb5512f4299: receive RaftClientReply:client-535162E20057->7049f9e8-7de6-4c8c-bf4c-9bb5512f4299@group-3B5DE3AEDFC2, cid=3363, SUCCESS, logIndex=0, commits[7049f9e8-7de6-4c8c-bf4c-9bb5512f4299:c5097, 13d9ac51-91bf-4c73-8824-2f58fc5b2747:c5095, 15cd3569-c751-4f18-b157-6804e7d0f08c:c5095]
2019-07-10 06:00:04,540 INFO  client.GrpcClientProtocolClient (GrpcClientProtocolClient.java:onNext(255)) - client-535162E20057->7049f9e8-7de6-4c8c-bf4c-9bb5512f4299: receive RaftClientReply:client-535162E20057->7049f9e8-7de6-4c8c-bf4c-9bb5512f4299@group-3B5DE3AEDFC2, cid=3364, SUCCESS, logIndex=5098, commits[7049f9e8-7de6-4c8c-bf4c-9bb5512f4299:c5099, 13d9ac51-91bf-4c73-8824-2f58fc5b2747:c5097, 15cd3569-c751-4f18-b157-6804e7d0f08c:c5097]
2019-07-10 06:00:04,541 INFO  client.GrpcClientProtocolClient (GrpcClientProtocolClient.java:onNext(255)) - client-535162E20057->7049f9e8-7de6-4c8c-bf4c-9bb5512f4299: receive RaftClientReply:client-535162E20057->7049f9e8-7de6-4c8c-bf4c-9bb5512f4299@group-3B5DE3AEDFC2, cid=3365, SUCCESS, logIndex=5099, commits[7049f9e8-7de6-4c8c-bf4c-9bb5512f4299:c5099, 13d9ac51-91bf-4c73-8824-2f58fc5b2747:c5097, 15cd3569-c751-4f18-b157-6804e7d0f08c:c5097]
2019-07-10 06:00:04,541 INFO  client.GrpcClientProtocolClient (GrpcClientProtocolClient.java:onNext(255)) - client-535162E20057->7049f9e8-7de6-4c8c-bf4c-9bb5512f4299: receive RaftClientReply:client-535162E20057->7049f9e8-7de6-4c8c-bf4c-9bb5512f4299@group-3B5DE3AEDFC2, cid=3366, SUCCESS, logIndex=5100, commits[7049f9e8-7de6-4c8c-bf4c-9bb5512f4299:c5101, 13d9ac51-91bf-4c73-8824-2f58fc5b2747:c5097, 15cd3569-c751-4f18-b157-6804e7d0f08c:c5097]
2019-07-10 06:00:04,541 INFO  client.GrpcClientProtocolClient (GrpcClientProtocolClient.java:onNext(255)) - client-535162E20057->7049f9e8-7de6-4c8c-bf4c-9bb5512f4299: receive RaftClientReply:client-535162E20057->7049f9e8-7de6-4c8c-bf4c-9bb5512f4299@group-3B5DE3AEDFC2, cid=3367, SUCCESS, logIndex=5101, commits[7049f9e8-7de6-4c8c-bf4c-9bb5512f4299:c5101, 13d9ac51-91bf-4c73-8824-2f58fc5b2747:c5097, 15cd3569-c751-4f18-b157-6804e7d0f08c:c5097]
2019-07-10 06:00:04,556 INFO  client.GrpcClientProtocolClient (GrpcClientProtocolClient.java:onNext(255)) - client-535162E20057->7049f9e8-7de6-4c8c-bf4c-9bb5512f4299: receive RaftClientReply:client-535162E20057->7049f9e8-7de6-4c8c-bf4c-9bb5512f4299@group-3B5DE3AEDFC2, cid=3368, SUCCESS, logIndex=0, commits[7049f9e8-7de6-4c8c-bf4c-9bb5512f4299:c5103, 13d9ac51-91bf-4c73-8824-2f58fc5b2747:c5099, 15cd3569-c751-4f18-b157-6804e7d0f08c:c5099]
 0.00% |█                                                                                                    |  0/1 Time: 0:00:292019-07-10 06:00:04,569 INFO  client.GrpcClientProtocolClient (GrpcClientProtocolClient.java:onNext(255)) - client-535162E20057->7049f9e8-7de6-4c8c-bf4c-9bb5512f4299: receive RaftClientReply:client-535162E20057->7049f9e8-7de6-4c8c-bf4c-9bb5512f4299@group-3B5DE3AEDFC2, cid=3369, SUCCESS, logIndex=5106, commits[7049f9e8-7de6-4c8c-bf4c-9bb5512f4299:c5107, 13d9ac51-91bf-4c73-8824-2f58fc5b2747:c5105, 15cd3569-c751-4f18-b157-6804e7d0f08c:c5101]
2019-07-10 06:00:04,570 INFO  client.GrpcClientProtocolClient (GrpcClientProtocolClient.java:onNext(255)) - client-535162E20057->7049f9e8-7de6-4c8c-bf4c-9bb5512f4299: receive RaftClientReply:client-535162E20057->7049f9e8-7de6-4c8c-bf4c-9bb5512f4299@group-3B5DE3AEDFC2, cid=3370, SUCCESS, logIndex=5107, commits[7049f9e8-7de6-4c8c-bf4c-9bb5512f4299:c5107, 13d9ac51-91bf-4c73-8824-2f58fc5b2747:c5105, 15cd3569-c751-4f18-b157-6804e7d0f08c:c5101]
2019-07-10 06:00:04,608 INFO  client.GrpcClientProtocolClient (GrpcClientProtocolClient.java:onNext(255)) - client-535162E20057->7049f9e8-7de6-4c8c-bf4c-9bb5512f4299: receive RaftClientReply:client-535162E20057->7049f9e8-7de6-4c8c-bf4c-9bb5512f4299@group-3B5DE3AEDFC2, cid=3371, SUCCESS, logIndex=5110, commits[7049f9e8-7de6-4c8c-bf4c-9bb5512f4299:c5111, 13d9ac51-91bf-4c73-8824-2f58fc5b2747:c5107, 15cd3569-c751-4f18-b157-6804e7d0f08c:c5107]
2019-07-10 06:00:04,609 INFO  client.GrpcClientProtocolClient (GrpcClientProtocolClient.java:onNext(255)) - client-535162E20057->7049f9e8-7de6-4c8c-bf4c-9bb5512f4299: receive RaftClientReply:client-535162E20057->7049f9e8-7de6-4c8c-bf4c-9bb5512f4299@group-3B5DE3AEDFC2, cid=3372, SUCCESS, logIndex=5111, commits[7049f9e8-7de6-4c8c-bf4c-9bb5512f4299:c5111, 13d9ac51-91bf-4c73-8824-2f58fc5b2747:c5107, 15cd3569-c751-4f18-b157-6804e7d0f08c:c5107]
2019-07-10 06:00:04,624 INFO  client.GrpcClientProtocolClient (GrpcClientProtocolClient.java:onNext(255)) - client-535162E20057->7049f9e8-7de6-4c8c-bf4c-9bb5512f4299: receive RaftClientReply:client-535162E20057->7049f9e8-7de6-4c8c-bf4c-9bb5512f4299@group-3B5DE3AEDFC2, cid=3373, SUCCESS, logIndex=0, commits[7049f9e8-7de6-4c8c-bf4c-9bb5512f4299:c5113, 13d9ac51-91bf-4c73-8824-2f58fc5b2747:c5111, 15cd3569-c751-4f18-b157-6804e7d0f08c:c5111]
2019-07-10 06:00:04,652 INFO  client.GrpcClientProtocolClient (GrpcClientProtocolClient.java:onNext(255)) - client-535162E20057->7049f9e8-7de6-4c8c-bf4c-9bb5512f4299: receive RaftClientReply:client-535162E20057->7049f9e8-7de6-4c8c-bf4c-9bb5512f4299@group-3B5DE3AEDFC2, cid=3374, SUCCESS, logIndex=5114, commits[7049f9e8-7de6-4c8c-bf4c-9bb5512f4299:c5115, 13d9ac51-91bf-4c73-8824-2f58fc5b2747:c5113, 15cd3569-c751-4f18-b157-6804e7d0f08c:c5113]
2019-07-10 06:00:04,653 INFO  client.GrpcClientProtocolClient (GrpcClientProtocolClient.java:onNext(255)) - client-535162E20057->7049f9e8-7de6-4c8c-bf4c-9bb5512f4299: receive RaftClientReply:client-535162E20057->7049f9e8-7de6-4c8c-bf4c-9bb5512f4299@group-3B5DE3AEDFC2, cid=3375, SUCCESS, logIndex=5115, commits[7049f9e8-7de6-4c8c-bf4c-9bb5512f4299:c5115, 13d9ac51-91bf-4c73-8824-2f58fc5b2747:c5113, 15cd3569-c751-4f18-b157-6804e7d0f08c:c5113]
2019-07-10 06:00:04,653 INFO  client.GrpcClientProtocolClient (GrpcClientProtocolClient.java:onNext(255)) - client-535162E20057->7049f9e8-7de6-4c8c-bf4c-9bb5512f4299: receive RaftClientReply:client-535162E20057->7049f9e8-7de6-4c8c-bf4c-9bb5512f4299@group-3B5DE3AEDFC2, cid=3376, SUCCESS, logIndex=5116, commits[7049f9e8-7de6-4c8c-bf4c-9bb5512f4299:c5116, 13d9ac51-91bf-4c73-8824-2f58fc5b2747:c5113, 15cd3569-c751-4f18-b157-6804e7d0f08c:c5113]
2019-07-10 06:00:04,653 INFO  client.GrpcClientProtocolClient (GrpcClientProtocolClient.java:onNext(255)) - client-535162E20057->7049f9e8-7de6-4c8c-bf4c-9bb5512f4299: receive RaftClientReply:client-535162E20057->7049f9e8-7de6-4c8c-bf4c-9bb5512f4299@group-3B5DE3AEDFC2, cid=3377, SUCCESS, logIndex=5117, commits[7049f9e8-7de6-4c8c-bf4c-9bb5512f4299:c5117, 13d9ac51-91bf-4c73-8824-2f58fc5b2747:c5113, 15cd3569-c751-4f18-b157-6804e7d0f08c:c5113]
2019-07-10 06:00:04,655 INFO  client.GrpcClientProtocolClient (GrpcClientProtocolClient.java:onNext(255)) - client-535162E20057->7049f9e8-7de6-4c8c-bf4c-9bb5512f4299: receive RaftClientReply:client-535162E20057->7049f9e8-7de6-4c8c-bf4c-9bb5512f4299@group-3B5DE3AEDFC2, cid=3378, SUCCESS, logIndex=0, commits[7049f9e8-7de6-4c8c-bf4c-9bb5512f4299:c5119, 13d9ac51-91bf-4c73-8824-2f58fc5b2747:c5115, 15cd3569-c751-4f18-b157-6804e7d0f08c:c5115]
2019-07-10 06:00:04,675 INFO  client.GrpcClientProtocolClient (GrpcClientProtocolClient.java:onNext(255)) - client-535162E20057->7049f9e8-7de6-4c8c-bf4c-9bb5512f4299: receive RaftClientReply:client-535162E20057->7049f9e8-7de6-4c8c-bf4c-9bb5512f4299@group-3B5DE3AEDFC2, cid=3379, SUCCESS, logIndex=5122, commits[7049f9e8-7de6-4c8c-bf4c-9bb5512f4299:c5123, 13d9ac51-91bf-4c73-8824-2f58fc5b2747:c5117, 15cd3569-c751-4f18-b157-6804e7d0f08c:c5121]
2019-07-10 06:00:04,676 INFO  client.GrpcClientProtocolClient (GrpcClientProtocolClient.java:onNext(255)) - client-535162E20057->7049f9e8-7de6-4c8c-bf4c-9bb5512f4299: receive RaftClientReply:client-535162E20057->7049f9e8-7de6-4c8c-bf4c-9bb5512f4299@group-3B5DE3AEDFC2, cid=3380, SUCCESS, logIndex=5123, commits[7049f9e8-7de6-4c8c-bf4c-9bb5512f4299:c5123, 13d9ac51-91bf-4c73-8824-2f58fc5b2747:c5117, 15cd3569-c751-4f18-b157-6804e7d0f08c:c5121]
2019-07-10 06:00:04,705 INFO  client.GrpcClientProtocolClient (GrpcClientProtocolClient.java:onNext(255)) - client-535162E20057->7049f9e8-7de6-4c8c-bf4c-9bb5512f4299: receive RaftClientReply:client-535162E20057->7049f9e8-7de6-4c8c-bf4c-9bb5512f4299@group-3B5DE3AEDFC2, cid=3381, SUCCESS, logIndex=5126, commits[7049f9e8-7de6-4c8c-bf4c-9bb5512f4299:c5127, 13d9ac51-91bf-4c73-8824-2f58fc5b2747:c5123, 15cd3569-c751-4f18-b157-6804e7d0f08c:c5125]
2019-07-10 06:00:04,706 INFO  client.GrpcClientProtocolClient (GrpcClientProtocolClient.java:onNext(255)) - client-535162E20057->7049f9e8-7de6-4c8c-bf4c-9bb5512f4299: receive RaftClientReply:client-535162E20057->7049f9e8-7de6-4c8c-bf4c-9bb5512f4299@group-3B5DE3AEDFC2, cid=3382, SUCCESS, logIndex=5127, commits[7049f9e8-7de6-4c8c-bf4c-9bb5512f4299:c5127, 13d9ac51-91bf-4c73-8824-2f58fc5b2747:c5125, 15cd3569-c751-4f18-b157-6804e7d0f08c:c5125]
2019-07-10 06:00:04,719 INFO  client.GrpcClientProtocolClient (GrpcClientProtocolClient.java:onNext(255)) - client-535162E20057->7049f9e8-7de6-4c8c-bf4c-9bb5512f4299: receive RaftClientReply:client-535162E20057->7049f9e8-7de6-4c8c-bf4c-9bb5512f4299@group-3B5DE3AEDFC2, cid=3383, SUCCESS, logIndex=0, commits[7049f9e8-7de6-4c8c-bf4c-9bb5512f4299:c5128, 13d9ac51-91bf-4c73-8824-2f58fc5b2747:c5127, 15cd3569-c751-4f18-b157-6804e7d0f08c:c5127]
2019-07-10 06:00:04,754 INFO  client.GrpcClientProtocolClient (GrpcClientProtocolClient.java:onNext(255)) - client-535162E20057->7049f9e8-7de6-4c8c-bf4c-9bb5512f4299: receive RaftClientReply:client-535162E20057->7049f9e8-7de6-4c8c-bf4c-9bb5512f4299@group-3B5DE3AEDFC2, cid=3384, SUCCESS, logIndex=5129, commits[7049f9e8-7de6-4c8c-bf4c-9bb5512f4299:c5130, 13d9ac51-91bf-4c73-8824-2f58fc5b2747:c5128, 15cd3569-c751-4f18-b157-6804e7d0f08c:c5128]
2019-07-10 06:00:04,754 INFO  client.GrpcClientProtocolClient (GrpcClientProtocolClient.java:onNext(255)) - client-535162E20057->7049f9e8-7de6-4c8c-bf4c-9bb5512f4299: receive RaftClientReply:client-535162E20057->7049f9e8-7de6-4c8c-bf4c-9bb5512f4299@group-3B5DE3AEDFC2, cid=3385, SUCCESS, logIndex=5130, commits[7049f9e8-7de6-4c8c-bf4c-9bb5512f4299:c5130, 13d9ac51-91bf-4c73-8824-2f58fc5b2747:c5128, 15cd3569-c751-4f18-b157-6804e7d0f08c:c5128]
2019-07-10 06:00:04,764 INFO  client.GrpcClientProtocolClient (GrpcClientProtocolClient.java:onNext(255)) - client-535162E20057->7049f9e8-7de6-4c8c-bf4c-9bb5512f4299: receive RaftClientReply:client-535162E20057->7049f9e8-7de6-4c8c-bf4c-9bb5512f4299@group-3B5DE3AEDFC2, cid=3386, SUCCESS, logIndex=5131, commits[7049f9e8-7de6-4c8c-bf4c-9bb5512f4299:c5132, 13d9ac51-91bf-4c73-8824-2f58fc5b2747:c5128, 15cd3569-c751-4f18-b157-6804e7d0f08c:c5128]
2019-07-10 06:00:04,764 INFO  client.GrpcClientProtocolClient (GrpcClientProtocolClient.java:onNext(255)) - client-535162E20057->7049f9e8-7de6-4c8c-bf4c-9bb5512f4299: receive RaftClientReply:client-535162E20057->7049f9e8-7de6-4c8c-bf4c-9bb5512f4299@group-3B5DE3AEDFC2, cid=3387, SUCCESS, logIndex=5132, commits[7049f9e8-7de6-4c8c-bf4c-9bb5512f4299:c5132, 13d9ac51-91bf-4c73-8824-2f58fc5b2747:c5128, 15cd3569-c751-4f18-b157-6804e7d0f08c:c5128]
2019-07-10 06:00:04,765 INFO  client.GrpcClientProtocolClient (GrpcClientProtocolClient.java:onNext(255)) - client-535162E20057->7049f9e8-7de6-4c8c-bf4c-9bb5512f4299: receive RaftClientReply:client-535162E20057->7049f9e8-7de6-4c8c-bf4c-9bb5512f4299@group-3B5DE3AEDFC2, cid=3388, SUCCESS, logIndex=0, commits[7049f9e8-7de6-4c8c-bf4c-9bb5512f4299:c5134, 13d9ac51-91bf-4c73-8824-2f58fc5b2747:c5130, 15cd3569-c751-4f18-b157-6804e7d0f08c:c5130]
2019-07-10 06:00:04,787 INFO  client.GrpcClientProtocolClient (GrpcClientProtocolClient.java:onNext(255)) - client-535162E20057->7049f9e8-7de6-4c8c-bf4c-9bb5512f4299: receive RaftClientReply:client-535162E20057->7049f9e8-7de6-4c8c-bf4c-9bb5512f4299@group-3B5DE3AEDFC2, cid=3389, SUCCESS, logIndex=5137, commits[7049f9e8-7de6-4c8c-bf4c-9bb5512f4299:c5138, 13d9ac51-91bf-4c73-8824-2f58fc5b2747:c5136, 15cd3569-c751-4f18-b157-6804e7d0f08c:c5136]
2019-07-10 06:00:04,788 INFO  client.GrpcClientProtocolClient (GrpcClientProtocolClient.java:onNext(255)) - client-535162E20057->7049f9e8-7de6-4c8c-bf4c-9bb5512f4299: receive RaftClientReply:client-535162E20057->7049f9e8-7de6-4c8c-bf4c-9bb5512f4299@group-3B5DE3AEDFC2, cid=3390, SUCCESS, logIndex=5138, commits[7049f9e8-7de6-4c8c-bf4c-9bb5512f4299:c5138, 13d9ac51-91bf-4c73-8824-2f58fc5b2747:c5136, 15cd3569-c751-4f18-b157-6804e7d0f08c:c5136]
2019-07-10 06:00:04,814 INFO  client.GrpcClientProtocolClient (GrpcClientProtocolClient.java:onNext(255)) - client-535162E20057->7049f9e8-7de6-4c8c-bf4c-9bb5512f4299: receive RaftClientReply:client-535162E20057->7049f9e8-7de6-4c8c-bf4c-9bb5512f4299@group-3B5DE3AEDFC2, cid=3391, SUCCESS, logIndex=5141, commits[7049f9e8-7de6-4c8c-bf4c-9bb5512f4299:c5141, 13d9ac51-91bf-4c73-8824-2f58fc5b2747:c5138, 15cd3569-c751-4f18-b157-6804e7d0f08c:c5138]
2019-07-10 06:00:04,815 INFO  client.GrpcClientProtocolClient (GrpcClientProtocolClient.java:onNext(255)) - client-535162E20057->7049f9e8-7de6-4c8c-bf4c-9bb5512f4299: receive RaftClientReply:client-535162E20057->7049f9e8-7de6-4c8c-bf4c-9bb5512f4299@group-3B5DE3AEDFC2, cid=3392, SUCCESS, logIndex=5142, commits[7049f9e8-7de6-4c8c-bf4c-9bb5512f4299:c5142, 13d9ac51-91bf-4c73-8824-2f58fc5b2747:c5138, 15cd3569-c751-4f18-b157-6804e7d0f08c:c5138]
2019-07-10 06:00:04,829 INFO  client.GrpcClientProtocolClient (GrpcClientProtocolClient.java:onNext(255)) - client-535162E20057->7049f9e8-7de6-4c8c-bf4c-9bb5512f4299: receive RaftClientReply:client-535162E20057->7049f9e8-7de6-4c8c-bf4c-9bb5512f4299@group-3B5DE3AEDFC2, cid=3393, SUCCESS, logIndex=0, commits[7049f9e8-7de6-4c8c-bf4c-9bb5512f4299:c5143, 13d9ac51-91bf-4c73-8824-2f58fc5b2747:c5142, 15cd3569-c751-4f18-b157-6804e7d0f08c:c5142]
2019-07-10 06:00:04,863 INFO  client.GrpcClientProtocolClient (GrpcClientProtocolClient.java:onNext(255)) - client-535162E20057->7049f9e8-7de6-4c8c-bf4c-9bb5512f4299: receive RaftClientReply:client-535162E20057->7049f9e8-7de6-4c8c-bf4c-9bb5512f4299@group-3B5DE3AEDFC2, cid=3394, SUCCESS, logIndex=5145, commits[7049f9e8-7de6-4c8c-bf4c-9bb5512f4299:c5145, 13d9ac51-91bf-4c73-8824-2f58fc5b2747:c5144, 15cd3569-c751-4f18-b157-6804e7d0f08c:c5144]
2019-07-10 06:00:04,864 INFO  client.GrpcClientProtocolClient (GrpcClientProtocolClient.java:onNext(255)) - client-535162E20057->7049f9e8-7de6-4c8c-bf4c-9bb5512f4299: receive RaftClientReply:client-535162E20057->7049f9e8-7de6-4c8c-bf4c-9bb5512f4299@group-3B5DE3AEDFC2, cid=3395, SUCCESS, logIndex=5146, commits[7049f9e8-7de6-4c8c-bf4c-9bb5512f4299:c5146, 13d9ac51-91bf-4c73-8824-2f58fc5b2747:c5144, 15cd3569-c751-4f18-b157-6804e7d0f08c:c5144]
2019-07-10 06:00:04,876 INFO  client.GrpcClientProtocolClient (GrpcClientProtocolClient.java:onNext(255)) - client-535162E20057->7049f9e8-7de6-4c8c-bf4c-9bb5512f4299: receive RaftClientReply:client-535162E20057->7049f9e8-7de6-4c8c-bf4c-9bb5512f4299@group-3B5DE3AEDFC2, cid=3396, SUCCESS, logIndex=5147, commits[7049f9e8-7de6-4c8c-bf4c-9bb5512f4299:c5148, 13d9ac51-91bf-4c73-8824-2f58fc5b2747:c5144, 15cd3569-c751-4f18-b157-6804e7d0f08c:c5144]
2019-07-10 06:00:04,877 INFO  client.GrpcClientProtocolClient (GrpcClientProtocolClient.java:onNext(255)) - client-535162E20057->7049f9e8-7de6-4c8c-bf4c-9bb5512f4299: receive RaftClientReply:client-535162E20057->7049f9e8-7de6-4c8c-bf4c-9bb5512f4299@group-3B5DE3AEDFC2, cid=3397, SUCCESS, logIndex=5148, commits[7049f9e8-7de6-4c8c-bf4c-9bb5512f4299:c5148, 13d9ac51-91bf-4c73-8824-2f58fc5b2747:c5144, 15cd3569-c751-4f18-b157-6804e7d0f08c:c5144]
2019-07-10 06:00:04,889 INFO  client.GrpcClientProtocolClient (GrpcClientProtocolClient.java:onNext(255)) - client-535162E20057->7049f9e8-7de6-4c8c-bf4c-9bb5512f4299: receive RaftClientReply:client-535162E20057->7049f9e8-7de6-4c8c-bf4c-9bb5512f4299@group-3B5DE3AEDFC2, cid=3398, SUCCESS, logIndex=0, commits[7049f9e8-7de6-4c8c-bf4c-9bb5512f4299:c5150, 13d9ac51-91bf-4c73-8824-2f58fc5b2747:c5146, 15cd3569-c751-4f18-b157-6804e7d0f08c:c5146]
2019-07-10 06:00:04,902 INFO  client.GrpcClientProtocolClient (GrpcClientProtocolClient.java:onNext(255)) - client-535162E20057->7049f9e8-7de6-4c8c-bf4c-9bb5512f4299: receive RaftClientReply:client-535162E20057->7049f9e8-7de6-4c8c-bf4c-9bb5512f4299@group-3B5DE3AEDFC2, cid=3399, SUCCESS, logIndex=5153, commits[7049f9e8-7de6-4c8c-bf4c-9bb5512f4299:c5154, 13d9ac51-91bf-4c73-8824-2f58fc5b2747:c5148, 15cd3569-c751-4f18-b157-6804e7d0f08c:c5152]
2019-07-10 06:00:04,902 INFO  client.GrpcClientProtocolClient (GrpcClientProtocolClient.java:onNext(255)) - client-535162E20057->7049f9e8-7de6-4c8c-bf4c-9bb5512f4299: receive RaftClientReply:client-535162E20057->7049f9e8-7de6-4c8c-bf4c-9bb5512f4299@group-3B5DE3AEDFC2, cid=3400, SUCCESS, logIndex=5154, commits[7049f9e8-7de6-4c8c-bf4c-9bb5512f4299:c5154, 13d9ac51-91bf-4c73-8824-2f58fc5b2747:c5152, 15cd3569-c751-4f18-b157-6804e7d0f08c:c5152]
2019-07-10 06:00:04,915 INFO  client.GrpcClientProtocolClient (GrpcClientProtocolClient.java:onNext(255)) - client-535162E20057->7049f9e8-7de6-4c8c-bf4c-9bb5512f4299: receive RaftClientReply:client-535162E20057->7049f9e8-7de6-4c8c-bf4c-9bb5512f4299@group-3B5DE3AEDFC2, cid=3401, SUCCESS, logIndex=5157, commits[7049f9e8-7de6-4c8c-bf4c-9bb5512f4299:c5158, 13d9ac51-91bf-4c73-8824-2f58fc5b2747:c5154, 15cd3569-c751-4f18-b157-6804e7d0f08c:c5156]
2019-07-10 06:00:04,915 INFO  client.GrpcClientProtocolClient (GrpcClientProtocolClient.java:onNext(255)) - client-535162E20057->7049f9e8-7de6-4c8c-bf4c-9bb5512f4299: receive RaftClientReply:client-535162E20057->7049f9e8-7de6-4c8c-bf4c-9bb5512f4299@group-3B5DE3AEDFC2, cid=3402, SUCCESS, logIndex=5158, commits[7049f9e8-7de6-4c8c-bf4c-9bb5512f4299:c5158, 13d9ac51-91bf-4c73-8824-2f58fc5b2747:c5156, 15cd3569-c751-4f18-b157-6804e7d0f08c:c5156]
2019-07-10 06:00:04,916 INFO  client.GrpcClientProtocolClient (GrpcClientProtocolClient.java:onNext(255)) - client-535162E20057->7049f9e8-7de6-4c8c-bf4c-9bb5512f4299: receive RaftClientReply:client-535162E20057->7049f9e8-7de6-4c8c-bf4c-9bb5512f4299@group-3B5DE3AEDFC2, cid=3403, SUCCESS, logIndex=0, commits[7049f9e8-7de6-4c8c-bf4c-9bb5512f4299:c5159, 13d9ac51-91bf-4c73-8824-2f58fc5b2747:c5158, 15cd3569-c751-4f18-b157-6804e7d0f08c:c5158]
2019-07-10 06:00:04,958 INFO  client.GrpcClientProtocolClient (GrpcClientProtocolClient.java:onNext(255)) - client-535162E20057->7049f9e8-7de6-4c8c-bf4c-9bb5512f4299: receive RaftClientReply:client-535162E20057->7049f9e8-7de6-4c8c-bf4c-9bb5512f4299@group-3B5DE3AEDFC2, cid=3404, SUCCESS, logIndex=5161, commits[7049f9e8-7de6-4c8c-bf4c-9bb5512f4299:c5163, 13d9ac51-91bf-4c73-8824-2f58fc5b2747:c5160, 15cd3569-c751-4f18-b157-6804e7d0f08c:c5160]
2019-07-10 06:00:04,958 INFO  client.GrpcClientProtocolClient (GrpcClientProtocolClient.java:onNext(255)) - client-535162E20057->7049f9e8-7de6-4c8c-bf4c-9bb5512f4299: receive RaftClientReply:client-535162E20057->7049f9e8-7de6-4c8c-bf4c-9bb5512f4299@group-3B5DE3AEDFC2, cid=3405, SUCCESS, logIndex=5162, commits[7049f9e8-7de6-4c8c-bf4c-9bb5512f4299:c5164, 13d9ac51-91bf-4c73-8824-2f58fc5b2747:c5160, 15cd3569-c751-4f18-b157-6804e7d0f08c:c5160]
2019-07-10 06:00:04,959 INFO  client.GrpcClientProtocolClient (GrpcClientProtocolClient.java:onNext(255)) - client-535162E20057->7049f9e8-7de6-4c8c-bf4c-9bb5512f4299: receive RaftClientReply:client-535162E20057->7049f9e8-7de6-4c8c-bf4c-9bb5512f4299@group-3B5DE3AEDFC2, cid=3406, SUCCESS, logIndex=5163, commits[7049f9e8-7de6-4c8c-bf4c-9bb5512f4299:c5164, 13d9ac51-91bf-4c73-8824-2f58fc5b2747:c5160, 15cd3569-c751-4f18-b157-6804e7d0f08c:c5160]
2019-07-10 06:00:04,959 INFO  client.GrpcClientProtocolClient (GrpcClientProtocolClient.java:onNext(255)) - client-535162E20057->7049f9e8-7de6-4c8c-bf4c-9bb5512f4299: receive RaftClientReply:client-535162E20057->7049f9e8-7de6-4c8c-bf4c-9bb5512f4299@group-3B5DE3AEDFC2, cid=3407, SUCCESS, logIndex=5164, commits[7049f9e8-7de6-4c8c-bf4c-9bb5512f4299:c5164, 13d9ac51-91bf-4c73-8824-2f58fc5b2747:c5160, 15cd3569-c751-4f18-b157-6804e7d0f08c:c5160]
2019-07-10 06:00:04,971 INFO  client.GrpcClientProtocolClient (GrpcClientProtocolClient.java:onNext(255)) - client-535162E20057->7049f9e8-7de6-4c8c-bf4c-9bb5512f4299: receive RaftClientReply:client-535162E20057->7049f9e8-7de6-4c8c-bf4c-9bb5512f4299@group-3B5DE3AEDFC2, cid=3408, SUCCESS, logIndex=0, commits[7049f9e8-7de6-4c8c-bf4c-9bb5512f4299:c5168, 13d9ac51-91bf-4c73-8824-2f58fc5b2747:c5162, 15cd3569-c751-4f18-b157-6804e7d0f08c:c5164]
2019-07-10 06:00:04,994 INFO  client.GrpcClientProtocolClient (GrpcClientProtocolClient.java:onNext(255)) - client-535162E20057->7049f9e8-7de6-4c8c-bf4c-9bb5512f4299: receive RaftClientReply:client-535162E20057->7049f9e8-7de6-4c8c-bf4c-9bb5512f4299@group-3B5DE3AEDFC2, cid=3409, SUCCESS, logIndex=5169, commits[7049f9e8-7de6-4c8c-bf4c-9bb5512f4299:c5170, 13d9ac51-91bf-4c73-8824-2f58fc5b2747:c5168, 15cd3569-c751-4f18-b157-6804e7d0f08c:c5168]
2019-07-10 06:00:04,994 INFO  client.GrpcClientProtocolClient (GrpcClientProtocolClient.java:onNext(255)) - client-535162E20057->7049f9e8-7de6-4c8c-bf4c-9bb5512f4299: receive RaftClientReply:client-535162E20057->7049f9e8-7de6-4c8c-bf4c-9bb5512f4299@group-3B5DE3AEDFC2, cid=3410, SUCCESS, logIndex=5170, commits[7049f9e8-7de6-4c8c-bf4c-9bb5512f4299:c5170, 13d9ac51-91bf-4c73-8824-2f58fc5b2747:c5168, 15cd3569-c751-4f18-b157-6804e7d0f08c:c5168]
2019-07-10 06:00:05,016 INFO  client.GrpcClientProtocolClient (GrpcClientProtocolClient.java:onNext(255)) - client-535162E20057->7049f9e8-7de6-4c8c-bf4c-9bb5512f4299: receive RaftClientReply:client-535162E20057->7049f9e8-7de6-4c8c-bf4c-9bb5512f4299@group-3B5DE3AEDFC2, cid=3411, SUCCESS, logIndex=5173, commits[7049f9e8-7de6-4c8c-bf4c-9bb5512f4299:c5174, 13d9ac51-91bf-4c73-8824-2f58fc5b2747:c5170, 15cd3569-c751-4f18-b157-6804e7d0f08c:c5170]
2019-07-10 06:00:05,016 INFO  client.GrpcClientProtocolClient (GrpcClientProtocolClient.java:onNext(255)) - client-535162E20057->7049f9e8-7de6-4c8c-bf4c-9bb5512f4299: receive RaftClientReply:client-535162E20057->7049f9e8-7de6-4c8c-bf4c-9bb5512f4299@group-3B5DE3AEDFC2, cid=3412, SUCCESS, logIndex=5174, commits[7049f9e8-7de6-4c8c-bf4c-9bb5512f4299:c5174, 13d9ac51-91bf-4c73-8824-2f58fc5b2747:c5170, 15cd3569-c751-4f18-b157-6804e7d0f08c:c5170]
2019-07-10 06:00:05,028 INFO  client.GrpcClientProtocolClient (GrpcClientProtocolClient.java:onNext(255)) - client-535162E20057->7049f9e8-7de6-4c8c-bf4c-9bb5512f4299: receive RaftClientReply:client-535162E20057->7049f9e8-7de6-4c8c-bf4c-9bb5512f4299@group-3B5DE3AEDFC2, cid=3413, SUCCESS, logIndex=0, commits[7049f9e8-7de6-4c8c-bf4c-9bb5512f4299:c5175, 13d9ac51-91bf-4c73-8824-2f58fc5b2747:c5174, 15cd3569-c751-4f18-b157-6804e7d0f08c:c5174]
2019-07-10 06:00:05,059 INFO  client.GrpcClientProtocolClient (GrpcClientProtocolClient.java:onNext(255)) - client-535162E20057->7049f9e8-7de6-4c8c-bf4c-9bb5512f4299: receive RaftClientReply:client-535162E20057->7049f9e8-7de6-4c8c-bf4c-9bb5512f4299@group-3B5DE3AEDFC2, cid=3414, SUCCESS, logIndex=5177, commits[7049f9e8-7de6-4c8c-bf4c-9bb5512f4299:c5178, 13d9ac51-91bf-4c73-8824-2f58fc5b2747:c5176, 15cd3569-c751-4f18-b157-6804e7d0f08c:c5174]
2019-07-10 06:00:05,059 INFO  client.GrpcClientProtocolClient (GrpcClientProtocolClient.java:onNext(255)) - client-535162E20057->7049f9e8-7de6-4c8c-bf4c-9bb5512f4299: receive RaftClientReply:client-535162E20057->7049f9e8-7de6-4c8c-bf4c-9bb5512f4299@group-3B5DE3AEDFC2, cid=3415, SUCCESS, logIndex=5178, commits[7049f9e8-7de6-4c8c-bf4c-9bb5512f4299:c5178, 13d9ac51-91bf-4c73-8824-2f58fc5b2747:c5176, 15cd3569-c751-4f18-b157-6804e7d0f08c:c5176]
2019-07-10 06:00:05,070 INFO  client.GrpcClientProtocolClient (GrpcClientProtocolClient.java:onNext(255)) - client-535162E20057->7049f9e8-7de6-4c8c-bf4c-9bb5512f4299: receive RaftClientReply:client-535162E20057->7049f9e8-7de6-4c8c-bf4c-9bb5512f4299@group-3B5DE3AEDFC2, cid=3416, SUCCESS, logIndex=5179, commits[7049f9e8-7de6-4c8c-bf4c-9bb5512f4299:c5179, 13d9ac51-91bf-4c73-8824-2f58fc5b2747:c5176, 15cd3569-c751-4f18-b157-6804e7d0f08c:c5176]
2019-07-10 06:00:05,070 INFO  client.GrpcClientProtocolClient (GrpcClientProtocolClient.java:onNext(255)) - client-535162E20057->7049f9e8-7de6-4c8c-bf4c-9bb5512f4299: receive RaftClientReply:client-535162E20057->7049f9e8-7de6-4c8c-bf4c-9bb5512f4299@group-3B5DE3AEDFC2, cid=3417, SUCCESS, logIndex=5180, commits[7049f9e8-7de6-4c8c-bf4c-9bb5512f4299:c5180, 13d9ac51-91bf-4c73-8824-2f58fc5b2747:c5176, 15cd3569-c751-4f18-b157-6804e7d0f08c:c5176]
2019-07-10 06:00:05,081 INFO  client.GrpcClientProtocolClient (GrpcClientProtocolClient.java:onNext(255)) - client-535162E20057->7049f9e8-7de6-4c8c-bf4c-9bb5512f4299: receive RaftClientReply:client-535162E20057->7049f9e8-7de6-4c8c-bf4c-9bb5512f4299@group-3B5DE3AEDFC2, cid=3418, SUCCESS, logIndex=0, commits[7049f9e8-7de6-4c8c-bf4c-9bb5512f4299:c5182, 13d9ac51-91bf-4c73-8824-2f58fc5b2747:c5178, 15cd3569-c751-4f18-b157-6804e7d0f08c:c5178]
2019-07-10 06:00:05,100 INFO  client.GrpcClientProtocolClient (GrpcClientProtocolClient.java:onNext(255)) - client-535162E20057->7049f9e8-7de6-4c8c-bf4c-9bb5512f4299: receive RaftClientReply:client-535162E20057->7049f9e8-7de6-4c8c-bf4c-9bb5512f4299@group-3B5DE3AEDFC2, cid=3419, SUCCESS, logIndex=5185, commits[7049f9e8-7de6-4c8c-bf4c-9bb5512f4299:c5185, 13d9ac51-91bf-4c73-8824-2f58fc5b2747:c5184, 15cd3569-c751-4f18-b157-6804e7d0f08c:c5184]
2019-07-10 06:00:05,100 INFO  client.GrpcClientProtocolClient (GrpcClientProtocolClient.java:onNext(255)) - client-535162E20057->7049f9e8-7de6-4c8c-bf4c-9bb5512f4299: receive RaftClientReply:client-535162E20057->7049f9e8-7de6-4c8c-bf4c-9bb5512f4299@group-3B5DE3AEDFC2, cid=3420, SUCCESS, logIndex=5186, commits[7049f9e8-7de6-4c8c-bf4c-9bb5512f4299:c5186, 13d9ac51-91bf-4c73-8824-2f58fc5b2747:c5184, 15cd3569-c751-4f18-b157-6804e7d0f08c:c5184]
2019-07-10 06:00:05,115 INFO  client.GrpcClientProtocolClient (GrpcClientProtocolClient.java:onNext(255)) - client-535162E20057->7049f9e8-7de6-4c8c-bf4c-9bb5512f4299: receive RaftClientReply:client-535162E20057->7049f9e8-7de6-4c8c-bf4c-9bb5512f4299@group-3B5DE3AEDFC2, cid=3421, SUCCESS, logIndex=5189, commits[7049f9e8-7de6-4c8c-bf4c-9bb5512f4299:c5189, 13d9ac51-91bf-4c73-8824-2f58fc5b2747:c5186, 15cd3569-c751-4f18-b157-6804e7d0f08c:c5186]
2019-07-10 06:00:05,115 INFO  client.GrpcClientProtocolClient (GrpcClientProtocolClient.java:onNext(255)) - client-535162E20057->7049f9e8-7de6-4c8c-bf4c-9bb5512f4299: receive RaftClientReply:client-535162E20057->7049f9e8-7de6-4c8c-bf4c-9bb5512f4299@group-3B5DE3AEDFC2, cid=3422, SUCCESS, logIndex=5190, commits[7049f9e8-7de6-4c8c-bf4c-9bb5512f4299:c5190, 13d9ac51-91bf-4c73-8824-2f58fc5b2747:c5186, 15cd3569-c751-4f18-b157-6804e7d0f08c:c5186]
2019-07-10 06:00:05,130 INFO  client.GrpcClientProtocolClient (GrpcClientProtocolClient.java:onNext(255)) - client-535162E20057->7049f9e8-7de6-4c8c-bf4c-9bb5512f4299: receive RaftClientReply:client-535162E20057->7049f9e8-7de6-4c8c-bf4c-9bb5512f4299@group-3B5DE3AEDFC2, cid=3423, SUCCESS, logIndex=0, commits[7049f9e8-7de6-4c8c-bf4c-9bb5512f4299:c5192, 13d9ac51-91bf-4c73-8824-2f58fc5b2747:c5190, 15cd3569-c751-4f18-b157-6804e7d0f08c:c5190]
2019-07-10 06:00:05,177 INFO  client.GrpcClientProtocolClient (GrpcClientProtocolClient.java:onNext(255)) - client-535162E20057->7049f9e8-7de6-4c8c-bf4c-9bb5512f4299: receive RaftClientReply:client-535162E20057->7049f9e8-7de6-4c8c-bf4c-9bb5512f4299@group-3B5DE3AEDFC2, cid=3424, SUCCESS, logIndex=5193, commits[7049f9e8-7de6-4c8c-bf4c-9bb5512f4299:c5194, 13d9ac51-91bf-4c73-8824-2f58fc5b2747:c5192, 15cd3569-c751-4f18-b157-6804e7d0f08c:c5192]
2019-07-10 06:00:05,178 INFO  client.GrpcClientProtocolClient (GrpcClientProtocolClient.java:onNext(255)) - client-535162E20057->7049f9e8-7de6-4c8c-bf4c-9bb5512f4299: receive RaftClientReply:client-535162E20057->7049f9e8-7de6-4c8c-bf4c-9bb5512f4299@group-3B5DE3AEDFC2, cid=3425, SUCCESS, logIndex=5194, commits[7049f9e8-7de6-4c8c-bf4c-9bb5512f4299:c5195, 13d9ac51-91bf-4c73-8824-2f58fc5b2747:c5192, 15cd3569-c751-4f18-b157-6804e7d0f08c:c5192]
2019-07-10 06:00:05,178 INFO  client.GrpcClientProtocolClient (GrpcClientProtocolClient.java:onNext(255)) - client-535162E20057->7049f9e8-7de6-4c8c-bf4c-9bb5512f4299: receive RaftClientReply:client-535162E20057->7049f9e8-7de6-4c8c-bf4c-9bb5512f4299@group-3B5DE3AEDFC2, cid=3426, SUCCESS, logIndex=5195, commits[7049f9e8-7de6-4c8c-bf4c-9bb5512f4299:c5196, 13d9ac51-91bf-4c73-8824-2f58fc5b2747:c5192, 15cd3569-c751-4f18-b157-6804e7d0f08c:c5192]
2019-07-10 06:00:05,178 INFO  client.GrpcClientProtocolClient (GrpcClientProtocolClient.java:onNext(255)) - client-535162E20057->7049f9e8-7de6-4c8c-bf4c-9bb5512f4299: receive RaftClientReply:client-535162E20057->7049f9e8-7de6-4c8c-bf4c-9bb5512f4299@group-3B5DE3AEDFC2, cid=3427, SUCCESS, logIndex=5196, commits[7049f9e8-7de6-4c8c-bf4c-9bb5512f4299:c5196, 13d9ac51-91bf-4c73-8824-2f58fc5b2747:c5192, 15cd3569-c751-4f18-b157-6804e7d0f08c:c5192]
2019-07-10 06:00:05,181 INFO  client.GrpcClientProtocolClient (GrpcClientProtocolClient.java:onNext(255)) - client-535162E20057->7049f9e8-7de6-4c8c-bf4c-9bb5512f4299: receive RaftClientReply:client-535162E20057->7049f9e8-7de6-4c8c-bf4c-9bb5512f4299@group-3B5DE3AEDFC2, cid=3428, SUCCESS, logIndex=0, commits[7049f9e8-7de6-4c8c-bf4c-9bb5512f4299:c5198, 13d9ac51-91bf-4c73-8824-2f58fc5b2747:c5194, 15cd3569-c751-4f18-b157-6804e7d0f08c:c5194]
2019-07-10 06:00:05,210 INFO  client.GrpcClientProtocolClient (GrpcClientProtocolClient.java:onNext(255)) - client-535162E20057->7049f9e8-7de6-4c8c-bf4c-9bb5512f4299: receive RaftClientReply:client-535162E20057->7049f9e8-7de6-4c8c-bf4c-9bb5512f4299@group-3B5DE3AEDFC2, cid=3429, SUCCESS, logIndex=5201, commits[7049f9e8-7de6-4c8c-bf4c-9bb5512f4299:c5202, 13d9ac51-91bf-4c73-8824-2f58fc5b2747:c5200, 15cd3569-c751-4f18-b157-6804e7d0f08c:c5200]
2019-07-10 06:00:05,211 INFO  client.GrpcClientProtocolClient (GrpcClientProtocolClient.java:onNext(255)) - client-535162E20057->7049f9e8-7de6-4c8c-bf4c-9bb5512f4299: receive RaftClientReply:client-535162E20057->7049f9e8-7de6-4c8c-bf4c-9bb5512f4299@group-3B5DE3AEDFC2, cid=3430, SUCCESS, logIndex=5202, commits[7049f9e8-7de6-4c8c-bf4c-9bb5512f4299:c5202, 13d9ac51-91bf-4c73-8824-2f58fc5b2747:c5200, 15cd3569-c751-4f18-b157-6804e7d0f08c:c5200]
2019-07-10 06:00:05,227 INFO  client.GrpcClientProtocolClient (GrpcClientProtocolClient.java:onNext(255)) - client-535162E20057->7049f9e8-7de6-4c8c-bf4c-9bb5512f4299: receive RaftClientReply:client-535162E20057->7049f9e8-7de6-4c8c-bf4c-9bb5512f4299@group-3B5DE3AEDFC2, cid=3431, SUCCESS, logIndex=5205, commits[7049f9e8-7de6-4c8c-bf4c-9bb5512f4299:c5206, 13d9ac51-91bf-4c73-8824-2f58fc5b2747:c5203, 15cd3569-c751-4f18-b157-6804e7d0f08c:c5202]
2019-07-10 06:00:05,228 INFO  client.GrpcClientProtocolClient (GrpcClientProtocolClient.java:onNext(255)) - client-535162E20057->7049f9e8-7de6-4c8c-bf4c-9bb5512f4299: receive RaftClientReply:client-535162E20057->7049f9e8-7de6-4c8c-bf4c-9bb5512f4299@group-3B5DE3AEDFC2, cid=3432, SUCCESS, logIndex=5206, commits[7049f9e8-7de6-4c8c-bf4c-9bb5512f4299:c5206, 13d9ac51-91bf-4c73-8824-2f58fc5b2747:c5203, 15cd3569-c751-4f18-b157-6804e7d0f08c:c5203]
2019-07-10 06:00:05,249 INFO  client.GrpcClientProtocolClient (GrpcClientProtocolClient.java:onNext(255)) - client-535162E20057->7049f9e8-7de6-4c8c-bf4c-9bb5512f4299: receive RaftClientReply:client-535162E20057->7049f9e8-7de6-4c8c-bf4c-9bb5512f4299@group-3B5DE3AEDFC2, cid=3433, SUCCESS, logIndex=0, commits[7049f9e8-7de6-4c8c-bf4c-9bb5512f4299:c5207, 13d9ac51-91bf-4c73-8824-2f58fc5b2747:c5206, 15cd3569-c751-4f18-b157-6804e7d0f08c:c5206]
2019-07-10 06:00:05,406 INFO  client.GrpcClientProtocolClient (GrpcClientProtocolClient.java:onNext(255)) - client-535162E20057->7049f9e8-7de6-4c8c-bf4c-9bb5512f4299: receive RaftClientReply:client-535162E20057->7049f9e8-7de6-4c8c-bf4c-9bb5512f4299@group-3B5DE3AEDFC2, cid=3434, SUCCESS, logIndex=5209, commits[7049f9e8-7de6-4c8c-bf4c-9bb5512f4299:c5210, 13d9ac51-91bf-4c73-8824-2f58fc5b2747:c5208, 15cd3569-c751-4f18-b157-6804e7d0f08c:c5208]
2019-07-10 06:00:05,407 INFO  client.GrpcClientProtocolClient (GrpcClientProtocolClient.java:onNext(255)) - client-535162E20057->7049f9e8-7de6-4c8c-bf4c-9bb5512f4299: receive RaftClientReply:client-535162E20057->7049f9e8-7de6-4c8c-bf4c-9bb5512f4299@group-3B5DE3AEDFC2, cid=3435, SUCCESS, logIndex=5210, commits[7049f9e8-7de6-4c8c-bf4c-9bb5512f4299:c5212, 13d9ac51-91bf-4c73-8824-2f58fc5b2747:c5208, 15cd3569-c751-4f18-b157-6804e7d0f08c:c5208]
2019-07-10 06:00:05,407 INFO  client.GrpcClientProtocolClient (GrpcClientProtocolClient.java:onNext(255)) - client-535162E20057->7049f9e8-7de6-4c8c-bf4c-9bb5512f4299: receive RaftClientReply:client-535162E20057->7049f9e8-7de6-4c8c-bf4c-9bb5512f4299@group-3B5DE3AEDFC2, cid=3436, SUCCESS, logIndex=5211, commits[7049f9e8-7de6-4c8c-bf4c-9bb5512f4299:c5212, 13d9ac51-91bf-4c73-8824-2f58fc5b2747:c5208, 15cd3569-c751-4f18-b157-6804e7d0f08c:c5208]
2019-07-10 06:00:05,408 INFO  client.GrpcClientProtocolClient (GrpcClientProtocolClient.java:onNext(255)) - client-535162E20057->7049f9e8-7de6-4c8c-bf4c-9bb5512f4299: receive RaftClientReply:client-535162E20057->7049f9e8-7de6-4c8c-bf4c-9bb5512f4299@group-3B5DE3AEDFC2, cid=3437, SUCCESS, logIndex=5212, commits[7049f9e8-7de6-4c8c-bf4c-9bb5512f4299:c5212, 13d9ac51-91bf-4c73-8824-2f58fc5b2747:c5208, 15cd3569-c751-4f18-b157-6804e7d0f08c:c5208]
2019-07-10 06:00:05,421 INFO  client.GrpcClientProtocolClient (GrpcClientProtocolClient.java:onNext(255)) - client-535162E20057->7049f9e8-7de6-4c8c-bf4c-9bb5512f4299: receive RaftClientReply:client-535162E20057->7049f9e8-7de6-4c8c-bf4c-9bb5512f4299@group-3B5DE3AEDFC2, cid=3438, SUCCESS, logIndex=0, commits[7049f9e8-7de6-4c8c-bf4c-9bb5512f4299:c5214, 13d9ac51-91bf-4c73-8824-2f58fc5b2747:c5210, 15cd3569-c751-4f18-b157-6804e7d0f08c:c5210]
2019-07-10 06:00:05,441 INFO  client.GrpcClientProtocolClient (GrpcClientProtocolClient.java:onNext(255)) - client-535162E20057->7049f9e8-7de6-4c8c-bf4c-9bb5512f4299: receive RaftClientReply:client-535162E20057->7049f9e8-7de6-4c8c-bf4c-9bb5512f4299@group-3B5DE3AEDFC2, cid=3439, SUCCESS, logIndex=5217, commits[7049f9e8-7de6-4c8c-bf4c-9bb5512f4299:c5218, 13d9ac51-91bf-4c73-8824-2f58fc5b2747:c5216, 15cd3569-c751-4f18-b157-6804e7d0f08c:c5216]
2019-07-10 06:00:05,441 INFO  client.GrpcClientProtocolClient (GrpcClientProtocolClient.java:onNext(255)) - client-535162E20057->7049f9e8-7de6-4c8c-bf4c-9bb5512f4299: receive RaftClientReply:client-535162E20057->7049f9e8-7de6-4c8c-bf4c-9bb5512f4299@group-3B5DE3AEDFC2, cid=3440, SUCCESS, logIndex=5218, commits[7049f9e8-7de6-4c8c-bf4c-9bb5512f4299:c5218, 13d9ac51-91bf-4c73-8824-2f58fc5b2747:c5216, 15cd3569-c751-4f18-b157-6804e7d0f08c:c5216]
2019-07-10 06:00:05,463 INFO  client.GrpcClientProtocolClient (GrpcClientProtocolClient.java:onNext(255)) - client-535162E20057->7049f9e8-7de6-4c8c-bf4c-9bb5512f4299: receive RaftClientReply:client-535162E20057->7049f9e8-7de6-4c8c-bf4c-9bb5512f4299@group-3B5DE3AEDFC2, cid=3441, SUCCESS, logIndex=5221, commits[7049f9e8-7de6-4c8c-bf4c-9bb5512f4299:c5222, 13d9ac51-91bf-4c73-8824-2f58fc5b2747:c5218, 15cd3569-c751-4f18-b157-6804e7d0f08c:c5218]
2019-07-10 06:00:05,464 INFO  client.GrpcClientProtocolClient (GrpcClientProtocolClient.java:onNext(255)) - client-535162E20057->7049f9e8-7de6-4c8c-bf4c-9bb5512f4299: receive RaftClientReply:client-535162E20057->7049f9e8-7de6-4c8c-bf4c-9bb5512f4299@group-3B5DE3AEDFC2, cid=3442, SUCCESS, logIndex=5222, commits[7049f9e8-7de6-4c8c-bf4c-9bb5512f4299:c5222, 13d9ac51-91bf-4c73-8824-2f58fc5b2747:c5218, 15cd3569-c751-4f18-b157-6804e7d0f08c:c5218]
2019-07-10 06:00:05,487 INFO  client.GrpcClientProtocolClient (GrpcClientProtocolClient.java:onNext(255)) - client-535162E20057->7049f9e8-7de6-4c8c-bf4c-9bb5512f4299: receive RaftClientReply:client-535162E20057->7049f9e8-7de6-4c8c-bf4c-9bb5512f4299@group-3B5DE3AEDFC2, cid=3443, SUCCESS, logIndex=0, commits[7049f9e8-7de6-4c8c-bf4c-9bb5512f4299:c5223, 13d9ac51-91bf-4c73-8824-2f58fc5b2747:c5222, 15cd3569-c751-4f18-b157-6804e7d0f08c:c5222]
2019-07-10 06:00:05,557 INFO  client.GrpcClientProtocolClient (GrpcClientProtocolClient.java:onNext(255)) - client-535162E20057->7049f9e8-7de6-4c8c-bf4c-9bb5512f4299: receive RaftClientReply:client-535162E20057->7049f9e8-7de6-4c8c-bf4c-9bb5512f4299@group-3B5DE3AEDFC2, cid=3444, SUCCESS, logIndex=5225, commits[7049f9e8-7de6-4c8c-bf4c-9bb5512f4299:c5227, 13d9ac51-91bf-4c73-8824-2f58fc5b2747:c5224, 15cd3569-c751-4f18-b157-6804e7d0f08c:c5224]
2019-07-10 06:00:05,558 INFO  client.GrpcClientProtocolClient (GrpcClientProtocolClient.java:onNext(255)) - client-535162E20057->7049f9e8-7de6-4c8c-bf4c-9bb5512f4299: receive RaftClientReply:client-535162E20057->7049f9e8-7de6-4c8c-bf4c-9bb5512f4299@group-3B5DE3AEDFC2, cid=3445, SUCCESS, logIndex=5226, commits[7049f9e8-7de6-4c8c-bf4c-9bb5512f4299:c5228, 13d9ac51-91bf-4c73-8824-2f58fc5b2747:c5224, 15cd3569-c751-4f18-b157-6804e7d0f08c:c5224]
2019-07-10 06:00:05,558 INFO  client.GrpcClientProtocolClient (GrpcClientProtocolClient.java:onNext(255)) - client-535162E20057->7049f9e8-7de6-4c8c-bf4c-9bb5512f4299: receive RaftClientReply:client-535162E20057->7049f9e8-7de6-4c8c-bf4c-9bb5512f4299@group-3B5DE3AEDFC2, cid=3446, SUCCESS, logIndex=5227, commits[7049f9e8-7de6-4c8c-bf4c-9bb5512f4299:c5228, 13d9ac51-91bf-4c73-8824-2f58fc5b2747:c5224, 15cd3569-c751-4f18-b157-6804e7d0f08c:c5224]
2019-07-10 06:00:05,558 INFO  client.GrpcClientProtocolClient (GrpcClientProtocolClient.java:onNext(255)) - client-535162E20057->7049f9e8-7de6-4c8c-bf4c-9bb5512f4299: receive RaftClientReply:client-535162E20057->7049f9e8-7de6-4c8c-bf4c-9bb5512f4299@group-3B5DE3AEDFC2, cid=3447, SUCCESS, logIndex=5228, commits[7049f9e8-7de6-4c8c-bf4c-9bb5512f4299:c5228, 13d9ac51-91bf-4c73-8824-2f58fc5b2747:c5224, 15cd3569-c751-4f18-b157-6804e7d0f08c:c5224]
 0.00% |█                                                                                                    |  0/1 Time: 0:00:302019-07-10 06:00:05,570 INFO  client.GrpcClientProtocolClient (GrpcClientProtocolClient.java:onNext(255)) - client-535162E20057->7049f9e8-7de6-4c8c-bf4c-9bb5512f4299: receive RaftClientReply:client-535162E20057->7049f9e8-7de6-4c8c-bf4c-9bb5512f4299@group-3B5DE3AEDFC2, cid=3448, SUCCESS, logIndex=0, commits[7049f9e8-7de6-4c8c-bf4c-9bb5512f4299:c5232, 13d9ac51-91bf-4c73-8824-2f58fc5b2747:c5228, 15cd3569-c751-4f18-b157-6804e7d0f08c:c5226]
2019-07-10 06:00:05,592 INFO  client.GrpcClientProtocolClient (GrpcClientProtocolClient.java:onNext(255)) - client-535162E20057->7049f9e8-7de6-4c8c-bf4c-9bb5512f4299: receive RaftClientReply:client-535162E20057->7049f9e8-7de6-4c8c-bf4c-9bb5512f4299@group-3B5DE3AEDFC2, cid=3449, SUCCESS, logIndex=5233, commits[7049f9e8-7de6-4c8c-bf4c-9bb5512f4299:c5234, 13d9ac51-91bf-4c73-8824-2f58fc5b2747:c5232, 15cd3569-c751-4f18-b157-6804e7d0f08c:c5232]
2019-07-10 06:00:05,593 INFO  client.GrpcClientProtocolClient (GrpcClientProtocolClient.java:onNext(255)) - client-535162E20057->7049f9e8-7de6-4c8c-bf4c-9bb5512f4299: receive RaftClientReply:client-535162E20057->7049f9e8-7de6-4c8c-bf4c-9bb5512f4299@group-3B5DE3AEDFC2, cid=3450, SUCCESS, logIndex=5234, commits[7049f9e8-7de6-4c8c-bf4c-9bb5512f4299:c5234, 13d9ac51-91bf-4c73-8824-2f58fc5b2747:c5232, 15cd3569-c751-4f18-b157-6804e7d0f08c:c5232]
2019-07-10 06:00:05,617 INFO  client.GrpcClientProtocolClient (GrpcClientProtocolClient.java:onNext(255)) - client-535162E20057->7049f9e8-7de6-4c8c-bf4c-9bb5512f4299: receive RaftClientReply:client-535162E20057->7049f9e8-7de6-4c8c-bf4c-9bb5512f4299@group-3B5DE3AEDFC2, cid=3451, SUCCESS, logIndex=5237, commits[7049f9e8-7de6-4c8c-bf4c-9bb5512f4299:c5238, 13d9ac51-91bf-4c73-8824-2f58fc5b2747:c5233, 15cd3569-c751-4f18-b157-6804e7d0f08c:c5234]
2019-07-10 06:00:05,618 INFO  client.GrpcClientProtocolClient (GrpcClientProtocolClient.java:onNext(255)) - client-535162E20057->7049f9e8-7de6-4c8c-bf4c-9bb5512f4299: receive RaftClientReply:client-535162E20057->7049f9e8-7de6-4c8c-bf4c-9bb5512f4299@group-3B5DE3AEDFC2, cid=3452, SUCCESS, logIndex=5238, commits[7049f9e8-7de6-4c8c-bf4c-9bb5512f4299:c5238, 13d9ac51-91bf-4c73-8824-2f58fc5b2747:c5234, 15cd3569-c751-4f18-b157-6804e7d0f08c:c5234]
2019-07-10 06:00:05,632 INFO  client.GrpcClientProtocolClient (GrpcClientProtocolClient.java:onNext(255)) - client-535162E20057->7049f9e8-7de6-4c8c-bf4c-9bb5512f4299: receive RaftClientReply:client-535162E20057->7049f9e8-7de6-4c8c-bf4c-9bb5512f4299@group-3B5DE3AEDFC2, cid=3453, SUCCESS, logIndex=0, commits[7049f9e8-7de6-4c8c-bf4c-9bb5512f4299:c5239, 13d9ac51-91bf-4c73-8824-2f58fc5b2747:c5238, 15cd3569-c751-4f18-b157-6804e7d0f08c:c5238]
2019-07-10 06:00:05,667 INFO  client.GrpcClientProtocolClient (GrpcClientProtocolClient.java:onNext(255)) - client-535162E20057->7049f9e8-7de6-4c8c-bf4c-9bb5512f4299: receive RaftClientReply:client-535162E20057->7049f9e8-7de6-4c8c-bf4c-9bb5512f4299@group-3B5DE3AEDFC2, cid=3454, SUCCESS, logIndex=5241, commits[7049f9e8-7de6-4c8c-bf4c-9bb5512f4299:c5242, 13d9ac51-91bf-4c73-8824-2f58fc5b2747:c5240, 15cd3569-c751-4f18-b157-6804e7d0f08c:c5240]
2019-07-10 06:00:05,668 INFO  client.GrpcClientProtocolClient (GrpcClientProtocolClient.java:onNext(255)) - client-535162E20057->7049f9e8-7de6-4c8c-bf4c-9bb5512f4299: receive RaftClientReply:client-535162E20057->7049f9e8-7de6-4c8c-bf4c-9bb5512f4299@group-3B5DE3AEDFC2, cid=3455, SUCCESS, logIndex=5242, commits[7049f9e8-7de6-4c8c-bf4c-9bb5512f4299:c5242, 13d9ac51-91bf-4c73-8824-2f58fc5b2747:c5240, 15cd3569-c751-4f18-b157-6804e7d0f08c:c5240]
2019-07-10 06:00:05,668 INFO  client.GrpcClientProtocolClient (GrpcClientProtocolClient.java:onNext(255)) - client-535162E20057->7049f9e8-7de6-4c8c-bf4c-9bb5512f4299: receive RaftClientReply:client-535162E20057->7049f9e8-7de6-4c8c-bf4c-9bb5512f4299@group-3B5DE3AEDFC2, cid=3456, SUCCESS, logIndex=5243, commits[7049f9e8-7de6-4c8c-bf4c-9bb5512f4299:c5243, 13d9ac51-91bf-4c73-8824-2f58fc5b2747:c5240, 15cd3569-c751-4f18-b157-6804e7d0f08c:c5240]
2019-07-10 06:00:05,668 INFO  client.GrpcClientProtocolClient (GrpcClientProtocolClient.java:onNext(255)) - client-535162E20057->7049f9e8-7de6-4c8c-bf4c-9bb5512f4299: receive RaftClientReply:client-535162E20057->7049f9e8-7de6-4c8c-bf4c-9bb5512f4299@group-3B5DE3AEDFC2, cid=3457, SUCCESS, logIndex=5244, commits[7049f9e8-7de6-4c8c-bf4c-9bb5512f4299:c5244, 13d9ac51-91bf-4c73-8824-2f58fc5b2747:c5240, 15cd3569-c751-4f18-b157-6804e7d0f08c:c5240]
2019-07-10 06:00:05,682 INFO  client.GrpcClientProtocolClient (GrpcClientProtocolClient.java:onNext(255)) - client-535162E20057->7049f9e8-7de6-4c8c-bf4c-9bb5512f4299: receive RaftClientReply:client-535162E20057->7049f9e8-7de6-4c8c-bf4c-9bb5512f4299@group-3B5DE3AEDFC2, cid=3458, SUCCESS, logIndex=0, commits[7049f9e8-7de6-4c8c-bf4c-9bb5512f4299:c5246, 13d9ac51-91bf-4c73-8824-2f58fc5b2747:c5242, 15cd3569-c751-4f18-b157-6804e7d0f08c:c5242]
2019-07-10 06:00:05,705 INFO  client.GrpcClientProtocolClient (GrpcClientProtocolClient.java:onNext(255)) - client-535162E20057->7049f9e8-7de6-4c8c-bf4c-9bb5512f4299: receive RaftClientReply:client-535162E20057->7049f9e8-7de6-4c8c-bf4c-9bb5512f4299@group-3B5DE3AEDFC2, cid=3459, SUCCESS, logIndex=5249, commits[7049f9e8-7de6-4c8c-bf4c-9bb5512f4299:c5250, 13d9ac51-91bf-4c73-8824-2f58fc5b2747:c5248, 15cd3569-c751-4f18-b157-6804e7d0f08c:c5248]
2019-07-10 06:00:05,705 INFO  client.GrpcClientProtocolClient (GrpcClientProtocolClient.java:onNext(255)) - client-535162E20057->7049f9e8-7de6-4c8c-bf4c-9bb5512f4299: receive RaftClientReply:client-535162E20057->7049f9e8-7de6-4c8c-bf4c-9bb5512f4299@group-3B5DE3AEDFC2, cid=3460, SUCCESS, logIndex=5250, commits[7049f9e8-7de6-4c8c-bf4c-9bb5512f4299:c5250, 13d9ac51-91bf-4c73-8824-2f58fc5b2747:c5248, 15cd3569-c751-4f18-b157-6804e7d0f08c:c5248]
2019-07-10 06:00:05,727 INFO  client.GrpcClientProtocolClient (GrpcClientProtocolClient.java:onNext(255)) - client-535162E20057->7049f9e8-7de6-4c8c-bf4c-9bb5512f4299: receive RaftClientReply:client-535162E20057->7049f9e8-7de6-4c8c-bf4c-9bb5512f4299@group-3B5DE3AEDFC2, cid=3461, SUCCESS, logIndex=5253, commits[7049f9e8-7de6-4c8c-bf4c-9bb5512f4299:c5253, 13d9ac51-91bf-4c73-8824-2f58fc5b2747:c5250, 15cd3569-c751-4f18-b157-6804e7d0f08c:c5250]
2019-07-10 06:00:05,727 INFO  client.GrpcClientProtocolClient (GrpcClientProtocolClient.java:onNext(255)) - client-535162E20057->7049f9e8-7de6-4c8c-bf4c-9bb5512f4299: receive RaftClientReply:client-535162E20057->7049f9e8-7de6-4c8c-bf4c-9bb5512f4299@group-3B5DE3AEDFC2, cid=3462, SUCCESS, logIndex=5254, commits[7049f9e8-7de6-4c8c-bf4c-9bb5512f4299:c5254, 13d9ac51-91bf-4c73-8824-2f58fc5b2747:c5250, 15cd3569-c751-4f18-b157-6804e7d0f08c:c5250]
2019-07-10 06:00:05,741 INFO  client.GrpcClientProtocolClient (GrpcClientProtocolClient.java:onNext(255)) - client-535162E20057->7049f9e8-7de6-4c8c-bf4c-9bb5512f4299: receive RaftClientReply:client-535162E20057->7049f9e8-7de6-4c8c-bf4c-9bb5512f4299@group-3B5DE3AEDFC2, cid=3463, SUCCESS, logIndex=0, commits[7049f9e8-7de6-4c8c-bf4c-9bb5512f4299:c5256, 13d9ac51-91bf-4c73-8824-2f58fc5b2747:c5254, 15cd3569-c751-4f18-b157-6804e7d0f08c:c5254]
2019-07-10 06:00:05,776 INFO  client.GrpcClientProtocolClient (GrpcClientProtocolClient.java:onNext(255)) - client-535162E20057->7049f9e8-7de6-4c8c-bf4c-9bb5512f4299: receive RaftClientReply:client-535162E20057->7049f9e8-7de6-4c8c-bf4c-9bb5512f4299@group-3B5DE3AEDFC2, cid=3464, SUCCESS, logIndex=5257, commits[7049f9e8-7de6-4c8c-bf4c-9bb5512f4299:c5258, 13d9ac51-91bf-4c73-8824-2f58fc5b2747:c5256, 15cd3569-c751-4f18-b157-6804e7d0f08c:c5256]
2019-07-10 06:00:05,777 INFO  client.GrpcClientProtocolClient (GrpcClientProtocolClient.java:onNext(255)) - client-535162E20057->7049f9e8-7de6-4c8c-bf4c-9bb5512f4299: receive RaftClientReply:client-535162E20057->7049f9e8-7de6-4c8c-bf4c-9bb5512f4299@group-3B5DE3AEDFC2, cid=3465, SUCCESS, logIndex=5258, commits[7049f9e8-7de6-4c8c-bf4c-9bb5512f4299:c5258, 13d9ac51-91bf-4c73-8824-2f58fc5b2747:c5256, 15cd3569-c751-4f18-b157-6804e7d0f08c:c5256]
2019-07-10 06:00:05,778 INFO  client.GrpcClientProtocolClient (GrpcClientProtocolClient.java:onNext(255)) - client-535162E20057->7049f9e8-7de6-4c8c-bf4c-9bb5512f4299: receive RaftClientReply:client-535162E20057->7049f9e8-7de6-4c8c-bf4c-9bb5512f4299@group-3B5DE3AEDFC2, cid=3466, SUCCESS, logIndex=5259, commits[7049f9e8-7de6-4c8c-bf4c-9bb5512f4299:c5260, 13d9ac51-91bf-4c73-8824-2f58fc5b2747:c5256, 15cd3569-c751-4f18-b157-6804e7d0f08c:c5256]
2019-07-10 06:00:05,778 INFO  client.GrpcClientProtocolClient (GrpcClientProtocolClient.java:onNext(255)) - client-535162E20057->7049f9e8-7de6-4c8c-bf4c-9bb5512f4299: receive RaftClientReply:client-535162E20057->7049f9e8-7de6-4c8c-bf4c-9bb5512f4299@group-3B5DE3AEDFC2, cid=3467, SUCCESS, logIndex=5260, commits[7049f9e8-7de6-4c8c-bf4c-9bb5512f4299:c5260, 13d9ac51-91bf-4c73-8824-2f58fc5b2747:c5256, 15cd3569-c751-4f18-b157-6804e7d0f08c:c5256]
2019-07-10 06:00:05,791 INFO  client.GrpcClientProtocolClient (GrpcClientProtocolClient.java:onNext(255)) - client-535162E20057->7049f9e8-7de6-4c8c-bf4c-9bb5512f4299: receive RaftClientReply:client-535162E20057->7049f9e8-7de6-4c8c-bf4c-9bb5512f4299@group-3B5DE3AEDFC2, cid=3468, SUCCESS, logIndex=0, commits[7049f9e8-7de6-4c8c-bf4c-9bb5512f4299:c5262, 13d9ac51-91bf-4c73-8824-2f58fc5b2747:c5258, 15cd3569-c751-4f18-b157-6804e7d0f08c:c5258]
2019-07-10 06:00:05,811 INFO  client.GrpcClientProtocolClient (GrpcClientProtocolClient.java:onNext(255)) - client-535162E20057->7049f9e8-7de6-4c8c-bf4c-9bb5512f4299: receive RaftClientReply:client-535162E20057->7049f9e8-7de6-4c8c-bf4c-9bb5512f4299@group-3B5DE3AEDFC2, cid=3469, SUCCESS, logIndex=5265, commits[7049f9e8-7de6-4c8c-bf4c-9bb5512f4299:c5266, 13d9ac51-91bf-4c73-8824-2f58fc5b2747:c5264, 15cd3569-c751-4f18-b157-6804e7d0f08c:c5264]
2019-07-10 06:00:05,812 INFO  client.GrpcClientProtocolClient (GrpcClientProtocolClient.java:onNext(255)) - client-535162E20057->7049f9e8-7de6-4c8c-bf4c-9bb5512f4299: receive RaftClientReply:client-535162E20057->7049f9e8-7de6-4c8c-bf4c-9bb5512f4299@group-3B5DE3AEDFC2, cid=3470, SUCCESS, logIndex=5266, commits[7049f9e8-7de6-4c8c-bf4c-9bb5512f4299:c5266, 13d9ac51-91bf-4c73-8824-2f58fc5b2747:c5264, 15cd3569-c751-4f18-b157-6804e7d0f08c:c5264]
2019-07-10 06:00:05,825 INFO  client.GrpcClientProtocolClient (GrpcClientProtocolClient.java:onNext(255)) - client-535162E20057->7049f9e8-7de6-4c8c-bf4c-9bb5512f4299: receive RaftClientReply:client-535162E20057->7049f9e8-7de6-4c8c-bf4c-9bb5512f4299@group-3B5DE3AEDFC2, cid=3471, SUCCESS, logIndex=5269, commits[7049f9e8-7de6-4c8c-bf4c-9bb5512f4299:c5270, 13d9ac51-91bf-4c73-8824-2f58fc5b2747:c5265, 15cd3569-c751-4f18-b157-6804e7d0f08c:c5266]
2019-07-10 06:00:05,826 INFO  client.GrpcClientProtocolClient (GrpcClientProtocolClient.java:onNext(255)) - client-535162E20057->7049f9e8-7de6-4c8c-bf4c-9bb5512f4299: receive RaftClientReply:client-535162E20057->7049f9e8-7de6-4c8c-bf4c-9bb5512f4299@group-3B5DE3AEDFC2, cid=3472, SUCCESS, logIndex=5270, commits[7049f9e8-7de6-4c8c-bf4c-9bb5512f4299:c5270, 13d9ac51-91bf-4c73-8824-2f58fc5b2747:c5266, 15cd3569-c751-4f18-b157-6804e7d0f08c:c5266]
2019-07-10 06:00:05,827 INFO  client.GrpcClientProtocolClient (GrpcClientProtocolClient.java:onNext(255)) - client-535162E20057->7049f9e8-7de6-4c8c-bf4c-9bb5512f4299: receive RaftClientReply:client-535162E20057->7049f9e8-7de6-4c8c-bf4c-9bb5512f4299@group-3B5DE3AEDFC2, cid=3473, SUCCESS, logIndex=0, commits[7049f9e8-7de6-4c8c-bf4c-9bb5512f4299:c5271, 13d9ac51-91bf-4c73-8824-2f58fc5b2747:c5270, 15cd3569-c751-4f18-b157-6804e7d0f08c:c5270]
2019-07-10 06:00:05,868 INFO  client.GrpcClientProtocolClient (GrpcClientProtocolClient.java:onNext(255)) - client-535162E20057->7049f9e8-7de6-4c8c-bf4c-9bb5512f4299: receive RaftClientReply:client-535162E20057->7049f9e8-7de6-4c8c-bf4c-9bb5512f4299@group-3B5DE3AEDFC2, cid=3474, SUCCESS, logIndex=5273, commits[7049f9e8-7de6-4c8c-bf4c-9bb5512f4299:c5274, 13d9ac51-91bf-4c73-8824-2f58fc5b2747:c5272, 15cd3569-c751-4f18-b157-6804e7d0f08c:c5272]
2019-07-10 06:00:05,869 INFO  client.GrpcClientProtocolClient (GrpcClientProtocolClient.java:onNext(255)) - client-535162E20057->7049f9e8-7de6-4c8c-bf4c-9bb5512f4299: receive RaftClientReply:client-535162E20057->7049f9e8-7de6-4c8c-bf4c-9bb5512f4299@group-3B5DE3AEDFC2, cid=3475, SUCCESS, logIndex=5274, commits[7049f9e8-7de6-4c8c-bf4c-9bb5512f4299:c5276, 13d9ac51-91bf-4c73-8824-2f58fc5b2747:c5272, 15cd3569-c751-4f18-b157-6804e7d0f08c:c5272]
2019-07-10 06:00:05,870 INFO  client.GrpcClientProtocolClient (GrpcClientProtocolClient.java:onNext(255)) - client-535162E20057->7049f9e8-7de6-4c8c-bf4c-9bb5512f4299: receive RaftClientReply:client-535162E20057->7049f9e8-7de6-4c8c-bf4c-9bb5512f4299@group-3B5DE3AEDFC2, cid=3476, SUCCESS, logIndex=5275, commits[7049f9e8-7de6-4c8c-bf4c-9bb5512f4299:c5278, 13d9ac51-91bf-4c73-8824-2f58fc5b2747:c5272, 15cd3569-c751-4f18-b157-6804e7d0f08c:c5272]
2019-07-10 06:00:05,870 INFO  client.GrpcClientProtocolClient (GrpcClientProtocolClient.java:onNext(255)) - client-535162E20057->7049f9e8-7de6-4c8c-bf4c-9bb5512f4299: receive RaftClientReply:client-535162E20057->7049f9e8-7de6-4c8c-bf4c-9bb5512f4299@group-3B5DE3AEDFC2, cid=3477, SUCCESS, logIndex=5276, commits[7049f9e8-7de6-4c8c-bf4c-9bb5512f4299:c5278, 13d9ac51-91bf-4c73-8824-2f58fc5b2747:c5272, 15cd3569-c751-4f18-b157-6804e7d0f08c:c5272]
2019-07-10 06:00:05,883 INFO  client.GrpcClientProtocolClient (GrpcClientProtocolClient.java:onNext(255)) - client-535162E20057->7049f9e8-7de6-4c8c-bf4c-9bb5512f4299: receive RaftClientReply:client-535162E20057->7049f9e8-7de6-4c8c-bf4c-9bb5512f4299@group-3B5DE3AEDFC2, cid=3478, SUCCESS, logIndex=0, commits[7049f9e8-7de6-4c8c-bf4c-9bb5512f4299:c5279, 13d9ac51-91bf-4c73-8824-2f58fc5b2747:c5276, 15cd3569-c751-4f18-b157-6804e7d0f08c:c5276]
2019-07-10 06:00:05,905 INFO  client.GrpcClientProtocolClient (GrpcClientProtocolClient.java:onNext(255)) - client-535162E20057->7049f9e8-7de6-4c8c-bf4c-9bb5512f4299: receive RaftClientReply:client-535162E20057->7049f9e8-7de6-4c8c-bf4c-9bb5512f4299@group-3B5DE3AEDFC2, cid=3479, SUCCESS, logIndex=5280, commits[7049f9e8-7de6-4c8c-bf4c-9bb5512f4299:c5280, 13d9ac51-91bf-4c73-8824-2f58fc5b2747:c5279, 15cd3569-c751-4f18-b157-6804e7d0f08c:c5279]
2019-07-10 06:00:05,905 INFO  client.GrpcClientProtocolClient (GrpcClientProtocolClient.java:onNext(255)) - client-535162E20057->7049f9e8-7de6-4c8c-bf4c-9bb5512f4299: receive RaftClientReply:client-535162E20057->7049f9e8-7de6-4c8c-bf4c-9bb5512f4299@group-3B5DE3AEDFC2, cid=3480, SUCCESS, logIndex=5281, commits[7049f9e8-7de6-4c8c-bf4c-9bb5512f4299:c5281, 13d9ac51-91bf-4c73-8824-2f58fc5b2747:c5279, 15cd3569-c751-4f18-b157-6804e7d0f08c:c5279]
2019-07-10 06:00:05,930 INFO  client.GrpcClientProtocolClient (GrpcClientProtocolClient.java:onNext(255)) - client-535162E20057->7049f9e8-7de6-4c8c-bf4c-9bb5512f4299: receive RaftClientReply:client-535162E20057->7049f9e8-7de6-4c8c-bf4c-9bb5512f4299@group-3B5DE3AEDFC2, cid=3481, SUCCESS, logIndex=5284, commits[7049f9e8-7de6-4c8c-bf4c-9bb5512f4299:c5284, 13d9ac51-91bf-4c73-8824-2f58fc5b2747:c5281, 15cd3569-c751-4f18-b157-6804e7d0f08c:c5281]
2019-07-10 06:00:05,931 INFO  client.GrpcClientProtocolClient (GrpcClientProtocolClient.java:onNext(255)) - client-535162E20057->7049f9e8-7de6-4c8c-bf4c-9bb5512f4299: receive RaftClientReply:client-535162E20057->7049f9e8-7de6-4c8c-bf4c-9bb5512f4299@group-3B5DE3AEDFC2, cid=3482, SUCCESS, logIndex=5285, commits[7049f9e8-7de6-4c8c-bf4c-9bb5512f4299:c5285, 13d9ac51-91bf-4c73-8824-2f58fc5b2747:c5281, 15cd3569-c751-4f18-b157-6804e7d0f08c:c5281]
2019-07-10 06:00:05,936 INFO  client.GrpcClientProtocolClient (GrpcClientProtocolClient.java:onNext(255)) - client-535162E20057->7049f9e8-7de6-4c8c-bf4c-9bb5512f4299: receive RaftClientReply:client-535162E20057->7049f9e8-7de6-4c8c-bf4c-9bb5512f4299@group-3B5DE3AEDFC2, cid=3483, SUCCESS, logIndex=0, commits[7049f9e8-7de6-4c8c-bf4c-9bb5512f4299:c5286, 13d9ac51-91bf-4c73-8824-2f58fc5b2747:c5285, 15cd3569-c751-4f18-b157-6804e7d0f08c:c5285]
2019-07-10 06:00:05,984 INFO  client.GrpcClientProtocolClient (GrpcClientProtocolClient.java:onNext(255)) - client-535162E20057->7049f9e8-7de6-4c8c-bf4c-9bb5512f4299: receive RaftClientReply:client-535162E20057->7049f9e8-7de6-4c8c-bf4c-9bb5512f4299@group-3B5DE3AEDFC2, cid=3484, SUCCESS, logIndex=5288, commits[7049f9e8-7de6-4c8c-bf4c-9bb5512f4299:c5289, 13d9ac51-91bf-4c73-8824-2f58fc5b2747:c5287, 15cd3569-c751-4f18-b157-6804e7d0f08c:c5287]
2019-07-10 06:00:05,985 INFO  client.GrpcClientProtocolClient (GrpcClientProtocolClient.java:onNext(255)) - client-535162E20057->7049f9e8-7de6-4c8c-bf4c-9bb5512f4299: receive RaftClientReply:client-535162E20057->7049f9e8-7de6-4c8c-bf4c-9bb5512f4299@group-3B5DE3AEDFC2, cid=3485, SUCCESS, logIndex=5289, commits[7049f9e8-7de6-4c8c-bf4c-9bb5512f4299:c5289, 13d9ac51-91bf-4c73-8824-2f58fc5b2747:c5287, 15cd3569-c751-4f18-b157-6804e7d0f08c:c5287]
2019-07-10 06:00:05,985 INFO  client.GrpcClientProtocolClient (GrpcClientProtocolClient.java:onNext(255)) - client-535162E20057->7049f9e8-7de6-4c8c-bf4c-9bb5512f4299: receive RaftClientReply:client-535162E20057->7049f9e8-7de6-4c8c-bf4c-9bb5512f4299@group-3B5DE3AEDFC2, cid=3486, SUCCESS, logIndex=5290, commits[7049f9e8-7de6-4c8c-bf4c-9bb5512f4299:c5291, 13d9ac51-91bf-4c73-8824-2f58fc5b2747:c5287, 15cd3569-c751-4f18-b157-6804e7d0f08c:c5287]
2019-07-10 06:00:05,986 INFO  client.GrpcClientProtocolClient (GrpcClientProtocolClient.java:onNext(255)) - client-535162E20057->7049f9e8-7de6-4c8c-bf4c-9bb5512f4299: receive RaftClientReply:client-535162E20057->7049f9e8-7de6-4c8c-bf4c-9bb5512f4299@group-3B5DE3AEDFC2, cid=3487, SUCCESS, logIndex=5291, commits[7049f9e8-7de6-4c8c-bf4c-9bb5512f4299:c5291, 13d9ac51-91bf-4c73-8824-2f58fc5b2747:c5287, 15cd3569-c751-4f18-b157-6804e7d0f08c:c5287]
2019-07-10 06:00:05,999 INFO  client.GrpcClientProtocolClient (GrpcClientProtocolClient.java:onNext(255)) - client-535162E20057->7049f9e8-7de6-4c8c-bf4c-9bb5512f4299: receive RaftClientReply:client-535162E20057->7049f9e8-7de6-4c8c-bf4c-9bb5512f4299@group-3B5DE3AEDFC2, cid=3488, SUCCESS, logIndex=0, commits[7049f9e8-7de6-4c8c-bf4c-9bb5512f4299:c5293, 13d9ac51-91bf-4c73-8824-2f58fc5b2747:c5289, 15cd3569-c751-4f18-b157-6804e7d0f08c:c5289]
2019-07-10 06:00:06,015 INFO  client.GrpcClientProtocolClient (GrpcClientProtocolClient.java:onNext(255)) - client-535162E20057->7049f9e8-7de6-4c8c-bf4c-9bb5512f4299: receive RaftClientReply:client-535162E20057->7049f9e8-7de6-4c8c-bf4c-9bb5512f4299@group-3B5DE3AEDFC2, cid=3489, SUCCESS, logIndex=5296, commits[7049f9e8-7de6-4c8c-bf4c-9bb5512f4299:c5297, 13d9ac51-91bf-4c73-8824-2f58fc5b2747:c5295, 15cd3569-c751-4f18-b157-6804e7d0f08c:c5295]
2019-07-10 06:00:06,016 INFO  client.GrpcClientProtocolClient (GrpcClientProtocolClient.java:onNext(255)) - client-535162E20057->7049f9e8-7de6-4c8c-bf4c-9bb5512f4299: receive RaftClientReply:client-535162E20057->7049f9e8-7de6-4c8c-bf4c-9bb5512f4299@group-3B5DE3AEDFC2, cid=3490, SUCCESS, logIndex=5297, commits[7049f9e8-7de6-4c8c-bf4c-9bb5512f4299:c5297, 13d9ac51-91bf-4c73-8824-2f58fc5b2747:c5295, 15cd3569-c751-4f18-b157-6804e7d0f08c:c5295]
2019-07-10 06:00:06,029 INFO  client.GrpcClientProtocolClient (GrpcClientProtocolClient.java:onNext(255)) - client-535162E20057->7049f9e8-7de6-4c8c-bf4c-9bb5512f4299: receive RaftClientReply:client-535162E20057->7049f9e8-7de6-4c8c-bf4c-9bb5512f4299@group-3B5DE3AEDFC2, cid=3491, SUCCESS, logIndex=5300, commits[7049f9e8-7de6-4c8c-bf4c-9bb5512f4299:c5301, 13d9ac51-91bf-4c73-8824-2f58fc5b2747:c5296, 15cd3569-c751-4f18-b157-6804e7d0f08c:c5297]
2019-07-10 06:00:06,029 INFO  client.GrpcClientProtocolClient (GrpcClientProtocolClient.java:onNext(255)) - client-535162E20057->7049f9e8-7de6-4c8c-bf4c-9bb5512f4299: receive RaftClientReply:client-535162E20057->7049f9e8-7de6-4c8c-bf4c-9bb5512f4299@group-3B5DE3AEDFC2, cid=3492, SUCCESS, logIndex=5301, commits[7049f9e8-7de6-4c8c-bf4c-9bb5512f4299:c5301, 13d9ac51-91bf-4c73-8824-2f58fc5b2747:c5296, 15cd3569-c751-4f18-b157-6804e7d0f08c:c5297]
2019-07-10 06:00:06,030 INFO  client.GrpcClientProtocolClient (GrpcClientProtocolClient.java:onNext(255)) - client-535162E20057->7049f9e8-7de6-4c8c-bf4c-9bb5512f4299: receive RaftClientReply:client-535162E20057->7049f9e8-7de6-4c8c-bf4c-9bb5512f4299@group-3B5DE3AEDFC2, cid=3493, SUCCESS, logIndex=0, commits[7049f9e8-7de6-4c8c-bf4c-9bb5512f4299:c5301, 13d9ac51-91bf-4c73-8824-2f58fc5b2747:c5297, 15cd3569-c751-4f18-b157-6804e7d0f08c:c5297]
2019-07-10 06:00:06,043 INFO  client.GrpcClientProtocolClient (GrpcClientProtocolClient.java:onNext(255)) - client-535162E20057->7049f9e8-7de6-4c8c-bf4c-9bb5512f4299: receive RaftClientReply:client-535162E20057->7049f9e8-7de6-4c8c-bf4c-9bb5512f4299@group-3B5DE3AEDFC2, cid=3494, SUCCESS, logIndex=0, commits[7049f9e8-7de6-4c8c-bf4c-9bb5512f4299:c5303, 13d9ac51-91bf-4c73-8824-2f58fc5b2747:c5301, 15cd3569-c751-4f18-b157-6804e7d0f08c:c5301]
2019-07-10 06:00:06,079 INFO  client.GrpcClientProtocolClient (GrpcClientProtocolClient.java:onNext(255)) - client-535162E20057->7049f9e8-7de6-4c8c-bf4c-9bb5512f4299: receive RaftClientReply:client-535162E20057->7049f9e8-7de6-4c8c-bf4c-9bb5512f4299@group-3B5DE3AEDFC2, cid=3495, SUCCESS, logIndex=5304, commits[7049f9e8-7de6-4c8c-bf4c-9bb5512f4299:c5305, 13d9ac51-91bf-4c73-8824-2f58fc5b2747:c5303, 15cd3569-c751-4f18-b157-6804e7d0f08c:c5303]
2019-07-10 06:00:06,080 INFO  client.GrpcClientProtocolClient (GrpcClientProtocolClient.java:onNext(255)) - client-535162E20057->7049f9e8-7de6-4c8c-bf4c-9bb5512f4299: receive RaftClientReply:client-535162E20057->7049f9e8-7de6-4c8c-bf4c-9bb5512f4299@group-3B5DE3AEDFC2, cid=3496, SUCCESS, logIndex=5305, commits[7049f9e8-7de6-4c8c-bf4c-9bb5512f4299:c5305, 13d9ac51-91bf-4c73-8824-2f58fc5b2747:c5303, 15cd3569-c751-4f18-b157-6804e7d0f08c:c5303]
2019-07-10 06:00:06,088 INFO  client.GrpcClientProtocolClient (GrpcClientProtocolClient.java:onNext(255)) - client-535162E20057->7049f9e8-7de6-4c8c-bf4c-9bb5512f4299: receive RaftClientReply:client-535162E20057->7049f9e8-7de6-4c8c-bf4c-9bb5512f4299@group-3B5DE3AEDFC2, cid=3497, SUCCESS, logIndex=5306, commits[7049f9e8-7de6-4c8c-bf4c-9bb5512f4299:c5307, 13d9ac51-91bf-4c73-8824-2f58fc5b2747:c5303, 15cd3569-c751-4f18-b157-6804e7d0f08c:c5303]
2019-07-10 06:00:06,089 INFO  client.GrpcClientProtocolClient (GrpcClientProtocolClient.java:onNext(255)) - client-535162E20057->7049f9e8-7de6-4c8c-bf4c-9bb5512f4299: receive RaftClientReply:client-535162E20057->7049f9e8-7de6-4c8c-bf4c-9bb5512f4299@group-3B5DE3AEDFC2, cid=3498, SUCCESS, logIndex=5307, commits[7049f9e8-7de6-4c8c-bf4c-9bb5512f4299:c5307, 13d9ac51-91bf-4c73-8824-2f58fc5b2747:c5303, 15cd3569-c751-4f18-b157-6804e7d0f08c:c5303]
2019-07-10 06:00:06,104 INFO  client.GrpcClientProtocolClient (GrpcClientProtocolClient.java:onNext(255)) - client-535162E20057->7049f9e8-7de6-4c8c-bf4c-9bb5512f4299: receive RaftClientReply:client-535162E20057->7049f9e8-7de6-4c8c-bf4c-9bb5512f4299@group-3B5DE3AEDFC2, cid=3499, SUCCESS, logIndex=0, commits[7049f9e8-7de6-4c8c-bf4c-9bb5512f4299:c5309, 13d9ac51-91bf-4c73-8824-2f58fc5b2747:c5305, 15cd3569-c751-4f18-b157-6804e7d0f08c:c5307]
2019-07-10 06:00:06,128 INFO  client.GrpcClientProtocolClient (GrpcClientProtocolClient.java:onNext(255)) - client-535162E20057->7049f9e8-7de6-4c8c-bf4c-9bb5512f4299: receive RaftClientReply:client-535162E20057->7049f9e8-7de6-4c8c-bf4c-9bb5512f4299@group-3B5DE3AEDFC2, cid=3500, SUCCESS, logIndex=5311, commits[7049f9e8-7de6-4c8c-bf4c-9bb5512f4299:c5312, 13d9ac51-91bf-4c73-8824-2f58fc5b2747:c5307, 15cd3569-c751-4f18-b157-6804e7d0f08c:c5309]
2019-07-10 06:00:06,128 INFO  client.GrpcClientProtocolClient (GrpcClientProtocolClient.java:onNext(255)) - client-535162E20057->7049f9e8-7de6-4c8c-bf4c-9bb5512f4299: receive RaftClientReply:client-535162E20057->7049f9e8-7de6-4c8c-bf4c-9bb5512f4299@group-3B5DE3AEDFC2, cid=3501, SUCCESS, logIndex=5312, commits[7049f9e8-7de6-4c8c-bf4c-9bb5512f4299:c5312, 13d9ac51-91bf-4c73-8824-2f58fc5b2747:c5309, 15cd3569-c751-4f18-b157-6804e7d0f08c:c5309]
2019-07-10 06:00:06,156 INFO  client.GrpcClientProtocolClient (GrpcClientProtocolClient.java:onNext(255)) - client-535162E20057->7049f9e8-7de6-4c8c-bf4c-9bb5512f4299: receive RaftClientReply:client-535162E20057->7049f9e8-7de6-4c8c-bf4c-9bb5512f4299@group-3B5DE3AEDFC2, cid=3502, SUCCESS, logIndex=5315, commits[7049f9e8-7de6-4c8c-bf4c-9bb5512f4299:c5316, 13d9ac51-91bf-4c73-8824-2f58fc5b2747:c5313, 15cd3569-c751-4f18-b157-6804e7d0f08c:c5312]
2019-07-10 06:00:06,156 INFO  client.GrpcClientProtocolClient (GrpcClientProtocolClient.java:onNext(255)) - client-535162E20057->7049f9e8-7de6-4c8c-bf4c-9bb5512f4299: receive RaftClientReply:client-535162E20057->7049f9e8-7de6-4c8c-bf4c-9bb5512f4299@group-3B5DE3AEDFC2, cid=3503, SUCCESS, logIndex=5316, commits[7049f9e8-7de6-4c8c-bf4c-9bb5512f4299:c5316, 13d9ac51-91bf-4c73-8824-2f58fc5b2747:c5313, 15cd3569-c751-4f18-b157-6804e7d0f08c:c5313]
2019-07-10 06:00:06,162 INFO  client.GrpcClientProtocolClient (GrpcClientProtocolClient.java:onNext(255)) - client-535162E20057->7049f9e8-7de6-4c8c-bf4c-9bb5512f4299: receive RaftClientReply:client-535162E20057->7049f9e8-7de6-4c8c-bf4c-9bb5512f4299@group-3B5DE3AEDFC2, cid=3504, SUCCESS, logIndex=0, commits[7049f9e8-7de6-4c8c-bf4c-9bb5512f4299:c5318, 13d9ac51-91bf-4c73-8824-2f58fc5b2747:c5316, 15cd3569-c751-4f18-b157-6804e7d0f08c:c5316]
2019-07-10 06:00:06,194 INFO  client.GrpcClientProtocolClient (GrpcClientProtocolClient.java:onNext(255)) - client-535162E20057->7049f9e8-7de6-4c8c-bf4c-9bb5512f4299: receive RaftClientReply:client-535162E20057->7049f9e8-7de6-4c8c-bf4c-9bb5512f4299@group-3B5DE3AEDFC2, cid=3505, SUCCESS, logIndex=5319, commits[7049f9e8-7de6-4c8c-bf4c-9bb5512f4299:c5319, 13d9ac51-91bf-4c73-8824-2f58fc5b2747:c5318, 15cd3569-c751-4f18-b157-6804e7d0f08c:c5318]
2019-07-10 06:00:06,194 INFO  client.GrpcClientProtocolClient (GrpcClientProtocolClient.java:onNext(255)) - client-535162E20057->7049f9e8-7de6-4c8c-bf4c-9bb5512f4299: receive RaftClientReply:client-535162E20057->7049f9e8-7de6-4c8c-bf4c-9bb5512f4299@group-3B5DE3AEDFC2, cid=3506, SUCCESS, logIndex=5320, commits[7049f9e8-7de6-4c8c-bf4c-9bb5512f4299:c5320, 13d9ac51-91bf-4c73-8824-2f58fc5b2747:c5318, 15cd3569-c751-4f18-b157-6804e7d0f08c:c5318]
2019-07-10 06:00:06,194 INFO  client.GrpcClientProtocolClient (GrpcClientProtocolClient.java:onNext(255)) - client-535162E20057->7049f9e8-7de6-4c8c-bf4c-9bb5512f4299: receive RaftClientReply:client-535162E20057->7049f9e8-7de6-4c8c-bf4c-9bb5512f4299@group-3B5DE3AEDFC2, cid=3507, SUCCESS, logIndex=5321, commits[7049f9e8-7de6-4c8c-bf4c-9bb5512f4299:c5321, 13d9ac51-91bf-4c73-8824-2f58fc5b2747:c5318, 15cd3569-c751-4f18-b157-6804e7d0f08c:c5318]
2019-07-10 06:00:06,195 INFO  client.GrpcClientProtocolClient (GrpcClientProtocolClient.java:onNext(255)) - client-535162E20057->7049f9e8-7de6-4c8c-bf4c-9bb5512f4299: receive RaftClientReply:client-535162E20057->7049f9e8-7de6-4c8c-bf4c-9bb5512f4299@group-3B5DE3AEDFC2, cid=3508, SUCCESS, logIndex=5322, commits[7049f9e8-7de6-4c8c-bf4c-9bb5512f4299:c5322, 13d9ac51-91bf-4c73-8824-2f58fc5b2747:c5318, 15cd3569-c751-4f18-b157-6804e7d0f08c:c5318]
2019-07-10 06:00:06,199 INFO  client.GrpcClientProtocolClient (GrpcClientProtocolClient.java:onNext(255)) - client-535162E20057->7049f9e8-7de6-4c8c-bf4c-9bb5512f4299: receive RaftClientReply:client-535162E20057->7049f9e8-7de6-4c8c-bf4c-9bb5512f4299@group-3B5DE3AEDFC2, cid=3509, SUCCESS, logIndex=0, commits[7049f9e8-7de6-4c8c-bf4c-9bb5512f4299:c5324, 13d9ac51-91bf-4c73-8824-2f58fc5b2747:c5320, 15cd3569-c751-4f18-b157-6804e7d0f08c:c5320]
2019-07-10 06:00:06,230 INFO  client.GrpcClientProtocolClient (GrpcClientProtocolClient.java:onNext(255)) - client-535162E20057->7049f9e8-7de6-4c8c-bf4c-9bb5512f4299: receive RaftClientReply:client-535162E20057->7049f9e8-7de6-4c8c-bf4c-9bb5512f4299@group-3B5DE3AEDFC2, cid=3510, SUCCESS, logIndex=5327, commits[7049f9e8-7de6-4c8c-bf4c-9bb5512f4299:c5328, 13d9ac51-91bf-4c73-8824-2f58fc5b2747:c5326, 15cd3569-c751-4f18-b157-6804e7d0f08c:c5326]
2019-07-10 06:00:06,231 INFO  client.GrpcClientProtocolClient (GrpcClientProtocolClient.java:onNext(255)) - client-535162E20057->7049f9e8-7de6-4c8c-bf4c-9bb5512f4299: receive RaftClientReply:client-535162E20057->7049f9e8-7de6-4c8c-bf4c-9bb5512f4299@group-3B5DE3AEDFC2, cid=3511, SUCCESS, logIndex=5328, commits[7049f9e8-7de6-4c8c-bf4c-9bb5512f4299:c5328, 13d9ac51-91bf-4c73-8824-2f58fc5b2747:c5326, 15cd3569-c751-4f18-b157-6804e7d0f08c:c5326]
2019-07-10 06:00:06,247 INFO  client.GrpcClientProtocolClient (GrpcClientProtocolClient.java:onNext(255)) - client-535162E20057->7049f9e8-7de6-4c8c-bf4c-9bb5512f4299: receive RaftClientReply:client-535162E20057->7049f9e8-7de6-4c8c-bf4c-9bb5512f4299@group-3B5DE3AEDFC2, cid=3512, SUCCESS, logIndex=5331, commits[7049f9e8-7de6-4c8c-bf4c-9bb5512f4299:c5332, 13d9ac51-91bf-4c73-8824-2f58fc5b2747:c5329, 15cd3569-c751-4f18-b157-6804e7d0f08c:c5329]
2019-07-10 06:00:06,247 INFO  client.GrpcClientProtocolClient (GrpcClientProtocolClient.java:onNext(255)) - client-535162E20057->7049f9e8-7de6-4c8c-bf4c-9bb5512f4299: receive RaftClientReply:client-535162E20057->7049f9e8-7de6-4c8c-bf4c-9bb5512f4299@group-3B5DE3AEDFC2, cid=3513, SUCCESS, logIndex=5332, commits[7049f9e8-7de6-4c8c-bf4c-9bb5512f4299:c5332, 13d9ac51-91bf-4c73-8824-2f58fc5b2747:c5329, 15cd3569-c751-4f18-b157-6804e7d0f08c:c5329]
2019-07-10 06:00:06,261 INFO  client.GrpcClientProtocolClient (GrpcClientProtocolClient.java:onNext(255)) - client-535162E20057->7049f9e8-7de6-4c8c-bf4c-9bb5512f4299: receive RaftClientReply:client-535162E20057->7049f9e8-7de6-4c8c-bf4c-9bb5512f4299@group-3B5DE3AEDFC2, cid=3514, SUCCESS, logIndex=0, commits[7049f9e8-7de6-4c8c-bf4c-9bb5512f4299:c5334, 13d9ac51-91bf-4c73-8824-2f58fc5b2747:c5332, 15cd3569-c751-4f18-b157-6804e7d0f08c:c5332]
2019-07-10 06:00:06,302 INFO  client.GrpcClientProtocolClient (GrpcClientProtocolClient.java:onNext(255)) - client-535162E20057->7049f9e8-7de6-4c8c-bf4c-9bb5512f4299: receive RaftClientReply:client-535162E20057->7049f9e8-7de6-4c8c-bf4c-9bb5512f4299@group-3B5DE3AEDFC2, cid=3515, SUCCESS, logIndex=5335, commits[7049f9e8-7de6-4c8c-bf4c-9bb5512f4299:c5336, 13d9ac51-91bf-4c73-8824-2f58fc5b2747:c5334, 15cd3569-c751-4f18-b157-6804e7d0f08c:c5334]
2019-07-10 06:00:06,303 INFO  client.GrpcClientProtocolClient (GrpcClientProtocolClient.java:onNext(255)) - client-535162E20057->7049f9e8-7de6-4c8c-bf4c-9bb5512f4299: receive RaftClientReply:client-535162E20057->7049f9e8-7de6-4c8c-bf4c-9bb5512f4299@group-3B5DE3AEDFC2, cid=3516, SUCCESS, logIndex=5336, commits[7049f9e8-7de6-4c8c-bf4c-9bb5512f4299:c5336, 13d9ac51-91bf-4c73-8824-2f58fc5b2747:c5334, 15cd3569-c751-4f18-b157-6804e7d0f08c:c5334]
2019-07-10 06:00:06,318 INFO  client.GrpcClientProtocolClient (GrpcClientProtocolClient.java:onNext(255)) - client-535162E20057->7049f9e8-7de6-4c8c-bf4c-9bb5512f4299: receive RaftClientReply:client-535162E20057->7049f9e8-7de6-4c8c-bf4c-9bb5512f4299@group-3B5DE3AEDFC2, cid=3517, SUCCESS, logIndex=5337, commits[7049f9e8-7de6-4c8c-bf4c-9bb5512f4299:c5338, 13d9ac51-91bf-4c73-8824-2f58fc5b2747:c5334, 15cd3569-c751-4f18-b157-6804e7d0f08c:c5334]
2019-07-10 06:00:06,318 INFO  client.GrpcClientProtocolClient (GrpcClientProtocolClient.java:onNext(255)) - client-535162E20057->7049f9e8-7de6-4c8c-bf4c-9bb5512f4299: receive RaftClientReply:client-535162E20057->7049f9e8-7de6-4c8c-bf4c-9bb5512f4299@group-3B5DE3AEDFC2, cid=3518, SUCCESS, logIndex=5338, commits[7049f9e8-7de6-4c8c-bf4c-9bb5512f4299:c5338, 13d9ac51-91bf-4c73-8824-2f58fc5b2747:c5334, 15cd3569-c751-4f18-b157-6804e7d0f08c:c5334]
2019-07-10 06:00:06,329 INFO  client.GrpcClientProtocolClient (GrpcClientProtocolClient.java:onNext(255)) - client-535162E20057->7049f9e8-7de6-4c8c-bf4c-9bb5512f4299: receive RaftClientReply:client-535162E20057->7049f9e8-7de6-4c8c-bf4c-9bb5512f4299@group-3B5DE3AEDFC2, cid=3519, SUCCESS, logIndex=0, commits[7049f9e8-7de6-4c8c-bf4c-9bb5512f4299:c5340, 13d9ac51-91bf-4c73-8824-2f58fc5b2747:c5336, 15cd3569-c751-4f18-b157-6804e7d0f08c:c5336]
2019-07-10 06:00:06,354 INFO  client.GrpcClientProtocolClient (GrpcClientProtocolClient.java:onNext(255)) - client-535162E20057->7049f9e8-7de6-4c8c-bf4c-9bb5512f4299: receive RaftClientReply:client-535162E20057->7049f9e8-7de6-4c8c-bf4c-9bb5512f4299@group-3B5DE3AEDFC2, cid=3520, SUCCESS, logIndex=5342, commits[7049f9e8-7de6-4c8c-bf4c-9bb5512f4299:c5343, 13d9ac51-91bf-4c73-8824-2f58fc5b2747:c5340, 15cd3569-c751-4f18-b157-6804e7d0f08c:c5340]
2019-07-10 06:00:06,354 INFO  client.GrpcClientProtocolClient (GrpcClientProtocolClient.java:onNext(255)) - client-535162E20057->7049f9e8-7de6-4c8c-bf4c-9bb5512f4299: receive RaftClientReply:client-535162E20057->7049f9e8-7de6-4c8c-bf4c-9bb5512f4299@group-3B5DE3AEDFC2, cid=3521, SUCCESS, logIndex=5343, commits[7049f9e8-7de6-4c8c-bf4c-9bb5512f4299:c5343, 13d9ac51-91bf-4c73-8824-2f58fc5b2747:c5340, 15cd3569-c751-4f18-b157-6804e7d0f08c:c5340]
2019-07-10 06:00:06,366 INFO  client.GrpcClientProtocolClient (GrpcClientProtocolClient.java:onNext(255)) - client-535162E20057->7049f9e8-7de6-4c8c-bf4c-9bb5512f4299: receive RaftClientReply:client-535162E20057->7049f9e8-7de6-4c8c-bf4c-9bb5512f4299@group-3B5DE3AEDFC2, cid=3522, SUCCESS, logIndex=5346, commits[7049f9e8-7de6-4c8c-bf4c-9bb5512f4299:c5347, 13d9ac51-91bf-4c73-8824-2f58fc5b2747:c5345, 15cd3569-c751-4f18-b157-6804e7d0f08c:c5345]
2019-07-10 06:00:06,366 INFO  client.GrpcClientProtocolClient (GrpcClientProtocolClient.java:onNext(255)) - client-535162E20057->7049f9e8-7de6-4c8c-bf4c-9bb5512f4299: receive RaftClientReply:client-535162E20057->7049f9e8-7de6-4c8c-bf4c-9bb5512f4299@group-3B5DE3AEDFC2, cid=3523, SUCCESS, logIndex=5347, commits[7049f9e8-7de6-4c8c-bf4c-9bb5512f4299:c5347, 13d9ac51-91bf-4c73-8824-2f58fc5b2747:c5345, 15cd3569-c751-4f18-b157-6804e7d0f08c:c5345]
2019-07-10 06:00:06,368 INFO  client.GrpcClientProtocolClient (GrpcClientProtocolClient.java:onNext(255)) - client-535162E20057->7049f9e8-7de6-4c8c-bf4c-9bb5512f4299: receive RaftClientReply:client-535162E20057->7049f9e8-7de6-4c8c-bf4c-9bb5512f4299@group-3B5DE3AEDFC2, cid=3524, SUCCESS, logIndex=0, commits[7049f9e8-7de6-4c8c-bf4c-9bb5512f4299:c5348, 13d9ac51-91bf-4c73-8824-2f58fc5b2747:c5347, 15cd3569-c751-4f18-b157-6804e7d0f08c:c5347]
2019-07-10 06:00:06,517 INFO  client.GrpcClientProtocolClient (GrpcClientProtocolClient.java:onNext(255)) - client-535162E20057->7049f9e8-7de6-4c8c-bf4c-9bb5512f4299: receive RaftClientReply:client-535162E20057->7049f9e8-7de6-4c8c-bf4c-9bb5512f4299@group-3B5DE3AEDFC2, cid=3525, SUCCESS, logIndex=5350, commits[7049f9e8-7de6-4c8c-bf4c-9bb5512f4299:c5350, 13d9ac51-91bf-4c73-8824-2f58fc5b2747:c5349, 15cd3569-c751-4f18-b157-6804e7d0f08c:c5349]
2019-07-10 06:00:06,518 INFO  client.GrpcClientProtocolClient (GrpcClientProtocolClient.java:onNext(255)) - client-535162E20057->7049f9e8-7de6-4c8c-bf4c-9bb5512f4299: receive RaftClientReply:client-535162E20057->7049f9e8-7de6-4c8c-bf4c-9bb5512f4299@group-3B5DE3AEDFC2, cid=3526, SUCCESS, logIndex=5351, commits[7049f9e8-7de6-4c8c-bf4c-9bb5512f4299:c5353, 13d9ac51-91bf-4c73-8824-2f58fc5b2747:c5349, 15cd3569-c751-4f18-b157-6804e7d0f08c:c5349]
2019-07-10 06:00:06,518 INFO  client.GrpcClientProtocolClient (GrpcClientProtocolClient.java:onNext(255)) - client-535162E20057->7049f9e8-7de6-4c8c-bf4c-9bb5512f4299: receive RaftClientReply:client-535162E20057->7049f9e8-7de6-4c8c-bf4c-9bb5512f4299@group-3B5DE3AEDFC2, cid=3527, SUCCESS, logIndex=5352, commits[7049f9e8-7de6-4c8c-bf4c-9bb5512f4299:c5353, 13d9ac51-91bf-4c73-8824-2f58fc5b2747:c5349, 15cd3569-c751-4f18-b157-6804e7d0f08c:c5349]
2019-07-10 06:00:06,518 INFO  client.GrpcClientProtocolClient (GrpcClientProtocolClient.java:onNext(255)) - client-535162E20057->7049f9e8-7de6-4c8c-bf4c-9bb5512f4299: receive RaftClientReply:client-535162E20057->7049f9e8-7de6-4c8c-bf4c-9bb5512f4299@group-3B5DE3AEDFC2, cid=3528, SUCCESS, logIndex=5353, commits[7049f9e8-7de6-4c8c-bf4c-9bb5512f4299:c5353, 13d9ac51-91bf-4c73-8824-2f58fc5b2747:c5349, 15cd3569-c751-4f18-b157-6804e7d0f08c:c5349]
2019-07-10 06:00:06,540 INFO  client.GrpcClientProtocolClient (GrpcClientProtocolClient.java:onNext(255)) - client-535162E20057->7049f9e8-7de6-4c8c-bf4c-9bb5512f4299: receive RaftClientReply:client-535162E20057->7049f9e8-7de6-4c8c-bf4c-9bb5512f4299@group-3B5DE3AEDFC2, cid=3529, SUCCESS, logIndex=0, commits[7049f9e8-7de6-4c8c-bf4c-9bb5512f4299:c5355, 13d9ac51-91bf-4c73-8824-2f58fc5b2747:c5351, 15cd3569-c751-4f18-b157-6804e7d0f08c:c5351]
2019-07-10 06:00:06,549 INFO  segmented.SegmentedRaftLogWorker (SegmentedRaftLogWorker.java:rollLogSegment(385)) - 7049f9e8-7de6-4c8c-bf4c-9bb5512f4299-SegmentedRaftLogWorker:Storage Directory /tmp/workdir/hadoop-ozone/tools/target/test-dir/MiniOzoneClusterImpl-53fb8b51-ff8e-490f-8b89-2f913717a74b/datanode-4/data/ratis/1ffe1d64-93ba-47b2-8d4f-3b5de3aedfc2: Rolling segment log-0_5358 to index:5358
2019-07-10 06:00:06,553 INFO  segmented.SegmentedRaftLogWorker (SegmentedRaftLogWorker.java:rollLogSegment(385)) - 15cd3569-c751-4f18-b157-6804e7d0f08c-SegmentedRaftLogWorker:Storage Directory /tmp/workdir/hadoop-ozone/tools/target/test-dir/MiniOzoneClusterImpl-53fb8b51-ff8e-490f-8b89-2f913717a74b/datanode-1/data/ratis/1ffe1d64-93ba-47b2-8d4f-3b5de3aedfc2: Rolling segment log-0_5358 to index:5358
2019-07-10 06:00:06,553 INFO  segmented.SegmentedRaftLogWorker (SegmentedRaftLogWorker.java:rollLogSegment(385)) - 13d9ac51-91bf-4c73-8824-2f58fc5b2747-SegmentedRaftLogWorker:Storage Directory /tmp/workdir/hadoop-ozone/tools/target/test-dir/MiniOzoneClusterImpl-53fb8b51-ff8e-490f-8b89-2f913717a74b/datanode-3/data/ratis/1ffe1d64-93ba-47b2-8d4f-3b5de3aedfc2: Rolling segment log-0_5358 to index:5358
2019-07-10 06:00:06,563 INFO  segmented.SegmentedRaftLogWorker (SegmentedRaftLogWorker.java:execute(526)) - 7049f9e8-7de6-4c8c-bf4c-9bb5512f4299-SegmentedRaftLogWorker:Storage Directory /tmp/workdir/hadoop-ozone/tools/target/test-dir/MiniOzoneClusterImpl-53fb8b51-ff8e-490f-8b89-2f913717a74b/datanode-4/data/ratis/1ffe1d64-93ba-47b2-8d4f-3b5de3aedfc2: Rolled log segment from /tmp/workdir/hadoop-ozone/tools/target/test-dir/MiniOzoneClusterImpl-53fb8b51-ff8e-490f-8b89-2f913717a74b/datanode-4/data/ratis/1ffe1d64-93ba-47b2-8d4f-3b5de3aedfc2/current/log_inprogress_0 to /tmp/workdir/hadoop-ozone/tools/target/test-dir/MiniOzoneClusterImpl-53fb8b51-ff8e-490f-8b89-2f913717a74b/datanode-4/data/ratis/1ffe1d64-93ba-47b2-8d4f-3b5de3aedfc2/current/log_0-5358
2019-07-10 06:00:06,563 INFO  segmented.SegmentedRaftLogWorker (SegmentedRaftLogWorker.java:execute(526)) - 15cd3569-c751-4f18-b157-6804e7d0f08c-SegmentedRaftLogWorker:Storage Directory /tmp/workdir/hadoop-ozone/tools/target/test-dir/MiniOzoneClusterImpl-53fb8b51-ff8e-490f-8b89-2f913717a74b/datanode-1/data/ratis/1ffe1d64-93ba-47b2-8d4f-3b5de3aedfc2: Rolled log segment from /tmp/workdir/hadoop-ozone/tools/target/test-dir/MiniOzoneClusterImpl-53fb8b51-ff8e-490f-8b89-2f913717a74b/datanode-1/data/ratis/1ffe1d64-93ba-47b2-8d4f-3b5de3aedfc2/current/log_inprogress_0 to /tmp/workdir/hadoop-ozone/tools/target/test-dir/MiniOzoneClusterImpl-53fb8b51-ff8e-490f-8b89-2f913717a74b/datanode-1/data/ratis/1ffe1d64-93ba-47b2-8d4f-3b5de3aedfc2/current/log_0-5358
2019-07-10 06:00:06,563 INFO  segmented.SegmentedRaftLogWorker (SegmentedRaftLogWorker.java:execute(526)) - 13d9ac51-91bf-4c73-8824-2f58fc5b2747-SegmentedRaftLogWorker:Storage Directory /tmp/workdir/hadoop-ozone/tools/target/test-dir/MiniOzoneClusterImpl-53fb8b51-ff8e-490f-8b89-2f913717a74b/datanode-3/data/ratis/1ffe1d64-93ba-47b2-8d4f-3b5de3aedfc2: Rolled log segment from /tmp/workdir/hadoop-ozone/tools/target/test-dir/MiniOzoneClusterImpl-53fb8b51-ff8e-490f-8b89-2f913717a74b/datanode-3/data/ratis/1ffe1d64-93ba-47b2-8d4f-3b5de3aedfc2/current/log_inprogress_0 to /tmp/workdir/hadoop-ozone/tools/target/test-dir/MiniOzoneClusterImpl-53fb8b51-ff8e-490f-8b89-2f913717a74b/datanode-3/data/ratis/1ffe1d64-93ba-47b2-8d4f-3b5de3aedfc2/current/log_0-5358
2019-07-10 06:00:06,568 INFO  client.GrpcClientProtocolClient (GrpcClientProtocolClient.java:onNext(255)) - client-535162E20057->7049f9e8-7de6-4c8c-bf4c-9bb5512f4299: receive RaftClientReply:client-535162E20057->7049f9e8-7de6-4c8c-bf4c-9bb5512f4299@group-3B5DE3AEDFC2, cid=3530, SUCCESS, logIndex=5358, commits[7049f9e8-7de6-4c8c-bf4c-9bb5512f4299:c5358, 13d9ac51-91bf-4c73-8824-2f58fc5b2747:c5357, 15cd3569-c751-4f18-b157-6804e7d0f08c:c5357]
 0.00% |█                                                                                                    |  0/1 Time: 0:00:312019-07-10 06:00:06,599 INFO  segmented.SegmentedRaftLogWorker (SegmentedRaftLogWorker.java:execute(569)) - 7049f9e8-7de6-4c8c-bf4c-9bb5512f4299-SegmentedRaftLogWorker:Storage Directory /tmp/workdir/hadoop-ozone/tools/target/test-dir/MiniOzoneClusterImpl-53fb8b51-ff8e-490f-8b89-2f913717a74b/datanode-4/data/ratis/1ffe1d64-93ba-47b2-8d4f-3b5de3aedfc2: created new log segment /tmp/workdir/hadoop-ozone/tools/target/test-dir/MiniOzoneClusterImpl-53fb8b51-ff8e-490f-8b89-2f913717a74b/datanode-4/data/ratis/1ffe1d64-93ba-47b2-8d4f-3b5de3aedfc2/current/log_inprogress_5359
2019-07-10 06:00:06,599 INFO  segmented.SegmentedRaftLogWorker (SegmentedRaftLogWorker.java:execute(569)) - 13d9ac51-91bf-4c73-8824-2f58fc5b2747-SegmentedRaftLogWorker:Storage Directory /tmp/workdir/hadoop-ozone/tools/target/test-dir/MiniOzoneClusterImpl-53fb8b51-ff8e-490f-8b89-2f913717a74b/datanode-3/data/ratis/1ffe1d64-93ba-47b2-8d4f-3b5de3aedfc2: created new log segment /tmp/workdir/hadoop-ozone/tools/target/test-dir/MiniOzoneClusterImpl-53fb8b51-ff8e-490f-8b89-2f913717a74b/datanode-3/data/ratis/1ffe1d64-93ba-47b2-8d4f-3b5de3aedfc2/current/log_inprogress_5359
2019-07-10 06:00:06,599 INFO  segmented.SegmentedRaftLogWorker (SegmentedRaftLogWorker.java:execute(569)) - 15cd3569-c751-4f18-b157-6804e7d0f08c-SegmentedRaftLogWorker:Storage Directory /tmp/workdir/hadoop-ozone/tools/target/test-dir/MiniOzoneClusterImpl-53fb8b51-ff8e-490f-8b89-2f913717a74b/datanode-1/data/ratis/1ffe1d64-93ba-47b2-8d4f-3b5de3aedfc2: created new log segment /tmp/workdir/hadoop-ozone/tools/target/test-dir/MiniOzoneClusterImpl-53fb8b51-ff8e-490f-8b89-2f913717a74b/datanode-1/data/ratis/1ffe1d64-93ba-47b2-8d4f-3b5de3aedfc2/current/log_inprogress_5359
2019-07-10 06:00:06,617 INFO  client.GrpcClientProtocolClient (GrpcClientProtocolClient.java:onNext(255)) - client-535162E20057->7049f9e8-7de6-4c8c-bf4c-9bb5512f4299: receive RaftClientReply:client-535162E20057->7049f9e8-7de6-4c8c-bf4c-9bb5512f4299@group-3B5DE3AEDFC2, cid=3531, SUCCESS, logIndex=5359, commits[7049f9e8-7de6-4c8c-bf4c-9bb5512f4299:c5359, 13d9ac51-91bf-4c73-8824-2f58fc5b2747:c5358, 15cd3569-c751-4f18-b157-6804e7d0f08c:c5358]
2019-07-10 06:00:06,641 INFO  client.GrpcClientProtocolClient (GrpcClientProtocolClient.java:onNext(255)) - client-535162E20057->7049f9e8-7de6-4c8c-bf4c-9bb5512f4299: receive RaftClientReply:client-535162E20057->7049f9e8-7de6-4c8c-bf4c-9bb5512f4299@group-3B5DE3AEDFC2, cid=3532, SUCCESS, logIndex=5362, commits[7049f9e8-7de6-4c8c-bf4c-9bb5512f4299:c5363, 13d9ac51-91bf-4c73-8824-2f58fc5b2747:c5359, 15cd3569-c751-4f18-b157-6804e7d0f08c:c5360]
2019-07-10 06:00:06,641 INFO  client.GrpcClientProtocolClient (GrpcClientProtocolClient.java:onNext(255)) - client-535162E20057->7049f9e8-7de6-4c8c-bf4c-9bb5512f4299: receive RaftClientReply:client-535162E20057->7049f9e8-7de6-4c8c-bf4c-9bb5512f4299@group-3B5DE3AEDFC2, cid=3533, SUCCESS, logIndex=5363, commits[7049f9e8-7de6-4c8c-bf4c-9bb5512f4299:c5363, 13d9ac51-91bf-4c73-8824-2f58fc5b2747:c5360, 15cd3569-c751-4f18-b157-6804e7d0f08c:c5360]
2019-07-10 06:00:06,655 INFO  client.GrpcClientProtocolClient (GrpcClientProtocolClient.java:onNext(255)) - client-535162E20057->7049f9e8-7de6-4c8c-bf4c-9bb5512f4299: receive RaftClientReply:client-535162E20057->7049f9e8-7de6-4c8c-bf4c-9bb5512f4299@group-3B5DE3AEDFC2, cid=3534, SUCCESS, logIndex=0, commits[7049f9e8-7de6-4c8c-bf4c-9bb5512f4299:c5364, 13d9ac51-91bf-4c73-8824-2f58fc5b2747:c5363, 15cd3569-c751-4f18-b157-6804e7d0f08c:c5363]
2019-07-10 06:00:06,685 INFO  client.GrpcClientProtocolClient (GrpcClientProtocolClient.java:onNext(255)) - client-535162E20057->7049f9e8-7de6-4c8c-bf4c-9bb5512f4299: receive RaftClientReply:client-535162E20057->7049f9e8-7de6-4c8c-bf4c-9bb5512f4299@group-3B5DE3AEDFC2, cid=3535, SUCCESS, logIndex=5366, commits[7049f9e8-7de6-4c8c-bf4c-9bb5512f4299:c5367, 13d9ac51-91bf-4c73-8824-2f58fc5b2747:c5365, 15cd3569-c751-4f18-b157-6804e7d0f08c:c5365]
2019-07-10 06:00:06,688 INFO  client.GrpcClientProtocolClient (GrpcClientProtocolClient.java:onNext(255)) - client-535162E20057->7049f9e8-7de6-4c8c-bf4c-9bb5512f4299: receive RaftClientReply:client-535162E20057->7049f9e8-7de6-4c8c-bf4c-9bb5512f4299@group-3B5DE3AEDFC2, cid=3536, SUCCESS, logIndex=5367, commits[7049f9e8-7de6-4c8c-bf4c-9bb5512f4299:c5368, 13d9ac51-91bf-4c73-8824-2f58fc5b2747:c5365, 15cd3569-c751-4f18-b157-6804e7d0f08c:c5365]
2019-07-10 06:00:06,689 INFO  client.GrpcClientProtocolClient (GrpcClientProtocolClient.java:onNext(255)) - client-535162E20057->7049f9e8-7de6-4c8c-bf4c-9bb5512f4299: receive RaftClientReply:client-535162E20057->7049f9e8-7de6-4c8c-bf4c-9bb5512f4299@group-3B5DE3AEDFC2, cid=3537, SUCCESS, logIndex=5368, commits[7049f9e8-7de6-4c8c-bf4c-9bb5512f4299:c5369, 13d9ac51-91bf-4c73-8824-2f58fc5b2747:c5365, 15cd3569-c751-4f18-b157-6804e7d0f08c:c5365]
2019-07-10 06:00:06,689 INFO  client.GrpcClientProtocolClient (GrpcClientProtocolClient.java:onNext(255)) - client-535162E20057->7049f9e8-7de6-4c8c-bf4c-9bb5512f4299: receive RaftClientReply:client-535162E20057->7049f9e8-7de6-4c8c-bf4c-9bb5512f4299@group-3B5DE3AEDFC2, cid=3538, SUCCESS, logIndex=5369, commits[7049f9e8-7de6-4c8c-bf4c-9bb5512f4299:c5369, 13d9ac51-91bf-4c73-8824-2f58fc5b2747:c5365, 15cd3569-c751-4f18-b157-6804e7d0f08c:c5365]
2019-07-10 06:00:06,691 INFO  client.GrpcClientProtocolClient (GrpcClientProtocolClient.java:onNext(255)) - client-535162E20057->7049f9e8-7de6-4c8c-bf4c-9bb5512f4299: receive RaftClientReply:client-535162E20057->7049f9e8-7de6-4c8c-bf4c-9bb5512f4299@group-3B5DE3AEDFC2, cid=3539, SUCCESS, logIndex=0, commits[7049f9e8-7de6-4c8c-bf4c-9bb5512f4299:c5373, 13d9ac51-91bf-4c73-8824-2f58fc5b2747:c5367, 15cd3569-c751-4f18-b157-6804e7d0f08c:c5369]
2019-07-10 06:00:06,703 INFO  client.GrpcClientProtocolClient (GrpcClientProtocolClient.java:onNext(255)) - client-535162E20057->7049f9e8-7de6-4c8c-bf4c-9bb5512f4299: receive RaftClientReply:client-535162E20057->7049f9e8-7de6-4c8c-bf4c-9bb5512f4299@group-3B5DE3AEDFC2, cid=3540, SUCCESS, logIndex=5374, commits[7049f9e8-7de6-4c8c-bf4c-9bb5512f4299:c5375, 13d9ac51-91bf-4c73-8824-2f58fc5b2747:c5369, 15cd3569-c751-4f18-b157-6804e7d0f08c:c5373]
2019-07-10 06:00:06,703 INFO  client.GrpcClientProtocolClient (GrpcClientProtocolClient.java:onNext(255)) - client-535162E20057->7049f9e8-7de6-4c8c-bf4c-9bb5512f4299: receive RaftClientReply:client-535162E20057->7049f9e8-7de6-4c8c-bf4c-9bb5512f4299@group-3B5DE3AEDFC2, cid=3541, SUCCESS, logIndex=5375, commits[7049f9e8-7de6-4c8c-bf4c-9bb5512f4299:c5375, 13d9ac51-91bf-4c73-8824-2f58fc5b2747:c5373, 15cd3569-c751-4f18-b157-6804e7d0f08c:c5373]
2019-07-10 06:00:06,714 INFO  client.GrpcClientProtocolClient (GrpcClientProtocolClient.java:onNext(255)) - client-535162E20057->7049f9e8-7de6-4c8c-bf4c-9bb5512f4299: receive RaftClientReply:client-535162E20057->7049f9e8-7de6-4c8c-bf4c-9bb5512f4299@group-3B5DE3AEDFC2, cid=3542, SUCCESS, logIndex=5377, commits[7049f9e8-7de6-4c8c-bf4c-9bb5512f4299:c5378, 13d9ac51-91bf-4c73-8824-2f58fc5b2747:c5375, 15cd3569-c751-4f18-b157-6804e7d0f08c:c5376]
2019-07-10 06:00:06,714 INFO  client.GrpcClientProtocolClient (GrpcClientProtocolClient.java:onNext(255)) - client-535162E20057->7049f9e8-7de6-4c8c-bf4c-9bb5512f4299: receive RaftClientReply:client-535162E20057->7049f9e8-7de6-4c8c-bf4c-9bb5512f4299@group-3B5DE3AEDFC2, cid=3543, SUCCESS, logIndex=5378, commits[7049f9e8-7de6-4c8c-bf4c-9bb5512f4299:c5378, 13d9ac51-91bf-4c73-8824-2f58fc5b2747:c5376, 15cd3569-c751-4f18-b157-6804e7d0f08c:c5376]
2019-07-10 06:00:06,719 INFO  client.GrpcClientProtocolClient (GrpcClientProtocolClient.java:onNext(255)) - client-535162E20057->7049f9e8-7de6-4c8c-bf4c-9bb5512f4299: receive RaftClientReply:client-535162E20057->7049f9e8-7de6-4c8c-bf4c-9bb5512f4299@group-3B5DE3AEDFC2, cid=3544, SUCCESS, logIndex=0, commits[7049f9e8-7de6-4c8c-bf4c-9bb5512f4299:c5380, 13d9ac51-91bf-4c73-8824-2f58fc5b2747:c5378, 15cd3569-c751-4f18-b157-6804e7d0f08c:c5378]
2019-07-10 06:00:06,744 INFO  client.GrpcClientProtocolClient (GrpcClientProtocolClient.java:onNext(255)) - client-535162E20057->7049f9e8-7de6-4c8c-bf4c-9bb5512f4299: receive RaftClientReply:client-535162E20057->7049f9e8-7de6-4c8c-bf4c-9bb5512f4299@group-3B5DE3AEDFC2, cid=3545, SUCCESS, logIndex=5381, commits[7049f9e8-7de6-4c8c-bf4c-9bb5512f4299:c5382, 13d9ac51-91bf-4c73-8824-2f58fc5b2747:c5380, 15cd3569-c751-4f18-b157-6804e7d0f08c:c5380]
2019-07-10 06:00:06,745 INFO  client.GrpcClientProtocolClient (GrpcClientProtocolClient.java:onNext(255)) - client-535162E20057->7049f9e8-7de6-4c8c-bf4c-9bb5512f4299: receive RaftClientReply:client-535162E20057->7049f9e8-7de6-4c8c-bf4c-9bb5512f4299@group-3B5DE3AEDFC2, cid=3546, SUCCESS, logIndex=5382, commits[7049f9e8-7de6-4c8c-bf4c-9bb5512f4299:c5383, 13d9ac51-91bf-4c73-8824-2f58fc5b2747:c5380, 15cd3569-c751-4f18-b157-6804e7d0f08c:c5380]
2019-07-10 06:00:06,745 INFO  client.GrpcClientProtocolClient (GrpcClientProtocolClient.java:onNext(255)) - client-535162E20057->7049f9e8-7de6-4c8c-bf4c-9bb5512f4299: receive RaftClientReply:client-535162E20057->7049f9e8-7de6-4c8c-bf4c-9bb5512f4299@group-3B5DE3AEDFC2, cid=3547, SUCCESS, logIndex=5383, commits[7049f9e8-7de6-4c8c-bf4c-9bb5512f4299:c5384, 13d9ac51-91bf-4c73-8824-2f58fc5b2747:c5380, 15cd3569-c751-4f18-b157-6804e7d0f08c:c5380]
2019-07-10 06:00:06,745 INFO  client.GrpcClientProtocolClient (GrpcClientProtocolClient.java:onNext(255)) - client-535162E20057->7049f9e8-7de6-4c8c-bf4c-9bb5512f4299: receive RaftClientReply:client-535162E20057->7049f9e8-7de6-4c8c-bf4c-9bb5512f4299@group-3B5DE3AEDFC2, cid=3548, SUCCESS, logIndex=5384, commits[7049f9e8-7de6-4c8c-bf4c-9bb5512f4299:c5384, 13d9ac51-91bf-4c73-8824-2f58fc5b2747:c5380, 15cd3569-c751-4f18-b157-6804e7d0f08c:c5380]
2019-07-10 06:00:06,759 INFO  client.GrpcClientProtocolClient (GrpcClientProtocolClient.java:onNext(255)) - client-535162E20057->7049f9e8-7de6-4c8c-bf4c-9bb5512f4299: receive RaftClientReply:client-535162E20057->7049f9e8-7de6-4c8c-bf4c-9bb5512f4299@group-3B5DE3AEDFC2, cid=3549, SUCCESS, logIndex=0, commits[7049f9e8-7de6-4c8c-bf4c-9bb5512f4299:c5386, 13d9ac51-91bf-4c73-8824-2f58fc5b2747:c5382, 15cd3569-c751-4f18-b157-6804e7d0f08c:c5382]
2019-07-10 06:00:06,778 INFO  client.GrpcClientProtocolClient (GrpcClientProtocolClient.java:onNext(255)) - client-535162E20057->7049f9e8-7de6-4c8c-bf4c-9bb5512f4299: receive RaftClientReply:client-535162E20057->7049f9e8-7de6-4c8c-bf4c-9bb5512f4299@group-3B5DE3AEDFC2, cid=3550, SUCCESS, logIndex=5389, commits[7049f9e8-7de6-4c8c-bf4c-9bb5512f4299:c5389, 13d9ac51-91bf-4c73-8824-2f58fc5b2747:c5388, 15cd3569-c751-4f18-b157-6804e7d0f08c:c5388]
2019-07-10 06:00:06,778 INFO  client.GrpcClientProtocolClient (GrpcClientProtocolClient.java:onNext(255)) - client-535162E20057->7049f9e8-7de6-4c8c-bf4c-9bb5512f4299: receive RaftClientReply:client-535162E20057->7049f9e8-7de6-4c8c-bf4c-9bb5512f4299@group-3B5DE3AEDFC2, cid=3551, SUCCESS, logIndex=5390, commits[7049f9e8-7de6-4c8c-bf4c-9bb5512f4299:c5390, 13d9ac51-91bf-4c73-8824-2f58fc5b2747:c5388, 15cd3569-c751-4f18-b157-6804e7d0f08c:c5388]
2019-07-10 06:00:06,791 INFO  client.GrpcClientProtocolClient (GrpcClientProtocolClient.java:onNext(255)) - client-535162E20057->7049f9e8-7de6-4c8c-bf4c-9bb5512f4299: receive RaftClientReply:client-535162E20057->7049f9e8-7de6-4c8c-bf4c-9bb5512f4299@group-3B5DE3AEDFC2, cid=3552, SUCCESS, logIndex=5393, commits[7049f9e8-7de6-4c8c-bf4c-9bb5512f4299:c5394, 13d9ac51-91bf-4c73-8824-2f58fc5b2747:c5390, 15cd3569-c751-4f18-b157-6804e7d0f08c:c5390]
2019-07-10 06:00:06,791 INFO  client.GrpcClientProtocolClient (GrpcClientProtocolClient.java:onNext(255)) - client-535162E20057->7049f9e8-7de6-4c8c-bf4c-9bb5512f4299: receive RaftClientReply:client-535162E20057->7049f9e8-7de6-4c8c-bf4c-9bb5512f4299@group-3B5DE3AEDFC2, cid=3553, SUCCESS, logIndex=5394, commits[7049f9e8-7de6-4c8c-bf4c-9bb5512f4299:c5394, 13d9ac51-91bf-4c73-8824-2f58fc5b2747:c5390, 15cd3569-c751-4f18-b157-6804e7d0f08c:c5390]
2019-07-10 06:00:06,805 INFO  client.GrpcClientProtocolClient (GrpcClientProtocolClient.java:onNext(255)) - client-535162E20057->7049f9e8-7de6-4c8c-bf4c-9bb5512f4299: receive RaftClientReply:client-535162E20057->7049f9e8-7de6-4c8c-bf4c-9bb5512f4299@group-3B5DE3AEDFC2, cid=3554, SUCCESS, logIndex=0, commits[7049f9e8-7de6-4c8c-bf4c-9bb5512f4299:c5395, 13d9ac51-91bf-4c73-8824-2f58fc5b2747:c5394, 15cd3569-c751-4f18-b157-6804e7d0f08c:c5394]
2019-07-10 06:00:06,831 INFO  client.GrpcClientProtocolClient (GrpcClientProtocolClient.java:onNext(255)) - client-535162E20057->7049f9e8-7de6-4c8c-bf4c-9bb5512f4299: receive RaftClientReply:client-535162E20057->7049f9e8-7de6-4c8c-bf4c-9bb5512f4299@group-3B5DE3AEDFC2, cid=3555, SUCCESS, logIndex=5397, commits[7049f9e8-7de6-4c8c-bf4c-9bb5512f4299:c5398, 13d9ac51-91bf-4c73-8824-2f58fc5b2747:c5396, 15cd3569-c751-4f18-b157-6804e7d0f08c:c5396]
2019-07-10 06:00:06,832 INFO  client.GrpcClientProtocolClient (GrpcClientProtocolClient.java:onNext(255)) - client-535162E20057->7049f9e8-7de6-4c8c-bf4c-9bb5512f4299: receive RaftClientReply:client-535162E20057->7049f9e8-7de6-4c8c-bf4c-9bb5512f4299@group-3B5DE3AEDFC2, cid=3556, SUCCESS, logIndex=5398, commits[7049f9e8-7de6-4c8c-bf4c-9bb5512f4299:c5398, 13d9ac51-91bf-4c73-8824-2f58fc5b2747:c5396, 15cd3569-c751-4f18-b157-6804e7d0f08c:c5396]
2019-07-10 06:00:06,833 INFO  client.GrpcClientProtocolClient (GrpcClientProtocolClient.java:onNext(255)) - client-535162E20057->7049f9e8-7de6-4c8c-bf4c-9bb5512f4299: receive RaftClientReply:client-535162E20057->7049f9e8-7de6-4c8c-bf4c-9bb5512f4299@group-3B5DE3AEDFC2, cid=3557, SUCCESS, logIndex=5399, commits[7049f9e8-7de6-4c8c-bf4c-9bb5512f4299:c5400, 13d9ac51-91bf-4c73-8824-2f58fc5b2747:c5396, 15cd3569-c751-4f18-b157-6804e7d0f08c:c5396]
2019-07-10 06:00:06,834 INFO  client.GrpcClientProtocolClient (GrpcClientProtocolClient.java:onNext(255)) - client-535162E20057->7049f9e8-7de6-4c8c-bf4c-9bb5512f4299: receive RaftClientReply:client-535162E20057->7049f9e8-7de6-4c8c-bf4c-9bb5512f4299@group-3B5DE3AEDFC2, cid=3558, SUCCESS, logIndex=5400, commits[7049f9e8-7de6-4c8c-bf4c-9bb5512f4299:c5400, 13d9ac51-91bf-4c73-8824-2f58fc5b2747:c5396, 15cd3569-c751-4f18-b157-6804e7d0f08c:c5396]
2019-07-10 06:00:06,857 INFO  client.GrpcClientProtocolClient (GrpcClientProtocolClient.java:onNext(255)) - client-535162E20057->7049f9e8-7de6-4c8c-bf4c-9bb5512f4299: receive RaftClientReply:client-535162E20057->7049f9e8-7de6-4c8c-bf4c-9bb5512f4299@group-3B5DE3AEDFC2, cid=3559, SUCCESS, logIndex=0, commits[7049f9e8-7de6-4c8c-bf4c-9bb5512f4299:c5401, 13d9ac51-91bf-4c73-8824-2f58fc5b2747:c5398, 15cd3569-c751-4f18-b157-6804e7d0f08c:c5398]
2019-07-10 06:00:06,878 INFO  client.GrpcClientProtocolClient (GrpcClientProtocolClient.java:onNext(255)) - client-535162E20057->7049f9e8-7de6-4c8c-bf4c-9bb5512f4299: receive RaftClientReply:client-535162E20057->7049f9e8-7de6-4c8c-bf4c-9bb5512f4299@group-3B5DE3AEDFC2, cid=3560, SUCCESS, logIndex=5405, commits[7049f9e8-7de6-4c8c-bf4c-9bb5512f4299:c5406, 13d9ac51-91bf-4c73-8824-2f58fc5b2747:c5404, 15cd3569-c751-4f18-b157-6804e7d0f08c:c5404]
2019-07-10 06:00:06,878 INFO  client.GrpcClientProtocolClient (GrpcClientProtocolClient.java:onNext(255)) - client-535162E20057->7049f9e8-7de6-4c8c-bf4c-9bb5512f4299: receive RaftClientReply:client-535162E20057->7049f9e8-7de6-4c8c-bf4c-9bb5512f4299@group-3B5DE3AEDFC2, cid=3561, SUCCESS, logIndex=5406, commits[7049f9e8-7de6-4c8c-bf4c-9bb5512f4299:c5406, 13d9ac51-91bf-4c73-8824-2f58fc5b2747:c5404, 15cd3569-c751-4f18-b157-6804e7d0f08c:c5404]
2019-07-10 06:00:06,893 INFO  client.GrpcClientProtocolClient (GrpcClientProtocolClient.java:onNext(255)) - client-535162E20057->7049f9e8-7de6-4c8c-bf4c-9bb5512f4299: receive RaftClientReply:client-535162E20057->7049f9e8-7de6-4c8c-bf4c-9bb5512f4299@group-3B5DE3AEDFC2, cid=3562, SUCCESS, logIndex=5409, commits[7049f9e8-7de6-4c8c-bf4c-9bb5512f4299:c5409, 13d9ac51-91bf-4c73-8824-2f58fc5b2747:c5406, 15cd3569-c751-4f18-b157-6804e7d0f08c:c5406]
2019-07-10 06:00:06,893 INFO  client.GrpcClientProtocolClient (GrpcClientProtocolClient.java:onNext(255)) - client-535162E20057->7049f9e8-7de6-4c8c-bf4c-9bb5512f4299: receive RaftClientReply:client-535162E20057->7049f9e8-7de6-4c8c-bf4c-9bb5512f4299@group-3B5DE3AEDFC2, cid=3563, SUCCESS, logIndex=5410, commits[7049f9e8-7de6-4c8c-bf4c-9bb5512f4299:c5410, 13d9ac51-91bf-4c73-8824-2f58fc5b2747:c5406, 15cd3569-c751-4f18-b157-6804e7d0f08c:c5406]
2019-07-10 06:00:06,920 INFO  client.GrpcClientProtocolClient (GrpcClientProtocolClient.java:onNext(255)) - client-535162E20057->7049f9e8-7de6-4c8c-bf4c-9bb5512f4299: receive RaftClientReply:client-535162E20057->7049f9e8-7de6-4c8c-bf4c-9bb5512f4299@group-3B5DE3AEDFC2, cid=3564, SUCCESS, logIndex=0, commits[7049f9e8-7de6-4c8c-bf4c-9bb5512f4299:c5412, 13d9ac51-91bf-4c73-8824-2f58fc5b2747:c5410, 15cd3569-c751-4f18-b157-6804e7d0f08c:c5410]
2019-07-10 06:00:06,950 INFO  client.GrpcClientProtocolClient (GrpcClientProtocolClient.java:onNext(255)) - client-535162E20057->7049f9e8-7de6-4c8c-bf4c-9bb5512f4299: receive RaftClientReply:client-535162E20057->7049f9e8-7de6-4c8c-bf4c-9bb5512f4299@group-3B5DE3AEDFC2, cid=3565, SUCCESS, logIndex=5413, commits[7049f9e8-7de6-4c8c-bf4c-9bb5512f4299:c5414, 13d9ac51-91bf-4c73-8824-2f58fc5b2747:c5412, 15cd3569-c751-4f18-b157-6804e7d0f08c:c5412]
2019-07-10 06:00:06,951 INFO  client.GrpcClientProtocolClient (GrpcClientProtocolClient.java:onNext(255)) - client-535162E20057->7049f9e8-7de6-4c8c-bf4c-9bb5512f4299: receive RaftClientReply:client-535162E20057->7049f9e8-7de6-4c8c-bf4c-9bb5512f4299@group-3B5DE3AEDFC2, cid=3566, SUCCESS, logIndex=5414, commits[7049f9e8-7de6-4c8c-bf4c-9bb5512f4299:c5416, 13d9ac51-91bf-4c73-8824-2f58fc5b2747:c5412, 15cd3569-c751-4f18-b157-6804e7d0f08c:c5412]
2019-07-10 06:00:06,951 INFO  client.GrpcClientProtocolClient (GrpcClientProtocolClient.java:onNext(255)) - client-535162E20057->7049f9e8-7de6-4c8c-bf4c-9bb5512f4299: receive RaftClientReply:client-535162E20057->7049f9e8-7de6-4c8c-bf4c-9bb5512f4299@group-3B5DE3AEDFC2, cid=3567, SUCCESS, logIndex=5415, commits[7049f9e8-7de6-4c8c-bf4c-9bb5512f4299:c5416, 13d9ac51-91bf-4c73-8824-2f58fc5b2747:c5412, 15cd3569-c751-4f18-b157-6804e7d0f08c:c5412]
2019-07-10 06:00:06,951 INFO  client.GrpcClientProtocolClient (GrpcClientProtocolClient.java:onNext(255)) - client-535162E20057->7049f9e8-7de6-4c8c-bf4c-9bb5512f4299: receive RaftClientReply:client-535162E20057->7049f9e8-7de6-4c8c-bf4c-9bb5512f4299@group-3B5DE3AEDFC2, cid=3568, SUCCESS, logIndex=5416, commits[7049f9e8-7de6-4c8c-bf4c-9bb5512f4299:c5416, 13d9ac51-91bf-4c73-8824-2f58fc5b2747:c5412, 15cd3569-c751-4f18-b157-6804e7d0f08c:c5412]
2019-07-10 06:00:06,954 INFO  client.GrpcClientProtocolClient (GrpcClientProtocolClient.java:onNext(255)) - client-535162E20057->7049f9e8-7de6-4c8c-bf4c-9bb5512f4299: receive RaftClientReply:client-535162E20057->7049f9e8-7de6-4c8c-bf4c-9bb5512f4299@group-3B5DE3AEDFC2, cid=3569, SUCCESS, logIndex=0, commits[7049f9e8-7de6-4c8c-bf4c-9bb5512f4299:c5417, 13d9ac51-91bf-4c73-8824-2f58fc5b2747:c5414, 15cd3569-c751-4f18-b157-6804e7d0f08c:c5414]
2019-07-10 06:00:06,966 INFO  client.GrpcClientProtocolClient (GrpcClientProtocolClient.java:onNext(255)) - client-535162E20057->7049f9e8-7de6-4c8c-bf4c-9bb5512f4299: receive RaftClientReply:client-535162E20057->7049f9e8-7de6-4c8c-bf4c-9bb5512f4299@group-3B5DE3AEDFC2, cid=3570, SUCCESS, logIndex=5420, commits[7049f9e8-7de6-4c8c-bf4c-9bb5512f4299:c5421, 13d9ac51-91bf-4c73-8824-2f58fc5b2747:c5419, 15cd3569-c751-4f18-b157-6804e7d0f08c:c5419]
2019-07-10 06:00:06,966 INFO  client.GrpcClientProtocolClient (GrpcClientProtocolClient.java:onNext(255)) - client-535162E20057->7049f9e8-7de6-4c8c-bf4c-9bb5512f4299: receive RaftClientReply:client-535162E20057->7049f9e8-7de6-4c8c-bf4c-9bb5512f4299@group-3B5DE3AEDFC2, cid=3571, SUCCESS, logIndex=5421, commits[7049f9e8-7de6-4c8c-bf4c-9bb5512f4299:c5421, 13d9ac51-91bf-4c73-8824-2f58fc5b2747:c5419, 15cd3569-c751-4f18-b157-6804e7d0f08c:c5419]
2019-07-10 06:00:06,991 INFO  client.GrpcClientProtocolClient (GrpcClientProtocolClient.java:onNext(255)) - client-535162E20057->7049f9e8-7de6-4c8c-bf4c-9bb5512f4299: receive RaftClientReply:client-535162E20057->7049f9e8-7de6-4c8c-bf4c-9bb5512f4299@group-3B5DE3AEDFC2, cid=3572, SUCCESS, logIndex=5424, commits[7049f9e8-7de6-4c8c-bf4c-9bb5512f4299:c5425, 13d9ac51-91bf-4c73-8824-2f58fc5b2747:c5422, 15cd3569-c751-4f18-b157-6804e7d0f08c:c5422]
2019-07-10 06:00:06,991 INFO  client.GrpcClientProtocolClient (GrpcClientProtocolClient.java:onNext(255)) - client-535162E20057->7049f9e8-7de6-4c8c-bf4c-9bb5512f4299: receive RaftClientReply:client-535162E20057->7049f9e8-7de6-4c8c-bf4c-9bb5512f4299@group-3B5DE3AEDFC2, cid=3573, SUCCESS, logIndex=5425, commits[7049f9e8-7de6-4c8c-bf4c-9bb5512f4299:c5425, 13d9ac51-91bf-4c73-8824-2f58fc5b2747:c5422, 15cd3569-c751-4f18-b157-6804e7d0f08c:c5422]
2019-07-10 06:00:07,006 INFO  client.GrpcClientProtocolClient (GrpcClientProtocolClient.java:onNext(255)) - client-535162E20057->7049f9e8-7de6-4c8c-bf4c-9bb5512f4299: receive RaftClientReply:client-535162E20057->7049f9e8-7de6-4c8c-bf4c-9bb5512f4299@group-3B5DE3AEDFC2, cid=3574, SUCCESS, logIndex=0, commits[7049f9e8-7de6-4c8c-bf4c-9bb5512f4299:c5427, 13d9ac51-91bf-4c73-8824-2f58fc5b2747:c5425, 15cd3569-c751-4f18-b157-6804e7d0f08c:c5425]
2019-07-10 06:00:07,039 INFO  client.GrpcClientProtocolClient (GrpcClientProtocolClient.java:onNext(255)) - client-535162E20057->7049f9e8-7de6-4c8c-bf4c-9bb5512f4299: receive RaftClientReply:client-535162E20057->7049f9e8-7de6-4c8c-bf4c-9bb5512f4299@group-3B5DE3AEDFC2, cid=3575, SUCCESS, logIndex=5428, commits[7049f9e8-7de6-4c8c-bf4c-9bb5512f4299:c5430, 13d9ac51-91bf-4c73-8824-2f58fc5b2747:c5427, 15cd3569-c751-4f18-b157-6804e7d0f08c:c5425]
2019-07-10 06:00:07,039 INFO  client.GrpcClientProtocolClient (GrpcClientProtocolClient.java:onNext(255)) - client-535162E20057->7049f9e8-7de6-4c8c-bf4c-9bb5512f4299: receive RaftClientReply:client-535162E20057->7049f9e8-7de6-4c8c-bf4c-9bb5512f4299@group-3B5DE3AEDFC2, cid=3576, SUCCESS, logIndex=5429, commits[7049f9e8-7de6-4c8c-bf4c-9bb5512f4299:c5431, 13d9ac51-91bf-4c73-8824-2f58fc5b2747:c5427, 15cd3569-c751-4f18-b157-6804e7d0f08c:c5427]
2019-07-10 06:00:07,040 INFO  client.GrpcClientProtocolClient (GrpcClientProtocolClient.java:onNext(255)) - client-535162E20057->7049f9e8-7de6-4c8c-bf4c-9bb5512f4299: receive RaftClientReply:client-535162E20057->7049f9e8-7de6-4c8c-bf4c-9bb5512f4299@group-3B5DE3AEDFC2, cid=3577, SUCCESS, logIndex=5430, commits[7049f9e8-7de6-4c8c-bf4c-9bb5512f4299:c5431, 13d9ac51-91bf-4c73-8824-2f58fc5b2747:c5427, 15cd3569-c751-4f18-b157-6804e7d0f08c:c5427]
2019-07-10 06:00:07,040 INFO  client.GrpcClientProtocolClient (GrpcClientProtocolClient.java:onNext(255)) - client-535162E20057->7049f9e8-7de6-4c8c-bf4c-9bb5512f4299: receive RaftClientReply:client-535162E20057->7049f9e8-7de6-4c8c-bf4c-9bb5512f4299@group-3B5DE3AEDFC2, cid=3578, SUCCESS, logIndex=5431, commits[7049f9e8-7de6-4c8c-bf4c-9bb5512f4299:c5431, 13d9ac51-91bf-4c73-8824-2f58fc5b2747:c5427, 15cd3569-c751-4f18-b157-6804e7d0f08c:c5427]
2019-07-10 06:00:07,052 INFO  client.GrpcClientProtocolClient (GrpcClientProtocolClient.java:onNext(255)) - client-535162E20057->7049f9e8-7de6-4c8c-bf4c-9bb5512f4299: receive RaftClientReply:client-535162E20057->7049f9e8-7de6-4c8c-bf4c-9bb5512f4299@group-3B5DE3AEDFC2, cid=3579, SUCCESS, logIndex=0, commits[7049f9e8-7de6-4c8c-bf4c-9bb5512f4299:c5432, 13d9ac51-91bf-4c73-8824-2f58fc5b2747:c5430, 15cd3569-c751-4f18-b157-6804e7d0f08c:c5430]
2019-07-10 06:00:07,066 INFO  client.GrpcClientProtocolClient (GrpcClientProtocolClient.java:onNext(255)) - client-535162E20057->7049f9e8-7de6-4c8c-bf4c-9bb5512f4299: receive RaftClientReply:client-535162E20057->7049f9e8-7de6-4c8c-bf4c-9bb5512f4299@group-3B5DE3AEDFC2, cid=3580, SUCCESS, logIndex=5436, commits[7049f9e8-7de6-4c8c-bf4c-9bb5512f4299:c5437, 13d9ac51-91bf-4c73-8824-2f58fc5b2747:c5431, 15cd3569-c751-4f18-b157-6804e7d0f08c:c5432]
2019-07-10 06:00:07,067 INFO  client.GrpcClientProtocolClient (GrpcClientProtocolClient.java:onNext(255)) - client-535162E20057->7049f9e8-7de6-4c8c-bf4c-9bb5512f4299: receive RaftClientReply:client-535162E20057->7049f9e8-7de6-4c8c-bf4c-9bb5512f4299@group-3B5DE3AEDFC2, cid=3581, SUCCESS, logIndex=5437, commits[7049f9e8-7de6-4c8c-bf4c-9bb5512f4299:c5437, 13d9ac51-91bf-4c73-8824-2f58fc5b2747:c5431, 15cd3569-c751-4f18-b157-6804e7d0f08c:c5432]
2019-07-10 06:00:07,095 INFO  client.GrpcClientProtocolClient (GrpcClientProtocolClient.java:onNext(255)) - client-535162E20057->7049f9e8-7de6-4c8c-bf4c-9bb5512f4299: receive RaftClientReply:client-535162E20057->7049f9e8-7de6-4c8c-bf4c-9bb5512f4299@group-3B5DE3AEDFC2, cid=3582, SUCCESS, logIndex=5440, commits[7049f9e8-7de6-4c8c-bf4c-9bb5512f4299:c5440, 13d9ac51-91bf-4c73-8824-2f58fc5b2747:c5437, 15cd3569-c751-4f18-b157-6804e7d0f08c:c5437]
2019-07-10 06:00:07,095 INFO  client.GrpcClientProtocolClient (GrpcClientProtocolClient.java:onNext(255)) - client-535162E20057->7049f9e8-7de6-4c8c-bf4c-9bb5512f4299: receive RaftClientReply:client-535162E20057->7049f9e8-7de6-4c8c-bf4c-9bb5512f4299@group-3B5DE3AEDFC2, cid=3583, SUCCESS, logIndex=5441, commits[7049f9e8-7de6-4c8c-bf4c-9bb5512f4299:c5441, 13d9ac51-91bf-4c73-8824-2f58fc5b2747:c5437, 15cd3569-c751-4f18-b157-6804e7d0f08c:c5437]
2019-07-10 06:00:07,121 INFO  client.GrpcClientProtocolClient (GrpcClientProtocolClient.java:onNext(255)) - client-535162E20057->7049f9e8-7de6-4c8c-bf4c-9bb5512f4299: receive RaftClientReply:client-535162E20057->7049f9e8-7de6-4c8c-bf4c-9bb5512f4299@group-3B5DE3AEDFC2, cid=3584, SUCCESS, logIndex=0, commits[7049f9e8-7de6-4c8c-bf4c-9bb5512f4299:c5443, 13d9ac51-91bf-4c73-8824-2f58fc5b2747:c5441, 15cd3569-c751-4f18-b157-6804e7d0f08c:c5441]
2019-07-10 06:00:07,156 INFO  client.GrpcClientProtocolClient (GrpcClientProtocolClient.java:onNext(255)) - client-535162E20057->7049f9e8-7de6-4c8c-bf4c-9bb5512f4299: receive RaftClientReply:client-535162E20057->7049f9e8-7de6-4c8c-bf4c-9bb5512f4299@group-3B5DE3AEDFC2, cid=3585, SUCCESS, logIndex=5444, commits[7049f9e8-7de6-4c8c-bf4c-9bb5512f4299:c5447, 13d9ac51-91bf-4c73-8824-2f58fc5b2747:c5443, 15cd3569-c751-4f18-b157-6804e7d0f08c:c5441]
2019-07-10 06:00:07,157 INFO  client.GrpcClientProtocolClient (GrpcClientProtocolClient.java:onNext(255)) - client-535162E20057->7049f9e8-7de6-4c8c-bf4c-9bb5512f4299: receive RaftClientReply:client-535162E20057->7049f9e8-7de6-4c8c-bf4c-9bb5512f4299@group-3B5DE3AEDFC2, cid=3586, SUCCESS, logIndex=5445, commits[7049f9e8-7de6-4c8c-bf4c-9bb5512f4299:c5447, 13d9ac51-91bf-4c73-8824-2f58fc5b2747:c5443, 15cd3569-c751-4f18-b157-6804e7d0f08c:c5443]
2019-07-10 06:00:07,157 INFO  client.GrpcClientProtocolClient (GrpcClientProtocolClient.java:onNext(255)) - client-535162E20057->7049f9e8-7de6-4c8c-bf4c-9bb5512f4299: receive RaftClientReply:client-535162E20057->7049f9e8-7de6-4c8c-bf4c-9bb5512f4299@group-3B5DE3AEDFC2, cid=3587, SUCCESS, logIndex=5446, commits[7049f9e8-7de6-4c8c-bf4c-9bb5512f4299:c5447, 13d9ac51-91bf-4c73-8824-2f58fc5b2747:c5443, 15cd3569-c751-4f18-b157-6804e7d0f08c:c5443]
2019-07-10 06:00:07,157 INFO  client.GrpcClientProtocolClient (GrpcClientProtocolClient.java:onNext(255)) - client-535162E20057->7049f9e8-7de6-4c8c-bf4c-9bb5512f4299: receive RaftClientReply:client-535162E20057->7049f9e8-7de6-4c8c-bf4c-9bb5512f4299@group-3B5DE3AEDFC2, cid=3588, SUCCESS, logIndex=5447, commits[7049f9e8-7de6-4c8c-bf4c-9bb5512f4299:c5447, 13d9ac51-91bf-4c73-8824-2f58fc5b2747:c5443, 15cd3569-c751-4f18-b157-6804e7d0f08c:c5443]
2019-07-10 06:00:07,170 INFO  client.GrpcClientProtocolClient (GrpcClientProtocolClient.java:onNext(255)) - client-535162E20057->7049f9e8-7de6-4c8c-bf4c-9bb5512f4299: receive RaftClientReply:client-535162E20057->7049f9e8-7de6-4c8c-bf4c-9bb5512f4299@group-3B5DE3AEDFC2, cid=3589, SUCCESS, logIndex=0, commits[7049f9e8-7de6-4c8c-bf4c-9bb5512f4299:c5449, 13d9ac51-91bf-4c73-8824-2f58fc5b2747:c5447, 15cd3569-c751-4f18-b157-6804e7d0f08c:c5445]
2019-07-10 06:00:07,184 INFO  client.GrpcClientProtocolClient (GrpcClientProtocolClient.java:onNext(255)) - client-535162E20057->7049f9e8-7de6-4c8c-bf4c-9bb5512f4299: receive RaftClientReply:client-535162E20057->7049f9e8-7de6-4c8c-bf4c-9bb5512f4299@group-3B5DE3AEDFC2, cid=3590, SUCCESS, logIndex=5451, commits[7049f9e8-7de6-4c8c-bf4c-9bb5512f4299:c5452, 13d9ac51-91bf-4c73-8824-2f58fc5b2747:c5450, 15cd3569-c751-4f18-b157-6804e7d0f08c:c5450]
2019-07-10 06:00:07,184 INFO  client.GrpcClientProtocolClient (GrpcClientProtocolClient.java:onNext(255)) - client-535162E20057->7049f9e8-7de6-4c8c-bf4c-9bb5512f4299: receive RaftClientReply:client-535162E20057->7049f9e8-7de6-4c8c-bf4c-9bb5512f4299@group-3B5DE3AEDFC2, cid=3591, SUCCESS, logIndex=5452, commits[7049f9e8-7de6-4c8c-bf4c-9bb5512f4299:c5452, 13d9ac51-91bf-4c73-8824-2f58fc5b2747:c5450, 15cd3569-c751-4f18-b157-6804e7d0f08c:c5450]
2019-07-10 06:00:07,197 INFO  client.GrpcClientProtocolClient (GrpcClientProtocolClient.java:onNext(255)) - client-535162E20057->7049f9e8-7de6-4c8c-bf4c-9bb5512f4299: receive RaftClientReply:client-535162E20057->7049f9e8-7de6-4c8c-bf4c-9bb5512f4299@group-3B5DE3AEDFC2, cid=3592, SUCCESS, logIndex=5455, commits[7049f9e8-7de6-4c8c-bf4c-9bb5512f4299:c5456, 13d9ac51-91bf-4c73-8824-2f58fc5b2747:c5454, 15cd3569-c751-4f18-b157-6804e7d0f08c:c5454]
2019-07-10 06:00:07,198 INFO  client.GrpcClientProtocolClient (GrpcClientProtocolClient.java:onNext(255)) - client-535162E20057->7049f9e8-7de6-4c8c-bf4c-9bb5512f4299: receive RaftClientReply:client-535162E20057->7049f9e8-7de6-4c8c-bf4c-9bb5512f4299@group-3B5DE3AEDFC2, cid=3593, SUCCESS, logIndex=5456, commits[7049f9e8-7de6-4c8c-bf4c-9bb5512f4299:c5456, 13d9ac51-91bf-4c73-8824-2f58fc5b2747:c5454, 15cd3569-c751-4f18-b157-6804e7d0f08c:c5454]
2019-07-10 06:00:07,200 INFO  client.GrpcClientProtocolClient (GrpcClientProtocolClient.java:onNext(255)) - client-535162E20057->7049f9e8-7de6-4c8c-bf4c-9bb5512f4299: receive RaftClientReply:client-535162E20057->7049f9e8-7de6-4c8c-bf4c-9bb5512f4299@group-3B5DE3AEDFC2, cid=3594, SUCCESS, logIndex=0, commits[7049f9e8-7de6-4c8c-bf4c-9bb5512f4299:c5457, 13d9ac51-91bf-4c73-8824-2f58fc5b2747:c5456, 15cd3569-c751-4f18-b157-6804e7d0f08c:c5456]
2019-07-10 06:00:07,245 INFO  client.GrpcClientProtocolClient (GrpcClientProtocolClient.java:onNext(255)) - client-535162E20057->7049f9e8-7de6-4c8c-bf4c-9bb5512f4299: receive RaftClientReply:client-535162E20057->7049f9e8-7de6-4c8c-bf4c-9bb5512f4299@group-3B5DE3AEDFC2, cid=3595, SUCCESS, logIndex=5459, commits[7049f9e8-7de6-4c8c-bf4c-9bb5512f4299:c5460, 13d9ac51-91bf-4c73-8824-2f58fc5b2747:c5458, 15cd3569-c751-4f18-b157-6804e7d0f08c:c5458]
2019-07-10 06:00:07,245 INFO  client.GrpcClientProtocolClient (GrpcClientProtocolClient.java:onNext(255)) - client-535162E20057->7049f9e8-7de6-4c8c-bf4c-9bb5512f4299: receive RaftClientReply:client-535162E20057->7049f9e8-7de6-4c8c-bf4c-9bb5512f4299@group-3B5DE3AEDFC2, cid=3596, SUCCESS, logIndex=5460, commits[7049f9e8-7de6-4c8c-bf4c-9bb5512f4299:c5460, 13d9ac51-91bf-4c73-8824-2f58fc5b2747:c5458, 15cd3569-c751-4f18-b157-6804e7d0f08c:c5458]
2019-07-10 06:00:07,256 INFO  client.GrpcClientProtocolClient (GrpcClientProtocolClient.java:onNext(255)) - client-535162E20057->7049f9e8-7de6-4c8c-bf4c-9bb5512f4299: receive RaftClientReply:client-535162E20057->7049f9e8-7de6-4c8c-bf4c-9bb5512f4299@group-3B5DE3AEDFC2, cid=3597, SUCCESS, logIndex=5461, commits[7049f9e8-7de6-4c8c-bf4c-9bb5512f4299:c5462, 13d9ac51-91bf-4c73-8824-2f58fc5b2747:c5458, 15cd3569-c751-4f18-b157-6804e7d0f08c:c5458]
2019-07-10 06:00:07,256 INFO  client.GrpcClientProtocolClient (GrpcClientProtocolClient.java:onNext(255)) - client-535162E20057->7049f9e8-7de6-4c8c-bf4c-9bb5512f4299: receive RaftClientReply:client-535162E20057->7049f9e8-7de6-4c8c-bf4c-9bb5512f4299@group-3B5DE3AEDFC2, cid=3598, SUCCESS, logIndex=5462, commits[7049f9e8-7de6-4c8c-bf4c-9bb5512f4299:c5462, 13d9ac51-91bf-4c73-8824-2f58fc5b2747:c5458, 15cd3569-c751-4f18-b157-6804e7d0f08c:c5458]
2019-07-10 06:00:07,267 INFO  client.GrpcClientProtocolClient (GrpcClientProtocolClient.java:onNext(255)) - client-535162E20057->7049f9e8-7de6-4c8c-bf4c-9bb5512f4299: receive RaftClientReply:client-535162E20057->7049f9e8-7de6-4c8c-bf4c-9bb5512f4299@group-3B5DE3AEDFC2, cid=3599, SUCCESS, logIndex=0, commits[7049f9e8-7de6-4c8c-bf4c-9bb5512f4299:c5464, 13d9ac51-91bf-4c73-8824-2f58fc5b2747:c5460, 15cd3569-c751-4f18-b157-6804e7d0f08c:c5460]
2019-07-10 06:00:07,298 INFO  client.GrpcClientProtocolClient (GrpcClientProtocolClient.java:onNext(255)) - client-535162E20057->7049f9e8-7de6-4c8c-bf4c-9bb5512f4299: receive RaftClientReply:client-535162E20057->7049f9e8-7de6-4c8c-bf4c-9bb5512f4299@group-3B5DE3AEDFC2, cid=3600, SUCCESS, logIndex=5467, commits[7049f9e8-7de6-4c8c-bf4c-9bb5512f4299:c5468, 13d9ac51-91bf-4c73-8824-2f58fc5b2747:c5466, 15cd3569-c751-4f18-b157-6804e7d0f08c:c5466]
2019-07-10 06:00:07,299 INFO  client.GrpcClientProtocolClient (GrpcClientProtocolClient.java:onNext(255)) - client-535162E20057->7049f9e8-7de6-4c8c-bf4c-9bb5512f4299: receive RaftClientReply:client-535162E20057->7049f9e8-7de6-4c8c-bf4c-9bb5512f4299@group-3B5DE3AEDFC2, cid=3601, SUCCESS, logIndex=5468, commits[7049f9e8-7de6-4c8c-bf4c-9bb5512f4299:c5468, 13d9ac51-91bf-4c73-8824-2f58fc5b2747:c5466, 15cd3569-c751-4f18-b157-6804e7d0f08c:c5466]
2019-07-10 06:00:07,314 INFO  client.GrpcClientProtocolClient (GrpcClientProtocolClient.java:onNext(255)) - client-535162E20057->7049f9e8-7de6-4c8c-bf4c-9bb5512f4299: receive RaftClientReply:client-535162E20057->7049f9e8-7de6-4c8c-bf4c-9bb5512f4299@group-3B5DE3AEDFC2, cid=3602, SUCCESS, logIndex=5471, commits[7049f9e8-7de6-4c8c-bf4c-9bb5512f4299:c5472, 13d9ac51-91bf-4c73-8824-2f58fc5b2747:c5468, 15cd3569-c751-4f18-b157-6804e7d0f08c:c5468]
2019-07-10 06:00:07,315 INFO  client.GrpcClientProtocolClient (GrpcClientProtocolClient.java:onNext(255)) - client-535162E20057->7049f9e8-7de6-4c8c-bf4c-9bb5512f4299: receive RaftClientReply:client-535162E20057->7049f9e8-7de6-4c8c-bf4c-9bb5512f4299@group-3B5DE3AEDFC2, cid=3603, SUCCESS, logIndex=5472, commits[7049f9e8-7de6-4c8c-bf4c-9bb5512f4299:c5472, 13d9ac51-91bf-4c73-8824-2f58fc5b2747:c5468, 15cd3569-c751-4f18-b157-6804e7d0f08c:c5468]
2019-07-10 06:00:07,325 INFO  client.GrpcClientProtocolClient (GrpcClientProtocolClient.java:onNext(255)) - client-535162E20057->7049f9e8-7de6-4c8c-bf4c-9bb5512f4299: receive RaftClientReply:client-535162E20057->7049f9e8-7de6-4c8c-bf4c-9bb5512f4299@group-3B5DE3AEDFC2, cid=3604, SUCCESS, logIndex=0, commits[7049f9e8-7de6-4c8c-bf4c-9bb5512f4299:c5473, 13d9ac51-91bf-4c73-8824-2f58fc5b2747:c5472, 15cd3569-c751-4f18-b157-6804e7d0f08c:c5472]
2019-07-10 06:00:07,356 INFO  client.GrpcClientProtocolClient (GrpcClientProtocolClient.java:onNext(255)) - client-535162E20057->7049f9e8-7de6-4c8c-bf4c-9bb5512f4299: receive RaftClientReply:client-535162E20057->7049f9e8-7de6-4c8c-bf4c-9bb5512f4299@group-3B5DE3AEDFC2, cid=3605, SUCCESS, logIndex=5475, commits[7049f9e8-7de6-4c8c-bf4c-9bb5512f4299:c5476, 13d9ac51-91bf-4c73-8824-2f58fc5b2747:c5474, 15cd3569-c751-4f18-b157-6804e7d0f08c:c5474]
2019-07-10 06:00:07,357 INFO  client.GrpcClientProtocolClient (GrpcClientProtocolClient.java:onNext(255)) - client-535162E20057->7049f9e8-7de6-4c8c-bf4c-9bb5512f4299: receive RaftClientReply:client-535162E20057->7049f9e8-7de6-4c8c-bf4c-9bb5512f4299@group-3B5DE3AEDFC2, cid=3606, SUCCESS, logIndex=5476, commits[7049f9e8-7de6-4c8c-bf4c-9bb5512f4299:c5478, 13d9ac51-91bf-4c73-8824-2f58fc5b2747:c5474, 15cd3569-c751-4f18-b157-6804e7d0f08c:c5474]
2019-07-10 06:00:07,357 INFO  client.GrpcClientProtocolClient (GrpcClientProtocolClient.java:onNext(255)) - client-535162E20057->7049f9e8-7de6-4c8c-bf4c-9bb5512f4299: receive RaftClientReply:client-535162E20057->7049f9e8-7de6-4c8c-bf4c-9bb5512f4299@group-3B5DE3AEDFC2, cid=3607, SUCCESS, logIndex=5477, commits[7049f9e8-7de6-4c8c-bf4c-9bb5512f4299:c5478, 13d9ac51-91bf-4c73-8824-2f58fc5b2747:c5474, 15cd3569-c751-4f18-b157-6804e7d0f08c:c5474]
2019-07-10 06:00:07,357 INFO  client.GrpcClientProtocolClient (GrpcClientProtocolClient.java:onNext(255)) - client-535162E20057->7049f9e8-7de6-4c8c-bf4c-9bb5512f4299: receive RaftClientReply:client-535162E20057->7049f9e8-7de6-4c8c-bf4c-9bb5512f4299@group-3B5DE3AEDFC2, cid=3608, SUCCESS, logIndex=5478, commits[7049f9e8-7de6-4c8c-bf4c-9bb5512f4299:c5478, 13d9ac51-91bf-4c73-8824-2f58fc5b2747:c5474, 15cd3569-c751-4f18-b157-6804e7d0f08c:c5474]
2019-07-10 06:00:07,360 INFO  client.GrpcClientProtocolClient (GrpcClientProtocolClient.java:onNext(255)) - client-535162E20057->7049f9e8-7de6-4c8c-bf4c-9bb5512f4299: receive RaftClientReply:client-535162E20057->7049f9e8-7de6-4c8c-bf4c-9bb5512f4299@group-3B5DE3AEDFC2, cid=3609, SUCCESS, logIndex=0, commits[7049f9e8-7de6-4c8c-bf4c-9bb5512f4299:c5480, 13d9ac51-91bf-4c73-8824-2f58fc5b2747:c5476, 15cd3569-c751-4f18-b157-6804e7d0f08c:c5476]
2019-07-10 06:00:07,383 INFO  client.GrpcClientProtocolClient (GrpcClientProtocolClient.java:onNext(255)) - client-535162E20057->7049f9e8-7de6-4c8c-bf4c-9bb5512f4299: receive RaftClientReply:client-535162E20057->7049f9e8-7de6-4c8c-bf4c-9bb5512f4299@group-3B5DE3AEDFC2, cid=3610, SUCCESS, logIndex=5483, commits[7049f9e8-7de6-4c8c-bf4c-9bb5512f4299:c5484, 13d9ac51-91bf-4c73-8824-2f58fc5b2747:c5481, 15cd3569-c751-4f18-b157-6804e7d0f08c:c5481]
2019-07-10 06:00:07,384 INFO  client.GrpcClientProtocolClient (GrpcClientProtocolClient.java:onNext(255)) - client-535162E20057->7049f9e8-7de6-4c8c-bf4c-9bb5512f4299: receive RaftClientReply:client-535162E20057->7049f9e8-7de6-4c8c-bf4c-9bb5512f4299@group-3B5DE3AEDFC2, cid=3611, SUCCESS, logIndex=5484, commits[7049f9e8-7de6-4c8c-bf4c-9bb5512f4299:c5484, 13d9ac51-91bf-4c73-8824-2f58fc5b2747:c5481, 15cd3569-c751-4f18-b157-6804e7d0f08c:c5481]
2019-07-10 06:00:07,411 INFO  client.GrpcClientProtocolClient (GrpcClientProtocolClient.java:onNext(255)) - client-535162E20057->7049f9e8-7de6-4c8c-bf4c-9bb5512f4299: receive RaftClientReply:client-535162E20057->7049f9e8-7de6-4c8c-bf4c-9bb5512f4299@group-3B5DE3AEDFC2, cid=3612, SUCCESS, logIndex=5487, commits[7049f9e8-7de6-4c8c-bf4c-9bb5512f4299:c5488, 13d9ac51-91bf-4c73-8824-2f58fc5b2747:c5484, 15cd3569-c751-4f18-b157-6804e7d0f08c:c5484]
2019-07-10 06:00:07,412 INFO  client.GrpcClientProtocolClient (GrpcClientProtocolClient.java:onNext(255)) - client-535162E20057->7049f9e8-7de6-4c8c-bf4c-9bb5512f4299: receive RaftClientReply:client-535162E20057->7049f9e8-7de6-4c8c-bf4c-9bb5512f4299@group-3B5DE3AEDFC2, cid=3613, SUCCESS, logIndex=5488, commits[7049f9e8-7de6-4c8c-bf4c-9bb5512f4299:c5488, 13d9ac51-91bf-4c73-8824-2f58fc5b2747:c5484, 15cd3569-c751-4f18-b157-6804e7d0f08c:c5484]
2019-07-10 06:00:07,425 INFO  client.GrpcClientProtocolClient (GrpcClientProtocolClient.java:onNext(255)) - client-535162E20057->7049f9e8-7de6-4c8c-bf4c-9bb5512f4299: receive RaftClientReply:client-535162E20057->7049f9e8-7de6-4c8c-bf4c-9bb5512f4299@group-3B5DE3AEDFC2, cid=3614, SUCCESS, logIndex=0, commits[7049f9e8-7de6-4c8c-bf4c-9bb5512f4299:c5489, 13d9ac51-91bf-4c73-8824-2f58fc5b2747:c5488, 15cd3569-c751-4f18-b157-6804e7d0f08c:c5488]
2019-07-10 06:00:07,565 INFO  client.GrpcClientProtocolClient (GrpcClientProtocolClient.java:onNext(255)) - client-535162E20057->7049f9e8-7de6-4c8c-bf4c-9bb5512f4299: receive RaftClientReply:client-535162E20057->7049f9e8-7de6-4c8c-bf4c-9bb5512f4299@group-3B5DE3AEDFC2, cid=3615, SUCCESS, logIndex=5491, commits[7049f9e8-7de6-4c8c-bf4c-9bb5512f4299:c5492, 13d9ac51-91bf-4c73-8824-2f58fc5b2747:c5490, 15cd3569-c751-4f18-b157-6804e7d0f08c:c5490]
2019-07-10 06:00:07,566 INFO  client.GrpcClientProtocolClient (GrpcClientProtocolClient.java:onNext(255)) - client-535162E20057->7049f9e8-7de6-4c8c-bf4c-9bb5512f4299: receive RaftClientReply:client-535162E20057->7049f9e8-7de6-4c8c-bf4c-9bb5512f4299@group-3B5DE3AEDFC2, cid=3616, SUCCESS, logIndex=5492, commits[7049f9e8-7de6-4c8c-bf4c-9bb5512f4299:c5492, 13d9ac51-91bf-4c73-8824-2f58fc5b2747:c5490, 15cd3569-c751-4f18-b157-6804e7d0f08c:c5490]
2019-07-10 06:00:07,567 INFO  client.GrpcClientProtocolClient (GrpcClientProtocolClient.java:onNext(255)) - client-535162E20057->7049f9e8-7de6-4c8c-bf4c-9bb5512f4299: receive RaftClientReply:client-535162E20057->7049f9e8-7de6-4c8c-bf4c-9bb5512f4299@group-3B5DE3AEDFC2, cid=3617, SUCCESS, logIndex=5493, commits[7049f9e8-7de6-4c8c-bf4c-9bb5512f4299:c5494, 13d9ac51-91bf-4c73-8824-2f58fc5b2747:c5490, 15cd3569-c751-4f18-b157-6804e7d0f08c:c5490]
2019-07-10 06:00:07,568 INFO  client.GrpcClientProtocolClient (GrpcClientProtocolClient.java:onNext(255)) - client-535162E20057->7049f9e8-7de6-4c8c-bf4c-9bb5512f4299: receive RaftClientReply:client-535162E20057->7049f9e8-7de6-4c8c-bf4c-9bb5512f4299@group-3B5DE3AEDFC2, cid=3618, SUCCESS, logIndex=5494, commits[7049f9e8-7de6-4c8c-bf4c-9bb5512f4299:c5494, 13d9ac51-91bf-4c73-8824-2f58fc5b2747:c5490, 15cd3569-c751-4f18-b157-6804e7d0f08c:c5490]
2019-07-10 06:00:07,579 INFO  client.GrpcClientProtocolClient (GrpcClientProtocolClient.java:onNext(255)) - client-535162E20057->7049f9e8-7de6-4c8c-bf4c-9bb5512f4299: receive RaftClientReply:client-535162E20057->7049f9e8-7de6-4c8c-bf4c-9bb5512f4299@group-3B5DE3AEDFC2, cid=3619, SUCCESS, logIndex=0, commits[7049f9e8-7de6-4c8c-bf4c-9bb5512f4299:c5495, 13d9ac51-91bf-4c73-8824-2f58fc5b2747:c5492, 15cd3569-c751-4f18-b157-6804e7d0f08c:c5492]
 0.00% |█                                                                                                    |  0/1 Time: 0:00:322019-07-10 06:00:07,600 INFO  client.GrpcClientProtocolClient (GrpcClientProtocolClient.java:onNext(255)) - client-535162E20057->7049f9e8-7de6-4c8c-bf4c-9bb5512f4299: receive RaftClientReply:client-535162E20057->7049f9e8-7de6-4c8c-bf4c-9bb5512f4299@group-3B5DE3AEDFC2, cid=3620, SUCCESS, logIndex=5499, commits[7049f9e8-7de6-4c8c-bf4c-9bb5512f4299:c5500, 13d9ac51-91bf-4c73-8824-2f58fc5b2747:c5498, 15cd3569-c751-4f18-b157-6804e7d0f08c:c5498]
2019-07-10 06:00:07,600 INFO  client.GrpcClientProtocolClient (GrpcClientProtocolClient.java:onNext(255)) - client-535162E20057->7049f9e8-7de6-4c8c-bf4c-9bb5512f4299: receive RaftClientReply:client-535162E20057->7049f9e8-7de6-4c8c-bf4c-9bb5512f4299@group-3B5DE3AEDFC2, cid=3621, SUCCESS, logIndex=5500, commits[7049f9e8-7de6-4c8c-bf4c-9bb5512f4299:c5500, 13d9ac51-91bf-4c73-8824-2f58fc5b2747:c5498, 15cd3569-c751-4f18-b157-6804e7d0f08c:c5498]
2019-07-10 06:00:07,625 INFO  client.GrpcClientProtocolClient (GrpcClientProtocolClient.java:onNext(255)) - client-535162E20057->7049f9e8-7de6-4c8c-bf4c-9bb5512f4299: receive RaftClientReply:client-535162E20057->7049f9e8-7de6-4c8c-bf4c-9bb5512f4299@group-3B5DE3AEDFC2, cid=3622, SUCCESS, logIndex=5503, commits[7049f9e8-7de6-4c8c-bf4c-9bb5512f4299:c5503, 13d9ac51-91bf-4c73-8824-2f58fc5b2747:c5500, 15cd3569-c751-4f18-b157-6804e7d0f08c:c5500]
2019-07-10 06:00:07,625 INFO  client.GrpcClientProtocolClient (GrpcClientProtocolClient.java:onNext(255)) - client-535162E20057->7049f9e8-7de6-4c8c-bf4c-9bb5512f4299: receive RaftClientReply:client-535162E20057->7049f9e8-7de6-4c8c-bf4c-9bb5512f4299@group-3B5DE3AEDFC2, cid=3623, SUCCESS, logIndex=5504, commits[7049f9e8-7de6-4c8c-bf4c-9bb5512f4299:c5504, 13d9ac51-91bf-4c73-8824-2f58fc5b2747:c5500, 15cd3569-c751-4f18-b157-6804e7d0f08c:c5500]
2019-07-10 06:00:07,651 INFO  client.GrpcClientProtocolClient (GrpcClientProtocolClient.java:onNext(255)) - client-535162E20057->7049f9e8-7de6-4c8c-bf4c-9bb5512f4299: receive RaftClientReply:client-535162E20057->7049f9e8-7de6-4c8c-bf4c-9bb5512f4299@group-3B5DE3AEDFC2, cid=3624, SUCCESS, logIndex=0, commits[7049f9e8-7de6-4c8c-bf4c-9bb5512f4299:c5506, 13d9ac51-91bf-4c73-8824-2f58fc5b2747:c5504, 15cd3569-c751-4f18-b157-6804e7d0f08c:c5504]
2019-07-10 06:00:07,689 INFO  client.GrpcClientProtocolClient (GrpcClientProtocolClient.java:onNext(255)) - client-535162E20057->7049f9e8-7de6-4c8c-bf4c-9bb5512f4299: receive RaftClientReply:client-535162E20057->7049f9e8-7de6-4c8c-bf4c-9bb5512f4299@group-3B5DE3AEDFC2, cid=3625, SUCCESS, logIndex=5507, commits[7049f9e8-7de6-4c8c-bf4c-9bb5512f4299:c5508, 13d9ac51-91bf-4c73-8824-2f58fc5b2747:c5506, 15cd3569-c751-4f18-b157-6804e7d0f08c:c5506]
2019-07-10 06:00:07,690 INFO  client.GrpcClientProtocolClient (GrpcClientProtocolClient.java:onNext(255)) - client-535162E20057->7049f9e8-7de6-4c8c-bf4c-9bb5512f4299: receive RaftClientReply:client-535162E20057->7049f9e8-7de6-4c8c-bf4c-9bb5512f4299@group-3B5DE3AEDFC2, cid=3626, SUCCESS, logIndex=5508, commits[7049f9e8-7de6-4c8c-bf4c-9bb5512f4299:c5508, 13d9ac51-91bf-4c73-8824-2f58fc5b2747:c5506, 15cd3569-c751-4f18-b157-6804e7d0f08c:c5506]
2019-07-10 06:00:07,699 INFO  client.GrpcClientProtocolClient (GrpcClientProtocolClient.java:onNext(255)) - client-535162E20057->7049f9e8-7de6-4c8c-bf4c-9bb5512f4299: receive RaftClientReply:client-535162E20057->7049f9e8-7de6-4c8c-bf4c-9bb5512f4299@group-3B5DE3AEDFC2, cid=3627, SUCCESS, logIndex=5509, commits[7049f9e8-7de6-4c8c-bf4c-9bb5512f4299:c5510, 13d9ac51-91bf-4c73-8824-2f58fc5b2747:c5506, 15cd3569-c751-4f18-b157-6804e7d0f08c:c5506]
2019-07-10 06:00:07,699 INFO  client.GrpcClientProtocolClient (GrpcClientProtocolClient.java:onNext(255)) - client-535162E20057->7049f9e8-7de6-4c8c-bf4c-9bb5512f4299: receive RaftClientReply:client-535162E20057->7049f9e8-7de6-4c8c-bf4c-9bb5512f4299@group-3B5DE3AEDFC2, cid=3628, SUCCESS, logIndex=5510, commits[7049f9e8-7de6-4c8c-bf4c-9bb5512f4299:c5510, 13d9ac51-91bf-4c73-8824-2f58fc5b2747:c5506, 15cd3569-c751-4f18-b157-6804e7d0f08c:c5506]
2019-07-10 06:00:07,701 INFO  client.GrpcClientProtocolClient (GrpcClientProtocolClient.java:onNext(255)) - client-535162E20057->7049f9e8-7de6-4c8c-bf4c-9bb5512f4299: receive RaftClientReply:client-535162E20057->7049f9e8-7de6-4c8c-bf4c-9bb5512f4299@group-3B5DE3AEDFC2, cid=3629, SUCCESS, logIndex=0, commits[7049f9e8-7de6-4c8c-bf4c-9bb5512f4299:c5510, 13d9ac51-91bf-4c73-8824-2f58fc5b2747:c5508, 15cd3569-c751-4f18-b157-6804e7d0f08c:c5508]
2019-07-10 06:00:07,716 INFO  client.GrpcClientProtocolClient (GrpcClientProtocolClient.java:onNext(255)) - client-535162E20057->7049f9e8-7de6-4c8c-bf4c-9bb5512f4299: receive RaftClientReply:client-535162E20057->7049f9e8-7de6-4c8c-bf4c-9bb5512f4299@group-3B5DE3AEDFC2, cid=3630, SUCCESS, logIndex=5515, commits[7049f9e8-7de6-4c8c-bf4c-9bb5512f4299:c5516, 13d9ac51-91bf-4c73-8824-2f58fc5b2747:c5508, 15cd3569-c751-4f18-b157-6804e7d0f08c:c5510]
2019-07-10 06:00:07,716 INFO  client.GrpcClientProtocolClient (GrpcClientProtocolClient.java:onNext(255)) - client-535162E20057->7049f9e8-7de6-4c8c-bf4c-9bb5512f4299: receive RaftClientReply:client-535162E20057->7049f9e8-7de6-4c8c-bf4c-9bb5512f4299@group-3B5DE3AEDFC2, cid=3631, SUCCESS, logIndex=5516, commits[7049f9e8-7de6-4c8c-bf4c-9bb5512f4299:c5516, 13d9ac51-91bf-4c73-8824-2f58fc5b2747:c5508, 15cd3569-c751-4f18-b157-6804e7d0f08c:c5510]
2019-07-10 06:00:07,718 INFO  client.GrpcClientProtocolClient (GrpcClientProtocolClient.java:onNext(255)) - client-535162E20057->7049f9e8-7de6-4c8c-bf4c-9bb5512f4299: receive RaftClientReply:client-535162E20057->7049f9e8-7de6-4c8c-bf4c-9bb5512f4299@group-3B5DE3AEDFC2, cid=3632, SUCCESS, logIndex=0, commits[7049f9e8-7de6-4c8c-bf4c-9bb5512f4299:c5516, 13d9ac51-91bf-4c73-8824-2f58fc5b2747:c5510, 15cd3569-c751-4f18-b157-6804e7d0f08c:c5510]
2019-07-10 06:00:07,739 INFO  client.GrpcClientProtocolClient (GrpcClientProtocolClient.java:onNext(255)) - client-535162E20057->7049f9e8-7de6-4c8c-bf4c-9bb5512f4299: receive RaftClientReply:client-535162E20057->7049f9e8-7de6-4c8c-bf4c-9bb5512f4299@group-3B5DE3AEDFC2, cid=3633, SUCCESS, logIndex=5519, commits[7049f9e8-7de6-4c8c-bf4c-9bb5512f4299:c5520, 13d9ac51-91bf-4c73-8824-2f58fc5b2747:c5518, 15cd3569-c751-4f18-b157-6804e7d0f08c:c5518]
2019-07-10 06:00:07,739 INFO  client.GrpcClientProtocolClient (GrpcClientProtocolClient.java:onNext(255)) - client-535162E20057->7049f9e8-7de6-4c8c-bf4c-9bb5512f4299: receive RaftClientReply:client-535162E20057->7049f9e8-7de6-4c8c-bf4c-9bb5512f4299@group-3B5DE3AEDFC2, cid=3634, SUCCESS, logIndex=5520, commits[7049f9e8-7de6-4c8c-bf4c-9bb5512f4299:c5520, 13d9ac51-91bf-4c73-8824-2f58fc5b2747:c5518, 15cd3569-c751-4f18-b157-6804e7d0f08c:c5518]
2019-07-10 06:00:07,743 INFO  client.GrpcClientProtocolClient (GrpcClientProtocolClient.java:onNext(255)) - client-535162E20057->7049f9e8-7de6-4c8c-bf4c-9bb5512f4299: receive RaftClientReply:client-535162E20057->7049f9e8-7de6-4c8c-bf4c-9bb5512f4299@group-3B5DE3AEDFC2, cid=3635, SUCCESS, logIndex=0, commits[7049f9e8-7de6-4c8c-bf4c-9bb5512f4299:c5521, 13d9ac51-91bf-4c73-8824-2f58fc5b2747:c5520, 15cd3569-c751-4f18-b157-6804e7d0f08c:c5520]
2019-07-10 06:00:07,792 INFO  client.GrpcClientProtocolClient (GrpcClientProtocolClient.java:onNext(255)) - client-535162E20057->7049f9e8-7de6-4c8c-bf4c-9bb5512f4299: receive RaftClientReply:client-535162E20057->7049f9e8-7de6-4c8c-bf4c-9bb5512f4299@group-3B5DE3AEDFC2, cid=3636, SUCCESS, logIndex=5523, commits[7049f9e8-7de6-4c8c-bf4c-9bb5512f4299:c5524, 13d9ac51-91bf-4c73-8824-2f58fc5b2747:c5522, 15cd3569-c751-4f18-b157-6804e7d0f08c:c5522]
2019-07-10 06:00:07,793 INFO  client.GrpcClientProtocolClient (GrpcClientProtocolClient.java:onNext(255)) - client-535162E20057->7049f9e8-7de6-4c8c-bf4c-9bb5512f4299: receive RaftClientReply:client-535162E20057->7049f9e8-7de6-4c8c-bf4c-9bb5512f4299@group-3B5DE3AEDFC2, cid=3637, SUCCESS, logIndex=5524, commits[7049f9e8-7de6-4c8c-bf4c-9bb5512f4299:c5526, 13d9ac51-91bf-4c73-8824-2f58fc5b2747:c5522, 15cd3569-c751-4f18-b157-6804e7d0f08c:c5522]
2019-07-10 06:00:07,793 INFO  client.GrpcClientProtocolClient (GrpcClientProtocolClient.java:onNext(255)) - client-535162E20057->7049f9e8-7de6-4c8c-bf4c-9bb5512f4299: receive RaftClientReply:client-535162E20057->7049f9e8-7de6-4c8c-bf4c-9bb5512f4299@group-3B5DE3AEDFC2, cid=3638, SUCCESS, logIndex=5525, commits[7049f9e8-7de6-4c8c-bf4c-9bb5512f4299:c5526, 13d9ac51-91bf-4c73-8824-2f58fc5b2747:c5522, 15cd3569-c751-4f18-b157-6804e7d0f08c:c5522]
2019-07-10 06:00:07,794 INFO  client.GrpcClientProtocolClient (GrpcClientProtocolClient.java:onNext(255)) - client-535162E20057->7049f9e8-7de6-4c8c-bf4c-9bb5512f4299: receive RaftClientReply:client-535162E20057->7049f9e8-7de6-4c8c-bf4c-9bb5512f4299@group-3B5DE3AEDFC2, cid=3639, SUCCESS, logIndex=5526, commits[7049f9e8-7de6-4c8c-bf4c-9bb5512f4299:c5526, 13d9ac51-91bf-4c73-8824-2f58fc5b2747:c5522, 15cd3569-c751-4f18-b157-6804e7d0f08c:c5522]
2019-07-10 06:00:07,795 INFO  client.GrpcClientProtocolClient (GrpcClientProtocolClient.java:onNext(255)) - client-535162E20057->7049f9e8-7de6-4c8c-bf4c-9bb5512f4299: receive RaftClientReply:client-535162E20057->7049f9e8-7de6-4c8c-bf4c-9bb5512f4299@group-3B5DE3AEDFC2, cid=3640, SUCCESS, logIndex=0, commits[7049f9e8-7de6-4c8c-bf4c-9bb5512f4299:c5528, 13d9ac51-91bf-4c73-8824-2f58fc5b2747:c5524, 15cd3569-c751-4f18-b157-6804e7d0f08c:c5524]
2019-07-10 06:00:07,820 INFO  client.GrpcClientProtocolClient (GrpcClientProtocolClient.java:onNext(255)) - client-535162E20057->7049f9e8-7de6-4c8c-bf4c-9bb5512f4299: receive RaftClientReply:client-535162E20057->7049f9e8-7de6-4c8c-bf4c-9bb5512f4299@group-3B5DE3AEDFC2, cid=3641, SUCCESS, logIndex=5531, commits[7049f9e8-7de6-4c8c-bf4c-9bb5512f4299:c5532, 13d9ac51-91bf-4c73-8824-2f58fc5b2747:c5530, 15cd3569-c751-4f18-b157-6804e7d0f08c:c5530]
2019-07-10 06:00:07,820 INFO  client.GrpcClientProtocolClient (GrpcClientProtocolClient.java:onNext(255)) - client-535162E20057->7049f9e8-7de6-4c8c-bf4c-9bb5512f4299: receive RaftClientReply:client-535162E20057->7049f9e8-7de6-4c8c-bf4c-9bb5512f4299@group-3B5DE3AEDFC2, cid=3642, SUCCESS, logIndex=5532, commits[7049f9e8-7de6-4c8c-bf4c-9bb5512f4299:c5532, 13d9ac51-91bf-4c73-8824-2f58fc5b2747:c5530, 15cd3569-c751-4f18-b157-6804e7d0f08c:c5530]
2019-07-10 06:00:07,852 INFO  client.GrpcClientProtocolClient (GrpcClientProtocolClient.java:onNext(255)) - client-535162E20057->7049f9e8-7de6-4c8c-bf4c-9bb5512f4299: receive RaftClientReply:client-535162E20057->7049f9e8-7de6-4c8c-bf4c-9bb5512f4299@group-3B5DE3AEDFC2, cid=3643, SUCCESS, logIndex=5535, commits[7049f9e8-7de6-4c8c-bf4c-9bb5512f4299:c5536, 13d9ac51-91bf-4c73-8824-2f58fc5b2747:c5532, 15cd3569-c751-4f18-b157-6804e7d0f08c:c5532]
2019-07-10 06:00:07,853 INFO  client.GrpcClientProtocolClient (GrpcClientProtocolClient.java:onNext(255)) - client-535162E20057->7049f9e8-7de6-4c8c-bf4c-9bb5512f4299: receive RaftClientReply:client-535162E20057->7049f9e8-7de6-4c8c-bf4c-9bb5512f4299@group-3B5DE3AEDFC2, cid=3644, SUCCESS, logIndex=5536, commits[7049f9e8-7de6-4c8c-bf4c-9bb5512f4299:c5536, 13d9ac51-91bf-4c73-8824-2f58fc5b2747:c5532, 15cd3569-c751-4f18-b157-6804e7d0f08c:c5532]
2019-07-10 06:00:07,856 INFO  client.GrpcClientProtocolClient (GrpcClientProtocolClient.java:onNext(255)) - client-535162E20057->7049f9e8-7de6-4c8c-bf4c-9bb5512f4299: receive RaftClientReply:client-535162E20057->7049f9e8-7de6-4c8c-bf4c-9bb5512f4299@group-3B5DE3AEDFC2, cid=3645, SUCCESS, logIndex=0, commits[7049f9e8-7de6-4c8c-bf4c-9bb5512f4299:c5537, 13d9ac51-91bf-4c73-8824-2f58fc5b2747:c5536, 15cd3569-c751-4f18-b157-6804e7d0f08c:c5536]
2019-07-10 06:00:07,893 INFO  client.GrpcClientProtocolClient (GrpcClientProtocolClient.java:onNext(255)) - client-535162E20057->7049f9e8-7de6-4c8c-bf4c-9bb5512f4299: receive RaftClientReply:client-535162E20057->7049f9e8-7de6-4c8c-bf4c-9bb5512f4299@group-3B5DE3AEDFC2, cid=3646, SUCCESS, logIndex=5539, commits[7049f9e8-7de6-4c8c-bf4c-9bb5512f4299:c5540, 13d9ac51-91bf-4c73-8824-2f58fc5b2747:c5538, 15cd3569-c751-4f18-b157-6804e7d0f08c:c5538]
2019-07-10 06:00:07,893 INFO  client.GrpcClientProtocolClient (GrpcClientProtocolClient.java:onNext(255)) - client-535162E20057->7049f9e8-7de6-4c8c-bf4c-9bb5512f4299: receive RaftClientReply:client-535162E20057->7049f9e8-7de6-4c8c-bf4c-9bb5512f4299@group-3B5DE3AEDFC2, cid=3647, SUCCESS, logIndex=5540, commits[7049f9e8-7de6-4c8c-bf4c-9bb5512f4299:c5540, 13d9ac51-91bf-4c73-8824-2f58fc5b2747:c5538, 15cd3569-c751-4f18-b157-6804e7d0f08c:c5538]
2019-07-10 06:00:07,902 INFO  client.GrpcClientProtocolClient (GrpcClientProtocolClient.java:onNext(255)) - client-535162E20057->7049f9e8-7de6-4c8c-bf4c-9bb5512f4299: receive RaftClientReply:client-535162E20057->7049f9e8-7de6-4c8c-bf4c-9bb5512f4299@group-3B5DE3AEDFC2, cid=3648, SUCCESS, logIndex=5541, commits[7049f9e8-7de6-4c8c-bf4c-9bb5512f4299:c5542, 13d9ac51-91bf-4c73-8824-2f58fc5b2747:c5538, 15cd3569-c751-4f18-b157-6804e7d0f08c:c5538]
2019-07-10 06:00:07,903 INFO  client.GrpcClientProtocolClient (GrpcClientProtocolClient.java:onNext(255)) - client-535162E20057->7049f9e8-7de6-4c8c-bf4c-9bb5512f4299: receive RaftClientReply:client-535162E20057->7049f9e8-7de6-4c8c-bf4c-9bb5512f4299@group-3B5DE3AEDFC2, cid=3649, SUCCESS, logIndex=5542, commits[7049f9e8-7de6-4c8c-bf4c-9bb5512f4299:c5542, 13d9ac51-91bf-4c73-8824-2f58fc5b2747:c5538, 15cd3569-c751-4f18-b157-6804e7d0f08c:c5538]
2019-07-10 06:00:07,906 INFO  client.GrpcClientProtocolClient (GrpcClientProtocolClient.java:onNext(255)) - client-535162E20057->7049f9e8-7de6-4c8c-bf4c-9bb5512f4299: receive RaftClientReply:client-535162E20057->7049f9e8-7de6-4c8c-bf4c-9bb5512f4299@group-3B5DE3AEDFC2, cid=3650, SUCCESS, logIndex=0, commits[7049f9e8-7de6-4c8c-bf4c-9bb5512f4299:c5545, 13d9ac51-91bf-4c73-8824-2f58fc5b2747:c5540, 15cd3569-c751-4f18-b157-6804e7d0f08c:c5542]
2019-07-10 06:00:07,929 INFO  client.GrpcClientProtocolClient (GrpcClientProtocolClient.java:onNext(255)) - client-535162E20057->7049f9e8-7de6-4c8c-bf4c-9bb5512f4299: receive RaftClientReply:client-535162E20057->7049f9e8-7de6-4c8c-bf4c-9bb5512f4299@group-3B5DE3AEDFC2, cid=3651, SUCCESS, logIndex=5546, commits[7049f9e8-7de6-4c8c-bf4c-9bb5512f4299:c5547, 13d9ac51-91bf-4c73-8824-2f58fc5b2747:c5545, 15cd3569-c751-4f18-b157-6804e7d0f08c:c5545]
2019-07-10 06:00:07,930 INFO  client.GrpcClientProtocolClient (GrpcClientProtocolClient.java:onNext(255)) - client-535162E20057->7049f9e8-7de6-4c8c-bf4c-9bb5512f4299: receive RaftClientReply:client-535162E20057->7049f9e8-7de6-4c8c-bf4c-9bb5512f4299@group-3B5DE3AEDFC2, cid=3652, SUCCESS, logIndex=5547, commits[7049f9e8-7de6-4c8c-bf4c-9bb5512f4299:c5547, 13d9ac51-91bf-4c73-8824-2f58fc5b2747:c5545, 15cd3569-c751-4f18-b157-6804e7d0f08c:c5545]
2019-07-10 06:00:07,956 INFO  client.GrpcClientProtocolClient (GrpcClientProtocolClient.java:onNext(255)) - client-535162E20057->7049f9e8-7de6-4c8c-bf4c-9bb5512f4299: receive RaftClientReply:client-535162E20057->7049f9e8-7de6-4c8c-bf4c-9bb5512f4299@group-3B5DE3AEDFC2, cid=3653, SUCCESS, logIndex=5550, commits[7049f9e8-7de6-4c8c-bf4c-9bb5512f4299:c5551, 13d9ac51-91bf-4c73-8824-2f58fc5b2747:c5547, 15cd3569-c751-4f18-b157-6804e7d0f08c:c5547]
2019-07-10 06:00:07,957 INFO  client.GrpcClientProtocolClient (GrpcClientProtocolClient.java:onNext(255)) - client-535162E20057->7049f9e8-7de6-4c8c-bf4c-9bb5512f4299: receive RaftClientReply:client-535162E20057->7049f9e8-7de6-4c8c-bf4c-9bb5512f4299@group-3B5DE3AEDFC2, cid=3654, SUCCESS, logIndex=5551, commits[7049f9e8-7de6-4c8c-bf4c-9bb5512f4299:c5551, 13d9ac51-91bf-4c73-8824-2f58fc5b2747:c5547, 15cd3569-c751-4f18-b157-6804e7d0f08c:c5547]
2019-07-10 06:00:07,983 INFO  client.GrpcClientProtocolClient (GrpcClientProtocolClient.java:onNext(255)) - client-535162E20057->7049f9e8-7de6-4c8c-bf4c-9bb5512f4299: receive RaftClientReply:client-535162E20057->7049f9e8-7de6-4c8c-bf4c-9bb5512f4299@group-3B5DE3AEDFC2, cid=3655, SUCCESS, logIndex=0, commits[7049f9e8-7de6-4c8c-bf4c-9bb5512f4299:c5553, 13d9ac51-91bf-4c73-8824-2f58fc5b2747:c5551, 15cd3569-c751-4f18-b157-6804e7d0f08c:c5551]
2019-07-10 06:00:08,019 INFO  client.GrpcClientProtocolClient (GrpcClientProtocolClient.java:onNext(255)) - client-535162E20057->7049f9e8-7de6-4c8c-bf4c-9bb5512f4299: receive RaftClientReply:client-535162E20057->7049f9e8-7de6-4c8c-bf4c-9bb5512f4299@group-3B5DE3AEDFC2, cid=3656, SUCCESS, logIndex=5554, commits[7049f9e8-7de6-4c8c-bf4c-9bb5512f4299:c5555, 13d9ac51-91bf-4c73-8824-2f58fc5b2747:c5553, 15cd3569-c751-4f18-b157-6804e7d0f08c:c5553]
2019-07-10 06:00:08,019 INFO  client.GrpcClientProtocolClient (GrpcClientProtocolClient.java:onNext(255)) - client-535162E20057->7049f9e8-7de6-4c8c-bf4c-9bb5512f4299: receive RaftClientReply:client-535162E20057->7049f9e8-7de6-4c8c-bf4c-9bb5512f4299@group-3B5DE3AEDFC2, cid=3657, SUCCESS, logIndex=5555, commits[7049f9e8-7de6-4c8c-bf4c-9bb5512f4299:c5555, 13d9ac51-91bf-4c73-8824-2f58fc5b2747:c5553, 15cd3569-c751-4f18-b157-6804e7d0f08c:c5553]
2019-07-10 06:00:08,032 INFO  client.GrpcClientProtocolClient (GrpcClientProtocolClient.java:onNext(255)) - client-535162E20057->7049f9e8-7de6-4c8c-bf4c-9bb5512f4299: receive RaftClientReply:client-535162E20057->7049f9e8-7de6-4c8c-bf4c-9bb5512f4299@group-3B5DE3AEDFC2, cid=3658, SUCCESS, logIndex=5556, commits[7049f9e8-7de6-4c8c-bf4c-9bb5512f4299:c5557, 13d9ac51-91bf-4c73-8824-2f58fc5b2747:c5553, 15cd3569-c751-4f18-b157-6804e7d0f08c:c5553]
2019-07-10 06:00:08,032 INFO  client.GrpcClientProtocolClient (GrpcClientProtocolClient.java:onNext(255)) - client-535162E20057->7049f9e8-7de6-4c8c-bf4c-9bb5512f4299: receive RaftClientReply:client-535162E20057->7049f9e8-7de6-4c8c-bf4c-9bb5512f4299@group-3B5DE3AEDFC2, cid=3659, SUCCESS, logIndex=5557, commits[7049f9e8-7de6-4c8c-bf4c-9bb5512f4299:c5557, 13d9ac51-91bf-4c73-8824-2f58fc5b2747:c5553, 15cd3569-c751-4f18-b157-6804e7d0f08c:c5553]
2019-07-10 06:00:08,041 INFO  client.GrpcClientProtocolClient (GrpcClientProtocolClient.java:onNext(255)) - client-535162E20057->7049f9e8-7de6-4c8c-bf4c-9bb5512f4299: receive RaftClientReply:client-535162E20057->7049f9e8-7de6-4c8c-bf4c-9bb5512f4299@group-3B5DE3AEDFC2, cid=3660, SUCCESS, logIndex=0, commits[7049f9e8-7de6-4c8c-bf4c-9bb5512f4299:c5558, 13d9ac51-91bf-4c73-8824-2f58fc5b2747:c5555, 15cd3569-c751-4f18-b157-6804e7d0f08c:c5555]
2019-07-10 06:00:08,066 INFO  client.GrpcClientProtocolClient (GrpcClientProtocolClient.java:onNext(255)) - client-535162E20057->7049f9e8-7de6-4c8c-bf4c-9bb5512f4299: receive RaftClientReply:client-535162E20057->7049f9e8-7de6-4c8c-bf4c-9bb5512f4299@group-3B5DE3AEDFC2, cid=3661, SUCCESS, logIndex=5562, commits[7049f9e8-7de6-4c8c-bf4c-9bb5512f4299:c5563, 13d9ac51-91bf-4c73-8824-2f58fc5b2747:c5561, 15cd3569-c751-4f18-b157-6804e7d0f08c:c5561]
2019-07-10 06:00:08,066 INFO  client.GrpcClientProtocolClient (GrpcClientProtocolClient.java:onNext(255)) - client-535162E20057->7049f9e8-7de6-4c8c-bf4c-9bb5512f4299: receive RaftClientReply:client-535162E20057->7049f9e8-7de6-4c8c-bf4c-9bb5512f4299@group-3B5DE3AEDFC2, cid=3662, SUCCESS, logIndex=5563, commits[7049f9e8-7de6-4c8c-bf4c-9bb5512f4299:c5563, 13d9ac51-91bf-4c73-8824-2f58fc5b2747:c5561, 15cd3569-c751-4f18-b157-6804e7d0f08c:c5561]
2019-07-10 06:00:08,079 INFO  client.GrpcClientProtocolClient (GrpcClientProtocolClient.java:onNext(255)) - client-535162E20057->7049f9e8-7de6-4c8c-bf4c-9bb5512f4299: receive RaftClientReply:client-535162E20057->7049f9e8-7de6-4c8c-bf4c-9bb5512f4299@group-3B5DE3AEDFC2, cid=3663, SUCCESS, logIndex=5566, commits[7049f9e8-7de6-4c8c-bf4c-9bb5512f4299:c5567, 13d9ac51-91bf-4c73-8824-2f58fc5b2747:c5562, 15cd3569-c751-4f18-b157-6804e7d0f08c:c5563]
2019-07-10 06:00:08,080 INFO  client.GrpcClientProtocolClient (GrpcClientProtocolClient.java:onNext(255)) - client-535162E20057->7049f9e8-7de6-4c8c-bf4c-9bb5512f4299: receive RaftClientReply:client-535162E20057->7049f9e8-7de6-4c8c-bf4c-9bb5512f4299@group-3B5DE3AEDFC2, cid=3664, SUCCESS, logIndex=5567, commits[7049f9e8-7de6-4c8c-bf4c-9bb5512f4299:c5567, 13d9ac51-91bf-4c73-8824-2f58fc5b2747:c5562, 15cd3569-c751-4f18-b157-6804e7d0f08c:c5563]
2019-07-10 06:00:08,081 INFO  client.GrpcClientProtocolClient (GrpcClientProtocolClient.java:onNext(255)) - client-535162E20057->7049f9e8-7de6-4c8c-bf4c-9bb5512f4299: receive RaftClientReply:client-535162E20057->7049f9e8-7de6-4c8c-bf4c-9bb5512f4299@group-3B5DE3AEDFC2, cid=3665, SUCCESS, logIndex=0, commits[7049f9e8-7de6-4c8c-bf4c-9bb5512f4299:c5567, 13d9ac51-91bf-4c73-8824-2f58fc5b2747:c5563, 15cd3569-c751-4f18-b157-6804e7d0f08c:c5563]
2019-07-10 06:00:08,096 INFO  client.GrpcClientProtocolClient (GrpcClientProtocolClient.java:onNext(255)) - client-535162E20057->7049f9e8-7de6-4c8c-bf4c-9bb5512f4299: receive RaftClientReply:client-535162E20057->7049f9e8-7de6-4c8c-bf4c-9bb5512f4299@group-3B5DE3AEDFC2, cid=3666, SUCCESS, logIndex=0, commits[7049f9e8-7de6-4c8c-bf4c-9bb5512f4299:c5569, 13d9ac51-91bf-4c73-8824-2f58fc5b2747:c5567, 15cd3569-c751-4f18-b157-6804e7d0f08c:c5567]
2019-07-10 06:00:08,131 INFO  client.GrpcClientProtocolClient (GrpcClientProtocolClient.java:onNext(255)) - client-535162E20057->7049f9e8-7de6-4c8c-bf4c-9bb5512f4299: receive RaftClientReply:client-535162E20057->7049f9e8-7de6-4c8c-bf4c-9bb5512f4299@group-3B5DE3AEDFC2, cid=3667, SUCCESS, logIndex=5570, commits[7049f9e8-7de6-4c8c-bf4c-9bb5512f4299:c5571, 13d9ac51-91bf-4c73-8824-2f58fc5b2747:c5567, 15cd3569-c751-4f18-b157-6804e7d0f08c:c5569]
2019-07-10 06:00:08,132 INFO  client.GrpcClientProtocolClient (GrpcClientProtocolClient.java:onNext(255)) - client-535162E20057->7049f9e8-7de6-4c8c-bf4c-9bb5512f4299: receive RaftClientReply:client-535162E20057->7049f9e8-7de6-4c8c-bf4c-9bb5512f4299@group-3B5DE3AEDFC2, cid=3668, SUCCESS, logIndex=5571, commits[7049f9e8-7de6-4c8c-bf4c-9bb5512f4299:c5573, 13d9ac51-91bf-4c73-8824-2f58fc5b2747:c5569, 15cd3569-c751-4f18-b157-6804e7d0f08c:c5569]
2019-07-10 06:00:08,132 INFO  client.GrpcClientProtocolClient (GrpcClientProtocolClient.java:onNext(255)) - client-535162E20057->7049f9e8-7de6-4c8c-bf4c-9bb5512f4299: receive RaftClientReply:client-535162E20057->7049f9e8-7de6-4c8c-bf4c-9bb5512f4299@group-3B5DE3AEDFC2, cid=3669, SUCCESS, logIndex=5572, commits[7049f9e8-7de6-4c8c-bf4c-9bb5512f4299:c5573, 13d9ac51-91bf-4c73-8824-2f58fc5b2747:c5569, 15cd3569-c751-4f18-b157-6804e7d0f08c:c5569]
2019-07-10 06:00:08,133 INFO  client.GrpcClientProtocolClient (GrpcClientProtocolClient.java:onNext(255)) - client-535162E20057->7049f9e8-7de6-4c8c-bf4c-9bb5512f4299: receive RaftClientReply:client-535162E20057->7049f9e8-7de6-4c8c-bf4c-9bb5512f4299@group-3B5DE3AEDFC2, cid=3670, SUCCESS, logIndex=5573, commits[7049f9e8-7de6-4c8c-bf4c-9bb5512f4299:c5573, 13d9ac51-91bf-4c73-8824-2f58fc5b2747:c5569, 15cd3569-c751-4f18-b157-6804e7d0f08c:c5569]
2019-07-10 06:00:08,145 INFO  client.GrpcClientProtocolClient (GrpcClientProtocolClient.java:onNext(255)) - client-535162E20057->7049f9e8-7de6-4c8c-bf4c-9bb5512f4299: receive RaftClientReply:client-535162E20057->7049f9e8-7de6-4c8c-bf4c-9bb5512f4299@group-3B5DE3AEDFC2, cid=3671, SUCCESS, logIndex=0, commits[7049f9e8-7de6-4c8c-bf4c-9bb5512f4299:c5574, 13d9ac51-91bf-4c73-8824-2f58fc5b2747:c5571, 15cd3569-c751-4f18-b157-6804e7d0f08c:c5571]
2019-07-10 06:00:08,168 INFO  client.GrpcClientProtocolClient (GrpcClientProtocolClient.java:onNext(255)) - client-535162E20057->7049f9e8-7de6-4c8c-bf4c-9bb5512f4299: receive RaftClientReply:client-535162E20057->7049f9e8-7de6-4c8c-bf4c-9bb5512f4299@group-3B5DE3AEDFC2, cid=3672, SUCCESS, logIndex=5578, commits[7049f9e8-7de6-4c8c-bf4c-9bb5512f4299:c5579, 13d9ac51-91bf-4c73-8824-2f58fc5b2747:c5577, 15cd3569-c751-4f18-b157-6804e7d0f08c:c5577]
2019-07-10 06:00:08,169 INFO  client.GrpcClientProtocolClient (GrpcClientProtocolClient.java:onNext(255)) - client-535162E20057->7049f9e8-7de6-4c8c-bf4c-9bb5512f4299: receive RaftClientReply:client-535162E20057->7049f9e8-7de6-4c8c-bf4c-9bb5512f4299@group-3B5DE3AEDFC2, cid=3673, SUCCESS, logIndex=5579, commits[7049f9e8-7de6-4c8c-bf4c-9bb5512f4299:c5579, 13d9ac51-91bf-4c73-8824-2f58fc5b2747:c5577, 15cd3569-c751-4f18-b157-6804e7d0f08c:c5577]
2019-07-10 06:00:08,194 INFO  client.GrpcClientProtocolClient (GrpcClientProtocolClient.java:onNext(255)) - client-535162E20057->7049f9e8-7de6-4c8c-bf4c-9bb5512f4299: receive RaftClientReply:client-535162E20057->7049f9e8-7de6-4c8c-bf4c-9bb5512f4299@group-3B5DE3AEDFC2, cid=3674, SUCCESS, logIndex=5582, commits[7049f9e8-7de6-4c8c-bf4c-9bb5512f4299:c5583, 13d9ac51-91bf-4c73-8824-2f58fc5b2747:c5579, 15cd3569-c751-4f18-b157-6804e7d0f08c:c5579]
2019-07-10 06:00:08,194 INFO  client.GrpcClientProtocolClient (GrpcClientProtocolClient.java:onNext(255)) - client-535162E20057->7049f9e8-7de6-4c8c-bf4c-9bb5512f4299: receive RaftClientReply:client-535162E20057->7049f9e8-7de6-4c8c-bf4c-9bb5512f4299@group-3B5DE3AEDFC2, cid=3675, SUCCESS, logIndex=5583, commits[7049f9e8-7de6-4c8c-bf4c-9bb5512f4299:c5583, 13d9ac51-91bf-4c73-8824-2f58fc5b2747:c5579, 15cd3569-c751-4f18-b157-6804e7d0f08c:c5579]
2019-07-10 06:00:08,207 INFO  client.GrpcClientProtocolClient (GrpcClientProtocolClient.java:onNext(255)) - client-535162E20057->7049f9e8-7de6-4c8c-bf4c-9bb5512f4299: receive RaftClientReply:client-535162E20057->7049f9e8-7de6-4c8c-bf4c-9bb5512f4299@group-3B5DE3AEDFC2, cid=3676, SUCCESS, logIndex=0, commits[7049f9e8-7de6-4c8c-bf4c-9bb5512f4299:c5584, 13d9ac51-91bf-4c73-8824-2f58fc5b2747:c5583, 15cd3569-c751-4f18-b157-6804e7d0f08c:c5583]
2019-07-10 06:00:08,246 INFO  client.GrpcClientProtocolClient (GrpcClientProtocolClient.java:onNext(255)) - client-535162E20057->7049f9e8-7de6-4c8c-bf4c-9bb5512f4299: receive RaftClientReply:client-535162E20057->7049f9e8-7de6-4c8c-bf4c-9bb5512f4299@group-3B5DE3AEDFC2, cid=3677, SUCCESS, logIndex=5585, commits[7049f9e8-7de6-4c8c-bf4c-9bb5512f4299:c5586, 13d9ac51-91bf-4c73-8824-2f58fc5b2747:c5584, 15cd3569-c751-4f18-b157-6804e7d0f08c:c5584]
2019-07-10 06:00:08,247 INFO  client.GrpcClientProtocolClient (GrpcClientProtocolClient.java:onNext(255)) - client-535162E20057->7049f9e8-7de6-4c8c-bf4c-9bb5512f4299: receive RaftClientReply:client-535162E20057->7049f9e8-7de6-4c8c-bf4c-9bb5512f4299@group-3B5DE3AEDFC2, cid=3678, SUCCESS, logIndex=5586, commits[7049f9e8-7de6-4c8c-bf4c-9bb5512f4299:c5586, 13d9ac51-91bf-4c73-8824-2f58fc5b2747:c5584, 15cd3569-c751-4f18-b157-6804e7d0f08c:c5584]
2019-07-10 06:00:08,259 INFO  client.GrpcClientProtocolClient (GrpcClientProtocolClient.java:onNext(255)) - client-535162E20057->7049f9e8-7de6-4c8c-bf4c-9bb5512f4299: receive RaftClientReply:client-535162E20057->7049f9e8-7de6-4c8c-bf4c-9bb5512f4299@group-3B5DE3AEDFC2, cid=3679, SUCCESS, logIndex=5587, commits[7049f9e8-7de6-4c8c-bf4c-9bb5512f4299:c5588, 13d9ac51-91bf-4c73-8824-2f58fc5b2747:c5584, 15cd3569-c751-4f18-b157-6804e7d0f08c:c5584]
2019-07-10 06:00:08,259 INFO  client.GrpcClientProtocolClient (GrpcClientProtocolClient.java:onNext(255)) - client-535162E20057->7049f9e8-7de6-4c8c-bf4c-9bb5512f4299: receive RaftClientReply:client-535162E20057->7049f9e8-7de6-4c8c-bf4c-9bb5512f4299@group-3B5DE3AEDFC2, cid=3680, SUCCESS, logIndex=5588, commits[7049f9e8-7de6-4c8c-bf4c-9bb5512f4299:c5588, 13d9ac51-91bf-4c73-8824-2f58fc5b2747:c5584, 15cd3569-c751-4f18-b157-6804e7d0f08c:c5584]
2019-07-10 06:00:08,271 INFO  client.GrpcClientProtocolClient (GrpcClientProtocolClient.java:onNext(255)) - client-535162E20057->7049f9e8-7de6-4c8c-bf4c-9bb5512f4299: receive RaftClientReply:client-535162E20057->7049f9e8-7de6-4c8c-bf4c-9bb5512f4299@group-3B5DE3AEDFC2, cid=3681, SUCCESS, logIndex=0, commits[7049f9e8-7de6-4c8c-bf4c-9bb5512f4299:c5590, 13d9ac51-91bf-4c73-8824-2f58fc5b2747:c5586, 15cd3569-c751-4f18-b157-6804e7d0f08c:c5586]
2019-07-10 06:00:08,298 INFO  client.GrpcClientProtocolClient (GrpcClientProtocolClient.java:onNext(255)) - client-535162E20057->7049f9e8-7de6-4c8c-bf4c-9bb5512f4299: receive RaftClientReply:client-535162E20057->7049f9e8-7de6-4c8c-bf4c-9bb5512f4299@group-3B5DE3AEDFC2, cid=3682, SUCCESS, logIndex=5593, commits[7049f9e8-7de6-4c8c-bf4c-9bb5512f4299:c5594, 13d9ac51-91bf-4c73-8824-2f58fc5b2747:c5592, 15cd3569-c751-4f18-b157-6804e7d0f08c:c5592]
2019-07-10 06:00:08,298 INFO  client.GrpcClientProtocolClient (GrpcClientProtocolClient.java:onNext(255)) - client-535162E20057->7049f9e8-7de6-4c8c-bf4c-9bb5512f4299: receive RaftClientReply:client-535162E20057->7049f9e8-7de6-4c8c-bf4c-9bb5512f4299@group-3B5DE3AEDFC2, cid=3683, SUCCESS, logIndex=5594, commits[7049f9e8-7de6-4c8c-bf4c-9bb5512f4299:c5594, 13d9ac51-91bf-4c73-8824-2f58fc5b2747:c5592, 15cd3569-c751-4f18-b157-6804e7d0f08c:c5592]
2019-07-10 06:00:08,318 INFO  client.GrpcClientProtocolClient (GrpcClientProtocolClient.java:onNext(255)) - client-535162E20057->7049f9e8-7de6-4c8c-bf4c-9bb5512f4299: receive RaftClientReply:client-535162E20057->7049f9e8-7de6-4c8c-bf4c-9bb5512f4299@group-3B5DE3AEDFC2, cid=3684, SUCCESS, logIndex=5597, commits[7049f9e8-7de6-4c8c-bf4c-9bb5512f4299:c5598, 13d9ac51-91bf-4c73-8824-2f58fc5b2747:c5594, 15cd3569-c751-4f18-b157-6804e7d0f08c:c5594]
2019-07-10 06:00:08,318 INFO  client.GrpcClientProtocolClient (GrpcClientProtocolClient.java:onNext(255)) - client-535162E20057->7049f9e8-7de6-4c8c-bf4c-9bb5512f4299: receive RaftClientReply:client-535162E20057->7049f9e8-7de6-4c8c-bf4c-9bb5512f4299@group-3B5DE3AEDFC2, cid=3685, SUCCESS, logIndex=5598, commits[7049f9e8-7de6-4c8c-bf4c-9bb5512f4299:c5598, 13d9ac51-91bf-4c73-8824-2f58fc5b2747:c5594, 15cd3569-c751-4f18-b157-6804e7d0f08c:c5594]
2019-07-10 06:00:08,332 INFO  client.GrpcClientProtocolClient (GrpcClientProtocolClient.java:onNext(255)) - client-535162E20057->7049f9e8-7de6-4c8c-bf4c-9bb5512f4299: receive RaftClientReply:client-535162E20057->7049f9e8-7de6-4c8c-bf4c-9bb5512f4299@group-3B5DE3AEDFC2, cid=3686, SUCCESS, logIndex=0, commits[7049f9e8-7de6-4c8c-bf4c-9bb5512f4299:c5600, 13d9ac51-91bf-4c73-8824-2f58fc5b2747:c5598, 15cd3569-c751-4f18-b157-6804e7d0f08c:c5598]
2019-07-10 06:00:08,369 INFO  client.GrpcClientProtocolClient (GrpcClientProtocolClient.java:onNext(255)) - client-535162E20057->7049f9e8-7de6-4c8c-bf4c-9bb5512f4299: receive RaftClientReply:client-535162E20057->7049f9e8-7de6-4c8c-bf4c-9bb5512f4299@group-3B5DE3AEDFC2, cid=3687, SUCCESS, logIndex=5601, commits[7049f9e8-7de6-4c8c-bf4c-9bb5512f4299:c5601, 13d9ac51-91bf-4c73-8824-2f58fc5b2747:c5600, 15cd3569-c751-4f18-b157-6804e7d0f08c:c5600]
2019-07-10 06:00:08,370 INFO  client.GrpcClientProtocolClient (GrpcClientProtocolClient.java:onNext(255)) - client-535162E20057->7049f9e8-7de6-4c8c-bf4c-9bb5512f4299: receive RaftClientReply:client-535162E20057->7049f9e8-7de6-4c8c-bf4c-9bb5512f4299@group-3B5DE3AEDFC2, cid=3688, SUCCESS, logIndex=5602, commits[7049f9e8-7de6-4c8c-bf4c-9bb5512f4299:c5602, 13d9ac51-91bf-4c73-8824-2f58fc5b2747:c5600, 15cd3569-c751-4f18-b157-6804e7d0f08c:c5600]
2019-07-10 06:00:08,370 INFO  client.GrpcClientProtocolClient (GrpcClientProtocolClient.java:onNext(255)) - client-535162E20057->7049f9e8-7de6-4c8c-bf4c-9bb5512f4299: receive RaftClientReply:client-535162E20057->7049f9e8-7de6-4c8c-bf4c-9bb5512f4299@group-3B5DE3AEDFC2, cid=3689, SUCCESS, logIndex=5603, commits[7049f9e8-7de6-4c8c-bf4c-9bb5512f4299:c5603, 13d9ac51-91bf-4c73-8824-2f58fc5b2747:c5600, 15cd3569-c751-4f18-b157-6804e7d0f08c:c5600]
2019-07-10 06:00:08,371 INFO  client.GrpcClientProtocolClient (GrpcClientProtocolClient.java:onNext(255)) - client-535162E20057->7049f9e8-7de6-4c8c-bf4c-9bb5512f4299: receive RaftClientReply:client-535162E20057->7049f9e8-7de6-4c8c-bf4c-9bb5512f4299@group-3B5DE3AEDFC2, cid=3690, SUCCESS, logIndex=5604, commits[7049f9e8-7de6-4c8c-bf4c-9bb5512f4299:c5604, 13d9ac51-91bf-4c73-8824-2f58fc5b2747:c5600, 15cd3569-c751-4f18-b157-6804e7d0f08c:c5600]
2019-07-10 06:00:08,381 INFO  client.GrpcClientProtocolClient (GrpcClientProtocolClient.java:onNext(255)) - client-535162E20057->7049f9e8-7de6-4c8c-bf4c-9bb5512f4299: receive RaftClientReply:client-535162E20057->7049f9e8-7de6-4c8c-bf4c-9bb5512f4299@group-3B5DE3AEDFC2, cid=3691, SUCCESS, logIndex=0, commits[7049f9e8-7de6-4c8c-bf4c-9bb5512f4299:c5606, 13d9ac51-91bf-4c73-8824-2f58fc5b2747:c5602, 15cd3569-c751-4f18-b157-6804e7d0f08c:c5602]
2019-07-10 06:00:08,404 INFO  client.GrpcClientProtocolClient (GrpcClientProtocolClient.java:onNext(255)) - client-535162E20057->7049f9e8-7de6-4c8c-bf4c-9bb5512f4299: receive RaftClientReply:client-535162E20057->7049f9e8-7de6-4c8c-bf4c-9bb5512f4299@group-3B5DE3AEDFC2, cid=3692, SUCCESS, logIndex=5609, commits[7049f9e8-7de6-4c8c-bf4c-9bb5512f4299:c5610, 13d9ac51-91bf-4c73-8824-2f58fc5b2747:c5608, 15cd3569-c751-4f18-b157-6804e7d0f08c:c5608]
2019-07-10 06:00:08,404 INFO  client.GrpcClientProtocolClient (GrpcClientProtocolClient.java:onNext(255)) - client-535162E20057->7049f9e8-7de6-4c8c-bf4c-9bb5512f4299: receive RaftClientReply:client-535162E20057->7049f9e8-7de6-4c8c-bf4c-9bb5512f4299@group-3B5DE3AEDFC2, cid=3693, SUCCESS, logIndex=5610, commits[7049f9e8-7de6-4c8c-bf4c-9bb5512f4299:c5610, 13d9ac51-91bf-4c73-8824-2f58fc5b2747:c5608, 15cd3569-c751-4f18-b157-6804e7d0f08c:c5608]
2019-07-10 06:00:08,430 INFO  client.GrpcClientProtocolClient (GrpcClientProtocolClient.java:onNext(255)) - client-535162E20057->7049f9e8-7de6-4c8c-bf4c-9bb5512f4299: receive RaftClientReply:client-535162E20057->7049f9e8-7de6-4c8c-bf4c-9bb5512f4299@group-3B5DE3AEDFC2, cid=3694, SUCCESS, logIndex=5613, commits[7049f9e8-7de6-4c8c-bf4c-9bb5512f4299:c5614, 13d9ac51-91bf-4c73-8824-2f58fc5b2747:c5610, 15cd3569-c751-4f18-b157-6804e7d0f08c:c5610]
2019-07-10 06:00:08,431 INFO  client.GrpcClientProtocolClient (GrpcClientProtocolClient.java:onNext(255)) - client-535162E20057->7049f9e8-7de6-4c8c-bf4c-9bb5512f4299: receive RaftClientReply:client-535162E20057->7049f9e8-7de6-4c8c-bf4c-9bb5512f4299@group-3B5DE3AEDFC2, cid=3695, SUCCESS, logIndex=5614, commits[7049f9e8-7de6-4c8c-bf4c-9bb5512f4299:c5614, 13d9ac51-91bf-4c73-8824-2f58fc5b2747:c5610, 15cd3569-c751-4f18-b157-6804e7d0f08c:c5610]
2019-07-10 06:00:08,444 INFO  client.GrpcClientProtocolClient (GrpcClientProtocolClient.java:onNext(255)) - client-535162E20057->7049f9e8-7de6-4c8c-bf4c-9bb5512f4299: receive RaftClientReply:client-535162E20057->7049f9e8-7de6-4c8c-bf4c-9bb5512f4299@group-3B5DE3AEDFC2, cid=3696, SUCCESS, logIndex=0, commits[7049f9e8-7de6-4c8c-bf4c-9bb5512f4299:c5615, 13d9ac51-91bf-4c73-8824-2f58fc5b2747:c5614, 15cd3569-c751-4f18-b157-6804e7d0f08c:c5614]
2019-07-10 06:00:08,479 INFO  client.GrpcClientProtocolClient (GrpcClientProtocolClient.java:onNext(255)) - client-535162E20057->7049f9e8-7de6-4c8c-bf4c-9bb5512f4299: receive RaftClientReply:client-535162E20057->7049f9e8-7de6-4c8c-bf4c-9bb5512f4299@group-3B5DE3AEDFC2, cid=3697, SUCCESS, logIndex=5617, commits[7049f9e8-7de6-4c8c-bf4c-9bb5512f4299:c5618, 13d9ac51-91bf-4c73-8824-2f58fc5b2747:c5616, 15cd3569-c751-4f18-b157-6804e7d0f08c:c5616]
2019-07-10 06:00:08,480 INFO  client.GrpcClientProtocolClient (GrpcClientProtocolClient.java:onNext(255)) - client-535162E20057->7049f9e8-7de6-4c8c-bf4c-9bb5512f4299: receive RaftClientReply:client-535162E20057->7049f9e8-7de6-4c8c-bf4c-9bb5512f4299@group-3B5DE3AEDFC2, cid=3698, SUCCESS, logIndex=5618, commits[7049f9e8-7de6-4c8c-bf4c-9bb5512f4299:c5618, 13d9ac51-91bf-4c73-8824-2f58fc5b2747:c5616, 15cd3569-c751-4f18-b157-6804e7d0f08c:c5616]
2019-07-10 06:00:08,492 INFO  client.GrpcClientProtocolClient (GrpcClientProtocolClient.java:onNext(255)) - client-535162E20057->7049f9e8-7de6-4c8c-bf4c-9bb5512f4299: receive RaftClientReply:client-535162E20057->7049f9e8-7de6-4c8c-bf4c-9bb5512f4299@group-3B5DE3AEDFC2, cid=3699, SUCCESS, logIndex=5619, commits[7049f9e8-7de6-4c8c-bf4c-9bb5512f4299:c5620, 13d9ac51-91bf-4c73-8824-2f58fc5b2747:c5616, 15cd3569-c751-4f18-b157-6804e7d0f08c:c5616]
2019-07-10 06:00:08,492 INFO  client.GrpcClientProtocolClient (GrpcClientProtocolClient.java:onNext(255)) - client-535162E20057->7049f9e8-7de6-4c8c-bf4c-9bb5512f4299: receive RaftClientReply:client-535162E20057->7049f9e8-7de6-4c8c-bf4c-9bb5512f4299@group-3B5DE3AEDFC2, cid=3700, SUCCESS, logIndex=5620, commits[7049f9e8-7de6-4c8c-bf4c-9bb5512f4299:c5620, 13d9ac51-91bf-4c73-8824-2f58fc5b2747:c5616, 15cd3569-c751-4f18-b157-6804e7d0f08c:c5616]
2019-07-10 06:00:08,494 INFO  client.GrpcClientProtocolClient (GrpcClientProtocolClient.java:onNext(255)) - client-535162E20057->7049f9e8-7de6-4c8c-bf4c-9bb5512f4299: receive RaftClientReply:client-535162E20057->7049f9e8-7de6-4c8c-bf4c-9bb5512f4299@group-3B5DE3AEDFC2, cid=3701, SUCCESS, logIndex=0, commits[7049f9e8-7de6-4c8c-bf4c-9bb5512f4299:c5622, 13d9ac51-91bf-4c73-8824-2f58fc5b2747:c5618, 15cd3569-c751-4f18-b157-6804e7d0f08c:c5618]
2019-07-10 06:00:08,507 INFO  client.GrpcClientProtocolClient (GrpcClientProtocolClient.java:onNext(255)) - client-535162E20057->7049f9e8-7de6-4c8c-bf4c-9bb5512f4299: receive RaftClientReply:client-535162E20057->7049f9e8-7de6-4c8c-bf4c-9bb5512f4299@group-3B5DE3AEDFC2, cid=3702, SUCCESS, logIndex=5625, commits[7049f9e8-7de6-4c8c-bf4c-9bb5512f4299:c5626, 13d9ac51-91bf-4c73-8824-2f58fc5b2747:c5620, 15cd3569-c751-4f18-b157-6804e7d0f08c:c5624]
2019-07-10 06:00:08,507 INFO  client.GrpcClientProtocolClient (GrpcClientProtocolClient.java:onNext(255)) - client-535162E20057->7049f9e8-7de6-4c8c-bf4c-9bb5512f4299: receive RaftClientReply:client-535162E20057->7049f9e8-7de6-4c8c-bf4c-9bb5512f4299@group-3B5DE3AEDFC2, cid=3703, SUCCESS, logIndex=5626, commits[7049f9e8-7de6-4c8c-bf4c-9bb5512f4299:c5626, 13d9ac51-91bf-4c73-8824-2f58fc5b2747:c5624, 15cd3569-c751-4f18-b157-6804e7d0f08c:c5624]
2019-07-10 06:00:08,520 INFO  client.GrpcClientProtocolClient (GrpcClientProtocolClient.java:onNext(255)) - client-535162E20057->7049f9e8-7de6-4c8c-bf4c-9bb5512f4299: receive RaftClientReply:client-535162E20057->7049f9e8-7de6-4c8c-bf4c-9bb5512f4299@group-3B5DE3AEDFC2, cid=3704, SUCCESS, logIndex=5629, commits[7049f9e8-7de6-4c8c-bf4c-9bb5512f4299:c5630, 13d9ac51-91bf-4c73-8824-2f58fc5b2747:c5628, 15cd3569-c751-4f18-b157-6804e7d0f08c:c5628]
2019-07-10 06:00:08,520 INFO  client.GrpcClientProtocolClient (GrpcClientProtocolClient.java:onNext(255)) - client-535162E20057->7049f9e8-7de6-4c8c-bf4c-9bb5512f4299: receive RaftClientReply:client-535162E20057->7049f9e8-7de6-4c8c-bf4c-9bb5512f4299@group-3B5DE3AEDFC2, cid=3705, SUCCESS, logIndex=5630, commits[7049f9e8-7de6-4c8c-bf4c-9bb5512f4299:c5630, 13d9ac51-91bf-4c73-8824-2f58fc5b2747:c5628, 15cd3569-c751-4f18-b157-6804e7d0f08c:c5628]
2019-07-10 06:00:08,523 INFO  client.GrpcClientProtocolClient (GrpcClientProtocolClient.java:onNext(255)) - client-535162E20057->7049f9e8-7de6-4c8c-bf4c-9bb5512f4299: receive RaftClientReply:client-535162E20057->7049f9e8-7de6-4c8c-bf4c-9bb5512f4299@group-3B5DE3AEDFC2, cid=3706, SUCCESS, logIndex=0, commits[7049f9e8-7de6-4c8c-bf4c-9bb5512f4299:c5631, 13d9ac51-91bf-4c73-8824-2f58fc5b2747:c5630, 15cd3569-c751-4f18-b157-6804e7d0f08c:c5630]
 0.00% |█                                                                                                    |  0/1 Time: 0:00:332019-07-10 06:00:08,674 INFO  client.GrpcClientProtocolClient (GrpcClientProtocolClient.java:onNext(255)) - client-535162E20057->7049f9e8-7de6-4c8c-bf4c-9bb5512f4299: receive RaftClientReply:client-535162E20057->7049f9e8-7de6-4c8c-bf4c-9bb5512f4299@group-3B5DE3AEDFC2, cid=3707, SUCCESS, logIndex=5633, commits[7049f9e8-7de6-4c8c-bf4c-9bb5512f4299:c5634, 13d9ac51-91bf-4c73-8824-2f58fc5b2747:c5632, 15cd3569-c751-4f18-b157-6804e7d0f08c:c5632]
2019-07-10 06:00:08,674 INFO  client.GrpcClientProtocolClient (GrpcClientProtocolClient.java:onNext(255)) - client-535162E20057->7049f9e8-7de6-4c8c-bf4c-9bb5512f4299: receive RaftClientReply:client-535162E20057->7049f9e8-7de6-4c8c-bf4c-9bb5512f4299@group-3B5DE3AEDFC2, cid=3708, SUCCESS, logIndex=5634, commits[7049f9e8-7de6-4c8c-bf4c-9bb5512f4299:c5635, 13d9ac51-91bf-4c73-8824-2f58fc5b2747:c5632, 15cd3569-c751-4f18-b157-6804e7d0f08c:c5632]
2019-07-10 06:00:08,675 INFO  client.GrpcClientProtocolClient (GrpcClientProtocolClient.java:onNext(255)) - client-535162E20057->7049f9e8-7de6-4c8c-bf4c-9bb5512f4299: receive RaftClientReply:client-535162E20057->7049f9e8-7de6-4c8c-bf4c-9bb5512f4299@group-3B5DE3AEDFC2, cid=3709, SUCCESS, logIndex=5635, commits[7049f9e8-7de6-4c8c-bf4c-9bb5512f4299:c5636, 13d9ac51-91bf-4c73-8824-2f58fc5b2747:c5632, 15cd3569-c751-4f18-b157-6804e7d0f08c:c5632]
2019-07-10 06:00:08,675 INFO  client.GrpcClientProtocolClient (GrpcClientProtocolClient.java:onNext(255)) - client-535162E20057->7049f9e8-7de6-4c8c-bf4c-9bb5512f4299: receive RaftClientReply:client-535162E20057->7049f9e8-7de6-4c8c-bf4c-9bb5512f4299@group-3B5DE3AEDFC2, cid=3710, SUCCESS, logIndex=5636, commits[7049f9e8-7de6-4c8c-bf4c-9bb5512f4299:c5636, 13d9ac51-91bf-4c73-8824-2f58fc5b2747:c5632, 15cd3569-c751-4f18-b157-6804e7d0f08c:c5632]
2019-07-10 06:00:08,689 INFO  client.GrpcClientProtocolClient (GrpcClientProtocolClient.java:onNext(255)) - client-535162E20057->7049f9e8-7de6-4c8c-bf4c-9bb5512f4299: receive RaftClientReply:client-535162E20057->7049f9e8-7de6-4c8c-bf4c-9bb5512f4299@group-3B5DE3AEDFC2, cid=3711, SUCCESS, logIndex=0, commits[7049f9e8-7de6-4c8c-bf4c-9bb5512f4299:c5638, 13d9ac51-91bf-4c73-8824-2f58fc5b2747:c5634, 15cd3569-c751-4f18-b157-6804e7d0f08c:c5634]
2019-07-10 06:00:08,714 INFO  client.GrpcClientProtocolClient (GrpcClientProtocolClient.java:onNext(255)) - client-535162E20057->7049f9e8-7de6-4c8c-bf4c-9bb5512f4299: receive RaftClientReply:client-535162E20057->7049f9e8-7de6-4c8c-bf4c-9bb5512f4299@group-3B5DE3AEDFC2, cid=3712, SUCCESS, logIndex=5641, commits[7049f9e8-7de6-4c8c-bf4c-9bb5512f4299:c5642, 13d9ac51-91bf-4c73-8824-2f58fc5b2747:c5640, 15cd3569-c751-4f18-b157-6804e7d0f08c:c5640]
2019-07-10 06:00:08,714 INFO  client.GrpcClientProtocolClient (GrpcClientProtocolClient.java:onNext(255)) - client-535162E20057->7049f9e8-7de6-4c8c-bf4c-9bb5512f4299: receive RaftClientReply:client-535162E20057->7049f9e8-7de6-4c8c-bf4c-9bb5512f4299@group-3B5DE3AEDFC2, cid=3713, SUCCESS, logIndex=5642, commits[7049f9e8-7de6-4c8c-bf4c-9bb5512f4299:c5642, 13d9ac51-91bf-4c73-8824-2f58fc5b2747:c5640, 15cd3569-c751-4f18-b157-6804e7d0f08c:c5640]
2019-07-10 06:00:08,734 INFO  client.GrpcClientProtocolClient (GrpcClientProtocolClient.java:onNext(255)) - client-535162E20057->7049f9e8-7de6-4c8c-bf4c-9bb5512f4299: receive RaftClientReply:client-535162E20057->7049f9e8-7de6-4c8c-bf4c-9bb5512f4299@group-3B5DE3AEDFC2, cid=3714, SUCCESS, logIndex=5645, commits[7049f9e8-7de6-4c8c-bf4c-9bb5512f4299:c5646, 13d9ac51-91bf-4c73-8824-2f58fc5b2747:c5644, 15cd3569-c751-4f18-b157-6804e7d0f08c:c5644]
2019-07-10 06:00:08,735 INFO  client.GrpcClientProtocolClient (GrpcClientProtocolClient.java:onNext(255)) - client-535162E20057->7049f9e8-7de6-4c8c-bf4c-9bb5512f4299: receive RaftClientReply:client-535162E20057->7049f9e8-7de6-4c8c-bf4c-9bb5512f4299@group-3B5DE3AEDFC2, cid=3715, SUCCESS, logIndex=5646, commits[7049f9e8-7de6-4c8c-bf4c-9bb5512f4299:c5646, 13d9ac51-91bf-4c73-8824-2f58fc5b2747:c5644, 15cd3569-c751-4f18-b157-6804e7d0f08c:c5644]
2019-07-10 06:00:08,760 INFO  client.GrpcClientProtocolClient (GrpcClientProtocolClient.java:onNext(255)) - client-535162E20057->7049f9e8-7de6-4c8c-bf4c-9bb5512f4299: receive RaftClientReply:client-535162E20057->7049f9e8-7de6-4c8c-bf4c-9bb5512f4299@group-3B5DE3AEDFC2, cid=3716, SUCCESS, logIndex=0, commits[7049f9e8-7de6-4c8c-bf4c-9bb5512f4299:c5647, 13d9ac51-91bf-4c73-8824-2f58fc5b2747:c5646, 15cd3569-c751-4f18-b157-6804e7d0f08c:c5646]
2019-07-10 06:00:08,793 INFO  client.GrpcClientProtocolClient (GrpcClientProtocolClient.java:onNext(255)) - client-535162E20057->7049f9e8-7de6-4c8c-bf4c-9bb5512f4299: receive RaftClientReply:client-535162E20057->7049f9e8-7de6-4c8c-bf4c-9bb5512f4299@group-3B5DE3AEDFC2, cid=3717, SUCCESS, logIndex=5649, commits[7049f9e8-7de6-4c8c-bf4c-9bb5512f4299:c5650, 13d9ac51-91bf-4c73-8824-2f58fc5b2747:c5648, 15cd3569-c751-4f18-b157-6804e7d0f08c:c5648]
2019-07-10 06:00:08,794 INFO  client.GrpcClientProtocolClient (GrpcClientProtocolClient.java:onNext(255)) - client-535162E20057->7049f9e8-7de6-4c8c-bf4c-9bb5512f4299: receive RaftClientReply:client-535162E20057->7049f9e8-7de6-4c8c-bf4c-9bb5512f4299@group-3B5DE3AEDFC2, cid=3718, SUCCESS, logIndex=5650, commits[7049f9e8-7de6-4c8c-bf4c-9bb5512f4299:c5652, 13d9ac51-91bf-4c73-8824-2f58fc5b2747:c5648, 15cd3569-c751-4f18-b157-6804e7d0f08c:c5648]
2019-07-10 06:00:08,794 INFO  client.GrpcClientProtocolClient (GrpcClientProtocolClient.java:onNext(255)) - client-535162E20057->7049f9e8-7de6-4c8c-bf4c-9bb5512f4299: receive RaftClientReply:client-535162E20057->7049f9e8-7de6-4c8c-bf4c-9bb5512f4299@group-3B5DE3AEDFC2, cid=3719, SUCCESS, logIndex=5651, commits[7049f9e8-7de6-4c8c-bf4c-9bb5512f4299:c5652, 13d9ac51-91bf-4c73-8824-2f58fc5b2747:c5648, 15cd3569-c751-4f18-b157-6804e7d0f08c:c5648]
2019-07-10 06:00:08,794 INFO  client.GrpcClientProtocolClient (GrpcClientProtocolClient.java:onNext(255)) - client-535162E20057->7049f9e8-7de6-4c8c-bf4c-9bb5512f4299: receive RaftClientReply:client-535162E20057->7049f9e8-7de6-4c8c-bf4c-9bb5512f4299@group-3B5DE3AEDFC2, cid=3720, SUCCESS, logIndex=5652, commits[7049f9e8-7de6-4c8c-bf4c-9bb5512f4299:c5652, 13d9ac51-91bf-4c73-8824-2f58fc5b2747:c5648, 15cd3569-c751-4f18-b157-6804e7d0f08c:c5648]
2019-07-10 06:00:08,820 INFO  client.GrpcClientProtocolClient (GrpcClientProtocolClient.java:onNext(255)) - client-535162E20057->7049f9e8-7de6-4c8c-bf4c-9bb5512f4299: receive RaftClientReply:client-535162E20057->7049f9e8-7de6-4c8c-bf4c-9bb5512f4299@group-3B5DE3AEDFC2, cid=3721, SUCCESS, logIndex=0, commits[7049f9e8-7de6-4c8c-bf4c-9bb5512f4299:c5655, 13d9ac51-91bf-4c73-8824-2f58fc5b2747:c5652, 15cd3569-c751-4f18-b157-6804e7d0f08c:c5650]
2019-07-10 06:00:08,852 INFO  client.GrpcClientProtocolClient (GrpcClientProtocolClient.java:onNext(255)) - client-535162E20057->7049f9e8-7de6-4c8c-bf4c-9bb5512f4299: receive RaftClientReply:client-535162E20057->7049f9e8-7de6-4c8c-bf4c-9bb5512f4299@group-3B5DE3AEDFC2, cid=3722, SUCCESS, logIndex=5656, commits[7049f9e8-7de6-4c8c-bf4c-9bb5512f4299:c5657, 13d9ac51-91bf-4c73-8824-2f58fc5b2747:c5655, 15cd3569-c751-4f18-b157-6804e7d0f08c:c5655]
2019-07-10 06:00:08,852 INFO  client.GrpcClientProtocolClient (GrpcClientProtocolClient.java:onNext(255)) - client-535162E20057->7049f9e8-7de6-4c8c-bf4c-9bb5512f4299: receive RaftClientReply:client-535162E20057->7049f9e8-7de6-4c8c-bf4c-9bb5512f4299@group-3B5DE3AEDFC2, cid=3723, SUCCESS, logIndex=5657, commits[7049f9e8-7de6-4c8c-bf4c-9bb5512f4299:c5657, 13d9ac51-91bf-4c73-8824-2f58fc5b2747:c5655, 15cd3569-c751-4f18-b157-6804e7d0f08c:c5655]
2019-07-10 06:00:08,867 INFO  client.GrpcClientProtocolClient (GrpcClientProtocolClient.java:onNext(255)) - client-535162E20057->7049f9e8-7de6-4c8c-bf4c-9bb5512f4299: receive RaftClientReply:client-535162E20057->7049f9e8-7de6-4c8c-bf4c-9bb5512f4299@group-3B5DE3AEDFC2, cid=3724, SUCCESS, logIndex=5660, commits[7049f9e8-7de6-4c8c-bf4c-9bb5512f4299:c5661, 13d9ac51-91bf-4c73-8824-2f58fc5b2747:c5657, 15cd3569-c751-4f18-b157-6804e7d0f08c:c5657]
2019-07-10 06:00:08,867 INFO  client.GrpcClientProtocolClient (GrpcClientProtocolClient.java:onNext(255)) - client-535162E20057->7049f9e8-7de6-4c8c-bf4c-9bb5512f4299: receive RaftClientReply:client-535162E20057->7049f9e8-7de6-4c8c-bf4c-9bb5512f4299@group-3B5DE3AEDFC2, cid=3725, SUCCESS, logIndex=5661, commits[7049f9e8-7de6-4c8c-bf4c-9bb5512f4299:c5661, 13d9ac51-91bf-4c73-8824-2f58fc5b2747:c5657, 15cd3569-c751-4f18-b157-6804e7d0f08c:c5657]
2019-07-10 06:00:08,883 INFO  client.GrpcClientProtocolClient (GrpcClientProtocolClient.java:onNext(255)) - client-535162E20057->7049f9e8-7de6-4c8c-bf4c-9bb5512f4299: receive RaftClientReply:client-535162E20057->7049f9e8-7de6-4c8c-bf4c-9bb5512f4299@group-3B5DE3AEDFC2, cid=3726, SUCCESS, logIndex=0, commits[7049f9e8-7de6-4c8c-bf4c-9bb5512f4299:c5663, 13d9ac51-91bf-4c73-8824-2f58fc5b2747:c5661, 15cd3569-c751-4f18-b157-6804e7d0f08c:c5661]
2019-07-10 06:00:08,916 INFO  client.GrpcClientProtocolClient (GrpcClientProtocolClient.java:onNext(255)) - client-535162E20057->7049f9e8-7de6-4c8c-bf4c-9bb5512f4299: receive RaftClientReply:client-535162E20057->7049f9e8-7de6-4c8c-bf4c-9bb5512f4299@group-3B5DE3AEDFC2, cid=3727, SUCCESS, logIndex=5664, commits[7049f9e8-7de6-4c8c-bf4c-9bb5512f4299:c5665, 13d9ac51-91bf-4c73-8824-2f58fc5b2747:c5663, 15cd3569-c751-4f18-b157-6804e7d0f08c:c5663]
2019-07-10 06:00:08,917 INFO  client.GrpcClientProtocolClient (GrpcClientProtocolClient.java:onNext(255)) - client-535162E20057->7049f9e8-7de6-4c8c-bf4c-9bb5512f4299: receive RaftClientReply:client-535162E20057->7049f9e8-7de6-4c8c-bf4c-9bb5512f4299@group-3B5DE3AEDFC2, cid=3728, SUCCESS, logIndex=5665, commits[7049f9e8-7de6-4c8c-bf4c-9bb5512f4299:c5665, 13d9ac51-91bf-4c73-8824-2f58fc5b2747:c5663, 15cd3569-c751-4f18-b157-6804e7d0f08c:c5663]
2019-07-10 06:00:08,927 INFO  client.GrpcClientProtocolClient (GrpcClientProtocolClient.java:onNext(255)) - client-535162E20057->7049f9e8-7de6-4c8c-bf4c-9bb5512f4299: receive RaftClientReply:client-535162E20057->7049f9e8-7de6-4c8c-bf4c-9bb5512f4299@group-3B5DE3AEDFC2, cid=3729, SUCCESS, logIndex=5666, commits[7049f9e8-7de6-4c8c-bf4c-9bb5512f4299:c5667, 13d9ac51-91bf-4c73-8824-2f58fc5b2747:c5663, 15cd3569-c751-4f18-b157-6804e7d0f08c:c5663]
2019-07-10 06:00:08,927 INFO  client.GrpcClientProtocolClient (GrpcClientProtocolClient.java:onNext(255)) - client-535162E20057->7049f9e8-7de6-4c8c-bf4c-9bb5512f4299: receive RaftClientReply:client-535162E20057->7049f9e8-7de6-4c8c-bf4c-9bb5512f4299@group-3B5DE3AEDFC2, cid=3730, SUCCESS, logIndex=5667, commits[7049f9e8-7de6-4c8c-bf4c-9bb5512f4299:c5667, 13d9ac51-91bf-4c73-8824-2f58fc5b2747:c5663, 15cd3569-c751-4f18-b157-6804e7d0f08c:c5663]
2019-07-10 06:00:08,929 INFO  client.GrpcClientProtocolClient (GrpcClientProtocolClient.java:onNext(255)) - client-535162E20057->7049f9e8-7de6-4c8c-bf4c-9bb5512f4299: receive RaftClientReply:client-535162E20057->7049f9e8-7de6-4c8c-bf4c-9bb5512f4299@group-3B5DE3AEDFC2, cid=3731, SUCCESS, logIndex=0, commits[7049f9e8-7de6-4c8c-bf4c-9bb5512f4299:c5669, 13d9ac51-91bf-4c73-8824-2f58fc5b2747:c5665, 15cd3569-c751-4f18-b157-6804e7d0f08c:c5665]
2019-07-10 06:00:08,955 INFO  client.GrpcClientProtocolClient (GrpcClientProtocolClient.java:onNext(255)) - client-535162E20057->7049f9e8-7de6-4c8c-bf4c-9bb5512f4299: receive RaftClientReply:client-535162E20057->7049f9e8-7de6-4c8c-bf4c-9bb5512f4299@group-3B5DE3AEDFC2, cid=3732, SUCCESS, logIndex=5672, commits[7049f9e8-7de6-4c8c-bf4c-9bb5512f4299:c5673, 13d9ac51-91bf-4c73-8824-2f58fc5b2747:c5669, 15cd3569-c751-4f18-b157-6804e7d0f08c:c5669]
2019-07-10 06:00:08,956 INFO  client.GrpcClientProtocolClient (GrpcClientProtocolClient.java:onNext(255)) - client-535162E20057->7049f9e8-7de6-4c8c-bf4c-9bb5512f4299: receive RaftClientReply:client-535162E20057->7049f9e8-7de6-4c8c-bf4c-9bb5512f4299@group-3B5DE3AEDFC2, cid=3733, SUCCESS, logIndex=5673, commits[7049f9e8-7de6-4c8c-bf4c-9bb5512f4299:c5673, 13d9ac51-91bf-4c73-8824-2f58fc5b2747:c5669, 15cd3569-c751-4f18-b157-6804e7d0f08c:c5669]
2019-07-10 06:00:08,970 INFO  client.GrpcClientProtocolClient (GrpcClientProtocolClient.java:onNext(255)) - client-535162E20057->7049f9e8-7de6-4c8c-bf4c-9bb5512f4299: receive RaftClientReply:client-535162E20057->7049f9e8-7de6-4c8c-bf4c-9bb5512f4299@group-3B5DE3AEDFC2, cid=3734, SUCCESS, logIndex=5675, commits[7049f9e8-7de6-4c8c-bf4c-9bb5512f4299:c5676, 13d9ac51-91bf-4c73-8824-2f58fc5b2747:c5673, 15cd3569-c751-4f18-b157-6804e7d0f08c:c5673]
2019-07-10 06:00:08,971 INFO  client.GrpcClientProtocolClient (GrpcClientProtocolClient.java:onNext(255)) - client-535162E20057->7049f9e8-7de6-4c8c-bf4c-9bb5512f4299: receive RaftClientReply:client-535162E20057->7049f9e8-7de6-4c8c-bf4c-9bb5512f4299@group-3B5DE3AEDFC2, cid=3735, SUCCESS, logIndex=5676, commits[7049f9e8-7de6-4c8c-bf4c-9bb5512f4299:c5676, 13d9ac51-91bf-4c73-8824-2f58fc5b2747:c5673, 15cd3569-c751-4f18-b157-6804e7d0f08c:c5673]
2019-07-10 06:00:08,985 INFO  client.GrpcClientProtocolClient (GrpcClientProtocolClient.java:onNext(255)) - client-535162E20057->7049f9e8-7de6-4c8c-bf4c-9bb5512f4299: receive RaftClientReply:client-535162E20057->7049f9e8-7de6-4c8c-bf4c-9bb5512f4299@group-3B5DE3AEDFC2, cid=3736, SUCCESS, logIndex=0, commits[7049f9e8-7de6-4c8c-bf4c-9bb5512f4299:c5678, 13d9ac51-91bf-4c73-8824-2f58fc5b2747:c5676, 15cd3569-c751-4f18-b157-6804e7d0f08c:c5676]
2019-07-10 06:00:09,027 INFO  client.GrpcClientProtocolClient (GrpcClientProtocolClient.java:onNext(255)) - client-535162E20057->7049f9e8-7de6-4c8c-bf4c-9bb5512f4299: receive RaftClientReply:client-535162E20057->7049f9e8-7de6-4c8c-bf4c-9bb5512f4299@group-3B5DE3AEDFC2, cid=3737, SUCCESS, logIndex=5679, commits[7049f9e8-7de6-4c8c-bf4c-9bb5512f4299:c5680, 13d9ac51-91bf-4c73-8824-2f58fc5b2747:c5678, 15cd3569-c751-4f18-b157-6804e7d0f08c:c5678]
2019-07-10 06:00:09,028 INFO  client.GrpcClientProtocolClient (GrpcClientProtocolClient.java:onNext(255)) - client-535162E20057->7049f9e8-7de6-4c8c-bf4c-9bb5512f4299: receive RaftClientReply:client-535162E20057->7049f9e8-7de6-4c8c-bf4c-9bb5512f4299@group-3B5DE3AEDFC2, cid=3738, SUCCESS, logIndex=5680, commits[7049f9e8-7de6-4c8c-bf4c-9bb5512f4299:c5680, 13d9ac51-91bf-4c73-8824-2f58fc5b2747:c5678, 15cd3569-c751-4f18-b157-6804e7d0f08c:c5678]
2019-07-10 06:00:09,028 INFO  client.GrpcClientProtocolClient (GrpcClientProtocolClient.java:onNext(255)) - client-535162E20057->7049f9e8-7de6-4c8c-bf4c-9bb5512f4299: receive RaftClientReply:client-535162E20057->7049f9e8-7de6-4c8c-bf4c-9bb5512f4299@group-3B5DE3AEDFC2, cid=3739, SUCCESS, logIndex=5681, commits[7049f9e8-7de6-4c8c-bf4c-9bb5512f4299:c5682, 13d9ac51-91bf-4c73-8824-2f58fc5b2747:c5678, 15cd3569-c751-4f18-b157-6804e7d0f08c:c5678]
2019-07-10 06:00:09,028 INFO  client.GrpcClientProtocolClient (GrpcClientProtocolClient.java:onNext(255)) - client-535162E20057->7049f9e8-7de6-4c8c-bf4c-9bb5512f4299: receive RaftClientReply:client-535162E20057->7049f9e8-7de6-4c8c-bf4c-9bb5512f4299@group-3B5DE3AEDFC2, cid=3740, SUCCESS, logIndex=5682, commits[7049f9e8-7de6-4c8c-bf4c-9bb5512f4299:c5682, 13d9ac51-91bf-4c73-8824-2f58fc5b2747:c5678, 15cd3569-c751-4f18-b157-6804e7d0f08c:c5678]
2019-07-10 06:00:09,029 INFO  client.GrpcClientProtocolClient (GrpcClientProtocolClient.java:onNext(255)) - client-535162E20057->7049f9e8-7de6-4c8c-bf4c-9bb5512f4299: receive RaftClientReply:client-535162E20057->7049f9e8-7de6-4c8c-bf4c-9bb5512f4299@group-3B5DE3AEDFC2, cid=3741, SUCCESS, logIndex=0, commits[7049f9e8-7de6-4c8c-bf4c-9bb5512f4299:c5684, 13d9ac51-91bf-4c73-8824-2f58fc5b2747:c5680, 15cd3569-c751-4f18-b157-6804e7d0f08c:c5680]
2019-07-10 06:00:09,049 INFO  client.GrpcClientProtocolClient (GrpcClientProtocolClient.java:onNext(255)) - client-535162E20057->7049f9e8-7de6-4c8c-bf4c-9bb5512f4299: receive RaftClientReply:client-535162E20057->7049f9e8-7de6-4c8c-bf4c-9bb5512f4299@group-3B5DE3AEDFC2, cid=3742, SUCCESS, logIndex=5687, commits[7049f9e8-7de6-4c8c-bf4c-9bb5512f4299:c5688, 13d9ac51-91bf-4c73-8824-2f58fc5b2747:c5686, 15cd3569-c751-4f18-b157-6804e7d0f08c:c5686]
2019-07-10 06:00:09,049 INFO  client.GrpcClientProtocolClient (GrpcClientProtocolClient.java:onNext(255)) - client-535162E20057->7049f9e8-7de6-4c8c-bf4c-9bb5512f4299: receive RaftClientReply:client-535162E20057->7049f9e8-7de6-4c8c-bf4c-9bb5512f4299@group-3B5DE3AEDFC2, cid=3743, SUCCESS, logIndex=5688, commits[7049f9e8-7de6-4c8c-bf4c-9bb5512f4299:c5688, 13d9ac51-91bf-4c73-8824-2f58fc5b2747:c5686, 15cd3569-c751-4f18-b157-6804e7d0f08c:c5686]
2019-07-10 06:00:09,076 INFO  client.GrpcClientProtocolClient (GrpcClientProtocolClient.java:onNext(255)) - client-535162E20057->7049f9e8-7de6-4c8c-bf4c-9bb5512f4299: receive RaftClientReply:client-535162E20057->7049f9e8-7de6-4c8c-bf4c-9bb5512f4299@group-3B5DE3AEDFC2, cid=3744, SUCCESS, logIndex=5691, commits[7049f9e8-7de6-4c8c-bf4c-9bb5512f4299:c5692, 13d9ac51-91bf-4c73-8824-2f58fc5b2747:c5688, 15cd3569-c751-4f18-b157-6804e7d0f08c:c5688]
2019-07-10 06:00:09,076 INFO  client.GrpcClientProtocolClient (GrpcClientProtocolClient.java:onNext(255)) - client-535162E20057->7049f9e8-7de6-4c8c-bf4c-9bb5512f4299: receive RaftClientReply:client-535162E20057->7049f9e8-7de6-4c8c-bf4c-9bb5512f4299@group-3B5DE3AEDFC2, cid=3745, SUCCESS, logIndex=5692, commits[7049f9e8-7de6-4c8c-bf4c-9bb5512f4299:c5692, 13d9ac51-91bf-4c73-8824-2f58fc5b2747:c5688, 15cd3569-c751-4f18-b157-6804e7d0f08c:c5688]
2019-07-10 06:00:09,081 INFO  client.GrpcClientProtocolClient (GrpcClientProtocolClient.java:onNext(255)) - client-535162E20057->7049f9e8-7de6-4c8c-bf4c-9bb5512f4299: receive RaftClientReply:client-535162E20057->7049f9e8-7de6-4c8c-bf4c-9bb5512f4299@group-3B5DE3AEDFC2, cid=3746, SUCCESS, logIndex=0, commits[7049f9e8-7de6-4c8c-bf4c-9bb5512f4299:c5693, 13d9ac51-91bf-4c73-8824-2f58fc5b2747:c5692, 15cd3569-c751-4f18-b157-6804e7d0f08c:c5692]
2019-07-10 06:00:09,113 INFO  client.GrpcClientProtocolClient (GrpcClientProtocolClient.java:onNext(255)) - client-535162E20057->7049f9e8-7de6-4c8c-bf4c-9bb5512f4299: receive RaftClientReply:client-535162E20057->7049f9e8-7de6-4c8c-bf4c-9bb5512f4299@group-3B5DE3AEDFC2, cid=3747, SUCCESS, logIndex=5695, commits[7049f9e8-7de6-4c8c-bf4c-9bb5512f4299:c5698, 13d9ac51-91bf-4c73-8824-2f58fc5b2747:c5694, 15cd3569-c751-4f18-b157-6804e7d0f08c:c5694]
2019-07-10 06:00:09,113 INFO  client.GrpcClientProtocolClient (GrpcClientProtocolClient.java:onNext(255)) - client-535162E20057->7049f9e8-7de6-4c8c-bf4c-9bb5512f4299: receive RaftClientReply:client-535162E20057->7049f9e8-7de6-4c8c-bf4c-9bb5512f4299@group-3B5DE3AEDFC2, cid=3748, SUCCESS, logIndex=5696, commits[7049f9e8-7de6-4c8c-bf4c-9bb5512f4299:c5698, 13d9ac51-91bf-4c73-8824-2f58fc5b2747:c5694, 15cd3569-c751-4f18-b157-6804e7d0f08c:c5694]
2019-07-10 06:00:09,113 INFO  client.GrpcClientProtocolClient (GrpcClientProtocolClient.java:onNext(255)) - client-535162E20057->7049f9e8-7de6-4c8c-bf4c-9bb5512f4299: receive RaftClientReply:client-535162E20057->7049f9e8-7de6-4c8c-bf4c-9bb5512f4299@group-3B5DE3AEDFC2, cid=3749, SUCCESS, logIndex=5697, commits[7049f9e8-7de6-4c8c-bf4c-9bb5512f4299:c5698, 13d9ac51-91bf-4c73-8824-2f58fc5b2747:c5694, 15cd3569-c751-4f18-b157-6804e7d0f08c:c5694]
2019-07-10 06:00:09,114 INFO  client.GrpcClientProtocolClient (GrpcClientProtocolClient.java:onNext(255)) - client-535162E20057->7049f9e8-7de6-4c8c-bf4c-9bb5512f4299: receive RaftClientReply:client-535162E20057->7049f9e8-7de6-4c8c-bf4c-9bb5512f4299@group-3B5DE3AEDFC2, cid=3750, SUCCESS, logIndex=5698, commits[7049f9e8-7de6-4c8c-bf4c-9bb5512f4299:c5698, 13d9ac51-91bf-4c73-8824-2f58fc5b2747:c5694, 15cd3569-c751-4f18-b157-6804e7d0f08c:c5694]
2019-07-10 06:00:09,127 INFO  client.GrpcClientProtocolClient (GrpcClientProtocolClient.java:onNext(255)) - client-535162E20057->7049f9e8-7de6-4c8c-bf4c-9bb5512f4299: receive RaftClientReply:client-535162E20057->7049f9e8-7de6-4c8c-bf4c-9bb5512f4299@group-3B5DE3AEDFC2, cid=3751, SUCCESS, logIndex=0, commits[7049f9e8-7de6-4c8c-bf4c-9bb5512f4299:c5701, 13d9ac51-91bf-4c73-8824-2f58fc5b2747:c5698, 15cd3569-c751-4f18-b157-6804e7d0f08c:c5696]
2019-07-10 06:00:09,146 INFO  client.GrpcClientProtocolClient (GrpcClientProtocolClient.java:onNext(255)) - client-535162E20057->7049f9e8-7de6-4c8c-bf4c-9bb5512f4299: receive RaftClientReply:client-535162E20057->7049f9e8-7de6-4c8c-bf4c-9bb5512f4299@group-3B5DE3AEDFC2, cid=3752, SUCCESS, logIndex=5703, commits[7049f9e8-7de6-4c8c-bf4c-9bb5512f4299:c5703, 13d9ac51-91bf-4c73-8824-2f58fc5b2747:c5702, 15cd3569-c751-4f18-b157-6804e7d0f08c:c5702]
2019-07-10 06:00:09,147 INFO  client.GrpcClientProtocolClient (GrpcClientProtocolClient.java:onNext(255)) - client-535162E20057->7049f9e8-7de6-4c8c-bf4c-9bb5512f4299: receive RaftClientReply:client-535162E20057->7049f9e8-7de6-4c8c-bf4c-9bb5512f4299@group-3B5DE3AEDFC2, cid=3753, SUCCESS, logIndex=5704, commits[7049f9e8-7de6-4c8c-bf4c-9bb5512f4299:c5704, 13d9ac51-91bf-4c73-8824-2f58fc5b2747:c5702, 15cd3569-c751-4f18-b157-6804e7d0f08c:c5702]
2019-07-10 06:00:09,171 INFO  client.GrpcClientProtocolClient (GrpcClientProtocolClient.java:onNext(255)) - client-535162E20057->7049f9e8-7de6-4c8c-bf4c-9bb5512f4299: receive RaftClientReply:client-535162E20057->7049f9e8-7de6-4c8c-bf4c-9bb5512f4299@group-3B5DE3AEDFC2, cid=3754, SUCCESS, logIndex=5707, commits[7049f9e8-7de6-4c8c-bf4c-9bb5512f4299:c5708, 13d9ac51-91bf-4c73-8824-2f58fc5b2747:c5704, 15cd3569-c751-4f18-b157-6804e7d0f08c:c5704]
2019-07-10 06:00:09,172 INFO  client.GrpcClientProtocolClient (GrpcClientProtocolClient.java:onNext(255)) - client-535162E20057->7049f9e8-7de6-4c8c-bf4c-9bb5512f4299: receive RaftClientReply:client-535162E20057->7049f9e8-7de6-4c8c-bf4c-9bb5512f4299@group-3B5DE3AEDFC2, cid=3755, SUCCESS, logIndex=5708, commits[7049f9e8-7de6-4c8c-bf4c-9bb5512f4299:c5708, 13d9ac51-91bf-4c73-8824-2f58fc5b2747:c5704, 15cd3569-c751-4f18-b157-6804e7d0f08c:c5704]
2019-07-10 06:00:09,184 INFO  client.GrpcClientProtocolClient (GrpcClientProtocolClient.java:onNext(255)) - client-535162E20057->7049f9e8-7de6-4c8c-bf4c-9bb5512f4299: receive RaftClientReply:client-535162E20057->7049f9e8-7de6-4c8c-bf4c-9bb5512f4299@group-3B5DE3AEDFC2, cid=3756, SUCCESS, logIndex=0, commits[7049f9e8-7de6-4c8c-bf4c-9bb5512f4299:c5709, 13d9ac51-91bf-4c73-8824-2f58fc5b2747:c5708, 15cd3569-c751-4f18-b157-6804e7d0f08c:c5708]
2019-07-10 06:00:09,214 INFO  client.GrpcClientProtocolClient (GrpcClientProtocolClient.java:onNext(255)) - client-535162E20057->7049f9e8-7de6-4c8c-bf4c-9bb5512f4299: receive RaftClientReply:client-535162E20057->7049f9e8-7de6-4c8c-bf4c-9bb5512f4299@group-3B5DE3AEDFC2, cid=3757, SUCCESS, logIndex=5711, commits[7049f9e8-7de6-4c8c-bf4c-9bb5512f4299:c5712, 13d9ac51-91bf-4c73-8824-2f58fc5b2747:c5710, 15cd3569-c751-4f18-b157-6804e7d0f08c:c5710]
2019-07-10 06:00:09,214 INFO  client.GrpcClientProtocolClient (GrpcClientProtocolClient.java:onNext(255)) - client-535162E20057->7049f9e8-7de6-4c8c-bf4c-9bb5512f4299: receive RaftClientReply:client-535162E20057->7049f9e8-7de6-4c8c-bf4c-9bb5512f4299@group-3B5DE3AEDFC2, cid=3758, SUCCESS, logIndex=5712, commits[7049f9e8-7de6-4c8c-bf4c-9bb5512f4299:c5712, 13d9ac51-91bf-4c73-8824-2f58fc5b2747:c5710, 15cd3569-c751-4f18-b157-6804e7d0f08c:c5710]
2019-07-10 06:00:09,226 INFO  client.GrpcClientProtocolClient (GrpcClientProtocolClient.java:onNext(255)) - client-535162E20057->7049f9e8-7de6-4c8c-bf4c-9bb5512f4299: receive RaftClientReply:client-535162E20057->7049f9e8-7de6-4c8c-bf4c-9bb5512f4299@group-3B5DE3AEDFC2, cid=3759, SUCCESS, logIndex=5713, commits[7049f9e8-7de6-4c8c-bf4c-9bb5512f4299:c5714, 13d9ac51-91bf-4c73-8824-2f58fc5b2747:c5710, 15cd3569-c751-4f18-b157-6804e7d0f08c:c5710]
2019-07-10 06:00:09,226 INFO  client.GrpcClientProtocolClient (GrpcClientProtocolClient.java:onNext(255)) - client-535162E20057->7049f9e8-7de6-4c8c-bf4c-9bb5512f4299: receive RaftClientReply:client-535162E20057->7049f9e8-7de6-4c8c-bf4c-9bb5512f4299@group-3B5DE3AEDFC2, cid=3760, SUCCESS, logIndex=5714, commits[7049f9e8-7de6-4c8c-bf4c-9bb5512f4299:c5714, 13d9ac51-91bf-4c73-8824-2f58fc5b2747:c5710, 15cd3569-c751-4f18-b157-6804e7d0f08c:c5710]
2019-07-10 06:00:09,239 INFO  client.GrpcClientProtocolClient (GrpcClientProtocolClient.java:onNext(255)) - client-535162E20057->7049f9e8-7de6-4c8c-bf4c-9bb5512f4299: receive RaftClientReply:client-535162E20057->7049f9e8-7de6-4c8c-bf4c-9bb5512f4299@group-3B5DE3AEDFC2, cid=3761, SUCCESS, logIndex=0, commits[7049f9e8-7de6-4c8c-bf4c-9bb5512f4299:c5716, 13d9ac51-91bf-4c73-8824-2f58fc5b2747:c5712, 15cd3569-c751-4f18-b157-6804e7d0f08c:c5712]
2019-07-10 06:00:09,251 INFO  client.GrpcClientProtocolClient (GrpcClientProtocolClient.java:onNext(255)) - client-535162E20057->7049f9e8-7de6-4c8c-bf4c-9bb5512f4299: receive RaftClientReply:client-535162E20057->7049f9e8-7de6-4c8c-bf4c-9bb5512f4299@group-3B5DE3AEDFC2, cid=3762, SUCCESS, logIndex=5719, commits[7049f9e8-7de6-4c8c-bf4c-9bb5512f4299:c5720, 13d9ac51-91bf-4c73-8824-2f58fc5b2747:c5714, 15cd3569-c751-4f18-b157-6804e7d0f08c:c5718]
2019-07-10 06:00:09,252 INFO  client.GrpcClientProtocolClient (GrpcClientProtocolClient.java:onNext(255)) - client-535162E20057->7049f9e8-7de6-4c8c-bf4c-9bb5512f4299: receive RaftClientReply:client-535162E20057->7049f9e8-7de6-4c8c-bf4c-9bb5512f4299@group-3B5DE3AEDFC2, cid=3763, SUCCESS, logIndex=5720, commits[7049f9e8-7de6-4c8c-bf4c-9bb5512f4299:c5720, 13d9ac51-91bf-4c73-8824-2f58fc5b2747:c5718, 15cd3569-c751-4f18-b157-6804e7d0f08c:c5718]
2019-07-10 06:00:09,272 INFO  client.GrpcClientProtocolClient (GrpcClientProtocolClient.java:onNext(255)) - client-535162E20057->7049f9e8-7de6-4c8c-bf4c-9bb5512f4299: receive RaftClientReply:client-535162E20057->7049f9e8-7de6-4c8c-bf4c-9bb5512f4299@group-3B5DE3AEDFC2, cid=3764, SUCCESS, logIndex=5723, commits[7049f9e8-7de6-4c8c-bf4c-9bb5512f4299:c5724, 13d9ac51-91bf-4c73-8824-2f58fc5b2747:c5722, 15cd3569-c751-4f18-b157-6804e7d0f08c:c5722]
2019-07-10 06:00:09,273 INFO  client.GrpcClientProtocolClient (GrpcClientProtocolClient.java:onNext(255)) - client-535162E20057->7049f9e8-7de6-4c8c-bf4c-9bb5512f4299: receive RaftClientReply:client-535162E20057->7049f9e8-7de6-4c8c-bf4c-9bb5512f4299@group-3B5DE3AEDFC2, cid=3765, SUCCESS, logIndex=5724, commits[7049f9e8-7de6-4c8c-bf4c-9bb5512f4299:c5724, 13d9ac51-91bf-4c73-8824-2f58fc5b2747:c5722, 15cd3569-c751-4f18-b157-6804e7d0f08c:c5722]
2019-07-10 06:00:09,276 INFO  client.GrpcClientProtocolClient (GrpcClientProtocolClient.java:onNext(255)) - client-535162E20057->7049f9e8-7de6-4c8c-bf4c-9bb5512f4299: receive RaftClientReply:client-535162E20057->7049f9e8-7de6-4c8c-bf4c-9bb5512f4299@group-3B5DE3AEDFC2, cid=3766, SUCCESS, logIndex=0, commits[7049f9e8-7de6-4c8c-bf4c-9bb5512f4299:c5725, 13d9ac51-91bf-4c73-8824-2f58fc5b2747:c5724, 15cd3569-c751-4f18-b157-6804e7d0f08c:c5724]
2019-07-10 06:00:09,324 INFO  client.GrpcClientProtocolClient (GrpcClientProtocolClient.java:onNext(255)) - client-535162E20057->7049f9e8-7de6-4c8c-bf4c-9bb5512f4299: receive RaftClientReply:client-535162E20057->7049f9e8-7de6-4c8c-bf4c-9bb5512f4299@group-3B5DE3AEDFC2, cid=3767, SUCCESS, logIndex=5727, commits[7049f9e8-7de6-4c8c-bf4c-9bb5512f4299:c5729, 13d9ac51-91bf-4c73-8824-2f58fc5b2747:c5726, 15cd3569-c751-4f18-b157-6804e7d0f08c:c5724]
2019-07-10 06:00:09,324 INFO  client.GrpcClientProtocolClient (GrpcClientProtocolClient.java:onNext(255)) - client-535162E20057->7049f9e8-7de6-4c8c-bf4c-9bb5512f4299: receive RaftClientReply:client-535162E20057->7049f9e8-7de6-4c8c-bf4c-9bb5512f4299@group-3B5DE3AEDFC2, cid=3768, SUCCESS, logIndex=5728, commits[7049f9e8-7de6-4c8c-bf4c-9bb5512f4299:c5730, 13d9ac51-91bf-4c73-8824-2f58fc5b2747:c5726, 15cd3569-c751-4f18-b157-6804e7d0f08c:c5726]
2019-07-10 06:00:09,324 INFO  client.GrpcClientProtocolClient (GrpcClientProtocolClient.java:onNext(255)) - client-535162E20057->7049f9e8-7de6-4c8c-bf4c-9bb5512f4299: receive RaftClientReply:client-535162E20057->7049f9e8-7de6-4c8c-bf4c-9bb5512f4299@group-3B5DE3AEDFC2, cid=3769, SUCCESS, logIndex=5729, commits[7049f9e8-7de6-4c8c-bf4c-9bb5512f4299:c5730, 13d9ac51-91bf-4c73-8824-2f58fc5b2747:c5726, 15cd3569-c751-4f18-b157-6804e7d0f08c:c5726]
2019-07-10 06:00:09,325 INFO  client.GrpcClientProtocolClient (GrpcClientProtocolClient.java:onNext(255)) - client-535162E20057->7049f9e8-7de6-4c8c-bf4c-9bb5512f4299: receive RaftClientReply:client-535162E20057->7049f9e8-7de6-4c8c-bf4c-9bb5512f4299@group-3B5DE3AEDFC2, cid=3770, SUCCESS, logIndex=5730, commits[7049f9e8-7de6-4c8c-bf4c-9bb5512f4299:c5730, 13d9ac51-91bf-4c73-8824-2f58fc5b2747:c5726, 15cd3569-c751-4f18-b157-6804e7d0f08c:c5726]
2019-07-10 06:00:09,332 INFO  client.GrpcClientProtocolClient (GrpcClientProtocolClient.java:onNext(255)) - client-535162E20057->7049f9e8-7de6-4c8c-bf4c-9bb5512f4299: receive RaftClientReply:client-535162E20057->7049f9e8-7de6-4c8c-bf4c-9bb5512f4299@group-3B5DE3AEDFC2, cid=3771, SUCCESS, logIndex=0, commits[7049f9e8-7de6-4c8c-bf4c-9bb5512f4299:c5731, 13d9ac51-91bf-4c73-8824-2f58fc5b2747:c5728, 15cd3569-c751-4f18-b157-6804e7d0f08c:c5728]
2019-07-10 06:00:09,353 INFO  client.GrpcClientProtocolClient (GrpcClientProtocolClient.java:onNext(255)) - client-535162E20057->7049f9e8-7de6-4c8c-bf4c-9bb5512f4299: receive RaftClientReply:client-535162E20057->7049f9e8-7de6-4c8c-bf4c-9bb5512f4299@group-3B5DE3AEDFC2, cid=3772, SUCCESS, logIndex=5735, commits[7049f9e8-7de6-4c8c-bf4c-9bb5512f4299:c5735, 13d9ac51-91bf-4c73-8824-2f58fc5b2747:c5734, 15cd3569-c751-4f18-b157-6804e7d0f08c:c5734]
2019-07-10 06:00:09,354 INFO  client.GrpcClientProtocolClient (GrpcClientProtocolClient.java:onNext(255)) - client-535162E20057->7049f9e8-7de6-4c8c-bf4c-9bb5512f4299: receive RaftClientReply:client-535162E20057->7049f9e8-7de6-4c8c-bf4c-9bb5512f4299@group-3B5DE3AEDFC2, cid=3773, SUCCESS, logIndex=5736, commits[7049f9e8-7de6-4c8c-bf4c-9bb5512f4299:c5736, 13d9ac51-91bf-4c73-8824-2f58fc5b2747:c5734, 15cd3569-c751-4f18-b157-6804e7d0f08c:c5734]
2019-07-10 06:00:09,378 INFO  client.GrpcClientProtocolClient (GrpcClientProtocolClient.java:onNext(255)) - client-535162E20057->7049f9e8-7de6-4c8c-bf4c-9bb5512f4299: receive RaftClientReply:client-535162E20057->7049f9e8-7de6-4c8c-bf4c-9bb5512f4299@group-3B5DE3AEDFC2, cid=3774, SUCCESS, logIndex=5739, commits[7049f9e8-7de6-4c8c-bf4c-9bb5512f4299:c5740, 13d9ac51-91bf-4c73-8824-2f58fc5b2747:c5736, 15cd3569-c751-4f18-b157-6804e7d0f08c:c5736]
2019-07-10 06:00:09,378 INFO  client.GrpcClientProtocolClient (GrpcClientProtocolClient.java:onNext(255)) - client-535162E20057->7049f9e8-7de6-4c8c-bf4c-9bb5512f4299: receive RaftClientReply:client-535162E20057->7049f9e8-7de6-4c8c-bf4c-9bb5512f4299@group-3B5DE3AEDFC2, cid=3775, SUCCESS, logIndex=5740, commits[7049f9e8-7de6-4c8c-bf4c-9bb5512f4299:c5740, 13d9ac51-91bf-4c73-8824-2f58fc5b2747:c5736, 15cd3569-c751-4f18-b157-6804e7d0f08c:c5736]
2019-07-10 06:00:09,381 INFO  client.GrpcClientProtocolClient (GrpcClientProtocolClient.java:onNext(255)) - client-535162E20057->7049f9e8-7de6-4c8c-bf4c-9bb5512f4299: receive RaftClientReply:client-535162E20057->7049f9e8-7de6-4c8c-bf4c-9bb5512f4299@group-3B5DE3AEDFC2, cid=3776, SUCCESS, logIndex=0, commits[7049f9e8-7de6-4c8c-bf4c-9bb5512f4299:c5741, 13d9ac51-91bf-4c73-8824-2f58fc5b2747:c5740, 15cd3569-c751-4f18-b157-6804e7d0f08c:c5740]
2019-07-10 06:00:09,417 INFO  client.GrpcClientProtocolClient (GrpcClientProtocolClient.java:onNext(255)) - client-535162E20057->7049f9e8-7de6-4c8c-bf4c-9bb5512f4299: receive RaftClientReply:client-535162E20057->7049f9e8-7de6-4c8c-bf4c-9bb5512f4299@group-3B5DE3AEDFC2, cid=3777, SUCCESS, logIndex=5743, commits[7049f9e8-7de6-4c8c-bf4c-9bb5512f4299:c5744, 13d9ac51-91bf-4c73-8824-2f58fc5b2747:c5742, 15cd3569-c751-4f18-b157-6804e7d0f08c:c5742]
2019-07-10 06:00:09,418 INFO  client.GrpcClientProtocolClient (GrpcClientProtocolClient.java:onNext(255)) - client-535162E20057->7049f9e8-7de6-4c8c-bf4c-9bb5512f4299: receive RaftClientReply:client-535162E20057->7049f9e8-7de6-4c8c-bf4c-9bb5512f4299@group-3B5DE3AEDFC2, cid=3778, SUCCESS, logIndex=5744, commits[7049f9e8-7de6-4c8c-bf4c-9bb5512f4299:c5746, 13d9ac51-91bf-4c73-8824-2f58fc5b2747:c5742, 15cd3569-c751-4f18-b157-6804e7d0f08c:c5742]
2019-07-10 06:00:09,418 INFO  client.GrpcClientProtocolClient (GrpcClientProtocolClient.java:onNext(255)) - client-535162E20057->7049f9e8-7de6-4c8c-bf4c-9bb5512f4299: receive RaftClientReply:client-535162E20057->7049f9e8-7de6-4c8c-bf4c-9bb5512f4299@group-3B5DE3AEDFC2, cid=3779, SUCCESS, logIndex=5745, commits[7049f9e8-7de6-4c8c-bf4c-9bb5512f4299:c5746, 13d9ac51-91bf-4c73-8824-2f58fc5b2747:c5742, 15cd3569-c751-4f18-b157-6804e7d0f08c:c5742]
2019-07-10 06:00:09,418 INFO  client.GrpcClientProtocolClient (GrpcClientProtocolClient.java:onNext(255)) - client-535162E20057->7049f9e8-7de6-4c8c-bf4c-9bb5512f4299: receive RaftClientReply:client-535162E20057->7049f9e8-7de6-4c8c-bf4c-9bb5512f4299@group-3B5DE3AEDFC2, cid=3780, SUCCESS, logIndex=5746, commits[7049f9e8-7de6-4c8c-bf4c-9bb5512f4299:c5746, 13d9ac51-91bf-4c73-8824-2f58fc5b2747:c5742, 15cd3569-c751-4f18-b157-6804e7d0f08c:c5742]
2019-07-10 06:00:09,433 INFO  client.GrpcClientProtocolClient (GrpcClientProtocolClient.java:onNext(255)) - client-535162E20057->7049f9e8-7de6-4c8c-bf4c-9bb5512f4299: receive RaftClientReply:client-535162E20057->7049f9e8-7de6-4c8c-bf4c-9bb5512f4299@group-3B5DE3AEDFC2, cid=3781, SUCCESS, logIndex=0, commits[7049f9e8-7de6-4c8c-bf4c-9bb5512f4299:c5749, 13d9ac51-91bf-4c73-8824-2f58fc5b2747:c5746, 15cd3569-c751-4f18-b157-6804e7d0f08c:c5744]
2019-07-10 06:00:09,455 INFO  client.GrpcClientProtocolClient (GrpcClientProtocolClient.java:onNext(255)) - client-535162E20057->7049f9e8-7de6-4c8c-bf4c-9bb5512f4299: receive RaftClientReply:client-535162E20057->7049f9e8-7de6-4c8c-bf4c-9bb5512f4299@group-3B5DE3AEDFC2, cid=3782, SUCCESS, logIndex=5751, commits[7049f9e8-7de6-4c8c-bf4c-9bb5512f4299:c5752, 13d9ac51-91bf-4c73-8824-2f58fc5b2747:c5750, 15cd3569-c751-4f18-b157-6804e7d0f08c:c5750]
2019-07-10 06:00:09,456 INFO  client.GrpcClientProtocolClient (GrpcClientProtocolClient.java:onNext(255)) - client-535162E20057->7049f9e8-7de6-4c8c-bf4c-9bb5512f4299: receive RaftClientReply:client-535162E20057->7049f9e8-7de6-4c8c-bf4c-9bb5512f4299@group-3B5DE3AEDFC2, cid=3783, SUCCESS, logIndex=5752, commits[7049f9e8-7de6-4c8c-bf4c-9bb5512f4299:c5752, 13d9ac51-91bf-4c73-8824-2f58fc5b2747:c5750, 15cd3569-c751-4f18-b157-6804e7d0f08c:c5750]
2019-07-10 06:00:09,470 INFO  client.GrpcClientProtocolClient (GrpcClientProtocolClient.java:onNext(255)) - client-535162E20057->7049f9e8-7de6-4c8c-bf4c-9bb5512f4299: receive RaftClientReply:client-535162E20057->7049f9e8-7de6-4c8c-bf4c-9bb5512f4299@group-3B5DE3AEDFC2, cid=3784, SUCCESS, logIndex=5755, commits[7049f9e8-7de6-4c8c-bf4c-9bb5512f4299:c5756, 13d9ac51-91bf-4c73-8824-2f58fc5b2747:c5752, 15cd3569-c751-4f18-b157-6804e7d0f08c:c5752]
2019-07-10 06:00:09,470 INFO  client.GrpcClientProtocolClient (GrpcClientProtocolClient.java:onNext(255)) - client-535162E20057->7049f9e8-7de6-4c8c-bf4c-9bb5512f4299: receive RaftClientReply:client-535162E20057->7049f9e8-7de6-4c8c-bf4c-9bb5512f4299@group-3B5DE3AEDFC2, cid=3785, SUCCESS, logIndex=5756, commits[7049f9e8-7de6-4c8c-bf4c-9bb5512f4299:c5756, 13d9ac51-91bf-4c73-8824-2f58fc5b2747:c5752, 15cd3569-c751-4f18-b157-6804e7d0f08c:c5752]
2019-07-10 06:00:09,496 INFO  client.GrpcClientProtocolClient (GrpcClientProtocolClient.java:onNext(255)) - client-535162E20057->7049f9e8-7de6-4c8c-bf4c-9bb5512f4299: receive RaftClientReply:client-535162E20057->7049f9e8-7de6-4c8c-bf4c-9bb5512f4299@group-3B5DE3AEDFC2, cid=3786, SUCCESS, logIndex=0, commits[7049f9e8-7de6-4c8c-bf4c-9bb5512f4299:c5758, 13d9ac51-91bf-4c73-8824-2f58fc5b2747:c5756, 15cd3569-c751-4f18-b157-6804e7d0f08c:c5756]
2019-07-10 06:00:09,529 INFO  client.GrpcClientProtocolClient (GrpcClientProtocolClient.java:onNext(255)) - client-535162E20057->7049f9e8-7de6-4c8c-bf4c-9bb5512f4299: receive RaftClientReply:client-535162E20057->7049f9e8-7de6-4c8c-bf4c-9bb5512f4299@group-3B5DE3AEDFC2, cid=3787, SUCCESS, logIndex=5759, commits[7049f9e8-7de6-4c8c-bf4c-9bb5512f4299:c5760, 13d9ac51-91bf-4c73-8824-2f58fc5b2747:c5758, 15cd3569-c751-4f18-b157-6804e7d0f08c:c5758]
2019-07-10 06:00:09,530 INFO  client.GrpcClientProtocolClient (GrpcClientProtocolClient.java:onNext(255)) - client-535162E20057->7049f9e8-7de6-4c8c-bf4c-9bb5512f4299: receive RaftClientReply:client-535162E20057->7049f9e8-7de6-4c8c-bf4c-9bb5512f4299@group-3B5DE3AEDFC2, cid=3788, SUCCESS, logIndex=5760, commits[7049f9e8-7de6-4c8c-bf4c-9bb5512f4299:c5760, 13d9ac51-91bf-4c73-8824-2f58fc5b2747:c5758, 15cd3569-c751-4f18-b157-6804e7d0f08c:c5758]
2019-07-10 06:00:09,532 INFO  client.GrpcClientProtocolClient (GrpcClientProtocolClient.java:onNext(255)) - client-535162E20057->7049f9e8-7de6-4c8c-bf4c-9bb5512f4299: receive RaftClientReply:client-535162E20057->7049f9e8-7de6-4c8c-bf4c-9bb5512f4299@group-3B5DE3AEDFC2, cid=3789, SUCCESS, logIndex=5761, commits[7049f9e8-7de6-4c8c-bf4c-9bb5512f4299:c5761, 13d9ac51-91bf-4c73-8824-2f58fc5b2747:c5758, 15cd3569-c751-4f18-b157-6804e7d0f08c:c5758]
2019-07-10 06:00:09,533 INFO  client.GrpcClientProtocolClient (GrpcClientProtocolClient.java:onNext(255)) - client-535162E20057->7049f9e8-7de6-4c8c-bf4c-9bb5512f4299: receive RaftClientReply:client-535162E20057->7049f9e8-7de6-4c8c-bf4c-9bb5512f4299@group-3B5DE3AEDFC2, cid=3790, SUCCESS, logIndex=5762, commits[7049f9e8-7de6-4c8c-bf4c-9bb5512f4299:c5762, 13d9ac51-91bf-4c73-8824-2f58fc5b2747:c5758, 15cd3569-c751-4f18-b157-6804e7d0f08c:c5758]
2019-07-10 06:00:09,535 INFO  client.GrpcClientProtocolClient (GrpcClientProtocolClient.java:onNext(255)) - client-535162E20057->7049f9e8-7de6-4c8c-bf4c-9bb5512f4299: receive RaftClientReply:client-535162E20057->7049f9e8-7de6-4c8c-bf4c-9bb5512f4299@group-3B5DE3AEDFC2, cid=3791, SUCCESS, logIndex=0, commits[7049f9e8-7de6-4c8c-bf4c-9bb5512f4299:c5763, 13d9ac51-91bf-4c73-8824-2f58fc5b2747:c5760, 15cd3569-c751-4f18-b157-6804e7d0f08c:c5760]
2019-07-10 06:00:09,561 INFO  client.GrpcClientProtocolClient (GrpcClientProtocolClient.java:onNext(255)) - client-535162E20057->7049f9e8-7de6-4c8c-bf4c-9bb5512f4299: receive RaftClientReply:client-535162E20057->7049f9e8-7de6-4c8c-bf4c-9bb5512f4299@group-3B5DE3AEDFC2, cid=3792, SUCCESS, logIndex=5767, commits[7049f9e8-7de6-4c8c-bf4c-9bb5512f4299:c5768, 13d9ac51-91bf-4c73-8824-2f58fc5b2747:c5766, 15cd3569-c751-4f18-b157-6804e7d0f08c:c5766]
2019-07-10 06:00:09,562 INFO  client.GrpcClientProtocolClient (GrpcClientProtocolClient.java:onNext(255)) - client-535162E20057->7049f9e8-7de6-4c8c-bf4c-9bb5512f4299: receive RaftClientReply:client-535162E20057->7049f9e8-7de6-4c8c-bf4c-9bb5512f4299@group-3B5DE3AEDFC2, cid=3793, SUCCESS, logIndex=5768, commits[7049f9e8-7de6-4c8c-bf4c-9bb5512f4299:c5768, 13d9ac51-91bf-4c73-8824-2f58fc5b2747:c5766, 15cd3569-c751-4f18-b157-6804e7d0f08c:c5766]
2019-07-10 06:00:09,596 INFO  client.GrpcClientProtocolClient (GrpcClientProtocolClient.java:onNext(255)) - client-535162E20057->7049f9e8-7de6-4c8c-bf4c-9bb5512f4299: receive RaftClientReply:client-535162E20057->7049f9e8-7de6-4c8c-bf4c-9bb5512f4299@group-3B5DE3AEDFC2, cid=3794, SUCCESS, logIndex=5771, commits[7049f9e8-7de6-4c8c-bf4c-9bb5512f4299:c5771, 13d9ac51-91bf-4c73-8824-2f58fc5b2747:c5768, 15cd3569-c751-4f18-b157-6804e7d0f08c:c5768]
2019-07-10 06:00:09,596 INFO  client.GrpcClientProtocolClient (GrpcClientProtocolClient.java:onNext(255)) - client-535162E20057->7049f9e8-7de6-4c8c-bf4c-9bb5512f4299: receive RaftClientReply:client-535162E20057->7049f9e8-7de6-4c8c-bf4c-9bb5512f4299@group-3B5DE3AEDFC2, cid=3795, SUCCESS, logIndex=5772, commits[7049f9e8-7de6-4c8c-bf4c-9bb5512f4299:c5772, 13d9ac51-91bf-4c73-8824-2f58fc5b2747:c5768, 15cd3569-c751-4f18-b157-6804e7d0f08c:c5768]
2019-07-10 06:00:09,620 INFO  client.GrpcClientProtocolClient (GrpcClientProtocolClient.java:onNext(255)) - client-535162E20057->7049f9e8-7de6-4c8c-bf4c-9bb5512f4299: receive RaftClientReply:client-535162E20057->7049f9e8-7de6-4c8c-bf4c-9bb5512f4299@group-3B5DE3AEDFC2, cid=3796, SUCCESS, logIndex=0, commits[7049f9e8-7de6-4c8c-bf4c-9bb5512f4299:c5774, 13d9ac51-91bf-4c73-8824-2f58fc5b2747:c5772, 15cd3569-c751-4f18-b157-6804e7d0f08c:c5772]
 0.00% |█                                                                                                    |  0/1 Time: 0:00:342019-07-10 06:00:09,755 INFO  client.GrpcClientProtocolClient (GrpcClientProtocolClient.java:onNext(255)) - client-535162E20057->7049f9e8-7de6-4c8c-bf4c-9bb5512f4299: receive RaftClientReply:client-535162E20057->7049f9e8-7de6-4c8c-bf4c-9bb5512f4299@group-3B5DE3AEDFC2, cid=3797, SUCCESS, logIndex=5775, commits[7049f9e8-7de6-4c8c-bf4c-9bb5512f4299:c5776, 13d9ac51-91bf-4c73-8824-2f58fc5b2747:c5774, 15cd3569-c751-4f18-b157-6804e7d0f08c:c5774]
2019-07-10 06:00:09,756 INFO  client.GrpcClientProtocolClient (GrpcClientProtocolClient.java:onNext(255)) - client-535162E20057->7049f9e8-7de6-4c8c-bf4c-9bb5512f4299: receive RaftClientReply:client-535162E20057->7049f9e8-7de6-4c8c-bf4c-9bb5512f4299@group-3B5DE3AEDFC2, cid=3798, SUCCESS, logIndex=5776, commits[7049f9e8-7de6-4c8c-bf4c-9bb5512f4299:c5776, 13d9ac51-91bf-4c73-8824-2f58fc5b2747:c5774, 15cd3569-c751-4f18-b157-6804e7d0f08c:c5774]
2019-07-10 06:00:09,768 INFO  client.GrpcClientProtocolClient (GrpcClientProtocolClient.java:onNext(255)) - client-535162E20057->7049f9e8-7de6-4c8c-bf4c-9bb5512f4299: receive RaftClientReply:client-535162E20057->7049f9e8-7de6-4c8c-bf4c-9bb5512f4299@group-3B5DE3AEDFC2, cid=3799, SUCCESS, logIndex=5777, commits[7049f9e8-7de6-4c8c-bf4c-9bb5512f4299:c5778, 13d9ac51-91bf-4c73-8824-2f58fc5b2747:c5774, 15cd3569-c751-4f18-b157-6804e7d0f08c:c5774]
2019-07-10 06:00:09,768 INFO  client.GrpcClientProtocolClient (GrpcClientProtocolClient.java:onNext(255)) - client-535162E20057->7049f9e8-7de6-4c8c-bf4c-9bb5512f4299: receive RaftClientReply:client-535162E20057->7049f9e8-7de6-4c8c-bf4c-9bb5512f4299@group-3B5DE3AEDFC2, cid=3800, SUCCESS, logIndex=5778, commits[7049f9e8-7de6-4c8c-bf4c-9bb5512f4299:c5778, 13d9ac51-91bf-4c73-8824-2f58fc5b2747:c5774, 15cd3569-c751-4f18-b157-6804e7d0f08c:c5774]
2019-07-10 06:00:09,780 INFO  client.GrpcClientProtocolClient (GrpcClientProtocolClient.java:onNext(255)) - client-535162E20057->7049f9e8-7de6-4c8c-bf4c-9bb5512f4299: receive RaftClientReply:client-535162E20057->7049f9e8-7de6-4c8c-bf4c-9bb5512f4299@group-3B5DE3AEDFC2, cid=3801, SUCCESS, logIndex=0, commits[7049f9e8-7de6-4c8c-bf4c-9bb5512f4299:c5778, 13d9ac51-91bf-4c73-8824-2f58fc5b2747:c5776, 15cd3569-c751-4f18-b157-6804e7d0f08c:c5776]
2019-07-10 06:00:09,793 INFO  client.GrpcClientProtocolClient (GrpcClientProtocolClient.java:onNext(255)) - client-535162E20057->7049f9e8-7de6-4c8c-bf4c-9bb5512f4299: receive RaftClientReply:client-535162E20057->7049f9e8-7de6-4c8c-bf4c-9bb5512f4299@group-3B5DE3AEDFC2, cid=3802, SUCCESS, logIndex=5783, commits[7049f9e8-7de6-4c8c-bf4c-9bb5512f4299:c5784, 13d9ac51-91bf-4c73-8824-2f58fc5b2747:c5778, 15cd3569-c751-4f18-b157-6804e7d0f08c:c5780]
2019-07-10 06:00:09,793 INFO  client.GrpcClientProtocolClient (GrpcClientProtocolClient.java:onNext(255)) - client-535162E20057->7049f9e8-7de6-4c8c-bf4c-9bb5512f4299: receive RaftClientReply:client-535162E20057->7049f9e8-7de6-4c8c-bf4c-9bb5512f4299@group-3B5DE3AEDFC2, cid=3803, SUCCESS, logIndex=5784, commits[7049f9e8-7de6-4c8c-bf4c-9bb5512f4299:c5784, 13d9ac51-91bf-4c73-8824-2f58fc5b2747:c5780, 15cd3569-c751-4f18-b157-6804e7d0f08c:c5780]
2019-07-10 06:00:09,812 INFO  client.GrpcClientProtocolClient (GrpcClientProtocolClient.java:onNext(255)) - client-535162E20057->7049f9e8-7de6-4c8c-bf4c-9bb5512f4299: receive RaftClientReply:client-535162E20057->7049f9e8-7de6-4c8c-bf4c-9bb5512f4299@group-3B5DE3AEDFC2, cid=3804, SUCCESS, logIndex=5787, commits[7049f9e8-7de6-4c8c-bf4c-9bb5512f4299:c5788, 13d9ac51-91bf-4c73-8824-2f58fc5b2747:c5786, 15cd3569-c751-4f18-b157-6804e7d0f08c:c5786]
2019-07-10 06:00:09,813 INFO  client.GrpcClientProtocolClient (GrpcClientProtocolClient.java:onNext(255)) - client-535162E20057->7049f9e8-7de6-4c8c-bf4c-9bb5512f4299: receive RaftClientReply:client-535162E20057->7049f9e8-7de6-4c8c-bf4c-9bb5512f4299@group-3B5DE3AEDFC2, cid=3805, SUCCESS, logIndex=5788, commits[7049f9e8-7de6-4c8c-bf4c-9bb5512f4299:c5788, 13d9ac51-91bf-4c73-8824-2f58fc5b2747:c5786, 15cd3569-c751-4f18-b157-6804e7d0f08c:c5786]
2019-07-10 06:00:09,839 INFO  client.GrpcClientProtocolClient (GrpcClientProtocolClient.java:onNext(255)) - client-535162E20057->7049f9e8-7de6-4c8c-bf4c-9bb5512f4299: receive RaftClientReply:client-535162E20057->7049f9e8-7de6-4c8c-bf4c-9bb5512f4299@group-3B5DE3AEDFC2, cid=3806, SUCCESS, logIndex=0, commits[7049f9e8-7de6-4c8c-bf4c-9bb5512f4299:c5790, 13d9ac51-91bf-4c73-8824-2f58fc5b2747:c5788, 15cd3569-c751-4f18-b157-6804e7d0f08c:c5788]
2019-07-10 06:00:09,878 INFO  client.GrpcClientProtocolClient (GrpcClientProtocolClient.java:onNext(255)) - client-535162E20057->7049f9e8-7de6-4c8c-bf4c-9bb5512f4299: receive RaftClientReply:client-535162E20057->7049f9e8-7de6-4c8c-bf4c-9bb5512f4299@group-3B5DE3AEDFC2, cid=3807, SUCCESS, logIndex=5791, commits[7049f9e8-7de6-4c8c-bf4c-9bb5512f4299:c5792, 13d9ac51-91bf-4c73-8824-2f58fc5b2747:c5790, 15cd3569-c751-4f18-b157-6804e7d0f08c:c5790]
2019-07-10 06:00:09,878 INFO  client.GrpcClientProtocolClient (GrpcClientProtocolClient.java:onNext(255)) - client-535162E20057->7049f9e8-7de6-4c8c-bf4c-9bb5512f4299: receive RaftClientReply:client-535162E20057->7049f9e8-7de6-4c8c-bf4c-9bb5512f4299@group-3B5DE3AEDFC2, cid=3808, SUCCESS, logIndex=5792, commits[7049f9e8-7de6-4c8c-bf4c-9bb5512f4299:c5792, 13d9ac51-91bf-4c73-8824-2f58fc5b2747:c5790, 15cd3569-c751-4f18-b157-6804e7d0f08c:c5790]
2019-07-10 06:00:09,878 INFO  client.GrpcClientProtocolClient (GrpcClientProtocolClient.java:onNext(255)) - client-535162E20057->7049f9e8-7de6-4c8c-bf4c-9bb5512f4299: receive RaftClientReply:client-535162E20057->7049f9e8-7de6-4c8c-bf4c-9bb5512f4299@group-3B5DE3AEDFC2, cid=3809, SUCCESS, logIndex=5793, commits[7049f9e8-7de6-4c8c-bf4c-9bb5512f4299:c5794, 13d9ac51-91bf-4c73-8824-2f58fc5b2747:c5790, 15cd3569-c751-4f18-b157-6804e7d0f08c:c5790]
2019-07-10 06:00:09,879 INFO  client.GrpcClientProtocolClient (GrpcClientProtocolClient.java:onNext(255)) - client-535162E20057->7049f9e8-7de6-4c8c-bf4c-9bb5512f4299: receive RaftClientReply:client-535162E20057->7049f9e8-7de6-4c8c-bf4c-9bb5512f4299@group-3B5DE3AEDFC2, cid=3810, SUCCESS, logIndex=5794, commits[7049f9e8-7de6-4c8c-bf4c-9bb5512f4299:c5794, 13d9ac51-91bf-4c73-8824-2f58fc5b2747:c5790, 15cd3569-c751-4f18-b157-6804e7d0f08c:c5790]
2019-07-10 06:00:09,892 INFO  client.GrpcClientProtocolClient (GrpcClientProtocolClient.java:onNext(255)) - client-535162E20057->7049f9e8-7de6-4c8c-bf4c-9bb5512f4299: receive RaftClientReply:client-535162E20057->7049f9e8-7de6-4c8c-bf4c-9bb5512f4299@group-3B5DE3AEDFC2, cid=3811, SUCCESS, logIndex=0, commits[7049f9e8-7de6-4c8c-bf4c-9bb5512f4299:c5796, 13d9ac51-91bf-4c73-8824-2f58fc5b2747:c5792, 15cd3569-c751-4f18-b157-6804e7d0f08c:c5792]
2019-07-10 06:00:09,911 INFO  client.GrpcClientProtocolClient (GrpcClientProtocolClient.java:onNext(255)) - client-535162E20057->7049f9e8-7de6-4c8c-bf4c-9bb5512f4299: receive RaftClientReply:client-535162E20057->7049f9e8-7de6-4c8c-bf4c-9bb5512f4299@group-3B5DE3AEDFC2, cid=3812, SUCCESS, logIndex=5799, commits[7049f9e8-7de6-4c8c-bf4c-9bb5512f4299:c5800, 13d9ac51-91bf-4c73-8824-2f58fc5b2747:c5798, 15cd3569-c751-4f18-b157-6804e7d0f08c:c5798]
2019-07-10 06:00:09,911 INFO  client.GrpcClientProtocolClient (GrpcClientProtocolClient.java:onNext(255)) - client-535162E20057->7049f9e8-7de6-4c8c-bf4c-9bb5512f4299: receive RaftClientReply:client-535162E20057->7049f9e8-7de6-4c8c-bf4c-9bb5512f4299@group-3B5DE3AEDFC2, cid=3813, SUCCESS, logIndex=5800, commits[7049f9e8-7de6-4c8c-bf4c-9bb5512f4299:c5800, 13d9ac51-91bf-4c73-8824-2f58fc5b2747:c5798, 15cd3569-c751-4f18-b157-6804e7d0f08c:c5798]
2019-07-10 06:00:09,939 INFO  client.GrpcClientProtocolClient (GrpcClientProtocolClient.java:onNext(255)) - client-535162E20057->7049f9e8-7de6-4c8c-bf4c-9bb5512f4299: receive RaftClientReply:client-535162E20057->7049f9e8-7de6-4c8c-bf4c-9bb5512f4299@group-3B5DE3AEDFC2, cid=3814, SUCCESS, logIndex=5803, commits[7049f9e8-7de6-4c8c-bf4c-9bb5512f4299:c5804, 13d9ac51-91bf-4c73-8824-2f58fc5b2747:c5799, 15cd3569-c751-4f18-b157-6804e7d0f08c:c5800]
2019-07-10 06:00:09,939 INFO  client.GrpcClientProtocolClient (GrpcClientProtocolClient.java:onNext(255)) - client-535162E20057->7049f9e8-7de6-4c8c-bf4c-9bb5512f4299: receive RaftClientReply:client-535162E20057->7049f9e8-7de6-4c8c-bf4c-9bb5512f4299@group-3B5DE3AEDFC2, cid=3815, SUCCESS, logIndex=5804, commits[7049f9e8-7de6-4c8c-bf4c-9bb5512f4299:c5804, 13d9ac51-91bf-4c73-8824-2f58fc5b2747:c5800, 15cd3569-c751-4f18-b157-6804e7d0f08c:c5800]
2019-07-10 06:00:09,952 INFO  client.GrpcClientProtocolClient (GrpcClientProtocolClient.java:onNext(255)) - client-535162E20057->7049f9e8-7de6-4c8c-bf4c-9bb5512f4299: receive RaftClientReply:client-535162E20057->7049f9e8-7de6-4c8c-bf4c-9bb5512f4299@group-3B5DE3AEDFC2, cid=3816, SUCCESS, logIndex=0, commits[7049f9e8-7de6-4c8c-bf4c-9bb5512f4299:c5805, 13d9ac51-91bf-4c73-8824-2f58fc5b2747:c5804, 15cd3569-c751-4f18-b157-6804e7d0f08c:c5804]
2019-07-10 06:00:09,986 INFO  client.GrpcClientProtocolClient (GrpcClientProtocolClient.java:onNext(255)) - client-535162E20057->7049f9e8-7de6-4c8c-bf4c-9bb5512f4299: receive RaftClientReply:client-535162E20057->7049f9e8-7de6-4c8c-bf4c-9bb5512f4299@group-3B5DE3AEDFC2, cid=3817, SUCCESS, logIndex=5806, commits[7049f9e8-7de6-4c8c-bf4c-9bb5512f4299:c5807, 13d9ac51-91bf-4c73-8824-2f58fc5b2747:c5805, 15cd3569-c751-4f18-b157-6804e7d0f08c:c5805]
2019-07-10 06:00:09,987 INFO  client.GrpcClientProtocolClient (GrpcClientProtocolClient.java:onNext(255)) - client-535162E20057->7049f9e8-7de6-4c8c-bf4c-9bb5512f4299: receive RaftClientReply:client-535162E20057->7049f9e8-7de6-4c8c-bf4c-9bb5512f4299@group-3B5DE3AEDFC2, cid=3818, SUCCESS, logIndex=5807, commits[7049f9e8-7de6-4c8c-bf4c-9bb5512f4299:c5807, 13d9ac51-91bf-4c73-8824-2f58fc5b2747:c5805, 15cd3569-c751-4f18-b157-6804e7d0f08c:c5805]
2019-07-10 06:00:10,000 INFO  client.GrpcClientProtocolClient (GrpcClientProtocolClient.java:onNext(255)) - client-535162E20057->7049f9e8-7de6-4c8c-bf4c-9bb5512f4299: receive RaftClientReply:client-535162E20057->7049f9e8-7de6-4c8c-bf4c-9bb5512f4299@group-3B5DE3AEDFC2, cid=3819, SUCCESS, logIndex=5808, commits[7049f9e8-7de6-4c8c-bf4c-9bb5512f4299:c5808, 13d9ac51-91bf-4c73-8824-2f58fc5b2747:c5805, 15cd3569-c751-4f18-b157-6804e7d0f08c:c5805]
2019-07-10 06:00:10,000 INFO  client.GrpcClientProtocolClient (GrpcClientProtocolClient.java:onNext(255)) - client-535162E20057->7049f9e8-7de6-4c8c-bf4c-9bb5512f4299: receive RaftClientReply:client-535162E20057->7049f9e8-7de6-4c8c-bf4c-9bb5512f4299@group-3B5DE3AEDFC2, cid=3820, SUCCESS, logIndex=5809, commits[7049f9e8-7de6-4c8c-bf4c-9bb5512f4299:c5809, 13d9ac51-91bf-4c73-8824-2f58fc5b2747:c5805, 15cd3569-c751-4f18-b157-6804e7d0f08c:c5805]
2019-07-10 06:00:10,012 INFO  client.GrpcClientProtocolClient (GrpcClientProtocolClient.java:onNext(255)) - client-535162E20057->7049f9e8-7de6-4c8c-bf4c-9bb5512f4299: receive RaftClientReply:client-535162E20057->7049f9e8-7de6-4c8c-bf4c-9bb5512f4299@group-3B5DE3AEDFC2, cid=3821, SUCCESS, logIndex=0, commits[7049f9e8-7de6-4c8c-bf4c-9bb5512f4299:c5811, 13d9ac51-91bf-4c73-8824-2f58fc5b2747:c5807, 15cd3569-c751-4f18-b157-6804e7d0f08c:c5807]
2019-07-10 06:00:10,045 INFO  client.GrpcClientProtocolClient (GrpcClientProtocolClient.java:onNext(255)) - client-535162E20057->7049f9e8-7de6-4c8c-bf4c-9bb5512f4299: receive RaftClientReply:client-535162E20057->7049f9e8-7de6-4c8c-bf4c-9bb5512f4299@group-3B5DE3AEDFC2, cid=3822, SUCCESS, logIndex=5814, commits[7049f9e8-7de6-4c8c-bf4c-9bb5512f4299:c5815, 13d9ac51-91bf-4c73-8824-2f58fc5b2747:c5811, 15cd3569-c751-4f18-b157-6804e7d0f08c:c5811]
2019-07-10 06:00:10,046 INFO  client.GrpcClientProtocolClient (GrpcClientProtocolClient.java:onNext(255)) - client-535162E20057->7049f9e8-7de6-4c8c-bf4c-9bb5512f4299: receive RaftClientReply:client-535162E20057->7049f9e8-7de6-4c8c-bf4c-9bb5512f4299@group-3B5DE3AEDFC2, cid=3823, SUCCESS, logIndex=5815, commits[7049f9e8-7de6-4c8c-bf4c-9bb5512f4299:c5815, 13d9ac51-91bf-4c73-8824-2f58fc5b2747:c5811, 15cd3569-c751-4f18-b157-6804e7d0f08c:c5811]
2019-07-10 06:00:10,059 INFO  client.GrpcClientProtocolClient (GrpcClientProtocolClient.java:onNext(255)) - client-535162E20057->7049f9e8-7de6-4c8c-bf4c-9bb5512f4299: receive RaftClientReply:client-535162E20057->7049f9e8-7de6-4c8c-bf4c-9bb5512f4299@group-3B5DE3AEDFC2, cid=3824, SUCCESS, logIndex=5818, commits[7049f9e8-7de6-4c8c-bf4c-9bb5512f4299:c5819, 13d9ac51-91bf-4c73-8824-2f58fc5b2747:c5815, 15cd3569-c751-4f18-b157-6804e7d0f08c:c5817]
2019-07-10 06:00:10,059 INFO  client.GrpcClientProtocolClient (GrpcClientProtocolClient.java:onNext(255)) - client-535162E20057->7049f9e8-7de6-4c8c-bf4c-9bb5512f4299: receive RaftClientReply:client-535162E20057->7049f9e8-7de6-4c8c-bf4c-9bb5512f4299@group-3B5DE3AEDFC2, cid=3825, SUCCESS, logIndex=5819, commits[7049f9e8-7de6-4c8c-bf4c-9bb5512f4299:c5819, 13d9ac51-91bf-4c73-8824-2f58fc5b2747:c5815, 15cd3569-c751-4f18-b157-6804e7d0f08c:c5817]
2019-07-10 06:00:10,066 INFO  client.GrpcClientProtocolClient (GrpcClientProtocolClient.java:onNext(255)) - client-535162E20057->7049f9e8-7de6-4c8c-bf4c-9bb5512f4299: receive RaftClientReply:client-535162E20057->7049f9e8-7de6-4c8c-bf4c-9bb5512f4299@group-3B5DE3AEDFC2, cid=3826, SUCCESS, logIndex=0, commits[7049f9e8-7de6-4c8c-bf4c-9bb5512f4299:c5821, 13d9ac51-91bf-4c73-8824-2f58fc5b2747:c5819, 15cd3569-c751-4f18-b157-6804e7d0f08c:c5819]
2019-07-10 06:00:10,099 INFO  client.GrpcClientProtocolClient (GrpcClientProtocolClient.java:onNext(255)) - client-535162E20057->7049f9e8-7de6-4c8c-bf4c-9bb5512f4299: receive RaftClientReply:client-535162E20057->7049f9e8-7de6-4c8c-bf4c-9bb5512f4299@group-3B5DE3AEDFC2, cid=3827, SUCCESS, logIndex=5822, commits[7049f9e8-7de6-4c8c-bf4c-9bb5512f4299:c5823, 13d9ac51-91bf-4c73-8824-2f58fc5b2747:c5821, 15cd3569-c751-4f18-b157-6804e7d0f08c:c5821]
2019-07-10 06:00:10,100 INFO  client.GrpcClientProtocolClient (GrpcClientProtocolClient.java:onNext(255)) - client-535162E20057->7049f9e8-7de6-4c8c-bf4c-9bb5512f4299: receive RaftClientReply:client-535162E20057->7049f9e8-7de6-4c8c-bf4c-9bb5512f4299@group-3B5DE3AEDFC2, cid=3828, SUCCESS, logIndex=5823, commits[7049f9e8-7de6-4c8c-bf4c-9bb5512f4299:c5823, 13d9ac51-91bf-4c73-8824-2f58fc5b2747:c5821, 15cd3569-c751-4f18-b157-6804e7d0f08c:c5821]
2019-07-10 06:00:10,100 INFO  client.GrpcClientProtocolClient (GrpcClientProtocolClient.java:onNext(255)) - client-535162E20057->7049f9e8-7de6-4c8c-bf4c-9bb5512f4299: receive RaftClientReply:client-535162E20057->7049f9e8-7de6-4c8c-bf4c-9bb5512f4299@group-3B5DE3AEDFC2, cid=3829, SUCCESS, logIndex=5824, commits[7049f9e8-7de6-4c8c-bf4c-9bb5512f4299:c5825, 13d9ac51-91bf-4c73-8824-2f58fc5b2747:c5821, 15cd3569-c751-4f18-b157-6804e7d0f08c:c5821]
2019-07-10 06:00:10,101 INFO  client.GrpcClientProtocolClient (GrpcClientProtocolClient.java:onNext(255)) - client-535162E20057->7049f9e8-7de6-4c8c-bf4c-9bb5512f4299: receive RaftClientReply:client-535162E20057->7049f9e8-7de6-4c8c-bf4c-9bb5512f4299@group-3B5DE3AEDFC2, cid=3830, SUCCESS, logIndex=5825, commits[7049f9e8-7de6-4c8c-bf4c-9bb5512f4299:c5825, 13d9ac51-91bf-4c73-8824-2f58fc5b2747:c5821, 15cd3569-c751-4f18-b157-6804e7d0f08c:c5821]
2019-07-10 06:00:10,114 INFO  client.GrpcClientProtocolClient (GrpcClientProtocolClient.java:onNext(255)) - client-535162E20057->7049f9e8-7de6-4c8c-bf4c-9bb5512f4299: receive RaftClientReply:client-535162E20057->7049f9e8-7de6-4c8c-bf4c-9bb5512f4299@group-3B5DE3AEDFC2, cid=3831, SUCCESS, logIndex=0, commits[7049f9e8-7de6-4c8c-bf4c-9bb5512f4299:c5827, 13d9ac51-91bf-4c73-8824-2f58fc5b2747:c5823, 15cd3569-c751-4f18-b157-6804e7d0f08c:c5823]
2019-07-10 06:00:10,135 INFO  client.GrpcClientProtocolClient (GrpcClientProtocolClient.java:onNext(255)) - client-535162E20057->7049f9e8-7de6-4c8c-bf4c-9bb5512f4299: receive RaftClientReply:client-535162E20057->7049f9e8-7de6-4c8c-bf4c-9bb5512f4299@group-3B5DE3AEDFC2, cid=3832, SUCCESS, logIndex=5830, commits[7049f9e8-7de6-4c8c-bf4c-9bb5512f4299:c5831, 13d9ac51-91bf-4c73-8824-2f58fc5b2747:c5829, 15cd3569-c751-4f18-b157-6804e7d0f08c:c5829]
2019-07-10 06:00:10,135 INFO  client.GrpcClientProtocolClient (GrpcClientProtocolClient.java:onNext(255)) - client-535162E20057->7049f9e8-7de6-4c8c-bf4c-9bb5512f4299: receive RaftClientReply:client-535162E20057->7049f9e8-7de6-4c8c-bf4c-9bb5512f4299@group-3B5DE3AEDFC2, cid=3833, SUCCESS, logIndex=5831, commits[7049f9e8-7de6-4c8c-bf4c-9bb5512f4299:c5831, 13d9ac51-91bf-4c73-8824-2f58fc5b2747:c5829, 15cd3569-c751-4f18-b157-6804e7d0f08c:c5829]
2019-07-10 06:00:10,160 INFO  client.GrpcClientProtocolClient (GrpcClientProtocolClient.java:onNext(255)) - client-535162E20057->7049f9e8-7de6-4c8c-bf4c-9bb5512f4299: receive RaftClientReply:client-535162E20057->7049f9e8-7de6-4c8c-bf4c-9bb5512f4299@group-3B5DE3AEDFC2, cid=3834, SUCCESS, logIndex=5834, commits[7049f9e8-7de6-4c8c-bf4c-9bb5512f4299:c5835, 13d9ac51-91bf-4c73-8824-2f58fc5b2747:c5831, 15cd3569-c751-4f18-b157-6804e7d0f08c:c5831]
2019-07-10 06:00:10,160 INFO  client.GrpcClientProtocolClient (GrpcClientProtocolClient.java:onNext(255)) - client-535162E20057->7049f9e8-7de6-4c8c-bf4c-9bb5512f4299: receive RaftClientReply:client-535162E20057->7049f9e8-7de6-4c8c-bf4c-9bb5512f4299@group-3B5DE3AEDFC2, cid=3835, SUCCESS, logIndex=5835, commits[7049f9e8-7de6-4c8c-bf4c-9bb5512f4299:c5835, 13d9ac51-91bf-4c73-8824-2f58fc5b2747:c5831, 15cd3569-c751-4f18-b157-6804e7d0f08c:c5831]
2019-07-10 06:00:10,173 INFO  client.GrpcClientProtocolClient (GrpcClientProtocolClient.java:onNext(255)) - client-535162E20057->7049f9e8-7de6-4c8c-bf4c-9bb5512f4299: receive RaftClientReply:client-535162E20057->7049f9e8-7de6-4c8c-bf4c-9bb5512f4299@group-3B5DE3AEDFC2, cid=3836, SUCCESS, logIndex=0, commits[7049f9e8-7de6-4c8c-bf4c-9bb5512f4299:c5836, 13d9ac51-91bf-4c73-8824-2f58fc5b2747:c5835, 15cd3569-c751-4f18-b157-6804e7d0f08c:c5835]
2019-07-10 06:00:10,211 INFO  client.GrpcClientProtocolClient (GrpcClientProtocolClient.java:onNext(255)) - client-535162E20057->7049f9e8-7de6-4c8c-bf4c-9bb5512f4299: receive RaftClientReply:client-535162E20057->7049f9e8-7de6-4c8c-bf4c-9bb5512f4299@group-3B5DE3AEDFC2, cid=3837, SUCCESS, logIndex=5838, commits[7049f9e8-7de6-4c8c-bf4c-9bb5512f4299:c5839, 13d9ac51-91bf-4c73-8824-2f58fc5b2747:c5837, 15cd3569-c751-4f18-b157-6804e7d0f08c:c5837]
2019-07-10 06:00:10,211 INFO  client.GrpcClientProtocolClient (GrpcClientProtocolClient.java:onNext(255)) - client-535162E20057->7049f9e8-7de6-4c8c-bf4c-9bb5512f4299: receive RaftClientReply:client-535162E20057->7049f9e8-7de6-4c8c-bf4c-9bb5512f4299@group-3B5DE3AEDFC2, cid=3838, SUCCESS, logIndex=5839, commits[7049f9e8-7de6-4c8c-bf4c-9bb5512f4299:c5839, 13d9ac51-91bf-4c73-8824-2f58fc5b2747:c5837, 15cd3569-c751-4f18-b157-6804e7d0f08c:c5837]
2019-07-10 06:00:10,221 INFO  client.GrpcClientProtocolClient (GrpcClientProtocolClient.java:onNext(255)) - client-535162E20057->7049f9e8-7de6-4c8c-bf4c-9bb5512f4299: receive RaftClientReply:client-535162E20057->7049f9e8-7de6-4c8c-bf4c-9bb5512f4299@group-3B5DE3AEDFC2, cid=3839, SUCCESS, logIndex=5840, commits[7049f9e8-7de6-4c8c-bf4c-9bb5512f4299:c5841, 13d9ac51-91bf-4c73-8824-2f58fc5b2747:c5837, 15cd3569-c751-4f18-b157-6804e7d0f08c:c5837]
2019-07-10 06:00:10,221 INFO  client.GrpcClientProtocolClient (GrpcClientProtocolClient.java:onNext(255)) - client-535162E20057->7049f9e8-7de6-4c8c-bf4c-9bb5512f4299: receive RaftClientReply:client-535162E20057->7049f9e8-7de6-4c8c-bf4c-9bb5512f4299@group-3B5DE3AEDFC2, cid=3840, SUCCESS, logIndex=5841, commits[7049f9e8-7de6-4c8c-bf4c-9bb5512f4299:c5841, 13d9ac51-91bf-4c73-8824-2f58fc5b2747:c5837, 15cd3569-c751-4f18-b157-6804e7d0f08c:c5837]
2019-07-10 06:00:10,236 INFO  client.GrpcClientProtocolClient (GrpcClientProtocolClient.java:onNext(255)) - client-535162E20057->7049f9e8-7de6-4c8c-bf4c-9bb5512f4299: receive RaftClientReply:client-535162E20057->7049f9e8-7de6-4c8c-bf4c-9bb5512f4299@group-3B5DE3AEDFC2, cid=3841, SUCCESS, logIndex=0, commits[7049f9e8-7de6-4c8c-bf4c-9bb5512f4299:c5843, 13d9ac51-91bf-4c73-8824-2f58fc5b2747:c5839, 15cd3569-c751-4f18-b157-6804e7d0f08c:c5839]
2019-07-10 06:00:10,252 INFO  client.GrpcClientProtocolClient (GrpcClientProtocolClient.java:onNext(255)) - client-535162E20057->7049f9e8-7de6-4c8c-bf4c-9bb5512f4299: receive RaftClientReply:client-535162E20057->7049f9e8-7de6-4c8c-bf4c-9bb5512f4299@group-3B5DE3AEDFC2, cid=3842, SUCCESS, logIndex=5845, commits[7049f9e8-7de6-4c8c-bf4c-9bb5512f4299:c5846, 13d9ac51-91bf-4c73-8824-2f58fc5b2747:c5843, 15cd3569-c751-4f18-b157-6804e7d0f08c:c5843]
2019-07-10 06:00:10,252 INFO  client.GrpcClientProtocolClient (GrpcClientProtocolClient.java:onNext(255)) - client-535162E20057->7049f9e8-7de6-4c8c-bf4c-9bb5512f4299: receive RaftClientReply:client-535162E20057->7049f9e8-7de6-4c8c-bf4c-9bb5512f4299@group-3B5DE3AEDFC2, cid=3843, SUCCESS, logIndex=5846, commits[7049f9e8-7de6-4c8c-bf4c-9bb5512f4299:c5846, 13d9ac51-91bf-4c73-8824-2f58fc5b2747:c5843, 15cd3569-c751-4f18-b157-6804e7d0f08c:c5843]
2019-07-10 06:00:10,292 INFO  client.GrpcClientProtocolClient (GrpcClientProtocolClient.java:onNext(255)) - client-535162E20057->7049f9e8-7de6-4c8c-bf4c-9bb5512f4299: receive RaftClientReply:client-535162E20057->7049f9e8-7de6-4c8c-bf4c-9bb5512f4299@group-3B5DE3AEDFC2, cid=3844, SUCCESS, logIndex=5849, commits[7049f9e8-7de6-4c8c-bf4c-9bb5512f4299:c5850, 13d9ac51-91bf-4c73-8824-2f58fc5b2747:c5846, 15cd3569-c751-4f18-b157-6804e7d0f08c:c5848]
2019-07-10 06:00:10,293 INFO  client.GrpcClientProtocolClient (GrpcClientProtocolClient.java:onNext(255)) - client-535162E20057->7049f9e8-7de6-4c8c-bf4c-9bb5512f4299: receive RaftClientReply:client-535162E20057->7049f9e8-7de6-4c8c-bf4c-9bb5512f4299@group-3B5DE3AEDFC2, cid=3845, SUCCESS, logIndex=5850, commits[7049f9e8-7de6-4c8c-bf4c-9bb5512f4299:c5850, 13d9ac51-91bf-4c73-8824-2f58fc5b2747:c5848, 15cd3569-c751-4f18-b157-6804e7d0f08c:c5848]
2019-07-10 06:00:10,294 INFO  client.GrpcClientProtocolClient (GrpcClientProtocolClient.java:onNext(255)) - client-535162E20057->7049f9e8-7de6-4c8c-bf4c-9bb5512f4299: receive RaftClientReply:client-535162E20057->7049f9e8-7de6-4c8c-bf4c-9bb5512f4299@group-3B5DE3AEDFC2, cid=3846, SUCCESS, logIndex=0, commits[7049f9e8-7de6-4c8c-bf4c-9bb5512f4299:c5851, 13d9ac51-91bf-4c73-8824-2f58fc5b2747:c5850, 15cd3569-c751-4f18-b157-6804e7d0f08c:c5850]
2019-07-10 06:00:10,343 INFO  client.GrpcClientProtocolClient (GrpcClientProtocolClient.java:onNext(255)) - client-535162E20057->7049f9e8-7de6-4c8c-bf4c-9bb5512f4299: receive RaftClientReply:client-535162E20057->7049f9e8-7de6-4c8c-bf4c-9bb5512f4299@group-3B5DE3AEDFC2, cid=3847, SUCCESS, logIndex=5853, commits[7049f9e8-7de6-4c8c-bf4c-9bb5512f4299:c5854, 13d9ac51-91bf-4c73-8824-2f58fc5b2747:c5852, 15cd3569-c751-4f18-b157-6804e7d0f08c:c5852]
2019-07-10 06:00:10,344 INFO  client.GrpcClientProtocolClient (GrpcClientProtocolClient.java:onNext(255)) - client-535162E20057->7049f9e8-7de6-4c8c-bf4c-9bb5512f4299: receive RaftClientReply:client-535162E20057->7049f9e8-7de6-4c8c-bf4c-9bb5512f4299@group-3B5DE3AEDFC2, cid=3848, SUCCESS, logIndex=5854, commits[7049f9e8-7de6-4c8c-bf4c-9bb5512f4299:c5854, 13d9ac51-91bf-4c73-8824-2f58fc5b2747:c5852, 15cd3569-c751-4f18-b157-6804e7d0f08c:c5852]
2019-07-10 06:00:10,344 INFO  client.GrpcClientProtocolClient (GrpcClientProtocolClient.java:onNext(255)) - client-535162E20057->7049f9e8-7de6-4c8c-bf4c-9bb5512f4299: receive RaftClientReply:client-535162E20057->7049f9e8-7de6-4c8c-bf4c-9bb5512f4299@group-3B5DE3AEDFC2, cid=3849, SUCCESS, logIndex=5855, commits[7049f9e8-7de6-4c8c-bf4c-9bb5512f4299:c5857, 13d9ac51-91bf-4c73-8824-2f58fc5b2747:c5852, 15cd3569-c751-4f18-b157-6804e7d0f08c:c5853]
2019-07-10 06:00:10,345 INFO  client.GrpcClientProtocolClient (GrpcClientProtocolClient.java:onNext(255)) - client-535162E20057->7049f9e8-7de6-4c8c-bf4c-9bb5512f4299: receive RaftClientReply:client-535162E20057->7049f9e8-7de6-4c8c-bf4c-9bb5512f4299@group-3B5DE3AEDFC2, cid=3850, SUCCESS, logIndex=5856, commits[7049f9e8-7de6-4c8c-bf4c-9bb5512f4299:c5857, 13d9ac51-91bf-4c73-8824-2f58fc5b2747:c5853, 15cd3569-c751-4f18-b157-6804e7d0f08c:c5853]
2019-07-10 06:00:10,356 INFO  client.GrpcClientProtocolClient (GrpcClientProtocolClient.java:onNext(255)) - client-535162E20057->7049f9e8-7de6-4c8c-bf4c-9bb5512f4299: receive RaftClientReply:client-535162E20057->7049f9e8-7de6-4c8c-bf4c-9bb5512f4299@group-3B5DE3AEDFC2, cid=3851, SUCCESS, logIndex=0, commits[7049f9e8-7de6-4c8c-bf4c-9bb5512f4299:c5858, 13d9ac51-91bf-4c73-8824-2f58fc5b2747:c5854, 15cd3569-c751-4f18-b157-6804e7d0f08c:c5854]
2019-07-10 06:00:10,371 INFO  client.GrpcClientProtocolClient (GrpcClientProtocolClient.java:onNext(255)) - client-535162E20057->7049f9e8-7de6-4c8c-bf4c-9bb5512f4299: receive RaftClientReply:client-535162E20057->7049f9e8-7de6-4c8c-bf4c-9bb5512f4299@group-3B5DE3AEDFC2, cid=3852, SUCCESS, logIndex=5861, commits[7049f9e8-7de6-4c8c-bf4c-9bb5512f4299:c5862, 13d9ac51-91bf-4c73-8824-2f58fc5b2747:c5860, 15cd3569-c751-4f18-b157-6804e7d0f08c:c5860]
2019-07-10 06:00:10,372 INFO  client.GrpcClientProtocolClient (GrpcClientProtocolClient.java:onNext(255)) - client-535162E20057->7049f9e8-7de6-4c8c-bf4c-9bb5512f4299: receive RaftClientReply:client-535162E20057->7049f9e8-7de6-4c8c-bf4c-9bb5512f4299@group-3B5DE3AEDFC2, cid=3853, SUCCESS, logIndex=5862, commits[7049f9e8-7de6-4c8c-bf4c-9bb5512f4299:c5862, 13d9ac51-91bf-4c73-8824-2f58fc5b2747:c5860, 15cd3569-c751-4f18-b157-6804e7d0f08c:c5860]
2019-07-10 06:00:10,385 INFO  client.GrpcClientProtocolClient (GrpcClientProtocolClient.java:onNext(255)) - client-535162E20057->7049f9e8-7de6-4c8c-bf4c-9bb5512f4299: receive RaftClientReply:client-535162E20057->7049f9e8-7de6-4c8c-bf4c-9bb5512f4299@group-3B5DE3AEDFC2, cid=3854, SUCCESS, logIndex=5865, commits[7049f9e8-7de6-4c8c-bf4c-9bb5512f4299:c5866, 13d9ac51-91bf-4c73-8824-2f58fc5b2747:c5862, 15cd3569-c751-4f18-b157-6804e7d0f08c:c5862]
2019-07-10 06:00:10,386 INFO  client.GrpcClientProtocolClient (GrpcClientProtocolClient.java:onNext(255)) - client-535162E20057->7049f9e8-7de6-4c8c-bf4c-9bb5512f4299: receive RaftClientReply:client-535162E20057->7049f9e8-7de6-4c8c-bf4c-9bb5512f4299@group-3B5DE3AEDFC2, cid=3855, SUCCESS, logIndex=5866, commits[7049f9e8-7de6-4c8c-bf4c-9bb5512f4299:c5866, 13d9ac51-91bf-4c73-8824-2f58fc5b2747:c5862, 15cd3569-c751-4f18-b157-6804e7d0f08c:c5862]
2019-07-10 06:00:10,399 INFO  client.GrpcClientProtocolClient (GrpcClientProtocolClient.java:onNext(255)) - client-535162E20057->7049f9e8-7de6-4c8c-bf4c-9bb5512f4299: receive RaftClientReply:client-535162E20057->7049f9e8-7de6-4c8c-bf4c-9bb5512f4299@group-3B5DE3AEDFC2, cid=3856, SUCCESS, logIndex=0, commits[7049f9e8-7de6-4c8c-bf4c-9bb5512f4299:c5867, 13d9ac51-91bf-4c73-8824-2f58fc5b2747:c5866, 15cd3569-c751-4f18-b157-6804e7d0f08c:c5866]
2019-07-10 06:00:10,434 INFO  client.GrpcClientProtocolClient (GrpcClientProtocolClient.java:onNext(255)) - client-535162E20057->7049f9e8-7de6-4c8c-bf4c-9bb5512f4299: receive RaftClientReply:client-535162E20057->7049f9e8-7de6-4c8c-bf4c-9bb5512f4299@group-3B5DE3AEDFC2, cid=3857, SUCCESS, logIndex=5869, commits[7049f9e8-7de6-4c8c-bf4c-9bb5512f4299:c5870, 13d9ac51-91bf-4c73-8824-2f58fc5b2747:c5868, 15cd3569-c751-4f18-b157-6804e7d0f08c:c5868]
2019-07-10 06:00:10,435 INFO  client.GrpcClientProtocolClient (GrpcClientProtocolClient.java:onNext(255)) - client-535162E20057->7049f9e8-7de6-4c8c-bf4c-9bb5512f4299: receive RaftClientReply:client-535162E20057->7049f9e8-7de6-4c8c-bf4c-9bb5512f4299@group-3B5DE3AEDFC2, cid=3858, SUCCESS, logIndex=5870, commits[7049f9e8-7de6-4c8c-bf4c-9bb5512f4299:c5870, 13d9ac51-91bf-4c73-8824-2f58fc5b2747:c5868, 15cd3569-c751-4f18-b157-6804e7d0f08c:c5868]
2019-07-10 06:00:10,435 INFO  client.GrpcClientProtocolClient (GrpcClientProtocolClient.java:onNext(255)) - client-535162E20057->7049f9e8-7de6-4c8c-bf4c-9bb5512f4299: receive RaftClientReply:client-535162E20057->7049f9e8-7de6-4c8c-bf4c-9bb5512f4299@group-3B5DE3AEDFC2, cid=3859, SUCCESS, logIndex=5871, commits[7049f9e8-7de6-4c8c-bf4c-9bb5512f4299:c5871, 13d9ac51-91bf-4c73-8824-2f58fc5b2747:c5868, 15cd3569-c751-4f18-b157-6804e7d0f08c:c5868]
2019-07-10 06:00:10,436 INFO  client.GrpcClientProtocolClient (GrpcClientProtocolClient.java:onNext(255)) - client-535162E20057->7049f9e8-7de6-4c8c-bf4c-9bb5512f4299: receive RaftClientReply:client-535162E20057->7049f9e8-7de6-4c8c-bf4c-9bb5512f4299@group-3B5DE3AEDFC2, cid=3860, SUCCESS, logIndex=5872, commits[7049f9e8-7de6-4c8c-bf4c-9bb5512f4299:c5872, 13d9ac51-91bf-4c73-8824-2f58fc5b2747:c5868, 15cd3569-c751-4f18-b157-6804e7d0f08c:c5868]
2019-07-10 06:00:10,439 INFO  client.GrpcClientProtocolClient (GrpcClientProtocolClient.java:onNext(255)) - client-535162E20057->7049f9e8-7de6-4c8c-bf4c-9bb5512f4299: receive RaftClientReply:client-535162E20057->7049f9e8-7de6-4c8c-bf4c-9bb5512f4299@group-3B5DE3AEDFC2, cid=3861, SUCCESS, logIndex=0, commits[7049f9e8-7de6-4c8c-bf4c-9bb5512f4299:c5874, 13d9ac51-91bf-4c73-8824-2f58fc5b2747:c5870, 15cd3569-c751-4f18-b157-6804e7d0f08c:c5870]
2019-07-10 06:00:10,452 INFO  client.GrpcClientProtocolClient (GrpcClientProtocolClient.java:onNext(255)) - client-535162E20057->7049f9e8-7de6-4c8c-bf4c-9bb5512f4299: receive RaftClientReply:client-535162E20057->7049f9e8-7de6-4c8c-bf4c-9bb5512f4299@group-3B5DE3AEDFC2, cid=3862, SUCCESS, logIndex=5877, commits[7049f9e8-7de6-4c8c-bf4c-9bb5512f4299:c5878, 13d9ac51-91bf-4c73-8824-2f58fc5b2747:c5874, 15cd3569-c751-4f18-b157-6804e7d0f08c:c5874]
2019-07-10 06:00:10,452 INFO  client.GrpcClientProtocolClient (GrpcClientProtocolClient.java:onNext(255)) - client-535162E20057->7049f9e8-7de6-4c8c-bf4c-9bb5512f4299: receive RaftClientReply:client-535162E20057->7049f9e8-7de6-4c8c-bf4c-9bb5512f4299@group-3B5DE3AEDFC2, cid=3863, SUCCESS, logIndex=5878, commits[7049f9e8-7de6-4c8c-bf4c-9bb5512f4299:c5878, 13d9ac51-91bf-4c73-8824-2f58fc5b2747:c5874, 15cd3569-c751-4f18-b157-6804e7d0f08c:c5874]
2019-07-10 06:00:10,477 INFO  client.GrpcClientProtocolClient (GrpcClientProtocolClient.java:onNext(255)) - client-535162E20057->7049f9e8-7de6-4c8c-bf4c-9bb5512f4299: receive RaftClientReply:client-535162E20057->7049f9e8-7de6-4c8c-bf4c-9bb5512f4299@group-3B5DE3AEDFC2, cid=3864, SUCCESS, logIndex=5881, commits[7049f9e8-7de6-4c8c-bf4c-9bb5512f4299:c5881, 13d9ac51-91bf-4c73-8824-2f58fc5b2747:c5878, 15cd3569-c751-4f18-b157-6804e7d0f08c:c5878]
2019-07-10 06:00:10,478 INFO  client.GrpcClientProtocolClient (GrpcClientProtocolClient.java:onNext(255)) - client-535162E20057->7049f9e8-7de6-4c8c-bf4c-9bb5512f4299: receive RaftClientReply:client-535162E20057->7049f9e8-7de6-4c8c-bf4c-9bb5512f4299@group-3B5DE3AEDFC2, cid=3865, SUCCESS, logIndex=5882, commits[7049f9e8-7de6-4c8c-bf4c-9bb5512f4299:c5882, 13d9ac51-91bf-4c73-8824-2f58fc5b2747:c5878, 15cd3569-c751-4f18-b157-6804e7d0f08c:c5878]
 0.00% |█                                                                                                    |  0/1 Time: 0:00:352019-07-10 06:00:10,774 INFO  client.GrpcClientProtocolClient (GrpcClientProtocolClient.java:onNext(255)) - client-535162E20057->7049f9e8-7de6-4c8c-bf4c-9bb5512f4299: receive RaftClientReply:client-535162E20057->7049f9e8-7de6-4c8c-bf4c-9bb5512f4299@group-3B5DE3AEDFC2, cid=3866, SUCCESS, logIndex=0, commits[7049f9e8-7de6-4c8c-bf4c-9bb5512f4299:c5884, 13d9ac51-91bf-4c73-8824-2f58fc5b2747:c5882, 15cd3569-c751-4f18-b157-6804e7d0f08c:c5882]
2019-07-10 06:00:11,685 INFO  client.GrpcClientProtocolClient (GrpcClientProtocolClient.java:onNext(255)) - client-535162E20057->7049f9e8-7de6-4c8c-bf4c-9bb5512f4299: receive RaftClientReply:client-535162E20057->7049f9e8-7de6-4c8c-bf4c-9bb5512f4299@group-3B5DE3AEDFC2, cid=3867, SUCCESS, logIndex=5885, commits[7049f9e8-7de6-4c8c-bf4c-9bb5512f4299:c5886, 13d9ac51-91bf-4c73-8824-2f58fc5b2747:c5884, 15cd3569-c751-4f18-b157-6804e7d0f08c:c5884]
2019-07-10 06:00:11,686 INFO  client.GrpcClientProtocolClient (GrpcClientProtocolClient.java:onNext(255)) - client-535162E20057->7049f9e8-7de6-4c8c-bf4c-9bb5512f4299: receive RaftClientReply:client-535162E20057->7049f9e8-7de6-4c8c-bf4c-9bb5512f4299@group-3B5DE3AEDFC2, cid=3868, SUCCESS, logIndex=5886, commits[7049f9e8-7de6-4c8c-bf4c-9bb5512f4299:c5886, 13d9ac51-91bf-4c73-8824-2f58fc5b2747:c5884, 15cd3569-c751-4f18-b157-6804e7d0f08c:c5884]
 0.00% |█                                                                                                    |  0/1 Time: 0:00:36 0.00% |█                                                                                                    |  0/1 Time: 0:00:372019-07-10 06:00:12,912 INFO  client.GrpcClientProtocolClient (GrpcClientProtocolClient.java:onNext(255)) - client-535162E20057->7049f9e8-7de6-4c8c-bf4c-9bb5512f4299: receive RaftClientReply:client-535162E20057->7049f9e8-7de6-4c8c-bf4c-9bb5512f4299@group-3B5DE3AEDFC2, cid=3869, SUCCESS, logIndex=5887, commits[7049f9e8-7de6-4c8c-bf4c-9bb5512f4299:c5888, 13d9ac51-91bf-4c73-8824-2f58fc5b2747:c5886, 15cd3569-c751-4f18-b157-6804e7d0f08c:c5886]
 0.00% |█                                                                                                    |  0/1 Time: 0:00:382019-07-10 06:00:14,182 INFO  client.GrpcClientProtocolClient (GrpcClientProtocolClient.java:onNext(255)) - client-535162E20057->7049f9e8-7de6-4c8c-bf4c-9bb5512f4299: receive RaftClientReply:client-535162E20057->7049f9e8-7de6-4c8c-bf4c-9bb5512f4299@group-3B5DE3AEDFC2, cid=3870, SUCCESS, logIndex=5888, commits[7049f9e8-7de6-4c8c-bf4c-9bb5512f4299:c5890, 13d9ac51-91bf-4c73-8824-2f58fc5b2747:c5888, 15cd3569-c751-4f18-b157-6804e7d0f08c:c5888]
 0.00% |█                                                                                                    |  0/1 Time: 0:00:39 0.00% |█                                                                                                    |  0/1 Time: 0:00:402019-07-10 06:00:15,817 WARN  server.GrpcLogAppender (GrpcLogAppender.java:timeoutAppendRequest(200)) - GrpcLogAppender(7049f9e8-7de6-4c8c-bf4c-9bb5512f4299->13d9ac51-91bf-4c73-8824-2f58fc5b2747): appendEntries Timeout, request=7049f9e8-7de6-4c8c-bf4c-9bb5512f4299->13d9ac51-91bf-4c73-8824-2f58fc5b2747#5934-t1, previous=(t:1, i:5890), leaderCommit=5887, initializing? false, entries: size=1, first=(t:1, i:5891), METADATAENTRY(c5887)
2019-07-10 06:00:15,817 WARN  server.GrpcLogAppender (GrpcLogAppender.java:timeoutAppendRequest(200)) - GrpcLogAppender(7049f9e8-7de6-4c8c-bf4c-9bb5512f4299->15cd3569-c751-4f18-b157-6804e7d0f08c): appendEntries Timeout, request=7049f9e8-7de6-4c8c-bf4c-9bb5512f4299->15cd3569-c751-4f18-b157-6804e7d0f08c#5934-t1, previous=(t:1, i:5890), leaderCommit=5887, initializing? false, entries: size=1, first=(t:1, i:5891), METADATAENTRY(c5887)
2019-07-10 06:00:15,820 WARN  server.GrpcLogAppender (GrpcLogAppender.java:timeoutAppendRequest(200)) - GrpcLogAppender(7049f9e8-7de6-4c8c-bf4c-9bb5512f4299->13d9ac51-91bf-4c73-8824-2f58fc5b2747): appendEntries Timeout, request=7049f9e8-7de6-4c8c-bf4c-9bb5512f4299->13d9ac51-91bf-4c73-8824-2f58fc5b2747#5935-t1, previous=(t:1, i:5891), leaderCommit=5888, initializing? false, entries: size=1, first=(t:1, i:5892), METADATAENTRY(c5888)
2019-07-10 06:00:15,821 WARN  server.GrpcLogAppender (GrpcLogAppender.java:timeoutAppendRequest(200)) - GrpcLogAppender(7049f9e8-7de6-4c8c-bf4c-9bb5512f4299->15cd3569-c751-4f18-b157-6804e7d0f08c): appendEntries Timeout, request=7049f9e8-7de6-4c8c-bf4c-9bb5512f4299->15cd3569-c751-4f18-b157-6804e7d0f08c#5935-t1, previous=(t:1, i:5891), leaderCommit=5888, initializing? false, entries: size=1, first=(t:1, i:5892), METADATAENTRY(c5888)
2019-07-10 06:00:16,317 WARN  server.GrpcLogAppender (GrpcLogAppender.java:timeoutAppendRequest(200)) - GrpcLogAppender(7049f9e8-7de6-4c8c-bf4c-9bb5512f4299->15cd3569-c751-4f18-b157-6804e7d0f08c): appendEntries Timeout, request=7049f9e8-7de6-4c8c-bf4c-9bb5512f4299->15cd3569-c751-4f18-b157-6804e7d0f08c#5936-t1, previous=(t:1, i:5892), leaderCommit=5888, initializing? false, entries: <empty>
2019-07-10 06:00:16,317 WARN  server.GrpcLogAppender (GrpcLogAppender.java:timeoutAppendRequest(200)) - GrpcLogAppender(7049f9e8-7de6-4c8c-bf4c-9bb5512f4299->13d9ac51-91bf-4c73-8824-2f58fc5b2747): appendEntries Timeout, request=7049f9e8-7de6-4c8c-bf4c-9bb5512f4299->13d9ac51-91bf-4c73-8824-2f58fc5b2747#5936-t1, previous=(t:1, i:5892), leaderCommit=5888, initializing? false, entries: <empty>
2019-07-10 06:00:16,561 WARN  server.GrpcLogAppender (GrpcLogAppender.java:onNextImpl(250)) - org.apache.ratis.grpc.server.GrpcLogAppender$AppendLogResponseHandler@458440bd: Request not found, ignoring reply: 7049f9e8-7de6-4c8c-bf4c-9bb5512f4299<-13d9ac51-91bf-4c73-8824-2f58fc5b2747#5934:OK,SUCCESS,nextIndex:5892,term:1,followerCommit:5890
2019-07-10 06:00:16,561 WARN  server.GrpcLogAppender (GrpcLogAppender.java:onNextImpl(250)) - org.apache.ratis.grpc.server.GrpcLogAppender$AppendLogResponseHandler@458440bd: Request not found, ignoring reply: 7049f9e8-7de6-4c8c-bf4c-9bb5512f4299<-13d9ac51-91bf-4c73-8824-2f58fc5b2747#5935:OK,SUCCESS,nextIndex:5893,term:1,followerCommit:5890
2019-07-10 06:00:16,561 WARN  server.GrpcLogAppender (GrpcLogAppender.java:onNextImpl(250)) - org.apache.ratis.grpc.server.GrpcLogAppender$AppendLogResponseHandler@458440bd: Request not found, ignoring reply: 7049f9e8-7de6-4c8c-bf4c-9bb5512f4299<-13d9ac51-91bf-4c73-8824-2f58fc5b2747#5936:OK,SUCCESS,nextIndex:5893,term:1,followerCommit:5888
2019-07-10 06:00:16,563 WARN  server.GrpcLogAppender (GrpcLogAppender.java:onNextImpl(250)) - org.apache.ratis.grpc.server.GrpcLogAppender$AppendLogResponseHandler@638a0499: Request not found, ignoring reply: 7049f9e8-7de6-4c8c-bf4c-9bb5512f4299<-15cd3569-c751-4f18-b157-6804e7d0f08c#5934:OK,SUCCESS,nextIndex:5892,term:1,followerCommit:5890
2019-07-10 06:00:16,564 WARN  server.GrpcLogAppender (GrpcLogAppender.java:onNextImpl(250)) - org.apache.ratis.grpc.server.GrpcLogAppender$AppendLogResponseHandler@638a0499: Request not found, ignoring reply: 7049f9e8-7de6-4c8c-bf4c-9bb5512f4299<-15cd3569-c751-4f18-b157-6804e7d0f08c#5935:OK,SUCCESS,nextIndex:5893,term:1,followerCommit:5890
2019-07-10 06:00:16,564 WARN  server.GrpcLogAppender (GrpcLogAppender.java:onNextImpl(250)) - org.apache.ratis.grpc.server.GrpcLogAppender$AppendLogResponseHandler@638a0499: Request not found, ignoring reply: 7049f9e8-7de6-4c8c-bf4c-9bb5512f4299<-15cd3569-c751-4f18-b157-6804e7d0f08c#5936:OK,SUCCESS,nextIndex:5893,term:1,followerCommit:5888
 0.00% |█                                                                                                    |  0/1 Time: 0:00:41 0.00% |█                                                                                                    |  0/1 Time: 0:00:42 0.00% |█                                                                                                    |  0/1 Time: 0:00:43 0.00% |█                                                                                                    |  0/1 Time: 0:00:442019-07-10 06:00:19,878 INFO  client.GrpcClientProtocolClient (GrpcClientProtocolClient.java:onNext(255)) - client-535162E20057->15cd3569-c751-4f18-b157-6804e7d0f08c: receive RaftClientReply:client-535162E20057->15cd3569-c751-4f18-b157-6804e7d0f08c@group-3B5DE3AEDFC2, cid=3870, FAILED org.apache.ratis.protocol.NotLeaderException: Server 15cd3569-c751-4f18-b157-6804e7d0f08c is not the leader (7049f9e8-7de6-4c8c-bf4c-9bb5512f4299:192.168.157.223:43810). Request must be sent to leader., logIndex=0, commits[15cd3569-c751-4f18-b157-6804e7d0f08c:c5892, 7049f9e8-7de6-4c8c-bf4c-9bb5512f4299:c5892, 13d9ac51-91bf-4c73-8824-2f58fc5b2747:c5892]
2019-07-10 06:00:19,899 INFO  client.GrpcClientProtocolClient (GrpcClientProtocolClient.java:onNext(255)) - client-535162E20057->7049f9e8-7de6-4c8c-bf4c-9bb5512f4299: receive RaftClientReply:client-535162E20057->7049f9e8-7de6-4c8c-bf4c-9bb5512f4299@group-3B5DE3AEDFC2, cid=3870, SUCCESS, logIndex=5888, commits[7049f9e8-7de6-4c8c-bf4c-9bb5512f4299:c5890, 13d9ac51-91bf-4c73-8824-2f58fc5b2747:c5888, 15cd3569-c751-4f18-b157-6804e7d0f08c:c5888]
2019-07-10 06:00:19,931 INFO  client.GrpcClientProtocolClient (GrpcClientProtocolClient.java:onNext(255)) - client-535162E20057->7049f9e8-7de6-4c8c-bf4c-9bb5512f4299: receive RaftClientReply:client-535162E20057->7049f9e8-7de6-4c8c-bf4c-9bb5512f4299@group-3B5DE3AEDFC2, cid=3871, SUCCESS, logIndex=5893, commits[7049f9e8-7de6-4c8c-bf4c-9bb5512f4299:c5894, 13d9ac51-91bf-4c73-8824-2f58fc5b2747:c5892, 15cd3569-c751-4f18-b157-6804e7d0f08c:c5892]
2019-07-10 06:00:19,934 INFO  client.GrpcClientProtocolClient (GrpcClientProtocolClient.java:onNext(255)) - client-535162E20057->7049f9e8-7de6-4c8c-bf4c-9bb5512f4299: receive RaftClientReply:client-535162E20057->7049f9e8-7de6-4c8c-bf4c-9bb5512f4299@group-3B5DE3AEDFC2, cid=3872, SUCCESS, logIndex=5894, commits[7049f9e8-7de6-4c8c-bf4c-9bb5512f4299:c5894, 13d9ac51-91bf-4c73-8824-2f58fc5b2747:c5892, 15cd3569-c751-4f18-b157-6804e7d0f08c:c5892]
2019-07-10 06:00:19,938 INFO  client.GrpcClientProtocolClient (GrpcClientProtocolClient.java:onNext(255)) - client-535162E20057->7049f9e8-7de6-4c8c-bf4c-9bb5512f4299: receive RaftClientReply:client-535162E20057->7049f9e8-7de6-4c8c-bf4c-9bb5512f4299@group-3B5DE3AEDFC2, cid=3873, SUCCESS, logIndex=5895, commits[7049f9e8-7de6-4c8c-bf4c-9bb5512f4299:c5896, 13d9ac51-91bf-4c73-8824-2f58fc5b2747:c5892, 15cd3569-c751-4f18-b157-6804e7d0f08c:c5892]
2019-07-10 06:00:19,939 INFO  client.GrpcClientProtocolClient (GrpcClientProtocolClient.java:onNext(255)) - client-535162E20057->7049f9e8-7de6-4c8c-bf4c-9bb5512f4299: receive RaftClientReply:client-535162E20057->7049f9e8-7de6-4c8c-bf4c-9bb5512f4299@group-3B5DE3AEDFC2, cid=3874, SUCCESS, logIndex=5896, commits[7049f9e8-7de6-4c8c-bf4c-9bb5512f4299:c5896, 13d9ac51-91bf-4c73-8824-2f58fc5b2747:c5892, 15cd3569-c751-4f18-b157-6804e7d0f08c:c5892]
2019-07-10 06:00:19,945 INFO  client.GrpcClientProtocolClient (GrpcClientProtocolClient.java:onNext(255)) - client-535162E20057->7049f9e8-7de6-4c8c-bf4c-9bb5512f4299: receive RaftClientReply:client-535162E20057->7049f9e8-7de6-4c8c-bf4c-9bb5512f4299@group-3B5DE3AEDFC2, cid=3875, SUCCESS, logIndex=0, commits[7049f9e8-7de6-4c8c-bf4c-9bb5512f4299:c5897, 13d9ac51-91bf-4c73-8824-2f58fc5b2747:c5894, 15cd3569-c751-4f18-b157-6804e7d0f08c:c5894]
2019-07-10 06:00:20,447 INFO  client.GrpcClientProtocolClient (GrpcClientProtocolClient.java:onNext(255)) - client-535162E20057->7049f9e8-7de6-4c8c-bf4c-9bb5512f4299: receive RaftClientReply:client-535162E20057->7049f9e8-7de6-4c8c-bf4c-9bb5512f4299@group-3B5DE3AEDFC2, cid=3876, SUCCESS, logIndex=0, commits[7049f9e8-7de6-4c8c-bf4c-9bb5512f4299:c5900, 13d9ac51-91bf-4c73-8824-2f58fc5b2747:c5900, 15cd3569-c751-4f18-b157-6804e7d0f08c:c5900]
2019-07-10 06:00:20,485 INFO  client.GrpcClientProtocolClient (GrpcClientProtocolClient.java:onNext(255)) - client-535162E20057->7049f9e8-7de6-4c8c-bf4c-9bb5512f4299: receive RaftClientReply:client-535162E20057->7049f9e8-7de6-4c8c-bf4c-9bb5512f4299@group-3B5DE3AEDFC2, cid=3877, SUCCESS, logIndex=5901, commits[7049f9e8-7de6-4c8c-bf4c-9bb5512f4299:c5904, 13d9ac51-91bf-4c73-8824-2f58fc5b2747:c5900, 15cd3569-c751-4f18-b157-6804e7d0f08c:c5900]
2019-07-10 06:00:20,486 INFO  client.GrpcClientProtocolClient (GrpcClientProtocolClient.java:onNext(255)) - client-535162E20057->7049f9e8-7de6-4c8c-bf4c-9bb5512f4299: receive RaftClientReply:client-535162E20057->7049f9e8-7de6-4c8c-bf4c-9bb5512f4299@group-3B5DE3AEDFC2, cid=3878, SUCCESS, logIndex=5902, commits[7049f9e8-7de6-4c8c-bf4c-9bb5512f4299:c5904, 13d9ac51-91bf-4c73-8824-2f58fc5b2747:c5900, 15cd3569-c751-4f18-b157-6804e7d0f08c:c5900]
2019-07-10 06:00:20,486 INFO  client.GrpcClientProtocolClient (GrpcClientProtocolClient.java:onNext(255)) - client-535162E20057->7049f9e8-7de6-4c8c-bf4c-9bb5512f4299: receive RaftClientReply:client-535162E20057->7049f9e8-7de6-4c8c-bf4c-9bb5512f4299@group-3B5DE3AEDFC2, cid=3879, SUCCESS, logIndex=5903, commits[7049f9e8-7de6-4c8c-bf4c-9bb5512f4299:c5904, 13d9ac51-91bf-4c73-8824-2f58fc5b2747:c5900, 15cd3569-c751-4f18-b157-6804e7d0f08c:c5900]
2019-07-10 06:00:20,486 INFO  client.GrpcClientProtocolClient (GrpcClientProtocolClient.java:onNext(255)) - client-535162E20057->7049f9e8-7de6-4c8c-bf4c-9bb5512f4299: receive RaftClientReply:client-535162E20057->7049f9e8-7de6-4c8c-bf4c-9bb5512f4299@group-3B5DE3AEDFC2, cid=3880, SUCCESS, logIndex=5904, commits[7049f9e8-7de6-4c8c-bf4c-9bb5512f4299:c5904, 13d9ac51-91bf-4c73-8824-2f58fc5b2747:c5900, 15cd3569-c751-4f18-b157-6804e7d0f08c:c5900]
2019-07-10 06:00:20,497 INFO  client.GrpcClientProtocolClient (GrpcClientProtocolClient.java:onNext(255)) - client-535162E20057->7049f9e8-7de6-4c8c-bf4c-9bb5512f4299: receive RaftClientReply:client-535162E20057->7049f9e8-7de6-4c8c-bf4c-9bb5512f4299@group-3B5DE3AEDFC2, cid=3881, SUCCESS, logIndex=0, commits[7049f9e8-7de6-4c8c-bf4c-9bb5512f4299:c5905, 13d9ac51-91bf-4c73-8824-2f58fc5b2747:c5903, 15cd3569-c751-4f18-b157-6804e7d0f08c:c5904]
2019-07-10 06:00:20,520 INFO  client.GrpcClientProtocolClient (GrpcClientProtocolClient.java:onNext(255)) - client-535162E20057->7049f9e8-7de6-4c8c-bf4c-9bb5512f4299: receive RaftClientReply:client-535162E20057->7049f9e8-7de6-4c8c-bf4c-9bb5512f4299@group-3B5DE3AEDFC2, cid=3882, SUCCESS, logIndex=5908, commits[7049f9e8-7de6-4c8c-bf4c-9bb5512f4299:c5909, 13d9ac51-91bf-4c73-8824-2f58fc5b2747:c5907, 15cd3569-c751-4f18-b157-6804e7d0f08c:c5907]
2019-07-10 06:00:20,520 INFO  client.GrpcClientProtocolClient (GrpcClientProtocolClient.java:onNext(255)) - client-535162E20057->7049f9e8-7de6-4c8c-bf4c-9bb5512f4299: receive RaftClientReply:client-535162E20057->7049f9e8-7de6-4c8c-bf4c-9bb5512f4299@group-3B5DE3AEDFC2, cid=3883, SUCCESS, logIndex=5909, commits[7049f9e8-7de6-4c8c-bf4c-9bb5512f4299:c5909, 13d9ac51-91bf-4c73-8824-2f58fc5b2747:c5907, 15cd3569-c751-4f18-b157-6804e7d0f08c:c5907]
2019-07-10 06:00:20,642 INFO  client.GrpcClientProtocolClient (GrpcClientProtocolClient.java:onNext(255)) - client-535162E20057->7049f9e8-7de6-4c8c-bf4c-9bb5512f4299: receive RaftClientReply:client-535162E20057->7049f9e8-7de6-4c8c-bf4c-9bb5512f4299@group-3B5DE3AEDFC2, cid=3884, SUCCESS, logIndex=5912, commits[7049f9e8-7de6-4c8c-bf4c-9bb5512f4299:c5913, 13d9ac51-91bf-4c73-8824-2f58fc5b2747:c5909, 15cd3569-c751-4f18-b157-6804e7d0f08c:c5909]
2019-07-10 06:00:20,642 INFO  client.GrpcClientProtocolClient (GrpcClientProtocolClient.java:onNext(255)) - client-535162E20057->7049f9e8-7de6-4c8c-bf4c-9bb5512f4299: receive RaftClientReply:client-535162E20057->7049f9e8-7de6-4c8c-bf4c-9bb5512f4299@group-3B5DE3AEDFC2, cid=3885, SUCCESS, logIndex=5913, commits[7049f9e8-7de6-4c8c-bf4c-9bb5512f4299:c5913, 13d9ac51-91bf-4c73-8824-2f58fc5b2747:c5909, 15cd3569-c751-4f18-b157-6804e7d0f08c:c5909]
2019-07-10 06:00:20,656 INFO  client.GrpcClientProtocolClient (GrpcClientProtocolClient.java:onNext(255)) - client-535162E20057->7049f9e8-7de6-4c8c-bf4c-9bb5512f4299: receive RaftClientReply:client-535162E20057->7049f9e8-7de6-4c8c-bf4c-9bb5512f4299@group-3B5DE3AEDFC2, cid=3886, SUCCESS, logIndex=0, commits[7049f9e8-7de6-4c8c-bf4c-9bb5512f4299:c5914, 13d9ac51-91bf-4c73-8824-2f58fc5b2747:c5913, 15cd3569-c751-4f18-b157-6804e7d0f08c:c5913]
2019-07-10 06:00:20,696 INFO  client.GrpcClientProtocolClient (GrpcClientProtocolClient.java:onNext(255)) - client-535162E20057->7049f9e8-7de6-4c8c-bf4c-9bb5512f4299: receive RaftClientReply:client-535162E20057->7049f9e8-7de6-4c8c-bf4c-9bb5512f4299@group-3B5DE3AEDFC2, cid=3887, SUCCESS, logIndex=5915, commits[7049f9e8-7de6-4c8c-bf4c-9bb5512f4299:c5916, 13d9ac51-91bf-4c73-8824-2f58fc5b2747:c5914, 15cd3569-c751-4f18-b157-6804e7d0f08c:c5914]
2019-07-10 06:00:20,697 INFO  client.GrpcClientProtocolClient (GrpcClientProtocolClient.java:onNext(255)) - client-535162E20057->7049f9e8-7de6-4c8c-bf4c-9bb5512f4299: receive RaftClientReply:client-535162E20057->7049f9e8-7de6-4c8c-bf4c-9bb5512f4299@group-3B5DE3AEDFC2, cid=3888, SUCCESS, logIndex=5916, commits[7049f9e8-7de6-4c8c-bf4c-9bb5512f4299:c5918, 13d9ac51-91bf-4c73-8824-2f58fc5b2747:c5914, 15cd3569-c751-4f18-b157-6804e7d0f08c:c5914]
2019-07-10 06:00:20,698 INFO  client.GrpcClientProtocolClient (GrpcClientProtocolClient.java:onNext(255)) - client-535162E20057->7049f9e8-7de6-4c8c-bf4c-9bb5512f4299: receive RaftClientReply:client-535162E20057->7049f9e8-7de6-4c8c-bf4c-9bb5512f4299@group-3B5DE3AEDFC2, cid=3889, SUCCESS, logIndex=5917, commits[7049f9e8-7de6-4c8c-bf4c-9bb5512f4299:c5918, 13d9ac51-91bf-4c73-8824-2f58fc5b2747:c5914, 15cd3569-c751-4f18-b157-6804e7d0f08c:c5914]
2019-07-10 06:00:20,698 INFO  client.GrpcClientProtocolClient (GrpcClientProtocolClient.java:onNext(255)) - client-535162E20057->7049f9e8-7de6-4c8c-bf4c-9bb5512f4299: receive RaftClientReply:client-535162E20057->7049f9e8-7de6-4c8c-bf4c-9bb5512f4299@group-3B5DE3AEDFC2, cid=3890, SUCCESS, logIndex=5918, commits[7049f9e8-7de6-4c8c-bf4c-9bb5512f4299:c5918, 13d9ac51-91bf-4c73-8824-2f58fc5b2747:c5914, 15cd3569-c751-4f18-b157-6804e7d0f08c:c5914]
2019-07-10 06:00:20,699 INFO  client.GrpcClientProtocolClient (GrpcClientProtocolClient.java:onNext(255)) - client-535162E20057->7049f9e8-7de6-4c8c-bf4c-9bb5512f4299: receive RaftClientReply:client-535162E20057->7049f9e8-7de6-4c8c-bf4c-9bb5512f4299@group-3B5DE3AEDFC2, cid=3891, SUCCESS, logIndex=0, commits[7049f9e8-7de6-4c8c-bf4c-9bb5512f4299:c5921, 13d9ac51-91bf-4c73-8824-2f58fc5b2747:c5916, 15cd3569-c751-4f18-b157-6804e7d0f08c:c5917]
2019-07-10 06:00:20,721 INFO  client.GrpcClientProtocolClient (GrpcClientProtocolClient.java:onNext(255)) - client-535162E20057->7049f9e8-7de6-4c8c-bf4c-9bb5512f4299: receive RaftClientReply:client-535162E20057->7049f9e8-7de6-4c8c-bf4c-9bb5512f4299@group-3B5DE3AEDFC2, cid=3892, SUCCESS, logIndex=5923, commits[7049f9e8-7de6-4c8c-bf4c-9bb5512f4299:c5924, 13d9ac51-91bf-4c73-8824-2f58fc5b2747:c5922, 15cd3569-c751-4f18-b157-6804e7d0f08c:c5922]
2019-07-10 06:00:20,721 INFO  client.GrpcClientProtocolClient (GrpcClientProtocolClient.java:onNext(255)) - client-535162E20057->7049f9e8-7de6-4c8c-bf4c-9bb5512f4299: receive RaftClientReply:client-535162E20057->7049f9e8-7de6-4c8c-bf4c-9bb5512f4299@group-3B5DE3AEDFC2, cid=3893, SUCCESS, logIndex=5924, commits[7049f9e8-7de6-4c8c-bf4c-9bb5512f4299:c5924, 13d9ac51-91bf-4c73-8824-2f58fc5b2747:c5922, 15cd3569-c751-4f18-b157-6804e7d0f08c:c5922]
 0.00% |█                                                                                                    |  0/1 Time: 0:00:452019-07-10 06:00:20,753 INFO  client.GrpcClientProtocolClient (GrpcClientProtocolClient.java:onNext(255)) - client-535162E20057->7049f9e8-7de6-4c8c-bf4c-9bb5512f4299: receive RaftClientReply:client-535162E20057->7049f9e8-7de6-4c8c-bf4c-9bb5512f4299@group-3B5DE3AEDFC2, cid=3894, SUCCESS, logIndex=5927, commits[7049f9e8-7de6-4c8c-bf4c-9bb5512f4299:c5928, 13d9ac51-91bf-4c73-8824-2f58fc5b2747:c5924, 15cd3569-c751-4f18-b157-6804e7d0f08c:c5924]
2019-07-10 06:00:20,754 INFO  client.GrpcClientProtocolClient (GrpcClientProtocolClient.java:onNext(255)) - client-535162E20057->7049f9e8-7de6-4c8c-bf4c-9bb5512f4299: receive RaftClientReply:client-535162E20057->7049f9e8-7de6-4c8c-bf4c-9bb5512f4299@group-3B5DE3AEDFC2, cid=3895, SUCCESS, logIndex=5928, commits[7049f9e8-7de6-4c8c-bf4c-9bb5512f4299:c5928, 13d9ac51-91bf-4c73-8824-2f58fc5b2747:c5924, 15cd3569-c751-4f18-b157-6804e7d0f08c:c5924]
2019-07-10 06:00:20,766 INFO  client.GrpcClientProtocolClient (GrpcClientProtocolClient.java:onNext(255)) - client-535162E20057->7049f9e8-7de6-4c8c-bf4c-9bb5512f4299: receive RaftClientReply:client-535162E20057->7049f9e8-7de6-4c8c-bf4c-9bb5512f4299@group-3B5DE3AEDFC2, cid=3896, SUCCESS, logIndex=0, commits[7049f9e8-7de6-4c8c-bf4c-9bb5512f4299:c5929, 13d9ac51-91bf-4c73-8824-2f58fc5b2747:c5928, 15cd3569-c751-4f18-b157-6804e7d0f08c:c5928]
2019-07-10 06:00:20,804 INFO  client.GrpcClientProtocolClient (GrpcClientProtocolClient.java:onNext(255)) - client-535162E20057->7049f9e8-7de6-4c8c-bf4c-9bb5512f4299: receive RaftClientReply:client-535162E20057->7049f9e8-7de6-4c8c-bf4c-9bb5512f4299@group-3B5DE3AEDFC2, cid=3897, SUCCESS, logIndex=5931, commits[7049f9e8-7de6-4c8c-bf4c-9bb5512f4299:c5933, 13d9ac51-91bf-4c73-8824-2f58fc5b2747:c5930, 15cd3569-c751-4f18-b157-6804e7d0f08c:c5930]
2019-07-10 06:00:20,804 INFO  client.GrpcClientProtocolClient (GrpcClientProtocolClient.java:onNext(255)) - client-535162E20057->7049f9e8-7de6-4c8c-bf4c-9bb5512f4299: receive RaftClientReply:client-535162E20057->7049f9e8-7de6-4c8c-bf4c-9bb5512f4299@group-3B5DE3AEDFC2, cid=3898, SUCCESS, logIndex=5932, commits[7049f9e8-7de6-4c8c-bf4c-9bb5512f4299:c5934, 13d9ac51-91bf-4c73-8824-2f58fc5b2747:c5930, 15cd3569-c751-4f18-b157-6804e7d0f08c:c5930]
2019-07-10 06:00:20,805 INFO  client.GrpcClientProtocolClient (GrpcClientProtocolClient.java:onNext(255)) - client-535162E20057->7049f9e8-7de6-4c8c-bf4c-9bb5512f4299: receive RaftClientReply:client-535162E20057->7049f9e8-7de6-4c8c-bf4c-9bb5512f4299@group-3B5DE3AEDFC2, cid=3899, SUCCESS, logIndex=5933, commits[7049f9e8-7de6-4c8c-bf4c-9bb5512f4299:c5934, 13d9ac51-91bf-4c73-8824-2f58fc5b2747:c5930, 15cd3569-c751-4f18-b157-6804e7d0f08c:c5930]
2019-07-10 06:00:20,805 INFO  client.GrpcClientProtocolClient (GrpcClientProtocolClient.java:onNext(255)) - client-535162E20057->7049f9e8-7de6-4c8c-bf4c-9bb5512f4299: receive RaftClientReply:client-535162E20057->7049f9e8-7de6-4c8c-bf4c-9bb5512f4299@group-3B5DE3AEDFC2, cid=3900, SUCCESS, logIndex=5934, commits[7049f9e8-7de6-4c8c-bf4c-9bb5512f4299:c5935, 13d9ac51-91bf-4c73-8824-2f58fc5b2747:c5931, 15cd3569-c751-4f18-b157-6804e7d0f08c:c5930]
2019-07-10 06:00:20,816 INFO  client.GrpcClientProtocolClient (GrpcClientProtocolClient.java:onNext(255)) - client-535162E20057->7049f9e8-7de6-4c8c-bf4c-9bb5512f4299: receive RaftClientReply:client-535162E20057->7049f9e8-7de6-4c8c-bf4c-9bb5512f4299@group-3B5DE3AEDFC2, cid=3901, SUCCESS, logIndex=0, commits[7049f9e8-7de6-4c8c-bf4c-9bb5512f4299:c5937, 13d9ac51-91bf-4c73-8824-2f58fc5b2747:c5932, 15cd3569-c751-4f18-b157-6804e7d0f08c:c5933]
2019-07-10 06:00:20,834 INFO  client.GrpcClientProtocolClient (GrpcClientProtocolClient.java:onNext(255)) - client-535162E20057->7049f9e8-7de6-4c8c-bf4c-9bb5512f4299: receive RaftClientReply:client-535162E20057->7049f9e8-7de6-4c8c-bf4c-9bb5512f4299@group-3B5DE3AEDFC2, cid=3902, SUCCESS, logIndex=5939, commits[7049f9e8-7de6-4c8c-bf4c-9bb5512f4299:c5940, 13d9ac51-91bf-4c73-8824-2f58fc5b2747:c5938, 15cd3569-c751-4f18-b157-6804e7d0f08c:c5938]
2019-07-10 06:00:20,834 INFO  client.GrpcClientProtocolClient (GrpcClientProtocolClient.java:onNext(255)) - client-535162E20057->7049f9e8-7de6-4c8c-bf4c-9bb5512f4299: receive RaftClientReply:client-535162E20057->7049f9e8-7de6-4c8c-bf4c-9bb5512f4299@group-3B5DE3AEDFC2, cid=3903, SUCCESS, logIndex=5940, commits[7049f9e8-7de6-4c8c-bf4c-9bb5512f4299:c5940, 13d9ac51-91bf-4c73-8824-2f58fc5b2747:c5938, 15cd3569-c751-4f18-b157-6804e7d0f08c:c5938]
2019-07-10 06:00:20,859 INFO  client.GrpcClientProtocolClient (GrpcClientProtocolClient.java:onNext(255)) - client-535162E20057->7049f9e8-7de6-4c8c-bf4c-9bb5512f4299: receive RaftClientReply:client-535162E20057->7049f9e8-7de6-4c8c-bf4c-9bb5512f4299@group-3B5DE3AEDFC2, cid=3904, SUCCESS, logIndex=5943, commits[7049f9e8-7de6-4c8c-bf4c-9bb5512f4299:c5944, 13d9ac51-91bf-4c73-8824-2f58fc5b2747:c5940, 15cd3569-c751-4f18-b157-6804e7d0f08c:c5940]
2019-07-10 06:00:20,859 INFO  client.GrpcClientProtocolClient (GrpcClientProtocolClient.java:onNext(255)) - client-535162E20057->7049f9e8-7de6-4c8c-bf4c-9bb5512f4299: receive RaftClientReply:client-535162E20057->7049f9e8-7de6-4c8c-bf4c-9bb5512f4299@group-3B5DE3AEDFC2, cid=3905, SUCCESS, logIndex=5944, commits[7049f9e8-7de6-4c8c-bf4c-9bb5512f4299:c5944, 13d9ac51-91bf-4c73-8824-2f58fc5b2747:c5940, 15cd3569-c751-4f18-b157-6804e7d0f08c:c5940]
2019-07-10 06:00:20,873 INFO  client.GrpcClientProtocolClient (GrpcClientProtocolClient.java:onNext(255)) - client-535162E20057->7049f9e8-7de6-4c8c-bf4c-9bb5512f4299: receive RaftClientReply:client-535162E20057->7049f9e8-7de6-4c8c-bf4c-9bb5512f4299@group-3B5DE3AEDFC2, cid=3906, SUCCESS, logIndex=0, commits[7049f9e8-7de6-4c8c-bf4c-9bb5512f4299:c5946, 13d9ac51-91bf-4c73-8824-2f58fc5b2747:c5944, 15cd3569-c751-4f18-b157-6804e7d0f08c:c5944]
2019-07-10 06:00:20,907 INFO  client.GrpcClientProtocolClient (GrpcClientProtocolClient.java:onNext(255)) - client-535162E20057->7049f9e8-7de6-4c8c-bf4c-9bb5512f4299: receive RaftClientReply:client-535162E20057->7049f9e8-7de6-4c8c-bf4c-9bb5512f4299@group-3B5DE3AEDFC2, cid=3907, SUCCESS, logIndex=5947, commits[7049f9e8-7de6-4c8c-bf4c-9bb5512f4299:c5949, 13d9ac51-91bf-4c73-8824-2f58fc5b2747:c5946, 15cd3569-c751-4f18-b157-6804e7d0f08c:c5946]
2019-07-10 06:00:20,907 INFO  client.GrpcClientProtocolClient (GrpcClientProtocolClient.java:onNext(255)) - client-535162E20057->7049f9e8-7de6-4c8c-bf4c-9bb5512f4299: receive RaftClientReply:client-535162E20057->7049f9e8-7de6-4c8c-bf4c-9bb5512f4299@group-3B5DE3AEDFC2, cid=3908, SUCCESS, logIndex=5948, commits[7049f9e8-7de6-4c8c-bf4c-9bb5512f4299:c5950, 13d9ac51-91bf-4c73-8824-2f58fc5b2747:c5946, 15cd3569-c751-4f18-b157-6804e7d0f08c:c5946]
2019-07-10 06:00:20,908 INFO  client.GrpcClientProtocolClient (GrpcClientProtocolClient.java:onNext(255)) - client-535162E20057->7049f9e8-7de6-4c8c-bf4c-9bb5512f4299: receive RaftClientReply:client-535162E20057->7049f9e8-7de6-4c8c-bf4c-9bb5512f4299@group-3B5DE3AEDFC2, cid=3909, SUCCESS, logIndex=5949, commits[7049f9e8-7de6-4c8c-bf4c-9bb5512f4299:c5950, 13d9ac51-91bf-4c73-8824-2f58fc5b2747:c5946, 15cd3569-c751-4f18-b157-6804e7d0f08c:c5946]
2019-07-10 06:00:20,908 INFO  client.GrpcClientProtocolClient (GrpcClientProtocolClient.java:onNext(255)) - client-535162E20057->7049f9e8-7de6-4c8c-bf4c-9bb5512f4299: receive RaftClientReply:client-535162E20057->7049f9e8-7de6-4c8c-bf4c-9bb5512f4299@group-3B5DE3AEDFC2, cid=3910, SUCCESS, logIndex=5950, commits[7049f9e8-7de6-4c8c-bf4c-9bb5512f4299:c5950, 13d9ac51-91bf-4c73-8824-2f58fc5b2747:c5946, 15cd3569-c751-4f18-b157-6804e7d0f08c:c5946]
2019-07-10 06:00:20,909 INFO  client.GrpcClientProtocolClient (GrpcClientProtocolClient.java:onNext(255)) - client-535162E20057->7049f9e8-7de6-4c8c-bf4c-9bb5512f4299: receive RaftClientReply:client-535162E20057->7049f9e8-7de6-4c8c-bf4c-9bb5512f4299@group-3B5DE3AEDFC2, cid=3911, SUCCESS, logIndex=0, commits[7049f9e8-7de6-4c8c-bf4c-9bb5512f4299:c5952, 13d9ac51-91bf-4c73-8824-2f58fc5b2747:c5948, 15cd3569-c751-4f18-b157-6804e7d0f08c:c5949]
2019-07-10 06:00:20,930 INFO  client.GrpcClientProtocolClient (GrpcClientProtocolClient.java:onNext(255)) - client-535162E20057->7049f9e8-7de6-4c8c-bf4c-9bb5512f4299: receive RaftClientReply:client-535162E20057->7049f9e8-7de6-4c8c-bf4c-9bb5512f4299@group-3B5DE3AEDFC2, cid=3912, SUCCESS, logIndex=5955, commits[7049f9e8-7de6-4c8c-bf4c-9bb5512f4299:c5956, 13d9ac51-91bf-4c73-8824-2f58fc5b2747:c5954, 15cd3569-c751-4f18-b157-6804e7d0f08c:c5954]
2019-07-10 06:00:20,930 INFO  client.GrpcClientProtocolClient (GrpcClientProtocolClient.java:onNext(255)) - client-535162E20057->7049f9e8-7de6-4c8c-bf4c-9bb5512f4299: receive RaftClientReply:client-535162E20057->7049f9e8-7de6-4c8c-bf4c-9bb5512f4299@group-3B5DE3AEDFC2, cid=3913, SUCCESS, logIndex=5956, commits[7049f9e8-7de6-4c8c-bf4c-9bb5512f4299:c5956, 13d9ac51-91bf-4c73-8824-2f58fc5b2747:c5954, 15cd3569-c751-4f18-b157-6804e7d0f08c:c5954]
2019-07-10 06:00:20,943 INFO  client.GrpcClientProtocolClient (GrpcClientProtocolClient.java:onNext(255)) - client-535162E20057->7049f9e8-7de6-4c8c-bf4c-9bb5512f4299: receive RaftClientReply:client-535162E20057->7049f9e8-7de6-4c8c-bf4c-9bb5512f4299@group-3B5DE3AEDFC2, cid=3914, SUCCESS, logIndex=5959, commits[7049f9e8-7de6-4c8c-bf4c-9bb5512f4299:c5960, 13d9ac51-91bf-4c73-8824-2f58fc5b2747:c5955, 15cd3569-c751-4f18-b157-6804e7d0f08c:c5956]
2019-07-10 06:00:20,944 INFO  client.GrpcClientProtocolClient (GrpcClientProtocolClient.java:onNext(255)) - client-535162E20057->7049f9e8-7de6-4c8c-bf4c-9bb5512f4299: receive RaftClientReply:client-535162E20057->7049f9e8-7de6-4c8c-bf4c-9bb5512f4299@group-3B5DE3AEDFC2, cid=3915, SUCCESS, logIndex=5960, commits[7049f9e8-7de6-4c8c-bf4c-9bb5512f4299:c5960, 13d9ac51-91bf-4c73-8824-2f58fc5b2747:c5956, 15cd3569-c751-4f18-b157-6804e7d0f08c:c5956]
2019-07-10 06:00:20,958 INFO  client.GrpcClientProtocolClient (GrpcClientProtocolClient.java:onNext(255)) - client-535162E20057->7049f9e8-7de6-4c8c-bf4c-9bb5512f4299: receive RaftClientReply:client-535162E20057->7049f9e8-7de6-4c8c-bf4c-9bb5512f4299@group-3B5DE3AEDFC2, cid=3916, SUCCESS, logIndex=0, commits[7049f9e8-7de6-4c8c-bf4c-9bb5512f4299:c5962, 13d9ac51-91bf-4c73-8824-2f58fc5b2747:c5960, 15cd3569-c751-4f18-b157-6804e7d0f08c:c5960]
2019-07-10 06:00:20,989 INFO  client.GrpcClientProtocolClient (GrpcClientProtocolClient.java:onNext(255)) - client-535162E20057->7049f9e8-7de6-4c8c-bf4c-9bb5512f4299: receive RaftClientReply:client-535162E20057->7049f9e8-7de6-4c8c-bf4c-9bb5512f4299@group-3B5DE3AEDFC2, cid=3917, SUCCESS, logIndex=5963, commits[7049f9e8-7de6-4c8c-bf4c-9bb5512f4299:c5964, 13d9ac51-91bf-4c73-8824-2f58fc5b2747:c5962, 15cd3569-c751-4f18-b157-6804e7d0f08c:c5962]
2019-07-10 06:00:20,990 INFO  client.GrpcClientProtocolClient (GrpcClientProtocolClient.java:onNext(255)) - client-535162E20057->7049f9e8-7de6-4c8c-bf4c-9bb5512f4299: receive RaftClientReply:client-535162E20057->7049f9e8-7de6-4c8c-bf4c-9bb5512f4299@group-3B5DE3AEDFC2, cid=3918, SUCCESS, logIndex=5964, commits[7049f9e8-7de6-4c8c-bf4c-9bb5512f4299:c5964, 13d9ac51-91bf-4c73-8824-2f58fc5b2747:c5962, 15cd3569-c751-4f18-b157-6804e7d0f08c:c5962]
2019-07-10 06:00:20,990 INFO  client.GrpcClientProtocolClient (GrpcClientProtocolClient.java:onNext(255)) - client-535162E20057->7049f9e8-7de6-4c8c-bf4c-9bb5512f4299: receive RaftClientReply:client-535162E20057->7049f9e8-7de6-4c8c-bf4c-9bb5512f4299@group-3B5DE3AEDFC2, cid=3919, SUCCESS, logIndex=5965, commits[7049f9e8-7de6-4c8c-bf4c-9bb5512f4299:c5966, 13d9ac51-91bf-4c73-8824-2f58fc5b2747:c5962, 15cd3569-c751-4f18-b157-6804e7d0f08c:c5962]
2019-07-10 06:00:20,991 INFO  client.GrpcClientProtocolClient (GrpcClientProtocolClient.java:onNext(255)) - client-535162E20057->7049f9e8-7de6-4c8c-bf4c-9bb5512f4299: receive RaftClientReply:client-535162E20057->7049f9e8-7de6-4c8c-bf4c-9bb5512f4299@group-3B5DE3AEDFC2, cid=3920, SUCCESS, logIndex=5966, commits[7049f9e8-7de6-4c8c-bf4c-9bb5512f4299:c5966, 13d9ac51-91bf-4c73-8824-2f58fc5b2747:c5962, 15cd3569-c751-4f18-b157-6804e7d0f08c:c5962]
2019-07-10 06:00:21,004 INFO  client.GrpcClientProtocolClient (GrpcClientProtocolClient.java:onNext(255)) - client-535162E20057->7049f9e8-7de6-4c8c-bf4c-9bb5512f4299: receive RaftClientReply:client-535162E20057->7049f9e8-7de6-4c8c-bf4c-9bb5512f4299@group-3B5DE3AEDFC2, cid=3921, SUCCESS, logIndex=0, commits[7049f9e8-7de6-4c8c-bf4c-9bb5512f4299:c5968, 13d9ac51-91bf-4c73-8824-2f58fc5b2747:c5964, 15cd3569-c751-4f18-b157-6804e7d0f08c:c5964]
2019-07-10 06:00:21,017 INFO  client.GrpcClientProtocolClient (GrpcClientProtocolClient.java:onNext(255)) - client-535162E20057->7049f9e8-7de6-4c8c-bf4c-9bb5512f4299: receive RaftClientReply:client-535162E20057->7049f9e8-7de6-4c8c-bf4c-9bb5512f4299@group-3B5DE3AEDFC2, cid=3922, SUCCESS, logIndex=5971, commits[7049f9e8-7de6-4c8c-bf4c-9bb5512f4299:c5972, 13d9ac51-91bf-4c73-8824-2f58fc5b2747:c5970, 15cd3569-c751-4f18-b157-6804e7d0f08c:c5970]
2019-07-10 06:00:21,017 INFO  client.GrpcClientProtocolClient (GrpcClientProtocolClient.java:onNext(255)) - client-535162E20057->7049f9e8-7de6-4c8c-bf4c-9bb5512f4299: receive RaftClientReply:client-535162E20057->7049f9e8-7de6-4c8c-bf4c-9bb5512f4299@group-3B5DE3AEDFC2, cid=3923, SUCCESS, logIndex=5972, commits[7049f9e8-7de6-4c8c-bf4c-9bb5512f4299:c5972, 13d9ac51-91bf-4c73-8824-2f58fc5b2747:c5970, 15cd3569-c751-4f18-b157-6804e7d0f08c:c5970]
2019-07-10 06:00:21,030 INFO  client.GrpcClientProtocolClient (GrpcClientProtocolClient.java:onNext(255)) - client-535162E20057->7049f9e8-7de6-4c8c-bf4c-9bb5512f4299: receive RaftClientReply:client-535162E20057->7049f9e8-7de6-4c8c-bf4c-9bb5512f4299@group-3B5DE3AEDFC2, cid=3924, SUCCESS, logIndex=5975, commits[7049f9e8-7de6-4c8c-bf4c-9bb5512f4299:c5976, 13d9ac51-91bf-4c73-8824-2f58fc5b2747:c5972, 15cd3569-c751-4f18-b157-6804e7d0f08c:c5974]
2019-07-10 06:00:21,030 INFO  client.GrpcClientProtocolClient (GrpcClientProtocolClient.java:onNext(255)) - client-535162E20057->7049f9e8-7de6-4c8c-bf4c-9bb5512f4299: receive RaftClientReply:client-535162E20057->7049f9e8-7de6-4c8c-bf4c-9bb5512f4299@group-3B5DE3AEDFC2, cid=3925, SUCCESS, logIndex=5976, commits[7049f9e8-7de6-4c8c-bf4c-9bb5512f4299:c5976, 13d9ac51-91bf-4c73-8824-2f58fc5b2747:c5972, 15cd3569-c751-4f18-b157-6804e7d0f08c:c5974]
2019-07-10 06:00:21,033 INFO  client.GrpcClientProtocolClient (GrpcClientProtocolClient.java:onNext(255)) - client-535162E20057->7049f9e8-7de6-4c8c-bf4c-9bb5512f4299: receive RaftClientReply:client-535162E20057->7049f9e8-7de6-4c8c-bf4c-9bb5512f4299@group-3B5DE3AEDFC2, cid=3926, SUCCESS, logIndex=0, commits[7049f9e8-7de6-4c8c-bf4c-9bb5512f4299:c5977, 13d9ac51-91bf-4c73-8824-2f58fc5b2747:c5976, 15cd3569-c751-4f18-b157-6804e7d0f08c:c5976]
2019-07-10 06:00:21,067 INFO  client.GrpcClientProtocolClient (GrpcClientProtocolClient.java:onNext(255)) - client-535162E20057->7049f9e8-7de6-4c8c-bf4c-9bb5512f4299: receive RaftClientReply:client-535162E20057->7049f9e8-7de6-4c8c-bf4c-9bb5512f4299@group-3B5DE3AEDFC2, cid=3927, SUCCESS, logIndex=5979, commits[7049f9e8-7de6-4c8c-bf4c-9bb5512f4299:c5979, 13d9ac51-91bf-4c73-8824-2f58fc5b2747:c5978, 15cd3569-c751-4f18-b157-6804e7d0f08c:c5978]
2019-07-10 06:00:21,067 INFO  client.GrpcClientProtocolClient (GrpcClientProtocolClient.java:onNext(255)) - client-535162E20057->7049f9e8-7de6-4c8c-bf4c-9bb5512f4299: receive RaftClientReply:client-535162E20057->7049f9e8-7de6-4c8c-bf4c-9bb5512f4299@group-3B5DE3AEDFC2, cid=3928, SUCCESS, logIndex=5980, commits[7049f9e8-7de6-4c8c-bf4c-9bb5512f4299:c5982, 13d9ac51-91bf-4c73-8824-2f58fc5b2747:c5978, 15cd3569-c751-4f18-b157-6804e7d0f08c:c5978]
2019-07-10 06:00:21,068 INFO  client.GrpcClientProtocolClient (GrpcClientProtocolClient.java:onNext(255)) - client-535162E20057->7049f9e8-7de6-4c8c-bf4c-9bb5512f4299: receive RaftClientReply:client-535162E20057->7049f9e8-7de6-4c8c-bf4c-9bb5512f4299@group-3B5DE3AEDFC2, cid=3929, SUCCESS, logIndex=5981, commits[7049f9e8-7de6-4c8c-bf4c-9bb5512f4299:c5982, 13d9ac51-91bf-4c73-8824-2f58fc5b2747:c5978, 15cd3569-c751-4f18-b157-6804e7d0f08c:c5978]
2019-07-10 06:00:21,068 INFO  client.GrpcClientProtocolClient (GrpcClientProtocolClient.java:onNext(255)) - client-535162E20057->7049f9e8-7de6-4c8c-bf4c-9bb5512f4299: receive RaftClientReply:client-535162E20057->7049f9e8-7de6-4c8c-bf4c-9bb5512f4299@group-3B5DE3AEDFC2, cid=3930, SUCCESS, logIndex=5982, commits[7049f9e8-7de6-4c8c-bf4c-9bb5512f4299:c5982, 13d9ac51-91bf-4c73-8824-2f58fc5b2747:c5978, 15cd3569-c751-4f18-b157-6804e7d0f08c:c5978]
2019-07-10 06:00:21,070 INFO  client.GrpcClientProtocolClient (GrpcClientProtocolClient.java:onNext(255)) - client-535162E20057->7049f9e8-7de6-4c8c-bf4c-9bb5512f4299: receive RaftClientReply:client-535162E20057->7049f9e8-7de6-4c8c-bf4c-9bb5512f4299@group-3B5DE3AEDFC2, cid=3931, SUCCESS, logIndex=0, commits[7049f9e8-7de6-4c8c-bf4c-9bb5512f4299:c5983, 13d9ac51-91bf-4c73-8824-2f58fc5b2747:c5980, 15cd3569-c751-4f18-b157-6804e7d0f08c:c5980]
2019-07-10 06:00:21,094 INFO  client.GrpcClientProtocolClient (GrpcClientProtocolClient.java:onNext(255)) - client-535162E20057->7049f9e8-7de6-4c8c-bf4c-9bb5512f4299: receive RaftClientReply:client-535162E20057->7049f9e8-7de6-4c8c-bf4c-9bb5512f4299@group-3B5DE3AEDFC2, cid=3932, SUCCESS, logIndex=5986, commits[7049f9e8-7de6-4c8c-bf4c-9bb5512f4299:c5987, 13d9ac51-91bf-4c73-8824-2f58fc5b2747:c5982, 15cd3569-c751-4f18-b157-6804e7d0f08c:c5983]
2019-07-10 06:00:21,094 INFO  client.GrpcClientProtocolClient (GrpcClientProtocolClient.java:onNext(255)) - client-535162E20057->7049f9e8-7de6-4c8c-bf4c-9bb5512f4299: receive RaftClientReply:client-535162E20057->7049f9e8-7de6-4c8c-bf4c-9bb5512f4299@group-3B5DE3AEDFC2, cid=3933, SUCCESS, logIndex=5987, commits[7049f9e8-7de6-4c8c-bf4c-9bb5512f4299:c5987, 13d9ac51-91bf-4c73-8824-2f58fc5b2747:c5983, 15cd3569-c751-4f18-b157-6804e7d0f08c:c5983]
2019-07-10 06:00:21,110 INFO  client.GrpcClientProtocolClient (GrpcClientProtocolClient.java:onNext(255)) - client-535162E20057->7049f9e8-7de6-4c8c-bf4c-9bb5512f4299: receive RaftClientReply:client-535162E20057->7049f9e8-7de6-4c8c-bf4c-9bb5512f4299@group-3B5DE3AEDFC2, cid=3934, SUCCESS, logIndex=5990, commits[7049f9e8-7de6-4c8c-bf4c-9bb5512f4299:c5991, 13d9ac51-91bf-4c73-8824-2f58fc5b2747:c5988, 15cd3569-c751-4f18-b157-6804e7d0f08c:c5987]
2019-07-10 06:00:21,110 INFO  client.GrpcClientProtocolClient (GrpcClientProtocolClient.java:onNext(255)) - client-535162E20057->7049f9e8-7de6-4c8c-bf4c-9bb5512f4299: receive RaftClientReply:client-535162E20057->7049f9e8-7de6-4c8c-bf4c-9bb5512f4299@group-3B5DE3AEDFC2, cid=3935, SUCCESS, logIndex=5991, commits[7049f9e8-7de6-4c8c-bf4c-9bb5512f4299:c5991, 13d9ac51-91bf-4c73-8824-2f58fc5b2747:c5988, 15cd3569-c751-4f18-b157-6804e7d0f08c:c5988]
2019-07-10 06:00:21,113 INFO  client.GrpcClientProtocolClient (GrpcClientProtocolClient.java:onNext(255)) - client-535162E20057->7049f9e8-7de6-4c8c-bf4c-9bb5512f4299: receive RaftClientReply:client-535162E20057->7049f9e8-7de6-4c8c-bf4c-9bb5512f4299@group-3B5DE3AEDFC2, cid=3936, SUCCESS, logIndex=0, commits[7049f9e8-7de6-4c8c-bf4c-9bb5512f4299:c5992, 13d9ac51-91bf-4c73-8824-2f58fc5b2747:c5991, 15cd3569-c751-4f18-b157-6804e7d0f08c:c5991]
2019-07-10 06:00:21,144 INFO  client.GrpcClientProtocolClient (GrpcClientProtocolClient.java:onNext(255)) - client-535162E20057->7049f9e8-7de6-4c8c-bf4c-9bb5512f4299: receive RaftClientReply:client-535162E20057->7049f9e8-7de6-4c8c-bf4c-9bb5512f4299@group-3B5DE3AEDFC2, cid=3937, SUCCESS, logIndex=5994, commits[7049f9e8-7de6-4c8c-bf4c-9bb5512f4299:c5995, 13d9ac51-91bf-4c73-8824-2f58fc5b2747:c5993, 15cd3569-c751-4f18-b157-6804e7d0f08c:c5993]
2019-07-10 06:00:21,145 INFO  client.GrpcClientProtocolClient (GrpcClientProtocolClient.java:onNext(255)) - client-535162E20057->7049f9e8-7de6-4c8c-bf4c-9bb5512f4299: receive RaftClientReply:client-535162E20057->7049f9e8-7de6-4c8c-bf4c-9bb5512f4299@group-3B5DE3AEDFC2, cid=3938, SUCCESS, logIndex=5995, commits[7049f9e8-7de6-4c8c-bf4c-9bb5512f4299:c5995, 13d9ac51-91bf-4c73-8824-2f58fc5b2747:c5993, 15cd3569-c751-4f18-b157-6804e7d0f08c:c5993]
2019-07-10 06:00:21,145 INFO  client.GrpcClientProtocolClient (GrpcClientProtocolClient.java:onNext(255)) - client-535162E20057->7049f9e8-7de6-4c8c-bf4c-9bb5512f4299: receive RaftClientReply:client-535162E20057->7049f9e8-7de6-4c8c-bf4c-9bb5512f4299@group-3B5DE3AEDFC2, cid=3939, SUCCESS, logIndex=5996, commits[7049f9e8-7de6-4c8c-bf4c-9bb5512f4299:c5996, 13d9ac51-91bf-4c73-8824-2f58fc5b2747:c5993, 15cd3569-c751-4f18-b157-6804e7d0f08c:c5993]
2019-07-10 06:00:21,146 INFO  client.GrpcClientProtocolClient (GrpcClientProtocolClient.java:onNext(255)) - client-535162E20057->7049f9e8-7de6-4c8c-bf4c-9bb5512f4299: receive RaftClientReply:client-535162E20057->7049f9e8-7de6-4c8c-bf4c-9bb5512f4299@group-3B5DE3AEDFC2, cid=3940, SUCCESS, logIndex=5997, commits[7049f9e8-7de6-4c8c-bf4c-9bb5512f4299:c5997, 13d9ac51-91bf-4c73-8824-2f58fc5b2747:c5993, 15cd3569-c751-4f18-b157-6804e7d0f08c:c5993]
2019-07-10 06:00:21,159 INFO  client.GrpcClientProtocolClient (GrpcClientProtocolClient.java:onNext(255)) - client-535162E20057->7049f9e8-7de6-4c8c-bf4c-9bb5512f4299: receive RaftClientReply:client-535162E20057->7049f9e8-7de6-4c8c-bf4c-9bb5512f4299@group-3B5DE3AEDFC2, cid=3941, SUCCESS, logIndex=0, commits[7049f9e8-7de6-4c8c-bf4c-9bb5512f4299:c5999, 13d9ac51-91bf-4c73-8824-2f58fc5b2747:c5995, 15cd3569-c751-4f18-b157-6804e7d0f08c:c5995]
2019-07-10 06:00:21,179 INFO  client.GrpcClientProtocolClient (GrpcClientProtocolClient.java:onNext(255)) - client-535162E20057->7049f9e8-7de6-4c8c-bf4c-9bb5512f4299: receive RaftClientReply:client-535162E20057->7049f9e8-7de6-4c8c-bf4c-9bb5512f4299@group-3B5DE3AEDFC2, cid=3942, SUCCESS, logIndex=6002, commits[7049f9e8-7de6-4c8c-bf4c-9bb5512f4299:c6003, 13d9ac51-91bf-4c73-8824-2f58fc5b2747:c6001, 15cd3569-c751-4f18-b157-6804e7d0f08c:c6001]
2019-07-10 06:00:21,179 INFO  client.GrpcClientProtocolClient (GrpcClientProtocolClient.java:onNext(255)) - client-535162E20057->7049f9e8-7de6-4c8c-bf4c-9bb5512f4299: receive RaftClientReply:client-535162E20057->7049f9e8-7de6-4c8c-bf4c-9bb5512f4299@group-3B5DE3AEDFC2, cid=3943, SUCCESS, logIndex=6003, commits[7049f9e8-7de6-4c8c-bf4c-9bb5512f4299:c6003, 13d9ac51-91bf-4c73-8824-2f58fc5b2747:c6001, 15cd3569-c751-4f18-b157-6804e7d0f08c:c6001]
2019-07-10 06:00:21,194 INFO  client.GrpcClientProtocolClient (GrpcClientProtocolClient.java:onNext(255)) - client-535162E20057->7049f9e8-7de6-4c8c-bf4c-9bb5512f4299: receive RaftClientReply:client-535162E20057->7049f9e8-7de6-4c8c-bf4c-9bb5512f4299@group-3B5DE3AEDFC2, cid=3944, SUCCESS, logIndex=6006, commits[7049f9e8-7de6-4c8c-bf4c-9bb5512f4299:c6007, 13d9ac51-91bf-4c73-8824-2f58fc5b2747:c6003, 15cd3569-c751-4f18-b157-6804e7d0f08c:c6003]
2019-07-10 06:00:21,194 INFO  client.GrpcClientProtocolClient (GrpcClientProtocolClient.java:onNext(255)) - client-535162E20057->7049f9e8-7de6-4c8c-bf4c-9bb5512f4299: receive RaftClientReply:client-535162E20057->7049f9e8-7de6-4c8c-bf4c-9bb5512f4299@group-3B5DE3AEDFC2, cid=3945, SUCCESS, logIndex=6007, commits[7049f9e8-7de6-4c8c-bf4c-9bb5512f4299:c6007, 13d9ac51-91bf-4c73-8824-2f58fc5b2747:c6003, 15cd3569-c751-4f18-b157-6804e7d0f08c:c6003]
2019-07-10 06:00:21,206 INFO  client.GrpcClientProtocolClient (GrpcClientProtocolClient.java:onNext(255)) - client-535162E20057->7049f9e8-7de6-4c8c-bf4c-9bb5512f4299: receive RaftClientReply:client-535162E20057->7049f9e8-7de6-4c8c-bf4c-9bb5512f4299@group-3B5DE3AEDFC2, cid=3946, SUCCESS, logIndex=0, commits[7049f9e8-7de6-4c8c-bf4c-9bb5512f4299:c6008, 13d9ac51-91bf-4c73-8824-2f58fc5b2747:c6007, 15cd3569-c751-4f18-b157-6804e7d0f08c:c6007]
2019-07-10 06:00:21,236 INFO  client.GrpcClientProtocolClient (GrpcClientProtocolClient.java:onNext(255)) - client-535162E20057->7049f9e8-7de6-4c8c-bf4c-9bb5512f4299: receive RaftClientReply:client-535162E20057->7049f9e8-7de6-4c8c-bf4c-9bb5512f4299@group-3B5DE3AEDFC2, cid=3947, SUCCESS, logIndex=6010, commits[7049f9e8-7de6-4c8c-bf4c-9bb5512f4299:c6011, 13d9ac51-91bf-4c73-8824-2f58fc5b2747:c6009, 15cd3569-c751-4f18-b157-6804e7d0f08c:c6009]
2019-07-10 06:00:21,236 INFO  client.GrpcClientProtocolClient (GrpcClientProtocolClient.java:onNext(255)) - client-535162E20057->7049f9e8-7de6-4c8c-bf4c-9bb5512f4299: receive RaftClientReply:client-535162E20057->7049f9e8-7de6-4c8c-bf4c-9bb5512f4299@group-3B5DE3AEDFC2, cid=3948, SUCCESS, logIndex=6011, commits[7049f9e8-7de6-4c8c-bf4c-9bb5512f4299:c6011, 13d9ac51-91bf-4c73-8824-2f58fc5b2747:c6009, 15cd3569-c751-4f18-b157-6804e7d0f08c:c6009]
2019-07-10 06:00:21,238 INFO  client.GrpcClientProtocolClient (GrpcClientProtocolClient.java:onNext(255)) - client-535162E20057->7049f9e8-7de6-4c8c-bf4c-9bb5512f4299: receive RaftClientReply:client-535162E20057->7049f9e8-7de6-4c8c-bf4c-9bb5512f4299@group-3B5DE3AEDFC2, cid=3949, SUCCESS, logIndex=6012, commits[7049f9e8-7de6-4c8c-bf4c-9bb5512f4299:c6013, 13d9ac51-91bf-4c73-8824-2f58fc5b2747:c6009, 15cd3569-c751-4f18-b157-6804e7d0f08c:c6009]
2019-07-10 06:00:21,238 INFO  client.GrpcClientProtocolClient (GrpcClientProtocolClient.java:onNext(255)) - client-535162E20057->7049f9e8-7de6-4c8c-bf4c-9bb5512f4299: receive RaftClientReply:client-535162E20057->7049f9e8-7de6-4c8c-bf4c-9bb5512f4299@group-3B5DE3AEDFC2, cid=3950, SUCCESS, logIndex=6013, commits[7049f9e8-7de6-4c8c-bf4c-9bb5512f4299:c6013, 13d9ac51-91bf-4c73-8824-2f58fc5b2747:c6009, 15cd3569-c751-4f18-b157-6804e7d0f08c:c6009]
2019-07-10 06:00:21,242 INFO  client.GrpcClientProtocolClient (GrpcClientProtocolClient.java:onNext(255)) - client-535162E20057->7049f9e8-7de6-4c8c-bf4c-9bb5512f4299: receive RaftClientReply:client-535162E20057->7049f9e8-7de6-4c8c-bf4c-9bb5512f4299@group-3B5DE3AEDFC2, cid=3951, SUCCESS, logIndex=0, commits[7049f9e8-7de6-4c8c-bf4c-9bb5512f4299:c6015, 13d9ac51-91bf-4c73-8824-2f58fc5b2747:c6011, 15cd3569-c751-4f18-b157-6804e7d0f08c:c6011]
2019-07-10 06:00:21,254 INFO  client.GrpcClientProtocolClient (GrpcClientProtocolClient.java:onNext(255)) - client-535162E20057->7049f9e8-7de6-4c8c-bf4c-9bb5512f4299: receive RaftClientReply:client-535162E20057->7049f9e8-7de6-4c8c-bf4c-9bb5512f4299@group-3B5DE3AEDFC2, cid=3952, SUCCESS, logIndex=6017, commits[7049f9e8-7de6-4c8c-bf4c-9bb5512f4299:c6018, 13d9ac51-91bf-4c73-8824-2f58fc5b2747:c6013, 15cd3569-c751-4f18-b157-6804e7d0f08c:c6016]
2019-07-10 06:00:21,255 INFO  client.GrpcClientProtocolClient (GrpcClientProtocolClient.java:onNext(255)) - client-535162E20057->7049f9e8-7de6-4c8c-bf4c-9bb5512f4299: receive RaftClientReply:client-535162E20057->7049f9e8-7de6-4c8c-bf4c-9bb5512f4299@group-3B5DE3AEDFC2, cid=3953, SUCCESS, logIndex=6018, commits[7049f9e8-7de6-4c8c-bf4c-9bb5512f4299:c6018, 13d9ac51-91bf-4c73-8824-2f58fc5b2747:c6016, 15cd3569-c751-4f18-b157-6804e7d0f08c:c6016]
2019-07-10 06:00:21,266 INFO  client.GrpcClientProtocolClient (GrpcClientProtocolClient.java:onNext(255)) - client-535162E20057->7049f9e8-7de6-4c8c-bf4c-9bb5512f4299: receive RaftClientReply:client-535162E20057->7049f9e8-7de6-4c8c-bf4c-9bb5512f4299@group-3B5DE3AEDFC2, cid=3954, SUCCESS, logIndex=6021, commits[7049f9e8-7de6-4c8c-bf4c-9bb5512f4299:c6022, 13d9ac51-91bf-4c73-8824-2f58fc5b2747:c6020, 15cd3569-c751-4f18-b157-6804e7d0f08c:c6020]
2019-07-10 06:00:21,267 INFO  client.GrpcClientProtocolClient (GrpcClientProtocolClient.java:onNext(255)) - client-535162E20057->7049f9e8-7de6-4c8c-bf4c-9bb5512f4299: receive RaftClientReply:client-535162E20057->7049f9e8-7de6-4c8c-bf4c-9bb5512f4299@group-3B5DE3AEDFC2, cid=3955, SUCCESS, logIndex=6022, commits[7049f9e8-7de6-4c8c-bf4c-9bb5512f4299:c6022, 13d9ac51-91bf-4c73-8824-2f58fc5b2747:c6020, 15cd3569-c751-4f18-b157-6804e7d0f08c:c6020]
2019-07-10 06:00:21,268 INFO  client.GrpcClientProtocolClient (GrpcClientProtocolClient.java:onNext(255)) - client-535162E20057->7049f9e8-7de6-4c8c-bf4c-9bb5512f4299: receive RaftClientReply:client-535162E20057->7049f9e8-7de6-4c8c-bf4c-9bb5512f4299@group-3B5DE3AEDFC2, cid=3956, SUCCESS, logIndex=0, commits[7049f9e8-7de6-4c8c-bf4c-9bb5512f4299:c6023, 13d9ac51-91bf-4c73-8824-2f58fc5b2747:c6022, 15cd3569-c751-4f18-b157-6804e7d0f08c:c6022]
2019-07-10 06:00:21,302 INFO  client.GrpcClientProtocolClient (GrpcClientProtocolClient.java:onNext(255)) - client-535162E20057->7049f9e8-7de6-4c8c-bf4c-9bb5512f4299: receive RaftClientReply:client-535162E20057->7049f9e8-7de6-4c8c-bf4c-9bb5512f4299@group-3B5DE3AEDFC2, cid=3957, SUCCESS, logIndex=6025, commits[7049f9e8-7de6-4c8c-bf4c-9bb5512f4299:c6027, 13d9ac51-91bf-4c73-8824-2f58fc5b2747:c6024, 15cd3569-c751-4f18-b157-6804e7d0f08c:c6024]
2019-07-10 06:00:21,302 INFO  client.GrpcClientProtocolClient (GrpcClientProtocolClient.java:onNext(255)) - client-535162E20057->7049f9e8-7de6-4c8c-bf4c-9bb5512f4299: receive RaftClientReply:client-535162E20057->7049f9e8-7de6-4c8c-bf4c-9bb5512f4299@group-3B5DE3AEDFC2, cid=3958, SUCCESS, logIndex=6026, commits[7049f9e8-7de6-4c8c-bf4c-9bb5512f4299:c6028, 13d9ac51-91bf-4c73-8824-2f58fc5b2747:c6024, 15cd3569-c751-4f18-b157-6804e7d0f08c:c6024]
2019-07-10 06:00:21,303 INFO  client.GrpcClientProtocolClient (GrpcClientProtocolClient.java:onNext(255)) - client-535162E20057->7049f9e8-7de6-4c8c-bf4c-9bb5512f4299: receive RaftClientReply:client-535162E20057->7049f9e8-7de6-4c8c-bf4c-9bb5512f4299@group-3B5DE3AEDFC2, cid=3959, SUCCESS, logIndex=6027, commits[7049f9e8-7de6-4c8c-bf4c-9bb5512f4299:c6028, 13d9ac51-91bf-4c73-8824-2f58fc5b2747:c6024, 15cd3569-c751-4f18-b157-6804e7d0f08c:c6024]
2019-07-10 06:00:21,303 INFO  client.GrpcClientProtocolClient (GrpcClientProtocolClient.java:onNext(255)) - client-535162E20057->7049f9e8-7de6-4c8c-bf4c-9bb5512f4299: receive RaftClientReply:client-535162E20057->7049f9e8-7de6-4c8c-bf4c-9bb5512f4299@group-3B5DE3AEDFC2, cid=3960, SUCCESS, logIndex=6028, commits[7049f9e8-7de6-4c8c-bf4c-9bb5512f4299:c6029, 13d9ac51-91bf-4c73-8824-2f58fc5b2747:c6024, 15cd3569-c751-4f18-b157-6804e7d0f08c:c6025]
2019-07-10 06:00:21,304 INFO  client.GrpcClientProtocolClient (GrpcClientProtocolClient.java:onNext(255)) - client-535162E20057->7049f9e8-7de6-4c8c-bf4c-9bb5512f4299: receive RaftClientReply:client-535162E20057->7049f9e8-7de6-4c8c-bf4c-9bb5512f4299@group-3B5DE3AEDFC2, cid=3961, SUCCESS, logIndex=0, commits[7049f9e8-7de6-4c8c-bf4c-9bb5512f4299:c6032, 13d9ac51-91bf-4c73-8824-2f58fc5b2747:c6027, 15cd3569-c751-4f18-b157-6804e7d0f08c:c6028]
2019-07-10 06:00:21,321 INFO  client.GrpcClientProtocolClient (GrpcClientProtocolClient.java:onNext(255)) - client-535162E20057->7049f9e8-7de6-4c8c-bf4c-9bb5512f4299: receive RaftClientReply:client-535162E20057->7049f9e8-7de6-4c8c-bf4c-9bb5512f4299@group-3B5DE3AEDFC2, cid=3962, SUCCESS, logIndex=6033, commits[7049f9e8-7de6-4c8c-bf4c-9bb5512f4299:c6034, 13d9ac51-91bf-4c73-8824-2f58fc5b2747:c6032, 15cd3569-c751-4f18-b157-6804e7d0f08c:c6032]
2019-07-10 06:00:21,322 INFO  client.GrpcClientProtocolClient (GrpcClientProtocolClient.java:onNext(255)) - client-535162E20057->7049f9e8-7de6-4c8c-bf4c-9bb5512f4299: receive RaftClientReply:client-535162E20057->7049f9e8-7de6-4c8c-bf4c-9bb5512f4299@group-3B5DE3AEDFC2, cid=3963, SUCCESS, logIndex=6034, commits[7049f9e8-7de6-4c8c-bf4c-9bb5512f4299:c6034, 13d9ac51-91bf-4c73-8824-2f58fc5b2747:c6032, 15cd3569-c751-4f18-b157-6804e7d0f08c:c6032]
2019-07-10 06:00:21,336 INFO  client.GrpcClientProtocolClient (GrpcClientProtocolClient.java:onNext(255)) - client-535162E20057->7049f9e8-7de6-4c8c-bf4c-9bb5512f4299: receive RaftClientReply:client-535162E20057->7049f9e8-7de6-4c8c-bf4c-9bb5512f4299@group-3B5DE3AEDFC2, cid=3964, SUCCESS, logIndex=6037, commits[7049f9e8-7de6-4c8c-bf4c-9bb5512f4299:c6038, 13d9ac51-91bf-4c73-8824-2f58fc5b2747:c6034, 15cd3569-c751-4f18-b157-6804e7d0f08c:c6034]
2019-07-10 06:00:21,336 INFO  client.GrpcClientProtocolClient (GrpcClientProtocolClient.java:onNext(255)) - client-535162E20057->7049f9e8-7de6-4c8c-bf4c-9bb5512f4299: receive RaftClientReply:client-535162E20057->7049f9e8-7de6-4c8c-bf4c-9bb5512f4299@group-3B5DE3AEDFC2, cid=3965, SUCCESS, logIndex=6038, commits[7049f9e8-7de6-4c8c-bf4c-9bb5512f4299:c6038, 13d9ac51-91bf-4c73-8824-2f58fc5b2747:c6034, 15cd3569-c751-4f18-b157-6804e7d0f08c:c6034]
2019-07-10 06:00:21,346 INFO  client.GrpcClientProtocolClient (GrpcClientProtocolClient.java:onNext(255)) - client-535162E20057->7049f9e8-7de6-4c8c-bf4c-9bb5512f4299: receive RaftClientReply:client-535162E20057->7049f9e8-7de6-4c8c-bf4c-9bb5512f4299@group-3B5DE3AEDFC2, cid=3966, SUCCESS, logIndex=0, commits[7049f9e8-7de6-4c8c-bf4c-9bb5512f4299:c6039, 13d9ac51-91bf-4c73-8824-2f58fc5b2747:c6038, 15cd3569-c751-4f18-b157-6804e7d0f08c:c6038]
2019-07-10 06:00:21,377 INFO  client.GrpcClientProtocolClient (GrpcClientProtocolClient.java:onNext(255)) - client-535162E20057->7049f9e8-7de6-4c8c-bf4c-9bb5512f4299: receive RaftClientReply:client-535162E20057->7049f9e8-7de6-4c8c-bf4c-9bb5512f4299@group-3B5DE3AEDFC2, cid=3967, SUCCESS, logIndex=6041, commits[7049f9e8-7de6-4c8c-bf4c-9bb5512f4299:c6042, 13d9ac51-91bf-4c73-8824-2f58fc5b2747:c6040, 15cd3569-c751-4f18-b157-6804e7d0f08c:c6040]
2019-07-10 06:00:21,378 INFO  client.GrpcClientProtocolClient (GrpcClientProtocolClient.java:onNext(255)) - client-535162E20057->7049f9e8-7de6-4c8c-bf4c-9bb5512f4299: receive RaftClientReply:client-535162E20057->7049f9e8-7de6-4c8c-bf4c-9bb5512f4299@group-3B5DE3AEDFC2, cid=3968, SUCCESS, logIndex=6042, commits[7049f9e8-7de6-4c8c-bf4c-9bb5512f4299:c6042, 13d9ac51-91bf-4c73-8824-2f58fc5b2747:c6040, 15cd3569-c751-4f18-b157-6804e7d0f08c:c6040]
2019-07-10 06:00:21,378 INFO  client.GrpcClientProtocolClient (GrpcClientProtocolClient.java:onNext(255)) - client-535162E20057->7049f9e8-7de6-4c8c-bf4c-9bb5512f4299: receive RaftClientReply:client-535162E20057->7049f9e8-7de6-4c8c-bf4c-9bb5512f4299@group-3B5DE3AEDFC2, cid=3969, SUCCESS, logIndex=6043, commits[7049f9e8-7de6-4c8c-bf4c-9bb5512f4299:c6044, 13d9ac51-91bf-4c73-8824-2f58fc5b2747:c6040, 15cd3569-c751-4f18-b157-6804e7d0f08c:c6040]
2019-07-10 06:00:21,378 INFO  client.GrpcClientProtocolClient (GrpcClientProtocolClient.java:onNext(255)) - client-535162E20057->7049f9e8-7de6-4c8c-bf4c-9bb5512f4299: receive RaftClientReply:client-535162E20057->7049f9e8-7de6-4c8c-bf4c-9bb5512f4299@group-3B5DE3AEDFC2, cid=3970, SUCCESS, logIndex=6044, commits[7049f9e8-7de6-4c8c-bf4c-9bb5512f4299:c6044, 13d9ac51-91bf-4c73-8824-2f58fc5b2747:c6040, 15cd3569-c751-4f18-b157-6804e7d0f08c:c6040]
2019-07-10 06:00:21,392 INFO  client.GrpcClientProtocolClient (GrpcClientProtocolClient.java:onNext(255)) - client-535162E20057->7049f9e8-7de6-4c8c-bf4c-9bb5512f4299: receive RaftClientReply:client-535162E20057->7049f9e8-7de6-4c8c-bf4c-9bb5512f4299@group-3B5DE3AEDFC2, cid=3971, SUCCESS, logIndex=0, commits[7049f9e8-7de6-4c8c-bf4c-9bb5512f4299:c6046, 13d9ac51-91bf-4c73-8824-2f58fc5b2747:c6042, 15cd3569-c751-4f18-b157-6804e7d0f08c:c6042]
2019-07-10 06:00:21,502 INFO  client.GrpcClientProtocolClient (GrpcClientProtocolClient.java:onNext(255)) - client-535162E20057->7049f9e8-7de6-4c8c-bf4c-9bb5512f4299: receive RaftClientReply:client-535162E20057->7049f9e8-7de6-4c8c-bf4c-9bb5512f4299@group-3B5DE3AEDFC2, cid=3972, SUCCESS, logIndex=6049, commits[7049f9e8-7de6-4c8c-bf4c-9bb5512f4299:c6050, 13d9ac51-91bf-4c73-8824-2f58fc5b2747:c6048, 15cd3569-c751-4f18-b157-6804e7d0f08c:c6048]
2019-07-10 06:00:21,502 INFO  client.GrpcClientProtocolClient (GrpcClientProtocolClient.java:onNext(255)) - client-535162E20057->7049f9e8-7de6-4c8c-bf4c-9bb5512f4299: receive RaftClientReply:client-535162E20057->7049f9e8-7de6-4c8c-bf4c-9bb5512f4299@group-3B5DE3AEDFC2, cid=3973, SUCCESS, logIndex=6050, commits[7049f9e8-7de6-4c8c-bf4c-9bb5512f4299:c6050, 13d9ac51-91bf-4c73-8824-2f58fc5b2747:c6048, 15cd3569-c751-4f18-b157-6804e7d0f08c:c6048]
2019-07-10 06:00:21,523 INFO  client.GrpcClientProtocolClient (GrpcClientProtocolClient.java:onNext(255)) - client-535162E20057->7049f9e8-7de6-4c8c-bf4c-9bb5512f4299: receive RaftClientReply:client-535162E20057->7049f9e8-7de6-4c8c-bf4c-9bb5512f4299@group-3B5DE3AEDFC2, cid=3974, SUCCESS, logIndex=6053, commits[7049f9e8-7de6-4c8c-bf4c-9bb5512f4299:c6053, 13d9ac51-91bf-4c73-8824-2f58fc5b2747:c6052, 15cd3569-c751-4f18-b157-6804e7d0f08c:c6052]
2019-07-10 06:00:21,523 INFO  client.GrpcClientProtocolClient (GrpcClientProtocolClient.java:onNext(255)) - client-535162E20057->7049f9e8-7de6-4c8c-bf4c-9bb5512f4299: receive RaftClientReply:client-535162E20057->7049f9e8-7de6-4c8c-bf4c-9bb5512f4299@group-3B5DE3AEDFC2, cid=3975, SUCCESS, logIndex=6054, commits[7049f9e8-7de6-4c8c-bf4c-9bb5512f4299:c6054, 13d9ac51-91bf-4c73-8824-2f58fc5b2747:c6052, 15cd3569-c751-4f18-b157-6804e7d0f08c:c6052]
2019-07-10 06:00:21,537 INFO  client.GrpcClientProtocolClient (GrpcClientProtocolClient.java:onNext(255)) - client-535162E20057->7049f9e8-7de6-4c8c-bf4c-9bb5512f4299: receive RaftClientReply:client-535162E20057->7049f9e8-7de6-4c8c-bf4c-9bb5512f4299@group-3B5DE3AEDFC2, cid=3976, SUCCESS, logIndex=0, commits[7049f9e8-7de6-4c8c-bf4c-9bb5512f4299:c6056, 13d9ac51-91bf-4c73-8824-2f58fc5b2747:c6054, 15cd3569-c751-4f18-b157-6804e7d0f08c:c6054]
2019-07-10 06:00:21,575 INFO  client.GrpcClientProtocolClient (GrpcClientProtocolClient.java:onNext(255)) - client-535162E20057->7049f9e8-7de6-4c8c-bf4c-9bb5512f4299: receive RaftClientReply:client-535162E20057->7049f9e8-7de6-4c8c-bf4c-9bb5512f4299@group-3B5DE3AEDFC2, cid=3977, SUCCESS, logIndex=6057, commits[7049f9e8-7de6-4c8c-bf4c-9bb5512f4299:c6057, 13d9ac51-91bf-4c73-8824-2f58fc5b2747:c6056, 15cd3569-c751-4f18-b157-6804e7d0f08c:c6056]
2019-07-10 06:00:21,576 INFO  client.GrpcClientProtocolClient (GrpcClientProtocolClient.java:onNext(255)) - client-535162E20057->7049f9e8-7de6-4c8c-bf4c-9bb5512f4299: receive RaftClientReply:client-535162E20057->7049f9e8-7de6-4c8c-bf4c-9bb5512f4299@group-3B5DE3AEDFC2, cid=3978, SUCCESS, logIndex=6058, commits[7049f9e8-7de6-4c8c-bf4c-9bb5512f4299:c6059, 13d9ac51-91bf-4c73-8824-2f58fc5b2747:c6056, 15cd3569-c751-4f18-b157-6804e7d0f08c:c6056]
2019-07-10 06:00:21,576 INFO  client.GrpcClientProtocolClient (GrpcClientProtocolClient.java:onNext(255)) - client-535162E20057->7049f9e8-7de6-4c8c-bf4c-9bb5512f4299: receive RaftClientReply:client-535162E20057->7049f9e8-7de6-4c8c-bf4c-9bb5512f4299@group-3B5DE3AEDFC2, cid=3979, SUCCESS, logIndex=6059, commits[7049f9e8-7de6-4c8c-bf4c-9bb5512f4299:c6060, 13d9ac51-91bf-4c73-8824-2f58fc5b2747:c6056, 15cd3569-c751-4f18-b157-6804e7d0f08c:c6056]
2019-07-10 06:00:21,576 INFO  client.GrpcClientProtocolClient (GrpcClientProtocolClient.java:onNext(255)) - client-535162E20057->7049f9e8-7de6-4c8c-bf4c-9bb5512f4299: receive RaftClientReply:client-535162E20057->7049f9e8-7de6-4c8c-bf4c-9bb5512f4299@group-3B5DE3AEDFC2, cid=3980, SUCCESS, logIndex=6060, commits[7049f9e8-7de6-4c8c-bf4c-9bb5512f4299:c6060, 13d9ac51-91bf-4c73-8824-2f58fc5b2747:c6056, 15cd3569-c751-4f18-b157-6804e7d0f08c:c6056]
2019-07-10 06:00:21,590 INFO  client.GrpcClientProtocolClient (GrpcClientProtocolClient.java:onNext(255)) - client-535162E20057->7049f9e8-7de6-4c8c-bf4c-9bb5512f4299: receive RaftClientReply:client-535162E20057->7049f9e8-7de6-4c8c-bf4c-9bb5512f4299@group-3B5DE3AEDFC2, cid=3981, SUCCESS, logIndex=0, commits[7049f9e8-7de6-4c8c-bf4c-9bb5512f4299:c6064, 13d9ac51-91bf-4c73-8824-2f58fc5b2747:c6060, 15cd3569-c751-4f18-b157-6804e7d0f08c:c6058]
2019-07-10 06:00:21,611 INFO  client.GrpcClientProtocolClient (GrpcClientProtocolClient.java:onNext(255)) - client-535162E20057->7049f9e8-7de6-4c8c-bf4c-9bb5512f4299: receive RaftClientReply:client-535162E20057->7049f9e8-7de6-4c8c-bf4c-9bb5512f4299@group-3B5DE3AEDFC2, cid=3982, SUCCESS, logIndex=6065, commits[7049f9e8-7de6-4c8c-bf4c-9bb5512f4299:c6066, 13d9ac51-91bf-4c73-8824-2f58fc5b2747:c6064, 15cd3569-c751-4f18-b157-6804e7d0f08c:c6064]
2019-07-10 06:00:21,611 INFO  client.GrpcClientProtocolClient (GrpcClientProtocolClient.java:onNext(255)) - client-535162E20057->7049f9e8-7de6-4c8c-bf4c-9bb5512f4299: receive RaftClientReply:client-535162E20057->7049f9e8-7de6-4c8c-bf4c-9bb5512f4299@group-3B5DE3AEDFC2, cid=3983, SUCCESS, logIndex=6066, commits[7049f9e8-7de6-4c8c-bf4c-9bb5512f4299:c6066, 13d9ac51-91bf-4c73-8824-2f58fc5b2747:c6064, 15cd3569-c751-4f18-b157-6804e7d0f08c:c6064]
2019-07-10 06:00:21,636 INFO  client.GrpcClientProtocolClient (GrpcClientProtocolClient.java:onNext(255)) - client-535162E20057->7049f9e8-7de6-4c8c-bf4c-9bb5512f4299: receive RaftClientReply:client-535162E20057->7049f9e8-7de6-4c8c-bf4c-9bb5512f4299@group-3B5DE3AEDFC2, cid=3984, SUCCESS, logIndex=6069, commits[7049f9e8-7de6-4c8c-bf4c-9bb5512f4299:c6070, 13d9ac51-91bf-4c73-8824-2f58fc5b2747:c6066, 15cd3569-c751-4f18-b157-6804e7d0f08c:c6065]
2019-07-10 06:00:21,637 INFO  client.GrpcClientProtocolClient (GrpcClientProtocolClient.java:onNext(255)) - client-535162E20057->7049f9e8-7de6-4c8c-bf4c-9bb5512f4299: receive RaftClientReply:client-535162E20057->7049f9e8-7de6-4c8c-bf4c-9bb5512f4299@group-3B5DE3AEDFC2, cid=3985, SUCCESS, logIndex=6070, commits[7049f9e8-7de6-4c8c-bf4c-9bb5512f4299:c6070, 13d9ac51-91bf-4c73-8824-2f58fc5b2747:c6066, 15cd3569-c751-4f18-b157-6804e7d0f08c:c6066]
2019-07-10 06:00:21,639 INFO  client.GrpcClientProtocolClient (GrpcClientProtocolClient.java:onNext(255)) - client-535162E20057->7049f9e8-7de6-4c8c-bf4c-9bb5512f4299: receive RaftClientReply:client-535162E20057->7049f9e8-7de6-4c8c-bf4c-9bb5512f4299@group-3B5DE3AEDFC2, cid=3986, SUCCESS, logIndex=0, commits[7049f9e8-7de6-4c8c-bf4c-9bb5512f4299:c6072, 13d9ac51-91bf-4c73-8824-2f58fc5b2747:c6070, 15cd3569-c751-4f18-b157-6804e7d0f08c:c6070]
2019-07-10 06:00:21,674 INFO  client.GrpcClientProtocolClient (GrpcClientProtocolClient.java:onNext(255)) - client-535162E20057->7049f9e8-7de6-4c8c-bf4c-9bb5512f4299: receive RaftClientReply:client-535162E20057->7049f9e8-7de6-4c8c-bf4c-9bb5512f4299@group-3B5DE3AEDFC2, cid=3987, SUCCESS, logIndex=6073, commits[7049f9e8-7de6-4c8c-bf4c-9bb5512f4299:c6075, 13d9ac51-91bf-4c73-8824-2f58fc5b2747:c6072, 15cd3569-c751-4f18-b157-6804e7d0f08c:c6072]
2019-07-10 06:00:21,675 INFO  client.GrpcClientProtocolClient (GrpcClientProtocolClient.java:onNext(255)) - client-535162E20057->7049f9e8-7de6-4c8c-bf4c-9bb5512f4299: receive RaftClientReply:client-535162E20057->7049f9e8-7de6-4c8c-bf4c-9bb5512f4299@group-3B5DE3AEDFC2, cid=3988, SUCCESS, logIndex=6074, commits[7049f9e8-7de6-4c8c-bf4c-9bb5512f4299:c6076, 13d9ac51-91bf-4c73-8824-2f58fc5b2747:c6072, 15cd3569-c751-4f18-b157-6804e7d0f08c:c6072]
2019-07-10 06:00:21,675 INFO  client.GrpcClientProtocolClient (GrpcClientProtocolClient.java:onNext(255)) - client-535162E20057->7049f9e8-7de6-4c8c-bf4c-9bb5512f4299: receive RaftClientReply:client-535162E20057->7049f9e8-7de6-4c8c-bf4c-9bb5512f4299@group-3B5DE3AEDFC2, cid=3989, SUCCESS, logIndex=6075, commits[7049f9e8-7de6-4c8c-bf4c-9bb5512f4299:c6076, 13d9ac51-91bf-4c73-8824-2f58fc5b2747:c6072, 15cd3569-c751-4f18-b157-6804e7d0f08c:c6072]
2019-07-10 06:00:21,675 INFO  client.GrpcClientProtocolClient (GrpcClientProtocolClient.java:onNext(255)) - client-535162E20057->7049f9e8-7de6-4c8c-bf4c-9bb5512f4299: receive RaftClientReply:client-535162E20057->7049f9e8-7de6-4c8c-bf4c-9bb5512f4299@group-3B5DE3AEDFC2, cid=3990, SUCCESS, logIndex=6076, commits[7049f9e8-7de6-4c8c-bf4c-9bb5512f4299:c6077, 13d9ac51-91bf-4c73-8824-2f58fc5b2747:c6072, 15cd3569-c751-4f18-b157-6804e7d0f08c:c6074]
2019-07-10 06:00:21,676 INFO  client.GrpcClientProtocolClient (GrpcClientProtocolClient.java:onNext(255)) - client-535162E20057->7049f9e8-7de6-4c8c-bf4c-9bb5512f4299: receive RaftClientReply:client-535162E20057->7049f9e8-7de6-4c8c-bf4c-9bb5512f4299@group-3B5DE3AEDFC2, cid=3991, SUCCESS, logIndex=0, commits[7049f9e8-7de6-4c8c-bf4c-9bb5512f4299:c6077, 13d9ac51-91bf-4c73-8824-2f58fc5b2747:c6074, 15cd3569-c751-4f18-b157-6804e7d0f08c:c6074]
2019-07-10 06:00:21,691 INFO  client.GrpcClientProtocolClient (GrpcClientProtocolClient.java:onNext(255)) - client-535162E20057->7049f9e8-7de6-4c8c-bf4c-9bb5512f4299: receive RaftClientReply:client-535162E20057->7049f9e8-7de6-4c8c-bf4c-9bb5512f4299@group-3B5DE3AEDFC2, cid=3992, SUCCESS, logIndex=6081, commits[7049f9e8-7de6-4c8c-bf4c-9bb5512f4299:c6082, 13d9ac51-91bf-4c73-8824-2f58fc5b2747:c6076, 15cd3569-c751-4f18-b157-6804e7d0f08c:c6079]
2019-07-10 06:00:21,691 INFO  client.GrpcClientProtocolClient (GrpcClientProtocolClient.java:onNext(255)) - client-535162E20057->7049f9e8-7de6-4c8c-bf4c-9bb5512f4299: receive RaftClientReply:client-535162E20057->7049f9e8-7de6-4c8c-bf4c-9bb5512f4299@group-3B5DE3AEDFC2, cid=3993, SUCCESS, logIndex=6082, commits[7049f9e8-7de6-4c8c-bf4c-9bb5512f4299:c6082, 13d9ac51-91bf-4c73-8824-2f58fc5b2747:c6079, 15cd3569-c751-4f18-b157-6804e7d0f08c:c6079]
2019-07-10 06:00:21,712 INFO  client.GrpcClientProtocolClient (GrpcClientProtocolClient.java:onNext(255)) - client-535162E20057->7049f9e8-7de6-4c8c-bf4c-9bb5512f4299: receive RaftClientReply:client-535162E20057->7049f9e8-7de6-4c8c-bf4c-9bb5512f4299@group-3B5DE3AEDFC2, cid=3994, SUCCESS, logIndex=6084, commits[7049f9e8-7de6-4c8c-bf4c-9bb5512f4299:c6085, 13d9ac51-91bf-4c73-8824-2f58fc5b2747:c6083, 15cd3569-c751-4f18-b157-6804e7d0f08c:c6083]
2019-07-10 06:00:21,712 INFO  client.GrpcClientProtocolClient (GrpcClientProtocolClient.java:onNext(255)) - client-535162E20057->7049f9e8-7de6-4c8c-bf4c-9bb5512f4299: receive RaftClientReply:client-535162E20057->7049f9e8-7de6-4c8c-bf4c-9bb5512f4299@group-3B5DE3AEDFC2, cid=3995, SUCCESS, logIndex=6085, commits[7049f9e8-7de6-4c8c-bf4c-9bb5512f4299:c6085, 13d9ac51-91bf-4c73-8824-2f58fc5b2747:c6083, 15cd3569-c751-4f18-b157-6804e7d0f08c:c6083]
2019-07-10 06:00:21,726 INFO  client.GrpcClientProtocolClient (GrpcClientProtocolClient.java:onNext(255)) - client-535162E20057->7049f9e8-7de6-4c8c-bf4c-9bb5512f4299: receive RaftClientReply:client-535162E20057->7049f9e8-7de6-4c8c-bf4c-9bb5512f4299@group-3B5DE3AEDFC2, cid=3996, SUCCESS, logIndex=0, commits[7049f9e8-7de6-4c8c-bf4c-9bb5512f4299:c6087, 13d9ac51-91bf-4c73-8824-2f58fc5b2747:c6085, 15cd3569-c751-4f18-b157-6804e7d0f08c:c6085]
 0.00% |█                                                                                                    |  0/1 Time: 0:00:46 0.00% |█                                                                                                    |  0/1 Time: 0:00:472019-07-10 06:00:23,130 INFO  client.GrpcClientProtocolClient (GrpcClientProtocolClient.java:onNext(255)) - client-535162E20057->7049f9e8-7de6-4c8c-bf4c-9bb5512f4299: receive RaftClientReply:client-535162E20057->7049f9e8-7de6-4c8c-bf4c-9bb5512f4299@group-3B5DE3AEDFC2, cid=3997, SUCCESS, logIndex=6088, commits[7049f9e8-7de6-4c8c-bf4c-9bb5512f4299:c6089, 13d9ac51-91bf-4c73-8824-2f58fc5b2747:c6087, 15cd3569-c751-4f18-b157-6804e7d0f08c:c6087]
2019-07-10 06:00:23,131 INFO  client.GrpcClientProtocolClient (GrpcClientProtocolClient.java:onNext(255)) - client-535162E20057->7049f9e8-7de6-4c8c-bf4c-9bb5512f4299: receive RaftClientReply:client-535162E20057->7049f9e8-7de6-4c8c-bf4c-9bb5512f4299@group-3B5DE3AEDFC2, cid=3998, SUCCESS, logIndex=6089, commits[7049f9e8-7de6-4c8c-bf4c-9bb5512f4299:c6091, 13d9ac51-91bf-4c73-8824-2f58fc5b2747:c6087, 15cd3569-c751-4f18-b157-6804e7d0f08c:c6087]
2019-07-10 06:00:23,131 INFO  client.GrpcClientProtocolClient (GrpcClientProtocolClient.java:onNext(255)) - client-535162E20057->7049f9e8-7de6-4c8c-bf4c-9bb5512f4299: receive RaftClientReply:client-535162E20057->7049f9e8-7de6-4c8c-bf4c-9bb5512f4299@group-3B5DE3AEDFC2, cid=3999, SUCCESS, logIndex=6090, commits[7049f9e8-7de6-4c8c-bf4c-9bb5512f4299:c6091, 13d9ac51-91bf-4c73-8824-2f58fc5b2747:c6087, 15cd3569-c751-4f18-b157-6804e7d0f08c:c6087]
2019-07-10 06:00:23,131 INFO  client.GrpcClientProtocolClient (GrpcClientProtocolClient.java:onNext(255)) - client-535162E20057->7049f9e8-7de6-4c8c-bf4c-9bb5512f4299: receive RaftClientReply:client-535162E20057->7049f9e8-7de6-4c8c-bf4c-9bb5512f4299@group-3B5DE3AEDFC2, cid=4000, SUCCESS, logIndex=6091, commits[7049f9e8-7de6-4c8c-bf4c-9bb5512f4299:c6091, 13d9ac51-91bf-4c73-8824-2f58fc5b2747:c6087, 15cd3569-c751-4f18-b157-6804e7d0f08c:c6087]
 0.00% |█                                                                                                    |  0/1 Time: 0:00:48 0.00% |█                                                                                                    |  0/1 Time: 0:00:49 0.00% |█                                                                                                    |  0/1 Time: 0:00:502019-07-10 06:00:26,129 WARN  server.GrpcLogAppender (GrpcLogAppender.java:timeoutAppendRequest(200)) - GrpcLogAppender(7049f9e8-7de6-4c8c-bf4c-9bb5512f4299->15cd3569-c751-4f18-b157-6804e7d0f08c): appendEntries Timeout, request=7049f9e8-7de6-4c8c-bf4c-9bb5512f4299->15cd3569-c751-4f18-b157-6804e7d0f08c#6150-t1, previous=(t:1, i:6091), leaderCommit=6088, initializing? false, entries: size=1, first=(t:1, i:6092), METADATAENTRY(c6088)
2019-07-10 06:00:26,129 WARN  server.GrpcLogAppender (GrpcLogAppender.java:timeoutAppendRequest(200)) - GrpcLogAppender(7049f9e8-7de6-4c8c-bf4c-9bb5512f4299->13d9ac51-91bf-4c73-8824-2f58fc5b2747): appendEntries Timeout, request=7049f9e8-7de6-4c8c-bf4c-9bb5512f4299->13d9ac51-91bf-4c73-8824-2f58fc5b2747#6151-t1, previous=(t:1, i:6092), leaderCommit=6089, initializing? false, entries: size=1, first=(t:1, i:6093), METADATAENTRY(c6089)
2019-07-10 06:00:26,129 WARN  server.GrpcLogAppender (GrpcLogAppender.java:timeoutAppendRequest(200)) - GrpcLogAppender(7049f9e8-7de6-4c8c-bf4c-9bb5512f4299->15cd3569-c751-4f18-b157-6804e7d0f08c): appendEntries Timeout, request=7049f9e8-7de6-4c8c-bf4c-9bb5512f4299->15cd3569-c751-4f18-b157-6804e7d0f08c#6151-t1, previous=(t:1, i:6092), leaderCommit=6089, initializing? false, entries: size=1, first=(t:1, i:6093), METADATAENTRY(c6089)
2019-07-10 06:00:26,129 WARN  server.GrpcLogAppender (GrpcLogAppender.java:timeoutAppendRequest(200)) - GrpcLogAppender(7049f9e8-7de6-4c8c-bf4c-9bb5512f4299->13d9ac51-91bf-4c73-8824-2f58fc5b2747): appendEntries Timeout, request=7049f9e8-7de6-4c8c-bf4c-9bb5512f4299->13d9ac51-91bf-4c73-8824-2f58fc5b2747#6152-t1, previous=(t:1, i:6093), leaderCommit=6090, initializing? false, entries: size=1, first=(t:1, i:6094), METADATAENTRY(c6090)
2019-07-10 06:00:26,130 WARN  server.GrpcLogAppender (GrpcLogAppender.java:timeoutAppendRequest(200)) - GrpcLogAppender(7049f9e8-7de6-4c8c-bf4c-9bb5512f4299->15cd3569-c751-4f18-b157-6804e7d0f08c): appendEntries Timeout, request=7049f9e8-7de6-4c8c-bf4c-9bb5512f4299->15cd3569-c751-4f18-b157-6804e7d0f08c#6152-t1, previous=(t:1, i:6093), leaderCommit=6090, initializing? false, entries: size=1, first=(t:1, i:6094), METADATAENTRY(c6090)
2019-07-10 06:00:26,130 WARN  server.GrpcLogAppender (GrpcLogAppender.java:timeoutAppendRequest(200)) - GrpcLogAppender(7049f9e8-7de6-4c8c-bf4c-9bb5512f4299->13d9ac51-91bf-4c73-8824-2f58fc5b2747): appendEntries Timeout, request=7049f9e8-7de6-4c8c-bf4c-9bb5512f4299->13d9ac51-91bf-4c73-8824-2f58fc5b2747#6153-t1, previous=(t:1, i:6094), leaderCommit=6091, initializing? false, entries: size=1, first=(t:1, i:6095), METADATAENTRY(c6091)
2019-07-10 06:00:26,130 WARN  server.GrpcLogAppender (GrpcLogAppender.java:timeoutAppendRequest(200)) - GrpcLogAppender(7049f9e8-7de6-4c8c-bf4c-9bb5512f4299->15cd3569-c751-4f18-b157-6804e7d0f08c): appendEntries Timeout, request=7049f9e8-7de6-4c8c-bf4c-9bb5512f4299->15cd3569-c751-4f18-b157-6804e7d0f08c#6153-t1, previous=(t:1, i:6094), leaderCommit=6091, initializing? false, entries: size=1, first=(t:1, i:6095), METADATAENTRY(c6091)
2019-07-10 06:00:26,630 WARN  server.GrpcLogAppender (GrpcLogAppender.java:timeoutAppendRequest(200)) - GrpcLogAppender(7049f9e8-7de6-4c8c-bf4c-9bb5512f4299->13d9ac51-91bf-4c73-8824-2f58fc5b2747): appendEntries Timeout, request=7049f9e8-7de6-4c8c-bf4c-9bb5512f4299->13d9ac51-91bf-4c73-8824-2f58fc5b2747#6154-t1, previous=(t:1, i:6095), leaderCommit=6091, initializing? false, entries: <empty>
2019-07-10 06:00:26,630 WARN  server.GrpcLogAppender (GrpcLogAppender.java:timeoutAppendRequest(200)) - GrpcLogAppender(7049f9e8-7de6-4c8c-bf4c-9bb5512f4299->15cd3569-c751-4f18-b157-6804e7d0f08c): appendEntries Timeout, request=7049f9e8-7de6-4c8c-bf4c-9bb5512f4299->15cd3569-c751-4f18-b157-6804e7d0f08c#6154-t1, previous=(t:1, i:6095), leaderCommit=6091, initializing? false, entries: <empty>
 0.00% |█                                                                                                    |  0/1 Time: 0:00:512019-07-10 06:00:27,130 WARN  server.GrpcLogAppender (GrpcLogAppender.java:timeoutAppendRequest(200)) - GrpcLogAppender(7049f9e8-7de6-4c8c-bf4c-9bb5512f4299->13d9ac51-91bf-4c73-8824-2f58fc5b2747): appendEntries Timeout, request=7049f9e8-7de6-4c8c-bf4c-9bb5512f4299->13d9ac51-91bf-4c73-8824-2f58fc5b2747#6155-t1, previous=(t:1, i:6095), leaderCommit=6091, initializing? false, entries: <empty>
2019-07-10 06:00:27,130 WARN  server.GrpcLogAppender (GrpcLogAppender.java:timeoutAppendRequest(200)) - GrpcLogAppender(7049f9e8-7de6-4c8c-bf4c-9bb5512f4299->15cd3569-c751-4f18-b157-6804e7d0f08c): appendEntries Timeout, request=7049f9e8-7de6-4c8c-bf4c-9bb5512f4299->15cd3569-c751-4f18-b157-6804e7d0f08c#6155-t1, previous=(t:1, i:6095), leaderCommit=6091, initializing? false, entries: <empty>
2019-07-10 06:00:27,630 WARN  server.GrpcLogAppender (GrpcLogAppender.java:timeoutAppendRequest(200)) - GrpcLogAppender(7049f9e8-7de6-4c8c-bf4c-9bb5512f4299->13d9ac51-91bf-4c73-8824-2f58fc5b2747): appendEntries Timeout, request=7049f9e8-7de6-4c8c-bf4c-9bb5512f4299->13d9ac51-91bf-4c73-8824-2f58fc5b2747#6156-t1, previous=(t:1, i:6095), leaderCommit=6091, initializing? false, entries: <empty>
2019-07-10 06:00:27,630 WARN  server.GrpcLogAppender (GrpcLogAppender.java:timeoutAppendRequest(200)) - GrpcLogAppender(7049f9e8-7de6-4c8c-bf4c-9bb5512f4299->15cd3569-c751-4f18-b157-6804e7d0f08c): appendEntries Timeout, request=7049f9e8-7de6-4c8c-bf4c-9bb5512f4299->15cd3569-c751-4f18-b157-6804e7d0f08c#6156-t1, previous=(t:1, i:6095), leaderCommit=6091, initializing? false, entries: <empty>
2019-07-10 06:00:27,648 WARN  server.GrpcLogAppender (GrpcLogAppender.java:onNextImpl(250)) - org.apache.ratis.grpc.server.GrpcLogAppender$AppendLogResponseHandler@458440bd: Request not found, ignoring reply: 7049f9e8-7de6-4c8c-bf4c-9bb5512f4299<-13d9ac51-91bf-4c73-8824-2f58fc5b2747#6151:OK,SUCCESS,nextIndex:6094,term:1,followerCommit:6092
2019-07-10 06:00:27,648 WARN  server.GrpcLogAppender (GrpcLogAppender.java:onNextImpl(250)) - org.apache.ratis.grpc.server.GrpcLogAppender$AppendLogResponseHandler@638a0499: Request not found, ignoring reply: 7049f9e8-7de6-4c8c-bf4c-9bb5512f4299<-15cd3569-c751-4f18-b157-6804e7d0f08c#6150:OK,SUCCESS,nextIndex:6093,term:1,followerCommit:6091
2019-07-10 06:00:27,648 WARN  server.GrpcLogAppender (GrpcLogAppender.java:onNextImpl(250)) - org.apache.ratis.grpc.server.GrpcLogAppender$AppendLogResponseHandler@458440bd: Request not found, ignoring reply: 7049f9e8-7de6-4c8c-bf4c-9bb5512f4299<-13d9ac51-91bf-4c73-8824-2f58fc5b2747#6152:OK,SUCCESS,nextIndex:6095,term:1,followerCommit:6092
2019-07-10 06:00:27,649 WARN  server.GrpcLogAppender (GrpcLogAppender.java:onNextImpl(250)) - org.apache.ratis.grpc.server.GrpcLogAppender$AppendLogResponseHandler@458440bd: Request not found, ignoring reply: 7049f9e8-7de6-4c8c-bf4c-9bb5512f4299<-13d9ac51-91bf-4c73-8824-2f58fc5b2747#6153:OK,SUCCESS,nextIndex:6096,term:1,followerCommit:6092
2019-07-10 06:00:27,649 WARN  server.GrpcLogAppender (GrpcLogAppender.java:onNextImpl(250)) - org.apache.ratis.grpc.server.GrpcLogAppender$AppendLogResponseHandler@458440bd: Request not found, ignoring reply: 7049f9e8-7de6-4c8c-bf4c-9bb5512f4299<-13d9ac51-91bf-4c73-8824-2f58fc5b2747#6154:OK,SUCCESS,nextIndex:6096,term:1,followerCommit:6091
2019-07-10 06:00:27,649 WARN  server.GrpcLogAppender (GrpcLogAppender.java:onNextImpl(250)) - org.apache.ratis.grpc.server.GrpcLogAppender$AppendLogResponseHandler@458440bd: Request not found, ignoring reply: 7049f9e8-7de6-4c8c-bf4c-9bb5512f4299<-13d9ac51-91bf-4c73-8824-2f58fc5b2747#6155:OK,SUCCESS,nextIndex:6096,term:1,followerCommit:6091
2019-07-10 06:00:27,650 WARN  server.GrpcLogAppender (GrpcLogAppender.java:onNextImpl(250)) - org.apache.ratis.grpc.server.GrpcLogAppender$AppendLogResponseHandler@458440bd: Request not found, ignoring reply: 7049f9e8-7de6-4c8c-bf4c-9bb5512f4299<-13d9ac51-91bf-4c73-8824-2f58fc5b2747#6156:OK,SUCCESS,nextIndex:6096,term:1,followerCommit:6091
 0.00% |█                                                                                                    |  0/1 Time: 0:00:522019-07-10 06:00:28,131 WARN  server.GrpcLogAppender (GrpcLogAppender.java:timeoutAppendRequest(200)) - GrpcLogAppender(7049f9e8-7de6-4c8c-bf4c-9bb5512f4299->15cd3569-c751-4f18-b157-6804e7d0f08c): appendEntries Timeout, request=7049f9e8-7de6-4c8c-bf4c-9bb5512f4299->15cd3569-c751-4f18-b157-6804e7d0f08c#6157-t1, previous=(t:1, i:6095), leaderCommit=6091, initializing? false, entries: <empty>
2019-07-10 06:00:28,134 WARN  scm.XceiverClientRatis (XceiverClientRatis.java:watchForCommit(262)) - 3 way commit failed 
java.util.concurrent.TimeoutException
	at java.util.concurrent.CompletableFuture.timedGet(CompletableFuture.java:1771)
	at java.util.concurrent.CompletableFuture.get(CompletableFuture.java:1915)
	at org.apache.hadoop.hdds.scm.XceiverClientRatis.watchForCommit(XceiverClientRatis.java:259)
	at org.apache.hadoop.hdds.scm.storage.CommitWatcher.watchForCommit(CommitWatcher.java:194)
	at org.apache.hadoop.hdds.scm.storage.CommitWatcher.watchOnFirstIndex(CommitWatcher.java:135)
	at org.apache.hadoop.hdds.scm.storage.BlockOutputStream.watchForCommit(BlockOutputStream.java:355)
	at org.apache.hadoop.hdds.scm.storage.BlockOutputStream.handleFullBuffer(BlockOutputStream.java:332)
	at org.apache.hadoop.hdds.scm.storage.BlockOutputStream.write(BlockOutputStream.java:259)
	at org.apache.hadoop.ozone.client.io.BlockOutputStreamEntry.write(BlockOutputStreamEntry.java:129)
	at org.apache.hadoop.ozone.client.io.KeyOutputStream.handleWrite(KeyOutputStream.java:211)
	at org.apache.hadoop.ozone.client.io.KeyOutputStream.write(KeyOutputStream.java:193)
	at org.apache.hadoop.ozone.client.io.OzoneOutputStream.write(OzoneOutputStream.java:49)
	at org.apache.hadoop.ozone.freon.RandomKeyGenerator$KeyProcessor.run(RandomKeyGenerator.java:693)
	at java.util.concurrent.Executors$RunnableAdapter.call(Executors.java:511)
	at java.util.concurrent.FutureTask.run(FutureTask.java:266)
	at java.util.concurrent.ThreadPoolExecutor.runWorker(ThreadPoolExecutor.java:1149)
	at java.util.concurrent.ThreadPoolExecutor$Worker.run(ThreadPoolExecutor.java:624)
	at java.lang.Thread.run(Thread.java:748)
2019-07-10 06:00:28,139 INFO  client.GrpcClientProtocolClient (GrpcClientProtocolClient.java:onNext(255)) - client-535162E20057->7049f9e8-7de6-4c8c-bf4c-9bb5512f4299: receive RaftClientReply:client-535162E20057->7049f9e8-7de6-4c8c-bf4c-9bb5512f4299@group-3B5DE3AEDFC2, cid=4002, SUCCESS, logIndex=0, commits[7049f9e8-7de6-4c8c-bf4c-9bb5512f4299:c6095, 13d9ac51-91bf-4c73-8824-2f58fc5b2747:c6092, 15cd3569-c751-4f18-b157-6804e7d0f08c:c6087]
2019-07-10 06:00:28,142 INFO  scm.XceiverClientRatis (XceiverClientRatis.java:lambda$watchForCommit$7(280)) - Could not commit 6089 to all the nodes. Server 15cd3569-c751-4f18-b157-6804e7d0f08c has failed. Committed by majority.
2019-07-10 06:00:28,631 WARN  server.GrpcLogAppender (GrpcLogAppender.java:timeoutAppendRequest(200)) - GrpcLogAppender(7049f9e8-7de6-4c8c-bf4c-9bb5512f4299->15cd3569-c751-4f18-b157-6804e7d0f08c): appendEntries Timeout, request=7049f9e8-7de6-4c8c-bf4c-9bb5512f4299->15cd3569-c751-4f18-b157-6804e7d0f08c#6158-t1, previous=(t:1, i:6095), leaderCommit=6091, initializing? false, entries: <empty>
 0.00% |█                                                                                                    |  0/1 Time: 0:00:532019-07-10 06:00:29,132 WARN  server.GrpcLogAppender (GrpcLogAppender.java:timeoutAppendRequest(200)) - GrpcLogAppender(7049f9e8-7de6-4c8c-bf4c-9bb5512f4299->15cd3569-c751-4f18-b157-6804e7d0f08c): appendEntries Timeout, request=7049f9e8-7de6-4c8c-bf4c-9bb5512f4299->15cd3569-c751-4f18-b157-6804e7d0f08c#6159-t1, previous=(t:1, i:6095), leaderCommit=6092, initializing? false, entries: <empty>
2019-07-10 06:00:29,632 WARN  server.GrpcLogAppender (GrpcLogAppender.java:timeoutAppendRequest(200)) - GrpcLogAppender(7049f9e8-7de6-4c8c-bf4c-9bb5512f4299->15cd3569-c751-4f18-b157-6804e7d0f08c): appendEntries Timeout, request=7049f9e8-7de6-4c8c-bf4c-9bb5512f4299->15cd3569-c751-4f18-b157-6804e7d0f08c#6160-t1, previous=(t:1, i:6095), leaderCommit=6092, initializing? false, entries: <empty>
 0.00% |█                                                                                                    |  0/1 Time: 0:00:542019-07-10 06:00:30,025 WARN  server.GrpcLogAppender (GrpcLogAppender.java:onNextImpl(250)) - org.apache.ratis.grpc.server.GrpcLogAppender$AppendLogResponseHandler@638a0499: Request not found, ignoring reply: 7049f9e8-7de6-4c8c-bf4c-9bb5512f4299<-15cd3569-c751-4f18-b157-6804e7d0f08c#6151:OK,SUCCESS,nextIndex:6094,term:1,followerCommit:6092
2019-07-10 06:00:30,025 WARN  server.GrpcLogAppender (GrpcLogAppender.java:onNextImpl(250)) - org.apache.ratis.grpc.server.GrpcLogAppender$AppendLogResponseHandler@638a0499: Request not found, ignoring reply: 7049f9e8-7de6-4c8c-bf4c-9bb5512f4299<-15cd3569-c751-4f18-b157-6804e7d0f08c#6152:OK,SUCCESS,nextIndex:6095,term:1,followerCommit:6092
2019-07-10 06:00:30,025 WARN  server.GrpcLogAppender (GrpcLogAppender.java:onNextImpl(250)) - org.apache.ratis.grpc.server.GrpcLogAppender$AppendLogResponseHandler@638a0499: Request not found, ignoring reply: 7049f9e8-7de6-4c8c-bf4c-9bb5512f4299<-15cd3569-c751-4f18-b157-6804e7d0f08c#6153:OK,SUCCESS,nextIndex:6096,term:1,followerCommit:6092
2019-07-10 06:00:30,026 WARN  server.GrpcLogAppender (GrpcLogAppender.java:onNextImpl(250)) - org.apache.ratis.grpc.server.GrpcLogAppender$AppendLogResponseHandler@638a0499: Request not found, ignoring reply: 7049f9e8-7de6-4c8c-bf4c-9bb5512f4299<-15cd3569-c751-4f18-b157-6804e7d0f08c#6154:OK,SUCCESS,nextIndex:6096,term:1,followerCommit:6091
2019-07-10 06:00:30,026 WARN  server.GrpcLogAppender (GrpcLogAppender.java:onNextImpl(250)) - org.apache.ratis.grpc.server.GrpcLogAppender$AppendLogResponseHandler@638a0499: Request not found, ignoring reply: 7049f9e8-7de6-4c8c-bf4c-9bb5512f4299<-15cd3569-c751-4f18-b157-6804e7d0f08c#6155:OK,SUCCESS,nextIndex:6096,term:1,followerCommit:6091
2019-07-10 06:00:30,026 WARN  server.GrpcLogAppender (GrpcLogAppender.java:onNextImpl(250)) - org.apache.ratis.grpc.server.GrpcLogAppender$AppendLogResponseHandler@638a0499: Request not found, ignoring reply: 7049f9e8-7de6-4c8c-bf4c-9bb5512f4299<-15cd3569-c751-4f18-b157-6804e7d0f08c#6156:OK,SUCCESS,nextIndex:6096,term:1,followerCommit:6091
2019-07-10 06:00:30,026 WARN  server.GrpcLogAppender (GrpcLogAppender.java:onNextImpl(250)) - org.apache.ratis.grpc.server.GrpcLogAppender$AppendLogResponseHandler@638a0499: Request not found, ignoring reply: 7049f9e8-7de6-4c8c-bf4c-9bb5512f4299<-15cd3569-c751-4f18-b157-6804e7d0f08c#6157:OK,SUCCESS,nextIndex:6096,term:1,followerCommit:6091
2019-07-10 06:00:30,027 WARN  server.GrpcLogAppender (GrpcLogAppender.java:onNextImpl(250)) - org.apache.ratis.grpc.server.GrpcLogAppender$AppendLogResponseHandler@638a0499: Request not found, ignoring reply: 7049f9e8-7de6-4c8c-bf4c-9bb5512f4299<-15cd3569-c751-4f18-b157-6804e7d0f08c#6158:OK,SUCCESS,nextIndex:6096,term:1,followerCommit:6091
2019-07-10 06:00:30,027 INFO  client.GrpcClientProtocolClient (GrpcClientProtocolClient.java:onNext(255)) - client-535162E20057->7049f9e8-7de6-4c8c-bf4c-9bb5512f4299: receive RaftClientReply:client-535162E20057->7049f9e8-7de6-4c8c-bf4c-9bb5512f4299@group-3B5DE3AEDFC2, cid=4003, SUCCESS, logIndex=6096, commits[7049f9e8-7de6-4c8c-bf4c-9bb5512f4299:c6097, 13d9ac51-91bf-4c73-8824-2f58fc5b2747:c6095, 15cd3569-c751-4f18-b157-6804e7d0f08c:c6087]
2019-07-10 06:00:30,027 WARN  server.GrpcLogAppender (GrpcLogAppender.java:onNextImpl(250)) - org.apache.ratis.grpc.server.GrpcLogAppender$AppendLogResponseHandler@638a0499: Request not found, ignoring reply: 7049f9e8-7de6-4c8c-bf4c-9bb5512f4299<-15cd3569-c751-4f18-b157-6804e7d0f08c#6159:OK,SUCCESS,nextIndex:6096,term:1,followerCommit:6091
2019-07-10 06:00:30,027 WARN  server.GrpcLogAppender (GrpcLogAppender.java:onNextImpl(250)) - org.apache.ratis.grpc.server.GrpcLogAppender$AppendLogResponseHandler@638a0499: Request not found, ignoring reply: 7049f9e8-7de6-4c8c-bf4c-9bb5512f4299<-15cd3569-c751-4f18-b157-6804e7d0f08c#6160:OK,SUCCESS,nextIndex:6096,term:1,followerCommit:6091
2019-07-10 06:00:30,027 INFO  client.GrpcClientProtocolClient (GrpcClientProtocolClient.java:onNext(255)) - client-535162E20057->7049f9e8-7de6-4c8c-bf4c-9bb5512f4299: receive RaftClientReply:client-535162E20057->7049f9e8-7de6-4c8c-bf4c-9bb5512f4299@group-3B5DE3AEDFC2, cid=4004, SUCCESS, logIndex=6097, commits[7049f9e8-7de6-4c8c-bf4c-9bb5512f4299:c6097, 13d9ac51-91bf-4c73-8824-2f58fc5b2747:c6095, 15cd3569-c751-4f18-b157-6804e7d0f08c:c6087]
2019-07-10 06:00:30,028 INFO  client.GrpcClientProtocolClient (GrpcClientProtocolClient.java:onNext(255)) - client-535162E20057->7049f9e8-7de6-4c8c-bf4c-9bb5512f4299: receive RaftClientReply:client-535162E20057->7049f9e8-7de6-4c8c-bf4c-9bb5512f4299@group-3B5DE3AEDFC2, cid=4001, SUCCESS, logIndex=0, commits[7049f9e8-7de6-4c8c-bf4c-9bb5512f4299:c6097, 13d9ac51-91bf-4c73-8824-2f58fc5b2747:c6095, 15cd3569-c751-4f18-b157-6804e7d0f08c:c6091]
2019-07-10 06:00:30,028 INFO  client.GrpcClientProtocolClient (GrpcClientProtocolClient.java:onNext(255)) - client-535162E20057->7049f9e8-7de6-4c8c-bf4c-9bb5512f4299: receive RaftClientReply:client-535162E20057->7049f9e8-7de6-4c8c-bf4c-9bb5512f4299@group-3B5DE3AEDFC2, cid=4001, SUCCESS, logIndex=0, commits[7049f9e8-7de6-4c8c-bf4c-9bb5512f4299:c6097, 13d9ac51-91bf-4c73-8824-2f58fc5b2747:c6095, 15cd3569-c751-4f18-b157-6804e7d0f08c:c6091]
 0.00% |█                                                                                                    |  0/1 Time: 0:00:552019-07-10 06:00:31,153 WARN  server.GrpcLogAppender (GrpcLogAppender.java:timeoutAppendRequest(200)) - GrpcLogAppender(7049f9e8-7de6-4c8c-bf4c-9bb5512f4299->15cd3569-c751-4f18-b157-6804e7d0f08c): appendEntries Timeout, request=7049f9e8-7de6-4c8c-bf4c-9bb5512f4299->15cd3569-c751-4f18-b157-6804e7d0f08c#6164-t1, previous=(t:1, i:6095), leaderCommit=6095, initializing? false, entries: size=1, first=(t:1, i:6096), STATEMACHINELOGENTRY, client-535162E20057, cid=4003
2019-07-10 06:00:31,154 WARN  server.GrpcLogAppender (GrpcLogAppender.java:timeoutAppendRequest(200)) - GrpcLogAppender(7049f9e8-7de6-4c8c-bf4c-9bb5512f4299->15cd3569-c751-4f18-b157-6804e7d0f08c): appendEntries Timeout, request=7049f9e8-7de6-4c8c-bf4c-9bb5512f4299->15cd3569-c751-4f18-b157-6804e7d0f08c#6165-t1, previous=(t:1, i:6096), leaderCommit=6095, initializing? false, entries: size=1, first=(t:1, i:6097), STATEMACHINELOGENTRY, client-535162E20057, cid=4004
2019-07-10 06:00:31,653 WARN  server.GrpcLogAppender (GrpcLogAppender.java:timeoutAppendRequest(200)) - GrpcLogAppender(7049f9e8-7de6-4c8c-bf4c-9bb5512f4299->15cd3569-c751-4f18-b157-6804e7d0f08c): appendEntries Timeout, request=7049f9e8-7de6-4c8c-bf4c-9bb5512f4299->15cd3569-c751-4f18-b157-6804e7d0f08c#6166-t1, previous=(t:1, i:6097), leaderCommit=6095, initializing? false, entries: <empty>
 0.00% |█                                                                                                    |  0/1 Time: 0:00:562019-07-10 06:00:32,153 WARN  server.GrpcLogAppender (GrpcLogAppender.java:timeoutAppendRequest(200)) - GrpcLogAppender(7049f9e8-7de6-4c8c-bf4c-9bb5512f4299->15cd3569-c751-4f18-b157-6804e7d0f08c): appendEntries Timeout, request=7049f9e8-7de6-4c8c-bf4c-9bb5512f4299->15cd3569-c751-4f18-b157-6804e7d0f08c#6167-t1, previous=(t:1, i:6097), leaderCommit=6095, initializing? false, entries: <empty>
2019-07-10 06:00:32,653 WARN  server.GrpcLogAppender (GrpcLogAppender.java:timeoutAppendRequest(200)) - GrpcLogAppender(7049f9e8-7de6-4c8c-bf4c-9bb5512f4299->15cd3569-c751-4f18-b157-6804e7d0f08c): appendEntries Timeout, request=7049f9e8-7de6-4c8c-bf4c-9bb5512f4299->15cd3569-c751-4f18-b157-6804e7d0f08c#6168-t1, previous=(t:1, i:6097), leaderCommit=6095, initializing? false, entries: <empty>
 0.00% |█                                                                                                    |  0/1 Time: 0:00:572019-07-10 06:00:33,026 WARN  server.GrpcLogAppender (GrpcLogAppender.java:timeoutAppendRequest(200)) - GrpcLogAppender(7049f9e8-7de6-4c8c-bf4c-9bb5512f4299->13d9ac51-91bf-4c73-8824-2f58fc5b2747): appendEntries Timeout, request=7049f9e8-7de6-4c8c-bf4c-9bb5512f4299->13d9ac51-91bf-4c73-8824-2f58fc5b2747#6168-t1, previous=(t:1, i:6097), leaderCommit=6097, initializing? false, entries: size=1, first=(t:1, i:6098), METADATAENTRY(c6096)
2019-07-10 06:00:33,026 WARN  server.GrpcLogAppender (GrpcLogAppender.java:timeoutAppendRequest(200)) - GrpcLogAppender(7049f9e8-7de6-4c8c-bf4c-9bb5512f4299->15cd3569-c751-4f18-b157-6804e7d0f08c): appendEntries Timeout, request=7049f9e8-7de6-4c8c-bf4c-9bb5512f4299->15cd3569-c751-4f18-b157-6804e7d0f08c#6169-t1, previous=(t:1, i:6097), leaderCommit=6097, initializing? false, entries: size=1, first=(t:1, i:6098), METADATAENTRY(c6096)
2019-07-10 06:00:33,026 WARN  server.GrpcLogAppender (GrpcLogAppender.java:timeoutAppendRequest(200)) - GrpcLogAppender(7049f9e8-7de6-4c8c-bf4c-9bb5512f4299->13d9ac51-91bf-4c73-8824-2f58fc5b2747): appendEntries Timeout, request=7049f9e8-7de6-4c8c-bf4c-9bb5512f4299->13d9ac51-91bf-4c73-8824-2f58fc5b2747#6169-t1, previous=(t:1, i:6098), leaderCommit=6097, initializing? false, entries: size=1, first=(t:1, i:6099), METADATAENTRY(c6097)
2019-07-10 06:00:33,026 WARN  server.GrpcLogAppender (GrpcLogAppender.java:timeoutAppendRequest(200)) - GrpcLogAppender(7049f9e8-7de6-4c8c-bf4c-9bb5512f4299->15cd3569-c751-4f18-b157-6804e7d0f08c): appendEntries Timeout, request=7049f9e8-7de6-4c8c-bf4c-9bb5512f4299->15cd3569-c751-4f18-b157-6804e7d0f08c#6170-t1, previous=(t:1, i:6098), leaderCommit=6097, initializing? false, entries: size=1, first=(t:1, i:6099), METADATAENTRY(c6097)
2019-07-10 06:00:33,035 WARN  server.GrpcLogAppender (GrpcLogAppender.java:timeoutAppendRequest(200)) - GrpcLogAppender(7049f9e8-7de6-4c8c-bf4c-9bb5512f4299->15cd3569-c751-4f18-b157-6804e7d0f08c): appendEntries Timeout, request=7049f9e8-7de6-4c8c-bf4c-9bb5512f4299->15cd3569-c751-4f18-b157-6804e7d0f08c#6171-t1, previous=(t:1, i:6099), leaderCommit=6097, initializing? false, entries: size=1, first=(t:1, i:6100), STATEMACHINELOGENTRY, client-535162E20057, cid=4005
2019-07-10 06:00:33,035 WARN  server.GrpcLogAppender (GrpcLogAppender.java:timeoutAppendRequest(200)) - GrpcLogAppender(7049f9e8-7de6-4c8c-bf4c-9bb5512f4299->13d9ac51-91bf-4c73-8824-2f58fc5b2747): appendEntries Timeout, request=7049f9e8-7de6-4c8c-bf4c-9bb5512f4299->13d9ac51-91bf-4c73-8824-2f58fc5b2747#6170-t1, previous=(t:1, i:6099), leaderCommit=6097, initializing? false, entries: size=1, first=(t:1, i:6100), STATEMACHINELOGENTRY, client-535162E20057, cid=4005
2019-07-10 06:00:33,035 WARN  server.GrpcLogAppender (GrpcLogAppender.java:timeoutAppendRequest(200)) - GrpcLogAppender(7049f9e8-7de6-4c8c-bf4c-9bb5512f4299->15cd3569-c751-4f18-b157-6804e7d0f08c): appendEntries Timeout, request=7049f9e8-7de6-4c8c-bf4c-9bb5512f4299->15cd3569-c751-4f18-b157-6804e7d0f08c#6172-t1, previous=(t:1, i:6100), leaderCommit=6097, initializing? false, entries: size=1, first=(t:1, i:6101), STATEMACHINELOGENTRY, client-535162E20057, cid=4006
2019-07-10 06:00:33,036 WARN  server.GrpcLogAppender (GrpcLogAppender.java:timeoutAppendRequest(200)) - GrpcLogAppender(7049f9e8-7de6-4c8c-bf4c-9bb5512f4299->13d9ac51-91bf-4c73-8824-2f58fc5b2747): appendEntries Timeout, request=7049f9e8-7de6-4c8c-bf4c-9bb5512f4299->13d9ac51-91bf-4c73-8824-2f58fc5b2747#6171-t1, previous=(t:1, i:6100), leaderCommit=6097, initializing? false, entries: size=1, first=(t:1, i:6101), STATEMACHINELOGENTRY, client-535162E20057, cid=4006
2019-07-10 06:00:33,535 WARN  server.GrpcLogAppender (GrpcLogAppender.java:timeoutAppendRequest(200)) - GrpcLogAppender(7049f9e8-7de6-4c8c-bf4c-9bb5512f4299->15cd3569-c751-4f18-b157-6804e7d0f08c): appendEntries Timeout, request=7049f9e8-7de6-4c8c-bf4c-9bb5512f4299->15cd3569-c751-4f18-b157-6804e7d0f08c#6173-t1, previous=(t:1, i:6101), leaderCommit=6097, initializing? false, entries: <empty>
2019-07-10 06:00:33,535 WARN  server.GrpcLogAppender (GrpcLogAppender.java:timeoutAppendRequest(200)) - GrpcLogAppender(7049f9e8-7de6-4c8c-bf4c-9bb5512f4299->13d9ac51-91bf-4c73-8824-2f58fc5b2747): appendEntries Timeout, request=7049f9e8-7de6-4c8c-bf4c-9bb5512f4299->13d9ac51-91bf-4c73-8824-2f58fc5b2747#6172-t1, previous=(t:1, i:6101), leaderCommit=6097, initializing? false, entries: <empty>
2019-07-10 06:00:33,668 WARN  server.GrpcLogAppender (GrpcLogAppender.java:onNextImpl(250)) - org.apache.ratis.grpc.server.GrpcLogAppender$AppendLogResponseHandler@638a0499: Request not found, ignoring reply: 7049f9e8-7de6-4c8c-bf4c-9bb5512f4299<-15cd3569-c751-4f18-b157-6804e7d0f08c#6164:OK,SUCCESS,nextIndex:6097,term:1,followerCommit:6095
2019-07-10 06:00:33,668 WARN  server.GrpcLogAppender (GrpcLogAppender.java:onNextImpl(250)) - org.apache.ratis.grpc.server.GrpcLogAppender$AppendLogResponseHandler@458440bd: Request not found, ignoring reply: 7049f9e8-7de6-4c8c-bf4c-9bb5512f4299<-13d9ac51-91bf-4c73-8824-2f58fc5b2747#6168:OK,SUCCESS,nextIndex:6099,term:1,followerCommit:6097
2019-07-10 06:00:33,668 WARN  server.GrpcLogAppender (GrpcLogAppender.java:onNextImpl(250)) - org.apache.ratis.grpc.server.GrpcLogAppender$AppendLogResponseHandler@638a0499: Request not found, ignoring reply: 7049f9e8-7de6-4c8c-bf4c-9bb5512f4299<-15cd3569-c751-4f18-b157-6804e7d0f08c#6165:OK,SUCCESS,nextIndex:6098,term:1,followerCommit:6095
2019-07-10 06:00:33,669 WARN  server.GrpcLogAppender (GrpcLogAppender.java:onNextImpl(250)) - org.apache.ratis.grpc.server.GrpcLogAppender$AppendLogResponseHandler@638a0499: Request not found, ignoring reply: 7049f9e8-7de6-4c8c-bf4c-9bb5512f4299<-15cd3569-c751-4f18-b157-6804e7d0f08c#6166:OK,SUCCESS,nextIndex:6098,term:1,followerCommit:6092
2019-07-10 06:00:33,669 WARN  server.GrpcLogAppender (GrpcLogAppender.java:onNextImpl(250)) - org.apache.ratis.grpc.server.GrpcLogAppender$AppendLogResponseHandler@638a0499: Request not found, ignoring reply: 7049f9e8-7de6-4c8c-bf4c-9bb5512f4299<-15cd3569-c751-4f18-b157-6804e7d0f08c#6167:OK,SUCCESS,nextIndex:6098,term:1,followerCommit:6092
2019-07-10 06:00:33,669 WARN  server.GrpcLogAppender (GrpcLogAppender.java:onNextImpl(250)) - org.apache.ratis.grpc.server.GrpcLogAppender$AppendLogResponseHandler@638a0499: Request not found, ignoring reply: 7049f9e8-7de6-4c8c-bf4c-9bb5512f4299<-15cd3569-c751-4f18-b157-6804e7d0f08c#6168:OK,SUCCESS,nextIndex:6098,term:1,followerCommit:6092
 0.00% |█                                                                                                    |  0/1 Time: 0:00:582019-07-10 06:00:34,036 WARN  server.GrpcLogAppender (GrpcLogAppender.java:timeoutAppendRequest(200)) - GrpcLogAppender(7049f9e8-7de6-4c8c-bf4c-9bb5512f4299->15cd3569-c751-4f18-b157-6804e7d0f08c): appendEntries Timeout, request=7049f9e8-7de6-4c8c-bf4c-9bb5512f4299->15cd3569-c751-4f18-b157-6804e7d0f08c#6174-t1, previous=(t:1, i:6101), leaderCommit=6097, initializing? false, entries: <empty>
2019-07-10 06:00:34,036 WARN  server.GrpcLogAppender (GrpcLogAppender.java:timeoutAppendRequest(200)) - GrpcLogAppender(7049f9e8-7de6-4c8c-bf4c-9bb5512f4299->13d9ac51-91bf-4c73-8824-2f58fc5b2747): appendEntries Timeout, request=7049f9e8-7de6-4c8c-bf4c-9bb5512f4299->13d9ac51-91bf-4c73-8824-2f58fc5b2747#6173-t1, previous=(t:1, i:6101), leaderCommit=6097, initializing? false, entries: <empty>
2019-07-10 06:00:34,536 WARN  server.GrpcLogAppender (GrpcLogAppender.java:timeoutAppendRequest(200)) - GrpcLogAppender(7049f9e8-7de6-4c8c-bf4c-9bb5512f4299->15cd3569-c751-4f18-b157-6804e7d0f08c): appendEntries Timeout, request=7049f9e8-7de6-4c8c-bf4c-9bb5512f4299->15cd3569-c751-4f18-b157-6804e7d0f08c#6175-t1, previous=(t:1, i:6101), leaderCommit=6097, initializing? false, entries: <empty>
2019-07-10 06:00:34,536 WARN  server.GrpcLogAppender (GrpcLogAppender.java:timeoutAppendRequest(200)) - GrpcLogAppender(7049f9e8-7de6-4c8c-bf4c-9bb5512f4299->13d9ac51-91bf-4c73-8824-2f58fc5b2747): appendEntries Timeout, request=7049f9e8-7de6-4c8c-bf4c-9bb5512f4299->13d9ac51-91bf-4c73-8824-2f58fc5b2747#6174-t1, previous=(t:1, i:6101), leaderCommit=6097, initializing? false, entries: <empty>
2019-07-10 06:00:34,539 WARN  server.GrpcLogAppender (GrpcLogAppender.java:onNextImpl(250)) - org.apache.ratis.grpc.server.GrpcLogAppender$AppendLogResponseHandler@458440bd: Request not found, ignoring reply: 7049f9e8-7de6-4c8c-bf4c-9bb5512f4299<-13d9ac51-91bf-4c73-8824-2f58fc5b2747#6169:OK,SUCCESS,nextIndex:6100,term:1,followerCommit:6097
2019-07-10 06:00:34,539 WARN  server.GrpcLogAppender (GrpcLogAppender.java:onNextImpl(250)) - org.apache.ratis.grpc.server.GrpcLogAppender$AppendLogResponseHandler@638a0499: Request not found, ignoring reply: 7049f9e8-7de6-4c8c-bf4c-9bb5512f4299<-15cd3569-c751-4f18-b157-6804e7d0f08c#6169:OK,SUCCESS,nextIndex:6099,term:1,followerCommit:6097
2019-07-10 06:00:34,539 WARN  server.GrpcLogAppender (GrpcLogAppender.java:onNextImpl(250)) - org.apache.ratis.grpc.server.GrpcLogAppender$AppendLogResponseHandler@458440bd: Request not found, ignoring reply: 7049f9e8-7de6-4c8c-bf4c-9bb5512f4299<-13d9ac51-91bf-4c73-8824-2f58fc5b2747#6170:OK,SUCCESS,nextIndex:6101,term:1,followerCommit:6097
2019-07-10 06:00:34,539 WARN  server.GrpcLogAppender (GrpcLogAppender.java:onNextImpl(250)) - org.apache.ratis.grpc.server.GrpcLogAppender$AppendLogResponseHandler@638a0499: Request not found, ignoring reply: 7049f9e8-7de6-4c8c-bf4c-9bb5512f4299<-15cd3569-c751-4f18-b157-6804e7d0f08c#6170:OK,SUCCESS,nextIndex:6100,term:1,followerCommit:6097
2019-07-10 06:00:34,539 WARN  server.GrpcLogAppender (GrpcLogAppender.java:onNextImpl(250)) - org.apache.ratis.grpc.server.GrpcLogAppender$AppendLogResponseHandler@458440bd: Request not found, ignoring reply: 7049f9e8-7de6-4c8c-bf4c-9bb5512f4299<-13d9ac51-91bf-4c73-8824-2f58fc5b2747#6171:OK,SUCCESS,nextIndex:6102,term:1,followerCommit:6097
2019-07-10 06:00:34,540 WARN  server.GrpcLogAppender (GrpcLogAppender.java:onNextImpl(250)) - org.apache.ratis.grpc.server.GrpcLogAppender$AppendLogResponseHandler@638a0499: Request not found, ignoring reply: 7049f9e8-7de6-4c8c-bf4c-9bb5512f4299<-15cd3569-c751-4f18-b157-6804e7d0f08c#6171:OK,SUCCESS,nextIndex:6101,term:1,followerCommit:6097
2019-07-10 06:00:34,540 WARN  server.GrpcLogAppender (GrpcLogAppender.java:onNextImpl(250)) - org.apache.ratis.grpc.server.GrpcLogAppender$AppendLogResponseHandler@458440bd: Request not found, ignoring reply: 7049f9e8-7de6-4c8c-bf4c-9bb5512f4299<-13d9ac51-91bf-4c73-8824-2f58fc5b2747#6172:OK,SUCCESS,nextIndex:6102,term:1,followerCommit:6097
2019-07-10 06:00:34,540 WARN  server.GrpcLogAppender (GrpcLogAppender.java:onNextImpl(250)) - org.apache.ratis.grpc.server.GrpcLogAppender$AppendLogResponseHandler@638a0499: Request not found, ignoring reply: 7049f9e8-7de6-4c8c-bf4c-9bb5512f4299<-15cd3569-c751-4f18-b157-6804e7d0f08c#6172:OK,SUCCESS,nextIndex:6102,term:1,followerCommit:6097
2019-07-10 06:00:34,540 WARN  server.GrpcLogAppender (GrpcLogAppender.java:onNextImpl(250)) - org.apache.ratis.grpc.server.GrpcLogAppender$AppendLogResponseHandler@458440bd: Request not found, ignoring reply: 7049f9e8-7de6-4c8c-bf4c-9bb5512f4299<-13d9ac51-91bf-4c73-8824-2f58fc5b2747#6173:OK,SUCCESS,nextIndex:6102,term:1,followerCommit:6097
2019-07-10 06:00:34,540 WARN  server.GrpcLogAppender (GrpcLogAppender.java:onNextImpl(250)) - org.apache.ratis.grpc.server.GrpcLogAppender$AppendLogResponseHandler@638a0499: Request not found, ignoring reply: 7049f9e8-7de6-4c8c-bf4c-9bb5512f4299<-15cd3569-c751-4f18-b157-6804e7d0f08c#6173:OK,SUCCESS,nextIndex:6102,term:1,followerCommit:6095
2019-07-10 06:00:34,541 WARN  server.GrpcLogAppender (GrpcLogAppender.java:onNextImpl(250)) - org.apache.ratis.grpc.server.GrpcLogAppender$AppendLogResponseHandler@458440bd: Request not found, ignoring reply: 7049f9e8-7de6-4c8c-bf4c-9bb5512f4299<-13d9ac51-91bf-4c73-8824-2f58fc5b2747#6174:OK,SUCCESS,nextIndex:6102,term:1,followerCommit:6097
2019-07-10 06:00:34,541 WARN  server.GrpcLogAppender (GrpcLogAppender.java:onNextImpl(250)) - org.apache.ratis.grpc.server.GrpcLogAppender$AppendLogResponseHandler@638a0499: Request not found, ignoring reply: 7049f9e8-7de6-4c8c-bf4c-9bb5512f4299<-15cd3569-c751-4f18-b157-6804e7d0f08c#6174:OK,SUCCESS,nextIndex:6102,term:1,followerCommit:6095
2019-07-10 06:00:34,541 WARN  server.GrpcLogAppender (GrpcLogAppender.java:onNextImpl(250)) - org.apache.ratis.grpc.server.GrpcLogAppender$AppendLogResponseHandler@638a0499: Request not found, ignoring reply: 7049f9e8-7de6-4c8c-bf4c-9bb5512f4299<-15cd3569-c751-4f18-b157-6804e7d0f08c#6175:OK,SUCCESS,nextIndex:6102,term:1,followerCommit:6095
 0.00% |█                                                                                                    |  0/1 Time: 0:00:592019-07-10 06:00:35,065 INFO  client.GrpcClientProtocolClient (GrpcClientProtocolClient.java:onNext(255)) - client-535162E20057->15cd3569-c751-4f18-b157-6804e7d0f08c: receive RaftClientReply:client-535162E20057->15cd3569-c751-4f18-b157-6804e7d0f08c@group-3B5DE3AEDFC2, cid=4005, FAILED org.apache.ratis.protocol.NotLeaderException: Server 15cd3569-c751-4f18-b157-6804e7d0f08c is not the leader (7049f9e8-7de6-4c8c-bf4c-9bb5512f4299:192.168.157.223:43810). Request must be sent to leader., logIndex=0, commits[15cd3569-c751-4f18-b157-6804e7d0f08c:c6101, 7049f9e8-7de6-4c8c-bf4c-9bb5512f4299:c6101, 13d9ac51-91bf-4c73-8824-2f58fc5b2747:c6097]
2019-07-10 06:00:35,088 INFO  client.GrpcClientProtocolClient (GrpcClientProtocolClient.java:onNext(255)) - client-535162E20057->7049f9e8-7de6-4c8c-bf4c-9bb5512f4299: receive RaftClientReply:client-535162E20057->7049f9e8-7de6-4c8c-bf4c-9bb5512f4299@group-3B5DE3AEDFC2, cid=4005, SUCCESS, logIndex=6100, commits[7049f9e8-7de6-4c8c-bf4c-9bb5512f4299:c6101, 13d9ac51-91bf-4c73-8824-2f58fc5b2747:c6097, 15cd3569-c751-4f18-b157-6804e7d0f08c:c6095]
2019-07-10 06:00:35,096 INFO  client.GrpcClientProtocolClient (GrpcClientProtocolClient.java:onNext(255)) - client-535162E20057->7049f9e8-7de6-4c8c-bf4c-9bb5512f4299: receive RaftClientReply:client-535162E20057->7049f9e8-7de6-4c8c-bf4c-9bb5512f4299@group-3B5DE3AEDFC2, cid=4006, SUCCESS, logIndex=6101, commits[7049f9e8-7de6-4c8c-bf4c-9bb5512f4299:c6101, 13d9ac51-91bf-4c73-8824-2f58fc5b2747:c6097, 15cd3569-c751-4f18-b157-6804e7d0f08c:c6097]
2019-07-10 06:00:35,236 INFO  client.GrpcClientProtocolClient (GrpcClientProtocolClient.java:onNext(255)) - client-535162E20057->7049f9e8-7de6-4c8c-bf4c-9bb5512f4299: receive RaftClientReply:client-535162E20057->7049f9e8-7de6-4c8c-bf4c-9bb5512f4299@group-3B5DE3AEDFC2, cid=4007, SUCCESS, logIndex=0, commits[7049f9e8-7de6-4c8c-bf4c-9bb5512f4299:c6102, 13d9ac51-91bf-4c73-8824-2f58fc5b2747:c6101, 15cd3569-c751-4f18-b157-6804e7d0f08c:c6101]
2019-07-10 06:00:35,272 WARN  block.BlockManagerImpl (BlockManagerImpl.java:allocateBlock(192)) - Pipeline creation failed for type:RATIS factor:THREE. Retrying get pipelines call once.
org.apache.hadoop.hdds.scm.pipeline.InsufficientDatanodesException: Cannot create pipeline of factor 3 using 2 nodes.
	at org.apache.hadoop.hdds.scm.pipeline.RatisPipelineProvider.create(RatisPipelineProvider.java:151)
	at org.apache.hadoop.hdds.scm.pipeline.PipelineFactory.create(PipelineFactory.java:57)
	at org.apache.hadoop.hdds.scm.pipeline.SCMPipelineManager.createPipeline(SCMPipelineManager.java:149)
	at org.apache.hadoop.hdds.scm.block.BlockManagerImpl.allocateBlock(BlockManagerImpl.java:190)
	at org.apache.hadoop.hdds.scm.server.SCMBlockProtocolServer.allocateBlock(SCMBlockProtocolServer.java:172)
	at org.apache.hadoop.ozone.protocolPB.ScmBlockLocationProtocolServerSideTranslatorPB.allocateScmBlock(ScmBlockLocationProtocolServerSideTranslatorPB.java:144)
	at org.apache.hadoop.ozone.protocolPB.ScmBlockLocationProtocolServerSideTranslatorPB.send(ScmBlockLocationProtocolServerSideTranslatorPB.java:107)
	at org.apache.hadoop.hdds.protocol.proto.ScmBlockLocationProtocolProtos$ScmBlockLocationProtocolService$2.callBlockingMethod(ScmBlockLocationProtocolProtos.java:11281)
	at org.apache.hadoop.ipc.ProtobufRpcEngine$Server$ProtoBufRpcInvoker.call(ProtobufRpcEngine.java:524)
	at org.apache.hadoop.ipc.RPC$Server.call(RPC.java:1025)
	at org.apache.hadoop.ipc.Server$RpcCall.run(Server.java:876)
	at org.apache.hadoop.ipc.Server$RpcCall.run(Server.java:822)
	at java.security.AccessController.doPrivileged(Native Method)
	at javax.security.auth.Subject.doAs(Subject.java:422)
	at org.apache.hadoop.security.UserGroupInformation.doAs(UserGroupInformation.java:1730)
	at org.apache.hadoop.ipc.Server$Handler.run(Server.java:2682)
2019-07-10 06:00:35,273 INFO  block.BlockManagerImpl (BlockManagerImpl.java:allocateBlock(198)) - Could not find available pipeline of type:RATIS and factor:THREE even after retrying
2019-07-10 06:00:35,273 ERROR block.BlockManagerImpl (BlockManagerImpl.java:allocateBlock(222)) - Unable to allocate a block for the size: 4194304, type: RATIS, factor: THREE
06:00:35.278 [IPC Server handler 10 on 42045] ERROR OMAudit - user=jenkins1000 | ip=127.0.0.1 | op=ALLOCATE_BLOCK {volume=vol-0-27060, bucket=bucket-0-25873, key=key-0-62524, dataSize=0, replicationType=null, replicationFactor=null, keyLocationInfo=null, clientID=102415622144000402} | ret=FAILURE
org.apache.hadoop.hdds.scm.exceptions.SCMException: Allocated 0 blocks. Requested 1 blocks
	at org.apache.hadoop.hdds.scm.protocolPB.ScmBlockLocationProtocolClientSideTranslatorPB.handleError(ScmBlockLocationProtocolClientSideTranslatorPB.java:113) ~[classes/:?]
	at org.apache.hadoop.hdds.scm.protocolPB.ScmBlockLocationProtocolClientSideTranslatorPB.allocateBlock(ScmBlockLocationProtocolClientSideTranslatorPB.java:151) ~[classes/:?]
	at sun.reflect.GeneratedMethodAccessor51.invoke(Unknown Source) ~[?:?]
	at sun.reflect.DelegatingMethodAccessorImpl.invoke(DelegatingMethodAccessorImpl.java:43) ~[?:1.8.0_212]
	at java.lang.reflect.Method.invoke(Method.java:498) ~[?:1.8.0_212]
	at org.apache.hadoop.hdds.tracing.TraceAllMethod.invoke(TraceAllMethod.java:66) ~[classes/:?]
	at com.sun.proxy.$Proxy27.allocateBlock(Unknown Source) ~[?:?]
	at org.apache.hadoop.ozone.om.KeyManagerImpl.allocateBlock(KeyManagerImpl.java:348) ~[classes/:?]
	at org.apache.hadoop.ozone.om.KeyManagerImpl.allocateBlock(KeyManagerImpl.java:316) ~[classes/:?]
	at org.apache.hadoop.ozone.om.OzoneManager.allocateBlock(OzoneManager.java:2291) [classes/:?]
	at org.apache.hadoop.ozone.protocolPB.OzoneManagerRequestHandler.allocateBlock(OzoneManagerRequestHandler.java:756) [classes/:?]
	at org.apache.hadoop.ozone.protocolPB.OzoneManagerRequestHandler.handle(OzoneManagerRequestHandler.java:249) [classes/:?]
	at org.apache.hadoop.ozone.protocolPB.OzoneManagerProtocolServerSideTranslatorPB.submitRequestDirectlyToOM(OzoneManagerProtocolServerSideTranslatorPB.java:192) [classes/:?]
	at org.apache.hadoop.ozone.protocolPB.OzoneManagerProtocolServerSideTranslatorPB.submitRequest(OzoneManagerProtocolServerSideTranslatorPB.java:110) [classes/:?]
	at org.apache.hadoop.ozone.protocol.proto.OzoneManagerProtocolProtos$OzoneManagerService$2.callBlockingMethod(OzoneManagerProtocolProtos.java) [classes/:?]
	at org.apache.hadoop.ipc.ProtobufRpcEngine$Server$ProtoBufRpcInvoker.call(ProtobufRpcEngine.java:524) [hadoop-common-3.2.0.jar:?]
	at org.apache.hadoop.ipc.RPC$Server.call(RPC.java:1025) [hadoop-common-3.2.0.jar:?]
	at org.apache.hadoop.ipc.Server$RpcCall.run(Server.java:876) [hadoop-common-3.2.0.jar:?]
	at org.apache.hadoop.ipc.Server$RpcCall.run(Server.java:822) [hadoop-common-3.2.0.jar:?]
	at java.security.AccessController.doPrivileged(Native Method) [?:1.8.0_212]
	at javax.security.auth.Subject.doAs(Subject.java:422) [?:1.8.0_212]
	at org.apache.hadoop.security.UserGroupInformation.doAs(UserGroupInformation.java:1730) [hadoop-common-3.2.0.jar:?]
	at org.apache.hadoop.ipc.Server$Handler.run(Server.java:2682) [hadoop-common-3.2.0.jar:?]
2019-07-10 06:00:35,300 ERROR io.BlockOutputStreamEntryPool (BlockOutputStreamEntryPool.java:allocateBlockIfNeeded(299)) - Try to allocate more blocks for write failed, already allocated 0 blocks for this write.
INTERNAL_ERROR org.apache.hadoop.ozone.om.exceptions.OMException: Allocated 0 blocks. Requested 1 blocks
	at org.apache.hadoop.ozone.om.protocolPB.OzoneManagerProtocolClientSideTranslatorPB.handleError(OzoneManagerProtocolClientSideTranslatorPB.java:720)
	at org.apache.hadoop.ozone.om.protocolPB.OzoneManagerProtocolClientSideTranslatorPB.allocateBlock(OzoneManagerProtocolClientSideTranslatorPB.java:752)
	at org.apache.hadoop.ozone.client.io.BlockOutputStreamEntryPool.allocateNewBlock(BlockOutputStreamEntryPool.java:248)
	at org.apache.hadoop.ozone.client.io.BlockOutputStreamEntryPool.allocateBlockIfNeeded(BlockOutputStreamEntryPool.java:296)
	at org.apache.hadoop.ozone.client.io.KeyOutputStream.handleWrite(KeyOutputStream.java:201)
	at org.apache.hadoop.ozone.client.io.KeyOutputStream.write(KeyOutputStream.java:193)
	at org.apache.hadoop.ozone.client.io.OzoneOutputStream.write(OzoneOutputStream.java:49)
	at org.apache.hadoop.ozone.freon.RandomKeyGenerator$KeyProcessor.run(RandomKeyGenerator.java:693)
	at java.util.concurrent.Executors$RunnableAdapter.call(Executors.java:511)
	at java.util.concurrent.FutureTask.run(FutureTask.java:266)
	at java.util.concurrent.ThreadPoolExecutor.runWorker(ThreadPoolExecutor.java:1149)
	at java.util.concurrent.ThreadPoolExecutor$Worker.run(ThreadPoolExecutor.java:624)
	at java.lang.Thread.run(Thread.java:748)
2019-07-10 06:00:35,301 ERROR freon.RandomKeyGenerator (RandomKeyGenerator.java:run(718)) - Exception while adding key: key-0-62524 in bucket: bucket-0-25873 of volume: vol-0-27060.
INTERNAL_ERROR org.apache.hadoop.ozone.om.exceptions.OMException: Allocated 0 blocks. Requested 1 blocks
	at org.apache.hadoop.ozone.om.protocolPB.OzoneManagerProtocolClientSideTranslatorPB.handleError(OzoneManagerProtocolClientSideTranslatorPB.java:720)
	at org.apache.hadoop.ozone.om.protocolPB.OzoneManagerProtocolClientSideTranslatorPB.allocateBlock(OzoneManagerProtocolClientSideTranslatorPB.java:752)
	at org.apache.hadoop.ozone.client.io.BlockOutputStreamEntryPool.allocateNewBlock(BlockOutputStreamEntryPool.java:248)
	at org.apache.hadoop.ozone.client.io.BlockOutputStreamEntryPool.allocateBlockIfNeeded(BlockOutputStreamEntryPool.java:296)
	at org.apache.hadoop.ozone.client.io.KeyOutputStream.handleWrite(KeyOutputStream.java:201)
	at org.apache.hadoop.ozone.client.io.KeyOutputStream.write(KeyOutputStream.java:193)
	at org.apache.hadoop.ozone.client.io.OzoneOutputStream.write(OzoneOutputStream.java:49)
	at org.apache.hadoop.ozone.freon.RandomKeyGenerator$KeyProcessor.run(RandomKeyGenerator.java:693)
	at java.util.concurrent.Executors$RunnableAdapter.call(Executors.java:511)
	at java.util.concurrent.FutureTask.run(FutureTask.java:266)
	at java.util.concurrent.ThreadPoolExecutor.runWorker(ThreadPoolExecutor.java:1149)
	at java.util.concurrent.ThreadPoolExecutor$Worker.run(ThreadPoolExecutor.java:624)
	at java.lang.Thread.run(Thread.java:748)
 0.00% |█                                                                                                    |  0/1 Time: 0:01:00 0.00% |█                                                                                                    |  0/1 Time: 0:01:01 0.00% |█                                                                                                    |  0/1 Time: 0:01:02 0.00% |█                                                                                                    |  0/1 Time: 0:01:03 0.00% |█                                                                                                    |  0/1 Time: 0:01:04 100.00% |█████████████████████████████████████████████████████████████████████████████████████████████████████|  1/1 Time: 0:01:05
]]></system-out>
  </testcase>
  <testcase name="multiThread" classname="org.apache.hadoop.ozone.freon.TestRandomKeyGenerator" time="20.049"/>
</testsuite>