<?xml version="1.0" encoding="UTF-8"?>
<testsuite xmlns:xsi="http://www.w3.org/2001/XMLSchema-instance" xsi:noNamespaceSchemaLocation="https://maven.apache.org/surefire/maven-surefire-plugin/xsd/surefire-test-report.xsd" name="org.apache.hadoop.fs.ozone.TestOzoneFSInputStream" time="48.184" tests="1" errors="1" skipped="0" failures="0">
  <properties>
    <property name="awt.toolkit" value="sun.awt.X11.XToolkit"/>
    <property name="file.encoding.pkg" value="sun.io"/>
    <property name="java.specification.version" value="1.8"/>
    <property name="sun.cpu.isalist" value=""/>
    <property name="sun.jnu.encoding" value="UTF-8"/>
    <property name="java.class.path" value="/workdir/hadoop-ozone/ozonefs/target/test-classes:/workdir/hadoop-ozone/ozonefs/target/classes:/home/user/.m2/repository/org/apache/hadoop/hadoop-common/3.2.0/hadoop-common-3.2.0.jar:/home/user/.m2/repository/org/apache/hadoop/hadoop-annotations/3.2.0/hadoop-annotations-3.2.0.jar:/usr/lib/jvm/java-1.8-openjdk/jre/../lib/tools.jar:/home/user/.m2/repository/com/google/guava/guava/11.0.2/guava-11.0.2.jar:/home/user/.m2/repository/commons-cli/commons-cli/1.2/commons-cli-1.2.jar:/home/user/.m2/repository/org/apache/commons/commons-math3/3.1.1/commons-math3-3.1.1.jar:/home/user/.m2/repository/org/apache/httpcomponents/httpclient/4.5.2/httpclient-4.5.2.jar:/home/user/.m2/repository/org/apache/httpcomponents/httpcore/4.4.4/httpcore-4.4.4.jar:/home/user/.m2/repository/commons-codec/commons-codec/1.11/commons-codec-1.11.jar:/home/user/.m2/repository/commons-io/commons-io/2.5/commons-io-2.5.jar:/home/user/.m2/repository/commons-net/commons-net/3.6/commons-net-3.6.jar:/home/user/.m2/repository/commons-collections/commons-collections/3.2.2/commons-collections-3.2.2.jar:/home/user/.m2/repository/javax/servlet/javax.servlet-api/3.1.0/javax.servlet-api-3.1.0.jar:/home/user/.m2/repository/org/eclipse/jetty/jetty-server/9.3.25.v20180904/jetty-server-9.3.25.v20180904.jar:/home/user/.m2/repository/org/eclipse/jetty/jetty-http/9.3.25.v20180904/jetty-http-9.3.25.v20180904.jar:/home/user/.m2/repository/org/eclipse/jetty/jetty-io/9.3.25.v20180904/jetty-io-9.3.25.v20180904.jar:/home/user/.m2/repository/org/eclipse/jetty/jetty-util/9.3.25.v20180904/jetty-util-9.3.25.v20180904.jar:/home/user/.m2/repository/org/eclipse/jetty/jetty-servlet/9.3.25.v20180904/jetty-servlet-9.3.25.v20180904.jar:/home/user/.m2/repository/org/eclipse/jetty/jetty-security/9.3.25.v20180904/jetty-security-9.3.25.v20180904.jar:/home/user/.m2/repository/org/eclipse/jetty/jetty-webapp/9.3.25.v20180904/jetty-webapp-9.3.25.v20180904.jar:/home/user/.m2/repository/org/eclipse/jetty/jetty-xml/9.3.25.v20180904/jetty-xml-9.3.25.v20180904.jar:/home/user/.m2/repository/javax/servlet/jsp/jsp-api/2.1/jsp-api-2.1.jar:/home/user/.m2/repository/com/sun/jersey/jersey-core/1.19/jersey-core-1.19.jar:/home/user/.m2/repository/javax/ws/rs/jsr311-api/1.1.1/jsr311-api-1.1.1.jar:/home/user/.m2/repository/com/sun/jersey/jersey-servlet/1.19/jersey-servlet-1.19.jar:/home/user/.m2/repository/com/sun/jersey/jersey-json/1.19/jersey-json-1.19.jar:/home/user/.m2/repository/org/codehaus/jettison/jettison/1.1/jettison-1.1.jar:/home/user/.m2/repository/com/sun/xml/bind/jaxb-impl/2.3.0.1/jaxb-impl-2.3.0.1.jar:/home/user/.m2/repository/org/codehaus/jackson/jackson-core-asl/1.9.13/jackson-core-asl-1.9.13.jar:/home/user/.m2/repository/org/codehaus/jackson/jackson-mapper-asl/1.9.13/jackson-mapper-asl-1.9.13.jar:/home/user/.m2/repository/org/codehaus/jackson/jackson-jaxrs/1.9.13/jackson-jaxrs-1.9.13.jar:/home/user/.m2/repository/org/codehaus/jackson/jackson-xc/1.9.13/jackson-xc-1.9.13.jar:/home/user/.m2/repository/com/sun/jersey/jersey-server/1.19/jersey-server-1.19.jar:/home/user/.m2/repository/commons-logging/commons-logging/1.1.3/commons-logging-1.1.3.jar:/home/user/.m2/repository/log4j/log4j/1.2.17/log4j-1.2.17.jar:/home/user/.m2/repository/commons-beanutils/commons-beanutils/1.9.4/commons-beanutils-1.9.4.jar:/home/user/.m2/repository/org/apache/commons/commons-configuration2/2.1.1/commons-configuration2-2.1.1.jar:/home/user/.m2/repository/org/apache/commons/commons-lang3/3.7/commons-lang3-3.7.jar:/home/user/.m2/repository/org/apache/commons/commons-text/1.4/commons-text-1.4.jar:/home/user/.m2/repository/org/slf4j/slf4j-api/1.7.25/slf4j-api-1.7.25.jar:/home/user/.m2/repository/org/slf4j/slf4j-log4j12/1.7.25/slf4j-log4j12-1.7.25.jar:/home/user/.m2/repository/org/apache/avro/avro/1.7.7/avro-1.7.7.jar:/home/user/.m2/repository/com/thoughtworks/paranamer/paranamer/2.3/paranamer-2.3.jar:/home/user/.m2/repository/org/xerial/snappy/snappy-java/1.0.5/snappy-java-1.0.5.jar:/home/user/.m2/repository/com/google/re2j/re2j/1.1/re2j-1.1.jar:/home/user/.m2/repository/com/google/protobuf/protobuf-java/2.5.0/protobuf-java-2.5.0.jar:/home/user/.m2/repository/com/google/code/gson/gson/2.2.4/gson-2.2.4.jar:/home/user/.m2/repository/org/apache/hadoop/hadoop-auth/3.2.0/hadoop-auth-3.2.0.jar:/home/user/.m2/repository/com/nimbusds/nimbus-jose-jwt/4.41.1/nimbus-jose-jwt-4.41.1.jar:/home/user/.m2/repository/com/github/stephenc/jcip/jcip-annotations/1.0-1/jcip-annotations-1.0-1.jar:/home/user/.m2/repository/net/minidev/json-smart/2.3/json-smart-2.3.jar:/home/user/.m2/repository/net/minidev/accessors-smart/1.2/accessors-smart-1.2.jar:/home/user/.m2/repository/org/apache/curator/curator-framework/2.12.0/curator-framework-2.12.0.jar:/home/user/.m2/repository/com/jcraft/jsch/0.1.54/jsch-0.1.54.jar:/home/user/.m2/repository/org/apache/curator/curator-client/2.12.0/curator-client-2.12.0.jar:/home/user/.m2/repository/org/apache/curator/curator-recipes/2.12.0/curator-recipes-2.12.0.jar:/home/user/.m2/repository/com/google/code/findbugs/jsr305/3.0.0/jsr305-3.0.0.jar:/home/user/.m2/repository/org/apache/htrace/htrace-core4/4.1.0-incubating/htrace-core4-4.1.0-incubating.jar:/home/user/.m2/repository/org/apache/zookeeper/zookeeper/3.4.13/zookeeper-3.4.13.jar:/home/user/.m2/repository/jline/jline/0.9.94/jline-0.9.94.jar:/home/user/.m2/repository/org/apache/yetus/audience-annotations/0.5.0/audience-annotations-0.5.0.jar:/home/user/.m2/repository/org/apache/commons/commons-compress/1.4.1/commons-compress-1.4.1.jar:/home/user/.m2/repository/org/tukaani/xz/1.0/xz-1.0.jar:/home/user/.m2/repository/org/apache/kerby/kerb-simplekdc/1.0.1/kerb-simplekdc-1.0.1.jar:/home/user/.m2/repository/org/apache/kerby/kerb-client/1.0.1/kerb-client-1.0.1.jar:/home/user/.m2/repository/org/apache/kerby/kerby-config/1.0.1/kerby-config-1.0.1.jar:/home/user/.m2/repository/org/apache/kerby/kerb-core/1.0.1/kerb-core-1.0.1.jar:/home/user/.m2/repository/org/apache/kerby/kerby-pkix/1.0.1/kerby-pkix-1.0.1.jar:/home/user/.m2/repository/org/apache/kerby/kerby-asn1/1.0.1/kerby-asn1-1.0.1.jar:/home/user/.m2/repository/org/apache/kerby/kerby-util/1.0.1/kerby-util-1.0.1.jar:/home/user/.m2/repository/org/apache/kerby/kerb-common/1.0.1/kerb-common-1.0.1.jar:/home/user/.m2/repository/org/apache/kerby/kerb-crypto/1.0.1/kerb-crypto-1.0.1.jar:/home/user/.m2/repository/org/apache/kerby/kerb-util/1.0.1/kerb-util-1.0.1.jar:/home/user/.m2/repository/org/apache/kerby/token-provider/1.0.1/token-provider-1.0.1.jar:/home/user/.m2/repository/org/apache/kerby/kerb-admin/1.0.1/kerb-admin-1.0.1.jar:/home/user/.m2/repository/org/apache/kerby/kerb-server/1.0.1/kerb-server-1.0.1.jar:/home/user/.m2/repository/org/apache/kerby/kerb-identity/1.0.1/kerb-identity-1.0.1.jar:/home/user/.m2/repository/org/apache/kerby/kerby-xdr/1.0.1/kerby-xdr-1.0.1.jar:/home/user/.m2/repository/com/fasterxml/jackson/core/jackson-databind/2.9.9/jackson-databind-2.9.9.jar:/home/user/.m2/repository/com/fasterxml/jackson/core/jackson-annotations/2.9.9/jackson-annotations-2.9.9.jar:/home/user/.m2/repository/com/fasterxml/jackson/core/jackson-core/2.9.9/jackson-core-2.9.9.jar:/home/user/.m2/repository/org/codehaus/woodstox/stax2-api/3.1.4/stax2-api-3.1.4.jar:/home/user/.m2/repository/com/fasterxml/woodstox/woodstox-core/5.0.3/woodstox-core-5.0.3.jar:/home/user/.m2/repository/dnsjava/dnsjava/2.1.7/dnsjava-2.1.7.jar:/home/user/.m2/repository/org/apache/hadoop/hadoop-hdfs/3.2.0/hadoop-hdfs-3.2.0.jar:/home/user/.m2/repository/org/eclipse/jetty/jetty-util-ajax/9.3.25.v20180904/jetty-util-ajax-9.3.25.v20180904.jar:/home/user/.m2/repository/commons-daemon/commons-daemon/1.0.13/commons-daemon-1.0.13.jar:/home/user/.m2/repository/io/netty/netty/3.10.5.Final/netty-3.10.5.Final.jar:/home/user/.m2/repository/io/netty/netty-all/4.0.52.Final/netty-all-4.0.52.Final.jar:/home/user/.m2/repository/org/fusesource/leveldbjni/leveldbjni-all/1.8/leveldbjni-all-1.8.jar:/home/user/.m2/repository/org/apache/hadoop/hadoop-hdds-common/0.5.0-SNAPSHOT/hadoop-hdds-common-0.5.0-SNAPSHOT.jar:/home/user/.m2/repository/org/apache/hadoop/hadoop-hdds-config/0.5.0-SNAPSHOT/hadoop-hdds-config-0.5.0-SNAPSHOT.jar:/home/user/.m2/repository/javax/annotation/javax.annotation-api/1.2/javax.annotation-api-1.2.jar:/home/user/.m2/repository/org/apache/ratis/ratis-server/0.4.0/ratis-server-0.4.0.jar:/home/user/.m2/repository/org/apache/ratis/ratis-thirdparty-misc/0.2.0/ratis-thirdparty-misc-0.2.0.jar:/home/user/.m2/repository/org/apache/ratis/ratis-proto/0.4.0/ratis-proto-0.4.0.jar:/home/user/.m2/repository/org/apache/ratis/ratis-common/0.4.0/ratis-common-0.4.0.jar:/home/user/.m2/repository/org/apache/ratis/ratis-client/0.4.0/ratis-client-0.4.0.jar:/home/user/.m2/repository/org/apache/ratis/ratis-metrics/0.4.0/ratis-metrics-0.4.0.jar:/home/user/.m2/repository/com/github/joshelser/dropwizard-metrics-hadoop-metrics2-reporter/0.1.2/dropwizard-metrics-hadoop-metrics2-reporter-0.1.2.jar:/home/user/.m2/repository/io/dropwizard/metrics/metrics-jvm/3.2.5/metrics-jvm-3.2.5.jar:/home/user/.m2/repository/io/dropwizard/metrics/metrics-ganglia/3.2.5/metrics-ganglia-3.2.5.jar:/home/user/.m2/repository/info/ganglia/gmetric4j/gmetric4j/1.0.7/gmetric4j-1.0.7.jar:/home/user/.m2/repository/org/apache/ratis/ratis-netty/0.4.0/ratis-netty-0.4.0.jar:/home/user/.m2/repository/org/apache/ratis/ratis-grpc/0.4.0/ratis-grpc-0.4.0.jar:/home/user/.m2/repository/org/rocksdb/rocksdbjni/6.0.1/rocksdbjni-6.0.1.jar:/home/user/.m2/repository/org/apache/logging/log4j/log4j-api/2.11.0/log4j-api-2.11.0.jar:/home/user/.m2/repository/org/apache/logging/log4j/log4j-core/2.11.0/log4j-core-2.11.0.jar:/home/user/.m2/repository/com/lmax/disruptor/3.4.2/disruptor-3.4.2.jar:/home/user/.m2/repository/org/apache/commons/commons-pool2/2.6.0/commons-pool2-2.6.0.jar:/home/user/.m2/repository/org/bouncycastle/bcpkix-jdk15on/1.60/bcpkix-jdk15on-1.60.jar:/home/user/.m2/repository/commons-validator/commons-validator/1.6/commons-validator-1.6.jar:/home/user/.m2/repository/commons-digester/commons-digester/1.8.1/commons-digester-1.8.1.jar:/home/user/.m2/repository/io/jaegertracing/jaeger-client/0.34.0/jaeger-client-0.34.0.jar:/home/user/.m2/repository/io/jaegertracing/jaeger-thrift/0.34.0/jaeger-thrift-0.34.0.jar:/home/user/.m2/repository/org/apache/thrift/libthrift/0.12.0/libthrift-0.12.0.jar:/home/user/.m2/repository/com/squareup/okhttp3/okhttp/3.9.0/okhttp-3.9.0.jar:/home/user/.m2/repository/com/squareup/okio/okio/1.13.0/okio-1.13.0.jar:/home/user/.m2/repository/io/jaegertracing/jaeger-core/0.34.0/jaeger-core-0.34.0.jar:/home/user/.m2/repository/io/jaegertracing/jaeger-tracerresolver/0.34.0/jaeger-tracerresolver-0.34.0.jar:/home/user/.m2/repository/io/opentracing/contrib/opentracing-tracerresolver/0.1.5/opentracing-tracerresolver-0.1.5.jar:/home/user/.m2/repository/io/opentracing/opentracing-util/0.31.0/opentracing-util-0.31.0.jar:/home/user/.m2/repository/io/opentracing/opentracing-api/0.31.0/opentracing-api-0.31.0.jar:/home/user/.m2/repository/io/opentracing/opentracing-noop/0.31.0/opentracing-noop-0.31.0.jar:/home/user/.m2/repository/org/yaml/snakeyaml/1.16/snakeyaml-1.16.jar:/home/user/.m2/repository/org/apache/hadoop/hadoop-hdfs-client/3.2.0/hadoop-hdfs-client-3.2.0.jar:/home/user/.m2/repository/info/picocli/picocli/3.9.6/picocli-3.9.6.jar:/home/user/.m2/repository/org/apache/hadoop/hadoop-hdds-server-scm/0.5.0-SNAPSHOT/hadoop-hdds-server-scm-0.5.0-SNAPSHOT.jar:/home/user/.m2/repository/org/apache/hadoop/hadoop-hdds-docs/0.5.0-SNAPSHOT/hadoop-hdds-docs-0.5.0-SNAPSHOT.jar:/home/user/.m2/repository/io/dropwizard/metrics/metrics-core/3.2.4/metrics-core-3.2.4.jar:/home/user/.m2/repository/org/hamcrest/hamcrest-all/1.3/hamcrest-all-1.3.jar:/home/user/.m2/repository/org/bouncycastle/bcprov-jdk15on/1.60/bcprov-jdk15on-1.60.jar:/home/user/.m2/repository/org/apache/hadoop/hadoop-hdds-server-framework/0.5.0-SNAPSHOT/hadoop-hdds-server-framework-0.5.0-SNAPSHOT.jar:/home/user/.m2/repository/org/apache/hadoop/hadoop-ozone-ozone-manager/0.5.0-SNAPSHOT/hadoop-ozone-ozone-manager-0.5.0-SNAPSHOT.jar:/home/user/.m2/repository/org/apache/hadoop/hadoop-hdds-container-service/0.5.0-SNAPSHOT/hadoop-hdds-container-service-0.5.0-SNAPSHOT.jar:/home/user/.m2/repository/org/apache/hadoop/hadoop-hdds-client/0.5.0-SNAPSHOT/hadoop-hdds-client-0.5.0-SNAPSHOT.jar:/home/user/.m2/repository/org/apache/hadoop/hadoop-ozone-common/0.5.0-SNAPSHOT/hadoop-ozone-common-0.5.0-SNAPSHOT.jar:/home/user/.m2/repository/org/apache/hadoop/hadoop-hdds-tools/0.5.0-SNAPSHOT/hadoop-hdds-tools-0.5.0-SNAPSHOT.jar:/home/user/.m2/repository/org/xerial/sqlite-jdbc/3.25.2/sqlite-jdbc-3.25.2.jar:/home/user/.m2/repository/com/google/code/findbugs/findbugs/3.0.1/findbugs-3.0.1.jar:/home/user/.m2/repository/net/jcip/jcip-annotations/1.0/jcip-annotations-1.0.jar:/home/user/.m2/repository/com/google/code/findbugs/bcel-findbugs/6.0/bcel-findbugs-6.0.jar:/home/user/.m2/repository/com/google/code/findbugs/jFormatString/2.0.1/jFormatString-2.0.1.jar:/home/user/.m2/repository/dom4j/dom4j/1.6.1/dom4j-1.6.1.jar:/home/user/.m2/repository/xml-apis/xml-apis/1.0.b2/xml-apis-1.0.b2.jar:/home/user/.m2/repository/org/ow2/asm/asm-debug-all/5.0.2/asm-debug-all-5.0.2.jar:/home/user/.m2/repository/org/ow2/asm/asm-commons/5.0.2/asm-commons-5.0.2.jar:/home/user/.m2/repository/org/ow2/asm/asm-tree/5.0.2/asm-tree-5.0.2.jar:/home/user/.m2/repository/org/ow2/asm/asm/5.0.4/asm-5.0.4.jar:/home/user/.m2/repository/commons-lang/commons-lang/2.6/commons-lang-2.6.jar:/home/user/.m2/repository/com/apple/AppleJavaExtensions/1.4/AppleJavaExtensions-1.4.jar:/home/user/.m2/repository/jaxen/jaxen/1.1.6/jaxen-1.1.6.jar:/home/user/.m2/repository/org/apache/hadoop/hadoop-common/3.2.0/hadoop-common-3.2.0-tests.jar:/home/user/.m2/repository/org/apache/hadoop/hadoop-ozone-client/0.5.0-SNAPSHOT/hadoop-ozone-client-0.5.0-SNAPSHOT.jar:/home/user/.m2/repository/org/apache/hadoop/hadoop-hdfs/3.2.0/hadoop-hdfs-3.2.0-tests.jar:/workdir/hadoop-ozone/integration-test/target/test-classes:/home/user/.m2/repository/org/apache/hadoop/hadoop-ozone-s3gateway/0.5.0-SNAPSHOT/hadoop-ozone-s3gateway-0.5.0-SNAPSHOT.jar:/home/user/.m2/repository/org/jboss/weld/servlet/weld-servlet/2.4.7.Final/weld-servlet-2.4.7.Final.jar:/home/user/.m2/repository/org/glassfish/jersey/containers/jersey-container-servlet-core/2.27/jersey-container-servlet-core-2.27.jar:/home/user/.m2/repository/org/glassfish/hk2/external/javax.inject/2.5.0-b42/javax.inject-2.5.0-b42.jar:/home/user/.m2/repository/org/glassfish/jersey/core/jersey-common/2.27/jersey-common-2.27.jar:/home/user/.m2/repository/org/glassfish/hk2/osgi-resource-locator/1.0.1/osgi-resource-locator-1.0.1.jar:/home/user/.m2/repository/javax/ws/rs/javax.ws.rs-api/2.1/javax.ws.rs-api-2.1.jar:/home/user/.m2/repository/org/glassfish/jersey/ext/cdi/jersey-cdi1x/2.27/jersey-cdi1x-2.27.jar:/home/user/.m2/repository/org/glassfish/jersey/inject/jersey-hk2/2.27/jersey-hk2-2.27.jar:/home/user/.m2/repository/org/glassfish/hk2/hk2-locator/2.5.0-b42/hk2-locator-2.5.0-b42.jar:/home/user/.m2/repository/org/javassist/javassist/3.22.0-CR2/javassist-3.22.0-CR2.jar:/home/user/.m2/repository/org/glassfish/hk2/hk2-api/2.5.0/hk2-api-2.5.0.jar:/home/user/.m2/repository/org/glassfish/hk2/external/jakarta.inject/2.5.0/jakarta.inject-2.5.0.jar:/home/user/.m2/repository/org/glassfish/hk2/hk2-utils/2.5.0/hk2-utils-2.5.0.jar:/home/user/.m2/repository/jakarta/annotation/jakarta.annotation-api/1.3.4/jakarta.annotation-api-1.3.4.jar:/home/user/.m2/repository/org/glassfish/hk2/external/aopalliance-repackaged/2.5.0/aopalliance-repackaged-2.5.0.jar:/home/user/.m2/repository/com/fasterxml/jackson/dataformat/jackson-dataformat-xml/2.9.0/jackson-dataformat-xml-2.9.0.jar:/home/user/.m2/repository/com/fasterxml/jackson/module/jackson-module-jaxb-annotations/2.9.9/jackson-module-jaxb-annotations-2.9.9.jar:/home/user/.m2/repository/javax/enterprise/cdi-api/1.2/cdi-api-1.2.jar:/home/user/.m2/repository/javax/el/javax.el-api/3.0.0/javax.el-api-3.0.0.jar:/home/user/.m2/repository/javax/interceptor/javax.interceptor-api/1.2/javax.interceptor-api-1.2.jar:/home/user/.m2/repository/javax/inject/javax.inject/1/javax.inject-1.jar:/home/user/.m2/repository/com/sun/xml/bind/jaxb-core/2.3.0.1/jaxb-core-2.3.0.1.jar:/home/user/.m2/repository/javax/xml/bind/jaxb-api/2.3.0/jaxb-api-2.3.0.jar:/home/user/.m2/repository/javax/activation/activation/1.1.1/activation-1.1.1.jar:/home/user/.m2/repository/org/apache/hadoop/hadoop-ozone-csi/0.5.0-SNAPSHOT/hadoop-ozone-csi-0.5.0-SNAPSHOT.jar:/home/user/.m2/repository/com/google/protobuf/protobuf-java-util/3.5.1/protobuf-java-util-3.5.1.jar:/home/user/.m2/repository/io/grpc/grpc-netty/1.17.1/grpc-netty-1.17.1.jar:/home/user/.m2/repository/io/grpc/grpc-core/1.17.1/grpc-core-1.17.1.jar:/home/user/.m2/repository/io/grpc/grpc-context/1.17.1/grpc-context-1.17.1.jar:/home/user/.m2/repository/com/google/errorprone/error_prone_annotations/2.2.0/error_prone_annotations-2.2.0.jar:/home/user/.m2/repository/org/codehaus/mojo/animal-sniffer-annotations/1.17/animal-sniffer-annotations-1.17.jar:/home/user/.m2/repository/io/opencensus/opencensus-api/0.17.0/opencensus-api-0.17.0.jar:/home/user/.m2/repository/io/opencensus/opencensus-contrib-grpc-metrics/0.17.0/opencensus-contrib-grpc-metrics-0.17.0.jar:/home/user/.m2/repository/io/netty/netty-codec-http2/4.1.30.Final/netty-codec-http2-4.1.30.Final.jar:/home/user/.m2/repository/io/netty/netty-codec-http/4.1.30.Final/netty-codec-http-4.1.30.Final.jar:/home/user/.m2/repository/io/netty/netty-codec/4.1.30.Final/netty-codec-4.1.30.Final.jar:/home/user/.m2/repository/io/netty/netty-handler/4.1.30.Final/netty-handler-4.1.30.Final.jar:/home/user/.m2/repository/io/netty/netty-handler-proxy/4.1.30.Final/netty-handler-proxy-4.1.30.Final.jar:/home/user/.m2/repository/io/netty/netty-codec-socks/4.1.30.Final/netty-codec-socks-4.1.30.Final.jar:/home/user/.m2/repository/io/netty/netty-transport-native-epoll/4.1.30.Final/netty-transport-native-epoll-4.1.30.Final.jar:/home/user/.m2/repository/io/netty/netty-common/4.1.30.Final/netty-common-4.1.30.Final.jar:/home/user/.m2/repository/io/netty/netty-buffer/4.1.30.Final/netty-buffer-4.1.30.Final.jar:/home/user/.m2/repository/io/netty/netty-transport/4.1.30.Final/netty-transport-4.1.30.Final.jar:/home/user/.m2/repository/io/netty/netty-resolver/4.1.30.Final/netty-resolver-4.1.30.Final.jar:/home/user/.m2/repository/io/netty/netty-transport-native-unix-common/4.1.30.Final/netty-transport-native-unix-common-4.1.30.Final.jar:/home/user/.m2/repository/io/grpc/grpc-protobuf/1.17.1/grpc-protobuf-1.17.1.jar:/home/user/.m2/repository/com/google/api/grpc/proto-google-common-protos/1.0.0/proto-google-common-protos-1.0.0.jar:/home/user/.m2/repository/io/grpc/grpc-protobuf-lite/1.17.1/grpc-protobuf-lite-1.17.1.jar:/home/user/.m2/repository/io/grpc/grpc-stub/1.17.1/grpc-stub-1.17.1.jar:/home/user/.m2/repository/org/apache/hadoop/hadoop-ozone-recon/0.5.0-SNAPSHOT/hadoop-ozone-recon-0.5.0-SNAPSHOT.jar:/home/user/.m2/repository/org/apache/hadoop/hadoop-ozone-reconcodegen/0.5.0-SNAPSHOT/hadoop-ozone-reconcodegen-0.5.0-SNAPSHOT.jar:/home/user/.m2/repository/com/google/inject/extensions/guice-multibindings/4.0/guice-multibindings-4.0.jar:/home/user/.m2/repository/com/google/inject/guice/4.0/guice-4.0.jar:/home/user/.m2/repository/aopalliance/aopalliance/1.0/aopalliance-1.0.jar:/home/user/.m2/repository/org/glassfish/jersey/containers/jersey-container-servlet/2.27/jersey-container-servlet-2.27.jar:/home/user/.m2/repository/org/glassfish/hk2/guice-bridge/2.5.0/guice-bridge-2.5.0.jar:/home/user/.m2/repository/org/glassfish/jersey/core/jersey-server/2.27/jersey-server-2.27.jar:/home/user/.m2/repository/org/glassfish/jersey/core/jersey-client/2.27/jersey-client-2.27.jar:/home/user/.m2/repository/org/glassfish/jersey/media/jersey-media-jaxb/2.27/jersey-media-jaxb-2.27.jar:/home/user/.m2/repository/javax/validation/validation-api/1.1.0.Final/validation-api-1.1.0.Final.jar:/home/user/.m2/repository/org/glassfish/jersey/media/jersey-media-json-jackson/2.27/jersey-media-json-jackson-2.27.jar:/home/user/.m2/repository/org/glassfish/jersey/ext/jersey-entity-filtering/2.27/jersey-entity-filtering-2.27.jar:/home/user/.m2/repository/com/google/inject/extensions/guice-assistedinject/4.0/guice-assistedinject-4.0.jar:/home/user/.m2/repository/org/jooq/jooq/3.11.10/jooq-3.11.10.jar:/home/user/.m2/repository/org/jooq/jooq-meta/3.11.10/jooq-meta-3.11.10.jar:/home/user/.m2/repository/org/jooq/jooq-codegen/3.11.10/jooq-codegen-3.11.10.jar:/home/user/.m2/repository/com/jolbox/bonecp/0.8.0.RELEASE/bonecp-0.8.0.RELEASE.jar:/home/user/.m2/repository/org/springframework/spring-jdbc/5.1.3.RELEASE/spring-jdbc-5.1.3.RELEASE.jar:/home/user/.m2/repository/org/springframework/spring-beans/5.1.3.RELEASE/spring-beans-5.1.3.RELEASE.jar:/home/user/.m2/repository/org/springframework/spring-core/5.1.3.RELEASE/spring-core-5.1.3.RELEASE.jar:/home/user/.m2/repository/org/springframework/spring-jcl/5.1.3.RELEASE/spring-jcl-5.1.3.RELEASE.jar:/home/user/.m2/repository/org/springframework/spring-tx/5.1.3.RELEASE/spring-tx-5.1.3.RELEASE.jar:/home/user/.m2/repository/org/mockito/mockito-all/1.10.19/mockito-all-1.10.19.jar:/home/user/.m2/repository/junit/junit/4.11/junit-4.11.jar:/home/user/.m2/repository/org/hamcrest/hamcrest-core/1.3/hamcrest-core-1.3.jar:/home/user/.m2/repository/org/apache/hadoop/hadoop-distcp/3.2.0/hadoop-distcp-3.2.0.jar:/home/user/.m2/repository/org/apache/hadoop/hadoop-distcp/3.2.0/hadoop-distcp-3.2.0-tests.jar:/home/user/.m2/repository/org/apache/hadoop/hadoop-mapreduce-client-jobclient/3.2.0/hadoop-mapreduce-client-jobclient-3.2.0.jar:/home/user/.m2/repository/org/apache/hadoop/hadoop-mapreduce-client-common/3.2.0/hadoop-mapreduce-client-common-3.2.0.jar:/home/user/.m2/repository/org/apache/hadoop/hadoop-yarn-common/3.2.0/hadoop-yarn-common-3.2.0.jar:/home/user/.m2/repository/org/apache/hadoop/hadoop-yarn-api/3.2.0/hadoop-yarn-api-3.2.0.jar:/home/user/.m2/repository/com/sun/jersey/jersey-client/1.19/jersey-client-1.19.jar:/home/user/.m2/repository/com/sun/jersey/contribs/jersey-guice/1.19/jersey-guice-1.19.jar:/home/user/.m2/repository/com/fasterxml/jackson/jaxrs/jackson-jaxrs-json-provider/2.9.9/jackson-jaxrs-json-provider-2.9.9.jar:/home/user/.m2/repository/com/fasterxml/jackson/jaxrs/jackson-jaxrs-base/2.9.9/jackson-jaxrs-base-2.9.9.jar:/home/user/.m2/repository/org/apache/hadoop/hadoop-yarn-client/3.2.0/hadoop-yarn-client-3.2.0.jar:/home/user/.m2/repository/org/apache/hadoop/hadoop-mapreduce-client-core/3.2.0/hadoop-mapreduce-client-core-3.2.0.jar:/home/user/.m2/repository/com/google/inject/extensions/guice-servlet/4.0/guice-servlet-4.0.jar:/home/user/.m2/repository/org/powermock/powermock-module-junit4/1.6.5/powermock-module-junit4-1.6.5.jar:/home/user/.m2/repository/org/powermock/powermock-module-junit4-common/1.6.5/powermock-module-junit4-common-1.6.5.jar:/home/user/.m2/repository/org/powermock/powermock-core/1.6.5/powermock-core-1.6.5.jar:/home/user/.m2/repository/org/powermock/powermock-reflect/1.6.5/powermock-reflect-1.6.5.jar:/home/user/.m2/repository/org/powermock/powermock-api-mockito/1.6.5/powermock-api-mockito-1.6.5.jar:/home/user/.m2/repository/org/mockito/mockito-core/1.10.19/mockito-core-1.10.19.jar:/home/user/.m2/repository/org/objenesis/objenesis/1.0/objenesis-1.0.jar:/home/user/.m2/repository/org/powermock/powermock-api-mockito-common/1.6.5/powermock-api-mockito-common-1.6.5.jar:/home/user/.m2/repository/org/powermock/powermock-api-support/1.6.5/powermock-api-support-1.6.5.jar:"/>
    <property name="java.vm.vendor" value="IcedTea"/>
    <property name="sun.arch.data.model" value="64"/>
    <property name="test.build.dir" value="/workdir/hadoop-ozone/ozonefs/target/test-dir"/>
    <property name="test.cache.data" value=""/>
    <property name="java.vendor.url" value="https://icedtea.classpath.org"/>
    <property name="user.timezone" value=""/>
    <property name="java.vm.specification.version" value="1.8"/>
    <property name="os.name" value="Linux"/>
    <property name="test.build.data" value="/workdir/hadoop-ozone/ozonefs/target/test-dir"/>
    <property name="user.country" value="US"/>
    <property name="sun.java.launcher" value="SUN_STANDARD"/>
    <property name="sun.boot.library.path" value="/usr/lib/jvm/java-1.8-openjdk/jre/lib/amd64"/>
    <property name="sun.java.command" value="/workdir/hadoop-ozone/ozonefs/target/surefire/surefirebooter5072227070702800025.jar /workdir/hadoop-ozone/ozonefs/target/surefire 2019-09-25T04-01-08_071-jvmRun1 surefire721863204144921441tmp surefire_1067673567506074220295tmp"/>
    <property name="test" value="!TestMiniChaosOzoneCluster"/>
    <property name="surefire.test.class.path" value="/workdir/hadoop-ozone/ozonefs/target/test-classes:/workdir/hadoop-ozone/ozonefs/target/classes:/home/user/.m2/repository/org/apache/hadoop/hadoop-common/3.2.0/hadoop-common-3.2.0.jar:/home/user/.m2/repository/org/apache/hadoop/hadoop-annotations/3.2.0/hadoop-annotations-3.2.0.jar:/usr/lib/jvm/java-1.8-openjdk/jre/../lib/tools.jar:/home/user/.m2/repository/com/google/guava/guava/11.0.2/guava-11.0.2.jar:/home/user/.m2/repository/commons-cli/commons-cli/1.2/commons-cli-1.2.jar:/home/user/.m2/repository/org/apache/commons/commons-math3/3.1.1/commons-math3-3.1.1.jar:/home/user/.m2/repository/org/apache/httpcomponents/httpclient/4.5.2/httpclient-4.5.2.jar:/home/user/.m2/repository/org/apache/httpcomponents/httpcore/4.4.4/httpcore-4.4.4.jar:/home/user/.m2/repository/commons-codec/commons-codec/1.11/commons-codec-1.11.jar:/home/user/.m2/repository/commons-io/commons-io/2.5/commons-io-2.5.jar:/home/user/.m2/repository/commons-net/commons-net/3.6/commons-net-3.6.jar:/home/user/.m2/repository/commons-collections/commons-collections/3.2.2/commons-collections-3.2.2.jar:/home/user/.m2/repository/javax/servlet/javax.servlet-api/3.1.0/javax.servlet-api-3.1.0.jar:/home/user/.m2/repository/org/eclipse/jetty/jetty-server/9.3.25.v20180904/jetty-server-9.3.25.v20180904.jar:/home/user/.m2/repository/org/eclipse/jetty/jetty-http/9.3.25.v20180904/jetty-http-9.3.25.v20180904.jar:/home/user/.m2/repository/org/eclipse/jetty/jetty-io/9.3.25.v20180904/jetty-io-9.3.25.v20180904.jar:/home/user/.m2/repository/org/eclipse/jetty/jetty-util/9.3.25.v20180904/jetty-util-9.3.25.v20180904.jar:/home/user/.m2/repository/org/eclipse/jetty/jetty-servlet/9.3.25.v20180904/jetty-servlet-9.3.25.v20180904.jar:/home/user/.m2/repository/org/eclipse/jetty/jetty-security/9.3.25.v20180904/jetty-security-9.3.25.v20180904.jar:/home/user/.m2/repository/org/eclipse/jetty/jetty-webapp/9.3.25.v20180904/jetty-webapp-9.3.25.v20180904.jar:/home/user/.m2/repository/org/eclipse/jetty/jetty-xml/9.3.25.v20180904/jetty-xml-9.3.25.v20180904.jar:/home/user/.m2/repository/javax/servlet/jsp/jsp-api/2.1/jsp-api-2.1.jar:/home/user/.m2/repository/com/sun/jersey/jersey-core/1.19/jersey-core-1.19.jar:/home/user/.m2/repository/javax/ws/rs/jsr311-api/1.1.1/jsr311-api-1.1.1.jar:/home/user/.m2/repository/com/sun/jersey/jersey-servlet/1.19/jersey-servlet-1.19.jar:/home/user/.m2/repository/com/sun/jersey/jersey-json/1.19/jersey-json-1.19.jar:/home/user/.m2/repository/org/codehaus/jettison/jettison/1.1/jettison-1.1.jar:/home/user/.m2/repository/com/sun/xml/bind/jaxb-impl/2.3.0.1/jaxb-impl-2.3.0.1.jar:/home/user/.m2/repository/org/codehaus/jackson/jackson-core-asl/1.9.13/jackson-core-asl-1.9.13.jar:/home/user/.m2/repository/org/codehaus/jackson/jackson-mapper-asl/1.9.13/jackson-mapper-asl-1.9.13.jar:/home/user/.m2/repository/org/codehaus/jackson/jackson-jaxrs/1.9.13/jackson-jaxrs-1.9.13.jar:/home/user/.m2/repository/org/codehaus/jackson/jackson-xc/1.9.13/jackson-xc-1.9.13.jar:/home/user/.m2/repository/com/sun/jersey/jersey-server/1.19/jersey-server-1.19.jar:/home/user/.m2/repository/commons-logging/commons-logging/1.1.3/commons-logging-1.1.3.jar:/home/user/.m2/repository/log4j/log4j/1.2.17/log4j-1.2.17.jar:/home/user/.m2/repository/commons-beanutils/commons-beanutils/1.9.4/commons-beanutils-1.9.4.jar:/home/user/.m2/repository/org/apache/commons/commons-configuration2/2.1.1/commons-configuration2-2.1.1.jar:/home/user/.m2/repository/org/apache/commons/commons-lang3/3.7/commons-lang3-3.7.jar:/home/user/.m2/repository/org/apache/commons/commons-text/1.4/commons-text-1.4.jar:/home/user/.m2/repository/org/slf4j/slf4j-api/1.7.25/slf4j-api-1.7.25.jar:/home/user/.m2/repository/org/slf4j/slf4j-log4j12/1.7.25/slf4j-log4j12-1.7.25.jar:/home/user/.m2/repository/org/apache/avro/avro/1.7.7/avro-1.7.7.jar:/home/user/.m2/repository/com/thoughtworks/paranamer/paranamer/2.3/paranamer-2.3.jar:/home/user/.m2/repository/org/xerial/snappy/snappy-java/1.0.5/snappy-java-1.0.5.jar:/home/user/.m2/repository/com/google/re2j/re2j/1.1/re2j-1.1.jar:/home/user/.m2/repository/com/google/protobuf/protobuf-java/2.5.0/protobuf-java-2.5.0.jar:/home/user/.m2/repository/com/google/code/gson/gson/2.2.4/gson-2.2.4.jar:/home/user/.m2/repository/org/apache/hadoop/hadoop-auth/3.2.0/hadoop-auth-3.2.0.jar:/home/user/.m2/repository/com/nimbusds/nimbus-jose-jwt/4.41.1/nimbus-jose-jwt-4.41.1.jar:/home/user/.m2/repository/com/github/stephenc/jcip/jcip-annotations/1.0-1/jcip-annotations-1.0-1.jar:/home/user/.m2/repository/net/minidev/json-smart/2.3/json-smart-2.3.jar:/home/user/.m2/repository/net/minidev/accessors-smart/1.2/accessors-smart-1.2.jar:/home/user/.m2/repository/org/apache/curator/curator-framework/2.12.0/curator-framework-2.12.0.jar:/home/user/.m2/repository/com/jcraft/jsch/0.1.54/jsch-0.1.54.jar:/home/user/.m2/repository/org/apache/curator/curator-client/2.12.0/curator-client-2.12.0.jar:/home/user/.m2/repository/org/apache/curator/curator-recipes/2.12.0/curator-recipes-2.12.0.jar:/home/user/.m2/repository/com/google/code/findbugs/jsr305/3.0.0/jsr305-3.0.0.jar:/home/user/.m2/repository/org/apache/htrace/htrace-core4/4.1.0-incubating/htrace-core4-4.1.0-incubating.jar:/home/user/.m2/repository/org/apache/zookeeper/zookeeper/3.4.13/zookeeper-3.4.13.jar:/home/user/.m2/repository/jline/jline/0.9.94/jline-0.9.94.jar:/home/user/.m2/repository/org/apache/yetus/audience-annotations/0.5.0/audience-annotations-0.5.0.jar:/home/user/.m2/repository/org/apache/commons/commons-compress/1.4.1/commons-compress-1.4.1.jar:/home/user/.m2/repository/org/tukaani/xz/1.0/xz-1.0.jar:/home/user/.m2/repository/org/apache/kerby/kerb-simplekdc/1.0.1/kerb-simplekdc-1.0.1.jar:/home/user/.m2/repository/org/apache/kerby/kerb-client/1.0.1/kerb-client-1.0.1.jar:/home/user/.m2/repository/org/apache/kerby/kerby-config/1.0.1/kerby-config-1.0.1.jar:/home/user/.m2/repository/org/apache/kerby/kerb-core/1.0.1/kerb-core-1.0.1.jar:/home/user/.m2/repository/org/apache/kerby/kerby-pkix/1.0.1/kerby-pkix-1.0.1.jar:/home/user/.m2/repository/org/apache/kerby/kerby-asn1/1.0.1/kerby-asn1-1.0.1.jar:/home/user/.m2/repository/org/apache/kerby/kerby-util/1.0.1/kerby-util-1.0.1.jar:/home/user/.m2/repository/org/apache/kerby/kerb-common/1.0.1/kerb-common-1.0.1.jar:/home/user/.m2/repository/org/apache/kerby/kerb-crypto/1.0.1/kerb-crypto-1.0.1.jar:/home/user/.m2/repository/org/apache/kerby/kerb-util/1.0.1/kerb-util-1.0.1.jar:/home/user/.m2/repository/org/apache/kerby/token-provider/1.0.1/token-provider-1.0.1.jar:/home/user/.m2/repository/org/apache/kerby/kerb-admin/1.0.1/kerb-admin-1.0.1.jar:/home/user/.m2/repository/org/apache/kerby/kerb-server/1.0.1/kerb-server-1.0.1.jar:/home/user/.m2/repository/org/apache/kerby/kerb-identity/1.0.1/kerb-identity-1.0.1.jar:/home/user/.m2/repository/org/apache/kerby/kerby-xdr/1.0.1/kerby-xdr-1.0.1.jar:/home/user/.m2/repository/com/fasterxml/jackson/core/jackson-databind/2.9.9/jackson-databind-2.9.9.jar:/home/user/.m2/repository/com/fasterxml/jackson/core/jackson-annotations/2.9.9/jackson-annotations-2.9.9.jar:/home/user/.m2/repository/com/fasterxml/jackson/core/jackson-core/2.9.9/jackson-core-2.9.9.jar:/home/user/.m2/repository/org/codehaus/woodstox/stax2-api/3.1.4/stax2-api-3.1.4.jar:/home/user/.m2/repository/com/fasterxml/woodstox/woodstox-core/5.0.3/woodstox-core-5.0.3.jar:/home/user/.m2/repository/dnsjava/dnsjava/2.1.7/dnsjava-2.1.7.jar:/home/user/.m2/repository/org/apache/hadoop/hadoop-hdfs/3.2.0/hadoop-hdfs-3.2.0.jar:/home/user/.m2/repository/org/eclipse/jetty/jetty-util-ajax/9.3.25.v20180904/jetty-util-ajax-9.3.25.v20180904.jar:/home/user/.m2/repository/commons-daemon/commons-daemon/1.0.13/commons-daemon-1.0.13.jar:/home/user/.m2/repository/io/netty/netty/3.10.5.Final/netty-3.10.5.Final.jar:/home/user/.m2/repository/io/netty/netty-all/4.0.52.Final/netty-all-4.0.52.Final.jar:/home/user/.m2/repository/org/fusesource/leveldbjni/leveldbjni-all/1.8/leveldbjni-all-1.8.jar:/home/user/.m2/repository/org/apache/hadoop/hadoop-hdds-common/0.5.0-SNAPSHOT/hadoop-hdds-common-0.5.0-SNAPSHOT.jar:/home/user/.m2/repository/org/apache/hadoop/hadoop-hdds-config/0.5.0-SNAPSHOT/hadoop-hdds-config-0.5.0-SNAPSHOT.jar:/home/user/.m2/repository/javax/annotation/javax.annotation-api/1.2/javax.annotation-api-1.2.jar:/home/user/.m2/repository/org/apache/ratis/ratis-server/0.4.0/ratis-server-0.4.0.jar:/home/user/.m2/repository/org/apache/ratis/ratis-thirdparty-misc/0.2.0/ratis-thirdparty-misc-0.2.0.jar:/home/user/.m2/repository/org/apache/ratis/ratis-proto/0.4.0/ratis-proto-0.4.0.jar:/home/user/.m2/repository/org/apache/ratis/ratis-common/0.4.0/ratis-common-0.4.0.jar:/home/user/.m2/repository/org/apache/ratis/ratis-client/0.4.0/ratis-client-0.4.0.jar:/home/user/.m2/repository/org/apache/ratis/ratis-metrics/0.4.0/ratis-metrics-0.4.0.jar:/home/user/.m2/repository/com/github/joshelser/dropwizard-metrics-hadoop-metrics2-reporter/0.1.2/dropwizard-metrics-hadoop-metrics2-reporter-0.1.2.jar:/home/user/.m2/repository/io/dropwizard/metrics/metrics-jvm/3.2.5/metrics-jvm-3.2.5.jar:/home/user/.m2/repository/io/dropwizard/metrics/metrics-ganglia/3.2.5/metrics-ganglia-3.2.5.jar:/home/user/.m2/repository/info/ganglia/gmetric4j/gmetric4j/1.0.7/gmetric4j-1.0.7.jar:/home/user/.m2/repository/org/apache/ratis/ratis-netty/0.4.0/ratis-netty-0.4.0.jar:/home/user/.m2/repository/org/apache/ratis/ratis-grpc/0.4.0/ratis-grpc-0.4.0.jar:/home/user/.m2/repository/org/rocksdb/rocksdbjni/6.0.1/rocksdbjni-6.0.1.jar:/home/user/.m2/repository/org/apache/logging/log4j/log4j-api/2.11.0/log4j-api-2.11.0.jar:/home/user/.m2/repository/org/apache/logging/log4j/log4j-core/2.11.0/log4j-core-2.11.0.jar:/home/user/.m2/repository/com/lmax/disruptor/3.4.2/disruptor-3.4.2.jar:/home/user/.m2/repository/org/apache/commons/commons-pool2/2.6.0/commons-pool2-2.6.0.jar:/home/user/.m2/repository/org/bouncycastle/bcpkix-jdk15on/1.60/bcpkix-jdk15on-1.60.jar:/home/user/.m2/repository/commons-validator/commons-validator/1.6/commons-validator-1.6.jar:/home/user/.m2/repository/commons-digester/commons-digester/1.8.1/commons-digester-1.8.1.jar:/home/user/.m2/repository/io/jaegertracing/jaeger-client/0.34.0/jaeger-client-0.34.0.jar:/home/user/.m2/repository/io/jaegertracing/jaeger-thrift/0.34.0/jaeger-thrift-0.34.0.jar:/home/user/.m2/repository/org/apache/thrift/libthrift/0.12.0/libthrift-0.12.0.jar:/home/user/.m2/repository/com/squareup/okhttp3/okhttp/3.9.0/okhttp-3.9.0.jar:/home/user/.m2/repository/com/squareup/okio/okio/1.13.0/okio-1.13.0.jar:/home/user/.m2/repository/io/jaegertracing/jaeger-core/0.34.0/jaeger-core-0.34.0.jar:/home/user/.m2/repository/io/jaegertracing/jaeger-tracerresolver/0.34.0/jaeger-tracerresolver-0.34.0.jar:/home/user/.m2/repository/io/opentracing/contrib/opentracing-tracerresolver/0.1.5/opentracing-tracerresolver-0.1.5.jar:/home/user/.m2/repository/io/opentracing/opentracing-util/0.31.0/opentracing-util-0.31.0.jar:/home/user/.m2/repository/io/opentracing/opentracing-api/0.31.0/opentracing-api-0.31.0.jar:/home/user/.m2/repository/io/opentracing/opentracing-noop/0.31.0/opentracing-noop-0.31.0.jar:/home/user/.m2/repository/org/yaml/snakeyaml/1.16/snakeyaml-1.16.jar:/home/user/.m2/repository/org/apache/hadoop/hadoop-hdfs-client/3.2.0/hadoop-hdfs-client-3.2.0.jar:/home/user/.m2/repository/info/picocli/picocli/3.9.6/picocli-3.9.6.jar:/home/user/.m2/repository/org/apache/hadoop/hadoop-hdds-server-scm/0.5.0-SNAPSHOT/hadoop-hdds-server-scm-0.5.0-SNAPSHOT.jar:/home/user/.m2/repository/org/apache/hadoop/hadoop-hdds-docs/0.5.0-SNAPSHOT/hadoop-hdds-docs-0.5.0-SNAPSHOT.jar:/home/user/.m2/repository/io/dropwizard/metrics/metrics-core/3.2.4/metrics-core-3.2.4.jar:/home/user/.m2/repository/org/hamcrest/hamcrest-all/1.3/hamcrest-all-1.3.jar:/home/user/.m2/repository/org/bouncycastle/bcprov-jdk15on/1.60/bcprov-jdk15on-1.60.jar:/home/user/.m2/repository/org/apache/hadoop/hadoop-hdds-server-framework/0.5.0-SNAPSHOT/hadoop-hdds-server-framework-0.5.0-SNAPSHOT.jar:/home/user/.m2/repository/org/apache/hadoop/hadoop-ozone-ozone-manager/0.5.0-SNAPSHOT/hadoop-ozone-ozone-manager-0.5.0-SNAPSHOT.jar:/home/user/.m2/repository/org/apache/hadoop/hadoop-hdds-container-service/0.5.0-SNAPSHOT/hadoop-hdds-container-service-0.5.0-SNAPSHOT.jar:/home/user/.m2/repository/org/apache/hadoop/hadoop-hdds-client/0.5.0-SNAPSHOT/hadoop-hdds-client-0.5.0-SNAPSHOT.jar:/home/user/.m2/repository/org/apache/hadoop/hadoop-ozone-common/0.5.0-SNAPSHOT/hadoop-ozone-common-0.5.0-SNAPSHOT.jar:/home/user/.m2/repository/org/apache/hadoop/hadoop-hdds-tools/0.5.0-SNAPSHOT/hadoop-hdds-tools-0.5.0-SNAPSHOT.jar:/home/user/.m2/repository/org/xerial/sqlite-jdbc/3.25.2/sqlite-jdbc-3.25.2.jar:/home/user/.m2/repository/com/google/code/findbugs/findbugs/3.0.1/findbugs-3.0.1.jar:/home/user/.m2/repository/net/jcip/jcip-annotations/1.0/jcip-annotations-1.0.jar:/home/user/.m2/repository/com/google/code/findbugs/bcel-findbugs/6.0/bcel-findbugs-6.0.jar:/home/user/.m2/repository/com/google/code/findbugs/jFormatString/2.0.1/jFormatString-2.0.1.jar:/home/user/.m2/repository/dom4j/dom4j/1.6.1/dom4j-1.6.1.jar:/home/user/.m2/repository/xml-apis/xml-apis/1.0.b2/xml-apis-1.0.b2.jar:/home/user/.m2/repository/org/ow2/asm/asm-debug-all/5.0.2/asm-debug-all-5.0.2.jar:/home/user/.m2/repository/org/ow2/asm/asm-commons/5.0.2/asm-commons-5.0.2.jar:/home/user/.m2/repository/org/ow2/asm/asm-tree/5.0.2/asm-tree-5.0.2.jar:/home/user/.m2/repository/org/ow2/asm/asm/5.0.4/asm-5.0.4.jar:/home/user/.m2/repository/commons-lang/commons-lang/2.6/commons-lang-2.6.jar:/home/user/.m2/repository/com/apple/AppleJavaExtensions/1.4/AppleJavaExtensions-1.4.jar:/home/user/.m2/repository/jaxen/jaxen/1.1.6/jaxen-1.1.6.jar:/home/user/.m2/repository/org/apache/hadoop/hadoop-common/3.2.0/hadoop-common-3.2.0-tests.jar:/home/user/.m2/repository/org/apache/hadoop/hadoop-ozone-client/0.5.0-SNAPSHOT/hadoop-ozone-client-0.5.0-SNAPSHOT.jar:/home/user/.m2/repository/org/apache/hadoop/hadoop-hdfs/3.2.0/hadoop-hdfs-3.2.0-tests.jar:/workdir/hadoop-ozone/integration-test/target/test-classes:/home/user/.m2/repository/org/apache/hadoop/hadoop-ozone-s3gateway/0.5.0-SNAPSHOT/hadoop-ozone-s3gateway-0.5.0-SNAPSHOT.jar:/home/user/.m2/repository/org/jboss/weld/servlet/weld-servlet/2.4.7.Final/weld-servlet-2.4.7.Final.jar:/home/user/.m2/repository/org/glassfish/jersey/containers/jersey-container-servlet-core/2.27/jersey-container-servlet-core-2.27.jar:/home/user/.m2/repository/org/glassfish/hk2/external/javax.inject/2.5.0-b42/javax.inject-2.5.0-b42.jar:/home/user/.m2/repository/org/glassfish/jersey/core/jersey-common/2.27/jersey-common-2.27.jar:/home/user/.m2/repository/org/glassfish/hk2/osgi-resource-locator/1.0.1/osgi-resource-locator-1.0.1.jar:/home/user/.m2/repository/javax/ws/rs/javax.ws.rs-api/2.1/javax.ws.rs-api-2.1.jar:/home/user/.m2/repository/org/glassfish/jersey/ext/cdi/jersey-cdi1x/2.27/jersey-cdi1x-2.27.jar:/home/user/.m2/repository/org/glassfish/jersey/inject/jersey-hk2/2.27/jersey-hk2-2.27.jar:/home/user/.m2/repository/org/glassfish/hk2/hk2-locator/2.5.0-b42/hk2-locator-2.5.0-b42.jar:/home/user/.m2/repository/org/javassist/javassist/3.22.0-CR2/javassist-3.22.0-CR2.jar:/home/user/.m2/repository/org/glassfish/hk2/hk2-api/2.5.0/hk2-api-2.5.0.jar:/home/user/.m2/repository/org/glassfish/hk2/external/jakarta.inject/2.5.0/jakarta.inject-2.5.0.jar:/home/user/.m2/repository/org/glassfish/hk2/hk2-utils/2.5.0/hk2-utils-2.5.0.jar:/home/user/.m2/repository/jakarta/annotation/jakarta.annotation-api/1.3.4/jakarta.annotation-api-1.3.4.jar:/home/user/.m2/repository/org/glassfish/hk2/external/aopalliance-repackaged/2.5.0/aopalliance-repackaged-2.5.0.jar:/home/user/.m2/repository/com/fasterxml/jackson/dataformat/jackson-dataformat-xml/2.9.0/jackson-dataformat-xml-2.9.0.jar:/home/user/.m2/repository/com/fasterxml/jackson/module/jackson-module-jaxb-annotations/2.9.9/jackson-module-jaxb-annotations-2.9.9.jar:/home/user/.m2/repository/javax/enterprise/cdi-api/1.2/cdi-api-1.2.jar:/home/user/.m2/repository/javax/el/javax.el-api/3.0.0/javax.el-api-3.0.0.jar:/home/user/.m2/repository/javax/interceptor/javax.interceptor-api/1.2/javax.interceptor-api-1.2.jar:/home/user/.m2/repository/javax/inject/javax.inject/1/javax.inject-1.jar:/home/user/.m2/repository/com/sun/xml/bind/jaxb-core/2.3.0.1/jaxb-core-2.3.0.1.jar:/home/user/.m2/repository/javax/xml/bind/jaxb-api/2.3.0/jaxb-api-2.3.0.jar:/home/user/.m2/repository/javax/activation/activation/1.1.1/activation-1.1.1.jar:/home/user/.m2/repository/org/apache/hadoop/hadoop-ozone-csi/0.5.0-SNAPSHOT/hadoop-ozone-csi-0.5.0-SNAPSHOT.jar:/home/user/.m2/repository/com/google/protobuf/protobuf-java-util/3.5.1/protobuf-java-util-3.5.1.jar:/home/user/.m2/repository/io/grpc/grpc-netty/1.17.1/grpc-netty-1.17.1.jar:/home/user/.m2/repository/io/grpc/grpc-core/1.17.1/grpc-core-1.17.1.jar:/home/user/.m2/repository/io/grpc/grpc-context/1.17.1/grpc-context-1.17.1.jar:/home/user/.m2/repository/com/google/errorprone/error_prone_annotations/2.2.0/error_prone_annotations-2.2.0.jar:/home/user/.m2/repository/org/codehaus/mojo/animal-sniffer-annotations/1.17/animal-sniffer-annotations-1.17.jar:/home/user/.m2/repository/io/opencensus/opencensus-api/0.17.0/opencensus-api-0.17.0.jar:/home/user/.m2/repository/io/opencensus/opencensus-contrib-grpc-metrics/0.17.0/opencensus-contrib-grpc-metrics-0.17.0.jar:/home/user/.m2/repository/io/netty/netty-codec-http2/4.1.30.Final/netty-codec-http2-4.1.30.Final.jar:/home/user/.m2/repository/io/netty/netty-codec-http/4.1.30.Final/netty-codec-http-4.1.30.Final.jar:/home/user/.m2/repository/io/netty/netty-codec/4.1.30.Final/netty-codec-4.1.30.Final.jar:/home/user/.m2/repository/io/netty/netty-handler/4.1.30.Final/netty-handler-4.1.30.Final.jar:/home/user/.m2/repository/io/netty/netty-handler-proxy/4.1.30.Final/netty-handler-proxy-4.1.30.Final.jar:/home/user/.m2/repository/io/netty/netty-codec-socks/4.1.30.Final/netty-codec-socks-4.1.30.Final.jar:/home/user/.m2/repository/io/netty/netty-transport-native-epoll/4.1.30.Final/netty-transport-native-epoll-4.1.30.Final.jar:/home/user/.m2/repository/io/netty/netty-common/4.1.30.Final/netty-common-4.1.30.Final.jar:/home/user/.m2/repository/io/netty/netty-buffer/4.1.30.Final/netty-buffer-4.1.30.Final.jar:/home/user/.m2/repository/io/netty/netty-transport/4.1.30.Final/netty-transport-4.1.30.Final.jar:/home/user/.m2/repository/io/netty/netty-resolver/4.1.30.Final/netty-resolver-4.1.30.Final.jar:/home/user/.m2/repository/io/netty/netty-transport-native-unix-common/4.1.30.Final/netty-transport-native-unix-common-4.1.30.Final.jar:/home/user/.m2/repository/io/grpc/grpc-protobuf/1.17.1/grpc-protobuf-1.17.1.jar:/home/user/.m2/repository/com/google/api/grpc/proto-google-common-protos/1.0.0/proto-google-common-protos-1.0.0.jar:/home/user/.m2/repository/io/grpc/grpc-protobuf-lite/1.17.1/grpc-protobuf-lite-1.17.1.jar:/home/user/.m2/repository/io/grpc/grpc-stub/1.17.1/grpc-stub-1.17.1.jar:/home/user/.m2/repository/org/apache/hadoop/hadoop-ozone-recon/0.5.0-SNAPSHOT/hadoop-ozone-recon-0.5.0-SNAPSHOT.jar:/home/user/.m2/repository/org/apache/hadoop/hadoop-ozone-reconcodegen/0.5.0-SNAPSHOT/hadoop-ozone-reconcodegen-0.5.0-SNAPSHOT.jar:/home/user/.m2/repository/com/google/inject/extensions/guice-multibindings/4.0/guice-multibindings-4.0.jar:/home/user/.m2/repository/com/google/inject/guice/4.0/guice-4.0.jar:/home/user/.m2/repository/aopalliance/aopalliance/1.0/aopalliance-1.0.jar:/home/user/.m2/repository/org/glassfish/jersey/containers/jersey-container-servlet/2.27/jersey-container-servlet-2.27.jar:/home/user/.m2/repository/org/glassfish/hk2/guice-bridge/2.5.0/guice-bridge-2.5.0.jar:/home/user/.m2/repository/org/glassfish/jersey/core/jersey-server/2.27/jersey-server-2.27.jar:/home/user/.m2/repository/org/glassfish/jersey/core/jersey-client/2.27/jersey-client-2.27.jar:/home/user/.m2/repository/org/glassfish/jersey/media/jersey-media-jaxb/2.27/jersey-media-jaxb-2.27.jar:/home/user/.m2/repository/javax/validation/validation-api/1.1.0.Final/validation-api-1.1.0.Final.jar:/home/user/.m2/repository/org/glassfish/jersey/media/jersey-media-json-jackson/2.27/jersey-media-json-jackson-2.27.jar:/home/user/.m2/repository/org/glassfish/jersey/ext/jersey-entity-filtering/2.27/jersey-entity-filtering-2.27.jar:/home/user/.m2/repository/com/google/inject/extensions/guice-assistedinject/4.0/guice-assistedinject-4.0.jar:/home/user/.m2/repository/org/jooq/jooq/3.11.10/jooq-3.11.10.jar:/home/user/.m2/repository/org/jooq/jooq-meta/3.11.10/jooq-meta-3.11.10.jar:/home/user/.m2/repository/org/jooq/jooq-codegen/3.11.10/jooq-codegen-3.11.10.jar:/home/user/.m2/repository/com/jolbox/bonecp/0.8.0.RELEASE/bonecp-0.8.0.RELEASE.jar:/home/user/.m2/repository/org/springframework/spring-jdbc/5.1.3.RELEASE/spring-jdbc-5.1.3.RELEASE.jar:/home/user/.m2/repository/org/springframework/spring-beans/5.1.3.RELEASE/spring-beans-5.1.3.RELEASE.jar:/home/user/.m2/repository/org/springframework/spring-core/5.1.3.RELEASE/spring-core-5.1.3.RELEASE.jar:/home/user/.m2/repository/org/springframework/spring-jcl/5.1.3.RELEASE/spring-jcl-5.1.3.RELEASE.jar:/home/user/.m2/repository/org/springframework/spring-tx/5.1.3.RELEASE/spring-tx-5.1.3.RELEASE.jar:/home/user/.m2/repository/org/mockito/mockito-all/1.10.19/mockito-all-1.10.19.jar:/home/user/.m2/repository/junit/junit/4.11/junit-4.11.jar:/home/user/.m2/repository/org/hamcrest/hamcrest-core/1.3/hamcrest-core-1.3.jar:/home/user/.m2/repository/org/apache/hadoop/hadoop-distcp/3.2.0/hadoop-distcp-3.2.0.jar:/home/user/.m2/repository/org/apache/hadoop/hadoop-distcp/3.2.0/hadoop-distcp-3.2.0-tests.jar:/home/user/.m2/repository/org/apache/hadoop/hadoop-mapreduce-client-jobclient/3.2.0/hadoop-mapreduce-client-jobclient-3.2.0.jar:/home/user/.m2/repository/org/apache/hadoop/hadoop-mapreduce-client-common/3.2.0/hadoop-mapreduce-client-common-3.2.0.jar:/home/user/.m2/repository/org/apache/hadoop/hadoop-yarn-common/3.2.0/hadoop-yarn-common-3.2.0.jar:/home/user/.m2/repository/org/apache/hadoop/hadoop-yarn-api/3.2.0/hadoop-yarn-api-3.2.0.jar:/home/user/.m2/repository/com/sun/jersey/jersey-client/1.19/jersey-client-1.19.jar:/home/user/.m2/repository/com/sun/jersey/contribs/jersey-guice/1.19/jersey-guice-1.19.jar:/home/user/.m2/repository/com/fasterxml/jackson/jaxrs/jackson-jaxrs-json-provider/2.9.9/jackson-jaxrs-json-provider-2.9.9.jar:/home/user/.m2/repository/com/fasterxml/jackson/jaxrs/jackson-jaxrs-base/2.9.9/jackson-jaxrs-base-2.9.9.jar:/home/user/.m2/repository/org/apache/hadoop/hadoop-yarn-client/3.2.0/hadoop-yarn-client-3.2.0.jar:/home/user/.m2/repository/org/apache/hadoop/hadoop-mapreduce-client-core/3.2.0/hadoop-mapreduce-client-core-3.2.0.jar:/home/user/.m2/repository/com/google/inject/extensions/guice-servlet/4.0/guice-servlet-4.0.jar:/home/user/.m2/repository/org/powermock/powermock-module-junit4/1.6.5/powermock-module-junit4-1.6.5.jar:/home/user/.m2/repository/org/powermock/powermock-module-junit4-common/1.6.5/powermock-module-junit4-common-1.6.5.jar:/home/user/.m2/repository/org/powermock/powermock-core/1.6.5/powermock-core-1.6.5.jar:/home/user/.m2/repository/org/powermock/powermock-reflect/1.6.5/powermock-reflect-1.6.5.jar:/home/user/.m2/repository/org/powermock/powermock-api-mockito/1.6.5/powermock-api-mockito-1.6.5.jar:/home/user/.m2/repository/org/mockito/mockito-core/1.10.19/mockito-core-1.10.19.jar:/home/user/.m2/repository/org/objenesis/objenesis/1.0/objenesis-1.0.jar:/home/user/.m2/repository/org/powermock/powermock-api-mockito-common/1.6.5/powermock-api-mockito-common-1.6.5.jar:/home/user/.m2/repository/org/powermock/powermock-api-support/1.6.5/powermock-api-support-1.6.5.jar:"/>
    <property name="sun.cpu.endian" value="little"/>
    <property name="user.home" value="/home/user"/>
    <property name="user.language" value="en"/>
    <property name="java.specification.vendor" value="Oracle Corporation"/>
    <property name="java.home" value="/usr/lib/jvm/java-1.8-openjdk/jre"/>
    <property name="java.security.krb5.conf" value="/workdir/hadoop-ozone/ozonefs/target/test-classes/krb5.conf"/>
    <property name="basedir" value="/workdir/hadoop-ozone/ozonefs"/>
    <property name="file.separator" value="/"/>
    <property name="line.separator" value="&#10;"/>
    <property name="java.vm.specification.vendor" value="Oracle Corporation"/>
    <property name="java.specification.name" value="Java Platform API Specification"/>
    <property name="java.awt.graphicsenv" value="sun.awt.X11GraphicsEnvironment"/>
    <property name="surefire.real.class.path" value="/workdir/hadoop-ozone/ozonefs/target/surefire/surefirebooter5072227070702800025.jar"/>
    <property name="hadoop.log.dir" value="/workdir/hadoop-ozone/ozonefs/target/log"/>
    <property name="sun.boot.class.path" value="/usr/lib/jvm/java-1.8-openjdk/jre/lib/resources.jar:/usr/lib/jvm/java-1.8-openjdk/jre/lib/rt.jar:/usr/lib/jvm/java-1.8-openjdk/jre/lib/sunrsasign.jar:/usr/lib/jvm/java-1.8-openjdk/jre/lib/jsse.jar:/usr/lib/jvm/java-1.8-openjdk/jre/lib/jce.jar:/usr/lib/jvm/java-1.8-openjdk/jre/lib/charsets.jar:/usr/lib/jvm/java-1.8-openjdk/jre/lib/jfr.jar:/usr/lib/jvm/java-1.8-openjdk/jre/classes"/>
    <property name="sun.management.compiler" value="HotSpot 64-Bit Tiered Compilers"/>
    <property name="java.runtime.version" value="1.8.0_212-b04"/>
    <property name="java.net.preferIPv4Stack" value="true"/>
    <property name="user.name" value="jenkins1000"/>
    <property name="path.separator" value=":"/>
    <property name="java.security.egd" value="file:///dev/urandom"/>
    <property name="os.version" value="3.10.0-957.12.2.el7.x86_64"/>
    <property name="java.endorsed.dirs" value="/usr/lib/jvm/java-1.8-openjdk/jre/lib/endorsed"/>
    <property name="java.runtime.name" value="OpenJDK Runtime Environment"/>
    <property name="file.encoding" value="UTF-8"/>
    <property name="java.vm.name" value="OpenJDK 64-Bit Server VM"/>
    <property name="test.build.webapps" value=""/>
    <property name="localRepository" value="/home/user/.m2/repository"/>
    <property name="java.vendor.url.bug" value="https://icedtea.classpath.org/bugzilla"/>
    <property name="java.io.tmpdir" value="/tmp"/>
    <property name="require.test.libhadoop" value=""/>
    <property name="java.version" value="1.8.0_212"/>
    <property name="user.dir" value="/workdir/hadoop-ozone/ozonefs"/>
    <property name="os.arch" value="amd64"/>
    <property name="java.vm.specification.name" value="Java Virtual Machine Specification"/>
    <property name="test.build.classes" value="/workdir/hadoop-ozone/ozonefs/target/test-classes"/>
    <property name="java.awt.printerjob" value="sun.print.PSPrinterJob"/>
    <property name="sun.os.patch.level" value="unknown"/>
    <property name="hadoop.tmp.dir" value="/workdir/hadoop-ozone/ozonefs/target/tmp"/>
    <property name="java.library.path" value="/usr/lib/jvm/java-1.8-openjdk/jre/lib/amd64/server:/usr/lib/jvm/java-1.8-openjdk/jre/lib/amd64:/usr/lib/jvm/java-1.8-openjdk/jre/../lib/amd64:/workdir/hadoop-ozone/ozonefs/target/native/target/usr/local/lib:/workdir/hadoop-ozone/ozonefs/../../hadoop-common-project/hadoop-common/target/native/target/usr/local/lib:/usr/java/packages/lib/amd64:/usr/lib64:/lib64:/lib:/usr/lib"/>
    <property name="java.vm.info" value="mixed mode"/>
    <property name="java.vendor" value="IcedTea"/>
    <property name="java.vm.version" value="25.212-b04"/>
    <property name="java.ext.dirs" value="/usr/lib/jvm/java-1.8-openjdk/jre/lib/ext:/usr/java/packages/lib/ext"/>
    <property name="sun.io.unicode.encoding" value="UnicodeLittle"/>
    <property name="java.class.version" value="52.0"/>
  </properties>
  <testcase name="org.apache.hadoop.fs.ozone.TestOzoneFSInputStream" classname="org.apache.hadoop.fs.ozone.TestOzoneFSInputStream" time="48.184">
    <error message="Allocated 0 blocks. Requested 1 blocks" type="INTERNAL_ERROR org.apache.hadoop.ozone.om.exceptions.OMException">INTERNAL_ERROR org.apache.hadoop.ozone.om.exceptions.OMException: Allocated 0 blocks. Requested 1 blocks
	at org.apache.hadoop.ozone.om.protocolPB.OzoneManagerProtocolClientSideTranslatorPB.handleError(OzoneManagerProtocolClientSideTranslatorPB.java:732)
	at org.apache.hadoop.ozone.om.protocolPB.OzoneManagerProtocolClientSideTranslatorPB.createFile(OzoneManagerProtocolClientSideTranslatorPB.java:1536)
	at sun.reflect.NativeMethodAccessorImpl.invoke0(Native Method)
	at sun.reflect.NativeMethodAccessorImpl.invoke(NativeMethodAccessorImpl.java:62)
	at sun.reflect.DelegatingMethodAccessorImpl.invoke(DelegatingMethodAccessorImpl.java:43)
	at java.lang.reflect.Method.invoke(Method.java:498)
	at org.apache.hadoop.hdds.tracing.TraceAllMethod.invoke(TraceAllMethod.java:66)
	at com.sun.proxy.$Proxy37.createFile(Unknown Source)
	at org.apache.hadoop.ozone.client.rpc.RpcClient.createFile(RpcClient.java:1006)
	at org.apache.hadoop.ozone.client.OzoneBucket.createFile(OzoneBucket.java:537)
	at org.apache.hadoop.fs.ozone.BasicOzoneClientAdapterImpl.createFile(BasicOzoneClientAdapterImpl.java:205)
	at org.apache.hadoop.fs.ozone.BasicOzoneFileSystem.createOutputStream(BasicOzoneFileSystem.java:250)
	at org.apache.hadoop.fs.ozone.BasicOzoneFileSystem.create(BasicOzoneFileSystem.java:231)
	at org.apache.hadoop.fs.FileSystem.create(FileSystem.java:1118)
	at org.apache.hadoop.fs.FileSystem.create(FileSystem.java:1098)
	at org.apache.hadoop.fs.FileSystem.create(FileSystem.java:987)
	at org.apache.hadoop.fs.FileSystem.create(FileSystem.java:975)
	at org.apache.hadoop.fs.ozone.TestOzoneFSInputStream.init(TestOzoneFSInputStream.java:86)
	at sun.reflect.NativeMethodAccessorImpl.invoke0(Native Method)
	at sun.reflect.NativeMethodAccessorImpl.invoke(NativeMethodAccessorImpl.java:62)
	at sun.reflect.DelegatingMethodAccessorImpl.invoke(DelegatingMethodAccessorImpl.java:43)
	at java.lang.reflect.Method.invoke(Method.java:498)
	at org.junit.runners.model.FrameworkMethod$1.runReflectiveCall(FrameworkMethod.java:47)
	at org.junit.internal.runners.model.ReflectiveCallable.run(ReflectiveCallable.java:12)
	at org.junit.runners.model.FrameworkMethod.invokeExplosively(FrameworkMethod.java:44)
	at org.junit.internal.runners.statements.RunBefores.evaluate(RunBefores.java:24)
	at org.junit.internal.runners.statements.RunAfters.evaluate(RunAfters.java:27)
	at org.junit.runners.ParentRunner.run(ParentRunner.java:309)
	at org.apache.maven.surefire.junit4.JUnit4Provider.execute(JUnit4Provider.java:365)
	at org.apache.maven.surefire.junit4.JUnit4Provider.executeWithRerun(JUnit4Provider.java:273)
	at org.apache.maven.surefire.junit4.JUnit4Provider.executeTestSet(JUnit4Provider.java:238)
	at org.apache.maven.surefire.junit4.JUnit4Provider.invoke(JUnit4Provider.java:159)
	at org.apache.maven.surefire.booter.ForkedBooter.invokeProviderInSameClassLoader(ForkedBooter.java:384)
	at org.apache.maven.surefire.booter.ForkedBooter.runSuitesInProcess(ForkedBooter.java:345)
	at org.apache.maven.surefire.booter.ForkedBooter.execute(ForkedBooter.java:126)
	at org.apache.maven.surefire.booter.ForkedBooter.main(ForkedBooter.java:418)
</error>
    <system-out><![CDATA[2019-09-25 05:53:55,177 [main] WARN  server.ServerUtils (ServerUtils.java:getScmDbDir(145)) - ozone.scm.db.dirs is not configured. We recommend adding this setting. Falling back to ozone.metadata.dirs instead.
2019-09-25 05:53:55,298 [main] WARN  server.ServerUtils (ServerUtils.java:getScmDbDir(145)) - ozone.scm.db.dirs is not configured. We recommend adding this setting. Falling back to ozone.metadata.dirs instead.
2019-09-25 05:53:55,302 [main] WARN  server.ServerUtils (ServerUtils.java:getScmDbDir(145)) - ozone.scm.db.dirs is not configured. We recommend adding this setting. Falling back to ozone.metadata.dirs instead.
2019-09-25 05:53:55,321 [main] INFO  util.log (Log.java:initialized(192)) - Logging initialized @875ms
2019-09-25 05:53:55,427 [main] INFO  db.DBStoreBuilder (DBStoreBuilder.java:addTable(110)) - using custom profile for table: deletedBlocks
2019-09-25 05:53:55,427 [main] INFO  db.DBStoreBuilder (DBStoreBuilder.java:processTables(161)) - Using default column profile:DBProfile.DISK for Table:deletedBlocks
2019-09-25 05:53:55,427 [main] INFO  db.DBStoreBuilder (DBStoreBuilder.java:addTable(110)) - using custom profile for table: validCerts
2019-09-25 05:53:55,428 [main] INFO  db.DBStoreBuilder (DBStoreBuilder.java:processTables(161)) - Using default column profile:DBProfile.DISK for Table:validCerts
2019-09-25 05:53:55,428 [main] INFO  db.DBStoreBuilder (DBStoreBuilder.java:addTable(110)) - using custom profile for table: revokedCerts
2019-09-25 05:53:55,428 [main] INFO  db.DBStoreBuilder (DBStoreBuilder.java:processTables(161)) - Using default column profile:DBProfile.DISK for Table:revokedCerts
2019-09-25 05:53:55,440 [main] INFO  db.DBStoreBuilder (DBStoreBuilder.java:addTable(110)) - using custom profile for table: default
2019-09-25 05:53:55,441 [main] INFO  db.DBStoreBuilder (DBStoreBuilder.java:processTables(167)) - Using default column profile:DBProfile.DISK for Table:default
2019-09-25 05:53:55,442 [main] INFO  db.DBStoreBuilder (DBStoreBuilder.java:getDbProfile(198)) - Using default options. DBProfile.DISK
2019-09-25 05:53:55,738 [main] INFO  net.NodeSchemaLoader (NodeSchemaLoader.java:loadSchemaFromFile(125)) - Loading file from sun.misc.CompoundEnumeration@6771beb3
2019-09-25 05:53:55,741 [main] INFO  net.NodeSchemaLoader (NodeSchemaLoader.java:loadSchema(171)) - Loading network topology layer schema file
2019-09-25 05:53:55,822 [main] WARN  server.ServerUtils (ServerUtils.java:sanitizeUserArgs(70)) - ozone.scm.stale.node.interval value = 300000 is larger than max = 100000 based on the key value of ozone.scm.heartbeat.thread.interval, reset to the max value 100000.
2019-09-25 05:53:55,824 [main] WARN  server.ServerUtils (ServerUtils.java:sanitizeUserArgs(70)) - ozone.scm.stale.node.interval value = 300000 is larger than max = 100000 based on the key value of ozone.scm.heartbeat.thread.interval, reset to the max value 100000.
2019-09-25 05:53:55,827 [main] INFO  node.SCMNodeManager (SCMNodeManager.java:<init>(114)) - Entering startup safe mode.
2019-09-25 05:53:55,966 [main] INFO  algorithms.ContainerPlacementPolicyFactory (ContainerPlacementPolicyFactory.java:getPolicy(60)) - Create container placement policy of type org.apache.hadoop.hdds.scm.container.placement.algorithms.SCMContainerPlacementRandom
2019-09-25 05:53:55,983 [main] WARN  server.ServerUtils (ServerUtils.java:getScmDbDir(145)) - ozone.scm.db.dirs is not configured. We recommend adding this setting. Falling back to ozone.metadata.dirs instead.
2019-09-25 05:53:56,055 [main] INFO  pipeline.SCMPipelineManager (SCMPipelineManager.java:initializePipelineState(132)) - No pipeline exists in current db
2019-09-25 05:53:56,059 [main] WARN  server.ServerUtils (ServerUtils.java:getScmDbDir(145)) - ozone.scm.db.dirs is not configured. We recommend adding this setting. Falling back to ozone.metadata.dirs instead.
2019-09-25 05:53:56,189 [main] WARN  events.EventQueue (EventQueue.java:fireEvent(183)) - No event handler registered for event TypedEvent{payloadType=SafeModeStatus, name='SafeModeStatus'}
2019-09-25 05:53:56,631 [main] INFO  ipc.CallQueueManager (CallQueueManager.java:<init>(84)) - Using callQueue: class java.util.concurrent.LinkedBlockingQueue, queueCapacity: 2000, scheduler: class org.apache.hadoop.ipc.DefaultRpcScheduler, ipcBackoff: false.
2019-09-25 05:53:56,815 [Socket Reader #1 for port 45268] INFO  ipc.Server (Server.java:run(1074)) - Starting Socket Reader #1 for port 45268
2019-09-25 05:53:56,857 [main] INFO  ipc.CallQueueManager (CallQueueManager.java:<init>(84)) - Using callQueue: class java.util.concurrent.LinkedBlockingQueue, queueCapacity: 2000, scheduler: class org.apache.hadoop.ipc.DefaultRpcScheduler, ipcBackoff: false.
2019-09-25 05:53:56,859 [Socket Reader #1 for port 35627] INFO  ipc.Server (Server.java:run(1074)) - Starting Socket Reader #1 for port 35627
2019-09-25 05:53:56,870 [main] INFO  ipc.CallQueueManager (CallQueueManager.java:<init>(84)) - Using callQueue: class java.util.concurrent.LinkedBlockingQueue, queueCapacity: 2000, scheduler: class org.apache.hadoop.ipc.DefaultRpcScheduler, ipcBackoff: false.
2019-09-25 05:53:56,871 [Socket Reader #1 for port 46853] INFO  ipc.Server (Server.java:run(1074)) - Starting Socket Reader #1 for port 46853
2019-09-25 05:53:56,895 [main] INFO  hdfs.DFSUtil (DFSUtil.java:httpServerTemplateForNNAndJN(1641)) - Starting Web-server for scm at: http://0.0.0.0:0
2019-09-25 05:53:57,044 [main] INFO  server.AuthenticationFilter (AuthenticationFilter.java:constructSecretProvider(240)) - Unable to initialize FileSignerSecretProvider, falling back to use random secrets.
2019-09-25 05:53:57,059 [main] WARN  http.HttpRequestLog (HttpRequestLog.java:getRequestLog(97)) - Jetty request log can only be enabled using Log4j
2019-09-25 05:53:57,069 [main] INFO  http.HttpServer2 (HttpServer2.java:addGlobalFilter(975)) - Added global filter 'safety' (class=org.apache.hadoop.http.HttpServer2$QuotingInputFilter)
2019-09-25 05:53:57,071 [main] INFO  http.HttpServer2 (HttpServer2.java:addFilter(948)) - Added filter static_user_filter (class=org.apache.hadoop.http.lib.StaticUserWebFilter$StaticUserFilter) to context scm
2019-09-25 05:53:57,071 [main] INFO  http.HttpServer2 (HttpServer2.java:addFilter(958)) - Added filter static_user_filter (class=org.apache.hadoop.http.lib.StaticUserWebFilter$StaticUserFilter) to context logs
2019-09-25 05:53:57,071 [main] INFO  http.HttpServer2 (HttpServer2.java:addFilter(958)) - Added filter static_user_filter (class=org.apache.hadoop.http.lib.StaticUserWebFilter$StaticUserFilter) to context static
2019-09-25 05:53:57,098 [main] INFO  server.StorageContainerManager (StorageContainerManager.java:start(770)) - StorageContainerLocationProtocol RPC server is listening at /0.0.0.0:46853
2019-09-25 05:53:57,148 [main] WARN  impl.MetricsConfig (MetricsConfig.java:loadFirst(134)) - Cannot locate configuration: tried hadoop-metrics2-storagecontainermanager.properties,hadoop-metrics2.properties
2019-09-25 05:53:57,161 [main] INFO  impl.MetricsSystemImpl (MetricsSystemImpl.java:startTimer(374)) - Scheduled Metric snapshot period at 10 second(s).
2019-09-25 05:53:57,162 [main] INFO  impl.MetricsSystemImpl (MetricsSystemImpl.java:start(191)) - StorageContainerManager metrics system started
2019-09-25 05:53:57,402 [main] INFO  server.SCMClientProtocolServer (SCMClientProtocolServer.java:start(151)) - RPC server for Client  is listening at /0.0.0.0:46853
2019-09-25 05:53:57,403 [IPC Server Responder] INFO  ipc.Server (Server.java:run(1314)) - IPC Server Responder: starting
2019-09-25 05:53:57,403 [IPC Server listener on 46853] INFO  ipc.Server (Server.java:run(1153)) - IPC Server listener on 46853: starting
2019-09-25 05:53:57,406 [main] INFO  server.StorageContainerManager (StorageContainerManager.java:start(780)) - ScmBlockLocationProtocol RPC server is listening at /0.0.0.0:35627
2019-09-25 05:53:57,407 [main] INFO  server.SCMBlockProtocolServer (SCMBlockProtocolServer.java:start(146)) - RPC server for Block Protocol is listening at /0.0.0.0:35627
2019-09-25 05:53:57,408 [IPC Server Responder] INFO  ipc.Server (Server.java:run(1314)) - IPC Server Responder: starting
2019-09-25 05:53:57,408 [IPC Server listener on 35627] INFO  ipc.Server (Server.java:run(1153)) - IPC Server listener on 35627: starting
2019-09-25 05:53:57,411 [main] INFO  server.StorageContainerManager (StorageContainerManager.java:start(784)) - ScmDatanodeProtocl RPC server is listening at /0.0.0.0:45268
2019-09-25 05:53:57,411 [main] INFO  server.SCMDatanodeProtocolServer (SCMDatanodeProtocolServer.java:start(191)) - RPC server for DataNodes is listening at /0.0.0.0:45268
2019-09-25 05:53:57,411 [IPC Server Responder] INFO  ipc.Server (Server.java:run(1314)) - IPC Server Responder: starting
2019-09-25 05:53:57,411 [IPC Server listener on 45268] INFO  ipc.Server (Server.java:run(1153)) - IPC Server listener on 45268: starting
2019-09-25 05:53:57,415 [main] INFO  http.HttpServer2 (HttpServer2.java:bindListener(1191)) - Jetty bound to port 36252
2019-09-25 05:53:57,417 [main] INFO  server.Server (Server.java:doStart(351)) - jetty-9.3.25.v20180904, build timestamp: 2018-09-04T21:11:46Z, git hash: 3ce520221d0240229c862b122d2b06c12a625732
2019-09-25 05:53:57,450 [main] INFO  handler.ContextHandler (ContextHandler.java:doStart(781)) - Started o.e.j.s.ServletContextHandler@68fa0ba8{/logs,file:///workdir/hadoop-ozone/ozonefs/target/log,AVAILABLE}
2019-09-25 05:53:57,451 [main] INFO  handler.ContextHandler (ContextHandler.java:doStart(781)) - Started o.e.j.s.ServletContextHandler@5c10f1c3{/static,jar:file:/home/user/.m2/repository/org/apache/hadoop/hadoop-hdds-server-scm/0.5.0-SNAPSHOT/hadoop-hdds-server-scm-0.5.0-SNAPSHOT.jar!/webapps/static,AVAILABLE}
2019-09-25 05:53:57,521 [main] INFO  handler.ContextHandler (ContextHandler.java:doStart(781)) - Started o.e.j.w.WebAppContext@5a021cb9{/,file:///tmp/jetty-0.0.0.0-36252-scm-_-any-325191515247710859.dir/webapp/,AVAILABLE}{/scm}
2019-09-25 05:53:57,526 [main] INFO  server.AbstractConnector (AbstractConnector.java:doStart(278)) - Started ServerConnector@287f94b1{HTTP/1.1,[http/1.1]}{0.0.0.0:36252}
2019-09-25 05:53:57,526 [main] INFO  server.Server (Server.java:doStart(419)) - Started @3080ms
2019-09-25 05:53:57,528 [main] INFO  impl.MetricsSinkAdapter (MetricsSinkAdapter.java:start(204)) - Sink prometheus started
2019-09-25 05:53:57,528 [main] INFO  impl.MetricsSystemImpl (MetricsSystemImpl.java:registerSink(301)) - Registered sink prometheus
2019-09-25 05:53:57,530 [main] INFO  server.BaseHttpServer (BaseHttpServer.java:updateConnectorAddress(215)) - HTTP server of SCM is listening at http://0.0.0.0:36252
2019-09-25 05:53:57,540 [org.apache.hadoop.util.JvmPauseMonitor$Monitor@324c64cd] INFO  util.JvmPauseMonitor (JvmPauseMonitor.java:run(188)) - Starting JVM pause monitor
2019-09-25 05:53:57,546 [main] WARN  server.ServerUtils (ServerUtils.java:getDBPath(222)) - ozone.om.db.dirs is not configured. We recommend adding this setting. Falling back to ozone.metadata.dirs instead.
2019-09-25 05:53:57,680 [main] WARN  server.ServerUtils (ServerUtils.java:getDBPath(222)) - ozone.om.db.dirs is not configured. We recommend adding this setting. Falling back to ozone.metadata.dirs instead.
2019-09-25 05:53:57,681 [main] WARN  server.ServerUtils (ServerUtils.java:getDBPath(222)) - ozone.om.db.dirs is not configured. We recommend adding this setting. Falling back to ozone.metadata.dirs instead.
2019-09-25 05:53:57,682 [main] INFO  om.OzoneManager (OzoneManager.java:setOMNodeDetails(652)) - OM Service ID is not set. Setting it to the default ID: omServiceIdDefault
2019-09-25 05:53:57,682 [main] INFO  om.OzoneManager (OzoneManager.java:setOMNodeDetails(658)) - OM Node ID is not set. Setting it to the OmStorage's OmID: cdc22614-ac36-49cc-916d-2645a90dd2a1
2019-09-25 05:53:57,683 [main] INFO  om.OzoneManager (OzoneManager.java:loadOMHAConfigs(609)) - Found matching OM address with OMServiceId: null, OMNodeId: null, RPC Address: localhost:0 and Ratis port: 9872
2019-09-25 05:53:58,529 [main] WARN  server.ServerUtils (ServerUtils.java:getDBPath(222)) - ozone.om.db.dirs is not configured. We recommend adding this setting. Falling back to ozone.metadata.dirs instead.
2019-09-25 05:53:58,540 [main] INFO  db.DBStoreBuilder (DBStoreBuilder.java:addTable(110)) - using custom profile for table: userTable
2019-09-25 05:53:58,540 [main] INFO  db.DBStoreBuilder (DBStoreBuilder.java:processTables(161)) - Using default column profile:DBProfile.DISK for Table:userTable
2019-09-25 05:53:58,540 [main] INFO  db.DBStoreBuilder (DBStoreBuilder.java:addTable(110)) - using custom profile for table: volumeTable
2019-09-25 05:53:58,540 [main] INFO  db.DBStoreBuilder (DBStoreBuilder.java:processTables(161)) - Using default column profile:DBProfile.DISK for Table:volumeTable
2019-09-25 05:53:58,541 [main] INFO  db.DBStoreBuilder (DBStoreBuilder.java:addTable(110)) - using custom profile for table: bucketTable
2019-09-25 05:53:58,541 [main] INFO  db.DBStoreBuilder (DBStoreBuilder.java:processTables(161)) - Using default column profile:DBProfile.DISK for Table:bucketTable
2019-09-25 05:53:58,541 [main] INFO  db.DBStoreBuilder (DBStoreBuilder.java:addTable(110)) - using custom profile for table: keyTable
2019-09-25 05:53:58,541 [main] INFO  db.DBStoreBuilder (DBStoreBuilder.java:processTables(161)) - Using default column profile:DBProfile.DISK for Table:keyTable
2019-09-25 05:53:58,542 [main] INFO  db.DBStoreBuilder (DBStoreBuilder.java:addTable(110)) - using custom profile for table: deletedTable
2019-09-25 05:53:58,542 [main] INFO  db.DBStoreBuilder (DBStoreBuilder.java:processTables(161)) - Using default column profile:DBProfile.DISK for Table:deletedTable
2019-09-25 05:53:58,542 [main] INFO  db.DBStoreBuilder (DBStoreBuilder.java:addTable(110)) - using custom profile for table: openKeyTable
2019-09-25 05:53:58,542 [main] INFO  db.DBStoreBuilder (DBStoreBuilder.java:processTables(161)) - Using default column profile:DBProfile.DISK for Table:openKeyTable
2019-09-25 05:53:58,542 [main] INFO  db.DBStoreBuilder (DBStoreBuilder.java:addTable(110)) - using custom profile for table: s3Table
2019-09-25 05:53:58,543 [main] INFO  db.DBStoreBuilder (DBStoreBuilder.java:processTables(161)) - Using default column profile:DBProfile.DISK for Table:s3Table
2019-09-25 05:53:58,543 [main] INFO  db.DBStoreBuilder (DBStoreBuilder.java:addTable(110)) - using custom profile for table: multipartInfoTable
2019-09-25 05:53:58,543 [main] INFO  db.DBStoreBuilder (DBStoreBuilder.java:processTables(161)) - Using default column profile:DBProfile.DISK for Table:multipartInfoTable
2019-09-25 05:53:58,543 [main] INFO  db.DBStoreBuilder (DBStoreBuilder.java:addTable(110)) - using custom profile for table: dTokenTable
2019-09-25 05:53:58,544 [main] INFO  db.DBStoreBuilder (DBStoreBuilder.java:processTables(161)) - Using default column profile:DBProfile.DISK for Table:dTokenTable
2019-09-25 05:53:58,544 [main] INFO  db.DBStoreBuilder (DBStoreBuilder.java:addTable(110)) - using custom profile for table: s3SecretTable
2019-09-25 05:53:58,544 [main] INFO  db.DBStoreBuilder (DBStoreBuilder.java:processTables(161)) - Using default column profile:DBProfile.DISK for Table:s3SecretTable
2019-09-25 05:53:58,544 [main] INFO  db.DBStoreBuilder (DBStoreBuilder.java:addTable(110)) - using custom profile for table: prefixTable
2019-09-25 05:53:58,544 [main] INFO  db.DBStoreBuilder (DBStoreBuilder.java:processTables(161)) - Using default column profile:DBProfile.DISK for Table:prefixTable
2019-09-25 05:53:58,545 [main] INFO  db.DBStoreBuilder (DBStoreBuilder.java:addTable(110)) - using custom profile for table: default
2019-09-25 05:53:58,545 [main] INFO  db.DBStoreBuilder (DBStoreBuilder.java:processTables(167)) - Using default column profile:DBProfile.DISK for Table:default
2019-09-25 05:53:58,545 [main] INFO  db.DBStoreBuilder (DBStoreBuilder.java:getDbProfile(198)) - Using default options. DBProfile.DISK
2019-09-25 05:53:59,019 [main] INFO  ipc.CallQueueManager (CallQueueManager.java:<init>(84)) - Using callQueue: class java.util.concurrent.LinkedBlockingQueue, queueCapacity: 2000, scheduler: class org.apache.hadoop.ipc.DefaultRpcScheduler, ipcBackoff: false.
2019-09-25 05:53:59,021 [Socket Reader #1 for port 35983] INFO  ipc.Server (Server.java:run(1074)) - Starting Socket Reader #1 for port 35983
2019-09-25 05:53:59,049 [main] INFO  om.OzoneManager (OzoneManager.java:start(1243)) - OzoneManager RPC server is listening at localhost/127.0.0.1:35983
2019-09-25 05:53:59,049 [main] INFO  impl.MetricsSystemImpl (MetricsSystemImpl.java:init(158)) - OzoneManager metrics system started (again)
2019-09-25 05:53:59,050 [IPC Server Responder] INFO  ipc.Server (Server.java:run(1314)) - IPC Server Responder: starting
2019-09-25 05:53:59,051 [IPC Server listener on 35983] INFO  ipc.Server (Server.java:run(1153)) - IPC Server listener on 35983: starting
2019-09-25 05:53:59,057 [main] INFO  hdfs.DFSUtil (DFSUtil.java:httpServerTemplateForNNAndJN(1641)) - Starting Web-server for ozoneManager at: http://0.0.0.0:0
2019-09-25 05:53:59,060 [main] INFO  server.AuthenticationFilter (AuthenticationFilter.java:constructSecretProvider(240)) - Unable to initialize FileSignerSecretProvider, falling back to use random secrets.
2019-09-25 05:53:59,061 [main] WARN  http.HttpRequestLog (HttpRequestLog.java:getRequestLog(97)) - Jetty request log can only be enabled using Log4j
2019-09-25 05:53:59,065 [main] INFO  http.HttpServer2 (HttpServer2.java:addGlobalFilter(975)) - Added global filter 'safety' (class=org.apache.hadoop.http.HttpServer2$QuotingInputFilter)
2019-09-25 05:53:59,068 [main] INFO  http.HttpServer2 (HttpServer2.java:addFilter(948)) - Added filter static_user_filter (class=org.apache.hadoop.http.lib.StaticUserWebFilter$StaticUserFilter) to context ozoneManager
2019-09-25 05:53:59,068 [main] INFO  http.HttpServer2 (HttpServer2.java:addFilter(958)) - Added filter static_user_filter (class=org.apache.hadoop.http.lib.StaticUserWebFilter$StaticUserFilter) to context logs
2019-09-25 05:53:59,068 [main] INFO  http.HttpServer2 (HttpServer2.java:addFilter(958)) - Added filter static_user_filter (class=org.apache.hadoop.http.lib.StaticUserWebFilter$StaticUserFilter) to context static
2019-09-25 05:53:59,072 [main] INFO  http.HttpServer2 (HttpServer2.java:bindListener(1191)) - Jetty bound to port 34774
2019-09-25 05:53:59,072 [main] INFO  server.Server (Server.java:doStart(351)) - jetty-9.3.25.v20180904, build timestamp: 2018-09-04T21:11:46Z, git hash: 3ce520221d0240229c862b122d2b06c12a625732
2019-09-25 05:53:59,075 [main] INFO  handler.ContextHandler (ContextHandler.java:doStart(781)) - Started o.e.j.s.ServletContextHandler@56303475{/logs,file:///workdir/hadoop-ozone/ozonefs/target/log,AVAILABLE}
2019-09-25 05:53:59,076 [main] INFO  handler.ContextHandler (ContextHandler.java:doStart(781)) - Started o.e.j.s.ServletContextHandler@1dcca8d3{/static,jar:file:/home/user/.m2/repository/org/apache/hadoop/hadoop-ozone-ozone-manager/0.5.0-SNAPSHOT/hadoop-ozone-ozone-manager-0.5.0-SNAPSHOT.jar!/webapps/static,AVAILABLE}
2019-09-25 05:53:59,143 [main] INFO  handler.ContextHandler (ContextHandler.java:doStart(781)) - Started o.e.j.w.WebAppContext@298d9a05{/,file:///tmp/jetty-0.0.0.0-34774-ozoneManager-_-any-861979504022212403.dir/webapp/,AVAILABLE}{/ozoneManager}
2019-09-25 05:53:59,144 [main] INFO  server.AbstractConnector (AbstractConnector.java:doStart(278)) - Started ServerConnector@58399d82{HTTP/1.1,[http/1.1]}{0.0.0.0:34774}
2019-09-25 05:53:59,144 [main] INFO  server.Server (Server.java:doStart(419)) - Started @4698ms
2019-09-25 05:53:59,145 [main] WARN  impl.MetricsSystemImpl (MetricsSystemImpl.java:register(276)) - Sink prometheus already exists!
2019-09-25 05:53:59,146 [main] INFO  server.BaseHttpServer (BaseHttpServer.java:updateConnectorAddress(215)) - HTTP server of OZONEMANAGER is listening at http://0.0.0.0:34774
2019-09-25 05:53:59,577 [main] INFO  impl.MetricsSystemImpl (MetricsSystemImpl.java:init(158)) - HddsDatanode metrics system started (again)
2019-09-25 05:53:59,653 [main] INFO  ozone.HddsDatanodeService (HddsDatanodeService.java:start(184)) - HddsDatanodeService host:pr-hdds-1569-zxpks-796972592 ip:192.168.5.161
2019-09-25 05:53:59,696 [main] INFO  volume.HddsVolume (HddsVolume.java:<init>(176)) - Creating Volume: /workdir/hadoop-ozone/ozonefs/target/test-dir/MiniOzoneClusterImpl-a7a48124-c188-483e-b9a9-787dfdcc7198/datanode-0/data/containers/hdds of  storage type : DISK and capacity : 1482555576320
2019-09-25 05:53:59,699 [main] INFO  volume.VolumeSet (VolumeSet.java:initializeVolumeSet(170)) - Added Volume : /workdir/hadoop-ozone/ozonefs/target/test-dir/MiniOzoneClusterImpl-a7a48124-c188-483e-b9a9-787dfdcc7198/datanode-0/data/containers/hdds to VolumeSet
2019-09-25 05:53:59,703 [main] INFO  volume.ThrottledAsyncChecker (ThrottledAsyncChecker.java:schedule(139)) - Scheduling a check for org.apache.hadoop.ozone.container.common.volume.HddsVolume@4ba380c7
2019-09-25 05:53:59,731 [main] INFO  volume.HddsVolumeChecker (HddsVolumeChecker.java:checkAllVolumes(202)) - Scheduled health check for volume org.apache.hadoop.ozone.container.common.volume.HddsVolume@4ba380c7
2019-09-25 05:53:59,871 [main] INFO  impl.RaftServerProxy (ConfUtils.java:logGet(43)) - raft.rpc.type = GRPC (default)
2019-09-25 05:53:59,952 [main] INFO  grpc.GrpcFactory (GrpcFactory.java:checkPooledByteBufAllocatorUseCacheForAllThreads(45)) - PERFORMANCE WARNING: useCacheForAllThreads is true that may cause Netty to create a lot garbage objects and, as a result, trigger GC.
	It is recommended to disable useCacheForAllThreads by setting -Dorg.apache.ratis.thirdparty.io.netty.allocator.useCacheForAllThreads=false in command line.
2019-09-25 05:53:59,957 [main] INFO  grpc.GrpcConfigKeys$Server (ConfUtils.java:logGet(43)) - raft.grpc.server.port = 0 (default)
2019-09-25 05:53:59,959 [main] INFO  server.GrpcService (ConfUtils.java:logGet(43)) - raft.grpc.message.size.max = 33570816 (custom)
2019-09-25 05:53:59,962 [main] INFO  server.RaftServerConfigKeys (ConfUtils.java:logGet(43)) - raft.server.log.appender.buffer.byte-limit = 33554432 (custom)
2019-09-25 05:53:59,964 [main] INFO  server.GrpcService (ConfUtils.java:logGet(43)) - raft.grpc.flow.control.window = 1MB (=1048576) (default)
2019-09-25 05:53:59,965 [main] INFO  server.RaftServerConfigKeys (ConfUtils.java:logGet(43)) - raft.server.rpc.request.timeout = 3000ms (default)
2019-09-25 05:54:00,191 [main] INFO  server.RaftServerConfigKeys (ConfUtils.java:logGet(43)) - raft.server.storage.dir = [/workdir/hadoop-ozone/ozonefs/target/test-dir/MiniOzoneClusterImpl-a7a48124-c188-483e-b9a9-787dfdcc7198/datanode-0/data/ratis] (custom)
2019-09-25 05:54:00,261 [main] INFO  hdfs.DFSUtil (DFSUtil.java:httpServerTemplateForNNAndJN(1641)) - Starting Web-server for hddsDatanode at: http://0.0.0.0:0
2019-09-25 05:54:00,263 [main] INFO  server.AuthenticationFilter (AuthenticationFilter.java:constructSecretProvider(240)) - Unable to initialize FileSignerSecretProvider, falling back to use random secrets.
2019-09-25 05:54:00,264 [main] WARN  http.HttpRequestLog (HttpRequestLog.java:getRequestLog(97)) - Jetty request log can only be enabled using Log4j
2019-09-25 05:54:00,266 [main] INFO  http.HttpServer2 (HttpServer2.java:addGlobalFilter(975)) - Added global filter 'safety' (class=org.apache.hadoop.http.HttpServer2$QuotingInputFilter)
2019-09-25 05:54:00,267 [main] INFO  http.HttpServer2 (HttpServer2.java:addFilter(948)) - Added filter static_user_filter (class=org.apache.hadoop.http.lib.StaticUserWebFilter$StaticUserFilter) to context hddsDatanode
2019-09-25 05:54:00,267 [main] INFO  http.HttpServer2 (HttpServer2.java:addFilter(958)) - Added filter static_user_filter (class=org.apache.hadoop.http.lib.StaticUserWebFilter$StaticUserFilter) to context logs
2019-09-25 05:54:00,268 [main] INFO  http.HttpServer2 (HttpServer2.java:addFilter(958)) - Added filter static_user_filter (class=org.apache.hadoop.http.lib.StaticUserWebFilter$StaticUserFilter) to context static
2019-09-25 05:54:00,269 [main] INFO  http.HttpServer2 (HttpServer2.java:bindListener(1191)) - Jetty bound to port 44381
2019-09-25 05:54:00,269 [main] INFO  server.Server (Server.java:doStart(351)) - jetty-9.3.25.v20180904, build timestamp: 2018-09-04T21:11:46Z, git hash: 3ce520221d0240229c862b122d2b06c12a625732
2019-09-25 05:54:00,272 [main] INFO  handler.ContextHandler (ContextHandler.java:doStart(781)) - Started o.e.j.s.ServletContextHandler@1981d861{/logs,file:///workdir/hadoop-ozone/ozonefs/target/log,AVAILABLE}
2019-09-25 05:54:00,272 [main] INFO  handler.ContextHandler (ContextHandler.java:doStart(781)) - Started o.e.j.s.ServletContextHandler@53f4c1e6{/static,jar:file:/home/user/.m2/repository/org/apache/hadoop/hadoop-hdds-container-service/0.5.0-SNAPSHOT/hadoop-hdds-container-service-0.5.0-SNAPSHOT.jar!/webapps/static,AVAILABLE}
2019-09-25 05:54:00,302 [main] INFO  handler.ContextHandler (ContextHandler.java:doStart(781)) - Started o.e.j.w.WebAppContext@5e7c141d{/,file:///tmp/jetty-0.0.0.0-44381-hddsDatanode-_-any-8552628633139936109.dir/webapp/,AVAILABLE}{/hddsDatanode}
2019-09-25 05:54:00,302 [main] INFO  server.AbstractConnector (AbstractConnector.java:doStart(278)) - Started ServerConnector@43af351a{HTTP/1.1,[http/1.1]}{0.0.0.0:44381}
2019-09-25 05:54:00,303 [main] INFO  server.Server (Server.java:doStart(419)) - Started @5857ms
2019-09-25 05:54:00,304 [main] WARN  impl.MetricsSystemImpl (MetricsSystemImpl.java:register(276)) - Sink prometheus already exists!
2019-09-25 05:54:00,305 [main] INFO  server.BaseHttpServer (BaseHttpServer.java:updateConnectorAddress(215)) - HTTP server of HDDSDATANODE is listening at http://0.0.0.0:44381
2019-09-25 05:54:00,306 [main] INFO  impl.MetricsSystemImpl (MetricsSystemImpl.java:init(158)) - HddsDatanode metrics system started (again)
2019-09-25 05:54:00,309 [main] INFO  ozone.HddsDatanodeService (HddsDatanodeService.java:start(184)) - HddsDatanodeService host:pr-hdds-1569-zxpks-796972592 ip:192.168.5.161
2019-09-25 05:54:00,314 [org.apache.hadoop.util.JvmPauseMonitor$Monitor@4f9b4238] INFO  util.JvmPauseMonitor (JvmPauseMonitor.java:run(188)) - Starting JVM pause monitor
2019-09-25 05:54:00,320 [main] INFO  volume.HddsVolume (HddsVolume.java:<init>(176)) - Creating Volume: /workdir/hadoop-ozone/ozonefs/target/test-dir/MiniOzoneClusterImpl-a7a48124-c188-483e-b9a9-787dfdcc7198/datanode-1/data/containers/hdds of  storage type : DISK and capacity : 1482555576320
2019-09-25 05:54:00,320 [main] INFO  volume.VolumeSet (VolumeSet.java:initializeVolumeSet(170)) - Added Volume : /workdir/hadoop-ozone/ozonefs/target/test-dir/MiniOzoneClusterImpl-a7a48124-c188-483e-b9a9-787dfdcc7198/datanode-1/data/containers/hdds to VolumeSet
2019-09-25 05:54:00,321 [main] INFO  volume.ThrottledAsyncChecker (ThrottledAsyncChecker.java:schedule(139)) - Scheduling a check for org.apache.hadoop.ozone.container.common.volume.HddsVolume@709ed6f3
2019-09-25 05:54:00,321 [main] INFO  volume.HddsVolumeChecker (HddsVolumeChecker.java:checkAllVolumes(202)) - Scheduled health check for volume org.apache.hadoop.ozone.container.common.volume.HddsVolume@709ed6f3
2019-09-25 05:54:00,356 [main] INFO  impl.RaftServerProxy (ConfUtils.java:logGet(43)) - raft.rpc.type = GRPC (default)
2019-09-25 05:54:00,356 [main] INFO  grpc.GrpcFactory (GrpcFactory.java:checkPooledByteBufAllocatorUseCacheForAllThreads(45)) - PERFORMANCE WARNING: useCacheForAllThreads is true that may cause Netty to create a lot garbage objects and, as a result, trigger GC.
	It is recommended to disable useCacheForAllThreads by setting -Dorg.apache.ratis.thirdparty.io.netty.allocator.useCacheForAllThreads=false in command line.
2019-09-25 05:54:00,357 [main] INFO  grpc.GrpcConfigKeys$Server (ConfUtils.java:logGet(43)) - raft.grpc.server.port = 0 (default)
2019-09-25 05:54:00,357 [main] INFO  server.GrpcService (ConfUtils.java:logGet(43)) - raft.grpc.message.size.max = 33570816 (custom)
2019-09-25 05:54:00,357 [main] INFO  server.RaftServerConfigKeys (ConfUtils.java:logGet(43)) - raft.server.log.appender.buffer.byte-limit = 33554432 (custom)
2019-09-25 05:54:00,358 [main] INFO  server.GrpcService (ConfUtils.java:logGet(43)) - raft.grpc.flow.control.window = 1MB (=1048576) (default)
2019-09-25 05:54:00,358 [main] INFO  server.RaftServerConfigKeys (ConfUtils.java:logGet(43)) - raft.server.rpc.request.timeout = 3000ms (default)
2019-09-25 05:54:00,359 [main] INFO  server.RaftServerConfigKeys (ConfUtils.java:logGet(43)) - raft.server.storage.dir = [/workdir/hadoop-ozone/ozonefs/target/test-dir/MiniOzoneClusterImpl-a7a48124-c188-483e-b9a9-787dfdcc7198/datanode-1/data/ratis] (custom)
2019-09-25 05:54:00,362 [main] INFO  hdfs.DFSUtil (DFSUtil.java:httpServerTemplateForNNAndJN(1641)) - Starting Web-server for hddsDatanode at: http://0.0.0.0:0
2019-09-25 05:54:00,364 [main] INFO  server.AuthenticationFilter (AuthenticationFilter.java:constructSecretProvider(240)) - Unable to initialize FileSignerSecretProvider, falling back to use random secrets.
2019-09-25 05:54:00,365 [main] WARN  http.HttpRequestLog (HttpRequestLog.java:getRequestLog(97)) - Jetty request log can only be enabled using Log4j
2019-09-25 05:54:00,366 [main] INFO  http.HttpServer2 (HttpServer2.java:addGlobalFilter(975)) - Added global filter 'safety' (class=org.apache.hadoop.http.HttpServer2$QuotingInputFilter)
2019-09-25 05:54:00,367 [main] INFO  http.HttpServer2 (HttpServer2.java:addFilter(948)) - Added filter static_user_filter (class=org.apache.hadoop.http.lib.StaticUserWebFilter$StaticUserFilter) to context hddsDatanode
2019-09-25 05:54:00,367 [main] INFO  http.HttpServer2 (HttpServer2.java:addFilter(958)) - Added filter static_user_filter (class=org.apache.hadoop.http.lib.StaticUserWebFilter$StaticUserFilter) to context logs
2019-09-25 05:54:00,367 [main] INFO  http.HttpServer2 (HttpServer2.java:addFilter(958)) - Added filter static_user_filter (class=org.apache.hadoop.http.lib.StaticUserWebFilter$StaticUserFilter) to context static
2019-09-25 05:54:00,368 [main] INFO  http.HttpServer2 (HttpServer2.java:bindListener(1191)) - Jetty bound to port 40535
2019-09-25 05:54:00,369 [main] INFO  server.Server (Server.java:doStart(351)) - jetty-9.3.25.v20180904, build timestamp: 2018-09-04T21:11:46Z, git hash: 3ce520221d0240229c862b122d2b06c12a625732
2019-09-25 05:54:00,372 [main] INFO  handler.ContextHandler (ContextHandler.java:doStart(781)) - Started o.e.j.s.ServletContextHandler@748d2277{/logs,file:///workdir/hadoop-ozone/ozonefs/target/log,AVAILABLE}
2019-09-25 05:54:00,373 [main] INFO  handler.ContextHandler (ContextHandler.java:doStart(781)) - Started o.e.j.s.ServletContextHandler@d5d5353{/static,jar:file:/home/user/.m2/repository/org/apache/hadoop/hadoop-hdds-container-service/0.5.0-SNAPSHOT/hadoop-hdds-container-service-0.5.0-SNAPSHOT.jar!/webapps/static,AVAILABLE}
2019-09-25 05:54:00,401 [main] INFO  handler.ContextHandler (ContextHandler.java:doStart(781)) - Started o.e.j.w.WebAppContext@44cffc25{/,file:///tmp/jetty-0.0.0.0-40535-hddsDatanode-_-any-3466573566148967083.dir/webapp/,AVAILABLE}{/hddsDatanode}
2019-09-25 05:54:00,402 [main] INFO  server.AbstractConnector (AbstractConnector.java:doStart(278)) - Started ServerConnector@2a369e14{HTTP/1.1,[http/1.1]}{0.0.0.0:40535}
2019-09-25 05:54:00,403 [main] INFO  server.Server (Server.java:doStart(419)) - Started @5957ms
2019-09-25 05:54:00,404 [main] WARN  impl.MetricsSystemImpl (MetricsSystemImpl.java:register(276)) - Sink prometheus already exists!
2019-09-25 05:54:00,405 [main] INFO  server.BaseHttpServer (BaseHttpServer.java:updateConnectorAddress(215)) - HTTP server of HDDSDATANODE is listening at http://0.0.0.0:40535
2019-09-25 05:54:00,405 [main] INFO  impl.MetricsSystemImpl (MetricsSystemImpl.java:init(158)) - HddsDatanode metrics system started (again)
2019-09-25 05:54:00,408 [main] INFO  ozone.HddsDatanodeService (HddsDatanodeService.java:start(184)) - HddsDatanodeService host:pr-hdds-1569-zxpks-796972592 ip:192.168.5.161
2019-09-25 05:54:00,409 [org.apache.hadoop.util.JvmPauseMonitor$Monitor@c133fb7] INFO  util.JvmPauseMonitor (JvmPauseMonitor.java:run(188)) - Starting JVM pause monitor
2019-09-25 05:54:00,420 [main] INFO  volume.HddsVolume (HddsVolume.java:<init>(176)) - Creating Volume: /workdir/hadoop-ozone/ozonefs/target/test-dir/MiniOzoneClusterImpl-a7a48124-c188-483e-b9a9-787dfdcc7198/datanode-2/data/containers/hdds of  storage type : DISK and capacity : 1482555576320
2019-09-25 05:54:00,420 [main] INFO  volume.VolumeSet (VolumeSet.java:initializeVolumeSet(170)) - Added Volume : /workdir/hadoop-ozone/ozonefs/target/test-dir/MiniOzoneClusterImpl-a7a48124-c188-483e-b9a9-787dfdcc7198/datanode-2/data/containers/hdds to VolumeSet
2019-09-25 05:54:00,421 [main] INFO  volume.ThrottledAsyncChecker (ThrottledAsyncChecker.java:schedule(139)) - Scheduling a check for org.apache.hadoop.ozone.container.common.volume.HddsVolume@4c58255
2019-09-25 05:54:00,421 [main] INFO  volume.HddsVolumeChecker (HddsVolumeChecker.java:checkAllVolumes(202)) - Scheduled health check for volume org.apache.hadoop.ozone.container.common.volume.HddsVolume@4c58255
2019-09-25 05:54:00,442 [main] INFO  impl.RaftServerProxy (ConfUtils.java:logGet(43)) - raft.rpc.type = GRPC (default)
2019-09-25 05:54:00,443 [main] INFO  grpc.GrpcFactory (GrpcFactory.java:checkPooledByteBufAllocatorUseCacheForAllThreads(45)) - PERFORMANCE WARNING: useCacheForAllThreads is true that may cause Netty to create a lot garbage objects and, as a result, trigger GC.
	It is recommended to disable useCacheForAllThreads by setting -Dorg.apache.ratis.thirdparty.io.netty.allocator.useCacheForAllThreads=false in command line.
2019-09-25 05:54:00,443 [main] INFO  grpc.GrpcConfigKeys$Server (ConfUtils.java:logGet(43)) - raft.grpc.server.port = 0 (default)
2019-09-25 05:54:00,443 [main] INFO  server.GrpcService (ConfUtils.java:logGet(43)) - raft.grpc.message.size.max = 33570816 (custom)
2019-09-25 05:54:00,443 [main] INFO  server.RaftServerConfigKeys (ConfUtils.java:logGet(43)) - raft.server.log.appender.buffer.byte-limit = 33554432 (custom)
2019-09-25 05:54:00,444 [main] INFO  server.GrpcService (ConfUtils.java:logGet(43)) - raft.grpc.flow.control.window = 1MB (=1048576) (default)
2019-09-25 05:54:00,444 [main] INFO  server.RaftServerConfigKeys (ConfUtils.java:logGet(43)) - raft.server.rpc.request.timeout = 3000ms (default)
2019-09-25 05:54:00,445 [main] INFO  server.RaftServerConfigKeys (ConfUtils.java:logGet(43)) - raft.server.storage.dir = [/workdir/hadoop-ozone/ozonefs/target/test-dir/MiniOzoneClusterImpl-a7a48124-c188-483e-b9a9-787dfdcc7198/datanode-2/data/ratis] (custom)
2019-09-25 05:54:00,447 [main] INFO  hdfs.DFSUtil (DFSUtil.java:httpServerTemplateForNNAndJN(1641)) - Starting Web-server for hddsDatanode at: http://0.0.0.0:0
2019-09-25 05:54:00,449 [main] INFO  server.AuthenticationFilter (AuthenticationFilter.java:constructSecretProvider(240)) - Unable to initialize FileSignerSecretProvider, falling back to use random secrets.
2019-09-25 05:54:00,450 [main] WARN  http.HttpRequestLog (HttpRequestLog.java:getRequestLog(97)) - Jetty request log can only be enabled using Log4j
2019-09-25 05:54:00,452 [main] INFO  http.HttpServer2 (HttpServer2.java:addGlobalFilter(975)) - Added global filter 'safety' (class=org.apache.hadoop.http.HttpServer2$QuotingInputFilter)
2019-09-25 05:54:00,453 [main] INFO  http.HttpServer2 (HttpServer2.java:addFilter(948)) - Added filter static_user_filter (class=org.apache.hadoop.http.lib.StaticUserWebFilter$StaticUserFilter) to context hddsDatanode
2019-09-25 05:54:00,453 [main] INFO  http.HttpServer2 (HttpServer2.java:addFilter(958)) - Added filter static_user_filter (class=org.apache.hadoop.http.lib.StaticUserWebFilter$StaticUserFilter) to context logs
2019-09-25 05:54:00,453 [main] INFO  http.HttpServer2 (HttpServer2.java:addFilter(958)) - Added filter static_user_filter (class=org.apache.hadoop.http.lib.StaticUserWebFilter$StaticUserFilter) to context static
2019-09-25 05:54:00,454 [main] INFO  http.HttpServer2 (HttpServer2.java:bindListener(1191)) - Jetty bound to port 42525
2019-09-25 05:54:00,454 [main] INFO  server.Server (Server.java:doStart(351)) - jetty-9.3.25.v20180904, build timestamp: 2018-09-04T21:11:46Z, git hash: 3ce520221d0240229c862b122d2b06c12a625732
2019-09-25 05:54:00,454 [Datanode State Machine Thread - 0] INFO  datanode.InitDatanodeState (InitDatanodeState.java:persistContainerDatanodeDetails(140)) - DatanodeDetails is persisted to /workdir/hadoop-ozone/ozonefs/target/test-dir/MiniOzoneClusterImpl-a7a48124-c188-483e-b9a9-787dfdcc7198/datanode-0/meta/datanode.id
2019-09-25 05:54:00,459 [main] INFO  handler.ContextHandler (ContextHandler.java:doStart(781)) - Started o.e.j.s.ServletContextHandler@41294371{/logs,file:///workdir/hadoop-ozone/ozonefs/target/log,AVAILABLE}
2019-09-25 05:54:00,459 [main] INFO  handler.ContextHandler (ContextHandler.java:doStart(781)) - Started o.e.j.s.ServletContextHandler@1b956cfa{/static,jar:file:/home/user/.m2/repository/org/apache/hadoop/hadoop-hdds-container-service/0.5.0-SNAPSHOT/hadoop-hdds-container-service-0.5.0-SNAPSHOT.jar!/webapps/static,AVAILABLE}
2019-09-25 05:54:00,460 [Datanode State Machine Thread - 0] INFO  datanode.InitDatanodeState (InitDatanodeState.java:persistContainerDatanodeDetails(140)) - DatanodeDetails is persisted to /workdir/hadoop-ozone/ozonefs/target/test-dir/MiniOzoneClusterImpl-a7a48124-c188-483e-b9a9-787dfdcc7198/datanode-1/meta/datanode.id
2019-09-25 05:54:00,488 [main] INFO  handler.ContextHandler (ContextHandler.java:doStart(781)) - Started o.e.j.w.WebAppContext@52f57666{/,file:///tmp/jetty-0.0.0.0-42525-hddsDatanode-_-any-2475915610588022010.dir/webapp/,AVAILABLE}{/hddsDatanode}
2019-09-25 05:54:00,489 [main] INFO  server.AbstractConnector (AbstractConnector.java:doStart(278)) - Started ServerConnector@6e041285{HTTP/1.1,[http/1.1]}{0.0.0.0:42525}
2019-09-25 05:54:00,489 [main] INFO  server.Server (Server.java:doStart(419)) - Started @6044ms
2019-09-25 05:54:00,491 [main] WARN  impl.MetricsSystemImpl (MetricsSystemImpl.java:register(276)) - Sink prometheus already exists!
2019-09-25 05:54:00,492 [main] INFO  server.BaseHttpServer (BaseHttpServer.java:updateConnectorAddress(215)) - HTTP server of HDDSDATANODE is listening at http://0.0.0.0:42525
2019-09-25 05:54:00,492 [main] INFO  impl.MetricsSystemImpl (MetricsSystemImpl.java:init(158)) - HddsDatanode metrics system started (again)
2019-09-25 05:54:00,496 [main] INFO  ozone.HddsDatanodeService (HddsDatanodeService.java:start(184)) - HddsDatanodeService host:pr-hdds-1569-zxpks-796972592 ip:192.168.5.161
2019-09-25 05:54:00,496 [org.apache.hadoop.util.JvmPauseMonitor$Monitor@785c00e5] INFO  util.JvmPauseMonitor (JvmPauseMonitor.java:run(188)) - Starting JVM pause monitor
2019-09-25 05:54:00,499 [Datanode State Machine Thread - 0] INFO  datanode.InitDatanodeState (InitDatanodeState.java:persistContainerDatanodeDetails(140)) - DatanodeDetails is persisted to /workdir/hadoop-ozone/ozonefs/target/test-dir/MiniOzoneClusterImpl-a7a48124-c188-483e-b9a9-787dfdcc7198/datanode-2/meta/datanode.id
2019-09-25 05:54:00,506 [main] INFO  volume.HddsVolume (HddsVolume.java:<init>(176)) - Creating Volume: /workdir/hadoop-ozone/ozonefs/target/test-dir/MiniOzoneClusterImpl-a7a48124-c188-483e-b9a9-787dfdcc7198/datanode-3/data/containers/hdds of  storage type : DISK and capacity : 1482555576320
2019-09-25 05:54:00,506 [main] INFO  volume.VolumeSet (VolumeSet.java:initializeVolumeSet(170)) - Added Volume : /workdir/hadoop-ozone/ozonefs/target/test-dir/MiniOzoneClusterImpl-a7a48124-c188-483e-b9a9-787dfdcc7198/datanode-3/data/containers/hdds to VolumeSet
2019-09-25 05:54:00,507 [main] INFO  volume.ThrottledAsyncChecker (ThrottledAsyncChecker.java:schedule(139)) - Scheduling a check for org.apache.hadoop.ozone.container.common.volume.HddsVolume@64d4f7c7
2019-09-25 05:54:00,507 [main] INFO  volume.HddsVolumeChecker (HddsVolumeChecker.java:checkAllVolumes(202)) - Scheduled health check for volume org.apache.hadoop.ozone.container.common.volume.HddsVolume@64d4f7c7
2019-09-25 05:54:00,529 [main] INFO  impl.RaftServerProxy (ConfUtils.java:logGet(43)) - raft.rpc.type = GRPC (default)
2019-09-25 05:54:00,529 [main] INFO  grpc.GrpcFactory (GrpcFactory.java:checkPooledByteBufAllocatorUseCacheForAllThreads(45)) - PERFORMANCE WARNING: useCacheForAllThreads is true that may cause Netty to create a lot garbage objects and, as a result, trigger GC.
	It is recommended to disable useCacheForAllThreads by setting -Dorg.apache.ratis.thirdparty.io.netty.allocator.useCacheForAllThreads=false in command line.
2019-09-25 05:54:00,529 [main] INFO  grpc.GrpcConfigKeys$Server (ConfUtils.java:logGet(43)) - raft.grpc.server.port = 0 (default)
2019-09-25 05:54:00,529 [main] INFO  server.GrpcService (ConfUtils.java:logGet(43)) - raft.grpc.message.size.max = 33570816 (custom)
2019-09-25 05:54:00,530 [main] INFO  server.RaftServerConfigKeys (ConfUtils.java:logGet(43)) - raft.server.log.appender.buffer.byte-limit = 33554432 (custom)
2019-09-25 05:54:00,530 [main] INFO  server.GrpcService (ConfUtils.java:logGet(43)) - raft.grpc.flow.control.window = 1MB (=1048576) (default)
2019-09-25 05:54:00,530 [main] INFO  server.RaftServerConfigKeys (ConfUtils.java:logGet(43)) - raft.server.rpc.request.timeout = 3000ms (default)
2019-09-25 05:54:00,531 [main] INFO  server.RaftServerConfigKeys (ConfUtils.java:logGet(43)) - raft.server.storage.dir = [/workdir/hadoop-ozone/ozonefs/target/test-dir/MiniOzoneClusterImpl-a7a48124-c188-483e-b9a9-787dfdcc7198/datanode-3/data/ratis] (custom)
2019-09-25 05:54:00,532 [main] INFO  hdfs.DFSUtil (DFSUtil.java:httpServerTemplateForNNAndJN(1641)) - Starting Web-server for hddsDatanode at: http://0.0.0.0:0
2019-09-25 05:54:00,534 [main] INFO  server.AuthenticationFilter (AuthenticationFilter.java:constructSecretProvider(240)) - Unable to initialize FileSignerSecretProvider, falling back to use random secrets.
2019-09-25 05:54:00,534 [main] WARN  http.HttpRequestLog (HttpRequestLog.java:getRequestLog(97)) - Jetty request log can only be enabled using Log4j
2019-09-25 05:54:00,536 [main] INFO  http.HttpServer2 (HttpServer2.java:addGlobalFilter(975)) - Added global filter 'safety' (class=org.apache.hadoop.http.HttpServer2$QuotingInputFilter)
2019-09-25 05:54:00,537 [main] INFO  http.HttpServer2 (HttpServer2.java:addFilter(948)) - Added filter static_user_filter (class=org.apache.hadoop.http.lib.StaticUserWebFilter$StaticUserFilter) to context hddsDatanode
2019-09-25 05:54:00,537 [main] INFO  http.HttpServer2 (HttpServer2.java:addFilter(958)) - Added filter static_user_filter (class=org.apache.hadoop.http.lib.StaticUserWebFilter$StaticUserFilter) to context static
2019-09-25 05:54:00,537 [main] INFO  http.HttpServer2 (HttpServer2.java:addFilter(958)) - Added filter static_user_filter (class=org.apache.hadoop.http.lib.StaticUserWebFilter$StaticUserFilter) to context logs
2019-09-25 05:54:00,538 [main] INFO  http.HttpServer2 (HttpServer2.java:bindListener(1191)) - Jetty bound to port 38577
2019-09-25 05:54:00,538 [main] INFO  server.Server (Server.java:doStart(351)) - jetty-9.3.25.v20180904, build timestamp: 2018-09-04T21:11:46Z, git hash: 3ce520221d0240229c862b122d2b06c12a625732
2019-09-25 05:54:00,543 [main] INFO  handler.ContextHandler (ContextHandler.java:doStart(781)) - Started o.e.j.s.ServletContextHandler@67514bdd{/logs,file:///workdir/hadoop-ozone/ozonefs/target/log,AVAILABLE}
2019-09-25 05:54:00,543 [main] INFO  handler.ContextHandler (ContextHandler.java:doStart(781)) - Started o.e.j.s.ServletContextHandler@7f5538a1{/static,jar:file:/home/user/.m2/repository/org/apache/hadoop/hadoop-hdds-container-service/0.5.0-SNAPSHOT/hadoop-hdds-container-service-0.5.0-SNAPSHOT.jar!/webapps/static,AVAILABLE}
2019-09-25 05:54:00,571 [main] INFO  handler.ContextHandler (ContextHandler.java:doStart(781)) - Started o.e.j.w.WebAppContext@3e3315d9{/,file:///tmp/jetty-0.0.0.0-38577-hddsDatanode-_-any-5375746438094156653.dir/webapp/,AVAILABLE}{/hddsDatanode}
2019-09-25 05:54:00,572 [main] INFO  server.AbstractConnector (AbstractConnector.java:doStart(278)) - Started ServerConnector@64db4967{HTTP/1.1,[http/1.1]}{0.0.0.0:38577}
2019-09-25 05:54:00,573 [main] INFO  server.Server (Server.java:doStart(419)) - Started @6127ms
2019-09-25 05:54:00,573 [main] WARN  impl.MetricsSystemImpl (MetricsSystemImpl.java:register(276)) - Sink prometheus already exists!
2019-09-25 05:54:00,574 [main] INFO  server.BaseHttpServer (BaseHttpServer.java:updateConnectorAddress(215)) - HTTP server of HDDSDATANODE is listening at http://0.0.0.0:38577
2019-09-25 05:54:00,574 [main] INFO  impl.MetricsSystemImpl (MetricsSystemImpl.java:init(158)) - HddsDatanode metrics system started (again)
2019-09-25 05:54:00,578 [main] INFO  ozone.HddsDatanodeService (HddsDatanodeService.java:start(184)) - HddsDatanodeService host:pr-hdds-1569-zxpks-796972592 ip:192.168.5.161
2019-09-25 05:54:00,578 [org.apache.hadoop.util.JvmPauseMonitor$Monitor@6ccf5da2] INFO  util.JvmPauseMonitor (JvmPauseMonitor.java:run(188)) - Starting JVM pause monitor
2019-09-25 05:54:00,583 [Datanode State Machine Thread - 0] INFO  datanode.InitDatanodeState (InitDatanodeState.java:persistContainerDatanodeDetails(140)) - DatanodeDetails is persisted to /workdir/hadoop-ozone/ozonefs/target/test-dir/MiniOzoneClusterImpl-a7a48124-c188-483e-b9a9-787dfdcc7198/datanode-3/meta/datanode.id
2019-09-25 05:54:00,587 [main] INFO  volume.HddsVolume (HddsVolume.java:<init>(176)) - Creating Volume: /workdir/hadoop-ozone/ozonefs/target/test-dir/MiniOzoneClusterImpl-a7a48124-c188-483e-b9a9-787dfdcc7198/datanode-4/data/containers/hdds of  storage type : DISK and capacity : 1482555576320
2019-09-25 05:54:00,587 [main] INFO  volume.VolumeSet (VolumeSet.java:initializeVolumeSet(170)) - Added Volume : /workdir/hadoop-ozone/ozonefs/target/test-dir/MiniOzoneClusterImpl-a7a48124-c188-483e-b9a9-787dfdcc7198/datanode-4/data/containers/hdds to VolumeSet
2019-09-25 05:54:00,587 [main] INFO  volume.ThrottledAsyncChecker (ThrottledAsyncChecker.java:schedule(139)) - Scheduling a check for org.apache.hadoop.ozone.container.common.volume.HddsVolume@43f1bb92
2019-09-25 05:54:00,588 [main] INFO  volume.HddsVolumeChecker (HddsVolumeChecker.java:checkAllVolumes(202)) - Scheduled health check for volume org.apache.hadoop.ozone.container.common.volume.HddsVolume@43f1bb92
2019-09-25 05:54:00,608 [main] INFO  impl.RaftServerProxy (ConfUtils.java:logGet(43)) - raft.rpc.type = GRPC (default)
2019-09-25 05:54:00,609 [main] INFO  grpc.GrpcFactory (GrpcFactory.java:checkPooledByteBufAllocatorUseCacheForAllThreads(45)) - PERFORMANCE WARNING: useCacheForAllThreads is true that may cause Netty to create a lot garbage objects and, as a result, trigger GC.
	It is recommended to disable useCacheForAllThreads by setting -Dorg.apache.ratis.thirdparty.io.netty.allocator.useCacheForAllThreads=false in command line.
2019-09-25 05:54:00,609 [main] INFO  grpc.GrpcConfigKeys$Server (ConfUtils.java:logGet(43)) - raft.grpc.server.port = 0 (default)
2019-09-25 05:54:00,609 [main] INFO  server.GrpcService (ConfUtils.java:logGet(43)) - raft.grpc.message.size.max = 33570816 (custom)
2019-09-25 05:54:00,609 [main] INFO  server.RaftServerConfigKeys (ConfUtils.java:logGet(43)) - raft.server.log.appender.buffer.byte-limit = 33554432 (custom)
2019-09-25 05:54:00,609 [main] INFO  server.GrpcService (ConfUtils.java:logGet(43)) - raft.grpc.flow.control.window = 1MB (=1048576) (default)
2019-09-25 05:54:00,610 [main] INFO  server.RaftServerConfigKeys (ConfUtils.java:logGet(43)) - raft.server.rpc.request.timeout = 3000ms (default)
2019-09-25 05:54:00,610 [main] INFO  server.RaftServerConfigKeys (ConfUtils.java:logGet(43)) - raft.server.storage.dir = [/workdir/hadoop-ozone/ozonefs/target/test-dir/MiniOzoneClusterImpl-a7a48124-c188-483e-b9a9-787dfdcc7198/datanode-4/data/ratis] (custom)
2019-09-25 05:54:00,612 [main] INFO  hdfs.DFSUtil (DFSUtil.java:httpServerTemplateForNNAndJN(1641)) - Starting Web-server for hddsDatanode at: http://0.0.0.0:0
2019-09-25 05:54:00,613 [main] INFO  server.AuthenticationFilter (AuthenticationFilter.java:constructSecretProvider(240)) - Unable to initialize FileSignerSecretProvider, falling back to use random secrets.
2019-09-25 05:54:00,614 [main] WARN  http.HttpRequestLog (HttpRequestLog.java:getRequestLog(97)) - Jetty request log can only be enabled using Log4j
2019-09-25 05:54:00,616 [main] INFO  http.HttpServer2 (HttpServer2.java:addGlobalFilter(975)) - Added global filter 'safety' (class=org.apache.hadoop.http.HttpServer2$QuotingInputFilter)
2019-09-25 05:54:00,617 [main] INFO  http.HttpServer2 (HttpServer2.java:addFilter(948)) - Added filter static_user_filter (class=org.apache.hadoop.http.lib.StaticUserWebFilter$StaticUserFilter) to context hddsDatanode
2019-09-25 05:54:00,617 [main] INFO  http.HttpServer2 (HttpServer2.java:addFilter(958)) - Added filter static_user_filter (class=org.apache.hadoop.http.lib.StaticUserWebFilter$StaticUserFilter) to context logs
2019-09-25 05:54:00,617 [main] INFO  http.HttpServer2 (HttpServer2.java:addFilter(958)) - Added filter static_user_filter (class=org.apache.hadoop.http.lib.StaticUserWebFilter$StaticUserFilter) to context static
2019-09-25 05:54:00,618 [main] INFO  http.HttpServer2 (HttpServer2.java:bindListener(1191)) - Jetty bound to port 41050
2019-09-25 05:54:00,618 [main] INFO  server.Server (Server.java:doStart(351)) - jetty-9.3.25.v20180904, build timestamp: 2018-09-04T21:11:46Z, git hash: 3ce520221d0240229c862b122d2b06c12a625732
2019-09-25 05:54:00,620 [main] INFO  handler.ContextHandler (ContextHandler.java:doStart(781)) - Started o.e.j.s.ServletContextHandler@1b1c538d{/logs,file:///workdir/hadoop-ozone/ozonefs/target/log,AVAILABLE}
2019-09-25 05:54:00,621 [main] INFO  handler.ContextHandler (ContextHandler.java:doStart(781)) - Started o.e.j.s.ServletContextHandler@6325f352{/static,jar:file:/home/user/.m2/repository/org/apache/hadoop/hadoop-hdds-container-service/0.5.0-SNAPSHOT/hadoop-hdds-container-service-0.5.0-SNAPSHOT.jar!/webapps/static,AVAILABLE}
2019-09-25 05:54:00,651 [main] INFO  handler.ContextHandler (ContextHandler.java:doStart(781)) - Started o.e.j.w.WebAppContext@340a8894{/,file:///tmp/jetty-0.0.0.0-41050-hddsDatanode-_-any-6877258891042757182.dir/webapp/,AVAILABLE}{/hddsDatanode}
2019-09-25 05:54:00,651 [main] INFO  server.AbstractConnector (AbstractConnector.java:doStart(278)) - Started ServerConnector@7a8b9166{HTTP/1.1,[http/1.1]}{0.0.0.0:41050}
2019-09-25 05:54:00,652 [main] INFO  server.Server (Server.java:doStart(419)) - Started @6206ms
2019-09-25 05:54:00,652 [main] WARN  impl.MetricsSystemImpl (MetricsSystemImpl.java:register(276)) - Sink prometheus already exists!
2019-09-25 05:54:00,653 [main] INFO  server.BaseHttpServer (BaseHttpServer.java:updateConnectorAddress(215)) - HTTP server of HDDSDATANODE is listening at http://0.0.0.0:41050
2019-09-25 05:54:00,653 [main] INFO  impl.MetricsSystemImpl (MetricsSystemImpl.java:init(158)) - HddsDatanode metrics system started (again)
2019-09-25 05:54:00,656 [main] INFO  ozone.HddsDatanodeService (HddsDatanodeService.java:start(184)) - HddsDatanodeService host:pr-hdds-1569-zxpks-796972592 ip:192.168.5.161
2019-09-25 05:54:00,656 [org.apache.hadoop.util.JvmPauseMonitor$Monitor@6cdf47c3] INFO  util.JvmPauseMonitor (JvmPauseMonitor.java:run(188)) - Starting JVM pause monitor
2019-09-25 05:54:00,660 [Datanode State Machine Thread - 0] INFO  datanode.InitDatanodeState (InitDatanodeState.java:persistContainerDatanodeDetails(140)) - DatanodeDetails is persisted to /workdir/hadoop-ozone/ozonefs/target/test-dir/MiniOzoneClusterImpl-a7a48124-c188-483e-b9a9-787dfdcc7198/datanode-4/meta/datanode.id
2019-09-25 05:54:00,665 [main] INFO  volume.HddsVolume (HddsVolume.java:<init>(176)) - Creating Volume: /workdir/hadoop-ozone/ozonefs/target/test-dir/MiniOzoneClusterImpl-a7a48124-c188-483e-b9a9-787dfdcc7198/datanode-5/data/containers/hdds of  storage type : DISK and capacity : 1482555576320
2019-09-25 05:54:00,665 [main] INFO  volume.VolumeSet (VolumeSet.java:initializeVolumeSet(170)) - Added Volume : /workdir/hadoop-ozone/ozonefs/target/test-dir/MiniOzoneClusterImpl-a7a48124-c188-483e-b9a9-787dfdcc7198/datanode-5/data/containers/hdds to VolumeSet
2019-09-25 05:54:00,665 [main] INFO  volume.ThrottledAsyncChecker (ThrottledAsyncChecker.java:schedule(139)) - Scheduling a check for org.apache.hadoop.ozone.container.common.volume.HddsVolume@7d3c09ec
2019-09-25 05:54:00,666 [main] INFO  volume.HddsVolumeChecker (HddsVolumeChecker.java:checkAllVolumes(202)) - Scheduled health check for volume org.apache.hadoop.ozone.container.common.volume.HddsVolume@7d3c09ec
2019-09-25 05:54:00,687 [main] INFO  impl.RaftServerProxy (ConfUtils.java:logGet(43)) - raft.rpc.type = GRPC (default)
2019-09-25 05:54:00,687 [main] INFO  grpc.GrpcFactory (GrpcFactory.java:checkPooledByteBufAllocatorUseCacheForAllThreads(45)) - PERFORMANCE WARNING: useCacheForAllThreads is true that may cause Netty to create a lot garbage objects and, as a result, trigger GC.
	It is recommended to disable useCacheForAllThreads by setting -Dorg.apache.ratis.thirdparty.io.netty.allocator.useCacheForAllThreads=false in command line.
2019-09-25 05:54:00,688 [main] INFO  grpc.GrpcConfigKeys$Server (ConfUtils.java:logGet(43)) - raft.grpc.server.port = 0 (default)
2019-09-25 05:54:00,688 [main] INFO  server.GrpcService (ConfUtils.java:logGet(43)) - raft.grpc.message.size.max = 33570816 (custom)
2019-09-25 05:54:00,689 [main] INFO  server.RaftServerConfigKeys (ConfUtils.java:logGet(43)) - raft.server.log.appender.buffer.byte-limit = 33554432 (custom)
2019-09-25 05:54:00,689 [main] INFO  server.GrpcService (ConfUtils.java:logGet(43)) - raft.grpc.flow.control.window = 1MB (=1048576) (default)
2019-09-25 05:54:00,689 [main] INFO  server.RaftServerConfigKeys (ConfUtils.java:logGet(43)) - raft.server.rpc.request.timeout = 3000ms (default)
2019-09-25 05:54:00,690 [main] INFO  server.RaftServerConfigKeys (ConfUtils.java:logGet(43)) - raft.server.storage.dir = [/workdir/hadoop-ozone/ozonefs/target/test-dir/MiniOzoneClusterImpl-a7a48124-c188-483e-b9a9-787dfdcc7198/datanode-5/data/ratis] (custom)
2019-09-25 05:54:00,692 [main] INFO  hdfs.DFSUtil (DFSUtil.java:httpServerTemplateForNNAndJN(1641)) - Starting Web-server for hddsDatanode at: http://0.0.0.0:0
2019-09-25 05:54:00,694 [main] INFO  server.AuthenticationFilter (AuthenticationFilter.java:constructSecretProvider(240)) - Unable to initialize FileSignerSecretProvider, falling back to use random secrets.
2019-09-25 05:54:00,694 [main] WARN  http.HttpRequestLog (HttpRequestLog.java:getRequestLog(97)) - Jetty request log can only be enabled using Log4j
2019-09-25 05:54:00,696 [main] INFO  http.HttpServer2 (HttpServer2.java:addGlobalFilter(975)) - Added global filter 'safety' (class=org.apache.hadoop.http.HttpServer2$QuotingInputFilter)
2019-09-25 05:54:00,697 [main] INFO  http.HttpServer2 (HttpServer2.java:addFilter(948)) - Added filter static_user_filter (class=org.apache.hadoop.http.lib.StaticUserWebFilter$StaticUserFilter) to context hddsDatanode
2019-09-25 05:54:00,697 [main] INFO  http.HttpServer2 (HttpServer2.java:addFilter(958)) - Added filter static_user_filter (class=org.apache.hadoop.http.lib.StaticUserWebFilter$StaticUserFilter) to context logs
2019-09-25 05:54:00,697 [main] INFO  http.HttpServer2 (HttpServer2.java:addFilter(958)) - Added filter static_user_filter (class=org.apache.hadoop.http.lib.StaticUserWebFilter$StaticUserFilter) to context static
2019-09-25 05:54:00,698 [main] INFO  http.HttpServer2 (HttpServer2.java:bindListener(1191)) - Jetty bound to port 36739
2019-09-25 05:54:00,698 [main] INFO  server.Server (Server.java:doStart(351)) - jetty-9.3.25.v20180904, build timestamp: 2018-09-04T21:11:46Z, git hash: 3ce520221d0240229c862b122d2b06c12a625732
2019-09-25 05:54:00,700 [main] INFO  handler.ContextHandler (ContextHandler.java:doStart(781)) - Started o.e.j.s.ServletContextHandler@51ec2856{/logs,file:///workdir/hadoop-ozone/ozonefs/target/log,AVAILABLE}
2019-09-25 05:54:00,701 [main] INFO  handler.ContextHandler (ContextHandler.java:doStart(781)) - Started o.e.j.s.ServletContextHandler@1caa9eb6{/static,jar:file:/home/user/.m2/repository/org/apache/hadoop/hadoop-hdds-container-service/0.5.0-SNAPSHOT/hadoop-hdds-container-service-0.5.0-SNAPSHOT.jar!/webapps/static,AVAILABLE}
2019-09-25 05:54:00,729 [main] INFO  handler.ContextHandler (ContextHandler.java:doStart(781)) - Started o.e.j.w.WebAppContext@4cbc2e3b{/,file:///tmp/jetty-0.0.0.0-36739-hddsDatanode-_-any-593626383603997304.dir/webapp/,AVAILABLE}{/hddsDatanode}
2019-09-25 05:54:00,729 [main] INFO  server.AbstractConnector (AbstractConnector.java:doStart(278)) - Started ServerConnector@2975a9e{HTTP/1.1,[http/1.1]}{0.0.0.0:36739}
2019-09-25 05:54:00,730 [main] INFO  server.Server (Server.java:doStart(419)) - Started @6285ms
2019-09-25 05:54:00,731 [main] WARN  impl.MetricsSystemImpl (MetricsSystemImpl.java:register(276)) - Sink prometheus already exists!
2019-09-25 05:54:00,731 [main] INFO  server.BaseHttpServer (BaseHttpServer.java:updateConnectorAddress(215)) - HTTP server of HDDSDATANODE is listening at http://0.0.0.0:36739
2019-09-25 05:54:00,732 [main] INFO  impl.MetricsSystemImpl (MetricsSystemImpl.java:init(158)) - HddsDatanode metrics system started (again)
2019-09-25 05:54:00,735 [main] INFO  ozone.HddsDatanodeService (HddsDatanodeService.java:start(184)) - HddsDatanodeService host:pr-hdds-1569-zxpks-796972592 ip:192.168.5.161
2019-09-25 05:54:00,735 [org.apache.hadoop.util.JvmPauseMonitor$Monitor@2fddcfdc] INFO  util.JvmPauseMonitor (JvmPauseMonitor.java:run(188)) - Starting JVM pause monitor
2019-09-25 05:54:00,739 [Datanode State Machine Thread - 0] INFO  datanode.InitDatanodeState (InitDatanodeState.java:persistContainerDatanodeDetails(140)) - DatanodeDetails is persisted to /workdir/hadoop-ozone/ozonefs/target/test-dir/MiniOzoneClusterImpl-a7a48124-c188-483e-b9a9-787dfdcc7198/datanode-5/meta/datanode.id
2019-09-25 05:54:00,744 [main] INFO  volume.HddsVolume (HddsVolume.java:<init>(176)) - Creating Volume: /workdir/hadoop-ozone/ozonefs/target/test-dir/MiniOzoneClusterImpl-a7a48124-c188-483e-b9a9-787dfdcc7198/datanode-6/data/containers/hdds of  storage type : DISK and capacity : 1482555576320
2019-09-25 05:54:00,745 [main] INFO  volume.VolumeSet (VolumeSet.java:initializeVolumeSet(170)) - Added Volume : /workdir/hadoop-ozone/ozonefs/target/test-dir/MiniOzoneClusterImpl-a7a48124-c188-483e-b9a9-787dfdcc7198/datanode-6/data/containers/hdds to VolumeSet
2019-09-25 05:54:00,745 [main] INFO  volume.ThrottledAsyncChecker (ThrottledAsyncChecker.java:schedule(139)) - Scheduling a check for org.apache.hadoop.ozone.container.common.volume.HddsVolume@177515d1
2019-09-25 05:54:00,746 [main] INFO  volume.HddsVolumeChecker (HddsVolumeChecker.java:checkAllVolumes(202)) - Scheduled health check for volume org.apache.hadoop.ozone.container.common.volume.HddsVolume@177515d1
2019-09-25 05:54:00,769 [main] INFO  impl.RaftServerProxy (ConfUtils.java:logGet(43)) - raft.rpc.type = GRPC (default)
2019-09-25 05:54:00,769 [main] INFO  grpc.GrpcFactory (GrpcFactory.java:checkPooledByteBufAllocatorUseCacheForAllThreads(45)) - PERFORMANCE WARNING: useCacheForAllThreads is true that may cause Netty to create a lot garbage objects and, as a result, trigger GC.
	It is recommended to disable useCacheForAllThreads by setting -Dorg.apache.ratis.thirdparty.io.netty.allocator.useCacheForAllThreads=false in command line.
2019-09-25 05:54:00,769 [main] INFO  grpc.GrpcConfigKeys$Server (ConfUtils.java:logGet(43)) - raft.grpc.server.port = 0 (default)
2019-09-25 05:54:00,770 [main] INFO  server.GrpcService (ConfUtils.java:logGet(43)) - raft.grpc.message.size.max = 33570816 (custom)
2019-09-25 05:54:00,770 [main] INFO  server.RaftServerConfigKeys (ConfUtils.java:logGet(43)) - raft.server.log.appender.buffer.byte-limit = 33554432 (custom)
2019-09-25 05:54:00,770 [main] INFO  server.GrpcService (ConfUtils.java:logGet(43)) - raft.grpc.flow.control.window = 1MB (=1048576) (default)
2019-09-25 05:54:00,770 [main] INFO  server.RaftServerConfigKeys (ConfUtils.java:logGet(43)) - raft.server.rpc.request.timeout = 3000ms (default)
2019-09-25 05:54:00,771 [main] INFO  server.RaftServerConfigKeys (ConfUtils.java:logGet(43)) - raft.server.storage.dir = [/workdir/hadoop-ozone/ozonefs/target/test-dir/MiniOzoneClusterImpl-a7a48124-c188-483e-b9a9-787dfdcc7198/datanode-6/data/ratis] (custom)
2019-09-25 05:54:00,772 [main] INFO  hdfs.DFSUtil (DFSUtil.java:httpServerTemplateForNNAndJN(1641)) - Starting Web-server for hddsDatanode at: http://0.0.0.0:0
2019-09-25 05:54:00,774 [main] INFO  server.AuthenticationFilter (AuthenticationFilter.java:constructSecretProvider(240)) - Unable to initialize FileSignerSecretProvider, falling back to use random secrets.
2019-09-25 05:54:00,774 [main] WARN  http.HttpRequestLog (HttpRequestLog.java:getRequestLog(97)) - Jetty request log can only be enabled using Log4j
2019-09-25 05:54:00,776 [main] INFO  http.HttpServer2 (HttpServer2.java:addGlobalFilter(975)) - Added global filter 'safety' (class=org.apache.hadoop.http.HttpServer2$QuotingInputFilter)
2019-09-25 05:54:00,777 [main] INFO  http.HttpServer2 (HttpServer2.java:addFilter(948)) - Added filter static_user_filter (class=org.apache.hadoop.http.lib.StaticUserWebFilter$StaticUserFilter) to context hddsDatanode
2019-09-25 05:54:00,777 [main] INFO  http.HttpServer2 (HttpServer2.java:addFilter(958)) - Added filter static_user_filter (class=org.apache.hadoop.http.lib.StaticUserWebFilter$StaticUserFilter) to context logs
2019-09-25 05:54:00,777 [main] INFO  http.HttpServer2 (HttpServer2.java:addFilter(958)) - Added filter static_user_filter (class=org.apache.hadoop.http.lib.StaticUserWebFilter$StaticUserFilter) to context static
2019-09-25 05:54:00,778 [main] INFO  http.HttpServer2 (HttpServer2.java:bindListener(1191)) - Jetty bound to port 45480
2019-09-25 05:54:00,778 [main] INFO  server.Server (Server.java:doStart(351)) - jetty-9.3.25.v20180904, build timestamp: 2018-09-04T21:11:46Z, git hash: 3ce520221d0240229c862b122d2b06c12a625732
2019-09-25 05:54:00,780 [main] INFO  handler.ContextHandler (ContextHandler.java:doStart(781)) - Started o.e.j.s.ServletContextHandler@446626a7{/logs,file:///workdir/hadoop-ozone/ozonefs/target/log,AVAILABLE}
2019-09-25 05:54:00,781 [main] INFO  handler.ContextHandler (ContextHandler.java:doStart(781)) - Started o.e.j.s.ServletContextHandler@4a2929a4{/static,jar:file:/home/user/.m2/repository/org/apache/hadoop/hadoop-hdds-container-service/0.5.0-SNAPSHOT/hadoop-hdds-container-service-0.5.0-SNAPSHOT.jar!/webapps/static,AVAILABLE}
2019-09-25 05:54:00,824 [main] INFO  handler.ContextHandler (ContextHandler.java:doStart(781)) - Started o.e.j.w.WebAppContext@4527f70a{/,file:///tmp/jetty-0.0.0.0-45480-hddsDatanode-_-any-7466085754560473933.dir/webapp/,AVAILABLE}{/hddsDatanode}
2019-09-25 05:54:00,825 [main] INFO  server.AbstractConnector (AbstractConnector.java:doStart(278)) - Started ServerConnector@707b1a44{HTTP/1.1,[http/1.1]}{0.0.0.0:45480}
2019-09-25 05:54:00,826 [main] INFO  server.Server (Server.java:doStart(419)) - Started @6380ms
2019-09-25 05:54:00,826 [main] WARN  impl.MetricsSystemImpl (MetricsSystemImpl.java:register(276)) - Sink prometheus already exists!
2019-09-25 05:54:00,827 [main] INFO  server.BaseHttpServer (BaseHttpServer.java:updateConnectorAddress(215)) - HTTP server of HDDSDATANODE is listening at http://0.0.0.0:45480
2019-09-25 05:54:00,828 [main] INFO  impl.MetricsSystemImpl (MetricsSystemImpl.java:init(158)) - HddsDatanode metrics system started (again)
2019-09-25 05:54:00,833 [org.apache.hadoop.util.JvmPauseMonitor$Monitor@2ae20079] INFO  util.JvmPauseMonitor (JvmPauseMonitor.java:run(188)) - Starting JVM pause monitor
2019-09-25 05:54:00,835 [main] INFO  ozone.HddsDatanodeService (HddsDatanodeService.java:start(184)) - HddsDatanodeService host:pr-hdds-1569-zxpks-796972592 ip:192.168.5.161
2019-09-25 05:54:00,837 [Datanode State Machine Thread - 0] INFO  datanode.InitDatanodeState (InitDatanodeState.java:persistContainerDatanodeDetails(140)) - DatanodeDetails is persisted to /workdir/hadoop-ozone/ozonefs/target/test-dir/MiniOzoneClusterImpl-a7a48124-c188-483e-b9a9-787dfdcc7198/datanode-6/meta/datanode.id
2019-09-25 05:54:00,847 [main] INFO  volume.HddsVolume (HddsVolume.java:<init>(176)) - Creating Volume: /workdir/hadoop-ozone/ozonefs/target/test-dir/MiniOzoneClusterImpl-a7a48124-c188-483e-b9a9-787dfdcc7198/datanode-7/data/containers/hdds of  storage type : DISK and capacity : 1482555576320
2019-09-25 05:54:00,848 [main] INFO  volume.VolumeSet (VolumeSet.java:initializeVolumeSet(170)) - Added Volume : /workdir/hadoop-ozone/ozonefs/target/test-dir/MiniOzoneClusterImpl-a7a48124-c188-483e-b9a9-787dfdcc7198/datanode-7/data/containers/hdds to VolumeSet
2019-09-25 05:54:00,848 [main] INFO  volume.ThrottledAsyncChecker (ThrottledAsyncChecker.java:schedule(139)) - Scheduling a check for org.apache.hadoop.ozone.container.common.volume.HddsVolume@feb98ef
2019-09-25 05:54:00,849 [main] INFO  volume.HddsVolumeChecker (HddsVolumeChecker.java:checkAllVolumes(202)) - Scheduled health check for volume org.apache.hadoop.ozone.container.common.volume.HddsVolume@feb98ef
2019-09-25 05:54:00,873 [main] INFO  impl.RaftServerProxy (ConfUtils.java:logGet(43)) - raft.rpc.type = GRPC (default)
2019-09-25 05:54:00,874 [main] INFO  grpc.GrpcFactory (GrpcFactory.java:checkPooledByteBufAllocatorUseCacheForAllThreads(45)) - PERFORMANCE WARNING: useCacheForAllThreads is true that may cause Netty to create a lot garbage objects and, as a result, trigger GC.
	It is recommended to disable useCacheForAllThreads by setting -Dorg.apache.ratis.thirdparty.io.netty.allocator.useCacheForAllThreads=false in command line.
2019-09-25 05:54:00,874 [main] INFO  grpc.GrpcConfigKeys$Server (ConfUtils.java:logGet(43)) - raft.grpc.server.port = 0 (default)
2019-09-25 05:54:00,874 [main] INFO  server.GrpcService (ConfUtils.java:logGet(43)) - raft.grpc.message.size.max = 33570816 (custom)
2019-09-25 05:54:00,874 [main] INFO  server.RaftServerConfigKeys (ConfUtils.java:logGet(43)) - raft.server.log.appender.buffer.byte-limit = 33554432 (custom)
2019-09-25 05:54:00,875 [main] INFO  server.GrpcService (ConfUtils.java:logGet(43)) - raft.grpc.flow.control.window = 1MB (=1048576) (default)
2019-09-25 05:54:00,875 [main] INFO  server.RaftServerConfigKeys (ConfUtils.java:logGet(43)) - raft.server.rpc.request.timeout = 3000ms (default)
2019-09-25 05:54:00,875 [main] INFO  server.RaftServerConfigKeys (ConfUtils.java:logGet(43)) - raft.server.storage.dir = [/workdir/hadoop-ozone/ozonefs/target/test-dir/MiniOzoneClusterImpl-a7a48124-c188-483e-b9a9-787dfdcc7198/datanode-7/data/ratis] (custom)
2019-09-25 05:54:00,878 [main] INFO  hdfs.DFSUtil (DFSUtil.java:httpServerTemplateForNNAndJN(1641)) - Starting Web-server for hddsDatanode at: http://0.0.0.0:0
2019-09-25 05:54:00,880 [main] INFO  server.AuthenticationFilter (AuthenticationFilter.java:constructSecretProvider(240)) - Unable to initialize FileSignerSecretProvider, falling back to use random secrets.
2019-09-25 05:54:00,880 [main] WARN  http.HttpRequestLog (HttpRequestLog.java:getRequestLog(97)) - Jetty request log can only be enabled using Log4j
2019-09-25 05:54:00,882 [main] INFO  http.HttpServer2 (HttpServer2.java:addGlobalFilter(975)) - Added global filter 'safety' (class=org.apache.hadoop.http.HttpServer2$QuotingInputFilter)
2019-09-25 05:54:00,883 [main] INFO  http.HttpServer2 (HttpServer2.java:addFilter(948)) - Added filter static_user_filter (class=org.apache.hadoop.http.lib.StaticUserWebFilter$StaticUserFilter) to context hddsDatanode
2019-09-25 05:54:00,883 [main] INFO  http.HttpServer2 (HttpServer2.java:addFilter(958)) - Added filter static_user_filter (class=org.apache.hadoop.http.lib.StaticUserWebFilter$StaticUserFilter) to context static
2019-09-25 05:54:00,883 [main] INFO  http.HttpServer2 (HttpServer2.java:addFilter(958)) - Added filter static_user_filter (class=org.apache.hadoop.http.lib.StaticUserWebFilter$StaticUserFilter) to context logs
2019-09-25 05:54:00,888 [main] INFO  http.HttpServer2 (HttpServer2.java:bindListener(1191)) - Jetty bound to port 46862
2019-09-25 05:54:00,888 [main] INFO  server.Server (Server.java:doStart(351)) - jetty-9.3.25.v20180904, build timestamp: 2018-09-04T21:11:46Z, git hash: 3ce520221d0240229c862b122d2b06c12a625732
2019-09-25 05:54:00,890 [main] INFO  handler.ContextHandler (ContextHandler.java:doStart(781)) - Started o.e.j.s.ServletContextHandler@64aad809{/logs,file:///workdir/hadoop-ozone/ozonefs/target/log,AVAILABLE}
2019-09-25 05:54:00,891 [main] INFO  handler.ContextHandler (ContextHandler.java:doStart(781)) - Started o.e.j.s.ServletContextHandler@17dd671f{/static,jar:file:/home/user/.m2/repository/org/apache/hadoop/hadoop-hdds-container-service/0.5.0-SNAPSHOT/hadoop-hdds-container-service-0.5.0-SNAPSHOT.jar!/webapps/static,AVAILABLE}
2019-09-25 05:54:00,929 [main] INFO  handler.ContextHandler (ContextHandler.java:doStart(781)) - Started o.e.j.w.WebAppContext@22ebccb9{/,file:///tmp/jetty-0.0.0.0-46862-hddsDatanode-_-any-439035231780669737.dir/webapp/,AVAILABLE}{/hddsDatanode}
2019-09-25 05:54:00,929 [main] INFO  server.AbstractConnector (AbstractConnector.java:doStart(278)) - Started ServerConnector@5875de6a{HTTP/1.1,[http/1.1]}{0.0.0.0:46862}
2019-09-25 05:54:00,930 [main] INFO  server.Server (Server.java:doStart(419)) - Started @6485ms
2019-09-25 05:54:00,931 [main] WARN  impl.MetricsSystemImpl (MetricsSystemImpl.java:register(276)) - Sink prometheus already exists!
2019-09-25 05:54:00,932 [main] INFO  server.BaseHttpServer (BaseHttpServer.java:updateConnectorAddress(215)) - HTTP server of HDDSDATANODE is listening at http://0.0.0.0:46862
2019-09-25 05:54:00,932 [main] INFO  impl.MetricsSystemImpl (MetricsSystemImpl.java:init(158)) - HddsDatanode metrics system started (again)
2019-09-25 05:54:00,941 [org.apache.hadoop.util.JvmPauseMonitor$Monitor@36602cfe] INFO  util.JvmPauseMonitor (JvmPauseMonitor.java:run(188)) - Starting JVM pause monitor
2019-09-25 05:54:00,941 [main] INFO  ozone.HddsDatanodeService (HddsDatanodeService.java:start(184)) - HddsDatanodeService host:pr-hdds-1569-zxpks-796972592 ip:192.168.5.161
2019-09-25 05:54:00,945 [Datanode State Machine Thread - 0] INFO  datanode.InitDatanodeState (InitDatanodeState.java:persistContainerDatanodeDetails(140)) - DatanodeDetails is persisted to /workdir/hadoop-ozone/ozonefs/target/test-dir/MiniOzoneClusterImpl-a7a48124-c188-483e-b9a9-787dfdcc7198/datanode-7/meta/datanode.id
2019-09-25 05:54:00,954 [main] INFO  volume.HddsVolume (HddsVolume.java:<init>(176)) - Creating Volume: /workdir/hadoop-ozone/ozonefs/target/test-dir/MiniOzoneClusterImpl-a7a48124-c188-483e-b9a9-787dfdcc7198/datanode-8/data/containers/hdds of  storage type : DISK and capacity : 1482555576320
2019-09-25 05:54:00,954 [main] INFO  volume.VolumeSet (VolumeSet.java:initializeVolumeSet(170)) - Added Volume : /workdir/hadoop-ozone/ozonefs/target/test-dir/MiniOzoneClusterImpl-a7a48124-c188-483e-b9a9-787dfdcc7198/datanode-8/data/containers/hdds to VolumeSet
2019-09-25 05:54:00,954 [main] INFO  volume.ThrottledAsyncChecker (ThrottledAsyncChecker.java:schedule(139)) - Scheduling a check for org.apache.hadoop.ozone.container.common.volume.HddsVolume@6f231ced
2019-09-25 05:54:00,955 [main] INFO  volume.HddsVolumeChecker (HddsVolumeChecker.java:checkAllVolumes(202)) - Scheduled health check for volume org.apache.hadoop.ozone.container.common.volume.HddsVolume@6f231ced
2019-09-25 05:54:00,975 [main] INFO  impl.RaftServerProxy (ConfUtils.java:logGet(43)) - raft.rpc.type = GRPC (default)
2019-09-25 05:54:00,975 [main] INFO  grpc.GrpcFactory (GrpcFactory.java:checkPooledByteBufAllocatorUseCacheForAllThreads(45)) - PERFORMANCE WARNING: useCacheForAllThreads is true that may cause Netty to create a lot garbage objects and, as a result, trigger GC.
	It is recommended to disable useCacheForAllThreads by setting -Dorg.apache.ratis.thirdparty.io.netty.allocator.useCacheForAllThreads=false in command line.
2019-09-25 05:54:00,975 [main] INFO  grpc.GrpcConfigKeys$Server (ConfUtils.java:logGet(43)) - raft.grpc.server.port = 0 (default)
2019-09-25 05:54:00,976 [main] INFO  server.GrpcService (ConfUtils.java:logGet(43)) - raft.grpc.message.size.max = 33570816 (custom)
2019-09-25 05:54:00,976 [main] INFO  server.RaftServerConfigKeys (ConfUtils.java:logGet(43)) - raft.server.log.appender.buffer.byte-limit = 33554432 (custom)
2019-09-25 05:54:00,976 [main] INFO  server.GrpcService (ConfUtils.java:logGet(43)) - raft.grpc.flow.control.window = 1MB (=1048576) (default)
2019-09-25 05:54:00,976 [main] INFO  server.RaftServerConfigKeys (ConfUtils.java:logGet(43)) - raft.server.rpc.request.timeout = 3000ms (default)
2019-09-25 05:54:00,977 [main] INFO  server.RaftServerConfigKeys (ConfUtils.java:logGet(43)) - raft.server.storage.dir = [/workdir/hadoop-ozone/ozonefs/target/test-dir/MiniOzoneClusterImpl-a7a48124-c188-483e-b9a9-787dfdcc7198/datanode-8/data/ratis] (custom)
2019-09-25 05:54:00,979 [main] INFO  hdfs.DFSUtil (DFSUtil.java:httpServerTemplateForNNAndJN(1641)) - Starting Web-server for hddsDatanode at: http://0.0.0.0:0
2019-09-25 05:54:00,981 [main] INFO  server.AuthenticationFilter (AuthenticationFilter.java:constructSecretProvider(240)) - Unable to initialize FileSignerSecretProvider, falling back to use random secrets.
2019-09-25 05:54:00,982 [main] WARN  http.HttpRequestLog (HttpRequestLog.java:getRequestLog(97)) - Jetty request log can only be enabled using Log4j
2019-09-25 05:54:00,984 [main] INFO  http.HttpServer2 (HttpServer2.java:addGlobalFilter(975)) - Added global filter 'safety' (class=org.apache.hadoop.http.HttpServer2$QuotingInputFilter)
2019-09-25 05:54:00,985 [main] INFO  http.HttpServer2 (HttpServer2.java:addFilter(948)) - Added filter static_user_filter (class=org.apache.hadoop.http.lib.StaticUserWebFilter$StaticUserFilter) to context hddsDatanode
2019-09-25 05:54:00,985 [main] INFO  http.HttpServer2 (HttpServer2.java:addFilter(958)) - Added filter static_user_filter (class=org.apache.hadoop.http.lib.StaticUserWebFilter$StaticUserFilter) to context static
2019-09-25 05:54:00,986 [main] INFO  http.HttpServer2 (HttpServer2.java:addFilter(958)) - Added filter static_user_filter (class=org.apache.hadoop.http.lib.StaticUserWebFilter$StaticUserFilter) to context logs
2019-09-25 05:54:00,986 [main] INFO  http.HttpServer2 (HttpServer2.java:bindListener(1191)) - Jetty bound to port 33449
2019-09-25 05:54:00,987 [main] INFO  server.Server (Server.java:doStart(351)) - jetty-9.3.25.v20180904, build timestamp: 2018-09-04T21:11:46Z, git hash: 3ce520221d0240229c862b122d2b06c12a625732
2019-09-25 05:54:00,989 [main] INFO  handler.ContextHandler (ContextHandler.java:doStart(781)) - Started o.e.j.s.ServletContextHandler@4784efd9{/logs,file:///workdir/hadoop-ozone/ozonefs/target/log,AVAILABLE}
2019-09-25 05:54:00,989 [main] INFO  handler.ContextHandler (ContextHandler.java:doStart(781)) - Started o.e.j.s.ServletContextHandler@427ae189{/static,jar:file:/home/user/.m2/repository/org/apache/hadoop/hadoop-hdds-container-service/0.5.0-SNAPSHOT/hadoop-hdds-container-service-0.5.0-SNAPSHOT.jar!/webapps/static,AVAILABLE}
2019-09-25 05:54:01,023 [main] INFO  handler.ContextHandler (ContextHandler.java:doStart(781)) - Started o.e.j.w.WebAppContext@474821de{/,file:///tmp/jetty-0.0.0.0-33449-hddsDatanode-_-any-8162488193246017121.dir/webapp/,AVAILABLE}{/hddsDatanode}
2019-09-25 05:54:01,024 [main] INFO  server.AbstractConnector (AbstractConnector.java:doStart(278)) - Started ServerConnector@3d64c581{HTTP/1.1,[http/1.1]}{0.0.0.0:33449}
2019-09-25 05:54:01,025 [main] INFO  server.Server (Server.java:doStart(419)) - Started @6579ms
2019-09-25 05:54:01,025 [main] WARN  impl.MetricsSystemImpl (MetricsSystemImpl.java:register(276)) - Sink prometheus already exists!
2019-09-25 05:54:01,026 [main] INFO  server.BaseHttpServer (BaseHttpServer.java:updateConnectorAddress(215)) - HTTP server of HDDSDATANODE is listening at http://0.0.0.0:33449
2019-09-25 05:54:01,026 [main] INFO  impl.MetricsSystemImpl (MetricsSystemImpl.java:init(158)) - HddsDatanode metrics system started (again)
2019-09-25 05:54:01,032 [main] INFO  ozone.HddsDatanodeService (HddsDatanodeService.java:start(184)) - HddsDatanodeService host:pr-hdds-1569-zxpks-796972592 ip:192.168.5.161
2019-09-25 05:54:01,032 [org.apache.hadoop.util.JvmPauseMonitor$Monitor@3dd31c6e] INFO  util.JvmPauseMonitor (JvmPauseMonitor.java:run(188)) - Starting JVM pause monitor
2019-09-25 05:54:01,036 [Datanode State Machine Thread - 0] INFO  datanode.InitDatanodeState (InitDatanodeState.java:persistContainerDatanodeDetails(140)) - DatanodeDetails is persisted to /workdir/hadoop-ozone/ozonefs/target/test-dir/MiniOzoneClusterImpl-a7a48124-c188-483e-b9a9-787dfdcc7198/datanode-8/meta/datanode.id
2019-09-25 05:54:01,042 [main] INFO  volume.HddsVolume (HddsVolume.java:<init>(176)) - Creating Volume: /workdir/hadoop-ozone/ozonefs/target/test-dir/MiniOzoneClusterImpl-a7a48124-c188-483e-b9a9-787dfdcc7198/datanode-9/data/containers/hdds of  storage type : DISK and capacity : 1482555576320
2019-09-25 05:54:01,042 [main] INFO  volume.VolumeSet (VolumeSet.java:initializeVolumeSet(170)) - Added Volume : /workdir/hadoop-ozone/ozonefs/target/test-dir/MiniOzoneClusterImpl-a7a48124-c188-483e-b9a9-787dfdcc7198/datanode-9/data/containers/hdds to VolumeSet
2019-09-25 05:54:01,043 [main] INFO  volume.ThrottledAsyncChecker (ThrottledAsyncChecker.java:schedule(139)) - Scheduling a check for org.apache.hadoop.ozone.container.common.volume.HddsVolume@534e58b6
2019-09-25 05:54:01,043 [main] INFO  volume.HddsVolumeChecker (HddsVolumeChecker.java:checkAllVolumes(202)) - Scheduled health check for volume org.apache.hadoop.ozone.container.common.volume.HddsVolume@534e58b6
2019-09-25 05:54:01,062 [main] INFO  impl.RaftServerProxy (ConfUtils.java:logGet(43)) - raft.rpc.type = GRPC (default)
2019-09-25 05:54:01,063 [main] INFO  grpc.GrpcFactory (GrpcFactory.java:checkPooledByteBufAllocatorUseCacheForAllThreads(45)) - PERFORMANCE WARNING: useCacheForAllThreads is true that may cause Netty to create a lot garbage objects and, as a result, trigger GC.
	It is recommended to disable useCacheForAllThreads by setting -Dorg.apache.ratis.thirdparty.io.netty.allocator.useCacheForAllThreads=false in command line.
2019-09-25 05:54:01,063 [main] INFO  grpc.GrpcConfigKeys$Server (ConfUtils.java:logGet(43)) - raft.grpc.server.port = 0 (default)
2019-09-25 05:54:01,063 [main] INFO  server.GrpcService (ConfUtils.java:logGet(43)) - raft.grpc.message.size.max = 33570816 (custom)
2019-09-25 05:54:01,063 [main] INFO  server.RaftServerConfigKeys (ConfUtils.java:logGet(43)) - raft.server.log.appender.buffer.byte-limit = 33554432 (custom)
2019-09-25 05:54:01,063 [main] INFO  server.GrpcService (ConfUtils.java:logGet(43)) - raft.grpc.flow.control.window = 1MB (=1048576) (default)
2019-09-25 05:54:01,064 [main] INFO  server.RaftServerConfigKeys (ConfUtils.java:logGet(43)) - raft.server.rpc.request.timeout = 3000ms (default)
2019-09-25 05:54:01,064 [main] INFO  server.RaftServerConfigKeys (ConfUtils.java:logGet(43)) - raft.server.storage.dir = [/workdir/hadoop-ozone/ozonefs/target/test-dir/MiniOzoneClusterImpl-a7a48124-c188-483e-b9a9-787dfdcc7198/datanode-9/data/ratis] (custom)
2019-09-25 05:54:01,066 [main] INFO  hdfs.DFSUtil (DFSUtil.java:httpServerTemplateForNNAndJN(1641)) - Starting Web-server for hddsDatanode at: http://0.0.0.0:0
2019-09-25 05:54:01,067 [main] INFO  server.AuthenticationFilter (AuthenticationFilter.java:constructSecretProvider(240)) - Unable to initialize FileSignerSecretProvider, falling back to use random secrets.
2019-09-25 05:54:01,067 [main] WARN  http.HttpRequestLog (HttpRequestLog.java:getRequestLog(97)) - Jetty request log can only be enabled using Log4j
2019-09-25 05:54:01,069 [main] INFO  http.HttpServer2 (HttpServer2.java:addGlobalFilter(975)) - Added global filter 'safety' (class=org.apache.hadoop.http.HttpServer2$QuotingInputFilter)
2019-09-25 05:54:01,070 [main] INFO  http.HttpServer2 (HttpServer2.java:addFilter(948)) - Added filter static_user_filter (class=org.apache.hadoop.http.lib.StaticUserWebFilter$StaticUserFilter) to context hddsDatanode
2019-09-25 05:54:01,070 [main] INFO  http.HttpServer2 (HttpServer2.java:addFilter(958)) - Added filter static_user_filter (class=org.apache.hadoop.http.lib.StaticUserWebFilter$StaticUserFilter) to context static
2019-09-25 05:54:01,070 [main] INFO  http.HttpServer2 (HttpServer2.java:addFilter(958)) - Added filter static_user_filter (class=org.apache.hadoop.http.lib.StaticUserWebFilter$StaticUserFilter) to context logs
2019-09-25 05:54:01,071 [main] INFO  http.HttpServer2 (HttpServer2.java:bindListener(1191)) - Jetty bound to port 44672
2019-09-25 05:54:01,071 [main] INFO  server.Server (Server.java:doStart(351)) - jetty-9.3.25.v20180904, build timestamp: 2018-09-04T21:11:46Z, git hash: 3ce520221d0240229c862b122d2b06c12a625732
2019-09-25 05:54:01,073 [main] INFO  handler.ContextHandler (ContextHandler.java:doStart(781)) - Started o.e.j.s.ServletContextHandler@41853299{/logs,file:///workdir/hadoop-ozone/ozonefs/target/log,AVAILABLE}
2019-09-25 05:54:01,073 [main] INFO  handler.ContextHandler (ContextHandler.java:doStart(781)) - Started o.e.j.s.ServletContextHandler@2e5b7fba{/static,jar:file:/home/user/.m2/repository/org/apache/hadoop/hadoop-hdds-container-service/0.5.0-SNAPSHOT/hadoop-hdds-container-service-0.5.0-SNAPSHOT.jar!/webapps/static,AVAILABLE}
2019-09-25 05:54:01,101 [main] INFO  handler.ContextHandler (ContextHandler.java:doStart(781)) - Started o.e.j.w.WebAppContext@6242ae3b{/,file:///tmp/jetty-0.0.0.0-44672-hddsDatanode-_-any-5047416622008705868.dir/webapp/,AVAILABLE}{/hddsDatanode}
2019-09-25 05:54:01,101 [main] INFO  server.AbstractConnector (AbstractConnector.java:doStart(278)) - Started ServerConnector@65ddee5a{HTTP/1.1,[http/1.1]}{0.0.0.0:44672}
2019-09-25 05:54:01,103 [main] INFO  server.Server (Server.java:doStart(419)) - Started @6657ms
2019-09-25 05:54:01,103 [main] WARN  impl.MetricsSystemImpl (MetricsSystemImpl.java:register(276)) - Sink prometheus already exists!
2019-09-25 05:54:01,103 [main] INFO  server.BaseHttpServer (BaseHttpServer.java:updateConnectorAddress(215)) - HTTP server of HDDSDATANODE is listening at http://0.0.0.0:44672
2019-09-25 05:54:01,109 [main] INFO  ozone.MiniOzoneClusterImpl (MiniOzoneClusterImpl.java:lambda$waitForClusterToBeReady$0(147)) - Waiting for cluster to be ready. Got 0 of 10 DN Heartbeats.
2019-09-25 05:54:01,109 [org.apache.hadoop.util.JvmPauseMonitor$Monitor@420c62fc] INFO  util.JvmPauseMonitor (JvmPauseMonitor.java:run(188)) - Starting JVM pause monitor
2019-09-25 05:54:01,113 [Datanode State Machine Thread - 0] INFO  datanode.InitDatanodeState (InitDatanodeState.java:persistContainerDatanodeDetails(140)) - DatanodeDetails is persisted to /workdir/hadoop-ozone/ozonefs/target/test-dir/MiniOzoneClusterImpl-a7a48124-c188-483e-b9a9-787dfdcc7198/datanode-9/meta/datanode.id
2019-09-25 05:54:02,109 [main] INFO  ozone.MiniOzoneClusterImpl (MiniOzoneClusterImpl.java:lambda$waitForClusterToBeReady$0(147)) - Waiting for cluster to be ready. Got 0 of 10 DN Heartbeats.
2019-09-25 05:54:02,403 [Datanode State Machine Thread - 0] INFO  ozoneimpl.OzoneContainer (OzoneContainer.java:start(217)) - Attempting to start container services.
2019-09-25 05:54:02,405 [Datanode State Machine Thread - 0] INFO  ozoneimpl.OzoneContainer (OzoneContainer.java:startContainerScrub(179)) - Background container scanner has been disabled.
2019-09-25 05:54:02,405 [Datanode State Machine Thread - 0] INFO  ratis.XceiverServerRatis (XceiverServerRatis.java:start(411)) - Starting XceiverServerRatis a171a438-4db2-4a15-a03d-8d01a40a69ad at port 0
2019-09-25 05:54:02,429 [Datanode State Machine Thread - 0] INFO  ozoneimpl.OzoneContainer (OzoneContainer.java:start(217)) - Attempting to start container services.
2019-09-25 05:54:02,437 [Datanode State Machine Thread - 0] INFO  ozoneimpl.OzoneContainer (OzoneContainer.java:startContainerScrub(179)) - Background container scanner has been disabled.
2019-09-25 05:54:02,438 [Datanode State Machine Thread - 0] INFO  ratis.XceiverServerRatis (XceiverServerRatis.java:start(411)) - Starting XceiverServerRatis f15c9da4-41cd-4d3b-befd-f91bd6a8ef15 at port 0
2019-09-25 05:54:02,450 [Datanode State Machine Thread - 0] INFO  impl.RaftServerProxy (RaftServerProxy.java:lambda$start$3(299)) - a171a438-4db2-4a15-a03d-8d01a40a69ad: start RPC server
2019-09-25 05:54:02,452 [Datanode State Machine Thread - 0] INFO  impl.RaftServerProxy (RaftServerProxy.java:lambda$start$3(299)) - f15c9da4-41cd-4d3b-befd-f91bd6a8ef15: start RPC server
2019-09-25 05:54:02,512 [Datanode State Machine Thread - 0] INFO  ozoneimpl.OzoneContainer (OzoneContainer.java:start(217)) - Attempting to start container services.
2019-09-25 05:54:02,512 [Datanode State Machine Thread - 0] INFO  ozoneimpl.OzoneContainer (OzoneContainer.java:startContainerScrub(179)) - Background container scanner has been disabled.
2019-09-25 05:54:02,512 [Datanode State Machine Thread - 0] INFO  ratis.XceiverServerRatis (XceiverServerRatis.java:start(411)) - Starting XceiverServerRatis 22638597-b9ac-42fc-8d80-a8fc15613fc1 at port 0
2019-09-25 05:54:02,521 [Datanode State Machine Thread - 0] INFO  impl.RaftServerProxy (RaftServerProxy.java:lambda$start$3(299)) - 22638597-b9ac-42fc-8d80-a8fc15613fc1: start RPC server
2019-09-25 05:54:02,594 [Datanode State Machine Thread - 0] INFO  ozoneimpl.OzoneContainer (OzoneContainer.java:start(217)) - Attempting to start container services.
2019-09-25 05:54:02,594 [Datanode State Machine Thread - 0] INFO  ozoneimpl.OzoneContainer (OzoneContainer.java:startContainerScrub(179)) - Background container scanner has been disabled.
2019-09-25 05:54:02,594 [Datanode State Machine Thread - 0] INFO  ratis.XceiverServerRatis (XceiverServerRatis.java:start(411)) - Starting XceiverServerRatis 9b45984a-e801-4994-8f0b-759bb773fda3 at port 0
2019-09-25 05:54:02,604 [Datanode State Machine Thread - 0] INFO  impl.RaftServerProxy (RaftServerProxy.java:lambda$start$3(299)) - 9b45984a-e801-4994-8f0b-759bb773fda3: start RPC server
2019-09-25 05:54:02,659 [Datanode State Machine Thread - 0] INFO  server.GrpcService (GrpcService.java:startImpl(158)) - f15c9da4-41cd-4d3b-befd-f91bd6a8ef15: GrpcService started, listening on 0.0.0.0/0.0.0.0:37814
2019-09-25 05:54:02,660 [Datanode State Machine Thread - 0] INFO  server.GrpcService (GrpcService.java:startImpl(158)) - 9b45984a-e801-4994-8f0b-759bb773fda3: GrpcService started, listening on 0.0.0.0/0.0.0.0:35299
2019-09-25 05:54:02,660 [Datanode State Machine Thread - 0] INFO  ratis.XceiverServerRatis (XceiverServerRatis.java:start(421)) - XceiverServerRatis f15c9da4-41cd-4d3b-befd-f91bd6a8ef15 is started using port 37814
2019-09-25 05:54:02,659 [Datanode State Machine Thread - 0] INFO  server.GrpcService (GrpcService.java:startImpl(158)) - a171a438-4db2-4a15-a03d-8d01a40a69ad: GrpcService started, listening on 0.0.0.0/0.0.0.0:39877
2019-09-25 05:54:02,659 [Datanode State Machine Thread - 0] INFO  server.GrpcService (GrpcService.java:startImpl(158)) - 22638597-b9ac-42fc-8d80-a8fc15613fc1: GrpcService started, listening on 0.0.0.0/0.0.0.0:38615
2019-09-25 05:54:02,661 [Datanode State Machine Thread - 0] INFO  ratis.XceiverServerRatis (XceiverServerRatis.java:start(421)) - XceiverServerRatis a171a438-4db2-4a15-a03d-8d01a40a69ad is started using port 39877
2019-09-25 05:54:02,660 [Datanode State Machine Thread - 0] INFO  ratis.XceiverServerRatis (XceiverServerRatis.java:start(421)) - XceiverServerRatis 9b45984a-e801-4994-8f0b-759bb773fda3 is started using port 35299
2019-09-25 05:54:02,661 [Datanode State Machine Thread - 0] INFO  ratis.XceiverServerRatis (XceiverServerRatis.java:start(421)) - XceiverServerRatis 22638597-b9ac-42fc-8d80-a8fc15613fc1 is started using port 38615
2019-09-25 05:54:02,672 [Datanode State Machine Thread - 0] INFO  server.XceiverServerGrpc (XceiverServerGrpc.java:start(149)) - XceiverServerGrpc f15c9da4-41cd-4d3b-befd-f91bd6a8ef15 is started using port 33575
2019-09-25 05:54:02,672 [Datanode State Machine Thread - 0] INFO  server.XceiverServerGrpc (XceiverServerGrpc.java:start(149)) - XceiverServerGrpc 22638597-b9ac-42fc-8d80-a8fc15613fc1 is started using port 34325
2019-09-25 05:54:02,673 [Datanode State Machine Thread - 0] INFO  server.XceiverServerGrpc (XceiverServerGrpc.java:start(149)) - XceiverServerGrpc a171a438-4db2-4a15-a03d-8d01a40a69ad is started using port 35240
2019-09-25 05:54:02,673 [Datanode State Machine Thread - 0] INFO  server.XceiverServerGrpc (XceiverServerGrpc.java:start(149)) - XceiverServerGrpc 9b45984a-e801-4994-8f0b-759bb773fda3 is started using port 33976
2019-09-25 05:54:02,683 [Datanode State Machine Thread - 0] INFO  ozoneimpl.OzoneContainer (OzoneContainer.java:start(217)) - Attempting to start container services.
2019-09-25 05:54:02,683 [Datanode State Machine Thread - 0] INFO  ozoneimpl.OzoneContainer (OzoneContainer.java:startContainerScrub(179)) - Background container scanner has been disabled.
2019-09-25 05:54:02,683 [Datanode State Machine Thread - 0] INFO  ratis.XceiverServerRatis (XceiverServerRatis.java:start(411)) - Starting XceiverServerRatis a8d2df02-a9dc-4b60-9eec-a53a711ba1ae at port 0
2019-09-25 05:54:02,691 [Datanode State Machine Thread - 0] INFO  impl.RaftServerProxy (RaftServerProxy.java:lambda$start$3(299)) - a8d2df02-a9dc-4b60-9eec-a53a711ba1ae: start RPC server
2019-09-25 05:54:02,695 [Datanode State Machine Thread - 0] INFO  server.GrpcService (GrpcService.java:startImpl(158)) - a8d2df02-a9dc-4b60-9eec-a53a711ba1ae: GrpcService started, listening on 0.0.0.0/0.0.0.0:45141
2019-09-25 05:54:02,695 [Datanode State Machine Thread - 0] INFO  ratis.XceiverServerRatis (XceiverServerRatis.java:start(421)) - XceiverServerRatis a8d2df02-a9dc-4b60-9eec-a53a711ba1ae is started using port 45141
2019-09-25 05:54:02,699 [Datanode State Machine Thread - 0] INFO  server.XceiverServerGrpc (XceiverServerGrpc.java:start(149)) - XceiverServerGrpc a8d2df02-a9dc-4b60-9eec-a53a711ba1ae is started using port 36658
2019-09-25 05:54:02,751 [Datanode State Machine Thread - 0] INFO  ozoneimpl.OzoneContainer (OzoneContainer.java:start(217)) - Attempting to start container services.
2019-09-25 05:54:02,752 [Datanode State Machine Thread - 0] INFO  ozoneimpl.OzoneContainer (OzoneContainer.java:startContainerScrub(179)) - Background container scanner has been disabled.
2019-09-25 05:54:02,752 [Datanode State Machine Thread - 0] INFO  ratis.XceiverServerRatis (XceiverServerRatis.java:start(411)) - Starting XceiverServerRatis 169f835a-5a51-4a80-ac17-f8139cf3a6e7 at port 0
2019-09-25 05:54:02,760 [Datanode State Machine Thread - 0] INFO  impl.RaftServerProxy (RaftServerProxy.java:lambda$start$3(299)) - 169f835a-5a51-4a80-ac17-f8139cf3a6e7: start RPC server
2019-09-25 05:54:02,766 [Datanode State Machine Thread - 0] INFO  server.GrpcService (GrpcService.java:startImpl(158)) - 169f835a-5a51-4a80-ac17-f8139cf3a6e7: GrpcService started, listening on 0.0.0.0/0.0.0.0:39029
2019-09-25 05:54:02,766 [Datanode State Machine Thread - 0] INFO  ratis.XceiverServerRatis (XceiverServerRatis.java:start(421)) - XceiverServerRatis 169f835a-5a51-4a80-ac17-f8139cf3a6e7 is started using port 39029
2019-09-25 05:54:02,770 [Datanode State Machine Thread - 0] INFO  server.XceiverServerGrpc (XceiverServerGrpc.java:start(149)) - XceiverServerGrpc 169f835a-5a51-4a80-ac17-f8139cf3a6e7 is started using port 35245
2019-09-25 05:54:02,850 [Datanode State Machine Thread - 0] INFO  ozoneimpl.OzoneContainer (OzoneContainer.java:start(217)) - Attempting to start container services.
2019-09-25 05:54:02,850 [Datanode State Machine Thread - 0] INFO  ozoneimpl.OzoneContainer (OzoneContainer.java:startContainerScrub(179)) - Background container scanner has been disabled.
2019-09-25 05:54:02,850 [Datanode State Machine Thread - 0] INFO  ratis.XceiverServerRatis (XceiverServerRatis.java:start(411)) - Starting XceiverServerRatis 042645b7-d9e3-44d6-a86c-5222fd8d5aba at port 0
2019-09-25 05:54:02,857 [Datanode State Machine Thread - 0] INFO  impl.RaftServerProxy (RaftServerProxy.java:lambda$start$3(299)) - 042645b7-d9e3-44d6-a86c-5222fd8d5aba: start RPC server
2019-09-25 05:54:02,862 [Datanode State Machine Thread - 0] INFO  server.GrpcService (GrpcService.java:startImpl(158)) - 042645b7-d9e3-44d6-a86c-5222fd8d5aba: GrpcService started, listening on 0.0.0.0/0.0.0.0:35465
2019-09-25 05:54:02,863 [Datanode State Machine Thread - 0] INFO  ratis.XceiverServerRatis (XceiverServerRatis.java:start(421)) - XceiverServerRatis 042645b7-d9e3-44d6-a86c-5222fd8d5aba is started using port 35465
2019-09-25 05:54:02,868 [Datanode State Machine Thread - 0] INFO  server.XceiverServerGrpc (XceiverServerGrpc.java:start(149)) - XceiverServerGrpc 042645b7-d9e3-44d6-a86c-5222fd8d5aba is started using port 37568
2019-09-25 05:54:02,960 [Datanode State Machine Thread - 0] INFO  ozoneimpl.OzoneContainer (OzoneContainer.java:start(217)) - Attempting to start container services.
2019-09-25 05:54:02,960 [Datanode State Machine Thread - 0] INFO  ozoneimpl.OzoneContainer (OzoneContainer.java:startContainerScrub(179)) - Background container scanner has been disabled.
2019-09-25 05:54:02,960 [Datanode State Machine Thread - 0] INFO  ratis.XceiverServerRatis (XceiverServerRatis.java:start(411)) - Starting XceiverServerRatis f28e89b6-3953-4014-b5dd-5d7c12bc90a1 at port 0
2019-09-25 05:54:02,968 [Datanode State Machine Thread - 0] INFO  impl.RaftServerProxy (RaftServerProxy.java:lambda$start$3(299)) - f28e89b6-3953-4014-b5dd-5d7c12bc90a1: start RPC server
2019-09-25 05:54:02,973 [Datanode State Machine Thread - 0] INFO  server.GrpcService (GrpcService.java:startImpl(158)) - f28e89b6-3953-4014-b5dd-5d7c12bc90a1: GrpcService started, listening on 0.0.0.0/0.0.0.0:36384
2019-09-25 05:54:02,973 [Datanode State Machine Thread - 0] INFO  ratis.XceiverServerRatis (XceiverServerRatis.java:start(421)) - XceiverServerRatis f28e89b6-3953-4014-b5dd-5d7c12bc90a1 is started using port 36384
2019-09-25 05:54:02,977 [Datanode State Machine Thread - 0] INFO  server.XceiverServerGrpc (XceiverServerGrpc.java:start(149)) - XceiverServerGrpc f28e89b6-3953-4014-b5dd-5d7c12bc90a1 is started using port 38872
2019-09-25 05:54:03,049 [Datanode State Machine Thread - 0] INFO  ozoneimpl.OzoneContainer (OzoneContainer.java:start(217)) - Attempting to start container services.
2019-09-25 05:54:03,050 [Datanode State Machine Thread - 0] INFO  ozoneimpl.OzoneContainer (OzoneContainer.java:startContainerScrub(179)) - Background container scanner has been disabled.
2019-09-25 05:54:03,050 [Datanode State Machine Thread - 0] INFO  ratis.XceiverServerRatis (XceiverServerRatis.java:start(411)) - Starting XceiverServerRatis 58f3e057-a7b1-43f9-accd-a9f9efdb249b at port 0
2019-09-25 05:54:03,057 [Datanode State Machine Thread - 0] INFO  impl.RaftServerProxy (RaftServerProxy.java:lambda$start$3(299)) - 58f3e057-a7b1-43f9-accd-a9f9efdb249b: start RPC server
2019-09-25 05:54:03,072 [Datanode State Machine Thread - 0] INFO  server.GrpcService (GrpcService.java:startImpl(158)) - 58f3e057-a7b1-43f9-accd-a9f9efdb249b: GrpcService started, listening on 0.0.0.0/0.0.0.0:39965
2019-09-25 05:54:03,073 [Datanode State Machine Thread - 0] INFO  ratis.XceiverServerRatis (XceiverServerRatis.java:start(421)) - XceiverServerRatis 58f3e057-a7b1-43f9-accd-a9f9efdb249b is started using port 39965
2019-09-25 05:54:03,078 [Datanode State Machine Thread - 0] INFO  server.XceiverServerGrpc (XceiverServerGrpc.java:start(149)) - XceiverServerGrpc 58f3e057-a7b1-43f9-accd-a9f9efdb249b is started using port 33131
2019-09-25 05:54:03,112 [main] INFO  ozone.MiniOzoneClusterImpl (MiniOzoneClusterImpl.java:lambda$waitForClusterToBeReady$0(147)) - Waiting for cluster to be ready. Got 0 of 10 DN Heartbeats.
2019-09-25 05:54:03,126 [Datanode State Machine Thread - 0] INFO  ozoneimpl.OzoneContainer (OzoneContainer.java:start(217)) - Attempting to start container services.
2019-09-25 05:54:03,127 [Datanode State Machine Thread - 0] INFO  ozoneimpl.OzoneContainer (OzoneContainer.java:startContainerScrub(179)) - Background container scanner has been disabled.
2019-09-25 05:54:03,127 [Datanode State Machine Thread - 0] INFO  ratis.XceiverServerRatis (XceiverServerRatis.java:start(411)) - Starting XceiverServerRatis faa7f77f-6684-4b53-8a7a-61c7fb9cb7f4 at port 0
2019-09-25 05:54:03,244 [Datanode State Machine Thread - 0] INFO  impl.RaftServerProxy (RaftServerProxy.java:lambda$start$3(299)) - faa7f77f-6684-4b53-8a7a-61c7fb9cb7f4: start RPC server
2019-09-25 05:54:03,264 [Datanode State Machine Thread - 0] INFO  server.GrpcService (GrpcService.java:startImpl(158)) - faa7f77f-6684-4b53-8a7a-61c7fb9cb7f4: GrpcService started, listening on 0.0.0.0/0.0.0.0:41397
2019-09-25 05:54:03,264 [Datanode State Machine Thread - 0] INFO  ratis.XceiverServerRatis (XceiverServerRatis.java:start(421)) - XceiverServerRatis faa7f77f-6684-4b53-8a7a-61c7fb9cb7f4 is started using port 41397
2019-09-25 05:54:03,288 [Datanode State Machine Thread - 0] INFO  server.XceiverServerGrpc (XceiverServerGrpc.java:start(149)) - XceiverServerGrpc faa7f77f-6684-4b53-8a7a-61c7fb9cb7f4 is started using port 36644
2019-09-25 05:54:04,112 [main] INFO  ozone.MiniOzoneClusterImpl (MiniOzoneClusterImpl.java:lambda$waitForClusterToBeReady$0(147)) - Waiting for cluster to be ready. Got 0 of 10 DN Heartbeats.
2019-09-25 05:54:04,351 [IPC Server handler 7 on 45268] INFO  net.NetworkTopology (NetworkTopologyImpl.java:add(111)) - Added a new node: /default-rack/a171a438-4db2-4a15-a03d-8d01a40a69ad
2019-09-25 05:54:04,352 [IPC Server handler 7 on 45268] INFO  node.SCMNodeManager (SCMNodeManager.java:register(266)) - Registered Data node : a171a438-4db2-4a15-a03d-8d01a40a69ad{ip: 192.168.5.161, host: pr-hdds-1569-zxpks-796972592, networkLocation: /default-rack, certSerialId: null}
2019-09-25 05:54:04,360 [EventQueue-NodeRegistrationContainerReportForDataNodeSafeModeRule] INFO  safemode.SCMSafeModeManager (DataNodeSafeModeRule.java:process(71)) - SCM in safe mode. 1 DataNodes registered, 1 required.
2019-09-25 05:54:04,360 [EventQueue-NodeRegistrationContainerReportForDataNodeSafeModeRule] INFO  safemode.SCMSafeModeManager (SCMSafeModeManager.java:validateSafeModeExitRules(177)) - ScmSafeModeManager, all rules are successfully validated
2019-09-25 05:54:04,360 [EventQueue-NodeRegistrationContainerReportForDataNodeSafeModeRule] INFO  safemode.SCMSafeModeManager (SCMSafeModeManager.java:exitSafeMode(193)) - SCM exiting safe mode.
2019-09-25 05:54:04,413 [IPC Server handler 10 on 45268] INFO  net.NetworkTopology (NetworkTopologyImpl.java:add(111)) - Added a new node: /default-rack/f15c9da4-41cd-4d3b-befd-f91bd6a8ef15
2019-09-25 05:54:04,414 [IPC Server handler 10 on 45268] INFO  node.SCMNodeManager (SCMNodeManager.java:register(266)) - Registered Data node : f15c9da4-41cd-4d3b-befd-f91bd6a8ef15{ip: 192.168.5.161, host: pr-hdds-1569-zxpks-796972592, networkLocation: /default-rack, certSerialId: null}
2019-09-25 05:54:04,502 [IPC Server handler 3 on 45268] INFO  net.NetworkTopology (NetworkTopologyImpl.java:add(111)) - Added a new node: /default-rack/22638597-b9ac-42fc-8d80-a8fc15613fc1
2019-09-25 05:54:04,503 [IPC Server handler 3 on 45268] INFO  node.SCMNodeManager (SCMNodeManager.java:register(266)) - Registered Data node : 22638597-b9ac-42fc-8d80-a8fc15613fc1{ip: 192.168.5.161, host: pr-hdds-1569-zxpks-796972592, networkLocation: /default-rack, certSerialId: null}
2019-09-25 05:54:04,581 [IPC Server handler 4 on 45268] INFO  net.NetworkTopology (NetworkTopologyImpl.java:add(111)) - Added a new node: /default-rack/9b45984a-e801-4994-8f0b-759bb773fda3
2019-09-25 05:54:04,581 [IPC Server handler 4 on 45268] INFO  node.SCMNodeManager (SCMNodeManager.java:register(266)) - Registered Data node : 9b45984a-e801-4994-8f0b-759bb773fda3{ip: 192.168.5.161, host: pr-hdds-1569-zxpks-796972592, networkLocation: /default-rack, certSerialId: null}
2019-09-25 05:54:04,662 [IPC Server handler 2 on 45268] INFO  net.NetworkTopology (NetworkTopologyImpl.java:add(111)) - Added a new node: /default-rack/a8d2df02-a9dc-4b60-9eec-a53a711ba1ae
2019-09-25 05:54:04,662 [IPC Server handler 2 on 45268] INFO  node.SCMNodeManager (SCMNodeManager.java:register(266)) - Registered Data node : a8d2df02-a9dc-4b60-9eec-a53a711ba1ae{ip: 192.168.5.161, host: pr-hdds-1569-zxpks-796972592, networkLocation: /default-rack, certSerialId: null}
2019-09-25 05:54:04,765 [IPC Server handler 1 on 45268] INFO  net.NetworkTopology (NetworkTopologyImpl.java:add(111)) - Added a new node: /default-rack/169f835a-5a51-4a80-ac17-f8139cf3a6e7
2019-09-25 05:54:04,765 [IPC Server handler 1 on 45268] INFO  node.SCMNodeManager (SCMNodeManager.java:register(266)) - Registered Data node : 169f835a-5a51-4a80-ac17-f8139cf3a6e7{ip: 192.168.5.161, host: pr-hdds-1569-zxpks-796972592, networkLocation: /default-rack, certSerialId: null}
2019-09-25 05:54:04,837 [IPC Server handler 5 on 45268] INFO  net.NetworkTopology (NetworkTopologyImpl.java:add(111)) - Added a new node: /default-rack/042645b7-d9e3-44d6-a86c-5222fd8d5aba
2019-09-25 05:54:04,837 [IPC Server handler 5 on 45268] INFO  node.SCMNodeManager (SCMNodeManager.java:register(266)) - Registered Data node : 042645b7-d9e3-44d6-a86c-5222fd8d5aba{ip: 192.168.5.161, host: pr-hdds-1569-zxpks-796972592, networkLocation: /default-rack, certSerialId: null}
2019-09-25 05:54:04,947 [IPC Server handler 6 on 45268] INFO  net.NetworkTopology (NetworkTopologyImpl.java:add(111)) - Added a new node: /default-rack/f28e89b6-3953-4014-b5dd-5d7c12bc90a1
2019-09-25 05:54:04,947 [IPC Server handler 6 on 45268] INFO  node.SCMNodeManager (SCMNodeManager.java:register(266)) - Registered Data node : f28e89b6-3953-4014-b5dd-5d7c12bc90a1{ip: 192.168.5.161, host: pr-hdds-1569-zxpks-796972592, networkLocation: /default-rack, certSerialId: null}
2019-09-25 05:54:04,955 [grpc-default-executor-0] INFO  impl.RaftServerProxy (RaftServerProxy.java:addNew(89)) - a171a438-4db2-4a15-a03d-8d01a40a69ad: addNew group-BB542926E615:[a171a438-4db2-4a15-a03d-8d01a40a69ad:192.168.5.161:39877] returns group-BB542926E615:java.util.concurrent.CompletableFuture@3fd2112b[Not completed]
2019-09-25 05:54:04,985 [pool-27-thread-1] INFO  impl.RaftServerImpl (RaftServerImpl.java:<init>(95)) - a171a438-4db2-4a15-a03d-8d01a40a69ad: new RaftServerImpl for group-BB542926E615:[a171a438-4db2-4a15-a03d-8d01a40a69ad:192.168.5.161:39877] with ContainerStateMachine:uninitialized
2019-09-25 05:54:04,986 [pool-27-thread-1] INFO  server.RaftServerConfigKeys (ConfUtils.java:logGet(43)) - raft.server.rpc.timeout.min = 5s (custom)
2019-09-25 05:54:04,988 [pool-27-thread-1] INFO  server.RaftServerConfigKeys (ConfUtils.java:logGet(43)) - raft.server.rpc.timeout.max = 5200ms (custom)
2019-09-25 05:54:04,988 [pool-27-thread-1] INFO  server.RaftServerConfigKeys (ConfUtils.java:logGet(43)) - raft.server.rpcslowness.timeout = 120s (custom)
2019-09-25 05:54:04,988 [pool-27-thread-1] INFO  server.RaftServerConfigKeys (ConfUtils.java:logGet(43)) - raft.server.sleep.deviation.threshold = 300 (default)
2019-09-25 05:54:04,989 [pool-27-thread-1] INFO  server.RaftServerConfigKeys (ConfUtils.java:logGet(43)) - raft.server.log.appender.install.snapshot.enabled = false (custom)
2019-09-25 05:54:04,996 [pool-27-thread-1] INFO  impl.RaftServerImpl (ServerState.java:<init>(103)) - a171a438-4db2-4a15-a03d-8d01a40a69ad@group-BB542926E615: ConfigurationManager, init=-1: [a171a438-4db2-4a15-a03d-8d01a40a69ad:192.168.5.161:39877], old=null, confs=<EMPTY_MAP>
2019-09-25 05:54:04,996 [pool-27-thread-1] INFO  server.RaftServerConfigKeys (ConfUtils.java:logGet(43)) - raft.server.storage.dir = [/workdir/hadoop-ozone/ozonefs/target/test-dir/MiniOzoneClusterImpl-a7a48124-c188-483e-b9a9-787dfdcc7198/datanode-0/data/ratis] (custom)
2019-09-25 05:54:05,003 [pool-27-thread-1] INFO  storage.RaftStorageDirectory (RaftStorageDirectory.java:analyzeStorage(246)) - The storage directory /workdir/hadoop-ozone/ozonefs/target/test-dir/MiniOzoneClusterImpl-a7a48124-c188-483e-b9a9-787dfdcc7198/datanode-0/data/ratis/335bf96b-e37f-43eb-b3de-bb542926e615 does not exist. Creating ...
2019-09-25 05:54:05,016 [pool-27-thread-1] INFO  storage.RaftStorageDirectory (RaftStorageDirectory.java:tryLock(328)) - Lock on /workdir/hadoop-ozone/ozonefs/target/test-dir/MiniOzoneClusterImpl-a7a48124-c188-483e-b9a9-787dfdcc7198/datanode-0/data/ratis/335bf96b-e37f-43eb-b3de-bb542926e615/in_use.lock acquired by nodename 19278@pr-hdds-1569-zxpks-796972592
2019-09-25 05:54:05,031 [pool-27-thread-1] INFO  storage.RaftStorage (RaftStorage.java:format(72)) - Storage directory /workdir/hadoop-ozone/ozonefs/target/test-dir/MiniOzoneClusterImpl-a7a48124-c188-483e-b9a9-787dfdcc7198/datanode-0/data/ratis/335bf96b-e37f-43eb-b3de-bb542926e615 has been successfully formatted.
2019-09-25 05:54:05,033 [pool-27-thread-1] INFO  ratis.ContainerStateMachine (ContainerStateMachine.java:loadSnapshot(230)) - group-BB542926E615: The snapshot info is null. Setting the last applied indexto:(t:0, i:~)
2019-09-25 05:54:05,037 [pool-27-thread-1] INFO  server.RaftServerConfigKeys (ConfUtils.java:logGet(43)) - raft.server.notification.no-leader.timeout = 120s (custom)
2019-09-25 05:54:05,038 [IPC Server handler 8 on 45268] INFO  net.NetworkTopology (NetworkTopologyImpl.java:add(111)) - Added a new node: /default-rack/58f3e057-a7b1-43f9-accd-a9f9efdb249b
2019-09-25 05:54:05,038 [IPC Server handler 8 on 45268] INFO  node.SCMNodeManager (SCMNodeManager.java:register(266)) - Registered Data node : 58f3e057-a7b1-43f9-accd-a9f9efdb249b{ip: 192.168.5.161, host: pr-hdds-1569-zxpks-796972592, networkLocation: /default-rack, certSerialId: null}
2019-09-25 05:54:05,039 [pool-27-thread-1] INFO  server.RaftServerConfigKeys (ConfUtils.java:logGet(43)) - raft.server.log.use.memory = false (default)
2019-09-25 05:54:05,044 [pool-27-thread-1] INFO  server.RaftServerConfigKeys (ConfUtils.java:logGet(43)) - raft.server.log.purge.gap = 1000000 (custom)
2019-09-25 05:54:05,044 [pool-27-thread-1] INFO  server.RaftServerConfigKeys (ConfUtils.java:logGet(43)) - raft.server.log.appender.buffer.byte-limit = 33554432 (custom)
2019-09-25 05:54:05,046 [pool-27-thread-1] INFO  server.RaftServerConfigKeys (ConfUtils.java:logGet(43)) - raft.server.log.segment.size.max = 1048576 (custom)
2019-09-25 05:54:05,050 [pool-27-thread-1] INFO  server.RaftServerConfigKeys (ConfUtils.java:logGet(43)) - raft.server.log.segment.cache.num.max = 2 (custom)
2019-09-25 05:54:05,055 [pool-27-thread-1] INFO  segmented.SegmentedRaftLogWorker (SegmentedRaftLogWorker.java:<init>(172)) - new a171a438-4db2-4a15-a03d-8d01a40a69ad@group-BB542926E615-SegmentedRaftLogWorker for RaftStorage:Storage Directory /workdir/hadoop-ozone/ozonefs/target/test-dir/MiniOzoneClusterImpl-a7a48124-c188-483e-b9a9-787dfdcc7198/datanode-0/data/ratis/335bf96b-e37f-43eb-b3de-bb542926e615
2019-09-25 05:54:05,057 [pool-27-thread-1] INFO  impl.MetricsSystemImpl (MetricsSystemImpl.java:init(158)) - ratis metrics system started (again)
2019-09-25 05:54:05,063 [pool-27-thread-1] INFO  metrics.MetricRegistries (MetricRegistriesLoader.java:load(64)) - Loaded MetricRegistries class org.apache.ratis.metrics.impl.MetricRegistriesImpl
2019-09-25 05:54:05,092 [pool-27-thread-1] INFO  server.RaftServerConfigKeys (ConfUtils.java:logGet(43)) - raft.server.log.queue.byte-limit = 2147483647 (custom)
2019-09-25 05:54:05,092 [pool-27-thread-1] INFO  server.RaftServerConfigKeys (ConfUtils.java:logGet(43)) - raft.server.log.queue.element-limit = 1024 (custom)
2019-09-25 05:54:05,095 [pool-27-thread-1] INFO  server.RaftServerConfigKeys (ConfUtils.java:logGet(43)) - raft.server.log.segment.size.max = 1048576 (custom)
2019-09-25 05:54:05,096 [pool-27-thread-1] INFO  server.RaftServerConfigKeys (ConfUtils.java:logGet(43)) - raft.server.log.preallocated.size = 16384 (custom)
2019-09-25 05:54:05,096 [pool-27-thread-1] INFO  server.RaftServerConfigKeys (ConfUtils.java:logGet(43)) - raft.server.log.write.buffer.size = 33554432 (custom)
2019-09-25 05:54:05,097 [pool-27-thread-1] INFO  server.RaftServerConfigKeys (ConfUtils.java:logGet(43)) - raft.server.log.force.sync.num = 128 (default)
2019-09-25 05:54:05,097 [pool-27-thread-1] INFO  server.RaftServerConfigKeys (ConfUtils.java:logGet(43)) - raft.server.log.statemachine.data.sync = true (default)
2019-09-25 05:54:05,098 [pool-27-thread-1] INFO  server.RaftServerConfigKeys (ConfUtils.java:logGet(43)) - raft.server.log.statemachine.data.sync.timeout = 10s (default)
2019-09-25 05:54:05,098 [pool-27-thread-1] INFO  server.RaftServerConfigKeys (ConfUtils.java:logGet(43)) - raft.server.log.statemachine.data.sync.timeout.retry = -1 (default)
2019-09-25 05:54:05,107 [pool-27-thread-1] INFO  server.RaftServerConfigKeys (ConfUtils.java:logGet(43)) - raft.server.log.statemachine.data.caching.enabled = true (custom)
2019-09-25 05:54:05,126 [main] INFO  ozone.MiniOzoneClusterImpl (MiniOzoneClusterImpl.java:lambda$waitForClusterToBeReady$0(147)) - Waiting for cluster to be ready. Got 9 of 10 DN Heartbeats.
2019-09-25 05:54:05,134 [IPC Server handler 7 on 45268] INFO  net.NetworkTopology (NetworkTopologyImpl.java:add(111)) - Added a new node: /default-rack/faa7f77f-6684-4b53-8a7a-61c7fb9cb7f4
2019-09-25 05:54:05,134 [pool-27-thread-1] INFO  segmented.SegmentedRaftLogWorker (SegmentedRaftLogWorker.java:lambda$new$0(132)) - a171a438-4db2-4a15-a03d-8d01a40a69ad@group-BB542926E615-SegmentedRaftLogWorker: flushIndex: setUnconditionally 0 -> -1
2019-09-25 05:54:05,134 [IPC Server handler 7 on 45268] INFO  node.SCMNodeManager (SCMNodeManager.java:register(266)) - Registered Data node : faa7f77f-6684-4b53-8a7a-61c7fb9cb7f4{ip: 192.168.5.161, host: pr-hdds-1569-zxpks-796972592, networkLocation: /default-rack, certSerialId: null}
2019-09-25 05:54:05,139 [pool-27-thread-1] INFO  server.RaftServerConfigKeys (ConfUtils.java:logGet(43)) - raft.server.snapshot.auto.trigger.enabled = true (custom)
2019-09-25 05:54:05,140 [pool-27-thread-1] INFO  server.RaftServerConfigKeys (ConfUtils.java:logGet(43)) - raft.server.snapshot.auto.trigger.threshold = 10000 (custom)
2019-09-25 05:54:05,140 [pool-27-thread-1] INFO  server.RaftServerConfigKeys (ConfUtils.java:logGet(43)) - raft.server.snapshot.retention.num.files = 5 (custom)
2019-09-25 05:54:05,141 [pool-27-thread-1] INFO  server.RaftServerConfigKeys (ConfUtils.java:logGet(43)) - raft.server.retrycache.expirytime = 600000ms (custom)
2019-09-25 05:54:05,174 [pool-27-thread-1] INFO  impl.RaftServerImpl (RaftServerImpl.java:start(185)) - a171a438-4db2-4a15-a03d-8d01a40a69ad@group-BB542926E615: start as a follower, conf=-1: [a171a438-4db2-4a15-a03d-8d01a40a69ad:192.168.5.161:39877], old=null
2019-09-25 05:54:05,175 [pool-27-thread-1] INFO  impl.RaftServerImpl (RaftServerImpl.java:setRole(174)) - a171a438-4db2-4a15-a03d-8d01a40a69ad@group-BB542926E615: changes role from      null to FOLLOWER at term 0 for startAsFollower
2019-09-25 05:54:05,176 [pool-27-thread-1] INFO  impl.RoleInfo (RoleInfo.java:updateAndGet(143)) - a171a438-4db2-4a15-a03d-8d01a40a69ad: start FollowerState
2019-09-25 05:54:05,178 [pool-27-thread-1] INFO  util.JmxRegister (JmxRegister.java:tryRegister(44)) - Successfully registered JMX Bean with object name Ratis:service=RaftServer,group=group-BB542926E615,id=a171a438-4db2-4a15-a03d-8d01a40a69ad
2019-09-25 05:54:05,269 [RatisPipelineUtilsThread] INFO  pipeline.PipelineStateManager (PipelineStateManager.java:addPipeline(56)) - Created pipeline Pipeline[ Id: 335bf96b-e37f-43eb-b3de-bb542926e615, Nodes: a171a438-4db2-4a15-a03d-8d01a40a69ad{ip: 192.168.5.161, host: pr-hdds-1569-zxpks-796972592, networkLocation: /default-rack, certSerialId: null}, Type:RATIS, Factor:ONE, State:OPEN]
2019-09-25 05:54:05,300 [grpc-default-executor-0] INFO  impl.RaftServerProxy (RaftServerProxy.java:addNew(89)) - f15c9da4-41cd-4d3b-befd-f91bd6a8ef15: addNew group-6CDE89691584:[f15c9da4-41cd-4d3b-befd-f91bd6a8ef15:192.168.5.161:37814] returns group-6CDE89691584:java.util.concurrent.CompletableFuture@6f719f44[Not completed]
2019-09-25 05:54:05,363 [pool-37-thread-1] INFO  impl.RaftServerImpl (RaftServerImpl.java:<init>(95)) - f15c9da4-41cd-4d3b-befd-f91bd6a8ef15: new RaftServerImpl for group-6CDE89691584:[f15c9da4-41cd-4d3b-befd-f91bd6a8ef15:192.168.5.161:37814] with ContainerStateMachine:uninitialized
2019-09-25 05:54:05,364 [pool-37-thread-1] INFO  server.RaftServerConfigKeys (ConfUtils.java:logGet(43)) - raft.server.rpc.timeout.min = 5s (custom)
2019-09-25 05:54:05,365 [pool-37-thread-1] INFO  server.RaftServerConfigKeys (ConfUtils.java:logGet(43)) - raft.server.rpc.timeout.max = 5200ms (custom)
2019-09-25 05:54:05,365 [pool-37-thread-1] INFO  server.RaftServerConfigKeys (ConfUtils.java:logGet(43)) - raft.server.rpcslowness.timeout = 120s (custom)
2019-09-25 05:54:05,365 [pool-37-thread-1] INFO  server.RaftServerConfigKeys (ConfUtils.java:logGet(43)) - raft.server.sleep.deviation.threshold = 300 (default)
2019-09-25 05:54:05,365 [pool-37-thread-1] INFO  server.RaftServerConfigKeys (ConfUtils.java:logGet(43)) - raft.server.log.appender.install.snapshot.enabled = false (custom)
2019-09-25 05:54:05,365 [pool-37-thread-1] INFO  impl.RaftServerImpl (ServerState.java:<init>(103)) - f15c9da4-41cd-4d3b-befd-f91bd6a8ef15@group-6CDE89691584: ConfigurationManager, init=-1: [f15c9da4-41cd-4d3b-befd-f91bd6a8ef15:192.168.5.161:37814], old=null, confs=<EMPTY_MAP>
2019-09-25 05:54:05,366 [pool-37-thread-1] INFO  server.RaftServerConfigKeys (ConfUtils.java:logGet(43)) - raft.server.storage.dir = [/workdir/hadoop-ozone/ozonefs/target/test-dir/MiniOzoneClusterImpl-a7a48124-c188-483e-b9a9-787dfdcc7198/datanode-1/data/ratis] (custom)
2019-09-25 05:54:05,366 [pool-37-thread-1] INFO  storage.RaftStorageDirectory (RaftStorageDirectory.java:analyzeStorage(246)) - The storage directory /workdir/hadoop-ozone/ozonefs/target/test-dir/MiniOzoneClusterImpl-a7a48124-c188-483e-b9a9-787dfdcc7198/datanode-1/data/ratis/5bd453d1-f2f5-4acf-99ac-6cde89691584 does not exist. Creating ...
2019-09-25 05:54:05,393 [pool-37-thread-1] INFO  storage.RaftStorageDirectory (RaftStorageDirectory.java:tryLock(328)) - Lock on /workdir/hadoop-ozone/ozonefs/target/test-dir/MiniOzoneClusterImpl-a7a48124-c188-483e-b9a9-787dfdcc7198/datanode-1/data/ratis/5bd453d1-f2f5-4acf-99ac-6cde89691584/in_use.lock acquired by nodename 19278@pr-hdds-1569-zxpks-796972592
2019-09-25 05:54:05,406 [pool-37-thread-1] INFO  storage.RaftStorage (RaftStorage.java:format(72)) - Storage directory /workdir/hadoop-ozone/ozonefs/target/test-dir/MiniOzoneClusterImpl-a7a48124-c188-483e-b9a9-787dfdcc7198/datanode-1/data/ratis/5bd453d1-f2f5-4acf-99ac-6cde89691584 has been successfully formatted.
2019-09-25 05:54:05,409 [pool-37-thread-1] INFO  ratis.ContainerStateMachine (ContainerStateMachine.java:loadSnapshot(230)) - group-6CDE89691584: The snapshot info is null. Setting the last applied indexto:(t:0, i:~)
2019-09-25 05:54:05,412 [pool-37-thread-1] INFO  server.RaftServerConfigKeys (ConfUtils.java:logGet(43)) - raft.server.notification.no-leader.timeout = 120s (custom)
2019-09-25 05:54:05,412 [pool-37-thread-1] INFO  server.RaftServerConfigKeys (ConfUtils.java:logGet(43)) - raft.server.log.use.memory = false (default)
2019-09-25 05:54:05,412 [pool-37-thread-1] INFO  server.RaftServerConfigKeys (ConfUtils.java:logGet(43)) - raft.server.log.purge.gap = 1000000 (custom)
2019-09-25 05:54:05,413 [pool-37-thread-1] INFO  server.RaftServerConfigKeys (ConfUtils.java:logGet(43)) - raft.server.log.appender.buffer.byte-limit = 33554432 (custom)
2019-09-25 05:54:05,413 [pool-37-thread-1] INFO  server.RaftServerConfigKeys (ConfUtils.java:logGet(43)) - raft.server.log.segment.size.max = 1048576 (custom)
2019-09-25 05:54:05,413 [pool-37-thread-1] INFO  server.RaftServerConfigKeys (ConfUtils.java:logGet(43)) - raft.server.log.segment.cache.num.max = 2 (custom)
2019-09-25 05:54:05,413 [pool-37-thread-1] INFO  segmented.SegmentedRaftLogWorker (SegmentedRaftLogWorker.java:<init>(172)) - new f15c9da4-41cd-4d3b-befd-f91bd6a8ef15@group-6CDE89691584-SegmentedRaftLogWorker for RaftStorage:Storage Directory /workdir/hadoop-ozone/ozonefs/target/test-dir/MiniOzoneClusterImpl-a7a48124-c188-483e-b9a9-787dfdcc7198/datanode-1/data/ratis/5bd453d1-f2f5-4acf-99ac-6cde89691584
2019-09-25 05:54:05,421 [pool-37-thread-1] INFO  server.RaftServerConfigKeys (ConfUtils.java:logGet(43)) - raft.server.log.queue.byte-limit = 2147483647 (custom)
2019-09-25 05:54:05,422 [pool-37-thread-1] INFO  server.RaftServerConfigKeys (ConfUtils.java:logGet(43)) - raft.server.log.queue.element-limit = 1024 (custom)
2019-09-25 05:54:05,422 [pool-37-thread-1] INFO  server.RaftServerConfigKeys (ConfUtils.java:logGet(43)) - raft.server.log.segment.size.max = 1048576 (custom)
2019-09-25 05:54:05,422 [pool-37-thread-1] INFO  server.RaftServerConfigKeys (ConfUtils.java:logGet(43)) - raft.server.log.preallocated.size = 16384 (custom)
2019-09-25 05:54:05,422 [pool-37-thread-1] INFO  server.RaftServerConfigKeys (ConfUtils.java:logGet(43)) - raft.server.log.write.buffer.size = 33554432 (custom)
2019-09-25 05:54:05,423 [pool-37-thread-1] INFO  server.RaftServerConfigKeys (ConfUtils.java:logGet(43)) - raft.server.log.force.sync.num = 128 (default)
2019-09-25 05:54:05,423 [pool-37-thread-1] INFO  server.RaftServerConfigKeys (ConfUtils.java:logGet(43)) - raft.server.log.statemachine.data.sync = true (default)
2019-09-25 05:54:05,423 [pool-37-thread-1] INFO  server.RaftServerConfigKeys (ConfUtils.java:logGet(43)) - raft.server.log.statemachine.data.sync.timeout = 10s (default)
2019-09-25 05:54:05,423 [pool-37-thread-1] INFO  server.RaftServerConfigKeys (ConfUtils.java:logGet(43)) - raft.server.log.statemachine.data.sync.timeout.retry = -1 (default)
2019-09-25 05:54:05,423 [pool-37-thread-1] INFO  server.RaftServerConfigKeys (ConfUtils.java:logGet(43)) - raft.server.log.statemachine.data.caching.enabled = true (custom)
2019-09-25 05:54:05,424 [pool-37-thread-1] INFO  segmented.SegmentedRaftLogWorker (SegmentedRaftLogWorker.java:lambda$new$0(132)) - f15c9da4-41cd-4d3b-befd-f91bd6a8ef15@group-6CDE89691584-SegmentedRaftLogWorker: flushIndex: setUnconditionally 0 -> -1
2019-09-25 05:54:05,425 [pool-37-thread-1] INFO  server.RaftServerConfigKeys (ConfUtils.java:logGet(43)) - raft.server.snapshot.auto.trigger.enabled = true (custom)
2019-09-25 05:54:05,425 [pool-37-thread-1] INFO  server.RaftServerConfigKeys (ConfUtils.java:logGet(43)) - raft.server.snapshot.auto.trigger.threshold = 10000 (custom)
2019-09-25 05:54:05,425 [pool-37-thread-1] INFO  server.RaftServerConfigKeys (ConfUtils.java:logGet(43)) - raft.server.snapshot.retention.num.files = 5 (custom)
2019-09-25 05:54:05,426 [pool-37-thread-1] INFO  server.RaftServerConfigKeys (ConfUtils.java:logGet(43)) - raft.server.retrycache.expirytime = 600000ms (custom)
2019-09-25 05:54:05,432 [pool-37-thread-1] INFO  impl.RaftServerImpl (RaftServerImpl.java:start(185)) - f15c9da4-41cd-4d3b-befd-f91bd6a8ef15@group-6CDE89691584: start as a follower, conf=-1: [f15c9da4-41cd-4d3b-befd-f91bd6a8ef15:192.168.5.161:37814], old=null
2019-09-25 05:54:05,433 [pool-37-thread-1] INFO  impl.RaftServerImpl (RaftServerImpl.java:setRole(174)) - f15c9da4-41cd-4d3b-befd-f91bd6a8ef15@group-6CDE89691584: changes role from      null to FOLLOWER at term 0 for startAsFollower
2019-09-25 05:54:05,433 [pool-37-thread-1] INFO  impl.RoleInfo (RoleInfo.java:updateAndGet(143)) - f15c9da4-41cd-4d3b-befd-f91bd6a8ef15: start FollowerState
2019-09-25 05:54:05,437 [pool-37-thread-1] INFO  util.JmxRegister (JmxRegister.java:tryRegister(44)) - Successfully registered JMX Bean with object name Ratis:service=RaftServer,group=group-6CDE89691584,id=f15c9da4-41cd-4d3b-befd-f91bd6a8ef15
2019-09-25 05:54:05,458 [RatisPipelineUtilsThread] INFO  pipeline.PipelineStateManager (PipelineStateManager.java:addPipeline(56)) - Created pipeline Pipeline[ Id: 5bd453d1-f2f5-4acf-99ac-6cde89691584, Nodes: f15c9da4-41cd-4d3b-befd-f91bd6a8ef15{ip: 192.168.5.161, host: pr-hdds-1569-zxpks-796972592, networkLocation: /default-rack, certSerialId: null}, Type:RATIS, Factor:ONE, State:OPEN]
2019-09-25 05:54:05,483 [grpc-default-executor-0] INFO  impl.RaftServerProxy (RaftServerProxy.java:addNew(89)) - 58f3e057-a7b1-43f9-accd-a9f9efdb249b: addNew group-F0DE9801D102:[58f3e057-a7b1-43f9-accd-a9f9efdb249b:192.168.5.161:39965] returns group-F0DE9801D102:java.util.concurrent.CompletableFuture@49fb5ef7[Not completed]
2019-09-25 05:54:05,516 [pool-107-thread-1] INFO  impl.RaftServerImpl (RaftServerImpl.java:<init>(95)) - 58f3e057-a7b1-43f9-accd-a9f9efdb249b: new RaftServerImpl for group-F0DE9801D102:[58f3e057-a7b1-43f9-accd-a9f9efdb249b:192.168.5.161:39965] with ContainerStateMachine:uninitialized
2019-09-25 05:54:05,517 [pool-107-thread-1] INFO  server.RaftServerConfigKeys (ConfUtils.java:logGet(43)) - raft.server.rpc.timeout.min = 5s (custom)
2019-09-25 05:54:05,517 [pool-107-thread-1] INFO  server.RaftServerConfigKeys (ConfUtils.java:logGet(43)) - raft.server.rpc.timeout.max = 5200ms (custom)
2019-09-25 05:54:05,517 [pool-107-thread-1] INFO  server.RaftServerConfigKeys (ConfUtils.java:logGet(43)) - raft.server.rpcslowness.timeout = 120s (custom)
2019-09-25 05:54:05,517 [pool-107-thread-1] INFO  server.RaftServerConfigKeys (ConfUtils.java:logGet(43)) - raft.server.sleep.deviation.threshold = 300 (default)
2019-09-25 05:54:05,517 [pool-107-thread-1] INFO  server.RaftServerConfigKeys (ConfUtils.java:logGet(43)) - raft.server.log.appender.install.snapshot.enabled = false (custom)
2019-09-25 05:54:05,518 [pool-107-thread-1] INFO  impl.RaftServerImpl (ServerState.java:<init>(103)) - 58f3e057-a7b1-43f9-accd-a9f9efdb249b@group-F0DE9801D102: ConfigurationManager, init=-1: [58f3e057-a7b1-43f9-accd-a9f9efdb249b:192.168.5.161:39965], old=null, confs=<EMPTY_MAP>
2019-09-25 05:54:05,518 [pool-107-thread-1] INFO  server.RaftServerConfigKeys (ConfUtils.java:logGet(43)) - raft.server.storage.dir = [/workdir/hadoop-ozone/ozonefs/target/test-dir/MiniOzoneClusterImpl-a7a48124-c188-483e-b9a9-787dfdcc7198/datanode-8/data/ratis] (custom)
2019-09-25 05:54:05,519 [pool-107-thread-1] INFO  storage.RaftStorageDirectory (RaftStorageDirectory.java:analyzeStorage(246)) - The storage directory /workdir/hadoop-ozone/ozonefs/target/test-dir/MiniOzoneClusterImpl-a7a48124-c188-483e-b9a9-787dfdcc7198/datanode-8/data/ratis/0164cde6-6fdf-4ac8-97a3-f0de9801d102 does not exist. Creating ...
2019-09-25 05:54:05,531 [pool-107-thread-1] INFO  storage.RaftStorageDirectory (RaftStorageDirectory.java:tryLock(328)) - Lock on /workdir/hadoop-ozone/ozonefs/target/test-dir/MiniOzoneClusterImpl-a7a48124-c188-483e-b9a9-787dfdcc7198/datanode-8/data/ratis/0164cde6-6fdf-4ac8-97a3-f0de9801d102/in_use.lock acquired by nodename 19278@pr-hdds-1569-zxpks-796972592
2019-09-25 05:54:05,545 [pool-107-thread-1] INFO  storage.RaftStorage (RaftStorage.java:format(72)) - Storage directory /workdir/hadoop-ozone/ozonefs/target/test-dir/MiniOzoneClusterImpl-a7a48124-c188-483e-b9a9-787dfdcc7198/datanode-8/data/ratis/0164cde6-6fdf-4ac8-97a3-f0de9801d102 has been successfully formatted.
2019-09-25 05:54:05,545 [pool-107-thread-1] INFO  ratis.ContainerStateMachine (ContainerStateMachine.java:loadSnapshot(230)) - group-F0DE9801D102: The snapshot info is null. Setting the last applied indexto:(t:0, i:~)
2019-09-25 05:54:05,545 [pool-107-thread-1] INFO  server.RaftServerConfigKeys (ConfUtils.java:logGet(43)) - raft.server.notification.no-leader.timeout = 120s (custom)
2019-09-25 05:54:05,546 [pool-107-thread-1] INFO  server.RaftServerConfigKeys (ConfUtils.java:logGet(43)) - raft.server.log.use.memory = false (default)
2019-09-25 05:54:05,546 [pool-107-thread-1] INFO  server.RaftServerConfigKeys (ConfUtils.java:logGet(43)) - raft.server.log.purge.gap = 1000000 (custom)
2019-09-25 05:54:05,546 [pool-107-thread-1] INFO  server.RaftServerConfigKeys (ConfUtils.java:logGet(43)) - raft.server.log.appender.buffer.byte-limit = 33554432 (custom)
2019-09-25 05:54:05,546 [pool-107-thread-1] INFO  server.RaftServerConfigKeys (ConfUtils.java:logGet(43)) - raft.server.log.segment.size.max = 1048576 (custom)
2019-09-25 05:54:05,546 [pool-107-thread-1] INFO  server.RaftServerConfigKeys (ConfUtils.java:logGet(43)) - raft.server.log.segment.cache.num.max = 2 (custom)
2019-09-25 05:54:05,547 [pool-107-thread-1] INFO  segmented.SegmentedRaftLogWorker (SegmentedRaftLogWorker.java:<init>(172)) - new 58f3e057-a7b1-43f9-accd-a9f9efdb249b@group-F0DE9801D102-SegmentedRaftLogWorker for RaftStorage:Storage Directory /workdir/hadoop-ozone/ozonefs/target/test-dir/MiniOzoneClusterImpl-a7a48124-c188-483e-b9a9-787dfdcc7198/datanode-8/data/ratis/0164cde6-6fdf-4ac8-97a3-f0de9801d102
2019-09-25 05:54:05,608 [pool-107-thread-1] INFO  server.RaftServerConfigKeys (ConfUtils.java:logGet(43)) - raft.server.log.queue.byte-limit = 2147483647 (custom)
2019-09-25 05:54:05,608 [pool-107-thread-1] INFO  server.RaftServerConfigKeys (ConfUtils.java:logGet(43)) - raft.server.log.queue.element-limit = 1024 (custom)
2019-09-25 05:54:05,609 [pool-107-thread-1] INFO  server.RaftServerConfigKeys (ConfUtils.java:logGet(43)) - raft.server.log.segment.size.max = 1048576 (custom)
2019-09-25 05:54:05,609 [pool-107-thread-1] INFO  server.RaftServerConfigKeys (ConfUtils.java:logGet(43)) - raft.server.log.preallocated.size = 16384 (custom)
2019-09-25 05:54:05,609 [pool-107-thread-1] INFO  server.RaftServerConfigKeys (ConfUtils.java:logGet(43)) - raft.server.log.write.buffer.size = 33554432 (custom)
2019-09-25 05:54:05,609 [pool-107-thread-1] INFO  server.RaftServerConfigKeys (ConfUtils.java:logGet(43)) - raft.server.log.force.sync.num = 128 (default)
2019-09-25 05:54:05,609 [pool-107-thread-1] INFO  server.RaftServerConfigKeys (ConfUtils.java:logGet(43)) - raft.server.log.statemachine.data.sync = true (default)
2019-09-25 05:54:05,610 [pool-107-thread-1] INFO  server.RaftServerConfigKeys (ConfUtils.java:logGet(43)) - raft.server.log.statemachine.data.sync.timeout = 10s (default)
2019-09-25 05:54:05,610 [pool-107-thread-1] INFO  server.RaftServerConfigKeys (ConfUtils.java:logGet(43)) - raft.server.log.statemachine.data.sync.timeout.retry = -1 (default)
2019-09-25 05:54:05,610 [pool-107-thread-1] INFO  server.RaftServerConfigKeys (ConfUtils.java:logGet(43)) - raft.server.log.statemachine.data.caching.enabled = true (custom)
2019-09-25 05:54:05,611 [pool-107-thread-1] INFO  segmented.SegmentedRaftLogWorker (SegmentedRaftLogWorker.java:lambda$new$0(132)) - 58f3e057-a7b1-43f9-accd-a9f9efdb249b@group-F0DE9801D102-SegmentedRaftLogWorker: flushIndex: setUnconditionally 0 -> -1
2019-09-25 05:54:05,611 [pool-107-thread-1] INFO  server.RaftServerConfigKeys (ConfUtils.java:logGet(43)) - raft.server.snapshot.auto.trigger.enabled = true (custom)
2019-09-25 05:54:05,612 [pool-107-thread-1] INFO  server.RaftServerConfigKeys (ConfUtils.java:logGet(43)) - raft.server.snapshot.auto.trigger.threshold = 10000 (custom)
2019-09-25 05:54:05,612 [pool-107-thread-1] INFO  server.RaftServerConfigKeys (ConfUtils.java:logGet(43)) - raft.server.snapshot.retention.num.files = 5 (custom)
2019-09-25 05:54:05,612 [pool-107-thread-1] INFO  server.RaftServerConfigKeys (ConfUtils.java:logGet(43)) - raft.server.retrycache.expirytime = 600000ms (custom)
2019-09-25 05:54:05,619 [pool-107-thread-1] INFO  impl.RaftServerImpl (RaftServerImpl.java:start(185)) - 58f3e057-a7b1-43f9-accd-a9f9efdb249b@group-F0DE9801D102: start as a follower, conf=-1: [58f3e057-a7b1-43f9-accd-a9f9efdb249b:192.168.5.161:39965], old=null
2019-09-25 05:54:05,619 [pool-107-thread-1] INFO  impl.RaftServerImpl (RaftServerImpl.java:setRole(174)) - 58f3e057-a7b1-43f9-accd-a9f9efdb249b@group-F0DE9801D102: changes role from      null to FOLLOWER at term 0 for startAsFollower
2019-09-25 05:54:05,619 [pool-107-thread-1] INFO  impl.RoleInfo (RoleInfo.java:updateAndGet(143)) - 58f3e057-a7b1-43f9-accd-a9f9efdb249b: start FollowerState
2019-09-25 05:54:05,620 [pool-107-thread-1] INFO  util.JmxRegister (JmxRegister.java:tryRegister(44)) - Successfully registered JMX Bean with object name Ratis:service=RaftServer,group=group-F0DE9801D102,id=58f3e057-a7b1-43f9-accd-a9f9efdb249b
2019-09-25 05:54:05,639 [RatisPipelineUtilsThread] INFO  pipeline.PipelineStateManager (PipelineStateManager.java:addPipeline(56)) - Created pipeline Pipeline[ Id: 0164cde6-6fdf-4ac8-97a3-f0de9801d102, Nodes: 58f3e057-a7b1-43f9-accd-a9f9efdb249b{ip: 192.168.5.161, host: pr-hdds-1569-zxpks-796972592, networkLocation: /default-rack, certSerialId: null}, Type:RATIS, Factor:ONE, State:OPEN]
2019-09-25 05:54:05,673 [grpc-default-executor-0] INFO  impl.RaftServerProxy (RaftServerProxy.java:addNew(89)) - 169f835a-5a51-4a80-ac17-f8139cf3a6e7: addNew group-25DE74946659:[169f835a-5a51-4a80-ac17-f8139cf3a6e7:192.168.5.161:39029] returns group-25DE74946659:java.util.concurrent.CompletableFuture@78c9a243[Not completed]
2019-09-25 05:54:05,683 [pool-77-thread-1] INFO  impl.RaftServerImpl (RaftServerImpl.java:<init>(95)) - 169f835a-5a51-4a80-ac17-f8139cf3a6e7: new RaftServerImpl for group-25DE74946659:[169f835a-5a51-4a80-ac17-f8139cf3a6e7:192.168.5.161:39029] with ContainerStateMachine:uninitialized
2019-09-25 05:54:05,683 [pool-77-thread-1] INFO  server.RaftServerConfigKeys (ConfUtils.java:logGet(43)) - raft.server.rpc.timeout.min = 5s (custom)
2019-09-25 05:54:05,683 [pool-77-thread-1] INFO  server.RaftServerConfigKeys (ConfUtils.java:logGet(43)) - raft.server.rpc.timeout.max = 5200ms (custom)
2019-09-25 05:54:05,683 [pool-77-thread-1] INFO  server.RaftServerConfigKeys (ConfUtils.java:logGet(43)) - raft.server.rpcslowness.timeout = 120s (custom)
2019-09-25 05:54:05,684 [pool-77-thread-1] INFO  server.RaftServerConfigKeys (ConfUtils.java:logGet(43)) - raft.server.sleep.deviation.threshold = 300 (default)
2019-09-25 05:54:05,684 [pool-77-thread-1] INFO  server.RaftServerConfigKeys (ConfUtils.java:logGet(43)) - raft.server.log.appender.install.snapshot.enabled = false (custom)
2019-09-25 05:54:05,684 [pool-77-thread-1] INFO  impl.RaftServerImpl (ServerState.java:<init>(103)) - 169f835a-5a51-4a80-ac17-f8139cf3a6e7@group-25DE74946659: ConfigurationManager, init=-1: [169f835a-5a51-4a80-ac17-f8139cf3a6e7:192.168.5.161:39029], old=null, confs=<EMPTY_MAP>
2019-09-25 05:54:05,684 [pool-77-thread-1] INFO  server.RaftServerConfigKeys (ConfUtils.java:logGet(43)) - raft.server.storage.dir = [/workdir/hadoop-ozone/ozonefs/target/test-dir/MiniOzoneClusterImpl-a7a48124-c188-483e-b9a9-787dfdcc7198/datanode-5/data/ratis] (custom)
2019-09-25 05:54:05,685 [pool-77-thread-1] INFO  storage.RaftStorageDirectory (RaftStorageDirectory.java:analyzeStorage(246)) - The storage directory /workdir/hadoop-ozone/ozonefs/target/test-dir/MiniOzoneClusterImpl-a7a48124-c188-483e-b9a9-787dfdcc7198/datanode-5/data/ratis/f2a60c29-f04a-42cf-8146-25de74946659 does not exist. Creating ...
2019-09-25 05:54:05,710 [pool-77-thread-1] INFO  storage.RaftStorageDirectory (RaftStorageDirectory.java:tryLock(328)) - Lock on /workdir/hadoop-ozone/ozonefs/target/test-dir/MiniOzoneClusterImpl-a7a48124-c188-483e-b9a9-787dfdcc7198/datanode-5/data/ratis/f2a60c29-f04a-42cf-8146-25de74946659/in_use.lock acquired by nodename 19278@pr-hdds-1569-zxpks-796972592
2019-09-25 05:54:05,724 [pool-77-thread-1] INFO  storage.RaftStorage (RaftStorage.java:format(72)) - Storage directory /workdir/hadoop-ozone/ozonefs/target/test-dir/MiniOzoneClusterImpl-a7a48124-c188-483e-b9a9-787dfdcc7198/datanode-5/data/ratis/f2a60c29-f04a-42cf-8146-25de74946659 has been successfully formatted.
2019-09-25 05:54:05,724 [pool-77-thread-1] INFO  ratis.ContainerStateMachine (ContainerStateMachine.java:loadSnapshot(230)) - group-25DE74946659: The snapshot info is null. Setting the last applied indexto:(t:0, i:~)
2019-09-25 05:54:05,724 [pool-77-thread-1] INFO  server.RaftServerConfigKeys (ConfUtils.java:logGet(43)) - raft.server.notification.no-leader.timeout = 120s (custom)
2019-09-25 05:54:05,724 [pool-77-thread-1] INFO  server.RaftServerConfigKeys (ConfUtils.java:logGet(43)) - raft.server.log.use.memory = false (default)
2019-09-25 05:54:05,725 [pool-77-thread-1] INFO  server.RaftServerConfigKeys (ConfUtils.java:logGet(43)) - raft.server.log.purge.gap = 1000000 (custom)
2019-09-25 05:54:05,725 [pool-77-thread-1] INFO  server.RaftServerConfigKeys (ConfUtils.java:logGet(43)) - raft.server.log.appender.buffer.byte-limit = 33554432 (custom)
2019-09-25 05:54:05,726 [pool-77-thread-1] INFO  server.RaftServerConfigKeys (ConfUtils.java:logGet(43)) - raft.server.log.segment.size.max = 1048576 (custom)
2019-09-25 05:54:05,726 [pool-77-thread-1] INFO  server.RaftServerConfigKeys (ConfUtils.java:logGet(43)) - raft.server.log.segment.cache.num.max = 2 (custom)
2019-09-25 05:54:05,726 [pool-77-thread-1] INFO  segmented.SegmentedRaftLogWorker (SegmentedRaftLogWorker.java:<init>(172)) - new 169f835a-5a51-4a80-ac17-f8139cf3a6e7@group-25DE74946659-SegmentedRaftLogWorker for RaftStorage:Storage Directory /workdir/hadoop-ozone/ozonefs/target/test-dir/MiniOzoneClusterImpl-a7a48124-c188-483e-b9a9-787dfdcc7198/datanode-5/data/ratis/f2a60c29-f04a-42cf-8146-25de74946659
2019-09-25 05:54:05,732 [pool-77-thread-1] INFO  server.RaftServerConfigKeys (ConfUtils.java:logGet(43)) - raft.server.log.queue.byte-limit = 2147483647 (custom)
2019-09-25 05:54:05,732 [pool-77-thread-1] INFO  server.RaftServerConfigKeys (ConfUtils.java:logGet(43)) - raft.server.log.queue.element-limit = 1024 (custom)
2019-09-25 05:54:05,733 [pool-77-thread-1] INFO  server.RaftServerConfigKeys (ConfUtils.java:logGet(43)) - raft.server.log.segment.size.max = 1048576 (custom)
2019-09-25 05:54:05,733 [pool-77-thread-1] INFO  server.RaftServerConfigKeys (ConfUtils.java:logGet(43)) - raft.server.log.preallocated.size = 16384 (custom)
2019-09-25 05:54:05,733 [pool-77-thread-1] INFO  server.RaftServerConfigKeys (ConfUtils.java:logGet(43)) - raft.server.log.write.buffer.size = 33554432 (custom)
2019-09-25 05:54:05,733 [pool-77-thread-1] INFO  server.RaftServerConfigKeys (ConfUtils.java:logGet(43)) - raft.server.log.force.sync.num = 128 (default)
2019-09-25 05:54:05,734 [pool-77-thread-1] INFO  server.RaftServerConfigKeys (ConfUtils.java:logGet(43)) - raft.server.log.statemachine.data.sync = true (default)
2019-09-25 05:54:05,734 [pool-77-thread-1] INFO  server.RaftServerConfigKeys (ConfUtils.java:logGet(43)) - raft.server.log.statemachine.data.sync.timeout = 10s (default)
2019-09-25 05:54:05,734 [pool-77-thread-1] INFO  server.RaftServerConfigKeys (ConfUtils.java:logGet(43)) - raft.server.log.statemachine.data.sync.timeout.retry = -1 (default)
2019-09-25 05:54:05,734 [pool-77-thread-1] INFO  server.RaftServerConfigKeys (ConfUtils.java:logGet(43)) - raft.server.log.statemachine.data.caching.enabled = true (custom)
2019-09-25 05:54:05,735 [pool-77-thread-1] INFO  segmented.SegmentedRaftLogWorker (SegmentedRaftLogWorker.java:lambda$new$0(132)) - 169f835a-5a51-4a80-ac17-f8139cf3a6e7@group-25DE74946659-SegmentedRaftLogWorker: flushIndex: setUnconditionally 0 -> -1
2019-09-25 05:54:05,735 [pool-77-thread-1] INFO  server.RaftServerConfigKeys (ConfUtils.java:logGet(43)) - raft.server.snapshot.auto.trigger.enabled = true (custom)
2019-09-25 05:54:05,735 [pool-77-thread-1] INFO  server.RaftServerConfigKeys (ConfUtils.java:logGet(43)) - raft.server.snapshot.auto.trigger.threshold = 10000 (custom)
2019-09-25 05:54:05,736 [pool-77-thread-1] INFO  server.RaftServerConfigKeys (ConfUtils.java:logGet(43)) - raft.server.snapshot.retention.num.files = 5 (custom)
2019-09-25 05:54:05,736 [pool-77-thread-1] INFO  server.RaftServerConfigKeys (ConfUtils.java:logGet(43)) - raft.server.retrycache.expirytime = 600000ms (custom)
2019-09-25 05:54:05,742 [pool-77-thread-1] INFO  impl.RaftServerImpl (RaftServerImpl.java:start(185)) - 169f835a-5a51-4a80-ac17-f8139cf3a6e7@group-25DE74946659: start as a follower, conf=-1: [169f835a-5a51-4a80-ac17-f8139cf3a6e7:192.168.5.161:39029], old=null
2019-09-25 05:54:05,742 [pool-77-thread-1] INFO  impl.RaftServerImpl (RaftServerImpl.java:setRole(174)) - 169f835a-5a51-4a80-ac17-f8139cf3a6e7@group-25DE74946659: changes role from      null to FOLLOWER at term 0 for startAsFollower
2019-09-25 05:54:05,742 [pool-77-thread-1] INFO  impl.RoleInfo (RoleInfo.java:updateAndGet(143)) - 169f835a-5a51-4a80-ac17-f8139cf3a6e7: start FollowerState
2019-09-25 05:54:05,743 [pool-77-thread-1] INFO  util.JmxRegister (JmxRegister.java:tryRegister(44)) - Successfully registered JMX Bean with object name Ratis:service=RaftServer,group=group-25DE74946659,id=169f835a-5a51-4a80-ac17-f8139cf3a6e7
2019-09-25 05:54:05,770 [RatisPipelineUtilsThread] INFO  pipeline.PipelineStateManager (PipelineStateManager.java:addPipeline(56)) - Created pipeline Pipeline[ Id: f2a60c29-f04a-42cf-8146-25de74946659, Nodes: 169f835a-5a51-4a80-ac17-f8139cf3a6e7{ip: 192.168.5.161, host: pr-hdds-1569-zxpks-796972592, networkLocation: /default-rack, certSerialId: null}, Type:RATIS, Factor:ONE, State:OPEN]
2019-09-25 05:54:05,789 [grpc-default-executor-0] INFO  impl.RaftServerProxy (RaftServerProxy.java:addNew(89)) - 9b45984a-e801-4994-8f0b-759bb773fda3: addNew group-2FFFA845EF19:[9b45984a-e801-4994-8f0b-759bb773fda3:192.168.5.161:35299] returns group-2FFFA845EF19:java.util.concurrent.CompletableFuture@469f6b0c[Not completed]
2019-09-25 05:54:05,796 [pool-57-thread-1] INFO  impl.RaftServerImpl (RaftServerImpl.java:<init>(95)) - 9b45984a-e801-4994-8f0b-759bb773fda3: new RaftServerImpl for group-2FFFA845EF19:[9b45984a-e801-4994-8f0b-759bb773fda3:192.168.5.161:35299] with ContainerStateMachine:uninitialized
2019-09-25 05:54:05,797 [pool-57-thread-1] INFO  server.RaftServerConfigKeys (ConfUtils.java:logGet(43)) - raft.server.rpc.timeout.min = 5s (custom)
2019-09-25 05:54:05,797 [pool-57-thread-1] INFO  server.RaftServerConfigKeys (ConfUtils.java:logGet(43)) - raft.server.rpc.timeout.max = 5200ms (custom)
2019-09-25 05:54:05,797 [pool-57-thread-1] INFO  server.RaftServerConfigKeys (ConfUtils.java:logGet(43)) - raft.server.rpcslowness.timeout = 120s (custom)
2019-09-25 05:54:05,798 [pool-57-thread-1] INFO  server.RaftServerConfigKeys (ConfUtils.java:logGet(43)) - raft.server.sleep.deviation.threshold = 300 (default)
2019-09-25 05:54:05,798 [pool-57-thread-1] INFO  server.RaftServerConfigKeys (ConfUtils.java:logGet(43)) - raft.server.log.appender.install.snapshot.enabled = false (custom)
2019-09-25 05:54:05,798 [pool-57-thread-1] INFO  impl.RaftServerImpl (ServerState.java:<init>(103)) - 9b45984a-e801-4994-8f0b-759bb773fda3@group-2FFFA845EF19: ConfigurationManager, init=-1: [9b45984a-e801-4994-8f0b-759bb773fda3:192.168.5.161:35299], old=null, confs=<EMPTY_MAP>
2019-09-25 05:54:05,799 [pool-57-thread-1] INFO  server.RaftServerConfigKeys (ConfUtils.java:logGet(43)) - raft.server.storage.dir = [/workdir/hadoop-ozone/ozonefs/target/test-dir/MiniOzoneClusterImpl-a7a48124-c188-483e-b9a9-787dfdcc7198/datanode-3/data/ratis] (custom)
2019-09-25 05:54:05,799 [pool-57-thread-1] INFO  storage.RaftStorageDirectory (RaftStorageDirectory.java:analyzeStorage(246)) - The storage directory /workdir/hadoop-ozone/ozonefs/target/test-dir/MiniOzoneClusterImpl-a7a48124-c188-483e-b9a9-787dfdcc7198/datanode-3/data/ratis/b97175a6-acb8-4a36-bb9d-2fffa845ef19 does not exist. Creating ...
2019-09-25 05:54:05,812 [pool-57-thread-1] INFO  storage.RaftStorageDirectory (RaftStorageDirectory.java:tryLock(328)) - Lock on /workdir/hadoop-ozone/ozonefs/target/test-dir/MiniOzoneClusterImpl-a7a48124-c188-483e-b9a9-787dfdcc7198/datanode-3/data/ratis/b97175a6-acb8-4a36-bb9d-2fffa845ef19/in_use.lock acquired by nodename 19278@pr-hdds-1569-zxpks-796972592
2019-09-25 05:54:05,826 [pool-57-thread-1] INFO  storage.RaftStorage (RaftStorage.java:format(72)) - Storage directory /workdir/hadoop-ozone/ozonefs/target/test-dir/MiniOzoneClusterImpl-a7a48124-c188-483e-b9a9-787dfdcc7198/datanode-3/data/ratis/b97175a6-acb8-4a36-bb9d-2fffa845ef19 has been successfully formatted.
2019-09-25 05:54:05,826 [pool-57-thread-1] INFO  ratis.ContainerStateMachine (ContainerStateMachine.java:loadSnapshot(230)) - group-2FFFA845EF19: The snapshot info is null. Setting the last applied indexto:(t:0, i:~)
2019-09-25 05:54:05,827 [pool-57-thread-1] INFO  server.RaftServerConfigKeys (ConfUtils.java:logGet(43)) - raft.server.notification.no-leader.timeout = 120s (custom)
2019-09-25 05:54:05,827 [pool-57-thread-1] INFO  server.RaftServerConfigKeys (ConfUtils.java:logGet(43)) - raft.server.log.use.memory = false (default)
2019-09-25 05:54:05,827 [pool-57-thread-1] INFO  server.RaftServerConfigKeys (ConfUtils.java:logGet(43)) - raft.server.log.purge.gap = 1000000 (custom)
2019-09-25 05:54:05,828 [pool-57-thread-1] INFO  server.RaftServerConfigKeys (ConfUtils.java:logGet(43)) - raft.server.log.appender.buffer.byte-limit = 33554432 (custom)
2019-09-25 05:54:05,828 [pool-57-thread-1] INFO  server.RaftServerConfigKeys (ConfUtils.java:logGet(43)) - raft.server.log.segment.size.max = 1048576 (custom)
2019-09-25 05:54:05,828 [pool-57-thread-1] INFO  server.RaftServerConfigKeys (ConfUtils.java:logGet(43)) - raft.server.log.segment.cache.num.max = 2 (custom)
2019-09-25 05:54:05,828 [pool-57-thread-1] INFO  segmented.SegmentedRaftLogWorker (SegmentedRaftLogWorker.java:<init>(172)) - new 9b45984a-e801-4994-8f0b-759bb773fda3@group-2FFFA845EF19-SegmentedRaftLogWorker for RaftStorage:Storage Directory /workdir/hadoop-ozone/ozonefs/target/test-dir/MiniOzoneClusterImpl-a7a48124-c188-483e-b9a9-787dfdcc7198/datanode-3/data/ratis/b97175a6-acb8-4a36-bb9d-2fffa845ef19
2019-09-25 05:54:05,835 [pool-57-thread-1] INFO  server.RaftServerConfigKeys (ConfUtils.java:logGet(43)) - raft.server.log.queue.byte-limit = 2147483647 (custom)
2019-09-25 05:54:05,835 [pool-57-thread-1] INFO  server.RaftServerConfigKeys (ConfUtils.java:logGet(43)) - raft.server.log.queue.element-limit = 1024 (custom)
2019-09-25 05:54:05,836 [pool-57-thread-1] INFO  server.RaftServerConfigKeys (ConfUtils.java:logGet(43)) - raft.server.log.segment.size.max = 1048576 (custom)
2019-09-25 05:54:05,836 [pool-57-thread-1] INFO  server.RaftServerConfigKeys (ConfUtils.java:logGet(43)) - raft.server.log.preallocated.size = 16384 (custom)
2019-09-25 05:54:05,836 [pool-57-thread-1] INFO  server.RaftServerConfigKeys (ConfUtils.java:logGet(43)) - raft.server.log.write.buffer.size = 33554432 (custom)
2019-09-25 05:54:05,837 [pool-57-thread-1] INFO  server.RaftServerConfigKeys (ConfUtils.java:logGet(43)) - raft.server.log.force.sync.num = 128 (default)
2019-09-25 05:54:05,837 [pool-57-thread-1] INFO  server.RaftServerConfigKeys (ConfUtils.java:logGet(43)) - raft.server.log.statemachine.data.sync = true (default)
2019-09-25 05:54:05,837 [pool-57-thread-1] INFO  server.RaftServerConfigKeys (ConfUtils.java:logGet(43)) - raft.server.log.statemachine.data.sync.timeout = 10s (default)
2019-09-25 05:54:05,837 [pool-57-thread-1] INFO  server.RaftServerConfigKeys (ConfUtils.java:logGet(43)) - raft.server.log.statemachine.data.sync.timeout.retry = -1 (default)
2019-09-25 05:54:05,838 [pool-57-thread-1] INFO  server.RaftServerConfigKeys (ConfUtils.java:logGet(43)) - raft.server.log.statemachine.data.caching.enabled = true (custom)
2019-09-25 05:54:05,839 [pool-57-thread-1] INFO  segmented.SegmentedRaftLogWorker (SegmentedRaftLogWorker.java:lambda$new$0(132)) - 9b45984a-e801-4994-8f0b-759bb773fda3@group-2FFFA845EF19-SegmentedRaftLogWorker: flushIndex: setUnconditionally 0 -> -1
2019-09-25 05:54:05,839 [pool-57-thread-1] INFO  server.RaftServerConfigKeys (ConfUtils.java:logGet(43)) - raft.server.snapshot.auto.trigger.enabled = true (custom)
2019-09-25 05:54:05,839 [pool-57-thread-1] INFO  server.RaftServerConfigKeys (ConfUtils.java:logGet(43)) - raft.server.snapshot.auto.trigger.threshold = 10000 (custom)
2019-09-25 05:54:05,840 [pool-57-thread-1] INFO  server.RaftServerConfigKeys (ConfUtils.java:logGet(43)) - raft.server.snapshot.retention.num.files = 5 (custom)
2019-09-25 05:54:05,840 [pool-57-thread-1] INFO  server.RaftServerConfigKeys (ConfUtils.java:logGet(43)) - raft.server.retrycache.expirytime = 600000ms (custom)
2019-09-25 05:54:05,847 [pool-57-thread-1] INFO  impl.RaftServerImpl (RaftServerImpl.java:start(185)) - 9b45984a-e801-4994-8f0b-759bb773fda3@group-2FFFA845EF19: start as a follower, conf=-1: [9b45984a-e801-4994-8f0b-759bb773fda3:192.168.5.161:35299], old=null
2019-09-25 05:54:05,847 [pool-57-thread-1] INFO  impl.RaftServerImpl (RaftServerImpl.java:setRole(174)) - 9b45984a-e801-4994-8f0b-759bb773fda3@group-2FFFA845EF19: changes role from      null to FOLLOWER at term 0 for startAsFollower
2019-09-25 05:54:05,847 [pool-57-thread-1] INFO  impl.RoleInfo (RoleInfo.java:updateAndGet(143)) - 9b45984a-e801-4994-8f0b-759bb773fda3: start FollowerState
2019-09-25 05:54:05,848 [pool-57-thread-1] INFO  util.JmxRegister (JmxRegister.java:tryRegister(44)) - Successfully registered JMX Bean with object name Ratis:service=RaftServer,group=group-2FFFA845EF19,id=9b45984a-e801-4994-8f0b-759bb773fda3
2019-09-25 05:54:05,864 [RatisPipelineUtilsThread] INFO  pipeline.PipelineStateManager (PipelineStateManager.java:addPipeline(56)) - Created pipeline Pipeline[ Id: b97175a6-acb8-4a36-bb9d-2fffa845ef19, Nodes: 9b45984a-e801-4994-8f0b-759bb773fda3{ip: 192.168.5.161, host: pr-hdds-1569-zxpks-796972592, networkLocation: /default-rack, certSerialId: null}, Type:RATIS, Factor:ONE, State:OPEN]
2019-09-25 05:54:05,885 [grpc-default-executor-0] INFO  impl.RaftServerProxy (RaftServerProxy.java:addNew(89)) - 042645b7-d9e3-44d6-a86c-5222fd8d5aba: addNew group-F22FBF521BC8:[042645b7-d9e3-44d6-a86c-5222fd8d5aba:192.168.5.161:35465] returns group-F22FBF521BC8:java.util.concurrent.CompletableFuture@1dc13b5e[Not completed]
2019-09-25 05:54:05,892 [pool-87-thread-1] INFO  impl.RaftServerImpl (RaftServerImpl.java:<init>(95)) - 042645b7-d9e3-44d6-a86c-5222fd8d5aba: new RaftServerImpl for group-F22FBF521BC8:[042645b7-d9e3-44d6-a86c-5222fd8d5aba:192.168.5.161:35465] with ContainerStateMachine:uninitialized
2019-09-25 05:54:05,892 [pool-87-thread-1] INFO  server.RaftServerConfigKeys (ConfUtils.java:logGet(43)) - raft.server.rpc.timeout.min = 5s (custom)
2019-09-25 05:54:05,893 [pool-87-thread-1] INFO  server.RaftServerConfigKeys (ConfUtils.java:logGet(43)) - raft.server.rpc.timeout.max = 5200ms (custom)
2019-09-25 05:54:05,893 [pool-87-thread-1] INFO  server.RaftServerConfigKeys (ConfUtils.java:logGet(43)) - raft.server.rpcslowness.timeout = 120s (custom)
2019-09-25 05:54:05,893 [pool-87-thread-1] INFO  server.RaftServerConfigKeys (ConfUtils.java:logGet(43)) - raft.server.sleep.deviation.threshold = 300 (default)
2019-09-25 05:54:05,893 [pool-87-thread-1] INFO  server.RaftServerConfigKeys (ConfUtils.java:logGet(43)) - raft.server.log.appender.install.snapshot.enabled = false (custom)
2019-09-25 05:54:05,893 [pool-87-thread-1] INFO  impl.RaftServerImpl (ServerState.java:<init>(103)) - 042645b7-d9e3-44d6-a86c-5222fd8d5aba@group-F22FBF521BC8: ConfigurationManager, init=-1: [042645b7-d9e3-44d6-a86c-5222fd8d5aba:192.168.5.161:35465], old=null, confs=<EMPTY_MAP>
2019-09-25 05:54:05,894 [pool-87-thread-1] INFO  server.RaftServerConfigKeys (ConfUtils.java:logGet(43)) - raft.server.storage.dir = [/workdir/hadoop-ozone/ozonefs/target/test-dir/MiniOzoneClusterImpl-a7a48124-c188-483e-b9a9-787dfdcc7198/datanode-6/data/ratis] (custom)
2019-09-25 05:54:05,894 [pool-87-thread-1] INFO  storage.RaftStorageDirectory (RaftStorageDirectory.java:analyzeStorage(246)) - The storage directory /workdir/hadoop-ozone/ozonefs/target/test-dir/MiniOzoneClusterImpl-a7a48124-c188-483e-b9a9-787dfdcc7198/datanode-6/data/ratis/1390aa61-0f51-4c88-b3f4-f22fbf521bc8 does not exist. Creating ...
2019-09-25 05:54:05,907 [pool-87-thread-1] INFO  storage.RaftStorageDirectory (RaftStorageDirectory.java:tryLock(328)) - Lock on /workdir/hadoop-ozone/ozonefs/target/test-dir/MiniOzoneClusterImpl-a7a48124-c188-483e-b9a9-787dfdcc7198/datanode-6/data/ratis/1390aa61-0f51-4c88-b3f4-f22fbf521bc8/in_use.lock acquired by nodename 19278@pr-hdds-1569-zxpks-796972592
2019-09-25 05:54:05,920 [pool-87-thread-1] INFO  storage.RaftStorage (RaftStorage.java:format(72)) - Storage directory /workdir/hadoop-ozone/ozonefs/target/test-dir/MiniOzoneClusterImpl-a7a48124-c188-483e-b9a9-787dfdcc7198/datanode-6/data/ratis/1390aa61-0f51-4c88-b3f4-f22fbf521bc8 has been successfully formatted.
2019-09-25 05:54:05,921 [pool-87-thread-1] INFO  ratis.ContainerStateMachine (ContainerStateMachine.java:loadSnapshot(230)) - group-F22FBF521BC8: The snapshot info is null. Setting the last applied indexto:(t:0, i:~)
2019-09-25 05:54:05,921 [pool-87-thread-1] INFO  server.RaftServerConfigKeys (ConfUtils.java:logGet(43)) - raft.server.notification.no-leader.timeout = 120s (custom)
2019-09-25 05:54:05,921 [pool-87-thread-1] INFO  server.RaftServerConfigKeys (ConfUtils.java:logGet(43)) - raft.server.log.use.memory = false (default)
2019-09-25 05:54:05,922 [pool-87-thread-1] INFO  server.RaftServerConfigKeys (ConfUtils.java:logGet(43)) - raft.server.log.purge.gap = 1000000 (custom)
2019-09-25 05:54:05,922 [pool-87-thread-1] INFO  server.RaftServerConfigKeys (ConfUtils.java:logGet(43)) - raft.server.log.appender.buffer.byte-limit = 33554432 (custom)
2019-09-25 05:54:05,922 [pool-87-thread-1] INFO  server.RaftServerConfigKeys (ConfUtils.java:logGet(43)) - raft.server.log.segment.size.max = 1048576 (custom)
2019-09-25 05:54:05,922 [pool-87-thread-1] INFO  server.RaftServerConfigKeys (ConfUtils.java:logGet(43)) - raft.server.log.segment.cache.num.max = 2 (custom)
2019-09-25 05:54:05,922 [pool-87-thread-1] INFO  segmented.SegmentedRaftLogWorker (SegmentedRaftLogWorker.java:<init>(172)) - new 042645b7-d9e3-44d6-a86c-5222fd8d5aba@group-F22FBF521BC8-SegmentedRaftLogWorker for RaftStorage:Storage Directory /workdir/hadoop-ozone/ozonefs/target/test-dir/MiniOzoneClusterImpl-a7a48124-c188-483e-b9a9-787dfdcc7198/datanode-6/data/ratis/1390aa61-0f51-4c88-b3f4-f22fbf521bc8
2019-09-25 05:54:05,927 [pool-87-thread-1] INFO  server.RaftServerConfigKeys (ConfUtils.java:logGet(43)) - raft.server.log.queue.byte-limit = 2147483647 (custom)
2019-09-25 05:54:05,927 [pool-87-thread-1] INFO  server.RaftServerConfigKeys (ConfUtils.java:logGet(43)) - raft.server.log.queue.element-limit = 1024 (custom)
2019-09-25 05:54:05,928 [pool-87-thread-1] INFO  server.RaftServerConfigKeys (ConfUtils.java:logGet(43)) - raft.server.log.segment.size.max = 1048576 (custom)
2019-09-25 05:54:05,930 [pool-87-thread-1] INFO  server.RaftServerConfigKeys (ConfUtils.java:logGet(43)) - raft.server.log.preallocated.size = 16384 (custom)
2019-09-25 05:54:05,930 [pool-87-thread-1] INFO  server.RaftServerConfigKeys (ConfUtils.java:logGet(43)) - raft.server.log.write.buffer.size = 33554432 (custom)
2019-09-25 05:54:05,930 [pool-87-thread-1] INFO  server.RaftServerConfigKeys (ConfUtils.java:logGet(43)) - raft.server.log.force.sync.num = 128 (default)
2019-09-25 05:54:05,931 [pool-87-thread-1] INFO  server.RaftServerConfigKeys (ConfUtils.java:logGet(43)) - raft.server.log.statemachine.data.sync = true (default)
2019-09-25 05:54:05,931 [pool-87-thread-1] INFO  server.RaftServerConfigKeys (ConfUtils.java:logGet(43)) - raft.server.log.statemachine.data.sync.timeout = 10s (default)
2019-09-25 05:54:05,931 [pool-87-thread-1] INFO  server.RaftServerConfigKeys (ConfUtils.java:logGet(43)) - raft.server.log.statemachine.data.sync.timeout.retry = -1 (default)
2019-09-25 05:54:05,932 [pool-87-thread-1] INFO  server.RaftServerConfigKeys (ConfUtils.java:logGet(43)) - raft.server.log.statemachine.data.caching.enabled = true (custom)
2019-09-25 05:54:05,932 [pool-87-thread-1] INFO  segmented.SegmentedRaftLogWorker (SegmentedRaftLogWorker.java:lambda$new$0(132)) - 042645b7-d9e3-44d6-a86c-5222fd8d5aba@group-F22FBF521BC8-SegmentedRaftLogWorker: flushIndex: setUnconditionally 0 -> -1
2019-09-25 05:54:05,932 [pool-87-thread-1] INFO  server.RaftServerConfigKeys (ConfUtils.java:logGet(43)) - raft.server.snapshot.auto.trigger.enabled = true (custom)
2019-09-25 05:54:05,932 [pool-87-thread-1] INFO  server.RaftServerConfigKeys (ConfUtils.java:logGet(43)) - raft.server.snapshot.auto.trigger.threshold = 10000 (custom)
2019-09-25 05:54:05,933 [pool-87-thread-1] INFO  server.RaftServerConfigKeys (ConfUtils.java:logGet(43)) - raft.server.snapshot.retention.num.files = 5 (custom)
2019-09-25 05:54:05,933 [pool-87-thread-1] INFO  server.RaftServerConfigKeys (ConfUtils.java:logGet(43)) - raft.server.retrycache.expirytime = 600000ms (custom)
2019-09-25 05:54:05,936 [pool-87-thread-1] INFO  impl.RaftServerImpl (RaftServerImpl.java:start(185)) - 042645b7-d9e3-44d6-a86c-5222fd8d5aba@group-F22FBF521BC8: start as a follower, conf=-1: [042645b7-d9e3-44d6-a86c-5222fd8d5aba:192.168.5.161:35465], old=null
2019-09-25 05:54:05,936 [pool-87-thread-1] INFO  impl.RaftServerImpl (RaftServerImpl.java:setRole(174)) - 042645b7-d9e3-44d6-a86c-5222fd8d5aba@group-F22FBF521BC8: changes role from      null to FOLLOWER at term 0 for startAsFollower
2019-09-25 05:54:05,936 [pool-87-thread-1] INFO  impl.RoleInfo (RoleInfo.java:updateAndGet(143)) - 042645b7-d9e3-44d6-a86c-5222fd8d5aba: start FollowerState
2019-09-25 05:54:05,937 [pool-87-thread-1] INFO  util.JmxRegister (JmxRegister.java:tryRegister(44)) - Successfully registered JMX Bean with object name Ratis:service=RaftServer,group=group-F22FBF521BC8,id=042645b7-d9e3-44d6-a86c-5222fd8d5aba
2019-09-25 05:54:05,962 [RatisPipelineUtilsThread] INFO  pipeline.PipelineStateManager (PipelineStateManager.java:addPipeline(56)) - Created pipeline Pipeline[ Id: 1390aa61-0f51-4c88-b3f4-f22fbf521bc8, Nodes: 042645b7-d9e3-44d6-a86c-5222fd8d5aba{ip: 192.168.5.161, host: pr-hdds-1569-zxpks-796972592, networkLocation: /default-rack, certSerialId: null}, Type:RATIS, Factor:ONE, State:OPEN]
2019-09-25 05:54:05,980 [grpc-default-executor-0] INFO  impl.RaftServerProxy (RaftServerProxy.java:addNew(89)) - f15c9da4-41cd-4d3b-befd-f91bd6a8ef15: addNew group-3643E8C0673A:[f15c9da4-41cd-4d3b-befd-f91bd6a8ef15:192.168.5.161:37814] returns group-3643E8C0673A:java.util.concurrent.CompletableFuture@5ba032e2[Not completed]
2019-09-25 05:54:05,984 [pool-37-thread-1] INFO  impl.RaftServerImpl (RaftServerImpl.java:<init>(95)) - f15c9da4-41cd-4d3b-befd-f91bd6a8ef15: new RaftServerImpl for group-3643E8C0673A:[f15c9da4-41cd-4d3b-befd-f91bd6a8ef15:192.168.5.161:37814] with ContainerStateMachine:uninitialized
2019-09-25 05:54:05,984 [pool-37-thread-1] INFO  server.RaftServerConfigKeys (ConfUtils.java:logGet(43)) - raft.server.rpc.timeout.min = 5s (custom)
2019-09-25 05:54:05,985 [pool-37-thread-1] INFO  server.RaftServerConfigKeys (ConfUtils.java:logGet(43)) - raft.server.rpc.timeout.max = 5200ms (custom)
2019-09-25 05:54:05,985 [pool-37-thread-1] INFO  server.RaftServerConfigKeys (ConfUtils.java:logGet(43)) - raft.server.rpcslowness.timeout = 120s (custom)
2019-09-25 05:54:05,985 [pool-37-thread-1] INFO  server.RaftServerConfigKeys (ConfUtils.java:logGet(43)) - raft.server.sleep.deviation.threshold = 300 (default)
2019-09-25 05:54:05,986 [pool-37-thread-1] INFO  server.RaftServerConfigKeys (ConfUtils.java:logGet(43)) - raft.server.log.appender.install.snapshot.enabled = false (custom)
2019-09-25 05:54:05,986 [pool-37-thread-1] INFO  impl.RaftServerImpl (ServerState.java:<init>(103)) - f15c9da4-41cd-4d3b-befd-f91bd6a8ef15@group-3643E8C0673A: ConfigurationManager, init=-1: [f15c9da4-41cd-4d3b-befd-f91bd6a8ef15:192.168.5.161:37814], old=null, confs=<EMPTY_MAP>
2019-09-25 05:54:05,986 [pool-37-thread-1] INFO  server.RaftServerConfigKeys (ConfUtils.java:logGet(43)) - raft.server.storage.dir = [/workdir/hadoop-ozone/ozonefs/target/test-dir/MiniOzoneClusterImpl-a7a48124-c188-483e-b9a9-787dfdcc7198/datanode-1/data/ratis] (custom)
2019-09-25 05:54:05,987 [pool-37-thread-1] INFO  storage.RaftStorageDirectory (RaftStorageDirectory.java:analyzeStorage(246)) - The storage directory /workdir/hadoop-ozone/ozonefs/target/test-dir/MiniOzoneClusterImpl-a7a48124-c188-483e-b9a9-787dfdcc7198/datanode-1/data/ratis/c6d38e44-e48a-45ff-8810-3643e8c0673a does not exist. Creating ...
2019-09-25 05:54:06,002 [pool-37-thread-1] INFO  storage.RaftStorageDirectory (RaftStorageDirectory.java:tryLock(328)) - Lock on /workdir/hadoop-ozone/ozonefs/target/test-dir/MiniOzoneClusterImpl-a7a48124-c188-483e-b9a9-787dfdcc7198/datanode-1/data/ratis/c6d38e44-e48a-45ff-8810-3643e8c0673a/in_use.lock acquired by nodename 19278@pr-hdds-1569-zxpks-796972592
2019-09-25 05:54:06,014 [pool-37-thread-1] INFO  storage.RaftStorage (RaftStorage.java:format(72)) - Storage directory /workdir/hadoop-ozone/ozonefs/target/test-dir/MiniOzoneClusterImpl-a7a48124-c188-483e-b9a9-787dfdcc7198/datanode-1/data/ratis/c6d38e44-e48a-45ff-8810-3643e8c0673a has been successfully formatted.
2019-09-25 05:54:06,015 [pool-37-thread-1] INFO  ratis.ContainerStateMachine (ContainerStateMachine.java:loadSnapshot(230)) - group-3643E8C0673A: The snapshot info is null. Setting the last applied indexto:(t:0, i:~)
2019-09-25 05:54:06,015 [pool-37-thread-1] INFO  server.RaftServerConfigKeys (ConfUtils.java:logGet(43)) - raft.server.notification.no-leader.timeout = 120s (custom)
2019-09-25 05:54:06,015 [pool-37-thread-1] INFO  server.RaftServerConfigKeys (ConfUtils.java:logGet(43)) - raft.server.log.use.memory = false (default)
2019-09-25 05:54:06,015 [pool-37-thread-1] INFO  server.RaftServerConfigKeys (ConfUtils.java:logGet(43)) - raft.server.log.purge.gap = 1000000 (custom)
2019-09-25 05:54:06,016 [pool-37-thread-1] INFO  server.RaftServerConfigKeys (ConfUtils.java:logGet(43)) - raft.server.log.appender.buffer.byte-limit = 33554432 (custom)
2019-09-25 05:54:06,016 [pool-37-thread-1] INFO  server.RaftServerConfigKeys (ConfUtils.java:logGet(43)) - raft.server.log.segment.size.max = 1048576 (custom)
2019-09-25 05:54:06,016 [pool-37-thread-1] INFO  server.RaftServerConfigKeys (ConfUtils.java:logGet(43)) - raft.server.log.segment.cache.num.max = 2 (custom)
2019-09-25 05:54:06,016 [pool-37-thread-1] INFO  segmented.SegmentedRaftLogWorker (SegmentedRaftLogWorker.java:<init>(172)) - new f15c9da4-41cd-4d3b-befd-f91bd6a8ef15@group-3643E8C0673A-SegmentedRaftLogWorker for RaftStorage:Storage Directory /workdir/hadoop-ozone/ozonefs/target/test-dir/MiniOzoneClusterImpl-a7a48124-c188-483e-b9a9-787dfdcc7198/datanode-1/data/ratis/c6d38e44-e48a-45ff-8810-3643e8c0673a
2019-09-25 05:54:06,017 [pool-37-thread-1] INFO  server.RaftServerConfigKeys (ConfUtils.java:logGet(43)) - raft.server.log.queue.byte-limit = 2147483647 (custom)
2019-09-25 05:54:06,017 [pool-37-thread-1] INFO  server.RaftServerConfigKeys (ConfUtils.java:logGet(43)) - raft.server.log.queue.element-limit = 1024 (custom)
2019-09-25 05:54:06,017 [pool-37-thread-1] INFO  server.RaftServerConfigKeys (ConfUtils.java:logGet(43)) - raft.server.log.segment.size.max = 1048576 (custom)
2019-09-25 05:54:06,017 [pool-37-thread-1] INFO  server.RaftServerConfigKeys (ConfUtils.java:logGet(43)) - raft.server.log.preallocated.size = 16384 (custom)
2019-09-25 05:54:06,017 [pool-37-thread-1] INFO  server.RaftServerConfigKeys (ConfUtils.java:logGet(43)) - raft.server.log.write.buffer.size = 33554432 (custom)
2019-09-25 05:54:06,018 [pool-37-thread-1] INFO  server.RaftServerConfigKeys (ConfUtils.java:logGet(43)) - raft.server.log.force.sync.num = 128 (default)
2019-09-25 05:54:06,018 [pool-37-thread-1] INFO  server.RaftServerConfigKeys (ConfUtils.java:logGet(43)) - raft.server.log.statemachine.data.sync = true (default)
2019-09-25 05:54:06,018 [pool-37-thread-1] INFO  server.RaftServerConfigKeys (ConfUtils.java:logGet(43)) - raft.server.log.statemachine.data.sync.timeout = 10s (default)
2019-09-25 05:54:06,018 [pool-37-thread-1] INFO  server.RaftServerConfigKeys (ConfUtils.java:logGet(43)) - raft.server.log.statemachine.data.sync.timeout.retry = -1 (default)
2019-09-25 05:54:06,018 [pool-37-thread-1] INFO  server.RaftServerConfigKeys (ConfUtils.java:logGet(43)) - raft.server.log.statemachine.data.caching.enabled = true (custom)
2019-09-25 05:54:06,019 [pool-37-thread-1] INFO  segmented.SegmentedRaftLogWorker (SegmentedRaftLogWorker.java:lambda$new$0(132)) - f15c9da4-41cd-4d3b-befd-f91bd6a8ef15@group-3643E8C0673A-SegmentedRaftLogWorker: flushIndex: setUnconditionally 0 -> -1
2019-09-25 05:54:06,019 [pool-37-thread-1] INFO  server.RaftServerConfigKeys (ConfUtils.java:logGet(43)) - raft.server.snapshot.auto.trigger.enabled = true (custom)
2019-09-25 05:54:06,019 [pool-37-thread-1] INFO  server.RaftServerConfigKeys (ConfUtils.java:logGet(43)) - raft.server.snapshot.auto.trigger.threshold = 10000 (custom)
2019-09-25 05:54:06,019 [pool-37-thread-1] INFO  server.RaftServerConfigKeys (ConfUtils.java:logGet(43)) - raft.server.snapshot.retention.num.files = 5 (custom)
2019-09-25 05:54:06,020 [pool-37-thread-1] INFO  server.RaftServerConfigKeys (ConfUtils.java:logGet(43)) - raft.server.retrycache.expirytime = 600000ms (custom)
2019-09-25 05:54:06,024 [pool-37-thread-1] INFO  impl.RaftServerImpl (RaftServerImpl.java:start(185)) - f15c9da4-41cd-4d3b-befd-f91bd6a8ef15@group-3643E8C0673A: start as a follower, conf=-1: [f15c9da4-41cd-4d3b-befd-f91bd6a8ef15:192.168.5.161:37814], old=null
2019-09-25 05:54:06,024 [pool-37-thread-1] INFO  impl.RaftServerImpl (RaftServerImpl.java:setRole(174)) - f15c9da4-41cd-4d3b-befd-f91bd6a8ef15@group-3643E8C0673A: changes role from      null to FOLLOWER at term 0 for startAsFollower
2019-09-25 05:54:06,024 [pool-37-thread-1] INFO  impl.RoleInfo (RoleInfo.java:updateAndGet(143)) - f15c9da4-41cd-4d3b-befd-f91bd6a8ef15: start FollowerState
2019-09-25 05:54:06,024 [pool-37-thread-1] INFO  util.JmxRegister (JmxRegister.java:tryRegister(44)) - Successfully registered JMX Bean with object name Ratis:service=RaftServer,group=group-3643E8C0673A,id=f15c9da4-41cd-4d3b-befd-f91bd6a8ef15
2019-09-25 05:54:06,049 [RatisPipelineUtilsThread] INFO  pipeline.PipelineStateManager (PipelineStateManager.java:addPipeline(56)) - Created pipeline Pipeline[ Id: c6d38e44-e48a-45ff-8810-3643e8c0673a, Nodes: f15c9da4-41cd-4d3b-befd-f91bd6a8ef15{ip: 192.168.5.161, host: pr-hdds-1569-zxpks-796972592, networkLocation: /default-rack, certSerialId: null}, Type:RATIS, Factor:ONE, State:OPEN]
2019-09-25 05:54:06,071 [grpc-default-executor-0] INFO  impl.RaftServerProxy (RaftServerProxy.java:addNew(89)) - f28e89b6-3953-4014-b5dd-5d7c12bc90a1: addNew group-03140269466D:[f28e89b6-3953-4014-b5dd-5d7c12bc90a1:192.168.5.161:36384] returns group-03140269466D:java.util.concurrent.CompletableFuture@3979381c[Not completed]
2019-09-25 05:54:06,078 [pool-97-thread-1] INFO  impl.RaftServerImpl (RaftServerImpl.java:<init>(95)) - f28e89b6-3953-4014-b5dd-5d7c12bc90a1: new RaftServerImpl for group-03140269466D:[f28e89b6-3953-4014-b5dd-5d7c12bc90a1:192.168.5.161:36384] with ContainerStateMachine:uninitialized
2019-09-25 05:54:06,078 [pool-97-thread-1] INFO  server.RaftServerConfigKeys (ConfUtils.java:logGet(43)) - raft.server.rpc.timeout.min = 5s (custom)
2019-09-25 05:54:06,078 [pool-97-thread-1] INFO  server.RaftServerConfigKeys (ConfUtils.java:logGet(43)) - raft.server.rpc.timeout.max = 5200ms (custom)
2019-09-25 05:54:06,078 [pool-97-thread-1] INFO  server.RaftServerConfigKeys (ConfUtils.java:logGet(43)) - raft.server.rpcslowness.timeout = 120s (custom)
2019-09-25 05:54:06,079 [pool-97-thread-1] INFO  server.RaftServerConfigKeys (ConfUtils.java:logGet(43)) - raft.server.sleep.deviation.threshold = 300 (default)
2019-09-25 05:54:06,079 [pool-97-thread-1] INFO  server.RaftServerConfigKeys (ConfUtils.java:logGet(43)) - raft.server.log.appender.install.snapshot.enabled = false (custom)
2019-09-25 05:54:06,079 [pool-97-thread-1] INFO  impl.RaftServerImpl (ServerState.java:<init>(103)) - f28e89b6-3953-4014-b5dd-5d7c12bc90a1@group-03140269466D: ConfigurationManager, init=-1: [f28e89b6-3953-4014-b5dd-5d7c12bc90a1:192.168.5.161:36384], old=null, confs=<EMPTY_MAP>
2019-09-25 05:54:06,079 [pool-97-thread-1] INFO  server.RaftServerConfigKeys (ConfUtils.java:logGet(43)) - raft.server.storage.dir = [/workdir/hadoop-ozone/ozonefs/target/test-dir/MiniOzoneClusterImpl-a7a48124-c188-483e-b9a9-787dfdcc7198/datanode-7/data/ratis] (custom)
2019-09-25 05:54:06,080 [pool-97-thread-1] INFO  storage.RaftStorageDirectory (RaftStorageDirectory.java:analyzeStorage(246)) - The storage directory /workdir/hadoop-ozone/ozonefs/target/test-dir/MiniOzoneClusterImpl-a7a48124-c188-483e-b9a9-787dfdcc7198/datanode-7/data/ratis/7a7f0cf9-ae42-40d0-ac8a-03140269466d does not exist. Creating ...
2019-09-25 05:54:06,094 [pool-97-thread-1] INFO  storage.RaftStorageDirectory (RaftStorageDirectory.java:tryLock(328)) - Lock on /workdir/hadoop-ozone/ozonefs/target/test-dir/MiniOzoneClusterImpl-a7a48124-c188-483e-b9a9-787dfdcc7198/datanode-7/data/ratis/7a7f0cf9-ae42-40d0-ac8a-03140269466d/in_use.lock acquired by nodename 19278@pr-hdds-1569-zxpks-796972592
2019-09-25 05:54:06,108 [pool-97-thread-1] INFO  storage.RaftStorage (RaftStorage.java:format(72)) - Storage directory /workdir/hadoop-ozone/ozonefs/target/test-dir/MiniOzoneClusterImpl-a7a48124-c188-483e-b9a9-787dfdcc7198/datanode-7/data/ratis/7a7f0cf9-ae42-40d0-ac8a-03140269466d has been successfully formatted.
2019-09-25 05:54:06,108 [pool-97-thread-1] INFO  ratis.ContainerStateMachine (ContainerStateMachine.java:loadSnapshot(230)) - group-03140269466D: The snapshot info is null. Setting the last applied indexto:(t:0, i:~)
2019-09-25 05:54:06,109 [pool-97-thread-1] INFO  server.RaftServerConfigKeys (ConfUtils.java:logGet(43)) - raft.server.notification.no-leader.timeout = 120s (custom)
2019-09-25 05:54:06,109 [pool-97-thread-1] INFO  server.RaftServerConfigKeys (ConfUtils.java:logGet(43)) - raft.server.log.use.memory = false (default)
2019-09-25 05:54:06,109 [pool-97-thread-1] INFO  server.RaftServerConfigKeys (ConfUtils.java:logGet(43)) - raft.server.log.purge.gap = 1000000 (custom)
2019-09-25 05:54:06,109 [pool-97-thread-1] INFO  server.RaftServerConfigKeys (ConfUtils.java:logGet(43)) - raft.server.log.appender.buffer.byte-limit = 33554432 (custom)
2019-09-25 05:54:06,110 [pool-97-thread-1] INFO  server.RaftServerConfigKeys (ConfUtils.java:logGet(43)) - raft.server.log.segment.size.max = 1048576 (custom)
2019-09-25 05:54:06,110 [pool-97-thread-1] INFO  server.RaftServerConfigKeys (ConfUtils.java:logGet(43)) - raft.server.log.segment.cache.num.max = 2 (custom)
2019-09-25 05:54:06,110 [pool-97-thread-1] INFO  segmented.SegmentedRaftLogWorker (SegmentedRaftLogWorker.java:<init>(172)) - new f28e89b6-3953-4014-b5dd-5d7c12bc90a1@group-03140269466D-SegmentedRaftLogWorker for RaftStorage:Storage Directory /workdir/hadoop-ozone/ozonefs/target/test-dir/MiniOzoneClusterImpl-a7a48124-c188-483e-b9a9-787dfdcc7198/datanode-7/data/ratis/7a7f0cf9-ae42-40d0-ac8a-03140269466d
2019-09-25 05:54:06,113 [pool-97-thread-1] INFO  server.RaftServerConfigKeys (ConfUtils.java:logGet(43)) - raft.server.log.queue.byte-limit = 2147483647 (custom)
2019-09-25 05:54:06,116 [pool-97-thread-1] INFO  server.RaftServerConfigKeys (ConfUtils.java:logGet(43)) - raft.server.log.queue.element-limit = 1024 (custom)
2019-09-25 05:54:06,116 [pool-97-thread-1] INFO  server.RaftServerConfigKeys (ConfUtils.java:logGet(43)) - raft.server.log.segment.size.max = 1048576 (custom)
2019-09-25 05:54:06,116 [pool-97-thread-1] INFO  server.RaftServerConfigKeys (ConfUtils.java:logGet(43)) - raft.server.log.preallocated.size = 16384 (custom)
2019-09-25 05:54:06,117 [pool-97-thread-1] INFO  server.RaftServerConfigKeys (ConfUtils.java:logGet(43)) - raft.server.log.write.buffer.size = 33554432 (custom)
2019-09-25 05:54:06,117 [pool-97-thread-1] INFO  server.RaftServerConfigKeys (ConfUtils.java:logGet(43)) - raft.server.log.force.sync.num = 128 (default)
2019-09-25 05:54:06,117 [pool-97-thread-1] INFO  server.RaftServerConfigKeys (ConfUtils.java:logGet(43)) - raft.server.log.statemachine.data.sync = true (default)
2019-09-25 05:54:06,117 [pool-97-thread-1] INFO  server.RaftServerConfigKeys (ConfUtils.java:logGet(43)) - raft.server.log.statemachine.data.sync.timeout = 10s (default)
2019-09-25 05:54:06,117 [pool-97-thread-1] INFO  server.RaftServerConfigKeys (ConfUtils.java:logGet(43)) - raft.server.log.statemachine.data.sync.timeout.retry = -1 (default)
2019-09-25 05:54:06,118 [pool-97-thread-1] INFO  server.RaftServerConfigKeys (ConfUtils.java:logGet(43)) - raft.server.log.statemachine.data.caching.enabled = true (custom)
2019-09-25 05:54:06,118 [pool-97-thread-1] INFO  segmented.SegmentedRaftLogWorker (SegmentedRaftLogWorker.java:lambda$new$0(132)) - f28e89b6-3953-4014-b5dd-5d7c12bc90a1@group-03140269466D-SegmentedRaftLogWorker: flushIndex: setUnconditionally 0 -> -1
2019-09-25 05:54:06,119 [pool-97-thread-1] INFO  server.RaftServerConfigKeys (ConfUtils.java:logGet(43)) - raft.server.snapshot.auto.trigger.enabled = true (custom)
2019-09-25 05:54:06,119 [pool-97-thread-1] INFO  server.RaftServerConfigKeys (ConfUtils.java:logGet(43)) - raft.server.snapshot.auto.trigger.threshold = 10000 (custom)
2019-09-25 05:54:06,119 [pool-97-thread-1] INFO  server.RaftServerConfigKeys (ConfUtils.java:logGet(43)) - raft.server.snapshot.retention.num.files = 5 (custom)
2019-09-25 05:54:06,119 [pool-97-thread-1] INFO  server.RaftServerConfigKeys (ConfUtils.java:logGet(43)) - raft.server.retrycache.expirytime = 600000ms (custom)
2019-09-25 05:54:06,123 [pool-97-thread-1] INFO  impl.RaftServerImpl (RaftServerImpl.java:start(185)) - f28e89b6-3953-4014-b5dd-5d7c12bc90a1@group-03140269466D: start as a follower, conf=-1: [f28e89b6-3953-4014-b5dd-5d7c12bc90a1:192.168.5.161:36384], old=null
2019-09-25 05:54:06,123 [pool-97-thread-1] INFO  impl.RaftServerImpl (RaftServerImpl.java:setRole(174)) - f28e89b6-3953-4014-b5dd-5d7c12bc90a1@group-03140269466D: changes role from      null to FOLLOWER at term 0 for startAsFollower
2019-09-25 05:54:06,123 [pool-97-thread-1] INFO  impl.RoleInfo (RoleInfo.java:updateAndGet(143)) - f28e89b6-3953-4014-b5dd-5d7c12bc90a1: start FollowerState
2019-09-25 05:54:06,124 [pool-97-thread-1] INFO  util.JmxRegister (JmxRegister.java:tryRegister(44)) - Successfully registered JMX Bean with object name Ratis:service=RaftServer,group=group-03140269466D,id=f28e89b6-3953-4014-b5dd-5d7c12bc90a1
2019-09-25 05:54:06,134 [main] INFO  ozone.MiniOzoneClusterImpl (MiniOzoneClusterImpl.java:lambda$waitForClusterToBeReady$0(147)) - Cluster is ready. Got 10 of 10 DN Heartbeats.
2019-09-25 05:54:06,143 [RatisPipelineUtilsThread] INFO  pipeline.PipelineStateManager (PipelineStateManager.java:addPipeline(56)) - Created pipeline Pipeline[ Id: 7a7f0cf9-ae42-40d0-ac8a-03140269466d, Nodes: f28e89b6-3953-4014-b5dd-5d7c12bc90a1{ip: 192.168.5.161, host: pr-hdds-1569-zxpks-796972592, networkLocation: /default-rack, certSerialId: null}, Type:RATIS, Factor:ONE, State:OPEN]
2019-09-25 05:54:06,163 [grpc-default-executor-0] INFO  impl.RaftServerProxy (RaftServerProxy.java:addNew(89)) - 042645b7-d9e3-44d6-a86c-5222fd8d5aba: addNew group-E9EE4A8FB16E:[042645b7-d9e3-44d6-a86c-5222fd8d5aba:192.168.5.161:35465] returns group-E9EE4A8FB16E:java.util.concurrent.CompletableFuture@19ab5136[Not completed]
2019-09-25 05:54:06,166 [pool-87-thread-1] INFO  impl.RaftServerImpl (RaftServerImpl.java:<init>(95)) - 042645b7-d9e3-44d6-a86c-5222fd8d5aba: new RaftServerImpl for group-E9EE4A8FB16E:[042645b7-d9e3-44d6-a86c-5222fd8d5aba:192.168.5.161:35465] with ContainerStateMachine:uninitialized
2019-09-25 05:54:06,166 [pool-87-thread-1] INFO  server.RaftServerConfigKeys (ConfUtils.java:logGet(43)) - raft.server.rpc.timeout.min = 5s (custom)
2019-09-25 05:54:06,166 [pool-87-thread-1] INFO  server.RaftServerConfigKeys (ConfUtils.java:logGet(43)) - raft.server.rpc.timeout.max = 5200ms (custom)
2019-09-25 05:54:06,166 [pool-87-thread-1] INFO  server.RaftServerConfigKeys (ConfUtils.java:logGet(43)) - raft.server.rpcslowness.timeout = 120s (custom)
2019-09-25 05:54:06,167 [pool-87-thread-1] INFO  server.RaftServerConfigKeys (ConfUtils.java:logGet(43)) - raft.server.sleep.deviation.threshold = 300 (default)
2019-09-25 05:54:06,167 [pool-87-thread-1] INFO  server.RaftServerConfigKeys (ConfUtils.java:logGet(43)) - raft.server.log.appender.install.snapshot.enabled = false (custom)
2019-09-25 05:54:06,167 [pool-87-thread-1] INFO  impl.RaftServerImpl (ServerState.java:<init>(103)) - 042645b7-d9e3-44d6-a86c-5222fd8d5aba@group-E9EE4A8FB16E: ConfigurationManager, init=-1: [042645b7-d9e3-44d6-a86c-5222fd8d5aba:192.168.5.161:35465], old=null, confs=<EMPTY_MAP>
2019-09-25 05:54:06,168 [pool-87-thread-1] INFO  server.RaftServerConfigKeys (ConfUtils.java:logGet(43)) - raft.server.storage.dir = [/workdir/hadoop-ozone/ozonefs/target/test-dir/MiniOzoneClusterImpl-a7a48124-c188-483e-b9a9-787dfdcc7198/datanode-6/data/ratis] (custom)
2019-09-25 05:54:06,168 [pool-87-thread-1] INFO  storage.RaftStorageDirectory (RaftStorageDirectory.java:analyzeStorage(246)) - The storage directory /workdir/hadoop-ozone/ozonefs/target/test-dir/MiniOzoneClusterImpl-a7a48124-c188-483e-b9a9-787dfdcc7198/datanode-6/data/ratis/d929f01a-6568-42ec-b01b-e9ee4a8fb16e does not exist. Creating ...
2019-09-25 05:54:06,180 [pool-87-thread-1] INFO  storage.RaftStorageDirectory (RaftStorageDirectory.java:tryLock(328)) - Lock on /workdir/hadoop-ozone/ozonefs/target/test-dir/MiniOzoneClusterImpl-a7a48124-c188-483e-b9a9-787dfdcc7198/datanode-6/data/ratis/d929f01a-6568-42ec-b01b-e9ee4a8fb16e/in_use.lock acquired by nodename 19278@pr-hdds-1569-zxpks-796972592
2019-09-25 05:54:06,193 [pool-87-thread-1] INFO  storage.RaftStorage (RaftStorage.java:format(72)) - Storage directory /workdir/hadoop-ozone/ozonefs/target/test-dir/MiniOzoneClusterImpl-a7a48124-c188-483e-b9a9-787dfdcc7198/datanode-6/data/ratis/d929f01a-6568-42ec-b01b-e9ee4a8fb16e has been successfully formatted.
2019-09-25 05:54:06,194 [pool-87-thread-1] INFO  ratis.ContainerStateMachine (ContainerStateMachine.java:loadSnapshot(230)) - group-E9EE4A8FB16E: The snapshot info is null. Setting the last applied indexto:(t:0, i:~)
2019-09-25 05:54:06,194 [pool-87-thread-1] INFO  server.RaftServerConfigKeys (ConfUtils.java:logGet(43)) - raft.server.notification.no-leader.timeout = 120s (custom)
2019-09-25 05:54:06,194 [pool-87-thread-1] INFO  server.RaftServerConfigKeys (ConfUtils.java:logGet(43)) - raft.server.log.use.memory = false (default)
2019-09-25 05:54:06,194 [pool-87-thread-1] INFO  server.RaftServerConfigKeys (ConfUtils.java:logGet(43)) - raft.server.log.purge.gap = 1000000 (custom)
2019-09-25 05:54:06,195 [pool-87-thread-1] INFO  server.RaftServerConfigKeys (ConfUtils.java:logGet(43)) - raft.server.log.appender.buffer.byte-limit = 33554432 (custom)
2019-09-25 05:54:06,195 [pool-87-thread-1] INFO  server.RaftServerConfigKeys (ConfUtils.java:logGet(43)) - raft.server.log.segment.size.max = 1048576 (custom)
2019-09-25 05:54:06,195 [pool-87-thread-1] INFO  server.RaftServerConfigKeys (ConfUtils.java:logGet(43)) - raft.server.log.segment.cache.num.max = 2 (custom)
2019-09-25 05:54:06,195 [pool-87-thread-1] INFO  segmented.SegmentedRaftLogWorker (SegmentedRaftLogWorker.java:<init>(172)) - new 042645b7-d9e3-44d6-a86c-5222fd8d5aba@group-E9EE4A8FB16E-SegmentedRaftLogWorker for RaftStorage:Storage Directory /workdir/hadoop-ozone/ozonefs/target/test-dir/MiniOzoneClusterImpl-a7a48124-c188-483e-b9a9-787dfdcc7198/datanode-6/data/ratis/d929f01a-6568-42ec-b01b-e9ee4a8fb16e
2019-09-25 05:54:06,196 [pool-87-thread-1] INFO  server.RaftServerConfigKeys (ConfUtils.java:logGet(43)) - raft.server.log.queue.byte-limit = 2147483647 (custom)
2019-09-25 05:54:06,196 [pool-87-thread-1] INFO  server.RaftServerConfigKeys (ConfUtils.java:logGet(43)) - raft.server.log.queue.element-limit = 1024 (custom)
2019-09-25 05:54:06,196 [pool-87-thread-1] INFO  server.RaftServerConfigKeys (ConfUtils.java:logGet(43)) - raft.server.log.segment.size.max = 1048576 (custom)
2019-09-25 05:54:06,196 [pool-87-thread-1] INFO  server.RaftServerConfigKeys (ConfUtils.java:logGet(43)) - raft.server.log.preallocated.size = 16384 (custom)
2019-09-25 05:54:06,196 [pool-87-thread-1] INFO  server.RaftServerConfigKeys (ConfUtils.java:logGet(43)) - raft.server.log.write.buffer.size = 33554432 (custom)
2019-09-25 05:54:06,197 [pool-87-thread-1] INFO  server.RaftServerConfigKeys (ConfUtils.java:logGet(43)) - raft.server.log.force.sync.num = 128 (default)
2019-09-25 05:54:06,197 [pool-87-thread-1] INFO  server.RaftServerConfigKeys (ConfUtils.java:logGet(43)) - raft.server.log.statemachine.data.sync = true (default)
2019-09-25 05:54:06,197 [pool-87-thread-1] INFO  server.RaftServerConfigKeys (ConfUtils.java:logGet(43)) - raft.server.log.statemachine.data.sync.timeout = 10s (default)
2019-09-25 05:54:06,197 [pool-87-thread-1] INFO  server.RaftServerConfigKeys (ConfUtils.java:logGet(43)) - raft.server.log.statemachine.data.sync.timeout.retry = -1 (default)
2019-09-25 05:54:06,198 [pool-87-thread-1] INFO  server.RaftServerConfigKeys (ConfUtils.java:logGet(43)) - raft.server.log.statemachine.data.caching.enabled = true (custom)
2019-09-25 05:54:06,198 [pool-87-thread-1] INFO  segmented.SegmentedRaftLogWorker (SegmentedRaftLogWorker.java:lambda$new$0(132)) - 042645b7-d9e3-44d6-a86c-5222fd8d5aba@group-E9EE4A8FB16E-SegmentedRaftLogWorker: flushIndex: setUnconditionally 0 -> -1
2019-09-25 05:54:06,198 [pool-87-thread-1] INFO  server.RaftServerConfigKeys (ConfUtils.java:logGet(43)) - raft.server.snapshot.auto.trigger.enabled = true (custom)
2019-09-25 05:54:06,198 [pool-87-thread-1] INFO  server.RaftServerConfigKeys (ConfUtils.java:logGet(43)) - raft.server.snapshot.auto.trigger.threshold = 10000 (custom)
2019-09-25 05:54:06,199 [pool-87-thread-1] INFO  server.RaftServerConfigKeys (ConfUtils.java:logGet(43)) - raft.server.snapshot.retention.num.files = 5 (custom)
2019-09-25 05:54:06,199 [pool-87-thread-1] INFO  server.RaftServerConfigKeys (ConfUtils.java:logGet(43)) - raft.server.retrycache.expirytime = 600000ms (custom)
2019-09-25 05:54:06,203 [pool-87-thread-1] INFO  impl.RaftServerImpl (RaftServerImpl.java:start(185)) - 042645b7-d9e3-44d6-a86c-5222fd8d5aba@group-E9EE4A8FB16E: start as a follower, conf=-1: [042645b7-d9e3-44d6-a86c-5222fd8d5aba:192.168.5.161:35465], old=null
2019-09-25 05:54:06,203 [pool-87-thread-1] INFO  impl.RaftServerImpl (RaftServerImpl.java:setRole(174)) - 042645b7-d9e3-44d6-a86c-5222fd8d5aba@group-E9EE4A8FB16E: changes role from      null to FOLLOWER at term 0 for startAsFollower
2019-09-25 05:54:06,204 [pool-87-thread-1] INFO  impl.RoleInfo (RoleInfo.java:updateAndGet(143)) - 042645b7-d9e3-44d6-a86c-5222fd8d5aba: start FollowerState
2019-09-25 05:54:06,204 [pool-87-thread-1] INFO  util.JmxRegister (JmxRegister.java:tryRegister(44)) - Successfully registered JMX Bean with object name Ratis:service=RaftServer,group=group-E9EE4A8FB16E,id=042645b7-d9e3-44d6-a86c-5222fd8d5aba
2019-09-25 05:54:06,224 [RatisPipelineUtilsThread] INFO  pipeline.PipelineStateManager (PipelineStateManager.java:addPipeline(56)) - Created pipeline Pipeline[ Id: d929f01a-6568-42ec-b01b-e9ee4a8fb16e, Nodes: 042645b7-d9e3-44d6-a86c-5222fd8d5aba{ip: 192.168.5.161, host: pr-hdds-1569-zxpks-796972592, networkLocation: /default-rack, certSerialId: null}, Type:RATIS, Factor:ONE, State:OPEN]
2019-09-25 05:54:06,256 [grpc-default-executor-0] INFO  impl.RaftServerProxy (RaftServerProxy.java:addNew(89)) - f28e89b6-3953-4014-b5dd-5d7c12bc90a1: addNew group-6A91B0F0EBCC:[f28e89b6-3953-4014-b5dd-5d7c12bc90a1:192.168.5.161:36384] returns group-6A91B0F0EBCC:java.util.concurrent.CompletableFuture@79eeee71[Not completed]
2019-09-25 05:54:06,258 [pool-97-thread-1] INFO  impl.RaftServerImpl (RaftServerImpl.java:<init>(95)) - f28e89b6-3953-4014-b5dd-5d7c12bc90a1: new RaftServerImpl for group-6A91B0F0EBCC:[f28e89b6-3953-4014-b5dd-5d7c12bc90a1:192.168.5.161:36384] with ContainerStateMachine:uninitialized
2019-09-25 05:54:06,258 [pool-97-thread-1] INFO  server.RaftServerConfigKeys (ConfUtils.java:logGet(43)) - raft.server.rpc.timeout.min = 5s (custom)
2019-09-25 05:54:06,258 [pool-97-thread-1] INFO  server.RaftServerConfigKeys (ConfUtils.java:logGet(43)) - raft.server.rpc.timeout.max = 5200ms (custom)
2019-09-25 05:54:06,259 [pool-97-thread-1] INFO  server.RaftServerConfigKeys (ConfUtils.java:logGet(43)) - raft.server.rpcslowness.timeout = 120s (custom)
2019-09-25 05:54:06,259 [pool-97-thread-1] INFO  server.RaftServerConfigKeys (ConfUtils.java:logGet(43)) - raft.server.sleep.deviation.threshold = 300 (default)
2019-09-25 05:54:06,259 [pool-97-thread-1] INFO  server.RaftServerConfigKeys (ConfUtils.java:logGet(43)) - raft.server.log.appender.install.snapshot.enabled = false (custom)
2019-09-25 05:54:06,259 [pool-97-thread-1] INFO  impl.RaftServerImpl (ServerState.java:<init>(103)) - f28e89b6-3953-4014-b5dd-5d7c12bc90a1@group-6A91B0F0EBCC: ConfigurationManager, init=-1: [f28e89b6-3953-4014-b5dd-5d7c12bc90a1:192.168.5.161:36384], old=null, confs=<EMPTY_MAP>
2019-09-25 05:54:06,259 [pool-97-thread-1] INFO  server.RaftServerConfigKeys (ConfUtils.java:logGet(43)) - raft.server.storage.dir = [/workdir/hadoop-ozone/ozonefs/target/test-dir/MiniOzoneClusterImpl-a7a48124-c188-483e-b9a9-787dfdcc7198/datanode-7/data/ratis] (custom)
2019-09-25 05:54:06,260 [pool-97-thread-1] INFO  storage.RaftStorageDirectory (RaftStorageDirectory.java:analyzeStorage(246)) - The storage directory /workdir/hadoop-ozone/ozonefs/target/test-dir/MiniOzoneClusterImpl-a7a48124-c188-483e-b9a9-787dfdcc7198/datanode-7/data/ratis/e794cfc7-7878-4944-b494-6a91b0f0ebcc does not exist. Creating ...
2019-09-25 05:54:06,283 [pool-97-thread-1] INFO  storage.RaftStorageDirectory (RaftStorageDirectory.java:tryLock(328)) - Lock on /workdir/hadoop-ozone/ozonefs/target/test-dir/MiniOzoneClusterImpl-a7a48124-c188-483e-b9a9-787dfdcc7198/datanode-7/data/ratis/e794cfc7-7878-4944-b494-6a91b0f0ebcc/in_use.lock acquired by nodename 19278@pr-hdds-1569-zxpks-796972592
2019-09-25 05:54:06,296 [pool-97-thread-1] INFO  storage.RaftStorage (RaftStorage.java:format(72)) - Storage directory /workdir/hadoop-ozone/ozonefs/target/test-dir/MiniOzoneClusterImpl-a7a48124-c188-483e-b9a9-787dfdcc7198/datanode-7/data/ratis/e794cfc7-7878-4944-b494-6a91b0f0ebcc has been successfully formatted.
2019-09-25 05:54:06,297 [pool-97-thread-1] INFO  ratis.ContainerStateMachine (ContainerStateMachine.java:loadSnapshot(230)) - group-6A91B0F0EBCC: The snapshot info is null. Setting the last applied indexto:(t:0, i:~)
2019-09-25 05:54:06,297 [pool-97-thread-1] INFO  server.RaftServerConfigKeys (ConfUtils.java:logGet(43)) - raft.server.notification.no-leader.timeout = 120s (custom)
2019-09-25 05:54:06,297 [pool-97-thread-1] INFO  server.RaftServerConfigKeys (ConfUtils.java:logGet(43)) - raft.server.log.use.memory = false (default)
2019-09-25 05:54:06,297 [pool-97-thread-1] INFO  server.RaftServerConfigKeys (ConfUtils.java:logGet(43)) - raft.server.log.purge.gap = 1000000 (custom)
2019-09-25 05:54:06,298 [pool-97-thread-1] INFO  server.RaftServerConfigKeys (ConfUtils.java:logGet(43)) - raft.server.log.appender.buffer.byte-limit = 33554432 (custom)
2019-09-25 05:54:06,298 [pool-97-thread-1] INFO  server.RaftServerConfigKeys (ConfUtils.java:logGet(43)) - raft.server.log.segment.size.max = 1048576 (custom)
2019-09-25 05:54:06,298 [pool-97-thread-1] INFO  server.RaftServerConfigKeys (ConfUtils.java:logGet(43)) - raft.server.log.segment.cache.num.max = 2 (custom)
2019-09-25 05:54:06,298 [pool-97-thread-1] INFO  segmented.SegmentedRaftLogWorker (SegmentedRaftLogWorker.java:<init>(172)) - new f28e89b6-3953-4014-b5dd-5d7c12bc90a1@group-6A91B0F0EBCC-SegmentedRaftLogWorker for RaftStorage:Storage Directory /workdir/hadoop-ozone/ozonefs/target/test-dir/MiniOzoneClusterImpl-a7a48124-c188-483e-b9a9-787dfdcc7198/datanode-7/data/ratis/e794cfc7-7878-4944-b494-6a91b0f0ebcc
2019-09-25 05:54:06,298 [pool-97-thread-1] INFO  server.RaftServerConfigKeys (ConfUtils.java:logGet(43)) - raft.server.log.queue.byte-limit = 2147483647 (custom)
2019-09-25 05:54:06,298 [pool-97-thread-1] INFO  server.RaftServerConfigKeys (ConfUtils.java:logGet(43)) - raft.server.log.queue.element-limit = 1024 (custom)
2019-09-25 05:54:06,299 [pool-97-thread-1] INFO  server.RaftServerConfigKeys (ConfUtils.java:logGet(43)) - raft.server.log.segment.size.max = 1048576 (custom)
2019-09-25 05:54:06,299 [pool-97-thread-1] INFO  server.RaftServerConfigKeys (ConfUtils.java:logGet(43)) - raft.server.log.preallocated.size = 16384 (custom)
2019-09-25 05:54:06,299 [pool-97-thread-1] INFO  server.RaftServerConfigKeys (ConfUtils.java:logGet(43)) - raft.server.log.write.buffer.size = 33554432 (custom)
2019-09-25 05:54:06,299 [pool-97-thread-1] INFO  server.RaftServerConfigKeys (ConfUtils.java:logGet(43)) - raft.server.log.force.sync.num = 128 (default)
2019-09-25 05:54:06,299 [pool-97-thread-1] INFO  server.RaftServerConfigKeys (ConfUtils.java:logGet(43)) - raft.server.log.statemachine.data.sync = true (default)
2019-09-25 05:54:06,300 [pool-97-thread-1] INFO  server.RaftServerConfigKeys (ConfUtils.java:logGet(43)) - raft.server.log.statemachine.data.sync.timeout = 10s (default)
2019-09-25 05:54:06,300 [pool-97-thread-1] INFO  server.RaftServerConfigKeys (ConfUtils.java:logGet(43)) - raft.server.log.statemachine.data.sync.timeout.retry = -1 (default)
2019-09-25 05:54:06,300 [pool-97-thread-1] INFO  server.RaftServerConfigKeys (ConfUtils.java:logGet(43)) - raft.server.log.statemachine.data.caching.enabled = true (custom)
2019-09-25 05:54:06,300 [pool-97-thread-1] INFO  segmented.SegmentedRaftLogWorker (SegmentedRaftLogWorker.java:lambda$new$0(132)) - f28e89b6-3953-4014-b5dd-5d7c12bc90a1@group-6A91B0F0EBCC-SegmentedRaftLogWorker: flushIndex: setUnconditionally 0 -> -1
2019-09-25 05:54:06,301 [pool-97-thread-1] INFO  server.RaftServerConfigKeys (ConfUtils.java:logGet(43)) - raft.server.snapshot.auto.trigger.enabled = true (custom)
2019-09-25 05:54:06,301 [pool-97-thread-1] INFO  server.RaftServerConfigKeys (ConfUtils.java:logGet(43)) - raft.server.snapshot.auto.trigger.threshold = 10000 (custom)
2019-09-25 05:54:06,301 [pool-97-thread-1] INFO  server.RaftServerConfigKeys (ConfUtils.java:logGet(43)) - raft.server.snapshot.retention.num.files = 5 (custom)
2019-09-25 05:54:06,301 [pool-97-thread-1] INFO  server.RaftServerConfigKeys (ConfUtils.java:logGet(43)) - raft.server.retrycache.expirytime = 600000ms (custom)
2019-09-25 05:54:06,305 [pool-97-thread-1] INFO  impl.RaftServerImpl (RaftServerImpl.java:start(185)) - f28e89b6-3953-4014-b5dd-5d7c12bc90a1@group-6A91B0F0EBCC: start as a follower, conf=-1: [f28e89b6-3953-4014-b5dd-5d7c12bc90a1:192.168.5.161:36384], old=null
2019-09-25 05:54:06,305 [pool-97-thread-1] INFO  impl.RaftServerImpl (RaftServerImpl.java:setRole(174)) - f28e89b6-3953-4014-b5dd-5d7c12bc90a1@group-6A91B0F0EBCC: changes role from      null to FOLLOWER at term 0 for startAsFollower
2019-09-25 05:54:06,305 [pool-97-thread-1] INFO  impl.RoleInfo (RoleInfo.java:updateAndGet(143)) - f28e89b6-3953-4014-b5dd-5d7c12bc90a1: start FollowerState
2019-09-25 05:54:06,306 [pool-97-thread-1] INFO  util.JmxRegister (JmxRegister.java:tryRegister(44)) - Successfully registered JMX Bean with object name Ratis:service=RaftServer,group=group-6A91B0F0EBCC,id=f28e89b6-3953-4014-b5dd-5d7c12bc90a1
2019-09-25 05:54:06,322 [RatisPipelineUtilsThread] INFO  pipeline.PipelineStateManager (PipelineStateManager.java:addPipeline(56)) - Created pipeline Pipeline[ Id: e794cfc7-7878-4944-b494-6a91b0f0ebcc, Nodes: f28e89b6-3953-4014-b5dd-5d7c12bc90a1{ip: 192.168.5.161, host: pr-hdds-1569-zxpks-796972592, networkLocation: /default-rack, certSerialId: null}, Type:RATIS, Factor:ONE, State:OPEN]
2019-09-25 05:54:06,345 [grpc-default-executor-0] INFO  impl.RaftServerProxy (RaftServerProxy.java:addNew(89)) - f28e89b6-3953-4014-b5dd-5d7c12bc90a1: addNew group-D3C6CACE0421:[f28e89b6-3953-4014-b5dd-5d7c12bc90a1:192.168.5.161:36384] returns group-D3C6CACE0421:java.util.concurrent.CompletableFuture@788ed4a7[Not completed]
2019-09-25 05:54:06,347 [pool-97-thread-1] INFO  impl.RaftServerImpl (RaftServerImpl.java:<init>(95)) - f28e89b6-3953-4014-b5dd-5d7c12bc90a1: new RaftServerImpl for group-D3C6CACE0421:[f28e89b6-3953-4014-b5dd-5d7c12bc90a1:192.168.5.161:36384] with ContainerStateMachine:uninitialized
2019-09-25 05:54:06,348 [pool-97-thread-1] INFO  server.RaftServerConfigKeys (ConfUtils.java:logGet(43)) - raft.server.rpc.timeout.min = 5s (custom)
2019-09-25 05:54:06,348 [pool-97-thread-1] INFO  server.RaftServerConfigKeys (ConfUtils.java:logGet(43)) - raft.server.rpc.timeout.max = 5200ms (custom)
2019-09-25 05:54:06,348 [pool-97-thread-1] INFO  server.RaftServerConfigKeys (ConfUtils.java:logGet(43)) - raft.server.rpcslowness.timeout = 120s (custom)
2019-09-25 05:54:06,349 [pool-97-thread-1] INFO  server.RaftServerConfigKeys (ConfUtils.java:logGet(43)) - raft.server.sleep.deviation.threshold = 300 (default)
2019-09-25 05:54:06,349 [pool-97-thread-1] INFO  server.RaftServerConfigKeys (ConfUtils.java:logGet(43)) - raft.server.log.appender.install.snapshot.enabled = false (custom)
2019-09-25 05:54:06,349 [pool-97-thread-1] INFO  impl.RaftServerImpl (ServerState.java:<init>(103)) - f28e89b6-3953-4014-b5dd-5d7c12bc90a1@group-D3C6CACE0421: ConfigurationManager, init=-1: [f28e89b6-3953-4014-b5dd-5d7c12bc90a1:192.168.5.161:36384], old=null, confs=<EMPTY_MAP>
2019-09-25 05:54:06,349 [pool-97-thread-1] INFO  server.RaftServerConfigKeys (ConfUtils.java:logGet(43)) - raft.server.storage.dir = [/workdir/hadoop-ozone/ozonefs/target/test-dir/MiniOzoneClusterImpl-a7a48124-c188-483e-b9a9-787dfdcc7198/datanode-7/data/ratis] (custom)
2019-09-25 05:54:06,350 [pool-97-thread-1] INFO  storage.RaftStorageDirectory (RaftStorageDirectory.java:analyzeStorage(246)) - The storage directory /workdir/hadoop-ozone/ozonefs/target/test-dir/MiniOzoneClusterImpl-a7a48124-c188-483e-b9a9-787dfdcc7198/datanode-7/data/ratis/99a0d684-2a2d-4caa-897f-d3c6cace0421 does not exist. Creating ...
2019-09-25 05:54:06,363 [pool-97-thread-1] INFO  storage.RaftStorageDirectory (RaftStorageDirectory.java:tryLock(328)) - Lock on /workdir/hadoop-ozone/ozonefs/target/test-dir/MiniOzoneClusterImpl-a7a48124-c188-483e-b9a9-787dfdcc7198/datanode-7/data/ratis/99a0d684-2a2d-4caa-897f-d3c6cace0421/in_use.lock acquired by nodename 19278@pr-hdds-1569-zxpks-796972592
2019-09-25 05:54:06,376 [pool-97-thread-1] INFO  storage.RaftStorage (RaftStorage.java:format(72)) - Storage directory /workdir/hadoop-ozone/ozonefs/target/test-dir/MiniOzoneClusterImpl-a7a48124-c188-483e-b9a9-787dfdcc7198/datanode-7/data/ratis/99a0d684-2a2d-4caa-897f-d3c6cace0421 has been successfully formatted.
2019-09-25 05:54:06,376 [pool-97-thread-1] INFO  ratis.ContainerStateMachine (ContainerStateMachine.java:loadSnapshot(230)) - group-D3C6CACE0421: The snapshot info is null. Setting the last applied indexto:(t:0, i:~)
2019-09-25 05:54:06,376 [pool-97-thread-1] INFO  server.RaftServerConfigKeys (ConfUtils.java:logGet(43)) - raft.server.notification.no-leader.timeout = 120s (custom)
2019-09-25 05:54:06,376 [pool-97-thread-1] INFO  server.RaftServerConfigKeys (ConfUtils.java:logGet(43)) - raft.server.log.use.memory = false (default)
2019-09-25 05:54:06,377 [pool-97-thread-1] INFO  server.RaftServerConfigKeys (ConfUtils.java:logGet(43)) - raft.server.log.purge.gap = 1000000 (custom)
2019-09-25 05:54:06,377 [pool-97-thread-1] INFO  server.RaftServerConfigKeys (ConfUtils.java:logGet(43)) - raft.server.log.appender.buffer.byte-limit = 33554432 (custom)
2019-09-25 05:54:06,377 [pool-97-thread-1] INFO  server.RaftServerConfigKeys (ConfUtils.java:logGet(43)) - raft.server.log.segment.size.max = 1048576 (custom)
2019-09-25 05:54:06,377 [pool-97-thread-1] INFO  server.RaftServerConfigKeys (ConfUtils.java:logGet(43)) - raft.server.log.segment.cache.num.max = 2 (custom)
2019-09-25 05:54:06,377 [pool-97-thread-1] INFO  segmented.SegmentedRaftLogWorker (SegmentedRaftLogWorker.java:<init>(172)) - new f28e89b6-3953-4014-b5dd-5d7c12bc90a1@group-D3C6CACE0421-SegmentedRaftLogWorker for RaftStorage:Storage Directory /workdir/hadoop-ozone/ozonefs/target/test-dir/MiniOzoneClusterImpl-a7a48124-c188-483e-b9a9-787dfdcc7198/datanode-7/data/ratis/99a0d684-2a2d-4caa-897f-d3c6cace0421
2019-09-25 05:54:06,377 [pool-97-thread-1] INFO  server.RaftServerConfigKeys (ConfUtils.java:logGet(43)) - raft.server.log.queue.byte-limit = 2147483647 (custom)
2019-09-25 05:54:06,378 [pool-97-thread-1] INFO  server.RaftServerConfigKeys (ConfUtils.java:logGet(43)) - raft.server.log.queue.element-limit = 1024 (custom)
2019-09-25 05:54:06,378 [pool-97-thread-1] INFO  server.RaftServerConfigKeys (ConfUtils.java:logGet(43)) - raft.server.log.segment.size.max = 1048576 (custom)
2019-09-25 05:54:06,378 [pool-97-thread-1] INFO  server.RaftServerConfigKeys (ConfUtils.java:logGet(43)) - raft.server.log.preallocated.size = 16384 (custom)
2019-09-25 05:54:06,378 [pool-97-thread-1] INFO  server.RaftServerConfigKeys (ConfUtils.java:logGet(43)) - raft.server.log.write.buffer.size = 33554432 (custom)
2019-09-25 05:54:06,378 [pool-97-thread-1] INFO  server.RaftServerConfigKeys (ConfUtils.java:logGet(43)) - raft.server.log.force.sync.num = 128 (default)
2019-09-25 05:54:06,379 [pool-97-thread-1] INFO  server.RaftServerConfigKeys (ConfUtils.java:logGet(43)) - raft.server.log.statemachine.data.sync = true (default)
2019-09-25 05:54:06,379 [pool-97-thread-1] INFO  server.RaftServerConfigKeys (ConfUtils.java:logGet(43)) - raft.server.log.statemachine.data.sync.timeout = 10s (default)
2019-09-25 05:54:06,379 [pool-97-thread-1] INFO  server.RaftServerConfigKeys (ConfUtils.java:logGet(43)) - raft.server.log.statemachine.data.sync.timeout.retry = -1 (default)
2019-09-25 05:54:06,379 [pool-97-thread-1] INFO  server.RaftServerConfigKeys (ConfUtils.java:logGet(43)) - raft.server.log.statemachine.data.caching.enabled = true (custom)
2019-09-25 05:54:06,379 [pool-97-thread-1] INFO  segmented.SegmentedRaftLogWorker (SegmentedRaftLogWorker.java:lambda$new$0(132)) - f28e89b6-3953-4014-b5dd-5d7c12bc90a1@group-D3C6CACE0421-SegmentedRaftLogWorker: flushIndex: setUnconditionally 0 -> -1
2019-09-25 05:54:06,380 [pool-97-thread-1] INFO  server.RaftServerConfigKeys (ConfUtils.java:logGet(43)) - raft.server.snapshot.auto.trigger.enabled = true (custom)
2019-09-25 05:54:06,380 [pool-97-thread-1] INFO  server.RaftServerConfigKeys (ConfUtils.java:logGet(43)) - raft.server.snapshot.auto.trigger.threshold = 10000 (custom)
2019-09-25 05:54:06,380 [pool-97-thread-1] INFO  server.RaftServerConfigKeys (ConfUtils.java:logGet(43)) - raft.server.snapshot.retention.num.files = 5 (custom)
2019-09-25 05:54:06,380 [pool-97-thread-1] INFO  server.RaftServerConfigKeys (ConfUtils.java:logGet(43)) - raft.server.retrycache.expirytime = 600000ms (custom)
2019-09-25 05:54:06,383 [pool-97-thread-1] INFO  impl.RaftServerImpl (RaftServerImpl.java:start(185)) - f28e89b6-3953-4014-b5dd-5d7c12bc90a1@group-D3C6CACE0421: start as a follower, conf=-1: [f28e89b6-3953-4014-b5dd-5d7c12bc90a1:192.168.5.161:36384], old=null
2019-09-25 05:54:06,384 [pool-97-thread-1] INFO  impl.RaftServerImpl (RaftServerImpl.java:setRole(174)) - f28e89b6-3953-4014-b5dd-5d7c12bc90a1@group-D3C6CACE0421: changes role from      null to FOLLOWER at term 0 for startAsFollower
2019-09-25 05:54:06,384 [pool-97-thread-1] INFO  impl.RoleInfo (RoleInfo.java:updateAndGet(143)) - f28e89b6-3953-4014-b5dd-5d7c12bc90a1: start FollowerState
2019-09-25 05:54:06,384 [pool-97-thread-1] INFO  util.JmxRegister (JmxRegister.java:tryRegister(44)) - Successfully registered JMX Bean with object name Ratis:service=RaftServer,group=group-D3C6CACE0421,id=f28e89b6-3953-4014-b5dd-5d7c12bc90a1
2019-09-25 05:54:06,398 [RatisPipelineUtilsThread] INFO  pipeline.PipelineStateManager (PipelineStateManager.java:addPipeline(56)) - Created pipeline Pipeline[ Id: 99a0d684-2a2d-4caa-897f-d3c6cace0421, Nodes: f28e89b6-3953-4014-b5dd-5d7c12bc90a1{ip: 192.168.5.161, host: pr-hdds-1569-zxpks-796972592, networkLocation: /default-rack, certSerialId: null}, Type:RATIS, Factor:ONE, State:OPEN]
2019-09-25 05:54:06,414 [grpc-default-executor-0] INFO  impl.RaftServerProxy (RaftServerProxy.java:addNew(89)) - f28e89b6-3953-4014-b5dd-5d7c12bc90a1: addNew group-5D0CFC8F1096:[f28e89b6-3953-4014-b5dd-5d7c12bc90a1:192.168.5.161:36384] returns group-5D0CFC8F1096:java.util.concurrent.CompletableFuture@43fbfc9b[Not completed]
2019-09-25 05:54:06,416 [pool-97-thread-1] INFO  impl.RaftServerImpl (RaftServerImpl.java:<init>(95)) - f28e89b6-3953-4014-b5dd-5d7c12bc90a1: new RaftServerImpl for group-5D0CFC8F1096:[f28e89b6-3953-4014-b5dd-5d7c12bc90a1:192.168.5.161:36384] with ContainerStateMachine:uninitialized
2019-09-25 05:54:06,416 [pool-97-thread-1] INFO  server.RaftServerConfigKeys (ConfUtils.java:logGet(43)) - raft.server.rpc.timeout.min = 5s (custom)
2019-09-25 05:54:06,416 [pool-97-thread-1] INFO  server.RaftServerConfigKeys (ConfUtils.java:logGet(43)) - raft.server.rpc.timeout.max = 5200ms (custom)
2019-09-25 05:54:06,417 [pool-97-thread-1] INFO  server.RaftServerConfigKeys (ConfUtils.java:logGet(43)) - raft.server.rpcslowness.timeout = 120s (custom)
2019-09-25 05:54:06,417 [pool-97-thread-1] INFO  server.RaftServerConfigKeys (ConfUtils.java:logGet(43)) - raft.server.sleep.deviation.threshold = 300 (default)
2019-09-25 05:54:06,417 [pool-97-thread-1] INFO  server.RaftServerConfigKeys (ConfUtils.java:logGet(43)) - raft.server.log.appender.install.snapshot.enabled = false (custom)
2019-09-25 05:54:06,417 [pool-97-thread-1] INFO  impl.RaftServerImpl (ServerState.java:<init>(103)) - f28e89b6-3953-4014-b5dd-5d7c12bc90a1@group-5D0CFC8F1096: ConfigurationManager, init=-1: [f28e89b6-3953-4014-b5dd-5d7c12bc90a1:192.168.5.161:36384], old=null, confs=<EMPTY_MAP>
2019-09-25 05:54:06,417 [pool-97-thread-1] INFO  server.RaftServerConfigKeys (ConfUtils.java:logGet(43)) - raft.server.storage.dir = [/workdir/hadoop-ozone/ozonefs/target/test-dir/MiniOzoneClusterImpl-a7a48124-c188-483e-b9a9-787dfdcc7198/datanode-7/data/ratis] (custom)
2019-09-25 05:54:06,418 [pool-97-thread-1] INFO  storage.RaftStorageDirectory (RaftStorageDirectory.java:analyzeStorage(246)) - The storage directory /workdir/hadoop-ozone/ozonefs/target/test-dir/MiniOzoneClusterImpl-a7a48124-c188-483e-b9a9-787dfdcc7198/datanode-7/data/ratis/2184c33d-a032-4940-bc32-5d0cfc8f1096 does not exist. Creating ...
2019-09-25 05:54:06,430 [pool-97-thread-1] INFO  storage.RaftStorageDirectory (RaftStorageDirectory.java:tryLock(328)) - Lock on /workdir/hadoop-ozone/ozonefs/target/test-dir/MiniOzoneClusterImpl-a7a48124-c188-483e-b9a9-787dfdcc7198/datanode-7/data/ratis/2184c33d-a032-4940-bc32-5d0cfc8f1096/in_use.lock acquired by nodename 19278@pr-hdds-1569-zxpks-796972592
2019-09-25 05:54:06,443 [pool-97-thread-1] INFO  storage.RaftStorage (RaftStorage.java:format(72)) - Storage directory /workdir/hadoop-ozone/ozonefs/target/test-dir/MiniOzoneClusterImpl-a7a48124-c188-483e-b9a9-787dfdcc7198/datanode-7/data/ratis/2184c33d-a032-4940-bc32-5d0cfc8f1096 has been successfully formatted.
2019-09-25 05:54:06,443 [pool-97-thread-1] INFO  ratis.ContainerStateMachine (ContainerStateMachine.java:loadSnapshot(230)) - group-5D0CFC8F1096: The snapshot info is null. Setting the last applied indexto:(t:0, i:~)
2019-09-25 05:54:06,444 [pool-97-thread-1] INFO  server.RaftServerConfigKeys (ConfUtils.java:logGet(43)) - raft.server.notification.no-leader.timeout = 120s (custom)
2019-09-25 05:54:06,444 [pool-97-thread-1] INFO  server.RaftServerConfigKeys (ConfUtils.java:logGet(43)) - raft.server.log.use.memory = false (default)
2019-09-25 05:54:06,444 [pool-97-thread-1] INFO  server.RaftServerConfigKeys (ConfUtils.java:logGet(43)) - raft.server.log.purge.gap = 1000000 (custom)
2019-09-25 05:54:06,444 [pool-97-thread-1] INFO  server.RaftServerConfigKeys (ConfUtils.java:logGet(43)) - raft.server.log.appender.buffer.byte-limit = 33554432 (custom)
2019-09-25 05:54:06,444 [pool-97-thread-1] INFO  server.RaftServerConfigKeys (ConfUtils.java:logGet(43)) - raft.server.log.segment.size.max = 1048576 (custom)
2019-09-25 05:54:06,445 [pool-97-thread-1] INFO  server.RaftServerConfigKeys (ConfUtils.java:logGet(43)) - raft.server.log.segment.cache.num.max = 2 (custom)
2019-09-25 05:54:06,445 [pool-97-thread-1] INFO  segmented.SegmentedRaftLogWorker (SegmentedRaftLogWorker.java:<init>(172)) - new f28e89b6-3953-4014-b5dd-5d7c12bc90a1@group-5D0CFC8F1096-SegmentedRaftLogWorker for RaftStorage:Storage Directory /workdir/hadoop-ozone/ozonefs/target/test-dir/MiniOzoneClusterImpl-a7a48124-c188-483e-b9a9-787dfdcc7198/datanode-7/data/ratis/2184c33d-a032-4940-bc32-5d0cfc8f1096
2019-09-25 05:54:06,445 [pool-97-thread-1] INFO  server.RaftServerConfigKeys (ConfUtils.java:logGet(43)) - raft.server.log.queue.byte-limit = 2147483647 (custom)
2019-09-25 05:54:06,445 [pool-97-thread-1] INFO  server.RaftServerConfigKeys (ConfUtils.java:logGet(43)) - raft.server.log.queue.element-limit = 1024 (custom)
2019-09-25 05:54:06,445 [pool-97-thread-1] INFO  server.RaftServerConfigKeys (ConfUtils.java:logGet(43)) - raft.server.log.segment.size.max = 1048576 (custom)
2019-09-25 05:54:06,446 [pool-97-thread-1] INFO  server.RaftServerConfigKeys (ConfUtils.java:logGet(43)) - raft.server.log.preallocated.size = 16384 (custom)
2019-09-25 05:54:06,446 [pool-97-thread-1] INFO  server.RaftServerConfigKeys (ConfUtils.java:logGet(43)) - raft.server.log.write.buffer.size = 33554432 (custom)
2019-09-25 05:54:06,446 [pool-97-thread-1] INFO  server.RaftServerConfigKeys (ConfUtils.java:logGet(43)) - raft.server.log.force.sync.num = 128 (default)
2019-09-25 05:54:06,446 [pool-97-thread-1] INFO  server.RaftServerConfigKeys (ConfUtils.java:logGet(43)) - raft.server.log.statemachine.data.sync = true (default)
2019-09-25 05:54:06,446 [pool-97-thread-1] INFO  server.RaftServerConfigKeys (ConfUtils.java:logGet(43)) - raft.server.log.statemachine.data.sync.timeout = 10s (default)
2019-09-25 05:54:06,447 [pool-97-thread-1] INFO  server.RaftServerConfigKeys (ConfUtils.java:logGet(43)) - raft.server.log.statemachine.data.sync.timeout.retry = -1 (default)
2019-09-25 05:54:06,447 [pool-97-thread-1] INFO  server.RaftServerConfigKeys (ConfUtils.java:logGet(43)) - raft.server.log.statemachine.data.caching.enabled = true (custom)
2019-09-25 05:54:06,447 [pool-97-thread-1] INFO  segmented.SegmentedRaftLogWorker (SegmentedRaftLogWorker.java:lambda$new$0(132)) - f28e89b6-3953-4014-b5dd-5d7c12bc90a1@group-5D0CFC8F1096-SegmentedRaftLogWorker: flushIndex: setUnconditionally 0 -> -1
2019-09-25 05:54:06,448 [pool-97-thread-1] INFO  server.RaftServerConfigKeys (ConfUtils.java:logGet(43)) - raft.server.snapshot.auto.trigger.enabled = true (custom)
2019-09-25 05:54:06,448 [pool-97-thread-1] INFO  server.RaftServerConfigKeys (ConfUtils.java:logGet(43)) - raft.server.snapshot.auto.trigger.threshold = 10000 (custom)
2019-09-25 05:54:06,448 [pool-97-thread-1] INFO  server.RaftServerConfigKeys (ConfUtils.java:logGet(43)) - raft.server.snapshot.retention.num.files = 5 (custom)
2019-09-25 05:54:06,448 [pool-97-thread-1] INFO  server.RaftServerConfigKeys (ConfUtils.java:logGet(43)) - raft.server.retrycache.expirytime = 600000ms (custom)
2019-09-25 05:54:06,452 [pool-97-thread-1] INFO  impl.RaftServerImpl (RaftServerImpl.java:start(185)) - f28e89b6-3953-4014-b5dd-5d7c12bc90a1@group-5D0CFC8F1096: start as a follower, conf=-1: [f28e89b6-3953-4014-b5dd-5d7c12bc90a1:192.168.5.161:36384], old=null
2019-09-25 05:54:06,452 [pool-97-thread-1] INFO  impl.RaftServerImpl (RaftServerImpl.java:setRole(174)) - f28e89b6-3953-4014-b5dd-5d7c12bc90a1@group-5D0CFC8F1096: changes role from      null to FOLLOWER at term 0 for startAsFollower
2019-09-25 05:54:06,452 [pool-97-thread-1] INFO  impl.RoleInfo (RoleInfo.java:updateAndGet(143)) - f28e89b6-3953-4014-b5dd-5d7c12bc90a1: start FollowerState
2019-09-25 05:54:06,453 [pool-97-thread-1] INFO  util.JmxRegister (JmxRegister.java:tryRegister(44)) - Successfully registered JMX Bean with object name Ratis:service=RaftServer,group=group-5D0CFC8F1096,id=f28e89b6-3953-4014-b5dd-5d7c12bc90a1
2019-09-25 05:54:06,466 [RatisPipelineUtilsThread] INFO  pipeline.PipelineStateManager (PipelineStateManager.java:addPipeline(56)) - Created pipeline Pipeline[ Id: 2184c33d-a032-4940-bc32-5d0cfc8f1096, Nodes: f28e89b6-3953-4014-b5dd-5d7c12bc90a1{ip: 192.168.5.161, host: pr-hdds-1569-zxpks-796972592, networkLocation: /default-rack, certSerialId: null}, Type:RATIS, Factor:ONE, State:OPEN]
2019-09-25 05:54:06,479 [grpc-default-executor-0] INFO  impl.RaftServerProxy (RaftServerProxy.java:addNew(89)) - 042645b7-d9e3-44d6-a86c-5222fd8d5aba: addNew group-15BB65C3F737:[042645b7-d9e3-44d6-a86c-5222fd8d5aba:192.168.5.161:35465] returns group-15BB65C3F737:java.util.concurrent.CompletableFuture@ef22440[Not completed]
2019-09-25 05:54:06,481 [pool-87-thread-1] INFO  impl.RaftServerImpl (RaftServerImpl.java:<init>(95)) - 042645b7-d9e3-44d6-a86c-5222fd8d5aba: new RaftServerImpl for group-15BB65C3F737:[042645b7-d9e3-44d6-a86c-5222fd8d5aba:192.168.5.161:35465] with ContainerStateMachine:uninitialized
2019-09-25 05:54:06,481 [pool-87-thread-1] INFO  server.RaftServerConfigKeys (ConfUtils.java:logGet(43)) - raft.server.rpc.timeout.min = 5s (custom)
2019-09-25 05:54:06,483 [pool-87-thread-1] INFO  server.RaftServerConfigKeys (ConfUtils.java:logGet(43)) - raft.server.rpc.timeout.max = 5200ms (custom)
2019-09-25 05:54:06,483 [pool-87-thread-1] INFO  server.RaftServerConfigKeys (ConfUtils.java:logGet(43)) - raft.server.rpcslowness.timeout = 120s (custom)
2019-09-25 05:54:06,484 [pool-87-thread-1] INFO  server.RaftServerConfigKeys (ConfUtils.java:logGet(43)) - raft.server.sleep.deviation.threshold = 300 (default)
2019-09-25 05:54:06,484 [pool-87-thread-1] INFO  server.RaftServerConfigKeys (ConfUtils.java:logGet(43)) - raft.server.log.appender.install.snapshot.enabled = false (custom)
2019-09-25 05:54:06,484 [pool-87-thread-1] INFO  impl.RaftServerImpl (ServerState.java:<init>(103)) - 042645b7-d9e3-44d6-a86c-5222fd8d5aba@group-15BB65C3F737: ConfigurationManager, init=-1: [042645b7-d9e3-44d6-a86c-5222fd8d5aba:192.168.5.161:35465], old=null, confs=<EMPTY_MAP>
2019-09-25 05:54:06,484 [pool-87-thread-1] INFO  server.RaftServerConfigKeys (ConfUtils.java:logGet(43)) - raft.server.storage.dir = [/workdir/hadoop-ozone/ozonefs/target/test-dir/MiniOzoneClusterImpl-a7a48124-c188-483e-b9a9-787dfdcc7198/datanode-6/data/ratis] (custom)
2019-09-25 05:54:06,485 [pool-87-thread-1] INFO  storage.RaftStorageDirectory (RaftStorageDirectory.java:analyzeStorage(246)) - The storage directory /workdir/hadoop-ozone/ozonefs/target/test-dir/MiniOzoneClusterImpl-a7a48124-c188-483e-b9a9-787dfdcc7198/datanode-6/data/ratis/ddaae3b0-1d98-4836-858d-15bb65c3f737 does not exist. Creating ...
2019-09-25 05:54:06,497 [pool-87-thread-1] INFO  storage.RaftStorageDirectory (RaftStorageDirectory.java:tryLock(328)) - Lock on /workdir/hadoop-ozone/ozonefs/target/test-dir/MiniOzoneClusterImpl-a7a48124-c188-483e-b9a9-787dfdcc7198/datanode-6/data/ratis/ddaae3b0-1d98-4836-858d-15bb65c3f737/in_use.lock acquired by nodename 19278@pr-hdds-1569-zxpks-796972592
2019-09-25 05:54:06,510 [pool-87-thread-1] INFO  storage.RaftStorage (RaftStorage.java:format(72)) - Storage directory /workdir/hadoop-ozone/ozonefs/target/test-dir/MiniOzoneClusterImpl-a7a48124-c188-483e-b9a9-787dfdcc7198/datanode-6/data/ratis/ddaae3b0-1d98-4836-858d-15bb65c3f737 has been successfully formatted.
2019-09-25 05:54:06,511 [pool-87-thread-1] INFO  ratis.ContainerStateMachine (ContainerStateMachine.java:loadSnapshot(230)) - group-15BB65C3F737: The snapshot info is null. Setting the last applied indexto:(t:0, i:~)
2019-09-25 05:54:06,511 [pool-87-thread-1] INFO  server.RaftServerConfigKeys (ConfUtils.java:logGet(43)) - raft.server.notification.no-leader.timeout = 120s (custom)
2019-09-25 05:54:06,511 [pool-87-thread-1] INFO  server.RaftServerConfigKeys (ConfUtils.java:logGet(43)) - raft.server.log.use.memory = false (default)
2019-09-25 05:54:06,511 [pool-87-thread-1] INFO  server.RaftServerConfigKeys (ConfUtils.java:logGet(43)) - raft.server.log.purge.gap = 1000000 (custom)
2019-09-25 05:54:06,512 [pool-87-thread-1] INFO  server.RaftServerConfigKeys (ConfUtils.java:logGet(43)) - raft.server.log.appender.buffer.byte-limit = 33554432 (custom)
2019-09-25 05:54:06,512 [pool-87-thread-1] INFO  server.RaftServerConfigKeys (ConfUtils.java:logGet(43)) - raft.server.log.segment.size.max = 1048576 (custom)
2019-09-25 05:54:06,512 [pool-87-thread-1] INFO  server.RaftServerConfigKeys (ConfUtils.java:logGet(43)) - raft.server.log.segment.cache.num.max = 2 (custom)
2019-09-25 05:54:06,512 [pool-87-thread-1] INFO  segmented.SegmentedRaftLogWorker (SegmentedRaftLogWorker.java:<init>(172)) - new 042645b7-d9e3-44d6-a86c-5222fd8d5aba@group-15BB65C3F737-SegmentedRaftLogWorker for RaftStorage:Storage Directory /workdir/hadoop-ozone/ozonefs/target/test-dir/MiniOzoneClusterImpl-a7a48124-c188-483e-b9a9-787dfdcc7198/datanode-6/data/ratis/ddaae3b0-1d98-4836-858d-15bb65c3f737
2019-09-25 05:54:06,512 [pool-87-thread-1] INFO  server.RaftServerConfigKeys (ConfUtils.java:logGet(43)) - raft.server.log.queue.byte-limit = 2147483647 (custom)
2019-09-25 05:54:06,512 [pool-87-thread-1] INFO  server.RaftServerConfigKeys (ConfUtils.java:logGet(43)) - raft.server.log.queue.element-limit = 1024 (custom)
2019-09-25 05:54:06,513 [pool-87-thread-1] INFO  server.RaftServerConfigKeys (ConfUtils.java:logGet(43)) - raft.server.log.segment.size.max = 1048576 (custom)
2019-09-25 05:54:06,513 [pool-87-thread-1] INFO  server.RaftServerConfigKeys (ConfUtils.java:logGet(43)) - raft.server.log.preallocated.size = 16384 (custom)
2019-09-25 05:54:06,513 [pool-87-thread-1] INFO  server.RaftServerConfigKeys (ConfUtils.java:logGet(43)) - raft.server.log.write.buffer.size = 33554432 (custom)
2019-09-25 05:54:06,513 [pool-87-thread-1] INFO  server.RaftServerConfigKeys (ConfUtils.java:logGet(43)) - raft.server.log.force.sync.num = 128 (default)
2019-09-25 05:54:06,513 [pool-87-thread-1] INFO  server.RaftServerConfigKeys (ConfUtils.java:logGet(43)) - raft.server.log.statemachine.data.sync = true (default)
2019-09-25 05:54:06,513 [pool-87-thread-1] INFO  server.RaftServerConfigKeys (ConfUtils.java:logGet(43)) - raft.server.log.statemachine.data.sync.timeout = 10s (default)
2019-09-25 05:54:06,514 [pool-87-thread-1] INFO  server.RaftServerConfigKeys (ConfUtils.java:logGet(43)) - raft.server.log.statemachine.data.sync.timeout.retry = -1 (default)
2019-09-25 05:54:06,514 [pool-87-thread-1] INFO  server.RaftServerConfigKeys (ConfUtils.java:logGet(43)) - raft.server.log.statemachine.data.caching.enabled = true (custom)
2019-09-25 05:54:06,514 [pool-87-thread-1] INFO  segmented.SegmentedRaftLogWorker (SegmentedRaftLogWorker.java:lambda$new$0(132)) - 042645b7-d9e3-44d6-a86c-5222fd8d5aba@group-15BB65C3F737-SegmentedRaftLogWorker: flushIndex: setUnconditionally 0 -> -1
2019-09-25 05:54:06,515 [pool-87-thread-1] INFO  server.RaftServerConfigKeys (ConfUtils.java:logGet(43)) - raft.server.snapshot.auto.trigger.enabled = true (custom)
2019-09-25 05:54:06,515 [pool-87-thread-1] INFO  server.RaftServerConfigKeys (ConfUtils.java:logGet(43)) - raft.server.snapshot.auto.trigger.threshold = 10000 (custom)
2019-09-25 05:54:06,515 [pool-87-thread-1] INFO  server.RaftServerConfigKeys (ConfUtils.java:logGet(43)) - raft.server.snapshot.retention.num.files = 5 (custom)
2019-09-25 05:54:06,515 [pool-87-thread-1] INFO  server.RaftServerConfigKeys (ConfUtils.java:logGet(43)) - raft.server.retrycache.expirytime = 600000ms (custom)
2019-09-25 05:54:06,518 [pool-87-thread-1] INFO  impl.RaftServerImpl (RaftServerImpl.java:start(185)) - 042645b7-d9e3-44d6-a86c-5222fd8d5aba@group-15BB65C3F737: start as a follower, conf=-1: [042645b7-d9e3-44d6-a86c-5222fd8d5aba:192.168.5.161:35465], old=null
2019-09-25 05:54:06,519 [pool-87-thread-1] INFO  impl.RaftServerImpl (RaftServerImpl.java:setRole(174)) - 042645b7-d9e3-44d6-a86c-5222fd8d5aba@group-15BB65C3F737: changes role from      null to FOLLOWER at term 0 for startAsFollower
2019-09-25 05:54:06,519 [pool-87-thread-1] INFO  impl.RoleInfo (RoleInfo.java:updateAndGet(143)) - 042645b7-d9e3-44d6-a86c-5222fd8d5aba: start FollowerState
2019-09-25 05:54:06,519 [pool-87-thread-1] INFO  util.JmxRegister (JmxRegister.java:tryRegister(44)) - Successfully registered JMX Bean with object name Ratis:service=RaftServer,group=group-15BB65C3F737,id=042645b7-d9e3-44d6-a86c-5222fd8d5aba
2019-09-25 05:54:06,538 [RatisPipelineUtilsThread] INFO  pipeline.PipelineStateManager (PipelineStateManager.java:addPipeline(56)) - Created pipeline Pipeline[ Id: ddaae3b0-1d98-4836-858d-15bb65c3f737, Nodes: 042645b7-d9e3-44d6-a86c-5222fd8d5aba{ip: 192.168.5.161, host: pr-hdds-1569-zxpks-796972592, networkLocation: /default-rack, certSerialId: null}, Type:RATIS, Factor:ONE, State:OPEN]
2019-09-25 05:54:06,559 [grpc-default-executor-0] INFO  impl.RaftServerProxy (RaftServerProxy.java:addNew(89)) - 169f835a-5a51-4a80-ac17-f8139cf3a6e7: addNew group-D7D713E942EC:[169f835a-5a51-4a80-ac17-f8139cf3a6e7:192.168.5.161:39029] returns group-D7D713E942EC:java.util.concurrent.CompletableFuture@1f6501fa[Not completed]
2019-09-25 05:54:06,561 [pool-77-thread-1] INFO  impl.RaftServerImpl (RaftServerImpl.java:<init>(95)) - 169f835a-5a51-4a80-ac17-f8139cf3a6e7: new RaftServerImpl for group-D7D713E942EC:[169f835a-5a51-4a80-ac17-f8139cf3a6e7:192.168.5.161:39029] with ContainerStateMachine:uninitialized
2019-09-25 05:54:06,561 [pool-77-thread-1] INFO  server.RaftServerConfigKeys (ConfUtils.java:logGet(43)) - raft.server.rpc.timeout.min = 5s (custom)
2019-09-25 05:54:06,561 [pool-77-thread-1] INFO  server.RaftServerConfigKeys (ConfUtils.java:logGet(43)) - raft.server.rpc.timeout.max = 5200ms (custom)
2019-09-25 05:54:06,561 [pool-77-thread-1] INFO  server.RaftServerConfigKeys (ConfUtils.java:logGet(43)) - raft.server.rpcslowness.timeout = 120s (custom)
2019-09-25 05:54:06,562 [pool-77-thread-1] INFO  server.RaftServerConfigKeys (ConfUtils.java:logGet(43)) - raft.server.sleep.deviation.threshold = 300 (default)
2019-09-25 05:54:06,562 [pool-77-thread-1] INFO  server.RaftServerConfigKeys (ConfUtils.java:logGet(43)) - raft.server.log.appender.install.snapshot.enabled = false (custom)
2019-09-25 05:54:06,562 [pool-77-thread-1] INFO  impl.RaftServerImpl (ServerState.java:<init>(103)) - 169f835a-5a51-4a80-ac17-f8139cf3a6e7@group-D7D713E942EC: ConfigurationManager, init=-1: [169f835a-5a51-4a80-ac17-f8139cf3a6e7:192.168.5.161:39029], old=null, confs=<EMPTY_MAP>
2019-09-25 05:54:06,562 [pool-77-thread-1] INFO  server.RaftServerConfigKeys (ConfUtils.java:logGet(43)) - raft.server.storage.dir = [/workdir/hadoop-ozone/ozonefs/target/test-dir/MiniOzoneClusterImpl-a7a48124-c188-483e-b9a9-787dfdcc7198/datanode-5/data/ratis] (custom)
2019-09-25 05:54:06,563 [pool-77-thread-1] INFO  storage.RaftStorageDirectory (RaftStorageDirectory.java:analyzeStorage(246)) - The storage directory /workdir/hadoop-ozone/ozonefs/target/test-dir/MiniOzoneClusterImpl-a7a48124-c188-483e-b9a9-787dfdcc7198/datanode-5/data/ratis/acff0e42-5f96-4c08-bce6-d7d713e942ec does not exist. Creating ...
2019-09-25 05:54:06,577 [pool-77-thread-1] INFO  storage.RaftStorageDirectory (RaftStorageDirectory.java:tryLock(328)) - Lock on /workdir/hadoop-ozone/ozonefs/target/test-dir/MiniOzoneClusterImpl-a7a48124-c188-483e-b9a9-787dfdcc7198/datanode-5/data/ratis/acff0e42-5f96-4c08-bce6-d7d713e942ec/in_use.lock acquired by nodename 19278@pr-hdds-1569-zxpks-796972592
2019-09-25 05:54:06,590 [pool-77-thread-1] INFO  storage.RaftStorage (RaftStorage.java:format(72)) - Storage directory /workdir/hadoop-ozone/ozonefs/target/test-dir/MiniOzoneClusterImpl-a7a48124-c188-483e-b9a9-787dfdcc7198/datanode-5/data/ratis/acff0e42-5f96-4c08-bce6-d7d713e942ec has been successfully formatted.
2019-09-25 05:54:06,590 [pool-77-thread-1] INFO  ratis.ContainerStateMachine (ContainerStateMachine.java:loadSnapshot(230)) - group-D7D713E942EC: The snapshot info is null. Setting the last applied indexto:(t:0, i:~)
2019-09-25 05:54:06,590 [pool-77-thread-1] INFO  server.RaftServerConfigKeys (ConfUtils.java:logGet(43)) - raft.server.notification.no-leader.timeout = 120s (custom)
2019-09-25 05:54:06,590 [pool-77-thread-1] INFO  server.RaftServerConfigKeys (ConfUtils.java:logGet(43)) - raft.server.log.use.memory = false (default)
2019-09-25 05:54:06,591 [pool-77-thread-1] INFO  server.RaftServerConfigKeys (ConfUtils.java:logGet(43)) - raft.server.log.purge.gap = 1000000 (custom)
2019-09-25 05:54:06,591 [pool-77-thread-1] INFO  server.RaftServerConfigKeys (ConfUtils.java:logGet(43)) - raft.server.log.appender.buffer.byte-limit = 33554432 (custom)
2019-09-25 05:54:06,591 [pool-77-thread-1] INFO  server.RaftServerConfigKeys (ConfUtils.java:logGet(43)) - raft.server.log.segment.size.max = 1048576 (custom)
2019-09-25 05:54:06,591 [pool-77-thread-1] INFO  server.RaftServerConfigKeys (ConfUtils.java:logGet(43)) - raft.server.log.segment.cache.num.max = 2 (custom)
2019-09-25 05:54:06,591 [pool-77-thread-1] INFO  segmented.SegmentedRaftLogWorker (SegmentedRaftLogWorker.java:<init>(172)) - new 169f835a-5a51-4a80-ac17-f8139cf3a6e7@group-D7D713E942EC-SegmentedRaftLogWorker for RaftStorage:Storage Directory /workdir/hadoop-ozone/ozonefs/target/test-dir/MiniOzoneClusterImpl-a7a48124-c188-483e-b9a9-787dfdcc7198/datanode-5/data/ratis/acff0e42-5f96-4c08-bce6-d7d713e942ec
2019-09-25 05:54:06,591 [pool-77-thread-1] INFO  server.RaftServerConfigKeys (ConfUtils.java:logGet(43)) - raft.server.log.queue.byte-limit = 2147483647 (custom)
2019-09-25 05:54:06,591 [pool-77-thread-1] INFO  server.RaftServerConfigKeys (ConfUtils.java:logGet(43)) - raft.server.log.queue.element-limit = 1024 (custom)
2019-09-25 05:54:06,592 [pool-77-thread-1] INFO  server.RaftServerConfigKeys (ConfUtils.java:logGet(43)) - raft.server.log.segment.size.max = 1048576 (custom)
2019-09-25 05:54:06,592 [pool-77-thread-1] INFO  server.RaftServerConfigKeys (ConfUtils.java:logGet(43)) - raft.server.log.preallocated.size = 16384 (custom)
2019-09-25 05:54:06,592 [pool-77-thread-1] INFO  server.RaftServerConfigKeys (ConfUtils.java:logGet(43)) - raft.server.log.write.buffer.size = 33554432 (custom)
2019-09-25 05:54:06,592 [pool-77-thread-1] INFO  server.RaftServerConfigKeys (ConfUtils.java:logGet(43)) - raft.server.log.force.sync.num = 128 (default)
2019-09-25 05:54:06,592 [pool-77-thread-1] INFO  server.RaftServerConfigKeys (ConfUtils.java:logGet(43)) - raft.server.log.statemachine.data.sync = true (default)
2019-09-25 05:54:06,592 [pool-77-thread-1] INFO  server.RaftServerConfigKeys (ConfUtils.java:logGet(43)) - raft.server.log.statemachine.data.sync.timeout = 10s (default)
2019-09-25 05:54:06,593 [pool-77-thread-1] INFO  server.RaftServerConfigKeys (ConfUtils.java:logGet(43)) - raft.server.log.statemachine.data.sync.timeout.retry = -1 (default)
2019-09-25 05:54:06,593 [pool-77-thread-1] INFO  server.RaftServerConfigKeys (ConfUtils.java:logGet(43)) - raft.server.log.statemachine.data.caching.enabled = true (custom)
2019-09-25 05:54:06,593 [pool-77-thread-1] INFO  segmented.SegmentedRaftLogWorker (SegmentedRaftLogWorker.java:lambda$new$0(132)) - 169f835a-5a51-4a80-ac17-f8139cf3a6e7@group-D7D713E942EC-SegmentedRaftLogWorker: flushIndex: setUnconditionally 0 -> -1
2019-09-25 05:54:06,593 [pool-77-thread-1] INFO  server.RaftServerConfigKeys (ConfUtils.java:logGet(43)) - raft.server.snapshot.auto.trigger.enabled = true (custom)
2019-09-25 05:54:06,594 [pool-77-thread-1] INFO  server.RaftServerConfigKeys (ConfUtils.java:logGet(43)) - raft.server.snapshot.auto.trigger.threshold = 10000 (custom)
2019-09-25 05:54:06,594 [pool-77-thread-1] INFO  server.RaftServerConfigKeys (ConfUtils.java:logGet(43)) - raft.server.snapshot.retention.num.files = 5 (custom)
2019-09-25 05:54:06,594 [pool-77-thread-1] INFO  server.RaftServerConfigKeys (ConfUtils.java:logGet(43)) - raft.server.retrycache.expirytime = 600000ms (custom)
2019-09-25 05:54:06,597 [pool-77-thread-1] INFO  impl.RaftServerImpl (RaftServerImpl.java:start(185)) - 169f835a-5a51-4a80-ac17-f8139cf3a6e7@group-D7D713E942EC: start as a follower, conf=-1: [169f835a-5a51-4a80-ac17-f8139cf3a6e7:192.168.5.161:39029], old=null
2019-09-25 05:54:06,597 [pool-77-thread-1] INFO  impl.RaftServerImpl (RaftServerImpl.java:setRole(174)) - 169f835a-5a51-4a80-ac17-f8139cf3a6e7@group-D7D713E942EC: changes role from      null to FOLLOWER at term 0 for startAsFollower
2019-09-25 05:54:06,597 [pool-77-thread-1] INFO  impl.RoleInfo (RoleInfo.java:updateAndGet(143)) - 169f835a-5a51-4a80-ac17-f8139cf3a6e7: start FollowerState
2019-09-25 05:54:06,597 [pool-77-thread-1] INFO  util.JmxRegister (JmxRegister.java:tryRegister(44)) - Successfully registered JMX Bean with object name Ratis:service=RaftServer,group=group-D7D713E942EC,id=169f835a-5a51-4a80-ac17-f8139cf3a6e7
2019-09-25 05:54:06,611 [RatisPipelineUtilsThread] INFO  pipeline.PipelineStateManager (PipelineStateManager.java:addPipeline(56)) - Created pipeline Pipeline[ Id: acff0e42-5f96-4c08-bce6-d7d713e942ec, Nodes: 169f835a-5a51-4a80-ac17-f8139cf3a6e7{ip: 192.168.5.161, host: pr-hdds-1569-zxpks-796972592, networkLocation: /default-rack, certSerialId: null}, Type:RATIS, Factor:ONE, State:OPEN]
2019-09-25 05:54:06,627 [grpc-default-executor-0] INFO  impl.RaftServerProxy (RaftServerProxy.java:addNew(89)) - f28e89b6-3953-4014-b5dd-5d7c12bc90a1: addNew group-094145A6D903:[f28e89b6-3953-4014-b5dd-5d7c12bc90a1:192.168.5.161:36384] returns group-094145A6D903:java.util.concurrent.CompletableFuture@3fdac69a[Not completed]
2019-09-25 05:54:06,629 [pool-97-thread-1] INFO  impl.RaftServerImpl (RaftServerImpl.java:<init>(95)) - f28e89b6-3953-4014-b5dd-5d7c12bc90a1: new RaftServerImpl for group-094145A6D903:[f28e89b6-3953-4014-b5dd-5d7c12bc90a1:192.168.5.161:36384] with ContainerStateMachine:uninitialized
2019-09-25 05:54:06,629 [pool-97-thread-1] INFO  server.RaftServerConfigKeys (ConfUtils.java:logGet(43)) - raft.server.rpc.timeout.min = 5s (custom)
2019-09-25 05:54:06,629 [pool-97-thread-1] INFO  server.RaftServerConfigKeys (ConfUtils.java:logGet(43)) - raft.server.rpc.timeout.max = 5200ms (custom)
2019-09-25 05:54:06,629 [pool-97-thread-1] INFO  server.RaftServerConfigKeys (ConfUtils.java:logGet(43)) - raft.server.rpcslowness.timeout = 120s (custom)
2019-09-25 05:54:06,629 [pool-97-thread-1] INFO  server.RaftServerConfigKeys (ConfUtils.java:logGet(43)) - raft.server.sleep.deviation.threshold = 300 (default)
2019-09-25 05:54:06,630 [pool-97-thread-1] INFO  server.RaftServerConfigKeys (ConfUtils.java:logGet(43)) - raft.server.log.appender.install.snapshot.enabled = false (custom)
2019-09-25 05:54:06,630 [pool-97-thread-1] INFO  impl.RaftServerImpl (ServerState.java:<init>(103)) - f28e89b6-3953-4014-b5dd-5d7c12bc90a1@group-094145A6D903: ConfigurationManager, init=-1: [f28e89b6-3953-4014-b5dd-5d7c12bc90a1:192.168.5.161:36384], old=null, confs=<EMPTY_MAP>
2019-09-25 05:54:06,630 [pool-97-thread-1] INFO  server.RaftServerConfigKeys (ConfUtils.java:logGet(43)) - raft.server.storage.dir = [/workdir/hadoop-ozone/ozonefs/target/test-dir/MiniOzoneClusterImpl-a7a48124-c188-483e-b9a9-787dfdcc7198/datanode-7/data/ratis] (custom)
2019-09-25 05:54:06,630 [pool-97-thread-1] INFO  storage.RaftStorageDirectory (RaftStorageDirectory.java:analyzeStorage(246)) - The storage directory /workdir/hadoop-ozone/ozonefs/target/test-dir/MiniOzoneClusterImpl-a7a48124-c188-483e-b9a9-787dfdcc7198/datanode-7/data/ratis/131e8db4-fe6e-4c58-abd6-094145a6d903 does not exist. Creating ...
2019-09-25 05:54:06,643 [pool-97-thread-1] INFO  storage.RaftStorageDirectory (RaftStorageDirectory.java:tryLock(328)) - Lock on /workdir/hadoop-ozone/ozonefs/target/test-dir/MiniOzoneClusterImpl-a7a48124-c188-483e-b9a9-787dfdcc7198/datanode-7/data/ratis/131e8db4-fe6e-4c58-abd6-094145a6d903/in_use.lock acquired by nodename 19278@pr-hdds-1569-zxpks-796972592
2019-09-25 05:54:06,656 [pool-97-thread-1] INFO  storage.RaftStorage (RaftStorage.java:format(72)) - Storage directory /workdir/hadoop-ozone/ozonefs/target/test-dir/MiniOzoneClusterImpl-a7a48124-c188-483e-b9a9-787dfdcc7198/datanode-7/data/ratis/131e8db4-fe6e-4c58-abd6-094145a6d903 has been successfully formatted.
2019-09-25 05:54:06,656 [pool-97-thread-1] INFO  ratis.ContainerStateMachine (ContainerStateMachine.java:loadSnapshot(230)) - group-094145A6D903: The snapshot info is null. Setting the last applied indexto:(t:0, i:~)
2019-09-25 05:54:06,657 [pool-97-thread-1] INFO  server.RaftServerConfigKeys (ConfUtils.java:logGet(43)) - raft.server.notification.no-leader.timeout = 120s (custom)
2019-09-25 05:54:06,659 [pool-97-thread-1] INFO  server.RaftServerConfigKeys (ConfUtils.java:logGet(43)) - raft.server.log.use.memory = false (default)
2019-09-25 05:54:06,660 [pool-97-thread-1] INFO  server.RaftServerConfigKeys (ConfUtils.java:logGet(43)) - raft.server.log.purge.gap = 1000000 (custom)
2019-09-25 05:54:06,660 [pool-97-thread-1] INFO  server.RaftServerConfigKeys (ConfUtils.java:logGet(43)) - raft.server.log.appender.buffer.byte-limit = 33554432 (custom)
2019-09-25 05:54:06,660 [pool-97-thread-1] INFO  server.RaftServerConfigKeys (ConfUtils.java:logGet(43)) - raft.server.log.segment.size.max = 1048576 (custom)
2019-09-25 05:54:06,660 [pool-97-thread-1] INFO  server.RaftServerConfigKeys (ConfUtils.java:logGet(43)) - raft.server.log.segment.cache.num.max = 2 (custom)
2019-09-25 05:54:06,660 [pool-97-thread-1] INFO  segmented.SegmentedRaftLogWorker (SegmentedRaftLogWorker.java:<init>(172)) - new f28e89b6-3953-4014-b5dd-5d7c12bc90a1@group-094145A6D903-SegmentedRaftLogWorker for RaftStorage:Storage Directory /workdir/hadoop-ozone/ozonefs/target/test-dir/MiniOzoneClusterImpl-a7a48124-c188-483e-b9a9-787dfdcc7198/datanode-7/data/ratis/131e8db4-fe6e-4c58-abd6-094145a6d903
2019-09-25 05:54:06,661 [pool-97-thread-1] INFO  server.RaftServerConfigKeys (ConfUtils.java:logGet(43)) - raft.server.log.queue.byte-limit = 2147483647 (custom)
2019-09-25 05:54:06,661 [pool-97-thread-1] INFO  server.RaftServerConfigKeys (ConfUtils.java:logGet(43)) - raft.server.log.queue.element-limit = 1024 (custom)
2019-09-25 05:54:06,661 [pool-97-thread-1] INFO  server.RaftServerConfigKeys (ConfUtils.java:logGet(43)) - raft.server.log.segment.size.max = 1048576 (custom)
2019-09-25 05:54:06,661 [pool-97-thread-1] INFO  server.RaftServerConfigKeys (ConfUtils.java:logGet(43)) - raft.server.log.preallocated.size = 16384 (custom)
2019-09-25 05:54:06,661 [pool-97-thread-1] INFO  server.RaftServerConfigKeys (ConfUtils.java:logGet(43)) - raft.server.log.write.buffer.size = 33554432 (custom)
2019-09-25 05:54:06,662 [pool-97-thread-1] INFO  server.RaftServerConfigKeys (ConfUtils.java:logGet(43)) - raft.server.log.force.sync.num = 128 (default)
2019-09-25 05:54:06,662 [pool-97-thread-1] INFO  server.RaftServerConfigKeys (ConfUtils.java:logGet(43)) - raft.server.log.statemachine.data.sync = true (default)
2019-09-25 05:54:06,662 [pool-97-thread-1] INFO  server.RaftServerConfigKeys (ConfUtils.java:logGet(43)) - raft.server.log.statemachine.data.sync.timeout = 10s (default)
2019-09-25 05:54:06,662 [pool-97-thread-1] INFO  server.RaftServerConfigKeys (ConfUtils.java:logGet(43)) - raft.server.log.statemachine.data.sync.timeout.retry = -1 (default)
2019-09-25 05:54:06,662 [pool-97-thread-1] INFO  server.RaftServerConfigKeys (ConfUtils.java:logGet(43)) - raft.server.log.statemachine.data.caching.enabled = true (custom)
2019-09-25 05:54:06,663 [pool-97-thread-1] INFO  segmented.SegmentedRaftLogWorker (SegmentedRaftLogWorker.java:lambda$new$0(132)) - f28e89b6-3953-4014-b5dd-5d7c12bc90a1@group-094145A6D903-SegmentedRaftLogWorker: flushIndex: setUnconditionally 0 -> -1
2019-09-25 05:54:06,663 [pool-97-thread-1] INFO  server.RaftServerConfigKeys (ConfUtils.java:logGet(43)) - raft.server.snapshot.auto.trigger.enabled = true (custom)
2019-09-25 05:54:06,663 [pool-97-thread-1] INFO  server.RaftServerConfigKeys (ConfUtils.java:logGet(43)) - raft.server.snapshot.auto.trigger.threshold = 10000 (custom)
2019-09-25 05:54:06,663 [pool-97-thread-1] INFO  server.RaftServerConfigKeys (ConfUtils.java:logGet(43)) - raft.server.snapshot.retention.num.files = 5 (custom)
2019-09-25 05:54:06,664 [pool-97-thread-1] INFO  server.RaftServerConfigKeys (ConfUtils.java:logGet(43)) - raft.server.retrycache.expirytime = 600000ms (custom)
2019-09-25 05:54:06,667 [pool-97-thread-1] INFO  impl.RaftServerImpl (RaftServerImpl.java:start(185)) - f28e89b6-3953-4014-b5dd-5d7c12bc90a1@group-094145A6D903: start as a follower, conf=-1: [f28e89b6-3953-4014-b5dd-5d7c12bc90a1:192.168.5.161:36384], old=null
2019-09-25 05:54:06,667 [pool-97-thread-1] INFO  impl.RaftServerImpl (RaftServerImpl.java:setRole(174)) - f28e89b6-3953-4014-b5dd-5d7c12bc90a1@group-094145A6D903: changes role from      null to FOLLOWER at term 0 for startAsFollower
2019-09-25 05:54:06,667 [pool-97-thread-1] INFO  impl.RoleInfo (RoleInfo.java:updateAndGet(143)) - f28e89b6-3953-4014-b5dd-5d7c12bc90a1: start FollowerState
2019-09-25 05:54:06,668 [pool-97-thread-1] INFO  util.JmxRegister (JmxRegister.java:tryRegister(44)) - Successfully registered JMX Bean with object name Ratis:service=RaftServer,group=group-094145A6D903,id=f28e89b6-3953-4014-b5dd-5d7c12bc90a1
2019-09-25 05:54:06,674 [RatisPipelineUtilsThread] INFO  pipeline.PipelineStateManager (PipelineStateManager.java:addPipeline(56)) - Created pipeline Pipeline[ Id: 131e8db4-fe6e-4c58-abd6-094145a6d903, Nodes: f28e89b6-3953-4014-b5dd-5d7c12bc90a1{ip: 192.168.5.161, host: pr-hdds-1569-zxpks-796972592, networkLocation: /default-rack, certSerialId: null}, Type:RATIS, Factor:ONE, State:OPEN]
2019-09-25 05:54:06,694 [grpc-default-executor-0] INFO  impl.RaftServerProxy (RaftServerProxy.java:addNew(89)) - a8d2df02-a9dc-4b60-9eec-a53a711ba1ae: addNew group-D13092C090E7:[a8d2df02-a9dc-4b60-9eec-a53a711ba1ae:192.168.5.161:45141] returns group-D13092C090E7:java.util.concurrent.CompletableFuture@2fa51202[Not completed]
2019-09-25 05:54:06,703 [pool-67-thread-1] INFO  impl.RaftServerImpl (RaftServerImpl.java:<init>(95)) - a8d2df02-a9dc-4b60-9eec-a53a711ba1ae: new RaftServerImpl for group-D13092C090E7:[a8d2df02-a9dc-4b60-9eec-a53a711ba1ae:192.168.5.161:45141] with ContainerStateMachine:uninitialized
2019-09-25 05:54:06,703 [pool-67-thread-1] INFO  server.RaftServerConfigKeys (ConfUtils.java:logGet(43)) - raft.server.rpc.timeout.min = 5s (custom)
2019-09-25 05:54:06,704 [pool-67-thread-1] INFO  server.RaftServerConfigKeys (ConfUtils.java:logGet(43)) - raft.server.rpc.timeout.max = 5200ms (custom)
2019-09-25 05:54:06,704 [pool-67-thread-1] INFO  server.RaftServerConfigKeys (ConfUtils.java:logGet(43)) - raft.server.rpcslowness.timeout = 120s (custom)
2019-09-25 05:54:06,704 [pool-67-thread-1] INFO  server.RaftServerConfigKeys (ConfUtils.java:logGet(43)) - raft.server.sleep.deviation.threshold = 300 (default)
2019-09-25 05:54:06,704 [pool-67-thread-1] INFO  server.RaftServerConfigKeys (ConfUtils.java:logGet(43)) - raft.server.log.appender.install.snapshot.enabled = false (custom)
2019-09-25 05:54:06,704 [pool-67-thread-1] INFO  impl.RaftServerImpl (ServerState.java:<init>(103)) - a8d2df02-a9dc-4b60-9eec-a53a711ba1ae@group-D13092C090E7: ConfigurationManager, init=-1: [a8d2df02-a9dc-4b60-9eec-a53a711ba1ae:192.168.5.161:45141], old=null, confs=<EMPTY_MAP>
2019-09-25 05:54:06,705 [pool-67-thread-1] INFO  server.RaftServerConfigKeys (ConfUtils.java:logGet(43)) - raft.server.storage.dir = [/workdir/hadoop-ozone/ozonefs/target/test-dir/MiniOzoneClusterImpl-a7a48124-c188-483e-b9a9-787dfdcc7198/datanode-4/data/ratis] (custom)
2019-09-25 05:54:06,705 [pool-67-thread-1] INFO  storage.RaftStorageDirectory (RaftStorageDirectory.java:analyzeStorage(246)) - The storage directory /workdir/hadoop-ozone/ozonefs/target/test-dir/MiniOzoneClusterImpl-a7a48124-c188-483e-b9a9-787dfdcc7198/datanode-4/data/ratis/8c4c0a77-92ef-4115-9c39-d13092c090e7 does not exist. Creating ...
2019-09-25 05:54:06,717 [pool-67-thread-1] INFO  storage.RaftStorageDirectory (RaftStorageDirectory.java:tryLock(328)) - Lock on /workdir/hadoop-ozone/ozonefs/target/test-dir/MiniOzoneClusterImpl-a7a48124-c188-483e-b9a9-787dfdcc7198/datanode-4/data/ratis/8c4c0a77-92ef-4115-9c39-d13092c090e7/in_use.lock acquired by nodename 19278@pr-hdds-1569-zxpks-796972592
2019-09-25 05:54:06,730 [pool-67-thread-1] INFO  storage.RaftStorage (RaftStorage.java:format(72)) - Storage directory /workdir/hadoop-ozone/ozonefs/target/test-dir/MiniOzoneClusterImpl-a7a48124-c188-483e-b9a9-787dfdcc7198/datanode-4/data/ratis/8c4c0a77-92ef-4115-9c39-d13092c090e7 has been successfully formatted.
2019-09-25 05:54:06,731 [pool-67-thread-1] INFO  ratis.ContainerStateMachine (ContainerStateMachine.java:loadSnapshot(230)) - group-D13092C090E7: The snapshot info is null. Setting the last applied indexto:(t:0, i:~)
2019-09-25 05:54:06,731 [pool-67-thread-1] INFO  server.RaftServerConfigKeys (ConfUtils.java:logGet(43)) - raft.server.notification.no-leader.timeout = 120s (custom)
2019-09-25 05:54:06,731 [pool-67-thread-1] INFO  server.RaftServerConfigKeys (ConfUtils.java:logGet(43)) - raft.server.log.use.memory = false (default)
2019-09-25 05:54:06,731 [pool-67-thread-1] INFO  server.RaftServerConfigKeys (ConfUtils.java:logGet(43)) - raft.server.log.purge.gap = 1000000 (custom)
2019-09-25 05:54:06,731 [pool-67-thread-1] INFO  server.RaftServerConfigKeys (ConfUtils.java:logGet(43)) - raft.server.log.appender.buffer.byte-limit = 33554432 (custom)
2019-09-25 05:54:06,732 [pool-67-thread-1] INFO  server.RaftServerConfigKeys (ConfUtils.java:logGet(43)) - raft.server.log.segment.size.max = 1048576 (custom)
2019-09-25 05:54:06,732 [pool-67-thread-1] INFO  server.RaftServerConfigKeys (ConfUtils.java:logGet(43)) - raft.server.log.segment.cache.num.max = 2 (custom)
2019-09-25 05:54:06,732 [pool-67-thread-1] INFO  segmented.SegmentedRaftLogWorker (SegmentedRaftLogWorker.java:<init>(172)) - new a8d2df02-a9dc-4b60-9eec-a53a711ba1ae@group-D13092C090E7-SegmentedRaftLogWorker for RaftStorage:Storage Directory /workdir/hadoop-ozone/ozonefs/target/test-dir/MiniOzoneClusterImpl-a7a48124-c188-483e-b9a9-787dfdcc7198/datanode-4/data/ratis/8c4c0a77-92ef-4115-9c39-d13092c090e7
2019-09-25 05:54:06,735 [pool-67-thread-1] INFO  server.RaftServerConfigKeys (ConfUtils.java:logGet(43)) - raft.server.log.queue.byte-limit = 2147483647 (custom)
2019-09-25 05:54:06,735 [pool-67-thread-1] INFO  server.RaftServerConfigKeys (ConfUtils.java:logGet(43)) - raft.server.log.queue.element-limit = 1024 (custom)
2019-09-25 05:54:06,736 [pool-67-thread-1] INFO  server.RaftServerConfigKeys (ConfUtils.java:logGet(43)) - raft.server.log.segment.size.max = 1048576 (custom)
2019-09-25 05:54:06,736 [pool-67-thread-1] INFO  server.RaftServerConfigKeys (ConfUtils.java:logGet(43)) - raft.server.log.preallocated.size = 16384 (custom)
2019-09-25 05:54:06,736 [pool-67-thread-1] INFO  server.RaftServerConfigKeys (ConfUtils.java:logGet(43)) - raft.server.log.write.buffer.size = 33554432 (custom)
2019-09-25 05:54:06,736 [pool-67-thread-1] INFO  server.RaftServerConfigKeys (ConfUtils.java:logGet(43)) - raft.server.log.force.sync.num = 128 (default)
2019-09-25 05:54:06,736 [pool-67-thread-1] INFO  server.RaftServerConfigKeys (ConfUtils.java:logGet(43)) - raft.server.log.statemachine.data.sync = true (default)
2019-09-25 05:54:06,737 [pool-67-thread-1] INFO  server.RaftServerConfigKeys (ConfUtils.java:logGet(43)) - raft.server.log.statemachine.data.sync.timeout = 10s (default)
2019-09-25 05:54:06,737 [pool-67-thread-1] INFO  server.RaftServerConfigKeys (ConfUtils.java:logGet(43)) - raft.server.log.statemachine.data.sync.timeout.retry = -1 (default)
2019-09-25 05:54:06,737 [pool-67-thread-1] INFO  server.RaftServerConfigKeys (ConfUtils.java:logGet(43)) - raft.server.log.statemachine.data.caching.enabled = true (custom)
2019-09-25 05:54:06,738 [pool-67-thread-1] INFO  segmented.SegmentedRaftLogWorker (SegmentedRaftLogWorker.java:lambda$new$0(132)) - a8d2df02-a9dc-4b60-9eec-a53a711ba1ae@group-D13092C090E7-SegmentedRaftLogWorker: flushIndex: setUnconditionally 0 -> -1
2019-09-25 05:54:06,738 [pool-67-thread-1] INFO  server.RaftServerConfigKeys (ConfUtils.java:logGet(43)) - raft.server.snapshot.auto.trigger.enabled = true (custom)
2019-09-25 05:54:06,738 [pool-67-thread-1] INFO  server.RaftServerConfigKeys (ConfUtils.java:logGet(43)) - raft.server.snapshot.auto.trigger.threshold = 10000 (custom)
2019-09-25 05:54:06,738 [pool-67-thread-1] INFO  server.RaftServerConfigKeys (ConfUtils.java:logGet(43)) - raft.server.snapshot.retention.num.files = 5 (custom)
2019-09-25 05:54:06,739 [pool-67-thread-1] INFO  server.RaftServerConfigKeys (ConfUtils.java:logGet(43)) - raft.server.retrycache.expirytime = 600000ms (custom)
2019-09-25 05:54:06,742 [pool-67-thread-1] INFO  impl.RaftServerImpl (RaftServerImpl.java:start(185)) - a8d2df02-a9dc-4b60-9eec-a53a711ba1ae@group-D13092C090E7: start as a follower, conf=-1: [a8d2df02-a9dc-4b60-9eec-a53a711ba1ae:192.168.5.161:45141], old=null
2019-09-25 05:54:06,742 [pool-67-thread-1] INFO  impl.RaftServerImpl (RaftServerImpl.java:setRole(174)) - a8d2df02-a9dc-4b60-9eec-a53a711ba1ae@group-D13092C090E7: changes role from      null to FOLLOWER at term 0 for startAsFollower
2019-09-25 05:54:06,742 [pool-67-thread-1] INFO  impl.RoleInfo (RoleInfo.java:updateAndGet(143)) - a8d2df02-a9dc-4b60-9eec-a53a711ba1ae: start FollowerState
2019-09-25 05:54:06,742 [pool-67-thread-1] INFO  util.JmxRegister (JmxRegister.java:tryRegister(44)) - Successfully registered JMX Bean with object name Ratis:service=RaftServer,group=group-D13092C090E7,id=a8d2df02-a9dc-4b60-9eec-a53a711ba1ae
2019-09-25 05:54:06,749 [RatisPipelineUtilsThread] INFO  pipeline.PipelineStateManager (PipelineStateManager.java:addPipeline(56)) - Created pipeline Pipeline[ Id: 8c4c0a77-92ef-4115-9c39-d13092c090e7, Nodes: a8d2df02-a9dc-4b60-9eec-a53a711ba1ae{ip: 192.168.5.161, host: pr-hdds-1569-zxpks-796972592, networkLocation: /default-rack, certSerialId: null}, Type:RATIS, Factor:ONE, State:OPEN]
2019-09-25 05:54:06,762 [grpc-default-executor-0] INFO  impl.RaftServerProxy (RaftServerProxy.java:addNew(89)) - a171a438-4db2-4a15-a03d-8d01a40a69ad: addNew group-31C5524DE45B:[a171a438-4db2-4a15-a03d-8d01a40a69ad:192.168.5.161:39877] returns group-31C5524DE45B:java.util.concurrent.CompletableFuture@7dc300a0[Not completed]
2019-09-25 05:54:06,767 [pool-27-thread-1] INFO  impl.RaftServerImpl (RaftServerImpl.java:<init>(95)) - a171a438-4db2-4a15-a03d-8d01a40a69ad: new RaftServerImpl for group-31C5524DE45B:[a171a438-4db2-4a15-a03d-8d01a40a69ad:192.168.5.161:39877] with ContainerStateMachine:uninitialized
2019-09-25 05:54:06,767 [pool-27-thread-1] INFO  server.RaftServerConfigKeys (ConfUtils.java:logGet(43)) - raft.server.rpc.timeout.min = 5s (custom)
2019-09-25 05:54:06,767 [pool-27-thread-1] INFO  server.RaftServerConfigKeys (ConfUtils.java:logGet(43)) - raft.server.rpc.timeout.max = 5200ms (custom)
2019-09-25 05:54:06,767 [pool-27-thread-1] INFO  server.RaftServerConfigKeys (ConfUtils.java:logGet(43)) - raft.server.rpcslowness.timeout = 120s (custom)
2019-09-25 05:54:06,767 [pool-27-thread-1] INFO  server.RaftServerConfigKeys (ConfUtils.java:logGet(43)) - raft.server.sleep.deviation.threshold = 300 (default)
2019-09-25 05:54:06,768 [pool-27-thread-1] INFO  server.RaftServerConfigKeys (ConfUtils.java:logGet(43)) - raft.server.log.appender.install.snapshot.enabled = false (custom)
2019-09-25 05:54:06,768 [pool-27-thread-1] INFO  impl.RaftServerImpl (ServerState.java:<init>(103)) - a171a438-4db2-4a15-a03d-8d01a40a69ad@group-31C5524DE45B: ConfigurationManager, init=-1: [a171a438-4db2-4a15-a03d-8d01a40a69ad:192.168.5.161:39877], old=null, confs=<EMPTY_MAP>
2019-09-25 05:54:06,768 [pool-27-thread-1] INFO  server.RaftServerConfigKeys (ConfUtils.java:logGet(43)) - raft.server.storage.dir = [/workdir/hadoop-ozone/ozonefs/target/test-dir/MiniOzoneClusterImpl-a7a48124-c188-483e-b9a9-787dfdcc7198/datanode-0/data/ratis] (custom)
2019-09-25 05:54:06,769 [pool-27-thread-1] INFO  storage.RaftStorageDirectory (RaftStorageDirectory.java:analyzeStorage(246)) - The storage directory /workdir/hadoop-ozone/ozonefs/target/test-dir/MiniOzoneClusterImpl-a7a48124-c188-483e-b9a9-787dfdcc7198/datanode-0/data/ratis/11b98895-6f07-450b-b8c6-31c5524de45b does not exist. Creating ...
2019-09-25 05:54:06,781 [pool-27-thread-1] INFO  storage.RaftStorageDirectory (RaftStorageDirectory.java:tryLock(328)) - Lock on /workdir/hadoop-ozone/ozonefs/target/test-dir/MiniOzoneClusterImpl-a7a48124-c188-483e-b9a9-787dfdcc7198/datanode-0/data/ratis/11b98895-6f07-450b-b8c6-31c5524de45b/in_use.lock acquired by nodename 19278@pr-hdds-1569-zxpks-796972592
2019-09-25 05:54:06,800 [pool-27-thread-1] INFO  storage.RaftStorage (RaftStorage.java:format(72)) - Storage directory /workdir/hadoop-ozone/ozonefs/target/test-dir/MiniOzoneClusterImpl-a7a48124-c188-483e-b9a9-787dfdcc7198/datanode-0/data/ratis/11b98895-6f07-450b-b8c6-31c5524de45b has been successfully formatted.
2019-09-25 05:54:06,800 [pool-27-thread-1] INFO  ratis.ContainerStateMachine (ContainerStateMachine.java:loadSnapshot(230)) - group-31C5524DE45B: The snapshot info is null. Setting the last applied indexto:(t:0, i:~)
2019-09-25 05:54:06,801 [pool-27-thread-1] INFO  server.RaftServerConfigKeys (ConfUtils.java:logGet(43)) - raft.server.notification.no-leader.timeout = 120s (custom)
2019-09-25 05:54:06,801 [pool-27-thread-1] INFO  server.RaftServerConfigKeys (ConfUtils.java:logGet(43)) - raft.server.log.use.memory = false (default)
2019-09-25 05:54:06,801 [pool-27-thread-1] INFO  server.RaftServerConfigKeys (ConfUtils.java:logGet(43)) - raft.server.log.purge.gap = 1000000 (custom)
2019-09-25 05:54:06,801 [pool-27-thread-1] INFO  server.RaftServerConfigKeys (ConfUtils.java:logGet(43)) - raft.server.log.appender.buffer.byte-limit = 33554432 (custom)
2019-09-25 05:54:06,802 [pool-27-thread-1] INFO  server.RaftServerConfigKeys (ConfUtils.java:logGet(43)) - raft.server.log.segment.size.max = 1048576 (custom)
2019-09-25 05:54:06,802 [pool-27-thread-1] INFO  server.RaftServerConfigKeys (ConfUtils.java:logGet(43)) - raft.server.log.segment.cache.num.max = 2 (custom)
2019-09-25 05:54:06,802 [pool-27-thread-1] INFO  segmented.SegmentedRaftLogWorker (SegmentedRaftLogWorker.java:<init>(172)) - new a171a438-4db2-4a15-a03d-8d01a40a69ad@group-31C5524DE45B-SegmentedRaftLogWorker for RaftStorage:Storage Directory /workdir/hadoop-ozone/ozonefs/target/test-dir/MiniOzoneClusterImpl-a7a48124-c188-483e-b9a9-787dfdcc7198/datanode-0/data/ratis/11b98895-6f07-450b-b8c6-31c5524de45b
2019-09-25 05:54:06,802 [pool-27-thread-1] INFO  server.RaftServerConfigKeys (ConfUtils.java:logGet(43)) - raft.server.log.queue.byte-limit = 2147483647 (custom)
2019-09-25 05:54:06,802 [pool-27-thread-1] INFO  server.RaftServerConfigKeys (ConfUtils.java:logGet(43)) - raft.server.log.queue.element-limit = 1024 (custom)
2019-09-25 05:54:06,803 [pool-27-thread-1] INFO  server.RaftServerConfigKeys (ConfUtils.java:logGet(43)) - raft.server.log.segment.size.max = 1048576 (custom)
2019-09-25 05:54:06,806 [pool-27-thread-1] INFO  server.RaftServerConfigKeys (ConfUtils.java:logGet(43)) - raft.server.log.preallocated.size = 16384 (custom)
2019-09-25 05:54:06,807 [pool-27-thread-1] INFO  server.RaftServerConfigKeys (ConfUtils.java:logGet(43)) - raft.server.log.write.buffer.size = 33554432 (custom)
2019-09-25 05:54:06,807 [pool-27-thread-1] INFO  server.RaftServerConfigKeys (ConfUtils.java:logGet(43)) - raft.server.log.force.sync.num = 128 (default)
2019-09-25 05:54:06,807 [pool-27-thread-1] INFO  server.RaftServerConfigKeys (ConfUtils.java:logGet(43)) - raft.server.log.statemachine.data.sync = true (default)
2019-09-25 05:54:06,807 [pool-27-thread-1] INFO  server.RaftServerConfigKeys (ConfUtils.java:logGet(43)) - raft.server.log.statemachine.data.sync.timeout = 10s (default)
2019-09-25 05:54:06,807 [pool-27-thread-1] INFO  server.RaftServerConfigKeys (ConfUtils.java:logGet(43)) - raft.server.log.statemachine.data.sync.timeout.retry = -1 (default)
2019-09-25 05:54:06,808 [pool-27-thread-1] INFO  server.RaftServerConfigKeys (ConfUtils.java:logGet(43)) - raft.server.log.statemachine.data.caching.enabled = true (custom)
2019-09-25 05:54:06,808 [pool-27-thread-1] INFO  segmented.SegmentedRaftLogWorker (SegmentedRaftLogWorker.java:lambda$new$0(132)) - a171a438-4db2-4a15-a03d-8d01a40a69ad@group-31C5524DE45B-SegmentedRaftLogWorker: flushIndex: setUnconditionally 0 -> -1
2019-09-25 05:54:06,808 [pool-27-thread-1] INFO  server.RaftServerConfigKeys (ConfUtils.java:logGet(43)) - raft.server.snapshot.auto.trigger.enabled = true (custom)
2019-09-25 05:54:06,809 [pool-27-thread-1] INFO  server.RaftServerConfigKeys (ConfUtils.java:logGet(43)) - raft.server.snapshot.auto.trigger.threshold = 10000 (custom)
2019-09-25 05:54:06,809 [pool-27-thread-1] INFO  server.RaftServerConfigKeys (ConfUtils.java:logGet(43)) - raft.server.snapshot.retention.num.files = 5 (custom)
2019-09-25 05:54:06,809 [pool-27-thread-1] INFO  server.RaftServerConfigKeys (ConfUtils.java:logGet(43)) - raft.server.retrycache.expirytime = 600000ms (custom)
2019-09-25 05:54:06,813 [pool-27-thread-1] INFO  impl.RaftServerImpl (RaftServerImpl.java:start(185)) - a171a438-4db2-4a15-a03d-8d01a40a69ad@group-31C5524DE45B: start as a follower, conf=-1: [a171a438-4db2-4a15-a03d-8d01a40a69ad:192.168.5.161:39877], old=null
2019-09-25 05:54:06,813 [pool-27-thread-1] INFO  impl.RaftServerImpl (RaftServerImpl.java:setRole(174)) - a171a438-4db2-4a15-a03d-8d01a40a69ad@group-31C5524DE45B: changes role from      null to FOLLOWER at term 0 for startAsFollower
2019-09-25 05:54:06,813 [pool-27-thread-1] INFO  impl.RoleInfo (RoleInfo.java:updateAndGet(143)) - a171a438-4db2-4a15-a03d-8d01a40a69ad: start FollowerState
2019-09-25 05:54:06,814 [pool-27-thread-1] INFO  util.JmxRegister (JmxRegister.java:tryRegister(44)) - Successfully registered JMX Bean with object name Ratis:service=RaftServer,group=group-31C5524DE45B,id=a171a438-4db2-4a15-a03d-8d01a40a69ad
2019-09-25 05:54:06,839 [RatisPipelineUtilsThread] INFO  pipeline.PipelineStateManager (PipelineStateManager.java:addPipeline(56)) - Created pipeline Pipeline[ Id: 11b98895-6f07-450b-b8c6-31c5524de45b, Nodes: a171a438-4db2-4a15-a03d-8d01a40a69ad{ip: 192.168.5.161, host: pr-hdds-1569-zxpks-796972592, networkLocation: /default-rack, certSerialId: null}, Type:RATIS, Factor:ONE, State:OPEN]
2019-09-25 05:54:06,861 [grpc-default-executor-0] INFO  impl.RaftServerProxy (RaftServerProxy.java:addNew(89)) - f28e89b6-3953-4014-b5dd-5d7c12bc90a1: addNew group-02A7B007ABB8:[f28e89b6-3953-4014-b5dd-5d7c12bc90a1:192.168.5.161:36384] returns group-02A7B007ABB8:java.util.concurrent.CompletableFuture@51e9ea91[Not completed]
2019-09-25 05:54:06,862 [pool-97-thread-1] INFO  impl.RaftServerImpl (RaftServerImpl.java:<init>(95)) - f28e89b6-3953-4014-b5dd-5d7c12bc90a1: new RaftServerImpl for group-02A7B007ABB8:[f28e89b6-3953-4014-b5dd-5d7c12bc90a1:192.168.5.161:36384] with ContainerStateMachine:uninitialized
2019-09-25 05:54:06,863 [pool-97-thread-1] INFO  server.RaftServerConfigKeys (ConfUtils.java:logGet(43)) - raft.server.rpc.timeout.min = 5s (custom)
2019-09-25 05:54:06,863 [pool-97-thread-1] INFO  server.RaftServerConfigKeys (ConfUtils.java:logGet(43)) - raft.server.rpc.timeout.max = 5200ms (custom)
2019-09-25 05:54:06,863 [pool-97-thread-1] INFO  server.RaftServerConfigKeys (ConfUtils.java:logGet(43)) - raft.server.rpcslowness.timeout = 120s (custom)
2019-09-25 05:54:06,863 [pool-97-thread-1] INFO  server.RaftServerConfigKeys (ConfUtils.java:logGet(43)) - raft.server.sleep.deviation.threshold = 300 (default)
2019-09-25 05:54:06,863 [pool-97-thread-1] INFO  server.RaftServerConfigKeys (ConfUtils.java:logGet(43)) - raft.server.log.appender.install.snapshot.enabled = false (custom)
2019-09-25 05:54:06,863 [pool-97-thread-1] INFO  impl.RaftServerImpl (ServerState.java:<init>(103)) - f28e89b6-3953-4014-b5dd-5d7c12bc90a1@group-02A7B007ABB8: ConfigurationManager, init=-1: [f28e89b6-3953-4014-b5dd-5d7c12bc90a1:192.168.5.161:36384], old=null, confs=<EMPTY_MAP>
2019-09-25 05:54:06,864 [pool-97-thread-1] INFO  server.RaftServerConfigKeys (ConfUtils.java:logGet(43)) - raft.server.storage.dir = [/workdir/hadoop-ozone/ozonefs/target/test-dir/MiniOzoneClusterImpl-a7a48124-c188-483e-b9a9-787dfdcc7198/datanode-7/data/ratis] (custom)
2019-09-25 05:54:06,864 [pool-97-thread-1] INFO  storage.RaftStorageDirectory (RaftStorageDirectory.java:analyzeStorage(246)) - The storage directory /workdir/hadoop-ozone/ozonefs/target/test-dir/MiniOzoneClusterImpl-a7a48124-c188-483e-b9a9-787dfdcc7198/datanode-7/data/ratis/798b8316-26a4-4055-ab42-02a7b007abb8 does not exist. Creating ...
2019-09-25 05:54:06,877 [pool-97-thread-1] INFO  storage.RaftStorageDirectory (RaftStorageDirectory.java:tryLock(328)) - Lock on /workdir/hadoop-ozone/ozonefs/target/test-dir/MiniOzoneClusterImpl-a7a48124-c188-483e-b9a9-787dfdcc7198/datanode-7/data/ratis/798b8316-26a4-4055-ab42-02a7b007abb8/in_use.lock acquired by nodename 19278@pr-hdds-1569-zxpks-796972592
2019-09-25 05:54:06,892 [pool-97-thread-1] INFO  storage.RaftStorage (RaftStorage.java:format(72)) - Storage directory /workdir/hadoop-ozone/ozonefs/target/test-dir/MiniOzoneClusterImpl-a7a48124-c188-483e-b9a9-787dfdcc7198/datanode-7/data/ratis/798b8316-26a4-4055-ab42-02a7b007abb8 has been successfully formatted.
2019-09-25 05:54:06,892 [pool-97-thread-1] INFO  ratis.ContainerStateMachine (ContainerStateMachine.java:loadSnapshot(230)) - group-02A7B007ABB8: The snapshot info is null. Setting the last applied indexto:(t:0, i:~)
2019-09-25 05:54:06,893 [pool-97-thread-1] INFO  server.RaftServerConfigKeys (ConfUtils.java:logGet(43)) - raft.server.notification.no-leader.timeout = 120s (custom)
2019-09-25 05:54:06,893 [pool-97-thread-1] INFO  server.RaftServerConfigKeys (ConfUtils.java:logGet(43)) - raft.server.log.use.memory = false (default)
2019-09-25 05:54:06,893 [pool-97-thread-1] INFO  server.RaftServerConfigKeys (ConfUtils.java:logGet(43)) - raft.server.log.purge.gap = 1000000 (custom)
2019-09-25 05:54:06,893 [pool-97-thread-1] INFO  server.RaftServerConfigKeys (ConfUtils.java:logGet(43)) - raft.server.log.appender.buffer.byte-limit = 33554432 (custom)
2019-09-25 05:54:06,894 [pool-97-thread-1] INFO  server.RaftServerConfigKeys (ConfUtils.java:logGet(43)) - raft.server.log.segment.size.max = 1048576 (custom)
2019-09-25 05:54:06,894 [pool-97-thread-1] INFO  server.RaftServerConfigKeys (ConfUtils.java:logGet(43)) - raft.server.log.segment.cache.num.max = 2 (custom)
2019-09-25 05:54:06,894 [pool-97-thread-1] INFO  segmented.SegmentedRaftLogWorker (SegmentedRaftLogWorker.java:<init>(172)) - new f28e89b6-3953-4014-b5dd-5d7c12bc90a1@group-02A7B007ABB8-SegmentedRaftLogWorker for RaftStorage:Storage Directory /workdir/hadoop-ozone/ozonefs/target/test-dir/MiniOzoneClusterImpl-a7a48124-c188-483e-b9a9-787dfdcc7198/datanode-7/data/ratis/798b8316-26a4-4055-ab42-02a7b007abb8
2019-09-25 05:54:06,894 [pool-97-thread-1] INFO  server.RaftServerConfigKeys (ConfUtils.java:logGet(43)) - raft.server.log.queue.byte-limit = 2147483647 (custom)
2019-09-25 05:54:06,894 [pool-97-thread-1] INFO  server.RaftServerConfigKeys (ConfUtils.java:logGet(43)) - raft.server.log.queue.element-limit = 1024 (custom)
2019-09-25 05:54:06,894 [pool-97-thread-1] INFO  server.RaftServerConfigKeys (ConfUtils.java:logGet(43)) - raft.server.log.segment.size.max = 1048576 (custom)
2019-09-25 05:54:06,895 [pool-97-thread-1] INFO  server.RaftServerConfigKeys (ConfUtils.java:logGet(43)) - raft.server.log.preallocated.size = 16384 (custom)
2019-09-25 05:54:06,895 [pool-97-thread-1] INFO  server.RaftServerConfigKeys (ConfUtils.java:logGet(43)) - raft.server.log.write.buffer.size = 33554432 (custom)
2019-09-25 05:54:06,895 [pool-97-thread-1] INFO  server.RaftServerConfigKeys (ConfUtils.java:logGet(43)) - raft.server.log.force.sync.num = 128 (default)
2019-09-25 05:54:06,895 [pool-97-thread-1] INFO  server.RaftServerConfigKeys (ConfUtils.java:logGet(43)) - raft.server.log.statemachine.data.sync = true (default)
2019-09-25 05:54:06,895 [pool-97-thread-1] INFO  server.RaftServerConfigKeys (ConfUtils.java:logGet(43)) - raft.server.log.statemachine.data.sync.timeout = 10s (default)
2019-09-25 05:54:06,895 [pool-97-thread-1] INFO  server.RaftServerConfigKeys (ConfUtils.java:logGet(43)) - raft.server.log.statemachine.data.sync.timeout.retry = -1 (default)
2019-09-25 05:54:06,898 [pool-97-thread-1] INFO  server.RaftServerConfigKeys (ConfUtils.java:logGet(43)) - raft.server.log.statemachine.data.caching.enabled = true (custom)
2019-09-25 05:54:06,899 [pool-97-thread-1] INFO  segmented.SegmentedRaftLogWorker (SegmentedRaftLogWorker.java:lambda$new$0(132)) - f28e89b6-3953-4014-b5dd-5d7c12bc90a1@group-02A7B007ABB8-SegmentedRaftLogWorker: flushIndex: setUnconditionally 0 -> -1
2019-09-25 05:54:06,899 [pool-97-thread-1] INFO  server.RaftServerConfigKeys (ConfUtils.java:logGet(43)) - raft.server.snapshot.auto.trigger.enabled = true (custom)
2019-09-25 05:54:06,899 [pool-97-thread-1] INFO  server.RaftServerConfigKeys (ConfUtils.java:logGet(43)) - raft.server.snapshot.auto.trigger.threshold = 10000 (custom)
2019-09-25 05:54:06,900 [pool-97-thread-1] INFO  server.RaftServerConfigKeys (ConfUtils.java:logGet(43)) - raft.server.snapshot.retention.num.files = 5 (custom)
2019-09-25 05:54:06,900 [pool-97-thread-1] INFO  server.RaftServerConfigKeys (ConfUtils.java:logGet(43)) - raft.server.retrycache.expirytime = 600000ms (custom)
2019-09-25 05:54:06,903 [pool-97-thread-1] INFO  impl.RaftServerImpl (RaftServerImpl.java:start(185)) - f28e89b6-3953-4014-b5dd-5d7c12bc90a1@group-02A7B007ABB8: start as a follower, conf=-1: [f28e89b6-3953-4014-b5dd-5d7c12bc90a1:192.168.5.161:36384], old=null
2019-09-25 05:54:06,903 [pool-97-thread-1] INFO  impl.RaftServerImpl (RaftServerImpl.java:setRole(174)) - f28e89b6-3953-4014-b5dd-5d7c12bc90a1@group-02A7B007ABB8: changes role from      null to FOLLOWER at term 0 for startAsFollower
2019-09-25 05:54:06,903 [pool-97-thread-1] INFO  impl.RoleInfo (RoleInfo.java:updateAndGet(143)) - f28e89b6-3953-4014-b5dd-5d7c12bc90a1: start FollowerState
2019-09-25 05:54:06,904 [pool-97-thread-1] INFO  util.JmxRegister (JmxRegister.java:tryRegister(44)) - Successfully registered JMX Bean with object name Ratis:service=RaftServer,group=group-02A7B007ABB8,id=f28e89b6-3953-4014-b5dd-5d7c12bc90a1
2019-09-25 05:54:06,911 [RatisPipelineUtilsThread] INFO  pipeline.PipelineStateManager (PipelineStateManager.java:addPipeline(56)) - Created pipeline Pipeline[ Id: 798b8316-26a4-4055-ab42-02a7b007abb8, Nodes: f28e89b6-3953-4014-b5dd-5d7c12bc90a1{ip: 192.168.5.161, host: pr-hdds-1569-zxpks-796972592, networkLocation: /default-rack, certSerialId: null}, Type:RATIS, Factor:ONE, State:OPEN]
2019-09-25 05:54:06,912 [RatisPipelineUtilsThread] INFO  pipeline.PipelinePlacementPolicy (PipelinePlacementPolicy.java:meetCriteria(91)) - Pipeline Placement: can't place more pipeline on heavy datanode： f28e89b6-3953-4014-b5dd-5d7c12bc90a1 Heaviness: 6 limit: 5
2019-09-25 05:54:06,925 [grpc-default-executor-0] INFO  impl.RaftServerProxy (RaftServerProxy.java:addNew(89)) - 9b45984a-e801-4994-8f0b-759bb773fda3: addNew group-5DC75074EA0D:[9b45984a-e801-4994-8f0b-759bb773fda3:192.168.5.161:35299] returns group-5DC75074EA0D:java.util.concurrent.CompletableFuture@582a3311[Not completed]
2019-09-25 05:54:06,927 [pool-57-thread-1] INFO  impl.RaftServerImpl (RaftServerImpl.java:<init>(95)) - 9b45984a-e801-4994-8f0b-759bb773fda3: new RaftServerImpl for group-5DC75074EA0D:[9b45984a-e801-4994-8f0b-759bb773fda3:192.168.5.161:35299] with ContainerStateMachine:uninitialized
2019-09-25 05:54:06,927 [pool-57-thread-1] INFO  server.RaftServerConfigKeys (ConfUtils.java:logGet(43)) - raft.server.rpc.timeout.min = 5s (custom)
2019-09-25 05:54:06,927 [pool-57-thread-1] INFO  server.RaftServerConfigKeys (ConfUtils.java:logGet(43)) - raft.server.rpc.timeout.max = 5200ms (custom)
2019-09-25 05:54:06,927 [pool-57-thread-1] INFO  server.RaftServerConfigKeys (ConfUtils.java:logGet(43)) - raft.server.rpcslowness.timeout = 120s (custom)
2019-09-25 05:54:06,927 [pool-57-thread-1] INFO  server.RaftServerConfigKeys (ConfUtils.java:logGet(43)) - raft.server.sleep.deviation.threshold = 300 (default)
2019-09-25 05:54:06,928 [pool-57-thread-1] INFO  server.RaftServerConfigKeys (ConfUtils.java:logGet(43)) - raft.server.log.appender.install.snapshot.enabled = false (custom)
2019-09-25 05:54:06,928 [pool-57-thread-1] INFO  impl.RaftServerImpl (ServerState.java:<init>(103)) - 9b45984a-e801-4994-8f0b-759bb773fda3@group-5DC75074EA0D: ConfigurationManager, init=-1: [9b45984a-e801-4994-8f0b-759bb773fda3:192.168.5.161:35299], old=null, confs=<EMPTY_MAP>
2019-09-25 05:54:06,928 [pool-57-thread-1] INFO  server.RaftServerConfigKeys (ConfUtils.java:logGet(43)) - raft.server.storage.dir = [/workdir/hadoop-ozone/ozonefs/target/test-dir/MiniOzoneClusterImpl-a7a48124-c188-483e-b9a9-787dfdcc7198/datanode-3/data/ratis] (custom)
2019-09-25 05:54:06,928 [pool-57-thread-1] INFO  storage.RaftStorageDirectory (RaftStorageDirectory.java:analyzeStorage(246)) - The storage directory /workdir/hadoop-ozone/ozonefs/target/test-dir/MiniOzoneClusterImpl-a7a48124-c188-483e-b9a9-787dfdcc7198/datanode-3/data/ratis/651d3ab5-9934-4632-9178-5dc75074ea0d does not exist. Creating ...
2019-09-25 05:54:06,941 [pool-57-thread-1] INFO  storage.RaftStorageDirectory (RaftStorageDirectory.java:tryLock(328)) - Lock on /workdir/hadoop-ozone/ozonefs/target/test-dir/MiniOzoneClusterImpl-a7a48124-c188-483e-b9a9-787dfdcc7198/datanode-3/data/ratis/651d3ab5-9934-4632-9178-5dc75074ea0d/in_use.lock acquired by nodename 19278@pr-hdds-1569-zxpks-796972592
2019-09-25 05:54:06,976 [pool-57-thread-1] INFO  storage.RaftStorage (RaftStorage.java:format(72)) - Storage directory /workdir/hadoop-ozone/ozonefs/target/test-dir/MiniOzoneClusterImpl-a7a48124-c188-483e-b9a9-787dfdcc7198/datanode-3/data/ratis/651d3ab5-9934-4632-9178-5dc75074ea0d has been successfully formatted.
2019-09-25 05:54:06,989 [pool-57-thread-1] INFO  ratis.ContainerStateMachine (ContainerStateMachine.java:loadSnapshot(230)) - group-5DC75074EA0D: The snapshot info is null. Setting the last applied indexto:(t:0, i:~)
2019-09-25 05:54:06,998 [pool-57-thread-1] INFO  server.RaftServerConfigKeys (ConfUtils.java:logGet(43)) - raft.server.notification.no-leader.timeout = 120s (custom)
2019-09-25 05:54:06,998 [pool-57-thread-1] INFO  server.RaftServerConfigKeys (ConfUtils.java:logGet(43)) - raft.server.log.use.memory = false (default)
2019-09-25 05:54:06,998 [pool-57-thread-1] INFO  server.RaftServerConfigKeys (ConfUtils.java:logGet(43)) - raft.server.log.purge.gap = 1000000 (custom)
2019-09-25 05:54:06,998 [pool-57-thread-1] INFO  server.RaftServerConfigKeys (ConfUtils.java:logGet(43)) - raft.server.log.appender.buffer.byte-limit = 33554432 (custom)
2019-09-25 05:54:06,998 [pool-57-thread-1] INFO  server.RaftServerConfigKeys (ConfUtils.java:logGet(43)) - raft.server.log.segment.size.max = 1048576 (custom)
2019-09-25 05:54:06,998 [pool-57-thread-1] INFO  server.RaftServerConfigKeys (ConfUtils.java:logGet(43)) - raft.server.log.segment.cache.num.max = 2 (custom)
2019-09-25 05:54:06,999 [pool-57-thread-1] INFO  segmented.SegmentedRaftLogWorker (SegmentedRaftLogWorker.java:<init>(172)) - new 9b45984a-e801-4994-8f0b-759bb773fda3@group-5DC75074EA0D-SegmentedRaftLogWorker for RaftStorage:Storage Directory /workdir/hadoop-ozone/ozonefs/target/test-dir/MiniOzoneClusterImpl-a7a48124-c188-483e-b9a9-787dfdcc7198/datanode-3/data/ratis/651d3ab5-9934-4632-9178-5dc75074ea0d
2019-09-25 05:54:06,999 [pool-57-thread-1] INFO  server.RaftServerConfigKeys (ConfUtils.java:logGet(43)) - raft.server.log.queue.byte-limit = 2147483647 (custom)
2019-09-25 05:54:06,999 [pool-57-thread-1] INFO  server.RaftServerConfigKeys (ConfUtils.java:logGet(43)) - raft.server.log.queue.element-limit = 1024 (custom)
2019-09-25 05:54:06,999 [pool-57-thread-1] INFO  server.RaftServerConfigKeys (ConfUtils.java:logGet(43)) - raft.server.log.segment.size.max = 1048576 (custom)
2019-09-25 05:54:06,999 [pool-57-thread-1] INFO  server.RaftServerConfigKeys (ConfUtils.java:logGet(43)) - raft.server.log.preallocated.size = 16384 (custom)
2019-09-25 05:54:07,000 [pool-57-thread-1] INFO  server.RaftServerConfigKeys (ConfUtils.java:logGet(43)) - raft.server.log.write.buffer.size = 33554432 (custom)
2019-09-25 05:54:07,000 [pool-57-thread-1] INFO  server.RaftServerConfigKeys (ConfUtils.java:logGet(43)) - raft.server.log.force.sync.num = 128 (default)
2019-09-25 05:54:07,000 [pool-57-thread-1] INFO  server.RaftServerConfigKeys (ConfUtils.java:logGet(43)) - raft.server.log.statemachine.data.sync = true (default)
2019-09-25 05:54:07,000 [pool-57-thread-1] INFO  server.RaftServerConfigKeys (ConfUtils.java:logGet(43)) - raft.server.log.statemachine.data.sync.timeout = 10s (default)
2019-09-25 05:54:07,000 [pool-57-thread-1] INFO  server.RaftServerConfigKeys (ConfUtils.java:logGet(43)) - raft.server.log.statemachine.data.sync.timeout.retry = -1 (default)
2019-09-25 05:54:07,001 [pool-57-thread-1] INFO  server.RaftServerConfigKeys (ConfUtils.java:logGet(43)) - raft.server.log.statemachine.data.caching.enabled = true (custom)
2019-09-25 05:54:07,001 [pool-57-thread-1] INFO  segmented.SegmentedRaftLogWorker (SegmentedRaftLogWorker.java:lambda$new$0(132)) - 9b45984a-e801-4994-8f0b-759bb773fda3@group-5DC75074EA0D-SegmentedRaftLogWorker: flushIndex: setUnconditionally 0 -> -1
2019-09-25 05:54:07,001 [pool-57-thread-1] INFO  server.RaftServerConfigKeys (ConfUtils.java:logGet(43)) - raft.server.snapshot.auto.trigger.enabled = true (custom)
2019-09-25 05:54:07,001 [pool-57-thread-1] INFO  server.RaftServerConfigKeys (ConfUtils.java:logGet(43)) - raft.server.snapshot.auto.trigger.threshold = 10000 (custom)
2019-09-25 05:54:07,002 [pool-57-thread-1] INFO  server.RaftServerConfigKeys (ConfUtils.java:logGet(43)) - raft.server.snapshot.retention.num.files = 5 (custom)
2019-09-25 05:54:07,002 [pool-57-thread-1] INFO  server.RaftServerConfigKeys (ConfUtils.java:logGet(43)) - raft.server.retrycache.expirytime = 600000ms (custom)
2019-09-25 05:54:07,008 [pool-57-thread-1] INFO  impl.RaftServerImpl (RaftServerImpl.java:start(185)) - 9b45984a-e801-4994-8f0b-759bb773fda3@group-5DC75074EA0D: start as a follower, conf=-1: [9b45984a-e801-4994-8f0b-759bb773fda3:192.168.5.161:35299], old=null
2019-09-25 05:54:07,009 [pool-57-thread-1] INFO  impl.RaftServerImpl (RaftServerImpl.java:setRole(174)) - 9b45984a-e801-4994-8f0b-759bb773fda3@group-5DC75074EA0D: changes role from      null to FOLLOWER at term 0 for startAsFollower
2019-09-25 05:54:07,009 [pool-57-thread-1] INFO  impl.RoleInfo (RoleInfo.java:updateAndGet(143)) - 9b45984a-e801-4994-8f0b-759bb773fda3: start FollowerState
2019-09-25 05:54:07,009 [pool-57-thread-1] INFO  util.JmxRegister (JmxRegister.java:tryRegister(44)) - Successfully registered JMX Bean with object name Ratis:service=RaftServer,group=group-5DC75074EA0D,id=9b45984a-e801-4994-8f0b-759bb773fda3
2019-09-25 05:54:07,011 [main] INFO  rpc.RpcClient (RpcClient.java:createVolume(276)) - Creating Volume: volume38870, with user07657 as owner.
2019-09-25 05:54:07,016 [RatisPipelineUtilsThread] INFO  pipeline.PipelineStateManager (PipelineStateManager.java:addPipeline(56)) - Created pipeline Pipeline[ Id: 651d3ab5-9934-4632-9178-5dc75074ea0d, Nodes: 9b45984a-e801-4994-8f0b-759bb773fda3{ip: 192.168.5.161, host: pr-hdds-1569-zxpks-796972592, networkLocation: /default-rack, certSerialId: null}, Type:RATIS, Factor:ONE, State:OPEN]
2019-09-25 05:54:07,024 [RatisPipelineUtilsThread] INFO  pipeline.PipelinePlacementPolicy (PipelinePlacementPolicy.java:meetCriteria(91)) - Pipeline Placement: can't place more pipeline on heavy datanode： f28e89b6-3953-4014-b5dd-5d7c12bc90a1 Heaviness: 6 limit: 5
2019-09-25 05:54:07,063 [grpc-default-executor-0] INFO  impl.RaftServerProxy (RaftServerProxy.java:addNew(89)) - f15c9da4-41cd-4d3b-befd-f91bd6a8ef15: addNew group-868A8A71D077:[f15c9da4-41cd-4d3b-befd-f91bd6a8ef15:192.168.5.161:37814] returns group-868A8A71D077:java.util.concurrent.CompletableFuture@4ee09b22[Not completed]
2019-09-25 05:54:07,065 [pool-37-thread-1] INFO  impl.RaftServerImpl (RaftServerImpl.java:<init>(95)) - f15c9da4-41cd-4d3b-befd-f91bd6a8ef15: new RaftServerImpl for group-868A8A71D077:[f15c9da4-41cd-4d3b-befd-f91bd6a8ef15:192.168.5.161:37814] with ContainerStateMachine:uninitialized
2019-09-25 05:54:07,065 [pool-37-thread-1] INFO  server.RaftServerConfigKeys (ConfUtils.java:logGet(43)) - raft.server.rpc.timeout.min = 5s (custom)
2019-09-25 05:54:07,065 [pool-37-thread-1] INFO  server.RaftServerConfigKeys (ConfUtils.java:logGet(43)) - raft.server.rpc.timeout.max = 5200ms (custom)
2019-09-25 05:54:07,066 [pool-37-thread-1] INFO  server.RaftServerConfigKeys (ConfUtils.java:logGet(43)) - raft.server.rpcslowness.timeout = 120s (custom)
2019-09-25 05:54:07,066 [pool-37-thread-1] INFO  server.RaftServerConfigKeys (ConfUtils.java:logGet(43)) - raft.server.sleep.deviation.threshold = 300 (default)
2019-09-25 05:54:07,066 [pool-37-thread-1] INFO  server.RaftServerConfigKeys (ConfUtils.java:logGet(43)) - raft.server.log.appender.install.snapshot.enabled = false (custom)
2019-09-25 05:54:07,066 [pool-37-thread-1] INFO  impl.RaftServerImpl (ServerState.java:<init>(103)) - f15c9da4-41cd-4d3b-befd-f91bd6a8ef15@group-868A8A71D077: ConfigurationManager, init=-1: [f15c9da4-41cd-4d3b-befd-f91bd6a8ef15:192.168.5.161:37814], old=null, confs=<EMPTY_MAP>
2019-09-25 05:54:07,066 [pool-37-thread-1] INFO  server.RaftServerConfigKeys (ConfUtils.java:logGet(43)) - raft.server.storage.dir = [/workdir/hadoop-ozone/ozonefs/target/test-dir/MiniOzoneClusterImpl-a7a48124-c188-483e-b9a9-787dfdcc7198/datanode-1/data/ratis] (custom)
2019-09-25 05:54:07,067 [pool-37-thread-1] INFO  storage.RaftStorageDirectory (RaftStorageDirectory.java:analyzeStorage(246)) - The storage directory /workdir/hadoop-ozone/ozonefs/target/test-dir/MiniOzoneClusterImpl-a7a48124-c188-483e-b9a9-787dfdcc7198/datanode-1/data/ratis/d25cfae9-7829-45bb-a0b6-868a8a71d077 does not exist. Creating ...
2019-09-25 05:54:07,075 [pool-37-thread-1] INFO  storage.RaftStorageDirectory (RaftStorageDirectory.java:tryLock(328)) - Lock on /workdir/hadoop-ozone/ozonefs/target/test-dir/MiniOzoneClusterImpl-a7a48124-c188-483e-b9a9-787dfdcc7198/datanode-1/data/ratis/d25cfae9-7829-45bb-a0b6-868a8a71d077/in_use.lock acquired by nodename 19278@pr-hdds-1569-zxpks-796972592
2019-09-25 05:54:07,088 [pool-37-thread-1] INFO  storage.RaftStorage (RaftStorage.java:format(72)) - Storage directory /workdir/hadoop-ozone/ozonefs/target/test-dir/MiniOzoneClusterImpl-a7a48124-c188-483e-b9a9-787dfdcc7198/datanode-1/data/ratis/d25cfae9-7829-45bb-a0b6-868a8a71d077 has been successfully formatted.
2019-09-25 05:54:07,089 [pool-37-thread-1] INFO  ratis.ContainerStateMachine (ContainerStateMachine.java:loadSnapshot(230)) - group-868A8A71D077: The snapshot info is null. Setting the last applied indexto:(t:0, i:~)
2019-09-25 05:54:07,089 [pool-37-thread-1] INFO  server.RaftServerConfigKeys (ConfUtils.java:logGet(43)) - raft.server.notification.no-leader.timeout = 120s (custom)
2019-09-25 05:54:07,089 [pool-37-thread-1] INFO  server.RaftServerConfigKeys (ConfUtils.java:logGet(43)) - raft.server.log.use.memory = false (default)
2019-09-25 05:54:07,089 [pool-37-thread-1] INFO  server.RaftServerConfigKeys (ConfUtils.java:logGet(43)) - raft.server.log.purge.gap = 1000000 (custom)
2019-09-25 05:54:07,089 [pool-37-thread-1] INFO  server.RaftServerConfigKeys (ConfUtils.java:logGet(43)) - raft.server.log.appender.buffer.byte-limit = 33554432 (custom)
2019-09-25 05:54:07,090 [pool-37-thread-1] INFO  server.RaftServerConfigKeys (ConfUtils.java:logGet(43)) - raft.server.log.segment.size.max = 1048576 (custom)
2019-09-25 05:54:07,090 [pool-37-thread-1] INFO  server.RaftServerConfigKeys (ConfUtils.java:logGet(43)) - raft.server.log.segment.cache.num.max = 2 (custom)
2019-09-25 05:54:07,090 [pool-37-thread-1] INFO  segmented.SegmentedRaftLogWorker (SegmentedRaftLogWorker.java:<init>(172)) - new f15c9da4-41cd-4d3b-befd-f91bd6a8ef15@group-868A8A71D077-SegmentedRaftLogWorker for RaftStorage:Storage Directory /workdir/hadoop-ozone/ozonefs/target/test-dir/MiniOzoneClusterImpl-a7a48124-c188-483e-b9a9-787dfdcc7198/datanode-1/data/ratis/d25cfae9-7829-45bb-a0b6-868a8a71d077
2019-09-25 05:54:07,090 [pool-37-thread-1] INFO  server.RaftServerConfigKeys (ConfUtils.java:logGet(43)) - raft.server.log.queue.byte-limit = 2147483647 (custom)
2019-09-25 05:54:07,090 [pool-37-thread-1] INFO  server.RaftServerConfigKeys (ConfUtils.java:logGet(43)) - raft.server.log.queue.element-limit = 1024 (custom)
2019-09-25 05:54:07,090 [pool-37-thread-1] INFO  server.RaftServerConfigKeys (ConfUtils.java:logGet(43)) - raft.server.log.segment.size.max = 1048576 (custom)
2019-09-25 05:54:07,091 [pool-37-thread-1] INFO  server.RaftServerConfigKeys (ConfUtils.java:logGet(43)) - raft.server.log.preallocated.size = 16384 (custom)
2019-09-25 05:54:07,091 [pool-37-thread-1] INFO  server.RaftServerConfigKeys (ConfUtils.java:logGet(43)) - raft.server.log.write.buffer.size = 33554432 (custom)
2019-09-25 05:54:07,091 [pool-37-thread-1] INFO  server.RaftServerConfigKeys (ConfUtils.java:logGet(43)) - raft.server.log.force.sync.num = 128 (default)
2019-09-25 05:54:07,091 [pool-37-thread-1] INFO  server.RaftServerConfigKeys (ConfUtils.java:logGet(43)) - raft.server.log.statemachine.data.sync = true (default)
2019-09-25 05:54:07,091 [pool-37-thread-1] INFO  server.RaftServerConfigKeys (ConfUtils.java:logGet(43)) - raft.server.log.statemachine.data.sync.timeout = 10s (default)
2019-09-25 05:54:07,091 [pool-37-thread-1] INFO  server.RaftServerConfigKeys (ConfUtils.java:logGet(43)) - raft.server.log.statemachine.data.sync.timeout.retry = -1 (default)
2019-09-25 05:54:07,092 [pool-37-thread-1] INFO  server.RaftServerConfigKeys (ConfUtils.java:logGet(43)) - raft.server.log.statemachine.data.caching.enabled = true (custom)
2019-09-25 05:54:07,092 [pool-37-thread-1] INFO  segmented.SegmentedRaftLogWorker (SegmentedRaftLogWorker.java:lambda$new$0(132)) - f15c9da4-41cd-4d3b-befd-f91bd6a8ef15@group-868A8A71D077-SegmentedRaftLogWorker: flushIndex: setUnconditionally 0 -> -1
2019-09-25 05:54:07,092 [pool-37-thread-1] INFO  server.RaftServerConfigKeys (ConfUtils.java:logGet(43)) - raft.server.snapshot.auto.trigger.enabled = true (custom)
2019-09-25 05:54:07,093 [pool-37-thread-1] INFO  server.RaftServerConfigKeys (ConfUtils.java:logGet(43)) - raft.server.snapshot.auto.trigger.threshold = 10000 (custom)
2019-09-25 05:54:07,093 [pool-37-thread-1] INFO  server.RaftServerConfigKeys (ConfUtils.java:logGet(43)) - raft.server.snapshot.retention.num.files = 5 (custom)
2019-09-25 05:54:07,093 [pool-37-thread-1] INFO  server.RaftServerConfigKeys (ConfUtils.java:logGet(43)) - raft.server.retrycache.expirytime = 600000ms (custom)
2019-09-25 05:54:07,096 [pool-37-thread-1] INFO  impl.RaftServerImpl (RaftServerImpl.java:start(185)) - f15c9da4-41cd-4d3b-befd-f91bd6a8ef15@group-868A8A71D077: start as a follower, conf=-1: [f15c9da4-41cd-4d3b-befd-f91bd6a8ef15:192.168.5.161:37814], old=null
2019-09-25 05:54:07,096 [pool-37-thread-1] INFO  impl.RaftServerImpl (RaftServerImpl.java:setRole(174)) - f15c9da4-41cd-4d3b-befd-f91bd6a8ef15@group-868A8A71D077: changes role from      null to FOLLOWER at term 0 for startAsFollower
2019-09-25 05:54:07,096 [pool-37-thread-1] INFO  impl.RoleInfo (RoleInfo.java:updateAndGet(143)) - f15c9da4-41cd-4d3b-befd-f91bd6a8ef15: start FollowerState
2019-09-25 05:54:07,108 [pool-37-thread-1] INFO  util.JmxRegister (JmxRegister.java:tryRegister(44)) - Successfully registered JMX Bean with object name Ratis:service=RaftServer,group=group-868A8A71D077,id=f15c9da4-41cd-4d3b-befd-f91bd6a8ef15
2019-09-25 05:54:07,135 [RatisPipelineUtilsThread] INFO  pipeline.PipelineStateManager (PipelineStateManager.java:addPipeline(56)) - Created pipeline Pipeline[ Id: d25cfae9-7829-45bb-a0b6-868a8a71d077, Nodes: f15c9da4-41cd-4d3b-befd-f91bd6a8ef15{ip: 192.168.5.161, host: pr-hdds-1569-zxpks-796972592, networkLocation: /default-rack, certSerialId: null}, Type:RATIS, Factor:ONE, State:OPEN]
2019-09-25 05:54:07,135 [RatisPipelineUtilsThread] INFO  pipeline.PipelinePlacementPolicy (PipelinePlacementPolicy.java:meetCriteria(91)) - Pipeline Placement: can't place more pipeline on heavy datanode： f28e89b6-3953-4014-b5dd-5d7c12bc90a1 Heaviness: 6 limit: 5
2019-09-25 05:54:07,148 [grpc-default-executor-0] INFO  impl.RaftServerProxy (RaftServerProxy.java:addNew(89)) - 9b45984a-e801-4994-8f0b-759bb773fda3: addNew group-91AC0045DF3C:[9b45984a-e801-4994-8f0b-759bb773fda3:192.168.5.161:35299] returns group-91AC0045DF3C:java.util.concurrent.CompletableFuture@35b0f7a7[Not completed]
2019-09-25 05:54:07,150 [pool-57-thread-1] INFO  impl.RaftServerImpl (RaftServerImpl.java:<init>(95)) - 9b45984a-e801-4994-8f0b-759bb773fda3: new RaftServerImpl for group-91AC0045DF3C:[9b45984a-e801-4994-8f0b-759bb773fda3:192.168.5.161:35299] with ContainerStateMachine:uninitialized
2019-09-25 05:54:07,150 [pool-57-thread-1] INFO  server.RaftServerConfigKeys (ConfUtils.java:logGet(43)) - raft.server.rpc.timeout.min = 5s (custom)
2019-09-25 05:54:07,150 [pool-57-thread-1] INFO  server.RaftServerConfigKeys (ConfUtils.java:logGet(43)) - raft.server.rpc.timeout.max = 5200ms (custom)
2019-09-25 05:54:07,150 [pool-57-thread-1] INFO  server.RaftServerConfigKeys (ConfUtils.java:logGet(43)) - raft.server.rpcslowness.timeout = 120s (custom)
2019-09-25 05:54:07,150 [pool-57-thread-1] INFO  server.RaftServerConfigKeys (ConfUtils.java:logGet(43)) - raft.server.sleep.deviation.threshold = 300 (default)
2019-09-25 05:54:07,150 [pool-57-thread-1] INFO  server.RaftServerConfigKeys (ConfUtils.java:logGet(43)) - raft.server.log.appender.install.snapshot.enabled = false (custom)
2019-09-25 05:54:07,151 [pool-57-thread-1] INFO  impl.RaftServerImpl (ServerState.java:<init>(103)) - 9b45984a-e801-4994-8f0b-759bb773fda3@group-91AC0045DF3C: ConfigurationManager, init=-1: [9b45984a-e801-4994-8f0b-759bb773fda3:192.168.5.161:35299], old=null, confs=<EMPTY_MAP>
2019-09-25 05:54:07,151 [pool-57-thread-1] INFO  server.RaftServerConfigKeys (ConfUtils.java:logGet(43)) - raft.server.storage.dir = [/workdir/hadoop-ozone/ozonefs/target/test-dir/MiniOzoneClusterImpl-a7a48124-c188-483e-b9a9-787dfdcc7198/datanode-3/data/ratis] (custom)
2019-09-25 05:54:07,151 [pool-57-thread-1] INFO  storage.RaftStorageDirectory (RaftStorageDirectory.java:analyzeStorage(246)) - The storage directory /workdir/hadoop-ozone/ozonefs/target/test-dir/MiniOzoneClusterImpl-a7a48124-c188-483e-b9a9-787dfdcc7198/datanode-3/data/ratis/8152b484-2ba4-43bf-995b-91ac0045df3c does not exist. Creating ...
2019-09-25 05:54:07,164 [pool-57-thread-1] INFO  storage.RaftStorageDirectory (RaftStorageDirectory.java:tryLock(328)) - Lock on /workdir/hadoop-ozone/ozonefs/target/test-dir/MiniOzoneClusterImpl-a7a48124-c188-483e-b9a9-787dfdcc7198/datanode-3/data/ratis/8152b484-2ba4-43bf-995b-91ac0045df3c/in_use.lock acquired by nodename 19278@pr-hdds-1569-zxpks-796972592
2019-09-25 05:54:07,189 [pool-57-thread-1] INFO  storage.RaftStorage (RaftStorage.java:format(72)) - Storage directory /workdir/hadoop-ozone/ozonefs/target/test-dir/MiniOzoneClusterImpl-a7a48124-c188-483e-b9a9-787dfdcc7198/datanode-3/data/ratis/8152b484-2ba4-43bf-995b-91ac0045df3c has been successfully formatted.
2019-09-25 05:54:07,218 [pool-57-thread-1] INFO  ratis.ContainerStateMachine (ContainerStateMachine.java:loadSnapshot(230)) - group-91AC0045DF3C: The snapshot info is null. Setting the last applied indexto:(t:0, i:~)
2019-09-25 05:54:07,218 [pool-57-thread-1] INFO  server.RaftServerConfigKeys (ConfUtils.java:logGet(43)) - raft.server.notification.no-leader.timeout = 120s (custom)
2019-09-25 05:54:07,218 [pool-57-thread-1] INFO  server.RaftServerConfigKeys (ConfUtils.java:logGet(43)) - raft.server.log.use.memory = false (default)
2019-09-25 05:54:07,219 [pool-57-thread-1] INFO  server.RaftServerConfigKeys (ConfUtils.java:logGet(43)) - raft.server.log.purge.gap = 1000000 (custom)
2019-09-25 05:54:07,219 [pool-57-thread-1] INFO  server.RaftServerConfigKeys (ConfUtils.java:logGet(43)) - raft.server.log.appender.buffer.byte-limit = 33554432 (custom)
2019-09-25 05:54:07,219 [pool-57-thread-1] INFO  server.RaftServerConfigKeys (ConfUtils.java:logGet(43)) - raft.server.log.segment.size.max = 1048576 (custom)
2019-09-25 05:54:07,219 [pool-57-thread-1] INFO  server.RaftServerConfigKeys (ConfUtils.java:logGet(43)) - raft.server.log.segment.cache.num.max = 2 (custom)
2019-09-25 05:54:07,219 [pool-57-thread-1] INFO  segmented.SegmentedRaftLogWorker (SegmentedRaftLogWorker.java:<init>(172)) - new 9b45984a-e801-4994-8f0b-759bb773fda3@group-91AC0045DF3C-SegmentedRaftLogWorker for RaftStorage:Storage Directory /workdir/hadoop-ozone/ozonefs/target/test-dir/MiniOzoneClusterImpl-a7a48124-c188-483e-b9a9-787dfdcc7198/datanode-3/data/ratis/8152b484-2ba4-43bf-995b-91ac0045df3c
2019-09-25 05:54:07,220 [pool-57-thread-1] INFO  server.RaftServerConfigKeys (ConfUtils.java:logGet(43)) - raft.server.log.queue.byte-limit = 2147483647 (custom)
2019-09-25 05:54:07,220 [pool-57-thread-1] INFO  server.RaftServerConfigKeys (ConfUtils.java:logGet(43)) - raft.server.log.queue.element-limit = 1024 (custom)
2019-09-25 05:54:07,220 [pool-57-thread-1] INFO  server.RaftServerConfigKeys (ConfUtils.java:logGet(43)) - raft.server.log.segment.size.max = 1048576 (custom)
2019-09-25 05:54:07,220 [pool-57-thread-1] INFO  server.RaftServerConfigKeys (ConfUtils.java:logGet(43)) - raft.server.log.preallocated.size = 16384 (custom)
2019-09-25 05:54:07,220 [pool-57-thread-1] INFO  server.RaftServerConfigKeys (ConfUtils.java:logGet(43)) - raft.server.log.write.buffer.size = 33554432 (custom)
2019-09-25 05:54:07,221 [pool-57-thread-1] INFO  server.RaftServerConfigKeys (ConfUtils.java:logGet(43)) - raft.server.log.force.sync.num = 128 (default)
2019-09-25 05:54:07,221 [pool-57-thread-1] INFO  server.RaftServerConfigKeys (ConfUtils.java:logGet(43)) - raft.server.log.statemachine.data.sync = true (default)
2019-09-25 05:54:07,221 [pool-57-thread-1] INFO  server.RaftServerConfigKeys (ConfUtils.java:logGet(43)) - raft.server.log.statemachine.data.sync.timeout = 10s (default)
2019-09-25 05:54:07,221 [pool-57-thread-1] INFO  server.RaftServerConfigKeys (ConfUtils.java:logGet(43)) - raft.server.log.statemachine.data.sync.timeout.retry = -1 (default)
2019-09-25 05:54:07,240 [pool-57-thread-1] INFO  server.RaftServerConfigKeys (ConfUtils.java:logGet(43)) - raft.server.log.statemachine.data.caching.enabled = true (custom)
2019-09-25 05:54:07,241 [pool-57-thread-1] INFO  segmented.SegmentedRaftLogWorker (SegmentedRaftLogWorker.java:lambda$new$0(132)) - 9b45984a-e801-4994-8f0b-759bb773fda3@group-91AC0045DF3C-SegmentedRaftLogWorker: flushIndex: setUnconditionally 0 -> -1
2019-09-25 05:54:07,242 [pool-57-thread-1] INFO  server.RaftServerConfigKeys (ConfUtils.java:logGet(43)) - raft.server.snapshot.auto.trigger.enabled = true (custom)
2019-09-25 05:54:07,242 [pool-57-thread-1] INFO  server.RaftServerConfigKeys (ConfUtils.java:logGet(43)) - raft.server.snapshot.auto.trigger.threshold = 10000 (custom)
2019-09-25 05:54:07,242 [pool-57-thread-1] INFO  server.RaftServerConfigKeys (ConfUtils.java:logGet(43)) - raft.server.snapshot.retention.num.files = 5 (custom)
2019-09-25 05:54:07,242 [pool-57-thread-1] INFO  server.RaftServerConfigKeys (ConfUtils.java:logGet(43)) - raft.server.retrycache.expirytime = 600000ms (custom)
2019-09-25 05:54:07,362 [IPC Server handler 3 on 35983] INFO  volume.OMVolumeCreateRequest (OMVolumeCreateRequest.java:validateAndUpdateCache(189)) - created volume:volume38870 for user:user07657
2019-09-25 05:54:07,884 [main] INFO  rpc.RpcClient (RpcClient.java:createBucket(415)) - Creating Bucket: volume38870/bucket00158, with Versioning false and Storage Type set to DISK and Encryption set to false 
2019-09-25 05:54:08,130 [Thread-283] INFO  container.ReplicationManager (ReplicationManager.java:start(163)) - Starting Replication Monitor Thread.
2019-09-25 05:54:08,132 [ReplicationMonitor] INFO  container.ReplicationManager (ReplicationManager.java:run(226)) - Replication Monitor Thread took 1 milliseconds for processing 0 containers.
2019-09-25 05:54:08,133 [pool-57-thread-1] INFO  impl.RaftServerImpl (RaftServerImpl.java:start(185)) - 9b45984a-e801-4994-8f0b-759bb773fda3@group-91AC0045DF3C: start as a follower, conf=-1: [9b45984a-e801-4994-8f0b-759bb773fda3:192.168.5.161:35299], old=null
2019-09-25 05:54:08,134 [pool-57-thread-1] INFO  impl.RaftServerImpl (RaftServerImpl.java:setRole(174)) - 9b45984a-e801-4994-8f0b-759bb773fda3@group-91AC0045DF3C: changes role from      null to FOLLOWER at term 0 for startAsFollower
2019-09-25 05:54:08,134 [pool-57-thread-1] INFO  impl.RoleInfo (RoleInfo.java:updateAndGet(143)) - 9b45984a-e801-4994-8f0b-759bb773fda3: start FollowerState
2019-09-25 05:54:08,135 [pool-57-thread-1] INFO  util.JmxRegister (JmxRegister.java:tryRegister(44)) - Successfully registered JMX Bean with object name Ratis:service=RaftServer,group=group-91AC0045DF3C,id=9b45984a-e801-4994-8f0b-759bb773fda3
2019-09-25 05:54:08,144 [RatisPipelineUtilsThread] INFO  pipeline.PipelineStateManager (PipelineStateManager.java:addPipeline(56)) - Created pipeline Pipeline[ Id: 8152b484-2ba4-43bf-995b-91ac0045df3c, Nodes: 9b45984a-e801-4994-8f0b-759bb773fda3{ip: 192.168.5.161, host: pr-hdds-1569-zxpks-796972592, networkLocation: /default-rack, certSerialId: null}, Type:RATIS, Factor:ONE, State:OPEN]
2019-09-25 05:54:08,145 [RatisPipelineUtilsThread] INFO  pipeline.PipelinePlacementPolicy (PipelinePlacementPolicy.java:meetCriteria(91)) - Pipeline Placement: can't place more pipeline on heavy datanode： f28e89b6-3953-4014-b5dd-5d7c12bc90a1 Heaviness: 6 limit: 5
2019-09-25 05:54:08,160 [grpc-default-executor-0] INFO  impl.RaftServerProxy (RaftServerProxy.java:addNew(89)) - f15c9da4-41cd-4d3b-befd-f91bd6a8ef15: addNew group-E00BCCB6530B:[f15c9da4-41cd-4d3b-befd-f91bd6a8ef15:192.168.5.161:37814] returns group-E00BCCB6530B:java.util.concurrent.CompletableFuture@35bcff9e[Not completed]
2019-09-25 05:54:08,163 [pool-37-thread-1] INFO  impl.RaftServerImpl (RaftServerImpl.java:<init>(95)) - f15c9da4-41cd-4d3b-befd-f91bd6a8ef15: new RaftServerImpl for group-E00BCCB6530B:[f15c9da4-41cd-4d3b-befd-f91bd6a8ef15:192.168.5.161:37814] with ContainerStateMachine:uninitialized
2019-09-25 05:54:08,163 [pool-37-thread-1] INFO  server.RaftServerConfigKeys (ConfUtils.java:logGet(43)) - raft.server.rpc.timeout.min = 5s (custom)
2019-09-25 05:54:08,163 [pool-37-thread-1] INFO  server.RaftServerConfigKeys (ConfUtils.java:logGet(43)) - raft.server.rpc.timeout.max = 5200ms (custom)
2019-09-25 05:54:08,163 [pool-37-thread-1] INFO  server.RaftServerConfigKeys (ConfUtils.java:logGet(43)) - raft.server.rpcslowness.timeout = 120s (custom)
2019-09-25 05:54:08,164 [pool-37-thread-1] INFO  server.RaftServerConfigKeys (ConfUtils.java:logGet(43)) - raft.server.sleep.deviation.threshold = 300 (default)
2019-09-25 05:54:08,164 [pool-37-thread-1] INFO  server.RaftServerConfigKeys (ConfUtils.java:logGet(43)) - raft.server.log.appender.install.snapshot.enabled = false (custom)
2019-09-25 05:54:08,164 [pool-37-thread-1] INFO  impl.RaftServerImpl (ServerState.java:<init>(103)) - f15c9da4-41cd-4d3b-befd-f91bd6a8ef15@group-E00BCCB6530B: ConfigurationManager, init=-1: [f15c9da4-41cd-4d3b-befd-f91bd6a8ef15:192.168.5.161:37814], old=null, confs=<EMPTY_MAP>
2019-09-25 05:54:08,164 [pool-37-thread-1] INFO  server.RaftServerConfigKeys (ConfUtils.java:logGet(43)) - raft.server.storage.dir = [/workdir/hadoop-ozone/ozonefs/target/test-dir/MiniOzoneClusterImpl-a7a48124-c188-483e-b9a9-787dfdcc7198/datanode-1/data/ratis] (custom)
2019-09-25 05:54:08,165 [pool-37-thread-1] INFO  storage.RaftStorageDirectory (RaftStorageDirectory.java:analyzeStorage(246)) - The storage directory /workdir/hadoop-ozone/ozonefs/target/test-dir/MiniOzoneClusterImpl-a7a48124-c188-483e-b9a9-787dfdcc7198/datanode-1/data/ratis/b57e0db4-1c6d-4d19-aa98-e00bccb6530b does not exist. Creating ...
2019-09-25 05:54:08,186 [pool-37-thread-1] INFO  storage.RaftStorageDirectory (RaftStorageDirectory.java:tryLock(328)) - Lock on /workdir/hadoop-ozone/ozonefs/target/test-dir/MiniOzoneClusterImpl-a7a48124-c188-483e-b9a9-787dfdcc7198/datanode-1/data/ratis/b57e0db4-1c6d-4d19-aa98-e00bccb6530b/in_use.lock acquired by nodename 19278@pr-hdds-1569-zxpks-796972592
2019-09-25 05:54:08,200 [pool-37-thread-1] INFO  storage.RaftStorage (RaftStorage.java:format(72)) - Storage directory /workdir/hadoop-ozone/ozonefs/target/test-dir/MiniOzoneClusterImpl-a7a48124-c188-483e-b9a9-787dfdcc7198/datanode-1/data/ratis/b57e0db4-1c6d-4d19-aa98-e00bccb6530b has been successfully formatted.
2019-09-25 05:54:08,200 [pool-37-thread-1] INFO  ratis.ContainerStateMachine (ContainerStateMachine.java:loadSnapshot(230)) - group-E00BCCB6530B: The snapshot info is null. Setting the last applied indexto:(t:0, i:~)
2019-09-25 05:54:08,201 [pool-37-thread-1] INFO  server.RaftServerConfigKeys (ConfUtils.java:logGet(43)) - raft.server.notification.no-leader.timeout = 120s (custom)
2019-09-25 05:54:08,201 [pool-37-thread-1] INFO  server.RaftServerConfigKeys (ConfUtils.java:logGet(43)) - raft.server.log.use.memory = false (default)
2019-09-25 05:54:08,201 [pool-37-thread-1] INFO  server.RaftServerConfigKeys (ConfUtils.java:logGet(43)) - raft.server.log.purge.gap = 1000000 (custom)
2019-09-25 05:54:08,201 [pool-37-thread-1] INFO  server.RaftServerConfigKeys (ConfUtils.java:logGet(43)) - raft.server.log.appender.buffer.byte-limit = 33554432 (custom)
2019-09-25 05:54:08,202 [pool-37-thread-1] INFO  server.RaftServerConfigKeys (ConfUtils.java:logGet(43)) - raft.server.log.segment.size.max = 1048576 (custom)
2019-09-25 05:54:08,202 [pool-37-thread-1] INFO  server.RaftServerConfigKeys (ConfUtils.java:logGet(43)) - raft.server.log.segment.cache.num.max = 2 (custom)
2019-09-25 05:54:08,202 [pool-37-thread-1] INFO  segmented.SegmentedRaftLogWorker (SegmentedRaftLogWorker.java:<init>(172)) - new f15c9da4-41cd-4d3b-befd-f91bd6a8ef15@group-E00BCCB6530B-SegmentedRaftLogWorker for RaftStorage:Storage Directory /workdir/hadoop-ozone/ozonefs/target/test-dir/MiniOzoneClusterImpl-a7a48124-c188-483e-b9a9-787dfdcc7198/datanode-1/data/ratis/b57e0db4-1c6d-4d19-aa98-e00bccb6530b
2019-09-25 05:54:08,202 [pool-37-thread-1] INFO  server.RaftServerConfigKeys (ConfUtils.java:logGet(43)) - raft.server.log.queue.byte-limit = 2147483647 (custom)
2019-09-25 05:54:08,202 [pool-37-thread-1] INFO  server.RaftServerConfigKeys (ConfUtils.java:logGet(43)) - raft.server.log.queue.element-limit = 1024 (custom)
2019-09-25 05:54:08,203 [pool-37-thread-1] INFO  server.RaftServerConfigKeys (ConfUtils.java:logGet(43)) - raft.server.log.segment.size.max = 1048576 (custom)
2019-09-25 05:54:08,203 [pool-37-thread-1] INFO  server.RaftServerConfigKeys (ConfUtils.java:logGet(43)) - raft.server.log.preallocated.size = 16384 (custom)
2019-09-25 05:54:08,203 [pool-37-thread-1] INFO  server.RaftServerConfigKeys (ConfUtils.java:logGet(43)) - raft.server.log.write.buffer.size = 33554432 (custom)
2019-09-25 05:54:08,203 [pool-37-thread-1] INFO  server.RaftServerConfigKeys (ConfUtils.java:logGet(43)) - raft.server.log.force.sync.num = 128 (default)
2019-09-25 05:54:08,203 [pool-37-thread-1] INFO  server.RaftServerConfigKeys (ConfUtils.java:logGet(43)) - raft.server.log.statemachine.data.sync = true (default)
2019-09-25 05:54:08,204 [pool-37-thread-1] INFO  server.RaftServerConfigKeys (ConfUtils.java:logGet(43)) - raft.server.log.statemachine.data.sync.timeout = 10s (default)
2019-09-25 05:54:08,204 [pool-37-thread-1] INFO  server.RaftServerConfigKeys (ConfUtils.java:logGet(43)) - raft.server.log.statemachine.data.sync.timeout.retry = -1 (default)
2019-09-25 05:54:08,204 [pool-37-thread-1] INFO  server.RaftServerConfigKeys (ConfUtils.java:logGet(43)) - raft.server.log.statemachine.data.caching.enabled = true (custom)
2019-09-25 05:54:08,205 [pool-37-thread-1] INFO  segmented.SegmentedRaftLogWorker (SegmentedRaftLogWorker.java:lambda$new$0(132)) - f15c9da4-41cd-4d3b-befd-f91bd6a8ef15@group-E00BCCB6530B-SegmentedRaftLogWorker: flushIndex: setUnconditionally 0 -> -1
2019-09-25 05:54:08,205 [pool-37-thread-1] INFO  server.RaftServerConfigKeys (ConfUtils.java:logGet(43)) - raft.server.snapshot.auto.trigger.enabled = true (custom)
2019-09-25 05:54:08,205 [pool-37-thread-1] INFO  server.RaftServerConfigKeys (ConfUtils.java:logGet(43)) - raft.server.snapshot.auto.trigger.threshold = 10000 (custom)
2019-09-25 05:54:08,205 [pool-37-thread-1] INFO  server.RaftServerConfigKeys (ConfUtils.java:logGet(43)) - raft.server.snapshot.retention.num.files = 5 (custom)
2019-09-25 05:54:08,206 [pool-37-thread-1] INFO  server.RaftServerConfigKeys (ConfUtils.java:logGet(43)) - raft.server.retrycache.expirytime = 600000ms (custom)
2019-09-25 05:54:08,209 [pool-37-thread-1] INFO  impl.RaftServerImpl (RaftServerImpl.java:start(185)) - f15c9da4-41cd-4d3b-befd-f91bd6a8ef15@group-E00BCCB6530B: start as a follower, conf=-1: [f15c9da4-41cd-4d3b-befd-f91bd6a8ef15:192.168.5.161:37814], old=null
2019-09-25 05:54:08,209 [pool-37-thread-1] INFO  impl.RaftServerImpl (RaftServerImpl.java:setRole(174)) - f15c9da4-41cd-4d3b-befd-f91bd6a8ef15@group-E00BCCB6530B: changes role from      null to FOLLOWER at term 0 for startAsFollower
2019-09-25 05:54:08,210 [pool-37-thread-1] INFO  impl.RoleInfo (RoleInfo.java:updateAndGet(143)) - f15c9da4-41cd-4d3b-befd-f91bd6a8ef15: start FollowerState
2019-09-25 05:54:08,210 [pool-37-thread-1] INFO  util.JmxRegister (JmxRegister.java:tryRegister(44)) - Successfully registered JMX Bean with object name Ratis:service=RaftServer,group=group-E00BCCB6530B,id=f15c9da4-41cd-4d3b-befd-f91bd6a8ef15
2019-09-25 05:54:08,218 [RatisPipelineUtilsThread] INFO  pipeline.PipelineStateManager (PipelineStateManager.java:addPipeline(56)) - Created pipeline Pipeline[ Id: b57e0db4-1c6d-4d19-aa98-e00bccb6530b, Nodes: f15c9da4-41cd-4d3b-befd-f91bd6a8ef15{ip: 192.168.5.161, host: pr-hdds-1569-zxpks-796972592, networkLocation: /default-rack, certSerialId: null}, Type:RATIS, Factor:ONE, State:OPEN]
2019-09-25 05:54:08,219 [RatisPipelineUtilsThread] INFO  pipeline.PipelinePlacementPolicy (PipelinePlacementPolicy.java:meetCriteria(91)) - Pipeline Placement: can't place more pipeline on heavy datanode： f28e89b6-3953-4014-b5dd-5d7c12bc90a1 Heaviness: 6 limit: 5
2019-09-25 05:54:08,234 [grpc-default-executor-0] INFO  impl.RaftServerProxy (RaftServerProxy.java:addNew(89)) - 22638597-b9ac-42fc-8d80-a8fc15613fc1: addNew group-B802CF132701:[22638597-b9ac-42fc-8d80-a8fc15613fc1:192.168.5.161:38615] returns group-B802CF132701:java.util.concurrent.CompletableFuture@61fb886f[Not completed]
2019-09-25 05:54:08,241 [pool-47-thread-1] INFO  impl.RaftServerImpl (RaftServerImpl.java:<init>(95)) - 22638597-b9ac-42fc-8d80-a8fc15613fc1: new RaftServerImpl for group-B802CF132701:[22638597-b9ac-42fc-8d80-a8fc15613fc1:192.168.5.161:38615] with ContainerStateMachine:uninitialized
2019-09-25 05:54:08,241 [pool-47-thread-1] INFO  server.RaftServerConfigKeys (ConfUtils.java:logGet(43)) - raft.server.rpc.timeout.min = 5s (custom)
2019-09-25 05:54:08,242 [pool-47-thread-1] INFO  server.RaftServerConfigKeys (ConfUtils.java:logGet(43)) - raft.server.rpc.timeout.max = 5200ms (custom)
2019-09-25 05:54:08,242 [pool-47-thread-1] INFO  server.RaftServerConfigKeys (ConfUtils.java:logGet(43)) - raft.server.rpcslowness.timeout = 120s (custom)
2019-09-25 05:54:08,242 [pool-47-thread-1] INFO  server.RaftServerConfigKeys (ConfUtils.java:logGet(43)) - raft.server.sleep.deviation.threshold = 300 (default)
2019-09-25 05:54:08,242 [pool-47-thread-1] INFO  server.RaftServerConfigKeys (ConfUtils.java:logGet(43)) - raft.server.log.appender.install.snapshot.enabled = false (custom)
2019-09-25 05:54:08,242 [pool-47-thread-1] INFO  impl.RaftServerImpl (ServerState.java:<init>(103)) - 22638597-b9ac-42fc-8d80-a8fc15613fc1@group-B802CF132701: ConfigurationManager, init=-1: [22638597-b9ac-42fc-8d80-a8fc15613fc1:192.168.5.161:38615], old=null, confs=<EMPTY_MAP>
2019-09-25 05:54:08,243 [pool-47-thread-1] INFO  server.RaftServerConfigKeys (ConfUtils.java:logGet(43)) - raft.server.storage.dir = [/workdir/hadoop-ozone/ozonefs/target/test-dir/MiniOzoneClusterImpl-a7a48124-c188-483e-b9a9-787dfdcc7198/datanode-2/data/ratis] (custom)
2019-09-25 05:54:08,243 [pool-47-thread-1] INFO  storage.RaftStorageDirectory (RaftStorageDirectory.java:analyzeStorage(246)) - The storage directory /workdir/hadoop-ozone/ozonefs/target/test-dir/MiniOzoneClusterImpl-a7a48124-c188-483e-b9a9-787dfdcc7198/datanode-2/data/ratis/1c726460-cf41-4860-81fb-b802cf132701 does not exist. Creating ...
2019-09-25 05:54:08,255 [pool-47-thread-1] INFO  storage.RaftStorageDirectory (RaftStorageDirectory.java:tryLock(328)) - Lock on /workdir/hadoop-ozone/ozonefs/target/test-dir/MiniOzoneClusterImpl-a7a48124-c188-483e-b9a9-787dfdcc7198/datanode-2/data/ratis/1c726460-cf41-4860-81fb-b802cf132701/in_use.lock acquired by nodename 19278@pr-hdds-1569-zxpks-796972592
2019-09-25 05:54:08,268 [pool-47-thread-1] INFO  storage.RaftStorage (RaftStorage.java:format(72)) - Storage directory /workdir/hadoop-ozone/ozonefs/target/test-dir/MiniOzoneClusterImpl-a7a48124-c188-483e-b9a9-787dfdcc7198/datanode-2/data/ratis/1c726460-cf41-4860-81fb-b802cf132701 has been successfully formatted.
2019-09-25 05:54:08,269 [pool-47-thread-1] INFO  ratis.ContainerStateMachine (ContainerStateMachine.java:loadSnapshot(230)) - group-B802CF132701: The snapshot info is null. Setting the last applied indexto:(t:0, i:~)
2019-09-25 05:54:08,269 [pool-47-thread-1] INFO  server.RaftServerConfigKeys (ConfUtils.java:logGet(43)) - raft.server.notification.no-leader.timeout = 120s (custom)
2019-09-25 05:54:08,269 [pool-47-thread-1] INFO  server.RaftServerConfigKeys (ConfUtils.java:logGet(43)) - raft.server.log.use.memory = false (default)
2019-09-25 05:54:08,269 [pool-47-thread-1] INFO  server.RaftServerConfigKeys (ConfUtils.java:logGet(43)) - raft.server.log.purge.gap = 1000000 (custom)
2019-09-25 05:54:08,269 [pool-47-thread-1] INFO  server.RaftServerConfigKeys (ConfUtils.java:logGet(43)) - raft.server.log.appender.buffer.byte-limit = 33554432 (custom)
2019-09-25 05:54:08,269 [pool-47-thread-1] INFO  server.RaftServerConfigKeys (ConfUtils.java:logGet(43)) - raft.server.log.segment.size.max = 1048576 (custom)
2019-09-25 05:54:08,270 [pool-47-thread-1] INFO  server.RaftServerConfigKeys (ConfUtils.java:logGet(43)) - raft.server.log.segment.cache.num.max = 2 (custom)
2019-09-25 05:54:08,270 [pool-47-thread-1] INFO  segmented.SegmentedRaftLogWorker (SegmentedRaftLogWorker.java:<init>(172)) - new 22638597-b9ac-42fc-8d80-a8fc15613fc1@group-B802CF132701-SegmentedRaftLogWorker for RaftStorage:Storage Directory /workdir/hadoop-ozone/ozonefs/target/test-dir/MiniOzoneClusterImpl-a7a48124-c188-483e-b9a9-787dfdcc7198/datanode-2/data/ratis/1c726460-cf41-4860-81fb-b802cf132701
2019-09-25 05:54:08,272 [pool-47-thread-1] INFO  server.RaftServerConfigKeys (ConfUtils.java:logGet(43)) - raft.server.log.queue.byte-limit = 2147483647 (custom)
2019-09-25 05:54:08,272 [pool-47-thread-1] INFO  server.RaftServerConfigKeys (ConfUtils.java:logGet(43)) - raft.server.log.queue.element-limit = 1024 (custom)
2019-09-25 05:54:08,272 [pool-47-thread-1] INFO  server.RaftServerConfigKeys (ConfUtils.java:logGet(43)) - raft.server.log.segment.size.max = 1048576 (custom)
2019-09-25 05:54:08,273 [pool-47-thread-1] INFO  server.RaftServerConfigKeys (ConfUtils.java:logGet(43)) - raft.server.log.preallocated.size = 16384 (custom)
2019-09-25 05:54:08,273 [pool-47-thread-1] INFO  server.RaftServerConfigKeys (ConfUtils.java:logGet(43)) - raft.server.log.write.buffer.size = 33554432 (custom)
2019-09-25 05:54:08,273 [pool-47-thread-1] INFO  server.RaftServerConfigKeys (ConfUtils.java:logGet(43)) - raft.server.log.force.sync.num = 128 (default)
2019-09-25 05:54:08,273 [pool-47-thread-1] INFO  server.RaftServerConfigKeys (ConfUtils.java:logGet(43)) - raft.server.log.statemachine.data.sync = true (default)
2019-09-25 05:54:08,273 [pool-47-thread-1] INFO  server.RaftServerConfigKeys (ConfUtils.java:logGet(43)) - raft.server.log.statemachine.data.sync.timeout = 10s (default)
2019-09-25 05:54:08,273 [pool-47-thread-1] INFO  server.RaftServerConfigKeys (ConfUtils.java:logGet(43)) - raft.server.log.statemachine.data.sync.timeout.retry = -1 (default)
2019-09-25 05:54:08,274 [pool-47-thread-1] INFO  server.RaftServerConfigKeys (ConfUtils.java:logGet(43)) - raft.server.log.statemachine.data.caching.enabled = true (custom)
2019-09-25 05:54:08,274 [pool-47-thread-1] INFO  segmented.SegmentedRaftLogWorker (SegmentedRaftLogWorker.java:lambda$new$0(132)) - 22638597-b9ac-42fc-8d80-a8fc15613fc1@group-B802CF132701-SegmentedRaftLogWorker: flushIndex: setUnconditionally 0 -> -1
2019-09-25 05:54:08,274 [pool-47-thread-1] INFO  server.RaftServerConfigKeys (ConfUtils.java:logGet(43)) - raft.server.snapshot.auto.trigger.enabled = true (custom)
2019-09-25 05:54:08,275 [pool-47-thread-1] INFO  server.RaftServerConfigKeys (ConfUtils.java:logGet(43)) - raft.server.snapshot.auto.trigger.threshold = 10000 (custom)
2019-09-25 05:54:08,275 [pool-47-thread-1] INFO  server.RaftServerConfigKeys (ConfUtils.java:logGet(43)) - raft.server.snapshot.retention.num.files = 5 (custom)
2019-09-25 05:54:08,275 [pool-47-thread-1] INFO  server.RaftServerConfigKeys (ConfUtils.java:logGet(43)) - raft.server.retrycache.expirytime = 600000ms (custom)
2019-09-25 05:54:08,277 [pool-47-thread-1] INFO  impl.RaftServerImpl (RaftServerImpl.java:start(185)) - 22638597-b9ac-42fc-8d80-a8fc15613fc1@group-B802CF132701: start as a follower, conf=-1: [22638597-b9ac-42fc-8d80-a8fc15613fc1:192.168.5.161:38615], old=null
2019-09-25 05:54:08,277 [pool-47-thread-1] INFO  impl.RaftServerImpl (RaftServerImpl.java:setRole(174)) - 22638597-b9ac-42fc-8d80-a8fc15613fc1@group-B802CF132701: changes role from      null to FOLLOWER at term 0 for startAsFollower
2019-09-25 05:54:08,277 [pool-47-thread-1] INFO  impl.RoleInfo (RoleInfo.java:updateAndGet(143)) - 22638597-b9ac-42fc-8d80-a8fc15613fc1: start FollowerState
2019-09-25 05:54:08,277 [pool-47-thread-1] INFO  util.JmxRegister (JmxRegister.java:tryRegister(44)) - Successfully registered JMX Bean with object name Ratis:service=RaftServer,group=group-B802CF132701,id=22638597-b9ac-42fc-8d80-a8fc15613fc1
2019-09-25 05:54:08,319 [RatisPipelineUtilsThread] INFO  pipeline.PipelineStateManager (PipelineStateManager.java:addPipeline(56)) - Created pipeline Pipeline[ Id: 1c726460-cf41-4860-81fb-b802cf132701, Nodes: 22638597-b9ac-42fc-8d80-a8fc15613fc1{ip: 192.168.5.161, host: pr-hdds-1569-zxpks-796972592, networkLocation: /default-rack, certSerialId: null}, Type:RATIS, Factor:ONE, State:OPEN]
2019-09-25 05:54:08,319 [RatisPipelineUtilsThread] INFO  pipeline.PipelinePlacementPolicy (PipelinePlacementPolicy.java:meetCriteria(91)) - Pipeline Placement: can't place more pipeline on heavy datanode： f28e89b6-3953-4014-b5dd-5d7c12bc90a1 Heaviness: 6 limit: 5
2019-09-25 05:54:08,332 [grpc-default-executor-0] INFO  impl.RaftServerProxy (RaftServerProxy.java:addNew(89)) - a171a438-4db2-4a15-a03d-8d01a40a69ad: addNew group-2AACEEF55F31:[a171a438-4db2-4a15-a03d-8d01a40a69ad:192.168.5.161:39877] returns group-2AACEEF55F31:java.util.concurrent.CompletableFuture@205b3bd7[Not completed]
2019-09-25 05:54:08,334 [pool-27-thread-1] INFO  impl.RaftServerImpl (RaftServerImpl.java:<init>(95)) - a171a438-4db2-4a15-a03d-8d01a40a69ad: new RaftServerImpl for group-2AACEEF55F31:[a171a438-4db2-4a15-a03d-8d01a40a69ad:192.168.5.161:39877] with ContainerStateMachine:uninitialized
2019-09-25 05:54:08,334 [pool-27-thread-1] INFO  server.RaftServerConfigKeys (ConfUtils.java:logGet(43)) - raft.server.rpc.timeout.min = 5s (custom)
2019-09-25 05:54:08,334 [pool-27-thread-1] INFO  server.RaftServerConfigKeys (ConfUtils.java:logGet(43)) - raft.server.rpc.timeout.max = 5200ms (custom)
2019-09-25 05:54:08,334 [pool-27-thread-1] INFO  server.RaftServerConfigKeys (ConfUtils.java:logGet(43)) - raft.server.rpcslowness.timeout = 120s (custom)
2019-09-25 05:54:08,335 [pool-27-thread-1] INFO  server.RaftServerConfigKeys (ConfUtils.java:logGet(43)) - raft.server.sleep.deviation.threshold = 300 (default)
2019-09-25 05:54:08,335 [pool-27-thread-1] INFO  server.RaftServerConfigKeys (ConfUtils.java:logGet(43)) - raft.server.log.appender.install.snapshot.enabled = false (custom)
2019-09-25 05:54:08,335 [pool-27-thread-1] INFO  impl.RaftServerImpl (ServerState.java:<init>(103)) - a171a438-4db2-4a15-a03d-8d01a40a69ad@group-2AACEEF55F31: ConfigurationManager, init=-1: [a171a438-4db2-4a15-a03d-8d01a40a69ad:192.168.5.161:39877], old=null, confs=<EMPTY_MAP>
2019-09-25 05:54:08,335 [pool-27-thread-1] INFO  server.RaftServerConfigKeys (ConfUtils.java:logGet(43)) - raft.server.storage.dir = [/workdir/hadoop-ozone/ozonefs/target/test-dir/MiniOzoneClusterImpl-a7a48124-c188-483e-b9a9-787dfdcc7198/datanode-0/data/ratis] (custom)
2019-09-25 05:54:08,336 [pool-27-thread-1] INFO  storage.RaftStorageDirectory (RaftStorageDirectory.java:analyzeStorage(246)) - The storage directory /workdir/hadoop-ozone/ozonefs/target/test-dir/MiniOzoneClusterImpl-a7a48124-c188-483e-b9a9-787dfdcc7198/datanode-0/data/ratis/8cf972b6-0841-470f-ab72-2aaceef55f31 does not exist. Creating ...
2019-09-25 05:54:08,348 [pool-27-thread-1] INFO  storage.RaftStorageDirectory (RaftStorageDirectory.java:tryLock(328)) - Lock on /workdir/hadoop-ozone/ozonefs/target/test-dir/MiniOzoneClusterImpl-a7a48124-c188-483e-b9a9-787dfdcc7198/datanode-0/data/ratis/8cf972b6-0841-470f-ab72-2aaceef55f31/in_use.lock acquired by nodename 19278@pr-hdds-1569-zxpks-796972592
2019-09-25 05:54:08,361 [pool-27-thread-1] INFO  storage.RaftStorage (RaftStorage.java:format(72)) - Storage directory /workdir/hadoop-ozone/ozonefs/target/test-dir/MiniOzoneClusterImpl-a7a48124-c188-483e-b9a9-787dfdcc7198/datanode-0/data/ratis/8cf972b6-0841-470f-ab72-2aaceef55f31 has been successfully formatted.
2019-09-25 05:54:08,361 [pool-27-thread-1] INFO  ratis.ContainerStateMachine (ContainerStateMachine.java:loadSnapshot(230)) - group-2AACEEF55F31: The snapshot info is null. Setting the last applied indexto:(t:0, i:~)
2019-09-25 05:54:08,362 [pool-27-thread-1] INFO  server.RaftServerConfigKeys (ConfUtils.java:logGet(43)) - raft.server.notification.no-leader.timeout = 120s (custom)
2019-09-25 05:54:08,362 [pool-27-thread-1] INFO  server.RaftServerConfigKeys (ConfUtils.java:logGet(43)) - raft.server.log.use.memory = false (default)
2019-09-25 05:54:08,362 [pool-27-thread-1] INFO  server.RaftServerConfigKeys (ConfUtils.java:logGet(43)) - raft.server.log.purge.gap = 1000000 (custom)
2019-09-25 05:54:08,362 [pool-27-thread-1] INFO  server.RaftServerConfigKeys (ConfUtils.java:logGet(43)) - raft.server.log.appender.buffer.byte-limit = 33554432 (custom)
2019-09-25 05:54:08,362 [pool-27-thread-1] INFO  server.RaftServerConfigKeys (ConfUtils.java:logGet(43)) - raft.server.log.segment.size.max = 1048576 (custom)
2019-09-25 05:54:08,362 [pool-27-thread-1] INFO  server.RaftServerConfigKeys (ConfUtils.java:logGet(43)) - raft.server.log.segment.cache.num.max = 2 (custom)
2019-09-25 05:54:08,363 [pool-27-thread-1] INFO  segmented.SegmentedRaftLogWorker (SegmentedRaftLogWorker.java:<init>(172)) - new a171a438-4db2-4a15-a03d-8d01a40a69ad@group-2AACEEF55F31-SegmentedRaftLogWorker for RaftStorage:Storage Directory /workdir/hadoop-ozone/ozonefs/target/test-dir/MiniOzoneClusterImpl-a7a48124-c188-483e-b9a9-787dfdcc7198/datanode-0/data/ratis/8cf972b6-0841-470f-ab72-2aaceef55f31
2019-09-25 05:54:08,363 [pool-27-thread-1] INFO  server.RaftServerConfigKeys (ConfUtils.java:logGet(43)) - raft.server.log.queue.byte-limit = 2147483647 (custom)
2019-09-25 05:54:08,363 [pool-27-thread-1] INFO  server.RaftServerConfigKeys (ConfUtils.java:logGet(43)) - raft.server.log.queue.element-limit = 1024 (custom)
2019-09-25 05:54:08,363 [pool-27-thread-1] INFO  server.RaftServerConfigKeys (ConfUtils.java:logGet(43)) - raft.server.log.segment.size.max = 1048576 (custom)
2019-09-25 05:54:08,363 [pool-27-thread-1] INFO  server.RaftServerConfigKeys (ConfUtils.java:logGet(43)) - raft.server.log.preallocated.size = 16384 (custom)
2019-09-25 05:54:08,364 [pool-27-thread-1] INFO  server.RaftServerConfigKeys (ConfUtils.java:logGet(43)) - raft.server.log.write.buffer.size = 33554432 (custom)
2019-09-25 05:54:08,364 [pool-27-thread-1] INFO  server.RaftServerConfigKeys (ConfUtils.java:logGet(43)) - raft.server.log.force.sync.num = 128 (default)
2019-09-25 05:54:08,364 [pool-27-thread-1] INFO  server.RaftServerConfigKeys (ConfUtils.java:logGet(43)) - raft.server.log.statemachine.data.sync = true (default)
2019-09-25 05:54:08,364 [pool-27-thread-1] INFO  server.RaftServerConfigKeys (ConfUtils.java:logGet(43)) - raft.server.log.statemachine.data.sync.timeout = 10s (default)
2019-09-25 05:54:08,364 [pool-27-thread-1] INFO  server.RaftServerConfigKeys (ConfUtils.java:logGet(43)) - raft.server.log.statemachine.data.sync.timeout.retry = -1 (default)
2019-09-25 05:54:08,365 [pool-27-thread-1] INFO  server.RaftServerConfigKeys (ConfUtils.java:logGet(43)) - raft.server.log.statemachine.data.caching.enabled = true (custom)
2019-09-25 05:54:08,365 [pool-27-thread-1] INFO  segmented.SegmentedRaftLogWorker (SegmentedRaftLogWorker.java:lambda$new$0(132)) - a171a438-4db2-4a15-a03d-8d01a40a69ad@group-2AACEEF55F31-SegmentedRaftLogWorker: flushIndex: setUnconditionally 0 -> -1
2019-09-25 05:54:08,365 [pool-27-thread-1] INFO  server.RaftServerConfigKeys (ConfUtils.java:logGet(43)) - raft.server.snapshot.auto.trigger.enabled = true (custom)
2019-09-25 05:54:08,366 [pool-27-thread-1] INFO  server.RaftServerConfigKeys (ConfUtils.java:logGet(43)) - raft.server.snapshot.auto.trigger.threshold = 10000 (custom)
2019-09-25 05:54:08,366 [pool-27-thread-1] INFO  server.RaftServerConfigKeys (ConfUtils.java:logGet(43)) - raft.server.snapshot.retention.num.files = 5 (custom)
2019-09-25 05:54:08,366 [pool-27-thread-1] INFO  server.RaftServerConfigKeys (ConfUtils.java:logGet(43)) - raft.server.retrycache.expirytime = 600000ms (custom)
2019-09-25 05:54:08,369 [pool-27-thread-1] INFO  impl.RaftServerImpl (RaftServerImpl.java:start(185)) - a171a438-4db2-4a15-a03d-8d01a40a69ad@group-2AACEEF55F31: start as a follower, conf=-1: [a171a438-4db2-4a15-a03d-8d01a40a69ad:192.168.5.161:39877], old=null
2019-09-25 05:54:08,369 [pool-27-thread-1] INFO  impl.RaftServerImpl (RaftServerImpl.java:setRole(174)) - a171a438-4db2-4a15-a03d-8d01a40a69ad@group-2AACEEF55F31: changes role from      null to FOLLOWER at term 0 for startAsFollower
2019-09-25 05:54:08,369 [pool-27-thread-1] INFO  impl.RoleInfo (RoleInfo.java:updateAndGet(143)) - a171a438-4db2-4a15-a03d-8d01a40a69ad: start FollowerState
2019-09-25 05:54:08,370 [pool-27-thread-1] INFO  util.JmxRegister (JmxRegister.java:tryRegister(44)) - Successfully registered JMX Bean with object name Ratis:service=RaftServer,group=group-2AACEEF55F31,id=a171a438-4db2-4a15-a03d-8d01a40a69ad
2019-09-25 05:54:08,376 [RatisPipelineUtilsThread] INFO  pipeline.PipelineStateManager (PipelineStateManager.java:addPipeline(56)) - Created pipeline Pipeline[ Id: 8cf972b6-0841-470f-ab72-2aaceef55f31, Nodes: a171a438-4db2-4a15-a03d-8d01a40a69ad{ip: 192.168.5.161, host: pr-hdds-1569-zxpks-796972592, networkLocation: /default-rack, certSerialId: null}, Type:RATIS, Factor:ONE, State:OPEN]
2019-09-25 05:54:08,376 [RatisPipelineUtilsThread] INFO  pipeline.PipelinePlacementPolicy (PipelinePlacementPolicy.java:meetCriteria(91)) - Pipeline Placement: can't place more pipeline on heavy datanode： f28e89b6-3953-4014-b5dd-5d7c12bc90a1 Heaviness: 6 limit: 5
2019-09-25 05:54:08,388 [grpc-default-executor-0] INFO  impl.RaftServerProxy (RaftServerProxy.java:addNew(89)) - 169f835a-5a51-4a80-ac17-f8139cf3a6e7: addNew group-9C382EDEA8D1:[169f835a-5a51-4a80-ac17-f8139cf3a6e7:192.168.5.161:39029] returns group-9C382EDEA8D1:java.util.concurrent.CompletableFuture@42da74f8[Not completed]
2019-09-25 05:54:08,389 [pool-77-thread-1] INFO  impl.RaftServerImpl (RaftServerImpl.java:<init>(95)) - 169f835a-5a51-4a80-ac17-f8139cf3a6e7: new RaftServerImpl for group-9C382EDEA8D1:[169f835a-5a51-4a80-ac17-f8139cf3a6e7:192.168.5.161:39029] with ContainerStateMachine:uninitialized
2019-09-25 05:54:08,389 [pool-77-thread-1] INFO  server.RaftServerConfigKeys (ConfUtils.java:logGet(43)) - raft.server.rpc.timeout.min = 5s (custom)
2019-09-25 05:54:08,389 [pool-77-thread-1] INFO  server.RaftServerConfigKeys (ConfUtils.java:logGet(43)) - raft.server.rpc.timeout.max = 5200ms (custom)
2019-09-25 05:54:08,390 [pool-77-thread-1] INFO  server.RaftServerConfigKeys (ConfUtils.java:logGet(43)) - raft.server.rpcslowness.timeout = 120s (custom)
2019-09-25 05:54:08,390 [pool-77-thread-1] INFO  server.RaftServerConfigKeys (ConfUtils.java:logGet(43)) - raft.server.sleep.deviation.threshold = 300 (default)
2019-09-25 05:54:08,390 [pool-77-thread-1] INFO  server.RaftServerConfigKeys (ConfUtils.java:logGet(43)) - raft.server.log.appender.install.snapshot.enabled = false (custom)
2019-09-25 05:54:08,390 [pool-77-thread-1] INFO  impl.RaftServerImpl (ServerState.java:<init>(103)) - 169f835a-5a51-4a80-ac17-f8139cf3a6e7@group-9C382EDEA8D1: ConfigurationManager, init=-1: [169f835a-5a51-4a80-ac17-f8139cf3a6e7:192.168.5.161:39029], old=null, confs=<EMPTY_MAP>
2019-09-25 05:54:08,390 [pool-77-thread-1] INFO  server.RaftServerConfigKeys (ConfUtils.java:logGet(43)) - raft.server.storage.dir = [/workdir/hadoop-ozone/ozonefs/target/test-dir/MiniOzoneClusterImpl-a7a48124-c188-483e-b9a9-787dfdcc7198/datanode-5/data/ratis] (custom)
2019-09-25 05:54:08,390 [pool-77-thread-1] INFO  storage.RaftStorageDirectory (RaftStorageDirectory.java:analyzeStorage(246)) - The storage directory /workdir/hadoop-ozone/ozonefs/target/test-dir/MiniOzoneClusterImpl-a7a48124-c188-483e-b9a9-787dfdcc7198/datanode-5/data/ratis/5fc0183f-65a7-45c0-b821-9c382edea8d1 does not exist. Creating ...
2019-09-25 05:54:08,403 [pool-77-thread-1] INFO  storage.RaftStorageDirectory (RaftStorageDirectory.java:tryLock(328)) - Lock on /workdir/hadoop-ozone/ozonefs/target/test-dir/MiniOzoneClusterImpl-a7a48124-c188-483e-b9a9-787dfdcc7198/datanode-5/data/ratis/5fc0183f-65a7-45c0-b821-9c382edea8d1/in_use.lock acquired by nodename 19278@pr-hdds-1569-zxpks-796972592
2019-09-25 05:54:08,415 [pool-77-thread-1] INFO  storage.RaftStorage (RaftStorage.java:format(72)) - Storage directory /workdir/hadoop-ozone/ozonefs/target/test-dir/MiniOzoneClusterImpl-a7a48124-c188-483e-b9a9-787dfdcc7198/datanode-5/data/ratis/5fc0183f-65a7-45c0-b821-9c382edea8d1 has been successfully formatted.
2019-09-25 05:54:08,416 [pool-77-thread-1] INFO  ratis.ContainerStateMachine (ContainerStateMachine.java:loadSnapshot(230)) - group-9C382EDEA8D1: The snapshot info is null. Setting the last applied indexto:(t:0, i:~)
2019-09-25 05:54:08,416 [pool-77-thread-1] INFO  server.RaftServerConfigKeys (ConfUtils.java:logGet(43)) - raft.server.notification.no-leader.timeout = 120s (custom)
2019-09-25 05:54:08,416 [pool-77-thread-1] INFO  server.RaftServerConfigKeys (ConfUtils.java:logGet(43)) - raft.server.log.use.memory = false (default)
2019-09-25 05:54:08,416 [pool-77-thread-1] INFO  server.RaftServerConfigKeys (ConfUtils.java:logGet(43)) - raft.server.log.purge.gap = 1000000 (custom)
2019-09-25 05:54:08,416 [pool-77-thread-1] INFO  server.RaftServerConfigKeys (ConfUtils.java:logGet(43)) - raft.server.log.appender.buffer.byte-limit = 33554432 (custom)
2019-09-25 05:54:08,416 [pool-77-thread-1] INFO  server.RaftServerConfigKeys (ConfUtils.java:logGet(43)) - raft.server.log.segment.size.max = 1048576 (custom)
2019-09-25 05:54:08,417 [pool-77-thread-1] INFO  server.RaftServerConfigKeys (ConfUtils.java:logGet(43)) - raft.server.log.segment.cache.num.max = 2 (custom)
2019-09-25 05:54:08,417 [pool-77-thread-1] INFO  segmented.SegmentedRaftLogWorker (SegmentedRaftLogWorker.java:<init>(172)) - new 169f835a-5a51-4a80-ac17-f8139cf3a6e7@group-9C382EDEA8D1-SegmentedRaftLogWorker for RaftStorage:Storage Directory /workdir/hadoop-ozone/ozonefs/target/test-dir/MiniOzoneClusterImpl-a7a48124-c188-483e-b9a9-787dfdcc7198/datanode-5/data/ratis/5fc0183f-65a7-45c0-b821-9c382edea8d1
2019-09-25 05:54:08,417 [pool-77-thread-1] INFO  server.RaftServerConfigKeys (ConfUtils.java:logGet(43)) - raft.server.log.queue.byte-limit = 2147483647 (custom)
2019-09-25 05:54:08,417 [pool-77-thread-1] INFO  server.RaftServerConfigKeys (ConfUtils.java:logGet(43)) - raft.server.log.queue.element-limit = 1024 (custom)
2019-09-25 05:54:08,417 [pool-77-thread-1] INFO  server.RaftServerConfigKeys (ConfUtils.java:logGet(43)) - raft.server.log.segment.size.max = 1048576 (custom)
2019-09-25 05:54:08,417 [pool-77-thread-1] INFO  server.RaftServerConfigKeys (ConfUtils.java:logGet(43)) - raft.server.log.preallocated.size = 16384 (custom)
2019-09-25 05:54:08,417 [pool-77-thread-1] INFO  server.RaftServerConfigKeys (ConfUtils.java:logGet(43)) - raft.server.log.write.buffer.size = 33554432 (custom)
2019-09-25 05:54:08,418 [pool-77-thread-1] INFO  server.RaftServerConfigKeys (ConfUtils.java:logGet(43)) - raft.server.log.force.sync.num = 128 (default)
2019-09-25 05:54:08,418 [pool-77-thread-1] INFO  server.RaftServerConfigKeys (ConfUtils.java:logGet(43)) - raft.server.log.statemachine.data.sync = true (default)
2019-09-25 05:54:08,418 [pool-77-thread-1] INFO  server.RaftServerConfigKeys (ConfUtils.java:logGet(43)) - raft.server.log.statemachine.data.sync.timeout = 10s (default)
2019-09-25 05:54:08,418 [pool-77-thread-1] INFO  server.RaftServerConfigKeys (ConfUtils.java:logGet(43)) - raft.server.log.statemachine.data.sync.timeout.retry = -1 (default)
2019-09-25 05:54:08,418 [pool-77-thread-1] INFO  server.RaftServerConfigKeys (ConfUtils.java:logGet(43)) - raft.server.log.statemachine.data.caching.enabled = true (custom)
2019-09-25 05:54:08,419 [pool-77-thread-1] INFO  segmented.SegmentedRaftLogWorker (SegmentedRaftLogWorker.java:lambda$new$0(132)) - 169f835a-5a51-4a80-ac17-f8139cf3a6e7@group-9C382EDEA8D1-SegmentedRaftLogWorker: flushIndex: setUnconditionally 0 -> -1
2019-09-25 05:54:08,419 [pool-77-thread-1] INFO  server.RaftServerConfigKeys (ConfUtils.java:logGet(43)) - raft.server.snapshot.auto.trigger.enabled = true (custom)
2019-09-25 05:54:08,419 [pool-77-thread-1] INFO  server.RaftServerConfigKeys (ConfUtils.java:logGet(43)) - raft.server.snapshot.auto.trigger.threshold = 10000 (custom)
2019-09-25 05:54:08,419 [pool-77-thread-1] INFO  server.RaftServerConfigKeys (ConfUtils.java:logGet(43)) - raft.server.snapshot.retention.num.files = 5 (custom)
2019-09-25 05:54:08,419 [pool-77-thread-1] INFO  server.RaftServerConfigKeys (ConfUtils.java:logGet(43)) - raft.server.retrycache.expirytime = 600000ms (custom)
2019-09-25 05:54:08,422 [pool-77-thread-1] INFO  impl.RaftServerImpl (RaftServerImpl.java:start(185)) - 169f835a-5a51-4a80-ac17-f8139cf3a6e7@group-9C382EDEA8D1: start as a follower, conf=-1: [169f835a-5a51-4a80-ac17-f8139cf3a6e7:192.168.5.161:39029], old=null
2019-09-25 05:54:08,422 [pool-77-thread-1] INFO  impl.RaftServerImpl (RaftServerImpl.java:setRole(174)) - 169f835a-5a51-4a80-ac17-f8139cf3a6e7@group-9C382EDEA8D1: changes role from      null to FOLLOWER at term 0 for startAsFollower
2019-09-25 05:54:08,422 [pool-77-thread-1] INFO  impl.RoleInfo (RoleInfo.java:updateAndGet(143)) - 169f835a-5a51-4a80-ac17-f8139cf3a6e7: start FollowerState
2019-09-25 05:54:08,422 [pool-77-thread-1] INFO  util.JmxRegister (JmxRegister.java:tryRegister(44)) - Successfully registered JMX Bean with object name Ratis:service=RaftServer,group=group-9C382EDEA8D1,id=169f835a-5a51-4a80-ac17-f8139cf3a6e7
2019-09-25 05:54:08,428 [RatisPipelineUtilsThread] INFO  pipeline.PipelineStateManager (PipelineStateManager.java:addPipeline(56)) - Created pipeline Pipeline[ Id: 5fc0183f-65a7-45c0-b821-9c382edea8d1, Nodes: 169f835a-5a51-4a80-ac17-f8139cf3a6e7{ip: 192.168.5.161, host: pr-hdds-1569-zxpks-796972592, networkLocation: /default-rack, certSerialId: null}, Type:RATIS, Factor:ONE, State:OPEN]
2019-09-25 05:54:08,429 [RatisPipelineUtilsThread] INFO  pipeline.PipelinePlacementPolicy (PipelinePlacementPolicy.java:meetCriteria(91)) - Pipeline Placement: can't place more pipeline on heavy datanode： f28e89b6-3953-4014-b5dd-5d7c12bc90a1 Heaviness: 6 limit: 5
2019-09-25 05:54:08,440 [grpc-default-executor-0] INFO  impl.RaftServerProxy (RaftServerProxy.java:addNew(89)) - 169f835a-5a51-4a80-ac17-f8139cf3a6e7: addNew group-714532EA6050:[169f835a-5a51-4a80-ac17-f8139cf3a6e7:192.168.5.161:39029] returns group-714532EA6050:java.util.concurrent.CompletableFuture@466c0917[Not completed]
2019-09-25 05:54:08,441 [pool-77-thread-1] INFO  impl.RaftServerImpl (RaftServerImpl.java:<init>(95)) - 169f835a-5a51-4a80-ac17-f8139cf3a6e7: new RaftServerImpl for group-714532EA6050:[169f835a-5a51-4a80-ac17-f8139cf3a6e7:192.168.5.161:39029] with ContainerStateMachine:uninitialized
2019-09-25 05:54:08,441 [pool-77-thread-1] INFO  server.RaftServerConfigKeys (ConfUtils.java:logGet(43)) - raft.server.rpc.timeout.min = 5s (custom)
2019-09-25 05:54:08,442 [pool-77-thread-1] INFO  server.RaftServerConfigKeys (ConfUtils.java:logGet(43)) - raft.server.rpc.timeout.max = 5200ms (custom)
2019-09-25 05:54:08,442 [pool-77-thread-1] INFO  server.RaftServerConfigKeys (ConfUtils.java:logGet(43)) - raft.server.rpcslowness.timeout = 120s (custom)
2019-09-25 05:54:08,442 [pool-77-thread-1] INFO  server.RaftServerConfigKeys (ConfUtils.java:logGet(43)) - raft.server.sleep.deviation.threshold = 300 (default)
2019-09-25 05:54:08,442 [pool-77-thread-1] INFO  server.RaftServerConfigKeys (ConfUtils.java:logGet(43)) - raft.server.log.appender.install.snapshot.enabled = false (custom)
2019-09-25 05:54:08,442 [pool-77-thread-1] INFO  impl.RaftServerImpl (ServerState.java:<init>(103)) - 169f835a-5a51-4a80-ac17-f8139cf3a6e7@group-714532EA6050: ConfigurationManager, init=-1: [169f835a-5a51-4a80-ac17-f8139cf3a6e7:192.168.5.161:39029], old=null, confs=<EMPTY_MAP>
2019-09-25 05:54:08,442 [pool-77-thread-1] INFO  server.RaftServerConfigKeys (ConfUtils.java:logGet(43)) - raft.server.storage.dir = [/workdir/hadoop-ozone/ozonefs/target/test-dir/MiniOzoneClusterImpl-a7a48124-c188-483e-b9a9-787dfdcc7198/datanode-5/data/ratis] (custom)
2019-09-25 05:54:08,442 [pool-77-thread-1] INFO  storage.RaftStorageDirectory (RaftStorageDirectory.java:analyzeStorage(246)) - The storage directory /workdir/hadoop-ozone/ozonefs/target/test-dir/MiniOzoneClusterImpl-a7a48124-c188-483e-b9a9-787dfdcc7198/datanode-5/data/ratis/dd3fe437-9f30-4542-965f-714532ea6050 does not exist. Creating ...
2019-09-25 05:54:08,455 [pool-77-thread-1] INFO  storage.RaftStorageDirectory (RaftStorageDirectory.java:tryLock(328)) - Lock on /workdir/hadoop-ozone/ozonefs/target/test-dir/MiniOzoneClusterImpl-a7a48124-c188-483e-b9a9-787dfdcc7198/datanode-5/data/ratis/dd3fe437-9f30-4542-965f-714532ea6050/in_use.lock acquired by nodename 19278@pr-hdds-1569-zxpks-796972592
2019-09-25 05:54:08,473 [pool-77-thread-1] INFO  storage.RaftStorage (RaftStorage.java:format(72)) - Storage directory /workdir/hadoop-ozone/ozonefs/target/test-dir/MiniOzoneClusterImpl-a7a48124-c188-483e-b9a9-787dfdcc7198/datanode-5/data/ratis/dd3fe437-9f30-4542-965f-714532ea6050 has been successfully formatted.
2019-09-25 05:54:08,473 [pool-77-thread-1] INFO  ratis.ContainerStateMachine (ContainerStateMachine.java:loadSnapshot(230)) - group-714532EA6050: The snapshot info is null. Setting the last applied indexto:(t:0, i:~)
2019-09-25 05:54:08,473 [pool-77-thread-1] INFO  server.RaftServerConfigKeys (ConfUtils.java:logGet(43)) - raft.server.notification.no-leader.timeout = 120s (custom)
2019-09-25 05:54:08,473 [pool-77-thread-1] INFO  server.RaftServerConfigKeys (ConfUtils.java:logGet(43)) - raft.server.log.use.memory = false (default)
2019-09-25 05:54:08,473 [pool-77-thread-1] INFO  server.RaftServerConfigKeys (ConfUtils.java:logGet(43)) - raft.server.log.purge.gap = 1000000 (custom)
2019-09-25 05:54:08,473 [pool-77-thread-1] INFO  server.RaftServerConfigKeys (ConfUtils.java:logGet(43)) - raft.server.log.appender.buffer.byte-limit = 33554432 (custom)
2019-09-25 05:54:08,474 [pool-77-thread-1] INFO  server.RaftServerConfigKeys (ConfUtils.java:logGet(43)) - raft.server.log.segment.size.max = 1048576 (custom)
2019-09-25 05:54:08,474 [pool-77-thread-1] INFO  server.RaftServerConfigKeys (ConfUtils.java:logGet(43)) - raft.server.log.segment.cache.num.max = 2 (custom)
2019-09-25 05:54:08,474 [pool-77-thread-1] INFO  segmented.SegmentedRaftLogWorker (SegmentedRaftLogWorker.java:<init>(172)) - new 169f835a-5a51-4a80-ac17-f8139cf3a6e7@group-714532EA6050-SegmentedRaftLogWorker for RaftStorage:Storage Directory /workdir/hadoop-ozone/ozonefs/target/test-dir/MiniOzoneClusterImpl-a7a48124-c188-483e-b9a9-787dfdcc7198/datanode-5/data/ratis/dd3fe437-9f30-4542-965f-714532ea6050
2019-09-25 05:54:08,474 [pool-77-thread-1] INFO  server.RaftServerConfigKeys (ConfUtils.java:logGet(43)) - raft.server.log.queue.byte-limit = 2147483647 (custom)
2019-09-25 05:54:08,474 [pool-77-thread-1] INFO  server.RaftServerConfigKeys (ConfUtils.java:logGet(43)) - raft.server.log.queue.element-limit = 1024 (custom)
2019-09-25 05:54:08,474 [pool-77-thread-1] INFO  server.RaftServerConfigKeys (ConfUtils.java:logGet(43)) - raft.server.log.segment.size.max = 1048576 (custom)
2019-09-25 05:54:08,474 [pool-77-thread-1] INFO  server.RaftServerConfigKeys (ConfUtils.java:logGet(43)) - raft.server.log.preallocated.size = 16384 (custom)
2019-09-25 05:54:08,474 [pool-77-thread-1] INFO  server.RaftServerConfigKeys (ConfUtils.java:logGet(43)) - raft.server.log.write.buffer.size = 33554432 (custom)
2019-09-25 05:54:08,474 [pool-77-thread-1] INFO  server.RaftServerConfigKeys (ConfUtils.java:logGet(43)) - raft.server.log.force.sync.num = 128 (default)
2019-09-25 05:54:08,475 [pool-77-thread-1] INFO  server.RaftServerConfigKeys (ConfUtils.java:logGet(43)) - raft.server.log.statemachine.data.sync = true (default)
2019-09-25 05:54:08,475 [pool-77-thread-1] INFO  server.RaftServerConfigKeys (ConfUtils.java:logGet(43)) - raft.server.log.statemachine.data.sync.timeout = 10s (default)
2019-09-25 05:54:08,475 [pool-77-thread-1] INFO  server.RaftServerConfigKeys (ConfUtils.java:logGet(43)) - raft.server.log.statemachine.data.sync.timeout.retry = -1 (default)
2019-09-25 05:54:08,475 [pool-77-thread-1] INFO  server.RaftServerConfigKeys (ConfUtils.java:logGet(43)) - raft.server.log.statemachine.data.caching.enabled = true (custom)
2019-09-25 05:54:08,475 [pool-77-thread-1] INFO  segmented.SegmentedRaftLogWorker (SegmentedRaftLogWorker.java:lambda$new$0(132)) - 169f835a-5a51-4a80-ac17-f8139cf3a6e7@group-714532EA6050-SegmentedRaftLogWorker: flushIndex: setUnconditionally 0 -> -1
2019-09-25 05:54:08,475 [pool-77-thread-1] INFO  server.RaftServerConfigKeys (ConfUtils.java:logGet(43)) - raft.server.snapshot.auto.trigger.enabled = true (custom)
2019-09-25 05:54:08,476 [pool-77-thread-1] INFO  server.RaftServerConfigKeys (ConfUtils.java:logGet(43)) - raft.server.snapshot.auto.trigger.threshold = 10000 (custom)
2019-09-25 05:54:08,476 [pool-77-thread-1] INFO  server.RaftServerConfigKeys (ConfUtils.java:logGet(43)) - raft.server.snapshot.retention.num.files = 5 (custom)
2019-09-25 05:54:08,476 [pool-77-thread-1] INFO  server.RaftServerConfigKeys (ConfUtils.java:logGet(43)) - raft.server.retrycache.expirytime = 600000ms (custom)
2019-09-25 05:54:08,478 [pool-77-thread-1] INFO  impl.RaftServerImpl (RaftServerImpl.java:start(185)) - 169f835a-5a51-4a80-ac17-f8139cf3a6e7@group-714532EA6050: start as a follower, conf=-1: [169f835a-5a51-4a80-ac17-f8139cf3a6e7:192.168.5.161:39029], old=null
2019-09-25 05:54:08,478 [pool-77-thread-1] INFO  impl.RaftServerImpl (RaftServerImpl.java:setRole(174)) - 169f835a-5a51-4a80-ac17-f8139cf3a6e7@group-714532EA6050: changes role from      null to FOLLOWER at term 0 for startAsFollower
2019-09-25 05:54:08,478 [pool-77-thread-1] INFO  impl.RoleInfo (RoleInfo.java:updateAndGet(143)) - 169f835a-5a51-4a80-ac17-f8139cf3a6e7: start FollowerState
2019-09-25 05:54:08,478 [pool-77-thread-1] INFO  util.JmxRegister (JmxRegister.java:tryRegister(44)) - Successfully registered JMX Bean with object name Ratis:service=RaftServer,group=group-714532EA6050,id=169f835a-5a51-4a80-ac17-f8139cf3a6e7
2019-09-25 05:54:08,484 [RatisPipelineUtilsThread] INFO  pipeline.PipelineStateManager (PipelineStateManager.java:addPipeline(56)) - Created pipeline Pipeline[ Id: dd3fe437-9f30-4542-965f-714532ea6050, Nodes: 169f835a-5a51-4a80-ac17-f8139cf3a6e7{ip: 192.168.5.161, host: pr-hdds-1569-zxpks-796972592, networkLocation: /default-rack, certSerialId: null}, Type:RATIS, Factor:ONE, State:OPEN]
2019-09-25 05:54:08,485 [RatisPipelineUtilsThread] INFO  pipeline.PipelinePlacementPolicy (PipelinePlacementPolicy.java:meetCriteria(91)) - Pipeline Placement: can't place more pipeline on heavy datanode： f28e89b6-3953-4014-b5dd-5d7c12bc90a1 Heaviness: 6 limit: 5
2019-09-25 05:54:08,496 [grpc-default-executor-0] INFO  impl.RaftServerProxy (RaftServerProxy.java:addNew(89)) - a171a438-4db2-4a15-a03d-8d01a40a69ad: addNew group-054347EB6132:[a171a438-4db2-4a15-a03d-8d01a40a69ad:192.168.5.161:39877] returns group-054347EB6132:java.util.concurrent.CompletableFuture@51c540cc[Not completed]
2019-09-25 05:54:08,497 [pool-27-thread-1] INFO  impl.RaftServerImpl (RaftServerImpl.java:<init>(95)) - a171a438-4db2-4a15-a03d-8d01a40a69ad: new RaftServerImpl for group-054347EB6132:[a171a438-4db2-4a15-a03d-8d01a40a69ad:192.168.5.161:39877] with ContainerStateMachine:uninitialized
2019-09-25 05:54:08,497 [pool-27-thread-1] INFO  server.RaftServerConfigKeys (ConfUtils.java:logGet(43)) - raft.server.rpc.timeout.min = 5s (custom)
2019-09-25 05:54:08,497 [pool-27-thread-1] INFO  server.RaftServerConfigKeys (ConfUtils.java:logGet(43)) - raft.server.rpc.timeout.max = 5200ms (custom)
2019-09-25 05:54:08,498 [pool-27-thread-1] INFO  server.RaftServerConfigKeys (ConfUtils.java:logGet(43)) - raft.server.rpcslowness.timeout = 120s (custom)
2019-09-25 05:54:08,498 [pool-27-thread-1] INFO  server.RaftServerConfigKeys (ConfUtils.java:logGet(43)) - raft.server.sleep.deviation.threshold = 300 (default)
2019-09-25 05:54:08,498 [pool-27-thread-1] INFO  server.RaftServerConfigKeys (ConfUtils.java:logGet(43)) - raft.server.log.appender.install.snapshot.enabled = false (custom)
2019-09-25 05:54:08,498 [pool-27-thread-1] INFO  impl.RaftServerImpl (ServerState.java:<init>(103)) - a171a438-4db2-4a15-a03d-8d01a40a69ad@group-054347EB6132: ConfigurationManager, init=-1: [a171a438-4db2-4a15-a03d-8d01a40a69ad:192.168.5.161:39877], old=null, confs=<EMPTY_MAP>
2019-09-25 05:54:08,498 [pool-27-thread-1] INFO  server.RaftServerConfigKeys (ConfUtils.java:logGet(43)) - raft.server.storage.dir = [/workdir/hadoop-ozone/ozonefs/target/test-dir/MiniOzoneClusterImpl-a7a48124-c188-483e-b9a9-787dfdcc7198/datanode-0/data/ratis] (custom)
2019-09-25 05:54:08,499 [pool-27-thread-1] INFO  storage.RaftStorageDirectory (RaftStorageDirectory.java:analyzeStorage(246)) - The storage directory /workdir/hadoop-ozone/ozonefs/target/test-dir/MiniOzoneClusterImpl-a7a48124-c188-483e-b9a9-787dfdcc7198/datanode-0/data/ratis/f81fb5ff-c016-4778-b4e8-054347eb6132 does not exist. Creating ...
2019-09-25 05:54:08,520 [pool-27-thread-1] INFO  storage.RaftStorageDirectory (RaftStorageDirectory.java:tryLock(328)) - Lock on /workdir/hadoop-ozone/ozonefs/target/test-dir/MiniOzoneClusterImpl-a7a48124-c188-483e-b9a9-787dfdcc7198/datanode-0/data/ratis/f81fb5ff-c016-4778-b4e8-054347eb6132/in_use.lock acquired by nodename 19278@pr-hdds-1569-zxpks-796972592
2019-09-25 05:54:08,532 [pool-27-thread-1] INFO  storage.RaftStorage (RaftStorage.java:format(72)) - Storage directory /workdir/hadoop-ozone/ozonefs/target/test-dir/MiniOzoneClusterImpl-a7a48124-c188-483e-b9a9-787dfdcc7198/datanode-0/data/ratis/f81fb5ff-c016-4778-b4e8-054347eb6132 has been successfully formatted.
2019-09-25 05:54:08,533 [pool-27-thread-1] INFO  ratis.ContainerStateMachine (ContainerStateMachine.java:loadSnapshot(230)) - group-054347EB6132: The snapshot info is null. Setting the last applied indexto:(t:0, i:~)
2019-09-25 05:54:08,533 [pool-27-thread-1] INFO  server.RaftServerConfigKeys (ConfUtils.java:logGet(43)) - raft.server.notification.no-leader.timeout = 120s (custom)
2019-09-25 05:54:08,533 [pool-27-thread-1] INFO  server.RaftServerConfigKeys (ConfUtils.java:logGet(43)) - raft.server.log.use.memory = false (default)
2019-09-25 05:54:08,533 [pool-27-thread-1] INFO  server.RaftServerConfigKeys (ConfUtils.java:logGet(43)) - raft.server.log.purge.gap = 1000000 (custom)
2019-09-25 05:54:08,533 [pool-27-thread-1] INFO  server.RaftServerConfigKeys (ConfUtils.java:logGet(43)) - raft.server.log.appender.buffer.byte-limit = 33554432 (custom)
2019-09-25 05:54:08,534 [pool-27-thread-1] INFO  server.RaftServerConfigKeys (ConfUtils.java:logGet(43)) - raft.server.log.segment.size.max = 1048576 (custom)
2019-09-25 05:54:08,534 [pool-27-thread-1] INFO  server.RaftServerConfigKeys (ConfUtils.java:logGet(43)) - raft.server.log.segment.cache.num.max = 2 (custom)
2019-09-25 05:54:08,534 [pool-27-thread-1] INFO  segmented.SegmentedRaftLogWorker (SegmentedRaftLogWorker.java:<init>(172)) - new a171a438-4db2-4a15-a03d-8d01a40a69ad@group-054347EB6132-SegmentedRaftLogWorker for RaftStorage:Storage Directory /workdir/hadoop-ozone/ozonefs/target/test-dir/MiniOzoneClusterImpl-a7a48124-c188-483e-b9a9-787dfdcc7198/datanode-0/data/ratis/f81fb5ff-c016-4778-b4e8-054347eb6132
2019-09-25 05:54:08,534 [pool-27-thread-1] INFO  server.RaftServerConfigKeys (ConfUtils.java:logGet(43)) - raft.server.log.queue.byte-limit = 2147483647 (custom)
2019-09-25 05:54:08,534 [pool-27-thread-1] INFO  server.RaftServerConfigKeys (ConfUtils.java:logGet(43)) - raft.server.log.queue.element-limit = 1024 (custom)
2019-09-25 05:54:08,535 [pool-27-thread-1] INFO  server.RaftServerConfigKeys (ConfUtils.java:logGet(43)) - raft.server.log.segment.size.max = 1048576 (custom)
2019-09-25 05:54:08,535 [pool-27-thread-1] INFO  server.RaftServerConfigKeys (ConfUtils.java:logGet(43)) - raft.server.log.preallocated.size = 16384 (custom)
2019-09-25 05:54:08,535 [pool-27-thread-1] INFO  server.RaftServerConfigKeys (ConfUtils.java:logGet(43)) - raft.server.log.write.buffer.size = 33554432 (custom)
2019-09-25 05:54:08,535 [pool-27-thread-1] INFO  server.RaftServerConfigKeys (ConfUtils.java:logGet(43)) - raft.server.log.force.sync.num = 128 (default)
2019-09-25 05:54:08,535 [pool-27-thread-1] INFO  server.RaftServerConfigKeys (ConfUtils.java:logGet(43)) - raft.server.log.statemachine.data.sync = true (default)
2019-09-25 05:54:08,535 [pool-27-thread-1] INFO  server.RaftServerConfigKeys (ConfUtils.java:logGet(43)) - raft.server.log.statemachine.data.sync.timeout = 10s (default)
2019-09-25 05:54:08,536 [pool-27-thread-1] INFO  server.RaftServerConfigKeys (ConfUtils.java:logGet(43)) - raft.server.log.statemachine.data.sync.timeout.retry = -1 (default)
2019-09-25 05:54:08,536 [pool-27-thread-1] INFO  server.RaftServerConfigKeys (ConfUtils.java:logGet(43)) - raft.server.log.statemachine.data.caching.enabled = true (custom)
2019-09-25 05:54:08,536 [pool-27-thread-1] INFO  segmented.SegmentedRaftLogWorker (SegmentedRaftLogWorker.java:lambda$new$0(132)) - a171a438-4db2-4a15-a03d-8d01a40a69ad@group-054347EB6132-SegmentedRaftLogWorker: flushIndex: setUnconditionally 0 -> -1
2019-09-25 05:54:08,537 [pool-27-thread-1] INFO  server.RaftServerConfigKeys (ConfUtils.java:logGet(43)) - raft.server.snapshot.auto.trigger.enabled = true (custom)
2019-09-25 05:54:08,537 [pool-27-thread-1] INFO  server.RaftServerConfigKeys (ConfUtils.java:logGet(43)) - raft.server.snapshot.auto.trigger.threshold = 10000 (custom)
2019-09-25 05:54:08,537 [pool-27-thread-1] INFO  server.RaftServerConfigKeys (ConfUtils.java:logGet(43)) - raft.server.snapshot.retention.num.files = 5 (custom)
2019-09-25 05:54:08,537 [pool-27-thread-1] INFO  server.RaftServerConfigKeys (ConfUtils.java:logGet(43)) - raft.server.retrycache.expirytime = 600000ms (custom)
2019-09-25 05:54:08,541 [pool-27-thread-1] INFO  impl.RaftServerImpl (RaftServerImpl.java:start(185)) - a171a438-4db2-4a15-a03d-8d01a40a69ad@group-054347EB6132: start as a follower, conf=-1: [a171a438-4db2-4a15-a03d-8d01a40a69ad:192.168.5.161:39877], old=null
2019-09-25 05:54:08,541 [pool-27-thread-1] INFO  impl.RaftServerImpl (RaftServerImpl.java:setRole(174)) - a171a438-4db2-4a15-a03d-8d01a40a69ad@group-054347EB6132: changes role from      null to FOLLOWER at term 0 for startAsFollower
2019-09-25 05:54:08,541 [pool-27-thread-1] INFO  impl.RoleInfo (RoleInfo.java:updateAndGet(143)) - a171a438-4db2-4a15-a03d-8d01a40a69ad: start FollowerState
2019-09-25 05:54:08,541 [pool-27-thread-1] INFO  util.JmxRegister (JmxRegister.java:tryRegister(44)) - Successfully registered JMX Bean with object name Ratis:service=RaftServer,group=group-054347EB6132,id=a171a438-4db2-4a15-a03d-8d01a40a69ad
2019-09-25 05:54:08,547 [RatisPipelineUtilsThread] INFO  pipeline.PipelineStateManager (PipelineStateManager.java:addPipeline(56)) - Created pipeline Pipeline[ Id: f81fb5ff-c016-4778-b4e8-054347eb6132, Nodes: a171a438-4db2-4a15-a03d-8d01a40a69ad{ip: 192.168.5.161, host: pr-hdds-1569-zxpks-796972592, networkLocation: /default-rack, certSerialId: null}, Type:RATIS, Factor:ONE, State:OPEN]
2019-09-25 05:54:08,548 [RatisPipelineUtilsThread] INFO  pipeline.PipelinePlacementPolicy (PipelinePlacementPolicy.java:meetCriteria(91)) - Pipeline Placement: can't place more pipeline on heavy datanode： f28e89b6-3953-4014-b5dd-5d7c12bc90a1 Heaviness: 6 limit: 5
2019-09-25 05:54:08,561 [grpc-default-executor-0] INFO  impl.RaftServerProxy (RaftServerProxy.java:addNew(89)) - a171a438-4db2-4a15-a03d-8d01a40a69ad: addNew group-B92C967F1206:[a171a438-4db2-4a15-a03d-8d01a40a69ad:192.168.5.161:39877] returns group-B92C967F1206:java.util.concurrent.CompletableFuture@482d1726[Not completed]
2019-09-25 05:54:08,562 [pool-27-thread-1] INFO  impl.RaftServerImpl (RaftServerImpl.java:<init>(95)) - a171a438-4db2-4a15-a03d-8d01a40a69ad: new RaftServerImpl for group-B92C967F1206:[a171a438-4db2-4a15-a03d-8d01a40a69ad:192.168.5.161:39877] with ContainerStateMachine:uninitialized
2019-09-25 05:54:08,562 [pool-27-thread-1] INFO  server.RaftServerConfigKeys (ConfUtils.java:logGet(43)) - raft.server.rpc.timeout.min = 5s (custom)
2019-09-25 05:54:08,563 [pool-27-thread-1] INFO  server.RaftServerConfigKeys (ConfUtils.java:logGet(43)) - raft.server.rpc.timeout.max = 5200ms (custom)
2019-09-25 05:54:08,563 [pool-27-thread-1] INFO  server.RaftServerConfigKeys (ConfUtils.java:logGet(43)) - raft.server.rpcslowness.timeout = 120s (custom)
2019-09-25 05:54:08,563 [pool-27-thread-1] INFO  server.RaftServerConfigKeys (ConfUtils.java:logGet(43)) - raft.server.sleep.deviation.threshold = 300 (default)
2019-09-25 05:54:08,563 [pool-27-thread-1] INFO  server.RaftServerConfigKeys (ConfUtils.java:logGet(43)) - raft.server.log.appender.install.snapshot.enabled = false (custom)
2019-09-25 05:54:08,563 [pool-27-thread-1] INFO  impl.RaftServerImpl (ServerState.java:<init>(103)) - a171a438-4db2-4a15-a03d-8d01a40a69ad@group-B92C967F1206: ConfigurationManager, init=-1: [a171a438-4db2-4a15-a03d-8d01a40a69ad:192.168.5.161:39877], old=null, confs=<EMPTY_MAP>
2019-09-25 05:54:08,563 [pool-27-thread-1] INFO  server.RaftServerConfigKeys (ConfUtils.java:logGet(43)) - raft.server.storage.dir = [/workdir/hadoop-ozone/ozonefs/target/test-dir/MiniOzoneClusterImpl-a7a48124-c188-483e-b9a9-787dfdcc7198/datanode-0/data/ratis] (custom)
2019-09-25 05:54:08,564 [pool-27-thread-1] INFO  storage.RaftStorageDirectory (RaftStorageDirectory.java:analyzeStorage(246)) - The storage directory /workdir/hadoop-ozone/ozonefs/target/test-dir/MiniOzoneClusterImpl-a7a48124-c188-483e-b9a9-787dfdcc7198/datanode-0/data/ratis/473eca52-df97-4aa4-8db7-b92c967f1206 does not exist. Creating ...
2019-09-25 05:54:08,576 [pool-27-thread-1] INFO  storage.RaftStorageDirectory (RaftStorageDirectory.java:tryLock(328)) - Lock on /workdir/hadoop-ozone/ozonefs/target/test-dir/MiniOzoneClusterImpl-a7a48124-c188-483e-b9a9-787dfdcc7198/datanode-0/data/ratis/473eca52-df97-4aa4-8db7-b92c967f1206/in_use.lock acquired by nodename 19278@pr-hdds-1569-zxpks-796972592
2019-09-25 05:54:08,589 [pool-27-thread-1] INFO  storage.RaftStorage (RaftStorage.java:format(72)) - Storage directory /workdir/hadoop-ozone/ozonefs/target/test-dir/MiniOzoneClusterImpl-a7a48124-c188-483e-b9a9-787dfdcc7198/datanode-0/data/ratis/473eca52-df97-4aa4-8db7-b92c967f1206 has been successfully formatted.
2019-09-25 05:54:08,590 [pool-27-thread-1] INFO  ratis.ContainerStateMachine (ContainerStateMachine.java:loadSnapshot(230)) - group-B92C967F1206: The snapshot info is null. Setting the last applied indexto:(t:0, i:~)
2019-09-25 05:54:08,590 [pool-27-thread-1] INFO  server.RaftServerConfigKeys (ConfUtils.java:logGet(43)) - raft.server.notification.no-leader.timeout = 120s (custom)
2019-09-25 05:54:08,590 [pool-27-thread-1] INFO  server.RaftServerConfigKeys (ConfUtils.java:logGet(43)) - raft.server.log.use.memory = false (default)
2019-09-25 05:54:08,590 [pool-27-thread-1] INFO  server.RaftServerConfigKeys (ConfUtils.java:logGet(43)) - raft.server.log.purge.gap = 1000000 (custom)
2019-09-25 05:54:08,590 [pool-27-thread-1] INFO  server.RaftServerConfigKeys (ConfUtils.java:logGet(43)) - raft.server.log.appender.buffer.byte-limit = 33554432 (custom)
2019-09-25 05:54:08,590 [pool-27-thread-1] INFO  server.RaftServerConfigKeys (ConfUtils.java:logGet(43)) - raft.server.log.segment.size.max = 1048576 (custom)
2019-09-25 05:54:08,591 [pool-27-thread-1] INFO  server.RaftServerConfigKeys (ConfUtils.java:logGet(43)) - raft.server.log.segment.cache.num.max = 2 (custom)
2019-09-25 05:54:08,591 [pool-27-thread-1] INFO  segmented.SegmentedRaftLogWorker (SegmentedRaftLogWorker.java:<init>(172)) - new a171a438-4db2-4a15-a03d-8d01a40a69ad@group-B92C967F1206-SegmentedRaftLogWorker for RaftStorage:Storage Directory /workdir/hadoop-ozone/ozonefs/target/test-dir/MiniOzoneClusterImpl-a7a48124-c188-483e-b9a9-787dfdcc7198/datanode-0/data/ratis/473eca52-df97-4aa4-8db7-b92c967f1206
2019-09-25 05:54:08,591 [pool-27-thread-1] INFO  server.RaftServerConfigKeys (ConfUtils.java:logGet(43)) - raft.server.log.queue.byte-limit = 2147483647 (custom)
2019-09-25 05:54:08,591 [pool-27-thread-1] INFO  server.RaftServerConfigKeys (ConfUtils.java:logGet(43)) - raft.server.log.queue.element-limit = 1024 (custom)
2019-09-25 05:54:08,591 [pool-27-thread-1] INFO  server.RaftServerConfigKeys (ConfUtils.java:logGet(43)) - raft.server.log.segment.size.max = 1048576 (custom)
2019-09-25 05:54:08,591 [pool-27-thread-1] INFO  server.RaftServerConfigKeys (ConfUtils.java:logGet(43)) - raft.server.log.preallocated.size = 16384 (custom)
2019-09-25 05:54:08,592 [pool-27-thread-1] INFO  server.RaftServerConfigKeys (ConfUtils.java:logGet(43)) - raft.server.log.write.buffer.size = 33554432 (custom)
2019-09-25 05:54:08,592 [pool-27-thread-1] INFO  server.RaftServerConfigKeys (ConfUtils.java:logGet(43)) - raft.server.log.force.sync.num = 128 (default)
2019-09-25 05:54:08,592 [pool-27-thread-1] INFO  server.RaftServerConfigKeys (ConfUtils.java:logGet(43)) - raft.server.log.statemachine.data.sync = true (default)
2019-09-25 05:54:08,592 [pool-27-thread-1] INFO  server.RaftServerConfigKeys (ConfUtils.java:logGet(43)) - raft.server.log.statemachine.data.sync.timeout = 10s (default)
2019-09-25 05:54:08,592 [pool-27-thread-1] INFO  server.RaftServerConfigKeys (ConfUtils.java:logGet(43)) - raft.server.log.statemachine.data.sync.timeout.retry = -1 (default)
2019-09-25 05:54:08,592 [pool-27-thread-1] INFO  server.RaftServerConfigKeys (ConfUtils.java:logGet(43)) - raft.server.log.statemachine.data.caching.enabled = true (custom)
2019-09-25 05:54:08,593 [pool-27-thread-1] INFO  segmented.SegmentedRaftLogWorker (SegmentedRaftLogWorker.java:lambda$new$0(132)) - a171a438-4db2-4a15-a03d-8d01a40a69ad@group-B92C967F1206-SegmentedRaftLogWorker: flushIndex: setUnconditionally 0 -> -1
2019-09-25 05:54:08,593 [pool-27-thread-1] INFO  server.RaftServerConfigKeys (ConfUtils.java:logGet(43)) - raft.server.snapshot.auto.trigger.enabled = true (custom)
2019-09-25 05:54:08,593 [pool-27-thread-1] INFO  server.RaftServerConfigKeys (ConfUtils.java:logGet(43)) - raft.server.snapshot.auto.trigger.threshold = 10000 (custom)
2019-09-25 05:54:08,594 [pool-27-thread-1] INFO  server.RaftServerConfigKeys (ConfUtils.java:logGet(43)) - raft.server.snapshot.retention.num.files = 5 (custom)
2019-09-25 05:54:08,594 [pool-27-thread-1] INFO  server.RaftServerConfigKeys (ConfUtils.java:logGet(43)) - raft.server.retrycache.expirytime = 600000ms (custom)
2019-09-25 05:54:08,596 [pool-27-thread-1] INFO  impl.RaftServerImpl (RaftServerImpl.java:start(185)) - a171a438-4db2-4a15-a03d-8d01a40a69ad@group-B92C967F1206: start as a follower, conf=-1: [a171a438-4db2-4a15-a03d-8d01a40a69ad:192.168.5.161:39877], old=null
2019-09-25 05:54:08,597 [pool-27-thread-1] INFO  impl.RaftServerImpl (RaftServerImpl.java:setRole(174)) - a171a438-4db2-4a15-a03d-8d01a40a69ad@group-B92C967F1206: changes role from      null to FOLLOWER at term 0 for startAsFollower
2019-09-25 05:54:08,597 [pool-27-thread-1] INFO  impl.RoleInfo (RoleInfo.java:updateAndGet(143)) - a171a438-4db2-4a15-a03d-8d01a40a69ad: start FollowerState
2019-09-25 05:54:08,597 [pool-27-thread-1] INFO  util.JmxRegister (JmxRegister.java:tryRegister(44)) - Successfully registered JMX Bean with object name Ratis:service=RaftServer,group=group-B92C967F1206,id=a171a438-4db2-4a15-a03d-8d01a40a69ad
2019-09-25 05:54:08,603 [RatisPipelineUtilsThread] INFO  pipeline.PipelineStateManager (PipelineStateManager.java:addPipeline(56)) - Created pipeline Pipeline[ Id: 473eca52-df97-4aa4-8db7-b92c967f1206, Nodes: a171a438-4db2-4a15-a03d-8d01a40a69ad{ip: 192.168.5.161, host: pr-hdds-1569-zxpks-796972592, networkLocation: /default-rack, certSerialId: null}, Type:RATIS, Factor:ONE, State:OPEN]
2019-09-25 05:54:08,603 [RatisPipelineUtilsThread] INFO  pipeline.PipelinePlacementPolicy (PipelinePlacementPolicy.java:meetCriteria(91)) - Pipeline Placement: can't place more pipeline on heavy datanode： f28e89b6-3953-4014-b5dd-5d7c12bc90a1 Heaviness: 6 limit: 5
2019-09-25 05:54:08,615 [grpc-default-executor-0] INFO  impl.RaftServerProxy (RaftServerProxy.java:addNew(89)) - 9b45984a-e801-4994-8f0b-759bb773fda3: addNew group-918AF87BC9B7:[9b45984a-e801-4994-8f0b-759bb773fda3:192.168.5.161:35299] returns group-918AF87BC9B7:java.util.concurrent.CompletableFuture@3fbcf9f3[Not completed]
2019-09-25 05:54:08,616 [pool-57-thread-1] INFO  impl.RaftServerImpl (RaftServerImpl.java:<init>(95)) - 9b45984a-e801-4994-8f0b-759bb773fda3: new RaftServerImpl for group-918AF87BC9B7:[9b45984a-e801-4994-8f0b-759bb773fda3:192.168.5.161:35299] with ContainerStateMachine:uninitialized
2019-09-25 05:54:08,617 [pool-57-thread-1] INFO  server.RaftServerConfigKeys (ConfUtils.java:logGet(43)) - raft.server.rpc.timeout.min = 5s (custom)
2019-09-25 05:54:08,617 [pool-57-thread-1] INFO  server.RaftServerConfigKeys (ConfUtils.java:logGet(43)) - raft.server.rpc.timeout.max = 5200ms (custom)
2019-09-25 05:54:08,617 [pool-57-thread-1] INFO  server.RaftServerConfigKeys (ConfUtils.java:logGet(43)) - raft.server.rpcslowness.timeout = 120s (custom)
2019-09-25 05:54:08,617 [pool-57-thread-1] INFO  server.RaftServerConfigKeys (ConfUtils.java:logGet(43)) - raft.server.sleep.deviation.threshold = 300 (default)
2019-09-25 05:54:08,617 [pool-57-thread-1] INFO  server.RaftServerConfigKeys (ConfUtils.java:logGet(43)) - raft.server.log.appender.install.snapshot.enabled = false (custom)
2019-09-25 05:54:08,617 [pool-57-thread-1] INFO  impl.RaftServerImpl (ServerState.java:<init>(103)) - 9b45984a-e801-4994-8f0b-759bb773fda3@group-918AF87BC9B7: ConfigurationManager, init=-1: [9b45984a-e801-4994-8f0b-759bb773fda3:192.168.5.161:35299], old=null, confs=<EMPTY_MAP>
2019-09-25 05:54:08,618 [pool-57-thread-1] INFO  server.RaftServerConfigKeys (ConfUtils.java:logGet(43)) - raft.server.storage.dir = [/workdir/hadoop-ozone/ozonefs/target/test-dir/MiniOzoneClusterImpl-a7a48124-c188-483e-b9a9-787dfdcc7198/datanode-3/data/ratis] (custom)
2019-09-25 05:54:08,618 [pool-57-thread-1] INFO  storage.RaftStorageDirectory (RaftStorageDirectory.java:analyzeStorage(246)) - The storage directory /workdir/hadoop-ozone/ozonefs/target/test-dir/MiniOzoneClusterImpl-a7a48124-c188-483e-b9a9-787dfdcc7198/datanode-3/data/ratis/f0dace42-5a9f-420c-acca-918af87bc9b7 does not exist. Creating ...
2019-09-25 05:54:08,631 [pool-57-thread-1] INFO  storage.RaftStorageDirectory (RaftStorageDirectory.java:tryLock(328)) - Lock on /workdir/hadoop-ozone/ozonefs/target/test-dir/MiniOzoneClusterImpl-a7a48124-c188-483e-b9a9-787dfdcc7198/datanode-3/data/ratis/f0dace42-5a9f-420c-acca-918af87bc9b7/in_use.lock acquired by nodename 19278@pr-hdds-1569-zxpks-796972592
2019-09-25 05:54:08,646 [pool-57-thread-1] INFO  storage.RaftStorage (RaftStorage.java:format(72)) - Storage directory /workdir/hadoop-ozone/ozonefs/target/test-dir/MiniOzoneClusterImpl-a7a48124-c188-483e-b9a9-787dfdcc7198/datanode-3/data/ratis/f0dace42-5a9f-420c-acca-918af87bc9b7 has been successfully formatted.
2019-09-25 05:54:08,647 [pool-57-thread-1] INFO  ratis.ContainerStateMachine (ContainerStateMachine.java:loadSnapshot(230)) - group-918AF87BC9B7: The snapshot info is null. Setting the last applied indexto:(t:0, i:~)
2019-09-25 05:54:08,647 [pool-57-thread-1] INFO  server.RaftServerConfigKeys (ConfUtils.java:logGet(43)) - raft.server.notification.no-leader.timeout = 120s (custom)
2019-09-25 05:54:08,647 [pool-57-thread-1] INFO  server.RaftServerConfigKeys (ConfUtils.java:logGet(43)) - raft.server.log.use.memory = false (default)
2019-09-25 05:54:08,647 [pool-57-thread-1] INFO  server.RaftServerConfigKeys (ConfUtils.java:logGet(43)) - raft.server.log.purge.gap = 1000000 (custom)
2019-09-25 05:54:08,648 [pool-57-thread-1] INFO  server.RaftServerConfigKeys (ConfUtils.java:logGet(43)) - raft.server.log.appender.buffer.byte-limit = 33554432 (custom)
2019-09-25 05:54:08,648 [pool-57-thread-1] INFO  server.RaftServerConfigKeys (ConfUtils.java:logGet(43)) - raft.server.log.segment.size.max = 1048576 (custom)
2019-09-25 05:54:08,648 [pool-57-thread-1] INFO  server.RaftServerConfigKeys (ConfUtils.java:logGet(43)) - raft.server.log.segment.cache.num.max = 2 (custom)
2019-09-25 05:54:08,648 [pool-57-thread-1] INFO  segmented.SegmentedRaftLogWorker (SegmentedRaftLogWorker.java:<init>(172)) - new 9b45984a-e801-4994-8f0b-759bb773fda3@group-918AF87BC9B7-SegmentedRaftLogWorker for RaftStorage:Storage Directory /workdir/hadoop-ozone/ozonefs/target/test-dir/MiniOzoneClusterImpl-a7a48124-c188-483e-b9a9-787dfdcc7198/datanode-3/data/ratis/f0dace42-5a9f-420c-acca-918af87bc9b7
2019-09-25 05:54:08,648 [pool-57-thread-1] INFO  server.RaftServerConfigKeys (ConfUtils.java:logGet(43)) - raft.server.log.queue.byte-limit = 2147483647 (custom)
2019-09-25 05:54:08,648 [pool-57-thread-1] INFO  server.RaftServerConfigKeys (ConfUtils.java:logGet(43)) - raft.server.log.queue.element-limit = 1024 (custom)
2019-09-25 05:54:08,649 [pool-57-thread-1] INFO  server.RaftServerConfigKeys (ConfUtils.java:logGet(43)) - raft.server.log.segment.size.max = 1048576 (custom)
2019-09-25 05:54:08,649 [pool-57-thread-1] INFO  server.RaftServerConfigKeys (ConfUtils.java:logGet(43)) - raft.server.log.preallocated.size = 16384 (custom)
2019-09-25 05:54:08,649 [pool-57-thread-1] INFO  server.RaftServerConfigKeys (ConfUtils.java:logGet(43)) - raft.server.log.write.buffer.size = 33554432 (custom)
2019-09-25 05:54:08,649 [pool-57-thread-1] INFO  server.RaftServerConfigKeys (ConfUtils.java:logGet(43)) - raft.server.log.force.sync.num = 128 (default)
2019-09-25 05:54:08,649 [pool-57-thread-1] INFO  server.RaftServerConfigKeys (ConfUtils.java:logGet(43)) - raft.server.log.statemachine.data.sync = true (default)
2019-09-25 05:54:08,649 [pool-57-thread-1] INFO  server.RaftServerConfigKeys (ConfUtils.java:logGet(43)) - raft.server.log.statemachine.data.sync.timeout = 10s (default)
2019-09-25 05:54:08,649 [pool-57-thread-1] INFO  server.RaftServerConfigKeys (ConfUtils.java:logGet(43)) - raft.server.log.statemachine.data.sync.timeout.retry = -1 (default)
2019-09-25 05:54:08,650 [pool-57-thread-1] INFO  server.RaftServerConfigKeys (ConfUtils.java:logGet(43)) - raft.server.log.statemachine.data.caching.enabled = true (custom)
2019-09-25 05:54:08,650 [pool-57-thread-1] INFO  segmented.SegmentedRaftLogWorker (SegmentedRaftLogWorker.java:lambda$new$0(132)) - 9b45984a-e801-4994-8f0b-759bb773fda3@group-918AF87BC9B7-SegmentedRaftLogWorker: flushIndex: setUnconditionally 0 -> -1
2019-09-25 05:54:08,651 [pool-57-thread-1] INFO  server.RaftServerConfigKeys (ConfUtils.java:logGet(43)) - raft.server.snapshot.auto.trigger.enabled = true (custom)
2019-09-25 05:54:08,651 [pool-57-thread-1] INFO  server.RaftServerConfigKeys (ConfUtils.java:logGet(43)) - raft.server.snapshot.auto.trigger.threshold = 10000 (custom)
2019-09-25 05:54:08,651 [pool-57-thread-1] INFO  server.RaftServerConfigKeys (ConfUtils.java:logGet(43)) - raft.server.snapshot.retention.num.files = 5 (custom)
2019-09-25 05:54:08,651 [pool-57-thread-1] INFO  server.RaftServerConfigKeys (ConfUtils.java:logGet(43)) - raft.server.retrycache.expirytime = 600000ms (custom)
2019-09-25 05:54:08,654 [pool-57-thread-1] INFO  impl.RaftServerImpl (RaftServerImpl.java:start(185)) - 9b45984a-e801-4994-8f0b-759bb773fda3@group-918AF87BC9B7: start as a follower, conf=-1: [9b45984a-e801-4994-8f0b-759bb773fda3:192.168.5.161:35299], old=null
2019-09-25 05:54:08,655 [pool-57-thread-1] INFO  impl.RaftServerImpl (RaftServerImpl.java:setRole(174)) - 9b45984a-e801-4994-8f0b-759bb773fda3@group-918AF87BC9B7: changes role from      null to FOLLOWER at term 0 for startAsFollower
2019-09-25 05:54:08,655 [pool-57-thread-1] INFO  impl.RoleInfo (RoleInfo.java:updateAndGet(143)) - 9b45984a-e801-4994-8f0b-759bb773fda3: start FollowerState
2019-09-25 05:54:08,655 [pool-57-thread-1] INFO  util.JmxRegister (JmxRegister.java:tryRegister(44)) - Successfully registered JMX Bean with object name Ratis:service=RaftServer,group=group-918AF87BC9B7,id=9b45984a-e801-4994-8f0b-759bb773fda3
2019-09-25 05:54:08,663 [RatisPipelineUtilsThread] INFO  pipeline.PipelineStateManager (PipelineStateManager.java:addPipeline(56)) - Created pipeline Pipeline[ Id: f0dace42-5a9f-420c-acca-918af87bc9b7, Nodes: 9b45984a-e801-4994-8f0b-759bb773fda3{ip: 192.168.5.161, host: pr-hdds-1569-zxpks-796972592, networkLocation: /default-rack, certSerialId: null}, Type:RATIS, Factor:ONE, State:OPEN]
2019-09-25 05:54:08,663 [RatisPipelineUtilsThread] INFO  pipeline.PipelinePlacementPolicy (PipelinePlacementPolicy.java:meetCriteria(91)) - Pipeline Placement: can't place more pipeline on heavy datanode： f28e89b6-3953-4014-b5dd-5d7c12bc90a1 Heaviness: 6 limit: 5
2019-09-25 05:54:08,674 [grpc-default-executor-0] INFO  impl.RaftServerProxy (RaftServerProxy.java:addNew(89)) - 9b45984a-e801-4994-8f0b-759bb773fda3: addNew group-59216B5DE616:[9b45984a-e801-4994-8f0b-759bb773fda3:192.168.5.161:35299] returns group-59216B5DE616:java.util.concurrent.CompletableFuture@dcf3a48[Not completed]
2019-09-25 05:54:08,676 [pool-57-thread-1] INFO  impl.RaftServerImpl (RaftServerImpl.java:<init>(95)) - 9b45984a-e801-4994-8f0b-759bb773fda3: new RaftServerImpl for group-59216B5DE616:[9b45984a-e801-4994-8f0b-759bb773fda3:192.168.5.161:35299] with ContainerStateMachine:uninitialized
2019-09-25 05:54:08,676 [pool-57-thread-1] INFO  server.RaftServerConfigKeys (ConfUtils.java:logGet(43)) - raft.server.rpc.timeout.min = 5s (custom)
2019-09-25 05:54:08,676 [pool-57-thread-1] INFO  server.RaftServerConfigKeys (ConfUtils.java:logGet(43)) - raft.server.rpc.timeout.max = 5200ms (custom)
2019-09-25 05:54:08,676 [pool-57-thread-1] INFO  server.RaftServerConfigKeys (ConfUtils.java:logGet(43)) - raft.server.rpcslowness.timeout = 120s (custom)
2019-09-25 05:54:08,676 [pool-57-thread-1] INFO  server.RaftServerConfigKeys (ConfUtils.java:logGet(43)) - raft.server.sleep.deviation.threshold = 300 (default)
2019-09-25 05:54:08,676 [pool-57-thread-1] INFO  server.RaftServerConfigKeys (ConfUtils.java:logGet(43)) - raft.server.log.appender.install.snapshot.enabled = false (custom)
2019-09-25 05:54:08,676 [pool-57-thread-1] INFO  impl.RaftServerImpl (ServerState.java:<init>(103)) - 9b45984a-e801-4994-8f0b-759bb773fda3@group-59216B5DE616: ConfigurationManager, init=-1: [9b45984a-e801-4994-8f0b-759bb773fda3:192.168.5.161:35299], old=null, confs=<EMPTY_MAP>
2019-09-25 05:54:08,677 [pool-57-thread-1] INFO  server.RaftServerConfigKeys (ConfUtils.java:logGet(43)) - raft.server.storage.dir = [/workdir/hadoop-ozone/ozonefs/target/test-dir/MiniOzoneClusterImpl-a7a48124-c188-483e-b9a9-787dfdcc7198/datanode-3/data/ratis] (custom)
2019-09-25 05:54:08,677 [pool-57-thread-1] INFO  storage.RaftStorageDirectory (RaftStorageDirectory.java:analyzeStorage(246)) - The storage directory /workdir/hadoop-ozone/ozonefs/target/test-dir/MiniOzoneClusterImpl-a7a48124-c188-483e-b9a9-787dfdcc7198/datanode-3/data/ratis/dbbab6c5-d495-470e-b71c-59216b5de616 does not exist. Creating ...
2019-09-25 05:54:08,690 [pool-57-thread-1] INFO  storage.RaftStorageDirectory (RaftStorageDirectory.java:tryLock(328)) - Lock on /workdir/hadoop-ozone/ozonefs/target/test-dir/MiniOzoneClusterImpl-a7a48124-c188-483e-b9a9-787dfdcc7198/datanode-3/data/ratis/dbbab6c5-d495-470e-b71c-59216b5de616/in_use.lock acquired by nodename 19278@pr-hdds-1569-zxpks-796972592
2019-09-25 05:54:08,705 [pool-57-thread-1] INFO  storage.RaftStorage (RaftStorage.java:format(72)) - Storage directory /workdir/hadoop-ozone/ozonefs/target/test-dir/MiniOzoneClusterImpl-a7a48124-c188-483e-b9a9-787dfdcc7198/datanode-3/data/ratis/dbbab6c5-d495-470e-b71c-59216b5de616 has been successfully formatted.
2019-09-25 05:54:08,706 [pool-57-thread-1] INFO  ratis.ContainerStateMachine (ContainerStateMachine.java:loadSnapshot(230)) - group-59216B5DE616: The snapshot info is null. Setting the last applied indexto:(t:0, i:~)
2019-09-25 05:54:08,706 [pool-57-thread-1] INFO  server.RaftServerConfigKeys (ConfUtils.java:logGet(43)) - raft.server.notification.no-leader.timeout = 120s (custom)
2019-09-25 05:54:08,706 [pool-57-thread-1] INFO  server.RaftServerConfigKeys (ConfUtils.java:logGet(43)) - raft.server.log.use.memory = false (default)
2019-09-25 05:54:08,706 [pool-57-thread-1] INFO  server.RaftServerConfigKeys (ConfUtils.java:logGet(43)) - raft.server.log.purge.gap = 1000000 (custom)
2019-09-25 05:54:08,706 [pool-57-thread-1] INFO  server.RaftServerConfigKeys (ConfUtils.java:logGet(43)) - raft.server.log.appender.buffer.byte-limit = 33554432 (custom)
2019-09-25 05:54:08,706 [pool-57-thread-1] INFO  server.RaftServerConfigKeys (ConfUtils.java:logGet(43)) - raft.server.log.segment.size.max = 1048576 (custom)
2019-09-25 05:54:08,707 [pool-57-thread-1] INFO  server.RaftServerConfigKeys (ConfUtils.java:logGet(43)) - raft.server.log.segment.cache.num.max = 2 (custom)
2019-09-25 05:54:08,707 [pool-57-thread-1] INFO  segmented.SegmentedRaftLogWorker (SegmentedRaftLogWorker.java:<init>(172)) - new 9b45984a-e801-4994-8f0b-759bb773fda3@group-59216B5DE616-SegmentedRaftLogWorker for RaftStorage:Storage Directory /workdir/hadoop-ozone/ozonefs/target/test-dir/MiniOzoneClusterImpl-a7a48124-c188-483e-b9a9-787dfdcc7198/datanode-3/data/ratis/dbbab6c5-d495-470e-b71c-59216b5de616
2019-09-25 05:54:08,710 [pool-57-thread-1] INFO  server.RaftServerConfigKeys (ConfUtils.java:logGet(43)) - raft.server.log.queue.byte-limit = 2147483647 (custom)
2019-09-25 05:54:08,710 [pool-57-thread-1] INFO  server.RaftServerConfigKeys (ConfUtils.java:logGet(43)) - raft.server.log.queue.element-limit = 1024 (custom)
2019-09-25 05:54:08,710 [pool-57-thread-1] INFO  server.RaftServerConfigKeys (ConfUtils.java:logGet(43)) - raft.server.log.segment.size.max = 1048576 (custom)
2019-09-25 05:54:08,710 [pool-57-thread-1] INFO  server.RaftServerConfigKeys (ConfUtils.java:logGet(43)) - raft.server.log.preallocated.size = 16384 (custom)
2019-09-25 05:54:08,710 [pool-57-thread-1] INFO  server.RaftServerConfigKeys (ConfUtils.java:logGet(43)) - raft.server.log.write.buffer.size = 33554432 (custom)
2019-09-25 05:54:08,710 [pool-57-thread-1] INFO  server.RaftServerConfigKeys (ConfUtils.java:logGet(43)) - raft.server.log.force.sync.num = 128 (default)
2019-09-25 05:54:08,710 [pool-57-thread-1] INFO  server.RaftServerConfigKeys (ConfUtils.java:logGet(43)) - raft.server.log.statemachine.data.sync = true (default)
2019-09-25 05:54:08,711 [pool-57-thread-1] INFO  server.RaftServerConfigKeys (ConfUtils.java:logGet(43)) - raft.server.log.statemachine.data.sync.timeout = 10s (default)
2019-09-25 05:54:08,711 [pool-57-thread-1] INFO  server.RaftServerConfigKeys (ConfUtils.java:logGet(43)) - raft.server.log.statemachine.data.sync.timeout.retry = -1 (default)
2019-09-25 05:54:08,711 [pool-57-thread-1] INFO  server.RaftServerConfigKeys (ConfUtils.java:logGet(43)) - raft.server.log.statemachine.data.caching.enabled = true (custom)
2019-09-25 05:54:08,711 [pool-57-thread-1] INFO  segmented.SegmentedRaftLogWorker (SegmentedRaftLogWorker.java:lambda$new$0(132)) - 9b45984a-e801-4994-8f0b-759bb773fda3@group-59216B5DE616-SegmentedRaftLogWorker: flushIndex: setUnconditionally 0 -> -1
2019-09-25 05:54:08,712 [pool-57-thread-1] INFO  server.RaftServerConfigKeys (ConfUtils.java:logGet(43)) - raft.server.snapshot.auto.trigger.enabled = true (custom)
2019-09-25 05:54:08,712 [pool-57-thread-1] INFO  server.RaftServerConfigKeys (ConfUtils.java:logGet(43)) - raft.server.snapshot.auto.trigger.threshold = 10000 (custom)
2019-09-25 05:54:08,712 [pool-57-thread-1] INFO  server.RaftServerConfigKeys (ConfUtils.java:logGet(43)) - raft.server.snapshot.retention.num.files = 5 (custom)
2019-09-25 05:54:08,712 [pool-57-thread-1] INFO  server.RaftServerConfigKeys (ConfUtils.java:logGet(43)) - raft.server.retrycache.expirytime = 600000ms (custom)
2019-09-25 05:54:08,715 [pool-57-thread-1] INFO  impl.RaftServerImpl (RaftServerImpl.java:start(185)) - 9b45984a-e801-4994-8f0b-759bb773fda3@group-59216B5DE616: start as a follower, conf=-1: [9b45984a-e801-4994-8f0b-759bb773fda3:192.168.5.161:35299], old=null
2019-09-25 05:54:08,715 [pool-57-thread-1] INFO  impl.RaftServerImpl (RaftServerImpl.java:setRole(174)) - 9b45984a-e801-4994-8f0b-759bb773fda3@group-59216B5DE616: changes role from      null to FOLLOWER at term 0 for startAsFollower
2019-09-25 05:54:08,715 [pool-57-thread-1] INFO  impl.RoleInfo (RoleInfo.java:updateAndGet(143)) - 9b45984a-e801-4994-8f0b-759bb773fda3: start FollowerState
2019-09-25 05:54:08,715 [pool-57-thread-1] INFO  util.JmxRegister (JmxRegister.java:tryRegister(44)) - Successfully registered JMX Bean with object name Ratis:service=RaftServer,group=group-59216B5DE616,id=9b45984a-e801-4994-8f0b-759bb773fda3
2019-09-25 05:54:08,721 [RatisPipelineUtilsThread] INFO  pipeline.PipelineStateManager (PipelineStateManager.java:addPipeline(56)) - Created pipeline Pipeline[ Id: dbbab6c5-d495-470e-b71c-59216b5de616, Nodes: 9b45984a-e801-4994-8f0b-759bb773fda3{ip: 192.168.5.161, host: pr-hdds-1569-zxpks-796972592, networkLocation: /default-rack, certSerialId: null}, Type:RATIS, Factor:ONE, State:OPEN]
2019-09-25 05:54:08,721 [RatisPipelineUtilsThread] INFO  pipeline.PipelinePlacementPolicy (PipelinePlacementPolicy.java:meetCriteria(91)) - Pipeline Placement: can't place more pipeline on heavy datanode： f28e89b6-3953-4014-b5dd-5d7c12bc90a1 Heaviness: 6 limit: 5
2019-09-25 05:54:08,731 [grpc-default-executor-0] INFO  impl.RaftServerProxy (RaftServerProxy.java:addNew(89)) - 042645b7-d9e3-44d6-a86c-5222fd8d5aba: addNew group-51B6066CE9A0:[042645b7-d9e3-44d6-a86c-5222fd8d5aba:192.168.5.161:35465] returns group-51B6066CE9A0:java.util.concurrent.CompletableFuture@31905eb1[Not completed]
2019-09-25 05:54:08,732 [pool-87-thread-1] INFO  impl.RaftServerImpl (RaftServerImpl.java:<init>(95)) - 042645b7-d9e3-44d6-a86c-5222fd8d5aba: new RaftServerImpl for group-51B6066CE9A0:[042645b7-d9e3-44d6-a86c-5222fd8d5aba:192.168.5.161:35465] with ContainerStateMachine:uninitialized
2019-09-25 05:54:08,733 [pool-87-thread-1] INFO  server.RaftServerConfigKeys (ConfUtils.java:logGet(43)) - raft.server.rpc.timeout.min = 5s (custom)
2019-09-25 05:54:08,733 [pool-87-thread-1] INFO  server.RaftServerConfigKeys (ConfUtils.java:logGet(43)) - raft.server.rpc.timeout.max = 5200ms (custom)
2019-09-25 05:54:08,733 [pool-87-thread-1] INFO  server.RaftServerConfigKeys (ConfUtils.java:logGet(43)) - raft.server.rpcslowness.timeout = 120s (custom)
2019-09-25 05:54:08,733 [pool-87-thread-1] INFO  server.RaftServerConfigKeys (ConfUtils.java:logGet(43)) - raft.server.sleep.deviation.threshold = 300 (default)
2019-09-25 05:54:08,733 [pool-87-thread-1] INFO  server.RaftServerConfigKeys (ConfUtils.java:logGet(43)) - raft.server.log.appender.install.snapshot.enabled = false (custom)
2019-09-25 05:54:08,733 [pool-87-thread-1] INFO  impl.RaftServerImpl (ServerState.java:<init>(103)) - 042645b7-d9e3-44d6-a86c-5222fd8d5aba@group-51B6066CE9A0: ConfigurationManager, init=-1: [042645b7-d9e3-44d6-a86c-5222fd8d5aba:192.168.5.161:35465], old=null, confs=<EMPTY_MAP>
2019-09-25 05:54:08,734 [pool-87-thread-1] INFO  server.RaftServerConfigKeys (ConfUtils.java:logGet(43)) - raft.server.storage.dir = [/workdir/hadoop-ozone/ozonefs/target/test-dir/MiniOzoneClusterImpl-a7a48124-c188-483e-b9a9-787dfdcc7198/datanode-6/data/ratis] (custom)
2019-09-25 05:54:08,734 [pool-87-thread-1] INFO  storage.RaftStorageDirectory (RaftStorageDirectory.java:analyzeStorage(246)) - The storage directory /workdir/hadoop-ozone/ozonefs/target/test-dir/MiniOzoneClusterImpl-a7a48124-c188-483e-b9a9-787dfdcc7198/datanode-6/data/ratis/934ebf55-c50f-47a4-a240-51b6066ce9a0 does not exist. Creating ...
2019-09-25 05:54:08,747 [pool-87-thread-1] INFO  storage.RaftStorageDirectory (RaftStorageDirectory.java:tryLock(328)) - Lock on /workdir/hadoop-ozone/ozonefs/target/test-dir/MiniOzoneClusterImpl-a7a48124-c188-483e-b9a9-787dfdcc7198/datanode-6/data/ratis/934ebf55-c50f-47a4-a240-51b6066ce9a0/in_use.lock acquired by nodename 19278@pr-hdds-1569-zxpks-796972592
2019-09-25 05:54:08,768 [pool-87-thread-1] INFO  storage.RaftStorage (RaftStorage.java:format(72)) - Storage directory /workdir/hadoop-ozone/ozonefs/target/test-dir/MiniOzoneClusterImpl-a7a48124-c188-483e-b9a9-787dfdcc7198/datanode-6/data/ratis/934ebf55-c50f-47a4-a240-51b6066ce9a0 has been successfully formatted.
2019-09-25 05:54:08,769 [pool-87-thread-1] INFO  ratis.ContainerStateMachine (ContainerStateMachine.java:loadSnapshot(230)) - group-51B6066CE9A0: The snapshot info is null. Setting the last applied indexto:(t:0, i:~)
2019-09-25 05:54:08,769 [pool-87-thread-1] INFO  server.RaftServerConfigKeys (ConfUtils.java:logGet(43)) - raft.server.notification.no-leader.timeout = 120s (custom)
2019-09-25 05:54:08,769 [pool-87-thread-1] INFO  server.RaftServerConfigKeys (ConfUtils.java:logGet(43)) - raft.server.log.use.memory = false (default)
2019-09-25 05:54:08,769 [pool-87-thread-1] INFO  server.RaftServerConfigKeys (ConfUtils.java:logGet(43)) - raft.server.log.purge.gap = 1000000 (custom)
2019-09-25 05:54:08,769 [pool-87-thread-1] INFO  server.RaftServerConfigKeys (ConfUtils.java:logGet(43)) - raft.server.log.appender.buffer.byte-limit = 33554432 (custom)
2019-09-25 05:54:08,770 [pool-87-thread-1] INFO  server.RaftServerConfigKeys (ConfUtils.java:logGet(43)) - raft.server.log.segment.size.max = 1048576 (custom)
2019-09-25 05:54:08,770 [pool-87-thread-1] INFO  server.RaftServerConfigKeys (ConfUtils.java:logGet(43)) - raft.server.log.segment.cache.num.max = 2 (custom)
2019-09-25 05:54:08,770 [pool-87-thread-1] INFO  segmented.SegmentedRaftLogWorker (SegmentedRaftLogWorker.java:<init>(172)) - new 042645b7-d9e3-44d6-a86c-5222fd8d5aba@group-51B6066CE9A0-SegmentedRaftLogWorker for RaftStorage:Storage Directory /workdir/hadoop-ozone/ozonefs/target/test-dir/MiniOzoneClusterImpl-a7a48124-c188-483e-b9a9-787dfdcc7198/datanode-6/data/ratis/934ebf55-c50f-47a4-a240-51b6066ce9a0
2019-09-25 05:54:08,770 [pool-87-thread-1] INFO  server.RaftServerConfigKeys (ConfUtils.java:logGet(43)) - raft.server.log.queue.byte-limit = 2147483647 (custom)
2019-09-25 05:54:08,770 [pool-87-thread-1] INFO  server.RaftServerConfigKeys (ConfUtils.java:logGet(43)) - raft.server.log.queue.element-limit = 1024 (custom)
2019-09-25 05:54:08,770 [pool-87-thread-1] INFO  server.RaftServerConfigKeys (ConfUtils.java:logGet(43)) - raft.server.log.segment.size.max = 1048576 (custom)
2019-09-25 05:54:08,770 [pool-87-thread-1] INFO  server.RaftServerConfigKeys (ConfUtils.java:logGet(43)) - raft.server.log.preallocated.size = 16384 (custom)
2019-09-25 05:54:08,773 [pool-87-thread-1] INFO  server.RaftServerConfigKeys (ConfUtils.java:logGet(43)) - raft.server.log.write.buffer.size = 33554432 (custom)
2019-09-25 05:54:08,773 [pool-87-thread-1] INFO  server.RaftServerConfigKeys (ConfUtils.java:logGet(43)) - raft.server.log.force.sync.num = 128 (default)
2019-09-25 05:54:08,774 [pool-87-thread-1] INFO  server.RaftServerConfigKeys (ConfUtils.java:logGet(43)) - raft.server.log.statemachine.data.sync = true (default)
2019-09-25 05:54:08,774 [pool-87-thread-1] INFO  server.RaftServerConfigKeys (ConfUtils.java:logGet(43)) - raft.server.log.statemachine.data.sync.timeout = 10s (default)
2019-09-25 05:54:08,774 [pool-87-thread-1] INFO  server.RaftServerConfigKeys (ConfUtils.java:logGet(43)) - raft.server.log.statemachine.data.sync.timeout.retry = -1 (default)
2019-09-25 05:54:08,774 [pool-87-thread-1] INFO  server.RaftServerConfigKeys (ConfUtils.java:logGet(43)) - raft.server.log.statemachine.data.caching.enabled = true (custom)
2019-09-25 05:54:08,775 [pool-87-thread-1] INFO  segmented.SegmentedRaftLogWorker (SegmentedRaftLogWorker.java:lambda$new$0(132)) - 042645b7-d9e3-44d6-a86c-5222fd8d5aba@group-51B6066CE9A0-SegmentedRaftLogWorker: flushIndex: setUnconditionally 0 -> -1
2019-09-25 05:54:08,775 [pool-87-thread-1] INFO  server.RaftServerConfigKeys (ConfUtils.java:logGet(43)) - raft.server.snapshot.auto.trigger.enabled = true (custom)
2019-09-25 05:54:08,775 [pool-87-thread-1] INFO  server.RaftServerConfigKeys (ConfUtils.java:logGet(43)) - raft.server.snapshot.auto.trigger.threshold = 10000 (custom)
2019-09-25 05:54:08,775 [pool-87-thread-1] INFO  server.RaftServerConfigKeys (ConfUtils.java:logGet(43)) - raft.server.snapshot.retention.num.files = 5 (custom)
2019-09-25 05:54:08,775 [pool-87-thread-1] INFO  server.RaftServerConfigKeys (ConfUtils.java:logGet(43)) - raft.server.retrycache.expirytime = 600000ms (custom)
2019-09-25 05:54:08,780 [pool-87-thread-1] INFO  impl.RaftServerImpl (RaftServerImpl.java:start(185)) - 042645b7-d9e3-44d6-a86c-5222fd8d5aba@group-51B6066CE9A0: start as a follower, conf=-1: [042645b7-d9e3-44d6-a86c-5222fd8d5aba:192.168.5.161:35465], old=null
2019-09-25 05:54:08,781 [pool-87-thread-1] INFO  impl.RaftServerImpl (RaftServerImpl.java:setRole(174)) - 042645b7-d9e3-44d6-a86c-5222fd8d5aba@group-51B6066CE9A0: changes role from      null to FOLLOWER at term 0 for startAsFollower
2019-09-25 05:54:08,781 [pool-87-thread-1] INFO  impl.RoleInfo (RoleInfo.java:updateAndGet(143)) - 042645b7-d9e3-44d6-a86c-5222fd8d5aba: start FollowerState
2019-09-25 05:54:08,781 [pool-87-thread-1] INFO  util.JmxRegister (JmxRegister.java:tryRegister(44)) - Successfully registered JMX Bean with object name Ratis:service=RaftServer,group=group-51B6066CE9A0,id=042645b7-d9e3-44d6-a86c-5222fd8d5aba
2019-09-25 05:54:08,787 [RatisPipelineUtilsThread] INFO  pipeline.PipelineStateManager (PipelineStateManager.java:addPipeline(56)) - Created pipeline Pipeline[ Id: 934ebf55-c50f-47a4-a240-51b6066ce9a0, Nodes: 042645b7-d9e3-44d6-a86c-5222fd8d5aba{ip: 192.168.5.161, host: pr-hdds-1569-zxpks-796972592, networkLocation: /default-rack, certSerialId: null}, Type:RATIS, Factor:ONE, State:OPEN]
2019-09-25 05:54:08,787 [RatisPipelineUtilsThread] INFO  pipeline.PipelinePlacementPolicy (PipelinePlacementPolicy.java:meetCriteria(91)) - Pipeline Placement: can't place more pipeline on heavy datanode： f28e89b6-3953-4014-b5dd-5d7c12bc90a1 Heaviness: 6 limit: 5
2019-09-25 05:54:08,799 [grpc-default-executor-0] INFO  impl.RaftServerProxy (RaftServerProxy.java:addNew(89)) - 169f835a-5a51-4a80-ac17-f8139cf3a6e7: addNew group-A225EE6777BA:[169f835a-5a51-4a80-ac17-f8139cf3a6e7:192.168.5.161:39029] returns group-A225EE6777BA:java.util.concurrent.CompletableFuture@34148764[Not completed]
2019-09-25 05:54:08,800 [pool-77-thread-1] INFO  impl.RaftServerImpl (RaftServerImpl.java:<init>(95)) - 169f835a-5a51-4a80-ac17-f8139cf3a6e7: new RaftServerImpl for group-A225EE6777BA:[169f835a-5a51-4a80-ac17-f8139cf3a6e7:192.168.5.161:39029] with ContainerStateMachine:uninitialized
2019-09-25 05:54:08,800 [pool-77-thread-1] INFO  server.RaftServerConfigKeys (ConfUtils.java:logGet(43)) - raft.server.rpc.timeout.min = 5s (custom)
2019-09-25 05:54:08,801 [pool-77-thread-1] INFO  server.RaftServerConfigKeys (ConfUtils.java:logGet(43)) - raft.server.rpc.timeout.max = 5200ms (custom)
2019-09-25 05:54:08,801 [pool-77-thread-1] INFO  server.RaftServerConfigKeys (ConfUtils.java:logGet(43)) - raft.server.rpcslowness.timeout = 120s (custom)
2019-09-25 05:54:08,801 [pool-77-thread-1] INFO  server.RaftServerConfigKeys (ConfUtils.java:logGet(43)) - raft.server.sleep.deviation.threshold = 300 (default)
2019-09-25 05:54:08,801 [pool-77-thread-1] INFO  server.RaftServerConfigKeys (ConfUtils.java:logGet(43)) - raft.server.log.appender.install.snapshot.enabled = false (custom)
2019-09-25 05:54:08,801 [pool-77-thread-1] INFO  impl.RaftServerImpl (ServerState.java:<init>(103)) - 169f835a-5a51-4a80-ac17-f8139cf3a6e7@group-A225EE6777BA: ConfigurationManager, init=-1: [169f835a-5a51-4a80-ac17-f8139cf3a6e7:192.168.5.161:39029], old=null, confs=<EMPTY_MAP>
2019-09-25 05:54:08,801 [pool-77-thread-1] INFO  server.RaftServerConfigKeys (ConfUtils.java:logGet(43)) - raft.server.storage.dir = [/workdir/hadoop-ozone/ozonefs/target/test-dir/MiniOzoneClusterImpl-a7a48124-c188-483e-b9a9-787dfdcc7198/datanode-5/data/ratis] (custom)
2019-09-25 05:54:08,802 [pool-77-thread-1] INFO  storage.RaftStorageDirectory (RaftStorageDirectory.java:analyzeStorage(246)) - The storage directory /workdir/hadoop-ozone/ozonefs/target/test-dir/MiniOzoneClusterImpl-a7a48124-c188-483e-b9a9-787dfdcc7198/datanode-5/data/ratis/8adc02d6-4f54-4ea5-b83a-a225ee6777ba does not exist. Creating ...
2019-09-25 05:54:08,823 [pool-77-thread-1] INFO  storage.RaftStorageDirectory (RaftStorageDirectory.java:tryLock(328)) - Lock on /workdir/hadoop-ozone/ozonefs/target/test-dir/MiniOzoneClusterImpl-a7a48124-c188-483e-b9a9-787dfdcc7198/datanode-5/data/ratis/8adc02d6-4f54-4ea5-b83a-a225ee6777ba/in_use.lock acquired by nodename 19278@pr-hdds-1569-zxpks-796972592
2019-09-25 05:54:08,836 [pool-77-thread-1] INFO  storage.RaftStorage (RaftStorage.java:format(72)) - Storage directory /workdir/hadoop-ozone/ozonefs/target/test-dir/MiniOzoneClusterImpl-a7a48124-c188-483e-b9a9-787dfdcc7198/datanode-5/data/ratis/8adc02d6-4f54-4ea5-b83a-a225ee6777ba has been successfully formatted.
2019-09-25 05:54:08,836 [pool-77-thread-1] INFO  ratis.ContainerStateMachine (ContainerStateMachine.java:loadSnapshot(230)) - group-A225EE6777BA: The snapshot info is null. Setting the last applied indexto:(t:0, i:~)
2019-09-25 05:54:08,836 [pool-77-thread-1] INFO  server.RaftServerConfigKeys (ConfUtils.java:logGet(43)) - raft.server.notification.no-leader.timeout = 120s (custom)
2019-09-25 05:54:08,836 [pool-77-thread-1] INFO  server.RaftServerConfigKeys (ConfUtils.java:logGet(43)) - raft.server.log.use.memory = false (default)
2019-09-25 05:54:08,837 [pool-77-thread-1] INFO  server.RaftServerConfigKeys (ConfUtils.java:logGet(43)) - raft.server.log.purge.gap = 1000000 (custom)
2019-09-25 05:54:08,837 [pool-77-thread-1] INFO  server.RaftServerConfigKeys (ConfUtils.java:logGet(43)) - raft.server.log.appender.buffer.byte-limit = 33554432 (custom)
2019-09-25 05:54:08,837 [pool-77-thread-1] INFO  server.RaftServerConfigKeys (ConfUtils.java:logGet(43)) - raft.server.log.segment.size.max = 1048576 (custom)
2019-09-25 05:54:08,837 [pool-77-thread-1] INFO  server.RaftServerConfigKeys (ConfUtils.java:logGet(43)) - raft.server.log.segment.cache.num.max = 2 (custom)
2019-09-25 05:54:08,837 [pool-77-thread-1] INFO  segmented.SegmentedRaftLogWorker (SegmentedRaftLogWorker.java:<init>(172)) - new 169f835a-5a51-4a80-ac17-f8139cf3a6e7@group-A225EE6777BA-SegmentedRaftLogWorker for RaftStorage:Storage Directory /workdir/hadoop-ozone/ozonefs/target/test-dir/MiniOzoneClusterImpl-a7a48124-c188-483e-b9a9-787dfdcc7198/datanode-5/data/ratis/8adc02d6-4f54-4ea5-b83a-a225ee6777ba
2019-09-25 05:54:08,837 [pool-77-thread-1] INFO  server.RaftServerConfigKeys (ConfUtils.java:logGet(43)) - raft.server.log.queue.byte-limit = 2147483647 (custom)
2019-09-25 05:54:08,838 [pool-77-thread-1] INFO  server.RaftServerConfigKeys (ConfUtils.java:logGet(43)) - raft.server.log.queue.element-limit = 1024 (custom)
2019-09-25 05:54:08,838 [pool-77-thread-1] INFO  server.RaftServerConfigKeys (ConfUtils.java:logGet(43)) - raft.server.log.segment.size.max = 1048576 (custom)
2019-09-25 05:54:08,838 [pool-77-thread-1] INFO  server.RaftServerConfigKeys (ConfUtils.java:logGet(43)) - raft.server.log.preallocated.size = 16384 (custom)
2019-09-25 05:54:08,838 [pool-77-thread-1] INFO  server.RaftServerConfigKeys (ConfUtils.java:logGet(43)) - raft.server.log.write.buffer.size = 33554432 (custom)
2019-09-25 05:54:08,838 [pool-77-thread-1] INFO  server.RaftServerConfigKeys (ConfUtils.java:logGet(43)) - raft.server.log.force.sync.num = 128 (default)
2019-09-25 05:54:08,838 [pool-77-thread-1] INFO  server.RaftServerConfigKeys (ConfUtils.java:logGet(43)) - raft.server.log.statemachine.data.sync = true (default)
2019-09-25 05:54:08,839 [pool-77-thread-1] INFO  server.RaftServerConfigKeys (ConfUtils.java:logGet(43)) - raft.server.log.statemachine.data.sync.timeout = 10s (default)
2019-09-25 05:54:08,839 [pool-77-thread-1] INFO  server.RaftServerConfigKeys (ConfUtils.java:logGet(43)) - raft.server.log.statemachine.data.sync.timeout.retry = -1 (default)
2019-09-25 05:54:08,839 [pool-77-thread-1] INFO  server.RaftServerConfigKeys (ConfUtils.java:logGet(43)) - raft.server.log.statemachine.data.caching.enabled = true (custom)
2019-09-25 05:54:08,840 [pool-77-thread-1] INFO  segmented.SegmentedRaftLogWorker (SegmentedRaftLogWorker.java:lambda$new$0(132)) - 169f835a-5a51-4a80-ac17-f8139cf3a6e7@group-A225EE6777BA-SegmentedRaftLogWorker: flushIndex: setUnconditionally 0 -> -1
2019-09-25 05:54:08,840 [pool-77-thread-1] INFO  server.RaftServerConfigKeys (ConfUtils.java:logGet(43)) - raft.server.snapshot.auto.trigger.enabled = true (custom)
2019-09-25 05:54:08,840 [pool-77-thread-1] INFO  server.RaftServerConfigKeys (ConfUtils.java:logGet(43)) - raft.server.snapshot.auto.trigger.threshold = 10000 (custom)
2019-09-25 05:54:08,840 [pool-77-thread-1] INFO  server.RaftServerConfigKeys (ConfUtils.java:logGet(43)) - raft.server.snapshot.retention.num.files = 5 (custom)
2019-09-25 05:54:08,841 [pool-77-thread-1] INFO  server.RaftServerConfigKeys (ConfUtils.java:logGet(43)) - raft.server.retrycache.expirytime = 600000ms (custom)
2019-09-25 05:54:08,844 [pool-77-thread-1] INFO  impl.RaftServerImpl (RaftServerImpl.java:start(185)) - 169f835a-5a51-4a80-ac17-f8139cf3a6e7@group-A225EE6777BA: start as a follower, conf=-1: [169f835a-5a51-4a80-ac17-f8139cf3a6e7:192.168.5.161:39029], old=null
2019-09-25 05:54:08,844 [pool-77-thread-1] INFO  impl.RaftServerImpl (RaftServerImpl.java:setRole(174)) - 169f835a-5a51-4a80-ac17-f8139cf3a6e7@group-A225EE6777BA: changes role from      null to FOLLOWER at term 0 for startAsFollower
2019-09-25 05:54:08,844 [pool-77-thread-1] INFO  impl.RoleInfo (RoleInfo.java:updateAndGet(143)) - 169f835a-5a51-4a80-ac17-f8139cf3a6e7: start FollowerState
2019-09-25 05:54:08,845 [pool-77-thread-1] INFO  util.JmxRegister (JmxRegister.java:tryRegister(44)) - Successfully registered JMX Bean with object name Ratis:service=RaftServer,group=group-A225EE6777BA,id=169f835a-5a51-4a80-ac17-f8139cf3a6e7
2019-09-25 05:54:08,852 [RatisPipelineUtilsThread] INFO  pipeline.PipelineStateManager (PipelineStateManager.java:addPipeline(56)) - Created pipeline Pipeline[ Id: 8adc02d6-4f54-4ea5-b83a-a225ee6777ba, Nodes: 169f835a-5a51-4a80-ac17-f8139cf3a6e7{ip: 192.168.5.161, host: pr-hdds-1569-zxpks-796972592, networkLocation: /default-rack, certSerialId: null}, Type:RATIS, Factor:ONE, State:OPEN]
2019-09-25 05:54:08,852 [RatisPipelineUtilsThread] INFO  pipeline.PipelinePlacementPolicy (PipelinePlacementPolicy.java:meetCriteria(91)) - Pipeline Placement: can't place more pipeline on heavy datanode： f28e89b6-3953-4014-b5dd-5d7c12bc90a1 Heaviness: 6 limit: 5
2019-09-25 05:54:08,866 [grpc-default-executor-0] INFO  impl.RaftServerProxy (RaftServerProxy.java:addNew(89)) - a171a438-4db2-4a15-a03d-8d01a40a69ad: addNew group-9C43365FF7E1:[a171a438-4db2-4a15-a03d-8d01a40a69ad:192.168.5.161:39877] returns group-9C43365FF7E1:java.util.concurrent.CompletableFuture@3442f086[Not completed]
2019-09-25 05:54:08,870 [pool-27-thread-1] INFO  impl.RaftServerImpl (RaftServerImpl.java:<init>(95)) - a171a438-4db2-4a15-a03d-8d01a40a69ad: new RaftServerImpl for group-9C43365FF7E1:[a171a438-4db2-4a15-a03d-8d01a40a69ad:192.168.5.161:39877] with ContainerStateMachine:uninitialized
2019-09-25 05:54:08,870 [pool-27-thread-1] INFO  server.RaftServerConfigKeys (ConfUtils.java:logGet(43)) - raft.server.rpc.timeout.min = 5s (custom)
2019-09-25 05:54:08,870 [pool-27-thread-1] INFO  server.RaftServerConfigKeys (ConfUtils.java:logGet(43)) - raft.server.rpc.timeout.max = 5200ms (custom)
2019-09-25 05:54:08,870 [pool-27-thread-1] INFO  server.RaftServerConfigKeys (ConfUtils.java:logGet(43)) - raft.server.rpcslowness.timeout = 120s (custom)
2019-09-25 05:54:08,870 [pool-27-thread-1] INFO  server.RaftServerConfigKeys (ConfUtils.java:logGet(43)) - raft.server.sleep.deviation.threshold = 300 (default)
2019-09-25 05:54:08,871 [pool-27-thread-1] INFO  server.RaftServerConfigKeys (ConfUtils.java:logGet(43)) - raft.server.log.appender.install.snapshot.enabled = false (custom)
2019-09-25 05:54:08,871 [pool-27-thread-1] INFO  impl.RaftServerImpl (ServerState.java:<init>(103)) - a171a438-4db2-4a15-a03d-8d01a40a69ad@group-9C43365FF7E1: ConfigurationManager, init=-1: [a171a438-4db2-4a15-a03d-8d01a40a69ad:192.168.5.161:39877], old=null, confs=<EMPTY_MAP>
2019-09-25 05:54:08,871 [pool-27-thread-1] INFO  server.RaftServerConfigKeys (ConfUtils.java:logGet(43)) - raft.server.storage.dir = [/workdir/hadoop-ozone/ozonefs/target/test-dir/MiniOzoneClusterImpl-a7a48124-c188-483e-b9a9-787dfdcc7198/datanode-0/data/ratis] (custom)
2019-09-25 05:54:08,872 [pool-27-thread-1] INFO  storage.RaftStorageDirectory (RaftStorageDirectory.java:analyzeStorage(246)) - The storage directory /workdir/hadoop-ozone/ozonefs/target/test-dir/MiniOzoneClusterImpl-a7a48124-c188-483e-b9a9-787dfdcc7198/datanode-0/data/ratis/0fe8b4e4-e7c3-484a-bf01-9c43365ff7e1 does not exist. Creating ...
2019-09-25 05:54:08,886 [pool-27-thread-1] INFO  storage.RaftStorageDirectory (RaftStorageDirectory.java:tryLock(328)) - Lock on /workdir/hadoop-ozone/ozonefs/target/test-dir/MiniOzoneClusterImpl-a7a48124-c188-483e-b9a9-787dfdcc7198/datanode-0/data/ratis/0fe8b4e4-e7c3-484a-bf01-9c43365ff7e1/in_use.lock acquired by nodename 19278@pr-hdds-1569-zxpks-796972592
2019-09-25 05:54:08,899 [pool-27-thread-1] INFO  storage.RaftStorage (RaftStorage.java:format(72)) - Storage directory /workdir/hadoop-ozone/ozonefs/target/test-dir/MiniOzoneClusterImpl-a7a48124-c188-483e-b9a9-787dfdcc7198/datanode-0/data/ratis/0fe8b4e4-e7c3-484a-bf01-9c43365ff7e1 has been successfully formatted.
2019-09-25 05:54:08,899 [pool-27-thread-1] INFO  ratis.ContainerStateMachine (ContainerStateMachine.java:loadSnapshot(230)) - group-9C43365FF7E1: The snapshot info is null. Setting the last applied indexto:(t:0, i:~)
2019-09-25 05:54:08,899 [pool-27-thread-1] INFO  server.RaftServerConfigKeys (ConfUtils.java:logGet(43)) - raft.server.notification.no-leader.timeout = 120s (custom)
2019-09-25 05:54:08,899 [pool-27-thread-1] INFO  server.RaftServerConfigKeys (ConfUtils.java:logGet(43)) - raft.server.log.use.memory = false (default)
2019-09-25 05:54:08,899 [pool-27-thread-1] INFO  server.RaftServerConfigKeys (ConfUtils.java:logGet(43)) - raft.server.log.purge.gap = 1000000 (custom)
2019-09-25 05:54:08,900 [pool-27-thread-1] INFO  server.RaftServerConfigKeys (ConfUtils.java:logGet(43)) - raft.server.log.appender.buffer.byte-limit = 33554432 (custom)
2019-09-25 05:54:08,900 [pool-27-thread-1] INFO  server.RaftServerConfigKeys (ConfUtils.java:logGet(43)) - raft.server.log.segment.size.max = 1048576 (custom)
2019-09-25 05:54:08,900 [pool-27-thread-1] INFO  server.RaftServerConfigKeys (ConfUtils.java:logGet(43)) - raft.server.log.segment.cache.num.max = 2 (custom)
2019-09-25 05:54:08,900 [pool-27-thread-1] INFO  segmented.SegmentedRaftLogWorker (SegmentedRaftLogWorker.java:<init>(172)) - new a171a438-4db2-4a15-a03d-8d01a40a69ad@group-9C43365FF7E1-SegmentedRaftLogWorker for RaftStorage:Storage Directory /workdir/hadoop-ozone/ozonefs/target/test-dir/MiniOzoneClusterImpl-a7a48124-c188-483e-b9a9-787dfdcc7198/datanode-0/data/ratis/0fe8b4e4-e7c3-484a-bf01-9c43365ff7e1
2019-09-25 05:54:08,900 [pool-27-thread-1] INFO  server.RaftServerConfigKeys (ConfUtils.java:logGet(43)) - raft.server.log.queue.byte-limit = 2147483647 (custom)
2019-09-25 05:54:08,900 [pool-27-thread-1] INFO  server.RaftServerConfigKeys (ConfUtils.java:logGet(43)) - raft.server.log.queue.element-limit = 1024 (custom)
2019-09-25 05:54:08,900 [pool-27-thread-1] INFO  server.RaftServerConfigKeys (ConfUtils.java:logGet(43)) - raft.server.log.segment.size.max = 1048576 (custom)
2019-09-25 05:54:08,900 [pool-27-thread-1] INFO  server.RaftServerConfigKeys (ConfUtils.java:logGet(43)) - raft.server.log.preallocated.size = 16384 (custom)
2019-09-25 05:54:08,901 [pool-27-thread-1] INFO  server.RaftServerConfigKeys (ConfUtils.java:logGet(43)) - raft.server.log.write.buffer.size = 33554432 (custom)
2019-09-25 05:54:08,901 [pool-27-thread-1] INFO  server.RaftServerConfigKeys (ConfUtils.java:logGet(43)) - raft.server.log.force.sync.num = 128 (default)
2019-09-25 05:54:08,901 [pool-27-thread-1] INFO  server.RaftServerConfigKeys (ConfUtils.java:logGet(43)) - raft.server.log.statemachine.data.sync = true (default)
2019-09-25 05:54:08,901 [pool-27-thread-1] INFO  server.RaftServerConfigKeys (ConfUtils.java:logGet(43)) - raft.server.log.statemachine.data.sync.timeout = 10s (default)
2019-09-25 05:54:08,901 [pool-27-thread-1] INFO  server.RaftServerConfigKeys (ConfUtils.java:logGet(43)) - raft.server.log.statemachine.data.sync.timeout.retry = -1 (default)
2019-09-25 05:54:08,901 [pool-27-thread-1] INFO  server.RaftServerConfigKeys (ConfUtils.java:logGet(43)) - raft.server.log.statemachine.data.caching.enabled = true (custom)
2019-09-25 05:54:08,902 [pool-27-thread-1] INFO  segmented.SegmentedRaftLogWorker (SegmentedRaftLogWorker.java:lambda$new$0(132)) - a171a438-4db2-4a15-a03d-8d01a40a69ad@group-9C43365FF7E1-SegmentedRaftLogWorker: flushIndex: setUnconditionally 0 -> -1
2019-09-25 05:54:08,902 [pool-27-thread-1] INFO  server.RaftServerConfigKeys (ConfUtils.java:logGet(43)) - raft.server.snapshot.auto.trigger.enabled = true (custom)
2019-09-25 05:54:08,902 [pool-27-thread-1] INFO  server.RaftServerConfigKeys (ConfUtils.java:logGet(43)) - raft.server.snapshot.auto.trigger.threshold = 10000 (custom)
2019-09-25 05:54:08,902 [pool-27-thread-1] INFO  server.RaftServerConfigKeys (ConfUtils.java:logGet(43)) - raft.server.snapshot.retention.num.files = 5 (custom)
2019-09-25 05:54:08,902 [pool-27-thread-1] INFO  server.RaftServerConfigKeys (ConfUtils.java:logGet(43)) - raft.server.retrycache.expirytime = 600000ms (custom)
2019-09-25 05:54:08,904 [pool-27-thread-1] INFO  impl.RaftServerImpl (RaftServerImpl.java:start(185)) - a171a438-4db2-4a15-a03d-8d01a40a69ad@group-9C43365FF7E1: start as a follower, conf=-1: [a171a438-4db2-4a15-a03d-8d01a40a69ad:192.168.5.161:39877], old=null
2019-09-25 05:54:08,904 [pool-27-thread-1] INFO  impl.RaftServerImpl (RaftServerImpl.java:setRole(174)) - a171a438-4db2-4a15-a03d-8d01a40a69ad@group-9C43365FF7E1: changes role from      null to FOLLOWER at term 0 for startAsFollower
2019-09-25 05:54:08,905 [pool-27-thread-1] INFO  impl.RoleInfo (RoleInfo.java:updateAndGet(143)) - a171a438-4db2-4a15-a03d-8d01a40a69ad: start FollowerState
2019-09-25 05:54:08,905 [pool-27-thread-1] INFO  util.JmxRegister (JmxRegister.java:tryRegister(44)) - Successfully registered JMX Bean with object name Ratis:service=RaftServer,group=group-9C43365FF7E1,id=a171a438-4db2-4a15-a03d-8d01a40a69ad
2019-09-25 05:54:08,911 [RatisPipelineUtilsThread] INFO  pipeline.PipelineStateManager (PipelineStateManager.java:addPipeline(56)) - Created pipeline Pipeline[ Id: 0fe8b4e4-e7c3-484a-bf01-9c43365ff7e1, Nodes: a171a438-4db2-4a15-a03d-8d01a40a69ad{ip: 192.168.5.161, host: pr-hdds-1569-zxpks-796972592, networkLocation: /default-rack, certSerialId: null}, Type:RATIS, Factor:ONE, State:OPEN]
2019-09-25 05:54:08,911 [RatisPipelineUtilsThread] INFO  pipeline.PipelinePlacementPolicy (PipelinePlacementPolicy.java:meetCriteria(91)) - Pipeline Placement: can't place more pipeline on heavy datanode： f28e89b6-3953-4014-b5dd-5d7c12bc90a1 Heaviness: 6 limit: 5
2019-09-25 05:54:08,911 [RatisPipelineUtilsThread] INFO  pipeline.PipelinePlacementPolicy (PipelinePlacementPolicy.java:meetCriteria(91)) - Pipeline Placement: can't place more pipeline on heavy datanode： a171a438-4db2-4a15-a03d-8d01a40a69ad Heaviness: 6 limit: 5
2019-09-25 05:54:08,924 [grpc-default-executor-0] INFO  impl.RaftServerProxy (RaftServerProxy.java:addNew(89)) - 169f835a-5a51-4a80-ac17-f8139cf3a6e7: addNew group-A0115C1FFAB7:[169f835a-5a51-4a80-ac17-f8139cf3a6e7:192.168.5.161:39029] returns group-A0115C1FFAB7:java.util.concurrent.CompletableFuture@b6d724e[Not completed]
2019-09-25 05:54:08,925 [pool-77-thread-1] INFO  impl.RaftServerImpl (RaftServerImpl.java:<init>(95)) - 169f835a-5a51-4a80-ac17-f8139cf3a6e7: new RaftServerImpl for group-A0115C1FFAB7:[169f835a-5a51-4a80-ac17-f8139cf3a6e7:192.168.5.161:39029] with ContainerStateMachine:uninitialized
2019-09-25 05:54:08,925 [pool-77-thread-1] INFO  server.RaftServerConfigKeys (ConfUtils.java:logGet(43)) - raft.server.rpc.timeout.min = 5s (custom)
2019-09-25 05:54:08,925 [pool-77-thread-1] INFO  server.RaftServerConfigKeys (ConfUtils.java:logGet(43)) - raft.server.rpc.timeout.max = 5200ms (custom)
2019-09-25 05:54:08,925 [pool-77-thread-1] INFO  server.RaftServerConfigKeys (ConfUtils.java:logGet(43)) - raft.server.rpcslowness.timeout = 120s (custom)
2019-09-25 05:54:08,925 [pool-77-thread-1] INFO  server.RaftServerConfigKeys (ConfUtils.java:logGet(43)) - raft.server.sleep.deviation.threshold = 300 (default)
2019-09-25 05:54:08,925 [pool-77-thread-1] INFO  server.RaftServerConfigKeys (ConfUtils.java:logGet(43)) - raft.server.log.appender.install.snapshot.enabled = false (custom)
2019-09-25 05:54:08,925 [pool-77-thread-1] INFO  impl.RaftServerImpl (ServerState.java:<init>(103)) - 169f835a-5a51-4a80-ac17-f8139cf3a6e7@group-A0115C1FFAB7: ConfigurationManager, init=-1: [169f835a-5a51-4a80-ac17-f8139cf3a6e7:192.168.5.161:39029], old=null, confs=<EMPTY_MAP>
2019-09-25 05:54:08,926 [pool-77-thread-1] INFO  server.RaftServerConfigKeys (ConfUtils.java:logGet(43)) - raft.server.storage.dir = [/workdir/hadoop-ozone/ozonefs/target/test-dir/MiniOzoneClusterImpl-a7a48124-c188-483e-b9a9-787dfdcc7198/datanode-5/data/ratis] (custom)
2019-09-25 05:54:08,926 [pool-77-thread-1] INFO  storage.RaftStorageDirectory (RaftStorageDirectory.java:analyzeStorage(246)) - The storage directory /workdir/hadoop-ozone/ozonefs/target/test-dir/MiniOzoneClusterImpl-a7a48124-c188-483e-b9a9-787dfdcc7198/datanode-5/data/ratis/40bf15e1-5cfc-45b7-9c6f-a0115c1ffab7 does not exist. Creating ...
2019-09-25 05:54:08,939 [pool-77-thread-1] INFO  storage.RaftStorageDirectory (RaftStorageDirectory.java:tryLock(328)) - Lock on /workdir/hadoop-ozone/ozonefs/target/test-dir/MiniOzoneClusterImpl-a7a48124-c188-483e-b9a9-787dfdcc7198/datanode-5/data/ratis/40bf15e1-5cfc-45b7-9c6f-a0115c1ffab7/in_use.lock acquired by nodename 19278@pr-hdds-1569-zxpks-796972592
2019-09-25 05:54:08,952 [pool-77-thread-1] INFO  storage.RaftStorage (RaftStorage.java:format(72)) - Storage directory /workdir/hadoop-ozone/ozonefs/target/test-dir/MiniOzoneClusterImpl-a7a48124-c188-483e-b9a9-787dfdcc7198/datanode-5/data/ratis/40bf15e1-5cfc-45b7-9c6f-a0115c1ffab7 has been successfully formatted.
2019-09-25 05:54:08,952 [pool-77-thread-1] INFO  ratis.ContainerStateMachine (ContainerStateMachine.java:loadSnapshot(230)) - group-A0115C1FFAB7: The snapshot info is null. Setting the last applied indexto:(t:0, i:~)
2019-09-25 05:54:08,952 [pool-77-thread-1] INFO  server.RaftServerConfigKeys (ConfUtils.java:logGet(43)) - raft.server.notification.no-leader.timeout = 120s (custom)
2019-09-25 05:54:08,952 [pool-77-thread-1] INFO  server.RaftServerConfigKeys (ConfUtils.java:logGet(43)) - raft.server.log.use.memory = false (default)
2019-09-25 05:54:08,952 [pool-77-thread-1] INFO  server.RaftServerConfigKeys (ConfUtils.java:logGet(43)) - raft.server.log.purge.gap = 1000000 (custom)
2019-09-25 05:54:08,952 [pool-77-thread-1] INFO  server.RaftServerConfigKeys (ConfUtils.java:logGet(43)) - raft.server.log.appender.buffer.byte-limit = 33554432 (custom)
2019-09-25 05:54:08,953 [pool-77-thread-1] INFO  server.RaftServerConfigKeys (ConfUtils.java:logGet(43)) - raft.server.log.segment.size.max = 1048576 (custom)
2019-09-25 05:54:08,953 [pool-77-thread-1] INFO  server.RaftServerConfigKeys (ConfUtils.java:logGet(43)) - raft.server.log.segment.cache.num.max = 2 (custom)
2019-09-25 05:54:08,953 [pool-77-thread-1] INFO  segmented.SegmentedRaftLogWorker (SegmentedRaftLogWorker.java:<init>(172)) - new 169f835a-5a51-4a80-ac17-f8139cf3a6e7@group-A0115C1FFAB7-SegmentedRaftLogWorker for RaftStorage:Storage Directory /workdir/hadoop-ozone/ozonefs/target/test-dir/MiniOzoneClusterImpl-a7a48124-c188-483e-b9a9-787dfdcc7198/datanode-5/data/ratis/40bf15e1-5cfc-45b7-9c6f-a0115c1ffab7
2019-09-25 05:54:08,953 [pool-77-thread-1] INFO  server.RaftServerConfigKeys (ConfUtils.java:logGet(43)) - raft.server.log.queue.byte-limit = 2147483647 (custom)
2019-09-25 05:54:08,953 [pool-77-thread-1] INFO  server.RaftServerConfigKeys (ConfUtils.java:logGet(43)) - raft.server.log.queue.element-limit = 1024 (custom)
2019-09-25 05:54:08,953 [pool-77-thread-1] INFO  server.RaftServerConfigKeys (ConfUtils.java:logGet(43)) - raft.server.log.segment.size.max = 1048576 (custom)
2019-09-25 05:54:08,953 [pool-77-thread-1] INFO  server.RaftServerConfigKeys (ConfUtils.java:logGet(43)) - raft.server.log.preallocated.size = 16384 (custom)
2019-09-25 05:54:08,954 [pool-77-thread-1] INFO  server.RaftServerConfigKeys (ConfUtils.java:logGet(43)) - raft.server.log.write.buffer.size = 33554432 (custom)
2019-09-25 05:54:08,954 [pool-77-thread-1] INFO  server.RaftServerConfigKeys (ConfUtils.java:logGet(43)) - raft.server.log.force.sync.num = 128 (default)
2019-09-25 05:54:08,954 [pool-77-thread-1] INFO  server.RaftServerConfigKeys (ConfUtils.java:logGet(43)) - raft.server.log.statemachine.data.sync = true (default)
2019-09-25 05:54:08,954 [pool-77-thread-1] INFO  server.RaftServerConfigKeys (ConfUtils.java:logGet(43)) - raft.server.log.statemachine.data.sync.timeout = 10s (default)
2019-09-25 05:54:08,954 [pool-77-thread-1] INFO  server.RaftServerConfigKeys (ConfUtils.java:logGet(43)) - raft.server.log.statemachine.data.sync.timeout.retry = -1 (default)
2019-09-25 05:54:08,954 [pool-77-thread-1] INFO  server.RaftServerConfigKeys (ConfUtils.java:logGet(43)) - raft.server.log.statemachine.data.caching.enabled = true (custom)
2019-09-25 05:54:08,955 [pool-77-thread-1] INFO  segmented.SegmentedRaftLogWorker (SegmentedRaftLogWorker.java:lambda$new$0(132)) - 169f835a-5a51-4a80-ac17-f8139cf3a6e7@group-A0115C1FFAB7-SegmentedRaftLogWorker: flushIndex: setUnconditionally 0 -> -1
2019-09-25 05:54:08,955 [pool-77-thread-1] INFO  server.RaftServerConfigKeys (ConfUtils.java:logGet(43)) - raft.server.snapshot.auto.trigger.enabled = true (custom)
2019-09-25 05:54:08,955 [pool-77-thread-1] INFO  server.RaftServerConfigKeys (ConfUtils.java:logGet(43)) - raft.server.snapshot.auto.trigger.threshold = 10000 (custom)
2019-09-25 05:54:08,955 [pool-77-thread-1] INFO  server.RaftServerConfigKeys (ConfUtils.java:logGet(43)) - raft.server.snapshot.retention.num.files = 5 (custom)
2019-09-25 05:54:08,955 [pool-77-thread-1] INFO  server.RaftServerConfigKeys (ConfUtils.java:logGet(43)) - raft.server.retrycache.expirytime = 600000ms (custom)
2019-09-25 05:54:08,958 [pool-77-thread-1] INFO  impl.RaftServerImpl (RaftServerImpl.java:start(185)) - 169f835a-5a51-4a80-ac17-f8139cf3a6e7@group-A0115C1FFAB7: start as a follower, conf=-1: [169f835a-5a51-4a80-ac17-f8139cf3a6e7:192.168.5.161:39029], old=null
2019-09-25 05:54:08,958 [pool-77-thread-1] INFO  impl.RaftServerImpl (RaftServerImpl.java:setRole(174)) - 169f835a-5a51-4a80-ac17-f8139cf3a6e7@group-A0115C1FFAB7: changes role from      null to FOLLOWER at term 0 for startAsFollower
2019-09-25 05:54:08,958 [pool-77-thread-1] INFO  impl.RoleInfo (RoleInfo.java:updateAndGet(143)) - 169f835a-5a51-4a80-ac17-f8139cf3a6e7: start FollowerState
2019-09-25 05:54:08,959 [pool-77-thread-1] INFO  util.JmxRegister (JmxRegister.java:tryRegister(44)) - Successfully registered JMX Bean with object name Ratis:service=RaftServer,group=group-A0115C1FFAB7,id=169f835a-5a51-4a80-ac17-f8139cf3a6e7
2019-09-25 05:54:08,964 [RatisPipelineUtilsThread] INFO  pipeline.PipelineStateManager (PipelineStateManager.java:addPipeline(56)) - Created pipeline Pipeline[ Id: 40bf15e1-5cfc-45b7-9c6f-a0115c1ffab7, Nodes: 169f835a-5a51-4a80-ac17-f8139cf3a6e7{ip: 192.168.5.161, host: pr-hdds-1569-zxpks-796972592, networkLocation: /default-rack, certSerialId: null}, Type:RATIS, Factor:ONE, State:OPEN]
2019-09-25 05:54:08,964 [RatisPipelineUtilsThread] INFO  pipeline.PipelinePlacementPolicy (PipelinePlacementPolicy.java:meetCriteria(91)) - Pipeline Placement: can't place more pipeline on heavy datanode： f28e89b6-3953-4014-b5dd-5d7c12bc90a1 Heaviness: 6 limit: 5
2019-09-25 05:54:08,964 [RatisPipelineUtilsThread] INFO  pipeline.PipelinePlacementPolicy (PipelinePlacementPolicy.java:meetCriteria(91)) - Pipeline Placement: can't place more pipeline on heavy datanode： 169f835a-5a51-4a80-ac17-f8139cf3a6e7 Heaviness: 6 limit: 5
2019-09-25 05:54:08,965 [RatisPipelineUtilsThread] INFO  pipeline.PipelinePlacementPolicy (PipelinePlacementPolicy.java:meetCriteria(91)) - Pipeline Placement: can't place more pipeline on heavy datanode： a171a438-4db2-4a15-a03d-8d01a40a69ad Heaviness: 6 limit: 5
2019-09-25 05:54:08,976 [grpc-default-executor-0] INFO  impl.RaftServerProxy (RaftServerProxy.java:addNew(89)) - a8d2df02-a9dc-4b60-9eec-a53a711ba1ae: addNew group-38FBCEA61B54:[a8d2df02-a9dc-4b60-9eec-a53a711ba1ae:192.168.5.161:45141] returns group-38FBCEA61B54:java.util.concurrent.CompletableFuture@da1b7f5[Not completed]
2019-09-25 05:54:08,977 [pool-67-thread-1] INFO  impl.RaftServerImpl (RaftServerImpl.java:<init>(95)) - a8d2df02-a9dc-4b60-9eec-a53a711ba1ae: new RaftServerImpl for group-38FBCEA61B54:[a8d2df02-a9dc-4b60-9eec-a53a711ba1ae:192.168.5.161:45141] with ContainerStateMachine:uninitialized
2019-09-25 05:54:08,979 [pool-67-thread-1] INFO  server.RaftServerConfigKeys (ConfUtils.java:logGet(43)) - raft.server.rpc.timeout.min = 5s (custom)
2019-09-25 05:54:08,979 [pool-67-thread-1] INFO  server.RaftServerConfigKeys (ConfUtils.java:logGet(43)) - raft.server.rpc.timeout.max = 5200ms (custom)
2019-09-25 05:54:08,980 [pool-67-thread-1] INFO  server.RaftServerConfigKeys (ConfUtils.java:logGet(43)) - raft.server.rpcslowness.timeout = 120s (custom)
2019-09-25 05:54:08,980 [pool-67-thread-1] INFO  server.RaftServerConfigKeys (ConfUtils.java:logGet(43)) - raft.server.sleep.deviation.threshold = 300 (default)
2019-09-25 05:54:08,980 [pool-67-thread-1] INFO  server.RaftServerConfigKeys (ConfUtils.java:logGet(43)) - raft.server.log.appender.install.snapshot.enabled = false (custom)
2019-09-25 05:54:08,980 [pool-67-thread-1] INFO  impl.RaftServerImpl (ServerState.java:<init>(103)) - a8d2df02-a9dc-4b60-9eec-a53a711ba1ae@group-38FBCEA61B54: ConfigurationManager, init=-1: [a8d2df02-a9dc-4b60-9eec-a53a711ba1ae:192.168.5.161:45141], old=null, confs=<EMPTY_MAP>
2019-09-25 05:54:08,980 [pool-67-thread-1] INFO  server.RaftServerConfigKeys (ConfUtils.java:logGet(43)) - raft.server.storage.dir = [/workdir/hadoop-ozone/ozonefs/target/test-dir/MiniOzoneClusterImpl-a7a48124-c188-483e-b9a9-787dfdcc7198/datanode-4/data/ratis] (custom)
2019-09-25 05:54:08,981 [pool-67-thread-1] INFO  storage.RaftStorageDirectory (RaftStorageDirectory.java:analyzeStorage(246)) - The storage directory /workdir/hadoop-ozone/ozonefs/target/test-dir/MiniOzoneClusterImpl-a7a48124-c188-483e-b9a9-787dfdcc7198/datanode-4/data/ratis/a5f70622-afeb-4fed-815d-38fbcea61b54 does not exist. Creating ...
2019-09-25 05:54:08,994 [pool-67-thread-1] INFO  storage.RaftStorageDirectory (RaftStorageDirectory.java:tryLock(328)) - Lock on /workdir/hadoop-ozone/ozonefs/target/test-dir/MiniOzoneClusterImpl-a7a48124-c188-483e-b9a9-787dfdcc7198/datanode-4/data/ratis/a5f70622-afeb-4fed-815d-38fbcea61b54/in_use.lock acquired by nodename 19278@pr-hdds-1569-zxpks-796972592
2019-09-25 05:54:09,006 [pool-67-thread-1] INFO  storage.RaftStorage (RaftStorage.java:format(72)) - Storage directory /workdir/hadoop-ozone/ozonefs/target/test-dir/MiniOzoneClusterImpl-a7a48124-c188-483e-b9a9-787dfdcc7198/datanode-4/data/ratis/a5f70622-afeb-4fed-815d-38fbcea61b54 has been successfully formatted.
2019-09-25 05:54:09,010 [pool-67-thread-1] INFO  ratis.ContainerStateMachine (ContainerStateMachine.java:loadSnapshot(230)) - group-38FBCEA61B54: The snapshot info is null. Setting the last applied indexto:(t:0, i:~)
2019-09-25 05:54:09,010 [pool-67-thread-1] INFO  server.RaftServerConfigKeys (ConfUtils.java:logGet(43)) - raft.server.notification.no-leader.timeout = 120s (custom)
2019-09-25 05:54:09,010 [pool-67-thread-1] INFO  server.RaftServerConfigKeys (ConfUtils.java:logGet(43)) - raft.server.log.use.memory = false (default)
2019-09-25 05:54:09,010 [pool-67-thread-1] INFO  server.RaftServerConfigKeys (ConfUtils.java:logGet(43)) - raft.server.log.purge.gap = 1000000 (custom)
2019-09-25 05:54:09,010 [pool-67-thread-1] INFO  server.RaftServerConfigKeys (ConfUtils.java:logGet(43)) - raft.server.log.appender.buffer.byte-limit = 33554432 (custom)
2019-09-25 05:54:09,011 [pool-67-thread-1] INFO  server.RaftServerConfigKeys (ConfUtils.java:logGet(43)) - raft.server.log.segment.size.max = 1048576 (custom)
2019-09-25 05:54:09,011 [pool-67-thread-1] INFO  server.RaftServerConfigKeys (ConfUtils.java:logGet(43)) - raft.server.log.segment.cache.num.max = 2 (custom)
2019-09-25 05:54:09,011 [pool-67-thread-1] INFO  segmented.SegmentedRaftLogWorker (SegmentedRaftLogWorker.java:<init>(172)) - new a8d2df02-a9dc-4b60-9eec-a53a711ba1ae@group-38FBCEA61B54-SegmentedRaftLogWorker for RaftStorage:Storage Directory /workdir/hadoop-ozone/ozonefs/target/test-dir/MiniOzoneClusterImpl-a7a48124-c188-483e-b9a9-787dfdcc7198/datanode-4/data/ratis/a5f70622-afeb-4fed-815d-38fbcea61b54
2019-09-25 05:54:09,011 [pool-67-thread-1] INFO  server.RaftServerConfigKeys (ConfUtils.java:logGet(43)) - raft.server.log.queue.byte-limit = 2147483647 (custom)
2019-09-25 05:54:09,011 [pool-67-thread-1] INFO  server.RaftServerConfigKeys (ConfUtils.java:logGet(43)) - raft.server.log.queue.element-limit = 1024 (custom)
2019-09-25 05:54:09,011 [pool-67-thread-1] INFO  server.RaftServerConfigKeys (ConfUtils.java:logGet(43)) - raft.server.log.segment.size.max = 1048576 (custom)
2019-09-25 05:54:09,012 [pool-67-thread-1] INFO  server.RaftServerConfigKeys (ConfUtils.java:logGet(43)) - raft.server.log.preallocated.size = 16384 (custom)
2019-09-25 05:54:09,012 [pool-67-thread-1] INFO  server.RaftServerConfigKeys (ConfUtils.java:logGet(43)) - raft.server.log.write.buffer.size = 33554432 (custom)
2019-09-25 05:54:09,012 [pool-67-thread-1] INFO  server.RaftServerConfigKeys (ConfUtils.java:logGet(43)) - raft.server.log.force.sync.num = 128 (default)
2019-09-25 05:54:09,012 [pool-67-thread-1] INFO  server.RaftServerConfigKeys (ConfUtils.java:logGet(43)) - raft.server.log.statemachine.data.sync = true (default)
2019-09-25 05:54:09,012 [pool-67-thread-1] INFO  server.RaftServerConfigKeys (ConfUtils.java:logGet(43)) - raft.server.log.statemachine.data.sync.timeout = 10s (default)
2019-09-25 05:54:09,012 [pool-67-thread-1] INFO  server.RaftServerConfigKeys (ConfUtils.java:logGet(43)) - raft.server.log.statemachine.data.sync.timeout.retry = -1 (default)
2019-09-25 05:54:09,013 [pool-67-thread-1] INFO  server.RaftServerConfigKeys (ConfUtils.java:logGet(43)) - raft.server.log.statemachine.data.caching.enabled = true (custom)
2019-09-25 05:54:09,013 [pool-67-thread-1] INFO  segmented.SegmentedRaftLogWorker (SegmentedRaftLogWorker.java:lambda$new$0(132)) - a8d2df02-a9dc-4b60-9eec-a53a711ba1ae@group-38FBCEA61B54-SegmentedRaftLogWorker: flushIndex: setUnconditionally 0 -> -1
2019-09-25 05:54:09,013 [pool-67-thread-1] INFO  server.RaftServerConfigKeys (ConfUtils.java:logGet(43)) - raft.server.snapshot.auto.trigger.enabled = true (custom)
2019-09-25 05:54:09,014 [pool-67-thread-1] INFO  server.RaftServerConfigKeys (ConfUtils.java:logGet(43)) - raft.server.snapshot.auto.trigger.threshold = 10000 (custom)
2019-09-25 05:54:09,014 [pool-67-thread-1] INFO  server.RaftServerConfigKeys (ConfUtils.java:logGet(43)) - raft.server.snapshot.retention.num.files = 5 (custom)
2019-09-25 05:54:09,014 [pool-67-thread-1] INFO  server.RaftServerConfigKeys (ConfUtils.java:logGet(43)) - raft.server.retrycache.expirytime = 600000ms (custom)
2019-09-25 05:54:09,016 [pool-67-thread-1] INFO  impl.RaftServerImpl (RaftServerImpl.java:start(185)) - a8d2df02-a9dc-4b60-9eec-a53a711ba1ae@group-38FBCEA61B54: start as a follower, conf=-1: [a8d2df02-a9dc-4b60-9eec-a53a711ba1ae:192.168.5.161:45141], old=null
2019-09-25 05:54:09,017 [pool-67-thread-1] INFO  impl.RaftServerImpl (RaftServerImpl.java:setRole(174)) - a8d2df02-a9dc-4b60-9eec-a53a711ba1ae@group-38FBCEA61B54: changes role from      null to FOLLOWER at term 0 for startAsFollower
2019-09-25 05:54:09,017 [pool-67-thread-1] INFO  impl.RoleInfo (RoleInfo.java:updateAndGet(143)) - a8d2df02-a9dc-4b60-9eec-a53a711ba1ae: start FollowerState
2019-09-25 05:54:09,017 [pool-67-thread-1] INFO  util.JmxRegister (JmxRegister.java:tryRegister(44)) - Successfully registered JMX Bean with object name Ratis:service=RaftServer,group=group-38FBCEA61B54,id=a8d2df02-a9dc-4b60-9eec-a53a711ba1ae
2019-09-25 05:54:09,026 [RatisPipelineUtilsThread] INFO  pipeline.PipelineStateManager (PipelineStateManager.java:addPipeline(56)) - Created pipeline Pipeline[ Id: a5f70622-afeb-4fed-815d-38fbcea61b54, Nodes: a8d2df02-a9dc-4b60-9eec-a53a711ba1ae{ip: 192.168.5.161, host: pr-hdds-1569-zxpks-796972592, networkLocation: /default-rack, certSerialId: null}, Type:RATIS, Factor:ONE, State:OPEN]
2019-09-25 05:54:09,027 [RatisPipelineUtilsThread] INFO  pipeline.PipelinePlacementPolicy (PipelinePlacementPolicy.java:meetCriteria(91)) - Pipeline Placement: can't place more pipeline on heavy datanode： f28e89b6-3953-4014-b5dd-5d7c12bc90a1 Heaviness: 6 limit: 5
2019-09-25 05:54:09,027 [RatisPipelineUtilsThread] INFO  pipeline.PipelinePlacementPolicy (PipelinePlacementPolicy.java:meetCriteria(91)) - Pipeline Placement: can't place more pipeline on heavy datanode： 169f835a-5a51-4a80-ac17-f8139cf3a6e7 Heaviness: 6 limit: 5
2019-09-25 05:54:09,027 [RatisPipelineUtilsThread] INFO  pipeline.PipelinePlacementPolicy (PipelinePlacementPolicy.java:meetCriteria(91)) - Pipeline Placement: can't place more pipeline on heavy datanode： a171a438-4db2-4a15-a03d-8d01a40a69ad Heaviness: 6 limit: 5
2019-09-25 05:54:09,037 [grpc-default-executor-0] INFO  impl.RaftServerProxy (RaftServerProxy.java:addNew(89)) - 9b45984a-e801-4994-8f0b-759bb773fda3: addNew group-201751D85B0F:[9b45984a-e801-4994-8f0b-759bb773fda3:192.168.5.161:35299] returns group-201751D85B0F:java.util.concurrent.CompletableFuture@612f071d[Not completed]
2019-09-25 05:54:09,039 [pool-57-thread-1] INFO  impl.RaftServerImpl (RaftServerImpl.java:<init>(95)) - 9b45984a-e801-4994-8f0b-759bb773fda3: new RaftServerImpl for group-201751D85B0F:[9b45984a-e801-4994-8f0b-759bb773fda3:192.168.5.161:35299] with ContainerStateMachine:uninitialized
2019-09-25 05:54:09,041 [pool-57-thread-1] INFO  server.RaftServerConfigKeys (ConfUtils.java:logGet(43)) - raft.server.rpc.timeout.min = 5s (custom)
2019-09-25 05:54:09,041 [pool-57-thread-1] INFO  server.RaftServerConfigKeys (ConfUtils.java:logGet(43)) - raft.server.rpc.timeout.max = 5200ms (custom)
2019-09-25 05:54:09,041 [pool-57-thread-1] INFO  server.RaftServerConfigKeys (ConfUtils.java:logGet(43)) - raft.server.rpcslowness.timeout = 120s (custom)
2019-09-25 05:54:09,041 [pool-57-thread-1] INFO  server.RaftServerConfigKeys (ConfUtils.java:logGet(43)) - raft.server.sleep.deviation.threshold = 300 (default)
2019-09-25 05:54:09,041 [pool-57-thread-1] INFO  server.RaftServerConfigKeys (ConfUtils.java:logGet(43)) - raft.server.log.appender.install.snapshot.enabled = false (custom)
2019-09-25 05:54:09,042 [pool-57-thread-1] INFO  impl.RaftServerImpl (ServerState.java:<init>(103)) - 9b45984a-e801-4994-8f0b-759bb773fda3@group-201751D85B0F: ConfigurationManager, init=-1: [9b45984a-e801-4994-8f0b-759bb773fda3:192.168.5.161:35299], old=null, confs=<EMPTY_MAP>
2019-09-25 05:54:09,042 [pool-57-thread-1] INFO  server.RaftServerConfigKeys (ConfUtils.java:logGet(43)) - raft.server.storage.dir = [/workdir/hadoop-ozone/ozonefs/target/test-dir/MiniOzoneClusterImpl-a7a48124-c188-483e-b9a9-787dfdcc7198/datanode-3/data/ratis] (custom)
2019-09-25 05:54:09,042 [pool-57-thread-1] INFO  storage.RaftStorageDirectory (RaftStorageDirectory.java:analyzeStorage(246)) - The storage directory /workdir/hadoop-ozone/ozonefs/target/test-dir/MiniOzoneClusterImpl-a7a48124-c188-483e-b9a9-787dfdcc7198/datanode-3/data/ratis/c9ad0be1-81f6-472e-a576-201751d85b0f does not exist. Creating ...
2019-09-25 05:54:09,054 [pool-57-thread-1] INFO  storage.RaftStorageDirectory (RaftStorageDirectory.java:tryLock(328)) - Lock on /workdir/hadoop-ozone/ozonefs/target/test-dir/MiniOzoneClusterImpl-a7a48124-c188-483e-b9a9-787dfdcc7198/datanode-3/data/ratis/c9ad0be1-81f6-472e-a576-201751d85b0f/in_use.lock acquired by nodename 19278@pr-hdds-1569-zxpks-796972592
2019-09-25 05:54:09,067 [pool-57-thread-1] INFO  storage.RaftStorage (RaftStorage.java:format(72)) - Storage directory /workdir/hadoop-ozone/ozonefs/target/test-dir/MiniOzoneClusterImpl-a7a48124-c188-483e-b9a9-787dfdcc7198/datanode-3/data/ratis/c9ad0be1-81f6-472e-a576-201751d85b0f has been successfully formatted.
2019-09-25 05:54:09,068 [pool-57-thread-1] INFO  ratis.ContainerStateMachine (ContainerStateMachine.java:loadSnapshot(230)) - group-201751D85B0F: The snapshot info is null. Setting the last applied indexto:(t:0, i:~)
2019-09-25 05:54:09,068 [pool-57-thread-1] INFO  server.RaftServerConfigKeys (ConfUtils.java:logGet(43)) - raft.server.notification.no-leader.timeout = 120s (custom)
2019-09-25 05:54:09,068 [pool-57-thread-1] INFO  server.RaftServerConfigKeys (ConfUtils.java:logGet(43)) - raft.server.log.use.memory = false (default)
2019-09-25 05:54:09,068 [pool-57-thread-1] INFO  server.RaftServerConfigKeys (ConfUtils.java:logGet(43)) - raft.server.log.purge.gap = 1000000 (custom)
2019-09-25 05:54:09,069 [pool-57-thread-1] INFO  server.RaftServerConfigKeys (ConfUtils.java:logGet(43)) - raft.server.log.appender.buffer.byte-limit = 33554432 (custom)
2019-09-25 05:54:09,069 [pool-57-thread-1] INFO  server.RaftServerConfigKeys (ConfUtils.java:logGet(43)) - raft.server.log.segment.size.max = 1048576 (custom)
2019-09-25 05:54:09,069 [pool-57-thread-1] INFO  server.RaftServerConfigKeys (ConfUtils.java:logGet(43)) - raft.server.log.segment.cache.num.max = 2 (custom)
2019-09-25 05:54:09,069 [pool-57-thread-1] INFO  segmented.SegmentedRaftLogWorker (SegmentedRaftLogWorker.java:<init>(172)) - new 9b45984a-e801-4994-8f0b-759bb773fda3@group-201751D85B0F-SegmentedRaftLogWorker for RaftStorage:Storage Directory /workdir/hadoop-ozone/ozonefs/target/test-dir/MiniOzoneClusterImpl-a7a48124-c188-483e-b9a9-787dfdcc7198/datanode-3/data/ratis/c9ad0be1-81f6-472e-a576-201751d85b0f
2019-09-25 05:54:09,069 [pool-57-thread-1] INFO  server.RaftServerConfigKeys (ConfUtils.java:logGet(43)) - raft.server.log.queue.byte-limit = 2147483647 (custom)
2019-09-25 05:54:09,069 [pool-57-thread-1] INFO  server.RaftServerConfigKeys (ConfUtils.java:logGet(43)) - raft.server.log.queue.element-limit = 1024 (custom)
2019-09-25 05:54:09,070 [pool-57-thread-1] INFO  server.RaftServerConfigKeys (ConfUtils.java:logGet(43)) - raft.server.log.segment.size.max = 1048576 (custom)
2019-09-25 05:54:09,070 [pool-57-thread-1] INFO  server.RaftServerConfigKeys (ConfUtils.java:logGet(43)) - raft.server.log.preallocated.size = 16384 (custom)
2019-09-25 05:54:09,070 [pool-57-thread-1] INFO  server.RaftServerConfigKeys (ConfUtils.java:logGet(43)) - raft.server.log.write.buffer.size = 33554432 (custom)
2019-09-25 05:54:09,070 [pool-57-thread-1] INFO  server.RaftServerConfigKeys (ConfUtils.java:logGet(43)) - raft.server.log.force.sync.num = 128 (default)
2019-09-25 05:54:09,070 [pool-57-thread-1] INFO  server.RaftServerConfigKeys (ConfUtils.java:logGet(43)) - raft.server.log.statemachine.data.sync = true (default)
2019-09-25 05:54:09,070 [pool-57-thread-1] INFO  server.RaftServerConfigKeys (ConfUtils.java:logGet(43)) - raft.server.log.statemachine.data.sync.timeout = 10s (default)
2019-09-25 05:54:09,071 [pool-57-thread-1] INFO  server.RaftServerConfigKeys (ConfUtils.java:logGet(43)) - raft.server.log.statemachine.data.sync.timeout.retry = -1 (default)
2019-09-25 05:54:09,071 [pool-57-thread-1] INFO  server.RaftServerConfigKeys (ConfUtils.java:logGet(43)) - raft.server.log.statemachine.data.caching.enabled = true (custom)
2019-09-25 05:54:09,071 [pool-57-thread-1] INFO  segmented.SegmentedRaftLogWorker (SegmentedRaftLogWorker.java:lambda$new$0(132)) - 9b45984a-e801-4994-8f0b-759bb773fda3@group-201751D85B0F-SegmentedRaftLogWorker: flushIndex: setUnconditionally 0 -> -1
2019-09-25 05:54:09,071 [pool-57-thread-1] INFO  server.RaftServerConfigKeys (ConfUtils.java:logGet(43)) - raft.server.snapshot.auto.trigger.enabled = true (custom)
2019-09-25 05:54:09,072 [pool-57-thread-1] INFO  server.RaftServerConfigKeys (ConfUtils.java:logGet(43)) - raft.server.snapshot.auto.trigger.threshold = 10000 (custom)
2019-09-25 05:54:09,072 [pool-57-thread-1] INFO  server.RaftServerConfigKeys (ConfUtils.java:logGet(43)) - raft.server.snapshot.retention.num.files = 5 (custom)
2019-09-25 05:54:09,072 [pool-57-thread-1] INFO  server.RaftServerConfigKeys (ConfUtils.java:logGet(43)) - raft.server.retrycache.expirytime = 600000ms (custom)
2019-09-25 05:54:09,075 [pool-57-thread-1] INFO  impl.RaftServerImpl (RaftServerImpl.java:start(185)) - 9b45984a-e801-4994-8f0b-759bb773fda3@group-201751D85B0F: start as a follower, conf=-1: [9b45984a-e801-4994-8f0b-759bb773fda3:192.168.5.161:35299], old=null
2019-09-25 05:54:09,075 [pool-57-thread-1] INFO  impl.RaftServerImpl (RaftServerImpl.java:setRole(174)) - 9b45984a-e801-4994-8f0b-759bb773fda3@group-201751D85B0F: changes role from      null to FOLLOWER at term 0 for startAsFollower
2019-09-25 05:54:09,075 [pool-57-thread-1] INFO  impl.RoleInfo (RoleInfo.java:updateAndGet(143)) - 9b45984a-e801-4994-8f0b-759bb773fda3: start FollowerState
2019-09-25 05:54:09,075 [pool-57-thread-1] INFO  util.JmxRegister (JmxRegister.java:tryRegister(44)) - Successfully registered JMX Bean with object name Ratis:service=RaftServer,group=group-201751D85B0F,id=9b45984a-e801-4994-8f0b-759bb773fda3
2019-09-25 05:54:09,081 [RatisPipelineUtilsThread] INFO  pipeline.PipelineStateManager (PipelineStateManager.java:addPipeline(56)) - Created pipeline Pipeline[ Id: c9ad0be1-81f6-472e-a576-201751d85b0f, Nodes: 9b45984a-e801-4994-8f0b-759bb773fda3{ip: 192.168.5.161, host: pr-hdds-1569-zxpks-796972592, networkLocation: /default-rack, certSerialId: null}, Type:RATIS, Factor:ONE, State:OPEN]
2019-09-25 05:54:09,081 [RatisPipelineUtilsThread] INFO  pipeline.PipelinePlacementPolicy (PipelinePlacementPolicy.java:meetCriteria(91)) - Pipeline Placement: can't place more pipeline on heavy datanode： f28e89b6-3953-4014-b5dd-5d7c12bc90a1 Heaviness: 6 limit: 5
2019-09-25 05:54:09,081 [RatisPipelineUtilsThread] INFO  pipeline.PipelinePlacementPolicy (PipelinePlacementPolicy.java:meetCriteria(91)) - Pipeline Placement: can't place more pipeline on heavy datanode： 169f835a-5a51-4a80-ac17-f8139cf3a6e7 Heaviness: 6 limit: 5
2019-09-25 05:54:09,081 [RatisPipelineUtilsThread] INFO  pipeline.PipelinePlacementPolicy (PipelinePlacementPolicy.java:meetCriteria(91)) - Pipeline Placement: can't place more pipeline on heavy datanode： a171a438-4db2-4a15-a03d-8d01a40a69ad Heaviness: 6 limit: 5
2019-09-25 05:54:09,081 [RatisPipelineUtilsThread] INFO  pipeline.PipelinePlacementPolicy (PipelinePlacementPolicy.java:meetCriteria(91)) - Pipeline Placement: can't place more pipeline on heavy datanode： 9b45984a-e801-4994-8f0b-759bb773fda3 Heaviness: 6 limit: 5
2019-09-25 05:54:09,092 [grpc-default-executor-0] INFO  impl.RaftServerProxy (RaftServerProxy.java:addNew(89)) - f15c9da4-41cd-4d3b-befd-f91bd6a8ef15: addNew group-CD83062C240E:[f15c9da4-41cd-4d3b-befd-f91bd6a8ef15:192.168.5.161:37814] returns group-CD83062C240E:java.util.concurrent.CompletableFuture@6add8c1d[Not completed]
2019-09-25 05:54:09,093 [pool-37-thread-1] INFO  impl.RaftServerImpl (RaftServerImpl.java:<init>(95)) - f15c9da4-41cd-4d3b-befd-f91bd6a8ef15: new RaftServerImpl for group-CD83062C240E:[f15c9da4-41cd-4d3b-befd-f91bd6a8ef15:192.168.5.161:37814] with ContainerStateMachine:uninitialized
2019-09-25 05:54:09,093 [pool-37-thread-1] INFO  server.RaftServerConfigKeys (ConfUtils.java:logGet(43)) - raft.server.rpc.timeout.min = 5s (custom)
2019-09-25 05:54:09,093 [pool-37-thread-1] INFO  server.RaftServerConfigKeys (ConfUtils.java:logGet(43)) - raft.server.rpc.timeout.max = 5200ms (custom)
2019-09-25 05:54:09,094 [pool-37-thread-1] INFO  server.RaftServerConfigKeys (ConfUtils.java:logGet(43)) - raft.server.rpcslowness.timeout = 120s (custom)
2019-09-25 05:54:09,094 [pool-37-thread-1] INFO  server.RaftServerConfigKeys (ConfUtils.java:logGet(43)) - raft.server.sleep.deviation.threshold = 300 (default)
2019-09-25 05:54:09,094 [pool-37-thread-1] INFO  server.RaftServerConfigKeys (ConfUtils.java:logGet(43)) - raft.server.log.appender.install.snapshot.enabled = false (custom)
2019-09-25 05:54:09,094 [pool-37-thread-1] INFO  impl.RaftServerImpl (ServerState.java:<init>(103)) - f15c9da4-41cd-4d3b-befd-f91bd6a8ef15@group-CD83062C240E: ConfigurationManager, init=-1: [f15c9da4-41cd-4d3b-befd-f91bd6a8ef15:192.168.5.161:37814], old=null, confs=<EMPTY_MAP>
2019-09-25 05:54:09,094 [pool-37-thread-1] INFO  server.RaftServerConfigKeys (ConfUtils.java:logGet(43)) - raft.server.storage.dir = [/workdir/hadoop-ozone/ozonefs/target/test-dir/MiniOzoneClusterImpl-a7a48124-c188-483e-b9a9-787dfdcc7198/datanode-1/data/ratis] (custom)
2019-09-25 05:54:09,095 [pool-37-thread-1] INFO  storage.RaftStorageDirectory (RaftStorageDirectory.java:analyzeStorage(246)) - The storage directory /workdir/hadoop-ozone/ozonefs/target/test-dir/MiniOzoneClusterImpl-a7a48124-c188-483e-b9a9-787dfdcc7198/datanode-1/data/ratis/f976f98d-09f1-4fc2-a5c6-cd83062c240e does not exist. Creating ...
2019-09-25 05:54:09,110 [pool-37-thread-1] INFO  storage.RaftStorageDirectory (RaftStorageDirectory.java:tryLock(328)) - Lock on /workdir/hadoop-ozone/ozonefs/target/test-dir/MiniOzoneClusterImpl-a7a48124-c188-483e-b9a9-787dfdcc7198/datanode-1/data/ratis/f976f98d-09f1-4fc2-a5c6-cd83062c240e/in_use.lock acquired by nodename 19278@pr-hdds-1569-zxpks-796972592
2019-09-25 05:54:09,123 [pool-37-thread-1] INFO  storage.RaftStorage (RaftStorage.java:format(72)) - Storage directory /workdir/hadoop-ozone/ozonefs/target/test-dir/MiniOzoneClusterImpl-a7a48124-c188-483e-b9a9-787dfdcc7198/datanode-1/data/ratis/f976f98d-09f1-4fc2-a5c6-cd83062c240e has been successfully formatted.
2019-09-25 05:54:09,123 [pool-37-thread-1] INFO  ratis.ContainerStateMachine (ContainerStateMachine.java:loadSnapshot(230)) - group-CD83062C240E: The snapshot info is null. Setting the last applied indexto:(t:0, i:~)
2019-09-25 05:54:09,123 [pool-37-thread-1] INFO  server.RaftServerConfigKeys (ConfUtils.java:logGet(43)) - raft.server.notification.no-leader.timeout = 120s (custom)
2019-09-25 05:54:09,123 [pool-37-thread-1] INFO  server.RaftServerConfigKeys (ConfUtils.java:logGet(43)) - raft.server.log.use.memory = false (default)
2019-09-25 05:54:09,124 [pool-37-thread-1] INFO  server.RaftServerConfigKeys (ConfUtils.java:logGet(43)) - raft.server.log.purge.gap = 1000000 (custom)
2019-09-25 05:54:09,124 [pool-37-thread-1] INFO  server.RaftServerConfigKeys (ConfUtils.java:logGet(43)) - raft.server.log.appender.buffer.byte-limit = 33554432 (custom)
2019-09-25 05:54:09,124 [pool-37-thread-1] INFO  server.RaftServerConfigKeys (ConfUtils.java:logGet(43)) - raft.server.log.segment.size.max = 1048576 (custom)
2019-09-25 05:54:09,124 [pool-37-thread-1] INFO  server.RaftServerConfigKeys (ConfUtils.java:logGet(43)) - raft.server.log.segment.cache.num.max = 2 (custom)
2019-09-25 05:54:09,124 [pool-37-thread-1] INFO  segmented.SegmentedRaftLogWorker (SegmentedRaftLogWorker.java:<init>(172)) - new f15c9da4-41cd-4d3b-befd-f91bd6a8ef15@group-CD83062C240E-SegmentedRaftLogWorker for RaftStorage:Storage Directory /workdir/hadoop-ozone/ozonefs/target/test-dir/MiniOzoneClusterImpl-a7a48124-c188-483e-b9a9-787dfdcc7198/datanode-1/data/ratis/f976f98d-09f1-4fc2-a5c6-cd83062c240e
2019-09-25 05:54:09,124 [pool-37-thread-1] INFO  server.RaftServerConfigKeys (ConfUtils.java:logGet(43)) - raft.server.log.queue.byte-limit = 2147483647 (custom)
2019-09-25 05:54:09,125 [pool-37-thread-1] INFO  server.RaftServerConfigKeys (ConfUtils.java:logGet(43)) - raft.server.log.queue.element-limit = 1024 (custom)
2019-09-25 05:54:09,125 [pool-37-thread-1] INFO  server.RaftServerConfigKeys (ConfUtils.java:logGet(43)) - raft.server.log.segment.size.max = 1048576 (custom)
2019-09-25 05:54:09,125 [pool-37-thread-1] INFO  server.RaftServerConfigKeys (ConfUtils.java:logGet(43)) - raft.server.log.preallocated.size = 16384 (custom)
2019-09-25 05:54:09,125 [pool-37-thread-1] INFO  server.RaftServerConfigKeys (ConfUtils.java:logGet(43)) - raft.server.log.write.buffer.size = 33554432 (custom)
2019-09-25 05:54:09,125 [pool-37-thread-1] INFO  server.RaftServerConfigKeys (ConfUtils.java:logGet(43)) - raft.server.log.force.sync.num = 128 (default)
2019-09-25 05:54:09,125 [pool-37-thread-1] INFO  server.RaftServerConfigKeys (ConfUtils.java:logGet(43)) - raft.server.log.statemachine.data.sync = true (default)
2019-09-25 05:54:09,126 [pool-37-thread-1] INFO  server.RaftServerConfigKeys (ConfUtils.java:logGet(43)) - raft.server.log.statemachine.data.sync.timeout = 10s (default)
2019-09-25 05:54:09,126 [pool-37-thread-1] INFO  server.RaftServerConfigKeys (ConfUtils.java:logGet(43)) - raft.server.log.statemachine.data.sync.timeout.retry = -1 (default)
2019-09-25 05:54:09,126 [pool-37-thread-1] INFO  server.RaftServerConfigKeys (ConfUtils.java:logGet(43)) - raft.server.log.statemachine.data.caching.enabled = true (custom)
2019-09-25 05:54:09,126 [pool-37-thread-1] INFO  segmented.SegmentedRaftLogWorker (SegmentedRaftLogWorker.java:lambda$new$0(132)) - f15c9da4-41cd-4d3b-befd-f91bd6a8ef15@group-CD83062C240E-SegmentedRaftLogWorker: flushIndex: setUnconditionally 0 -> -1
2019-09-25 05:54:09,127 [pool-37-thread-1] INFO  server.RaftServerConfigKeys (ConfUtils.java:logGet(43)) - raft.server.snapshot.auto.trigger.enabled = true (custom)
2019-09-25 05:54:09,127 [pool-37-thread-1] INFO  server.RaftServerConfigKeys (ConfUtils.java:logGet(43)) - raft.server.snapshot.auto.trigger.threshold = 10000 (custom)
2019-09-25 05:54:09,127 [pool-37-thread-1] INFO  server.RaftServerConfigKeys (ConfUtils.java:logGet(43)) - raft.server.snapshot.retention.num.files = 5 (custom)
2019-09-25 05:54:09,127 [pool-37-thread-1] INFO  server.RaftServerConfigKeys (ConfUtils.java:logGet(43)) - raft.server.retrycache.expirytime = 600000ms (custom)
2019-09-25 05:54:09,130 [pool-37-thread-1] INFO  impl.RaftServerImpl (RaftServerImpl.java:start(185)) - f15c9da4-41cd-4d3b-befd-f91bd6a8ef15@group-CD83062C240E: start as a follower, conf=-1: [f15c9da4-41cd-4d3b-befd-f91bd6a8ef15:192.168.5.161:37814], old=null
2019-09-25 05:54:09,130 [pool-37-thread-1] INFO  impl.RaftServerImpl (RaftServerImpl.java:setRole(174)) - f15c9da4-41cd-4d3b-befd-f91bd6a8ef15@group-CD83062C240E: changes role from      null to FOLLOWER at term 0 for startAsFollower
2019-09-25 05:54:09,130 [pool-37-thread-1] INFO  impl.RoleInfo (RoleInfo.java:updateAndGet(143)) - f15c9da4-41cd-4d3b-befd-f91bd6a8ef15: start FollowerState
2019-09-25 05:54:09,130 [pool-37-thread-1] INFO  util.JmxRegister (JmxRegister.java:tryRegister(44)) - Successfully registered JMX Bean with object name Ratis:service=RaftServer,group=group-CD83062C240E,id=f15c9da4-41cd-4d3b-befd-f91bd6a8ef15
2019-09-25 05:54:09,137 [RatisPipelineUtilsThread] INFO  pipeline.PipelineStateManager (PipelineStateManager.java:addPipeline(56)) - Created pipeline Pipeline[ Id: f976f98d-09f1-4fc2-a5c6-cd83062c240e, Nodes: f15c9da4-41cd-4d3b-befd-f91bd6a8ef15{ip: 192.168.5.161, host: pr-hdds-1569-zxpks-796972592, networkLocation: /default-rack, certSerialId: null}, Type:RATIS, Factor:ONE, State:OPEN]
2019-09-25 05:54:09,137 [RatisPipelineUtilsThread] INFO  pipeline.PipelinePlacementPolicy (PipelinePlacementPolicy.java:meetCriteria(91)) - Pipeline Placement: can't place more pipeline on heavy datanode： f28e89b6-3953-4014-b5dd-5d7c12bc90a1 Heaviness: 6 limit: 5
2019-09-25 05:54:09,137 [RatisPipelineUtilsThread] INFO  pipeline.PipelinePlacementPolicy (PipelinePlacementPolicy.java:meetCriteria(91)) - Pipeline Placement: can't place more pipeline on heavy datanode： 169f835a-5a51-4a80-ac17-f8139cf3a6e7 Heaviness: 6 limit: 5
2019-09-25 05:54:09,137 [RatisPipelineUtilsThread] INFO  pipeline.PipelinePlacementPolicy (PipelinePlacementPolicy.java:meetCriteria(91)) - Pipeline Placement: can't place more pipeline on heavy datanode： a171a438-4db2-4a15-a03d-8d01a40a69ad Heaviness: 6 limit: 5
2019-09-25 05:54:09,138 [RatisPipelineUtilsThread] INFO  pipeline.PipelinePlacementPolicy (PipelinePlacementPolicy.java:meetCriteria(91)) - Pipeline Placement: can't place more pipeline on heavy datanode： 9b45984a-e801-4994-8f0b-759bb773fda3 Heaviness: 6 limit: 5
2019-09-25 05:54:09,148 [grpc-default-executor-0] INFO  impl.RaftServerProxy (RaftServerProxy.java:addNew(89)) - a8d2df02-a9dc-4b60-9eec-a53a711ba1ae: addNew group-042E30C3A79E:[a8d2df02-a9dc-4b60-9eec-a53a711ba1ae:192.168.5.161:45141] returns group-042E30C3A79E:java.util.concurrent.CompletableFuture@7536c596[Not completed]
2019-09-25 05:54:09,149 [pool-67-thread-1] INFO  impl.RaftServerImpl (RaftServerImpl.java:<init>(95)) - a8d2df02-a9dc-4b60-9eec-a53a711ba1ae: new RaftServerImpl for group-042E30C3A79E:[a8d2df02-a9dc-4b60-9eec-a53a711ba1ae:192.168.5.161:45141] with ContainerStateMachine:uninitialized
2019-09-25 05:54:09,150 [pool-67-thread-1] INFO  server.RaftServerConfigKeys (ConfUtils.java:logGet(43)) - raft.server.rpc.timeout.min = 5s (custom)
2019-09-25 05:54:09,150 [pool-67-thread-1] INFO  server.RaftServerConfigKeys (ConfUtils.java:logGet(43)) - raft.server.rpc.timeout.max = 5200ms (custom)
2019-09-25 05:54:09,150 [pool-67-thread-1] INFO  server.RaftServerConfigKeys (ConfUtils.java:logGet(43)) - raft.server.rpcslowness.timeout = 120s (custom)
2019-09-25 05:54:09,150 [pool-67-thread-1] INFO  server.RaftServerConfigKeys (ConfUtils.java:logGet(43)) - raft.server.sleep.deviation.threshold = 300 (default)
2019-09-25 05:54:09,150 [pool-67-thread-1] INFO  server.RaftServerConfigKeys (ConfUtils.java:logGet(43)) - raft.server.log.appender.install.snapshot.enabled = false (custom)
2019-09-25 05:54:09,150 [pool-67-thread-1] INFO  impl.RaftServerImpl (ServerState.java:<init>(103)) - a8d2df02-a9dc-4b60-9eec-a53a711ba1ae@group-042E30C3A79E: ConfigurationManager, init=-1: [a8d2df02-a9dc-4b60-9eec-a53a711ba1ae:192.168.5.161:45141], old=null, confs=<EMPTY_MAP>
2019-09-25 05:54:09,151 [pool-67-thread-1] INFO  server.RaftServerConfigKeys (ConfUtils.java:logGet(43)) - raft.server.storage.dir = [/workdir/hadoop-ozone/ozonefs/target/test-dir/MiniOzoneClusterImpl-a7a48124-c188-483e-b9a9-787dfdcc7198/datanode-4/data/ratis] (custom)
2019-09-25 05:54:09,151 [pool-67-thread-1] INFO  storage.RaftStorageDirectory (RaftStorageDirectory.java:analyzeStorage(246)) - The storage directory /workdir/hadoop-ozone/ozonefs/target/test-dir/MiniOzoneClusterImpl-a7a48124-c188-483e-b9a9-787dfdcc7198/datanode-4/data/ratis/84b5c9d9-496a-47bc-a238-042e30c3a79e does not exist. Creating ...
2019-09-25 05:54:09,164 [pool-67-thread-1] INFO  storage.RaftStorageDirectory (RaftStorageDirectory.java:tryLock(328)) - Lock on /workdir/hadoop-ozone/ozonefs/target/test-dir/MiniOzoneClusterImpl-a7a48124-c188-483e-b9a9-787dfdcc7198/datanode-4/data/ratis/84b5c9d9-496a-47bc-a238-042e30c3a79e/in_use.lock acquired by nodename 19278@pr-hdds-1569-zxpks-796972592
2019-09-25 05:54:09,177 [pool-67-thread-1] INFO  storage.RaftStorage (RaftStorage.java:format(72)) - Storage directory /workdir/hadoop-ozone/ozonefs/target/test-dir/MiniOzoneClusterImpl-a7a48124-c188-483e-b9a9-787dfdcc7198/datanode-4/data/ratis/84b5c9d9-496a-47bc-a238-042e30c3a79e has been successfully formatted.
2019-09-25 05:54:09,177 [pool-67-thread-1] INFO  ratis.ContainerStateMachine (ContainerStateMachine.java:loadSnapshot(230)) - group-042E30C3A79E: The snapshot info is null. Setting the last applied indexto:(t:0, i:~)
2019-09-25 05:54:09,177 [pool-67-thread-1] INFO  server.RaftServerConfigKeys (ConfUtils.java:logGet(43)) - raft.server.notification.no-leader.timeout = 120s (custom)
2019-09-25 05:54:09,178 [pool-67-thread-1] INFO  server.RaftServerConfigKeys (ConfUtils.java:logGet(43)) - raft.server.log.use.memory = false (default)
2019-09-25 05:54:09,178 [pool-67-thread-1] INFO  server.RaftServerConfigKeys (ConfUtils.java:logGet(43)) - raft.server.log.purge.gap = 1000000 (custom)
2019-09-25 05:54:09,178 [pool-67-thread-1] INFO  server.RaftServerConfigKeys (ConfUtils.java:logGet(43)) - raft.server.log.appender.buffer.byte-limit = 33554432 (custom)
2019-09-25 05:54:09,178 [pool-67-thread-1] INFO  server.RaftServerConfigKeys (ConfUtils.java:logGet(43)) - raft.server.log.segment.size.max = 1048576 (custom)
2019-09-25 05:54:09,178 [pool-67-thread-1] INFO  server.RaftServerConfigKeys (ConfUtils.java:logGet(43)) - raft.server.log.segment.cache.num.max = 2 (custom)
2019-09-25 05:54:09,179 [pool-67-thread-1] INFO  segmented.SegmentedRaftLogWorker (SegmentedRaftLogWorker.java:<init>(172)) - new a8d2df02-a9dc-4b60-9eec-a53a711ba1ae@group-042E30C3A79E-SegmentedRaftLogWorker for RaftStorage:Storage Directory /workdir/hadoop-ozone/ozonefs/target/test-dir/MiniOzoneClusterImpl-a7a48124-c188-483e-b9a9-787dfdcc7198/datanode-4/data/ratis/84b5c9d9-496a-47bc-a238-042e30c3a79e
2019-09-25 05:54:09,179 [pool-67-thread-1] INFO  server.RaftServerConfigKeys (ConfUtils.java:logGet(43)) - raft.server.log.queue.byte-limit = 2147483647 (custom)
2019-09-25 05:54:09,179 [pool-67-thread-1] INFO  server.RaftServerConfigKeys (ConfUtils.java:logGet(43)) - raft.server.log.queue.element-limit = 1024 (custom)
2019-09-25 05:54:09,179 [pool-67-thread-1] INFO  server.RaftServerConfigKeys (ConfUtils.java:logGet(43)) - raft.server.log.segment.size.max = 1048576 (custom)
2019-09-25 05:54:09,179 [pool-67-thread-1] INFO  server.RaftServerConfigKeys (ConfUtils.java:logGet(43)) - raft.server.log.preallocated.size = 16384 (custom)
2019-09-25 05:54:09,179 [pool-67-thread-1] INFO  server.RaftServerConfigKeys (ConfUtils.java:logGet(43)) - raft.server.log.write.buffer.size = 33554432 (custom)
2019-09-25 05:54:09,180 [pool-67-thread-1] INFO  server.RaftServerConfigKeys (ConfUtils.java:logGet(43)) - raft.server.log.force.sync.num = 128 (default)
2019-09-25 05:54:09,180 [pool-67-thread-1] INFO  server.RaftServerConfigKeys (ConfUtils.java:logGet(43)) - raft.server.log.statemachine.data.sync = true (default)
2019-09-25 05:54:09,180 [pool-67-thread-1] INFO  server.RaftServerConfigKeys (ConfUtils.java:logGet(43)) - raft.server.log.statemachine.data.sync.timeout = 10s (default)
2019-09-25 05:54:09,180 [pool-67-thread-1] INFO  server.RaftServerConfigKeys (ConfUtils.java:logGet(43)) - raft.server.log.statemachine.data.sync.timeout.retry = -1 (default)
2019-09-25 05:54:09,180 [pool-67-thread-1] INFO  server.RaftServerConfigKeys (ConfUtils.java:logGet(43)) - raft.server.log.statemachine.data.caching.enabled = true (custom)
2019-09-25 05:54:09,181 [pool-67-thread-1] INFO  segmented.SegmentedRaftLogWorker (SegmentedRaftLogWorker.java:lambda$new$0(132)) - a8d2df02-a9dc-4b60-9eec-a53a711ba1ae@group-042E30C3A79E-SegmentedRaftLogWorker: flushIndex: setUnconditionally 0 -> -1
2019-09-25 05:54:09,181 [pool-67-thread-1] INFO  server.RaftServerConfigKeys (ConfUtils.java:logGet(43)) - raft.server.snapshot.auto.trigger.enabled = true (custom)
2019-09-25 05:54:09,181 [pool-67-thread-1] INFO  server.RaftServerConfigKeys (ConfUtils.java:logGet(43)) - raft.server.snapshot.auto.trigger.threshold = 10000 (custom)
2019-09-25 05:54:09,181 [pool-67-thread-1] INFO  server.RaftServerConfigKeys (ConfUtils.java:logGet(43)) - raft.server.snapshot.retention.num.files = 5 (custom)
2019-09-25 05:54:09,182 [pool-67-thread-1] INFO  server.RaftServerConfigKeys (ConfUtils.java:logGet(43)) - raft.server.retrycache.expirytime = 600000ms (custom)
2019-09-25 05:54:09,185 [pool-67-thread-1] INFO  impl.RaftServerImpl (RaftServerImpl.java:start(185)) - a8d2df02-a9dc-4b60-9eec-a53a711ba1ae@group-042E30C3A79E: start as a follower, conf=-1: [a8d2df02-a9dc-4b60-9eec-a53a711ba1ae:192.168.5.161:45141], old=null
2019-09-25 05:54:09,185 [pool-67-thread-1] INFO  impl.RaftServerImpl (RaftServerImpl.java:setRole(174)) - a8d2df02-a9dc-4b60-9eec-a53a711ba1ae@group-042E30C3A79E: changes role from      null to FOLLOWER at term 0 for startAsFollower
2019-09-25 05:54:09,185 [pool-67-thread-1] INFO  impl.RoleInfo (RoleInfo.java:updateAndGet(143)) - a8d2df02-a9dc-4b60-9eec-a53a711ba1ae: start FollowerState
2019-09-25 05:54:09,185 [pool-67-thread-1] INFO  util.JmxRegister (JmxRegister.java:tryRegister(44)) - Successfully registered JMX Bean with object name Ratis:service=RaftServer,group=group-042E30C3A79E,id=a8d2df02-a9dc-4b60-9eec-a53a711ba1ae
2019-09-25 05:54:09,190 [RatisPipelineUtilsThread] INFO  pipeline.PipelineStateManager (PipelineStateManager.java:addPipeline(56)) - Created pipeline Pipeline[ Id: 84b5c9d9-496a-47bc-a238-042e30c3a79e, Nodes: a8d2df02-a9dc-4b60-9eec-a53a711ba1ae{ip: 192.168.5.161, host: pr-hdds-1569-zxpks-796972592, networkLocation: /default-rack, certSerialId: null}, Type:RATIS, Factor:ONE, State:OPEN]
2019-09-25 05:54:09,191 [RatisPipelineUtilsThread] INFO  pipeline.PipelinePlacementPolicy (PipelinePlacementPolicy.java:meetCriteria(91)) - Pipeline Placement: can't place more pipeline on heavy datanode： f28e89b6-3953-4014-b5dd-5d7c12bc90a1 Heaviness: 6 limit: 5
2019-09-25 05:54:09,191 [RatisPipelineUtilsThread] INFO  pipeline.PipelinePlacementPolicy (PipelinePlacementPolicy.java:meetCriteria(91)) - Pipeline Placement: can't place more pipeline on heavy datanode： 169f835a-5a51-4a80-ac17-f8139cf3a6e7 Heaviness: 6 limit: 5
2019-09-25 05:54:09,191 [RatisPipelineUtilsThread] INFO  pipeline.PipelinePlacementPolicy (PipelinePlacementPolicy.java:meetCriteria(91)) - Pipeline Placement: can't place more pipeline on heavy datanode： a171a438-4db2-4a15-a03d-8d01a40a69ad Heaviness: 6 limit: 5
2019-09-25 05:54:09,191 [RatisPipelineUtilsThread] INFO  pipeline.PipelinePlacementPolicy (PipelinePlacementPolicy.java:meetCriteria(91)) - Pipeline Placement: can't place more pipeline on heavy datanode： 9b45984a-e801-4994-8f0b-759bb773fda3 Heaviness: 6 limit: 5
2019-09-25 05:54:09,211 [grpc-default-executor-0] INFO  impl.RaftServerProxy (RaftServerProxy.java:addNew(89)) - a8d2df02-a9dc-4b60-9eec-a53a711ba1ae: addNew group-E08049807801:[a8d2df02-a9dc-4b60-9eec-a53a711ba1ae:192.168.5.161:45141] returns group-E08049807801:java.util.concurrent.CompletableFuture@5bd2cee[Not completed]
2019-09-25 05:54:09,212 [pool-67-thread-1] INFO  impl.RaftServerImpl (RaftServerImpl.java:<init>(95)) - a8d2df02-a9dc-4b60-9eec-a53a711ba1ae: new RaftServerImpl for group-E08049807801:[a8d2df02-a9dc-4b60-9eec-a53a711ba1ae:192.168.5.161:45141] with ContainerStateMachine:uninitialized
2019-09-25 05:54:09,213 [pool-67-thread-1] INFO  server.RaftServerConfigKeys (ConfUtils.java:logGet(43)) - raft.server.rpc.timeout.min = 5s (custom)
2019-09-25 05:54:09,213 [pool-67-thread-1] INFO  server.RaftServerConfigKeys (ConfUtils.java:logGet(43)) - raft.server.rpc.timeout.max = 5200ms (custom)
2019-09-25 05:54:09,222 [pool-67-thread-1] INFO  server.RaftServerConfigKeys (ConfUtils.java:logGet(43)) - raft.server.rpcslowness.timeout = 120s (custom)
2019-09-25 05:54:09,223 [pool-67-thread-1] INFO  server.RaftServerConfigKeys (ConfUtils.java:logGet(43)) - raft.server.sleep.deviation.threshold = 300 (default)
2019-09-25 05:54:09,223 [pool-67-thread-1] INFO  server.RaftServerConfigKeys (ConfUtils.java:logGet(43)) - raft.server.log.appender.install.snapshot.enabled = false (custom)
2019-09-25 05:54:09,223 [pool-67-thread-1] INFO  impl.RaftServerImpl (ServerState.java:<init>(103)) - a8d2df02-a9dc-4b60-9eec-a53a711ba1ae@group-E08049807801: ConfigurationManager, init=-1: [a8d2df02-a9dc-4b60-9eec-a53a711ba1ae:192.168.5.161:45141], old=null, confs=<EMPTY_MAP>
2019-09-25 05:54:09,223 [pool-67-thread-1] INFO  server.RaftServerConfigKeys (ConfUtils.java:logGet(43)) - raft.server.storage.dir = [/workdir/hadoop-ozone/ozonefs/target/test-dir/MiniOzoneClusterImpl-a7a48124-c188-483e-b9a9-787dfdcc7198/datanode-4/data/ratis] (custom)
2019-09-25 05:54:09,224 [pool-67-thread-1] INFO  storage.RaftStorageDirectory (RaftStorageDirectory.java:analyzeStorage(246)) - The storage directory /workdir/hadoop-ozone/ozonefs/target/test-dir/MiniOzoneClusterImpl-a7a48124-c188-483e-b9a9-787dfdcc7198/datanode-4/data/ratis/1accb8f6-7cc7-4200-8415-e08049807801 does not exist. Creating ...
2019-09-25 05:54:09,229 [pool-67-thread-1] INFO  storage.RaftStorageDirectory (RaftStorageDirectory.java:tryLock(328)) - Lock on /workdir/hadoop-ozone/ozonefs/target/test-dir/MiniOzoneClusterImpl-a7a48124-c188-483e-b9a9-787dfdcc7198/datanode-4/data/ratis/1accb8f6-7cc7-4200-8415-e08049807801/in_use.lock acquired by nodename 19278@pr-hdds-1569-zxpks-796972592
2019-09-25 05:54:09,251 [pool-67-thread-1] INFO  storage.RaftStorage (RaftStorage.java:format(72)) - Storage directory /workdir/hadoop-ozone/ozonefs/target/test-dir/MiniOzoneClusterImpl-a7a48124-c188-483e-b9a9-787dfdcc7198/datanode-4/data/ratis/1accb8f6-7cc7-4200-8415-e08049807801 has been successfully formatted.
2019-09-25 05:54:09,251 [pool-67-thread-1] INFO  ratis.ContainerStateMachine (ContainerStateMachine.java:loadSnapshot(230)) - group-E08049807801: The snapshot info is null. Setting the last applied indexto:(t:0, i:~)
2019-09-25 05:54:09,251 [pool-67-thread-1] INFO  server.RaftServerConfigKeys (ConfUtils.java:logGet(43)) - raft.server.notification.no-leader.timeout = 120s (custom)
2019-09-25 05:54:09,251 [pool-67-thread-1] INFO  server.RaftServerConfigKeys (ConfUtils.java:logGet(43)) - raft.server.log.use.memory = false (default)
2019-09-25 05:54:09,252 [pool-67-thread-1] INFO  server.RaftServerConfigKeys (ConfUtils.java:logGet(43)) - raft.server.log.purge.gap = 1000000 (custom)
2019-09-25 05:54:09,252 [pool-67-thread-1] INFO  server.RaftServerConfigKeys (ConfUtils.java:logGet(43)) - raft.server.log.appender.buffer.byte-limit = 33554432 (custom)
2019-09-25 05:54:09,252 [pool-67-thread-1] INFO  server.RaftServerConfigKeys (ConfUtils.java:logGet(43)) - raft.server.log.segment.size.max = 1048576 (custom)
2019-09-25 05:54:09,252 [pool-67-thread-1] INFO  server.RaftServerConfigKeys (ConfUtils.java:logGet(43)) - raft.server.log.segment.cache.num.max = 2 (custom)
2019-09-25 05:54:09,252 [pool-67-thread-1] INFO  segmented.SegmentedRaftLogWorker (SegmentedRaftLogWorker.java:<init>(172)) - new a8d2df02-a9dc-4b60-9eec-a53a711ba1ae@group-E08049807801-SegmentedRaftLogWorker for RaftStorage:Storage Directory /workdir/hadoop-ozone/ozonefs/target/test-dir/MiniOzoneClusterImpl-a7a48124-c188-483e-b9a9-787dfdcc7198/datanode-4/data/ratis/1accb8f6-7cc7-4200-8415-e08049807801
2019-09-25 05:54:09,252 [pool-67-thread-1] INFO  server.RaftServerConfigKeys (ConfUtils.java:logGet(43)) - raft.server.log.queue.byte-limit = 2147483647 (custom)
2019-09-25 05:54:09,252 [pool-67-thread-1] INFO  server.RaftServerConfigKeys (ConfUtils.java:logGet(43)) - raft.server.log.queue.element-limit = 1024 (custom)
2019-09-25 05:54:09,253 [pool-67-thread-1] INFO  server.RaftServerConfigKeys (ConfUtils.java:logGet(43)) - raft.server.log.segment.size.max = 1048576 (custom)
2019-09-25 05:54:09,253 [pool-67-thread-1] INFO  server.RaftServerConfigKeys (ConfUtils.java:logGet(43)) - raft.server.log.preallocated.size = 16384 (custom)
2019-09-25 05:54:09,253 [pool-67-thread-1] INFO  server.RaftServerConfigKeys (ConfUtils.java:logGet(43)) - raft.server.log.write.buffer.size = 33554432 (custom)
2019-09-25 05:54:09,253 [pool-67-thread-1] INFO  server.RaftServerConfigKeys (ConfUtils.java:logGet(43)) - raft.server.log.force.sync.num = 128 (default)
2019-09-25 05:54:09,253 [pool-67-thread-1] INFO  server.RaftServerConfigKeys (ConfUtils.java:logGet(43)) - raft.server.log.statemachine.data.sync = true (default)
2019-09-25 05:54:09,253 [pool-67-thread-1] INFO  server.RaftServerConfigKeys (ConfUtils.java:logGet(43)) - raft.server.log.statemachine.data.sync.timeout = 10s (default)
2019-09-25 05:54:09,253 [pool-67-thread-1] INFO  server.RaftServerConfigKeys (ConfUtils.java:logGet(43)) - raft.server.log.statemachine.data.sync.timeout.retry = -1 (default)
2019-09-25 05:54:09,254 [pool-67-thread-1] INFO  server.RaftServerConfigKeys (ConfUtils.java:logGet(43)) - raft.server.log.statemachine.data.caching.enabled = true (custom)
2019-09-25 05:54:09,254 [pool-67-thread-1] INFO  segmented.SegmentedRaftLogWorker (SegmentedRaftLogWorker.java:lambda$new$0(132)) - a8d2df02-a9dc-4b60-9eec-a53a711ba1ae@group-E08049807801-SegmentedRaftLogWorker: flushIndex: setUnconditionally 0 -> -1
2019-09-25 05:54:09,254 [pool-67-thread-1] INFO  server.RaftServerConfigKeys (ConfUtils.java:logGet(43)) - raft.server.snapshot.auto.trigger.enabled = true (custom)
2019-09-25 05:54:09,255 [pool-67-thread-1] INFO  server.RaftServerConfigKeys (ConfUtils.java:logGet(43)) - raft.server.snapshot.auto.trigger.threshold = 10000 (custom)
2019-09-25 05:54:09,255 [pool-67-thread-1] INFO  server.RaftServerConfigKeys (ConfUtils.java:logGet(43)) - raft.server.snapshot.retention.num.files = 5 (custom)
2019-09-25 05:54:09,255 [pool-67-thread-1] INFO  server.RaftServerConfigKeys (ConfUtils.java:logGet(43)) - raft.server.retrycache.expirytime = 600000ms (custom)
2019-09-25 05:54:09,257 [pool-67-thread-1] INFO  impl.RaftServerImpl (RaftServerImpl.java:start(185)) - a8d2df02-a9dc-4b60-9eec-a53a711ba1ae@group-E08049807801: start as a follower, conf=-1: [a8d2df02-a9dc-4b60-9eec-a53a711ba1ae:192.168.5.161:45141], old=null
2019-09-25 05:54:09,257 [pool-67-thread-1] INFO  impl.RaftServerImpl (RaftServerImpl.java:setRole(174)) - a8d2df02-a9dc-4b60-9eec-a53a711ba1ae@group-E08049807801: changes role from      null to FOLLOWER at term 0 for startAsFollower
2019-09-25 05:54:09,258 [pool-67-thread-1] INFO  impl.RoleInfo (RoleInfo.java:updateAndGet(143)) - a8d2df02-a9dc-4b60-9eec-a53a711ba1ae: start FollowerState
2019-09-25 05:54:09,258 [pool-67-thread-1] INFO  util.JmxRegister (JmxRegister.java:tryRegister(44)) - Successfully registered JMX Bean with object name Ratis:service=RaftServer,group=group-E08049807801,id=a8d2df02-a9dc-4b60-9eec-a53a711ba1ae
2019-09-25 05:54:09,265 [RatisPipelineUtilsThread] INFO  pipeline.PipelineStateManager (PipelineStateManager.java:addPipeline(56)) - Created pipeline Pipeline[ Id: 1accb8f6-7cc7-4200-8415-e08049807801, Nodes: a8d2df02-a9dc-4b60-9eec-a53a711ba1ae{ip: 192.168.5.161, host: pr-hdds-1569-zxpks-796972592, networkLocation: /default-rack, certSerialId: null}, Type:RATIS, Factor:ONE, State:OPEN]
2019-09-25 05:54:09,265 [RatisPipelineUtilsThread] INFO  pipeline.PipelinePlacementPolicy (PipelinePlacementPolicy.java:meetCriteria(91)) - Pipeline Placement: can't place more pipeline on heavy datanode： f28e89b6-3953-4014-b5dd-5d7c12bc90a1 Heaviness: 6 limit: 5
2019-09-25 05:54:09,265 [RatisPipelineUtilsThread] INFO  pipeline.PipelinePlacementPolicy (PipelinePlacementPolicy.java:meetCriteria(91)) - Pipeline Placement: can't place more pipeline on heavy datanode： 169f835a-5a51-4a80-ac17-f8139cf3a6e7 Heaviness: 6 limit: 5
2019-09-25 05:54:09,266 [RatisPipelineUtilsThread] INFO  pipeline.PipelinePlacementPolicy (PipelinePlacementPolicy.java:meetCriteria(91)) - Pipeline Placement: can't place more pipeline on heavy datanode： a171a438-4db2-4a15-a03d-8d01a40a69ad Heaviness: 6 limit: 5
2019-09-25 05:54:09,266 [RatisPipelineUtilsThread] INFO  pipeline.PipelinePlacementPolicy (PipelinePlacementPolicy.java:meetCriteria(91)) - Pipeline Placement: can't place more pipeline on heavy datanode： 9b45984a-e801-4994-8f0b-759bb773fda3 Heaviness: 6 limit: 5
2019-09-25 05:54:09,292 [grpc-default-executor-0] INFO  impl.RaftServerProxy (RaftServerProxy.java:addNew(89)) - 22638597-b9ac-42fc-8d80-a8fc15613fc1: addNew group-C733706EEF9E:[22638597-b9ac-42fc-8d80-a8fc15613fc1:192.168.5.161:38615] returns group-C733706EEF9E:java.util.concurrent.CompletableFuture@6b76c164[Not completed]
2019-09-25 05:54:09,293 [pool-47-thread-1] INFO  impl.RaftServerImpl (RaftServerImpl.java:<init>(95)) - 22638597-b9ac-42fc-8d80-a8fc15613fc1: new RaftServerImpl for group-C733706EEF9E:[22638597-b9ac-42fc-8d80-a8fc15613fc1:192.168.5.161:38615] with ContainerStateMachine:uninitialized
2019-09-25 05:54:09,293 [pool-47-thread-1] INFO  server.RaftServerConfigKeys (ConfUtils.java:logGet(43)) - raft.server.rpc.timeout.min = 5s (custom)
2019-09-25 05:54:09,294 [pool-47-thread-1] INFO  server.RaftServerConfigKeys (ConfUtils.java:logGet(43)) - raft.server.rpc.timeout.max = 5200ms (custom)
2019-09-25 05:54:09,294 [pool-47-thread-1] INFO  server.RaftServerConfigKeys (ConfUtils.java:logGet(43)) - raft.server.rpcslowness.timeout = 120s (custom)
2019-09-25 05:54:09,294 [pool-47-thread-1] INFO  server.RaftServerConfigKeys (ConfUtils.java:logGet(43)) - raft.server.sleep.deviation.threshold = 300 (default)
2019-09-25 05:54:09,294 [pool-47-thread-1] INFO  server.RaftServerConfigKeys (ConfUtils.java:logGet(43)) - raft.server.log.appender.install.snapshot.enabled = false (custom)
2019-09-25 05:54:09,294 [pool-47-thread-1] INFO  impl.RaftServerImpl (ServerState.java:<init>(103)) - 22638597-b9ac-42fc-8d80-a8fc15613fc1@group-C733706EEF9E: ConfigurationManager, init=-1: [22638597-b9ac-42fc-8d80-a8fc15613fc1:192.168.5.161:38615], old=null, confs=<EMPTY_MAP>
2019-09-25 05:54:09,295 [pool-47-thread-1] INFO  server.RaftServerConfigKeys (ConfUtils.java:logGet(43)) - raft.server.storage.dir = [/workdir/hadoop-ozone/ozonefs/target/test-dir/MiniOzoneClusterImpl-a7a48124-c188-483e-b9a9-787dfdcc7198/datanode-2/data/ratis] (custom)
2019-09-25 05:54:09,295 [pool-47-thread-1] INFO  storage.RaftStorageDirectory (RaftStorageDirectory.java:analyzeStorage(246)) - The storage directory /workdir/hadoop-ozone/ozonefs/target/test-dir/MiniOzoneClusterImpl-a7a48124-c188-483e-b9a9-787dfdcc7198/datanode-2/data/ratis/53916f80-f022-4313-b366-c733706eef9e does not exist. Creating ...
2019-09-25 05:54:09,308 [pool-47-thread-1] INFO  storage.RaftStorageDirectory (RaftStorageDirectory.java:tryLock(328)) - Lock on /workdir/hadoop-ozone/ozonefs/target/test-dir/MiniOzoneClusterImpl-a7a48124-c188-483e-b9a9-787dfdcc7198/datanode-2/data/ratis/53916f80-f022-4313-b366-c733706eef9e/in_use.lock acquired by nodename 19278@pr-hdds-1569-zxpks-796972592
2019-09-25 05:54:09,321 [pool-47-thread-1] INFO  storage.RaftStorage (RaftStorage.java:format(72)) - Storage directory /workdir/hadoop-ozone/ozonefs/target/test-dir/MiniOzoneClusterImpl-a7a48124-c188-483e-b9a9-787dfdcc7198/datanode-2/data/ratis/53916f80-f022-4313-b366-c733706eef9e has been successfully formatted.
2019-09-25 05:54:09,322 [pool-47-thread-1] INFO  ratis.ContainerStateMachine (ContainerStateMachine.java:loadSnapshot(230)) - group-C733706EEF9E: The snapshot info is null. Setting the last applied indexto:(t:0, i:~)
2019-09-25 05:54:09,322 [pool-47-thread-1] INFO  server.RaftServerConfigKeys (ConfUtils.java:logGet(43)) - raft.server.notification.no-leader.timeout = 120s (custom)
2019-09-25 05:54:09,322 [pool-47-thread-1] INFO  server.RaftServerConfigKeys (ConfUtils.java:logGet(43)) - raft.server.log.use.memory = false (default)
2019-09-25 05:54:09,322 [pool-47-thread-1] INFO  server.RaftServerConfigKeys (ConfUtils.java:logGet(43)) - raft.server.log.purge.gap = 1000000 (custom)
2019-09-25 05:54:09,322 [pool-47-thread-1] INFO  server.RaftServerConfigKeys (ConfUtils.java:logGet(43)) - raft.server.log.appender.buffer.byte-limit = 33554432 (custom)
2019-09-25 05:54:09,323 [pool-47-thread-1] INFO  server.RaftServerConfigKeys (ConfUtils.java:logGet(43)) - raft.server.log.segment.size.max = 1048576 (custom)
2019-09-25 05:54:09,323 [pool-47-thread-1] INFO  server.RaftServerConfigKeys (ConfUtils.java:logGet(43)) - raft.server.log.segment.cache.num.max = 2 (custom)
2019-09-25 05:54:09,323 [pool-47-thread-1] INFO  segmented.SegmentedRaftLogWorker (SegmentedRaftLogWorker.java:<init>(172)) - new 22638597-b9ac-42fc-8d80-a8fc15613fc1@group-C733706EEF9E-SegmentedRaftLogWorker for RaftStorage:Storage Directory /workdir/hadoop-ozone/ozonefs/target/test-dir/MiniOzoneClusterImpl-a7a48124-c188-483e-b9a9-787dfdcc7198/datanode-2/data/ratis/53916f80-f022-4313-b366-c733706eef9e
2019-09-25 05:54:09,323 [pool-47-thread-1] INFO  server.RaftServerConfigKeys (ConfUtils.java:logGet(43)) - raft.server.log.queue.byte-limit = 2147483647 (custom)
2019-09-25 05:54:09,323 [pool-47-thread-1] INFO  server.RaftServerConfigKeys (ConfUtils.java:logGet(43)) - raft.server.log.queue.element-limit = 1024 (custom)
2019-09-25 05:54:09,323 [pool-47-thread-1] INFO  server.RaftServerConfigKeys (ConfUtils.java:logGet(43)) - raft.server.log.segment.size.max = 1048576 (custom)
2019-09-25 05:54:09,324 [pool-47-thread-1] INFO  server.RaftServerConfigKeys (ConfUtils.java:logGet(43)) - raft.server.log.preallocated.size = 16384 (custom)
2019-09-25 05:54:09,324 [pool-47-thread-1] INFO  server.RaftServerConfigKeys (ConfUtils.java:logGet(43)) - raft.server.log.write.buffer.size = 33554432 (custom)
2019-09-25 05:54:09,324 [pool-47-thread-1] INFO  server.RaftServerConfigKeys (ConfUtils.java:logGet(43)) - raft.server.log.force.sync.num = 128 (default)
2019-09-25 05:54:09,324 [pool-47-thread-1] INFO  server.RaftServerConfigKeys (ConfUtils.java:logGet(43)) - raft.server.log.statemachine.data.sync = true (default)
2019-09-25 05:54:09,324 [pool-47-thread-1] INFO  server.RaftServerConfigKeys (ConfUtils.java:logGet(43)) - raft.server.log.statemachine.data.sync.timeout = 10s (default)
2019-09-25 05:54:09,324 [pool-47-thread-1] INFO  server.RaftServerConfigKeys (ConfUtils.java:logGet(43)) - raft.server.log.statemachine.data.sync.timeout.retry = -1 (default)
2019-09-25 05:54:09,325 [pool-47-thread-1] INFO  server.RaftServerConfigKeys (ConfUtils.java:logGet(43)) - raft.server.log.statemachine.data.caching.enabled = true (custom)
2019-09-25 05:54:09,325 [pool-47-thread-1] INFO  segmented.SegmentedRaftLogWorker (SegmentedRaftLogWorker.java:lambda$new$0(132)) - 22638597-b9ac-42fc-8d80-a8fc15613fc1@group-C733706EEF9E-SegmentedRaftLogWorker: flushIndex: setUnconditionally 0 -> -1
2019-09-25 05:54:09,325 [pool-47-thread-1] INFO  server.RaftServerConfigKeys (ConfUtils.java:logGet(43)) - raft.server.snapshot.auto.trigger.enabled = true (custom)
2019-09-25 05:54:09,326 [pool-47-thread-1] INFO  server.RaftServerConfigKeys (ConfUtils.java:logGet(43)) - raft.server.snapshot.auto.trigger.threshold = 10000 (custom)
2019-09-25 05:54:09,326 [pool-47-thread-1] INFO  server.RaftServerConfigKeys (ConfUtils.java:logGet(43)) - raft.server.snapshot.retention.num.files = 5 (custom)
2019-09-25 05:54:09,326 [pool-47-thread-1] INFO  server.RaftServerConfigKeys (ConfUtils.java:logGet(43)) - raft.server.retrycache.expirytime = 600000ms (custom)
2019-09-25 05:54:09,328 [pool-47-thread-1] INFO  impl.RaftServerImpl (RaftServerImpl.java:start(185)) - 22638597-b9ac-42fc-8d80-a8fc15613fc1@group-C733706EEF9E: start as a follower, conf=-1: [22638597-b9ac-42fc-8d80-a8fc15613fc1:192.168.5.161:38615], old=null
2019-09-25 05:54:09,329 [pool-47-thread-1] INFO  impl.RaftServerImpl (RaftServerImpl.java:setRole(174)) - 22638597-b9ac-42fc-8d80-a8fc15613fc1@group-C733706EEF9E: changes role from      null to FOLLOWER at term 0 for startAsFollower
2019-09-25 05:54:09,329 [pool-47-thread-1] INFO  impl.RoleInfo (RoleInfo.java:updateAndGet(143)) - 22638597-b9ac-42fc-8d80-a8fc15613fc1: start FollowerState
2019-09-25 05:54:09,341 [pool-47-thread-1] INFO  util.JmxRegister (JmxRegister.java:tryRegister(44)) - Successfully registered JMX Bean with object name Ratis:service=RaftServer,group=group-C733706EEF9E,id=22638597-b9ac-42fc-8d80-a8fc15613fc1
2019-09-25 05:54:09,366 [RatisPipelineUtilsThread] INFO  pipeline.PipelineStateManager (PipelineStateManager.java:addPipeline(56)) - Created pipeline Pipeline[ Id: 53916f80-f022-4313-b366-c733706eef9e, Nodes: 22638597-b9ac-42fc-8d80-a8fc15613fc1{ip: 192.168.5.161, host: pr-hdds-1569-zxpks-796972592, networkLocation: /default-rack, certSerialId: null}, Type:RATIS, Factor:ONE, State:OPEN]
2019-09-25 05:54:09,367 [RatisPipelineUtilsThread] INFO  pipeline.PipelinePlacementPolicy (PipelinePlacementPolicy.java:meetCriteria(91)) - Pipeline Placement: can't place more pipeline on heavy datanode： f28e89b6-3953-4014-b5dd-5d7c12bc90a1 Heaviness: 6 limit: 5
2019-09-25 05:54:09,367 [RatisPipelineUtilsThread] INFO  pipeline.PipelinePlacementPolicy (PipelinePlacementPolicy.java:meetCriteria(91)) - Pipeline Placement: can't place more pipeline on heavy datanode： 169f835a-5a51-4a80-ac17-f8139cf3a6e7 Heaviness: 6 limit: 5
2019-09-25 05:54:09,367 [RatisPipelineUtilsThread] INFO  pipeline.PipelinePlacementPolicy (PipelinePlacementPolicy.java:meetCriteria(91)) - Pipeline Placement: can't place more pipeline on heavy datanode： a171a438-4db2-4a15-a03d-8d01a40a69ad Heaviness: 6 limit: 5
2019-09-25 05:54:09,367 [RatisPipelineUtilsThread] INFO  pipeline.PipelinePlacementPolicy (PipelinePlacementPolicy.java:meetCriteria(91)) - Pipeline Placement: can't place more pipeline on heavy datanode： 9b45984a-e801-4994-8f0b-759bb773fda3 Heaviness: 6 limit: 5
2019-09-25 05:54:09,374 [grpc-default-executor-0] INFO  impl.RaftServerProxy (RaftServerProxy.java:addNew(89)) - a8d2df02-a9dc-4b60-9eec-a53a711ba1ae: addNew group-9215915B0A34:[a8d2df02-a9dc-4b60-9eec-a53a711ba1ae:192.168.5.161:45141] returns group-9215915B0A34:java.util.concurrent.CompletableFuture@33dda5ff[Not completed]
2019-09-25 05:54:09,375 [pool-67-thread-1] INFO  impl.RaftServerImpl (RaftServerImpl.java:<init>(95)) - a8d2df02-a9dc-4b60-9eec-a53a711ba1ae: new RaftServerImpl for group-9215915B0A34:[a8d2df02-a9dc-4b60-9eec-a53a711ba1ae:192.168.5.161:45141] with ContainerStateMachine:uninitialized
2019-09-25 05:54:09,375 [pool-67-thread-1] INFO  server.RaftServerConfigKeys (ConfUtils.java:logGet(43)) - raft.server.rpc.timeout.min = 5s (custom)
2019-09-25 05:54:09,376 [pool-67-thread-1] INFO  server.RaftServerConfigKeys (ConfUtils.java:logGet(43)) - raft.server.rpc.timeout.max = 5200ms (custom)
2019-09-25 05:54:09,376 [pool-67-thread-1] INFO  server.RaftServerConfigKeys (ConfUtils.java:logGet(43)) - raft.server.rpcslowness.timeout = 120s (custom)
2019-09-25 05:54:09,376 [pool-67-thread-1] INFO  server.RaftServerConfigKeys (ConfUtils.java:logGet(43)) - raft.server.sleep.deviation.threshold = 300 (default)
2019-09-25 05:54:09,376 [pool-67-thread-1] INFO  server.RaftServerConfigKeys (ConfUtils.java:logGet(43)) - raft.server.log.appender.install.snapshot.enabled = false (custom)
2019-09-25 05:54:09,376 [pool-67-thread-1] INFO  impl.RaftServerImpl (ServerState.java:<init>(103)) - a8d2df02-a9dc-4b60-9eec-a53a711ba1ae@group-9215915B0A34: ConfigurationManager, init=-1: [a8d2df02-a9dc-4b60-9eec-a53a711ba1ae:192.168.5.161:45141], old=null, confs=<EMPTY_MAP>
2019-09-25 05:54:09,376 [pool-67-thread-1] INFO  server.RaftServerConfigKeys (ConfUtils.java:logGet(43)) - raft.server.storage.dir = [/workdir/hadoop-ozone/ozonefs/target/test-dir/MiniOzoneClusterImpl-a7a48124-c188-483e-b9a9-787dfdcc7198/datanode-4/data/ratis] (custom)
2019-09-25 05:54:09,377 [pool-67-thread-1] INFO  storage.RaftStorageDirectory (RaftStorageDirectory.java:analyzeStorage(246)) - The storage directory /workdir/hadoop-ozone/ozonefs/target/test-dir/MiniOzoneClusterImpl-a7a48124-c188-483e-b9a9-787dfdcc7198/datanode-4/data/ratis/ad4bbbb6-3c36-4e7b-87b8-9215915b0a34 does not exist. Creating ...
2019-09-25 05:54:09,391 [pool-67-thread-1] INFO  storage.RaftStorageDirectory (RaftStorageDirectory.java:tryLock(328)) - Lock on /workdir/hadoop-ozone/ozonefs/target/test-dir/MiniOzoneClusterImpl-a7a48124-c188-483e-b9a9-787dfdcc7198/datanode-4/data/ratis/ad4bbbb6-3c36-4e7b-87b8-9215915b0a34/in_use.lock acquired by nodename 19278@pr-hdds-1569-zxpks-796972592
2019-09-25 05:54:09,404 [pool-67-thread-1] INFO  storage.RaftStorage (RaftStorage.java:format(72)) - Storage directory /workdir/hadoop-ozone/ozonefs/target/test-dir/MiniOzoneClusterImpl-a7a48124-c188-483e-b9a9-787dfdcc7198/datanode-4/data/ratis/ad4bbbb6-3c36-4e7b-87b8-9215915b0a34 has been successfully formatted.
2019-09-25 05:54:09,404 [pool-67-thread-1] INFO  ratis.ContainerStateMachine (ContainerStateMachine.java:loadSnapshot(230)) - group-9215915B0A34: The snapshot info is null. Setting the last applied indexto:(t:0, i:~)
2019-09-25 05:54:09,405 [pool-67-thread-1] INFO  server.RaftServerConfigKeys (ConfUtils.java:logGet(43)) - raft.server.notification.no-leader.timeout = 120s (custom)
2019-09-25 05:54:09,405 [pool-67-thread-1] INFO  server.RaftServerConfigKeys (ConfUtils.java:logGet(43)) - raft.server.log.use.memory = false (default)
2019-09-25 05:54:09,405 [pool-67-thread-1] INFO  server.RaftServerConfigKeys (ConfUtils.java:logGet(43)) - raft.server.log.purge.gap = 1000000 (custom)
2019-09-25 05:54:09,405 [pool-67-thread-1] INFO  server.RaftServerConfigKeys (ConfUtils.java:logGet(43)) - raft.server.log.appender.buffer.byte-limit = 33554432 (custom)
2019-09-25 05:54:09,405 [pool-67-thread-1] INFO  server.RaftServerConfigKeys (ConfUtils.java:logGet(43)) - raft.server.log.segment.size.max = 1048576 (custom)
2019-09-25 05:54:09,405 [pool-67-thread-1] INFO  server.RaftServerConfigKeys (ConfUtils.java:logGet(43)) - raft.server.log.segment.cache.num.max = 2 (custom)
2019-09-25 05:54:09,405 [pool-67-thread-1] INFO  segmented.SegmentedRaftLogWorker (SegmentedRaftLogWorker.java:<init>(172)) - new a8d2df02-a9dc-4b60-9eec-a53a711ba1ae@group-9215915B0A34-SegmentedRaftLogWorker for RaftStorage:Storage Directory /workdir/hadoop-ozone/ozonefs/target/test-dir/MiniOzoneClusterImpl-a7a48124-c188-483e-b9a9-787dfdcc7198/datanode-4/data/ratis/ad4bbbb6-3c36-4e7b-87b8-9215915b0a34
2019-09-25 05:54:09,406 [pool-67-thread-1] INFO  server.RaftServerConfigKeys (ConfUtils.java:logGet(43)) - raft.server.log.queue.byte-limit = 2147483647 (custom)
2019-09-25 05:54:09,406 [pool-67-thread-1] INFO  server.RaftServerConfigKeys (ConfUtils.java:logGet(43)) - raft.server.log.queue.element-limit = 1024 (custom)
2019-09-25 05:54:09,406 [pool-67-thread-1] INFO  server.RaftServerConfigKeys (ConfUtils.java:logGet(43)) - raft.server.log.segment.size.max = 1048576 (custom)
2019-09-25 05:54:09,406 [pool-67-thread-1] INFO  server.RaftServerConfigKeys (ConfUtils.java:logGet(43)) - raft.server.log.preallocated.size = 16384 (custom)
2019-09-25 05:54:09,406 [pool-67-thread-1] INFO  server.RaftServerConfigKeys (ConfUtils.java:logGet(43)) - raft.server.log.write.buffer.size = 33554432 (custom)
2019-09-25 05:54:09,406 [pool-67-thread-1] INFO  server.RaftServerConfigKeys (ConfUtils.java:logGet(43)) - raft.server.log.force.sync.num = 128 (default)
2019-09-25 05:54:09,406 [pool-67-thread-1] INFO  server.RaftServerConfigKeys (ConfUtils.java:logGet(43)) - raft.server.log.statemachine.data.sync = true (default)
2019-09-25 05:54:09,407 [pool-67-thread-1] INFO  server.RaftServerConfigKeys (ConfUtils.java:logGet(43)) - raft.server.log.statemachine.data.sync.timeout = 10s (default)
2019-09-25 05:54:09,407 [pool-67-thread-1] INFO  server.RaftServerConfigKeys (ConfUtils.java:logGet(43)) - raft.server.log.statemachine.data.sync.timeout.retry = -1 (default)
2019-09-25 05:54:09,407 [pool-67-thread-1] INFO  server.RaftServerConfigKeys (ConfUtils.java:logGet(43)) - raft.server.log.statemachine.data.caching.enabled = true (custom)
2019-09-25 05:54:09,407 [pool-67-thread-1] INFO  segmented.SegmentedRaftLogWorker (SegmentedRaftLogWorker.java:lambda$new$0(132)) - a8d2df02-a9dc-4b60-9eec-a53a711ba1ae@group-9215915B0A34-SegmentedRaftLogWorker: flushIndex: setUnconditionally 0 -> -1
2019-09-25 05:54:09,408 [pool-67-thread-1] INFO  server.RaftServerConfigKeys (ConfUtils.java:logGet(43)) - raft.server.snapshot.auto.trigger.enabled = true (custom)
2019-09-25 05:54:09,408 [pool-67-thread-1] INFO  server.RaftServerConfigKeys (ConfUtils.java:logGet(43)) - raft.server.snapshot.auto.trigger.threshold = 10000 (custom)
2019-09-25 05:54:09,408 [pool-67-thread-1] INFO  server.RaftServerConfigKeys (ConfUtils.java:logGet(43)) - raft.server.snapshot.retention.num.files = 5 (custom)
2019-09-25 05:54:09,408 [pool-67-thread-1] INFO  server.RaftServerConfigKeys (ConfUtils.java:logGet(43)) - raft.server.retrycache.expirytime = 600000ms (custom)
2019-09-25 05:54:09,411 [pool-67-thread-1] INFO  impl.RaftServerImpl (RaftServerImpl.java:start(185)) - a8d2df02-a9dc-4b60-9eec-a53a711ba1ae@group-9215915B0A34: start as a follower, conf=-1: [a8d2df02-a9dc-4b60-9eec-a53a711ba1ae:192.168.5.161:45141], old=null
2019-09-25 05:54:09,411 [pool-67-thread-1] INFO  impl.RaftServerImpl (RaftServerImpl.java:setRole(174)) - a8d2df02-a9dc-4b60-9eec-a53a711ba1ae@group-9215915B0A34: changes role from      null to FOLLOWER at term 0 for startAsFollower
2019-09-25 05:54:09,411 [pool-67-thread-1] INFO  impl.RoleInfo (RoleInfo.java:updateAndGet(143)) - a8d2df02-a9dc-4b60-9eec-a53a711ba1ae: start FollowerState
2019-09-25 05:54:09,412 [pool-67-thread-1] INFO  util.JmxRegister (JmxRegister.java:tryRegister(44)) - Successfully registered JMX Bean with object name Ratis:service=RaftServer,group=group-9215915B0A34,id=a8d2df02-a9dc-4b60-9eec-a53a711ba1ae
2019-09-25 05:54:09,415 [RatisPipelineUtilsThread] INFO  pipeline.PipelineStateManager (PipelineStateManager.java:addPipeline(56)) - Created pipeline Pipeline[ Id: ad4bbbb6-3c36-4e7b-87b8-9215915b0a34, Nodes: a8d2df02-a9dc-4b60-9eec-a53a711ba1ae{ip: 192.168.5.161, host: pr-hdds-1569-zxpks-796972592, networkLocation: /default-rack, certSerialId: null}, Type:RATIS, Factor:ONE, State:OPEN]
2019-09-25 05:54:09,415 [RatisPipelineUtilsThread] INFO  pipeline.PipelinePlacementPolicy (PipelinePlacementPolicy.java:meetCriteria(91)) - Pipeline Placement: can't place more pipeline on heavy datanode： f28e89b6-3953-4014-b5dd-5d7c12bc90a1 Heaviness: 6 limit: 5
2019-09-25 05:54:09,415 [RatisPipelineUtilsThread] INFO  pipeline.PipelinePlacementPolicy (PipelinePlacementPolicy.java:meetCriteria(91)) - Pipeline Placement: can't place more pipeline on heavy datanode： 169f835a-5a51-4a80-ac17-f8139cf3a6e7 Heaviness: 6 limit: 5
2019-09-25 05:54:09,415 [RatisPipelineUtilsThread] INFO  pipeline.PipelinePlacementPolicy (PipelinePlacementPolicy.java:meetCriteria(91)) - Pipeline Placement: can't place more pipeline on heavy datanode： a171a438-4db2-4a15-a03d-8d01a40a69ad Heaviness: 6 limit: 5
2019-09-25 05:54:09,416 [RatisPipelineUtilsThread] INFO  pipeline.PipelinePlacementPolicy (PipelinePlacementPolicy.java:meetCriteria(91)) - Pipeline Placement: can't place more pipeline on heavy datanode： 9b45984a-e801-4994-8f0b-759bb773fda3 Heaviness: 6 limit: 5
2019-09-25 05:54:09,422 [grpc-default-executor-0] INFO  impl.RaftServerProxy (RaftServerProxy.java:addNew(89)) - f15c9da4-41cd-4d3b-befd-f91bd6a8ef15: addNew group-F8CA2A8A543E:[f15c9da4-41cd-4d3b-befd-f91bd6a8ef15:192.168.5.161:37814] returns group-F8CA2A8A543E:java.util.concurrent.CompletableFuture@3bdb7b77[Not completed]
2019-09-25 05:54:09,423 [pool-37-thread-1] INFO  impl.RaftServerImpl (RaftServerImpl.java:<init>(95)) - f15c9da4-41cd-4d3b-befd-f91bd6a8ef15: new RaftServerImpl for group-F8CA2A8A543E:[f15c9da4-41cd-4d3b-befd-f91bd6a8ef15:192.168.5.161:37814] with ContainerStateMachine:uninitialized
2019-09-25 05:54:09,423 [pool-37-thread-1] INFO  server.RaftServerConfigKeys (ConfUtils.java:logGet(43)) - raft.server.rpc.timeout.min = 5s (custom)
2019-09-25 05:54:09,423 [pool-37-thread-1] INFO  server.RaftServerConfigKeys (ConfUtils.java:logGet(43)) - raft.server.rpc.timeout.max = 5200ms (custom)
2019-09-25 05:54:09,423 [pool-37-thread-1] INFO  server.RaftServerConfigKeys (ConfUtils.java:logGet(43)) - raft.server.rpcslowness.timeout = 120s (custom)
2019-09-25 05:54:09,424 [pool-37-thread-1] INFO  server.RaftServerConfigKeys (ConfUtils.java:logGet(43)) - raft.server.sleep.deviation.threshold = 300 (default)
2019-09-25 05:54:09,424 [pool-37-thread-1] INFO  server.RaftServerConfigKeys (ConfUtils.java:logGet(43)) - raft.server.log.appender.install.snapshot.enabled = false (custom)
2019-09-25 05:54:09,424 [pool-37-thread-1] INFO  impl.RaftServerImpl (ServerState.java:<init>(103)) - f15c9da4-41cd-4d3b-befd-f91bd6a8ef15@group-F8CA2A8A543E: ConfigurationManager, init=-1: [f15c9da4-41cd-4d3b-befd-f91bd6a8ef15:192.168.5.161:37814], old=null, confs=<EMPTY_MAP>
2019-09-25 05:54:09,424 [pool-37-thread-1] INFO  server.RaftServerConfigKeys (ConfUtils.java:logGet(43)) - raft.server.storage.dir = [/workdir/hadoop-ozone/ozonefs/target/test-dir/MiniOzoneClusterImpl-a7a48124-c188-483e-b9a9-787dfdcc7198/datanode-1/data/ratis] (custom)
2019-09-25 05:54:09,425 [pool-37-thread-1] INFO  storage.RaftStorageDirectory (RaftStorageDirectory.java:analyzeStorage(246)) - The storage directory /workdir/hadoop-ozone/ozonefs/target/test-dir/MiniOzoneClusterImpl-a7a48124-c188-483e-b9a9-787dfdcc7198/datanode-1/data/ratis/794690e0-1717-4d48-abe5-f8ca2a8a543e does not exist. Creating ...
2019-09-25 05:54:09,439 [pool-37-thread-1] INFO  storage.RaftStorageDirectory (RaftStorageDirectory.java:tryLock(328)) - Lock on /workdir/hadoop-ozone/ozonefs/target/test-dir/MiniOzoneClusterImpl-a7a48124-c188-483e-b9a9-787dfdcc7198/datanode-1/data/ratis/794690e0-1717-4d48-abe5-f8ca2a8a543e/in_use.lock acquired by nodename 19278@pr-hdds-1569-zxpks-796972592
2019-09-25 05:54:09,452 [pool-37-thread-1] INFO  storage.RaftStorage (RaftStorage.java:format(72)) - Storage directory /workdir/hadoop-ozone/ozonefs/target/test-dir/MiniOzoneClusterImpl-a7a48124-c188-483e-b9a9-787dfdcc7198/datanode-1/data/ratis/794690e0-1717-4d48-abe5-f8ca2a8a543e has been successfully formatted.
2019-09-25 05:54:09,452 [pool-37-thread-1] INFO  ratis.ContainerStateMachine (ContainerStateMachine.java:loadSnapshot(230)) - group-F8CA2A8A543E: The snapshot info is null. Setting the last applied indexto:(t:0, i:~)
2019-09-25 05:54:09,452 [pool-37-thread-1] INFO  server.RaftServerConfigKeys (ConfUtils.java:logGet(43)) - raft.server.notification.no-leader.timeout = 120s (custom)
2019-09-25 05:54:09,452 [pool-37-thread-1] INFO  server.RaftServerConfigKeys (ConfUtils.java:logGet(43)) - raft.server.log.use.memory = false (default)
2019-09-25 05:54:09,453 [pool-37-thread-1] INFO  server.RaftServerConfigKeys (ConfUtils.java:logGet(43)) - raft.server.log.purge.gap = 1000000 (custom)
2019-09-25 05:54:09,453 [pool-37-thread-1] INFO  server.RaftServerConfigKeys (ConfUtils.java:logGet(43)) - raft.server.log.appender.buffer.byte-limit = 33554432 (custom)
2019-09-25 05:54:09,453 [pool-37-thread-1] INFO  server.RaftServerConfigKeys (ConfUtils.java:logGet(43)) - raft.server.log.segment.size.max = 1048576 (custom)
2019-09-25 05:54:09,453 [pool-37-thread-1] INFO  server.RaftServerConfigKeys (ConfUtils.java:logGet(43)) - raft.server.log.segment.cache.num.max = 2 (custom)
2019-09-25 05:54:09,453 [pool-37-thread-1] INFO  segmented.SegmentedRaftLogWorker (SegmentedRaftLogWorker.java:<init>(172)) - new f15c9da4-41cd-4d3b-befd-f91bd6a8ef15@group-F8CA2A8A543E-SegmentedRaftLogWorker for RaftStorage:Storage Directory /workdir/hadoop-ozone/ozonefs/target/test-dir/MiniOzoneClusterImpl-a7a48124-c188-483e-b9a9-787dfdcc7198/datanode-1/data/ratis/794690e0-1717-4d48-abe5-f8ca2a8a543e
2019-09-25 05:54:09,453 [pool-37-thread-1] INFO  server.RaftServerConfigKeys (ConfUtils.java:logGet(43)) - raft.server.log.queue.byte-limit = 2147483647 (custom)
2019-09-25 05:54:09,454 [pool-37-thread-1] INFO  server.RaftServerConfigKeys (ConfUtils.java:logGet(43)) - raft.server.log.queue.element-limit = 1024 (custom)
2019-09-25 05:54:09,454 [pool-37-thread-1] INFO  server.RaftServerConfigKeys (ConfUtils.java:logGet(43)) - raft.server.log.segment.size.max = 1048576 (custom)
2019-09-25 05:54:09,454 [pool-37-thread-1] INFO  server.RaftServerConfigKeys (ConfUtils.java:logGet(43)) - raft.server.log.preallocated.size = 16384 (custom)
2019-09-25 05:54:09,454 [pool-37-thread-1] INFO  server.RaftServerConfigKeys (ConfUtils.java:logGet(43)) - raft.server.log.write.buffer.size = 33554432 (custom)
2019-09-25 05:54:09,454 [pool-37-thread-1] INFO  server.RaftServerConfigKeys (ConfUtils.java:logGet(43)) - raft.server.log.force.sync.num = 128 (default)
2019-09-25 05:54:09,454 [pool-37-thread-1] INFO  server.RaftServerConfigKeys (ConfUtils.java:logGet(43)) - raft.server.log.statemachine.data.sync = true (default)
2019-09-25 05:54:09,455 [pool-37-thread-1] INFO  server.RaftServerConfigKeys (ConfUtils.java:logGet(43)) - raft.server.log.statemachine.data.sync.timeout = 10s (default)
2019-09-25 05:54:09,455 [pool-37-thread-1] INFO  server.RaftServerConfigKeys (ConfUtils.java:logGet(43)) - raft.server.log.statemachine.data.sync.timeout.retry = -1 (default)
2019-09-25 05:54:09,455 [pool-37-thread-1] INFO  server.RaftServerConfigKeys (ConfUtils.java:logGet(43)) - raft.server.log.statemachine.data.caching.enabled = true (custom)
2019-09-25 05:54:09,455 [pool-37-thread-1] INFO  segmented.SegmentedRaftLogWorker (SegmentedRaftLogWorker.java:lambda$new$0(132)) - f15c9da4-41cd-4d3b-befd-f91bd6a8ef15@group-F8CA2A8A543E-SegmentedRaftLogWorker: flushIndex: setUnconditionally 0 -> -1
2019-09-25 05:54:09,456 [pool-37-thread-1] INFO  server.RaftServerConfigKeys (ConfUtils.java:logGet(43)) - raft.server.snapshot.auto.trigger.enabled = true (custom)
2019-09-25 05:54:09,456 [pool-37-thread-1] INFO  server.RaftServerConfigKeys (ConfUtils.java:logGet(43)) - raft.server.snapshot.auto.trigger.threshold = 10000 (custom)
2019-09-25 05:54:09,456 [pool-37-thread-1] INFO  server.RaftServerConfigKeys (ConfUtils.java:logGet(43)) - raft.server.snapshot.retention.num.files = 5 (custom)
2019-09-25 05:54:09,456 [pool-37-thread-1] INFO  server.RaftServerConfigKeys (ConfUtils.java:logGet(43)) - raft.server.retrycache.expirytime = 600000ms (custom)
2019-09-25 05:54:09,459 [pool-37-thread-1] INFO  impl.RaftServerImpl (RaftServerImpl.java:start(185)) - f15c9da4-41cd-4d3b-befd-f91bd6a8ef15@group-F8CA2A8A543E: start as a follower, conf=-1: [f15c9da4-41cd-4d3b-befd-f91bd6a8ef15:192.168.5.161:37814], old=null
2019-09-25 05:54:09,459 [pool-37-thread-1] INFO  impl.RaftServerImpl (RaftServerImpl.java:setRole(174)) - f15c9da4-41cd-4d3b-befd-f91bd6a8ef15@group-F8CA2A8A543E: changes role from      null to FOLLOWER at term 0 for startAsFollower
2019-09-25 05:54:09,459 [pool-37-thread-1] INFO  impl.RoleInfo (RoleInfo.java:updateAndGet(143)) - f15c9da4-41cd-4d3b-befd-f91bd6a8ef15: start FollowerState
2019-09-25 05:54:09,459 [pool-37-thread-1] INFO  util.JmxRegister (JmxRegister.java:tryRegister(44)) - Successfully registered JMX Bean with object name Ratis:service=RaftServer,group=group-F8CA2A8A543E,id=f15c9da4-41cd-4d3b-befd-f91bd6a8ef15
2019-09-25 05:54:09,462 [RatisPipelineUtilsThread] INFO  pipeline.PipelineStateManager (PipelineStateManager.java:addPipeline(56)) - Created pipeline Pipeline[ Id: 794690e0-1717-4d48-abe5-f8ca2a8a543e, Nodes: f15c9da4-41cd-4d3b-befd-f91bd6a8ef15{ip: 192.168.5.161, host: pr-hdds-1569-zxpks-796972592, networkLocation: /default-rack, certSerialId: null}, Type:RATIS, Factor:ONE, State:OPEN]
2019-09-25 05:54:09,462 [RatisPipelineUtilsThread] INFO  pipeline.PipelinePlacementPolicy (PipelinePlacementPolicy.java:meetCriteria(91)) - Pipeline Placement: can't place more pipeline on heavy datanode： f28e89b6-3953-4014-b5dd-5d7c12bc90a1 Heaviness: 6 limit: 5
2019-09-25 05:54:09,463 [RatisPipelineUtilsThread] INFO  pipeline.PipelinePlacementPolicy (PipelinePlacementPolicy.java:meetCriteria(91)) - Pipeline Placement: can't place more pipeline on heavy datanode： 169f835a-5a51-4a80-ac17-f8139cf3a6e7 Heaviness: 6 limit: 5
2019-09-25 05:54:09,463 [RatisPipelineUtilsThread] INFO  pipeline.PipelinePlacementPolicy (PipelinePlacementPolicy.java:meetCriteria(91)) - Pipeline Placement: can't place more pipeline on heavy datanode： a171a438-4db2-4a15-a03d-8d01a40a69ad Heaviness: 6 limit: 5
2019-09-25 05:54:09,463 [RatisPipelineUtilsThread] INFO  pipeline.PipelinePlacementPolicy (PipelinePlacementPolicy.java:meetCriteria(91)) - Pipeline Placement: can't place more pipeline on heavy datanode： f15c9da4-41cd-4d3b-befd-f91bd6a8ef15 Heaviness: 6 limit: 5
2019-09-25 05:54:09,463 [RatisPipelineUtilsThread] INFO  pipeline.PipelinePlacementPolicy (PipelinePlacementPolicy.java:meetCriteria(91)) - Pipeline Placement: can't place more pipeline on heavy datanode： 9b45984a-e801-4994-8f0b-759bb773fda3 Heaviness: 6 limit: 5
2019-09-25 05:54:09,470 [grpc-default-executor-0] INFO  impl.RaftServerProxy (RaftServerProxy.java:addNew(89)) - 58f3e057-a7b1-43f9-accd-a9f9efdb249b: addNew group-A045CE8EE7F9:[58f3e057-a7b1-43f9-accd-a9f9efdb249b:192.168.5.161:39965] returns group-A045CE8EE7F9:java.util.concurrent.CompletableFuture@63dfd218[Not completed]
2019-09-25 05:54:09,471 [pool-107-thread-1] INFO  impl.RaftServerImpl (RaftServerImpl.java:<init>(95)) - 58f3e057-a7b1-43f9-accd-a9f9efdb249b: new RaftServerImpl for group-A045CE8EE7F9:[58f3e057-a7b1-43f9-accd-a9f9efdb249b:192.168.5.161:39965] with ContainerStateMachine:uninitialized
2019-09-25 05:54:09,471 [pool-107-thread-1] INFO  server.RaftServerConfigKeys (ConfUtils.java:logGet(43)) - raft.server.rpc.timeout.min = 5s (custom)
2019-09-25 05:54:09,471 [pool-107-thread-1] INFO  server.RaftServerConfigKeys (ConfUtils.java:logGet(43)) - raft.server.rpc.timeout.max = 5200ms (custom)
2019-09-25 05:54:09,471 [pool-107-thread-1] INFO  server.RaftServerConfigKeys (ConfUtils.java:logGet(43)) - raft.server.rpcslowness.timeout = 120s (custom)
2019-09-25 05:54:09,471 [pool-107-thread-1] INFO  server.RaftServerConfigKeys (ConfUtils.java:logGet(43)) - raft.server.sleep.deviation.threshold = 300 (default)
2019-09-25 05:54:09,471 [pool-107-thread-1] INFO  server.RaftServerConfigKeys (ConfUtils.java:logGet(43)) - raft.server.log.appender.install.snapshot.enabled = false (custom)
2019-09-25 05:54:09,472 [pool-107-thread-1] INFO  impl.RaftServerImpl (ServerState.java:<init>(103)) - 58f3e057-a7b1-43f9-accd-a9f9efdb249b@group-A045CE8EE7F9: ConfigurationManager, init=-1: [58f3e057-a7b1-43f9-accd-a9f9efdb249b:192.168.5.161:39965], old=null, confs=<EMPTY_MAP>
2019-09-25 05:54:09,472 [pool-107-thread-1] INFO  server.RaftServerConfigKeys (ConfUtils.java:logGet(43)) - raft.server.storage.dir = [/workdir/hadoop-ozone/ozonefs/target/test-dir/MiniOzoneClusterImpl-a7a48124-c188-483e-b9a9-787dfdcc7198/datanode-8/data/ratis] (custom)
2019-09-25 05:54:09,472 [pool-107-thread-1] INFO  storage.RaftStorageDirectory (RaftStorageDirectory.java:analyzeStorage(246)) - The storage directory /workdir/hadoop-ozone/ozonefs/target/test-dir/MiniOzoneClusterImpl-a7a48124-c188-483e-b9a9-787dfdcc7198/datanode-8/data/ratis/3e0caa27-f7f4-4a9e-a890-a045ce8ee7f9 does not exist. Creating ...
2019-09-25 05:54:09,487 [pool-107-thread-1] INFO  storage.RaftStorageDirectory (RaftStorageDirectory.java:tryLock(328)) - Lock on /workdir/hadoop-ozone/ozonefs/target/test-dir/MiniOzoneClusterImpl-a7a48124-c188-483e-b9a9-787dfdcc7198/datanode-8/data/ratis/3e0caa27-f7f4-4a9e-a890-a045ce8ee7f9/in_use.lock acquired by nodename 19278@pr-hdds-1569-zxpks-796972592
2019-09-25 05:54:09,510 [pool-107-thread-1] INFO  storage.RaftStorage (RaftStorage.java:format(72)) - Storage directory /workdir/hadoop-ozone/ozonefs/target/test-dir/MiniOzoneClusterImpl-a7a48124-c188-483e-b9a9-787dfdcc7198/datanode-8/data/ratis/3e0caa27-f7f4-4a9e-a890-a045ce8ee7f9 has been successfully formatted.
2019-09-25 05:54:09,510 [pool-107-thread-1] INFO  ratis.ContainerStateMachine (ContainerStateMachine.java:loadSnapshot(230)) - group-A045CE8EE7F9: The snapshot info is null. Setting the last applied indexto:(t:0, i:~)
2019-09-25 05:54:09,510 [pool-107-thread-1] INFO  server.RaftServerConfigKeys (ConfUtils.java:logGet(43)) - raft.server.notification.no-leader.timeout = 120s (custom)
2019-09-25 05:54:09,511 [pool-107-thread-1] INFO  server.RaftServerConfigKeys (ConfUtils.java:logGet(43)) - raft.server.log.use.memory = false (default)
2019-09-25 05:54:09,511 [pool-107-thread-1] INFO  server.RaftServerConfigKeys (ConfUtils.java:logGet(43)) - raft.server.log.purge.gap = 1000000 (custom)
2019-09-25 05:54:09,511 [pool-107-thread-1] INFO  server.RaftServerConfigKeys (ConfUtils.java:logGet(43)) - raft.server.log.appender.buffer.byte-limit = 33554432 (custom)
2019-09-25 05:54:09,511 [pool-107-thread-1] INFO  server.RaftServerConfigKeys (ConfUtils.java:logGet(43)) - raft.server.log.segment.size.max = 1048576 (custom)
2019-09-25 05:54:09,511 [pool-107-thread-1] INFO  server.RaftServerConfigKeys (ConfUtils.java:logGet(43)) - raft.server.log.segment.cache.num.max = 2 (custom)
2019-09-25 05:54:09,512 [pool-107-thread-1] INFO  segmented.SegmentedRaftLogWorker (SegmentedRaftLogWorker.java:<init>(172)) - new 58f3e057-a7b1-43f9-accd-a9f9efdb249b@group-A045CE8EE7F9-SegmentedRaftLogWorker for RaftStorage:Storage Directory /workdir/hadoop-ozone/ozonefs/target/test-dir/MiniOzoneClusterImpl-a7a48124-c188-483e-b9a9-787dfdcc7198/datanode-8/data/ratis/3e0caa27-f7f4-4a9e-a890-a045ce8ee7f9
2019-09-25 05:54:09,512 [pool-107-thread-1] INFO  server.RaftServerConfigKeys (ConfUtils.java:logGet(43)) - raft.server.log.queue.byte-limit = 2147483647 (custom)
2019-09-25 05:54:09,512 [pool-107-thread-1] INFO  server.RaftServerConfigKeys (ConfUtils.java:logGet(43)) - raft.server.log.queue.element-limit = 1024 (custom)
2019-09-25 05:54:09,512 [pool-107-thread-1] INFO  server.RaftServerConfigKeys (ConfUtils.java:logGet(43)) - raft.server.log.segment.size.max = 1048576 (custom)
2019-09-25 05:54:09,512 [pool-107-thread-1] INFO  server.RaftServerConfigKeys (ConfUtils.java:logGet(43)) - raft.server.log.preallocated.size = 16384 (custom)
2019-09-25 05:54:09,512 [pool-107-thread-1] INFO  server.RaftServerConfigKeys (ConfUtils.java:logGet(43)) - raft.server.log.write.buffer.size = 33554432 (custom)
2019-09-25 05:54:09,513 [pool-107-thread-1] INFO  server.RaftServerConfigKeys (ConfUtils.java:logGet(43)) - raft.server.log.force.sync.num = 128 (default)
2019-09-25 05:54:09,513 [pool-107-thread-1] INFO  server.RaftServerConfigKeys (ConfUtils.java:logGet(43)) - raft.server.log.statemachine.data.sync = true (default)
2019-09-25 05:54:09,513 [pool-107-thread-1] INFO  server.RaftServerConfigKeys (ConfUtils.java:logGet(43)) - raft.server.log.statemachine.data.sync.timeout = 10s (default)
2019-09-25 05:54:09,513 [pool-107-thread-1] INFO  server.RaftServerConfigKeys (ConfUtils.java:logGet(43)) - raft.server.log.statemachine.data.sync.timeout.retry = -1 (default)
2019-09-25 05:54:09,513 [pool-107-thread-1] INFO  server.RaftServerConfigKeys (ConfUtils.java:logGet(43)) - raft.server.log.statemachine.data.caching.enabled = true (custom)
2019-09-25 05:54:09,514 [pool-107-thread-1] INFO  segmented.SegmentedRaftLogWorker (SegmentedRaftLogWorker.java:lambda$new$0(132)) - 58f3e057-a7b1-43f9-accd-a9f9efdb249b@group-A045CE8EE7F9-SegmentedRaftLogWorker: flushIndex: setUnconditionally 0 -> -1
2019-09-25 05:54:09,514 [pool-107-thread-1] INFO  server.RaftServerConfigKeys (ConfUtils.java:logGet(43)) - raft.server.snapshot.auto.trigger.enabled = true (custom)
2019-09-25 05:54:09,514 [pool-107-thread-1] INFO  server.RaftServerConfigKeys (ConfUtils.java:logGet(43)) - raft.server.snapshot.auto.trigger.threshold = 10000 (custom)
2019-09-25 05:54:09,514 [pool-107-thread-1] INFO  server.RaftServerConfigKeys (ConfUtils.java:logGet(43)) - raft.server.snapshot.retention.num.files = 5 (custom)
2019-09-25 05:54:09,515 [pool-107-thread-1] INFO  server.RaftServerConfigKeys (ConfUtils.java:logGet(43)) - raft.server.retrycache.expirytime = 600000ms (custom)
2019-09-25 05:54:09,517 [pool-107-thread-1] INFO  impl.RaftServerImpl (RaftServerImpl.java:start(185)) - 58f3e057-a7b1-43f9-accd-a9f9efdb249b@group-A045CE8EE7F9: start as a follower, conf=-1: [58f3e057-a7b1-43f9-accd-a9f9efdb249b:192.168.5.161:39965], old=null
2019-09-25 05:54:09,517 [pool-107-thread-1] INFO  impl.RaftServerImpl (RaftServerImpl.java:setRole(174)) - 58f3e057-a7b1-43f9-accd-a9f9efdb249b@group-A045CE8EE7F9: changes role from      null to FOLLOWER at term 0 for startAsFollower
2019-09-25 05:54:09,517 [pool-107-thread-1] INFO  impl.RoleInfo (RoleInfo.java:updateAndGet(143)) - 58f3e057-a7b1-43f9-accd-a9f9efdb249b: start FollowerState
2019-09-25 05:54:09,518 [pool-107-thread-1] INFO  util.JmxRegister (JmxRegister.java:tryRegister(44)) - Successfully registered JMX Bean with object name Ratis:service=RaftServer,group=group-A045CE8EE7F9,id=58f3e057-a7b1-43f9-accd-a9f9efdb249b
2019-09-25 05:54:09,521 [RatisPipelineUtilsThread] INFO  pipeline.PipelineStateManager (PipelineStateManager.java:addPipeline(56)) - Created pipeline Pipeline[ Id: 3e0caa27-f7f4-4a9e-a890-a045ce8ee7f9, Nodes: 58f3e057-a7b1-43f9-accd-a9f9efdb249b{ip: 192.168.5.161, host: pr-hdds-1569-zxpks-796972592, networkLocation: /default-rack, certSerialId: null}, Type:RATIS, Factor:ONE, State:OPEN]
2019-09-25 05:54:09,521 [RatisPipelineUtilsThread] INFO  pipeline.PipelinePlacementPolicy (PipelinePlacementPolicy.java:meetCriteria(91)) - Pipeline Placement: can't place more pipeline on heavy datanode： f28e89b6-3953-4014-b5dd-5d7c12bc90a1 Heaviness: 6 limit: 5
2019-09-25 05:54:09,521 [RatisPipelineUtilsThread] INFO  pipeline.PipelinePlacementPolicy (PipelinePlacementPolicy.java:meetCriteria(91)) - Pipeline Placement: can't place more pipeline on heavy datanode： 169f835a-5a51-4a80-ac17-f8139cf3a6e7 Heaviness: 6 limit: 5
2019-09-25 05:54:09,522 [RatisPipelineUtilsThread] INFO  pipeline.PipelinePlacementPolicy (PipelinePlacementPolicy.java:meetCriteria(91)) - Pipeline Placement: can't place more pipeline on heavy datanode： a171a438-4db2-4a15-a03d-8d01a40a69ad Heaviness: 6 limit: 5
2019-09-25 05:54:09,522 [RatisPipelineUtilsThread] INFO  pipeline.PipelinePlacementPolicy (PipelinePlacementPolicy.java:meetCriteria(91)) - Pipeline Placement: can't place more pipeline on heavy datanode： f15c9da4-41cd-4d3b-befd-f91bd6a8ef15 Heaviness: 6 limit: 5
2019-09-25 05:54:09,522 [RatisPipelineUtilsThread] INFO  pipeline.PipelinePlacementPolicy (PipelinePlacementPolicy.java:meetCriteria(91)) - Pipeline Placement: can't place more pipeline on heavy datanode： 9b45984a-e801-4994-8f0b-759bb773fda3 Heaviness: 6 limit: 5
2019-09-25 05:54:09,528 [grpc-default-executor-0] INFO  impl.RaftServerProxy (RaftServerProxy.java:addNew(89)) - 22638597-b9ac-42fc-8d80-a8fc15613fc1: addNew group-52E4F7F8DBC3:[22638597-b9ac-42fc-8d80-a8fc15613fc1:192.168.5.161:38615] returns group-52E4F7F8DBC3:java.util.concurrent.CompletableFuture@3a2427a1[Not completed]
2019-09-25 05:54:09,529 [pool-47-thread-1] INFO  impl.RaftServerImpl (RaftServerImpl.java:<init>(95)) - 22638597-b9ac-42fc-8d80-a8fc15613fc1: new RaftServerImpl for group-52E4F7F8DBC3:[22638597-b9ac-42fc-8d80-a8fc15613fc1:192.168.5.161:38615] with ContainerStateMachine:uninitialized
2019-09-25 05:54:09,529 [pool-47-thread-1] INFO  server.RaftServerConfigKeys (ConfUtils.java:logGet(43)) - raft.server.rpc.timeout.min = 5s (custom)
2019-09-25 05:54:09,529 [pool-47-thread-1] INFO  server.RaftServerConfigKeys (ConfUtils.java:logGet(43)) - raft.server.rpc.timeout.max = 5200ms (custom)
2019-09-25 05:54:09,529 [pool-47-thread-1] INFO  server.RaftServerConfigKeys (ConfUtils.java:logGet(43)) - raft.server.rpcslowness.timeout = 120s (custom)
2019-09-25 05:54:09,529 [pool-47-thread-1] INFO  server.RaftServerConfigKeys (ConfUtils.java:logGet(43)) - raft.server.sleep.deviation.threshold = 300 (default)
2019-09-25 05:54:09,529 [pool-47-thread-1] INFO  server.RaftServerConfigKeys (ConfUtils.java:logGet(43)) - raft.server.log.appender.install.snapshot.enabled = false (custom)
2019-09-25 05:54:09,530 [pool-47-thread-1] INFO  impl.RaftServerImpl (ServerState.java:<init>(103)) - 22638597-b9ac-42fc-8d80-a8fc15613fc1@group-52E4F7F8DBC3: ConfigurationManager, init=-1: [22638597-b9ac-42fc-8d80-a8fc15613fc1:192.168.5.161:38615], old=null, confs=<EMPTY_MAP>
2019-09-25 05:54:09,530 [pool-47-thread-1] INFO  server.RaftServerConfigKeys (ConfUtils.java:logGet(43)) - raft.server.storage.dir = [/workdir/hadoop-ozone/ozonefs/target/test-dir/MiniOzoneClusterImpl-a7a48124-c188-483e-b9a9-787dfdcc7198/datanode-2/data/ratis] (custom)
2019-09-25 05:54:09,530 [pool-47-thread-1] INFO  storage.RaftStorageDirectory (RaftStorageDirectory.java:analyzeStorage(246)) - The storage directory /workdir/hadoop-ozone/ozonefs/target/test-dir/MiniOzoneClusterImpl-a7a48124-c188-483e-b9a9-787dfdcc7198/datanode-2/data/ratis/6226c527-fcb2-46b9-80b6-52e4f7f8dbc3 does not exist. Creating ...
2019-09-25 05:54:09,543 [pool-47-thread-1] INFO  storage.RaftStorageDirectory (RaftStorageDirectory.java:tryLock(328)) - Lock on /workdir/hadoop-ozone/ozonefs/target/test-dir/MiniOzoneClusterImpl-a7a48124-c188-483e-b9a9-787dfdcc7198/datanode-2/data/ratis/6226c527-fcb2-46b9-80b6-52e4f7f8dbc3/in_use.lock acquired by nodename 19278@pr-hdds-1569-zxpks-796972592
2019-09-25 05:54:09,555 [pool-47-thread-1] INFO  storage.RaftStorage (RaftStorage.java:format(72)) - Storage directory /workdir/hadoop-ozone/ozonefs/target/test-dir/MiniOzoneClusterImpl-a7a48124-c188-483e-b9a9-787dfdcc7198/datanode-2/data/ratis/6226c527-fcb2-46b9-80b6-52e4f7f8dbc3 has been successfully formatted.
2019-09-25 05:54:09,555 [pool-47-thread-1] INFO  ratis.ContainerStateMachine (ContainerStateMachine.java:loadSnapshot(230)) - group-52E4F7F8DBC3: The snapshot info is null. Setting the last applied indexto:(t:0, i:~)
2019-09-25 05:54:09,556 [pool-47-thread-1] INFO  server.RaftServerConfigKeys (ConfUtils.java:logGet(43)) - raft.server.notification.no-leader.timeout = 120s (custom)
2019-09-25 05:54:09,556 [pool-47-thread-1] INFO  server.RaftServerConfigKeys (ConfUtils.java:logGet(43)) - raft.server.log.use.memory = false (default)
2019-09-25 05:54:09,556 [pool-47-thread-1] INFO  server.RaftServerConfigKeys (ConfUtils.java:logGet(43)) - raft.server.log.purge.gap = 1000000 (custom)
2019-09-25 05:54:09,556 [pool-47-thread-1] INFO  server.RaftServerConfigKeys (ConfUtils.java:logGet(43)) - raft.server.log.appender.buffer.byte-limit = 33554432 (custom)
2019-09-25 05:54:09,556 [pool-47-thread-1] INFO  server.RaftServerConfigKeys (ConfUtils.java:logGet(43)) - raft.server.log.segment.size.max = 1048576 (custom)
2019-09-25 05:54:09,556 [pool-47-thread-1] INFO  server.RaftServerConfigKeys (ConfUtils.java:logGet(43)) - raft.server.log.segment.cache.num.max = 2 (custom)
2019-09-25 05:54:09,557 [pool-47-thread-1] INFO  segmented.SegmentedRaftLogWorker (SegmentedRaftLogWorker.java:<init>(172)) - new 22638597-b9ac-42fc-8d80-a8fc15613fc1@group-52E4F7F8DBC3-SegmentedRaftLogWorker for RaftStorage:Storage Directory /workdir/hadoop-ozone/ozonefs/target/test-dir/MiniOzoneClusterImpl-a7a48124-c188-483e-b9a9-787dfdcc7198/datanode-2/data/ratis/6226c527-fcb2-46b9-80b6-52e4f7f8dbc3
2019-09-25 05:54:09,557 [pool-47-thread-1] INFO  server.RaftServerConfigKeys (ConfUtils.java:logGet(43)) - raft.server.log.queue.byte-limit = 2147483647 (custom)
2019-09-25 05:54:09,557 [pool-47-thread-1] INFO  server.RaftServerConfigKeys (ConfUtils.java:logGet(43)) - raft.server.log.queue.element-limit = 1024 (custom)
2019-09-25 05:54:09,557 [pool-47-thread-1] INFO  server.RaftServerConfigKeys (ConfUtils.java:logGet(43)) - raft.server.log.segment.size.max = 1048576 (custom)
2019-09-25 05:54:09,557 [pool-47-thread-1] INFO  server.RaftServerConfigKeys (ConfUtils.java:logGet(43)) - raft.server.log.preallocated.size = 16384 (custom)
2019-09-25 05:54:09,557 [pool-47-thread-1] INFO  server.RaftServerConfigKeys (ConfUtils.java:logGet(43)) - raft.server.log.write.buffer.size = 33554432 (custom)
2019-09-25 05:54:09,558 [pool-47-thread-1] INFO  server.RaftServerConfigKeys (ConfUtils.java:logGet(43)) - raft.server.log.force.sync.num = 128 (default)
2019-09-25 05:54:09,558 [pool-47-thread-1] INFO  server.RaftServerConfigKeys (ConfUtils.java:logGet(43)) - raft.server.log.statemachine.data.sync = true (default)
2019-09-25 05:54:09,558 [pool-47-thread-1] INFO  server.RaftServerConfigKeys (ConfUtils.java:logGet(43)) - raft.server.log.statemachine.data.sync.timeout = 10s (default)
2019-09-25 05:54:09,558 [pool-47-thread-1] INFO  server.RaftServerConfigKeys (ConfUtils.java:logGet(43)) - raft.server.log.statemachine.data.sync.timeout.retry = -1 (default)
2019-09-25 05:54:09,558 [pool-47-thread-1] INFO  server.RaftServerConfigKeys (ConfUtils.java:logGet(43)) - raft.server.log.statemachine.data.caching.enabled = true (custom)
2019-09-25 05:54:09,559 [pool-47-thread-1] INFO  segmented.SegmentedRaftLogWorker (SegmentedRaftLogWorker.java:lambda$new$0(132)) - 22638597-b9ac-42fc-8d80-a8fc15613fc1@group-52E4F7F8DBC3-SegmentedRaftLogWorker: flushIndex: setUnconditionally 0 -> -1
2019-09-25 05:54:09,559 [pool-47-thread-1] INFO  server.RaftServerConfigKeys (ConfUtils.java:logGet(43)) - raft.server.snapshot.auto.trigger.enabled = true (custom)
2019-09-25 05:54:09,560 [pool-47-thread-1] INFO  server.RaftServerConfigKeys (ConfUtils.java:logGet(43)) - raft.server.snapshot.auto.trigger.threshold = 10000 (custom)
2019-09-25 05:54:09,560 [pool-47-thread-1] INFO  server.RaftServerConfigKeys (ConfUtils.java:logGet(43)) - raft.server.snapshot.retention.num.files = 5 (custom)
2019-09-25 05:54:09,560 [pool-47-thread-1] INFO  server.RaftServerConfigKeys (ConfUtils.java:logGet(43)) - raft.server.retrycache.expirytime = 600000ms (custom)
2019-09-25 05:54:09,562 [pool-47-thread-1] INFO  impl.RaftServerImpl (RaftServerImpl.java:start(185)) - 22638597-b9ac-42fc-8d80-a8fc15613fc1@group-52E4F7F8DBC3: start as a follower, conf=-1: [22638597-b9ac-42fc-8d80-a8fc15613fc1:192.168.5.161:38615], old=null
2019-09-25 05:54:09,562 [pool-47-thread-1] INFO  impl.RaftServerImpl (RaftServerImpl.java:setRole(174)) - 22638597-b9ac-42fc-8d80-a8fc15613fc1@group-52E4F7F8DBC3: changes role from      null to FOLLOWER at term 0 for startAsFollower
2019-09-25 05:54:09,563 [pool-47-thread-1] INFO  impl.RoleInfo (RoleInfo.java:updateAndGet(143)) - 22638597-b9ac-42fc-8d80-a8fc15613fc1: start FollowerState
2019-09-25 05:54:09,563 [pool-47-thread-1] INFO  util.JmxRegister (JmxRegister.java:tryRegister(44)) - Successfully registered JMX Bean with object name Ratis:service=RaftServer,group=group-52E4F7F8DBC3,id=22638597-b9ac-42fc-8d80-a8fc15613fc1
2019-09-25 05:54:09,565 [RatisPipelineUtilsThread] INFO  pipeline.PipelineStateManager (PipelineStateManager.java:addPipeline(56)) - Created pipeline Pipeline[ Id: 6226c527-fcb2-46b9-80b6-52e4f7f8dbc3, Nodes: 22638597-b9ac-42fc-8d80-a8fc15613fc1{ip: 192.168.5.161, host: pr-hdds-1569-zxpks-796972592, networkLocation: /default-rack, certSerialId: null}, Type:RATIS, Factor:ONE, State:OPEN]
2019-09-25 05:54:09,566 [RatisPipelineUtilsThread] INFO  pipeline.PipelinePlacementPolicy (PipelinePlacementPolicy.java:meetCriteria(91)) - Pipeline Placement: can't place more pipeline on heavy datanode： f28e89b6-3953-4014-b5dd-5d7c12bc90a1 Heaviness: 6 limit: 5
2019-09-25 05:54:09,566 [RatisPipelineUtilsThread] INFO  pipeline.PipelinePlacementPolicy (PipelinePlacementPolicy.java:meetCriteria(91)) - Pipeline Placement: can't place more pipeline on heavy datanode： 169f835a-5a51-4a80-ac17-f8139cf3a6e7 Heaviness: 6 limit: 5
2019-09-25 05:54:09,566 [RatisPipelineUtilsThread] INFO  pipeline.PipelinePlacementPolicy (PipelinePlacementPolicy.java:meetCriteria(91)) - Pipeline Placement: can't place more pipeline on heavy datanode： a171a438-4db2-4a15-a03d-8d01a40a69ad Heaviness: 6 limit: 5
2019-09-25 05:54:09,566 [RatisPipelineUtilsThread] INFO  pipeline.PipelinePlacementPolicy (PipelinePlacementPolicy.java:meetCriteria(91)) - Pipeline Placement: can't place more pipeline on heavy datanode： f15c9da4-41cd-4d3b-befd-f91bd6a8ef15 Heaviness: 6 limit: 5
2019-09-25 05:54:09,566 [RatisPipelineUtilsThread] INFO  pipeline.PipelinePlacementPolicy (PipelinePlacementPolicy.java:meetCriteria(91)) - Pipeline Placement: can't place more pipeline on heavy datanode： 9b45984a-e801-4994-8f0b-759bb773fda3 Heaviness: 6 limit: 5
2019-09-25 05:54:09,571 [grpc-default-executor-0] INFO  impl.RaftServerProxy (RaftServerProxy.java:addNew(89)) - a8d2df02-a9dc-4b60-9eec-a53a711ba1ae: addNew group-C532B179C49B:[a8d2df02-a9dc-4b60-9eec-a53a711ba1ae:192.168.5.161:45141] returns group-C532B179C49B:java.util.concurrent.CompletableFuture@17397b5[Not completed]
2019-09-25 05:54:09,572 [pool-67-thread-1] INFO  impl.RaftServerImpl (RaftServerImpl.java:<init>(95)) - a8d2df02-a9dc-4b60-9eec-a53a711ba1ae: new RaftServerImpl for group-C532B179C49B:[a8d2df02-a9dc-4b60-9eec-a53a711ba1ae:192.168.5.161:45141] with ContainerStateMachine:uninitialized
2019-09-25 05:54:09,573 [pool-67-thread-1] INFO  server.RaftServerConfigKeys (ConfUtils.java:logGet(43)) - raft.server.rpc.timeout.min = 5s (custom)
2019-09-25 05:54:09,573 [pool-67-thread-1] INFO  server.RaftServerConfigKeys (ConfUtils.java:logGet(43)) - raft.server.rpc.timeout.max = 5200ms (custom)
2019-09-25 05:54:09,573 [pool-67-thread-1] INFO  server.RaftServerConfigKeys (ConfUtils.java:logGet(43)) - raft.server.rpcslowness.timeout = 120s (custom)
2019-09-25 05:54:09,573 [pool-67-thread-1] INFO  server.RaftServerConfigKeys (ConfUtils.java:logGet(43)) - raft.server.sleep.deviation.threshold = 300 (default)
2019-09-25 05:54:09,573 [pool-67-thread-1] INFO  server.RaftServerConfigKeys (ConfUtils.java:logGet(43)) - raft.server.log.appender.install.snapshot.enabled = false (custom)
2019-09-25 05:54:09,573 [pool-67-thread-1] INFO  impl.RaftServerImpl (ServerState.java:<init>(103)) - a8d2df02-a9dc-4b60-9eec-a53a711ba1ae@group-C532B179C49B: ConfigurationManager, init=-1: [a8d2df02-a9dc-4b60-9eec-a53a711ba1ae:192.168.5.161:45141], old=null, confs=<EMPTY_MAP>
2019-09-25 05:54:09,574 [pool-67-thread-1] INFO  server.RaftServerConfigKeys (ConfUtils.java:logGet(43)) - raft.server.storage.dir = [/workdir/hadoop-ozone/ozonefs/target/test-dir/MiniOzoneClusterImpl-a7a48124-c188-483e-b9a9-787dfdcc7198/datanode-4/data/ratis] (custom)
2019-09-25 05:54:09,574 [pool-67-thread-1] INFO  storage.RaftStorageDirectory (RaftStorageDirectory.java:analyzeStorage(246)) - The storage directory /workdir/hadoop-ozone/ozonefs/target/test-dir/MiniOzoneClusterImpl-a7a48124-c188-483e-b9a9-787dfdcc7198/datanode-4/data/ratis/4b774435-0ba7-41c2-b302-c532b179c49b does not exist. Creating ...
2019-09-25 05:54:09,588 [pool-67-thread-1] INFO  storage.RaftStorageDirectory (RaftStorageDirectory.java:tryLock(328)) - Lock on /workdir/hadoop-ozone/ozonefs/target/test-dir/MiniOzoneClusterImpl-a7a48124-c188-483e-b9a9-787dfdcc7198/datanode-4/data/ratis/4b774435-0ba7-41c2-b302-c532b179c49b/in_use.lock acquired by nodename 19278@pr-hdds-1569-zxpks-796972592
2019-09-25 05:54:09,602 [pool-67-thread-1] INFO  storage.RaftStorage (RaftStorage.java:format(72)) - Storage directory /workdir/hadoop-ozone/ozonefs/target/test-dir/MiniOzoneClusterImpl-a7a48124-c188-483e-b9a9-787dfdcc7198/datanode-4/data/ratis/4b774435-0ba7-41c2-b302-c532b179c49b has been successfully formatted.
2019-09-25 05:54:09,602 [pool-67-thread-1] INFO  ratis.ContainerStateMachine (ContainerStateMachine.java:loadSnapshot(230)) - group-C532B179C49B: The snapshot info is null. Setting the last applied indexto:(t:0, i:~)
2019-09-25 05:54:09,602 [pool-67-thread-1] INFO  server.RaftServerConfigKeys (ConfUtils.java:logGet(43)) - raft.server.notification.no-leader.timeout = 120s (custom)
2019-09-25 05:54:09,602 [pool-67-thread-1] INFO  server.RaftServerConfigKeys (ConfUtils.java:logGet(43)) - raft.server.log.use.memory = false (default)
2019-09-25 05:54:09,602 [pool-67-thread-1] INFO  server.RaftServerConfigKeys (ConfUtils.java:logGet(43)) - raft.server.log.purge.gap = 1000000 (custom)
2019-09-25 05:54:09,603 [pool-67-thread-1] INFO  server.RaftServerConfigKeys (ConfUtils.java:logGet(43)) - raft.server.log.appender.buffer.byte-limit = 33554432 (custom)
2019-09-25 05:54:09,603 [pool-67-thread-1] INFO  server.RaftServerConfigKeys (ConfUtils.java:logGet(43)) - raft.server.log.segment.size.max = 1048576 (custom)
2019-09-25 05:54:09,603 [pool-67-thread-1] INFO  server.RaftServerConfigKeys (ConfUtils.java:logGet(43)) - raft.server.log.segment.cache.num.max = 2 (custom)
2019-09-25 05:54:09,603 [pool-67-thread-1] INFO  segmented.SegmentedRaftLogWorker (SegmentedRaftLogWorker.java:<init>(172)) - new a8d2df02-a9dc-4b60-9eec-a53a711ba1ae@group-C532B179C49B-SegmentedRaftLogWorker for RaftStorage:Storage Directory /workdir/hadoop-ozone/ozonefs/target/test-dir/MiniOzoneClusterImpl-a7a48124-c188-483e-b9a9-787dfdcc7198/datanode-4/data/ratis/4b774435-0ba7-41c2-b302-c532b179c49b
2019-09-25 05:54:09,603 [pool-67-thread-1] INFO  server.RaftServerConfigKeys (ConfUtils.java:logGet(43)) - raft.server.log.queue.byte-limit = 2147483647 (custom)
2019-09-25 05:54:09,603 [pool-67-thread-1] INFO  server.RaftServerConfigKeys (ConfUtils.java:logGet(43)) - raft.server.log.queue.element-limit = 1024 (custom)
2019-09-25 05:54:09,604 [pool-67-thread-1] INFO  server.RaftServerConfigKeys (ConfUtils.java:logGet(43)) - raft.server.log.segment.size.max = 1048576 (custom)
2019-09-25 05:54:09,604 [pool-67-thread-1] INFO  server.RaftServerConfigKeys (ConfUtils.java:logGet(43)) - raft.server.log.preallocated.size = 16384 (custom)
2019-09-25 05:54:09,604 [pool-67-thread-1] INFO  server.RaftServerConfigKeys (ConfUtils.java:logGet(43)) - raft.server.log.write.buffer.size = 33554432 (custom)
2019-09-25 05:54:09,604 [pool-67-thread-1] INFO  server.RaftServerConfigKeys (ConfUtils.java:logGet(43)) - raft.server.log.force.sync.num = 128 (default)
2019-09-25 05:54:09,604 [pool-67-thread-1] INFO  server.RaftServerConfigKeys (ConfUtils.java:logGet(43)) - raft.server.log.statemachine.data.sync = true (default)
2019-09-25 05:54:09,605 [pool-67-thread-1] INFO  server.RaftServerConfigKeys (ConfUtils.java:logGet(43)) - raft.server.log.statemachine.data.sync.timeout = 10s (default)
2019-09-25 05:54:09,605 [pool-67-thread-1] INFO  server.RaftServerConfigKeys (ConfUtils.java:logGet(43)) - raft.server.log.statemachine.data.sync.timeout.retry = -1 (default)
2019-09-25 05:54:09,605 [pool-67-thread-1] INFO  server.RaftServerConfigKeys (ConfUtils.java:logGet(43)) - raft.server.log.statemachine.data.caching.enabled = true (custom)
2019-09-25 05:54:09,605 [pool-67-thread-1] INFO  segmented.SegmentedRaftLogWorker (SegmentedRaftLogWorker.java:lambda$new$0(132)) - a8d2df02-a9dc-4b60-9eec-a53a711ba1ae@group-C532B179C49B-SegmentedRaftLogWorker: flushIndex: setUnconditionally 0 -> -1
2019-09-25 05:54:09,606 [pool-67-thread-1] INFO  server.RaftServerConfigKeys (ConfUtils.java:logGet(43)) - raft.server.snapshot.auto.trigger.enabled = true (custom)
2019-09-25 05:54:09,606 [pool-67-thread-1] INFO  server.RaftServerConfigKeys (ConfUtils.java:logGet(43)) - raft.server.snapshot.auto.trigger.threshold = 10000 (custom)
2019-09-25 05:54:09,606 [pool-67-thread-1] INFO  server.RaftServerConfigKeys (ConfUtils.java:logGet(43)) - raft.server.snapshot.retention.num.files = 5 (custom)
2019-09-25 05:54:09,606 [pool-67-thread-1] INFO  server.RaftServerConfigKeys (ConfUtils.java:logGet(43)) - raft.server.retrycache.expirytime = 600000ms (custom)
2019-09-25 05:54:09,609 [pool-67-thread-1] INFO  impl.RaftServerImpl (RaftServerImpl.java:start(185)) - a8d2df02-a9dc-4b60-9eec-a53a711ba1ae@group-C532B179C49B: start as a follower, conf=-1: [a8d2df02-a9dc-4b60-9eec-a53a711ba1ae:192.168.5.161:45141], old=null
2019-09-25 05:54:09,609 [pool-67-thread-1] INFO  impl.RaftServerImpl (RaftServerImpl.java:setRole(174)) - a8d2df02-a9dc-4b60-9eec-a53a711ba1ae@group-C532B179C49B: changes role from      null to FOLLOWER at term 0 for startAsFollower
2019-09-25 05:54:09,610 [pool-67-thread-1] INFO  impl.RoleInfo (RoleInfo.java:updateAndGet(143)) - a8d2df02-a9dc-4b60-9eec-a53a711ba1ae: start FollowerState
2019-09-25 05:54:09,610 [pool-67-thread-1] INFO  util.JmxRegister (JmxRegister.java:tryRegister(44)) - Successfully registered JMX Bean with object name Ratis:service=RaftServer,group=group-C532B179C49B,id=a8d2df02-a9dc-4b60-9eec-a53a711ba1ae
2019-09-25 05:54:09,613 [RatisPipelineUtilsThread] INFO  pipeline.PipelineStateManager (PipelineStateManager.java:addPipeline(56)) - Created pipeline Pipeline[ Id: 4b774435-0ba7-41c2-b302-c532b179c49b, Nodes: a8d2df02-a9dc-4b60-9eec-a53a711ba1ae{ip: 192.168.5.161, host: pr-hdds-1569-zxpks-796972592, networkLocation: /default-rack, certSerialId: null}, Type:RATIS, Factor:ONE, State:OPEN]
2019-09-25 05:54:09,613 [RatisPipelineUtilsThread] INFO  pipeline.PipelinePlacementPolicy (PipelinePlacementPolicy.java:meetCriteria(91)) - Pipeline Placement: can't place more pipeline on heavy datanode： f28e89b6-3953-4014-b5dd-5d7c12bc90a1 Heaviness: 6 limit: 5
2019-09-25 05:54:09,613 [RatisPipelineUtilsThread] INFO  pipeline.PipelinePlacementPolicy (PipelinePlacementPolicy.java:meetCriteria(91)) - Pipeline Placement: can't place more pipeline on heavy datanode： 169f835a-5a51-4a80-ac17-f8139cf3a6e7 Heaviness: 6 limit: 5
2019-09-25 05:54:09,613 [RatisPipelineUtilsThread] INFO  pipeline.PipelinePlacementPolicy (PipelinePlacementPolicy.java:meetCriteria(91)) - Pipeline Placement: can't place more pipeline on heavy datanode： a171a438-4db2-4a15-a03d-8d01a40a69ad Heaviness: 6 limit: 5
2019-09-25 05:54:09,613 [RatisPipelineUtilsThread] INFO  pipeline.PipelinePlacementPolicy (PipelinePlacementPolicy.java:meetCriteria(91)) - Pipeline Placement: can't place more pipeline on heavy datanode： f15c9da4-41cd-4d3b-befd-f91bd6a8ef15 Heaviness: 6 limit: 5
2019-09-25 05:54:09,614 [RatisPipelineUtilsThread] INFO  pipeline.PipelinePlacementPolicy (PipelinePlacementPolicy.java:meetCriteria(91)) - Pipeline Placement: can't place more pipeline on heavy datanode： 9b45984a-e801-4994-8f0b-759bb773fda3 Heaviness: 6 limit: 5
2019-09-25 05:54:09,614 [RatisPipelineUtilsThread] INFO  pipeline.PipelinePlacementPolicy (PipelinePlacementPolicy.java:meetCriteria(91)) - Pipeline Placement: can't place more pipeline on heavy datanode： a8d2df02-a9dc-4b60-9eec-a53a711ba1ae Heaviness: 6 limit: 5
2019-09-25 05:54:09,619 [grpc-default-executor-0] INFO  impl.RaftServerProxy (RaftServerProxy.java:addNew(89)) - 042645b7-d9e3-44d6-a86c-5222fd8d5aba: addNew group-B9450849D1B5:[042645b7-d9e3-44d6-a86c-5222fd8d5aba:192.168.5.161:35465] returns group-B9450849D1B5:java.util.concurrent.CompletableFuture@673297c9[Not completed]
2019-09-25 05:54:09,620 [pool-87-thread-1] INFO  impl.RaftServerImpl (RaftServerImpl.java:<init>(95)) - 042645b7-d9e3-44d6-a86c-5222fd8d5aba: new RaftServerImpl for group-B9450849D1B5:[042645b7-d9e3-44d6-a86c-5222fd8d5aba:192.168.5.161:35465] with ContainerStateMachine:uninitialized
2019-09-25 05:54:09,620 [pool-87-thread-1] INFO  server.RaftServerConfigKeys (ConfUtils.java:logGet(43)) - raft.server.rpc.timeout.min = 5s (custom)
2019-09-25 05:54:09,620 [pool-87-thread-1] INFO  server.RaftServerConfigKeys (ConfUtils.java:logGet(43)) - raft.server.rpc.timeout.max = 5200ms (custom)
2019-09-25 05:54:09,621 [pool-87-thread-1] INFO  server.RaftServerConfigKeys (ConfUtils.java:logGet(43)) - raft.server.rpcslowness.timeout = 120s (custom)
2019-09-25 05:54:09,621 [pool-87-thread-1] INFO  server.RaftServerConfigKeys (ConfUtils.java:logGet(43)) - raft.server.sleep.deviation.threshold = 300 (default)
2019-09-25 05:54:09,621 [pool-87-thread-1] INFO  server.RaftServerConfigKeys (ConfUtils.java:logGet(43)) - raft.server.log.appender.install.snapshot.enabled = false (custom)
2019-09-25 05:54:09,621 [pool-87-thread-1] INFO  impl.RaftServerImpl (ServerState.java:<init>(103)) - 042645b7-d9e3-44d6-a86c-5222fd8d5aba@group-B9450849D1B5: ConfigurationManager, init=-1: [042645b7-d9e3-44d6-a86c-5222fd8d5aba:192.168.5.161:35465], old=null, confs=<EMPTY_MAP>
2019-09-25 05:54:09,621 [pool-87-thread-1] INFO  server.RaftServerConfigKeys (ConfUtils.java:logGet(43)) - raft.server.storage.dir = [/workdir/hadoop-ozone/ozonefs/target/test-dir/MiniOzoneClusterImpl-a7a48124-c188-483e-b9a9-787dfdcc7198/datanode-6/data/ratis] (custom)
2019-09-25 05:54:09,622 [pool-87-thread-1] INFO  storage.RaftStorageDirectory (RaftStorageDirectory.java:analyzeStorage(246)) - The storage directory /workdir/hadoop-ozone/ozonefs/target/test-dir/MiniOzoneClusterImpl-a7a48124-c188-483e-b9a9-787dfdcc7198/datanode-6/data/ratis/2352733d-b657-4b68-96b2-b9450849d1b5 does not exist. Creating ...
2019-09-25 05:54:09,634 [pool-87-thread-1] INFO  storage.RaftStorageDirectory (RaftStorageDirectory.java:tryLock(328)) - Lock on /workdir/hadoop-ozone/ozonefs/target/test-dir/MiniOzoneClusterImpl-a7a48124-c188-483e-b9a9-787dfdcc7198/datanode-6/data/ratis/2352733d-b657-4b68-96b2-b9450849d1b5/in_use.lock acquired by nodename 19278@pr-hdds-1569-zxpks-796972592
2019-09-25 05:54:09,647 [pool-87-thread-1] INFO  storage.RaftStorage (RaftStorage.java:format(72)) - Storage directory /workdir/hadoop-ozone/ozonefs/target/test-dir/MiniOzoneClusterImpl-a7a48124-c188-483e-b9a9-787dfdcc7198/datanode-6/data/ratis/2352733d-b657-4b68-96b2-b9450849d1b5 has been successfully formatted.
2019-09-25 05:54:09,647 [pool-87-thread-1] INFO  ratis.ContainerStateMachine (ContainerStateMachine.java:loadSnapshot(230)) - group-B9450849D1B5: The snapshot info is null. Setting the last applied indexto:(t:0, i:~)
2019-09-25 05:54:09,647 [pool-87-thread-1] INFO  server.RaftServerConfigKeys (ConfUtils.java:logGet(43)) - raft.server.notification.no-leader.timeout = 120s (custom)
2019-09-25 05:54:09,648 [pool-87-thread-1] INFO  server.RaftServerConfigKeys (ConfUtils.java:logGet(43)) - raft.server.log.use.memory = false (default)
2019-09-25 05:54:09,648 [pool-87-thread-1] INFO  server.RaftServerConfigKeys (ConfUtils.java:logGet(43)) - raft.server.log.purge.gap = 1000000 (custom)
2019-09-25 05:54:09,648 [pool-87-thread-1] INFO  server.RaftServerConfigKeys (ConfUtils.java:logGet(43)) - raft.server.log.appender.buffer.byte-limit = 33554432 (custom)
2019-09-25 05:54:09,648 [pool-87-thread-1] INFO  server.RaftServerConfigKeys (ConfUtils.java:logGet(43)) - raft.server.log.segment.size.max = 1048576 (custom)
2019-09-25 05:54:09,648 [pool-87-thread-1] INFO  server.RaftServerConfigKeys (ConfUtils.java:logGet(43)) - raft.server.log.segment.cache.num.max = 2 (custom)
2019-09-25 05:54:09,649 [pool-87-thread-1] INFO  segmented.SegmentedRaftLogWorker (SegmentedRaftLogWorker.java:<init>(172)) - new 042645b7-d9e3-44d6-a86c-5222fd8d5aba@group-B9450849D1B5-SegmentedRaftLogWorker for RaftStorage:Storage Directory /workdir/hadoop-ozone/ozonefs/target/test-dir/MiniOzoneClusterImpl-a7a48124-c188-483e-b9a9-787dfdcc7198/datanode-6/data/ratis/2352733d-b657-4b68-96b2-b9450849d1b5
2019-09-25 05:54:09,649 [pool-87-thread-1] INFO  server.RaftServerConfigKeys (ConfUtils.java:logGet(43)) - raft.server.log.queue.byte-limit = 2147483647 (custom)
2019-09-25 05:54:09,649 [pool-87-thread-1] INFO  server.RaftServerConfigKeys (ConfUtils.java:logGet(43)) - raft.server.log.queue.element-limit = 1024 (custom)
2019-09-25 05:54:09,649 [pool-87-thread-1] INFO  server.RaftServerConfigKeys (ConfUtils.java:logGet(43)) - raft.server.log.segment.size.max = 1048576 (custom)
2019-09-25 05:54:09,649 [pool-87-thread-1] INFO  server.RaftServerConfigKeys (ConfUtils.java:logGet(43)) - raft.server.log.preallocated.size = 16384 (custom)
2019-09-25 05:54:09,649 [pool-87-thread-1] INFO  server.RaftServerConfigKeys (ConfUtils.java:logGet(43)) - raft.server.log.write.buffer.size = 33554432 (custom)
2019-09-25 05:54:09,649 [pool-87-thread-1] INFO  server.RaftServerConfigKeys (ConfUtils.java:logGet(43)) - raft.server.log.force.sync.num = 128 (default)
2019-09-25 05:54:09,650 [pool-87-thread-1] INFO  server.RaftServerConfigKeys (ConfUtils.java:logGet(43)) - raft.server.log.statemachine.data.sync = true (default)
2019-09-25 05:54:09,650 [pool-87-thread-1] INFO  server.RaftServerConfigKeys (ConfUtils.java:logGet(43)) - raft.server.log.statemachine.data.sync.timeout = 10s (default)
2019-09-25 05:54:09,650 [pool-87-thread-1] INFO  server.RaftServerConfigKeys (ConfUtils.java:logGet(43)) - raft.server.log.statemachine.data.sync.timeout.retry = -1 (default)
2019-09-25 05:54:09,650 [pool-87-thread-1] INFO  server.RaftServerConfigKeys (ConfUtils.java:logGet(43)) - raft.server.log.statemachine.data.caching.enabled = true (custom)
2019-09-25 05:54:09,650 [pool-87-thread-1] INFO  segmented.SegmentedRaftLogWorker (SegmentedRaftLogWorker.java:lambda$new$0(132)) - 042645b7-d9e3-44d6-a86c-5222fd8d5aba@group-B9450849D1B5-SegmentedRaftLogWorker: flushIndex: setUnconditionally 0 -> -1
2019-09-25 05:54:09,651 [pool-87-thread-1] INFO  server.RaftServerConfigKeys (ConfUtils.java:logGet(43)) - raft.server.snapshot.auto.trigger.enabled = true (custom)
2019-09-25 05:54:09,651 [pool-87-thread-1] INFO  server.RaftServerConfigKeys (ConfUtils.java:logGet(43)) - raft.server.snapshot.auto.trigger.threshold = 10000 (custom)
2019-09-25 05:54:09,651 [pool-87-thread-1] INFO  server.RaftServerConfigKeys (ConfUtils.java:logGet(43)) - raft.server.snapshot.retention.num.files = 5 (custom)
2019-09-25 05:54:09,651 [pool-87-thread-1] INFO  server.RaftServerConfigKeys (ConfUtils.java:logGet(43)) - raft.server.retrycache.expirytime = 600000ms (custom)
2019-09-25 05:54:09,654 [pool-87-thread-1] INFO  impl.RaftServerImpl (RaftServerImpl.java:start(185)) - 042645b7-d9e3-44d6-a86c-5222fd8d5aba@group-B9450849D1B5: start as a follower, conf=-1: [042645b7-d9e3-44d6-a86c-5222fd8d5aba:192.168.5.161:35465], old=null
2019-09-25 05:54:09,654 [pool-87-thread-1] INFO  impl.RaftServerImpl (RaftServerImpl.java:setRole(174)) - 042645b7-d9e3-44d6-a86c-5222fd8d5aba@group-B9450849D1B5: changes role from      null to FOLLOWER at term 0 for startAsFollower
2019-09-25 05:54:09,654 [pool-87-thread-1] INFO  impl.RoleInfo (RoleInfo.java:updateAndGet(143)) - 042645b7-d9e3-44d6-a86c-5222fd8d5aba: start FollowerState
2019-09-25 05:54:09,655 [pool-87-thread-1] INFO  util.JmxRegister (JmxRegister.java:tryRegister(44)) - Successfully registered JMX Bean with object name Ratis:service=RaftServer,group=group-B9450849D1B5,id=042645b7-d9e3-44d6-a86c-5222fd8d5aba
2019-09-25 05:54:09,657 [RatisPipelineUtilsThread] INFO  pipeline.PipelineStateManager (PipelineStateManager.java:addPipeline(56)) - Created pipeline Pipeline[ Id: 2352733d-b657-4b68-96b2-b9450849d1b5, Nodes: 042645b7-d9e3-44d6-a86c-5222fd8d5aba{ip: 192.168.5.161, host: pr-hdds-1569-zxpks-796972592, networkLocation: /default-rack, certSerialId: null}, Type:RATIS, Factor:ONE, State:OPEN]
2019-09-25 05:54:09,658 [RatisPipelineUtilsThread] INFO  pipeline.PipelinePlacementPolicy (PipelinePlacementPolicy.java:meetCriteria(91)) - Pipeline Placement: can't place more pipeline on heavy datanode： f28e89b6-3953-4014-b5dd-5d7c12bc90a1 Heaviness: 6 limit: 5
2019-09-25 05:54:09,658 [RatisPipelineUtilsThread] INFO  pipeline.PipelinePlacementPolicy (PipelinePlacementPolicy.java:meetCriteria(91)) - Pipeline Placement: can't place more pipeline on heavy datanode： 169f835a-5a51-4a80-ac17-f8139cf3a6e7 Heaviness: 6 limit: 5
2019-09-25 05:54:09,658 [RatisPipelineUtilsThread] INFO  pipeline.PipelinePlacementPolicy (PipelinePlacementPolicy.java:meetCriteria(91)) - Pipeline Placement: can't place more pipeline on heavy datanode： a171a438-4db2-4a15-a03d-8d01a40a69ad Heaviness: 6 limit: 5
2019-09-25 05:54:09,658 [RatisPipelineUtilsThread] INFO  pipeline.PipelinePlacementPolicy (PipelinePlacementPolicy.java:meetCriteria(91)) - Pipeline Placement: can't place more pipeline on heavy datanode： f15c9da4-41cd-4d3b-befd-f91bd6a8ef15 Heaviness: 6 limit: 5
2019-09-25 05:54:09,658 [RatisPipelineUtilsThread] INFO  pipeline.PipelinePlacementPolicy (PipelinePlacementPolicy.java:meetCriteria(91)) - Pipeline Placement: can't place more pipeline on heavy datanode： 9b45984a-e801-4994-8f0b-759bb773fda3 Heaviness: 6 limit: 5
2019-09-25 05:54:09,658 [RatisPipelineUtilsThread] INFO  pipeline.PipelinePlacementPolicy (PipelinePlacementPolicy.java:meetCriteria(91)) - Pipeline Placement: can't place more pipeline on heavy datanode： a8d2df02-a9dc-4b60-9eec-a53a711ba1ae Heaviness: 6 limit: 5
2019-09-25 05:54:09,664 [grpc-default-executor-0] INFO  impl.RaftServerProxy (RaftServerProxy.java:addNew(89)) - 042645b7-d9e3-44d6-a86c-5222fd8d5aba: addNew group-C1CE2E9282CC:[042645b7-d9e3-44d6-a86c-5222fd8d5aba:192.168.5.161:35465] returns group-C1CE2E9282CC:java.util.concurrent.CompletableFuture@681b1d26[Not completed]
2019-09-25 05:54:09,665 [pool-87-thread-1] INFO  impl.RaftServerImpl (RaftServerImpl.java:<init>(95)) - 042645b7-d9e3-44d6-a86c-5222fd8d5aba: new RaftServerImpl for group-C1CE2E9282CC:[042645b7-d9e3-44d6-a86c-5222fd8d5aba:192.168.5.161:35465] with ContainerStateMachine:uninitialized
2019-09-25 05:54:09,665 [pool-87-thread-1] INFO  server.RaftServerConfigKeys (ConfUtils.java:logGet(43)) - raft.server.rpc.timeout.min = 5s (custom)
2019-09-25 05:54:09,665 [pool-87-thread-1] INFO  server.RaftServerConfigKeys (ConfUtils.java:logGet(43)) - raft.server.rpc.timeout.max = 5200ms (custom)
2019-09-25 05:54:09,665 [pool-87-thread-1] INFO  server.RaftServerConfigKeys (ConfUtils.java:logGet(43)) - raft.server.rpcslowness.timeout = 120s (custom)
2019-09-25 05:54:09,666 [pool-87-thread-1] INFO  server.RaftServerConfigKeys (ConfUtils.java:logGet(43)) - raft.server.sleep.deviation.threshold = 300 (default)
2019-09-25 05:54:09,666 [pool-87-thread-1] INFO  server.RaftServerConfigKeys (ConfUtils.java:logGet(43)) - raft.server.log.appender.install.snapshot.enabled = false (custom)
2019-09-25 05:54:09,666 [pool-87-thread-1] INFO  impl.RaftServerImpl (ServerState.java:<init>(103)) - 042645b7-d9e3-44d6-a86c-5222fd8d5aba@group-C1CE2E9282CC: ConfigurationManager, init=-1: [042645b7-d9e3-44d6-a86c-5222fd8d5aba:192.168.5.161:35465], old=null, confs=<EMPTY_MAP>
2019-09-25 05:54:09,666 [pool-87-thread-1] INFO  server.RaftServerConfigKeys (ConfUtils.java:logGet(43)) - raft.server.storage.dir = [/workdir/hadoop-ozone/ozonefs/target/test-dir/MiniOzoneClusterImpl-a7a48124-c188-483e-b9a9-787dfdcc7198/datanode-6/data/ratis] (custom)
2019-09-25 05:54:09,666 [pool-87-thread-1] INFO  storage.RaftStorageDirectory (RaftStorageDirectory.java:analyzeStorage(246)) - The storage directory /workdir/hadoop-ozone/ozonefs/target/test-dir/MiniOzoneClusterImpl-a7a48124-c188-483e-b9a9-787dfdcc7198/datanode-6/data/ratis/6a057f72-22ee-4fd2-8251-c1ce2e9282cc does not exist. Creating ...
2019-09-25 05:54:09,681 [pool-87-thread-1] INFO  storage.RaftStorageDirectory (RaftStorageDirectory.java:tryLock(328)) - Lock on /workdir/hadoop-ozone/ozonefs/target/test-dir/MiniOzoneClusterImpl-a7a48124-c188-483e-b9a9-787dfdcc7198/datanode-6/data/ratis/6a057f72-22ee-4fd2-8251-c1ce2e9282cc/in_use.lock acquired by nodename 19278@pr-hdds-1569-zxpks-796972592
2019-09-25 05:54:09,694 [pool-87-thread-1] INFO  storage.RaftStorage (RaftStorage.java:format(72)) - Storage directory /workdir/hadoop-ozone/ozonefs/target/test-dir/MiniOzoneClusterImpl-a7a48124-c188-483e-b9a9-787dfdcc7198/datanode-6/data/ratis/6a057f72-22ee-4fd2-8251-c1ce2e9282cc has been successfully formatted.
2019-09-25 05:54:09,694 [pool-87-thread-1] INFO  ratis.ContainerStateMachine (ContainerStateMachine.java:loadSnapshot(230)) - group-C1CE2E9282CC: The snapshot info is null. Setting the last applied indexto:(t:0, i:~)
2019-09-25 05:54:09,694 [pool-87-thread-1] INFO  server.RaftServerConfigKeys (ConfUtils.java:logGet(43)) - raft.server.notification.no-leader.timeout = 120s (custom)
2019-09-25 05:54:09,694 [pool-87-thread-1] INFO  server.RaftServerConfigKeys (ConfUtils.java:logGet(43)) - raft.server.log.use.memory = false (default)
2019-09-25 05:54:09,694 [pool-87-thread-1] INFO  server.RaftServerConfigKeys (ConfUtils.java:logGet(43)) - raft.server.log.purge.gap = 1000000 (custom)
2019-09-25 05:54:09,694 [pool-87-thread-1] INFO  server.RaftServerConfigKeys (ConfUtils.java:logGet(43)) - raft.server.log.appender.buffer.byte-limit = 33554432 (custom)
2019-09-25 05:54:09,695 [pool-87-thread-1] INFO  server.RaftServerConfigKeys (ConfUtils.java:logGet(43)) - raft.server.log.segment.size.max = 1048576 (custom)
2019-09-25 05:54:09,695 [pool-87-thread-1] INFO  server.RaftServerConfigKeys (ConfUtils.java:logGet(43)) - raft.server.log.segment.cache.num.max = 2 (custom)
2019-09-25 05:54:09,695 [pool-87-thread-1] INFO  segmented.SegmentedRaftLogWorker (SegmentedRaftLogWorker.java:<init>(172)) - new 042645b7-d9e3-44d6-a86c-5222fd8d5aba@group-C1CE2E9282CC-SegmentedRaftLogWorker for RaftStorage:Storage Directory /workdir/hadoop-ozone/ozonefs/target/test-dir/MiniOzoneClusterImpl-a7a48124-c188-483e-b9a9-787dfdcc7198/datanode-6/data/ratis/6a057f72-22ee-4fd2-8251-c1ce2e9282cc
2019-09-25 05:54:09,695 [pool-87-thread-1] INFO  server.RaftServerConfigKeys (ConfUtils.java:logGet(43)) - raft.server.log.queue.byte-limit = 2147483647 (custom)
2019-09-25 05:54:09,695 [pool-87-thread-1] INFO  server.RaftServerConfigKeys (ConfUtils.java:logGet(43)) - raft.server.log.queue.element-limit = 1024 (custom)
2019-09-25 05:54:09,695 [pool-87-thread-1] INFO  server.RaftServerConfigKeys (ConfUtils.java:logGet(43)) - raft.server.log.segment.size.max = 1048576 (custom)
2019-09-25 05:54:09,695 [pool-87-thread-1] INFO  server.RaftServerConfigKeys (ConfUtils.java:logGet(43)) - raft.server.log.preallocated.size = 16384 (custom)
2019-09-25 05:54:09,695 [pool-87-thread-1] INFO  server.RaftServerConfigKeys (ConfUtils.java:logGet(43)) - raft.server.log.write.buffer.size = 33554432 (custom)
2019-09-25 05:54:09,696 [pool-87-thread-1] INFO  server.RaftServerConfigKeys (ConfUtils.java:logGet(43)) - raft.server.log.force.sync.num = 128 (default)
2019-09-25 05:54:09,696 [pool-87-thread-1] INFO  server.RaftServerConfigKeys (ConfUtils.java:logGet(43)) - raft.server.log.statemachine.data.sync = true (default)
2019-09-25 05:54:09,696 [pool-87-thread-1] INFO  server.RaftServerConfigKeys (ConfUtils.java:logGet(43)) - raft.server.log.statemachine.data.sync.timeout = 10s (default)
2019-09-25 05:54:09,696 [pool-87-thread-1] INFO  server.RaftServerConfigKeys (ConfUtils.java:logGet(43)) - raft.server.log.statemachine.data.sync.timeout.retry = -1 (default)
2019-09-25 05:54:09,696 [pool-87-thread-1] INFO  server.RaftServerConfigKeys (ConfUtils.java:logGet(43)) - raft.server.log.statemachine.data.caching.enabled = true (custom)
2019-09-25 05:54:09,696 [pool-87-thread-1] INFO  segmented.SegmentedRaftLogWorker (SegmentedRaftLogWorker.java:lambda$new$0(132)) - 042645b7-d9e3-44d6-a86c-5222fd8d5aba@group-C1CE2E9282CC-SegmentedRaftLogWorker: flushIndex: setUnconditionally 0 -> -1
2019-09-25 05:54:09,697 [pool-87-thread-1] INFO  server.RaftServerConfigKeys (ConfUtils.java:logGet(43)) - raft.server.snapshot.auto.trigger.enabled = true (custom)
2019-09-25 05:54:09,697 [pool-87-thread-1] INFO  server.RaftServerConfigKeys (ConfUtils.java:logGet(43)) - raft.server.snapshot.auto.trigger.threshold = 10000 (custom)
2019-09-25 05:54:09,697 [pool-87-thread-1] INFO  server.RaftServerConfigKeys (ConfUtils.java:logGet(43)) - raft.server.snapshot.retention.num.files = 5 (custom)
2019-09-25 05:54:09,697 [pool-87-thread-1] INFO  server.RaftServerConfigKeys (ConfUtils.java:logGet(43)) - raft.server.retrycache.expirytime = 600000ms (custom)
2019-09-25 05:54:09,699 [pool-87-thread-1] INFO  impl.RaftServerImpl (RaftServerImpl.java:start(185)) - 042645b7-d9e3-44d6-a86c-5222fd8d5aba@group-C1CE2E9282CC: start as a follower, conf=-1: [042645b7-d9e3-44d6-a86c-5222fd8d5aba:192.168.5.161:35465], old=null
2019-09-25 05:54:09,700 [pool-87-thread-1] INFO  impl.RaftServerImpl (RaftServerImpl.java:setRole(174)) - 042645b7-d9e3-44d6-a86c-5222fd8d5aba@group-C1CE2E9282CC: changes role from      null to FOLLOWER at term 0 for startAsFollower
2019-09-25 05:54:09,700 [pool-87-thread-1] INFO  impl.RoleInfo (RoleInfo.java:updateAndGet(143)) - 042645b7-d9e3-44d6-a86c-5222fd8d5aba: start FollowerState
2019-09-25 05:54:09,700 [pool-87-thread-1] INFO  util.JmxRegister (JmxRegister.java:tryRegister(44)) - Successfully registered JMX Bean with object name Ratis:service=RaftServer,group=group-C1CE2E9282CC,id=042645b7-d9e3-44d6-a86c-5222fd8d5aba
2019-09-25 05:54:09,703 [RatisPipelineUtilsThread] INFO  pipeline.PipelineStateManager (PipelineStateManager.java:addPipeline(56)) - Created pipeline Pipeline[ Id: 6a057f72-22ee-4fd2-8251-c1ce2e9282cc, Nodes: 042645b7-d9e3-44d6-a86c-5222fd8d5aba{ip: 192.168.5.161, host: pr-hdds-1569-zxpks-796972592, networkLocation: /default-rack, certSerialId: null}, Type:RATIS, Factor:ONE, State:OPEN]
2019-09-25 05:54:09,703 [RatisPipelineUtilsThread] INFO  pipeline.PipelinePlacementPolicy (PipelinePlacementPolicy.java:meetCriteria(91)) - Pipeline Placement: can't place more pipeline on heavy datanode： f28e89b6-3953-4014-b5dd-5d7c12bc90a1 Heaviness: 6 limit: 5
2019-09-25 05:54:09,703 [RatisPipelineUtilsThread] INFO  pipeline.PipelinePlacementPolicy (PipelinePlacementPolicy.java:meetCriteria(91)) - Pipeline Placement: can't place more pipeline on heavy datanode： 169f835a-5a51-4a80-ac17-f8139cf3a6e7 Heaviness: 6 limit: 5
2019-09-25 05:54:09,703 [RatisPipelineUtilsThread] INFO  pipeline.PipelinePlacementPolicy (PipelinePlacementPolicy.java:meetCriteria(91)) - Pipeline Placement: can't place more pipeline on heavy datanode： a171a438-4db2-4a15-a03d-8d01a40a69ad Heaviness: 6 limit: 5
2019-09-25 05:54:09,704 [RatisPipelineUtilsThread] INFO  pipeline.PipelinePlacementPolicy (PipelinePlacementPolicy.java:meetCriteria(91)) - Pipeline Placement: can't place more pipeline on heavy datanode： f15c9da4-41cd-4d3b-befd-f91bd6a8ef15 Heaviness: 6 limit: 5
2019-09-25 05:54:09,704 [RatisPipelineUtilsThread] INFO  pipeline.PipelinePlacementPolicy (PipelinePlacementPolicy.java:meetCriteria(91)) - Pipeline Placement: can't place more pipeline on heavy datanode： 9b45984a-e801-4994-8f0b-759bb773fda3 Heaviness: 6 limit: 5
2019-09-25 05:54:09,704 [RatisPipelineUtilsThread] INFO  pipeline.PipelinePlacementPolicy (PipelinePlacementPolicy.java:meetCriteria(91)) - Pipeline Placement: can't place more pipeline on heavy datanode： 042645b7-d9e3-44d6-a86c-5222fd8d5aba Heaviness: 6 limit: 5
2019-09-25 05:54:09,704 [RatisPipelineUtilsThread] INFO  pipeline.PipelinePlacementPolicy (PipelinePlacementPolicy.java:meetCriteria(91)) - Pipeline Placement: can't place more pipeline on heavy datanode： a8d2df02-a9dc-4b60-9eec-a53a711ba1ae Heaviness: 6 limit: 5
2019-09-25 05:54:09,709 [grpc-default-executor-0] INFO  impl.RaftServerProxy (RaftServerProxy.java:addNew(89)) - 22638597-b9ac-42fc-8d80-a8fc15613fc1: addNew group-519D032D86A1:[22638597-b9ac-42fc-8d80-a8fc15613fc1:192.168.5.161:38615] returns group-519D032D86A1:java.util.concurrent.CompletableFuture@62dbb160[Not completed]
2019-09-25 05:54:09,710 [pool-47-thread-1] INFO  impl.RaftServerImpl (RaftServerImpl.java:<init>(95)) - 22638597-b9ac-42fc-8d80-a8fc15613fc1: new RaftServerImpl for group-519D032D86A1:[22638597-b9ac-42fc-8d80-a8fc15613fc1:192.168.5.161:38615] with ContainerStateMachine:uninitialized
2019-09-25 05:54:09,710 [pool-47-thread-1] INFO  server.RaftServerConfigKeys (ConfUtils.java:logGet(43)) - raft.server.rpc.timeout.min = 5s (custom)
2019-09-25 05:54:09,710 [pool-47-thread-1] INFO  server.RaftServerConfigKeys (ConfUtils.java:logGet(43)) - raft.server.rpc.timeout.max = 5200ms (custom)
2019-09-25 05:54:09,710 [pool-47-thread-1] INFO  server.RaftServerConfigKeys (ConfUtils.java:logGet(43)) - raft.server.rpcslowness.timeout = 120s (custom)
2019-09-25 05:54:09,711 [pool-47-thread-1] INFO  server.RaftServerConfigKeys (ConfUtils.java:logGet(43)) - raft.server.sleep.deviation.threshold = 300 (default)
2019-09-25 05:54:09,711 [pool-47-thread-1] INFO  server.RaftServerConfigKeys (ConfUtils.java:logGet(43)) - raft.server.log.appender.install.snapshot.enabled = false (custom)
2019-09-25 05:54:09,711 [pool-47-thread-1] INFO  impl.RaftServerImpl (ServerState.java:<init>(103)) - 22638597-b9ac-42fc-8d80-a8fc15613fc1@group-519D032D86A1: ConfigurationManager, init=-1: [22638597-b9ac-42fc-8d80-a8fc15613fc1:192.168.5.161:38615], old=null, confs=<EMPTY_MAP>
2019-09-25 05:54:09,711 [pool-47-thread-1] INFO  server.RaftServerConfigKeys (ConfUtils.java:logGet(43)) - raft.server.storage.dir = [/workdir/hadoop-ozone/ozonefs/target/test-dir/MiniOzoneClusterImpl-a7a48124-c188-483e-b9a9-787dfdcc7198/datanode-2/data/ratis] (custom)
2019-09-25 05:54:09,711 [pool-47-thread-1] INFO  storage.RaftStorageDirectory (RaftStorageDirectory.java:analyzeStorage(246)) - The storage directory /workdir/hadoop-ozone/ozonefs/target/test-dir/MiniOzoneClusterImpl-a7a48124-c188-483e-b9a9-787dfdcc7198/datanode-2/data/ratis/8330e7aa-ec7a-4bed-b2b2-519d032d86a1 does not exist. Creating ...
2019-09-25 05:54:09,725 [pool-47-thread-1] INFO  storage.RaftStorageDirectory (RaftStorageDirectory.java:tryLock(328)) - Lock on /workdir/hadoop-ozone/ozonefs/target/test-dir/MiniOzoneClusterImpl-a7a48124-c188-483e-b9a9-787dfdcc7198/datanode-2/data/ratis/8330e7aa-ec7a-4bed-b2b2-519d032d86a1/in_use.lock acquired by nodename 19278@pr-hdds-1569-zxpks-796972592
2019-09-25 05:54:09,728 [pool-47-thread-1] INFO  storage.RaftStorage (RaftStorage.java:format(72)) - Storage directory /workdir/hadoop-ozone/ozonefs/target/test-dir/MiniOzoneClusterImpl-a7a48124-c188-483e-b9a9-787dfdcc7198/datanode-2/data/ratis/8330e7aa-ec7a-4bed-b2b2-519d032d86a1 has been successfully formatted.
2019-09-25 05:54:09,729 [pool-47-thread-1] INFO  ratis.ContainerStateMachine (ContainerStateMachine.java:loadSnapshot(230)) - group-519D032D86A1: The snapshot info is null. Setting the last applied indexto:(t:0, i:~)
2019-09-25 05:54:09,729 [pool-47-thread-1] INFO  server.RaftServerConfigKeys (ConfUtils.java:logGet(43)) - raft.server.notification.no-leader.timeout = 120s (custom)
2019-09-25 05:54:09,729 [pool-47-thread-1] INFO  server.RaftServerConfigKeys (ConfUtils.java:logGet(43)) - raft.server.log.use.memory = false (default)
2019-09-25 05:54:09,729 [pool-47-thread-1] INFO  server.RaftServerConfigKeys (ConfUtils.java:logGet(43)) - raft.server.log.purge.gap = 1000000 (custom)
2019-09-25 05:54:09,729 [pool-47-thread-1] INFO  server.RaftServerConfigKeys (ConfUtils.java:logGet(43)) - raft.server.log.appender.buffer.byte-limit = 33554432 (custom)
2019-09-25 05:54:09,729 [pool-47-thread-1] INFO  server.RaftServerConfigKeys (ConfUtils.java:logGet(43)) - raft.server.log.segment.size.max = 1048576 (custom)
2019-09-25 05:54:09,729 [pool-47-thread-1] INFO  server.RaftServerConfigKeys (ConfUtils.java:logGet(43)) - raft.server.log.segment.cache.num.max = 2 (custom)
2019-09-25 05:54:09,729 [pool-47-thread-1] INFO  segmented.SegmentedRaftLogWorker (SegmentedRaftLogWorker.java:<init>(172)) - new 22638597-b9ac-42fc-8d80-a8fc15613fc1@group-519D032D86A1-SegmentedRaftLogWorker for RaftStorage:Storage Directory /workdir/hadoop-ozone/ozonefs/target/test-dir/MiniOzoneClusterImpl-a7a48124-c188-483e-b9a9-787dfdcc7198/datanode-2/data/ratis/8330e7aa-ec7a-4bed-b2b2-519d032d86a1
2019-09-25 05:54:09,730 [pool-47-thread-1] INFO  server.RaftServerConfigKeys (ConfUtils.java:logGet(43)) - raft.server.log.queue.byte-limit = 2147483647 (custom)
2019-09-25 05:54:09,730 [pool-47-thread-1] INFO  server.RaftServerConfigKeys (ConfUtils.java:logGet(43)) - raft.server.log.queue.element-limit = 1024 (custom)
2019-09-25 05:54:09,730 [pool-47-thread-1] INFO  server.RaftServerConfigKeys (ConfUtils.java:logGet(43)) - raft.server.log.segment.size.max = 1048576 (custom)
2019-09-25 05:54:09,730 [pool-47-thread-1] INFO  server.RaftServerConfigKeys (ConfUtils.java:logGet(43)) - raft.server.log.preallocated.size = 16384 (custom)
2019-09-25 05:54:09,730 [pool-47-thread-1] INFO  server.RaftServerConfigKeys (ConfUtils.java:logGet(43)) - raft.server.log.write.buffer.size = 33554432 (custom)
2019-09-25 05:54:09,730 [pool-47-thread-1] INFO  server.RaftServerConfigKeys (ConfUtils.java:logGet(43)) - raft.server.log.force.sync.num = 128 (default)
2019-09-25 05:54:09,730 [pool-47-thread-1] INFO  server.RaftServerConfigKeys (ConfUtils.java:logGet(43)) - raft.server.log.statemachine.data.sync = true (default)
2019-09-25 05:54:09,730 [pool-47-thread-1] INFO  server.RaftServerConfigKeys (ConfUtils.java:logGet(43)) - raft.server.log.statemachine.data.sync.timeout = 10s (default)
2019-09-25 05:54:09,731 [pool-47-thread-1] INFO  server.RaftServerConfigKeys (ConfUtils.java:logGet(43)) - raft.server.log.statemachine.data.sync.timeout.retry = -1 (default)
2019-09-25 05:54:09,731 [pool-47-thread-1] INFO  server.RaftServerConfigKeys (ConfUtils.java:logGet(43)) - raft.server.log.statemachine.data.caching.enabled = true (custom)
2019-09-25 05:54:09,731 [pool-47-thread-1] INFO  segmented.SegmentedRaftLogWorker (SegmentedRaftLogWorker.java:lambda$new$0(132)) - 22638597-b9ac-42fc-8d80-a8fc15613fc1@group-519D032D86A1-SegmentedRaftLogWorker: flushIndex: setUnconditionally 0 -> -1
2019-09-25 05:54:09,731 [pool-47-thread-1] INFO  server.RaftServerConfigKeys (ConfUtils.java:logGet(43)) - raft.server.snapshot.auto.trigger.enabled = true (custom)
2019-09-25 05:54:09,731 [pool-47-thread-1] INFO  server.RaftServerConfigKeys (ConfUtils.java:logGet(43)) - raft.server.snapshot.auto.trigger.threshold = 10000 (custom)
2019-09-25 05:54:09,731 [pool-47-thread-1] INFO  server.RaftServerConfigKeys (ConfUtils.java:logGet(43)) - raft.server.snapshot.retention.num.files = 5 (custom)
2019-09-25 05:54:09,732 [pool-47-thread-1] INFO  server.RaftServerConfigKeys (ConfUtils.java:logGet(43)) - raft.server.retrycache.expirytime = 600000ms (custom)
2019-09-25 05:54:09,734 [pool-47-thread-1] INFO  impl.RaftServerImpl (RaftServerImpl.java:start(185)) - 22638597-b9ac-42fc-8d80-a8fc15613fc1@group-519D032D86A1: start as a follower, conf=-1: [22638597-b9ac-42fc-8d80-a8fc15613fc1:192.168.5.161:38615], old=null
2019-09-25 05:54:09,734 [pool-47-thread-1] INFO  impl.RaftServerImpl (RaftServerImpl.java:setRole(174)) - 22638597-b9ac-42fc-8d80-a8fc15613fc1@group-519D032D86A1: changes role from      null to FOLLOWER at term 0 for startAsFollower
2019-09-25 05:54:09,734 [pool-47-thread-1] INFO  impl.RoleInfo (RoleInfo.java:updateAndGet(143)) - 22638597-b9ac-42fc-8d80-a8fc15613fc1: start FollowerState
2019-09-25 05:54:09,734 [pool-47-thread-1] INFO  util.JmxRegister (JmxRegister.java:tryRegister(44)) - Successfully registered JMX Bean with object name Ratis:service=RaftServer,group=group-519D032D86A1,id=22638597-b9ac-42fc-8d80-a8fc15613fc1
2019-09-25 05:54:09,736 [RatisPipelineUtilsThread] INFO  pipeline.PipelineStateManager (PipelineStateManager.java:addPipeline(56)) - Created pipeline Pipeline[ Id: 8330e7aa-ec7a-4bed-b2b2-519d032d86a1, Nodes: 22638597-b9ac-42fc-8d80-a8fc15613fc1{ip: 192.168.5.161, host: pr-hdds-1569-zxpks-796972592, networkLocation: /default-rack, certSerialId: null}, Type:RATIS, Factor:ONE, State:OPEN]
2019-09-25 05:54:09,737 [RatisPipelineUtilsThread] INFO  pipeline.PipelinePlacementPolicy (PipelinePlacementPolicy.java:meetCriteria(91)) - Pipeline Placement: can't place more pipeline on heavy datanode： f28e89b6-3953-4014-b5dd-5d7c12bc90a1 Heaviness: 6 limit: 5
2019-09-25 05:54:09,737 [RatisPipelineUtilsThread] INFO  pipeline.PipelinePlacementPolicy (PipelinePlacementPolicy.java:meetCriteria(91)) - Pipeline Placement: can't place more pipeline on heavy datanode： 169f835a-5a51-4a80-ac17-f8139cf3a6e7 Heaviness: 6 limit: 5
2019-09-25 05:54:09,737 [RatisPipelineUtilsThread] INFO  pipeline.PipelinePlacementPolicy (PipelinePlacementPolicy.java:meetCriteria(91)) - Pipeline Placement: can't place more pipeline on heavy datanode： a171a438-4db2-4a15-a03d-8d01a40a69ad Heaviness: 6 limit: 5
2019-09-25 05:54:09,737 [RatisPipelineUtilsThread] INFO  pipeline.PipelinePlacementPolicy (PipelinePlacementPolicy.java:meetCriteria(91)) - Pipeline Placement: can't place more pipeline on heavy datanode： f15c9da4-41cd-4d3b-befd-f91bd6a8ef15 Heaviness: 6 limit: 5
2019-09-25 05:54:09,737 [RatisPipelineUtilsThread] INFO  pipeline.PipelinePlacementPolicy (PipelinePlacementPolicy.java:meetCriteria(91)) - Pipeline Placement: can't place more pipeline on heavy datanode： 9b45984a-e801-4994-8f0b-759bb773fda3 Heaviness: 6 limit: 5
2019-09-25 05:54:09,737 [RatisPipelineUtilsThread] INFO  pipeline.PipelinePlacementPolicy (PipelinePlacementPolicy.java:meetCriteria(91)) - Pipeline Placement: can't place more pipeline on heavy datanode： 042645b7-d9e3-44d6-a86c-5222fd8d5aba Heaviness: 6 limit: 5
2019-09-25 05:54:09,737 [RatisPipelineUtilsThread] INFO  pipeline.PipelinePlacementPolicy (PipelinePlacementPolicy.java:meetCriteria(91)) - Pipeline Placement: can't place more pipeline on heavy datanode： a8d2df02-a9dc-4b60-9eec-a53a711ba1ae Heaviness: 6 limit: 5
2019-09-25 05:54:09,742 [grpc-default-executor-0] INFO  impl.RaftServerProxy (RaftServerProxy.java:addNew(89)) - 22638597-b9ac-42fc-8d80-a8fc15613fc1: addNew group-02C8BA66BE2E:[22638597-b9ac-42fc-8d80-a8fc15613fc1:192.168.5.161:38615] returns group-02C8BA66BE2E:java.util.concurrent.CompletableFuture@6073fae9[Not completed]
2019-09-25 05:54:09,743 [pool-47-thread-1] INFO  impl.RaftServerImpl (RaftServerImpl.java:<init>(95)) - 22638597-b9ac-42fc-8d80-a8fc15613fc1: new RaftServerImpl for group-02C8BA66BE2E:[22638597-b9ac-42fc-8d80-a8fc15613fc1:192.168.5.161:38615] with ContainerStateMachine:uninitialized
2019-09-25 05:54:09,743 [pool-47-thread-1] INFO  server.RaftServerConfigKeys (ConfUtils.java:logGet(43)) - raft.server.rpc.timeout.min = 5s (custom)
2019-09-25 05:54:09,744 [pool-47-thread-1] INFO  server.RaftServerConfigKeys (ConfUtils.java:logGet(43)) - raft.server.rpc.timeout.max = 5200ms (custom)
2019-09-25 05:54:09,744 [pool-47-thread-1] INFO  server.RaftServerConfigKeys (ConfUtils.java:logGet(43)) - raft.server.rpcslowness.timeout = 120s (custom)
2019-09-25 05:54:09,744 [pool-47-thread-1] INFO  server.RaftServerConfigKeys (ConfUtils.java:logGet(43)) - raft.server.sleep.deviation.threshold = 300 (default)
2019-09-25 05:54:09,744 [pool-47-thread-1] INFO  server.RaftServerConfigKeys (ConfUtils.java:logGet(43)) - raft.server.log.appender.install.snapshot.enabled = false (custom)
2019-09-25 05:54:09,744 [pool-47-thread-1] INFO  impl.RaftServerImpl (ServerState.java:<init>(103)) - 22638597-b9ac-42fc-8d80-a8fc15613fc1@group-02C8BA66BE2E: ConfigurationManager, init=-1: [22638597-b9ac-42fc-8d80-a8fc15613fc1:192.168.5.161:38615], old=null, confs=<EMPTY_MAP>
2019-09-25 05:54:09,744 [pool-47-thread-1] INFO  server.RaftServerConfigKeys (ConfUtils.java:logGet(43)) - raft.server.storage.dir = [/workdir/hadoop-ozone/ozonefs/target/test-dir/MiniOzoneClusterImpl-a7a48124-c188-483e-b9a9-787dfdcc7198/datanode-2/data/ratis] (custom)
2019-09-25 05:54:09,744 [pool-47-thread-1] INFO  storage.RaftStorageDirectory (RaftStorageDirectory.java:analyzeStorage(246)) - The storage directory /workdir/hadoop-ozone/ozonefs/target/test-dir/MiniOzoneClusterImpl-a7a48124-c188-483e-b9a9-787dfdcc7198/datanode-2/data/ratis/13ae3ed1-1d6c-4f8f-9d92-02c8ba66be2e does not exist. Creating ...
2019-09-25 05:54:09,749 [pool-47-thread-1] INFO  storage.RaftStorageDirectory (RaftStorageDirectory.java:tryLock(328)) - Lock on /workdir/hadoop-ozone/ozonefs/target/test-dir/MiniOzoneClusterImpl-a7a48124-c188-483e-b9a9-787dfdcc7198/datanode-2/data/ratis/13ae3ed1-1d6c-4f8f-9d92-02c8ba66be2e/in_use.lock acquired by nodename 19278@pr-hdds-1569-zxpks-796972592
2019-09-25 05:54:09,766 [pool-47-thread-1] INFO  storage.RaftStorage (RaftStorage.java:format(72)) - Storage directory /workdir/hadoop-ozone/ozonefs/target/test-dir/MiniOzoneClusterImpl-a7a48124-c188-483e-b9a9-787dfdcc7198/datanode-2/data/ratis/13ae3ed1-1d6c-4f8f-9d92-02c8ba66be2e has been successfully formatted.
2019-09-25 05:54:09,767 [pool-47-thread-1] INFO  ratis.ContainerStateMachine (ContainerStateMachine.java:loadSnapshot(230)) - group-02C8BA66BE2E: The snapshot info is null. Setting the last applied indexto:(t:0, i:~)
2019-09-25 05:54:09,767 [pool-47-thread-1] INFO  server.RaftServerConfigKeys (ConfUtils.java:logGet(43)) - raft.server.notification.no-leader.timeout = 120s (custom)
2019-09-25 05:54:09,767 [pool-47-thread-1] INFO  server.RaftServerConfigKeys (ConfUtils.java:logGet(43)) - raft.server.log.use.memory = false (default)
2019-09-25 05:54:09,767 [pool-47-thread-1] INFO  server.RaftServerConfigKeys (ConfUtils.java:logGet(43)) - raft.server.log.purge.gap = 1000000 (custom)
2019-09-25 05:54:09,767 [pool-47-thread-1] INFO  server.RaftServerConfigKeys (ConfUtils.java:logGet(43)) - raft.server.log.appender.buffer.byte-limit = 33554432 (custom)
2019-09-25 05:54:09,767 [pool-47-thread-1] INFO  server.RaftServerConfigKeys (ConfUtils.java:logGet(43)) - raft.server.log.segment.size.max = 1048576 (custom)
2019-09-25 05:54:09,767 [pool-47-thread-1] INFO  server.RaftServerConfigKeys (ConfUtils.java:logGet(43)) - raft.server.log.segment.cache.num.max = 2 (custom)
2019-09-25 05:54:09,768 [pool-47-thread-1] INFO  segmented.SegmentedRaftLogWorker (SegmentedRaftLogWorker.java:<init>(172)) - new 22638597-b9ac-42fc-8d80-a8fc15613fc1@group-02C8BA66BE2E-SegmentedRaftLogWorker for RaftStorage:Storage Directory /workdir/hadoop-ozone/ozonefs/target/test-dir/MiniOzoneClusterImpl-a7a48124-c188-483e-b9a9-787dfdcc7198/datanode-2/data/ratis/13ae3ed1-1d6c-4f8f-9d92-02c8ba66be2e
2019-09-25 05:54:09,768 [pool-47-thread-1] INFO  server.RaftServerConfigKeys (ConfUtils.java:logGet(43)) - raft.server.log.queue.byte-limit = 2147483647 (custom)
2019-09-25 05:54:09,768 [pool-47-thread-1] INFO  server.RaftServerConfigKeys (ConfUtils.java:logGet(43)) - raft.server.log.queue.element-limit = 1024 (custom)
2019-09-25 05:54:09,768 [pool-47-thread-1] INFO  server.RaftServerConfigKeys (ConfUtils.java:logGet(43)) - raft.server.log.segment.size.max = 1048576 (custom)
2019-09-25 05:54:09,768 [pool-47-thread-1] INFO  server.RaftServerConfigKeys (ConfUtils.java:logGet(43)) - raft.server.log.preallocated.size = 16384 (custom)
2019-09-25 05:54:09,768 [pool-47-thread-1] INFO  server.RaftServerConfigKeys (ConfUtils.java:logGet(43)) - raft.server.log.write.buffer.size = 33554432 (custom)
2019-09-25 05:54:09,768 [pool-47-thread-1] INFO  server.RaftServerConfigKeys (ConfUtils.java:logGet(43)) - raft.server.log.force.sync.num = 128 (default)
2019-09-25 05:54:09,768 [pool-47-thread-1] INFO  server.RaftServerConfigKeys (ConfUtils.java:logGet(43)) - raft.server.log.statemachine.data.sync = true (default)
2019-09-25 05:54:09,769 [pool-47-thread-1] INFO  server.RaftServerConfigKeys (ConfUtils.java:logGet(43)) - raft.server.log.statemachine.data.sync.timeout = 10s (default)
2019-09-25 05:54:09,769 [pool-47-thread-1] INFO  server.RaftServerConfigKeys (ConfUtils.java:logGet(43)) - raft.server.log.statemachine.data.sync.timeout.retry = -1 (default)
2019-09-25 05:54:09,769 [pool-47-thread-1] INFO  server.RaftServerConfigKeys (ConfUtils.java:logGet(43)) - raft.server.log.statemachine.data.caching.enabled = true (custom)
2019-09-25 05:54:09,769 [pool-47-thread-1] INFO  segmented.SegmentedRaftLogWorker (SegmentedRaftLogWorker.java:lambda$new$0(132)) - 22638597-b9ac-42fc-8d80-a8fc15613fc1@group-02C8BA66BE2E-SegmentedRaftLogWorker: flushIndex: setUnconditionally 0 -> -1
2019-09-25 05:54:09,769 [pool-47-thread-1] INFO  server.RaftServerConfigKeys (ConfUtils.java:logGet(43)) - raft.server.snapshot.auto.trigger.enabled = true (custom)
2019-09-25 05:54:09,769 [pool-47-thread-1] INFO  server.RaftServerConfigKeys (ConfUtils.java:logGet(43)) - raft.server.snapshot.auto.trigger.threshold = 10000 (custom)
2019-09-25 05:54:09,770 [pool-47-thread-1] INFO  server.RaftServerConfigKeys (ConfUtils.java:logGet(43)) - raft.server.snapshot.retention.num.files = 5 (custom)
2019-09-25 05:54:09,770 [pool-47-thread-1] INFO  server.RaftServerConfigKeys (ConfUtils.java:logGet(43)) - raft.server.retrycache.expirytime = 600000ms (custom)
2019-09-25 05:54:09,771 [pool-47-thread-1] INFO  impl.RaftServerImpl (RaftServerImpl.java:start(185)) - 22638597-b9ac-42fc-8d80-a8fc15613fc1@group-02C8BA66BE2E: start as a follower, conf=-1: [22638597-b9ac-42fc-8d80-a8fc15613fc1:192.168.5.161:38615], old=null
2019-09-25 05:54:09,772 [pool-47-thread-1] INFO  impl.RaftServerImpl (RaftServerImpl.java:setRole(174)) - 22638597-b9ac-42fc-8d80-a8fc15613fc1@group-02C8BA66BE2E: changes role from      null to FOLLOWER at term 0 for startAsFollower
2019-09-25 05:54:09,772 [pool-47-thread-1] INFO  impl.RoleInfo (RoleInfo.java:updateAndGet(143)) - 22638597-b9ac-42fc-8d80-a8fc15613fc1: start FollowerState
2019-09-25 05:54:09,772 [pool-47-thread-1] INFO  util.JmxRegister (JmxRegister.java:tryRegister(44)) - Successfully registered JMX Bean with object name Ratis:service=RaftServer,group=group-02C8BA66BE2E,id=22638597-b9ac-42fc-8d80-a8fc15613fc1
2019-09-25 05:54:09,775 [RatisPipelineUtilsThread] INFO  pipeline.PipelineStateManager (PipelineStateManager.java:addPipeline(56)) - Created pipeline Pipeline[ Id: 13ae3ed1-1d6c-4f8f-9d92-02c8ba66be2e, Nodes: 22638597-b9ac-42fc-8d80-a8fc15613fc1{ip: 192.168.5.161, host: pr-hdds-1569-zxpks-796972592, networkLocation: /default-rack, certSerialId: null}, Type:RATIS, Factor:ONE, State:OPEN]
2019-09-25 05:54:09,775 [RatisPipelineUtilsThread] INFO  pipeline.PipelinePlacementPolicy (PipelinePlacementPolicy.java:meetCriteria(91)) - Pipeline Placement: can't place more pipeline on heavy datanode： f28e89b6-3953-4014-b5dd-5d7c12bc90a1 Heaviness: 6 limit: 5
2019-09-25 05:54:09,775 [RatisPipelineUtilsThread] INFO  pipeline.PipelinePlacementPolicy (PipelinePlacementPolicy.java:meetCriteria(91)) - Pipeline Placement: can't place more pipeline on heavy datanode： 169f835a-5a51-4a80-ac17-f8139cf3a6e7 Heaviness: 6 limit: 5
2019-09-25 05:54:09,775 [RatisPipelineUtilsThread] INFO  pipeline.PipelinePlacementPolicy (PipelinePlacementPolicy.java:meetCriteria(91)) - Pipeline Placement: can't place more pipeline on heavy datanode： a171a438-4db2-4a15-a03d-8d01a40a69ad Heaviness: 6 limit: 5
2019-09-25 05:54:09,775 [RatisPipelineUtilsThread] INFO  pipeline.PipelinePlacementPolicy (PipelinePlacementPolicy.java:meetCriteria(91)) - Pipeline Placement: can't place more pipeline on heavy datanode： f15c9da4-41cd-4d3b-befd-f91bd6a8ef15 Heaviness: 6 limit: 5
2019-09-25 05:54:09,775 [RatisPipelineUtilsThread] INFO  pipeline.PipelinePlacementPolicy (PipelinePlacementPolicy.java:meetCriteria(91)) - Pipeline Placement: can't place more pipeline on heavy datanode： 9b45984a-e801-4994-8f0b-759bb773fda3 Heaviness: 6 limit: 5
2019-09-25 05:54:09,775 [RatisPipelineUtilsThread] INFO  pipeline.PipelinePlacementPolicy (PipelinePlacementPolicy.java:meetCriteria(91)) - Pipeline Placement: can't place more pipeline on heavy datanode： 042645b7-d9e3-44d6-a86c-5222fd8d5aba Heaviness: 6 limit: 5
2019-09-25 05:54:09,775 [RatisPipelineUtilsThread] INFO  pipeline.PipelinePlacementPolicy (PipelinePlacementPolicy.java:meetCriteria(91)) - Pipeline Placement: can't place more pipeline on heavy datanode： a8d2df02-a9dc-4b60-9eec-a53a711ba1ae Heaviness: 6 limit: 5
2019-09-25 05:54:09,780 [grpc-default-executor-0] INFO  impl.RaftServerProxy (RaftServerProxy.java:addNew(89)) - 22638597-b9ac-42fc-8d80-a8fc15613fc1: addNew group-F3133D13FF9F:[22638597-b9ac-42fc-8d80-a8fc15613fc1:192.168.5.161:38615] returns group-F3133D13FF9F:java.util.concurrent.CompletableFuture@698c4b58[Not completed]
2019-09-25 05:54:09,781 [pool-47-thread-1] INFO  impl.RaftServerImpl (RaftServerImpl.java:<init>(95)) - 22638597-b9ac-42fc-8d80-a8fc15613fc1: new RaftServerImpl for group-F3133D13FF9F:[22638597-b9ac-42fc-8d80-a8fc15613fc1:192.168.5.161:38615] with ContainerStateMachine:uninitialized
2019-09-25 05:54:09,781 [pool-47-thread-1] INFO  server.RaftServerConfigKeys (ConfUtils.java:logGet(43)) - raft.server.rpc.timeout.min = 5s (custom)
2019-09-25 05:54:09,781 [pool-47-thread-1] INFO  server.RaftServerConfigKeys (ConfUtils.java:logGet(43)) - raft.server.rpc.timeout.max = 5200ms (custom)
2019-09-25 05:54:09,781 [pool-47-thread-1] INFO  server.RaftServerConfigKeys (ConfUtils.java:logGet(43)) - raft.server.rpcslowness.timeout = 120s (custom)
2019-09-25 05:54:09,781 [pool-47-thread-1] INFO  server.RaftServerConfigKeys (ConfUtils.java:logGet(43)) - raft.server.sleep.deviation.threshold = 300 (default)
2019-09-25 05:54:09,781 [pool-47-thread-1] INFO  server.RaftServerConfigKeys (ConfUtils.java:logGet(43)) - raft.server.log.appender.install.snapshot.enabled = false (custom)
2019-09-25 05:54:09,782 [pool-47-thread-1] INFO  impl.RaftServerImpl (ServerState.java:<init>(103)) - 22638597-b9ac-42fc-8d80-a8fc15613fc1@group-F3133D13FF9F: ConfigurationManager, init=-1: [22638597-b9ac-42fc-8d80-a8fc15613fc1:192.168.5.161:38615], old=null, confs=<EMPTY_MAP>
2019-09-25 05:54:09,782 [pool-47-thread-1] INFO  server.RaftServerConfigKeys (ConfUtils.java:logGet(43)) - raft.server.storage.dir = [/workdir/hadoop-ozone/ozonefs/target/test-dir/MiniOzoneClusterImpl-a7a48124-c188-483e-b9a9-787dfdcc7198/datanode-2/data/ratis] (custom)
2019-09-25 05:54:09,782 [pool-47-thread-1] INFO  storage.RaftStorageDirectory (RaftStorageDirectory.java:analyzeStorage(246)) - The storage directory /workdir/hadoop-ozone/ozonefs/target/test-dir/MiniOzoneClusterImpl-a7a48124-c188-483e-b9a9-787dfdcc7198/datanode-2/data/ratis/d010f570-1962-4cbf-bfda-f3133d13ff9f does not exist. Creating ...
2019-09-25 05:54:09,808 [pool-47-thread-1] INFO  storage.RaftStorageDirectory (RaftStorageDirectory.java:tryLock(328)) - Lock on /workdir/hadoop-ozone/ozonefs/target/test-dir/MiniOzoneClusterImpl-a7a48124-c188-483e-b9a9-787dfdcc7198/datanode-2/data/ratis/d010f570-1962-4cbf-bfda-f3133d13ff9f/in_use.lock acquired by nodename 19278@pr-hdds-1569-zxpks-796972592
2019-09-25 05:54:09,823 [pool-47-thread-1] INFO  storage.RaftStorage (RaftStorage.java:format(72)) - Storage directory /workdir/hadoop-ozone/ozonefs/target/test-dir/MiniOzoneClusterImpl-a7a48124-c188-483e-b9a9-787dfdcc7198/datanode-2/data/ratis/d010f570-1962-4cbf-bfda-f3133d13ff9f has been successfully formatted.
2019-09-25 05:54:09,823 [pool-47-thread-1] INFO  ratis.ContainerStateMachine (ContainerStateMachine.java:loadSnapshot(230)) - group-F3133D13FF9F: The snapshot info is null. Setting the last applied indexto:(t:0, i:~)
2019-09-25 05:54:09,823 [pool-47-thread-1] INFO  server.RaftServerConfigKeys (ConfUtils.java:logGet(43)) - raft.server.notification.no-leader.timeout = 120s (custom)
2019-09-25 05:54:09,823 [pool-47-thread-1] INFO  server.RaftServerConfigKeys (ConfUtils.java:logGet(43)) - raft.server.log.use.memory = false (default)
2019-09-25 05:54:09,824 [pool-47-thread-1] INFO  server.RaftServerConfigKeys (ConfUtils.java:logGet(43)) - raft.server.log.purge.gap = 1000000 (custom)
2019-09-25 05:54:09,824 [pool-47-thread-1] INFO  server.RaftServerConfigKeys (ConfUtils.java:logGet(43)) - raft.server.log.appender.buffer.byte-limit = 33554432 (custom)
2019-09-25 05:54:09,824 [pool-47-thread-1] INFO  server.RaftServerConfigKeys (ConfUtils.java:logGet(43)) - raft.server.log.segment.size.max = 1048576 (custom)
2019-09-25 05:54:09,824 [pool-47-thread-1] INFO  server.RaftServerConfigKeys (ConfUtils.java:logGet(43)) - raft.server.log.segment.cache.num.max = 2 (custom)
2019-09-25 05:54:09,824 [pool-47-thread-1] INFO  segmented.SegmentedRaftLogWorker (SegmentedRaftLogWorker.java:<init>(172)) - new 22638597-b9ac-42fc-8d80-a8fc15613fc1@group-F3133D13FF9F-SegmentedRaftLogWorker for RaftStorage:Storage Directory /workdir/hadoop-ozone/ozonefs/target/test-dir/MiniOzoneClusterImpl-a7a48124-c188-483e-b9a9-787dfdcc7198/datanode-2/data/ratis/d010f570-1962-4cbf-bfda-f3133d13ff9f
2019-09-25 05:54:09,824 [pool-47-thread-1] INFO  server.RaftServerConfigKeys (ConfUtils.java:logGet(43)) - raft.server.log.queue.byte-limit = 2147483647 (custom)
2019-09-25 05:54:09,825 [pool-47-thread-1] INFO  server.RaftServerConfigKeys (ConfUtils.java:logGet(43)) - raft.server.log.queue.element-limit = 1024 (custom)
2019-09-25 05:54:09,825 [pool-47-thread-1] INFO  server.RaftServerConfigKeys (ConfUtils.java:logGet(43)) - raft.server.log.segment.size.max = 1048576 (custom)
2019-09-25 05:54:09,825 [pool-47-thread-1] INFO  server.RaftServerConfigKeys (ConfUtils.java:logGet(43)) - raft.server.log.preallocated.size = 16384 (custom)
2019-09-25 05:54:09,825 [pool-47-thread-1] INFO  server.RaftServerConfigKeys (ConfUtils.java:logGet(43)) - raft.server.log.write.buffer.size = 33554432 (custom)
2019-09-25 05:54:09,825 [pool-47-thread-1] INFO  server.RaftServerConfigKeys (ConfUtils.java:logGet(43)) - raft.server.log.force.sync.num = 128 (default)
2019-09-25 05:54:09,825 [pool-47-thread-1] INFO  server.RaftServerConfigKeys (ConfUtils.java:logGet(43)) - raft.server.log.statemachine.data.sync = true (default)
2019-09-25 05:54:09,826 [pool-47-thread-1] INFO  server.RaftServerConfigKeys (ConfUtils.java:logGet(43)) - raft.server.log.statemachine.data.sync.timeout = 10s (default)
2019-09-25 05:54:09,826 [pool-47-thread-1] INFO  server.RaftServerConfigKeys (ConfUtils.java:logGet(43)) - raft.server.log.statemachine.data.sync.timeout.retry = -1 (default)
2019-09-25 05:54:09,826 [pool-47-thread-1] INFO  server.RaftServerConfigKeys (ConfUtils.java:logGet(43)) - raft.server.log.statemachine.data.caching.enabled = true (custom)
2019-09-25 05:54:09,826 [pool-47-thread-1] INFO  segmented.SegmentedRaftLogWorker (SegmentedRaftLogWorker.java:lambda$new$0(132)) - 22638597-b9ac-42fc-8d80-a8fc15613fc1@group-F3133D13FF9F-SegmentedRaftLogWorker: flushIndex: setUnconditionally 0 -> -1
2019-09-25 05:54:09,827 [pool-47-thread-1] INFO  server.RaftServerConfigKeys (ConfUtils.java:logGet(43)) - raft.server.snapshot.auto.trigger.enabled = true (custom)
2019-09-25 05:54:09,827 [pool-47-thread-1] INFO  server.RaftServerConfigKeys (ConfUtils.java:logGet(43)) - raft.server.snapshot.auto.trigger.threshold = 10000 (custom)
2019-09-25 05:54:09,827 [pool-47-thread-1] INFO  server.RaftServerConfigKeys (ConfUtils.java:logGet(43)) - raft.server.snapshot.retention.num.files = 5 (custom)
2019-09-25 05:54:09,827 [pool-47-thread-1] INFO  server.RaftServerConfigKeys (ConfUtils.java:logGet(43)) - raft.server.retrycache.expirytime = 600000ms (custom)
2019-09-25 05:54:09,829 [pool-47-thread-1] INFO  impl.RaftServerImpl (RaftServerImpl.java:start(185)) - 22638597-b9ac-42fc-8d80-a8fc15613fc1@group-F3133D13FF9F: start as a follower, conf=-1: [22638597-b9ac-42fc-8d80-a8fc15613fc1:192.168.5.161:38615], old=null
2019-09-25 05:54:09,830 [pool-47-thread-1] INFO  impl.RaftServerImpl (RaftServerImpl.java:setRole(174)) - 22638597-b9ac-42fc-8d80-a8fc15613fc1@group-F3133D13FF9F: changes role from      null to FOLLOWER at term 0 for startAsFollower
2019-09-25 05:54:09,830 [pool-47-thread-1] INFO  impl.RoleInfo (RoleInfo.java:updateAndGet(143)) - 22638597-b9ac-42fc-8d80-a8fc15613fc1: start FollowerState
2019-09-25 05:54:09,830 [pool-47-thread-1] INFO  util.JmxRegister (JmxRegister.java:tryRegister(44)) - Successfully registered JMX Bean with object name Ratis:service=RaftServer,group=group-F3133D13FF9F,id=22638597-b9ac-42fc-8d80-a8fc15613fc1
2019-09-25 05:54:09,833 [RatisPipelineUtilsThread] INFO  pipeline.PipelineStateManager (PipelineStateManager.java:addPipeline(56)) - Created pipeline Pipeline[ Id: d010f570-1962-4cbf-bfda-f3133d13ff9f, Nodes: 22638597-b9ac-42fc-8d80-a8fc15613fc1{ip: 192.168.5.161, host: pr-hdds-1569-zxpks-796972592, networkLocation: /default-rack, certSerialId: null}, Type:RATIS, Factor:ONE, State:OPEN]
2019-09-25 05:54:09,833 [RatisPipelineUtilsThread] INFO  pipeline.PipelinePlacementPolicy (PipelinePlacementPolicy.java:meetCriteria(91)) - Pipeline Placement: can't place more pipeline on heavy datanode： f28e89b6-3953-4014-b5dd-5d7c12bc90a1 Heaviness: 6 limit: 5
2019-09-25 05:54:09,833 [RatisPipelineUtilsThread] INFO  pipeline.PipelinePlacementPolicy (PipelinePlacementPolicy.java:meetCriteria(91)) - Pipeline Placement: can't place more pipeline on heavy datanode： 169f835a-5a51-4a80-ac17-f8139cf3a6e7 Heaviness: 6 limit: 5
2019-09-25 05:54:09,834 [RatisPipelineUtilsThread] INFO  pipeline.PipelinePlacementPolicy (PipelinePlacementPolicy.java:meetCriteria(91)) - Pipeline Placement: can't place more pipeline on heavy datanode： a171a438-4db2-4a15-a03d-8d01a40a69ad Heaviness: 6 limit: 5
2019-09-25 05:54:09,834 [RatisPipelineUtilsThread] INFO  pipeline.PipelinePlacementPolicy (PipelinePlacementPolicy.java:meetCriteria(91)) - Pipeline Placement: can't place more pipeline on heavy datanode： f15c9da4-41cd-4d3b-befd-f91bd6a8ef15 Heaviness: 6 limit: 5
2019-09-25 05:54:09,834 [RatisPipelineUtilsThread] INFO  pipeline.PipelinePlacementPolicy (PipelinePlacementPolicy.java:meetCriteria(91)) - Pipeline Placement: can't place more pipeline on heavy datanode： 22638597-b9ac-42fc-8d80-a8fc15613fc1 Heaviness: 6 limit: 5
2019-09-25 05:54:09,834 [RatisPipelineUtilsThread] INFO  pipeline.PipelinePlacementPolicy (PipelinePlacementPolicy.java:meetCriteria(91)) - Pipeline Placement: can't place more pipeline on heavy datanode： 9b45984a-e801-4994-8f0b-759bb773fda3 Heaviness: 6 limit: 5
2019-09-25 05:54:09,834 [RatisPipelineUtilsThread] INFO  pipeline.PipelinePlacementPolicy (PipelinePlacementPolicy.java:meetCriteria(91)) - Pipeline Placement: can't place more pipeline on heavy datanode： 042645b7-d9e3-44d6-a86c-5222fd8d5aba Heaviness: 6 limit: 5
2019-09-25 05:54:09,834 [RatisPipelineUtilsThread] INFO  pipeline.PipelinePlacementPolicy (PipelinePlacementPolicy.java:meetCriteria(91)) - Pipeline Placement: can't place more pipeline on heavy datanode： a8d2df02-a9dc-4b60-9eec-a53a711ba1ae Heaviness: 6 limit: 5
2019-09-25 05:54:09,840 [grpc-default-executor-0] INFO  impl.RaftServerProxy (RaftServerProxy.java:addNew(89)) - 58f3e057-a7b1-43f9-accd-a9f9efdb249b: addNew group-D2EB3210C45C:[58f3e057-a7b1-43f9-accd-a9f9efdb249b:192.168.5.161:39965] returns group-D2EB3210C45C:java.util.concurrent.CompletableFuture@4f40874a[Not completed]
2019-09-25 05:54:09,841 [pool-107-thread-1] INFO  impl.RaftServerImpl (RaftServerImpl.java:<init>(95)) - 58f3e057-a7b1-43f9-accd-a9f9efdb249b: new RaftServerImpl for group-D2EB3210C45C:[58f3e057-a7b1-43f9-accd-a9f9efdb249b:192.168.5.161:39965] with ContainerStateMachine:uninitialized
2019-09-25 05:54:09,841 [pool-107-thread-1] INFO  server.RaftServerConfigKeys (ConfUtils.java:logGet(43)) - raft.server.rpc.timeout.min = 5s (custom)
2019-09-25 05:54:09,842 [pool-107-thread-1] INFO  server.RaftServerConfigKeys (ConfUtils.java:logGet(43)) - raft.server.rpc.timeout.max = 5200ms (custom)
2019-09-25 05:54:09,842 [pool-107-thread-1] INFO  server.RaftServerConfigKeys (ConfUtils.java:logGet(43)) - raft.server.rpcslowness.timeout = 120s (custom)
2019-09-25 05:54:09,842 [pool-107-thread-1] INFO  server.RaftServerConfigKeys (ConfUtils.java:logGet(43)) - raft.server.sleep.deviation.threshold = 300 (default)
2019-09-25 05:54:09,842 [pool-107-thread-1] INFO  server.RaftServerConfigKeys (ConfUtils.java:logGet(43)) - raft.server.log.appender.install.snapshot.enabled = false (custom)
2019-09-25 05:54:09,842 [pool-107-thread-1] INFO  impl.RaftServerImpl (ServerState.java:<init>(103)) - 58f3e057-a7b1-43f9-accd-a9f9efdb249b@group-D2EB3210C45C: ConfigurationManager, init=-1: [58f3e057-a7b1-43f9-accd-a9f9efdb249b:192.168.5.161:39965], old=null, confs=<EMPTY_MAP>
2019-09-25 05:54:09,843 [pool-107-thread-1] INFO  server.RaftServerConfigKeys (ConfUtils.java:logGet(43)) - raft.server.storage.dir = [/workdir/hadoop-ozone/ozonefs/target/test-dir/MiniOzoneClusterImpl-a7a48124-c188-483e-b9a9-787dfdcc7198/datanode-8/data/ratis] (custom)
2019-09-25 05:54:09,843 [pool-107-thread-1] INFO  storage.RaftStorageDirectory (RaftStorageDirectory.java:analyzeStorage(246)) - The storage directory /workdir/hadoop-ozone/ozonefs/target/test-dir/MiniOzoneClusterImpl-a7a48124-c188-483e-b9a9-787dfdcc7198/datanode-8/data/ratis/72763cec-e20b-48c4-a86c-d2eb3210c45c does not exist. Creating ...
2019-09-25 05:54:09,856 [pool-107-thread-1] INFO  storage.RaftStorageDirectory (RaftStorageDirectory.java:tryLock(328)) - Lock on /workdir/hadoop-ozone/ozonefs/target/test-dir/MiniOzoneClusterImpl-a7a48124-c188-483e-b9a9-787dfdcc7198/datanode-8/data/ratis/72763cec-e20b-48c4-a86c-d2eb3210c45c/in_use.lock acquired by nodename 19278@pr-hdds-1569-zxpks-796972592
2019-09-25 05:54:09,869 [pool-107-thread-1] INFO  storage.RaftStorage (RaftStorage.java:format(72)) - Storage directory /workdir/hadoop-ozone/ozonefs/target/test-dir/MiniOzoneClusterImpl-a7a48124-c188-483e-b9a9-787dfdcc7198/datanode-8/data/ratis/72763cec-e20b-48c4-a86c-d2eb3210c45c has been successfully formatted.
2019-09-25 05:54:09,869 [pool-107-thread-1] INFO  ratis.ContainerStateMachine (ContainerStateMachine.java:loadSnapshot(230)) - group-D2EB3210C45C: The snapshot info is null. Setting the last applied indexto:(t:0, i:~)
2019-09-25 05:54:09,870 [pool-107-thread-1] INFO  server.RaftServerConfigKeys (ConfUtils.java:logGet(43)) - raft.server.notification.no-leader.timeout = 120s (custom)
2019-09-25 05:54:09,870 [pool-107-thread-1] INFO  server.RaftServerConfigKeys (ConfUtils.java:logGet(43)) - raft.server.log.use.memory = false (default)
2019-09-25 05:54:09,870 [pool-107-thread-1] INFO  server.RaftServerConfigKeys (ConfUtils.java:logGet(43)) - raft.server.log.purge.gap = 1000000 (custom)
2019-09-25 05:54:09,870 [pool-107-thread-1] INFO  server.RaftServerConfigKeys (ConfUtils.java:logGet(43)) - raft.server.log.appender.buffer.byte-limit = 33554432 (custom)
2019-09-25 05:54:09,870 [pool-107-thread-1] INFO  server.RaftServerConfigKeys (ConfUtils.java:logGet(43)) - raft.server.log.segment.size.max = 1048576 (custom)
2019-09-25 05:54:09,870 [pool-107-thread-1] INFO  server.RaftServerConfigKeys (ConfUtils.java:logGet(43)) - raft.server.log.segment.cache.num.max = 2 (custom)
2019-09-25 05:54:09,870 [pool-107-thread-1] INFO  segmented.SegmentedRaftLogWorker (SegmentedRaftLogWorker.java:<init>(172)) - new 58f3e057-a7b1-43f9-accd-a9f9efdb249b@group-D2EB3210C45C-SegmentedRaftLogWorker for RaftStorage:Storage Directory /workdir/hadoop-ozone/ozonefs/target/test-dir/MiniOzoneClusterImpl-a7a48124-c188-483e-b9a9-787dfdcc7198/datanode-8/data/ratis/72763cec-e20b-48c4-a86c-d2eb3210c45c
2019-09-25 05:54:09,871 [pool-107-thread-1] INFO  server.RaftServerConfigKeys (ConfUtils.java:logGet(43)) - raft.server.log.queue.byte-limit = 2147483647 (custom)
2019-09-25 05:54:09,871 [pool-107-thread-1] INFO  server.RaftServerConfigKeys (ConfUtils.java:logGet(43)) - raft.server.log.queue.element-limit = 1024 (custom)
2019-09-25 05:54:09,871 [pool-107-thread-1] INFO  server.RaftServerConfigKeys (ConfUtils.java:logGet(43)) - raft.server.log.segment.size.max = 1048576 (custom)
2019-09-25 05:54:09,871 [pool-107-thread-1] INFO  server.RaftServerConfigKeys (ConfUtils.java:logGet(43)) - raft.server.log.preallocated.size = 16384 (custom)
2019-09-25 05:54:09,871 [pool-107-thread-1] INFO  server.RaftServerConfigKeys (ConfUtils.java:logGet(43)) - raft.server.log.write.buffer.size = 33554432 (custom)
2019-09-25 05:54:09,871 [pool-107-thread-1] INFO  server.RaftServerConfigKeys (ConfUtils.java:logGet(43)) - raft.server.log.force.sync.num = 128 (default)
2019-09-25 05:54:09,871 [pool-107-thread-1] INFO  server.RaftServerConfigKeys (ConfUtils.java:logGet(43)) - raft.server.log.statemachine.data.sync = true (default)
2019-09-25 05:54:09,872 [pool-107-thread-1] INFO  server.RaftServerConfigKeys (ConfUtils.java:logGet(43)) - raft.server.log.statemachine.data.sync.timeout = 10s (default)
2019-09-25 05:54:09,872 [pool-107-thread-1] INFO  server.RaftServerConfigKeys (ConfUtils.java:logGet(43)) - raft.server.log.statemachine.data.sync.timeout.retry = -1 (default)
2019-09-25 05:54:09,872 [pool-107-thread-1] INFO  server.RaftServerConfigKeys (ConfUtils.java:logGet(43)) - raft.server.log.statemachine.data.caching.enabled = true (custom)
2019-09-25 05:54:09,872 [pool-107-thread-1] INFO  segmented.SegmentedRaftLogWorker (SegmentedRaftLogWorker.java:lambda$new$0(132)) - 58f3e057-a7b1-43f9-accd-a9f9efdb249b@group-D2EB3210C45C-SegmentedRaftLogWorker: flushIndex: setUnconditionally 0 -> -1
2019-09-25 05:54:09,873 [pool-107-thread-1] INFO  server.RaftServerConfigKeys (ConfUtils.java:logGet(43)) - raft.server.snapshot.auto.trigger.enabled = true (custom)
2019-09-25 05:54:09,873 [pool-107-thread-1] INFO  server.RaftServerConfigKeys (ConfUtils.java:logGet(43)) - raft.server.snapshot.auto.trigger.threshold = 10000 (custom)
2019-09-25 05:54:09,873 [pool-107-thread-1] INFO  server.RaftServerConfigKeys (ConfUtils.java:logGet(43)) - raft.server.snapshot.retention.num.files = 5 (custom)
2019-09-25 05:54:09,873 [pool-107-thread-1] INFO  server.RaftServerConfigKeys (ConfUtils.java:logGet(43)) - raft.server.retrycache.expirytime = 600000ms (custom)
2019-09-25 05:54:09,876 [pool-107-thread-1] INFO  impl.RaftServerImpl (RaftServerImpl.java:start(185)) - 58f3e057-a7b1-43f9-accd-a9f9efdb249b@group-D2EB3210C45C: start as a follower, conf=-1: [58f3e057-a7b1-43f9-accd-a9f9efdb249b:192.168.5.161:39965], old=null
2019-09-25 05:54:09,876 [pool-107-thread-1] INFO  impl.RaftServerImpl (RaftServerImpl.java:setRole(174)) - 58f3e057-a7b1-43f9-accd-a9f9efdb249b@group-D2EB3210C45C: changes role from      null to FOLLOWER at term 0 for startAsFollower
2019-09-25 05:54:09,876 [pool-107-thread-1] INFO  impl.RoleInfo (RoleInfo.java:updateAndGet(143)) - 58f3e057-a7b1-43f9-accd-a9f9efdb249b: start FollowerState
2019-09-25 05:54:09,876 [pool-107-thread-1] INFO  util.JmxRegister (JmxRegister.java:tryRegister(44)) - Successfully registered JMX Bean with object name Ratis:service=RaftServer,group=group-D2EB3210C45C,id=58f3e057-a7b1-43f9-accd-a9f9efdb249b
2019-09-25 05:54:09,879 [RatisPipelineUtilsThread] INFO  pipeline.PipelineStateManager (PipelineStateManager.java:addPipeline(56)) - Created pipeline Pipeline[ Id: 72763cec-e20b-48c4-a86c-d2eb3210c45c, Nodes: 58f3e057-a7b1-43f9-accd-a9f9efdb249b{ip: 192.168.5.161, host: pr-hdds-1569-zxpks-796972592, networkLocation: /default-rack, certSerialId: null}, Type:RATIS, Factor:ONE, State:OPEN]
2019-09-25 05:54:09,880 [RatisPipelineUtilsThread] INFO  pipeline.PipelinePlacementPolicy (PipelinePlacementPolicy.java:meetCriteria(91)) - Pipeline Placement: can't place more pipeline on heavy datanode： f28e89b6-3953-4014-b5dd-5d7c12bc90a1 Heaviness: 6 limit: 5
2019-09-25 05:54:09,880 [RatisPipelineUtilsThread] INFO  pipeline.PipelinePlacementPolicy (PipelinePlacementPolicy.java:meetCriteria(91)) - Pipeline Placement: can't place more pipeline on heavy datanode： 169f835a-5a51-4a80-ac17-f8139cf3a6e7 Heaviness: 6 limit: 5
2019-09-25 05:54:09,880 [RatisPipelineUtilsThread] INFO  pipeline.PipelinePlacementPolicy (PipelinePlacementPolicy.java:meetCriteria(91)) - Pipeline Placement: can't place more pipeline on heavy datanode： a171a438-4db2-4a15-a03d-8d01a40a69ad Heaviness: 6 limit: 5
2019-09-25 05:54:09,880 [RatisPipelineUtilsThread] INFO  pipeline.PipelinePlacementPolicy (PipelinePlacementPolicy.java:meetCriteria(91)) - Pipeline Placement: can't place more pipeline on heavy datanode： f15c9da4-41cd-4d3b-befd-f91bd6a8ef15 Heaviness: 6 limit: 5
2019-09-25 05:54:09,880 [RatisPipelineUtilsThread] INFO  pipeline.PipelinePlacementPolicy (PipelinePlacementPolicy.java:meetCriteria(91)) - Pipeline Placement: can't place more pipeline on heavy datanode： 22638597-b9ac-42fc-8d80-a8fc15613fc1 Heaviness: 6 limit: 5
2019-09-25 05:54:09,880 [RatisPipelineUtilsThread] INFO  pipeline.PipelinePlacementPolicy (PipelinePlacementPolicy.java:meetCriteria(91)) - Pipeline Placement: can't place more pipeline on heavy datanode： 9b45984a-e801-4994-8f0b-759bb773fda3 Heaviness: 6 limit: 5
2019-09-25 05:54:09,881 [RatisPipelineUtilsThread] INFO  pipeline.PipelinePlacementPolicy (PipelinePlacementPolicy.java:meetCriteria(91)) - Pipeline Placement: can't place more pipeline on heavy datanode： 042645b7-d9e3-44d6-a86c-5222fd8d5aba Heaviness: 6 limit: 5
2019-09-25 05:54:09,881 [RatisPipelineUtilsThread] INFO  pipeline.PipelinePlacementPolicy (PipelinePlacementPolicy.java:meetCriteria(91)) - Pipeline Placement: can't place more pipeline on heavy datanode： a8d2df02-a9dc-4b60-9eec-a53a711ba1ae Heaviness: 6 limit: 5
2019-09-25 05:54:09,891 [grpc-default-executor-0] INFO  impl.RaftServerProxy (RaftServerProxy.java:addNew(89)) - faa7f77f-6684-4b53-8a7a-61c7fb9cb7f4: addNew group-5520711078DA:[faa7f77f-6684-4b53-8a7a-61c7fb9cb7f4:192.168.5.161:41397] returns group-5520711078DA:java.util.concurrent.CompletableFuture@63789fc2[Not completed]
2019-09-25 05:54:09,908 [pool-117-thread-1] INFO  impl.RaftServerImpl (RaftServerImpl.java:<init>(95)) - faa7f77f-6684-4b53-8a7a-61c7fb9cb7f4: new RaftServerImpl for group-5520711078DA:[faa7f77f-6684-4b53-8a7a-61c7fb9cb7f4:192.168.5.161:41397] with ContainerStateMachine:uninitialized
2019-09-25 05:54:09,908 [pool-117-thread-1] INFO  server.RaftServerConfigKeys (ConfUtils.java:logGet(43)) - raft.server.rpc.timeout.min = 5s (custom)
2019-09-25 05:54:09,909 [pool-117-thread-1] INFO  server.RaftServerConfigKeys (ConfUtils.java:logGet(43)) - raft.server.rpc.timeout.max = 5200ms (custom)
2019-09-25 05:54:09,909 [pool-117-thread-1] INFO  server.RaftServerConfigKeys (ConfUtils.java:logGet(43)) - raft.server.rpcslowness.timeout = 120s (custom)
2019-09-25 05:54:09,909 [pool-117-thread-1] INFO  server.RaftServerConfigKeys (ConfUtils.java:logGet(43)) - raft.server.sleep.deviation.threshold = 300 (default)
2019-09-25 05:54:09,909 [pool-117-thread-1] INFO  server.RaftServerConfigKeys (ConfUtils.java:logGet(43)) - raft.server.log.appender.install.snapshot.enabled = false (custom)
2019-09-25 05:54:09,909 [pool-117-thread-1] INFO  impl.RaftServerImpl (ServerState.java:<init>(103)) - faa7f77f-6684-4b53-8a7a-61c7fb9cb7f4@group-5520711078DA: ConfigurationManager, init=-1: [faa7f77f-6684-4b53-8a7a-61c7fb9cb7f4:192.168.5.161:41397], old=null, confs=<EMPTY_MAP>
2019-09-25 05:54:09,909 [pool-117-thread-1] INFO  server.RaftServerConfigKeys (ConfUtils.java:logGet(43)) - raft.server.storage.dir = [/workdir/hadoop-ozone/ozonefs/target/test-dir/MiniOzoneClusterImpl-a7a48124-c188-483e-b9a9-787dfdcc7198/datanode-9/data/ratis] (custom)
2019-09-25 05:54:09,910 [pool-117-thread-1] INFO  storage.RaftStorageDirectory (RaftStorageDirectory.java:analyzeStorage(246)) - The storage directory /workdir/hadoop-ozone/ozonefs/target/test-dir/MiniOzoneClusterImpl-a7a48124-c188-483e-b9a9-787dfdcc7198/datanode-9/data/ratis/649a79b4-83ae-4ad9-ab4e-5520711078da does not exist. Creating ...
2019-09-25 05:54:09,924 [pool-117-thread-1] INFO  storage.RaftStorageDirectory (RaftStorageDirectory.java:tryLock(328)) - Lock on /workdir/hadoop-ozone/ozonefs/target/test-dir/MiniOzoneClusterImpl-a7a48124-c188-483e-b9a9-787dfdcc7198/datanode-9/data/ratis/649a79b4-83ae-4ad9-ab4e-5520711078da/in_use.lock acquired by nodename 19278@pr-hdds-1569-zxpks-796972592
2019-09-25 05:54:09,937 [pool-117-thread-1] INFO  storage.RaftStorage (RaftStorage.java:format(72)) - Storage directory /workdir/hadoop-ozone/ozonefs/target/test-dir/MiniOzoneClusterImpl-a7a48124-c188-483e-b9a9-787dfdcc7198/datanode-9/data/ratis/649a79b4-83ae-4ad9-ab4e-5520711078da has been successfully formatted.
2019-09-25 05:54:09,938 [pool-117-thread-1] INFO  ratis.ContainerStateMachine (ContainerStateMachine.java:loadSnapshot(230)) - group-5520711078DA: The snapshot info is null. Setting the last applied indexto:(t:0, i:~)
2019-09-25 05:54:09,938 [pool-117-thread-1] INFO  server.RaftServerConfigKeys (ConfUtils.java:logGet(43)) - raft.server.notification.no-leader.timeout = 120s (custom)
2019-09-25 05:54:09,938 [pool-117-thread-1] INFO  server.RaftServerConfigKeys (ConfUtils.java:logGet(43)) - raft.server.log.use.memory = false (default)
2019-09-25 05:54:09,938 [pool-117-thread-1] INFO  server.RaftServerConfigKeys (ConfUtils.java:logGet(43)) - raft.server.log.purge.gap = 1000000 (custom)
2019-09-25 05:54:09,938 [pool-117-thread-1] INFO  server.RaftServerConfigKeys (ConfUtils.java:logGet(43)) - raft.server.log.appender.buffer.byte-limit = 33554432 (custom)
2019-09-25 05:54:09,938 [pool-117-thread-1] INFO  server.RaftServerConfigKeys (ConfUtils.java:logGet(43)) - raft.server.log.segment.size.max = 1048576 (custom)
2019-09-25 05:54:09,939 [pool-117-thread-1] INFO  server.RaftServerConfigKeys (ConfUtils.java:logGet(43)) - raft.server.log.segment.cache.num.max = 2 (custom)
2019-09-25 05:54:09,939 [pool-117-thread-1] INFO  segmented.SegmentedRaftLogWorker (SegmentedRaftLogWorker.java:<init>(172)) - new faa7f77f-6684-4b53-8a7a-61c7fb9cb7f4@group-5520711078DA-SegmentedRaftLogWorker for RaftStorage:Storage Directory /workdir/hadoop-ozone/ozonefs/target/test-dir/MiniOzoneClusterImpl-a7a48124-c188-483e-b9a9-787dfdcc7198/datanode-9/data/ratis/649a79b4-83ae-4ad9-ab4e-5520711078da
2019-09-25 05:54:09,942 [pool-117-thread-1] INFO  server.RaftServerConfigKeys (ConfUtils.java:logGet(43)) - raft.server.log.queue.byte-limit = 2147483647 (custom)
2019-09-25 05:54:09,942 [pool-117-thread-1] INFO  server.RaftServerConfigKeys (ConfUtils.java:logGet(43)) - raft.server.log.queue.element-limit = 1024 (custom)
2019-09-25 05:54:09,942 [pool-117-thread-1] INFO  server.RaftServerConfigKeys (ConfUtils.java:logGet(43)) - raft.server.log.segment.size.max = 1048576 (custom)
2019-09-25 05:54:09,942 [pool-117-thread-1] INFO  server.RaftServerConfigKeys (ConfUtils.java:logGet(43)) - raft.server.log.preallocated.size = 16384 (custom)
2019-09-25 05:54:09,942 [pool-117-thread-1] INFO  server.RaftServerConfigKeys (ConfUtils.java:logGet(43)) - raft.server.log.write.buffer.size = 33554432 (custom)
2019-09-25 05:54:09,942 [pool-117-thread-1] INFO  server.RaftServerConfigKeys (ConfUtils.java:logGet(43)) - raft.server.log.force.sync.num = 128 (default)
2019-09-25 05:54:09,943 [pool-117-thread-1] INFO  server.RaftServerConfigKeys (ConfUtils.java:logGet(43)) - raft.server.log.statemachine.data.sync = true (default)
2019-09-25 05:54:09,943 [pool-117-thread-1] INFO  server.RaftServerConfigKeys (ConfUtils.java:logGet(43)) - raft.server.log.statemachine.data.sync.timeout = 10s (default)
2019-09-25 05:54:09,943 [pool-117-thread-1] INFO  server.RaftServerConfigKeys (ConfUtils.java:logGet(43)) - raft.server.log.statemachine.data.sync.timeout.retry = -1 (default)
2019-09-25 05:54:09,943 [pool-117-thread-1] INFO  server.RaftServerConfigKeys (ConfUtils.java:logGet(43)) - raft.server.log.statemachine.data.caching.enabled = true (custom)
2019-09-25 05:54:09,944 [pool-117-thread-1] INFO  segmented.SegmentedRaftLogWorker (SegmentedRaftLogWorker.java:lambda$new$0(132)) - faa7f77f-6684-4b53-8a7a-61c7fb9cb7f4@group-5520711078DA-SegmentedRaftLogWorker: flushIndex: setUnconditionally 0 -> -1
2019-09-25 05:54:09,944 [pool-117-thread-1] INFO  server.RaftServerConfigKeys (ConfUtils.java:logGet(43)) - raft.server.snapshot.auto.trigger.enabled = true (custom)
2019-09-25 05:54:09,944 [pool-117-thread-1] INFO  server.RaftServerConfigKeys (ConfUtils.java:logGet(43)) - raft.server.snapshot.auto.trigger.threshold = 10000 (custom)
2019-09-25 05:54:09,944 [pool-117-thread-1] INFO  server.RaftServerConfigKeys (ConfUtils.java:logGet(43)) - raft.server.snapshot.retention.num.files = 5 (custom)
2019-09-25 05:54:09,945 [pool-117-thread-1] INFO  server.RaftServerConfigKeys (ConfUtils.java:logGet(43)) - raft.server.retrycache.expirytime = 600000ms (custom)
2019-09-25 05:54:09,947 [pool-117-thread-1] INFO  impl.RaftServerImpl (RaftServerImpl.java:start(185)) - faa7f77f-6684-4b53-8a7a-61c7fb9cb7f4@group-5520711078DA: start as a follower, conf=-1: [faa7f77f-6684-4b53-8a7a-61c7fb9cb7f4:192.168.5.161:41397], old=null
2019-09-25 05:54:09,947 [pool-117-thread-1] INFO  impl.RaftServerImpl (RaftServerImpl.java:setRole(174)) - faa7f77f-6684-4b53-8a7a-61c7fb9cb7f4@group-5520711078DA: changes role from      null to FOLLOWER at term 0 for startAsFollower
2019-09-25 05:54:09,948 [pool-117-thread-1] INFO  impl.RoleInfo (RoleInfo.java:updateAndGet(143)) - faa7f77f-6684-4b53-8a7a-61c7fb9cb7f4: start FollowerState
2019-09-25 05:54:09,948 [pool-117-thread-1] INFO  util.JmxRegister (JmxRegister.java:tryRegister(44)) - Successfully registered JMX Bean with object name Ratis:service=RaftServer,group=group-5520711078DA,id=faa7f77f-6684-4b53-8a7a-61c7fb9cb7f4
2019-09-25 05:54:09,951 [RatisPipelineUtilsThread] INFO  pipeline.PipelineStateManager (PipelineStateManager.java:addPipeline(56)) - Created pipeline Pipeline[ Id: 649a79b4-83ae-4ad9-ab4e-5520711078da, Nodes: faa7f77f-6684-4b53-8a7a-61c7fb9cb7f4{ip: 192.168.5.161, host: pr-hdds-1569-zxpks-796972592, networkLocation: /default-rack, certSerialId: null}, Type:RATIS, Factor:ONE, State:OPEN]
2019-09-25 05:54:09,952 [RatisPipelineUtilsThread] INFO  pipeline.PipelinePlacementPolicy (PipelinePlacementPolicy.java:meetCriteria(91)) - Pipeline Placement: can't place more pipeline on heavy datanode： f28e89b6-3953-4014-b5dd-5d7c12bc90a1 Heaviness: 6 limit: 5
2019-09-25 05:54:09,952 [RatisPipelineUtilsThread] INFO  pipeline.PipelinePlacementPolicy (PipelinePlacementPolicy.java:meetCriteria(91)) - Pipeline Placement: can't place more pipeline on heavy datanode： 169f835a-5a51-4a80-ac17-f8139cf3a6e7 Heaviness: 6 limit: 5
2019-09-25 05:54:09,952 [RatisPipelineUtilsThread] INFO  pipeline.PipelinePlacementPolicy (PipelinePlacementPolicy.java:meetCriteria(91)) - Pipeline Placement: can't place more pipeline on heavy datanode： a171a438-4db2-4a15-a03d-8d01a40a69ad Heaviness: 6 limit: 5
2019-09-25 05:54:09,952 [RatisPipelineUtilsThread] INFO  pipeline.PipelinePlacementPolicy (PipelinePlacementPolicy.java:meetCriteria(91)) - Pipeline Placement: can't place more pipeline on heavy datanode： f15c9da4-41cd-4d3b-befd-f91bd6a8ef15 Heaviness: 6 limit: 5
2019-09-25 05:54:09,952 [RatisPipelineUtilsThread] INFO  pipeline.PipelinePlacementPolicy (PipelinePlacementPolicy.java:meetCriteria(91)) - Pipeline Placement: can't place more pipeline on heavy datanode： 22638597-b9ac-42fc-8d80-a8fc15613fc1 Heaviness: 6 limit: 5
2019-09-25 05:54:09,952 [RatisPipelineUtilsThread] INFO  pipeline.PipelinePlacementPolicy (PipelinePlacementPolicy.java:meetCriteria(91)) - Pipeline Placement: can't place more pipeline on heavy datanode： 9b45984a-e801-4994-8f0b-759bb773fda3 Heaviness: 6 limit: 5
2019-09-25 05:54:09,953 [RatisPipelineUtilsThread] INFO  pipeline.PipelinePlacementPolicy (PipelinePlacementPolicy.java:meetCriteria(91)) - Pipeline Placement: can't place more pipeline on heavy datanode： 042645b7-d9e3-44d6-a86c-5222fd8d5aba Heaviness: 6 limit: 5
2019-09-25 05:54:09,953 [RatisPipelineUtilsThread] INFO  pipeline.PipelinePlacementPolicy (PipelinePlacementPolicy.java:meetCriteria(91)) - Pipeline Placement: can't place more pipeline on heavy datanode： a8d2df02-a9dc-4b60-9eec-a53a711ba1ae Heaviness: 6 limit: 5
2019-09-25 05:54:09,958 [grpc-default-executor-0] INFO  impl.RaftServerProxy (RaftServerProxy.java:addNew(89)) - 58f3e057-a7b1-43f9-accd-a9f9efdb249b: addNew group-0F18AF64A1B6:[58f3e057-a7b1-43f9-accd-a9f9efdb249b:192.168.5.161:39965] returns group-0F18AF64A1B6:java.util.concurrent.CompletableFuture@7b4f6159[Not completed]
2019-09-25 05:54:09,959 [pool-107-thread-1] INFO  impl.RaftServerImpl (RaftServerImpl.java:<init>(95)) - 58f3e057-a7b1-43f9-accd-a9f9efdb249b: new RaftServerImpl for group-0F18AF64A1B6:[58f3e057-a7b1-43f9-accd-a9f9efdb249b:192.168.5.161:39965] with ContainerStateMachine:uninitialized
2019-09-25 05:54:09,960 [pool-107-thread-1] INFO  server.RaftServerConfigKeys (ConfUtils.java:logGet(43)) - raft.server.rpc.timeout.min = 5s (custom)
2019-09-25 05:54:09,960 [pool-107-thread-1] INFO  server.RaftServerConfigKeys (ConfUtils.java:logGet(43)) - raft.server.rpc.timeout.max = 5200ms (custom)
2019-09-25 05:54:09,960 [pool-107-thread-1] INFO  server.RaftServerConfigKeys (ConfUtils.java:logGet(43)) - raft.server.rpcslowness.timeout = 120s (custom)
2019-09-25 05:54:09,960 [pool-107-thread-1] INFO  server.RaftServerConfigKeys (ConfUtils.java:logGet(43)) - raft.server.sleep.deviation.threshold = 300 (default)
2019-09-25 05:54:09,960 [pool-107-thread-1] INFO  server.RaftServerConfigKeys (ConfUtils.java:logGet(43)) - raft.server.log.appender.install.snapshot.enabled = false (custom)
2019-09-25 05:54:09,960 [pool-107-thread-1] INFO  impl.RaftServerImpl (ServerState.java:<init>(103)) - 58f3e057-a7b1-43f9-accd-a9f9efdb249b@group-0F18AF64A1B6: ConfigurationManager, init=-1: [58f3e057-a7b1-43f9-accd-a9f9efdb249b:192.168.5.161:39965], old=null, confs=<EMPTY_MAP>
2019-09-25 05:54:09,960 [pool-107-thread-1] INFO  server.RaftServerConfigKeys (ConfUtils.java:logGet(43)) - raft.server.storage.dir = [/workdir/hadoop-ozone/ozonefs/target/test-dir/MiniOzoneClusterImpl-a7a48124-c188-483e-b9a9-787dfdcc7198/datanode-8/data/ratis] (custom)
2019-09-25 05:54:09,961 [pool-107-thread-1] INFO  storage.RaftStorageDirectory (RaftStorageDirectory.java:analyzeStorage(246)) - The storage directory /workdir/hadoop-ozone/ozonefs/target/test-dir/MiniOzoneClusterImpl-a7a48124-c188-483e-b9a9-787dfdcc7198/datanode-8/data/ratis/d9e35686-daf6-46a8-9ede-0f18af64a1b6 does not exist. Creating ...
2019-09-25 05:54:09,973 [pool-107-thread-1] INFO  storage.RaftStorageDirectory (RaftStorageDirectory.java:tryLock(328)) - Lock on /workdir/hadoop-ozone/ozonefs/target/test-dir/MiniOzoneClusterImpl-a7a48124-c188-483e-b9a9-787dfdcc7198/datanode-8/data/ratis/d9e35686-daf6-46a8-9ede-0f18af64a1b6/in_use.lock acquired by nodename 19278@pr-hdds-1569-zxpks-796972592
2019-09-25 05:54:09,986 [pool-107-thread-1] INFO  storage.RaftStorage (RaftStorage.java:format(72)) - Storage directory /workdir/hadoop-ozone/ozonefs/target/test-dir/MiniOzoneClusterImpl-a7a48124-c188-483e-b9a9-787dfdcc7198/datanode-8/data/ratis/d9e35686-daf6-46a8-9ede-0f18af64a1b6 has been successfully formatted.
2019-09-25 05:54:09,986 [pool-107-thread-1] INFO  ratis.ContainerStateMachine (ContainerStateMachine.java:loadSnapshot(230)) - group-0F18AF64A1B6: The snapshot info is null. Setting the last applied indexto:(t:0, i:~)
2019-09-25 05:54:09,986 [pool-107-thread-1] INFO  server.RaftServerConfigKeys (ConfUtils.java:logGet(43)) - raft.server.notification.no-leader.timeout = 120s (custom)
2019-09-25 05:54:09,986 [pool-107-thread-1] INFO  server.RaftServerConfigKeys (ConfUtils.java:logGet(43)) - raft.server.log.use.memory = false (default)
2019-09-25 05:54:09,987 [pool-107-thread-1] INFO  server.RaftServerConfigKeys (ConfUtils.java:logGet(43)) - raft.server.log.purge.gap = 1000000 (custom)
2019-09-25 05:54:09,987 [pool-107-thread-1] INFO  server.RaftServerConfigKeys (ConfUtils.java:logGet(43)) - raft.server.log.appender.buffer.byte-limit = 33554432 (custom)
2019-09-25 05:54:09,987 [pool-107-thread-1] INFO  server.RaftServerConfigKeys (ConfUtils.java:logGet(43)) - raft.server.log.segment.size.max = 1048576 (custom)
2019-09-25 05:54:09,987 [pool-107-thread-1] INFO  server.RaftServerConfigKeys (ConfUtils.java:logGet(43)) - raft.server.log.segment.cache.num.max = 2 (custom)
2019-09-25 05:54:09,987 [pool-107-thread-1] INFO  segmented.SegmentedRaftLogWorker (SegmentedRaftLogWorker.java:<init>(172)) - new 58f3e057-a7b1-43f9-accd-a9f9efdb249b@group-0F18AF64A1B6-SegmentedRaftLogWorker for RaftStorage:Storage Directory /workdir/hadoop-ozone/ozonefs/target/test-dir/MiniOzoneClusterImpl-a7a48124-c188-483e-b9a9-787dfdcc7198/datanode-8/data/ratis/d9e35686-daf6-46a8-9ede-0f18af64a1b6
2019-09-25 05:54:09,987 [pool-107-thread-1] INFO  server.RaftServerConfigKeys (ConfUtils.java:logGet(43)) - raft.server.log.queue.byte-limit = 2147483647 (custom)
2019-09-25 05:54:09,987 [pool-107-thread-1] INFO  server.RaftServerConfigKeys (ConfUtils.java:logGet(43)) - raft.server.log.queue.element-limit = 1024 (custom)
2019-09-25 05:54:09,988 [pool-107-thread-1] INFO  server.RaftServerConfigKeys (ConfUtils.java:logGet(43)) - raft.server.log.segment.size.max = 1048576 (custom)
2019-09-25 05:54:09,988 [pool-107-thread-1] INFO  server.RaftServerConfigKeys (ConfUtils.java:logGet(43)) - raft.server.log.preallocated.size = 16384 (custom)
2019-09-25 05:54:09,988 [pool-107-thread-1] INFO  server.RaftServerConfigKeys (ConfUtils.java:logGet(43)) - raft.server.log.write.buffer.size = 33554432 (custom)
2019-09-25 05:54:09,988 [pool-107-thread-1] INFO  server.RaftServerConfigKeys (ConfUtils.java:logGet(43)) - raft.server.log.force.sync.num = 128 (default)
2019-09-25 05:54:09,988 [pool-107-thread-1] INFO  server.RaftServerConfigKeys (ConfUtils.java:logGet(43)) - raft.server.log.statemachine.data.sync = true (default)
2019-09-25 05:54:09,988 [pool-107-thread-1] INFO  server.RaftServerConfigKeys (ConfUtils.java:logGet(43)) - raft.server.log.statemachine.data.sync.timeout = 10s (default)
2019-09-25 05:54:09,988 [pool-107-thread-1] INFO  server.RaftServerConfigKeys (ConfUtils.java:logGet(43)) - raft.server.log.statemachine.data.sync.timeout.retry = -1 (default)
2019-09-25 05:54:09,989 [pool-107-thread-1] INFO  server.RaftServerConfigKeys (ConfUtils.java:logGet(43)) - raft.server.log.statemachine.data.caching.enabled = true (custom)
2019-09-25 05:54:09,989 [pool-107-thread-1] INFO  segmented.SegmentedRaftLogWorker (SegmentedRaftLogWorker.java:lambda$new$0(132)) - 58f3e057-a7b1-43f9-accd-a9f9efdb249b@group-0F18AF64A1B6-SegmentedRaftLogWorker: flushIndex: setUnconditionally 0 -> -1
2019-09-25 05:54:09,989 [pool-107-thread-1] INFO  server.RaftServerConfigKeys (ConfUtils.java:logGet(43)) - raft.server.snapshot.auto.trigger.enabled = true (custom)
2019-09-25 05:54:09,989 [pool-107-thread-1] INFO  server.RaftServerConfigKeys (ConfUtils.java:logGet(43)) - raft.server.snapshot.auto.trigger.threshold = 10000 (custom)
2019-09-25 05:54:09,990 [pool-107-thread-1] INFO  server.RaftServerConfigKeys (ConfUtils.java:logGet(43)) - raft.server.snapshot.retention.num.files = 5 (custom)
2019-09-25 05:54:09,990 [pool-107-thread-1] INFO  server.RaftServerConfigKeys (ConfUtils.java:logGet(43)) - raft.server.retrycache.expirytime = 600000ms (custom)
2019-09-25 05:54:09,992 [pool-107-thread-1] INFO  impl.RaftServerImpl (RaftServerImpl.java:start(185)) - 58f3e057-a7b1-43f9-accd-a9f9efdb249b@group-0F18AF64A1B6: start as a follower, conf=-1: [58f3e057-a7b1-43f9-accd-a9f9efdb249b:192.168.5.161:39965], old=null
2019-09-25 05:54:09,992 [pool-107-thread-1] INFO  impl.RaftServerImpl (RaftServerImpl.java:setRole(174)) - 58f3e057-a7b1-43f9-accd-a9f9efdb249b@group-0F18AF64A1B6: changes role from      null to FOLLOWER at term 0 for startAsFollower
2019-09-25 05:54:09,992 [pool-107-thread-1] INFO  impl.RoleInfo (RoleInfo.java:updateAndGet(143)) - 58f3e057-a7b1-43f9-accd-a9f9efdb249b: start FollowerState
2019-09-25 05:54:09,993 [pool-107-thread-1] INFO  util.JmxRegister (JmxRegister.java:tryRegister(44)) - Successfully registered JMX Bean with object name Ratis:service=RaftServer,group=group-0F18AF64A1B6,id=58f3e057-a7b1-43f9-accd-a9f9efdb249b
2019-09-25 05:54:09,995 [RatisPipelineUtilsThread] INFO  pipeline.PipelineStateManager (PipelineStateManager.java:addPipeline(56)) - Created pipeline Pipeline[ Id: d9e35686-daf6-46a8-9ede-0f18af64a1b6, Nodes: 58f3e057-a7b1-43f9-accd-a9f9efdb249b{ip: 192.168.5.161, host: pr-hdds-1569-zxpks-796972592, networkLocation: /default-rack, certSerialId: null}, Type:RATIS, Factor:ONE, State:OPEN]
2019-09-25 05:54:09,996 [RatisPipelineUtilsThread] INFO  pipeline.PipelinePlacementPolicy (PipelinePlacementPolicy.java:meetCriteria(91)) - Pipeline Placement: can't place more pipeline on heavy datanode： f28e89b6-3953-4014-b5dd-5d7c12bc90a1 Heaviness: 6 limit: 5
2019-09-25 05:54:09,996 [RatisPipelineUtilsThread] INFO  pipeline.PipelinePlacementPolicy (PipelinePlacementPolicy.java:meetCriteria(91)) - Pipeline Placement: can't place more pipeline on heavy datanode： 169f835a-5a51-4a80-ac17-f8139cf3a6e7 Heaviness: 6 limit: 5
2019-09-25 05:54:09,996 [RatisPipelineUtilsThread] INFO  pipeline.PipelinePlacementPolicy (PipelinePlacementPolicy.java:meetCriteria(91)) - Pipeline Placement: can't place more pipeline on heavy datanode： a171a438-4db2-4a15-a03d-8d01a40a69ad Heaviness: 6 limit: 5
2019-09-25 05:54:09,996 [RatisPipelineUtilsThread] INFO  pipeline.PipelinePlacementPolicy (PipelinePlacementPolicy.java:meetCriteria(91)) - Pipeline Placement: can't place more pipeline on heavy datanode： f15c9da4-41cd-4d3b-befd-f91bd6a8ef15 Heaviness: 6 limit: 5
2019-09-25 05:54:09,996 [RatisPipelineUtilsThread] INFO  pipeline.PipelinePlacementPolicy (PipelinePlacementPolicy.java:meetCriteria(91)) - Pipeline Placement: can't place more pipeline on heavy datanode： 22638597-b9ac-42fc-8d80-a8fc15613fc1 Heaviness: 6 limit: 5
2019-09-25 05:54:09,997 [RatisPipelineUtilsThread] INFO  pipeline.PipelinePlacementPolicy (PipelinePlacementPolicy.java:meetCriteria(91)) - Pipeline Placement: can't place more pipeline on heavy datanode： 9b45984a-e801-4994-8f0b-759bb773fda3 Heaviness: 6 limit: 5
2019-09-25 05:54:09,997 [RatisPipelineUtilsThread] INFO  pipeline.PipelinePlacementPolicy (PipelinePlacementPolicy.java:meetCriteria(91)) - Pipeline Placement: can't place more pipeline on heavy datanode： 042645b7-d9e3-44d6-a86c-5222fd8d5aba Heaviness: 6 limit: 5
2019-09-25 05:54:09,997 [RatisPipelineUtilsThread] INFO  pipeline.PipelinePlacementPolicy (PipelinePlacementPolicy.java:meetCriteria(91)) - Pipeline Placement: can't place more pipeline on heavy datanode： a8d2df02-a9dc-4b60-9eec-a53a711ba1ae Heaviness: 6 limit: 5
2019-09-25 05:54:10,002 [grpc-default-executor-0] INFO  impl.RaftServerProxy (RaftServerProxy.java:addNew(89)) - 58f3e057-a7b1-43f9-accd-a9f9efdb249b: addNew group-5AE1E04A84E9:[58f3e057-a7b1-43f9-accd-a9f9efdb249b:192.168.5.161:39965] returns group-5AE1E04A84E9:java.util.concurrent.CompletableFuture@6ebebe4d[Not completed]
2019-09-25 05:54:10,003 [pool-107-thread-1] INFO  impl.RaftServerImpl (RaftServerImpl.java:<init>(95)) - 58f3e057-a7b1-43f9-accd-a9f9efdb249b: new RaftServerImpl for group-5AE1E04A84E9:[58f3e057-a7b1-43f9-accd-a9f9efdb249b:192.168.5.161:39965] with ContainerStateMachine:uninitialized
2019-09-25 05:54:10,003 [pool-107-thread-1] INFO  server.RaftServerConfigKeys (ConfUtils.java:logGet(43)) - raft.server.rpc.timeout.min = 5s (custom)
2019-09-25 05:54:10,003 [pool-107-thread-1] INFO  server.RaftServerConfigKeys (ConfUtils.java:logGet(43)) - raft.server.rpc.timeout.max = 5200ms (custom)
2019-09-25 05:54:10,003 [pool-107-thread-1] INFO  server.RaftServerConfigKeys (ConfUtils.java:logGet(43)) - raft.server.rpcslowness.timeout = 120s (custom)
2019-09-25 05:54:10,003 [pool-107-thread-1] INFO  server.RaftServerConfigKeys (ConfUtils.java:logGet(43)) - raft.server.sleep.deviation.threshold = 300 (default)
2019-09-25 05:54:10,003 [pool-107-thread-1] INFO  server.RaftServerConfigKeys (ConfUtils.java:logGet(43)) - raft.server.log.appender.install.snapshot.enabled = false (custom)
2019-09-25 05:54:10,004 [pool-107-thread-1] INFO  impl.RaftServerImpl (ServerState.java:<init>(103)) - 58f3e057-a7b1-43f9-accd-a9f9efdb249b@group-5AE1E04A84E9: ConfigurationManager, init=-1: [58f3e057-a7b1-43f9-accd-a9f9efdb249b:192.168.5.161:39965], old=null, confs=<EMPTY_MAP>
2019-09-25 05:54:10,004 [pool-107-thread-1] INFO  server.RaftServerConfigKeys (ConfUtils.java:logGet(43)) - raft.server.storage.dir = [/workdir/hadoop-ozone/ozonefs/target/test-dir/MiniOzoneClusterImpl-a7a48124-c188-483e-b9a9-787dfdcc7198/datanode-8/data/ratis] (custom)
2019-09-25 05:54:10,004 [pool-107-thread-1] INFO  storage.RaftStorageDirectory (RaftStorageDirectory.java:analyzeStorage(246)) - The storage directory /workdir/hadoop-ozone/ozonefs/target/test-dir/MiniOzoneClusterImpl-a7a48124-c188-483e-b9a9-787dfdcc7198/datanode-8/data/ratis/826b0f23-047a-49c8-9c2b-5ae1e04a84e9 does not exist. Creating ...
2019-09-25 05:54:10,037 [pool-107-thread-1] INFO  storage.RaftStorageDirectory (RaftStorageDirectory.java:tryLock(328)) - Lock on /workdir/hadoop-ozone/ozonefs/target/test-dir/MiniOzoneClusterImpl-a7a48124-c188-483e-b9a9-787dfdcc7198/datanode-8/data/ratis/826b0f23-047a-49c8-9c2b-5ae1e04a84e9/in_use.lock acquired by nodename 19278@pr-hdds-1569-zxpks-796972592
2019-09-25 05:54:10,052 [pool-107-thread-1] INFO  storage.RaftStorage (RaftStorage.java:format(72)) - Storage directory /workdir/hadoop-ozone/ozonefs/target/test-dir/MiniOzoneClusterImpl-a7a48124-c188-483e-b9a9-787dfdcc7198/datanode-8/data/ratis/826b0f23-047a-49c8-9c2b-5ae1e04a84e9 has been successfully formatted.
2019-09-25 05:54:10,053 [pool-107-thread-1] INFO  ratis.ContainerStateMachine (ContainerStateMachine.java:loadSnapshot(230)) - group-5AE1E04A84E9: The snapshot info is null. Setting the last applied indexto:(t:0, i:~)
2019-09-25 05:54:10,053 [pool-107-thread-1] INFO  server.RaftServerConfigKeys (ConfUtils.java:logGet(43)) - raft.server.notification.no-leader.timeout = 120s (custom)
2019-09-25 05:54:10,053 [pool-107-thread-1] INFO  server.RaftServerConfigKeys (ConfUtils.java:logGet(43)) - raft.server.log.use.memory = false (default)
2019-09-25 05:54:10,053 [pool-107-thread-1] INFO  server.RaftServerConfigKeys (ConfUtils.java:logGet(43)) - raft.server.log.purge.gap = 1000000 (custom)
2019-09-25 05:54:10,053 [pool-107-thread-1] INFO  server.RaftServerConfigKeys (ConfUtils.java:logGet(43)) - raft.server.log.appender.buffer.byte-limit = 33554432 (custom)
2019-09-25 05:54:10,054 [pool-107-thread-1] INFO  server.RaftServerConfigKeys (ConfUtils.java:logGet(43)) - raft.server.log.segment.size.max = 1048576 (custom)
2019-09-25 05:54:10,054 [pool-107-thread-1] INFO  server.RaftServerConfigKeys (ConfUtils.java:logGet(43)) - raft.server.log.segment.cache.num.max = 2 (custom)
2019-09-25 05:54:10,054 [pool-107-thread-1] INFO  segmented.SegmentedRaftLogWorker (SegmentedRaftLogWorker.java:<init>(172)) - new 58f3e057-a7b1-43f9-accd-a9f9efdb249b@group-5AE1E04A84E9-SegmentedRaftLogWorker for RaftStorage:Storage Directory /workdir/hadoop-ozone/ozonefs/target/test-dir/MiniOzoneClusterImpl-a7a48124-c188-483e-b9a9-787dfdcc7198/datanode-8/data/ratis/826b0f23-047a-49c8-9c2b-5ae1e04a84e9
2019-09-25 05:54:10,054 [pool-107-thread-1] INFO  server.RaftServerConfigKeys (ConfUtils.java:logGet(43)) - raft.server.log.queue.byte-limit = 2147483647 (custom)
2019-09-25 05:54:10,055 [pool-107-thread-1] INFO  server.RaftServerConfigKeys (ConfUtils.java:logGet(43)) - raft.server.log.queue.element-limit = 1024 (custom)
2019-09-25 05:54:10,055 [pool-107-thread-1] INFO  server.RaftServerConfigKeys (ConfUtils.java:logGet(43)) - raft.server.log.segment.size.max = 1048576 (custom)
2019-09-25 05:54:10,055 [pool-107-thread-1] INFO  server.RaftServerConfigKeys (ConfUtils.java:logGet(43)) - raft.server.log.preallocated.size = 16384 (custom)
2019-09-25 05:54:10,055 [pool-107-thread-1] INFO  server.RaftServerConfigKeys (ConfUtils.java:logGet(43)) - raft.server.log.write.buffer.size = 33554432 (custom)
2019-09-25 05:54:10,055 [pool-107-thread-1] INFO  server.RaftServerConfigKeys (ConfUtils.java:logGet(43)) - raft.server.log.force.sync.num = 128 (default)
2019-09-25 05:54:10,056 [pool-107-thread-1] INFO  server.RaftServerConfigKeys (ConfUtils.java:logGet(43)) - raft.server.log.statemachine.data.sync = true (default)
2019-09-25 05:54:10,056 [pool-107-thread-1] INFO  server.RaftServerConfigKeys (ConfUtils.java:logGet(43)) - raft.server.log.statemachine.data.sync.timeout = 10s (default)
2019-09-25 05:54:10,056 [pool-107-thread-1] INFO  server.RaftServerConfigKeys (ConfUtils.java:logGet(43)) - raft.server.log.statemachine.data.sync.timeout.retry = -1 (default)
2019-09-25 05:54:10,056 [pool-107-thread-1] INFO  server.RaftServerConfigKeys (ConfUtils.java:logGet(43)) - raft.server.log.statemachine.data.caching.enabled = true (custom)
2019-09-25 05:54:10,057 [pool-107-thread-1] INFO  segmented.SegmentedRaftLogWorker (SegmentedRaftLogWorker.java:lambda$new$0(132)) - 58f3e057-a7b1-43f9-accd-a9f9efdb249b@group-5AE1E04A84E9-SegmentedRaftLogWorker: flushIndex: setUnconditionally 0 -> -1
2019-09-25 05:54:10,057 [pool-107-thread-1] INFO  server.RaftServerConfigKeys (ConfUtils.java:logGet(43)) - raft.server.snapshot.auto.trigger.enabled = true (custom)
2019-09-25 05:54:10,057 [pool-107-thread-1] INFO  server.RaftServerConfigKeys (ConfUtils.java:logGet(43)) - raft.server.snapshot.auto.trigger.threshold = 10000 (custom)
2019-09-25 05:54:10,058 [pool-107-thread-1] INFO  server.RaftServerConfigKeys (ConfUtils.java:logGet(43)) - raft.server.snapshot.retention.num.files = 5 (custom)
2019-09-25 05:54:10,058 [pool-107-thread-1] INFO  server.RaftServerConfigKeys (ConfUtils.java:logGet(43)) - raft.server.retrycache.expirytime = 600000ms (custom)
2019-09-25 05:54:10,061 [pool-107-thread-1] INFO  impl.RaftServerImpl (RaftServerImpl.java:start(185)) - 58f3e057-a7b1-43f9-accd-a9f9efdb249b@group-5AE1E04A84E9: start as a follower, conf=-1: [58f3e057-a7b1-43f9-accd-a9f9efdb249b:192.168.5.161:39965], old=null
2019-09-25 05:54:10,061 [pool-107-thread-1] INFO  impl.RaftServerImpl (RaftServerImpl.java:setRole(174)) - 58f3e057-a7b1-43f9-accd-a9f9efdb249b@group-5AE1E04A84E9: changes role from      null to FOLLOWER at term 0 for startAsFollower
2019-09-25 05:54:10,062 [pool-107-thread-1] INFO  impl.RoleInfo (RoleInfo.java:updateAndGet(143)) - 58f3e057-a7b1-43f9-accd-a9f9efdb249b: start FollowerState
2019-09-25 05:54:10,062 [pool-107-thread-1] INFO  util.JmxRegister (JmxRegister.java:tryRegister(44)) - Successfully registered JMX Bean with object name Ratis:service=RaftServer,group=group-5AE1E04A84E9,id=58f3e057-a7b1-43f9-accd-a9f9efdb249b
2019-09-25 05:54:10,065 [RatisPipelineUtilsThread] INFO  pipeline.PipelineStateManager (PipelineStateManager.java:addPipeline(56)) - Created pipeline Pipeline[ Id: 826b0f23-047a-49c8-9c2b-5ae1e04a84e9, Nodes: 58f3e057-a7b1-43f9-accd-a9f9efdb249b{ip: 192.168.5.161, host: pr-hdds-1569-zxpks-796972592, networkLocation: /default-rack, certSerialId: null}, Type:RATIS, Factor:ONE, State:OPEN]
2019-09-25 05:54:10,066 [RatisPipelineUtilsThread] INFO  pipeline.PipelinePlacementPolicy (PipelinePlacementPolicy.java:meetCriteria(91)) - Pipeline Placement: can't place more pipeline on heavy datanode： f28e89b6-3953-4014-b5dd-5d7c12bc90a1 Heaviness: 6 limit: 5
2019-09-25 05:54:10,066 [RatisPipelineUtilsThread] INFO  pipeline.PipelinePlacementPolicy (PipelinePlacementPolicy.java:meetCriteria(91)) - Pipeline Placement: can't place more pipeline on heavy datanode： 169f835a-5a51-4a80-ac17-f8139cf3a6e7 Heaviness: 6 limit: 5
2019-09-25 05:54:10,066 [RatisPipelineUtilsThread] INFO  pipeline.PipelinePlacementPolicy (PipelinePlacementPolicy.java:meetCriteria(91)) - Pipeline Placement: can't place more pipeline on heavy datanode： a171a438-4db2-4a15-a03d-8d01a40a69ad Heaviness: 6 limit: 5
2019-09-25 05:54:10,066 [RatisPipelineUtilsThread] INFO  pipeline.PipelinePlacementPolicy (PipelinePlacementPolicy.java:meetCriteria(91)) - Pipeline Placement: can't place more pipeline on heavy datanode： f15c9da4-41cd-4d3b-befd-f91bd6a8ef15 Heaviness: 6 limit: 5
2019-09-25 05:54:10,066 [RatisPipelineUtilsThread] INFO  pipeline.PipelinePlacementPolicy (PipelinePlacementPolicy.java:meetCriteria(91)) - Pipeline Placement: can't place more pipeline on heavy datanode： 22638597-b9ac-42fc-8d80-a8fc15613fc1 Heaviness: 6 limit: 5
2019-09-25 05:54:10,067 [RatisPipelineUtilsThread] INFO  pipeline.PipelinePlacementPolicy (PipelinePlacementPolicy.java:meetCriteria(91)) - Pipeline Placement: can't place more pipeline on heavy datanode： 9b45984a-e801-4994-8f0b-759bb773fda3 Heaviness: 6 limit: 5
2019-09-25 05:54:10,067 [RatisPipelineUtilsThread] INFO  pipeline.PipelinePlacementPolicy (PipelinePlacementPolicy.java:meetCriteria(91)) - Pipeline Placement: can't place more pipeline on heavy datanode： 042645b7-d9e3-44d6-a86c-5222fd8d5aba Heaviness: 6 limit: 5
2019-09-25 05:54:10,067 [RatisPipelineUtilsThread] INFO  pipeline.PipelinePlacementPolicy (PipelinePlacementPolicy.java:meetCriteria(91)) - Pipeline Placement: can't place more pipeline on heavy datanode： a8d2df02-a9dc-4b60-9eec-a53a711ba1ae Heaviness: 6 limit: 5
2019-09-25 05:54:10,073 [grpc-default-executor-0] INFO  impl.RaftServerProxy (RaftServerProxy.java:addNew(89)) - faa7f77f-6684-4b53-8a7a-61c7fb9cb7f4: addNew group-EE26EFB490E0:[faa7f77f-6684-4b53-8a7a-61c7fb9cb7f4:192.168.5.161:41397] returns group-EE26EFB490E0:java.util.concurrent.CompletableFuture@f224818[Not completed]
2019-09-25 05:54:10,074 [pool-117-thread-1] INFO  impl.RaftServerImpl (RaftServerImpl.java:<init>(95)) - faa7f77f-6684-4b53-8a7a-61c7fb9cb7f4: new RaftServerImpl for group-EE26EFB490E0:[faa7f77f-6684-4b53-8a7a-61c7fb9cb7f4:192.168.5.161:41397] with ContainerStateMachine:uninitialized
2019-09-25 05:54:10,074 [pool-117-thread-1] INFO  server.RaftServerConfigKeys (ConfUtils.java:logGet(43)) - raft.server.rpc.timeout.min = 5s (custom)
2019-09-25 05:54:10,074 [pool-117-thread-1] INFO  server.RaftServerConfigKeys (ConfUtils.java:logGet(43)) - raft.server.rpc.timeout.max = 5200ms (custom)
2019-09-25 05:54:10,075 [pool-117-thread-1] INFO  server.RaftServerConfigKeys (ConfUtils.java:logGet(43)) - raft.server.rpcslowness.timeout = 120s (custom)
2019-09-25 05:54:10,075 [pool-117-thread-1] INFO  server.RaftServerConfigKeys (ConfUtils.java:logGet(43)) - raft.server.sleep.deviation.threshold = 300 (default)
2019-09-25 05:54:10,075 [pool-117-thread-1] INFO  server.RaftServerConfigKeys (ConfUtils.java:logGet(43)) - raft.server.log.appender.install.snapshot.enabled = false (custom)
2019-09-25 05:54:10,075 [pool-117-thread-1] INFO  impl.RaftServerImpl (ServerState.java:<init>(103)) - faa7f77f-6684-4b53-8a7a-61c7fb9cb7f4@group-EE26EFB490E0: ConfigurationManager, init=-1: [faa7f77f-6684-4b53-8a7a-61c7fb9cb7f4:192.168.5.161:41397], old=null, confs=<EMPTY_MAP>
2019-09-25 05:54:10,075 [pool-117-thread-1] INFO  server.RaftServerConfigKeys (ConfUtils.java:logGet(43)) - raft.server.storage.dir = [/workdir/hadoop-ozone/ozonefs/target/test-dir/MiniOzoneClusterImpl-a7a48124-c188-483e-b9a9-787dfdcc7198/datanode-9/data/ratis] (custom)
2019-09-25 05:54:10,076 [pool-117-thread-1] INFO  storage.RaftStorageDirectory (RaftStorageDirectory.java:analyzeStorage(246)) - The storage directory /workdir/hadoop-ozone/ozonefs/target/test-dir/MiniOzoneClusterImpl-a7a48124-c188-483e-b9a9-787dfdcc7198/datanode-9/data/ratis/9701ffec-cd15-44a9-80e1-ee26efb490e0 does not exist. Creating ...
2019-09-25 05:54:10,090 [pool-117-thread-1] INFO  storage.RaftStorageDirectory (RaftStorageDirectory.java:tryLock(328)) - Lock on /workdir/hadoop-ozone/ozonefs/target/test-dir/MiniOzoneClusterImpl-a7a48124-c188-483e-b9a9-787dfdcc7198/datanode-9/data/ratis/9701ffec-cd15-44a9-80e1-ee26efb490e0/in_use.lock acquired by nodename 19278@pr-hdds-1569-zxpks-796972592
2019-09-25 05:54:10,103 [pool-117-thread-1] INFO  storage.RaftStorage (RaftStorage.java:format(72)) - Storage directory /workdir/hadoop-ozone/ozonefs/target/test-dir/MiniOzoneClusterImpl-a7a48124-c188-483e-b9a9-787dfdcc7198/datanode-9/data/ratis/9701ffec-cd15-44a9-80e1-ee26efb490e0 has been successfully formatted.
2019-09-25 05:54:10,103 [pool-117-thread-1] INFO  ratis.ContainerStateMachine (ContainerStateMachine.java:loadSnapshot(230)) - group-EE26EFB490E0: The snapshot info is null. Setting the last applied indexto:(t:0, i:~)
2019-09-25 05:54:10,103 [pool-117-thread-1] INFO  server.RaftServerConfigKeys (ConfUtils.java:logGet(43)) - raft.server.notification.no-leader.timeout = 120s (custom)
2019-09-25 05:54:10,103 [pool-117-thread-1] INFO  server.RaftServerConfigKeys (ConfUtils.java:logGet(43)) - raft.server.log.use.memory = false (default)
2019-09-25 05:54:10,103 [pool-117-thread-1] INFO  server.RaftServerConfigKeys (ConfUtils.java:logGet(43)) - raft.server.log.purge.gap = 1000000 (custom)
2019-09-25 05:54:10,104 [pool-117-thread-1] INFO  server.RaftServerConfigKeys (ConfUtils.java:logGet(43)) - raft.server.log.appender.buffer.byte-limit = 33554432 (custom)
2019-09-25 05:54:10,104 [pool-117-thread-1] INFO  server.RaftServerConfigKeys (ConfUtils.java:logGet(43)) - raft.server.log.segment.size.max = 1048576 (custom)
2019-09-25 05:54:10,104 [pool-117-thread-1] INFO  server.RaftServerConfigKeys (ConfUtils.java:logGet(43)) - raft.server.log.segment.cache.num.max = 2 (custom)
2019-09-25 05:54:10,104 [pool-117-thread-1] INFO  segmented.SegmentedRaftLogWorker (SegmentedRaftLogWorker.java:<init>(172)) - new faa7f77f-6684-4b53-8a7a-61c7fb9cb7f4@group-EE26EFB490E0-SegmentedRaftLogWorker for RaftStorage:Storage Directory /workdir/hadoop-ozone/ozonefs/target/test-dir/MiniOzoneClusterImpl-a7a48124-c188-483e-b9a9-787dfdcc7198/datanode-9/data/ratis/9701ffec-cd15-44a9-80e1-ee26efb490e0
2019-09-25 05:54:10,104 [pool-117-thread-1] INFO  server.RaftServerConfigKeys (ConfUtils.java:logGet(43)) - raft.server.log.queue.byte-limit = 2147483647 (custom)
2019-09-25 05:54:10,104 [pool-117-thread-1] INFO  server.RaftServerConfigKeys (ConfUtils.java:logGet(43)) - raft.server.log.queue.element-limit = 1024 (custom)
2019-09-25 05:54:10,105 [pool-117-thread-1] INFO  server.RaftServerConfigKeys (ConfUtils.java:logGet(43)) - raft.server.log.segment.size.max = 1048576 (custom)
2019-09-25 05:54:10,105 [pool-117-thread-1] INFO  server.RaftServerConfigKeys (ConfUtils.java:logGet(43)) - raft.server.log.preallocated.size = 16384 (custom)
2019-09-25 05:54:10,105 [pool-117-thread-1] INFO  server.RaftServerConfigKeys (ConfUtils.java:logGet(43)) - raft.server.log.write.buffer.size = 33554432 (custom)
2019-09-25 05:54:10,105 [pool-117-thread-1] INFO  server.RaftServerConfigKeys (ConfUtils.java:logGet(43)) - raft.server.log.force.sync.num = 128 (default)
2019-09-25 05:54:10,105 [pool-117-thread-1] INFO  server.RaftServerConfigKeys (ConfUtils.java:logGet(43)) - raft.server.log.statemachine.data.sync = true (default)
2019-09-25 05:54:10,105 [pool-117-thread-1] INFO  server.RaftServerConfigKeys (ConfUtils.java:logGet(43)) - raft.server.log.statemachine.data.sync.timeout = 10s (default)
2019-09-25 05:54:10,105 [pool-117-thread-1] INFO  server.RaftServerConfigKeys (ConfUtils.java:logGet(43)) - raft.server.log.statemachine.data.sync.timeout.retry = -1 (default)
2019-09-25 05:54:10,106 [pool-117-thread-1] INFO  server.RaftServerConfigKeys (ConfUtils.java:logGet(43)) - raft.server.log.statemachine.data.caching.enabled = true (custom)
2019-09-25 05:54:10,106 [pool-117-thread-1] INFO  segmented.SegmentedRaftLogWorker (SegmentedRaftLogWorker.java:lambda$new$0(132)) - faa7f77f-6684-4b53-8a7a-61c7fb9cb7f4@group-EE26EFB490E0-SegmentedRaftLogWorker: flushIndex: setUnconditionally 0 -> -1
2019-09-25 05:54:10,106 [pool-117-thread-1] INFO  server.RaftServerConfigKeys (ConfUtils.java:logGet(43)) - raft.server.snapshot.auto.trigger.enabled = true (custom)
2019-09-25 05:54:10,106 [pool-117-thread-1] INFO  server.RaftServerConfigKeys (ConfUtils.java:logGet(43)) - raft.server.snapshot.auto.trigger.threshold = 10000 (custom)
2019-09-25 05:54:10,106 [pool-117-thread-1] INFO  server.RaftServerConfigKeys (ConfUtils.java:logGet(43)) - raft.server.snapshot.retention.num.files = 5 (custom)
2019-09-25 05:54:10,107 [pool-117-thread-1] INFO  server.RaftServerConfigKeys (ConfUtils.java:logGet(43)) - raft.server.retrycache.expirytime = 600000ms (custom)
2019-09-25 05:54:10,109 [pool-117-thread-1] INFO  impl.RaftServerImpl (RaftServerImpl.java:start(185)) - faa7f77f-6684-4b53-8a7a-61c7fb9cb7f4@group-EE26EFB490E0: start as a follower, conf=-1: [faa7f77f-6684-4b53-8a7a-61c7fb9cb7f4:192.168.5.161:41397], old=null
2019-09-25 05:54:10,109 [pool-117-thread-1] INFO  impl.RaftServerImpl (RaftServerImpl.java:setRole(174)) - faa7f77f-6684-4b53-8a7a-61c7fb9cb7f4@group-EE26EFB490E0: changes role from      null to FOLLOWER at term 0 for startAsFollower
2019-09-25 05:54:10,110 [pool-117-thread-1] INFO  impl.RoleInfo (RoleInfo.java:updateAndGet(143)) - faa7f77f-6684-4b53-8a7a-61c7fb9cb7f4: start FollowerState
2019-09-25 05:54:10,110 [pool-117-thread-1] INFO  util.JmxRegister (JmxRegister.java:tryRegister(44)) - Successfully registered JMX Bean with object name Ratis:service=RaftServer,group=group-EE26EFB490E0,id=faa7f77f-6684-4b53-8a7a-61c7fb9cb7f4
2019-09-25 05:54:10,112 [RatisPipelineUtilsThread] INFO  pipeline.PipelineStateManager (PipelineStateManager.java:addPipeline(56)) - Created pipeline Pipeline[ Id: 9701ffec-cd15-44a9-80e1-ee26efb490e0, Nodes: faa7f77f-6684-4b53-8a7a-61c7fb9cb7f4{ip: 192.168.5.161, host: pr-hdds-1569-zxpks-796972592, networkLocation: /default-rack, certSerialId: null}, Type:RATIS, Factor:ONE, State:OPEN]
2019-09-25 05:54:10,113 [RatisPipelineUtilsThread] INFO  pipeline.PipelinePlacementPolicy (PipelinePlacementPolicy.java:meetCriteria(91)) - Pipeline Placement: can't place more pipeline on heavy datanode： f28e89b6-3953-4014-b5dd-5d7c12bc90a1 Heaviness: 6 limit: 5
2019-09-25 05:54:10,113 [RatisPipelineUtilsThread] INFO  pipeline.PipelinePlacementPolicy (PipelinePlacementPolicy.java:meetCriteria(91)) - Pipeline Placement: can't place more pipeline on heavy datanode： 169f835a-5a51-4a80-ac17-f8139cf3a6e7 Heaviness: 6 limit: 5
2019-09-25 05:54:10,113 [RatisPipelineUtilsThread] INFO  pipeline.PipelinePlacementPolicy (PipelinePlacementPolicy.java:meetCriteria(91)) - Pipeline Placement: can't place more pipeline on heavy datanode： a171a438-4db2-4a15-a03d-8d01a40a69ad Heaviness: 6 limit: 5
2019-09-25 05:54:10,113 [RatisPipelineUtilsThread] INFO  pipeline.PipelinePlacementPolicy (PipelinePlacementPolicy.java:meetCriteria(91)) - Pipeline Placement: can't place more pipeline on heavy datanode： f15c9da4-41cd-4d3b-befd-f91bd6a8ef15 Heaviness: 6 limit: 5
2019-09-25 05:54:10,113 [RatisPipelineUtilsThread] INFO  pipeline.PipelinePlacementPolicy (PipelinePlacementPolicy.java:meetCriteria(91)) - Pipeline Placement: can't place more pipeline on heavy datanode： 22638597-b9ac-42fc-8d80-a8fc15613fc1 Heaviness: 6 limit: 5
2019-09-25 05:54:10,114 [RatisPipelineUtilsThread] INFO  pipeline.PipelinePlacementPolicy (PipelinePlacementPolicy.java:meetCriteria(91)) - Pipeline Placement: can't place more pipeline on heavy datanode： 9b45984a-e801-4994-8f0b-759bb773fda3 Heaviness: 6 limit: 5
2019-09-25 05:54:10,114 [RatisPipelineUtilsThread] INFO  pipeline.PipelinePlacementPolicy (PipelinePlacementPolicy.java:meetCriteria(91)) - Pipeline Placement: can't place more pipeline on heavy datanode： 042645b7-d9e3-44d6-a86c-5222fd8d5aba Heaviness: 6 limit: 5
2019-09-25 05:54:10,114 [RatisPipelineUtilsThread] INFO  pipeline.PipelinePlacementPolicy (PipelinePlacementPolicy.java:meetCriteria(91)) - Pipeline Placement: can't place more pipeline on heavy datanode： a8d2df02-a9dc-4b60-9eec-a53a711ba1ae Heaviness: 6 limit: 5
2019-09-25 05:54:10,119 [grpc-default-executor-0] INFO  impl.RaftServerProxy (RaftServerProxy.java:addNew(89)) - faa7f77f-6684-4b53-8a7a-61c7fb9cb7f4: addNew group-AFDF365051C2:[faa7f77f-6684-4b53-8a7a-61c7fb9cb7f4:192.168.5.161:41397] returns group-AFDF365051C2:java.util.concurrent.CompletableFuture@20af8c8d[Not completed]
2019-09-25 05:54:10,120 [pool-117-thread-1] INFO  impl.RaftServerImpl (RaftServerImpl.java:<init>(95)) - faa7f77f-6684-4b53-8a7a-61c7fb9cb7f4: new RaftServerImpl for group-AFDF365051C2:[faa7f77f-6684-4b53-8a7a-61c7fb9cb7f4:192.168.5.161:41397] with ContainerStateMachine:uninitialized
2019-09-25 05:54:10,121 [pool-117-thread-1] INFO  server.RaftServerConfigKeys (ConfUtils.java:logGet(43)) - raft.server.rpc.timeout.min = 5s (custom)
2019-09-25 05:54:10,121 [pool-117-thread-1] INFO  server.RaftServerConfigKeys (ConfUtils.java:logGet(43)) - raft.server.rpc.timeout.max = 5200ms (custom)
2019-09-25 05:54:10,121 [pool-117-thread-1] INFO  server.RaftServerConfigKeys (ConfUtils.java:logGet(43)) - raft.server.rpcslowness.timeout = 120s (custom)
2019-09-25 05:54:10,121 [pool-117-thread-1] INFO  server.RaftServerConfigKeys (ConfUtils.java:logGet(43)) - raft.server.sleep.deviation.threshold = 300 (default)
2019-09-25 05:54:10,121 [pool-117-thread-1] INFO  server.RaftServerConfigKeys (ConfUtils.java:logGet(43)) - raft.server.log.appender.install.snapshot.enabled = false (custom)
2019-09-25 05:54:10,121 [pool-117-thread-1] INFO  impl.RaftServerImpl (ServerState.java:<init>(103)) - faa7f77f-6684-4b53-8a7a-61c7fb9cb7f4@group-AFDF365051C2: ConfigurationManager, init=-1: [faa7f77f-6684-4b53-8a7a-61c7fb9cb7f4:192.168.5.161:41397], old=null, confs=<EMPTY_MAP>
2019-09-25 05:54:10,122 [pool-117-thread-1] INFO  server.RaftServerConfigKeys (ConfUtils.java:logGet(43)) - raft.server.storage.dir = [/workdir/hadoop-ozone/ozonefs/target/test-dir/MiniOzoneClusterImpl-a7a48124-c188-483e-b9a9-787dfdcc7198/datanode-9/data/ratis] (custom)
2019-09-25 05:54:10,122 [pool-117-thread-1] INFO  storage.RaftStorageDirectory (RaftStorageDirectory.java:analyzeStorage(246)) - The storage directory /workdir/hadoop-ozone/ozonefs/target/test-dir/MiniOzoneClusterImpl-a7a48124-c188-483e-b9a9-787dfdcc7198/datanode-9/data/ratis/c836603e-c028-471a-a041-afdf365051c2 does not exist. Creating ...
2019-09-25 05:54:10,137 [pool-117-thread-1] INFO  storage.RaftStorageDirectory (RaftStorageDirectory.java:tryLock(328)) - Lock on /workdir/hadoop-ozone/ozonefs/target/test-dir/MiniOzoneClusterImpl-a7a48124-c188-483e-b9a9-787dfdcc7198/datanode-9/data/ratis/c836603e-c028-471a-a041-afdf365051c2/in_use.lock acquired by nodename 19278@pr-hdds-1569-zxpks-796972592
2019-09-25 05:54:10,150 [pool-117-thread-1] INFO  storage.RaftStorage (RaftStorage.java:format(72)) - Storage directory /workdir/hadoop-ozone/ozonefs/target/test-dir/MiniOzoneClusterImpl-a7a48124-c188-483e-b9a9-787dfdcc7198/datanode-9/data/ratis/c836603e-c028-471a-a041-afdf365051c2 has been successfully formatted.
2019-09-25 05:54:10,150 [pool-117-thread-1] INFO  ratis.ContainerStateMachine (ContainerStateMachine.java:loadSnapshot(230)) - group-AFDF365051C2: The snapshot info is null. Setting the last applied indexto:(t:0, i:~)
2019-09-25 05:54:10,151 [pool-117-thread-1] INFO  server.RaftServerConfigKeys (ConfUtils.java:logGet(43)) - raft.server.notification.no-leader.timeout = 120s (custom)
2019-09-25 05:54:10,151 [pool-117-thread-1] INFO  server.RaftServerConfigKeys (ConfUtils.java:logGet(43)) - raft.server.log.use.memory = false (default)
2019-09-25 05:54:10,151 [pool-117-thread-1] INFO  server.RaftServerConfigKeys (ConfUtils.java:logGet(43)) - raft.server.log.purge.gap = 1000000 (custom)
2019-09-25 05:54:10,151 [pool-117-thread-1] INFO  server.RaftServerConfigKeys (ConfUtils.java:logGet(43)) - raft.server.log.appender.buffer.byte-limit = 33554432 (custom)
2019-09-25 05:54:10,151 [pool-117-thread-1] INFO  server.RaftServerConfigKeys (ConfUtils.java:logGet(43)) - raft.server.log.segment.size.max = 1048576 (custom)
2019-09-25 05:54:10,151 [pool-117-thread-1] INFO  server.RaftServerConfigKeys (ConfUtils.java:logGet(43)) - raft.server.log.segment.cache.num.max = 2 (custom)
2019-09-25 05:54:10,151 [pool-117-thread-1] INFO  segmented.SegmentedRaftLogWorker (SegmentedRaftLogWorker.java:<init>(172)) - new faa7f77f-6684-4b53-8a7a-61c7fb9cb7f4@group-AFDF365051C2-SegmentedRaftLogWorker for RaftStorage:Storage Directory /workdir/hadoop-ozone/ozonefs/target/test-dir/MiniOzoneClusterImpl-a7a48124-c188-483e-b9a9-787dfdcc7198/datanode-9/data/ratis/c836603e-c028-471a-a041-afdf365051c2
2019-09-25 05:54:10,152 [pool-117-thread-1] INFO  server.RaftServerConfigKeys (ConfUtils.java:logGet(43)) - raft.server.log.queue.byte-limit = 2147483647 (custom)
2019-09-25 05:54:10,152 [pool-117-thread-1] INFO  server.RaftServerConfigKeys (ConfUtils.java:logGet(43)) - raft.server.log.queue.element-limit = 1024 (custom)
2019-09-25 05:54:10,152 [pool-117-thread-1] INFO  server.RaftServerConfigKeys (ConfUtils.java:logGet(43)) - raft.server.log.segment.size.max = 1048576 (custom)
2019-09-25 05:54:10,152 [pool-117-thread-1] INFO  server.RaftServerConfigKeys (ConfUtils.java:logGet(43)) - raft.server.log.preallocated.size = 16384 (custom)
2019-09-25 05:54:10,152 [pool-117-thread-1] INFO  server.RaftServerConfigKeys (ConfUtils.java:logGet(43)) - raft.server.log.write.buffer.size = 33554432 (custom)
2019-09-25 05:54:10,152 [pool-117-thread-1] INFO  server.RaftServerConfigKeys (ConfUtils.java:logGet(43)) - raft.server.log.force.sync.num = 128 (default)
2019-09-25 05:54:10,153 [pool-117-thread-1] INFO  server.RaftServerConfigKeys (ConfUtils.java:logGet(43)) - raft.server.log.statemachine.data.sync = true (default)
2019-09-25 05:54:10,153 [pool-117-thread-1] INFO  server.RaftServerConfigKeys (ConfUtils.java:logGet(43)) - raft.server.log.statemachine.data.sync.timeout = 10s (default)
2019-09-25 05:54:10,153 [pool-117-thread-1] INFO  server.RaftServerConfigKeys (ConfUtils.java:logGet(43)) - raft.server.log.statemachine.data.sync.timeout.retry = -1 (default)
2019-09-25 05:54:10,153 [pool-117-thread-1] INFO  server.RaftServerConfigKeys (ConfUtils.java:logGet(43)) - raft.server.log.statemachine.data.caching.enabled = true (custom)
2019-09-25 05:54:10,154 [pool-117-thread-1] INFO  segmented.SegmentedRaftLogWorker (SegmentedRaftLogWorker.java:lambda$new$0(132)) - faa7f77f-6684-4b53-8a7a-61c7fb9cb7f4@group-AFDF365051C2-SegmentedRaftLogWorker: flushIndex: setUnconditionally 0 -> -1
2019-09-25 05:54:10,154 [pool-117-thread-1] INFO  server.RaftServerConfigKeys (ConfUtils.java:logGet(43)) - raft.server.snapshot.auto.trigger.enabled = true (custom)
2019-09-25 05:54:10,154 [pool-117-thread-1] INFO  server.RaftServerConfigKeys (ConfUtils.java:logGet(43)) - raft.server.snapshot.auto.trigger.threshold = 10000 (custom)
2019-09-25 05:54:10,154 [pool-117-thread-1] INFO  server.RaftServerConfigKeys (ConfUtils.java:logGet(43)) - raft.server.snapshot.retention.num.files = 5 (custom)
2019-09-25 05:54:10,154 [pool-117-thread-1] INFO  server.RaftServerConfigKeys (ConfUtils.java:logGet(43)) - raft.server.retrycache.expirytime = 600000ms (custom)
2019-09-25 05:54:10,157 [pool-117-thread-1] INFO  impl.RaftServerImpl (RaftServerImpl.java:start(185)) - faa7f77f-6684-4b53-8a7a-61c7fb9cb7f4@group-AFDF365051C2: start as a follower, conf=-1: [faa7f77f-6684-4b53-8a7a-61c7fb9cb7f4:192.168.5.161:41397], old=null
2019-09-25 05:54:10,157 [pool-117-thread-1] INFO  impl.RaftServerImpl (RaftServerImpl.java:setRole(174)) - faa7f77f-6684-4b53-8a7a-61c7fb9cb7f4@group-AFDF365051C2: changes role from      null to FOLLOWER at term 0 for startAsFollower
2019-09-25 05:54:10,157 [pool-117-thread-1] INFO  impl.RoleInfo (RoleInfo.java:updateAndGet(143)) - faa7f77f-6684-4b53-8a7a-61c7fb9cb7f4: start FollowerState
2019-09-25 05:54:10,158 [pool-117-thread-1] INFO  util.JmxRegister (JmxRegister.java:tryRegister(44)) - Successfully registered JMX Bean with object name Ratis:service=RaftServer,group=group-AFDF365051C2,id=faa7f77f-6684-4b53-8a7a-61c7fb9cb7f4
2019-09-25 05:54:10,160 [RatisPipelineUtilsThread] INFO  pipeline.PipelineStateManager (PipelineStateManager.java:addPipeline(56)) - Created pipeline Pipeline[ Id: c836603e-c028-471a-a041-afdf365051c2, Nodes: faa7f77f-6684-4b53-8a7a-61c7fb9cb7f4{ip: 192.168.5.161, host: pr-hdds-1569-zxpks-796972592, networkLocation: /default-rack, certSerialId: null}, Type:RATIS, Factor:ONE, State:OPEN]
2019-09-25 05:54:10,161 [RatisPipelineUtilsThread] INFO  pipeline.PipelinePlacementPolicy (PipelinePlacementPolicy.java:meetCriteria(91)) - Pipeline Placement: can't place more pipeline on heavy datanode： f28e89b6-3953-4014-b5dd-5d7c12bc90a1 Heaviness: 6 limit: 5
2019-09-25 05:54:10,161 [RatisPipelineUtilsThread] INFO  pipeline.PipelinePlacementPolicy (PipelinePlacementPolicy.java:meetCriteria(91)) - Pipeline Placement: can't place more pipeline on heavy datanode： 169f835a-5a51-4a80-ac17-f8139cf3a6e7 Heaviness: 6 limit: 5
2019-09-25 05:54:10,161 [RatisPipelineUtilsThread] INFO  pipeline.PipelinePlacementPolicy (PipelinePlacementPolicy.java:meetCriteria(91)) - Pipeline Placement: can't place more pipeline on heavy datanode： a171a438-4db2-4a15-a03d-8d01a40a69ad Heaviness: 6 limit: 5
2019-09-25 05:54:10,161 [RatisPipelineUtilsThread] INFO  pipeline.PipelinePlacementPolicy (PipelinePlacementPolicy.java:meetCriteria(91)) - Pipeline Placement: can't place more pipeline on heavy datanode： f15c9da4-41cd-4d3b-befd-f91bd6a8ef15 Heaviness: 6 limit: 5
2019-09-25 05:54:10,161 [RatisPipelineUtilsThread] INFO  pipeline.PipelinePlacementPolicy (PipelinePlacementPolicy.java:meetCriteria(91)) - Pipeline Placement: can't place more pipeline on heavy datanode： 22638597-b9ac-42fc-8d80-a8fc15613fc1 Heaviness: 6 limit: 5
2019-09-25 05:54:10,162 [RatisPipelineUtilsThread] INFO  pipeline.PipelinePlacementPolicy (PipelinePlacementPolicy.java:meetCriteria(91)) - Pipeline Placement: can't place more pipeline on heavy datanode： 9b45984a-e801-4994-8f0b-759bb773fda3 Heaviness: 6 limit: 5
2019-09-25 05:54:10,162 [RatisPipelineUtilsThread] INFO  pipeline.PipelinePlacementPolicy (PipelinePlacementPolicy.java:meetCriteria(91)) - Pipeline Placement: can't place more pipeline on heavy datanode： 042645b7-d9e3-44d6-a86c-5222fd8d5aba Heaviness: 6 limit: 5
2019-09-25 05:54:10,162 [RatisPipelineUtilsThread] INFO  pipeline.PipelinePlacementPolicy (PipelinePlacementPolicy.java:meetCriteria(91)) - Pipeline Placement: can't place more pipeline on heavy datanode： a8d2df02-a9dc-4b60-9eec-a53a711ba1ae Heaviness: 6 limit: 5
2019-09-25 05:54:10,167 [grpc-default-executor-0] INFO  impl.RaftServerProxy (RaftServerProxy.java:addNew(89)) - 58f3e057-a7b1-43f9-accd-a9f9efdb249b: addNew group-FA786E5FA8B2:[58f3e057-a7b1-43f9-accd-a9f9efdb249b:192.168.5.161:39965] returns group-FA786E5FA8B2:java.util.concurrent.CompletableFuture@fadaad3[Not completed]
2019-09-25 05:54:10,168 [pool-107-thread-1] INFO  impl.RaftServerImpl (RaftServerImpl.java:<init>(95)) - 58f3e057-a7b1-43f9-accd-a9f9efdb249b: new RaftServerImpl for group-FA786E5FA8B2:[58f3e057-a7b1-43f9-accd-a9f9efdb249b:192.168.5.161:39965] with ContainerStateMachine:uninitialized
2019-09-25 05:54:10,169 [pool-107-thread-1] INFO  server.RaftServerConfigKeys (ConfUtils.java:logGet(43)) - raft.server.rpc.timeout.min = 5s (custom)
2019-09-25 05:54:10,169 [pool-107-thread-1] INFO  server.RaftServerConfigKeys (ConfUtils.java:logGet(43)) - raft.server.rpc.timeout.max = 5200ms (custom)
2019-09-25 05:54:10,169 [pool-107-thread-1] INFO  server.RaftServerConfigKeys (ConfUtils.java:logGet(43)) - raft.server.rpcslowness.timeout = 120s (custom)
2019-09-25 05:54:10,169 [pool-107-thread-1] INFO  server.RaftServerConfigKeys (ConfUtils.java:logGet(43)) - raft.server.sleep.deviation.threshold = 300 (default)
2019-09-25 05:54:10,169 [pool-107-thread-1] INFO  server.RaftServerConfigKeys (ConfUtils.java:logGet(43)) - raft.server.log.appender.install.snapshot.enabled = false (custom)
2019-09-25 05:54:10,169 [pool-107-thread-1] INFO  impl.RaftServerImpl (ServerState.java:<init>(103)) - 58f3e057-a7b1-43f9-accd-a9f9efdb249b@group-FA786E5FA8B2: ConfigurationManager, init=-1: [58f3e057-a7b1-43f9-accd-a9f9efdb249b:192.168.5.161:39965], old=null, confs=<EMPTY_MAP>
2019-09-25 05:54:10,170 [pool-107-thread-1] INFO  server.RaftServerConfigKeys (ConfUtils.java:logGet(43)) - raft.server.storage.dir = [/workdir/hadoop-ozone/ozonefs/target/test-dir/MiniOzoneClusterImpl-a7a48124-c188-483e-b9a9-787dfdcc7198/datanode-8/data/ratis] (custom)
2019-09-25 05:54:10,170 [pool-107-thread-1] INFO  storage.RaftStorageDirectory (RaftStorageDirectory.java:analyzeStorage(246)) - The storage directory /workdir/hadoop-ozone/ozonefs/target/test-dir/MiniOzoneClusterImpl-a7a48124-c188-483e-b9a9-787dfdcc7198/datanode-8/data/ratis/f2c6fd11-7bd5-4e4d-8132-fa786e5fa8b2 does not exist. Creating ...
2019-09-25 05:54:10,183 [pool-107-thread-1] INFO  storage.RaftStorageDirectory (RaftStorageDirectory.java:tryLock(328)) - Lock on /workdir/hadoop-ozone/ozonefs/target/test-dir/MiniOzoneClusterImpl-a7a48124-c188-483e-b9a9-787dfdcc7198/datanode-8/data/ratis/f2c6fd11-7bd5-4e4d-8132-fa786e5fa8b2/in_use.lock acquired by nodename 19278@pr-hdds-1569-zxpks-796972592
2019-09-25 05:54:10,196 [pool-107-thread-1] INFO  storage.RaftStorage (RaftStorage.java:format(72)) - Storage directory /workdir/hadoop-ozone/ozonefs/target/test-dir/MiniOzoneClusterImpl-a7a48124-c188-483e-b9a9-787dfdcc7198/datanode-8/data/ratis/f2c6fd11-7bd5-4e4d-8132-fa786e5fa8b2 has been successfully formatted.
2019-09-25 05:54:10,196 [pool-107-thread-1] INFO  ratis.ContainerStateMachine (ContainerStateMachine.java:loadSnapshot(230)) - group-FA786E5FA8B2: The snapshot info is null. Setting the last applied indexto:(t:0, i:~)
2019-09-25 05:54:10,196 [pool-107-thread-1] INFO  server.RaftServerConfigKeys (ConfUtils.java:logGet(43)) - raft.server.notification.no-leader.timeout = 120s (custom)
2019-09-25 05:54:10,196 [pool-107-thread-1] INFO  server.RaftServerConfigKeys (ConfUtils.java:logGet(43)) - raft.server.log.use.memory = false (default)
2019-09-25 05:54:10,197 [pool-107-thread-1] INFO  server.RaftServerConfigKeys (ConfUtils.java:logGet(43)) - raft.server.log.purge.gap = 1000000 (custom)
2019-09-25 05:54:10,197 [pool-107-thread-1] INFO  server.RaftServerConfigKeys (ConfUtils.java:logGet(43)) - raft.server.log.appender.buffer.byte-limit = 33554432 (custom)
2019-09-25 05:54:10,197 [pool-107-thread-1] INFO  server.RaftServerConfigKeys (ConfUtils.java:logGet(43)) - raft.server.log.segment.size.max = 1048576 (custom)
2019-09-25 05:54:10,197 [pool-107-thread-1] INFO  server.RaftServerConfigKeys (ConfUtils.java:logGet(43)) - raft.server.log.segment.cache.num.max = 2 (custom)
2019-09-25 05:54:10,197 [pool-107-thread-1] INFO  segmented.SegmentedRaftLogWorker (SegmentedRaftLogWorker.java:<init>(172)) - new 58f3e057-a7b1-43f9-accd-a9f9efdb249b@group-FA786E5FA8B2-SegmentedRaftLogWorker for RaftStorage:Storage Directory /workdir/hadoop-ozone/ozonefs/target/test-dir/MiniOzoneClusterImpl-a7a48124-c188-483e-b9a9-787dfdcc7198/datanode-8/data/ratis/f2c6fd11-7bd5-4e4d-8132-fa786e5fa8b2
2019-09-25 05:54:10,197 [pool-107-thread-1] INFO  server.RaftServerConfigKeys (ConfUtils.java:logGet(43)) - raft.server.log.queue.byte-limit = 2147483647 (custom)
2019-09-25 05:54:10,197 [pool-107-thread-1] INFO  server.RaftServerConfigKeys (ConfUtils.java:logGet(43)) - raft.server.log.queue.element-limit = 1024 (custom)
2019-09-25 05:54:10,198 [pool-107-thread-1] INFO  server.RaftServerConfigKeys (ConfUtils.java:logGet(43)) - raft.server.log.segment.size.max = 1048576 (custom)
2019-09-25 05:54:10,198 [pool-107-thread-1] INFO  server.RaftServerConfigKeys (ConfUtils.java:logGet(43)) - raft.server.log.preallocated.size = 16384 (custom)
2019-09-25 05:54:10,198 [pool-107-thread-1] INFO  server.RaftServerConfigKeys (ConfUtils.java:logGet(43)) - raft.server.log.write.buffer.size = 33554432 (custom)
2019-09-25 05:54:10,198 [pool-107-thread-1] INFO  server.RaftServerConfigKeys (ConfUtils.java:logGet(43)) - raft.server.log.force.sync.num = 128 (default)
2019-09-25 05:54:10,198 [pool-107-thread-1] INFO  server.RaftServerConfigKeys (ConfUtils.java:logGet(43)) - raft.server.log.statemachine.data.sync = true (default)
2019-09-25 05:54:10,198 [pool-107-thread-1] INFO  server.RaftServerConfigKeys (ConfUtils.java:logGet(43)) - raft.server.log.statemachine.data.sync.timeout = 10s (default)
2019-09-25 05:54:10,199 [pool-107-thread-1] INFO  server.RaftServerConfigKeys (ConfUtils.java:logGet(43)) - raft.server.log.statemachine.data.sync.timeout.retry = -1 (default)
2019-09-25 05:54:10,199 [pool-107-thread-1] INFO  server.RaftServerConfigKeys (ConfUtils.java:logGet(43)) - raft.server.log.statemachine.data.caching.enabled = true (custom)
2019-09-25 05:54:10,199 [pool-107-thread-1] INFO  segmented.SegmentedRaftLogWorker (SegmentedRaftLogWorker.java:lambda$new$0(132)) - 58f3e057-a7b1-43f9-accd-a9f9efdb249b@group-FA786E5FA8B2-SegmentedRaftLogWorker: flushIndex: setUnconditionally 0 -> -1
2019-09-25 05:54:10,199 [pool-107-thread-1] INFO  server.RaftServerConfigKeys (ConfUtils.java:logGet(43)) - raft.server.snapshot.auto.trigger.enabled = true (custom)
2019-09-25 05:54:10,200 [pool-107-thread-1] INFO  server.RaftServerConfigKeys (ConfUtils.java:logGet(43)) - raft.server.snapshot.auto.trigger.threshold = 10000 (custom)
2019-09-25 05:54:10,200 [pool-107-thread-1] INFO  server.RaftServerConfigKeys (ConfUtils.java:logGet(43)) - raft.server.snapshot.retention.num.files = 5 (custom)
2019-09-25 05:54:10,200 [pool-107-thread-1] INFO  server.RaftServerConfigKeys (ConfUtils.java:logGet(43)) - raft.server.retrycache.expirytime = 600000ms (custom)
2019-09-25 05:54:10,202 [pool-107-thread-1] INFO  impl.RaftServerImpl (RaftServerImpl.java:start(185)) - 58f3e057-a7b1-43f9-accd-a9f9efdb249b@group-FA786E5FA8B2: start as a follower, conf=-1: [58f3e057-a7b1-43f9-accd-a9f9efdb249b:192.168.5.161:39965], old=null
2019-09-25 05:54:10,203 [pool-107-thread-1] INFO  impl.RaftServerImpl (RaftServerImpl.java:setRole(174)) - 58f3e057-a7b1-43f9-accd-a9f9efdb249b@group-FA786E5FA8B2: changes role from      null to FOLLOWER at term 0 for startAsFollower
2019-09-25 05:54:10,203 [pool-107-thread-1] INFO  impl.RoleInfo (RoleInfo.java:updateAndGet(143)) - 58f3e057-a7b1-43f9-accd-a9f9efdb249b: start FollowerState
2019-09-25 05:54:10,203 [pool-107-thread-1] INFO  util.JmxRegister (JmxRegister.java:tryRegister(44)) - Successfully registered JMX Bean with object name Ratis:service=RaftServer,group=group-FA786E5FA8B2,id=58f3e057-a7b1-43f9-accd-a9f9efdb249b
2019-09-25 05:54:10,206 [RatisPipelineUtilsThread] INFO  pipeline.PipelineStateManager (PipelineStateManager.java:addPipeline(56)) - Created pipeline Pipeline[ Id: f2c6fd11-7bd5-4e4d-8132-fa786e5fa8b2, Nodes: 58f3e057-a7b1-43f9-accd-a9f9efdb249b{ip: 192.168.5.161, host: pr-hdds-1569-zxpks-796972592, networkLocation: /default-rack, certSerialId: null}, Type:RATIS, Factor:ONE, State:OPEN]
2019-09-25 05:54:10,206 [RatisPipelineUtilsThread] INFO  pipeline.PipelinePlacementPolicy (PipelinePlacementPolicy.java:meetCriteria(91)) - Pipeline Placement: can't place more pipeline on heavy datanode： f28e89b6-3953-4014-b5dd-5d7c12bc90a1 Heaviness: 6 limit: 5
2019-09-25 05:54:10,206 [RatisPipelineUtilsThread] INFO  pipeline.PipelinePlacementPolicy (PipelinePlacementPolicy.java:meetCriteria(91)) - Pipeline Placement: can't place more pipeline on heavy datanode： 169f835a-5a51-4a80-ac17-f8139cf3a6e7 Heaviness: 6 limit: 5
2019-09-25 05:54:10,206 [RatisPipelineUtilsThread] INFO  pipeline.PipelinePlacementPolicy (PipelinePlacementPolicy.java:meetCriteria(91)) - Pipeline Placement: can't place more pipeline on heavy datanode： a171a438-4db2-4a15-a03d-8d01a40a69ad Heaviness: 6 limit: 5
2019-09-25 05:54:10,206 [RatisPipelineUtilsThread] INFO  pipeline.PipelinePlacementPolicy (PipelinePlacementPolicy.java:meetCriteria(91)) - Pipeline Placement: can't place more pipeline on heavy datanode： f15c9da4-41cd-4d3b-befd-f91bd6a8ef15 Heaviness: 6 limit: 5
2019-09-25 05:54:10,206 [RatisPipelineUtilsThread] INFO  pipeline.PipelinePlacementPolicy (PipelinePlacementPolicy.java:meetCriteria(91)) - Pipeline Placement: can't place more pipeline on heavy datanode： 22638597-b9ac-42fc-8d80-a8fc15613fc1 Heaviness: 6 limit: 5
2019-09-25 05:54:10,207 [RatisPipelineUtilsThread] INFO  pipeline.PipelinePlacementPolicy (PipelinePlacementPolicy.java:meetCriteria(91)) - Pipeline Placement: can't place more pipeline on heavy datanode： 58f3e057-a7b1-43f9-accd-a9f9efdb249b Heaviness: 6 limit: 5
2019-09-25 05:54:10,207 [RatisPipelineUtilsThread] INFO  pipeline.PipelinePlacementPolicy (PipelinePlacementPolicy.java:meetCriteria(91)) - Pipeline Placement: can't place more pipeline on heavy datanode： 9b45984a-e801-4994-8f0b-759bb773fda3 Heaviness: 6 limit: 5
2019-09-25 05:54:10,207 [RatisPipelineUtilsThread] INFO  pipeline.PipelinePlacementPolicy (PipelinePlacementPolicy.java:meetCriteria(91)) - Pipeline Placement: can't place more pipeline on heavy datanode： 042645b7-d9e3-44d6-a86c-5222fd8d5aba Heaviness: 6 limit: 5
2019-09-25 05:54:10,207 [RatisPipelineUtilsThread] INFO  pipeline.PipelinePlacementPolicy (PipelinePlacementPolicy.java:meetCriteria(91)) - Pipeline Placement: can't place more pipeline on heavy datanode： a8d2df02-a9dc-4b60-9eec-a53a711ba1ae Heaviness: 6 limit: 5
2019-09-25 05:54:10,212 [grpc-default-executor-0] INFO  impl.RaftServerProxy (RaftServerProxy.java:addNew(89)) - faa7f77f-6684-4b53-8a7a-61c7fb9cb7f4: addNew group-854668E17376:[faa7f77f-6684-4b53-8a7a-61c7fb9cb7f4:192.168.5.161:41397] returns group-854668E17376:java.util.concurrent.CompletableFuture@2832306b[Not completed]
2019-09-25 05:54:10,213 [pool-117-thread-1] INFO  impl.RaftServerImpl (RaftServerImpl.java:<init>(95)) - faa7f77f-6684-4b53-8a7a-61c7fb9cb7f4: new RaftServerImpl for group-854668E17376:[faa7f77f-6684-4b53-8a7a-61c7fb9cb7f4:192.168.5.161:41397] with ContainerStateMachine:uninitialized
2019-09-25 05:54:10,214 [pool-117-thread-1] INFO  server.RaftServerConfigKeys (ConfUtils.java:logGet(43)) - raft.server.rpc.timeout.min = 5s (custom)
2019-09-25 05:54:10,214 [pool-117-thread-1] INFO  server.RaftServerConfigKeys (ConfUtils.java:logGet(43)) - raft.server.rpc.timeout.max = 5200ms (custom)
2019-09-25 05:54:10,214 [pool-117-thread-1] INFO  server.RaftServerConfigKeys (ConfUtils.java:logGet(43)) - raft.server.rpcslowness.timeout = 120s (custom)
2019-09-25 05:54:10,214 [pool-117-thread-1] INFO  server.RaftServerConfigKeys (ConfUtils.java:logGet(43)) - raft.server.sleep.deviation.threshold = 300 (default)
2019-09-25 05:54:10,214 [pool-117-thread-1] INFO  server.RaftServerConfigKeys (ConfUtils.java:logGet(43)) - raft.server.log.appender.install.snapshot.enabled = false (custom)
2019-09-25 05:54:10,214 [pool-117-thread-1] INFO  impl.RaftServerImpl (ServerState.java:<init>(103)) - faa7f77f-6684-4b53-8a7a-61c7fb9cb7f4@group-854668E17376: ConfigurationManager, init=-1: [faa7f77f-6684-4b53-8a7a-61c7fb9cb7f4:192.168.5.161:41397], old=null, confs=<EMPTY_MAP>
2019-09-25 05:54:10,214 [pool-117-thread-1] INFO  server.RaftServerConfigKeys (ConfUtils.java:logGet(43)) - raft.server.storage.dir = [/workdir/hadoop-ozone/ozonefs/target/test-dir/MiniOzoneClusterImpl-a7a48124-c188-483e-b9a9-787dfdcc7198/datanode-9/data/ratis] (custom)
2019-09-25 05:54:10,215 [pool-117-thread-1] INFO  storage.RaftStorageDirectory (RaftStorageDirectory.java:analyzeStorage(246)) - The storage directory /workdir/hadoop-ozone/ozonefs/target/test-dir/MiniOzoneClusterImpl-a7a48124-c188-483e-b9a9-787dfdcc7198/datanode-9/data/ratis/8308b3b8-daeb-4861-9a13-854668e17376 does not exist. Creating ...
2019-09-25 05:54:10,227 [pool-117-thread-1] INFO  storage.RaftStorageDirectory (RaftStorageDirectory.java:tryLock(328)) - Lock on /workdir/hadoop-ozone/ozonefs/target/test-dir/MiniOzoneClusterImpl-a7a48124-c188-483e-b9a9-787dfdcc7198/datanode-9/data/ratis/8308b3b8-daeb-4861-9a13-854668e17376/in_use.lock acquired by nodename 19278@pr-hdds-1569-zxpks-796972592
2019-09-25 05:54:10,230 [pool-117-thread-1] INFO  storage.RaftStorage (RaftStorage.java:format(72)) - Storage directory /workdir/hadoop-ozone/ozonefs/target/test-dir/MiniOzoneClusterImpl-a7a48124-c188-483e-b9a9-787dfdcc7198/datanode-9/data/ratis/8308b3b8-daeb-4861-9a13-854668e17376 has been successfully formatted.
2019-09-25 05:54:10,231 [pool-117-thread-1] INFO  ratis.ContainerStateMachine (ContainerStateMachine.java:loadSnapshot(230)) - group-854668E17376: The snapshot info is null. Setting the last applied indexto:(t:0, i:~)
2019-09-25 05:54:10,231 [pool-117-thread-1] INFO  server.RaftServerConfigKeys (ConfUtils.java:logGet(43)) - raft.server.notification.no-leader.timeout = 120s (custom)
2019-09-25 05:54:10,231 [pool-117-thread-1] INFO  server.RaftServerConfigKeys (ConfUtils.java:logGet(43)) - raft.server.log.use.memory = false (default)
2019-09-25 05:54:10,231 [pool-117-thread-1] INFO  server.RaftServerConfigKeys (ConfUtils.java:logGet(43)) - raft.server.log.purge.gap = 1000000 (custom)
2019-09-25 05:54:10,231 [pool-117-thread-1] INFO  server.RaftServerConfigKeys (ConfUtils.java:logGet(43)) - raft.server.log.appender.buffer.byte-limit = 33554432 (custom)
2019-09-25 05:54:10,231 [pool-117-thread-1] INFO  server.RaftServerConfigKeys (ConfUtils.java:logGet(43)) - raft.server.log.segment.size.max = 1048576 (custom)
2019-09-25 05:54:10,231 [pool-117-thread-1] INFO  server.RaftServerConfigKeys (ConfUtils.java:logGet(43)) - raft.server.log.segment.cache.num.max = 2 (custom)
2019-09-25 05:54:10,232 [pool-117-thread-1] INFO  segmented.SegmentedRaftLogWorker (SegmentedRaftLogWorker.java:<init>(172)) - new faa7f77f-6684-4b53-8a7a-61c7fb9cb7f4@group-854668E17376-SegmentedRaftLogWorker for RaftStorage:Storage Directory /workdir/hadoop-ozone/ozonefs/target/test-dir/MiniOzoneClusterImpl-a7a48124-c188-483e-b9a9-787dfdcc7198/datanode-9/data/ratis/8308b3b8-daeb-4861-9a13-854668e17376
2019-09-25 05:54:10,232 [pool-117-thread-1] INFO  server.RaftServerConfigKeys (ConfUtils.java:logGet(43)) - raft.server.log.queue.byte-limit = 2147483647 (custom)
2019-09-25 05:54:10,232 [pool-117-thread-1] INFO  server.RaftServerConfigKeys (ConfUtils.java:logGet(43)) - raft.server.log.queue.element-limit = 1024 (custom)
2019-09-25 05:54:10,232 [pool-117-thread-1] INFO  server.RaftServerConfigKeys (ConfUtils.java:logGet(43)) - raft.server.log.segment.size.max = 1048576 (custom)
2019-09-25 05:54:10,232 [pool-117-thread-1] INFO  server.RaftServerConfigKeys (ConfUtils.java:logGet(43)) - raft.server.log.preallocated.size = 16384 (custom)
2019-09-25 05:54:10,232 [pool-117-thread-1] INFO  server.RaftServerConfigKeys (ConfUtils.java:logGet(43)) - raft.server.log.write.buffer.size = 33554432 (custom)
2019-09-25 05:54:10,233 [pool-117-thread-1] INFO  server.RaftServerConfigKeys (ConfUtils.java:logGet(43)) - raft.server.log.force.sync.num = 128 (default)
2019-09-25 05:54:10,233 [pool-117-thread-1] INFO  server.RaftServerConfigKeys (ConfUtils.java:logGet(43)) - raft.server.log.statemachine.data.sync = true (default)
2019-09-25 05:54:10,233 [pool-117-thread-1] INFO  server.RaftServerConfigKeys (ConfUtils.java:logGet(43)) - raft.server.log.statemachine.data.sync.timeout = 10s (default)
2019-09-25 05:54:10,233 [pool-117-thread-1] INFO  server.RaftServerConfigKeys (ConfUtils.java:logGet(43)) - raft.server.log.statemachine.data.sync.timeout.retry = -1 (default)
2019-09-25 05:54:10,233 [pool-117-thread-1] INFO  server.RaftServerConfigKeys (ConfUtils.java:logGet(43)) - raft.server.log.statemachine.data.caching.enabled = true (custom)
2019-09-25 05:54:10,234 [pool-117-thread-1] INFO  segmented.SegmentedRaftLogWorker (SegmentedRaftLogWorker.java:lambda$new$0(132)) - faa7f77f-6684-4b53-8a7a-61c7fb9cb7f4@group-854668E17376-SegmentedRaftLogWorker: flushIndex: setUnconditionally 0 -> -1
2019-09-25 05:54:10,234 [pool-117-thread-1] INFO  server.RaftServerConfigKeys (ConfUtils.java:logGet(43)) - raft.server.snapshot.auto.trigger.enabled = true (custom)
2019-09-25 05:54:10,234 [pool-117-thread-1] INFO  server.RaftServerConfigKeys (ConfUtils.java:logGet(43)) - raft.server.snapshot.auto.trigger.threshold = 10000 (custom)
2019-09-25 05:54:10,234 [pool-117-thread-1] INFO  server.RaftServerConfigKeys (ConfUtils.java:logGet(43)) - raft.server.snapshot.retention.num.files = 5 (custom)
2019-09-25 05:54:10,234 [pool-117-thread-1] INFO  server.RaftServerConfigKeys (ConfUtils.java:logGet(43)) - raft.server.retrycache.expirytime = 600000ms (custom)
2019-09-25 05:54:10,237 [pool-117-thread-1] INFO  impl.RaftServerImpl (RaftServerImpl.java:start(185)) - faa7f77f-6684-4b53-8a7a-61c7fb9cb7f4@group-854668E17376: start as a follower, conf=-1: [faa7f77f-6684-4b53-8a7a-61c7fb9cb7f4:192.168.5.161:41397], old=null
2019-09-25 05:54:10,237 [pool-117-thread-1] INFO  impl.RaftServerImpl (RaftServerImpl.java:setRole(174)) - faa7f77f-6684-4b53-8a7a-61c7fb9cb7f4@group-854668E17376: changes role from      null to FOLLOWER at term 0 for startAsFollower
2019-09-25 05:54:10,237 [pool-117-thread-1] INFO  impl.RoleInfo (RoleInfo.java:updateAndGet(143)) - faa7f77f-6684-4b53-8a7a-61c7fb9cb7f4: start FollowerState
2019-09-25 05:54:10,237 [pool-117-thread-1] INFO  util.JmxRegister (JmxRegister.java:tryRegister(44)) - Successfully registered JMX Bean with object name Ratis:service=RaftServer,group=group-854668E17376,id=faa7f77f-6684-4b53-8a7a-61c7fb9cb7f4
2019-09-25 05:54:10,240 [RatisPipelineUtilsThread] INFO  pipeline.PipelineStateManager (PipelineStateManager.java:addPipeline(56)) - Created pipeline Pipeline[ Id: 8308b3b8-daeb-4861-9a13-854668e17376, Nodes: faa7f77f-6684-4b53-8a7a-61c7fb9cb7f4{ip: 192.168.5.161, host: pr-hdds-1569-zxpks-796972592, networkLocation: /default-rack, certSerialId: null}, Type:RATIS, Factor:ONE, State:OPEN]
2019-09-25 05:54:10,240 [RatisPipelineUtilsThread] INFO  pipeline.PipelinePlacementPolicy (PipelinePlacementPolicy.java:meetCriteria(91)) - Pipeline Placement: can't place more pipeline on heavy datanode： f28e89b6-3953-4014-b5dd-5d7c12bc90a1 Heaviness: 6 limit: 5
2019-09-25 05:54:10,240 [RatisPipelineUtilsThread] INFO  pipeline.PipelinePlacementPolicy (PipelinePlacementPolicy.java:meetCriteria(91)) - Pipeline Placement: can't place more pipeline on heavy datanode： 169f835a-5a51-4a80-ac17-f8139cf3a6e7 Heaviness: 6 limit: 5
2019-09-25 05:54:10,240 [RatisPipelineUtilsThread] INFO  pipeline.PipelinePlacementPolicy (PipelinePlacementPolicy.java:meetCriteria(91)) - Pipeline Placement: can't place more pipeline on heavy datanode： a171a438-4db2-4a15-a03d-8d01a40a69ad Heaviness: 6 limit: 5
2019-09-25 05:54:10,241 [RatisPipelineUtilsThread] INFO  pipeline.PipelinePlacementPolicy (PipelinePlacementPolicy.java:meetCriteria(91)) - Pipeline Placement: can't place more pipeline on heavy datanode： f15c9da4-41cd-4d3b-befd-f91bd6a8ef15 Heaviness: 6 limit: 5
2019-09-25 05:54:10,241 [RatisPipelineUtilsThread] INFO  pipeline.PipelinePlacementPolicy (PipelinePlacementPolicy.java:meetCriteria(91)) - Pipeline Placement: can't place more pipeline on heavy datanode： 22638597-b9ac-42fc-8d80-a8fc15613fc1 Heaviness: 6 limit: 5
2019-09-25 05:54:10,241 [RatisPipelineUtilsThread] INFO  pipeline.PipelinePlacementPolicy (PipelinePlacementPolicy.java:meetCriteria(91)) - Pipeline Placement: can't place more pipeline on heavy datanode： 58f3e057-a7b1-43f9-accd-a9f9efdb249b Heaviness: 6 limit: 5
2019-09-25 05:54:10,241 [RatisPipelineUtilsThread] INFO  pipeline.PipelinePlacementPolicy (PipelinePlacementPolicy.java:meetCriteria(91)) - Pipeline Placement: can't place more pipeline on heavy datanode： 9b45984a-e801-4994-8f0b-759bb773fda3 Heaviness: 6 limit: 5
2019-09-25 05:54:10,241 [RatisPipelineUtilsThread] INFO  pipeline.PipelinePlacementPolicy (PipelinePlacementPolicy.java:meetCriteria(91)) - Pipeline Placement: can't place more pipeline on heavy datanode： 042645b7-d9e3-44d6-a86c-5222fd8d5aba Heaviness: 6 limit: 5
2019-09-25 05:54:10,241 [RatisPipelineUtilsThread] INFO  pipeline.PipelinePlacementPolicy (PipelinePlacementPolicy.java:meetCriteria(91)) - Pipeline Placement: can't place more pipeline on heavy datanode： a8d2df02-a9dc-4b60-9eec-a53a711ba1ae Heaviness: 6 limit: 5
2019-09-25 05:54:10,244 [Thread-285] INFO  impl.FollowerState (FollowerState.java:run(106)) - a171a438-4db2-4a15-a03d-8d01a40a69ad:group-BB542926E615 changes to CANDIDATE, lastRpcTime:5067, electionTimeout:5067ms
2019-09-25 05:54:10,246 [Thread-285] INFO  impl.RoleInfo (RoleInfo.java:shutdownFollowerState(121)) - a171a438-4db2-4a15-a03d-8d01a40a69ad: shutdown FollowerState
2019-09-25 05:54:10,246 [grpc-default-executor-0] INFO  impl.RaftServerProxy (RaftServerProxy.java:addNew(89)) - faa7f77f-6684-4b53-8a7a-61c7fb9cb7f4: addNew group-A8ACEFD8352F:[faa7f77f-6684-4b53-8a7a-61c7fb9cb7f4:192.168.5.161:41397] returns group-A8ACEFD8352F:java.util.concurrent.CompletableFuture@4ae9a111[Not completed]
2019-09-25 05:54:10,246 [Thread-285] INFO  impl.RaftServerImpl (RaftServerImpl.java:setRole(174)) - a171a438-4db2-4a15-a03d-8d01a40a69ad@group-BB542926E615: changes role from  FOLLOWER to CANDIDATE at term 0 for changeToCandidate
2019-09-25 05:54:10,247 [pool-117-thread-1] INFO  impl.RaftServerImpl (RaftServerImpl.java:<init>(95)) - faa7f77f-6684-4b53-8a7a-61c7fb9cb7f4: new RaftServerImpl for group-A8ACEFD8352F:[faa7f77f-6684-4b53-8a7a-61c7fb9cb7f4:192.168.5.161:41397] with ContainerStateMachine:uninitialized
2019-09-25 05:54:10,247 [pool-117-thread-1] INFO  server.RaftServerConfigKeys (ConfUtils.java:logGet(43)) - raft.server.rpc.timeout.min = 5s (custom)
2019-09-25 05:54:10,248 [pool-117-thread-1] INFO  server.RaftServerConfigKeys (ConfUtils.java:logGet(43)) - raft.server.rpc.timeout.max = 5200ms (custom)
2019-09-25 05:54:10,248 [pool-117-thread-1] INFO  server.RaftServerConfigKeys (ConfUtils.java:logGet(43)) - raft.server.rpcslowness.timeout = 120s (custom)
2019-09-25 05:54:10,248 [pool-117-thread-1] INFO  server.RaftServerConfigKeys (ConfUtils.java:logGet(43)) - raft.server.sleep.deviation.threshold = 300 (default)
2019-09-25 05:54:10,248 [pool-117-thread-1] INFO  server.RaftServerConfigKeys (ConfUtils.java:logGet(43)) - raft.server.log.appender.install.snapshot.enabled = false (custom)
2019-09-25 05:54:10,248 [pool-117-thread-1] INFO  impl.RaftServerImpl (ServerState.java:<init>(103)) - faa7f77f-6684-4b53-8a7a-61c7fb9cb7f4@group-A8ACEFD8352F: ConfigurationManager, init=-1: [faa7f77f-6684-4b53-8a7a-61c7fb9cb7f4:192.168.5.161:41397], old=null, confs=<EMPTY_MAP>
2019-09-25 05:54:10,248 [pool-117-thread-1] INFO  server.RaftServerConfigKeys (ConfUtils.java:logGet(43)) - raft.server.storage.dir = [/workdir/hadoop-ozone/ozonefs/target/test-dir/MiniOzoneClusterImpl-a7a48124-c188-483e-b9a9-787dfdcc7198/datanode-9/data/ratis] (custom)
2019-09-25 05:54:10,249 [pool-117-thread-1] INFO  storage.RaftStorageDirectory (RaftStorageDirectory.java:analyzeStorage(246)) - The storage directory /workdir/hadoop-ozone/ozonefs/target/test-dir/MiniOzoneClusterImpl-a7a48124-c188-483e-b9a9-787dfdcc7198/datanode-9/data/ratis/0c9edb85-b695-4479-99f8-a8acefd8352f does not exist. Creating ...
2019-09-25 05:54:10,251 [Thread-285] INFO  impl.RoleInfo (RoleInfo.java:updateAndGet(143)) - a171a438-4db2-4a15-a03d-8d01a40a69ad: start LeaderElection
2019-09-25 05:54:10,256 [pool-117-thread-1] INFO  storage.RaftStorageDirectory (RaftStorageDirectory.java:tryLock(328)) - Lock on /workdir/hadoop-ozone/ozonefs/target/test-dir/MiniOzoneClusterImpl-a7a48124-c188-483e-b9a9-787dfdcc7198/datanode-9/data/ratis/0c9edb85-b695-4479-99f8-a8acefd8352f/in_use.lock acquired by nodename 19278@pr-hdds-1569-zxpks-796972592
2019-09-25 05:54:10,296 [pool-117-thread-1] INFO  storage.RaftStorage (RaftStorage.java:format(72)) - Storage directory /workdir/hadoop-ozone/ozonefs/target/test-dir/MiniOzoneClusterImpl-a7a48124-c188-483e-b9a9-787dfdcc7198/datanode-9/data/ratis/0c9edb85-b695-4479-99f8-a8acefd8352f has been successfully formatted.
2019-09-25 05:54:10,296 [a171a438-4db2-4a15-a03d-8d01a40a69ad@group-BB542926E615:LeaderElection1] INFO  impl.LeaderElection (LeaderElection.java:askForVotes(182)) - a171a438-4db2-4a15-a03d-8d01a40a69ad@group-BB542926E615:LeaderElection1: begin an election at term 1 for -1: [a171a438-4db2-4a15-a03d-8d01a40a69ad:192.168.5.161:39877], old=null
2019-09-25 05:54:10,296 [pool-117-thread-1] INFO  ratis.ContainerStateMachine (ContainerStateMachine.java:loadSnapshot(230)) - group-A8ACEFD8352F: The snapshot info is null. Setting the last applied indexto:(t:0, i:~)
2019-09-25 05:54:10,297 [pool-117-thread-1] INFO  server.RaftServerConfigKeys (ConfUtils.java:logGet(43)) - raft.server.notification.no-leader.timeout = 120s (custom)
2019-09-25 05:54:10,297 [pool-117-thread-1] INFO  server.RaftServerConfigKeys (ConfUtils.java:logGet(43)) - raft.server.log.use.memory = false (default)
2019-09-25 05:54:10,297 [pool-117-thread-1] INFO  server.RaftServerConfigKeys (ConfUtils.java:logGet(43)) - raft.server.log.purge.gap = 1000000 (custom)
2019-09-25 05:54:10,297 [pool-117-thread-1] INFO  server.RaftServerConfigKeys (ConfUtils.java:logGet(43)) - raft.server.log.appender.buffer.byte-limit = 33554432 (custom)
2019-09-25 05:54:10,297 [pool-117-thread-1] INFO  server.RaftServerConfigKeys (ConfUtils.java:logGet(43)) - raft.server.log.segment.size.max = 1048576 (custom)
2019-09-25 05:54:10,297 [pool-117-thread-1] INFO  server.RaftServerConfigKeys (ConfUtils.java:logGet(43)) - raft.server.log.segment.cache.num.max = 2 (custom)
2019-09-25 05:54:10,298 [pool-117-thread-1] INFO  segmented.SegmentedRaftLogWorker (SegmentedRaftLogWorker.java:<init>(172)) - new faa7f77f-6684-4b53-8a7a-61c7fb9cb7f4@group-A8ACEFD8352F-SegmentedRaftLogWorker for RaftStorage:Storage Directory /workdir/hadoop-ozone/ozonefs/target/test-dir/MiniOzoneClusterImpl-a7a48124-c188-483e-b9a9-787dfdcc7198/datanode-9/data/ratis/0c9edb85-b695-4479-99f8-a8acefd8352f
2019-09-25 05:54:10,298 [pool-117-thread-1] INFO  server.RaftServerConfigKeys (ConfUtils.java:logGet(43)) - raft.server.log.queue.byte-limit = 2147483647 (custom)
2019-09-25 05:54:10,298 [pool-117-thread-1] INFO  server.RaftServerConfigKeys (ConfUtils.java:logGet(43)) - raft.server.log.queue.element-limit = 1024 (custom)
2019-09-25 05:54:10,298 [pool-117-thread-1] INFO  server.RaftServerConfigKeys (ConfUtils.java:logGet(43)) - raft.server.log.segment.size.max = 1048576 (custom)
2019-09-25 05:54:10,298 [pool-117-thread-1] INFO  server.RaftServerConfigKeys (ConfUtils.java:logGet(43)) - raft.server.log.preallocated.size = 16384 (custom)
2019-09-25 05:54:10,298 [pool-117-thread-1] INFO  server.RaftServerConfigKeys (ConfUtils.java:logGet(43)) - raft.server.log.write.buffer.size = 33554432 (custom)
2019-09-25 05:54:10,298 [pool-117-thread-1] INFO  server.RaftServerConfigKeys (ConfUtils.java:logGet(43)) - raft.server.log.force.sync.num = 128 (default)
2019-09-25 05:54:10,299 [pool-117-thread-1] INFO  server.RaftServerConfigKeys (ConfUtils.java:logGet(43)) - raft.server.log.statemachine.data.sync = true (default)
2019-09-25 05:54:10,299 [a171a438-4db2-4a15-a03d-8d01a40a69ad@group-BB542926E615:LeaderElection1] INFO  impl.RoleInfo (RoleInfo.java:shutdownLeaderElection(134)) - a171a438-4db2-4a15-a03d-8d01a40a69ad: shutdown LeaderElection
2019-09-25 05:54:10,299 [pool-117-thread-1] INFO  server.RaftServerConfigKeys (ConfUtils.java:logGet(43)) - raft.server.log.statemachine.data.sync.timeout = 10s (default)
2019-09-25 05:54:10,299 [pool-117-thread-1] INFO  server.RaftServerConfigKeys (ConfUtils.java:logGet(43)) - raft.server.log.statemachine.data.sync.timeout.retry = -1 (default)
2019-09-25 05:54:10,299 [pool-117-thread-1] INFO  server.RaftServerConfigKeys (ConfUtils.java:logGet(43)) - raft.server.log.statemachine.data.caching.enabled = true (custom)
2019-09-25 05:54:10,299 [a171a438-4db2-4a15-a03d-8d01a40a69ad@group-BB542926E615:LeaderElection1] INFO  impl.RaftServerImpl (RaftServerImpl.java:setRole(174)) - a171a438-4db2-4a15-a03d-8d01a40a69ad@group-BB542926E615: changes role from CANDIDATE to LEADER at term 1 for changeToLeader
2019-09-25 05:54:10,299 [pool-117-thread-1] INFO  segmented.SegmentedRaftLogWorker (SegmentedRaftLogWorker.java:lambda$new$0(132)) - faa7f77f-6684-4b53-8a7a-61c7fb9cb7f4@group-A8ACEFD8352F-SegmentedRaftLogWorker: flushIndex: setUnconditionally 0 -> -1
2019-09-25 05:54:10,300 [a171a438-4db2-4a15-a03d-8d01a40a69ad@group-BB542926E615:LeaderElection1] INFO  impl.RaftServerImpl (ServerState.java:setLeader(253)) - a171a438-4db2-4a15-a03d-8d01a40a69ad@group-BB542926E615: change Leader from null to a171a438-4db2-4a15-a03d-8d01a40a69ad at term 1 for becomeLeader, leader elected after 5266ms
2019-09-25 05:54:10,300 [pool-117-thread-1] INFO  server.RaftServerConfigKeys (ConfUtils.java:logGet(43)) - raft.server.snapshot.auto.trigger.enabled = true (custom)
2019-09-25 05:54:10,300 [pool-117-thread-1] INFO  server.RaftServerConfigKeys (ConfUtils.java:logGet(43)) - raft.server.snapshot.auto.trigger.threshold = 10000 (custom)
2019-09-25 05:54:10,300 [pool-117-thread-1] INFO  server.RaftServerConfigKeys (ConfUtils.java:logGet(43)) - raft.server.snapshot.retention.num.files = 5 (custom)
2019-09-25 05:54:10,300 [pool-117-thread-1] INFO  server.RaftServerConfigKeys (ConfUtils.java:logGet(43)) - raft.server.retrycache.expirytime = 600000ms (custom)
2019-09-25 05:54:10,303 [pool-117-thread-1] INFO  impl.RaftServerImpl (RaftServerImpl.java:start(185)) - faa7f77f-6684-4b53-8a7a-61c7fb9cb7f4@group-A8ACEFD8352F: start as a follower, conf=-1: [faa7f77f-6684-4b53-8a7a-61c7fb9cb7f4:192.168.5.161:41397], old=null
2019-09-25 05:54:10,303 [pool-117-thread-1] INFO  impl.RaftServerImpl (RaftServerImpl.java:setRole(174)) - faa7f77f-6684-4b53-8a7a-61c7fb9cb7f4@group-A8ACEFD8352F: changes role from      null to FOLLOWER at term 0 for startAsFollower
2019-09-25 05:54:10,303 [pool-117-thread-1] INFO  impl.RoleInfo (RoleInfo.java:updateAndGet(143)) - faa7f77f-6684-4b53-8a7a-61c7fb9cb7f4: start FollowerState
2019-09-25 05:54:10,303 [pool-117-thread-1] INFO  util.JmxRegister (JmxRegister.java:tryRegister(44)) - Successfully registered JMX Bean with object name Ratis:service=RaftServer,group=group-A8ACEFD8352F,id=faa7f77f-6684-4b53-8a7a-61c7fb9cb7f4
2019-09-25 05:54:10,306 [RatisPipelineUtilsThread] INFO  pipeline.PipelineStateManager (PipelineStateManager.java:addPipeline(56)) - Created pipeline Pipeline[ Id: 0c9edb85-b695-4479-99f8-a8acefd8352f, Nodes: faa7f77f-6684-4b53-8a7a-61c7fb9cb7f4{ip: 192.168.5.161, host: pr-hdds-1569-zxpks-796972592, networkLocation: /default-rack, certSerialId: null}, Type:RATIS, Factor:ONE, State:OPEN]
2019-09-25 05:54:10,307 [RatisPipelineUtilsThread] INFO  pipeline.PipelinePlacementPolicy (PipelinePlacementPolicy.java:meetCriteria(91)) - Pipeline Placement: can't place more pipeline on heavy datanode： f28e89b6-3953-4014-b5dd-5d7c12bc90a1 Heaviness: 6 limit: 5
2019-09-25 05:54:10,307 [RatisPipelineUtilsThread] INFO  pipeline.PipelinePlacementPolicy (PipelinePlacementPolicy.java:meetCriteria(91)) - Pipeline Placement: can't place more pipeline on heavy datanode： 169f835a-5a51-4a80-ac17-f8139cf3a6e7 Heaviness: 6 limit: 5
2019-09-25 05:54:10,307 [RatisPipelineUtilsThread] INFO  pipeline.PipelinePlacementPolicy (PipelinePlacementPolicy.java:meetCriteria(91)) - Pipeline Placement: can't place more pipeline on heavy datanode： a171a438-4db2-4a15-a03d-8d01a40a69ad Heaviness: 6 limit: 5
2019-09-25 05:54:10,307 [RatisPipelineUtilsThread] INFO  pipeline.PipelinePlacementPolicy (PipelinePlacementPolicy.java:meetCriteria(91)) - Pipeline Placement: can't place more pipeline on heavy datanode： f15c9da4-41cd-4d3b-befd-f91bd6a8ef15 Heaviness: 6 limit: 5
2019-09-25 05:54:10,307 [RatisPipelineUtilsThread] INFO  pipeline.PipelinePlacementPolicy (PipelinePlacementPolicy.java:meetCriteria(91)) - Pipeline Placement: can't place more pipeline on heavy datanode： 22638597-b9ac-42fc-8d80-a8fc15613fc1 Heaviness: 6 limit: 5
2019-09-25 05:54:10,308 [RatisPipelineUtilsThread] INFO  pipeline.PipelinePlacementPolicy (PipelinePlacementPolicy.java:meetCriteria(91)) - Pipeline Placement: can't place more pipeline on heavy datanode： 58f3e057-a7b1-43f9-accd-a9f9efdb249b Heaviness: 6 limit: 5
2019-09-25 05:54:10,308 [RatisPipelineUtilsThread] INFO  pipeline.PipelinePlacementPolicy (PipelinePlacementPolicy.java:meetCriteria(91)) - Pipeline Placement: can't place more pipeline on heavy datanode： 9b45984a-e801-4994-8f0b-759bb773fda3 Heaviness: 6 limit: 5
2019-09-25 05:54:10,308 [RatisPipelineUtilsThread] INFO  pipeline.PipelinePlacementPolicy (PipelinePlacementPolicy.java:meetCriteria(91)) - Pipeline Placement: can't place more pipeline on heavy datanode： 042645b7-d9e3-44d6-a86c-5222fd8d5aba Heaviness: 6 limit: 5
2019-09-25 05:54:10,308 [RatisPipelineUtilsThread] INFO  pipeline.PipelinePlacementPolicy (PipelinePlacementPolicy.java:meetCriteria(91)) - Pipeline Placement: can't place more pipeline on heavy datanode： a8d2df02-a9dc-4b60-9eec-a53a711ba1ae Heaviness: 6 limit: 5
2019-09-25 05:54:10,308 [a171a438-4db2-4a15-a03d-8d01a40a69ad@group-BB542926E615:LeaderElection1] INFO  server.RaftServerConfigKeys (ConfUtils.java:logGet(43)) - raft.server.staging.catchup.gap = 1000 (default)
2019-09-25 05:54:10,309 [a171a438-4db2-4a15-a03d-8d01a40a69ad@group-BB542926E615:LeaderElection1] INFO  server.RaftServerConfigKeys (ConfUtils.java:logGet(43)) - raft.server.rpc.sleep.time = 25ms (default)
2019-09-25 05:54:10,312 [a171a438-4db2-4a15-a03d-8d01a40a69ad@group-BB542926E615:LeaderElection1] INFO  server.RaftServerConfigKeys (ConfUtils.java:logGet(43)) - raft.server.write.element-limit = 4096 (default)
2019-09-25 05:54:10,314 [grpc-default-executor-0] INFO  impl.RaftServerProxy (RaftServerProxy.java:addNew(89)) - faa7f77f-6684-4b53-8a7a-61c7fb9cb7f4: addNew group-F708D375A4ED:[faa7f77f-6684-4b53-8a7a-61c7fb9cb7f4:192.168.5.161:41397] returns group-F708D375A4ED:java.util.concurrent.CompletableFuture@2f94fbab[Not completed]
2019-09-25 05:54:10,315 [pool-117-thread-1] INFO  impl.RaftServerImpl (RaftServerImpl.java:<init>(95)) - faa7f77f-6684-4b53-8a7a-61c7fb9cb7f4: new RaftServerImpl for group-F708D375A4ED:[faa7f77f-6684-4b53-8a7a-61c7fb9cb7f4:192.168.5.161:41397] with ContainerStateMachine:uninitialized
2019-09-25 05:54:10,315 [pool-117-thread-1] INFO  server.RaftServerConfigKeys (ConfUtils.java:logGet(43)) - raft.server.rpc.timeout.min = 5s (custom)
2019-09-25 05:54:10,315 [pool-117-thread-1] INFO  server.RaftServerConfigKeys (ConfUtils.java:logGet(43)) - raft.server.rpc.timeout.max = 5200ms (custom)
2019-09-25 05:54:10,315 [pool-117-thread-1] INFO  server.RaftServerConfigKeys (ConfUtils.java:logGet(43)) - raft.server.rpcslowness.timeout = 120s (custom)
2019-09-25 05:54:10,315 [pool-117-thread-1] INFO  server.RaftServerConfigKeys (ConfUtils.java:logGet(43)) - raft.server.sleep.deviation.threshold = 300 (default)
2019-09-25 05:54:10,316 [pool-117-thread-1] INFO  server.RaftServerConfigKeys (ConfUtils.java:logGet(43)) - raft.server.log.appender.install.snapshot.enabled = false (custom)
2019-09-25 05:54:10,316 [pool-117-thread-1] INFO  impl.RaftServerImpl (ServerState.java:<init>(103)) - faa7f77f-6684-4b53-8a7a-61c7fb9cb7f4@group-F708D375A4ED: ConfigurationManager, init=-1: [faa7f77f-6684-4b53-8a7a-61c7fb9cb7f4:192.168.5.161:41397], old=null, confs=<EMPTY_MAP>
2019-09-25 05:54:10,316 [a171a438-4db2-4a15-a03d-8d01a40a69ad@group-BB542926E615:LeaderElection1] INFO  server.RaftServerConfigKeys (ConfUtils.java:logGet(43)) - raft.server.watch.timeout = 10s (default)
2019-09-25 05:54:10,316 [pool-117-thread-1] INFO  server.RaftServerConfigKeys (ConfUtils.java:logGet(43)) - raft.server.storage.dir = [/workdir/hadoop-ozone/ozonefs/target/test-dir/MiniOzoneClusterImpl-a7a48124-c188-483e-b9a9-787dfdcc7198/datanode-9/data/ratis] (custom)
2019-09-25 05:54:10,316 [a171a438-4db2-4a15-a03d-8d01a40a69ad@group-BB542926E615:LeaderElection1] INFO  server.RaftServerConfigKeys (ConfUtils.java:logGet(43)) - raft.server.watch.timeout.denomination = 1s (default)
2019-09-25 05:54:10,316 [pool-117-thread-1] INFO  storage.RaftStorageDirectory (RaftStorageDirectory.java:analyzeStorage(246)) - The storage directory /workdir/hadoop-ozone/ozonefs/target/test-dir/MiniOzoneClusterImpl-a7a48124-c188-483e-b9a9-787dfdcc7198/datanode-9/data/ratis/55177033-37a4-4462-9552-f708d375a4ed does not exist. Creating ...
2019-09-25 05:54:10,317 [a171a438-4db2-4a15-a03d-8d01a40a69ad@group-BB542926E615:LeaderElection1] INFO  server.RaftServerConfigKeys (ConfUtils.java:logGet(43)) - raft.server.watch.element-limit = 65536 (default)
2019-09-25 05:54:10,331 [a171a438-4db2-4a15-a03d-8d01a40a69ad@group-BB542926E615:LeaderElection1] INFO  impl.RoleInfo (RoleInfo.java:updateAndGet(143)) - a171a438-4db2-4a15-a03d-8d01a40a69ad: start LeaderState
2019-09-25 05:54:10,341 [pool-117-thread-1] INFO  storage.RaftStorageDirectory (RaftStorageDirectory.java:tryLock(328)) - Lock on /workdir/hadoop-ozone/ozonefs/target/test-dir/MiniOzoneClusterImpl-a7a48124-c188-483e-b9a9-787dfdcc7198/datanode-9/data/ratis/55177033-37a4-4462-9552-f708d375a4ed/in_use.lock acquired by nodename 19278@pr-hdds-1569-zxpks-796972592
2019-09-25 05:54:10,359 [pool-117-thread-1] INFO  storage.RaftStorage (RaftStorage.java:format(72)) - Storage directory /workdir/hadoop-ozone/ozonefs/target/test-dir/MiniOzoneClusterImpl-a7a48124-c188-483e-b9a9-787dfdcc7198/datanode-9/data/ratis/55177033-37a4-4462-9552-f708d375a4ed has been successfully formatted.
2019-09-25 05:54:10,359 [pool-117-thread-1] INFO  ratis.ContainerStateMachine (ContainerStateMachine.java:loadSnapshot(230)) - group-F708D375A4ED: The snapshot info is null. Setting the last applied indexto:(t:0, i:~)
2019-09-25 05:54:10,359 [pool-117-thread-1] INFO  server.RaftServerConfigKeys (ConfUtils.java:logGet(43)) - raft.server.notification.no-leader.timeout = 120s (custom)
2019-09-25 05:54:10,360 [pool-117-thread-1] INFO  server.RaftServerConfigKeys (ConfUtils.java:logGet(43)) - raft.server.log.use.memory = false (default)
2019-09-25 05:54:10,360 [pool-117-thread-1] INFO  server.RaftServerConfigKeys (ConfUtils.java:logGet(43)) - raft.server.log.purge.gap = 1000000 (custom)
2019-09-25 05:54:10,360 [pool-117-thread-1] INFO  server.RaftServerConfigKeys (ConfUtils.java:logGet(43)) - raft.server.log.appender.buffer.byte-limit = 33554432 (custom)
2019-09-25 05:54:10,360 [pool-117-thread-1] INFO  server.RaftServerConfigKeys (ConfUtils.java:logGet(43)) - raft.server.log.segment.size.max = 1048576 (custom)
2019-09-25 05:54:10,360 [pool-117-thread-1] INFO  server.RaftServerConfigKeys (ConfUtils.java:logGet(43)) - raft.server.log.segment.cache.num.max = 2 (custom)
2019-09-25 05:54:10,360 [pool-117-thread-1] INFO  segmented.SegmentedRaftLogWorker (SegmentedRaftLogWorker.java:<init>(172)) - new faa7f77f-6684-4b53-8a7a-61c7fb9cb7f4@group-F708D375A4ED-SegmentedRaftLogWorker for RaftStorage:Storage Directory /workdir/hadoop-ozone/ozonefs/target/test-dir/MiniOzoneClusterImpl-a7a48124-c188-483e-b9a9-787dfdcc7198/datanode-9/data/ratis/55177033-37a4-4462-9552-f708d375a4ed
2019-09-25 05:54:10,361 [pool-117-thread-1] INFO  server.RaftServerConfigKeys (ConfUtils.java:logGet(43)) - raft.server.log.queue.byte-limit = 2147483647 (custom)
2019-09-25 05:54:10,361 [pool-117-thread-1] INFO  server.RaftServerConfigKeys (ConfUtils.java:logGet(43)) - raft.server.log.queue.element-limit = 1024 (custom)
2019-09-25 05:54:10,361 [pool-117-thread-1] INFO  server.RaftServerConfigKeys (ConfUtils.java:logGet(43)) - raft.server.log.segment.size.max = 1048576 (custom)
2019-09-25 05:54:10,361 [pool-117-thread-1] INFO  server.RaftServerConfigKeys (ConfUtils.java:logGet(43)) - raft.server.log.preallocated.size = 16384 (custom)
2019-09-25 05:54:10,361 [a171a438-4db2-4a15-a03d-8d01a40a69ad@group-BB542926E615:LeaderElection1] INFO  segmented.SegmentedRaftLogWorker (SegmentedRaftLogWorker.java:startLogSegment(380)) - a171a438-4db2-4a15-a03d-8d01a40a69ad@group-BB542926E615-SegmentedRaftLogWorker: Starting segment from index:0
2019-09-25 05:54:10,361 [pool-117-thread-1] INFO  server.RaftServerConfigKeys (ConfUtils.java:logGet(43)) - raft.server.log.write.buffer.size = 33554432 (custom)
2019-09-25 05:54:10,361 [pool-117-thread-1] INFO  server.RaftServerConfigKeys (ConfUtils.java:logGet(43)) - raft.server.log.force.sync.num = 128 (default)
2019-09-25 05:54:10,362 [pool-117-thread-1] INFO  server.RaftServerConfigKeys (ConfUtils.java:logGet(43)) - raft.server.log.statemachine.data.sync = true (default)
2019-09-25 05:54:10,362 [pool-117-thread-1] INFO  server.RaftServerConfigKeys (ConfUtils.java:logGet(43)) - raft.server.log.statemachine.data.sync.timeout = 10s (default)
2019-09-25 05:54:10,362 [pool-117-thread-1] INFO  server.RaftServerConfigKeys (ConfUtils.java:logGet(43)) - raft.server.log.statemachine.data.sync.timeout.retry = -1 (default)
2019-09-25 05:54:10,362 [pool-117-thread-1] INFO  server.RaftServerConfigKeys (ConfUtils.java:logGet(43)) - raft.server.log.statemachine.data.caching.enabled = true (custom)
2019-09-25 05:54:10,363 [pool-117-thread-1] INFO  segmented.SegmentedRaftLogWorker (SegmentedRaftLogWorker.java:lambda$new$0(132)) - faa7f77f-6684-4b53-8a7a-61c7fb9cb7f4@group-F708D375A4ED-SegmentedRaftLogWorker: flushIndex: setUnconditionally 0 -> -1
2019-09-25 05:54:10,363 [pool-117-thread-1] INFO  server.RaftServerConfigKeys (ConfUtils.java:logGet(43)) - raft.server.snapshot.auto.trigger.enabled = true (custom)
2019-09-25 05:54:10,363 [pool-117-thread-1] INFO  server.RaftServerConfigKeys (ConfUtils.java:logGet(43)) - raft.server.snapshot.auto.trigger.threshold = 10000 (custom)
2019-09-25 05:54:10,363 [pool-117-thread-1] INFO  server.RaftServerConfigKeys (ConfUtils.java:logGet(43)) - raft.server.snapshot.retention.num.files = 5 (custom)
2019-09-25 05:54:10,363 [pool-117-thread-1] INFO  server.RaftServerConfigKeys (ConfUtils.java:logGet(43)) - raft.server.retrycache.expirytime = 600000ms (custom)
2019-09-25 05:54:10,366 [pool-117-thread-1] INFO  impl.RaftServerImpl (RaftServerImpl.java:start(185)) - faa7f77f-6684-4b53-8a7a-61c7fb9cb7f4@group-F708D375A4ED: start as a follower, conf=-1: [faa7f77f-6684-4b53-8a7a-61c7fb9cb7f4:192.168.5.161:41397], old=null
2019-09-25 05:54:10,366 [pool-117-thread-1] INFO  impl.RaftServerImpl (RaftServerImpl.java:setRole(174)) - faa7f77f-6684-4b53-8a7a-61c7fb9cb7f4@group-F708D375A4ED: changes role from      null to FOLLOWER at term 0 for startAsFollower
2019-09-25 05:54:10,366 [pool-117-thread-1] INFO  impl.RoleInfo (RoleInfo.java:updateAndGet(143)) - faa7f77f-6684-4b53-8a7a-61c7fb9cb7f4: start FollowerState
2019-09-25 05:54:10,367 [pool-117-thread-1] INFO  util.JmxRegister (JmxRegister.java:tryRegister(44)) - Successfully registered JMX Bean with object name Ratis:service=RaftServer,group=group-F708D375A4ED,id=faa7f77f-6684-4b53-8a7a-61c7fb9cb7f4
2019-09-25 05:54:10,370 [RatisPipelineUtilsThread] INFO  pipeline.PipelineStateManager (PipelineStateManager.java:addPipeline(56)) - Created pipeline Pipeline[ Id: 55177033-37a4-4462-9552-f708d375a4ed, Nodes: faa7f77f-6684-4b53-8a7a-61c7fb9cb7f4{ip: 192.168.5.161, host: pr-hdds-1569-zxpks-796972592, networkLocation: /default-rack, certSerialId: null}, Type:RATIS, Factor:ONE, State:OPEN]
2019-09-25 05:54:10,370 [RatisPipelineUtilsThread] INFO  pipeline.PipelinePlacementPolicy (PipelinePlacementPolicy.java:meetCriteria(91)) - Pipeline Placement: can't place more pipeline on heavy datanode： f28e89b6-3953-4014-b5dd-5d7c12bc90a1 Heaviness: 6 limit: 5
2019-09-25 05:54:10,370 [RatisPipelineUtilsThread] INFO  pipeline.PipelinePlacementPolicy (PipelinePlacementPolicy.java:meetCriteria(91)) - Pipeline Placement: can't place more pipeline on heavy datanode： 169f835a-5a51-4a80-ac17-f8139cf3a6e7 Heaviness: 6 limit: 5
2019-09-25 05:54:10,371 [RatisPipelineUtilsThread] INFO  pipeline.PipelinePlacementPolicy (PipelinePlacementPolicy.java:meetCriteria(91)) - Pipeline Placement: can't place more pipeline on heavy datanode： a171a438-4db2-4a15-a03d-8d01a40a69ad Heaviness: 6 limit: 5
2019-09-25 05:54:10,371 [RatisPipelineUtilsThread] INFO  pipeline.PipelinePlacementPolicy (PipelinePlacementPolicy.java:meetCriteria(91)) - Pipeline Placement: can't place more pipeline on heavy datanode： f15c9da4-41cd-4d3b-befd-f91bd6a8ef15 Heaviness: 6 limit: 5
2019-09-25 05:54:10,371 [RatisPipelineUtilsThread] INFO  pipeline.PipelinePlacementPolicy (PipelinePlacementPolicy.java:meetCriteria(91)) - Pipeline Placement: can't place more pipeline on heavy datanode： 22638597-b9ac-42fc-8d80-a8fc15613fc1 Heaviness: 6 limit: 5
2019-09-25 05:54:10,371 [RatisPipelineUtilsThread] INFO  pipeline.PipelinePlacementPolicy (PipelinePlacementPolicy.java:meetCriteria(91)) - Pipeline Placement: can't place more pipeline on heavy datanode： 58f3e057-a7b1-43f9-accd-a9f9efdb249b Heaviness: 6 limit: 5
2019-09-25 05:54:10,371 [RatisPipelineUtilsThread] INFO  pipeline.PipelinePlacementPolicy (PipelinePlacementPolicy.java:meetCriteria(91)) - Pipeline Placement: can't place more pipeline on heavy datanode： 9b45984a-e801-4994-8f0b-759bb773fda3 Heaviness: 6 limit: 5
2019-09-25 05:54:10,371 [RatisPipelineUtilsThread] INFO  pipeline.PipelinePlacementPolicy (PipelinePlacementPolicy.java:meetCriteria(91)) - Pipeline Placement: can't place more pipeline on heavy datanode： faa7f77f-6684-4b53-8a7a-61c7fb9cb7f4 Heaviness: 6 limit: 5
2019-09-25 05:54:10,372 [RatisPipelineUtilsThread] INFO  pipeline.PipelinePlacementPolicy (PipelinePlacementPolicy.java:meetCriteria(91)) - Pipeline Placement: can't place more pipeline on heavy datanode： 042645b7-d9e3-44d6-a86c-5222fd8d5aba Heaviness: 6 limit: 5
2019-09-25 05:54:10,372 [RatisPipelineUtilsThread] INFO  pipeline.PipelinePlacementPolicy (PipelinePlacementPolicy.java:meetCriteria(91)) - Pipeline Placement: can't place more pipeline on heavy datanode： a8d2df02-a9dc-4b60-9eec-a53a711ba1ae Heaviness: 6 limit: 5
2019-09-25 05:54:10,371 [a171a438-4db2-4a15-a03d-8d01a40a69ad@group-BB542926E615:LeaderElection1] INFO  impl.RaftServerImpl (ServerState.java:setRaftConf(354)) - a171a438-4db2-4a15-a03d-8d01a40a69ad@group-BB542926E615: set configuration 0: [a171a438-4db2-4a15-a03d-8d01a40a69ad:192.168.5.161:39877], old=null at 0
2019-09-25 05:54:10,372 [RatisPipelineUtilsThread] ERROR pipeline.PipelinePlacementPolicy (PipelinePlacementPolicy.java:filterViableNodes(148)) - Unable to find enough nodes that meet the criteria that cannot engage in more than 5 pipelines. Nodes required: 1 Found: 0, healthy nodes count inNodeManager: 10.
2019-09-25 05:54:10,378 [RatisPipelineUtilsThread] ERROR pipeline.SCMPipelineManager (SCMPipelineManager.java:createPipeline(167)) - Pipeline creation failed.
org.apache.hadoop.hdds.scm.exceptions.SCMException: Unable to find enough nodes that meet the criteria that cannot engage in more than 5 pipelines. Nodes required: 1 Found: 0, healthy nodes count inNodeManager: 10.
	at org.apache.hadoop.hdds.scm.pipeline.PipelinePlacementPolicy.filterViableNodes(PipelinePlacementPolicy.java:149)
	at org.apache.hadoop.hdds.scm.pipeline.PipelinePlacementPolicy.chooseDatanodes(PipelinePlacementPolicy.java:172)
	at org.apache.hadoop.hdds.scm.pipeline.RatisPipelineProvider.create(RatisPipelineProvider.java:93)
	at org.apache.hadoop.hdds.scm.pipeline.PipelineFactory.create(PipelineFactory.java:58)
	at org.apache.hadoop.hdds.scm.pipeline.SCMPipelineManager.createPipeline(SCMPipelineManager.java:155)
	at org.apache.hadoop.hdds.scm.pipeline.BackgroundPipelineCreator.createPipelines(BackgroundPipelineCreator.java:99)
	at java.util.concurrent.Executors$RunnableAdapter.call(Executors.java:511)
	at java.util.concurrent.FutureTask.run(FutureTask.java:266)
	at java.util.concurrent.ScheduledThreadPoolExecutor$ScheduledFutureTask.access$201(ScheduledThreadPoolExecutor.java:180)
	at java.util.concurrent.ScheduledThreadPoolExecutor$ScheduledFutureTask.run(ScheduledThreadPoolExecutor.java:293)
	at java.util.concurrent.ThreadPoolExecutor.runWorker(ThreadPoolExecutor.java:1149)
	at java.util.concurrent.ThreadPoolExecutor$Worker.run(ThreadPoolExecutor.java:624)
	at java.lang.Thread.run(Thread.java:748)
2019-09-25 05:54:10,380 [RatisPipelineUtilsThread] INFO  pipeline.PipelinePlacementPolicy (PipelinePlacementPolicy.java:meetCriteria(91)) - Pipeline Placement: can't place more pipeline on heavy datanode： f28e89b6-3953-4014-b5dd-5d7c12bc90a1 Heaviness: 6 limit: 5
2019-09-25 05:54:10,381 [RatisPipelineUtilsThread] INFO  pipeline.PipelinePlacementPolicy (PipelinePlacementPolicy.java:meetCriteria(91)) - Pipeline Placement: can't place more pipeline on heavy datanode： 169f835a-5a51-4a80-ac17-f8139cf3a6e7 Heaviness: 6 limit: 5
2019-09-25 05:54:10,381 [RatisPipelineUtilsThread] INFO  pipeline.PipelinePlacementPolicy (PipelinePlacementPolicy.java:meetCriteria(91)) - Pipeline Placement: can't place more pipeline on heavy datanode： a171a438-4db2-4a15-a03d-8d01a40a69ad Heaviness: 6 limit: 5
2019-09-25 05:54:10,381 [RatisPipelineUtilsThread] INFO  pipeline.PipelinePlacementPolicy (PipelinePlacementPolicy.java:meetCriteria(91)) - Pipeline Placement: can't place more pipeline on heavy datanode： f15c9da4-41cd-4d3b-befd-f91bd6a8ef15 Heaviness: 6 limit: 5
2019-09-25 05:54:10,381 [RatisPipelineUtilsThread] INFO  pipeline.PipelinePlacementPolicy (PipelinePlacementPolicy.java:meetCriteria(91)) - Pipeline Placement: can't place more pipeline on heavy datanode： 22638597-b9ac-42fc-8d80-a8fc15613fc1 Heaviness: 6 limit: 5
2019-09-25 05:54:10,381 [RatisPipelineUtilsThread] INFO  pipeline.PipelinePlacementPolicy (PipelinePlacementPolicy.java:meetCriteria(91)) - Pipeline Placement: can't place more pipeline on heavy datanode： 58f3e057-a7b1-43f9-accd-a9f9efdb249b Heaviness: 6 limit: 5
2019-09-25 05:54:10,381 [RatisPipelineUtilsThread] INFO  pipeline.PipelinePlacementPolicy (PipelinePlacementPolicy.java:meetCriteria(91)) - Pipeline Placement: can't place more pipeline on heavy datanode： 9b45984a-e801-4994-8f0b-759bb773fda3 Heaviness: 6 limit: 5
2019-09-25 05:54:10,382 [RatisPipelineUtilsThread] INFO  pipeline.PipelinePlacementPolicy (PipelinePlacementPolicy.java:meetCriteria(91)) - Pipeline Placement: can't place more pipeline on heavy datanode： faa7f77f-6684-4b53-8a7a-61c7fb9cb7f4 Heaviness: 6 limit: 5
2019-09-25 05:54:10,382 [RatisPipelineUtilsThread] INFO  pipeline.PipelinePlacementPolicy (PipelinePlacementPolicy.java:meetCriteria(91)) - Pipeline Placement: can't place more pipeline on heavy datanode： 042645b7-d9e3-44d6-a86c-5222fd8d5aba Heaviness: 6 limit: 5
2019-09-25 05:54:10,382 [RatisPipelineUtilsThread] INFO  pipeline.PipelinePlacementPolicy (PipelinePlacementPolicy.java:meetCriteria(91)) - Pipeline Placement: can't place more pipeline on heavy datanode： a8d2df02-a9dc-4b60-9eec-a53a711ba1ae Heaviness: 6 limit: 5
2019-09-25 05:54:10,382 [RatisPipelineUtilsThread] ERROR pipeline.PipelinePlacementPolicy (PipelinePlacementPolicy.java:filterViableNodes(148)) - Unable to find enough nodes that meet the criteria that cannot engage in more than 5 pipelines. Nodes required: 3 Found: 0, healthy nodes count inNodeManager: 10.
2019-09-25 05:54:10,382 [RatisPipelineUtilsThread] ERROR pipeline.SCMPipelineManager (SCMPipelineManager.java:createPipeline(167)) - Pipeline creation failed.
org.apache.hadoop.hdds.scm.exceptions.SCMException: Unable to find enough nodes that meet the criteria that cannot engage in more than 5 pipelines. Nodes required: 3 Found: 0, healthy nodes count inNodeManager: 10.
	at org.apache.hadoop.hdds.scm.pipeline.PipelinePlacementPolicy.filterViableNodes(PipelinePlacementPolicy.java:149)
	at org.apache.hadoop.hdds.scm.pipeline.PipelinePlacementPolicy.chooseDatanodes(PipelinePlacementPolicy.java:172)
	at org.apache.hadoop.hdds.scm.pipeline.RatisPipelineProvider.create(RatisPipelineProvider.java:93)
	at org.apache.hadoop.hdds.scm.pipeline.PipelineFactory.create(PipelineFactory.java:58)
	at org.apache.hadoop.hdds.scm.pipeline.SCMPipelineManager.createPipeline(SCMPipelineManager.java:155)
	at org.apache.hadoop.hdds.scm.pipeline.BackgroundPipelineCreator.createPipelines(BackgroundPipelineCreator.java:99)
	at java.util.concurrent.Executors$RunnableAdapter.call(Executors.java:511)
	at java.util.concurrent.FutureTask.run(FutureTask.java:266)
	at java.util.concurrent.ScheduledThreadPoolExecutor$ScheduledFutureTask.access$201(ScheduledThreadPoolExecutor.java:180)
	at java.util.concurrent.ScheduledThreadPoolExecutor$ScheduledFutureTask.run(ScheduledThreadPoolExecutor.java:293)
	at java.util.concurrent.ThreadPoolExecutor.runWorker(ThreadPoolExecutor.java:1149)
	at java.util.concurrent.ThreadPoolExecutor$Worker.run(ThreadPoolExecutor.java:624)
	at java.lang.Thread.run(Thread.java:748)
2019-09-25 05:54:10,383 [RatisPipelineUtilsThread] INFO  pipeline.PipelinePlacementPolicy (PipelinePlacementPolicy.java:meetCriteria(91)) - Pipeline Placement: can't place more pipeline on heavy datanode： f28e89b6-3953-4014-b5dd-5d7c12bc90a1 Heaviness: 6 limit: 5
2019-09-25 05:54:10,383 [RatisPipelineUtilsThread] INFO  pipeline.PipelinePlacementPolicy (PipelinePlacementPolicy.java:meetCriteria(91)) - Pipeline Placement: can't place more pipeline on heavy datanode： 169f835a-5a51-4a80-ac17-f8139cf3a6e7 Heaviness: 6 limit: 5
2019-09-25 05:54:10,383 [RatisPipelineUtilsThread] INFO  pipeline.PipelinePlacementPolicy (PipelinePlacementPolicy.java:meetCriteria(91)) - Pipeline Placement: can't place more pipeline on heavy datanode： a171a438-4db2-4a15-a03d-8d01a40a69ad Heaviness: 6 limit: 5
2019-09-25 05:54:10,383 [RatisPipelineUtilsThread] INFO  pipeline.PipelinePlacementPolicy (PipelinePlacementPolicy.java:meetCriteria(91)) - Pipeline Placement: can't place more pipeline on heavy datanode： f15c9da4-41cd-4d3b-befd-f91bd6a8ef15 Heaviness: 6 limit: 5
2019-09-25 05:54:10,383 [RatisPipelineUtilsThread] INFO  pipeline.PipelinePlacementPolicy (PipelinePlacementPolicy.java:meetCriteria(91)) - Pipeline Placement: can't place more pipeline on heavy datanode： 22638597-b9ac-42fc-8d80-a8fc15613fc1 Heaviness: 6 limit: 5
2019-09-25 05:54:10,384 [RatisPipelineUtilsThread] INFO  pipeline.PipelinePlacementPolicy (PipelinePlacementPolicy.java:meetCriteria(91)) - Pipeline Placement: can't place more pipeline on heavy datanode： 58f3e057-a7b1-43f9-accd-a9f9efdb249b Heaviness: 6 limit: 5
2019-09-25 05:54:10,384 [RatisPipelineUtilsThread] INFO  pipeline.PipelinePlacementPolicy (PipelinePlacementPolicy.java:meetCriteria(91)) - Pipeline Placement: can't place more pipeline on heavy datanode： 9b45984a-e801-4994-8f0b-759bb773fda3 Heaviness: 6 limit: 5
2019-09-25 05:54:10,384 [RatisPipelineUtilsThread] INFO  pipeline.PipelinePlacementPolicy (PipelinePlacementPolicy.java:meetCriteria(91)) - Pipeline Placement: can't place more pipeline on heavy datanode： faa7f77f-6684-4b53-8a7a-61c7fb9cb7f4 Heaviness: 6 limit: 5
2019-09-25 05:54:10,384 [RatisPipelineUtilsThread] INFO  pipeline.PipelinePlacementPolicy (PipelinePlacementPolicy.java:meetCriteria(91)) - Pipeline Placement: can't place more pipeline on heavy datanode： 042645b7-d9e3-44d6-a86c-5222fd8d5aba Heaviness: 6 limit: 5
2019-09-25 05:54:10,384 [RatisPipelineUtilsThread] INFO  pipeline.PipelinePlacementPolicy (PipelinePlacementPolicy.java:meetCriteria(91)) - Pipeline Placement: can't place more pipeline on heavy datanode： a8d2df02-a9dc-4b60-9eec-a53a711ba1ae Heaviness: 6 limit: 5
2019-09-25 05:54:10,385 [RatisPipelineUtilsThread] ERROR pipeline.PipelinePlacementPolicy (PipelinePlacementPolicy.java:filterViableNodes(148)) - Unable to find enough nodes that meet the criteria that cannot engage in more than 5 pipelines. Nodes required: 1 Found: 0, healthy nodes count inNodeManager: 10.
2019-09-25 05:54:10,385 [RatisPipelineUtilsThread] ERROR pipeline.SCMPipelineManager (SCMPipelineManager.java:createPipeline(167)) - Pipeline creation failed.
org.apache.hadoop.hdds.scm.exceptions.SCMException: Unable to find enough nodes that meet the criteria that cannot engage in more than 5 pipelines. Nodes required: 1 Found: 0, healthy nodes count inNodeManager: 10.
	at org.apache.hadoop.hdds.scm.pipeline.PipelinePlacementPolicy.filterViableNodes(PipelinePlacementPolicy.java:149)
	at org.apache.hadoop.hdds.scm.pipeline.PipelinePlacementPolicy.chooseDatanodes(PipelinePlacementPolicy.java:172)
	at org.apache.hadoop.hdds.scm.pipeline.RatisPipelineProvider.create(RatisPipelineProvider.java:93)
	at org.apache.hadoop.hdds.scm.pipeline.PipelineFactory.create(PipelineFactory.java:58)
	at org.apache.hadoop.hdds.scm.pipeline.SCMPipelineManager.createPipeline(SCMPipelineManager.java:155)
	at org.apache.hadoop.hdds.scm.pipeline.BackgroundPipelineCreator.createPipelines(BackgroundPipelineCreator.java:99)
	at org.apache.hadoop.hdds.scm.pipeline.BackgroundPipelineCreator.lambda$startFixedIntervalPipelineCreator$0(BackgroundPipelineCreator.java:70)
	at java.util.concurrent.Executors$RunnableAdapter.call(Executors.java:511)
	at java.util.concurrent.FutureTask.runAndReset(FutureTask.java:308)
	at java.util.concurrent.ScheduledThreadPoolExecutor$ScheduledFutureTask.access$301(ScheduledThreadPoolExecutor.java:180)
	at java.util.concurrent.ScheduledThreadPoolExecutor$ScheduledFutureTask.run(ScheduledThreadPoolExecutor.java:294)
	at java.util.concurrent.ThreadPoolExecutor.runWorker(ThreadPoolExecutor.java:1149)
	at java.util.concurrent.ThreadPoolExecutor$Worker.run(ThreadPoolExecutor.java:624)
	at java.lang.Thread.run(Thread.java:748)
2019-09-25 05:54:10,385 [RatisPipelineUtilsThread] INFO  pipeline.PipelinePlacementPolicy (PipelinePlacementPolicy.java:meetCriteria(91)) - Pipeline Placement: can't place more pipeline on heavy datanode： f28e89b6-3953-4014-b5dd-5d7c12bc90a1 Heaviness: 6 limit: 5
2019-09-25 05:54:10,385 [RatisPipelineUtilsThread] INFO  pipeline.PipelinePlacementPolicy (PipelinePlacementPolicy.java:meetCriteria(91)) - Pipeline Placement: can't place more pipeline on heavy datanode： 169f835a-5a51-4a80-ac17-f8139cf3a6e7 Heaviness: 6 limit: 5
2019-09-25 05:54:10,386 [RatisPipelineUtilsThread] INFO  pipeline.PipelinePlacementPolicy (PipelinePlacementPolicy.java:meetCriteria(91)) - Pipeline Placement: can't place more pipeline on heavy datanode： a171a438-4db2-4a15-a03d-8d01a40a69ad Heaviness: 6 limit: 5
2019-09-25 05:54:10,386 [RatisPipelineUtilsThread] INFO  pipeline.PipelinePlacementPolicy (PipelinePlacementPolicy.java:meetCriteria(91)) - Pipeline Placement: can't place more pipeline on heavy datanode： f15c9da4-41cd-4d3b-befd-f91bd6a8ef15 Heaviness: 6 limit: 5
2019-09-25 05:54:10,386 [RatisPipelineUtilsThread] INFO  pipeline.PipelinePlacementPolicy (PipelinePlacementPolicy.java:meetCriteria(91)) - Pipeline Placement: can't place more pipeline on heavy datanode： 22638597-b9ac-42fc-8d80-a8fc15613fc1 Heaviness: 6 limit: 5
2019-09-25 05:54:10,386 [RatisPipelineUtilsThread] INFO  pipeline.PipelinePlacementPolicy (PipelinePlacementPolicy.java:meetCriteria(91)) - Pipeline Placement: can't place more pipeline on heavy datanode： 58f3e057-a7b1-43f9-accd-a9f9efdb249b Heaviness: 6 limit: 5
2019-09-25 05:54:10,386 [RatisPipelineUtilsThread] INFO  pipeline.PipelinePlacementPolicy (PipelinePlacementPolicy.java:meetCriteria(91)) - Pipeline Placement: can't place more pipeline on heavy datanode： 9b45984a-e801-4994-8f0b-759bb773fda3 Heaviness: 6 limit: 5
2019-09-25 05:54:10,386 [RatisPipelineUtilsThread] INFO  pipeline.PipelinePlacementPolicy (PipelinePlacementPolicy.java:meetCriteria(91)) - Pipeline Placement: can't place more pipeline on heavy datanode： faa7f77f-6684-4b53-8a7a-61c7fb9cb7f4 Heaviness: 6 limit: 5
2019-09-25 05:54:10,387 [RatisPipelineUtilsThread] INFO  pipeline.PipelinePlacementPolicy (PipelinePlacementPolicy.java:meetCriteria(91)) - Pipeline Placement: can't place more pipeline on heavy datanode： 042645b7-d9e3-44d6-a86c-5222fd8d5aba Heaviness: 6 limit: 5
2019-09-25 05:54:10,387 [RatisPipelineUtilsThread] INFO  pipeline.PipelinePlacementPolicy (PipelinePlacementPolicy.java:meetCriteria(91)) - Pipeline Placement: can't place more pipeline on heavy datanode： a8d2df02-a9dc-4b60-9eec-a53a711ba1ae Heaviness: 6 limit: 5
2019-09-25 05:54:10,387 [RatisPipelineUtilsThread] ERROR pipeline.PipelinePlacementPolicy (PipelinePlacementPolicy.java:filterViableNodes(148)) - Unable to find enough nodes that meet the criteria that cannot engage in more than 5 pipelines. Nodes required: 3 Found: 0, healthy nodes count inNodeManager: 10.
2019-09-25 05:54:10,387 [RatisPipelineUtilsThread] ERROR pipeline.SCMPipelineManager (SCMPipelineManager.java:createPipeline(167)) - Pipeline creation failed.
org.apache.hadoop.hdds.scm.exceptions.SCMException: Unable to find enough nodes that meet the criteria that cannot engage in more than 5 pipelines. Nodes required: 3 Found: 0, healthy nodes count inNodeManager: 10.
	at org.apache.hadoop.hdds.scm.pipeline.PipelinePlacementPolicy.filterViableNodes(PipelinePlacementPolicy.java:149)
	at org.apache.hadoop.hdds.scm.pipeline.PipelinePlacementPolicy.chooseDatanodes(PipelinePlacementPolicy.java:172)
	at org.apache.hadoop.hdds.scm.pipeline.RatisPipelineProvider.create(RatisPipelineProvider.java:93)
	at org.apache.hadoop.hdds.scm.pipeline.PipelineFactory.create(PipelineFactory.java:58)
	at org.apache.hadoop.hdds.scm.pipeline.SCMPipelineManager.createPipeline(SCMPipelineManager.java:155)
	at org.apache.hadoop.hdds.scm.pipeline.BackgroundPipelineCreator.createPipelines(BackgroundPipelineCreator.java:99)
	at org.apache.hadoop.hdds.scm.pipeline.BackgroundPipelineCreator.lambda$startFixedIntervalPipelineCreator$0(BackgroundPipelineCreator.java:70)
	at java.util.concurrent.Executors$RunnableAdapter.call(Executors.java:511)
	at java.util.concurrent.FutureTask.runAndReset(FutureTask.java:308)
	at java.util.concurrent.ScheduledThreadPoolExecutor$ScheduledFutureTask.access$301(ScheduledThreadPoolExecutor.java:180)
	at java.util.concurrent.ScheduledThreadPoolExecutor$ScheduledFutureTask.run(ScheduledThreadPoolExecutor.java:294)
	at java.util.concurrent.ThreadPoolExecutor.runWorker(ThreadPoolExecutor.java:1149)
	at java.util.concurrent.ThreadPoolExecutor$Worker.run(ThreadPoolExecutor.java:624)
	at java.lang.Thread.run(Thread.java:748)
2019-09-25 05:54:10,486 [Thread-288] INFO  impl.FollowerState (FollowerState.java:run(106)) - f15c9da4-41cd-4d3b-befd-f91bd6a8ef15:group-6CDE89691584 changes to CANDIDATE, lastRpcTime:5053, electionTimeout:5049ms
2019-09-25 05:54:10,490 [Thread-288] INFO  impl.RoleInfo (RoleInfo.java:shutdownFollowerState(121)) - f15c9da4-41cd-4d3b-befd-f91bd6a8ef15: shutdown FollowerState
2019-09-25 05:54:10,490 [Thread-288] INFO  impl.RaftServerImpl (RaftServerImpl.java:setRole(174)) - f15c9da4-41cd-4d3b-befd-f91bd6a8ef15@group-6CDE89691584: changes role from  FOLLOWER to CANDIDATE at term 0 for changeToCandidate
2019-09-25 05:54:10,491 [Thread-288] INFO  impl.RoleInfo (RoleInfo.java:updateAndGet(143)) - f15c9da4-41cd-4d3b-befd-f91bd6a8ef15: start LeaderElection
2019-09-25 05:54:10,513 [f15c9da4-41cd-4d3b-befd-f91bd6a8ef15@group-6CDE89691584:LeaderElection2] INFO  impl.LeaderElection (LeaderElection.java:askForVotes(182)) - f15c9da4-41cd-4d3b-befd-f91bd6a8ef15@group-6CDE89691584:LeaderElection2: begin an election at term 1 for -1: [f15c9da4-41cd-4d3b-befd-f91bd6a8ef15:192.168.5.161:37814], old=null
2019-09-25 05:54:10,516 [f15c9da4-41cd-4d3b-befd-f91bd6a8ef15@group-6CDE89691584:LeaderElection2] INFO  impl.RoleInfo (RoleInfo.java:shutdownLeaderElection(134)) - f15c9da4-41cd-4d3b-befd-f91bd6a8ef15: shutdown LeaderElection
2019-09-25 05:54:10,516 [f15c9da4-41cd-4d3b-befd-f91bd6a8ef15@group-6CDE89691584:LeaderElection2] INFO  impl.RaftServerImpl (RaftServerImpl.java:setRole(174)) - f15c9da4-41cd-4d3b-befd-f91bd6a8ef15@group-6CDE89691584: changes role from CANDIDATE to LEADER at term 1 for changeToLeader
2019-09-25 05:54:10,517 [f15c9da4-41cd-4d3b-befd-f91bd6a8ef15@group-6CDE89691584:LeaderElection2] INFO  impl.RaftServerImpl (ServerState.java:setLeader(253)) - f15c9da4-41cd-4d3b-befd-f91bd6a8ef15@group-6CDE89691584: change Leader from null to f15c9da4-41cd-4d3b-befd-f91bd6a8ef15 at term 1 for becomeLeader, leader elected after 5104ms
2019-09-25 05:54:10,517 [f15c9da4-41cd-4d3b-befd-f91bd6a8ef15@group-6CDE89691584:LeaderElection2] INFO  server.RaftServerConfigKeys (ConfUtils.java:logGet(43)) - raft.server.staging.catchup.gap = 1000 (default)
2019-09-25 05:54:10,517 [f15c9da4-41cd-4d3b-befd-f91bd6a8ef15@group-6CDE89691584:LeaderElection2] INFO  server.RaftServerConfigKeys (ConfUtils.java:logGet(43)) - raft.server.rpc.sleep.time = 25ms (default)
2019-09-25 05:54:10,517 [f15c9da4-41cd-4d3b-befd-f91bd6a8ef15@group-6CDE89691584:LeaderElection2] INFO  server.RaftServerConfigKeys (ConfUtils.java:logGet(43)) - raft.server.write.element-limit = 4096 (default)
2019-09-25 05:54:10,517 [f15c9da4-41cd-4d3b-befd-f91bd6a8ef15@group-6CDE89691584:LeaderElection2] INFO  server.RaftServerConfigKeys (ConfUtils.java:logGet(43)) - raft.server.watch.timeout = 10s (default)
2019-09-25 05:54:10,517 [f15c9da4-41cd-4d3b-befd-f91bd6a8ef15@group-6CDE89691584:LeaderElection2] INFO  server.RaftServerConfigKeys (ConfUtils.java:logGet(43)) - raft.server.watch.timeout.denomination = 1s (default)
2019-09-25 05:54:10,518 [f15c9da4-41cd-4d3b-befd-f91bd6a8ef15@group-6CDE89691584:LeaderElection2] INFO  server.RaftServerConfigKeys (ConfUtils.java:logGet(43)) - raft.server.watch.element-limit = 65536 (default)
2019-09-25 05:54:10,520 [f15c9da4-41cd-4d3b-befd-f91bd6a8ef15@group-6CDE89691584:LeaderElection2] INFO  impl.RoleInfo (RoleInfo.java:updateAndGet(143)) - f15c9da4-41cd-4d3b-befd-f91bd6a8ef15: start LeaderState
2019-09-25 05:54:10,521 [f15c9da4-41cd-4d3b-befd-f91bd6a8ef15@group-6CDE89691584:LeaderElection2] INFO  segmented.SegmentedRaftLogWorker (SegmentedRaftLogWorker.java:startLogSegment(380)) - f15c9da4-41cd-4d3b-befd-f91bd6a8ef15@group-6CDE89691584-SegmentedRaftLogWorker: Starting segment from index:0
2019-09-25 05:54:10,521 [f15c9da4-41cd-4d3b-befd-f91bd6a8ef15@group-6CDE89691584:LeaderElection2] INFO  impl.RaftServerImpl (ServerState.java:setRaftConf(354)) - f15c9da4-41cd-4d3b-befd-f91bd6a8ef15@group-6CDE89691584: set configuration 0: [f15c9da4-41cd-4d3b-befd-f91bd6a8ef15:192.168.5.161:37814], old=null at 0
2019-09-25 05:54:10,618 [a171a438-4db2-4a15-a03d-8d01a40a69ad@group-BB542926E615-SegmentedRaftLogWorker] INFO  segmented.SegmentedRaftLogWorker (SegmentedRaftLogWorker.java:execute(569)) - a171a438-4db2-4a15-a03d-8d01a40a69ad@group-BB542926E615-SegmentedRaftLogWorker: created new log segment /workdir/hadoop-ozone/ozonefs/target/test-dir/MiniOzoneClusterImpl-a7a48124-c188-483e-b9a9-787dfdcc7198/datanode-0/data/ratis/335bf96b-e37f-43eb-b3de-bb542926e615/current/log_inprogress_0
2019-09-25 05:54:10,618 [f15c9da4-41cd-4d3b-befd-f91bd6a8ef15@group-6CDE89691584-SegmentedRaftLogWorker] INFO  segmented.SegmentedRaftLogWorker (SegmentedRaftLogWorker.java:execute(569)) - f15c9da4-41cd-4d3b-befd-f91bd6a8ef15@group-6CDE89691584-SegmentedRaftLogWorker: created new log segment /workdir/hadoop-ozone/ozonefs/target/test-dir/MiniOzoneClusterImpl-a7a48124-c188-483e-b9a9-787dfdcc7198/datanode-1/data/ratis/5bd453d1-f2f5-4acf-99ac-6cde89691584/current/log_inprogress_0
2019-09-25 05:54:10,660 [Thread-291] INFO  impl.FollowerState (FollowerState.java:run(106)) - 58f3e057-a7b1-43f9-accd-a9f9efdb249b:group-F0DE9801D102 changes to CANDIDATE, lastRpcTime:5040, electionTimeout:5040ms
2019-09-25 05:54:10,660 [Thread-291] INFO  impl.RoleInfo (RoleInfo.java:shutdownFollowerState(121)) - 58f3e057-a7b1-43f9-accd-a9f9efdb249b: shutdown FollowerState
2019-09-25 05:54:10,660 [Thread-291] INFO  impl.RaftServerImpl (RaftServerImpl.java:setRole(174)) - 58f3e057-a7b1-43f9-accd-a9f9efdb249b@group-F0DE9801D102: changes role from  FOLLOWER to CANDIDATE at term 0 for changeToCandidate
2019-09-25 05:54:10,660 [Thread-291] INFO  impl.RoleInfo (RoleInfo.java:updateAndGet(143)) - 58f3e057-a7b1-43f9-accd-a9f9efdb249b: start LeaderElection
2019-09-25 05:54:10,682 [58f3e057-a7b1-43f9-accd-a9f9efdb249b@group-F0DE9801D102:LeaderElection3] INFO  impl.LeaderElection (LeaderElection.java:askForVotes(182)) - 58f3e057-a7b1-43f9-accd-a9f9efdb249b@group-F0DE9801D102:LeaderElection3: begin an election at term 1 for -1: [58f3e057-a7b1-43f9-accd-a9f9efdb249b:192.168.5.161:39965], old=null
2019-09-25 05:54:10,682 [58f3e057-a7b1-43f9-accd-a9f9efdb249b@group-F0DE9801D102:LeaderElection3] INFO  impl.RoleInfo (RoleInfo.java:shutdownLeaderElection(134)) - 58f3e057-a7b1-43f9-accd-a9f9efdb249b: shutdown LeaderElection
2019-09-25 05:54:10,682 [58f3e057-a7b1-43f9-accd-a9f9efdb249b@group-F0DE9801D102:LeaderElection3] INFO  impl.RaftServerImpl (RaftServerImpl.java:setRole(174)) - 58f3e057-a7b1-43f9-accd-a9f9efdb249b@group-F0DE9801D102: changes role from CANDIDATE to LEADER at term 1 for changeToLeader
2019-09-25 05:54:10,682 [58f3e057-a7b1-43f9-accd-a9f9efdb249b@group-F0DE9801D102:LeaderElection3] INFO  impl.RaftServerImpl (ServerState.java:setLeader(253)) - 58f3e057-a7b1-43f9-accd-a9f9efdb249b@group-F0DE9801D102: change Leader from null to 58f3e057-a7b1-43f9-accd-a9f9efdb249b at term 1 for becomeLeader, leader elected after 5136ms
2019-09-25 05:54:10,682 [58f3e057-a7b1-43f9-accd-a9f9efdb249b@group-F0DE9801D102:LeaderElection3] INFO  server.RaftServerConfigKeys (ConfUtils.java:logGet(43)) - raft.server.staging.catchup.gap = 1000 (default)
2019-09-25 05:54:10,683 [58f3e057-a7b1-43f9-accd-a9f9efdb249b@group-F0DE9801D102:LeaderElection3] INFO  server.RaftServerConfigKeys (ConfUtils.java:logGet(43)) - raft.server.rpc.sleep.time = 25ms (default)
2019-09-25 05:54:10,683 [58f3e057-a7b1-43f9-accd-a9f9efdb249b@group-F0DE9801D102:LeaderElection3] INFO  server.RaftServerConfigKeys (ConfUtils.java:logGet(43)) - raft.server.write.element-limit = 4096 (default)
2019-09-25 05:54:10,683 [58f3e057-a7b1-43f9-accd-a9f9efdb249b@group-F0DE9801D102:LeaderElection3] INFO  server.RaftServerConfigKeys (ConfUtils.java:logGet(43)) - raft.server.watch.timeout = 10s (default)
2019-09-25 05:54:10,683 [58f3e057-a7b1-43f9-accd-a9f9efdb249b@group-F0DE9801D102:LeaderElection3] INFO  server.RaftServerConfigKeys (ConfUtils.java:logGet(43)) - raft.server.watch.timeout.denomination = 1s (default)
2019-09-25 05:54:10,683 [58f3e057-a7b1-43f9-accd-a9f9efdb249b@group-F0DE9801D102:LeaderElection3] INFO  server.RaftServerConfigKeys (ConfUtils.java:logGet(43)) - raft.server.watch.element-limit = 65536 (default)
2019-09-25 05:54:10,685 [58f3e057-a7b1-43f9-accd-a9f9efdb249b@group-F0DE9801D102:LeaderElection3] INFO  impl.RoleInfo (RoleInfo.java:updateAndGet(143)) - 58f3e057-a7b1-43f9-accd-a9f9efdb249b: start LeaderState
2019-09-25 05:54:10,686 [58f3e057-a7b1-43f9-accd-a9f9efdb249b@group-F0DE9801D102:LeaderElection3] INFO  segmented.SegmentedRaftLogWorker (SegmentedRaftLogWorker.java:startLogSegment(380)) - 58f3e057-a7b1-43f9-accd-a9f9efdb249b@group-F0DE9801D102-SegmentedRaftLogWorker: Starting segment from index:0
2019-09-25 05:54:10,686 [58f3e057-a7b1-43f9-accd-a9f9efdb249b@group-F0DE9801D102:LeaderElection3] INFO  impl.RaftServerImpl (ServerState.java:setRaftConf(354)) - 58f3e057-a7b1-43f9-accd-a9f9efdb249b@group-F0DE9801D102: set configuration 0: [58f3e057-a7b1-43f9-accd-a9f9efdb249b:192.168.5.161:39965], old=null at 0
2019-09-25 05:54:10,737 [58f3e057-a7b1-43f9-accd-a9f9efdb249b@group-F0DE9801D102-SegmentedRaftLogWorker] INFO  segmented.SegmentedRaftLogWorker (SegmentedRaftLogWorker.java:execute(569)) - 58f3e057-a7b1-43f9-accd-a9f9efdb249b@group-F0DE9801D102-SegmentedRaftLogWorker: created new log segment /workdir/hadoop-ozone/ozonefs/target/test-dir/MiniOzoneClusterImpl-a7a48124-c188-483e-b9a9-787dfdcc7198/datanode-8/data/ratis/0164cde6-6fdf-4ac8-97a3-f0de9801d102/current/log_inprogress_0
2019-09-25 05:54:10,743 [Thread-294] INFO  impl.FollowerState (FollowerState.java:run(106)) - 169f835a-5a51-4a80-ac17-f8139cf3a6e7:group-25DE74946659 changes to CANDIDATE, lastRpcTime:5000, electionTimeout:5000ms
2019-09-25 05:54:10,743 [Thread-294] INFO  impl.RoleInfo (RoleInfo.java:shutdownFollowerState(121)) - 169f835a-5a51-4a80-ac17-f8139cf3a6e7: shutdown FollowerState
2019-09-25 05:54:10,743 [Thread-294] INFO  impl.RaftServerImpl (RaftServerImpl.java:setRole(174)) - 169f835a-5a51-4a80-ac17-f8139cf3a6e7@group-25DE74946659: changes role from  FOLLOWER to CANDIDATE at term 0 for changeToCandidate
2019-09-25 05:54:10,743 [Thread-294] INFO  impl.RoleInfo (RoleInfo.java:updateAndGet(143)) - 169f835a-5a51-4a80-ac17-f8139cf3a6e7: start LeaderElection
2019-09-25 05:54:10,765 [169f835a-5a51-4a80-ac17-f8139cf3a6e7@group-25DE74946659:LeaderElection4] INFO  impl.LeaderElection (LeaderElection.java:askForVotes(182)) - 169f835a-5a51-4a80-ac17-f8139cf3a6e7@group-25DE74946659:LeaderElection4: begin an election at term 1 for -1: [169f835a-5a51-4a80-ac17-f8139cf3a6e7:192.168.5.161:39029], old=null
2019-09-25 05:54:10,765 [169f835a-5a51-4a80-ac17-f8139cf3a6e7@group-25DE74946659:LeaderElection4] INFO  impl.RoleInfo (RoleInfo.java:shutdownLeaderElection(134)) - 169f835a-5a51-4a80-ac17-f8139cf3a6e7: shutdown LeaderElection
2019-09-25 05:54:10,765 [169f835a-5a51-4a80-ac17-f8139cf3a6e7@group-25DE74946659:LeaderElection4] INFO  impl.RaftServerImpl (RaftServerImpl.java:setRole(174)) - 169f835a-5a51-4a80-ac17-f8139cf3a6e7@group-25DE74946659: changes role from CANDIDATE to LEADER at term 1 for changeToLeader
2019-09-25 05:54:10,765 [169f835a-5a51-4a80-ac17-f8139cf3a6e7@group-25DE74946659:LeaderElection4] INFO  impl.RaftServerImpl (ServerState.java:setLeader(253)) - 169f835a-5a51-4a80-ac17-f8139cf3a6e7@group-25DE74946659: change Leader from null to 169f835a-5a51-4a80-ac17-f8139cf3a6e7 at term 1 for becomeLeader, leader elected after 5041ms
2019-09-25 05:54:10,765 [169f835a-5a51-4a80-ac17-f8139cf3a6e7@group-25DE74946659:LeaderElection4] INFO  server.RaftServerConfigKeys (ConfUtils.java:logGet(43)) - raft.server.staging.catchup.gap = 1000 (default)
2019-09-25 05:54:10,765 [169f835a-5a51-4a80-ac17-f8139cf3a6e7@group-25DE74946659:LeaderElection4] INFO  server.RaftServerConfigKeys (ConfUtils.java:logGet(43)) - raft.server.rpc.sleep.time = 25ms (default)
2019-09-25 05:54:10,766 [169f835a-5a51-4a80-ac17-f8139cf3a6e7@group-25DE74946659:LeaderElection4] INFO  server.RaftServerConfigKeys (ConfUtils.java:logGet(43)) - raft.server.write.element-limit = 4096 (default)
2019-09-25 05:54:10,766 [169f835a-5a51-4a80-ac17-f8139cf3a6e7@group-25DE74946659:LeaderElection4] INFO  server.RaftServerConfigKeys (ConfUtils.java:logGet(43)) - raft.server.watch.timeout = 10s (default)
2019-09-25 05:54:10,766 [169f835a-5a51-4a80-ac17-f8139cf3a6e7@group-25DE74946659:LeaderElection4] INFO  server.RaftServerConfigKeys (ConfUtils.java:logGet(43)) - raft.server.watch.timeout.denomination = 1s (default)
2019-09-25 05:54:10,766 [169f835a-5a51-4a80-ac17-f8139cf3a6e7@group-25DE74946659:LeaderElection4] INFO  server.RaftServerConfigKeys (ConfUtils.java:logGet(43)) - raft.server.watch.element-limit = 65536 (default)
2019-09-25 05:54:10,769 [169f835a-5a51-4a80-ac17-f8139cf3a6e7@group-25DE74946659:LeaderElection4] INFO  impl.RoleInfo (RoleInfo.java:updateAndGet(143)) - 169f835a-5a51-4a80-ac17-f8139cf3a6e7: start LeaderState
2019-09-25 05:54:10,769 [169f835a-5a51-4a80-ac17-f8139cf3a6e7@group-25DE74946659:LeaderElection4] INFO  segmented.SegmentedRaftLogWorker (SegmentedRaftLogWorker.java:startLogSegment(380)) - 169f835a-5a51-4a80-ac17-f8139cf3a6e7@group-25DE74946659-SegmentedRaftLogWorker: Starting segment from index:0
2019-09-25 05:54:10,770 [169f835a-5a51-4a80-ac17-f8139cf3a6e7@group-25DE74946659:LeaderElection4] INFO  impl.RaftServerImpl (ServerState.java:setRaftConf(354)) - 169f835a-5a51-4a80-ac17-f8139cf3a6e7@group-25DE74946659: set configuration 0: [169f835a-5a51-4a80-ac17-f8139cf3a6e7:192.168.5.161:39029], old=null at 0
2019-09-25 05:54:10,836 [169f835a-5a51-4a80-ac17-f8139cf3a6e7@group-25DE74946659-SegmentedRaftLogWorker] INFO  segmented.SegmentedRaftLogWorker (SegmentedRaftLogWorker.java:execute(569)) - 169f835a-5a51-4a80-ac17-f8139cf3a6e7@group-25DE74946659-SegmentedRaftLogWorker: created new log segment /workdir/hadoop-ozone/ozonefs/target/test-dir/MiniOzoneClusterImpl-a7a48124-c188-483e-b9a9-787dfdcc7198/datanode-5/data/ratis/f2a60c29-f04a-42cf-8146-25de74946659/current/log_inprogress_0
2019-09-25 05:54:11,022 [Thread-300] INFO  impl.FollowerState (FollowerState.java:run(106)) - 042645b7-d9e3-44d6-a86c-5222fd8d5aba:group-F22FBF521BC8 changes to CANDIDATE, lastRpcTime:5085, electionTimeout:5085ms
2019-09-25 05:54:11,022 [Thread-300] INFO  impl.RoleInfo (RoleInfo.java:shutdownFollowerState(121)) - 042645b7-d9e3-44d6-a86c-5222fd8d5aba: shutdown FollowerState
2019-09-25 05:54:11,022 [Thread-300] INFO  impl.RaftServerImpl (RaftServerImpl.java:setRole(174)) - 042645b7-d9e3-44d6-a86c-5222fd8d5aba@group-F22FBF521BC8: changes role from  FOLLOWER to CANDIDATE at term 0 for changeToCandidate
2019-09-25 05:54:11,023 [Thread-300] INFO  impl.RoleInfo (RoleInfo.java:updateAndGet(143)) - 042645b7-d9e3-44d6-a86c-5222fd8d5aba: start LeaderElection
2019-09-25 05:54:11,047 [Thread-297] INFO  impl.FollowerState (FollowerState.java:run(106)) - 9b45984a-e801-4994-8f0b-759bb773fda3:group-2FFFA845EF19 changes to CANDIDATE, lastRpcTime:5200, electionTimeout:5198ms
2019-09-25 05:54:11,048 [042645b7-d9e3-44d6-a86c-5222fd8d5aba@group-F22FBF521BC8:LeaderElection5] INFO  impl.LeaderElection (LeaderElection.java:askForVotes(182)) - 042645b7-d9e3-44d6-a86c-5222fd8d5aba@group-F22FBF521BC8:LeaderElection5: begin an election at term 1 for -1: [042645b7-d9e3-44d6-a86c-5222fd8d5aba:192.168.5.161:35465], old=null
2019-09-25 05:54:11,048 [Thread-297] INFO  impl.RoleInfo (RoleInfo.java:shutdownFollowerState(121)) - 9b45984a-e801-4994-8f0b-759bb773fda3: shutdown FollowerState
2019-09-25 05:54:11,048 [042645b7-d9e3-44d6-a86c-5222fd8d5aba@group-F22FBF521BC8:LeaderElection5] INFO  impl.RoleInfo (RoleInfo.java:shutdownLeaderElection(134)) - 042645b7-d9e3-44d6-a86c-5222fd8d5aba: shutdown LeaderElection
2019-09-25 05:54:11,048 [Thread-297] INFO  impl.RaftServerImpl (RaftServerImpl.java:setRole(174)) - 9b45984a-e801-4994-8f0b-759bb773fda3@group-2FFFA845EF19: changes role from  FOLLOWER to CANDIDATE at term 0 for changeToCandidate
2019-09-25 05:54:11,048 [042645b7-d9e3-44d6-a86c-5222fd8d5aba@group-F22FBF521BC8:LeaderElection5] INFO  impl.RaftServerImpl (RaftServerImpl.java:setRole(174)) - 042645b7-d9e3-44d6-a86c-5222fd8d5aba@group-F22FBF521BC8: changes role from CANDIDATE to LEADER at term 1 for changeToLeader
2019-09-25 05:54:11,048 [Thread-297] INFO  impl.RoleInfo (RoleInfo.java:updateAndGet(143)) - 9b45984a-e801-4994-8f0b-759bb773fda3: start LeaderElection
2019-09-25 05:54:11,048 [042645b7-d9e3-44d6-a86c-5222fd8d5aba@group-F22FBF521BC8:LeaderElection5] INFO  impl.RaftServerImpl (ServerState.java:setLeader(253)) - 042645b7-d9e3-44d6-a86c-5222fd8d5aba@group-F22FBF521BC8: change Leader from null to 042645b7-d9e3-44d6-a86c-5222fd8d5aba at term 1 for becomeLeader, leader elected after 5127ms
2019-09-25 05:54:11,048 [042645b7-d9e3-44d6-a86c-5222fd8d5aba@group-F22FBF521BC8:LeaderElection5] INFO  server.RaftServerConfigKeys (ConfUtils.java:logGet(43)) - raft.server.staging.catchup.gap = 1000 (default)
2019-09-25 05:54:11,051 [042645b7-d9e3-44d6-a86c-5222fd8d5aba@group-F22FBF521BC8:LeaderElection5] INFO  server.RaftServerConfigKeys (ConfUtils.java:logGet(43)) - raft.server.rpc.sleep.time = 25ms (default)
2019-09-25 05:54:11,057 [042645b7-d9e3-44d6-a86c-5222fd8d5aba@group-F22FBF521BC8:LeaderElection5] INFO  server.RaftServerConfigKeys (ConfUtils.java:logGet(43)) - raft.server.write.element-limit = 4096 (default)
2019-09-25 05:54:11,057 [042645b7-d9e3-44d6-a86c-5222fd8d5aba@group-F22FBF521BC8:LeaderElection5] INFO  server.RaftServerConfigKeys (ConfUtils.java:logGet(43)) - raft.server.watch.timeout = 10s (default)
2019-09-25 05:54:11,057 [042645b7-d9e3-44d6-a86c-5222fd8d5aba@group-F22FBF521BC8:LeaderElection5] INFO  server.RaftServerConfigKeys (ConfUtils.java:logGet(43)) - raft.server.watch.timeout.denomination = 1s (default)
2019-09-25 05:54:11,057 [042645b7-d9e3-44d6-a86c-5222fd8d5aba@group-F22FBF521BC8:LeaderElection5] INFO  server.RaftServerConfigKeys (ConfUtils.java:logGet(43)) - raft.server.watch.element-limit = 65536 (default)
2019-09-25 05:54:11,060 [042645b7-d9e3-44d6-a86c-5222fd8d5aba@group-F22FBF521BC8:LeaderElection5] INFO  impl.RoleInfo (RoleInfo.java:updateAndGet(143)) - 042645b7-d9e3-44d6-a86c-5222fd8d5aba: start LeaderState
2019-09-25 05:54:11,060 [042645b7-d9e3-44d6-a86c-5222fd8d5aba@group-F22FBF521BC8:LeaderElection5] INFO  segmented.SegmentedRaftLogWorker (SegmentedRaftLogWorker.java:startLogSegment(380)) - 042645b7-d9e3-44d6-a86c-5222fd8d5aba@group-F22FBF521BC8-SegmentedRaftLogWorker: Starting segment from index:0
2019-09-25 05:54:11,060 [042645b7-d9e3-44d6-a86c-5222fd8d5aba@group-F22FBF521BC8:LeaderElection5] INFO  impl.RaftServerImpl (ServerState.java:setRaftConf(354)) - 042645b7-d9e3-44d6-a86c-5222fd8d5aba@group-F22FBF521BC8: set configuration 0: [042645b7-d9e3-44d6-a86c-5222fd8d5aba:192.168.5.161:35465], old=null at 0
2019-09-25 05:54:11,099 [9b45984a-e801-4994-8f0b-759bb773fda3@group-2FFFA845EF19:LeaderElection6] INFO  impl.LeaderElection (LeaderElection.java:askForVotes(182)) - 9b45984a-e801-4994-8f0b-759bb773fda3@group-2FFFA845EF19:LeaderElection6: begin an election at term 1 for -1: [9b45984a-e801-4994-8f0b-759bb773fda3:192.168.5.161:35299], old=null
2019-09-25 05:54:11,099 [9b45984a-e801-4994-8f0b-759bb773fda3@group-2FFFA845EF19:LeaderElection6] INFO  impl.RoleInfo (RoleInfo.java:shutdownLeaderElection(134)) - 9b45984a-e801-4994-8f0b-759bb773fda3: shutdown LeaderElection
2019-09-25 05:54:11,099 [9b45984a-e801-4994-8f0b-759bb773fda3@group-2FFFA845EF19:LeaderElection6] INFO  impl.RaftServerImpl (RaftServerImpl.java:setRole(174)) - 9b45984a-e801-4994-8f0b-759bb773fda3@group-2FFFA845EF19: changes role from CANDIDATE to LEADER at term 1 for changeToLeader
2019-09-25 05:54:11,100 [9b45984a-e801-4994-8f0b-759bb773fda3@group-2FFFA845EF19:LeaderElection6] INFO  impl.RaftServerImpl (ServerState.java:setLeader(253)) - 9b45984a-e801-4994-8f0b-759bb773fda3@group-2FFFA845EF19: change Leader from null to 9b45984a-e801-4994-8f0b-759bb773fda3 at term 1 for becomeLeader, leader elected after 5273ms
2019-09-25 05:54:11,100 [9b45984a-e801-4994-8f0b-759bb773fda3@group-2FFFA845EF19:LeaderElection6] INFO  server.RaftServerConfigKeys (ConfUtils.java:logGet(43)) - raft.server.staging.catchup.gap = 1000 (default)
2019-09-25 05:54:11,100 [9b45984a-e801-4994-8f0b-759bb773fda3@group-2FFFA845EF19:LeaderElection6] INFO  server.RaftServerConfigKeys (ConfUtils.java:logGet(43)) - raft.server.rpc.sleep.time = 25ms (default)
2019-09-25 05:54:11,100 [9b45984a-e801-4994-8f0b-759bb773fda3@group-2FFFA845EF19:LeaderElection6] INFO  server.RaftServerConfigKeys (ConfUtils.java:logGet(43)) - raft.server.write.element-limit = 4096 (default)
2019-09-25 05:54:11,100 [9b45984a-e801-4994-8f0b-759bb773fda3@group-2FFFA845EF19:LeaderElection6] INFO  server.RaftServerConfigKeys (ConfUtils.java:logGet(43)) - raft.server.watch.timeout = 10s (default)
2019-09-25 05:54:11,100 [9b45984a-e801-4994-8f0b-759bb773fda3@group-2FFFA845EF19:LeaderElection6] INFO  server.RaftServerConfigKeys (ConfUtils.java:logGet(43)) - raft.server.watch.timeout.denomination = 1s (default)
2019-09-25 05:54:11,101 [9b45984a-e801-4994-8f0b-759bb773fda3@group-2FFFA845EF19:LeaderElection6] INFO  server.RaftServerConfigKeys (ConfUtils.java:logGet(43)) - raft.server.watch.element-limit = 65536 (default)
2019-09-25 05:54:11,103 [9b45984a-e801-4994-8f0b-759bb773fda3@group-2FFFA845EF19:LeaderElection6] INFO  impl.RoleInfo (RoleInfo.java:updateAndGet(143)) - 9b45984a-e801-4994-8f0b-759bb773fda3: start LeaderState
2019-09-25 05:54:11,104 [9b45984a-e801-4994-8f0b-759bb773fda3@group-2FFFA845EF19:LeaderElection6] INFO  segmented.SegmentedRaftLogWorker (SegmentedRaftLogWorker.java:startLogSegment(380)) - 9b45984a-e801-4994-8f0b-759bb773fda3@group-2FFFA845EF19-SegmentedRaftLogWorker: Starting segment from index:0
2019-09-25 05:54:11,104 [9b45984a-e801-4994-8f0b-759bb773fda3@group-2FFFA845EF19:LeaderElection6] INFO  impl.RaftServerImpl (ServerState.java:setRaftConf(354)) - 9b45984a-e801-4994-8f0b-759bb773fda3@group-2FFFA845EF19: set configuration 0: [9b45984a-e801-4994-8f0b-759bb773fda3:192.168.5.161:35299], old=null at 0
2019-09-25 05:54:11,147 [042645b7-d9e3-44d6-a86c-5222fd8d5aba@group-F22FBF521BC8-SegmentedRaftLogWorker] INFO  segmented.SegmentedRaftLogWorker (SegmentedRaftLogWorker.java:execute(569)) - 042645b7-d9e3-44d6-a86c-5222fd8d5aba@group-F22FBF521BC8-SegmentedRaftLogWorker: created new log segment /workdir/hadoop-ozone/ozonefs/target/test-dir/MiniOzoneClusterImpl-a7a48124-c188-483e-b9a9-787dfdcc7198/datanode-6/data/ratis/1390aa61-0f51-4c88-b3f4-f22fbf521bc8/current/log_inprogress_0
2019-09-25 05:54:11,171 [9b45984a-e801-4994-8f0b-759bb773fda3@group-2FFFA845EF19-SegmentedRaftLogWorker] INFO  segmented.SegmentedRaftLogWorker (SegmentedRaftLogWorker.java:execute(569)) - 9b45984a-e801-4994-8f0b-759bb773fda3@group-2FFFA845EF19-SegmentedRaftLogWorker: created new log segment /workdir/hadoop-ozone/ozonefs/target/test-dir/MiniOzoneClusterImpl-a7a48124-c188-483e-b9a9-787dfdcc7198/datanode-3/data/ratis/b97175a6-acb8-4a36-bb9d-2fffa845ef19/current/log_inprogress_0
2019-09-25 05:54:11,179 [Thread-306] INFO  impl.FollowerState (FollowerState.java:run(106)) - f28e89b6-3953-4014-b5dd-5d7c12bc90a1:group-03140269466D changes to CANDIDATE, lastRpcTime:5055, electionTimeout:5055ms
2019-09-25 05:54:11,179 [Thread-306] INFO  impl.RoleInfo (RoleInfo.java:shutdownFollowerState(121)) - f28e89b6-3953-4014-b5dd-5d7c12bc90a1: shutdown FollowerState
2019-09-25 05:54:11,180 [Thread-306] INFO  impl.RaftServerImpl (RaftServerImpl.java:setRole(174)) - f28e89b6-3953-4014-b5dd-5d7c12bc90a1@group-03140269466D: changes role from  FOLLOWER to CANDIDATE at term 0 for changeToCandidate
2019-09-25 05:54:11,180 [Thread-306] INFO  impl.RoleInfo (RoleInfo.java:updateAndGet(143)) - f28e89b6-3953-4014-b5dd-5d7c12bc90a1: start LeaderElection
2019-09-25 05:54:11,191 [Thread-303] INFO  impl.FollowerState (FollowerState.java:run(106)) - f15c9da4-41cd-4d3b-befd-f91bd6a8ef15:group-3643E8C0673A changes to CANDIDATE, lastRpcTime:5167, electionTimeout:5166ms
2019-09-25 05:54:11,192 [Thread-303] INFO  impl.RoleInfo (RoleInfo.java:shutdownFollowerState(121)) - f15c9da4-41cd-4d3b-befd-f91bd6a8ef15: shutdown FollowerState
2019-09-25 05:54:11,192 [Thread-303] INFO  impl.RaftServerImpl (RaftServerImpl.java:setRole(174)) - f15c9da4-41cd-4d3b-befd-f91bd6a8ef15@group-3643E8C0673A: changes role from  FOLLOWER to CANDIDATE at term 0 for changeToCandidate
2019-09-25 05:54:11,192 [Thread-303] INFO  impl.RoleInfo (RoleInfo.java:updateAndGet(143)) - f15c9da4-41cd-4d3b-befd-f91bd6a8ef15: start LeaderElection
2019-09-25 05:54:11,217 [f15c9da4-41cd-4d3b-befd-f91bd6a8ef15@group-3643E8C0673A:LeaderElection8] INFO  impl.LeaderElection (LeaderElection.java:askForVotes(182)) - f15c9da4-41cd-4d3b-befd-f91bd6a8ef15@group-3643E8C0673A:LeaderElection8: begin an election at term 1 for -1: [f15c9da4-41cd-4d3b-befd-f91bd6a8ef15:192.168.5.161:37814], old=null
2019-09-25 05:54:11,217 [f28e89b6-3953-4014-b5dd-5d7c12bc90a1@group-03140269466D:LeaderElection7] INFO  impl.LeaderElection (LeaderElection.java:askForVotes(182)) - f28e89b6-3953-4014-b5dd-5d7c12bc90a1@group-03140269466D:LeaderElection7: begin an election at term 1 for -1: [f28e89b6-3953-4014-b5dd-5d7c12bc90a1:192.168.5.161:36384], old=null
2019-09-25 05:54:11,217 [f15c9da4-41cd-4d3b-befd-f91bd6a8ef15@group-3643E8C0673A:LeaderElection8] INFO  impl.RoleInfo (RoleInfo.java:shutdownLeaderElection(134)) - f15c9da4-41cd-4d3b-befd-f91bd6a8ef15: shutdown LeaderElection
2019-09-25 05:54:11,217 [f28e89b6-3953-4014-b5dd-5d7c12bc90a1@group-03140269466D:LeaderElection7] INFO  impl.RoleInfo (RoleInfo.java:shutdownLeaderElection(134)) - f28e89b6-3953-4014-b5dd-5d7c12bc90a1: shutdown LeaderElection
2019-09-25 05:54:11,217 [f15c9da4-41cd-4d3b-befd-f91bd6a8ef15@group-3643E8C0673A:LeaderElection8] INFO  impl.RaftServerImpl (RaftServerImpl.java:setRole(174)) - f15c9da4-41cd-4d3b-befd-f91bd6a8ef15@group-3643E8C0673A: changes role from CANDIDATE to LEADER at term 1 for changeToLeader
2019-09-25 05:54:11,217 [f28e89b6-3953-4014-b5dd-5d7c12bc90a1@group-03140269466D:LeaderElection7] INFO  impl.RaftServerImpl (RaftServerImpl.java:setRole(174)) - f28e89b6-3953-4014-b5dd-5d7c12bc90a1@group-03140269466D: changes role from CANDIDATE to LEADER at term 1 for changeToLeader
2019-09-25 05:54:11,218 [f15c9da4-41cd-4d3b-befd-f91bd6a8ef15@group-3643E8C0673A:LeaderElection8] INFO  impl.RaftServerImpl (ServerState.java:setLeader(253)) - f15c9da4-41cd-4d3b-befd-f91bd6a8ef15@group-3643E8C0673A: change Leader from null to f15c9da4-41cd-4d3b-befd-f91bd6a8ef15 at term 1 for becomeLeader, leader elected after 5202ms
2019-09-25 05:54:11,218 [f28e89b6-3953-4014-b5dd-5d7c12bc90a1@group-03140269466D:LeaderElection7] INFO  impl.RaftServerImpl (ServerState.java:setLeader(253)) - f28e89b6-3953-4014-b5dd-5d7c12bc90a1@group-03140269466D: change Leader from null to f28e89b6-3953-4014-b5dd-5d7c12bc90a1 at term 1 for becomeLeader, leader elected after 5109ms
2019-09-25 05:54:11,218 [f15c9da4-41cd-4d3b-befd-f91bd6a8ef15@group-3643E8C0673A:LeaderElection8] INFO  server.RaftServerConfigKeys (ConfUtils.java:logGet(43)) - raft.server.staging.catchup.gap = 1000 (default)
2019-09-25 05:54:11,218 [f28e89b6-3953-4014-b5dd-5d7c12bc90a1@group-03140269466D:LeaderElection7] INFO  server.RaftServerConfigKeys (ConfUtils.java:logGet(43)) - raft.server.staging.catchup.gap = 1000 (default)
2019-09-25 05:54:11,218 [f15c9da4-41cd-4d3b-befd-f91bd6a8ef15@group-3643E8C0673A:LeaderElection8] INFO  server.RaftServerConfigKeys (ConfUtils.java:logGet(43)) - raft.server.rpc.sleep.time = 25ms (default)
2019-09-25 05:54:11,219 [f28e89b6-3953-4014-b5dd-5d7c12bc90a1@group-03140269466D:LeaderElection7] INFO  server.RaftServerConfigKeys (ConfUtils.java:logGet(43)) - raft.server.rpc.sleep.time = 25ms (default)
2019-09-25 05:54:11,219 [f15c9da4-41cd-4d3b-befd-f91bd6a8ef15@group-3643E8C0673A:LeaderElection8] INFO  server.RaftServerConfigKeys (ConfUtils.java:logGet(43)) - raft.server.write.element-limit = 4096 (default)
2019-09-25 05:54:11,219 [f28e89b6-3953-4014-b5dd-5d7c12bc90a1@group-03140269466D:LeaderElection7] INFO  server.RaftServerConfigKeys (ConfUtils.java:logGet(43)) - raft.server.write.element-limit = 4096 (default)
2019-09-25 05:54:11,219 [f15c9da4-41cd-4d3b-befd-f91bd6a8ef15@group-3643E8C0673A:LeaderElection8] INFO  server.RaftServerConfigKeys (ConfUtils.java:logGet(43)) - raft.server.watch.timeout = 10s (default)
2019-09-25 05:54:11,219 [f28e89b6-3953-4014-b5dd-5d7c12bc90a1@group-03140269466D:LeaderElection7] INFO  server.RaftServerConfigKeys (ConfUtils.java:logGet(43)) - raft.server.watch.timeout = 10s (default)
2019-09-25 05:54:11,220 [f15c9da4-41cd-4d3b-befd-f91bd6a8ef15@group-3643E8C0673A:LeaderElection8] INFO  server.RaftServerConfigKeys (ConfUtils.java:logGet(43)) - raft.server.watch.timeout.denomination = 1s (default)
2019-09-25 05:54:11,220 [f28e89b6-3953-4014-b5dd-5d7c12bc90a1@group-03140269466D:LeaderElection7] INFO  server.RaftServerConfigKeys (ConfUtils.java:logGet(43)) - raft.server.watch.timeout.denomination = 1s (default)
2019-09-25 05:54:11,220 [f15c9da4-41cd-4d3b-befd-f91bd6a8ef15@group-3643E8C0673A:LeaderElection8] INFO  server.RaftServerConfigKeys (ConfUtils.java:logGet(43)) - raft.server.watch.element-limit = 65536 (default)
2019-09-25 05:54:11,220 [f28e89b6-3953-4014-b5dd-5d7c12bc90a1@group-03140269466D:LeaderElection7] INFO  server.RaftServerConfigKeys (ConfUtils.java:logGet(43)) - raft.server.watch.element-limit = 65536 (default)
2019-09-25 05:54:11,227 [f15c9da4-41cd-4d3b-befd-f91bd6a8ef15@group-3643E8C0673A:LeaderElection8] INFO  impl.RoleInfo (RoleInfo.java:updateAndGet(143)) - f15c9da4-41cd-4d3b-befd-f91bd6a8ef15: start LeaderState
2019-09-25 05:54:11,227 [f28e89b6-3953-4014-b5dd-5d7c12bc90a1@group-03140269466D:LeaderElection7] INFO  impl.RoleInfo (RoleInfo.java:updateAndGet(143)) - f28e89b6-3953-4014-b5dd-5d7c12bc90a1: start LeaderState
2019-09-25 05:54:11,228 [f15c9da4-41cd-4d3b-befd-f91bd6a8ef15@group-3643E8C0673A:LeaderElection8] INFO  segmented.SegmentedRaftLogWorker (SegmentedRaftLogWorker.java:startLogSegment(380)) - f15c9da4-41cd-4d3b-befd-f91bd6a8ef15@group-3643E8C0673A-SegmentedRaftLogWorker: Starting segment from index:0
2019-09-25 05:54:11,228 [f28e89b6-3953-4014-b5dd-5d7c12bc90a1@group-03140269466D:LeaderElection7] INFO  segmented.SegmentedRaftLogWorker (SegmentedRaftLogWorker.java:startLogSegment(380)) - f28e89b6-3953-4014-b5dd-5d7c12bc90a1@group-03140269466D-SegmentedRaftLogWorker: Starting segment from index:0
2019-09-25 05:54:11,228 [f15c9da4-41cd-4d3b-befd-f91bd6a8ef15@group-3643E8C0673A:LeaderElection8] INFO  impl.RaftServerImpl (ServerState.java:setRaftConf(354)) - f15c9da4-41cd-4d3b-befd-f91bd6a8ef15@group-3643E8C0673A: set configuration 0: [f15c9da4-41cd-4d3b-befd-f91bd6a8ef15:192.168.5.161:37814], old=null at 0
2019-09-25 05:54:11,274 [f28e89b6-3953-4014-b5dd-5d7c12bc90a1@group-03140269466D:LeaderElection7] INFO  impl.RaftServerImpl (ServerState.java:setRaftConf(354)) - f28e89b6-3953-4014-b5dd-5d7c12bc90a1@group-03140269466D: set configuration 0: [f28e89b6-3953-4014-b5dd-5d7c12bc90a1:192.168.5.161:36384], old=null at 0
2019-09-25 05:54:11,287 [f15c9da4-41cd-4d3b-befd-f91bd6a8ef15@group-3643E8C0673A-SegmentedRaftLogWorker] INFO  segmented.SegmentedRaftLogWorker (SegmentedRaftLogWorker.java:execute(569)) - f15c9da4-41cd-4d3b-befd-f91bd6a8ef15@group-3643E8C0673A-SegmentedRaftLogWorker: created new log segment /workdir/hadoop-ozone/ozonefs/target/test-dir/MiniOzoneClusterImpl-a7a48124-c188-483e-b9a9-787dfdcc7198/datanode-1/data/ratis/c6d38e44-e48a-45ff-8810-3643e8c0673a/current/log_inprogress_0
2019-09-25 05:54:11,287 [f28e89b6-3953-4014-b5dd-5d7c12bc90a1@group-03140269466D-SegmentedRaftLogWorker] INFO  segmented.SegmentedRaftLogWorker (SegmentedRaftLogWorker.java:execute(569)) - f28e89b6-3953-4014-b5dd-5d7c12bc90a1@group-03140269466D-SegmentedRaftLogWorker: created new log segment /workdir/hadoop-ozone/ozonefs/target/test-dir/MiniOzoneClusterImpl-a7a48124-c188-483e-b9a9-787dfdcc7198/datanode-7/data/ratis/7a7f0cf9-ae42-40d0-ac8a-03140269466d/current/log_inprogress_0
2019-09-25 05:54:11,339 [Thread-309] INFO  impl.FollowerState (FollowerState.java:run(106)) - 042645b7-d9e3-44d6-a86c-5222fd8d5aba:group-E9EE4A8FB16E changes to CANDIDATE, lastRpcTime:5135, electionTimeout:5135ms
2019-09-25 05:54:11,339 [Thread-309] INFO  impl.RoleInfo (RoleInfo.java:shutdownFollowerState(121)) - 042645b7-d9e3-44d6-a86c-5222fd8d5aba: shutdown FollowerState
2019-09-25 05:54:11,340 [Thread-309] INFO  impl.RaftServerImpl (RaftServerImpl.java:setRole(174)) - 042645b7-d9e3-44d6-a86c-5222fd8d5aba@group-E9EE4A8FB16E: changes role from  FOLLOWER to CANDIDATE at term 0 for changeToCandidate
2019-09-25 05:54:11,340 [Thread-309] INFO  impl.RoleInfo (RoleInfo.java:updateAndGet(143)) - 042645b7-d9e3-44d6-a86c-5222fd8d5aba: start LeaderElection
2019-09-25 05:54:11,372 [042645b7-d9e3-44d6-a86c-5222fd8d5aba@group-E9EE4A8FB16E:LeaderElection9] INFO  impl.LeaderElection (LeaderElection.java:askForVotes(182)) - 042645b7-d9e3-44d6-a86c-5222fd8d5aba@group-E9EE4A8FB16E:LeaderElection9: begin an election at term 1 for -1: [042645b7-d9e3-44d6-a86c-5222fd8d5aba:192.168.5.161:35465], old=null
2019-09-25 05:54:11,372 [042645b7-d9e3-44d6-a86c-5222fd8d5aba@group-E9EE4A8FB16E:LeaderElection9] INFO  impl.RoleInfo (RoleInfo.java:shutdownLeaderElection(134)) - 042645b7-d9e3-44d6-a86c-5222fd8d5aba: shutdown LeaderElection
2019-09-25 05:54:11,372 [042645b7-d9e3-44d6-a86c-5222fd8d5aba@group-E9EE4A8FB16E:LeaderElection9] INFO  impl.RaftServerImpl (RaftServerImpl.java:setRole(174)) - 042645b7-d9e3-44d6-a86c-5222fd8d5aba@group-E9EE4A8FB16E: changes role from CANDIDATE to LEADER at term 1 for changeToLeader
2019-09-25 05:54:11,373 [042645b7-d9e3-44d6-a86c-5222fd8d5aba@group-E9EE4A8FB16E:LeaderElection9] INFO  impl.RaftServerImpl (ServerState.java:setLeader(253)) - 042645b7-d9e3-44d6-a86c-5222fd8d5aba@group-E9EE4A8FB16E: change Leader from null to 042645b7-d9e3-44d6-a86c-5222fd8d5aba at term 1 for becomeLeader, leader elected after 5178ms
2019-09-25 05:54:11,373 [042645b7-d9e3-44d6-a86c-5222fd8d5aba@group-E9EE4A8FB16E:LeaderElection9] INFO  server.RaftServerConfigKeys (ConfUtils.java:logGet(43)) - raft.server.staging.catchup.gap = 1000 (default)
2019-09-25 05:54:11,373 [042645b7-d9e3-44d6-a86c-5222fd8d5aba@group-E9EE4A8FB16E:LeaderElection9] INFO  server.RaftServerConfigKeys (ConfUtils.java:logGet(43)) - raft.server.rpc.sleep.time = 25ms (default)
2019-09-25 05:54:11,373 [042645b7-d9e3-44d6-a86c-5222fd8d5aba@group-E9EE4A8FB16E:LeaderElection9] INFO  server.RaftServerConfigKeys (ConfUtils.java:logGet(43)) - raft.server.write.element-limit = 4096 (default)
2019-09-25 05:54:11,373 [042645b7-d9e3-44d6-a86c-5222fd8d5aba@group-E9EE4A8FB16E:LeaderElection9] INFO  server.RaftServerConfigKeys (ConfUtils.java:logGet(43)) - raft.server.watch.timeout = 10s (default)
2019-09-25 05:54:11,374 [042645b7-d9e3-44d6-a86c-5222fd8d5aba@group-E9EE4A8FB16E:LeaderElection9] INFO  server.RaftServerConfigKeys (ConfUtils.java:logGet(43)) - raft.server.watch.timeout.denomination = 1s (default)
2019-09-25 05:54:11,374 [042645b7-d9e3-44d6-a86c-5222fd8d5aba@group-E9EE4A8FB16E:LeaderElection9] INFO  server.RaftServerConfigKeys (ConfUtils.java:logGet(43)) - raft.server.watch.element-limit = 65536 (default)
2019-09-25 05:54:11,377 [042645b7-d9e3-44d6-a86c-5222fd8d5aba@group-E9EE4A8FB16E:LeaderElection9] INFO  impl.RoleInfo (RoleInfo.java:updateAndGet(143)) - 042645b7-d9e3-44d6-a86c-5222fd8d5aba: start LeaderState
2019-09-25 05:54:11,378 [042645b7-d9e3-44d6-a86c-5222fd8d5aba@group-E9EE4A8FB16E:LeaderElection9] INFO  segmented.SegmentedRaftLogWorker (SegmentedRaftLogWorker.java:startLogSegment(380)) - 042645b7-d9e3-44d6-a86c-5222fd8d5aba@group-E9EE4A8FB16E-SegmentedRaftLogWorker: Starting segment from index:0
2019-09-25 05:54:11,378 [042645b7-d9e3-44d6-a86c-5222fd8d5aba@group-E9EE4A8FB16E:LeaderElection9] INFO  impl.RaftServerImpl (ServerState.java:setRaftConf(354)) - 042645b7-d9e3-44d6-a86c-5222fd8d5aba@group-E9EE4A8FB16E: set configuration 0: [042645b7-d9e3-44d6-a86c-5222fd8d5aba:192.168.5.161:35465], old=null at 0
2019-09-25 05:54:11,422 [Thread-315] INFO  impl.FollowerState (FollowerState.java:run(106)) - f28e89b6-3953-4014-b5dd-5d7c12bc90a1:group-D3C6CACE0421 changes to CANDIDATE, lastRpcTime:5038, electionTimeout:5028ms
2019-09-25 05:54:11,423 [Thread-315] INFO  impl.RoleInfo (RoleInfo.java:shutdownFollowerState(121)) - f28e89b6-3953-4014-b5dd-5d7c12bc90a1: shutdown FollowerState
2019-09-25 05:54:11,423 [Thread-315] INFO  impl.RaftServerImpl (RaftServerImpl.java:setRole(174)) - f28e89b6-3953-4014-b5dd-5d7c12bc90a1@group-D3C6CACE0421: changes role from  FOLLOWER to CANDIDATE at term 0 for changeToCandidate
2019-09-25 05:54:11,423 [Thread-315] INFO  impl.RoleInfo (RoleInfo.java:updateAndGet(143)) - f28e89b6-3953-4014-b5dd-5d7c12bc90a1: start LeaderElection
2019-09-25 05:54:11,432 [Thread-312] INFO  impl.FollowerState (FollowerState.java:run(106)) - f28e89b6-3953-4014-b5dd-5d7c12bc90a1:group-6A91B0F0EBCC changes to CANDIDATE, lastRpcTime:5126, electionTimeout:5122ms
2019-09-25 05:54:11,433 [Thread-312] INFO  impl.RoleInfo (RoleInfo.java:shutdownFollowerState(121)) - f28e89b6-3953-4014-b5dd-5d7c12bc90a1: shutdown FollowerState
2019-09-25 05:54:11,433 [Thread-312] INFO  impl.RaftServerImpl (RaftServerImpl.java:setRole(174)) - f28e89b6-3953-4014-b5dd-5d7c12bc90a1@group-6A91B0F0EBCC: changes role from  FOLLOWER to CANDIDATE at term 0 for changeToCandidate
2019-09-25 05:54:11,433 [Thread-312] INFO  impl.RoleInfo (RoleInfo.java:updateAndGet(143)) - f28e89b6-3953-4014-b5dd-5d7c12bc90a1: start LeaderElection
2019-09-25 05:54:11,446 [042645b7-d9e3-44d6-a86c-5222fd8d5aba@group-E9EE4A8FB16E-SegmentedRaftLogWorker] INFO  segmented.SegmentedRaftLogWorker (SegmentedRaftLogWorker.java:execute(569)) - 042645b7-d9e3-44d6-a86c-5222fd8d5aba@group-E9EE4A8FB16E-SegmentedRaftLogWorker: created new log segment /workdir/hadoop-ozone/ozonefs/target/test-dir/MiniOzoneClusterImpl-a7a48124-c188-483e-b9a9-787dfdcc7198/datanode-6/data/ratis/d929f01a-6568-42ec-b01b-e9ee4a8fb16e/current/log_inprogress_0
2019-09-25 05:54:11,460 [f28e89b6-3953-4014-b5dd-5d7c12bc90a1@group-6A91B0F0EBCC:LeaderElection11] INFO  impl.LeaderElection (LeaderElection.java:askForVotes(182)) - f28e89b6-3953-4014-b5dd-5d7c12bc90a1@group-6A91B0F0EBCC:LeaderElection11: begin an election at term 1 for -1: [f28e89b6-3953-4014-b5dd-5d7c12bc90a1:192.168.5.161:36384], old=null
2019-09-25 05:54:11,460 [f28e89b6-3953-4014-b5dd-5d7c12bc90a1@group-D3C6CACE0421:LeaderElection10] INFO  impl.LeaderElection (LeaderElection.java:askForVotes(182)) - f28e89b6-3953-4014-b5dd-5d7c12bc90a1@group-D3C6CACE0421:LeaderElection10: begin an election at term 1 for -1: [f28e89b6-3953-4014-b5dd-5d7c12bc90a1:192.168.5.161:36384], old=null
2019-09-25 05:54:11,460 [f28e89b6-3953-4014-b5dd-5d7c12bc90a1@group-6A91B0F0EBCC:LeaderElection11] INFO  impl.RoleInfo (RoleInfo.java:shutdownLeaderElection(134)) - f28e89b6-3953-4014-b5dd-5d7c12bc90a1: shutdown LeaderElection
2019-09-25 05:54:11,460 [f28e89b6-3953-4014-b5dd-5d7c12bc90a1@group-D3C6CACE0421:LeaderElection10] INFO  impl.RoleInfo (RoleInfo.java:shutdownLeaderElection(134)) - f28e89b6-3953-4014-b5dd-5d7c12bc90a1: shutdown LeaderElection
2019-09-25 05:54:11,460 [f28e89b6-3953-4014-b5dd-5d7c12bc90a1@group-6A91B0F0EBCC:LeaderElection11] INFO  impl.RaftServerImpl (RaftServerImpl.java:setRole(174)) - f28e89b6-3953-4014-b5dd-5d7c12bc90a1@group-6A91B0F0EBCC: changes role from CANDIDATE to LEADER at term 1 for changeToLeader
2019-09-25 05:54:11,461 [f28e89b6-3953-4014-b5dd-5d7c12bc90a1@group-D3C6CACE0421:LeaderElection10] INFO  impl.RaftServerImpl (RaftServerImpl.java:setRole(174)) - f28e89b6-3953-4014-b5dd-5d7c12bc90a1@group-D3C6CACE0421: changes role from CANDIDATE to LEADER at term 1 for changeToLeader
2019-09-25 05:54:11,461 [f28e89b6-3953-4014-b5dd-5d7c12bc90a1@group-6A91B0F0EBCC:LeaderElection11] INFO  impl.RaftServerImpl (ServerState.java:setLeader(253)) - f28e89b6-3953-4014-b5dd-5d7c12bc90a1@group-6A91B0F0EBCC: change Leader from null to f28e89b6-3953-4014-b5dd-5d7c12bc90a1 at term 1 for becomeLeader, leader elected after 5163ms
2019-09-25 05:54:11,461 [f28e89b6-3953-4014-b5dd-5d7c12bc90a1@group-D3C6CACE0421:LeaderElection10] INFO  impl.RaftServerImpl (ServerState.java:setLeader(253)) - f28e89b6-3953-4014-b5dd-5d7c12bc90a1@group-D3C6CACE0421: change Leader from null to f28e89b6-3953-4014-b5dd-5d7c12bc90a1 at term 1 for becomeLeader, leader elected after 5084ms
2019-09-25 05:54:11,461 [f28e89b6-3953-4014-b5dd-5d7c12bc90a1@group-6A91B0F0EBCC:LeaderElection11] INFO  server.RaftServerConfigKeys (ConfUtils.java:logGet(43)) - raft.server.staging.catchup.gap = 1000 (default)
2019-09-25 05:54:11,461 [f28e89b6-3953-4014-b5dd-5d7c12bc90a1@group-D3C6CACE0421:LeaderElection10] INFO  server.RaftServerConfigKeys (ConfUtils.java:logGet(43)) - raft.server.staging.catchup.gap = 1000 (default)
2019-09-25 05:54:11,461 [f28e89b6-3953-4014-b5dd-5d7c12bc90a1@group-6A91B0F0EBCC:LeaderElection11] INFO  server.RaftServerConfigKeys (ConfUtils.java:logGet(43)) - raft.server.rpc.sleep.time = 25ms (default)
2019-09-25 05:54:11,461 [f28e89b6-3953-4014-b5dd-5d7c12bc90a1@group-D3C6CACE0421:LeaderElection10] INFO  server.RaftServerConfigKeys (ConfUtils.java:logGet(43)) - raft.server.rpc.sleep.time = 25ms (default)
2019-09-25 05:54:11,462 [f28e89b6-3953-4014-b5dd-5d7c12bc90a1@group-6A91B0F0EBCC:LeaderElection11] INFO  server.RaftServerConfigKeys (ConfUtils.java:logGet(43)) - raft.server.write.element-limit = 4096 (default)
2019-09-25 05:54:11,462 [f28e89b6-3953-4014-b5dd-5d7c12bc90a1@group-D3C6CACE0421:LeaderElection10] INFO  server.RaftServerConfigKeys (ConfUtils.java:logGet(43)) - raft.server.write.element-limit = 4096 (default)
2019-09-25 05:54:11,462 [f28e89b6-3953-4014-b5dd-5d7c12bc90a1@group-6A91B0F0EBCC:LeaderElection11] INFO  server.RaftServerConfigKeys (ConfUtils.java:logGet(43)) - raft.server.watch.timeout = 10s (default)
2019-09-25 05:54:11,462 [f28e89b6-3953-4014-b5dd-5d7c12bc90a1@group-D3C6CACE0421:LeaderElection10] INFO  server.RaftServerConfigKeys (ConfUtils.java:logGet(43)) - raft.server.watch.timeout = 10s (default)
2019-09-25 05:54:11,462 [f28e89b6-3953-4014-b5dd-5d7c12bc90a1@group-6A91B0F0EBCC:LeaderElection11] INFO  server.RaftServerConfigKeys (ConfUtils.java:logGet(43)) - raft.server.watch.timeout.denomination = 1s (default)
2019-09-25 05:54:11,462 [f28e89b6-3953-4014-b5dd-5d7c12bc90a1@group-D3C6CACE0421:LeaderElection10] INFO  server.RaftServerConfigKeys (ConfUtils.java:logGet(43)) - raft.server.watch.timeout.denomination = 1s (default)
2019-09-25 05:54:11,462 [f28e89b6-3953-4014-b5dd-5d7c12bc90a1@group-6A91B0F0EBCC:LeaderElection11] INFO  server.RaftServerConfigKeys (ConfUtils.java:logGet(43)) - raft.server.watch.element-limit = 65536 (default)
2019-09-25 05:54:11,463 [f28e89b6-3953-4014-b5dd-5d7c12bc90a1@group-D3C6CACE0421:LeaderElection10] INFO  server.RaftServerConfigKeys (ConfUtils.java:logGet(43)) - raft.server.watch.element-limit = 65536 (default)
2019-09-25 05:54:11,467 [f28e89b6-3953-4014-b5dd-5d7c12bc90a1@group-6A91B0F0EBCC:LeaderElection11] INFO  impl.RoleInfo (RoleInfo.java:updateAndGet(143)) - f28e89b6-3953-4014-b5dd-5d7c12bc90a1: start LeaderState
2019-09-25 05:54:11,467 [f28e89b6-3953-4014-b5dd-5d7c12bc90a1@group-6A91B0F0EBCC:LeaderElection11] INFO  segmented.SegmentedRaftLogWorker (SegmentedRaftLogWorker.java:startLogSegment(380)) - f28e89b6-3953-4014-b5dd-5d7c12bc90a1@group-6A91B0F0EBCC-SegmentedRaftLogWorker: Starting segment from index:0
2019-09-25 05:54:11,467 [f28e89b6-3953-4014-b5dd-5d7c12bc90a1@group-D3C6CACE0421:LeaderElection10] INFO  impl.RoleInfo (RoleInfo.java:updateAndGet(143)) - f28e89b6-3953-4014-b5dd-5d7c12bc90a1: start LeaderState
2019-09-25 05:54:11,467 [f28e89b6-3953-4014-b5dd-5d7c12bc90a1@group-6A91B0F0EBCC:LeaderElection11] INFO  impl.RaftServerImpl (ServerState.java:setRaftConf(354)) - f28e89b6-3953-4014-b5dd-5d7c12bc90a1@group-6A91B0F0EBCC: set configuration 0: [f28e89b6-3953-4014-b5dd-5d7c12bc90a1:192.168.5.161:36384], old=null at 0
2019-09-25 05:54:11,467 [f28e89b6-3953-4014-b5dd-5d7c12bc90a1@group-D3C6CACE0421:LeaderElection10] INFO  segmented.SegmentedRaftLogWorker (SegmentedRaftLogWorker.java:startLogSegment(380)) - f28e89b6-3953-4014-b5dd-5d7c12bc90a1@group-D3C6CACE0421-SegmentedRaftLogWorker: Starting segment from index:0
2019-09-25 05:54:11,504 [f28e89b6-3953-4014-b5dd-5d7c12bc90a1@group-D3C6CACE0421:LeaderElection10] INFO  impl.RaftServerImpl (ServerState.java:setRaftConf(354)) - f28e89b6-3953-4014-b5dd-5d7c12bc90a1@group-D3C6CACE0421: set configuration 0: [f28e89b6-3953-4014-b5dd-5d7c12bc90a1:192.168.5.161:36384], old=null at 0
2019-09-25 05:54:11,538 [f28e89b6-3953-4014-b5dd-5d7c12bc90a1@group-6A91B0F0EBCC-SegmentedRaftLogWorker] INFO  segmented.SegmentedRaftLogWorker (SegmentedRaftLogWorker.java:execute(569)) - f28e89b6-3953-4014-b5dd-5d7c12bc90a1@group-6A91B0F0EBCC-SegmentedRaftLogWorker: created new log segment /workdir/hadoop-ozone/ozonefs/target/test-dir/MiniOzoneClusterImpl-a7a48124-c188-483e-b9a9-787dfdcc7198/datanode-7/data/ratis/e794cfc7-7878-4944-b494-6a91b0f0ebcc/current/log_inprogress_0
2019-09-25 05:54:11,551 [f28e89b6-3953-4014-b5dd-5d7c12bc90a1@group-D3C6CACE0421-SegmentedRaftLogWorker] INFO  segmented.SegmentedRaftLogWorker (SegmentedRaftLogWorker.java:execute(569)) - f28e89b6-3953-4014-b5dd-5d7c12bc90a1@group-D3C6CACE0421-SegmentedRaftLogWorker: created new log segment /workdir/hadoop-ozone/ozonefs/target/test-dir/MiniOzoneClusterImpl-a7a48124-c188-483e-b9a9-787dfdcc7198/datanode-7/data/ratis/99a0d684-2a2d-4caa-897f-d3c6cace0421/current/log_inprogress_0
2019-09-25 05:54:11,615 [Thread-321] INFO  impl.FollowerState (FollowerState.java:run(106)) - 042645b7-d9e3-44d6-a86c-5222fd8d5aba:group-15BB65C3F737 changes to CANDIDATE, lastRpcTime:5096, electionTimeout:5096ms
2019-09-25 05:54:11,616 [Thread-321] INFO  impl.RoleInfo (RoleInfo.java:shutdownFollowerState(121)) - 042645b7-d9e3-44d6-a86c-5222fd8d5aba: shutdown FollowerState
2019-09-25 05:54:11,616 [Thread-321] INFO  impl.RaftServerImpl (RaftServerImpl.java:setRole(174)) - 042645b7-d9e3-44d6-a86c-5222fd8d5aba@group-15BB65C3F737: changes role from  FOLLOWER to CANDIDATE at term 0 for changeToCandidate
2019-09-25 05:54:11,616 [Thread-321] INFO  impl.RoleInfo (RoleInfo.java:updateAndGet(143)) - 042645b7-d9e3-44d6-a86c-5222fd8d5aba: start LeaderElection
2019-09-25 05:54:11,626 [Thread-318] INFO  impl.FollowerState (FollowerState.java:run(106)) - f28e89b6-3953-4014-b5dd-5d7c12bc90a1:group-5D0CFC8F1096 changes to CANDIDATE, lastRpcTime:5173, electionTimeout:5173ms
2019-09-25 05:54:11,626 [Thread-318] INFO  impl.RoleInfo (RoleInfo.java:shutdownFollowerState(121)) - f28e89b6-3953-4014-b5dd-5d7c12bc90a1: shutdown FollowerState
2019-09-25 05:54:11,626 [Thread-318] INFO  impl.RaftServerImpl (RaftServerImpl.java:setRole(174)) - f28e89b6-3953-4014-b5dd-5d7c12bc90a1@group-5D0CFC8F1096: changes role from  FOLLOWER to CANDIDATE at term 0 for changeToCandidate
2019-09-25 05:54:11,626 [Thread-318] INFO  impl.RoleInfo (RoleInfo.java:updateAndGet(143)) - f28e89b6-3953-4014-b5dd-5d7c12bc90a1: start LeaderElection
2019-09-25 05:54:11,650 [f28e89b6-3953-4014-b5dd-5d7c12bc90a1@group-5D0CFC8F1096:LeaderElection13] INFO  impl.LeaderElection (LeaderElection.java:askForVotes(182)) - f28e89b6-3953-4014-b5dd-5d7c12bc90a1@group-5D0CFC8F1096:LeaderElection13: begin an election at term 1 for -1: [f28e89b6-3953-4014-b5dd-5d7c12bc90a1:192.168.5.161:36384], old=null
2019-09-25 05:54:11,650 [042645b7-d9e3-44d6-a86c-5222fd8d5aba@group-15BB65C3F737:LeaderElection12] INFO  impl.LeaderElection (LeaderElection.java:askForVotes(182)) - 042645b7-d9e3-44d6-a86c-5222fd8d5aba@group-15BB65C3F737:LeaderElection12: begin an election at term 1 for -1: [042645b7-d9e3-44d6-a86c-5222fd8d5aba:192.168.5.161:35465], old=null
2019-09-25 05:54:11,650 [f28e89b6-3953-4014-b5dd-5d7c12bc90a1@group-5D0CFC8F1096:LeaderElection13] INFO  impl.RoleInfo (RoleInfo.java:shutdownLeaderElection(134)) - f28e89b6-3953-4014-b5dd-5d7c12bc90a1: shutdown LeaderElection
2019-09-25 05:54:11,651 [042645b7-d9e3-44d6-a86c-5222fd8d5aba@group-15BB65C3F737:LeaderElection12] INFO  impl.RoleInfo (RoleInfo.java:shutdownLeaderElection(134)) - 042645b7-d9e3-44d6-a86c-5222fd8d5aba: shutdown LeaderElection
2019-09-25 05:54:11,651 [f28e89b6-3953-4014-b5dd-5d7c12bc90a1@group-5D0CFC8F1096:LeaderElection13] INFO  impl.RaftServerImpl (RaftServerImpl.java:setRole(174)) - f28e89b6-3953-4014-b5dd-5d7c12bc90a1@group-5D0CFC8F1096: changes role from CANDIDATE to LEADER at term 1 for changeToLeader
2019-09-25 05:54:11,651 [042645b7-d9e3-44d6-a86c-5222fd8d5aba@group-15BB65C3F737:LeaderElection12] INFO  impl.RaftServerImpl (RaftServerImpl.java:setRole(174)) - 042645b7-d9e3-44d6-a86c-5222fd8d5aba@group-15BB65C3F737: changes role from CANDIDATE to LEADER at term 1 for changeToLeader
2019-09-25 05:54:11,651 [f28e89b6-3953-4014-b5dd-5d7c12bc90a1@group-5D0CFC8F1096:LeaderElection13] INFO  impl.RaftServerImpl (ServerState.java:setLeader(253)) - f28e89b6-3953-4014-b5dd-5d7c12bc90a1@group-5D0CFC8F1096: change Leader from null to f28e89b6-3953-4014-b5dd-5d7c12bc90a1 at term 1 for becomeLeader, leader elected after 5207ms
2019-09-25 05:54:11,651 [042645b7-d9e3-44d6-a86c-5222fd8d5aba@group-15BB65C3F737:LeaderElection12] INFO  impl.RaftServerImpl (ServerState.java:setLeader(253)) - 042645b7-d9e3-44d6-a86c-5222fd8d5aba@group-15BB65C3F737: change Leader from null to 042645b7-d9e3-44d6-a86c-5222fd8d5aba at term 1 for becomeLeader, leader elected after 5140ms
2019-09-25 05:54:11,651 [f28e89b6-3953-4014-b5dd-5d7c12bc90a1@group-5D0CFC8F1096:LeaderElection13] INFO  server.RaftServerConfigKeys (ConfUtils.java:logGet(43)) - raft.server.staging.catchup.gap = 1000 (default)
2019-09-25 05:54:11,651 [042645b7-d9e3-44d6-a86c-5222fd8d5aba@group-15BB65C3F737:LeaderElection12] INFO  server.RaftServerConfigKeys (ConfUtils.java:logGet(43)) - raft.server.staging.catchup.gap = 1000 (default)
2019-09-25 05:54:11,651 [f28e89b6-3953-4014-b5dd-5d7c12bc90a1@group-5D0CFC8F1096:LeaderElection13] INFO  server.RaftServerConfigKeys (ConfUtils.java:logGet(43)) - raft.server.rpc.sleep.time = 25ms (default)
2019-09-25 05:54:11,652 [042645b7-d9e3-44d6-a86c-5222fd8d5aba@group-15BB65C3F737:LeaderElection12] INFO  server.RaftServerConfigKeys (ConfUtils.java:logGet(43)) - raft.server.rpc.sleep.time = 25ms (default)
2019-09-25 05:54:11,652 [f28e89b6-3953-4014-b5dd-5d7c12bc90a1@group-5D0CFC8F1096:LeaderElection13] INFO  server.RaftServerConfigKeys (ConfUtils.java:logGet(43)) - raft.server.write.element-limit = 4096 (default)
2019-09-25 05:54:11,652 [042645b7-d9e3-44d6-a86c-5222fd8d5aba@group-15BB65C3F737:LeaderElection12] INFO  server.RaftServerConfigKeys (ConfUtils.java:logGet(43)) - raft.server.write.element-limit = 4096 (default)
2019-09-25 05:54:11,652 [f28e89b6-3953-4014-b5dd-5d7c12bc90a1@group-5D0CFC8F1096:LeaderElection13] INFO  server.RaftServerConfigKeys (ConfUtils.java:logGet(43)) - raft.server.watch.timeout = 10s (default)
2019-09-25 05:54:11,652 [042645b7-d9e3-44d6-a86c-5222fd8d5aba@group-15BB65C3F737:LeaderElection12] INFO  server.RaftServerConfigKeys (ConfUtils.java:logGet(43)) - raft.server.watch.timeout = 10s (default)
2019-09-25 05:54:11,652 [f28e89b6-3953-4014-b5dd-5d7c12bc90a1@group-5D0CFC8F1096:LeaderElection13] INFO  server.RaftServerConfigKeys (ConfUtils.java:logGet(43)) - raft.server.watch.timeout.denomination = 1s (default)
2019-09-25 05:54:11,652 [042645b7-d9e3-44d6-a86c-5222fd8d5aba@group-15BB65C3F737:LeaderElection12] INFO  server.RaftServerConfigKeys (ConfUtils.java:logGet(43)) - raft.server.watch.timeout.denomination = 1s (default)
2019-09-25 05:54:11,652 [f28e89b6-3953-4014-b5dd-5d7c12bc90a1@group-5D0CFC8F1096:LeaderElection13] INFO  server.RaftServerConfigKeys (ConfUtils.java:logGet(43)) - raft.server.watch.element-limit = 65536 (default)
2019-09-25 05:54:11,653 [042645b7-d9e3-44d6-a86c-5222fd8d5aba@group-15BB65C3F737:LeaderElection12] INFO  server.RaftServerConfigKeys (ConfUtils.java:logGet(43)) - raft.server.watch.element-limit = 65536 (default)
2019-09-25 05:54:11,654 [Thread-325] INFO  impl.FollowerState (FollowerState.java:run(106)) - 169f835a-5a51-4a80-ac17-f8139cf3a6e7:group-D7D713E942EC changes to CANDIDATE, lastRpcTime:5056, electionTimeout:5056ms
2019-09-25 05:54:11,654 [Thread-325] INFO  impl.RoleInfo (RoleInfo.java:shutdownFollowerState(121)) - 169f835a-5a51-4a80-ac17-f8139cf3a6e7: shutdown FollowerState
2019-09-25 05:54:11,654 [Thread-325] INFO  impl.RaftServerImpl (RaftServerImpl.java:setRole(174)) - 169f835a-5a51-4a80-ac17-f8139cf3a6e7@group-D7D713E942EC: changes role from  FOLLOWER to CANDIDATE at term 0 for changeToCandidate
2019-09-25 05:54:11,654 [Thread-325] INFO  impl.RoleInfo (RoleInfo.java:updateAndGet(143)) - 169f835a-5a51-4a80-ac17-f8139cf3a6e7: start LeaderElection
2019-09-25 05:54:11,664 [f28e89b6-3953-4014-b5dd-5d7c12bc90a1@group-5D0CFC8F1096:LeaderElection13] INFO  impl.RoleInfo (RoleInfo.java:updateAndGet(143)) - f28e89b6-3953-4014-b5dd-5d7c12bc90a1: start LeaderState
2019-09-25 05:54:11,664 [042645b7-d9e3-44d6-a86c-5222fd8d5aba@group-15BB65C3F737:LeaderElection12] INFO  impl.RoleInfo (RoleInfo.java:updateAndGet(143)) - 042645b7-d9e3-44d6-a86c-5222fd8d5aba: start LeaderState
2019-09-25 05:54:11,664 [f28e89b6-3953-4014-b5dd-5d7c12bc90a1@group-5D0CFC8F1096:LeaderElection13] INFO  segmented.SegmentedRaftLogWorker (SegmentedRaftLogWorker.java:startLogSegment(380)) - f28e89b6-3953-4014-b5dd-5d7c12bc90a1@group-5D0CFC8F1096-SegmentedRaftLogWorker: Starting segment from index:0
2019-09-25 05:54:11,664 [042645b7-d9e3-44d6-a86c-5222fd8d5aba@group-15BB65C3F737:LeaderElection12] INFO  segmented.SegmentedRaftLogWorker (SegmentedRaftLogWorker.java:startLogSegment(380)) - 042645b7-d9e3-44d6-a86c-5222fd8d5aba@group-15BB65C3F737-SegmentedRaftLogWorker: Starting segment from index:0
2019-09-25 05:54:11,665 [f28e89b6-3953-4014-b5dd-5d7c12bc90a1@group-5D0CFC8F1096:LeaderElection13] INFO  impl.RaftServerImpl (ServerState.java:setRaftConf(354)) - f28e89b6-3953-4014-b5dd-5d7c12bc90a1@group-5D0CFC8F1096: set configuration 0: [f28e89b6-3953-4014-b5dd-5d7c12bc90a1:192.168.5.161:36384], old=null at 0
2019-09-25 05:54:11,665 [042645b7-d9e3-44d6-a86c-5222fd8d5aba@group-15BB65C3F737:LeaderElection12] INFO  impl.RaftServerImpl (ServerState.java:setRaftConf(354)) - 042645b7-d9e3-44d6-a86c-5222fd8d5aba@group-15BB65C3F737: set configuration 0: [042645b7-d9e3-44d6-a86c-5222fd8d5aba:192.168.5.161:35465], old=null at 0
2019-09-25 05:54:11,704 [169f835a-5a51-4a80-ac17-f8139cf3a6e7@group-D7D713E942EC:LeaderElection14] INFO  impl.LeaderElection (LeaderElection.java:askForVotes(182)) - 169f835a-5a51-4a80-ac17-f8139cf3a6e7@group-D7D713E942EC:LeaderElection14: begin an election at term 1 for -1: [169f835a-5a51-4a80-ac17-f8139cf3a6e7:192.168.5.161:39029], old=null
2019-09-25 05:54:11,706 [169f835a-5a51-4a80-ac17-f8139cf3a6e7@group-D7D713E942EC:LeaderElection14] INFO  impl.RoleInfo (RoleInfo.java:shutdownLeaderElection(134)) - 169f835a-5a51-4a80-ac17-f8139cf3a6e7: shutdown LeaderElection
2019-09-25 05:54:11,707 [169f835a-5a51-4a80-ac17-f8139cf3a6e7@group-D7D713E942EC:LeaderElection14] INFO  impl.RaftServerImpl (RaftServerImpl.java:setRole(174)) - 169f835a-5a51-4a80-ac17-f8139cf3a6e7@group-D7D713E942EC: changes role from CANDIDATE to LEADER at term 1 for changeToLeader
2019-09-25 05:54:11,707 [169f835a-5a51-4a80-ac17-f8139cf3a6e7@group-D7D713E942EC:LeaderElection14] INFO  impl.RaftServerImpl (ServerState.java:setLeader(253)) - 169f835a-5a51-4a80-ac17-f8139cf3a6e7@group-D7D713E942EC: change Leader from null to 169f835a-5a51-4a80-ac17-f8139cf3a6e7 at term 1 for becomeLeader, leader elected after 5116ms
2019-09-25 05:54:11,707 [169f835a-5a51-4a80-ac17-f8139cf3a6e7@group-D7D713E942EC:LeaderElection14] INFO  server.RaftServerConfigKeys (ConfUtils.java:logGet(43)) - raft.server.staging.catchup.gap = 1000 (default)
2019-09-25 05:54:11,707 [169f835a-5a51-4a80-ac17-f8139cf3a6e7@group-D7D713E942EC:LeaderElection14] INFO  server.RaftServerConfigKeys (ConfUtils.java:logGet(43)) - raft.server.rpc.sleep.time = 25ms (default)
2019-09-25 05:54:11,707 [169f835a-5a51-4a80-ac17-f8139cf3a6e7@group-D7D713E942EC:LeaderElection14] INFO  server.RaftServerConfigKeys (ConfUtils.java:logGet(43)) - raft.server.write.element-limit = 4096 (default)
2019-09-25 05:54:11,708 [169f835a-5a51-4a80-ac17-f8139cf3a6e7@group-D7D713E942EC:LeaderElection14] INFO  server.RaftServerConfigKeys (ConfUtils.java:logGet(43)) - raft.server.watch.timeout = 10s (default)
2019-09-25 05:54:11,708 [169f835a-5a51-4a80-ac17-f8139cf3a6e7@group-D7D713E942EC:LeaderElection14] INFO  server.RaftServerConfigKeys (ConfUtils.java:logGet(43)) - raft.server.watch.timeout.denomination = 1s (default)
2019-09-25 05:54:11,708 [169f835a-5a51-4a80-ac17-f8139cf3a6e7@group-D7D713E942EC:LeaderElection14] INFO  server.RaftServerConfigKeys (ConfUtils.java:logGet(43)) - raft.server.watch.element-limit = 65536 (default)
2019-09-25 05:54:11,711 [169f835a-5a51-4a80-ac17-f8139cf3a6e7@group-D7D713E942EC:LeaderElection14] INFO  impl.RoleInfo (RoleInfo.java:updateAndGet(143)) - 169f835a-5a51-4a80-ac17-f8139cf3a6e7: start LeaderState
2019-09-25 05:54:11,711 [169f835a-5a51-4a80-ac17-f8139cf3a6e7@group-D7D713E942EC:LeaderElection14] INFO  segmented.SegmentedRaftLogWorker (SegmentedRaftLogWorker.java:startLogSegment(380)) - 169f835a-5a51-4a80-ac17-f8139cf3a6e7@group-D7D713E942EC-SegmentedRaftLogWorker: Starting segment from index:0
2019-09-25 05:54:11,712 [169f835a-5a51-4a80-ac17-f8139cf3a6e7@group-D7D713E942EC:LeaderElection14] INFO  impl.RaftServerImpl (ServerState.java:setRaftConf(354)) - 169f835a-5a51-4a80-ac17-f8139cf3a6e7@group-D7D713E942EC: set configuration 0: [169f835a-5a51-4a80-ac17-f8139cf3a6e7:192.168.5.161:39029], old=null at 0
2019-09-25 05:54:11,740 [042645b7-d9e3-44d6-a86c-5222fd8d5aba@group-15BB65C3F737-SegmentedRaftLogWorker] INFO  segmented.SegmentedRaftLogWorker (SegmentedRaftLogWorker.java:execute(569)) - 042645b7-d9e3-44d6-a86c-5222fd8d5aba@group-15BB65C3F737-SegmentedRaftLogWorker: created new log segment /workdir/hadoop-ozone/ozonefs/target/test-dir/MiniOzoneClusterImpl-a7a48124-c188-483e-b9a9-787dfdcc7198/datanode-6/data/ratis/ddaae3b0-1d98-4836-858d-15bb65c3f737/current/log_inprogress_0
2019-09-25 05:54:11,740 [f28e89b6-3953-4014-b5dd-5d7c12bc90a1@group-5D0CFC8F1096-SegmentedRaftLogWorker] INFO  segmented.SegmentedRaftLogWorker (SegmentedRaftLogWorker.java:execute(569)) - f28e89b6-3953-4014-b5dd-5d7c12bc90a1@group-5D0CFC8F1096-SegmentedRaftLogWorker: created new log segment /workdir/hadoop-ozone/ozonefs/target/test-dir/MiniOzoneClusterImpl-a7a48124-c188-483e-b9a9-787dfdcc7198/datanode-7/data/ratis/2184c33d-a032-4940-bc32-5d0cfc8f1096/current/log_inprogress_0
2019-09-25 05:54:11,752 [169f835a-5a51-4a80-ac17-f8139cf3a6e7@group-D7D713E942EC-SegmentedRaftLogWorker] INFO  segmented.SegmentedRaftLogWorker (SegmentedRaftLogWorker.java:execute(569)) - 169f835a-5a51-4a80-ac17-f8139cf3a6e7@group-D7D713E942EC-SegmentedRaftLogWorker: created new log segment /workdir/hadoop-ozone/ozonefs/target/test-dir/MiniOzoneClusterImpl-a7a48124-c188-483e-b9a9-787dfdcc7198/datanode-5/data/ratis/acff0e42-5f96-4c08-bce6-d7d713e942ec/current/log_inprogress_0
2019-09-25 05:54:11,810 [Thread-328] INFO  impl.FollowerState (FollowerState.java:run(106)) - f28e89b6-3953-4014-b5dd-5d7c12bc90a1:group-094145A6D903 changes to CANDIDATE, lastRpcTime:5142, electionTimeout:5142ms
2019-09-25 05:54:11,810 [Thread-328] INFO  impl.RoleInfo (RoleInfo.java:shutdownFollowerState(121)) - f28e89b6-3953-4014-b5dd-5d7c12bc90a1: shutdown FollowerState
2019-09-25 05:54:11,810 [Thread-328] INFO  impl.RaftServerImpl (RaftServerImpl.java:setRole(174)) - f28e89b6-3953-4014-b5dd-5d7c12bc90a1@group-094145A6D903: changes role from  FOLLOWER to CANDIDATE at term 0 for changeToCandidate
2019-09-25 05:54:11,810 [Thread-328] INFO  impl.RoleInfo (RoleInfo.java:updateAndGet(143)) - f28e89b6-3953-4014-b5dd-5d7c12bc90a1: start LeaderElection
2019-09-25 05:54:11,842 [f28e89b6-3953-4014-b5dd-5d7c12bc90a1@group-094145A6D903:LeaderElection15] INFO  impl.LeaderElection (LeaderElection.java:askForVotes(182)) - f28e89b6-3953-4014-b5dd-5d7c12bc90a1@group-094145A6D903:LeaderElection15: begin an election at term 1 for -1: [f28e89b6-3953-4014-b5dd-5d7c12bc90a1:192.168.5.161:36384], old=null
2019-09-25 05:54:11,842 [f28e89b6-3953-4014-b5dd-5d7c12bc90a1@group-094145A6D903:LeaderElection15] INFO  impl.RoleInfo (RoleInfo.java:shutdownLeaderElection(134)) - f28e89b6-3953-4014-b5dd-5d7c12bc90a1: shutdown LeaderElection
2019-09-25 05:54:11,843 [f28e89b6-3953-4014-b5dd-5d7c12bc90a1@group-094145A6D903:LeaderElection15] INFO  impl.RaftServerImpl (RaftServerImpl.java:setRole(174)) - f28e89b6-3953-4014-b5dd-5d7c12bc90a1@group-094145A6D903: changes role from CANDIDATE to LEADER at term 1 for changeToLeader
2019-09-25 05:54:11,843 [f28e89b6-3953-4014-b5dd-5d7c12bc90a1@group-094145A6D903:LeaderElection15] INFO  impl.RaftServerImpl (ServerState.java:setLeader(253)) - f28e89b6-3953-4014-b5dd-5d7c12bc90a1@group-094145A6D903: change Leader from null to f28e89b6-3953-4014-b5dd-5d7c12bc90a1 at term 1 for becomeLeader, leader elected after 5186ms
2019-09-25 05:54:11,843 [f28e89b6-3953-4014-b5dd-5d7c12bc90a1@group-094145A6D903:LeaderElection15] INFO  server.RaftServerConfigKeys (ConfUtils.java:logGet(43)) - raft.server.staging.catchup.gap = 1000 (default)
2019-09-25 05:54:11,843 [f28e89b6-3953-4014-b5dd-5d7c12bc90a1@group-094145A6D903:LeaderElection15] INFO  server.RaftServerConfigKeys (ConfUtils.java:logGet(43)) - raft.server.rpc.sleep.time = 25ms (default)
2019-09-25 05:54:11,843 [f28e89b6-3953-4014-b5dd-5d7c12bc90a1@group-094145A6D903:LeaderElection15] INFO  server.RaftServerConfigKeys (ConfUtils.java:logGet(43)) - raft.server.write.element-limit = 4096 (default)
2019-09-25 05:54:11,844 [Thread-331] INFO  impl.FollowerState (FollowerState.java:run(106)) - a8d2df02-a9dc-4b60-9eec-a53a711ba1ae:group-D13092C090E7 changes to CANDIDATE, lastRpcTime:5101, electionTimeout:5101ms
2019-09-25 05:54:11,844 [f28e89b6-3953-4014-b5dd-5d7c12bc90a1@group-094145A6D903:LeaderElection15] INFO  server.RaftServerConfigKeys (ConfUtils.java:logGet(43)) - raft.server.watch.timeout = 10s (default)
2019-09-25 05:54:11,844 [Thread-331] INFO  impl.RoleInfo (RoleInfo.java:shutdownFollowerState(121)) - a8d2df02-a9dc-4b60-9eec-a53a711ba1ae: shutdown FollowerState
2019-09-25 05:54:11,844 [f28e89b6-3953-4014-b5dd-5d7c12bc90a1@group-094145A6D903:LeaderElection15] INFO  server.RaftServerConfigKeys (ConfUtils.java:logGet(43)) - raft.server.watch.timeout.denomination = 1s (default)
2019-09-25 05:54:11,844 [Thread-331] INFO  impl.RaftServerImpl (RaftServerImpl.java:setRole(174)) - a8d2df02-a9dc-4b60-9eec-a53a711ba1ae@group-D13092C090E7: changes role from  FOLLOWER to CANDIDATE at term 0 for changeToCandidate
2019-09-25 05:54:11,844 [f28e89b6-3953-4014-b5dd-5d7c12bc90a1@group-094145A6D903:LeaderElection15] INFO  server.RaftServerConfigKeys (ConfUtils.java:logGet(43)) - raft.server.watch.element-limit = 65536 (default)
2019-09-25 05:54:11,844 [Thread-331] INFO  impl.RoleInfo (RoleInfo.java:updateAndGet(143)) - a8d2df02-a9dc-4b60-9eec-a53a711ba1ae: start LeaderElection
2019-09-25 05:54:11,857 [f28e89b6-3953-4014-b5dd-5d7c12bc90a1@group-094145A6D903:LeaderElection15] INFO  impl.RoleInfo (RoleInfo.java:updateAndGet(143)) - f28e89b6-3953-4014-b5dd-5d7c12bc90a1: start LeaderState
2019-09-25 05:54:11,857 [f28e89b6-3953-4014-b5dd-5d7c12bc90a1@group-094145A6D903:LeaderElection15] INFO  segmented.SegmentedRaftLogWorker (SegmentedRaftLogWorker.java:startLogSegment(380)) - f28e89b6-3953-4014-b5dd-5d7c12bc90a1@group-094145A6D903-SegmentedRaftLogWorker: Starting segment from index:0
2019-09-25 05:54:11,858 [f28e89b6-3953-4014-b5dd-5d7c12bc90a1@group-094145A6D903:LeaderElection15] INFO  impl.RaftServerImpl (ServerState.java:setRaftConf(354)) - f28e89b6-3953-4014-b5dd-5d7c12bc90a1@group-094145A6D903: set configuration 0: [f28e89b6-3953-4014-b5dd-5d7c12bc90a1:192.168.5.161:36384], old=null at 0
2019-09-25 05:54:11,861 [a8d2df02-a9dc-4b60-9eec-a53a711ba1ae@group-D13092C090E7:LeaderElection16] INFO  impl.LeaderElection (LeaderElection.java:askForVotes(182)) - a8d2df02-a9dc-4b60-9eec-a53a711ba1ae@group-D13092C090E7:LeaderElection16: begin an election at term 1 for -1: [a8d2df02-a9dc-4b60-9eec-a53a711ba1ae:192.168.5.161:45141], old=null
2019-09-25 05:54:11,861 [a8d2df02-a9dc-4b60-9eec-a53a711ba1ae@group-D13092C090E7:LeaderElection16] INFO  impl.RoleInfo (RoleInfo.java:shutdownLeaderElection(134)) - a8d2df02-a9dc-4b60-9eec-a53a711ba1ae: shutdown LeaderElection
2019-09-25 05:54:11,862 [a8d2df02-a9dc-4b60-9eec-a53a711ba1ae@group-D13092C090E7:LeaderElection16] INFO  impl.RaftServerImpl (RaftServerImpl.java:setRole(174)) - a8d2df02-a9dc-4b60-9eec-a53a711ba1ae@group-D13092C090E7: changes role from CANDIDATE to LEADER at term 1 for changeToLeader
2019-09-25 05:54:11,862 [a8d2df02-a9dc-4b60-9eec-a53a711ba1ae@group-D13092C090E7:LeaderElection16] INFO  impl.RaftServerImpl (ServerState.java:setLeader(253)) - a8d2df02-a9dc-4b60-9eec-a53a711ba1ae@group-D13092C090E7: change Leader from null to a8d2df02-a9dc-4b60-9eec-a53a711ba1ae at term 1 for becomeLeader, leader elected after 5131ms
2019-09-25 05:54:11,862 [a8d2df02-a9dc-4b60-9eec-a53a711ba1ae@group-D13092C090E7:LeaderElection16] INFO  server.RaftServerConfigKeys (ConfUtils.java:logGet(43)) - raft.server.staging.catchup.gap = 1000 (default)
2019-09-25 05:54:11,862 [a8d2df02-a9dc-4b60-9eec-a53a711ba1ae@group-D13092C090E7:LeaderElection16] INFO  server.RaftServerConfigKeys (ConfUtils.java:logGet(43)) - raft.server.rpc.sleep.time = 25ms (default)
2019-09-25 05:54:11,863 [a8d2df02-a9dc-4b60-9eec-a53a711ba1ae@group-D13092C090E7:LeaderElection16] INFO  server.RaftServerConfigKeys (ConfUtils.java:logGet(43)) - raft.server.write.element-limit = 4096 (default)
2019-09-25 05:54:11,863 [a8d2df02-a9dc-4b60-9eec-a53a711ba1ae@group-D13092C090E7:LeaderElection16] INFO  server.RaftServerConfigKeys (ConfUtils.java:logGet(43)) - raft.server.watch.timeout = 10s (default)
2019-09-25 05:54:11,863 [a8d2df02-a9dc-4b60-9eec-a53a711ba1ae@group-D13092C090E7:LeaderElection16] INFO  server.RaftServerConfigKeys (ConfUtils.java:logGet(43)) - raft.server.watch.timeout.denomination = 1s (default)
2019-09-25 05:54:11,863 [a8d2df02-a9dc-4b60-9eec-a53a711ba1ae@group-D13092C090E7:LeaderElection16] INFO  server.RaftServerConfigKeys (ConfUtils.java:logGet(43)) - raft.server.watch.element-limit = 65536 (default)
2019-09-25 05:54:11,866 [a8d2df02-a9dc-4b60-9eec-a53a711ba1ae@group-D13092C090E7:LeaderElection16] INFO  impl.RoleInfo (RoleInfo.java:updateAndGet(143)) - a8d2df02-a9dc-4b60-9eec-a53a711ba1ae: start LeaderState
2019-09-25 05:54:11,867 [a8d2df02-a9dc-4b60-9eec-a53a711ba1ae@group-D13092C090E7:LeaderElection16] INFO  segmented.SegmentedRaftLogWorker (SegmentedRaftLogWorker.java:startLogSegment(380)) - a8d2df02-a9dc-4b60-9eec-a53a711ba1ae@group-D13092C090E7-SegmentedRaftLogWorker: Starting segment from index:0
2019-09-25 05:54:11,867 [a8d2df02-a9dc-4b60-9eec-a53a711ba1ae@group-D13092C090E7:LeaderElection16] INFO  impl.RaftServerImpl (ServerState.java:setRaftConf(354)) - a8d2df02-a9dc-4b60-9eec-a53a711ba1ae@group-D13092C090E7: set configuration 0: [a8d2df02-a9dc-4b60-9eec-a53a711ba1ae:192.168.5.161:45141], old=null at 0
2019-09-25 05:54:11,931 [a8d2df02-a9dc-4b60-9eec-a53a711ba1ae@group-D13092C090E7-SegmentedRaftLogWorker] INFO  segmented.SegmentedRaftLogWorker (SegmentedRaftLogWorker.java:execute(569)) - a8d2df02-a9dc-4b60-9eec-a53a711ba1ae@group-D13092C090E7-SegmentedRaftLogWorker: created new log segment /workdir/hadoop-ozone/ozonefs/target/test-dir/MiniOzoneClusterImpl-a7a48124-c188-483e-b9a9-787dfdcc7198/datanode-4/data/ratis/8c4c0a77-92ef-4115-9c39-d13092c090e7/current/log_inprogress_0
2019-09-25 05:54:11,931 [f28e89b6-3953-4014-b5dd-5d7c12bc90a1@group-094145A6D903-SegmentedRaftLogWorker] INFO  segmented.SegmentedRaftLogWorker (SegmentedRaftLogWorker.java:execute(569)) - f28e89b6-3953-4014-b5dd-5d7c12bc90a1@group-094145A6D903-SegmentedRaftLogWorker: created new log segment /workdir/hadoop-ozone/ozonefs/target/test-dir/MiniOzoneClusterImpl-a7a48124-c188-483e-b9a9-787dfdcc7198/datanode-7/data/ratis/131e8db4-fe6e-4c58-abd6-094145a6d903/current/log_inprogress_0
2019-09-25 05:54:11,996 [Thread-334] INFO  impl.FollowerState (FollowerState.java:run(106)) - a171a438-4db2-4a15-a03d-8d01a40a69ad:group-31C5524DE45B changes to CANDIDATE, lastRpcTime:5182, electionTimeout:5182ms
2019-09-25 05:54:11,996 [Thread-334] INFO  impl.RoleInfo (RoleInfo.java:shutdownFollowerState(121)) - a171a438-4db2-4a15-a03d-8d01a40a69ad: shutdown FollowerState
2019-09-25 05:54:11,996 [Thread-334] INFO  impl.RaftServerImpl (RaftServerImpl.java:setRole(174)) - a171a438-4db2-4a15-a03d-8d01a40a69ad@group-31C5524DE45B: changes role from  FOLLOWER to CANDIDATE at term 0 for changeToCandidate
2019-09-25 05:54:11,996 [Thread-334] INFO  impl.RoleInfo (RoleInfo.java:updateAndGet(143)) - a171a438-4db2-4a15-a03d-8d01a40a69ad: start LeaderElection
2019-09-25 05:54:12,020 [a171a438-4db2-4a15-a03d-8d01a40a69ad@group-31C5524DE45B:LeaderElection17] INFO  impl.LeaderElection (LeaderElection.java:askForVotes(182)) - a171a438-4db2-4a15-a03d-8d01a40a69ad@group-31C5524DE45B:LeaderElection17: begin an election at term 1 for -1: [a171a438-4db2-4a15-a03d-8d01a40a69ad:192.168.5.161:39877], old=null
2019-09-25 05:54:12,020 [a171a438-4db2-4a15-a03d-8d01a40a69ad@group-31C5524DE45B:LeaderElection17] INFO  impl.RoleInfo (RoleInfo.java:shutdownLeaderElection(134)) - a171a438-4db2-4a15-a03d-8d01a40a69ad: shutdown LeaderElection
2019-09-25 05:54:12,020 [a171a438-4db2-4a15-a03d-8d01a40a69ad@group-31C5524DE45B:LeaderElection17] INFO  impl.RaftServerImpl (RaftServerImpl.java:setRole(174)) - a171a438-4db2-4a15-a03d-8d01a40a69ad@group-31C5524DE45B: changes role from CANDIDATE to LEADER at term 1 for changeToLeader
2019-09-25 05:54:12,021 [a171a438-4db2-4a15-a03d-8d01a40a69ad@group-31C5524DE45B:LeaderElection17] INFO  impl.RaftServerImpl (ServerState.java:setLeader(253)) - a171a438-4db2-4a15-a03d-8d01a40a69ad@group-31C5524DE45B: change Leader from null to a171a438-4db2-4a15-a03d-8d01a40a69ad at term 1 for becomeLeader, leader elected after 5219ms
2019-09-25 05:54:12,021 [a171a438-4db2-4a15-a03d-8d01a40a69ad@group-31C5524DE45B:LeaderElection17] INFO  server.RaftServerConfigKeys (ConfUtils.java:logGet(43)) - raft.server.staging.catchup.gap = 1000 (default)
2019-09-25 05:54:12,021 [a171a438-4db2-4a15-a03d-8d01a40a69ad@group-31C5524DE45B:LeaderElection17] INFO  server.RaftServerConfigKeys (ConfUtils.java:logGet(43)) - raft.server.rpc.sleep.time = 25ms (default)
2019-09-25 05:54:12,021 [a171a438-4db2-4a15-a03d-8d01a40a69ad@group-31C5524DE45B:LeaderElection17] INFO  server.RaftServerConfigKeys (ConfUtils.java:logGet(43)) - raft.server.write.element-limit = 4096 (default)
2019-09-25 05:54:12,021 [a171a438-4db2-4a15-a03d-8d01a40a69ad@group-31C5524DE45B:LeaderElection17] INFO  server.RaftServerConfigKeys (ConfUtils.java:logGet(43)) - raft.server.watch.timeout = 10s (default)
2019-09-25 05:54:12,021 [a171a438-4db2-4a15-a03d-8d01a40a69ad@group-31C5524DE45B:LeaderElection17] INFO  server.RaftServerConfigKeys (ConfUtils.java:logGet(43)) - raft.server.watch.timeout.denomination = 1s (default)
2019-09-25 05:54:12,021 [a171a438-4db2-4a15-a03d-8d01a40a69ad@group-31C5524DE45B:LeaderElection17] INFO  server.RaftServerConfigKeys (ConfUtils.java:logGet(43)) - raft.server.watch.element-limit = 65536 (default)
2019-09-25 05:54:12,024 [a171a438-4db2-4a15-a03d-8d01a40a69ad@group-31C5524DE45B:LeaderElection17] INFO  impl.RoleInfo (RoleInfo.java:updateAndGet(143)) - a171a438-4db2-4a15-a03d-8d01a40a69ad: start LeaderState
2019-09-25 05:54:12,024 [a171a438-4db2-4a15-a03d-8d01a40a69ad@group-31C5524DE45B:LeaderElection17] INFO  segmented.SegmentedRaftLogWorker (SegmentedRaftLogWorker.java:startLogSegment(380)) - a171a438-4db2-4a15-a03d-8d01a40a69ad@group-31C5524DE45B-SegmentedRaftLogWorker: Starting segment from index:0
2019-09-25 05:54:12,025 [a171a438-4db2-4a15-a03d-8d01a40a69ad@group-31C5524DE45B:LeaderElection17] INFO  impl.RaftServerImpl (ServerState.java:setRaftConf(354)) - a171a438-4db2-4a15-a03d-8d01a40a69ad@group-31C5524DE45B: set configuration 0: [a171a438-4db2-4a15-a03d-8d01a40a69ad:192.168.5.161:39877], old=null at 0
2019-09-25 05:54:12,066 [Thread-338] INFO  impl.FollowerState (FollowerState.java:run(106)) - f28e89b6-3953-4014-b5dd-5d7c12bc90a1:group-02A7B007ABB8 changes to CANDIDATE, lastRpcTime:5162, electionTimeout:5162ms
2019-09-25 05:54:12,066 [Thread-338] INFO  impl.RoleInfo (RoleInfo.java:shutdownFollowerState(121)) - f28e89b6-3953-4014-b5dd-5d7c12bc90a1: shutdown FollowerState
2019-09-25 05:54:12,066 [Thread-338] INFO  impl.RaftServerImpl (RaftServerImpl.java:setRole(174)) - f28e89b6-3953-4014-b5dd-5d7c12bc90a1@group-02A7B007ABB8: changes role from  FOLLOWER to CANDIDATE at term 0 for changeToCandidate
2019-09-25 05:54:12,066 [Thread-338] INFO  impl.RoleInfo (RoleInfo.java:updateAndGet(143)) - f28e89b6-3953-4014-b5dd-5d7c12bc90a1: start LeaderElection
2019-09-25 05:54:12,079 [Thread-342] INFO  impl.FollowerState (FollowerState.java:run(106)) - 9b45984a-e801-4994-8f0b-759bb773fda3:group-5DC75074EA0D changes to CANDIDATE, lastRpcTime:5069, electionTimeout:5068ms
2019-09-25 05:54:12,079 [a171a438-4db2-4a15-a03d-8d01a40a69ad@group-31C5524DE45B-SegmentedRaftLogWorker] INFO  segmented.SegmentedRaftLogWorker (SegmentedRaftLogWorker.java:execute(569)) - a171a438-4db2-4a15-a03d-8d01a40a69ad@group-31C5524DE45B-SegmentedRaftLogWorker: created new log segment /workdir/hadoop-ozone/ozonefs/target/test-dir/MiniOzoneClusterImpl-a7a48124-c188-483e-b9a9-787dfdcc7198/datanode-0/data/ratis/11b98895-6f07-450b-b8c6-31c5524de45b/current/log_inprogress_0
2019-09-25 05:54:12,079 [Thread-342] INFO  impl.RoleInfo (RoleInfo.java:shutdownFollowerState(121)) - 9b45984a-e801-4994-8f0b-759bb773fda3: shutdown FollowerState
2019-09-25 05:54:12,079 [Thread-342] INFO  impl.RaftServerImpl (RaftServerImpl.java:setRole(174)) - 9b45984a-e801-4994-8f0b-759bb773fda3@group-5DC75074EA0D: changes role from  FOLLOWER to CANDIDATE at term 0 for changeToCandidate
2019-09-25 05:54:12,079 [Thread-342] INFO  impl.RoleInfo (RoleInfo.java:updateAndGet(143)) - 9b45984a-e801-4994-8f0b-759bb773fda3: start LeaderElection
2019-09-25 05:54:12,096 [9b45984a-e801-4994-8f0b-759bb773fda3@group-5DC75074EA0D:LeaderElection19] INFO  impl.LeaderElection (LeaderElection.java:askForVotes(182)) - 9b45984a-e801-4994-8f0b-759bb773fda3@group-5DC75074EA0D:LeaderElection19: begin an election at term 1 for -1: [9b45984a-e801-4994-8f0b-759bb773fda3:192.168.5.161:35299], old=null
2019-09-25 05:54:12,096 [f28e89b6-3953-4014-b5dd-5d7c12bc90a1@group-02A7B007ABB8:LeaderElection18] INFO  impl.LeaderElection (LeaderElection.java:askForVotes(182)) - f28e89b6-3953-4014-b5dd-5d7c12bc90a1@group-02A7B007ABB8:LeaderElection18: begin an election at term 1 for -1: [f28e89b6-3953-4014-b5dd-5d7c12bc90a1:192.168.5.161:36384], old=null
2019-09-25 05:54:12,096 [9b45984a-e801-4994-8f0b-759bb773fda3@group-5DC75074EA0D:LeaderElection19] INFO  impl.RoleInfo (RoleInfo.java:shutdownLeaderElection(134)) - 9b45984a-e801-4994-8f0b-759bb773fda3: shutdown LeaderElection
2019-09-25 05:54:12,096 [f28e89b6-3953-4014-b5dd-5d7c12bc90a1@group-02A7B007ABB8:LeaderElection18] INFO  impl.RoleInfo (RoleInfo.java:shutdownLeaderElection(134)) - f28e89b6-3953-4014-b5dd-5d7c12bc90a1: shutdown LeaderElection
2019-09-25 05:54:12,096 [9b45984a-e801-4994-8f0b-759bb773fda3@group-5DC75074EA0D:LeaderElection19] INFO  impl.RaftServerImpl (RaftServerImpl.java:setRole(174)) - 9b45984a-e801-4994-8f0b-759bb773fda3@group-5DC75074EA0D: changes role from CANDIDATE to LEADER at term 1 for changeToLeader
2019-09-25 05:54:12,096 [f28e89b6-3953-4014-b5dd-5d7c12bc90a1@group-02A7B007ABB8:LeaderElection18] INFO  impl.RaftServerImpl (RaftServerImpl.java:setRole(174)) - f28e89b6-3953-4014-b5dd-5d7c12bc90a1@group-02A7B007ABB8: changes role from CANDIDATE to LEADER at term 1 for changeToLeader
2019-09-25 05:54:12,096 [9b45984a-e801-4994-8f0b-759bb773fda3@group-5DC75074EA0D:LeaderElection19] INFO  impl.RaftServerImpl (ServerState.java:setLeader(253)) - 9b45984a-e801-4994-8f0b-759bb773fda3@group-5DC75074EA0D: change Leader from null to 9b45984a-e801-4994-8f0b-759bb773fda3 at term 1 for becomeLeader, leader elected after 5098ms
2019-09-25 05:54:12,096 [f28e89b6-3953-4014-b5dd-5d7c12bc90a1@group-02A7B007ABB8:LeaderElection18] INFO  impl.RaftServerImpl (ServerState.java:setLeader(253)) - f28e89b6-3953-4014-b5dd-5d7c12bc90a1@group-02A7B007ABB8: change Leader from null to f28e89b6-3953-4014-b5dd-5d7c12bc90a1 at term 1 for becomeLeader, leader elected after 5203ms
2019-09-25 05:54:12,097 [9b45984a-e801-4994-8f0b-759bb773fda3@group-5DC75074EA0D:LeaderElection19] INFO  server.RaftServerConfigKeys (ConfUtils.java:logGet(43)) - raft.server.staging.catchup.gap = 1000 (default)
2019-09-25 05:54:12,097 [f28e89b6-3953-4014-b5dd-5d7c12bc90a1@group-02A7B007ABB8:LeaderElection18] INFO  server.RaftServerConfigKeys (ConfUtils.java:logGet(43)) - raft.server.staging.catchup.gap = 1000 (default)
2019-09-25 05:54:12,097 [9b45984a-e801-4994-8f0b-759bb773fda3@group-5DC75074EA0D:LeaderElection19] INFO  server.RaftServerConfigKeys (ConfUtils.java:logGet(43)) - raft.server.rpc.sleep.time = 25ms (default)
2019-09-25 05:54:12,097 [f28e89b6-3953-4014-b5dd-5d7c12bc90a1@group-02A7B007ABB8:LeaderElection18] INFO  server.RaftServerConfigKeys (ConfUtils.java:logGet(43)) - raft.server.rpc.sleep.time = 25ms (default)
2019-09-25 05:54:12,097 [9b45984a-e801-4994-8f0b-759bb773fda3@group-5DC75074EA0D:LeaderElection19] INFO  server.RaftServerConfigKeys (ConfUtils.java:logGet(43)) - raft.server.write.element-limit = 4096 (default)
2019-09-25 05:54:12,097 [f28e89b6-3953-4014-b5dd-5d7c12bc90a1@group-02A7B007ABB8:LeaderElection18] INFO  server.RaftServerConfigKeys (ConfUtils.java:logGet(43)) - raft.server.write.element-limit = 4096 (default)
2019-09-25 05:54:12,097 [9b45984a-e801-4994-8f0b-759bb773fda3@group-5DC75074EA0D:LeaderElection19] INFO  server.RaftServerConfigKeys (ConfUtils.java:logGet(43)) - raft.server.watch.timeout = 10s (default)
2019-09-25 05:54:12,098 [f28e89b6-3953-4014-b5dd-5d7c12bc90a1@group-02A7B007ABB8:LeaderElection18] INFO  server.RaftServerConfigKeys (ConfUtils.java:logGet(43)) - raft.server.watch.timeout = 10s (default)
2019-09-25 05:54:12,098 [9b45984a-e801-4994-8f0b-759bb773fda3@group-5DC75074EA0D:LeaderElection19] INFO  server.RaftServerConfigKeys (ConfUtils.java:logGet(43)) - raft.server.watch.timeout.denomination = 1s (default)
2019-09-25 05:54:12,098 [f28e89b6-3953-4014-b5dd-5d7c12bc90a1@group-02A7B007ABB8:LeaderElection18] INFO  server.RaftServerConfigKeys (ConfUtils.java:logGet(43)) - raft.server.watch.timeout.denomination = 1s (default)
2019-09-25 05:54:12,098 [9b45984a-e801-4994-8f0b-759bb773fda3@group-5DC75074EA0D:LeaderElection19] INFO  server.RaftServerConfigKeys (ConfUtils.java:logGet(43)) - raft.server.watch.element-limit = 65536 (default)
2019-09-25 05:54:12,098 [f28e89b6-3953-4014-b5dd-5d7c12bc90a1@group-02A7B007ABB8:LeaderElection18] INFO  server.RaftServerConfigKeys (ConfUtils.java:logGet(43)) - raft.server.watch.element-limit = 65536 (default)
2019-09-25 05:54:12,101 [9b45984a-e801-4994-8f0b-759bb773fda3@group-5DC75074EA0D:LeaderElection19] INFO  impl.RoleInfo (RoleInfo.java:updateAndGet(143)) - 9b45984a-e801-4994-8f0b-759bb773fda3: start LeaderState
2019-09-25 05:54:12,101 [9b45984a-e801-4994-8f0b-759bb773fda3@group-5DC75074EA0D:LeaderElection19] INFO  segmented.SegmentedRaftLogWorker (SegmentedRaftLogWorker.java:startLogSegment(380)) - 9b45984a-e801-4994-8f0b-759bb773fda3@group-5DC75074EA0D-SegmentedRaftLogWorker: Starting segment from index:0
2019-09-25 05:54:12,102 [9b45984a-e801-4994-8f0b-759bb773fda3@group-5DC75074EA0D:LeaderElection19] INFO  impl.RaftServerImpl (ServerState.java:setRaftConf(354)) - 9b45984a-e801-4994-8f0b-759bb773fda3@group-5DC75074EA0D: set configuration 0: [9b45984a-e801-4994-8f0b-759bb773fda3:192.168.5.161:35299], old=null at 0
2019-09-25 05:54:12,137 [f28e89b6-3953-4014-b5dd-5d7c12bc90a1@group-02A7B007ABB8:LeaderElection18] INFO  impl.RoleInfo (RoleInfo.java:updateAndGet(143)) - f28e89b6-3953-4014-b5dd-5d7c12bc90a1: start LeaderState
2019-09-25 05:54:12,138 [f28e89b6-3953-4014-b5dd-5d7c12bc90a1@group-02A7B007ABB8:LeaderElection18] INFO  segmented.SegmentedRaftLogWorker (SegmentedRaftLogWorker.java:startLogSegment(380)) - f28e89b6-3953-4014-b5dd-5d7c12bc90a1@group-02A7B007ABB8-SegmentedRaftLogWorker: Starting segment from index:0
2019-09-25 05:54:12,138 [f28e89b6-3953-4014-b5dd-5d7c12bc90a1@group-02A7B007ABB8:LeaderElection18] INFO  impl.RaftServerImpl (ServerState.java:setRaftConf(354)) - f28e89b6-3953-4014-b5dd-5d7c12bc90a1@group-02A7B007ABB8: set configuration 0: [f28e89b6-3953-4014-b5dd-5d7c12bc90a1:192.168.5.161:36384], old=null at 0
2019-09-25 05:54:12,179 [Thread-345] INFO  impl.FollowerState (FollowerState.java:run(106)) - f15c9da4-41cd-4d3b-befd-f91bd6a8ef15:group-868A8A71D077 changes to CANDIDATE, lastRpcTime:5083, electionTimeout:5058ms
2019-09-25 05:54:12,179 [9b45984a-e801-4994-8f0b-759bb773fda3@group-5DC75074EA0D-SegmentedRaftLogWorker] INFO  segmented.SegmentedRaftLogWorker (SegmentedRaftLogWorker.java:execute(569)) - 9b45984a-e801-4994-8f0b-759bb773fda3@group-5DC75074EA0D-SegmentedRaftLogWorker: created new log segment /workdir/hadoop-ozone/ozonefs/target/test-dir/MiniOzoneClusterImpl-a7a48124-c188-483e-b9a9-787dfdcc7198/datanode-3/data/ratis/651d3ab5-9934-4632-9178-5dc75074ea0d/current/log_inprogress_0
2019-09-25 05:54:12,179 [Thread-345] INFO  impl.RoleInfo (RoleInfo.java:shutdownFollowerState(121)) - f15c9da4-41cd-4d3b-befd-f91bd6a8ef15: shutdown FollowerState
2019-09-25 05:54:12,180 [Thread-345] INFO  impl.RaftServerImpl (RaftServerImpl.java:setRole(174)) - f15c9da4-41cd-4d3b-befd-f91bd6a8ef15@group-868A8A71D077: changes role from  FOLLOWER to CANDIDATE at term 0 for changeToCandidate
2019-09-25 05:54:12,180 [Thread-345] INFO  impl.RoleInfo (RoleInfo.java:updateAndGet(143)) - f15c9da4-41cd-4d3b-befd-f91bd6a8ef15: start LeaderElection
2019-09-25 05:54:12,215 [f28e89b6-3953-4014-b5dd-5d7c12bc90a1@group-02A7B007ABB8-SegmentedRaftLogWorker] INFO  segmented.SegmentedRaftLogWorker (SegmentedRaftLogWorker.java:execute(569)) - f28e89b6-3953-4014-b5dd-5d7c12bc90a1@group-02A7B007ABB8-SegmentedRaftLogWorker: created new log segment /workdir/hadoop-ozone/ozonefs/target/test-dir/MiniOzoneClusterImpl-a7a48124-c188-483e-b9a9-787dfdcc7198/datanode-7/data/ratis/798b8316-26a4-4055-ab42-02a7b007abb8/current/log_inprogress_0
2019-09-25 05:54:12,228 [f15c9da4-41cd-4d3b-befd-f91bd6a8ef15@group-868A8A71D077:LeaderElection20] INFO  impl.LeaderElection (LeaderElection.java:askForVotes(182)) - f15c9da4-41cd-4d3b-befd-f91bd6a8ef15@group-868A8A71D077:LeaderElection20: begin an election at term 1 for -1: [f15c9da4-41cd-4d3b-befd-f91bd6a8ef15:192.168.5.161:37814], old=null
2019-09-25 05:54:12,228 [f15c9da4-41cd-4d3b-befd-f91bd6a8ef15@group-868A8A71D077:LeaderElection20] INFO  impl.RoleInfo (RoleInfo.java:shutdownLeaderElection(134)) - f15c9da4-41cd-4d3b-befd-f91bd6a8ef15: shutdown LeaderElection
2019-09-25 05:54:12,228 [f15c9da4-41cd-4d3b-befd-f91bd6a8ef15@group-868A8A71D077:LeaderElection20] INFO  impl.RaftServerImpl (RaftServerImpl.java:setRole(174)) - f15c9da4-41cd-4d3b-befd-f91bd6a8ef15@group-868A8A71D077: changes role from CANDIDATE to LEADER at term 1 for changeToLeader
2019-09-25 05:54:12,228 [f15c9da4-41cd-4d3b-befd-f91bd6a8ef15@group-868A8A71D077:LeaderElection20] INFO  impl.RaftServerImpl (ServerState.java:setLeader(253)) - f15c9da4-41cd-4d3b-befd-f91bd6a8ef15@group-868A8A71D077: change Leader from null to f15c9da4-41cd-4d3b-befd-f91bd6a8ef15 at term 1 for becomeLeader, leader elected after 5139ms
2019-09-25 05:54:12,229 [f15c9da4-41cd-4d3b-befd-f91bd6a8ef15@group-868A8A71D077:LeaderElection20] INFO  server.RaftServerConfigKeys (ConfUtils.java:logGet(43)) - raft.server.staging.catchup.gap = 1000 (default)
2019-09-25 05:54:12,229 [f15c9da4-41cd-4d3b-befd-f91bd6a8ef15@group-868A8A71D077:LeaderElection20] INFO  server.RaftServerConfigKeys (ConfUtils.java:logGet(43)) - raft.server.rpc.sleep.time = 25ms (default)
2019-09-25 05:54:12,229 [f15c9da4-41cd-4d3b-befd-f91bd6a8ef15@group-868A8A71D077:LeaderElection20] INFO  server.RaftServerConfigKeys (ConfUtils.java:logGet(43)) - raft.server.write.element-limit = 4096 (default)
2019-09-25 05:54:12,229 [f15c9da4-41cd-4d3b-befd-f91bd6a8ef15@group-868A8A71D077:LeaderElection20] INFO  server.RaftServerConfigKeys (ConfUtils.java:logGet(43)) - raft.server.watch.timeout = 10s (default)
2019-09-25 05:54:12,229 [f15c9da4-41cd-4d3b-befd-f91bd6a8ef15@group-868A8A71D077:LeaderElection20] INFO  server.RaftServerConfigKeys (ConfUtils.java:logGet(43)) - raft.server.watch.timeout.denomination = 1s (default)
2019-09-25 05:54:12,229 [f15c9da4-41cd-4d3b-befd-f91bd6a8ef15@group-868A8A71D077:LeaderElection20] INFO  server.RaftServerConfigKeys (ConfUtils.java:logGet(43)) - raft.server.watch.element-limit = 65536 (default)
2019-09-25 05:54:12,232 [f15c9da4-41cd-4d3b-befd-f91bd6a8ef15@group-868A8A71D077:LeaderElection20] INFO  impl.RoleInfo (RoleInfo.java:updateAndGet(143)) - f15c9da4-41cd-4d3b-befd-f91bd6a8ef15: start LeaderState
2019-09-25 05:54:12,233 [f15c9da4-41cd-4d3b-befd-f91bd6a8ef15@group-868A8A71D077:LeaderElection20] INFO  segmented.SegmentedRaftLogWorker (SegmentedRaftLogWorker.java:startLogSegment(380)) - f15c9da4-41cd-4d3b-befd-f91bd6a8ef15@group-868A8A71D077-SegmentedRaftLogWorker: Starting segment from index:0
2019-09-25 05:54:12,233 [f15c9da4-41cd-4d3b-befd-f91bd6a8ef15@group-868A8A71D077:LeaderElection20] INFO  impl.RaftServerImpl (ServerState.java:setRaftConf(354)) - f15c9da4-41cd-4d3b-befd-f91bd6a8ef15@group-868A8A71D077: set configuration 0: [f15c9da4-41cd-4d3b-befd-f91bd6a8ef15:192.168.5.161:37814], old=null at 0
2019-09-25 05:54:12,292 [f15c9da4-41cd-4d3b-befd-f91bd6a8ef15@group-868A8A71D077-SegmentedRaftLogWorker] INFO  segmented.SegmentedRaftLogWorker (SegmentedRaftLogWorker.java:execute(569)) - f15c9da4-41cd-4d3b-befd-f91bd6a8ef15@group-868A8A71D077-SegmentedRaftLogWorker: created new log segment /workdir/hadoop-ozone/ozonefs/target/test-dir/MiniOzoneClusterImpl-a7a48124-c188-483e-b9a9-787dfdcc7198/datanode-1/data/ratis/d25cfae9-7829-45bb-a0b6-868a8a71d077/current/log_inprogress_0
2019-09-25 05:54:13,191 [Thread-350] INFO  impl.FollowerState (FollowerState.java:run(106)) - 9b45984a-e801-4994-8f0b-759bb773fda3:group-91AC0045DF3C changes to CANDIDATE, lastRpcTime:5056, electionTimeout:5056ms
2019-09-25 05:54:13,191 [Thread-350] INFO  impl.RoleInfo (RoleInfo.java:shutdownFollowerState(121)) - 9b45984a-e801-4994-8f0b-759bb773fda3: shutdown FollowerState
2019-09-25 05:54:13,191 [Thread-350] INFO  impl.RaftServerImpl (RaftServerImpl.java:setRole(174)) - 9b45984a-e801-4994-8f0b-759bb773fda3@group-91AC0045DF3C: changes role from  FOLLOWER to CANDIDATE at term 0 for changeToCandidate
2019-09-25 05:54:13,192 [Thread-350] INFO  impl.RoleInfo (RoleInfo.java:updateAndGet(143)) - 9b45984a-e801-4994-8f0b-759bb773fda3: start LeaderElection
2019-09-25 05:54:13,209 [9b45984a-e801-4994-8f0b-759bb773fda3@group-91AC0045DF3C:LeaderElection21] INFO  impl.LeaderElection (LeaderElection.java:askForVotes(182)) - 9b45984a-e801-4994-8f0b-759bb773fda3@group-91AC0045DF3C:LeaderElection21: begin an election at term 1 for -1: [9b45984a-e801-4994-8f0b-759bb773fda3:192.168.5.161:35299], old=null
2019-09-25 05:54:13,209 [9b45984a-e801-4994-8f0b-759bb773fda3@group-91AC0045DF3C:LeaderElection21] INFO  impl.RoleInfo (RoleInfo.java:shutdownLeaderElection(134)) - 9b45984a-e801-4994-8f0b-759bb773fda3: shutdown LeaderElection
2019-09-25 05:54:13,210 [9b45984a-e801-4994-8f0b-759bb773fda3@group-91AC0045DF3C:LeaderElection21] INFO  impl.RaftServerImpl (RaftServerImpl.java:setRole(174)) - 9b45984a-e801-4994-8f0b-759bb773fda3@group-91AC0045DF3C: changes role from CANDIDATE to LEADER at term 1 for changeToLeader
2019-09-25 05:54:13,210 [9b45984a-e801-4994-8f0b-759bb773fda3@group-91AC0045DF3C:LeaderElection21] INFO  impl.RaftServerImpl (ServerState.java:setLeader(253)) - 9b45984a-e801-4994-8f0b-759bb773fda3@group-91AC0045DF3C: change Leader from null to 9b45984a-e801-4994-8f0b-759bb773fda3 at term 1 for becomeLeader, leader elected after 5991ms
2019-09-25 05:54:13,210 [9b45984a-e801-4994-8f0b-759bb773fda3@group-91AC0045DF3C:LeaderElection21] INFO  server.RaftServerConfigKeys (ConfUtils.java:logGet(43)) - raft.server.staging.catchup.gap = 1000 (default)
2019-09-25 05:54:13,210 [9b45984a-e801-4994-8f0b-759bb773fda3@group-91AC0045DF3C:LeaderElection21] INFO  server.RaftServerConfigKeys (ConfUtils.java:logGet(43)) - raft.server.rpc.sleep.time = 25ms (default)
2019-09-25 05:54:13,211 [9b45984a-e801-4994-8f0b-759bb773fda3@group-91AC0045DF3C:LeaderElection21] INFO  server.RaftServerConfigKeys (ConfUtils.java:logGet(43)) - raft.server.write.element-limit = 4096 (default)
2019-09-25 05:54:13,211 [9b45984a-e801-4994-8f0b-759bb773fda3@group-91AC0045DF3C:LeaderElection21] INFO  server.RaftServerConfigKeys (ConfUtils.java:logGet(43)) - raft.server.watch.timeout = 10s (default)
2019-09-25 05:54:13,211 [9b45984a-e801-4994-8f0b-759bb773fda3@group-91AC0045DF3C:LeaderElection21] INFO  server.RaftServerConfigKeys (ConfUtils.java:logGet(43)) - raft.server.watch.timeout.denomination = 1s (default)
2019-09-25 05:54:13,211 [9b45984a-e801-4994-8f0b-759bb773fda3@group-91AC0045DF3C:LeaderElection21] INFO  server.RaftServerConfigKeys (ConfUtils.java:logGet(43)) - raft.server.watch.element-limit = 65536 (default)
2019-09-25 05:54:13,214 [9b45984a-e801-4994-8f0b-759bb773fda3@group-91AC0045DF3C:LeaderElection21] INFO  impl.RoleInfo (RoleInfo.java:updateAndGet(143)) - 9b45984a-e801-4994-8f0b-759bb773fda3: start LeaderState
2019-09-25 05:54:13,215 [9b45984a-e801-4994-8f0b-759bb773fda3@group-91AC0045DF3C:LeaderElection21] INFO  segmented.SegmentedRaftLogWorker (SegmentedRaftLogWorker.java:startLogSegment(380)) - 9b45984a-e801-4994-8f0b-759bb773fda3@group-91AC0045DF3C-SegmentedRaftLogWorker: Starting segment from index:0
2019-09-25 05:54:13,215 [9b45984a-e801-4994-8f0b-759bb773fda3@group-91AC0045DF3C:LeaderElection21] INFO  impl.RaftServerImpl (ServerState.java:setRaftConf(354)) - 9b45984a-e801-4994-8f0b-759bb773fda3@group-91AC0045DF3C: set configuration 0: [9b45984a-e801-4994-8f0b-759bb773fda3:192.168.5.161:35299], old=null at 0
2019-09-25 05:54:13,281 [9b45984a-e801-4994-8f0b-759bb773fda3@group-91AC0045DF3C-SegmentedRaftLogWorker] INFO  segmented.SegmentedRaftLogWorker (SegmentedRaftLogWorker.java:execute(569)) - 9b45984a-e801-4994-8f0b-759bb773fda3@group-91AC0045DF3C-SegmentedRaftLogWorker: created new log segment /workdir/hadoop-ozone/ozonefs/target/test-dir/MiniOzoneClusterImpl-a7a48124-c188-483e-b9a9-787dfdcc7198/datanode-3/data/ratis/8152b484-2ba4-43bf-995b-91ac0045df3c/current/log_inprogress_0
2019-09-25 05:54:13,339 [Thread-354] INFO  impl.FollowerState (FollowerState.java:run(106)) - f15c9da4-41cd-4d3b-befd-f91bd6a8ef15:group-E00BCCB6530B changes to CANDIDATE, lastRpcTime:5129, electionTimeout:5129ms
2019-09-25 05:54:13,340 [Thread-354] INFO  impl.RoleInfo (RoleInfo.java:shutdownFollowerState(121)) - f15c9da4-41cd-4d3b-befd-f91bd6a8ef15: shutdown FollowerState
2019-09-25 05:54:13,340 [Thread-354] INFO  impl.RaftServerImpl (RaftServerImpl.java:setRole(174)) - f15c9da4-41cd-4d3b-befd-f91bd6a8ef15@group-E00BCCB6530B: changes role from  FOLLOWER to CANDIDATE at term 0 for changeToCandidate
2019-09-25 05:54:13,340 [Thread-354] INFO  impl.RoleInfo (RoleInfo.java:updateAndGet(143)) - f15c9da4-41cd-4d3b-befd-f91bd6a8ef15: start LeaderElection
2019-09-25 05:54:13,357 [f15c9da4-41cd-4d3b-befd-f91bd6a8ef15@group-E00BCCB6530B:LeaderElection22] INFO  impl.LeaderElection (LeaderElection.java:askForVotes(182)) - f15c9da4-41cd-4d3b-befd-f91bd6a8ef15@group-E00BCCB6530B:LeaderElection22: begin an election at term 1 for -1: [f15c9da4-41cd-4d3b-befd-f91bd6a8ef15:192.168.5.161:37814], old=null
2019-09-25 05:54:13,357 [f15c9da4-41cd-4d3b-befd-f91bd6a8ef15@group-E00BCCB6530B:LeaderElection22] INFO  impl.RoleInfo (RoleInfo.java:shutdownLeaderElection(134)) - f15c9da4-41cd-4d3b-befd-f91bd6a8ef15: shutdown LeaderElection
2019-09-25 05:54:13,357 [f15c9da4-41cd-4d3b-befd-f91bd6a8ef15@group-E00BCCB6530B:LeaderElection22] INFO  impl.RaftServerImpl (RaftServerImpl.java:setRole(174)) - f15c9da4-41cd-4d3b-befd-f91bd6a8ef15@group-E00BCCB6530B: changes role from CANDIDATE to LEADER at term 1 for changeToLeader
2019-09-25 05:54:13,357 [f15c9da4-41cd-4d3b-befd-f91bd6a8ef15@group-E00BCCB6530B:LeaderElection22] INFO  impl.RaftServerImpl (ServerState.java:setLeader(253)) - f15c9da4-41cd-4d3b-befd-f91bd6a8ef15@group-E00BCCB6530B: change Leader from null to f15c9da4-41cd-4d3b-befd-f91bd6a8ef15 at term 1 for becomeLeader, leader elected after 5156ms
2019-09-25 05:54:13,358 [f15c9da4-41cd-4d3b-befd-f91bd6a8ef15@group-E00BCCB6530B:LeaderElection22] INFO  server.RaftServerConfigKeys (ConfUtils.java:logGet(43)) - raft.server.staging.catchup.gap = 1000 (default)
2019-09-25 05:54:13,358 [f15c9da4-41cd-4d3b-befd-f91bd6a8ef15@group-E00BCCB6530B:LeaderElection22] INFO  server.RaftServerConfigKeys (ConfUtils.java:logGet(43)) - raft.server.rpc.sleep.time = 25ms (default)
2019-09-25 05:54:13,358 [f15c9da4-41cd-4d3b-befd-f91bd6a8ef15@group-E00BCCB6530B:LeaderElection22] INFO  server.RaftServerConfigKeys (ConfUtils.java:logGet(43)) - raft.server.write.element-limit = 4096 (default)
2019-09-25 05:54:13,358 [f15c9da4-41cd-4d3b-befd-f91bd6a8ef15@group-E00BCCB6530B:LeaderElection22] INFO  server.RaftServerConfigKeys (ConfUtils.java:logGet(43)) - raft.server.watch.timeout = 10s (default)
2019-09-25 05:54:13,358 [f15c9da4-41cd-4d3b-befd-f91bd6a8ef15@group-E00BCCB6530B:LeaderElection22] INFO  server.RaftServerConfigKeys (ConfUtils.java:logGet(43)) - raft.server.watch.timeout.denomination = 1s (default)
2019-09-25 05:54:13,358 [f15c9da4-41cd-4d3b-befd-f91bd6a8ef15@group-E00BCCB6530B:LeaderElection22] INFO  server.RaftServerConfigKeys (ConfUtils.java:logGet(43)) - raft.server.watch.element-limit = 65536 (default)
2019-09-25 05:54:13,361 [f15c9da4-41cd-4d3b-befd-f91bd6a8ef15@group-E00BCCB6530B:LeaderElection22] INFO  impl.RoleInfo (RoleInfo.java:updateAndGet(143)) - f15c9da4-41cd-4d3b-befd-f91bd6a8ef15: start LeaderState
2019-09-25 05:54:13,361 [f15c9da4-41cd-4d3b-befd-f91bd6a8ef15@group-E00BCCB6530B:LeaderElection22] INFO  segmented.SegmentedRaftLogWorker (SegmentedRaftLogWorker.java:startLogSegment(380)) - f15c9da4-41cd-4d3b-befd-f91bd6a8ef15@group-E00BCCB6530B-SegmentedRaftLogWorker: Starting segment from index:0
2019-09-25 05:54:13,362 [f15c9da4-41cd-4d3b-befd-f91bd6a8ef15@group-E00BCCB6530B:LeaderElection22] INFO  impl.RaftServerImpl (ServerState.java:setRaftConf(354)) - f15c9da4-41cd-4d3b-befd-f91bd6a8ef15@group-E00BCCB6530B: set configuration 0: [f15c9da4-41cd-4d3b-befd-f91bd6a8ef15:192.168.5.161:37814], old=null at 0
2019-09-25 05:54:13,403 [Thread-360] INFO  impl.FollowerState (FollowerState.java:run(106)) - a171a438-4db2-4a15-a03d-8d01a40a69ad:group-2AACEEF55F31 changes to CANDIDATE, lastRpcTime:5033, electionTimeout:5010ms
2019-09-25 05:54:13,403 [Thread-360] INFO  impl.RoleInfo (RoleInfo.java:shutdownFollowerState(121)) - a171a438-4db2-4a15-a03d-8d01a40a69ad: shutdown FollowerState
2019-09-25 05:54:13,403 [Thread-360] INFO  impl.RaftServerImpl (RaftServerImpl.java:setRole(174)) - a171a438-4db2-4a15-a03d-8d01a40a69ad@group-2AACEEF55F31: changes role from  FOLLOWER to CANDIDATE at term 0 for changeToCandidate
2019-09-25 05:54:13,404 [Thread-360] INFO  impl.RoleInfo (RoleInfo.java:updateAndGet(143)) - a171a438-4db2-4a15-a03d-8d01a40a69ad: start LeaderElection
2019-09-25 05:54:13,427 [f15c9da4-41cd-4d3b-befd-f91bd6a8ef15@group-E00BCCB6530B-SegmentedRaftLogWorker] INFO  segmented.SegmentedRaftLogWorker (SegmentedRaftLogWorker.java:execute(569)) - f15c9da4-41cd-4d3b-befd-f91bd6a8ef15@group-E00BCCB6530B-SegmentedRaftLogWorker: created new log segment /workdir/hadoop-ozone/ozonefs/target/test-dir/MiniOzoneClusterImpl-a7a48124-c188-483e-b9a9-787dfdcc7198/datanode-1/data/ratis/b57e0db4-1c6d-4d19-aa98-e00bccb6530b/current/log_inprogress_0
2019-09-25 05:54:13,427 [a171a438-4db2-4a15-a03d-8d01a40a69ad@group-2AACEEF55F31:LeaderElection23] INFO  impl.LeaderElection (LeaderElection.java:askForVotes(182)) - a171a438-4db2-4a15-a03d-8d01a40a69ad@group-2AACEEF55F31:LeaderElection23: begin an election at term 1 for -1: [a171a438-4db2-4a15-a03d-8d01a40a69ad:192.168.5.161:39877], old=null
2019-09-25 05:54:13,427 [a171a438-4db2-4a15-a03d-8d01a40a69ad@group-2AACEEF55F31:LeaderElection23] INFO  impl.RoleInfo (RoleInfo.java:shutdownLeaderElection(134)) - a171a438-4db2-4a15-a03d-8d01a40a69ad: shutdown LeaderElection
2019-09-25 05:54:13,427 [a171a438-4db2-4a15-a03d-8d01a40a69ad@group-2AACEEF55F31:LeaderElection23] INFO  impl.RaftServerImpl (RaftServerImpl.java:setRole(174)) - a171a438-4db2-4a15-a03d-8d01a40a69ad@group-2AACEEF55F31: changes role from CANDIDATE to LEADER at term 1 for changeToLeader
2019-09-25 05:54:13,427 [a171a438-4db2-4a15-a03d-8d01a40a69ad@group-2AACEEF55F31:LeaderElection23] INFO  impl.RaftServerImpl (ServerState.java:setLeader(253)) - a171a438-4db2-4a15-a03d-8d01a40a69ad@group-2AACEEF55F31: change Leader from null to a171a438-4db2-4a15-a03d-8d01a40a69ad at term 1 for becomeLeader, leader elected after 5065ms
2019-09-25 05:54:13,428 [a171a438-4db2-4a15-a03d-8d01a40a69ad@group-2AACEEF55F31:LeaderElection23] INFO  server.RaftServerConfigKeys (ConfUtils.java:logGet(43)) - raft.server.staging.catchup.gap = 1000 (default)
2019-09-25 05:54:13,428 [a171a438-4db2-4a15-a03d-8d01a40a69ad@group-2AACEEF55F31:LeaderElection23] INFO  server.RaftServerConfigKeys (ConfUtils.java:logGet(43)) - raft.server.rpc.sleep.time = 25ms (default)
2019-09-25 05:54:13,428 [a171a438-4db2-4a15-a03d-8d01a40a69ad@group-2AACEEF55F31:LeaderElection23] INFO  server.RaftServerConfigKeys (ConfUtils.java:logGet(43)) - raft.server.write.element-limit = 4096 (default)
2019-09-25 05:54:13,428 [a171a438-4db2-4a15-a03d-8d01a40a69ad@group-2AACEEF55F31:LeaderElection23] INFO  server.RaftServerConfigKeys (ConfUtils.java:logGet(43)) - raft.server.watch.timeout = 10s (default)
2019-09-25 05:54:13,428 [a171a438-4db2-4a15-a03d-8d01a40a69ad@group-2AACEEF55F31:LeaderElection23] INFO  server.RaftServerConfigKeys (ConfUtils.java:logGet(43)) - raft.server.watch.timeout.denomination = 1s (default)
2019-09-25 05:54:13,428 [a171a438-4db2-4a15-a03d-8d01a40a69ad@group-2AACEEF55F31:LeaderElection23] INFO  server.RaftServerConfigKeys (ConfUtils.java:logGet(43)) - raft.server.watch.element-limit = 65536 (default)
2019-09-25 05:54:13,431 [a171a438-4db2-4a15-a03d-8d01a40a69ad@group-2AACEEF55F31:LeaderElection23] INFO  impl.RoleInfo (RoleInfo.java:updateAndGet(143)) - a171a438-4db2-4a15-a03d-8d01a40a69ad: start LeaderState
2019-09-25 05:54:13,431 [a171a438-4db2-4a15-a03d-8d01a40a69ad@group-2AACEEF55F31:LeaderElection23] INFO  segmented.SegmentedRaftLogWorker (SegmentedRaftLogWorker.java:startLogSegment(380)) - a171a438-4db2-4a15-a03d-8d01a40a69ad@group-2AACEEF55F31-SegmentedRaftLogWorker: Starting segment from index:0
2019-09-25 05:54:13,432 [a171a438-4db2-4a15-a03d-8d01a40a69ad@group-2AACEEF55F31:LeaderElection23] INFO  impl.RaftServerImpl (ServerState.java:setRaftConf(354)) - a171a438-4db2-4a15-a03d-8d01a40a69ad@group-2AACEEF55F31: set configuration 0: [a171a438-4db2-4a15-a03d-8d01a40a69ad:192.168.5.161:39877], old=null at 0
2019-09-25 05:54:13,476 [Thread-357] INFO  impl.FollowerState (FollowerState.java:run(106)) - 22638597-b9ac-42fc-8d80-a8fc15613fc1:group-B802CF132701 changes to CANDIDATE, lastRpcTime:5198, electionTimeout:5198ms
2019-09-25 05:54:13,476 [Thread-357] INFO  impl.RoleInfo (RoleInfo.java:shutdownFollowerState(121)) - 22638597-b9ac-42fc-8d80-a8fc15613fc1: shutdown FollowerState
2019-09-25 05:54:13,480 [Thread-357] INFO  impl.RaftServerImpl (RaftServerImpl.java:setRole(174)) - 22638597-b9ac-42fc-8d80-a8fc15613fc1@group-B802CF132701: changes role from  FOLLOWER to CANDIDATE at term 0 for changeToCandidate
2019-09-25 05:54:13,480 [Thread-363] INFO  impl.FollowerState (FollowerState.java:run(106)) - 169f835a-5a51-4a80-ac17-f8139cf3a6e7:group-9C382EDEA8D1 changes to CANDIDATE, lastRpcTime:5057, electionTimeout:5054ms
2019-09-25 05:54:13,480 [Thread-357] INFO  impl.RoleInfo (RoleInfo.java:updateAndGet(143)) - 22638597-b9ac-42fc-8d80-a8fc15613fc1: start LeaderElection
2019-09-25 05:54:13,480 [Thread-363] INFO  impl.RoleInfo (RoleInfo.java:shutdownFollowerState(121)) - 169f835a-5a51-4a80-ac17-f8139cf3a6e7: shutdown FollowerState
2019-09-25 05:54:13,480 [Thread-363] INFO  impl.RaftServerImpl (RaftServerImpl.java:setRole(174)) - 169f835a-5a51-4a80-ac17-f8139cf3a6e7@group-9C382EDEA8D1: changes role from  FOLLOWER to CANDIDATE at term 0 for changeToCandidate
2019-09-25 05:54:13,481 [Thread-363] INFO  impl.RoleInfo (RoleInfo.java:updateAndGet(143)) - 169f835a-5a51-4a80-ac17-f8139cf3a6e7: start LeaderElection
2019-09-25 05:54:13,488 [a171a438-4db2-4a15-a03d-8d01a40a69ad@group-2AACEEF55F31-SegmentedRaftLogWorker] INFO  segmented.SegmentedRaftLogWorker (SegmentedRaftLogWorker.java:execute(569)) - a171a438-4db2-4a15-a03d-8d01a40a69ad@group-2AACEEF55F31-SegmentedRaftLogWorker: created new log segment /workdir/hadoop-ozone/ozonefs/target/test-dir/MiniOzoneClusterImpl-a7a48124-c188-483e-b9a9-787dfdcc7198/datanode-0/data/ratis/8cf972b6-0841-470f-ab72-2aaceef55f31/current/log_inprogress_0
2019-09-25 05:54:13,502 [22638597-b9ac-42fc-8d80-a8fc15613fc1@group-B802CF132701:LeaderElection24] INFO  impl.LeaderElection (LeaderElection.java:askForVotes(182)) - 22638597-b9ac-42fc-8d80-a8fc15613fc1@group-B802CF132701:LeaderElection24: begin an election at term 1 for -1: [22638597-b9ac-42fc-8d80-a8fc15613fc1:192.168.5.161:38615], old=null
2019-09-25 05:54:13,502 [169f835a-5a51-4a80-ac17-f8139cf3a6e7@group-9C382EDEA8D1:LeaderElection25] INFO  impl.LeaderElection (LeaderElection.java:askForVotes(182)) - 169f835a-5a51-4a80-ac17-f8139cf3a6e7@group-9C382EDEA8D1:LeaderElection25: begin an election at term 1 for -1: [169f835a-5a51-4a80-ac17-f8139cf3a6e7:192.168.5.161:39029], old=null
2019-09-25 05:54:13,502 [22638597-b9ac-42fc-8d80-a8fc15613fc1@group-B802CF132701:LeaderElection24] INFO  impl.RoleInfo (RoleInfo.java:shutdownLeaderElection(134)) - 22638597-b9ac-42fc-8d80-a8fc15613fc1: shutdown LeaderElection
2019-09-25 05:54:13,502 [169f835a-5a51-4a80-ac17-f8139cf3a6e7@group-9C382EDEA8D1:LeaderElection25] INFO  impl.RoleInfo (RoleInfo.java:shutdownLeaderElection(134)) - 169f835a-5a51-4a80-ac17-f8139cf3a6e7: shutdown LeaderElection
2019-09-25 05:54:13,503 [22638597-b9ac-42fc-8d80-a8fc15613fc1@group-B802CF132701:LeaderElection24] INFO  impl.RaftServerImpl (RaftServerImpl.java:setRole(174)) - 22638597-b9ac-42fc-8d80-a8fc15613fc1@group-B802CF132701: changes role from CANDIDATE to LEADER at term 1 for changeToLeader
2019-09-25 05:54:13,503 [169f835a-5a51-4a80-ac17-f8139cf3a6e7@group-9C382EDEA8D1:LeaderElection25] INFO  impl.RaftServerImpl (RaftServerImpl.java:setRole(174)) - 169f835a-5a51-4a80-ac17-f8139cf3a6e7@group-9C382EDEA8D1: changes role from CANDIDATE to LEADER at term 1 for changeToLeader
2019-09-25 05:54:13,503 [22638597-b9ac-42fc-8d80-a8fc15613fc1@group-B802CF132701:LeaderElection24] INFO  impl.RaftServerImpl (ServerState.java:setLeader(253)) - 22638597-b9ac-42fc-8d80-a8fc15613fc1@group-B802CF132701: change Leader from null to 22638597-b9ac-42fc-8d80-a8fc15613fc1 at term 1 for becomeLeader, leader elected after 5234ms
2019-09-25 05:54:13,503 [169f835a-5a51-4a80-ac17-f8139cf3a6e7@group-9C382EDEA8D1:LeaderElection25] INFO  impl.RaftServerImpl (ServerState.java:setLeader(253)) - 169f835a-5a51-4a80-ac17-f8139cf3a6e7@group-9C382EDEA8D1: change Leader from null to 169f835a-5a51-4a80-ac17-f8139cf3a6e7 at term 1 for becomeLeader, leader elected after 5087ms
2019-09-25 05:54:13,503 [22638597-b9ac-42fc-8d80-a8fc15613fc1@group-B802CF132701:LeaderElection24] INFO  server.RaftServerConfigKeys (ConfUtils.java:logGet(43)) - raft.server.staging.catchup.gap = 1000 (default)
2019-09-25 05:54:13,503 [169f835a-5a51-4a80-ac17-f8139cf3a6e7@group-9C382EDEA8D1:LeaderElection25] INFO  server.RaftServerConfigKeys (ConfUtils.java:logGet(43)) - raft.server.staging.catchup.gap = 1000 (default)
2019-09-25 05:54:13,503 [22638597-b9ac-42fc-8d80-a8fc15613fc1@group-B802CF132701:LeaderElection24] INFO  server.RaftServerConfigKeys (ConfUtils.java:logGet(43)) - raft.server.rpc.sleep.time = 25ms (default)
2019-09-25 05:54:13,504 [169f835a-5a51-4a80-ac17-f8139cf3a6e7@group-9C382EDEA8D1:LeaderElection25] INFO  server.RaftServerConfigKeys (ConfUtils.java:logGet(43)) - raft.server.rpc.sleep.time = 25ms (default)
2019-09-25 05:54:13,504 [22638597-b9ac-42fc-8d80-a8fc15613fc1@group-B802CF132701:LeaderElection24] INFO  server.RaftServerConfigKeys (ConfUtils.java:logGet(43)) - raft.server.write.element-limit = 4096 (default)
2019-09-25 05:54:13,504 [169f835a-5a51-4a80-ac17-f8139cf3a6e7@group-9C382EDEA8D1:LeaderElection25] INFO  server.RaftServerConfigKeys (ConfUtils.java:logGet(43)) - raft.server.write.element-limit = 4096 (default)
2019-09-25 05:54:13,504 [22638597-b9ac-42fc-8d80-a8fc15613fc1@group-B802CF132701:LeaderElection24] INFO  server.RaftServerConfigKeys (ConfUtils.java:logGet(43)) - raft.server.watch.timeout = 10s (default)
2019-09-25 05:54:13,504 [169f835a-5a51-4a80-ac17-f8139cf3a6e7@group-9C382EDEA8D1:LeaderElection25] INFO  server.RaftServerConfigKeys (ConfUtils.java:logGet(43)) - raft.server.watch.timeout = 10s (default)
2019-09-25 05:54:13,505 [22638597-b9ac-42fc-8d80-a8fc15613fc1@group-B802CF132701:LeaderElection24] INFO  server.RaftServerConfigKeys (ConfUtils.java:logGet(43)) - raft.server.watch.timeout.denomination = 1s (default)
2019-09-25 05:54:13,505 [169f835a-5a51-4a80-ac17-f8139cf3a6e7@group-9C382EDEA8D1:LeaderElection25] INFO  server.RaftServerConfigKeys (ConfUtils.java:logGet(43)) - raft.server.watch.timeout.denomination = 1s (default)
2019-09-25 05:54:13,505 [22638597-b9ac-42fc-8d80-a8fc15613fc1@group-B802CF132701:LeaderElection24] INFO  server.RaftServerConfigKeys (ConfUtils.java:logGet(43)) - raft.server.watch.element-limit = 65536 (default)
2019-09-25 05:54:13,505 [169f835a-5a51-4a80-ac17-f8139cf3a6e7@group-9C382EDEA8D1:LeaderElection25] INFO  server.RaftServerConfigKeys (ConfUtils.java:logGet(43)) - raft.server.watch.element-limit = 65536 (default)
2019-09-25 05:54:13,510 [22638597-b9ac-42fc-8d80-a8fc15613fc1@group-B802CF132701:LeaderElection24] INFO  impl.RoleInfo (RoleInfo.java:updateAndGet(143)) - 22638597-b9ac-42fc-8d80-a8fc15613fc1: start LeaderState
2019-09-25 05:54:13,510 [169f835a-5a51-4a80-ac17-f8139cf3a6e7@group-9C382EDEA8D1:LeaderElection25] INFO  impl.RoleInfo (RoleInfo.java:updateAndGet(143)) - 169f835a-5a51-4a80-ac17-f8139cf3a6e7: start LeaderState
2019-09-25 05:54:13,510 [22638597-b9ac-42fc-8d80-a8fc15613fc1@group-B802CF132701:LeaderElection24] INFO  segmented.SegmentedRaftLogWorker (SegmentedRaftLogWorker.java:startLogSegment(380)) - 22638597-b9ac-42fc-8d80-a8fc15613fc1@group-B802CF132701-SegmentedRaftLogWorker: Starting segment from index:0
2019-09-25 05:54:13,511 [169f835a-5a51-4a80-ac17-f8139cf3a6e7@group-9C382EDEA8D1:LeaderElection25] INFO  segmented.SegmentedRaftLogWorker (SegmentedRaftLogWorker.java:startLogSegment(380)) - 169f835a-5a51-4a80-ac17-f8139cf3a6e7@group-9C382EDEA8D1-SegmentedRaftLogWorker: Starting segment from index:0
2019-09-25 05:54:13,511 [22638597-b9ac-42fc-8d80-a8fc15613fc1@group-B802CF132701:LeaderElection24] INFO  impl.RaftServerImpl (ServerState.java:setRaftConf(354)) - 22638597-b9ac-42fc-8d80-a8fc15613fc1@group-B802CF132701: set configuration 0: [22638597-b9ac-42fc-8d80-a8fc15613fc1:192.168.5.161:38615], old=null at 0
2019-09-25 05:54:13,559 [169f835a-5a51-4a80-ac17-f8139cf3a6e7@group-9C382EDEA8D1:LeaderElection25] INFO  impl.RaftServerImpl (ServerState.java:setRaftConf(354)) - 169f835a-5a51-4a80-ac17-f8139cf3a6e7@group-9C382EDEA8D1: set configuration 0: [169f835a-5a51-4a80-ac17-f8139cf3a6e7:192.168.5.161:39029], old=null at 0
2019-09-25 05:54:13,595 [Thread-366] INFO  impl.FollowerState (FollowerState.java:run(106)) - 169f835a-5a51-4a80-ac17-f8139cf3a6e7:group-714532EA6050 changes to CANDIDATE, lastRpcTime:5117, electionTimeout:5117ms
2019-09-25 05:54:13,596 [Thread-366] INFO  impl.RoleInfo (RoleInfo.java:shutdownFollowerState(121)) - 169f835a-5a51-4a80-ac17-f8139cf3a6e7: shutdown FollowerState
2019-09-25 05:54:13,596 [Thread-366] INFO  impl.RaftServerImpl (RaftServerImpl.java:setRole(174)) - 169f835a-5a51-4a80-ac17-f8139cf3a6e7@group-714532EA6050: changes role from  FOLLOWER to CANDIDATE at term 0 for changeToCandidate
2019-09-25 05:54:13,596 [Thread-366] INFO  impl.RoleInfo (RoleInfo.java:updateAndGet(143)) - 169f835a-5a51-4a80-ac17-f8139cf3a6e7: start LeaderElection
2019-09-25 05:54:13,671 [169f835a-5a51-4a80-ac17-f8139cf3a6e7@group-9C382EDEA8D1-SegmentedRaftLogWorker] INFO  segmented.SegmentedRaftLogWorker (SegmentedRaftLogWorker.java:execute(569)) - 169f835a-5a51-4a80-ac17-f8139cf3a6e7@group-9C382EDEA8D1-SegmentedRaftLogWorker: created new log segment /workdir/hadoop-ozone/ozonefs/target/test-dir/MiniOzoneClusterImpl-a7a48124-c188-483e-b9a9-787dfdcc7198/datanode-5/data/ratis/5fc0183f-65a7-45c0-b821-9c382edea8d1/current/log_inprogress_0
2019-09-25 05:54:13,671 [22638597-b9ac-42fc-8d80-a8fc15613fc1@group-B802CF132701-SegmentedRaftLogWorker] INFO  segmented.SegmentedRaftLogWorker (SegmentedRaftLogWorker.java:execute(569)) - 22638597-b9ac-42fc-8d80-a8fc15613fc1@group-B802CF132701-SegmentedRaftLogWorker: created new log segment /workdir/hadoop-ozone/ozonefs/target/test-dir/MiniOzoneClusterImpl-a7a48124-c188-483e-b9a9-787dfdcc7198/datanode-2/data/ratis/1c726460-cf41-4860-81fb-b802cf132701/current/log_inprogress_0
2019-09-25 05:54:13,696 [169f835a-5a51-4a80-ac17-f8139cf3a6e7@group-714532EA6050:LeaderElection26] INFO  impl.LeaderElection (LeaderElection.java:askForVotes(182)) - 169f835a-5a51-4a80-ac17-f8139cf3a6e7@group-714532EA6050:LeaderElection26: begin an election at term 1 for -1: [169f835a-5a51-4a80-ac17-f8139cf3a6e7:192.168.5.161:39029], old=null
2019-09-25 05:54:13,697 [169f835a-5a51-4a80-ac17-f8139cf3a6e7@group-714532EA6050:LeaderElection26] INFO  impl.RoleInfo (RoleInfo.java:shutdownLeaderElection(134)) - 169f835a-5a51-4a80-ac17-f8139cf3a6e7: shutdown LeaderElection
2019-09-25 05:54:13,697 [169f835a-5a51-4a80-ac17-f8139cf3a6e7@group-714532EA6050:LeaderElection26] INFO  impl.RaftServerImpl (RaftServerImpl.java:setRole(174)) - 169f835a-5a51-4a80-ac17-f8139cf3a6e7@group-714532EA6050: changes role from CANDIDATE to LEADER at term 1 for changeToLeader
2019-09-25 05:54:13,697 [169f835a-5a51-4a80-ac17-f8139cf3a6e7@group-714532EA6050:LeaderElection26] INFO  impl.RaftServerImpl (ServerState.java:setLeader(253)) - 169f835a-5a51-4a80-ac17-f8139cf3a6e7@group-714532EA6050: change Leader from null to 169f835a-5a51-4a80-ac17-f8139cf3a6e7 at term 1 for becomeLeader, leader elected after 5223ms
2019-09-25 05:54:13,697 [169f835a-5a51-4a80-ac17-f8139cf3a6e7@group-714532EA6050:LeaderElection26] INFO  server.RaftServerConfigKeys (ConfUtils.java:logGet(43)) - raft.server.staging.catchup.gap = 1000 (default)
2019-09-25 05:54:13,697 [169f835a-5a51-4a80-ac17-f8139cf3a6e7@group-714532EA6050:LeaderElection26] INFO  server.RaftServerConfigKeys (ConfUtils.java:logGet(43)) - raft.server.rpc.sleep.time = 25ms (default)
2019-09-25 05:54:13,697 [169f835a-5a51-4a80-ac17-f8139cf3a6e7@group-714532EA6050:LeaderElection26] INFO  server.RaftServerConfigKeys (ConfUtils.java:logGet(43)) - raft.server.write.element-limit = 4096 (default)
2019-09-25 05:54:13,698 [169f835a-5a51-4a80-ac17-f8139cf3a6e7@group-714532EA6050:LeaderElection26] INFO  server.RaftServerConfigKeys (ConfUtils.java:logGet(43)) - raft.server.watch.timeout = 10s (default)
2019-09-25 05:54:13,698 [169f835a-5a51-4a80-ac17-f8139cf3a6e7@group-714532EA6050:LeaderElection26] INFO  server.RaftServerConfigKeys (ConfUtils.java:logGet(43)) - raft.server.watch.timeout.denomination = 1s (default)
2019-09-25 05:54:13,698 [169f835a-5a51-4a80-ac17-f8139cf3a6e7@group-714532EA6050:LeaderElection26] INFO  server.RaftServerConfigKeys (ConfUtils.java:logGet(43)) - raft.server.watch.element-limit = 65536 (default)
2019-09-25 05:54:13,699 [Thread-369] INFO  impl.FollowerState (FollowerState.java:run(106)) - a171a438-4db2-4a15-a03d-8d01a40a69ad:group-054347EB6132 changes to CANDIDATE, lastRpcTime:5157, electionTimeout:5157ms
2019-09-25 05:54:13,699 [Thread-369] INFO  impl.RoleInfo (RoleInfo.java:shutdownFollowerState(121)) - a171a438-4db2-4a15-a03d-8d01a40a69ad: shutdown FollowerState
2019-09-25 05:54:13,699 [Thread-369] INFO  impl.RaftServerImpl (RaftServerImpl.java:setRole(174)) - a171a438-4db2-4a15-a03d-8d01a40a69ad@group-054347EB6132: changes role from  FOLLOWER to CANDIDATE at term 0 for changeToCandidate
2019-09-25 05:54:13,701 [Thread-369] INFO  impl.RoleInfo (RoleInfo.java:updateAndGet(143)) - a171a438-4db2-4a15-a03d-8d01a40a69ad: start LeaderElection
2019-09-25 05:54:13,707 [169f835a-5a51-4a80-ac17-f8139cf3a6e7@group-714532EA6050:LeaderElection26] INFO  impl.RoleInfo (RoleInfo.java:updateAndGet(143)) - 169f835a-5a51-4a80-ac17-f8139cf3a6e7: start LeaderState
2019-09-25 05:54:13,707 [169f835a-5a51-4a80-ac17-f8139cf3a6e7@group-714532EA6050:LeaderElection26] INFO  segmented.SegmentedRaftLogWorker (SegmentedRaftLogWorker.java:startLogSegment(380)) - 169f835a-5a51-4a80-ac17-f8139cf3a6e7@group-714532EA6050-SegmentedRaftLogWorker: Starting segment from index:0
2019-09-25 05:54:13,708 [169f835a-5a51-4a80-ac17-f8139cf3a6e7@group-714532EA6050:LeaderElection26] INFO  impl.RaftServerImpl (ServerState.java:setRaftConf(354)) - 169f835a-5a51-4a80-ac17-f8139cf3a6e7@group-714532EA6050: set configuration 0: [169f835a-5a51-4a80-ac17-f8139cf3a6e7:192.168.5.161:39029], old=null at 0
2019-09-25 05:54:13,747 [a171a438-4db2-4a15-a03d-8d01a40a69ad@group-054347EB6132:LeaderElection27] INFO  impl.LeaderElection (LeaderElection.java:askForVotes(182)) - a171a438-4db2-4a15-a03d-8d01a40a69ad@group-054347EB6132:LeaderElection27: begin an election at term 1 for -1: [a171a438-4db2-4a15-a03d-8d01a40a69ad:192.168.5.161:39877], old=null
2019-09-25 05:54:13,748 [a171a438-4db2-4a15-a03d-8d01a40a69ad@group-054347EB6132:LeaderElection27] INFO  impl.RoleInfo (RoleInfo.java:shutdownLeaderElection(134)) - a171a438-4db2-4a15-a03d-8d01a40a69ad: shutdown LeaderElection
2019-09-25 05:54:13,748 [a171a438-4db2-4a15-a03d-8d01a40a69ad@group-054347EB6132:LeaderElection27] INFO  impl.RaftServerImpl (RaftServerImpl.java:setRole(174)) - a171a438-4db2-4a15-a03d-8d01a40a69ad@group-054347EB6132: changes role from CANDIDATE to LEADER at term 1 for changeToLeader
2019-09-25 05:54:13,748 [a171a438-4db2-4a15-a03d-8d01a40a69ad@group-054347EB6132:LeaderElection27] INFO  impl.RaftServerImpl (ServerState.java:setLeader(253)) - a171a438-4db2-4a15-a03d-8d01a40a69ad@group-054347EB6132: change Leader from null to a171a438-4db2-4a15-a03d-8d01a40a69ad at term 1 for becomeLeader, leader elected after 5215ms
2019-09-25 05:54:13,748 [a171a438-4db2-4a15-a03d-8d01a40a69ad@group-054347EB6132:LeaderElection27] INFO  server.RaftServerConfigKeys (ConfUtils.java:logGet(43)) - raft.server.staging.catchup.gap = 1000 (default)
2019-09-25 05:54:13,748 [a171a438-4db2-4a15-a03d-8d01a40a69ad@group-054347EB6132:LeaderElection27] INFO  server.RaftServerConfigKeys (ConfUtils.java:logGet(43)) - raft.server.rpc.sleep.time = 25ms (default)
2019-09-25 05:54:13,748 [Thread-372] INFO  impl.FollowerState (FollowerState.java:run(106)) - a171a438-4db2-4a15-a03d-8d01a40a69ad:group-B92C967F1206 changes to CANDIDATE, lastRpcTime:5151, electionTimeout:5151ms
2019-09-25 05:54:13,748 [a171a438-4db2-4a15-a03d-8d01a40a69ad@group-054347EB6132:LeaderElection27] INFO  server.RaftServerConfigKeys (ConfUtils.java:logGet(43)) - raft.server.write.element-limit = 4096 (default)
2019-09-25 05:54:13,749 [Thread-372] INFO  impl.RoleInfo (RoleInfo.java:shutdownFollowerState(121)) - a171a438-4db2-4a15-a03d-8d01a40a69ad: shutdown FollowerState
2019-09-25 05:54:13,749 [a171a438-4db2-4a15-a03d-8d01a40a69ad@group-054347EB6132:LeaderElection27] INFO  server.RaftServerConfigKeys (ConfUtils.java:logGet(43)) - raft.server.watch.timeout = 10s (default)
2019-09-25 05:54:13,749 [Thread-372] INFO  impl.RaftServerImpl (RaftServerImpl.java:setRole(174)) - a171a438-4db2-4a15-a03d-8d01a40a69ad@group-B92C967F1206: changes role from  FOLLOWER to CANDIDATE at term 0 for changeToCandidate
2019-09-25 05:54:13,749 [a171a438-4db2-4a15-a03d-8d01a40a69ad@group-054347EB6132:LeaderElection27] INFO  server.RaftServerConfigKeys (ConfUtils.java:logGet(43)) - raft.server.watch.timeout.denomination = 1s (default)
2019-09-25 05:54:13,749 [Thread-372] INFO  impl.RoleInfo (RoleInfo.java:updateAndGet(143)) - a171a438-4db2-4a15-a03d-8d01a40a69ad: start LeaderElection
2019-09-25 05:54:13,749 [a171a438-4db2-4a15-a03d-8d01a40a69ad@group-054347EB6132:LeaderElection27] INFO  server.RaftServerConfigKeys (ConfUtils.java:logGet(43)) - raft.server.watch.element-limit = 65536 (default)
2019-09-25 05:54:13,756 [a171a438-4db2-4a15-a03d-8d01a40a69ad@group-054347EB6132:LeaderElection27] INFO  impl.RoleInfo (RoleInfo.java:updateAndGet(143)) - a171a438-4db2-4a15-a03d-8d01a40a69ad: start LeaderState
2019-09-25 05:54:13,756 [a171a438-4db2-4a15-a03d-8d01a40a69ad@group-054347EB6132:LeaderElection27] INFO  segmented.SegmentedRaftLogWorker (SegmentedRaftLogWorker.java:startLogSegment(380)) - a171a438-4db2-4a15-a03d-8d01a40a69ad@group-054347EB6132-SegmentedRaftLogWorker: Starting segment from index:0
2019-09-25 05:54:13,757 [a171a438-4db2-4a15-a03d-8d01a40a69ad@group-054347EB6132:LeaderElection27] INFO  impl.RaftServerImpl (ServerState.java:setRaftConf(354)) - a171a438-4db2-4a15-a03d-8d01a40a69ad@group-054347EB6132: set configuration 0: [a171a438-4db2-4a15-a03d-8d01a40a69ad:192.168.5.161:39877], old=null at 0
2019-09-25 05:54:13,799 [169f835a-5a51-4a80-ac17-f8139cf3a6e7@group-714532EA6050-SegmentedRaftLogWorker] INFO  segmented.SegmentedRaftLogWorker (SegmentedRaftLogWorker.java:execute(569)) - 169f835a-5a51-4a80-ac17-f8139cf3a6e7@group-714532EA6050-SegmentedRaftLogWorker: created new log segment /workdir/hadoop-ozone/ozonefs/target/test-dir/MiniOzoneClusterImpl-a7a48124-c188-483e-b9a9-787dfdcc7198/datanode-5/data/ratis/dd3fe437-9f30-4542-965f-714532ea6050/current/log_inprogress_0
2019-09-25 05:54:13,799 [a171a438-4db2-4a15-a03d-8d01a40a69ad@group-B92C967F1206:LeaderElection28] INFO  impl.LeaderElection (LeaderElection.java:askForVotes(182)) - a171a438-4db2-4a15-a03d-8d01a40a69ad@group-B92C967F1206:LeaderElection28: begin an election at term 1 for -1: [a171a438-4db2-4a15-a03d-8d01a40a69ad:192.168.5.161:39877], old=null
2019-09-25 05:54:13,799 [a171a438-4db2-4a15-a03d-8d01a40a69ad@group-B92C967F1206:LeaderElection28] INFO  impl.RoleInfo (RoleInfo.java:shutdownLeaderElection(134)) - a171a438-4db2-4a15-a03d-8d01a40a69ad: shutdown LeaderElection
2019-09-25 05:54:13,800 [a171a438-4db2-4a15-a03d-8d01a40a69ad@group-B92C967F1206:LeaderElection28] INFO  impl.RaftServerImpl (RaftServerImpl.java:setRole(174)) - a171a438-4db2-4a15-a03d-8d01a40a69ad@group-B92C967F1206: changes role from CANDIDATE to LEADER at term 1 for changeToLeader
2019-09-25 05:54:13,800 [a171a438-4db2-4a15-a03d-8d01a40a69ad@group-B92C967F1206:LeaderElection28] INFO  impl.RaftServerImpl (ServerState.java:setLeader(253)) - a171a438-4db2-4a15-a03d-8d01a40a69ad@group-B92C967F1206: change Leader from null to a171a438-4db2-4a15-a03d-8d01a40a69ad at term 1 for becomeLeader, leader elected after 5210ms
2019-09-25 05:54:13,800 [a171a438-4db2-4a15-a03d-8d01a40a69ad@group-B92C967F1206:LeaderElection28] INFO  server.RaftServerConfigKeys (ConfUtils.java:logGet(43)) - raft.server.staging.catchup.gap = 1000 (default)
2019-09-25 05:54:13,800 [a171a438-4db2-4a15-a03d-8d01a40a69ad@group-B92C967F1206:LeaderElection28] INFO  server.RaftServerConfigKeys (ConfUtils.java:logGet(43)) - raft.server.rpc.sleep.time = 25ms (default)
2019-09-25 05:54:13,801 [a171a438-4db2-4a15-a03d-8d01a40a69ad@group-B92C967F1206:LeaderElection28] INFO  server.RaftServerConfigKeys (ConfUtils.java:logGet(43)) - raft.server.write.element-limit = 4096 (default)
2019-09-25 05:54:13,801 [a171a438-4db2-4a15-a03d-8d01a40a69ad@group-B92C967F1206:LeaderElection28] INFO  server.RaftServerConfigKeys (ConfUtils.java:logGet(43)) - raft.server.watch.timeout = 10s (default)
2019-09-25 05:54:13,801 [a171a438-4db2-4a15-a03d-8d01a40a69ad@group-B92C967F1206:LeaderElection28] INFO  server.RaftServerConfigKeys (ConfUtils.java:logGet(43)) - raft.server.watch.timeout.denomination = 1s (default)
2019-09-25 05:54:13,801 [a171a438-4db2-4a15-a03d-8d01a40a69ad@group-B92C967F1206:LeaderElection28] INFO  server.RaftServerConfigKeys (ConfUtils.java:logGet(43)) - raft.server.watch.element-limit = 65536 (default)
2019-09-25 05:54:13,804 [a171a438-4db2-4a15-a03d-8d01a40a69ad@group-B92C967F1206:LeaderElection28] INFO  impl.RoleInfo (RoleInfo.java:updateAndGet(143)) - a171a438-4db2-4a15-a03d-8d01a40a69ad: start LeaderState
2019-09-25 05:54:13,804 [a171a438-4db2-4a15-a03d-8d01a40a69ad@group-B92C967F1206:LeaderElection28] INFO  segmented.SegmentedRaftLogWorker (SegmentedRaftLogWorker.java:startLogSegment(380)) - a171a438-4db2-4a15-a03d-8d01a40a69ad@group-B92C967F1206-SegmentedRaftLogWorker: Starting segment from index:0
2019-09-25 05:54:13,805 [a171a438-4db2-4a15-a03d-8d01a40a69ad@group-B92C967F1206:LeaderElection28] INFO  impl.RaftServerImpl (ServerState.java:setRaftConf(354)) - a171a438-4db2-4a15-a03d-8d01a40a69ad@group-B92C967F1206: set configuration 0: [a171a438-4db2-4a15-a03d-8d01a40a69ad:192.168.5.161:39877], old=null at 0
2019-09-25 05:54:13,845 [Thread-381] INFO  impl.FollowerState (FollowerState.java:run(106)) - 042645b7-d9e3-44d6-a86c-5222fd8d5aba:group-51B6066CE9A0 changes to CANDIDATE, lastRpcTime:5063, electionTimeout:5041ms
2019-09-25 05:54:13,845 [Thread-378] INFO  impl.FollowerState (FollowerState.java:run(106)) - 9b45984a-e801-4994-8f0b-759bb773fda3:group-59216B5DE616 changes to CANDIDATE, lastRpcTime:5130, electionTimeout:5094ms
2019-09-25 05:54:13,845 [Thread-381] INFO  impl.RoleInfo (RoleInfo.java:shutdownFollowerState(121)) - 042645b7-d9e3-44d6-a86c-5222fd8d5aba: shutdown FollowerState
2019-09-25 05:54:13,845 [a171a438-4db2-4a15-a03d-8d01a40a69ad@group-054347EB6132-SegmentedRaftLogWorker] INFO  segmented.SegmentedRaftLogWorker (SegmentedRaftLogWorker.java:execute(569)) - a171a438-4db2-4a15-a03d-8d01a40a69ad@group-054347EB6132-SegmentedRaftLogWorker: created new log segment /workdir/hadoop-ozone/ozonefs/target/test-dir/MiniOzoneClusterImpl-a7a48124-c188-483e-b9a9-787dfdcc7198/datanode-0/data/ratis/f81fb5ff-c016-4778-b4e8-054347eb6132/current/log_inprogress_0
2019-09-25 05:54:13,845 [Thread-375] INFO  impl.FollowerState (FollowerState.java:run(106)) - 9b45984a-e801-4994-8f0b-759bb773fda3:group-918AF87BC9B7 changes to CANDIDATE, lastRpcTime:5190, electionTimeout:5160ms
2019-09-25 05:54:13,845 [Thread-381] INFO  impl.RaftServerImpl (RaftServerImpl.java:setRole(174)) - 042645b7-d9e3-44d6-a86c-5222fd8d5aba@group-51B6066CE9A0: changes role from  FOLLOWER to CANDIDATE at term 0 for changeToCandidate
2019-09-25 05:54:13,845 [Thread-378] INFO  impl.RoleInfo (RoleInfo.java:shutdownFollowerState(121)) - 9b45984a-e801-4994-8f0b-759bb773fda3: shutdown FollowerState
2019-09-25 05:54:13,846 [Thread-381] INFO  impl.RoleInfo (RoleInfo.java:updateAndGet(143)) - 042645b7-d9e3-44d6-a86c-5222fd8d5aba: start LeaderElection
2019-09-25 05:54:13,846 [Thread-375] INFO  impl.RoleInfo (RoleInfo.java:shutdownFollowerState(121)) - 9b45984a-e801-4994-8f0b-759bb773fda3: shutdown FollowerState
2019-09-25 05:54:13,846 [Thread-378] INFO  impl.RaftServerImpl (RaftServerImpl.java:setRole(174)) - 9b45984a-e801-4994-8f0b-759bb773fda3@group-59216B5DE616: changes role from  FOLLOWER to CANDIDATE at term 0 for changeToCandidate
2019-09-25 05:54:13,847 [Thread-375] INFO  impl.RaftServerImpl (RaftServerImpl.java:setRole(174)) - 9b45984a-e801-4994-8f0b-759bb773fda3@group-918AF87BC9B7: changes role from  FOLLOWER to CANDIDATE at term 0 for changeToCandidate
2019-09-25 05:54:13,850 [Thread-378] INFO  impl.RoleInfo (RoleInfo.java:updateAndGet(143)) - 9b45984a-e801-4994-8f0b-759bb773fda3: start LeaderElection
2019-09-25 05:54:13,850 [Thread-375] INFO  impl.RoleInfo (RoleInfo.java:updateAndGet(143)) - 9b45984a-e801-4994-8f0b-759bb773fda3: start LeaderElection
2019-09-25 05:54:13,863 [a171a438-4db2-4a15-a03d-8d01a40a69ad@group-B92C967F1206-SegmentedRaftLogWorker] INFO  segmented.SegmentedRaftLogWorker (SegmentedRaftLogWorker.java:execute(569)) - a171a438-4db2-4a15-a03d-8d01a40a69ad@group-B92C967F1206-SegmentedRaftLogWorker: created new log segment /workdir/hadoop-ozone/ozonefs/target/test-dir/MiniOzoneClusterImpl-a7a48124-c188-483e-b9a9-787dfdcc7198/datanode-0/data/ratis/473eca52-df97-4aa4-8db7-b92c967f1206/current/log_inprogress_0
2019-09-25 05:54:13,866 [9b45984a-e801-4994-8f0b-759bb773fda3@group-918AF87BC9B7:LeaderElection31] INFO  impl.LeaderElection (LeaderElection.java:askForVotes(182)) - 9b45984a-e801-4994-8f0b-759bb773fda3@group-918AF87BC9B7:LeaderElection31: begin an election at term 1 for -1: [9b45984a-e801-4994-8f0b-759bb773fda3:192.168.5.161:35299], old=null
2019-09-25 05:54:13,866 [9b45984a-e801-4994-8f0b-759bb773fda3@group-59216B5DE616:LeaderElection30] INFO  impl.LeaderElection (LeaderElection.java:askForVotes(182)) - 9b45984a-e801-4994-8f0b-759bb773fda3@group-59216B5DE616:LeaderElection30: begin an election at term 1 for -1: [9b45984a-e801-4994-8f0b-759bb773fda3:192.168.5.161:35299], old=null
2019-09-25 05:54:13,866 [9b45984a-e801-4994-8f0b-759bb773fda3@group-918AF87BC9B7:LeaderElection31] INFO  impl.RoleInfo (RoleInfo.java:shutdownLeaderElection(134)) - 9b45984a-e801-4994-8f0b-759bb773fda3: shutdown LeaderElection
2019-09-25 05:54:13,866 [042645b7-d9e3-44d6-a86c-5222fd8d5aba@group-51B6066CE9A0:LeaderElection29] INFO  impl.LeaderElection (LeaderElection.java:askForVotes(182)) - 042645b7-d9e3-44d6-a86c-5222fd8d5aba@group-51B6066CE9A0:LeaderElection29: begin an election at term 1 for -1: [042645b7-d9e3-44d6-a86c-5222fd8d5aba:192.168.5.161:35465], old=null
2019-09-25 05:54:13,866 [9b45984a-e801-4994-8f0b-759bb773fda3@group-918AF87BC9B7:LeaderElection31] INFO  impl.RaftServerImpl (RaftServerImpl.java:setRole(174)) - 9b45984a-e801-4994-8f0b-759bb773fda3@group-918AF87BC9B7: changes role from CANDIDATE to LEADER at term 1 for changeToLeader
2019-09-25 05:54:13,866 [9b45984a-e801-4994-8f0b-759bb773fda3@group-59216B5DE616:LeaderElection30] INFO  impl.RoleInfo (RoleInfo.java:shutdownLeaderElection(134)) - 9b45984a-e801-4994-8f0b-759bb773fda3: shutdown LeaderElection
2019-09-25 05:54:13,866 [9b45984a-e801-4994-8f0b-759bb773fda3@group-918AF87BC9B7:LeaderElection31] INFO  impl.RaftServerImpl (ServerState.java:setLeader(253)) - 9b45984a-e801-4994-8f0b-759bb773fda3@group-918AF87BC9B7: change Leader from null to 9b45984a-e801-4994-8f0b-759bb773fda3 at term 1 for becomeLeader, leader elected after 5219ms
2019-09-25 05:54:13,866 [042645b7-d9e3-44d6-a86c-5222fd8d5aba@group-51B6066CE9A0:LeaderElection29] INFO  impl.RoleInfo (RoleInfo.java:shutdownLeaderElection(134)) - 042645b7-d9e3-44d6-a86c-5222fd8d5aba: shutdown LeaderElection
2019-09-25 05:54:13,867 [9b45984a-e801-4994-8f0b-759bb773fda3@group-918AF87BC9B7:LeaderElection31] INFO  server.RaftServerConfigKeys (ConfUtils.java:logGet(43)) - raft.server.staging.catchup.gap = 1000 (default)
2019-09-25 05:54:13,867 [9b45984a-e801-4994-8f0b-759bb773fda3@group-59216B5DE616:LeaderElection30] INFO  impl.RaftServerImpl (RaftServerImpl.java:setRole(174)) - 9b45984a-e801-4994-8f0b-759bb773fda3@group-59216B5DE616: changes role from CANDIDATE to LEADER at term 1 for changeToLeader
2019-09-25 05:54:13,867 [9b45984a-e801-4994-8f0b-759bb773fda3@group-918AF87BC9B7:LeaderElection31] INFO  server.RaftServerConfigKeys (ConfUtils.java:logGet(43)) - raft.server.rpc.sleep.time = 25ms (default)
2019-09-25 05:54:13,867 [042645b7-d9e3-44d6-a86c-5222fd8d5aba@group-51B6066CE9A0:LeaderElection29] INFO  impl.RaftServerImpl (RaftServerImpl.java:setRole(174)) - 042645b7-d9e3-44d6-a86c-5222fd8d5aba@group-51B6066CE9A0: changes role from CANDIDATE to LEADER at term 1 for changeToLeader
2019-09-25 05:54:13,867 [9b45984a-e801-4994-8f0b-759bb773fda3@group-918AF87BC9B7:LeaderElection31] INFO  server.RaftServerConfigKeys (ConfUtils.java:logGet(43)) - raft.server.write.element-limit = 4096 (default)
2019-09-25 05:54:13,867 [9b45984a-e801-4994-8f0b-759bb773fda3@group-59216B5DE616:LeaderElection30] INFO  impl.RaftServerImpl (ServerState.java:setLeader(253)) - 9b45984a-e801-4994-8f0b-759bb773fda3@group-59216B5DE616: change Leader from null to 9b45984a-e801-4994-8f0b-759bb773fda3 at term 1 for becomeLeader, leader elected after 5161ms
2019-09-25 05:54:13,868 [9b45984a-e801-4994-8f0b-759bb773fda3@group-918AF87BC9B7:LeaderElection31] INFO  server.RaftServerConfigKeys (ConfUtils.java:logGet(43)) - raft.server.watch.timeout = 10s (default)
2019-09-25 05:54:13,867 [042645b7-d9e3-44d6-a86c-5222fd8d5aba@group-51B6066CE9A0:LeaderElection29] INFO  impl.RaftServerImpl (ServerState.java:setLeader(253)) - 042645b7-d9e3-44d6-a86c-5222fd8d5aba@group-51B6066CE9A0: change Leader from null to 042645b7-d9e3-44d6-a86c-5222fd8d5aba at term 1 for becomeLeader, leader elected after 5098ms
2019-09-25 05:54:13,868 [9b45984a-e801-4994-8f0b-759bb773fda3@group-918AF87BC9B7:LeaderElection31] INFO  server.RaftServerConfigKeys (ConfUtils.java:logGet(43)) - raft.server.watch.timeout.denomination = 1s (default)
2019-09-25 05:54:13,868 [9b45984a-e801-4994-8f0b-759bb773fda3@group-59216B5DE616:LeaderElection30] INFO  server.RaftServerConfigKeys (ConfUtils.java:logGet(43)) - raft.server.staging.catchup.gap = 1000 (default)
2019-09-25 05:54:13,868 [9b45984a-e801-4994-8f0b-759bb773fda3@group-918AF87BC9B7:LeaderElection31] INFO  server.RaftServerConfigKeys (ConfUtils.java:logGet(43)) - raft.server.watch.element-limit = 65536 (default)
2019-09-25 05:54:13,868 [042645b7-d9e3-44d6-a86c-5222fd8d5aba@group-51B6066CE9A0:LeaderElection29] INFO  server.RaftServerConfigKeys (ConfUtils.java:logGet(43)) - raft.server.staging.catchup.gap = 1000 (default)
2019-09-25 05:54:13,868 [9b45984a-e801-4994-8f0b-759bb773fda3@group-59216B5DE616:LeaderElection30] INFO  server.RaftServerConfigKeys (ConfUtils.java:logGet(43)) - raft.server.rpc.sleep.time = 25ms (default)
2019-09-25 05:54:13,869 [042645b7-d9e3-44d6-a86c-5222fd8d5aba@group-51B6066CE9A0:LeaderElection29] INFO  server.RaftServerConfigKeys (ConfUtils.java:logGet(43)) - raft.server.rpc.sleep.time = 25ms (default)
2019-09-25 05:54:13,869 [9b45984a-e801-4994-8f0b-759bb773fda3@group-59216B5DE616:LeaderElection30] INFO  server.RaftServerConfigKeys (ConfUtils.java:logGet(43)) - raft.server.write.element-limit = 4096 (default)
2019-09-25 05:54:13,869 [042645b7-d9e3-44d6-a86c-5222fd8d5aba@group-51B6066CE9A0:LeaderElection29] INFO  server.RaftServerConfigKeys (ConfUtils.java:logGet(43)) - raft.server.write.element-limit = 4096 (default)
2019-09-25 05:54:13,869 [9b45984a-e801-4994-8f0b-759bb773fda3@group-59216B5DE616:LeaderElection30] INFO  server.RaftServerConfigKeys (ConfUtils.java:logGet(43)) - raft.server.watch.timeout = 10s (default)
2019-09-25 05:54:13,870 [042645b7-d9e3-44d6-a86c-5222fd8d5aba@group-51B6066CE9A0:LeaderElection29] INFO  server.RaftServerConfigKeys (ConfUtils.java:logGet(43)) - raft.server.watch.timeout = 10s (default)
2019-09-25 05:54:13,870 [9b45984a-e801-4994-8f0b-759bb773fda3@group-59216B5DE616:LeaderElection30] INFO  server.RaftServerConfigKeys (ConfUtils.java:logGet(43)) - raft.server.watch.timeout.denomination = 1s (default)
2019-09-25 05:54:13,870 [042645b7-d9e3-44d6-a86c-5222fd8d5aba@group-51B6066CE9A0:LeaderElection29] INFO  server.RaftServerConfigKeys (ConfUtils.java:logGet(43)) - raft.server.watch.timeout.denomination = 1s (default)
2019-09-25 05:54:13,870 [9b45984a-e801-4994-8f0b-759bb773fda3@group-59216B5DE616:LeaderElection30] INFO  server.RaftServerConfigKeys (ConfUtils.java:logGet(43)) - raft.server.watch.element-limit = 65536 (default)
2019-09-25 05:54:13,870 [042645b7-d9e3-44d6-a86c-5222fd8d5aba@group-51B6066CE9A0:LeaderElection29] INFO  server.RaftServerConfigKeys (ConfUtils.java:logGet(43)) - raft.server.watch.element-limit = 65536 (default)
2019-09-25 05:54:13,871 [9b45984a-e801-4994-8f0b-759bb773fda3@group-918AF87BC9B7:LeaderElection31] INFO  impl.RoleInfo (RoleInfo.java:updateAndGet(143)) - 9b45984a-e801-4994-8f0b-759bb773fda3: start LeaderState
2019-09-25 05:54:13,871 [9b45984a-e801-4994-8f0b-759bb773fda3@group-918AF87BC9B7:LeaderElection31] INFO  segmented.SegmentedRaftLogWorker (SegmentedRaftLogWorker.java:startLogSegment(380)) - 9b45984a-e801-4994-8f0b-759bb773fda3@group-918AF87BC9B7-SegmentedRaftLogWorker: Starting segment from index:0
2019-09-25 05:54:13,871 [9b45984a-e801-4994-8f0b-759bb773fda3@group-918AF87BC9B7:LeaderElection31] INFO  impl.RaftServerImpl (ServerState.java:setRaftConf(354)) - 9b45984a-e801-4994-8f0b-759bb773fda3@group-918AF87BC9B7: set configuration 0: [9b45984a-e801-4994-8f0b-759bb773fda3:192.168.5.161:35299], old=null at 0
2019-09-25 05:54:13,914 [9b45984a-e801-4994-8f0b-759bb773fda3@group-59216B5DE616:LeaderElection30] INFO  impl.RoleInfo (RoleInfo.java:updateAndGet(143)) - 9b45984a-e801-4994-8f0b-759bb773fda3: start LeaderState
2019-09-25 05:54:13,914 [9b45984a-e801-4994-8f0b-759bb773fda3@group-59216B5DE616:LeaderElection30] INFO  segmented.SegmentedRaftLogWorker (SegmentedRaftLogWorker.java:startLogSegment(380)) - 9b45984a-e801-4994-8f0b-759bb773fda3@group-59216B5DE616-SegmentedRaftLogWorker: Starting segment from index:0
2019-09-25 05:54:13,914 [042645b7-d9e3-44d6-a86c-5222fd8d5aba@group-51B6066CE9A0:LeaderElection29] INFO  impl.RoleInfo (RoleInfo.java:updateAndGet(143)) - 042645b7-d9e3-44d6-a86c-5222fd8d5aba: start LeaderState
2019-09-25 05:54:13,914 [042645b7-d9e3-44d6-a86c-5222fd8d5aba@group-51B6066CE9A0:LeaderElection29] INFO  segmented.SegmentedRaftLogWorker (SegmentedRaftLogWorker.java:startLogSegment(380)) - 042645b7-d9e3-44d6-a86c-5222fd8d5aba@group-51B6066CE9A0-SegmentedRaftLogWorker: Starting segment from index:0
2019-09-25 05:54:13,914 [9b45984a-e801-4994-8f0b-759bb773fda3@group-59216B5DE616:LeaderElection30] INFO  impl.RaftServerImpl (ServerState.java:setRaftConf(354)) - 9b45984a-e801-4994-8f0b-759bb773fda3@group-59216B5DE616: set configuration 0: [9b45984a-e801-4994-8f0b-759bb773fda3:192.168.5.161:35299], old=null at 0
2019-09-25 05:54:13,944 [9b45984a-e801-4994-8f0b-759bb773fda3@group-918AF87BC9B7-SegmentedRaftLogWorker] INFO  segmented.SegmentedRaftLogWorker (SegmentedRaftLogWorker.java:execute(569)) - 9b45984a-e801-4994-8f0b-759bb773fda3@group-918AF87BC9B7-SegmentedRaftLogWorker: created new log segment /workdir/hadoop-ozone/ozonefs/target/test-dir/MiniOzoneClusterImpl-a7a48124-c188-483e-b9a9-787dfdcc7198/datanode-3/data/ratis/f0dace42-5a9f-420c-acca-918af87bc9b7/current/log_inprogress_0
2019-09-25 05:54:13,944 [Thread-384] INFO  impl.FollowerState (FollowerState.java:run(106)) - 169f835a-5a51-4a80-ac17-f8139cf3a6e7:group-A225EE6777BA changes to CANDIDATE, lastRpcTime:5070, electionTimeout:5070ms
2019-09-25 05:54:13,944 [042645b7-d9e3-44d6-a86c-5222fd8d5aba@group-51B6066CE9A0:LeaderElection29] INFO  impl.RaftServerImpl (ServerState.java:setRaftConf(354)) - 042645b7-d9e3-44d6-a86c-5222fd8d5aba@group-51B6066CE9A0: set configuration 0: [042645b7-d9e3-44d6-a86c-5222fd8d5aba:192.168.5.161:35465], old=null at 0
2019-09-25 05:54:13,945 [Thread-384] INFO  impl.RoleInfo (RoleInfo.java:shutdownFollowerState(121)) - 169f835a-5a51-4a80-ac17-f8139cf3a6e7: shutdown FollowerState
2019-09-25 05:54:13,974 [Thread-387] INFO  impl.FollowerState (FollowerState.java:run(106)) - a171a438-4db2-4a15-a03d-8d01a40a69ad:group-9C43365FF7E1 changes to CANDIDATE, lastRpcTime:5069, electionTimeout:5059ms
2019-09-25 05:54:13,973 [9b45984a-e801-4994-8f0b-759bb773fda3@group-59216B5DE616-SegmentedRaftLogWorker] INFO  segmented.SegmentedRaftLogWorker (SegmentedRaftLogWorker.java:execute(569)) - 9b45984a-e801-4994-8f0b-759bb773fda3@group-59216B5DE616-SegmentedRaftLogWorker: created new log segment /workdir/hadoop-ozone/ozonefs/target/test-dir/MiniOzoneClusterImpl-a7a48124-c188-483e-b9a9-787dfdcc7198/datanode-3/data/ratis/dbbab6c5-d495-470e-b71c-59216b5de616/current/log_inprogress_0
2019-09-25 05:54:13,974 [Thread-384] INFO  impl.RaftServerImpl (RaftServerImpl.java:setRole(174)) - 169f835a-5a51-4a80-ac17-f8139cf3a6e7@group-A225EE6777BA: changes role from  FOLLOWER to CANDIDATE at term 0 for changeToCandidate
2019-09-25 05:54:13,974 [Thread-387] INFO  impl.RoleInfo (RoleInfo.java:shutdownFollowerState(121)) - a171a438-4db2-4a15-a03d-8d01a40a69ad: shutdown FollowerState
2019-09-25 05:54:13,974 [Thread-384] INFO  impl.RoleInfo (RoleInfo.java:updateAndGet(143)) - 169f835a-5a51-4a80-ac17-f8139cf3a6e7: start LeaderElection
2019-09-25 05:54:13,975 [Thread-387] INFO  impl.RaftServerImpl (RaftServerImpl.java:setRole(174)) - a171a438-4db2-4a15-a03d-8d01a40a69ad@group-9C43365FF7E1: changes role from  FOLLOWER to CANDIDATE at term 0 for changeToCandidate
2019-09-25 05:54:13,975 [Thread-387] INFO  impl.RoleInfo (RoleInfo.java:updateAndGet(143)) - a171a438-4db2-4a15-a03d-8d01a40a69ad: start LeaderElection
2019-09-25 05:54:13,989 [042645b7-d9e3-44d6-a86c-5222fd8d5aba@group-51B6066CE9A0-SegmentedRaftLogWorker] INFO  segmented.SegmentedRaftLogWorker (SegmentedRaftLogWorker.java:execute(569)) - 042645b7-d9e3-44d6-a86c-5222fd8d5aba@group-51B6066CE9A0-SegmentedRaftLogWorker: created new log segment /workdir/hadoop-ozone/ozonefs/target/test-dir/MiniOzoneClusterImpl-a7a48124-c188-483e-b9a9-787dfdcc7198/datanode-6/data/ratis/934ebf55-c50f-47a4-a240-51b6066ce9a0/current/log_inprogress_0
2019-09-25 05:54:13,989 [a171a438-4db2-4a15-a03d-8d01a40a69ad@group-9C43365FF7E1:LeaderElection33] INFO  impl.LeaderElection (LeaderElection.java:askForVotes(182)) - a171a438-4db2-4a15-a03d-8d01a40a69ad@group-9C43365FF7E1:LeaderElection33: begin an election at term 1 for -1: [a171a438-4db2-4a15-a03d-8d01a40a69ad:192.168.5.161:39877], old=null
2019-09-25 05:54:13,989 [169f835a-5a51-4a80-ac17-f8139cf3a6e7@group-A225EE6777BA:LeaderElection32] INFO  impl.LeaderElection (LeaderElection.java:askForVotes(182)) - 169f835a-5a51-4a80-ac17-f8139cf3a6e7@group-A225EE6777BA:LeaderElection32: begin an election at term 1 for -1: [169f835a-5a51-4a80-ac17-f8139cf3a6e7:192.168.5.161:39029], old=null
2019-09-25 05:54:13,989 [a171a438-4db2-4a15-a03d-8d01a40a69ad@group-9C43365FF7E1:LeaderElection33] INFO  impl.RoleInfo (RoleInfo.java:shutdownLeaderElection(134)) - a171a438-4db2-4a15-a03d-8d01a40a69ad: shutdown LeaderElection
2019-09-25 05:54:13,989 [169f835a-5a51-4a80-ac17-f8139cf3a6e7@group-A225EE6777BA:LeaderElection32] INFO  impl.RoleInfo (RoleInfo.java:shutdownLeaderElection(134)) - 169f835a-5a51-4a80-ac17-f8139cf3a6e7: shutdown LeaderElection
2019-09-25 05:54:13,990 [a171a438-4db2-4a15-a03d-8d01a40a69ad@group-9C43365FF7E1:LeaderElection33] INFO  impl.RaftServerImpl (RaftServerImpl.java:setRole(174)) - a171a438-4db2-4a15-a03d-8d01a40a69ad@group-9C43365FF7E1: changes role from CANDIDATE to LEADER at term 1 for changeToLeader
2019-09-25 05:54:13,990 [169f835a-5a51-4a80-ac17-f8139cf3a6e7@group-A225EE6777BA:LeaderElection32] INFO  impl.RaftServerImpl (RaftServerImpl.java:setRole(174)) - 169f835a-5a51-4a80-ac17-f8139cf3a6e7@group-A225EE6777BA: changes role from CANDIDATE to LEADER at term 1 for changeToLeader
2019-09-25 05:54:13,990 [a171a438-4db2-4a15-a03d-8d01a40a69ad@group-9C43365FF7E1:LeaderElection33] INFO  impl.RaftServerImpl (ServerState.java:setLeader(253)) - a171a438-4db2-4a15-a03d-8d01a40a69ad@group-9C43365FF7E1: change Leader from null to a171a438-4db2-4a15-a03d-8d01a40a69ad at term 1 for becomeLeader, leader elected after 5090ms
2019-09-25 05:54:13,990 [169f835a-5a51-4a80-ac17-f8139cf3a6e7@group-A225EE6777BA:LeaderElection32] INFO  impl.RaftServerImpl (ServerState.java:setLeader(253)) - 169f835a-5a51-4a80-ac17-f8139cf3a6e7@group-A225EE6777BA: change Leader from null to 169f835a-5a51-4a80-ac17-f8139cf3a6e7 at term 1 for becomeLeader, leader elected after 5153ms
2019-09-25 05:54:13,990 [a171a438-4db2-4a15-a03d-8d01a40a69ad@group-9C43365FF7E1:LeaderElection33] INFO  server.RaftServerConfigKeys (ConfUtils.java:logGet(43)) - raft.server.staging.catchup.gap = 1000 (default)
2019-09-25 05:54:13,990 [169f835a-5a51-4a80-ac17-f8139cf3a6e7@group-A225EE6777BA:LeaderElection32] INFO  server.RaftServerConfigKeys (ConfUtils.java:logGet(43)) - raft.server.staging.catchup.gap = 1000 (default)
2019-09-25 05:54:13,990 [a171a438-4db2-4a15-a03d-8d01a40a69ad@group-9C43365FF7E1:LeaderElection33] INFO  server.RaftServerConfigKeys (ConfUtils.java:logGet(43)) - raft.server.rpc.sleep.time = 25ms (default)
2019-09-25 05:54:13,990 [169f835a-5a51-4a80-ac17-f8139cf3a6e7@group-A225EE6777BA:LeaderElection32] INFO  server.RaftServerConfigKeys (ConfUtils.java:logGet(43)) - raft.server.rpc.sleep.time = 25ms (default)
2019-09-25 05:54:13,990 [a171a438-4db2-4a15-a03d-8d01a40a69ad@group-9C43365FF7E1:LeaderElection33] INFO  server.RaftServerConfigKeys (ConfUtils.java:logGet(43)) - raft.server.write.element-limit = 4096 (default)
2019-09-25 05:54:13,991 [169f835a-5a51-4a80-ac17-f8139cf3a6e7@group-A225EE6777BA:LeaderElection32] INFO  server.RaftServerConfigKeys (ConfUtils.java:logGet(43)) - raft.server.write.element-limit = 4096 (default)
2019-09-25 05:54:13,991 [a171a438-4db2-4a15-a03d-8d01a40a69ad@group-9C43365FF7E1:LeaderElection33] INFO  server.RaftServerConfigKeys (ConfUtils.java:logGet(43)) - raft.server.watch.timeout = 10s (default)
2019-09-25 05:54:13,991 [169f835a-5a51-4a80-ac17-f8139cf3a6e7@group-A225EE6777BA:LeaderElection32] INFO  server.RaftServerConfigKeys (ConfUtils.java:logGet(43)) - raft.server.watch.timeout = 10s (default)
2019-09-25 05:54:13,991 [a171a438-4db2-4a15-a03d-8d01a40a69ad@group-9C43365FF7E1:LeaderElection33] INFO  server.RaftServerConfigKeys (ConfUtils.java:logGet(43)) - raft.server.watch.timeout.denomination = 1s (default)
2019-09-25 05:54:13,991 [169f835a-5a51-4a80-ac17-f8139cf3a6e7@group-A225EE6777BA:LeaderElection32] INFO  server.RaftServerConfigKeys (ConfUtils.java:logGet(43)) - raft.server.watch.timeout.denomination = 1s (default)
2019-09-25 05:54:13,991 [a171a438-4db2-4a15-a03d-8d01a40a69ad@group-9C43365FF7E1:LeaderElection33] INFO  server.RaftServerConfigKeys (ConfUtils.java:logGet(43)) - raft.server.watch.element-limit = 65536 (default)
2019-09-25 05:54:13,991 [169f835a-5a51-4a80-ac17-f8139cf3a6e7@group-A225EE6777BA:LeaderElection32] INFO  server.RaftServerConfigKeys (ConfUtils.java:logGet(43)) - raft.server.watch.element-limit = 65536 (default)
2019-09-25 05:54:13,994 [a171a438-4db2-4a15-a03d-8d01a40a69ad@group-9C43365FF7E1:LeaderElection33] INFO  impl.RoleInfo (RoleInfo.java:updateAndGet(143)) - a171a438-4db2-4a15-a03d-8d01a40a69ad: start LeaderState
2019-09-25 05:54:13,994 [169f835a-5a51-4a80-ac17-f8139cf3a6e7@group-A225EE6777BA:LeaderElection32] INFO  impl.RoleInfo (RoleInfo.java:updateAndGet(143)) - 169f835a-5a51-4a80-ac17-f8139cf3a6e7: start LeaderState
2019-09-25 05:54:13,994 [a171a438-4db2-4a15-a03d-8d01a40a69ad@group-9C43365FF7E1:LeaderElection33] INFO  segmented.SegmentedRaftLogWorker (SegmentedRaftLogWorker.java:startLogSegment(380)) - a171a438-4db2-4a15-a03d-8d01a40a69ad@group-9C43365FF7E1-SegmentedRaftLogWorker: Starting segment from index:0
2019-09-25 05:54:13,995 [169f835a-5a51-4a80-ac17-f8139cf3a6e7@group-A225EE6777BA:LeaderElection32] INFO  segmented.SegmentedRaftLogWorker (SegmentedRaftLogWorker.java:startLogSegment(380)) - 169f835a-5a51-4a80-ac17-f8139cf3a6e7@group-A225EE6777BA-SegmentedRaftLogWorker: Starting segment from index:0
2019-09-25 05:54:13,995 [a171a438-4db2-4a15-a03d-8d01a40a69ad@group-9C43365FF7E1:LeaderElection33] INFO  impl.RaftServerImpl (ServerState.java:setRaftConf(354)) - a171a438-4db2-4a15-a03d-8d01a40a69ad@group-9C43365FF7E1: set configuration 0: [a171a438-4db2-4a15-a03d-8d01a40a69ad:192.168.5.161:39877], old=null at 0
2019-09-25 05:54:14,032 [Thread-393] INFO  impl.FollowerState (FollowerState.java:run(106)) - a8d2df02-a9dc-4b60-9eec-a53a711ba1ae:group-38FBCEA61B54 changes to CANDIDATE, lastRpcTime:5015, electionTimeout:5015ms
2019-09-25 05:54:14,033 [169f835a-5a51-4a80-ac17-f8139cf3a6e7@group-A225EE6777BA:LeaderElection32] INFO  impl.RaftServerImpl (ServerState.java:setRaftConf(354)) - 169f835a-5a51-4a80-ac17-f8139cf3a6e7@group-A225EE6777BA: set configuration 0: [169f835a-5a51-4a80-ac17-f8139cf3a6e7:192.168.5.161:39029], old=null at 0
2019-09-25 05:54:14,032 [Thread-390] INFO  impl.FollowerState (FollowerState.java:run(106)) - 169f835a-5a51-4a80-ac17-f8139cf3a6e7:group-A0115C1FFAB7 changes to CANDIDATE, lastRpcTime:5074, electionTimeout:5072ms
2019-09-25 05:54:14,071 [Thread-393] INFO  impl.RoleInfo (RoleInfo.java:shutdownFollowerState(121)) - a8d2df02-a9dc-4b60-9eec-a53a711ba1ae: shutdown FollowerState
2019-09-25 05:54:14,069 [a171a438-4db2-4a15-a03d-8d01a40a69ad@group-9C43365FF7E1-SegmentedRaftLogWorker] INFO  segmented.SegmentedRaftLogWorker (SegmentedRaftLogWorker.java:execute(569)) - a171a438-4db2-4a15-a03d-8d01a40a69ad@group-9C43365FF7E1-SegmentedRaftLogWorker: created new log segment /workdir/hadoop-ozone/ozonefs/target/test-dir/MiniOzoneClusterImpl-a7a48124-c188-483e-b9a9-787dfdcc7198/datanode-0/data/ratis/0fe8b4e4-e7c3-484a-bf01-9c43365ff7e1/current/log_inprogress_0
2019-09-25 05:54:14,072 [Thread-393] INFO  impl.RaftServerImpl (RaftServerImpl.java:setRole(174)) - a8d2df02-a9dc-4b60-9eec-a53a711ba1ae@group-38FBCEA61B54: changes role from  FOLLOWER to CANDIDATE at term 0 for changeToCandidate
2019-09-25 05:54:14,072 [Thread-390] INFO  impl.RoleInfo (RoleInfo.java:shutdownFollowerState(121)) - 169f835a-5a51-4a80-ac17-f8139cf3a6e7: shutdown FollowerState
2019-09-25 05:54:14,072 [Thread-393] INFO  impl.RoleInfo (RoleInfo.java:updateAndGet(143)) - a8d2df02-a9dc-4b60-9eec-a53a711ba1ae: start LeaderElection
2019-09-25 05:54:14,072 [Thread-390] INFO  impl.RaftServerImpl (RaftServerImpl.java:setRole(174)) - 169f835a-5a51-4a80-ac17-f8139cf3a6e7@group-A0115C1FFAB7: changes role from  FOLLOWER to CANDIDATE at term 0 for changeToCandidate
2019-09-25 05:54:14,073 [Thread-390] INFO  impl.RoleInfo (RoleInfo.java:updateAndGet(143)) - 169f835a-5a51-4a80-ac17-f8139cf3a6e7: start LeaderElection
2019-09-25 05:54:14,102 [169f835a-5a51-4a80-ac17-f8139cf3a6e7@group-A225EE6777BA-SegmentedRaftLogWorker] INFO  segmented.SegmentedRaftLogWorker (SegmentedRaftLogWorker.java:execute(569)) - 169f835a-5a51-4a80-ac17-f8139cf3a6e7@group-A225EE6777BA-SegmentedRaftLogWorker: created new log segment /workdir/hadoop-ozone/ozonefs/target/test-dir/MiniOzoneClusterImpl-a7a48124-c188-483e-b9a9-787dfdcc7198/datanode-5/data/ratis/8adc02d6-4f54-4ea5-b83a-a225ee6777ba/current/log_inprogress_0
2019-09-25 05:54:14,103 [169f835a-5a51-4a80-ac17-f8139cf3a6e7@group-A0115C1FFAB7:LeaderElection35] INFO  impl.LeaderElection (LeaderElection.java:askForVotes(182)) - 169f835a-5a51-4a80-ac17-f8139cf3a6e7@group-A0115C1FFAB7:LeaderElection35: begin an election at term 1 for -1: [169f835a-5a51-4a80-ac17-f8139cf3a6e7:192.168.5.161:39029], old=null
2019-09-25 05:54:14,103 [a8d2df02-a9dc-4b60-9eec-a53a711ba1ae@group-38FBCEA61B54:LeaderElection34] INFO  impl.LeaderElection (LeaderElection.java:askForVotes(182)) - a8d2df02-a9dc-4b60-9eec-a53a711ba1ae@group-38FBCEA61B54:LeaderElection34: begin an election at term 1 for -1: [a8d2df02-a9dc-4b60-9eec-a53a711ba1ae:192.168.5.161:45141], old=null
2019-09-25 05:54:14,103 [169f835a-5a51-4a80-ac17-f8139cf3a6e7@group-A0115C1FFAB7:LeaderElection35] INFO  impl.RoleInfo (RoleInfo.java:shutdownLeaderElection(134)) - 169f835a-5a51-4a80-ac17-f8139cf3a6e7: shutdown LeaderElection
2019-09-25 05:54:14,103 [a8d2df02-a9dc-4b60-9eec-a53a711ba1ae@group-38FBCEA61B54:LeaderElection34] INFO  impl.RoleInfo (RoleInfo.java:shutdownLeaderElection(134)) - a8d2df02-a9dc-4b60-9eec-a53a711ba1ae: shutdown LeaderElection
2019-09-25 05:54:14,103 [169f835a-5a51-4a80-ac17-f8139cf3a6e7@group-A0115C1FFAB7:LeaderElection35] INFO  impl.RaftServerImpl (RaftServerImpl.java:setRole(174)) - 169f835a-5a51-4a80-ac17-f8139cf3a6e7@group-A0115C1FFAB7: changes role from CANDIDATE to LEADER at term 1 for changeToLeader
2019-09-25 05:54:14,103 [a8d2df02-a9dc-4b60-9eec-a53a711ba1ae@group-38FBCEA61B54:LeaderElection34] INFO  impl.RaftServerImpl (RaftServerImpl.java:setRole(174)) - a8d2df02-a9dc-4b60-9eec-a53a711ba1ae@group-38FBCEA61B54: changes role from CANDIDATE to LEADER at term 1 for changeToLeader
2019-09-25 05:54:14,103 [169f835a-5a51-4a80-ac17-f8139cf3a6e7@group-A0115C1FFAB7:LeaderElection35] INFO  impl.RaftServerImpl (ServerState.java:setLeader(253)) - 169f835a-5a51-4a80-ac17-f8139cf3a6e7@group-A0115C1FFAB7: change Leader from null to 169f835a-5a51-4a80-ac17-f8139cf3a6e7 at term 1 for becomeLeader, leader elected after 5151ms
2019-09-25 05:54:14,104 [a8d2df02-a9dc-4b60-9eec-a53a711ba1ae@group-38FBCEA61B54:LeaderElection34] INFO  impl.RaftServerImpl (ServerState.java:setLeader(253)) - a8d2df02-a9dc-4b60-9eec-a53a711ba1ae@group-38FBCEA61B54: change Leader from null to a8d2df02-a9dc-4b60-9eec-a53a711ba1ae at term 1 for becomeLeader, leader elected after 5093ms
2019-09-25 05:54:14,104 [169f835a-5a51-4a80-ac17-f8139cf3a6e7@group-A0115C1FFAB7:LeaderElection35] INFO  server.RaftServerConfigKeys (ConfUtils.java:logGet(43)) - raft.server.staging.catchup.gap = 1000 (default)
2019-09-25 05:54:14,104 [a8d2df02-a9dc-4b60-9eec-a53a711ba1ae@group-38FBCEA61B54:LeaderElection34] INFO  server.RaftServerConfigKeys (ConfUtils.java:logGet(43)) - raft.server.staging.catchup.gap = 1000 (default)
2019-09-25 05:54:14,104 [169f835a-5a51-4a80-ac17-f8139cf3a6e7@group-A0115C1FFAB7:LeaderElection35] INFO  server.RaftServerConfigKeys (ConfUtils.java:logGet(43)) - raft.server.rpc.sleep.time = 25ms (default)
2019-09-25 05:54:14,104 [a8d2df02-a9dc-4b60-9eec-a53a711ba1ae@group-38FBCEA61B54:LeaderElection34] INFO  server.RaftServerConfigKeys (ConfUtils.java:logGet(43)) - raft.server.rpc.sleep.time = 25ms (default)
2019-09-25 05:54:14,104 [169f835a-5a51-4a80-ac17-f8139cf3a6e7@group-A0115C1FFAB7:LeaderElection35] INFO  server.RaftServerConfigKeys (ConfUtils.java:logGet(43)) - raft.server.write.element-limit = 4096 (default)
2019-09-25 05:54:14,104 [a8d2df02-a9dc-4b60-9eec-a53a711ba1ae@group-38FBCEA61B54:LeaderElection34] INFO  server.RaftServerConfigKeys (ConfUtils.java:logGet(43)) - raft.server.write.element-limit = 4096 (default)
2019-09-25 05:54:14,104 [169f835a-5a51-4a80-ac17-f8139cf3a6e7@group-A0115C1FFAB7:LeaderElection35] INFO  server.RaftServerConfigKeys (ConfUtils.java:logGet(43)) - raft.server.watch.timeout = 10s (default)
2019-09-25 05:54:14,105 [a8d2df02-a9dc-4b60-9eec-a53a711ba1ae@group-38FBCEA61B54:LeaderElection34] INFO  server.RaftServerConfigKeys (ConfUtils.java:logGet(43)) - raft.server.watch.timeout = 10s (default)
2019-09-25 05:54:14,105 [169f835a-5a51-4a80-ac17-f8139cf3a6e7@group-A0115C1FFAB7:LeaderElection35] INFO  server.RaftServerConfigKeys (ConfUtils.java:logGet(43)) - raft.server.watch.timeout.denomination = 1s (default)
2019-09-25 05:54:14,105 [a8d2df02-a9dc-4b60-9eec-a53a711ba1ae@group-38FBCEA61B54:LeaderElection34] INFO  server.RaftServerConfigKeys (ConfUtils.java:logGet(43)) - raft.server.watch.timeout.denomination = 1s (default)
2019-09-25 05:54:14,105 [169f835a-5a51-4a80-ac17-f8139cf3a6e7@group-A0115C1FFAB7:LeaderElection35] INFO  server.RaftServerConfigKeys (ConfUtils.java:logGet(43)) - raft.server.watch.element-limit = 65536 (default)
2019-09-25 05:54:14,105 [a8d2df02-a9dc-4b60-9eec-a53a711ba1ae@group-38FBCEA61B54:LeaderElection34] INFO  server.RaftServerConfigKeys (ConfUtils.java:logGet(43)) - raft.server.watch.element-limit = 65536 (default)
2019-09-25 05:54:14,108 [169f835a-5a51-4a80-ac17-f8139cf3a6e7@group-A0115C1FFAB7:LeaderElection35] INFO  impl.RoleInfo (RoleInfo.java:updateAndGet(143)) - 169f835a-5a51-4a80-ac17-f8139cf3a6e7: start LeaderState
2019-09-25 05:54:14,108 [169f835a-5a51-4a80-ac17-f8139cf3a6e7@group-A0115C1FFAB7:LeaderElection35] INFO  segmented.SegmentedRaftLogWorker (SegmentedRaftLogWorker.java:startLogSegment(380)) - 169f835a-5a51-4a80-ac17-f8139cf3a6e7@group-A0115C1FFAB7-SegmentedRaftLogWorker: Starting segment from index:0
2019-09-25 05:54:14,109 [a8d2df02-a9dc-4b60-9eec-a53a711ba1ae@group-38FBCEA61B54:LeaderElection34] INFO  impl.RoleInfo (RoleInfo.java:updateAndGet(143)) - a8d2df02-a9dc-4b60-9eec-a53a711ba1ae: start LeaderState
2019-09-25 05:54:14,109 [169f835a-5a51-4a80-ac17-f8139cf3a6e7@group-A0115C1FFAB7:LeaderElection35] INFO  impl.RaftServerImpl (ServerState.java:setRaftConf(354)) - 169f835a-5a51-4a80-ac17-f8139cf3a6e7@group-A0115C1FFAB7: set configuration 0: [169f835a-5a51-4a80-ac17-f8139cf3a6e7:192.168.5.161:39029], old=null at 0
2019-09-25 05:54:14,109 [a8d2df02-a9dc-4b60-9eec-a53a711ba1ae@group-38FBCEA61B54:LeaderElection34] INFO  segmented.SegmentedRaftLogWorker (SegmentedRaftLogWorker.java:startLogSegment(380)) - a8d2df02-a9dc-4b60-9eec-a53a711ba1ae@group-38FBCEA61B54-SegmentedRaftLogWorker: Starting segment from index:0
2019-09-25 05:54:14,143 [a8d2df02-a9dc-4b60-9eec-a53a711ba1ae@group-38FBCEA61B54:LeaderElection34] INFO  impl.RaftServerImpl (ServerState.java:setRaftConf(354)) - a8d2df02-a9dc-4b60-9eec-a53a711ba1ae@group-38FBCEA61B54: set configuration 0: [a8d2df02-a9dc-4b60-9eec-a53a711ba1ae:192.168.5.161:45141], old=null at 0
2019-09-25 05:54:14,171 [169f835a-5a51-4a80-ac17-f8139cf3a6e7@group-A0115C1FFAB7-SegmentedRaftLogWorker] INFO  segmented.SegmentedRaftLogWorker (SegmentedRaftLogWorker.java:execute(569)) - 169f835a-5a51-4a80-ac17-f8139cf3a6e7@group-A0115C1FFAB7-SegmentedRaftLogWorker: created new log segment /workdir/hadoop-ozone/ozonefs/target/test-dir/MiniOzoneClusterImpl-a7a48124-c188-483e-b9a9-787dfdcc7198/datanode-5/data/ratis/40bf15e1-5cfc-45b7-9c6f-a0115c1ffab7/current/log_inprogress_0
2019-09-25 05:54:14,183 [a8d2df02-a9dc-4b60-9eec-a53a711ba1ae@group-38FBCEA61B54-SegmentedRaftLogWorker] INFO  segmented.SegmentedRaftLogWorker (SegmentedRaftLogWorker.java:execute(569)) - a8d2df02-a9dc-4b60-9eec-a53a711ba1ae@group-38FBCEA61B54-SegmentedRaftLogWorker: created new log segment /workdir/hadoop-ozone/ozonefs/target/test-dir/MiniOzoneClusterImpl-a7a48124-c188-483e-b9a9-787dfdcc7198/datanode-4/data/ratis/a5f70622-afeb-4fed-815d-38fbcea61b54/current/log_inprogress_0
2019-09-25 05:54:14,205 [Thread-399] INFO  impl.FollowerState (FollowerState.java:run(106)) - f15c9da4-41cd-4d3b-befd-f91bd6a8ef15:group-CD83062C240E changes to CANDIDATE, lastRpcTime:5074, electionTimeout:5074ms
2019-09-25 05:54:14,205 [Thread-399] INFO  impl.RoleInfo (RoleInfo.java:shutdownFollowerState(121)) - f15c9da4-41cd-4d3b-befd-f91bd6a8ef15: shutdown FollowerState
2019-09-25 05:54:14,205 [Thread-399] INFO  impl.RaftServerImpl (RaftServerImpl.java:setRole(174)) - f15c9da4-41cd-4d3b-befd-f91bd6a8ef15@group-CD83062C240E: changes role from  FOLLOWER to CANDIDATE at term 0 for changeToCandidate
2019-09-25 05:54:14,205 [Thread-399] INFO  impl.RoleInfo (RoleInfo.java:updateAndGet(143)) - f15c9da4-41cd-4d3b-befd-f91bd6a8ef15: start LeaderElection
2019-09-25 05:54:14,220 [Thread-396] INFO  impl.FollowerState (FollowerState.java:run(106)) - 9b45984a-e801-4994-8f0b-759bb773fda3:group-201751D85B0F changes to CANDIDATE, lastRpcTime:5144, electionTimeout:5144ms
2019-09-25 05:54:14,220 [Thread-396] INFO  impl.RoleInfo (RoleInfo.java:shutdownFollowerState(121)) - 9b45984a-e801-4994-8f0b-759bb773fda3: shutdown FollowerState
2019-09-25 05:54:14,220 [Thread-396] INFO  impl.RaftServerImpl (RaftServerImpl.java:setRole(174)) - 9b45984a-e801-4994-8f0b-759bb773fda3@group-201751D85B0F: changes role from  FOLLOWER to CANDIDATE at term 0 for changeToCandidate
2019-09-25 05:54:14,220 [Thread-396] INFO  impl.RoleInfo (RoleInfo.java:updateAndGet(143)) - 9b45984a-e801-4994-8f0b-759bb773fda3: start LeaderElection
2019-09-25 05:54:14,225 [f15c9da4-41cd-4d3b-befd-f91bd6a8ef15@group-CD83062C240E:LeaderElection36] INFO  impl.LeaderElection (LeaderElection.java:askForVotes(182)) - f15c9da4-41cd-4d3b-befd-f91bd6a8ef15@group-CD83062C240E:LeaderElection36: begin an election at term 1 for -1: [f15c9da4-41cd-4d3b-befd-f91bd6a8ef15:192.168.5.161:37814], old=null
2019-09-25 05:54:14,225 [f15c9da4-41cd-4d3b-befd-f91bd6a8ef15@group-CD83062C240E:LeaderElection36] INFO  impl.RoleInfo (RoleInfo.java:shutdownLeaderElection(134)) - f15c9da4-41cd-4d3b-befd-f91bd6a8ef15: shutdown LeaderElection
2019-09-25 05:54:14,225 [f15c9da4-41cd-4d3b-befd-f91bd6a8ef15@group-CD83062C240E:LeaderElection36] INFO  impl.RaftServerImpl (RaftServerImpl.java:setRole(174)) - f15c9da4-41cd-4d3b-befd-f91bd6a8ef15@group-CD83062C240E: changes role from CANDIDATE to LEADER at term 1 for changeToLeader
2019-09-25 05:54:14,225 [f15c9da4-41cd-4d3b-befd-f91bd6a8ef15@group-CD83062C240E:LeaderElection36] INFO  impl.RaftServerImpl (ServerState.java:setLeader(253)) - f15c9da4-41cd-4d3b-befd-f91bd6a8ef15@group-CD83062C240E: change Leader from null to f15c9da4-41cd-4d3b-befd-f91bd6a8ef15 at term 1 for becomeLeader, leader elected after 5101ms
2019-09-25 05:54:14,225 [f15c9da4-41cd-4d3b-befd-f91bd6a8ef15@group-CD83062C240E:LeaderElection36] INFO  server.RaftServerConfigKeys (ConfUtils.java:logGet(43)) - raft.server.staging.catchup.gap = 1000 (default)
2019-09-25 05:54:14,226 [f15c9da4-41cd-4d3b-befd-f91bd6a8ef15@group-CD83062C240E:LeaderElection36] INFO  server.RaftServerConfigKeys (ConfUtils.java:logGet(43)) - raft.server.rpc.sleep.time = 25ms (default)
2019-09-25 05:54:14,226 [f15c9da4-41cd-4d3b-befd-f91bd6a8ef15@group-CD83062C240E:LeaderElection36] INFO  server.RaftServerConfigKeys (ConfUtils.java:logGet(43)) - raft.server.write.element-limit = 4096 (default)
2019-09-25 05:54:14,226 [f15c9da4-41cd-4d3b-befd-f91bd6a8ef15@group-CD83062C240E:LeaderElection36] INFO  server.RaftServerConfigKeys (ConfUtils.java:logGet(43)) - raft.server.watch.timeout = 10s (default)
2019-09-25 05:54:14,226 [f15c9da4-41cd-4d3b-befd-f91bd6a8ef15@group-CD83062C240E:LeaderElection36] INFO  server.RaftServerConfigKeys (ConfUtils.java:logGet(43)) - raft.server.watch.timeout.denomination = 1s (default)
2019-09-25 05:54:14,226 [f15c9da4-41cd-4d3b-befd-f91bd6a8ef15@group-CD83062C240E:LeaderElection36] INFO  server.RaftServerConfigKeys (ConfUtils.java:logGet(43)) - raft.server.watch.element-limit = 65536 (default)
2019-09-25 05:54:14,228 [f15c9da4-41cd-4d3b-befd-f91bd6a8ef15@group-CD83062C240E:LeaderElection36] INFO  impl.RoleInfo (RoleInfo.java:updateAndGet(143)) - f15c9da4-41cd-4d3b-befd-f91bd6a8ef15: start LeaderState
2019-09-25 05:54:14,229 [f15c9da4-41cd-4d3b-befd-f91bd6a8ef15@group-CD83062C240E:LeaderElection36] INFO  segmented.SegmentedRaftLogWorker (SegmentedRaftLogWorker.java:startLogSegment(380)) - f15c9da4-41cd-4d3b-befd-f91bd6a8ef15@group-CD83062C240E-SegmentedRaftLogWorker: Starting segment from index:0
2019-09-25 05:54:14,229 [f15c9da4-41cd-4d3b-befd-f91bd6a8ef15@group-CD83062C240E:LeaderElection36] INFO  impl.RaftServerImpl (ServerState.java:setRaftConf(354)) - f15c9da4-41cd-4d3b-befd-f91bd6a8ef15@group-CD83062C240E: set configuration 0: [f15c9da4-41cd-4d3b-befd-f91bd6a8ef15:192.168.5.161:37814], old=null at 0
2019-09-25 05:54:14,271 [9b45984a-e801-4994-8f0b-759bb773fda3@group-201751D85B0F:LeaderElection37] INFO  impl.LeaderElection (LeaderElection.java:askForVotes(182)) - 9b45984a-e801-4994-8f0b-759bb773fda3@group-201751D85B0F:LeaderElection37: begin an election at term 1 for -1: [9b45984a-e801-4994-8f0b-759bb773fda3:192.168.5.161:35299], old=null
2019-09-25 05:54:14,271 [9b45984a-e801-4994-8f0b-759bb773fda3@group-201751D85B0F:LeaderElection37] INFO  impl.RoleInfo (RoleInfo.java:shutdownLeaderElection(134)) - 9b45984a-e801-4994-8f0b-759bb773fda3: shutdown LeaderElection
2019-09-25 05:54:14,271 [9b45984a-e801-4994-8f0b-759bb773fda3@group-201751D85B0F:LeaderElection37] INFO  impl.RaftServerImpl (RaftServerImpl.java:setRole(174)) - 9b45984a-e801-4994-8f0b-759bb773fda3@group-201751D85B0F: changes role from CANDIDATE to LEADER at term 1 for changeToLeader
2019-09-25 05:54:14,271 [9b45984a-e801-4994-8f0b-759bb773fda3@group-201751D85B0F:LeaderElection37] INFO  impl.RaftServerImpl (ServerState.java:setLeader(253)) - 9b45984a-e801-4994-8f0b-759bb773fda3@group-201751D85B0F: change Leader from null to 9b45984a-e801-4994-8f0b-759bb773fda3 at term 1 for becomeLeader, leader elected after 5203ms
2019-09-25 05:54:14,271 [9b45984a-e801-4994-8f0b-759bb773fda3@group-201751D85B0F:LeaderElection37] INFO  server.RaftServerConfigKeys (ConfUtils.java:logGet(43)) - raft.server.staging.catchup.gap = 1000 (default)
2019-09-25 05:54:14,272 [9b45984a-e801-4994-8f0b-759bb773fda3@group-201751D85B0F:LeaderElection37] INFO  server.RaftServerConfigKeys (ConfUtils.java:logGet(43)) - raft.server.rpc.sleep.time = 25ms (default)
2019-09-25 05:54:14,272 [9b45984a-e801-4994-8f0b-759bb773fda3@group-201751D85B0F:LeaderElection37] INFO  server.RaftServerConfigKeys (ConfUtils.java:logGet(43)) - raft.server.write.element-limit = 4096 (default)
2019-09-25 05:54:14,272 [9b45984a-e801-4994-8f0b-759bb773fda3@group-201751D85B0F:LeaderElection37] INFO  server.RaftServerConfigKeys (ConfUtils.java:logGet(43)) - raft.server.watch.timeout = 10s (default)
2019-09-25 05:54:14,272 [9b45984a-e801-4994-8f0b-759bb773fda3@group-201751D85B0F:LeaderElection37] INFO  server.RaftServerConfigKeys (ConfUtils.java:logGet(43)) - raft.server.watch.timeout.denomination = 1s (default)
2019-09-25 05:54:14,272 [9b45984a-e801-4994-8f0b-759bb773fda3@group-201751D85B0F:LeaderElection37] INFO  server.RaftServerConfigKeys (ConfUtils.java:logGet(43)) - raft.server.watch.element-limit = 65536 (default)
2019-09-25 05:54:14,276 [9b45984a-e801-4994-8f0b-759bb773fda3@group-201751D85B0F:LeaderElection37] INFO  impl.RoleInfo (RoleInfo.java:updateAndGet(143)) - 9b45984a-e801-4994-8f0b-759bb773fda3: start LeaderState
2019-09-25 05:54:14,276 [9b45984a-e801-4994-8f0b-759bb773fda3@group-201751D85B0F:LeaderElection37] INFO  segmented.SegmentedRaftLogWorker (SegmentedRaftLogWorker.java:startLogSegment(380)) - 9b45984a-e801-4994-8f0b-759bb773fda3@group-201751D85B0F-SegmentedRaftLogWorker: Starting segment from index:0
2019-09-25 05:54:14,277 [9b45984a-e801-4994-8f0b-759bb773fda3@group-201751D85B0F:LeaderElection37] INFO  impl.RaftServerImpl (ServerState.java:setRaftConf(354)) - 9b45984a-e801-4994-8f0b-759bb773fda3@group-201751D85B0F: set configuration 0: [9b45984a-e801-4994-8f0b-759bb773fda3:192.168.5.161:35299], old=null at 0
2019-09-25 05:54:14,311 [f15c9da4-41cd-4d3b-befd-f91bd6a8ef15@group-CD83062C240E-SegmentedRaftLogWorker] INFO  segmented.SegmentedRaftLogWorker (SegmentedRaftLogWorker.java:execute(569)) - f15c9da4-41cd-4d3b-befd-f91bd6a8ef15@group-CD83062C240E-SegmentedRaftLogWorker: created new log segment /workdir/hadoop-ozone/ozonefs/target/test-dir/MiniOzoneClusterImpl-a7a48124-c188-483e-b9a9-787dfdcc7198/datanode-1/data/ratis/f976f98d-09f1-4fc2-a5c6-cd83062c240e/current/log_inprogress_0
2019-09-25 05:54:14,325 [Thread-405] INFO  impl.FollowerState (FollowerState.java:run(106)) - a8d2df02-a9dc-4b60-9eec-a53a711ba1ae:group-E08049807801 changes to CANDIDATE, lastRpcTime:5067, electionTimeout:5067ms
2019-09-25 05:54:14,325 [Thread-405] INFO  impl.RoleInfo (RoleInfo.java:shutdownFollowerState(121)) - a8d2df02-a9dc-4b60-9eec-a53a711ba1ae: shutdown FollowerState
2019-09-25 05:54:14,326 [Thread-405] INFO  impl.RaftServerImpl (RaftServerImpl.java:setRole(174)) - a8d2df02-a9dc-4b60-9eec-a53a711ba1ae@group-E08049807801: changes role from  FOLLOWER to CANDIDATE at term 0 for changeToCandidate
2019-09-25 05:54:14,326 [Thread-405] INFO  impl.RoleInfo (RoleInfo.java:updateAndGet(143)) - a8d2df02-a9dc-4b60-9eec-a53a711ba1ae: start LeaderElection
2019-09-25 05:54:14,334 [9b45984a-e801-4994-8f0b-759bb773fda3@group-201751D85B0F-SegmentedRaftLogWorker] INFO  segmented.SegmentedRaftLogWorker (SegmentedRaftLogWorker.java:execute(569)) - 9b45984a-e801-4994-8f0b-759bb773fda3@group-201751D85B0F-SegmentedRaftLogWorker: created new log segment /workdir/hadoop-ozone/ozonefs/target/test-dir/MiniOzoneClusterImpl-a7a48124-c188-483e-b9a9-787dfdcc7198/datanode-3/data/ratis/c9ad0be1-81f6-472e-a576-201751d85b0f/current/log_inprogress_0
2019-09-25 05:54:14,349 [a8d2df02-a9dc-4b60-9eec-a53a711ba1ae@group-E08049807801:LeaderElection38] INFO  impl.LeaderElection (LeaderElection.java:askForVotes(182)) - a8d2df02-a9dc-4b60-9eec-a53a711ba1ae@group-E08049807801:LeaderElection38: begin an election at term 1 for -1: [a8d2df02-a9dc-4b60-9eec-a53a711ba1ae:192.168.5.161:45141], old=null
2019-09-25 05:54:14,349 [a8d2df02-a9dc-4b60-9eec-a53a711ba1ae@group-E08049807801:LeaderElection38] INFO  impl.RoleInfo (RoleInfo.java:shutdownLeaderElection(134)) - a8d2df02-a9dc-4b60-9eec-a53a711ba1ae: shutdown LeaderElection
2019-09-25 05:54:14,349 [a8d2df02-a9dc-4b60-9eec-a53a711ba1ae@group-E08049807801:LeaderElection38] INFO  impl.RaftServerImpl (RaftServerImpl.java:setRole(174)) - a8d2df02-a9dc-4b60-9eec-a53a711ba1ae@group-E08049807801: changes role from CANDIDATE to LEADER at term 1 for changeToLeader
2019-09-25 05:54:14,349 [a8d2df02-a9dc-4b60-9eec-a53a711ba1ae@group-E08049807801:LeaderElection38] INFO  impl.RaftServerImpl (ServerState.java:setLeader(253)) - a8d2df02-a9dc-4b60-9eec-a53a711ba1ae@group-E08049807801: change Leader from null to a8d2df02-a9dc-4b60-9eec-a53a711ba1ae at term 1 for becomeLeader, leader elected after 5097ms
2019-09-25 05:54:14,349 [a8d2df02-a9dc-4b60-9eec-a53a711ba1ae@group-E08049807801:LeaderElection38] INFO  server.RaftServerConfigKeys (ConfUtils.java:logGet(43)) - raft.server.staging.catchup.gap = 1000 (default)
2019-09-25 05:54:14,350 [a8d2df02-a9dc-4b60-9eec-a53a711ba1ae@group-E08049807801:LeaderElection38] INFO  server.RaftServerConfigKeys (ConfUtils.java:logGet(43)) - raft.server.rpc.sleep.time = 25ms (default)
2019-09-25 05:54:14,350 [a8d2df02-a9dc-4b60-9eec-a53a711ba1ae@group-E08049807801:LeaderElection38] INFO  server.RaftServerConfigKeys (ConfUtils.java:logGet(43)) - raft.server.write.element-limit = 4096 (default)
2019-09-25 05:54:14,350 [a8d2df02-a9dc-4b60-9eec-a53a711ba1ae@group-E08049807801:LeaderElection38] INFO  server.RaftServerConfigKeys (ConfUtils.java:logGet(43)) - raft.server.watch.timeout = 10s (default)
2019-09-25 05:54:14,350 [a8d2df02-a9dc-4b60-9eec-a53a711ba1ae@group-E08049807801:LeaderElection38] INFO  server.RaftServerConfigKeys (ConfUtils.java:logGet(43)) - raft.server.watch.timeout.denomination = 1s (default)
2019-09-25 05:54:14,350 [a8d2df02-a9dc-4b60-9eec-a53a711ba1ae@group-E08049807801:LeaderElection38] INFO  server.RaftServerConfigKeys (ConfUtils.java:logGet(43)) - raft.server.watch.element-limit = 65536 (default)
2019-09-25 05:54:14,352 [Thread-402] INFO  impl.FollowerState (FollowerState.java:run(106)) - a8d2df02-a9dc-4b60-9eec-a53a711ba1ae:group-042E30C3A79E changes to CANDIDATE, lastRpcTime:5166, electionTimeout:5166ms
2019-09-25 05:54:14,352 [Thread-402] INFO  impl.RoleInfo (RoleInfo.java:shutdownFollowerState(121)) - a8d2df02-a9dc-4b60-9eec-a53a711ba1ae: shutdown FollowerState
2019-09-25 05:54:14,352 [Thread-402] INFO  impl.RaftServerImpl (RaftServerImpl.java:setRole(174)) - a8d2df02-a9dc-4b60-9eec-a53a711ba1ae@group-042E30C3A79E: changes role from  FOLLOWER to CANDIDATE at term 0 for changeToCandidate
2019-09-25 05:54:14,352 [Thread-402] INFO  impl.RoleInfo (RoleInfo.java:updateAndGet(143)) - a8d2df02-a9dc-4b60-9eec-a53a711ba1ae: start LeaderElection
2019-09-25 05:54:14,352 [a8d2df02-a9dc-4b60-9eec-a53a711ba1ae@group-E08049807801:LeaderElection38] INFO  impl.RoleInfo (RoleInfo.java:updateAndGet(143)) - a8d2df02-a9dc-4b60-9eec-a53a711ba1ae: start LeaderState
2019-09-25 05:54:14,373 [a8d2df02-a9dc-4b60-9eec-a53a711ba1ae@group-E08049807801:LeaderElection38] INFO  segmented.SegmentedRaftLogWorker (SegmentedRaftLogWorker.java:startLogSegment(380)) - a8d2df02-a9dc-4b60-9eec-a53a711ba1ae@group-E08049807801-SegmentedRaftLogWorker: Starting segment from index:0
2019-09-25 05:54:14,373 [a8d2df02-a9dc-4b60-9eec-a53a711ba1ae@group-E08049807801:LeaderElection38] INFO  impl.RaftServerImpl (ServerState.java:setRaftConf(354)) - a8d2df02-a9dc-4b60-9eec-a53a711ba1ae@group-E08049807801: set configuration 0: [a8d2df02-a9dc-4b60-9eec-a53a711ba1ae:192.168.5.161:45141], old=null at 0
2019-09-25 05:54:14,413 [a8d2df02-a9dc-4b60-9eec-a53a711ba1ae@group-042E30C3A79E:LeaderElection39] INFO  impl.LeaderElection (LeaderElection.java:askForVotes(182)) - a8d2df02-a9dc-4b60-9eec-a53a711ba1ae@group-042E30C3A79E:LeaderElection39: begin an election at term 1 for -1: [a8d2df02-a9dc-4b60-9eec-a53a711ba1ae:192.168.5.161:45141], old=null
2019-09-25 05:54:14,414 [a8d2df02-a9dc-4b60-9eec-a53a711ba1ae@group-042E30C3A79E:LeaderElection39] INFO  impl.RoleInfo (RoleInfo.java:shutdownLeaderElection(134)) - a8d2df02-a9dc-4b60-9eec-a53a711ba1ae: shutdown LeaderElection
2019-09-25 05:54:14,414 [a8d2df02-a9dc-4b60-9eec-a53a711ba1ae@group-042E30C3A79E:LeaderElection39] INFO  impl.RaftServerImpl (RaftServerImpl.java:setRole(174)) - a8d2df02-a9dc-4b60-9eec-a53a711ba1ae@group-042E30C3A79E: changes role from CANDIDATE to LEADER at term 1 for changeToLeader
2019-09-25 05:54:14,414 [a8d2df02-a9dc-4b60-9eec-a53a711ba1ae@group-042E30C3A79E:LeaderElection39] INFO  impl.RaftServerImpl (ServerState.java:setLeader(253)) - a8d2df02-a9dc-4b60-9eec-a53a711ba1ae@group-042E30C3A79E: change Leader from null to a8d2df02-a9dc-4b60-9eec-a53a711ba1ae at term 1 for becomeLeader, leader elected after 5236ms
2019-09-25 05:54:14,414 [a8d2df02-a9dc-4b60-9eec-a53a711ba1ae@group-042E30C3A79E:LeaderElection39] INFO  server.RaftServerConfigKeys (ConfUtils.java:logGet(43)) - raft.server.staging.catchup.gap = 1000 (default)
2019-09-25 05:54:14,414 [a8d2df02-a9dc-4b60-9eec-a53a711ba1ae@group-042E30C3A79E:LeaderElection39] INFO  server.RaftServerConfigKeys (ConfUtils.java:logGet(43)) - raft.server.rpc.sleep.time = 25ms (default)
2019-09-25 05:54:14,414 [a8d2df02-a9dc-4b60-9eec-a53a711ba1ae@group-042E30C3A79E:LeaderElection39] INFO  server.RaftServerConfigKeys (ConfUtils.java:logGet(43)) - raft.server.write.element-limit = 4096 (default)
2019-09-25 05:54:14,415 [a8d2df02-a9dc-4b60-9eec-a53a711ba1ae@group-042E30C3A79E:LeaderElection39] INFO  server.RaftServerConfigKeys (ConfUtils.java:logGet(43)) - raft.server.watch.timeout = 10s (default)
2019-09-25 05:54:14,415 [a8d2df02-a9dc-4b60-9eec-a53a711ba1ae@group-042E30C3A79E:LeaderElection39] INFO  server.RaftServerConfigKeys (ConfUtils.java:logGet(43)) - raft.server.watch.timeout.denomination = 1s (default)
2019-09-25 05:54:14,415 [a8d2df02-a9dc-4b60-9eec-a53a711ba1ae@group-042E30C3A79E:LeaderElection39] INFO  server.RaftServerConfigKeys (ConfUtils.java:logGet(43)) - raft.server.watch.element-limit = 65536 (default)
2019-09-25 05:54:14,417 [a8d2df02-a9dc-4b60-9eec-a53a711ba1ae@group-042E30C3A79E:LeaderElection39] INFO  impl.RoleInfo (RoleInfo.java:updateAndGet(143)) - a8d2df02-a9dc-4b60-9eec-a53a711ba1ae: start LeaderState
2019-09-25 05:54:14,418 [a8d2df02-a9dc-4b60-9eec-a53a711ba1ae@group-042E30C3A79E:LeaderElection39] INFO  segmented.SegmentedRaftLogWorker (SegmentedRaftLogWorker.java:startLogSegment(380)) - a8d2df02-a9dc-4b60-9eec-a53a711ba1ae@group-042E30C3A79E-SegmentedRaftLogWorker: Starting segment from index:0
2019-09-25 05:54:14,418 [a8d2df02-a9dc-4b60-9eec-a53a711ba1ae@group-042E30C3A79E:LeaderElection39] INFO  impl.RaftServerImpl (ServerState.java:setRaftConf(354)) - a8d2df02-a9dc-4b60-9eec-a53a711ba1ae@group-042E30C3A79E: set configuration 0: [a8d2df02-a9dc-4b60-9eec-a53a711ba1ae:192.168.5.161:45141], old=null at 0
2019-09-25 05:54:14,456 [Thread-408] INFO  impl.FollowerState (FollowerState.java:run(106)) - 22638597-b9ac-42fc-8d80-a8fc15613fc1:group-C733706EEF9E changes to CANDIDATE, lastRpcTime:5126, electionTimeout:5120ms
2019-09-25 05:54:14,456 [a8d2df02-a9dc-4b60-9eec-a53a711ba1ae@group-E08049807801-SegmentedRaftLogWorker] INFO  segmented.SegmentedRaftLogWorker (SegmentedRaftLogWorker.java:execute(569)) - a8d2df02-a9dc-4b60-9eec-a53a711ba1ae@group-E08049807801-SegmentedRaftLogWorker: created new log segment /workdir/hadoop-ozone/ozonefs/target/test-dir/MiniOzoneClusterImpl-a7a48124-c188-483e-b9a9-787dfdcc7198/datanode-4/data/ratis/1accb8f6-7cc7-4200-8415-e08049807801/current/log_inprogress_0
2019-09-25 05:54:14,456 [Thread-408] INFO  impl.RoleInfo (RoleInfo.java:shutdownFollowerState(121)) - 22638597-b9ac-42fc-8d80-a8fc15613fc1: shutdown FollowerState
2019-09-25 05:54:14,456 [Thread-411] INFO  impl.FollowerState (FollowerState.java:run(106)) - a8d2df02-a9dc-4b60-9eec-a53a711ba1ae:group-9215915B0A34 changes to CANDIDATE, lastRpcTime:5044, electionTimeout:5017ms
2019-09-25 05:54:14,457 [Thread-408] INFO  impl.RaftServerImpl (RaftServerImpl.java:setRole(174)) - 22638597-b9ac-42fc-8d80-a8fc15613fc1@group-C733706EEF9E: changes role from  FOLLOWER to CANDIDATE at term 0 for changeToCandidate
2019-09-25 05:54:14,457 [Thread-411] INFO  impl.RoleInfo (RoleInfo.java:shutdownFollowerState(121)) - a8d2df02-a9dc-4b60-9eec-a53a711ba1ae: shutdown FollowerState
2019-09-25 05:54:14,457 [Thread-408] INFO  impl.RoleInfo (RoleInfo.java:updateAndGet(143)) - 22638597-b9ac-42fc-8d80-a8fc15613fc1: start LeaderElection
2019-09-25 05:54:14,457 [Thread-411] INFO  impl.RaftServerImpl (RaftServerImpl.java:setRole(174)) - a8d2df02-a9dc-4b60-9eec-a53a711ba1ae@group-9215915B0A34: changes role from  FOLLOWER to CANDIDATE at term 0 for changeToCandidate
2019-09-25 05:54:14,457 [Thread-411] INFO  impl.RoleInfo (RoleInfo.java:updateAndGet(143)) - a8d2df02-a9dc-4b60-9eec-a53a711ba1ae: start LeaderElection
2019-09-25 05:54:14,464 [Thread-414] INFO  impl.FollowerState (FollowerState.java:run(106)) - f15c9da4-41cd-4d3b-befd-f91bd6a8ef15:group-F8CA2A8A543E changes to CANDIDATE, lastRpcTime:5004, electionTimeout:5004ms
2019-09-25 05:54:14,464 [Thread-414] INFO  impl.RoleInfo (RoleInfo.java:shutdownFollowerState(121)) - f15c9da4-41cd-4d3b-befd-f91bd6a8ef15: shutdown FollowerState
2019-09-25 05:54:14,464 [Thread-414] INFO  impl.RaftServerImpl (RaftServerImpl.java:setRole(174)) - f15c9da4-41cd-4d3b-befd-f91bd6a8ef15@group-F8CA2A8A543E: changes role from  FOLLOWER to CANDIDATE at term 0 for changeToCandidate
2019-09-25 05:54:14,464 [Thread-414] INFO  impl.RoleInfo (RoleInfo.java:updateAndGet(143)) - f15c9da4-41cd-4d3b-befd-f91bd6a8ef15: start LeaderElection
2019-09-25 05:54:14,469 [a8d2df02-a9dc-4b60-9eec-a53a711ba1ae@group-042E30C3A79E-SegmentedRaftLogWorker] INFO  segmented.SegmentedRaftLogWorker (SegmentedRaftLogWorker.java:execute(569)) - a8d2df02-a9dc-4b60-9eec-a53a711ba1ae@group-042E30C3A79E-SegmentedRaftLogWorker: created new log segment /workdir/hadoop-ozone/ozonefs/target/test-dir/MiniOzoneClusterImpl-a7a48124-c188-483e-b9a9-787dfdcc7198/datanode-4/data/ratis/84b5c9d9-496a-47bc-a238-042e30c3a79e/current/log_inprogress_0
2019-09-25 05:54:14,469 [a8d2df02-a9dc-4b60-9eec-a53a711ba1ae@group-9215915B0A34:LeaderElection41] INFO  impl.LeaderElection (LeaderElection.java:askForVotes(182)) - a8d2df02-a9dc-4b60-9eec-a53a711ba1ae@group-9215915B0A34:LeaderElection41: begin an election at term 1 for -1: [a8d2df02-a9dc-4b60-9eec-a53a711ba1ae:192.168.5.161:45141], old=null
2019-09-25 05:54:14,469 [f15c9da4-41cd-4d3b-befd-f91bd6a8ef15@group-F8CA2A8A543E:LeaderElection42] INFO  impl.LeaderElection (LeaderElection.java:askForVotes(182)) - f15c9da4-41cd-4d3b-befd-f91bd6a8ef15@group-F8CA2A8A543E:LeaderElection42: begin an election at term 1 for -1: [f15c9da4-41cd-4d3b-befd-f91bd6a8ef15:192.168.5.161:37814], old=null
2019-09-25 05:54:14,469 [22638597-b9ac-42fc-8d80-a8fc15613fc1@group-C733706EEF9E:LeaderElection40] INFO  impl.LeaderElection (LeaderElection.java:askForVotes(182)) - 22638597-b9ac-42fc-8d80-a8fc15613fc1@group-C733706EEF9E:LeaderElection40: begin an election at term 1 for -1: [22638597-b9ac-42fc-8d80-a8fc15613fc1:192.168.5.161:38615], old=null
2019-09-25 05:54:14,470 [f15c9da4-41cd-4d3b-befd-f91bd6a8ef15@group-F8CA2A8A543E:LeaderElection42] INFO  impl.RoleInfo (RoleInfo.java:shutdownLeaderElection(134)) - f15c9da4-41cd-4d3b-befd-f91bd6a8ef15: shutdown LeaderElection
2019-09-25 05:54:14,469 [a8d2df02-a9dc-4b60-9eec-a53a711ba1ae@group-9215915B0A34:LeaderElection41] INFO  impl.RoleInfo (RoleInfo.java:shutdownLeaderElection(134)) - a8d2df02-a9dc-4b60-9eec-a53a711ba1ae: shutdown LeaderElection
2019-09-25 05:54:14,470 [f15c9da4-41cd-4d3b-befd-f91bd6a8ef15@group-F8CA2A8A543E:LeaderElection42] INFO  impl.RaftServerImpl (RaftServerImpl.java:setRole(174)) - f15c9da4-41cd-4d3b-befd-f91bd6a8ef15@group-F8CA2A8A543E: changes role from CANDIDATE to LEADER at term 1 for changeToLeader
2019-09-25 05:54:14,470 [22638597-b9ac-42fc-8d80-a8fc15613fc1@group-C733706EEF9E:LeaderElection40] INFO  impl.RoleInfo (RoleInfo.java:shutdownLeaderElection(134)) - 22638597-b9ac-42fc-8d80-a8fc15613fc1: shutdown LeaderElection
2019-09-25 05:54:14,470 [f15c9da4-41cd-4d3b-befd-f91bd6a8ef15@group-F8CA2A8A543E:LeaderElection42] INFO  impl.RaftServerImpl (ServerState.java:setLeader(253)) - f15c9da4-41cd-4d3b-befd-f91bd6a8ef15@group-F8CA2A8A543E: change Leader from null to f15c9da4-41cd-4d3b-befd-f91bd6a8ef15 at term 1 for becomeLeader, leader elected after 5017ms
2019-09-25 05:54:14,470 [a8d2df02-a9dc-4b60-9eec-a53a711ba1ae@group-9215915B0A34:LeaderElection41] INFO  impl.RaftServerImpl (RaftServerImpl.java:setRole(174)) - a8d2df02-a9dc-4b60-9eec-a53a711ba1ae@group-9215915B0A34: changes role from CANDIDATE to LEADER at term 1 for changeToLeader
2019-09-25 05:54:14,470 [22638597-b9ac-42fc-8d80-a8fc15613fc1@group-C733706EEF9E:LeaderElection40] INFO  impl.RaftServerImpl (RaftServerImpl.java:setRole(174)) - 22638597-b9ac-42fc-8d80-a8fc15613fc1@group-C733706EEF9E: changes role from CANDIDATE to LEADER at term 1 for changeToLeader
2019-09-25 05:54:14,471 [a8d2df02-a9dc-4b60-9eec-a53a711ba1ae@group-9215915B0A34:LeaderElection41] INFO  impl.RaftServerImpl (ServerState.java:setLeader(253)) - a8d2df02-a9dc-4b60-9eec-a53a711ba1ae@group-9215915B0A34: change Leader from null to a8d2df02-a9dc-4b60-9eec-a53a711ba1ae at term 1 for becomeLeader, leader elected after 5066ms
2019-09-25 05:54:14,471 [f15c9da4-41cd-4d3b-befd-f91bd6a8ef15@group-F8CA2A8A543E:LeaderElection42] INFO  server.RaftServerConfigKeys (ConfUtils.java:logGet(43)) - raft.server.staging.catchup.gap = 1000 (default)
2019-09-25 05:54:14,471 [a8d2df02-a9dc-4b60-9eec-a53a711ba1ae@group-9215915B0A34:LeaderElection41] INFO  server.RaftServerConfigKeys (ConfUtils.java:logGet(43)) - raft.server.staging.catchup.gap = 1000 (default)
2019-09-25 05:54:14,471 [22638597-b9ac-42fc-8d80-a8fc15613fc1@group-C733706EEF9E:LeaderElection40] INFO  impl.RaftServerImpl (ServerState.java:setLeader(253)) - 22638597-b9ac-42fc-8d80-a8fc15613fc1@group-C733706EEF9E: change Leader from null to 22638597-b9ac-42fc-8d80-a8fc15613fc1 at term 1 for becomeLeader, leader elected after 5149ms
2019-09-25 05:54:14,471 [a8d2df02-a9dc-4b60-9eec-a53a711ba1ae@group-9215915B0A34:LeaderElection41] INFO  server.RaftServerConfigKeys (ConfUtils.java:logGet(43)) - raft.server.rpc.sleep.time = 25ms (default)
2019-09-25 05:54:14,471 [f15c9da4-41cd-4d3b-befd-f91bd6a8ef15@group-F8CA2A8A543E:LeaderElection42] INFO  server.RaftServerConfigKeys (ConfUtils.java:logGet(43)) - raft.server.rpc.sleep.time = 25ms (default)
2019-09-25 05:54:14,472 [a8d2df02-a9dc-4b60-9eec-a53a711ba1ae@group-9215915B0A34:LeaderElection41] INFO  server.RaftServerConfigKeys (ConfUtils.java:logGet(43)) - raft.server.write.element-limit = 4096 (default)
2019-09-25 05:54:14,471 [22638597-b9ac-42fc-8d80-a8fc15613fc1@group-C733706EEF9E:LeaderElection40] INFO  server.RaftServerConfigKeys (ConfUtils.java:logGet(43)) - raft.server.staging.catchup.gap = 1000 (default)
2019-09-25 05:54:14,472 [a8d2df02-a9dc-4b60-9eec-a53a711ba1ae@group-9215915B0A34:LeaderElection41] INFO  server.RaftServerConfigKeys (ConfUtils.java:logGet(43)) - raft.server.watch.timeout = 10s (default)
2019-09-25 05:54:14,472 [f15c9da4-41cd-4d3b-befd-f91bd6a8ef15@group-F8CA2A8A543E:LeaderElection42] INFO  server.RaftServerConfigKeys (ConfUtils.java:logGet(43)) - raft.server.write.element-limit = 4096 (default)
2019-09-25 05:54:14,472 [a8d2df02-a9dc-4b60-9eec-a53a711ba1ae@group-9215915B0A34:LeaderElection41] INFO  server.RaftServerConfigKeys (ConfUtils.java:logGet(43)) - raft.server.watch.timeout.denomination = 1s (default)
2019-09-25 05:54:14,472 [22638597-b9ac-42fc-8d80-a8fc15613fc1@group-C733706EEF9E:LeaderElection40] INFO  server.RaftServerConfigKeys (ConfUtils.java:logGet(43)) - raft.server.rpc.sleep.time = 25ms (default)
2019-09-25 05:54:14,472 [a8d2df02-a9dc-4b60-9eec-a53a711ba1ae@group-9215915B0A34:LeaderElection41] INFO  server.RaftServerConfigKeys (ConfUtils.java:logGet(43)) - raft.server.watch.element-limit = 65536 (default)
2019-09-25 05:54:14,472 [f15c9da4-41cd-4d3b-befd-f91bd6a8ef15@group-F8CA2A8A543E:LeaderElection42] INFO  server.RaftServerConfigKeys (ConfUtils.java:logGet(43)) - raft.server.watch.timeout = 10s (default)
2019-09-25 05:54:14,473 [22638597-b9ac-42fc-8d80-a8fc15613fc1@group-C733706EEF9E:LeaderElection40] INFO  server.RaftServerConfigKeys (ConfUtils.java:logGet(43)) - raft.server.write.element-limit = 4096 (default)
2019-09-25 05:54:14,473 [f15c9da4-41cd-4d3b-befd-f91bd6a8ef15@group-F8CA2A8A543E:LeaderElection42] INFO  server.RaftServerConfigKeys (ConfUtils.java:logGet(43)) - raft.server.watch.timeout.denomination = 1s (default)
2019-09-25 05:54:14,473 [22638597-b9ac-42fc-8d80-a8fc15613fc1@group-C733706EEF9E:LeaderElection40] INFO  server.RaftServerConfigKeys (ConfUtils.java:logGet(43)) - raft.server.watch.timeout = 10s (default)
2019-09-25 05:54:14,473 [f15c9da4-41cd-4d3b-befd-f91bd6a8ef15@group-F8CA2A8A543E:LeaderElection42] INFO  server.RaftServerConfigKeys (ConfUtils.java:logGet(43)) - raft.server.watch.element-limit = 65536 (default)
2019-09-25 05:54:14,473 [22638597-b9ac-42fc-8d80-a8fc15613fc1@group-C733706EEF9E:LeaderElection40] INFO  server.RaftServerConfigKeys (ConfUtils.java:logGet(43)) - raft.server.watch.timeout.denomination = 1s (default)
2019-09-25 05:54:14,474 [22638597-b9ac-42fc-8d80-a8fc15613fc1@group-C733706EEF9E:LeaderElection40] INFO  server.RaftServerConfigKeys (ConfUtils.java:logGet(43)) - raft.server.watch.element-limit = 65536 (default)
2019-09-25 05:54:14,476 [a8d2df02-a9dc-4b60-9eec-a53a711ba1ae@group-9215915B0A34:LeaderElection41] INFO  impl.RoleInfo (RoleInfo.java:updateAndGet(143)) - a8d2df02-a9dc-4b60-9eec-a53a711ba1ae: start LeaderState
2019-09-25 05:54:14,476 [a8d2df02-a9dc-4b60-9eec-a53a711ba1ae@group-9215915B0A34:LeaderElection41] INFO  segmented.SegmentedRaftLogWorker (SegmentedRaftLogWorker.java:startLogSegment(380)) - a8d2df02-a9dc-4b60-9eec-a53a711ba1ae@group-9215915B0A34-SegmentedRaftLogWorker: Starting segment from index:0
2019-09-25 05:54:14,476 [a8d2df02-a9dc-4b60-9eec-a53a711ba1ae@group-9215915B0A34:LeaderElection41] INFO  impl.RaftServerImpl (ServerState.java:setRaftConf(354)) - a8d2df02-a9dc-4b60-9eec-a53a711ba1ae@group-9215915B0A34: set configuration 0: [a8d2df02-a9dc-4b60-9eec-a53a711ba1ae:192.168.5.161:45141], old=null at 0
2019-09-25 05:54:14,512 [22638597-b9ac-42fc-8d80-a8fc15613fc1@group-C733706EEF9E:LeaderElection40] INFO  impl.RoleInfo (RoleInfo.java:updateAndGet(143)) - 22638597-b9ac-42fc-8d80-a8fc15613fc1: start LeaderState
2019-09-25 05:54:14,513 [f15c9da4-41cd-4d3b-befd-f91bd6a8ef15@group-F8CA2A8A543E:LeaderElection42] INFO  impl.RoleInfo (RoleInfo.java:updateAndGet(143)) - f15c9da4-41cd-4d3b-befd-f91bd6a8ef15: start LeaderState
2019-09-25 05:54:14,513 [22638597-b9ac-42fc-8d80-a8fc15613fc1@group-C733706EEF9E:LeaderElection40] INFO  segmented.SegmentedRaftLogWorker (SegmentedRaftLogWorker.java:startLogSegment(380)) - 22638597-b9ac-42fc-8d80-a8fc15613fc1@group-C733706EEF9E-SegmentedRaftLogWorker: Starting segment from index:0
2019-09-25 05:54:14,513 [f15c9da4-41cd-4d3b-befd-f91bd6a8ef15@group-F8CA2A8A543E:LeaderElection42] INFO  segmented.SegmentedRaftLogWorker (SegmentedRaftLogWorker.java:startLogSegment(380)) - f15c9da4-41cd-4d3b-befd-f91bd6a8ef15@group-F8CA2A8A543E-SegmentedRaftLogWorker: Starting segment from index:0
2019-09-25 05:54:14,513 [22638597-b9ac-42fc-8d80-a8fc15613fc1@group-C733706EEF9E:LeaderElection40] INFO  impl.RaftServerImpl (ServerState.java:setRaftConf(354)) - 22638597-b9ac-42fc-8d80-a8fc15613fc1@group-C733706EEF9E: set configuration 0: [22638597-b9ac-42fc-8d80-a8fc15613fc1:192.168.5.161:38615], old=null at 0
2019-09-25 05:54:14,514 [f15c9da4-41cd-4d3b-befd-f91bd6a8ef15@group-F8CA2A8A543E:LeaderElection42] INFO  impl.RaftServerImpl (ServerState.java:setRaftConf(354)) - f15c9da4-41cd-4d3b-befd-f91bd6a8ef15@group-F8CA2A8A543E: set configuration 0: [f15c9da4-41cd-4d3b-befd-f91bd6a8ef15:192.168.5.161:37814], old=null at 0
2019-09-25 05:54:14,523 [a8d2df02-a9dc-4b60-9eec-a53a711ba1ae@group-9215915B0A34-SegmentedRaftLogWorker] INFO  segmented.SegmentedRaftLogWorker (SegmentedRaftLogWorker.java:execute(569)) - a8d2df02-a9dc-4b60-9eec-a53a711ba1ae@group-9215915B0A34-SegmentedRaftLogWorker: created new log segment /workdir/hadoop-ozone/ozonefs/target/test-dir/MiniOzoneClusterImpl-a7a48124-c188-483e-b9a9-787dfdcc7198/datanode-4/data/ratis/ad4bbbb6-3c36-4e7b-87b8-9215915b0a34/current/log_inprogress_0
2019-09-25 05:54:14,557 [22638597-b9ac-42fc-8d80-a8fc15613fc1@group-C733706EEF9E-SegmentedRaftLogWorker] INFO  segmented.SegmentedRaftLogWorker (SegmentedRaftLogWorker.java:execute(569)) - 22638597-b9ac-42fc-8d80-a8fc15613fc1@group-C733706EEF9E-SegmentedRaftLogWorker: created new log segment /workdir/hadoop-ozone/ozonefs/target/test-dir/MiniOzoneClusterImpl-a7a48124-c188-483e-b9a9-787dfdcc7198/datanode-2/data/ratis/53916f80-f022-4313-b366-c733706eef9e/current/log_inprogress_0
2019-09-25 05:54:14,557 [f15c9da4-41cd-4d3b-befd-f91bd6a8ef15@group-F8CA2A8A543E-SegmentedRaftLogWorker] INFO  segmented.SegmentedRaftLogWorker (SegmentedRaftLogWorker.java:execute(569)) - f15c9da4-41cd-4d3b-befd-f91bd6a8ef15@group-F8CA2A8A543E-SegmentedRaftLogWorker: created new log segment /workdir/hadoop-ozone/ozonefs/target/test-dir/MiniOzoneClusterImpl-a7a48124-c188-483e-b9a9-787dfdcc7198/datanode-1/data/ratis/794690e0-1717-4d48-abe5-f8ca2a8a543e/current/log_inprogress_0
2019-09-25 05:54:14,595 [Thread-417] INFO  impl.FollowerState (FollowerState.java:run(106)) - 58f3e057-a7b1-43f9-accd-a9f9efdb249b:group-A045CE8EE7F9 changes to CANDIDATE, lastRpcTime:5077, electionTimeout:5077ms
2019-09-25 05:54:14,595 [Thread-417] INFO  impl.RoleInfo (RoleInfo.java:shutdownFollowerState(121)) - 58f3e057-a7b1-43f9-accd-a9f9efdb249b: shutdown FollowerState
2019-09-25 05:54:14,595 [Thread-417] INFO  impl.RaftServerImpl (RaftServerImpl.java:setRole(174)) - 58f3e057-a7b1-43f9-accd-a9f9efdb249b@group-A045CE8EE7F9: changes role from  FOLLOWER to CANDIDATE at term 0 for changeToCandidate
2019-09-25 05:54:14,596 [Thread-417] INFO  impl.RoleInfo (RoleInfo.java:updateAndGet(143)) - 58f3e057-a7b1-43f9-accd-a9f9efdb249b: start LeaderElection
2019-09-25 05:54:14,609 [58f3e057-a7b1-43f9-accd-a9f9efdb249b@group-A045CE8EE7F9:LeaderElection43] INFO  impl.LeaderElection (LeaderElection.java:askForVotes(182)) - 58f3e057-a7b1-43f9-accd-a9f9efdb249b@group-A045CE8EE7F9:LeaderElection43: begin an election at term 1 for -1: [58f3e057-a7b1-43f9-accd-a9f9efdb249b:192.168.5.161:39965], old=null
2019-09-25 05:54:14,610 [58f3e057-a7b1-43f9-accd-a9f9efdb249b@group-A045CE8EE7F9:LeaderElection43] INFO  impl.RoleInfo (RoleInfo.java:shutdownLeaderElection(134)) - 58f3e057-a7b1-43f9-accd-a9f9efdb249b: shutdown LeaderElection
2019-09-25 05:54:14,610 [58f3e057-a7b1-43f9-accd-a9f9efdb249b@group-A045CE8EE7F9:LeaderElection43] INFO  impl.RaftServerImpl (RaftServerImpl.java:setRole(174)) - 58f3e057-a7b1-43f9-accd-a9f9efdb249b@group-A045CE8EE7F9: changes role from CANDIDATE to LEADER at term 1 for changeToLeader
2019-09-25 05:54:14,610 [58f3e057-a7b1-43f9-accd-a9f9efdb249b@group-A045CE8EE7F9:LeaderElection43] INFO  impl.RaftServerImpl (ServerState.java:setLeader(253)) - 58f3e057-a7b1-43f9-accd-a9f9efdb249b@group-A045CE8EE7F9: change Leader from null to 58f3e057-a7b1-43f9-accd-a9f9efdb249b at term 1 for becomeLeader, leader elected after 5099ms
2019-09-25 05:54:14,610 [58f3e057-a7b1-43f9-accd-a9f9efdb249b@group-A045CE8EE7F9:LeaderElection43] INFO  server.RaftServerConfigKeys (ConfUtils.java:logGet(43)) - raft.server.staging.catchup.gap = 1000 (default)
2019-09-25 05:54:14,611 [58f3e057-a7b1-43f9-accd-a9f9efdb249b@group-A045CE8EE7F9:LeaderElection43] INFO  server.RaftServerConfigKeys (ConfUtils.java:logGet(43)) - raft.server.rpc.sleep.time = 25ms (default)
2019-09-25 05:54:14,611 [58f3e057-a7b1-43f9-accd-a9f9efdb249b@group-A045CE8EE7F9:LeaderElection43] INFO  server.RaftServerConfigKeys (ConfUtils.java:logGet(43)) - raft.server.write.element-limit = 4096 (default)
2019-09-25 05:54:14,611 [58f3e057-a7b1-43f9-accd-a9f9efdb249b@group-A045CE8EE7F9:LeaderElection43] INFO  server.RaftServerConfigKeys (ConfUtils.java:logGet(43)) - raft.server.watch.timeout = 10s (default)
2019-09-25 05:54:14,611 [58f3e057-a7b1-43f9-accd-a9f9efdb249b@group-A045CE8EE7F9:LeaderElection43] INFO  server.RaftServerConfigKeys (ConfUtils.java:logGet(43)) - raft.server.watch.timeout.denomination = 1s (default)
2019-09-25 05:54:14,611 [58f3e057-a7b1-43f9-accd-a9f9efdb249b@group-A045CE8EE7F9:LeaderElection43] INFO  server.RaftServerConfigKeys (ConfUtils.java:logGet(43)) - raft.server.watch.element-limit = 65536 (default)
2019-09-25 05:54:14,615 [58f3e057-a7b1-43f9-accd-a9f9efdb249b@group-A045CE8EE7F9:LeaderElection43] INFO  impl.RoleInfo (RoleInfo.java:updateAndGet(143)) - 58f3e057-a7b1-43f9-accd-a9f9efdb249b: start LeaderState
2019-09-25 05:54:14,616 [58f3e057-a7b1-43f9-accd-a9f9efdb249b@group-A045CE8EE7F9:LeaderElection43] INFO  segmented.SegmentedRaftLogWorker (SegmentedRaftLogWorker.java:startLogSegment(380)) - 58f3e057-a7b1-43f9-accd-a9f9efdb249b@group-A045CE8EE7F9-SegmentedRaftLogWorker: Starting segment from index:0
2019-09-25 05:54:14,616 [58f3e057-a7b1-43f9-accd-a9f9efdb249b@group-A045CE8EE7F9:LeaderElection43] INFO  impl.RaftServerImpl (ServerState.java:setRaftConf(354)) - 58f3e057-a7b1-43f9-accd-a9f9efdb249b@group-A045CE8EE7F9: set configuration 0: [58f3e057-a7b1-43f9-accd-a9f9efdb249b:192.168.5.161:39965], old=null at 0
2019-09-25 05:54:14,665 [58f3e057-a7b1-43f9-accd-a9f9efdb249b@group-A045CE8EE7F9-SegmentedRaftLogWorker] INFO  segmented.SegmentedRaftLogWorker (SegmentedRaftLogWorker.java:execute(569)) - 58f3e057-a7b1-43f9-accd-a9f9efdb249b@group-A045CE8EE7F9-SegmentedRaftLogWorker: created new log segment /workdir/hadoop-ozone/ozonefs/target/test-dir/MiniOzoneClusterImpl-a7a48124-c188-483e-b9a9-787dfdcc7198/datanode-8/data/ratis/3e0caa27-f7f4-4a9e-a890-a045ce8ee7f9/current/log_inprogress_0
2019-09-25 05:54:14,687 [Thread-423] INFO  impl.FollowerState (FollowerState.java:run(106)) - a8d2df02-a9dc-4b60-9eec-a53a711ba1ae:group-C532B179C49B changes to CANDIDATE, lastRpcTime:5077, electionTimeout:5077ms
2019-09-25 05:54:14,688 [Thread-423] INFO  impl.RoleInfo (RoleInfo.java:shutdownFollowerState(121)) - a8d2df02-a9dc-4b60-9eec-a53a711ba1ae: shutdown FollowerState
2019-09-25 05:54:14,688 [Thread-423] INFO  impl.RaftServerImpl (RaftServerImpl.java:setRole(174)) - a8d2df02-a9dc-4b60-9eec-a53a711ba1ae@group-C532B179C49B: changes role from  FOLLOWER to CANDIDATE at term 0 for changeToCandidate
2019-09-25 05:54:14,688 [Thread-423] INFO  impl.RoleInfo (RoleInfo.java:updateAndGet(143)) - a8d2df02-a9dc-4b60-9eec-a53a711ba1ae: start LeaderElection
2019-09-25 05:54:14,690 [Thread-420] INFO  impl.FollowerState (FollowerState.java:run(106)) - 22638597-b9ac-42fc-8d80-a8fc15613fc1:group-52E4F7F8DBC3 changes to CANDIDATE, lastRpcTime:5127, electionTimeout:5127ms
2019-09-25 05:54:14,690 [Thread-420] INFO  impl.RoleInfo (RoleInfo.java:shutdownFollowerState(121)) - 22638597-b9ac-42fc-8d80-a8fc15613fc1: shutdown FollowerState
2019-09-25 05:54:14,691 [Thread-420] INFO  impl.RaftServerImpl (RaftServerImpl.java:setRole(174)) - 22638597-b9ac-42fc-8d80-a8fc15613fc1@group-52E4F7F8DBC3: changes role from  FOLLOWER to CANDIDATE at term 0 for changeToCandidate
2019-09-25 05:54:14,691 [Thread-420] INFO  impl.RoleInfo (RoleInfo.java:updateAndGet(143)) - 22638597-b9ac-42fc-8d80-a8fc15613fc1: start LeaderElection
2019-09-25 05:54:14,703 [22638597-b9ac-42fc-8d80-a8fc15613fc1@group-52E4F7F8DBC3:LeaderElection45] INFO  impl.LeaderElection (LeaderElection.java:askForVotes(182)) - 22638597-b9ac-42fc-8d80-a8fc15613fc1@group-52E4F7F8DBC3:LeaderElection45: begin an election at term 1 for -1: [22638597-b9ac-42fc-8d80-a8fc15613fc1:192.168.5.161:38615], old=null
2019-09-25 05:54:14,703 [a8d2df02-a9dc-4b60-9eec-a53a711ba1ae@group-C532B179C49B:LeaderElection44] INFO  impl.LeaderElection (LeaderElection.java:askForVotes(182)) - a8d2df02-a9dc-4b60-9eec-a53a711ba1ae@group-C532B179C49B:LeaderElection44: begin an election at term 1 for -1: [a8d2df02-a9dc-4b60-9eec-a53a711ba1ae:192.168.5.161:45141], old=null
2019-09-25 05:54:14,703 [22638597-b9ac-42fc-8d80-a8fc15613fc1@group-52E4F7F8DBC3:LeaderElection45] INFO  impl.RoleInfo (RoleInfo.java:shutdownLeaderElection(134)) - 22638597-b9ac-42fc-8d80-a8fc15613fc1: shutdown LeaderElection
2019-09-25 05:54:14,704 [a8d2df02-a9dc-4b60-9eec-a53a711ba1ae@group-C532B179C49B:LeaderElection44] INFO  impl.RoleInfo (RoleInfo.java:shutdownLeaderElection(134)) - a8d2df02-a9dc-4b60-9eec-a53a711ba1ae: shutdown LeaderElection
2019-09-25 05:54:14,704 [22638597-b9ac-42fc-8d80-a8fc15613fc1@group-52E4F7F8DBC3:LeaderElection45] INFO  impl.RaftServerImpl (RaftServerImpl.java:setRole(174)) - 22638597-b9ac-42fc-8d80-a8fc15613fc1@group-52E4F7F8DBC3: changes role from CANDIDATE to LEADER at term 1 for changeToLeader
2019-09-25 05:54:14,704 [a8d2df02-a9dc-4b60-9eec-a53a711ba1ae@group-C532B179C49B:LeaderElection44] INFO  impl.RaftServerImpl (RaftServerImpl.java:setRole(174)) - a8d2df02-a9dc-4b60-9eec-a53a711ba1ae@group-C532B179C49B: changes role from CANDIDATE to LEADER at term 1 for changeToLeader
2019-09-25 05:54:14,704 [22638597-b9ac-42fc-8d80-a8fc15613fc1@group-52E4F7F8DBC3:LeaderElection45] INFO  impl.RaftServerImpl (ServerState.java:setLeader(253)) - 22638597-b9ac-42fc-8d80-a8fc15613fc1@group-52E4F7F8DBC3: change Leader from null to 22638597-b9ac-42fc-8d80-a8fc15613fc1 at term 1 for becomeLeader, leader elected after 5148ms
2019-09-25 05:54:14,704 [a8d2df02-a9dc-4b60-9eec-a53a711ba1ae@group-C532B179C49B:LeaderElection44] INFO  impl.RaftServerImpl (ServerState.java:setLeader(253)) - a8d2df02-a9dc-4b60-9eec-a53a711ba1ae@group-C532B179C49B: change Leader from null to a8d2df02-a9dc-4b60-9eec-a53a711ba1ae at term 1 for becomeLeader, leader elected after 5102ms
2019-09-25 05:54:14,704 [22638597-b9ac-42fc-8d80-a8fc15613fc1@group-52E4F7F8DBC3:LeaderElection45] INFO  server.RaftServerConfigKeys (ConfUtils.java:logGet(43)) - raft.server.staging.catchup.gap = 1000 (default)
2019-09-25 05:54:14,704 [a8d2df02-a9dc-4b60-9eec-a53a711ba1ae@group-C532B179C49B:LeaderElection44] INFO  server.RaftServerConfigKeys (ConfUtils.java:logGet(43)) - raft.server.staging.catchup.gap = 1000 (default)
2019-09-25 05:54:14,705 [22638597-b9ac-42fc-8d80-a8fc15613fc1@group-52E4F7F8DBC3:LeaderElection45] INFO  server.RaftServerConfigKeys (ConfUtils.java:logGet(43)) - raft.server.rpc.sleep.time = 25ms (default)
2019-09-25 05:54:14,705 [a8d2df02-a9dc-4b60-9eec-a53a711ba1ae@group-C532B179C49B:LeaderElection44] INFO  server.RaftServerConfigKeys (ConfUtils.java:logGet(43)) - raft.server.rpc.sleep.time = 25ms (default)
2019-09-25 05:54:14,705 [22638597-b9ac-42fc-8d80-a8fc15613fc1@group-52E4F7F8DBC3:LeaderElection45] INFO  server.RaftServerConfigKeys (ConfUtils.java:logGet(43)) - raft.server.write.element-limit = 4096 (default)
2019-09-25 05:54:14,705 [a8d2df02-a9dc-4b60-9eec-a53a711ba1ae@group-C532B179C49B:LeaderElection44] INFO  server.RaftServerConfigKeys (ConfUtils.java:logGet(43)) - raft.server.write.element-limit = 4096 (default)
2019-09-25 05:54:14,705 [22638597-b9ac-42fc-8d80-a8fc15613fc1@group-52E4F7F8DBC3:LeaderElection45] INFO  server.RaftServerConfigKeys (ConfUtils.java:logGet(43)) - raft.server.watch.timeout = 10s (default)
2019-09-25 05:54:14,705 [a8d2df02-a9dc-4b60-9eec-a53a711ba1ae@group-C532B179C49B:LeaderElection44] INFO  server.RaftServerConfigKeys (ConfUtils.java:logGet(43)) - raft.server.watch.timeout = 10s (default)
2019-09-25 05:54:14,705 [22638597-b9ac-42fc-8d80-a8fc15613fc1@group-52E4F7F8DBC3:LeaderElection45] INFO  server.RaftServerConfigKeys (ConfUtils.java:logGet(43)) - raft.server.watch.timeout.denomination = 1s (default)
2019-09-25 05:54:14,706 [a8d2df02-a9dc-4b60-9eec-a53a711ba1ae@group-C532B179C49B:LeaderElection44] INFO  server.RaftServerConfigKeys (ConfUtils.java:logGet(43)) - raft.server.watch.timeout.denomination = 1s (default)
2019-09-25 05:54:14,706 [22638597-b9ac-42fc-8d80-a8fc15613fc1@group-52E4F7F8DBC3:LeaderElection45] INFO  server.RaftServerConfigKeys (ConfUtils.java:logGet(43)) - raft.server.watch.element-limit = 65536 (default)
2019-09-25 05:54:14,706 [a8d2df02-a9dc-4b60-9eec-a53a711ba1ae@group-C532B179C49B:LeaderElection44] INFO  server.RaftServerConfigKeys (ConfUtils.java:logGet(43)) - raft.server.watch.element-limit = 65536 (default)
2019-09-25 05:54:14,710 [22638597-b9ac-42fc-8d80-a8fc15613fc1@group-52E4F7F8DBC3:LeaderElection45] INFO  impl.RoleInfo (RoleInfo.java:updateAndGet(143)) - 22638597-b9ac-42fc-8d80-a8fc15613fc1: start LeaderState
2019-09-25 05:54:14,711 [a8d2df02-a9dc-4b60-9eec-a53a711ba1ae@group-C532B179C49B:LeaderElection44] INFO  impl.RoleInfo (RoleInfo.java:updateAndGet(143)) - a8d2df02-a9dc-4b60-9eec-a53a711ba1ae: start LeaderState
2019-09-25 05:54:14,711 [22638597-b9ac-42fc-8d80-a8fc15613fc1@group-52E4F7F8DBC3:LeaderElection45] INFO  segmented.SegmentedRaftLogWorker (SegmentedRaftLogWorker.java:startLogSegment(380)) - 22638597-b9ac-42fc-8d80-a8fc15613fc1@group-52E4F7F8DBC3-SegmentedRaftLogWorker: Starting segment from index:0
2019-09-25 05:54:14,711 [a8d2df02-a9dc-4b60-9eec-a53a711ba1ae@group-C532B179C49B:LeaderElection44] INFO  segmented.SegmentedRaftLogWorker (SegmentedRaftLogWorker.java:startLogSegment(380)) - a8d2df02-a9dc-4b60-9eec-a53a711ba1ae@group-C532B179C49B-SegmentedRaftLogWorker: Starting segment from index:0
2019-09-25 05:54:14,711 [22638597-b9ac-42fc-8d80-a8fc15613fc1@group-52E4F7F8DBC3:LeaderElection45] INFO  impl.RaftServerImpl (ServerState.java:setRaftConf(354)) - 22638597-b9ac-42fc-8d80-a8fc15613fc1@group-52E4F7F8DBC3: set configuration 0: [22638597-b9ac-42fc-8d80-a8fc15613fc1:192.168.5.161:38615], old=null at 0
2019-09-25 05:54:14,712 [a8d2df02-a9dc-4b60-9eec-a53a711ba1ae@group-C532B179C49B:LeaderElection44] INFO  impl.RaftServerImpl (ServerState.java:setRaftConf(354)) - a8d2df02-a9dc-4b60-9eec-a53a711ba1ae@group-C532B179C49B: set configuration 0: [a8d2df02-a9dc-4b60-9eec-a53a711ba1ae:192.168.5.161:45141], old=null at 0
2019-09-25 05:54:14,745 [Thread-426] INFO  impl.FollowerState (FollowerState.java:run(106)) - 042645b7-d9e3-44d6-a86c-5222fd8d5aba:group-B9450849D1B5 changes to CANDIDATE, lastRpcTime:5090, electionTimeout:5090ms
2019-09-25 05:54:14,745 [Thread-426] INFO  impl.RoleInfo (RoleInfo.java:shutdownFollowerState(121)) - 042645b7-d9e3-44d6-a86c-5222fd8d5aba: shutdown FollowerState
2019-09-25 05:54:14,745 [Thread-426] INFO  impl.RaftServerImpl (RaftServerImpl.java:setRole(174)) - 042645b7-d9e3-44d6-a86c-5222fd8d5aba@group-B9450849D1B5: changes role from  FOLLOWER to CANDIDATE at term 0 for changeToCandidate
2019-09-25 05:54:14,746 [Thread-426] INFO  impl.RoleInfo (RoleInfo.java:updateAndGet(143)) - 042645b7-d9e3-44d6-a86c-5222fd8d5aba: start LeaderElection
2019-09-25 05:54:14,760 [22638597-b9ac-42fc-8d80-a8fc15613fc1@group-52E4F7F8DBC3-SegmentedRaftLogWorker] INFO  segmented.SegmentedRaftLogWorker (SegmentedRaftLogWorker.java:execute(569)) - 22638597-b9ac-42fc-8d80-a8fc15613fc1@group-52E4F7F8DBC3-SegmentedRaftLogWorker: created new log segment /workdir/hadoop-ozone/ozonefs/target/test-dir/MiniOzoneClusterImpl-a7a48124-c188-483e-b9a9-787dfdcc7198/datanode-2/data/ratis/6226c527-fcb2-46b9-80b6-52e4f7f8dbc3/current/log_inprogress_0
2019-09-25 05:54:14,760 [042645b7-d9e3-44d6-a86c-5222fd8d5aba@group-B9450849D1B5:LeaderElection46] INFO  impl.LeaderElection (LeaderElection.java:askForVotes(182)) - 042645b7-d9e3-44d6-a86c-5222fd8d5aba@group-B9450849D1B5:LeaderElection46: begin an election at term 1 for -1: [042645b7-d9e3-44d6-a86c-5222fd8d5aba:192.168.5.161:35465], old=null
2019-09-25 05:54:14,760 [042645b7-d9e3-44d6-a86c-5222fd8d5aba@group-B9450849D1B5:LeaderElection46] INFO  impl.RoleInfo (RoleInfo.java:shutdownLeaderElection(134)) - 042645b7-d9e3-44d6-a86c-5222fd8d5aba: shutdown LeaderElection
2019-09-25 05:54:14,760 [042645b7-d9e3-44d6-a86c-5222fd8d5aba@group-B9450849D1B5:LeaderElection46] INFO  impl.RaftServerImpl (RaftServerImpl.java:setRole(174)) - 042645b7-d9e3-44d6-a86c-5222fd8d5aba@group-B9450849D1B5: changes role from CANDIDATE to LEADER at term 1 for changeToLeader
2019-09-25 05:54:14,761 [042645b7-d9e3-44d6-a86c-5222fd8d5aba@group-B9450849D1B5:LeaderElection46] INFO  impl.RaftServerImpl (ServerState.java:setLeader(253)) - 042645b7-d9e3-44d6-a86c-5222fd8d5aba@group-B9450849D1B5: change Leader from null to 042645b7-d9e3-44d6-a86c-5222fd8d5aba at term 1 for becomeLeader, leader elected after 5113ms
2019-09-25 05:54:14,761 [042645b7-d9e3-44d6-a86c-5222fd8d5aba@group-B9450849D1B5:LeaderElection46] INFO  server.RaftServerConfigKeys (ConfUtils.java:logGet(43)) - raft.server.staging.catchup.gap = 1000 (default)
2019-09-25 05:54:14,761 [042645b7-d9e3-44d6-a86c-5222fd8d5aba@group-B9450849D1B5:LeaderElection46] INFO  server.RaftServerConfigKeys (ConfUtils.java:logGet(43)) - raft.server.rpc.sleep.time = 25ms (default)
2019-09-25 05:54:14,761 [042645b7-d9e3-44d6-a86c-5222fd8d5aba@group-B9450849D1B5:LeaderElection46] INFO  server.RaftServerConfigKeys (ConfUtils.java:logGet(43)) - raft.server.write.element-limit = 4096 (default)
2019-09-25 05:54:14,761 [042645b7-d9e3-44d6-a86c-5222fd8d5aba@group-B9450849D1B5:LeaderElection46] INFO  server.RaftServerConfigKeys (ConfUtils.java:logGet(43)) - raft.server.watch.timeout = 10s (default)
2019-09-25 05:54:14,761 [042645b7-d9e3-44d6-a86c-5222fd8d5aba@group-B9450849D1B5:LeaderElection46] INFO  server.RaftServerConfigKeys (ConfUtils.java:logGet(43)) - raft.server.watch.timeout.denomination = 1s (default)
2019-09-25 05:54:14,761 [042645b7-d9e3-44d6-a86c-5222fd8d5aba@group-B9450849D1B5:LeaderElection46] INFO  server.RaftServerConfigKeys (ConfUtils.java:logGet(43)) - raft.server.watch.element-limit = 65536 (default)
2019-09-25 05:54:14,763 [042645b7-d9e3-44d6-a86c-5222fd8d5aba@group-B9450849D1B5:LeaderElection46] INFO  impl.RoleInfo (RoleInfo.java:updateAndGet(143)) - 042645b7-d9e3-44d6-a86c-5222fd8d5aba: start LeaderState
2019-09-25 05:54:14,764 [042645b7-d9e3-44d6-a86c-5222fd8d5aba@group-B9450849D1B5:LeaderElection46] INFO  segmented.SegmentedRaftLogWorker (SegmentedRaftLogWorker.java:startLogSegment(380)) - 042645b7-d9e3-44d6-a86c-5222fd8d5aba@group-B9450849D1B5-SegmentedRaftLogWorker: Starting segment from index:0
2019-09-25 05:54:14,764 [042645b7-d9e3-44d6-a86c-5222fd8d5aba@group-B9450849D1B5:LeaderElection46] INFO  impl.RaftServerImpl (ServerState.java:setRaftConf(354)) - 042645b7-d9e3-44d6-a86c-5222fd8d5aba@group-B9450849D1B5: set configuration 0: [042645b7-d9e3-44d6-a86c-5222fd8d5aba:192.168.5.161:35465], old=null at 0
2019-09-25 05:54:14,773 [a8d2df02-a9dc-4b60-9eec-a53a711ba1ae@group-C532B179C49B-SegmentedRaftLogWorker] INFO  segmented.SegmentedRaftLogWorker (SegmentedRaftLogWorker.java:execute(569)) - a8d2df02-a9dc-4b60-9eec-a53a711ba1ae@group-C532B179C49B-SegmentedRaftLogWorker: created new log segment /workdir/hadoop-ozone/ozonefs/target/test-dir/MiniOzoneClusterImpl-a7a48124-c188-483e-b9a9-787dfdcc7198/datanode-4/data/ratis/4b774435-0ba7-41c2-b302-c532b179c49b/current/log_inprogress_0
2019-09-25 05:54:14,810 [042645b7-d9e3-44d6-a86c-5222fd8d5aba@group-B9450849D1B5-SegmentedRaftLogWorker] INFO  segmented.SegmentedRaftLogWorker (SegmentedRaftLogWorker.java:execute(569)) - 042645b7-d9e3-44d6-a86c-5222fd8d5aba@group-B9450849D1B5-SegmentedRaftLogWorker: created new log segment /workdir/hadoop-ozone/ozonefs/target/test-dir/MiniOzoneClusterImpl-a7a48124-c188-483e-b9a9-787dfdcc7198/datanode-6/data/ratis/2352733d-b657-4b68-96b2-b9450849d1b5/current/log_inprogress_0
2019-09-25 05:54:14,830 [Thread-429] INFO  impl.FollowerState (FollowerState.java:run(106)) - 042645b7-d9e3-44d6-a86c-5222fd8d5aba:group-C1CE2E9282CC changes to CANDIDATE, lastRpcTime:5130, electionTimeout:5130ms
2019-09-25 05:54:14,831 [Thread-429] INFO  impl.RoleInfo (RoleInfo.java:shutdownFollowerState(121)) - 042645b7-d9e3-44d6-a86c-5222fd8d5aba: shutdown FollowerState
2019-09-25 05:54:14,831 [Thread-429] INFO  impl.RaftServerImpl (RaftServerImpl.java:setRole(174)) - 042645b7-d9e3-44d6-a86c-5222fd8d5aba@group-C1CE2E9282CC: changes role from  FOLLOWER to CANDIDATE at term 0 for changeToCandidate
2019-09-25 05:54:14,832 [Thread-429] INFO  impl.RoleInfo (RoleInfo.java:updateAndGet(143)) - 042645b7-d9e3-44d6-a86c-5222fd8d5aba: start LeaderElection
2019-09-25 05:54:14,846 [042645b7-d9e3-44d6-a86c-5222fd8d5aba@group-C1CE2E9282CC:LeaderElection47] INFO  impl.LeaderElection (LeaderElection.java:askForVotes(182)) - 042645b7-d9e3-44d6-a86c-5222fd8d5aba@group-C1CE2E9282CC:LeaderElection47: begin an election at term 1 for -1: [042645b7-d9e3-44d6-a86c-5222fd8d5aba:192.168.5.161:35465], old=null
2019-09-25 05:54:14,846 [042645b7-d9e3-44d6-a86c-5222fd8d5aba@group-C1CE2E9282CC:LeaderElection47] INFO  impl.RoleInfo (RoleInfo.java:shutdownLeaderElection(134)) - 042645b7-d9e3-44d6-a86c-5222fd8d5aba: shutdown LeaderElection
2019-09-25 05:54:14,846 [042645b7-d9e3-44d6-a86c-5222fd8d5aba@group-C1CE2E9282CC:LeaderElection47] INFO  impl.RaftServerImpl (RaftServerImpl.java:setRole(174)) - 042645b7-d9e3-44d6-a86c-5222fd8d5aba@group-C1CE2E9282CC: changes role from CANDIDATE to LEADER at term 1 for changeToLeader
2019-09-25 05:54:14,846 [042645b7-d9e3-44d6-a86c-5222fd8d5aba@group-C1CE2E9282CC:LeaderElection47] INFO  impl.RaftServerImpl (ServerState.java:setLeader(253)) - 042645b7-d9e3-44d6-a86c-5222fd8d5aba@group-C1CE2E9282CC: change Leader from null to 042645b7-d9e3-44d6-a86c-5222fd8d5aba at term 1 for becomeLeader, leader elected after 5152ms
2019-09-25 05:54:14,847 [042645b7-d9e3-44d6-a86c-5222fd8d5aba@group-C1CE2E9282CC:LeaderElection47] INFO  server.RaftServerConfigKeys (ConfUtils.java:logGet(43)) - raft.server.staging.catchup.gap = 1000 (default)
2019-09-25 05:54:14,847 [042645b7-d9e3-44d6-a86c-5222fd8d5aba@group-C1CE2E9282CC:LeaderElection47] INFO  server.RaftServerConfigKeys (ConfUtils.java:logGet(43)) - raft.server.rpc.sleep.time = 25ms (default)
2019-09-25 05:54:14,847 [042645b7-d9e3-44d6-a86c-5222fd8d5aba@group-C1CE2E9282CC:LeaderElection47] INFO  server.RaftServerConfigKeys (ConfUtils.java:logGet(43)) - raft.server.write.element-limit = 4096 (default)
2019-09-25 05:54:14,848 [042645b7-d9e3-44d6-a86c-5222fd8d5aba@group-C1CE2E9282CC:LeaderElection47] INFO  server.RaftServerConfigKeys (ConfUtils.java:logGet(43)) - raft.server.watch.timeout = 10s (default)
2019-09-25 05:54:14,848 [042645b7-d9e3-44d6-a86c-5222fd8d5aba@group-C1CE2E9282CC:LeaderElection47] INFO  server.RaftServerConfigKeys (ConfUtils.java:logGet(43)) - raft.server.watch.timeout.denomination = 1s (default)
2019-09-25 05:54:14,848 [042645b7-d9e3-44d6-a86c-5222fd8d5aba@group-C1CE2E9282CC:LeaderElection47] INFO  server.RaftServerConfigKeys (ConfUtils.java:logGet(43)) - raft.server.watch.element-limit = 65536 (default)
2019-09-25 05:54:14,851 [042645b7-d9e3-44d6-a86c-5222fd8d5aba@group-C1CE2E9282CC:LeaderElection47] INFO  impl.RoleInfo (RoleInfo.java:updateAndGet(143)) - 042645b7-d9e3-44d6-a86c-5222fd8d5aba: start LeaderState
2019-09-25 05:54:14,852 [042645b7-d9e3-44d6-a86c-5222fd8d5aba@group-C1CE2E9282CC:LeaderElection47] INFO  segmented.SegmentedRaftLogWorker (SegmentedRaftLogWorker.java:startLogSegment(380)) - 042645b7-d9e3-44d6-a86c-5222fd8d5aba@group-C1CE2E9282CC-SegmentedRaftLogWorker: Starting segment from index:0
2019-09-25 05:54:14,853 [042645b7-d9e3-44d6-a86c-5222fd8d5aba@group-C1CE2E9282CC:LeaderElection47] INFO  impl.RaftServerImpl (ServerState.java:setRaftConf(354)) - 042645b7-d9e3-44d6-a86c-5222fd8d5aba@group-C1CE2E9282CC: set configuration 0: [042645b7-d9e3-44d6-a86c-5222fd8d5aba:192.168.5.161:35465], old=null at 0
2019-09-25 05:54:14,897 [042645b7-d9e3-44d6-a86c-5222fd8d5aba@group-C1CE2E9282CC-SegmentedRaftLogWorker] INFO  segmented.SegmentedRaftLogWorker (SegmentedRaftLogWorker.java:execute(569)) - 042645b7-d9e3-44d6-a86c-5222fd8d5aba@group-C1CE2E9282CC-SegmentedRaftLogWorker: created new log segment /workdir/hadoop-ozone/ozonefs/target/test-dir/MiniOzoneClusterImpl-a7a48124-c188-483e-b9a9-787dfdcc7198/datanode-6/data/ratis/6a057f72-22ee-4fd2-8251-c1ce2e9282cc/current/log_inprogress_0
2019-09-25 05:54:14,904 [Thread-432] INFO  impl.FollowerState (FollowerState.java:run(106)) - 22638597-b9ac-42fc-8d80-a8fc15613fc1:group-519D032D86A1 changes to CANDIDATE, lastRpcTime:5169, electionTimeout:5169ms
2019-09-25 05:54:14,904 [Thread-432] INFO  impl.RoleInfo (RoleInfo.java:shutdownFollowerState(121)) - 22638597-b9ac-42fc-8d80-a8fc15613fc1: shutdown FollowerState
2019-09-25 05:54:14,904 [Thread-432] INFO  impl.RaftServerImpl (RaftServerImpl.java:setRole(174)) - 22638597-b9ac-42fc-8d80-a8fc15613fc1@group-519D032D86A1: changes role from  FOLLOWER to CANDIDATE at term 0 for changeToCandidate
2019-09-25 05:54:14,904 [Thread-432] INFO  impl.RoleInfo (RoleInfo.java:updateAndGet(143)) - 22638597-b9ac-42fc-8d80-a8fc15613fc1: start LeaderElection
2019-09-25 05:54:14,910 [22638597-b9ac-42fc-8d80-a8fc15613fc1@group-519D032D86A1:LeaderElection48] INFO  impl.LeaderElection (LeaderElection.java:askForVotes(182)) - 22638597-b9ac-42fc-8d80-a8fc15613fc1@group-519D032D86A1:LeaderElection48: begin an election at term 1 for -1: [22638597-b9ac-42fc-8d80-a8fc15613fc1:192.168.5.161:38615], old=null
2019-09-25 05:54:14,911 [22638597-b9ac-42fc-8d80-a8fc15613fc1@group-519D032D86A1:LeaderElection48] INFO  impl.RoleInfo (RoleInfo.java:shutdownLeaderElection(134)) - 22638597-b9ac-42fc-8d80-a8fc15613fc1: shutdown LeaderElection
2019-09-25 05:54:14,911 [22638597-b9ac-42fc-8d80-a8fc15613fc1@group-519D032D86A1:LeaderElection48] INFO  impl.RaftServerImpl (RaftServerImpl.java:setRole(174)) - 22638597-b9ac-42fc-8d80-a8fc15613fc1@group-519D032D86A1: changes role from CANDIDATE to LEADER at term 1 for changeToLeader
2019-09-25 05:54:14,911 [22638597-b9ac-42fc-8d80-a8fc15613fc1@group-519D032D86A1:LeaderElection48] INFO  impl.RaftServerImpl (ServerState.java:setLeader(253)) - 22638597-b9ac-42fc-8d80-a8fc15613fc1@group-519D032D86A1: change Leader from null to 22638597-b9ac-42fc-8d80-a8fc15613fc1 at term 1 for becomeLeader, leader elected after 5182ms
2019-09-25 05:54:14,911 [22638597-b9ac-42fc-8d80-a8fc15613fc1@group-519D032D86A1:LeaderElection48] INFO  server.RaftServerConfigKeys (ConfUtils.java:logGet(43)) - raft.server.staging.catchup.gap = 1000 (default)
2019-09-25 05:54:14,911 [22638597-b9ac-42fc-8d80-a8fc15613fc1@group-519D032D86A1:LeaderElection48] INFO  server.RaftServerConfigKeys (ConfUtils.java:logGet(43)) - raft.server.rpc.sleep.time = 25ms (default)
2019-09-25 05:54:14,912 [22638597-b9ac-42fc-8d80-a8fc15613fc1@group-519D032D86A1:LeaderElection48] INFO  server.RaftServerConfigKeys (ConfUtils.java:logGet(43)) - raft.server.write.element-limit = 4096 (default)
2019-09-25 05:54:14,912 [22638597-b9ac-42fc-8d80-a8fc15613fc1@group-519D032D86A1:LeaderElection48] INFO  server.RaftServerConfigKeys (ConfUtils.java:logGet(43)) - raft.server.watch.timeout = 10s (default)
2019-09-25 05:54:14,912 [22638597-b9ac-42fc-8d80-a8fc15613fc1@group-519D032D86A1:LeaderElection48] INFO  server.RaftServerConfigKeys (ConfUtils.java:logGet(43)) - raft.server.watch.timeout.denomination = 1s (default)
2019-09-25 05:54:14,912 [22638597-b9ac-42fc-8d80-a8fc15613fc1@group-519D032D86A1:LeaderElection48] INFO  server.RaftServerConfigKeys (ConfUtils.java:logGet(43)) - raft.server.watch.element-limit = 65536 (default)
2019-09-25 05:54:14,914 [22638597-b9ac-42fc-8d80-a8fc15613fc1@group-519D032D86A1:LeaderElection48] INFO  impl.RoleInfo (RoleInfo.java:updateAndGet(143)) - 22638597-b9ac-42fc-8d80-a8fc15613fc1: start LeaderState
2019-09-25 05:54:14,915 [22638597-b9ac-42fc-8d80-a8fc15613fc1@group-519D032D86A1:LeaderElection48] INFO  segmented.SegmentedRaftLogWorker (SegmentedRaftLogWorker.java:startLogSegment(380)) - 22638597-b9ac-42fc-8d80-a8fc15613fc1@group-519D032D86A1-SegmentedRaftLogWorker: Starting segment from index:0
2019-09-25 05:54:14,915 [22638597-b9ac-42fc-8d80-a8fc15613fc1@group-519D032D86A1:LeaderElection48] INFO  impl.RaftServerImpl (ServerState.java:setRaftConf(354)) - 22638597-b9ac-42fc-8d80-a8fc15613fc1@group-519D032D86A1: set configuration 0: [22638597-b9ac-42fc-8d80-a8fc15613fc1:192.168.5.161:38615], old=null at 0
2019-09-25 05:54:14,936 [Thread-435] INFO  impl.FollowerState (FollowerState.java:run(106)) - 22638597-b9ac-42fc-8d80-a8fc15613fc1:group-02C8BA66BE2E changes to CANDIDATE, lastRpcTime:5164, electionTimeout:5164ms
2019-09-25 05:54:14,937 [Thread-435] INFO  impl.RoleInfo (RoleInfo.java:shutdownFollowerState(121)) - 22638597-b9ac-42fc-8d80-a8fc15613fc1: shutdown FollowerState
2019-09-25 05:54:14,937 [Thread-435] INFO  impl.RaftServerImpl (RaftServerImpl.java:setRole(174)) - 22638597-b9ac-42fc-8d80-a8fc15613fc1@group-02C8BA66BE2E: changes role from  FOLLOWER to CANDIDATE at term 0 for changeToCandidate
2019-09-25 05:54:14,937 [Thread-435] INFO  impl.RoleInfo (RoleInfo.java:updateAndGet(143)) - 22638597-b9ac-42fc-8d80-a8fc15613fc1: start LeaderElection
2019-09-25 05:54:14,956 [22638597-b9ac-42fc-8d80-a8fc15613fc1@group-519D032D86A1-SegmentedRaftLogWorker] INFO  segmented.SegmentedRaftLogWorker (SegmentedRaftLogWorker.java:execute(569)) - 22638597-b9ac-42fc-8d80-a8fc15613fc1@group-519D032D86A1-SegmentedRaftLogWorker: created new log segment /workdir/hadoop-ozone/ozonefs/target/test-dir/MiniOzoneClusterImpl-a7a48124-c188-483e-b9a9-787dfdcc7198/datanode-2/data/ratis/8330e7aa-ec7a-4bed-b2b2-519d032d86a1/current/log_inprogress_0
2019-09-25 05:54:14,956 [22638597-b9ac-42fc-8d80-a8fc15613fc1@group-02C8BA66BE2E:LeaderElection49] INFO  impl.LeaderElection (LeaderElection.java:askForVotes(182)) - 22638597-b9ac-42fc-8d80-a8fc15613fc1@group-02C8BA66BE2E:LeaderElection49: begin an election at term 1 for -1: [22638597-b9ac-42fc-8d80-a8fc15613fc1:192.168.5.161:38615], old=null
2019-09-25 05:54:14,957 [Thread-441] INFO  impl.FollowerState (FollowerState.java:run(106)) - 58f3e057-a7b1-43f9-accd-a9f9efdb249b:group-D2EB3210C45C changes to CANDIDATE, lastRpcTime:5080, electionTimeout:5080ms
2019-09-25 05:54:14,957 [22638597-b9ac-42fc-8d80-a8fc15613fc1@group-02C8BA66BE2E:LeaderElection49] INFO  impl.RoleInfo (RoleInfo.java:shutdownLeaderElection(134)) - 22638597-b9ac-42fc-8d80-a8fc15613fc1: shutdown LeaderElection
2019-09-25 05:54:14,957 [Thread-441] INFO  impl.RoleInfo (RoleInfo.java:shutdownFollowerState(121)) - 58f3e057-a7b1-43f9-accd-a9f9efdb249b: shutdown FollowerState
2019-09-25 05:54:14,957 [22638597-b9ac-42fc-8d80-a8fc15613fc1@group-02C8BA66BE2E:LeaderElection49] INFO  impl.RaftServerImpl (RaftServerImpl.java:setRole(174)) - 22638597-b9ac-42fc-8d80-a8fc15613fc1@group-02C8BA66BE2E: changes role from CANDIDATE to LEADER at term 1 for changeToLeader
2019-09-25 05:54:14,957 [Thread-441] INFO  impl.RaftServerImpl (RaftServerImpl.java:setRole(174)) - 58f3e057-a7b1-43f9-accd-a9f9efdb249b@group-D2EB3210C45C: changes role from  FOLLOWER to CANDIDATE at term 0 for changeToCandidate
2019-09-25 05:54:14,957 [22638597-b9ac-42fc-8d80-a8fc15613fc1@group-02C8BA66BE2E:LeaderElection49] INFO  impl.RaftServerImpl (ServerState.java:setLeader(253)) - 22638597-b9ac-42fc-8d80-a8fc15613fc1@group-02C8BA66BE2E: change Leader from null to 22638597-b9ac-42fc-8d80-a8fc15613fc1 at term 1 for becomeLeader, leader elected after 5190ms
2019-09-25 05:54:14,957 [Thread-441] INFO  impl.RoleInfo (RoleInfo.java:updateAndGet(143)) - 58f3e057-a7b1-43f9-accd-a9f9efdb249b: start LeaderElection
2019-09-25 05:54:14,958 [22638597-b9ac-42fc-8d80-a8fc15613fc1@group-02C8BA66BE2E:LeaderElection49] INFO  server.RaftServerConfigKeys (ConfUtils.java:logGet(43)) - raft.server.staging.catchup.gap = 1000 (default)
2019-09-25 05:54:14,958 [22638597-b9ac-42fc-8d80-a8fc15613fc1@group-02C8BA66BE2E:LeaderElection49] INFO  server.RaftServerConfigKeys (ConfUtils.java:logGet(43)) - raft.server.rpc.sleep.time = 25ms (default)
2019-09-25 05:54:14,958 [22638597-b9ac-42fc-8d80-a8fc15613fc1@group-02C8BA66BE2E:LeaderElection49] INFO  server.RaftServerConfigKeys (ConfUtils.java:logGet(43)) - raft.server.write.element-limit = 4096 (default)
2019-09-25 05:54:14,958 [22638597-b9ac-42fc-8d80-a8fc15613fc1@group-02C8BA66BE2E:LeaderElection49] INFO  server.RaftServerConfigKeys (ConfUtils.java:logGet(43)) - raft.server.watch.timeout = 10s (default)
2019-09-25 05:54:14,958 [22638597-b9ac-42fc-8d80-a8fc15613fc1@group-02C8BA66BE2E:LeaderElection49] INFO  server.RaftServerConfigKeys (ConfUtils.java:logGet(43)) - raft.server.watch.timeout.denomination = 1s (default)
2019-09-25 05:54:14,958 [22638597-b9ac-42fc-8d80-a8fc15613fc1@group-02C8BA66BE2E:LeaderElection49] INFO  server.RaftServerConfigKeys (ConfUtils.java:logGet(43)) - raft.server.watch.element-limit = 65536 (default)
2019-09-25 05:54:14,960 [22638597-b9ac-42fc-8d80-a8fc15613fc1@group-02C8BA66BE2E:LeaderElection49] INFO  impl.RoleInfo (RoleInfo.java:updateAndGet(143)) - 22638597-b9ac-42fc-8d80-a8fc15613fc1: start LeaderState
2019-09-25 05:54:14,960 [22638597-b9ac-42fc-8d80-a8fc15613fc1@group-02C8BA66BE2E:LeaderElection49] INFO  segmented.SegmentedRaftLogWorker (SegmentedRaftLogWorker.java:startLogSegment(380)) - 22638597-b9ac-42fc-8d80-a8fc15613fc1@group-02C8BA66BE2E-SegmentedRaftLogWorker: Starting segment from index:0
2019-09-25 05:54:14,961 [22638597-b9ac-42fc-8d80-a8fc15613fc1@group-02C8BA66BE2E:LeaderElection49] INFO  impl.RaftServerImpl (ServerState.java:setRaftConf(354)) - 22638597-b9ac-42fc-8d80-a8fc15613fc1@group-02C8BA66BE2E: set configuration 0: [22638597-b9ac-42fc-8d80-a8fc15613fc1:192.168.5.161:38615], old=null at 0
2019-09-25 05:54:14,970 [58f3e057-a7b1-43f9-accd-a9f9efdb249b@group-D2EB3210C45C:LeaderElection50] INFO  impl.LeaderElection (LeaderElection.java:askForVotes(182)) - 58f3e057-a7b1-43f9-accd-a9f9efdb249b@group-D2EB3210C45C:LeaderElection50: begin an election at term 1 for -1: [58f3e057-a7b1-43f9-accd-a9f9efdb249b:192.168.5.161:39965], old=null
2019-09-25 05:54:14,970 [58f3e057-a7b1-43f9-accd-a9f9efdb249b@group-D2EB3210C45C:LeaderElection50] INFO  impl.RoleInfo (RoleInfo.java:shutdownLeaderElection(134)) - 58f3e057-a7b1-43f9-accd-a9f9efdb249b: shutdown LeaderElection
2019-09-25 05:54:14,970 [58f3e057-a7b1-43f9-accd-a9f9efdb249b@group-D2EB3210C45C:LeaderElection50] INFO  impl.RaftServerImpl (RaftServerImpl.java:setRole(174)) - 58f3e057-a7b1-43f9-accd-a9f9efdb249b@group-D2EB3210C45C: changes role from CANDIDATE to LEADER at term 1 for changeToLeader
2019-09-25 05:54:14,970 [58f3e057-a7b1-43f9-accd-a9f9efdb249b@group-D2EB3210C45C:LeaderElection50] INFO  impl.RaftServerImpl (ServerState.java:setLeader(253)) - 58f3e057-a7b1-43f9-accd-a9f9efdb249b@group-D2EB3210C45C: change Leader from null to 58f3e057-a7b1-43f9-accd-a9f9efdb249b at term 1 for becomeLeader, leader elected after 5100ms
2019-09-25 05:54:14,970 [58f3e057-a7b1-43f9-accd-a9f9efdb249b@group-D2EB3210C45C:LeaderElection50] INFO  server.RaftServerConfigKeys (ConfUtils.java:logGet(43)) - raft.server.staging.catchup.gap = 1000 (default)
2019-09-25 05:54:14,971 [58f3e057-a7b1-43f9-accd-a9f9efdb249b@group-D2EB3210C45C:LeaderElection50] INFO  server.RaftServerConfigKeys (ConfUtils.java:logGet(43)) - raft.server.rpc.sleep.time = 25ms (default)
2019-09-25 05:54:14,971 [58f3e057-a7b1-43f9-accd-a9f9efdb249b@group-D2EB3210C45C:LeaderElection50] INFO  server.RaftServerConfigKeys (ConfUtils.java:logGet(43)) - raft.server.write.element-limit = 4096 (default)
2019-09-25 05:54:14,971 [58f3e057-a7b1-43f9-accd-a9f9efdb249b@group-D2EB3210C45C:LeaderElection50] INFO  server.RaftServerConfigKeys (ConfUtils.java:logGet(43)) - raft.server.watch.timeout = 10s (default)
2019-09-25 05:54:14,971 [58f3e057-a7b1-43f9-accd-a9f9efdb249b@group-D2EB3210C45C:LeaderElection50] INFO  server.RaftServerConfigKeys (ConfUtils.java:logGet(43)) - raft.server.watch.timeout.denomination = 1s (default)
2019-09-25 05:54:14,971 [58f3e057-a7b1-43f9-accd-a9f9efdb249b@group-D2EB3210C45C:LeaderElection50] INFO  server.RaftServerConfigKeys (ConfUtils.java:logGet(43)) - raft.server.watch.element-limit = 65536 (default)
2019-09-25 05:54:14,975 [58f3e057-a7b1-43f9-accd-a9f9efdb249b@group-D2EB3210C45C:LeaderElection50] INFO  impl.RoleInfo (RoleInfo.java:updateAndGet(143)) - 58f3e057-a7b1-43f9-accd-a9f9efdb249b: start LeaderState
2019-09-25 05:54:14,975 [58f3e057-a7b1-43f9-accd-a9f9efdb249b@group-D2EB3210C45C:LeaderElection50] INFO  segmented.SegmentedRaftLogWorker (SegmentedRaftLogWorker.java:startLogSegment(380)) - 58f3e057-a7b1-43f9-accd-a9f9efdb249b@group-D2EB3210C45C-SegmentedRaftLogWorker: Starting segment from index:0
2019-09-25 05:54:14,976 [58f3e057-a7b1-43f9-accd-a9f9efdb249b@group-D2EB3210C45C:LeaderElection50] INFO  impl.RaftServerImpl (ServerState.java:setRaftConf(354)) - 58f3e057-a7b1-43f9-accd-a9f9efdb249b@group-D2EB3210C45C: set configuration 0: [58f3e057-a7b1-43f9-accd-a9f9efdb249b:192.168.5.161:39965], old=null at 0
2019-09-25 05:54:15,003 [Thread-438] INFO  impl.FollowerState (FollowerState.java:run(106)) - 22638597-b9ac-42fc-8d80-a8fc15613fc1:group-F3133D13FF9F changes to CANDIDATE, lastRpcTime:5172, electionTimeout:5172ms
2019-09-25 05:54:15,003 [Thread-438] INFO  impl.RoleInfo (RoleInfo.java:shutdownFollowerState(121)) - 22638597-b9ac-42fc-8d80-a8fc15613fc1: shutdown FollowerState
2019-09-25 05:54:15,003 [Thread-438] INFO  impl.RaftServerImpl (RaftServerImpl.java:setRole(174)) - 22638597-b9ac-42fc-8d80-a8fc15613fc1@group-F3133D13FF9F: changes role from  FOLLOWER to CANDIDATE at term 0 for changeToCandidate
2019-09-25 05:54:15,003 [Thread-438] INFO  impl.RoleInfo (RoleInfo.java:updateAndGet(143)) - 22638597-b9ac-42fc-8d80-a8fc15613fc1: start LeaderElection
2019-09-25 05:54:15,020 [22638597-b9ac-42fc-8d80-a8fc15613fc1@group-02C8BA66BE2E-SegmentedRaftLogWorker] INFO  segmented.SegmentedRaftLogWorker (SegmentedRaftLogWorker.java:execute(569)) - 22638597-b9ac-42fc-8d80-a8fc15613fc1@group-02C8BA66BE2E-SegmentedRaftLogWorker: created new log segment /workdir/hadoop-ozone/ozonefs/target/test-dir/MiniOzoneClusterImpl-a7a48124-c188-483e-b9a9-787dfdcc7198/datanode-2/data/ratis/13ae3ed1-1d6c-4f8f-9d92-02c8ba66be2e/current/log_inprogress_0
2019-09-25 05:54:15,020 [22638597-b9ac-42fc-8d80-a8fc15613fc1@group-F3133D13FF9F:LeaderElection51] INFO  impl.LeaderElection (LeaderElection.java:askForVotes(182)) - 22638597-b9ac-42fc-8d80-a8fc15613fc1@group-F3133D13FF9F:LeaderElection51: begin an election at term 1 for -1: [22638597-b9ac-42fc-8d80-a8fc15613fc1:192.168.5.161:38615], old=null
2019-09-25 05:54:15,020 [22638597-b9ac-42fc-8d80-a8fc15613fc1@group-F3133D13FF9F:LeaderElection51] INFO  impl.RoleInfo (RoleInfo.java:shutdownLeaderElection(134)) - 22638597-b9ac-42fc-8d80-a8fc15613fc1: shutdown LeaderElection
2019-09-25 05:54:15,020 [22638597-b9ac-42fc-8d80-a8fc15613fc1@group-F3133D13FF9F:LeaderElection51] INFO  impl.RaftServerImpl (RaftServerImpl.java:setRole(174)) - 22638597-b9ac-42fc-8d80-a8fc15613fc1@group-F3133D13FF9F: changes role from CANDIDATE to LEADER at term 1 for changeToLeader
2019-09-25 05:54:15,020 [22638597-b9ac-42fc-8d80-a8fc15613fc1@group-F3133D13FF9F:LeaderElection51] INFO  impl.RaftServerImpl (ServerState.java:setLeader(253)) - 22638597-b9ac-42fc-8d80-a8fc15613fc1@group-F3133D13FF9F: change Leader from null to 22638597-b9ac-42fc-8d80-a8fc15613fc1 at term 1 for becomeLeader, leader elected after 5197ms
2019-09-25 05:54:15,021 [22638597-b9ac-42fc-8d80-a8fc15613fc1@group-F3133D13FF9F:LeaderElection51] INFO  server.RaftServerConfigKeys (ConfUtils.java:logGet(43)) - raft.server.staging.catchup.gap = 1000 (default)
2019-09-25 05:54:15,021 [22638597-b9ac-42fc-8d80-a8fc15613fc1@group-F3133D13FF9F:LeaderElection51] INFO  server.RaftServerConfigKeys (ConfUtils.java:logGet(43)) - raft.server.rpc.sleep.time = 25ms (default)
2019-09-25 05:54:15,021 [22638597-b9ac-42fc-8d80-a8fc15613fc1@group-F3133D13FF9F:LeaderElection51] INFO  server.RaftServerConfigKeys (ConfUtils.java:logGet(43)) - raft.server.write.element-limit = 4096 (default)
2019-09-25 05:54:15,021 [22638597-b9ac-42fc-8d80-a8fc15613fc1@group-F3133D13FF9F:LeaderElection51] INFO  server.RaftServerConfigKeys (ConfUtils.java:logGet(43)) - raft.server.watch.timeout = 10s (default)
2019-09-25 05:54:15,022 [22638597-b9ac-42fc-8d80-a8fc15613fc1@group-F3133D13FF9F:LeaderElection51] INFO  server.RaftServerConfigKeys (ConfUtils.java:logGet(43)) - raft.server.watch.timeout.denomination = 1s (default)
2019-09-25 05:54:15,022 [22638597-b9ac-42fc-8d80-a8fc15613fc1@group-F3133D13FF9F:LeaderElection51] INFO  server.RaftServerConfigKeys (ConfUtils.java:logGet(43)) - raft.server.watch.element-limit = 65536 (default)
2019-09-25 05:54:15,022 [58f3e057-a7b1-43f9-accd-a9f9efdb249b@group-D2EB3210C45C-SegmentedRaftLogWorker] INFO  segmented.SegmentedRaftLogWorker (SegmentedRaftLogWorker.java:execute(569)) - 58f3e057-a7b1-43f9-accd-a9f9efdb249b@group-D2EB3210C45C-SegmentedRaftLogWorker: created new log segment /workdir/hadoop-ozone/ozonefs/target/test-dir/MiniOzoneClusterImpl-a7a48124-c188-483e-b9a9-787dfdcc7198/datanode-8/data/ratis/72763cec-e20b-48c4-a86c-d2eb3210c45c/current/log_inprogress_0
2019-09-25 05:54:15,023 [22638597-b9ac-42fc-8d80-a8fc15613fc1@group-F3133D13FF9F:LeaderElection51] INFO  impl.RoleInfo (RoleInfo.java:updateAndGet(143)) - 22638597-b9ac-42fc-8d80-a8fc15613fc1: start LeaderState
2019-09-25 05:54:15,024 [22638597-b9ac-42fc-8d80-a8fc15613fc1@group-F3133D13FF9F:LeaderElection51] INFO  segmented.SegmentedRaftLogWorker (SegmentedRaftLogWorker.java:startLogSegment(380)) - 22638597-b9ac-42fc-8d80-a8fc15613fc1@group-F3133D13FF9F-SegmentedRaftLogWorker: Starting segment from index:0
2019-09-25 05:54:15,024 [22638597-b9ac-42fc-8d80-a8fc15613fc1@group-F3133D13FF9F:LeaderElection51] INFO  impl.RaftServerImpl (ServerState.java:setRaftConf(354)) - 22638597-b9ac-42fc-8d80-a8fc15613fc1@group-F3133D13FF9F: set configuration 0: [22638597-b9ac-42fc-8d80-a8fc15613fc1:192.168.5.161:38615], old=null at 0
2019-09-25 05:54:15,062 [Thread-444] INFO  impl.FollowerState (FollowerState.java:run(106)) - faa7f77f-6684-4b53-8a7a-61c7fb9cb7f4:group-5520711078DA changes to CANDIDATE, lastRpcTime:5114, electionTimeout:5114ms
2019-09-25 05:54:15,062 [Thread-444] INFO  impl.RoleInfo (RoleInfo.java:shutdownFollowerState(121)) - faa7f77f-6684-4b53-8a7a-61c7fb9cb7f4: shutdown FollowerState
2019-09-25 05:54:15,063 [Thread-444] INFO  impl.RaftServerImpl (RaftServerImpl.java:setRole(174)) - faa7f77f-6684-4b53-8a7a-61c7fb9cb7f4@group-5520711078DA: changes role from  FOLLOWER to CANDIDATE at term 0 for changeToCandidate
2019-09-25 05:54:15,063 [Thread-444] INFO  impl.RoleInfo (RoleInfo.java:updateAndGet(143)) - faa7f77f-6684-4b53-8a7a-61c7fb9cb7f4: start LeaderElection
2019-09-25 05:54:15,072 [Thread-450] INFO  impl.FollowerState (FollowerState.java:run(106)) - 58f3e057-a7b1-43f9-accd-a9f9efdb249b:group-5AE1E04A84E9 changes to CANDIDATE, lastRpcTime:5010, electionTimeout:5010ms
2019-09-25 05:54:15,073 [Thread-450] INFO  impl.RoleInfo (RoleInfo.java:shutdownFollowerState(121)) - 58f3e057-a7b1-43f9-accd-a9f9efdb249b: shutdown FollowerState
2019-09-25 05:54:15,073 [Thread-450] INFO  impl.RaftServerImpl (RaftServerImpl.java:setRole(174)) - 58f3e057-a7b1-43f9-accd-a9f9efdb249b@group-5AE1E04A84E9: changes role from  FOLLOWER to CANDIDATE at term 0 for changeToCandidate
2019-09-25 05:54:15,073 [Thread-450] INFO  impl.RoleInfo (RoleInfo.java:updateAndGet(143)) - 58f3e057-a7b1-43f9-accd-a9f9efdb249b: start LeaderElection
2019-09-25 05:54:15,085 [22638597-b9ac-42fc-8d80-a8fc15613fc1@group-F3133D13FF9F-SegmentedRaftLogWorker] INFO  segmented.SegmentedRaftLogWorker (SegmentedRaftLogWorker.java:execute(569)) - 22638597-b9ac-42fc-8d80-a8fc15613fc1@group-F3133D13FF9F-SegmentedRaftLogWorker: created new log segment /workdir/hadoop-ozone/ozonefs/target/test-dir/MiniOzoneClusterImpl-a7a48124-c188-483e-b9a9-787dfdcc7198/datanode-2/data/ratis/d010f570-1962-4cbf-bfda-f3133d13ff9f/current/log_inprogress_0
2019-09-25 05:54:15,085 [faa7f77f-6684-4b53-8a7a-61c7fb9cb7f4@group-5520711078DA:LeaderElection52] INFO  impl.LeaderElection (LeaderElection.java:askForVotes(182)) - faa7f77f-6684-4b53-8a7a-61c7fb9cb7f4@group-5520711078DA:LeaderElection52: begin an election at term 1 for -1: [faa7f77f-6684-4b53-8a7a-61c7fb9cb7f4:192.168.5.161:41397], old=null
2019-09-25 05:54:15,086 [faa7f77f-6684-4b53-8a7a-61c7fb9cb7f4@group-5520711078DA:LeaderElection52] INFO  impl.RoleInfo (RoleInfo.java:shutdownLeaderElection(134)) - faa7f77f-6684-4b53-8a7a-61c7fb9cb7f4: shutdown LeaderElection
2019-09-25 05:54:15,086 [faa7f77f-6684-4b53-8a7a-61c7fb9cb7f4@group-5520711078DA:LeaderElection52] INFO  impl.RaftServerImpl (RaftServerImpl.java:setRole(174)) - faa7f77f-6684-4b53-8a7a-61c7fb9cb7f4@group-5520711078DA: changes role from CANDIDATE to LEADER at term 1 for changeToLeader
2019-09-25 05:54:15,086 [faa7f77f-6684-4b53-8a7a-61c7fb9cb7f4@group-5520711078DA:LeaderElection52] INFO  impl.RaftServerImpl (ServerState.java:setLeader(253)) - faa7f77f-6684-4b53-8a7a-61c7fb9cb7f4@group-5520711078DA: change Leader from null to faa7f77f-6684-4b53-8a7a-61c7fb9cb7f4 at term 1 for becomeLeader, leader elected after 5148ms
2019-09-25 05:54:15,086 [faa7f77f-6684-4b53-8a7a-61c7fb9cb7f4@group-5520711078DA:LeaderElection52] INFO  server.RaftServerConfigKeys (ConfUtils.java:logGet(43)) - raft.server.staging.catchup.gap = 1000 (default)
2019-09-25 05:54:15,086 [faa7f77f-6684-4b53-8a7a-61c7fb9cb7f4@group-5520711078DA:LeaderElection52] INFO  server.RaftServerConfigKeys (ConfUtils.java:logGet(43)) - raft.server.rpc.sleep.time = 25ms (default)
2019-09-25 05:54:15,086 [faa7f77f-6684-4b53-8a7a-61c7fb9cb7f4@group-5520711078DA:LeaderElection52] INFO  server.RaftServerConfigKeys (ConfUtils.java:logGet(43)) - raft.server.write.element-limit = 4096 (default)
2019-09-25 05:54:15,087 [faa7f77f-6684-4b53-8a7a-61c7fb9cb7f4@group-5520711078DA:LeaderElection52] INFO  server.RaftServerConfigKeys (ConfUtils.java:logGet(43)) - raft.server.watch.timeout = 10s (default)
2019-09-25 05:54:15,087 [faa7f77f-6684-4b53-8a7a-61c7fb9cb7f4@group-5520711078DA:LeaderElection52] INFO  server.RaftServerConfigKeys (ConfUtils.java:logGet(43)) - raft.server.watch.timeout.denomination = 1s (default)
2019-09-25 05:54:15,087 [faa7f77f-6684-4b53-8a7a-61c7fb9cb7f4@group-5520711078DA:LeaderElection52] INFO  server.RaftServerConfigKeys (ConfUtils.java:logGet(43)) - raft.server.watch.element-limit = 65536 (default)
2019-09-25 05:54:15,087 [58f3e057-a7b1-43f9-accd-a9f9efdb249b@group-5AE1E04A84E9:LeaderElection53] INFO  impl.LeaderElection (LeaderElection.java:askForVotes(182)) - 58f3e057-a7b1-43f9-accd-a9f9efdb249b@group-5AE1E04A84E9:LeaderElection53: begin an election at term 1 for -1: [58f3e057-a7b1-43f9-accd-a9f9efdb249b:192.168.5.161:39965], old=null
2019-09-25 05:54:15,087 [58f3e057-a7b1-43f9-accd-a9f9efdb249b@group-5AE1E04A84E9:LeaderElection53] INFO  impl.RoleInfo (RoleInfo.java:shutdownLeaderElection(134)) - 58f3e057-a7b1-43f9-accd-a9f9efdb249b: shutdown LeaderElection
2019-09-25 05:54:15,088 [58f3e057-a7b1-43f9-accd-a9f9efdb249b@group-5AE1E04A84E9:LeaderElection53] INFO  impl.RaftServerImpl (RaftServerImpl.java:setRole(174)) - 58f3e057-a7b1-43f9-accd-a9f9efdb249b@group-5AE1E04A84E9: changes role from CANDIDATE to LEADER at term 1 for changeToLeader
2019-09-25 05:54:15,088 [58f3e057-a7b1-43f9-accd-a9f9efdb249b@group-5AE1E04A84E9:LeaderElection53] INFO  impl.RaftServerImpl (ServerState.java:setLeader(253)) - 58f3e057-a7b1-43f9-accd-a9f9efdb249b@group-5AE1E04A84E9: change Leader from null to 58f3e057-a7b1-43f9-accd-a9f9efdb249b at term 1 for becomeLeader, leader elected after 5034ms
2019-09-25 05:54:15,088 [58f3e057-a7b1-43f9-accd-a9f9efdb249b@group-5AE1E04A84E9:LeaderElection53] INFO  server.RaftServerConfigKeys (ConfUtils.java:logGet(43)) - raft.server.staging.catchup.gap = 1000 (default)
2019-09-25 05:54:15,088 [58f3e057-a7b1-43f9-accd-a9f9efdb249b@group-5AE1E04A84E9:LeaderElection53] INFO  server.RaftServerConfigKeys (ConfUtils.java:logGet(43)) - raft.server.rpc.sleep.time = 25ms (default)
2019-09-25 05:54:15,088 [58f3e057-a7b1-43f9-accd-a9f9efdb249b@group-5AE1E04A84E9:LeaderElection53] INFO  server.RaftServerConfigKeys (ConfUtils.java:logGet(43)) - raft.server.write.element-limit = 4096 (default)
2019-09-25 05:54:15,089 [58f3e057-a7b1-43f9-accd-a9f9efdb249b@group-5AE1E04A84E9:LeaderElection53] INFO  server.RaftServerConfigKeys (ConfUtils.java:logGet(43)) - raft.server.watch.timeout = 10s (default)
2019-09-25 05:54:15,089 [58f3e057-a7b1-43f9-accd-a9f9efdb249b@group-5AE1E04A84E9:LeaderElection53] INFO  server.RaftServerConfigKeys (ConfUtils.java:logGet(43)) - raft.server.watch.timeout.denomination = 1s (default)
2019-09-25 05:54:15,089 [58f3e057-a7b1-43f9-accd-a9f9efdb249b@group-5AE1E04A84E9:LeaderElection53] INFO  server.RaftServerConfigKeys (ConfUtils.java:logGet(43)) - raft.server.watch.element-limit = 65536 (default)
2019-09-25 05:54:15,089 [faa7f77f-6684-4b53-8a7a-61c7fb9cb7f4@group-5520711078DA:LeaderElection52] INFO  impl.RoleInfo (RoleInfo.java:updateAndGet(143)) - faa7f77f-6684-4b53-8a7a-61c7fb9cb7f4: start LeaderState
2019-09-25 05:54:15,090 [faa7f77f-6684-4b53-8a7a-61c7fb9cb7f4@group-5520711078DA:LeaderElection52] INFO  segmented.SegmentedRaftLogWorker (SegmentedRaftLogWorker.java:startLogSegment(380)) - faa7f77f-6684-4b53-8a7a-61c7fb9cb7f4@group-5520711078DA-SegmentedRaftLogWorker: Starting segment from index:0
2019-09-25 05:54:15,090 [faa7f77f-6684-4b53-8a7a-61c7fb9cb7f4@group-5520711078DA:LeaderElection52] INFO  impl.RaftServerImpl (ServerState.java:setRaftConf(354)) - faa7f77f-6684-4b53-8a7a-61c7fb9cb7f4@group-5520711078DA: set configuration 0: [faa7f77f-6684-4b53-8a7a-61c7fb9cb7f4:192.168.5.161:41397], old=null at 0
2019-09-25 05:54:15,092 [58f3e057-a7b1-43f9-accd-a9f9efdb249b@group-5AE1E04A84E9:LeaderElection53] INFO  impl.RoleInfo (RoleInfo.java:updateAndGet(143)) - 58f3e057-a7b1-43f9-accd-a9f9efdb249b: start LeaderState
2019-09-25 05:54:15,092 [58f3e057-a7b1-43f9-accd-a9f9efdb249b@group-5AE1E04A84E9:LeaderElection53] INFO  segmented.SegmentedRaftLogWorker (SegmentedRaftLogWorker.java:startLogSegment(380)) - 58f3e057-a7b1-43f9-accd-a9f9efdb249b@group-5AE1E04A84E9-SegmentedRaftLogWorker: Starting segment from index:0
2019-09-25 05:54:15,092 [58f3e057-a7b1-43f9-accd-a9f9efdb249b@group-5AE1E04A84E9:LeaderElection53] INFO  impl.RaftServerImpl (ServerState.java:setRaftConf(354)) - 58f3e057-a7b1-43f9-accd-a9f9efdb249b@group-5AE1E04A84E9: set configuration 0: [58f3e057-a7b1-43f9-accd-a9f9efdb249b:192.168.5.161:39965], old=null at 0
2019-09-25 05:54:15,158 [Thread-447] INFO  impl.FollowerState (FollowerState.java:run(106)) - 58f3e057-a7b1-43f9-accd-a9f9efdb249b:group-0F18AF64A1B6 changes to CANDIDATE, lastRpcTime:5166, electionTimeout:5135ms
2019-09-25 05:54:15,159 [Thread-447] INFO  impl.RoleInfo (RoleInfo.java:shutdownFollowerState(121)) - 58f3e057-a7b1-43f9-accd-a9f9efdb249b: shutdown FollowerState
2019-09-25 05:54:15,159 [Thread-447] INFO  impl.RaftServerImpl (RaftServerImpl.java:setRole(174)) - 58f3e057-a7b1-43f9-accd-a9f9efdb249b@group-0F18AF64A1B6: changes role from  FOLLOWER to CANDIDATE at term 0 for changeToCandidate
2019-09-25 05:54:15,159 [Thread-447] INFO  impl.RoleInfo (RoleInfo.java:updateAndGet(143)) - 58f3e057-a7b1-43f9-accd-a9f9efdb249b: start LeaderElection
2019-09-25 05:54:15,178 [Thread-456] INFO  impl.FollowerState (FollowerState.java:run(106)) - faa7f77f-6684-4b53-8a7a-61c7fb9cb7f4:group-AFDF365051C2 changes to CANDIDATE, lastRpcTime:5020, electionTimeout:5020ms
2019-09-25 05:54:15,178 [Thread-456] INFO  impl.RoleInfo (RoleInfo.java:shutdownFollowerState(121)) - faa7f77f-6684-4b53-8a7a-61c7fb9cb7f4: shutdown FollowerState
2019-09-25 05:54:15,179 [Thread-456] INFO  impl.RaftServerImpl (RaftServerImpl.java:setRole(174)) - faa7f77f-6684-4b53-8a7a-61c7fb9cb7f4@group-AFDF365051C2: changes role from  FOLLOWER to CANDIDATE at term 0 for changeToCandidate
2019-09-25 05:54:15,179 [Thread-456] INFO  impl.RoleInfo (RoleInfo.java:updateAndGet(143)) - faa7f77f-6684-4b53-8a7a-61c7fb9cb7f4: start LeaderElection
2019-09-25 05:54:15,184 [faa7f77f-6684-4b53-8a7a-61c7fb9cb7f4@group-5520711078DA-SegmentedRaftLogWorker] INFO  segmented.SegmentedRaftLogWorker (SegmentedRaftLogWorker.java:execute(569)) - faa7f77f-6684-4b53-8a7a-61c7fb9cb7f4@group-5520711078DA-SegmentedRaftLogWorker: created new log segment /workdir/hadoop-ozone/ozonefs/target/test-dir/MiniOzoneClusterImpl-a7a48124-c188-483e-b9a9-787dfdcc7198/datanode-9/data/ratis/649a79b4-83ae-4ad9-ab4e-5520711078da/current/log_inprogress_0
2019-09-25 05:54:15,184 [58f3e057-a7b1-43f9-accd-a9f9efdb249b@group-0F18AF64A1B6:LeaderElection54] INFO  impl.LeaderElection (LeaderElection.java:askForVotes(182)) - 58f3e057-a7b1-43f9-accd-a9f9efdb249b@group-0F18AF64A1B6:LeaderElection54: begin an election at term 1 for -1: [58f3e057-a7b1-43f9-accd-a9f9efdb249b:192.168.5.161:39965], old=null
2019-09-25 05:54:15,184 [58f3e057-a7b1-43f9-accd-a9f9efdb249b@group-5AE1E04A84E9-SegmentedRaftLogWorker] INFO  segmented.SegmentedRaftLogWorker (SegmentedRaftLogWorker.java:execute(569)) - 58f3e057-a7b1-43f9-accd-a9f9efdb249b@group-5AE1E04A84E9-SegmentedRaftLogWorker: created new log segment /workdir/hadoop-ozone/ozonefs/target/test-dir/MiniOzoneClusterImpl-a7a48124-c188-483e-b9a9-787dfdcc7198/datanode-8/data/ratis/826b0f23-047a-49c8-9c2b-5ae1e04a84e9/current/log_inprogress_0
2019-09-25 05:54:15,184 [58f3e057-a7b1-43f9-accd-a9f9efdb249b@group-0F18AF64A1B6:LeaderElection54] INFO  impl.RoleInfo (RoleInfo.java:shutdownLeaderElection(134)) - 58f3e057-a7b1-43f9-accd-a9f9efdb249b: shutdown LeaderElection
2019-09-25 05:54:15,184 [58f3e057-a7b1-43f9-accd-a9f9efdb249b@group-0F18AF64A1B6:LeaderElection54] INFO  impl.RaftServerImpl (RaftServerImpl.java:setRole(174)) - 58f3e057-a7b1-43f9-accd-a9f9efdb249b@group-0F18AF64A1B6: changes role from CANDIDATE to LEADER at term 1 for changeToLeader
2019-09-25 05:54:15,185 [58f3e057-a7b1-43f9-accd-a9f9efdb249b@group-0F18AF64A1B6:LeaderElection54] INFO  impl.RaftServerImpl (ServerState.java:setLeader(253)) - 58f3e057-a7b1-43f9-accd-a9f9efdb249b@group-0F18AF64A1B6: change Leader from null to 58f3e057-a7b1-43f9-accd-a9f9efdb249b at term 1 for becomeLeader, leader elected after 5198ms
2019-09-25 05:54:15,185 [58f3e057-a7b1-43f9-accd-a9f9efdb249b@group-0F18AF64A1B6:LeaderElection54] INFO  server.RaftServerConfigKeys (ConfUtils.java:logGet(43)) - raft.server.staging.catchup.gap = 1000 (default)
2019-09-25 05:54:15,185 [58f3e057-a7b1-43f9-accd-a9f9efdb249b@group-0F18AF64A1B6:LeaderElection54] INFO  server.RaftServerConfigKeys (ConfUtils.java:logGet(43)) - raft.server.rpc.sleep.time = 25ms (default)
2019-09-25 05:54:15,185 [58f3e057-a7b1-43f9-accd-a9f9efdb249b@group-0F18AF64A1B6:LeaderElection54] INFO  server.RaftServerConfigKeys (ConfUtils.java:logGet(43)) - raft.server.write.element-limit = 4096 (default)
2019-09-25 05:54:15,186 [58f3e057-a7b1-43f9-accd-a9f9efdb249b@group-0F18AF64A1B6:LeaderElection54] INFO  server.RaftServerConfigKeys (ConfUtils.java:logGet(43)) - raft.server.watch.timeout = 10s (default)
2019-09-25 05:54:15,186 [58f3e057-a7b1-43f9-accd-a9f9efdb249b@group-0F18AF64A1B6:LeaderElection54] INFO  server.RaftServerConfigKeys (ConfUtils.java:logGet(43)) - raft.server.watch.timeout.denomination = 1s (default)
2019-09-25 05:54:15,186 [58f3e057-a7b1-43f9-accd-a9f9efdb249b@group-0F18AF64A1B6:LeaderElection54] INFO  server.RaftServerConfigKeys (ConfUtils.java:logGet(43)) - raft.server.watch.element-limit = 65536 (default)
2019-09-25 05:54:15,189 [58f3e057-a7b1-43f9-accd-a9f9efdb249b@group-0F18AF64A1B6:LeaderElection54] INFO  impl.RoleInfo (RoleInfo.java:updateAndGet(143)) - 58f3e057-a7b1-43f9-accd-a9f9efdb249b: start LeaderState
2019-09-25 05:54:15,189 [58f3e057-a7b1-43f9-accd-a9f9efdb249b@group-0F18AF64A1B6:LeaderElection54] INFO  segmented.SegmentedRaftLogWorker (SegmentedRaftLogWorker.java:startLogSegment(380)) - 58f3e057-a7b1-43f9-accd-a9f9efdb249b@group-0F18AF64A1B6-SegmentedRaftLogWorker: Starting segment from index:0
2019-09-25 05:54:15,190 [58f3e057-a7b1-43f9-accd-a9f9efdb249b@group-0F18AF64A1B6:LeaderElection54] INFO  impl.RaftServerImpl (ServerState.java:setRaftConf(354)) - 58f3e057-a7b1-43f9-accd-a9f9efdb249b@group-0F18AF64A1B6: set configuration 0: [58f3e057-a7b1-43f9-accd-a9f9efdb249b:192.168.5.161:39965], old=null at 0
2019-09-25 05:54:15,198 [faa7f77f-6684-4b53-8a7a-61c7fb9cb7f4@group-AFDF365051C2:LeaderElection55] INFO  impl.LeaderElection (LeaderElection.java:askForVotes(182)) - faa7f77f-6684-4b53-8a7a-61c7fb9cb7f4@group-AFDF365051C2:LeaderElection55: begin an election at term 1 for -1: [faa7f77f-6684-4b53-8a7a-61c7fb9cb7f4:192.168.5.161:41397], old=null
2019-09-25 05:54:15,198 [faa7f77f-6684-4b53-8a7a-61c7fb9cb7f4@group-AFDF365051C2:LeaderElection55] INFO  impl.RoleInfo (RoleInfo.java:shutdownLeaderElection(134)) - faa7f77f-6684-4b53-8a7a-61c7fb9cb7f4: shutdown LeaderElection
2019-09-25 05:54:15,198 [faa7f77f-6684-4b53-8a7a-61c7fb9cb7f4@group-AFDF365051C2:LeaderElection55] INFO  impl.RaftServerImpl (RaftServerImpl.java:setRole(174)) - faa7f77f-6684-4b53-8a7a-61c7fb9cb7f4@group-AFDF365051C2: changes role from CANDIDATE to LEADER at term 1 for changeToLeader
2019-09-25 05:54:15,198 [faa7f77f-6684-4b53-8a7a-61c7fb9cb7f4@group-AFDF365051C2:LeaderElection55] INFO  impl.RaftServerImpl (ServerState.java:setLeader(253)) - faa7f77f-6684-4b53-8a7a-61c7fb9cb7f4@group-AFDF365051C2: change Leader from null to faa7f77f-6684-4b53-8a7a-61c7fb9cb7f4 at term 1 for becomeLeader, leader elected after 5047ms
2019-09-25 05:54:15,199 [faa7f77f-6684-4b53-8a7a-61c7fb9cb7f4@group-AFDF365051C2:LeaderElection55] INFO  server.RaftServerConfigKeys (ConfUtils.java:logGet(43)) - raft.server.staging.catchup.gap = 1000 (default)
2019-09-25 05:54:15,199 [faa7f77f-6684-4b53-8a7a-61c7fb9cb7f4@group-AFDF365051C2:LeaderElection55] INFO  server.RaftServerConfigKeys (ConfUtils.java:logGet(43)) - raft.server.rpc.sleep.time = 25ms (default)
2019-09-25 05:54:15,199 [faa7f77f-6684-4b53-8a7a-61c7fb9cb7f4@group-AFDF365051C2:LeaderElection55] INFO  server.RaftServerConfigKeys (ConfUtils.java:logGet(43)) - raft.server.write.element-limit = 4096 (default)
2019-09-25 05:54:15,199 [faa7f77f-6684-4b53-8a7a-61c7fb9cb7f4@group-AFDF365051C2:LeaderElection55] INFO  server.RaftServerConfigKeys (ConfUtils.java:logGet(43)) - raft.server.watch.timeout = 10s (default)
2019-09-25 05:54:15,199 [faa7f77f-6684-4b53-8a7a-61c7fb9cb7f4@group-AFDF365051C2:LeaderElection55] INFO  server.RaftServerConfigKeys (ConfUtils.java:logGet(43)) - raft.server.watch.timeout.denomination = 1s (default)
2019-09-25 05:54:15,199 [faa7f77f-6684-4b53-8a7a-61c7fb9cb7f4@group-AFDF365051C2:LeaderElection55] INFO  server.RaftServerConfigKeys (ConfUtils.java:logGet(43)) - raft.server.watch.element-limit = 65536 (default)
2019-09-25 05:54:15,201 [faa7f77f-6684-4b53-8a7a-61c7fb9cb7f4@group-AFDF365051C2:LeaderElection55] INFO  impl.RoleInfo (RoleInfo.java:updateAndGet(143)) - faa7f77f-6684-4b53-8a7a-61c7fb9cb7f4: start LeaderState
2019-09-25 05:54:15,201 [faa7f77f-6684-4b53-8a7a-61c7fb9cb7f4@group-AFDF365051C2:LeaderElection55] INFO  segmented.SegmentedRaftLogWorker (SegmentedRaftLogWorker.java:startLogSegment(380)) - faa7f77f-6684-4b53-8a7a-61c7fb9cb7f4@group-AFDF365051C2-SegmentedRaftLogWorker: Starting segment from index:0
2019-09-25 05:54:15,202 [faa7f77f-6684-4b53-8a7a-61c7fb9cb7f4@group-AFDF365051C2:LeaderElection55] INFO  impl.RaftServerImpl (ServerState.java:setRaftConf(354)) - faa7f77f-6684-4b53-8a7a-61c7fb9cb7f4@group-AFDF365051C2: set configuration 0: [faa7f77f-6684-4b53-8a7a-61c7fb9cb7f4:192.168.5.161:41397], old=null at 0
2019-09-25 05:54:15,245 [58f3e057-a7b1-43f9-accd-a9f9efdb249b@group-0F18AF64A1B6-SegmentedRaftLogWorker] INFO  segmented.SegmentedRaftLogWorker (SegmentedRaftLogWorker.java:execute(569)) - 58f3e057-a7b1-43f9-accd-a9f9efdb249b@group-0F18AF64A1B6-SegmentedRaftLogWorker: created new log segment /workdir/hadoop-ozone/ozonefs/target/test-dir/MiniOzoneClusterImpl-a7a48124-c188-483e-b9a9-787dfdcc7198/datanode-8/data/ratis/d9e35686-daf6-46a8-9ede-0f18af64a1b6/current/log_inprogress_0
2019-09-25 05:54:15,245 [faa7f77f-6684-4b53-8a7a-61c7fb9cb7f4@group-AFDF365051C2-SegmentedRaftLogWorker] INFO  segmented.SegmentedRaftLogWorker (SegmentedRaftLogWorker.java:execute(569)) - faa7f77f-6684-4b53-8a7a-61c7fb9cb7f4@group-AFDF365051C2-SegmentedRaftLogWorker: created new log segment /workdir/hadoop-ozone/ozonefs/target/test-dir/MiniOzoneClusterImpl-a7a48124-c188-483e-b9a9-787dfdcc7198/datanode-9/data/ratis/c836603e-c028-471a-a041-afdf365051c2/current/log_inprogress_0
2019-09-25 05:54:15,266 [Thread-453] INFO  impl.FollowerState (FollowerState.java:run(106)) - faa7f77f-6684-4b53-8a7a-61c7fb9cb7f4:group-EE26EFB490E0 changes to CANDIDATE, lastRpcTime:5156, electionTimeout:5156ms
2019-09-25 05:54:15,266 [Thread-453] INFO  impl.RoleInfo (RoleInfo.java:shutdownFollowerState(121)) - faa7f77f-6684-4b53-8a7a-61c7fb9cb7f4: shutdown FollowerState
2019-09-25 05:54:15,266 [Thread-453] INFO  impl.RaftServerImpl (RaftServerImpl.java:setRole(174)) - faa7f77f-6684-4b53-8a7a-61c7fb9cb7f4@group-EE26EFB490E0: changes role from  FOLLOWER to CANDIDATE at term 0 for changeToCandidate
2019-09-25 05:54:15,267 [Thread-453] INFO  impl.RoleInfo (RoleInfo.java:updateAndGet(143)) - faa7f77f-6684-4b53-8a7a-61c7fb9cb7f4: start LeaderElection
2019-09-25 05:54:15,281 [faa7f77f-6684-4b53-8a7a-61c7fb9cb7f4@group-EE26EFB490E0:LeaderElection56] INFO  impl.LeaderElection (LeaderElection.java:askForVotes(182)) - faa7f77f-6684-4b53-8a7a-61c7fb9cb7f4@group-EE26EFB490E0:LeaderElection56: begin an election at term 1 for -1: [faa7f77f-6684-4b53-8a7a-61c7fb9cb7f4:192.168.5.161:41397], old=null
2019-09-25 05:54:15,281 [faa7f77f-6684-4b53-8a7a-61c7fb9cb7f4@group-EE26EFB490E0:LeaderElection56] INFO  impl.RoleInfo (RoleInfo.java:shutdownLeaderElection(134)) - faa7f77f-6684-4b53-8a7a-61c7fb9cb7f4: shutdown LeaderElection
2019-09-25 05:54:15,281 [faa7f77f-6684-4b53-8a7a-61c7fb9cb7f4@group-EE26EFB490E0:LeaderElection56] INFO  impl.RaftServerImpl (RaftServerImpl.java:setRole(174)) - faa7f77f-6684-4b53-8a7a-61c7fb9cb7f4@group-EE26EFB490E0: changes role from CANDIDATE to LEADER at term 1 for changeToLeader
2019-09-25 05:54:15,282 [faa7f77f-6684-4b53-8a7a-61c7fb9cb7f4@group-EE26EFB490E0:LeaderElection56] INFO  impl.RaftServerImpl (ServerState.java:setLeader(253)) - faa7f77f-6684-4b53-8a7a-61c7fb9cb7f4@group-EE26EFB490E0: change Leader from null to faa7f77f-6684-4b53-8a7a-61c7fb9cb7f4 at term 1 for becomeLeader, leader elected after 5178ms
2019-09-25 05:54:15,282 [faa7f77f-6684-4b53-8a7a-61c7fb9cb7f4@group-EE26EFB490E0:LeaderElection56] INFO  server.RaftServerConfigKeys (ConfUtils.java:logGet(43)) - raft.server.staging.catchup.gap = 1000 (default)
2019-09-25 05:54:15,282 [faa7f77f-6684-4b53-8a7a-61c7fb9cb7f4@group-EE26EFB490E0:LeaderElection56] INFO  server.RaftServerConfigKeys (ConfUtils.java:logGet(43)) - raft.server.rpc.sleep.time = 25ms (default)
2019-09-25 05:54:15,282 [faa7f77f-6684-4b53-8a7a-61c7fb9cb7f4@group-EE26EFB490E0:LeaderElection56] INFO  server.RaftServerConfigKeys (ConfUtils.java:logGet(43)) - raft.server.write.element-limit = 4096 (default)
2019-09-25 05:54:15,282 [faa7f77f-6684-4b53-8a7a-61c7fb9cb7f4@group-EE26EFB490E0:LeaderElection56] INFO  server.RaftServerConfigKeys (ConfUtils.java:logGet(43)) - raft.server.watch.timeout = 10s (default)
2019-09-25 05:54:15,282 [faa7f77f-6684-4b53-8a7a-61c7fb9cb7f4@group-EE26EFB490E0:LeaderElection56] INFO  server.RaftServerConfigKeys (ConfUtils.java:logGet(43)) - raft.server.watch.timeout.denomination = 1s (default)
2019-09-25 05:54:15,283 [faa7f77f-6684-4b53-8a7a-61c7fb9cb7f4@group-EE26EFB490E0:LeaderElection56] INFO  server.RaftServerConfigKeys (ConfUtils.java:logGet(43)) - raft.server.watch.element-limit = 65536 (default)
2019-09-25 05:54:15,285 [faa7f77f-6684-4b53-8a7a-61c7fb9cb7f4@group-EE26EFB490E0:LeaderElection56] INFO  impl.RoleInfo (RoleInfo.java:updateAndGet(143)) - faa7f77f-6684-4b53-8a7a-61c7fb9cb7f4: start LeaderState
2019-09-25 05:54:15,285 [faa7f77f-6684-4b53-8a7a-61c7fb9cb7f4@group-EE26EFB490E0:LeaderElection56] INFO  segmented.SegmentedRaftLogWorker (SegmentedRaftLogWorker.java:startLogSegment(380)) - faa7f77f-6684-4b53-8a7a-61c7fb9cb7f4@group-EE26EFB490E0-SegmentedRaftLogWorker: Starting segment from index:0
2019-09-25 05:54:15,286 [faa7f77f-6684-4b53-8a7a-61c7fb9cb7f4@group-EE26EFB490E0:LeaderElection56] INFO  impl.RaftServerImpl (ServerState.java:setRaftConf(354)) - faa7f77f-6684-4b53-8a7a-61c7fb9cb7f4@group-EE26EFB490E0: set configuration 0: [faa7f77f-6684-4b53-8a7a-61c7fb9cb7f4:192.168.5.161:41397], old=null at 0
2019-09-25 05:54:15,324 [Thread-459] INFO  impl.FollowerState (FollowerState.java:run(106)) - 58f3e057-a7b1-43f9-accd-a9f9efdb249b:group-FA786E5FA8B2 changes to CANDIDATE, lastRpcTime:5121, electionTimeout:5121ms
2019-09-25 05:54:15,325 [Thread-459] INFO  impl.RoleInfo (RoleInfo.java:shutdownFollowerState(121)) - 58f3e057-a7b1-43f9-accd-a9f9efdb249b: shutdown FollowerState
2019-09-25 05:54:15,325 [Thread-459] INFO  impl.RaftServerImpl (RaftServerImpl.java:setRole(174)) - 58f3e057-a7b1-43f9-accd-a9f9efdb249b@group-FA786E5FA8B2: changes role from  FOLLOWER to CANDIDATE at term 0 for changeToCandidate
2019-09-25 05:54:15,325 [Thread-459] INFO  impl.RoleInfo (RoleInfo.java:updateAndGet(143)) - 58f3e057-a7b1-43f9-accd-a9f9efdb249b: start LeaderElection
2019-09-25 05:54:15,335 [faa7f77f-6684-4b53-8a7a-61c7fb9cb7f4@group-EE26EFB490E0-SegmentedRaftLogWorker] INFO  segmented.SegmentedRaftLogWorker (SegmentedRaftLogWorker.java:execute(569)) - faa7f77f-6684-4b53-8a7a-61c7fb9cb7f4@group-EE26EFB490E0-SegmentedRaftLogWorker: created new log segment /workdir/hadoop-ozone/ozonefs/target/test-dir/MiniOzoneClusterImpl-a7a48124-c188-483e-b9a9-787dfdcc7198/datanode-9/data/ratis/9701ffec-cd15-44a9-80e1-ee26efb490e0/current/log_inprogress_0
2019-09-25 05:54:15,335 [58f3e057-a7b1-43f9-accd-a9f9efdb249b@group-FA786E5FA8B2:LeaderElection57] INFO  impl.LeaderElection (LeaderElection.java:askForVotes(182)) - 58f3e057-a7b1-43f9-accd-a9f9efdb249b@group-FA786E5FA8B2:LeaderElection57: begin an election at term 1 for -1: [58f3e057-a7b1-43f9-accd-a9f9efdb249b:192.168.5.161:39965], old=null
2019-09-25 05:54:15,335 [58f3e057-a7b1-43f9-accd-a9f9efdb249b@group-FA786E5FA8B2:LeaderElection57] INFO  impl.RoleInfo (RoleInfo.java:shutdownLeaderElection(134)) - 58f3e057-a7b1-43f9-accd-a9f9efdb249b: shutdown LeaderElection
2019-09-25 05:54:15,335 [58f3e057-a7b1-43f9-accd-a9f9efdb249b@group-FA786E5FA8B2:LeaderElection57] INFO  impl.RaftServerImpl (RaftServerImpl.java:setRole(174)) - 58f3e057-a7b1-43f9-accd-a9f9efdb249b@group-FA786E5FA8B2: changes role from CANDIDATE to LEADER at term 1 for changeToLeader
2019-09-25 05:54:15,335 [58f3e057-a7b1-43f9-accd-a9f9efdb249b@group-FA786E5FA8B2:LeaderElection57] INFO  impl.RaftServerImpl (ServerState.java:setLeader(253)) - 58f3e057-a7b1-43f9-accd-a9f9efdb249b@group-FA786E5FA8B2: change Leader from null to 58f3e057-a7b1-43f9-accd-a9f9efdb249b at term 1 for becomeLeader, leader elected after 5139ms
2019-09-25 05:54:15,336 [58f3e057-a7b1-43f9-accd-a9f9efdb249b@group-FA786E5FA8B2:LeaderElection57] INFO  server.RaftServerConfigKeys (ConfUtils.java:logGet(43)) - raft.server.staging.catchup.gap = 1000 (default)
2019-09-25 05:54:15,336 [58f3e057-a7b1-43f9-accd-a9f9efdb249b@group-FA786E5FA8B2:LeaderElection57] INFO  server.RaftServerConfigKeys (ConfUtils.java:logGet(43)) - raft.server.rpc.sleep.time = 25ms (default)
2019-09-25 05:54:15,336 [58f3e057-a7b1-43f9-accd-a9f9efdb249b@group-FA786E5FA8B2:LeaderElection57] INFO  server.RaftServerConfigKeys (ConfUtils.java:logGet(43)) - raft.server.write.element-limit = 4096 (default)
2019-09-25 05:54:15,336 [58f3e057-a7b1-43f9-accd-a9f9efdb249b@group-FA786E5FA8B2:LeaderElection57] INFO  server.RaftServerConfigKeys (ConfUtils.java:logGet(43)) - raft.server.watch.timeout = 10s (default)
2019-09-25 05:54:15,336 [58f3e057-a7b1-43f9-accd-a9f9efdb249b@group-FA786E5FA8B2:LeaderElection57] INFO  server.RaftServerConfigKeys (ConfUtils.java:logGet(43)) - raft.server.watch.timeout.denomination = 1s (default)
2019-09-25 05:54:15,336 [58f3e057-a7b1-43f9-accd-a9f9efdb249b@group-FA786E5FA8B2:LeaderElection57] INFO  server.RaftServerConfigKeys (ConfUtils.java:logGet(43)) - raft.server.watch.element-limit = 65536 (default)
2019-09-25 05:54:15,339 [58f3e057-a7b1-43f9-accd-a9f9efdb249b@group-FA786E5FA8B2:LeaderElection57] INFO  impl.RoleInfo (RoleInfo.java:updateAndGet(143)) - 58f3e057-a7b1-43f9-accd-a9f9efdb249b: start LeaderState
2019-09-25 05:54:15,339 [58f3e057-a7b1-43f9-accd-a9f9efdb249b@group-FA786E5FA8B2:LeaderElection57] INFO  segmented.SegmentedRaftLogWorker (SegmentedRaftLogWorker.java:startLogSegment(380)) - 58f3e057-a7b1-43f9-accd-a9f9efdb249b@group-FA786E5FA8B2-SegmentedRaftLogWorker: Starting segment from index:0
2019-09-25 05:54:15,340 [58f3e057-a7b1-43f9-accd-a9f9efdb249b@group-FA786E5FA8B2:LeaderElection57] INFO  impl.RaftServerImpl (ServerState.java:setRaftConf(354)) - 58f3e057-a7b1-43f9-accd-a9f9efdb249b@group-FA786E5FA8B2: set configuration 0: [58f3e057-a7b1-43f9-accd-a9f9efdb249b:192.168.5.161:39965], old=null at 0
2019-09-25 05:54:15,359 [Thread-462] INFO  impl.FollowerState (FollowerState.java:run(106)) - faa7f77f-6684-4b53-8a7a-61c7fb9cb7f4:group-854668E17376 changes to CANDIDATE, lastRpcTime:5121, electionTimeout:5121ms
2019-09-25 05:54:15,359 [Thread-462] INFO  impl.RoleInfo (RoleInfo.java:shutdownFollowerState(121)) - faa7f77f-6684-4b53-8a7a-61c7fb9cb7f4: shutdown FollowerState
2019-09-25 05:54:15,359 [Thread-462] INFO  impl.RaftServerImpl (RaftServerImpl.java:setRole(174)) - faa7f77f-6684-4b53-8a7a-61c7fb9cb7f4@group-854668E17376: changes role from  FOLLOWER to CANDIDATE at term 0 for changeToCandidate
2019-09-25 05:54:15,359 [Thread-462] INFO  impl.RoleInfo (RoleInfo.java:updateAndGet(143)) - faa7f77f-6684-4b53-8a7a-61c7fb9cb7f4: start LeaderElection
2019-09-25 05:54:15,375 [faa7f77f-6684-4b53-8a7a-61c7fb9cb7f4@group-854668E17376:LeaderElection58] INFO  impl.LeaderElection (LeaderElection.java:askForVotes(182)) - faa7f77f-6684-4b53-8a7a-61c7fb9cb7f4@group-854668E17376:LeaderElection58: begin an election at term 1 for -1: [faa7f77f-6684-4b53-8a7a-61c7fb9cb7f4:192.168.5.161:41397], old=null
2019-09-25 05:54:15,375 [faa7f77f-6684-4b53-8a7a-61c7fb9cb7f4@group-854668E17376:LeaderElection58] INFO  impl.RoleInfo (RoleInfo.java:shutdownLeaderElection(134)) - faa7f77f-6684-4b53-8a7a-61c7fb9cb7f4: shutdown LeaderElection
2019-09-25 05:54:15,375 [faa7f77f-6684-4b53-8a7a-61c7fb9cb7f4@group-854668E17376:LeaderElection58] INFO  impl.RaftServerImpl (RaftServerImpl.java:setRole(174)) - faa7f77f-6684-4b53-8a7a-61c7fb9cb7f4@group-854668E17376: changes role from CANDIDATE to LEADER at term 1 for changeToLeader
2019-09-25 05:54:15,375 [faa7f77f-6684-4b53-8a7a-61c7fb9cb7f4@group-854668E17376:LeaderElection58] INFO  impl.RaftServerImpl (ServerState.java:setLeader(253)) - faa7f77f-6684-4b53-8a7a-61c7fb9cb7f4@group-854668E17376: change Leader from null to faa7f77f-6684-4b53-8a7a-61c7fb9cb7f4 at term 1 for becomeLeader, leader elected after 5144ms
2019-09-25 05:54:15,375 [faa7f77f-6684-4b53-8a7a-61c7fb9cb7f4@group-854668E17376:LeaderElection58] INFO  server.RaftServerConfigKeys (ConfUtils.java:logGet(43)) - raft.server.staging.catchup.gap = 1000 (default)
2019-09-25 05:54:15,376 [faa7f77f-6684-4b53-8a7a-61c7fb9cb7f4@group-854668E17376:LeaderElection58] INFO  server.RaftServerConfigKeys (ConfUtils.java:logGet(43)) - raft.server.rpc.sleep.time = 25ms (default)
2019-09-25 05:54:15,376 [faa7f77f-6684-4b53-8a7a-61c7fb9cb7f4@group-854668E17376:LeaderElection58] INFO  server.RaftServerConfigKeys (ConfUtils.java:logGet(43)) - raft.server.write.element-limit = 4096 (default)
2019-09-25 05:54:15,376 [faa7f77f-6684-4b53-8a7a-61c7fb9cb7f4@group-854668E17376:LeaderElection58] INFO  server.RaftServerConfigKeys (ConfUtils.java:logGet(43)) - raft.server.watch.timeout = 10s (default)
2019-09-25 05:54:15,376 [faa7f77f-6684-4b53-8a7a-61c7fb9cb7f4@group-854668E17376:LeaderElection58] INFO  server.RaftServerConfigKeys (ConfUtils.java:logGet(43)) - raft.server.watch.timeout.denomination = 1s (default)
2019-09-25 05:54:15,376 [faa7f77f-6684-4b53-8a7a-61c7fb9cb7f4@group-854668E17376:LeaderElection58] INFO  server.RaftServerConfigKeys (ConfUtils.java:logGet(43)) - raft.server.watch.element-limit = 65536 (default)
2019-09-25 05:54:15,378 [faa7f77f-6684-4b53-8a7a-61c7fb9cb7f4@group-854668E17376:LeaderElection58] INFO  impl.RoleInfo (RoleInfo.java:updateAndGet(143)) - faa7f77f-6684-4b53-8a7a-61c7fb9cb7f4: start LeaderState
2019-09-25 05:54:15,379 [faa7f77f-6684-4b53-8a7a-61c7fb9cb7f4@group-854668E17376:LeaderElection58] INFO  segmented.SegmentedRaftLogWorker (SegmentedRaftLogWorker.java:startLogSegment(380)) - faa7f77f-6684-4b53-8a7a-61c7fb9cb7f4@group-854668E17376-SegmentedRaftLogWorker: Starting segment from index:0
2019-09-25 05:54:15,379 [faa7f77f-6684-4b53-8a7a-61c7fb9cb7f4@group-854668E17376:LeaderElection58] INFO  impl.RaftServerImpl (ServerState.java:setRaftConf(354)) - faa7f77f-6684-4b53-8a7a-61c7fb9cb7f4@group-854668E17376: set configuration 0: [faa7f77f-6684-4b53-8a7a-61c7fb9cb7f4:192.168.5.161:41397], old=null at 0
2019-09-25 05:54:15,388 [58f3e057-a7b1-43f9-accd-a9f9efdb249b@group-FA786E5FA8B2-SegmentedRaftLogWorker] INFO  segmented.SegmentedRaftLogWorker (SegmentedRaftLogWorker.java:execute(569)) - 58f3e057-a7b1-43f9-accd-a9f9efdb249b@group-FA786E5FA8B2-SegmentedRaftLogWorker: created new log segment /workdir/hadoop-ozone/ozonefs/target/test-dir/MiniOzoneClusterImpl-a7a48124-c188-483e-b9a9-787dfdcc7198/datanode-8/data/ratis/f2c6fd11-7bd5-4e4d-8132-fa786e5fa8b2/current/log_inprogress_0
2019-09-25 05:54:15,389 [Thread-466] INFO  impl.FollowerState (FollowerState.java:run(106)) - faa7f77f-6684-4b53-8a7a-61c7fb9cb7f4:group-A8ACEFD8352F changes to CANDIDATE, lastRpcTime:5085, electionTimeout:5085ms
2019-09-25 05:54:15,389 [Thread-466] INFO  impl.RoleInfo (RoleInfo.java:shutdownFollowerState(121)) - faa7f77f-6684-4b53-8a7a-61c7fb9cb7f4: shutdown FollowerState
2019-09-25 05:54:15,389 [Thread-466] INFO  impl.RaftServerImpl (RaftServerImpl.java:setRole(174)) - faa7f77f-6684-4b53-8a7a-61c7fb9cb7f4@group-A8ACEFD8352F: changes role from  FOLLOWER to CANDIDATE at term 0 for changeToCandidate
2019-09-25 05:54:15,389 [Thread-466] INFO  impl.RoleInfo (RoleInfo.java:updateAndGet(143)) - faa7f77f-6684-4b53-8a7a-61c7fb9cb7f4: start LeaderElection
2019-09-25 05:54:15,401 [faa7f77f-6684-4b53-8a7a-61c7fb9cb7f4@group-A8ACEFD8352F:LeaderElection59] INFO  impl.LeaderElection (LeaderElection.java:askForVotes(182)) - faa7f77f-6684-4b53-8a7a-61c7fb9cb7f4@group-A8ACEFD8352F:LeaderElection59: begin an election at term 1 for -1: [faa7f77f-6684-4b53-8a7a-61c7fb9cb7f4:192.168.5.161:41397], old=null
2019-09-25 05:54:15,401 [faa7f77f-6684-4b53-8a7a-61c7fb9cb7f4@group-A8ACEFD8352F:LeaderElection59] INFO  impl.RoleInfo (RoleInfo.java:shutdownLeaderElection(134)) - faa7f77f-6684-4b53-8a7a-61c7fb9cb7f4: shutdown LeaderElection
2019-09-25 05:54:15,401 [faa7f77f-6684-4b53-8a7a-61c7fb9cb7f4@group-A8ACEFD8352F:LeaderElection59] INFO  impl.RaftServerImpl (RaftServerImpl.java:setRole(174)) - faa7f77f-6684-4b53-8a7a-61c7fb9cb7f4@group-A8ACEFD8352F: changes role from CANDIDATE to LEADER at term 1 for changeToLeader
2019-09-25 05:54:15,401 [faa7f77f-6684-4b53-8a7a-61c7fb9cb7f4@group-A8ACEFD8352F:LeaderElection59] INFO  impl.RaftServerImpl (ServerState.java:setLeader(253)) - faa7f77f-6684-4b53-8a7a-61c7fb9cb7f4@group-A8ACEFD8352F: change Leader from null to faa7f77f-6684-4b53-8a7a-61c7fb9cb7f4 at term 1 for becomeLeader, leader elected after 5104ms
2019-09-25 05:54:15,402 [faa7f77f-6684-4b53-8a7a-61c7fb9cb7f4@group-A8ACEFD8352F:LeaderElection59] INFO  server.RaftServerConfigKeys (ConfUtils.java:logGet(43)) - raft.server.staging.catchup.gap = 1000 (default)
2019-09-25 05:54:15,402 [faa7f77f-6684-4b53-8a7a-61c7fb9cb7f4@group-A8ACEFD8352F:LeaderElection59] INFO  server.RaftServerConfigKeys (ConfUtils.java:logGet(43)) - raft.server.rpc.sleep.time = 25ms (default)
2019-09-25 05:54:15,402 [faa7f77f-6684-4b53-8a7a-61c7fb9cb7f4@group-A8ACEFD8352F:LeaderElection59] INFO  server.RaftServerConfigKeys (ConfUtils.java:logGet(43)) - raft.server.write.element-limit = 4096 (default)
2019-09-25 05:54:15,402 [faa7f77f-6684-4b53-8a7a-61c7fb9cb7f4@group-A8ACEFD8352F:LeaderElection59] INFO  server.RaftServerConfigKeys (ConfUtils.java:logGet(43)) - raft.server.watch.timeout = 10s (default)
2019-09-25 05:54:15,402 [faa7f77f-6684-4b53-8a7a-61c7fb9cb7f4@group-A8ACEFD8352F:LeaderElection59] INFO  server.RaftServerConfigKeys (ConfUtils.java:logGet(43)) - raft.server.watch.timeout.denomination = 1s (default)
2019-09-25 05:54:15,403 [faa7f77f-6684-4b53-8a7a-61c7fb9cb7f4@group-A8ACEFD8352F:LeaderElection59] INFO  server.RaftServerConfigKeys (ConfUtils.java:logGet(43)) - raft.server.watch.element-limit = 65536 (default)
2019-09-25 05:54:15,405 [faa7f77f-6684-4b53-8a7a-61c7fb9cb7f4@group-A8ACEFD8352F:LeaderElection59] INFO  impl.RoleInfo (RoleInfo.java:updateAndGet(143)) - faa7f77f-6684-4b53-8a7a-61c7fb9cb7f4: start LeaderState
2019-09-25 05:54:15,405 [faa7f77f-6684-4b53-8a7a-61c7fb9cb7f4@group-A8ACEFD8352F:LeaderElection59] INFO  segmented.SegmentedRaftLogWorker (SegmentedRaftLogWorker.java:startLogSegment(380)) - faa7f77f-6684-4b53-8a7a-61c7fb9cb7f4@group-A8ACEFD8352F-SegmentedRaftLogWorker: Starting segment from index:0
2019-09-25 05:54:15,406 [faa7f77f-6684-4b53-8a7a-61c7fb9cb7f4@group-A8ACEFD8352F:LeaderElection59] INFO  impl.RaftServerImpl (ServerState.java:setRaftConf(354)) - faa7f77f-6684-4b53-8a7a-61c7fb9cb7f4@group-A8ACEFD8352F: set configuration 0: [faa7f77f-6684-4b53-8a7a-61c7fb9cb7f4:192.168.5.161:41397], old=null at 0
2019-09-25 05:54:15,430 [faa7f77f-6684-4b53-8a7a-61c7fb9cb7f4@group-854668E17376-SegmentedRaftLogWorker] INFO  segmented.SegmentedRaftLogWorker (SegmentedRaftLogWorker.java:execute(569)) - faa7f77f-6684-4b53-8a7a-61c7fb9cb7f4@group-854668E17376-SegmentedRaftLogWorker: created new log segment /workdir/hadoop-ozone/ozonefs/target/test-dir/MiniOzoneClusterImpl-a7a48124-c188-483e-b9a9-787dfdcc7198/datanode-9/data/ratis/8308b3b8-daeb-4861-9a13-854668e17376/current/log_inprogress_0
2019-09-25 05:54:15,449 [faa7f77f-6684-4b53-8a7a-61c7fb9cb7f4@group-A8ACEFD8352F-SegmentedRaftLogWorker] INFO  segmented.SegmentedRaftLogWorker (SegmentedRaftLogWorker.java:execute(569)) - faa7f77f-6684-4b53-8a7a-61c7fb9cb7f4@group-A8ACEFD8352F-SegmentedRaftLogWorker: created new log segment /workdir/hadoop-ozone/ozonefs/target/test-dir/MiniOzoneClusterImpl-a7a48124-c188-483e-b9a9-787dfdcc7198/datanode-9/data/ratis/0c9edb85-b695-4479-99f8-a8acefd8352f/current/log_inprogress_0
2019-09-25 05:54:15,456 [Thread-470] INFO  impl.FollowerState (FollowerState.java:run(106)) - faa7f77f-6684-4b53-8a7a-61c7fb9cb7f4:group-F708D375A4ED changes to CANDIDATE, lastRpcTime:5089, electionTimeout:5089ms
2019-09-25 05:54:15,456 [Thread-470] INFO  impl.RoleInfo (RoleInfo.java:shutdownFollowerState(121)) - faa7f77f-6684-4b53-8a7a-61c7fb9cb7f4: shutdown FollowerState
2019-09-25 05:54:15,457 [Thread-470] INFO  impl.RaftServerImpl (RaftServerImpl.java:setRole(174)) - faa7f77f-6684-4b53-8a7a-61c7fb9cb7f4@group-F708D375A4ED: changes role from  FOLLOWER to CANDIDATE at term 0 for changeToCandidate
2019-09-25 05:54:15,457 [Thread-470] INFO  impl.RoleInfo (RoleInfo.java:updateAndGet(143)) - faa7f77f-6684-4b53-8a7a-61c7fb9cb7f4: start LeaderElection
2019-09-25 05:54:15,483 [faa7f77f-6684-4b53-8a7a-61c7fb9cb7f4@group-F708D375A4ED:LeaderElection60] INFO  impl.LeaderElection (LeaderElection.java:askForVotes(182)) - faa7f77f-6684-4b53-8a7a-61c7fb9cb7f4@group-F708D375A4ED:LeaderElection60: begin an election at term 1 for -1: [faa7f77f-6684-4b53-8a7a-61c7fb9cb7f4:192.168.5.161:41397], old=null
2019-09-25 05:54:15,484 [faa7f77f-6684-4b53-8a7a-61c7fb9cb7f4@group-F708D375A4ED:LeaderElection60] INFO  impl.RoleInfo (RoleInfo.java:shutdownLeaderElection(134)) - faa7f77f-6684-4b53-8a7a-61c7fb9cb7f4: shutdown LeaderElection
2019-09-25 05:54:15,484 [faa7f77f-6684-4b53-8a7a-61c7fb9cb7f4@group-F708D375A4ED:LeaderElection60] INFO  impl.RaftServerImpl (RaftServerImpl.java:setRole(174)) - faa7f77f-6684-4b53-8a7a-61c7fb9cb7f4@group-F708D375A4ED: changes role from CANDIDATE to LEADER at term 1 for changeToLeader
2019-09-25 05:54:15,484 [faa7f77f-6684-4b53-8a7a-61c7fb9cb7f4@group-F708D375A4ED:LeaderElection60] INFO  impl.RaftServerImpl (ServerState.java:setLeader(253)) - faa7f77f-6684-4b53-8a7a-61c7fb9cb7f4@group-F708D375A4ED: change Leader from null to faa7f77f-6684-4b53-8a7a-61c7fb9cb7f4 at term 1 for becomeLeader, leader elected after 5124ms
2019-09-25 05:54:15,484 [faa7f77f-6684-4b53-8a7a-61c7fb9cb7f4@group-F708D375A4ED:LeaderElection60] INFO  server.RaftServerConfigKeys (ConfUtils.java:logGet(43)) - raft.server.staging.catchup.gap = 1000 (default)
2019-09-25 05:54:15,484 [faa7f77f-6684-4b53-8a7a-61c7fb9cb7f4@group-F708D375A4ED:LeaderElection60] INFO  server.RaftServerConfigKeys (ConfUtils.java:logGet(43)) - raft.server.rpc.sleep.time = 25ms (default)
2019-09-25 05:54:15,484 [faa7f77f-6684-4b53-8a7a-61c7fb9cb7f4@group-F708D375A4ED:LeaderElection60] INFO  server.RaftServerConfigKeys (ConfUtils.java:logGet(43)) - raft.server.write.element-limit = 4096 (default)
2019-09-25 05:54:15,485 [faa7f77f-6684-4b53-8a7a-61c7fb9cb7f4@group-F708D375A4ED:LeaderElection60] INFO  server.RaftServerConfigKeys (ConfUtils.java:logGet(43)) - raft.server.watch.timeout = 10s (default)
2019-09-25 05:54:15,485 [faa7f77f-6684-4b53-8a7a-61c7fb9cb7f4@group-F708D375A4ED:LeaderElection60] INFO  server.RaftServerConfigKeys (ConfUtils.java:logGet(43)) - raft.server.watch.timeout.denomination = 1s (default)
2019-09-25 05:54:15,485 [faa7f77f-6684-4b53-8a7a-61c7fb9cb7f4@group-F708D375A4ED:LeaderElection60] INFO  server.RaftServerConfigKeys (ConfUtils.java:logGet(43)) - raft.server.watch.element-limit = 65536 (default)
2019-09-25 05:54:15,488 [faa7f77f-6684-4b53-8a7a-61c7fb9cb7f4@group-F708D375A4ED:LeaderElection60] INFO  impl.RoleInfo (RoleInfo.java:updateAndGet(143)) - faa7f77f-6684-4b53-8a7a-61c7fb9cb7f4: start LeaderState
2019-09-25 05:54:15,488 [faa7f77f-6684-4b53-8a7a-61c7fb9cb7f4@group-F708D375A4ED:LeaderElection60] INFO  segmented.SegmentedRaftLogWorker (SegmentedRaftLogWorker.java:startLogSegment(380)) - faa7f77f-6684-4b53-8a7a-61c7fb9cb7f4@group-F708D375A4ED-SegmentedRaftLogWorker: Starting segment from index:0
2019-09-25 05:54:15,489 [faa7f77f-6684-4b53-8a7a-61c7fb9cb7f4@group-F708D375A4ED:LeaderElection60] INFO  impl.RaftServerImpl (ServerState.java:setRaftConf(354)) - faa7f77f-6684-4b53-8a7a-61c7fb9cb7f4@group-F708D375A4ED: set configuration 0: [faa7f77f-6684-4b53-8a7a-61c7fb9cb7f4:192.168.5.161:41397], old=null at 0
2019-09-25 05:54:15,552 [faa7f77f-6684-4b53-8a7a-61c7fb9cb7f4@group-F708D375A4ED-SegmentedRaftLogWorker] INFO  segmented.SegmentedRaftLogWorker (SegmentedRaftLogWorker.java:execute(569)) - faa7f77f-6684-4b53-8a7a-61c7fb9cb7f4@group-F708D375A4ED-SegmentedRaftLogWorker: created new log segment /workdir/hadoop-ozone/ozonefs/target/test-dir/MiniOzoneClusterImpl-a7a48124-c188-483e-b9a9-787dfdcc7198/datanode-9/data/ratis/55177033-37a4-4462-9552-f708d375a4ed/current/log_inprogress_0
2019-09-25 05:54:16,904 [IPC Server handler 0 on 35627] INFO  pipeline.PipelinePlacementPolicy (PipelinePlacementPolicy.java:meetCriteria(91)) - Pipeline Placement: can't place more pipeline on heavy datanode： f28e89b6-3953-4014-b5dd-5d7c12bc90a1 Heaviness: 6 limit: 5
2019-09-25 05:54:16,905 [IPC Server handler 0 on 35627] INFO  pipeline.PipelinePlacementPolicy (PipelinePlacementPolicy.java:meetCriteria(91)) - Pipeline Placement: can't place more pipeline on heavy datanode： 169f835a-5a51-4a80-ac17-f8139cf3a6e7 Heaviness: 6 limit: 5
2019-09-25 05:54:16,905 [IPC Server handler 0 on 35627] INFO  pipeline.PipelinePlacementPolicy (PipelinePlacementPolicy.java:meetCriteria(91)) - Pipeline Placement: can't place more pipeline on heavy datanode： a171a438-4db2-4a15-a03d-8d01a40a69ad Heaviness: 6 limit: 5
2019-09-25 05:54:16,905 [IPC Server handler 0 on 35627] INFO  pipeline.PipelinePlacementPolicy (PipelinePlacementPolicy.java:meetCriteria(91)) - Pipeline Placement: can't place more pipeline on heavy datanode： f15c9da4-41cd-4d3b-befd-f91bd6a8ef15 Heaviness: 6 limit: 5
2019-09-25 05:54:16,906 [IPC Server handler 0 on 35627] INFO  pipeline.PipelinePlacementPolicy (PipelinePlacementPolicy.java:meetCriteria(91)) - Pipeline Placement: can't place more pipeline on heavy datanode： 22638597-b9ac-42fc-8d80-a8fc15613fc1 Heaviness: 6 limit: 5
2019-09-25 05:54:16,906 [IPC Server handler 0 on 35627] INFO  pipeline.PipelinePlacementPolicy (PipelinePlacementPolicy.java:meetCriteria(91)) - Pipeline Placement: can't place more pipeline on heavy datanode： 58f3e057-a7b1-43f9-accd-a9f9efdb249b Heaviness: 6 limit: 5
2019-09-25 05:54:16,906 [IPC Server handler 0 on 35627] INFO  pipeline.PipelinePlacementPolicy (PipelinePlacementPolicy.java:meetCriteria(91)) - Pipeline Placement: can't place more pipeline on heavy datanode： 9b45984a-e801-4994-8f0b-759bb773fda3 Heaviness: 6 limit: 5
2019-09-25 05:54:16,906 [IPC Server handler 0 on 35627] INFO  pipeline.PipelinePlacementPolicy (PipelinePlacementPolicy.java:meetCriteria(91)) - Pipeline Placement: can't place more pipeline on heavy datanode： faa7f77f-6684-4b53-8a7a-61c7fb9cb7f4 Heaviness: 6 limit: 5
2019-09-25 05:54:16,906 [IPC Server handler 0 on 35627] INFO  pipeline.PipelinePlacementPolicy (PipelinePlacementPolicy.java:meetCriteria(91)) - Pipeline Placement: can't place more pipeline on heavy datanode： 042645b7-d9e3-44d6-a86c-5222fd8d5aba Heaviness: 6 limit: 5
2019-09-25 05:54:16,906 [IPC Server handler 0 on 35627] INFO  pipeline.PipelinePlacementPolicy (PipelinePlacementPolicy.java:meetCriteria(91)) - Pipeline Placement: can't place more pipeline on heavy datanode： a8d2df02-a9dc-4b60-9eec-a53a711ba1ae Heaviness: 6 limit: 5
2019-09-25 05:54:16,907 [IPC Server handler 0 on 35627] ERROR pipeline.PipelinePlacementPolicy (PipelinePlacementPolicy.java:filterViableNodes(148)) - Unable to find enough nodes that meet the criteria that cannot engage in more than 5 pipelines. Nodes required: 3 Found: 0, healthy nodes count inNodeManager: 10.
2019-09-25 05:54:16,907 [IPC Server handler 0 on 35627] ERROR pipeline.SCMPipelineManager (SCMPipelineManager.java:createPipeline(167)) - Pipeline creation failed.
org.apache.hadoop.hdds.scm.exceptions.SCMException: Unable to find enough nodes that meet the criteria that cannot engage in more than 5 pipelines. Nodes required: 3 Found: 0, healthy nodes count inNodeManager: 10.
	at org.apache.hadoop.hdds.scm.pipeline.PipelinePlacementPolicy.filterViableNodes(PipelinePlacementPolicy.java:149)
	at org.apache.hadoop.hdds.scm.pipeline.PipelinePlacementPolicy.chooseDatanodes(PipelinePlacementPolicy.java:172)
	at org.apache.hadoop.hdds.scm.pipeline.RatisPipelineProvider.create(RatisPipelineProvider.java:93)
	at org.apache.hadoop.hdds.scm.pipeline.PipelineFactory.create(PipelineFactory.java:58)
	at org.apache.hadoop.hdds.scm.pipeline.SCMPipelineManager.createPipeline(SCMPipelineManager.java:155)
	at org.apache.hadoop.hdds.scm.block.BlockManagerImpl.allocateBlock(BlockManagerImpl.java:190)
	at org.apache.hadoop.hdds.scm.server.SCMBlockProtocolServer.allocateBlock(SCMBlockProtocolServer.java:182)
	at org.apache.hadoop.ozone.protocolPB.ScmBlockLocationProtocolServerSideTranslatorPB.allocateScmBlock(ScmBlockLocationProtocolServerSideTranslatorPB.java:183)
	at org.apache.hadoop.ozone.protocolPB.ScmBlockLocationProtocolServerSideTranslatorPB.processMessage(ScmBlockLocationProtocolServerSideTranslatorPB.java:141)
	at org.apache.hadoop.ozone.protocolPB.ScmBlockLocationProtocolServerSideTranslatorPB.send(ScmBlockLocationProtocolServerSideTranslatorPB.java:116)
	at org.apache.hadoop.hdds.protocol.proto.ScmBlockLocationProtocolProtos$ScmBlockLocationProtocolService$2.callBlockingMethod(ScmBlockLocationProtocolProtos.java:13157)
	at org.apache.hadoop.ipc.ProtobufRpcEngine$Server$ProtoBufRpcInvoker.call(ProtobufRpcEngine.java:524)
	at org.apache.hadoop.ipc.RPC$Server.call(RPC.java:1025)
	at org.apache.hadoop.ipc.Server$RpcCall.run(Server.java:876)
	at org.apache.hadoop.ipc.Server$RpcCall.run(Server.java:822)
	at java.security.AccessController.doPrivileged(Native Method)
	at javax.security.auth.Subject.doAs(Subject.java:422)
	at org.apache.hadoop.security.UserGroupInformation.doAs(UserGroupInformation.java:1730)
	at org.apache.hadoop.ipc.Server$Handler.run(Server.java:2682)
2019-09-25 05:54:16,908 [IPC Server handler 0 on 35627] WARN  block.BlockManagerImpl (BlockManagerImpl.java:allocateBlock(192)) - Pipeline creation failed for type:RATIS factor:THREE. Retrying get pipelines call once.
org.apache.hadoop.hdds.scm.exceptions.SCMException: Unable to find enough nodes that meet the criteria that cannot engage in more than 5 pipelines. Nodes required: 3 Found: 0, healthy nodes count inNodeManager: 10.
	at org.apache.hadoop.hdds.scm.pipeline.PipelinePlacementPolicy.filterViableNodes(PipelinePlacementPolicy.java:149)
	at org.apache.hadoop.hdds.scm.pipeline.PipelinePlacementPolicy.chooseDatanodes(PipelinePlacementPolicy.java:172)
	at org.apache.hadoop.hdds.scm.pipeline.RatisPipelineProvider.create(RatisPipelineProvider.java:93)
	at org.apache.hadoop.hdds.scm.pipeline.PipelineFactory.create(PipelineFactory.java:58)
	at org.apache.hadoop.hdds.scm.pipeline.SCMPipelineManager.createPipeline(SCMPipelineManager.java:155)
	at org.apache.hadoop.hdds.scm.block.BlockManagerImpl.allocateBlock(BlockManagerImpl.java:190)
	at org.apache.hadoop.hdds.scm.server.SCMBlockProtocolServer.allocateBlock(SCMBlockProtocolServer.java:182)
	at org.apache.hadoop.ozone.protocolPB.ScmBlockLocationProtocolServerSideTranslatorPB.allocateScmBlock(ScmBlockLocationProtocolServerSideTranslatorPB.java:183)
	at org.apache.hadoop.ozone.protocolPB.ScmBlockLocationProtocolServerSideTranslatorPB.processMessage(ScmBlockLocationProtocolServerSideTranslatorPB.java:141)
	at org.apache.hadoop.ozone.protocolPB.ScmBlockLocationProtocolServerSideTranslatorPB.send(ScmBlockLocationProtocolServerSideTranslatorPB.java:116)
	at org.apache.hadoop.hdds.protocol.proto.ScmBlockLocationProtocolProtos$ScmBlockLocationProtocolService$2.callBlockingMethod(ScmBlockLocationProtocolProtos.java:13157)
	at org.apache.hadoop.ipc.ProtobufRpcEngine$Server$ProtoBufRpcInvoker.call(ProtobufRpcEngine.java:524)
	at org.apache.hadoop.ipc.RPC$Server.call(RPC.java:1025)
	at org.apache.hadoop.ipc.Server$RpcCall.run(Server.java:876)
	at org.apache.hadoop.ipc.Server$RpcCall.run(Server.java:822)
	at java.security.AccessController.doPrivileged(Native Method)
	at javax.security.auth.Subject.doAs(Subject.java:422)
	at org.apache.hadoop.security.UserGroupInformation.doAs(UserGroupInformation.java:1730)
	at org.apache.hadoop.ipc.Server$Handler.run(Server.java:2682)
2019-09-25 05:54:16,909 [IPC Server handler 0 on 35627] INFO  block.BlockManagerImpl (BlockManagerImpl.java:allocateBlock(198)) - Could not find available pipeline of type:RATIS and factor:THREE even after retrying
2019-09-25 05:54:16,909 [IPC Server handler 0 on 35627] ERROR block.BlockManagerImpl (BlockManagerImpl.java:allocateBlock(222)) - Unable to allocate a block for the size: 4194304, type: RATIS, factor: THREE
2019-09-25 05:54:16,917 [main] INFO  ozone.MiniOzoneClusterImpl (MiniOzoneClusterImpl.java:shutdown(314)) - Shutting down the Mini Ozone Cluster
2019-09-25 05:54:16,918 [main] INFO  ozone.MiniOzoneClusterImpl (MiniOzoneClusterImpl.java:stop(330)) - Stopping the Mini Ozone Cluster
2019-09-25 05:54:16,918 [main] INFO  ozone.MiniOzoneClusterImpl (MiniOzoneClusterImpl.java:stopOM(400)) - Stopping the OzoneManager
2019-09-25 05:54:16,919 [main] INFO  ipc.Server (Server.java:stop(3082)) - Stopping server on 35983
2019-09-25 05:54:16,963 [IPC Server listener on 35983] INFO  ipc.Server (Server.java:run(1185)) - Stopping IPC Server listener on 35983
2019-09-25 05:54:16,967 [main] INFO  ratis.OzoneManagerDoubleBuffer (OzoneManagerDoubleBuffer.java:stop(248)) - Stopping OMDoubleBuffer flush thread
2019-09-25 05:54:16,967 [IPC Server Responder] INFO  ipc.Server (Server.java:run(1319)) - Stopping IPC Server Responder
2019-09-25 05:54:16,968 [OMDoubleBufferFlushThread] INFO  ratis.OzoneManagerDoubleBuffer (OzoneManagerDoubleBuffer.java:flushTransactions(191)) - OMDoubleBuffer flush thread OMDoubleBufferFlushThread is interrupted and will exit. OMDoubleBufferFlushThread
2019-09-25 05:54:16,971 [main] INFO  utils.BackgroundService (BackgroundService.java:shutdown(148)) - Shutting down service KeyDeletingService
2019-09-25 05:54:16,976 [main] INFO  handler.ContextHandler (ContextHandler.java:doStop(910)) - Stopped o.e.j.w.WebAppContext@298d9a05{/,null,UNAVAILABLE}{/ozoneManager}
2019-09-25 05:54:16,981 [main] INFO  server.AbstractConnector (AbstractConnector.java:doStop(318)) - Stopped ServerConnector@58399d82{HTTP/1.1,[http/1.1]}{0.0.0.0:0}
2019-09-25 05:54:16,982 [main] INFO  handler.ContextHandler (ContextHandler.java:doStop(910)) - Stopped o.e.j.s.ServletContextHandler@1dcca8d3{/static,jar:file:/home/user/.m2/repository/org/apache/hadoop/hadoop-ozone-ozone-manager/0.5.0-SNAPSHOT/hadoop-ozone-ozone-manager-0.5.0-SNAPSHOT.jar!/webapps/static,UNAVAILABLE}
2019-09-25 05:54:16,982 [main] INFO  handler.ContextHandler (ContextHandler.java:doStop(910)) - Stopped o.e.j.s.ServletContextHandler@56303475{/logs,file:///workdir/hadoop-ozone/ozonefs/target/log,UNAVAILABLE}
2019-09-25 05:54:16,988 [main] INFO  ozone.MiniOzoneClusterImpl (MiniOzoneClusterImpl.java:stopDatanodes(377)) - Stopping the HddsDatanodes
2019-09-25 05:54:17,860 [Datanode State Machine Thread - 0] INFO  statemachine.DatanodeStateMachine (DatanodeStateMachine.java:lambda$startDaemon$0(350)) - Ozone container server started.
2019-09-25 05:54:17,862 [Datanode State Machine Thread - 0] INFO  statemachine.DatanodeStateMachine (DatanodeStateMachine.java:lambda$startDaemon$0(350)) - Ozone container server started.
2019-09-25 05:54:21,992 [main] INFO  ozoneimpl.OzoneContainer (OzoneContainer.java:stop(231)) - Attempting to stop container services.
2019-09-25 05:54:21,992 [ForkJoinPool.commonPool-worker-1] INFO  ozoneimpl.OzoneContainer (OzoneContainer.java:stop(231)) - Attempting to stop container services.
2019-09-25 05:54:21,994 [main] INFO  impl.RaftServerProxy (RaftServerProxy.java:lambda$close$4(314)) - 169f835a-5a51-4a80-ac17-f8139cf3a6e7: close
2019-09-25 05:54:21,994 [ForkJoinPool.commonPool-worker-1] INFO  impl.RaftServerProxy (RaftServerProxy.java:lambda$close$4(314)) - 22638597-b9ac-42fc-8d80-a8fc15613fc1: close
2019-09-25 05:54:21,998 [main] INFO  impl.RaftServerImpl (RaftServerImpl.java:lambda$shutdown$3(251)) - 169f835a-5a51-4a80-ac17-f8139cf3a6e7@group-D7D713E942EC: shutdown
2019-09-25 05:54:21,998 [ForkJoinPool.commonPool-worker-1] INFO  impl.RaftServerImpl (RaftServerImpl.java:lambda$shutdown$3(251)) - 22638597-b9ac-42fc-8d80-a8fc15613fc1@group-C733706EEF9E: shutdown
2019-09-25 05:54:22,007 [main] INFO  util.JmxRegister (JmxRegister.java:unregister(73)) - Successfully un-registered JMX Bean with object name Ratis:service=RaftServer,group=group-D7D713E942EC,id=169f835a-5a51-4a80-ac17-f8139cf3a6e7
2019-09-25 05:54:22,007 [ForkJoinPool.commonPool-worker-1] INFO  util.JmxRegister (JmxRegister.java:unregister(73)) - Successfully un-registered JMX Bean with object name Ratis:service=RaftServer,group=group-C733706EEF9E,id=22638597-b9ac-42fc-8d80-a8fc15613fc1
2019-09-25 05:54:22,008 [main] INFO  impl.RoleInfo (RoleInfo.java:shutdownLeaderState(104)) - 169f835a-5a51-4a80-ac17-f8139cf3a6e7: shutdown LeaderState
2019-09-25 05:54:22,008 [ForkJoinPool.commonPool-worker-1] INFO  impl.RoleInfo (RoleInfo.java:shutdownLeaderState(104)) - 22638597-b9ac-42fc-8d80-a8fc15613fc1: shutdown LeaderState
2019-09-25 05:54:22,010 [ForkJoinPool.commonPool-worker-1] INFO  impl.PendingRequests (PendingRequests.java:sendNotLeaderResponses(202)) - 22638597-b9ac-42fc-8d80-a8fc15613fc1-PendingRequests: sendNotLeaderResponses
2019-09-25 05:54:22,010 [main] INFO  impl.PendingRequests (PendingRequests.java:sendNotLeaderResponses(202)) - 169f835a-5a51-4a80-ac17-f8139cf3a6e7-PendingRequests: sendNotLeaderResponses
2019-09-25 05:54:22,017 [ForkJoinPool.commonPool-worker-1] INFO  impl.StateMachineUpdater (StateMachineUpdater.java:stopAndJoin(125)) - 22638597-b9ac-42fc-8d80-a8fc15613fc1@group-C733706EEF9E-StateMachineUpdater: set stopIndex = 0
2019-09-25 05:54:22,017 [main] INFO  impl.StateMachineUpdater (StateMachineUpdater.java:stopAndJoin(125)) - 169f835a-5a51-4a80-ac17-f8139cf3a6e7@group-D7D713E942EC-StateMachineUpdater: set stopIndex = 0
2019-09-25 05:54:22,022 [ForkJoinPool.commonPool-worker-1] INFO  impl.RaftServerImpl (ServerState.java:close(385)) - 22638597-b9ac-42fc-8d80-a8fc15613fc1@group-C733706EEF9E: closes. applyIndex: 0
2019-09-25 05:54:22,022 [main] INFO  impl.RaftServerImpl (ServerState.java:close(385)) - 169f835a-5a51-4a80-ac17-f8139cf3a6e7@group-D7D713E942EC: closes. applyIndex: 0
2019-09-25 05:54:22,025 [169f835a-5a51-4a80-ac17-f8139cf3a6e7@group-D7D713E942EC-SegmentedRaftLogWorker] INFO  segmented.SegmentedRaftLogWorker (SegmentedRaftLogWorker.java:run(313)) - 169f835a-5a51-4a80-ac17-f8139cf3a6e7@group-D7D713E942EC-SegmentedRaftLogWorker was interrupted, exiting. There are 0 tasks remaining in the queue.
2019-09-25 05:54:22,025 [22638597-b9ac-42fc-8d80-a8fc15613fc1@group-C733706EEF9E-SegmentedRaftLogWorker] INFO  segmented.SegmentedRaftLogWorker (SegmentedRaftLogWorker.java:run(313)) - 22638597-b9ac-42fc-8d80-a8fc15613fc1@group-C733706EEF9E-SegmentedRaftLogWorker was interrupted, exiting. There are 0 tasks remaining in the queue.
2019-09-25 05:54:22,029 [main] INFO  segmented.SegmentedRaftLogWorker (SegmentedRaftLogWorker.java:close(228)) - 169f835a-5a51-4a80-ac17-f8139cf3a6e7@group-D7D713E942EC-SegmentedRaftLogWorker close()
2019-09-25 05:54:22,029 [ForkJoinPool.commonPool-worker-1] INFO  segmented.SegmentedRaftLogWorker (SegmentedRaftLogWorker.java:close(228)) - 22638597-b9ac-42fc-8d80-a8fc15613fc1@group-C733706EEF9E-SegmentedRaftLogWorker close()
2019-09-25 05:54:22,042 [main] INFO  impl.RaftServerImpl (RaftServerImpl.java:lambda$shutdown$3(251)) - 169f835a-5a51-4a80-ac17-f8139cf3a6e7@group-A0115C1FFAB7: shutdown
2019-09-25 05:54:22,042 [ForkJoinPool.commonPool-worker-1] INFO  impl.RaftServerImpl (RaftServerImpl.java:lambda$shutdown$3(251)) - 22638597-b9ac-42fc-8d80-a8fc15613fc1@group-52E4F7F8DBC3: shutdown
2019-09-25 05:54:22,042 [main] INFO  util.JmxRegister (JmxRegister.java:unregister(73)) - Successfully un-registered JMX Bean with object name Ratis:service=RaftServer,group=group-A0115C1FFAB7,id=169f835a-5a51-4a80-ac17-f8139cf3a6e7
2019-09-25 05:54:22,042 [ForkJoinPool.commonPool-worker-1] INFO  util.JmxRegister (JmxRegister.java:unregister(73)) - Successfully un-registered JMX Bean with object name Ratis:service=RaftServer,group=group-52E4F7F8DBC3,id=22638597-b9ac-42fc-8d80-a8fc15613fc1
2019-09-25 05:54:22,043 [main] INFO  impl.RoleInfo (RoleInfo.java:shutdownLeaderState(104)) - 169f835a-5a51-4a80-ac17-f8139cf3a6e7: shutdown LeaderState
2019-09-25 05:54:22,043 [ForkJoinPool.commonPool-worker-1] INFO  impl.RoleInfo (RoleInfo.java:shutdownLeaderState(104)) - 22638597-b9ac-42fc-8d80-a8fc15613fc1: shutdown LeaderState
2019-09-25 05:54:22,043 [main] INFO  impl.PendingRequests (PendingRequests.java:sendNotLeaderResponses(202)) - 169f835a-5a51-4a80-ac17-f8139cf3a6e7-PendingRequests: sendNotLeaderResponses
2019-09-25 05:54:22,044 [ForkJoinPool.commonPool-worker-1] INFO  impl.PendingRequests (PendingRequests.java:sendNotLeaderResponses(202)) - 22638597-b9ac-42fc-8d80-a8fc15613fc1-PendingRequests: sendNotLeaderResponses
2019-09-25 05:54:22,044 [main] INFO  impl.StateMachineUpdater (StateMachineUpdater.java:stopAndJoin(125)) - 169f835a-5a51-4a80-ac17-f8139cf3a6e7@group-A0115C1FFAB7-StateMachineUpdater: set stopIndex = 0
2019-09-25 05:54:22,045 [ForkJoinPool.commonPool-worker-1] INFO  impl.StateMachineUpdater (StateMachineUpdater.java:stopAndJoin(125)) - 22638597-b9ac-42fc-8d80-a8fc15613fc1@group-52E4F7F8DBC3-StateMachineUpdater: set stopIndex = 0
2019-09-25 05:54:22,045 [main] INFO  impl.RaftServerImpl (ServerState.java:close(385)) - 169f835a-5a51-4a80-ac17-f8139cf3a6e7@group-A0115C1FFAB7: closes. applyIndex: 0
2019-09-25 05:54:22,046 [ForkJoinPool.commonPool-worker-1] INFO  impl.RaftServerImpl (ServerState.java:close(385)) - 22638597-b9ac-42fc-8d80-a8fc15613fc1@group-52E4F7F8DBC3: closes. applyIndex: 0
2019-09-25 05:54:22,046 [169f835a-5a51-4a80-ac17-f8139cf3a6e7@group-A0115C1FFAB7-SegmentedRaftLogWorker] INFO  segmented.SegmentedRaftLogWorker (SegmentedRaftLogWorker.java:run(313)) - 169f835a-5a51-4a80-ac17-f8139cf3a6e7@group-A0115C1FFAB7-SegmentedRaftLogWorker was interrupted, exiting. There are 0 tasks remaining in the queue.
2019-09-25 05:54:22,046 [22638597-b9ac-42fc-8d80-a8fc15613fc1@group-52E4F7F8DBC3-SegmentedRaftLogWorker] INFO  segmented.SegmentedRaftLogWorker (SegmentedRaftLogWorker.java:run(313)) - 22638597-b9ac-42fc-8d80-a8fc15613fc1@group-52E4F7F8DBC3-SegmentedRaftLogWorker was interrupted, exiting. There are 0 tasks remaining in the queue.
2019-09-25 05:54:22,050 [main] INFO  segmented.SegmentedRaftLogWorker (SegmentedRaftLogWorker.java:close(228)) - 169f835a-5a51-4a80-ac17-f8139cf3a6e7@group-A0115C1FFAB7-SegmentedRaftLogWorker close()
2019-09-25 05:54:22,053 [ForkJoinPool.commonPool-worker-1] INFO  segmented.SegmentedRaftLogWorker (SegmentedRaftLogWorker.java:close(228)) - 22638597-b9ac-42fc-8d80-a8fc15613fc1@group-52E4F7F8DBC3-SegmentedRaftLogWorker close()
2019-09-25 05:54:22,059 [main] INFO  impl.RaftServerImpl (RaftServerImpl.java:lambda$shutdown$3(251)) - 169f835a-5a51-4a80-ac17-f8139cf3a6e7@group-A225EE6777BA: shutdown
2019-09-25 05:54:22,064 [ForkJoinPool.commonPool-worker-1] INFO  impl.RaftServerImpl (RaftServerImpl.java:lambda$shutdown$3(251)) - 22638597-b9ac-42fc-8d80-a8fc15613fc1@group-B802CF132701: shutdown
2019-09-25 05:54:22,065 [main] INFO  util.JmxRegister (JmxRegister.java:unregister(73)) - Successfully un-registered JMX Bean with object name Ratis:service=RaftServer,group=group-A225EE6777BA,id=169f835a-5a51-4a80-ac17-f8139cf3a6e7
2019-09-25 05:54:22,065 [ForkJoinPool.commonPool-worker-1] INFO  util.JmxRegister (JmxRegister.java:unregister(73)) - Successfully un-registered JMX Bean with object name Ratis:service=RaftServer,group=group-B802CF132701,id=22638597-b9ac-42fc-8d80-a8fc15613fc1
2019-09-25 05:54:22,065 [main] INFO  impl.RoleInfo (RoleInfo.java:shutdownLeaderState(104)) - 169f835a-5a51-4a80-ac17-f8139cf3a6e7: shutdown LeaderState
2019-09-25 05:54:22,066 [ForkJoinPool.commonPool-worker-1] INFO  impl.RoleInfo (RoleInfo.java:shutdownLeaderState(104)) - 22638597-b9ac-42fc-8d80-a8fc15613fc1: shutdown LeaderState
2019-09-25 05:54:22,066 [main] INFO  impl.PendingRequests (PendingRequests.java:sendNotLeaderResponses(202)) - 169f835a-5a51-4a80-ac17-f8139cf3a6e7-PendingRequests: sendNotLeaderResponses
2019-09-25 05:54:22,066 [ForkJoinPool.commonPool-worker-1] INFO  impl.PendingRequests (PendingRequests.java:sendNotLeaderResponses(202)) - 22638597-b9ac-42fc-8d80-a8fc15613fc1-PendingRequests: sendNotLeaderResponses
2019-09-25 05:54:22,067 [main] INFO  impl.StateMachineUpdater (StateMachineUpdater.java:stopAndJoin(125)) - 169f835a-5a51-4a80-ac17-f8139cf3a6e7@group-A225EE6777BA-StateMachineUpdater: set stopIndex = 0
2019-09-25 05:54:22,067 [ForkJoinPool.commonPool-worker-1] INFO  impl.StateMachineUpdater (StateMachineUpdater.java:stopAndJoin(125)) - 22638597-b9ac-42fc-8d80-a8fc15613fc1@group-B802CF132701-StateMachineUpdater: set stopIndex = 0
2019-09-25 05:54:22,068 [ForkJoinPool.commonPool-worker-1] INFO  impl.RaftServerImpl (ServerState.java:close(385)) - 22638597-b9ac-42fc-8d80-a8fc15613fc1@group-B802CF132701: closes. applyIndex: 0
2019-09-25 05:54:22,068 [main] INFO  impl.RaftServerImpl (ServerState.java:close(385)) - 169f835a-5a51-4a80-ac17-f8139cf3a6e7@group-A225EE6777BA: closes. applyIndex: 0
2019-09-25 05:54:22,068 [22638597-b9ac-42fc-8d80-a8fc15613fc1@group-B802CF132701-SegmentedRaftLogWorker] INFO  segmented.SegmentedRaftLogWorker (SegmentedRaftLogWorker.java:run(313)) - 22638597-b9ac-42fc-8d80-a8fc15613fc1@group-B802CF132701-SegmentedRaftLogWorker was interrupted, exiting. There are 0 tasks remaining in the queue.
2019-09-25 05:54:22,072 [169f835a-5a51-4a80-ac17-f8139cf3a6e7@group-A225EE6777BA-SegmentedRaftLogWorker] INFO  segmented.SegmentedRaftLogWorker (SegmentedRaftLogWorker.java:run(313)) - 169f835a-5a51-4a80-ac17-f8139cf3a6e7@group-A225EE6777BA-SegmentedRaftLogWorker was interrupted, exiting. There are 0 tasks remaining in the queue.
2019-09-25 05:54:22,072 [ForkJoinPool.commonPool-worker-1] INFO  segmented.SegmentedRaftLogWorker (SegmentedRaftLogWorker.java:close(228)) - 22638597-b9ac-42fc-8d80-a8fc15613fc1@group-B802CF132701-SegmentedRaftLogWorker close()
2019-09-25 05:54:22,075 [main] INFO  segmented.SegmentedRaftLogWorker (SegmentedRaftLogWorker.java:close(228)) - 169f835a-5a51-4a80-ac17-f8139cf3a6e7@group-A225EE6777BA-SegmentedRaftLogWorker close()
2019-09-25 05:54:22,080 [ForkJoinPool.commonPool-worker-1] INFO  impl.RaftServerImpl (RaftServerImpl.java:lambda$shutdown$3(251)) - 22638597-b9ac-42fc-8d80-a8fc15613fc1@group-F3133D13FF9F: shutdown
2019-09-25 05:54:22,086 [main] INFO  impl.RaftServerImpl (RaftServerImpl.java:lambda$shutdown$3(251)) - 169f835a-5a51-4a80-ac17-f8139cf3a6e7@group-714532EA6050: shutdown
2019-09-25 05:54:22,086 [ForkJoinPool.commonPool-worker-1] INFO  util.JmxRegister (JmxRegister.java:unregister(73)) - Successfully un-registered JMX Bean with object name Ratis:service=RaftServer,group=group-F3133D13FF9F,id=22638597-b9ac-42fc-8d80-a8fc15613fc1
2019-09-25 05:54:22,087 [ForkJoinPool.commonPool-worker-1] INFO  impl.RoleInfo (RoleInfo.java:shutdownLeaderState(104)) - 22638597-b9ac-42fc-8d80-a8fc15613fc1: shutdown LeaderState
2019-09-25 05:54:22,086 [main] INFO  util.JmxRegister (JmxRegister.java:unregister(73)) - Successfully un-registered JMX Bean with object name Ratis:service=RaftServer,group=group-714532EA6050,id=169f835a-5a51-4a80-ac17-f8139cf3a6e7
2019-09-25 05:54:22,087 [ForkJoinPool.commonPool-worker-1] INFO  impl.PendingRequests (PendingRequests.java:sendNotLeaderResponses(202)) - 22638597-b9ac-42fc-8d80-a8fc15613fc1-PendingRequests: sendNotLeaderResponses
2019-09-25 05:54:22,087 [main] INFO  impl.RoleInfo (RoleInfo.java:shutdownLeaderState(104)) - 169f835a-5a51-4a80-ac17-f8139cf3a6e7: shutdown LeaderState
2019-09-25 05:54:22,088 [ForkJoinPool.commonPool-worker-1] INFO  impl.StateMachineUpdater (StateMachineUpdater.java:stopAndJoin(125)) - 22638597-b9ac-42fc-8d80-a8fc15613fc1@group-F3133D13FF9F-StateMachineUpdater: set stopIndex = 0
2019-09-25 05:54:22,088 [main] INFO  impl.PendingRequests (PendingRequests.java:sendNotLeaderResponses(202)) - 169f835a-5a51-4a80-ac17-f8139cf3a6e7-PendingRequests: sendNotLeaderResponses
2019-09-25 05:54:22,088 [ForkJoinPool.commonPool-worker-1] INFO  impl.RaftServerImpl (ServerState.java:close(385)) - 22638597-b9ac-42fc-8d80-a8fc15613fc1@group-F3133D13FF9F: closes. applyIndex: 0
2019-09-25 05:54:22,089 [main] INFO  impl.StateMachineUpdater (StateMachineUpdater.java:stopAndJoin(125)) - 169f835a-5a51-4a80-ac17-f8139cf3a6e7@group-714532EA6050-StateMachineUpdater: set stopIndex = 0
2019-09-25 05:54:22,089 [22638597-b9ac-42fc-8d80-a8fc15613fc1@group-F3133D13FF9F-SegmentedRaftLogWorker] INFO  segmented.SegmentedRaftLogWorker (SegmentedRaftLogWorker.java:run(313)) - 22638597-b9ac-42fc-8d80-a8fc15613fc1@group-F3133D13FF9F-SegmentedRaftLogWorker was interrupted, exiting. There are 0 tasks remaining in the queue.
2019-09-25 05:54:22,089 [main] INFO  impl.RaftServerImpl (ServerState.java:close(385)) - 169f835a-5a51-4a80-ac17-f8139cf3a6e7@group-714532EA6050: closes. applyIndex: 0
2019-09-25 05:54:22,092 [ForkJoinPool.commonPool-worker-1] INFO  segmented.SegmentedRaftLogWorker (SegmentedRaftLogWorker.java:close(228)) - 22638597-b9ac-42fc-8d80-a8fc15613fc1@group-F3133D13FF9F-SegmentedRaftLogWorker close()
2019-09-25 05:54:22,093 [169f835a-5a51-4a80-ac17-f8139cf3a6e7@group-714532EA6050-SegmentedRaftLogWorker] INFO  segmented.SegmentedRaftLogWorker (SegmentedRaftLogWorker.java:run(313)) - 169f835a-5a51-4a80-ac17-f8139cf3a6e7@group-714532EA6050-SegmentedRaftLogWorker was interrupted, exiting. There are 0 tasks remaining in the queue.
2019-09-25 05:54:22,097 [ForkJoinPool.commonPool-worker-1] INFO  impl.RaftServerImpl (RaftServerImpl.java:lambda$shutdown$3(251)) - 22638597-b9ac-42fc-8d80-a8fc15613fc1@group-519D032D86A1: shutdown
2019-09-25 05:54:22,100 [main] INFO  segmented.SegmentedRaftLogWorker (SegmentedRaftLogWorker.java:close(228)) - 169f835a-5a51-4a80-ac17-f8139cf3a6e7@group-714532EA6050-SegmentedRaftLogWorker close()
2019-09-25 05:54:22,100 [ForkJoinPool.commonPool-worker-1] INFO  util.JmxRegister (JmxRegister.java:unregister(73)) - Successfully un-registered JMX Bean with object name Ratis:service=RaftServer,group=group-519D032D86A1,id=22638597-b9ac-42fc-8d80-a8fc15613fc1
2019-09-25 05:54:22,105 [ForkJoinPool.commonPool-worker-1] INFO  impl.RoleInfo (RoleInfo.java:shutdownLeaderState(104)) - 22638597-b9ac-42fc-8d80-a8fc15613fc1: shutdown LeaderState
2019-09-25 05:54:22,105 [main] INFO  impl.RaftServerImpl (RaftServerImpl.java:lambda$shutdown$3(251)) - 169f835a-5a51-4a80-ac17-f8139cf3a6e7@group-9C382EDEA8D1: shutdown
2019-09-25 05:54:22,106 [ForkJoinPool.commonPool-worker-1] INFO  impl.PendingRequests (PendingRequests.java:sendNotLeaderResponses(202)) - 22638597-b9ac-42fc-8d80-a8fc15613fc1-PendingRequests: sendNotLeaderResponses
2019-09-25 05:54:22,106 [main] INFO  util.JmxRegister (JmxRegister.java:unregister(73)) - Successfully un-registered JMX Bean with object name Ratis:service=RaftServer,group=group-9C382EDEA8D1,id=169f835a-5a51-4a80-ac17-f8139cf3a6e7
2019-09-25 05:54:22,106 [ForkJoinPool.commonPool-worker-1] INFO  impl.StateMachineUpdater (StateMachineUpdater.java:stopAndJoin(125)) - 22638597-b9ac-42fc-8d80-a8fc15613fc1@group-519D032D86A1-StateMachineUpdater: set stopIndex = 0
2019-09-25 05:54:22,107 [main] INFO  impl.RoleInfo (RoleInfo.java:shutdownLeaderState(104)) - 169f835a-5a51-4a80-ac17-f8139cf3a6e7: shutdown LeaderState
2019-09-25 05:54:22,107 [ForkJoinPool.commonPool-worker-1] INFO  impl.RaftServerImpl (ServerState.java:close(385)) - 22638597-b9ac-42fc-8d80-a8fc15613fc1@group-519D032D86A1: closes. applyIndex: 0
2019-09-25 05:54:22,107 [main] INFO  impl.PendingRequests (PendingRequests.java:sendNotLeaderResponses(202)) - 169f835a-5a51-4a80-ac17-f8139cf3a6e7-PendingRequests: sendNotLeaderResponses
2019-09-25 05:54:22,108 [22638597-b9ac-42fc-8d80-a8fc15613fc1@group-519D032D86A1-SegmentedRaftLogWorker] INFO  segmented.SegmentedRaftLogWorker (SegmentedRaftLogWorker.java:run(313)) - 22638597-b9ac-42fc-8d80-a8fc15613fc1@group-519D032D86A1-SegmentedRaftLogWorker was interrupted, exiting. There are 0 tasks remaining in the queue.
2019-09-25 05:54:22,108 [main] INFO  impl.StateMachineUpdater (StateMachineUpdater.java:stopAndJoin(125)) - 169f835a-5a51-4a80-ac17-f8139cf3a6e7@group-9C382EDEA8D1-StateMachineUpdater: set stopIndex = 0
2019-09-25 05:54:22,111 [ForkJoinPool.commonPool-worker-1] INFO  segmented.SegmentedRaftLogWorker (SegmentedRaftLogWorker.java:close(228)) - 22638597-b9ac-42fc-8d80-a8fc15613fc1@group-519D032D86A1-SegmentedRaftLogWorker close()
2019-09-25 05:54:22,111 [main] INFO  impl.RaftServerImpl (ServerState.java:close(385)) - 169f835a-5a51-4a80-ac17-f8139cf3a6e7@group-9C382EDEA8D1: closes. applyIndex: 0
2019-09-25 05:54:22,115 [ForkJoinPool.commonPool-worker-1] INFO  impl.RaftServerImpl (RaftServerImpl.java:lambda$shutdown$3(251)) - 22638597-b9ac-42fc-8d80-a8fc15613fc1@group-02C8BA66BE2E: shutdown
2019-09-25 05:54:22,116 [169f835a-5a51-4a80-ac17-f8139cf3a6e7@group-9C382EDEA8D1-SegmentedRaftLogWorker] INFO  segmented.SegmentedRaftLogWorker (SegmentedRaftLogWorker.java:run(313)) - 169f835a-5a51-4a80-ac17-f8139cf3a6e7@group-9C382EDEA8D1-SegmentedRaftLogWorker was interrupted, exiting. There are 0 tasks remaining in the queue.
2019-09-25 05:54:22,116 [ForkJoinPool.commonPool-worker-1] INFO  util.JmxRegister (JmxRegister.java:unregister(73)) - Successfully un-registered JMX Bean with object name Ratis:service=RaftServer,group=group-02C8BA66BE2E,id=22638597-b9ac-42fc-8d80-a8fc15613fc1
2019-09-25 05:54:22,118 [main] INFO  segmented.SegmentedRaftLogWorker (SegmentedRaftLogWorker.java:close(228)) - 169f835a-5a51-4a80-ac17-f8139cf3a6e7@group-9C382EDEA8D1-SegmentedRaftLogWorker close()
2019-09-25 05:54:22,119 [ForkJoinPool.commonPool-worker-1] INFO  impl.RoleInfo (RoleInfo.java:shutdownLeaderState(104)) - 22638597-b9ac-42fc-8d80-a8fc15613fc1: shutdown LeaderState
2019-09-25 05:54:22,138 [main] INFO  impl.RaftServerImpl (RaftServerImpl.java:lambda$shutdown$3(251)) - 169f835a-5a51-4a80-ac17-f8139cf3a6e7@group-25DE74946659: shutdown
2019-09-25 05:54:22,139 [ForkJoinPool.commonPool-worker-1] INFO  impl.PendingRequests (PendingRequests.java:sendNotLeaderResponses(202)) - 22638597-b9ac-42fc-8d80-a8fc15613fc1-PendingRequests: sendNotLeaderResponses
2019-09-25 05:54:22,139 [main] INFO  util.JmxRegister (JmxRegister.java:unregister(73)) - Successfully un-registered JMX Bean with object name Ratis:service=RaftServer,group=group-25DE74946659,id=169f835a-5a51-4a80-ac17-f8139cf3a6e7
2019-09-25 05:54:22,140 [ForkJoinPool.commonPool-worker-1] INFO  impl.StateMachineUpdater (StateMachineUpdater.java:stopAndJoin(125)) - 22638597-b9ac-42fc-8d80-a8fc15613fc1@group-02C8BA66BE2E-StateMachineUpdater: set stopIndex = 0
2019-09-25 05:54:22,140 [main] INFO  impl.RoleInfo (RoleInfo.java:shutdownLeaderState(104)) - 169f835a-5a51-4a80-ac17-f8139cf3a6e7: shutdown LeaderState
2019-09-25 05:54:22,140 [ForkJoinPool.commonPool-worker-1] INFO  impl.RaftServerImpl (ServerState.java:close(385)) - 22638597-b9ac-42fc-8d80-a8fc15613fc1@group-02C8BA66BE2E: closes. applyIndex: 0
2019-09-25 05:54:22,141 [main] INFO  impl.PendingRequests (PendingRequests.java:sendNotLeaderResponses(202)) - 169f835a-5a51-4a80-ac17-f8139cf3a6e7-PendingRequests: sendNotLeaderResponses
2019-09-25 05:54:22,141 [22638597-b9ac-42fc-8d80-a8fc15613fc1@group-02C8BA66BE2E-SegmentedRaftLogWorker] INFO  segmented.SegmentedRaftLogWorker (SegmentedRaftLogWorker.java:run(313)) - 22638597-b9ac-42fc-8d80-a8fc15613fc1@group-02C8BA66BE2E-SegmentedRaftLogWorker was interrupted, exiting. There are 0 tasks remaining in the queue.
2019-09-25 05:54:22,142 [main] INFO  impl.StateMachineUpdater (StateMachineUpdater.java:stopAndJoin(125)) - 169f835a-5a51-4a80-ac17-f8139cf3a6e7@group-25DE74946659-StateMachineUpdater: set stopIndex = 0
2019-09-25 05:54:22,142 [ForkJoinPool.commonPool-worker-1] INFO  segmented.SegmentedRaftLogWorker (SegmentedRaftLogWorker.java:close(228)) - 22638597-b9ac-42fc-8d80-a8fc15613fc1@group-02C8BA66BE2E-SegmentedRaftLogWorker close()
2019-09-25 05:54:22,142 [main] INFO  impl.RaftServerImpl (ServerState.java:close(385)) - 169f835a-5a51-4a80-ac17-f8139cf3a6e7@group-25DE74946659: closes. applyIndex: 0
2019-09-25 05:54:22,145 [169f835a-5a51-4a80-ac17-f8139cf3a6e7@group-25DE74946659-SegmentedRaftLogWorker] INFO  segmented.SegmentedRaftLogWorker (SegmentedRaftLogWorker.java:run(313)) - 169f835a-5a51-4a80-ac17-f8139cf3a6e7@group-25DE74946659-SegmentedRaftLogWorker was interrupted, exiting. There are 0 tasks remaining in the queue.
2019-09-25 05:54:22,145 [main] INFO  segmented.SegmentedRaftLogWorker (SegmentedRaftLogWorker.java:close(228)) - 169f835a-5a51-4a80-ac17-f8139cf3a6e7@group-25DE74946659-SegmentedRaftLogWorker close()
2019-09-25 05:54:22,145 [ForkJoinPool.commonPool-worker-1] INFO  server.GrpcService (GrpcService.java:closeImpl(164)) - 22638597-b9ac-42fc-8d80-a8fc15613fc1: shutdown server with port 38615 now
2019-09-25 05:54:22,148 [main] INFO  server.GrpcService (GrpcService.java:closeImpl(164)) - 169f835a-5a51-4a80-ac17-f8139cf3a6e7: shutdown server with port 39029 now
2019-09-25 05:54:22,153 [main] INFO  server.GrpcService (GrpcService.java:closeImpl(172)) - 169f835a-5a51-4a80-ac17-f8139cf3a6e7: shutdown server with port 39029 successfully
2019-09-25 05:54:22,155 [ForkJoinPool.commonPool-worker-1] INFO  server.GrpcService (GrpcService.java:closeImpl(172)) - 22638597-b9ac-42fc-8d80-a8fc15613fc1: shutdown server with port 38615 successfully
2019-09-25 05:54:22,173 [refreshUsed-/workdir/hadoop-ozone/ozonefs/target/test-dir/MiniOzoneClusterImpl-a7a48124-c188-483e-b9a9-787dfdcc7198/datanode-5/data/containers] WARN  fs.CachingGetSpaceUsed (CachingGetSpaceUsed.java:run(183)) - Thread Interrupted waiting to refresh disk information: sleep interrupted
2019-09-25 05:54:22,173 [refreshUsed-/workdir/hadoop-ozone/ozonefs/target/test-dir/MiniOzoneClusterImpl-a7a48124-c188-483e-b9a9-787dfdcc7198/datanode-2/data/containers] WARN  fs.CachingGetSpaceUsed (CachingGetSpaceUsed.java:run(183)) - Thread Interrupted waiting to refresh disk information: sleep interrupted
2019-09-25 05:54:22,208 [ForkJoinPool.commonPool-worker-1] INFO  utils.BackgroundService (BackgroundService.java:shutdown(148)) - Shutting down service BlockDeletingService
2019-09-25 05:54:22,220 [ForkJoinPool.commonPool-worker-1] INFO  statemachine.DatanodeStateMachine (DatanodeStateMachine.java:stopDaemon(395)) - Ozone container server stopped.
2019-09-25 05:54:22,229 [main] INFO  utils.BackgroundService (BackgroundService.java:shutdown(148)) - Shutting down service BlockDeletingService
2019-09-25 05:54:22,232 [ForkJoinPool.commonPool-worker-1] INFO  handler.ContextHandler (ContextHandler.java:doStop(910)) - Stopped o.e.j.w.WebAppContext@52f57666{/,null,UNAVAILABLE}{/hddsDatanode}
2019-09-25 05:54:22,241 [main] INFO  statemachine.DatanodeStateMachine (DatanodeStateMachine.java:stopDaemon(395)) - Ozone container server stopped.
2019-09-25 05:54:22,241 [ForkJoinPool.commonPool-worker-1] INFO  server.AbstractConnector (AbstractConnector.java:doStop(318)) - Stopped ServerConnector@6e041285{HTTP/1.1,[http/1.1]}{0.0.0.0:0}
2019-09-25 05:54:22,244 [ForkJoinPool.commonPool-worker-1] INFO  handler.ContextHandler (ContextHandler.java:doStop(910)) - Stopped o.e.j.s.ServletContextHandler@1b956cfa{/static,jar:file:/home/user/.m2/repository/org/apache/hadoop/hadoop-hdds-container-service/0.5.0-SNAPSHOT/hadoop-hdds-container-service-0.5.0-SNAPSHOT.jar!/webapps/static,UNAVAILABLE}
2019-09-25 05:54:22,244 [main] INFO  handler.ContextHandler (ContextHandler.java:doStop(910)) - Stopped o.e.j.w.WebAppContext@4cbc2e3b{/,null,UNAVAILABLE}{/hddsDatanode}
2019-09-25 05:54:22,248 [ForkJoinPool.commonPool-worker-1] INFO  handler.ContextHandler (ContextHandler.java:doStop(910)) - Stopped o.e.j.s.ServletContextHandler@41294371{/logs,file:///workdir/hadoop-ozone/ozonefs/target/log,UNAVAILABLE}
2019-09-25 05:54:22,249 [main] INFO  server.AbstractConnector (AbstractConnector.java:doStop(318)) - Stopped ServerConnector@2975a9e{HTTP/1.1,[http/1.1]}{0.0.0.0:0}
2019-09-25 05:54:22,249 [main] INFO  handler.ContextHandler (ContextHandler.java:doStop(910)) - Stopped o.e.j.s.ServletContextHandler@1caa9eb6{/static,jar:file:/home/user/.m2/repository/org/apache/hadoop/hadoop-hdds-container-service/0.5.0-SNAPSHOT/hadoop-hdds-container-service-0.5.0-SNAPSHOT.jar!/webapps/static,UNAVAILABLE}
2019-09-25 05:54:22,250 [main] INFO  handler.ContextHandler (ContextHandler.java:doStop(910)) - Stopped o.e.j.s.ServletContextHandler@51ec2856{/logs,file:///workdir/hadoop-ozone/ozonefs/target/log,UNAVAILABLE}
2019-09-25 05:54:22,860 [Datanode State Machine Thread - 0] INFO  statemachine.DatanodeStateMachine (DatanodeStateMachine.java:lambda$startDaemon$0(350)) - Ozone container server started.
2019-09-25 05:54:22,861 [Datanode State Machine Thread - 0] INFO  statemachine.DatanodeStateMachine (DatanodeStateMachine.java:lambda$startDaemon$0(350)) - Ozone container server started.
2019-09-25 05:54:27,262 [ForkJoinPool.commonPool-worker-1] INFO  ozoneimpl.OzoneContainer (OzoneContainer.java:stop(231)) - Attempting to stop container services.
2019-09-25 05:54:27,262 [main] INFO  ozoneimpl.OzoneContainer (OzoneContainer.java:stop(231)) - Attempting to stop container services.
2019-09-25 05:54:27,263 [ForkJoinPool.commonPool-worker-1] INFO  impl.RaftServerProxy (RaftServerProxy.java:lambda$close$4(314)) - 9b45984a-e801-4994-8f0b-759bb773fda3: close
2019-09-25 05:54:27,267 [ForkJoinPool.commonPool-worker-1] INFO  impl.RaftServerImpl (RaftServerImpl.java:lambda$shutdown$3(251)) - 9b45984a-e801-4994-8f0b-759bb773fda3@group-2FFFA845EF19: shutdown
2019-09-25 05:54:27,267 [ForkJoinPool.commonPool-worker-1] INFO  util.JmxRegister (JmxRegister.java:unregister(73)) - Successfully un-registered JMX Bean with object name Ratis:service=RaftServer,group=group-2FFFA845EF19,id=9b45984a-e801-4994-8f0b-759bb773fda3
2019-09-25 05:54:27,267 [ForkJoinPool.commonPool-worker-1] INFO  impl.RoleInfo (RoleInfo.java:shutdownLeaderState(104)) - 9b45984a-e801-4994-8f0b-759bb773fda3: shutdown LeaderState
2019-09-25 05:54:27,268 [ForkJoinPool.commonPool-worker-1] INFO  impl.PendingRequests (PendingRequests.java:sendNotLeaderResponses(202)) - 9b45984a-e801-4994-8f0b-759bb773fda3-PendingRequests: sendNotLeaderResponses
2019-09-25 05:54:27,268 [ForkJoinPool.commonPool-worker-1] INFO  impl.StateMachineUpdater (StateMachineUpdater.java:stopAndJoin(125)) - 9b45984a-e801-4994-8f0b-759bb773fda3@group-2FFFA845EF19-StateMachineUpdater: set stopIndex = 0
2019-09-25 05:54:27,269 [ForkJoinPool.commonPool-worker-1] INFO  impl.RaftServerImpl (ServerState.java:close(385)) - 9b45984a-e801-4994-8f0b-759bb773fda3@group-2FFFA845EF19: closes. applyIndex: 0
2019-09-25 05:54:27,283 [9b45984a-e801-4994-8f0b-759bb773fda3@group-2FFFA845EF19-SegmentedRaftLogWorker] INFO  segmented.SegmentedRaftLogWorker (SegmentedRaftLogWorker.java:run(313)) - 9b45984a-e801-4994-8f0b-759bb773fda3@group-2FFFA845EF19-SegmentedRaftLogWorker was interrupted, exiting. There are 0 tasks remaining in the queue.
2019-09-25 05:54:27,283 [main] INFO  impl.RaftServerProxy (RaftServerProxy.java:lambda$close$4(314)) - 042645b7-d9e3-44d6-a86c-5222fd8d5aba: close
2019-09-25 05:54:27,284 [ForkJoinPool.commonPool-worker-1] INFO  segmented.SegmentedRaftLogWorker (SegmentedRaftLogWorker.java:close(228)) - 9b45984a-e801-4994-8f0b-759bb773fda3@group-2FFFA845EF19-SegmentedRaftLogWorker close()
2019-09-25 05:54:27,284 [main] INFO  impl.RaftServerImpl (RaftServerImpl.java:lambda$shutdown$3(251)) - 042645b7-d9e3-44d6-a86c-5222fd8d5aba@group-15BB65C3F737: shutdown
2019-09-25 05:54:27,288 [ForkJoinPool.commonPool-worker-1] INFO  impl.RaftServerImpl (RaftServerImpl.java:lambda$shutdown$3(251)) - 9b45984a-e801-4994-8f0b-759bb773fda3@group-918AF87BC9B7: shutdown
2019-09-25 05:54:27,289 [main] INFO  util.JmxRegister (JmxRegister.java:unregister(73)) - Successfully un-registered JMX Bean with object name Ratis:service=RaftServer,group=group-15BB65C3F737,id=042645b7-d9e3-44d6-a86c-5222fd8d5aba
2019-09-25 05:54:27,289 [ForkJoinPool.commonPool-worker-1] INFO  util.JmxRegister (JmxRegister.java:unregister(73)) - Successfully un-registered JMX Bean with object name Ratis:service=RaftServer,group=group-918AF87BC9B7,id=9b45984a-e801-4994-8f0b-759bb773fda3
2019-09-25 05:54:27,289 [main] INFO  impl.RoleInfo (RoleInfo.java:shutdownLeaderState(104)) - 042645b7-d9e3-44d6-a86c-5222fd8d5aba: shutdown LeaderState
2019-09-25 05:54:27,289 [ForkJoinPool.commonPool-worker-1] INFO  impl.RoleInfo (RoleInfo.java:shutdownLeaderState(104)) - 9b45984a-e801-4994-8f0b-759bb773fda3: shutdown LeaderState
2019-09-25 05:54:27,290 [main] INFO  impl.PendingRequests (PendingRequests.java:sendNotLeaderResponses(202)) - 042645b7-d9e3-44d6-a86c-5222fd8d5aba-PendingRequests: sendNotLeaderResponses
2019-09-25 05:54:27,290 [ForkJoinPool.commonPool-worker-1] INFO  impl.PendingRequests (PendingRequests.java:sendNotLeaderResponses(202)) - 9b45984a-e801-4994-8f0b-759bb773fda3-PendingRequests: sendNotLeaderResponses
2019-09-25 05:54:27,291 [main] INFO  impl.StateMachineUpdater (StateMachineUpdater.java:stopAndJoin(125)) - 042645b7-d9e3-44d6-a86c-5222fd8d5aba@group-15BB65C3F737-StateMachineUpdater: set stopIndex = 0
2019-09-25 05:54:27,291 [ForkJoinPool.commonPool-worker-1] INFO  impl.StateMachineUpdater (StateMachineUpdater.java:stopAndJoin(125)) - 9b45984a-e801-4994-8f0b-759bb773fda3@group-918AF87BC9B7-StateMachineUpdater: set stopIndex = 0
2019-09-25 05:54:27,291 [ForkJoinPool.commonPool-worker-1] INFO  impl.RaftServerImpl (ServerState.java:close(385)) - 9b45984a-e801-4994-8f0b-759bb773fda3@group-918AF87BC9B7: closes. applyIndex: 0
2019-09-25 05:54:27,291 [main] INFO  impl.RaftServerImpl (ServerState.java:close(385)) - 042645b7-d9e3-44d6-a86c-5222fd8d5aba@group-15BB65C3F737: closes. applyIndex: 0
2019-09-25 05:54:27,308 [042645b7-d9e3-44d6-a86c-5222fd8d5aba@group-15BB65C3F737-SegmentedRaftLogWorker] INFO  segmented.SegmentedRaftLogWorker (SegmentedRaftLogWorker.java:run(313)) - 042645b7-d9e3-44d6-a86c-5222fd8d5aba@group-15BB65C3F737-SegmentedRaftLogWorker was interrupted, exiting. There are 0 tasks remaining in the queue.
2019-09-25 05:54:27,309 [9b45984a-e801-4994-8f0b-759bb773fda3@group-918AF87BC9B7-SegmentedRaftLogWorker] INFO  segmented.SegmentedRaftLogWorker (SegmentedRaftLogWorker.java:run(313)) - 9b45984a-e801-4994-8f0b-759bb773fda3@group-918AF87BC9B7-SegmentedRaftLogWorker was interrupted, exiting. There are 0 tasks remaining in the queue.
2019-09-25 05:54:27,309 [main] INFO  segmented.SegmentedRaftLogWorker (SegmentedRaftLogWorker.java:close(228)) - 042645b7-d9e3-44d6-a86c-5222fd8d5aba@group-15BB65C3F737-SegmentedRaftLogWorker close()
2019-09-25 05:54:27,309 [ForkJoinPool.commonPool-worker-1] INFO  segmented.SegmentedRaftLogWorker (SegmentedRaftLogWorker.java:close(228)) - 9b45984a-e801-4994-8f0b-759bb773fda3@group-918AF87BC9B7-SegmentedRaftLogWorker close()
2019-09-25 05:54:27,312 [main] INFO  impl.RaftServerImpl (RaftServerImpl.java:lambda$shutdown$3(251)) - 042645b7-d9e3-44d6-a86c-5222fd8d5aba@group-E9EE4A8FB16E: shutdown
2019-09-25 05:54:27,315 [ForkJoinPool.commonPool-worker-1] INFO  impl.RaftServerImpl (RaftServerImpl.java:lambda$shutdown$3(251)) - 9b45984a-e801-4994-8f0b-759bb773fda3@group-59216B5DE616: shutdown
2019-09-25 05:54:27,315 [main] INFO  util.JmxRegister (JmxRegister.java:unregister(73)) - Successfully un-registered JMX Bean with object name Ratis:service=RaftServer,group=group-E9EE4A8FB16E,id=042645b7-d9e3-44d6-a86c-5222fd8d5aba
2019-09-25 05:54:27,316 [ForkJoinPool.commonPool-worker-1] INFO  util.JmxRegister (JmxRegister.java:unregister(73)) - Successfully un-registered JMX Bean with object name Ratis:service=RaftServer,group=group-59216B5DE616,id=9b45984a-e801-4994-8f0b-759bb773fda3
2019-09-25 05:54:27,316 [main] INFO  impl.RoleInfo (RoleInfo.java:shutdownLeaderState(104)) - 042645b7-d9e3-44d6-a86c-5222fd8d5aba: shutdown LeaderState
2019-09-25 05:54:27,316 [ForkJoinPool.commonPool-worker-1] INFO  impl.RoleInfo (RoleInfo.java:shutdownLeaderState(104)) - 9b45984a-e801-4994-8f0b-759bb773fda3: shutdown LeaderState
2019-09-25 05:54:27,317 [main] INFO  impl.PendingRequests (PendingRequests.java:sendNotLeaderResponses(202)) - 042645b7-d9e3-44d6-a86c-5222fd8d5aba-PendingRequests: sendNotLeaderResponses
2019-09-25 05:54:27,317 [ForkJoinPool.commonPool-worker-1] INFO  impl.PendingRequests (PendingRequests.java:sendNotLeaderResponses(202)) - 9b45984a-e801-4994-8f0b-759bb773fda3-PendingRequests: sendNotLeaderResponses
2019-09-25 05:54:27,317 [main] INFO  impl.StateMachineUpdater (StateMachineUpdater.java:stopAndJoin(125)) - 042645b7-d9e3-44d6-a86c-5222fd8d5aba@group-E9EE4A8FB16E-StateMachineUpdater: set stopIndex = 0
2019-09-25 05:54:27,318 [ForkJoinPool.commonPool-worker-1] INFO  impl.StateMachineUpdater (StateMachineUpdater.java:stopAndJoin(125)) - 9b45984a-e801-4994-8f0b-759bb773fda3@group-59216B5DE616-StateMachineUpdater: set stopIndex = 0
2019-09-25 05:54:27,318 [main] INFO  impl.RaftServerImpl (ServerState.java:close(385)) - 042645b7-d9e3-44d6-a86c-5222fd8d5aba@group-E9EE4A8FB16E: closes. applyIndex: 0
2019-09-25 05:54:27,318 [ForkJoinPool.commonPool-worker-1] INFO  impl.RaftServerImpl (ServerState.java:close(385)) - 9b45984a-e801-4994-8f0b-759bb773fda3@group-59216B5DE616: closes. applyIndex: 0
2019-09-25 05:54:27,335 [9b45984a-e801-4994-8f0b-759bb773fda3@group-59216B5DE616-SegmentedRaftLogWorker] INFO  segmented.SegmentedRaftLogWorker (SegmentedRaftLogWorker.java:run(313)) - 9b45984a-e801-4994-8f0b-759bb773fda3@group-59216B5DE616-SegmentedRaftLogWorker was interrupted, exiting. There are 0 tasks remaining in the queue.
2019-09-25 05:54:27,335 [042645b7-d9e3-44d6-a86c-5222fd8d5aba@group-E9EE4A8FB16E-SegmentedRaftLogWorker] INFO  segmented.SegmentedRaftLogWorker (SegmentedRaftLogWorker.java:run(313)) - 042645b7-d9e3-44d6-a86c-5222fd8d5aba@group-E9EE4A8FB16E-SegmentedRaftLogWorker was interrupted, exiting. There are 0 tasks remaining in the queue.
2019-09-25 05:54:27,335 [ForkJoinPool.commonPool-worker-1] INFO  segmented.SegmentedRaftLogWorker (SegmentedRaftLogWorker.java:close(228)) - 9b45984a-e801-4994-8f0b-759bb773fda3@group-59216B5DE616-SegmentedRaftLogWorker close()
2019-09-25 05:54:27,335 [main] INFO  segmented.SegmentedRaftLogWorker (SegmentedRaftLogWorker.java:close(228)) - 042645b7-d9e3-44d6-a86c-5222fd8d5aba@group-E9EE4A8FB16E-SegmentedRaftLogWorker close()
2019-09-25 05:54:27,338 [ForkJoinPool.commonPool-worker-1] INFO  impl.RaftServerImpl (RaftServerImpl.java:lambda$shutdown$3(251)) - 9b45984a-e801-4994-8f0b-759bb773fda3@group-201751D85B0F: shutdown
2019-09-25 05:54:27,341 [main] INFO  impl.RaftServerImpl (RaftServerImpl.java:lambda$shutdown$3(251)) - 042645b7-d9e3-44d6-a86c-5222fd8d5aba@group-F22FBF521BC8: shutdown
2019-09-25 05:54:27,341 [ForkJoinPool.commonPool-worker-1] INFO  util.JmxRegister (JmxRegister.java:unregister(73)) - Successfully un-registered JMX Bean with object name Ratis:service=RaftServer,group=group-201751D85B0F,id=9b45984a-e801-4994-8f0b-759bb773fda3
2019-09-25 05:54:27,341 [main] INFO  util.JmxRegister (JmxRegister.java:unregister(73)) - Successfully un-registered JMX Bean with object name Ratis:service=RaftServer,group=group-F22FBF521BC8,id=042645b7-d9e3-44d6-a86c-5222fd8d5aba
2019-09-25 05:54:27,342 [ForkJoinPool.commonPool-worker-1] INFO  impl.RoleInfo (RoleInfo.java:shutdownLeaderState(104)) - 9b45984a-e801-4994-8f0b-759bb773fda3: shutdown LeaderState
2019-09-25 05:54:27,342 [main] INFO  impl.RoleInfo (RoleInfo.java:shutdownLeaderState(104)) - 042645b7-d9e3-44d6-a86c-5222fd8d5aba: shutdown LeaderState
2019-09-25 05:54:27,342 [ForkJoinPool.commonPool-worker-1] INFO  impl.PendingRequests (PendingRequests.java:sendNotLeaderResponses(202)) - 9b45984a-e801-4994-8f0b-759bb773fda3-PendingRequests: sendNotLeaderResponses
2019-09-25 05:54:27,343 [main] INFO  impl.PendingRequests (PendingRequests.java:sendNotLeaderResponses(202)) - 042645b7-d9e3-44d6-a86c-5222fd8d5aba-PendingRequests: sendNotLeaderResponses
2019-09-25 05:54:27,343 [ForkJoinPool.commonPool-worker-1] INFO  impl.StateMachineUpdater (StateMachineUpdater.java:stopAndJoin(125)) - 9b45984a-e801-4994-8f0b-759bb773fda3@group-201751D85B0F-StateMachineUpdater: set stopIndex = 0
2019-09-25 05:54:27,343 [main] INFO  impl.StateMachineUpdater (StateMachineUpdater.java:stopAndJoin(125)) - 042645b7-d9e3-44d6-a86c-5222fd8d5aba@group-F22FBF521BC8-StateMachineUpdater: set stopIndex = 0
2019-09-25 05:54:27,344 [main] INFO  impl.RaftServerImpl (ServerState.java:close(385)) - 042645b7-d9e3-44d6-a86c-5222fd8d5aba@group-F22FBF521BC8: closes. applyIndex: 0
2019-09-25 05:54:27,344 [ForkJoinPool.commonPool-worker-1] INFO  impl.RaftServerImpl (ServerState.java:close(385)) - 9b45984a-e801-4994-8f0b-759bb773fda3@group-201751D85B0F: closes. applyIndex: 0
2019-09-25 05:54:27,361 [042645b7-d9e3-44d6-a86c-5222fd8d5aba@group-F22FBF521BC8-SegmentedRaftLogWorker] INFO  segmented.SegmentedRaftLogWorker (SegmentedRaftLogWorker.java:run(313)) - 042645b7-d9e3-44d6-a86c-5222fd8d5aba@group-F22FBF521BC8-SegmentedRaftLogWorker was interrupted, exiting. There are 0 tasks remaining in the queue.
2019-09-25 05:54:27,361 [9b45984a-e801-4994-8f0b-759bb773fda3@group-201751D85B0F-SegmentedRaftLogWorker] INFO  segmented.SegmentedRaftLogWorker (SegmentedRaftLogWorker.java:run(313)) - 9b45984a-e801-4994-8f0b-759bb773fda3@group-201751D85B0F-SegmentedRaftLogWorker was interrupted, exiting. There are 0 tasks remaining in the queue.
2019-09-25 05:54:27,361 [main] INFO  segmented.SegmentedRaftLogWorker (SegmentedRaftLogWorker.java:close(228)) - 042645b7-d9e3-44d6-a86c-5222fd8d5aba@group-F22FBF521BC8-SegmentedRaftLogWorker close()
2019-09-25 05:54:27,361 [ForkJoinPool.commonPool-worker-1] INFO  segmented.SegmentedRaftLogWorker (SegmentedRaftLogWorker.java:close(228)) - 9b45984a-e801-4994-8f0b-759bb773fda3@group-201751D85B0F-SegmentedRaftLogWorker close()
2019-09-25 05:54:27,364 [main] INFO  impl.RaftServerImpl (RaftServerImpl.java:lambda$shutdown$3(251)) - 042645b7-d9e3-44d6-a86c-5222fd8d5aba@group-51B6066CE9A0: shutdown
2019-09-25 05:54:27,367 [ForkJoinPool.commonPool-worker-1] INFO  impl.RaftServerImpl (RaftServerImpl.java:lambda$shutdown$3(251)) - 9b45984a-e801-4994-8f0b-759bb773fda3@group-91AC0045DF3C: shutdown
2019-09-25 05:54:27,368 [main] INFO  util.JmxRegister (JmxRegister.java:unregister(73)) - Successfully un-registered JMX Bean with object name Ratis:service=RaftServer,group=group-51B6066CE9A0,id=042645b7-d9e3-44d6-a86c-5222fd8d5aba
2019-09-25 05:54:27,368 [ForkJoinPool.commonPool-worker-1] INFO  util.JmxRegister (JmxRegister.java:unregister(73)) - Successfully un-registered JMX Bean with object name Ratis:service=RaftServer,group=group-91AC0045DF3C,id=9b45984a-e801-4994-8f0b-759bb773fda3
2019-09-25 05:54:27,368 [ForkJoinPool.commonPool-worker-1] INFO  impl.RoleInfo (RoleInfo.java:shutdownLeaderState(104)) - 9b45984a-e801-4994-8f0b-759bb773fda3: shutdown LeaderState
2019-09-25 05:54:27,368 [main] INFO  impl.RoleInfo (RoleInfo.java:shutdownLeaderState(104)) - 042645b7-d9e3-44d6-a86c-5222fd8d5aba: shutdown LeaderState
2019-09-25 05:54:27,369 [ForkJoinPool.commonPool-worker-1] INFO  impl.PendingRequests (PendingRequests.java:sendNotLeaderResponses(202)) - 9b45984a-e801-4994-8f0b-759bb773fda3-PendingRequests: sendNotLeaderResponses
2019-09-25 05:54:27,369 [main] INFO  impl.PendingRequests (PendingRequests.java:sendNotLeaderResponses(202)) - 042645b7-d9e3-44d6-a86c-5222fd8d5aba-PendingRequests: sendNotLeaderResponses
2019-09-25 05:54:27,369 [ForkJoinPool.commonPool-worker-1] INFO  impl.StateMachineUpdater (StateMachineUpdater.java:stopAndJoin(125)) - 9b45984a-e801-4994-8f0b-759bb773fda3@group-91AC0045DF3C-StateMachineUpdater: set stopIndex = 0
2019-09-25 05:54:27,370 [main] INFO  impl.StateMachineUpdater (StateMachineUpdater.java:stopAndJoin(125)) - 042645b7-d9e3-44d6-a86c-5222fd8d5aba@group-51B6066CE9A0-StateMachineUpdater: set stopIndex = 0
2019-09-25 05:54:27,370 [ForkJoinPool.commonPool-worker-1] INFO  impl.RaftServerImpl (ServerState.java:close(385)) - 9b45984a-e801-4994-8f0b-759bb773fda3@group-91AC0045DF3C: closes. applyIndex: 0
2019-09-25 05:54:27,370 [main] INFO  impl.RaftServerImpl (ServerState.java:close(385)) - 042645b7-d9e3-44d6-a86c-5222fd8d5aba@group-51B6066CE9A0: closes. applyIndex: 0
2019-09-25 05:54:27,398 [ForkJoinPool.commonPool-worker-1] INFO  segmented.SegmentedRaftLogWorker (SegmentedRaftLogWorker.java:close(228)) - 9b45984a-e801-4994-8f0b-759bb773fda3@group-91AC0045DF3C-SegmentedRaftLogWorker close()
2019-09-25 05:54:27,398 [042645b7-d9e3-44d6-a86c-5222fd8d5aba@group-51B6066CE9A0-SegmentedRaftLogWorker] INFO  segmented.SegmentedRaftLogWorker (SegmentedRaftLogWorker.java:run(313)) - 042645b7-d9e3-44d6-a86c-5222fd8d5aba@group-51B6066CE9A0-SegmentedRaftLogWorker was interrupted, exiting. There are 0 tasks remaining in the queue.
2019-09-25 05:54:27,409 [ForkJoinPool.commonPool-worker-1] INFO  impl.RaftServerImpl (RaftServerImpl.java:lambda$shutdown$3(251)) - 9b45984a-e801-4994-8f0b-759bb773fda3@group-5DC75074EA0D: shutdown
2019-09-25 05:54:27,409 [main] INFO  segmented.SegmentedRaftLogWorker (SegmentedRaftLogWorker.java:close(228)) - 042645b7-d9e3-44d6-a86c-5222fd8d5aba@group-51B6066CE9A0-SegmentedRaftLogWorker close()
2019-09-25 05:54:27,409 [ForkJoinPool.commonPool-worker-1] INFO  util.JmxRegister (JmxRegister.java:unregister(73)) - Successfully un-registered JMX Bean with object name Ratis:service=RaftServer,group=group-5DC75074EA0D,id=9b45984a-e801-4994-8f0b-759bb773fda3
2019-09-25 05:54:27,410 [main] INFO  impl.RaftServerImpl (RaftServerImpl.java:lambda$shutdown$3(251)) - 042645b7-d9e3-44d6-a86c-5222fd8d5aba@group-C1CE2E9282CC: shutdown
2019-09-25 05:54:27,410 [ForkJoinPool.commonPool-worker-1] INFO  impl.RoleInfo (RoleInfo.java:shutdownLeaderState(104)) - 9b45984a-e801-4994-8f0b-759bb773fda3: shutdown LeaderState
2019-09-25 05:54:27,410 [main] INFO  util.JmxRegister (JmxRegister.java:unregister(73)) - Successfully un-registered JMX Bean with object name Ratis:service=RaftServer,group=group-C1CE2E9282CC,id=042645b7-d9e3-44d6-a86c-5222fd8d5aba
2019-09-25 05:54:27,410 [ForkJoinPool.commonPool-worker-1] INFO  impl.PendingRequests (PendingRequests.java:sendNotLeaderResponses(202)) - 9b45984a-e801-4994-8f0b-759bb773fda3-PendingRequests: sendNotLeaderResponses
2019-09-25 05:54:27,411 [main] INFO  impl.RoleInfo (RoleInfo.java:shutdownLeaderState(104)) - 042645b7-d9e3-44d6-a86c-5222fd8d5aba: shutdown LeaderState
2019-09-25 05:54:27,411 [ForkJoinPool.commonPool-worker-1] INFO  impl.StateMachineUpdater (StateMachineUpdater.java:stopAndJoin(125)) - 9b45984a-e801-4994-8f0b-759bb773fda3@group-5DC75074EA0D-StateMachineUpdater: set stopIndex = 0
2019-09-25 05:54:27,411 [main] INFO  impl.PendingRequests (PendingRequests.java:sendNotLeaderResponses(202)) - 042645b7-d9e3-44d6-a86c-5222fd8d5aba-PendingRequests: sendNotLeaderResponses
2019-09-25 05:54:27,412 [ForkJoinPool.commonPool-worker-1] INFO  impl.RaftServerImpl (ServerState.java:close(385)) - 9b45984a-e801-4994-8f0b-759bb773fda3@group-5DC75074EA0D: closes. applyIndex: 0
2019-09-25 05:54:27,412 [main] INFO  impl.StateMachineUpdater (StateMachineUpdater.java:stopAndJoin(125)) - 042645b7-d9e3-44d6-a86c-5222fd8d5aba@group-C1CE2E9282CC-StateMachineUpdater: set stopIndex = 0
2019-09-25 05:54:27,413 [main] INFO  impl.RaftServerImpl (ServerState.java:close(385)) - 042645b7-d9e3-44d6-a86c-5222fd8d5aba@group-C1CE2E9282CC: closes. applyIndex: 0
2019-09-25 05:54:27,437 [042645b7-d9e3-44d6-a86c-5222fd8d5aba@group-C1CE2E9282CC-SegmentedRaftLogWorker] INFO  segmented.SegmentedRaftLogWorker (SegmentedRaftLogWorker.java:run(313)) - 042645b7-d9e3-44d6-a86c-5222fd8d5aba@group-C1CE2E9282CC-SegmentedRaftLogWorker was interrupted, exiting. There are 0 tasks remaining in the queue.
2019-09-25 05:54:27,437 [9b45984a-e801-4994-8f0b-759bb773fda3@group-5DC75074EA0D-SegmentedRaftLogWorker] INFO  segmented.SegmentedRaftLogWorker (SegmentedRaftLogWorker.java:run(313)) - 9b45984a-e801-4994-8f0b-759bb773fda3@group-5DC75074EA0D-SegmentedRaftLogWorker was interrupted, exiting. There are 0 tasks remaining in the queue.
2019-09-25 05:54:27,437 [main] INFO  segmented.SegmentedRaftLogWorker (SegmentedRaftLogWorker.java:close(228)) - 042645b7-d9e3-44d6-a86c-5222fd8d5aba@group-C1CE2E9282CC-SegmentedRaftLogWorker close()
2019-09-25 05:54:27,438 [ForkJoinPool.commonPool-worker-1] INFO  segmented.SegmentedRaftLogWorker (SegmentedRaftLogWorker.java:close(228)) - 9b45984a-e801-4994-8f0b-759bb773fda3@group-5DC75074EA0D-SegmentedRaftLogWorker close()
2019-09-25 05:54:27,438 [main] INFO  impl.RaftServerImpl (RaftServerImpl.java:lambda$shutdown$3(251)) - 042645b7-d9e3-44d6-a86c-5222fd8d5aba@group-B9450849D1B5: shutdown
2019-09-25 05:54:27,438 [ForkJoinPool.commonPool-worker-1] INFO  server.GrpcService (GrpcService.java:closeImpl(164)) - 9b45984a-e801-4994-8f0b-759bb773fda3: shutdown server with port 35299 now
2019-09-25 05:54:27,438 [main] INFO  util.JmxRegister (JmxRegister.java:unregister(73)) - Successfully un-registered JMX Bean with object name Ratis:service=RaftServer,group=group-B9450849D1B5,id=042645b7-d9e3-44d6-a86c-5222fd8d5aba
2019-09-25 05:54:27,439 [main] INFO  impl.RoleInfo (RoleInfo.java:shutdownLeaderState(104)) - 042645b7-d9e3-44d6-a86c-5222fd8d5aba: shutdown LeaderState
2019-09-25 05:54:27,443 [ForkJoinPool.commonPool-worker-1] INFO  server.GrpcService (GrpcService.java:closeImpl(172)) - 9b45984a-e801-4994-8f0b-759bb773fda3: shutdown server with port 35299 successfully
2019-09-25 05:54:27,443 [main] INFO  impl.PendingRequests (PendingRequests.java:sendNotLeaderResponses(202)) - 042645b7-d9e3-44d6-a86c-5222fd8d5aba-PendingRequests: sendNotLeaderResponses
2019-09-25 05:54:27,443 [main] INFO  impl.StateMachineUpdater (StateMachineUpdater.java:stopAndJoin(125)) - 042645b7-d9e3-44d6-a86c-5222fd8d5aba@group-B9450849D1B5-StateMachineUpdater: set stopIndex = 0
2019-09-25 05:54:27,444 [main] INFO  impl.RaftServerImpl (ServerState.java:close(385)) - 042645b7-d9e3-44d6-a86c-5222fd8d5aba@group-B9450849D1B5: closes. applyIndex: 0
2019-09-25 05:54:27,466 [042645b7-d9e3-44d6-a86c-5222fd8d5aba@group-B9450849D1B5-SegmentedRaftLogWorker] INFO  segmented.SegmentedRaftLogWorker (SegmentedRaftLogWorker.java:run(313)) - 042645b7-d9e3-44d6-a86c-5222fd8d5aba@group-B9450849D1B5-SegmentedRaftLogWorker was interrupted, exiting. There are 0 tasks remaining in the queue.
2019-09-25 05:54:27,467 [main] INFO  segmented.SegmentedRaftLogWorker (SegmentedRaftLogWorker.java:close(228)) - 042645b7-d9e3-44d6-a86c-5222fd8d5aba@group-B9450849D1B5-SegmentedRaftLogWorker close()
2019-09-25 05:54:27,467 [main] INFO  server.GrpcService (GrpcService.java:closeImpl(164)) - 042645b7-d9e3-44d6-a86c-5222fd8d5aba: shutdown server with port 35465 now
2019-09-25 05:54:27,471 [main] INFO  server.GrpcService (GrpcService.java:closeImpl(172)) - 042645b7-d9e3-44d6-a86c-5222fd8d5aba: shutdown server with port 35465 successfully
2019-09-25 05:54:27,477 [refreshUsed-/workdir/hadoop-ozone/ozonefs/target/test-dir/MiniOzoneClusterImpl-a7a48124-c188-483e-b9a9-787dfdcc7198/datanode-6/data/containers] WARN  fs.CachingGetSpaceUsed (CachingGetSpaceUsed.java:run(183)) - Thread Interrupted waiting to refresh disk information: sleep interrupted
2019-09-25 05:54:27,488 [refreshUsed-/workdir/hadoop-ozone/ozonefs/target/test-dir/MiniOzoneClusterImpl-a7a48124-c188-483e-b9a9-787dfdcc7198/datanode-3/data/containers] WARN  fs.CachingGetSpaceUsed (CachingGetSpaceUsed.java:run(183)) - Thread Interrupted waiting to refresh disk information: sleep interrupted
2019-09-25 05:54:27,509 [main] INFO  utils.BackgroundService (BackgroundService.java:shutdown(148)) - Shutting down service BlockDeletingService
2019-09-25 05:54:27,517 [main] INFO  statemachine.DatanodeStateMachine (DatanodeStateMachine.java:stopDaemon(395)) - Ozone container server stopped.
2019-09-25 05:54:27,518 [main] INFO  handler.ContextHandler (ContextHandler.java:doStop(910)) - Stopped o.e.j.w.WebAppContext@4527f70a{/,null,UNAVAILABLE}{/hddsDatanode}
2019-09-25 05:54:27,519 [main] INFO  server.AbstractConnector (AbstractConnector.java:doStop(318)) - Stopped ServerConnector@707b1a44{HTTP/1.1,[http/1.1]}{0.0.0.0:0}
2019-09-25 05:54:27,519 [main] INFO  handler.ContextHandler (ContextHandler.java:doStop(910)) - Stopped o.e.j.s.ServletContextHandler@4a2929a4{/static,jar:file:/home/user/.m2/repository/org/apache/hadoop/hadoop-hdds-container-service/0.5.0-SNAPSHOT/hadoop-hdds-container-service-0.5.0-SNAPSHOT.jar!/webapps/static,UNAVAILABLE}
2019-09-25 05:54:27,520 [main] INFO  handler.ContextHandler (ContextHandler.java:doStop(910)) - Stopped o.e.j.s.ServletContextHandler@446626a7{/logs,file:///workdir/hadoop-ozone/ozonefs/target/log,UNAVAILABLE}
2019-09-25 05:54:27,523 [ForkJoinPool.commonPool-worker-1] INFO  utils.BackgroundService (BackgroundService.java:shutdown(148)) - Shutting down service BlockDeletingService
2019-09-25 05:54:27,530 [ForkJoinPool.commonPool-worker-1] INFO  statemachine.DatanodeStateMachine (DatanodeStateMachine.java:stopDaemon(395)) - Ozone container server stopped.
2019-09-25 05:54:27,538 [ForkJoinPool.commonPool-worker-1] INFO  handler.ContextHandler (ContextHandler.java:doStop(910)) - Stopped o.e.j.w.WebAppContext@3e3315d9{/,null,UNAVAILABLE}{/hddsDatanode}
2019-09-25 05:54:27,538 [ForkJoinPool.commonPool-worker-1] INFO  server.AbstractConnector (AbstractConnector.java:doStop(318)) - Stopped ServerConnector@64db4967{HTTP/1.1,[http/1.1]}{0.0.0.0:0}
2019-09-25 05:54:27,541 [ForkJoinPool.commonPool-worker-1] INFO  handler.ContextHandler (ContextHandler.java:doStop(910)) - Stopped o.e.j.s.ServletContextHandler@7f5538a1{/static,jar:file:/home/user/.m2/repository/org/apache/hadoop/hadoop-hdds-container-service/0.5.0-SNAPSHOT/hadoop-hdds-container-service-0.5.0-SNAPSHOT.jar!/webapps/static,UNAVAILABLE}
2019-09-25 05:54:27,543 [ForkJoinPool.commonPool-worker-1] INFO  handler.ContextHandler (ContextHandler.java:doStop(910)) - Stopped o.e.j.s.ServletContextHandler@67514bdd{/logs,file:///workdir/hadoop-ozone/ozonefs/target/log,UNAVAILABLE}
2019-09-25 05:54:27,859 [Datanode State Machine Thread - 0] INFO  statemachine.DatanodeStateMachine (DatanodeStateMachine.java:lambda$startDaemon$0(350)) - Ozone container server started.
2019-09-25 05:54:28,073 [Datanode State Machine Thread - 0] INFO  statemachine.DatanodeStateMachine (DatanodeStateMachine.java:lambda$startDaemon$0(350)) - Ozone container server started.
2019-09-25 05:54:32,522 [main] INFO  ozoneimpl.OzoneContainer (OzoneContainer.java:stop(231)) - Attempting to stop container services.
2019-09-25 05:54:32,523 [main] INFO  impl.RaftServerProxy (RaftServerProxy.java:lambda$close$4(314)) - 58f3e057-a7b1-43f9-accd-a9f9efdb249b: close
2019-09-25 05:54:32,523 [main] INFO  impl.RaftServerImpl (RaftServerImpl.java:lambda$shutdown$3(251)) - 58f3e057-a7b1-43f9-accd-a9f9efdb249b@group-A045CE8EE7F9: shutdown
2019-09-25 05:54:32,524 [main] INFO  util.JmxRegister (JmxRegister.java:unregister(73)) - Successfully un-registered JMX Bean with object name Ratis:service=RaftServer,group=group-A045CE8EE7F9,id=58f3e057-a7b1-43f9-accd-a9f9efdb249b
2019-09-25 05:54:32,524 [main] INFO  impl.RoleInfo (RoleInfo.java:shutdownLeaderState(104)) - 58f3e057-a7b1-43f9-accd-a9f9efdb249b: shutdown LeaderState
2019-09-25 05:54:32,525 [main] INFO  impl.PendingRequests (PendingRequests.java:sendNotLeaderResponses(202)) - 58f3e057-a7b1-43f9-accd-a9f9efdb249b-PendingRequests: sendNotLeaderResponses
2019-09-25 05:54:32,526 [main] INFO  impl.StateMachineUpdater (StateMachineUpdater.java:stopAndJoin(125)) - 58f3e057-a7b1-43f9-accd-a9f9efdb249b@group-A045CE8EE7F9-StateMachineUpdater: set stopIndex = 0
2019-09-25 05:54:32,526 [main] INFO  impl.RaftServerImpl (ServerState.java:close(385)) - 58f3e057-a7b1-43f9-accd-a9f9efdb249b@group-A045CE8EE7F9: closes. applyIndex: 0
2019-09-25 05:54:32,527 [58f3e057-a7b1-43f9-accd-a9f9efdb249b@group-A045CE8EE7F9-SegmentedRaftLogWorker] INFO  segmented.SegmentedRaftLogWorker (SegmentedRaftLogWorker.java:run(313)) - 58f3e057-a7b1-43f9-accd-a9f9efdb249b@group-A045CE8EE7F9-SegmentedRaftLogWorker was interrupted, exiting. There are 0 tasks remaining in the queue.
2019-09-25 05:54:32,538 [main] INFO  segmented.SegmentedRaftLogWorker (SegmentedRaftLogWorker.java:close(228)) - 58f3e057-a7b1-43f9-accd-a9f9efdb249b@group-A045CE8EE7F9-SegmentedRaftLogWorker close()
2019-09-25 05:54:32,538 [main] INFO  impl.RaftServerImpl (RaftServerImpl.java:lambda$shutdown$3(251)) - 58f3e057-a7b1-43f9-accd-a9f9efdb249b@group-5AE1E04A84E9: shutdown
2019-09-25 05:54:32,539 [main] INFO  util.JmxRegister (JmxRegister.java:unregister(73)) - Successfully un-registered JMX Bean with object name Ratis:service=RaftServer,group=group-5AE1E04A84E9,id=58f3e057-a7b1-43f9-accd-a9f9efdb249b
2019-09-25 05:54:32,539 [main] INFO  impl.RoleInfo (RoleInfo.java:shutdownLeaderState(104)) - 58f3e057-a7b1-43f9-accd-a9f9efdb249b: shutdown LeaderState
2019-09-25 05:54:32,540 [main] INFO  impl.PendingRequests (PendingRequests.java:sendNotLeaderResponses(202)) - 58f3e057-a7b1-43f9-accd-a9f9efdb249b-PendingRequests: sendNotLeaderResponses
2019-09-25 05:54:32,540 [main] INFO  impl.StateMachineUpdater (StateMachineUpdater.java:stopAndJoin(125)) - 58f3e057-a7b1-43f9-accd-a9f9efdb249b@group-5AE1E04A84E9-StateMachineUpdater: set stopIndex = 0
2019-09-25 05:54:32,541 [main] INFO  impl.RaftServerImpl (ServerState.java:close(385)) - 58f3e057-a7b1-43f9-accd-a9f9efdb249b@group-5AE1E04A84E9: closes. applyIndex: 0
2019-09-25 05:54:32,541 [58f3e057-a7b1-43f9-accd-a9f9efdb249b@group-5AE1E04A84E9-SegmentedRaftLogWorker] INFO  segmented.SegmentedRaftLogWorker (SegmentedRaftLogWorker.java:run(313)) - 58f3e057-a7b1-43f9-accd-a9f9efdb249b@group-5AE1E04A84E9-SegmentedRaftLogWorker was interrupted, exiting. There are 0 tasks remaining in the queue.
2019-09-25 05:54:32,542 [main] INFO  segmented.SegmentedRaftLogWorker (SegmentedRaftLogWorker.java:close(228)) - 58f3e057-a7b1-43f9-accd-a9f9efdb249b@group-5AE1E04A84E9-SegmentedRaftLogWorker close()
2019-09-25 05:54:32,542 [main] INFO  impl.RaftServerImpl (RaftServerImpl.java:lambda$shutdown$3(251)) - 58f3e057-a7b1-43f9-accd-a9f9efdb249b@group-FA786E5FA8B2: shutdown
2019-09-25 05:54:32,543 [main] INFO  util.JmxRegister (JmxRegister.java:unregister(73)) - Successfully un-registered JMX Bean with object name Ratis:service=RaftServer,group=group-FA786E5FA8B2,id=58f3e057-a7b1-43f9-accd-a9f9efdb249b
2019-09-25 05:54:32,543 [main] INFO  impl.RoleInfo (RoleInfo.java:shutdownLeaderState(104)) - 58f3e057-a7b1-43f9-accd-a9f9efdb249b: shutdown LeaderState
2019-09-25 05:54:32,544 [main] INFO  impl.PendingRequests (PendingRequests.java:sendNotLeaderResponses(202)) - 58f3e057-a7b1-43f9-accd-a9f9efdb249b-PendingRequests: sendNotLeaderResponses
2019-09-25 05:54:32,544 [main] INFO  impl.StateMachineUpdater (StateMachineUpdater.java:stopAndJoin(125)) - 58f3e057-a7b1-43f9-accd-a9f9efdb249b@group-FA786E5FA8B2-StateMachineUpdater: set stopIndex = 0
2019-09-25 05:54:32,544 [main] INFO  impl.RaftServerImpl (ServerState.java:close(385)) - 58f3e057-a7b1-43f9-accd-a9f9efdb249b@group-FA786E5FA8B2: closes. applyIndex: 0
2019-09-25 05:54:32,545 [58f3e057-a7b1-43f9-accd-a9f9efdb249b@group-FA786E5FA8B2-SegmentedRaftLogWorker] INFO  segmented.SegmentedRaftLogWorker (SegmentedRaftLogWorker.java:run(313)) - 58f3e057-a7b1-43f9-accd-a9f9efdb249b@group-FA786E5FA8B2-SegmentedRaftLogWorker was interrupted, exiting. There are 0 tasks remaining in the queue.
2019-09-25 05:54:32,545 [ForkJoinPool.commonPool-worker-1] INFO  ozoneimpl.OzoneContainer (OzoneContainer.java:stop(231)) - Attempting to stop container services.
2019-09-25 05:54:32,545 [main] INFO  segmented.SegmentedRaftLogWorker (SegmentedRaftLogWorker.java:close(228)) - 58f3e057-a7b1-43f9-accd-a9f9efdb249b@group-FA786E5FA8B2-SegmentedRaftLogWorker close()
2019-09-25 05:54:32,546 [ForkJoinPool.commonPool-worker-1] INFO  impl.RaftServerProxy (RaftServerProxy.java:lambda$close$4(314)) - a8d2df02-a9dc-4b60-9eec-a53a711ba1ae: close
2019-09-25 05:54:32,546 [main] INFO  impl.RaftServerImpl (RaftServerImpl.java:lambda$shutdown$3(251)) - 58f3e057-a7b1-43f9-accd-a9f9efdb249b@group-F0DE9801D102: shutdown
2019-09-25 05:54:32,546 [ForkJoinPool.commonPool-worker-1] INFO  impl.RaftServerImpl (RaftServerImpl.java:lambda$shutdown$3(251)) - a8d2df02-a9dc-4b60-9eec-a53a711ba1ae@group-C532B179C49B: shutdown
2019-09-25 05:54:32,547 [main] INFO  util.JmxRegister (JmxRegister.java:unregister(73)) - Successfully un-registered JMX Bean with object name Ratis:service=RaftServer,group=group-F0DE9801D102,id=58f3e057-a7b1-43f9-accd-a9f9efdb249b
2019-09-25 05:54:32,548 [main] INFO  impl.RoleInfo (RoleInfo.java:shutdownLeaderState(104)) - 58f3e057-a7b1-43f9-accd-a9f9efdb249b: shutdown LeaderState
2019-09-25 05:54:32,547 [ForkJoinPool.commonPool-worker-1] INFO  util.JmxRegister (JmxRegister.java:unregister(73)) - Successfully un-registered JMX Bean with object name Ratis:service=RaftServer,group=group-C532B179C49B,id=a8d2df02-a9dc-4b60-9eec-a53a711ba1ae
2019-09-25 05:54:32,548 [main] INFO  impl.PendingRequests (PendingRequests.java:sendNotLeaderResponses(202)) - 58f3e057-a7b1-43f9-accd-a9f9efdb249b-PendingRequests: sendNotLeaderResponses
2019-09-25 05:54:32,548 [ForkJoinPool.commonPool-worker-1] INFO  impl.RoleInfo (RoleInfo.java:shutdownLeaderState(104)) - a8d2df02-a9dc-4b60-9eec-a53a711ba1ae: shutdown LeaderState
2019-09-25 05:54:32,549 [main] INFO  impl.StateMachineUpdater (StateMachineUpdater.java:stopAndJoin(125)) - 58f3e057-a7b1-43f9-accd-a9f9efdb249b@group-F0DE9801D102-StateMachineUpdater: set stopIndex = 0
2019-09-25 05:54:32,550 [main] INFO  impl.RaftServerImpl (ServerState.java:close(385)) - 58f3e057-a7b1-43f9-accd-a9f9efdb249b@group-F0DE9801D102: closes. applyIndex: 0
2019-09-25 05:54:32,549 [ForkJoinPool.commonPool-worker-1] INFO  impl.PendingRequests (PendingRequests.java:sendNotLeaderResponses(202)) - a8d2df02-a9dc-4b60-9eec-a53a711ba1ae-PendingRequests: sendNotLeaderResponses
2019-09-25 05:54:32,550 [58f3e057-a7b1-43f9-accd-a9f9efdb249b@group-F0DE9801D102-SegmentedRaftLogWorker] INFO  segmented.SegmentedRaftLogWorker (SegmentedRaftLogWorker.java:run(313)) - 58f3e057-a7b1-43f9-accd-a9f9efdb249b@group-F0DE9801D102-SegmentedRaftLogWorker was interrupted, exiting. There are 0 tasks remaining in the queue.
2019-09-25 05:54:32,551 [ForkJoinPool.commonPool-worker-1] INFO  impl.StateMachineUpdater (StateMachineUpdater.java:stopAndJoin(125)) - a8d2df02-a9dc-4b60-9eec-a53a711ba1ae@group-C532B179C49B-StateMachineUpdater: set stopIndex = 0
2019-09-25 05:54:32,551 [main] INFO  segmented.SegmentedRaftLogWorker (SegmentedRaftLogWorker.java:close(228)) - 58f3e057-a7b1-43f9-accd-a9f9efdb249b@group-F0DE9801D102-SegmentedRaftLogWorker close()
2019-09-25 05:54:32,551 [ForkJoinPool.commonPool-worker-1] INFO  impl.RaftServerImpl (ServerState.java:close(385)) - a8d2df02-a9dc-4b60-9eec-a53a711ba1ae@group-C532B179C49B: closes. applyIndex: 0
2019-09-25 05:54:32,552 [main] INFO  impl.RaftServerImpl (RaftServerImpl.java:lambda$shutdown$3(251)) - 58f3e057-a7b1-43f9-accd-a9f9efdb249b@group-D2EB3210C45C: shutdown
2019-09-25 05:54:32,552 [a8d2df02-a9dc-4b60-9eec-a53a711ba1ae@group-C532B179C49B-SegmentedRaftLogWorker] INFO  segmented.SegmentedRaftLogWorker (SegmentedRaftLogWorker.java:run(313)) - a8d2df02-a9dc-4b60-9eec-a53a711ba1ae@group-C532B179C49B-SegmentedRaftLogWorker was interrupted, exiting. There are 0 tasks remaining in the queue.
2019-09-25 05:54:32,552 [main] INFO  util.JmxRegister (JmxRegister.java:unregister(73)) - Successfully un-registered JMX Bean with object name Ratis:service=RaftServer,group=group-D2EB3210C45C,id=58f3e057-a7b1-43f9-accd-a9f9efdb249b
2019-09-25 05:54:32,553 [main] INFO  impl.RoleInfo (RoleInfo.java:shutdownLeaderState(104)) - 58f3e057-a7b1-43f9-accd-a9f9efdb249b: shutdown LeaderState
2019-09-25 05:54:32,553 [ForkJoinPool.commonPool-worker-1] INFO  segmented.SegmentedRaftLogWorker (SegmentedRaftLogWorker.java:close(228)) - a8d2df02-a9dc-4b60-9eec-a53a711ba1ae@group-C532B179C49B-SegmentedRaftLogWorker close()
2019-09-25 05:54:32,553 [main] INFO  impl.PendingRequests (PendingRequests.java:sendNotLeaderResponses(202)) - 58f3e057-a7b1-43f9-accd-a9f9efdb249b-PendingRequests: sendNotLeaderResponses
2019-09-25 05:54:32,554 [ForkJoinPool.commonPool-worker-1] INFO  impl.RaftServerImpl (RaftServerImpl.java:lambda$shutdown$3(251)) - a8d2df02-a9dc-4b60-9eec-a53a711ba1ae@group-38FBCEA61B54: shutdown
2019-09-25 05:54:32,554 [main] INFO  impl.StateMachineUpdater (StateMachineUpdater.java:stopAndJoin(125)) - 58f3e057-a7b1-43f9-accd-a9f9efdb249b@group-D2EB3210C45C-StateMachineUpdater: set stopIndex = 0
2019-09-25 05:54:32,555 [main] INFO  impl.RaftServerImpl (ServerState.java:close(385)) - 58f3e057-a7b1-43f9-accd-a9f9efdb249b@group-D2EB3210C45C: closes. applyIndex: 0
2019-09-25 05:54:32,555 [ForkJoinPool.commonPool-worker-1] INFO  util.JmxRegister (JmxRegister.java:unregister(73)) - Successfully un-registered JMX Bean with object name Ratis:service=RaftServer,group=group-38FBCEA61B54,id=a8d2df02-a9dc-4b60-9eec-a53a711ba1ae
2019-09-25 05:54:32,556 [58f3e057-a7b1-43f9-accd-a9f9efdb249b@group-D2EB3210C45C-SegmentedRaftLogWorker] INFO  segmented.SegmentedRaftLogWorker (SegmentedRaftLogWorker.java:run(313)) - 58f3e057-a7b1-43f9-accd-a9f9efdb249b@group-D2EB3210C45C-SegmentedRaftLogWorker was interrupted, exiting. There are 0 tasks remaining in the queue.
2019-09-25 05:54:32,556 [ForkJoinPool.commonPool-worker-1] INFO  impl.RoleInfo (RoleInfo.java:shutdownLeaderState(104)) - a8d2df02-a9dc-4b60-9eec-a53a711ba1ae: shutdown LeaderState
2019-09-25 05:54:32,556 [main] INFO  segmented.SegmentedRaftLogWorker (SegmentedRaftLogWorker.java:close(228)) - 58f3e057-a7b1-43f9-accd-a9f9efdb249b@group-D2EB3210C45C-SegmentedRaftLogWorker close()
2019-09-25 05:54:32,556 [ForkJoinPool.commonPool-worker-1] INFO  impl.PendingRequests (PendingRequests.java:sendNotLeaderResponses(202)) - a8d2df02-a9dc-4b60-9eec-a53a711ba1ae-PendingRequests: sendNotLeaderResponses
2019-09-25 05:54:32,557 [main] INFO  impl.RaftServerImpl (RaftServerImpl.java:lambda$shutdown$3(251)) - 58f3e057-a7b1-43f9-accd-a9f9efdb249b@group-0F18AF64A1B6: shutdown
2019-09-25 05:54:32,557 [ForkJoinPool.commonPool-worker-1] INFO  impl.StateMachineUpdater (StateMachineUpdater.java:stopAndJoin(125)) - a8d2df02-a9dc-4b60-9eec-a53a711ba1ae@group-38FBCEA61B54-StateMachineUpdater: set stopIndex = 0
2019-09-25 05:54:32,557 [main] INFO  util.JmxRegister (JmxRegister.java:unregister(73)) - Successfully un-registered JMX Bean with object name Ratis:service=RaftServer,group=group-0F18AF64A1B6,id=58f3e057-a7b1-43f9-accd-a9f9efdb249b
2019-09-25 05:54:32,558 [ForkJoinPool.commonPool-worker-1] INFO  impl.RaftServerImpl (ServerState.java:close(385)) - a8d2df02-a9dc-4b60-9eec-a53a711ba1ae@group-38FBCEA61B54: closes. applyIndex: 0
2019-09-25 05:54:32,558 [main] INFO  impl.RoleInfo (RoleInfo.java:shutdownLeaderState(104)) - 58f3e057-a7b1-43f9-accd-a9f9efdb249b: shutdown LeaderState
2019-09-25 05:54:32,559 [a8d2df02-a9dc-4b60-9eec-a53a711ba1ae@group-38FBCEA61B54-SegmentedRaftLogWorker] INFO  segmented.SegmentedRaftLogWorker (SegmentedRaftLogWorker.java:run(313)) - a8d2df02-a9dc-4b60-9eec-a53a711ba1ae@group-38FBCEA61B54-SegmentedRaftLogWorker was interrupted, exiting. There are 0 tasks remaining in the queue.
2019-09-25 05:54:32,559 [main] INFO  impl.PendingRequests (PendingRequests.java:sendNotLeaderResponses(202)) - 58f3e057-a7b1-43f9-accd-a9f9efdb249b-PendingRequests: sendNotLeaderResponses
2019-09-25 05:54:32,559 [ForkJoinPool.commonPool-worker-1] INFO  segmented.SegmentedRaftLogWorker (SegmentedRaftLogWorker.java:close(228)) - a8d2df02-a9dc-4b60-9eec-a53a711ba1ae@group-38FBCEA61B54-SegmentedRaftLogWorker close()
2019-09-25 05:54:32,560 [main] INFO  impl.StateMachineUpdater (StateMachineUpdater.java:stopAndJoin(125)) - 58f3e057-a7b1-43f9-accd-a9f9efdb249b@group-0F18AF64A1B6-StateMachineUpdater: set stopIndex = 0
2019-09-25 05:54:32,560 [ForkJoinPool.commonPool-worker-1] INFO  impl.RaftServerImpl (RaftServerImpl.java:lambda$shutdown$3(251)) - a8d2df02-a9dc-4b60-9eec-a53a711ba1ae@group-042E30C3A79E: shutdown
2019-09-25 05:54:32,560 [main] INFO  impl.RaftServerImpl (ServerState.java:close(385)) - 58f3e057-a7b1-43f9-accd-a9f9efdb249b@group-0F18AF64A1B6: closes. applyIndex: 0
2019-09-25 05:54:32,561 [ForkJoinPool.commonPool-worker-1] INFO  util.JmxRegister (JmxRegister.java:unregister(73)) - Successfully un-registered JMX Bean with object name Ratis:service=RaftServer,group=group-042E30C3A79E,id=a8d2df02-a9dc-4b60-9eec-a53a711ba1ae
2019-09-25 05:54:32,561 [58f3e057-a7b1-43f9-accd-a9f9efdb249b@group-0F18AF64A1B6-SegmentedRaftLogWorker] INFO  segmented.SegmentedRaftLogWorker (SegmentedRaftLogWorker.java:run(313)) - 58f3e057-a7b1-43f9-accd-a9f9efdb249b@group-0F18AF64A1B6-SegmentedRaftLogWorker was interrupted, exiting. There are 0 tasks remaining in the queue.
2019-09-25 05:54:32,561 [ForkJoinPool.commonPool-worker-1] INFO  impl.RoleInfo (RoleInfo.java:shutdownLeaderState(104)) - a8d2df02-a9dc-4b60-9eec-a53a711ba1ae: shutdown LeaderState
2019-09-25 05:54:32,562 [main] INFO  segmented.SegmentedRaftLogWorker (SegmentedRaftLogWorker.java:close(228)) - 58f3e057-a7b1-43f9-accd-a9f9efdb249b@group-0F18AF64A1B6-SegmentedRaftLogWorker close()
2019-09-25 05:54:32,562 [ForkJoinPool.commonPool-worker-1] INFO  impl.PendingRequests (PendingRequests.java:sendNotLeaderResponses(202)) - a8d2df02-a9dc-4b60-9eec-a53a711ba1ae-PendingRequests: sendNotLeaderResponses
2019-09-25 05:54:32,562 [main] INFO  server.GrpcService (GrpcService.java:closeImpl(164)) - 58f3e057-a7b1-43f9-accd-a9f9efdb249b: shutdown server with port 39965 now
2019-09-25 05:54:32,563 [ForkJoinPool.commonPool-worker-1] INFO  impl.StateMachineUpdater (StateMachineUpdater.java:stopAndJoin(125)) - a8d2df02-a9dc-4b60-9eec-a53a711ba1ae@group-042E30C3A79E-StateMachineUpdater: set stopIndex = 0
2019-09-25 05:54:32,567 [main] INFO  server.GrpcService (GrpcService.java:closeImpl(172)) - 58f3e057-a7b1-43f9-accd-a9f9efdb249b: shutdown server with port 39965 successfully
2019-09-25 05:54:32,567 [ForkJoinPool.commonPool-worker-1] INFO  impl.RaftServerImpl (ServerState.java:close(385)) - a8d2df02-a9dc-4b60-9eec-a53a711ba1ae@group-042E30C3A79E: closes. applyIndex: 0
2019-09-25 05:54:32,569 [a8d2df02-a9dc-4b60-9eec-a53a711ba1ae@group-042E30C3A79E-SegmentedRaftLogWorker] INFO  segmented.SegmentedRaftLogWorker (SegmentedRaftLogWorker.java:run(313)) - a8d2df02-a9dc-4b60-9eec-a53a711ba1ae@group-042E30C3A79E-SegmentedRaftLogWorker was interrupted, exiting. There are 0 tasks remaining in the queue.
2019-09-25 05:54:32,570 [refreshUsed-/workdir/hadoop-ozone/ozonefs/target/test-dir/MiniOzoneClusterImpl-a7a48124-c188-483e-b9a9-787dfdcc7198/datanode-8/data/containers] WARN  fs.CachingGetSpaceUsed (CachingGetSpaceUsed.java:run(183)) - Thread Interrupted waiting to refresh disk information: sleep interrupted
2019-09-25 05:54:32,570 [ForkJoinPool.commonPool-worker-1] INFO  segmented.SegmentedRaftLogWorker (SegmentedRaftLogWorker.java:close(228)) - a8d2df02-a9dc-4b60-9eec-a53a711ba1ae@group-042E30C3A79E-SegmentedRaftLogWorker close()
2019-09-25 05:54:32,570 [ForkJoinPool.commonPool-worker-1] INFO  impl.RaftServerImpl (RaftServerImpl.java:lambda$shutdown$3(251)) - a8d2df02-a9dc-4b60-9eec-a53a711ba1ae@group-9215915B0A34: shutdown
2019-09-25 05:54:32,571 [ForkJoinPool.commonPool-worker-1] INFO  util.JmxRegister (JmxRegister.java:unregister(73)) - Successfully un-registered JMX Bean with object name Ratis:service=RaftServer,group=group-9215915B0A34,id=a8d2df02-a9dc-4b60-9eec-a53a711ba1ae
2019-09-25 05:54:32,571 [ForkJoinPool.commonPool-worker-1] INFO  impl.RoleInfo (RoleInfo.java:shutdownLeaderState(104)) - a8d2df02-a9dc-4b60-9eec-a53a711ba1ae: shutdown LeaderState
2019-09-25 05:54:32,571 [ForkJoinPool.commonPool-worker-1] INFO  impl.PendingRequests (PendingRequests.java:sendNotLeaderResponses(202)) - a8d2df02-a9dc-4b60-9eec-a53a711ba1ae-PendingRequests: sendNotLeaderResponses
2019-09-25 05:54:32,572 [ForkJoinPool.commonPool-worker-1] INFO  impl.StateMachineUpdater (StateMachineUpdater.java:stopAndJoin(125)) - a8d2df02-a9dc-4b60-9eec-a53a711ba1ae@group-9215915B0A34-StateMachineUpdater: set stopIndex = 0
2019-09-25 05:54:32,572 [ForkJoinPool.commonPool-worker-1] INFO  impl.RaftServerImpl (ServerState.java:close(385)) - a8d2df02-a9dc-4b60-9eec-a53a711ba1ae@group-9215915B0A34: closes. applyIndex: 0
2019-09-25 05:54:32,573 [a8d2df02-a9dc-4b60-9eec-a53a711ba1ae@group-9215915B0A34-SegmentedRaftLogWorker] INFO  segmented.SegmentedRaftLogWorker (SegmentedRaftLogWorker.java:run(313)) - a8d2df02-a9dc-4b60-9eec-a53a711ba1ae@group-9215915B0A34-SegmentedRaftLogWorker was interrupted, exiting. There are 0 tasks remaining in the queue.
2019-09-25 05:54:32,573 [ForkJoinPool.commonPool-worker-1] INFO  segmented.SegmentedRaftLogWorker (SegmentedRaftLogWorker.java:close(228)) - a8d2df02-a9dc-4b60-9eec-a53a711ba1ae@group-9215915B0A34-SegmentedRaftLogWorker close()
2019-09-25 05:54:32,573 [ForkJoinPool.commonPool-worker-1] INFO  impl.RaftServerImpl (RaftServerImpl.java:lambda$shutdown$3(251)) - a8d2df02-a9dc-4b60-9eec-a53a711ba1ae@group-E08049807801: shutdown
2019-09-25 05:54:32,574 [ForkJoinPool.commonPool-worker-1] INFO  util.JmxRegister (JmxRegister.java:unregister(73)) - Successfully un-registered JMX Bean with object name Ratis:service=RaftServer,group=group-E08049807801,id=a8d2df02-a9dc-4b60-9eec-a53a711ba1ae
2019-09-25 05:54:32,575 [ForkJoinPool.commonPool-worker-1] INFO  impl.RoleInfo (RoleInfo.java:shutdownLeaderState(104)) - a8d2df02-a9dc-4b60-9eec-a53a711ba1ae: shutdown LeaderState
2019-09-25 05:54:32,577 [ForkJoinPool.commonPool-worker-1] INFO  impl.PendingRequests (PendingRequests.java:sendNotLeaderResponses(202)) - a8d2df02-a9dc-4b60-9eec-a53a711ba1ae-PendingRequests: sendNotLeaderResponses
2019-09-25 05:54:32,578 [ForkJoinPool.commonPool-worker-1] INFO  impl.StateMachineUpdater (StateMachineUpdater.java:stopAndJoin(125)) - a8d2df02-a9dc-4b60-9eec-a53a711ba1ae@group-E08049807801-StateMachineUpdater: set stopIndex = 0
2019-09-25 05:54:32,578 [ForkJoinPool.commonPool-worker-1] INFO  impl.RaftServerImpl (ServerState.java:close(385)) - a8d2df02-a9dc-4b60-9eec-a53a711ba1ae@group-E08049807801: closes. applyIndex: 0
2019-09-25 05:54:32,578 [a8d2df02-a9dc-4b60-9eec-a53a711ba1ae@group-E08049807801-SegmentedRaftLogWorker] INFO  segmented.SegmentedRaftLogWorker (SegmentedRaftLogWorker.java:run(313)) - a8d2df02-a9dc-4b60-9eec-a53a711ba1ae@group-E08049807801-SegmentedRaftLogWorker was interrupted, exiting. There are 0 tasks remaining in the queue.
2019-09-25 05:54:32,579 [ForkJoinPool.commonPool-worker-1] INFO  segmented.SegmentedRaftLogWorker (SegmentedRaftLogWorker.java:close(228)) - a8d2df02-a9dc-4b60-9eec-a53a711ba1ae@group-E08049807801-SegmentedRaftLogWorker close()
2019-09-25 05:54:32,579 [ForkJoinPool.commonPool-worker-1] INFO  impl.RaftServerImpl (RaftServerImpl.java:lambda$shutdown$3(251)) - a8d2df02-a9dc-4b60-9eec-a53a711ba1ae@group-D13092C090E7: shutdown
2019-09-25 05:54:32,579 [ForkJoinPool.commonPool-worker-1] INFO  util.JmxRegister (JmxRegister.java:unregister(73)) - Successfully un-registered JMX Bean with object name Ratis:service=RaftServer,group=group-D13092C090E7,id=a8d2df02-a9dc-4b60-9eec-a53a711ba1ae
2019-09-25 05:54:32,580 [ForkJoinPool.commonPool-worker-1] INFO  impl.RoleInfo (RoleInfo.java:shutdownLeaderState(104)) - a8d2df02-a9dc-4b60-9eec-a53a711ba1ae: shutdown LeaderState
2019-09-25 05:54:32,580 [ForkJoinPool.commonPool-worker-1] INFO  impl.PendingRequests (PendingRequests.java:sendNotLeaderResponses(202)) - a8d2df02-a9dc-4b60-9eec-a53a711ba1ae-PendingRequests: sendNotLeaderResponses
2019-09-25 05:54:32,580 [ForkJoinPool.commonPool-worker-1] INFO  impl.StateMachineUpdater (StateMachineUpdater.java:stopAndJoin(125)) - a8d2df02-a9dc-4b60-9eec-a53a711ba1ae@group-D13092C090E7-StateMachineUpdater: set stopIndex = 0
2019-09-25 05:54:32,581 [ForkJoinPool.commonPool-worker-1] INFO  impl.RaftServerImpl (ServerState.java:close(385)) - a8d2df02-a9dc-4b60-9eec-a53a711ba1ae@group-D13092C090E7: closes. applyIndex: 0
2019-09-25 05:54:32,581 [a8d2df02-a9dc-4b60-9eec-a53a711ba1ae@group-D13092C090E7-SegmentedRaftLogWorker] INFO  segmented.SegmentedRaftLogWorker (SegmentedRaftLogWorker.java:run(313)) - a8d2df02-a9dc-4b60-9eec-a53a711ba1ae@group-D13092C090E7-SegmentedRaftLogWorker was interrupted, exiting. There are 0 tasks remaining in the queue.
2019-09-25 05:54:32,582 [ForkJoinPool.commonPool-worker-1] INFO  segmented.SegmentedRaftLogWorker (SegmentedRaftLogWorker.java:close(228)) - a8d2df02-a9dc-4b60-9eec-a53a711ba1ae@group-D13092C090E7-SegmentedRaftLogWorker close()
2019-09-25 05:54:32,582 [ForkJoinPool.commonPool-worker-1] INFO  server.GrpcService (GrpcService.java:closeImpl(164)) - a8d2df02-a9dc-4b60-9eec-a53a711ba1ae: shutdown server with port 45141 now
2019-09-25 05:54:32,585 [ForkJoinPool.commonPool-worker-1] INFO  server.GrpcService (GrpcService.java:closeImpl(172)) - a8d2df02-a9dc-4b60-9eec-a53a711ba1ae: shutdown server with port 45141 successfully
2019-09-25 05:54:32,587 [refreshUsed-/workdir/hadoop-ozone/ozonefs/target/test-dir/MiniOzoneClusterImpl-a7a48124-c188-483e-b9a9-787dfdcc7198/datanode-4/data/containers] WARN  fs.CachingGetSpaceUsed (CachingGetSpaceUsed.java:run(183)) - Thread Interrupted waiting to refresh disk information: sleep interrupted
2019-09-25 05:54:32,606 [main] INFO  utils.BackgroundService (BackgroundService.java:shutdown(148)) - Shutting down service BlockDeletingService
2019-09-25 05:54:32,613 [main] INFO  statemachine.DatanodeStateMachine (DatanodeStateMachine.java:stopDaemon(395)) - Ozone container server stopped.
2019-09-25 05:54:32,614 [main] INFO  handler.ContextHandler (ContextHandler.java:doStop(910)) - Stopped o.e.j.w.WebAppContext@474821de{/,null,UNAVAILABLE}{/hddsDatanode}
2019-09-25 05:54:32,615 [main] INFO  server.AbstractConnector (AbstractConnector.java:doStop(318)) - Stopped ServerConnector@3d64c581{HTTP/1.1,[http/1.1]}{0.0.0.0:0}
2019-09-25 05:54:32,616 [main] INFO  handler.ContextHandler (ContextHandler.java:doStop(910)) - Stopped o.e.j.s.ServletContextHandler@427ae189{/static,jar:file:/home/user/.m2/repository/org/apache/hadoop/hadoop-hdds-container-service/0.5.0-SNAPSHOT/hadoop-hdds-container-service-0.5.0-SNAPSHOT.jar!/webapps/static,UNAVAILABLE}
2019-09-25 05:54:32,616 [main] INFO  handler.ContextHandler (ContextHandler.java:doStop(910)) - Stopped o.e.j.s.ServletContextHandler@4784efd9{/logs,file:///workdir/hadoop-ozone/ozonefs/target/log,UNAVAILABLE}
2019-09-25 05:54:32,621 [ForkJoinPool.commonPool-worker-1] INFO  utils.BackgroundService (BackgroundService.java:shutdown(148)) - Shutting down service BlockDeletingService
2019-09-25 05:54:32,628 [ForkJoinPool.commonPool-worker-1] INFO  statemachine.DatanodeStateMachine (DatanodeStateMachine.java:stopDaemon(395)) - Ozone container server stopped.
2019-09-25 05:54:32,634 [ForkJoinPool.commonPool-worker-1] INFO  handler.ContextHandler (ContextHandler.java:doStop(910)) - Stopped o.e.j.w.WebAppContext@340a8894{/,null,UNAVAILABLE}{/hddsDatanode}
2019-09-25 05:54:32,635 [ForkJoinPool.commonPool-worker-1] INFO  server.AbstractConnector (AbstractConnector.java:doStop(318)) - Stopped ServerConnector@7a8b9166{HTTP/1.1,[http/1.1]}{0.0.0.0:0}
2019-09-25 05:54:32,637 [ForkJoinPool.commonPool-worker-1] INFO  handler.ContextHandler (ContextHandler.java:doStop(910)) - Stopped o.e.j.s.ServletContextHandler@6325f352{/static,jar:file:/home/user/.m2/repository/org/apache/hadoop/hadoop-hdds-container-service/0.5.0-SNAPSHOT/hadoop-hdds-container-service-0.5.0-SNAPSHOT.jar!/webapps/static,UNAVAILABLE}
2019-09-25 05:54:32,640 [ForkJoinPool.commonPool-worker-1] INFO  handler.ContextHandler (ContextHandler.java:doStop(910)) - Stopped o.e.j.s.ServletContextHandler@1b1c538d{/logs,file:///workdir/hadoop-ozone/ozonefs/target/log,UNAVAILABLE}
2019-09-25 05:54:33,373 [Datanode State Machine Thread - 0] INFO  statemachine.DatanodeStateMachine (DatanodeStateMachine.java:lambda$startDaemon$0(350)) - Ozone container server started.
2019-09-25 05:54:33,456 [Datanode State Machine Thread - 0] INFO  statemachine.DatanodeStateMachine (DatanodeStateMachine.java:lambda$startDaemon$0(350)) - Ozone container server started.
2019-09-25 05:54:37,618 [main] INFO  ozoneimpl.OzoneContainer (OzoneContainer.java:stop(231)) - Attempting to stop container services.
2019-09-25 05:54:37,620 [main] INFO  impl.RaftServerProxy (RaftServerProxy.java:lambda$close$4(314)) - faa7f77f-6684-4b53-8a7a-61c7fb9cb7f4: close
2019-09-25 05:54:37,620 [main] INFO  impl.RaftServerImpl (RaftServerImpl.java:lambda$shutdown$3(251)) - faa7f77f-6684-4b53-8a7a-61c7fb9cb7f4@group-A8ACEFD8352F: shutdown
2019-09-25 05:54:37,621 [main] INFO  util.JmxRegister (JmxRegister.java:unregister(73)) - Successfully un-registered JMX Bean with object name Ratis:service=RaftServer,group=group-A8ACEFD8352F,id=faa7f77f-6684-4b53-8a7a-61c7fb9cb7f4
2019-09-25 05:54:37,621 [main] INFO  impl.RoleInfo (RoleInfo.java:shutdownLeaderState(104)) - faa7f77f-6684-4b53-8a7a-61c7fb9cb7f4: shutdown LeaderState
2019-09-25 05:54:37,622 [main] INFO  impl.PendingRequests (PendingRequests.java:sendNotLeaderResponses(202)) - faa7f77f-6684-4b53-8a7a-61c7fb9cb7f4-PendingRequests: sendNotLeaderResponses
2019-09-25 05:54:37,622 [main] INFO  impl.StateMachineUpdater (StateMachineUpdater.java:stopAndJoin(125)) - faa7f77f-6684-4b53-8a7a-61c7fb9cb7f4@group-A8ACEFD8352F-StateMachineUpdater: set stopIndex = 0
2019-09-25 05:54:37,623 [main] INFO  impl.RaftServerImpl (ServerState.java:close(385)) - faa7f77f-6684-4b53-8a7a-61c7fb9cb7f4@group-A8ACEFD8352F: closes. applyIndex: 0
2019-09-25 05:54:37,624 [faa7f77f-6684-4b53-8a7a-61c7fb9cb7f4@group-A8ACEFD8352F-SegmentedRaftLogWorker] INFO  segmented.SegmentedRaftLogWorker (SegmentedRaftLogWorker.java:run(313)) - faa7f77f-6684-4b53-8a7a-61c7fb9cb7f4@group-A8ACEFD8352F-SegmentedRaftLogWorker was interrupted, exiting. There are 0 tasks remaining in the queue.
2019-09-25 05:54:37,624 [main] INFO  segmented.SegmentedRaftLogWorker (SegmentedRaftLogWorker.java:close(228)) - faa7f77f-6684-4b53-8a7a-61c7fb9cb7f4@group-A8ACEFD8352F-SegmentedRaftLogWorker close()
2019-09-25 05:54:37,625 [main] INFO  impl.RaftServerImpl (RaftServerImpl.java:lambda$shutdown$3(251)) - faa7f77f-6684-4b53-8a7a-61c7fb9cb7f4@group-AFDF365051C2: shutdown
2019-09-25 05:54:37,625 [main] INFO  util.JmxRegister (JmxRegister.java:unregister(73)) - Successfully un-registered JMX Bean with object name Ratis:service=RaftServer,group=group-AFDF365051C2,id=faa7f77f-6684-4b53-8a7a-61c7fb9cb7f4
2019-09-25 05:54:37,625 [main] INFO  impl.RoleInfo (RoleInfo.java:shutdownLeaderState(104)) - faa7f77f-6684-4b53-8a7a-61c7fb9cb7f4: shutdown LeaderState
2019-09-25 05:54:37,626 [main] INFO  impl.PendingRequests (PendingRequests.java:sendNotLeaderResponses(202)) - faa7f77f-6684-4b53-8a7a-61c7fb9cb7f4-PendingRequests: sendNotLeaderResponses
2019-09-25 05:54:37,626 [main] INFO  impl.StateMachineUpdater (StateMachineUpdater.java:stopAndJoin(125)) - faa7f77f-6684-4b53-8a7a-61c7fb9cb7f4@group-AFDF365051C2-StateMachineUpdater: set stopIndex = 0
2019-09-25 05:54:37,627 [main] INFO  impl.RaftServerImpl (ServerState.java:close(385)) - faa7f77f-6684-4b53-8a7a-61c7fb9cb7f4@group-AFDF365051C2: closes. applyIndex: 0
2019-09-25 05:54:37,627 [faa7f77f-6684-4b53-8a7a-61c7fb9cb7f4@group-AFDF365051C2-SegmentedRaftLogWorker] INFO  segmented.SegmentedRaftLogWorker (SegmentedRaftLogWorker.java:run(313)) - faa7f77f-6684-4b53-8a7a-61c7fb9cb7f4@group-AFDF365051C2-SegmentedRaftLogWorker was interrupted, exiting. There are 0 tasks remaining in the queue.
2019-09-25 05:54:37,628 [main] INFO  segmented.SegmentedRaftLogWorker (SegmentedRaftLogWorker.java:close(228)) - faa7f77f-6684-4b53-8a7a-61c7fb9cb7f4@group-AFDF365051C2-SegmentedRaftLogWorker close()
2019-09-25 05:54:37,628 [main] INFO  impl.RaftServerImpl (RaftServerImpl.java:lambda$shutdown$3(251)) - faa7f77f-6684-4b53-8a7a-61c7fb9cb7f4@group-F708D375A4ED: shutdown
2019-09-25 05:54:37,629 [main] INFO  util.JmxRegister (JmxRegister.java:unregister(73)) - Successfully un-registered JMX Bean with object name Ratis:service=RaftServer,group=group-F708D375A4ED,id=faa7f77f-6684-4b53-8a7a-61c7fb9cb7f4
2019-09-25 05:54:37,629 [main] INFO  impl.RoleInfo (RoleInfo.java:shutdownLeaderState(104)) - faa7f77f-6684-4b53-8a7a-61c7fb9cb7f4: shutdown LeaderState
2019-09-25 05:54:37,629 [main] INFO  impl.PendingRequests (PendingRequests.java:sendNotLeaderResponses(202)) - faa7f77f-6684-4b53-8a7a-61c7fb9cb7f4-PendingRequests: sendNotLeaderResponses
2019-09-25 05:54:37,630 [main] INFO  impl.StateMachineUpdater (StateMachineUpdater.java:stopAndJoin(125)) - faa7f77f-6684-4b53-8a7a-61c7fb9cb7f4@group-F708D375A4ED-StateMachineUpdater: set stopIndex = 0
2019-09-25 05:54:37,630 [main] INFO  impl.RaftServerImpl (ServerState.java:close(385)) - faa7f77f-6684-4b53-8a7a-61c7fb9cb7f4@group-F708D375A4ED: closes. applyIndex: 0
2019-09-25 05:54:37,631 [faa7f77f-6684-4b53-8a7a-61c7fb9cb7f4@group-F708D375A4ED-SegmentedRaftLogWorker] INFO  segmented.SegmentedRaftLogWorker (SegmentedRaftLogWorker.java:run(313)) - faa7f77f-6684-4b53-8a7a-61c7fb9cb7f4@group-F708D375A4ED-SegmentedRaftLogWorker was interrupted, exiting. There are 0 tasks remaining in the queue.
2019-09-25 05:54:37,631 [main] INFO  segmented.SegmentedRaftLogWorker (SegmentedRaftLogWorker.java:close(228)) - faa7f77f-6684-4b53-8a7a-61c7fb9cb7f4@group-F708D375A4ED-SegmentedRaftLogWorker close()
2019-09-25 05:54:37,632 [main] INFO  impl.RaftServerImpl (RaftServerImpl.java:lambda$shutdown$3(251)) - faa7f77f-6684-4b53-8a7a-61c7fb9cb7f4@group-EE26EFB490E0: shutdown
2019-09-25 05:54:37,632 [main] INFO  util.JmxRegister (JmxRegister.java:unregister(73)) - Successfully un-registered JMX Bean with object name Ratis:service=RaftServer,group=group-EE26EFB490E0,id=faa7f77f-6684-4b53-8a7a-61c7fb9cb7f4
2019-09-25 05:54:37,632 [main] INFO  impl.RoleInfo (RoleInfo.java:shutdownLeaderState(104)) - faa7f77f-6684-4b53-8a7a-61c7fb9cb7f4: shutdown LeaderState
2019-09-25 05:54:37,633 [main] INFO  impl.PendingRequests (PendingRequests.java:sendNotLeaderResponses(202)) - faa7f77f-6684-4b53-8a7a-61c7fb9cb7f4-PendingRequests: sendNotLeaderResponses
2019-09-25 05:54:37,633 [main] INFO  impl.StateMachineUpdater (StateMachineUpdater.java:stopAndJoin(125)) - faa7f77f-6684-4b53-8a7a-61c7fb9cb7f4@group-EE26EFB490E0-StateMachineUpdater: set stopIndex = 0
2019-09-25 05:54:37,634 [main] INFO  impl.RaftServerImpl (ServerState.java:close(385)) - faa7f77f-6684-4b53-8a7a-61c7fb9cb7f4@group-EE26EFB490E0: closes. applyIndex: 0
2019-09-25 05:54:37,634 [faa7f77f-6684-4b53-8a7a-61c7fb9cb7f4@group-EE26EFB490E0-SegmentedRaftLogWorker] INFO  segmented.SegmentedRaftLogWorker (SegmentedRaftLogWorker.java:run(313)) - faa7f77f-6684-4b53-8a7a-61c7fb9cb7f4@group-EE26EFB490E0-SegmentedRaftLogWorker was interrupted, exiting. There are 0 tasks remaining in the queue.
2019-09-25 05:54:37,634 [main] INFO  segmented.SegmentedRaftLogWorker (SegmentedRaftLogWorker.java:close(228)) - faa7f77f-6684-4b53-8a7a-61c7fb9cb7f4@group-EE26EFB490E0-SegmentedRaftLogWorker close()
2019-09-25 05:54:37,635 [main] INFO  impl.RaftServerImpl (RaftServerImpl.java:lambda$shutdown$3(251)) - faa7f77f-6684-4b53-8a7a-61c7fb9cb7f4@group-854668E17376: shutdown
2019-09-25 05:54:37,635 [main] INFO  util.JmxRegister (JmxRegister.java:unregister(73)) - Successfully un-registered JMX Bean with object name Ratis:service=RaftServer,group=group-854668E17376,id=faa7f77f-6684-4b53-8a7a-61c7fb9cb7f4
2019-09-25 05:54:37,636 [main] INFO  impl.RoleInfo (RoleInfo.java:shutdownLeaderState(104)) - faa7f77f-6684-4b53-8a7a-61c7fb9cb7f4: shutdown LeaderState
2019-09-25 05:54:37,636 [main] INFO  impl.PendingRequests (PendingRequests.java:sendNotLeaderResponses(202)) - faa7f77f-6684-4b53-8a7a-61c7fb9cb7f4-PendingRequests: sendNotLeaderResponses
2019-09-25 05:54:37,637 [main] INFO  impl.StateMachineUpdater (StateMachineUpdater.java:stopAndJoin(125)) - faa7f77f-6684-4b53-8a7a-61c7fb9cb7f4@group-854668E17376-StateMachineUpdater: set stopIndex = 0
2019-09-25 05:54:37,637 [main] INFO  impl.RaftServerImpl (ServerState.java:close(385)) - faa7f77f-6684-4b53-8a7a-61c7fb9cb7f4@group-854668E17376: closes. applyIndex: 0
2019-09-25 05:54:37,637 [faa7f77f-6684-4b53-8a7a-61c7fb9cb7f4@group-854668E17376-SegmentedRaftLogWorker] INFO  segmented.SegmentedRaftLogWorker (SegmentedRaftLogWorker.java:run(313)) - faa7f77f-6684-4b53-8a7a-61c7fb9cb7f4@group-854668E17376-SegmentedRaftLogWorker was interrupted, exiting. There are 0 tasks remaining in the queue.
2019-09-25 05:54:37,638 [main] INFO  segmented.SegmentedRaftLogWorker (SegmentedRaftLogWorker.java:close(228)) - faa7f77f-6684-4b53-8a7a-61c7fb9cb7f4@group-854668E17376-SegmentedRaftLogWorker close()
2019-09-25 05:54:37,638 [main] INFO  impl.RaftServerImpl (RaftServerImpl.java:lambda$shutdown$3(251)) - faa7f77f-6684-4b53-8a7a-61c7fb9cb7f4@group-5520711078DA: shutdown
2019-09-25 05:54:37,639 [main] INFO  util.JmxRegister (JmxRegister.java:unregister(73)) - Successfully un-registered JMX Bean with object name Ratis:service=RaftServer,group=group-5520711078DA,id=faa7f77f-6684-4b53-8a7a-61c7fb9cb7f4
2019-09-25 05:54:37,639 [main] INFO  impl.RoleInfo (RoleInfo.java:shutdownLeaderState(104)) - faa7f77f-6684-4b53-8a7a-61c7fb9cb7f4: shutdown LeaderState
2019-09-25 05:54:37,639 [main] INFO  impl.PendingRequests (PendingRequests.java:sendNotLeaderResponses(202)) - faa7f77f-6684-4b53-8a7a-61c7fb9cb7f4-PendingRequests: sendNotLeaderResponses
2019-09-25 05:54:37,640 [main] INFO  impl.StateMachineUpdater (StateMachineUpdater.java:stopAndJoin(125)) - faa7f77f-6684-4b53-8a7a-61c7fb9cb7f4@group-5520711078DA-StateMachineUpdater: set stopIndex = 0
2019-09-25 05:54:37,640 [main] INFO  impl.RaftServerImpl (ServerState.java:close(385)) - faa7f77f-6684-4b53-8a7a-61c7fb9cb7f4@group-5520711078DA: closes. applyIndex: 0
2019-09-25 05:54:37,641 [faa7f77f-6684-4b53-8a7a-61c7fb9cb7f4@group-5520711078DA-SegmentedRaftLogWorker] INFO  segmented.SegmentedRaftLogWorker (SegmentedRaftLogWorker.java:run(313)) - faa7f77f-6684-4b53-8a7a-61c7fb9cb7f4@group-5520711078DA-SegmentedRaftLogWorker was interrupted, exiting. There are 0 tasks remaining in the queue.
2019-09-25 05:54:37,641 [main] INFO  segmented.SegmentedRaftLogWorker (SegmentedRaftLogWorker.java:close(228)) - faa7f77f-6684-4b53-8a7a-61c7fb9cb7f4@group-5520711078DA-SegmentedRaftLogWorker close()
2019-09-25 05:54:37,641 [main] INFO  server.GrpcService (GrpcService.java:closeImpl(164)) - faa7f77f-6684-4b53-8a7a-61c7fb9cb7f4: shutdown server with port 41397 now
2019-09-25 05:54:37,642 [ForkJoinPool.commonPool-worker-1] INFO  ozoneimpl.OzoneContainer (OzoneContainer.java:stop(231)) - Attempting to stop container services.
2019-09-25 05:54:37,647 [main] INFO  server.GrpcService (GrpcService.java:closeImpl(172)) - faa7f77f-6684-4b53-8a7a-61c7fb9cb7f4: shutdown server with port 41397 successfully
2019-09-25 05:54:37,647 [ForkJoinPool.commonPool-worker-1] INFO  impl.RaftServerProxy (RaftServerProxy.java:lambda$close$4(314)) - a171a438-4db2-4a15-a03d-8d01a40a69ad: close
2019-09-25 05:54:37,647 [ForkJoinPool.commonPool-worker-1] INFO  impl.RaftServerImpl (RaftServerImpl.java:lambda$shutdown$3(251)) - a171a438-4db2-4a15-a03d-8d01a40a69ad@group-31C5524DE45B: shutdown
2019-09-25 05:54:37,648 [ForkJoinPool.commonPool-worker-1] INFO  util.JmxRegister (JmxRegister.java:unregister(73)) - Successfully un-registered JMX Bean with object name Ratis:service=RaftServer,group=group-31C5524DE45B,id=a171a438-4db2-4a15-a03d-8d01a40a69ad
2019-09-25 05:54:37,648 [ForkJoinPool.commonPool-worker-1] INFO  impl.RoleInfo (RoleInfo.java:shutdownLeaderState(104)) - a171a438-4db2-4a15-a03d-8d01a40a69ad: shutdown LeaderState
2019-09-25 05:54:37,648 [ForkJoinPool.commonPool-worker-1] INFO  impl.PendingRequests (PendingRequests.java:sendNotLeaderResponses(202)) - a171a438-4db2-4a15-a03d-8d01a40a69ad-PendingRequests: sendNotLeaderResponses
2019-09-25 05:54:37,649 [ForkJoinPool.commonPool-worker-1] INFO  impl.StateMachineUpdater (StateMachineUpdater.java:stopAndJoin(125)) - a171a438-4db2-4a15-a03d-8d01a40a69ad@group-31C5524DE45B-StateMachineUpdater: set stopIndex = 0
2019-09-25 05:54:37,649 [ForkJoinPool.commonPool-worker-1] INFO  impl.RaftServerImpl (ServerState.java:close(385)) - a171a438-4db2-4a15-a03d-8d01a40a69ad@group-31C5524DE45B: closes. applyIndex: 0
2019-09-25 05:54:37,650 [a171a438-4db2-4a15-a03d-8d01a40a69ad@group-31C5524DE45B-SegmentedRaftLogWorker] INFO  segmented.SegmentedRaftLogWorker (SegmentedRaftLogWorker.java:run(313)) - a171a438-4db2-4a15-a03d-8d01a40a69ad@group-31C5524DE45B-SegmentedRaftLogWorker was interrupted, exiting. There are 0 tasks remaining in the queue.
2019-09-25 05:54:37,650 [ForkJoinPool.commonPool-worker-1] INFO  segmented.SegmentedRaftLogWorker (SegmentedRaftLogWorker.java:close(228)) - a171a438-4db2-4a15-a03d-8d01a40a69ad@group-31C5524DE45B-SegmentedRaftLogWorker close()
2019-09-25 05:54:37,651 [ForkJoinPool.commonPool-worker-1] INFO  impl.RaftServerImpl (RaftServerImpl.java:lambda$shutdown$3(251)) - a171a438-4db2-4a15-a03d-8d01a40a69ad@group-9C43365FF7E1: shutdown
2019-09-25 05:54:37,651 [ForkJoinPool.commonPool-worker-1] INFO  util.JmxRegister (JmxRegister.java:unregister(73)) - Successfully un-registered JMX Bean with object name Ratis:service=RaftServer,group=group-9C43365FF7E1,id=a171a438-4db2-4a15-a03d-8d01a40a69ad
2019-09-25 05:54:37,651 [ForkJoinPool.commonPool-worker-1] INFO  impl.RoleInfo (RoleInfo.java:shutdownLeaderState(104)) - a171a438-4db2-4a15-a03d-8d01a40a69ad: shutdown LeaderState
2019-09-25 05:54:37,652 [ForkJoinPool.commonPool-worker-1] INFO  impl.PendingRequests (PendingRequests.java:sendNotLeaderResponses(202)) - a171a438-4db2-4a15-a03d-8d01a40a69ad-PendingRequests: sendNotLeaderResponses
2019-09-25 05:54:37,652 [ForkJoinPool.commonPool-worker-1] INFO  impl.StateMachineUpdater (StateMachineUpdater.java:stopAndJoin(125)) - a171a438-4db2-4a15-a03d-8d01a40a69ad@group-9C43365FF7E1-StateMachineUpdater: set stopIndex = 0
2019-09-25 05:54:37,653 [refreshUsed-/workdir/hadoop-ozone/ozonefs/target/test-dir/MiniOzoneClusterImpl-a7a48124-c188-483e-b9a9-787dfdcc7198/datanode-9/data/containers] WARN  fs.CachingGetSpaceUsed (CachingGetSpaceUsed.java:run(183)) - Thread Interrupted waiting to refresh disk information: sleep interrupted
2019-09-25 05:54:37,653 [ForkJoinPool.commonPool-worker-1] INFO  impl.RaftServerImpl (ServerState.java:close(385)) - a171a438-4db2-4a15-a03d-8d01a40a69ad@group-9C43365FF7E1: closes. applyIndex: 0
2019-09-25 05:54:37,655 [a171a438-4db2-4a15-a03d-8d01a40a69ad@group-9C43365FF7E1-SegmentedRaftLogWorker] INFO  segmented.SegmentedRaftLogWorker (SegmentedRaftLogWorker.java:run(313)) - a171a438-4db2-4a15-a03d-8d01a40a69ad@group-9C43365FF7E1-SegmentedRaftLogWorker was interrupted, exiting. There are 0 tasks remaining in the queue.
2019-09-25 05:54:37,655 [ForkJoinPool.commonPool-worker-1] INFO  segmented.SegmentedRaftLogWorker (SegmentedRaftLogWorker.java:close(228)) - a171a438-4db2-4a15-a03d-8d01a40a69ad@group-9C43365FF7E1-SegmentedRaftLogWorker close()
2019-09-25 05:54:37,655 [ForkJoinPool.commonPool-worker-1] INFO  impl.RaftServerImpl (RaftServerImpl.java:lambda$shutdown$3(251)) - a171a438-4db2-4a15-a03d-8d01a40a69ad@group-2AACEEF55F31: shutdown
2019-09-25 05:54:37,657 [ForkJoinPool.commonPool-worker-1] INFO  util.JmxRegister (JmxRegister.java:unregister(73)) - Successfully un-registered JMX Bean with object name Ratis:service=RaftServer,group=group-2AACEEF55F31,id=a171a438-4db2-4a15-a03d-8d01a40a69ad
2019-09-25 05:54:37,657 [ForkJoinPool.commonPool-worker-1] INFO  impl.RoleInfo (RoleInfo.java:shutdownLeaderState(104)) - a171a438-4db2-4a15-a03d-8d01a40a69ad: shutdown LeaderState
2019-09-25 05:54:37,657 [ForkJoinPool.commonPool-worker-1] INFO  impl.PendingRequests (PendingRequests.java:sendNotLeaderResponses(202)) - a171a438-4db2-4a15-a03d-8d01a40a69ad-PendingRequests: sendNotLeaderResponses
2019-09-25 05:54:37,658 [ForkJoinPool.commonPool-worker-1] INFO  impl.StateMachineUpdater (StateMachineUpdater.java:stopAndJoin(125)) - a171a438-4db2-4a15-a03d-8d01a40a69ad@group-2AACEEF55F31-StateMachineUpdater: set stopIndex = 0
2019-09-25 05:54:37,658 [ForkJoinPool.commonPool-worker-1] INFO  impl.RaftServerImpl (ServerState.java:close(385)) - a171a438-4db2-4a15-a03d-8d01a40a69ad@group-2AACEEF55F31: closes. applyIndex: 0
2019-09-25 05:54:37,659 [a171a438-4db2-4a15-a03d-8d01a40a69ad@group-2AACEEF55F31-SegmentedRaftLogWorker] INFO  segmented.SegmentedRaftLogWorker (SegmentedRaftLogWorker.java:run(313)) - a171a438-4db2-4a15-a03d-8d01a40a69ad@group-2AACEEF55F31-SegmentedRaftLogWorker was interrupted, exiting. There are 0 tasks remaining in the queue.
2019-09-25 05:54:37,659 [ForkJoinPool.commonPool-worker-1] INFO  segmented.SegmentedRaftLogWorker (SegmentedRaftLogWorker.java:close(228)) - a171a438-4db2-4a15-a03d-8d01a40a69ad@group-2AACEEF55F31-SegmentedRaftLogWorker close()
2019-09-25 05:54:37,659 [ForkJoinPool.commonPool-worker-1] INFO  impl.RaftServerImpl (RaftServerImpl.java:lambda$shutdown$3(251)) - a171a438-4db2-4a15-a03d-8d01a40a69ad@group-054347EB6132: shutdown
2019-09-25 05:54:37,659 [ForkJoinPool.commonPool-worker-1] INFO  util.JmxRegister (JmxRegister.java:unregister(73)) - Successfully un-registered JMX Bean with object name Ratis:service=RaftServer,group=group-054347EB6132,id=a171a438-4db2-4a15-a03d-8d01a40a69ad
2019-09-25 05:54:37,660 [ForkJoinPool.commonPool-worker-1] INFO  impl.RoleInfo (RoleInfo.java:shutdownLeaderState(104)) - a171a438-4db2-4a15-a03d-8d01a40a69ad: shutdown LeaderState
2019-09-25 05:54:37,660 [ForkJoinPool.commonPool-worker-1] INFO  impl.PendingRequests (PendingRequests.java:sendNotLeaderResponses(202)) - a171a438-4db2-4a15-a03d-8d01a40a69ad-PendingRequests: sendNotLeaderResponses
2019-09-25 05:54:37,660 [ForkJoinPool.commonPool-worker-1] INFO  impl.StateMachineUpdater (StateMachineUpdater.java:stopAndJoin(125)) - a171a438-4db2-4a15-a03d-8d01a40a69ad@group-054347EB6132-StateMachineUpdater: set stopIndex = 0
2019-09-25 05:54:37,660 [ForkJoinPool.commonPool-worker-1] INFO  impl.RaftServerImpl (ServerState.java:close(385)) - a171a438-4db2-4a15-a03d-8d01a40a69ad@group-054347EB6132: closes. applyIndex: 0
2019-09-25 05:54:37,661 [a171a438-4db2-4a15-a03d-8d01a40a69ad@group-054347EB6132-SegmentedRaftLogWorker] INFO  segmented.SegmentedRaftLogWorker (SegmentedRaftLogWorker.java:run(313)) - a171a438-4db2-4a15-a03d-8d01a40a69ad@group-054347EB6132-SegmentedRaftLogWorker was interrupted, exiting. There are 0 tasks remaining in the queue.
2019-09-25 05:54:37,661 [ForkJoinPool.commonPool-worker-1] INFO  segmented.SegmentedRaftLogWorker (SegmentedRaftLogWorker.java:close(228)) - a171a438-4db2-4a15-a03d-8d01a40a69ad@group-054347EB6132-SegmentedRaftLogWorker close()
2019-09-25 05:54:37,661 [ForkJoinPool.commonPool-worker-1] INFO  impl.RaftServerImpl (RaftServerImpl.java:lambda$shutdown$3(251)) - a171a438-4db2-4a15-a03d-8d01a40a69ad@group-BB542926E615: shutdown
2019-09-25 05:54:37,662 [ForkJoinPool.commonPool-worker-1] INFO  util.JmxRegister (JmxRegister.java:unregister(73)) - Successfully un-registered JMX Bean with object name Ratis:service=RaftServer,group=group-BB542926E615,id=a171a438-4db2-4a15-a03d-8d01a40a69ad
2019-09-25 05:54:37,662 [ForkJoinPool.commonPool-worker-1] INFO  impl.RoleInfo (RoleInfo.java:shutdownLeaderState(104)) - a171a438-4db2-4a15-a03d-8d01a40a69ad: shutdown LeaderState
2019-09-25 05:54:37,662 [ForkJoinPool.commonPool-worker-1] INFO  impl.PendingRequests (PendingRequests.java:sendNotLeaderResponses(202)) - a171a438-4db2-4a15-a03d-8d01a40a69ad-PendingRequests: sendNotLeaderResponses
2019-09-25 05:54:37,662 [ForkJoinPool.commonPool-worker-1] INFO  impl.StateMachineUpdater (StateMachineUpdater.java:stopAndJoin(125)) - a171a438-4db2-4a15-a03d-8d01a40a69ad@group-BB542926E615-StateMachineUpdater: set stopIndex = 0
2019-09-25 05:54:37,663 [ForkJoinPool.commonPool-worker-1] INFO  impl.RaftServerImpl (ServerState.java:close(385)) - a171a438-4db2-4a15-a03d-8d01a40a69ad@group-BB542926E615: closes. applyIndex: 0
2019-09-25 05:54:37,663 [a171a438-4db2-4a15-a03d-8d01a40a69ad@group-BB542926E615-SegmentedRaftLogWorker] INFO  segmented.SegmentedRaftLogWorker (SegmentedRaftLogWorker.java:run(313)) - a171a438-4db2-4a15-a03d-8d01a40a69ad@group-BB542926E615-SegmentedRaftLogWorker was interrupted, exiting. There are 0 tasks remaining in the queue.
2019-09-25 05:54:37,663 [ForkJoinPool.commonPool-worker-1] INFO  segmented.SegmentedRaftLogWorker (SegmentedRaftLogWorker.java:close(228)) - a171a438-4db2-4a15-a03d-8d01a40a69ad@group-BB542926E615-SegmentedRaftLogWorker close()
2019-09-25 05:54:37,664 [ForkJoinPool.commonPool-worker-1] INFO  impl.RaftServerImpl (RaftServerImpl.java:lambda$shutdown$3(251)) - a171a438-4db2-4a15-a03d-8d01a40a69ad@group-B92C967F1206: shutdown
2019-09-25 05:54:37,664 [ForkJoinPool.commonPool-worker-1] INFO  util.JmxRegister (JmxRegister.java:unregister(73)) - Successfully un-registered JMX Bean with object name Ratis:service=RaftServer,group=group-B92C967F1206,id=a171a438-4db2-4a15-a03d-8d01a40a69ad
2019-09-25 05:54:37,664 [ForkJoinPool.commonPool-worker-1] INFO  impl.RoleInfo (RoleInfo.java:shutdownLeaderState(104)) - a171a438-4db2-4a15-a03d-8d01a40a69ad: shutdown LeaderState
2019-09-25 05:54:37,664 [ForkJoinPool.commonPool-worker-1] INFO  impl.PendingRequests (PendingRequests.java:sendNotLeaderResponses(202)) - a171a438-4db2-4a15-a03d-8d01a40a69ad-PendingRequests: sendNotLeaderResponses
2019-09-25 05:54:37,665 [ForkJoinPool.commonPool-worker-1] INFO  impl.StateMachineUpdater (StateMachineUpdater.java:stopAndJoin(125)) - a171a438-4db2-4a15-a03d-8d01a40a69ad@group-B92C967F1206-StateMachineUpdater: set stopIndex = 0
2019-09-25 05:54:37,665 [ForkJoinPool.commonPool-worker-1] INFO  impl.RaftServerImpl (ServerState.java:close(385)) - a171a438-4db2-4a15-a03d-8d01a40a69ad@group-B92C967F1206: closes. applyIndex: 0
2019-09-25 05:54:37,666 [a171a438-4db2-4a15-a03d-8d01a40a69ad@group-B92C967F1206-SegmentedRaftLogWorker] INFO  segmented.SegmentedRaftLogWorker (SegmentedRaftLogWorker.java:run(313)) - a171a438-4db2-4a15-a03d-8d01a40a69ad@group-B92C967F1206-SegmentedRaftLogWorker was interrupted, exiting. There are 0 tasks remaining in the queue.
2019-09-25 05:54:37,666 [ForkJoinPool.commonPool-worker-1] INFO  segmented.SegmentedRaftLogWorker (SegmentedRaftLogWorker.java:close(228)) - a171a438-4db2-4a15-a03d-8d01a40a69ad@group-B92C967F1206-SegmentedRaftLogWorker close()
2019-09-25 05:54:37,666 [ForkJoinPool.commonPool-worker-1] INFO  server.GrpcService (GrpcService.java:closeImpl(164)) - a171a438-4db2-4a15-a03d-8d01a40a69ad: shutdown server with port 39877 now
2019-09-25 05:54:37,668 [ForkJoinPool.commonPool-worker-1] INFO  server.GrpcService (GrpcService.java:closeImpl(172)) - a171a438-4db2-4a15-a03d-8d01a40a69ad: shutdown server with port 39877 successfully
2019-09-25 05:54:37,678 [refreshUsed-/workdir/hadoop-ozone/ozonefs/target/test-dir/MiniOzoneClusterImpl-a7a48124-c188-483e-b9a9-787dfdcc7198/datanode-0/data/containers] WARN  fs.CachingGetSpaceUsed (CachingGetSpaceUsed.java:run(183)) - Thread Interrupted waiting to refresh disk information: sleep interrupted
2019-09-25 05:54:37,703 [main] INFO  utils.BackgroundService (BackgroundService.java:shutdown(148)) - Shutting down service BlockDeletingService
2019-09-25 05:54:37,708 [main] INFO  statemachine.DatanodeStateMachine (DatanodeStateMachine.java:stopDaemon(395)) - Ozone container server stopped.
2019-09-25 05:54:37,709 [ForkJoinPool.commonPool-worker-1] INFO  utils.BackgroundService (BackgroundService.java:shutdown(148)) - Shutting down service BlockDeletingService
2019-09-25 05:54:37,712 [main] INFO  handler.ContextHandler (ContextHandler.java:doStop(910)) - Stopped o.e.j.w.WebAppContext@6242ae3b{/,null,UNAVAILABLE}{/hddsDatanode}
2019-09-25 05:54:37,714 [ForkJoinPool.commonPool-worker-1] INFO  statemachine.DatanodeStateMachine (DatanodeStateMachine.java:stopDaemon(395)) - Ozone container server stopped.
2019-09-25 05:54:37,717 [main] INFO  server.AbstractConnector (AbstractConnector.java:doStop(318)) - Stopped ServerConnector@65ddee5a{HTTP/1.1,[http/1.1]}{0.0.0.0:0}
2019-09-25 05:54:37,719 [ForkJoinPool.commonPool-worker-1] INFO  handler.ContextHandler (ContextHandler.java:doStop(910)) - Stopped o.e.j.w.WebAppContext@5e7c141d{/,null,UNAVAILABLE}{/hddsDatanode}
2019-09-25 05:54:37,719 [main] INFO  handler.ContextHandler (ContextHandler.java:doStop(910)) - Stopped o.e.j.s.ServletContextHandler@2e5b7fba{/static,jar:file:/home/user/.m2/repository/org/apache/hadoop/hadoop-hdds-container-service/0.5.0-SNAPSHOT/hadoop-hdds-container-service-0.5.0-SNAPSHOT.jar!/webapps/static,UNAVAILABLE}
2019-09-25 05:54:37,719 [ForkJoinPool.commonPool-worker-1] INFO  server.AbstractConnector (AbstractConnector.java:doStop(318)) - Stopped ServerConnector@43af351a{HTTP/1.1,[http/1.1]}{0.0.0.0:0}
2019-09-25 05:54:37,720 [main] INFO  handler.ContextHandler (ContextHandler.java:doStop(910)) - Stopped o.e.j.s.ServletContextHandler@41853299{/logs,file:///workdir/hadoop-ozone/ozonefs/target/log,UNAVAILABLE}
2019-09-25 05:54:37,721 [ForkJoinPool.commonPool-worker-1] INFO  handler.ContextHandler (ContextHandler.java:doStop(910)) - Stopped o.e.j.s.ServletContextHandler@53f4c1e6{/static,jar:file:/home/user/.m2/repository/org/apache/hadoop/hadoop-hdds-container-service/0.5.0-SNAPSHOT/hadoop-hdds-container-service-0.5.0-SNAPSHOT.jar!/webapps/static,UNAVAILABLE}
2019-09-25 05:54:37,724 [ForkJoinPool.commonPool-worker-1] INFO  handler.ContextHandler (ContextHandler.java:doStop(910)) - Stopped o.e.j.s.ServletContextHandler@1981d861{/logs,file:///workdir/hadoop-ozone/ozonefs/target/log,UNAVAILABLE}
2019-09-25 05:54:37,954 [Datanode State Machine Thread - 0] INFO  statemachine.DatanodeStateMachine (DatanodeStateMachine.java:lambda$startDaemon$0(350)) - Ozone container server started.
2019-09-25 05:54:38,457 [Datanode State Machine Thread - 0] INFO  statemachine.DatanodeStateMachine (DatanodeStateMachine.java:lambda$startDaemon$0(350)) - Ozone container server started.
2019-09-25 05:54:42,725 [main] INFO  ozoneimpl.OzoneContainer (OzoneContainer.java:stop(231)) - Attempting to stop container services.
2019-09-25 05:54:42,726 [ForkJoinPool.commonPool-worker-1] INFO  ozoneimpl.OzoneContainer (OzoneContainer.java:stop(231)) - Attempting to stop container services.
2019-09-25 05:54:42,727 [main] INFO  impl.RaftServerProxy (RaftServerProxy.java:lambda$close$4(314)) - f28e89b6-3953-4014-b5dd-5d7c12bc90a1: close
2019-09-25 05:54:42,727 [ForkJoinPool.commonPool-worker-1] INFO  impl.RaftServerProxy (RaftServerProxy.java:lambda$close$4(314)) - f15c9da4-41cd-4d3b-befd-f91bd6a8ef15: close
2019-09-25 05:54:42,727 [main] INFO  impl.RaftServerImpl (RaftServerImpl.java:lambda$shutdown$3(251)) - f28e89b6-3953-4014-b5dd-5d7c12bc90a1@group-D3C6CACE0421: shutdown
2019-09-25 05:54:42,728 [ForkJoinPool.commonPool-worker-1] INFO  impl.RaftServerImpl (RaftServerImpl.java:lambda$shutdown$3(251)) - f15c9da4-41cd-4d3b-befd-f91bd6a8ef15@group-6CDE89691584: shutdown
2019-09-25 05:54:42,728 [main] INFO  util.JmxRegister (JmxRegister.java:unregister(73)) - Successfully un-registered JMX Bean with object name Ratis:service=RaftServer,group=group-D3C6CACE0421,id=f28e89b6-3953-4014-b5dd-5d7c12bc90a1
2019-09-25 05:54:42,729 [main] INFO  impl.RoleInfo (RoleInfo.java:shutdownLeaderState(104)) - f28e89b6-3953-4014-b5dd-5d7c12bc90a1: shutdown LeaderState
2019-09-25 05:54:42,728 [ForkJoinPool.commonPool-worker-1] INFO  util.JmxRegister (JmxRegister.java:unregister(73)) - Successfully un-registered JMX Bean with object name Ratis:service=RaftServer,group=group-6CDE89691584,id=f15c9da4-41cd-4d3b-befd-f91bd6a8ef15
2019-09-25 05:54:42,729 [main] INFO  impl.PendingRequests (PendingRequests.java:sendNotLeaderResponses(202)) - f28e89b6-3953-4014-b5dd-5d7c12bc90a1-PendingRequests: sendNotLeaderResponses
2019-09-25 05:54:42,730 [ForkJoinPool.commonPool-worker-1] INFO  impl.RoleInfo (RoleInfo.java:shutdownLeaderState(104)) - f15c9da4-41cd-4d3b-befd-f91bd6a8ef15: shutdown LeaderState
2019-09-25 05:54:42,730 [main] INFO  impl.StateMachineUpdater (StateMachineUpdater.java:stopAndJoin(125)) - f28e89b6-3953-4014-b5dd-5d7c12bc90a1@group-D3C6CACE0421-StateMachineUpdater: set stopIndex = 0
2019-09-25 05:54:42,731 [main] INFO  impl.RaftServerImpl (ServerState.java:close(385)) - f28e89b6-3953-4014-b5dd-5d7c12bc90a1@group-D3C6CACE0421: closes. applyIndex: 0
2019-09-25 05:54:42,730 [ForkJoinPool.commonPool-worker-1] INFO  impl.PendingRequests (PendingRequests.java:sendNotLeaderResponses(202)) - f15c9da4-41cd-4d3b-befd-f91bd6a8ef15-PendingRequests: sendNotLeaderResponses
2019-09-25 05:54:42,732 [f28e89b6-3953-4014-b5dd-5d7c12bc90a1@group-D3C6CACE0421-SegmentedRaftLogWorker] INFO  segmented.SegmentedRaftLogWorker (SegmentedRaftLogWorker.java:run(313)) - f28e89b6-3953-4014-b5dd-5d7c12bc90a1@group-D3C6CACE0421-SegmentedRaftLogWorker was interrupted, exiting. There are 0 tasks remaining in the queue.
2019-09-25 05:54:42,732 [ForkJoinPool.commonPool-worker-1] INFO  impl.StateMachineUpdater (StateMachineUpdater.java:stopAndJoin(125)) - f15c9da4-41cd-4d3b-befd-f91bd6a8ef15@group-6CDE89691584-StateMachineUpdater: set stopIndex = 0
2019-09-25 05:54:42,732 [main] INFO  segmented.SegmentedRaftLogWorker (SegmentedRaftLogWorker.java:close(228)) - f28e89b6-3953-4014-b5dd-5d7c12bc90a1@group-D3C6CACE0421-SegmentedRaftLogWorker close()
2019-09-25 05:54:42,732 [ForkJoinPool.commonPool-worker-1] INFO  impl.RaftServerImpl (ServerState.java:close(385)) - f15c9da4-41cd-4d3b-befd-f91bd6a8ef15@group-6CDE89691584: closes. applyIndex: 0
2019-09-25 05:54:42,733 [main] INFO  impl.RaftServerImpl (RaftServerImpl.java:lambda$shutdown$3(251)) - f28e89b6-3953-4014-b5dd-5d7c12bc90a1@group-6A91B0F0EBCC: shutdown
2019-09-25 05:54:42,733 [f15c9da4-41cd-4d3b-befd-f91bd6a8ef15@group-6CDE89691584-SegmentedRaftLogWorker] INFO  segmented.SegmentedRaftLogWorker (SegmentedRaftLogWorker.java:run(313)) - f15c9da4-41cd-4d3b-befd-f91bd6a8ef15@group-6CDE89691584-SegmentedRaftLogWorker was interrupted, exiting. There are 0 tasks remaining in the queue.
2019-09-25 05:54:42,734 [main] INFO  util.JmxRegister (JmxRegister.java:unregister(73)) - Successfully un-registered JMX Bean with object name Ratis:service=RaftServer,group=group-6A91B0F0EBCC,id=f28e89b6-3953-4014-b5dd-5d7c12bc90a1
2019-09-25 05:54:42,734 [main] INFO  impl.RoleInfo (RoleInfo.java:shutdownLeaderState(104)) - f28e89b6-3953-4014-b5dd-5d7c12bc90a1: shutdown LeaderState
2019-09-25 05:54:42,735 [main] INFO  impl.PendingRequests (PendingRequests.java:sendNotLeaderResponses(202)) - f28e89b6-3953-4014-b5dd-5d7c12bc90a1-PendingRequests: sendNotLeaderResponses
2019-09-25 05:54:42,735 [main] INFO  impl.StateMachineUpdater (StateMachineUpdater.java:stopAndJoin(125)) - f28e89b6-3953-4014-b5dd-5d7c12bc90a1@group-6A91B0F0EBCC-StateMachineUpdater: set stopIndex = 0
2019-09-25 05:54:42,736 [main] INFO  impl.RaftServerImpl (ServerState.java:close(385)) - f28e89b6-3953-4014-b5dd-5d7c12bc90a1@group-6A91B0F0EBCC: closes. applyIndex: 0
2019-09-25 05:54:42,736 [f28e89b6-3953-4014-b5dd-5d7c12bc90a1@group-6A91B0F0EBCC-SegmentedRaftLogWorker] INFO  segmented.SegmentedRaftLogWorker (SegmentedRaftLogWorker.java:run(313)) - f28e89b6-3953-4014-b5dd-5d7c12bc90a1@group-6A91B0F0EBCC-SegmentedRaftLogWorker was interrupted, exiting. There are 0 tasks remaining in the queue.
2019-09-25 05:54:42,745 [main] INFO  segmented.SegmentedRaftLogWorker (SegmentedRaftLogWorker.java:close(228)) - f28e89b6-3953-4014-b5dd-5d7c12bc90a1@group-6A91B0F0EBCC-SegmentedRaftLogWorker close()
2019-09-25 05:54:42,745 [ForkJoinPool.commonPool-worker-1] INFO  segmented.SegmentedRaftLogWorker (SegmentedRaftLogWorker.java:close(228)) - f15c9da4-41cd-4d3b-befd-f91bd6a8ef15@group-6CDE89691584-SegmentedRaftLogWorker close()
2019-09-25 05:54:42,745 [main] INFO  impl.RaftServerImpl (RaftServerImpl.java:lambda$shutdown$3(251)) - f28e89b6-3953-4014-b5dd-5d7c12bc90a1@group-02A7B007ABB8: shutdown
2019-09-25 05:54:42,746 [ForkJoinPool.commonPool-worker-1] INFO  impl.RaftServerImpl (RaftServerImpl.java:lambda$shutdown$3(251)) - f15c9da4-41cd-4d3b-befd-f91bd6a8ef15@group-E00BCCB6530B: shutdown
2019-09-25 05:54:42,746 [main] INFO  util.JmxRegister (JmxRegister.java:unregister(73)) - Successfully un-registered JMX Bean with object name Ratis:service=RaftServer,group=group-02A7B007ABB8,id=f28e89b6-3953-4014-b5dd-5d7c12bc90a1
2019-09-25 05:54:42,747 [main] INFO  impl.RoleInfo (RoleInfo.java:shutdownLeaderState(104)) - f28e89b6-3953-4014-b5dd-5d7c12bc90a1: shutdown LeaderState
2019-09-25 05:54:42,746 [ForkJoinPool.commonPool-worker-1] INFO  util.JmxRegister (JmxRegister.java:unregister(73)) - Successfully un-registered JMX Bean with object name Ratis:service=RaftServer,group=group-E00BCCB6530B,id=f15c9da4-41cd-4d3b-befd-f91bd6a8ef15
2019-09-25 05:54:42,747 [main] INFO  impl.PendingRequests (PendingRequests.java:sendNotLeaderResponses(202)) - f28e89b6-3953-4014-b5dd-5d7c12bc90a1-PendingRequests: sendNotLeaderResponses
2019-09-25 05:54:42,747 [ForkJoinPool.commonPool-worker-1] INFO  impl.RoleInfo (RoleInfo.java:shutdownLeaderState(104)) - f15c9da4-41cd-4d3b-befd-f91bd6a8ef15: shutdown LeaderState
2019-09-25 05:54:42,748 [main] INFO  impl.StateMachineUpdater (StateMachineUpdater.java:stopAndJoin(125)) - f28e89b6-3953-4014-b5dd-5d7c12bc90a1@group-02A7B007ABB8-StateMachineUpdater: set stopIndex = 0
2019-09-25 05:54:42,748 [ForkJoinPool.commonPool-worker-1] INFO  impl.PendingRequests (PendingRequests.java:sendNotLeaderResponses(202)) - f15c9da4-41cd-4d3b-befd-f91bd6a8ef15-PendingRequests: sendNotLeaderResponses
2019-09-25 05:54:42,749 [main] INFO  impl.RaftServerImpl (ServerState.java:close(385)) - f28e89b6-3953-4014-b5dd-5d7c12bc90a1@group-02A7B007ABB8: closes. applyIndex: 0
2019-09-25 05:54:42,749 [ForkJoinPool.commonPool-worker-1] INFO  impl.StateMachineUpdater (StateMachineUpdater.java:stopAndJoin(125)) - f15c9da4-41cd-4d3b-befd-f91bd6a8ef15@group-E00BCCB6530B-StateMachineUpdater: set stopIndex = 0
2019-09-25 05:54:42,750 [ForkJoinPool.commonPool-worker-1] INFO  impl.RaftServerImpl (ServerState.java:close(385)) - f15c9da4-41cd-4d3b-befd-f91bd6a8ef15@group-E00BCCB6530B: closes. applyIndex: 0
2019-09-25 05:54:42,750 [f28e89b6-3953-4014-b5dd-5d7c12bc90a1@group-02A7B007ABB8-SegmentedRaftLogWorker] INFO  segmented.SegmentedRaftLogWorker (SegmentedRaftLogWorker.java:run(313)) - f28e89b6-3953-4014-b5dd-5d7c12bc90a1@group-02A7B007ABB8-SegmentedRaftLogWorker was interrupted, exiting. There are 0 tasks remaining in the queue.
2019-09-25 05:54:42,750 [f15c9da4-41cd-4d3b-befd-f91bd6a8ef15@group-E00BCCB6530B-SegmentedRaftLogWorker] INFO  segmented.SegmentedRaftLogWorker (SegmentedRaftLogWorker.java:run(313)) - f15c9da4-41cd-4d3b-befd-f91bd6a8ef15@group-E00BCCB6530B-SegmentedRaftLogWorker was interrupted, exiting. There are 0 tasks remaining in the queue.
2019-09-25 05:54:42,750 [main] INFO  segmented.SegmentedRaftLogWorker (SegmentedRaftLogWorker.java:close(228)) - f28e89b6-3953-4014-b5dd-5d7c12bc90a1@group-02A7B007ABB8-SegmentedRaftLogWorker close()
2019-09-25 05:54:42,750 [ForkJoinPool.commonPool-worker-1] INFO  segmented.SegmentedRaftLogWorker (SegmentedRaftLogWorker.java:close(228)) - f15c9da4-41cd-4d3b-befd-f91bd6a8ef15@group-E00BCCB6530B-SegmentedRaftLogWorker close()
2019-09-25 05:54:42,751 [main] INFO  impl.RaftServerImpl (RaftServerImpl.java:lambda$shutdown$3(251)) - f28e89b6-3953-4014-b5dd-5d7c12bc90a1@group-5D0CFC8F1096: shutdown
2019-09-25 05:54:42,751 [ForkJoinPool.commonPool-worker-1] INFO  impl.RaftServerImpl (RaftServerImpl.java:lambda$shutdown$3(251)) - f15c9da4-41cd-4d3b-befd-f91bd6a8ef15@group-F8CA2A8A543E: shutdown
2019-09-25 05:54:42,751 [main] INFO  util.JmxRegister (JmxRegister.java:unregister(73)) - Successfully un-registered JMX Bean with object name Ratis:service=RaftServer,group=group-5D0CFC8F1096,id=f28e89b6-3953-4014-b5dd-5d7c12bc90a1
2019-09-25 05:54:42,752 [ForkJoinPool.commonPool-worker-1] INFO  util.JmxRegister (JmxRegister.java:unregister(73)) - Successfully un-registered JMX Bean with object name Ratis:service=RaftServer,group=group-F8CA2A8A543E,id=f15c9da4-41cd-4d3b-befd-f91bd6a8ef15
2019-09-25 05:54:42,752 [main] INFO  impl.RoleInfo (RoleInfo.java:shutdownLeaderState(104)) - f28e89b6-3953-4014-b5dd-5d7c12bc90a1: shutdown LeaderState
2019-09-25 05:54:42,752 [ForkJoinPool.commonPool-worker-1] INFO  impl.RoleInfo (RoleInfo.java:shutdownLeaderState(104)) - f15c9da4-41cd-4d3b-befd-f91bd6a8ef15: shutdown LeaderState
2019-09-25 05:54:42,753 [main] INFO  impl.PendingRequests (PendingRequests.java:sendNotLeaderResponses(202)) - f28e89b6-3953-4014-b5dd-5d7c12bc90a1-PendingRequests: sendNotLeaderResponses
2019-09-25 05:54:42,753 [ForkJoinPool.commonPool-worker-1] INFO  impl.PendingRequests (PendingRequests.java:sendNotLeaderResponses(202)) - f15c9da4-41cd-4d3b-befd-f91bd6a8ef15-PendingRequests: sendNotLeaderResponses
2019-09-25 05:54:42,754 [main] INFO  impl.StateMachineUpdater (StateMachineUpdater.java:stopAndJoin(125)) - f28e89b6-3953-4014-b5dd-5d7c12bc90a1@group-5D0CFC8F1096-StateMachineUpdater: set stopIndex = 0
2019-09-25 05:54:42,754 [ForkJoinPool.commonPool-worker-1] INFO  impl.StateMachineUpdater (StateMachineUpdater.java:stopAndJoin(125)) - f15c9da4-41cd-4d3b-befd-f91bd6a8ef15@group-F8CA2A8A543E-StateMachineUpdater: set stopIndex = 0
2019-09-25 05:54:42,755 [main] INFO  impl.RaftServerImpl (ServerState.java:close(385)) - f28e89b6-3953-4014-b5dd-5d7c12bc90a1@group-5D0CFC8F1096: closes. applyIndex: 0
2019-09-25 05:54:42,755 [ForkJoinPool.commonPool-worker-1] INFO  impl.RaftServerImpl (ServerState.java:close(385)) - f15c9da4-41cd-4d3b-befd-f91bd6a8ef15@group-F8CA2A8A543E: closes. applyIndex: 0
2019-09-25 05:54:42,756 [f28e89b6-3953-4014-b5dd-5d7c12bc90a1@group-5D0CFC8F1096-SegmentedRaftLogWorker] INFO  segmented.SegmentedRaftLogWorker (SegmentedRaftLogWorker.java:run(313)) - f28e89b6-3953-4014-b5dd-5d7c12bc90a1@group-5D0CFC8F1096-SegmentedRaftLogWorker was interrupted, exiting. There are 0 tasks remaining in the queue.
2019-09-25 05:54:42,756 [f15c9da4-41cd-4d3b-befd-f91bd6a8ef15@group-F8CA2A8A543E-SegmentedRaftLogWorker] INFO  segmented.SegmentedRaftLogWorker (SegmentedRaftLogWorker.java:run(313)) - f15c9da4-41cd-4d3b-befd-f91bd6a8ef15@group-F8CA2A8A543E-SegmentedRaftLogWorker was interrupted, exiting. There are 0 tasks remaining in the queue.
2019-09-25 05:54:42,756 [main] INFO  segmented.SegmentedRaftLogWorker (SegmentedRaftLogWorker.java:close(228)) - f28e89b6-3953-4014-b5dd-5d7c12bc90a1@group-5D0CFC8F1096-SegmentedRaftLogWorker close()
2019-09-25 05:54:42,756 [ForkJoinPool.commonPool-worker-1] INFO  segmented.SegmentedRaftLogWorker (SegmentedRaftLogWorker.java:close(228)) - f15c9da4-41cd-4d3b-befd-f91bd6a8ef15@group-F8CA2A8A543E-SegmentedRaftLogWorker close()
2019-09-25 05:54:42,756 [main] INFO  impl.RaftServerImpl (RaftServerImpl.java:lambda$shutdown$3(251)) - f28e89b6-3953-4014-b5dd-5d7c12bc90a1@group-03140269466D: shutdown
2019-09-25 05:54:42,757 [ForkJoinPool.commonPool-worker-1] INFO  impl.RaftServerImpl (RaftServerImpl.java:lambda$shutdown$3(251)) - f15c9da4-41cd-4d3b-befd-f91bd6a8ef15@group-3643E8C0673A: shutdown
2019-09-25 05:54:42,757 [main] INFO  util.JmxRegister (JmxRegister.java:unregister(73)) - Successfully un-registered JMX Bean with object name Ratis:service=RaftServer,group=group-03140269466D,id=f28e89b6-3953-4014-b5dd-5d7c12bc90a1
2019-09-25 05:54:42,757 [ForkJoinPool.commonPool-worker-1] INFO  util.JmxRegister (JmxRegister.java:unregister(73)) - Successfully un-registered JMX Bean with object name Ratis:service=RaftServer,group=group-3643E8C0673A,id=f15c9da4-41cd-4d3b-befd-f91bd6a8ef15
2019-09-25 05:54:42,758 [main] INFO  impl.RoleInfo (RoleInfo.java:shutdownLeaderState(104)) - f28e89b6-3953-4014-b5dd-5d7c12bc90a1: shutdown LeaderState
2019-09-25 05:54:42,758 [ForkJoinPool.commonPool-worker-1] INFO  impl.RoleInfo (RoleInfo.java:shutdownLeaderState(104)) - f15c9da4-41cd-4d3b-befd-f91bd6a8ef15: shutdown LeaderState
2019-09-25 05:54:42,759 [main] INFO  impl.PendingRequests (PendingRequests.java:sendNotLeaderResponses(202)) - f28e89b6-3953-4014-b5dd-5d7c12bc90a1-PendingRequests: sendNotLeaderResponses
2019-09-25 05:54:42,759 [ForkJoinPool.commonPool-worker-1] INFO  impl.PendingRequests (PendingRequests.java:sendNotLeaderResponses(202)) - f15c9da4-41cd-4d3b-befd-f91bd6a8ef15-PendingRequests: sendNotLeaderResponses
2019-09-25 05:54:42,759 [main] INFO  impl.StateMachineUpdater (StateMachineUpdater.java:stopAndJoin(125)) - f28e89b6-3953-4014-b5dd-5d7c12bc90a1@group-03140269466D-StateMachineUpdater: set stopIndex = 0
2019-09-25 05:54:42,760 [ForkJoinPool.commonPool-worker-1] INFO  impl.StateMachineUpdater (StateMachineUpdater.java:stopAndJoin(125)) - f15c9da4-41cd-4d3b-befd-f91bd6a8ef15@group-3643E8C0673A-StateMachineUpdater: set stopIndex = 0
2019-09-25 05:54:42,760 [main] INFO  impl.RaftServerImpl (ServerState.java:close(385)) - f28e89b6-3953-4014-b5dd-5d7c12bc90a1@group-03140269466D: closes. applyIndex: 0
2019-09-25 05:54:42,760 [ForkJoinPool.commonPool-worker-1] INFO  impl.RaftServerImpl (ServerState.java:close(385)) - f15c9da4-41cd-4d3b-befd-f91bd6a8ef15@group-3643E8C0673A: closes. applyIndex: 0
2019-09-25 05:54:42,761 [f28e89b6-3953-4014-b5dd-5d7c12bc90a1@group-03140269466D-SegmentedRaftLogWorker] INFO  segmented.SegmentedRaftLogWorker (SegmentedRaftLogWorker.java:run(313)) - f28e89b6-3953-4014-b5dd-5d7c12bc90a1@group-03140269466D-SegmentedRaftLogWorker was interrupted, exiting. There are 0 tasks remaining in the queue.
2019-09-25 05:54:42,761 [main] INFO  segmented.SegmentedRaftLogWorker (SegmentedRaftLogWorker.java:close(228)) - f28e89b6-3953-4014-b5dd-5d7c12bc90a1@group-03140269466D-SegmentedRaftLogWorker close()
2019-09-25 05:54:42,761 [f15c9da4-41cd-4d3b-befd-f91bd6a8ef15@group-3643E8C0673A-SegmentedRaftLogWorker] INFO  segmented.SegmentedRaftLogWorker (SegmentedRaftLogWorker.java:run(313)) - f15c9da4-41cd-4d3b-befd-f91bd6a8ef15@group-3643E8C0673A-SegmentedRaftLogWorker was interrupted, exiting. There are 0 tasks remaining in the queue.
2019-09-25 05:54:42,762 [main] INFO  impl.RaftServerImpl (RaftServerImpl.java:lambda$shutdown$3(251)) - f28e89b6-3953-4014-b5dd-5d7c12bc90a1@group-094145A6D903: shutdown
2019-09-25 05:54:42,762 [ForkJoinPool.commonPool-worker-1] INFO  segmented.SegmentedRaftLogWorker (SegmentedRaftLogWorker.java:close(228)) - f15c9da4-41cd-4d3b-befd-f91bd6a8ef15@group-3643E8C0673A-SegmentedRaftLogWorker close()
2019-09-25 05:54:42,762 [main] INFO  util.JmxRegister (JmxRegister.java:unregister(73)) - Successfully un-registered JMX Bean with object name Ratis:service=RaftServer,group=group-094145A6D903,id=f28e89b6-3953-4014-b5dd-5d7c12bc90a1
2019-09-25 05:54:42,763 [ForkJoinPool.commonPool-worker-1] INFO  impl.RaftServerImpl (RaftServerImpl.java:lambda$shutdown$3(251)) - f15c9da4-41cd-4d3b-befd-f91bd6a8ef15@group-868A8A71D077: shutdown
2019-09-25 05:54:42,763 [main] INFO  impl.RoleInfo (RoleInfo.java:shutdownLeaderState(104)) - f28e89b6-3953-4014-b5dd-5d7c12bc90a1: shutdown LeaderState
2019-09-25 05:54:42,763 [ForkJoinPool.commonPool-worker-1] INFO  util.JmxRegister (JmxRegister.java:unregister(73)) - Successfully un-registered JMX Bean with object name Ratis:service=RaftServer,group=group-868A8A71D077,id=f15c9da4-41cd-4d3b-befd-f91bd6a8ef15
2019-09-25 05:54:42,764 [main] INFO  impl.PendingRequests (PendingRequests.java:sendNotLeaderResponses(202)) - f28e89b6-3953-4014-b5dd-5d7c12bc90a1-PendingRequests: sendNotLeaderResponses
2019-09-25 05:54:42,764 [ForkJoinPool.commonPool-worker-1] INFO  impl.RoleInfo (RoleInfo.java:shutdownLeaderState(104)) - f15c9da4-41cd-4d3b-befd-f91bd6a8ef15: shutdown LeaderState
2019-09-25 05:54:42,765 [main] INFO  impl.StateMachineUpdater (StateMachineUpdater.java:stopAndJoin(125)) - f28e89b6-3953-4014-b5dd-5d7c12bc90a1@group-094145A6D903-StateMachineUpdater: set stopIndex = 0
2019-09-25 05:54:42,765 [ForkJoinPool.commonPool-worker-1] INFO  impl.PendingRequests (PendingRequests.java:sendNotLeaderResponses(202)) - f15c9da4-41cd-4d3b-befd-f91bd6a8ef15-PendingRequests: sendNotLeaderResponses
2019-09-25 05:54:42,765 [main] INFO  impl.RaftServerImpl (ServerState.java:close(385)) - f28e89b6-3953-4014-b5dd-5d7c12bc90a1@group-094145A6D903: closes. applyIndex: 0
2019-09-25 05:54:42,766 [ForkJoinPool.commonPool-worker-1] INFO  impl.StateMachineUpdater (StateMachineUpdater.java:stopAndJoin(125)) - f15c9da4-41cd-4d3b-befd-f91bd6a8ef15@group-868A8A71D077-StateMachineUpdater: set stopIndex = 0
2019-09-25 05:54:42,766 [ForkJoinPool.commonPool-worker-1] INFO  impl.RaftServerImpl (ServerState.java:close(385)) - f15c9da4-41cd-4d3b-befd-f91bd6a8ef15@group-868A8A71D077: closes. applyIndex: 0
2019-09-25 05:54:42,766 [f28e89b6-3953-4014-b5dd-5d7c12bc90a1@group-094145A6D903-SegmentedRaftLogWorker] INFO  segmented.SegmentedRaftLogWorker (SegmentedRaftLogWorker.java:run(313)) - f28e89b6-3953-4014-b5dd-5d7c12bc90a1@group-094145A6D903-SegmentedRaftLogWorker was interrupted, exiting. There are 0 tasks remaining in the queue.
2019-09-25 05:54:42,767 [f15c9da4-41cd-4d3b-befd-f91bd6a8ef15@group-868A8A71D077-SegmentedRaftLogWorker] INFO  segmented.SegmentedRaftLogWorker (SegmentedRaftLogWorker.java:run(313)) - f15c9da4-41cd-4d3b-befd-f91bd6a8ef15@group-868A8A71D077-SegmentedRaftLogWorker was interrupted, exiting. There are 0 tasks remaining in the queue.
2019-09-25 05:54:42,767 [main] INFO  segmented.SegmentedRaftLogWorker (SegmentedRaftLogWorker.java:close(228)) - f28e89b6-3953-4014-b5dd-5d7c12bc90a1@group-094145A6D903-SegmentedRaftLogWorker close()
2019-09-25 05:54:42,767 [ForkJoinPool.commonPool-worker-1] INFO  segmented.SegmentedRaftLogWorker (SegmentedRaftLogWorker.java:close(228)) - f15c9da4-41cd-4d3b-befd-f91bd6a8ef15@group-868A8A71D077-SegmentedRaftLogWorker close()
2019-09-25 05:54:42,767 [main] INFO  server.GrpcService (GrpcService.java:closeImpl(164)) - f28e89b6-3953-4014-b5dd-5d7c12bc90a1: shutdown server with port 36384 now
2019-09-25 05:54:42,768 [ForkJoinPool.commonPool-worker-1] INFO  impl.RaftServerImpl (RaftServerImpl.java:lambda$shutdown$3(251)) - f15c9da4-41cd-4d3b-befd-f91bd6a8ef15@group-CD83062C240E: shutdown
2019-09-25 05:54:42,770 [ForkJoinPool.commonPool-worker-1] INFO  util.JmxRegister (JmxRegister.java:unregister(73)) - Successfully un-registered JMX Bean with object name Ratis:service=RaftServer,group=group-CD83062C240E,id=f15c9da4-41cd-4d3b-befd-f91bd6a8ef15
2019-09-25 05:54:42,770 [main] INFO  server.GrpcService (GrpcService.java:closeImpl(172)) - f28e89b6-3953-4014-b5dd-5d7c12bc90a1: shutdown server with port 36384 successfully
2019-09-25 05:54:42,771 [ForkJoinPool.commonPool-worker-1] INFO  impl.RoleInfo (RoleInfo.java:shutdownLeaderState(104)) - f15c9da4-41cd-4d3b-befd-f91bd6a8ef15: shutdown LeaderState
2019-09-25 05:54:42,772 [ForkJoinPool.commonPool-worker-1] INFO  impl.PendingRequests (PendingRequests.java:sendNotLeaderResponses(202)) - f15c9da4-41cd-4d3b-befd-f91bd6a8ef15-PendingRequests: sendNotLeaderResponses
2019-09-25 05:54:42,772 [ForkJoinPool.commonPool-worker-1] INFO  impl.StateMachineUpdater (StateMachineUpdater.java:stopAndJoin(125)) - f15c9da4-41cd-4d3b-befd-f91bd6a8ef15@group-CD83062C240E-StateMachineUpdater: set stopIndex = 0
2019-09-25 05:54:42,772 [ForkJoinPool.commonPool-worker-1] INFO  impl.RaftServerImpl (ServerState.java:close(385)) - f15c9da4-41cd-4d3b-befd-f91bd6a8ef15@group-CD83062C240E: closes. applyIndex: 0
2019-09-25 05:54:42,773 [f15c9da4-41cd-4d3b-befd-f91bd6a8ef15@group-CD83062C240E-SegmentedRaftLogWorker] INFO  segmented.SegmentedRaftLogWorker (SegmentedRaftLogWorker.java:run(313)) - f15c9da4-41cd-4d3b-befd-f91bd6a8ef15@group-CD83062C240E-SegmentedRaftLogWorker was interrupted, exiting. There are 0 tasks remaining in the queue.
2019-09-25 05:54:42,773 [ForkJoinPool.commonPool-worker-1] INFO  segmented.SegmentedRaftLogWorker (SegmentedRaftLogWorker.java:close(228)) - f15c9da4-41cd-4d3b-befd-f91bd6a8ef15@group-CD83062C240E-SegmentedRaftLogWorker close()
2019-09-25 05:54:42,774 [ForkJoinPool.commonPool-worker-1] INFO  server.GrpcService (GrpcService.java:closeImpl(164)) - f15c9da4-41cd-4d3b-befd-f91bd6a8ef15: shutdown server with port 37814 now
2019-09-25 05:54:42,776 [ForkJoinPool.commonPool-worker-1] INFO  server.GrpcService (GrpcService.java:closeImpl(172)) - f15c9da4-41cd-4d3b-befd-f91bd6a8ef15: shutdown server with port 37814 successfully
2019-09-25 05:54:42,778 [refreshUsed-/workdir/hadoop-ozone/ozonefs/target/test-dir/MiniOzoneClusterImpl-a7a48124-c188-483e-b9a9-787dfdcc7198/datanode-7/data/containers] WARN  fs.CachingGetSpaceUsed (CachingGetSpaceUsed.java:run(183)) - Thread Interrupted waiting to refresh disk information: sleep interrupted
2019-09-25 05:54:42,784 [refreshUsed-/workdir/hadoop-ozone/ozonefs/target/test-dir/MiniOzoneClusterImpl-a7a48124-c188-483e-b9a9-787dfdcc7198/datanode-1/data/containers] WARN  fs.CachingGetSpaceUsed (CachingGetSpaceUsed.java:run(183)) - Thread Interrupted waiting to refresh disk information: sleep interrupted
2019-09-25 05:54:42,807 [main] INFO  utils.BackgroundService (BackgroundService.java:shutdown(148)) - Shutting down service BlockDeletingService
2019-09-25 05:54:42,811 [main] INFO  statemachine.DatanodeStateMachine (DatanodeStateMachine.java:stopDaemon(395)) - Ozone container server stopped.
2019-09-25 05:54:42,812 [main] INFO  handler.ContextHandler (ContextHandler.java:doStop(910)) - Stopped o.e.j.w.WebAppContext@22ebccb9{/,null,UNAVAILABLE}{/hddsDatanode}
2019-09-25 05:54:42,813 [main] INFO  server.AbstractConnector (AbstractConnector.java:doStop(318)) - Stopped ServerConnector@5875de6a{HTTP/1.1,[http/1.1]}{0.0.0.0:0}
2019-09-25 05:54:42,814 [main] INFO  handler.ContextHandler (ContextHandler.java:doStop(910)) - Stopped o.e.j.s.ServletContextHandler@17dd671f{/static,jar:file:/home/user/.m2/repository/org/apache/hadoop/hadoop-hdds-container-service/0.5.0-SNAPSHOT/hadoop-hdds-container-service-0.5.0-SNAPSHOT.jar!/webapps/static,UNAVAILABLE}
2019-09-25 05:54:42,814 [main] INFO  handler.ContextHandler (ContextHandler.java:doStop(910)) - Stopped o.e.j.s.ServletContextHandler@64aad809{/logs,file:///workdir/hadoop-ozone/ozonefs/target/log,UNAVAILABLE}
2019-09-25 05:54:42,817 [ForkJoinPool.commonPool-worker-1] INFO  utils.BackgroundService (BackgroundService.java:shutdown(148)) - Shutting down service BlockDeletingService
2019-09-25 05:54:42,820 [ForkJoinPool.commonPool-worker-1] INFO  statemachine.DatanodeStateMachine (DatanodeStateMachine.java:stopDaemon(395)) - Ozone container server stopped.
2019-09-25 05:54:42,824 [ForkJoinPool.commonPool-worker-1] INFO  handler.ContextHandler (ContextHandler.java:doStop(910)) - Stopped o.e.j.w.WebAppContext@44cffc25{/,null,UNAVAILABLE}{/hddsDatanode}
2019-09-25 05:54:42,825 [ForkJoinPool.commonPool-worker-1] INFO  server.AbstractConnector (AbstractConnector.java:doStop(318)) - Stopped ServerConnector@2a369e14{HTTP/1.1,[http/1.1]}{0.0.0.0:0}
2019-09-25 05:54:42,826 [ForkJoinPool.commonPool-worker-1] INFO  handler.ContextHandler (ContextHandler.java:doStop(910)) - Stopped o.e.j.s.ServletContextHandler@d5d5353{/static,jar:file:/home/user/.m2/repository/org/apache/hadoop/hadoop-hdds-container-service/0.5.0-SNAPSHOT/hadoop-hdds-container-service-0.5.0-SNAPSHOT.jar!/webapps/static,UNAVAILABLE}
2019-09-25 05:54:42,827 [ForkJoinPool.commonPool-worker-1] INFO  handler.ContextHandler (ContextHandler.java:doStop(910)) - Stopped o.e.j.s.ServletContextHandler@748d2277{/logs,file:///workdir/hadoop-ozone/ozonefs/target/log,UNAVAILABLE}
2019-09-25 05:54:42,829 [main] INFO  ozone.MiniOzoneClusterImpl (MiniOzoneClusterImpl.java:stopSCM(392)) - Stopping the StorageContainerManager
2019-09-25 05:54:42,829 [main] INFO  server.StorageContainerManager (StorageContainerManager.java:stop(808)) - Stopping Replication Manager Service.
2019-09-25 05:54:42,829 [main] INFO  container.ReplicationManager (ReplicationManager.java:stop(204)) - Stopping Replication Monitor Thread.
2019-09-25 05:54:42,829 [main] INFO  server.StorageContainerManager (StorageContainerManager.java:stop(815)) - Stopping Lease Manager of the command watchers
2019-09-25 05:54:42,830 [main] INFO  server.StorageContainerManager (StorageContainerManager.java:stop(822)) - Stopping datanode service RPC server
2019-09-25 05:54:42,830 [main] INFO  server.SCMDatanodeProtocolServer (SCMDatanodeProtocolServer.java:stop(367)) - Stopping the RPC server for DataNodes
2019-09-25 05:54:42,830 [main] INFO  ipc.Server (Server.java:stop(3082)) - Stopping server on 45268
2019-09-25 05:54:42,833 [IPC Server listener on 45268] INFO  ipc.Server (Server.java:run(1185)) - Stopping IPC Server listener on 45268
2019-09-25 05:54:42,833 [IPC Server Responder] INFO  ipc.Server (Server.java:run(1319)) - Stopping IPC Server Responder
2019-09-25 05:54:42,883 [SCM Heartbeat Processing Thread - 0] WARN  node.NodeStateManager (NodeStateManager.java:scheduleNextHealthCheck(655)) - Current Thread is interrupted, shutting down HB processing thread for Node Manager.
2019-09-25 05:54:42,884 [main] INFO  server.StorageContainerManager (StorageContainerManager.java:stop(830)) - Stopping block service RPC server
2019-09-25 05:54:42,884 [main] INFO  server.SCMBlockProtocolServer (SCMBlockProtocolServer.java:stop(155)) - Stopping the RPC server for Block Protocol
2019-09-25 05:54:42,884 [main] INFO  ipc.Server (Server.java:stop(3082)) - Stopping server on 35627
2019-09-25 05:54:42,885 [IPC Server listener on 35627] INFO  ipc.Server (Server.java:run(1185)) - Stopping IPC Server listener on 35627
2019-09-25 05:54:42,886 [main] INFO  server.StorageContainerManager (StorageContainerManager.java:stop(837)) - Stopping the StorageContainerLocationProtocol RPC server
2019-09-25 05:54:42,887 [main] INFO  server.SCMClientProtocolServer (SCMClientProtocolServer.java:stop(159)) - Stopping the RPC server for Client Protocol
2019-09-25 05:54:42,887 [main] INFO  ipc.Server (Server.java:stop(3082)) - Stopping server on 46853
2019-09-25 05:54:42,887 [IPC Server Responder] INFO  ipc.Server (Server.java:run(1319)) - Stopping IPC Server Responder
2019-09-25 05:54:42,888 [main] INFO  server.StorageContainerManager (StorageContainerManager.java:stop(844)) - Stopping Storage Container Manager HTTP server.
2019-09-25 05:54:42,889 [IPC Server listener on 46853] INFO  ipc.Server (Server.java:run(1185)) - Stopping IPC Server listener on 46853
2019-09-25 05:54:42,889 [IPC Server Responder] INFO  ipc.Server (Server.java:run(1319)) - Stopping IPC Server Responder
2019-09-25 05:54:42,890 [main] INFO  handler.ContextHandler (ContextHandler.java:doStop(910)) - Stopped o.e.j.w.WebAppContext@5a021cb9{/,null,UNAVAILABLE}{/scm}
2019-09-25 05:54:42,891 [main] INFO  server.AbstractConnector (AbstractConnector.java:doStop(318)) - Stopped ServerConnector@287f94b1{HTTP/1.1,[http/1.1]}{0.0.0.0:0}
2019-09-25 05:54:42,891 [main] INFO  handler.ContextHandler (ContextHandler.java:doStop(910)) - Stopped o.e.j.s.ServletContextHandler@5c10f1c3{/static,jar:file:/home/user/.m2/repository/org/apache/hadoop/hadoop-hdds-server-scm/0.5.0-SNAPSHOT/hadoop-hdds-server-scm-0.5.0-SNAPSHOT.jar!/webapps/static,UNAVAILABLE}
2019-09-25 05:54:42,891 [main] INFO  handler.ContextHandler (ContextHandler.java:doStop(910)) - Stopped o.e.j.s.ServletContextHandler@68fa0ba8{/logs,file:///workdir/hadoop-ozone/ozonefs/target/log,UNAVAILABLE}
2019-09-25 05:54:42,893 [main] INFO  server.StorageContainerManager (StorageContainerManager.java:stop(855)) - Stopping Block Manager Service.
2019-09-25 05:54:42,893 [main] INFO  utils.BackgroundService (BackgroundService.java:shutdown(148)) - Shutting down service SCMBlockDeletingService
2019-09-25 05:54:42,893 [main] INFO  utils.BackgroundService (BackgroundService.java:shutdown(148)) - Shutting down service SCMBlockDeletingService
2019-09-25 05:54:42,894 [main] INFO  server.StorageContainerManager (StorageContainerManager.java:stop(877)) - Stopping SCM Event Queue.
2019-09-25 05:54:42,900 [main] INFO  impl.MetricsSystemImpl (MetricsSystemImpl.java:stop(210)) - Stopping ratis metrics system...
2019-09-25 05:54:42,919 [prometheus] INFO  impl.MetricsSinkAdapter (MetricsSinkAdapter.java:publishMetricsFromQueue(141)) - prometheus thread interrupted.
2019-09-25 05:54:42,919 [main] INFO  impl.MetricsSystemImpl (MetricsSystemImpl.java:stop(216)) - ratis metrics system stopped.
]]></system-out>
    <system-err><![CDATA[ERROR StatusLogger No Log4j 2 configuration file found. Using default configuration (logging only errors to the console), or user programmatically provided configurations. Set system property 'log4j2.debug' to show Log4j 2 internal initialization logging. See https://logging.apache.org/log4j/2.x/manual/configuration.html for instructions on how to configure Log4j 2
]]></system-err>
  </testcase>
</testsuite>