<?xml version="1.0" encoding="UTF-8"?>
<testsuite xmlns:xsi="http://www.w3.org/2001/XMLSchema-instance" xsi:noNamespaceSchemaLocation="https://maven.apache.org/surefire/maven-surefire-plugin/xsd/surefire-test-report.xsd" name="org.apache.hadoop.fs.ozone.TestOzoneFileInterfaces" time="212.422" tests="12" errors="2" skipped="0" failures="0">
  <properties>
    <property name="awt.toolkit" value="sun.awt.X11.XToolkit"/>
    <property name="file.encoding.pkg" value="sun.io"/>
    <property name="java.specification.version" value="1.8"/>
    <property name="sun.cpu.isalist" value=""/>
    <property name="sun.jnu.encoding" value="UTF-8"/>
    <property name="java.class.path" value="/workdir/hadoop-ozone/ozonefs/target/test-classes:/workdir/hadoop-ozone/ozonefs/target/classes:/home/user/.m2/repository/org/apache/hadoop/hadoop-common/3.2.0/hadoop-common-3.2.0.jar:/home/user/.m2/repository/org/apache/hadoop/hadoop-annotations/3.2.0/hadoop-annotations-3.2.0.jar:/usr/lib/jvm/java-1.8-openjdk/jre/../lib/tools.jar:/home/user/.m2/repository/com/google/guava/guava/11.0.2/guava-11.0.2.jar:/home/user/.m2/repository/commons-cli/commons-cli/1.2/commons-cli-1.2.jar:/home/user/.m2/repository/org/apache/commons/commons-math3/3.1.1/commons-math3-3.1.1.jar:/home/user/.m2/repository/org/apache/httpcomponents/httpclient/4.5.2/httpclient-4.5.2.jar:/home/user/.m2/repository/org/apache/httpcomponents/httpcore/4.4.4/httpcore-4.4.4.jar:/home/user/.m2/repository/commons-codec/commons-codec/1.11/commons-codec-1.11.jar:/home/user/.m2/repository/commons-io/commons-io/2.5/commons-io-2.5.jar:/home/user/.m2/repository/commons-net/commons-net/3.6/commons-net-3.6.jar:/home/user/.m2/repository/commons-collections/commons-collections/3.2.2/commons-collections-3.2.2.jar:/home/user/.m2/repository/javax/servlet/javax.servlet-api/3.1.0/javax.servlet-api-3.1.0.jar:/home/user/.m2/repository/org/eclipse/jetty/jetty-server/9.3.25.v20180904/jetty-server-9.3.25.v20180904.jar:/home/user/.m2/repository/org/eclipse/jetty/jetty-http/9.3.25.v20180904/jetty-http-9.3.25.v20180904.jar:/home/user/.m2/repository/org/eclipse/jetty/jetty-io/9.3.25.v20180904/jetty-io-9.3.25.v20180904.jar:/home/user/.m2/repository/org/eclipse/jetty/jetty-util/9.3.25.v20180904/jetty-util-9.3.25.v20180904.jar:/home/user/.m2/repository/org/eclipse/jetty/jetty-servlet/9.3.25.v20180904/jetty-servlet-9.3.25.v20180904.jar:/home/user/.m2/repository/org/eclipse/jetty/jetty-security/9.3.25.v20180904/jetty-security-9.3.25.v20180904.jar:/home/user/.m2/repository/org/eclipse/jetty/jetty-webapp/9.3.25.v20180904/jetty-webapp-9.3.25.v20180904.jar:/home/user/.m2/repository/org/eclipse/jetty/jetty-xml/9.3.25.v20180904/jetty-xml-9.3.25.v20180904.jar:/home/user/.m2/repository/javax/servlet/jsp/jsp-api/2.1/jsp-api-2.1.jar:/home/user/.m2/repository/com/sun/jersey/jersey-core/1.19/jersey-core-1.19.jar:/home/user/.m2/repository/javax/ws/rs/jsr311-api/1.1.1/jsr311-api-1.1.1.jar:/home/user/.m2/repository/com/sun/jersey/jersey-servlet/1.19/jersey-servlet-1.19.jar:/home/user/.m2/repository/com/sun/jersey/jersey-json/1.19/jersey-json-1.19.jar:/home/user/.m2/repository/org/codehaus/jettison/jettison/1.1/jettison-1.1.jar:/home/user/.m2/repository/com/sun/xml/bind/jaxb-impl/2.3.0.1/jaxb-impl-2.3.0.1.jar:/home/user/.m2/repository/org/codehaus/jackson/jackson-core-asl/1.9.13/jackson-core-asl-1.9.13.jar:/home/user/.m2/repository/org/codehaus/jackson/jackson-mapper-asl/1.9.13/jackson-mapper-asl-1.9.13.jar:/home/user/.m2/repository/org/codehaus/jackson/jackson-jaxrs/1.9.13/jackson-jaxrs-1.9.13.jar:/home/user/.m2/repository/org/codehaus/jackson/jackson-xc/1.9.13/jackson-xc-1.9.13.jar:/home/user/.m2/repository/com/sun/jersey/jersey-server/1.19/jersey-server-1.19.jar:/home/user/.m2/repository/commons-logging/commons-logging/1.1.3/commons-logging-1.1.3.jar:/home/user/.m2/repository/log4j/log4j/1.2.17/log4j-1.2.17.jar:/home/user/.m2/repository/commons-beanutils/commons-beanutils/1.9.4/commons-beanutils-1.9.4.jar:/home/user/.m2/repository/org/apache/commons/commons-configuration2/2.1.1/commons-configuration2-2.1.1.jar:/home/user/.m2/repository/org/apache/commons/commons-lang3/3.7/commons-lang3-3.7.jar:/home/user/.m2/repository/org/apache/commons/commons-text/1.4/commons-text-1.4.jar:/home/user/.m2/repository/org/slf4j/slf4j-api/1.7.25/slf4j-api-1.7.25.jar:/home/user/.m2/repository/org/slf4j/slf4j-log4j12/1.7.25/slf4j-log4j12-1.7.25.jar:/home/user/.m2/repository/org/apache/avro/avro/1.7.7/avro-1.7.7.jar:/home/user/.m2/repository/com/thoughtworks/paranamer/paranamer/2.3/paranamer-2.3.jar:/home/user/.m2/repository/org/xerial/snappy/snappy-java/1.0.5/snappy-java-1.0.5.jar:/home/user/.m2/repository/com/google/re2j/re2j/1.1/re2j-1.1.jar:/home/user/.m2/repository/com/google/protobuf/protobuf-java/2.5.0/protobuf-java-2.5.0.jar:/home/user/.m2/repository/com/google/code/gson/gson/2.2.4/gson-2.2.4.jar:/home/user/.m2/repository/org/apache/hadoop/hadoop-auth/3.2.0/hadoop-auth-3.2.0.jar:/home/user/.m2/repository/com/nimbusds/nimbus-jose-jwt/4.41.1/nimbus-jose-jwt-4.41.1.jar:/home/user/.m2/repository/com/github/stephenc/jcip/jcip-annotations/1.0-1/jcip-annotations-1.0-1.jar:/home/user/.m2/repository/net/minidev/json-smart/2.3/json-smart-2.3.jar:/home/user/.m2/repository/net/minidev/accessors-smart/1.2/accessors-smart-1.2.jar:/home/user/.m2/repository/org/apache/curator/curator-framework/2.12.0/curator-framework-2.12.0.jar:/home/user/.m2/repository/com/jcraft/jsch/0.1.54/jsch-0.1.54.jar:/home/user/.m2/repository/org/apache/curator/curator-client/2.12.0/curator-client-2.12.0.jar:/home/user/.m2/repository/org/apache/curator/curator-recipes/2.12.0/curator-recipes-2.12.0.jar:/home/user/.m2/repository/com/google/code/findbugs/jsr305/3.0.0/jsr305-3.0.0.jar:/home/user/.m2/repository/org/apache/htrace/htrace-core4/4.1.0-incubating/htrace-core4-4.1.0-incubating.jar:/home/user/.m2/repository/org/apache/zookeeper/zookeeper/3.4.13/zookeeper-3.4.13.jar:/home/user/.m2/repository/jline/jline/0.9.94/jline-0.9.94.jar:/home/user/.m2/repository/org/apache/yetus/audience-annotations/0.5.0/audience-annotations-0.5.0.jar:/home/user/.m2/repository/org/apache/commons/commons-compress/1.4.1/commons-compress-1.4.1.jar:/home/user/.m2/repository/org/tukaani/xz/1.0/xz-1.0.jar:/home/user/.m2/repository/org/apache/kerby/kerb-simplekdc/1.0.1/kerb-simplekdc-1.0.1.jar:/home/user/.m2/repository/org/apache/kerby/kerb-client/1.0.1/kerb-client-1.0.1.jar:/home/user/.m2/repository/org/apache/kerby/kerby-config/1.0.1/kerby-config-1.0.1.jar:/home/user/.m2/repository/org/apache/kerby/kerb-core/1.0.1/kerb-core-1.0.1.jar:/home/user/.m2/repository/org/apache/kerby/kerby-pkix/1.0.1/kerby-pkix-1.0.1.jar:/home/user/.m2/repository/org/apache/kerby/kerby-asn1/1.0.1/kerby-asn1-1.0.1.jar:/home/user/.m2/repository/org/apache/kerby/kerby-util/1.0.1/kerby-util-1.0.1.jar:/home/user/.m2/repository/org/apache/kerby/kerb-common/1.0.1/kerb-common-1.0.1.jar:/home/user/.m2/repository/org/apache/kerby/kerb-crypto/1.0.1/kerb-crypto-1.0.1.jar:/home/user/.m2/repository/org/apache/kerby/kerb-util/1.0.1/kerb-util-1.0.1.jar:/home/user/.m2/repository/org/apache/kerby/token-provider/1.0.1/token-provider-1.0.1.jar:/home/user/.m2/repository/org/apache/kerby/kerb-admin/1.0.1/kerb-admin-1.0.1.jar:/home/user/.m2/repository/org/apache/kerby/kerb-server/1.0.1/kerb-server-1.0.1.jar:/home/user/.m2/repository/org/apache/kerby/kerb-identity/1.0.1/kerb-identity-1.0.1.jar:/home/user/.m2/repository/org/apache/kerby/kerby-xdr/1.0.1/kerby-xdr-1.0.1.jar:/home/user/.m2/repository/com/fasterxml/jackson/core/jackson-databind/2.9.9/jackson-databind-2.9.9.jar:/home/user/.m2/repository/com/fasterxml/jackson/core/jackson-annotations/2.9.9/jackson-annotations-2.9.9.jar:/home/user/.m2/repository/com/fasterxml/jackson/core/jackson-core/2.9.9/jackson-core-2.9.9.jar:/home/user/.m2/repository/org/codehaus/woodstox/stax2-api/3.1.4/stax2-api-3.1.4.jar:/home/user/.m2/repository/com/fasterxml/woodstox/woodstox-core/5.0.3/woodstox-core-5.0.3.jar:/home/user/.m2/repository/dnsjava/dnsjava/2.1.7/dnsjava-2.1.7.jar:/home/user/.m2/repository/org/apache/hadoop/hadoop-hdfs/3.2.0/hadoop-hdfs-3.2.0.jar:/home/user/.m2/repository/org/eclipse/jetty/jetty-util-ajax/9.3.25.v20180904/jetty-util-ajax-9.3.25.v20180904.jar:/home/user/.m2/repository/commons-daemon/commons-daemon/1.0.13/commons-daemon-1.0.13.jar:/home/user/.m2/repository/io/netty/netty/3.10.5.Final/netty-3.10.5.Final.jar:/home/user/.m2/repository/io/netty/netty-all/4.0.52.Final/netty-all-4.0.52.Final.jar:/home/user/.m2/repository/org/fusesource/leveldbjni/leveldbjni-all/1.8/leveldbjni-all-1.8.jar:/home/user/.m2/repository/org/apache/hadoop/hadoop-hdds-common/0.5.0-SNAPSHOT/hadoop-hdds-common-0.5.0-SNAPSHOT.jar:/home/user/.m2/repository/org/apache/hadoop/hadoop-hdds-config/0.5.0-SNAPSHOT/hadoop-hdds-config-0.5.0-SNAPSHOT.jar:/home/user/.m2/repository/javax/annotation/javax.annotation-api/1.2/javax.annotation-api-1.2.jar:/home/user/.m2/repository/org/apache/ratis/ratis-server/0.4.0/ratis-server-0.4.0.jar:/home/user/.m2/repository/org/apache/ratis/ratis-thirdparty-misc/0.2.0/ratis-thirdparty-misc-0.2.0.jar:/home/user/.m2/repository/org/apache/ratis/ratis-proto/0.4.0/ratis-proto-0.4.0.jar:/home/user/.m2/repository/org/apache/ratis/ratis-common/0.4.0/ratis-common-0.4.0.jar:/home/user/.m2/repository/org/apache/ratis/ratis-client/0.4.0/ratis-client-0.4.0.jar:/home/user/.m2/repository/org/apache/ratis/ratis-metrics/0.4.0/ratis-metrics-0.4.0.jar:/home/user/.m2/repository/com/github/joshelser/dropwizard-metrics-hadoop-metrics2-reporter/0.1.2/dropwizard-metrics-hadoop-metrics2-reporter-0.1.2.jar:/home/user/.m2/repository/io/dropwizard/metrics/metrics-jvm/3.2.5/metrics-jvm-3.2.5.jar:/home/user/.m2/repository/io/dropwizard/metrics/metrics-ganglia/3.2.5/metrics-ganglia-3.2.5.jar:/home/user/.m2/repository/info/ganglia/gmetric4j/gmetric4j/1.0.7/gmetric4j-1.0.7.jar:/home/user/.m2/repository/org/apache/ratis/ratis-netty/0.4.0/ratis-netty-0.4.0.jar:/home/user/.m2/repository/org/apache/ratis/ratis-grpc/0.4.0/ratis-grpc-0.4.0.jar:/home/user/.m2/repository/org/rocksdb/rocksdbjni/6.0.1/rocksdbjni-6.0.1.jar:/home/user/.m2/repository/org/apache/logging/log4j/log4j-api/2.11.0/log4j-api-2.11.0.jar:/home/user/.m2/repository/org/apache/logging/log4j/log4j-core/2.11.0/log4j-core-2.11.0.jar:/home/user/.m2/repository/com/lmax/disruptor/3.4.2/disruptor-3.4.2.jar:/home/user/.m2/repository/org/apache/commons/commons-pool2/2.6.0/commons-pool2-2.6.0.jar:/home/user/.m2/repository/org/bouncycastle/bcpkix-jdk15on/1.60/bcpkix-jdk15on-1.60.jar:/home/user/.m2/repository/commons-validator/commons-validator/1.6/commons-validator-1.6.jar:/home/user/.m2/repository/commons-digester/commons-digester/1.8.1/commons-digester-1.8.1.jar:/home/user/.m2/repository/io/jaegertracing/jaeger-client/0.34.0/jaeger-client-0.34.0.jar:/home/user/.m2/repository/io/jaegertracing/jaeger-thrift/0.34.0/jaeger-thrift-0.34.0.jar:/home/user/.m2/repository/org/apache/thrift/libthrift/0.12.0/libthrift-0.12.0.jar:/home/user/.m2/repository/com/squareup/okhttp3/okhttp/3.9.0/okhttp-3.9.0.jar:/home/user/.m2/repository/com/squareup/okio/okio/1.13.0/okio-1.13.0.jar:/home/user/.m2/repository/io/jaegertracing/jaeger-core/0.34.0/jaeger-core-0.34.0.jar:/home/user/.m2/repository/io/jaegertracing/jaeger-tracerresolver/0.34.0/jaeger-tracerresolver-0.34.0.jar:/home/user/.m2/repository/io/opentracing/contrib/opentracing-tracerresolver/0.1.5/opentracing-tracerresolver-0.1.5.jar:/home/user/.m2/repository/io/opentracing/opentracing-util/0.31.0/opentracing-util-0.31.0.jar:/home/user/.m2/repository/io/opentracing/opentracing-api/0.31.0/opentracing-api-0.31.0.jar:/home/user/.m2/repository/io/opentracing/opentracing-noop/0.31.0/opentracing-noop-0.31.0.jar:/home/user/.m2/repository/org/yaml/snakeyaml/1.16/snakeyaml-1.16.jar:/home/user/.m2/repository/org/apache/hadoop/hadoop-hdfs-client/3.2.0/hadoop-hdfs-client-3.2.0.jar:/home/user/.m2/repository/info/picocli/picocli/3.9.6/picocli-3.9.6.jar:/home/user/.m2/repository/org/apache/hadoop/hadoop-hdds-server-scm/0.5.0-SNAPSHOT/hadoop-hdds-server-scm-0.5.0-SNAPSHOT.jar:/home/user/.m2/repository/org/apache/hadoop/hadoop-hdds-docs/0.5.0-SNAPSHOT/hadoop-hdds-docs-0.5.0-SNAPSHOT.jar:/home/user/.m2/repository/io/dropwizard/metrics/metrics-core/3.2.4/metrics-core-3.2.4.jar:/home/user/.m2/repository/org/hamcrest/hamcrest-all/1.3/hamcrest-all-1.3.jar:/home/user/.m2/repository/org/bouncycastle/bcprov-jdk15on/1.60/bcprov-jdk15on-1.60.jar:/home/user/.m2/repository/org/apache/hadoop/hadoop-hdds-server-framework/0.5.0-SNAPSHOT/hadoop-hdds-server-framework-0.5.0-SNAPSHOT.jar:/home/user/.m2/repository/org/apache/hadoop/hadoop-ozone-ozone-manager/0.5.0-SNAPSHOT/hadoop-ozone-ozone-manager-0.5.0-SNAPSHOT.jar:/home/user/.m2/repository/org/apache/hadoop/hadoop-hdds-container-service/0.5.0-SNAPSHOT/hadoop-hdds-container-service-0.5.0-SNAPSHOT.jar:/home/user/.m2/repository/org/apache/hadoop/hadoop-hdds-client/0.5.0-SNAPSHOT/hadoop-hdds-client-0.5.0-SNAPSHOT.jar:/home/user/.m2/repository/org/apache/hadoop/hadoop-ozone-common/0.5.0-SNAPSHOT/hadoop-ozone-common-0.5.0-SNAPSHOT.jar:/home/user/.m2/repository/org/apache/hadoop/hadoop-hdds-tools/0.5.0-SNAPSHOT/hadoop-hdds-tools-0.5.0-SNAPSHOT.jar:/home/user/.m2/repository/org/xerial/sqlite-jdbc/3.25.2/sqlite-jdbc-3.25.2.jar:/home/user/.m2/repository/com/google/code/findbugs/findbugs/3.0.1/findbugs-3.0.1.jar:/home/user/.m2/repository/net/jcip/jcip-annotations/1.0/jcip-annotations-1.0.jar:/home/user/.m2/repository/com/google/code/findbugs/bcel-findbugs/6.0/bcel-findbugs-6.0.jar:/home/user/.m2/repository/com/google/code/findbugs/jFormatString/2.0.1/jFormatString-2.0.1.jar:/home/user/.m2/repository/dom4j/dom4j/1.6.1/dom4j-1.6.1.jar:/home/user/.m2/repository/xml-apis/xml-apis/1.0.b2/xml-apis-1.0.b2.jar:/home/user/.m2/repository/org/ow2/asm/asm-debug-all/5.0.2/asm-debug-all-5.0.2.jar:/home/user/.m2/repository/org/ow2/asm/asm-commons/5.0.2/asm-commons-5.0.2.jar:/home/user/.m2/repository/org/ow2/asm/asm-tree/5.0.2/asm-tree-5.0.2.jar:/home/user/.m2/repository/org/ow2/asm/asm/5.0.4/asm-5.0.4.jar:/home/user/.m2/repository/commons-lang/commons-lang/2.6/commons-lang-2.6.jar:/home/user/.m2/repository/com/apple/AppleJavaExtensions/1.4/AppleJavaExtensions-1.4.jar:/home/user/.m2/repository/jaxen/jaxen/1.1.6/jaxen-1.1.6.jar:/home/user/.m2/repository/org/apache/hadoop/hadoop-common/3.2.0/hadoop-common-3.2.0-tests.jar:/home/user/.m2/repository/org/apache/hadoop/hadoop-ozone-client/0.5.0-SNAPSHOT/hadoop-ozone-client-0.5.0-SNAPSHOT.jar:/home/user/.m2/repository/org/apache/hadoop/hadoop-hdfs/3.2.0/hadoop-hdfs-3.2.0-tests.jar:/workdir/hadoop-ozone/integration-test/target/test-classes:/home/user/.m2/repository/org/apache/hadoop/hadoop-ozone-s3gateway/0.5.0-SNAPSHOT/hadoop-ozone-s3gateway-0.5.0-SNAPSHOT.jar:/home/user/.m2/repository/org/jboss/weld/servlet/weld-servlet/2.4.7.Final/weld-servlet-2.4.7.Final.jar:/home/user/.m2/repository/org/glassfish/jersey/containers/jersey-container-servlet-core/2.27/jersey-container-servlet-core-2.27.jar:/home/user/.m2/repository/org/glassfish/hk2/external/javax.inject/2.5.0-b42/javax.inject-2.5.0-b42.jar:/home/user/.m2/repository/org/glassfish/jersey/core/jersey-common/2.27/jersey-common-2.27.jar:/home/user/.m2/repository/org/glassfish/hk2/osgi-resource-locator/1.0.1/osgi-resource-locator-1.0.1.jar:/home/user/.m2/repository/javax/ws/rs/javax.ws.rs-api/2.1/javax.ws.rs-api-2.1.jar:/home/user/.m2/repository/org/glassfish/jersey/ext/cdi/jersey-cdi1x/2.27/jersey-cdi1x-2.27.jar:/home/user/.m2/repository/org/glassfish/jersey/inject/jersey-hk2/2.27/jersey-hk2-2.27.jar:/home/user/.m2/repository/org/glassfish/hk2/hk2-locator/2.5.0-b42/hk2-locator-2.5.0-b42.jar:/home/user/.m2/repository/org/javassist/javassist/3.22.0-CR2/javassist-3.22.0-CR2.jar:/home/user/.m2/repository/org/glassfish/hk2/hk2-api/2.5.0/hk2-api-2.5.0.jar:/home/user/.m2/repository/org/glassfish/hk2/external/jakarta.inject/2.5.0/jakarta.inject-2.5.0.jar:/home/user/.m2/repository/org/glassfish/hk2/hk2-utils/2.5.0/hk2-utils-2.5.0.jar:/home/user/.m2/repository/jakarta/annotation/jakarta.annotation-api/1.3.4/jakarta.annotation-api-1.3.4.jar:/home/user/.m2/repository/org/glassfish/hk2/external/aopalliance-repackaged/2.5.0/aopalliance-repackaged-2.5.0.jar:/home/user/.m2/repository/com/fasterxml/jackson/dataformat/jackson-dataformat-xml/2.9.0/jackson-dataformat-xml-2.9.0.jar:/home/user/.m2/repository/com/fasterxml/jackson/module/jackson-module-jaxb-annotations/2.9.9/jackson-module-jaxb-annotations-2.9.9.jar:/home/user/.m2/repository/javax/enterprise/cdi-api/1.2/cdi-api-1.2.jar:/home/user/.m2/repository/javax/el/javax.el-api/3.0.0/javax.el-api-3.0.0.jar:/home/user/.m2/repository/javax/interceptor/javax.interceptor-api/1.2/javax.interceptor-api-1.2.jar:/home/user/.m2/repository/javax/inject/javax.inject/1/javax.inject-1.jar:/home/user/.m2/repository/com/sun/xml/bind/jaxb-core/2.3.0.1/jaxb-core-2.3.0.1.jar:/home/user/.m2/repository/javax/xml/bind/jaxb-api/2.3.0/jaxb-api-2.3.0.jar:/home/user/.m2/repository/javax/activation/activation/1.1.1/activation-1.1.1.jar:/home/user/.m2/repository/org/apache/hadoop/hadoop-ozone-csi/0.5.0-SNAPSHOT/hadoop-ozone-csi-0.5.0-SNAPSHOT.jar:/home/user/.m2/repository/com/google/protobuf/protobuf-java-util/3.5.1/protobuf-java-util-3.5.1.jar:/home/user/.m2/repository/io/grpc/grpc-netty/1.17.1/grpc-netty-1.17.1.jar:/home/user/.m2/repository/io/grpc/grpc-core/1.17.1/grpc-core-1.17.1.jar:/home/user/.m2/repository/io/grpc/grpc-context/1.17.1/grpc-context-1.17.1.jar:/home/user/.m2/repository/com/google/errorprone/error_prone_annotations/2.2.0/error_prone_annotations-2.2.0.jar:/home/user/.m2/repository/org/codehaus/mojo/animal-sniffer-annotations/1.17/animal-sniffer-annotations-1.17.jar:/home/user/.m2/repository/io/opencensus/opencensus-api/0.17.0/opencensus-api-0.17.0.jar:/home/user/.m2/repository/io/opencensus/opencensus-contrib-grpc-metrics/0.17.0/opencensus-contrib-grpc-metrics-0.17.0.jar:/home/user/.m2/repository/io/netty/netty-codec-http2/4.1.30.Final/netty-codec-http2-4.1.30.Final.jar:/home/user/.m2/repository/io/netty/netty-codec-http/4.1.30.Final/netty-codec-http-4.1.30.Final.jar:/home/user/.m2/repository/io/netty/netty-codec/4.1.30.Final/netty-codec-4.1.30.Final.jar:/home/user/.m2/repository/io/netty/netty-handler/4.1.30.Final/netty-handler-4.1.30.Final.jar:/home/user/.m2/repository/io/netty/netty-handler-proxy/4.1.30.Final/netty-handler-proxy-4.1.30.Final.jar:/home/user/.m2/repository/io/netty/netty-codec-socks/4.1.30.Final/netty-codec-socks-4.1.30.Final.jar:/home/user/.m2/repository/io/netty/netty-transport-native-epoll/4.1.30.Final/netty-transport-native-epoll-4.1.30.Final.jar:/home/user/.m2/repository/io/netty/netty-common/4.1.30.Final/netty-common-4.1.30.Final.jar:/home/user/.m2/repository/io/netty/netty-buffer/4.1.30.Final/netty-buffer-4.1.30.Final.jar:/home/user/.m2/repository/io/netty/netty-transport/4.1.30.Final/netty-transport-4.1.30.Final.jar:/home/user/.m2/repository/io/netty/netty-resolver/4.1.30.Final/netty-resolver-4.1.30.Final.jar:/home/user/.m2/repository/io/netty/netty-transport-native-unix-common/4.1.30.Final/netty-transport-native-unix-common-4.1.30.Final.jar:/home/user/.m2/repository/io/grpc/grpc-protobuf/1.17.1/grpc-protobuf-1.17.1.jar:/home/user/.m2/repository/com/google/api/grpc/proto-google-common-protos/1.0.0/proto-google-common-protos-1.0.0.jar:/home/user/.m2/repository/io/grpc/grpc-protobuf-lite/1.17.1/grpc-protobuf-lite-1.17.1.jar:/home/user/.m2/repository/io/grpc/grpc-stub/1.17.1/grpc-stub-1.17.1.jar:/home/user/.m2/repository/org/apache/hadoop/hadoop-ozone-recon/0.5.0-SNAPSHOT/hadoop-ozone-recon-0.5.0-SNAPSHOT.jar:/home/user/.m2/repository/org/apache/hadoop/hadoop-ozone-reconcodegen/0.5.0-SNAPSHOT/hadoop-ozone-reconcodegen-0.5.0-SNAPSHOT.jar:/home/user/.m2/repository/com/google/inject/extensions/guice-multibindings/4.0/guice-multibindings-4.0.jar:/home/user/.m2/repository/com/google/inject/guice/4.0/guice-4.0.jar:/home/user/.m2/repository/aopalliance/aopalliance/1.0/aopalliance-1.0.jar:/home/user/.m2/repository/org/glassfish/jersey/containers/jersey-container-servlet/2.27/jersey-container-servlet-2.27.jar:/home/user/.m2/repository/org/glassfish/hk2/guice-bridge/2.5.0/guice-bridge-2.5.0.jar:/home/user/.m2/repository/org/glassfish/jersey/core/jersey-server/2.27/jersey-server-2.27.jar:/home/user/.m2/repository/org/glassfish/jersey/core/jersey-client/2.27/jersey-client-2.27.jar:/home/user/.m2/repository/org/glassfish/jersey/media/jersey-media-jaxb/2.27/jersey-media-jaxb-2.27.jar:/home/user/.m2/repository/javax/validation/validation-api/1.1.0.Final/validation-api-1.1.0.Final.jar:/home/user/.m2/repository/org/glassfish/jersey/media/jersey-media-json-jackson/2.27/jersey-media-json-jackson-2.27.jar:/home/user/.m2/repository/org/glassfish/jersey/ext/jersey-entity-filtering/2.27/jersey-entity-filtering-2.27.jar:/home/user/.m2/repository/com/google/inject/extensions/guice-assistedinject/4.0/guice-assistedinject-4.0.jar:/home/user/.m2/repository/org/jooq/jooq/3.11.10/jooq-3.11.10.jar:/home/user/.m2/repository/org/jooq/jooq-meta/3.11.10/jooq-meta-3.11.10.jar:/home/user/.m2/repository/org/jooq/jooq-codegen/3.11.10/jooq-codegen-3.11.10.jar:/home/user/.m2/repository/com/jolbox/bonecp/0.8.0.RELEASE/bonecp-0.8.0.RELEASE.jar:/home/user/.m2/repository/org/springframework/spring-jdbc/5.1.3.RELEASE/spring-jdbc-5.1.3.RELEASE.jar:/home/user/.m2/repository/org/springframework/spring-beans/5.1.3.RELEASE/spring-beans-5.1.3.RELEASE.jar:/home/user/.m2/repository/org/springframework/spring-core/5.1.3.RELEASE/spring-core-5.1.3.RELEASE.jar:/home/user/.m2/repository/org/springframework/spring-jcl/5.1.3.RELEASE/spring-jcl-5.1.3.RELEASE.jar:/home/user/.m2/repository/org/springframework/spring-tx/5.1.3.RELEASE/spring-tx-5.1.3.RELEASE.jar:/home/user/.m2/repository/org/mockito/mockito-all/1.10.19/mockito-all-1.10.19.jar:/home/user/.m2/repository/junit/junit/4.11/junit-4.11.jar:/home/user/.m2/repository/org/hamcrest/hamcrest-core/1.3/hamcrest-core-1.3.jar:/home/user/.m2/repository/org/apache/hadoop/hadoop-distcp/3.2.0/hadoop-distcp-3.2.0.jar:/home/user/.m2/repository/org/apache/hadoop/hadoop-distcp/3.2.0/hadoop-distcp-3.2.0-tests.jar:/home/user/.m2/repository/org/apache/hadoop/hadoop-mapreduce-client-jobclient/3.2.0/hadoop-mapreduce-client-jobclient-3.2.0.jar:/home/user/.m2/repository/org/apache/hadoop/hadoop-mapreduce-client-common/3.2.0/hadoop-mapreduce-client-common-3.2.0.jar:/home/user/.m2/repository/org/apache/hadoop/hadoop-yarn-common/3.2.0/hadoop-yarn-common-3.2.0.jar:/home/user/.m2/repository/org/apache/hadoop/hadoop-yarn-api/3.2.0/hadoop-yarn-api-3.2.0.jar:/home/user/.m2/repository/com/sun/jersey/jersey-client/1.19/jersey-client-1.19.jar:/home/user/.m2/repository/com/sun/jersey/contribs/jersey-guice/1.19/jersey-guice-1.19.jar:/home/user/.m2/repository/com/fasterxml/jackson/jaxrs/jackson-jaxrs-json-provider/2.9.9/jackson-jaxrs-json-provider-2.9.9.jar:/home/user/.m2/repository/com/fasterxml/jackson/jaxrs/jackson-jaxrs-base/2.9.9/jackson-jaxrs-base-2.9.9.jar:/home/user/.m2/repository/org/apache/hadoop/hadoop-yarn-client/3.2.0/hadoop-yarn-client-3.2.0.jar:/home/user/.m2/repository/org/apache/hadoop/hadoop-mapreduce-client-core/3.2.0/hadoop-mapreduce-client-core-3.2.0.jar:/home/user/.m2/repository/com/google/inject/extensions/guice-servlet/4.0/guice-servlet-4.0.jar:/home/user/.m2/repository/org/powermock/powermock-module-junit4/1.6.5/powermock-module-junit4-1.6.5.jar:/home/user/.m2/repository/org/powermock/powermock-module-junit4-common/1.6.5/powermock-module-junit4-common-1.6.5.jar:/home/user/.m2/repository/org/powermock/powermock-core/1.6.5/powermock-core-1.6.5.jar:/home/user/.m2/repository/org/powermock/powermock-reflect/1.6.5/powermock-reflect-1.6.5.jar:/home/user/.m2/repository/org/powermock/powermock-api-mockito/1.6.5/powermock-api-mockito-1.6.5.jar:/home/user/.m2/repository/org/mockito/mockito-core/1.10.19/mockito-core-1.10.19.jar:/home/user/.m2/repository/org/objenesis/objenesis/1.0/objenesis-1.0.jar:/home/user/.m2/repository/org/powermock/powermock-api-mockito-common/1.6.5/powermock-api-mockito-common-1.6.5.jar:/home/user/.m2/repository/org/powermock/powermock-api-support/1.6.5/powermock-api-support-1.6.5.jar:"/>
    <property name="java.vm.vendor" value="IcedTea"/>
    <property name="sun.arch.data.model" value="64"/>
    <property name="test.build.dir" value="/workdir/hadoop-ozone/ozonefs/target/test-dir"/>
    <property name="test.cache.data" value=""/>
    <property name="java.vendor.url" value="https://icedtea.classpath.org"/>
    <property name="user.timezone" value=""/>
    <property name="java.vm.specification.version" value="1.8"/>
    <property name="os.name" value="Linux"/>
    <property name="test.build.data" value="/workdir/hadoop-ozone/ozonefs/target/test-dir"/>
    <property name="user.country" value="US"/>
    <property name="sun.java.launcher" value="SUN_STANDARD"/>
    <property name="sun.boot.library.path" value="/usr/lib/jvm/java-1.8-openjdk/jre/lib/amd64"/>
    <property name="sun.java.command" value="/workdir/hadoop-ozone/ozonefs/target/surefire/surefirebooter1513969261716935818.jar /workdir/hadoop-ozone/ozonefs/target/surefire 2019-09-25T04-01-08_071-jvmRun1 surefire2322663197713765932tmp surefire_953146709888978957045tmp"/>
    <property name="test" value="!TestMiniChaosOzoneCluster"/>
    <property name="surefire.test.class.path" value="/workdir/hadoop-ozone/ozonefs/target/test-classes:/workdir/hadoop-ozone/ozonefs/target/classes:/home/user/.m2/repository/org/apache/hadoop/hadoop-common/3.2.0/hadoop-common-3.2.0.jar:/home/user/.m2/repository/org/apache/hadoop/hadoop-annotations/3.2.0/hadoop-annotations-3.2.0.jar:/usr/lib/jvm/java-1.8-openjdk/jre/../lib/tools.jar:/home/user/.m2/repository/com/google/guava/guava/11.0.2/guava-11.0.2.jar:/home/user/.m2/repository/commons-cli/commons-cli/1.2/commons-cli-1.2.jar:/home/user/.m2/repository/org/apache/commons/commons-math3/3.1.1/commons-math3-3.1.1.jar:/home/user/.m2/repository/org/apache/httpcomponents/httpclient/4.5.2/httpclient-4.5.2.jar:/home/user/.m2/repository/org/apache/httpcomponents/httpcore/4.4.4/httpcore-4.4.4.jar:/home/user/.m2/repository/commons-codec/commons-codec/1.11/commons-codec-1.11.jar:/home/user/.m2/repository/commons-io/commons-io/2.5/commons-io-2.5.jar:/home/user/.m2/repository/commons-net/commons-net/3.6/commons-net-3.6.jar:/home/user/.m2/repository/commons-collections/commons-collections/3.2.2/commons-collections-3.2.2.jar:/home/user/.m2/repository/javax/servlet/javax.servlet-api/3.1.0/javax.servlet-api-3.1.0.jar:/home/user/.m2/repository/org/eclipse/jetty/jetty-server/9.3.25.v20180904/jetty-server-9.3.25.v20180904.jar:/home/user/.m2/repository/org/eclipse/jetty/jetty-http/9.3.25.v20180904/jetty-http-9.3.25.v20180904.jar:/home/user/.m2/repository/org/eclipse/jetty/jetty-io/9.3.25.v20180904/jetty-io-9.3.25.v20180904.jar:/home/user/.m2/repository/org/eclipse/jetty/jetty-util/9.3.25.v20180904/jetty-util-9.3.25.v20180904.jar:/home/user/.m2/repository/org/eclipse/jetty/jetty-servlet/9.3.25.v20180904/jetty-servlet-9.3.25.v20180904.jar:/home/user/.m2/repository/org/eclipse/jetty/jetty-security/9.3.25.v20180904/jetty-security-9.3.25.v20180904.jar:/home/user/.m2/repository/org/eclipse/jetty/jetty-webapp/9.3.25.v20180904/jetty-webapp-9.3.25.v20180904.jar:/home/user/.m2/repository/org/eclipse/jetty/jetty-xml/9.3.25.v20180904/jetty-xml-9.3.25.v20180904.jar:/home/user/.m2/repository/javax/servlet/jsp/jsp-api/2.1/jsp-api-2.1.jar:/home/user/.m2/repository/com/sun/jersey/jersey-core/1.19/jersey-core-1.19.jar:/home/user/.m2/repository/javax/ws/rs/jsr311-api/1.1.1/jsr311-api-1.1.1.jar:/home/user/.m2/repository/com/sun/jersey/jersey-servlet/1.19/jersey-servlet-1.19.jar:/home/user/.m2/repository/com/sun/jersey/jersey-json/1.19/jersey-json-1.19.jar:/home/user/.m2/repository/org/codehaus/jettison/jettison/1.1/jettison-1.1.jar:/home/user/.m2/repository/com/sun/xml/bind/jaxb-impl/2.3.0.1/jaxb-impl-2.3.0.1.jar:/home/user/.m2/repository/org/codehaus/jackson/jackson-core-asl/1.9.13/jackson-core-asl-1.9.13.jar:/home/user/.m2/repository/org/codehaus/jackson/jackson-mapper-asl/1.9.13/jackson-mapper-asl-1.9.13.jar:/home/user/.m2/repository/org/codehaus/jackson/jackson-jaxrs/1.9.13/jackson-jaxrs-1.9.13.jar:/home/user/.m2/repository/org/codehaus/jackson/jackson-xc/1.9.13/jackson-xc-1.9.13.jar:/home/user/.m2/repository/com/sun/jersey/jersey-server/1.19/jersey-server-1.19.jar:/home/user/.m2/repository/commons-logging/commons-logging/1.1.3/commons-logging-1.1.3.jar:/home/user/.m2/repository/log4j/log4j/1.2.17/log4j-1.2.17.jar:/home/user/.m2/repository/commons-beanutils/commons-beanutils/1.9.4/commons-beanutils-1.9.4.jar:/home/user/.m2/repository/org/apache/commons/commons-configuration2/2.1.1/commons-configuration2-2.1.1.jar:/home/user/.m2/repository/org/apache/commons/commons-lang3/3.7/commons-lang3-3.7.jar:/home/user/.m2/repository/org/apache/commons/commons-text/1.4/commons-text-1.4.jar:/home/user/.m2/repository/org/slf4j/slf4j-api/1.7.25/slf4j-api-1.7.25.jar:/home/user/.m2/repository/org/slf4j/slf4j-log4j12/1.7.25/slf4j-log4j12-1.7.25.jar:/home/user/.m2/repository/org/apache/avro/avro/1.7.7/avro-1.7.7.jar:/home/user/.m2/repository/com/thoughtworks/paranamer/paranamer/2.3/paranamer-2.3.jar:/home/user/.m2/repository/org/xerial/snappy/snappy-java/1.0.5/snappy-java-1.0.5.jar:/home/user/.m2/repository/com/google/re2j/re2j/1.1/re2j-1.1.jar:/home/user/.m2/repository/com/google/protobuf/protobuf-java/2.5.0/protobuf-java-2.5.0.jar:/home/user/.m2/repository/com/google/code/gson/gson/2.2.4/gson-2.2.4.jar:/home/user/.m2/repository/org/apache/hadoop/hadoop-auth/3.2.0/hadoop-auth-3.2.0.jar:/home/user/.m2/repository/com/nimbusds/nimbus-jose-jwt/4.41.1/nimbus-jose-jwt-4.41.1.jar:/home/user/.m2/repository/com/github/stephenc/jcip/jcip-annotations/1.0-1/jcip-annotations-1.0-1.jar:/home/user/.m2/repository/net/minidev/json-smart/2.3/json-smart-2.3.jar:/home/user/.m2/repository/net/minidev/accessors-smart/1.2/accessors-smart-1.2.jar:/home/user/.m2/repository/org/apache/curator/curator-framework/2.12.0/curator-framework-2.12.0.jar:/home/user/.m2/repository/com/jcraft/jsch/0.1.54/jsch-0.1.54.jar:/home/user/.m2/repository/org/apache/curator/curator-client/2.12.0/curator-client-2.12.0.jar:/home/user/.m2/repository/org/apache/curator/curator-recipes/2.12.0/curator-recipes-2.12.0.jar:/home/user/.m2/repository/com/google/code/findbugs/jsr305/3.0.0/jsr305-3.0.0.jar:/home/user/.m2/repository/org/apache/htrace/htrace-core4/4.1.0-incubating/htrace-core4-4.1.0-incubating.jar:/home/user/.m2/repository/org/apache/zookeeper/zookeeper/3.4.13/zookeeper-3.4.13.jar:/home/user/.m2/repository/jline/jline/0.9.94/jline-0.9.94.jar:/home/user/.m2/repository/org/apache/yetus/audience-annotations/0.5.0/audience-annotations-0.5.0.jar:/home/user/.m2/repository/org/apache/commons/commons-compress/1.4.1/commons-compress-1.4.1.jar:/home/user/.m2/repository/org/tukaani/xz/1.0/xz-1.0.jar:/home/user/.m2/repository/org/apache/kerby/kerb-simplekdc/1.0.1/kerb-simplekdc-1.0.1.jar:/home/user/.m2/repository/org/apache/kerby/kerb-client/1.0.1/kerb-client-1.0.1.jar:/home/user/.m2/repository/org/apache/kerby/kerby-config/1.0.1/kerby-config-1.0.1.jar:/home/user/.m2/repository/org/apache/kerby/kerb-core/1.0.1/kerb-core-1.0.1.jar:/home/user/.m2/repository/org/apache/kerby/kerby-pkix/1.0.1/kerby-pkix-1.0.1.jar:/home/user/.m2/repository/org/apache/kerby/kerby-asn1/1.0.1/kerby-asn1-1.0.1.jar:/home/user/.m2/repository/org/apache/kerby/kerby-util/1.0.1/kerby-util-1.0.1.jar:/home/user/.m2/repository/org/apache/kerby/kerb-common/1.0.1/kerb-common-1.0.1.jar:/home/user/.m2/repository/org/apache/kerby/kerb-crypto/1.0.1/kerb-crypto-1.0.1.jar:/home/user/.m2/repository/org/apache/kerby/kerb-util/1.0.1/kerb-util-1.0.1.jar:/home/user/.m2/repository/org/apache/kerby/token-provider/1.0.1/token-provider-1.0.1.jar:/home/user/.m2/repository/org/apache/kerby/kerb-admin/1.0.1/kerb-admin-1.0.1.jar:/home/user/.m2/repository/org/apache/kerby/kerb-server/1.0.1/kerb-server-1.0.1.jar:/home/user/.m2/repository/org/apache/kerby/kerb-identity/1.0.1/kerb-identity-1.0.1.jar:/home/user/.m2/repository/org/apache/kerby/kerby-xdr/1.0.1/kerby-xdr-1.0.1.jar:/home/user/.m2/repository/com/fasterxml/jackson/core/jackson-databind/2.9.9/jackson-databind-2.9.9.jar:/home/user/.m2/repository/com/fasterxml/jackson/core/jackson-annotations/2.9.9/jackson-annotations-2.9.9.jar:/home/user/.m2/repository/com/fasterxml/jackson/core/jackson-core/2.9.9/jackson-core-2.9.9.jar:/home/user/.m2/repository/org/codehaus/woodstox/stax2-api/3.1.4/stax2-api-3.1.4.jar:/home/user/.m2/repository/com/fasterxml/woodstox/woodstox-core/5.0.3/woodstox-core-5.0.3.jar:/home/user/.m2/repository/dnsjava/dnsjava/2.1.7/dnsjava-2.1.7.jar:/home/user/.m2/repository/org/apache/hadoop/hadoop-hdfs/3.2.0/hadoop-hdfs-3.2.0.jar:/home/user/.m2/repository/org/eclipse/jetty/jetty-util-ajax/9.3.25.v20180904/jetty-util-ajax-9.3.25.v20180904.jar:/home/user/.m2/repository/commons-daemon/commons-daemon/1.0.13/commons-daemon-1.0.13.jar:/home/user/.m2/repository/io/netty/netty/3.10.5.Final/netty-3.10.5.Final.jar:/home/user/.m2/repository/io/netty/netty-all/4.0.52.Final/netty-all-4.0.52.Final.jar:/home/user/.m2/repository/org/fusesource/leveldbjni/leveldbjni-all/1.8/leveldbjni-all-1.8.jar:/home/user/.m2/repository/org/apache/hadoop/hadoop-hdds-common/0.5.0-SNAPSHOT/hadoop-hdds-common-0.5.0-SNAPSHOT.jar:/home/user/.m2/repository/org/apache/hadoop/hadoop-hdds-config/0.5.0-SNAPSHOT/hadoop-hdds-config-0.5.0-SNAPSHOT.jar:/home/user/.m2/repository/javax/annotation/javax.annotation-api/1.2/javax.annotation-api-1.2.jar:/home/user/.m2/repository/org/apache/ratis/ratis-server/0.4.0/ratis-server-0.4.0.jar:/home/user/.m2/repository/org/apache/ratis/ratis-thirdparty-misc/0.2.0/ratis-thirdparty-misc-0.2.0.jar:/home/user/.m2/repository/org/apache/ratis/ratis-proto/0.4.0/ratis-proto-0.4.0.jar:/home/user/.m2/repository/org/apache/ratis/ratis-common/0.4.0/ratis-common-0.4.0.jar:/home/user/.m2/repository/org/apache/ratis/ratis-client/0.4.0/ratis-client-0.4.0.jar:/home/user/.m2/repository/org/apache/ratis/ratis-metrics/0.4.0/ratis-metrics-0.4.0.jar:/home/user/.m2/repository/com/github/joshelser/dropwizard-metrics-hadoop-metrics2-reporter/0.1.2/dropwizard-metrics-hadoop-metrics2-reporter-0.1.2.jar:/home/user/.m2/repository/io/dropwizard/metrics/metrics-jvm/3.2.5/metrics-jvm-3.2.5.jar:/home/user/.m2/repository/io/dropwizard/metrics/metrics-ganglia/3.2.5/metrics-ganglia-3.2.5.jar:/home/user/.m2/repository/info/ganglia/gmetric4j/gmetric4j/1.0.7/gmetric4j-1.0.7.jar:/home/user/.m2/repository/org/apache/ratis/ratis-netty/0.4.0/ratis-netty-0.4.0.jar:/home/user/.m2/repository/org/apache/ratis/ratis-grpc/0.4.0/ratis-grpc-0.4.0.jar:/home/user/.m2/repository/org/rocksdb/rocksdbjni/6.0.1/rocksdbjni-6.0.1.jar:/home/user/.m2/repository/org/apache/logging/log4j/log4j-api/2.11.0/log4j-api-2.11.0.jar:/home/user/.m2/repository/org/apache/logging/log4j/log4j-core/2.11.0/log4j-core-2.11.0.jar:/home/user/.m2/repository/com/lmax/disruptor/3.4.2/disruptor-3.4.2.jar:/home/user/.m2/repository/org/apache/commons/commons-pool2/2.6.0/commons-pool2-2.6.0.jar:/home/user/.m2/repository/org/bouncycastle/bcpkix-jdk15on/1.60/bcpkix-jdk15on-1.60.jar:/home/user/.m2/repository/commons-validator/commons-validator/1.6/commons-validator-1.6.jar:/home/user/.m2/repository/commons-digester/commons-digester/1.8.1/commons-digester-1.8.1.jar:/home/user/.m2/repository/io/jaegertracing/jaeger-client/0.34.0/jaeger-client-0.34.0.jar:/home/user/.m2/repository/io/jaegertracing/jaeger-thrift/0.34.0/jaeger-thrift-0.34.0.jar:/home/user/.m2/repository/org/apache/thrift/libthrift/0.12.0/libthrift-0.12.0.jar:/home/user/.m2/repository/com/squareup/okhttp3/okhttp/3.9.0/okhttp-3.9.0.jar:/home/user/.m2/repository/com/squareup/okio/okio/1.13.0/okio-1.13.0.jar:/home/user/.m2/repository/io/jaegertracing/jaeger-core/0.34.0/jaeger-core-0.34.0.jar:/home/user/.m2/repository/io/jaegertracing/jaeger-tracerresolver/0.34.0/jaeger-tracerresolver-0.34.0.jar:/home/user/.m2/repository/io/opentracing/contrib/opentracing-tracerresolver/0.1.5/opentracing-tracerresolver-0.1.5.jar:/home/user/.m2/repository/io/opentracing/opentracing-util/0.31.0/opentracing-util-0.31.0.jar:/home/user/.m2/repository/io/opentracing/opentracing-api/0.31.0/opentracing-api-0.31.0.jar:/home/user/.m2/repository/io/opentracing/opentracing-noop/0.31.0/opentracing-noop-0.31.0.jar:/home/user/.m2/repository/org/yaml/snakeyaml/1.16/snakeyaml-1.16.jar:/home/user/.m2/repository/org/apache/hadoop/hadoop-hdfs-client/3.2.0/hadoop-hdfs-client-3.2.0.jar:/home/user/.m2/repository/info/picocli/picocli/3.9.6/picocli-3.9.6.jar:/home/user/.m2/repository/org/apache/hadoop/hadoop-hdds-server-scm/0.5.0-SNAPSHOT/hadoop-hdds-server-scm-0.5.0-SNAPSHOT.jar:/home/user/.m2/repository/org/apache/hadoop/hadoop-hdds-docs/0.5.0-SNAPSHOT/hadoop-hdds-docs-0.5.0-SNAPSHOT.jar:/home/user/.m2/repository/io/dropwizard/metrics/metrics-core/3.2.4/metrics-core-3.2.4.jar:/home/user/.m2/repository/org/hamcrest/hamcrest-all/1.3/hamcrest-all-1.3.jar:/home/user/.m2/repository/org/bouncycastle/bcprov-jdk15on/1.60/bcprov-jdk15on-1.60.jar:/home/user/.m2/repository/org/apache/hadoop/hadoop-hdds-server-framework/0.5.0-SNAPSHOT/hadoop-hdds-server-framework-0.5.0-SNAPSHOT.jar:/home/user/.m2/repository/org/apache/hadoop/hadoop-ozone-ozone-manager/0.5.0-SNAPSHOT/hadoop-ozone-ozone-manager-0.5.0-SNAPSHOT.jar:/home/user/.m2/repository/org/apache/hadoop/hadoop-hdds-container-service/0.5.0-SNAPSHOT/hadoop-hdds-container-service-0.5.0-SNAPSHOT.jar:/home/user/.m2/repository/org/apache/hadoop/hadoop-hdds-client/0.5.0-SNAPSHOT/hadoop-hdds-client-0.5.0-SNAPSHOT.jar:/home/user/.m2/repository/org/apache/hadoop/hadoop-ozone-common/0.5.0-SNAPSHOT/hadoop-ozone-common-0.5.0-SNAPSHOT.jar:/home/user/.m2/repository/org/apache/hadoop/hadoop-hdds-tools/0.5.0-SNAPSHOT/hadoop-hdds-tools-0.5.0-SNAPSHOT.jar:/home/user/.m2/repository/org/xerial/sqlite-jdbc/3.25.2/sqlite-jdbc-3.25.2.jar:/home/user/.m2/repository/com/google/code/findbugs/findbugs/3.0.1/findbugs-3.0.1.jar:/home/user/.m2/repository/net/jcip/jcip-annotations/1.0/jcip-annotations-1.0.jar:/home/user/.m2/repository/com/google/code/findbugs/bcel-findbugs/6.0/bcel-findbugs-6.0.jar:/home/user/.m2/repository/com/google/code/findbugs/jFormatString/2.0.1/jFormatString-2.0.1.jar:/home/user/.m2/repository/dom4j/dom4j/1.6.1/dom4j-1.6.1.jar:/home/user/.m2/repository/xml-apis/xml-apis/1.0.b2/xml-apis-1.0.b2.jar:/home/user/.m2/repository/org/ow2/asm/asm-debug-all/5.0.2/asm-debug-all-5.0.2.jar:/home/user/.m2/repository/org/ow2/asm/asm-commons/5.0.2/asm-commons-5.0.2.jar:/home/user/.m2/repository/org/ow2/asm/asm-tree/5.0.2/asm-tree-5.0.2.jar:/home/user/.m2/repository/org/ow2/asm/asm/5.0.4/asm-5.0.4.jar:/home/user/.m2/repository/commons-lang/commons-lang/2.6/commons-lang-2.6.jar:/home/user/.m2/repository/com/apple/AppleJavaExtensions/1.4/AppleJavaExtensions-1.4.jar:/home/user/.m2/repository/jaxen/jaxen/1.1.6/jaxen-1.1.6.jar:/home/user/.m2/repository/org/apache/hadoop/hadoop-common/3.2.0/hadoop-common-3.2.0-tests.jar:/home/user/.m2/repository/org/apache/hadoop/hadoop-ozone-client/0.5.0-SNAPSHOT/hadoop-ozone-client-0.5.0-SNAPSHOT.jar:/home/user/.m2/repository/org/apache/hadoop/hadoop-hdfs/3.2.0/hadoop-hdfs-3.2.0-tests.jar:/workdir/hadoop-ozone/integration-test/target/test-classes:/home/user/.m2/repository/org/apache/hadoop/hadoop-ozone-s3gateway/0.5.0-SNAPSHOT/hadoop-ozone-s3gateway-0.5.0-SNAPSHOT.jar:/home/user/.m2/repository/org/jboss/weld/servlet/weld-servlet/2.4.7.Final/weld-servlet-2.4.7.Final.jar:/home/user/.m2/repository/org/glassfish/jersey/containers/jersey-container-servlet-core/2.27/jersey-container-servlet-core-2.27.jar:/home/user/.m2/repository/org/glassfish/hk2/external/javax.inject/2.5.0-b42/javax.inject-2.5.0-b42.jar:/home/user/.m2/repository/org/glassfish/jersey/core/jersey-common/2.27/jersey-common-2.27.jar:/home/user/.m2/repository/org/glassfish/hk2/osgi-resource-locator/1.0.1/osgi-resource-locator-1.0.1.jar:/home/user/.m2/repository/javax/ws/rs/javax.ws.rs-api/2.1/javax.ws.rs-api-2.1.jar:/home/user/.m2/repository/org/glassfish/jersey/ext/cdi/jersey-cdi1x/2.27/jersey-cdi1x-2.27.jar:/home/user/.m2/repository/org/glassfish/jersey/inject/jersey-hk2/2.27/jersey-hk2-2.27.jar:/home/user/.m2/repository/org/glassfish/hk2/hk2-locator/2.5.0-b42/hk2-locator-2.5.0-b42.jar:/home/user/.m2/repository/org/javassist/javassist/3.22.0-CR2/javassist-3.22.0-CR2.jar:/home/user/.m2/repository/org/glassfish/hk2/hk2-api/2.5.0/hk2-api-2.5.0.jar:/home/user/.m2/repository/org/glassfish/hk2/external/jakarta.inject/2.5.0/jakarta.inject-2.5.0.jar:/home/user/.m2/repository/org/glassfish/hk2/hk2-utils/2.5.0/hk2-utils-2.5.0.jar:/home/user/.m2/repository/jakarta/annotation/jakarta.annotation-api/1.3.4/jakarta.annotation-api-1.3.4.jar:/home/user/.m2/repository/org/glassfish/hk2/external/aopalliance-repackaged/2.5.0/aopalliance-repackaged-2.5.0.jar:/home/user/.m2/repository/com/fasterxml/jackson/dataformat/jackson-dataformat-xml/2.9.0/jackson-dataformat-xml-2.9.0.jar:/home/user/.m2/repository/com/fasterxml/jackson/module/jackson-module-jaxb-annotations/2.9.9/jackson-module-jaxb-annotations-2.9.9.jar:/home/user/.m2/repository/javax/enterprise/cdi-api/1.2/cdi-api-1.2.jar:/home/user/.m2/repository/javax/el/javax.el-api/3.0.0/javax.el-api-3.0.0.jar:/home/user/.m2/repository/javax/interceptor/javax.interceptor-api/1.2/javax.interceptor-api-1.2.jar:/home/user/.m2/repository/javax/inject/javax.inject/1/javax.inject-1.jar:/home/user/.m2/repository/com/sun/xml/bind/jaxb-core/2.3.0.1/jaxb-core-2.3.0.1.jar:/home/user/.m2/repository/javax/xml/bind/jaxb-api/2.3.0/jaxb-api-2.3.0.jar:/home/user/.m2/repository/javax/activation/activation/1.1.1/activation-1.1.1.jar:/home/user/.m2/repository/org/apache/hadoop/hadoop-ozone-csi/0.5.0-SNAPSHOT/hadoop-ozone-csi-0.5.0-SNAPSHOT.jar:/home/user/.m2/repository/com/google/protobuf/protobuf-java-util/3.5.1/protobuf-java-util-3.5.1.jar:/home/user/.m2/repository/io/grpc/grpc-netty/1.17.1/grpc-netty-1.17.1.jar:/home/user/.m2/repository/io/grpc/grpc-core/1.17.1/grpc-core-1.17.1.jar:/home/user/.m2/repository/io/grpc/grpc-context/1.17.1/grpc-context-1.17.1.jar:/home/user/.m2/repository/com/google/errorprone/error_prone_annotations/2.2.0/error_prone_annotations-2.2.0.jar:/home/user/.m2/repository/org/codehaus/mojo/animal-sniffer-annotations/1.17/animal-sniffer-annotations-1.17.jar:/home/user/.m2/repository/io/opencensus/opencensus-api/0.17.0/opencensus-api-0.17.0.jar:/home/user/.m2/repository/io/opencensus/opencensus-contrib-grpc-metrics/0.17.0/opencensus-contrib-grpc-metrics-0.17.0.jar:/home/user/.m2/repository/io/netty/netty-codec-http2/4.1.30.Final/netty-codec-http2-4.1.30.Final.jar:/home/user/.m2/repository/io/netty/netty-codec-http/4.1.30.Final/netty-codec-http-4.1.30.Final.jar:/home/user/.m2/repository/io/netty/netty-codec/4.1.30.Final/netty-codec-4.1.30.Final.jar:/home/user/.m2/repository/io/netty/netty-handler/4.1.30.Final/netty-handler-4.1.30.Final.jar:/home/user/.m2/repository/io/netty/netty-handler-proxy/4.1.30.Final/netty-handler-proxy-4.1.30.Final.jar:/home/user/.m2/repository/io/netty/netty-codec-socks/4.1.30.Final/netty-codec-socks-4.1.30.Final.jar:/home/user/.m2/repository/io/netty/netty-transport-native-epoll/4.1.30.Final/netty-transport-native-epoll-4.1.30.Final.jar:/home/user/.m2/repository/io/netty/netty-common/4.1.30.Final/netty-common-4.1.30.Final.jar:/home/user/.m2/repository/io/netty/netty-buffer/4.1.30.Final/netty-buffer-4.1.30.Final.jar:/home/user/.m2/repository/io/netty/netty-transport/4.1.30.Final/netty-transport-4.1.30.Final.jar:/home/user/.m2/repository/io/netty/netty-resolver/4.1.30.Final/netty-resolver-4.1.30.Final.jar:/home/user/.m2/repository/io/netty/netty-transport-native-unix-common/4.1.30.Final/netty-transport-native-unix-common-4.1.30.Final.jar:/home/user/.m2/repository/io/grpc/grpc-protobuf/1.17.1/grpc-protobuf-1.17.1.jar:/home/user/.m2/repository/com/google/api/grpc/proto-google-common-protos/1.0.0/proto-google-common-protos-1.0.0.jar:/home/user/.m2/repository/io/grpc/grpc-protobuf-lite/1.17.1/grpc-protobuf-lite-1.17.1.jar:/home/user/.m2/repository/io/grpc/grpc-stub/1.17.1/grpc-stub-1.17.1.jar:/home/user/.m2/repository/org/apache/hadoop/hadoop-ozone-recon/0.5.0-SNAPSHOT/hadoop-ozone-recon-0.5.0-SNAPSHOT.jar:/home/user/.m2/repository/org/apache/hadoop/hadoop-ozone-reconcodegen/0.5.0-SNAPSHOT/hadoop-ozone-reconcodegen-0.5.0-SNAPSHOT.jar:/home/user/.m2/repository/com/google/inject/extensions/guice-multibindings/4.0/guice-multibindings-4.0.jar:/home/user/.m2/repository/com/google/inject/guice/4.0/guice-4.0.jar:/home/user/.m2/repository/aopalliance/aopalliance/1.0/aopalliance-1.0.jar:/home/user/.m2/repository/org/glassfish/jersey/containers/jersey-container-servlet/2.27/jersey-container-servlet-2.27.jar:/home/user/.m2/repository/org/glassfish/hk2/guice-bridge/2.5.0/guice-bridge-2.5.0.jar:/home/user/.m2/repository/org/glassfish/jersey/core/jersey-server/2.27/jersey-server-2.27.jar:/home/user/.m2/repository/org/glassfish/jersey/core/jersey-client/2.27/jersey-client-2.27.jar:/home/user/.m2/repository/org/glassfish/jersey/media/jersey-media-jaxb/2.27/jersey-media-jaxb-2.27.jar:/home/user/.m2/repository/javax/validation/validation-api/1.1.0.Final/validation-api-1.1.0.Final.jar:/home/user/.m2/repository/org/glassfish/jersey/media/jersey-media-json-jackson/2.27/jersey-media-json-jackson-2.27.jar:/home/user/.m2/repository/org/glassfish/jersey/ext/jersey-entity-filtering/2.27/jersey-entity-filtering-2.27.jar:/home/user/.m2/repository/com/google/inject/extensions/guice-assistedinject/4.0/guice-assistedinject-4.0.jar:/home/user/.m2/repository/org/jooq/jooq/3.11.10/jooq-3.11.10.jar:/home/user/.m2/repository/org/jooq/jooq-meta/3.11.10/jooq-meta-3.11.10.jar:/home/user/.m2/repository/org/jooq/jooq-codegen/3.11.10/jooq-codegen-3.11.10.jar:/home/user/.m2/repository/com/jolbox/bonecp/0.8.0.RELEASE/bonecp-0.8.0.RELEASE.jar:/home/user/.m2/repository/org/springframework/spring-jdbc/5.1.3.RELEASE/spring-jdbc-5.1.3.RELEASE.jar:/home/user/.m2/repository/org/springframework/spring-beans/5.1.3.RELEASE/spring-beans-5.1.3.RELEASE.jar:/home/user/.m2/repository/org/springframework/spring-core/5.1.3.RELEASE/spring-core-5.1.3.RELEASE.jar:/home/user/.m2/repository/org/springframework/spring-jcl/5.1.3.RELEASE/spring-jcl-5.1.3.RELEASE.jar:/home/user/.m2/repository/org/springframework/spring-tx/5.1.3.RELEASE/spring-tx-5.1.3.RELEASE.jar:/home/user/.m2/repository/org/mockito/mockito-all/1.10.19/mockito-all-1.10.19.jar:/home/user/.m2/repository/junit/junit/4.11/junit-4.11.jar:/home/user/.m2/repository/org/hamcrest/hamcrest-core/1.3/hamcrest-core-1.3.jar:/home/user/.m2/repository/org/apache/hadoop/hadoop-distcp/3.2.0/hadoop-distcp-3.2.0.jar:/home/user/.m2/repository/org/apache/hadoop/hadoop-distcp/3.2.0/hadoop-distcp-3.2.0-tests.jar:/home/user/.m2/repository/org/apache/hadoop/hadoop-mapreduce-client-jobclient/3.2.0/hadoop-mapreduce-client-jobclient-3.2.0.jar:/home/user/.m2/repository/org/apache/hadoop/hadoop-mapreduce-client-common/3.2.0/hadoop-mapreduce-client-common-3.2.0.jar:/home/user/.m2/repository/org/apache/hadoop/hadoop-yarn-common/3.2.0/hadoop-yarn-common-3.2.0.jar:/home/user/.m2/repository/org/apache/hadoop/hadoop-yarn-api/3.2.0/hadoop-yarn-api-3.2.0.jar:/home/user/.m2/repository/com/sun/jersey/jersey-client/1.19/jersey-client-1.19.jar:/home/user/.m2/repository/com/sun/jersey/contribs/jersey-guice/1.19/jersey-guice-1.19.jar:/home/user/.m2/repository/com/fasterxml/jackson/jaxrs/jackson-jaxrs-json-provider/2.9.9/jackson-jaxrs-json-provider-2.9.9.jar:/home/user/.m2/repository/com/fasterxml/jackson/jaxrs/jackson-jaxrs-base/2.9.9/jackson-jaxrs-base-2.9.9.jar:/home/user/.m2/repository/org/apache/hadoop/hadoop-yarn-client/3.2.0/hadoop-yarn-client-3.2.0.jar:/home/user/.m2/repository/org/apache/hadoop/hadoop-mapreduce-client-core/3.2.0/hadoop-mapreduce-client-core-3.2.0.jar:/home/user/.m2/repository/com/google/inject/extensions/guice-servlet/4.0/guice-servlet-4.0.jar:/home/user/.m2/repository/org/powermock/powermock-module-junit4/1.6.5/powermock-module-junit4-1.6.5.jar:/home/user/.m2/repository/org/powermock/powermock-module-junit4-common/1.6.5/powermock-module-junit4-common-1.6.5.jar:/home/user/.m2/repository/org/powermock/powermock-core/1.6.5/powermock-core-1.6.5.jar:/home/user/.m2/repository/org/powermock/powermock-reflect/1.6.5/powermock-reflect-1.6.5.jar:/home/user/.m2/repository/org/powermock/powermock-api-mockito/1.6.5/powermock-api-mockito-1.6.5.jar:/home/user/.m2/repository/org/mockito/mockito-core/1.10.19/mockito-core-1.10.19.jar:/home/user/.m2/repository/org/objenesis/objenesis/1.0/objenesis-1.0.jar:/home/user/.m2/repository/org/powermock/powermock-api-mockito-common/1.6.5/powermock-api-mockito-common-1.6.5.jar:/home/user/.m2/repository/org/powermock/powermock-api-support/1.6.5/powermock-api-support-1.6.5.jar:"/>
    <property name="sun.cpu.endian" value="little"/>
    <property name="user.home" value="/home/user"/>
    <property name="user.language" value="en"/>
    <property name="java.specification.vendor" value="Oracle Corporation"/>
    <property name="java.home" value="/usr/lib/jvm/java-1.8-openjdk/jre"/>
    <property name="java.security.krb5.conf" value="/workdir/hadoop-ozone/ozonefs/target/test-classes/krb5.conf"/>
    <property name="basedir" value="/workdir/hadoop-ozone/ozonefs"/>
    <property name="file.separator" value="/"/>
    <property name="line.separator" value="&#10;"/>
    <property name="java.vm.specification.vendor" value="Oracle Corporation"/>
    <property name="java.specification.name" value="Java Platform API Specification"/>
    <property name="java.awt.graphicsenv" value="sun.awt.X11GraphicsEnvironment"/>
    <property name="surefire.real.class.path" value="/workdir/hadoop-ozone/ozonefs/target/surefire/surefirebooter1513969261716935818.jar"/>
    <property name="hadoop.log.dir" value="/workdir/hadoop-ozone/ozonefs/target/log"/>
    <property name="sun.boot.class.path" value="/usr/lib/jvm/java-1.8-openjdk/jre/lib/resources.jar:/usr/lib/jvm/java-1.8-openjdk/jre/lib/rt.jar:/usr/lib/jvm/java-1.8-openjdk/jre/lib/sunrsasign.jar:/usr/lib/jvm/java-1.8-openjdk/jre/lib/jsse.jar:/usr/lib/jvm/java-1.8-openjdk/jre/lib/jce.jar:/usr/lib/jvm/java-1.8-openjdk/jre/lib/charsets.jar:/usr/lib/jvm/java-1.8-openjdk/jre/lib/jfr.jar:/usr/lib/jvm/java-1.8-openjdk/jre/classes"/>
    <property name="sun.management.compiler" value="HotSpot 64-Bit Tiered Compilers"/>
    <property name="java.runtime.version" value="1.8.0_212-b04"/>
    <property name="java.net.preferIPv4Stack" value="true"/>
    <property name="user.name" value="jenkins1000"/>
    <property name="path.separator" value=":"/>
    <property name="java.security.egd" value="file:///dev/urandom"/>
    <property name="os.version" value="3.10.0-957.12.2.el7.x86_64"/>
    <property name="java.endorsed.dirs" value="/usr/lib/jvm/java-1.8-openjdk/jre/lib/endorsed"/>
    <property name="java.runtime.name" value="OpenJDK Runtime Environment"/>
    <property name="file.encoding" value="UTF-8"/>
    <property name="java.vm.name" value="OpenJDK 64-Bit Server VM"/>
    <property name="test.build.webapps" value=""/>
    <property name="localRepository" value="/home/user/.m2/repository"/>
    <property name="java.vendor.url.bug" value="https://icedtea.classpath.org/bugzilla"/>
    <property name="java.io.tmpdir" value="/tmp"/>
    <property name="require.test.libhadoop" value=""/>
    <property name="java.version" value="1.8.0_212"/>
    <property name="user.dir" value="/workdir/hadoop-ozone/ozonefs"/>
    <property name="os.arch" value="amd64"/>
    <property name="java.vm.specification.name" value="Java Virtual Machine Specification"/>
    <property name="test.build.classes" value="/workdir/hadoop-ozone/ozonefs/target/test-classes"/>
    <property name="java.awt.printerjob" value="sun.print.PSPrinterJob"/>
    <property name="sun.os.patch.level" value="unknown"/>
    <property name="hadoop.tmp.dir" value="/workdir/hadoop-ozone/ozonefs/target/tmp"/>
    <property name="java.library.path" value="/usr/lib/jvm/java-1.8-openjdk/jre/lib/amd64/server:/usr/lib/jvm/java-1.8-openjdk/jre/lib/amd64:/usr/lib/jvm/java-1.8-openjdk/jre/../lib/amd64:/workdir/hadoop-ozone/ozonefs/target/native/target/usr/local/lib:/workdir/hadoop-ozone/ozonefs/../../hadoop-common-project/hadoop-common/target/native/target/usr/local/lib:/usr/java/packages/lib/amd64:/usr/lib64:/lib64:/lib:/usr/lib"/>
    <property name="java.vm.info" value="mixed mode"/>
    <property name="java.vendor" value="IcedTea"/>
    <property name="java.vm.version" value="25.212-b04"/>
    <property name="java.ext.dirs" value="/usr/lib/jvm/java-1.8-openjdk/jre/lib/ext:/usr/java/packages/lib/ext"/>
    <property name="sun.io.unicode.encoding" value="UnicodeLittle"/>
    <property name="java.class.version" value="52.0"/>
  </properties>
  <testcase name="testOzoneManagerFileSystemInterface[0]" classname="org.apache.hadoop.fs.ozone.TestOzoneFileInterfaces" time="22.494"/>
  <testcase name="testListStatus[0]" classname="org.apache.hadoop.fs.ozone.TestOzoneFileInterfaces" time="17.049"/>
  <testcase name="testDirectory[0]" classname="org.apache.hadoop.fs.ozone.TestOzoneFileInterfaces" time="16.806"/>
  <testcase name="testPathToKey[0]" classname="org.apache.hadoop.fs.ozone.TestOzoneFileInterfaces" time="17.284"/>
  <testcase name="testFileSystemInit[0]" classname="org.apache.hadoop.fs.ozone.TestOzoneFileInterfaces" time="16.883"/>
  <testcase name="testOzFsReadWrite[0]" classname="org.apache.hadoop.fs.ozone.TestOzoneFileInterfaces" time="20.091">
    <error message="Allocated 0 blocks. Requested 1 blocks" type="INTERNAL_ERROR org.apache.hadoop.ozone.om.exceptions.OMException">INTERNAL_ERROR org.apache.hadoop.ozone.om.exceptions.OMException: Allocated 0 blocks. Requested 1 blocks
	at org.apache.hadoop.ozone.om.protocolPB.OzoneManagerProtocolClientSideTranslatorPB.handleError(OzoneManagerProtocolClientSideTranslatorPB.java:732)
	at org.apache.hadoop.ozone.om.protocolPB.OzoneManagerProtocolClientSideTranslatorPB.createFile(OzoneManagerProtocolClientSideTranslatorPB.java:1536)
	at sun.reflect.NativeMethodAccessorImpl.invoke0(Native Method)
	at sun.reflect.NativeMethodAccessorImpl.invoke(NativeMethodAccessorImpl.java:62)
	at sun.reflect.DelegatingMethodAccessorImpl.invoke(DelegatingMethodAccessorImpl.java:43)
	at java.lang.reflect.Method.invoke(Method.java:498)
	at org.apache.hadoop.hdds.tracing.TraceAllMethod.invoke(TraceAllMethod.java:66)
	at com.sun.proxy.$Proxy39.createFile(Unknown Source)
	at org.apache.hadoop.ozone.client.rpc.RpcClient.createFile(RpcClient.java:1006)
	at org.apache.hadoop.ozone.client.OzoneBucket.createFile(OzoneBucket.java:537)
	at org.apache.hadoop.fs.ozone.BasicOzoneClientAdapterImpl.createFile(BasicOzoneClientAdapterImpl.java:205)
	at org.apache.hadoop.fs.ozone.BasicOzoneFileSystem.createOutputStream(BasicOzoneFileSystem.java:250)
	at org.apache.hadoop.fs.ozone.BasicOzoneFileSystem.create(BasicOzoneFileSystem.java:231)
	at org.apache.hadoop.fs.FileSystem.create(FileSystem.java:1118)
	at org.apache.hadoop.fs.FileSystem.create(FileSystem.java:1098)
	at org.apache.hadoop.fs.FileSystem.create(FileSystem.java:987)
	at org.apache.hadoop.fs.FileSystem.create(FileSystem.java:975)
	at org.apache.hadoop.fs.ozone.TestOzoneFileInterfaces.testOzFsReadWrite(TestOzoneFileInterfaces.java:169)
	at sun.reflect.NativeMethodAccessorImpl.invoke0(Native Method)
	at sun.reflect.NativeMethodAccessorImpl.invoke(NativeMethodAccessorImpl.java:62)
	at sun.reflect.DelegatingMethodAccessorImpl.invoke(DelegatingMethodAccessorImpl.java:43)
	at java.lang.reflect.Method.invoke(Method.java:498)
	at org.junit.runners.model.FrameworkMethod$1.runReflectiveCall(FrameworkMethod.java:47)
	at org.junit.internal.runners.model.ReflectiveCallable.run(ReflectiveCallable.java:12)
	at org.junit.runners.model.FrameworkMethod.invokeExplosively(FrameworkMethod.java:44)
	at org.junit.internal.runners.statements.InvokeMethod.evaluate(InvokeMethod.java:17)
	at org.junit.internal.runners.statements.RunBefores.evaluate(RunBefores.java:26)
	at org.junit.internal.runners.statements.RunAfters.evaluate(RunAfters.java:27)
	at org.junit.runners.ParentRunner.runLeaf(ParentRunner.java:271)
	at org.junit.runners.BlockJUnit4ClassRunner.runChild(BlockJUnit4ClassRunner.java:70)
	at org.junit.runners.BlockJUnit4ClassRunner.runChild(BlockJUnit4ClassRunner.java:50)
	at org.junit.runners.ParentRunner$3.run(ParentRunner.java:238)
	at org.junit.runners.ParentRunner$1.schedule(ParentRunner.java:63)
	at org.junit.runners.ParentRunner.runChildren(ParentRunner.java:236)
	at org.junit.runners.ParentRunner.access$000(ParentRunner.java:53)
	at org.junit.runners.ParentRunner$2.evaluate(ParentRunner.java:229)
	at org.junit.runners.ParentRunner.run(ParentRunner.java:309)
	at org.junit.runners.Suite.runChild(Suite.java:127)
	at org.junit.runners.Suite.runChild(Suite.java:26)
	at org.junit.runners.ParentRunner$3.run(ParentRunner.java:238)
	at org.junit.runners.ParentRunner$1.schedule(ParentRunner.java:63)
	at org.junit.runners.ParentRunner.runChildren(ParentRunner.java:236)
	at org.junit.runners.ParentRunner.access$000(ParentRunner.java:53)
	at org.junit.runners.ParentRunner$2.evaluate(ParentRunner.java:229)
	at org.junit.runners.ParentRunner.run(ParentRunner.java:309)
	at org.apache.maven.surefire.junit4.JUnit4Provider.execute(JUnit4Provider.java:365)
	at org.apache.maven.surefire.junit4.JUnit4Provider.executeWithRerun(JUnit4Provider.java:273)
	at org.apache.maven.surefire.junit4.JUnit4Provider.executeTestSet(JUnit4Provider.java:238)
	at org.apache.maven.surefire.junit4.JUnit4Provider.invoke(JUnit4Provider.java:159)
	at org.apache.maven.surefire.booter.ForkedBooter.invokeProviderInSameClassLoader(ForkedBooter.java:384)
	at org.apache.maven.surefire.booter.ForkedBooter.runSuitesInProcess(ForkedBooter.java:345)
	at org.apache.maven.surefire.booter.ForkedBooter.execute(ForkedBooter.java:126)
	at org.apache.maven.surefire.booter.ForkedBooter.main(ForkedBooter.java:418)
</error>
    <system-out><![CDATA[2019-09-25 05:42:30,125 [main] WARN  server.ServerUtils (ServerUtils.java:getScmDbDir(145)) - ozone.scm.db.dirs is not configured. We recommend adding this setting. Falling back to ozone.metadata.dirs instead.
2019-09-25 05:42:30,140 [main] WARN  server.ServerUtils (ServerUtils.java:getScmDbDir(145)) - ozone.scm.db.dirs is not configured. We recommend adding this setting. Falling back to ozone.metadata.dirs instead.
2019-09-25 05:42:30,140 [main] WARN  server.ServerUtils (ServerUtils.java:getScmDbDir(145)) - ozone.scm.db.dirs is not configured. We recommend adding this setting. Falling back to ozone.metadata.dirs instead.
2019-09-25 05:42:30,140 [main] INFO  db.DBStoreBuilder (DBStoreBuilder.java:addTable(110)) - using custom profile for table: deletedBlocks
2019-09-25 05:42:30,141 [main] INFO  db.DBStoreBuilder (DBStoreBuilder.java:processTables(161)) - Using default column profile:DBProfile.DISK for Table:deletedBlocks
2019-09-25 05:42:30,141 [main] INFO  db.DBStoreBuilder (DBStoreBuilder.java:addTable(110)) - using custom profile for table: validCerts
2019-09-25 05:42:30,141 [main] INFO  db.DBStoreBuilder (DBStoreBuilder.java:processTables(161)) - Using default column profile:DBProfile.DISK for Table:validCerts
2019-09-25 05:42:30,141 [main] INFO  db.DBStoreBuilder (DBStoreBuilder.java:addTable(110)) - using custom profile for table: revokedCerts
2019-09-25 05:42:30,142 [main] INFO  db.DBStoreBuilder (DBStoreBuilder.java:processTables(161)) - Using default column profile:DBProfile.DISK for Table:revokedCerts
2019-09-25 05:42:30,142 [main] INFO  db.DBStoreBuilder (DBStoreBuilder.java:addTable(110)) - using custom profile for table: default
2019-09-25 05:42:30,142 [main] INFO  db.DBStoreBuilder (DBStoreBuilder.java:processTables(167)) - Using default column profile:DBProfile.DISK for Table:default
2019-09-25 05:42:30,142 [main] INFO  db.DBStoreBuilder (DBStoreBuilder.java:getDbProfile(198)) - Using default options. DBProfile.DISK
2019-09-25 05:42:30,355 [main] INFO  net.NodeSchemaLoader (NodeSchemaLoader.java:loadSchemaFromFile(125)) - Loading file from sun.misc.CompoundEnumeration@3e856100
2019-09-25 05:42:30,356 [main] INFO  net.NodeSchemaLoader (NodeSchemaLoader.java:loadSchema(171)) - Loading network topology layer schema file
2019-09-25 05:42:30,363 [main] WARN  server.ServerUtils (ServerUtils.java:sanitizeUserArgs(70)) - ozone.scm.stale.node.interval value = 300000 is larger than max = 100000 based on the key value of ozone.scm.heartbeat.thread.interval, reset to the max value 100000.
2019-09-25 05:42:30,364 [main] WARN  server.ServerUtils (ServerUtils.java:sanitizeUserArgs(70)) - ozone.scm.stale.node.interval value = 300000 is larger than max = 100000 based on the key value of ozone.scm.heartbeat.thread.interval, reset to the max value 100000.
2019-09-25 05:42:30,364 [main] INFO  node.SCMNodeManager (SCMNodeManager.java:<init>(114)) - Entering startup safe mode.
2019-09-25 05:42:30,365 [main] INFO  algorithms.ContainerPlacementPolicyFactory (ContainerPlacementPolicyFactory.java:getPolicy(60)) - Create container placement policy of type org.apache.hadoop.hdds.scm.container.placement.algorithms.SCMContainerPlacementRandom
2019-09-25 05:42:30,366 [main] WARN  server.ServerUtils (ServerUtils.java:getScmDbDir(145)) - ozone.scm.db.dirs is not configured. We recommend adding this setting. Falling back to ozone.metadata.dirs instead.
2019-09-25 05:42:30,400 [main] INFO  pipeline.SCMPipelineManager (SCMPipelineManager.java:initializePipelineState(132)) - No pipeline exists in current db
2019-09-25 05:42:30,401 [main] WARN  server.ServerUtils (ServerUtils.java:getScmDbDir(145)) - ozone.scm.db.dirs is not configured. We recommend adding this setting. Falling back to ozone.metadata.dirs instead.
2019-09-25 05:42:30,445 [main] WARN  events.EventQueue (EventQueue.java:fireEvent(183)) - No event handler registered for event TypedEvent{payloadType=SafeModeStatus, name='SafeModeStatus'}
2019-09-25 05:42:30,446 [main] INFO  ipc.CallQueueManager (CallQueueManager.java:<init>(84)) - Using callQueue: class java.util.concurrent.LinkedBlockingQueue, queueCapacity: 2000, scheduler: class org.apache.hadoop.ipc.DefaultRpcScheduler, ipcBackoff: false.
2019-09-25 05:42:30,447 [Socket Reader #1 for port 43232] INFO  ipc.Server (Server.java:run(1074)) - Starting Socket Reader #1 for port 43232
2019-09-25 05:42:30,451 [main] INFO  ipc.CallQueueManager (CallQueueManager.java:<init>(84)) - Using callQueue: class java.util.concurrent.LinkedBlockingQueue, queueCapacity: 2000, scheduler: class org.apache.hadoop.ipc.DefaultRpcScheduler, ipcBackoff: false.
2019-09-25 05:42:30,452 [Socket Reader #1 for port 42031] INFO  ipc.Server (Server.java:run(1074)) - Starting Socket Reader #1 for port 42031
2019-09-25 05:42:30,454 [main] INFO  ipc.CallQueueManager (CallQueueManager.java:<init>(84)) - Using callQueue: class java.util.concurrent.LinkedBlockingQueue, queueCapacity: 2000, scheduler: class org.apache.hadoop.ipc.DefaultRpcScheduler, ipcBackoff: false.
2019-09-25 05:42:30,455 [Socket Reader #1 for port 39094] INFO  ipc.Server (Server.java:run(1074)) - Starting Socket Reader #1 for port 39094
2019-09-25 05:42:30,464 [main] INFO  hdfs.DFSUtil (DFSUtil.java:httpServerTemplateForNNAndJN(1641)) - Starting Web-server for scm at: http://0.0.0.0:0
2019-09-25 05:42:30,468 [main] INFO  server.AuthenticationFilter (AuthenticationFilter.java:constructSecretProvider(240)) - Unable to initialize FileSignerSecretProvider, falling back to use random secrets.
2019-09-25 05:42:30,469 [main] WARN  http.HttpRequestLog (HttpRequestLog.java:getRequestLog(97)) - Jetty request log can only be enabled using Log4j
2019-09-25 05:42:30,472 [main] INFO  http.HttpServer2 (HttpServer2.java:addGlobalFilter(975)) - Added global filter 'safety' (class=org.apache.hadoop.http.HttpServer2$QuotingInputFilter)
2019-09-25 05:42:30,473 [main] INFO  http.HttpServer2 (HttpServer2.java:addFilter(948)) - Added filter static_user_filter (class=org.apache.hadoop.http.lib.StaticUserWebFilter$StaticUserFilter) to context scm
2019-09-25 05:42:30,473 [main] INFO  http.HttpServer2 (HttpServer2.java:addFilter(958)) - Added filter static_user_filter (class=org.apache.hadoop.http.lib.StaticUserWebFilter$StaticUserFilter) to context static
2019-09-25 05:42:30,474 [main] INFO  http.HttpServer2 (HttpServer2.java:addFilter(958)) - Added filter static_user_filter (class=org.apache.hadoop.http.lib.StaticUserWebFilter$StaticUserFilter) to context logs
2019-09-25 05:42:30,476 [main] INFO  server.StorageContainerManager (StorageContainerManager.java:start(770)) - StorageContainerLocationProtocol RPC server is listening at /0.0.0.0:39094
2019-09-25 05:42:30,480 [main] WARN  impl.MetricsConfig (MetricsConfig.java:loadFirst(134)) - Cannot locate configuration: tried hadoop-metrics2-storagecontainermanager.properties,hadoop-metrics2.properties
2019-09-25 05:42:30,481 [main] INFO  impl.MetricsSystemImpl (MetricsSystemImpl.java:startTimer(374)) - Scheduled Metric snapshot period at 10 second(s).
2019-09-25 05:42:30,481 [main] INFO  impl.MetricsSystemImpl (MetricsSystemImpl.java:start(191)) - StorageContainerManager metrics system started
2019-09-25 05:42:30,563 [main] WARN  impl.MetricsSystemImpl (MetricsSystemImpl.java:register(276)) - Sink prometheus already exists!
2019-09-25 05:42:30,621 [main] INFO  server.SCMClientProtocolServer (SCMClientProtocolServer.java:start(151)) - RPC server for Client  is listening at /0.0.0.0:39094
2019-09-25 05:42:30,622 [IPC Server Responder] INFO  ipc.Server (Server.java:run(1314)) - IPC Server Responder: starting
2019-09-25 05:42:30,622 [IPC Server listener on 39094] INFO  ipc.Server (Server.java:run(1153)) - IPC Server listener on 39094: starting
2019-09-25 05:42:30,627 [main] INFO  server.StorageContainerManager (StorageContainerManager.java:start(780)) - ScmBlockLocationProtocol RPC server is listening at /0.0.0.0:42031
2019-09-25 05:42:30,628 [main] INFO  server.SCMBlockProtocolServer (SCMBlockProtocolServer.java:start(146)) - RPC server for Block Protocol is listening at /0.0.0.0:42031
2019-09-25 05:42:30,628 [IPC Server Responder] INFO  ipc.Server (Server.java:run(1314)) - IPC Server Responder: starting
2019-09-25 05:42:30,628 [IPC Server listener on 42031] INFO  ipc.Server (Server.java:run(1153)) - IPC Server listener on 42031: starting
2019-09-25 05:42:30,634 [main] INFO  server.StorageContainerManager (StorageContainerManager.java:start(784)) - ScmDatanodeProtocl RPC server is listening at /0.0.0.0:43232
2019-09-25 05:42:30,634 [main] INFO  server.SCMDatanodeProtocolServer (SCMDatanodeProtocolServer.java:start(191)) - RPC server for DataNodes is listening at /0.0.0.0:43232
2019-09-25 05:42:30,635 [IPC Server Responder] INFO  ipc.Server (Server.java:run(1314)) - IPC Server Responder: starting
2019-09-25 05:42:30,635 [IPC Server listener on 43232] INFO  ipc.Server (Server.java:run(1153)) - IPC Server listener on 43232: starting
2019-09-25 05:42:30,647 [main] INFO  http.HttpServer2 (HttpServer2.java:bindListener(1191)) - Jetty bound to port 38315
2019-09-25 05:42:30,647 [main] INFO  server.Server (Server.java:doStart(351)) - jetty-9.3.25.v20180904, build timestamp: 2018-09-04T21:11:46Z, git hash: 3ce520221d0240229c862b122d2b06c12a625732
2019-09-25 05:42:30,649 [main] INFO  handler.ContextHandler (ContextHandler.java:doStart(781)) - Started o.e.j.s.ServletContextHandler@2aa14ae6{/logs,file:///workdir/hadoop-ozone/ozonefs/target/log,AVAILABLE}
2019-09-25 05:42:30,650 [main] INFO  handler.ContextHandler (ContextHandler.java:doStart(781)) - Started o.e.j.s.ServletContextHandler@4168f3d9{/static,jar:file:/home/user/.m2/repository/org/apache/hadoop/hadoop-hdds-server-scm/0.5.0-SNAPSHOT/hadoop-hdds-server-scm-0.5.0-SNAPSHOT.jar!/webapps/static,AVAILABLE}
2019-09-25 05:42:30,689 [main] INFO  handler.ContextHandler (ContextHandler.java:doStart(781)) - Started o.e.j.w.WebAppContext@3e5beab5{/,file:///tmp/jetty-0.0.0.0-38315-scm-_-any-3170186376295451238.dir/webapp/,AVAILABLE}{/scm}
2019-09-25 05:42:30,690 [main] INFO  server.AbstractConnector (AbstractConnector.java:doStart(278)) - Started ServerConnector@7c588adc{HTTP/1.1,[http/1.1]}{0.0.0.0:38315}
2019-09-25 05:42:30,691 [main] INFO  server.Server (Server.java:doStart(419)) - Started @91579ms
2019-09-25 05:42:30,691 [main] WARN  impl.MetricsSystemImpl (MetricsSystemImpl.java:register(276)) - Sink prometheus already exists!
2019-09-25 05:42:30,692 [main] INFO  server.BaseHttpServer (BaseHttpServer.java:updateConnectorAddress(215)) - HTTP server of SCM is listening at http://0.0.0.0:38315
2019-09-25 05:42:30,693 [main] WARN  server.ServerUtils (ServerUtils.java:getDBPath(222)) - ozone.om.db.dirs is not configured. We recommend adding this setting. Falling back to ozone.metadata.dirs instead.
2019-09-25 05:42:30,693 [org.apache.hadoop.util.JvmPauseMonitor$Monitor@5968800d] INFO  util.JvmPauseMonitor (JvmPauseMonitor.java:run(188)) - Starting JVM pause monitor
2019-09-25 05:42:30,706 [main] WARN  server.ServerUtils (ServerUtils.java:getDBPath(222)) - ozone.om.db.dirs is not configured. We recommend adding this setting. Falling back to ozone.metadata.dirs instead.
2019-09-25 05:42:30,707 [main] WARN  server.ServerUtils (ServerUtils.java:getDBPath(222)) - ozone.om.db.dirs is not configured. We recommend adding this setting. Falling back to ozone.metadata.dirs instead.
2019-09-25 05:42:30,707 [main] INFO  om.OzoneManager (OzoneManager.java:setOMNodeDetails(652)) - OM Service ID is not set. Setting it to the default ID: omServiceIdDefault
2019-09-25 05:42:30,707 [main] INFO  om.OzoneManager (OzoneManager.java:setOMNodeDetails(658)) - OM Node ID is not set. Setting it to the OmStorage's OmID: 6c375f2a-311e-4b13-906b-673696f4a5f3
2019-09-25 05:42:30,707 [main] INFO  om.OzoneManager (OzoneManager.java:loadOMHAConfigs(609)) - Found matching OM address with OMServiceId: null, OMNodeId: null, RPC Address: localhost:0 and Ratis port: 9872
2019-09-25 05:42:30,719 [main] WARN  server.ServerUtils (ServerUtils.java:getDBPath(222)) - ozone.om.db.dirs is not configured. We recommend adding this setting. Falling back to ozone.metadata.dirs instead.
2019-09-25 05:42:30,720 [main] INFO  db.DBStoreBuilder (DBStoreBuilder.java:addTable(110)) - using custom profile for table: userTable
2019-09-25 05:42:30,720 [main] INFO  db.DBStoreBuilder (DBStoreBuilder.java:processTables(161)) - Using default column profile:DBProfile.DISK for Table:userTable
2019-09-25 05:42:30,720 [main] INFO  db.DBStoreBuilder (DBStoreBuilder.java:addTable(110)) - using custom profile for table: volumeTable
2019-09-25 05:42:30,720 [main] INFO  db.DBStoreBuilder (DBStoreBuilder.java:processTables(161)) - Using default column profile:DBProfile.DISK for Table:volumeTable
2019-09-25 05:42:30,720 [main] INFO  db.DBStoreBuilder (DBStoreBuilder.java:addTable(110)) - using custom profile for table: bucketTable
2019-09-25 05:42:30,721 [main] INFO  db.DBStoreBuilder (DBStoreBuilder.java:processTables(161)) - Using default column profile:DBProfile.DISK for Table:bucketTable
2019-09-25 05:42:30,721 [main] INFO  db.DBStoreBuilder (DBStoreBuilder.java:addTable(110)) - using custom profile for table: keyTable
2019-09-25 05:42:30,721 [main] INFO  db.DBStoreBuilder (DBStoreBuilder.java:processTables(161)) - Using default column profile:DBProfile.DISK for Table:keyTable
2019-09-25 05:42:30,721 [main] INFO  db.DBStoreBuilder (DBStoreBuilder.java:addTable(110)) - using custom profile for table: deletedTable
2019-09-25 05:42:30,721 [main] INFO  db.DBStoreBuilder (DBStoreBuilder.java:processTables(161)) - Using default column profile:DBProfile.DISK for Table:deletedTable
2019-09-25 05:42:30,721 [main] INFO  db.DBStoreBuilder (DBStoreBuilder.java:addTable(110)) - using custom profile for table: openKeyTable
2019-09-25 05:42:30,722 [main] INFO  db.DBStoreBuilder (DBStoreBuilder.java:processTables(161)) - Using default column profile:DBProfile.DISK for Table:openKeyTable
2019-09-25 05:42:30,722 [main] INFO  db.DBStoreBuilder (DBStoreBuilder.java:addTable(110)) - using custom profile for table: s3Table
2019-09-25 05:42:30,722 [main] INFO  db.DBStoreBuilder (DBStoreBuilder.java:processTables(161)) - Using default column profile:DBProfile.DISK for Table:s3Table
2019-09-25 05:42:30,722 [main] INFO  db.DBStoreBuilder (DBStoreBuilder.java:addTable(110)) - using custom profile for table: multipartInfoTable
2019-09-25 05:42:30,722 [main] INFO  db.DBStoreBuilder (DBStoreBuilder.java:processTables(161)) - Using default column profile:DBProfile.DISK for Table:multipartInfoTable
2019-09-25 05:42:30,723 [main] INFO  db.DBStoreBuilder (DBStoreBuilder.java:addTable(110)) - using custom profile for table: dTokenTable
2019-09-25 05:42:30,723 [main] INFO  db.DBStoreBuilder (DBStoreBuilder.java:processTables(161)) - Using default column profile:DBProfile.DISK for Table:dTokenTable
2019-09-25 05:42:30,723 [main] INFO  db.DBStoreBuilder (DBStoreBuilder.java:addTable(110)) - using custom profile for table: s3SecretTable
2019-09-25 05:42:30,723 [main] INFO  db.DBStoreBuilder (DBStoreBuilder.java:processTables(161)) - Using default column profile:DBProfile.DISK for Table:s3SecretTable
2019-09-25 05:42:30,723 [main] INFO  db.DBStoreBuilder (DBStoreBuilder.java:addTable(110)) - using custom profile for table: prefixTable
2019-09-25 05:42:30,723 [main] INFO  db.DBStoreBuilder (DBStoreBuilder.java:processTables(161)) - Using default column profile:DBProfile.DISK for Table:prefixTable
2019-09-25 05:42:30,724 [main] INFO  db.DBStoreBuilder (DBStoreBuilder.java:addTable(110)) - using custom profile for table: default
2019-09-25 05:42:30,724 [main] INFO  db.DBStoreBuilder (DBStoreBuilder.java:processTables(167)) - Using default column profile:DBProfile.DISK for Table:default
2019-09-25 05:42:30,724 [main] INFO  db.DBStoreBuilder (DBStoreBuilder.java:getDbProfile(198)) - Using default options. DBProfile.DISK
2019-09-25 05:42:34,349 [main] INFO  ipc.CallQueueManager (CallQueueManager.java:<init>(84)) - Using callQueue: class java.util.concurrent.LinkedBlockingQueue, queueCapacity: 2000, scheduler: class org.apache.hadoop.ipc.DefaultRpcScheduler, ipcBackoff: false.
2019-09-25 05:42:34,351 [Socket Reader #1 for port 46428] INFO  ipc.Server (Server.java:run(1074)) - Starting Socket Reader #1 for port 46428
2019-09-25 05:42:34,379 [main] INFO  om.OzoneManager (OzoneManager.java:start(1243)) - OzoneManager RPC server is listening at localhost/127.0.0.1:46428
2019-09-25 05:42:34,379 [main] INFO  impl.MetricsSystemImpl (MetricsSystemImpl.java:init(158)) - OzoneManager metrics system started (again)
2019-09-25 05:42:34,380 [IPC Server Responder] INFO  ipc.Server (Server.java:run(1314)) - IPC Server Responder: starting
2019-09-25 05:42:34,380 [IPC Server listener on 46428] INFO  ipc.Server (Server.java:run(1153)) - IPC Server listener on 46428: starting
2019-09-25 05:42:34,387 [main] INFO  hdfs.DFSUtil (DFSUtil.java:httpServerTemplateForNNAndJN(1641)) - Starting Web-server for ozoneManager at: http://0.0.0.0:0
2019-09-25 05:42:34,390 [main] INFO  server.AuthenticationFilter (AuthenticationFilter.java:constructSecretProvider(240)) - Unable to initialize FileSignerSecretProvider, falling back to use random secrets.
2019-09-25 05:42:34,391 [main] WARN  http.HttpRequestLog (HttpRequestLog.java:getRequestLog(97)) - Jetty request log can only be enabled using Log4j
2019-09-25 05:42:34,394 [main] INFO  http.HttpServer2 (HttpServer2.java:addGlobalFilter(975)) - Added global filter 'safety' (class=org.apache.hadoop.http.HttpServer2$QuotingInputFilter)
2019-09-25 05:42:34,395 [main] INFO  http.HttpServer2 (HttpServer2.java:addFilter(948)) - Added filter static_user_filter (class=org.apache.hadoop.http.lib.StaticUserWebFilter$StaticUserFilter) to context ozoneManager
2019-09-25 05:42:34,395 [main] INFO  http.HttpServer2 (HttpServer2.java:addFilter(958)) - Added filter static_user_filter (class=org.apache.hadoop.http.lib.StaticUserWebFilter$StaticUserFilter) to context logs
2019-09-25 05:42:34,396 [main] INFO  http.HttpServer2 (HttpServer2.java:addFilter(958)) - Added filter static_user_filter (class=org.apache.hadoop.http.lib.StaticUserWebFilter$StaticUserFilter) to context static
2019-09-25 05:42:34,397 [main] INFO  http.HttpServer2 (HttpServer2.java:bindListener(1191)) - Jetty bound to port 38229
2019-09-25 05:42:34,397 [main] INFO  server.Server (Server.java:doStart(351)) - jetty-9.3.25.v20180904, build timestamp: 2018-09-04T21:11:46Z, git hash: 3ce520221d0240229c862b122d2b06c12a625732
2019-09-25 05:42:34,400 [main] INFO  handler.ContextHandler (ContextHandler.java:doStart(781)) - Started o.e.j.s.ServletContextHandler@6a567f7b{/logs,file:///workdir/hadoop-ozone/ozonefs/target/log,AVAILABLE}
2019-09-25 05:42:34,400 [main] INFO  handler.ContextHandler (ContextHandler.java:doStart(781)) - Started o.e.j.s.ServletContextHandler@26f0141{/static,jar:file:/home/user/.m2/repository/org/apache/hadoop/hadoop-ozone-ozone-manager/0.5.0-SNAPSHOT/hadoop-ozone-ozone-manager-0.5.0-SNAPSHOT.jar!/webapps/static,AVAILABLE}
2019-09-25 05:42:34,465 [main] INFO  handler.ContextHandler (ContextHandler.java:doStart(781)) - Started o.e.j.w.WebAppContext@538a2f0e{/,file:///tmp/jetty-0.0.0.0-38229-ozoneManager-_-any-3751444578220132127.dir/webapp/,AVAILABLE}{/ozoneManager}
2019-09-25 05:42:34,465 [main] INFO  server.AbstractConnector (AbstractConnector.java:doStart(278)) - Started ServerConnector@d2708a7{HTTP/1.1,[http/1.1]}{0.0.0.0:38229}
2019-09-25 05:42:34,467 [main] INFO  server.Server (Server.java:doStart(419)) - Started @95355ms
2019-09-25 05:42:34,467 [main] WARN  impl.MetricsSystemImpl (MetricsSystemImpl.java:register(276)) - Sink prometheus already exists!
2019-09-25 05:42:34,468 [main] INFO  server.BaseHttpServer (BaseHttpServer.java:updateConnectorAddress(215)) - HTTP server of OZONEMANAGER is listening at http://0.0.0.0:38229
2019-09-25 05:42:34,477 [main] INFO  impl.MetricsSystemImpl (MetricsSystemImpl.java:init(158)) - HddsDatanode metrics system started (again)
2019-09-25 05:42:34,482 [main] INFO  ozone.HddsDatanodeService (HddsDatanodeService.java:start(184)) - HddsDatanodeService host:pr-hdds-1569-zxpks-796972592 ip:192.168.5.161
2019-09-25 05:42:34,490 [main] INFO  volume.HddsVolume (HddsVolume.java:<init>(176)) - Creating Volume: /workdir/hadoop-ozone/ozonefs/target/test-dir/MiniOzoneClusterImpl-8092fc99-e7d4-4546-90f2-fad71804b857/datanode-0/data/containers/hdds of  storage type : DISK and capacity : 1482555576320
2019-09-25 05:42:34,491 [main] INFO  volume.VolumeSet (VolumeSet.java:initializeVolumeSet(170)) - Added Volume : /workdir/hadoop-ozone/ozonefs/target/test-dir/MiniOzoneClusterImpl-8092fc99-e7d4-4546-90f2-fad71804b857/datanode-0/data/containers/hdds to VolumeSet
2019-09-25 05:42:34,491 [main] INFO  volume.ThrottledAsyncChecker (ThrottledAsyncChecker.java:schedule(139)) - Scheduling a check for org.apache.hadoop.ozone.container.common.volume.HddsVolume@4b7ed03e
2019-09-25 05:42:34,492 [main] INFO  volume.HddsVolumeChecker (HddsVolumeChecker.java:checkAllVolumes(202)) - Scheduled health check for volume org.apache.hadoop.ozone.container.common.volume.HddsVolume@4b7ed03e
2019-09-25 05:42:34,513 [main] INFO  impl.RaftServerProxy (ConfUtils.java:logGet(43)) - raft.rpc.type = GRPC (default)
2019-09-25 05:42:34,514 [main] INFO  grpc.GrpcFactory (GrpcFactory.java:checkPooledByteBufAllocatorUseCacheForAllThreads(45)) - PERFORMANCE WARNING: useCacheForAllThreads is true that may cause Netty to create a lot garbage objects and, as a result, trigger GC.
	It is recommended to disable useCacheForAllThreads by setting -Dorg.apache.ratis.thirdparty.io.netty.allocator.useCacheForAllThreads=false in command line.
2019-09-25 05:42:34,514 [main] INFO  grpc.GrpcConfigKeys$Server (ConfUtils.java:logGet(43)) - raft.grpc.server.port = 0 (default)
2019-09-25 05:42:34,514 [main] INFO  server.GrpcService (ConfUtils.java:logGet(43)) - raft.grpc.message.size.max = 33570816 (custom)
2019-09-25 05:42:34,514 [main] INFO  server.RaftServerConfigKeys (ConfUtils.java:logGet(43)) - raft.server.log.appender.buffer.byte-limit = 33554432 (custom)
2019-09-25 05:42:34,514 [main] INFO  server.GrpcService (ConfUtils.java:logGet(43)) - raft.grpc.flow.control.window = 1MB (=1048576) (default)
2019-09-25 05:42:34,515 [main] INFO  server.RaftServerConfigKeys (ConfUtils.java:logGet(43)) - raft.server.rpc.request.timeout = 3000ms (default)
2019-09-25 05:42:34,515 [main] INFO  server.RaftServerConfigKeys (ConfUtils.java:logGet(43)) - raft.server.storage.dir = [/workdir/hadoop-ozone/ozonefs/target/test-dir/MiniOzoneClusterImpl-8092fc99-e7d4-4546-90f2-fad71804b857/datanode-0/data/ratis] (custom)
2019-09-25 05:42:34,518 [main] INFO  hdfs.DFSUtil (DFSUtil.java:httpServerTemplateForNNAndJN(1641)) - Starting Web-server for hddsDatanode at: http://0.0.0.0:0
2019-09-25 05:42:34,519 [main] INFO  server.AuthenticationFilter (AuthenticationFilter.java:constructSecretProvider(240)) - Unable to initialize FileSignerSecretProvider, falling back to use random secrets.
2019-09-25 05:42:34,520 [main] WARN  http.HttpRequestLog (HttpRequestLog.java:getRequestLog(97)) - Jetty request log can only be enabled using Log4j
2019-09-25 05:42:34,521 [main] INFO  http.HttpServer2 (HttpServer2.java:addGlobalFilter(975)) - Added global filter 'safety' (class=org.apache.hadoop.http.HttpServer2$QuotingInputFilter)
2019-09-25 05:42:34,522 [main] INFO  http.HttpServer2 (HttpServer2.java:addFilter(948)) - Added filter static_user_filter (class=org.apache.hadoop.http.lib.StaticUserWebFilter$StaticUserFilter) to context hddsDatanode
2019-09-25 05:42:34,522 [main] INFO  http.HttpServer2 (HttpServer2.java:addFilter(958)) - Added filter static_user_filter (class=org.apache.hadoop.http.lib.StaticUserWebFilter$StaticUserFilter) to context static
2019-09-25 05:42:34,522 [main] INFO  http.HttpServer2 (HttpServer2.java:addFilter(958)) - Added filter static_user_filter (class=org.apache.hadoop.http.lib.StaticUserWebFilter$StaticUserFilter) to context logs
2019-09-25 05:42:34,523 [main] INFO  http.HttpServer2 (HttpServer2.java:bindListener(1191)) - Jetty bound to port 44589
2019-09-25 05:42:34,523 [main] INFO  server.Server (Server.java:doStart(351)) - jetty-9.3.25.v20180904, build timestamp: 2018-09-04T21:11:46Z, git hash: 3ce520221d0240229c862b122d2b06c12a625732
2019-09-25 05:42:34,525 [main] INFO  handler.ContextHandler (ContextHandler.java:doStart(781)) - Started o.e.j.s.ServletContextHandler@64f4f12{/logs,file:///workdir/hadoop-ozone/ozonefs/target/log,AVAILABLE}
2019-09-25 05:42:34,526 [main] INFO  handler.ContextHandler (ContextHandler.java:doStart(781)) - Started o.e.j.s.ServletContextHandler@7d0cd23c{/static,jar:file:/home/user/.m2/repository/org/apache/hadoop/hadoop-hdds-container-service/0.5.0-SNAPSHOT/hadoop-hdds-container-service-0.5.0-SNAPSHOT.jar!/webapps/static,AVAILABLE}
2019-09-25 05:42:34,553 [main] INFO  handler.ContextHandler (ContextHandler.java:doStart(781)) - Started o.e.j.w.WebAppContext@6075b369{/,file:///tmp/jetty-0.0.0.0-44589-hddsDatanode-_-any-4866595458582859361.dir/webapp/,AVAILABLE}{/hddsDatanode}
2019-09-25 05:42:34,554 [main] INFO  server.AbstractConnector (AbstractConnector.java:doStart(278)) - Started ServerConnector@231cdda8{HTTP/1.1,[http/1.1]}{0.0.0.0:44589}
2019-09-25 05:42:34,555 [main] INFO  server.Server (Server.java:doStart(419)) - Started @95444ms
2019-09-25 05:42:34,555 [main] WARN  impl.MetricsSystemImpl (MetricsSystemImpl.java:register(276)) - Sink prometheus already exists!
2019-09-25 05:42:34,556 [main] INFO  server.BaseHttpServer (BaseHttpServer.java:updateConnectorAddress(215)) - HTTP server of HDDSDATANODE is listening at http://0.0.0.0:44589
2019-09-25 05:42:34,557 [main] INFO  impl.MetricsSystemImpl (MetricsSystemImpl.java:init(158)) - HddsDatanode metrics system started (again)
2019-09-25 05:42:34,563 [org.apache.hadoop.util.JvmPauseMonitor$Monitor@2105490e] INFO  util.JvmPauseMonitor (JvmPauseMonitor.java:run(188)) - Starting JVM pause monitor
2019-09-25 05:42:34,564 [main] INFO  ozone.HddsDatanodeService (HddsDatanodeService.java:start(184)) - HddsDatanodeService host:pr-hdds-1569-zxpks-796972592 ip:192.168.5.161
2019-09-25 05:42:34,568 [Datanode State Machine Thread - 0] INFO  datanode.InitDatanodeState (InitDatanodeState.java:persistContainerDatanodeDetails(140)) - DatanodeDetails is persisted to /workdir/hadoop-ozone/ozonefs/target/test-dir/MiniOzoneClusterImpl-8092fc99-e7d4-4546-90f2-fad71804b857/datanode-0/meta/datanode.id
2019-09-25 05:42:34,572 [main] INFO  volume.HddsVolume (HddsVolume.java:<init>(176)) - Creating Volume: /workdir/hadoop-ozone/ozonefs/target/test-dir/MiniOzoneClusterImpl-8092fc99-e7d4-4546-90f2-fad71804b857/datanode-1/data/containers/hdds of  storage type : DISK and capacity : 1482555576320
2019-09-25 05:42:34,573 [main] INFO  volume.VolumeSet (VolumeSet.java:initializeVolumeSet(170)) - Added Volume : /workdir/hadoop-ozone/ozonefs/target/test-dir/MiniOzoneClusterImpl-8092fc99-e7d4-4546-90f2-fad71804b857/datanode-1/data/containers/hdds to VolumeSet
2019-09-25 05:42:34,573 [main] INFO  volume.ThrottledAsyncChecker (ThrottledAsyncChecker.java:schedule(139)) - Scheduling a check for org.apache.hadoop.ozone.container.common.volume.HddsVolume@5a2ae1ab
2019-09-25 05:42:34,574 [main] INFO  volume.HddsVolumeChecker (HddsVolumeChecker.java:checkAllVolumes(202)) - Scheduled health check for volume org.apache.hadoop.ozone.container.common.volume.HddsVolume@5a2ae1ab
2019-09-25 05:42:34,593 [main] INFO  impl.RaftServerProxy (ConfUtils.java:logGet(43)) - raft.rpc.type = GRPC (default)
2019-09-25 05:42:34,593 [main] INFO  grpc.GrpcFactory (GrpcFactory.java:checkPooledByteBufAllocatorUseCacheForAllThreads(45)) - PERFORMANCE WARNING: useCacheForAllThreads is true that may cause Netty to create a lot garbage objects and, as a result, trigger GC.
	It is recommended to disable useCacheForAllThreads by setting -Dorg.apache.ratis.thirdparty.io.netty.allocator.useCacheForAllThreads=false in command line.
2019-09-25 05:42:34,593 [main] INFO  grpc.GrpcConfigKeys$Server (ConfUtils.java:logGet(43)) - raft.grpc.server.port = 0 (default)
2019-09-25 05:42:34,593 [main] INFO  server.GrpcService (ConfUtils.java:logGet(43)) - raft.grpc.message.size.max = 33570816 (custom)
2019-09-25 05:42:34,594 [main] INFO  server.RaftServerConfigKeys (ConfUtils.java:logGet(43)) - raft.server.log.appender.buffer.byte-limit = 33554432 (custom)
2019-09-25 05:42:34,594 [main] INFO  server.GrpcService (ConfUtils.java:logGet(43)) - raft.grpc.flow.control.window = 1MB (=1048576) (default)
2019-09-25 05:42:34,594 [main] INFO  server.RaftServerConfigKeys (ConfUtils.java:logGet(43)) - raft.server.rpc.request.timeout = 3000ms (default)
2019-09-25 05:42:34,594 [main] INFO  server.RaftServerConfigKeys (ConfUtils.java:logGet(43)) - raft.server.storage.dir = [/workdir/hadoop-ozone/ozonefs/target/test-dir/MiniOzoneClusterImpl-8092fc99-e7d4-4546-90f2-fad71804b857/datanode-1/data/ratis] (custom)
2019-09-25 05:42:34,596 [main] INFO  hdfs.DFSUtil (DFSUtil.java:httpServerTemplateForNNAndJN(1641)) - Starting Web-server for hddsDatanode at: http://0.0.0.0:0
2019-09-25 05:42:34,598 [main] INFO  server.AuthenticationFilter (AuthenticationFilter.java:constructSecretProvider(240)) - Unable to initialize FileSignerSecretProvider, falling back to use random secrets.
2019-09-25 05:42:34,599 [main] WARN  http.HttpRequestLog (HttpRequestLog.java:getRequestLog(97)) - Jetty request log can only be enabled using Log4j
2019-09-25 05:42:34,602 [main] INFO  http.HttpServer2 (HttpServer2.java:addGlobalFilter(975)) - Added global filter 'safety' (class=org.apache.hadoop.http.HttpServer2$QuotingInputFilter)
2019-09-25 05:42:34,603 [main] INFO  http.HttpServer2 (HttpServer2.java:addFilter(948)) - Added filter static_user_filter (class=org.apache.hadoop.http.lib.StaticUserWebFilter$StaticUserFilter) to context hddsDatanode
2019-09-25 05:42:34,603 [main] INFO  http.HttpServer2 (HttpServer2.java:addFilter(958)) - Added filter static_user_filter (class=org.apache.hadoop.http.lib.StaticUserWebFilter$StaticUserFilter) to context logs
2019-09-25 05:42:34,603 [main] INFO  http.HttpServer2 (HttpServer2.java:addFilter(958)) - Added filter static_user_filter (class=org.apache.hadoop.http.lib.StaticUserWebFilter$StaticUserFilter) to context static
2019-09-25 05:42:34,604 [main] INFO  http.HttpServer2 (HttpServer2.java:bindListener(1191)) - Jetty bound to port 44690
2019-09-25 05:42:34,604 [main] INFO  server.Server (Server.java:doStart(351)) - jetty-9.3.25.v20180904, build timestamp: 2018-09-04T21:11:46Z, git hash: 3ce520221d0240229c862b122d2b06c12a625732
2019-09-25 05:42:34,607 [main] INFO  handler.ContextHandler (ContextHandler.java:doStart(781)) - Started o.e.j.s.ServletContextHandler@1332dec4{/logs,file:///workdir/hadoop-ozone/ozonefs/target/log,AVAILABLE}
2019-09-25 05:42:34,607 [main] INFO  handler.ContextHandler (ContextHandler.java:doStart(781)) - Started o.e.j.s.ServletContextHandler@6889f56f{/static,jar:file:/home/user/.m2/repository/org/apache/hadoop/hadoop-hdds-container-service/0.5.0-SNAPSHOT/hadoop-hdds-container-service-0.5.0-SNAPSHOT.jar!/webapps/static,AVAILABLE}
2019-09-25 05:42:34,652 [main] INFO  handler.ContextHandler (ContextHandler.java:doStart(781)) - Started o.e.j.w.WebAppContext@4def7d36{/,file:///tmp/jetty-0.0.0.0-44690-hddsDatanode-_-any-8215445571814716593.dir/webapp/,AVAILABLE}{/hddsDatanode}
2019-09-25 05:42:34,653 [main] INFO  server.AbstractConnector (AbstractConnector.java:doStart(278)) - Started ServerConnector@43c7fe8a{HTTP/1.1,[http/1.1]}{0.0.0.0:44690}
2019-09-25 05:42:34,654 [main] INFO  server.Server (Server.java:doStart(419)) - Started @95543ms
2019-09-25 05:42:34,655 [main] WARN  impl.MetricsSystemImpl (MetricsSystemImpl.java:register(276)) - Sink prometheus already exists!
2019-09-25 05:42:34,655 [main] INFO  server.BaseHttpServer (BaseHttpServer.java:updateConnectorAddress(215)) - HTTP server of HDDSDATANODE is listening at http://0.0.0.0:44690
2019-09-25 05:42:34,656 [main] INFO  impl.MetricsSystemImpl (MetricsSystemImpl.java:init(158)) - HddsDatanode metrics system started (again)
2019-09-25 05:42:34,661 [org.apache.hadoop.util.JvmPauseMonitor$Monitor@235918fe] INFO  util.JvmPauseMonitor (JvmPauseMonitor.java:run(188)) - Starting JVM pause monitor
2019-09-25 05:42:34,662 [main] INFO  ozone.HddsDatanodeService (HddsDatanodeService.java:start(184)) - HddsDatanodeService host:pr-hdds-1569-zxpks-796972592 ip:192.168.5.161
2019-09-25 05:42:34,663 [Datanode State Machine Thread - 0] INFO  datanode.InitDatanodeState (InitDatanodeState.java:persistContainerDatanodeDetails(140)) - DatanodeDetails is persisted to /workdir/hadoop-ozone/ozonefs/target/test-dir/MiniOzoneClusterImpl-8092fc99-e7d4-4546-90f2-fad71804b857/datanode-1/meta/datanode.id
2019-09-25 05:42:34,669 [main] INFO  volume.HddsVolume (HddsVolume.java:<init>(176)) - Creating Volume: /workdir/hadoop-ozone/ozonefs/target/test-dir/MiniOzoneClusterImpl-8092fc99-e7d4-4546-90f2-fad71804b857/datanode-2/data/containers/hdds of  storage type : DISK and capacity : 1482555576320
2019-09-25 05:42:34,669 [main] INFO  volume.VolumeSet (VolumeSet.java:initializeVolumeSet(170)) - Added Volume : /workdir/hadoop-ozone/ozonefs/target/test-dir/MiniOzoneClusterImpl-8092fc99-e7d4-4546-90f2-fad71804b857/datanode-2/data/containers/hdds to VolumeSet
2019-09-25 05:42:34,669 [main] INFO  volume.ThrottledAsyncChecker (ThrottledAsyncChecker.java:schedule(139)) - Scheduling a check for org.apache.hadoop.ozone.container.common.volume.HddsVolume@3457cc8d
2019-09-25 05:42:34,670 [main] INFO  volume.HddsVolumeChecker (HddsVolumeChecker.java:checkAllVolumes(202)) - Scheduled health check for volume org.apache.hadoop.ozone.container.common.volume.HddsVolume@3457cc8d
2019-09-25 05:42:34,692 [main] INFO  impl.RaftServerProxy (ConfUtils.java:logGet(43)) - raft.rpc.type = GRPC (default)
2019-09-25 05:42:34,692 [main] INFO  grpc.GrpcFactory (GrpcFactory.java:checkPooledByteBufAllocatorUseCacheForAllThreads(45)) - PERFORMANCE WARNING: useCacheForAllThreads is true that may cause Netty to create a lot garbage objects and, as a result, trigger GC.
	It is recommended to disable useCacheForAllThreads by setting -Dorg.apache.ratis.thirdparty.io.netty.allocator.useCacheForAllThreads=false in command line.
2019-09-25 05:42:34,693 [main] INFO  grpc.GrpcConfigKeys$Server (ConfUtils.java:logGet(43)) - raft.grpc.server.port = 0 (default)
2019-09-25 05:42:34,693 [main] INFO  server.GrpcService (ConfUtils.java:logGet(43)) - raft.grpc.message.size.max = 33570816 (custom)
2019-09-25 05:42:34,693 [main] INFO  server.RaftServerConfigKeys (ConfUtils.java:logGet(43)) - raft.server.log.appender.buffer.byte-limit = 33554432 (custom)
2019-09-25 05:42:34,693 [main] INFO  server.GrpcService (ConfUtils.java:logGet(43)) - raft.grpc.flow.control.window = 1MB (=1048576) (default)
2019-09-25 05:42:34,693 [main] INFO  server.RaftServerConfigKeys (ConfUtils.java:logGet(43)) - raft.server.rpc.request.timeout = 3000ms (default)
2019-09-25 05:42:34,694 [main] INFO  server.RaftServerConfigKeys (ConfUtils.java:logGet(43)) - raft.server.storage.dir = [/workdir/hadoop-ozone/ozonefs/target/test-dir/MiniOzoneClusterImpl-8092fc99-e7d4-4546-90f2-fad71804b857/datanode-2/data/ratis] (custom)
2019-09-25 05:42:34,695 [main] INFO  hdfs.DFSUtil (DFSUtil.java:httpServerTemplateForNNAndJN(1641)) - Starting Web-server for hddsDatanode at: http://0.0.0.0:0
2019-09-25 05:42:34,697 [main] INFO  server.AuthenticationFilter (AuthenticationFilter.java:constructSecretProvider(240)) - Unable to initialize FileSignerSecretProvider, falling back to use random secrets.
2019-09-25 05:42:34,698 [main] WARN  http.HttpRequestLog (HttpRequestLog.java:getRequestLog(97)) - Jetty request log can only be enabled using Log4j
2019-09-25 05:42:34,700 [main] INFO  http.HttpServer2 (HttpServer2.java:addGlobalFilter(975)) - Added global filter 'safety' (class=org.apache.hadoop.http.HttpServer2$QuotingInputFilter)
2019-09-25 05:42:34,700 [main] INFO  http.HttpServer2 (HttpServer2.java:addFilter(948)) - Added filter static_user_filter (class=org.apache.hadoop.http.lib.StaticUserWebFilter$StaticUserFilter) to context hddsDatanode
2019-09-25 05:42:34,701 [main] INFO  http.HttpServer2 (HttpServer2.java:addFilter(958)) - Added filter static_user_filter (class=org.apache.hadoop.http.lib.StaticUserWebFilter$StaticUserFilter) to context static
2019-09-25 05:42:34,701 [main] INFO  http.HttpServer2 (HttpServer2.java:addFilter(958)) - Added filter static_user_filter (class=org.apache.hadoop.http.lib.StaticUserWebFilter$StaticUserFilter) to context logs
2019-09-25 05:42:34,702 [main] INFO  http.HttpServer2 (HttpServer2.java:bindListener(1191)) - Jetty bound to port 37712
2019-09-25 05:42:34,702 [main] INFO  server.Server (Server.java:doStart(351)) - jetty-9.3.25.v20180904, build timestamp: 2018-09-04T21:11:46Z, git hash: 3ce520221d0240229c862b122d2b06c12a625732
2019-09-25 05:42:34,704 [main] INFO  handler.ContextHandler (ContextHandler.java:doStart(781)) - Started o.e.j.s.ServletContextHandler@6b867ee7{/logs,file:///workdir/hadoop-ozone/ozonefs/target/log,AVAILABLE}
2019-09-25 05:42:34,705 [main] INFO  handler.ContextHandler (ContextHandler.java:doStart(781)) - Started o.e.j.s.ServletContextHandler@7a606260{/static,jar:file:/home/user/.m2/repository/org/apache/hadoop/hadoop-hdds-container-service/0.5.0-SNAPSHOT/hadoop-hdds-container-service-0.5.0-SNAPSHOT.jar!/webapps/static,AVAILABLE}
2019-09-25 05:42:34,734 [main] INFO  handler.ContextHandler (ContextHandler.java:doStart(781)) - Started o.e.j.w.WebAppContext@34edd065{/,file:///tmp/jetty-0.0.0.0-37712-hddsDatanode-_-any-3398660408977142598.dir/webapp/,AVAILABLE}{/hddsDatanode}
2019-09-25 05:42:34,734 [main] INFO  server.AbstractConnector (AbstractConnector.java:doStart(278)) - Started ServerConnector@681e913c{HTTP/1.1,[http/1.1]}{0.0.0.0:37712}
2019-09-25 05:42:34,735 [main] INFO  server.Server (Server.java:doStart(419)) - Started @95624ms
2019-09-25 05:42:34,736 [main] WARN  impl.MetricsSystemImpl (MetricsSystemImpl.java:register(276)) - Sink prometheus already exists!
2019-09-25 05:42:34,736 [main] INFO  server.BaseHttpServer (BaseHttpServer.java:updateConnectorAddress(215)) - HTTP server of HDDSDATANODE is listening at http://0.0.0.0:37712
2019-09-25 05:42:34,737 [main] INFO  ozone.MiniOzoneClusterImpl (MiniOzoneClusterImpl.java:lambda$waitForClusterToBeReady$0(147)) - Waiting for cluster to be ready. Got 0 of 3 DN Heartbeats.
2019-09-25 05:42:34,738 [org.apache.hadoop.util.JvmPauseMonitor$Monitor@1ee39fc0] INFO  util.JvmPauseMonitor (JvmPauseMonitor.java:run(188)) - Starting JVM pause monitor
2019-09-25 05:42:34,740 [Datanode State Machine Thread - 0] INFO  datanode.InitDatanodeState (InitDatanodeState.java:persistContainerDatanodeDetails(140)) - DatanodeDetails is persisted to /workdir/hadoop-ozone/ozonefs/target/test-dir/MiniOzoneClusterImpl-8092fc99-e7d4-4546-90f2-fad71804b857/datanode-2/meta/datanode.id
2019-09-25 05:42:35,737 [main] INFO  ozone.MiniOzoneClusterImpl (MiniOzoneClusterImpl.java:lambda$waitForClusterToBeReady$0(147)) - Waiting for cluster to be ready. Got 0 of 3 DN Heartbeats.
2019-09-25 05:42:36,585 [Datanode State Machine Thread - 0] INFO  ozoneimpl.OzoneContainer (OzoneContainer.java:start(217)) - Attempting to start container services.
2019-09-25 05:42:36,587 [Datanode State Machine Thread - 0] INFO  ozoneimpl.OzoneContainer (OzoneContainer.java:startContainerScrub(179)) - Background container scanner has been disabled.
2019-09-25 05:42:36,587 [Datanode State Machine Thread - 0] INFO  ratis.XceiverServerRatis (XceiverServerRatis.java:start(411)) - Starting XceiverServerRatis 58daec77-aff4-491d-ba85-1aa585d4f08b at port 0
2019-09-25 05:42:36,594 [Datanode State Machine Thread - 0] INFO  impl.RaftServerProxy (RaftServerProxy.java:lambda$start$3(299)) - 58daec77-aff4-491d-ba85-1aa585d4f08b: start RPC server
2019-09-25 05:42:36,597 [Datanode State Machine Thread - 0] INFO  server.GrpcService (GrpcService.java:startImpl(158)) - 58daec77-aff4-491d-ba85-1aa585d4f08b: GrpcService started, listening on 0.0.0.0/0.0.0.0:39671
2019-09-25 05:42:36,597 [Datanode State Machine Thread - 0] INFO  ratis.XceiverServerRatis (XceiverServerRatis.java:start(421)) - XceiverServerRatis 58daec77-aff4-491d-ba85-1aa585d4f08b is started using port 39671
2019-09-25 05:42:36,598 [Datanode State Machine Thread - 0] INFO  server.XceiverServerGrpc (XceiverServerGrpc.java:start(149)) - XceiverServerGrpc 58daec77-aff4-491d-ba85-1aa585d4f08b is started using port 38688
2019-09-25 05:42:36,676 [Datanode State Machine Thread - 0] INFO  ozoneimpl.OzoneContainer (OzoneContainer.java:start(217)) - Attempting to start container services.
2019-09-25 05:42:36,676 [Datanode State Machine Thread - 0] INFO  ozoneimpl.OzoneContainer (OzoneContainer.java:startContainerScrub(179)) - Background container scanner has been disabled.
2019-09-25 05:42:36,676 [Datanode State Machine Thread - 0] INFO  ratis.XceiverServerRatis (XceiverServerRatis.java:start(411)) - Starting XceiverServerRatis 3d5c87da-2134-43b6-965f-09d6bd503039 at port 0
2019-09-25 05:42:36,684 [Datanode State Machine Thread - 0] INFO  impl.RaftServerProxy (RaftServerProxy.java:lambda$start$3(299)) - 3d5c87da-2134-43b6-965f-09d6bd503039: start RPC server
2019-09-25 05:42:36,686 [Datanode State Machine Thread - 0] INFO  server.GrpcService (GrpcService.java:startImpl(158)) - 3d5c87da-2134-43b6-965f-09d6bd503039: GrpcService started, listening on 0.0.0.0/0.0.0.0:35775
2019-09-25 05:42:36,686 [Datanode State Machine Thread - 0] INFO  ratis.XceiverServerRatis (XceiverServerRatis.java:start(421)) - XceiverServerRatis 3d5c87da-2134-43b6-965f-09d6bd503039 is started using port 35775
2019-09-25 05:42:36,687 [Datanode State Machine Thread - 0] INFO  server.XceiverServerGrpc (XceiverServerGrpc.java:start(149)) - XceiverServerGrpc 3d5c87da-2134-43b6-965f-09d6bd503039 is started using port 42876
2019-09-25 05:42:36,738 [main] INFO  ozone.MiniOzoneClusterImpl (MiniOzoneClusterImpl.java:lambda$waitForClusterToBeReady$0(147)) - Waiting for cluster to be ready. Got 0 of 3 DN Heartbeats.
2019-09-25 05:42:36,754 [Datanode State Machine Thread - 0] INFO  ozoneimpl.OzoneContainer (OzoneContainer.java:start(217)) - Attempting to start container services.
2019-09-25 05:42:36,754 [Datanode State Machine Thread - 0] INFO  ozoneimpl.OzoneContainer (OzoneContainer.java:startContainerScrub(179)) - Background container scanner has been disabled.
2019-09-25 05:42:36,754 [Datanode State Machine Thread - 0] INFO  ratis.XceiverServerRatis (XceiverServerRatis.java:start(411)) - Starting XceiverServerRatis 7966b041-ddaa-48e4-85c1-e8430fd29f08 at port 0
2019-09-25 05:42:36,762 [Datanode State Machine Thread - 0] INFO  impl.RaftServerProxy (RaftServerProxy.java:lambda$start$3(299)) - 7966b041-ddaa-48e4-85c1-e8430fd29f08: start RPC server
2019-09-25 05:42:36,764 [Datanode State Machine Thread - 0] INFO  server.GrpcService (GrpcService.java:startImpl(158)) - 7966b041-ddaa-48e4-85c1-e8430fd29f08: GrpcService started, listening on 0.0.0.0/0.0.0.0:40677
2019-09-25 05:42:36,764 [Datanode State Machine Thread - 0] INFO  ratis.XceiverServerRatis (XceiverServerRatis.java:start(421)) - XceiverServerRatis 7966b041-ddaa-48e4-85c1-e8430fd29f08 is started using port 40677
2019-09-25 05:42:36,765 [Datanode State Machine Thread - 0] INFO  server.XceiverServerGrpc (XceiverServerGrpc.java:start(149)) - XceiverServerGrpc 7966b041-ddaa-48e4-85c1-e8430fd29f08 is started using port 45029
2019-09-25 05:42:37,738 [main] INFO  ozone.MiniOzoneClusterImpl (MiniOzoneClusterImpl.java:lambda$waitForClusterToBeReady$0(147)) - Waiting for cluster to be ready. Got 0 of 3 DN Heartbeats.
2019-09-25 05:42:38,568 [IPC Server handler 3 on 43232] INFO  net.NetworkTopology (NetworkTopologyImpl.java:add(111)) - Added a new node: /default-rack/58daec77-aff4-491d-ba85-1aa585d4f08b
2019-09-25 05:42:38,570 [IPC Server handler 3 on 43232] INFO  node.SCMNodeManager (SCMNodeManager.java:register(266)) - Registered Data node : 58daec77-aff4-491d-ba85-1aa585d4f08b{ip: 192.168.5.161, host: pr-hdds-1569-zxpks-796972592, networkLocation: /default-rack, certSerialId: null}
2019-09-25 05:42:38,572 [EventQueue-NodeRegistrationContainerReportForDataNodeSafeModeRule] INFO  safemode.SCMSafeModeManager (DataNodeSafeModeRule.java:process(71)) - SCM in safe mode. 1 DataNodes registered, 1 required.
2019-09-25 05:42:38,574 [EventQueue-NodeRegistrationContainerReportForDataNodeSafeModeRule] INFO  safemode.SCMSafeModeManager (SCMSafeModeManager.java:validateSafeModeExitRules(177)) - ScmSafeModeManager, all rules are successfully validated
2019-09-25 05:42:38,574 [EventQueue-NodeRegistrationContainerReportForDataNodeSafeModeRule] INFO  safemode.SCMSafeModeManager (SCMSafeModeManager.java:exitSafeMode(193)) - SCM exiting safe mode.
2019-09-25 05:42:38,586 [grpc-default-executor-0] INFO  impl.RaftServerProxy (RaftServerProxy.java:addNew(89)) - 58daec77-aff4-491d-ba85-1aa585d4f08b: addNew group-9B36E58C2B41:[58daec77-aff4-491d-ba85-1aa585d4f08b:192.168.5.161:39671] returns group-9B36E58C2B41:java.util.concurrent.CompletableFuture@59b4ace5[Not completed]
2019-09-25 05:42:38,588 [pool-277-thread-1] INFO  impl.RaftServerImpl (RaftServerImpl.java:<init>(95)) - 58daec77-aff4-491d-ba85-1aa585d4f08b: new RaftServerImpl for group-9B36E58C2B41:[58daec77-aff4-491d-ba85-1aa585d4f08b:192.168.5.161:39671] with ContainerStateMachine:uninitialized
2019-09-25 05:42:38,588 [pool-277-thread-1] INFO  server.RaftServerConfigKeys (ConfUtils.java:logGet(43)) - raft.server.rpc.timeout.min = 5s (custom)
2019-09-25 05:42:38,588 [pool-277-thread-1] INFO  server.RaftServerConfigKeys (ConfUtils.java:logGet(43)) - raft.server.rpc.timeout.max = 5200ms (custom)
2019-09-25 05:42:38,588 [pool-277-thread-1] INFO  server.RaftServerConfigKeys (ConfUtils.java:logGet(43)) - raft.server.rpcslowness.timeout = 120s (custom)
2019-09-25 05:42:38,589 [pool-277-thread-1] INFO  server.RaftServerConfigKeys (ConfUtils.java:logGet(43)) - raft.server.sleep.deviation.threshold = 300 (default)
2019-09-25 05:42:38,589 [pool-277-thread-1] INFO  server.RaftServerConfigKeys (ConfUtils.java:logGet(43)) - raft.server.log.appender.install.snapshot.enabled = false (custom)
2019-09-25 05:42:38,589 [pool-277-thread-1] INFO  impl.RaftServerImpl (ServerState.java:<init>(103)) - 58daec77-aff4-491d-ba85-1aa585d4f08b@group-9B36E58C2B41: ConfigurationManager, init=-1: [58daec77-aff4-491d-ba85-1aa585d4f08b:192.168.5.161:39671], old=null, confs=<EMPTY_MAP>
2019-09-25 05:42:38,589 [pool-277-thread-1] INFO  server.RaftServerConfigKeys (ConfUtils.java:logGet(43)) - raft.server.storage.dir = [/workdir/hadoop-ozone/ozonefs/target/test-dir/MiniOzoneClusterImpl-8092fc99-e7d4-4546-90f2-fad71804b857/datanode-0/data/ratis] (custom)
2019-09-25 05:42:38,590 [pool-277-thread-1] INFO  storage.RaftStorageDirectory (RaftStorageDirectory.java:analyzeStorage(246)) - The storage directory /workdir/hadoop-ozone/ozonefs/target/test-dir/MiniOzoneClusterImpl-8092fc99-e7d4-4546-90f2-fad71804b857/datanode-0/data/ratis/c0a17e64-3fb4-47e7-a795-9b36e58c2b41 does not exist. Creating ...
2019-09-25 05:42:38,611 [pool-277-thread-1] INFO  storage.RaftStorageDirectory (RaftStorageDirectory.java:tryLock(328)) - Lock on /workdir/hadoop-ozone/ozonefs/target/test-dir/MiniOzoneClusterImpl-8092fc99-e7d4-4546-90f2-fad71804b857/datanode-0/data/ratis/c0a17e64-3fb4-47e7-a795-9b36e58c2b41/in_use.lock acquired by nodename 26555@pr-hdds-1569-zxpks-796972592
2019-09-25 05:42:38,624 [pool-277-thread-1] INFO  storage.RaftStorage (RaftStorage.java:format(72)) - Storage directory /workdir/hadoop-ozone/ozonefs/target/test-dir/MiniOzoneClusterImpl-8092fc99-e7d4-4546-90f2-fad71804b857/datanode-0/data/ratis/c0a17e64-3fb4-47e7-a795-9b36e58c2b41 has been successfully formatted.
2019-09-25 05:42:38,624 [pool-277-thread-1] INFO  ratis.ContainerStateMachine (ContainerStateMachine.java:loadSnapshot(230)) - group-9B36E58C2B41: The snapshot info is null. Setting the last applied indexto:(t:0, i:~)
2019-09-25 05:42:38,625 [pool-277-thread-1] INFO  server.RaftServerConfigKeys (ConfUtils.java:logGet(43)) - raft.server.notification.no-leader.timeout = 120s (custom)
2019-09-25 05:42:38,625 [pool-277-thread-1] INFO  server.RaftServerConfigKeys (ConfUtils.java:logGet(43)) - raft.server.log.use.memory = false (default)
2019-09-25 05:42:38,625 [pool-277-thread-1] INFO  server.RaftServerConfigKeys (ConfUtils.java:logGet(43)) - raft.server.log.purge.gap = 1000000 (custom)
2019-09-25 05:42:38,625 [pool-277-thread-1] INFO  server.RaftServerConfigKeys (ConfUtils.java:logGet(43)) - raft.server.log.appender.buffer.byte-limit = 33554432 (custom)
2019-09-25 05:42:38,625 [pool-277-thread-1] INFO  server.RaftServerConfigKeys (ConfUtils.java:logGet(43)) - raft.server.log.segment.size.max = 1048576 (custom)
2019-09-25 05:42:38,626 [pool-277-thread-1] INFO  server.RaftServerConfigKeys (ConfUtils.java:logGet(43)) - raft.server.log.segment.cache.num.max = 2 (custom)
2019-09-25 05:42:38,626 [pool-277-thread-1] INFO  segmented.SegmentedRaftLogWorker (SegmentedRaftLogWorker.java:<init>(172)) - new 58daec77-aff4-491d-ba85-1aa585d4f08b@group-9B36E58C2B41-SegmentedRaftLogWorker for RaftStorage:Storage Directory /workdir/hadoop-ozone/ozonefs/target/test-dir/MiniOzoneClusterImpl-8092fc99-e7d4-4546-90f2-fad71804b857/datanode-0/data/ratis/c0a17e64-3fb4-47e7-a795-9b36e58c2b41
2019-09-25 05:42:38,628 [pool-277-thread-1] INFO  server.RaftServerConfigKeys (ConfUtils.java:logGet(43)) - raft.server.log.queue.byte-limit = 2147483647 (custom)
2019-09-25 05:42:38,628 [pool-277-thread-1] INFO  server.RaftServerConfigKeys (ConfUtils.java:logGet(43)) - raft.server.log.queue.element-limit = 1024 (custom)
2019-09-25 05:42:38,628 [pool-277-thread-1] INFO  server.RaftServerConfigKeys (ConfUtils.java:logGet(43)) - raft.server.log.segment.size.max = 1048576 (custom)
2019-09-25 05:42:38,628 [pool-277-thread-1] INFO  server.RaftServerConfigKeys (ConfUtils.java:logGet(43)) - raft.server.log.preallocated.size = 16384 (custom)
2019-09-25 05:42:38,628 [pool-277-thread-1] INFO  server.RaftServerConfigKeys (ConfUtils.java:logGet(43)) - raft.server.log.write.buffer.size = 33554432 (custom)
2019-09-25 05:42:38,628 [pool-277-thread-1] INFO  server.RaftServerConfigKeys (ConfUtils.java:logGet(43)) - raft.server.log.force.sync.num = 128 (default)
2019-09-25 05:42:38,629 [pool-277-thread-1] INFO  server.RaftServerConfigKeys (ConfUtils.java:logGet(43)) - raft.server.log.statemachine.data.sync = true (default)
2019-09-25 05:42:38,629 [pool-277-thread-1] INFO  server.RaftServerConfigKeys (ConfUtils.java:logGet(43)) - raft.server.log.statemachine.data.sync.timeout = 10s (default)
2019-09-25 05:42:38,629 [pool-277-thread-1] INFO  server.RaftServerConfigKeys (ConfUtils.java:logGet(43)) - raft.server.log.statemachine.data.sync.timeout.retry = -1 (default)
2019-09-25 05:42:38,629 [pool-277-thread-1] INFO  server.RaftServerConfigKeys (ConfUtils.java:logGet(43)) - raft.server.log.statemachine.data.caching.enabled = true (custom)
2019-09-25 05:42:38,630 [pool-277-thread-1] INFO  segmented.SegmentedRaftLogWorker (SegmentedRaftLogWorker.java:lambda$new$0(132)) - 58daec77-aff4-491d-ba85-1aa585d4f08b@group-9B36E58C2B41-SegmentedRaftLogWorker: flushIndex: setUnconditionally 0 -> -1
2019-09-25 05:42:38,630 [pool-277-thread-1] INFO  server.RaftServerConfigKeys (ConfUtils.java:logGet(43)) - raft.server.snapshot.auto.trigger.enabled = true (custom)
2019-09-25 05:42:38,630 [pool-277-thread-1] INFO  server.RaftServerConfigKeys (ConfUtils.java:logGet(43)) - raft.server.snapshot.auto.trigger.threshold = 10000 (custom)
2019-09-25 05:42:38,630 [pool-277-thread-1] INFO  server.RaftServerConfigKeys (ConfUtils.java:logGet(43)) - raft.server.snapshot.retention.num.files = 5 (custom)
2019-09-25 05:42:38,630 [pool-277-thread-1] INFO  server.RaftServerConfigKeys (ConfUtils.java:logGet(43)) - raft.server.retrycache.expirytime = 600000ms (custom)
2019-09-25 05:42:38,632 [pool-277-thread-1] INFO  impl.RaftServerImpl (RaftServerImpl.java:start(185)) - 58daec77-aff4-491d-ba85-1aa585d4f08b@group-9B36E58C2B41: start as a follower, conf=-1: [58daec77-aff4-491d-ba85-1aa585d4f08b:192.168.5.161:39671], old=null
2019-09-25 05:42:38,632 [pool-277-thread-1] INFO  impl.RaftServerImpl (RaftServerImpl.java:setRole(174)) - 58daec77-aff4-491d-ba85-1aa585d4f08b@group-9B36E58C2B41: changes role from      null to FOLLOWER at term 0 for startAsFollower
2019-09-25 05:42:38,633 [pool-277-thread-1] INFO  impl.RoleInfo (RoleInfo.java:updateAndGet(143)) - 58daec77-aff4-491d-ba85-1aa585d4f08b: start FollowerState
2019-09-25 05:42:38,633 [pool-277-thread-1] INFO  util.JmxRegister (JmxRegister.java:tryRegister(44)) - Successfully registered JMX Bean with object name Ratis:service=RaftServer,group=group-9B36E58C2B41,id=58daec77-aff4-491d-ba85-1aa585d4f08b
2019-09-25 05:42:38,637 [RatisPipelineUtilsThread] INFO  pipeline.PipelineStateManager (PipelineStateManager.java:addPipeline(56)) - Created pipeline Pipeline[ Id: c0a17e64-3fb4-47e7-a795-9b36e58c2b41, Nodes: 58daec77-aff4-491d-ba85-1aa585d4f08b{ip: 192.168.5.161, host: pr-hdds-1569-zxpks-796972592, networkLocation: /default-rack, certSerialId: null}, Type:RATIS, Factor:ONE, State:OPEN]
2019-09-25 05:42:38,643 [grpc-default-executor-0] INFO  impl.RaftServerProxy (RaftServerProxy.java:addNew(89)) - 58daec77-aff4-491d-ba85-1aa585d4f08b: addNew group-0C95B38539E5:[58daec77-aff4-491d-ba85-1aa585d4f08b:192.168.5.161:39671] returns group-0C95B38539E5:java.util.concurrent.CompletableFuture@68a736e7[Not completed]
2019-09-25 05:42:38,643 [pool-277-thread-1] INFO  impl.RaftServerImpl (RaftServerImpl.java:<init>(95)) - 58daec77-aff4-491d-ba85-1aa585d4f08b: new RaftServerImpl for group-0C95B38539E5:[58daec77-aff4-491d-ba85-1aa585d4f08b:192.168.5.161:39671] with ContainerStateMachine:uninitialized
2019-09-25 05:42:38,644 [pool-277-thread-1] INFO  server.RaftServerConfigKeys (ConfUtils.java:logGet(43)) - raft.server.rpc.timeout.min = 5s (custom)
2019-09-25 05:42:38,644 [pool-277-thread-1] INFO  server.RaftServerConfigKeys (ConfUtils.java:logGet(43)) - raft.server.rpc.timeout.max = 5200ms (custom)
2019-09-25 05:42:38,644 [pool-277-thread-1] INFO  server.RaftServerConfigKeys (ConfUtils.java:logGet(43)) - raft.server.rpcslowness.timeout = 120s (custom)
2019-09-25 05:42:38,644 [pool-277-thread-1] INFO  server.RaftServerConfigKeys (ConfUtils.java:logGet(43)) - raft.server.sleep.deviation.threshold = 300 (default)
2019-09-25 05:42:38,644 [pool-277-thread-1] INFO  server.RaftServerConfigKeys (ConfUtils.java:logGet(43)) - raft.server.log.appender.install.snapshot.enabled = false (custom)
2019-09-25 05:42:38,644 [pool-277-thread-1] INFO  impl.RaftServerImpl (ServerState.java:<init>(103)) - 58daec77-aff4-491d-ba85-1aa585d4f08b@group-0C95B38539E5: ConfigurationManager, init=-1: [58daec77-aff4-491d-ba85-1aa585d4f08b:192.168.5.161:39671], old=null, confs=<EMPTY_MAP>
2019-09-25 05:42:38,644 [pool-277-thread-1] INFO  server.RaftServerConfigKeys (ConfUtils.java:logGet(43)) - raft.server.storage.dir = [/workdir/hadoop-ozone/ozonefs/target/test-dir/MiniOzoneClusterImpl-8092fc99-e7d4-4546-90f2-fad71804b857/datanode-0/data/ratis] (custom)
2019-09-25 05:42:38,645 [pool-277-thread-1] INFO  storage.RaftStorageDirectory (RaftStorageDirectory.java:analyzeStorage(246)) - The storage directory /workdir/hadoop-ozone/ozonefs/target/test-dir/MiniOzoneClusterImpl-8092fc99-e7d4-4546-90f2-fad71804b857/datanode-0/data/ratis/4268fb1f-cb58-4565-8d72-0c95b38539e5 does not exist. Creating ...
2019-09-25 05:42:38,658 [pool-277-thread-1] INFO  storage.RaftStorageDirectory (RaftStorageDirectory.java:tryLock(328)) - Lock on /workdir/hadoop-ozone/ozonefs/target/test-dir/MiniOzoneClusterImpl-8092fc99-e7d4-4546-90f2-fad71804b857/datanode-0/data/ratis/4268fb1f-cb58-4565-8d72-0c95b38539e5/in_use.lock acquired by nodename 26555@pr-hdds-1569-zxpks-796972592
2019-09-25 05:42:38,663 [IPC Server handler 0 on 43232] INFO  net.NetworkTopology (NetworkTopologyImpl.java:add(111)) - Added a new node: /default-rack/3d5c87da-2134-43b6-965f-09d6bd503039
2019-09-25 05:42:38,663 [IPC Server handler 0 on 43232] INFO  node.SCMNodeManager (SCMNodeManager.java:register(266)) - Registered Data node : 3d5c87da-2134-43b6-965f-09d6bd503039{ip: 192.168.5.161, host: pr-hdds-1569-zxpks-796972592, networkLocation: /default-rack, certSerialId: null}
2019-09-25 05:42:38,671 [pool-277-thread-1] INFO  storage.RaftStorage (RaftStorage.java:format(72)) - Storage directory /workdir/hadoop-ozone/ozonefs/target/test-dir/MiniOzoneClusterImpl-8092fc99-e7d4-4546-90f2-fad71804b857/datanode-0/data/ratis/4268fb1f-cb58-4565-8d72-0c95b38539e5 has been successfully formatted.
2019-09-25 05:42:38,672 [pool-277-thread-1] INFO  ratis.ContainerStateMachine (ContainerStateMachine.java:loadSnapshot(230)) - group-0C95B38539E5: The snapshot info is null. Setting the last applied indexto:(t:0, i:~)
2019-09-25 05:42:38,672 [pool-277-thread-1] INFO  server.RaftServerConfigKeys (ConfUtils.java:logGet(43)) - raft.server.notification.no-leader.timeout = 120s (custom)
2019-09-25 05:42:38,672 [pool-277-thread-1] INFO  server.RaftServerConfigKeys (ConfUtils.java:logGet(43)) - raft.server.log.use.memory = false (default)
2019-09-25 05:42:38,672 [pool-277-thread-1] INFO  server.RaftServerConfigKeys (ConfUtils.java:logGet(43)) - raft.server.log.purge.gap = 1000000 (custom)
2019-09-25 05:42:38,672 [pool-277-thread-1] INFO  server.RaftServerConfigKeys (ConfUtils.java:logGet(43)) - raft.server.log.appender.buffer.byte-limit = 33554432 (custom)
2019-09-25 05:42:38,673 [pool-277-thread-1] INFO  server.RaftServerConfigKeys (ConfUtils.java:logGet(43)) - raft.server.log.segment.size.max = 1048576 (custom)
2019-09-25 05:42:38,673 [pool-277-thread-1] INFO  server.RaftServerConfigKeys (ConfUtils.java:logGet(43)) - raft.server.log.segment.cache.num.max = 2 (custom)
2019-09-25 05:42:38,673 [pool-277-thread-1] INFO  segmented.SegmentedRaftLogWorker (SegmentedRaftLogWorker.java:<init>(172)) - new 58daec77-aff4-491d-ba85-1aa585d4f08b@group-0C95B38539E5-SegmentedRaftLogWorker for RaftStorage:Storage Directory /workdir/hadoop-ozone/ozonefs/target/test-dir/MiniOzoneClusterImpl-8092fc99-e7d4-4546-90f2-fad71804b857/datanode-0/data/ratis/4268fb1f-cb58-4565-8d72-0c95b38539e5
2019-09-25 05:42:38,673 [pool-277-thread-1] INFO  server.RaftServerConfigKeys (ConfUtils.java:logGet(43)) - raft.server.log.queue.byte-limit = 2147483647 (custom)
2019-09-25 05:42:38,673 [pool-277-thread-1] INFO  server.RaftServerConfigKeys (ConfUtils.java:logGet(43)) - raft.server.log.queue.element-limit = 1024 (custom)
2019-09-25 05:42:38,673 [pool-277-thread-1] INFO  server.RaftServerConfigKeys (ConfUtils.java:logGet(43)) - raft.server.log.segment.size.max = 1048576 (custom)
2019-09-25 05:42:38,674 [pool-277-thread-1] INFO  server.RaftServerConfigKeys (ConfUtils.java:logGet(43)) - raft.server.log.preallocated.size = 16384 (custom)
2019-09-25 05:42:38,674 [pool-277-thread-1] INFO  server.RaftServerConfigKeys (ConfUtils.java:logGet(43)) - raft.server.log.write.buffer.size = 33554432 (custom)
2019-09-25 05:42:38,674 [pool-277-thread-1] INFO  server.RaftServerConfigKeys (ConfUtils.java:logGet(43)) - raft.server.log.force.sync.num = 128 (default)
2019-09-25 05:42:38,674 [pool-277-thread-1] INFO  server.RaftServerConfigKeys (ConfUtils.java:logGet(43)) - raft.server.log.statemachine.data.sync = true (default)
2019-09-25 05:42:38,674 [pool-277-thread-1] INFO  server.RaftServerConfigKeys (ConfUtils.java:logGet(43)) - raft.server.log.statemachine.data.sync.timeout = 10s (default)
2019-09-25 05:42:38,674 [pool-277-thread-1] INFO  server.RaftServerConfigKeys (ConfUtils.java:logGet(43)) - raft.server.log.statemachine.data.sync.timeout.retry = -1 (default)
2019-09-25 05:42:38,675 [pool-277-thread-1] INFO  server.RaftServerConfigKeys (ConfUtils.java:logGet(43)) - raft.server.log.statemachine.data.caching.enabled = true (custom)
2019-09-25 05:42:38,675 [pool-277-thread-1] INFO  segmented.SegmentedRaftLogWorker (SegmentedRaftLogWorker.java:lambda$new$0(132)) - 58daec77-aff4-491d-ba85-1aa585d4f08b@group-0C95B38539E5-SegmentedRaftLogWorker: flushIndex: setUnconditionally 0 -> -1
2019-09-25 05:42:38,675 [pool-277-thread-1] INFO  server.RaftServerConfigKeys (ConfUtils.java:logGet(43)) - raft.server.snapshot.auto.trigger.enabled = true (custom)
2019-09-25 05:42:38,676 [pool-277-thread-1] INFO  server.RaftServerConfigKeys (ConfUtils.java:logGet(43)) - raft.server.snapshot.auto.trigger.threshold = 10000 (custom)
2019-09-25 05:42:38,676 [pool-277-thread-1] INFO  server.RaftServerConfigKeys (ConfUtils.java:logGet(43)) - raft.server.snapshot.retention.num.files = 5 (custom)
2019-09-25 05:42:38,676 [pool-277-thread-1] INFO  server.RaftServerConfigKeys (ConfUtils.java:logGet(43)) - raft.server.retrycache.expirytime = 600000ms (custom)
2019-09-25 05:42:38,678 [pool-277-thread-1] INFO  impl.RaftServerImpl (RaftServerImpl.java:start(185)) - 58daec77-aff4-491d-ba85-1aa585d4f08b@group-0C95B38539E5: start as a follower, conf=-1: [58daec77-aff4-491d-ba85-1aa585d4f08b:192.168.5.161:39671], old=null
2019-09-25 05:42:38,678 [pool-277-thread-1] INFO  impl.RaftServerImpl (RaftServerImpl.java:setRole(174)) - 58daec77-aff4-491d-ba85-1aa585d4f08b@group-0C95B38539E5: changes role from      null to FOLLOWER at term 0 for startAsFollower
2019-09-25 05:42:38,678 [pool-277-thread-1] INFO  impl.RoleInfo (RoleInfo.java:updateAndGet(143)) - 58daec77-aff4-491d-ba85-1aa585d4f08b: start FollowerState
2019-09-25 05:42:38,679 [pool-277-thread-1] INFO  util.JmxRegister (JmxRegister.java:tryRegister(44)) - Successfully registered JMX Bean with object name Ratis:service=RaftServer,group=group-0C95B38539E5,id=58daec77-aff4-491d-ba85-1aa585d4f08b
2019-09-25 05:42:38,682 [RatisPipelineUtilsThread] INFO  pipeline.PipelineStateManager (PipelineStateManager.java:addPipeline(56)) - Created pipeline Pipeline[ Id: 4268fb1f-cb58-4565-8d72-0c95b38539e5, Nodes: 58daec77-aff4-491d-ba85-1aa585d4f08b{ip: 192.168.5.161, host: pr-hdds-1569-zxpks-796972592, networkLocation: /default-rack, certSerialId: null}, Type:RATIS, Factor:ONE, State:OPEN]
2019-09-25 05:42:38,687 [grpc-default-executor-0] INFO  impl.RaftServerProxy (RaftServerProxy.java:addNew(89)) - 58daec77-aff4-491d-ba85-1aa585d4f08b: addNew group-370000DB7120:[58daec77-aff4-491d-ba85-1aa585d4f08b:192.168.5.161:39671] returns group-370000DB7120:java.util.concurrent.CompletableFuture@399b53aa[Not completed]
2019-09-25 05:42:38,688 [pool-277-thread-1] INFO  impl.RaftServerImpl (RaftServerImpl.java:<init>(95)) - 58daec77-aff4-491d-ba85-1aa585d4f08b: new RaftServerImpl for group-370000DB7120:[58daec77-aff4-491d-ba85-1aa585d4f08b:192.168.5.161:39671] with ContainerStateMachine:uninitialized
2019-09-25 05:42:38,688 [pool-277-thread-1] INFO  server.RaftServerConfigKeys (ConfUtils.java:logGet(43)) - raft.server.rpc.timeout.min = 5s (custom)
2019-09-25 05:42:38,688 [pool-277-thread-1] INFO  server.RaftServerConfigKeys (ConfUtils.java:logGet(43)) - raft.server.rpc.timeout.max = 5200ms (custom)
2019-09-25 05:42:38,689 [pool-277-thread-1] INFO  server.RaftServerConfigKeys (ConfUtils.java:logGet(43)) - raft.server.rpcslowness.timeout = 120s (custom)
2019-09-25 05:42:38,689 [pool-277-thread-1] INFO  server.RaftServerConfigKeys (ConfUtils.java:logGet(43)) - raft.server.sleep.deviation.threshold = 300 (default)
2019-09-25 05:42:38,689 [pool-277-thread-1] INFO  server.RaftServerConfigKeys (ConfUtils.java:logGet(43)) - raft.server.log.appender.install.snapshot.enabled = false (custom)
2019-09-25 05:42:38,689 [pool-277-thread-1] INFO  impl.RaftServerImpl (ServerState.java:<init>(103)) - 58daec77-aff4-491d-ba85-1aa585d4f08b@group-370000DB7120: ConfigurationManager, init=-1: [58daec77-aff4-491d-ba85-1aa585d4f08b:192.168.5.161:39671], old=null, confs=<EMPTY_MAP>
2019-09-25 05:42:38,689 [pool-277-thread-1] INFO  server.RaftServerConfigKeys (ConfUtils.java:logGet(43)) - raft.server.storage.dir = [/workdir/hadoop-ozone/ozonefs/target/test-dir/MiniOzoneClusterImpl-8092fc99-e7d4-4546-90f2-fad71804b857/datanode-0/data/ratis] (custom)
2019-09-25 05:42:38,690 [pool-277-thread-1] INFO  storage.RaftStorageDirectory (RaftStorageDirectory.java:analyzeStorage(246)) - The storage directory /workdir/hadoop-ozone/ozonefs/target/test-dir/MiniOzoneClusterImpl-8092fc99-e7d4-4546-90f2-fad71804b857/datanode-0/data/ratis/a167dc51-e2c0-4813-92c0-370000db7120 does not exist. Creating ...
2019-09-25 05:42:38,702 [pool-277-thread-1] INFO  storage.RaftStorageDirectory (RaftStorageDirectory.java:tryLock(328)) - Lock on /workdir/hadoop-ozone/ozonefs/target/test-dir/MiniOzoneClusterImpl-8092fc99-e7d4-4546-90f2-fad71804b857/datanode-0/data/ratis/a167dc51-e2c0-4813-92c0-370000db7120/in_use.lock acquired by nodename 26555@pr-hdds-1569-zxpks-796972592
2019-09-25 05:42:38,715 [pool-277-thread-1] INFO  storage.RaftStorage (RaftStorage.java:format(72)) - Storage directory /workdir/hadoop-ozone/ozonefs/target/test-dir/MiniOzoneClusterImpl-8092fc99-e7d4-4546-90f2-fad71804b857/datanode-0/data/ratis/a167dc51-e2c0-4813-92c0-370000db7120 has been successfully formatted.
2019-09-25 05:42:38,716 [pool-277-thread-1] INFO  ratis.ContainerStateMachine (ContainerStateMachine.java:loadSnapshot(230)) - group-370000DB7120: The snapshot info is null. Setting the last applied indexto:(t:0, i:~)
2019-09-25 05:42:38,716 [pool-277-thread-1] INFO  server.RaftServerConfigKeys (ConfUtils.java:logGet(43)) - raft.server.notification.no-leader.timeout = 120s (custom)
2019-09-25 05:42:38,716 [pool-277-thread-1] INFO  server.RaftServerConfigKeys (ConfUtils.java:logGet(43)) - raft.server.log.use.memory = false (default)
2019-09-25 05:42:38,716 [pool-277-thread-1] INFO  server.RaftServerConfigKeys (ConfUtils.java:logGet(43)) - raft.server.log.purge.gap = 1000000 (custom)
2019-09-25 05:42:38,716 [pool-277-thread-1] INFO  server.RaftServerConfigKeys (ConfUtils.java:logGet(43)) - raft.server.log.appender.buffer.byte-limit = 33554432 (custom)
2019-09-25 05:42:38,716 [pool-277-thread-1] INFO  server.RaftServerConfigKeys (ConfUtils.java:logGet(43)) - raft.server.log.segment.size.max = 1048576 (custom)
2019-09-25 05:42:38,716 [pool-277-thread-1] INFO  server.RaftServerConfigKeys (ConfUtils.java:logGet(43)) - raft.server.log.segment.cache.num.max = 2 (custom)
2019-09-25 05:42:38,717 [pool-277-thread-1] INFO  segmented.SegmentedRaftLogWorker (SegmentedRaftLogWorker.java:<init>(172)) - new 58daec77-aff4-491d-ba85-1aa585d4f08b@group-370000DB7120-SegmentedRaftLogWorker for RaftStorage:Storage Directory /workdir/hadoop-ozone/ozonefs/target/test-dir/MiniOzoneClusterImpl-8092fc99-e7d4-4546-90f2-fad71804b857/datanode-0/data/ratis/a167dc51-e2c0-4813-92c0-370000db7120
2019-09-25 05:42:38,717 [pool-277-thread-1] INFO  server.RaftServerConfigKeys (ConfUtils.java:logGet(43)) - raft.server.log.queue.byte-limit = 2147483647 (custom)
2019-09-25 05:42:38,717 [pool-277-thread-1] INFO  server.RaftServerConfigKeys (ConfUtils.java:logGet(43)) - raft.server.log.queue.element-limit = 1024 (custom)
2019-09-25 05:42:38,717 [pool-277-thread-1] INFO  server.RaftServerConfigKeys (ConfUtils.java:logGet(43)) - raft.server.log.segment.size.max = 1048576 (custom)
2019-09-25 05:42:38,717 [pool-277-thread-1] INFO  server.RaftServerConfigKeys (ConfUtils.java:logGet(43)) - raft.server.log.preallocated.size = 16384 (custom)
2019-09-25 05:42:38,717 [pool-277-thread-1] INFO  server.RaftServerConfigKeys (ConfUtils.java:logGet(43)) - raft.server.log.write.buffer.size = 33554432 (custom)
2019-09-25 05:42:38,717 [pool-277-thread-1] INFO  server.RaftServerConfigKeys (ConfUtils.java:logGet(43)) - raft.server.log.force.sync.num = 128 (default)
2019-09-25 05:42:38,718 [pool-277-thread-1] INFO  server.RaftServerConfigKeys (ConfUtils.java:logGet(43)) - raft.server.log.statemachine.data.sync = true (default)
2019-09-25 05:42:38,718 [pool-277-thread-1] INFO  server.RaftServerConfigKeys (ConfUtils.java:logGet(43)) - raft.server.log.statemachine.data.sync.timeout = 10s (default)
2019-09-25 05:42:38,718 [pool-277-thread-1] INFO  server.RaftServerConfigKeys (ConfUtils.java:logGet(43)) - raft.server.log.statemachine.data.sync.timeout.retry = -1 (default)
2019-09-25 05:42:38,718 [pool-277-thread-1] INFO  server.RaftServerConfigKeys (ConfUtils.java:logGet(43)) - raft.server.log.statemachine.data.caching.enabled = true (custom)
2019-09-25 05:42:38,718 [pool-277-thread-1] INFO  segmented.SegmentedRaftLogWorker (SegmentedRaftLogWorker.java:lambda$new$0(132)) - 58daec77-aff4-491d-ba85-1aa585d4f08b@group-370000DB7120-SegmentedRaftLogWorker: flushIndex: setUnconditionally 0 -> -1
2019-09-25 05:42:38,719 [pool-277-thread-1] INFO  server.RaftServerConfigKeys (ConfUtils.java:logGet(43)) - raft.server.snapshot.auto.trigger.enabled = true (custom)
2019-09-25 05:42:38,719 [pool-277-thread-1] INFO  server.RaftServerConfigKeys (ConfUtils.java:logGet(43)) - raft.server.snapshot.auto.trigger.threshold = 10000 (custom)
2019-09-25 05:42:38,719 [pool-277-thread-1] INFO  server.RaftServerConfigKeys (ConfUtils.java:logGet(43)) - raft.server.snapshot.retention.num.files = 5 (custom)
2019-09-25 05:42:38,719 [pool-277-thread-1] INFO  server.RaftServerConfigKeys (ConfUtils.java:logGet(43)) - raft.server.retrycache.expirytime = 600000ms (custom)
2019-09-25 05:42:38,721 [pool-277-thread-1] INFO  impl.RaftServerImpl (RaftServerImpl.java:start(185)) - 58daec77-aff4-491d-ba85-1aa585d4f08b@group-370000DB7120: start as a follower, conf=-1: [58daec77-aff4-491d-ba85-1aa585d4f08b:192.168.5.161:39671], old=null
2019-09-25 05:42:38,721 [pool-277-thread-1] INFO  impl.RaftServerImpl (RaftServerImpl.java:setRole(174)) - 58daec77-aff4-491d-ba85-1aa585d4f08b@group-370000DB7120: changes role from      null to FOLLOWER at term 0 for startAsFollower
2019-09-25 05:42:38,721 [pool-277-thread-1] INFO  impl.RoleInfo (RoleInfo.java:updateAndGet(143)) - 58daec77-aff4-491d-ba85-1aa585d4f08b: start FollowerState
2019-09-25 05:42:38,721 [pool-277-thread-1] INFO  util.JmxRegister (JmxRegister.java:tryRegister(44)) - Successfully registered JMX Bean with object name Ratis:service=RaftServer,group=group-370000DB7120,id=58daec77-aff4-491d-ba85-1aa585d4f08b
2019-09-25 05:42:38,725 [RatisPipelineUtilsThread] INFO  pipeline.PipelineStateManager (PipelineStateManager.java:addPipeline(56)) - Created pipeline Pipeline[ Id: a167dc51-e2c0-4813-92c0-370000db7120, Nodes: 58daec77-aff4-491d-ba85-1aa585d4f08b{ip: 192.168.5.161, host: pr-hdds-1569-zxpks-796972592, networkLocation: /default-rack, certSerialId: null}, Type:RATIS, Factor:ONE, State:OPEN]
2019-09-25 05:42:38,730 [grpc-default-executor-0] INFO  impl.RaftServerProxy (RaftServerProxy.java:addNew(89)) - 58daec77-aff4-491d-ba85-1aa585d4f08b: addNew group-AC018F553CDF:[58daec77-aff4-491d-ba85-1aa585d4f08b:192.168.5.161:39671] returns group-AC018F553CDF:java.util.concurrent.CompletableFuture@3b82a406[Not completed]
2019-09-25 05:42:38,731 [pool-277-thread-1] INFO  impl.RaftServerImpl (RaftServerImpl.java:<init>(95)) - 58daec77-aff4-491d-ba85-1aa585d4f08b: new RaftServerImpl for group-AC018F553CDF:[58daec77-aff4-491d-ba85-1aa585d4f08b:192.168.5.161:39671] with ContainerStateMachine:uninitialized
2019-09-25 05:42:38,731 [pool-277-thread-1] INFO  server.RaftServerConfigKeys (ConfUtils.java:logGet(43)) - raft.server.rpc.timeout.min = 5s (custom)
2019-09-25 05:42:38,731 [pool-277-thread-1] INFO  server.RaftServerConfigKeys (ConfUtils.java:logGet(43)) - raft.server.rpc.timeout.max = 5200ms (custom)
2019-09-25 05:42:38,732 [pool-277-thread-1] INFO  server.RaftServerConfigKeys (ConfUtils.java:logGet(43)) - raft.server.rpcslowness.timeout = 120s (custom)
2019-09-25 05:42:38,732 [pool-277-thread-1] INFO  server.RaftServerConfigKeys (ConfUtils.java:logGet(43)) - raft.server.sleep.deviation.threshold = 300 (default)
2019-09-25 05:42:38,732 [pool-277-thread-1] INFO  server.RaftServerConfigKeys (ConfUtils.java:logGet(43)) - raft.server.log.appender.install.snapshot.enabled = false (custom)
2019-09-25 05:42:38,732 [pool-277-thread-1] INFO  impl.RaftServerImpl (ServerState.java:<init>(103)) - 58daec77-aff4-491d-ba85-1aa585d4f08b@group-AC018F553CDF: ConfigurationManager, init=-1: [58daec77-aff4-491d-ba85-1aa585d4f08b:192.168.5.161:39671], old=null, confs=<EMPTY_MAP>
2019-09-25 05:42:38,732 [pool-277-thread-1] INFO  server.RaftServerConfigKeys (ConfUtils.java:logGet(43)) - raft.server.storage.dir = [/workdir/hadoop-ozone/ozonefs/target/test-dir/MiniOzoneClusterImpl-8092fc99-e7d4-4546-90f2-fad71804b857/datanode-0/data/ratis] (custom)
2019-09-25 05:42:38,732 [pool-277-thread-1] INFO  storage.RaftStorageDirectory (RaftStorageDirectory.java:analyzeStorage(246)) - The storage directory /workdir/hadoop-ozone/ozonefs/target/test-dir/MiniOzoneClusterImpl-8092fc99-e7d4-4546-90f2-fad71804b857/datanode-0/data/ratis/6fe935c2-c15b-4b1c-b4bd-ac018f553cdf does not exist. Creating ...
2019-09-25 05:42:38,739 [main] INFO  ozone.MiniOzoneClusterImpl (MiniOzoneClusterImpl.java:lambda$waitForClusterToBeReady$0(147)) - Waiting for cluster to be ready. Got 2 of 3 DN Heartbeats.
2019-09-25 05:42:38,740 [IPC Server handler 5 on 43232] INFO  net.NetworkTopology (NetworkTopologyImpl.java:add(111)) - Added a new node: /default-rack/7966b041-ddaa-48e4-85c1-e8430fd29f08
2019-09-25 05:42:38,740 [IPC Server handler 5 on 43232] INFO  node.SCMNodeManager (SCMNodeManager.java:register(266)) - Registered Data node : 7966b041-ddaa-48e4-85c1-e8430fd29f08{ip: 192.168.5.161, host: pr-hdds-1569-zxpks-796972592, networkLocation: /default-rack, certSerialId: null}
2019-09-25 05:42:38,745 [pool-277-thread-1] INFO  storage.RaftStorageDirectory (RaftStorageDirectory.java:tryLock(328)) - Lock on /workdir/hadoop-ozone/ozonefs/target/test-dir/MiniOzoneClusterImpl-8092fc99-e7d4-4546-90f2-fad71804b857/datanode-0/data/ratis/6fe935c2-c15b-4b1c-b4bd-ac018f553cdf/in_use.lock acquired by nodename 26555@pr-hdds-1569-zxpks-796972592
2019-09-25 05:42:38,758 [pool-277-thread-1] INFO  storage.RaftStorage (RaftStorage.java:format(72)) - Storage directory /workdir/hadoop-ozone/ozonefs/target/test-dir/MiniOzoneClusterImpl-8092fc99-e7d4-4546-90f2-fad71804b857/datanode-0/data/ratis/6fe935c2-c15b-4b1c-b4bd-ac018f553cdf has been successfully formatted.
2019-09-25 05:42:38,759 [pool-277-thread-1] INFO  ratis.ContainerStateMachine (ContainerStateMachine.java:loadSnapshot(230)) - group-AC018F553CDF: The snapshot info is null. Setting the last applied indexto:(t:0, i:~)
2019-09-25 05:42:38,759 [pool-277-thread-1] INFO  server.RaftServerConfigKeys (ConfUtils.java:logGet(43)) - raft.server.notification.no-leader.timeout = 120s (custom)
2019-09-25 05:42:38,759 [pool-277-thread-1] INFO  server.RaftServerConfigKeys (ConfUtils.java:logGet(43)) - raft.server.log.use.memory = false (default)
2019-09-25 05:42:38,759 [pool-277-thread-1] INFO  server.RaftServerConfigKeys (ConfUtils.java:logGet(43)) - raft.server.log.purge.gap = 1000000 (custom)
2019-09-25 05:42:38,759 [pool-277-thread-1] INFO  server.RaftServerConfigKeys (ConfUtils.java:logGet(43)) - raft.server.log.appender.buffer.byte-limit = 33554432 (custom)
2019-09-25 05:42:38,759 [pool-277-thread-1] INFO  server.RaftServerConfigKeys (ConfUtils.java:logGet(43)) - raft.server.log.segment.size.max = 1048576 (custom)
2019-09-25 05:42:38,759 [pool-277-thread-1] INFO  server.RaftServerConfigKeys (ConfUtils.java:logGet(43)) - raft.server.log.segment.cache.num.max = 2 (custom)
2019-09-25 05:42:38,760 [pool-277-thread-1] INFO  segmented.SegmentedRaftLogWorker (SegmentedRaftLogWorker.java:<init>(172)) - new 58daec77-aff4-491d-ba85-1aa585d4f08b@group-AC018F553CDF-SegmentedRaftLogWorker for RaftStorage:Storage Directory /workdir/hadoop-ozone/ozonefs/target/test-dir/MiniOzoneClusterImpl-8092fc99-e7d4-4546-90f2-fad71804b857/datanode-0/data/ratis/6fe935c2-c15b-4b1c-b4bd-ac018f553cdf
2019-09-25 05:42:38,760 [pool-277-thread-1] INFO  server.RaftServerConfigKeys (ConfUtils.java:logGet(43)) - raft.server.log.queue.byte-limit = 2147483647 (custom)
2019-09-25 05:42:38,760 [pool-277-thread-1] INFO  server.RaftServerConfigKeys (ConfUtils.java:logGet(43)) - raft.server.log.queue.element-limit = 1024 (custom)
2019-09-25 05:42:38,760 [pool-277-thread-1] INFO  server.RaftServerConfigKeys (ConfUtils.java:logGet(43)) - raft.server.log.segment.size.max = 1048576 (custom)
2019-09-25 05:42:38,760 [pool-277-thread-1] INFO  server.RaftServerConfigKeys (ConfUtils.java:logGet(43)) - raft.server.log.preallocated.size = 16384 (custom)
2019-09-25 05:42:38,760 [pool-277-thread-1] INFO  server.RaftServerConfigKeys (ConfUtils.java:logGet(43)) - raft.server.log.write.buffer.size = 33554432 (custom)
2019-09-25 05:42:38,761 [pool-277-thread-1] INFO  server.RaftServerConfigKeys (ConfUtils.java:logGet(43)) - raft.server.log.force.sync.num = 128 (default)
2019-09-25 05:42:38,761 [pool-277-thread-1] INFO  server.RaftServerConfigKeys (ConfUtils.java:logGet(43)) - raft.server.log.statemachine.data.sync = true (default)
2019-09-25 05:42:38,761 [pool-277-thread-1] INFO  server.RaftServerConfigKeys (ConfUtils.java:logGet(43)) - raft.server.log.statemachine.data.sync.timeout = 10s (default)
2019-09-25 05:42:38,761 [pool-277-thread-1] INFO  server.RaftServerConfigKeys (ConfUtils.java:logGet(43)) - raft.server.log.statemachine.data.sync.timeout.retry = -1 (default)
2019-09-25 05:42:38,761 [pool-277-thread-1] INFO  server.RaftServerConfigKeys (ConfUtils.java:logGet(43)) - raft.server.log.statemachine.data.caching.enabled = true (custom)
2019-09-25 05:42:38,761 [pool-277-thread-1] INFO  segmented.SegmentedRaftLogWorker (SegmentedRaftLogWorker.java:lambda$new$0(132)) - 58daec77-aff4-491d-ba85-1aa585d4f08b@group-AC018F553CDF-SegmentedRaftLogWorker: flushIndex: setUnconditionally 0 -> -1
2019-09-25 05:42:38,762 [pool-277-thread-1] INFO  server.RaftServerConfigKeys (ConfUtils.java:logGet(43)) - raft.server.snapshot.auto.trigger.enabled = true (custom)
2019-09-25 05:42:38,762 [pool-277-thread-1] INFO  server.RaftServerConfigKeys (ConfUtils.java:logGet(43)) - raft.server.snapshot.auto.trigger.threshold = 10000 (custom)
2019-09-25 05:42:38,762 [pool-277-thread-1] INFO  server.RaftServerConfigKeys (ConfUtils.java:logGet(43)) - raft.server.snapshot.retention.num.files = 5 (custom)
2019-09-25 05:42:38,762 [pool-277-thread-1] INFO  server.RaftServerConfigKeys (ConfUtils.java:logGet(43)) - raft.server.retrycache.expirytime = 600000ms (custom)
2019-09-25 05:42:38,764 [pool-277-thread-1] INFO  impl.RaftServerImpl (RaftServerImpl.java:start(185)) - 58daec77-aff4-491d-ba85-1aa585d4f08b@group-AC018F553CDF: start as a follower, conf=-1: [58daec77-aff4-491d-ba85-1aa585d4f08b:192.168.5.161:39671], old=null
2019-09-25 05:42:38,764 [pool-277-thread-1] INFO  impl.RaftServerImpl (RaftServerImpl.java:setRole(174)) - 58daec77-aff4-491d-ba85-1aa585d4f08b@group-AC018F553CDF: changes role from      null to FOLLOWER at term 0 for startAsFollower
2019-09-25 05:42:38,764 [pool-277-thread-1] INFO  impl.RoleInfo (RoleInfo.java:updateAndGet(143)) - 58daec77-aff4-491d-ba85-1aa585d4f08b: start FollowerState
2019-09-25 05:42:38,765 [pool-277-thread-1] INFO  util.JmxRegister (JmxRegister.java:tryRegister(44)) - Successfully registered JMX Bean with object name Ratis:service=RaftServer,group=group-AC018F553CDF,id=58daec77-aff4-491d-ba85-1aa585d4f08b
2019-09-25 05:42:38,768 [RatisPipelineUtilsThread] INFO  pipeline.PipelineStateManager (PipelineStateManager.java:addPipeline(56)) - Created pipeline Pipeline[ Id: 6fe935c2-c15b-4b1c-b4bd-ac018f553cdf, Nodes: 58daec77-aff4-491d-ba85-1aa585d4f08b{ip: 192.168.5.161, host: pr-hdds-1569-zxpks-796972592, networkLocation: /default-rack, certSerialId: null}, Type:RATIS, Factor:ONE, State:OPEN]
2019-09-25 05:42:38,773 [grpc-default-executor-0] INFO  impl.RaftServerProxy (RaftServerProxy.java:addNew(89)) - 58daec77-aff4-491d-ba85-1aa585d4f08b: addNew group-A69BA6EA9E49:[58daec77-aff4-491d-ba85-1aa585d4f08b:192.168.5.161:39671] returns group-A69BA6EA9E49:java.util.concurrent.CompletableFuture@3dd58e90[Not completed]
2019-09-25 05:42:38,774 [pool-277-thread-1] INFO  impl.RaftServerImpl (RaftServerImpl.java:<init>(95)) - 58daec77-aff4-491d-ba85-1aa585d4f08b: new RaftServerImpl for group-A69BA6EA9E49:[58daec77-aff4-491d-ba85-1aa585d4f08b:192.168.5.161:39671] with ContainerStateMachine:uninitialized
2019-09-25 05:42:38,774 [pool-277-thread-1] INFO  server.RaftServerConfigKeys (ConfUtils.java:logGet(43)) - raft.server.rpc.timeout.min = 5s (custom)
2019-09-25 05:42:38,775 [pool-277-thread-1] INFO  server.RaftServerConfigKeys (ConfUtils.java:logGet(43)) - raft.server.rpc.timeout.max = 5200ms (custom)
2019-09-25 05:42:38,775 [pool-277-thread-1] INFO  server.RaftServerConfigKeys (ConfUtils.java:logGet(43)) - raft.server.rpcslowness.timeout = 120s (custom)
2019-09-25 05:42:38,775 [pool-277-thread-1] INFO  server.RaftServerConfigKeys (ConfUtils.java:logGet(43)) - raft.server.sleep.deviation.threshold = 300 (default)
2019-09-25 05:42:38,775 [pool-277-thread-1] INFO  server.RaftServerConfigKeys (ConfUtils.java:logGet(43)) - raft.server.log.appender.install.snapshot.enabled = false (custom)
2019-09-25 05:42:38,775 [pool-277-thread-1] INFO  impl.RaftServerImpl (ServerState.java:<init>(103)) - 58daec77-aff4-491d-ba85-1aa585d4f08b@group-A69BA6EA9E49: ConfigurationManager, init=-1: [58daec77-aff4-491d-ba85-1aa585d4f08b:192.168.5.161:39671], old=null, confs=<EMPTY_MAP>
2019-09-25 05:42:38,775 [pool-277-thread-1] INFO  server.RaftServerConfigKeys (ConfUtils.java:logGet(43)) - raft.server.storage.dir = [/workdir/hadoop-ozone/ozonefs/target/test-dir/MiniOzoneClusterImpl-8092fc99-e7d4-4546-90f2-fad71804b857/datanode-0/data/ratis] (custom)
2019-09-25 05:42:38,776 [pool-277-thread-1] INFO  storage.RaftStorageDirectory (RaftStorageDirectory.java:analyzeStorage(246)) - The storage directory /workdir/hadoop-ozone/ozonefs/target/test-dir/MiniOzoneClusterImpl-8092fc99-e7d4-4546-90f2-fad71804b857/datanode-0/data/ratis/26931d07-b521-4418-a553-a69ba6ea9e49 does not exist. Creating ...
2019-09-25 05:42:38,788 [pool-277-thread-1] INFO  storage.RaftStorageDirectory (RaftStorageDirectory.java:tryLock(328)) - Lock on /workdir/hadoop-ozone/ozonefs/target/test-dir/MiniOzoneClusterImpl-8092fc99-e7d4-4546-90f2-fad71804b857/datanode-0/data/ratis/26931d07-b521-4418-a553-a69ba6ea9e49/in_use.lock acquired by nodename 26555@pr-hdds-1569-zxpks-796972592
2019-09-25 05:42:38,792 [pool-277-thread-1] INFO  storage.RaftStorage (RaftStorage.java:format(72)) - Storage directory /workdir/hadoop-ozone/ozonefs/target/test-dir/MiniOzoneClusterImpl-8092fc99-e7d4-4546-90f2-fad71804b857/datanode-0/data/ratis/26931d07-b521-4418-a553-a69ba6ea9e49 has been successfully formatted.
2019-09-25 05:42:38,792 [pool-277-thread-1] INFO  ratis.ContainerStateMachine (ContainerStateMachine.java:loadSnapshot(230)) - group-A69BA6EA9E49: The snapshot info is null. Setting the last applied indexto:(t:0, i:~)
2019-09-25 05:42:38,792 [pool-277-thread-1] INFO  server.RaftServerConfigKeys (ConfUtils.java:logGet(43)) - raft.server.notification.no-leader.timeout = 120s (custom)
2019-09-25 05:42:38,792 [pool-277-thread-1] INFO  server.RaftServerConfigKeys (ConfUtils.java:logGet(43)) - raft.server.log.use.memory = false (default)
2019-09-25 05:42:38,792 [pool-277-thread-1] INFO  server.RaftServerConfigKeys (ConfUtils.java:logGet(43)) - raft.server.log.purge.gap = 1000000 (custom)
2019-09-25 05:42:38,793 [pool-277-thread-1] INFO  server.RaftServerConfigKeys (ConfUtils.java:logGet(43)) - raft.server.log.appender.buffer.byte-limit = 33554432 (custom)
2019-09-25 05:42:38,793 [pool-277-thread-1] INFO  server.RaftServerConfigKeys (ConfUtils.java:logGet(43)) - raft.server.log.segment.size.max = 1048576 (custom)
2019-09-25 05:42:38,793 [pool-277-thread-1] INFO  server.RaftServerConfigKeys (ConfUtils.java:logGet(43)) - raft.server.log.segment.cache.num.max = 2 (custom)
2019-09-25 05:42:38,793 [pool-277-thread-1] INFO  segmented.SegmentedRaftLogWorker (SegmentedRaftLogWorker.java:<init>(172)) - new 58daec77-aff4-491d-ba85-1aa585d4f08b@group-A69BA6EA9E49-SegmentedRaftLogWorker for RaftStorage:Storage Directory /workdir/hadoop-ozone/ozonefs/target/test-dir/MiniOzoneClusterImpl-8092fc99-e7d4-4546-90f2-fad71804b857/datanode-0/data/ratis/26931d07-b521-4418-a553-a69ba6ea9e49
2019-09-25 05:42:38,793 [pool-277-thread-1] INFO  server.RaftServerConfigKeys (ConfUtils.java:logGet(43)) - raft.server.log.queue.byte-limit = 2147483647 (custom)
2019-09-25 05:42:38,793 [pool-277-thread-1] INFO  server.RaftServerConfigKeys (ConfUtils.java:logGet(43)) - raft.server.log.queue.element-limit = 1024 (custom)
2019-09-25 05:42:38,794 [pool-277-thread-1] INFO  server.RaftServerConfigKeys (ConfUtils.java:logGet(43)) - raft.server.log.segment.size.max = 1048576 (custom)
2019-09-25 05:42:38,794 [pool-277-thread-1] INFO  server.RaftServerConfigKeys (ConfUtils.java:logGet(43)) - raft.server.log.preallocated.size = 16384 (custom)
2019-09-25 05:42:38,794 [pool-277-thread-1] INFO  server.RaftServerConfigKeys (ConfUtils.java:logGet(43)) - raft.server.log.write.buffer.size = 33554432 (custom)
2019-09-25 05:42:38,794 [pool-277-thread-1] INFO  server.RaftServerConfigKeys (ConfUtils.java:logGet(43)) - raft.server.log.force.sync.num = 128 (default)
2019-09-25 05:42:38,794 [pool-277-thread-1] INFO  server.RaftServerConfigKeys (ConfUtils.java:logGet(43)) - raft.server.log.statemachine.data.sync = true (default)
2019-09-25 05:42:38,794 [pool-277-thread-1] INFO  server.RaftServerConfigKeys (ConfUtils.java:logGet(43)) - raft.server.log.statemachine.data.sync.timeout = 10s (default)
2019-09-25 05:42:38,794 [pool-277-thread-1] INFO  server.RaftServerConfigKeys (ConfUtils.java:logGet(43)) - raft.server.log.statemachine.data.sync.timeout.retry = -1 (default)
2019-09-25 05:42:38,795 [pool-277-thread-1] INFO  server.RaftServerConfigKeys (ConfUtils.java:logGet(43)) - raft.server.log.statemachine.data.caching.enabled = true (custom)
2019-09-25 05:42:38,795 [pool-277-thread-1] INFO  segmented.SegmentedRaftLogWorker (SegmentedRaftLogWorker.java:lambda$new$0(132)) - 58daec77-aff4-491d-ba85-1aa585d4f08b@group-A69BA6EA9E49-SegmentedRaftLogWorker: flushIndex: setUnconditionally 0 -> -1
2019-09-25 05:42:38,795 [pool-277-thread-1] INFO  server.RaftServerConfigKeys (ConfUtils.java:logGet(43)) - raft.server.snapshot.auto.trigger.enabled = true (custom)
2019-09-25 05:42:38,795 [pool-277-thread-1] INFO  server.RaftServerConfigKeys (ConfUtils.java:logGet(43)) - raft.server.snapshot.auto.trigger.threshold = 10000 (custom)
2019-09-25 05:42:38,796 [pool-277-thread-1] INFO  server.RaftServerConfigKeys (ConfUtils.java:logGet(43)) - raft.server.snapshot.retention.num.files = 5 (custom)
2019-09-25 05:42:38,796 [pool-277-thread-1] INFO  server.RaftServerConfigKeys (ConfUtils.java:logGet(43)) - raft.server.retrycache.expirytime = 600000ms (custom)
2019-09-25 05:42:38,797 [pool-277-thread-1] INFO  impl.RaftServerImpl (RaftServerImpl.java:start(185)) - 58daec77-aff4-491d-ba85-1aa585d4f08b@group-A69BA6EA9E49: start as a follower, conf=-1: [58daec77-aff4-491d-ba85-1aa585d4f08b:192.168.5.161:39671], old=null
2019-09-25 05:42:38,798 [pool-277-thread-1] INFO  impl.RaftServerImpl (RaftServerImpl.java:setRole(174)) - 58daec77-aff4-491d-ba85-1aa585d4f08b@group-A69BA6EA9E49: changes role from      null to FOLLOWER at term 0 for startAsFollower
2019-09-25 05:42:38,798 [pool-277-thread-1] INFO  impl.RoleInfo (RoleInfo.java:updateAndGet(143)) - 58daec77-aff4-491d-ba85-1aa585d4f08b: start FollowerState
2019-09-25 05:42:38,798 [pool-277-thread-1] INFO  util.JmxRegister (JmxRegister.java:tryRegister(44)) - Successfully registered JMX Bean with object name Ratis:service=RaftServer,group=group-A69BA6EA9E49,id=58daec77-aff4-491d-ba85-1aa585d4f08b
2019-09-25 05:42:38,801 [RatisPipelineUtilsThread] INFO  pipeline.PipelineStateManager (PipelineStateManager.java:addPipeline(56)) - Created pipeline Pipeline[ Id: 26931d07-b521-4418-a553-a69ba6ea9e49, Nodes: 58daec77-aff4-491d-ba85-1aa585d4f08b{ip: 192.168.5.161, host: pr-hdds-1569-zxpks-796972592, networkLocation: /default-rack, certSerialId: null}, Type:RATIS, Factor:ONE, State:OPEN]
2019-09-25 05:42:38,807 [grpc-default-executor-0] INFO  impl.RaftServerProxy (RaftServerProxy.java:addNew(89)) - 58daec77-aff4-491d-ba85-1aa585d4f08b: addNew group-B0D5A487C2E2:[58daec77-aff4-491d-ba85-1aa585d4f08b:192.168.5.161:39671] returns group-B0D5A487C2E2:java.util.concurrent.CompletableFuture@6450c7db[Not completed]
2019-09-25 05:42:38,808 [pool-277-thread-1] INFO  impl.RaftServerImpl (RaftServerImpl.java:<init>(95)) - 58daec77-aff4-491d-ba85-1aa585d4f08b: new RaftServerImpl for group-B0D5A487C2E2:[58daec77-aff4-491d-ba85-1aa585d4f08b:192.168.5.161:39671] with ContainerStateMachine:uninitialized
2019-09-25 05:42:38,808 [pool-277-thread-1] INFO  server.RaftServerConfigKeys (ConfUtils.java:logGet(43)) - raft.server.rpc.timeout.min = 5s (custom)
2019-09-25 05:42:38,808 [pool-277-thread-1] INFO  server.RaftServerConfigKeys (ConfUtils.java:logGet(43)) - raft.server.rpc.timeout.max = 5200ms (custom)
2019-09-25 05:42:38,808 [pool-277-thread-1] INFO  server.RaftServerConfigKeys (ConfUtils.java:logGet(43)) - raft.server.rpcslowness.timeout = 120s (custom)
2019-09-25 05:42:38,808 [pool-277-thread-1] INFO  server.RaftServerConfigKeys (ConfUtils.java:logGet(43)) - raft.server.sleep.deviation.threshold = 300 (default)
2019-09-25 05:42:38,809 [pool-277-thread-1] INFO  server.RaftServerConfigKeys (ConfUtils.java:logGet(43)) - raft.server.log.appender.install.snapshot.enabled = false (custom)
2019-09-25 05:42:38,809 [pool-277-thread-1] INFO  impl.RaftServerImpl (ServerState.java:<init>(103)) - 58daec77-aff4-491d-ba85-1aa585d4f08b@group-B0D5A487C2E2: ConfigurationManager, init=-1: [58daec77-aff4-491d-ba85-1aa585d4f08b:192.168.5.161:39671], old=null, confs=<EMPTY_MAP>
2019-09-25 05:42:38,809 [pool-277-thread-1] INFO  server.RaftServerConfigKeys (ConfUtils.java:logGet(43)) - raft.server.storage.dir = [/workdir/hadoop-ozone/ozonefs/target/test-dir/MiniOzoneClusterImpl-8092fc99-e7d4-4546-90f2-fad71804b857/datanode-0/data/ratis] (custom)
2019-09-25 05:42:38,809 [pool-277-thread-1] INFO  storage.RaftStorageDirectory (RaftStorageDirectory.java:analyzeStorage(246)) - The storage directory /workdir/hadoop-ozone/ozonefs/target/test-dir/MiniOzoneClusterImpl-8092fc99-e7d4-4546-90f2-fad71804b857/datanode-0/data/ratis/9be935ab-36fd-4455-abdd-b0d5a487c2e2 does not exist. Creating ...
2019-09-25 05:42:38,812 [pool-277-thread-1] INFO  storage.RaftStorageDirectory (RaftStorageDirectory.java:tryLock(328)) - Lock on /workdir/hadoop-ozone/ozonefs/target/test-dir/MiniOzoneClusterImpl-8092fc99-e7d4-4546-90f2-fad71804b857/datanode-0/data/ratis/9be935ab-36fd-4455-abdd-b0d5a487c2e2/in_use.lock acquired by nodename 26555@pr-hdds-1569-zxpks-796972592
2019-09-25 05:42:38,816 [pool-277-thread-1] INFO  storage.RaftStorage (RaftStorage.java:format(72)) - Storage directory /workdir/hadoop-ozone/ozonefs/target/test-dir/MiniOzoneClusterImpl-8092fc99-e7d4-4546-90f2-fad71804b857/datanode-0/data/ratis/9be935ab-36fd-4455-abdd-b0d5a487c2e2 has been successfully formatted.
2019-09-25 05:42:38,816 [pool-277-thread-1] INFO  ratis.ContainerStateMachine (ContainerStateMachine.java:loadSnapshot(230)) - group-B0D5A487C2E2: The snapshot info is null. Setting the last applied indexto:(t:0, i:~)
2019-09-25 05:42:38,816 [pool-277-thread-1] INFO  server.RaftServerConfigKeys (ConfUtils.java:logGet(43)) - raft.server.notification.no-leader.timeout = 120s (custom)
2019-09-25 05:42:38,816 [pool-277-thread-1] INFO  server.RaftServerConfigKeys (ConfUtils.java:logGet(43)) - raft.server.log.use.memory = false (default)
2019-09-25 05:42:38,817 [pool-277-thread-1] INFO  server.RaftServerConfigKeys (ConfUtils.java:logGet(43)) - raft.server.log.purge.gap = 1000000 (custom)
2019-09-25 05:42:38,817 [pool-277-thread-1] INFO  server.RaftServerConfigKeys (ConfUtils.java:logGet(43)) - raft.server.log.appender.buffer.byte-limit = 33554432 (custom)
2019-09-25 05:42:38,817 [pool-277-thread-1] INFO  server.RaftServerConfigKeys (ConfUtils.java:logGet(43)) - raft.server.log.segment.size.max = 1048576 (custom)
2019-09-25 05:42:38,817 [pool-277-thread-1] INFO  server.RaftServerConfigKeys (ConfUtils.java:logGet(43)) - raft.server.log.segment.cache.num.max = 2 (custom)
2019-09-25 05:42:38,817 [pool-277-thread-1] INFO  segmented.SegmentedRaftLogWorker (SegmentedRaftLogWorker.java:<init>(172)) - new 58daec77-aff4-491d-ba85-1aa585d4f08b@group-B0D5A487C2E2-SegmentedRaftLogWorker for RaftStorage:Storage Directory /workdir/hadoop-ozone/ozonefs/target/test-dir/MiniOzoneClusterImpl-8092fc99-e7d4-4546-90f2-fad71804b857/datanode-0/data/ratis/9be935ab-36fd-4455-abdd-b0d5a487c2e2
2019-09-25 05:42:38,817 [pool-277-thread-1] INFO  server.RaftServerConfigKeys (ConfUtils.java:logGet(43)) - raft.server.log.queue.byte-limit = 2147483647 (custom)
2019-09-25 05:42:38,818 [pool-277-thread-1] INFO  server.RaftServerConfigKeys (ConfUtils.java:logGet(43)) - raft.server.log.queue.element-limit = 1024 (custom)
2019-09-25 05:42:38,818 [pool-277-thread-1] INFO  server.RaftServerConfigKeys (ConfUtils.java:logGet(43)) - raft.server.log.segment.size.max = 1048576 (custom)
2019-09-25 05:42:38,818 [pool-277-thread-1] INFO  server.RaftServerConfigKeys (ConfUtils.java:logGet(43)) - raft.server.log.preallocated.size = 16384 (custom)
2019-09-25 05:42:38,818 [pool-277-thread-1] INFO  server.RaftServerConfigKeys (ConfUtils.java:logGet(43)) - raft.server.log.write.buffer.size = 33554432 (custom)
2019-09-25 05:42:38,818 [pool-277-thread-1] INFO  server.RaftServerConfigKeys (ConfUtils.java:logGet(43)) - raft.server.log.force.sync.num = 128 (default)
2019-09-25 05:42:38,818 [pool-277-thread-1] INFO  server.RaftServerConfigKeys (ConfUtils.java:logGet(43)) - raft.server.log.statemachine.data.sync = true (default)
2019-09-25 05:42:38,818 [pool-277-thread-1] INFO  server.RaftServerConfigKeys (ConfUtils.java:logGet(43)) - raft.server.log.statemachine.data.sync.timeout = 10s (default)
2019-09-25 05:42:38,819 [pool-277-thread-1] INFO  server.RaftServerConfigKeys (ConfUtils.java:logGet(43)) - raft.server.log.statemachine.data.sync.timeout.retry = -1 (default)
2019-09-25 05:42:38,819 [pool-277-thread-1] INFO  server.RaftServerConfigKeys (ConfUtils.java:logGet(43)) - raft.server.log.statemachine.data.caching.enabled = true (custom)
2019-09-25 05:42:38,819 [pool-277-thread-1] INFO  segmented.SegmentedRaftLogWorker (SegmentedRaftLogWorker.java:lambda$new$0(132)) - 58daec77-aff4-491d-ba85-1aa585d4f08b@group-B0D5A487C2E2-SegmentedRaftLogWorker: flushIndex: setUnconditionally 0 -> -1
2019-09-25 05:42:38,820 [pool-277-thread-1] INFO  server.RaftServerConfigKeys (ConfUtils.java:logGet(43)) - raft.server.snapshot.auto.trigger.enabled = true (custom)
2019-09-25 05:42:38,820 [pool-277-thread-1] INFO  server.RaftServerConfigKeys (ConfUtils.java:logGet(43)) - raft.server.snapshot.auto.trigger.threshold = 10000 (custom)
2019-09-25 05:42:38,820 [pool-277-thread-1] INFO  server.RaftServerConfigKeys (ConfUtils.java:logGet(43)) - raft.server.snapshot.retention.num.files = 5 (custom)
2019-09-25 05:42:38,820 [pool-277-thread-1] INFO  server.RaftServerConfigKeys (ConfUtils.java:logGet(43)) - raft.server.retrycache.expirytime = 600000ms (custom)
2019-09-25 05:42:38,822 [pool-277-thread-1] INFO  impl.RaftServerImpl (RaftServerImpl.java:start(185)) - 58daec77-aff4-491d-ba85-1aa585d4f08b@group-B0D5A487C2E2: start as a follower, conf=-1: [58daec77-aff4-491d-ba85-1aa585d4f08b:192.168.5.161:39671], old=null
2019-09-25 05:42:38,822 [pool-277-thread-1] INFO  impl.RaftServerImpl (RaftServerImpl.java:setRole(174)) - 58daec77-aff4-491d-ba85-1aa585d4f08b@group-B0D5A487C2E2: changes role from      null to FOLLOWER at term 0 for startAsFollower
2019-09-25 05:42:38,822 [pool-277-thread-1] INFO  impl.RoleInfo (RoleInfo.java:updateAndGet(143)) - 58daec77-aff4-491d-ba85-1aa585d4f08b: start FollowerState
2019-09-25 05:42:38,823 [pool-277-thread-1] INFO  util.JmxRegister (JmxRegister.java:tryRegister(44)) - Successfully registered JMX Bean with object name Ratis:service=RaftServer,group=group-B0D5A487C2E2,id=58daec77-aff4-491d-ba85-1aa585d4f08b
2019-09-25 05:42:38,826 [RatisPipelineUtilsThread] INFO  pipeline.PipelineStateManager (PipelineStateManager.java:addPipeline(56)) - Created pipeline Pipeline[ Id: 9be935ab-36fd-4455-abdd-b0d5a487c2e2, Nodes: 58daec77-aff4-491d-ba85-1aa585d4f08b{ip: 192.168.5.161, host: pr-hdds-1569-zxpks-796972592, networkLocation: /default-rack, certSerialId: null}, Type:RATIS, Factor:ONE, State:OPEN]
2019-09-25 05:42:38,826 [RatisPipelineUtilsThread] INFO  pipeline.PipelinePlacementPolicy (PipelinePlacementPolicy.java:meetCriteria(91)) - Pipeline Placement: can't place more pipeline on heavy datanode： 58daec77-aff4-491d-ba85-1aa585d4f08b Heaviness: 6 limit: 5
2019-09-25 05:42:38,835 [grpc-default-executor-0] INFO  impl.RaftServerProxy (RaftServerProxy.java:addNew(89)) - 7966b041-ddaa-48e4-85c1-e8430fd29f08: addNew group-DAD98E306F2D:[7966b041-ddaa-48e4-85c1-e8430fd29f08:192.168.5.161:40677] returns group-DAD98E306F2D:java.util.concurrent.CompletableFuture@23c5d14[Not completed]
2019-09-25 05:42:38,837 [pool-297-thread-1] INFO  impl.RaftServerImpl (RaftServerImpl.java:<init>(95)) - 7966b041-ddaa-48e4-85c1-e8430fd29f08: new RaftServerImpl for group-DAD98E306F2D:[7966b041-ddaa-48e4-85c1-e8430fd29f08:192.168.5.161:40677] with ContainerStateMachine:uninitialized
2019-09-25 05:42:38,837 [pool-297-thread-1] INFO  server.RaftServerConfigKeys (ConfUtils.java:logGet(43)) - raft.server.rpc.timeout.min = 5s (custom)
2019-09-25 05:42:38,838 [pool-297-thread-1] INFO  server.RaftServerConfigKeys (ConfUtils.java:logGet(43)) - raft.server.rpc.timeout.max = 5200ms (custom)
2019-09-25 05:42:38,838 [pool-297-thread-1] INFO  server.RaftServerConfigKeys (ConfUtils.java:logGet(43)) - raft.server.rpcslowness.timeout = 120s (custom)
2019-09-25 05:42:38,838 [pool-297-thread-1] INFO  server.RaftServerConfigKeys (ConfUtils.java:logGet(43)) - raft.server.sleep.deviation.threshold = 300 (default)
2019-09-25 05:42:38,838 [pool-297-thread-1] INFO  server.RaftServerConfigKeys (ConfUtils.java:logGet(43)) - raft.server.log.appender.install.snapshot.enabled = false (custom)
2019-09-25 05:42:38,838 [pool-297-thread-1] INFO  impl.RaftServerImpl (ServerState.java:<init>(103)) - 7966b041-ddaa-48e4-85c1-e8430fd29f08@group-DAD98E306F2D: ConfigurationManager, init=-1: [7966b041-ddaa-48e4-85c1-e8430fd29f08:192.168.5.161:40677], old=null, confs=<EMPTY_MAP>
2019-09-25 05:42:38,838 [pool-297-thread-1] INFO  server.RaftServerConfigKeys (ConfUtils.java:logGet(43)) - raft.server.storage.dir = [/workdir/hadoop-ozone/ozonefs/target/test-dir/MiniOzoneClusterImpl-8092fc99-e7d4-4546-90f2-fad71804b857/datanode-2/data/ratis] (custom)
2019-09-25 05:42:38,839 [pool-297-thread-1] INFO  storage.RaftStorageDirectory (RaftStorageDirectory.java:analyzeStorage(246)) - The storage directory /workdir/hadoop-ozone/ozonefs/target/test-dir/MiniOzoneClusterImpl-8092fc99-e7d4-4546-90f2-fad71804b857/datanode-2/data/ratis/9d07d623-9aa4-4b80-bfea-dad98e306f2d does not exist. Creating ...
2019-09-25 05:42:38,843 [pool-297-thread-1] INFO  storage.RaftStorageDirectory (RaftStorageDirectory.java:tryLock(328)) - Lock on /workdir/hadoop-ozone/ozonefs/target/test-dir/MiniOzoneClusterImpl-8092fc99-e7d4-4546-90f2-fad71804b857/datanode-2/data/ratis/9d07d623-9aa4-4b80-bfea-dad98e306f2d/in_use.lock acquired by nodename 26555@pr-hdds-1569-zxpks-796972592
2019-09-25 05:42:38,848 [pool-297-thread-1] INFO  storage.RaftStorage (RaftStorage.java:format(72)) - Storage directory /workdir/hadoop-ozone/ozonefs/target/test-dir/MiniOzoneClusterImpl-8092fc99-e7d4-4546-90f2-fad71804b857/datanode-2/data/ratis/9d07d623-9aa4-4b80-bfea-dad98e306f2d has been successfully formatted.
2019-09-25 05:42:38,849 [pool-297-thread-1] INFO  ratis.ContainerStateMachine (ContainerStateMachine.java:loadSnapshot(230)) - group-DAD98E306F2D: The snapshot info is null. Setting the last applied indexto:(t:0, i:~)
2019-09-25 05:42:38,849 [pool-297-thread-1] INFO  server.RaftServerConfigKeys (ConfUtils.java:logGet(43)) - raft.server.notification.no-leader.timeout = 120s (custom)
2019-09-25 05:42:38,849 [pool-297-thread-1] INFO  server.RaftServerConfigKeys (ConfUtils.java:logGet(43)) - raft.server.log.use.memory = false (default)
2019-09-25 05:42:38,850 [pool-297-thread-1] INFO  server.RaftServerConfigKeys (ConfUtils.java:logGet(43)) - raft.server.log.purge.gap = 1000000 (custom)
2019-09-25 05:42:38,850 [pool-297-thread-1] INFO  server.RaftServerConfigKeys (ConfUtils.java:logGet(43)) - raft.server.log.appender.buffer.byte-limit = 33554432 (custom)
2019-09-25 05:42:38,850 [pool-297-thread-1] INFO  server.RaftServerConfigKeys (ConfUtils.java:logGet(43)) - raft.server.log.segment.size.max = 1048576 (custom)
2019-09-25 05:42:38,850 [pool-297-thread-1] INFO  server.RaftServerConfigKeys (ConfUtils.java:logGet(43)) - raft.server.log.segment.cache.num.max = 2 (custom)
2019-09-25 05:42:38,851 [pool-297-thread-1] INFO  segmented.SegmentedRaftLogWorker (SegmentedRaftLogWorker.java:<init>(172)) - new 7966b041-ddaa-48e4-85c1-e8430fd29f08@group-DAD98E306F2D-SegmentedRaftLogWorker for RaftStorage:Storage Directory /workdir/hadoop-ozone/ozonefs/target/test-dir/MiniOzoneClusterImpl-8092fc99-e7d4-4546-90f2-fad71804b857/datanode-2/data/ratis/9d07d623-9aa4-4b80-bfea-dad98e306f2d
2019-09-25 05:42:38,854 [pool-297-thread-1] INFO  server.RaftServerConfigKeys (ConfUtils.java:logGet(43)) - raft.server.log.queue.byte-limit = 2147483647 (custom)
2019-09-25 05:42:38,854 [pool-297-thread-1] INFO  server.RaftServerConfigKeys (ConfUtils.java:logGet(43)) - raft.server.log.queue.element-limit = 1024 (custom)
2019-09-25 05:42:38,855 [pool-297-thread-1] INFO  server.RaftServerConfigKeys (ConfUtils.java:logGet(43)) - raft.server.log.segment.size.max = 1048576 (custom)
2019-09-25 05:42:38,855 [pool-297-thread-1] INFO  server.RaftServerConfigKeys (ConfUtils.java:logGet(43)) - raft.server.log.preallocated.size = 16384 (custom)
2019-09-25 05:42:38,855 [pool-297-thread-1] INFO  server.RaftServerConfigKeys (ConfUtils.java:logGet(43)) - raft.server.log.write.buffer.size = 33554432 (custom)
2019-09-25 05:42:38,855 [pool-297-thread-1] INFO  server.RaftServerConfigKeys (ConfUtils.java:logGet(43)) - raft.server.log.force.sync.num = 128 (default)
2019-09-25 05:42:38,855 [pool-297-thread-1] INFO  server.RaftServerConfigKeys (ConfUtils.java:logGet(43)) - raft.server.log.statemachine.data.sync = true (default)
2019-09-25 05:42:38,855 [pool-297-thread-1] INFO  server.RaftServerConfigKeys (ConfUtils.java:logGet(43)) - raft.server.log.statemachine.data.sync.timeout = 10s (default)
2019-09-25 05:42:38,856 [pool-297-thread-1] INFO  server.RaftServerConfigKeys (ConfUtils.java:logGet(43)) - raft.server.log.statemachine.data.sync.timeout.retry = -1 (default)
2019-09-25 05:42:38,856 [pool-297-thread-1] INFO  server.RaftServerConfigKeys (ConfUtils.java:logGet(43)) - raft.server.log.statemachine.data.caching.enabled = true (custom)
2019-09-25 05:42:38,856 [pool-297-thread-1] INFO  segmented.SegmentedRaftLogWorker (SegmentedRaftLogWorker.java:lambda$new$0(132)) - 7966b041-ddaa-48e4-85c1-e8430fd29f08@group-DAD98E306F2D-SegmentedRaftLogWorker: flushIndex: setUnconditionally 0 -> -1
2019-09-25 05:42:38,857 [pool-297-thread-1] INFO  server.RaftServerConfigKeys (ConfUtils.java:logGet(43)) - raft.server.snapshot.auto.trigger.enabled = true (custom)
2019-09-25 05:42:38,857 [pool-297-thread-1] INFO  server.RaftServerConfigKeys (ConfUtils.java:logGet(43)) - raft.server.snapshot.auto.trigger.threshold = 10000 (custom)
2019-09-25 05:42:38,857 [pool-297-thread-1] INFO  server.RaftServerConfigKeys (ConfUtils.java:logGet(43)) - raft.server.snapshot.retention.num.files = 5 (custom)
2019-09-25 05:42:38,857 [pool-297-thread-1] INFO  server.RaftServerConfigKeys (ConfUtils.java:logGet(43)) - raft.server.retrycache.expirytime = 600000ms (custom)
2019-09-25 05:42:38,860 [pool-297-thread-1] INFO  impl.RaftServerImpl (RaftServerImpl.java:start(185)) - 7966b041-ddaa-48e4-85c1-e8430fd29f08@group-DAD98E306F2D: start as a follower, conf=-1: [7966b041-ddaa-48e4-85c1-e8430fd29f08:192.168.5.161:40677], old=null
2019-09-25 05:42:38,860 [pool-297-thread-1] INFO  impl.RaftServerImpl (RaftServerImpl.java:setRole(174)) - 7966b041-ddaa-48e4-85c1-e8430fd29f08@group-DAD98E306F2D: changes role from      null to FOLLOWER at term 0 for startAsFollower
2019-09-25 05:42:38,860 [pool-297-thread-1] INFO  impl.RoleInfo (RoleInfo.java:updateAndGet(143)) - 7966b041-ddaa-48e4-85c1-e8430fd29f08: start FollowerState
2019-09-25 05:42:38,861 [pool-297-thread-1] INFO  util.JmxRegister (JmxRegister.java:tryRegister(44)) - Successfully registered JMX Bean with object name Ratis:service=RaftServer,group=group-DAD98E306F2D,id=7966b041-ddaa-48e4-85c1-e8430fd29f08
2019-09-25 05:42:38,864 [RatisPipelineUtilsThread] INFO  pipeline.PipelineStateManager (PipelineStateManager.java:addPipeline(56)) - Created pipeline Pipeline[ Id: 9d07d623-9aa4-4b80-bfea-dad98e306f2d, Nodes: 7966b041-ddaa-48e4-85c1-e8430fd29f08{ip: 192.168.5.161, host: pr-hdds-1569-zxpks-796972592, networkLocation: /default-rack, certSerialId: null}, Type:RATIS, Factor:ONE, State:OPEN]
2019-09-25 05:42:38,865 [RatisPipelineUtilsThread] INFO  pipeline.PipelinePlacementPolicy (PipelinePlacementPolicy.java:meetCriteria(91)) - Pipeline Placement: can't place more pipeline on heavy datanode： 58daec77-aff4-491d-ba85-1aa585d4f08b Heaviness: 6 limit: 5
2019-09-25 05:42:38,873 [grpc-default-executor-0] INFO  impl.RaftServerProxy (RaftServerProxy.java:addNew(89)) - 3d5c87da-2134-43b6-965f-09d6bd503039: addNew group-E31E15779C03:[3d5c87da-2134-43b6-965f-09d6bd503039:192.168.5.161:35775] returns group-E31E15779C03:java.util.concurrent.CompletableFuture@745624e7[Not completed]
2019-09-25 05:42:38,876 [pool-287-thread-1] INFO  impl.RaftServerImpl (RaftServerImpl.java:<init>(95)) - 3d5c87da-2134-43b6-965f-09d6bd503039: new RaftServerImpl for group-E31E15779C03:[3d5c87da-2134-43b6-965f-09d6bd503039:192.168.5.161:35775] with ContainerStateMachine:uninitialized
2019-09-25 05:42:38,876 [pool-287-thread-1] INFO  server.RaftServerConfigKeys (ConfUtils.java:logGet(43)) - raft.server.rpc.timeout.min = 5s (custom)
2019-09-25 05:42:38,876 [pool-287-thread-1] INFO  server.RaftServerConfigKeys (ConfUtils.java:logGet(43)) - raft.server.rpc.timeout.max = 5200ms (custom)
2019-09-25 05:42:38,876 [pool-287-thread-1] INFO  server.RaftServerConfigKeys (ConfUtils.java:logGet(43)) - raft.server.rpcslowness.timeout = 120s (custom)
2019-09-25 05:42:38,876 [pool-287-thread-1] INFO  server.RaftServerConfigKeys (ConfUtils.java:logGet(43)) - raft.server.sleep.deviation.threshold = 300 (default)
2019-09-25 05:42:38,876 [pool-287-thread-1] INFO  server.RaftServerConfigKeys (ConfUtils.java:logGet(43)) - raft.server.log.appender.install.snapshot.enabled = false (custom)
2019-09-25 05:42:38,876 [pool-287-thread-1] INFO  impl.RaftServerImpl (ServerState.java:<init>(103)) - 3d5c87da-2134-43b6-965f-09d6bd503039@group-E31E15779C03: ConfigurationManager, init=-1: [3d5c87da-2134-43b6-965f-09d6bd503039:192.168.5.161:35775], old=null, confs=<EMPTY_MAP>
2019-09-25 05:42:38,877 [pool-287-thread-1] INFO  server.RaftServerConfigKeys (ConfUtils.java:logGet(43)) - raft.server.storage.dir = [/workdir/hadoop-ozone/ozonefs/target/test-dir/MiniOzoneClusterImpl-8092fc99-e7d4-4546-90f2-fad71804b857/datanode-1/data/ratis] (custom)
2019-09-25 05:42:38,877 [pool-287-thread-1] INFO  storage.RaftStorageDirectory (RaftStorageDirectory.java:analyzeStorage(246)) - The storage directory /workdir/hadoop-ozone/ozonefs/target/test-dir/MiniOzoneClusterImpl-8092fc99-e7d4-4546-90f2-fad71804b857/datanode-1/data/ratis/3303a8e7-7192-4065-a850-e31e15779c03 does not exist. Creating ...
2019-09-25 05:42:38,880 [pool-287-thread-1] INFO  storage.RaftStorageDirectory (RaftStorageDirectory.java:tryLock(328)) - Lock on /workdir/hadoop-ozone/ozonefs/target/test-dir/MiniOzoneClusterImpl-8092fc99-e7d4-4546-90f2-fad71804b857/datanode-1/data/ratis/3303a8e7-7192-4065-a850-e31e15779c03/in_use.lock acquired by nodename 26555@pr-hdds-1569-zxpks-796972592
2019-09-25 05:42:38,913 [pool-287-thread-1] INFO  storage.RaftStorage (RaftStorage.java:format(72)) - Storage directory /workdir/hadoop-ozone/ozonefs/target/test-dir/MiniOzoneClusterImpl-8092fc99-e7d4-4546-90f2-fad71804b857/datanode-1/data/ratis/3303a8e7-7192-4065-a850-e31e15779c03 has been successfully formatted.
2019-09-25 05:42:38,913 [pool-287-thread-1] INFO  ratis.ContainerStateMachine (ContainerStateMachine.java:loadSnapshot(230)) - group-E31E15779C03: The snapshot info is null. Setting the last applied indexto:(t:0, i:~)
2019-09-25 05:42:38,913 [pool-287-thread-1] INFO  server.RaftServerConfigKeys (ConfUtils.java:logGet(43)) - raft.server.notification.no-leader.timeout = 120s (custom)
2019-09-25 05:42:38,913 [pool-287-thread-1] INFO  server.RaftServerConfigKeys (ConfUtils.java:logGet(43)) - raft.server.log.use.memory = false (default)
2019-09-25 05:42:38,914 [pool-287-thread-1] INFO  server.RaftServerConfigKeys (ConfUtils.java:logGet(43)) - raft.server.log.purge.gap = 1000000 (custom)
2019-09-25 05:42:38,914 [pool-287-thread-1] INFO  server.RaftServerConfigKeys (ConfUtils.java:logGet(43)) - raft.server.log.appender.buffer.byte-limit = 33554432 (custom)
2019-09-25 05:42:38,914 [pool-287-thread-1] INFO  server.RaftServerConfigKeys (ConfUtils.java:logGet(43)) - raft.server.log.segment.size.max = 1048576 (custom)
2019-09-25 05:42:38,914 [pool-287-thread-1] INFO  server.RaftServerConfigKeys (ConfUtils.java:logGet(43)) - raft.server.log.segment.cache.num.max = 2 (custom)
2019-09-25 05:42:38,914 [pool-287-thread-1] INFO  segmented.SegmentedRaftLogWorker (SegmentedRaftLogWorker.java:<init>(172)) - new 3d5c87da-2134-43b6-965f-09d6bd503039@group-E31E15779C03-SegmentedRaftLogWorker for RaftStorage:Storage Directory /workdir/hadoop-ozone/ozonefs/target/test-dir/MiniOzoneClusterImpl-8092fc99-e7d4-4546-90f2-fad71804b857/datanode-1/data/ratis/3303a8e7-7192-4065-a850-e31e15779c03
2019-09-25 05:42:38,916 [pool-287-thread-1] INFO  server.RaftServerConfigKeys (ConfUtils.java:logGet(43)) - raft.server.log.queue.byte-limit = 2147483647 (custom)
2019-09-25 05:42:38,916 [pool-287-thread-1] INFO  server.RaftServerConfigKeys (ConfUtils.java:logGet(43)) - raft.server.log.queue.element-limit = 1024 (custom)
2019-09-25 05:42:38,917 [pool-287-thread-1] INFO  server.RaftServerConfigKeys (ConfUtils.java:logGet(43)) - raft.server.log.segment.size.max = 1048576 (custom)
2019-09-25 05:42:38,917 [pool-287-thread-1] INFO  server.RaftServerConfigKeys (ConfUtils.java:logGet(43)) - raft.server.log.preallocated.size = 16384 (custom)
2019-09-25 05:42:38,917 [pool-287-thread-1] INFO  server.RaftServerConfigKeys (ConfUtils.java:logGet(43)) - raft.server.log.write.buffer.size = 33554432 (custom)
2019-09-25 05:42:38,917 [pool-287-thread-1] INFO  server.RaftServerConfigKeys (ConfUtils.java:logGet(43)) - raft.server.log.force.sync.num = 128 (default)
2019-09-25 05:42:38,917 [pool-287-thread-1] INFO  server.RaftServerConfigKeys (ConfUtils.java:logGet(43)) - raft.server.log.statemachine.data.sync = true (default)
2019-09-25 05:42:38,917 [pool-287-thread-1] INFO  server.RaftServerConfigKeys (ConfUtils.java:logGet(43)) - raft.server.log.statemachine.data.sync.timeout = 10s (default)
2019-09-25 05:42:38,918 [pool-287-thread-1] INFO  server.RaftServerConfigKeys (ConfUtils.java:logGet(43)) - raft.server.log.statemachine.data.sync.timeout.retry = -1 (default)
2019-09-25 05:42:38,918 [pool-287-thread-1] INFO  server.RaftServerConfigKeys (ConfUtils.java:logGet(43)) - raft.server.log.statemachine.data.caching.enabled = true (custom)
2019-09-25 05:42:38,918 [pool-287-thread-1] INFO  segmented.SegmentedRaftLogWorker (SegmentedRaftLogWorker.java:lambda$new$0(132)) - 3d5c87da-2134-43b6-965f-09d6bd503039@group-E31E15779C03-SegmentedRaftLogWorker: flushIndex: setUnconditionally 0 -> -1
2019-09-25 05:42:38,918 [pool-287-thread-1] INFO  server.RaftServerConfigKeys (ConfUtils.java:logGet(43)) - raft.server.snapshot.auto.trigger.enabled = true (custom)
2019-09-25 05:42:38,919 [pool-287-thread-1] INFO  server.RaftServerConfigKeys (ConfUtils.java:logGet(43)) - raft.server.snapshot.auto.trigger.threshold = 10000 (custom)
2019-09-25 05:42:38,919 [pool-287-thread-1] INFO  server.RaftServerConfigKeys (ConfUtils.java:logGet(43)) - raft.server.snapshot.retention.num.files = 5 (custom)
2019-09-25 05:42:38,919 [pool-287-thread-1] INFO  server.RaftServerConfigKeys (ConfUtils.java:logGet(43)) - raft.server.retrycache.expirytime = 600000ms (custom)
2019-09-25 05:42:38,921 [pool-287-thread-1] INFO  impl.RaftServerImpl (RaftServerImpl.java:start(185)) - 3d5c87da-2134-43b6-965f-09d6bd503039@group-E31E15779C03: start as a follower, conf=-1: [3d5c87da-2134-43b6-965f-09d6bd503039:192.168.5.161:35775], old=null
2019-09-25 05:42:38,921 [pool-287-thread-1] INFO  impl.RaftServerImpl (RaftServerImpl.java:setRole(174)) - 3d5c87da-2134-43b6-965f-09d6bd503039@group-E31E15779C03: changes role from      null to FOLLOWER at term 0 for startAsFollower
2019-09-25 05:42:38,921 [pool-287-thread-1] INFO  impl.RoleInfo (RoleInfo.java:updateAndGet(143)) - 3d5c87da-2134-43b6-965f-09d6bd503039: start FollowerState
2019-09-25 05:42:38,922 [pool-287-thread-1] INFO  util.JmxRegister (JmxRegister.java:tryRegister(44)) - Successfully registered JMX Bean with object name Ratis:service=RaftServer,group=group-E31E15779C03,id=3d5c87da-2134-43b6-965f-09d6bd503039
2019-09-25 05:42:38,925 [RatisPipelineUtilsThread] INFO  pipeline.PipelineStateManager (PipelineStateManager.java:addPipeline(56)) - Created pipeline Pipeline[ Id: 3303a8e7-7192-4065-a850-e31e15779c03, Nodes: 3d5c87da-2134-43b6-965f-09d6bd503039{ip: 192.168.5.161, host: pr-hdds-1569-zxpks-796972592, networkLocation: /default-rack, certSerialId: null}, Type:RATIS, Factor:ONE, State:OPEN]
2019-09-25 05:42:38,925 [RatisPipelineUtilsThread] INFO  pipeline.PipelinePlacementPolicy (PipelinePlacementPolicy.java:meetCriteria(91)) - Pipeline Placement: can't place more pipeline on heavy datanode： 58daec77-aff4-491d-ba85-1aa585d4f08b Heaviness: 6 limit: 5
2019-09-25 05:42:38,930 [grpc-default-executor-0] INFO  impl.RaftServerProxy (RaftServerProxy.java:addNew(89)) - 3d5c87da-2134-43b6-965f-09d6bd503039: addNew group-A751599419FD:[3d5c87da-2134-43b6-965f-09d6bd503039:192.168.5.161:35775] returns group-A751599419FD:java.util.concurrent.CompletableFuture@75d7d10b[Not completed]
2019-09-25 05:42:38,932 [pool-287-thread-1] INFO  impl.RaftServerImpl (RaftServerImpl.java:<init>(95)) - 3d5c87da-2134-43b6-965f-09d6bd503039: new RaftServerImpl for group-A751599419FD:[3d5c87da-2134-43b6-965f-09d6bd503039:192.168.5.161:35775] with ContainerStateMachine:uninitialized
2019-09-25 05:42:38,932 [pool-287-thread-1] INFO  server.RaftServerConfigKeys (ConfUtils.java:logGet(43)) - raft.server.rpc.timeout.min = 5s (custom)
2019-09-25 05:42:38,932 [pool-287-thread-1] INFO  server.RaftServerConfigKeys (ConfUtils.java:logGet(43)) - raft.server.rpc.timeout.max = 5200ms (custom)
2019-09-25 05:42:38,932 [pool-287-thread-1] INFO  server.RaftServerConfigKeys (ConfUtils.java:logGet(43)) - raft.server.rpcslowness.timeout = 120s (custom)
2019-09-25 05:42:38,932 [pool-287-thread-1] INFO  server.RaftServerConfigKeys (ConfUtils.java:logGet(43)) - raft.server.sleep.deviation.threshold = 300 (default)
2019-09-25 05:42:38,932 [pool-287-thread-1] INFO  server.RaftServerConfigKeys (ConfUtils.java:logGet(43)) - raft.server.log.appender.install.snapshot.enabled = false (custom)
2019-09-25 05:42:38,932 [pool-287-thread-1] INFO  impl.RaftServerImpl (ServerState.java:<init>(103)) - 3d5c87da-2134-43b6-965f-09d6bd503039@group-A751599419FD: ConfigurationManager, init=-1: [3d5c87da-2134-43b6-965f-09d6bd503039:192.168.5.161:35775], old=null, confs=<EMPTY_MAP>
2019-09-25 05:42:38,933 [pool-287-thread-1] INFO  server.RaftServerConfigKeys (ConfUtils.java:logGet(43)) - raft.server.storage.dir = [/workdir/hadoop-ozone/ozonefs/target/test-dir/MiniOzoneClusterImpl-8092fc99-e7d4-4546-90f2-fad71804b857/datanode-1/data/ratis] (custom)
2019-09-25 05:42:38,933 [pool-287-thread-1] INFO  storage.RaftStorageDirectory (RaftStorageDirectory.java:analyzeStorage(246)) - The storage directory /workdir/hadoop-ozone/ozonefs/target/test-dir/MiniOzoneClusterImpl-8092fc99-e7d4-4546-90f2-fad71804b857/datanode-1/data/ratis/d081db38-f92f-4c92-94e6-a751599419fd does not exist. Creating ...
2019-09-25 05:42:38,946 [pool-287-thread-1] INFO  storage.RaftStorageDirectory (RaftStorageDirectory.java:tryLock(328)) - Lock on /workdir/hadoop-ozone/ozonefs/target/test-dir/MiniOzoneClusterImpl-8092fc99-e7d4-4546-90f2-fad71804b857/datanode-1/data/ratis/d081db38-f92f-4c92-94e6-a751599419fd/in_use.lock acquired by nodename 26555@pr-hdds-1569-zxpks-796972592
2019-09-25 05:42:38,959 [pool-287-thread-1] INFO  storage.RaftStorage (RaftStorage.java:format(72)) - Storage directory /workdir/hadoop-ozone/ozonefs/target/test-dir/MiniOzoneClusterImpl-8092fc99-e7d4-4546-90f2-fad71804b857/datanode-1/data/ratis/d081db38-f92f-4c92-94e6-a751599419fd has been successfully formatted.
2019-09-25 05:42:38,959 [pool-287-thread-1] INFO  ratis.ContainerStateMachine (ContainerStateMachine.java:loadSnapshot(230)) - group-A751599419FD: The snapshot info is null. Setting the last applied indexto:(t:0, i:~)
2019-09-25 05:42:38,959 [pool-287-thread-1] INFO  server.RaftServerConfigKeys (ConfUtils.java:logGet(43)) - raft.server.notification.no-leader.timeout = 120s (custom)
2019-09-25 05:42:38,959 [pool-287-thread-1] INFO  server.RaftServerConfigKeys (ConfUtils.java:logGet(43)) - raft.server.log.use.memory = false (default)
2019-09-25 05:42:38,959 [pool-287-thread-1] INFO  server.RaftServerConfigKeys (ConfUtils.java:logGet(43)) - raft.server.log.purge.gap = 1000000 (custom)
2019-09-25 05:42:38,960 [pool-287-thread-1] INFO  server.RaftServerConfigKeys (ConfUtils.java:logGet(43)) - raft.server.log.appender.buffer.byte-limit = 33554432 (custom)
2019-09-25 05:42:38,960 [pool-287-thread-1] INFO  server.RaftServerConfigKeys (ConfUtils.java:logGet(43)) - raft.server.log.segment.size.max = 1048576 (custom)
2019-09-25 05:42:38,960 [pool-287-thread-1] INFO  server.RaftServerConfigKeys (ConfUtils.java:logGet(43)) - raft.server.log.segment.cache.num.max = 2 (custom)
2019-09-25 05:42:38,960 [pool-287-thread-1] INFO  segmented.SegmentedRaftLogWorker (SegmentedRaftLogWorker.java:<init>(172)) - new 3d5c87da-2134-43b6-965f-09d6bd503039@group-A751599419FD-SegmentedRaftLogWorker for RaftStorage:Storage Directory /workdir/hadoop-ozone/ozonefs/target/test-dir/MiniOzoneClusterImpl-8092fc99-e7d4-4546-90f2-fad71804b857/datanode-1/data/ratis/d081db38-f92f-4c92-94e6-a751599419fd
2019-09-25 05:42:38,960 [pool-287-thread-1] INFO  server.RaftServerConfigKeys (ConfUtils.java:logGet(43)) - raft.server.log.queue.byte-limit = 2147483647 (custom)
2019-09-25 05:42:38,960 [pool-287-thread-1] INFO  server.RaftServerConfigKeys (ConfUtils.java:logGet(43)) - raft.server.log.queue.element-limit = 1024 (custom)
2019-09-25 05:42:38,960 [pool-287-thread-1] INFO  server.RaftServerConfigKeys (ConfUtils.java:logGet(43)) - raft.server.log.segment.size.max = 1048576 (custom)
2019-09-25 05:42:38,961 [pool-287-thread-1] INFO  server.RaftServerConfigKeys (ConfUtils.java:logGet(43)) - raft.server.log.preallocated.size = 16384 (custom)
2019-09-25 05:42:38,961 [pool-287-thread-1] INFO  server.RaftServerConfigKeys (ConfUtils.java:logGet(43)) - raft.server.log.write.buffer.size = 33554432 (custom)
2019-09-25 05:42:38,961 [pool-287-thread-1] INFO  server.RaftServerConfigKeys (ConfUtils.java:logGet(43)) - raft.server.log.force.sync.num = 128 (default)
2019-09-25 05:42:38,961 [pool-287-thread-1] INFO  server.RaftServerConfigKeys (ConfUtils.java:logGet(43)) - raft.server.log.statemachine.data.sync = true (default)
2019-09-25 05:42:38,961 [pool-287-thread-1] INFO  server.RaftServerConfigKeys (ConfUtils.java:logGet(43)) - raft.server.log.statemachine.data.sync.timeout = 10s (default)
2019-09-25 05:42:38,961 [pool-287-thread-1] INFO  server.RaftServerConfigKeys (ConfUtils.java:logGet(43)) - raft.server.log.statemachine.data.sync.timeout.retry = -1 (default)
2019-09-25 05:42:38,962 [pool-287-thread-1] INFO  server.RaftServerConfigKeys (ConfUtils.java:logGet(43)) - raft.server.log.statemachine.data.caching.enabled = true (custom)
2019-09-25 05:42:38,962 [pool-287-thread-1] INFO  segmented.SegmentedRaftLogWorker (SegmentedRaftLogWorker.java:lambda$new$0(132)) - 3d5c87da-2134-43b6-965f-09d6bd503039@group-A751599419FD-SegmentedRaftLogWorker: flushIndex: setUnconditionally 0 -> -1
2019-09-25 05:42:38,962 [pool-287-thread-1] INFO  server.RaftServerConfigKeys (ConfUtils.java:logGet(43)) - raft.server.snapshot.auto.trigger.enabled = true (custom)
2019-09-25 05:42:38,962 [pool-287-thread-1] INFO  server.RaftServerConfigKeys (ConfUtils.java:logGet(43)) - raft.server.snapshot.auto.trigger.threshold = 10000 (custom)
2019-09-25 05:42:38,963 [pool-287-thread-1] INFO  server.RaftServerConfigKeys (ConfUtils.java:logGet(43)) - raft.server.snapshot.retention.num.files = 5 (custom)
2019-09-25 05:42:38,963 [pool-287-thread-1] INFO  server.RaftServerConfigKeys (ConfUtils.java:logGet(43)) - raft.server.retrycache.expirytime = 600000ms (custom)
2019-09-25 05:42:38,965 [pool-287-thread-1] INFO  impl.RaftServerImpl (RaftServerImpl.java:start(185)) - 3d5c87da-2134-43b6-965f-09d6bd503039@group-A751599419FD: start as a follower, conf=-1: [3d5c87da-2134-43b6-965f-09d6bd503039:192.168.5.161:35775], old=null
2019-09-25 05:42:38,965 [pool-287-thread-1] INFO  impl.RaftServerImpl (RaftServerImpl.java:setRole(174)) - 3d5c87da-2134-43b6-965f-09d6bd503039@group-A751599419FD: changes role from      null to FOLLOWER at term 0 for startAsFollower
2019-09-25 05:42:38,965 [pool-287-thread-1] INFO  impl.RoleInfo (RoleInfo.java:updateAndGet(143)) - 3d5c87da-2134-43b6-965f-09d6bd503039: start FollowerState
2019-09-25 05:42:38,965 [pool-287-thread-1] INFO  util.JmxRegister (JmxRegister.java:tryRegister(44)) - Successfully registered JMX Bean with object name Ratis:service=RaftServer,group=group-A751599419FD,id=3d5c87da-2134-43b6-965f-09d6bd503039
2019-09-25 05:42:38,968 [RatisPipelineUtilsThread] INFO  pipeline.PipelineStateManager (PipelineStateManager.java:addPipeline(56)) - Created pipeline Pipeline[ Id: d081db38-f92f-4c92-94e6-a751599419fd, Nodes: 3d5c87da-2134-43b6-965f-09d6bd503039{ip: 192.168.5.161, host: pr-hdds-1569-zxpks-796972592, networkLocation: /default-rack, certSerialId: null}, Type:RATIS, Factor:ONE, State:OPEN]
2019-09-25 05:42:38,968 [RatisPipelineUtilsThread] INFO  pipeline.PipelinePlacementPolicy (PipelinePlacementPolicy.java:meetCriteria(91)) - Pipeline Placement: can't place more pipeline on heavy datanode： 58daec77-aff4-491d-ba85-1aa585d4f08b Heaviness: 6 limit: 5
2019-09-25 05:42:38,973 [grpc-default-executor-0] INFO  impl.RaftServerProxy (RaftServerProxy.java:addNew(89)) - 3d5c87da-2134-43b6-965f-09d6bd503039: addNew group-75256B6BDD26:[3d5c87da-2134-43b6-965f-09d6bd503039:192.168.5.161:35775] returns group-75256B6BDD26:java.util.concurrent.CompletableFuture@6a9f925f[Not completed]
2019-09-25 05:42:38,974 [pool-287-thread-1] INFO  impl.RaftServerImpl (RaftServerImpl.java:<init>(95)) - 3d5c87da-2134-43b6-965f-09d6bd503039: new RaftServerImpl for group-75256B6BDD26:[3d5c87da-2134-43b6-965f-09d6bd503039:192.168.5.161:35775] with ContainerStateMachine:uninitialized
2019-09-25 05:42:38,974 [pool-287-thread-1] INFO  server.RaftServerConfigKeys (ConfUtils.java:logGet(43)) - raft.server.rpc.timeout.min = 5s (custom)
2019-09-25 05:42:38,974 [pool-287-thread-1] INFO  server.RaftServerConfigKeys (ConfUtils.java:logGet(43)) - raft.server.rpc.timeout.max = 5200ms (custom)
2019-09-25 05:42:38,975 [pool-287-thread-1] INFO  server.RaftServerConfigKeys (ConfUtils.java:logGet(43)) - raft.server.rpcslowness.timeout = 120s (custom)
2019-09-25 05:42:38,975 [pool-287-thread-1] INFO  server.RaftServerConfigKeys (ConfUtils.java:logGet(43)) - raft.server.sleep.deviation.threshold = 300 (default)
2019-09-25 05:42:38,975 [pool-287-thread-1] INFO  server.RaftServerConfigKeys (ConfUtils.java:logGet(43)) - raft.server.log.appender.install.snapshot.enabled = false (custom)
2019-09-25 05:42:38,975 [pool-287-thread-1] INFO  impl.RaftServerImpl (ServerState.java:<init>(103)) - 3d5c87da-2134-43b6-965f-09d6bd503039@group-75256B6BDD26: ConfigurationManager, init=-1: [3d5c87da-2134-43b6-965f-09d6bd503039:192.168.5.161:35775], old=null, confs=<EMPTY_MAP>
2019-09-25 05:42:38,975 [pool-287-thread-1] INFO  server.RaftServerConfigKeys (ConfUtils.java:logGet(43)) - raft.server.storage.dir = [/workdir/hadoop-ozone/ozonefs/target/test-dir/MiniOzoneClusterImpl-8092fc99-e7d4-4546-90f2-fad71804b857/datanode-1/data/ratis] (custom)
2019-09-25 05:42:38,976 [pool-287-thread-1] INFO  storage.RaftStorageDirectory (RaftStorageDirectory.java:analyzeStorage(246)) - The storage directory /workdir/hadoop-ozone/ozonefs/target/test-dir/MiniOzoneClusterImpl-8092fc99-e7d4-4546-90f2-fad71804b857/datanode-1/data/ratis/d87f4466-d808-475a-9c38-75256b6bdd26 does not exist. Creating ...
2019-09-25 05:42:38,988 [pool-287-thread-1] INFO  storage.RaftStorageDirectory (RaftStorageDirectory.java:tryLock(328)) - Lock on /workdir/hadoop-ozone/ozonefs/target/test-dir/MiniOzoneClusterImpl-8092fc99-e7d4-4546-90f2-fad71804b857/datanode-1/data/ratis/d87f4466-d808-475a-9c38-75256b6bdd26/in_use.lock acquired by nodename 26555@pr-hdds-1569-zxpks-796972592
2019-09-25 05:42:39,001 [pool-287-thread-1] INFO  storage.RaftStorage (RaftStorage.java:format(72)) - Storage directory /workdir/hadoop-ozone/ozonefs/target/test-dir/MiniOzoneClusterImpl-8092fc99-e7d4-4546-90f2-fad71804b857/datanode-1/data/ratis/d87f4466-d808-475a-9c38-75256b6bdd26 has been successfully formatted.
2019-09-25 05:42:39,002 [pool-287-thread-1] INFO  ratis.ContainerStateMachine (ContainerStateMachine.java:loadSnapshot(230)) - group-75256B6BDD26: The snapshot info is null. Setting the last applied indexto:(t:0, i:~)
2019-09-25 05:42:39,002 [pool-287-thread-1] INFO  server.RaftServerConfigKeys (ConfUtils.java:logGet(43)) - raft.server.notification.no-leader.timeout = 120s (custom)
2019-09-25 05:42:39,002 [pool-287-thread-1] INFO  server.RaftServerConfigKeys (ConfUtils.java:logGet(43)) - raft.server.log.use.memory = false (default)
2019-09-25 05:42:39,002 [pool-287-thread-1] INFO  server.RaftServerConfigKeys (ConfUtils.java:logGet(43)) - raft.server.log.purge.gap = 1000000 (custom)
2019-09-25 05:42:39,002 [pool-287-thread-1] INFO  server.RaftServerConfigKeys (ConfUtils.java:logGet(43)) - raft.server.log.appender.buffer.byte-limit = 33554432 (custom)
2019-09-25 05:42:39,003 [pool-287-thread-1] INFO  server.RaftServerConfigKeys (ConfUtils.java:logGet(43)) - raft.server.log.segment.size.max = 1048576 (custom)
2019-09-25 05:42:39,003 [pool-287-thread-1] INFO  server.RaftServerConfigKeys (ConfUtils.java:logGet(43)) - raft.server.log.segment.cache.num.max = 2 (custom)
2019-09-25 05:42:39,003 [pool-287-thread-1] INFO  segmented.SegmentedRaftLogWorker (SegmentedRaftLogWorker.java:<init>(172)) - new 3d5c87da-2134-43b6-965f-09d6bd503039@group-75256B6BDD26-SegmentedRaftLogWorker for RaftStorage:Storage Directory /workdir/hadoop-ozone/ozonefs/target/test-dir/MiniOzoneClusterImpl-8092fc99-e7d4-4546-90f2-fad71804b857/datanode-1/data/ratis/d87f4466-d808-475a-9c38-75256b6bdd26
2019-09-25 05:42:39,003 [pool-287-thread-1] INFO  server.RaftServerConfigKeys (ConfUtils.java:logGet(43)) - raft.server.log.queue.byte-limit = 2147483647 (custom)
2019-09-25 05:42:39,003 [pool-287-thread-1] INFO  server.RaftServerConfigKeys (ConfUtils.java:logGet(43)) - raft.server.log.queue.element-limit = 1024 (custom)
2019-09-25 05:42:39,003 [pool-287-thread-1] INFO  server.RaftServerConfigKeys (ConfUtils.java:logGet(43)) - raft.server.log.segment.size.max = 1048576 (custom)
2019-09-25 05:42:39,003 [pool-287-thread-1] INFO  server.RaftServerConfigKeys (ConfUtils.java:logGet(43)) - raft.server.log.preallocated.size = 16384 (custom)
2019-09-25 05:42:39,004 [pool-287-thread-1] INFO  server.RaftServerConfigKeys (ConfUtils.java:logGet(43)) - raft.server.log.write.buffer.size = 33554432 (custom)
2019-09-25 05:42:39,004 [pool-287-thread-1] INFO  server.RaftServerConfigKeys (ConfUtils.java:logGet(43)) - raft.server.log.force.sync.num = 128 (default)
2019-09-25 05:42:39,004 [pool-287-thread-1] INFO  server.RaftServerConfigKeys (ConfUtils.java:logGet(43)) - raft.server.log.statemachine.data.sync = true (default)
2019-09-25 05:42:39,004 [pool-287-thread-1] INFO  server.RaftServerConfigKeys (ConfUtils.java:logGet(43)) - raft.server.log.statemachine.data.sync.timeout = 10s (default)
2019-09-25 05:42:39,004 [pool-287-thread-1] INFO  server.RaftServerConfigKeys (ConfUtils.java:logGet(43)) - raft.server.log.statemachine.data.sync.timeout.retry = -1 (default)
2019-09-25 05:42:39,004 [pool-287-thread-1] INFO  server.RaftServerConfigKeys (ConfUtils.java:logGet(43)) - raft.server.log.statemachine.data.caching.enabled = true (custom)
2019-09-25 05:42:39,005 [pool-287-thread-1] INFO  segmented.SegmentedRaftLogWorker (SegmentedRaftLogWorker.java:lambda$new$0(132)) - 3d5c87da-2134-43b6-965f-09d6bd503039@group-75256B6BDD26-SegmentedRaftLogWorker: flushIndex: setUnconditionally 0 -> -1
2019-09-25 05:42:39,005 [pool-287-thread-1] INFO  server.RaftServerConfigKeys (ConfUtils.java:logGet(43)) - raft.server.snapshot.auto.trigger.enabled = true (custom)
2019-09-25 05:42:39,005 [pool-287-thread-1] INFO  server.RaftServerConfigKeys (ConfUtils.java:logGet(43)) - raft.server.snapshot.auto.trigger.threshold = 10000 (custom)
2019-09-25 05:42:39,005 [pool-287-thread-1] INFO  server.RaftServerConfigKeys (ConfUtils.java:logGet(43)) - raft.server.snapshot.retention.num.files = 5 (custom)
2019-09-25 05:42:39,005 [pool-287-thread-1] INFO  server.RaftServerConfigKeys (ConfUtils.java:logGet(43)) - raft.server.retrycache.expirytime = 600000ms (custom)
2019-09-25 05:42:39,007 [pool-287-thread-1] INFO  impl.RaftServerImpl (RaftServerImpl.java:start(185)) - 3d5c87da-2134-43b6-965f-09d6bd503039@group-75256B6BDD26: start as a follower, conf=-1: [3d5c87da-2134-43b6-965f-09d6bd503039:192.168.5.161:35775], old=null
2019-09-25 05:42:39,007 [pool-287-thread-1] INFO  impl.RaftServerImpl (RaftServerImpl.java:setRole(174)) - 3d5c87da-2134-43b6-965f-09d6bd503039@group-75256B6BDD26: changes role from      null to FOLLOWER at term 0 for startAsFollower
2019-09-25 05:42:39,007 [pool-287-thread-1] INFO  impl.RoleInfo (RoleInfo.java:updateAndGet(143)) - 3d5c87da-2134-43b6-965f-09d6bd503039: start FollowerState
2019-09-25 05:42:39,008 [pool-287-thread-1] INFO  util.JmxRegister (JmxRegister.java:tryRegister(44)) - Successfully registered JMX Bean with object name Ratis:service=RaftServer,group=group-75256B6BDD26,id=3d5c87da-2134-43b6-965f-09d6bd503039
2019-09-25 05:42:39,011 [RatisPipelineUtilsThread] INFO  pipeline.PipelineStateManager (PipelineStateManager.java:addPipeline(56)) - Created pipeline Pipeline[ Id: d87f4466-d808-475a-9c38-75256b6bdd26, Nodes: 3d5c87da-2134-43b6-965f-09d6bd503039{ip: 192.168.5.161, host: pr-hdds-1569-zxpks-796972592, networkLocation: /default-rack, certSerialId: null}, Type:RATIS, Factor:ONE, State:OPEN]
2019-09-25 05:42:39,011 [RatisPipelineUtilsThread] INFO  pipeline.PipelinePlacementPolicy (PipelinePlacementPolicy.java:meetCriteria(91)) - Pipeline Placement: can't place more pipeline on heavy datanode： 58daec77-aff4-491d-ba85-1aa585d4f08b Heaviness: 6 limit: 5
2019-09-25 05:42:39,017 [grpc-default-executor-0] INFO  impl.RaftServerProxy (RaftServerProxy.java:addNew(89)) - 3d5c87da-2134-43b6-965f-09d6bd503039: addNew group-742AF22A6A24:[3d5c87da-2134-43b6-965f-09d6bd503039:192.168.5.161:35775] returns group-742AF22A6A24:java.util.concurrent.CompletableFuture@25f109e5[Not completed]
2019-09-25 05:42:39,018 [pool-287-thread-1] INFO  impl.RaftServerImpl (RaftServerImpl.java:<init>(95)) - 3d5c87da-2134-43b6-965f-09d6bd503039: new RaftServerImpl for group-742AF22A6A24:[3d5c87da-2134-43b6-965f-09d6bd503039:192.168.5.161:35775] with ContainerStateMachine:uninitialized
2019-09-25 05:42:39,018 [pool-287-thread-1] INFO  server.RaftServerConfigKeys (ConfUtils.java:logGet(43)) - raft.server.rpc.timeout.min = 5s (custom)
2019-09-25 05:42:39,018 [pool-287-thread-1] INFO  server.RaftServerConfigKeys (ConfUtils.java:logGet(43)) - raft.server.rpc.timeout.max = 5200ms (custom)
2019-09-25 05:42:39,018 [pool-287-thread-1] INFO  server.RaftServerConfigKeys (ConfUtils.java:logGet(43)) - raft.server.rpcslowness.timeout = 120s (custom)
2019-09-25 05:42:39,018 [pool-287-thread-1] INFO  server.RaftServerConfigKeys (ConfUtils.java:logGet(43)) - raft.server.sleep.deviation.threshold = 300 (default)
2019-09-25 05:42:39,018 [pool-287-thread-1] INFO  server.RaftServerConfigKeys (ConfUtils.java:logGet(43)) - raft.server.log.appender.install.snapshot.enabled = false (custom)
2019-09-25 05:42:39,018 [pool-287-thread-1] INFO  impl.RaftServerImpl (ServerState.java:<init>(103)) - 3d5c87da-2134-43b6-965f-09d6bd503039@group-742AF22A6A24: ConfigurationManager, init=-1: [3d5c87da-2134-43b6-965f-09d6bd503039:192.168.5.161:35775], old=null, confs=<EMPTY_MAP>
2019-09-25 05:42:39,019 [pool-287-thread-1] INFO  server.RaftServerConfigKeys (ConfUtils.java:logGet(43)) - raft.server.storage.dir = [/workdir/hadoop-ozone/ozonefs/target/test-dir/MiniOzoneClusterImpl-8092fc99-e7d4-4546-90f2-fad71804b857/datanode-1/data/ratis] (custom)
2019-09-25 05:42:39,019 [pool-287-thread-1] INFO  storage.RaftStorageDirectory (RaftStorageDirectory.java:analyzeStorage(246)) - The storage directory /workdir/hadoop-ozone/ozonefs/target/test-dir/MiniOzoneClusterImpl-8092fc99-e7d4-4546-90f2-fad71804b857/datanode-1/data/ratis/53486c4e-d192-4412-a681-742af22a6a24 does not exist. Creating ...
2019-09-25 05:42:39,031 [pool-287-thread-1] INFO  storage.RaftStorageDirectory (RaftStorageDirectory.java:tryLock(328)) - Lock on /workdir/hadoop-ozone/ozonefs/target/test-dir/MiniOzoneClusterImpl-8092fc99-e7d4-4546-90f2-fad71804b857/datanode-1/data/ratis/53486c4e-d192-4412-a681-742af22a6a24/in_use.lock acquired by nodename 26555@pr-hdds-1569-zxpks-796972592
2019-09-25 05:42:39,044 [pool-287-thread-1] INFO  storage.RaftStorage (RaftStorage.java:format(72)) - Storage directory /workdir/hadoop-ozone/ozonefs/target/test-dir/MiniOzoneClusterImpl-8092fc99-e7d4-4546-90f2-fad71804b857/datanode-1/data/ratis/53486c4e-d192-4412-a681-742af22a6a24 has been successfully formatted.
2019-09-25 05:42:39,044 [pool-287-thread-1] INFO  ratis.ContainerStateMachine (ContainerStateMachine.java:loadSnapshot(230)) - group-742AF22A6A24: The snapshot info is null. Setting the last applied indexto:(t:0, i:~)
2019-09-25 05:42:39,044 [pool-287-thread-1] INFO  server.RaftServerConfigKeys (ConfUtils.java:logGet(43)) - raft.server.notification.no-leader.timeout = 120s (custom)
2019-09-25 05:42:39,044 [pool-287-thread-1] INFO  server.RaftServerConfigKeys (ConfUtils.java:logGet(43)) - raft.server.log.use.memory = false (default)
2019-09-25 05:42:39,044 [pool-287-thread-1] INFO  server.RaftServerConfigKeys (ConfUtils.java:logGet(43)) - raft.server.log.purge.gap = 1000000 (custom)
2019-09-25 05:42:39,045 [pool-287-thread-1] INFO  server.RaftServerConfigKeys (ConfUtils.java:logGet(43)) - raft.server.log.appender.buffer.byte-limit = 33554432 (custom)
2019-09-25 05:42:39,045 [pool-287-thread-1] INFO  server.RaftServerConfigKeys (ConfUtils.java:logGet(43)) - raft.server.log.segment.size.max = 1048576 (custom)
2019-09-25 05:42:39,045 [pool-287-thread-1] INFO  server.RaftServerConfigKeys (ConfUtils.java:logGet(43)) - raft.server.log.segment.cache.num.max = 2 (custom)
2019-09-25 05:42:39,045 [pool-287-thread-1] INFO  segmented.SegmentedRaftLogWorker (SegmentedRaftLogWorker.java:<init>(172)) - new 3d5c87da-2134-43b6-965f-09d6bd503039@group-742AF22A6A24-SegmentedRaftLogWorker for RaftStorage:Storage Directory /workdir/hadoop-ozone/ozonefs/target/test-dir/MiniOzoneClusterImpl-8092fc99-e7d4-4546-90f2-fad71804b857/datanode-1/data/ratis/53486c4e-d192-4412-a681-742af22a6a24
2019-09-25 05:42:39,045 [pool-287-thread-1] INFO  server.RaftServerConfigKeys (ConfUtils.java:logGet(43)) - raft.server.log.queue.byte-limit = 2147483647 (custom)
2019-09-25 05:42:39,045 [pool-287-thread-1] INFO  server.RaftServerConfigKeys (ConfUtils.java:logGet(43)) - raft.server.log.queue.element-limit = 1024 (custom)
2019-09-25 05:42:39,045 [pool-287-thread-1] INFO  server.RaftServerConfigKeys (ConfUtils.java:logGet(43)) - raft.server.log.segment.size.max = 1048576 (custom)
2019-09-25 05:42:39,046 [pool-287-thread-1] INFO  server.RaftServerConfigKeys (ConfUtils.java:logGet(43)) - raft.server.log.preallocated.size = 16384 (custom)
2019-09-25 05:42:39,046 [pool-287-thread-1] INFO  server.RaftServerConfigKeys (ConfUtils.java:logGet(43)) - raft.server.log.write.buffer.size = 33554432 (custom)
2019-09-25 05:42:39,046 [pool-287-thread-1] INFO  server.RaftServerConfigKeys (ConfUtils.java:logGet(43)) - raft.server.log.force.sync.num = 128 (default)
2019-09-25 05:42:39,046 [pool-287-thread-1] INFO  server.RaftServerConfigKeys (ConfUtils.java:logGet(43)) - raft.server.log.statemachine.data.sync = true (default)
2019-09-25 05:42:39,046 [pool-287-thread-1] INFO  server.RaftServerConfigKeys (ConfUtils.java:logGet(43)) - raft.server.log.statemachine.data.sync.timeout = 10s (default)
2019-09-25 05:42:39,046 [pool-287-thread-1] INFO  server.RaftServerConfigKeys (ConfUtils.java:logGet(43)) - raft.server.log.statemachine.data.sync.timeout.retry = -1 (default)
2019-09-25 05:42:39,046 [pool-287-thread-1] INFO  server.RaftServerConfigKeys (ConfUtils.java:logGet(43)) - raft.server.log.statemachine.data.caching.enabled = true (custom)
2019-09-25 05:42:39,047 [pool-287-thread-1] INFO  segmented.SegmentedRaftLogWorker (SegmentedRaftLogWorker.java:lambda$new$0(132)) - 3d5c87da-2134-43b6-965f-09d6bd503039@group-742AF22A6A24-SegmentedRaftLogWorker: flushIndex: setUnconditionally 0 -> -1
2019-09-25 05:42:39,048 [pool-287-thread-1] INFO  server.RaftServerConfigKeys (ConfUtils.java:logGet(43)) - raft.server.snapshot.auto.trigger.enabled = true (custom)
2019-09-25 05:42:39,048 [pool-287-thread-1] INFO  server.RaftServerConfigKeys (ConfUtils.java:logGet(43)) - raft.server.snapshot.auto.trigger.threshold = 10000 (custom)
2019-09-25 05:42:39,048 [pool-287-thread-1] INFO  server.RaftServerConfigKeys (ConfUtils.java:logGet(43)) - raft.server.snapshot.retention.num.files = 5 (custom)
2019-09-25 05:42:39,048 [pool-287-thread-1] INFO  server.RaftServerConfigKeys (ConfUtils.java:logGet(43)) - raft.server.retrycache.expirytime = 600000ms (custom)
2019-09-25 05:42:39,050 [pool-287-thread-1] INFO  impl.RaftServerImpl (RaftServerImpl.java:start(185)) - 3d5c87da-2134-43b6-965f-09d6bd503039@group-742AF22A6A24: start as a follower, conf=-1: [3d5c87da-2134-43b6-965f-09d6bd503039:192.168.5.161:35775], old=null
2019-09-25 05:42:39,050 [pool-287-thread-1] INFO  impl.RaftServerImpl (RaftServerImpl.java:setRole(174)) - 3d5c87da-2134-43b6-965f-09d6bd503039@group-742AF22A6A24: changes role from      null to FOLLOWER at term 0 for startAsFollower
2019-09-25 05:42:39,050 [pool-287-thread-1] INFO  impl.RoleInfo (RoleInfo.java:updateAndGet(143)) - 3d5c87da-2134-43b6-965f-09d6bd503039: start FollowerState
2019-09-25 05:42:39,050 [pool-287-thread-1] INFO  util.JmxRegister (JmxRegister.java:tryRegister(44)) - Successfully registered JMX Bean with object name Ratis:service=RaftServer,group=group-742AF22A6A24,id=3d5c87da-2134-43b6-965f-09d6bd503039
2019-09-25 05:42:39,053 [RatisPipelineUtilsThread] INFO  pipeline.PipelineStateManager (PipelineStateManager.java:addPipeline(56)) - Created pipeline Pipeline[ Id: 53486c4e-d192-4412-a681-742af22a6a24, Nodes: 3d5c87da-2134-43b6-965f-09d6bd503039{ip: 192.168.5.161, host: pr-hdds-1569-zxpks-796972592, networkLocation: /default-rack, certSerialId: null}, Type:RATIS, Factor:ONE, State:OPEN]
2019-09-25 05:42:39,054 [RatisPipelineUtilsThread] INFO  pipeline.PipelinePlacementPolicy (PipelinePlacementPolicy.java:meetCriteria(91)) - Pipeline Placement: can't place more pipeline on heavy datanode： 58daec77-aff4-491d-ba85-1aa585d4f08b Heaviness: 6 limit: 5
2019-09-25 05:42:39,059 [grpc-default-executor-0] INFO  impl.RaftServerProxy (RaftServerProxy.java:addNew(89)) - 3d5c87da-2134-43b6-965f-09d6bd503039: addNew group-5D5EB4D7B630:[3d5c87da-2134-43b6-965f-09d6bd503039:192.168.5.161:35775] returns group-5D5EB4D7B630:java.util.concurrent.CompletableFuture@43636b72[Not completed]
2019-09-25 05:42:39,060 [pool-287-thread-1] INFO  impl.RaftServerImpl (RaftServerImpl.java:<init>(95)) - 3d5c87da-2134-43b6-965f-09d6bd503039: new RaftServerImpl for group-5D5EB4D7B630:[3d5c87da-2134-43b6-965f-09d6bd503039:192.168.5.161:35775] with ContainerStateMachine:uninitialized
2019-09-25 05:42:39,060 [pool-287-thread-1] INFO  server.RaftServerConfigKeys (ConfUtils.java:logGet(43)) - raft.server.rpc.timeout.min = 5s (custom)
2019-09-25 05:42:39,060 [pool-287-thread-1] INFO  server.RaftServerConfigKeys (ConfUtils.java:logGet(43)) - raft.server.rpc.timeout.max = 5200ms (custom)
2019-09-25 05:42:39,060 [pool-287-thread-1] INFO  server.RaftServerConfigKeys (ConfUtils.java:logGet(43)) - raft.server.rpcslowness.timeout = 120s (custom)
2019-09-25 05:42:39,060 [pool-287-thread-1] INFO  server.RaftServerConfigKeys (ConfUtils.java:logGet(43)) - raft.server.sleep.deviation.threshold = 300 (default)
2019-09-25 05:42:39,060 [pool-287-thread-1] INFO  server.RaftServerConfigKeys (ConfUtils.java:logGet(43)) - raft.server.log.appender.install.snapshot.enabled = false (custom)
2019-09-25 05:42:39,061 [pool-287-thread-1] INFO  impl.RaftServerImpl (ServerState.java:<init>(103)) - 3d5c87da-2134-43b6-965f-09d6bd503039@group-5D5EB4D7B630: ConfigurationManager, init=-1: [3d5c87da-2134-43b6-965f-09d6bd503039:192.168.5.161:35775], old=null, confs=<EMPTY_MAP>
2019-09-25 05:42:39,061 [pool-287-thread-1] INFO  server.RaftServerConfigKeys (ConfUtils.java:logGet(43)) - raft.server.storage.dir = [/workdir/hadoop-ozone/ozonefs/target/test-dir/MiniOzoneClusterImpl-8092fc99-e7d4-4546-90f2-fad71804b857/datanode-1/data/ratis] (custom)
2019-09-25 05:42:39,061 [pool-287-thread-1] INFO  storage.RaftStorageDirectory (RaftStorageDirectory.java:analyzeStorage(246)) - The storage directory /workdir/hadoop-ozone/ozonefs/target/test-dir/MiniOzoneClusterImpl-8092fc99-e7d4-4546-90f2-fad71804b857/datanode-1/data/ratis/710690ab-a7fa-460f-8059-5d5eb4d7b630 does not exist. Creating ...
2019-09-25 05:42:39,087 [pool-287-thread-1] INFO  storage.RaftStorageDirectory (RaftStorageDirectory.java:tryLock(328)) - Lock on /workdir/hadoop-ozone/ozonefs/target/test-dir/MiniOzoneClusterImpl-8092fc99-e7d4-4546-90f2-fad71804b857/datanode-1/data/ratis/710690ab-a7fa-460f-8059-5d5eb4d7b630/in_use.lock acquired by nodename 26555@pr-hdds-1569-zxpks-796972592
2019-09-25 05:42:39,100 [pool-287-thread-1] INFO  storage.RaftStorage (RaftStorage.java:format(72)) - Storage directory /workdir/hadoop-ozone/ozonefs/target/test-dir/MiniOzoneClusterImpl-8092fc99-e7d4-4546-90f2-fad71804b857/datanode-1/data/ratis/710690ab-a7fa-460f-8059-5d5eb4d7b630 has been successfully formatted.
2019-09-25 05:42:39,101 [pool-287-thread-1] INFO  ratis.ContainerStateMachine (ContainerStateMachine.java:loadSnapshot(230)) - group-5D5EB4D7B630: The snapshot info is null. Setting the last applied indexto:(t:0, i:~)
2019-09-25 05:42:39,101 [pool-287-thread-1] INFO  server.RaftServerConfigKeys (ConfUtils.java:logGet(43)) - raft.server.notification.no-leader.timeout = 120s (custom)
2019-09-25 05:42:39,101 [pool-287-thread-1] INFO  server.RaftServerConfigKeys (ConfUtils.java:logGet(43)) - raft.server.log.use.memory = false (default)
2019-09-25 05:42:39,101 [pool-287-thread-1] INFO  server.RaftServerConfigKeys (ConfUtils.java:logGet(43)) - raft.server.log.purge.gap = 1000000 (custom)
2019-09-25 05:42:39,102 [pool-287-thread-1] INFO  server.RaftServerConfigKeys (ConfUtils.java:logGet(43)) - raft.server.log.appender.buffer.byte-limit = 33554432 (custom)
2019-09-25 05:42:39,102 [pool-287-thread-1] INFO  server.RaftServerConfigKeys (ConfUtils.java:logGet(43)) - raft.server.log.segment.size.max = 1048576 (custom)
2019-09-25 05:42:39,102 [pool-287-thread-1] INFO  server.RaftServerConfigKeys (ConfUtils.java:logGet(43)) - raft.server.log.segment.cache.num.max = 2 (custom)
2019-09-25 05:42:39,102 [pool-287-thread-1] INFO  segmented.SegmentedRaftLogWorker (SegmentedRaftLogWorker.java:<init>(172)) - new 3d5c87da-2134-43b6-965f-09d6bd503039@group-5D5EB4D7B630-SegmentedRaftLogWorker for RaftStorage:Storage Directory /workdir/hadoop-ozone/ozonefs/target/test-dir/MiniOzoneClusterImpl-8092fc99-e7d4-4546-90f2-fad71804b857/datanode-1/data/ratis/710690ab-a7fa-460f-8059-5d5eb4d7b630
2019-09-25 05:42:39,102 [pool-287-thread-1] INFO  server.RaftServerConfigKeys (ConfUtils.java:logGet(43)) - raft.server.log.queue.byte-limit = 2147483647 (custom)
2019-09-25 05:42:39,102 [pool-287-thread-1] INFO  server.RaftServerConfigKeys (ConfUtils.java:logGet(43)) - raft.server.log.queue.element-limit = 1024 (custom)
2019-09-25 05:42:39,102 [pool-287-thread-1] INFO  server.RaftServerConfigKeys (ConfUtils.java:logGet(43)) - raft.server.log.segment.size.max = 1048576 (custom)
2019-09-25 05:42:39,103 [pool-287-thread-1] INFO  server.RaftServerConfigKeys (ConfUtils.java:logGet(43)) - raft.server.log.preallocated.size = 16384 (custom)
2019-09-25 05:42:39,103 [pool-287-thread-1] INFO  server.RaftServerConfigKeys (ConfUtils.java:logGet(43)) - raft.server.log.write.buffer.size = 33554432 (custom)
2019-09-25 05:42:39,103 [pool-287-thread-1] INFO  server.RaftServerConfigKeys (ConfUtils.java:logGet(43)) - raft.server.log.force.sync.num = 128 (default)
2019-09-25 05:42:39,103 [pool-287-thread-1] INFO  server.RaftServerConfigKeys (ConfUtils.java:logGet(43)) - raft.server.log.statemachine.data.sync = true (default)
2019-09-25 05:42:39,103 [pool-287-thread-1] INFO  server.RaftServerConfigKeys (ConfUtils.java:logGet(43)) - raft.server.log.statemachine.data.sync.timeout = 10s (default)
2019-09-25 05:42:39,103 [pool-287-thread-1] INFO  server.RaftServerConfigKeys (ConfUtils.java:logGet(43)) - raft.server.log.statemachine.data.sync.timeout.retry = -1 (default)
2019-09-25 05:42:39,104 [pool-287-thread-1] INFO  server.RaftServerConfigKeys (ConfUtils.java:logGet(43)) - raft.server.log.statemachine.data.caching.enabled = true (custom)
2019-09-25 05:42:39,104 [pool-287-thread-1] INFO  segmented.SegmentedRaftLogWorker (SegmentedRaftLogWorker.java:lambda$new$0(132)) - 3d5c87da-2134-43b6-965f-09d6bd503039@group-5D5EB4D7B630-SegmentedRaftLogWorker: flushIndex: setUnconditionally 0 -> -1
2019-09-25 05:42:39,104 [pool-287-thread-1] INFO  server.RaftServerConfigKeys (ConfUtils.java:logGet(43)) - raft.server.snapshot.auto.trigger.enabled = true (custom)
2019-09-25 05:42:39,104 [pool-287-thread-1] INFO  server.RaftServerConfigKeys (ConfUtils.java:logGet(43)) - raft.server.snapshot.auto.trigger.threshold = 10000 (custom)
2019-09-25 05:42:39,105 [pool-287-thread-1] INFO  server.RaftServerConfigKeys (ConfUtils.java:logGet(43)) - raft.server.snapshot.retention.num.files = 5 (custom)
2019-09-25 05:42:39,105 [pool-287-thread-1] INFO  server.RaftServerConfigKeys (ConfUtils.java:logGet(43)) - raft.server.retrycache.expirytime = 600000ms (custom)
2019-09-25 05:42:39,107 [pool-287-thread-1] INFO  impl.RaftServerImpl (RaftServerImpl.java:start(185)) - 3d5c87da-2134-43b6-965f-09d6bd503039@group-5D5EB4D7B630: start as a follower, conf=-1: [3d5c87da-2134-43b6-965f-09d6bd503039:192.168.5.161:35775], old=null
2019-09-25 05:42:39,107 [pool-287-thread-1] INFO  impl.RaftServerImpl (RaftServerImpl.java:setRole(174)) - 3d5c87da-2134-43b6-965f-09d6bd503039@group-5D5EB4D7B630: changes role from      null to FOLLOWER at term 0 for startAsFollower
2019-09-25 05:42:39,107 [pool-287-thread-1] INFO  impl.RoleInfo (RoleInfo.java:updateAndGet(143)) - 3d5c87da-2134-43b6-965f-09d6bd503039: start FollowerState
2019-09-25 05:42:39,107 [pool-287-thread-1] INFO  util.JmxRegister (JmxRegister.java:tryRegister(44)) - Successfully registered JMX Bean with object name Ratis:service=RaftServer,group=group-5D5EB4D7B630,id=3d5c87da-2134-43b6-965f-09d6bd503039
2019-09-25 05:42:39,111 [RatisPipelineUtilsThread] INFO  pipeline.PipelineStateManager (PipelineStateManager.java:addPipeline(56)) - Created pipeline Pipeline[ Id: 710690ab-a7fa-460f-8059-5d5eb4d7b630, Nodes: 3d5c87da-2134-43b6-965f-09d6bd503039{ip: 192.168.5.161, host: pr-hdds-1569-zxpks-796972592, networkLocation: /default-rack, certSerialId: null}, Type:RATIS, Factor:ONE, State:OPEN]
2019-09-25 05:42:39,111 [RatisPipelineUtilsThread] INFO  pipeline.PipelinePlacementPolicy (PipelinePlacementPolicy.java:meetCriteria(91)) - Pipeline Placement: can't place more pipeline on heavy datanode： 58daec77-aff4-491d-ba85-1aa585d4f08b Heaviness: 6 limit: 5
2019-09-25 05:42:39,117 [grpc-default-executor-0] INFO  impl.RaftServerProxy (RaftServerProxy.java:addNew(89)) - 3d5c87da-2134-43b6-965f-09d6bd503039: addNew group-3D07377880A7:[3d5c87da-2134-43b6-965f-09d6bd503039:192.168.5.161:35775] returns group-3D07377880A7:java.util.concurrent.CompletableFuture@2e408681[Not completed]
2019-09-25 05:42:39,118 [pool-287-thread-1] INFO  impl.RaftServerImpl (RaftServerImpl.java:<init>(95)) - 3d5c87da-2134-43b6-965f-09d6bd503039: new RaftServerImpl for group-3D07377880A7:[3d5c87da-2134-43b6-965f-09d6bd503039:192.168.5.161:35775] with ContainerStateMachine:uninitialized
2019-09-25 05:42:39,118 [pool-287-thread-1] INFO  server.RaftServerConfigKeys (ConfUtils.java:logGet(43)) - raft.server.rpc.timeout.min = 5s (custom)
2019-09-25 05:42:39,118 [pool-287-thread-1] INFO  server.RaftServerConfigKeys (ConfUtils.java:logGet(43)) - raft.server.rpc.timeout.max = 5200ms (custom)
2019-09-25 05:42:39,118 [pool-287-thread-1] INFO  server.RaftServerConfigKeys (ConfUtils.java:logGet(43)) - raft.server.rpcslowness.timeout = 120s (custom)
2019-09-25 05:42:39,118 [pool-287-thread-1] INFO  server.RaftServerConfigKeys (ConfUtils.java:logGet(43)) - raft.server.sleep.deviation.threshold = 300 (default)
2019-09-25 05:42:39,118 [pool-287-thread-1] INFO  server.RaftServerConfigKeys (ConfUtils.java:logGet(43)) - raft.server.log.appender.install.snapshot.enabled = false (custom)
2019-09-25 05:42:39,119 [pool-287-thread-1] INFO  impl.RaftServerImpl (ServerState.java:<init>(103)) - 3d5c87da-2134-43b6-965f-09d6bd503039@group-3D07377880A7: ConfigurationManager, init=-1: [3d5c87da-2134-43b6-965f-09d6bd503039:192.168.5.161:35775], old=null, confs=<EMPTY_MAP>
2019-09-25 05:42:39,119 [pool-287-thread-1] INFO  server.RaftServerConfigKeys (ConfUtils.java:logGet(43)) - raft.server.storage.dir = [/workdir/hadoop-ozone/ozonefs/target/test-dir/MiniOzoneClusterImpl-8092fc99-e7d4-4546-90f2-fad71804b857/datanode-1/data/ratis] (custom)
2019-09-25 05:42:39,119 [pool-287-thread-1] INFO  storage.RaftStorageDirectory (RaftStorageDirectory.java:analyzeStorage(246)) - The storage directory /workdir/hadoop-ozone/ozonefs/target/test-dir/MiniOzoneClusterImpl-8092fc99-e7d4-4546-90f2-fad71804b857/datanode-1/data/ratis/ce45e7ff-2978-4d61-baf4-3d07377880a7 does not exist. Creating ...
2019-09-25 05:42:39,134 [pool-287-thread-1] INFO  storage.RaftStorageDirectory (RaftStorageDirectory.java:tryLock(328)) - Lock on /workdir/hadoop-ozone/ozonefs/target/test-dir/MiniOzoneClusterImpl-8092fc99-e7d4-4546-90f2-fad71804b857/datanode-1/data/ratis/ce45e7ff-2978-4d61-baf4-3d07377880a7/in_use.lock acquired by nodename 26555@pr-hdds-1569-zxpks-796972592
2019-09-25 05:42:39,151 [pool-287-thread-1] INFO  storage.RaftStorage (RaftStorage.java:format(72)) - Storage directory /workdir/hadoop-ozone/ozonefs/target/test-dir/MiniOzoneClusterImpl-8092fc99-e7d4-4546-90f2-fad71804b857/datanode-1/data/ratis/ce45e7ff-2978-4d61-baf4-3d07377880a7 has been successfully formatted.
2019-09-25 05:42:39,152 [pool-287-thread-1] INFO  ratis.ContainerStateMachine (ContainerStateMachine.java:loadSnapshot(230)) - group-3D07377880A7: The snapshot info is null. Setting the last applied indexto:(t:0, i:~)
2019-09-25 05:42:39,152 [pool-287-thread-1] INFO  server.RaftServerConfigKeys (ConfUtils.java:logGet(43)) - raft.server.notification.no-leader.timeout = 120s (custom)
2019-09-25 05:42:39,152 [pool-287-thread-1] INFO  server.RaftServerConfigKeys (ConfUtils.java:logGet(43)) - raft.server.log.use.memory = false (default)
2019-09-25 05:42:39,152 [pool-287-thread-1] INFO  server.RaftServerConfigKeys (ConfUtils.java:logGet(43)) - raft.server.log.purge.gap = 1000000 (custom)
2019-09-25 05:42:39,152 [pool-287-thread-1] INFO  server.RaftServerConfigKeys (ConfUtils.java:logGet(43)) - raft.server.log.appender.buffer.byte-limit = 33554432 (custom)
2019-09-25 05:42:39,153 [pool-287-thread-1] INFO  server.RaftServerConfigKeys (ConfUtils.java:logGet(43)) - raft.server.log.segment.size.max = 1048576 (custom)
2019-09-25 05:42:39,153 [pool-287-thread-1] INFO  server.RaftServerConfigKeys (ConfUtils.java:logGet(43)) - raft.server.log.segment.cache.num.max = 2 (custom)
2019-09-25 05:42:39,153 [pool-287-thread-1] INFO  segmented.SegmentedRaftLogWorker (SegmentedRaftLogWorker.java:<init>(172)) - new 3d5c87da-2134-43b6-965f-09d6bd503039@group-3D07377880A7-SegmentedRaftLogWorker for RaftStorage:Storage Directory /workdir/hadoop-ozone/ozonefs/target/test-dir/MiniOzoneClusterImpl-8092fc99-e7d4-4546-90f2-fad71804b857/datanode-1/data/ratis/ce45e7ff-2978-4d61-baf4-3d07377880a7
2019-09-25 05:42:39,153 [pool-287-thread-1] INFO  server.RaftServerConfigKeys (ConfUtils.java:logGet(43)) - raft.server.log.queue.byte-limit = 2147483647 (custom)
2019-09-25 05:42:39,153 [pool-287-thread-1] INFO  server.RaftServerConfigKeys (ConfUtils.java:logGet(43)) - raft.server.log.queue.element-limit = 1024 (custom)
2019-09-25 05:42:39,153 [pool-287-thread-1] INFO  server.RaftServerConfigKeys (ConfUtils.java:logGet(43)) - raft.server.log.segment.size.max = 1048576 (custom)
2019-09-25 05:42:39,154 [pool-287-thread-1] INFO  server.RaftServerConfigKeys (ConfUtils.java:logGet(43)) - raft.server.log.preallocated.size = 16384 (custom)
2019-09-25 05:42:39,154 [pool-287-thread-1] INFO  server.RaftServerConfigKeys (ConfUtils.java:logGet(43)) - raft.server.log.write.buffer.size = 33554432 (custom)
2019-09-25 05:42:39,154 [pool-287-thread-1] INFO  server.RaftServerConfigKeys (ConfUtils.java:logGet(43)) - raft.server.log.force.sync.num = 128 (default)
2019-09-25 05:42:39,154 [pool-287-thread-1] INFO  server.RaftServerConfigKeys (ConfUtils.java:logGet(43)) - raft.server.log.statemachine.data.sync = true (default)
2019-09-25 05:42:39,154 [pool-287-thread-1] INFO  server.RaftServerConfigKeys (ConfUtils.java:logGet(43)) - raft.server.log.statemachine.data.sync.timeout = 10s (default)
2019-09-25 05:42:39,154 [pool-287-thread-1] INFO  server.RaftServerConfigKeys (ConfUtils.java:logGet(43)) - raft.server.log.statemachine.data.sync.timeout.retry = -1 (default)
2019-09-25 05:42:39,155 [pool-287-thread-1] INFO  server.RaftServerConfigKeys (ConfUtils.java:logGet(43)) - raft.server.log.statemachine.data.caching.enabled = true (custom)
2019-09-25 05:42:39,155 [pool-287-thread-1] INFO  segmented.SegmentedRaftLogWorker (SegmentedRaftLogWorker.java:lambda$new$0(132)) - 3d5c87da-2134-43b6-965f-09d6bd503039@group-3D07377880A7-SegmentedRaftLogWorker: flushIndex: setUnconditionally 0 -> -1
2019-09-25 05:42:39,155 [pool-287-thread-1] INFO  server.RaftServerConfigKeys (ConfUtils.java:logGet(43)) - raft.server.snapshot.auto.trigger.enabled = true (custom)
2019-09-25 05:42:39,156 [pool-287-thread-1] INFO  server.RaftServerConfigKeys (ConfUtils.java:logGet(43)) - raft.server.snapshot.auto.trigger.threshold = 10000 (custom)
2019-09-25 05:42:39,156 [pool-287-thread-1] INFO  server.RaftServerConfigKeys (ConfUtils.java:logGet(43)) - raft.server.snapshot.retention.num.files = 5 (custom)
2019-09-25 05:42:39,156 [pool-287-thread-1] INFO  server.RaftServerConfigKeys (ConfUtils.java:logGet(43)) - raft.server.retrycache.expirytime = 600000ms (custom)
2019-09-25 05:42:39,158 [pool-287-thread-1] INFO  impl.RaftServerImpl (RaftServerImpl.java:start(185)) - 3d5c87da-2134-43b6-965f-09d6bd503039@group-3D07377880A7: start as a follower, conf=-1: [3d5c87da-2134-43b6-965f-09d6bd503039:192.168.5.161:35775], old=null
2019-09-25 05:42:39,158 [pool-287-thread-1] INFO  impl.RaftServerImpl (RaftServerImpl.java:setRole(174)) - 3d5c87da-2134-43b6-965f-09d6bd503039@group-3D07377880A7: changes role from      null to FOLLOWER at term 0 for startAsFollower
2019-09-25 05:42:39,158 [pool-287-thread-1] INFO  impl.RoleInfo (RoleInfo.java:updateAndGet(143)) - 3d5c87da-2134-43b6-965f-09d6bd503039: start FollowerState
2019-09-25 05:42:39,159 [pool-287-thread-1] INFO  util.JmxRegister (JmxRegister.java:tryRegister(44)) - Successfully registered JMX Bean with object name Ratis:service=RaftServer,group=group-3D07377880A7,id=3d5c87da-2134-43b6-965f-09d6bd503039
2019-09-25 05:42:39,162 [RatisPipelineUtilsThread] INFO  pipeline.PipelineStateManager (PipelineStateManager.java:addPipeline(56)) - Created pipeline Pipeline[ Id: ce45e7ff-2978-4d61-baf4-3d07377880a7, Nodes: 3d5c87da-2134-43b6-965f-09d6bd503039{ip: 192.168.5.161, host: pr-hdds-1569-zxpks-796972592, networkLocation: /default-rack, certSerialId: null}, Type:RATIS, Factor:ONE, State:OPEN]
2019-09-25 05:42:39,162 [RatisPipelineUtilsThread] INFO  pipeline.PipelinePlacementPolicy (PipelinePlacementPolicy.java:meetCriteria(91)) - Pipeline Placement: can't place more pipeline on heavy datanode： 3d5c87da-2134-43b6-965f-09d6bd503039 Heaviness: 6 limit: 5
2019-09-25 05:42:39,162 [RatisPipelineUtilsThread] INFO  pipeline.PipelinePlacementPolicy (PipelinePlacementPolicy.java:meetCriteria(91)) - Pipeline Placement: can't place more pipeline on heavy datanode： 58daec77-aff4-491d-ba85-1aa585d4f08b Heaviness: 6 limit: 5
2019-09-25 05:42:39,168 [grpc-default-executor-0] INFO  impl.RaftServerProxy (RaftServerProxy.java:addNew(89)) - 7966b041-ddaa-48e4-85c1-e8430fd29f08: addNew group-A2EB179D7178:[7966b041-ddaa-48e4-85c1-e8430fd29f08:192.168.5.161:40677] returns group-A2EB179D7178:java.util.concurrent.CompletableFuture@637ade0d[Not completed]
2019-09-25 05:42:39,169 [pool-297-thread-1] INFO  impl.RaftServerImpl (RaftServerImpl.java:<init>(95)) - 7966b041-ddaa-48e4-85c1-e8430fd29f08: new RaftServerImpl for group-A2EB179D7178:[7966b041-ddaa-48e4-85c1-e8430fd29f08:192.168.5.161:40677] with ContainerStateMachine:uninitialized
2019-09-25 05:42:39,169 [pool-297-thread-1] INFO  server.RaftServerConfigKeys (ConfUtils.java:logGet(43)) - raft.server.rpc.timeout.min = 5s (custom)
2019-09-25 05:42:39,170 [pool-297-thread-1] INFO  server.RaftServerConfigKeys (ConfUtils.java:logGet(43)) - raft.server.rpc.timeout.max = 5200ms (custom)
2019-09-25 05:42:39,170 [pool-297-thread-1] INFO  server.RaftServerConfigKeys (ConfUtils.java:logGet(43)) - raft.server.rpcslowness.timeout = 120s (custom)
2019-09-25 05:42:39,170 [pool-297-thread-1] INFO  server.RaftServerConfigKeys (ConfUtils.java:logGet(43)) - raft.server.sleep.deviation.threshold = 300 (default)
2019-09-25 05:42:39,170 [pool-297-thread-1] INFO  server.RaftServerConfigKeys (ConfUtils.java:logGet(43)) - raft.server.log.appender.install.snapshot.enabled = false (custom)
2019-09-25 05:42:39,170 [pool-297-thread-1] INFO  impl.RaftServerImpl (ServerState.java:<init>(103)) - 7966b041-ddaa-48e4-85c1-e8430fd29f08@group-A2EB179D7178: ConfigurationManager, init=-1: [7966b041-ddaa-48e4-85c1-e8430fd29f08:192.168.5.161:40677], old=null, confs=<EMPTY_MAP>
2019-09-25 05:42:39,170 [pool-297-thread-1] INFO  server.RaftServerConfigKeys (ConfUtils.java:logGet(43)) - raft.server.storage.dir = [/workdir/hadoop-ozone/ozonefs/target/test-dir/MiniOzoneClusterImpl-8092fc99-e7d4-4546-90f2-fad71804b857/datanode-2/data/ratis] (custom)
2019-09-25 05:42:39,171 [pool-297-thread-1] INFO  storage.RaftStorageDirectory (RaftStorageDirectory.java:analyzeStorage(246)) - The storage directory /workdir/hadoop-ozone/ozonefs/target/test-dir/MiniOzoneClusterImpl-8092fc99-e7d4-4546-90f2-fad71804b857/datanode-2/data/ratis/6836f50c-d331-4618-b09e-a2eb179d7178 does not exist. Creating ...
2019-09-25 05:42:39,184 [pool-297-thread-1] INFO  storage.RaftStorageDirectory (RaftStorageDirectory.java:tryLock(328)) - Lock on /workdir/hadoop-ozone/ozonefs/target/test-dir/MiniOzoneClusterImpl-8092fc99-e7d4-4546-90f2-fad71804b857/datanode-2/data/ratis/6836f50c-d331-4618-b09e-a2eb179d7178/in_use.lock acquired by nodename 26555@pr-hdds-1569-zxpks-796972592
2019-09-25 05:42:39,197 [pool-297-thread-1] INFO  storage.RaftStorage (RaftStorage.java:format(72)) - Storage directory /workdir/hadoop-ozone/ozonefs/target/test-dir/MiniOzoneClusterImpl-8092fc99-e7d4-4546-90f2-fad71804b857/datanode-2/data/ratis/6836f50c-d331-4618-b09e-a2eb179d7178 has been successfully formatted.
2019-09-25 05:42:39,197 [pool-297-thread-1] INFO  ratis.ContainerStateMachine (ContainerStateMachine.java:loadSnapshot(230)) - group-A2EB179D7178: The snapshot info is null. Setting the last applied indexto:(t:0, i:~)
2019-09-25 05:42:39,197 [pool-297-thread-1] INFO  server.RaftServerConfigKeys (ConfUtils.java:logGet(43)) - raft.server.notification.no-leader.timeout = 120s (custom)
2019-09-25 05:42:39,197 [pool-297-thread-1] INFO  server.RaftServerConfigKeys (ConfUtils.java:logGet(43)) - raft.server.log.use.memory = false (default)
2019-09-25 05:42:39,198 [pool-297-thread-1] INFO  server.RaftServerConfigKeys (ConfUtils.java:logGet(43)) - raft.server.log.purge.gap = 1000000 (custom)
2019-09-25 05:42:39,198 [pool-297-thread-1] INFO  server.RaftServerConfigKeys (ConfUtils.java:logGet(43)) - raft.server.log.appender.buffer.byte-limit = 33554432 (custom)
2019-09-25 05:42:39,198 [pool-297-thread-1] INFO  server.RaftServerConfigKeys (ConfUtils.java:logGet(43)) - raft.server.log.segment.size.max = 1048576 (custom)
2019-09-25 05:42:39,198 [pool-297-thread-1] INFO  server.RaftServerConfigKeys (ConfUtils.java:logGet(43)) - raft.server.log.segment.cache.num.max = 2 (custom)
2019-09-25 05:42:39,198 [pool-297-thread-1] INFO  segmented.SegmentedRaftLogWorker (SegmentedRaftLogWorker.java:<init>(172)) - new 7966b041-ddaa-48e4-85c1-e8430fd29f08@group-A2EB179D7178-SegmentedRaftLogWorker for RaftStorage:Storage Directory /workdir/hadoop-ozone/ozonefs/target/test-dir/MiniOzoneClusterImpl-8092fc99-e7d4-4546-90f2-fad71804b857/datanode-2/data/ratis/6836f50c-d331-4618-b09e-a2eb179d7178
2019-09-25 05:42:39,198 [pool-297-thread-1] INFO  server.RaftServerConfigKeys (ConfUtils.java:logGet(43)) - raft.server.log.queue.byte-limit = 2147483647 (custom)
2019-09-25 05:42:39,198 [pool-297-thread-1] INFO  server.RaftServerConfigKeys (ConfUtils.java:logGet(43)) - raft.server.log.queue.element-limit = 1024 (custom)
2019-09-25 05:42:39,199 [pool-297-thread-1] INFO  server.RaftServerConfigKeys (ConfUtils.java:logGet(43)) - raft.server.log.segment.size.max = 1048576 (custom)
2019-09-25 05:42:39,199 [pool-297-thread-1] INFO  server.RaftServerConfigKeys (ConfUtils.java:logGet(43)) - raft.server.log.preallocated.size = 16384 (custom)
2019-09-25 05:42:39,199 [pool-297-thread-1] INFO  server.RaftServerConfigKeys (ConfUtils.java:logGet(43)) - raft.server.log.write.buffer.size = 33554432 (custom)
2019-09-25 05:42:39,199 [pool-297-thread-1] INFO  server.RaftServerConfigKeys (ConfUtils.java:logGet(43)) - raft.server.log.force.sync.num = 128 (default)
2019-09-25 05:42:39,199 [pool-297-thread-1] INFO  server.RaftServerConfigKeys (ConfUtils.java:logGet(43)) - raft.server.log.statemachine.data.sync = true (default)
2019-09-25 05:42:39,199 [pool-297-thread-1] INFO  server.RaftServerConfigKeys (ConfUtils.java:logGet(43)) - raft.server.log.statemachine.data.sync.timeout = 10s (default)
2019-09-25 05:42:39,200 [pool-297-thread-1] INFO  server.RaftServerConfigKeys (ConfUtils.java:logGet(43)) - raft.server.log.statemachine.data.sync.timeout.retry = -1 (default)
2019-09-25 05:42:39,200 [pool-297-thread-1] INFO  server.RaftServerConfigKeys (ConfUtils.java:logGet(43)) - raft.server.log.statemachine.data.caching.enabled = true (custom)
2019-09-25 05:42:39,200 [pool-297-thread-1] INFO  segmented.SegmentedRaftLogWorker (SegmentedRaftLogWorker.java:lambda$new$0(132)) - 7966b041-ddaa-48e4-85c1-e8430fd29f08@group-A2EB179D7178-SegmentedRaftLogWorker: flushIndex: setUnconditionally 0 -> -1
2019-09-25 05:42:39,200 [pool-297-thread-1] INFO  server.RaftServerConfigKeys (ConfUtils.java:logGet(43)) - raft.server.snapshot.auto.trigger.enabled = true (custom)
2019-09-25 05:42:39,201 [pool-297-thread-1] INFO  server.RaftServerConfigKeys (ConfUtils.java:logGet(43)) - raft.server.snapshot.auto.trigger.threshold = 10000 (custom)
2019-09-25 05:42:39,201 [pool-297-thread-1] INFO  server.RaftServerConfigKeys (ConfUtils.java:logGet(43)) - raft.server.snapshot.retention.num.files = 5 (custom)
2019-09-25 05:42:39,201 [pool-297-thread-1] INFO  server.RaftServerConfigKeys (ConfUtils.java:logGet(43)) - raft.server.retrycache.expirytime = 600000ms (custom)
2019-09-25 05:42:39,203 [pool-297-thread-1] INFO  impl.RaftServerImpl (RaftServerImpl.java:start(185)) - 7966b041-ddaa-48e4-85c1-e8430fd29f08@group-A2EB179D7178: start as a follower, conf=-1: [7966b041-ddaa-48e4-85c1-e8430fd29f08:192.168.5.161:40677], old=null
2019-09-25 05:42:39,203 [pool-297-thread-1] INFO  impl.RaftServerImpl (RaftServerImpl.java:setRole(174)) - 7966b041-ddaa-48e4-85c1-e8430fd29f08@group-A2EB179D7178: changes role from      null to FOLLOWER at term 0 for startAsFollower
2019-09-25 05:42:39,203 [pool-297-thread-1] INFO  impl.RoleInfo (RoleInfo.java:updateAndGet(143)) - 7966b041-ddaa-48e4-85c1-e8430fd29f08: start FollowerState
2019-09-25 05:42:39,204 [pool-297-thread-1] INFO  util.JmxRegister (JmxRegister.java:tryRegister(44)) - Successfully registered JMX Bean with object name Ratis:service=RaftServer,group=group-A2EB179D7178,id=7966b041-ddaa-48e4-85c1-e8430fd29f08
2019-09-25 05:42:39,206 [RatisPipelineUtilsThread] INFO  pipeline.PipelineStateManager (PipelineStateManager.java:addPipeline(56)) - Created pipeline Pipeline[ Id: 6836f50c-d331-4618-b09e-a2eb179d7178, Nodes: 7966b041-ddaa-48e4-85c1-e8430fd29f08{ip: 192.168.5.161, host: pr-hdds-1569-zxpks-796972592, networkLocation: /default-rack, certSerialId: null}, Type:RATIS, Factor:ONE, State:OPEN]
2019-09-25 05:42:39,206 [RatisPipelineUtilsThread] INFO  pipeline.PipelinePlacementPolicy (PipelinePlacementPolicy.java:meetCriteria(91)) - Pipeline Placement: can't place more pipeline on heavy datanode： 3d5c87da-2134-43b6-965f-09d6bd503039 Heaviness: 6 limit: 5
2019-09-25 05:42:39,207 [RatisPipelineUtilsThread] INFO  pipeline.PipelinePlacementPolicy (PipelinePlacementPolicy.java:meetCriteria(91)) - Pipeline Placement: can't place more pipeline on heavy datanode： 58daec77-aff4-491d-ba85-1aa585d4f08b Heaviness: 6 limit: 5
2019-09-25 05:42:39,212 [grpc-default-executor-0] INFO  impl.RaftServerProxy (RaftServerProxy.java:addNew(89)) - 7966b041-ddaa-48e4-85c1-e8430fd29f08: addNew group-9DDE96DEC8E9:[7966b041-ddaa-48e4-85c1-e8430fd29f08:192.168.5.161:40677] returns group-9DDE96DEC8E9:java.util.concurrent.CompletableFuture@52254cbc[Not completed]
2019-09-25 05:42:39,213 [pool-297-thread-1] INFO  impl.RaftServerImpl (RaftServerImpl.java:<init>(95)) - 7966b041-ddaa-48e4-85c1-e8430fd29f08: new RaftServerImpl for group-9DDE96DEC8E9:[7966b041-ddaa-48e4-85c1-e8430fd29f08:192.168.5.161:40677] with ContainerStateMachine:uninitialized
2019-09-25 05:42:39,213 [pool-297-thread-1] INFO  server.RaftServerConfigKeys (ConfUtils.java:logGet(43)) - raft.server.rpc.timeout.min = 5s (custom)
2019-09-25 05:42:39,213 [pool-297-thread-1] INFO  server.RaftServerConfigKeys (ConfUtils.java:logGet(43)) - raft.server.rpc.timeout.max = 5200ms (custom)
2019-09-25 05:42:39,213 [pool-297-thread-1] INFO  server.RaftServerConfigKeys (ConfUtils.java:logGet(43)) - raft.server.rpcslowness.timeout = 120s (custom)
2019-09-25 05:42:39,214 [pool-297-thread-1] INFO  server.RaftServerConfigKeys (ConfUtils.java:logGet(43)) - raft.server.sleep.deviation.threshold = 300 (default)
2019-09-25 05:42:39,214 [pool-297-thread-1] INFO  server.RaftServerConfigKeys (ConfUtils.java:logGet(43)) - raft.server.log.appender.install.snapshot.enabled = false (custom)
2019-09-25 05:42:39,214 [pool-297-thread-1] INFO  impl.RaftServerImpl (ServerState.java:<init>(103)) - 7966b041-ddaa-48e4-85c1-e8430fd29f08@group-9DDE96DEC8E9: ConfigurationManager, init=-1: [7966b041-ddaa-48e4-85c1-e8430fd29f08:192.168.5.161:40677], old=null, confs=<EMPTY_MAP>
2019-09-25 05:42:39,214 [pool-297-thread-1] INFO  server.RaftServerConfigKeys (ConfUtils.java:logGet(43)) - raft.server.storage.dir = [/workdir/hadoop-ozone/ozonefs/target/test-dir/MiniOzoneClusterImpl-8092fc99-e7d4-4546-90f2-fad71804b857/datanode-2/data/ratis] (custom)
2019-09-25 05:42:39,214 [pool-297-thread-1] INFO  storage.RaftStorageDirectory (RaftStorageDirectory.java:analyzeStorage(246)) - The storage directory /workdir/hadoop-ozone/ozonefs/target/test-dir/MiniOzoneClusterImpl-8092fc99-e7d4-4546-90f2-fad71804b857/datanode-2/data/ratis/5fc8769f-d086-4df3-b6f2-9dde96dec8e9 does not exist. Creating ...
2019-09-25 05:42:39,239 [pool-297-thread-1] INFO  storage.RaftStorageDirectory (RaftStorageDirectory.java:tryLock(328)) - Lock on /workdir/hadoop-ozone/ozonefs/target/test-dir/MiniOzoneClusterImpl-8092fc99-e7d4-4546-90f2-fad71804b857/datanode-2/data/ratis/5fc8769f-d086-4df3-b6f2-9dde96dec8e9/in_use.lock acquired by nodename 26555@pr-hdds-1569-zxpks-796972592
2019-09-25 05:42:39,252 [pool-297-thread-1] INFO  storage.RaftStorage (RaftStorage.java:format(72)) - Storage directory /workdir/hadoop-ozone/ozonefs/target/test-dir/MiniOzoneClusterImpl-8092fc99-e7d4-4546-90f2-fad71804b857/datanode-2/data/ratis/5fc8769f-d086-4df3-b6f2-9dde96dec8e9 has been successfully formatted.
2019-09-25 05:42:39,252 [pool-297-thread-1] INFO  ratis.ContainerStateMachine (ContainerStateMachine.java:loadSnapshot(230)) - group-9DDE96DEC8E9: The snapshot info is null. Setting the last applied indexto:(t:0, i:~)
2019-09-25 05:42:39,253 [pool-297-thread-1] INFO  server.RaftServerConfigKeys (ConfUtils.java:logGet(43)) - raft.server.notification.no-leader.timeout = 120s (custom)
2019-09-25 05:42:39,253 [pool-297-thread-1] INFO  server.RaftServerConfigKeys (ConfUtils.java:logGet(43)) - raft.server.log.use.memory = false (default)
2019-09-25 05:42:39,253 [pool-297-thread-1] INFO  server.RaftServerConfigKeys (ConfUtils.java:logGet(43)) - raft.server.log.purge.gap = 1000000 (custom)
2019-09-25 05:42:39,253 [pool-297-thread-1] INFO  server.RaftServerConfigKeys (ConfUtils.java:logGet(43)) - raft.server.log.appender.buffer.byte-limit = 33554432 (custom)
2019-09-25 05:42:39,253 [pool-297-thread-1] INFO  server.RaftServerConfigKeys (ConfUtils.java:logGet(43)) - raft.server.log.segment.size.max = 1048576 (custom)
2019-09-25 05:42:39,253 [pool-297-thread-1] INFO  server.RaftServerConfigKeys (ConfUtils.java:logGet(43)) - raft.server.log.segment.cache.num.max = 2 (custom)
2019-09-25 05:42:39,254 [pool-297-thread-1] INFO  segmented.SegmentedRaftLogWorker (SegmentedRaftLogWorker.java:<init>(172)) - new 7966b041-ddaa-48e4-85c1-e8430fd29f08@group-9DDE96DEC8E9-SegmentedRaftLogWorker for RaftStorage:Storage Directory /workdir/hadoop-ozone/ozonefs/target/test-dir/MiniOzoneClusterImpl-8092fc99-e7d4-4546-90f2-fad71804b857/datanode-2/data/ratis/5fc8769f-d086-4df3-b6f2-9dde96dec8e9
2019-09-25 05:42:39,254 [pool-297-thread-1] INFO  server.RaftServerConfigKeys (ConfUtils.java:logGet(43)) - raft.server.log.queue.byte-limit = 2147483647 (custom)
2019-09-25 05:42:39,254 [pool-297-thread-1] INFO  server.RaftServerConfigKeys (ConfUtils.java:logGet(43)) - raft.server.log.queue.element-limit = 1024 (custom)
2019-09-25 05:42:39,254 [pool-297-thread-1] INFO  server.RaftServerConfigKeys (ConfUtils.java:logGet(43)) - raft.server.log.segment.size.max = 1048576 (custom)
2019-09-25 05:42:39,254 [pool-297-thread-1] INFO  server.RaftServerConfigKeys (ConfUtils.java:logGet(43)) - raft.server.log.preallocated.size = 16384 (custom)
2019-09-25 05:42:39,254 [pool-297-thread-1] INFO  server.RaftServerConfigKeys (ConfUtils.java:logGet(43)) - raft.server.log.write.buffer.size = 33554432 (custom)
2019-09-25 05:42:39,254 [pool-297-thread-1] INFO  server.RaftServerConfigKeys (ConfUtils.java:logGet(43)) - raft.server.log.force.sync.num = 128 (default)
2019-09-25 05:42:39,255 [pool-297-thread-1] INFO  server.RaftServerConfigKeys (ConfUtils.java:logGet(43)) - raft.server.log.statemachine.data.sync = true (default)
2019-09-25 05:42:39,255 [pool-297-thread-1] INFO  server.RaftServerConfigKeys (ConfUtils.java:logGet(43)) - raft.server.log.statemachine.data.sync.timeout = 10s (default)
2019-09-25 05:42:39,255 [pool-297-thread-1] INFO  server.RaftServerConfigKeys (ConfUtils.java:logGet(43)) - raft.server.log.statemachine.data.sync.timeout.retry = -1 (default)
2019-09-25 05:42:39,255 [pool-297-thread-1] INFO  server.RaftServerConfigKeys (ConfUtils.java:logGet(43)) - raft.server.log.statemachine.data.caching.enabled = true (custom)
2019-09-25 05:42:39,255 [pool-297-thread-1] INFO  segmented.SegmentedRaftLogWorker (SegmentedRaftLogWorker.java:lambda$new$0(132)) - 7966b041-ddaa-48e4-85c1-e8430fd29f08@group-9DDE96DEC8E9-SegmentedRaftLogWorker: flushIndex: setUnconditionally 0 -> -1
2019-09-25 05:42:39,256 [pool-297-thread-1] INFO  server.RaftServerConfigKeys (ConfUtils.java:logGet(43)) - raft.server.snapshot.auto.trigger.enabled = true (custom)
2019-09-25 05:42:39,256 [pool-297-thread-1] INFO  server.RaftServerConfigKeys (ConfUtils.java:logGet(43)) - raft.server.snapshot.auto.trigger.threshold = 10000 (custom)
2019-09-25 05:42:39,256 [pool-297-thread-1] INFO  server.RaftServerConfigKeys (ConfUtils.java:logGet(43)) - raft.server.snapshot.retention.num.files = 5 (custom)
2019-09-25 05:42:39,256 [pool-297-thread-1] INFO  server.RaftServerConfigKeys (ConfUtils.java:logGet(43)) - raft.server.retrycache.expirytime = 600000ms (custom)
2019-09-25 05:42:39,258 [pool-297-thread-1] INFO  impl.RaftServerImpl (RaftServerImpl.java:start(185)) - 7966b041-ddaa-48e4-85c1-e8430fd29f08@group-9DDE96DEC8E9: start as a follower, conf=-1: [7966b041-ddaa-48e4-85c1-e8430fd29f08:192.168.5.161:40677], old=null
2019-09-25 05:42:39,258 [pool-297-thread-1] INFO  impl.RaftServerImpl (RaftServerImpl.java:setRole(174)) - 7966b041-ddaa-48e4-85c1-e8430fd29f08@group-9DDE96DEC8E9: changes role from      null to FOLLOWER at term 0 for startAsFollower
2019-09-25 05:42:39,258 [pool-297-thread-1] INFO  impl.RoleInfo (RoleInfo.java:updateAndGet(143)) - 7966b041-ddaa-48e4-85c1-e8430fd29f08: start FollowerState
2019-09-25 05:42:39,259 [pool-297-thread-1] INFO  util.JmxRegister (JmxRegister.java:tryRegister(44)) - Successfully registered JMX Bean with object name Ratis:service=RaftServer,group=group-9DDE96DEC8E9,id=7966b041-ddaa-48e4-85c1-e8430fd29f08
2019-09-25 05:42:39,261 [RatisPipelineUtilsThread] INFO  pipeline.PipelineStateManager (PipelineStateManager.java:addPipeline(56)) - Created pipeline Pipeline[ Id: 5fc8769f-d086-4df3-b6f2-9dde96dec8e9, Nodes: 7966b041-ddaa-48e4-85c1-e8430fd29f08{ip: 192.168.5.161, host: pr-hdds-1569-zxpks-796972592, networkLocation: /default-rack, certSerialId: null}, Type:RATIS, Factor:ONE, State:OPEN]
2019-09-25 05:42:39,262 [RatisPipelineUtilsThread] INFO  pipeline.PipelinePlacementPolicy (PipelinePlacementPolicy.java:meetCriteria(91)) - Pipeline Placement: can't place more pipeline on heavy datanode： 3d5c87da-2134-43b6-965f-09d6bd503039 Heaviness: 6 limit: 5
2019-09-25 05:42:39,262 [RatisPipelineUtilsThread] INFO  pipeline.PipelinePlacementPolicy (PipelinePlacementPolicy.java:meetCriteria(91)) - Pipeline Placement: can't place more pipeline on heavy datanode： 58daec77-aff4-491d-ba85-1aa585d4f08b Heaviness: 6 limit: 5
2019-09-25 05:42:39,267 [grpc-default-executor-0] INFO  impl.RaftServerProxy (RaftServerProxy.java:addNew(89)) - 7966b041-ddaa-48e4-85c1-e8430fd29f08: addNew group-67CF2C14CDBB:[7966b041-ddaa-48e4-85c1-e8430fd29f08:192.168.5.161:40677] returns group-67CF2C14CDBB:java.util.concurrent.CompletableFuture@cbc0236[Not completed]
2019-09-25 05:42:39,268 [pool-297-thread-1] INFO  impl.RaftServerImpl (RaftServerImpl.java:<init>(95)) - 7966b041-ddaa-48e4-85c1-e8430fd29f08: new RaftServerImpl for group-67CF2C14CDBB:[7966b041-ddaa-48e4-85c1-e8430fd29f08:192.168.5.161:40677] with ContainerStateMachine:uninitialized
2019-09-25 05:42:39,268 [pool-297-thread-1] INFO  server.RaftServerConfigKeys (ConfUtils.java:logGet(43)) - raft.server.rpc.timeout.min = 5s (custom)
2019-09-25 05:42:39,268 [pool-297-thread-1] INFO  server.RaftServerConfigKeys (ConfUtils.java:logGet(43)) - raft.server.rpc.timeout.max = 5200ms (custom)
2019-09-25 05:42:39,269 [pool-297-thread-1] INFO  server.RaftServerConfigKeys (ConfUtils.java:logGet(43)) - raft.server.rpcslowness.timeout = 120s (custom)
2019-09-25 05:42:39,269 [pool-297-thread-1] INFO  server.RaftServerConfigKeys (ConfUtils.java:logGet(43)) - raft.server.sleep.deviation.threshold = 300 (default)
2019-09-25 05:42:39,269 [pool-297-thread-1] INFO  server.RaftServerConfigKeys (ConfUtils.java:logGet(43)) - raft.server.log.appender.install.snapshot.enabled = false (custom)
2019-09-25 05:42:39,269 [pool-297-thread-1] INFO  impl.RaftServerImpl (ServerState.java:<init>(103)) - 7966b041-ddaa-48e4-85c1-e8430fd29f08@group-67CF2C14CDBB: ConfigurationManager, init=-1: [7966b041-ddaa-48e4-85c1-e8430fd29f08:192.168.5.161:40677], old=null, confs=<EMPTY_MAP>
2019-09-25 05:42:39,269 [pool-297-thread-1] INFO  server.RaftServerConfigKeys (ConfUtils.java:logGet(43)) - raft.server.storage.dir = [/workdir/hadoop-ozone/ozonefs/target/test-dir/MiniOzoneClusterImpl-8092fc99-e7d4-4546-90f2-fad71804b857/datanode-2/data/ratis] (custom)
2019-09-25 05:42:39,269 [pool-297-thread-1] INFO  storage.RaftStorageDirectory (RaftStorageDirectory.java:analyzeStorage(246)) - The storage directory /workdir/hadoop-ozone/ozonefs/target/test-dir/MiniOzoneClusterImpl-8092fc99-e7d4-4546-90f2-fad71804b857/datanode-2/data/ratis/d7faaf7e-b24b-4a04-8e44-67cf2c14cdbb does not exist. Creating ...
2019-09-25 05:42:39,282 [pool-297-thread-1] INFO  storage.RaftStorageDirectory (RaftStorageDirectory.java:tryLock(328)) - Lock on /workdir/hadoop-ozone/ozonefs/target/test-dir/MiniOzoneClusterImpl-8092fc99-e7d4-4546-90f2-fad71804b857/datanode-2/data/ratis/d7faaf7e-b24b-4a04-8e44-67cf2c14cdbb/in_use.lock acquired by nodename 26555@pr-hdds-1569-zxpks-796972592
2019-09-25 05:42:39,295 [pool-297-thread-1] INFO  storage.RaftStorage (RaftStorage.java:format(72)) - Storage directory /workdir/hadoop-ozone/ozonefs/target/test-dir/MiniOzoneClusterImpl-8092fc99-e7d4-4546-90f2-fad71804b857/datanode-2/data/ratis/d7faaf7e-b24b-4a04-8e44-67cf2c14cdbb has been successfully formatted.
2019-09-25 05:42:39,295 [pool-297-thread-1] INFO  ratis.ContainerStateMachine (ContainerStateMachine.java:loadSnapshot(230)) - group-67CF2C14CDBB: The snapshot info is null. Setting the last applied indexto:(t:0, i:~)
2019-09-25 05:42:39,295 [pool-297-thread-1] INFO  server.RaftServerConfigKeys (ConfUtils.java:logGet(43)) - raft.server.notification.no-leader.timeout = 120s (custom)
2019-09-25 05:42:39,295 [pool-297-thread-1] INFO  server.RaftServerConfigKeys (ConfUtils.java:logGet(43)) - raft.server.log.use.memory = false (default)
2019-09-25 05:42:39,295 [pool-297-thread-1] INFO  server.RaftServerConfigKeys (ConfUtils.java:logGet(43)) - raft.server.log.purge.gap = 1000000 (custom)
2019-09-25 05:42:39,296 [pool-297-thread-1] INFO  server.RaftServerConfigKeys (ConfUtils.java:logGet(43)) - raft.server.log.appender.buffer.byte-limit = 33554432 (custom)
2019-09-25 05:42:39,296 [pool-297-thread-1] INFO  server.RaftServerConfigKeys (ConfUtils.java:logGet(43)) - raft.server.log.segment.size.max = 1048576 (custom)
2019-09-25 05:42:39,296 [pool-297-thread-1] INFO  server.RaftServerConfigKeys (ConfUtils.java:logGet(43)) - raft.server.log.segment.cache.num.max = 2 (custom)
2019-09-25 05:42:39,296 [pool-297-thread-1] INFO  segmented.SegmentedRaftLogWorker (SegmentedRaftLogWorker.java:<init>(172)) - new 7966b041-ddaa-48e4-85c1-e8430fd29f08@group-67CF2C14CDBB-SegmentedRaftLogWorker for RaftStorage:Storage Directory /workdir/hadoop-ozone/ozonefs/target/test-dir/MiniOzoneClusterImpl-8092fc99-e7d4-4546-90f2-fad71804b857/datanode-2/data/ratis/d7faaf7e-b24b-4a04-8e44-67cf2c14cdbb
2019-09-25 05:42:39,296 [pool-297-thread-1] INFO  server.RaftServerConfigKeys (ConfUtils.java:logGet(43)) - raft.server.log.queue.byte-limit = 2147483647 (custom)
2019-09-25 05:42:39,296 [pool-297-thread-1] INFO  server.RaftServerConfigKeys (ConfUtils.java:logGet(43)) - raft.server.log.queue.element-limit = 1024 (custom)
2019-09-25 05:42:39,296 [pool-297-thread-1] INFO  server.RaftServerConfigKeys (ConfUtils.java:logGet(43)) - raft.server.log.segment.size.max = 1048576 (custom)
2019-09-25 05:42:39,297 [pool-297-thread-1] INFO  server.RaftServerConfigKeys (ConfUtils.java:logGet(43)) - raft.server.log.preallocated.size = 16384 (custom)
2019-09-25 05:42:39,297 [pool-297-thread-1] INFO  server.RaftServerConfigKeys (ConfUtils.java:logGet(43)) - raft.server.log.write.buffer.size = 33554432 (custom)
2019-09-25 05:42:39,297 [pool-297-thread-1] INFO  server.RaftServerConfigKeys (ConfUtils.java:logGet(43)) - raft.server.log.force.sync.num = 128 (default)
2019-09-25 05:42:39,297 [pool-297-thread-1] INFO  server.RaftServerConfigKeys (ConfUtils.java:logGet(43)) - raft.server.log.statemachine.data.sync = true (default)
2019-09-25 05:42:39,297 [pool-297-thread-1] INFO  server.RaftServerConfigKeys (ConfUtils.java:logGet(43)) - raft.server.log.statemachine.data.sync.timeout = 10s (default)
2019-09-25 05:42:39,297 [pool-297-thread-1] INFO  server.RaftServerConfigKeys (ConfUtils.java:logGet(43)) - raft.server.log.statemachine.data.sync.timeout.retry = -1 (default)
2019-09-25 05:42:39,297 [pool-297-thread-1] INFO  server.RaftServerConfigKeys (ConfUtils.java:logGet(43)) - raft.server.log.statemachine.data.caching.enabled = true (custom)
2019-09-25 05:42:39,298 [pool-297-thread-1] INFO  segmented.SegmentedRaftLogWorker (SegmentedRaftLogWorker.java:lambda$new$0(132)) - 7966b041-ddaa-48e4-85c1-e8430fd29f08@group-67CF2C14CDBB-SegmentedRaftLogWorker: flushIndex: setUnconditionally 0 -> -1
2019-09-25 05:42:39,298 [pool-297-thread-1] INFO  server.RaftServerConfigKeys (ConfUtils.java:logGet(43)) - raft.server.snapshot.auto.trigger.enabled = true (custom)
2019-09-25 05:42:39,298 [pool-297-thread-1] INFO  server.RaftServerConfigKeys (ConfUtils.java:logGet(43)) - raft.server.snapshot.auto.trigger.threshold = 10000 (custom)
2019-09-25 05:42:39,298 [pool-297-thread-1] INFO  server.RaftServerConfigKeys (ConfUtils.java:logGet(43)) - raft.server.snapshot.retention.num.files = 5 (custom)
2019-09-25 05:42:39,298 [pool-297-thread-1] INFO  server.RaftServerConfigKeys (ConfUtils.java:logGet(43)) - raft.server.retrycache.expirytime = 600000ms (custom)
2019-09-25 05:42:39,300 [pool-297-thread-1] INFO  impl.RaftServerImpl (RaftServerImpl.java:start(185)) - 7966b041-ddaa-48e4-85c1-e8430fd29f08@group-67CF2C14CDBB: start as a follower, conf=-1: [7966b041-ddaa-48e4-85c1-e8430fd29f08:192.168.5.161:40677], old=null
2019-09-25 05:42:39,300 [pool-297-thread-1] INFO  impl.RaftServerImpl (RaftServerImpl.java:setRole(174)) - 7966b041-ddaa-48e4-85c1-e8430fd29f08@group-67CF2C14CDBB: changes role from      null to FOLLOWER at term 0 for startAsFollower
2019-09-25 05:42:39,300 [pool-297-thread-1] INFO  impl.RoleInfo (RoleInfo.java:updateAndGet(143)) - 7966b041-ddaa-48e4-85c1-e8430fd29f08: start FollowerState
2019-09-25 05:42:39,301 [pool-297-thread-1] INFO  util.JmxRegister (JmxRegister.java:tryRegister(44)) - Successfully registered JMX Bean with object name Ratis:service=RaftServer,group=group-67CF2C14CDBB,id=7966b041-ddaa-48e4-85c1-e8430fd29f08
2019-09-25 05:42:39,303 [RatisPipelineUtilsThread] INFO  pipeline.PipelineStateManager (PipelineStateManager.java:addPipeline(56)) - Created pipeline Pipeline[ Id: d7faaf7e-b24b-4a04-8e44-67cf2c14cdbb, Nodes: 7966b041-ddaa-48e4-85c1-e8430fd29f08{ip: 192.168.5.161, host: pr-hdds-1569-zxpks-796972592, networkLocation: /default-rack, certSerialId: null}, Type:RATIS, Factor:ONE, State:OPEN]
2019-09-25 05:42:39,304 [RatisPipelineUtilsThread] INFO  pipeline.PipelinePlacementPolicy (PipelinePlacementPolicy.java:meetCriteria(91)) - Pipeline Placement: can't place more pipeline on heavy datanode： 3d5c87da-2134-43b6-965f-09d6bd503039 Heaviness: 6 limit: 5
2019-09-25 05:42:39,304 [RatisPipelineUtilsThread] INFO  pipeline.PipelinePlacementPolicy (PipelinePlacementPolicy.java:meetCriteria(91)) - Pipeline Placement: can't place more pipeline on heavy datanode： 58daec77-aff4-491d-ba85-1aa585d4f08b Heaviness: 6 limit: 5
2019-09-25 05:42:39,309 [grpc-default-executor-0] INFO  impl.RaftServerProxy (RaftServerProxy.java:addNew(89)) - 7966b041-ddaa-48e4-85c1-e8430fd29f08: addNew group-FA42D70128D5:[7966b041-ddaa-48e4-85c1-e8430fd29f08:192.168.5.161:40677] returns group-FA42D70128D5:java.util.concurrent.CompletableFuture@519715e1[Not completed]
2019-09-25 05:42:39,310 [pool-297-thread-1] INFO  impl.RaftServerImpl (RaftServerImpl.java:<init>(95)) - 7966b041-ddaa-48e4-85c1-e8430fd29f08: new RaftServerImpl for group-FA42D70128D5:[7966b041-ddaa-48e4-85c1-e8430fd29f08:192.168.5.161:40677] with ContainerStateMachine:uninitialized
2019-09-25 05:42:39,311 [pool-297-thread-1] INFO  server.RaftServerConfigKeys (ConfUtils.java:logGet(43)) - raft.server.rpc.timeout.min = 5s (custom)
2019-09-25 05:42:39,311 [pool-297-thread-1] INFO  server.RaftServerConfigKeys (ConfUtils.java:logGet(43)) - raft.server.rpc.timeout.max = 5200ms (custom)
2019-09-25 05:42:39,311 [pool-297-thread-1] INFO  server.RaftServerConfigKeys (ConfUtils.java:logGet(43)) - raft.server.rpcslowness.timeout = 120s (custom)
2019-09-25 05:42:39,311 [pool-297-thread-1] INFO  server.RaftServerConfigKeys (ConfUtils.java:logGet(43)) - raft.server.sleep.deviation.threshold = 300 (default)
2019-09-25 05:42:39,311 [pool-297-thread-1] INFO  server.RaftServerConfigKeys (ConfUtils.java:logGet(43)) - raft.server.log.appender.install.snapshot.enabled = false (custom)
2019-09-25 05:42:39,311 [pool-297-thread-1] INFO  impl.RaftServerImpl (ServerState.java:<init>(103)) - 7966b041-ddaa-48e4-85c1-e8430fd29f08@group-FA42D70128D5: ConfigurationManager, init=-1: [7966b041-ddaa-48e4-85c1-e8430fd29f08:192.168.5.161:40677], old=null, confs=<EMPTY_MAP>
2019-09-25 05:42:39,311 [pool-297-thread-1] INFO  server.RaftServerConfigKeys (ConfUtils.java:logGet(43)) - raft.server.storage.dir = [/workdir/hadoop-ozone/ozonefs/target/test-dir/MiniOzoneClusterImpl-8092fc99-e7d4-4546-90f2-fad71804b857/datanode-2/data/ratis] (custom)
2019-09-25 05:42:39,312 [pool-297-thread-1] INFO  storage.RaftStorageDirectory (RaftStorageDirectory.java:analyzeStorage(246)) - The storage directory /workdir/hadoop-ozone/ozonefs/target/test-dir/MiniOzoneClusterImpl-8092fc99-e7d4-4546-90f2-fad71804b857/datanode-2/data/ratis/5f9d7e1c-2ef5-498f-9385-fa42d70128d5 does not exist. Creating ...
2019-09-25 05:42:39,325 [pool-297-thread-1] INFO  storage.RaftStorageDirectory (RaftStorageDirectory.java:tryLock(328)) - Lock on /workdir/hadoop-ozone/ozonefs/target/test-dir/MiniOzoneClusterImpl-8092fc99-e7d4-4546-90f2-fad71804b857/datanode-2/data/ratis/5f9d7e1c-2ef5-498f-9385-fa42d70128d5/in_use.lock acquired by nodename 26555@pr-hdds-1569-zxpks-796972592
2019-09-25 05:42:39,338 [pool-297-thread-1] INFO  storage.RaftStorage (RaftStorage.java:format(72)) - Storage directory /workdir/hadoop-ozone/ozonefs/target/test-dir/MiniOzoneClusterImpl-8092fc99-e7d4-4546-90f2-fad71804b857/datanode-2/data/ratis/5f9d7e1c-2ef5-498f-9385-fa42d70128d5 has been successfully formatted.
2019-09-25 05:42:39,338 [pool-297-thread-1] INFO  ratis.ContainerStateMachine (ContainerStateMachine.java:loadSnapshot(230)) - group-FA42D70128D5: The snapshot info is null. Setting the last applied indexto:(t:0, i:~)
2019-09-25 05:42:39,338 [pool-297-thread-1] INFO  server.RaftServerConfigKeys (ConfUtils.java:logGet(43)) - raft.server.notification.no-leader.timeout = 120s (custom)
2019-09-25 05:42:39,338 [pool-297-thread-1] INFO  server.RaftServerConfigKeys (ConfUtils.java:logGet(43)) - raft.server.log.use.memory = false (default)
2019-09-25 05:42:39,338 [pool-297-thread-1] INFO  server.RaftServerConfigKeys (ConfUtils.java:logGet(43)) - raft.server.log.purge.gap = 1000000 (custom)
2019-09-25 05:42:39,339 [pool-297-thread-1] INFO  server.RaftServerConfigKeys (ConfUtils.java:logGet(43)) - raft.server.log.appender.buffer.byte-limit = 33554432 (custom)
2019-09-25 05:42:39,339 [pool-297-thread-1] INFO  server.RaftServerConfigKeys (ConfUtils.java:logGet(43)) - raft.server.log.segment.size.max = 1048576 (custom)
2019-09-25 05:42:39,339 [pool-297-thread-1] INFO  server.RaftServerConfigKeys (ConfUtils.java:logGet(43)) - raft.server.log.segment.cache.num.max = 2 (custom)
2019-09-25 05:42:39,339 [pool-297-thread-1] INFO  segmented.SegmentedRaftLogWorker (SegmentedRaftLogWorker.java:<init>(172)) - new 7966b041-ddaa-48e4-85c1-e8430fd29f08@group-FA42D70128D5-SegmentedRaftLogWorker for RaftStorage:Storage Directory /workdir/hadoop-ozone/ozonefs/target/test-dir/MiniOzoneClusterImpl-8092fc99-e7d4-4546-90f2-fad71804b857/datanode-2/data/ratis/5f9d7e1c-2ef5-498f-9385-fa42d70128d5
2019-09-25 05:42:39,339 [pool-297-thread-1] INFO  server.RaftServerConfigKeys (ConfUtils.java:logGet(43)) - raft.server.log.queue.byte-limit = 2147483647 (custom)
2019-09-25 05:42:39,339 [pool-297-thread-1] INFO  server.RaftServerConfigKeys (ConfUtils.java:logGet(43)) - raft.server.log.queue.element-limit = 1024 (custom)
2019-09-25 05:42:39,339 [pool-297-thread-1] INFO  server.RaftServerConfigKeys (ConfUtils.java:logGet(43)) - raft.server.log.segment.size.max = 1048576 (custom)
2019-09-25 05:42:39,339 [pool-297-thread-1] INFO  server.RaftServerConfigKeys (ConfUtils.java:logGet(43)) - raft.server.log.preallocated.size = 16384 (custom)
2019-09-25 05:42:39,340 [pool-297-thread-1] INFO  server.RaftServerConfigKeys (ConfUtils.java:logGet(43)) - raft.server.log.write.buffer.size = 33554432 (custom)
2019-09-25 05:42:39,340 [pool-297-thread-1] INFO  server.RaftServerConfigKeys (ConfUtils.java:logGet(43)) - raft.server.log.force.sync.num = 128 (default)
2019-09-25 05:42:39,340 [pool-297-thread-1] INFO  server.RaftServerConfigKeys (ConfUtils.java:logGet(43)) - raft.server.log.statemachine.data.sync = true (default)
2019-09-25 05:42:39,340 [pool-297-thread-1] INFO  server.RaftServerConfigKeys (ConfUtils.java:logGet(43)) - raft.server.log.statemachine.data.sync.timeout = 10s (default)
2019-09-25 05:42:39,340 [pool-297-thread-1] INFO  server.RaftServerConfigKeys (ConfUtils.java:logGet(43)) - raft.server.log.statemachine.data.sync.timeout.retry = -1 (default)
2019-09-25 05:42:39,340 [pool-297-thread-1] INFO  server.RaftServerConfigKeys (ConfUtils.java:logGet(43)) - raft.server.log.statemachine.data.caching.enabled = true (custom)
2019-09-25 05:42:39,340 [pool-297-thread-1] INFO  segmented.SegmentedRaftLogWorker (SegmentedRaftLogWorker.java:lambda$new$0(132)) - 7966b041-ddaa-48e4-85c1-e8430fd29f08@group-FA42D70128D5-SegmentedRaftLogWorker: flushIndex: setUnconditionally 0 -> -1
2019-09-25 05:42:39,341 [pool-297-thread-1] INFO  server.RaftServerConfigKeys (ConfUtils.java:logGet(43)) - raft.server.snapshot.auto.trigger.enabled = true (custom)
2019-09-25 05:42:39,341 [pool-297-thread-1] INFO  server.RaftServerConfigKeys (ConfUtils.java:logGet(43)) - raft.server.snapshot.auto.trigger.threshold = 10000 (custom)
2019-09-25 05:42:39,341 [pool-297-thread-1] INFO  server.RaftServerConfigKeys (ConfUtils.java:logGet(43)) - raft.server.snapshot.retention.num.files = 5 (custom)
2019-09-25 05:42:39,341 [pool-297-thread-1] INFO  server.RaftServerConfigKeys (ConfUtils.java:logGet(43)) - raft.server.retrycache.expirytime = 600000ms (custom)
2019-09-25 05:42:39,343 [pool-297-thread-1] INFO  impl.RaftServerImpl (RaftServerImpl.java:start(185)) - 7966b041-ddaa-48e4-85c1-e8430fd29f08@group-FA42D70128D5: start as a follower, conf=-1: [7966b041-ddaa-48e4-85c1-e8430fd29f08:192.168.5.161:40677], old=null
2019-09-25 05:42:39,343 [pool-297-thread-1] INFO  impl.RaftServerImpl (RaftServerImpl.java:setRole(174)) - 7966b041-ddaa-48e4-85c1-e8430fd29f08@group-FA42D70128D5: changes role from      null to FOLLOWER at term 0 for startAsFollower
2019-09-25 05:42:39,343 [pool-297-thread-1] INFO  impl.RoleInfo (RoleInfo.java:updateAndGet(143)) - 7966b041-ddaa-48e4-85c1-e8430fd29f08: start FollowerState
2019-09-25 05:42:39,343 [pool-297-thread-1] INFO  util.JmxRegister (JmxRegister.java:tryRegister(44)) - Successfully registered JMX Bean with object name Ratis:service=RaftServer,group=group-FA42D70128D5,id=7966b041-ddaa-48e4-85c1-e8430fd29f08
2019-09-25 05:42:39,346 [RatisPipelineUtilsThread] INFO  pipeline.PipelineStateManager (PipelineStateManager.java:addPipeline(56)) - Created pipeline Pipeline[ Id: 5f9d7e1c-2ef5-498f-9385-fa42d70128d5, Nodes: 7966b041-ddaa-48e4-85c1-e8430fd29f08{ip: 192.168.5.161, host: pr-hdds-1569-zxpks-796972592, networkLocation: /default-rack, certSerialId: null}, Type:RATIS, Factor:ONE, State:OPEN]
2019-09-25 05:42:39,347 [RatisPipelineUtilsThread] INFO  pipeline.PipelinePlacementPolicy (PipelinePlacementPolicy.java:meetCriteria(91)) - Pipeline Placement: can't place more pipeline on heavy datanode： 3d5c87da-2134-43b6-965f-09d6bd503039 Heaviness: 6 limit: 5
2019-09-25 05:42:39,347 [RatisPipelineUtilsThread] INFO  pipeline.PipelinePlacementPolicy (PipelinePlacementPolicy.java:meetCriteria(91)) - Pipeline Placement: can't place more pipeline on heavy datanode： 58daec77-aff4-491d-ba85-1aa585d4f08b Heaviness: 6 limit: 5
2019-09-25 05:42:39,352 [grpc-default-executor-0] INFO  impl.RaftServerProxy (RaftServerProxy.java:addNew(89)) - 7966b041-ddaa-48e4-85c1-e8430fd29f08: addNew group-8361C3A548F0:[7966b041-ddaa-48e4-85c1-e8430fd29f08:192.168.5.161:40677] returns group-8361C3A548F0:java.util.concurrent.CompletableFuture@1db81114[Not completed]
2019-09-25 05:42:39,353 [pool-297-thread-1] INFO  impl.RaftServerImpl (RaftServerImpl.java:<init>(95)) - 7966b041-ddaa-48e4-85c1-e8430fd29f08: new RaftServerImpl for group-8361C3A548F0:[7966b041-ddaa-48e4-85c1-e8430fd29f08:192.168.5.161:40677] with ContainerStateMachine:uninitialized
2019-09-25 05:42:39,353 [pool-297-thread-1] INFO  server.RaftServerConfigKeys (ConfUtils.java:logGet(43)) - raft.server.rpc.timeout.min = 5s (custom)
2019-09-25 05:42:39,353 [pool-297-thread-1] INFO  server.RaftServerConfigKeys (ConfUtils.java:logGet(43)) - raft.server.rpc.timeout.max = 5200ms (custom)
2019-09-25 05:42:39,353 [pool-297-thread-1] INFO  server.RaftServerConfigKeys (ConfUtils.java:logGet(43)) - raft.server.rpcslowness.timeout = 120s (custom)
2019-09-25 05:42:39,354 [pool-297-thread-1] INFO  server.RaftServerConfigKeys (ConfUtils.java:logGet(43)) - raft.server.sleep.deviation.threshold = 300 (default)
2019-09-25 05:42:39,354 [pool-297-thread-1] INFO  server.RaftServerConfigKeys (ConfUtils.java:logGet(43)) - raft.server.log.appender.install.snapshot.enabled = false (custom)
2019-09-25 05:42:39,354 [pool-297-thread-1] INFO  impl.RaftServerImpl (ServerState.java:<init>(103)) - 7966b041-ddaa-48e4-85c1-e8430fd29f08@group-8361C3A548F0: ConfigurationManager, init=-1: [7966b041-ddaa-48e4-85c1-e8430fd29f08:192.168.5.161:40677], old=null, confs=<EMPTY_MAP>
2019-09-25 05:42:39,354 [pool-297-thread-1] INFO  server.RaftServerConfigKeys (ConfUtils.java:logGet(43)) - raft.server.storage.dir = [/workdir/hadoop-ozone/ozonefs/target/test-dir/MiniOzoneClusterImpl-8092fc99-e7d4-4546-90f2-fad71804b857/datanode-2/data/ratis] (custom)
2019-09-25 05:42:39,354 [pool-297-thread-1] INFO  storage.RaftStorageDirectory (RaftStorageDirectory.java:analyzeStorage(246)) - The storage directory /workdir/hadoop-ozone/ozonefs/target/test-dir/MiniOzoneClusterImpl-8092fc99-e7d4-4546-90f2-fad71804b857/datanode-2/data/ratis/8de5bac6-88fb-43f2-bed5-8361c3a548f0 does not exist. Creating ...
2019-09-25 05:42:39,357 [pool-297-thread-1] INFO  storage.RaftStorageDirectory (RaftStorageDirectory.java:tryLock(328)) - Lock on /workdir/hadoop-ozone/ozonefs/target/test-dir/MiniOzoneClusterImpl-8092fc99-e7d4-4546-90f2-fad71804b857/datanode-2/data/ratis/8de5bac6-88fb-43f2-bed5-8361c3a548f0/in_use.lock acquired by nodename 26555@pr-hdds-1569-zxpks-796972592
2019-09-25 05:42:39,360 [pool-297-thread-1] INFO  storage.RaftStorage (RaftStorage.java:format(72)) - Storage directory /workdir/hadoop-ozone/ozonefs/target/test-dir/MiniOzoneClusterImpl-8092fc99-e7d4-4546-90f2-fad71804b857/datanode-2/data/ratis/8de5bac6-88fb-43f2-bed5-8361c3a548f0 has been successfully formatted.
2019-09-25 05:42:39,361 [pool-297-thread-1] INFO  ratis.ContainerStateMachine (ContainerStateMachine.java:loadSnapshot(230)) - group-8361C3A548F0: The snapshot info is null. Setting the last applied indexto:(t:0, i:~)
2019-09-25 05:42:39,361 [pool-297-thread-1] INFO  server.RaftServerConfigKeys (ConfUtils.java:logGet(43)) - raft.server.notification.no-leader.timeout = 120s (custom)
2019-09-25 05:42:39,361 [pool-297-thread-1] INFO  server.RaftServerConfigKeys (ConfUtils.java:logGet(43)) - raft.server.log.use.memory = false (default)
2019-09-25 05:42:39,361 [pool-297-thread-1] INFO  server.RaftServerConfigKeys (ConfUtils.java:logGet(43)) - raft.server.log.purge.gap = 1000000 (custom)
2019-09-25 05:42:39,361 [pool-297-thread-1] INFO  server.RaftServerConfigKeys (ConfUtils.java:logGet(43)) - raft.server.log.appender.buffer.byte-limit = 33554432 (custom)
2019-09-25 05:42:39,361 [pool-297-thread-1] INFO  server.RaftServerConfigKeys (ConfUtils.java:logGet(43)) - raft.server.log.segment.size.max = 1048576 (custom)
2019-09-25 05:42:39,361 [pool-297-thread-1] INFO  server.RaftServerConfigKeys (ConfUtils.java:logGet(43)) - raft.server.log.segment.cache.num.max = 2 (custom)
2019-09-25 05:42:39,361 [pool-297-thread-1] INFO  segmented.SegmentedRaftLogWorker (SegmentedRaftLogWorker.java:<init>(172)) - new 7966b041-ddaa-48e4-85c1-e8430fd29f08@group-8361C3A548F0-SegmentedRaftLogWorker for RaftStorage:Storage Directory /workdir/hadoop-ozone/ozonefs/target/test-dir/MiniOzoneClusterImpl-8092fc99-e7d4-4546-90f2-fad71804b857/datanode-2/data/ratis/8de5bac6-88fb-43f2-bed5-8361c3a548f0
2019-09-25 05:42:39,362 [pool-297-thread-1] INFO  server.RaftServerConfigKeys (ConfUtils.java:logGet(43)) - raft.server.log.queue.byte-limit = 2147483647 (custom)
2019-09-25 05:42:39,362 [pool-297-thread-1] INFO  server.RaftServerConfigKeys (ConfUtils.java:logGet(43)) - raft.server.log.queue.element-limit = 1024 (custom)
2019-09-25 05:42:39,362 [pool-297-thread-1] INFO  server.RaftServerConfigKeys (ConfUtils.java:logGet(43)) - raft.server.log.segment.size.max = 1048576 (custom)
2019-09-25 05:42:39,362 [pool-297-thread-1] INFO  server.RaftServerConfigKeys (ConfUtils.java:logGet(43)) - raft.server.log.preallocated.size = 16384 (custom)
2019-09-25 05:42:39,362 [pool-297-thread-1] INFO  server.RaftServerConfigKeys (ConfUtils.java:logGet(43)) - raft.server.log.write.buffer.size = 33554432 (custom)
2019-09-25 05:42:39,362 [pool-297-thread-1] INFO  server.RaftServerConfigKeys (ConfUtils.java:logGet(43)) - raft.server.log.force.sync.num = 128 (default)
2019-09-25 05:42:39,362 [pool-297-thread-1] INFO  server.RaftServerConfigKeys (ConfUtils.java:logGet(43)) - raft.server.log.statemachine.data.sync = true (default)
2019-09-25 05:42:39,362 [pool-297-thread-1] INFO  server.RaftServerConfigKeys (ConfUtils.java:logGet(43)) - raft.server.log.statemachine.data.sync.timeout = 10s (default)
2019-09-25 05:42:39,362 [pool-297-thread-1] INFO  server.RaftServerConfigKeys (ConfUtils.java:logGet(43)) - raft.server.log.statemachine.data.sync.timeout.retry = -1 (default)
2019-09-25 05:42:39,363 [pool-297-thread-1] INFO  server.RaftServerConfigKeys (ConfUtils.java:logGet(43)) - raft.server.log.statemachine.data.caching.enabled = true (custom)
2019-09-25 05:42:39,363 [pool-297-thread-1] INFO  segmented.SegmentedRaftLogWorker (SegmentedRaftLogWorker.java:lambda$new$0(132)) - 7966b041-ddaa-48e4-85c1-e8430fd29f08@group-8361C3A548F0-SegmentedRaftLogWorker: flushIndex: setUnconditionally 0 -> -1
2019-09-25 05:42:39,363 [pool-297-thread-1] INFO  server.RaftServerConfigKeys (ConfUtils.java:logGet(43)) - raft.server.snapshot.auto.trigger.enabled = true (custom)
2019-09-25 05:42:39,363 [pool-297-thread-1] INFO  server.RaftServerConfigKeys (ConfUtils.java:logGet(43)) - raft.server.snapshot.auto.trigger.threshold = 10000 (custom)
2019-09-25 05:42:39,363 [pool-297-thread-1] INFO  server.RaftServerConfigKeys (ConfUtils.java:logGet(43)) - raft.server.snapshot.retention.num.files = 5 (custom)
2019-09-25 05:42:39,364 [pool-297-thread-1] INFO  server.RaftServerConfigKeys (ConfUtils.java:logGet(43)) - raft.server.retrycache.expirytime = 600000ms (custom)
2019-09-25 05:42:39,365 [pool-297-thread-1] INFO  impl.RaftServerImpl (RaftServerImpl.java:start(185)) - 7966b041-ddaa-48e4-85c1-e8430fd29f08@group-8361C3A548F0: start as a follower, conf=-1: [7966b041-ddaa-48e4-85c1-e8430fd29f08:192.168.5.161:40677], old=null
2019-09-25 05:42:39,365 [pool-297-thread-1] INFO  impl.RaftServerImpl (RaftServerImpl.java:setRole(174)) - 7966b041-ddaa-48e4-85c1-e8430fd29f08@group-8361C3A548F0: changes role from      null to FOLLOWER at term 0 for startAsFollower
2019-09-25 05:42:39,365 [pool-297-thread-1] INFO  impl.RoleInfo (RoleInfo.java:updateAndGet(143)) - 7966b041-ddaa-48e4-85c1-e8430fd29f08: start FollowerState
2019-09-25 05:42:39,366 [pool-297-thread-1] INFO  util.JmxRegister (JmxRegister.java:tryRegister(44)) - Successfully registered JMX Bean with object name Ratis:service=RaftServer,group=group-8361C3A548F0,id=7966b041-ddaa-48e4-85c1-e8430fd29f08
2019-09-25 05:42:39,368 [RatisPipelineUtilsThread] INFO  pipeline.PipelineStateManager (PipelineStateManager.java:addPipeline(56)) - Created pipeline Pipeline[ Id: 8de5bac6-88fb-43f2-bed5-8361c3a548f0, Nodes: 7966b041-ddaa-48e4-85c1-e8430fd29f08{ip: 192.168.5.161, host: pr-hdds-1569-zxpks-796972592, networkLocation: /default-rack, certSerialId: null}, Type:RATIS, Factor:ONE, State:OPEN]
2019-09-25 05:42:39,368 [RatisPipelineUtilsThread] INFO  pipeline.PipelinePlacementPolicy (PipelinePlacementPolicy.java:meetCriteria(91)) - Pipeline Placement: can't place more pipeline on heavy datanode： 7966b041-ddaa-48e4-85c1-e8430fd29f08 Heaviness: 6 limit: 5
2019-09-25 05:42:39,369 [RatisPipelineUtilsThread] INFO  pipeline.PipelinePlacementPolicy (PipelinePlacementPolicy.java:meetCriteria(91)) - Pipeline Placement: can't place more pipeline on heavy datanode： 3d5c87da-2134-43b6-965f-09d6bd503039 Heaviness: 6 limit: 5
2019-09-25 05:42:39,369 [RatisPipelineUtilsThread] INFO  pipeline.PipelinePlacementPolicy (PipelinePlacementPolicy.java:meetCriteria(91)) - Pipeline Placement: can't place more pipeline on heavy datanode： 58daec77-aff4-491d-ba85-1aa585d4f08b Heaviness: 6 limit: 5
2019-09-25 05:42:39,369 [RatisPipelineUtilsThread] ERROR pipeline.PipelinePlacementPolicy (PipelinePlacementPolicy.java:filterViableNodes(148)) - Unable to find enough nodes that meet the criteria that cannot engage in more than 5 pipelines. Nodes required: 1 Found: 0, healthy nodes count inNodeManager: 3.
2019-09-25 05:42:39,369 [RatisPipelineUtilsThread] ERROR pipeline.SCMPipelineManager (SCMPipelineManager.java:createPipeline(167)) - Pipeline creation failed.
org.apache.hadoop.hdds.scm.exceptions.SCMException: Unable to find enough nodes that meet the criteria that cannot engage in more than 5 pipelines. Nodes required: 1 Found: 0, healthy nodes count inNodeManager: 3.
	at org.apache.hadoop.hdds.scm.pipeline.PipelinePlacementPolicy.filterViableNodes(PipelinePlacementPolicy.java:149)
	at org.apache.hadoop.hdds.scm.pipeline.PipelinePlacementPolicy.chooseDatanodes(PipelinePlacementPolicy.java:172)
	at org.apache.hadoop.hdds.scm.pipeline.RatisPipelineProvider.create(RatisPipelineProvider.java:93)
	at org.apache.hadoop.hdds.scm.pipeline.PipelineFactory.create(PipelineFactory.java:58)
	at org.apache.hadoop.hdds.scm.pipeline.SCMPipelineManager.createPipeline(SCMPipelineManager.java:155)
	at org.apache.hadoop.hdds.scm.pipeline.BackgroundPipelineCreator.createPipelines(BackgroundPipelineCreator.java:99)
	at java.util.concurrent.Executors$RunnableAdapter.call(Executors.java:511)
	at java.util.concurrent.FutureTask.run(FutureTask.java:266)
	at java.util.concurrent.ScheduledThreadPoolExecutor$ScheduledFutureTask.access$201(ScheduledThreadPoolExecutor.java:180)
	at java.util.concurrent.ScheduledThreadPoolExecutor$ScheduledFutureTask.run(ScheduledThreadPoolExecutor.java:293)
	at java.util.concurrent.ThreadPoolExecutor.runWorker(ThreadPoolExecutor.java:1149)
	at java.util.concurrent.ThreadPoolExecutor$Worker.run(ThreadPoolExecutor.java:624)
	at java.lang.Thread.run(Thread.java:748)
2019-09-25 05:42:39,370 [RatisPipelineUtilsThread] INFO  pipeline.PipelinePlacementPolicy (PipelinePlacementPolicy.java:meetCriteria(91)) - Pipeline Placement: can't place more pipeline on heavy datanode： 7966b041-ddaa-48e4-85c1-e8430fd29f08 Heaviness: 6 limit: 5
2019-09-25 05:42:39,370 [RatisPipelineUtilsThread] INFO  pipeline.PipelinePlacementPolicy (PipelinePlacementPolicy.java:meetCriteria(91)) - Pipeline Placement: can't place more pipeline on heavy datanode： 3d5c87da-2134-43b6-965f-09d6bd503039 Heaviness: 6 limit: 5
2019-09-25 05:42:39,370 [RatisPipelineUtilsThread] INFO  pipeline.PipelinePlacementPolicy (PipelinePlacementPolicy.java:meetCriteria(91)) - Pipeline Placement: can't place more pipeline on heavy datanode： 58daec77-aff4-491d-ba85-1aa585d4f08b Heaviness: 6 limit: 5
2019-09-25 05:42:39,370 [RatisPipelineUtilsThread] ERROR pipeline.PipelinePlacementPolicy (PipelinePlacementPolicy.java:filterViableNodes(148)) - Unable to find enough nodes that meet the criteria that cannot engage in more than 5 pipelines. Nodes required: 3 Found: 0, healthy nodes count inNodeManager: 3.
2019-09-25 05:42:39,370 [RatisPipelineUtilsThread] ERROR pipeline.SCMPipelineManager (SCMPipelineManager.java:createPipeline(167)) - Pipeline creation failed.
org.apache.hadoop.hdds.scm.exceptions.SCMException: Unable to find enough nodes that meet the criteria that cannot engage in more than 5 pipelines. Nodes required: 3 Found: 0, healthy nodes count inNodeManager: 3.
	at org.apache.hadoop.hdds.scm.pipeline.PipelinePlacementPolicy.filterViableNodes(PipelinePlacementPolicy.java:149)
	at org.apache.hadoop.hdds.scm.pipeline.PipelinePlacementPolicy.chooseDatanodes(PipelinePlacementPolicy.java:172)
	at org.apache.hadoop.hdds.scm.pipeline.RatisPipelineProvider.create(RatisPipelineProvider.java:93)
	at org.apache.hadoop.hdds.scm.pipeline.PipelineFactory.create(PipelineFactory.java:58)
	at org.apache.hadoop.hdds.scm.pipeline.SCMPipelineManager.createPipeline(SCMPipelineManager.java:155)
	at org.apache.hadoop.hdds.scm.pipeline.BackgroundPipelineCreator.createPipelines(BackgroundPipelineCreator.java:99)
	at java.util.concurrent.Executors$RunnableAdapter.call(Executors.java:511)
	at java.util.concurrent.FutureTask.run(FutureTask.java:266)
	at java.util.concurrent.ScheduledThreadPoolExecutor$ScheduledFutureTask.access$201(ScheduledThreadPoolExecutor.java:180)
	at java.util.concurrent.ScheduledThreadPoolExecutor$ScheduledFutureTask.run(ScheduledThreadPoolExecutor.java:293)
	at java.util.concurrent.ThreadPoolExecutor.runWorker(ThreadPoolExecutor.java:1149)
	at java.util.concurrent.ThreadPoolExecutor$Worker.run(ThreadPoolExecutor.java:624)
	at java.lang.Thread.run(Thread.java:748)
2019-09-25 05:42:39,371 [RatisPipelineUtilsThread] INFO  pipeline.PipelinePlacementPolicy (PipelinePlacementPolicy.java:meetCriteria(91)) - Pipeline Placement: can't place more pipeline on heavy datanode： 7966b041-ddaa-48e4-85c1-e8430fd29f08 Heaviness: 6 limit: 5
2019-09-25 05:42:39,371 [RatisPipelineUtilsThread] INFO  pipeline.PipelinePlacementPolicy (PipelinePlacementPolicy.java:meetCriteria(91)) - Pipeline Placement: can't place more pipeline on heavy datanode： 3d5c87da-2134-43b6-965f-09d6bd503039 Heaviness: 6 limit: 5
2019-09-25 05:42:39,371 [RatisPipelineUtilsThread] INFO  pipeline.PipelinePlacementPolicy (PipelinePlacementPolicy.java:meetCriteria(91)) - Pipeline Placement: can't place more pipeline on heavy datanode： 58daec77-aff4-491d-ba85-1aa585d4f08b Heaviness: 6 limit: 5
2019-09-25 05:42:39,371 [RatisPipelineUtilsThread] ERROR pipeline.PipelinePlacementPolicy (PipelinePlacementPolicy.java:filterViableNodes(148)) - Unable to find enough nodes that meet the criteria that cannot engage in more than 5 pipelines. Nodes required: 1 Found: 0, healthy nodes count inNodeManager: 3.
2019-09-25 05:42:39,371 [RatisPipelineUtilsThread] ERROR pipeline.SCMPipelineManager (SCMPipelineManager.java:createPipeline(167)) - Pipeline creation failed.
org.apache.hadoop.hdds.scm.exceptions.SCMException: Unable to find enough nodes that meet the criteria that cannot engage in more than 5 pipelines. Nodes required: 1 Found: 0, healthy nodes count inNodeManager: 3.
	at org.apache.hadoop.hdds.scm.pipeline.PipelinePlacementPolicy.filterViableNodes(PipelinePlacementPolicy.java:149)
	at org.apache.hadoop.hdds.scm.pipeline.PipelinePlacementPolicy.chooseDatanodes(PipelinePlacementPolicy.java:172)
	at org.apache.hadoop.hdds.scm.pipeline.RatisPipelineProvider.create(RatisPipelineProvider.java:93)
	at org.apache.hadoop.hdds.scm.pipeline.PipelineFactory.create(PipelineFactory.java:58)
	at org.apache.hadoop.hdds.scm.pipeline.SCMPipelineManager.createPipeline(SCMPipelineManager.java:155)
	at org.apache.hadoop.hdds.scm.pipeline.BackgroundPipelineCreator.createPipelines(BackgroundPipelineCreator.java:99)
	at org.apache.hadoop.hdds.scm.pipeline.BackgroundPipelineCreator.lambda$startFixedIntervalPipelineCreator$0(BackgroundPipelineCreator.java:70)
	at java.util.concurrent.Executors$RunnableAdapter.call(Executors.java:511)
	at java.util.concurrent.FutureTask.runAndReset(FutureTask.java:308)
	at java.util.concurrent.ScheduledThreadPoolExecutor$ScheduledFutureTask.access$301(ScheduledThreadPoolExecutor.java:180)
	at java.util.concurrent.ScheduledThreadPoolExecutor$ScheduledFutureTask.run(ScheduledThreadPoolExecutor.java:294)
	at java.util.concurrent.ThreadPoolExecutor.runWorker(ThreadPoolExecutor.java:1149)
	at java.util.concurrent.ThreadPoolExecutor$Worker.run(ThreadPoolExecutor.java:624)
	at java.lang.Thread.run(Thread.java:748)
2019-09-25 05:42:39,372 [RatisPipelineUtilsThread] INFO  pipeline.PipelinePlacementPolicy (PipelinePlacementPolicy.java:meetCriteria(91)) - Pipeline Placement: can't place more pipeline on heavy datanode： 7966b041-ddaa-48e4-85c1-e8430fd29f08 Heaviness: 6 limit: 5
2019-09-25 05:42:39,372 [RatisPipelineUtilsThread] INFO  pipeline.PipelinePlacementPolicy (PipelinePlacementPolicy.java:meetCriteria(91)) - Pipeline Placement: can't place more pipeline on heavy datanode： 3d5c87da-2134-43b6-965f-09d6bd503039 Heaviness: 6 limit: 5
2019-09-25 05:42:39,372 [RatisPipelineUtilsThread] INFO  pipeline.PipelinePlacementPolicy (PipelinePlacementPolicy.java:meetCriteria(91)) - Pipeline Placement: can't place more pipeline on heavy datanode： 58daec77-aff4-491d-ba85-1aa585d4f08b Heaviness: 6 limit: 5
2019-09-25 05:42:39,372 [RatisPipelineUtilsThread] ERROR pipeline.PipelinePlacementPolicy (PipelinePlacementPolicy.java:filterViableNodes(148)) - Unable to find enough nodes that meet the criteria that cannot engage in more than 5 pipelines. Nodes required: 3 Found: 0, healthy nodes count inNodeManager: 3.
2019-09-25 05:42:39,373 [RatisPipelineUtilsThread] ERROR pipeline.SCMPipelineManager (SCMPipelineManager.java:createPipeline(167)) - Pipeline creation failed.
org.apache.hadoop.hdds.scm.exceptions.SCMException: Unable to find enough nodes that meet the criteria that cannot engage in more than 5 pipelines. Nodes required: 3 Found: 0, healthy nodes count inNodeManager: 3.
	at org.apache.hadoop.hdds.scm.pipeline.PipelinePlacementPolicy.filterViableNodes(PipelinePlacementPolicy.java:149)
	at org.apache.hadoop.hdds.scm.pipeline.PipelinePlacementPolicy.chooseDatanodes(PipelinePlacementPolicy.java:172)
	at org.apache.hadoop.hdds.scm.pipeline.RatisPipelineProvider.create(RatisPipelineProvider.java:93)
	at org.apache.hadoop.hdds.scm.pipeline.PipelineFactory.create(PipelineFactory.java:58)
	at org.apache.hadoop.hdds.scm.pipeline.SCMPipelineManager.createPipeline(SCMPipelineManager.java:155)
	at org.apache.hadoop.hdds.scm.pipeline.BackgroundPipelineCreator.createPipelines(BackgroundPipelineCreator.java:99)
	at org.apache.hadoop.hdds.scm.pipeline.BackgroundPipelineCreator.lambda$startFixedIntervalPipelineCreator$0(BackgroundPipelineCreator.java:70)
	at java.util.concurrent.Executors$RunnableAdapter.call(Executors.java:511)
	at java.util.concurrent.FutureTask.runAndReset(FutureTask.java:308)
	at java.util.concurrent.ScheduledThreadPoolExecutor$ScheduledFutureTask.access$301(ScheduledThreadPoolExecutor.java:180)
	at java.util.concurrent.ScheduledThreadPoolExecutor$ScheduledFutureTask.run(ScheduledThreadPoolExecutor.java:294)
	at java.util.concurrent.ThreadPoolExecutor.runWorker(ThreadPoolExecutor.java:1149)
	at java.util.concurrent.ThreadPoolExecutor$Worker.run(ThreadPoolExecutor.java:624)
	at java.lang.Thread.run(Thread.java:748)
2019-09-25 05:42:39,739 [main] INFO  ozone.MiniOzoneClusterImpl (MiniOzoneClusterImpl.java:lambda$waitForClusterToBeReady$0(147)) - Cluster is ready. Got 3 of 3 DN Heartbeats.
2019-09-25 05:42:39,791 [main] INFO  rpc.RpcClient (RpcClient.java:createVolume(276)) - Creating Volume: chmykstzgr, with user15493 as owner.
2019-09-25 05:42:39,794 [IPC Server handler 1 on 46428] INFO  volume.OMVolumeCreateRequest (OMVolumeCreateRequest.java:validateAndUpdateCache(189)) - created volume:chmykstzgr for user:user15493
2019-09-25 05:42:39,807 [main] INFO  rpc.RpcClient (RpcClient.java:createBucket(415)) - Creating Bucket: chmykstzgr/cdetolshuw, with Versioning false and Storage Type set to DISK and Encryption set to false 
2019-09-25 05:42:39,906 [IPC Server handler 1 on 42031] INFO  pipeline.PipelinePlacementPolicy (PipelinePlacementPolicy.java:meetCriteria(91)) - Pipeline Placement: can't place more pipeline on heavy datanode： 7966b041-ddaa-48e4-85c1-e8430fd29f08 Heaviness: 6 limit: 5
2019-09-25 05:42:39,906 [IPC Server handler 1 on 42031] INFO  pipeline.PipelinePlacementPolicy (PipelinePlacementPolicy.java:meetCriteria(91)) - Pipeline Placement: can't place more pipeline on heavy datanode： 3d5c87da-2134-43b6-965f-09d6bd503039 Heaviness: 6 limit: 5
2019-09-25 05:42:39,907 [IPC Server handler 1 on 42031] INFO  pipeline.PipelinePlacementPolicy (PipelinePlacementPolicy.java:meetCriteria(91)) - Pipeline Placement: can't place more pipeline on heavy datanode： 58daec77-aff4-491d-ba85-1aa585d4f08b Heaviness: 6 limit: 5
2019-09-25 05:42:39,907 [IPC Server handler 1 on 42031] ERROR pipeline.PipelinePlacementPolicy (PipelinePlacementPolicy.java:filterViableNodes(148)) - Unable to find enough nodes that meet the criteria that cannot engage in more than 5 pipelines. Nodes required: 3 Found: 0, healthy nodes count inNodeManager: 3.
2019-09-25 05:42:39,907 [IPC Server handler 1 on 42031] ERROR pipeline.SCMPipelineManager (SCMPipelineManager.java:createPipeline(167)) - Pipeline creation failed.
org.apache.hadoop.hdds.scm.exceptions.SCMException: Unable to find enough nodes that meet the criteria that cannot engage in more than 5 pipelines. Nodes required: 3 Found: 0, healthy nodes count inNodeManager: 3.
	at org.apache.hadoop.hdds.scm.pipeline.PipelinePlacementPolicy.filterViableNodes(PipelinePlacementPolicy.java:149)
	at org.apache.hadoop.hdds.scm.pipeline.PipelinePlacementPolicy.chooseDatanodes(PipelinePlacementPolicy.java:172)
	at org.apache.hadoop.hdds.scm.pipeline.RatisPipelineProvider.create(RatisPipelineProvider.java:93)
	at org.apache.hadoop.hdds.scm.pipeline.PipelineFactory.create(PipelineFactory.java:58)
	at org.apache.hadoop.hdds.scm.pipeline.SCMPipelineManager.createPipeline(SCMPipelineManager.java:155)
	at org.apache.hadoop.hdds.scm.block.BlockManagerImpl.allocateBlock(BlockManagerImpl.java:190)
	at org.apache.hadoop.hdds.scm.server.SCMBlockProtocolServer.allocateBlock(SCMBlockProtocolServer.java:182)
	at org.apache.hadoop.ozone.protocolPB.ScmBlockLocationProtocolServerSideTranslatorPB.allocateScmBlock(ScmBlockLocationProtocolServerSideTranslatorPB.java:183)
	at org.apache.hadoop.ozone.protocolPB.ScmBlockLocationProtocolServerSideTranslatorPB.processMessage(ScmBlockLocationProtocolServerSideTranslatorPB.java:141)
	at org.apache.hadoop.ozone.protocolPB.ScmBlockLocationProtocolServerSideTranslatorPB.send(ScmBlockLocationProtocolServerSideTranslatorPB.java:116)
	at org.apache.hadoop.hdds.protocol.proto.ScmBlockLocationProtocolProtos$ScmBlockLocationProtocolService$2.callBlockingMethod(ScmBlockLocationProtocolProtos.java:13157)
	at org.apache.hadoop.ipc.ProtobufRpcEngine$Server$ProtoBufRpcInvoker.call(ProtobufRpcEngine.java:524)
	at org.apache.hadoop.ipc.RPC$Server.call(RPC.java:1025)
	at org.apache.hadoop.ipc.Server$RpcCall.run(Server.java:876)
	at org.apache.hadoop.ipc.Server$RpcCall.run(Server.java:822)
	at java.security.AccessController.doPrivileged(Native Method)
	at javax.security.auth.Subject.doAs(Subject.java:422)
	at org.apache.hadoop.security.UserGroupInformation.doAs(UserGroupInformation.java:1730)
	at org.apache.hadoop.ipc.Server$Handler.run(Server.java:2682)
2019-09-25 05:42:39,908 [IPC Server handler 1 on 42031] WARN  block.BlockManagerImpl (BlockManagerImpl.java:allocateBlock(192)) - Pipeline creation failed for type:RATIS factor:THREE. Retrying get pipelines call once.
org.apache.hadoop.hdds.scm.exceptions.SCMException: Unable to find enough nodes that meet the criteria that cannot engage in more than 5 pipelines. Nodes required: 3 Found: 0, healthy nodes count inNodeManager: 3.
	at org.apache.hadoop.hdds.scm.pipeline.PipelinePlacementPolicy.filterViableNodes(PipelinePlacementPolicy.java:149)
	at org.apache.hadoop.hdds.scm.pipeline.PipelinePlacementPolicy.chooseDatanodes(PipelinePlacementPolicy.java:172)
	at org.apache.hadoop.hdds.scm.pipeline.RatisPipelineProvider.create(RatisPipelineProvider.java:93)
	at org.apache.hadoop.hdds.scm.pipeline.PipelineFactory.create(PipelineFactory.java:58)
	at org.apache.hadoop.hdds.scm.pipeline.SCMPipelineManager.createPipeline(SCMPipelineManager.java:155)
	at org.apache.hadoop.hdds.scm.block.BlockManagerImpl.allocateBlock(BlockManagerImpl.java:190)
	at org.apache.hadoop.hdds.scm.server.SCMBlockProtocolServer.allocateBlock(SCMBlockProtocolServer.java:182)
	at org.apache.hadoop.ozone.protocolPB.ScmBlockLocationProtocolServerSideTranslatorPB.allocateScmBlock(ScmBlockLocationProtocolServerSideTranslatorPB.java:183)
	at org.apache.hadoop.ozone.protocolPB.ScmBlockLocationProtocolServerSideTranslatorPB.processMessage(ScmBlockLocationProtocolServerSideTranslatorPB.java:141)
	at org.apache.hadoop.ozone.protocolPB.ScmBlockLocationProtocolServerSideTranslatorPB.send(ScmBlockLocationProtocolServerSideTranslatorPB.java:116)
	at org.apache.hadoop.hdds.protocol.proto.ScmBlockLocationProtocolProtos$ScmBlockLocationProtocolService$2.callBlockingMethod(ScmBlockLocationProtocolProtos.java:13157)
	at org.apache.hadoop.ipc.ProtobufRpcEngine$Server$ProtoBufRpcInvoker.call(ProtobufRpcEngine.java:524)
	at org.apache.hadoop.ipc.RPC$Server.call(RPC.java:1025)
	at org.apache.hadoop.ipc.Server$RpcCall.run(Server.java:876)
	at org.apache.hadoop.ipc.Server$RpcCall.run(Server.java:822)
	at java.security.AccessController.doPrivileged(Native Method)
	at javax.security.auth.Subject.doAs(Subject.java:422)
	at org.apache.hadoop.security.UserGroupInformation.doAs(UserGroupInformation.java:1730)
	at org.apache.hadoop.ipc.Server$Handler.run(Server.java:2682)
2019-09-25 05:42:39,908 [IPC Server handler 1 on 42031] INFO  block.BlockManagerImpl (BlockManagerImpl.java:allocateBlock(198)) - Could not find available pipeline of type:RATIS and factor:THREE even after retrying
2019-09-25 05:42:39,909 [IPC Server handler 1 on 42031] ERROR block.BlockManagerImpl (BlockManagerImpl.java:allocateBlock(222)) - Unable to allocate a block for the size: 4194304, type: RATIS, factor: THREE
2019-09-25 05:42:39,920 [main] INFO  ozone.MiniOzoneClusterImpl (MiniOzoneClusterImpl.java:shutdown(314)) - Shutting down the Mini Ozone Cluster
2019-09-25 05:42:39,920 [main] INFO  ozone.MiniOzoneClusterImpl (MiniOzoneClusterImpl.java:stop(330)) - Stopping the Mini Ozone Cluster
2019-09-25 05:42:39,920 [main] INFO  ozone.MiniOzoneClusterImpl (MiniOzoneClusterImpl.java:stopOM(400)) - Stopping the OzoneManager
2019-09-25 05:42:39,921 [main] INFO  ipc.Server (Server.java:stop(3082)) - Stopping server on 46428
2019-09-25 05:42:39,926 [IPC Server listener on 46428] INFO  ipc.Server (Server.java:run(1185)) - Stopping IPC Server listener on 46428
2019-09-25 05:42:39,926 [main] INFO  ratis.OzoneManagerDoubleBuffer (OzoneManagerDoubleBuffer.java:stop(248)) - Stopping OMDoubleBuffer flush thread
2019-09-25 05:42:39,926 [IPC Server Responder] INFO  ipc.Server (Server.java:run(1319)) - Stopping IPC Server Responder
2019-09-25 05:42:39,929 [OMDoubleBufferFlushThread] INFO  ratis.OzoneManagerDoubleBuffer (OzoneManagerDoubleBuffer.java:flushTransactions(191)) - OMDoubleBuffer flush thread OMDoubleBufferFlushThread is interrupted and will exit. OMDoubleBufferFlushThread
2019-09-25 05:42:39,929 [main] INFO  utils.BackgroundService (BackgroundService.java:shutdown(148)) - Shutting down service KeyDeletingService
2019-09-25 05:42:39,931 [main] INFO  handler.ContextHandler (ContextHandler.java:doStop(910)) - Stopped o.e.j.w.WebAppContext@538a2f0e{/,null,UNAVAILABLE}{/ozoneManager}
2019-09-25 05:42:39,932 [main] INFO  server.AbstractConnector (AbstractConnector.java:doStop(318)) - Stopped ServerConnector@d2708a7{HTTP/1.1,[http/1.1]}{0.0.0.0:0}
2019-09-25 05:42:39,933 [main] INFO  handler.ContextHandler (ContextHandler.java:doStop(910)) - Stopped o.e.j.s.ServletContextHandler@26f0141{/static,jar:file:/home/user/.m2/repository/org/apache/hadoop/hadoop-ozone-ozone-manager/0.5.0-SNAPSHOT/hadoop-ozone-ozone-manager-0.5.0-SNAPSHOT.jar!/webapps/static,UNAVAILABLE}
2019-09-25 05:42:39,933 [main] INFO  handler.ContextHandler (ContextHandler.java:doStop(910)) - Stopped o.e.j.s.ServletContextHandler@6a567f7b{/logs,file:///workdir/hadoop-ozone/ozonefs/target/log,UNAVAILABLE}
2019-09-25 05:42:39,935 [main] INFO  ozone.MiniOzoneClusterImpl (MiniOzoneClusterImpl.java:stopDatanodes(377)) - Stopping the HddsDatanodes
2019-09-25 05:42:40,563 [Datanode State Machine Thread - 0] INFO  statemachine.DatanodeStateMachine (DatanodeStateMachine.java:lambda$startDaemon$0(350)) - Ozone container server started.
2019-09-25 05:42:40,661 [Datanode State Machine Thread - 0] INFO  statemachine.DatanodeStateMachine (DatanodeStateMachine.java:lambda$startDaemon$0(350)) - Ozone container server started.
2019-09-25 05:42:41,576 [Thread-1510] INFO  container.ReplicationManager (ReplicationManager.java:start(163)) - Starting Replication Monitor Thread.
2019-09-25 05:42:41,579 [ReplicationMonitor] INFO  container.ReplicationManager (ReplicationManager.java:run(226)) - Replication Monitor Thread took 0 milliseconds for processing 0 containers.
2019-09-25 05:42:43,751 [Thread-1515] INFO  impl.FollowerState (FollowerState.java:run(106)) - 58daec77-aff4-491d-ba85-1aa585d4f08b:group-0C95B38539E5 changes to CANDIDATE, lastRpcTime:5072, electionTimeout:5072ms
2019-09-25 05:42:43,751 [Thread-1515] INFO  impl.RoleInfo (RoleInfo.java:shutdownFollowerState(121)) - 58daec77-aff4-491d-ba85-1aa585d4f08b: shutdown FollowerState
2019-09-25 05:42:43,752 [Thread-1515] INFO  impl.RaftServerImpl (RaftServerImpl.java:setRole(174)) - 58daec77-aff4-491d-ba85-1aa585d4f08b@group-0C95B38539E5: changes role from  FOLLOWER to CANDIDATE at term 0 for changeToCandidate
2019-09-25 05:42:43,752 [Thread-1515] INFO  impl.RoleInfo (RoleInfo.java:updateAndGet(143)) - 58daec77-aff4-491d-ba85-1aa585d4f08b: start LeaderElection
2019-09-25 05:42:43,769 [58daec77-aff4-491d-ba85-1aa585d4f08b@group-0C95B38539E5:LeaderElection91] INFO  impl.LeaderElection (LeaderElection.java:askForVotes(182)) - 58daec77-aff4-491d-ba85-1aa585d4f08b@group-0C95B38539E5:LeaderElection91: begin an election at term 1 for -1: [58daec77-aff4-491d-ba85-1aa585d4f08b:192.168.5.161:39671], old=null
2019-09-25 05:42:43,769 [58daec77-aff4-491d-ba85-1aa585d4f08b@group-0C95B38539E5:LeaderElection91] INFO  impl.RoleInfo (RoleInfo.java:shutdownLeaderElection(134)) - 58daec77-aff4-491d-ba85-1aa585d4f08b: shutdown LeaderElection
2019-09-25 05:42:43,769 [58daec77-aff4-491d-ba85-1aa585d4f08b@group-0C95B38539E5:LeaderElection91] INFO  impl.RaftServerImpl (RaftServerImpl.java:setRole(174)) - 58daec77-aff4-491d-ba85-1aa585d4f08b@group-0C95B38539E5: changes role from CANDIDATE to LEADER at term 1 for changeToLeader
2019-09-25 05:42:43,769 [58daec77-aff4-491d-ba85-1aa585d4f08b@group-0C95B38539E5:LeaderElection91] INFO  impl.RaftServerImpl (ServerState.java:setLeader(253)) - 58daec77-aff4-491d-ba85-1aa585d4f08b@group-0C95B38539E5: change Leader from null to 58daec77-aff4-491d-ba85-1aa585d4f08b at term 1 for becomeLeader, leader elected after 5097ms
2019-09-25 05:42:43,770 [58daec77-aff4-491d-ba85-1aa585d4f08b@group-0C95B38539E5:LeaderElection91] INFO  server.RaftServerConfigKeys (ConfUtils.java:logGet(43)) - raft.server.staging.catchup.gap = 1000 (default)
2019-09-25 05:42:43,770 [58daec77-aff4-491d-ba85-1aa585d4f08b@group-0C95B38539E5:LeaderElection91] INFO  server.RaftServerConfigKeys (ConfUtils.java:logGet(43)) - raft.server.rpc.sleep.time = 25ms (default)
2019-09-25 05:42:43,770 [58daec77-aff4-491d-ba85-1aa585d4f08b@group-0C95B38539E5:LeaderElection91] INFO  server.RaftServerConfigKeys (ConfUtils.java:logGet(43)) - raft.server.write.element-limit = 4096 (default)
2019-09-25 05:42:43,770 [58daec77-aff4-491d-ba85-1aa585d4f08b@group-0C95B38539E5:LeaderElection91] INFO  server.RaftServerConfigKeys (ConfUtils.java:logGet(43)) - raft.server.watch.timeout = 10s (default)
2019-09-25 05:42:43,770 [58daec77-aff4-491d-ba85-1aa585d4f08b@group-0C95B38539E5:LeaderElection91] INFO  server.RaftServerConfigKeys (ConfUtils.java:logGet(43)) - raft.server.watch.timeout.denomination = 1s (default)
2019-09-25 05:42:43,770 [58daec77-aff4-491d-ba85-1aa585d4f08b@group-0C95B38539E5:LeaderElection91] INFO  server.RaftServerConfigKeys (ConfUtils.java:logGet(43)) - raft.server.watch.element-limit = 65536 (default)
2019-09-25 05:42:43,772 [58daec77-aff4-491d-ba85-1aa585d4f08b@group-0C95B38539E5:LeaderElection91] INFO  impl.RoleInfo (RoleInfo.java:updateAndGet(143)) - 58daec77-aff4-491d-ba85-1aa585d4f08b: start LeaderState
2019-09-25 05:42:43,773 [58daec77-aff4-491d-ba85-1aa585d4f08b@group-0C95B38539E5:LeaderElection91] INFO  segmented.SegmentedRaftLogWorker (SegmentedRaftLogWorker.java:startLogSegment(380)) - 58daec77-aff4-491d-ba85-1aa585d4f08b@group-0C95B38539E5-SegmentedRaftLogWorker: Starting segment from index:0
2019-09-25 05:42:43,773 [58daec77-aff4-491d-ba85-1aa585d4f08b@group-0C95B38539E5:LeaderElection91] INFO  impl.RaftServerImpl (ServerState.java:setRaftConf(354)) - 58daec77-aff4-491d-ba85-1aa585d4f08b@group-0C95B38539E5: set configuration 0: [58daec77-aff4-491d-ba85-1aa585d4f08b:192.168.5.161:39671], old=null at 0
2019-09-25 05:42:43,777 [Thread-1518] INFO  impl.FollowerState (FollowerState.java:run(106)) - 58daec77-aff4-491d-ba85-1aa585d4f08b:group-370000DB7120 changes to CANDIDATE, lastRpcTime:5055, electionTimeout:5055ms
2019-09-25 05:42:43,777 [Thread-1518] INFO  impl.RoleInfo (RoleInfo.java:shutdownFollowerState(121)) - 58daec77-aff4-491d-ba85-1aa585d4f08b: shutdown FollowerState
2019-09-25 05:42:43,777 [Thread-1518] INFO  impl.RaftServerImpl (RaftServerImpl.java:setRole(174)) - 58daec77-aff4-491d-ba85-1aa585d4f08b@group-370000DB7120: changes role from  FOLLOWER to CANDIDATE at term 0 for changeToCandidate
2019-09-25 05:42:43,777 [Thread-1518] INFO  impl.RoleInfo (RoleInfo.java:updateAndGet(143)) - 58daec77-aff4-491d-ba85-1aa585d4f08b: start LeaderElection
2019-09-25 05:42:43,814 [Thread-1512] INFO  impl.FollowerState (FollowerState.java:run(106)) - 58daec77-aff4-491d-ba85-1aa585d4f08b:group-9B36E58C2B41 changes to CANDIDATE, lastRpcTime:5180, electionTimeout:5178ms
2019-09-25 05:42:43,814 [Thread-1512] INFO  impl.RoleInfo (RoleInfo.java:shutdownFollowerState(121)) - 58daec77-aff4-491d-ba85-1aa585d4f08b: shutdown FollowerState
2019-09-25 05:42:43,814 [Thread-1512] INFO  impl.RaftServerImpl (RaftServerImpl.java:setRole(174)) - 58daec77-aff4-491d-ba85-1aa585d4f08b@group-9B36E58C2B41: changes role from  FOLLOWER to CANDIDATE at term 0 for changeToCandidate
2019-09-25 05:42:43,814 [Thread-1512] INFO  impl.RoleInfo (RoleInfo.java:updateAndGet(143)) - 58daec77-aff4-491d-ba85-1aa585d4f08b: start LeaderElection
2019-09-25 05:42:43,838 [58daec77-aff4-491d-ba85-1aa585d4f08b@group-0C95B38539E5-SegmentedRaftLogWorker] INFO  segmented.SegmentedRaftLogWorker (SegmentedRaftLogWorker.java:execute(569)) - 58daec77-aff4-491d-ba85-1aa585d4f08b@group-0C95B38539E5-SegmentedRaftLogWorker: created new log segment /workdir/hadoop-ozone/ozonefs/target/test-dir/MiniOzoneClusterImpl-8092fc99-e7d4-4546-90f2-fad71804b857/datanode-0/data/ratis/4268fb1f-cb58-4565-8d72-0c95b38539e5/current/log_inprogress_0
2019-09-25 05:42:43,838 [58daec77-aff4-491d-ba85-1aa585d4f08b@group-9B36E58C2B41:LeaderElection93] INFO  impl.LeaderElection (LeaderElection.java:askForVotes(182)) - 58daec77-aff4-491d-ba85-1aa585d4f08b@group-9B36E58C2B41:LeaderElection93: begin an election at term 1 for -1: [58daec77-aff4-491d-ba85-1aa585d4f08b:192.168.5.161:39671], old=null
2019-09-25 05:42:43,838 [58daec77-aff4-491d-ba85-1aa585d4f08b@group-370000DB7120:LeaderElection92] INFO  impl.LeaderElection (LeaderElection.java:askForVotes(182)) - 58daec77-aff4-491d-ba85-1aa585d4f08b@group-370000DB7120:LeaderElection92: begin an election at term 1 for -1: [58daec77-aff4-491d-ba85-1aa585d4f08b:192.168.5.161:39671], old=null
2019-09-25 05:42:43,838 [58daec77-aff4-491d-ba85-1aa585d4f08b@group-9B36E58C2B41:LeaderElection93] INFO  impl.RoleInfo (RoleInfo.java:shutdownLeaderElection(134)) - 58daec77-aff4-491d-ba85-1aa585d4f08b: shutdown LeaderElection
2019-09-25 05:42:43,839 [58daec77-aff4-491d-ba85-1aa585d4f08b@group-370000DB7120:LeaderElection92] INFO  impl.RoleInfo (RoleInfo.java:shutdownLeaderElection(134)) - 58daec77-aff4-491d-ba85-1aa585d4f08b: shutdown LeaderElection
2019-09-25 05:42:43,839 [58daec77-aff4-491d-ba85-1aa585d4f08b@group-9B36E58C2B41:LeaderElection93] INFO  impl.RaftServerImpl (RaftServerImpl.java:setRole(174)) - 58daec77-aff4-491d-ba85-1aa585d4f08b@group-9B36E58C2B41: changes role from CANDIDATE to LEADER at term 1 for changeToLeader
2019-09-25 05:42:43,839 [58daec77-aff4-491d-ba85-1aa585d4f08b@group-370000DB7120:LeaderElection92] INFO  impl.RaftServerImpl (RaftServerImpl.java:setRole(174)) - 58daec77-aff4-491d-ba85-1aa585d4f08b@group-370000DB7120: changes role from CANDIDATE to LEADER at term 1 for changeToLeader
2019-09-25 05:42:43,839 [58daec77-aff4-491d-ba85-1aa585d4f08b@group-9B36E58C2B41:LeaderElection93] INFO  impl.RaftServerImpl (ServerState.java:setLeader(253)) - 58daec77-aff4-491d-ba85-1aa585d4f08b@group-9B36E58C2B41: change Leader from null to 58daec77-aff4-491d-ba85-1aa585d4f08b at term 1 for becomeLeader, leader elected after 5214ms
2019-09-25 05:42:43,839 [58daec77-aff4-491d-ba85-1aa585d4f08b@group-370000DB7120:LeaderElection92] INFO  impl.RaftServerImpl (ServerState.java:setLeader(253)) - 58daec77-aff4-491d-ba85-1aa585d4f08b@group-370000DB7120: change Leader from null to 58daec77-aff4-491d-ba85-1aa585d4f08b at term 1 for becomeLeader, leader elected after 5123ms
2019-09-25 05:42:43,839 [58daec77-aff4-491d-ba85-1aa585d4f08b@group-9B36E58C2B41:LeaderElection93] INFO  server.RaftServerConfigKeys (ConfUtils.java:logGet(43)) - raft.server.staging.catchup.gap = 1000 (default)
2019-09-25 05:42:43,839 [58daec77-aff4-491d-ba85-1aa585d4f08b@group-370000DB7120:LeaderElection92] INFO  server.RaftServerConfigKeys (ConfUtils.java:logGet(43)) - raft.server.staging.catchup.gap = 1000 (default)
2019-09-25 05:42:43,839 [58daec77-aff4-491d-ba85-1aa585d4f08b@group-9B36E58C2B41:LeaderElection93] INFO  server.RaftServerConfigKeys (ConfUtils.java:logGet(43)) - raft.server.rpc.sleep.time = 25ms (default)
2019-09-25 05:42:43,840 [58daec77-aff4-491d-ba85-1aa585d4f08b@group-370000DB7120:LeaderElection92] INFO  server.RaftServerConfigKeys (ConfUtils.java:logGet(43)) - raft.server.rpc.sleep.time = 25ms (default)
2019-09-25 05:42:43,840 [58daec77-aff4-491d-ba85-1aa585d4f08b@group-9B36E58C2B41:LeaderElection93] INFO  server.RaftServerConfigKeys (ConfUtils.java:logGet(43)) - raft.server.write.element-limit = 4096 (default)
2019-09-25 05:42:43,840 [58daec77-aff4-491d-ba85-1aa585d4f08b@group-370000DB7120:LeaderElection92] INFO  server.RaftServerConfigKeys (ConfUtils.java:logGet(43)) - raft.server.write.element-limit = 4096 (default)
2019-09-25 05:42:43,840 [58daec77-aff4-491d-ba85-1aa585d4f08b@group-9B36E58C2B41:LeaderElection93] INFO  server.RaftServerConfigKeys (ConfUtils.java:logGet(43)) - raft.server.watch.timeout = 10s (default)
2019-09-25 05:42:43,840 [58daec77-aff4-491d-ba85-1aa585d4f08b@group-370000DB7120:LeaderElection92] INFO  server.RaftServerConfigKeys (ConfUtils.java:logGet(43)) - raft.server.watch.timeout = 10s (default)
2019-09-25 05:42:43,840 [58daec77-aff4-491d-ba85-1aa585d4f08b@group-9B36E58C2B41:LeaderElection93] INFO  server.RaftServerConfigKeys (ConfUtils.java:logGet(43)) - raft.server.watch.timeout.denomination = 1s (default)
2019-09-25 05:42:43,840 [58daec77-aff4-491d-ba85-1aa585d4f08b@group-370000DB7120:LeaderElection92] INFO  server.RaftServerConfigKeys (ConfUtils.java:logGet(43)) - raft.server.watch.timeout.denomination = 1s (default)
2019-09-25 05:42:43,840 [58daec77-aff4-491d-ba85-1aa585d4f08b@group-9B36E58C2B41:LeaderElection93] INFO  server.RaftServerConfigKeys (ConfUtils.java:logGet(43)) - raft.server.watch.element-limit = 65536 (default)
2019-09-25 05:42:43,841 [58daec77-aff4-491d-ba85-1aa585d4f08b@group-370000DB7120:LeaderElection92] INFO  server.RaftServerConfigKeys (ConfUtils.java:logGet(43)) - raft.server.watch.element-limit = 65536 (default)
2019-09-25 05:42:43,843 [58daec77-aff4-491d-ba85-1aa585d4f08b@group-9B36E58C2B41:LeaderElection93] INFO  impl.RoleInfo (RoleInfo.java:updateAndGet(143)) - 58daec77-aff4-491d-ba85-1aa585d4f08b: start LeaderState
2019-09-25 05:42:43,843 [58daec77-aff4-491d-ba85-1aa585d4f08b@group-9B36E58C2B41:LeaderElection93] INFO  segmented.SegmentedRaftLogWorker (SegmentedRaftLogWorker.java:startLogSegment(380)) - 58daec77-aff4-491d-ba85-1aa585d4f08b@group-9B36E58C2B41-SegmentedRaftLogWorker: Starting segment from index:0
2019-09-25 05:42:43,844 [58daec77-aff4-491d-ba85-1aa585d4f08b@group-9B36E58C2B41:LeaderElection93] INFO  impl.RaftServerImpl (ServerState.java:setRaftConf(354)) - 58daec77-aff4-491d-ba85-1aa585d4f08b@group-9B36E58C2B41: set configuration 0: [58daec77-aff4-491d-ba85-1aa585d4f08b:192.168.5.161:39671], old=null at 0
2019-09-25 05:42:43,844 [58daec77-aff4-491d-ba85-1aa585d4f08b@group-370000DB7120:LeaderElection92] INFO  impl.RoleInfo (RoleInfo.java:updateAndGet(143)) - 58daec77-aff4-491d-ba85-1aa585d4f08b: start LeaderState
2019-09-25 05:42:43,844 [58daec77-aff4-491d-ba85-1aa585d4f08b@group-370000DB7120:LeaderElection92] INFO  segmented.SegmentedRaftLogWorker (SegmentedRaftLogWorker.java:startLogSegment(380)) - 58daec77-aff4-491d-ba85-1aa585d4f08b@group-370000DB7120-SegmentedRaftLogWorker: Starting segment from index:0
2019-09-25 05:42:43,845 [58daec77-aff4-491d-ba85-1aa585d4f08b@group-370000DB7120:LeaderElection92] INFO  impl.RaftServerImpl (ServerState.java:setRaftConf(354)) - 58daec77-aff4-491d-ba85-1aa585d4f08b@group-370000DB7120: set configuration 0: [58daec77-aff4-491d-ba85-1aa585d4f08b:192.168.5.161:39671], old=null at 0
2019-09-25 05:42:43,849 [Thread-1527] INFO  impl.FollowerState (FollowerState.java:run(106)) - 58daec77-aff4-491d-ba85-1aa585d4f08b:group-B0D5A487C2E2 changes to CANDIDATE, lastRpcTime:5026, electionTimeout:5026ms
2019-09-25 05:42:43,849 [Thread-1527] INFO  impl.RoleInfo (RoleInfo.java:shutdownFollowerState(121)) - 58daec77-aff4-491d-ba85-1aa585d4f08b: shutdown FollowerState
2019-09-25 05:42:43,849 [Thread-1527] INFO  impl.RaftServerImpl (RaftServerImpl.java:setRole(174)) - 58daec77-aff4-491d-ba85-1aa585d4f08b@group-B0D5A487C2E2: changes role from  FOLLOWER to CANDIDATE at term 0 for changeToCandidate
2019-09-25 05:42:43,849 [Thread-1527] INFO  impl.RoleInfo (RoleInfo.java:updateAndGet(143)) - 58daec77-aff4-491d-ba85-1aa585d4f08b: start LeaderElection
2019-09-25 05:42:43,886 [Thread-1521] INFO  impl.FollowerState (FollowerState.java:run(106)) - 58daec77-aff4-491d-ba85-1aa585d4f08b:group-AC018F553CDF changes to CANDIDATE, lastRpcTime:5121, electionTimeout:5121ms
2019-09-25 05:42:43,886 [Thread-1521] INFO  impl.RoleInfo (RoleInfo.java:shutdownFollowerState(121)) - 58daec77-aff4-491d-ba85-1aa585d4f08b: shutdown FollowerState
2019-09-25 05:42:43,886 [Thread-1521] INFO  impl.RaftServerImpl (RaftServerImpl.java:setRole(174)) - 58daec77-aff4-491d-ba85-1aa585d4f08b@group-AC018F553CDF: changes role from  FOLLOWER to CANDIDATE at term 0 for changeToCandidate
2019-09-25 05:42:43,886 [Thread-1521] INFO  impl.RoleInfo (RoleInfo.java:updateAndGet(143)) - 58daec77-aff4-491d-ba85-1aa585d4f08b: start LeaderElection
2019-09-25 05:42:43,897 [58daec77-aff4-491d-ba85-1aa585d4f08b@group-370000DB7120-SegmentedRaftLogWorker] INFO  segmented.SegmentedRaftLogWorker (SegmentedRaftLogWorker.java:execute(569)) - 58daec77-aff4-491d-ba85-1aa585d4f08b@group-370000DB7120-SegmentedRaftLogWorker: created new log segment /workdir/hadoop-ozone/ozonefs/target/test-dir/MiniOzoneClusterImpl-8092fc99-e7d4-4546-90f2-fad71804b857/datanode-0/data/ratis/a167dc51-e2c0-4813-92c0-370000db7120/current/log_inprogress_0
2019-09-25 05:42:43,897 [58daec77-aff4-491d-ba85-1aa585d4f08b@group-9B36E58C2B41-SegmentedRaftLogWorker] INFO  segmented.SegmentedRaftLogWorker (SegmentedRaftLogWorker.java:execute(569)) - 58daec77-aff4-491d-ba85-1aa585d4f08b@group-9B36E58C2B41-SegmentedRaftLogWorker: created new log segment /workdir/hadoop-ozone/ozonefs/target/test-dir/MiniOzoneClusterImpl-8092fc99-e7d4-4546-90f2-fad71804b857/datanode-0/data/ratis/c0a17e64-3fb4-47e7-a795-9b36e58c2b41/current/log_inprogress_0
2019-09-25 05:42:43,897 [58daec77-aff4-491d-ba85-1aa585d4f08b@group-B0D5A487C2E2:LeaderElection94] INFO  impl.LeaderElection (LeaderElection.java:askForVotes(182)) - 58daec77-aff4-491d-ba85-1aa585d4f08b@group-B0D5A487C2E2:LeaderElection94: begin an election at term 1 for -1: [58daec77-aff4-491d-ba85-1aa585d4f08b:192.168.5.161:39671], old=null
2019-09-25 05:42:43,897 [58daec77-aff4-491d-ba85-1aa585d4f08b@group-AC018F553CDF:LeaderElection95] INFO  impl.LeaderElection (LeaderElection.java:askForVotes(182)) - 58daec77-aff4-491d-ba85-1aa585d4f08b@group-AC018F553CDF:LeaderElection95: begin an election at term 1 for -1: [58daec77-aff4-491d-ba85-1aa585d4f08b:192.168.5.161:39671], old=null
2019-09-25 05:42:43,897 [58daec77-aff4-491d-ba85-1aa585d4f08b@group-B0D5A487C2E2:LeaderElection94] INFO  impl.RoleInfo (RoleInfo.java:shutdownLeaderElection(134)) - 58daec77-aff4-491d-ba85-1aa585d4f08b: shutdown LeaderElection
2019-09-25 05:42:43,897 [58daec77-aff4-491d-ba85-1aa585d4f08b@group-AC018F553CDF:LeaderElection95] INFO  impl.RoleInfo (RoleInfo.java:shutdownLeaderElection(134)) - 58daec77-aff4-491d-ba85-1aa585d4f08b: shutdown LeaderElection
2019-09-25 05:42:43,898 [58daec77-aff4-491d-ba85-1aa585d4f08b@group-B0D5A487C2E2:LeaderElection94] INFO  impl.RaftServerImpl (RaftServerImpl.java:setRole(174)) - 58daec77-aff4-491d-ba85-1aa585d4f08b@group-B0D5A487C2E2: changes role from CANDIDATE to LEADER at term 1 for changeToLeader
2019-09-25 05:42:43,898 [58daec77-aff4-491d-ba85-1aa585d4f08b@group-AC018F553CDF:LeaderElection95] INFO  impl.RaftServerImpl (RaftServerImpl.java:setRole(174)) - 58daec77-aff4-491d-ba85-1aa585d4f08b@group-AC018F553CDF: changes role from CANDIDATE to LEADER at term 1 for changeToLeader
2019-09-25 05:42:43,898 [58daec77-aff4-491d-ba85-1aa585d4f08b@group-B0D5A487C2E2:LeaderElection94] INFO  impl.RaftServerImpl (ServerState.java:setLeader(253)) - 58daec77-aff4-491d-ba85-1aa585d4f08b@group-B0D5A487C2E2: change Leader from null to 58daec77-aff4-491d-ba85-1aa585d4f08b at term 1 for becomeLeader, leader elected after 5081ms
2019-09-25 05:42:43,898 [58daec77-aff4-491d-ba85-1aa585d4f08b@group-AC018F553CDF:LeaderElection95] INFO  impl.RaftServerImpl (ServerState.java:setLeader(253)) - 58daec77-aff4-491d-ba85-1aa585d4f08b@group-AC018F553CDF: change Leader from null to 58daec77-aff4-491d-ba85-1aa585d4f08b at term 1 for becomeLeader, leader elected after 5139ms
2019-09-25 05:42:43,898 [58daec77-aff4-491d-ba85-1aa585d4f08b@group-B0D5A487C2E2:LeaderElection94] INFO  server.RaftServerConfigKeys (ConfUtils.java:logGet(43)) - raft.server.staging.catchup.gap = 1000 (default)
2019-09-25 05:42:43,898 [58daec77-aff4-491d-ba85-1aa585d4f08b@group-AC018F553CDF:LeaderElection95] INFO  server.RaftServerConfigKeys (ConfUtils.java:logGet(43)) - raft.server.staging.catchup.gap = 1000 (default)
2019-09-25 05:42:43,898 [58daec77-aff4-491d-ba85-1aa585d4f08b@group-B0D5A487C2E2:LeaderElection94] INFO  server.RaftServerConfigKeys (ConfUtils.java:logGet(43)) - raft.server.rpc.sleep.time = 25ms (default)
2019-09-25 05:42:43,898 [58daec77-aff4-491d-ba85-1aa585d4f08b@group-AC018F553CDF:LeaderElection95] INFO  server.RaftServerConfigKeys (ConfUtils.java:logGet(43)) - raft.server.rpc.sleep.time = 25ms (default)
2019-09-25 05:42:43,899 [58daec77-aff4-491d-ba85-1aa585d4f08b@group-B0D5A487C2E2:LeaderElection94] INFO  server.RaftServerConfigKeys (ConfUtils.java:logGet(43)) - raft.server.write.element-limit = 4096 (default)
2019-09-25 05:42:43,899 [58daec77-aff4-491d-ba85-1aa585d4f08b@group-AC018F553CDF:LeaderElection95] INFO  server.RaftServerConfigKeys (ConfUtils.java:logGet(43)) - raft.server.write.element-limit = 4096 (default)
2019-09-25 05:42:43,899 [58daec77-aff4-491d-ba85-1aa585d4f08b@group-B0D5A487C2E2:LeaderElection94] INFO  server.RaftServerConfigKeys (ConfUtils.java:logGet(43)) - raft.server.watch.timeout = 10s (default)
2019-09-25 05:42:43,899 [58daec77-aff4-491d-ba85-1aa585d4f08b@group-AC018F553CDF:LeaderElection95] INFO  server.RaftServerConfigKeys (ConfUtils.java:logGet(43)) - raft.server.watch.timeout = 10s (default)
2019-09-25 05:42:43,899 [58daec77-aff4-491d-ba85-1aa585d4f08b@group-B0D5A487C2E2:LeaderElection94] INFO  server.RaftServerConfigKeys (ConfUtils.java:logGet(43)) - raft.server.watch.timeout.denomination = 1s (default)
2019-09-25 05:42:43,899 [58daec77-aff4-491d-ba85-1aa585d4f08b@group-AC018F553CDF:LeaderElection95] INFO  server.RaftServerConfigKeys (ConfUtils.java:logGet(43)) - raft.server.watch.timeout.denomination = 1s (default)
2019-09-25 05:42:43,899 [58daec77-aff4-491d-ba85-1aa585d4f08b@group-B0D5A487C2E2:LeaderElection94] INFO  server.RaftServerConfigKeys (ConfUtils.java:logGet(43)) - raft.server.watch.element-limit = 65536 (default)
2019-09-25 05:42:43,899 [58daec77-aff4-491d-ba85-1aa585d4f08b@group-AC018F553CDF:LeaderElection95] INFO  server.RaftServerConfigKeys (ConfUtils.java:logGet(43)) - raft.server.watch.element-limit = 65536 (default)
2019-09-25 05:42:43,902 [58daec77-aff4-491d-ba85-1aa585d4f08b@group-B0D5A487C2E2:LeaderElection94] INFO  impl.RoleInfo (RoleInfo.java:updateAndGet(143)) - 58daec77-aff4-491d-ba85-1aa585d4f08b: start LeaderState
2019-09-25 05:42:43,902 [58daec77-aff4-491d-ba85-1aa585d4f08b@group-B0D5A487C2E2:LeaderElection94] INFO  segmented.SegmentedRaftLogWorker (SegmentedRaftLogWorker.java:startLogSegment(380)) - 58daec77-aff4-491d-ba85-1aa585d4f08b@group-B0D5A487C2E2-SegmentedRaftLogWorker: Starting segment from index:0
2019-09-25 05:42:43,902 [58daec77-aff4-491d-ba85-1aa585d4f08b@group-B0D5A487C2E2:LeaderElection94] INFO  impl.RaftServerImpl (ServerState.java:setRaftConf(354)) - 58daec77-aff4-491d-ba85-1aa585d4f08b@group-B0D5A487C2E2: set configuration 0: [58daec77-aff4-491d-ba85-1aa585d4f08b:192.168.5.161:39671], old=null at 0
2019-09-25 05:42:43,903 [58daec77-aff4-491d-ba85-1aa585d4f08b@group-AC018F553CDF:LeaderElection95] INFO  impl.RoleInfo (RoleInfo.java:updateAndGet(143)) - 58daec77-aff4-491d-ba85-1aa585d4f08b: start LeaderState
2019-09-25 05:42:43,903 [58daec77-aff4-491d-ba85-1aa585d4f08b@group-AC018F553CDF:LeaderElection95] INFO  segmented.SegmentedRaftLogWorker (SegmentedRaftLogWorker.java:startLogSegment(380)) - 58daec77-aff4-491d-ba85-1aa585d4f08b@group-AC018F553CDF-SegmentedRaftLogWorker: Starting segment from index:0
2019-09-25 05:42:43,903 [58daec77-aff4-491d-ba85-1aa585d4f08b@group-AC018F553CDF:LeaderElection95] INFO  impl.RaftServerImpl (ServerState.java:setRaftConf(354)) - 58daec77-aff4-491d-ba85-1aa585d4f08b@group-AC018F553CDF: set configuration 0: [58daec77-aff4-491d-ba85-1aa585d4f08b:192.168.5.161:39671], old=null at 0
2019-09-25 05:42:43,927 [Thread-1530] INFO  impl.FollowerState (FollowerState.java:run(106)) - 7966b041-ddaa-48e4-85c1-e8430fd29f08:group-DAD98E306F2D changes to CANDIDATE, lastRpcTime:5066, electionTimeout:5066ms
2019-09-25 05:42:43,927 [Thread-1530] INFO  impl.RoleInfo (RoleInfo.java:shutdownFollowerState(121)) - 7966b041-ddaa-48e4-85c1-e8430fd29f08: shutdown FollowerState
2019-09-25 05:42:43,927 [Thread-1530] INFO  impl.RaftServerImpl (RaftServerImpl.java:setRole(174)) - 7966b041-ddaa-48e4-85c1-e8430fd29f08@group-DAD98E306F2D: changes role from  FOLLOWER to CANDIDATE at term 0 for changeToCandidate
2019-09-25 05:42:43,927 [Thread-1530] INFO  impl.RoleInfo (RoleInfo.java:updateAndGet(143)) - 7966b041-ddaa-48e4-85c1-e8430fd29f08: start LeaderElection
2019-09-25 05:42:43,953 [58daec77-aff4-491d-ba85-1aa585d4f08b@group-B0D5A487C2E2-SegmentedRaftLogWorker] INFO  segmented.SegmentedRaftLogWorker (SegmentedRaftLogWorker.java:execute(569)) - 58daec77-aff4-491d-ba85-1aa585d4f08b@group-B0D5A487C2E2-SegmentedRaftLogWorker: created new log segment /workdir/hadoop-ozone/ozonefs/target/test-dir/MiniOzoneClusterImpl-8092fc99-e7d4-4546-90f2-fad71804b857/datanode-0/data/ratis/9be935ab-36fd-4455-abdd-b0d5a487c2e2/current/log_inprogress_0
2019-09-25 05:42:43,953 [7966b041-ddaa-48e4-85c1-e8430fd29f08@group-DAD98E306F2D:LeaderElection96] INFO  impl.LeaderElection (LeaderElection.java:askForVotes(182)) - 7966b041-ddaa-48e4-85c1-e8430fd29f08@group-DAD98E306F2D:LeaderElection96: begin an election at term 1 for -1: [7966b041-ddaa-48e4-85c1-e8430fd29f08:192.168.5.161:40677], old=null
2019-09-25 05:42:43,953 [58daec77-aff4-491d-ba85-1aa585d4f08b@group-AC018F553CDF-SegmentedRaftLogWorker] INFO  segmented.SegmentedRaftLogWorker (SegmentedRaftLogWorker.java:execute(569)) - 58daec77-aff4-491d-ba85-1aa585d4f08b@group-AC018F553CDF-SegmentedRaftLogWorker: created new log segment /workdir/hadoop-ozone/ozonefs/target/test-dir/MiniOzoneClusterImpl-8092fc99-e7d4-4546-90f2-fad71804b857/datanode-0/data/ratis/6fe935c2-c15b-4b1c-b4bd-ac018f553cdf/current/log_inprogress_0
2019-09-25 05:42:43,954 [7966b041-ddaa-48e4-85c1-e8430fd29f08@group-DAD98E306F2D:LeaderElection96] INFO  impl.RoleInfo (RoleInfo.java:shutdownLeaderElection(134)) - 7966b041-ddaa-48e4-85c1-e8430fd29f08: shutdown LeaderElection
2019-09-25 05:42:43,954 [7966b041-ddaa-48e4-85c1-e8430fd29f08@group-DAD98E306F2D:LeaderElection96] INFO  impl.RaftServerImpl (RaftServerImpl.java:setRole(174)) - 7966b041-ddaa-48e4-85c1-e8430fd29f08@group-DAD98E306F2D: changes role from CANDIDATE to LEADER at term 1 for changeToLeader
2019-09-25 05:42:43,954 [7966b041-ddaa-48e4-85c1-e8430fd29f08@group-DAD98E306F2D:LeaderElection96] INFO  impl.RaftServerImpl (ServerState.java:setLeader(253)) - 7966b041-ddaa-48e4-85c1-e8430fd29f08@group-DAD98E306F2D: change Leader from null to 7966b041-ddaa-48e4-85c1-e8430fd29f08 at term 1 for becomeLeader, leader elected after 5104ms
2019-09-25 05:42:43,954 [7966b041-ddaa-48e4-85c1-e8430fd29f08@group-DAD98E306F2D:LeaderElection96] INFO  server.RaftServerConfigKeys (ConfUtils.java:logGet(43)) - raft.server.staging.catchup.gap = 1000 (default)
2019-09-25 05:42:43,954 [7966b041-ddaa-48e4-85c1-e8430fd29f08@group-DAD98E306F2D:LeaderElection96] INFO  server.RaftServerConfigKeys (ConfUtils.java:logGet(43)) - raft.server.rpc.sleep.time = 25ms (default)
2019-09-25 05:42:43,955 [7966b041-ddaa-48e4-85c1-e8430fd29f08@group-DAD98E306F2D:LeaderElection96] INFO  server.RaftServerConfigKeys (ConfUtils.java:logGet(43)) - raft.server.write.element-limit = 4096 (default)
2019-09-25 05:42:43,955 [7966b041-ddaa-48e4-85c1-e8430fd29f08@group-DAD98E306F2D:LeaderElection96] INFO  server.RaftServerConfigKeys (ConfUtils.java:logGet(43)) - raft.server.watch.timeout = 10s (default)
2019-09-25 05:42:43,955 [7966b041-ddaa-48e4-85c1-e8430fd29f08@group-DAD98E306F2D:LeaderElection96] INFO  server.RaftServerConfigKeys (ConfUtils.java:logGet(43)) - raft.server.watch.timeout.denomination = 1s (default)
2019-09-25 05:42:43,955 [7966b041-ddaa-48e4-85c1-e8430fd29f08@group-DAD98E306F2D:LeaderElection96] INFO  server.RaftServerConfigKeys (ConfUtils.java:logGet(43)) - raft.server.watch.element-limit = 65536 (default)
2019-09-25 05:42:43,958 [7966b041-ddaa-48e4-85c1-e8430fd29f08@group-DAD98E306F2D:LeaderElection96] INFO  impl.RoleInfo (RoleInfo.java:updateAndGet(143)) - 7966b041-ddaa-48e4-85c1-e8430fd29f08: start LeaderState
2019-09-25 05:42:43,958 [7966b041-ddaa-48e4-85c1-e8430fd29f08@group-DAD98E306F2D:LeaderElection96] INFO  segmented.SegmentedRaftLogWorker (SegmentedRaftLogWorker.java:startLogSegment(380)) - 7966b041-ddaa-48e4-85c1-e8430fd29f08@group-DAD98E306F2D-SegmentedRaftLogWorker: Starting segment from index:0
2019-09-25 05:42:43,958 [7966b041-ddaa-48e4-85c1-e8430fd29f08@group-DAD98E306F2D:LeaderElection96] INFO  impl.RaftServerImpl (ServerState.java:setRaftConf(354)) - 7966b041-ddaa-48e4-85c1-e8430fd29f08@group-DAD98E306F2D: set configuration 0: [7966b041-ddaa-48e4-85c1-e8430fd29f08:192.168.5.161:40677], old=null at 0
2019-09-25 05:42:43,977 [Thread-1533] INFO  impl.FollowerState (FollowerState.java:run(106)) - 3d5c87da-2134-43b6-965f-09d6bd503039:group-E31E15779C03 changes to CANDIDATE, lastRpcTime:5055, electionTimeout:5055ms
2019-09-25 05:42:43,977 [Thread-1533] INFO  impl.RoleInfo (RoleInfo.java:shutdownFollowerState(121)) - 3d5c87da-2134-43b6-965f-09d6bd503039: shutdown FollowerState
2019-09-25 05:42:43,977 [Thread-1533] INFO  impl.RaftServerImpl (RaftServerImpl.java:setRole(174)) - 3d5c87da-2134-43b6-965f-09d6bd503039@group-E31E15779C03: changes role from  FOLLOWER to CANDIDATE at term 0 for changeToCandidate
2019-09-25 05:42:43,977 [Thread-1533] INFO  impl.RoleInfo (RoleInfo.java:updateAndGet(143)) - 3d5c87da-2134-43b6-965f-09d6bd503039: start LeaderElection
2019-09-25 05:42:43,996 [Thread-1524] INFO  impl.FollowerState (FollowerState.java:run(106)) - 58daec77-aff4-491d-ba85-1aa585d4f08b:group-A69BA6EA9E49 changes to CANDIDATE, lastRpcTime:5197, electionTimeout:5189ms
2019-09-25 05:42:43,996 [Thread-1524] INFO  impl.RoleInfo (RoleInfo.java:shutdownFollowerState(121)) - 58daec77-aff4-491d-ba85-1aa585d4f08b: shutdown FollowerState
2019-09-25 05:42:43,996 [Thread-1524] INFO  impl.RaftServerImpl (RaftServerImpl.java:setRole(174)) - 58daec77-aff4-491d-ba85-1aa585d4f08b@group-A69BA6EA9E49: changes role from  FOLLOWER to CANDIDATE at term 0 for changeToCandidate
2019-09-25 05:42:43,996 [Thread-1524] INFO  impl.RoleInfo (RoleInfo.java:updateAndGet(143)) - 58daec77-aff4-491d-ba85-1aa585d4f08b: start LeaderElection
2019-09-25 05:42:44,009 [7966b041-ddaa-48e4-85c1-e8430fd29f08@group-DAD98E306F2D-SegmentedRaftLogWorker] INFO  segmented.SegmentedRaftLogWorker (SegmentedRaftLogWorker.java:execute(569)) - 7966b041-ddaa-48e4-85c1-e8430fd29f08@group-DAD98E306F2D-SegmentedRaftLogWorker: created new log segment /workdir/hadoop-ozone/ozonefs/target/test-dir/MiniOzoneClusterImpl-8092fc99-e7d4-4546-90f2-fad71804b857/datanode-2/data/ratis/9d07d623-9aa4-4b80-bfea-dad98e306f2d/current/log_inprogress_0
2019-09-25 05:42:44,009 [58daec77-aff4-491d-ba85-1aa585d4f08b@group-A69BA6EA9E49:LeaderElection98] INFO  impl.LeaderElection (LeaderElection.java:askForVotes(182)) - 58daec77-aff4-491d-ba85-1aa585d4f08b@group-A69BA6EA9E49:LeaderElection98: begin an election at term 1 for -1: [58daec77-aff4-491d-ba85-1aa585d4f08b:192.168.5.161:39671], old=null
2019-09-25 05:42:44,009 [3d5c87da-2134-43b6-965f-09d6bd503039@group-E31E15779C03:LeaderElection97] INFO  impl.LeaderElection (LeaderElection.java:askForVotes(182)) - 3d5c87da-2134-43b6-965f-09d6bd503039@group-E31E15779C03:LeaderElection97: begin an election at term 1 for -1: [3d5c87da-2134-43b6-965f-09d6bd503039:192.168.5.161:35775], old=null
2019-09-25 05:42:44,009 [58daec77-aff4-491d-ba85-1aa585d4f08b@group-A69BA6EA9E49:LeaderElection98] INFO  impl.RoleInfo (RoleInfo.java:shutdownLeaderElection(134)) - 58daec77-aff4-491d-ba85-1aa585d4f08b: shutdown LeaderElection
2019-09-25 05:42:44,009 [3d5c87da-2134-43b6-965f-09d6bd503039@group-E31E15779C03:LeaderElection97] INFO  impl.RoleInfo (RoleInfo.java:shutdownLeaderElection(134)) - 3d5c87da-2134-43b6-965f-09d6bd503039: shutdown LeaderElection
2019-09-25 05:42:44,009 [58daec77-aff4-491d-ba85-1aa585d4f08b@group-A69BA6EA9E49:LeaderElection98] INFO  impl.RaftServerImpl (RaftServerImpl.java:setRole(174)) - 58daec77-aff4-491d-ba85-1aa585d4f08b@group-A69BA6EA9E49: changes role from CANDIDATE to LEADER at term 1 for changeToLeader
2019-09-25 05:42:44,009 [3d5c87da-2134-43b6-965f-09d6bd503039@group-E31E15779C03:LeaderElection97] INFO  impl.RaftServerImpl (RaftServerImpl.java:setRole(174)) - 3d5c87da-2134-43b6-965f-09d6bd503039@group-E31E15779C03: changes role from CANDIDATE to LEADER at term 1 for changeToLeader
2019-09-25 05:42:44,009 [58daec77-aff4-491d-ba85-1aa585d4f08b@group-A69BA6EA9E49:LeaderElection98] INFO  impl.RaftServerImpl (ServerState.java:setLeader(253)) - 58daec77-aff4-491d-ba85-1aa585d4f08b@group-A69BA6EA9E49: change Leader from null to 58daec77-aff4-491d-ba85-1aa585d4f08b at term 1 for becomeLeader, leader elected after 5217ms
2019-09-25 05:42:44,010 [3d5c87da-2134-43b6-965f-09d6bd503039@group-E31E15779C03:LeaderElection97] INFO  impl.RaftServerImpl (ServerState.java:setLeader(253)) - 3d5c87da-2134-43b6-965f-09d6bd503039@group-E31E15779C03: change Leader from null to 3d5c87da-2134-43b6-965f-09d6bd503039 at term 1 for becomeLeader, leader elected after 5096ms
2019-09-25 05:42:44,010 [58daec77-aff4-491d-ba85-1aa585d4f08b@group-A69BA6EA9E49:LeaderElection98] INFO  server.RaftServerConfigKeys (ConfUtils.java:logGet(43)) - raft.server.staging.catchup.gap = 1000 (default)
2019-09-25 05:42:44,010 [3d5c87da-2134-43b6-965f-09d6bd503039@group-E31E15779C03:LeaderElection97] INFO  server.RaftServerConfigKeys (ConfUtils.java:logGet(43)) - raft.server.staging.catchup.gap = 1000 (default)
2019-09-25 05:42:44,010 [58daec77-aff4-491d-ba85-1aa585d4f08b@group-A69BA6EA9E49:LeaderElection98] INFO  server.RaftServerConfigKeys (ConfUtils.java:logGet(43)) - raft.server.rpc.sleep.time = 25ms (default)
2019-09-25 05:42:44,010 [3d5c87da-2134-43b6-965f-09d6bd503039@group-E31E15779C03:LeaderElection97] INFO  server.RaftServerConfigKeys (ConfUtils.java:logGet(43)) - raft.server.rpc.sleep.time = 25ms (default)
2019-09-25 05:42:44,010 [58daec77-aff4-491d-ba85-1aa585d4f08b@group-A69BA6EA9E49:LeaderElection98] INFO  server.RaftServerConfigKeys (ConfUtils.java:logGet(43)) - raft.server.write.element-limit = 4096 (default)
2019-09-25 05:42:44,010 [3d5c87da-2134-43b6-965f-09d6bd503039@group-E31E15779C03:LeaderElection97] INFO  server.RaftServerConfigKeys (ConfUtils.java:logGet(43)) - raft.server.write.element-limit = 4096 (default)
2019-09-25 05:42:44,010 [58daec77-aff4-491d-ba85-1aa585d4f08b@group-A69BA6EA9E49:LeaderElection98] INFO  server.RaftServerConfigKeys (ConfUtils.java:logGet(43)) - raft.server.watch.timeout = 10s (default)
2019-09-25 05:42:44,011 [3d5c87da-2134-43b6-965f-09d6bd503039@group-E31E15779C03:LeaderElection97] INFO  server.RaftServerConfigKeys (ConfUtils.java:logGet(43)) - raft.server.watch.timeout = 10s (default)
2019-09-25 05:42:44,011 [58daec77-aff4-491d-ba85-1aa585d4f08b@group-A69BA6EA9E49:LeaderElection98] INFO  server.RaftServerConfigKeys (ConfUtils.java:logGet(43)) - raft.server.watch.timeout.denomination = 1s (default)
2019-09-25 05:42:44,011 [3d5c87da-2134-43b6-965f-09d6bd503039@group-E31E15779C03:LeaderElection97] INFO  server.RaftServerConfigKeys (ConfUtils.java:logGet(43)) - raft.server.watch.timeout.denomination = 1s (default)
2019-09-25 05:42:44,011 [58daec77-aff4-491d-ba85-1aa585d4f08b@group-A69BA6EA9E49:LeaderElection98] INFO  server.RaftServerConfigKeys (ConfUtils.java:logGet(43)) - raft.server.watch.element-limit = 65536 (default)
2019-09-25 05:42:44,011 [3d5c87da-2134-43b6-965f-09d6bd503039@group-E31E15779C03:LeaderElection97] INFO  server.RaftServerConfigKeys (ConfUtils.java:logGet(43)) - raft.server.watch.element-limit = 65536 (default)
2019-09-25 05:42:44,014 [58daec77-aff4-491d-ba85-1aa585d4f08b@group-A69BA6EA9E49:LeaderElection98] INFO  impl.RoleInfo (RoleInfo.java:updateAndGet(143)) - 58daec77-aff4-491d-ba85-1aa585d4f08b: start LeaderState
2019-09-25 05:42:44,014 [3d5c87da-2134-43b6-965f-09d6bd503039@group-E31E15779C03:LeaderElection97] INFO  impl.RoleInfo (RoleInfo.java:updateAndGet(143)) - 3d5c87da-2134-43b6-965f-09d6bd503039: start LeaderState
2019-09-25 05:42:44,014 [58daec77-aff4-491d-ba85-1aa585d4f08b@group-A69BA6EA9E49:LeaderElection98] INFO  segmented.SegmentedRaftLogWorker (SegmentedRaftLogWorker.java:startLogSegment(380)) - 58daec77-aff4-491d-ba85-1aa585d4f08b@group-A69BA6EA9E49-SegmentedRaftLogWorker: Starting segment from index:0
2019-09-25 05:42:44,014 [3d5c87da-2134-43b6-965f-09d6bd503039@group-E31E15779C03:LeaderElection97] INFO  segmented.SegmentedRaftLogWorker (SegmentedRaftLogWorker.java:startLogSegment(380)) - 3d5c87da-2134-43b6-965f-09d6bd503039@group-E31E15779C03-SegmentedRaftLogWorker: Starting segment from index:0
2019-09-25 05:42:44,014 [58daec77-aff4-491d-ba85-1aa585d4f08b@group-A69BA6EA9E49:LeaderElection98] INFO  impl.RaftServerImpl (ServerState.java:setRaftConf(354)) - 58daec77-aff4-491d-ba85-1aa585d4f08b@group-A69BA6EA9E49: set configuration 0: [58daec77-aff4-491d-ba85-1aa585d4f08b:192.168.5.161:39671], old=null at 0
2019-09-25 05:42:44,015 [3d5c87da-2134-43b6-965f-09d6bd503039@group-E31E15779C03:LeaderElection97] INFO  impl.RaftServerImpl (ServerState.java:setRaftConf(354)) - 3d5c87da-2134-43b6-965f-09d6bd503039@group-E31E15779C03: set configuration 0: [3d5c87da-2134-43b6-965f-09d6bd503039:192.168.5.161:35775], old=null at 0
2019-09-25 05:42:44,034 [Thread-1536] INFO  impl.FollowerState (FollowerState.java:run(106)) - 3d5c87da-2134-43b6-965f-09d6bd503039:group-A751599419FD changes to CANDIDATE, lastRpcTime:5068, electionTimeout:5068ms
2019-09-25 05:42:44,034 [Thread-1536] INFO  impl.RoleInfo (RoleInfo.java:shutdownFollowerState(121)) - 3d5c87da-2134-43b6-965f-09d6bd503039: shutdown FollowerState
2019-09-25 05:42:44,034 [Thread-1536] INFO  impl.RaftServerImpl (RaftServerImpl.java:setRole(174)) - 3d5c87da-2134-43b6-965f-09d6bd503039@group-A751599419FD: changes role from  FOLLOWER to CANDIDATE at term 0 for changeToCandidate
2019-09-25 05:42:44,034 [Thread-1536] INFO  impl.RoleInfo (RoleInfo.java:updateAndGet(143)) - 3d5c87da-2134-43b6-965f-09d6bd503039: start LeaderElection
2019-09-25 05:42:44,060 [3d5c87da-2134-43b6-965f-09d6bd503039@group-E31E15779C03-SegmentedRaftLogWorker] INFO  segmented.SegmentedRaftLogWorker (SegmentedRaftLogWorker.java:execute(569)) - 3d5c87da-2134-43b6-965f-09d6bd503039@group-E31E15779C03-SegmentedRaftLogWorker: created new log segment /workdir/hadoop-ozone/ozonefs/target/test-dir/MiniOzoneClusterImpl-8092fc99-e7d4-4546-90f2-fad71804b857/datanode-1/data/ratis/3303a8e7-7192-4065-a850-e31e15779c03/current/log_inprogress_0
2019-09-25 05:42:44,060 [3d5c87da-2134-43b6-965f-09d6bd503039@group-A751599419FD:LeaderElection99] INFO  impl.LeaderElection (LeaderElection.java:askForVotes(182)) - 3d5c87da-2134-43b6-965f-09d6bd503039@group-A751599419FD:LeaderElection99: begin an election at term 1 for -1: [3d5c87da-2134-43b6-965f-09d6bd503039:192.168.5.161:35775], old=null
2019-09-25 05:42:44,060 [58daec77-aff4-491d-ba85-1aa585d4f08b@group-A69BA6EA9E49-SegmentedRaftLogWorker] INFO  segmented.SegmentedRaftLogWorker (SegmentedRaftLogWorker.java:execute(569)) - 58daec77-aff4-491d-ba85-1aa585d4f08b@group-A69BA6EA9E49-SegmentedRaftLogWorker: created new log segment /workdir/hadoop-ozone/ozonefs/target/test-dir/MiniOzoneClusterImpl-8092fc99-e7d4-4546-90f2-fad71804b857/datanode-0/data/ratis/26931d07-b521-4418-a553-a69ba6ea9e49/current/log_inprogress_0
2019-09-25 05:42:44,061 [3d5c87da-2134-43b6-965f-09d6bd503039@group-A751599419FD:LeaderElection99] INFO  impl.RoleInfo (RoleInfo.java:shutdownLeaderElection(134)) - 3d5c87da-2134-43b6-965f-09d6bd503039: shutdown LeaderElection
2019-09-25 05:42:44,061 [3d5c87da-2134-43b6-965f-09d6bd503039@group-A751599419FD:LeaderElection99] INFO  impl.RaftServerImpl (RaftServerImpl.java:setRole(174)) - 3d5c87da-2134-43b6-965f-09d6bd503039@group-A751599419FD: changes role from CANDIDATE to LEADER at term 1 for changeToLeader
2019-09-25 05:42:44,061 [3d5c87da-2134-43b6-965f-09d6bd503039@group-A751599419FD:LeaderElection99] INFO  impl.RaftServerImpl (ServerState.java:setLeader(253)) - 3d5c87da-2134-43b6-965f-09d6bd503039@group-A751599419FD: change Leader from null to 3d5c87da-2134-43b6-965f-09d6bd503039 at term 1 for becomeLeader, leader elected after 5101ms
2019-09-25 05:42:44,061 [3d5c87da-2134-43b6-965f-09d6bd503039@group-A751599419FD:LeaderElection99] INFO  server.RaftServerConfigKeys (ConfUtils.java:logGet(43)) - raft.server.staging.catchup.gap = 1000 (default)
2019-09-25 05:42:44,061 [3d5c87da-2134-43b6-965f-09d6bd503039@group-A751599419FD:LeaderElection99] INFO  server.RaftServerConfigKeys (ConfUtils.java:logGet(43)) - raft.server.rpc.sleep.time = 25ms (default)
2019-09-25 05:42:44,061 [3d5c87da-2134-43b6-965f-09d6bd503039@group-A751599419FD:LeaderElection99] INFO  server.RaftServerConfigKeys (ConfUtils.java:logGet(43)) - raft.server.write.element-limit = 4096 (default)
2019-09-25 05:42:44,062 [3d5c87da-2134-43b6-965f-09d6bd503039@group-A751599419FD:LeaderElection99] INFO  server.RaftServerConfigKeys (ConfUtils.java:logGet(43)) - raft.server.watch.timeout = 10s (default)
2019-09-25 05:42:44,062 [3d5c87da-2134-43b6-965f-09d6bd503039@group-A751599419FD:LeaderElection99] INFO  server.RaftServerConfigKeys (ConfUtils.java:logGet(43)) - raft.server.watch.timeout.denomination = 1s (default)
2019-09-25 05:42:44,062 [3d5c87da-2134-43b6-965f-09d6bd503039@group-A751599419FD:LeaderElection99] INFO  server.RaftServerConfigKeys (ConfUtils.java:logGet(43)) - raft.server.watch.element-limit = 65536 (default)
2019-09-25 05:42:44,064 [3d5c87da-2134-43b6-965f-09d6bd503039@group-A751599419FD:LeaderElection99] INFO  impl.RoleInfo (RoleInfo.java:updateAndGet(143)) - 3d5c87da-2134-43b6-965f-09d6bd503039: start LeaderState
2019-09-25 05:42:44,064 [3d5c87da-2134-43b6-965f-09d6bd503039@group-A751599419FD:LeaderElection99] INFO  segmented.SegmentedRaftLogWorker (SegmentedRaftLogWorker.java:startLogSegment(380)) - 3d5c87da-2134-43b6-965f-09d6bd503039@group-A751599419FD-SegmentedRaftLogWorker: Starting segment from index:0
2019-09-25 05:42:44,065 [3d5c87da-2134-43b6-965f-09d6bd503039@group-A751599419FD:LeaderElection99] INFO  impl.RaftServerImpl (ServerState.java:setRaftConf(354)) - 3d5c87da-2134-43b6-965f-09d6bd503039@group-A751599419FD: set configuration 0: [3d5c87da-2134-43b6-965f-09d6bd503039:192.168.5.161:35775], old=null at 0
2019-09-25 05:42:44,077 [Thread-1539] INFO  impl.FollowerState (FollowerState.java:run(106)) - 3d5c87da-2134-43b6-965f-09d6bd503039:group-75256B6BDD26 changes to CANDIDATE, lastRpcTime:5069, electionTimeout:5069ms
2019-09-25 05:42:44,077 [Thread-1539] INFO  impl.RoleInfo (RoleInfo.java:shutdownFollowerState(121)) - 3d5c87da-2134-43b6-965f-09d6bd503039: shutdown FollowerState
2019-09-25 05:42:44,077 [Thread-1539] INFO  impl.RaftServerImpl (RaftServerImpl.java:setRole(174)) - 3d5c87da-2134-43b6-965f-09d6bd503039@group-75256B6BDD26: changes role from  FOLLOWER to CANDIDATE at term 0 for changeToCandidate
2019-09-25 05:42:44,077 [Thread-1539] INFO  impl.RoleInfo (RoleInfo.java:updateAndGet(143)) - 3d5c87da-2134-43b6-965f-09d6bd503039: start LeaderElection
2019-09-25 05:42:44,104 [3d5c87da-2134-43b6-965f-09d6bd503039@group-A751599419FD-SegmentedRaftLogWorker] INFO  segmented.SegmentedRaftLogWorker (SegmentedRaftLogWorker.java:execute(569)) - 3d5c87da-2134-43b6-965f-09d6bd503039@group-A751599419FD-SegmentedRaftLogWorker: created new log segment /workdir/hadoop-ozone/ozonefs/target/test-dir/MiniOzoneClusterImpl-8092fc99-e7d4-4546-90f2-fad71804b857/datanode-1/data/ratis/d081db38-f92f-4c92-94e6-a751599419fd/current/log_inprogress_0
2019-09-25 05:42:44,105 [3d5c87da-2134-43b6-965f-09d6bd503039@group-75256B6BDD26:LeaderElection100] INFO  impl.LeaderElection (LeaderElection.java:askForVotes(182)) - 3d5c87da-2134-43b6-965f-09d6bd503039@group-75256B6BDD26:LeaderElection100: begin an election at term 1 for -1: [3d5c87da-2134-43b6-965f-09d6bd503039:192.168.5.161:35775], old=null
2019-09-25 05:42:44,105 [3d5c87da-2134-43b6-965f-09d6bd503039@group-75256B6BDD26:LeaderElection100] INFO  impl.RoleInfo (RoleInfo.java:shutdownLeaderElection(134)) - 3d5c87da-2134-43b6-965f-09d6bd503039: shutdown LeaderElection
2019-09-25 05:42:44,105 [3d5c87da-2134-43b6-965f-09d6bd503039@group-75256B6BDD26:LeaderElection100] INFO  impl.RaftServerImpl (RaftServerImpl.java:setRole(174)) - 3d5c87da-2134-43b6-965f-09d6bd503039@group-75256B6BDD26: changes role from CANDIDATE to LEADER at term 1 for changeToLeader
2019-09-25 05:42:44,105 [3d5c87da-2134-43b6-965f-09d6bd503039@group-75256B6BDD26:LeaderElection100] INFO  impl.RaftServerImpl (ServerState.java:setLeader(253)) - 3d5c87da-2134-43b6-965f-09d6bd503039@group-75256B6BDD26: change Leader from null to 3d5c87da-2134-43b6-965f-09d6bd503039 at term 1 for becomeLeader, leader elected after 5103ms
2019-09-25 05:42:44,105 [3d5c87da-2134-43b6-965f-09d6bd503039@group-75256B6BDD26:LeaderElection100] INFO  server.RaftServerConfigKeys (ConfUtils.java:logGet(43)) - raft.server.staging.catchup.gap = 1000 (default)
2019-09-25 05:42:44,105 [3d5c87da-2134-43b6-965f-09d6bd503039@group-75256B6BDD26:LeaderElection100] INFO  server.RaftServerConfigKeys (ConfUtils.java:logGet(43)) - raft.server.rpc.sleep.time = 25ms (default)
2019-09-25 05:42:44,105 [3d5c87da-2134-43b6-965f-09d6bd503039@group-75256B6BDD26:LeaderElection100] INFO  server.RaftServerConfigKeys (ConfUtils.java:logGet(43)) - raft.server.write.element-limit = 4096 (default)
2019-09-25 05:42:44,106 [3d5c87da-2134-43b6-965f-09d6bd503039@group-75256B6BDD26:LeaderElection100] INFO  server.RaftServerConfigKeys (ConfUtils.java:logGet(43)) - raft.server.watch.timeout = 10s (default)
2019-09-25 05:42:44,106 [3d5c87da-2134-43b6-965f-09d6bd503039@group-75256B6BDD26:LeaderElection100] INFO  server.RaftServerConfigKeys (ConfUtils.java:logGet(43)) - raft.server.watch.timeout.denomination = 1s (default)
2019-09-25 05:42:44,106 [3d5c87da-2134-43b6-965f-09d6bd503039@group-75256B6BDD26:LeaderElection100] INFO  server.RaftServerConfigKeys (ConfUtils.java:logGet(43)) - raft.server.watch.element-limit = 65536 (default)
2019-09-25 05:42:44,107 [3d5c87da-2134-43b6-965f-09d6bd503039@group-75256B6BDD26:LeaderElection100] INFO  impl.RoleInfo (RoleInfo.java:updateAndGet(143)) - 3d5c87da-2134-43b6-965f-09d6bd503039: start LeaderState
2019-09-25 05:42:44,108 [3d5c87da-2134-43b6-965f-09d6bd503039@group-75256B6BDD26:LeaderElection100] INFO  segmented.SegmentedRaftLogWorker (SegmentedRaftLogWorker.java:startLogSegment(380)) - 3d5c87da-2134-43b6-965f-09d6bd503039@group-75256B6BDD26-SegmentedRaftLogWorker: Starting segment from index:0
2019-09-25 05:42:44,108 [3d5c87da-2134-43b6-965f-09d6bd503039@group-75256B6BDD26:LeaderElection100] INFO  impl.RaftServerImpl (ServerState.java:setRaftConf(354)) - 3d5c87da-2134-43b6-965f-09d6bd503039@group-75256B6BDD26: set configuration 0: [3d5c87da-2134-43b6-965f-09d6bd503039:192.168.5.161:35775], old=null at 0
2019-09-25 05:42:44,140 [Thread-1542] INFO  impl.FollowerState (FollowerState.java:run(106)) - 3d5c87da-2134-43b6-965f-09d6bd503039:group-742AF22A6A24 changes to CANDIDATE, lastRpcTime:5089, electionTimeout:5089ms
2019-09-25 05:42:44,140 [Thread-1542] INFO  impl.RoleInfo (RoleInfo.java:shutdownFollowerState(121)) - 3d5c87da-2134-43b6-965f-09d6bd503039: shutdown FollowerState
2019-09-25 05:42:44,140 [Thread-1542] INFO  impl.RaftServerImpl (RaftServerImpl.java:setRole(174)) - 3d5c87da-2134-43b6-965f-09d6bd503039@group-742AF22A6A24: changes role from  FOLLOWER to CANDIDATE at term 0 for changeToCandidate
2019-09-25 05:42:44,140 [Thread-1542] INFO  impl.RoleInfo (RoleInfo.java:updateAndGet(143)) - 3d5c87da-2134-43b6-965f-09d6bd503039: start LeaderElection
2019-09-25 05:42:44,149 [3d5c87da-2134-43b6-965f-09d6bd503039@group-75256B6BDD26-SegmentedRaftLogWorker] INFO  segmented.SegmentedRaftLogWorker (SegmentedRaftLogWorker.java:execute(569)) - 3d5c87da-2134-43b6-965f-09d6bd503039@group-75256B6BDD26-SegmentedRaftLogWorker: created new log segment /workdir/hadoop-ozone/ozonefs/target/test-dir/MiniOzoneClusterImpl-8092fc99-e7d4-4546-90f2-fad71804b857/datanode-1/data/ratis/d87f4466-d808-475a-9c38-75256b6bdd26/current/log_inprogress_0
2019-09-25 05:42:44,149 [3d5c87da-2134-43b6-965f-09d6bd503039@group-742AF22A6A24:LeaderElection101] INFO  impl.LeaderElection (LeaderElection.java:askForVotes(182)) - 3d5c87da-2134-43b6-965f-09d6bd503039@group-742AF22A6A24:LeaderElection101: begin an election at term 1 for -1: [3d5c87da-2134-43b6-965f-09d6bd503039:192.168.5.161:35775], old=null
2019-09-25 05:42:44,149 [3d5c87da-2134-43b6-965f-09d6bd503039@group-742AF22A6A24:LeaderElection101] INFO  impl.RoleInfo (RoleInfo.java:shutdownLeaderElection(134)) - 3d5c87da-2134-43b6-965f-09d6bd503039: shutdown LeaderElection
2019-09-25 05:42:44,150 [3d5c87da-2134-43b6-965f-09d6bd503039@group-742AF22A6A24:LeaderElection101] INFO  impl.RaftServerImpl (RaftServerImpl.java:setRole(174)) - 3d5c87da-2134-43b6-965f-09d6bd503039@group-742AF22A6A24: changes role from CANDIDATE to LEADER at term 1 for changeToLeader
2019-09-25 05:42:44,150 [3d5c87da-2134-43b6-965f-09d6bd503039@group-742AF22A6A24:LeaderElection101] INFO  impl.RaftServerImpl (ServerState.java:setLeader(253)) - 3d5c87da-2134-43b6-965f-09d6bd503039@group-742AF22A6A24: change Leader from null to 3d5c87da-2134-43b6-965f-09d6bd503039 at term 1 for becomeLeader, leader elected after 5105ms
2019-09-25 05:42:44,150 [3d5c87da-2134-43b6-965f-09d6bd503039@group-742AF22A6A24:LeaderElection101] INFO  server.RaftServerConfigKeys (ConfUtils.java:logGet(43)) - raft.server.staging.catchup.gap = 1000 (default)
2019-09-25 05:42:44,150 [3d5c87da-2134-43b6-965f-09d6bd503039@group-742AF22A6A24:LeaderElection101] INFO  server.RaftServerConfigKeys (ConfUtils.java:logGet(43)) - raft.server.rpc.sleep.time = 25ms (default)
2019-09-25 05:42:44,150 [3d5c87da-2134-43b6-965f-09d6bd503039@group-742AF22A6A24:LeaderElection101] INFO  server.RaftServerConfigKeys (ConfUtils.java:logGet(43)) - raft.server.write.element-limit = 4096 (default)
2019-09-25 05:42:44,150 [3d5c87da-2134-43b6-965f-09d6bd503039@group-742AF22A6A24:LeaderElection101] INFO  server.RaftServerConfigKeys (ConfUtils.java:logGet(43)) - raft.server.watch.timeout = 10s (default)
2019-09-25 05:42:44,150 [3d5c87da-2134-43b6-965f-09d6bd503039@group-742AF22A6A24:LeaderElection101] INFO  server.RaftServerConfigKeys (ConfUtils.java:logGet(43)) - raft.server.watch.timeout.denomination = 1s (default)
2019-09-25 05:42:44,150 [3d5c87da-2134-43b6-965f-09d6bd503039@group-742AF22A6A24:LeaderElection101] INFO  server.RaftServerConfigKeys (ConfUtils.java:logGet(43)) - raft.server.watch.element-limit = 65536 (default)
2019-09-25 05:42:44,152 [3d5c87da-2134-43b6-965f-09d6bd503039@group-742AF22A6A24:LeaderElection101] INFO  impl.RoleInfo (RoleInfo.java:updateAndGet(143)) - 3d5c87da-2134-43b6-965f-09d6bd503039: start LeaderState
2019-09-25 05:42:44,152 [3d5c87da-2134-43b6-965f-09d6bd503039@group-742AF22A6A24:LeaderElection101] INFO  segmented.SegmentedRaftLogWorker (SegmentedRaftLogWorker.java:startLogSegment(380)) - 3d5c87da-2134-43b6-965f-09d6bd503039@group-742AF22A6A24-SegmentedRaftLogWorker: Starting segment from index:0
2019-09-25 05:42:44,152 [3d5c87da-2134-43b6-965f-09d6bd503039@group-742AF22A6A24:LeaderElection101] INFO  impl.RaftServerImpl (ServerState.java:setRaftConf(354)) - 3d5c87da-2134-43b6-965f-09d6bd503039@group-742AF22A6A24: set configuration 0: [3d5c87da-2134-43b6-965f-09d6bd503039:192.168.5.161:35775], old=null at 0
2019-09-25 05:42:44,193 [Thread-1545] INFO  impl.FollowerState (FollowerState.java:run(106)) - 3d5c87da-2134-43b6-965f-09d6bd503039:group-5D5EB4D7B630 changes to CANDIDATE, lastRpcTime:5085, electionTimeout:5085ms
2019-09-25 05:42:44,193 [Thread-1545] INFO  impl.RoleInfo (RoleInfo.java:shutdownFollowerState(121)) - 3d5c87da-2134-43b6-965f-09d6bd503039: shutdown FollowerState
2019-09-25 05:42:44,193 [Thread-1545] INFO  impl.RaftServerImpl (RaftServerImpl.java:setRole(174)) - 3d5c87da-2134-43b6-965f-09d6bd503039@group-5D5EB4D7B630: changes role from  FOLLOWER to CANDIDATE at term 0 for changeToCandidate
2019-09-25 05:42:44,193 [Thread-1545] INFO  impl.RoleInfo (RoleInfo.java:updateAndGet(143)) - 3d5c87da-2134-43b6-965f-09d6bd503039: start LeaderElection
2019-09-25 05:42:44,202 [3d5c87da-2134-43b6-965f-09d6bd503039@group-742AF22A6A24-SegmentedRaftLogWorker] INFO  segmented.SegmentedRaftLogWorker (SegmentedRaftLogWorker.java:execute(569)) - 3d5c87da-2134-43b6-965f-09d6bd503039@group-742AF22A6A24-SegmentedRaftLogWorker: created new log segment /workdir/hadoop-ozone/ozonefs/target/test-dir/MiniOzoneClusterImpl-8092fc99-e7d4-4546-90f2-fad71804b857/datanode-1/data/ratis/53486c4e-d192-4412-a681-742af22a6a24/current/log_inprogress_0
2019-09-25 05:42:44,204 [3d5c87da-2134-43b6-965f-09d6bd503039@group-5D5EB4D7B630:LeaderElection102] INFO  impl.LeaderElection (LeaderElection.java:askForVotes(182)) - 3d5c87da-2134-43b6-965f-09d6bd503039@group-5D5EB4D7B630:LeaderElection102: begin an election at term 1 for -1: [3d5c87da-2134-43b6-965f-09d6bd503039:192.168.5.161:35775], old=null
2019-09-25 05:42:44,204 [3d5c87da-2134-43b6-965f-09d6bd503039@group-5D5EB4D7B630:LeaderElection102] INFO  impl.RoleInfo (RoleInfo.java:shutdownLeaderElection(134)) - 3d5c87da-2134-43b6-965f-09d6bd503039: shutdown LeaderElection
2019-09-25 05:42:44,205 [3d5c87da-2134-43b6-965f-09d6bd503039@group-5D5EB4D7B630:LeaderElection102] INFO  impl.RaftServerImpl (RaftServerImpl.java:setRole(174)) - 3d5c87da-2134-43b6-965f-09d6bd503039@group-5D5EB4D7B630: changes role from CANDIDATE to LEADER at term 1 for changeToLeader
2019-09-25 05:42:44,205 [3d5c87da-2134-43b6-965f-09d6bd503039@group-5D5EB4D7B630:LeaderElection102] INFO  impl.RaftServerImpl (ServerState.java:setLeader(253)) - 3d5c87da-2134-43b6-965f-09d6bd503039@group-5D5EB4D7B630: change Leader from null to 3d5c87da-2134-43b6-965f-09d6bd503039 at term 1 for becomeLeader, leader elected after 5103ms
2019-09-25 05:42:44,205 [3d5c87da-2134-43b6-965f-09d6bd503039@group-5D5EB4D7B630:LeaderElection102] INFO  server.RaftServerConfigKeys (ConfUtils.java:logGet(43)) - raft.server.staging.catchup.gap = 1000 (default)
2019-09-25 05:42:44,205 [3d5c87da-2134-43b6-965f-09d6bd503039@group-5D5EB4D7B630:LeaderElection102] INFO  server.RaftServerConfigKeys (ConfUtils.java:logGet(43)) - raft.server.rpc.sleep.time = 25ms (default)
2019-09-25 05:42:44,205 [3d5c87da-2134-43b6-965f-09d6bd503039@group-5D5EB4D7B630:LeaderElection102] INFO  server.RaftServerConfigKeys (ConfUtils.java:logGet(43)) - raft.server.write.element-limit = 4096 (default)
2019-09-25 05:42:44,205 [3d5c87da-2134-43b6-965f-09d6bd503039@group-5D5EB4D7B630:LeaderElection102] INFO  server.RaftServerConfigKeys (ConfUtils.java:logGet(43)) - raft.server.watch.timeout = 10s (default)
2019-09-25 05:42:44,205 [3d5c87da-2134-43b6-965f-09d6bd503039@group-5D5EB4D7B630:LeaderElection102] INFO  server.RaftServerConfigKeys (ConfUtils.java:logGet(43)) - raft.server.watch.timeout.denomination = 1s (default)
2019-09-25 05:42:44,205 [3d5c87da-2134-43b6-965f-09d6bd503039@group-5D5EB4D7B630:LeaderElection102] INFO  server.RaftServerConfigKeys (ConfUtils.java:logGet(43)) - raft.server.watch.element-limit = 65536 (default)
2019-09-25 05:42:44,207 [3d5c87da-2134-43b6-965f-09d6bd503039@group-5D5EB4D7B630:LeaderElection102] INFO  impl.RoleInfo (RoleInfo.java:updateAndGet(143)) - 3d5c87da-2134-43b6-965f-09d6bd503039: start LeaderState
2019-09-25 05:42:44,207 [3d5c87da-2134-43b6-965f-09d6bd503039@group-5D5EB4D7B630:LeaderElection102] INFO  segmented.SegmentedRaftLogWorker (SegmentedRaftLogWorker.java:startLogSegment(380)) - 3d5c87da-2134-43b6-965f-09d6bd503039@group-5D5EB4D7B630-SegmentedRaftLogWorker: Starting segment from index:0
2019-09-25 05:42:44,207 [3d5c87da-2134-43b6-965f-09d6bd503039@group-5D5EB4D7B630:LeaderElection102] INFO  impl.RaftServerImpl (ServerState.java:setRaftConf(354)) - 3d5c87da-2134-43b6-965f-09d6bd503039@group-5D5EB4D7B630: set configuration 0: [3d5c87da-2134-43b6-965f-09d6bd503039:192.168.5.161:35775], old=null at 0
2019-09-25 05:42:44,245 [3d5c87da-2134-43b6-965f-09d6bd503039@group-5D5EB4D7B630-SegmentedRaftLogWorker] INFO  segmented.SegmentedRaftLogWorker (SegmentedRaftLogWorker.java:execute(569)) - 3d5c87da-2134-43b6-965f-09d6bd503039@group-5D5EB4D7B630-SegmentedRaftLogWorker: created new log segment /workdir/hadoop-ozone/ozonefs/target/test-dir/MiniOzoneClusterImpl-8092fc99-e7d4-4546-90f2-fad71804b857/datanode-1/data/ratis/710690ab-a7fa-460f-8059-5d5eb4d7b630/current/log_inprogress_0
2019-09-25 05:42:44,266 [Thread-1554] INFO  impl.FollowerState (FollowerState.java:run(106)) - 7966b041-ddaa-48e4-85c1-e8430fd29f08:group-9DDE96DEC8E9 changes to CANDIDATE, lastRpcTime:5007, electionTimeout:5007ms
2019-09-25 05:42:44,266 [Thread-1554] INFO  impl.RoleInfo (RoleInfo.java:shutdownFollowerState(121)) - 7966b041-ddaa-48e4-85c1-e8430fd29f08: shutdown FollowerState
2019-09-25 05:42:44,266 [Thread-1554] INFO  impl.RaftServerImpl (RaftServerImpl.java:setRole(174)) - 7966b041-ddaa-48e4-85c1-e8430fd29f08@group-9DDE96DEC8E9: changes role from  FOLLOWER to CANDIDATE at term 0 for changeToCandidate
2019-09-25 05:42:44,266 [Thread-1554] INFO  impl.RoleInfo (RoleInfo.java:updateAndGet(143)) - 7966b041-ddaa-48e4-85c1-e8430fd29f08: start LeaderElection
2019-09-25 05:42:44,272 [Thread-1548] INFO  impl.FollowerState (FollowerState.java:run(106)) - 3d5c87da-2134-43b6-965f-09d6bd503039:group-3D07377880A7 changes to CANDIDATE, lastRpcTime:5113, electionTimeout:5113ms
2019-09-25 05:42:44,272 [Thread-1548] INFO  impl.RoleInfo (RoleInfo.java:shutdownFollowerState(121)) - 3d5c87da-2134-43b6-965f-09d6bd503039: shutdown FollowerState
2019-09-25 05:42:44,272 [Thread-1548] INFO  impl.RaftServerImpl (RaftServerImpl.java:setRole(174)) - 3d5c87da-2134-43b6-965f-09d6bd503039@group-3D07377880A7: changes role from  FOLLOWER to CANDIDATE at term 0 for changeToCandidate
2019-09-25 05:42:44,272 [Thread-1548] INFO  impl.RoleInfo (RoleInfo.java:updateAndGet(143)) - 3d5c87da-2134-43b6-965f-09d6bd503039: start LeaderElection
2019-09-25 05:42:44,283 [3d5c87da-2134-43b6-965f-09d6bd503039@group-3D07377880A7:LeaderElection104] INFO  impl.LeaderElection (LeaderElection.java:askForVotes(182)) - 3d5c87da-2134-43b6-965f-09d6bd503039@group-3D07377880A7:LeaderElection104: begin an election at term 1 for -1: [3d5c87da-2134-43b6-965f-09d6bd503039:192.168.5.161:35775], old=null
2019-09-25 05:42:44,283 [7966b041-ddaa-48e4-85c1-e8430fd29f08@group-9DDE96DEC8E9:LeaderElection103] INFO  impl.LeaderElection (LeaderElection.java:askForVotes(182)) - 7966b041-ddaa-48e4-85c1-e8430fd29f08@group-9DDE96DEC8E9:LeaderElection103: begin an election at term 1 for -1: [7966b041-ddaa-48e4-85c1-e8430fd29f08:192.168.5.161:40677], old=null
2019-09-25 05:42:44,283 [3d5c87da-2134-43b6-965f-09d6bd503039@group-3D07377880A7:LeaderElection104] INFO  impl.RoleInfo (RoleInfo.java:shutdownLeaderElection(134)) - 3d5c87da-2134-43b6-965f-09d6bd503039: shutdown LeaderElection
2019-09-25 05:42:44,284 [7966b041-ddaa-48e4-85c1-e8430fd29f08@group-9DDE96DEC8E9:LeaderElection103] INFO  impl.RoleInfo (RoleInfo.java:shutdownLeaderElection(134)) - 7966b041-ddaa-48e4-85c1-e8430fd29f08: shutdown LeaderElection
2019-09-25 05:42:44,284 [3d5c87da-2134-43b6-965f-09d6bd503039@group-3D07377880A7:LeaderElection104] INFO  impl.RaftServerImpl (RaftServerImpl.java:setRole(174)) - 3d5c87da-2134-43b6-965f-09d6bd503039@group-3D07377880A7: changes role from CANDIDATE to LEADER at term 1 for changeToLeader
2019-09-25 05:42:44,284 [7966b041-ddaa-48e4-85c1-e8430fd29f08@group-9DDE96DEC8E9:LeaderElection103] INFO  impl.RaftServerImpl (RaftServerImpl.java:setRole(174)) - 7966b041-ddaa-48e4-85c1-e8430fd29f08@group-9DDE96DEC8E9: changes role from CANDIDATE to LEADER at term 1 for changeToLeader
2019-09-25 05:42:44,284 [3d5c87da-2134-43b6-965f-09d6bd503039@group-3D07377880A7:LeaderElection104] INFO  impl.RaftServerImpl (ServerState.java:setLeader(253)) - 3d5c87da-2134-43b6-965f-09d6bd503039@group-3D07377880A7: change Leader from null to 3d5c87da-2134-43b6-965f-09d6bd503039 at term 1 for becomeLeader, leader elected after 5131ms
2019-09-25 05:42:44,284 [7966b041-ddaa-48e4-85c1-e8430fd29f08@group-9DDE96DEC8E9:LeaderElection103] INFO  impl.RaftServerImpl (ServerState.java:setLeader(253)) - 7966b041-ddaa-48e4-85c1-e8430fd29f08@group-9DDE96DEC8E9: change Leader from null to 7966b041-ddaa-48e4-85c1-e8430fd29f08 at term 1 for becomeLeader, leader elected after 5031ms
2019-09-25 05:42:44,284 [3d5c87da-2134-43b6-965f-09d6bd503039@group-3D07377880A7:LeaderElection104] INFO  server.RaftServerConfigKeys (ConfUtils.java:logGet(43)) - raft.server.staging.catchup.gap = 1000 (default)
2019-09-25 05:42:44,284 [7966b041-ddaa-48e4-85c1-e8430fd29f08@group-9DDE96DEC8E9:LeaderElection103] INFO  server.RaftServerConfigKeys (ConfUtils.java:logGet(43)) - raft.server.staging.catchup.gap = 1000 (default)
2019-09-25 05:42:44,284 [3d5c87da-2134-43b6-965f-09d6bd503039@group-3D07377880A7:LeaderElection104] INFO  server.RaftServerConfigKeys (ConfUtils.java:logGet(43)) - raft.server.rpc.sleep.time = 25ms (default)
2019-09-25 05:42:44,284 [7966b041-ddaa-48e4-85c1-e8430fd29f08@group-9DDE96DEC8E9:LeaderElection103] INFO  server.RaftServerConfigKeys (ConfUtils.java:logGet(43)) - raft.server.rpc.sleep.time = 25ms (default)
2019-09-25 05:42:44,285 [3d5c87da-2134-43b6-965f-09d6bd503039@group-3D07377880A7:LeaderElection104] INFO  server.RaftServerConfigKeys (ConfUtils.java:logGet(43)) - raft.server.write.element-limit = 4096 (default)
2019-09-25 05:42:44,285 [7966b041-ddaa-48e4-85c1-e8430fd29f08@group-9DDE96DEC8E9:LeaderElection103] INFO  server.RaftServerConfigKeys (ConfUtils.java:logGet(43)) - raft.server.write.element-limit = 4096 (default)
2019-09-25 05:42:44,285 [3d5c87da-2134-43b6-965f-09d6bd503039@group-3D07377880A7:LeaderElection104] INFO  server.RaftServerConfigKeys (ConfUtils.java:logGet(43)) - raft.server.watch.timeout = 10s (default)
2019-09-25 05:42:44,285 [7966b041-ddaa-48e4-85c1-e8430fd29f08@group-9DDE96DEC8E9:LeaderElection103] INFO  server.RaftServerConfigKeys (ConfUtils.java:logGet(43)) - raft.server.watch.timeout = 10s (default)
2019-09-25 05:42:44,285 [3d5c87da-2134-43b6-965f-09d6bd503039@group-3D07377880A7:LeaderElection104] INFO  server.RaftServerConfigKeys (ConfUtils.java:logGet(43)) - raft.server.watch.timeout.denomination = 1s (default)
2019-09-25 05:42:44,285 [7966b041-ddaa-48e4-85c1-e8430fd29f08@group-9DDE96DEC8E9:LeaderElection103] INFO  server.RaftServerConfigKeys (ConfUtils.java:logGet(43)) - raft.server.watch.timeout.denomination = 1s (default)
2019-09-25 05:42:44,285 [3d5c87da-2134-43b6-965f-09d6bd503039@group-3D07377880A7:LeaderElection104] INFO  server.RaftServerConfigKeys (ConfUtils.java:logGet(43)) - raft.server.watch.element-limit = 65536 (default)
2019-09-25 05:42:44,286 [7966b041-ddaa-48e4-85c1-e8430fd29f08@group-9DDE96DEC8E9:LeaderElection103] INFO  server.RaftServerConfigKeys (ConfUtils.java:logGet(43)) - raft.server.watch.element-limit = 65536 (default)
2019-09-25 05:42:44,288 [3d5c87da-2134-43b6-965f-09d6bd503039@group-3D07377880A7:LeaderElection104] INFO  impl.RoleInfo (RoleInfo.java:updateAndGet(143)) - 3d5c87da-2134-43b6-965f-09d6bd503039: start LeaderState
2019-09-25 05:42:44,289 [3d5c87da-2134-43b6-965f-09d6bd503039@group-3D07377880A7:LeaderElection104] INFO  segmented.SegmentedRaftLogWorker (SegmentedRaftLogWorker.java:startLogSegment(380)) - 3d5c87da-2134-43b6-965f-09d6bd503039@group-3D07377880A7-SegmentedRaftLogWorker: Starting segment from index:0
2019-09-25 05:42:44,289 [7966b041-ddaa-48e4-85c1-e8430fd29f08@group-9DDE96DEC8E9:LeaderElection103] INFO  impl.RoleInfo (RoleInfo.java:updateAndGet(143)) - 7966b041-ddaa-48e4-85c1-e8430fd29f08: start LeaderState
2019-09-25 05:42:44,289 [7966b041-ddaa-48e4-85c1-e8430fd29f08@group-9DDE96DEC8E9:LeaderElection103] INFO  segmented.SegmentedRaftLogWorker (SegmentedRaftLogWorker.java:startLogSegment(380)) - 7966b041-ddaa-48e4-85c1-e8430fd29f08@group-9DDE96DEC8E9-SegmentedRaftLogWorker: Starting segment from index:0
2019-09-25 05:42:44,289 [3d5c87da-2134-43b6-965f-09d6bd503039@group-3D07377880A7:LeaderElection104] INFO  impl.RaftServerImpl (ServerState.java:setRaftConf(354)) - 3d5c87da-2134-43b6-965f-09d6bd503039@group-3D07377880A7: set configuration 0: [3d5c87da-2134-43b6-965f-09d6bd503039:192.168.5.161:35775], old=null at 0
2019-09-25 05:42:44,290 [7966b041-ddaa-48e4-85c1-e8430fd29f08@group-9DDE96DEC8E9:LeaderElection103] INFO  impl.RaftServerImpl (ServerState.java:setRaftConf(354)) - 7966b041-ddaa-48e4-85c1-e8430fd29f08@group-9DDE96DEC8E9: set configuration 0: [7966b041-ddaa-48e4-85c1-e8430fd29f08:192.168.5.161:40677], old=null at 0
2019-09-25 05:42:44,337 [3d5c87da-2134-43b6-965f-09d6bd503039@group-3D07377880A7-SegmentedRaftLogWorker] INFO  segmented.SegmentedRaftLogWorker (SegmentedRaftLogWorker.java:execute(569)) - 3d5c87da-2134-43b6-965f-09d6bd503039@group-3D07377880A7-SegmentedRaftLogWorker: created new log segment /workdir/hadoop-ozone/ozonefs/target/test-dir/MiniOzoneClusterImpl-8092fc99-e7d4-4546-90f2-fad71804b857/datanode-1/data/ratis/ce45e7ff-2978-4d61-baf4-3d07377880a7/current/log_inprogress_0
2019-09-25 05:42:44,337 [7966b041-ddaa-48e4-85c1-e8430fd29f08@group-9DDE96DEC8E9-SegmentedRaftLogWorker] INFO  segmented.SegmentedRaftLogWorker (SegmentedRaftLogWorker.java:execute(569)) - 7966b041-ddaa-48e4-85c1-e8430fd29f08@group-9DDE96DEC8E9-SegmentedRaftLogWorker: created new log segment /workdir/hadoop-ozone/ozonefs/target/test-dir/MiniOzoneClusterImpl-8092fc99-e7d4-4546-90f2-fad71804b857/datanode-2/data/ratis/5fc8769f-d086-4df3-b6f2-9dde96dec8e9/current/log_inprogress_0
2019-09-25 05:42:44,362 [Thread-1551] INFO  impl.FollowerState (FollowerState.java:run(106)) - 7966b041-ddaa-48e4-85c1-e8430fd29f08:group-A2EB179D7178 changes to CANDIDATE, lastRpcTime:5158, electionTimeout:5158ms
2019-09-25 05:42:44,362 [Thread-1551] INFO  impl.RoleInfo (RoleInfo.java:shutdownFollowerState(121)) - 7966b041-ddaa-48e4-85c1-e8430fd29f08: shutdown FollowerState
2019-09-25 05:42:44,362 [Thread-1551] INFO  impl.RaftServerImpl (RaftServerImpl.java:setRole(174)) - 7966b041-ddaa-48e4-85c1-e8430fd29f08@group-A2EB179D7178: changes role from  FOLLOWER to CANDIDATE at term 0 for changeToCandidate
2019-09-25 05:42:44,362 [Thread-1551] INFO  impl.RoleInfo (RoleInfo.java:updateAndGet(143)) - 7966b041-ddaa-48e4-85c1-e8430fd29f08: start LeaderElection
2019-09-25 05:42:44,371 [Thread-1563] INFO  impl.FollowerState (FollowerState.java:run(106)) - 7966b041-ddaa-48e4-85c1-e8430fd29f08:group-8361C3A548F0 changes to CANDIDATE, lastRpcTime:5005, electionTimeout:5005ms
2019-09-25 05:42:44,371 [Thread-1563] INFO  impl.RoleInfo (RoleInfo.java:shutdownFollowerState(121)) - 7966b041-ddaa-48e4-85c1-e8430fd29f08: shutdown FollowerState
2019-09-25 05:42:44,371 [Thread-1563] INFO  impl.RaftServerImpl (RaftServerImpl.java:setRole(174)) - 7966b041-ddaa-48e4-85c1-e8430fd29f08@group-8361C3A548F0: changes role from  FOLLOWER to CANDIDATE at term 0 for changeToCandidate
2019-09-25 05:42:44,371 [Thread-1563] INFO  impl.RoleInfo (RoleInfo.java:updateAndGet(143)) - 7966b041-ddaa-48e4-85c1-e8430fd29f08: start LeaderElection
2019-09-25 05:42:44,379 [7966b041-ddaa-48e4-85c1-e8430fd29f08@group-8361C3A548F0:LeaderElection106] INFO  impl.LeaderElection (LeaderElection.java:askForVotes(182)) - 7966b041-ddaa-48e4-85c1-e8430fd29f08@group-8361C3A548F0:LeaderElection106: begin an election at term 1 for -1: [7966b041-ddaa-48e4-85c1-e8430fd29f08:192.168.5.161:40677], old=null
2019-09-25 05:42:44,379 [7966b041-ddaa-48e4-85c1-e8430fd29f08@group-A2EB179D7178:LeaderElection105] INFO  impl.LeaderElection (LeaderElection.java:askForVotes(182)) - 7966b041-ddaa-48e4-85c1-e8430fd29f08@group-A2EB179D7178:LeaderElection105: begin an election at term 1 for -1: [7966b041-ddaa-48e4-85c1-e8430fd29f08:192.168.5.161:40677], old=null
2019-09-25 05:42:44,379 [7966b041-ddaa-48e4-85c1-e8430fd29f08@group-8361C3A548F0:LeaderElection106] INFO  impl.RoleInfo (RoleInfo.java:shutdownLeaderElection(134)) - 7966b041-ddaa-48e4-85c1-e8430fd29f08: shutdown LeaderElection
2019-09-25 05:42:44,379 [7966b041-ddaa-48e4-85c1-e8430fd29f08@group-A2EB179D7178:LeaderElection105] INFO  impl.RoleInfo (RoleInfo.java:shutdownLeaderElection(134)) - 7966b041-ddaa-48e4-85c1-e8430fd29f08: shutdown LeaderElection
2019-09-25 05:42:44,379 [7966b041-ddaa-48e4-85c1-e8430fd29f08@group-8361C3A548F0:LeaderElection106] INFO  impl.RaftServerImpl (RaftServerImpl.java:setRole(174)) - 7966b041-ddaa-48e4-85c1-e8430fd29f08@group-8361C3A548F0: changes role from CANDIDATE to LEADER at term 1 for changeToLeader
2019-09-25 05:42:44,380 [7966b041-ddaa-48e4-85c1-e8430fd29f08@group-A2EB179D7178:LeaderElection105] INFO  impl.RaftServerImpl (RaftServerImpl.java:setRole(174)) - 7966b041-ddaa-48e4-85c1-e8430fd29f08@group-A2EB179D7178: changes role from CANDIDATE to LEADER at term 1 for changeToLeader
2019-09-25 05:42:44,380 [7966b041-ddaa-48e4-85c1-e8430fd29f08@group-8361C3A548F0:LeaderElection106] INFO  impl.RaftServerImpl (ServerState.java:setLeader(253)) - 7966b041-ddaa-48e4-85c1-e8430fd29f08@group-8361C3A548F0: change Leader from null to 7966b041-ddaa-48e4-85c1-e8430fd29f08 at term 1 for becomeLeader, leader elected after 5018ms
2019-09-25 05:42:44,380 [7966b041-ddaa-48e4-85c1-e8430fd29f08@group-A2EB179D7178:LeaderElection105] INFO  impl.RaftServerImpl (ServerState.java:setLeader(253)) - 7966b041-ddaa-48e4-85c1-e8430fd29f08@group-A2EB179D7178: change Leader from null to 7966b041-ddaa-48e4-85c1-e8430fd29f08 at term 1 for becomeLeader, leader elected after 5182ms
2019-09-25 05:42:44,380 [7966b041-ddaa-48e4-85c1-e8430fd29f08@group-8361C3A548F0:LeaderElection106] INFO  server.RaftServerConfigKeys (ConfUtils.java:logGet(43)) - raft.server.staging.catchup.gap = 1000 (default)
2019-09-25 05:42:44,380 [7966b041-ddaa-48e4-85c1-e8430fd29f08@group-A2EB179D7178:LeaderElection105] INFO  server.RaftServerConfigKeys (ConfUtils.java:logGet(43)) - raft.server.staging.catchup.gap = 1000 (default)
2019-09-25 05:42:44,380 [7966b041-ddaa-48e4-85c1-e8430fd29f08@group-8361C3A548F0:LeaderElection106] INFO  server.RaftServerConfigKeys (ConfUtils.java:logGet(43)) - raft.server.rpc.sleep.time = 25ms (default)
2019-09-25 05:42:44,380 [7966b041-ddaa-48e4-85c1-e8430fd29f08@group-A2EB179D7178:LeaderElection105] INFO  server.RaftServerConfigKeys (ConfUtils.java:logGet(43)) - raft.server.rpc.sleep.time = 25ms (default)
2019-09-25 05:42:44,380 [7966b041-ddaa-48e4-85c1-e8430fd29f08@group-8361C3A548F0:LeaderElection106] INFO  server.RaftServerConfigKeys (ConfUtils.java:logGet(43)) - raft.server.write.element-limit = 4096 (default)
2019-09-25 05:42:44,380 [7966b041-ddaa-48e4-85c1-e8430fd29f08@group-A2EB179D7178:LeaderElection105] INFO  server.RaftServerConfigKeys (ConfUtils.java:logGet(43)) - raft.server.write.element-limit = 4096 (default)
2019-09-25 05:42:44,380 [7966b041-ddaa-48e4-85c1-e8430fd29f08@group-8361C3A548F0:LeaderElection106] INFO  server.RaftServerConfigKeys (ConfUtils.java:logGet(43)) - raft.server.watch.timeout = 10s (default)
2019-09-25 05:42:44,381 [7966b041-ddaa-48e4-85c1-e8430fd29f08@group-A2EB179D7178:LeaderElection105] INFO  server.RaftServerConfigKeys (ConfUtils.java:logGet(43)) - raft.server.watch.timeout = 10s (default)
2019-09-25 05:42:44,381 [7966b041-ddaa-48e4-85c1-e8430fd29f08@group-8361C3A548F0:LeaderElection106] INFO  server.RaftServerConfigKeys (ConfUtils.java:logGet(43)) - raft.server.watch.timeout.denomination = 1s (default)
2019-09-25 05:42:44,381 [7966b041-ddaa-48e4-85c1-e8430fd29f08@group-A2EB179D7178:LeaderElection105] INFO  server.RaftServerConfigKeys (ConfUtils.java:logGet(43)) - raft.server.watch.timeout.denomination = 1s (default)
2019-09-25 05:42:44,381 [7966b041-ddaa-48e4-85c1-e8430fd29f08@group-8361C3A548F0:LeaderElection106] INFO  server.RaftServerConfigKeys (ConfUtils.java:logGet(43)) - raft.server.watch.element-limit = 65536 (default)
2019-09-25 05:42:44,381 [7966b041-ddaa-48e4-85c1-e8430fd29f08@group-A2EB179D7178:LeaderElection105] INFO  server.RaftServerConfigKeys (ConfUtils.java:logGet(43)) - raft.server.watch.element-limit = 65536 (default)
2019-09-25 05:42:44,383 [7966b041-ddaa-48e4-85c1-e8430fd29f08@group-8361C3A548F0:LeaderElection106] INFO  impl.RoleInfo (RoleInfo.java:updateAndGet(143)) - 7966b041-ddaa-48e4-85c1-e8430fd29f08: start LeaderState
2019-09-25 05:42:44,384 [7966b041-ddaa-48e4-85c1-e8430fd29f08@group-8361C3A548F0:LeaderElection106] INFO  segmented.SegmentedRaftLogWorker (SegmentedRaftLogWorker.java:startLogSegment(380)) - 7966b041-ddaa-48e4-85c1-e8430fd29f08@group-8361C3A548F0-SegmentedRaftLogWorker: Starting segment from index:0
2019-09-25 05:42:44,384 [7966b041-ddaa-48e4-85c1-e8430fd29f08@group-A2EB179D7178:LeaderElection105] INFO  impl.RoleInfo (RoleInfo.java:updateAndGet(143)) - 7966b041-ddaa-48e4-85c1-e8430fd29f08: start LeaderState
2019-09-25 05:42:44,384 [7966b041-ddaa-48e4-85c1-e8430fd29f08@group-A2EB179D7178:LeaderElection105] INFO  segmented.SegmentedRaftLogWorker (SegmentedRaftLogWorker.java:startLogSegment(380)) - 7966b041-ddaa-48e4-85c1-e8430fd29f08@group-A2EB179D7178-SegmentedRaftLogWorker: Starting segment from index:0
2019-09-25 05:42:44,384 [7966b041-ddaa-48e4-85c1-e8430fd29f08@group-8361C3A548F0:LeaderElection106] INFO  impl.RaftServerImpl (ServerState.java:setRaftConf(354)) - 7966b041-ddaa-48e4-85c1-e8430fd29f08@group-8361C3A548F0: set configuration 0: [7966b041-ddaa-48e4-85c1-e8430fd29f08:192.168.5.161:40677], old=null at 0
2019-09-25 05:42:44,384 [7966b041-ddaa-48e4-85c1-e8430fd29f08@group-A2EB179D7178:LeaderElection105] INFO  impl.RaftServerImpl (ServerState.java:setRaftConf(354)) - 7966b041-ddaa-48e4-85c1-e8430fd29f08@group-A2EB179D7178: set configuration 0: [7966b041-ddaa-48e4-85c1-e8430fd29f08:192.168.5.161:40677], old=null at 0
2019-09-25 05:42:44,418 [Thread-1560] INFO  impl.FollowerState (FollowerState.java:run(106)) - 7966b041-ddaa-48e4-85c1-e8430fd29f08:group-FA42D70128D5 changes to CANDIDATE, lastRpcTime:5074, electionTimeout:5074ms
2019-09-25 05:42:44,418 [Thread-1560] INFO  impl.RoleInfo (RoleInfo.java:shutdownFollowerState(121)) - 7966b041-ddaa-48e4-85c1-e8430fd29f08: shutdown FollowerState
2019-09-25 05:42:44,418 [Thread-1560] INFO  impl.RaftServerImpl (RaftServerImpl.java:setRole(174)) - 7966b041-ddaa-48e4-85c1-e8430fd29f08@group-FA42D70128D5: changes role from  FOLLOWER to CANDIDATE at term 0 for changeToCandidate
2019-09-25 05:42:44,418 [Thread-1560] INFO  impl.RoleInfo (RoleInfo.java:updateAndGet(143)) - 7966b041-ddaa-48e4-85c1-e8430fd29f08: start LeaderElection
2019-09-25 05:42:44,440 [7966b041-ddaa-48e4-85c1-e8430fd29f08@group-8361C3A548F0-SegmentedRaftLogWorker] INFO  segmented.SegmentedRaftLogWorker (SegmentedRaftLogWorker.java:execute(569)) - 7966b041-ddaa-48e4-85c1-e8430fd29f08@group-8361C3A548F0-SegmentedRaftLogWorker: created new log segment /workdir/hadoop-ozone/ozonefs/target/test-dir/MiniOzoneClusterImpl-8092fc99-e7d4-4546-90f2-fad71804b857/datanode-2/data/ratis/8de5bac6-88fb-43f2-bed5-8361c3a548f0/current/log_inprogress_0
2019-09-25 05:42:44,440 [7966b041-ddaa-48e4-85c1-e8430fd29f08@group-A2EB179D7178-SegmentedRaftLogWorker] INFO  segmented.SegmentedRaftLogWorker (SegmentedRaftLogWorker.java:execute(569)) - 7966b041-ddaa-48e4-85c1-e8430fd29f08@group-A2EB179D7178-SegmentedRaftLogWorker: created new log segment /workdir/hadoop-ozone/ozonefs/target/test-dir/MiniOzoneClusterImpl-8092fc99-e7d4-4546-90f2-fad71804b857/datanode-2/data/ratis/6836f50c-d331-4618-b09e-a2eb179d7178/current/log_inprogress_0
2019-09-25 05:42:44,440 [7966b041-ddaa-48e4-85c1-e8430fd29f08@group-FA42D70128D5:LeaderElection107] INFO  impl.LeaderElection (LeaderElection.java:askForVotes(182)) - 7966b041-ddaa-48e4-85c1-e8430fd29f08@group-FA42D70128D5:LeaderElection107: begin an election at term 1 for -1: [7966b041-ddaa-48e4-85c1-e8430fd29f08:192.168.5.161:40677], old=null
2019-09-25 05:42:44,440 [7966b041-ddaa-48e4-85c1-e8430fd29f08@group-FA42D70128D5:LeaderElection107] INFO  impl.RoleInfo (RoleInfo.java:shutdownLeaderElection(134)) - 7966b041-ddaa-48e4-85c1-e8430fd29f08: shutdown LeaderElection
2019-09-25 05:42:44,440 [7966b041-ddaa-48e4-85c1-e8430fd29f08@group-FA42D70128D5:LeaderElection107] INFO  impl.RaftServerImpl (RaftServerImpl.java:setRole(174)) - 7966b041-ddaa-48e4-85c1-e8430fd29f08@group-FA42D70128D5: changes role from CANDIDATE to LEADER at term 1 for changeToLeader
2019-09-25 05:42:44,440 [7966b041-ddaa-48e4-85c1-e8430fd29f08@group-FA42D70128D5:LeaderElection107] INFO  impl.RaftServerImpl (ServerState.java:setLeader(253)) - 7966b041-ddaa-48e4-85c1-e8430fd29f08@group-FA42D70128D5: change Leader from null to 7966b041-ddaa-48e4-85c1-e8430fd29f08 at term 1 for becomeLeader, leader elected after 5102ms
2019-09-25 05:42:44,440 [7966b041-ddaa-48e4-85c1-e8430fd29f08@group-FA42D70128D5:LeaderElection107] INFO  server.RaftServerConfigKeys (ConfUtils.java:logGet(43)) - raft.server.staging.catchup.gap = 1000 (default)
2019-09-25 05:42:44,441 [7966b041-ddaa-48e4-85c1-e8430fd29f08@group-FA42D70128D5:LeaderElection107] INFO  server.RaftServerConfigKeys (ConfUtils.java:logGet(43)) - raft.server.rpc.sleep.time = 25ms (default)
2019-09-25 05:42:44,441 [7966b041-ddaa-48e4-85c1-e8430fd29f08@group-FA42D70128D5:LeaderElection107] INFO  server.RaftServerConfigKeys (ConfUtils.java:logGet(43)) - raft.server.write.element-limit = 4096 (default)
2019-09-25 05:42:44,441 [7966b041-ddaa-48e4-85c1-e8430fd29f08@group-FA42D70128D5:LeaderElection107] INFO  server.RaftServerConfigKeys (ConfUtils.java:logGet(43)) - raft.server.watch.timeout = 10s (default)
2019-09-25 05:42:44,441 [7966b041-ddaa-48e4-85c1-e8430fd29f08@group-FA42D70128D5:LeaderElection107] INFO  server.RaftServerConfigKeys (ConfUtils.java:logGet(43)) - raft.server.watch.timeout.denomination = 1s (default)
2019-09-25 05:42:44,441 [Thread-1557] INFO  impl.FollowerState (FollowerState.java:run(106)) - 7966b041-ddaa-48e4-85c1-e8430fd29f08:group-67CF2C14CDBB changes to CANDIDATE, lastRpcTime:5140, electionTimeout:5140ms
2019-09-25 05:42:44,441 [7966b041-ddaa-48e4-85c1-e8430fd29f08@group-FA42D70128D5:LeaderElection107] INFO  server.RaftServerConfigKeys (ConfUtils.java:logGet(43)) - raft.server.watch.element-limit = 65536 (default)
2019-09-25 05:42:44,441 [Thread-1557] INFO  impl.RoleInfo (RoleInfo.java:shutdownFollowerState(121)) - 7966b041-ddaa-48e4-85c1-e8430fd29f08: shutdown FollowerState
2019-09-25 05:42:44,441 [Thread-1557] INFO  impl.RaftServerImpl (RaftServerImpl.java:setRole(174)) - 7966b041-ddaa-48e4-85c1-e8430fd29f08@group-67CF2C14CDBB: changes role from  FOLLOWER to CANDIDATE at term 0 for changeToCandidate
2019-09-25 05:42:44,441 [Thread-1557] INFO  impl.RoleInfo (RoleInfo.java:updateAndGet(143)) - 7966b041-ddaa-48e4-85c1-e8430fd29f08: start LeaderElection
2019-09-25 05:42:44,445 [7966b041-ddaa-48e4-85c1-e8430fd29f08@group-FA42D70128D5:LeaderElection107] INFO  impl.RoleInfo (RoleInfo.java:updateAndGet(143)) - 7966b041-ddaa-48e4-85c1-e8430fd29f08: start LeaderState
2019-09-25 05:42:44,445 [7966b041-ddaa-48e4-85c1-e8430fd29f08@group-FA42D70128D5:LeaderElection107] INFO  segmented.SegmentedRaftLogWorker (SegmentedRaftLogWorker.java:startLogSegment(380)) - 7966b041-ddaa-48e4-85c1-e8430fd29f08@group-FA42D70128D5-SegmentedRaftLogWorker: Starting segment from index:0
2019-09-25 05:42:44,446 [7966b041-ddaa-48e4-85c1-e8430fd29f08@group-FA42D70128D5:LeaderElection107] INFO  impl.RaftServerImpl (ServerState.java:setRaftConf(354)) - 7966b041-ddaa-48e4-85c1-e8430fd29f08@group-FA42D70128D5: set configuration 0: [7966b041-ddaa-48e4-85c1-e8430fd29f08:192.168.5.161:40677], old=null at 0
2019-09-25 05:42:44,457 [7966b041-ddaa-48e4-85c1-e8430fd29f08@group-67CF2C14CDBB:LeaderElection108] INFO  impl.LeaderElection (LeaderElection.java:askForVotes(182)) - 7966b041-ddaa-48e4-85c1-e8430fd29f08@group-67CF2C14CDBB:LeaderElection108: begin an election at term 1 for -1: [7966b041-ddaa-48e4-85c1-e8430fd29f08:192.168.5.161:40677], old=null
2019-09-25 05:42:44,457 [7966b041-ddaa-48e4-85c1-e8430fd29f08@group-67CF2C14CDBB:LeaderElection108] INFO  impl.RoleInfo (RoleInfo.java:shutdownLeaderElection(134)) - 7966b041-ddaa-48e4-85c1-e8430fd29f08: shutdown LeaderElection
2019-09-25 05:42:44,457 [7966b041-ddaa-48e4-85c1-e8430fd29f08@group-67CF2C14CDBB:LeaderElection108] INFO  impl.RaftServerImpl (RaftServerImpl.java:setRole(174)) - 7966b041-ddaa-48e4-85c1-e8430fd29f08@group-67CF2C14CDBB: changes role from CANDIDATE to LEADER at term 1 for changeToLeader
2019-09-25 05:42:44,458 [7966b041-ddaa-48e4-85c1-e8430fd29f08@group-67CF2C14CDBB:LeaderElection108] INFO  impl.RaftServerImpl (ServerState.java:setLeader(253)) - 7966b041-ddaa-48e4-85c1-e8430fd29f08@group-67CF2C14CDBB: change Leader from null to 7966b041-ddaa-48e4-85c1-e8430fd29f08 at term 1 for becomeLeader, leader elected after 5162ms
2019-09-25 05:42:44,458 [7966b041-ddaa-48e4-85c1-e8430fd29f08@group-67CF2C14CDBB:LeaderElection108] INFO  server.RaftServerConfigKeys (ConfUtils.java:logGet(43)) - raft.server.staging.catchup.gap = 1000 (default)
2019-09-25 05:42:44,458 [7966b041-ddaa-48e4-85c1-e8430fd29f08@group-67CF2C14CDBB:LeaderElection108] INFO  server.RaftServerConfigKeys (ConfUtils.java:logGet(43)) - raft.server.rpc.sleep.time = 25ms (default)
2019-09-25 05:42:44,458 [7966b041-ddaa-48e4-85c1-e8430fd29f08@group-67CF2C14CDBB:LeaderElection108] INFO  server.RaftServerConfigKeys (ConfUtils.java:logGet(43)) - raft.server.write.element-limit = 4096 (default)
2019-09-25 05:42:44,458 [7966b041-ddaa-48e4-85c1-e8430fd29f08@group-67CF2C14CDBB:LeaderElection108] INFO  server.RaftServerConfigKeys (ConfUtils.java:logGet(43)) - raft.server.watch.timeout = 10s (default)
2019-09-25 05:42:44,458 [7966b041-ddaa-48e4-85c1-e8430fd29f08@group-67CF2C14CDBB:LeaderElection108] INFO  server.RaftServerConfigKeys (ConfUtils.java:logGet(43)) - raft.server.watch.timeout.denomination = 1s (default)
2019-09-25 05:42:44,459 [7966b041-ddaa-48e4-85c1-e8430fd29f08@group-67CF2C14CDBB:LeaderElection108] INFO  server.RaftServerConfigKeys (ConfUtils.java:logGet(43)) - raft.server.watch.element-limit = 65536 (default)
2019-09-25 05:42:44,460 [7966b041-ddaa-48e4-85c1-e8430fd29f08@group-67CF2C14CDBB:LeaderElection108] INFO  impl.RoleInfo (RoleInfo.java:updateAndGet(143)) - 7966b041-ddaa-48e4-85c1-e8430fd29f08: start LeaderState
2019-09-25 05:42:44,461 [7966b041-ddaa-48e4-85c1-e8430fd29f08@group-67CF2C14CDBB:LeaderElection108] INFO  segmented.SegmentedRaftLogWorker (SegmentedRaftLogWorker.java:startLogSegment(380)) - 7966b041-ddaa-48e4-85c1-e8430fd29f08@group-67CF2C14CDBB-SegmentedRaftLogWorker: Starting segment from index:0
2019-09-25 05:42:44,461 [7966b041-ddaa-48e4-85c1-e8430fd29f08@group-67CF2C14CDBB:LeaderElection108] INFO  impl.RaftServerImpl (ServerState.java:setRaftConf(354)) - 7966b041-ddaa-48e4-85c1-e8430fd29f08@group-67CF2C14CDBB: set configuration 0: [7966b041-ddaa-48e4-85c1-e8430fd29f08:192.168.5.161:40677], old=null at 0
2019-09-25 05:42:44,492 [7966b041-ddaa-48e4-85c1-e8430fd29f08@group-FA42D70128D5-SegmentedRaftLogWorker] INFO  segmented.SegmentedRaftLogWorker (SegmentedRaftLogWorker.java:execute(569)) - 7966b041-ddaa-48e4-85c1-e8430fd29f08@group-FA42D70128D5-SegmentedRaftLogWorker: created new log segment /workdir/hadoop-ozone/ozonefs/target/test-dir/MiniOzoneClusterImpl-8092fc99-e7d4-4546-90f2-fad71804b857/datanode-2/data/ratis/5f9d7e1c-2ef5-498f-9385-fa42d70128d5/current/log_inprogress_0
2019-09-25 05:42:44,505 [7966b041-ddaa-48e4-85c1-e8430fd29f08@group-67CF2C14CDBB-SegmentedRaftLogWorker] INFO  segmented.SegmentedRaftLogWorker (SegmentedRaftLogWorker.java:execute(569)) - 7966b041-ddaa-48e4-85c1-e8430fd29f08@group-67CF2C14CDBB-SegmentedRaftLogWorker: created new log segment /workdir/hadoop-ozone/ozonefs/target/test-dir/MiniOzoneClusterImpl-8092fc99-e7d4-4546-90f2-fad71804b857/datanode-2/data/ratis/d7faaf7e-b24b-4a04-8e44-67cf2c14cdbb/current/log_inprogress_0
2019-09-25 05:42:44,936 [main] INFO  ozoneimpl.OzoneContainer (OzoneContainer.java:stop(231)) - Attempting to stop container services.
2019-09-25 05:42:44,937 [ForkJoinPool.commonPool-worker-0] INFO  ozoneimpl.OzoneContainer (OzoneContainer.java:stop(231)) - Attempting to stop container services.
2019-09-25 05:42:44,937 [main] INFO  impl.RaftServerProxy (RaftServerProxy.java:lambda$close$4(314)) - 3d5c87da-2134-43b6-965f-09d6bd503039: close
2019-09-25 05:42:44,937 [ForkJoinPool.commonPool-worker-0] INFO  impl.RaftServerProxy (RaftServerProxy.java:lambda$close$4(314)) - 58daec77-aff4-491d-ba85-1aa585d4f08b: close
2019-09-25 05:42:44,938 [main] INFO  impl.RaftServerImpl (RaftServerImpl.java:lambda$shutdown$3(251)) - 3d5c87da-2134-43b6-965f-09d6bd503039@group-742AF22A6A24: shutdown
2019-09-25 05:42:44,938 [ForkJoinPool.commonPool-worker-0] INFO  impl.RaftServerImpl (RaftServerImpl.java:lambda$shutdown$3(251)) - 58daec77-aff4-491d-ba85-1aa585d4f08b@group-A69BA6EA9E49: shutdown
2019-09-25 05:42:44,939 [main] INFO  util.JmxRegister (JmxRegister.java:unregister(73)) - Successfully un-registered JMX Bean with object name Ratis:service=RaftServer,group=group-742AF22A6A24,id=3d5c87da-2134-43b6-965f-09d6bd503039
2019-09-25 05:42:44,939 [ForkJoinPool.commonPool-worker-0] INFO  util.JmxRegister (JmxRegister.java:unregister(73)) - Successfully un-registered JMX Bean with object name Ratis:service=RaftServer,group=group-A69BA6EA9E49,id=58daec77-aff4-491d-ba85-1aa585d4f08b
2019-09-25 05:42:44,939 [main] INFO  impl.RoleInfo (RoleInfo.java:shutdownLeaderState(104)) - 3d5c87da-2134-43b6-965f-09d6bd503039: shutdown LeaderState
2019-09-25 05:42:44,940 [ForkJoinPool.commonPool-worker-0] INFO  impl.RoleInfo (RoleInfo.java:shutdownLeaderState(104)) - 58daec77-aff4-491d-ba85-1aa585d4f08b: shutdown LeaderState
2019-09-25 05:42:44,940 [main] INFO  impl.PendingRequests (PendingRequests.java:sendNotLeaderResponses(202)) - 3d5c87da-2134-43b6-965f-09d6bd503039-PendingRequests: sendNotLeaderResponses
2019-09-25 05:42:44,940 [ForkJoinPool.commonPool-worker-0] INFO  impl.PendingRequests (PendingRequests.java:sendNotLeaderResponses(202)) - 58daec77-aff4-491d-ba85-1aa585d4f08b-PendingRequests: sendNotLeaderResponses
2019-09-25 05:42:44,941 [main] INFO  impl.StateMachineUpdater (StateMachineUpdater.java:stopAndJoin(125)) - 3d5c87da-2134-43b6-965f-09d6bd503039@group-742AF22A6A24-StateMachineUpdater: set stopIndex = 0
2019-09-25 05:42:44,946 [main] INFO  impl.RaftServerImpl (ServerState.java:close(385)) - 3d5c87da-2134-43b6-965f-09d6bd503039@group-742AF22A6A24: closes. applyIndex: 0
2019-09-25 05:42:44,941 [ForkJoinPool.commonPool-worker-0] INFO  impl.StateMachineUpdater (StateMachineUpdater.java:stopAndJoin(125)) - 58daec77-aff4-491d-ba85-1aa585d4f08b@group-A69BA6EA9E49-StateMachineUpdater: set stopIndex = 0
2019-09-25 05:42:44,947 [3d5c87da-2134-43b6-965f-09d6bd503039@group-742AF22A6A24-SegmentedRaftLogWorker] INFO  segmented.SegmentedRaftLogWorker (SegmentedRaftLogWorker.java:run(313)) - 3d5c87da-2134-43b6-965f-09d6bd503039@group-742AF22A6A24-SegmentedRaftLogWorker was interrupted, exiting. There are 0 tasks remaining in the queue.
2019-09-25 05:42:44,947 [ForkJoinPool.commonPool-worker-0] INFO  impl.RaftServerImpl (ServerState.java:close(385)) - 58daec77-aff4-491d-ba85-1aa585d4f08b@group-A69BA6EA9E49: closes. applyIndex: 0
2019-09-25 05:42:44,947 [main] INFO  segmented.SegmentedRaftLogWorker (SegmentedRaftLogWorker.java:close(228)) - 3d5c87da-2134-43b6-965f-09d6bd503039@group-742AF22A6A24-SegmentedRaftLogWorker close()
2019-09-25 05:42:44,947 [58daec77-aff4-491d-ba85-1aa585d4f08b@group-A69BA6EA9E49-SegmentedRaftLogWorker] INFO  segmented.SegmentedRaftLogWorker (SegmentedRaftLogWorker.java:run(313)) - 58daec77-aff4-491d-ba85-1aa585d4f08b@group-A69BA6EA9E49-SegmentedRaftLogWorker was interrupted, exiting. There are 0 tasks remaining in the queue.
2019-09-25 05:42:44,951 [main] INFO  impl.RaftServerImpl (RaftServerImpl.java:lambda$shutdown$3(251)) - 3d5c87da-2134-43b6-965f-09d6bd503039@group-5D5EB4D7B630: shutdown
2019-09-25 05:42:44,952 [ForkJoinPool.commonPool-worker-0] INFO  segmented.SegmentedRaftLogWorker (SegmentedRaftLogWorker.java:close(228)) - 58daec77-aff4-491d-ba85-1aa585d4f08b@group-A69BA6EA9E49-SegmentedRaftLogWorker close()
2019-09-25 05:42:44,952 [main] INFO  util.JmxRegister (JmxRegister.java:unregister(73)) - Successfully un-registered JMX Bean with object name Ratis:service=RaftServer,group=group-5D5EB4D7B630,id=3d5c87da-2134-43b6-965f-09d6bd503039
2019-09-25 05:42:44,955 [main] INFO  impl.RoleInfo (RoleInfo.java:shutdownLeaderState(104)) - 3d5c87da-2134-43b6-965f-09d6bd503039: shutdown LeaderState
2019-09-25 05:42:44,954 [ForkJoinPool.commonPool-worker-0] INFO  impl.RaftServerImpl (RaftServerImpl.java:lambda$shutdown$3(251)) - 58daec77-aff4-491d-ba85-1aa585d4f08b@group-B0D5A487C2E2: shutdown
2019-09-25 05:42:44,955 [main] INFO  impl.PendingRequests (PendingRequests.java:sendNotLeaderResponses(202)) - 3d5c87da-2134-43b6-965f-09d6bd503039-PendingRequests: sendNotLeaderResponses
2019-09-25 05:42:44,955 [ForkJoinPool.commonPool-worker-0] INFO  util.JmxRegister (JmxRegister.java:unregister(73)) - Successfully un-registered JMX Bean with object name Ratis:service=RaftServer,group=group-B0D5A487C2E2,id=58daec77-aff4-491d-ba85-1aa585d4f08b
2019-09-25 05:42:44,956 [main] INFO  impl.StateMachineUpdater (StateMachineUpdater.java:stopAndJoin(125)) - 3d5c87da-2134-43b6-965f-09d6bd503039@group-5D5EB4D7B630-StateMachineUpdater: set stopIndex = 0
2019-09-25 05:42:44,956 [ForkJoinPool.commonPool-worker-0] INFO  impl.RoleInfo (RoleInfo.java:shutdownLeaderState(104)) - 58daec77-aff4-491d-ba85-1aa585d4f08b: shutdown LeaderState
2019-09-25 05:42:44,957 [main] INFO  impl.RaftServerImpl (ServerState.java:close(385)) - 3d5c87da-2134-43b6-965f-09d6bd503039@group-5D5EB4D7B630: closes. applyIndex: 0
2019-09-25 05:42:44,957 [ForkJoinPool.commonPool-worker-0] INFO  impl.PendingRequests (PendingRequests.java:sendNotLeaderResponses(202)) - 58daec77-aff4-491d-ba85-1aa585d4f08b-PendingRequests: sendNotLeaderResponses
2019-09-25 05:42:44,957 [3d5c87da-2134-43b6-965f-09d6bd503039@group-5D5EB4D7B630-SegmentedRaftLogWorker] INFO  segmented.SegmentedRaftLogWorker (SegmentedRaftLogWorker.java:run(313)) - 3d5c87da-2134-43b6-965f-09d6bd503039@group-5D5EB4D7B630-SegmentedRaftLogWorker was interrupted, exiting. There are 0 tasks remaining in the queue.
2019-09-25 05:42:44,958 [ForkJoinPool.commonPool-worker-0] INFO  impl.StateMachineUpdater (StateMachineUpdater.java:stopAndJoin(125)) - 58daec77-aff4-491d-ba85-1aa585d4f08b@group-B0D5A487C2E2-StateMachineUpdater: set stopIndex = 0
2019-09-25 05:42:44,958 [main] INFO  segmented.SegmentedRaftLogWorker (SegmentedRaftLogWorker.java:close(228)) - 3d5c87da-2134-43b6-965f-09d6bd503039@group-5D5EB4D7B630-SegmentedRaftLogWorker close()
2019-09-25 05:42:44,958 [ForkJoinPool.commonPool-worker-0] INFO  impl.RaftServerImpl (ServerState.java:close(385)) - 58daec77-aff4-491d-ba85-1aa585d4f08b@group-B0D5A487C2E2: closes. applyIndex: 0
2019-09-25 05:42:44,960 [main] INFO  impl.RaftServerImpl (RaftServerImpl.java:lambda$shutdown$3(251)) - 3d5c87da-2134-43b6-965f-09d6bd503039@group-E31E15779C03: shutdown
2019-09-25 05:42:44,961 [main] INFO  util.JmxRegister (JmxRegister.java:unregister(73)) - Successfully un-registered JMX Bean with object name Ratis:service=RaftServer,group=group-E31E15779C03,id=3d5c87da-2134-43b6-965f-09d6bd503039
2019-09-25 05:42:44,962 [main] INFO  impl.RoleInfo (RoleInfo.java:shutdownLeaderState(104)) - 3d5c87da-2134-43b6-965f-09d6bd503039: shutdown LeaderState
2019-09-25 05:42:44,961 [58daec77-aff4-491d-ba85-1aa585d4f08b@group-B0D5A487C2E2-SegmentedRaftLogWorker] INFO  segmented.SegmentedRaftLogWorker (SegmentedRaftLogWorker.java:run(313)) - 58daec77-aff4-491d-ba85-1aa585d4f08b@group-B0D5A487C2E2-SegmentedRaftLogWorker was interrupted, exiting. There are 0 tasks remaining in the queue.
2019-09-25 05:42:44,962 [main] INFO  impl.PendingRequests (PendingRequests.java:sendNotLeaderResponses(202)) - 3d5c87da-2134-43b6-965f-09d6bd503039-PendingRequests: sendNotLeaderResponses
2019-09-25 05:42:44,962 [ForkJoinPool.commonPool-worker-0] INFO  segmented.SegmentedRaftLogWorker (SegmentedRaftLogWorker.java:close(228)) - 58daec77-aff4-491d-ba85-1aa585d4f08b@group-B0D5A487C2E2-SegmentedRaftLogWorker close()
2019-09-25 05:42:44,963 [main] INFO  impl.StateMachineUpdater (StateMachineUpdater.java:stopAndJoin(125)) - 3d5c87da-2134-43b6-965f-09d6bd503039@group-E31E15779C03-StateMachineUpdater: set stopIndex = 0
2019-09-25 05:42:44,965 [main] INFO  impl.RaftServerImpl (ServerState.java:close(385)) - 3d5c87da-2134-43b6-965f-09d6bd503039@group-E31E15779C03: closes. applyIndex: 0
2019-09-25 05:42:44,965 [ForkJoinPool.commonPool-worker-0] INFO  impl.RaftServerImpl (RaftServerImpl.java:lambda$shutdown$3(251)) - 58daec77-aff4-491d-ba85-1aa585d4f08b@group-9B36E58C2B41: shutdown
2019-09-25 05:42:44,966 [3d5c87da-2134-43b6-965f-09d6bd503039@group-E31E15779C03-SegmentedRaftLogWorker] INFO  segmented.SegmentedRaftLogWorker (SegmentedRaftLogWorker.java:run(313)) - 3d5c87da-2134-43b6-965f-09d6bd503039@group-E31E15779C03-SegmentedRaftLogWorker was interrupted, exiting. There are 0 tasks remaining in the queue.
2019-09-25 05:42:44,966 [ForkJoinPool.commonPool-worker-0] INFO  util.JmxRegister (JmxRegister.java:unregister(73)) - Successfully un-registered JMX Bean with object name Ratis:service=RaftServer,group=group-9B36E58C2B41,id=58daec77-aff4-491d-ba85-1aa585d4f08b
2019-09-25 05:42:44,966 [main] INFO  segmented.SegmentedRaftLogWorker (SegmentedRaftLogWorker.java:close(228)) - 3d5c87da-2134-43b6-965f-09d6bd503039@group-E31E15779C03-SegmentedRaftLogWorker close()
2019-09-25 05:42:44,967 [ForkJoinPool.commonPool-worker-0] INFO  impl.RoleInfo (RoleInfo.java:shutdownLeaderState(104)) - 58daec77-aff4-491d-ba85-1aa585d4f08b: shutdown LeaderState
2019-09-25 05:42:44,969 [main] INFO  impl.RaftServerImpl (RaftServerImpl.java:lambda$shutdown$3(251)) - 3d5c87da-2134-43b6-965f-09d6bd503039@group-A751599419FD: shutdown
2019-09-25 05:42:44,969 [ForkJoinPool.commonPool-worker-0] INFO  impl.PendingRequests (PendingRequests.java:sendNotLeaderResponses(202)) - 58daec77-aff4-491d-ba85-1aa585d4f08b-PendingRequests: sendNotLeaderResponses
2019-09-25 05:42:44,969 [main] INFO  util.JmxRegister (JmxRegister.java:unregister(73)) - Successfully un-registered JMX Bean with object name Ratis:service=RaftServer,group=group-A751599419FD,id=3d5c87da-2134-43b6-965f-09d6bd503039
2019-09-25 05:42:44,970 [ForkJoinPool.commonPool-worker-0] INFO  impl.StateMachineUpdater (StateMachineUpdater.java:stopAndJoin(125)) - 58daec77-aff4-491d-ba85-1aa585d4f08b@group-9B36E58C2B41-StateMachineUpdater: set stopIndex = 0
2019-09-25 05:42:44,970 [main] INFO  impl.RoleInfo (RoleInfo.java:shutdownLeaderState(104)) - 3d5c87da-2134-43b6-965f-09d6bd503039: shutdown LeaderState
2019-09-25 05:42:44,970 [ForkJoinPool.commonPool-worker-0] INFO  impl.RaftServerImpl (ServerState.java:close(385)) - 58daec77-aff4-491d-ba85-1aa585d4f08b@group-9B36E58C2B41: closes. applyIndex: 0
2019-09-25 05:42:44,971 [main] INFO  impl.PendingRequests (PendingRequests.java:sendNotLeaderResponses(202)) - 3d5c87da-2134-43b6-965f-09d6bd503039-PendingRequests: sendNotLeaderResponses
2019-09-25 05:42:44,971 [58daec77-aff4-491d-ba85-1aa585d4f08b@group-9B36E58C2B41-SegmentedRaftLogWorker] INFO  segmented.SegmentedRaftLogWorker (SegmentedRaftLogWorker.java:run(313)) - 58daec77-aff4-491d-ba85-1aa585d4f08b@group-9B36E58C2B41-SegmentedRaftLogWorker was interrupted, exiting. There are 0 tasks remaining in the queue.
2019-09-25 05:42:44,971 [main] INFO  impl.StateMachineUpdater (StateMachineUpdater.java:stopAndJoin(125)) - 3d5c87da-2134-43b6-965f-09d6bd503039@group-A751599419FD-StateMachineUpdater: set stopIndex = 0
2019-09-25 05:42:44,972 [ForkJoinPool.commonPool-worker-0] INFO  segmented.SegmentedRaftLogWorker (SegmentedRaftLogWorker.java:close(228)) - 58daec77-aff4-491d-ba85-1aa585d4f08b@group-9B36E58C2B41-SegmentedRaftLogWorker close()
2019-09-25 05:42:44,972 [main] INFO  impl.RaftServerImpl (ServerState.java:close(385)) - 3d5c87da-2134-43b6-965f-09d6bd503039@group-A751599419FD: closes. applyIndex: 0
2019-09-25 05:42:44,974 [ForkJoinPool.commonPool-worker-0] INFO  impl.RaftServerImpl (RaftServerImpl.java:lambda$shutdown$3(251)) - 58daec77-aff4-491d-ba85-1aa585d4f08b@group-AC018F553CDF: shutdown
2019-09-25 05:42:44,975 [3d5c87da-2134-43b6-965f-09d6bd503039@group-A751599419FD-SegmentedRaftLogWorker] INFO  segmented.SegmentedRaftLogWorker (SegmentedRaftLogWorker.java:run(313)) - 3d5c87da-2134-43b6-965f-09d6bd503039@group-A751599419FD-SegmentedRaftLogWorker was interrupted, exiting. There are 0 tasks remaining in the queue.
2019-09-25 05:42:44,975 [ForkJoinPool.commonPool-worker-0] INFO  util.JmxRegister (JmxRegister.java:unregister(73)) - Successfully un-registered JMX Bean with object name Ratis:service=RaftServer,group=group-AC018F553CDF,id=58daec77-aff4-491d-ba85-1aa585d4f08b
2019-09-25 05:42:44,975 [main] INFO  segmented.SegmentedRaftLogWorker (SegmentedRaftLogWorker.java:close(228)) - 3d5c87da-2134-43b6-965f-09d6bd503039@group-A751599419FD-SegmentedRaftLogWorker close()
2019-09-25 05:42:44,975 [ForkJoinPool.commonPool-worker-0] INFO  impl.RoleInfo (RoleInfo.java:shutdownLeaderState(104)) - 58daec77-aff4-491d-ba85-1aa585d4f08b: shutdown LeaderState
2019-09-25 05:42:44,977 [main] INFO  impl.RaftServerImpl (RaftServerImpl.java:lambda$shutdown$3(251)) - 3d5c87da-2134-43b6-965f-09d6bd503039@group-75256B6BDD26: shutdown
2019-09-25 05:42:44,977 [ForkJoinPool.commonPool-worker-0] INFO  impl.PendingRequests (PendingRequests.java:sendNotLeaderResponses(202)) - 58daec77-aff4-491d-ba85-1aa585d4f08b-PendingRequests: sendNotLeaderResponses
2019-09-25 05:42:44,978 [main] INFO  util.JmxRegister (JmxRegister.java:unregister(73)) - Successfully un-registered JMX Bean with object name Ratis:service=RaftServer,group=group-75256B6BDD26,id=3d5c87da-2134-43b6-965f-09d6bd503039
2019-09-25 05:42:44,978 [main] INFO  impl.RoleInfo (RoleInfo.java:shutdownLeaderState(104)) - 3d5c87da-2134-43b6-965f-09d6bd503039: shutdown LeaderState
2019-09-25 05:42:44,978 [ForkJoinPool.commonPool-worker-0] INFO  impl.StateMachineUpdater (StateMachineUpdater.java:stopAndJoin(125)) - 58daec77-aff4-491d-ba85-1aa585d4f08b@group-AC018F553CDF-StateMachineUpdater: set stopIndex = 0
2019-09-25 05:42:44,979 [main] INFO  impl.PendingRequests (PendingRequests.java:sendNotLeaderResponses(202)) - 3d5c87da-2134-43b6-965f-09d6bd503039-PendingRequests: sendNotLeaderResponses
2019-09-25 05:42:44,979 [ForkJoinPool.commonPool-worker-0] INFO  impl.RaftServerImpl (ServerState.java:close(385)) - 58daec77-aff4-491d-ba85-1aa585d4f08b@group-AC018F553CDF: closes. applyIndex: 0
2019-09-25 05:42:44,979 [main] INFO  impl.StateMachineUpdater (StateMachineUpdater.java:stopAndJoin(125)) - 3d5c87da-2134-43b6-965f-09d6bd503039@group-75256B6BDD26-StateMachineUpdater: set stopIndex = 0
2019-09-25 05:42:44,980 [main] INFO  impl.RaftServerImpl (ServerState.java:close(385)) - 3d5c87da-2134-43b6-965f-09d6bd503039@group-75256B6BDD26: closes. applyIndex: 0
2019-09-25 05:42:44,980 [58daec77-aff4-491d-ba85-1aa585d4f08b@group-AC018F553CDF-SegmentedRaftLogWorker] INFO  segmented.SegmentedRaftLogWorker (SegmentedRaftLogWorker.java:run(313)) - 58daec77-aff4-491d-ba85-1aa585d4f08b@group-AC018F553CDF-SegmentedRaftLogWorker was interrupted, exiting. There are 0 tasks remaining in the queue.
2019-09-25 05:42:44,980 [3d5c87da-2134-43b6-965f-09d6bd503039@group-75256B6BDD26-SegmentedRaftLogWorker] INFO  segmented.SegmentedRaftLogWorker (SegmentedRaftLogWorker.java:run(313)) - 3d5c87da-2134-43b6-965f-09d6bd503039@group-75256B6BDD26-SegmentedRaftLogWorker was interrupted, exiting. There are 0 tasks remaining in the queue.
2019-09-25 05:42:44,981 [ForkJoinPool.commonPool-worker-0] INFO  segmented.SegmentedRaftLogWorker (SegmentedRaftLogWorker.java:close(228)) - 58daec77-aff4-491d-ba85-1aa585d4f08b@group-AC018F553CDF-SegmentedRaftLogWorker close()
2019-09-25 05:42:44,981 [main] INFO  segmented.SegmentedRaftLogWorker (SegmentedRaftLogWorker.java:close(228)) - 3d5c87da-2134-43b6-965f-09d6bd503039@group-75256B6BDD26-SegmentedRaftLogWorker close()
2019-09-25 05:42:44,983 [ForkJoinPool.commonPool-worker-0] INFO  impl.RaftServerImpl (RaftServerImpl.java:lambda$shutdown$3(251)) - 58daec77-aff4-491d-ba85-1aa585d4f08b@group-0C95B38539E5: shutdown
2019-09-25 05:42:44,985 [main] INFO  impl.RaftServerImpl (RaftServerImpl.java:lambda$shutdown$3(251)) - 3d5c87da-2134-43b6-965f-09d6bd503039@group-3D07377880A7: shutdown
2019-09-25 05:42:44,985 [ForkJoinPool.commonPool-worker-0] INFO  util.JmxRegister (JmxRegister.java:unregister(73)) - Successfully un-registered JMX Bean with object name Ratis:service=RaftServer,group=group-0C95B38539E5,id=58daec77-aff4-491d-ba85-1aa585d4f08b
2019-09-25 05:42:44,985 [main] INFO  util.JmxRegister (JmxRegister.java:unregister(73)) - Successfully un-registered JMX Bean with object name Ratis:service=RaftServer,group=group-3D07377880A7,id=3d5c87da-2134-43b6-965f-09d6bd503039
2019-09-25 05:42:44,986 [main] INFO  impl.RoleInfo (RoleInfo.java:shutdownLeaderState(104)) - 3d5c87da-2134-43b6-965f-09d6bd503039: shutdown LeaderState
2019-09-25 05:42:44,986 [ForkJoinPool.commonPool-worker-0] INFO  impl.RoleInfo (RoleInfo.java:shutdownLeaderState(104)) - 58daec77-aff4-491d-ba85-1aa585d4f08b: shutdown LeaderState
2019-09-25 05:42:44,986 [main] INFO  impl.PendingRequests (PendingRequests.java:sendNotLeaderResponses(202)) - 3d5c87da-2134-43b6-965f-09d6bd503039-PendingRequests: sendNotLeaderResponses
2019-09-25 05:42:44,987 [ForkJoinPool.commonPool-worker-0] INFO  impl.PendingRequests (PendingRequests.java:sendNotLeaderResponses(202)) - 58daec77-aff4-491d-ba85-1aa585d4f08b-PendingRequests: sendNotLeaderResponses
2019-09-25 05:42:44,987 [main] INFO  impl.StateMachineUpdater (StateMachineUpdater.java:stopAndJoin(125)) - 3d5c87da-2134-43b6-965f-09d6bd503039@group-3D07377880A7-StateMachineUpdater: set stopIndex = 0
2019-09-25 05:42:44,988 [main] INFO  impl.RaftServerImpl (ServerState.java:close(385)) - 3d5c87da-2134-43b6-965f-09d6bd503039@group-3D07377880A7: closes. applyIndex: 0
2019-09-25 05:42:44,987 [ForkJoinPool.commonPool-worker-0] INFO  impl.StateMachineUpdater (StateMachineUpdater.java:stopAndJoin(125)) - 58daec77-aff4-491d-ba85-1aa585d4f08b@group-0C95B38539E5-StateMachineUpdater: set stopIndex = 0
2019-09-25 05:42:44,988 [3d5c87da-2134-43b6-965f-09d6bd503039@group-3D07377880A7-SegmentedRaftLogWorker] INFO  segmented.SegmentedRaftLogWorker (SegmentedRaftLogWorker.java:run(313)) - 3d5c87da-2134-43b6-965f-09d6bd503039@group-3D07377880A7-SegmentedRaftLogWorker was interrupted, exiting. There are 0 tasks remaining in the queue.
2019-09-25 05:42:44,988 [ForkJoinPool.commonPool-worker-0] INFO  impl.RaftServerImpl (ServerState.java:close(385)) - 58daec77-aff4-491d-ba85-1aa585d4f08b@group-0C95B38539E5: closes. applyIndex: 0
2019-09-25 05:42:44,988 [main] INFO  segmented.SegmentedRaftLogWorker (SegmentedRaftLogWorker.java:close(228)) - 3d5c87da-2134-43b6-965f-09d6bd503039@group-3D07377880A7-SegmentedRaftLogWorker close()
2019-09-25 05:42:44,989 [58daec77-aff4-491d-ba85-1aa585d4f08b@group-0C95B38539E5-SegmentedRaftLogWorker] INFO  segmented.SegmentedRaftLogWorker (SegmentedRaftLogWorker.java:run(313)) - 58daec77-aff4-491d-ba85-1aa585d4f08b@group-0C95B38539E5-SegmentedRaftLogWorker was interrupted, exiting. There are 0 tasks remaining in the queue.
2019-09-25 05:42:44,991 [main] INFO  server.GrpcService (GrpcService.java:closeImpl(164)) - 3d5c87da-2134-43b6-965f-09d6bd503039: shutdown server with port 35775 now
2019-09-25 05:42:44,991 [ForkJoinPool.commonPool-worker-0] INFO  segmented.SegmentedRaftLogWorker (SegmentedRaftLogWorker.java:close(228)) - 58daec77-aff4-491d-ba85-1aa585d4f08b@group-0C95B38539E5-SegmentedRaftLogWorker close()
2019-09-25 05:42:44,993 [ForkJoinPool.commonPool-worker-0] INFO  impl.RaftServerImpl (RaftServerImpl.java:lambda$shutdown$3(251)) - 58daec77-aff4-491d-ba85-1aa585d4f08b@group-370000DB7120: shutdown
2019-09-25 05:42:44,993 [main] INFO  server.GrpcService (GrpcService.java:closeImpl(172)) - 3d5c87da-2134-43b6-965f-09d6bd503039: shutdown server with port 35775 successfully
2019-09-25 05:42:44,993 [ForkJoinPool.commonPool-worker-0] INFO  util.JmxRegister (JmxRegister.java:unregister(73)) - Successfully un-registered JMX Bean with object name Ratis:service=RaftServer,group=group-370000DB7120,id=58daec77-aff4-491d-ba85-1aa585d4f08b
2019-09-25 05:42:44,994 [ForkJoinPool.commonPool-worker-0] INFO  impl.RoleInfo (RoleInfo.java:shutdownLeaderState(104)) - 58daec77-aff4-491d-ba85-1aa585d4f08b: shutdown LeaderState
2019-09-25 05:42:44,994 [ForkJoinPool.commonPool-worker-0] INFO  impl.PendingRequests (PendingRequests.java:sendNotLeaderResponses(202)) - 58daec77-aff4-491d-ba85-1aa585d4f08b-PendingRequests: sendNotLeaderResponses
2019-09-25 05:42:44,994 [ForkJoinPool.commonPool-worker-0] INFO  impl.StateMachineUpdater (StateMachineUpdater.java:stopAndJoin(125)) - 58daec77-aff4-491d-ba85-1aa585d4f08b@group-370000DB7120-StateMachineUpdater: set stopIndex = 0
2019-09-25 05:42:44,995 [ForkJoinPool.commonPool-worker-0] INFO  impl.RaftServerImpl (ServerState.java:close(385)) - 58daec77-aff4-491d-ba85-1aa585d4f08b@group-370000DB7120: closes. applyIndex: 0
2019-09-25 05:42:44,995 [58daec77-aff4-491d-ba85-1aa585d4f08b@group-370000DB7120-SegmentedRaftLogWorker] INFO  segmented.SegmentedRaftLogWorker (SegmentedRaftLogWorker.java:run(313)) - 58daec77-aff4-491d-ba85-1aa585d4f08b@group-370000DB7120-SegmentedRaftLogWorker was interrupted, exiting. There are 0 tasks remaining in the queue.
2019-09-25 05:42:44,995 [refreshUsed-/workdir/hadoop-ozone/ozonefs/target/test-dir/MiniOzoneClusterImpl-8092fc99-e7d4-4546-90f2-fad71804b857/datanode-1/data/containers] WARN  fs.CachingGetSpaceUsed (CachingGetSpaceUsed.java:run(183)) - Thread Interrupted waiting to refresh disk information: sleep interrupted
2019-09-25 05:42:44,995 [ForkJoinPool.commonPool-worker-0] INFO  segmented.SegmentedRaftLogWorker (SegmentedRaftLogWorker.java:close(228)) - 58daec77-aff4-491d-ba85-1aa585d4f08b@group-370000DB7120-SegmentedRaftLogWorker close()
2019-09-25 05:42:44,997 [ForkJoinPool.commonPool-worker-0] INFO  server.GrpcService (GrpcService.java:closeImpl(164)) - 58daec77-aff4-491d-ba85-1aa585d4f08b: shutdown server with port 39671 now
2019-09-25 05:42:44,999 [ForkJoinPool.commonPool-worker-0] INFO  server.GrpcService (GrpcService.java:closeImpl(172)) - 58daec77-aff4-491d-ba85-1aa585d4f08b: shutdown server with port 39671 successfully
2019-09-25 05:42:45,002 [refreshUsed-/workdir/hadoop-ozone/ozonefs/target/test-dir/MiniOzoneClusterImpl-8092fc99-e7d4-4546-90f2-fad71804b857/datanode-0/data/containers] WARN  fs.CachingGetSpaceUsed (CachingGetSpaceUsed.java:run(183)) - Thread Interrupted waiting to refresh disk information: sleep interrupted
2019-09-25 05:42:45,023 [main] INFO  utils.BackgroundService (BackgroundService.java:shutdown(148)) - Shutting down service BlockDeletingService
2019-09-25 05:42:45,034 [main] INFO  statemachine.DatanodeStateMachine (DatanodeStateMachine.java:stopDaemon(395)) - Ozone container server stopped.
2019-09-25 05:42:45,035 [main] INFO  handler.ContextHandler (ContextHandler.java:doStop(910)) - Stopped o.e.j.w.WebAppContext@4def7d36{/,null,UNAVAILABLE}{/hddsDatanode}
2019-09-25 05:42:45,036 [main] INFO  server.AbstractConnector (AbstractConnector.java:doStop(318)) - Stopped ServerConnector@43c7fe8a{HTTP/1.1,[http/1.1]}{0.0.0.0:0}
2019-09-25 05:42:45,036 [main] INFO  handler.ContextHandler (ContextHandler.java:doStop(910)) - Stopped o.e.j.s.ServletContextHandler@6889f56f{/static,jar:file:/home/user/.m2/repository/org/apache/hadoop/hadoop-hdds-container-service/0.5.0-SNAPSHOT/hadoop-hdds-container-service-0.5.0-SNAPSHOT.jar!/webapps/static,UNAVAILABLE}
2019-09-25 05:42:45,037 [main] INFO  handler.ContextHandler (ContextHandler.java:doStop(910)) - Stopped o.e.j.s.ServletContextHandler@1332dec4{/logs,file:///workdir/hadoop-ozone/ozonefs/target/log,UNAVAILABLE}
2019-09-25 05:42:45,041 [ForkJoinPool.commonPool-worker-0] INFO  utils.BackgroundService (BackgroundService.java:shutdown(148)) - Shutting down service BlockDeletingService
2019-09-25 05:42:45,045 [ForkJoinPool.commonPool-worker-0] INFO  statemachine.DatanodeStateMachine (DatanodeStateMachine.java:stopDaemon(395)) - Ozone container server stopped.
2019-09-25 05:42:45,049 [ForkJoinPool.commonPool-worker-0] INFO  handler.ContextHandler (ContextHandler.java:doStop(910)) - Stopped o.e.j.w.WebAppContext@6075b369{/,null,UNAVAILABLE}{/hddsDatanode}
2019-09-25 05:42:45,050 [ForkJoinPool.commonPool-worker-0] INFO  server.AbstractConnector (AbstractConnector.java:doStop(318)) - Stopped ServerConnector@231cdda8{HTTP/1.1,[http/1.1]}{0.0.0.0:0}
2019-09-25 05:42:45,054 [ForkJoinPool.commonPool-worker-0] INFO  handler.ContextHandler (ContextHandler.java:doStop(910)) - Stopped o.e.j.s.ServletContextHandler@7d0cd23c{/static,jar:file:/home/user/.m2/repository/org/apache/hadoop/hadoop-hdds-container-service/0.5.0-SNAPSHOT/hadoop-hdds-container-service-0.5.0-SNAPSHOT.jar!/webapps/static,UNAVAILABLE}
2019-09-25 05:42:45,055 [ForkJoinPool.commonPool-worker-0] INFO  handler.ContextHandler (ContextHandler.java:doStop(910)) - Stopped o.e.j.s.ServletContextHandler@64f4f12{/logs,file:///workdir/hadoop-ozone/ozonefs/target/log,UNAVAILABLE}
2019-09-25 05:42:45,738 [Datanode State Machine Thread - 0] INFO  statemachine.DatanodeStateMachine (DatanodeStateMachine.java:lambda$startDaemon$0(350)) - Ozone container server started.
2019-09-25 05:42:50,038 [main] INFO  ozoneimpl.OzoneContainer (OzoneContainer.java:stop(231)) - Attempting to stop container services.
2019-09-25 05:42:50,039 [main] INFO  impl.RaftServerProxy (RaftServerProxy.java:lambda$close$4(314)) - 7966b041-ddaa-48e4-85c1-e8430fd29f08: close
2019-09-25 05:42:50,040 [main] INFO  impl.RaftServerImpl (RaftServerImpl.java:lambda$shutdown$3(251)) - 7966b041-ddaa-48e4-85c1-e8430fd29f08@group-A2EB179D7178: shutdown
2019-09-25 05:42:50,041 [ForkJoinPool.commonPool-worker-1] INFO  impl.RaftServerImpl (RaftServerImpl.java:lambda$shutdown$3(251)) - 7966b041-ddaa-48e4-85c1-e8430fd29f08@group-FA42D70128D5: shutdown
2019-09-25 05:42:50,041 [main] INFO  util.JmxRegister (JmxRegister.java:unregister(73)) - Successfully un-registered JMX Bean with object name Ratis:service=RaftServer,group=group-A2EB179D7178,id=7966b041-ddaa-48e4-85c1-e8430fd29f08
2019-09-25 05:42:50,041 [ForkJoinPool.commonPool-worker-1] INFO  util.JmxRegister (JmxRegister.java:unregister(73)) - Successfully un-registered JMX Bean with object name Ratis:service=RaftServer,group=group-FA42D70128D5,id=7966b041-ddaa-48e4-85c1-e8430fd29f08
2019-09-25 05:42:50,042 [main] INFO  impl.RoleInfo (RoleInfo.java:shutdownLeaderState(104)) - 7966b041-ddaa-48e4-85c1-e8430fd29f08: shutdown LeaderState
2019-09-25 05:42:50,042 [ForkJoinPool.commonPool-worker-1] INFO  impl.RoleInfo (RoleInfo.java:shutdownLeaderState(104)) - 7966b041-ddaa-48e4-85c1-e8430fd29f08: shutdown LeaderState
2019-09-25 05:42:50,043 [ForkJoinPool.commonPool-worker-1] INFO  impl.PendingRequests (PendingRequests.java:sendNotLeaderResponses(202)) - 7966b041-ddaa-48e4-85c1-e8430fd29f08-PendingRequests: sendNotLeaderResponses
2019-09-25 05:42:50,043 [main] INFO  impl.PendingRequests (PendingRequests.java:sendNotLeaderResponses(202)) - 7966b041-ddaa-48e4-85c1-e8430fd29f08-PendingRequests: sendNotLeaderResponses
2019-09-25 05:42:50,043 [ForkJoinPool.commonPool-worker-1] INFO  impl.StateMachineUpdater (StateMachineUpdater.java:stopAndJoin(125)) - 7966b041-ddaa-48e4-85c1-e8430fd29f08@group-FA42D70128D5-StateMachineUpdater: set stopIndex = 0
2019-09-25 05:42:50,043 [main] INFO  impl.StateMachineUpdater (StateMachineUpdater.java:stopAndJoin(125)) - 7966b041-ddaa-48e4-85c1-e8430fd29f08@group-A2EB179D7178-StateMachineUpdater: set stopIndex = 0
2019-09-25 05:42:50,044 [ForkJoinPool.commonPool-worker-1] INFO  impl.RaftServerImpl (ServerState.java:close(385)) - 7966b041-ddaa-48e4-85c1-e8430fd29f08@group-FA42D70128D5: closes. applyIndex: 0
2019-09-25 05:42:50,044 [main] INFO  impl.RaftServerImpl (ServerState.java:close(385)) - 7966b041-ddaa-48e4-85c1-e8430fd29f08@group-A2EB179D7178: closes. applyIndex: 0
2019-09-25 05:42:50,045 [7966b041-ddaa-48e4-85c1-e8430fd29f08@group-FA42D70128D5-SegmentedRaftLogWorker] INFO  segmented.SegmentedRaftLogWorker (SegmentedRaftLogWorker.java:run(313)) - 7966b041-ddaa-48e4-85c1-e8430fd29f08@group-FA42D70128D5-SegmentedRaftLogWorker was interrupted, exiting. There are 0 tasks remaining in the queue.
2019-09-25 05:42:50,045 [7966b041-ddaa-48e4-85c1-e8430fd29f08@group-A2EB179D7178-SegmentedRaftLogWorker] INFO  segmented.SegmentedRaftLogWorker (SegmentedRaftLogWorker.java:run(313)) - 7966b041-ddaa-48e4-85c1-e8430fd29f08@group-A2EB179D7178-SegmentedRaftLogWorker was interrupted, exiting. There are 0 tasks remaining in the queue.
2019-09-25 05:42:50,045 [ForkJoinPool.commonPool-worker-1] INFO  segmented.SegmentedRaftLogWorker (SegmentedRaftLogWorker.java:close(228)) - 7966b041-ddaa-48e4-85c1-e8430fd29f08@group-FA42D70128D5-SegmentedRaftLogWorker close()
2019-09-25 05:42:50,045 [main] INFO  segmented.SegmentedRaftLogWorker (SegmentedRaftLogWorker.java:close(228)) - 7966b041-ddaa-48e4-85c1-e8430fd29f08@group-A2EB179D7178-SegmentedRaftLogWorker close()
2019-09-25 05:42:50,048 [ForkJoinPool.commonPool-worker-1] INFO  impl.RaftServerImpl (RaftServerImpl.java:lambda$shutdown$3(251)) - 7966b041-ddaa-48e4-85c1-e8430fd29f08@group-9DDE96DEC8E9: shutdown
2019-09-25 05:42:50,050 [main] INFO  impl.RaftServerImpl (RaftServerImpl.java:lambda$shutdown$3(251)) - 7966b041-ddaa-48e4-85c1-e8430fd29f08@group-DAD98E306F2D: shutdown
2019-09-25 05:42:50,050 [ForkJoinPool.commonPool-worker-1] INFO  util.JmxRegister (JmxRegister.java:unregister(73)) - Successfully un-registered JMX Bean with object name Ratis:service=RaftServer,group=group-9DDE96DEC8E9,id=7966b041-ddaa-48e4-85c1-e8430fd29f08
2019-09-25 05:42:50,050 [main] INFO  util.JmxRegister (JmxRegister.java:unregister(73)) - Successfully un-registered JMX Bean with object name Ratis:service=RaftServer,group=group-DAD98E306F2D,id=7966b041-ddaa-48e4-85c1-e8430fd29f08
2019-09-25 05:42:50,051 [ForkJoinPool.commonPool-worker-1] INFO  impl.RoleInfo (RoleInfo.java:shutdownLeaderState(104)) - 7966b041-ddaa-48e4-85c1-e8430fd29f08: shutdown LeaderState
2019-09-25 05:42:50,051 [main] INFO  impl.RoleInfo (RoleInfo.java:shutdownLeaderState(104)) - 7966b041-ddaa-48e4-85c1-e8430fd29f08: shutdown LeaderState
2019-09-25 05:42:50,051 [ForkJoinPool.commonPool-worker-1] INFO  impl.PendingRequests (PendingRequests.java:sendNotLeaderResponses(202)) - 7966b041-ddaa-48e4-85c1-e8430fd29f08-PendingRequests: sendNotLeaderResponses
2019-09-25 05:42:50,052 [main] INFO  impl.PendingRequests (PendingRequests.java:sendNotLeaderResponses(202)) - 7966b041-ddaa-48e4-85c1-e8430fd29f08-PendingRequests: sendNotLeaderResponses
2019-09-25 05:42:50,052 [ForkJoinPool.commonPool-worker-1] INFO  impl.StateMachineUpdater (StateMachineUpdater.java:stopAndJoin(125)) - 7966b041-ddaa-48e4-85c1-e8430fd29f08@group-9DDE96DEC8E9-StateMachineUpdater: set stopIndex = 0
2019-09-25 05:42:50,053 [main] INFO  impl.StateMachineUpdater (StateMachineUpdater.java:stopAndJoin(125)) - 7966b041-ddaa-48e4-85c1-e8430fd29f08@group-DAD98E306F2D-StateMachineUpdater: set stopIndex = 0
2019-09-25 05:42:50,053 [ForkJoinPool.commonPool-worker-1] INFO  impl.RaftServerImpl (ServerState.java:close(385)) - 7966b041-ddaa-48e4-85c1-e8430fd29f08@group-9DDE96DEC8E9: closes. applyIndex: 0
2019-09-25 05:42:50,053 [main] INFO  impl.RaftServerImpl (ServerState.java:close(385)) - 7966b041-ddaa-48e4-85c1-e8430fd29f08@group-DAD98E306F2D: closes. applyIndex: 0
2019-09-25 05:42:50,053 [7966b041-ddaa-48e4-85c1-e8430fd29f08@group-9DDE96DEC8E9-SegmentedRaftLogWorker] INFO  segmented.SegmentedRaftLogWorker (SegmentedRaftLogWorker.java:run(313)) - 7966b041-ddaa-48e4-85c1-e8430fd29f08@group-9DDE96DEC8E9-SegmentedRaftLogWorker was interrupted, exiting. There are 0 tasks remaining in the queue.
2019-09-25 05:42:50,054 [7966b041-ddaa-48e4-85c1-e8430fd29f08@group-DAD98E306F2D-SegmentedRaftLogWorker] INFO  segmented.SegmentedRaftLogWorker (SegmentedRaftLogWorker.java:run(313)) - 7966b041-ddaa-48e4-85c1-e8430fd29f08@group-DAD98E306F2D-SegmentedRaftLogWorker was interrupted, exiting. There are 0 tasks remaining in the queue.
2019-09-25 05:42:50,054 [ForkJoinPool.commonPool-worker-1] INFO  segmented.SegmentedRaftLogWorker (SegmentedRaftLogWorker.java:close(228)) - 7966b041-ddaa-48e4-85c1-e8430fd29f08@group-9DDE96DEC8E9-SegmentedRaftLogWorker close()
2019-09-25 05:42:50,054 [main] INFO  segmented.SegmentedRaftLogWorker (SegmentedRaftLogWorker.java:close(228)) - 7966b041-ddaa-48e4-85c1-e8430fd29f08@group-DAD98E306F2D-SegmentedRaftLogWorker close()
2019-09-25 05:42:50,056 [ForkJoinPool.commonPool-worker-1] INFO  impl.RaftServerImpl (RaftServerImpl.java:lambda$shutdown$3(251)) - 7966b041-ddaa-48e4-85c1-e8430fd29f08@group-8361C3A548F0: shutdown
2019-09-25 05:42:50,058 [main] INFO  impl.RaftServerImpl (RaftServerImpl.java:lambda$shutdown$3(251)) - 7966b041-ddaa-48e4-85c1-e8430fd29f08@group-67CF2C14CDBB: shutdown
2019-09-25 05:42:50,058 [ForkJoinPool.commonPool-worker-1] INFO  util.JmxRegister (JmxRegister.java:unregister(73)) - Successfully un-registered JMX Bean with object name Ratis:service=RaftServer,group=group-8361C3A548F0,id=7966b041-ddaa-48e4-85c1-e8430fd29f08
2019-09-25 05:42:50,058 [main] INFO  util.JmxRegister (JmxRegister.java:unregister(73)) - Successfully un-registered JMX Bean with object name Ratis:service=RaftServer,group=group-67CF2C14CDBB,id=7966b041-ddaa-48e4-85c1-e8430fd29f08
2019-09-25 05:42:50,059 [ForkJoinPool.commonPool-worker-1] INFO  impl.RoleInfo (RoleInfo.java:shutdownLeaderState(104)) - 7966b041-ddaa-48e4-85c1-e8430fd29f08: shutdown LeaderState
2019-09-25 05:42:50,059 [main] INFO  impl.RoleInfo (RoleInfo.java:shutdownLeaderState(104)) - 7966b041-ddaa-48e4-85c1-e8430fd29f08: shutdown LeaderState
2019-09-25 05:42:50,059 [ForkJoinPool.commonPool-worker-1] INFO  impl.PendingRequests (PendingRequests.java:sendNotLeaderResponses(202)) - 7966b041-ddaa-48e4-85c1-e8430fd29f08-PendingRequests: sendNotLeaderResponses
2019-09-25 05:42:50,060 [main] INFO  impl.PendingRequests (PendingRequests.java:sendNotLeaderResponses(202)) - 7966b041-ddaa-48e4-85c1-e8430fd29f08-PendingRequests: sendNotLeaderResponses
2019-09-25 05:42:50,060 [ForkJoinPool.commonPool-worker-1] INFO  impl.StateMachineUpdater (StateMachineUpdater.java:stopAndJoin(125)) - 7966b041-ddaa-48e4-85c1-e8430fd29f08@group-8361C3A548F0-StateMachineUpdater: set stopIndex = 0
2019-09-25 05:42:50,060 [main] INFO  impl.StateMachineUpdater (StateMachineUpdater.java:stopAndJoin(125)) - 7966b041-ddaa-48e4-85c1-e8430fd29f08@group-67CF2C14CDBB-StateMachineUpdater: set stopIndex = 0
2019-09-25 05:42:50,061 [main] INFO  impl.RaftServerImpl (ServerState.java:close(385)) - 7966b041-ddaa-48e4-85c1-e8430fd29f08@group-67CF2C14CDBB: closes. applyIndex: 0
2019-09-25 05:42:50,061 [ForkJoinPool.commonPool-worker-1] INFO  impl.RaftServerImpl (ServerState.java:close(385)) - 7966b041-ddaa-48e4-85c1-e8430fd29f08@group-8361C3A548F0: closes. applyIndex: 0
2019-09-25 05:42:50,062 [7966b041-ddaa-48e4-85c1-e8430fd29f08@group-67CF2C14CDBB-SegmentedRaftLogWorker] INFO  segmented.SegmentedRaftLogWorker (SegmentedRaftLogWorker.java:run(313)) - 7966b041-ddaa-48e4-85c1-e8430fd29f08@group-67CF2C14CDBB-SegmentedRaftLogWorker was interrupted, exiting. There are 0 tasks remaining in the queue.
2019-09-25 05:42:50,062 [7966b041-ddaa-48e4-85c1-e8430fd29f08@group-8361C3A548F0-SegmentedRaftLogWorker] INFO  segmented.SegmentedRaftLogWorker (SegmentedRaftLogWorker.java:run(313)) - 7966b041-ddaa-48e4-85c1-e8430fd29f08@group-8361C3A548F0-SegmentedRaftLogWorker was interrupted, exiting. There are 0 tasks remaining in the queue.
2019-09-25 05:42:50,062 [main] INFO  segmented.SegmentedRaftLogWorker (SegmentedRaftLogWorker.java:close(228)) - 7966b041-ddaa-48e4-85c1-e8430fd29f08@group-67CF2C14CDBB-SegmentedRaftLogWorker close()
2019-09-25 05:42:50,062 [ForkJoinPool.commonPool-worker-1] INFO  segmented.SegmentedRaftLogWorker (SegmentedRaftLogWorker.java:close(228)) - 7966b041-ddaa-48e4-85c1-e8430fd29f08@group-8361C3A548F0-SegmentedRaftLogWorker close()
2019-09-25 05:42:50,066 [main] INFO  server.GrpcService (GrpcService.java:closeImpl(164)) - 7966b041-ddaa-48e4-85c1-e8430fd29f08: shutdown server with port 40677 now
2019-09-25 05:42:50,068 [main] INFO  server.GrpcService (GrpcService.java:closeImpl(172)) - 7966b041-ddaa-48e4-85c1-e8430fd29f08: shutdown server with port 40677 successfully
2019-09-25 05:42:50,072 [refreshUsed-/workdir/hadoop-ozone/ozonefs/target/test-dir/MiniOzoneClusterImpl-8092fc99-e7d4-4546-90f2-fad71804b857/datanode-2/data/containers] WARN  fs.CachingGetSpaceUsed (CachingGetSpaceUsed.java:run(183)) - Thread Interrupted waiting to refresh disk information: sleep interrupted
2019-09-25 05:42:50,098 [main] INFO  utils.BackgroundService (BackgroundService.java:shutdown(148)) - Shutting down service BlockDeletingService
2019-09-25 05:42:50,103 [main] INFO  statemachine.DatanodeStateMachine (DatanodeStateMachine.java:stopDaemon(395)) - Ozone container server stopped.
2019-09-25 05:42:50,104 [main] INFO  handler.ContextHandler (ContextHandler.java:doStop(910)) - Stopped o.e.j.w.WebAppContext@34edd065{/,null,UNAVAILABLE}{/hddsDatanode}
2019-09-25 05:42:50,105 [main] INFO  server.AbstractConnector (AbstractConnector.java:doStop(318)) - Stopped ServerConnector@681e913c{HTTP/1.1,[http/1.1]}{0.0.0.0:0}
2019-09-25 05:42:50,105 [main] INFO  handler.ContextHandler (ContextHandler.java:doStop(910)) - Stopped o.e.j.s.ServletContextHandler@7a606260{/static,jar:file:/home/user/.m2/repository/org/apache/hadoop/hadoop-hdds-container-service/0.5.0-SNAPSHOT/hadoop-hdds-container-service-0.5.0-SNAPSHOT.jar!/webapps/static,UNAVAILABLE}
2019-09-25 05:42:50,106 [main] INFO  handler.ContextHandler (ContextHandler.java:doStop(910)) - Stopped o.e.j.s.ServletContextHandler@6b867ee7{/logs,file:///workdir/hadoop-ozone/ozonefs/target/log,UNAVAILABLE}
2019-09-25 05:42:50,107 [main] INFO  ozone.MiniOzoneClusterImpl (MiniOzoneClusterImpl.java:stopSCM(392)) - Stopping the StorageContainerManager
2019-09-25 05:42:50,108 [main] INFO  server.StorageContainerManager (StorageContainerManager.java:stop(808)) - Stopping Replication Manager Service.
2019-09-25 05:42:50,108 [main] INFO  container.ReplicationManager (ReplicationManager.java:stop(204)) - Stopping Replication Monitor Thread.
2019-09-25 05:42:50,108 [main] INFO  server.StorageContainerManager (StorageContainerManager.java:stop(815)) - Stopping Lease Manager of the command watchers
2019-09-25 05:42:50,108 [main] INFO  server.StorageContainerManager (StorageContainerManager.java:stop(822)) - Stopping datanode service RPC server
2019-09-25 05:42:50,108 [main] INFO  server.SCMDatanodeProtocolServer (SCMDatanodeProtocolServer.java:stop(367)) - Stopping the RPC server for DataNodes
2019-09-25 05:42:50,109 [main] INFO  ipc.Server (Server.java:stop(3082)) - Stopping server on 43232
2019-09-25 05:42:50,114 [IPC Server listener on 43232] INFO  ipc.Server (Server.java:run(1185)) - Stopping IPC Server listener on 43232
2019-09-25 05:42:50,114 [IPC Server Responder] INFO  ipc.Server (Server.java:run(1319)) - Stopping IPC Server Responder
2019-09-25 05:42:50,124 [SCM Heartbeat Processing Thread - 0] WARN  node.NodeStateManager (NodeStateManager.java:scheduleNextHealthCheck(655)) - Current Thread is interrupted, shutting down HB processing thread for Node Manager.
2019-09-25 05:42:50,124 [main] INFO  server.StorageContainerManager (StorageContainerManager.java:stop(830)) - Stopping block service RPC server
2019-09-25 05:42:50,124 [main] INFO  server.SCMBlockProtocolServer (SCMBlockProtocolServer.java:stop(155)) - Stopping the RPC server for Block Protocol
2019-09-25 05:42:50,125 [main] INFO  ipc.Server (Server.java:stop(3082)) - Stopping server on 42031
2019-09-25 05:42:50,132 [main] INFO  server.StorageContainerManager (StorageContainerManager.java:stop(837)) - Stopping the StorageContainerLocationProtocol RPC server
2019-09-25 05:42:50,132 [IPC Server listener on 42031] INFO  ipc.Server (Server.java:run(1185)) - Stopping IPC Server listener on 42031
2019-09-25 05:42:50,133 [main] INFO  server.SCMClientProtocolServer (SCMClientProtocolServer.java:stop(159)) - Stopping the RPC server for Client Protocol
2019-09-25 05:42:50,133 [IPC Server Responder] INFO  ipc.Server (Server.java:run(1319)) - Stopping IPC Server Responder
2019-09-25 05:42:50,134 [main] INFO  ipc.Server (Server.java:stop(3082)) - Stopping server on 39094
2019-09-25 05:42:50,139 [IPC Server listener on 39094] INFO  ipc.Server (Server.java:run(1185)) - Stopping IPC Server listener on 39094
2019-09-25 05:42:50,139 [main] INFO  server.StorageContainerManager (StorageContainerManager.java:stop(844)) - Stopping Storage Container Manager HTTP server.
2019-09-25 05:42:50,139 [IPC Server Responder] INFO  ipc.Server (Server.java:run(1319)) - Stopping IPC Server Responder
2019-09-25 05:42:50,142 [main] INFO  handler.ContextHandler (ContextHandler.java:doStop(910)) - Stopped o.e.j.w.WebAppContext@3e5beab5{/,null,UNAVAILABLE}{/scm}
2019-09-25 05:42:50,143 [main] INFO  server.AbstractConnector (AbstractConnector.java:doStop(318)) - Stopped ServerConnector@7c588adc{HTTP/1.1,[http/1.1]}{0.0.0.0:0}
2019-09-25 05:42:50,143 [main] INFO  handler.ContextHandler (ContextHandler.java:doStop(910)) - Stopped o.e.j.s.ServletContextHandler@4168f3d9{/static,jar:file:/home/user/.m2/repository/org/apache/hadoop/hadoop-hdds-server-scm/0.5.0-SNAPSHOT/hadoop-hdds-server-scm-0.5.0-SNAPSHOT.jar!/webapps/static,UNAVAILABLE}
2019-09-25 05:42:50,143 [main] INFO  handler.ContextHandler (ContextHandler.java:doStop(910)) - Stopped o.e.j.s.ServletContextHandler@2aa14ae6{/logs,file:///workdir/hadoop-ozone/ozonefs/target/log,UNAVAILABLE}
2019-09-25 05:42:50,145 [main] INFO  server.StorageContainerManager (StorageContainerManager.java:stop(855)) - Stopping Block Manager Service.
2019-09-25 05:42:50,145 [main] INFO  utils.BackgroundService (BackgroundService.java:shutdown(148)) - Shutting down service SCMBlockDeletingService
2019-09-25 05:42:50,146 [main] INFO  utils.BackgroundService (BackgroundService.java:shutdown(148)) - Shutting down service SCMBlockDeletingService
2019-09-25 05:42:50,146 [main] INFO  server.StorageContainerManager (StorageContainerManager.java:stop(877)) - Stopping SCM Event Queue.
2019-09-25 05:42:50,150 [main] INFO  impl.MetricsSystemImpl (MetricsSystemImpl.java:stop(210)) - Stopping HddsDatanode metrics system...
2019-09-25 05:42:50,159 [main] INFO  impl.MetricsSystemImpl (MetricsSystemImpl.java:stop(216)) - HddsDatanode metrics system stopped.
]]></system-out>
  </testcase>
  <testcase name="testOzoneManagerFileSystemInterface[1]" classname="org.apache.hadoop.fs.ozone.TestOzoneFileInterfaces" time="17.343"/>
  <testcase name="testListStatus[1]" classname="org.apache.hadoop.fs.ozone.TestOzoneFileInterfaces" time="16.986"/>
  <testcase name="testDirectory[1]" classname="org.apache.hadoop.fs.ozone.TestOzoneFileInterfaces" time="16.895"/>
  <testcase name="testPathToKey[1]" classname="org.apache.hadoop.fs.ozone.TestOzoneFileInterfaces" time="16.33"/>
  <testcase name="testFileSystemInit[1]" classname="org.apache.hadoop.fs.ozone.TestOzoneFileInterfaces" time="17.085"/>
  <testcase name="testOzFsReadWrite[1]" classname="org.apache.hadoop.fs.ozone.TestOzoneFileInterfaces" time="17.056">
    <error message="Allocated 0 blocks. Requested 1 blocks" type="INTERNAL_ERROR org.apache.hadoop.ozone.om.exceptions.OMException">INTERNAL_ERROR org.apache.hadoop.ozone.om.exceptions.OMException: Allocated 0 blocks. Requested 1 blocks
	at org.apache.hadoop.ozone.om.protocolPB.OzoneManagerProtocolClientSideTranslatorPB.handleError(OzoneManagerProtocolClientSideTranslatorPB.java:732)
	at org.apache.hadoop.ozone.om.protocolPB.OzoneManagerProtocolClientSideTranslatorPB.createFile(OzoneManagerProtocolClientSideTranslatorPB.java:1536)
	at sun.reflect.NativeMethodAccessorImpl.invoke0(Native Method)
	at sun.reflect.NativeMethodAccessorImpl.invoke(NativeMethodAccessorImpl.java:62)
	at sun.reflect.DelegatingMethodAccessorImpl.invoke(DelegatingMethodAccessorImpl.java:43)
	at java.lang.reflect.Method.invoke(Method.java:498)
	at org.apache.hadoop.hdds.tracing.TraceAllMethod.invoke(TraceAllMethod.java:66)
	at com.sun.proxy.$Proxy39.createFile(Unknown Source)
	at org.apache.hadoop.ozone.client.rpc.RpcClient.createFile(RpcClient.java:1006)
	at org.apache.hadoop.ozone.client.OzoneBucket.createFile(OzoneBucket.java:537)
	at org.apache.hadoop.fs.ozone.BasicOzoneClientAdapterImpl.createFile(BasicOzoneClientAdapterImpl.java:205)
	at org.apache.hadoop.fs.ozone.BasicOzoneFileSystem.createOutputStream(BasicOzoneFileSystem.java:250)
	at org.apache.hadoop.fs.ozone.BasicOzoneFileSystem.create(BasicOzoneFileSystem.java:231)
	at org.apache.hadoop.fs.FileSystem.create(FileSystem.java:1118)
	at org.apache.hadoop.fs.FileSystem.create(FileSystem.java:1098)
	at org.apache.hadoop.fs.FileSystem.create(FileSystem.java:987)
	at org.apache.hadoop.fs.FileSystem.create(FileSystem.java:975)
	at org.apache.hadoop.fs.ozone.TestOzoneFileInterfaces.testOzFsReadWrite(TestOzoneFileInterfaces.java:169)
	at sun.reflect.NativeMethodAccessorImpl.invoke0(Native Method)
	at sun.reflect.NativeMethodAccessorImpl.invoke(NativeMethodAccessorImpl.java:62)
	at sun.reflect.DelegatingMethodAccessorImpl.invoke(DelegatingMethodAccessorImpl.java:43)
	at java.lang.reflect.Method.invoke(Method.java:498)
	at org.junit.runners.model.FrameworkMethod$1.runReflectiveCall(FrameworkMethod.java:47)
	at org.junit.internal.runners.model.ReflectiveCallable.run(ReflectiveCallable.java:12)
	at org.junit.runners.model.FrameworkMethod.invokeExplosively(FrameworkMethod.java:44)
	at org.junit.internal.runners.statements.InvokeMethod.evaluate(InvokeMethod.java:17)
	at org.junit.internal.runners.statements.RunBefores.evaluate(RunBefores.java:26)
	at org.junit.internal.runners.statements.RunAfters.evaluate(RunAfters.java:27)
	at org.junit.runners.ParentRunner.runLeaf(ParentRunner.java:271)
	at org.junit.runners.BlockJUnit4ClassRunner.runChild(BlockJUnit4ClassRunner.java:70)
	at org.junit.runners.BlockJUnit4ClassRunner.runChild(BlockJUnit4ClassRunner.java:50)
	at org.junit.runners.ParentRunner$3.run(ParentRunner.java:238)
	at org.junit.runners.ParentRunner$1.schedule(ParentRunner.java:63)
	at org.junit.runners.ParentRunner.runChildren(ParentRunner.java:236)
	at org.junit.runners.ParentRunner.access$000(ParentRunner.java:53)
	at org.junit.runners.ParentRunner$2.evaluate(ParentRunner.java:229)
	at org.junit.runners.ParentRunner.run(ParentRunner.java:309)
	at org.junit.runners.Suite.runChild(Suite.java:127)
	at org.junit.runners.Suite.runChild(Suite.java:26)
	at org.junit.runners.ParentRunner$3.run(ParentRunner.java:238)
	at org.junit.runners.ParentRunner$1.schedule(ParentRunner.java:63)
	at org.junit.runners.ParentRunner.runChildren(ParentRunner.java:236)
	at org.junit.runners.ParentRunner.access$000(ParentRunner.java:53)
	at org.junit.runners.ParentRunner$2.evaluate(ParentRunner.java:229)
	at org.junit.runners.ParentRunner.run(ParentRunner.java:309)
	at org.apache.maven.surefire.junit4.JUnit4Provider.execute(JUnit4Provider.java:365)
	at org.apache.maven.surefire.junit4.JUnit4Provider.executeWithRerun(JUnit4Provider.java:273)
	at org.apache.maven.surefire.junit4.JUnit4Provider.executeTestSet(JUnit4Provider.java:238)
	at org.apache.maven.surefire.junit4.JUnit4Provider.invoke(JUnit4Provider.java:159)
	at org.apache.maven.surefire.booter.ForkedBooter.invokeProviderInSameClassLoader(ForkedBooter.java:384)
	at org.apache.maven.surefire.booter.ForkedBooter.runSuitesInProcess(ForkedBooter.java:345)
	at org.apache.maven.surefire.booter.ForkedBooter.execute(ForkedBooter.java:126)
	at org.apache.maven.surefire.booter.ForkedBooter.main(ForkedBooter.java:418)
</error>
    <system-out><![CDATA[2019-09-25 05:44:14,854 [main] WARN  server.ServerUtils (ServerUtils.java:getScmDbDir(145)) - ozone.scm.db.dirs is not configured. We recommend adding this setting. Falling back to ozone.metadata.dirs instead.
2019-09-25 05:44:14,866 [main] WARN  server.ServerUtils (ServerUtils.java:getScmDbDir(145)) - ozone.scm.db.dirs is not configured. We recommend adding this setting. Falling back to ozone.metadata.dirs instead.
2019-09-25 05:44:14,866 [main] WARN  server.ServerUtils (ServerUtils.java:getScmDbDir(145)) - ozone.scm.db.dirs is not configured. We recommend adding this setting. Falling back to ozone.metadata.dirs instead.
2019-09-25 05:44:14,867 [main] INFO  db.DBStoreBuilder (DBStoreBuilder.java:addTable(110)) - using custom profile for table: deletedBlocks
2019-09-25 05:44:14,867 [main] INFO  db.DBStoreBuilder (DBStoreBuilder.java:processTables(161)) - Using default column profile:DBProfile.DISK for Table:deletedBlocks
2019-09-25 05:44:14,867 [main] INFO  db.DBStoreBuilder (DBStoreBuilder.java:addTable(110)) - using custom profile for table: validCerts
2019-09-25 05:44:14,867 [main] INFO  db.DBStoreBuilder (DBStoreBuilder.java:processTables(161)) - Using default column profile:DBProfile.DISK for Table:validCerts
2019-09-25 05:44:14,867 [main] INFO  db.DBStoreBuilder (DBStoreBuilder.java:addTable(110)) - using custom profile for table: revokedCerts
2019-09-25 05:44:14,868 [main] INFO  db.DBStoreBuilder (DBStoreBuilder.java:processTables(161)) - Using default column profile:DBProfile.DISK for Table:revokedCerts
2019-09-25 05:44:14,868 [main] INFO  db.DBStoreBuilder (DBStoreBuilder.java:addTable(110)) - using custom profile for table: default
2019-09-25 05:44:14,868 [main] INFO  db.DBStoreBuilder (DBStoreBuilder.java:processTables(167)) - Using default column profile:DBProfile.DISK for Table:default
2019-09-25 05:44:14,868 [main] INFO  db.DBStoreBuilder (DBStoreBuilder.java:getDbProfile(198)) - Using default options. DBProfile.DISK
2019-09-25 05:44:15,068 [main] INFO  net.NodeSchemaLoader (NodeSchemaLoader.java:loadSchemaFromFile(125)) - Loading file from sun.misc.CompoundEnumeration@6fc0e448
2019-09-25 05:44:15,068 [main] INFO  net.NodeSchemaLoader (NodeSchemaLoader.java:loadSchema(171)) - Loading network topology layer schema file
2019-09-25 05:44:15,073 [main] WARN  server.ServerUtils (ServerUtils.java:sanitizeUserArgs(70)) - ozone.scm.stale.node.interval value = 300000 is larger than max = 100000 based on the key value of ozone.scm.heartbeat.thread.interval, reset to the max value 100000.
2019-09-25 05:44:15,073 [main] WARN  server.ServerUtils (ServerUtils.java:sanitizeUserArgs(70)) - ozone.scm.stale.node.interval value = 300000 is larger than max = 100000 based on the key value of ozone.scm.heartbeat.thread.interval, reset to the max value 100000.
2019-09-25 05:44:15,073 [main] INFO  node.SCMNodeManager (SCMNodeManager.java:<init>(114)) - Entering startup safe mode.
2019-09-25 05:44:15,074 [main] INFO  algorithms.ContainerPlacementPolicyFactory (ContainerPlacementPolicyFactory.java:getPolicy(60)) - Create container placement policy of type org.apache.hadoop.hdds.scm.container.placement.algorithms.SCMContainerPlacementRandom
2019-09-25 05:44:15,074 [main] WARN  server.ServerUtils (ServerUtils.java:getScmDbDir(145)) - ozone.scm.db.dirs is not configured. We recommend adding this setting. Falling back to ozone.metadata.dirs instead.
2019-09-25 05:44:15,143 [main] INFO  pipeline.SCMPipelineManager (SCMPipelineManager.java:initializePipelineState(132)) - No pipeline exists in current db
2019-09-25 05:44:15,143 [main] WARN  server.ServerUtils (ServerUtils.java:getScmDbDir(145)) - ozone.scm.db.dirs is not configured. We recommend adding this setting. Falling back to ozone.metadata.dirs instead.
2019-09-25 05:44:15,251 [main] WARN  events.EventQueue (EventQueue.java:fireEvent(183)) - No event handler registered for event TypedEvent{payloadType=SafeModeStatus, name='SafeModeStatus'}
2019-09-25 05:44:15,252 [main] INFO  ipc.CallQueueManager (CallQueueManager.java:<init>(84)) - Using callQueue: class java.util.concurrent.LinkedBlockingQueue, queueCapacity: 2000, scheduler: class org.apache.hadoop.ipc.DefaultRpcScheduler, ipcBackoff: false.
2019-09-25 05:44:15,254 [Socket Reader #1 for port 37894] INFO  ipc.Server (Server.java:run(1074)) - Starting Socket Reader #1 for port 37894
2019-09-25 05:44:15,268 [main] INFO  ipc.CallQueueManager (CallQueueManager.java:<init>(84)) - Using callQueue: class java.util.concurrent.LinkedBlockingQueue, queueCapacity: 2000, scheduler: class org.apache.hadoop.ipc.DefaultRpcScheduler, ipcBackoff: false.
2019-09-25 05:44:15,270 [Socket Reader #1 for port 36559] INFO  ipc.Server (Server.java:run(1074)) - Starting Socket Reader #1 for port 36559
2019-09-25 05:44:15,273 [main] INFO  ipc.CallQueueManager (CallQueueManager.java:<init>(84)) - Using callQueue: class java.util.concurrent.LinkedBlockingQueue, queueCapacity: 2000, scheduler: class org.apache.hadoop.ipc.DefaultRpcScheduler, ipcBackoff: false.
2019-09-25 05:44:15,274 [Socket Reader #1 for port 38280] INFO  ipc.Server (Server.java:run(1074)) - Starting Socket Reader #1 for port 38280
2019-09-25 05:44:15,277 [main] INFO  hdfs.DFSUtil (DFSUtil.java:httpServerTemplateForNNAndJN(1641)) - Starting Web-server for scm at: http://0.0.0.0:0
2019-09-25 05:44:15,281 [main] INFO  server.AuthenticationFilter (AuthenticationFilter.java:constructSecretProvider(240)) - Unable to initialize FileSignerSecretProvider, falling back to use random secrets.
2019-09-25 05:44:15,282 [main] WARN  http.HttpRequestLog (HttpRequestLog.java:getRequestLog(97)) - Jetty request log can only be enabled using Log4j
2019-09-25 05:44:15,284 [main] INFO  http.HttpServer2 (HttpServer2.java:addGlobalFilter(975)) - Added global filter 'safety' (class=org.apache.hadoop.http.HttpServer2$QuotingInputFilter)
2019-09-25 05:44:15,285 [main] INFO  http.HttpServer2 (HttpServer2.java:addFilter(948)) - Added filter static_user_filter (class=org.apache.hadoop.http.lib.StaticUserWebFilter$StaticUserFilter) to context scm
2019-09-25 05:44:15,285 [main] INFO  http.HttpServer2 (HttpServer2.java:addFilter(958)) - Added filter static_user_filter (class=org.apache.hadoop.http.lib.StaticUserWebFilter$StaticUserFilter) to context logs
2019-09-25 05:44:15,286 [main] INFO  http.HttpServer2 (HttpServer2.java:addFilter(958)) - Added filter static_user_filter (class=org.apache.hadoop.http.lib.StaticUserWebFilter$StaticUserFilter) to context static
2019-09-25 05:44:15,288 [main] INFO  server.StorageContainerManager (StorageContainerManager.java:start(770)) - StorageContainerLocationProtocol RPC server is listening at /0.0.0.0:38280
2019-09-25 05:44:15,291 [main] WARN  impl.MetricsConfig (MetricsConfig.java:loadFirst(134)) - Cannot locate configuration: tried hadoop-metrics2-storagecontainermanager.properties,hadoop-metrics2.properties
2019-09-25 05:44:15,292 [main] INFO  impl.MetricsSystemImpl (MetricsSystemImpl.java:startTimer(374)) - Scheduled Metric snapshot period at 10 second(s).
2019-09-25 05:44:15,293 [main] INFO  impl.MetricsSystemImpl (MetricsSystemImpl.java:start(191)) - StorageContainerManager metrics system started
2019-09-25 05:44:15,453 [main] WARN  impl.MetricsSystemImpl (MetricsSystemImpl.java:register(276)) - Sink prometheus already exists!
2019-09-25 05:44:15,711 [main] INFO  server.SCMClientProtocolServer (SCMClientProtocolServer.java:start(151)) - RPC server for Client  is listening at /0.0.0.0:38280
2019-09-25 05:44:15,711 [IPC Server listener on 38280] INFO  ipc.Server (Server.java:run(1153)) - IPC Server listener on 38280: starting
2019-09-25 05:44:15,711 [IPC Server Responder] INFO  ipc.Server (Server.java:run(1314)) - IPC Server Responder: starting
2019-09-25 05:44:15,716 [main] INFO  server.StorageContainerManager (StorageContainerManager.java:start(780)) - ScmBlockLocationProtocol RPC server is listening at /0.0.0.0:36559
2019-09-25 05:44:15,717 [main] INFO  server.SCMBlockProtocolServer (SCMBlockProtocolServer.java:start(146)) - RPC server for Block Protocol is listening at /0.0.0.0:36559
2019-09-25 05:44:15,717 [IPC Server Responder] INFO  ipc.Server (Server.java:run(1314)) - IPC Server Responder: starting
2019-09-25 05:44:15,717 [IPC Server listener on 36559] INFO  ipc.Server (Server.java:run(1153)) - IPC Server listener on 36559: starting
2019-09-25 05:44:15,724 [main] INFO  server.StorageContainerManager (StorageContainerManager.java:start(784)) - ScmDatanodeProtocl RPC server is listening at /0.0.0.0:37894
2019-09-25 05:44:15,724 [main] INFO  server.SCMDatanodeProtocolServer (SCMDatanodeProtocolServer.java:start(191)) - RPC server for DataNodes is listening at /0.0.0.0:37894
2019-09-25 05:44:15,724 [IPC Server Responder] INFO  ipc.Server (Server.java:run(1314)) - IPC Server Responder: starting
2019-09-25 05:44:15,724 [IPC Server listener on 37894] INFO  ipc.Server (Server.java:run(1153)) - IPC Server listener on 37894: starting
2019-09-25 05:44:15,732 [main] INFO  http.HttpServer2 (HttpServer2.java:bindListener(1191)) - Jetty bound to port 45363
2019-09-25 05:44:15,732 [main] INFO  server.Server (Server.java:doStart(351)) - jetty-9.3.25.v20180904, build timestamp: 2018-09-04T21:11:46Z, git hash: 3ce520221d0240229c862b122d2b06c12a625732
2019-09-25 05:44:15,734 [main] INFO  handler.ContextHandler (ContextHandler.java:doStart(781)) - Started o.e.j.s.ServletContextHandler@f3876ef{/logs,file:///workdir/hadoop-ozone/ozonefs/target/log,AVAILABLE}
2019-09-25 05:44:15,734 [main] INFO  handler.ContextHandler (ContextHandler.java:doStart(781)) - Started o.e.j.s.ServletContextHandler@df9d400{/static,jar:file:/home/user/.m2/repository/org/apache/hadoop/hadoop-hdds-server-scm/0.5.0-SNAPSHOT/hadoop-hdds-server-scm-0.5.0-SNAPSHOT.jar!/webapps/static,AVAILABLE}
2019-09-25 05:44:15,781 [main] INFO  handler.ContextHandler (ContextHandler.java:doStart(781)) - Started o.e.j.w.WebAppContext@241d1052{/,file:///tmp/jetty-0.0.0.0-45363-scm-_-any-5001858977909294949.dir/webapp/,AVAILABLE}{/scm}
2019-09-25 05:44:15,781 [main] INFO  server.AbstractConnector (AbstractConnector.java:doStart(278)) - Started ServerConnector@7b3c0ecb{HTTP/1.1,[http/1.1]}{0.0.0.0:45363}
2019-09-25 05:44:15,783 [main] INFO  server.Server (Server.java:doStart(419)) - Started @196672ms
2019-09-25 05:44:15,783 [main] WARN  impl.MetricsSystemImpl (MetricsSystemImpl.java:register(276)) - Sink prometheus already exists!
2019-09-25 05:44:15,784 [main] INFO  server.BaseHttpServer (BaseHttpServer.java:updateConnectorAddress(215)) - HTTP server of SCM is listening at http://0.0.0.0:45363
2019-09-25 05:44:15,785 [main] WARN  server.ServerUtils (ServerUtils.java:getDBPath(222)) - ozone.om.db.dirs is not configured. We recommend adding this setting. Falling back to ozone.metadata.dirs instead.
2019-09-25 05:44:15,787 [org.apache.hadoop.util.JvmPauseMonitor$Monitor@3006bfb] INFO  util.JvmPauseMonitor (JvmPauseMonitor.java:run(188)) - Starting JVM pause monitor
2019-09-25 05:44:15,801 [main] WARN  server.ServerUtils (ServerUtils.java:getDBPath(222)) - ozone.om.db.dirs is not configured. We recommend adding this setting. Falling back to ozone.metadata.dirs instead.
2019-09-25 05:44:15,801 [main] WARN  server.ServerUtils (ServerUtils.java:getDBPath(222)) - ozone.om.db.dirs is not configured. We recommend adding this setting. Falling back to ozone.metadata.dirs instead.
2019-09-25 05:44:15,802 [main] INFO  om.OzoneManager (OzoneManager.java:setOMNodeDetails(652)) - OM Service ID is not set. Setting it to the default ID: omServiceIdDefault
2019-09-25 05:44:15,802 [main] INFO  om.OzoneManager (OzoneManager.java:setOMNodeDetails(658)) - OM Node ID is not set. Setting it to the OmStorage's OmID: 7cffc811-d8c6-4f30-8229-2323d4e1b080
2019-09-25 05:44:15,802 [main] INFO  om.OzoneManager (OzoneManager.java:loadOMHAConfigs(609)) - Found matching OM address with OMServiceId: null, OMNodeId: null, RPC Address: localhost:0 and Ratis port: 9872
2019-09-25 05:44:15,813 [main] WARN  server.ServerUtils (ServerUtils.java:getDBPath(222)) - ozone.om.db.dirs is not configured. We recommend adding this setting. Falling back to ozone.metadata.dirs instead.
2019-09-25 05:44:15,814 [main] INFO  db.DBStoreBuilder (DBStoreBuilder.java:addTable(110)) - using custom profile for table: userTable
2019-09-25 05:44:15,814 [main] INFO  db.DBStoreBuilder (DBStoreBuilder.java:processTables(161)) - Using default column profile:DBProfile.DISK for Table:userTable
2019-09-25 05:44:15,814 [main] INFO  db.DBStoreBuilder (DBStoreBuilder.java:addTable(110)) - using custom profile for table: volumeTable
2019-09-25 05:44:15,814 [main] INFO  db.DBStoreBuilder (DBStoreBuilder.java:processTables(161)) - Using default column profile:DBProfile.DISK for Table:volumeTable
2019-09-25 05:44:15,815 [main] INFO  db.DBStoreBuilder (DBStoreBuilder.java:addTable(110)) - using custom profile for table: bucketTable
2019-09-25 05:44:15,815 [main] INFO  db.DBStoreBuilder (DBStoreBuilder.java:processTables(161)) - Using default column profile:DBProfile.DISK for Table:bucketTable
2019-09-25 05:44:15,815 [main] INFO  db.DBStoreBuilder (DBStoreBuilder.java:addTable(110)) - using custom profile for table: keyTable
2019-09-25 05:44:15,816 [main] INFO  db.DBStoreBuilder (DBStoreBuilder.java:processTables(161)) - Using default column profile:DBProfile.DISK for Table:keyTable
2019-09-25 05:44:15,816 [main] INFO  db.DBStoreBuilder (DBStoreBuilder.java:addTable(110)) - using custom profile for table: deletedTable
2019-09-25 05:44:15,816 [main] INFO  db.DBStoreBuilder (DBStoreBuilder.java:processTables(161)) - Using default column profile:DBProfile.DISK for Table:deletedTable
2019-09-25 05:44:15,816 [main] INFO  db.DBStoreBuilder (DBStoreBuilder.java:addTable(110)) - using custom profile for table: openKeyTable
2019-09-25 05:44:15,817 [main] INFO  db.DBStoreBuilder (DBStoreBuilder.java:processTables(161)) - Using default column profile:DBProfile.DISK for Table:openKeyTable
2019-09-25 05:44:15,817 [main] INFO  db.DBStoreBuilder (DBStoreBuilder.java:addTable(110)) - using custom profile for table: s3Table
2019-09-25 05:44:15,817 [main] INFO  db.DBStoreBuilder (DBStoreBuilder.java:processTables(161)) - Using default column profile:DBProfile.DISK for Table:s3Table
2019-09-25 05:44:15,817 [main] INFO  db.DBStoreBuilder (DBStoreBuilder.java:addTable(110)) - using custom profile for table: multipartInfoTable
2019-09-25 05:44:15,818 [main] INFO  db.DBStoreBuilder (DBStoreBuilder.java:processTables(161)) - Using default column profile:DBProfile.DISK for Table:multipartInfoTable
2019-09-25 05:44:15,818 [main] INFO  db.DBStoreBuilder (DBStoreBuilder.java:addTable(110)) - using custom profile for table: dTokenTable
2019-09-25 05:44:15,818 [main] INFO  db.DBStoreBuilder (DBStoreBuilder.java:processTables(161)) - Using default column profile:DBProfile.DISK for Table:dTokenTable
2019-09-25 05:44:15,818 [main] INFO  db.DBStoreBuilder (DBStoreBuilder.java:addTable(110)) - using custom profile for table: s3SecretTable
2019-09-25 05:44:15,819 [main] INFO  db.DBStoreBuilder (DBStoreBuilder.java:processTables(161)) - Using default column profile:DBProfile.DISK for Table:s3SecretTable
2019-09-25 05:44:15,819 [main] INFO  db.DBStoreBuilder (DBStoreBuilder.java:addTable(110)) - using custom profile for table: prefixTable
2019-09-25 05:44:15,819 [main] INFO  db.DBStoreBuilder (DBStoreBuilder.java:processTables(161)) - Using default column profile:DBProfile.DISK for Table:prefixTable
2019-09-25 05:44:15,820 [main] INFO  db.DBStoreBuilder (DBStoreBuilder.java:addTable(110)) - using custom profile for table: default
2019-09-25 05:44:15,820 [main] INFO  db.DBStoreBuilder (DBStoreBuilder.java:processTables(167)) - Using default column profile:DBProfile.DISK for Table:default
2019-09-25 05:44:15,820 [main] INFO  db.DBStoreBuilder (DBStoreBuilder.java:getDbProfile(198)) - Using default options. DBProfile.DISK
2019-09-25 05:44:16,216 [main] INFO  ipc.CallQueueManager (CallQueueManager.java:<init>(84)) - Using callQueue: class java.util.concurrent.LinkedBlockingQueue, queueCapacity: 2000, scheduler: class org.apache.hadoop.ipc.DefaultRpcScheduler, ipcBackoff: false.
2019-09-25 05:44:16,218 [Socket Reader #1 for port 44347] INFO  ipc.Server (Server.java:run(1074)) - Starting Socket Reader #1 for port 44347
2019-09-25 05:44:16,260 [main] INFO  om.OzoneManager (OzoneManager.java:start(1243)) - OzoneManager RPC server is listening at localhost/127.0.0.1:44347
2019-09-25 05:44:16,260 [main] INFO  impl.MetricsSystemImpl (MetricsSystemImpl.java:init(158)) - OzoneManager metrics system started (again)
2019-09-25 05:44:16,261 [IPC Server Responder] INFO  ipc.Server (Server.java:run(1314)) - IPC Server Responder: starting
2019-09-25 05:44:16,261 [IPC Server listener on 44347] INFO  ipc.Server (Server.java:run(1153)) - IPC Server listener on 44347: starting
2019-09-25 05:44:16,278 [main] INFO  hdfs.DFSUtil (DFSUtil.java:httpServerTemplateForNNAndJN(1641)) - Starting Web-server for ozoneManager at: http://0.0.0.0:0
2019-09-25 05:44:16,280 [main] INFO  server.AuthenticationFilter (AuthenticationFilter.java:constructSecretProvider(240)) - Unable to initialize FileSignerSecretProvider, falling back to use random secrets.
2019-09-25 05:44:16,281 [main] WARN  http.HttpRequestLog (HttpRequestLog.java:getRequestLog(97)) - Jetty request log can only be enabled using Log4j
2019-09-25 05:44:16,283 [main] INFO  http.HttpServer2 (HttpServer2.java:addGlobalFilter(975)) - Added global filter 'safety' (class=org.apache.hadoop.http.HttpServer2$QuotingInputFilter)
2019-09-25 05:44:16,284 [main] INFO  http.HttpServer2 (HttpServer2.java:addFilter(948)) - Added filter static_user_filter (class=org.apache.hadoop.http.lib.StaticUserWebFilter$StaticUserFilter) to context ozoneManager
2019-09-25 05:44:16,285 [main] INFO  http.HttpServer2 (HttpServer2.java:addFilter(958)) - Added filter static_user_filter (class=org.apache.hadoop.http.lib.StaticUserWebFilter$StaticUserFilter) to context static
2019-09-25 05:44:16,285 [main] INFO  http.HttpServer2 (HttpServer2.java:addFilter(958)) - Added filter static_user_filter (class=org.apache.hadoop.http.lib.StaticUserWebFilter$StaticUserFilter) to context logs
2019-09-25 05:44:16,286 [main] INFO  http.HttpServer2 (HttpServer2.java:bindListener(1191)) - Jetty bound to port 46239
2019-09-25 05:44:16,286 [main] INFO  server.Server (Server.java:doStart(351)) - jetty-9.3.25.v20180904, build timestamp: 2018-09-04T21:11:46Z, git hash: 3ce520221d0240229c862b122d2b06c12a625732
2019-09-25 05:44:16,288 [main] INFO  handler.ContextHandler (ContextHandler.java:doStart(781)) - Started o.e.j.s.ServletContextHandler@25421809{/logs,file:///workdir/hadoop-ozone/ozonefs/target/log,AVAILABLE}
2019-09-25 05:44:16,289 [main] INFO  handler.ContextHandler (ContextHandler.java:doStart(781)) - Started o.e.j.s.ServletContextHandler@6ac9b66b{/static,jar:file:/home/user/.m2/repository/org/apache/hadoop/hadoop-ozone-ozone-manager/0.5.0-SNAPSHOT/hadoop-ozone-ozone-manager-0.5.0-SNAPSHOT.jar!/webapps/static,AVAILABLE}
2019-09-25 05:44:16,356 [main] INFO  handler.ContextHandler (ContextHandler.java:doStart(781)) - Started o.e.j.w.WebAppContext@70697478{/,file:///tmp/jetty-0.0.0.0-46239-ozoneManager-_-any-8583097786260864110.dir/webapp/,AVAILABLE}{/ozoneManager}
2019-09-25 05:44:16,356 [main] INFO  server.AbstractConnector (AbstractConnector.java:doStart(278)) - Started ServerConnector@42b43a6{HTTP/1.1,[http/1.1]}{0.0.0.0:46239}
2019-09-25 05:44:16,356 [main] INFO  server.Server (Server.java:doStart(419)) - Started @197245ms
2019-09-25 05:44:16,358 [main] WARN  impl.MetricsSystemImpl (MetricsSystemImpl.java:register(276)) - Sink prometheus already exists!
2019-09-25 05:44:16,359 [main] INFO  server.BaseHttpServer (BaseHttpServer.java:updateConnectorAddress(215)) - HTTP server of OZONEMANAGER is listening at http://0.0.0.0:46239
2019-09-25 05:44:16,367 [main] INFO  impl.MetricsSystemImpl (MetricsSystemImpl.java:init(158)) - HddsDatanode metrics system started (again)
2019-09-25 05:44:16,379 [main] INFO  ozone.HddsDatanodeService (HddsDatanodeService.java:start(184)) - HddsDatanodeService host:pr-hdds-1569-zxpks-796972592 ip:192.168.5.161
2019-09-25 05:44:16,388 [main] INFO  volume.HddsVolume (HddsVolume.java:<init>(176)) - Creating Volume: /workdir/hadoop-ozone/ozonefs/target/test-dir/MiniOzoneClusterImpl-8a873c7d-0254-4d89-9d76-4b8349893ca9/datanode-0/data/containers/hdds of  storage type : DISK and capacity : 1482555576320
2019-09-25 05:44:16,388 [main] INFO  volume.VolumeSet (VolumeSet.java:initializeVolumeSet(170)) - Added Volume : /workdir/hadoop-ozone/ozonefs/target/test-dir/MiniOzoneClusterImpl-8a873c7d-0254-4d89-9d76-4b8349893ca9/datanode-0/data/containers/hdds to VolumeSet
2019-09-25 05:44:16,388 [main] INFO  volume.ThrottledAsyncChecker (ThrottledAsyncChecker.java:schedule(139)) - Scheduling a check for org.apache.hadoop.ozone.container.common.volume.HddsVolume@77eb607e
2019-09-25 05:44:16,389 [main] INFO  volume.HddsVolumeChecker (HddsVolumeChecker.java:checkAllVolumes(202)) - Scheduled health check for volume org.apache.hadoop.ozone.container.common.volume.HddsVolume@77eb607e
2019-09-25 05:44:16,412 [main] INFO  impl.RaftServerProxy (ConfUtils.java:logGet(43)) - raft.rpc.type = GRPC (default)
2019-09-25 05:44:16,412 [main] INFO  grpc.GrpcFactory (GrpcFactory.java:checkPooledByteBufAllocatorUseCacheForAllThreads(45)) - PERFORMANCE WARNING: useCacheForAllThreads is true that may cause Netty to create a lot garbage objects and, as a result, trigger GC.
	It is recommended to disable useCacheForAllThreads by setting -Dorg.apache.ratis.thirdparty.io.netty.allocator.useCacheForAllThreads=false in command line.
2019-09-25 05:44:16,412 [main] INFO  grpc.GrpcConfigKeys$Server (ConfUtils.java:logGet(43)) - raft.grpc.server.port = 0 (default)
2019-09-25 05:44:16,412 [main] INFO  server.GrpcService (ConfUtils.java:logGet(43)) - raft.grpc.message.size.max = 33570816 (custom)
2019-09-25 05:44:16,413 [main] INFO  server.RaftServerConfigKeys (ConfUtils.java:logGet(43)) - raft.server.log.appender.buffer.byte-limit = 33554432 (custom)
2019-09-25 05:44:16,413 [main] INFO  server.GrpcService (ConfUtils.java:logGet(43)) - raft.grpc.flow.control.window = 1MB (=1048576) (default)
2019-09-25 05:44:16,413 [main] INFO  server.RaftServerConfigKeys (ConfUtils.java:logGet(43)) - raft.server.rpc.request.timeout = 3000ms (default)
2019-09-25 05:44:16,414 [main] INFO  server.RaftServerConfigKeys (ConfUtils.java:logGet(43)) - raft.server.storage.dir = [/workdir/hadoop-ozone/ozonefs/target/test-dir/MiniOzoneClusterImpl-8a873c7d-0254-4d89-9d76-4b8349893ca9/datanode-0/data/ratis] (custom)
2019-09-25 05:44:16,415 [main] INFO  hdfs.DFSUtil (DFSUtil.java:httpServerTemplateForNNAndJN(1641)) - Starting Web-server for hddsDatanode at: http://0.0.0.0:0
2019-09-25 05:44:16,416 [main] INFO  server.AuthenticationFilter (AuthenticationFilter.java:constructSecretProvider(240)) - Unable to initialize FileSignerSecretProvider, falling back to use random secrets.
2019-09-25 05:44:16,417 [main] WARN  http.HttpRequestLog (HttpRequestLog.java:getRequestLog(97)) - Jetty request log can only be enabled using Log4j
2019-09-25 05:44:16,418 [main] INFO  http.HttpServer2 (HttpServer2.java:addGlobalFilter(975)) - Added global filter 'safety' (class=org.apache.hadoop.http.HttpServer2$QuotingInputFilter)
2019-09-25 05:44:16,419 [main] INFO  http.HttpServer2 (HttpServer2.java:addFilter(948)) - Added filter static_user_filter (class=org.apache.hadoop.http.lib.StaticUserWebFilter$StaticUserFilter) to context hddsDatanode
2019-09-25 05:44:16,419 [main] INFO  http.HttpServer2 (HttpServer2.java:addFilter(958)) - Added filter static_user_filter (class=org.apache.hadoop.http.lib.StaticUserWebFilter$StaticUserFilter) to context logs
2019-09-25 05:44:16,419 [main] INFO  http.HttpServer2 (HttpServer2.java:addFilter(958)) - Added filter static_user_filter (class=org.apache.hadoop.http.lib.StaticUserWebFilter$StaticUserFilter) to context static
2019-09-25 05:44:16,420 [main] INFO  http.HttpServer2 (HttpServer2.java:bindListener(1191)) - Jetty bound to port 42646
2019-09-25 05:44:16,420 [main] INFO  server.Server (Server.java:doStart(351)) - jetty-9.3.25.v20180904, build timestamp: 2018-09-04T21:11:46Z, git hash: 3ce520221d0240229c862b122d2b06c12a625732
2019-09-25 05:44:16,422 [main] INFO  handler.ContextHandler (ContextHandler.java:doStart(781)) - Started o.e.j.s.ServletContextHandler@65ef9a0a{/logs,file:///workdir/hadoop-ozone/ozonefs/target/log,AVAILABLE}
2019-09-25 05:44:16,422 [main] INFO  handler.ContextHandler (ContextHandler.java:doStart(781)) - Started o.e.j.s.ServletContextHandler@77e6761f{/static,jar:file:/home/user/.m2/repository/org/apache/hadoop/hadoop-hdds-container-service/0.5.0-SNAPSHOT/hadoop-hdds-container-service-0.5.0-SNAPSHOT.jar!/webapps/static,AVAILABLE}
2019-09-25 05:44:16,450 [main] INFO  handler.ContextHandler (ContextHandler.java:doStart(781)) - Started o.e.j.w.WebAppContext@5788722f{/,file:///tmp/jetty-0.0.0.0-42646-hddsDatanode-_-any-6710754825647352511.dir/webapp/,AVAILABLE}{/hddsDatanode}
2019-09-25 05:44:16,450 [main] INFO  server.AbstractConnector (AbstractConnector.java:doStart(278)) - Started ServerConnector@7a730479{HTTP/1.1,[http/1.1]}{0.0.0.0:42646}
2019-09-25 05:44:16,450 [main] INFO  server.Server (Server.java:doStart(419)) - Started @197339ms
2019-09-25 05:44:16,452 [main] WARN  impl.MetricsSystemImpl (MetricsSystemImpl.java:register(276)) - Sink prometheus already exists!
2019-09-25 05:44:16,453 [main] INFO  server.BaseHttpServer (BaseHttpServer.java:updateConnectorAddress(215)) - HTTP server of HDDSDATANODE is listening at http://0.0.0.0:42646
2019-09-25 05:44:16,453 [main] INFO  impl.MetricsSystemImpl (MetricsSystemImpl.java:init(158)) - HddsDatanode metrics system started (again)
2019-09-25 05:44:16,463 [org.apache.hadoop.util.JvmPauseMonitor$Monitor@2611659a] INFO  util.JvmPauseMonitor (JvmPauseMonitor.java:run(188)) - Starting JVM pause monitor
2019-09-25 05:44:16,464 [main] INFO  ozone.HddsDatanodeService (HddsDatanodeService.java:start(184)) - HddsDatanodeService host:pr-hdds-1569-zxpks-796972592 ip:192.168.5.161
2019-09-25 05:44:16,465 [Datanode State Machine Thread - 0] INFO  datanode.InitDatanodeState (InitDatanodeState.java:persistContainerDatanodeDetails(140)) - DatanodeDetails is persisted to /workdir/hadoop-ozone/ozonefs/target/test-dir/MiniOzoneClusterImpl-8a873c7d-0254-4d89-9d76-4b8349893ca9/datanode-0/meta/datanode.id
2019-09-25 05:44:16,472 [main] INFO  volume.HddsVolume (HddsVolume.java:<init>(176)) - Creating Volume: /workdir/hadoop-ozone/ozonefs/target/test-dir/MiniOzoneClusterImpl-8a873c7d-0254-4d89-9d76-4b8349893ca9/datanode-1/data/containers/hdds of  storage type : DISK and capacity : 1482555576320
2019-09-25 05:44:16,472 [main] INFO  volume.VolumeSet (VolumeSet.java:initializeVolumeSet(170)) - Added Volume : /workdir/hadoop-ozone/ozonefs/target/test-dir/MiniOzoneClusterImpl-8a873c7d-0254-4d89-9d76-4b8349893ca9/datanode-1/data/containers/hdds to VolumeSet
2019-09-25 05:44:16,472 [main] INFO  volume.ThrottledAsyncChecker (ThrottledAsyncChecker.java:schedule(139)) - Scheduling a check for org.apache.hadoop.ozone.container.common.volume.HddsVolume@4e9e0c6
2019-09-25 05:44:16,472 [main] INFO  volume.HddsVolumeChecker (HddsVolumeChecker.java:checkAllVolumes(202)) - Scheduled health check for volume org.apache.hadoop.ozone.container.common.volume.HddsVolume@4e9e0c6
2019-09-25 05:44:16,493 [main] INFO  impl.RaftServerProxy (ConfUtils.java:logGet(43)) - raft.rpc.type = GRPC (default)
2019-09-25 05:44:16,493 [main] INFO  grpc.GrpcFactory (GrpcFactory.java:checkPooledByteBufAllocatorUseCacheForAllThreads(45)) - PERFORMANCE WARNING: useCacheForAllThreads is true that may cause Netty to create a lot garbage objects and, as a result, trigger GC.
	It is recommended to disable useCacheForAllThreads by setting -Dorg.apache.ratis.thirdparty.io.netty.allocator.useCacheForAllThreads=false in command line.
2019-09-25 05:44:16,493 [main] INFO  grpc.GrpcConfigKeys$Server (ConfUtils.java:logGet(43)) - raft.grpc.server.port = 0 (default)
2019-09-25 05:44:16,493 [main] INFO  server.GrpcService (ConfUtils.java:logGet(43)) - raft.grpc.message.size.max = 33570816 (custom)
2019-09-25 05:44:16,493 [main] INFO  server.RaftServerConfigKeys (ConfUtils.java:logGet(43)) - raft.server.log.appender.buffer.byte-limit = 33554432 (custom)
2019-09-25 05:44:16,494 [main] INFO  server.GrpcService (ConfUtils.java:logGet(43)) - raft.grpc.flow.control.window = 1MB (=1048576) (default)
2019-09-25 05:44:16,494 [main] INFO  server.RaftServerConfigKeys (ConfUtils.java:logGet(43)) - raft.server.rpc.request.timeout = 3000ms (default)
2019-09-25 05:44:16,494 [main] INFO  server.RaftServerConfigKeys (ConfUtils.java:logGet(43)) - raft.server.storage.dir = [/workdir/hadoop-ozone/ozonefs/target/test-dir/MiniOzoneClusterImpl-8a873c7d-0254-4d89-9d76-4b8349893ca9/datanode-1/data/ratis] (custom)
2019-09-25 05:44:16,495 [main] INFO  hdfs.DFSUtil (DFSUtil.java:httpServerTemplateForNNAndJN(1641)) - Starting Web-server for hddsDatanode at: http://0.0.0.0:0
2019-09-25 05:44:16,496 [main] INFO  server.AuthenticationFilter (AuthenticationFilter.java:constructSecretProvider(240)) - Unable to initialize FileSignerSecretProvider, falling back to use random secrets.
2019-09-25 05:44:16,497 [main] WARN  http.HttpRequestLog (HttpRequestLog.java:getRequestLog(97)) - Jetty request log can only be enabled using Log4j
2019-09-25 05:44:16,498 [main] INFO  http.HttpServer2 (HttpServer2.java:addGlobalFilter(975)) - Added global filter 'safety' (class=org.apache.hadoop.http.HttpServer2$QuotingInputFilter)
2019-09-25 05:44:16,498 [main] INFO  http.HttpServer2 (HttpServer2.java:addFilter(948)) - Added filter static_user_filter (class=org.apache.hadoop.http.lib.StaticUserWebFilter$StaticUserFilter) to context hddsDatanode
2019-09-25 05:44:16,499 [main] INFO  http.HttpServer2 (HttpServer2.java:addFilter(958)) - Added filter static_user_filter (class=org.apache.hadoop.http.lib.StaticUserWebFilter$StaticUserFilter) to context static
2019-09-25 05:44:16,499 [main] INFO  http.HttpServer2 (HttpServer2.java:addFilter(958)) - Added filter static_user_filter (class=org.apache.hadoop.http.lib.StaticUserWebFilter$StaticUserFilter) to context logs
2019-09-25 05:44:16,499 [main] INFO  http.HttpServer2 (HttpServer2.java:bindListener(1191)) - Jetty bound to port 33152
2019-09-25 05:44:16,499 [main] INFO  server.Server (Server.java:doStart(351)) - jetty-9.3.25.v20180904, build timestamp: 2018-09-04T21:11:46Z, git hash: 3ce520221d0240229c862b122d2b06c12a625732
2019-09-25 05:44:16,501 [main] INFO  handler.ContextHandler (ContextHandler.java:doStart(781)) - Started o.e.j.s.ServletContextHandler@638977e0{/logs,file:///workdir/hadoop-ozone/ozonefs/target/log,AVAILABLE}
2019-09-25 05:44:16,501 [main] INFO  handler.ContextHandler (ContextHandler.java:doStart(781)) - Started o.e.j.s.ServletContextHandler@2c1a8529{/static,jar:file:/home/user/.m2/repository/org/apache/hadoop/hadoop-hdds-container-service/0.5.0-SNAPSHOT/hadoop-hdds-container-service-0.5.0-SNAPSHOT.jar!/webapps/static,AVAILABLE}
2019-09-25 05:44:16,529 [main] INFO  handler.ContextHandler (ContextHandler.java:doStart(781)) - Started o.e.j.w.WebAppContext@7ee2423{/,file:///tmp/jetty-0.0.0.0-33152-hddsDatanode-_-any-5021267670437008008.dir/webapp/,AVAILABLE}{/hddsDatanode}
2019-09-25 05:44:16,529 [main] INFO  server.AbstractConnector (AbstractConnector.java:doStart(278)) - Started ServerConnector@343d1d25{HTTP/1.1,[http/1.1]}{0.0.0.0:33152}
2019-09-25 05:44:16,530 [main] INFO  server.Server (Server.java:doStart(419)) - Started @197418ms
2019-09-25 05:44:16,533 [main] WARN  impl.MetricsSystemImpl (MetricsSystemImpl.java:register(276)) - Sink prometheus already exists!
2019-09-25 05:44:16,533 [main] INFO  server.BaseHttpServer (BaseHttpServer.java:updateConnectorAddress(215)) - HTTP server of HDDSDATANODE is listening at http://0.0.0.0:33152
2019-09-25 05:44:16,534 [main] INFO  impl.MetricsSystemImpl (MetricsSystemImpl.java:init(158)) - HddsDatanode metrics system started (again)
2019-09-25 05:44:16,545 [org.apache.hadoop.util.JvmPauseMonitor$Monitor@9c52dcd] INFO  util.JvmPauseMonitor (JvmPauseMonitor.java:run(188)) - Starting JVM pause monitor
2019-09-25 05:44:16,546 [main] INFO  ozone.HddsDatanodeService (HddsDatanodeService.java:start(184)) - HddsDatanodeService host:pr-hdds-1569-zxpks-796972592 ip:192.168.5.161
2019-09-25 05:44:16,547 [Datanode State Machine Thread - 0] INFO  datanode.InitDatanodeState (InitDatanodeState.java:persistContainerDatanodeDetails(140)) - DatanodeDetails is persisted to /workdir/hadoop-ozone/ozonefs/target/test-dir/MiniOzoneClusterImpl-8a873c7d-0254-4d89-9d76-4b8349893ca9/datanode-1/meta/datanode.id
2019-09-25 05:44:16,553 [main] INFO  volume.HddsVolume (HddsVolume.java:<init>(176)) - Creating Volume: /workdir/hadoop-ozone/ozonefs/target/test-dir/MiniOzoneClusterImpl-8a873c7d-0254-4d89-9d76-4b8349893ca9/datanode-2/data/containers/hdds of  storage type : DISK and capacity : 1482555576320
2019-09-25 05:44:16,553 [main] INFO  volume.VolumeSet (VolumeSet.java:initializeVolumeSet(170)) - Added Volume : /workdir/hadoop-ozone/ozonefs/target/test-dir/MiniOzoneClusterImpl-8a873c7d-0254-4d89-9d76-4b8349893ca9/datanode-2/data/containers/hdds to VolumeSet
2019-09-25 05:44:16,553 [main] INFO  volume.ThrottledAsyncChecker (ThrottledAsyncChecker.java:schedule(139)) - Scheduling a check for org.apache.hadoop.ozone.container.common.volume.HddsVolume@5eb2972f
2019-09-25 05:44:16,554 [main] INFO  volume.HddsVolumeChecker (HddsVolumeChecker.java:checkAllVolumes(202)) - Scheduled health check for volume org.apache.hadoop.ozone.container.common.volume.HddsVolume@5eb2972f
2019-09-25 05:44:16,573 [main] INFO  impl.RaftServerProxy (ConfUtils.java:logGet(43)) - raft.rpc.type = GRPC (default)
2019-09-25 05:44:16,573 [main] INFO  grpc.GrpcFactory (GrpcFactory.java:checkPooledByteBufAllocatorUseCacheForAllThreads(45)) - PERFORMANCE WARNING: useCacheForAllThreads is true that may cause Netty to create a lot garbage objects and, as a result, trigger GC.
	It is recommended to disable useCacheForAllThreads by setting -Dorg.apache.ratis.thirdparty.io.netty.allocator.useCacheForAllThreads=false in command line.
2019-09-25 05:44:16,574 [main] INFO  grpc.GrpcConfigKeys$Server (ConfUtils.java:logGet(43)) - raft.grpc.server.port = 0 (default)
2019-09-25 05:44:16,574 [main] INFO  server.GrpcService (ConfUtils.java:logGet(43)) - raft.grpc.message.size.max = 33570816 (custom)
2019-09-25 05:44:16,574 [main] INFO  server.RaftServerConfigKeys (ConfUtils.java:logGet(43)) - raft.server.log.appender.buffer.byte-limit = 33554432 (custom)
2019-09-25 05:44:16,574 [main] INFO  server.GrpcService (ConfUtils.java:logGet(43)) - raft.grpc.flow.control.window = 1MB (=1048576) (default)
2019-09-25 05:44:16,574 [main] INFO  server.RaftServerConfigKeys (ConfUtils.java:logGet(43)) - raft.server.rpc.request.timeout = 3000ms (default)
2019-09-25 05:44:16,575 [main] INFO  server.RaftServerConfigKeys (ConfUtils.java:logGet(43)) - raft.server.storage.dir = [/workdir/hadoop-ozone/ozonefs/target/test-dir/MiniOzoneClusterImpl-8a873c7d-0254-4d89-9d76-4b8349893ca9/datanode-2/data/ratis] (custom)
2019-09-25 05:44:16,576 [main] INFO  hdfs.DFSUtil (DFSUtil.java:httpServerTemplateForNNAndJN(1641)) - Starting Web-server for hddsDatanode at: http://0.0.0.0:0
2019-09-25 05:44:16,577 [main] INFO  server.AuthenticationFilter (AuthenticationFilter.java:constructSecretProvider(240)) - Unable to initialize FileSignerSecretProvider, falling back to use random secrets.
2019-09-25 05:44:16,578 [main] WARN  http.HttpRequestLog (HttpRequestLog.java:getRequestLog(97)) - Jetty request log can only be enabled using Log4j
2019-09-25 05:44:16,579 [main] INFO  http.HttpServer2 (HttpServer2.java:addGlobalFilter(975)) - Added global filter 'safety' (class=org.apache.hadoop.http.HttpServer2$QuotingInputFilter)
2019-09-25 05:44:16,580 [main] INFO  http.HttpServer2 (HttpServer2.java:addFilter(948)) - Added filter static_user_filter (class=org.apache.hadoop.http.lib.StaticUserWebFilter$StaticUserFilter) to context hddsDatanode
2019-09-25 05:44:16,580 [main] INFO  http.HttpServer2 (HttpServer2.java:addFilter(958)) - Added filter static_user_filter (class=org.apache.hadoop.http.lib.StaticUserWebFilter$StaticUserFilter) to context static
2019-09-25 05:44:16,580 [main] INFO  http.HttpServer2 (HttpServer2.java:addFilter(958)) - Added filter static_user_filter (class=org.apache.hadoop.http.lib.StaticUserWebFilter$StaticUserFilter) to context logs
2019-09-25 05:44:16,581 [main] INFO  http.HttpServer2 (HttpServer2.java:bindListener(1191)) - Jetty bound to port 34757
2019-09-25 05:44:16,581 [main] INFO  server.Server (Server.java:doStart(351)) - jetty-9.3.25.v20180904, build timestamp: 2018-09-04T21:11:46Z, git hash: 3ce520221d0240229c862b122d2b06c12a625732
2019-09-25 05:44:16,582 [main] INFO  handler.ContextHandler (ContextHandler.java:doStart(781)) - Started o.e.j.s.ServletContextHandler@578b2dec{/logs,file:///workdir/hadoop-ozone/ozonefs/target/log,AVAILABLE}
2019-09-25 05:44:16,583 [main] INFO  handler.ContextHandler (ContextHandler.java:doStart(781)) - Started o.e.j.s.ServletContextHandler@39f4a7c4{/static,jar:file:/home/user/.m2/repository/org/apache/hadoop/hadoop-hdds-container-service/0.5.0-SNAPSHOT/hadoop-hdds-container-service-0.5.0-SNAPSHOT.jar!/webapps/static,AVAILABLE}
2019-09-25 05:44:16,621 [main] INFO  handler.ContextHandler (ContextHandler.java:doStart(781)) - Started o.e.j.w.WebAppContext@569a26ab{/,file:///tmp/jetty-0.0.0.0-34757-hddsDatanode-_-any-2380993748631706046.dir/webapp/,AVAILABLE}{/hddsDatanode}
2019-09-25 05:44:16,622 [main] INFO  server.AbstractConnector (AbstractConnector.java:doStart(278)) - Started ServerConnector@c190cfc{HTTP/1.1,[http/1.1]}{0.0.0.0:34757}
2019-09-25 05:44:16,622 [main] INFO  server.Server (Server.java:doStart(419)) - Started @197510ms
2019-09-25 05:44:16,625 [main] WARN  impl.MetricsSystemImpl (MetricsSystemImpl.java:register(276)) - Sink prometheus already exists!
2019-09-25 05:44:16,625 [main] INFO  server.BaseHttpServer (BaseHttpServer.java:updateConnectorAddress(215)) - HTTP server of HDDSDATANODE is listening at http://0.0.0.0:34757
2019-09-25 05:44:16,625 [main] INFO  ozone.MiniOzoneClusterImpl (MiniOzoneClusterImpl.java:lambda$waitForClusterToBeReady$0(147)) - Waiting for cluster to be ready. Got 0 of 3 DN Heartbeats.
2019-09-25 05:44:16,627 [org.apache.hadoop.util.JvmPauseMonitor$Monitor@20635a2b] INFO  util.JvmPauseMonitor (JvmPauseMonitor.java:run(188)) - Starting JVM pause monitor
2019-09-25 05:44:16,628 [Datanode State Machine Thread - 0] INFO  datanode.InitDatanodeState (InitDatanodeState.java:persistContainerDatanodeDetails(140)) - DatanodeDetails is persisted to /workdir/hadoop-ozone/ozonefs/target/test-dir/MiniOzoneClusterImpl-8a873c7d-0254-4d89-9d76-4b8349893ca9/datanode-2/meta/datanode.id
2019-09-25 05:44:17,626 [main] INFO  ozone.MiniOzoneClusterImpl (MiniOzoneClusterImpl.java:lambda$waitForClusterToBeReady$0(147)) - Waiting for cluster to be ready. Got 0 of 3 DN Heartbeats.
2019-09-25 05:44:18,508 [Datanode State Machine Thread - 0] INFO  ozoneimpl.OzoneContainer (OzoneContainer.java:start(217)) - Attempting to start container services.
2019-09-25 05:44:18,509 [Datanode State Machine Thread - 0] INFO  ozoneimpl.OzoneContainer (OzoneContainer.java:startContainerScrub(179)) - Background container scanner has been disabled.
2019-09-25 05:44:18,509 [Datanode State Machine Thread - 0] INFO  ratis.XceiverServerRatis (XceiverServerRatis.java:start(411)) - Starting XceiverServerRatis f282a92e-c7a5-4658-9c35-ca03b5a63ea2 at port 0
2019-09-25 05:44:18,516 [Datanode State Machine Thread - 0] INFO  impl.RaftServerProxy (RaftServerProxy.java:lambda$start$3(299)) - f282a92e-c7a5-4658-9c35-ca03b5a63ea2: start RPC server
2019-09-25 05:44:18,519 [Datanode State Machine Thread - 0] INFO  server.GrpcService (GrpcService.java:startImpl(158)) - f282a92e-c7a5-4658-9c35-ca03b5a63ea2: GrpcService started, listening on 0.0.0.0/0.0.0.0:42213
2019-09-25 05:44:18,519 [Datanode State Machine Thread - 0] INFO  ratis.XceiverServerRatis (XceiverServerRatis.java:start(421)) - XceiverServerRatis f282a92e-c7a5-4658-9c35-ca03b5a63ea2 is started using port 42213
2019-09-25 05:44:18,519 [Datanode State Machine Thread - 0] INFO  server.XceiverServerGrpc (XceiverServerGrpc.java:start(149)) - XceiverServerGrpc f282a92e-c7a5-4658-9c35-ca03b5a63ea2 is started using port 43401
2019-09-25 05:44:18,562 [Datanode State Machine Thread - 0] INFO  ozoneimpl.OzoneContainer (OzoneContainer.java:start(217)) - Attempting to start container services.
2019-09-25 05:44:18,562 [Datanode State Machine Thread - 0] INFO  ozoneimpl.OzoneContainer (OzoneContainer.java:startContainerScrub(179)) - Background container scanner has been disabled.
2019-09-25 05:44:18,562 [Datanode State Machine Thread - 0] INFO  ratis.XceiverServerRatis (XceiverServerRatis.java:start(411)) - Starting XceiverServerRatis e55ccedd-a9fb-450d-a5f3-f296d15c6aa8 at port 0
2019-09-25 05:44:18,570 [Datanode State Machine Thread - 0] INFO  impl.RaftServerProxy (RaftServerProxy.java:lambda$start$3(299)) - e55ccedd-a9fb-450d-a5f3-f296d15c6aa8: start RPC server
2019-09-25 05:44:18,582 [Datanode State Machine Thread - 0] INFO  server.GrpcService (GrpcService.java:startImpl(158)) - e55ccedd-a9fb-450d-a5f3-f296d15c6aa8: GrpcService started, listening on 0.0.0.0/0.0.0.0:45208
2019-09-25 05:44:18,582 [Datanode State Machine Thread - 0] INFO  ratis.XceiverServerRatis (XceiverServerRatis.java:start(421)) - XceiverServerRatis e55ccedd-a9fb-450d-a5f3-f296d15c6aa8 is started using port 45208
2019-09-25 05:44:18,582 [Datanode State Machine Thread - 0] INFO  server.XceiverServerGrpc (XceiverServerGrpc.java:start(149)) - XceiverServerGrpc e55ccedd-a9fb-450d-a5f3-f296d15c6aa8 is started using port 46109
2019-09-25 05:44:18,627 [main] INFO  ozone.MiniOzoneClusterImpl (MiniOzoneClusterImpl.java:lambda$waitForClusterToBeReady$0(147)) - Waiting for cluster to be ready. Got 0 of 3 DN Heartbeats.
2019-09-25 05:44:18,640 [Datanode State Machine Thread - 0] INFO  ozoneimpl.OzoneContainer (OzoneContainer.java:start(217)) - Attempting to start container services.
2019-09-25 05:44:18,641 [Datanode State Machine Thread - 0] INFO  ozoneimpl.OzoneContainer (OzoneContainer.java:startContainerScrub(179)) - Background container scanner has been disabled.
2019-09-25 05:44:18,641 [Datanode State Machine Thread - 0] INFO  ratis.XceiverServerRatis (XceiverServerRatis.java:start(411)) - Starting XceiverServerRatis 138a7143-15fe-4753-bfe7-f24402fccca7 at port 0
2019-09-25 05:44:18,650 [Datanode State Machine Thread - 0] INFO  impl.RaftServerProxy (RaftServerProxy.java:lambda$start$3(299)) - 138a7143-15fe-4753-bfe7-f24402fccca7: start RPC server
2019-09-25 05:44:18,653 [Datanode State Machine Thread - 0] INFO  server.GrpcService (GrpcService.java:startImpl(158)) - 138a7143-15fe-4753-bfe7-f24402fccca7: GrpcService started, listening on 0.0.0.0/0.0.0.0:37623
2019-09-25 05:44:18,653 [Datanode State Machine Thread - 0] INFO  ratis.XceiverServerRatis (XceiverServerRatis.java:start(421)) - XceiverServerRatis 138a7143-15fe-4753-bfe7-f24402fccca7 is started using port 37623
2019-09-25 05:44:18,656 [Datanode State Machine Thread - 0] INFO  server.XceiverServerGrpc (XceiverServerGrpc.java:start(149)) - XceiverServerGrpc 138a7143-15fe-4753-bfe7-f24402fccca7 is started using port 46628
2019-09-25 05:44:19,627 [main] INFO  ozone.MiniOzoneClusterImpl (MiniOzoneClusterImpl.java:lambda$waitForClusterToBeReady$0(147)) - Waiting for cluster to be ready. Got 0 of 3 DN Heartbeats.
2019-09-25 05:44:20,470 [IPC Server handler 3 on 37894] INFO  net.NetworkTopology (NetworkTopologyImpl.java:add(111)) - Added a new node: /default-rack/f282a92e-c7a5-4658-9c35-ca03b5a63ea2
2019-09-25 05:44:20,474 [IPC Server handler 3 on 37894] INFO  node.SCMNodeManager (SCMNodeManager.java:register(266)) - Registered Data node : f282a92e-c7a5-4658-9c35-ca03b5a63ea2{ip: 192.168.5.161, host: pr-hdds-1569-zxpks-796972592, networkLocation: /default-rack, certSerialId: null}
2019-09-25 05:44:20,475 [EventQueue-NodeRegistrationContainerReportForDataNodeSafeModeRule] INFO  safemode.SCMSafeModeManager (DataNodeSafeModeRule.java:process(71)) - SCM in safe mode. 1 DataNodes registered, 1 required.
2019-09-25 05:44:20,478 [EventQueue-NodeRegistrationContainerReportForDataNodeSafeModeRule] INFO  safemode.SCMSafeModeManager (SCMSafeModeManager.java:validateSafeModeExitRules(177)) - ScmSafeModeManager, all rules are successfully validated
2019-09-25 05:44:20,478 [EventQueue-NodeRegistrationContainerReportForDataNodeSafeModeRule] INFO  safemode.SCMSafeModeManager (SCMSafeModeManager.java:exitSafeMode(193)) - SCM exiting safe mode.
2019-09-25 05:44:20,490 [grpc-default-executor-0] INFO  impl.RaftServerProxy (RaftServerProxy.java:addNew(89)) - f282a92e-c7a5-4658-9c35-ca03b5a63ea2: addNew group-008A9ED56F49:[f282a92e-c7a5-4658-9c35-ca03b5a63ea2:192.168.5.161:42213] returns group-008A9ED56F49:java.util.concurrent.CompletableFuture@60eb2500[Not completed]
2019-09-25 05:44:20,492 [pool-577-thread-1] INFO  impl.RaftServerImpl (RaftServerImpl.java:<init>(95)) - f282a92e-c7a5-4658-9c35-ca03b5a63ea2: new RaftServerImpl for group-008A9ED56F49:[f282a92e-c7a5-4658-9c35-ca03b5a63ea2:192.168.5.161:42213] with ContainerStateMachine:uninitialized
2019-09-25 05:44:20,492 [pool-577-thread-1] INFO  server.RaftServerConfigKeys (ConfUtils.java:logGet(43)) - raft.server.rpc.timeout.min = 5s (custom)
2019-09-25 05:44:20,492 [pool-577-thread-1] INFO  server.RaftServerConfigKeys (ConfUtils.java:logGet(43)) - raft.server.rpc.timeout.max = 5200ms (custom)
2019-09-25 05:44:20,492 [pool-577-thread-1] INFO  server.RaftServerConfigKeys (ConfUtils.java:logGet(43)) - raft.server.rpcslowness.timeout = 120s (custom)
2019-09-25 05:44:20,492 [pool-577-thread-1] INFO  server.RaftServerConfigKeys (ConfUtils.java:logGet(43)) - raft.server.sleep.deviation.threshold = 300 (default)
2019-09-25 05:44:20,493 [pool-577-thread-1] INFO  server.RaftServerConfigKeys (ConfUtils.java:logGet(43)) - raft.server.log.appender.install.snapshot.enabled = false (custom)
2019-09-25 05:44:20,493 [pool-577-thread-1] INFO  impl.RaftServerImpl (ServerState.java:<init>(103)) - f282a92e-c7a5-4658-9c35-ca03b5a63ea2@group-008A9ED56F49: ConfigurationManager, init=-1: [f282a92e-c7a5-4658-9c35-ca03b5a63ea2:192.168.5.161:42213], old=null, confs=<EMPTY_MAP>
2019-09-25 05:44:20,493 [pool-577-thread-1] INFO  server.RaftServerConfigKeys (ConfUtils.java:logGet(43)) - raft.server.storage.dir = [/workdir/hadoop-ozone/ozonefs/target/test-dir/MiniOzoneClusterImpl-8a873c7d-0254-4d89-9d76-4b8349893ca9/datanode-0/data/ratis] (custom)
2019-09-25 05:44:20,494 [pool-577-thread-1] INFO  storage.RaftStorageDirectory (RaftStorageDirectory.java:analyzeStorage(246)) - The storage directory /workdir/hadoop-ozone/ozonefs/target/test-dir/MiniOzoneClusterImpl-8a873c7d-0254-4d89-9d76-4b8349893ca9/datanode-0/data/ratis/24fb8c0c-a12d-4903-b5c0-008a9ed56f49 does not exist. Creating ...
2019-09-25 05:44:20,507 [pool-577-thread-1] INFO  storage.RaftStorageDirectory (RaftStorageDirectory.java:tryLock(328)) - Lock on /workdir/hadoop-ozone/ozonefs/target/test-dir/MiniOzoneClusterImpl-8a873c7d-0254-4d89-9d76-4b8349893ca9/datanode-0/data/ratis/24fb8c0c-a12d-4903-b5c0-008a9ed56f49/in_use.lock acquired by nodename 26555@pr-hdds-1569-zxpks-796972592
2019-09-25 05:44:20,534 [pool-577-thread-1] INFO  storage.RaftStorage (RaftStorage.java:format(72)) - Storage directory /workdir/hadoop-ozone/ozonefs/target/test-dir/MiniOzoneClusterImpl-8a873c7d-0254-4d89-9d76-4b8349893ca9/datanode-0/data/ratis/24fb8c0c-a12d-4903-b5c0-008a9ed56f49 has been successfully formatted.
2019-09-25 05:44:20,534 [pool-577-thread-1] INFO  ratis.ContainerStateMachine (ContainerStateMachine.java:loadSnapshot(230)) - group-008A9ED56F49: The snapshot info is null. Setting the last applied indexto:(t:0, i:~)
2019-09-25 05:44:20,535 [pool-577-thread-1] INFO  server.RaftServerConfigKeys (ConfUtils.java:logGet(43)) - raft.server.notification.no-leader.timeout = 120s (custom)
2019-09-25 05:44:20,535 [pool-577-thread-1] INFO  server.RaftServerConfigKeys (ConfUtils.java:logGet(43)) - raft.server.log.use.memory = false (default)
2019-09-25 05:44:20,535 [pool-577-thread-1] INFO  server.RaftServerConfigKeys (ConfUtils.java:logGet(43)) - raft.server.log.purge.gap = 1000000 (custom)
2019-09-25 05:44:20,535 [pool-577-thread-1] INFO  server.RaftServerConfigKeys (ConfUtils.java:logGet(43)) - raft.server.log.appender.buffer.byte-limit = 33554432 (custom)
2019-09-25 05:44:20,535 [pool-577-thread-1] INFO  server.RaftServerConfigKeys (ConfUtils.java:logGet(43)) - raft.server.log.segment.size.max = 1048576 (custom)
2019-09-25 05:44:20,536 [pool-577-thread-1] INFO  server.RaftServerConfigKeys (ConfUtils.java:logGet(43)) - raft.server.log.segment.cache.num.max = 2 (custom)
2019-09-25 05:44:20,536 [pool-577-thread-1] INFO  segmented.SegmentedRaftLogWorker (SegmentedRaftLogWorker.java:<init>(172)) - new f282a92e-c7a5-4658-9c35-ca03b5a63ea2@group-008A9ED56F49-SegmentedRaftLogWorker for RaftStorage:Storage Directory /workdir/hadoop-ozone/ozonefs/target/test-dir/MiniOzoneClusterImpl-8a873c7d-0254-4d89-9d76-4b8349893ca9/datanode-0/data/ratis/24fb8c0c-a12d-4903-b5c0-008a9ed56f49
2019-09-25 05:44:20,538 [pool-577-thread-1] INFO  server.RaftServerConfigKeys (ConfUtils.java:logGet(43)) - raft.server.log.queue.byte-limit = 2147483647 (custom)
2019-09-25 05:44:20,538 [pool-577-thread-1] INFO  server.RaftServerConfigKeys (ConfUtils.java:logGet(43)) - raft.server.log.queue.element-limit = 1024 (custom)
2019-09-25 05:44:20,538 [pool-577-thread-1] INFO  server.RaftServerConfigKeys (ConfUtils.java:logGet(43)) - raft.server.log.segment.size.max = 1048576 (custom)
2019-09-25 05:44:20,538 [pool-577-thread-1] INFO  server.RaftServerConfigKeys (ConfUtils.java:logGet(43)) - raft.server.log.preallocated.size = 16384 (custom)
2019-09-25 05:44:20,539 [pool-577-thread-1] INFO  server.RaftServerConfigKeys (ConfUtils.java:logGet(43)) - raft.server.log.write.buffer.size = 33554432 (custom)
2019-09-25 05:44:20,539 [pool-577-thread-1] INFO  server.RaftServerConfigKeys (ConfUtils.java:logGet(43)) - raft.server.log.force.sync.num = 128 (default)
2019-09-25 05:44:20,539 [pool-577-thread-1] INFO  server.RaftServerConfigKeys (ConfUtils.java:logGet(43)) - raft.server.log.statemachine.data.sync = true (default)
2019-09-25 05:44:20,539 [pool-577-thread-1] INFO  server.RaftServerConfigKeys (ConfUtils.java:logGet(43)) - raft.server.log.statemachine.data.sync.timeout = 10s (default)
2019-09-25 05:44:20,539 [pool-577-thread-1] INFO  server.RaftServerConfigKeys (ConfUtils.java:logGet(43)) - raft.server.log.statemachine.data.sync.timeout.retry = -1 (default)
2019-09-25 05:44:20,539 [pool-577-thread-1] INFO  server.RaftServerConfigKeys (ConfUtils.java:logGet(43)) - raft.server.log.statemachine.data.caching.enabled = true (custom)
2019-09-25 05:44:20,540 [pool-577-thread-1] INFO  segmented.SegmentedRaftLogWorker (SegmentedRaftLogWorker.java:lambda$new$0(132)) - f282a92e-c7a5-4658-9c35-ca03b5a63ea2@group-008A9ED56F49-SegmentedRaftLogWorker: flushIndex: setUnconditionally 0 -> -1
2019-09-25 05:44:20,540 [pool-577-thread-1] INFO  server.RaftServerConfigKeys (ConfUtils.java:logGet(43)) - raft.server.snapshot.auto.trigger.enabled = true (custom)
2019-09-25 05:44:20,540 [pool-577-thread-1] INFO  server.RaftServerConfigKeys (ConfUtils.java:logGet(43)) - raft.server.snapshot.auto.trigger.threshold = 10000 (custom)
2019-09-25 05:44:20,541 [pool-577-thread-1] INFO  server.RaftServerConfigKeys (ConfUtils.java:logGet(43)) - raft.server.snapshot.retention.num.files = 5 (custom)
2019-09-25 05:44:20,541 [pool-577-thread-1] INFO  server.RaftServerConfigKeys (ConfUtils.java:logGet(43)) - raft.server.retrycache.expirytime = 600000ms (custom)
2019-09-25 05:44:20,543 [pool-577-thread-1] INFO  impl.RaftServerImpl (RaftServerImpl.java:start(185)) - f282a92e-c7a5-4658-9c35-ca03b5a63ea2@group-008A9ED56F49: start as a follower, conf=-1: [f282a92e-c7a5-4658-9c35-ca03b5a63ea2:192.168.5.161:42213], old=null
2019-09-25 05:44:20,543 [pool-577-thread-1] INFO  impl.RaftServerImpl (RaftServerImpl.java:setRole(174)) - f282a92e-c7a5-4658-9c35-ca03b5a63ea2@group-008A9ED56F49: changes role from      null to FOLLOWER at term 0 for startAsFollower
2019-09-25 05:44:20,543 [pool-577-thread-1] INFO  impl.RoleInfo (RoleInfo.java:updateAndGet(143)) - f282a92e-c7a5-4658-9c35-ca03b5a63ea2: start FollowerState
2019-09-25 05:44:20,543 [pool-577-thread-1] INFO  util.JmxRegister (JmxRegister.java:tryRegister(44)) - Successfully registered JMX Bean with object name Ratis:service=RaftServer,group=group-008A9ED56F49,id=f282a92e-c7a5-4658-9c35-ca03b5a63ea2
2019-09-25 05:44:20,547 [IPC Server handler 1 on 37894] INFO  net.NetworkTopology (NetworkTopologyImpl.java:add(111)) - Added a new node: /default-rack/e55ccedd-a9fb-450d-a5f3-f296d15c6aa8
2019-09-25 05:44:20,547 [RatisPipelineUtilsThread] INFO  pipeline.PipelineStateManager (PipelineStateManager.java:addPipeline(56)) - Created pipeline Pipeline[ Id: 24fb8c0c-a12d-4903-b5c0-008a9ed56f49, Nodes: f282a92e-c7a5-4658-9c35-ca03b5a63ea2{ip: 192.168.5.161, host: pr-hdds-1569-zxpks-796972592, networkLocation: /default-rack, certSerialId: null}, Type:RATIS, Factor:ONE, State:OPEN]
2019-09-25 05:44:20,547 [IPC Server handler 1 on 37894] INFO  node.SCMNodeManager (SCMNodeManager.java:register(266)) - Registered Data node : e55ccedd-a9fb-450d-a5f3-f296d15c6aa8{ip: 192.168.5.161, host: pr-hdds-1569-zxpks-796972592, networkLocation: /default-rack, certSerialId: null}
2019-09-25 05:44:20,553 [grpc-default-executor-0] INFO  impl.RaftServerProxy (RaftServerProxy.java:addNew(89)) - f282a92e-c7a5-4658-9c35-ca03b5a63ea2: addNew group-F28A6A32371C:[f282a92e-c7a5-4658-9c35-ca03b5a63ea2:192.168.5.161:42213] returns group-F28A6A32371C:java.util.concurrent.CompletableFuture@51c1c1cb[Not completed]
2019-09-25 05:44:20,554 [pool-577-thread-1] INFO  impl.RaftServerImpl (RaftServerImpl.java:<init>(95)) - f282a92e-c7a5-4658-9c35-ca03b5a63ea2: new RaftServerImpl for group-F28A6A32371C:[f282a92e-c7a5-4658-9c35-ca03b5a63ea2:192.168.5.161:42213] with ContainerStateMachine:uninitialized
2019-09-25 05:44:20,554 [pool-577-thread-1] INFO  server.RaftServerConfigKeys (ConfUtils.java:logGet(43)) - raft.server.rpc.timeout.min = 5s (custom)
2019-09-25 05:44:20,554 [pool-577-thread-1] INFO  server.RaftServerConfigKeys (ConfUtils.java:logGet(43)) - raft.server.rpc.timeout.max = 5200ms (custom)
2019-09-25 05:44:20,554 [pool-577-thread-1] INFO  server.RaftServerConfigKeys (ConfUtils.java:logGet(43)) - raft.server.rpcslowness.timeout = 120s (custom)
2019-09-25 05:44:20,554 [pool-577-thread-1] INFO  server.RaftServerConfigKeys (ConfUtils.java:logGet(43)) - raft.server.sleep.deviation.threshold = 300 (default)
2019-09-25 05:44:20,554 [pool-577-thread-1] INFO  server.RaftServerConfigKeys (ConfUtils.java:logGet(43)) - raft.server.log.appender.install.snapshot.enabled = false (custom)
2019-09-25 05:44:20,555 [pool-577-thread-1] INFO  impl.RaftServerImpl (ServerState.java:<init>(103)) - f282a92e-c7a5-4658-9c35-ca03b5a63ea2@group-F28A6A32371C: ConfigurationManager, init=-1: [f282a92e-c7a5-4658-9c35-ca03b5a63ea2:192.168.5.161:42213], old=null, confs=<EMPTY_MAP>
2019-09-25 05:44:20,555 [pool-577-thread-1] INFO  server.RaftServerConfigKeys (ConfUtils.java:logGet(43)) - raft.server.storage.dir = [/workdir/hadoop-ozone/ozonefs/target/test-dir/MiniOzoneClusterImpl-8a873c7d-0254-4d89-9d76-4b8349893ca9/datanode-0/data/ratis] (custom)
2019-09-25 05:44:20,555 [pool-577-thread-1] INFO  storage.RaftStorageDirectory (RaftStorageDirectory.java:analyzeStorage(246)) - The storage directory /workdir/hadoop-ozone/ozonefs/target/test-dir/MiniOzoneClusterImpl-8a873c7d-0254-4d89-9d76-4b8349893ca9/datanode-0/data/ratis/7c91583d-ea86-4f40-905f-f28a6a32371c does not exist. Creating ...
2019-09-25 05:44:20,576 [pool-577-thread-1] INFO  storage.RaftStorageDirectory (RaftStorageDirectory.java:tryLock(328)) - Lock on /workdir/hadoop-ozone/ozonefs/target/test-dir/MiniOzoneClusterImpl-8a873c7d-0254-4d89-9d76-4b8349893ca9/datanode-0/data/ratis/7c91583d-ea86-4f40-905f-f28a6a32371c/in_use.lock acquired by nodename 26555@pr-hdds-1569-zxpks-796972592
2019-09-25 05:44:20,588 [pool-577-thread-1] INFO  storage.RaftStorage (RaftStorage.java:format(72)) - Storage directory /workdir/hadoop-ozone/ozonefs/target/test-dir/MiniOzoneClusterImpl-8a873c7d-0254-4d89-9d76-4b8349893ca9/datanode-0/data/ratis/7c91583d-ea86-4f40-905f-f28a6a32371c has been successfully formatted.
2019-09-25 05:44:20,589 [pool-577-thread-1] INFO  ratis.ContainerStateMachine (ContainerStateMachine.java:loadSnapshot(230)) - group-F28A6A32371C: The snapshot info is null. Setting the last applied indexto:(t:0, i:~)
2019-09-25 05:44:20,589 [pool-577-thread-1] INFO  server.RaftServerConfigKeys (ConfUtils.java:logGet(43)) - raft.server.notification.no-leader.timeout = 120s (custom)
2019-09-25 05:44:20,589 [pool-577-thread-1] INFO  server.RaftServerConfigKeys (ConfUtils.java:logGet(43)) - raft.server.log.use.memory = false (default)
2019-09-25 05:44:20,589 [pool-577-thread-1] INFO  server.RaftServerConfigKeys (ConfUtils.java:logGet(43)) - raft.server.log.purge.gap = 1000000 (custom)
2019-09-25 05:44:20,589 [pool-577-thread-1] INFO  server.RaftServerConfigKeys (ConfUtils.java:logGet(43)) - raft.server.log.appender.buffer.byte-limit = 33554432 (custom)
2019-09-25 05:44:20,590 [pool-577-thread-1] INFO  server.RaftServerConfigKeys (ConfUtils.java:logGet(43)) - raft.server.log.segment.size.max = 1048576 (custom)
2019-09-25 05:44:20,590 [pool-577-thread-1] INFO  server.RaftServerConfigKeys (ConfUtils.java:logGet(43)) - raft.server.log.segment.cache.num.max = 2 (custom)
2019-09-25 05:44:20,590 [pool-577-thread-1] INFO  segmented.SegmentedRaftLogWorker (SegmentedRaftLogWorker.java:<init>(172)) - new f282a92e-c7a5-4658-9c35-ca03b5a63ea2@group-F28A6A32371C-SegmentedRaftLogWorker for RaftStorage:Storage Directory /workdir/hadoop-ozone/ozonefs/target/test-dir/MiniOzoneClusterImpl-8a873c7d-0254-4d89-9d76-4b8349893ca9/datanode-0/data/ratis/7c91583d-ea86-4f40-905f-f28a6a32371c
2019-09-25 05:44:20,590 [pool-577-thread-1] INFO  server.RaftServerConfigKeys (ConfUtils.java:logGet(43)) - raft.server.log.queue.byte-limit = 2147483647 (custom)
2019-09-25 05:44:20,590 [pool-577-thread-1] INFO  server.RaftServerConfigKeys (ConfUtils.java:logGet(43)) - raft.server.log.queue.element-limit = 1024 (custom)
2019-09-25 05:44:20,590 [pool-577-thread-1] INFO  server.RaftServerConfigKeys (ConfUtils.java:logGet(43)) - raft.server.log.segment.size.max = 1048576 (custom)
2019-09-25 05:44:20,590 [pool-577-thread-1] INFO  server.RaftServerConfigKeys (ConfUtils.java:logGet(43)) - raft.server.log.preallocated.size = 16384 (custom)
2019-09-25 05:44:20,591 [pool-577-thread-1] INFO  server.RaftServerConfigKeys (ConfUtils.java:logGet(43)) - raft.server.log.write.buffer.size = 33554432 (custom)
2019-09-25 05:44:20,591 [pool-577-thread-1] INFO  server.RaftServerConfigKeys (ConfUtils.java:logGet(43)) - raft.server.log.force.sync.num = 128 (default)
2019-09-25 05:44:20,591 [pool-577-thread-1] INFO  server.RaftServerConfigKeys (ConfUtils.java:logGet(43)) - raft.server.log.statemachine.data.sync = true (default)
2019-09-25 05:44:20,591 [pool-577-thread-1] INFO  server.RaftServerConfigKeys (ConfUtils.java:logGet(43)) - raft.server.log.statemachine.data.sync.timeout = 10s (default)
2019-09-25 05:44:20,591 [pool-577-thread-1] INFO  server.RaftServerConfigKeys (ConfUtils.java:logGet(43)) - raft.server.log.statemachine.data.sync.timeout.retry = -1 (default)
2019-09-25 05:44:20,591 [pool-577-thread-1] INFO  server.RaftServerConfigKeys (ConfUtils.java:logGet(43)) - raft.server.log.statemachine.data.caching.enabled = true (custom)
2019-09-25 05:44:20,592 [pool-577-thread-1] INFO  segmented.SegmentedRaftLogWorker (SegmentedRaftLogWorker.java:lambda$new$0(132)) - f282a92e-c7a5-4658-9c35-ca03b5a63ea2@group-F28A6A32371C-SegmentedRaftLogWorker: flushIndex: setUnconditionally 0 -> -1
2019-09-25 05:44:20,592 [pool-577-thread-1] INFO  server.RaftServerConfigKeys (ConfUtils.java:logGet(43)) - raft.server.snapshot.auto.trigger.enabled = true (custom)
2019-09-25 05:44:20,592 [pool-577-thread-1] INFO  server.RaftServerConfigKeys (ConfUtils.java:logGet(43)) - raft.server.snapshot.auto.trigger.threshold = 10000 (custom)
2019-09-25 05:44:20,592 [pool-577-thread-1] INFO  server.RaftServerConfigKeys (ConfUtils.java:logGet(43)) - raft.server.snapshot.retention.num.files = 5 (custom)
2019-09-25 05:44:20,592 [pool-577-thread-1] INFO  server.RaftServerConfigKeys (ConfUtils.java:logGet(43)) - raft.server.retrycache.expirytime = 600000ms (custom)
2019-09-25 05:44:20,594 [pool-577-thread-1] INFO  impl.RaftServerImpl (RaftServerImpl.java:start(185)) - f282a92e-c7a5-4658-9c35-ca03b5a63ea2@group-F28A6A32371C: start as a follower, conf=-1: [f282a92e-c7a5-4658-9c35-ca03b5a63ea2:192.168.5.161:42213], old=null
2019-09-25 05:44:20,594 [pool-577-thread-1] INFO  impl.RaftServerImpl (RaftServerImpl.java:setRole(174)) - f282a92e-c7a5-4658-9c35-ca03b5a63ea2@group-F28A6A32371C: changes role from      null to FOLLOWER at term 0 for startAsFollower
2019-09-25 05:44:20,594 [pool-577-thread-1] INFO  impl.RoleInfo (RoleInfo.java:updateAndGet(143)) - f282a92e-c7a5-4658-9c35-ca03b5a63ea2: start FollowerState
2019-09-25 05:44:20,595 [pool-577-thread-1] INFO  util.JmxRegister (JmxRegister.java:tryRegister(44)) - Successfully registered JMX Bean with object name Ratis:service=RaftServer,group=group-F28A6A32371C,id=f282a92e-c7a5-4658-9c35-ca03b5a63ea2
2019-09-25 05:44:20,597 [RatisPipelineUtilsThread] INFO  pipeline.PipelineStateManager (PipelineStateManager.java:addPipeline(56)) - Created pipeline Pipeline[ Id: 7c91583d-ea86-4f40-905f-f28a6a32371c, Nodes: f282a92e-c7a5-4658-9c35-ca03b5a63ea2{ip: 192.168.5.161, host: pr-hdds-1569-zxpks-796972592, networkLocation: /default-rack, certSerialId: null}, Type:RATIS, Factor:ONE, State:OPEN]
2019-09-25 05:44:20,602 [grpc-default-executor-0] INFO  impl.RaftServerProxy (RaftServerProxy.java:addNew(89)) - f282a92e-c7a5-4658-9c35-ca03b5a63ea2: addNew group-B0BFA831613F:[f282a92e-c7a5-4658-9c35-ca03b5a63ea2:192.168.5.161:42213] returns group-B0BFA831613F:java.util.concurrent.CompletableFuture@c4da4f[Not completed]
2019-09-25 05:44:20,603 [pool-577-thread-1] INFO  impl.RaftServerImpl (RaftServerImpl.java:<init>(95)) - f282a92e-c7a5-4658-9c35-ca03b5a63ea2: new RaftServerImpl for group-B0BFA831613F:[f282a92e-c7a5-4658-9c35-ca03b5a63ea2:192.168.5.161:42213] with ContainerStateMachine:uninitialized
2019-09-25 05:44:20,603 [pool-577-thread-1] INFO  server.RaftServerConfigKeys (ConfUtils.java:logGet(43)) - raft.server.rpc.timeout.min = 5s (custom)
2019-09-25 05:44:20,603 [pool-577-thread-1] INFO  server.RaftServerConfigKeys (ConfUtils.java:logGet(43)) - raft.server.rpc.timeout.max = 5200ms (custom)
2019-09-25 05:44:20,603 [pool-577-thread-1] INFO  server.RaftServerConfigKeys (ConfUtils.java:logGet(43)) - raft.server.rpcslowness.timeout = 120s (custom)
2019-09-25 05:44:20,603 [pool-577-thread-1] INFO  server.RaftServerConfigKeys (ConfUtils.java:logGet(43)) - raft.server.sleep.deviation.threshold = 300 (default)
2019-09-25 05:44:20,603 [pool-577-thread-1] INFO  server.RaftServerConfigKeys (ConfUtils.java:logGet(43)) - raft.server.log.appender.install.snapshot.enabled = false (custom)
2019-09-25 05:44:20,604 [pool-577-thread-1] INFO  impl.RaftServerImpl (ServerState.java:<init>(103)) - f282a92e-c7a5-4658-9c35-ca03b5a63ea2@group-B0BFA831613F: ConfigurationManager, init=-1: [f282a92e-c7a5-4658-9c35-ca03b5a63ea2:192.168.5.161:42213], old=null, confs=<EMPTY_MAP>
2019-09-25 05:44:20,604 [pool-577-thread-1] INFO  server.RaftServerConfigKeys (ConfUtils.java:logGet(43)) - raft.server.storage.dir = [/workdir/hadoop-ozone/ozonefs/target/test-dir/MiniOzoneClusterImpl-8a873c7d-0254-4d89-9d76-4b8349893ca9/datanode-0/data/ratis] (custom)
2019-09-25 05:44:20,604 [pool-577-thread-1] INFO  storage.RaftStorageDirectory (RaftStorageDirectory.java:analyzeStorage(246)) - The storage directory /workdir/hadoop-ozone/ozonefs/target/test-dir/MiniOzoneClusterImpl-8a873c7d-0254-4d89-9d76-4b8349893ca9/datanode-0/data/ratis/81dde6d1-427e-4a68-a153-b0bfa831613f does not exist. Creating ...
2019-09-25 05:44:20,616 [pool-577-thread-1] INFO  storage.RaftStorageDirectory (RaftStorageDirectory.java:tryLock(328)) - Lock on /workdir/hadoop-ozone/ozonefs/target/test-dir/MiniOzoneClusterImpl-8a873c7d-0254-4d89-9d76-4b8349893ca9/datanode-0/data/ratis/81dde6d1-427e-4a68-a153-b0bfa831613f/in_use.lock acquired by nodename 26555@pr-hdds-1569-zxpks-796972592
2019-09-25 05:44:20,628 [IPC Server handler 0 on 37894] INFO  net.NetworkTopology (NetworkTopologyImpl.java:add(111)) - Added a new node: /default-rack/138a7143-15fe-4753-bfe7-f24402fccca7
2019-09-25 05:44:20,628 [main] INFO  ozone.MiniOzoneClusterImpl (MiniOzoneClusterImpl.java:lambda$waitForClusterToBeReady$0(147)) - Cluster is ready. Got 3 of 3 DN Heartbeats.
2019-09-25 05:44:20,628 [IPC Server handler 0 on 37894] INFO  node.SCMNodeManager (SCMNodeManager.java:register(266)) - Registered Data node : 138a7143-15fe-4753-bfe7-f24402fccca7{ip: 192.168.5.161, host: pr-hdds-1569-zxpks-796972592, networkLocation: /default-rack, certSerialId: null}
2019-09-25 05:44:20,629 [pool-577-thread-1] INFO  storage.RaftStorage (RaftStorage.java:format(72)) - Storage directory /workdir/hadoop-ozone/ozonefs/target/test-dir/MiniOzoneClusterImpl-8a873c7d-0254-4d89-9d76-4b8349893ca9/datanode-0/data/ratis/81dde6d1-427e-4a68-a153-b0bfa831613f has been successfully formatted.
2019-09-25 05:44:20,630 [pool-577-thread-1] INFO  ratis.ContainerStateMachine (ContainerStateMachine.java:loadSnapshot(230)) - group-B0BFA831613F: The snapshot info is null. Setting the last applied indexto:(t:0, i:~)
2019-09-25 05:44:20,630 [pool-577-thread-1] INFO  server.RaftServerConfigKeys (ConfUtils.java:logGet(43)) - raft.server.notification.no-leader.timeout = 120s (custom)
2019-09-25 05:44:20,630 [pool-577-thread-1] INFO  server.RaftServerConfigKeys (ConfUtils.java:logGet(43)) - raft.server.log.use.memory = false (default)
2019-09-25 05:44:20,630 [pool-577-thread-1] INFO  server.RaftServerConfigKeys (ConfUtils.java:logGet(43)) - raft.server.log.purge.gap = 1000000 (custom)
2019-09-25 05:44:20,630 [pool-577-thread-1] INFO  server.RaftServerConfigKeys (ConfUtils.java:logGet(43)) - raft.server.log.appender.buffer.byte-limit = 33554432 (custom)
2019-09-25 05:44:20,630 [pool-577-thread-1] INFO  server.RaftServerConfigKeys (ConfUtils.java:logGet(43)) - raft.server.log.segment.size.max = 1048576 (custom)
2019-09-25 05:44:20,631 [pool-577-thread-1] INFO  server.RaftServerConfigKeys (ConfUtils.java:logGet(43)) - raft.server.log.segment.cache.num.max = 2 (custom)
2019-09-25 05:44:20,631 [pool-577-thread-1] INFO  segmented.SegmentedRaftLogWorker (SegmentedRaftLogWorker.java:<init>(172)) - new f282a92e-c7a5-4658-9c35-ca03b5a63ea2@group-B0BFA831613F-SegmentedRaftLogWorker for RaftStorage:Storage Directory /workdir/hadoop-ozone/ozonefs/target/test-dir/MiniOzoneClusterImpl-8a873c7d-0254-4d89-9d76-4b8349893ca9/datanode-0/data/ratis/81dde6d1-427e-4a68-a153-b0bfa831613f
2019-09-25 05:44:20,631 [pool-577-thread-1] INFO  server.RaftServerConfigKeys (ConfUtils.java:logGet(43)) - raft.server.log.queue.byte-limit = 2147483647 (custom)
2019-09-25 05:44:20,631 [pool-577-thread-1] INFO  server.RaftServerConfigKeys (ConfUtils.java:logGet(43)) - raft.server.log.queue.element-limit = 1024 (custom)
2019-09-25 05:44:20,631 [pool-577-thread-1] INFO  server.RaftServerConfigKeys (ConfUtils.java:logGet(43)) - raft.server.log.segment.size.max = 1048576 (custom)
2019-09-25 05:44:20,638 [pool-577-thread-1] INFO  server.RaftServerConfigKeys (ConfUtils.java:logGet(43)) - raft.server.log.preallocated.size = 16384 (custom)
2019-09-25 05:44:20,639 [pool-577-thread-1] INFO  server.RaftServerConfigKeys (ConfUtils.java:logGet(43)) - raft.server.log.write.buffer.size = 33554432 (custom)
2019-09-25 05:44:20,639 [pool-577-thread-1] INFO  server.RaftServerConfigKeys (ConfUtils.java:logGet(43)) - raft.server.log.force.sync.num = 128 (default)
2019-09-25 05:44:20,639 [pool-577-thread-1] INFO  server.RaftServerConfigKeys (ConfUtils.java:logGet(43)) - raft.server.log.statemachine.data.sync = true (default)
2019-09-25 05:44:20,639 [pool-577-thread-1] INFO  server.RaftServerConfigKeys (ConfUtils.java:logGet(43)) - raft.server.log.statemachine.data.sync.timeout = 10s (default)
2019-09-25 05:44:20,640 [pool-577-thread-1] INFO  server.RaftServerConfigKeys (ConfUtils.java:logGet(43)) - raft.server.log.statemachine.data.sync.timeout.retry = -1 (default)
2019-09-25 05:44:20,640 [pool-577-thread-1] INFO  server.RaftServerConfigKeys (ConfUtils.java:logGet(43)) - raft.server.log.statemachine.data.caching.enabled = true (custom)
2019-09-25 05:44:20,640 [pool-577-thread-1] INFO  segmented.SegmentedRaftLogWorker (SegmentedRaftLogWorker.java:lambda$new$0(132)) - f282a92e-c7a5-4658-9c35-ca03b5a63ea2@group-B0BFA831613F-SegmentedRaftLogWorker: flushIndex: setUnconditionally 0 -> -1
2019-09-25 05:44:20,641 [pool-577-thread-1] INFO  server.RaftServerConfigKeys (ConfUtils.java:logGet(43)) - raft.server.snapshot.auto.trigger.enabled = true (custom)
2019-09-25 05:44:20,641 [pool-577-thread-1] INFO  server.RaftServerConfigKeys (ConfUtils.java:logGet(43)) - raft.server.snapshot.auto.trigger.threshold = 10000 (custom)
2019-09-25 05:44:20,641 [pool-577-thread-1] INFO  server.RaftServerConfigKeys (ConfUtils.java:logGet(43)) - raft.server.snapshot.retention.num.files = 5 (custom)
2019-09-25 05:44:20,641 [pool-577-thread-1] INFO  server.RaftServerConfigKeys (ConfUtils.java:logGet(43)) - raft.server.retrycache.expirytime = 600000ms (custom)
2019-09-25 05:44:20,660 [pool-577-thread-1] INFO  impl.RaftServerImpl (RaftServerImpl.java:start(185)) - f282a92e-c7a5-4658-9c35-ca03b5a63ea2@group-B0BFA831613F: start as a follower, conf=-1: [f282a92e-c7a5-4658-9c35-ca03b5a63ea2:192.168.5.161:42213], old=null
2019-09-25 05:44:20,660 [pool-577-thread-1] INFO  impl.RaftServerImpl (RaftServerImpl.java:setRole(174)) - f282a92e-c7a5-4658-9c35-ca03b5a63ea2@group-B0BFA831613F: changes role from      null to FOLLOWER at term 0 for startAsFollower
2019-09-25 05:44:20,661 [pool-577-thread-1] INFO  impl.RoleInfo (RoleInfo.java:updateAndGet(143)) - f282a92e-c7a5-4658-9c35-ca03b5a63ea2: start FollowerState
2019-09-25 05:44:20,661 [pool-577-thread-1] INFO  util.JmxRegister (JmxRegister.java:tryRegister(44)) - Successfully registered JMX Bean with object name Ratis:service=RaftServer,group=group-B0BFA831613F,id=f282a92e-c7a5-4658-9c35-ca03b5a63ea2
2019-09-25 05:44:20,666 [RatisPipelineUtilsThread] INFO  pipeline.PipelineStateManager (PipelineStateManager.java:addPipeline(56)) - Created pipeline Pipeline[ Id: 81dde6d1-427e-4a68-a153-b0bfa831613f, Nodes: f282a92e-c7a5-4658-9c35-ca03b5a63ea2{ip: 192.168.5.161, host: pr-hdds-1569-zxpks-796972592, networkLocation: /default-rack, certSerialId: null}, Type:RATIS, Factor:ONE, State:OPEN]
2019-09-25 05:44:20,674 [grpc-default-executor-0] INFO  impl.RaftServerProxy (RaftServerProxy.java:addNew(89)) - 138a7143-15fe-4753-bfe7-f24402fccca7: addNew group-432383F50329:[138a7143-15fe-4753-bfe7-f24402fccca7:192.168.5.161:37623] returns group-432383F50329:java.util.concurrent.CompletableFuture@223a8680[Not completed]
2019-09-25 05:44:20,676 [pool-597-thread-1] INFO  impl.RaftServerImpl (RaftServerImpl.java:<init>(95)) - 138a7143-15fe-4753-bfe7-f24402fccca7: new RaftServerImpl for group-432383F50329:[138a7143-15fe-4753-bfe7-f24402fccca7:192.168.5.161:37623] with ContainerStateMachine:uninitialized
2019-09-25 05:44:20,676 [pool-597-thread-1] INFO  server.RaftServerConfigKeys (ConfUtils.java:logGet(43)) - raft.server.rpc.timeout.min = 5s (custom)
2019-09-25 05:44:20,677 [pool-597-thread-1] INFO  server.RaftServerConfigKeys (ConfUtils.java:logGet(43)) - raft.server.rpc.timeout.max = 5200ms (custom)
2019-09-25 05:44:20,677 [pool-597-thread-1] INFO  server.RaftServerConfigKeys (ConfUtils.java:logGet(43)) - raft.server.rpcslowness.timeout = 120s (custom)
2019-09-25 05:44:20,677 [pool-597-thread-1] INFO  server.RaftServerConfigKeys (ConfUtils.java:logGet(43)) - raft.server.sleep.deviation.threshold = 300 (default)
2019-09-25 05:44:20,677 [pool-597-thread-1] INFO  server.RaftServerConfigKeys (ConfUtils.java:logGet(43)) - raft.server.log.appender.install.snapshot.enabled = false (custom)
2019-09-25 05:44:20,677 [pool-597-thread-1] INFO  impl.RaftServerImpl (ServerState.java:<init>(103)) - 138a7143-15fe-4753-bfe7-f24402fccca7@group-432383F50329: ConfigurationManager, init=-1: [138a7143-15fe-4753-bfe7-f24402fccca7:192.168.5.161:37623], old=null, confs=<EMPTY_MAP>
2019-09-25 05:44:20,677 [pool-597-thread-1] INFO  server.RaftServerConfigKeys (ConfUtils.java:logGet(43)) - raft.server.storage.dir = [/workdir/hadoop-ozone/ozonefs/target/test-dir/MiniOzoneClusterImpl-8a873c7d-0254-4d89-9d76-4b8349893ca9/datanode-2/data/ratis] (custom)
2019-09-25 05:44:20,678 [pool-597-thread-1] INFO  storage.RaftStorageDirectory (RaftStorageDirectory.java:analyzeStorage(246)) - The storage directory /workdir/hadoop-ozone/ozonefs/target/test-dir/MiniOzoneClusterImpl-8a873c7d-0254-4d89-9d76-4b8349893ca9/datanode-2/data/ratis/443ec92c-7706-4fd7-8b84-432383f50329 does not exist. Creating ...
2019-09-25 05:44:20,687 [main] INFO  rpc.RpcClient (RpcClient.java:createVolume(276)) - Creating Volume: rqkoxazkmh, with user29376 as owner.
2019-09-25 05:44:20,690 [IPC Server handler 2 on 44347] INFO  volume.OMVolumeCreateRequest (OMVolumeCreateRequest.java:validateAndUpdateCache(189)) - created volume:rqkoxazkmh for user:user29376
2019-09-25 05:44:20,690 [pool-597-thread-1] INFO  storage.RaftStorageDirectory (RaftStorageDirectory.java:tryLock(328)) - Lock on /workdir/hadoop-ozone/ozonefs/target/test-dir/MiniOzoneClusterImpl-8a873c7d-0254-4d89-9d76-4b8349893ca9/datanode-2/data/ratis/443ec92c-7706-4fd7-8b84-432383f50329/in_use.lock acquired by nodename 26555@pr-hdds-1569-zxpks-796972592
2019-09-25 05:44:20,705 [pool-597-thread-1] INFO  storage.RaftStorage (RaftStorage.java:format(72)) - Storage directory /workdir/hadoop-ozone/ozonefs/target/test-dir/MiniOzoneClusterImpl-8a873c7d-0254-4d89-9d76-4b8349893ca9/datanode-2/data/ratis/443ec92c-7706-4fd7-8b84-432383f50329 has been successfully formatted.
2019-09-25 05:44:20,706 [pool-597-thread-1] INFO  ratis.ContainerStateMachine (ContainerStateMachine.java:loadSnapshot(230)) - group-432383F50329: The snapshot info is null. Setting the last applied indexto:(t:0, i:~)
2019-09-25 05:44:20,706 [pool-597-thread-1] INFO  server.RaftServerConfigKeys (ConfUtils.java:logGet(43)) - raft.server.notification.no-leader.timeout = 120s (custom)
2019-09-25 05:44:20,706 [pool-597-thread-1] INFO  server.RaftServerConfigKeys (ConfUtils.java:logGet(43)) - raft.server.log.use.memory = false (default)
2019-09-25 05:44:20,706 [pool-597-thread-1] INFO  server.RaftServerConfigKeys (ConfUtils.java:logGet(43)) - raft.server.log.purge.gap = 1000000 (custom)
2019-09-25 05:44:20,706 [main] INFO  rpc.RpcClient (RpcClient.java:createBucket(415)) - Creating Bucket: rqkoxazkmh/gpoauzjehl, with Versioning false and Storage Type set to DISK and Encryption set to false 
2019-09-25 05:44:20,706 [pool-597-thread-1] INFO  server.RaftServerConfigKeys (ConfUtils.java:logGet(43)) - raft.server.log.appender.buffer.byte-limit = 33554432 (custom)
2019-09-25 05:44:20,707 [pool-597-thread-1] INFO  server.RaftServerConfigKeys (ConfUtils.java:logGet(43)) - raft.server.log.segment.size.max = 1048576 (custom)
2019-09-25 05:44:20,707 [pool-597-thread-1] INFO  server.RaftServerConfigKeys (ConfUtils.java:logGet(43)) - raft.server.log.segment.cache.num.max = 2 (custom)
2019-09-25 05:44:20,707 [pool-597-thread-1] INFO  segmented.SegmentedRaftLogWorker (SegmentedRaftLogWorker.java:<init>(172)) - new 138a7143-15fe-4753-bfe7-f24402fccca7@group-432383F50329-SegmentedRaftLogWorker for RaftStorage:Storage Directory /workdir/hadoop-ozone/ozonefs/target/test-dir/MiniOzoneClusterImpl-8a873c7d-0254-4d89-9d76-4b8349893ca9/datanode-2/data/ratis/443ec92c-7706-4fd7-8b84-432383f50329
2019-09-25 05:44:20,711 [pool-597-thread-1] INFO  server.RaftServerConfigKeys (ConfUtils.java:logGet(43)) - raft.server.log.queue.byte-limit = 2147483647 (custom)
2019-09-25 05:44:20,711 [pool-597-thread-1] INFO  server.RaftServerConfigKeys (ConfUtils.java:logGet(43)) - raft.server.log.queue.element-limit = 1024 (custom)
2019-09-25 05:44:20,711 [pool-597-thread-1] INFO  server.RaftServerConfigKeys (ConfUtils.java:logGet(43)) - raft.server.log.segment.size.max = 1048576 (custom)
2019-09-25 05:44:20,712 [pool-597-thread-1] INFO  server.RaftServerConfigKeys (ConfUtils.java:logGet(43)) - raft.server.log.preallocated.size = 16384 (custom)
2019-09-25 05:44:20,712 [pool-597-thread-1] INFO  server.RaftServerConfigKeys (ConfUtils.java:logGet(43)) - raft.server.log.write.buffer.size = 33554432 (custom)
2019-09-25 05:44:20,712 [pool-597-thread-1] INFO  server.RaftServerConfigKeys (ConfUtils.java:logGet(43)) - raft.server.log.force.sync.num = 128 (default)
2019-09-25 05:44:20,712 [pool-597-thread-1] INFO  server.RaftServerConfigKeys (ConfUtils.java:logGet(43)) - raft.server.log.statemachine.data.sync = true (default)
2019-09-25 05:44:20,712 [pool-597-thread-1] INFO  server.RaftServerConfigKeys (ConfUtils.java:logGet(43)) - raft.server.log.statemachine.data.sync.timeout = 10s (default)
2019-09-25 05:44:20,712 [pool-597-thread-1] INFO  server.RaftServerConfigKeys (ConfUtils.java:logGet(43)) - raft.server.log.statemachine.data.sync.timeout.retry = -1 (default)
2019-09-25 05:44:20,713 [pool-597-thread-1] INFO  server.RaftServerConfigKeys (ConfUtils.java:logGet(43)) - raft.server.log.statemachine.data.caching.enabled = true (custom)
2019-09-25 05:44:20,713 [pool-597-thread-1] INFO  segmented.SegmentedRaftLogWorker (SegmentedRaftLogWorker.java:lambda$new$0(132)) - 138a7143-15fe-4753-bfe7-f24402fccca7@group-432383F50329-SegmentedRaftLogWorker: flushIndex: setUnconditionally 0 -> -1
2019-09-25 05:44:20,713 [pool-597-thread-1] INFO  server.RaftServerConfigKeys (ConfUtils.java:logGet(43)) - raft.server.snapshot.auto.trigger.enabled = true (custom)
2019-09-25 05:44:20,713 [pool-597-thread-1] INFO  server.RaftServerConfigKeys (ConfUtils.java:logGet(43)) - raft.server.snapshot.auto.trigger.threshold = 10000 (custom)
2019-09-25 05:44:20,714 [pool-597-thread-1] INFO  server.RaftServerConfigKeys (ConfUtils.java:logGet(43)) - raft.server.snapshot.retention.num.files = 5 (custom)
2019-09-25 05:44:20,714 [pool-597-thread-1] INFO  server.RaftServerConfigKeys (ConfUtils.java:logGet(43)) - raft.server.retrycache.expirytime = 600000ms (custom)
2019-09-25 05:44:20,716 [pool-597-thread-1] INFO  impl.RaftServerImpl (RaftServerImpl.java:start(185)) - 138a7143-15fe-4753-bfe7-f24402fccca7@group-432383F50329: start as a follower, conf=-1: [138a7143-15fe-4753-bfe7-f24402fccca7:192.168.5.161:37623], old=null
2019-09-25 05:44:20,716 [pool-597-thread-1] INFO  impl.RaftServerImpl (RaftServerImpl.java:setRole(174)) - 138a7143-15fe-4753-bfe7-f24402fccca7@group-432383F50329: changes role from      null to FOLLOWER at term 0 for startAsFollower
2019-09-25 05:44:20,716 [pool-597-thread-1] INFO  impl.RoleInfo (RoleInfo.java:updateAndGet(143)) - 138a7143-15fe-4753-bfe7-f24402fccca7: start FollowerState
2019-09-25 05:44:20,717 [pool-597-thread-1] INFO  util.JmxRegister (JmxRegister.java:tryRegister(44)) - Successfully registered JMX Bean with object name Ratis:service=RaftServer,group=group-432383F50329,id=138a7143-15fe-4753-bfe7-f24402fccca7
2019-09-25 05:44:20,719 [RatisPipelineUtilsThread] INFO  pipeline.PipelineStateManager (PipelineStateManager.java:addPipeline(56)) - Created pipeline Pipeline[ Id: 443ec92c-7706-4fd7-8b84-432383f50329, Nodes: 138a7143-15fe-4753-bfe7-f24402fccca7{ip: 192.168.5.161, host: pr-hdds-1569-zxpks-796972592, networkLocation: /default-rack, certSerialId: null}, Type:RATIS, Factor:ONE, State:OPEN]
2019-09-25 05:44:20,727 [grpc-default-executor-0] INFO  impl.RaftServerProxy (RaftServerProxy.java:addNew(89)) - e55ccedd-a9fb-450d-a5f3-f296d15c6aa8: addNew group-DDBA556FC105:[e55ccedd-a9fb-450d-a5f3-f296d15c6aa8:192.168.5.161:45208] returns group-DDBA556FC105:java.util.concurrent.CompletableFuture@59407154[Not completed]
2019-09-25 05:44:20,728 [pool-587-thread-1] INFO  impl.RaftServerImpl (RaftServerImpl.java:<init>(95)) - e55ccedd-a9fb-450d-a5f3-f296d15c6aa8: new RaftServerImpl for group-DDBA556FC105:[e55ccedd-a9fb-450d-a5f3-f296d15c6aa8:192.168.5.161:45208] with ContainerStateMachine:uninitialized
2019-09-25 05:44:20,728 [pool-587-thread-1] INFO  server.RaftServerConfigKeys (ConfUtils.java:logGet(43)) - raft.server.rpc.timeout.min = 5s (custom)
2019-09-25 05:44:20,728 [pool-587-thread-1] INFO  server.RaftServerConfigKeys (ConfUtils.java:logGet(43)) - raft.server.rpc.timeout.max = 5200ms (custom)
2019-09-25 05:44:20,728 [pool-587-thread-1] INFO  server.RaftServerConfigKeys (ConfUtils.java:logGet(43)) - raft.server.rpcslowness.timeout = 120s (custom)
2019-09-25 05:44:20,728 [pool-587-thread-1] INFO  server.RaftServerConfigKeys (ConfUtils.java:logGet(43)) - raft.server.sleep.deviation.threshold = 300 (default)
2019-09-25 05:44:20,729 [pool-587-thread-1] INFO  server.RaftServerConfigKeys (ConfUtils.java:logGet(43)) - raft.server.log.appender.install.snapshot.enabled = false (custom)
2019-09-25 05:44:20,729 [pool-587-thread-1] INFO  impl.RaftServerImpl (ServerState.java:<init>(103)) - e55ccedd-a9fb-450d-a5f3-f296d15c6aa8@group-DDBA556FC105: ConfigurationManager, init=-1: [e55ccedd-a9fb-450d-a5f3-f296d15c6aa8:192.168.5.161:45208], old=null, confs=<EMPTY_MAP>
2019-09-25 05:44:20,729 [pool-587-thread-1] INFO  server.RaftServerConfigKeys (ConfUtils.java:logGet(43)) - raft.server.storage.dir = [/workdir/hadoop-ozone/ozonefs/target/test-dir/MiniOzoneClusterImpl-8a873c7d-0254-4d89-9d76-4b8349893ca9/datanode-1/data/ratis] (custom)
2019-09-25 05:44:20,729 [pool-587-thread-1] INFO  storage.RaftStorageDirectory (RaftStorageDirectory.java:analyzeStorage(246)) - The storage directory /workdir/hadoop-ozone/ozonefs/target/test-dir/MiniOzoneClusterImpl-8a873c7d-0254-4d89-9d76-4b8349893ca9/datanode-1/data/ratis/56ac47fc-396e-4695-9871-ddba556fc105 does not exist. Creating ...
2019-09-25 05:44:20,742 [pool-587-thread-1] INFO  storage.RaftStorageDirectory (RaftStorageDirectory.java:tryLock(328)) - Lock on /workdir/hadoop-ozone/ozonefs/target/test-dir/MiniOzoneClusterImpl-8a873c7d-0254-4d89-9d76-4b8349893ca9/datanode-1/data/ratis/56ac47fc-396e-4695-9871-ddba556fc105/in_use.lock acquired by nodename 26555@pr-hdds-1569-zxpks-796972592
2019-09-25 05:44:20,754 [pool-587-thread-1] INFO  storage.RaftStorage (RaftStorage.java:format(72)) - Storage directory /workdir/hadoop-ozone/ozonefs/target/test-dir/MiniOzoneClusterImpl-8a873c7d-0254-4d89-9d76-4b8349893ca9/datanode-1/data/ratis/56ac47fc-396e-4695-9871-ddba556fc105 has been successfully formatted.
2019-09-25 05:44:20,755 [pool-587-thread-1] INFO  ratis.ContainerStateMachine (ContainerStateMachine.java:loadSnapshot(230)) - group-DDBA556FC105: The snapshot info is null. Setting the last applied indexto:(t:0, i:~)
2019-09-25 05:44:20,755 [pool-587-thread-1] INFO  server.RaftServerConfigKeys (ConfUtils.java:logGet(43)) - raft.server.notification.no-leader.timeout = 120s (custom)
2019-09-25 05:44:20,755 [pool-587-thread-1] INFO  server.RaftServerConfigKeys (ConfUtils.java:logGet(43)) - raft.server.log.use.memory = false (default)
2019-09-25 05:44:20,755 [pool-587-thread-1] INFO  server.RaftServerConfigKeys (ConfUtils.java:logGet(43)) - raft.server.log.purge.gap = 1000000 (custom)
2019-09-25 05:44:20,755 [pool-587-thread-1] INFO  server.RaftServerConfigKeys (ConfUtils.java:logGet(43)) - raft.server.log.appender.buffer.byte-limit = 33554432 (custom)
2019-09-25 05:44:20,755 [pool-587-thread-1] INFO  server.RaftServerConfigKeys (ConfUtils.java:logGet(43)) - raft.server.log.segment.size.max = 1048576 (custom)
2019-09-25 05:44:20,755 [pool-587-thread-1] INFO  server.RaftServerConfigKeys (ConfUtils.java:logGet(43)) - raft.server.log.segment.cache.num.max = 2 (custom)
2019-09-25 05:44:20,755 [pool-587-thread-1] INFO  segmented.SegmentedRaftLogWorker (SegmentedRaftLogWorker.java:<init>(172)) - new e55ccedd-a9fb-450d-a5f3-f296d15c6aa8@group-DDBA556FC105-SegmentedRaftLogWorker for RaftStorage:Storage Directory /workdir/hadoop-ozone/ozonefs/target/test-dir/MiniOzoneClusterImpl-8a873c7d-0254-4d89-9d76-4b8349893ca9/datanode-1/data/ratis/56ac47fc-396e-4695-9871-ddba556fc105
2019-09-25 05:44:20,757 [pool-587-thread-1] INFO  server.RaftServerConfigKeys (ConfUtils.java:logGet(43)) - raft.server.log.queue.byte-limit = 2147483647 (custom)
2019-09-25 05:44:20,757 [pool-587-thread-1] INFO  server.RaftServerConfigKeys (ConfUtils.java:logGet(43)) - raft.server.log.queue.element-limit = 1024 (custom)
2019-09-25 05:44:20,757 [pool-587-thread-1] INFO  server.RaftServerConfigKeys (ConfUtils.java:logGet(43)) - raft.server.log.segment.size.max = 1048576 (custom)
2019-09-25 05:44:20,757 [pool-587-thread-1] INFO  server.RaftServerConfigKeys (ConfUtils.java:logGet(43)) - raft.server.log.preallocated.size = 16384 (custom)
2019-09-25 05:44:20,757 [pool-587-thread-1] INFO  server.RaftServerConfigKeys (ConfUtils.java:logGet(43)) - raft.server.log.write.buffer.size = 33554432 (custom)
2019-09-25 05:44:20,758 [pool-587-thread-1] INFO  server.RaftServerConfigKeys (ConfUtils.java:logGet(43)) - raft.server.log.force.sync.num = 128 (default)
2019-09-25 05:44:20,758 [pool-587-thread-1] INFO  server.RaftServerConfigKeys (ConfUtils.java:logGet(43)) - raft.server.log.statemachine.data.sync = true (default)
2019-09-25 05:44:20,758 [pool-587-thread-1] INFO  server.RaftServerConfigKeys (ConfUtils.java:logGet(43)) - raft.server.log.statemachine.data.sync.timeout = 10s (default)
2019-09-25 05:44:20,758 [pool-587-thread-1] INFO  server.RaftServerConfigKeys (ConfUtils.java:logGet(43)) - raft.server.log.statemachine.data.sync.timeout.retry = -1 (default)
2019-09-25 05:44:20,758 [pool-587-thread-1] INFO  server.RaftServerConfigKeys (ConfUtils.java:logGet(43)) - raft.server.log.statemachine.data.caching.enabled = true (custom)
2019-09-25 05:44:20,758 [pool-587-thread-1] INFO  segmented.SegmentedRaftLogWorker (SegmentedRaftLogWorker.java:lambda$new$0(132)) - e55ccedd-a9fb-450d-a5f3-f296d15c6aa8@group-DDBA556FC105-SegmentedRaftLogWorker: flushIndex: setUnconditionally 0 -> -1
2019-09-25 05:44:20,759 [pool-587-thread-1] INFO  server.RaftServerConfigKeys (ConfUtils.java:logGet(43)) - raft.server.snapshot.auto.trigger.enabled = true (custom)
2019-09-25 05:44:20,759 [pool-587-thread-1] INFO  server.RaftServerConfigKeys (ConfUtils.java:logGet(43)) - raft.server.snapshot.auto.trigger.threshold = 10000 (custom)
2019-09-25 05:44:20,759 [pool-587-thread-1] INFO  server.RaftServerConfigKeys (ConfUtils.java:logGet(43)) - raft.server.snapshot.retention.num.files = 5 (custom)
2019-09-25 05:44:20,759 [pool-587-thread-1] INFO  server.RaftServerConfigKeys (ConfUtils.java:logGet(43)) - raft.server.retrycache.expirytime = 600000ms (custom)
2019-09-25 05:44:20,761 [pool-587-thread-1] INFO  impl.RaftServerImpl (RaftServerImpl.java:start(185)) - e55ccedd-a9fb-450d-a5f3-f296d15c6aa8@group-DDBA556FC105: start as a follower, conf=-1: [e55ccedd-a9fb-450d-a5f3-f296d15c6aa8:192.168.5.161:45208], old=null
2019-09-25 05:44:20,761 [pool-587-thread-1] INFO  impl.RaftServerImpl (RaftServerImpl.java:setRole(174)) - e55ccedd-a9fb-450d-a5f3-f296d15c6aa8@group-DDBA556FC105: changes role from      null to FOLLOWER at term 0 for startAsFollower
2019-09-25 05:44:20,761 [pool-587-thread-1] INFO  impl.RoleInfo (RoleInfo.java:updateAndGet(143)) - e55ccedd-a9fb-450d-a5f3-f296d15c6aa8: start FollowerState
2019-09-25 05:44:20,761 [pool-587-thread-1] INFO  util.JmxRegister (JmxRegister.java:tryRegister(44)) - Successfully registered JMX Bean with object name Ratis:service=RaftServer,group=group-DDBA556FC105,id=e55ccedd-a9fb-450d-a5f3-f296d15c6aa8
2019-09-25 05:44:20,764 [RatisPipelineUtilsThread] INFO  pipeline.PipelineStateManager (PipelineStateManager.java:addPipeline(56)) - Created pipeline Pipeline[ Id: 56ac47fc-396e-4695-9871-ddba556fc105, Nodes: e55ccedd-a9fb-450d-a5f3-f296d15c6aa8{ip: 192.168.5.161, host: pr-hdds-1569-zxpks-796972592, networkLocation: /default-rack, certSerialId: null}, Type:RATIS, Factor:ONE, State:OPEN]
2019-09-25 05:44:20,769 [grpc-default-executor-0] INFO  impl.RaftServerProxy (RaftServerProxy.java:addNew(89)) - f282a92e-c7a5-4658-9c35-ca03b5a63ea2: addNew group-C4FCA4D56CDF:[f282a92e-c7a5-4658-9c35-ca03b5a63ea2:192.168.5.161:42213] returns group-C4FCA4D56CDF:java.util.concurrent.CompletableFuture@7ad63ac1[Not completed]
2019-09-25 05:44:20,769 [pool-577-thread-1] INFO  impl.RaftServerImpl (RaftServerImpl.java:<init>(95)) - f282a92e-c7a5-4658-9c35-ca03b5a63ea2: new RaftServerImpl for group-C4FCA4D56CDF:[f282a92e-c7a5-4658-9c35-ca03b5a63ea2:192.168.5.161:42213] with ContainerStateMachine:uninitialized
2019-09-25 05:44:20,770 [pool-577-thread-1] INFO  server.RaftServerConfigKeys (ConfUtils.java:logGet(43)) - raft.server.rpc.timeout.min = 5s (custom)
2019-09-25 05:44:20,770 [pool-577-thread-1] INFO  server.RaftServerConfigKeys (ConfUtils.java:logGet(43)) - raft.server.rpc.timeout.max = 5200ms (custom)
2019-09-25 05:44:20,770 [pool-577-thread-1] INFO  server.RaftServerConfigKeys (ConfUtils.java:logGet(43)) - raft.server.rpcslowness.timeout = 120s (custom)
2019-09-25 05:44:20,770 [pool-577-thread-1] INFO  server.RaftServerConfigKeys (ConfUtils.java:logGet(43)) - raft.server.sleep.deviation.threshold = 300 (default)
2019-09-25 05:44:20,770 [pool-577-thread-1] INFO  server.RaftServerConfigKeys (ConfUtils.java:logGet(43)) - raft.server.log.appender.install.snapshot.enabled = false (custom)
2019-09-25 05:44:20,770 [pool-577-thread-1] INFO  impl.RaftServerImpl (ServerState.java:<init>(103)) - f282a92e-c7a5-4658-9c35-ca03b5a63ea2@group-C4FCA4D56CDF: ConfigurationManager, init=-1: [f282a92e-c7a5-4658-9c35-ca03b5a63ea2:192.168.5.161:42213], old=null, confs=<EMPTY_MAP>
2019-09-25 05:44:20,770 [pool-577-thread-1] INFO  server.RaftServerConfigKeys (ConfUtils.java:logGet(43)) - raft.server.storage.dir = [/workdir/hadoop-ozone/ozonefs/target/test-dir/MiniOzoneClusterImpl-8a873c7d-0254-4d89-9d76-4b8349893ca9/datanode-0/data/ratis] (custom)
2019-09-25 05:44:20,771 [pool-577-thread-1] INFO  storage.RaftStorageDirectory (RaftStorageDirectory.java:analyzeStorage(246)) - The storage directory /workdir/hadoop-ozone/ozonefs/target/test-dir/MiniOzoneClusterImpl-8a873c7d-0254-4d89-9d76-4b8349893ca9/datanode-0/data/ratis/409f97c8-639f-4aec-a9ab-c4fca4d56cdf does not exist. Creating ...
2019-09-25 05:44:20,783 [pool-577-thread-1] INFO  storage.RaftStorageDirectory (RaftStorageDirectory.java:tryLock(328)) - Lock on /workdir/hadoop-ozone/ozonefs/target/test-dir/MiniOzoneClusterImpl-8a873c7d-0254-4d89-9d76-4b8349893ca9/datanode-0/data/ratis/409f97c8-639f-4aec-a9ab-c4fca4d56cdf/in_use.lock acquired by nodename 26555@pr-hdds-1569-zxpks-796972592
2019-09-25 05:44:20,813 [pool-577-thread-1] INFO  storage.RaftStorage (RaftStorage.java:format(72)) - Storage directory /workdir/hadoop-ozone/ozonefs/target/test-dir/MiniOzoneClusterImpl-8a873c7d-0254-4d89-9d76-4b8349893ca9/datanode-0/data/ratis/409f97c8-639f-4aec-a9ab-c4fca4d56cdf has been successfully formatted.
2019-09-25 05:44:20,814 [pool-577-thread-1] INFO  ratis.ContainerStateMachine (ContainerStateMachine.java:loadSnapshot(230)) - group-C4FCA4D56CDF: The snapshot info is null. Setting the last applied indexto:(t:0, i:~)
2019-09-25 05:44:20,814 [pool-577-thread-1] INFO  server.RaftServerConfigKeys (ConfUtils.java:logGet(43)) - raft.server.notification.no-leader.timeout = 120s (custom)
2019-09-25 05:44:20,814 [pool-577-thread-1] INFO  server.RaftServerConfigKeys (ConfUtils.java:logGet(43)) - raft.server.log.use.memory = false (default)
2019-09-25 05:44:20,814 [pool-577-thread-1] INFO  server.RaftServerConfigKeys (ConfUtils.java:logGet(43)) - raft.server.log.purge.gap = 1000000 (custom)
2019-09-25 05:44:20,814 [pool-577-thread-1] INFO  server.RaftServerConfigKeys (ConfUtils.java:logGet(43)) - raft.server.log.appender.buffer.byte-limit = 33554432 (custom)
2019-09-25 05:44:20,814 [pool-577-thread-1] INFO  server.RaftServerConfigKeys (ConfUtils.java:logGet(43)) - raft.server.log.segment.size.max = 1048576 (custom)
2019-09-25 05:44:20,815 [pool-577-thread-1] INFO  server.RaftServerConfigKeys (ConfUtils.java:logGet(43)) - raft.server.log.segment.cache.num.max = 2 (custom)
2019-09-25 05:44:20,815 [pool-577-thread-1] INFO  segmented.SegmentedRaftLogWorker (SegmentedRaftLogWorker.java:<init>(172)) - new f282a92e-c7a5-4658-9c35-ca03b5a63ea2@group-C4FCA4D56CDF-SegmentedRaftLogWorker for RaftStorage:Storage Directory /workdir/hadoop-ozone/ozonefs/target/test-dir/MiniOzoneClusterImpl-8a873c7d-0254-4d89-9d76-4b8349893ca9/datanode-0/data/ratis/409f97c8-639f-4aec-a9ab-c4fca4d56cdf
2019-09-25 05:44:20,815 [pool-577-thread-1] INFO  server.RaftServerConfigKeys (ConfUtils.java:logGet(43)) - raft.server.log.queue.byte-limit = 2147483647 (custom)
2019-09-25 05:44:20,815 [pool-577-thread-1] INFO  server.RaftServerConfigKeys (ConfUtils.java:logGet(43)) - raft.server.log.queue.element-limit = 1024 (custom)
2019-09-25 05:44:20,815 [pool-577-thread-1] INFO  server.RaftServerConfigKeys (ConfUtils.java:logGet(43)) - raft.server.log.segment.size.max = 1048576 (custom)
2019-09-25 05:44:20,815 [pool-577-thread-1] INFO  server.RaftServerConfigKeys (ConfUtils.java:logGet(43)) - raft.server.log.preallocated.size = 16384 (custom)
2019-09-25 05:44:20,815 [pool-577-thread-1] INFO  server.RaftServerConfigKeys (ConfUtils.java:logGet(43)) - raft.server.log.write.buffer.size = 33554432 (custom)
2019-09-25 05:44:20,816 [pool-577-thread-1] INFO  server.RaftServerConfigKeys (ConfUtils.java:logGet(43)) - raft.server.log.force.sync.num = 128 (default)
2019-09-25 05:44:20,816 [pool-577-thread-1] INFO  server.RaftServerConfigKeys (ConfUtils.java:logGet(43)) - raft.server.log.statemachine.data.sync = true (default)
2019-09-25 05:44:20,816 [pool-577-thread-1] INFO  server.RaftServerConfigKeys (ConfUtils.java:logGet(43)) - raft.server.log.statemachine.data.sync.timeout = 10s (default)
2019-09-25 05:44:20,816 [pool-577-thread-1] INFO  server.RaftServerConfigKeys (ConfUtils.java:logGet(43)) - raft.server.log.statemachine.data.sync.timeout.retry = -1 (default)
2019-09-25 05:44:20,816 [pool-577-thread-1] INFO  server.RaftServerConfigKeys (ConfUtils.java:logGet(43)) - raft.server.log.statemachine.data.caching.enabled = true (custom)
2019-09-25 05:44:20,817 [pool-577-thread-1] INFO  segmented.SegmentedRaftLogWorker (SegmentedRaftLogWorker.java:lambda$new$0(132)) - f282a92e-c7a5-4658-9c35-ca03b5a63ea2@group-C4FCA4D56CDF-SegmentedRaftLogWorker: flushIndex: setUnconditionally 0 -> -1
2019-09-25 05:44:20,817 [pool-577-thread-1] INFO  server.RaftServerConfigKeys (ConfUtils.java:logGet(43)) - raft.server.snapshot.auto.trigger.enabled = true (custom)
2019-09-25 05:44:20,817 [pool-577-thread-1] INFO  server.RaftServerConfigKeys (ConfUtils.java:logGet(43)) - raft.server.snapshot.auto.trigger.threshold = 10000 (custom)
2019-09-25 05:44:20,817 [pool-577-thread-1] INFO  server.RaftServerConfigKeys (ConfUtils.java:logGet(43)) - raft.server.snapshot.retention.num.files = 5 (custom)
2019-09-25 05:44:20,818 [pool-577-thread-1] INFO  server.RaftServerConfigKeys (ConfUtils.java:logGet(43)) - raft.server.retrycache.expirytime = 600000ms (custom)
2019-09-25 05:44:20,819 [pool-577-thread-1] INFO  impl.RaftServerImpl (RaftServerImpl.java:start(185)) - f282a92e-c7a5-4658-9c35-ca03b5a63ea2@group-C4FCA4D56CDF: start as a follower, conf=-1: [f282a92e-c7a5-4658-9c35-ca03b5a63ea2:192.168.5.161:42213], old=null
2019-09-25 05:44:20,820 [pool-577-thread-1] INFO  impl.RaftServerImpl (RaftServerImpl.java:setRole(174)) - f282a92e-c7a5-4658-9c35-ca03b5a63ea2@group-C4FCA4D56CDF: changes role from      null to FOLLOWER at term 0 for startAsFollower
2019-09-25 05:44:20,820 [pool-577-thread-1] INFO  impl.RoleInfo (RoleInfo.java:updateAndGet(143)) - f282a92e-c7a5-4658-9c35-ca03b5a63ea2: start FollowerState
2019-09-25 05:44:20,820 [pool-577-thread-1] INFO  util.JmxRegister (JmxRegister.java:tryRegister(44)) - Successfully registered JMX Bean with object name Ratis:service=RaftServer,group=group-C4FCA4D56CDF,id=f282a92e-c7a5-4658-9c35-ca03b5a63ea2
2019-09-25 05:44:20,823 [RatisPipelineUtilsThread] INFO  pipeline.PipelineStateManager (PipelineStateManager.java:addPipeline(56)) - Created pipeline Pipeline[ Id: 409f97c8-639f-4aec-a9ab-c4fca4d56cdf, Nodes: f282a92e-c7a5-4658-9c35-ca03b5a63ea2{ip: 192.168.5.161, host: pr-hdds-1569-zxpks-796972592, networkLocation: /default-rack, certSerialId: null}, Type:RATIS, Factor:ONE, State:OPEN]
2019-09-25 05:44:20,828 [grpc-default-executor-0] INFO  impl.RaftServerProxy (RaftServerProxy.java:addNew(89)) - e55ccedd-a9fb-450d-a5f3-f296d15c6aa8: addNew group-4DAE896619D2:[e55ccedd-a9fb-450d-a5f3-f296d15c6aa8:192.168.5.161:45208] returns group-4DAE896619D2:java.util.concurrent.CompletableFuture@5c39b8c7[Not completed]
2019-09-25 05:44:20,829 [pool-587-thread-1] INFO  impl.RaftServerImpl (RaftServerImpl.java:<init>(95)) - e55ccedd-a9fb-450d-a5f3-f296d15c6aa8: new RaftServerImpl for group-4DAE896619D2:[e55ccedd-a9fb-450d-a5f3-f296d15c6aa8:192.168.5.161:45208] with ContainerStateMachine:uninitialized
2019-09-25 05:44:20,830 [pool-587-thread-1] INFO  server.RaftServerConfigKeys (ConfUtils.java:logGet(43)) - raft.server.rpc.timeout.min = 5s (custom)
2019-09-25 05:44:20,830 [pool-587-thread-1] INFO  server.RaftServerConfigKeys (ConfUtils.java:logGet(43)) - raft.server.rpc.timeout.max = 5200ms (custom)
2019-09-25 05:44:20,830 [pool-587-thread-1] INFO  server.RaftServerConfigKeys (ConfUtils.java:logGet(43)) - raft.server.rpcslowness.timeout = 120s (custom)
2019-09-25 05:44:20,830 [pool-587-thread-1] INFO  server.RaftServerConfigKeys (ConfUtils.java:logGet(43)) - raft.server.sleep.deviation.threshold = 300 (default)
2019-09-25 05:44:20,830 [pool-587-thread-1] INFO  server.RaftServerConfigKeys (ConfUtils.java:logGet(43)) - raft.server.log.appender.install.snapshot.enabled = false (custom)
2019-09-25 05:44:20,830 [pool-587-thread-1] INFO  impl.RaftServerImpl (ServerState.java:<init>(103)) - e55ccedd-a9fb-450d-a5f3-f296d15c6aa8@group-4DAE896619D2: ConfigurationManager, init=-1: [e55ccedd-a9fb-450d-a5f3-f296d15c6aa8:192.168.5.161:45208], old=null, confs=<EMPTY_MAP>
2019-09-25 05:44:20,831 [pool-587-thread-1] INFO  server.RaftServerConfigKeys (ConfUtils.java:logGet(43)) - raft.server.storage.dir = [/workdir/hadoop-ozone/ozonefs/target/test-dir/MiniOzoneClusterImpl-8a873c7d-0254-4d89-9d76-4b8349893ca9/datanode-1/data/ratis] (custom)
2019-09-25 05:44:20,831 [pool-587-thread-1] INFO  storage.RaftStorageDirectory (RaftStorageDirectory.java:analyzeStorage(246)) - The storage directory /workdir/hadoop-ozone/ozonefs/target/test-dir/MiniOzoneClusterImpl-8a873c7d-0254-4d89-9d76-4b8349893ca9/datanode-1/data/ratis/928aa3d9-2fca-47bb-b725-4dae896619d2 does not exist. Creating ...
2019-09-25 05:44:20,846 [pool-587-thread-1] INFO  storage.RaftStorageDirectory (RaftStorageDirectory.java:tryLock(328)) - Lock on /workdir/hadoop-ozone/ozonefs/target/test-dir/MiniOzoneClusterImpl-8a873c7d-0254-4d89-9d76-4b8349893ca9/datanode-1/data/ratis/928aa3d9-2fca-47bb-b725-4dae896619d2/in_use.lock acquired by nodename 26555@pr-hdds-1569-zxpks-796972592
2019-09-25 05:44:20,858 [pool-587-thread-1] INFO  storage.RaftStorage (RaftStorage.java:format(72)) - Storage directory /workdir/hadoop-ozone/ozonefs/target/test-dir/MiniOzoneClusterImpl-8a873c7d-0254-4d89-9d76-4b8349893ca9/datanode-1/data/ratis/928aa3d9-2fca-47bb-b725-4dae896619d2 has been successfully formatted.
2019-09-25 05:44:20,858 [pool-587-thread-1] INFO  ratis.ContainerStateMachine (ContainerStateMachine.java:loadSnapshot(230)) - group-4DAE896619D2: The snapshot info is null. Setting the last applied indexto:(t:0, i:~)
2019-09-25 05:44:20,858 [pool-587-thread-1] INFO  server.RaftServerConfigKeys (ConfUtils.java:logGet(43)) - raft.server.notification.no-leader.timeout = 120s (custom)
2019-09-25 05:44:20,859 [pool-587-thread-1] INFO  server.RaftServerConfigKeys (ConfUtils.java:logGet(43)) - raft.server.log.use.memory = false (default)
2019-09-25 05:44:20,859 [pool-587-thread-1] INFO  server.RaftServerConfigKeys (ConfUtils.java:logGet(43)) - raft.server.log.purge.gap = 1000000 (custom)
2019-09-25 05:44:20,859 [pool-587-thread-1] INFO  server.RaftServerConfigKeys (ConfUtils.java:logGet(43)) - raft.server.log.appender.buffer.byte-limit = 33554432 (custom)
2019-09-25 05:44:20,859 [pool-587-thread-1] INFO  server.RaftServerConfigKeys (ConfUtils.java:logGet(43)) - raft.server.log.segment.size.max = 1048576 (custom)
2019-09-25 05:44:20,859 [pool-587-thread-1] INFO  server.RaftServerConfigKeys (ConfUtils.java:logGet(43)) - raft.server.log.segment.cache.num.max = 2 (custom)
2019-09-25 05:44:20,859 [pool-587-thread-1] INFO  segmented.SegmentedRaftLogWorker (SegmentedRaftLogWorker.java:<init>(172)) - new e55ccedd-a9fb-450d-a5f3-f296d15c6aa8@group-4DAE896619D2-SegmentedRaftLogWorker for RaftStorage:Storage Directory /workdir/hadoop-ozone/ozonefs/target/test-dir/MiniOzoneClusterImpl-8a873c7d-0254-4d89-9d76-4b8349893ca9/datanode-1/data/ratis/928aa3d9-2fca-47bb-b725-4dae896619d2
2019-09-25 05:44:20,859 [pool-587-thread-1] INFO  server.RaftServerConfigKeys (ConfUtils.java:logGet(43)) - raft.server.log.queue.byte-limit = 2147483647 (custom)
2019-09-25 05:44:20,860 [pool-587-thread-1] INFO  server.RaftServerConfigKeys (ConfUtils.java:logGet(43)) - raft.server.log.queue.element-limit = 1024 (custom)
2019-09-25 05:44:20,860 [pool-587-thread-1] INFO  server.RaftServerConfigKeys (ConfUtils.java:logGet(43)) - raft.server.log.segment.size.max = 1048576 (custom)
2019-09-25 05:44:20,860 [pool-587-thread-1] INFO  server.RaftServerConfigKeys (ConfUtils.java:logGet(43)) - raft.server.log.preallocated.size = 16384 (custom)
2019-09-25 05:44:20,860 [pool-587-thread-1] INFO  server.RaftServerConfigKeys (ConfUtils.java:logGet(43)) - raft.server.log.write.buffer.size = 33554432 (custom)
2019-09-25 05:44:20,860 [pool-587-thread-1] INFO  server.RaftServerConfigKeys (ConfUtils.java:logGet(43)) - raft.server.log.force.sync.num = 128 (default)
2019-09-25 05:44:20,860 [pool-587-thread-1] INFO  server.RaftServerConfigKeys (ConfUtils.java:logGet(43)) - raft.server.log.statemachine.data.sync = true (default)
2019-09-25 05:44:20,860 [pool-587-thread-1] INFO  server.RaftServerConfigKeys (ConfUtils.java:logGet(43)) - raft.server.log.statemachine.data.sync.timeout = 10s (default)
2019-09-25 05:44:20,861 [pool-587-thread-1] INFO  server.RaftServerConfigKeys (ConfUtils.java:logGet(43)) - raft.server.log.statemachine.data.sync.timeout.retry = -1 (default)
2019-09-25 05:44:20,861 [pool-587-thread-1] INFO  server.RaftServerConfigKeys (ConfUtils.java:logGet(43)) - raft.server.log.statemachine.data.caching.enabled = true (custom)
2019-09-25 05:44:20,861 [pool-587-thread-1] INFO  segmented.SegmentedRaftLogWorker (SegmentedRaftLogWorker.java:lambda$new$0(132)) - e55ccedd-a9fb-450d-a5f3-f296d15c6aa8@group-4DAE896619D2-SegmentedRaftLogWorker: flushIndex: setUnconditionally 0 -> -1
2019-09-25 05:44:20,861 [pool-587-thread-1] INFO  server.RaftServerConfigKeys (ConfUtils.java:logGet(43)) - raft.server.snapshot.auto.trigger.enabled = true (custom)
2019-09-25 05:44:20,862 [pool-587-thread-1] INFO  server.RaftServerConfigKeys (ConfUtils.java:logGet(43)) - raft.server.snapshot.auto.trigger.threshold = 10000 (custom)
2019-09-25 05:44:20,862 [pool-587-thread-1] INFO  server.RaftServerConfigKeys (ConfUtils.java:logGet(43)) - raft.server.snapshot.retention.num.files = 5 (custom)
2019-09-25 05:44:20,862 [pool-587-thread-1] INFO  server.RaftServerConfigKeys (ConfUtils.java:logGet(43)) - raft.server.retrycache.expirytime = 600000ms (custom)
2019-09-25 05:44:20,864 [pool-587-thread-1] INFO  impl.RaftServerImpl (RaftServerImpl.java:start(185)) - e55ccedd-a9fb-450d-a5f3-f296d15c6aa8@group-4DAE896619D2: start as a follower, conf=-1: [e55ccedd-a9fb-450d-a5f3-f296d15c6aa8:192.168.5.161:45208], old=null
2019-09-25 05:44:20,864 [pool-587-thread-1] INFO  impl.RaftServerImpl (RaftServerImpl.java:setRole(174)) - e55ccedd-a9fb-450d-a5f3-f296d15c6aa8@group-4DAE896619D2: changes role from      null to FOLLOWER at term 0 for startAsFollower
2019-09-25 05:44:20,864 [pool-587-thread-1] INFO  impl.RoleInfo (RoleInfo.java:updateAndGet(143)) - e55ccedd-a9fb-450d-a5f3-f296d15c6aa8: start FollowerState
2019-09-25 05:44:20,865 [pool-587-thread-1] INFO  util.JmxRegister (JmxRegister.java:tryRegister(44)) - Successfully registered JMX Bean with object name Ratis:service=RaftServer,group=group-4DAE896619D2,id=e55ccedd-a9fb-450d-a5f3-f296d15c6aa8
2019-09-25 05:44:20,868 [RatisPipelineUtilsThread] INFO  pipeline.PipelineStateManager (PipelineStateManager.java:addPipeline(56)) - Created pipeline Pipeline[ Id: 928aa3d9-2fca-47bb-b725-4dae896619d2, Nodes: e55ccedd-a9fb-450d-a5f3-f296d15c6aa8{ip: 192.168.5.161, host: pr-hdds-1569-zxpks-796972592, networkLocation: /default-rack, certSerialId: null}, Type:RATIS, Factor:ONE, State:OPEN]
2019-09-25 05:44:20,873 [grpc-default-executor-0] INFO  impl.RaftServerProxy (RaftServerProxy.java:addNew(89)) - f282a92e-c7a5-4658-9c35-ca03b5a63ea2: addNew group-B651C33F208B:[f282a92e-c7a5-4658-9c35-ca03b5a63ea2:192.168.5.161:42213] returns group-B651C33F208B:java.util.concurrent.CompletableFuture@7fb11e64[Not completed]
2019-09-25 05:44:20,875 [pool-577-thread-1] INFO  impl.RaftServerImpl (RaftServerImpl.java:<init>(95)) - f282a92e-c7a5-4658-9c35-ca03b5a63ea2: new RaftServerImpl for group-B651C33F208B:[f282a92e-c7a5-4658-9c35-ca03b5a63ea2:192.168.5.161:42213] with ContainerStateMachine:uninitialized
2019-09-25 05:44:20,875 [pool-577-thread-1] INFO  server.RaftServerConfigKeys (ConfUtils.java:logGet(43)) - raft.server.rpc.timeout.min = 5s (custom)
2019-09-25 05:44:20,875 [pool-577-thread-1] INFO  server.RaftServerConfigKeys (ConfUtils.java:logGet(43)) - raft.server.rpc.timeout.max = 5200ms (custom)
2019-09-25 05:44:20,875 [pool-577-thread-1] INFO  server.RaftServerConfigKeys (ConfUtils.java:logGet(43)) - raft.server.rpcslowness.timeout = 120s (custom)
2019-09-25 05:44:20,875 [pool-577-thread-1] INFO  server.RaftServerConfigKeys (ConfUtils.java:logGet(43)) - raft.server.sleep.deviation.threshold = 300 (default)
2019-09-25 05:44:20,875 [pool-577-thread-1] INFO  server.RaftServerConfigKeys (ConfUtils.java:logGet(43)) - raft.server.log.appender.install.snapshot.enabled = false (custom)
2019-09-25 05:44:20,875 [pool-577-thread-1] INFO  impl.RaftServerImpl (ServerState.java:<init>(103)) - f282a92e-c7a5-4658-9c35-ca03b5a63ea2@group-B651C33F208B: ConfigurationManager, init=-1: [f282a92e-c7a5-4658-9c35-ca03b5a63ea2:192.168.5.161:42213], old=null, confs=<EMPTY_MAP>
2019-09-25 05:44:20,876 [pool-577-thread-1] INFO  server.RaftServerConfigKeys (ConfUtils.java:logGet(43)) - raft.server.storage.dir = [/workdir/hadoop-ozone/ozonefs/target/test-dir/MiniOzoneClusterImpl-8a873c7d-0254-4d89-9d76-4b8349893ca9/datanode-0/data/ratis] (custom)
2019-09-25 05:44:20,876 [pool-577-thread-1] INFO  storage.RaftStorageDirectory (RaftStorageDirectory.java:analyzeStorage(246)) - The storage directory /workdir/hadoop-ozone/ozonefs/target/test-dir/MiniOzoneClusterImpl-8a873c7d-0254-4d89-9d76-4b8349893ca9/datanode-0/data/ratis/a92feb34-8285-4df4-95e0-b651c33f208b does not exist. Creating ...
2019-09-25 05:44:20,901 [pool-577-thread-1] INFO  storage.RaftStorageDirectory (RaftStorageDirectory.java:tryLock(328)) - Lock on /workdir/hadoop-ozone/ozonefs/target/test-dir/MiniOzoneClusterImpl-8a873c7d-0254-4d89-9d76-4b8349893ca9/datanode-0/data/ratis/a92feb34-8285-4df4-95e0-b651c33f208b/in_use.lock acquired by nodename 26555@pr-hdds-1569-zxpks-796972592
2019-09-25 05:44:20,915 [pool-577-thread-1] INFO  storage.RaftStorage (RaftStorage.java:format(72)) - Storage directory /workdir/hadoop-ozone/ozonefs/target/test-dir/MiniOzoneClusterImpl-8a873c7d-0254-4d89-9d76-4b8349893ca9/datanode-0/data/ratis/a92feb34-8285-4df4-95e0-b651c33f208b has been successfully formatted.
2019-09-25 05:44:20,915 [pool-577-thread-1] INFO  ratis.ContainerStateMachine (ContainerStateMachine.java:loadSnapshot(230)) - group-B651C33F208B: The snapshot info is null. Setting the last applied indexto:(t:0, i:~)
2019-09-25 05:44:20,915 [pool-577-thread-1] INFO  server.RaftServerConfigKeys (ConfUtils.java:logGet(43)) - raft.server.notification.no-leader.timeout = 120s (custom)
2019-09-25 05:44:20,915 [pool-577-thread-1] INFO  server.RaftServerConfigKeys (ConfUtils.java:logGet(43)) - raft.server.log.use.memory = false (default)
2019-09-25 05:44:20,915 [pool-577-thread-1] INFO  server.RaftServerConfigKeys (ConfUtils.java:logGet(43)) - raft.server.log.purge.gap = 1000000 (custom)
2019-09-25 05:44:20,915 [pool-577-thread-1] INFO  server.RaftServerConfigKeys (ConfUtils.java:logGet(43)) - raft.server.log.appender.buffer.byte-limit = 33554432 (custom)
2019-09-25 05:44:20,915 [pool-577-thread-1] INFO  server.RaftServerConfigKeys (ConfUtils.java:logGet(43)) - raft.server.log.segment.size.max = 1048576 (custom)
2019-09-25 05:44:20,916 [pool-577-thread-1] INFO  server.RaftServerConfigKeys (ConfUtils.java:logGet(43)) - raft.server.log.segment.cache.num.max = 2 (custom)
2019-09-25 05:44:20,916 [pool-577-thread-1] INFO  segmented.SegmentedRaftLogWorker (SegmentedRaftLogWorker.java:<init>(172)) - new f282a92e-c7a5-4658-9c35-ca03b5a63ea2@group-B651C33F208B-SegmentedRaftLogWorker for RaftStorage:Storage Directory /workdir/hadoop-ozone/ozonefs/target/test-dir/MiniOzoneClusterImpl-8a873c7d-0254-4d89-9d76-4b8349893ca9/datanode-0/data/ratis/a92feb34-8285-4df4-95e0-b651c33f208b
2019-09-25 05:44:20,916 [pool-577-thread-1] INFO  server.RaftServerConfigKeys (ConfUtils.java:logGet(43)) - raft.server.log.queue.byte-limit = 2147483647 (custom)
2019-09-25 05:44:20,916 [pool-577-thread-1] INFO  server.RaftServerConfigKeys (ConfUtils.java:logGet(43)) - raft.server.log.queue.element-limit = 1024 (custom)
2019-09-25 05:44:20,916 [pool-577-thread-1] INFO  server.RaftServerConfigKeys (ConfUtils.java:logGet(43)) - raft.server.log.segment.size.max = 1048576 (custom)
2019-09-25 05:44:20,916 [pool-577-thread-1] INFO  server.RaftServerConfigKeys (ConfUtils.java:logGet(43)) - raft.server.log.preallocated.size = 16384 (custom)
2019-09-25 05:44:20,916 [pool-577-thread-1] INFO  server.RaftServerConfigKeys (ConfUtils.java:logGet(43)) - raft.server.log.write.buffer.size = 33554432 (custom)
2019-09-25 05:44:20,916 [pool-577-thread-1] INFO  server.RaftServerConfigKeys (ConfUtils.java:logGet(43)) - raft.server.log.force.sync.num = 128 (default)
2019-09-25 05:44:20,916 [pool-577-thread-1] INFO  server.RaftServerConfigKeys (ConfUtils.java:logGet(43)) - raft.server.log.statemachine.data.sync = true (default)
2019-09-25 05:44:20,917 [pool-577-thread-1] INFO  server.RaftServerConfigKeys (ConfUtils.java:logGet(43)) - raft.server.log.statemachine.data.sync.timeout = 10s (default)
2019-09-25 05:44:20,917 [pool-577-thread-1] INFO  server.RaftServerConfigKeys (ConfUtils.java:logGet(43)) - raft.server.log.statemachine.data.sync.timeout.retry = -1 (default)
2019-09-25 05:44:20,917 [pool-577-thread-1] INFO  server.RaftServerConfigKeys (ConfUtils.java:logGet(43)) - raft.server.log.statemachine.data.caching.enabled = true (custom)
2019-09-25 05:44:20,917 [pool-577-thread-1] INFO  segmented.SegmentedRaftLogWorker (SegmentedRaftLogWorker.java:lambda$new$0(132)) - f282a92e-c7a5-4658-9c35-ca03b5a63ea2@group-B651C33F208B-SegmentedRaftLogWorker: flushIndex: setUnconditionally 0 -> -1
2019-09-25 05:44:20,918 [pool-577-thread-1] INFO  server.RaftServerConfigKeys (ConfUtils.java:logGet(43)) - raft.server.snapshot.auto.trigger.enabled = true (custom)
2019-09-25 05:44:20,918 [pool-577-thread-1] INFO  server.RaftServerConfigKeys (ConfUtils.java:logGet(43)) - raft.server.snapshot.auto.trigger.threshold = 10000 (custom)
2019-09-25 05:44:20,918 [pool-577-thread-1] INFO  server.RaftServerConfigKeys (ConfUtils.java:logGet(43)) - raft.server.snapshot.retention.num.files = 5 (custom)
2019-09-25 05:44:20,918 [pool-577-thread-1] INFO  server.RaftServerConfigKeys (ConfUtils.java:logGet(43)) - raft.server.retrycache.expirytime = 600000ms (custom)
2019-09-25 05:44:20,920 [pool-577-thread-1] INFO  impl.RaftServerImpl (RaftServerImpl.java:start(185)) - f282a92e-c7a5-4658-9c35-ca03b5a63ea2@group-B651C33F208B: start as a follower, conf=-1: [f282a92e-c7a5-4658-9c35-ca03b5a63ea2:192.168.5.161:42213], old=null
2019-09-25 05:44:20,920 [pool-577-thread-1] INFO  impl.RaftServerImpl (RaftServerImpl.java:setRole(174)) - f282a92e-c7a5-4658-9c35-ca03b5a63ea2@group-B651C33F208B: changes role from      null to FOLLOWER at term 0 for startAsFollower
2019-09-25 05:44:20,920 [pool-577-thread-1] INFO  impl.RoleInfo (RoleInfo.java:updateAndGet(143)) - f282a92e-c7a5-4658-9c35-ca03b5a63ea2: start FollowerState
2019-09-25 05:44:20,920 [pool-577-thread-1] INFO  util.JmxRegister (JmxRegister.java:tryRegister(44)) - Successfully registered JMX Bean with object name Ratis:service=RaftServer,group=group-B651C33F208B,id=f282a92e-c7a5-4658-9c35-ca03b5a63ea2
2019-09-25 05:44:20,923 [RatisPipelineUtilsThread] INFO  pipeline.PipelineStateManager (PipelineStateManager.java:addPipeline(56)) - Created pipeline Pipeline[ Id: a92feb34-8285-4df4-95e0-b651c33f208b, Nodes: f282a92e-c7a5-4658-9c35-ca03b5a63ea2{ip: 192.168.5.161, host: pr-hdds-1569-zxpks-796972592, networkLocation: /default-rack, certSerialId: null}, Type:RATIS, Factor:ONE, State:OPEN]
2019-09-25 05:44:20,929 [grpc-default-executor-0] INFO  impl.RaftServerProxy (RaftServerProxy.java:addNew(89)) - f282a92e-c7a5-4658-9c35-ca03b5a63ea2: addNew group-88DB06DBDF75:[f282a92e-c7a5-4658-9c35-ca03b5a63ea2:192.168.5.161:42213] returns group-88DB06DBDF75:java.util.concurrent.CompletableFuture@2521c6d0[Not completed]
2019-09-25 05:44:20,930 [pool-577-thread-1] INFO  impl.RaftServerImpl (RaftServerImpl.java:<init>(95)) - f282a92e-c7a5-4658-9c35-ca03b5a63ea2: new RaftServerImpl for group-88DB06DBDF75:[f282a92e-c7a5-4658-9c35-ca03b5a63ea2:192.168.5.161:42213] with ContainerStateMachine:uninitialized
2019-09-25 05:44:20,930 [pool-577-thread-1] INFO  server.RaftServerConfigKeys (ConfUtils.java:logGet(43)) - raft.server.rpc.timeout.min = 5s (custom)
2019-09-25 05:44:20,930 [pool-577-thread-1] INFO  server.RaftServerConfigKeys (ConfUtils.java:logGet(43)) - raft.server.rpc.timeout.max = 5200ms (custom)
2019-09-25 05:44:20,930 [pool-577-thread-1] INFO  server.RaftServerConfigKeys (ConfUtils.java:logGet(43)) - raft.server.rpcslowness.timeout = 120s (custom)
2019-09-25 05:44:20,930 [pool-577-thread-1] INFO  server.RaftServerConfigKeys (ConfUtils.java:logGet(43)) - raft.server.sleep.deviation.threshold = 300 (default)
2019-09-25 05:44:20,930 [pool-577-thread-1] INFO  server.RaftServerConfigKeys (ConfUtils.java:logGet(43)) - raft.server.log.appender.install.snapshot.enabled = false (custom)
2019-09-25 05:44:20,930 [pool-577-thread-1] INFO  impl.RaftServerImpl (ServerState.java:<init>(103)) - f282a92e-c7a5-4658-9c35-ca03b5a63ea2@group-88DB06DBDF75: ConfigurationManager, init=-1: [f282a92e-c7a5-4658-9c35-ca03b5a63ea2:192.168.5.161:42213], old=null, confs=<EMPTY_MAP>
2019-09-25 05:44:20,930 [pool-577-thread-1] INFO  server.RaftServerConfigKeys (ConfUtils.java:logGet(43)) - raft.server.storage.dir = [/workdir/hadoop-ozone/ozonefs/target/test-dir/MiniOzoneClusterImpl-8a873c7d-0254-4d89-9d76-4b8349893ca9/datanode-0/data/ratis] (custom)
2019-09-25 05:44:20,931 [pool-577-thread-1] INFO  storage.RaftStorageDirectory (RaftStorageDirectory.java:analyzeStorage(246)) - The storage directory /workdir/hadoop-ozone/ozonefs/target/test-dir/MiniOzoneClusterImpl-8a873c7d-0254-4d89-9d76-4b8349893ca9/datanode-0/data/ratis/b93afe39-021e-4ee1-a729-88db06dbdf75 does not exist. Creating ...
2019-09-25 05:44:20,945 [pool-577-thread-1] INFO  storage.RaftStorageDirectory (RaftStorageDirectory.java:tryLock(328)) - Lock on /workdir/hadoop-ozone/ozonefs/target/test-dir/MiniOzoneClusterImpl-8a873c7d-0254-4d89-9d76-4b8349893ca9/datanode-0/data/ratis/b93afe39-021e-4ee1-a729-88db06dbdf75/in_use.lock acquired by nodename 26555@pr-hdds-1569-zxpks-796972592
2019-09-25 05:44:20,958 [pool-577-thread-1] INFO  storage.RaftStorage (RaftStorage.java:format(72)) - Storage directory /workdir/hadoop-ozone/ozonefs/target/test-dir/MiniOzoneClusterImpl-8a873c7d-0254-4d89-9d76-4b8349893ca9/datanode-0/data/ratis/b93afe39-021e-4ee1-a729-88db06dbdf75 has been successfully formatted.
2019-09-25 05:44:20,958 [pool-577-thread-1] INFO  ratis.ContainerStateMachine (ContainerStateMachine.java:loadSnapshot(230)) - group-88DB06DBDF75: The snapshot info is null. Setting the last applied indexto:(t:0, i:~)
2019-09-25 05:44:20,958 [pool-577-thread-1] INFO  server.RaftServerConfigKeys (ConfUtils.java:logGet(43)) - raft.server.notification.no-leader.timeout = 120s (custom)
2019-09-25 05:44:20,958 [pool-577-thread-1] INFO  server.RaftServerConfigKeys (ConfUtils.java:logGet(43)) - raft.server.log.use.memory = false (default)
2019-09-25 05:44:20,958 [pool-577-thread-1] INFO  server.RaftServerConfigKeys (ConfUtils.java:logGet(43)) - raft.server.log.purge.gap = 1000000 (custom)
2019-09-25 05:44:20,958 [pool-577-thread-1] INFO  server.RaftServerConfigKeys (ConfUtils.java:logGet(43)) - raft.server.log.appender.buffer.byte-limit = 33554432 (custom)
2019-09-25 05:44:20,958 [pool-577-thread-1] INFO  server.RaftServerConfigKeys (ConfUtils.java:logGet(43)) - raft.server.log.segment.size.max = 1048576 (custom)
2019-09-25 05:44:20,959 [pool-577-thread-1] INFO  server.RaftServerConfigKeys (ConfUtils.java:logGet(43)) - raft.server.log.segment.cache.num.max = 2 (custom)
2019-09-25 05:44:20,959 [pool-577-thread-1] INFO  segmented.SegmentedRaftLogWorker (SegmentedRaftLogWorker.java:<init>(172)) - new f282a92e-c7a5-4658-9c35-ca03b5a63ea2@group-88DB06DBDF75-SegmentedRaftLogWorker for RaftStorage:Storage Directory /workdir/hadoop-ozone/ozonefs/target/test-dir/MiniOzoneClusterImpl-8a873c7d-0254-4d89-9d76-4b8349893ca9/datanode-0/data/ratis/b93afe39-021e-4ee1-a729-88db06dbdf75
2019-09-25 05:44:20,959 [pool-577-thread-1] INFO  server.RaftServerConfigKeys (ConfUtils.java:logGet(43)) - raft.server.log.queue.byte-limit = 2147483647 (custom)
2019-09-25 05:44:20,959 [pool-577-thread-1] INFO  server.RaftServerConfigKeys (ConfUtils.java:logGet(43)) - raft.server.log.queue.element-limit = 1024 (custom)
2019-09-25 05:44:20,959 [pool-577-thread-1] INFO  server.RaftServerConfigKeys (ConfUtils.java:logGet(43)) - raft.server.log.segment.size.max = 1048576 (custom)
2019-09-25 05:44:20,959 [pool-577-thread-1] INFO  server.RaftServerConfigKeys (ConfUtils.java:logGet(43)) - raft.server.log.preallocated.size = 16384 (custom)
2019-09-25 05:44:20,959 [pool-577-thread-1] INFO  server.RaftServerConfigKeys (ConfUtils.java:logGet(43)) - raft.server.log.write.buffer.size = 33554432 (custom)
2019-09-25 05:44:20,959 [pool-577-thread-1] INFO  server.RaftServerConfigKeys (ConfUtils.java:logGet(43)) - raft.server.log.force.sync.num = 128 (default)
2019-09-25 05:44:20,960 [pool-577-thread-1] INFO  server.RaftServerConfigKeys (ConfUtils.java:logGet(43)) - raft.server.log.statemachine.data.sync = true (default)
2019-09-25 05:44:20,960 [pool-577-thread-1] INFO  server.RaftServerConfigKeys (ConfUtils.java:logGet(43)) - raft.server.log.statemachine.data.sync.timeout = 10s (default)
2019-09-25 05:44:20,960 [pool-577-thread-1] INFO  server.RaftServerConfigKeys (ConfUtils.java:logGet(43)) - raft.server.log.statemachine.data.sync.timeout.retry = -1 (default)
2019-09-25 05:44:20,960 [pool-577-thread-1] INFO  server.RaftServerConfigKeys (ConfUtils.java:logGet(43)) - raft.server.log.statemachine.data.caching.enabled = true (custom)
2019-09-25 05:44:20,960 [pool-577-thread-1] INFO  segmented.SegmentedRaftLogWorker (SegmentedRaftLogWorker.java:lambda$new$0(132)) - f282a92e-c7a5-4658-9c35-ca03b5a63ea2@group-88DB06DBDF75-SegmentedRaftLogWorker: flushIndex: setUnconditionally 0 -> -1
2019-09-25 05:44:20,961 [pool-577-thread-1] INFO  server.RaftServerConfigKeys (ConfUtils.java:logGet(43)) - raft.server.snapshot.auto.trigger.enabled = true (custom)
2019-09-25 05:44:20,961 [pool-577-thread-1] INFO  server.RaftServerConfigKeys (ConfUtils.java:logGet(43)) - raft.server.snapshot.auto.trigger.threshold = 10000 (custom)
2019-09-25 05:44:20,961 [pool-577-thread-1] INFO  server.RaftServerConfigKeys (ConfUtils.java:logGet(43)) - raft.server.snapshot.retention.num.files = 5 (custom)
2019-09-25 05:44:20,961 [pool-577-thread-1] INFO  server.RaftServerConfigKeys (ConfUtils.java:logGet(43)) - raft.server.retrycache.expirytime = 600000ms (custom)
2019-09-25 05:44:20,963 [pool-577-thread-1] INFO  impl.RaftServerImpl (RaftServerImpl.java:start(185)) - f282a92e-c7a5-4658-9c35-ca03b5a63ea2@group-88DB06DBDF75: start as a follower, conf=-1: [f282a92e-c7a5-4658-9c35-ca03b5a63ea2:192.168.5.161:42213], old=null
2019-09-25 05:44:20,963 [pool-577-thread-1] INFO  impl.RaftServerImpl (RaftServerImpl.java:setRole(174)) - f282a92e-c7a5-4658-9c35-ca03b5a63ea2@group-88DB06DBDF75: changes role from      null to FOLLOWER at term 0 for startAsFollower
2019-09-25 05:44:20,963 [pool-577-thread-1] INFO  impl.RoleInfo (RoleInfo.java:updateAndGet(143)) - f282a92e-c7a5-4658-9c35-ca03b5a63ea2: start FollowerState
2019-09-25 05:44:20,963 [pool-577-thread-1] INFO  util.JmxRegister (JmxRegister.java:tryRegister(44)) - Successfully registered JMX Bean with object name Ratis:service=RaftServer,group=group-88DB06DBDF75,id=f282a92e-c7a5-4658-9c35-ca03b5a63ea2
2019-09-25 05:44:20,966 [RatisPipelineUtilsThread] INFO  pipeline.PipelineStateManager (PipelineStateManager.java:addPipeline(56)) - Created pipeline Pipeline[ Id: b93afe39-021e-4ee1-a729-88db06dbdf75, Nodes: f282a92e-c7a5-4658-9c35-ca03b5a63ea2{ip: 192.168.5.161, host: pr-hdds-1569-zxpks-796972592, networkLocation: /default-rack, certSerialId: null}, Type:RATIS, Factor:ONE, State:OPEN]
2019-09-25 05:44:20,966 [RatisPipelineUtilsThread] INFO  pipeline.PipelinePlacementPolicy (PipelinePlacementPolicy.java:meetCriteria(91)) - Pipeline Placement: can't place more pipeline on heavy datanode： f282a92e-c7a5-4658-9c35-ca03b5a63ea2 Heaviness: 6 limit: 5
2019-09-25 05:44:20,971 [grpc-default-executor-0] INFO  impl.RaftServerProxy (RaftServerProxy.java:addNew(89)) - 138a7143-15fe-4753-bfe7-f24402fccca7: addNew group-9B9814E7D8C9:[138a7143-15fe-4753-bfe7-f24402fccca7:192.168.5.161:37623] returns group-9B9814E7D8C9:java.util.concurrent.CompletableFuture@375be6d1[Not completed]
2019-09-25 05:44:20,972 [pool-597-thread-1] INFO  impl.RaftServerImpl (RaftServerImpl.java:<init>(95)) - 138a7143-15fe-4753-bfe7-f24402fccca7: new RaftServerImpl for group-9B9814E7D8C9:[138a7143-15fe-4753-bfe7-f24402fccca7:192.168.5.161:37623] with ContainerStateMachine:uninitialized
2019-09-25 05:44:20,972 [pool-597-thread-1] INFO  server.RaftServerConfigKeys (ConfUtils.java:logGet(43)) - raft.server.rpc.timeout.min = 5s (custom)
2019-09-25 05:44:20,973 [pool-597-thread-1] INFO  server.RaftServerConfigKeys (ConfUtils.java:logGet(43)) - raft.server.rpc.timeout.max = 5200ms (custom)
2019-09-25 05:44:20,973 [pool-597-thread-1] INFO  server.RaftServerConfigKeys (ConfUtils.java:logGet(43)) - raft.server.rpcslowness.timeout = 120s (custom)
2019-09-25 05:44:20,973 [pool-597-thread-1] INFO  server.RaftServerConfigKeys (ConfUtils.java:logGet(43)) - raft.server.sleep.deviation.threshold = 300 (default)
2019-09-25 05:44:20,973 [pool-597-thread-1] INFO  server.RaftServerConfigKeys (ConfUtils.java:logGet(43)) - raft.server.log.appender.install.snapshot.enabled = false (custom)
2019-09-25 05:44:20,973 [pool-597-thread-1] INFO  impl.RaftServerImpl (ServerState.java:<init>(103)) - 138a7143-15fe-4753-bfe7-f24402fccca7@group-9B9814E7D8C9: ConfigurationManager, init=-1: [138a7143-15fe-4753-bfe7-f24402fccca7:192.168.5.161:37623], old=null, confs=<EMPTY_MAP>
2019-09-25 05:44:20,973 [pool-597-thread-1] INFO  server.RaftServerConfigKeys (ConfUtils.java:logGet(43)) - raft.server.storage.dir = [/workdir/hadoop-ozone/ozonefs/target/test-dir/MiniOzoneClusterImpl-8a873c7d-0254-4d89-9d76-4b8349893ca9/datanode-2/data/ratis] (custom)
2019-09-25 05:44:20,974 [pool-597-thread-1] INFO  storage.RaftStorageDirectory (RaftStorageDirectory.java:analyzeStorage(246)) - The storage directory /workdir/hadoop-ozone/ozonefs/target/test-dir/MiniOzoneClusterImpl-8a873c7d-0254-4d89-9d76-4b8349893ca9/datanode-2/data/ratis/29ec4aa5-4fd5-4591-8282-9b9814e7d8c9 does not exist. Creating ...
2019-09-25 05:44:20,999 [pool-597-thread-1] INFO  storage.RaftStorageDirectory (RaftStorageDirectory.java:tryLock(328)) - Lock on /workdir/hadoop-ozone/ozonefs/target/test-dir/MiniOzoneClusterImpl-8a873c7d-0254-4d89-9d76-4b8349893ca9/datanode-2/data/ratis/29ec4aa5-4fd5-4591-8282-9b9814e7d8c9/in_use.lock acquired by nodename 26555@pr-hdds-1569-zxpks-796972592
2019-09-25 05:44:21,002 [pool-597-thread-1] INFO  storage.RaftStorage (RaftStorage.java:format(72)) - Storage directory /workdir/hadoop-ozone/ozonefs/target/test-dir/MiniOzoneClusterImpl-8a873c7d-0254-4d89-9d76-4b8349893ca9/datanode-2/data/ratis/29ec4aa5-4fd5-4591-8282-9b9814e7d8c9 has been successfully formatted.
2019-09-25 05:44:21,003 [pool-597-thread-1] INFO  ratis.ContainerStateMachine (ContainerStateMachine.java:loadSnapshot(230)) - group-9B9814E7D8C9: The snapshot info is null. Setting the last applied indexto:(t:0, i:~)
2019-09-25 05:44:21,003 [pool-597-thread-1] INFO  server.RaftServerConfigKeys (ConfUtils.java:logGet(43)) - raft.server.notification.no-leader.timeout = 120s (custom)
2019-09-25 05:44:21,003 [pool-597-thread-1] INFO  server.RaftServerConfigKeys (ConfUtils.java:logGet(43)) - raft.server.log.use.memory = false (default)
2019-09-25 05:44:21,003 [pool-597-thread-1] INFO  server.RaftServerConfigKeys (ConfUtils.java:logGet(43)) - raft.server.log.purge.gap = 1000000 (custom)
2019-09-25 05:44:21,003 [pool-597-thread-1] INFO  server.RaftServerConfigKeys (ConfUtils.java:logGet(43)) - raft.server.log.appender.buffer.byte-limit = 33554432 (custom)
2019-09-25 05:44:21,004 [pool-597-thread-1] INFO  server.RaftServerConfigKeys (ConfUtils.java:logGet(43)) - raft.server.log.segment.size.max = 1048576 (custom)
2019-09-25 05:44:21,004 [pool-597-thread-1] INFO  server.RaftServerConfigKeys (ConfUtils.java:logGet(43)) - raft.server.log.segment.cache.num.max = 2 (custom)
2019-09-25 05:44:21,004 [pool-597-thread-1] INFO  segmented.SegmentedRaftLogWorker (SegmentedRaftLogWorker.java:<init>(172)) - new 138a7143-15fe-4753-bfe7-f24402fccca7@group-9B9814E7D8C9-SegmentedRaftLogWorker for RaftStorage:Storage Directory /workdir/hadoop-ozone/ozonefs/target/test-dir/MiniOzoneClusterImpl-8a873c7d-0254-4d89-9d76-4b8349893ca9/datanode-2/data/ratis/29ec4aa5-4fd5-4591-8282-9b9814e7d8c9
2019-09-25 05:44:21,004 [pool-597-thread-1] INFO  server.RaftServerConfigKeys (ConfUtils.java:logGet(43)) - raft.server.log.queue.byte-limit = 2147483647 (custom)
2019-09-25 05:44:21,004 [pool-597-thread-1] INFO  server.RaftServerConfigKeys (ConfUtils.java:logGet(43)) - raft.server.log.queue.element-limit = 1024 (custom)
2019-09-25 05:44:21,004 [pool-597-thread-1] INFO  server.RaftServerConfigKeys (ConfUtils.java:logGet(43)) - raft.server.log.segment.size.max = 1048576 (custom)
2019-09-25 05:44:21,005 [pool-597-thread-1] INFO  server.RaftServerConfigKeys (ConfUtils.java:logGet(43)) - raft.server.log.preallocated.size = 16384 (custom)
2019-09-25 05:44:21,005 [pool-597-thread-1] INFO  server.RaftServerConfigKeys (ConfUtils.java:logGet(43)) - raft.server.log.write.buffer.size = 33554432 (custom)
2019-09-25 05:44:21,005 [pool-597-thread-1] INFO  server.RaftServerConfigKeys (ConfUtils.java:logGet(43)) - raft.server.log.force.sync.num = 128 (default)
2019-09-25 05:44:21,005 [pool-597-thread-1] INFO  server.RaftServerConfigKeys (ConfUtils.java:logGet(43)) - raft.server.log.statemachine.data.sync = true (default)
2019-09-25 05:44:21,005 [pool-597-thread-1] INFO  server.RaftServerConfigKeys (ConfUtils.java:logGet(43)) - raft.server.log.statemachine.data.sync.timeout = 10s (default)
2019-09-25 05:44:21,005 [pool-597-thread-1] INFO  server.RaftServerConfigKeys (ConfUtils.java:logGet(43)) - raft.server.log.statemachine.data.sync.timeout.retry = -1 (default)
2019-09-25 05:44:21,005 [pool-597-thread-1] INFO  server.RaftServerConfigKeys (ConfUtils.java:logGet(43)) - raft.server.log.statemachine.data.caching.enabled = true (custom)
2019-09-25 05:44:21,006 [pool-597-thread-1] INFO  segmented.SegmentedRaftLogWorker (SegmentedRaftLogWorker.java:lambda$new$0(132)) - 138a7143-15fe-4753-bfe7-f24402fccca7@group-9B9814E7D8C9-SegmentedRaftLogWorker: flushIndex: setUnconditionally 0 -> -1
2019-09-25 05:44:21,006 [pool-597-thread-1] INFO  server.RaftServerConfigKeys (ConfUtils.java:logGet(43)) - raft.server.snapshot.auto.trigger.enabled = true (custom)
2019-09-25 05:44:21,006 [pool-597-thread-1] INFO  server.RaftServerConfigKeys (ConfUtils.java:logGet(43)) - raft.server.snapshot.auto.trigger.threshold = 10000 (custom)
2019-09-25 05:44:21,006 [pool-597-thread-1] INFO  server.RaftServerConfigKeys (ConfUtils.java:logGet(43)) - raft.server.snapshot.retention.num.files = 5 (custom)
2019-09-25 05:44:21,007 [pool-597-thread-1] INFO  server.RaftServerConfigKeys (ConfUtils.java:logGet(43)) - raft.server.retrycache.expirytime = 600000ms (custom)
2019-09-25 05:44:21,008 [pool-597-thread-1] INFO  impl.RaftServerImpl (RaftServerImpl.java:start(185)) - 138a7143-15fe-4753-bfe7-f24402fccca7@group-9B9814E7D8C9: start as a follower, conf=-1: [138a7143-15fe-4753-bfe7-f24402fccca7:192.168.5.161:37623], old=null
2019-09-25 05:44:21,009 [pool-597-thread-1] INFO  impl.RaftServerImpl (RaftServerImpl.java:setRole(174)) - 138a7143-15fe-4753-bfe7-f24402fccca7@group-9B9814E7D8C9: changes role from      null to FOLLOWER at term 0 for startAsFollower
2019-09-25 05:44:21,009 [pool-597-thread-1] INFO  impl.RoleInfo (RoleInfo.java:updateAndGet(143)) - 138a7143-15fe-4753-bfe7-f24402fccca7: start FollowerState
2019-09-25 05:44:21,009 [pool-597-thread-1] INFO  util.JmxRegister (JmxRegister.java:tryRegister(44)) - Successfully registered JMX Bean with object name Ratis:service=RaftServer,group=group-9B9814E7D8C9,id=138a7143-15fe-4753-bfe7-f24402fccca7
2019-09-25 05:44:21,012 [RatisPipelineUtilsThread] INFO  pipeline.PipelineStateManager (PipelineStateManager.java:addPipeline(56)) - Created pipeline Pipeline[ Id: 29ec4aa5-4fd5-4591-8282-9b9814e7d8c9, Nodes: 138a7143-15fe-4753-bfe7-f24402fccca7{ip: 192.168.5.161, host: pr-hdds-1569-zxpks-796972592, networkLocation: /default-rack, certSerialId: null}, Type:RATIS, Factor:ONE, State:OPEN]
2019-09-25 05:44:21,012 [RatisPipelineUtilsThread] INFO  pipeline.PipelinePlacementPolicy (PipelinePlacementPolicy.java:meetCriteria(91)) - Pipeline Placement: can't place more pipeline on heavy datanode： f282a92e-c7a5-4658-9c35-ca03b5a63ea2 Heaviness: 6 limit: 5
2019-09-25 05:44:21,017 [grpc-default-executor-0] INFO  impl.RaftServerProxy (RaftServerProxy.java:addNew(89)) - e55ccedd-a9fb-450d-a5f3-f296d15c6aa8: addNew group-B04DCAB6F785:[e55ccedd-a9fb-450d-a5f3-f296d15c6aa8:192.168.5.161:45208] returns group-B04DCAB6F785:java.util.concurrent.CompletableFuture@55194629[Not completed]
2019-09-25 05:44:21,018 [pool-587-thread-1] INFO  impl.RaftServerImpl (RaftServerImpl.java:<init>(95)) - e55ccedd-a9fb-450d-a5f3-f296d15c6aa8: new RaftServerImpl for group-B04DCAB6F785:[e55ccedd-a9fb-450d-a5f3-f296d15c6aa8:192.168.5.161:45208] with ContainerStateMachine:uninitialized
2019-09-25 05:44:21,018 [pool-587-thread-1] INFO  server.RaftServerConfigKeys (ConfUtils.java:logGet(43)) - raft.server.rpc.timeout.min = 5s (custom)
2019-09-25 05:44:21,018 [pool-587-thread-1] INFO  server.RaftServerConfigKeys (ConfUtils.java:logGet(43)) - raft.server.rpc.timeout.max = 5200ms (custom)
2019-09-25 05:44:21,018 [pool-587-thread-1] INFO  server.RaftServerConfigKeys (ConfUtils.java:logGet(43)) - raft.server.rpcslowness.timeout = 120s (custom)
2019-09-25 05:44:21,019 [pool-587-thread-1] INFO  server.RaftServerConfigKeys (ConfUtils.java:logGet(43)) - raft.server.sleep.deviation.threshold = 300 (default)
2019-09-25 05:44:21,019 [pool-587-thread-1] INFO  server.RaftServerConfigKeys (ConfUtils.java:logGet(43)) - raft.server.log.appender.install.snapshot.enabled = false (custom)
2019-09-25 05:44:21,019 [pool-587-thread-1] INFO  impl.RaftServerImpl (ServerState.java:<init>(103)) - e55ccedd-a9fb-450d-a5f3-f296d15c6aa8@group-B04DCAB6F785: ConfigurationManager, init=-1: [e55ccedd-a9fb-450d-a5f3-f296d15c6aa8:192.168.5.161:45208], old=null, confs=<EMPTY_MAP>
2019-09-25 05:44:21,019 [pool-587-thread-1] INFO  server.RaftServerConfigKeys (ConfUtils.java:logGet(43)) - raft.server.storage.dir = [/workdir/hadoop-ozone/ozonefs/target/test-dir/MiniOzoneClusterImpl-8a873c7d-0254-4d89-9d76-4b8349893ca9/datanode-1/data/ratis] (custom)
2019-09-25 05:44:21,019 [pool-587-thread-1] INFO  storage.RaftStorageDirectory (RaftStorageDirectory.java:analyzeStorage(246)) - The storage directory /workdir/hadoop-ozone/ozonefs/target/test-dir/MiniOzoneClusterImpl-8a873c7d-0254-4d89-9d76-4b8349893ca9/datanode-1/data/ratis/b440218d-7e93-4ef4-9456-b04dcab6f785 does not exist. Creating ...
2019-09-25 05:44:21,022 [pool-587-thread-1] INFO  storage.RaftStorageDirectory (RaftStorageDirectory.java:tryLock(328)) - Lock on /workdir/hadoop-ozone/ozonefs/target/test-dir/MiniOzoneClusterImpl-8a873c7d-0254-4d89-9d76-4b8349893ca9/datanode-1/data/ratis/b440218d-7e93-4ef4-9456-b04dcab6f785/in_use.lock acquired by nodename 26555@pr-hdds-1569-zxpks-796972592
2019-09-25 05:44:21,043 [pool-587-thread-1] INFO  storage.RaftStorage (RaftStorage.java:format(72)) - Storage directory /workdir/hadoop-ozone/ozonefs/target/test-dir/MiniOzoneClusterImpl-8a873c7d-0254-4d89-9d76-4b8349893ca9/datanode-1/data/ratis/b440218d-7e93-4ef4-9456-b04dcab6f785 has been successfully formatted.
2019-09-25 05:44:21,044 [pool-587-thread-1] INFO  ratis.ContainerStateMachine (ContainerStateMachine.java:loadSnapshot(230)) - group-B04DCAB6F785: The snapshot info is null. Setting the last applied indexto:(t:0, i:~)
2019-09-25 05:44:21,044 [pool-587-thread-1] INFO  server.RaftServerConfigKeys (ConfUtils.java:logGet(43)) - raft.server.notification.no-leader.timeout = 120s (custom)
2019-09-25 05:44:21,044 [pool-587-thread-1] INFO  server.RaftServerConfigKeys (ConfUtils.java:logGet(43)) - raft.server.log.use.memory = false (default)
2019-09-25 05:44:21,044 [pool-587-thread-1] INFO  server.RaftServerConfigKeys (ConfUtils.java:logGet(43)) - raft.server.log.purge.gap = 1000000 (custom)
2019-09-25 05:44:21,044 [pool-587-thread-1] INFO  server.RaftServerConfigKeys (ConfUtils.java:logGet(43)) - raft.server.log.appender.buffer.byte-limit = 33554432 (custom)
2019-09-25 05:44:21,044 [pool-587-thread-1] INFO  server.RaftServerConfigKeys (ConfUtils.java:logGet(43)) - raft.server.log.segment.size.max = 1048576 (custom)
2019-09-25 05:44:21,045 [pool-587-thread-1] INFO  server.RaftServerConfigKeys (ConfUtils.java:logGet(43)) - raft.server.log.segment.cache.num.max = 2 (custom)
2019-09-25 05:44:21,045 [pool-587-thread-1] INFO  segmented.SegmentedRaftLogWorker (SegmentedRaftLogWorker.java:<init>(172)) - new e55ccedd-a9fb-450d-a5f3-f296d15c6aa8@group-B04DCAB6F785-SegmentedRaftLogWorker for RaftStorage:Storage Directory /workdir/hadoop-ozone/ozonefs/target/test-dir/MiniOzoneClusterImpl-8a873c7d-0254-4d89-9d76-4b8349893ca9/datanode-1/data/ratis/b440218d-7e93-4ef4-9456-b04dcab6f785
2019-09-25 05:44:21,045 [pool-587-thread-1] INFO  server.RaftServerConfigKeys (ConfUtils.java:logGet(43)) - raft.server.log.queue.byte-limit = 2147483647 (custom)
2019-09-25 05:44:21,045 [pool-587-thread-1] INFO  server.RaftServerConfigKeys (ConfUtils.java:logGet(43)) - raft.server.log.queue.element-limit = 1024 (custom)
2019-09-25 05:44:21,045 [pool-587-thread-1] INFO  server.RaftServerConfigKeys (ConfUtils.java:logGet(43)) - raft.server.log.segment.size.max = 1048576 (custom)
2019-09-25 05:44:21,045 [pool-587-thread-1] INFO  server.RaftServerConfigKeys (ConfUtils.java:logGet(43)) - raft.server.log.preallocated.size = 16384 (custom)
2019-09-25 05:44:21,045 [pool-587-thread-1] INFO  server.RaftServerConfigKeys (ConfUtils.java:logGet(43)) - raft.server.log.write.buffer.size = 33554432 (custom)
2019-09-25 05:44:21,045 [pool-587-thread-1] INFO  server.RaftServerConfigKeys (ConfUtils.java:logGet(43)) - raft.server.log.force.sync.num = 128 (default)
2019-09-25 05:44:21,046 [pool-587-thread-1] INFO  server.RaftServerConfigKeys (ConfUtils.java:logGet(43)) - raft.server.log.statemachine.data.sync = true (default)
2019-09-25 05:44:21,046 [pool-587-thread-1] INFO  server.RaftServerConfigKeys (ConfUtils.java:logGet(43)) - raft.server.log.statemachine.data.sync.timeout = 10s (default)
2019-09-25 05:44:21,046 [pool-587-thread-1] INFO  server.RaftServerConfigKeys (ConfUtils.java:logGet(43)) - raft.server.log.statemachine.data.sync.timeout.retry = -1 (default)
2019-09-25 05:44:21,046 [pool-587-thread-1] INFO  server.RaftServerConfigKeys (ConfUtils.java:logGet(43)) - raft.server.log.statemachine.data.caching.enabled = true (custom)
2019-09-25 05:44:21,046 [pool-587-thread-1] INFO  segmented.SegmentedRaftLogWorker (SegmentedRaftLogWorker.java:lambda$new$0(132)) - e55ccedd-a9fb-450d-a5f3-f296d15c6aa8@group-B04DCAB6F785-SegmentedRaftLogWorker: flushIndex: setUnconditionally 0 -> -1
2019-09-25 05:44:21,047 [pool-587-thread-1] INFO  server.RaftServerConfigKeys (ConfUtils.java:logGet(43)) - raft.server.snapshot.auto.trigger.enabled = true (custom)
2019-09-25 05:44:21,047 [pool-587-thread-1] INFO  server.RaftServerConfigKeys (ConfUtils.java:logGet(43)) - raft.server.snapshot.auto.trigger.threshold = 10000 (custom)
2019-09-25 05:44:21,047 [pool-587-thread-1] INFO  server.RaftServerConfigKeys (ConfUtils.java:logGet(43)) - raft.server.snapshot.retention.num.files = 5 (custom)
2019-09-25 05:44:21,047 [pool-587-thread-1] INFO  server.RaftServerConfigKeys (ConfUtils.java:logGet(43)) - raft.server.retrycache.expirytime = 600000ms (custom)
2019-09-25 05:44:21,049 [pool-587-thread-1] INFO  impl.RaftServerImpl (RaftServerImpl.java:start(185)) - e55ccedd-a9fb-450d-a5f3-f296d15c6aa8@group-B04DCAB6F785: start as a follower, conf=-1: [e55ccedd-a9fb-450d-a5f3-f296d15c6aa8:192.168.5.161:45208], old=null
2019-09-25 05:44:21,049 [pool-587-thread-1] INFO  impl.RaftServerImpl (RaftServerImpl.java:setRole(174)) - e55ccedd-a9fb-450d-a5f3-f296d15c6aa8@group-B04DCAB6F785: changes role from      null to FOLLOWER at term 0 for startAsFollower
2019-09-25 05:44:21,049 [pool-587-thread-1] INFO  impl.RoleInfo (RoleInfo.java:updateAndGet(143)) - e55ccedd-a9fb-450d-a5f3-f296d15c6aa8: start FollowerState
2019-09-25 05:44:21,049 [pool-587-thread-1] INFO  util.JmxRegister (JmxRegister.java:tryRegister(44)) - Successfully registered JMX Bean with object name Ratis:service=RaftServer,group=group-B04DCAB6F785,id=e55ccedd-a9fb-450d-a5f3-f296d15c6aa8
2019-09-25 05:44:21,052 [RatisPipelineUtilsThread] INFO  pipeline.PipelineStateManager (PipelineStateManager.java:addPipeline(56)) - Created pipeline Pipeline[ Id: b440218d-7e93-4ef4-9456-b04dcab6f785, Nodes: e55ccedd-a9fb-450d-a5f3-f296d15c6aa8{ip: 192.168.5.161, host: pr-hdds-1569-zxpks-796972592, networkLocation: /default-rack, certSerialId: null}, Type:RATIS, Factor:ONE, State:OPEN]
2019-09-25 05:44:21,052 [RatisPipelineUtilsThread] INFO  pipeline.PipelinePlacementPolicy (PipelinePlacementPolicy.java:meetCriteria(91)) - Pipeline Placement: can't place more pipeline on heavy datanode： f282a92e-c7a5-4658-9c35-ca03b5a63ea2 Heaviness: 6 limit: 5
2019-09-25 05:44:21,057 [grpc-default-executor-0] INFO  impl.RaftServerProxy (RaftServerProxy.java:addNew(89)) - e55ccedd-a9fb-450d-a5f3-f296d15c6aa8: addNew group-9AB720704C92:[e55ccedd-a9fb-450d-a5f3-f296d15c6aa8:192.168.5.161:45208] returns group-9AB720704C92:java.util.concurrent.CompletableFuture@9d29bbb[Not completed]
2019-09-25 05:44:21,058 [pool-587-thread-1] INFO  impl.RaftServerImpl (RaftServerImpl.java:<init>(95)) - e55ccedd-a9fb-450d-a5f3-f296d15c6aa8: new RaftServerImpl for group-9AB720704C92:[e55ccedd-a9fb-450d-a5f3-f296d15c6aa8:192.168.5.161:45208] with ContainerStateMachine:uninitialized
2019-09-25 05:44:21,058 [pool-587-thread-1] INFO  server.RaftServerConfigKeys (ConfUtils.java:logGet(43)) - raft.server.rpc.timeout.min = 5s (custom)
2019-09-25 05:44:21,058 [pool-587-thread-1] INFO  server.RaftServerConfigKeys (ConfUtils.java:logGet(43)) - raft.server.rpc.timeout.max = 5200ms (custom)
2019-09-25 05:44:21,058 [pool-587-thread-1] INFO  server.RaftServerConfigKeys (ConfUtils.java:logGet(43)) - raft.server.rpcslowness.timeout = 120s (custom)
2019-09-25 05:44:21,058 [pool-587-thread-1] INFO  server.RaftServerConfigKeys (ConfUtils.java:logGet(43)) - raft.server.sleep.deviation.threshold = 300 (default)
2019-09-25 05:44:21,059 [pool-587-thread-1] INFO  server.RaftServerConfigKeys (ConfUtils.java:logGet(43)) - raft.server.log.appender.install.snapshot.enabled = false (custom)
2019-09-25 05:44:21,059 [pool-587-thread-1] INFO  impl.RaftServerImpl (ServerState.java:<init>(103)) - e55ccedd-a9fb-450d-a5f3-f296d15c6aa8@group-9AB720704C92: ConfigurationManager, init=-1: [e55ccedd-a9fb-450d-a5f3-f296d15c6aa8:192.168.5.161:45208], old=null, confs=<EMPTY_MAP>
2019-09-25 05:44:21,059 [pool-587-thread-1] INFO  server.RaftServerConfigKeys (ConfUtils.java:logGet(43)) - raft.server.storage.dir = [/workdir/hadoop-ozone/ozonefs/target/test-dir/MiniOzoneClusterImpl-8a873c7d-0254-4d89-9d76-4b8349893ca9/datanode-1/data/ratis] (custom)
2019-09-25 05:44:21,059 [pool-587-thread-1] INFO  storage.RaftStorageDirectory (RaftStorageDirectory.java:analyzeStorage(246)) - The storage directory /workdir/hadoop-ozone/ozonefs/target/test-dir/MiniOzoneClusterImpl-8a873c7d-0254-4d89-9d76-4b8349893ca9/datanode-1/data/ratis/e7d61245-8880-428c-a71e-9ab720704c92 does not exist. Creating ...
2019-09-25 05:44:21,073 [pool-587-thread-1] INFO  storage.RaftStorageDirectory (RaftStorageDirectory.java:tryLock(328)) - Lock on /workdir/hadoop-ozone/ozonefs/target/test-dir/MiniOzoneClusterImpl-8a873c7d-0254-4d89-9d76-4b8349893ca9/datanode-1/data/ratis/e7d61245-8880-428c-a71e-9ab720704c92/in_use.lock acquired by nodename 26555@pr-hdds-1569-zxpks-796972592
2019-09-25 05:44:21,086 [pool-587-thread-1] INFO  storage.RaftStorage (RaftStorage.java:format(72)) - Storage directory /workdir/hadoop-ozone/ozonefs/target/test-dir/MiniOzoneClusterImpl-8a873c7d-0254-4d89-9d76-4b8349893ca9/datanode-1/data/ratis/e7d61245-8880-428c-a71e-9ab720704c92 has been successfully formatted.
2019-09-25 05:44:21,086 [pool-587-thread-1] INFO  ratis.ContainerStateMachine (ContainerStateMachine.java:loadSnapshot(230)) - group-9AB720704C92: The snapshot info is null. Setting the last applied indexto:(t:0, i:~)
2019-09-25 05:44:21,087 [pool-587-thread-1] INFO  server.RaftServerConfigKeys (ConfUtils.java:logGet(43)) - raft.server.notification.no-leader.timeout = 120s (custom)
2019-09-25 05:44:21,087 [pool-587-thread-1] INFO  server.RaftServerConfigKeys (ConfUtils.java:logGet(43)) - raft.server.log.use.memory = false (default)
2019-09-25 05:44:21,087 [pool-587-thread-1] INFO  server.RaftServerConfigKeys (ConfUtils.java:logGet(43)) - raft.server.log.purge.gap = 1000000 (custom)
2019-09-25 05:44:21,087 [pool-587-thread-1] INFO  server.RaftServerConfigKeys (ConfUtils.java:logGet(43)) - raft.server.log.appender.buffer.byte-limit = 33554432 (custom)
2019-09-25 05:44:21,087 [pool-587-thread-1] INFO  server.RaftServerConfigKeys (ConfUtils.java:logGet(43)) - raft.server.log.segment.size.max = 1048576 (custom)
2019-09-25 05:44:21,087 [pool-587-thread-1] INFO  server.RaftServerConfigKeys (ConfUtils.java:logGet(43)) - raft.server.log.segment.cache.num.max = 2 (custom)
2019-09-25 05:44:21,087 [pool-587-thread-1] INFO  segmented.SegmentedRaftLogWorker (SegmentedRaftLogWorker.java:<init>(172)) - new e55ccedd-a9fb-450d-a5f3-f296d15c6aa8@group-9AB720704C92-SegmentedRaftLogWorker for RaftStorage:Storage Directory /workdir/hadoop-ozone/ozonefs/target/test-dir/MiniOzoneClusterImpl-8a873c7d-0254-4d89-9d76-4b8349893ca9/datanode-1/data/ratis/e7d61245-8880-428c-a71e-9ab720704c92
2019-09-25 05:44:21,087 [pool-587-thread-1] INFO  server.RaftServerConfigKeys (ConfUtils.java:logGet(43)) - raft.server.log.queue.byte-limit = 2147483647 (custom)
2019-09-25 05:44:21,088 [pool-587-thread-1] INFO  server.RaftServerConfigKeys (ConfUtils.java:logGet(43)) - raft.server.log.queue.element-limit = 1024 (custom)
2019-09-25 05:44:21,088 [pool-587-thread-1] INFO  server.RaftServerConfigKeys (ConfUtils.java:logGet(43)) - raft.server.log.segment.size.max = 1048576 (custom)
2019-09-25 05:44:21,088 [pool-587-thread-1] INFO  server.RaftServerConfigKeys (ConfUtils.java:logGet(43)) - raft.server.log.preallocated.size = 16384 (custom)
2019-09-25 05:44:21,088 [pool-587-thread-1] INFO  server.RaftServerConfigKeys (ConfUtils.java:logGet(43)) - raft.server.log.write.buffer.size = 33554432 (custom)
2019-09-25 05:44:21,088 [pool-587-thread-1] INFO  server.RaftServerConfigKeys (ConfUtils.java:logGet(43)) - raft.server.log.force.sync.num = 128 (default)
2019-09-25 05:44:21,088 [pool-587-thread-1] INFO  server.RaftServerConfigKeys (ConfUtils.java:logGet(43)) - raft.server.log.statemachine.data.sync = true (default)
2019-09-25 05:44:21,088 [pool-587-thread-1] INFO  server.RaftServerConfigKeys (ConfUtils.java:logGet(43)) - raft.server.log.statemachine.data.sync.timeout = 10s (default)
2019-09-25 05:44:21,088 [pool-587-thread-1] INFO  server.RaftServerConfigKeys (ConfUtils.java:logGet(43)) - raft.server.log.statemachine.data.sync.timeout.retry = -1 (default)
2019-09-25 05:44:21,088 [pool-587-thread-1] INFO  server.RaftServerConfigKeys (ConfUtils.java:logGet(43)) - raft.server.log.statemachine.data.caching.enabled = true (custom)
2019-09-25 05:44:21,089 [pool-587-thread-1] INFO  segmented.SegmentedRaftLogWorker (SegmentedRaftLogWorker.java:lambda$new$0(132)) - e55ccedd-a9fb-450d-a5f3-f296d15c6aa8@group-9AB720704C92-SegmentedRaftLogWorker: flushIndex: setUnconditionally 0 -> -1
2019-09-25 05:44:21,089 [pool-587-thread-1] INFO  server.RaftServerConfigKeys (ConfUtils.java:logGet(43)) - raft.server.snapshot.auto.trigger.enabled = true (custom)
2019-09-25 05:44:21,089 [pool-587-thread-1] INFO  server.RaftServerConfigKeys (ConfUtils.java:logGet(43)) - raft.server.snapshot.auto.trigger.threshold = 10000 (custom)
2019-09-25 05:44:21,089 [pool-587-thread-1] INFO  server.RaftServerConfigKeys (ConfUtils.java:logGet(43)) - raft.server.snapshot.retention.num.files = 5 (custom)
2019-09-25 05:44:21,089 [pool-587-thread-1] INFO  server.RaftServerConfigKeys (ConfUtils.java:logGet(43)) - raft.server.retrycache.expirytime = 600000ms (custom)
2019-09-25 05:44:21,091 [pool-587-thread-1] INFO  impl.RaftServerImpl (RaftServerImpl.java:start(185)) - e55ccedd-a9fb-450d-a5f3-f296d15c6aa8@group-9AB720704C92: start as a follower, conf=-1: [e55ccedd-a9fb-450d-a5f3-f296d15c6aa8:192.168.5.161:45208], old=null
2019-09-25 05:44:21,091 [pool-587-thread-1] INFO  impl.RaftServerImpl (RaftServerImpl.java:setRole(174)) - e55ccedd-a9fb-450d-a5f3-f296d15c6aa8@group-9AB720704C92: changes role from      null to FOLLOWER at term 0 for startAsFollower
2019-09-25 05:44:21,091 [pool-587-thread-1] INFO  impl.RoleInfo (RoleInfo.java:updateAndGet(143)) - e55ccedd-a9fb-450d-a5f3-f296d15c6aa8: start FollowerState
2019-09-25 05:44:21,092 [pool-587-thread-1] INFO  util.JmxRegister (JmxRegister.java:tryRegister(44)) - Successfully registered JMX Bean with object name Ratis:service=RaftServer,group=group-9AB720704C92,id=e55ccedd-a9fb-450d-a5f3-f296d15c6aa8
2019-09-25 05:44:21,094 [RatisPipelineUtilsThread] INFO  pipeline.PipelineStateManager (PipelineStateManager.java:addPipeline(56)) - Created pipeline Pipeline[ Id: e7d61245-8880-428c-a71e-9ab720704c92, Nodes: e55ccedd-a9fb-450d-a5f3-f296d15c6aa8{ip: 192.168.5.161, host: pr-hdds-1569-zxpks-796972592, networkLocation: /default-rack, certSerialId: null}, Type:RATIS, Factor:ONE, State:OPEN]
2019-09-25 05:44:21,095 [RatisPipelineUtilsThread] INFO  pipeline.PipelinePlacementPolicy (PipelinePlacementPolicy.java:meetCriteria(91)) - Pipeline Placement: can't place more pipeline on heavy datanode： f282a92e-c7a5-4658-9c35-ca03b5a63ea2 Heaviness: 6 limit: 5
2019-09-25 05:44:21,100 [grpc-default-executor-0] INFO  impl.RaftServerProxy (RaftServerProxy.java:addNew(89)) - e55ccedd-a9fb-450d-a5f3-f296d15c6aa8: addNew group-2920B838B50E:[e55ccedd-a9fb-450d-a5f3-f296d15c6aa8:192.168.5.161:45208] returns group-2920B838B50E:java.util.concurrent.CompletableFuture@40d59171[Not completed]
2019-09-25 05:44:21,100 [pool-587-thread-1] INFO  impl.RaftServerImpl (RaftServerImpl.java:<init>(95)) - e55ccedd-a9fb-450d-a5f3-f296d15c6aa8: new RaftServerImpl for group-2920B838B50E:[e55ccedd-a9fb-450d-a5f3-f296d15c6aa8:192.168.5.161:45208] with ContainerStateMachine:uninitialized
2019-09-25 05:44:21,101 [pool-587-thread-1] INFO  server.RaftServerConfigKeys (ConfUtils.java:logGet(43)) - raft.server.rpc.timeout.min = 5s (custom)
2019-09-25 05:44:21,101 [pool-587-thread-1] INFO  server.RaftServerConfigKeys (ConfUtils.java:logGet(43)) - raft.server.rpc.timeout.max = 5200ms (custom)
2019-09-25 05:44:21,101 [pool-587-thread-1] INFO  server.RaftServerConfigKeys (ConfUtils.java:logGet(43)) - raft.server.rpcslowness.timeout = 120s (custom)
2019-09-25 05:44:21,101 [pool-587-thread-1] INFO  server.RaftServerConfigKeys (ConfUtils.java:logGet(43)) - raft.server.sleep.deviation.threshold = 300 (default)
2019-09-25 05:44:21,101 [pool-587-thread-1] INFO  server.RaftServerConfigKeys (ConfUtils.java:logGet(43)) - raft.server.log.appender.install.snapshot.enabled = false (custom)
2019-09-25 05:44:21,101 [pool-587-thread-1] INFO  impl.RaftServerImpl (ServerState.java:<init>(103)) - e55ccedd-a9fb-450d-a5f3-f296d15c6aa8@group-2920B838B50E: ConfigurationManager, init=-1: [e55ccedd-a9fb-450d-a5f3-f296d15c6aa8:192.168.5.161:45208], old=null, confs=<EMPTY_MAP>
2019-09-25 05:44:21,101 [pool-587-thread-1] INFO  server.RaftServerConfigKeys (ConfUtils.java:logGet(43)) - raft.server.storage.dir = [/workdir/hadoop-ozone/ozonefs/target/test-dir/MiniOzoneClusterImpl-8a873c7d-0254-4d89-9d76-4b8349893ca9/datanode-1/data/ratis] (custom)
2019-09-25 05:44:21,101 [pool-587-thread-1] INFO  storage.RaftStorageDirectory (RaftStorageDirectory.java:analyzeStorage(246)) - The storage directory /workdir/hadoop-ozone/ozonefs/target/test-dir/MiniOzoneClusterImpl-8a873c7d-0254-4d89-9d76-4b8349893ca9/datanode-1/data/ratis/e16be3a9-dabd-47b2-9099-2920b838b50e does not exist. Creating ...
2019-09-25 05:44:21,113 [pool-587-thread-1] INFO  storage.RaftStorageDirectory (RaftStorageDirectory.java:tryLock(328)) - Lock on /workdir/hadoop-ozone/ozonefs/target/test-dir/MiniOzoneClusterImpl-8a873c7d-0254-4d89-9d76-4b8349893ca9/datanode-1/data/ratis/e16be3a9-dabd-47b2-9099-2920b838b50e/in_use.lock acquired by nodename 26555@pr-hdds-1569-zxpks-796972592
2019-09-25 05:44:21,126 [pool-587-thread-1] INFO  storage.RaftStorage (RaftStorage.java:format(72)) - Storage directory /workdir/hadoop-ozone/ozonefs/target/test-dir/MiniOzoneClusterImpl-8a873c7d-0254-4d89-9d76-4b8349893ca9/datanode-1/data/ratis/e16be3a9-dabd-47b2-9099-2920b838b50e has been successfully formatted.
2019-09-25 05:44:21,126 [pool-587-thread-1] INFO  ratis.ContainerStateMachine (ContainerStateMachine.java:loadSnapshot(230)) - group-2920B838B50E: The snapshot info is null. Setting the last applied indexto:(t:0, i:~)
2019-09-25 05:44:21,126 [pool-587-thread-1] INFO  server.RaftServerConfigKeys (ConfUtils.java:logGet(43)) - raft.server.notification.no-leader.timeout = 120s (custom)
2019-09-25 05:44:21,127 [pool-587-thread-1] INFO  server.RaftServerConfigKeys (ConfUtils.java:logGet(43)) - raft.server.log.use.memory = false (default)
2019-09-25 05:44:21,127 [pool-587-thread-1] INFO  server.RaftServerConfigKeys (ConfUtils.java:logGet(43)) - raft.server.log.purge.gap = 1000000 (custom)
2019-09-25 05:44:21,127 [pool-587-thread-1] INFO  server.RaftServerConfigKeys (ConfUtils.java:logGet(43)) - raft.server.log.appender.buffer.byte-limit = 33554432 (custom)
2019-09-25 05:44:21,127 [pool-587-thread-1] INFO  server.RaftServerConfigKeys (ConfUtils.java:logGet(43)) - raft.server.log.segment.size.max = 1048576 (custom)
2019-09-25 05:44:21,127 [pool-587-thread-1] INFO  server.RaftServerConfigKeys (ConfUtils.java:logGet(43)) - raft.server.log.segment.cache.num.max = 2 (custom)
2019-09-25 05:44:21,127 [pool-587-thread-1] INFO  segmented.SegmentedRaftLogWorker (SegmentedRaftLogWorker.java:<init>(172)) - new e55ccedd-a9fb-450d-a5f3-f296d15c6aa8@group-2920B838B50E-SegmentedRaftLogWorker for RaftStorage:Storage Directory /workdir/hadoop-ozone/ozonefs/target/test-dir/MiniOzoneClusterImpl-8a873c7d-0254-4d89-9d76-4b8349893ca9/datanode-1/data/ratis/e16be3a9-dabd-47b2-9099-2920b838b50e
2019-09-25 05:44:21,127 [pool-587-thread-1] INFO  server.RaftServerConfigKeys (ConfUtils.java:logGet(43)) - raft.server.log.queue.byte-limit = 2147483647 (custom)
2019-09-25 05:44:21,127 [pool-587-thread-1] INFO  server.RaftServerConfigKeys (ConfUtils.java:logGet(43)) - raft.server.log.queue.element-limit = 1024 (custom)
2019-09-25 05:44:21,127 [pool-587-thread-1] INFO  server.RaftServerConfigKeys (ConfUtils.java:logGet(43)) - raft.server.log.segment.size.max = 1048576 (custom)
2019-09-25 05:44:21,127 [pool-587-thread-1] INFO  server.RaftServerConfigKeys (ConfUtils.java:logGet(43)) - raft.server.log.preallocated.size = 16384 (custom)
2019-09-25 05:44:21,127 [pool-587-thread-1] INFO  server.RaftServerConfigKeys (ConfUtils.java:logGet(43)) - raft.server.log.write.buffer.size = 33554432 (custom)
2019-09-25 05:44:21,128 [pool-587-thread-1] INFO  server.RaftServerConfigKeys (ConfUtils.java:logGet(43)) - raft.server.log.force.sync.num = 128 (default)
2019-09-25 05:44:21,128 [pool-587-thread-1] INFO  server.RaftServerConfigKeys (ConfUtils.java:logGet(43)) - raft.server.log.statemachine.data.sync = true (default)
2019-09-25 05:44:21,128 [pool-587-thread-1] INFO  server.RaftServerConfigKeys (ConfUtils.java:logGet(43)) - raft.server.log.statemachine.data.sync.timeout = 10s (default)
2019-09-25 05:44:21,128 [pool-587-thread-1] INFO  server.RaftServerConfigKeys (ConfUtils.java:logGet(43)) - raft.server.log.statemachine.data.sync.timeout.retry = -1 (default)
2019-09-25 05:44:21,128 [pool-587-thread-1] INFO  server.RaftServerConfigKeys (ConfUtils.java:logGet(43)) - raft.server.log.statemachine.data.caching.enabled = true (custom)
2019-09-25 05:44:21,128 [pool-587-thread-1] INFO  segmented.SegmentedRaftLogWorker (SegmentedRaftLogWorker.java:lambda$new$0(132)) - e55ccedd-a9fb-450d-a5f3-f296d15c6aa8@group-2920B838B50E-SegmentedRaftLogWorker: flushIndex: setUnconditionally 0 -> -1
2019-09-25 05:44:21,128 [pool-587-thread-1] INFO  server.RaftServerConfigKeys (ConfUtils.java:logGet(43)) - raft.server.snapshot.auto.trigger.enabled = true (custom)
2019-09-25 05:44:21,129 [pool-587-thread-1] INFO  server.RaftServerConfigKeys (ConfUtils.java:logGet(43)) - raft.server.snapshot.auto.trigger.threshold = 10000 (custom)
2019-09-25 05:44:21,129 [pool-587-thread-1] INFO  server.RaftServerConfigKeys (ConfUtils.java:logGet(43)) - raft.server.snapshot.retention.num.files = 5 (custom)
2019-09-25 05:44:21,129 [pool-587-thread-1] INFO  server.RaftServerConfigKeys (ConfUtils.java:logGet(43)) - raft.server.retrycache.expirytime = 600000ms (custom)
2019-09-25 05:44:21,130 [pool-587-thread-1] INFO  impl.RaftServerImpl (RaftServerImpl.java:start(185)) - e55ccedd-a9fb-450d-a5f3-f296d15c6aa8@group-2920B838B50E: start as a follower, conf=-1: [e55ccedd-a9fb-450d-a5f3-f296d15c6aa8:192.168.5.161:45208], old=null
2019-09-25 05:44:21,130 [pool-587-thread-1] INFO  impl.RaftServerImpl (RaftServerImpl.java:setRole(174)) - e55ccedd-a9fb-450d-a5f3-f296d15c6aa8@group-2920B838B50E: changes role from      null to FOLLOWER at term 0 for startAsFollower
2019-09-25 05:44:21,130 [pool-587-thread-1] INFO  impl.RoleInfo (RoleInfo.java:updateAndGet(143)) - e55ccedd-a9fb-450d-a5f3-f296d15c6aa8: start FollowerState
2019-09-25 05:44:21,130 [pool-587-thread-1] INFO  util.JmxRegister (JmxRegister.java:tryRegister(44)) - Successfully registered JMX Bean with object name Ratis:service=RaftServer,group=group-2920B838B50E,id=e55ccedd-a9fb-450d-a5f3-f296d15c6aa8
2019-09-25 05:44:21,133 [RatisPipelineUtilsThread] INFO  pipeline.PipelineStateManager (PipelineStateManager.java:addPipeline(56)) - Created pipeline Pipeline[ Id: e16be3a9-dabd-47b2-9099-2920b838b50e, Nodes: e55ccedd-a9fb-450d-a5f3-f296d15c6aa8{ip: 192.168.5.161, host: pr-hdds-1569-zxpks-796972592, networkLocation: /default-rack, certSerialId: null}, Type:RATIS, Factor:ONE, State:OPEN]
2019-09-25 05:44:21,133 [RatisPipelineUtilsThread] INFO  pipeline.PipelinePlacementPolicy (PipelinePlacementPolicy.java:meetCriteria(91)) - Pipeline Placement: can't place more pipeline on heavy datanode： f282a92e-c7a5-4658-9c35-ca03b5a63ea2 Heaviness: 6 limit: 5
2019-09-25 05:44:21,137 [grpc-default-executor-0] INFO  impl.RaftServerProxy (RaftServerProxy.java:addNew(89)) - e55ccedd-a9fb-450d-a5f3-f296d15c6aa8: addNew group-17BCF7A7FB45:[e55ccedd-a9fb-450d-a5f3-f296d15c6aa8:192.168.5.161:45208] returns group-17BCF7A7FB45:java.util.concurrent.CompletableFuture@ecd4e6[Not completed]
2019-09-25 05:44:21,138 [pool-587-thread-1] INFO  impl.RaftServerImpl (RaftServerImpl.java:<init>(95)) - e55ccedd-a9fb-450d-a5f3-f296d15c6aa8: new RaftServerImpl for group-17BCF7A7FB45:[e55ccedd-a9fb-450d-a5f3-f296d15c6aa8:192.168.5.161:45208] with ContainerStateMachine:uninitialized
2019-09-25 05:44:21,138 [pool-587-thread-1] INFO  server.RaftServerConfigKeys (ConfUtils.java:logGet(43)) - raft.server.rpc.timeout.min = 5s (custom)
2019-09-25 05:44:21,138 [pool-587-thread-1] INFO  server.RaftServerConfigKeys (ConfUtils.java:logGet(43)) - raft.server.rpc.timeout.max = 5200ms (custom)
2019-09-25 05:44:21,138 [pool-587-thread-1] INFO  server.RaftServerConfigKeys (ConfUtils.java:logGet(43)) - raft.server.rpcslowness.timeout = 120s (custom)
2019-09-25 05:44:21,138 [pool-587-thread-1] INFO  server.RaftServerConfigKeys (ConfUtils.java:logGet(43)) - raft.server.sleep.deviation.threshold = 300 (default)
2019-09-25 05:44:21,138 [pool-587-thread-1] INFO  server.RaftServerConfigKeys (ConfUtils.java:logGet(43)) - raft.server.log.appender.install.snapshot.enabled = false (custom)
2019-09-25 05:44:21,138 [pool-587-thread-1] INFO  impl.RaftServerImpl (ServerState.java:<init>(103)) - e55ccedd-a9fb-450d-a5f3-f296d15c6aa8@group-17BCF7A7FB45: ConfigurationManager, init=-1: [e55ccedd-a9fb-450d-a5f3-f296d15c6aa8:192.168.5.161:45208], old=null, confs=<EMPTY_MAP>
2019-09-25 05:44:21,138 [pool-587-thread-1] INFO  server.RaftServerConfigKeys (ConfUtils.java:logGet(43)) - raft.server.storage.dir = [/workdir/hadoop-ozone/ozonefs/target/test-dir/MiniOzoneClusterImpl-8a873c7d-0254-4d89-9d76-4b8349893ca9/datanode-1/data/ratis] (custom)
2019-09-25 05:44:21,138 [pool-587-thread-1] INFO  storage.RaftStorageDirectory (RaftStorageDirectory.java:analyzeStorage(246)) - The storage directory /workdir/hadoop-ozone/ozonefs/target/test-dir/MiniOzoneClusterImpl-8a873c7d-0254-4d89-9d76-4b8349893ca9/datanode-1/data/ratis/3a01c1c1-c4b9-42be-bf20-17bcf7a7fb45 does not exist. Creating ...
2019-09-25 05:44:21,150 [pool-587-thread-1] INFO  storage.RaftStorageDirectory (RaftStorageDirectory.java:tryLock(328)) - Lock on /workdir/hadoop-ozone/ozonefs/target/test-dir/MiniOzoneClusterImpl-8a873c7d-0254-4d89-9d76-4b8349893ca9/datanode-1/data/ratis/3a01c1c1-c4b9-42be-bf20-17bcf7a7fb45/in_use.lock acquired by nodename 26555@pr-hdds-1569-zxpks-796972592
2019-09-25 05:44:21,163 [pool-587-thread-1] INFO  storage.RaftStorage (RaftStorage.java:format(72)) - Storage directory /workdir/hadoop-ozone/ozonefs/target/test-dir/MiniOzoneClusterImpl-8a873c7d-0254-4d89-9d76-4b8349893ca9/datanode-1/data/ratis/3a01c1c1-c4b9-42be-bf20-17bcf7a7fb45 has been successfully formatted.
2019-09-25 05:44:21,163 [pool-587-thread-1] INFO  ratis.ContainerStateMachine (ContainerStateMachine.java:loadSnapshot(230)) - group-17BCF7A7FB45: The snapshot info is null. Setting the last applied indexto:(t:0, i:~)
2019-09-25 05:44:21,164 [pool-587-thread-1] INFO  server.RaftServerConfigKeys (ConfUtils.java:logGet(43)) - raft.server.notification.no-leader.timeout = 120s (custom)
2019-09-25 05:44:21,164 [pool-587-thread-1] INFO  server.RaftServerConfigKeys (ConfUtils.java:logGet(43)) - raft.server.log.use.memory = false (default)
2019-09-25 05:44:21,164 [pool-587-thread-1] INFO  server.RaftServerConfigKeys (ConfUtils.java:logGet(43)) - raft.server.log.purge.gap = 1000000 (custom)
2019-09-25 05:44:21,164 [pool-587-thread-1] INFO  server.RaftServerConfigKeys (ConfUtils.java:logGet(43)) - raft.server.log.appender.buffer.byte-limit = 33554432 (custom)
2019-09-25 05:44:21,164 [pool-587-thread-1] INFO  server.RaftServerConfigKeys (ConfUtils.java:logGet(43)) - raft.server.log.segment.size.max = 1048576 (custom)
2019-09-25 05:44:21,164 [pool-587-thread-1] INFO  server.RaftServerConfigKeys (ConfUtils.java:logGet(43)) - raft.server.log.segment.cache.num.max = 2 (custom)
2019-09-25 05:44:21,164 [pool-587-thread-1] INFO  segmented.SegmentedRaftLogWorker (SegmentedRaftLogWorker.java:<init>(172)) - new e55ccedd-a9fb-450d-a5f3-f296d15c6aa8@group-17BCF7A7FB45-SegmentedRaftLogWorker for RaftStorage:Storage Directory /workdir/hadoop-ozone/ozonefs/target/test-dir/MiniOzoneClusterImpl-8a873c7d-0254-4d89-9d76-4b8349893ca9/datanode-1/data/ratis/3a01c1c1-c4b9-42be-bf20-17bcf7a7fb45
2019-09-25 05:44:21,164 [pool-587-thread-1] INFO  server.RaftServerConfigKeys (ConfUtils.java:logGet(43)) - raft.server.log.queue.byte-limit = 2147483647 (custom)
2019-09-25 05:44:21,165 [pool-587-thread-1] INFO  server.RaftServerConfigKeys (ConfUtils.java:logGet(43)) - raft.server.log.queue.element-limit = 1024 (custom)
2019-09-25 05:44:21,165 [pool-587-thread-1] INFO  server.RaftServerConfigKeys (ConfUtils.java:logGet(43)) - raft.server.log.segment.size.max = 1048576 (custom)
2019-09-25 05:44:21,165 [pool-587-thread-1] INFO  server.RaftServerConfigKeys (ConfUtils.java:logGet(43)) - raft.server.log.preallocated.size = 16384 (custom)
2019-09-25 05:44:21,165 [pool-587-thread-1] INFO  server.RaftServerConfigKeys (ConfUtils.java:logGet(43)) - raft.server.log.write.buffer.size = 33554432 (custom)
2019-09-25 05:44:21,165 [pool-587-thread-1] INFO  server.RaftServerConfigKeys (ConfUtils.java:logGet(43)) - raft.server.log.force.sync.num = 128 (default)
2019-09-25 05:44:21,165 [pool-587-thread-1] INFO  server.RaftServerConfigKeys (ConfUtils.java:logGet(43)) - raft.server.log.statemachine.data.sync = true (default)
2019-09-25 05:44:21,165 [pool-587-thread-1] INFO  server.RaftServerConfigKeys (ConfUtils.java:logGet(43)) - raft.server.log.statemachine.data.sync.timeout = 10s (default)
2019-09-25 05:44:21,165 [pool-587-thread-1] INFO  server.RaftServerConfigKeys (ConfUtils.java:logGet(43)) - raft.server.log.statemachine.data.sync.timeout.retry = -1 (default)
2019-09-25 05:44:21,166 [pool-587-thread-1] INFO  server.RaftServerConfigKeys (ConfUtils.java:logGet(43)) - raft.server.log.statemachine.data.caching.enabled = true (custom)
2019-09-25 05:44:21,166 [pool-587-thread-1] INFO  segmented.SegmentedRaftLogWorker (SegmentedRaftLogWorker.java:lambda$new$0(132)) - e55ccedd-a9fb-450d-a5f3-f296d15c6aa8@group-17BCF7A7FB45-SegmentedRaftLogWorker: flushIndex: setUnconditionally 0 -> -1
2019-09-25 05:44:21,166 [pool-587-thread-1] INFO  server.RaftServerConfigKeys (ConfUtils.java:logGet(43)) - raft.server.snapshot.auto.trigger.enabled = true (custom)
2019-09-25 05:44:21,166 [pool-587-thread-1] INFO  server.RaftServerConfigKeys (ConfUtils.java:logGet(43)) - raft.server.snapshot.auto.trigger.threshold = 10000 (custom)
2019-09-25 05:44:21,166 [pool-587-thread-1] INFO  server.RaftServerConfigKeys (ConfUtils.java:logGet(43)) - raft.server.snapshot.retention.num.files = 5 (custom)
2019-09-25 05:44:21,166 [pool-587-thread-1] INFO  server.RaftServerConfigKeys (ConfUtils.java:logGet(43)) - raft.server.retrycache.expirytime = 600000ms (custom)
2019-09-25 05:44:21,168 [pool-587-thread-1] INFO  impl.RaftServerImpl (RaftServerImpl.java:start(185)) - e55ccedd-a9fb-450d-a5f3-f296d15c6aa8@group-17BCF7A7FB45: start as a follower, conf=-1: [e55ccedd-a9fb-450d-a5f3-f296d15c6aa8:192.168.5.161:45208], old=null
2019-09-25 05:44:21,168 [pool-587-thread-1] INFO  impl.RaftServerImpl (RaftServerImpl.java:setRole(174)) - e55ccedd-a9fb-450d-a5f3-f296d15c6aa8@group-17BCF7A7FB45: changes role from      null to FOLLOWER at term 0 for startAsFollower
2019-09-25 05:44:21,168 [pool-587-thread-1] INFO  impl.RoleInfo (RoleInfo.java:updateAndGet(143)) - e55ccedd-a9fb-450d-a5f3-f296d15c6aa8: start FollowerState
2019-09-25 05:44:21,169 [pool-587-thread-1] INFO  util.JmxRegister (JmxRegister.java:tryRegister(44)) - Successfully registered JMX Bean with object name Ratis:service=RaftServer,group=group-17BCF7A7FB45,id=e55ccedd-a9fb-450d-a5f3-f296d15c6aa8
2019-09-25 05:44:21,171 [RatisPipelineUtilsThread] INFO  pipeline.PipelineStateManager (PipelineStateManager.java:addPipeline(56)) - Created pipeline Pipeline[ Id: 3a01c1c1-c4b9-42be-bf20-17bcf7a7fb45, Nodes: e55ccedd-a9fb-450d-a5f3-f296d15c6aa8{ip: 192.168.5.161, host: pr-hdds-1569-zxpks-796972592, networkLocation: /default-rack, certSerialId: null}, Type:RATIS, Factor:ONE, State:OPEN]
2019-09-25 05:44:21,171 [RatisPipelineUtilsThread] INFO  pipeline.PipelinePlacementPolicy (PipelinePlacementPolicy.java:meetCriteria(91)) - Pipeline Placement: can't place more pipeline on heavy datanode： f282a92e-c7a5-4658-9c35-ca03b5a63ea2 Heaviness: 6 limit: 5
2019-09-25 05:44:21,171 [RatisPipelineUtilsThread] INFO  pipeline.PipelinePlacementPolicy (PipelinePlacementPolicy.java:meetCriteria(91)) - Pipeline Placement: can't place more pipeline on heavy datanode： e55ccedd-a9fb-450d-a5f3-f296d15c6aa8 Heaviness: 6 limit: 5
2019-09-25 05:44:21,176 [grpc-default-executor-0] INFO  impl.RaftServerProxy (RaftServerProxy.java:addNew(89)) - 138a7143-15fe-4753-bfe7-f24402fccca7: addNew group-03763B8C9AA7:[138a7143-15fe-4753-bfe7-f24402fccca7:192.168.5.161:37623] returns group-03763B8C9AA7:java.util.concurrent.CompletableFuture@2693f191[Not completed]
2019-09-25 05:44:21,177 [pool-597-thread-1] INFO  impl.RaftServerImpl (RaftServerImpl.java:<init>(95)) - 138a7143-15fe-4753-bfe7-f24402fccca7: new RaftServerImpl for group-03763B8C9AA7:[138a7143-15fe-4753-bfe7-f24402fccca7:192.168.5.161:37623] with ContainerStateMachine:uninitialized
2019-09-25 05:44:21,177 [pool-597-thread-1] INFO  server.RaftServerConfigKeys (ConfUtils.java:logGet(43)) - raft.server.rpc.timeout.min = 5s (custom)
2019-09-25 05:44:21,177 [pool-597-thread-1] INFO  server.RaftServerConfigKeys (ConfUtils.java:logGet(43)) - raft.server.rpc.timeout.max = 5200ms (custom)
2019-09-25 05:44:21,177 [pool-597-thread-1] INFO  server.RaftServerConfigKeys (ConfUtils.java:logGet(43)) - raft.server.rpcslowness.timeout = 120s (custom)
2019-09-25 05:44:21,177 [pool-597-thread-1] INFO  server.RaftServerConfigKeys (ConfUtils.java:logGet(43)) - raft.server.sleep.deviation.threshold = 300 (default)
2019-09-25 05:44:21,177 [pool-597-thread-1] INFO  server.RaftServerConfigKeys (ConfUtils.java:logGet(43)) - raft.server.log.appender.install.snapshot.enabled = false (custom)
2019-09-25 05:44:21,177 [pool-597-thread-1] INFO  impl.RaftServerImpl (ServerState.java:<init>(103)) - 138a7143-15fe-4753-bfe7-f24402fccca7@group-03763B8C9AA7: ConfigurationManager, init=-1: [138a7143-15fe-4753-bfe7-f24402fccca7:192.168.5.161:37623], old=null, confs=<EMPTY_MAP>
2019-09-25 05:44:21,177 [pool-597-thread-1] INFO  server.RaftServerConfigKeys (ConfUtils.java:logGet(43)) - raft.server.storage.dir = [/workdir/hadoop-ozone/ozonefs/target/test-dir/MiniOzoneClusterImpl-8a873c7d-0254-4d89-9d76-4b8349893ca9/datanode-2/data/ratis] (custom)
2019-09-25 05:44:21,178 [pool-597-thread-1] INFO  storage.RaftStorageDirectory (RaftStorageDirectory.java:analyzeStorage(246)) - The storage directory /workdir/hadoop-ozone/ozonefs/target/test-dir/MiniOzoneClusterImpl-8a873c7d-0254-4d89-9d76-4b8349893ca9/datanode-2/data/ratis/2375e269-f470-4b4d-ab69-03763b8c9aa7 does not exist. Creating ...
2019-09-25 05:44:21,191 [pool-597-thread-1] INFO  storage.RaftStorageDirectory (RaftStorageDirectory.java:tryLock(328)) - Lock on /workdir/hadoop-ozone/ozonefs/target/test-dir/MiniOzoneClusterImpl-8a873c7d-0254-4d89-9d76-4b8349893ca9/datanode-2/data/ratis/2375e269-f470-4b4d-ab69-03763b8c9aa7/in_use.lock acquired by nodename 26555@pr-hdds-1569-zxpks-796972592
2019-09-25 05:44:21,204 [pool-597-thread-1] INFO  storage.RaftStorage (RaftStorage.java:format(72)) - Storage directory /workdir/hadoop-ozone/ozonefs/target/test-dir/MiniOzoneClusterImpl-8a873c7d-0254-4d89-9d76-4b8349893ca9/datanode-2/data/ratis/2375e269-f470-4b4d-ab69-03763b8c9aa7 has been successfully formatted.
2019-09-25 05:44:21,204 [pool-597-thread-1] INFO  ratis.ContainerStateMachine (ContainerStateMachine.java:loadSnapshot(230)) - group-03763B8C9AA7: The snapshot info is null. Setting the last applied indexto:(t:0, i:~)
2019-09-25 05:44:21,204 [pool-597-thread-1] INFO  server.RaftServerConfigKeys (ConfUtils.java:logGet(43)) - raft.server.notification.no-leader.timeout = 120s (custom)
2019-09-25 05:44:21,204 [pool-597-thread-1] INFO  server.RaftServerConfigKeys (ConfUtils.java:logGet(43)) - raft.server.log.use.memory = false (default)
2019-09-25 05:44:21,205 [pool-597-thread-1] INFO  server.RaftServerConfigKeys (ConfUtils.java:logGet(43)) - raft.server.log.purge.gap = 1000000 (custom)
2019-09-25 05:44:21,205 [pool-597-thread-1] INFO  server.RaftServerConfigKeys (ConfUtils.java:logGet(43)) - raft.server.log.appender.buffer.byte-limit = 33554432 (custom)
2019-09-25 05:44:21,205 [pool-597-thread-1] INFO  server.RaftServerConfigKeys (ConfUtils.java:logGet(43)) - raft.server.log.segment.size.max = 1048576 (custom)
2019-09-25 05:44:21,205 [pool-597-thread-1] INFO  server.RaftServerConfigKeys (ConfUtils.java:logGet(43)) - raft.server.log.segment.cache.num.max = 2 (custom)
2019-09-25 05:44:21,205 [pool-597-thread-1] INFO  segmented.SegmentedRaftLogWorker (SegmentedRaftLogWorker.java:<init>(172)) - new 138a7143-15fe-4753-bfe7-f24402fccca7@group-03763B8C9AA7-SegmentedRaftLogWorker for RaftStorage:Storage Directory /workdir/hadoop-ozone/ozonefs/target/test-dir/MiniOzoneClusterImpl-8a873c7d-0254-4d89-9d76-4b8349893ca9/datanode-2/data/ratis/2375e269-f470-4b4d-ab69-03763b8c9aa7
2019-09-25 05:44:21,205 [pool-597-thread-1] INFO  server.RaftServerConfigKeys (ConfUtils.java:logGet(43)) - raft.server.log.queue.byte-limit = 2147483647 (custom)
2019-09-25 05:44:21,205 [pool-597-thread-1] INFO  server.RaftServerConfigKeys (ConfUtils.java:logGet(43)) - raft.server.log.queue.element-limit = 1024 (custom)
2019-09-25 05:44:21,205 [pool-597-thread-1] INFO  server.RaftServerConfigKeys (ConfUtils.java:logGet(43)) - raft.server.log.segment.size.max = 1048576 (custom)
2019-09-25 05:44:21,206 [pool-597-thread-1] INFO  server.RaftServerConfigKeys (ConfUtils.java:logGet(43)) - raft.server.log.preallocated.size = 16384 (custom)
2019-09-25 05:44:21,206 [pool-597-thread-1] INFO  server.RaftServerConfigKeys (ConfUtils.java:logGet(43)) - raft.server.log.write.buffer.size = 33554432 (custom)
2019-09-25 05:44:21,206 [pool-597-thread-1] INFO  server.RaftServerConfigKeys (ConfUtils.java:logGet(43)) - raft.server.log.force.sync.num = 128 (default)
2019-09-25 05:44:21,206 [pool-597-thread-1] INFO  server.RaftServerConfigKeys (ConfUtils.java:logGet(43)) - raft.server.log.statemachine.data.sync = true (default)
2019-09-25 05:44:21,206 [pool-597-thread-1] INFO  server.RaftServerConfigKeys (ConfUtils.java:logGet(43)) - raft.server.log.statemachine.data.sync.timeout = 10s (default)
2019-09-25 05:44:21,206 [pool-597-thread-1] INFO  server.RaftServerConfigKeys (ConfUtils.java:logGet(43)) - raft.server.log.statemachine.data.sync.timeout.retry = -1 (default)
2019-09-25 05:44:21,206 [pool-597-thread-1] INFO  server.RaftServerConfigKeys (ConfUtils.java:logGet(43)) - raft.server.log.statemachine.data.caching.enabled = true (custom)
2019-09-25 05:44:21,207 [pool-597-thread-1] INFO  segmented.SegmentedRaftLogWorker (SegmentedRaftLogWorker.java:lambda$new$0(132)) - 138a7143-15fe-4753-bfe7-f24402fccca7@group-03763B8C9AA7-SegmentedRaftLogWorker: flushIndex: setUnconditionally 0 -> -1
2019-09-25 05:44:21,207 [pool-597-thread-1] INFO  server.RaftServerConfigKeys (ConfUtils.java:logGet(43)) - raft.server.snapshot.auto.trigger.enabled = true (custom)
2019-09-25 05:44:21,207 [pool-597-thread-1] INFO  server.RaftServerConfigKeys (ConfUtils.java:logGet(43)) - raft.server.snapshot.auto.trigger.threshold = 10000 (custom)
2019-09-25 05:44:21,207 [pool-597-thread-1] INFO  server.RaftServerConfigKeys (ConfUtils.java:logGet(43)) - raft.server.snapshot.retention.num.files = 5 (custom)
2019-09-25 05:44:21,207 [pool-597-thread-1] INFO  server.RaftServerConfigKeys (ConfUtils.java:logGet(43)) - raft.server.retrycache.expirytime = 600000ms (custom)
2019-09-25 05:44:21,209 [pool-597-thread-1] INFO  impl.RaftServerImpl (RaftServerImpl.java:start(185)) - 138a7143-15fe-4753-bfe7-f24402fccca7@group-03763B8C9AA7: start as a follower, conf=-1: [138a7143-15fe-4753-bfe7-f24402fccca7:192.168.5.161:37623], old=null
2019-09-25 05:44:21,209 [pool-597-thread-1] INFO  impl.RaftServerImpl (RaftServerImpl.java:setRole(174)) - 138a7143-15fe-4753-bfe7-f24402fccca7@group-03763B8C9AA7: changes role from      null to FOLLOWER at term 0 for startAsFollower
2019-09-25 05:44:21,209 [pool-597-thread-1] INFO  impl.RoleInfo (RoleInfo.java:updateAndGet(143)) - 138a7143-15fe-4753-bfe7-f24402fccca7: start FollowerState
2019-09-25 05:44:21,210 [pool-597-thread-1] INFO  util.JmxRegister (JmxRegister.java:tryRegister(44)) - Successfully registered JMX Bean with object name Ratis:service=RaftServer,group=group-03763B8C9AA7,id=138a7143-15fe-4753-bfe7-f24402fccca7
2019-09-25 05:44:21,212 [RatisPipelineUtilsThread] INFO  pipeline.PipelineStateManager (PipelineStateManager.java:addPipeline(56)) - Created pipeline Pipeline[ Id: 2375e269-f470-4b4d-ab69-03763b8c9aa7, Nodes: 138a7143-15fe-4753-bfe7-f24402fccca7{ip: 192.168.5.161, host: pr-hdds-1569-zxpks-796972592, networkLocation: /default-rack, certSerialId: null}, Type:RATIS, Factor:ONE, State:OPEN]
2019-09-25 05:44:21,212 [RatisPipelineUtilsThread] INFO  pipeline.PipelinePlacementPolicy (PipelinePlacementPolicy.java:meetCriteria(91)) - Pipeline Placement: can't place more pipeline on heavy datanode： f282a92e-c7a5-4658-9c35-ca03b5a63ea2 Heaviness: 6 limit: 5
2019-09-25 05:44:21,213 [RatisPipelineUtilsThread] INFO  pipeline.PipelinePlacementPolicy (PipelinePlacementPolicy.java:meetCriteria(91)) - Pipeline Placement: can't place more pipeline on heavy datanode： e55ccedd-a9fb-450d-a5f3-f296d15c6aa8 Heaviness: 6 limit: 5
2019-09-25 05:44:21,218 [grpc-default-executor-0] INFO  impl.RaftServerProxy (RaftServerProxy.java:addNew(89)) - 138a7143-15fe-4753-bfe7-f24402fccca7: addNew group-16C432EFA5D4:[138a7143-15fe-4753-bfe7-f24402fccca7:192.168.5.161:37623] returns group-16C432EFA5D4:java.util.concurrent.CompletableFuture@2974f398[Not completed]
2019-09-25 05:44:21,219 [pool-597-thread-1] INFO  impl.RaftServerImpl (RaftServerImpl.java:<init>(95)) - 138a7143-15fe-4753-bfe7-f24402fccca7: new RaftServerImpl for group-16C432EFA5D4:[138a7143-15fe-4753-bfe7-f24402fccca7:192.168.5.161:37623] with ContainerStateMachine:uninitialized
2019-09-25 05:44:21,219 [pool-597-thread-1] INFO  server.RaftServerConfigKeys (ConfUtils.java:logGet(43)) - raft.server.rpc.timeout.min = 5s (custom)
2019-09-25 05:44:21,219 [pool-597-thread-1] INFO  server.RaftServerConfigKeys (ConfUtils.java:logGet(43)) - raft.server.rpc.timeout.max = 5200ms (custom)
2019-09-25 05:44:21,219 [pool-597-thread-1] INFO  server.RaftServerConfigKeys (ConfUtils.java:logGet(43)) - raft.server.rpcslowness.timeout = 120s (custom)
2019-09-25 05:44:21,219 [pool-597-thread-1] INFO  server.RaftServerConfigKeys (ConfUtils.java:logGet(43)) - raft.server.sleep.deviation.threshold = 300 (default)
2019-09-25 05:44:21,219 [pool-597-thread-1] INFO  server.RaftServerConfigKeys (ConfUtils.java:logGet(43)) - raft.server.log.appender.install.snapshot.enabled = false (custom)
2019-09-25 05:44:21,219 [pool-597-thread-1] INFO  impl.RaftServerImpl (ServerState.java:<init>(103)) - 138a7143-15fe-4753-bfe7-f24402fccca7@group-16C432EFA5D4: ConfigurationManager, init=-1: [138a7143-15fe-4753-bfe7-f24402fccca7:192.168.5.161:37623], old=null, confs=<EMPTY_MAP>
2019-09-25 05:44:21,220 [pool-597-thread-1] INFO  server.RaftServerConfigKeys (ConfUtils.java:logGet(43)) - raft.server.storage.dir = [/workdir/hadoop-ozone/ozonefs/target/test-dir/MiniOzoneClusterImpl-8a873c7d-0254-4d89-9d76-4b8349893ca9/datanode-2/data/ratis] (custom)
2019-09-25 05:44:21,220 [pool-597-thread-1] INFO  storage.RaftStorageDirectory (RaftStorageDirectory.java:analyzeStorage(246)) - The storage directory /workdir/hadoop-ozone/ozonefs/target/test-dir/MiniOzoneClusterImpl-8a873c7d-0254-4d89-9d76-4b8349893ca9/datanode-2/data/ratis/67bb2983-3627-4898-bb88-16c432efa5d4 does not exist. Creating ...
2019-09-25 05:44:21,223 [pool-597-thread-1] INFO  storage.RaftStorageDirectory (RaftStorageDirectory.java:tryLock(328)) - Lock on /workdir/hadoop-ozone/ozonefs/target/test-dir/MiniOzoneClusterImpl-8a873c7d-0254-4d89-9d76-4b8349893ca9/datanode-2/data/ratis/67bb2983-3627-4898-bb88-16c432efa5d4/in_use.lock acquired by nodename 26555@pr-hdds-1569-zxpks-796972592
2019-09-25 05:44:21,226 [pool-597-thread-1] INFO  storage.RaftStorage (RaftStorage.java:format(72)) - Storage directory /workdir/hadoop-ozone/ozonefs/target/test-dir/MiniOzoneClusterImpl-8a873c7d-0254-4d89-9d76-4b8349893ca9/datanode-2/data/ratis/67bb2983-3627-4898-bb88-16c432efa5d4 has been successfully formatted.
2019-09-25 05:44:21,226 [pool-597-thread-1] INFO  ratis.ContainerStateMachine (ContainerStateMachine.java:loadSnapshot(230)) - group-16C432EFA5D4: The snapshot info is null. Setting the last applied indexto:(t:0, i:~)
2019-09-25 05:44:21,227 [pool-597-thread-1] INFO  server.RaftServerConfigKeys (ConfUtils.java:logGet(43)) - raft.server.notification.no-leader.timeout = 120s (custom)
2019-09-25 05:44:21,227 [pool-597-thread-1] INFO  server.RaftServerConfigKeys (ConfUtils.java:logGet(43)) - raft.server.log.use.memory = false (default)
2019-09-25 05:44:21,227 [pool-597-thread-1] INFO  server.RaftServerConfigKeys (ConfUtils.java:logGet(43)) - raft.server.log.purge.gap = 1000000 (custom)
2019-09-25 05:44:21,227 [pool-597-thread-1] INFO  server.RaftServerConfigKeys (ConfUtils.java:logGet(43)) - raft.server.log.appender.buffer.byte-limit = 33554432 (custom)
2019-09-25 05:44:21,227 [pool-597-thread-1] INFO  server.RaftServerConfigKeys (ConfUtils.java:logGet(43)) - raft.server.log.segment.size.max = 1048576 (custom)
2019-09-25 05:44:21,227 [pool-597-thread-1] INFO  server.RaftServerConfigKeys (ConfUtils.java:logGet(43)) - raft.server.log.segment.cache.num.max = 2 (custom)
2019-09-25 05:44:21,227 [pool-597-thread-1] INFO  segmented.SegmentedRaftLogWorker (SegmentedRaftLogWorker.java:<init>(172)) - new 138a7143-15fe-4753-bfe7-f24402fccca7@group-16C432EFA5D4-SegmentedRaftLogWorker for RaftStorage:Storage Directory /workdir/hadoop-ozone/ozonefs/target/test-dir/MiniOzoneClusterImpl-8a873c7d-0254-4d89-9d76-4b8349893ca9/datanode-2/data/ratis/67bb2983-3627-4898-bb88-16c432efa5d4
2019-09-25 05:44:21,227 [pool-597-thread-1] INFO  server.RaftServerConfigKeys (ConfUtils.java:logGet(43)) - raft.server.log.queue.byte-limit = 2147483647 (custom)
2019-09-25 05:44:21,228 [pool-597-thread-1] INFO  server.RaftServerConfigKeys (ConfUtils.java:logGet(43)) - raft.server.log.queue.element-limit = 1024 (custom)
2019-09-25 05:44:21,228 [pool-597-thread-1] INFO  server.RaftServerConfigKeys (ConfUtils.java:logGet(43)) - raft.server.log.segment.size.max = 1048576 (custom)
2019-09-25 05:44:21,228 [pool-597-thread-1] INFO  server.RaftServerConfigKeys (ConfUtils.java:logGet(43)) - raft.server.log.preallocated.size = 16384 (custom)
2019-09-25 05:44:21,228 [pool-597-thread-1] INFO  server.RaftServerConfigKeys (ConfUtils.java:logGet(43)) - raft.server.log.write.buffer.size = 33554432 (custom)
2019-09-25 05:44:21,228 [pool-597-thread-1] INFO  server.RaftServerConfigKeys (ConfUtils.java:logGet(43)) - raft.server.log.force.sync.num = 128 (default)
2019-09-25 05:44:21,228 [pool-597-thread-1] INFO  server.RaftServerConfigKeys (ConfUtils.java:logGet(43)) - raft.server.log.statemachine.data.sync = true (default)
2019-09-25 05:44:21,228 [pool-597-thread-1] INFO  server.RaftServerConfigKeys (ConfUtils.java:logGet(43)) - raft.server.log.statemachine.data.sync.timeout = 10s (default)
2019-09-25 05:44:21,228 [pool-597-thread-1] INFO  server.RaftServerConfigKeys (ConfUtils.java:logGet(43)) - raft.server.log.statemachine.data.sync.timeout.retry = -1 (default)
2019-09-25 05:44:21,229 [pool-597-thread-1] INFO  server.RaftServerConfigKeys (ConfUtils.java:logGet(43)) - raft.server.log.statemachine.data.caching.enabled = true (custom)
2019-09-25 05:44:21,229 [pool-597-thread-1] INFO  segmented.SegmentedRaftLogWorker (SegmentedRaftLogWorker.java:lambda$new$0(132)) - 138a7143-15fe-4753-bfe7-f24402fccca7@group-16C432EFA5D4-SegmentedRaftLogWorker: flushIndex: setUnconditionally 0 -> -1
2019-09-25 05:44:21,229 [pool-597-thread-1] INFO  server.RaftServerConfigKeys (ConfUtils.java:logGet(43)) - raft.server.snapshot.auto.trigger.enabled = true (custom)
2019-09-25 05:44:21,229 [pool-597-thread-1] INFO  server.RaftServerConfigKeys (ConfUtils.java:logGet(43)) - raft.server.snapshot.auto.trigger.threshold = 10000 (custom)
2019-09-25 05:44:21,229 [pool-597-thread-1] INFO  server.RaftServerConfigKeys (ConfUtils.java:logGet(43)) - raft.server.snapshot.retention.num.files = 5 (custom)
2019-09-25 05:44:21,230 [pool-597-thread-1] INFO  server.RaftServerConfigKeys (ConfUtils.java:logGet(43)) - raft.server.retrycache.expirytime = 600000ms (custom)
2019-09-25 05:44:21,231 [pool-597-thread-1] INFO  impl.RaftServerImpl (RaftServerImpl.java:start(185)) - 138a7143-15fe-4753-bfe7-f24402fccca7@group-16C432EFA5D4: start as a follower, conf=-1: [138a7143-15fe-4753-bfe7-f24402fccca7:192.168.5.161:37623], old=null
2019-09-25 05:44:21,231 [pool-597-thread-1] INFO  impl.RaftServerImpl (RaftServerImpl.java:setRole(174)) - 138a7143-15fe-4753-bfe7-f24402fccca7@group-16C432EFA5D4: changes role from      null to FOLLOWER at term 0 for startAsFollower
2019-09-25 05:44:21,231 [pool-597-thread-1] INFO  impl.RoleInfo (RoleInfo.java:updateAndGet(143)) - 138a7143-15fe-4753-bfe7-f24402fccca7: start FollowerState
2019-09-25 05:44:21,232 [pool-597-thread-1] INFO  util.JmxRegister (JmxRegister.java:tryRegister(44)) - Successfully registered JMX Bean with object name Ratis:service=RaftServer,group=group-16C432EFA5D4,id=138a7143-15fe-4753-bfe7-f24402fccca7
2019-09-25 05:44:21,234 [RatisPipelineUtilsThread] INFO  pipeline.PipelineStateManager (PipelineStateManager.java:addPipeline(56)) - Created pipeline Pipeline[ Id: 67bb2983-3627-4898-bb88-16c432efa5d4, Nodes: 138a7143-15fe-4753-bfe7-f24402fccca7{ip: 192.168.5.161, host: pr-hdds-1569-zxpks-796972592, networkLocation: /default-rack, certSerialId: null}, Type:RATIS, Factor:ONE, State:OPEN]
2019-09-25 05:44:21,234 [RatisPipelineUtilsThread] INFO  pipeline.PipelinePlacementPolicy (PipelinePlacementPolicy.java:meetCriteria(91)) - Pipeline Placement: can't place more pipeline on heavy datanode： f282a92e-c7a5-4658-9c35-ca03b5a63ea2 Heaviness: 6 limit: 5
2019-09-25 05:44:21,234 [RatisPipelineUtilsThread] INFO  pipeline.PipelinePlacementPolicy (PipelinePlacementPolicy.java:meetCriteria(91)) - Pipeline Placement: can't place more pipeline on heavy datanode： e55ccedd-a9fb-450d-a5f3-f296d15c6aa8 Heaviness: 6 limit: 5
2019-09-25 05:44:21,238 [grpc-default-executor-0] INFO  impl.RaftServerProxy (RaftServerProxy.java:addNew(89)) - 138a7143-15fe-4753-bfe7-f24402fccca7: addNew group-54A9DD8C0FC3:[138a7143-15fe-4753-bfe7-f24402fccca7:192.168.5.161:37623] returns group-54A9DD8C0FC3:java.util.concurrent.CompletableFuture@574996f9[Not completed]
2019-09-25 05:44:21,240 [pool-597-thread-1] INFO  impl.RaftServerImpl (RaftServerImpl.java:<init>(95)) - 138a7143-15fe-4753-bfe7-f24402fccca7: new RaftServerImpl for group-54A9DD8C0FC3:[138a7143-15fe-4753-bfe7-f24402fccca7:192.168.5.161:37623] with ContainerStateMachine:uninitialized
2019-09-25 05:44:21,240 [pool-597-thread-1] INFO  server.RaftServerConfigKeys (ConfUtils.java:logGet(43)) - raft.server.rpc.timeout.min = 5s (custom)
2019-09-25 05:44:21,240 [pool-597-thread-1] INFO  server.RaftServerConfigKeys (ConfUtils.java:logGet(43)) - raft.server.rpc.timeout.max = 5200ms (custom)
2019-09-25 05:44:21,240 [pool-597-thread-1] INFO  server.RaftServerConfigKeys (ConfUtils.java:logGet(43)) - raft.server.rpcslowness.timeout = 120s (custom)
2019-09-25 05:44:21,241 [pool-597-thread-1] INFO  server.RaftServerConfigKeys (ConfUtils.java:logGet(43)) - raft.server.sleep.deviation.threshold = 300 (default)
2019-09-25 05:44:21,241 [pool-597-thread-1] INFO  server.RaftServerConfigKeys (ConfUtils.java:logGet(43)) - raft.server.log.appender.install.snapshot.enabled = false (custom)
2019-09-25 05:44:21,241 [pool-597-thread-1] INFO  impl.RaftServerImpl (ServerState.java:<init>(103)) - 138a7143-15fe-4753-bfe7-f24402fccca7@group-54A9DD8C0FC3: ConfigurationManager, init=-1: [138a7143-15fe-4753-bfe7-f24402fccca7:192.168.5.161:37623], old=null, confs=<EMPTY_MAP>
2019-09-25 05:44:21,241 [pool-597-thread-1] INFO  server.RaftServerConfigKeys (ConfUtils.java:logGet(43)) - raft.server.storage.dir = [/workdir/hadoop-ozone/ozonefs/target/test-dir/MiniOzoneClusterImpl-8a873c7d-0254-4d89-9d76-4b8349893ca9/datanode-2/data/ratis] (custom)
2019-09-25 05:44:21,242 [pool-597-thread-1] INFO  storage.RaftStorageDirectory (RaftStorageDirectory.java:analyzeStorage(246)) - The storage directory /workdir/hadoop-ozone/ozonefs/target/test-dir/MiniOzoneClusterImpl-8a873c7d-0254-4d89-9d76-4b8349893ca9/datanode-2/data/ratis/a6ed6edb-7b93-4e51-8319-54a9dd8c0fc3 does not exist. Creating ...
2019-09-25 05:44:21,247 [pool-597-thread-1] INFO  storage.RaftStorageDirectory (RaftStorageDirectory.java:tryLock(328)) - Lock on /workdir/hadoop-ozone/ozonefs/target/test-dir/MiniOzoneClusterImpl-8a873c7d-0254-4d89-9d76-4b8349893ca9/datanode-2/data/ratis/a6ed6edb-7b93-4e51-8319-54a9dd8c0fc3/in_use.lock acquired by nodename 26555@pr-hdds-1569-zxpks-796972592
2019-09-25 05:44:21,251 [pool-597-thread-1] INFO  storage.RaftStorage (RaftStorage.java:format(72)) - Storage directory /workdir/hadoop-ozone/ozonefs/target/test-dir/MiniOzoneClusterImpl-8a873c7d-0254-4d89-9d76-4b8349893ca9/datanode-2/data/ratis/a6ed6edb-7b93-4e51-8319-54a9dd8c0fc3 has been successfully formatted.
2019-09-25 05:44:21,251 [pool-597-thread-1] INFO  ratis.ContainerStateMachine (ContainerStateMachine.java:loadSnapshot(230)) - group-54A9DD8C0FC3: The snapshot info is null. Setting the last applied indexto:(t:0, i:~)
2019-09-25 05:44:21,251 [pool-597-thread-1] INFO  server.RaftServerConfigKeys (ConfUtils.java:logGet(43)) - raft.server.notification.no-leader.timeout = 120s (custom)
2019-09-25 05:44:21,252 [pool-597-thread-1] INFO  server.RaftServerConfigKeys (ConfUtils.java:logGet(43)) - raft.server.log.use.memory = false (default)
2019-09-25 05:44:21,252 [pool-597-thread-1] INFO  server.RaftServerConfigKeys (ConfUtils.java:logGet(43)) - raft.server.log.purge.gap = 1000000 (custom)
2019-09-25 05:44:21,252 [pool-597-thread-1] INFO  server.RaftServerConfigKeys (ConfUtils.java:logGet(43)) - raft.server.log.appender.buffer.byte-limit = 33554432 (custom)
2019-09-25 05:44:21,252 [pool-597-thread-1] INFO  server.RaftServerConfigKeys (ConfUtils.java:logGet(43)) - raft.server.log.segment.size.max = 1048576 (custom)
2019-09-25 05:44:21,252 [pool-597-thread-1] INFO  server.RaftServerConfigKeys (ConfUtils.java:logGet(43)) - raft.server.log.segment.cache.num.max = 2 (custom)
2019-09-25 05:44:21,253 [pool-597-thread-1] INFO  segmented.SegmentedRaftLogWorker (SegmentedRaftLogWorker.java:<init>(172)) - new 138a7143-15fe-4753-bfe7-f24402fccca7@group-54A9DD8C0FC3-SegmentedRaftLogWorker for RaftStorage:Storage Directory /workdir/hadoop-ozone/ozonefs/target/test-dir/MiniOzoneClusterImpl-8a873c7d-0254-4d89-9d76-4b8349893ca9/datanode-2/data/ratis/a6ed6edb-7b93-4e51-8319-54a9dd8c0fc3
2019-09-25 05:44:21,253 [pool-597-thread-1] INFO  server.RaftServerConfigKeys (ConfUtils.java:logGet(43)) - raft.server.log.queue.byte-limit = 2147483647 (custom)
2019-09-25 05:44:21,253 [pool-597-thread-1] INFO  server.RaftServerConfigKeys (ConfUtils.java:logGet(43)) - raft.server.log.queue.element-limit = 1024 (custom)
2019-09-25 05:44:21,253 [pool-597-thread-1] INFO  server.RaftServerConfigKeys (ConfUtils.java:logGet(43)) - raft.server.log.segment.size.max = 1048576 (custom)
2019-09-25 05:44:21,253 [pool-597-thread-1] INFO  server.RaftServerConfigKeys (ConfUtils.java:logGet(43)) - raft.server.log.preallocated.size = 16384 (custom)
2019-09-25 05:44:21,253 [pool-597-thread-1] INFO  server.RaftServerConfigKeys (ConfUtils.java:logGet(43)) - raft.server.log.write.buffer.size = 33554432 (custom)
2019-09-25 05:44:21,254 [pool-597-thread-1] INFO  server.RaftServerConfigKeys (ConfUtils.java:logGet(43)) - raft.server.log.force.sync.num = 128 (default)
2019-09-25 05:44:21,254 [pool-597-thread-1] INFO  server.RaftServerConfigKeys (ConfUtils.java:logGet(43)) - raft.server.log.statemachine.data.sync = true (default)
2019-09-25 05:44:21,254 [pool-597-thread-1] INFO  server.RaftServerConfigKeys (ConfUtils.java:logGet(43)) - raft.server.log.statemachine.data.sync.timeout = 10s (default)
2019-09-25 05:44:21,254 [pool-597-thread-1] INFO  server.RaftServerConfigKeys (ConfUtils.java:logGet(43)) - raft.server.log.statemachine.data.sync.timeout.retry = -1 (default)
2019-09-25 05:44:21,254 [pool-597-thread-1] INFO  server.RaftServerConfigKeys (ConfUtils.java:logGet(43)) - raft.server.log.statemachine.data.caching.enabled = true (custom)
2019-09-25 05:44:21,254 [pool-597-thread-1] INFO  segmented.SegmentedRaftLogWorker (SegmentedRaftLogWorker.java:lambda$new$0(132)) - 138a7143-15fe-4753-bfe7-f24402fccca7@group-54A9DD8C0FC3-SegmentedRaftLogWorker: flushIndex: setUnconditionally 0 -> -1
2019-09-25 05:44:21,255 [pool-597-thread-1] INFO  server.RaftServerConfigKeys (ConfUtils.java:logGet(43)) - raft.server.snapshot.auto.trigger.enabled = true (custom)
2019-09-25 05:44:21,255 [pool-597-thread-1] INFO  server.RaftServerConfigKeys (ConfUtils.java:logGet(43)) - raft.server.snapshot.auto.trigger.threshold = 10000 (custom)
2019-09-25 05:44:21,255 [pool-597-thread-1] INFO  server.RaftServerConfigKeys (ConfUtils.java:logGet(43)) - raft.server.snapshot.retention.num.files = 5 (custom)
2019-09-25 05:44:21,255 [pool-597-thread-1] INFO  server.RaftServerConfigKeys (ConfUtils.java:logGet(43)) - raft.server.retrycache.expirytime = 600000ms (custom)
2019-09-25 05:44:21,257 [pool-597-thread-1] INFO  impl.RaftServerImpl (RaftServerImpl.java:start(185)) - 138a7143-15fe-4753-bfe7-f24402fccca7@group-54A9DD8C0FC3: start as a follower, conf=-1: [138a7143-15fe-4753-bfe7-f24402fccca7:192.168.5.161:37623], old=null
2019-09-25 05:44:21,258 [pool-597-thread-1] INFO  impl.RaftServerImpl (RaftServerImpl.java:setRole(174)) - 138a7143-15fe-4753-bfe7-f24402fccca7@group-54A9DD8C0FC3: changes role from      null to FOLLOWER at term 0 for startAsFollower
2019-09-25 05:44:21,258 [pool-597-thread-1] INFO  impl.RoleInfo (RoleInfo.java:updateAndGet(143)) - 138a7143-15fe-4753-bfe7-f24402fccca7: start FollowerState
2019-09-25 05:44:21,258 [pool-597-thread-1] INFO  util.JmxRegister (JmxRegister.java:tryRegister(44)) - Successfully registered JMX Bean with object name Ratis:service=RaftServer,group=group-54A9DD8C0FC3,id=138a7143-15fe-4753-bfe7-f24402fccca7
2019-09-25 05:44:21,262 [RatisPipelineUtilsThread] INFO  pipeline.PipelineStateManager (PipelineStateManager.java:addPipeline(56)) - Created pipeline Pipeline[ Id: a6ed6edb-7b93-4e51-8319-54a9dd8c0fc3, Nodes: 138a7143-15fe-4753-bfe7-f24402fccca7{ip: 192.168.5.161, host: pr-hdds-1569-zxpks-796972592, networkLocation: /default-rack, certSerialId: null}, Type:RATIS, Factor:ONE, State:OPEN]
2019-09-25 05:44:21,262 [RatisPipelineUtilsThread] INFO  pipeline.PipelinePlacementPolicy (PipelinePlacementPolicy.java:meetCriteria(91)) - Pipeline Placement: can't place more pipeline on heavy datanode： f282a92e-c7a5-4658-9c35-ca03b5a63ea2 Heaviness: 6 limit: 5
2019-09-25 05:44:21,262 [RatisPipelineUtilsThread] INFO  pipeline.PipelinePlacementPolicy (PipelinePlacementPolicy.java:meetCriteria(91)) - Pipeline Placement: can't place more pipeline on heavy datanode： e55ccedd-a9fb-450d-a5f3-f296d15c6aa8 Heaviness: 6 limit: 5
2019-09-25 05:44:21,267 [grpc-default-executor-0] INFO  impl.RaftServerProxy (RaftServerProxy.java:addNew(89)) - 138a7143-15fe-4753-bfe7-f24402fccca7: addNew group-896DE3873A7C:[138a7143-15fe-4753-bfe7-f24402fccca7:192.168.5.161:37623] returns group-896DE3873A7C:java.util.concurrent.CompletableFuture@5c587250[Not completed]
2019-09-25 05:44:21,268 [pool-597-thread-1] INFO  impl.RaftServerImpl (RaftServerImpl.java:<init>(95)) - 138a7143-15fe-4753-bfe7-f24402fccca7: new RaftServerImpl for group-896DE3873A7C:[138a7143-15fe-4753-bfe7-f24402fccca7:192.168.5.161:37623] with ContainerStateMachine:uninitialized
2019-09-25 05:44:21,268 [pool-597-thread-1] INFO  server.RaftServerConfigKeys (ConfUtils.java:logGet(43)) - raft.server.rpc.timeout.min = 5s (custom)
2019-09-25 05:44:21,268 [pool-597-thread-1] INFO  server.RaftServerConfigKeys (ConfUtils.java:logGet(43)) - raft.server.rpc.timeout.max = 5200ms (custom)
2019-09-25 05:44:21,268 [pool-597-thread-1] INFO  server.RaftServerConfigKeys (ConfUtils.java:logGet(43)) - raft.server.rpcslowness.timeout = 120s (custom)
2019-09-25 05:44:21,268 [pool-597-thread-1] INFO  server.RaftServerConfigKeys (ConfUtils.java:logGet(43)) - raft.server.sleep.deviation.threshold = 300 (default)
2019-09-25 05:44:21,268 [pool-597-thread-1] INFO  server.RaftServerConfigKeys (ConfUtils.java:logGet(43)) - raft.server.log.appender.install.snapshot.enabled = false (custom)
2019-09-25 05:44:21,268 [pool-597-thread-1] INFO  impl.RaftServerImpl (ServerState.java:<init>(103)) - 138a7143-15fe-4753-bfe7-f24402fccca7@group-896DE3873A7C: ConfigurationManager, init=-1: [138a7143-15fe-4753-bfe7-f24402fccca7:192.168.5.161:37623], old=null, confs=<EMPTY_MAP>
2019-09-25 05:44:21,268 [pool-597-thread-1] INFO  server.RaftServerConfigKeys (ConfUtils.java:logGet(43)) - raft.server.storage.dir = [/workdir/hadoop-ozone/ozonefs/target/test-dir/MiniOzoneClusterImpl-8a873c7d-0254-4d89-9d76-4b8349893ca9/datanode-2/data/ratis] (custom)
2019-09-25 05:44:21,269 [pool-597-thread-1] INFO  storage.RaftStorageDirectory (RaftStorageDirectory.java:analyzeStorage(246)) - The storage directory /workdir/hadoop-ozone/ozonefs/target/test-dir/MiniOzoneClusterImpl-8a873c7d-0254-4d89-9d76-4b8349893ca9/datanode-2/data/ratis/c04411c0-cd17-4035-b821-896de3873a7c does not exist. Creating ...
2019-09-25 05:44:21,275 [pool-597-thread-1] INFO  storage.RaftStorageDirectory (RaftStorageDirectory.java:tryLock(328)) - Lock on /workdir/hadoop-ozone/ozonefs/target/test-dir/MiniOzoneClusterImpl-8a873c7d-0254-4d89-9d76-4b8349893ca9/datanode-2/data/ratis/c04411c0-cd17-4035-b821-896de3873a7c/in_use.lock acquired by nodename 26555@pr-hdds-1569-zxpks-796972592
2019-09-25 05:44:21,297 [pool-597-thread-1] INFO  storage.RaftStorage (RaftStorage.java:format(72)) - Storage directory /workdir/hadoop-ozone/ozonefs/target/test-dir/MiniOzoneClusterImpl-8a873c7d-0254-4d89-9d76-4b8349893ca9/datanode-2/data/ratis/c04411c0-cd17-4035-b821-896de3873a7c has been successfully formatted.
2019-09-25 05:44:21,298 [pool-597-thread-1] INFO  ratis.ContainerStateMachine (ContainerStateMachine.java:loadSnapshot(230)) - group-896DE3873A7C: The snapshot info is null. Setting the last applied indexto:(t:0, i:~)
2019-09-25 05:44:21,298 [pool-597-thread-1] INFO  server.RaftServerConfigKeys (ConfUtils.java:logGet(43)) - raft.server.notification.no-leader.timeout = 120s (custom)
2019-09-25 05:44:21,298 [pool-597-thread-1] INFO  server.RaftServerConfigKeys (ConfUtils.java:logGet(43)) - raft.server.log.use.memory = false (default)
2019-09-25 05:44:21,298 [pool-597-thread-1] INFO  server.RaftServerConfigKeys (ConfUtils.java:logGet(43)) - raft.server.log.purge.gap = 1000000 (custom)
2019-09-25 05:44:21,298 [pool-597-thread-1] INFO  server.RaftServerConfigKeys (ConfUtils.java:logGet(43)) - raft.server.log.appender.buffer.byte-limit = 33554432 (custom)
2019-09-25 05:44:21,298 [pool-597-thread-1] INFO  server.RaftServerConfigKeys (ConfUtils.java:logGet(43)) - raft.server.log.segment.size.max = 1048576 (custom)
2019-09-25 05:44:21,298 [pool-597-thread-1] INFO  server.RaftServerConfigKeys (ConfUtils.java:logGet(43)) - raft.server.log.segment.cache.num.max = 2 (custom)
2019-09-25 05:44:21,299 [pool-597-thread-1] INFO  segmented.SegmentedRaftLogWorker (SegmentedRaftLogWorker.java:<init>(172)) - new 138a7143-15fe-4753-bfe7-f24402fccca7@group-896DE3873A7C-SegmentedRaftLogWorker for RaftStorage:Storage Directory /workdir/hadoop-ozone/ozonefs/target/test-dir/MiniOzoneClusterImpl-8a873c7d-0254-4d89-9d76-4b8349893ca9/datanode-2/data/ratis/c04411c0-cd17-4035-b821-896de3873a7c
2019-09-25 05:44:21,299 [pool-597-thread-1] INFO  server.RaftServerConfigKeys (ConfUtils.java:logGet(43)) - raft.server.log.queue.byte-limit = 2147483647 (custom)
2019-09-25 05:44:21,299 [pool-597-thread-1] INFO  server.RaftServerConfigKeys (ConfUtils.java:logGet(43)) - raft.server.log.queue.element-limit = 1024 (custom)
2019-09-25 05:44:21,299 [pool-597-thread-1] INFO  server.RaftServerConfigKeys (ConfUtils.java:logGet(43)) - raft.server.log.segment.size.max = 1048576 (custom)
2019-09-25 05:44:21,299 [pool-597-thread-1] INFO  server.RaftServerConfigKeys (ConfUtils.java:logGet(43)) - raft.server.log.preallocated.size = 16384 (custom)
2019-09-25 05:44:21,299 [pool-597-thread-1] INFO  server.RaftServerConfigKeys (ConfUtils.java:logGet(43)) - raft.server.log.write.buffer.size = 33554432 (custom)
2019-09-25 05:44:21,299 [pool-597-thread-1] INFO  server.RaftServerConfigKeys (ConfUtils.java:logGet(43)) - raft.server.log.force.sync.num = 128 (default)
2019-09-25 05:44:21,299 [pool-597-thread-1] INFO  server.RaftServerConfigKeys (ConfUtils.java:logGet(43)) - raft.server.log.statemachine.data.sync = true (default)
2019-09-25 05:44:21,300 [pool-597-thread-1] INFO  server.RaftServerConfigKeys (ConfUtils.java:logGet(43)) - raft.server.log.statemachine.data.sync.timeout = 10s (default)
2019-09-25 05:44:21,300 [pool-597-thread-1] INFO  server.RaftServerConfigKeys (ConfUtils.java:logGet(43)) - raft.server.log.statemachine.data.sync.timeout.retry = -1 (default)
2019-09-25 05:44:21,300 [pool-597-thread-1] INFO  server.RaftServerConfigKeys (ConfUtils.java:logGet(43)) - raft.server.log.statemachine.data.caching.enabled = true (custom)
2019-09-25 05:44:21,300 [pool-597-thread-1] INFO  segmented.SegmentedRaftLogWorker (SegmentedRaftLogWorker.java:lambda$new$0(132)) - 138a7143-15fe-4753-bfe7-f24402fccca7@group-896DE3873A7C-SegmentedRaftLogWorker: flushIndex: setUnconditionally 0 -> -1
2019-09-25 05:44:21,300 [pool-597-thread-1] INFO  server.RaftServerConfigKeys (ConfUtils.java:logGet(43)) - raft.server.snapshot.auto.trigger.enabled = true (custom)
2019-09-25 05:44:21,301 [pool-597-thread-1] INFO  server.RaftServerConfigKeys (ConfUtils.java:logGet(43)) - raft.server.snapshot.auto.trigger.threshold = 10000 (custom)
2019-09-25 05:44:21,301 [pool-597-thread-1] INFO  server.RaftServerConfigKeys (ConfUtils.java:logGet(43)) - raft.server.snapshot.retention.num.files = 5 (custom)
2019-09-25 05:44:21,301 [pool-597-thread-1] INFO  server.RaftServerConfigKeys (ConfUtils.java:logGet(43)) - raft.server.retrycache.expirytime = 600000ms (custom)
2019-09-25 05:44:21,302 [pool-597-thread-1] INFO  impl.RaftServerImpl (RaftServerImpl.java:start(185)) - 138a7143-15fe-4753-bfe7-f24402fccca7@group-896DE3873A7C: start as a follower, conf=-1: [138a7143-15fe-4753-bfe7-f24402fccca7:192.168.5.161:37623], old=null
2019-09-25 05:44:21,302 [pool-597-thread-1] INFO  impl.RaftServerImpl (RaftServerImpl.java:setRole(174)) - 138a7143-15fe-4753-bfe7-f24402fccca7@group-896DE3873A7C: changes role from      null to FOLLOWER at term 0 for startAsFollower
2019-09-25 05:44:21,303 [pool-597-thread-1] INFO  impl.RoleInfo (RoleInfo.java:updateAndGet(143)) - 138a7143-15fe-4753-bfe7-f24402fccca7: start FollowerState
2019-09-25 05:44:21,303 [pool-597-thread-1] INFO  util.JmxRegister (JmxRegister.java:tryRegister(44)) - Successfully registered JMX Bean with object name Ratis:service=RaftServer,group=group-896DE3873A7C,id=138a7143-15fe-4753-bfe7-f24402fccca7
2019-09-25 05:44:21,305 [RatisPipelineUtilsThread] INFO  pipeline.PipelineStateManager (PipelineStateManager.java:addPipeline(56)) - Created pipeline Pipeline[ Id: c04411c0-cd17-4035-b821-896de3873a7c, Nodes: 138a7143-15fe-4753-bfe7-f24402fccca7{ip: 192.168.5.161, host: pr-hdds-1569-zxpks-796972592, networkLocation: /default-rack, certSerialId: null}, Type:RATIS, Factor:ONE, State:OPEN]
2019-09-25 05:44:21,306 [RatisPipelineUtilsThread] INFO  pipeline.PipelinePlacementPolicy (PipelinePlacementPolicy.java:meetCriteria(91)) - Pipeline Placement: can't place more pipeline on heavy datanode： f282a92e-c7a5-4658-9c35-ca03b5a63ea2 Heaviness: 6 limit: 5
2019-09-25 05:44:21,306 [RatisPipelineUtilsThread] INFO  pipeline.PipelinePlacementPolicy (PipelinePlacementPolicy.java:meetCriteria(91)) - Pipeline Placement: can't place more pipeline on heavy datanode： e55ccedd-a9fb-450d-a5f3-f296d15c6aa8 Heaviness: 6 limit: 5
2019-09-25 05:44:21,306 [RatisPipelineUtilsThread] INFO  pipeline.PipelinePlacementPolicy (PipelinePlacementPolicy.java:meetCriteria(91)) - Pipeline Placement: can't place more pipeline on heavy datanode： 138a7143-15fe-4753-bfe7-f24402fccca7 Heaviness: 6 limit: 5
2019-09-25 05:44:21,306 [RatisPipelineUtilsThread] ERROR pipeline.PipelinePlacementPolicy (PipelinePlacementPolicy.java:filterViableNodes(148)) - Unable to find enough nodes that meet the criteria that cannot engage in more than 5 pipelines. Nodes required: 1 Found: 0, healthy nodes count inNodeManager: 3.
2019-09-25 05:44:21,306 [RatisPipelineUtilsThread] ERROR pipeline.SCMPipelineManager (SCMPipelineManager.java:createPipeline(167)) - Pipeline creation failed.
org.apache.hadoop.hdds.scm.exceptions.SCMException: Unable to find enough nodes that meet the criteria that cannot engage in more than 5 pipelines. Nodes required: 1 Found: 0, healthy nodes count inNodeManager: 3.
	at org.apache.hadoop.hdds.scm.pipeline.PipelinePlacementPolicy.filterViableNodes(PipelinePlacementPolicy.java:149)
	at org.apache.hadoop.hdds.scm.pipeline.PipelinePlacementPolicy.chooseDatanodes(PipelinePlacementPolicy.java:172)
	at org.apache.hadoop.hdds.scm.pipeline.RatisPipelineProvider.create(RatisPipelineProvider.java:93)
	at org.apache.hadoop.hdds.scm.pipeline.PipelineFactory.create(PipelineFactory.java:58)
	at org.apache.hadoop.hdds.scm.pipeline.SCMPipelineManager.createPipeline(SCMPipelineManager.java:155)
	at org.apache.hadoop.hdds.scm.pipeline.BackgroundPipelineCreator.createPipelines(BackgroundPipelineCreator.java:99)
	at java.util.concurrent.Executors$RunnableAdapter.call(Executors.java:511)
	at java.util.concurrent.FutureTask.run(FutureTask.java:266)
	at java.util.concurrent.ScheduledThreadPoolExecutor$ScheduledFutureTask.access$201(ScheduledThreadPoolExecutor.java:180)
	at java.util.concurrent.ScheduledThreadPoolExecutor$ScheduledFutureTask.run(ScheduledThreadPoolExecutor.java:293)
	at java.util.concurrent.ThreadPoolExecutor.runWorker(ThreadPoolExecutor.java:1149)
	at java.util.concurrent.ThreadPoolExecutor$Worker.run(ThreadPoolExecutor.java:624)
	at java.lang.Thread.run(Thread.java:748)
2019-09-25 05:44:21,306 [RatisPipelineUtilsThread] INFO  pipeline.PipelinePlacementPolicy (PipelinePlacementPolicy.java:meetCriteria(91)) - Pipeline Placement: can't place more pipeline on heavy datanode： f282a92e-c7a5-4658-9c35-ca03b5a63ea2 Heaviness: 6 limit: 5
2019-09-25 05:44:21,307 [RatisPipelineUtilsThread] INFO  pipeline.PipelinePlacementPolicy (PipelinePlacementPolicy.java:meetCriteria(91)) - Pipeline Placement: can't place more pipeline on heavy datanode： e55ccedd-a9fb-450d-a5f3-f296d15c6aa8 Heaviness: 6 limit: 5
2019-09-25 05:44:21,307 [RatisPipelineUtilsThread] INFO  pipeline.PipelinePlacementPolicy (PipelinePlacementPolicy.java:meetCriteria(91)) - Pipeline Placement: can't place more pipeline on heavy datanode： 138a7143-15fe-4753-bfe7-f24402fccca7 Heaviness: 6 limit: 5
2019-09-25 05:44:21,307 [RatisPipelineUtilsThread] ERROR pipeline.PipelinePlacementPolicy (PipelinePlacementPolicy.java:filterViableNodes(148)) - Unable to find enough nodes that meet the criteria that cannot engage in more than 5 pipelines. Nodes required: 3 Found: 0, healthy nodes count inNodeManager: 3.
2019-09-25 05:44:21,307 [RatisPipelineUtilsThread] ERROR pipeline.SCMPipelineManager (SCMPipelineManager.java:createPipeline(167)) - Pipeline creation failed.
org.apache.hadoop.hdds.scm.exceptions.SCMException: Unable to find enough nodes that meet the criteria that cannot engage in more than 5 pipelines. Nodes required: 3 Found: 0, healthy nodes count inNodeManager: 3.
	at org.apache.hadoop.hdds.scm.pipeline.PipelinePlacementPolicy.filterViableNodes(PipelinePlacementPolicy.java:149)
	at org.apache.hadoop.hdds.scm.pipeline.PipelinePlacementPolicy.chooseDatanodes(PipelinePlacementPolicy.java:172)
	at org.apache.hadoop.hdds.scm.pipeline.RatisPipelineProvider.create(RatisPipelineProvider.java:93)
	at org.apache.hadoop.hdds.scm.pipeline.PipelineFactory.create(PipelineFactory.java:58)
	at org.apache.hadoop.hdds.scm.pipeline.SCMPipelineManager.createPipeline(SCMPipelineManager.java:155)
	at org.apache.hadoop.hdds.scm.pipeline.BackgroundPipelineCreator.createPipelines(BackgroundPipelineCreator.java:99)
	at java.util.concurrent.Executors$RunnableAdapter.call(Executors.java:511)
	at java.util.concurrent.FutureTask.run(FutureTask.java:266)
	at java.util.concurrent.ScheduledThreadPoolExecutor$ScheduledFutureTask.access$201(ScheduledThreadPoolExecutor.java:180)
	at java.util.concurrent.ScheduledThreadPoolExecutor$ScheduledFutureTask.run(ScheduledThreadPoolExecutor.java:293)
	at java.util.concurrent.ThreadPoolExecutor.runWorker(ThreadPoolExecutor.java:1149)
	at java.util.concurrent.ThreadPoolExecutor$Worker.run(ThreadPoolExecutor.java:624)
	at java.lang.Thread.run(Thread.java:748)
2019-09-25 05:44:21,307 [RatisPipelineUtilsThread] INFO  pipeline.PipelinePlacementPolicy (PipelinePlacementPolicy.java:meetCriteria(91)) - Pipeline Placement: can't place more pipeline on heavy datanode： f282a92e-c7a5-4658-9c35-ca03b5a63ea2 Heaviness: 6 limit: 5
2019-09-25 05:44:21,307 [RatisPipelineUtilsThread] INFO  pipeline.PipelinePlacementPolicy (PipelinePlacementPolicy.java:meetCriteria(91)) - Pipeline Placement: can't place more pipeline on heavy datanode： e55ccedd-a9fb-450d-a5f3-f296d15c6aa8 Heaviness: 6 limit: 5
2019-09-25 05:44:21,307 [RatisPipelineUtilsThread] INFO  pipeline.PipelinePlacementPolicy (PipelinePlacementPolicy.java:meetCriteria(91)) - Pipeline Placement: can't place more pipeline on heavy datanode： 138a7143-15fe-4753-bfe7-f24402fccca7 Heaviness: 6 limit: 5
2019-09-25 05:44:21,308 [RatisPipelineUtilsThread] ERROR pipeline.PipelinePlacementPolicy (PipelinePlacementPolicy.java:filterViableNodes(148)) - Unable to find enough nodes that meet the criteria that cannot engage in more than 5 pipelines. Nodes required: 1 Found: 0, healthy nodes count inNodeManager: 3.
2019-09-25 05:44:21,308 [RatisPipelineUtilsThread] ERROR pipeline.SCMPipelineManager (SCMPipelineManager.java:createPipeline(167)) - Pipeline creation failed.
org.apache.hadoop.hdds.scm.exceptions.SCMException: Unable to find enough nodes that meet the criteria that cannot engage in more than 5 pipelines. Nodes required: 1 Found: 0, healthy nodes count inNodeManager: 3.
	at org.apache.hadoop.hdds.scm.pipeline.PipelinePlacementPolicy.filterViableNodes(PipelinePlacementPolicy.java:149)
	at org.apache.hadoop.hdds.scm.pipeline.PipelinePlacementPolicy.chooseDatanodes(PipelinePlacementPolicy.java:172)
	at org.apache.hadoop.hdds.scm.pipeline.RatisPipelineProvider.create(RatisPipelineProvider.java:93)
	at org.apache.hadoop.hdds.scm.pipeline.PipelineFactory.create(PipelineFactory.java:58)
	at org.apache.hadoop.hdds.scm.pipeline.SCMPipelineManager.createPipeline(SCMPipelineManager.java:155)
	at org.apache.hadoop.hdds.scm.pipeline.BackgroundPipelineCreator.createPipelines(BackgroundPipelineCreator.java:99)
	at org.apache.hadoop.hdds.scm.pipeline.BackgroundPipelineCreator.lambda$startFixedIntervalPipelineCreator$0(BackgroundPipelineCreator.java:70)
	at java.util.concurrent.Executors$RunnableAdapter.call(Executors.java:511)
	at java.util.concurrent.FutureTask.runAndReset(FutureTask.java:308)
	at java.util.concurrent.ScheduledThreadPoolExecutor$ScheduledFutureTask.access$301(ScheduledThreadPoolExecutor.java:180)
	at java.util.concurrent.ScheduledThreadPoolExecutor$ScheduledFutureTask.run(ScheduledThreadPoolExecutor.java:294)
	at java.util.concurrent.ThreadPoolExecutor.runWorker(ThreadPoolExecutor.java:1149)
	at java.util.concurrent.ThreadPoolExecutor$Worker.run(ThreadPoolExecutor.java:624)
	at java.lang.Thread.run(Thread.java:748)
2019-09-25 05:44:21,308 [RatisPipelineUtilsThread] INFO  pipeline.PipelinePlacementPolicy (PipelinePlacementPolicy.java:meetCriteria(91)) - Pipeline Placement: can't place more pipeline on heavy datanode： f282a92e-c7a5-4658-9c35-ca03b5a63ea2 Heaviness: 6 limit: 5
2019-09-25 05:44:21,308 [RatisPipelineUtilsThread] INFO  pipeline.PipelinePlacementPolicy (PipelinePlacementPolicy.java:meetCriteria(91)) - Pipeline Placement: can't place more pipeline on heavy datanode： e55ccedd-a9fb-450d-a5f3-f296d15c6aa8 Heaviness: 6 limit: 5
2019-09-25 05:44:21,308 [RatisPipelineUtilsThread] INFO  pipeline.PipelinePlacementPolicy (PipelinePlacementPolicy.java:meetCriteria(91)) - Pipeline Placement: can't place more pipeline on heavy datanode： 138a7143-15fe-4753-bfe7-f24402fccca7 Heaviness: 6 limit: 5
2019-09-25 05:44:21,308 [RatisPipelineUtilsThread] ERROR pipeline.PipelinePlacementPolicy (PipelinePlacementPolicy.java:filterViableNodes(148)) - Unable to find enough nodes that meet the criteria that cannot engage in more than 5 pipelines. Nodes required: 3 Found: 0, healthy nodes count inNodeManager: 3.
2019-09-25 05:44:21,308 [RatisPipelineUtilsThread] ERROR pipeline.SCMPipelineManager (SCMPipelineManager.java:createPipeline(167)) - Pipeline creation failed.
org.apache.hadoop.hdds.scm.exceptions.SCMException: Unable to find enough nodes that meet the criteria that cannot engage in more than 5 pipelines. Nodes required: 3 Found: 0, healthy nodes count inNodeManager: 3.
	at org.apache.hadoop.hdds.scm.pipeline.PipelinePlacementPolicy.filterViableNodes(PipelinePlacementPolicy.java:149)
	at org.apache.hadoop.hdds.scm.pipeline.PipelinePlacementPolicy.chooseDatanodes(PipelinePlacementPolicy.java:172)
	at org.apache.hadoop.hdds.scm.pipeline.RatisPipelineProvider.create(RatisPipelineProvider.java:93)
	at org.apache.hadoop.hdds.scm.pipeline.PipelineFactory.create(PipelineFactory.java:58)
	at org.apache.hadoop.hdds.scm.pipeline.SCMPipelineManager.createPipeline(SCMPipelineManager.java:155)
	at org.apache.hadoop.hdds.scm.pipeline.BackgroundPipelineCreator.createPipelines(BackgroundPipelineCreator.java:99)
	at org.apache.hadoop.hdds.scm.pipeline.BackgroundPipelineCreator.lambda$startFixedIntervalPipelineCreator$0(BackgroundPipelineCreator.java:70)
	at java.util.concurrent.Executors$RunnableAdapter.call(Executors.java:511)
	at java.util.concurrent.FutureTask.runAndReset(FutureTask.java:308)
	at java.util.concurrent.ScheduledThreadPoolExecutor$ScheduledFutureTask.access$301(ScheduledThreadPoolExecutor.java:180)
	at java.util.concurrent.ScheduledThreadPoolExecutor$ScheduledFutureTask.run(ScheduledThreadPoolExecutor.java:294)
	at java.util.concurrent.ThreadPoolExecutor.runWorker(ThreadPoolExecutor.java:1149)
	at java.util.concurrent.ThreadPoolExecutor$Worker.run(ThreadPoolExecutor.java:624)
	at java.lang.Thread.run(Thread.java:748)
2019-09-25 05:44:21,309 [IPC Server handler 0 on 36559] INFO  pipeline.PipelinePlacementPolicy (PipelinePlacementPolicy.java:meetCriteria(91)) - Pipeline Placement: can't place more pipeline on heavy datanode： f282a92e-c7a5-4658-9c35-ca03b5a63ea2 Heaviness: 6 limit: 5
2019-09-25 05:44:21,309 [IPC Server handler 0 on 36559] INFO  pipeline.PipelinePlacementPolicy (PipelinePlacementPolicy.java:meetCriteria(91)) - Pipeline Placement: can't place more pipeline on heavy datanode： e55ccedd-a9fb-450d-a5f3-f296d15c6aa8 Heaviness: 6 limit: 5
2019-09-25 05:44:21,309 [IPC Server handler 0 on 36559] INFO  pipeline.PipelinePlacementPolicy (PipelinePlacementPolicy.java:meetCriteria(91)) - Pipeline Placement: can't place more pipeline on heavy datanode： 138a7143-15fe-4753-bfe7-f24402fccca7 Heaviness: 6 limit: 5
2019-09-25 05:44:21,309 [IPC Server handler 0 on 36559] ERROR pipeline.PipelinePlacementPolicy (PipelinePlacementPolicy.java:filterViableNodes(148)) - Unable to find enough nodes that meet the criteria that cannot engage in more than 5 pipelines. Nodes required: 3 Found: 0, healthy nodes count inNodeManager: 3.
2019-09-25 05:44:21,310 [IPC Server handler 0 on 36559] ERROR pipeline.SCMPipelineManager (SCMPipelineManager.java:createPipeline(167)) - Pipeline creation failed.
org.apache.hadoop.hdds.scm.exceptions.SCMException: Unable to find enough nodes that meet the criteria that cannot engage in more than 5 pipelines. Nodes required: 3 Found: 0, healthy nodes count inNodeManager: 3.
	at org.apache.hadoop.hdds.scm.pipeline.PipelinePlacementPolicy.filterViableNodes(PipelinePlacementPolicy.java:149)
	at org.apache.hadoop.hdds.scm.pipeline.PipelinePlacementPolicy.chooseDatanodes(PipelinePlacementPolicy.java:172)
	at org.apache.hadoop.hdds.scm.pipeline.RatisPipelineProvider.create(RatisPipelineProvider.java:93)
	at org.apache.hadoop.hdds.scm.pipeline.PipelineFactory.create(PipelineFactory.java:58)
	at org.apache.hadoop.hdds.scm.pipeline.SCMPipelineManager.createPipeline(SCMPipelineManager.java:155)
	at org.apache.hadoop.hdds.scm.block.BlockManagerImpl.allocateBlock(BlockManagerImpl.java:190)
	at org.apache.hadoop.hdds.scm.server.SCMBlockProtocolServer.allocateBlock(SCMBlockProtocolServer.java:182)
	at org.apache.hadoop.ozone.protocolPB.ScmBlockLocationProtocolServerSideTranslatorPB.allocateScmBlock(ScmBlockLocationProtocolServerSideTranslatorPB.java:183)
	at org.apache.hadoop.ozone.protocolPB.ScmBlockLocationProtocolServerSideTranslatorPB.processMessage(ScmBlockLocationProtocolServerSideTranslatorPB.java:141)
	at org.apache.hadoop.ozone.protocolPB.ScmBlockLocationProtocolServerSideTranslatorPB.send(ScmBlockLocationProtocolServerSideTranslatorPB.java:116)
	at org.apache.hadoop.hdds.protocol.proto.ScmBlockLocationProtocolProtos$ScmBlockLocationProtocolService$2.callBlockingMethod(ScmBlockLocationProtocolProtos.java:13157)
	at org.apache.hadoop.ipc.ProtobufRpcEngine$Server$ProtoBufRpcInvoker.call(ProtobufRpcEngine.java:524)
	at org.apache.hadoop.ipc.RPC$Server.call(RPC.java:1025)
	at org.apache.hadoop.ipc.Server$RpcCall.run(Server.java:876)
	at org.apache.hadoop.ipc.Server$RpcCall.run(Server.java:822)
	at java.security.AccessController.doPrivileged(Native Method)
	at javax.security.auth.Subject.doAs(Subject.java:422)
	at org.apache.hadoop.security.UserGroupInformation.doAs(UserGroupInformation.java:1730)
	at org.apache.hadoop.ipc.Server$Handler.run(Server.java:2682)
2019-09-25 05:44:21,313 [IPC Server handler 0 on 36559] WARN  block.BlockManagerImpl (BlockManagerImpl.java:allocateBlock(192)) - Pipeline creation failed for type:RATIS factor:THREE. Retrying get pipelines call once.
org.apache.hadoop.hdds.scm.exceptions.SCMException: Unable to find enough nodes that meet the criteria that cannot engage in more than 5 pipelines. Nodes required: 3 Found: 0, healthy nodes count inNodeManager: 3.
	at org.apache.hadoop.hdds.scm.pipeline.PipelinePlacementPolicy.filterViableNodes(PipelinePlacementPolicy.java:149)
	at org.apache.hadoop.hdds.scm.pipeline.PipelinePlacementPolicy.chooseDatanodes(PipelinePlacementPolicy.java:172)
	at org.apache.hadoop.hdds.scm.pipeline.RatisPipelineProvider.create(RatisPipelineProvider.java:93)
	at org.apache.hadoop.hdds.scm.pipeline.PipelineFactory.create(PipelineFactory.java:58)
	at org.apache.hadoop.hdds.scm.pipeline.SCMPipelineManager.createPipeline(SCMPipelineManager.java:155)
	at org.apache.hadoop.hdds.scm.block.BlockManagerImpl.allocateBlock(BlockManagerImpl.java:190)
	at org.apache.hadoop.hdds.scm.server.SCMBlockProtocolServer.allocateBlock(SCMBlockProtocolServer.java:182)
	at org.apache.hadoop.ozone.protocolPB.ScmBlockLocationProtocolServerSideTranslatorPB.allocateScmBlock(ScmBlockLocationProtocolServerSideTranslatorPB.java:183)
	at org.apache.hadoop.ozone.protocolPB.ScmBlockLocationProtocolServerSideTranslatorPB.processMessage(ScmBlockLocationProtocolServerSideTranslatorPB.java:141)
	at org.apache.hadoop.ozone.protocolPB.ScmBlockLocationProtocolServerSideTranslatorPB.send(ScmBlockLocationProtocolServerSideTranslatorPB.java:116)
	at org.apache.hadoop.hdds.protocol.proto.ScmBlockLocationProtocolProtos$ScmBlockLocationProtocolService$2.callBlockingMethod(ScmBlockLocationProtocolProtos.java:13157)
	at org.apache.hadoop.ipc.ProtobufRpcEngine$Server$ProtoBufRpcInvoker.call(ProtobufRpcEngine.java:524)
	at org.apache.hadoop.ipc.RPC$Server.call(RPC.java:1025)
	at org.apache.hadoop.ipc.Server$RpcCall.run(Server.java:876)
	at org.apache.hadoop.ipc.Server$RpcCall.run(Server.java:822)
	at java.security.AccessController.doPrivileged(Native Method)
	at javax.security.auth.Subject.doAs(Subject.java:422)
	at org.apache.hadoop.security.UserGroupInformation.doAs(UserGroupInformation.java:1730)
	at org.apache.hadoop.ipc.Server$Handler.run(Server.java:2682)
2019-09-25 05:44:21,313 [IPC Server handler 0 on 36559] INFO  block.BlockManagerImpl (BlockManagerImpl.java:allocateBlock(198)) - Could not find available pipeline of type:RATIS and factor:THREE even after retrying
2019-09-25 05:44:21,313 [IPC Server handler 0 on 36559] ERROR block.BlockManagerImpl (BlockManagerImpl.java:allocateBlock(222)) - Unable to allocate a block for the size: 4194304, type: RATIS, factor: THREE
2019-09-25 05:44:21,315 [main] INFO  ozone.MiniOzoneClusterImpl (MiniOzoneClusterImpl.java:shutdown(314)) - Shutting down the Mini Ozone Cluster
2019-09-25 05:44:21,315 [main] INFO  ozone.MiniOzoneClusterImpl (MiniOzoneClusterImpl.java:stop(330)) - Stopping the Mini Ozone Cluster
2019-09-25 05:44:21,315 [main] INFO  ozone.MiniOzoneClusterImpl (MiniOzoneClusterImpl.java:stopOM(400)) - Stopping the OzoneManager
2019-09-25 05:44:21,316 [main] INFO  ipc.Server (Server.java:stop(3082)) - Stopping server on 44347
2019-09-25 05:44:21,322 [IPC Server listener on 44347] INFO  ipc.Server (Server.java:run(1185)) - Stopping IPC Server listener on 44347
2019-09-25 05:44:21,323 [IPC Server Responder] INFO  ipc.Server (Server.java:run(1319)) - Stopping IPC Server Responder
2019-09-25 05:44:21,323 [main] INFO  ratis.OzoneManagerDoubleBuffer (OzoneManagerDoubleBuffer.java:stop(248)) - Stopping OMDoubleBuffer flush thread
2019-09-25 05:44:21,326 [OMDoubleBufferFlushThread] INFO  ratis.OzoneManagerDoubleBuffer (OzoneManagerDoubleBuffer.java:flushTransactions(191)) - OMDoubleBuffer flush thread OMDoubleBufferFlushThread is interrupted and will exit. OMDoubleBufferFlushThread
2019-09-25 05:44:21,326 [main] INFO  utils.BackgroundService (BackgroundService.java:shutdown(148)) - Shutting down service KeyDeletingService
2019-09-25 05:44:21,327 [main] INFO  handler.ContextHandler (ContextHandler.java:doStop(910)) - Stopped o.e.j.w.WebAppContext@70697478{/,null,UNAVAILABLE}{/ozoneManager}
2019-09-25 05:44:21,328 [main] INFO  server.AbstractConnector (AbstractConnector.java:doStop(318)) - Stopped ServerConnector@42b43a6{HTTP/1.1,[http/1.1]}{0.0.0.0:0}
2019-09-25 05:44:21,328 [main] INFO  handler.ContextHandler (ContextHandler.java:doStop(910)) - Stopped o.e.j.s.ServletContextHandler@6ac9b66b{/static,jar:file:/home/user/.m2/repository/org/apache/hadoop/hadoop-ozone-ozone-manager/0.5.0-SNAPSHOT/hadoop-ozone-ozone-manager-0.5.0-SNAPSHOT.jar!/webapps/static,UNAVAILABLE}
2019-09-25 05:44:21,328 [main] INFO  handler.ContextHandler (ContextHandler.java:doStop(910)) - Stopped o.e.j.s.ServletContextHandler@25421809{/logs,file:///workdir/hadoop-ozone/ozonefs/target/log,UNAVAILABLE}
2019-09-25 05:44:21,330 [main] INFO  ozone.MiniOzoneClusterImpl (MiniOzoneClusterImpl.java:stopDatanodes(377)) - Stopping the HddsDatanodes
2019-09-25 05:44:22,464 [Datanode State Machine Thread - 0] INFO  statemachine.DatanodeStateMachine (DatanodeStateMachine.java:lambda$startDaemon$0(350)) - Ozone container server started.
2019-09-25 05:44:22,545 [Datanode State Machine Thread - 0] INFO  statemachine.DatanodeStateMachine (DatanodeStateMachine.java:lambda$startDaemon$0(350)) - Ozone container server started.
2019-09-25 05:44:23,479 [Thread-3098] INFO  container.ReplicationManager (ReplicationManager.java:start(163)) - Starting Replication Monitor Thread.
2019-09-25 05:44:23,483 [ReplicationMonitor] INFO  container.ReplicationManager (ReplicationManager.java:run(226)) - Replication Monitor Thread took 0 milliseconds for processing 0 containers.
2019-09-25 05:44:25,699 [Thread-3108] INFO  impl.FollowerState (FollowerState.java:run(106)) - f282a92e-c7a5-4658-9c35-ca03b5a63ea2:group-B0BFA831613F changes to CANDIDATE, lastRpcTime:5038, electionTimeout:5038ms
2019-09-25 05:44:25,700 [Thread-3108] INFO  impl.RoleInfo (RoleInfo.java:shutdownFollowerState(121)) - f282a92e-c7a5-4658-9c35-ca03b5a63ea2: shutdown FollowerState
2019-09-25 05:44:25,700 [Thread-3108] INFO  impl.RaftServerImpl (RaftServerImpl.java:setRole(174)) - f282a92e-c7a5-4658-9c35-ca03b5a63ea2@group-B0BFA831613F: changes role from  FOLLOWER to CANDIDATE at term 0 for changeToCandidate
2019-09-25 05:44:25,700 [Thread-3108] INFO  impl.RoleInfo (RoleInfo.java:updateAndGet(143)) - f282a92e-c7a5-4658-9c35-ca03b5a63ea2: start LeaderElection
2019-09-25 05:44:25,704 [Thread-3100] INFO  impl.FollowerState (FollowerState.java:run(106)) - f282a92e-c7a5-4658-9c35-ca03b5a63ea2:group-008A9ED56F49 changes to CANDIDATE, lastRpcTime:5161, electionTimeout:5159ms
2019-09-25 05:44:25,705 [Thread-3100] INFO  impl.RoleInfo (RoleInfo.java:shutdownFollowerState(121)) - f282a92e-c7a5-4658-9c35-ca03b5a63ea2: shutdown FollowerState
2019-09-25 05:44:25,705 [Thread-3100] INFO  impl.RaftServerImpl (RaftServerImpl.java:setRole(174)) - f282a92e-c7a5-4658-9c35-ca03b5a63ea2@group-008A9ED56F49: changes role from  FOLLOWER to CANDIDATE at term 0 for changeToCandidate
2019-09-25 05:44:25,705 [Thread-3100] INFO  impl.RoleInfo (RoleInfo.java:updateAndGet(143)) - f282a92e-c7a5-4658-9c35-ca03b5a63ea2: start LeaderElection
2019-09-25 05:44:25,732 [Thread-3103] INFO  impl.FollowerState (FollowerState.java:run(106)) - f282a92e-c7a5-4658-9c35-ca03b5a63ea2:group-F28A6A32371C changes to CANDIDATE, lastRpcTime:5137, electionTimeout:5137ms
2019-09-25 05:44:25,732 [Thread-3103] INFO  impl.RoleInfo (RoleInfo.java:shutdownFollowerState(121)) - f282a92e-c7a5-4658-9c35-ca03b5a63ea2: shutdown FollowerState
2019-09-25 05:44:25,732 [Thread-3103] INFO  impl.RaftServerImpl (RaftServerImpl.java:setRole(174)) - f282a92e-c7a5-4658-9c35-ca03b5a63ea2@group-F28A6A32371C: changes role from  FOLLOWER to CANDIDATE at term 0 for changeToCandidate
2019-09-25 05:44:25,732 [Thread-3103] INFO  impl.RoleInfo (RoleInfo.java:updateAndGet(143)) - f282a92e-c7a5-4658-9c35-ca03b5a63ea2: start LeaderElection
2019-09-25 05:44:25,733 [f282a92e-c7a5-4658-9c35-ca03b5a63ea2@group-008A9ED56F49:LeaderElection196] INFO  impl.LeaderElection (LeaderElection.java:askForVotes(182)) - f282a92e-c7a5-4658-9c35-ca03b5a63ea2@group-008A9ED56F49:LeaderElection196: begin an election at term 1 for -1: [f282a92e-c7a5-4658-9c35-ca03b5a63ea2:192.168.5.161:42213], old=null
2019-09-25 05:44:25,733 [f282a92e-c7a5-4658-9c35-ca03b5a63ea2@group-B0BFA831613F:LeaderElection195] INFO  impl.LeaderElection (LeaderElection.java:askForVotes(182)) - f282a92e-c7a5-4658-9c35-ca03b5a63ea2@group-B0BFA831613F:LeaderElection195: begin an election at term 1 for -1: [f282a92e-c7a5-4658-9c35-ca03b5a63ea2:192.168.5.161:42213], old=null
2019-09-25 05:44:25,735 [f282a92e-c7a5-4658-9c35-ca03b5a63ea2@group-008A9ED56F49:LeaderElection196] INFO  impl.RoleInfo (RoleInfo.java:shutdownLeaderElection(134)) - f282a92e-c7a5-4658-9c35-ca03b5a63ea2: shutdown LeaderElection
2019-09-25 05:44:25,735 [f282a92e-c7a5-4658-9c35-ca03b5a63ea2@group-B0BFA831613F:LeaderElection195] INFO  impl.RoleInfo (RoleInfo.java:shutdownLeaderElection(134)) - f282a92e-c7a5-4658-9c35-ca03b5a63ea2: shutdown LeaderElection
2019-09-25 05:44:25,735 [f282a92e-c7a5-4658-9c35-ca03b5a63ea2@group-008A9ED56F49:LeaderElection196] INFO  impl.RaftServerImpl (RaftServerImpl.java:setRole(174)) - f282a92e-c7a5-4658-9c35-ca03b5a63ea2@group-008A9ED56F49: changes role from CANDIDATE to LEADER at term 1 for changeToLeader
2019-09-25 05:44:25,736 [f282a92e-c7a5-4658-9c35-ca03b5a63ea2@group-B0BFA831613F:LeaderElection195] INFO  impl.RaftServerImpl (RaftServerImpl.java:setRole(174)) - f282a92e-c7a5-4658-9c35-ca03b5a63ea2@group-B0BFA831613F: changes role from CANDIDATE to LEADER at term 1 for changeToLeader
2019-09-25 05:44:25,736 [f282a92e-c7a5-4658-9c35-ca03b5a63ea2@group-008A9ED56F49:LeaderElection196] INFO  impl.RaftServerImpl (ServerState.java:setLeader(253)) - f282a92e-c7a5-4658-9c35-ca03b5a63ea2@group-008A9ED56F49: change Leader from null to f282a92e-c7a5-4658-9c35-ca03b5a63ea2 at term 1 for becomeLeader, leader elected after 5201ms
2019-09-25 05:44:25,736 [f282a92e-c7a5-4658-9c35-ca03b5a63ea2@group-B0BFA831613F:LeaderElection195] INFO  impl.RaftServerImpl (ServerState.java:setLeader(253)) - f282a92e-c7a5-4658-9c35-ca03b5a63ea2@group-B0BFA831613F: change Leader from null to f282a92e-c7a5-4658-9c35-ca03b5a63ea2 at term 1 for becomeLeader, leader elected after 5106ms
2019-09-25 05:44:25,736 [f282a92e-c7a5-4658-9c35-ca03b5a63ea2@group-008A9ED56F49:LeaderElection196] INFO  server.RaftServerConfigKeys (ConfUtils.java:logGet(43)) - raft.server.staging.catchup.gap = 1000 (default)
2019-09-25 05:44:25,736 [f282a92e-c7a5-4658-9c35-ca03b5a63ea2@group-B0BFA831613F:LeaderElection195] INFO  server.RaftServerConfigKeys (ConfUtils.java:logGet(43)) - raft.server.staging.catchup.gap = 1000 (default)
2019-09-25 05:44:25,736 [f282a92e-c7a5-4658-9c35-ca03b5a63ea2@group-008A9ED56F49:LeaderElection196] INFO  server.RaftServerConfigKeys (ConfUtils.java:logGet(43)) - raft.server.rpc.sleep.time = 25ms (default)
2019-09-25 05:44:25,737 [f282a92e-c7a5-4658-9c35-ca03b5a63ea2@group-B0BFA831613F:LeaderElection195] INFO  server.RaftServerConfigKeys (ConfUtils.java:logGet(43)) - raft.server.rpc.sleep.time = 25ms (default)
2019-09-25 05:44:25,737 [f282a92e-c7a5-4658-9c35-ca03b5a63ea2@group-008A9ED56F49:LeaderElection196] INFO  server.RaftServerConfigKeys (ConfUtils.java:logGet(43)) - raft.server.write.element-limit = 4096 (default)
2019-09-25 05:44:25,737 [f282a92e-c7a5-4658-9c35-ca03b5a63ea2@group-B0BFA831613F:LeaderElection195] INFO  server.RaftServerConfigKeys (ConfUtils.java:logGet(43)) - raft.server.write.element-limit = 4096 (default)
2019-09-25 05:44:25,737 [f282a92e-c7a5-4658-9c35-ca03b5a63ea2@group-008A9ED56F49:LeaderElection196] INFO  server.RaftServerConfigKeys (ConfUtils.java:logGet(43)) - raft.server.watch.timeout = 10s (default)
2019-09-25 05:44:25,737 [f282a92e-c7a5-4658-9c35-ca03b5a63ea2@group-B0BFA831613F:LeaderElection195] INFO  server.RaftServerConfigKeys (ConfUtils.java:logGet(43)) - raft.server.watch.timeout = 10s (default)
2019-09-25 05:44:25,737 [f282a92e-c7a5-4658-9c35-ca03b5a63ea2@group-008A9ED56F49:LeaderElection196] INFO  server.RaftServerConfigKeys (ConfUtils.java:logGet(43)) - raft.server.watch.timeout.denomination = 1s (default)
2019-09-25 05:44:25,738 [f282a92e-c7a5-4658-9c35-ca03b5a63ea2@group-B0BFA831613F:LeaderElection195] INFO  server.RaftServerConfigKeys (ConfUtils.java:logGet(43)) - raft.server.watch.timeout.denomination = 1s (default)
2019-09-25 05:44:25,738 [f282a92e-c7a5-4658-9c35-ca03b5a63ea2@group-008A9ED56F49:LeaderElection196] INFO  server.RaftServerConfigKeys (ConfUtils.java:logGet(43)) - raft.server.watch.element-limit = 65536 (default)
2019-09-25 05:44:25,738 [f282a92e-c7a5-4658-9c35-ca03b5a63ea2@group-B0BFA831613F:LeaderElection195] INFO  server.RaftServerConfigKeys (ConfUtils.java:logGet(43)) - raft.server.watch.element-limit = 65536 (default)
2019-09-25 05:44:25,742 [f282a92e-c7a5-4658-9c35-ca03b5a63ea2@group-008A9ED56F49:LeaderElection196] INFO  impl.RoleInfo (RoleInfo.java:updateAndGet(143)) - f282a92e-c7a5-4658-9c35-ca03b5a63ea2: start LeaderState
2019-09-25 05:44:25,742 [f282a92e-c7a5-4658-9c35-ca03b5a63ea2@group-B0BFA831613F:LeaderElection195] INFO  impl.RoleInfo (RoleInfo.java:updateAndGet(143)) - f282a92e-c7a5-4658-9c35-ca03b5a63ea2: start LeaderState
2019-09-25 05:44:25,743 [f282a92e-c7a5-4658-9c35-ca03b5a63ea2@group-008A9ED56F49:LeaderElection196] INFO  segmented.SegmentedRaftLogWorker (SegmentedRaftLogWorker.java:startLogSegment(380)) - f282a92e-c7a5-4658-9c35-ca03b5a63ea2@group-008A9ED56F49-SegmentedRaftLogWorker: Starting segment from index:0
2019-09-25 05:44:25,743 [f282a92e-c7a5-4658-9c35-ca03b5a63ea2@group-B0BFA831613F:LeaderElection195] INFO  segmented.SegmentedRaftLogWorker (SegmentedRaftLogWorker.java:startLogSegment(380)) - f282a92e-c7a5-4658-9c35-ca03b5a63ea2@group-B0BFA831613F-SegmentedRaftLogWorker: Starting segment from index:0
2019-09-25 05:44:25,744 [f282a92e-c7a5-4658-9c35-ca03b5a63ea2@group-B0BFA831613F:LeaderElection195] INFO  impl.RaftServerImpl (ServerState.java:setRaftConf(354)) - f282a92e-c7a5-4658-9c35-ca03b5a63ea2@group-B0BFA831613F: set configuration 0: [f282a92e-c7a5-4658-9c35-ca03b5a63ea2:192.168.5.161:42213], old=null at 0
2019-09-25 05:44:25,744 [f282a92e-c7a5-4658-9c35-ca03b5a63ea2@group-008A9ED56F49:LeaderElection196] INFO  impl.RaftServerImpl (ServerState.java:setRaftConf(354)) - f282a92e-c7a5-4658-9c35-ca03b5a63ea2@group-008A9ED56F49: set configuration 0: [f282a92e-c7a5-4658-9c35-ca03b5a63ea2:192.168.5.161:42213], old=null at 0
2019-09-25 05:44:25,748 [f282a92e-c7a5-4658-9c35-ca03b5a63ea2@group-F28A6A32371C:LeaderElection197] INFO  impl.LeaderElection (LeaderElection.java:askForVotes(182)) - f282a92e-c7a5-4658-9c35-ca03b5a63ea2@group-F28A6A32371C:LeaderElection197: begin an election at term 1 for -1: [f282a92e-c7a5-4658-9c35-ca03b5a63ea2:192.168.5.161:42213], old=null
2019-09-25 05:44:25,748 [f282a92e-c7a5-4658-9c35-ca03b5a63ea2@group-F28A6A32371C:LeaderElection197] INFO  impl.RoleInfo (RoleInfo.java:shutdownLeaderElection(134)) - f282a92e-c7a5-4658-9c35-ca03b5a63ea2: shutdown LeaderElection
2019-09-25 05:44:25,749 [f282a92e-c7a5-4658-9c35-ca03b5a63ea2@group-F28A6A32371C:LeaderElection197] INFO  impl.RaftServerImpl (RaftServerImpl.java:setRole(174)) - f282a92e-c7a5-4658-9c35-ca03b5a63ea2@group-F28A6A32371C: changes role from CANDIDATE to LEADER at term 1 for changeToLeader
2019-09-25 05:44:25,749 [f282a92e-c7a5-4658-9c35-ca03b5a63ea2@group-F28A6A32371C:LeaderElection197] INFO  impl.RaftServerImpl (ServerState.java:setLeader(253)) - f282a92e-c7a5-4658-9c35-ca03b5a63ea2@group-F28A6A32371C: change Leader from null to f282a92e-c7a5-4658-9c35-ca03b5a63ea2 at term 1 for becomeLeader, leader elected after 5159ms
2019-09-25 05:44:25,749 [f282a92e-c7a5-4658-9c35-ca03b5a63ea2@group-F28A6A32371C:LeaderElection197] INFO  server.RaftServerConfigKeys (ConfUtils.java:logGet(43)) - raft.server.staging.catchup.gap = 1000 (default)
2019-09-25 05:44:25,749 [f282a92e-c7a5-4658-9c35-ca03b5a63ea2@group-F28A6A32371C:LeaderElection197] INFO  server.RaftServerConfigKeys (ConfUtils.java:logGet(43)) - raft.server.rpc.sleep.time = 25ms (default)
2019-09-25 05:44:25,749 [f282a92e-c7a5-4658-9c35-ca03b5a63ea2@group-F28A6A32371C:LeaderElection197] INFO  server.RaftServerConfigKeys (ConfUtils.java:logGet(43)) - raft.server.write.element-limit = 4096 (default)
2019-09-25 05:44:25,749 [f282a92e-c7a5-4658-9c35-ca03b5a63ea2@group-F28A6A32371C:LeaderElection197] INFO  server.RaftServerConfigKeys (ConfUtils.java:logGet(43)) - raft.server.watch.timeout = 10s (default)
2019-09-25 05:44:25,750 [f282a92e-c7a5-4658-9c35-ca03b5a63ea2@group-F28A6A32371C:LeaderElection197] INFO  server.RaftServerConfigKeys (ConfUtils.java:logGet(43)) - raft.server.watch.timeout.denomination = 1s (default)
2019-09-25 05:44:25,750 [f282a92e-c7a5-4658-9c35-ca03b5a63ea2@group-F28A6A32371C:LeaderElection197] INFO  server.RaftServerConfigKeys (ConfUtils.java:logGet(43)) - raft.server.watch.element-limit = 65536 (default)
2019-09-25 05:44:25,752 [f282a92e-c7a5-4658-9c35-ca03b5a63ea2@group-F28A6A32371C:LeaderElection197] INFO  impl.RoleInfo (RoleInfo.java:updateAndGet(143)) - f282a92e-c7a5-4658-9c35-ca03b5a63ea2: start LeaderState
2019-09-25 05:44:25,752 [f282a92e-c7a5-4658-9c35-ca03b5a63ea2@group-F28A6A32371C:LeaderElection197] INFO  segmented.SegmentedRaftLogWorker (SegmentedRaftLogWorker.java:startLogSegment(380)) - f282a92e-c7a5-4658-9c35-ca03b5a63ea2@group-F28A6A32371C-SegmentedRaftLogWorker: Starting segment from index:0
2019-09-25 05:44:25,753 [f282a92e-c7a5-4658-9c35-ca03b5a63ea2@group-F28A6A32371C:LeaderElection197] INFO  impl.RaftServerImpl (ServerState.java:setRaftConf(354)) - f282a92e-c7a5-4658-9c35-ca03b5a63ea2@group-F28A6A32371C: set configuration 0: [f282a92e-c7a5-4658-9c35-ca03b5a63ea2:192.168.5.161:42213], old=null at 0
2019-09-25 05:44:25,784 [Thread-3112] INFO  impl.FollowerState (FollowerState.java:run(106)) - 138a7143-15fe-4753-bfe7-f24402fccca7:group-432383F50329 changes to CANDIDATE, lastRpcTime:5067, electionTimeout:5067ms
2019-09-25 05:44:25,784 [Thread-3112] INFO  impl.RoleInfo (RoleInfo.java:shutdownFollowerState(121)) - 138a7143-15fe-4753-bfe7-f24402fccca7: shutdown FollowerState
2019-09-25 05:44:25,784 [Thread-3112] INFO  impl.RaftServerImpl (RaftServerImpl.java:setRole(174)) - 138a7143-15fe-4753-bfe7-f24402fccca7@group-432383F50329: changes role from  FOLLOWER to CANDIDATE at term 0 for changeToCandidate
2019-09-25 05:44:25,784 [Thread-3112] INFO  impl.RoleInfo (RoleInfo.java:updateAndGet(143)) - 138a7143-15fe-4753-bfe7-f24402fccca7: start LeaderElection
2019-09-25 05:44:25,810 [f282a92e-c7a5-4658-9c35-ca03b5a63ea2@group-B0BFA831613F-SegmentedRaftLogWorker] INFO  segmented.SegmentedRaftLogWorker (SegmentedRaftLogWorker.java:execute(569)) - f282a92e-c7a5-4658-9c35-ca03b5a63ea2@group-B0BFA831613F-SegmentedRaftLogWorker: created new log segment /workdir/hadoop-ozone/ozonefs/target/test-dir/MiniOzoneClusterImpl-8a873c7d-0254-4d89-9d76-4b8349893ca9/datanode-0/data/ratis/81dde6d1-427e-4a68-a153-b0bfa831613f/current/log_inprogress_0
2019-09-25 05:44:25,810 [138a7143-15fe-4753-bfe7-f24402fccca7@group-432383F50329:LeaderElection198] INFO  impl.LeaderElection (LeaderElection.java:askForVotes(182)) - 138a7143-15fe-4753-bfe7-f24402fccca7@group-432383F50329:LeaderElection198: begin an election at term 1 for -1: [138a7143-15fe-4753-bfe7-f24402fccca7:192.168.5.161:37623], old=null
2019-09-25 05:44:25,810 [f282a92e-c7a5-4658-9c35-ca03b5a63ea2@group-008A9ED56F49-SegmentedRaftLogWorker] INFO  segmented.SegmentedRaftLogWorker (SegmentedRaftLogWorker.java:execute(569)) - f282a92e-c7a5-4658-9c35-ca03b5a63ea2@group-008A9ED56F49-SegmentedRaftLogWorker: created new log segment /workdir/hadoop-ozone/ozonefs/target/test-dir/MiniOzoneClusterImpl-8a873c7d-0254-4d89-9d76-4b8349893ca9/datanode-0/data/ratis/24fb8c0c-a12d-4903-b5c0-008a9ed56f49/current/log_inprogress_0
2019-09-25 05:44:25,810 [f282a92e-c7a5-4658-9c35-ca03b5a63ea2@group-F28A6A32371C-SegmentedRaftLogWorker] INFO  segmented.SegmentedRaftLogWorker (SegmentedRaftLogWorker.java:execute(569)) - f282a92e-c7a5-4658-9c35-ca03b5a63ea2@group-F28A6A32371C-SegmentedRaftLogWorker: created new log segment /workdir/hadoop-ozone/ozonefs/target/test-dir/MiniOzoneClusterImpl-8a873c7d-0254-4d89-9d76-4b8349893ca9/datanode-0/data/ratis/7c91583d-ea86-4f40-905f-f28a6a32371c/current/log_inprogress_0
2019-09-25 05:44:25,810 [138a7143-15fe-4753-bfe7-f24402fccca7@group-432383F50329:LeaderElection198] INFO  impl.RoleInfo (RoleInfo.java:shutdownLeaderElection(134)) - 138a7143-15fe-4753-bfe7-f24402fccca7: shutdown LeaderElection
2019-09-25 05:44:25,811 [138a7143-15fe-4753-bfe7-f24402fccca7@group-432383F50329:LeaderElection198] INFO  impl.RaftServerImpl (RaftServerImpl.java:setRole(174)) - 138a7143-15fe-4753-bfe7-f24402fccca7@group-432383F50329: changes role from CANDIDATE to LEADER at term 1 for changeToLeader
2019-09-25 05:44:25,811 [138a7143-15fe-4753-bfe7-f24402fccca7@group-432383F50329:LeaderElection198] INFO  impl.RaftServerImpl (ServerState.java:setLeader(253)) - 138a7143-15fe-4753-bfe7-f24402fccca7@group-432383F50329: change Leader from null to 138a7143-15fe-4753-bfe7-f24402fccca7 at term 1 for becomeLeader, leader elected after 5105ms
2019-09-25 05:44:25,811 [138a7143-15fe-4753-bfe7-f24402fccca7@group-432383F50329:LeaderElection198] INFO  server.RaftServerConfigKeys (ConfUtils.java:logGet(43)) - raft.server.staging.catchup.gap = 1000 (default)
2019-09-25 05:44:25,811 [138a7143-15fe-4753-bfe7-f24402fccca7@group-432383F50329:LeaderElection198] INFO  server.RaftServerConfigKeys (ConfUtils.java:logGet(43)) - raft.server.rpc.sleep.time = 25ms (default)
2019-09-25 05:44:25,811 [138a7143-15fe-4753-bfe7-f24402fccca7@group-432383F50329:LeaderElection198] INFO  server.RaftServerConfigKeys (ConfUtils.java:logGet(43)) - raft.server.write.element-limit = 4096 (default)
2019-09-25 05:44:25,811 [138a7143-15fe-4753-bfe7-f24402fccca7@group-432383F50329:LeaderElection198] INFO  server.RaftServerConfigKeys (ConfUtils.java:logGet(43)) - raft.server.watch.timeout = 10s (default)
2019-09-25 05:44:25,812 [138a7143-15fe-4753-bfe7-f24402fccca7@group-432383F50329:LeaderElection198] INFO  server.RaftServerConfigKeys (ConfUtils.java:logGet(43)) - raft.server.watch.timeout.denomination = 1s (default)
2019-09-25 05:44:25,812 [138a7143-15fe-4753-bfe7-f24402fccca7@group-432383F50329:LeaderElection198] INFO  server.RaftServerConfigKeys (ConfUtils.java:logGet(43)) - raft.server.watch.element-limit = 65536 (default)
2019-09-25 05:44:25,814 [138a7143-15fe-4753-bfe7-f24402fccca7@group-432383F50329:LeaderElection198] INFO  impl.RoleInfo (RoleInfo.java:updateAndGet(143)) - 138a7143-15fe-4753-bfe7-f24402fccca7: start LeaderState
2019-09-25 05:44:25,814 [138a7143-15fe-4753-bfe7-f24402fccca7@group-432383F50329:LeaderElection198] INFO  segmented.SegmentedRaftLogWorker (SegmentedRaftLogWorker.java:startLogSegment(380)) - 138a7143-15fe-4753-bfe7-f24402fccca7@group-432383F50329-SegmentedRaftLogWorker: Starting segment from index:0
2019-09-25 05:44:25,814 [138a7143-15fe-4753-bfe7-f24402fccca7@group-432383F50329:LeaderElection198] INFO  impl.RaftServerImpl (ServerState.java:setRaftConf(354)) - 138a7143-15fe-4753-bfe7-f24402fccca7@group-432383F50329: set configuration 0: [138a7143-15fe-4753-bfe7-f24402fccca7:192.168.5.161:37623], old=null at 0
2019-09-25 05:44:25,834 [Thread-3118] INFO  impl.FollowerState (FollowerState.java:run(106)) - f282a92e-c7a5-4658-9c35-ca03b5a63ea2:group-C4FCA4D56CDF changes to CANDIDATE, lastRpcTime:5014, electionTimeout:5014ms
2019-09-25 05:44:25,835 [Thread-3118] INFO  impl.RoleInfo (RoleInfo.java:shutdownFollowerState(121)) - f282a92e-c7a5-4658-9c35-ca03b5a63ea2: shutdown FollowerState
2019-09-25 05:44:25,835 [Thread-3118] INFO  impl.RaftServerImpl (RaftServerImpl.java:setRole(174)) - f282a92e-c7a5-4658-9c35-ca03b5a63ea2@group-C4FCA4D56CDF: changes role from  FOLLOWER to CANDIDATE at term 0 for changeToCandidate
2019-09-25 05:44:25,835 [Thread-3118] INFO  impl.RoleInfo (RoleInfo.java:updateAndGet(143)) - f282a92e-c7a5-4658-9c35-ca03b5a63ea2: start LeaderElection
2019-09-25 05:44:25,859 [Thread-3115] INFO  impl.FollowerState (FollowerState.java:run(106)) - e55ccedd-a9fb-450d-a5f3-f296d15c6aa8:group-DDBA556FC105 changes to CANDIDATE, lastRpcTime:5098, electionTimeout:5098ms
2019-09-25 05:44:25,860 [Thread-3115] INFO  impl.RoleInfo (RoleInfo.java:shutdownFollowerState(121)) - e55ccedd-a9fb-450d-a5f3-f296d15c6aa8: shutdown FollowerState
2019-09-25 05:44:25,860 [Thread-3115] INFO  impl.RaftServerImpl (RaftServerImpl.java:setRole(174)) - e55ccedd-a9fb-450d-a5f3-f296d15c6aa8@group-DDBA556FC105: changes role from  FOLLOWER to CANDIDATE at term 0 for changeToCandidate
2019-09-25 05:44:25,860 [Thread-3115] INFO  impl.RoleInfo (RoleInfo.java:updateAndGet(143)) - e55ccedd-a9fb-450d-a5f3-f296d15c6aa8: start LeaderElection
2019-09-25 05:44:25,868 [138a7143-15fe-4753-bfe7-f24402fccca7@group-432383F50329-SegmentedRaftLogWorker] INFO  segmented.SegmentedRaftLogWorker (SegmentedRaftLogWorker.java:execute(569)) - 138a7143-15fe-4753-bfe7-f24402fccca7@group-432383F50329-SegmentedRaftLogWorker: created new log segment /workdir/hadoop-ozone/ozonefs/target/test-dir/MiniOzoneClusterImpl-8a873c7d-0254-4d89-9d76-4b8349893ca9/datanode-2/data/ratis/443ec92c-7706-4fd7-8b84-432383f50329/current/log_inprogress_0
2019-09-25 05:44:25,868 [f282a92e-c7a5-4658-9c35-ca03b5a63ea2@group-C4FCA4D56CDF:LeaderElection199] INFO  impl.LeaderElection (LeaderElection.java:askForVotes(182)) - f282a92e-c7a5-4658-9c35-ca03b5a63ea2@group-C4FCA4D56CDF:LeaderElection199: begin an election at term 1 for -1: [f282a92e-c7a5-4658-9c35-ca03b5a63ea2:192.168.5.161:42213], old=null
2019-09-25 05:44:25,868 [f282a92e-c7a5-4658-9c35-ca03b5a63ea2@group-C4FCA4D56CDF:LeaderElection199] INFO  impl.RoleInfo (RoleInfo.java:shutdownLeaderElection(134)) - f282a92e-c7a5-4658-9c35-ca03b5a63ea2: shutdown LeaderElection
2019-09-25 05:44:25,869 [f282a92e-c7a5-4658-9c35-ca03b5a63ea2@group-C4FCA4D56CDF:LeaderElection199] INFO  impl.RaftServerImpl (RaftServerImpl.java:setRole(174)) - f282a92e-c7a5-4658-9c35-ca03b5a63ea2@group-C4FCA4D56CDF: changes role from CANDIDATE to LEADER at term 1 for changeToLeader
2019-09-25 05:44:25,869 [f282a92e-c7a5-4658-9c35-ca03b5a63ea2@group-C4FCA4D56CDF:LeaderElection199] INFO  impl.RaftServerImpl (ServerState.java:setLeader(253)) - f282a92e-c7a5-4658-9c35-ca03b5a63ea2@group-C4FCA4D56CDF: change Leader from null to f282a92e-c7a5-4658-9c35-ca03b5a63ea2 at term 1 for becomeLeader, leader elected after 5054ms
2019-09-25 05:44:25,869 [f282a92e-c7a5-4658-9c35-ca03b5a63ea2@group-C4FCA4D56CDF:LeaderElection199] INFO  server.RaftServerConfigKeys (ConfUtils.java:logGet(43)) - raft.server.staging.catchup.gap = 1000 (default)
2019-09-25 05:44:25,869 [f282a92e-c7a5-4658-9c35-ca03b5a63ea2@group-C4FCA4D56CDF:LeaderElection199] INFO  server.RaftServerConfigKeys (ConfUtils.java:logGet(43)) - raft.server.rpc.sleep.time = 25ms (default)
2019-09-25 05:44:25,869 [f282a92e-c7a5-4658-9c35-ca03b5a63ea2@group-C4FCA4D56CDF:LeaderElection199] INFO  server.RaftServerConfigKeys (ConfUtils.java:logGet(43)) - raft.server.write.element-limit = 4096 (default)
2019-09-25 05:44:25,869 [f282a92e-c7a5-4658-9c35-ca03b5a63ea2@group-C4FCA4D56CDF:LeaderElection199] INFO  server.RaftServerConfigKeys (ConfUtils.java:logGet(43)) - raft.server.watch.timeout = 10s (default)
2019-09-25 05:44:25,869 [f282a92e-c7a5-4658-9c35-ca03b5a63ea2@group-C4FCA4D56CDF:LeaderElection199] INFO  server.RaftServerConfigKeys (ConfUtils.java:logGet(43)) - raft.server.watch.timeout.denomination = 1s (default)
2019-09-25 05:44:25,869 [f282a92e-c7a5-4658-9c35-ca03b5a63ea2@group-C4FCA4D56CDF:LeaderElection199] INFO  server.RaftServerConfigKeys (ConfUtils.java:logGet(43)) - raft.server.watch.element-limit = 65536 (default)
2019-09-25 05:44:25,871 [f282a92e-c7a5-4658-9c35-ca03b5a63ea2@group-C4FCA4D56CDF:LeaderElection199] INFO  impl.RoleInfo (RoleInfo.java:updateAndGet(143)) - f282a92e-c7a5-4658-9c35-ca03b5a63ea2: start LeaderState
2019-09-25 05:44:25,871 [f282a92e-c7a5-4658-9c35-ca03b5a63ea2@group-C4FCA4D56CDF:LeaderElection199] INFO  segmented.SegmentedRaftLogWorker (SegmentedRaftLogWorker.java:startLogSegment(380)) - f282a92e-c7a5-4658-9c35-ca03b5a63ea2@group-C4FCA4D56CDF-SegmentedRaftLogWorker: Starting segment from index:0
2019-09-25 05:44:25,871 [f282a92e-c7a5-4658-9c35-ca03b5a63ea2@group-C4FCA4D56CDF:LeaderElection199] INFO  impl.RaftServerImpl (ServerState.java:setRaftConf(354)) - f282a92e-c7a5-4658-9c35-ca03b5a63ea2@group-C4FCA4D56CDF: set configuration 0: [f282a92e-c7a5-4658-9c35-ca03b5a63ea2:192.168.5.161:42213], old=null at 0
2019-09-25 05:44:25,872 [e55ccedd-a9fb-450d-a5f3-f296d15c6aa8@group-DDBA556FC105:LeaderElection200] INFO  impl.LeaderElection (LeaderElection.java:askForVotes(182)) - e55ccedd-a9fb-450d-a5f3-f296d15c6aa8@group-DDBA556FC105:LeaderElection200: begin an election at term 1 for -1: [e55ccedd-a9fb-450d-a5f3-f296d15c6aa8:192.168.5.161:45208], old=null
2019-09-25 05:44:25,872 [e55ccedd-a9fb-450d-a5f3-f296d15c6aa8@group-DDBA556FC105:LeaderElection200] INFO  impl.RoleInfo (RoleInfo.java:shutdownLeaderElection(134)) - e55ccedd-a9fb-450d-a5f3-f296d15c6aa8: shutdown LeaderElection
2019-09-25 05:44:25,872 [e55ccedd-a9fb-450d-a5f3-f296d15c6aa8@group-DDBA556FC105:LeaderElection200] INFO  impl.RaftServerImpl (RaftServerImpl.java:setRole(174)) - e55ccedd-a9fb-450d-a5f3-f296d15c6aa8@group-DDBA556FC105: changes role from CANDIDATE to LEADER at term 1 for changeToLeader
2019-09-25 05:44:25,872 [e55ccedd-a9fb-450d-a5f3-f296d15c6aa8@group-DDBA556FC105:LeaderElection200] INFO  impl.RaftServerImpl (ServerState.java:setLeader(253)) - e55ccedd-a9fb-450d-a5f3-f296d15c6aa8@group-DDBA556FC105: change Leader from null to e55ccedd-a9fb-450d-a5f3-f296d15c6aa8 at term 1 for becomeLeader, leader elected after 5117ms
2019-09-25 05:44:25,872 [e55ccedd-a9fb-450d-a5f3-f296d15c6aa8@group-DDBA556FC105:LeaderElection200] INFO  server.RaftServerConfigKeys (ConfUtils.java:logGet(43)) - raft.server.staging.catchup.gap = 1000 (default)
2019-09-25 05:44:25,873 [e55ccedd-a9fb-450d-a5f3-f296d15c6aa8@group-DDBA556FC105:LeaderElection200] INFO  server.RaftServerConfigKeys (ConfUtils.java:logGet(43)) - raft.server.rpc.sleep.time = 25ms (default)
2019-09-25 05:44:25,873 [e55ccedd-a9fb-450d-a5f3-f296d15c6aa8@group-DDBA556FC105:LeaderElection200] INFO  server.RaftServerConfigKeys (ConfUtils.java:logGet(43)) - raft.server.write.element-limit = 4096 (default)
2019-09-25 05:44:25,873 [e55ccedd-a9fb-450d-a5f3-f296d15c6aa8@group-DDBA556FC105:LeaderElection200] INFO  server.RaftServerConfigKeys (ConfUtils.java:logGet(43)) - raft.server.watch.timeout = 10s (default)
2019-09-25 05:44:25,873 [e55ccedd-a9fb-450d-a5f3-f296d15c6aa8@group-DDBA556FC105:LeaderElection200] INFO  server.RaftServerConfigKeys (ConfUtils.java:logGet(43)) - raft.server.watch.timeout.denomination = 1s (default)
2019-09-25 05:44:25,873 [e55ccedd-a9fb-450d-a5f3-f296d15c6aa8@group-DDBA556FC105:LeaderElection200] INFO  server.RaftServerConfigKeys (ConfUtils.java:logGet(43)) - raft.server.watch.element-limit = 65536 (default)
2019-09-25 05:44:25,874 [e55ccedd-a9fb-450d-a5f3-f296d15c6aa8@group-DDBA556FC105:LeaderElection200] INFO  impl.RoleInfo (RoleInfo.java:updateAndGet(143)) - e55ccedd-a9fb-450d-a5f3-f296d15c6aa8: start LeaderState
2019-09-25 05:44:25,875 [e55ccedd-a9fb-450d-a5f3-f296d15c6aa8@group-DDBA556FC105:LeaderElection200] INFO  segmented.SegmentedRaftLogWorker (SegmentedRaftLogWorker.java:startLogSegment(380)) - e55ccedd-a9fb-450d-a5f3-f296d15c6aa8@group-DDBA556FC105-SegmentedRaftLogWorker: Starting segment from index:0
2019-09-25 05:44:25,875 [e55ccedd-a9fb-450d-a5f3-f296d15c6aa8@group-DDBA556FC105:LeaderElection200] INFO  impl.RaftServerImpl (ServerState.java:setRaftConf(354)) - e55ccedd-a9fb-450d-a5f3-f296d15c6aa8@group-DDBA556FC105: set configuration 0: [e55ccedd-a9fb-450d-a5f3-f296d15c6aa8:192.168.5.161:45208], old=null at 0
2019-09-25 05:44:25,914 [e55ccedd-a9fb-450d-a5f3-f296d15c6aa8@group-DDBA556FC105-SegmentedRaftLogWorker] INFO  segmented.SegmentedRaftLogWorker (SegmentedRaftLogWorker.java:execute(569)) - e55ccedd-a9fb-450d-a5f3-f296d15c6aa8@group-DDBA556FC105-SegmentedRaftLogWorker: created new log segment /workdir/hadoop-ozone/ozonefs/target/test-dir/MiniOzoneClusterImpl-8a873c7d-0254-4d89-9d76-4b8349893ca9/datanode-1/data/ratis/56ac47fc-396e-4695-9871-ddba556fc105/current/log_inprogress_0
2019-09-25 05:44:25,914 [f282a92e-c7a5-4658-9c35-ca03b5a63ea2@group-C4FCA4D56CDF-SegmentedRaftLogWorker] INFO  segmented.SegmentedRaftLogWorker (SegmentedRaftLogWorker.java:execute(569)) - f282a92e-c7a5-4658-9c35-ca03b5a63ea2@group-C4FCA4D56CDF-SegmentedRaftLogWorker: created new log segment /workdir/hadoop-ozone/ozonefs/target/test-dir/MiniOzoneClusterImpl-8a873c7d-0254-4d89-9d76-4b8349893ca9/datanode-0/data/ratis/409f97c8-639f-4aec-a9ab-c4fca4d56cdf/current/log_inprogress_0
2019-09-25 05:44:25,942 [Thread-3124] INFO  impl.FollowerState (FollowerState.java:run(106)) - f282a92e-c7a5-4658-9c35-ca03b5a63ea2:group-B651C33F208B changes to CANDIDATE, lastRpcTime:5022, electionTimeout:5022ms
2019-09-25 05:44:25,943 [Thread-3124] INFO  impl.RoleInfo (RoleInfo.java:shutdownFollowerState(121)) - f282a92e-c7a5-4658-9c35-ca03b5a63ea2: shutdown FollowerState
2019-09-25 05:44:25,943 [Thread-3124] INFO  impl.RaftServerImpl (RaftServerImpl.java:setRole(174)) - f282a92e-c7a5-4658-9c35-ca03b5a63ea2@group-B651C33F208B: changes role from  FOLLOWER to CANDIDATE at term 0 for changeToCandidate
2019-09-25 05:44:25,943 [Thread-3124] INFO  impl.RoleInfo (RoleInfo.java:updateAndGet(143)) - f282a92e-c7a5-4658-9c35-ca03b5a63ea2: start LeaderElection
2019-09-25 05:44:25,957 [Thread-3121] INFO  impl.FollowerState (FollowerState.java:run(106)) - e55ccedd-a9fb-450d-a5f3-f296d15c6aa8:group-4DAE896619D2 changes to CANDIDATE, lastRpcTime:5092, electionTimeout:5092ms
2019-09-25 05:44:25,957 [Thread-3121] INFO  impl.RoleInfo (RoleInfo.java:shutdownFollowerState(121)) - e55ccedd-a9fb-450d-a5f3-f296d15c6aa8: shutdown FollowerState
2019-09-25 05:44:25,957 [Thread-3121] INFO  impl.RaftServerImpl (RaftServerImpl.java:setRole(174)) - e55ccedd-a9fb-450d-a5f3-f296d15c6aa8@group-4DAE896619D2: changes role from  FOLLOWER to CANDIDATE at term 0 for changeToCandidate
2019-09-25 05:44:25,957 [Thread-3121] INFO  impl.RoleInfo (RoleInfo.java:updateAndGet(143)) - e55ccedd-a9fb-450d-a5f3-f296d15c6aa8: start LeaderElection
2019-09-25 05:44:25,960 [f282a92e-c7a5-4658-9c35-ca03b5a63ea2@group-B651C33F208B:LeaderElection201] INFO  impl.LeaderElection (LeaderElection.java:askForVotes(182)) - f282a92e-c7a5-4658-9c35-ca03b5a63ea2@group-B651C33F208B:LeaderElection201: begin an election at term 1 for -1: [f282a92e-c7a5-4658-9c35-ca03b5a63ea2:192.168.5.161:42213], old=null
2019-09-25 05:44:25,960 [f282a92e-c7a5-4658-9c35-ca03b5a63ea2@group-B651C33F208B:LeaderElection201] INFO  impl.RoleInfo (RoleInfo.java:shutdownLeaderElection(134)) - f282a92e-c7a5-4658-9c35-ca03b5a63ea2: shutdown LeaderElection
2019-09-25 05:44:25,960 [f282a92e-c7a5-4658-9c35-ca03b5a63ea2@group-B651C33F208B:LeaderElection201] INFO  impl.RaftServerImpl (RaftServerImpl.java:setRole(174)) - f282a92e-c7a5-4658-9c35-ca03b5a63ea2@group-B651C33F208B: changes role from CANDIDATE to LEADER at term 1 for changeToLeader
2019-09-25 05:44:25,960 [f282a92e-c7a5-4658-9c35-ca03b5a63ea2@group-B651C33F208B:LeaderElection201] INFO  impl.RaftServerImpl (ServerState.java:setLeader(253)) - f282a92e-c7a5-4658-9c35-ca03b5a63ea2@group-B651C33F208B: change Leader from null to f282a92e-c7a5-4658-9c35-ca03b5a63ea2 at term 1 for becomeLeader, leader elected after 5044ms
2019-09-25 05:44:25,960 [f282a92e-c7a5-4658-9c35-ca03b5a63ea2@group-B651C33F208B:LeaderElection201] INFO  server.RaftServerConfigKeys (ConfUtils.java:logGet(43)) - raft.server.staging.catchup.gap = 1000 (default)
2019-09-25 05:44:25,960 [f282a92e-c7a5-4658-9c35-ca03b5a63ea2@group-B651C33F208B:LeaderElection201] INFO  server.RaftServerConfigKeys (ConfUtils.java:logGet(43)) - raft.server.rpc.sleep.time = 25ms (default)
2019-09-25 05:44:25,960 [f282a92e-c7a5-4658-9c35-ca03b5a63ea2@group-B651C33F208B:LeaderElection201] INFO  server.RaftServerConfigKeys (ConfUtils.java:logGet(43)) - raft.server.write.element-limit = 4096 (default)
2019-09-25 05:44:25,960 [f282a92e-c7a5-4658-9c35-ca03b5a63ea2@group-B651C33F208B:LeaderElection201] INFO  server.RaftServerConfigKeys (ConfUtils.java:logGet(43)) - raft.server.watch.timeout = 10s (default)
2019-09-25 05:44:25,961 [f282a92e-c7a5-4658-9c35-ca03b5a63ea2@group-B651C33F208B:LeaderElection201] INFO  server.RaftServerConfigKeys (ConfUtils.java:logGet(43)) - raft.server.watch.timeout.denomination = 1s (default)
2019-09-25 05:44:25,961 [f282a92e-c7a5-4658-9c35-ca03b5a63ea2@group-B651C33F208B:LeaderElection201] INFO  server.RaftServerConfigKeys (ConfUtils.java:logGet(43)) - raft.server.watch.element-limit = 65536 (default)
2019-09-25 05:44:25,962 [f282a92e-c7a5-4658-9c35-ca03b5a63ea2@group-B651C33F208B:LeaderElection201] INFO  impl.RoleInfo (RoleInfo.java:updateAndGet(143)) - f282a92e-c7a5-4658-9c35-ca03b5a63ea2: start LeaderState
2019-09-25 05:44:25,962 [f282a92e-c7a5-4658-9c35-ca03b5a63ea2@group-B651C33F208B:LeaderElection201] INFO  segmented.SegmentedRaftLogWorker (SegmentedRaftLogWorker.java:startLogSegment(380)) - f282a92e-c7a5-4658-9c35-ca03b5a63ea2@group-B651C33F208B-SegmentedRaftLogWorker: Starting segment from index:0
2019-09-25 05:44:25,963 [f282a92e-c7a5-4658-9c35-ca03b5a63ea2@group-B651C33F208B:LeaderElection201] INFO  impl.RaftServerImpl (ServerState.java:setRaftConf(354)) - f282a92e-c7a5-4658-9c35-ca03b5a63ea2@group-B651C33F208B: set configuration 0: [f282a92e-c7a5-4658-9c35-ca03b5a63ea2:192.168.5.161:42213], old=null at 0
2019-09-25 05:44:25,971 [e55ccedd-a9fb-450d-a5f3-f296d15c6aa8@group-4DAE896619D2:LeaderElection202] INFO  impl.LeaderElection (LeaderElection.java:askForVotes(182)) - e55ccedd-a9fb-450d-a5f3-f296d15c6aa8@group-4DAE896619D2:LeaderElection202: begin an election at term 1 for -1: [e55ccedd-a9fb-450d-a5f3-f296d15c6aa8:192.168.5.161:45208], old=null
2019-09-25 05:44:25,971 [e55ccedd-a9fb-450d-a5f3-f296d15c6aa8@group-4DAE896619D2:LeaderElection202] INFO  impl.RoleInfo (RoleInfo.java:shutdownLeaderElection(134)) - e55ccedd-a9fb-450d-a5f3-f296d15c6aa8: shutdown LeaderElection
2019-09-25 05:44:25,972 [e55ccedd-a9fb-450d-a5f3-f296d15c6aa8@group-4DAE896619D2:LeaderElection202] INFO  impl.RaftServerImpl (RaftServerImpl.java:setRole(174)) - e55ccedd-a9fb-450d-a5f3-f296d15c6aa8@group-4DAE896619D2: changes role from CANDIDATE to LEADER at term 1 for changeToLeader
2019-09-25 05:44:25,972 [e55ccedd-a9fb-450d-a5f3-f296d15c6aa8@group-4DAE896619D2:LeaderElection202] INFO  impl.RaftServerImpl (ServerState.java:setLeader(253)) - e55ccedd-a9fb-450d-a5f3-f296d15c6aa8@group-4DAE896619D2: change Leader from null to e55ccedd-a9fb-450d-a5f3-f296d15c6aa8 at term 1 for becomeLeader, leader elected after 5113ms
2019-09-25 05:44:25,972 [e55ccedd-a9fb-450d-a5f3-f296d15c6aa8@group-4DAE896619D2:LeaderElection202] INFO  server.RaftServerConfigKeys (ConfUtils.java:logGet(43)) - raft.server.staging.catchup.gap = 1000 (default)
2019-09-25 05:44:25,972 [e55ccedd-a9fb-450d-a5f3-f296d15c6aa8@group-4DAE896619D2:LeaderElection202] INFO  server.RaftServerConfigKeys (ConfUtils.java:logGet(43)) - raft.server.rpc.sleep.time = 25ms (default)
2019-09-25 05:44:25,972 [e55ccedd-a9fb-450d-a5f3-f296d15c6aa8@group-4DAE896619D2:LeaderElection202] INFO  server.RaftServerConfigKeys (ConfUtils.java:logGet(43)) - raft.server.write.element-limit = 4096 (default)
2019-09-25 05:44:25,972 [e55ccedd-a9fb-450d-a5f3-f296d15c6aa8@group-4DAE896619D2:LeaderElection202] INFO  server.RaftServerConfigKeys (ConfUtils.java:logGet(43)) - raft.server.watch.timeout = 10s (default)
2019-09-25 05:44:25,972 [e55ccedd-a9fb-450d-a5f3-f296d15c6aa8@group-4DAE896619D2:LeaderElection202] INFO  server.RaftServerConfigKeys (ConfUtils.java:logGet(43)) - raft.server.watch.timeout.denomination = 1s (default)
2019-09-25 05:44:25,973 [e55ccedd-a9fb-450d-a5f3-f296d15c6aa8@group-4DAE896619D2:LeaderElection202] INFO  server.RaftServerConfigKeys (ConfUtils.java:logGet(43)) - raft.server.watch.element-limit = 65536 (default)
2019-09-25 05:44:25,974 [e55ccedd-a9fb-450d-a5f3-f296d15c6aa8@group-4DAE896619D2:LeaderElection202] INFO  impl.RoleInfo (RoleInfo.java:updateAndGet(143)) - e55ccedd-a9fb-450d-a5f3-f296d15c6aa8: start LeaderState
2019-09-25 05:44:25,975 [e55ccedd-a9fb-450d-a5f3-f296d15c6aa8@group-4DAE896619D2:LeaderElection202] INFO  segmented.SegmentedRaftLogWorker (SegmentedRaftLogWorker.java:startLogSegment(380)) - e55ccedd-a9fb-450d-a5f3-f296d15c6aa8@group-4DAE896619D2-SegmentedRaftLogWorker: Starting segment from index:0
2019-09-25 05:44:25,975 [e55ccedd-a9fb-450d-a5f3-f296d15c6aa8@group-4DAE896619D2:LeaderElection202] INFO  impl.RaftServerImpl (ServerState.java:setRaftConf(354)) - e55ccedd-a9fb-450d-a5f3-f296d15c6aa8@group-4DAE896619D2: set configuration 0: [e55ccedd-a9fb-450d-a5f3-f296d15c6aa8:192.168.5.161:45208], old=null at 0
2019-09-25 05:44:26,028 [f282a92e-c7a5-4658-9c35-ca03b5a63ea2@group-B651C33F208B-SegmentedRaftLogWorker] INFO  segmented.SegmentedRaftLogWorker (SegmentedRaftLogWorker.java:execute(569)) - f282a92e-c7a5-4658-9c35-ca03b5a63ea2@group-B651C33F208B-SegmentedRaftLogWorker: created new log segment /workdir/hadoop-ozone/ozonefs/target/test-dir/MiniOzoneClusterImpl-8a873c7d-0254-4d89-9d76-4b8349893ca9/datanode-0/data/ratis/a92feb34-8285-4df4-95e0-b651c33f208b/current/log_inprogress_0
2019-09-25 05:44:26,028 [e55ccedd-a9fb-450d-a5f3-f296d15c6aa8@group-4DAE896619D2-SegmentedRaftLogWorker] INFO  segmented.SegmentedRaftLogWorker (SegmentedRaftLogWorker.java:execute(569)) - e55ccedd-a9fb-450d-a5f3-f296d15c6aa8@group-4DAE896619D2-SegmentedRaftLogWorker: created new log segment /workdir/hadoop-ozone/ozonefs/target/test-dir/MiniOzoneClusterImpl-8a873c7d-0254-4d89-9d76-4b8349893ca9/datanode-1/data/ratis/928aa3d9-2fca-47bb-b725-4dae896619d2/current/log_inprogress_0
2019-09-25 05:44:26,043 [Thread-3127] INFO  impl.FollowerState (FollowerState.java:run(106)) - f282a92e-c7a5-4658-9c35-ca03b5a63ea2:group-88DB06DBDF75 changes to CANDIDATE, lastRpcTime:5080, electionTimeout:5080ms
2019-09-25 05:44:26,044 [Thread-3127] INFO  impl.RoleInfo (RoleInfo.java:shutdownFollowerState(121)) - f282a92e-c7a5-4658-9c35-ca03b5a63ea2: shutdown FollowerState
2019-09-25 05:44:26,044 [Thread-3127] INFO  impl.RaftServerImpl (RaftServerImpl.java:setRole(174)) - f282a92e-c7a5-4658-9c35-ca03b5a63ea2@group-88DB06DBDF75: changes role from  FOLLOWER to CANDIDATE at term 0 for changeToCandidate
2019-09-25 05:44:26,044 [Thread-3127] INFO  impl.RoleInfo (RoleInfo.java:updateAndGet(143)) - f282a92e-c7a5-4658-9c35-ca03b5a63ea2: start LeaderElection
2019-09-25 05:44:26,061 [f282a92e-c7a5-4658-9c35-ca03b5a63ea2@group-88DB06DBDF75:LeaderElection203] INFO  impl.LeaderElection (LeaderElection.java:askForVotes(182)) - f282a92e-c7a5-4658-9c35-ca03b5a63ea2@group-88DB06DBDF75:LeaderElection203: begin an election at term 1 for -1: [f282a92e-c7a5-4658-9c35-ca03b5a63ea2:192.168.5.161:42213], old=null
2019-09-25 05:44:26,061 [f282a92e-c7a5-4658-9c35-ca03b5a63ea2@group-88DB06DBDF75:LeaderElection203] INFO  impl.RoleInfo (RoleInfo.java:shutdownLeaderElection(134)) - f282a92e-c7a5-4658-9c35-ca03b5a63ea2: shutdown LeaderElection
2019-09-25 05:44:26,061 [f282a92e-c7a5-4658-9c35-ca03b5a63ea2@group-88DB06DBDF75:LeaderElection203] INFO  impl.RaftServerImpl (RaftServerImpl.java:setRole(174)) - f282a92e-c7a5-4658-9c35-ca03b5a63ea2@group-88DB06DBDF75: changes role from CANDIDATE to LEADER at term 1 for changeToLeader
2019-09-25 05:44:26,062 [f282a92e-c7a5-4658-9c35-ca03b5a63ea2@group-88DB06DBDF75:LeaderElection203] INFO  impl.RaftServerImpl (ServerState.java:setLeader(253)) - f282a92e-c7a5-4658-9c35-ca03b5a63ea2@group-88DB06DBDF75: change Leader from null to f282a92e-c7a5-4658-9c35-ca03b5a63ea2 at term 1 for becomeLeader, leader elected after 5103ms
2019-09-25 05:44:26,062 [f282a92e-c7a5-4658-9c35-ca03b5a63ea2@group-88DB06DBDF75:LeaderElection203] INFO  server.RaftServerConfigKeys (ConfUtils.java:logGet(43)) - raft.server.staging.catchup.gap = 1000 (default)
2019-09-25 05:44:26,062 [f282a92e-c7a5-4658-9c35-ca03b5a63ea2@group-88DB06DBDF75:LeaderElection203] INFO  server.RaftServerConfigKeys (ConfUtils.java:logGet(43)) - raft.server.rpc.sleep.time = 25ms (default)
2019-09-25 05:44:26,062 [f282a92e-c7a5-4658-9c35-ca03b5a63ea2@group-88DB06DBDF75:LeaderElection203] INFO  server.RaftServerConfigKeys (ConfUtils.java:logGet(43)) - raft.server.write.element-limit = 4096 (default)
2019-09-25 05:44:26,062 [f282a92e-c7a5-4658-9c35-ca03b5a63ea2@group-88DB06DBDF75:LeaderElection203] INFO  server.RaftServerConfigKeys (ConfUtils.java:logGet(43)) - raft.server.watch.timeout = 10s (default)
2019-09-25 05:44:26,062 [f282a92e-c7a5-4658-9c35-ca03b5a63ea2@group-88DB06DBDF75:LeaderElection203] INFO  server.RaftServerConfigKeys (ConfUtils.java:logGet(43)) - raft.server.watch.timeout.denomination = 1s (default)
2019-09-25 05:44:26,063 [f282a92e-c7a5-4658-9c35-ca03b5a63ea2@group-88DB06DBDF75:LeaderElection203] INFO  server.RaftServerConfigKeys (ConfUtils.java:logGet(43)) - raft.server.watch.element-limit = 65536 (default)
2019-09-25 05:44:26,065 [f282a92e-c7a5-4658-9c35-ca03b5a63ea2@group-88DB06DBDF75:LeaderElection203] INFO  impl.RoleInfo (RoleInfo.java:updateAndGet(143)) - f282a92e-c7a5-4658-9c35-ca03b5a63ea2: start LeaderState
2019-09-25 05:44:26,065 [f282a92e-c7a5-4658-9c35-ca03b5a63ea2@group-88DB06DBDF75:LeaderElection203] INFO  segmented.SegmentedRaftLogWorker (SegmentedRaftLogWorker.java:startLogSegment(380)) - f282a92e-c7a5-4658-9c35-ca03b5a63ea2@group-88DB06DBDF75-SegmentedRaftLogWorker: Starting segment from index:0
2019-09-25 05:44:26,065 [f282a92e-c7a5-4658-9c35-ca03b5a63ea2@group-88DB06DBDF75:LeaderElection203] INFO  impl.RaftServerImpl (ServerState.java:setRaftConf(354)) - f282a92e-c7a5-4658-9c35-ca03b5a63ea2@group-88DB06DBDF75: set configuration 0: [f282a92e-c7a5-4658-9c35-ca03b5a63ea2:192.168.5.161:42213], old=null at 0
2019-09-25 05:44:26,087 [Thread-3130] INFO  impl.FollowerState (FollowerState.java:run(106)) - 138a7143-15fe-4753-bfe7-f24402fccca7:group-9B9814E7D8C9 changes to CANDIDATE, lastRpcTime:5078, electionTimeout:5078ms
2019-09-25 05:44:26,088 [Thread-3130] INFO  impl.RoleInfo (RoleInfo.java:shutdownFollowerState(121)) - 138a7143-15fe-4753-bfe7-f24402fccca7: shutdown FollowerState
2019-09-25 05:44:26,088 [Thread-3130] INFO  impl.RaftServerImpl (RaftServerImpl.java:setRole(174)) - 138a7143-15fe-4753-bfe7-f24402fccca7@group-9B9814E7D8C9: changes role from  FOLLOWER to CANDIDATE at term 0 for changeToCandidate
2019-09-25 05:44:26,088 [Thread-3130] INFO  impl.RoleInfo (RoleInfo.java:updateAndGet(143)) - 138a7143-15fe-4753-bfe7-f24402fccca7: start LeaderElection
2019-09-25 05:44:26,131 [f282a92e-c7a5-4658-9c35-ca03b5a63ea2@group-88DB06DBDF75-SegmentedRaftLogWorker] INFO  segmented.SegmentedRaftLogWorker (SegmentedRaftLogWorker.java:execute(569)) - f282a92e-c7a5-4658-9c35-ca03b5a63ea2@group-88DB06DBDF75-SegmentedRaftLogWorker: created new log segment /workdir/hadoop-ozone/ozonefs/target/test-dir/MiniOzoneClusterImpl-8a873c7d-0254-4d89-9d76-4b8349893ca9/datanode-0/data/ratis/b93afe39-021e-4ee1-a729-88db06dbdf75/current/log_inprogress_0
2019-09-25 05:44:26,132 [138a7143-15fe-4753-bfe7-f24402fccca7@group-9B9814E7D8C9:LeaderElection204] INFO  impl.LeaderElection (LeaderElection.java:askForVotes(182)) - 138a7143-15fe-4753-bfe7-f24402fccca7@group-9B9814E7D8C9:LeaderElection204: begin an election at term 1 for -1: [138a7143-15fe-4753-bfe7-f24402fccca7:192.168.5.161:37623], old=null
2019-09-25 05:44:26,132 [138a7143-15fe-4753-bfe7-f24402fccca7@group-9B9814E7D8C9:LeaderElection204] INFO  impl.RoleInfo (RoleInfo.java:shutdownLeaderElection(134)) - 138a7143-15fe-4753-bfe7-f24402fccca7: shutdown LeaderElection
2019-09-25 05:44:26,132 [138a7143-15fe-4753-bfe7-f24402fccca7@group-9B9814E7D8C9:LeaderElection204] INFO  impl.RaftServerImpl (RaftServerImpl.java:setRole(174)) - 138a7143-15fe-4753-bfe7-f24402fccca7@group-9B9814E7D8C9: changes role from CANDIDATE to LEADER at term 1 for changeToLeader
2019-09-25 05:44:26,132 [138a7143-15fe-4753-bfe7-f24402fccca7@group-9B9814E7D8C9:LeaderElection204] INFO  impl.RaftServerImpl (ServerState.java:setLeader(253)) - 138a7143-15fe-4753-bfe7-f24402fccca7@group-9B9814E7D8C9: change Leader from null to 138a7143-15fe-4753-bfe7-f24402fccca7 at term 1 for becomeLeader, leader elected after 5129ms
2019-09-25 05:44:26,132 [138a7143-15fe-4753-bfe7-f24402fccca7@group-9B9814E7D8C9:LeaderElection204] INFO  server.RaftServerConfigKeys (ConfUtils.java:logGet(43)) - raft.server.staging.catchup.gap = 1000 (default)
2019-09-25 05:44:26,132 [138a7143-15fe-4753-bfe7-f24402fccca7@group-9B9814E7D8C9:LeaderElection204] INFO  server.RaftServerConfigKeys (ConfUtils.java:logGet(43)) - raft.server.rpc.sleep.time = 25ms (default)
2019-09-25 05:44:26,133 [138a7143-15fe-4753-bfe7-f24402fccca7@group-9B9814E7D8C9:LeaderElection204] INFO  server.RaftServerConfigKeys (ConfUtils.java:logGet(43)) - raft.server.write.element-limit = 4096 (default)
2019-09-25 05:44:26,133 [138a7143-15fe-4753-bfe7-f24402fccca7@group-9B9814E7D8C9:LeaderElection204] INFO  server.RaftServerConfigKeys (ConfUtils.java:logGet(43)) - raft.server.watch.timeout = 10s (default)
2019-09-25 05:44:26,136 [138a7143-15fe-4753-bfe7-f24402fccca7@group-9B9814E7D8C9:LeaderElection204] INFO  server.RaftServerConfigKeys (ConfUtils.java:logGet(43)) - raft.server.watch.timeout.denomination = 1s (default)
2019-09-25 05:44:26,136 [138a7143-15fe-4753-bfe7-f24402fccca7@group-9B9814E7D8C9:LeaderElection204] INFO  server.RaftServerConfigKeys (ConfUtils.java:logGet(43)) - raft.server.watch.element-limit = 65536 (default)
2019-09-25 05:44:26,138 [138a7143-15fe-4753-bfe7-f24402fccca7@group-9B9814E7D8C9:LeaderElection204] INFO  impl.RoleInfo (RoleInfo.java:updateAndGet(143)) - 138a7143-15fe-4753-bfe7-f24402fccca7: start LeaderState
2019-09-25 05:44:26,138 [138a7143-15fe-4753-bfe7-f24402fccca7@group-9B9814E7D8C9:LeaderElection204] INFO  segmented.SegmentedRaftLogWorker (SegmentedRaftLogWorker.java:startLogSegment(380)) - 138a7143-15fe-4753-bfe7-f24402fccca7@group-9B9814E7D8C9-SegmentedRaftLogWorker: Starting segment from index:0
2019-09-25 05:44:26,138 [138a7143-15fe-4753-bfe7-f24402fccca7@group-9B9814E7D8C9:LeaderElection204] INFO  impl.RaftServerImpl (ServerState.java:setRaftConf(354)) - 138a7143-15fe-4753-bfe7-f24402fccca7@group-9B9814E7D8C9: set configuration 0: [138a7143-15fe-4753-bfe7-f24402fccca7:192.168.5.161:37623], old=null at 0
2019-09-25 05:44:26,163 [Thread-3139] INFO  impl.FollowerState (FollowerState.java:run(106)) - e55ccedd-a9fb-450d-a5f3-f296d15c6aa8:group-2920B838B50E changes to CANDIDATE, lastRpcTime:5032, electionTimeout:5032ms
2019-09-25 05:44:26,163 [Thread-3139] INFO  impl.RoleInfo (RoleInfo.java:shutdownFollowerState(121)) - e55ccedd-a9fb-450d-a5f3-f296d15c6aa8: shutdown FollowerState
2019-09-25 05:44:26,163 [Thread-3139] INFO  impl.RaftServerImpl (RaftServerImpl.java:setRole(174)) - e55ccedd-a9fb-450d-a5f3-f296d15c6aa8@group-2920B838B50E: changes role from  FOLLOWER to CANDIDATE at term 0 for changeToCandidate
2019-09-25 05:44:26,163 [Thread-3139] INFO  impl.RoleInfo (RoleInfo.java:updateAndGet(143)) - e55ccedd-a9fb-450d-a5f3-f296d15c6aa8: start LeaderElection
2019-09-25 05:44:26,195 [Thread-3133] INFO  impl.FollowerState (FollowerState.java:run(106)) - e55ccedd-a9fb-450d-a5f3-f296d15c6aa8:group-B04DCAB6F785 changes to CANDIDATE, lastRpcTime:5145, electionTimeout:5145ms
2019-09-25 05:44:26,195 [Thread-3133] INFO  impl.RoleInfo (RoleInfo.java:shutdownFollowerState(121)) - e55ccedd-a9fb-450d-a5f3-f296d15c6aa8: shutdown FollowerState
2019-09-25 05:44:26,195 [Thread-3133] INFO  impl.RaftServerImpl (RaftServerImpl.java:setRole(174)) - e55ccedd-a9fb-450d-a5f3-f296d15c6aa8@group-B04DCAB6F785: changes role from  FOLLOWER to CANDIDATE at term 0 for changeToCandidate
2019-09-25 05:44:26,195 [Thread-3133] INFO  impl.RoleInfo (RoleInfo.java:updateAndGet(143)) - e55ccedd-a9fb-450d-a5f3-f296d15c6aa8: start LeaderElection
2019-09-25 05:44:26,209 [138a7143-15fe-4753-bfe7-f24402fccca7@group-9B9814E7D8C9-SegmentedRaftLogWorker] INFO  segmented.SegmentedRaftLogWorker (SegmentedRaftLogWorker.java:execute(569)) - 138a7143-15fe-4753-bfe7-f24402fccca7@group-9B9814E7D8C9-SegmentedRaftLogWorker: created new log segment /workdir/hadoop-ozone/ozonefs/target/test-dir/MiniOzoneClusterImpl-8a873c7d-0254-4d89-9d76-4b8349893ca9/datanode-2/data/ratis/29ec4aa5-4fd5-4591-8282-9b9814e7d8c9/current/log_inprogress_0
2019-09-25 05:44:26,209 [e55ccedd-a9fb-450d-a5f3-f296d15c6aa8@group-2920B838B50E:LeaderElection205] INFO  impl.LeaderElection (LeaderElection.java:askForVotes(182)) - e55ccedd-a9fb-450d-a5f3-f296d15c6aa8@group-2920B838B50E:LeaderElection205: begin an election at term 1 for -1: [e55ccedd-a9fb-450d-a5f3-f296d15c6aa8:192.168.5.161:45208], old=null
2019-09-25 05:44:26,209 [e55ccedd-a9fb-450d-a5f3-f296d15c6aa8@group-2920B838B50E:LeaderElection205] INFO  impl.RoleInfo (RoleInfo.java:shutdownLeaderElection(134)) - e55ccedd-a9fb-450d-a5f3-f296d15c6aa8: shutdown LeaderElection
2019-09-25 05:44:26,209 [e55ccedd-a9fb-450d-a5f3-f296d15c6aa8@group-2920B838B50E:LeaderElection205] INFO  impl.RaftServerImpl (RaftServerImpl.java:setRole(174)) - e55ccedd-a9fb-450d-a5f3-f296d15c6aa8@group-2920B838B50E: changes role from CANDIDATE to LEADER at term 1 for changeToLeader
2019-09-25 05:44:26,210 [e55ccedd-a9fb-450d-a5f3-f296d15c6aa8@group-2920B838B50E:LeaderElection205] INFO  impl.RaftServerImpl (ServerState.java:setLeader(253)) - e55ccedd-a9fb-450d-a5f3-f296d15c6aa8@group-2920B838B50E: change Leader from null to e55ccedd-a9fb-450d-a5f3-f296d15c6aa8 at term 1 for becomeLeader, leader elected after 5083ms
2019-09-25 05:44:26,210 [e55ccedd-a9fb-450d-a5f3-f296d15c6aa8@group-2920B838B50E:LeaderElection205] INFO  server.RaftServerConfigKeys (ConfUtils.java:logGet(43)) - raft.server.staging.catchup.gap = 1000 (default)
2019-09-25 05:44:26,210 [e55ccedd-a9fb-450d-a5f3-f296d15c6aa8@group-2920B838B50E:LeaderElection205] INFO  server.RaftServerConfigKeys (ConfUtils.java:logGet(43)) - raft.server.rpc.sleep.time = 25ms (default)
2019-09-25 05:44:26,210 [e55ccedd-a9fb-450d-a5f3-f296d15c6aa8@group-2920B838B50E:LeaderElection205] INFO  server.RaftServerConfigKeys (ConfUtils.java:logGet(43)) - raft.server.write.element-limit = 4096 (default)
2019-09-25 05:44:26,210 [e55ccedd-a9fb-450d-a5f3-f296d15c6aa8@group-2920B838B50E:LeaderElection205] INFO  server.RaftServerConfigKeys (ConfUtils.java:logGet(43)) - raft.server.watch.timeout = 10s (default)
2019-09-25 05:44:26,210 [e55ccedd-a9fb-450d-a5f3-f296d15c6aa8@group-2920B838B50E:LeaderElection205] INFO  server.RaftServerConfigKeys (ConfUtils.java:logGet(43)) - raft.server.watch.timeout.denomination = 1s (default)
2019-09-25 05:44:26,211 [e55ccedd-a9fb-450d-a5f3-f296d15c6aa8@group-2920B838B50E:LeaderElection205] INFO  server.RaftServerConfigKeys (ConfUtils.java:logGet(43)) - raft.server.watch.element-limit = 65536 (default)
2019-09-25 05:44:26,213 [e55ccedd-a9fb-450d-a5f3-f296d15c6aa8@group-2920B838B50E:LeaderElection205] INFO  impl.RoleInfo (RoleInfo.java:updateAndGet(143)) - e55ccedd-a9fb-450d-a5f3-f296d15c6aa8: start LeaderState
2019-09-25 05:44:26,213 [e55ccedd-a9fb-450d-a5f3-f296d15c6aa8@group-2920B838B50E:LeaderElection205] INFO  segmented.SegmentedRaftLogWorker (SegmentedRaftLogWorker.java:startLogSegment(380)) - e55ccedd-a9fb-450d-a5f3-f296d15c6aa8@group-2920B838B50E-SegmentedRaftLogWorker: Starting segment from index:0
2019-09-25 05:44:26,213 [e55ccedd-a9fb-450d-a5f3-f296d15c6aa8@group-2920B838B50E:LeaderElection205] INFO  impl.RaftServerImpl (ServerState.java:setRaftConf(354)) - e55ccedd-a9fb-450d-a5f3-f296d15c6aa8@group-2920B838B50E: set configuration 0: [e55ccedd-a9fb-450d-a5f3-f296d15c6aa8:192.168.5.161:45208], old=null at 0
2019-09-25 05:44:26,223 [e55ccedd-a9fb-450d-a5f3-f296d15c6aa8@group-B04DCAB6F785:LeaderElection206] INFO  impl.LeaderElection (LeaderElection.java:askForVotes(182)) - e55ccedd-a9fb-450d-a5f3-f296d15c6aa8@group-B04DCAB6F785:LeaderElection206: begin an election at term 1 for -1: [e55ccedd-a9fb-450d-a5f3-f296d15c6aa8:192.168.5.161:45208], old=null
2019-09-25 05:44:26,224 [e55ccedd-a9fb-450d-a5f3-f296d15c6aa8@group-B04DCAB6F785:LeaderElection206] INFO  impl.RoleInfo (RoleInfo.java:shutdownLeaderElection(134)) - e55ccedd-a9fb-450d-a5f3-f296d15c6aa8: shutdown LeaderElection
2019-09-25 05:44:26,224 [e55ccedd-a9fb-450d-a5f3-f296d15c6aa8@group-B04DCAB6F785:LeaderElection206] INFO  impl.RaftServerImpl (RaftServerImpl.java:setRole(174)) - e55ccedd-a9fb-450d-a5f3-f296d15c6aa8@group-B04DCAB6F785: changes role from CANDIDATE to LEADER at term 1 for changeToLeader
2019-09-25 05:44:26,224 [e55ccedd-a9fb-450d-a5f3-f296d15c6aa8@group-B04DCAB6F785:LeaderElection206] INFO  impl.RaftServerImpl (ServerState.java:setLeader(253)) - e55ccedd-a9fb-450d-a5f3-f296d15c6aa8@group-B04DCAB6F785: change Leader from null to e55ccedd-a9fb-450d-a5f3-f296d15c6aa8 at term 1 for becomeLeader, leader elected after 5180ms
2019-09-25 05:44:26,224 [e55ccedd-a9fb-450d-a5f3-f296d15c6aa8@group-B04DCAB6F785:LeaderElection206] INFO  server.RaftServerConfigKeys (ConfUtils.java:logGet(43)) - raft.server.staging.catchup.gap = 1000 (default)
2019-09-25 05:44:26,224 [e55ccedd-a9fb-450d-a5f3-f296d15c6aa8@group-B04DCAB6F785:LeaderElection206] INFO  server.RaftServerConfigKeys (ConfUtils.java:logGet(43)) - raft.server.rpc.sleep.time = 25ms (default)
2019-09-25 05:44:26,225 [e55ccedd-a9fb-450d-a5f3-f296d15c6aa8@group-B04DCAB6F785:LeaderElection206] INFO  server.RaftServerConfigKeys (ConfUtils.java:logGet(43)) - raft.server.write.element-limit = 4096 (default)
2019-09-25 05:44:26,225 [e55ccedd-a9fb-450d-a5f3-f296d15c6aa8@group-B04DCAB6F785:LeaderElection206] INFO  server.RaftServerConfigKeys (ConfUtils.java:logGet(43)) - raft.server.watch.timeout = 10s (default)
2019-09-25 05:44:26,225 [e55ccedd-a9fb-450d-a5f3-f296d15c6aa8@group-B04DCAB6F785:LeaderElection206] INFO  server.RaftServerConfigKeys (ConfUtils.java:logGet(43)) - raft.server.watch.timeout.denomination = 1s (default)
2019-09-25 05:44:26,225 [e55ccedd-a9fb-450d-a5f3-f296d15c6aa8@group-B04DCAB6F785:LeaderElection206] INFO  server.RaftServerConfigKeys (ConfUtils.java:logGet(43)) - raft.server.watch.element-limit = 65536 (default)
2019-09-25 05:44:26,227 [e55ccedd-a9fb-450d-a5f3-f296d15c6aa8@group-B04DCAB6F785:LeaderElection206] INFO  impl.RoleInfo (RoleInfo.java:updateAndGet(143)) - e55ccedd-a9fb-450d-a5f3-f296d15c6aa8: start LeaderState
2019-09-25 05:44:26,227 [e55ccedd-a9fb-450d-a5f3-f296d15c6aa8@group-B04DCAB6F785:LeaderElection206] INFO  segmented.SegmentedRaftLogWorker (SegmentedRaftLogWorker.java:startLogSegment(380)) - e55ccedd-a9fb-450d-a5f3-f296d15c6aa8@group-B04DCAB6F785-SegmentedRaftLogWorker: Starting segment from index:0
2019-09-25 05:44:26,228 [e55ccedd-a9fb-450d-a5f3-f296d15c6aa8@group-B04DCAB6F785:LeaderElection206] INFO  impl.RaftServerImpl (ServerState.java:setRaftConf(354)) - e55ccedd-a9fb-450d-a5f3-f296d15c6aa8@group-B04DCAB6F785: set configuration 0: [e55ccedd-a9fb-450d-a5f3-f296d15c6aa8:192.168.5.161:45208], old=null at 0
2019-09-25 05:44:26,243 [Thread-3136] INFO  impl.FollowerState (FollowerState.java:run(106)) - e55ccedd-a9fb-450d-a5f3-f296d15c6aa8:group-9AB720704C92 changes to CANDIDATE, lastRpcTime:5151, electionTimeout:5151ms
2019-09-25 05:44:26,243 [Thread-3136] INFO  impl.RoleInfo (RoleInfo.java:shutdownFollowerState(121)) - e55ccedd-a9fb-450d-a5f3-f296d15c6aa8: shutdown FollowerState
2019-09-25 05:44:26,243 [Thread-3136] INFO  impl.RaftServerImpl (RaftServerImpl.java:setRole(174)) - e55ccedd-a9fb-450d-a5f3-f296d15c6aa8@group-9AB720704C92: changes role from  FOLLOWER to CANDIDATE at term 0 for changeToCandidate
2019-09-25 05:44:26,243 [Thread-3136] INFO  impl.RoleInfo (RoleInfo.java:updateAndGet(143)) - e55ccedd-a9fb-450d-a5f3-f296d15c6aa8: start LeaderElection
2019-09-25 05:44:26,283 [e55ccedd-a9fb-450d-a5f3-f296d15c6aa8@group-2920B838B50E-SegmentedRaftLogWorker] INFO  segmented.SegmentedRaftLogWorker (SegmentedRaftLogWorker.java:execute(569)) - e55ccedd-a9fb-450d-a5f3-f296d15c6aa8@group-2920B838B50E-SegmentedRaftLogWorker: created new log segment /workdir/hadoop-ozone/ozonefs/target/test-dir/MiniOzoneClusterImpl-8a873c7d-0254-4d89-9d76-4b8349893ca9/datanode-1/data/ratis/e16be3a9-dabd-47b2-9099-2920b838b50e/current/log_inprogress_0
2019-09-25 05:44:26,284 [e55ccedd-a9fb-450d-a5f3-f296d15c6aa8@group-9AB720704C92:LeaderElection207] INFO  impl.LeaderElection (LeaderElection.java:askForVotes(182)) - e55ccedd-a9fb-450d-a5f3-f296d15c6aa8@group-9AB720704C92:LeaderElection207: begin an election at term 1 for -1: [e55ccedd-a9fb-450d-a5f3-f296d15c6aa8:192.168.5.161:45208], old=null
2019-09-25 05:44:26,283 [e55ccedd-a9fb-450d-a5f3-f296d15c6aa8@group-B04DCAB6F785-SegmentedRaftLogWorker] INFO  segmented.SegmentedRaftLogWorker (SegmentedRaftLogWorker.java:execute(569)) - e55ccedd-a9fb-450d-a5f3-f296d15c6aa8@group-B04DCAB6F785-SegmentedRaftLogWorker: created new log segment /workdir/hadoop-ozone/ozonefs/target/test-dir/MiniOzoneClusterImpl-8a873c7d-0254-4d89-9d76-4b8349893ca9/datanode-1/data/ratis/b440218d-7e93-4ef4-9456-b04dcab6f785/current/log_inprogress_0
2019-09-25 05:44:26,284 [e55ccedd-a9fb-450d-a5f3-f296d15c6aa8@group-9AB720704C92:LeaderElection207] INFO  impl.RoleInfo (RoleInfo.java:shutdownLeaderElection(134)) - e55ccedd-a9fb-450d-a5f3-f296d15c6aa8: shutdown LeaderElection
2019-09-25 05:44:26,284 [e55ccedd-a9fb-450d-a5f3-f296d15c6aa8@group-9AB720704C92:LeaderElection207] INFO  impl.RaftServerImpl (RaftServerImpl.java:setRole(174)) - e55ccedd-a9fb-450d-a5f3-f296d15c6aa8@group-9AB720704C92: changes role from CANDIDATE to LEADER at term 1 for changeToLeader
2019-09-25 05:44:26,284 [e55ccedd-a9fb-450d-a5f3-f296d15c6aa8@group-9AB720704C92:LeaderElection207] INFO  impl.RaftServerImpl (ServerState.java:setLeader(253)) - e55ccedd-a9fb-450d-a5f3-f296d15c6aa8@group-9AB720704C92: change Leader from null to e55ccedd-a9fb-450d-a5f3-f296d15c6aa8 at term 1 for becomeLeader, leader elected after 5197ms
2019-09-25 05:44:26,284 [e55ccedd-a9fb-450d-a5f3-f296d15c6aa8@group-9AB720704C92:LeaderElection207] INFO  server.RaftServerConfigKeys (ConfUtils.java:logGet(43)) - raft.server.staging.catchup.gap = 1000 (default)
2019-09-25 05:44:26,285 [e55ccedd-a9fb-450d-a5f3-f296d15c6aa8@group-9AB720704C92:LeaderElection207] INFO  server.RaftServerConfigKeys (ConfUtils.java:logGet(43)) - raft.server.rpc.sleep.time = 25ms (default)
2019-09-25 05:44:26,285 [e55ccedd-a9fb-450d-a5f3-f296d15c6aa8@group-9AB720704C92:LeaderElection207] INFO  server.RaftServerConfigKeys (ConfUtils.java:logGet(43)) - raft.server.write.element-limit = 4096 (default)
2019-09-25 05:44:26,285 [e55ccedd-a9fb-450d-a5f3-f296d15c6aa8@group-9AB720704C92:LeaderElection207] INFO  server.RaftServerConfigKeys (ConfUtils.java:logGet(43)) - raft.server.watch.timeout = 10s (default)
2019-09-25 05:44:26,285 [e55ccedd-a9fb-450d-a5f3-f296d15c6aa8@group-9AB720704C92:LeaderElection207] INFO  server.RaftServerConfigKeys (ConfUtils.java:logGet(43)) - raft.server.watch.timeout.denomination = 1s (default)
2019-09-25 05:44:26,285 [e55ccedd-a9fb-450d-a5f3-f296d15c6aa8@group-9AB720704C92:LeaderElection207] INFO  server.RaftServerConfigKeys (ConfUtils.java:logGet(43)) - raft.server.watch.element-limit = 65536 (default)
2019-09-25 05:44:26,287 [e55ccedd-a9fb-450d-a5f3-f296d15c6aa8@group-9AB720704C92:LeaderElection207] INFO  impl.RoleInfo (RoleInfo.java:updateAndGet(143)) - e55ccedd-a9fb-450d-a5f3-f296d15c6aa8: start LeaderState
2019-09-25 05:44:26,288 [e55ccedd-a9fb-450d-a5f3-f296d15c6aa8@group-9AB720704C92:LeaderElection207] INFO  segmented.SegmentedRaftLogWorker (SegmentedRaftLogWorker.java:startLogSegment(380)) - e55ccedd-a9fb-450d-a5f3-f296d15c6aa8@group-9AB720704C92-SegmentedRaftLogWorker: Starting segment from index:0
2019-09-25 05:44:26,288 [e55ccedd-a9fb-450d-a5f3-f296d15c6aa8@group-9AB720704C92:LeaderElection207] INFO  impl.RaftServerImpl (ServerState.java:setRaftConf(354)) - e55ccedd-a9fb-450d-a5f3-f296d15c6aa8@group-9AB720704C92: set configuration 0: [e55ccedd-a9fb-450d-a5f3-f296d15c6aa8:192.168.5.161:45208], old=null at 0
2019-09-25 05:44:26,310 [Thread-3145] INFO  impl.FollowerState (FollowerState.java:run(106)) - 138a7143-15fe-4753-bfe7-f24402fccca7:group-03763B8C9AA7 changes to CANDIDATE, lastRpcTime:5100, electionTimeout:5100ms
2019-09-25 05:44:26,310 [Thread-3145] INFO  impl.RoleInfo (RoleInfo.java:shutdownFollowerState(121)) - 138a7143-15fe-4753-bfe7-f24402fccca7: shutdown FollowerState
2019-09-25 05:44:26,310 [Thread-3145] INFO  impl.RaftServerImpl (RaftServerImpl.java:setRole(174)) - 138a7143-15fe-4753-bfe7-f24402fccca7@group-03763B8C9AA7: changes role from  FOLLOWER to CANDIDATE at term 0 for changeToCandidate
2019-09-25 05:44:26,310 [Thread-3145] INFO  impl.RoleInfo (RoleInfo.java:updateAndGet(143)) - 138a7143-15fe-4753-bfe7-f24402fccca7: start LeaderElection
2019-09-25 05:44:26,310 [Thread-3151] INFO  impl.FollowerState (FollowerState.java:run(106)) - 138a7143-15fe-4753-bfe7-f24402fccca7:group-54A9DD8C0FC3 changes to CANDIDATE, lastRpcTime:5052, electionTimeout:5052ms
2019-09-25 05:44:26,311 [Thread-3151] INFO  impl.RoleInfo (RoleInfo.java:shutdownFollowerState(121)) - 138a7143-15fe-4753-bfe7-f24402fccca7: shutdown FollowerState
2019-09-25 05:44:26,327 [Thread-3151] INFO  impl.RaftServerImpl (RaftServerImpl.java:setRole(174)) - 138a7143-15fe-4753-bfe7-f24402fccca7@group-54A9DD8C0FC3: changes role from  FOLLOWER to CANDIDATE at term 0 for changeToCandidate
2019-09-25 05:44:26,327 [Thread-3151] INFO  impl.RoleInfo (RoleInfo.java:updateAndGet(143)) - 138a7143-15fe-4753-bfe7-f24402fccca7: start LeaderElection
2019-09-25 05:44:26,331 [ForkJoinPool.commonPool-worker-1] INFO  ozoneimpl.OzoneContainer (OzoneContainer.java:stop(231)) - Attempting to stop container services.
2019-09-25 05:44:26,331 [main] INFO  ozoneimpl.OzoneContainer (OzoneContainer.java:stop(231)) - Attempting to stop container services.
2019-09-25 05:44:26,331 [ForkJoinPool.commonPool-worker-1] INFO  impl.RaftServerProxy (RaftServerProxy.java:lambda$close$4(314)) - f282a92e-c7a5-4658-9c35-ca03b5a63ea2: close
2019-09-25 05:44:26,332 [main] INFO  impl.RaftServerProxy (RaftServerProxy.java:lambda$close$4(314)) - e55ccedd-a9fb-450d-a5f3-f296d15c6aa8: close
2019-09-25 05:44:26,332 [ForkJoinPool.commonPool-worker-1] INFO  impl.RaftServerImpl (RaftServerImpl.java:lambda$shutdown$3(251)) - f282a92e-c7a5-4658-9c35-ca03b5a63ea2@group-88DB06DBDF75: shutdown
2019-09-25 05:44:26,332 [main] INFO  impl.RaftServerImpl (RaftServerImpl.java:lambda$shutdown$3(251)) - e55ccedd-a9fb-450d-a5f3-f296d15c6aa8@group-9AB720704C92: shutdown
2019-09-25 05:44:26,333 [main] INFO  util.JmxRegister (JmxRegister.java:unregister(73)) - Successfully un-registered JMX Bean with object name Ratis:service=RaftServer,group=group-9AB720704C92,id=e55ccedd-a9fb-450d-a5f3-f296d15c6aa8
2019-09-25 05:44:26,333 [main] INFO  impl.RoleInfo (RoleInfo.java:shutdownLeaderState(104)) - e55ccedd-a9fb-450d-a5f3-f296d15c6aa8: shutdown LeaderState
2019-09-25 05:44:26,333 [ForkJoinPool.commonPool-worker-1] INFO  util.JmxRegister (JmxRegister.java:unregister(73)) - Successfully un-registered JMX Bean with object name Ratis:service=RaftServer,group=group-88DB06DBDF75,id=f282a92e-c7a5-4658-9c35-ca03b5a63ea2
2019-09-25 05:44:26,334 [main] INFO  impl.PendingRequests (PendingRequests.java:sendNotLeaderResponses(202)) - e55ccedd-a9fb-450d-a5f3-f296d15c6aa8-PendingRequests: sendNotLeaderResponses
2019-09-25 05:44:26,334 [ForkJoinPool.commonPool-worker-1] INFO  impl.RoleInfo (RoleInfo.java:shutdownLeaderState(104)) - f282a92e-c7a5-4658-9c35-ca03b5a63ea2: shutdown LeaderState
2019-09-25 05:44:26,335 [main] INFO  impl.StateMachineUpdater (StateMachineUpdater.java:stopAndJoin(125)) - e55ccedd-a9fb-450d-a5f3-f296d15c6aa8@group-9AB720704C92-StateMachineUpdater: set stopIndex = -1
2019-09-25 05:44:26,335 [ForkJoinPool.commonPool-worker-1] INFO  impl.PendingRequests (PendingRequests.java:sendNotLeaderResponses(202)) - f282a92e-c7a5-4658-9c35-ca03b5a63ea2-PendingRequests: sendNotLeaderResponses
2019-09-25 05:44:26,335 [main] INFO  impl.RaftServerImpl (ServerState.java:close(385)) - e55ccedd-a9fb-450d-a5f3-f296d15c6aa8@group-9AB720704C92: closes. applyIndex: -1
2019-09-25 05:44:26,336 [ForkJoinPool.commonPool-worker-1] INFO  impl.StateMachineUpdater (StateMachineUpdater.java:stopAndJoin(125)) - f282a92e-c7a5-4658-9c35-ca03b5a63ea2@group-88DB06DBDF75-StateMachineUpdater: set stopIndex = 0
2019-09-25 05:44:26,336 [ForkJoinPool.commonPool-worker-1] INFO  impl.RaftServerImpl (ServerState.java:close(385)) - f282a92e-c7a5-4658-9c35-ca03b5a63ea2@group-88DB06DBDF75: closes. applyIndex: 0
2019-09-25 05:44:26,337 [f282a92e-c7a5-4658-9c35-ca03b5a63ea2@group-88DB06DBDF75-SegmentedRaftLogWorker] INFO  segmented.SegmentedRaftLogWorker (SegmentedRaftLogWorker.java:run(313)) - f282a92e-c7a5-4658-9c35-ca03b5a63ea2@group-88DB06DBDF75-SegmentedRaftLogWorker was interrupted, exiting. There are 0 tasks remaining in the queue.
2019-09-25 05:44:26,337 [ForkJoinPool.commonPool-worker-1] INFO  segmented.SegmentedRaftLogWorker (SegmentedRaftLogWorker.java:close(228)) - f282a92e-c7a5-4658-9c35-ca03b5a63ea2@group-88DB06DBDF75-SegmentedRaftLogWorker close()
2019-09-25 05:44:26,340 [ForkJoinPool.commonPool-worker-1] INFO  impl.RaftServerImpl (RaftServerImpl.java:lambda$shutdown$3(251)) - f282a92e-c7a5-4658-9c35-ca03b5a63ea2@group-F28A6A32371C: shutdown
2019-09-25 05:44:26,340 [138a7143-15fe-4753-bfe7-f24402fccca7@group-03763B8C9AA7:LeaderElection208] INFO  impl.LeaderElection (LeaderElection.java:askForVotes(182)) - 138a7143-15fe-4753-bfe7-f24402fccca7@group-03763B8C9AA7:LeaderElection208: begin an election at term 1 for -1: [138a7143-15fe-4753-bfe7-f24402fccca7:192.168.5.161:37623], old=null
2019-09-25 05:44:26,340 [ForkJoinPool.commonPool-worker-1] INFO  util.JmxRegister (JmxRegister.java:unregister(73)) - Successfully un-registered JMX Bean with object name Ratis:service=RaftServer,group=group-F28A6A32371C,id=f282a92e-c7a5-4658-9c35-ca03b5a63ea2
2019-09-25 05:44:26,340 [138a7143-15fe-4753-bfe7-f24402fccca7@group-54A9DD8C0FC3:LeaderElection209] INFO  impl.LeaderElection (LeaderElection.java:askForVotes(182)) - 138a7143-15fe-4753-bfe7-f24402fccca7@group-54A9DD8C0FC3:LeaderElection209: begin an election at term 1 for -1: [138a7143-15fe-4753-bfe7-f24402fccca7:192.168.5.161:37623], old=null
2019-09-25 05:44:26,340 [ForkJoinPool.commonPool-worker-1] INFO  impl.RoleInfo (RoleInfo.java:shutdownLeaderState(104)) - f282a92e-c7a5-4658-9c35-ca03b5a63ea2: shutdown LeaderState
2019-09-25 05:44:26,340 [e55ccedd-a9fb-450d-a5f3-f296d15c6aa8@group-9AB720704C92-SegmentedRaftLogWorker] WARN  segmented.SegmentedRaftLogOutputStream (SegmentedRaftLogOutputStream.java:<init>(77)) - Hit IOException while creating log segment /workdir/hadoop-ozone/ozonefs/target/test-dir/MiniOzoneClusterImpl-8a873c7d-0254-4d89-9d76-4b8349893ca9/datanode-1/data/ratis/e7d61245-8880-428c-a71e-9ab720704c92/current/log_inprogress_0, delete the partial file.
2019-09-25 05:44:26,340 [138a7143-15fe-4753-bfe7-f24402fccca7@group-03763B8C9AA7:LeaderElection208] INFO  impl.RoleInfo (RoleInfo.java:shutdownLeaderElection(134)) - 138a7143-15fe-4753-bfe7-f24402fccca7: shutdown LeaderElection
2019-09-25 05:44:26,341 [ForkJoinPool.commonPool-worker-1] INFO  impl.PendingRequests (PendingRequests.java:sendNotLeaderResponses(202)) - f282a92e-c7a5-4658-9c35-ca03b5a63ea2-PendingRequests: sendNotLeaderResponses
2019-09-25 05:44:26,340 [138a7143-15fe-4753-bfe7-f24402fccca7@group-54A9DD8C0FC3:LeaderElection209] INFO  impl.RoleInfo (RoleInfo.java:shutdownLeaderElection(134)) - 138a7143-15fe-4753-bfe7-f24402fccca7: shutdown LeaderElection
2019-09-25 05:44:26,341 [ForkJoinPool.commonPool-worker-1] INFO  impl.StateMachineUpdater (StateMachineUpdater.java:stopAndJoin(125)) - f282a92e-c7a5-4658-9c35-ca03b5a63ea2@group-F28A6A32371C-StateMachineUpdater: set stopIndex = 0
2019-09-25 05:44:26,341 [ForkJoinPool.commonPool-worker-1] INFO  impl.RaftServerImpl (ServerState.java:close(385)) - f282a92e-c7a5-4658-9c35-ca03b5a63ea2@group-F28A6A32371C: closes. applyIndex: 0
2019-09-25 05:44:26,341 [138a7143-15fe-4753-bfe7-f24402fccca7@group-03763B8C9AA7:LeaderElection208] INFO  impl.RaftServerImpl (RaftServerImpl.java:setRole(174)) - 138a7143-15fe-4753-bfe7-f24402fccca7@group-03763B8C9AA7: changes role from CANDIDATE to LEADER at term 1 for changeToLeader
2019-09-25 05:44:26,342 [f282a92e-c7a5-4658-9c35-ca03b5a63ea2@group-F28A6A32371C-SegmentedRaftLogWorker] INFO  segmented.SegmentedRaftLogWorker (SegmentedRaftLogWorker.java:run(313)) - f282a92e-c7a5-4658-9c35-ca03b5a63ea2@group-F28A6A32371C-SegmentedRaftLogWorker was interrupted, exiting. There are 0 tasks remaining in the queue.
2019-09-25 05:44:26,341 [138a7143-15fe-4753-bfe7-f24402fccca7@group-54A9DD8C0FC3:LeaderElection209] INFO  impl.RaftServerImpl (RaftServerImpl.java:setRole(174)) - 138a7143-15fe-4753-bfe7-f24402fccca7@group-54A9DD8C0FC3: changes role from CANDIDATE to LEADER at term 1 for changeToLeader
2019-09-25 05:44:26,342 [138a7143-15fe-4753-bfe7-f24402fccca7@group-54A9DD8C0FC3:LeaderElection209] INFO  impl.RaftServerImpl (ServerState.java:setLeader(253)) - 138a7143-15fe-4753-bfe7-f24402fccca7@group-54A9DD8C0FC3: change Leader from null to 138a7143-15fe-4753-bfe7-f24402fccca7 at term 1 for becomeLeader, leader elected after 5090ms
2019-09-25 05:44:26,342 [138a7143-15fe-4753-bfe7-f24402fccca7@group-03763B8C9AA7:LeaderElection208] INFO  impl.RaftServerImpl (ServerState.java:setLeader(253)) - 138a7143-15fe-4753-bfe7-f24402fccca7@group-03763B8C9AA7: change Leader from null to 138a7143-15fe-4753-bfe7-f24402fccca7 at term 1 for becomeLeader, leader elected after 5137ms
2019-09-25 05:44:26,342 [138a7143-15fe-4753-bfe7-f24402fccca7@group-54A9DD8C0FC3:LeaderElection209] INFO  server.RaftServerConfigKeys (ConfUtils.java:logGet(43)) - raft.server.staging.catchup.gap = 1000 (default)
2019-09-25 05:44:26,342 [ForkJoinPool.commonPool-worker-1] INFO  segmented.SegmentedRaftLogWorker (SegmentedRaftLogWorker.java:close(228)) - f282a92e-c7a5-4658-9c35-ca03b5a63ea2@group-F28A6A32371C-SegmentedRaftLogWorker close()
2019-09-25 05:44:26,343 [Thread-3148] INFO  impl.FollowerState (FollowerState.java:run(106)) - 138a7143-15fe-4753-bfe7-f24402fccca7:group-16C432EFA5D4 changes to CANDIDATE, lastRpcTime:5111, electionTimeout:5111ms
2019-09-25 05:44:26,343 [138a7143-15fe-4753-bfe7-f24402fccca7@group-54A9DD8C0FC3:LeaderElection209] INFO  server.RaftServerConfigKeys (ConfUtils.java:logGet(43)) - raft.server.rpc.sleep.time = 25ms (default)
2019-09-25 05:44:26,343 [138a7143-15fe-4753-bfe7-f24402fccca7@group-03763B8C9AA7:LeaderElection208] INFO  server.RaftServerConfigKeys (ConfUtils.java:logGet(43)) - raft.server.staging.catchup.gap = 1000 (default)
2019-09-25 05:44:26,346 [138a7143-15fe-4753-bfe7-f24402fccca7@group-54A9DD8C0FC3:LeaderElection209] INFO  server.RaftServerConfigKeys (ConfUtils.java:logGet(43)) - raft.server.write.element-limit = 4096 (default)
2019-09-25 05:44:26,346 [Thread-3148] INFO  impl.RoleInfo (RoleInfo.java:shutdownFollowerState(121)) - 138a7143-15fe-4753-bfe7-f24402fccca7: shutdown FollowerState
2019-09-25 05:44:26,346 [ForkJoinPool.commonPool-worker-1] INFO  impl.RaftServerImpl (RaftServerImpl.java:lambda$shutdown$3(251)) - f282a92e-c7a5-4658-9c35-ca03b5a63ea2@group-B0BFA831613F: shutdown
2019-09-25 05:44:26,347 [Thread-3148] INFO  impl.RaftServerImpl (RaftServerImpl.java:setRole(174)) - 138a7143-15fe-4753-bfe7-f24402fccca7@group-16C432EFA5D4: changes role from  FOLLOWER to CANDIDATE at term 0 for changeToCandidate
2019-09-25 05:44:26,346 [138a7143-15fe-4753-bfe7-f24402fccca7@group-54A9DD8C0FC3:LeaderElection209] INFO  server.RaftServerConfigKeys (ConfUtils.java:logGet(43)) - raft.server.watch.timeout = 10s (default)
2019-09-25 05:44:26,347 [138a7143-15fe-4753-bfe7-f24402fccca7@group-54A9DD8C0FC3:LeaderElection209] INFO  server.RaftServerConfigKeys (ConfUtils.java:logGet(43)) - raft.server.watch.timeout.denomination = 1s (default)
2019-09-25 05:44:26,346 [138a7143-15fe-4753-bfe7-f24402fccca7@group-03763B8C9AA7:LeaderElection208] INFO  server.RaftServerConfigKeys (ConfUtils.java:logGet(43)) - raft.server.rpc.sleep.time = 25ms (default)
2019-09-25 05:44:26,347 [138a7143-15fe-4753-bfe7-f24402fccca7@group-54A9DD8C0FC3:LeaderElection209] INFO  server.RaftServerConfigKeys (ConfUtils.java:logGet(43)) - raft.server.watch.element-limit = 65536 (default)
2019-09-25 05:44:26,347 [Thread-3148] INFO  impl.RoleInfo (RoleInfo.java:updateAndGet(143)) - 138a7143-15fe-4753-bfe7-f24402fccca7: start LeaderElection
2019-09-25 05:44:26,347 [ForkJoinPool.commonPool-worker-1] INFO  util.JmxRegister (JmxRegister.java:unregister(73)) - Successfully un-registered JMX Bean with object name Ratis:service=RaftServer,group=group-B0BFA831613F,id=f282a92e-c7a5-4658-9c35-ca03b5a63ea2
2019-09-25 05:44:26,348 [ForkJoinPool.commonPool-worker-1] INFO  impl.RoleInfo (RoleInfo.java:shutdownLeaderState(104)) - f282a92e-c7a5-4658-9c35-ca03b5a63ea2: shutdown LeaderState
2019-09-25 05:44:26,348 [138a7143-15fe-4753-bfe7-f24402fccca7@group-03763B8C9AA7:LeaderElection208] INFO  server.RaftServerConfigKeys (ConfUtils.java:logGet(43)) - raft.server.write.element-limit = 4096 (default)
2019-09-25 05:44:26,351 [ForkJoinPool.commonPool-worker-1] INFO  impl.PendingRequests (PendingRequests.java:sendNotLeaderResponses(202)) - f282a92e-c7a5-4658-9c35-ca03b5a63ea2-PendingRequests: sendNotLeaderResponses
2019-09-25 05:44:26,351 [main] INFO  segmented.SegmentedRaftLogWorker (SegmentedRaftLogWorker.java:close(228)) - e55ccedd-a9fb-450d-a5f3-f296d15c6aa8@group-9AB720704C92-SegmentedRaftLogWorker close()
2019-09-25 05:44:26,351 [138a7143-15fe-4753-bfe7-f24402fccca7@group-03763B8C9AA7:LeaderElection208] INFO  server.RaftServerConfigKeys (ConfUtils.java:logGet(43)) - raft.server.watch.timeout = 10s (default)
2019-09-25 05:44:26,355 [138a7143-15fe-4753-bfe7-f24402fccca7@group-54A9DD8C0FC3:LeaderElection209] INFO  impl.RoleInfo (RoleInfo.java:updateAndGet(143)) - 138a7143-15fe-4753-bfe7-f24402fccca7: start LeaderState
2019-09-25 05:44:26,355 [main] INFO  impl.RaftServerImpl (RaftServerImpl.java:lambda$shutdown$3(251)) - e55ccedd-a9fb-450d-a5f3-f296d15c6aa8@group-B04DCAB6F785: shutdown
2019-09-25 05:44:26,355 [main] INFO  util.JmxRegister (JmxRegister.java:unregister(73)) - Successfully un-registered JMX Bean with object name Ratis:service=RaftServer,group=group-B04DCAB6F785,id=e55ccedd-a9fb-450d-a5f3-f296d15c6aa8
2019-09-25 05:44:26,356 [main] INFO  impl.RoleInfo (RoleInfo.java:shutdownLeaderState(104)) - e55ccedd-a9fb-450d-a5f3-f296d15c6aa8: shutdown LeaderState
2019-09-25 05:44:26,355 [Thread-3142] INFO  impl.FollowerState (FollowerState.java:run(106)) - e55ccedd-a9fb-450d-a5f3-f296d15c6aa8:group-17BCF7A7FB45 changes to CANDIDATE, lastRpcTime:5186, electionTimeout:5185ms
2019-09-25 05:44:26,351 [ForkJoinPool.commonPool-worker-1] INFO  impl.StateMachineUpdater (StateMachineUpdater.java:stopAndJoin(125)) - f282a92e-c7a5-4658-9c35-ca03b5a63ea2@group-B0BFA831613F-StateMachineUpdater: set stopIndex = 0
2019-09-25 05:44:26,357 [ForkJoinPool.commonPool-worker-1] INFO  impl.RaftServerImpl (ServerState.java:close(385)) - f282a92e-c7a5-4658-9c35-ca03b5a63ea2@group-B0BFA831613F: closes. applyIndex: 0
2019-09-25 05:44:26,356 [Thread-3142] INFO  impl.RoleInfo (RoleInfo.java:shutdownFollowerState(121)) - e55ccedd-a9fb-450d-a5f3-f296d15c6aa8: shutdown FollowerState
2019-09-25 05:44:26,356 [main] INFO  impl.PendingRequests (PendingRequests.java:sendNotLeaderResponses(202)) - e55ccedd-a9fb-450d-a5f3-f296d15c6aa8-PendingRequests: sendNotLeaderResponses
2019-09-25 05:44:26,355 [138a7143-15fe-4753-bfe7-f24402fccca7@group-54A9DD8C0FC3:LeaderElection209] INFO  segmented.SegmentedRaftLogWorker (SegmentedRaftLogWorker.java:startLogSegment(380)) - 138a7143-15fe-4753-bfe7-f24402fccca7@group-54A9DD8C0FC3-SegmentedRaftLogWorker: Starting segment from index:0
2019-09-25 05:44:26,355 [138a7143-15fe-4753-bfe7-f24402fccca7@group-03763B8C9AA7:LeaderElection208] INFO  server.RaftServerConfigKeys (ConfUtils.java:logGet(43)) - raft.server.watch.timeout.denomination = 1s (default)
2019-09-25 05:44:26,358 [main] INFO  impl.StateMachineUpdater (StateMachineUpdater.java:stopAndJoin(125)) - e55ccedd-a9fb-450d-a5f3-f296d15c6aa8@group-B04DCAB6F785-StateMachineUpdater: set stopIndex = 0
2019-09-25 05:44:26,358 [main] INFO  impl.RaftServerImpl (ServerState.java:close(385)) - e55ccedd-a9fb-450d-a5f3-f296d15c6aa8@group-B04DCAB6F785: closes. applyIndex: 0
2019-09-25 05:44:26,357 [Thread-3142] INFO  impl.RaftServerImpl (RaftServerImpl.java:setRole(174)) - e55ccedd-a9fb-450d-a5f3-f296d15c6aa8@group-17BCF7A7FB45: changes role from  FOLLOWER to CANDIDATE at term 0 for changeToCandidate
2019-09-25 05:44:26,357 [f282a92e-c7a5-4658-9c35-ca03b5a63ea2@group-B0BFA831613F-SegmentedRaftLogWorker] INFO  segmented.SegmentedRaftLogWorker (SegmentedRaftLogWorker.java:run(313)) - f282a92e-c7a5-4658-9c35-ca03b5a63ea2@group-B0BFA831613F-SegmentedRaftLogWorker was interrupted, exiting. There are 0 tasks remaining in the queue.
2019-09-25 05:44:26,359 [Thread-3142] INFO  impl.RoleInfo (RoleInfo.java:updateAndGet(143)) - e55ccedd-a9fb-450d-a5f3-f296d15c6aa8: start LeaderElection
2019-09-25 05:44:26,359 [e55ccedd-a9fb-450d-a5f3-f296d15c6aa8@group-B04DCAB6F785-SegmentedRaftLogWorker] INFO  segmented.SegmentedRaftLogWorker (SegmentedRaftLogWorker.java:run(313)) - e55ccedd-a9fb-450d-a5f3-f296d15c6aa8@group-B04DCAB6F785-SegmentedRaftLogWorker was interrupted, exiting. There are 0 tasks remaining in the queue.
2019-09-25 05:44:26,358 [138a7143-15fe-4753-bfe7-f24402fccca7@group-54A9DD8C0FC3:LeaderElection209] INFO  impl.RaftServerImpl (ServerState.java:setRaftConf(354)) - 138a7143-15fe-4753-bfe7-f24402fccca7@group-54A9DD8C0FC3: set configuration 0: [138a7143-15fe-4753-bfe7-f24402fccca7:192.168.5.161:37623], old=null at 0
2019-09-25 05:44:26,358 [138a7143-15fe-4753-bfe7-f24402fccca7@group-03763B8C9AA7:LeaderElection208] INFO  server.RaftServerConfigKeys (ConfUtils.java:logGet(43)) - raft.server.watch.element-limit = 65536 (default)
2019-09-25 05:44:26,404 [main] INFO  segmented.SegmentedRaftLogWorker (SegmentedRaftLogWorker.java:close(228)) - e55ccedd-a9fb-450d-a5f3-f296d15c6aa8@group-B04DCAB6F785-SegmentedRaftLogWorker close()
2019-09-25 05:44:26,404 [Thread-3154] INFO  impl.FollowerState (FollowerState.java:run(106)) - 138a7143-15fe-4753-bfe7-f24402fccca7:group-896DE3873A7C changes to CANDIDATE, lastRpcTime:5101, electionTimeout:5063ms
2019-09-25 05:44:26,404 [138a7143-15fe-4753-bfe7-f24402fccca7@group-16C432EFA5D4:LeaderElection210] INFO  impl.LeaderElection (LeaderElection.java:askForVotes(182)) - 138a7143-15fe-4753-bfe7-f24402fccca7@group-16C432EFA5D4:LeaderElection210: begin an election at term 1 for -1: [138a7143-15fe-4753-bfe7-f24402fccca7:192.168.5.161:37623], old=null
2019-09-25 05:44:26,359 [ForkJoinPool.commonPool-worker-1] INFO  segmented.SegmentedRaftLogWorker (SegmentedRaftLogWorker.java:close(228)) - f282a92e-c7a5-4658-9c35-ca03b5a63ea2@group-B0BFA831613F-SegmentedRaftLogWorker close()
2019-09-25 05:44:26,408 [138a7143-15fe-4753-bfe7-f24402fccca7@group-16C432EFA5D4:LeaderElection210] INFO  impl.RoleInfo (RoleInfo.java:shutdownLeaderElection(134)) - 138a7143-15fe-4753-bfe7-f24402fccca7: shutdown LeaderElection
2019-09-25 05:44:26,408 [Thread-3154] INFO  impl.RoleInfo (RoleInfo.java:shutdownFollowerState(121)) - 138a7143-15fe-4753-bfe7-f24402fccca7: shutdown FollowerState
2019-09-25 05:44:26,407 [main] INFO  impl.RaftServerImpl (RaftServerImpl.java:lambda$shutdown$3(251)) - e55ccedd-a9fb-450d-a5f3-f296d15c6aa8@group-2920B838B50E: shutdown
2019-09-25 05:44:26,411 [Thread-3154] INFO  impl.RaftServerImpl (RaftServerImpl.java:setRole(174)) - 138a7143-15fe-4753-bfe7-f24402fccca7@group-896DE3873A7C: changes role from  FOLLOWER to CANDIDATE at term 0 for changeToCandidate
2019-09-25 05:44:26,411 [138a7143-15fe-4753-bfe7-f24402fccca7@group-03763B8C9AA7:LeaderElection208] INFO  impl.RoleInfo (RoleInfo.java:updateAndGet(143)) - 138a7143-15fe-4753-bfe7-f24402fccca7: start LeaderState
2019-09-25 05:44:26,411 [138a7143-15fe-4753-bfe7-f24402fccca7@group-16C432EFA5D4:LeaderElection210] INFO  impl.RaftServerImpl (RaftServerImpl.java:setRole(174)) - 138a7143-15fe-4753-bfe7-f24402fccca7@group-16C432EFA5D4: changes role from CANDIDATE to LEADER at term 1 for changeToLeader
2019-09-25 05:44:26,412 [138a7143-15fe-4753-bfe7-f24402fccca7@group-16C432EFA5D4:LeaderElection210] INFO  impl.RaftServerImpl (ServerState.java:setLeader(253)) - 138a7143-15fe-4753-bfe7-f24402fccca7@group-16C432EFA5D4: change Leader from null to 138a7143-15fe-4753-bfe7-f24402fccca7 at term 1 for becomeLeader, leader elected after 5185ms
2019-09-25 05:44:26,411 [ForkJoinPool.commonPool-worker-1] INFO  impl.RaftServerImpl (RaftServerImpl.java:lambda$shutdown$3(251)) - f282a92e-c7a5-4658-9c35-ca03b5a63ea2@group-C4FCA4D56CDF: shutdown
2019-09-25 05:44:26,413 [138a7143-15fe-4753-bfe7-f24402fccca7@group-16C432EFA5D4:LeaderElection210] INFO  server.RaftServerConfigKeys (ConfUtils.java:logGet(43)) - raft.server.staging.catchup.gap = 1000 (default)
2019-09-25 05:44:26,413 [138a7143-15fe-4753-bfe7-f24402fccca7@group-16C432EFA5D4:LeaderElection210] INFO  server.RaftServerConfigKeys (ConfUtils.java:logGet(43)) - raft.server.rpc.sleep.time = 25ms (default)
2019-09-25 05:44:26,412 [138a7143-15fe-4753-bfe7-f24402fccca7@group-03763B8C9AA7:LeaderElection208] INFO  segmented.SegmentedRaftLogWorker (SegmentedRaftLogWorker.java:startLogSegment(380)) - 138a7143-15fe-4753-bfe7-f24402fccca7@group-03763B8C9AA7-SegmentedRaftLogWorker: Starting segment from index:0
2019-09-25 05:44:26,412 [Thread-3154] INFO  impl.RoleInfo (RoleInfo.java:updateAndGet(143)) - 138a7143-15fe-4753-bfe7-f24402fccca7: start LeaderElection
2019-09-25 05:44:26,412 [main] INFO  util.JmxRegister (JmxRegister.java:unregister(73)) - Successfully un-registered JMX Bean with object name Ratis:service=RaftServer,group=group-2920B838B50E,id=e55ccedd-a9fb-450d-a5f3-f296d15c6aa8
2019-09-25 05:44:26,454 [e55ccedd-a9fb-450d-a5f3-f296d15c6aa8@group-17BCF7A7FB45:LeaderElection211] INFO  impl.LeaderElection (LeaderElection.java:askForVotes(182)) - e55ccedd-a9fb-450d-a5f3-f296d15c6aa8@group-17BCF7A7FB45:LeaderElection211: begin an election at term 1 for -1: [e55ccedd-a9fb-450d-a5f3-f296d15c6aa8:192.168.5.161:45208], old=null
2019-09-25 05:44:26,454 [138a7143-15fe-4753-bfe7-f24402fccca7@group-54A9DD8C0FC3-SegmentedRaftLogWorker] INFO  segmented.SegmentedRaftLogWorker (SegmentedRaftLogWorker.java:execute(569)) - 138a7143-15fe-4753-bfe7-f24402fccca7@group-54A9DD8C0FC3-SegmentedRaftLogWorker: created new log segment /workdir/hadoop-ozone/ozonefs/target/test-dir/MiniOzoneClusterImpl-8a873c7d-0254-4d89-9d76-4b8349893ca9/datanode-2/data/ratis/a6ed6edb-7b93-4e51-8319-54a9dd8c0fc3/current/log_inprogress_0
2019-09-25 05:44:26,414 [138a7143-15fe-4753-bfe7-f24402fccca7@group-03763B8C9AA7:LeaderElection208] INFO  impl.RaftServerImpl (ServerState.java:setRaftConf(354)) - 138a7143-15fe-4753-bfe7-f24402fccca7@group-03763B8C9AA7: set configuration 0: [138a7143-15fe-4753-bfe7-f24402fccca7:192.168.5.161:37623], old=null at 0
2019-09-25 05:44:26,413 [138a7143-15fe-4753-bfe7-f24402fccca7@group-16C432EFA5D4:LeaderElection210] INFO  server.RaftServerConfigKeys (ConfUtils.java:logGet(43)) - raft.server.write.element-limit = 4096 (default)
2019-09-25 05:44:26,413 [ForkJoinPool.commonPool-worker-1] INFO  util.JmxRegister (JmxRegister.java:unregister(73)) - Successfully un-registered JMX Bean with object name Ratis:service=RaftServer,group=group-C4FCA4D56CDF,id=f282a92e-c7a5-4658-9c35-ca03b5a63ea2
2019-09-25 05:44:26,456 [ForkJoinPool.commonPool-worker-1] INFO  impl.RoleInfo (RoleInfo.java:shutdownLeaderState(104)) - f282a92e-c7a5-4658-9c35-ca03b5a63ea2: shutdown LeaderState
2019-09-25 05:44:26,455 [138a7143-15fe-4753-bfe7-f24402fccca7@group-16C432EFA5D4:LeaderElection210] INFO  server.RaftServerConfigKeys (ConfUtils.java:logGet(43)) - raft.server.watch.timeout = 10s (default)
2019-09-25 05:44:26,456 [138a7143-15fe-4753-bfe7-f24402fccca7@group-16C432EFA5D4:LeaderElection210] INFO  server.RaftServerConfigKeys (ConfUtils.java:logGet(43)) - raft.server.watch.timeout.denomination = 1s (default)
2019-09-25 05:44:26,455 [e55ccedd-a9fb-450d-a5f3-f296d15c6aa8@group-17BCF7A7FB45:LeaderElection211] INFO  impl.RoleInfo (RoleInfo.java:shutdownLeaderElection(134)) - e55ccedd-a9fb-450d-a5f3-f296d15c6aa8: shutdown LeaderElection
2019-09-25 05:44:26,456 [e55ccedd-a9fb-450d-a5f3-f296d15c6aa8@group-17BCF7A7FB45:LeaderElection211] INFO  impl.RaftServerImpl (RaftServerImpl.java:setRole(174)) - e55ccedd-a9fb-450d-a5f3-f296d15c6aa8@group-17BCF7A7FB45: changes role from CANDIDATE to LEADER at term 1 for changeToLeader
2019-09-25 05:44:26,454 [main] INFO  impl.RoleInfo (RoleInfo.java:shutdownLeaderState(104)) - e55ccedd-a9fb-450d-a5f3-f296d15c6aa8: shutdown LeaderState
2019-09-25 05:44:26,456 [e55ccedd-a9fb-450d-a5f3-f296d15c6aa8@group-17BCF7A7FB45:LeaderElection211] INFO  impl.RaftServerImpl (ServerState.java:setLeader(253)) - e55ccedd-a9fb-450d-a5f3-f296d15c6aa8@group-17BCF7A7FB45: change Leader from null to e55ccedd-a9fb-450d-a5f3-f296d15c6aa8 at term 1 for becomeLeader, leader elected after 5292ms
2019-09-25 05:44:26,456 [138a7143-15fe-4753-bfe7-f24402fccca7@group-16C432EFA5D4:LeaderElection210] INFO  server.RaftServerConfigKeys (ConfUtils.java:logGet(43)) - raft.server.watch.element-limit = 65536 (default)
2019-09-25 05:44:26,456 [ForkJoinPool.commonPool-worker-1] INFO  impl.PendingRequests (PendingRequests.java:sendNotLeaderResponses(202)) - f282a92e-c7a5-4658-9c35-ca03b5a63ea2-PendingRequests: sendNotLeaderResponses
2019-09-25 05:44:26,457 [e55ccedd-a9fb-450d-a5f3-f296d15c6aa8@group-17BCF7A7FB45:LeaderElection211] INFO  server.RaftServerConfigKeys (ConfUtils.java:logGet(43)) - raft.server.staging.catchup.gap = 1000 (default)
2019-09-25 05:44:26,457 [main] INFO  impl.PendingRequests (PendingRequests.java:sendNotLeaderResponses(202)) - e55ccedd-a9fb-450d-a5f3-f296d15c6aa8-PendingRequests: sendNotLeaderResponses
2019-09-25 05:44:26,458 [e55ccedd-a9fb-450d-a5f3-f296d15c6aa8@group-17BCF7A7FB45:LeaderElection211] INFO  server.RaftServerConfigKeys (ConfUtils.java:logGet(43)) - raft.server.rpc.sleep.time = 25ms (default)
2019-09-25 05:44:26,458 [ForkJoinPool.commonPool-worker-1] INFO  impl.StateMachineUpdater (StateMachineUpdater.java:stopAndJoin(125)) - f282a92e-c7a5-4658-9c35-ca03b5a63ea2@group-C4FCA4D56CDF-StateMachineUpdater: set stopIndex = 0
2019-09-25 05:44:26,459 [e55ccedd-a9fb-450d-a5f3-f296d15c6aa8@group-17BCF7A7FB45:LeaderElection211] INFO  server.RaftServerConfigKeys (ConfUtils.java:logGet(43)) - raft.server.write.element-limit = 4096 (default)
2019-09-25 05:44:26,459 [main] INFO  impl.StateMachineUpdater (StateMachineUpdater.java:stopAndJoin(125)) - e55ccedd-a9fb-450d-a5f3-f296d15c6aa8@group-2920B838B50E-StateMachineUpdater: set stopIndex = 0
2019-09-25 05:44:26,459 [138a7143-15fe-4753-bfe7-f24402fccca7@group-16C432EFA5D4:LeaderElection210] INFO  impl.RoleInfo (RoleInfo.java:updateAndGet(143)) - 138a7143-15fe-4753-bfe7-f24402fccca7: start LeaderState
2019-09-25 05:44:26,459 [e55ccedd-a9fb-450d-a5f3-f296d15c6aa8@group-17BCF7A7FB45:LeaderElection211] INFO  server.RaftServerConfigKeys (ConfUtils.java:logGet(43)) - raft.server.watch.timeout = 10s (default)
2019-09-25 05:44:26,460 [138a7143-15fe-4753-bfe7-f24402fccca7@group-16C432EFA5D4:LeaderElection210] INFO  segmented.SegmentedRaftLogWorker (SegmentedRaftLogWorker.java:startLogSegment(380)) - 138a7143-15fe-4753-bfe7-f24402fccca7@group-16C432EFA5D4-SegmentedRaftLogWorker: Starting segment from index:0
2019-09-25 05:44:26,459 [ForkJoinPool.commonPool-worker-1] INFO  impl.RaftServerImpl (ServerState.java:close(385)) - f282a92e-c7a5-4658-9c35-ca03b5a63ea2@group-C4FCA4D56CDF: closes. applyIndex: 0
2019-09-25 05:44:26,460 [e55ccedd-a9fb-450d-a5f3-f296d15c6aa8@group-17BCF7A7FB45:LeaderElection211] INFO  server.RaftServerConfigKeys (ConfUtils.java:logGet(43)) - raft.server.watch.timeout.denomination = 1s (default)
2019-09-25 05:44:26,460 [main] INFO  impl.RaftServerImpl (ServerState.java:close(385)) - e55ccedd-a9fb-450d-a5f3-f296d15c6aa8@group-2920B838B50E: closes. applyIndex: 0
2019-09-25 05:44:26,461 [e55ccedd-a9fb-450d-a5f3-f296d15c6aa8@group-17BCF7A7FB45:LeaderElection211] INFO  server.RaftServerConfigKeys (ConfUtils.java:logGet(43)) - raft.server.watch.element-limit = 65536 (default)
2019-09-25 05:44:26,460 [f282a92e-c7a5-4658-9c35-ca03b5a63ea2@group-C4FCA4D56CDF-SegmentedRaftLogWorker] INFO  segmented.SegmentedRaftLogWorker (SegmentedRaftLogWorker.java:run(313)) - f282a92e-c7a5-4658-9c35-ca03b5a63ea2@group-C4FCA4D56CDF-SegmentedRaftLogWorker was interrupted, exiting. There are 0 tasks remaining in the queue.
2019-09-25 05:44:26,460 [138a7143-15fe-4753-bfe7-f24402fccca7@group-16C432EFA5D4:LeaderElection210] INFO  impl.RaftServerImpl (ServerState.java:setRaftConf(354)) - 138a7143-15fe-4753-bfe7-f24402fccca7@group-16C432EFA5D4: set configuration 0: [138a7143-15fe-4753-bfe7-f24402fccca7:192.168.5.161:37623], old=null at 0
2019-09-25 05:44:26,462 [ForkJoinPool.commonPool-worker-1] INFO  segmented.SegmentedRaftLogWorker (SegmentedRaftLogWorker.java:close(228)) - f282a92e-c7a5-4658-9c35-ca03b5a63ea2@group-C4FCA4D56CDF-SegmentedRaftLogWorker close()
2019-09-25 05:44:26,461 [e55ccedd-a9fb-450d-a5f3-f296d15c6aa8@group-2920B838B50E-SegmentedRaftLogWorker] INFO  segmented.SegmentedRaftLogWorker (SegmentedRaftLogWorker.java:run(313)) - e55ccedd-a9fb-450d-a5f3-f296d15c6aa8@group-2920B838B50E-SegmentedRaftLogWorker was interrupted, exiting. There are 0 tasks remaining in the queue.
2019-09-25 05:44:26,503 [ForkJoinPool.commonPool-worker-1] INFO  impl.RaftServerImpl (RaftServerImpl.java:lambda$shutdown$3(251)) - f282a92e-c7a5-4658-9c35-ca03b5a63ea2@group-008A9ED56F49: shutdown
2019-09-25 05:44:26,503 [ForkJoinPool.commonPool-worker-1] INFO  util.JmxRegister (JmxRegister.java:unregister(73)) - Successfully un-registered JMX Bean with object name Ratis:service=RaftServer,group=group-008A9ED56F49,id=f282a92e-c7a5-4658-9c35-ca03b5a63ea2
2019-09-25 05:44:26,504 [ForkJoinPool.commonPool-worker-1] INFO  impl.RoleInfo (RoleInfo.java:shutdownLeaderState(104)) - f282a92e-c7a5-4658-9c35-ca03b5a63ea2: shutdown LeaderState
2019-09-25 05:44:26,504 [ForkJoinPool.commonPool-worker-1] INFO  impl.PendingRequests (PendingRequests.java:sendNotLeaderResponses(202)) - f282a92e-c7a5-4658-9c35-ca03b5a63ea2-PendingRequests: sendNotLeaderResponses
2019-09-25 05:44:26,504 [138a7143-15fe-4753-bfe7-f24402fccca7@group-896DE3873A7C:LeaderElection212] INFO  impl.LeaderElection (LeaderElection.java:askForVotes(182)) - 138a7143-15fe-4753-bfe7-f24402fccca7@group-896DE3873A7C:LeaderElection212: begin an election at term 1 for -1: [138a7143-15fe-4753-bfe7-f24402fccca7:192.168.5.161:37623], old=null
2019-09-25 05:44:26,504 [ForkJoinPool.commonPool-worker-1] INFO  impl.StateMachineUpdater (StateMachineUpdater.java:stopAndJoin(125)) - f282a92e-c7a5-4658-9c35-ca03b5a63ea2@group-008A9ED56F49-StateMachineUpdater: set stopIndex = 0
2019-09-25 05:44:26,505 [ForkJoinPool.commonPool-worker-1] INFO  impl.RaftServerImpl (ServerState.java:close(385)) - f282a92e-c7a5-4658-9c35-ca03b5a63ea2@group-008A9ED56F49: closes. applyIndex: 0
2019-09-25 05:44:26,504 [main] INFO  segmented.SegmentedRaftLogWorker (SegmentedRaftLogWorker.java:close(228)) - e55ccedd-a9fb-450d-a5f3-f296d15c6aa8@group-2920B838B50E-SegmentedRaftLogWorker close()
2019-09-25 05:44:26,504 [138a7143-15fe-4753-bfe7-f24402fccca7@group-03763B8C9AA7-SegmentedRaftLogWorker] INFO  segmented.SegmentedRaftLogWorker (SegmentedRaftLogWorker.java:execute(569)) - 138a7143-15fe-4753-bfe7-f24402fccca7@group-03763B8C9AA7-SegmentedRaftLogWorker: created new log segment /workdir/hadoop-ozone/ozonefs/target/test-dir/MiniOzoneClusterImpl-8a873c7d-0254-4d89-9d76-4b8349893ca9/datanode-2/data/ratis/2375e269-f470-4b4d-ab69-03763b8c9aa7/current/log_inprogress_0
2019-09-25 05:44:26,508 [main] INFO  impl.RaftServerImpl (RaftServerImpl.java:lambda$shutdown$3(251)) - e55ccedd-a9fb-450d-a5f3-f296d15c6aa8@group-17BCF7A7FB45: shutdown
2019-09-25 05:44:26,505 [f282a92e-c7a5-4658-9c35-ca03b5a63ea2@group-008A9ED56F49-SegmentedRaftLogWorker] INFO  segmented.SegmentedRaftLogWorker (SegmentedRaftLogWorker.java:run(313)) - f282a92e-c7a5-4658-9c35-ca03b5a63ea2@group-008A9ED56F49-SegmentedRaftLogWorker was interrupted, exiting. There are 0 tasks remaining in the queue.
2019-09-25 05:44:26,505 [138a7143-15fe-4753-bfe7-f24402fccca7@group-896DE3873A7C:LeaderElection212] INFO  impl.RoleInfo (RoleInfo.java:shutdownLeaderElection(134)) - 138a7143-15fe-4753-bfe7-f24402fccca7: shutdown LeaderElection
2019-09-25 05:44:26,509 [ForkJoinPool.commonPool-worker-1] INFO  segmented.SegmentedRaftLogWorker (SegmentedRaftLogWorker.java:close(228)) - f282a92e-c7a5-4658-9c35-ca03b5a63ea2@group-008A9ED56F49-SegmentedRaftLogWorker close()
2019-09-25 05:44:26,509 [main] INFO  util.JmxRegister (JmxRegister.java:unregister(73)) - Successfully un-registered JMX Bean with object name Ratis:service=RaftServer,group=group-17BCF7A7FB45,id=e55ccedd-a9fb-450d-a5f3-f296d15c6aa8
2019-09-25 05:44:26,509 [e55ccedd-a9fb-450d-a5f3-f296d15c6aa8@group-17BCF7A7FB45:LeaderElection211] INFO  impl.RoleInfo (RoleInfo.java:updateAndGet(143)) - e55ccedd-a9fb-450d-a5f3-f296d15c6aa8: start LeaderState
2019-09-25 05:44:26,512 [main] INFO  impl.RoleInfo (RoleInfo.java:shutdownLeaderState(104)) - e55ccedd-a9fb-450d-a5f3-f296d15c6aa8: shutdown LeaderState
2019-09-25 05:44:26,512 [ForkJoinPool.commonPool-worker-1] INFO  impl.RaftServerImpl (RaftServerImpl.java:lambda$shutdown$3(251)) - f282a92e-c7a5-4658-9c35-ca03b5a63ea2@group-B651C33F208B: shutdown
2019-09-25 05:44:26,513 [ForkJoinPool.commonPool-worker-1] INFO  util.JmxRegister (JmxRegister.java:unregister(73)) - Successfully un-registered JMX Bean with object name Ratis:service=RaftServer,group=group-B651C33F208B,id=f282a92e-c7a5-4658-9c35-ca03b5a63ea2
2019-09-25 05:44:26,509 [138a7143-15fe-4753-bfe7-f24402fccca7@group-896DE3873A7C:LeaderElection212] INFO  impl.RaftServerImpl (RaftServerImpl.java:setRole(174)) - 138a7143-15fe-4753-bfe7-f24402fccca7@group-896DE3873A7C: changes role from CANDIDATE to LEADER at term 1 for changeToLeader
2019-09-25 05:44:26,514 [ForkJoinPool.commonPool-worker-1] INFO  impl.RoleInfo (RoleInfo.java:shutdownLeaderState(104)) - f282a92e-c7a5-4658-9c35-ca03b5a63ea2: shutdown LeaderState
2019-09-25 05:44:26,514 [ForkJoinPool.commonPool-worker-1] INFO  impl.PendingRequests (PendingRequests.java:sendNotLeaderResponses(202)) - f282a92e-c7a5-4658-9c35-ca03b5a63ea2-PendingRequests: sendNotLeaderResponses
2019-09-25 05:44:26,513 [main] INFO  impl.PendingRequests (PendingRequests.java:sendNotLeaderResponses(202)) - e55ccedd-a9fb-450d-a5f3-f296d15c6aa8-PendingRequests: sendNotLeaderResponses
2019-09-25 05:44:26,513 [e55ccedd-a9fb-450d-a5f3-f296d15c6aa8@group-17BCF7A7FB45:LeaderElection211] INFO  segmented.SegmentedRaftLogWorker (SegmentedRaftLogWorker.java:startLogSegment(380)) - e55ccedd-a9fb-450d-a5f3-f296d15c6aa8@group-17BCF7A7FB45-SegmentedRaftLogWorker: Starting segment from index:0
2019-09-25 05:44:26,515 [main] INFO  impl.StateMachineUpdater (StateMachineUpdater.java:stopAndJoin(125)) - e55ccedd-a9fb-450d-a5f3-f296d15c6aa8@group-17BCF7A7FB45-StateMachineUpdater: set stopIndex = -1
2019-09-25 05:44:26,516 [main] INFO  impl.RaftServerImpl (ServerState.java:close(385)) - e55ccedd-a9fb-450d-a5f3-f296d15c6aa8@group-17BCF7A7FB45: closes. applyIndex: -1
2019-09-25 05:44:26,514 [ForkJoinPool.commonPool-worker-1] INFO  impl.StateMachineUpdater (StateMachineUpdater.java:stopAndJoin(125)) - f282a92e-c7a5-4658-9c35-ca03b5a63ea2@group-B651C33F208B-StateMachineUpdater: set stopIndex = 0
2019-09-25 05:44:26,516 [ForkJoinPool.commonPool-worker-1] INFO  impl.RaftServerImpl (ServerState.java:close(385)) - f282a92e-c7a5-4658-9c35-ca03b5a63ea2@group-B651C33F208B: closes. applyIndex: 0
2019-09-25 05:44:26,514 [138a7143-15fe-4753-bfe7-f24402fccca7@group-896DE3873A7C:LeaderElection212] INFO  impl.RaftServerImpl (ServerState.java:setLeader(253)) - 138a7143-15fe-4753-bfe7-f24402fccca7@group-896DE3873A7C: change Leader from null to 138a7143-15fe-4753-bfe7-f24402fccca7 at term 1 for becomeLeader, leader elected after 5216ms
2019-09-25 05:44:26,517 [f282a92e-c7a5-4658-9c35-ca03b5a63ea2@group-B651C33F208B-SegmentedRaftLogWorker] INFO  segmented.SegmentedRaftLogWorker (SegmentedRaftLogWorker.java:run(313)) - f282a92e-c7a5-4658-9c35-ca03b5a63ea2@group-B651C33F208B-SegmentedRaftLogWorker was interrupted, exiting. There are 0 tasks remaining in the queue.
2019-09-25 05:44:26,517 [138a7143-15fe-4753-bfe7-f24402fccca7@group-896DE3873A7C:LeaderElection212] INFO  server.RaftServerConfigKeys (ConfUtils.java:logGet(43)) - raft.server.staging.catchup.gap = 1000 (default)
2019-09-25 05:44:26,516 [e55ccedd-a9fb-450d-a5f3-f296d15c6aa8@group-17BCF7A7FB45:LeaderElection211] INFO  impl.RaftServerImpl (ServerState.java:setRaftConf(354)) - e55ccedd-a9fb-450d-a5f3-f296d15c6aa8@group-17BCF7A7FB45: set configuration 0: [e55ccedd-a9fb-450d-a5f3-f296d15c6aa8:192.168.5.161:45208], old=null at 0
2019-09-25 05:44:26,517 [e55ccedd-a9fb-450d-a5f3-f296d15c6aa8@group-17BCF7A7FB45-SegmentedRaftLogWorker] WARN  segmented.SegmentedRaftLogOutputStream (SegmentedRaftLogOutputStream.java:<init>(77)) - Hit IOException while creating log segment /workdir/hadoop-ozone/ozonefs/target/test-dir/MiniOzoneClusterImpl-8a873c7d-0254-4d89-9d76-4b8349893ca9/datanode-1/data/ratis/3a01c1c1-c4b9-42be-bf20-17bcf7a7fb45/current/log_inprogress_0, delete the partial file.
2019-09-25 05:44:26,517 [138a7143-15fe-4753-bfe7-f24402fccca7@group-896DE3873A7C:LeaderElection212] INFO  server.RaftServerConfigKeys (ConfUtils.java:logGet(43)) - raft.server.rpc.sleep.time = 25ms (default)
2019-09-25 05:44:26,517 [ForkJoinPool.commonPool-worker-1] INFO  segmented.SegmentedRaftLogWorker (SegmentedRaftLogWorker.java:close(228)) - f282a92e-c7a5-4658-9c35-ca03b5a63ea2@group-B651C33F208B-SegmentedRaftLogWorker close()
2019-09-25 05:44:26,522 [main] INFO  segmented.SegmentedRaftLogWorker (SegmentedRaftLogWorker.java:close(228)) - e55ccedd-a9fb-450d-a5f3-f296d15c6aa8@group-17BCF7A7FB45-SegmentedRaftLogWorker close()
2019-09-25 05:44:26,522 [138a7143-15fe-4753-bfe7-f24402fccca7@group-896DE3873A7C:LeaderElection212] INFO  server.RaftServerConfigKeys (ConfUtils.java:logGet(43)) - raft.server.write.element-limit = 4096 (default)
2019-09-25 05:44:26,528 [138a7143-15fe-4753-bfe7-f24402fccca7@group-16C432EFA5D4-SegmentedRaftLogWorker] INFO  segmented.SegmentedRaftLogWorker (SegmentedRaftLogWorker.java:execute(569)) - 138a7143-15fe-4753-bfe7-f24402fccca7@group-16C432EFA5D4-SegmentedRaftLogWorker: created new log segment /workdir/hadoop-ozone/ozonefs/target/test-dir/MiniOzoneClusterImpl-8a873c7d-0254-4d89-9d76-4b8349893ca9/datanode-2/data/ratis/67bb2983-3627-4898-bb88-16c432efa5d4/current/log_inprogress_0
2019-09-25 05:44:26,528 [main] INFO  impl.RaftServerImpl (RaftServerImpl.java:lambda$shutdown$3(251)) - e55ccedd-a9fb-450d-a5f3-f296d15c6aa8@group-DDBA556FC105: shutdown
2019-09-25 05:44:26,525 [ForkJoinPool.commonPool-worker-1] INFO  server.GrpcService (GrpcService.java:closeImpl(164)) - f282a92e-c7a5-4658-9c35-ca03b5a63ea2: shutdown server with port 42213 now
2019-09-25 05:44:26,529 [main] INFO  util.JmxRegister (JmxRegister.java:unregister(73)) - Successfully un-registered JMX Bean with object name Ratis:service=RaftServer,group=group-DDBA556FC105,id=e55ccedd-a9fb-450d-a5f3-f296d15c6aa8
2019-09-25 05:44:26,529 [main] INFO  impl.RoleInfo (RoleInfo.java:shutdownLeaderState(104)) - e55ccedd-a9fb-450d-a5f3-f296d15c6aa8: shutdown LeaderState
2019-09-25 05:44:26,528 [138a7143-15fe-4753-bfe7-f24402fccca7@group-896DE3873A7C:LeaderElection212] INFO  server.RaftServerConfigKeys (ConfUtils.java:logGet(43)) - raft.server.watch.timeout = 10s (default)
2019-09-25 05:44:26,532 [main] INFO  impl.PendingRequests (PendingRequests.java:sendNotLeaderResponses(202)) - e55ccedd-a9fb-450d-a5f3-f296d15c6aa8-PendingRequests: sendNotLeaderResponses
2019-09-25 05:44:26,532 [ForkJoinPool.commonPool-worker-1] INFO  server.GrpcService (GrpcService.java:closeImpl(172)) - f282a92e-c7a5-4658-9c35-ca03b5a63ea2: shutdown server with port 42213 successfully
2019-09-25 05:44:26,533 [main] INFO  impl.StateMachineUpdater (StateMachineUpdater.java:stopAndJoin(125)) - e55ccedd-a9fb-450d-a5f3-f296d15c6aa8@group-DDBA556FC105-StateMachineUpdater: set stopIndex = 0
2019-09-25 05:44:26,534 [main] INFO  impl.RaftServerImpl (ServerState.java:close(385)) - e55ccedd-a9fb-450d-a5f3-f296d15c6aa8@group-DDBA556FC105: closes. applyIndex: 0
2019-09-25 05:44:26,532 [138a7143-15fe-4753-bfe7-f24402fccca7@group-896DE3873A7C:LeaderElection212] INFO  server.RaftServerConfigKeys (ConfUtils.java:logGet(43)) - raft.server.watch.timeout.denomination = 1s (default)
2019-09-25 05:44:26,534 [e55ccedd-a9fb-450d-a5f3-f296d15c6aa8@group-DDBA556FC105-SegmentedRaftLogWorker] INFO  segmented.SegmentedRaftLogWorker (SegmentedRaftLogWorker.java:run(313)) - e55ccedd-a9fb-450d-a5f3-f296d15c6aa8@group-DDBA556FC105-SegmentedRaftLogWorker was interrupted, exiting. There are 0 tasks remaining in the queue.
2019-09-25 05:44:26,534 [138a7143-15fe-4753-bfe7-f24402fccca7@group-896DE3873A7C:LeaderElection212] INFO  server.RaftServerConfigKeys (ConfUtils.java:logGet(43)) - raft.server.watch.element-limit = 65536 (default)
2019-09-25 05:44:26,535 [main] INFO  segmented.SegmentedRaftLogWorker (SegmentedRaftLogWorker.java:close(228)) - e55ccedd-a9fb-450d-a5f3-f296d15c6aa8@group-DDBA556FC105-SegmentedRaftLogWorker close()
2019-09-25 05:44:26,538 [main] INFO  impl.RaftServerImpl (RaftServerImpl.java:lambda$shutdown$3(251)) - e55ccedd-a9fb-450d-a5f3-f296d15c6aa8@group-4DAE896619D2: shutdown
2019-09-25 05:44:26,539 [refreshUsed-/workdir/hadoop-ozone/ozonefs/target/test-dir/MiniOzoneClusterImpl-8a873c7d-0254-4d89-9d76-4b8349893ca9/datanode-0/data/containers] WARN  fs.CachingGetSpaceUsed (CachingGetSpaceUsed.java:run(183)) - Thread Interrupted waiting to refresh disk information: sleep interrupted
2019-09-25 05:44:26,539 [main] INFO  util.JmxRegister (JmxRegister.java:unregister(73)) - Successfully un-registered JMX Bean with object name Ratis:service=RaftServer,group=group-4DAE896619D2,id=e55ccedd-a9fb-450d-a5f3-f296d15c6aa8
2019-09-25 05:44:26,540 [main] INFO  impl.RoleInfo (RoleInfo.java:shutdownLeaderState(104)) - e55ccedd-a9fb-450d-a5f3-f296d15c6aa8: shutdown LeaderState
2019-09-25 05:44:26,540 [main] INFO  impl.PendingRequests (PendingRequests.java:sendNotLeaderResponses(202)) - e55ccedd-a9fb-450d-a5f3-f296d15c6aa8-PendingRequests: sendNotLeaderResponses
2019-09-25 05:44:26,540 [138a7143-15fe-4753-bfe7-f24402fccca7@group-896DE3873A7C:LeaderElection212] INFO  impl.RoleInfo (RoleInfo.java:updateAndGet(143)) - 138a7143-15fe-4753-bfe7-f24402fccca7: start LeaderState
2019-09-25 05:44:26,541 [main] INFO  impl.StateMachineUpdater (StateMachineUpdater.java:stopAndJoin(125)) - e55ccedd-a9fb-450d-a5f3-f296d15c6aa8@group-4DAE896619D2-StateMachineUpdater: set stopIndex = 0
2019-09-25 05:44:26,541 [main] INFO  impl.RaftServerImpl (ServerState.java:close(385)) - e55ccedd-a9fb-450d-a5f3-f296d15c6aa8@group-4DAE896619D2: closes. applyIndex: 0
2019-09-25 05:44:26,541 [138a7143-15fe-4753-bfe7-f24402fccca7@group-896DE3873A7C:LeaderElection212] INFO  segmented.SegmentedRaftLogWorker (SegmentedRaftLogWorker.java:startLogSegment(380)) - 138a7143-15fe-4753-bfe7-f24402fccca7@group-896DE3873A7C-SegmentedRaftLogWorker: Starting segment from index:0
2019-09-25 05:44:26,544 [e55ccedd-a9fb-450d-a5f3-f296d15c6aa8@group-4DAE896619D2-SegmentedRaftLogWorker] INFO  segmented.SegmentedRaftLogWorker (SegmentedRaftLogWorker.java:run(313)) - e55ccedd-a9fb-450d-a5f3-f296d15c6aa8@group-4DAE896619D2-SegmentedRaftLogWorker was interrupted, exiting. There are 0 tasks remaining in the queue.
2019-09-25 05:44:26,544 [main] INFO  segmented.SegmentedRaftLogWorker (SegmentedRaftLogWorker.java:close(228)) - e55ccedd-a9fb-450d-a5f3-f296d15c6aa8@group-4DAE896619D2-SegmentedRaftLogWorker close()
2019-09-25 05:44:26,544 [138a7143-15fe-4753-bfe7-f24402fccca7@group-896DE3873A7C:LeaderElection212] INFO  impl.RaftServerImpl (ServerState.java:setRaftConf(354)) - 138a7143-15fe-4753-bfe7-f24402fccca7@group-896DE3873A7C: set configuration 0: [138a7143-15fe-4753-bfe7-f24402fccca7:192.168.5.161:37623], old=null at 0
2019-09-25 05:44:26,583 [main] INFO  server.GrpcService (GrpcService.java:closeImpl(164)) - e55ccedd-a9fb-450d-a5f3-f296d15c6aa8: shutdown server with port 45208 now
2019-09-25 05:44:26,587 [main] INFO  server.GrpcService (GrpcService.java:closeImpl(172)) - e55ccedd-a9fb-450d-a5f3-f296d15c6aa8: shutdown server with port 45208 successfully
2019-09-25 05:44:26,589 [refreshUsed-/workdir/hadoop-ozone/ozonefs/target/test-dir/MiniOzoneClusterImpl-8a873c7d-0254-4d89-9d76-4b8349893ca9/datanode-1/data/containers] WARN  fs.CachingGetSpaceUsed (CachingGetSpaceUsed.java:run(183)) - Thread Interrupted waiting to refresh disk information: sleep interrupted
2019-09-25 05:44:26,609 [138a7143-15fe-4753-bfe7-f24402fccca7@group-896DE3873A7C-SegmentedRaftLogWorker] INFO  segmented.SegmentedRaftLogWorker (SegmentedRaftLogWorker.java:execute(569)) - 138a7143-15fe-4753-bfe7-f24402fccca7@group-896DE3873A7C-SegmentedRaftLogWorker: created new log segment /workdir/hadoop-ozone/ozonefs/target/test-dir/MiniOzoneClusterImpl-8a873c7d-0254-4d89-9d76-4b8349893ca9/datanode-2/data/ratis/c04411c0-cd17-4035-b821-896de3873a7c/current/log_inprogress_0
2019-09-25 05:44:26,614 [ForkJoinPool.commonPool-worker-1] INFO  utils.BackgroundService (BackgroundService.java:shutdown(148)) - Shutting down service BlockDeletingService
2019-09-25 05:44:26,621 [ForkJoinPool.commonPool-worker-1] INFO  statemachine.DatanodeStateMachine (DatanodeStateMachine.java:stopDaemon(395)) - Ozone container server stopped.
2019-09-25 05:44:26,629 [ForkJoinPool.commonPool-worker-1] INFO  handler.ContextHandler (ContextHandler.java:doStop(910)) - Stopped o.e.j.w.WebAppContext@5788722f{/,null,UNAVAILABLE}{/hddsDatanode}
2019-09-25 05:44:26,630 [main] INFO  utils.BackgroundService (BackgroundService.java:shutdown(148)) - Shutting down service BlockDeletingService
2019-09-25 05:44:26,630 [ForkJoinPool.commonPool-worker-1] INFO  server.AbstractConnector (AbstractConnector.java:doStop(318)) - Stopped ServerConnector@7a730479{HTTP/1.1,[http/1.1]}{0.0.0.0:0}
2019-09-25 05:44:26,637 [ForkJoinPool.commonPool-worker-1] INFO  handler.ContextHandler (ContextHandler.java:doStop(910)) - Stopped o.e.j.s.ServletContextHandler@77e6761f{/static,jar:file:/home/user/.m2/repository/org/apache/hadoop/hadoop-hdds-container-service/0.5.0-SNAPSHOT/hadoop-hdds-container-service-0.5.0-SNAPSHOT.jar!/webapps/static,UNAVAILABLE}
2019-09-25 05:44:26,639 [main] INFO  statemachine.DatanodeStateMachine (DatanodeStateMachine.java:stopDaemon(395)) - Ozone container server stopped.
2019-09-25 05:44:26,641 [ForkJoinPool.commonPool-worker-1] INFO  handler.ContextHandler (ContextHandler.java:doStop(910)) - Stopped o.e.j.s.ServletContextHandler@65ef9a0a{/logs,file:///workdir/hadoop-ozone/ozonefs/target/log,UNAVAILABLE}
2019-09-25 05:44:26,642 [main] INFO  handler.ContextHandler (ContextHandler.java:doStop(910)) - Stopped o.e.j.w.WebAppContext@7ee2423{/,null,UNAVAILABLE}{/hddsDatanode}
2019-09-25 05:44:26,643 [main] INFO  server.AbstractConnector (AbstractConnector.java:doStop(318)) - Stopped ServerConnector@343d1d25{HTTP/1.1,[http/1.1]}{0.0.0.0:0}
2019-09-25 05:44:26,644 [main] INFO  handler.ContextHandler (ContextHandler.java:doStop(910)) - Stopped o.e.j.s.ServletContextHandler@2c1a8529{/static,jar:file:/home/user/.m2/repository/org/apache/hadoop/hadoop-hdds-container-service/0.5.0-SNAPSHOT/hadoop-hdds-container-service-0.5.0-SNAPSHOT.jar!/webapps/static,UNAVAILABLE}
2019-09-25 05:44:26,644 [main] INFO  handler.ContextHandler (ContextHandler.java:doStop(910)) - Stopped o.e.j.s.ServletContextHandler@638977e0{/logs,file:///workdir/hadoop-ozone/ozonefs/target/log,UNAVAILABLE}
2019-09-25 05:44:27,627 [Datanode State Machine Thread - 0] INFO  statemachine.DatanodeStateMachine (DatanodeStateMachine.java:lambda$startDaemon$0(350)) - Ozone container server started.
2019-09-25 05:44:31,644 [ForkJoinPool.commonPool-worker-1] INFO  ozoneimpl.OzoneContainer (OzoneContainer.java:stop(231)) - Attempting to stop container services.
2019-09-25 05:44:31,644 [ForkJoinPool.commonPool-worker-1] INFO  impl.RaftServerProxy (RaftServerProxy.java:lambda$close$4(314)) - 138a7143-15fe-4753-bfe7-f24402fccca7: close
2019-09-25 05:44:31,645 [ForkJoinPool.commonPool-worker-1] INFO  impl.RaftServerImpl (RaftServerImpl.java:lambda$shutdown$3(251)) - 138a7143-15fe-4753-bfe7-f24402fccca7@group-03763B8C9AA7: shutdown
2019-09-25 05:44:31,645 [ForkJoinPool.commonPool-worker-1] INFO  util.JmxRegister (JmxRegister.java:unregister(73)) - Successfully un-registered JMX Bean with object name Ratis:service=RaftServer,group=group-03763B8C9AA7,id=138a7143-15fe-4753-bfe7-f24402fccca7
2019-09-25 05:44:31,645 [ForkJoinPool.commonPool-worker-1] INFO  impl.RoleInfo (RoleInfo.java:shutdownLeaderState(104)) - 138a7143-15fe-4753-bfe7-f24402fccca7: shutdown LeaderState
2019-09-25 05:44:31,646 [ForkJoinPool.commonPool-worker-1] INFO  impl.PendingRequests (PendingRequests.java:sendNotLeaderResponses(202)) - 138a7143-15fe-4753-bfe7-f24402fccca7-PendingRequests: sendNotLeaderResponses
2019-09-25 05:44:31,646 [ForkJoinPool.commonPool-worker-1] INFO  impl.StateMachineUpdater (StateMachineUpdater.java:stopAndJoin(125)) - 138a7143-15fe-4753-bfe7-f24402fccca7@group-03763B8C9AA7-StateMachineUpdater: set stopIndex = 0
2019-09-25 05:44:31,647 [ForkJoinPool.commonPool-worker-1] INFO  impl.RaftServerImpl (ServerState.java:close(385)) - 138a7143-15fe-4753-bfe7-f24402fccca7@group-03763B8C9AA7: closes. applyIndex: 0
2019-09-25 05:44:31,647 [138a7143-15fe-4753-bfe7-f24402fccca7@group-03763B8C9AA7-SegmentedRaftLogWorker] INFO  segmented.SegmentedRaftLogWorker (SegmentedRaftLogWorker.java:run(313)) - 138a7143-15fe-4753-bfe7-f24402fccca7@group-03763B8C9AA7-SegmentedRaftLogWorker was interrupted, exiting. There are 0 tasks remaining in the queue.
2019-09-25 05:44:31,659 [ForkJoinPool.commonPool-worker-1] INFO  segmented.SegmentedRaftLogWorker (SegmentedRaftLogWorker.java:close(228)) - 138a7143-15fe-4753-bfe7-f24402fccca7@group-03763B8C9AA7-SegmentedRaftLogWorker close()
2019-09-25 05:44:31,662 [ForkJoinPool.commonPool-worker-1] INFO  impl.RaftServerImpl (RaftServerImpl.java:lambda$shutdown$3(251)) - 138a7143-15fe-4753-bfe7-f24402fccca7@group-16C432EFA5D4: shutdown
2019-09-25 05:44:31,662 [ForkJoinPool.commonPool-worker-1] INFO  util.JmxRegister (JmxRegister.java:unregister(73)) - Successfully un-registered JMX Bean with object name Ratis:service=RaftServer,group=group-16C432EFA5D4,id=138a7143-15fe-4753-bfe7-f24402fccca7
2019-09-25 05:44:31,662 [ForkJoinPool.commonPool-worker-1] INFO  impl.RoleInfo (RoleInfo.java:shutdownLeaderState(104)) - 138a7143-15fe-4753-bfe7-f24402fccca7: shutdown LeaderState
2019-09-25 05:44:31,663 [ForkJoinPool.commonPool-worker-1] INFO  impl.PendingRequests (PendingRequests.java:sendNotLeaderResponses(202)) - 138a7143-15fe-4753-bfe7-f24402fccca7-PendingRequests: sendNotLeaderResponses
2019-09-25 05:44:31,663 [ForkJoinPool.commonPool-worker-1] INFO  impl.StateMachineUpdater (StateMachineUpdater.java:stopAndJoin(125)) - 138a7143-15fe-4753-bfe7-f24402fccca7@group-16C432EFA5D4-StateMachineUpdater: set stopIndex = 0
2019-09-25 05:44:31,663 [ForkJoinPool.commonPool-worker-1] INFO  impl.RaftServerImpl (ServerState.java:close(385)) - 138a7143-15fe-4753-bfe7-f24402fccca7@group-16C432EFA5D4: closes. applyIndex: 0
2019-09-25 05:44:31,664 [138a7143-15fe-4753-bfe7-f24402fccca7@group-16C432EFA5D4-SegmentedRaftLogWorker] INFO  segmented.SegmentedRaftLogWorker (SegmentedRaftLogWorker.java:run(313)) - 138a7143-15fe-4753-bfe7-f24402fccca7@group-16C432EFA5D4-SegmentedRaftLogWorker was interrupted, exiting. There are 0 tasks remaining in the queue.
2019-09-25 05:44:31,664 [ForkJoinPool.commonPool-worker-1] INFO  segmented.SegmentedRaftLogWorker (SegmentedRaftLogWorker.java:close(228)) - 138a7143-15fe-4753-bfe7-f24402fccca7@group-16C432EFA5D4-SegmentedRaftLogWorker close()
2019-09-25 05:44:31,666 [ForkJoinPool.commonPool-worker-1] INFO  impl.RaftServerImpl (RaftServerImpl.java:lambda$shutdown$3(251)) - 138a7143-15fe-4753-bfe7-f24402fccca7@group-896DE3873A7C: shutdown
2019-09-25 05:44:31,666 [ForkJoinPool.commonPool-worker-1] INFO  util.JmxRegister (JmxRegister.java:unregister(73)) - Successfully un-registered JMX Bean with object name Ratis:service=RaftServer,group=group-896DE3873A7C,id=138a7143-15fe-4753-bfe7-f24402fccca7
2019-09-25 05:44:31,667 [ForkJoinPool.commonPool-worker-1] INFO  impl.RoleInfo (RoleInfo.java:shutdownLeaderState(104)) - 138a7143-15fe-4753-bfe7-f24402fccca7: shutdown LeaderState
2019-09-25 05:44:31,667 [ForkJoinPool.commonPool-worker-1] INFO  impl.PendingRequests (PendingRequests.java:sendNotLeaderResponses(202)) - 138a7143-15fe-4753-bfe7-f24402fccca7-PendingRequests: sendNotLeaderResponses
2019-09-25 05:44:31,667 [ForkJoinPool.commonPool-worker-1] INFO  impl.StateMachineUpdater (StateMachineUpdater.java:stopAndJoin(125)) - 138a7143-15fe-4753-bfe7-f24402fccca7@group-896DE3873A7C-StateMachineUpdater: set stopIndex = 0
2019-09-25 05:44:31,668 [ForkJoinPool.commonPool-worker-1] INFO  impl.RaftServerImpl (ServerState.java:close(385)) - 138a7143-15fe-4753-bfe7-f24402fccca7@group-896DE3873A7C: closes. applyIndex: 0
2019-09-25 05:44:31,668 [138a7143-15fe-4753-bfe7-f24402fccca7@group-896DE3873A7C-SegmentedRaftLogWorker] INFO  segmented.SegmentedRaftLogWorker (SegmentedRaftLogWorker.java:run(313)) - 138a7143-15fe-4753-bfe7-f24402fccca7@group-896DE3873A7C-SegmentedRaftLogWorker was interrupted, exiting. There are 0 tasks remaining in the queue.
2019-09-25 05:44:31,668 [ForkJoinPool.commonPool-worker-1] INFO  segmented.SegmentedRaftLogWorker (SegmentedRaftLogWorker.java:close(228)) - 138a7143-15fe-4753-bfe7-f24402fccca7@group-896DE3873A7C-SegmentedRaftLogWorker close()
2019-09-25 05:44:31,671 [ForkJoinPool.commonPool-worker-1] INFO  impl.RaftServerImpl (RaftServerImpl.java:lambda$shutdown$3(251)) - 138a7143-15fe-4753-bfe7-f24402fccca7@group-432383F50329: shutdown
2019-09-25 05:44:31,671 [ForkJoinPool.commonPool-worker-1] INFO  util.JmxRegister (JmxRegister.java:unregister(73)) - Successfully un-registered JMX Bean with object name Ratis:service=RaftServer,group=group-432383F50329,id=138a7143-15fe-4753-bfe7-f24402fccca7
2019-09-25 05:44:31,671 [ForkJoinPool.commonPool-worker-1] INFO  impl.RoleInfo (RoleInfo.java:shutdownLeaderState(104)) - 138a7143-15fe-4753-bfe7-f24402fccca7: shutdown LeaderState
2019-09-25 05:44:31,672 [ForkJoinPool.commonPool-worker-1] INFO  impl.PendingRequests (PendingRequests.java:sendNotLeaderResponses(202)) - 138a7143-15fe-4753-bfe7-f24402fccca7-PendingRequests: sendNotLeaderResponses
2019-09-25 05:44:31,672 [ForkJoinPool.commonPool-worker-1] INFO  impl.StateMachineUpdater (StateMachineUpdater.java:stopAndJoin(125)) - 138a7143-15fe-4753-bfe7-f24402fccca7@group-432383F50329-StateMachineUpdater: set stopIndex = 0
2019-09-25 05:44:31,672 [ForkJoinPool.commonPool-worker-1] INFO  impl.RaftServerImpl (ServerState.java:close(385)) - 138a7143-15fe-4753-bfe7-f24402fccca7@group-432383F50329: closes. applyIndex: 0
2019-09-25 05:44:31,673 [138a7143-15fe-4753-bfe7-f24402fccca7@group-432383F50329-SegmentedRaftLogWorker] INFO  segmented.SegmentedRaftLogWorker (SegmentedRaftLogWorker.java:run(313)) - 138a7143-15fe-4753-bfe7-f24402fccca7@group-432383F50329-SegmentedRaftLogWorker was interrupted, exiting. There are 0 tasks remaining in the queue.
2019-09-25 05:44:31,673 [ForkJoinPool.commonPool-worker-1] INFO  segmented.SegmentedRaftLogWorker (SegmentedRaftLogWorker.java:close(228)) - 138a7143-15fe-4753-bfe7-f24402fccca7@group-432383F50329-SegmentedRaftLogWorker close()
2019-09-25 05:44:31,675 [ForkJoinPool.commonPool-worker-1] INFO  impl.RaftServerImpl (RaftServerImpl.java:lambda$shutdown$3(251)) - 138a7143-15fe-4753-bfe7-f24402fccca7@group-9B9814E7D8C9: shutdown
2019-09-25 05:44:31,676 [ForkJoinPool.commonPool-worker-1] INFO  util.JmxRegister (JmxRegister.java:unregister(73)) - Successfully un-registered JMX Bean with object name Ratis:service=RaftServer,group=group-9B9814E7D8C9,id=138a7143-15fe-4753-bfe7-f24402fccca7
2019-09-25 05:44:31,676 [ForkJoinPool.commonPool-worker-1] INFO  impl.RoleInfo (RoleInfo.java:shutdownLeaderState(104)) - 138a7143-15fe-4753-bfe7-f24402fccca7: shutdown LeaderState
2019-09-25 05:44:31,676 [ForkJoinPool.commonPool-worker-1] INFO  impl.PendingRequests (PendingRequests.java:sendNotLeaderResponses(202)) - 138a7143-15fe-4753-bfe7-f24402fccca7-PendingRequests: sendNotLeaderResponses
2019-09-25 05:44:31,677 [ForkJoinPool.commonPool-worker-1] INFO  impl.StateMachineUpdater (StateMachineUpdater.java:stopAndJoin(125)) - 138a7143-15fe-4753-bfe7-f24402fccca7@group-9B9814E7D8C9-StateMachineUpdater: set stopIndex = 0
2019-09-25 05:44:31,677 [ForkJoinPool.commonPool-worker-1] INFO  impl.RaftServerImpl (ServerState.java:close(385)) - 138a7143-15fe-4753-bfe7-f24402fccca7@group-9B9814E7D8C9: closes. applyIndex: 0
2019-09-25 05:44:31,677 [138a7143-15fe-4753-bfe7-f24402fccca7@group-9B9814E7D8C9-SegmentedRaftLogWorker] INFO  segmented.SegmentedRaftLogWorker (SegmentedRaftLogWorker.java:run(313)) - 138a7143-15fe-4753-bfe7-f24402fccca7@group-9B9814E7D8C9-SegmentedRaftLogWorker was interrupted, exiting. There are 0 tasks remaining in the queue.
2019-09-25 05:44:31,678 [ForkJoinPool.commonPool-worker-1] INFO  segmented.SegmentedRaftLogWorker (SegmentedRaftLogWorker.java:close(228)) - 138a7143-15fe-4753-bfe7-f24402fccca7@group-9B9814E7D8C9-SegmentedRaftLogWorker close()
2019-09-25 05:44:31,680 [ForkJoinPool.commonPool-worker-1] INFO  impl.RaftServerImpl (RaftServerImpl.java:lambda$shutdown$3(251)) - 138a7143-15fe-4753-bfe7-f24402fccca7@group-54A9DD8C0FC3: shutdown
2019-09-25 05:44:31,680 [ForkJoinPool.commonPool-worker-1] INFO  util.JmxRegister (JmxRegister.java:unregister(73)) - Successfully un-registered JMX Bean with object name Ratis:service=RaftServer,group=group-54A9DD8C0FC3,id=138a7143-15fe-4753-bfe7-f24402fccca7
2019-09-25 05:44:31,681 [ForkJoinPool.commonPool-worker-1] INFO  impl.RoleInfo (RoleInfo.java:shutdownLeaderState(104)) - 138a7143-15fe-4753-bfe7-f24402fccca7: shutdown LeaderState
2019-09-25 05:44:31,681 [ForkJoinPool.commonPool-worker-1] INFO  impl.PendingRequests (PendingRequests.java:sendNotLeaderResponses(202)) - 138a7143-15fe-4753-bfe7-f24402fccca7-PendingRequests: sendNotLeaderResponses
2019-09-25 05:44:31,681 [ForkJoinPool.commonPool-worker-1] INFO  impl.StateMachineUpdater (StateMachineUpdater.java:stopAndJoin(125)) - 138a7143-15fe-4753-bfe7-f24402fccca7@group-54A9DD8C0FC3-StateMachineUpdater: set stopIndex = 0
2019-09-25 05:44:31,681 [ForkJoinPool.commonPool-worker-1] INFO  impl.RaftServerImpl (ServerState.java:close(385)) - 138a7143-15fe-4753-bfe7-f24402fccca7@group-54A9DD8C0FC3: closes. applyIndex: 0
2019-09-25 05:44:31,682 [138a7143-15fe-4753-bfe7-f24402fccca7@group-54A9DD8C0FC3-SegmentedRaftLogWorker] INFO  segmented.SegmentedRaftLogWorker (SegmentedRaftLogWorker.java:run(313)) - 138a7143-15fe-4753-bfe7-f24402fccca7@group-54A9DD8C0FC3-SegmentedRaftLogWorker was interrupted, exiting. There are 0 tasks remaining in the queue.
2019-09-25 05:44:31,682 [ForkJoinPool.commonPool-worker-1] INFO  segmented.SegmentedRaftLogWorker (SegmentedRaftLogWorker.java:close(228)) - 138a7143-15fe-4753-bfe7-f24402fccca7@group-54A9DD8C0FC3-SegmentedRaftLogWorker close()
2019-09-25 05:44:31,684 [ForkJoinPool.commonPool-worker-1] INFO  server.GrpcService (GrpcService.java:closeImpl(164)) - 138a7143-15fe-4753-bfe7-f24402fccca7: shutdown server with port 37623 now
2019-09-25 05:44:31,687 [ForkJoinPool.commonPool-worker-1] INFO  server.GrpcService (GrpcService.java:closeImpl(172)) - 138a7143-15fe-4753-bfe7-f24402fccca7: shutdown server with port 37623 successfully
2019-09-25 05:44:31,691 [refreshUsed-/workdir/hadoop-ozone/ozonefs/target/test-dir/MiniOzoneClusterImpl-8a873c7d-0254-4d89-9d76-4b8349893ca9/datanode-2/data/containers] WARN  fs.CachingGetSpaceUsed (CachingGetSpaceUsed.java:run(183)) - Thread Interrupted waiting to refresh disk information: sleep interrupted
2019-09-25 05:44:31,721 [ForkJoinPool.commonPool-worker-1] INFO  utils.BackgroundService (BackgroundService.java:shutdown(148)) - Shutting down service BlockDeletingService
2019-09-25 05:44:31,727 [ForkJoinPool.commonPool-worker-1] INFO  statemachine.DatanodeStateMachine (DatanodeStateMachine.java:stopDaemon(395)) - Ozone container server stopped.
2019-09-25 05:44:31,733 [ForkJoinPool.commonPool-worker-1] INFO  handler.ContextHandler (ContextHandler.java:doStop(910)) - Stopped o.e.j.w.WebAppContext@569a26ab{/,null,UNAVAILABLE}{/hddsDatanode}
2019-09-25 05:44:31,733 [ForkJoinPool.commonPool-worker-1] INFO  server.AbstractConnector (AbstractConnector.java:doStop(318)) - Stopped ServerConnector@c190cfc{HTTP/1.1,[http/1.1]}{0.0.0.0:0}
2019-09-25 05:44:31,735 [ForkJoinPool.commonPool-worker-1] INFO  handler.ContextHandler (ContextHandler.java:doStop(910)) - Stopped o.e.j.s.ServletContextHandler@39f4a7c4{/static,jar:file:/home/user/.m2/repository/org/apache/hadoop/hadoop-hdds-container-service/0.5.0-SNAPSHOT/hadoop-hdds-container-service-0.5.0-SNAPSHOT.jar!/webapps/static,UNAVAILABLE}
2019-09-25 05:44:31,737 [ForkJoinPool.commonPool-worker-1] INFO  handler.ContextHandler (ContextHandler.java:doStop(910)) - Stopped o.e.j.s.ServletContextHandler@578b2dec{/logs,file:///workdir/hadoop-ozone/ozonefs/target/log,UNAVAILABLE}
2019-09-25 05:44:31,738 [main] INFO  ozone.MiniOzoneClusterImpl (MiniOzoneClusterImpl.java:stopSCM(392)) - Stopping the StorageContainerManager
2019-09-25 05:44:31,738 [main] INFO  server.StorageContainerManager (StorageContainerManager.java:stop(808)) - Stopping Replication Manager Service.
2019-09-25 05:44:31,738 [main] INFO  container.ReplicationManager (ReplicationManager.java:stop(204)) - Stopping Replication Monitor Thread.
2019-09-25 05:44:31,739 [main] INFO  server.StorageContainerManager (StorageContainerManager.java:stop(815)) - Stopping Lease Manager of the command watchers
2019-09-25 05:44:31,739 [main] INFO  server.StorageContainerManager (StorageContainerManager.java:stop(822)) - Stopping datanode service RPC server
2019-09-25 05:44:31,739 [main] INFO  server.SCMDatanodeProtocolServer (SCMDatanodeProtocolServer.java:stop(367)) - Stopping the RPC server for DataNodes
2019-09-25 05:44:31,739 [main] INFO  ipc.Server (Server.java:stop(3082)) - Stopping server on 37894
2019-09-25 05:44:31,742 [IPC Server listener on 37894] INFO  ipc.Server (Server.java:run(1185)) - Stopping IPC Server listener on 37894
2019-09-25 05:44:31,742 [IPC Server Responder] INFO  ipc.Server (Server.java:run(1319)) - Stopping IPC Server Responder
2019-09-25 05:44:31,818 [SCM Heartbeat Processing Thread - 0] WARN  node.NodeStateManager (NodeStateManager.java:scheduleNextHealthCheck(655)) - Current Thread is interrupted, shutting down HB processing thread for Node Manager.
2019-09-25 05:44:31,818 [main] INFO  server.StorageContainerManager (StorageContainerManager.java:stop(830)) - Stopping block service RPC server
2019-09-25 05:44:31,819 [main] INFO  server.SCMBlockProtocolServer (SCMBlockProtocolServer.java:stop(155)) - Stopping the RPC server for Block Protocol
2019-09-25 05:44:31,819 [main] INFO  ipc.Server (Server.java:stop(3082)) - Stopping server on 36559
2019-09-25 05:44:31,822 [IPC Server listener on 36559] INFO  ipc.Server (Server.java:run(1185)) - Stopping IPC Server listener on 36559
2019-09-25 05:44:31,822 [main] INFO  server.StorageContainerManager (StorageContainerManager.java:stop(837)) - Stopping the StorageContainerLocationProtocol RPC server
2019-09-25 05:44:31,823 [main] INFO  server.SCMClientProtocolServer (SCMClientProtocolServer.java:stop(159)) - Stopping the RPC server for Client Protocol
2019-09-25 05:44:31,823 [main] INFO  ipc.Server (Server.java:stop(3082)) - Stopping server on 38280
2019-09-25 05:44:31,827 [IPC Server Responder] INFO  ipc.Server (Server.java:run(1319)) - Stopping IPC Server Responder
2019-09-25 05:44:31,830 [IPC Server listener on 38280] INFO  ipc.Server (Server.java:run(1185)) - Stopping IPC Server listener on 38280
2019-09-25 05:44:31,830 [IPC Server Responder] INFO  ipc.Server (Server.java:run(1319)) - Stopping IPC Server Responder
2019-09-25 05:44:31,830 [main] INFO  server.StorageContainerManager (StorageContainerManager.java:stop(844)) - Stopping Storage Container Manager HTTP server.
2019-09-25 05:44:31,834 [main] INFO  handler.ContextHandler (ContextHandler.java:doStop(910)) - Stopped o.e.j.w.WebAppContext@241d1052{/,null,UNAVAILABLE}{/scm}
2019-09-25 05:44:31,835 [main] INFO  server.AbstractConnector (AbstractConnector.java:doStop(318)) - Stopped ServerConnector@7b3c0ecb{HTTP/1.1,[http/1.1]}{0.0.0.0:0}
2019-09-25 05:44:31,835 [main] INFO  handler.ContextHandler (ContextHandler.java:doStop(910)) - Stopped o.e.j.s.ServletContextHandler@df9d400{/static,jar:file:/home/user/.m2/repository/org/apache/hadoop/hadoop-hdds-server-scm/0.5.0-SNAPSHOT/hadoop-hdds-server-scm-0.5.0-SNAPSHOT.jar!/webapps/static,UNAVAILABLE}
2019-09-25 05:44:31,836 [main] INFO  handler.ContextHandler (ContextHandler.java:doStop(910)) - Stopped o.e.j.s.ServletContextHandler@f3876ef{/logs,file:///workdir/hadoop-ozone/ozonefs/target/log,UNAVAILABLE}
2019-09-25 05:44:31,837 [main] INFO  server.StorageContainerManager (StorageContainerManager.java:stop(855)) - Stopping Block Manager Service.
2019-09-25 05:44:31,837 [main] INFO  utils.BackgroundService (BackgroundService.java:shutdown(148)) - Shutting down service SCMBlockDeletingService
2019-09-25 05:44:31,838 [main] INFO  utils.BackgroundService (BackgroundService.java:shutdown(148)) - Shutting down service SCMBlockDeletingService
2019-09-25 05:44:31,838 [main] INFO  server.StorageContainerManager (StorageContainerManager.java:stop(877)) - Stopping SCM Event Queue.
2019-09-25 05:44:31,852 [main] INFO  impl.MetricsSystemImpl (MetricsSystemImpl.java:stop(210)) - Stopping HddsDatanode metrics system...
2019-09-25 05:44:31,865 [main] INFO  impl.MetricsSystemImpl (MetricsSystemImpl.java:stop(216)) - HddsDatanode metrics system stopped.
]]></system-out>
  </testcase>
</testsuite>