<?xml version="1.0" encoding="UTF-8"?>
<testsuite xmlns:xsi="http://www.w3.org/2001/XMLSchema-instance" xsi:noNamespaceSchemaLocation="https://maven.apache.org/surefire/maven-surefire-plugin/xsd/surefire-test-report.xsd" name="org.apache.hadoop.fs.ozone.TestOzoneFileSystem" time="146.28" tests="8" errors="4" skipped="0" failures="0">
  <properties>
    <property name="awt.toolkit" value="sun.awt.X11.XToolkit"/>
    <property name="file.encoding.pkg" value="sun.io"/>
    <property name="java.specification.version" value="1.8"/>
    <property name="sun.cpu.isalist" value=""/>
    <property name="sun.jnu.encoding" value="UTF-8"/>
    <property name="java.class.path" value="/workdir/hadoop-ozone/ozonefs/target/test-classes:/workdir/hadoop-ozone/ozonefs/target/classes:/home/user/.m2/repository/org/apache/hadoop/hadoop-common/3.2.0/hadoop-common-3.2.0.jar:/home/user/.m2/repository/org/apache/hadoop/hadoop-annotations/3.2.0/hadoop-annotations-3.2.0.jar:/usr/lib/jvm/java-1.8-openjdk/jre/../lib/tools.jar:/home/user/.m2/repository/com/google/guava/guava/11.0.2/guava-11.0.2.jar:/home/user/.m2/repository/commons-cli/commons-cli/1.2/commons-cli-1.2.jar:/home/user/.m2/repository/org/apache/commons/commons-math3/3.1.1/commons-math3-3.1.1.jar:/home/user/.m2/repository/org/apache/httpcomponents/httpclient/4.5.2/httpclient-4.5.2.jar:/home/user/.m2/repository/org/apache/httpcomponents/httpcore/4.4.4/httpcore-4.4.4.jar:/home/user/.m2/repository/commons-codec/commons-codec/1.11/commons-codec-1.11.jar:/home/user/.m2/repository/commons-io/commons-io/2.5/commons-io-2.5.jar:/home/user/.m2/repository/commons-net/commons-net/3.6/commons-net-3.6.jar:/home/user/.m2/repository/commons-collections/commons-collections/3.2.2/commons-collections-3.2.2.jar:/home/user/.m2/repository/javax/servlet/javax.servlet-api/3.1.0/javax.servlet-api-3.1.0.jar:/home/user/.m2/repository/org/eclipse/jetty/jetty-server/9.3.25.v20180904/jetty-server-9.3.25.v20180904.jar:/home/user/.m2/repository/org/eclipse/jetty/jetty-http/9.3.25.v20180904/jetty-http-9.3.25.v20180904.jar:/home/user/.m2/repository/org/eclipse/jetty/jetty-io/9.3.25.v20180904/jetty-io-9.3.25.v20180904.jar:/home/user/.m2/repository/org/eclipse/jetty/jetty-util/9.3.25.v20180904/jetty-util-9.3.25.v20180904.jar:/home/user/.m2/repository/org/eclipse/jetty/jetty-servlet/9.3.25.v20180904/jetty-servlet-9.3.25.v20180904.jar:/home/user/.m2/repository/org/eclipse/jetty/jetty-security/9.3.25.v20180904/jetty-security-9.3.25.v20180904.jar:/home/user/.m2/repository/org/eclipse/jetty/jetty-webapp/9.3.25.v20180904/jetty-webapp-9.3.25.v20180904.jar:/home/user/.m2/repository/org/eclipse/jetty/jetty-xml/9.3.25.v20180904/jetty-xml-9.3.25.v20180904.jar:/home/user/.m2/repository/javax/servlet/jsp/jsp-api/2.1/jsp-api-2.1.jar:/home/user/.m2/repository/com/sun/jersey/jersey-core/1.19/jersey-core-1.19.jar:/home/user/.m2/repository/javax/ws/rs/jsr311-api/1.1.1/jsr311-api-1.1.1.jar:/home/user/.m2/repository/com/sun/jersey/jersey-servlet/1.19/jersey-servlet-1.19.jar:/home/user/.m2/repository/com/sun/jersey/jersey-json/1.19/jersey-json-1.19.jar:/home/user/.m2/repository/org/codehaus/jettison/jettison/1.1/jettison-1.1.jar:/home/user/.m2/repository/com/sun/xml/bind/jaxb-impl/2.3.0.1/jaxb-impl-2.3.0.1.jar:/home/user/.m2/repository/org/codehaus/jackson/jackson-core-asl/1.9.13/jackson-core-asl-1.9.13.jar:/home/user/.m2/repository/org/codehaus/jackson/jackson-mapper-asl/1.9.13/jackson-mapper-asl-1.9.13.jar:/home/user/.m2/repository/org/codehaus/jackson/jackson-jaxrs/1.9.13/jackson-jaxrs-1.9.13.jar:/home/user/.m2/repository/org/codehaus/jackson/jackson-xc/1.9.13/jackson-xc-1.9.13.jar:/home/user/.m2/repository/com/sun/jersey/jersey-server/1.19/jersey-server-1.19.jar:/home/user/.m2/repository/commons-logging/commons-logging/1.1.3/commons-logging-1.1.3.jar:/home/user/.m2/repository/log4j/log4j/1.2.17/log4j-1.2.17.jar:/home/user/.m2/repository/commons-beanutils/commons-beanutils/1.9.4/commons-beanutils-1.9.4.jar:/home/user/.m2/repository/org/apache/commons/commons-configuration2/2.1.1/commons-configuration2-2.1.1.jar:/home/user/.m2/repository/org/apache/commons/commons-lang3/3.7/commons-lang3-3.7.jar:/home/user/.m2/repository/org/apache/commons/commons-text/1.4/commons-text-1.4.jar:/home/user/.m2/repository/org/slf4j/slf4j-api/1.7.25/slf4j-api-1.7.25.jar:/home/user/.m2/repository/org/slf4j/slf4j-log4j12/1.7.25/slf4j-log4j12-1.7.25.jar:/home/user/.m2/repository/org/apache/avro/avro/1.7.7/avro-1.7.7.jar:/home/user/.m2/repository/com/thoughtworks/paranamer/paranamer/2.3/paranamer-2.3.jar:/home/user/.m2/repository/org/xerial/snappy/snappy-java/1.0.5/snappy-java-1.0.5.jar:/home/user/.m2/repository/com/google/re2j/re2j/1.1/re2j-1.1.jar:/home/user/.m2/repository/com/google/protobuf/protobuf-java/2.5.0/protobuf-java-2.5.0.jar:/home/user/.m2/repository/com/google/code/gson/gson/2.2.4/gson-2.2.4.jar:/home/user/.m2/repository/org/apache/hadoop/hadoop-auth/3.2.0/hadoop-auth-3.2.0.jar:/home/user/.m2/repository/com/nimbusds/nimbus-jose-jwt/4.41.1/nimbus-jose-jwt-4.41.1.jar:/home/user/.m2/repository/com/github/stephenc/jcip/jcip-annotations/1.0-1/jcip-annotations-1.0-1.jar:/home/user/.m2/repository/net/minidev/json-smart/2.3/json-smart-2.3.jar:/home/user/.m2/repository/net/minidev/accessors-smart/1.2/accessors-smart-1.2.jar:/home/user/.m2/repository/org/apache/curator/curator-framework/2.12.0/curator-framework-2.12.0.jar:/home/user/.m2/repository/com/jcraft/jsch/0.1.54/jsch-0.1.54.jar:/home/user/.m2/repository/org/apache/curator/curator-client/2.12.0/curator-client-2.12.0.jar:/home/user/.m2/repository/org/apache/curator/curator-recipes/2.12.0/curator-recipes-2.12.0.jar:/home/user/.m2/repository/com/google/code/findbugs/jsr305/3.0.0/jsr305-3.0.0.jar:/home/user/.m2/repository/org/apache/htrace/htrace-core4/4.1.0-incubating/htrace-core4-4.1.0-incubating.jar:/home/user/.m2/repository/org/apache/zookeeper/zookeeper/3.4.13/zookeeper-3.4.13.jar:/home/user/.m2/repository/jline/jline/0.9.94/jline-0.9.94.jar:/home/user/.m2/repository/org/apache/yetus/audience-annotations/0.5.0/audience-annotations-0.5.0.jar:/home/user/.m2/repository/org/apache/commons/commons-compress/1.4.1/commons-compress-1.4.1.jar:/home/user/.m2/repository/org/tukaani/xz/1.0/xz-1.0.jar:/home/user/.m2/repository/org/apache/kerby/kerb-simplekdc/1.0.1/kerb-simplekdc-1.0.1.jar:/home/user/.m2/repository/org/apache/kerby/kerb-client/1.0.1/kerb-client-1.0.1.jar:/home/user/.m2/repository/org/apache/kerby/kerby-config/1.0.1/kerby-config-1.0.1.jar:/home/user/.m2/repository/org/apache/kerby/kerb-core/1.0.1/kerb-core-1.0.1.jar:/home/user/.m2/repository/org/apache/kerby/kerby-pkix/1.0.1/kerby-pkix-1.0.1.jar:/home/user/.m2/repository/org/apache/kerby/kerby-asn1/1.0.1/kerby-asn1-1.0.1.jar:/home/user/.m2/repository/org/apache/kerby/kerby-util/1.0.1/kerby-util-1.0.1.jar:/home/user/.m2/repository/org/apache/kerby/kerb-common/1.0.1/kerb-common-1.0.1.jar:/home/user/.m2/repository/org/apache/kerby/kerb-crypto/1.0.1/kerb-crypto-1.0.1.jar:/home/user/.m2/repository/org/apache/kerby/kerb-util/1.0.1/kerb-util-1.0.1.jar:/home/user/.m2/repository/org/apache/kerby/token-provider/1.0.1/token-provider-1.0.1.jar:/home/user/.m2/repository/org/apache/kerby/kerb-admin/1.0.1/kerb-admin-1.0.1.jar:/home/user/.m2/repository/org/apache/kerby/kerb-server/1.0.1/kerb-server-1.0.1.jar:/home/user/.m2/repository/org/apache/kerby/kerb-identity/1.0.1/kerb-identity-1.0.1.jar:/home/user/.m2/repository/org/apache/kerby/kerby-xdr/1.0.1/kerby-xdr-1.0.1.jar:/home/user/.m2/repository/com/fasterxml/jackson/core/jackson-databind/2.9.9/jackson-databind-2.9.9.jar:/home/user/.m2/repository/com/fasterxml/jackson/core/jackson-annotations/2.9.9/jackson-annotations-2.9.9.jar:/home/user/.m2/repository/com/fasterxml/jackson/core/jackson-core/2.9.9/jackson-core-2.9.9.jar:/home/user/.m2/repository/org/codehaus/woodstox/stax2-api/3.1.4/stax2-api-3.1.4.jar:/home/user/.m2/repository/com/fasterxml/woodstox/woodstox-core/5.0.3/woodstox-core-5.0.3.jar:/home/user/.m2/repository/dnsjava/dnsjava/2.1.7/dnsjava-2.1.7.jar:/home/user/.m2/repository/org/apache/hadoop/hadoop-hdfs/3.2.0/hadoop-hdfs-3.2.0.jar:/home/user/.m2/repository/org/eclipse/jetty/jetty-util-ajax/9.3.25.v20180904/jetty-util-ajax-9.3.25.v20180904.jar:/home/user/.m2/repository/commons-daemon/commons-daemon/1.0.13/commons-daemon-1.0.13.jar:/home/user/.m2/repository/io/netty/netty/3.10.5.Final/netty-3.10.5.Final.jar:/home/user/.m2/repository/io/netty/netty-all/4.0.52.Final/netty-all-4.0.52.Final.jar:/home/user/.m2/repository/org/fusesource/leveldbjni/leveldbjni-all/1.8/leveldbjni-all-1.8.jar:/home/user/.m2/repository/org/apache/hadoop/hadoop-hdds-common/0.5.0-SNAPSHOT/hadoop-hdds-common-0.5.0-SNAPSHOT.jar:/home/user/.m2/repository/org/apache/hadoop/hadoop-hdds-config/0.5.0-SNAPSHOT/hadoop-hdds-config-0.5.0-SNAPSHOT.jar:/home/user/.m2/repository/javax/annotation/javax.annotation-api/1.2/javax.annotation-api-1.2.jar:/home/user/.m2/repository/org/apache/ratis/ratis-server/0.4.0/ratis-server-0.4.0.jar:/home/user/.m2/repository/org/apache/ratis/ratis-thirdparty-misc/0.2.0/ratis-thirdparty-misc-0.2.0.jar:/home/user/.m2/repository/org/apache/ratis/ratis-proto/0.4.0/ratis-proto-0.4.0.jar:/home/user/.m2/repository/org/apache/ratis/ratis-common/0.4.0/ratis-common-0.4.0.jar:/home/user/.m2/repository/org/apache/ratis/ratis-client/0.4.0/ratis-client-0.4.0.jar:/home/user/.m2/repository/org/apache/ratis/ratis-metrics/0.4.0/ratis-metrics-0.4.0.jar:/home/user/.m2/repository/com/github/joshelser/dropwizard-metrics-hadoop-metrics2-reporter/0.1.2/dropwizard-metrics-hadoop-metrics2-reporter-0.1.2.jar:/home/user/.m2/repository/io/dropwizard/metrics/metrics-jvm/3.2.5/metrics-jvm-3.2.5.jar:/home/user/.m2/repository/io/dropwizard/metrics/metrics-ganglia/3.2.5/metrics-ganglia-3.2.5.jar:/home/user/.m2/repository/info/ganglia/gmetric4j/gmetric4j/1.0.7/gmetric4j-1.0.7.jar:/home/user/.m2/repository/org/apache/ratis/ratis-netty/0.4.0/ratis-netty-0.4.0.jar:/home/user/.m2/repository/org/apache/ratis/ratis-grpc/0.4.0/ratis-grpc-0.4.0.jar:/home/user/.m2/repository/org/rocksdb/rocksdbjni/6.0.1/rocksdbjni-6.0.1.jar:/home/user/.m2/repository/org/apache/logging/log4j/log4j-api/2.11.0/log4j-api-2.11.0.jar:/home/user/.m2/repository/org/apache/logging/log4j/log4j-core/2.11.0/log4j-core-2.11.0.jar:/home/user/.m2/repository/com/lmax/disruptor/3.4.2/disruptor-3.4.2.jar:/home/user/.m2/repository/org/apache/commons/commons-pool2/2.6.0/commons-pool2-2.6.0.jar:/home/user/.m2/repository/org/bouncycastle/bcpkix-jdk15on/1.60/bcpkix-jdk15on-1.60.jar:/home/user/.m2/repository/commons-validator/commons-validator/1.6/commons-validator-1.6.jar:/home/user/.m2/repository/commons-digester/commons-digester/1.8.1/commons-digester-1.8.1.jar:/home/user/.m2/repository/io/jaegertracing/jaeger-client/0.34.0/jaeger-client-0.34.0.jar:/home/user/.m2/repository/io/jaegertracing/jaeger-thrift/0.34.0/jaeger-thrift-0.34.0.jar:/home/user/.m2/repository/org/apache/thrift/libthrift/0.12.0/libthrift-0.12.0.jar:/home/user/.m2/repository/com/squareup/okhttp3/okhttp/3.9.0/okhttp-3.9.0.jar:/home/user/.m2/repository/com/squareup/okio/okio/1.13.0/okio-1.13.0.jar:/home/user/.m2/repository/io/jaegertracing/jaeger-core/0.34.0/jaeger-core-0.34.0.jar:/home/user/.m2/repository/io/jaegertracing/jaeger-tracerresolver/0.34.0/jaeger-tracerresolver-0.34.0.jar:/home/user/.m2/repository/io/opentracing/contrib/opentracing-tracerresolver/0.1.5/opentracing-tracerresolver-0.1.5.jar:/home/user/.m2/repository/io/opentracing/opentracing-util/0.31.0/opentracing-util-0.31.0.jar:/home/user/.m2/repository/io/opentracing/opentracing-api/0.31.0/opentracing-api-0.31.0.jar:/home/user/.m2/repository/io/opentracing/opentracing-noop/0.31.0/opentracing-noop-0.31.0.jar:/home/user/.m2/repository/org/yaml/snakeyaml/1.16/snakeyaml-1.16.jar:/home/user/.m2/repository/org/apache/hadoop/hadoop-hdfs-client/3.2.0/hadoop-hdfs-client-3.2.0.jar:/home/user/.m2/repository/info/picocli/picocli/3.9.6/picocli-3.9.6.jar:/home/user/.m2/repository/org/apache/hadoop/hadoop-hdds-server-scm/0.5.0-SNAPSHOT/hadoop-hdds-server-scm-0.5.0-SNAPSHOT.jar:/home/user/.m2/repository/org/apache/hadoop/hadoop-hdds-docs/0.5.0-SNAPSHOT/hadoop-hdds-docs-0.5.0-SNAPSHOT.jar:/home/user/.m2/repository/io/dropwizard/metrics/metrics-core/3.2.4/metrics-core-3.2.4.jar:/home/user/.m2/repository/org/hamcrest/hamcrest-all/1.3/hamcrest-all-1.3.jar:/home/user/.m2/repository/org/bouncycastle/bcprov-jdk15on/1.60/bcprov-jdk15on-1.60.jar:/home/user/.m2/repository/org/apache/hadoop/hadoop-hdds-server-framework/0.5.0-SNAPSHOT/hadoop-hdds-server-framework-0.5.0-SNAPSHOT.jar:/home/user/.m2/repository/org/apache/hadoop/hadoop-ozone-ozone-manager/0.5.0-SNAPSHOT/hadoop-ozone-ozone-manager-0.5.0-SNAPSHOT.jar:/home/user/.m2/repository/org/apache/hadoop/hadoop-hdds-container-service/0.5.0-SNAPSHOT/hadoop-hdds-container-service-0.5.0-SNAPSHOT.jar:/home/user/.m2/repository/org/apache/hadoop/hadoop-hdds-client/0.5.0-SNAPSHOT/hadoop-hdds-client-0.5.0-SNAPSHOT.jar:/home/user/.m2/repository/org/apache/hadoop/hadoop-ozone-common/0.5.0-SNAPSHOT/hadoop-ozone-common-0.5.0-SNAPSHOT.jar:/home/user/.m2/repository/org/apache/hadoop/hadoop-hdds-tools/0.5.0-SNAPSHOT/hadoop-hdds-tools-0.5.0-SNAPSHOT.jar:/home/user/.m2/repository/org/xerial/sqlite-jdbc/3.25.2/sqlite-jdbc-3.25.2.jar:/home/user/.m2/repository/com/google/code/findbugs/findbugs/3.0.1/findbugs-3.0.1.jar:/home/user/.m2/repository/net/jcip/jcip-annotations/1.0/jcip-annotations-1.0.jar:/home/user/.m2/repository/com/google/code/findbugs/bcel-findbugs/6.0/bcel-findbugs-6.0.jar:/home/user/.m2/repository/com/google/code/findbugs/jFormatString/2.0.1/jFormatString-2.0.1.jar:/home/user/.m2/repository/dom4j/dom4j/1.6.1/dom4j-1.6.1.jar:/home/user/.m2/repository/xml-apis/xml-apis/1.0.b2/xml-apis-1.0.b2.jar:/home/user/.m2/repository/org/ow2/asm/asm-debug-all/5.0.2/asm-debug-all-5.0.2.jar:/home/user/.m2/repository/org/ow2/asm/asm-commons/5.0.2/asm-commons-5.0.2.jar:/home/user/.m2/repository/org/ow2/asm/asm-tree/5.0.2/asm-tree-5.0.2.jar:/home/user/.m2/repository/org/ow2/asm/asm/5.0.4/asm-5.0.4.jar:/home/user/.m2/repository/commons-lang/commons-lang/2.6/commons-lang-2.6.jar:/home/user/.m2/repository/com/apple/AppleJavaExtensions/1.4/AppleJavaExtensions-1.4.jar:/home/user/.m2/repository/jaxen/jaxen/1.1.6/jaxen-1.1.6.jar:/home/user/.m2/repository/org/apache/hadoop/hadoop-common/3.2.0/hadoop-common-3.2.0-tests.jar:/home/user/.m2/repository/org/apache/hadoop/hadoop-ozone-client/0.5.0-SNAPSHOT/hadoop-ozone-client-0.5.0-SNAPSHOT.jar:/home/user/.m2/repository/org/apache/hadoop/hadoop-hdfs/3.2.0/hadoop-hdfs-3.2.0-tests.jar:/workdir/hadoop-ozone/integration-test/target/test-classes:/home/user/.m2/repository/org/apache/hadoop/hadoop-ozone-s3gateway/0.5.0-SNAPSHOT/hadoop-ozone-s3gateway-0.5.0-SNAPSHOT.jar:/home/user/.m2/repository/org/jboss/weld/servlet/weld-servlet/2.4.7.Final/weld-servlet-2.4.7.Final.jar:/home/user/.m2/repository/org/glassfish/jersey/containers/jersey-container-servlet-core/2.27/jersey-container-servlet-core-2.27.jar:/home/user/.m2/repository/org/glassfish/hk2/external/javax.inject/2.5.0-b42/javax.inject-2.5.0-b42.jar:/home/user/.m2/repository/org/glassfish/jersey/core/jersey-common/2.27/jersey-common-2.27.jar:/home/user/.m2/repository/org/glassfish/hk2/osgi-resource-locator/1.0.1/osgi-resource-locator-1.0.1.jar:/home/user/.m2/repository/javax/ws/rs/javax.ws.rs-api/2.1/javax.ws.rs-api-2.1.jar:/home/user/.m2/repository/org/glassfish/jersey/ext/cdi/jersey-cdi1x/2.27/jersey-cdi1x-2.27.jar:/home/user/.m2/repository/org/glassfish/jersey/inject/jersey-hk2/2.27/jersey-hk2-2.27.jar:/home/user/.m2/repository/org/glassfish/hk2/hk2-locator/2.5.0-b42/hk2-locator-2.5.0-b42.jar:/home/user/.m2/repository/org/javassist/javassist/3.22.0-CR2/javassist-3.22.0-CR2.jar:/home/user/.m2/repository/org/glassfish/hk2/hk2-api/2.5.0/hk2-api-2.5.0.jar:/home/user/.m2/repository/org/glassfish/hk2/external/jakarta.inject/2.5.0/jakarta.inject-2.5.0.jar:/home/user/.m2/repository/org/glassfish/hk2/hk2-utils/2.5.0/hk2-utils-2.5.0.jar:/home/user/.m2/repository/jakarta/annotation/jakarta.annotation-api/1.3.4/jakarta.annotation-api-1.3.4.jar:/home/user/.m2/repository/org/glassfish/hk2/external/aopalliance-repackaged/2.5.0/aopalliance-repackaged-2.5.0.jar:/home/user/.m2/repository/com/fasterxml/jackson/dataformat/jackson-dataformat-xml/2.9.0/jackson-dataformat-xml-2.9.0.jar:/home/user/.m2/repository/com/fasterxml/jackson/module/jackson-module-jaxb-annotations/2.9.9/jackson-module-jaxb-annotations-2.9.9.jar:/home/user/.m2/repository/javax/enterprise/cdi-api/1.2/cdi-api-1.2.jar:/home/user/.m2/repository/javax/el/javax.el-api/3.0.0/javax.el-api-3.0.0.jar:/home/user/.m2/repository/javax/interceptor/javax.interceptor-api/1.2/javax.interceptor-api-1.2.jar:/home/user/.m2/repository/javax/inject/javax.inject/1/javax.inject-1.jar:/home/user/.m2/repository/com/sun/xml/bind/jaxb-core/2.3.0.1/jaxb-core-2.3.0.1.jar:/home/user/.m2/repository/javax/xml/bind/jaxb-api/2.3.0/jaxb-api-2.3.0.jar:/home/user/.m2/repository/javax/activation/activation/1.1.1/activation-1.1.1.jar:/home/user/.m2/repository/org/apache/hadoop/hadoop-ozone-csi/0.5.0-SNAPSHOT/hadoop-ozone-csi-0.5.0-SNAPSHOT.jar:/home/user/.m2/repository/com/google/protobuf/protobuf-java-util/3.5.1/protobuf-java-util-3.5.1.jar:/home/user/.m2/repository/io/grpc/grpc-netty/1.17.1/grpc-netty-1.17.1.jar:/home/user/.m2/repository/io/grpc/grpc-core/1.17.1/grpc-core-1.17.1.jar:/home/user/.m2/repository/io/grpc/grpc-context/1.17.1/grpc-context-1.17.1.jar:/home/user/.m2/repository/com/google/errorprone/error_prone_annotations/2.2.0/error_prone_annotations-2.2.0.jar:/home/user/.m2/repository/org/codehaus/mojo/animal-sniffer-annotations/1.17/animal-sniffer-annotations-1.17.jar:/home/user/.m2/repository/io/opencensus/opencensus-api/0.17.0/opencensus-api-0.17.0.jar:/home/user/.m2/repository/io/opencensus/opencensus-contrib-grpc-metrics/0.17.0/opencensus-contrib-grpc-metrics-0.17.0.jar:/home/user/.m2/repository/io/netty/netty-codec-http2/4.1.30.Final/netty-codec-http2-4.1.30.Final.jar:/home/user/.m2/repository/io/netty/netty-codec-http/4.1.30.Final/netty-codec-http-4.1.30.Final.jar:/home/user/.m2/repository/io/netty/netty-codec/4.1.30.Final/netty-codec-4.1.30.Final.jar:/home/user/.m2/repository/io/netty/netty-handler/4.1.30.Final/netty-handler-4.1.30.Final.jar:/home/user/.m2/repository/io/netty/netty-handler-proxy/4.1.30.Final/netty-handler-proxy-4.1.30.Final.jar:/home/user/.m2/repository/io/netty/netty-codec-socks/4.1.30.Final/netty-codec-socks-4.1.30.Final.jar:/home/user/.m2/repository/io/netty/netty-transport-native-epoll/4.1.30.Final/netty-transport-native-epoll-4.1.30.Final.jar:/home/user/.m2/repository/io/netty/netty-common/4.1.30.Final/netty-common-4.1.30.Final.jar:/home/user/.m2/repository/io/netty/netty-buffer/4.1.30.Final/netty-buffer-4.1.30.Final.jar:/home/user/.m2/repository/io/netty/netty-transport/4.1.30.Final/netty-transport-4.1.30.Final.jar:/home/user/.m2/repository/io/netty/netty-resolver/4.1.30.Final/netty-resolver-4.1.30.Final.jar:/home/user/.m2/repository/io/netty/netty-transport-native-unix-common/4.1.30.Final/netty-transport-native-unix-common-4.1.30.Final.jar:/home/user/.m2/repository/io/grpc/grpc-protobuf/1.17.1/grpc-protobuf-1.17.1.jar:/home/user/.m2/repository/com/google/api/grpc/proto-google-common-protos/1.0.0/proto-google-common-protos-1.0.0.jar:/home/user/.m2/repository/io/grpc/grpc-protobuf-lite/1.17.1/grpc-protobuf-lite-1.17.1.jar:/home/user/.m2/repository/io/grpc/grpc-stub/1.17.1/grpc-stub-1.17.1.jar:/home/user/.m2/repository/org/apache/hadoop/hadoop-ozone-recon/0.5.0-SNAPSHOT/hadoop-ozone-recon-0.5.0-SNAPSHOT.jar:/home/user/.m2/repository/org/apache/hadoop/hadoop-ozone-reconcodegen/0.5.0-SNAPSHOT/hadoop-ozone-reconcodegen-0.5.0-SNAPSHOT.jar:/home/user/.m2/repository/com/google/inject/extensions/guice-multibindings/4.0/guice-multibindings-4.0.jar:/home/user/.m2/repository/com/google/inject/guice/4.0/guice-4.0.jar:/home/user/.m2/repository/aopalliance/aopalliance/1.0/aopalliance-1.0.jar:/home/user/.m2/repository/org/glassfish/jersey/containers/jersey-container-servlet/2.27/jersey-container-servlet-2.27.jar:/home/user/.m2/repository/org/glassfish/hk2/guice-bridge/2.5.0/guice-bridge-2.5.0.jar:/home/user/.m2/repository/org/glassfish/jersey/core/jersey-server/2.27/jersey-server-2.27.jar:/home/user/.m2/repository/org/glassfish/jersey/core/jersey-client/2.27/jersey-client-2.27.jar:/home/user/.m2/repository/org/glassfish/jersey/media/jersey-media-jaxb/2.27/jersey-media-jaxb-2.27.jar:/home/user/.m2/repository/javax/validation/validation-api/1.1.0.Final/validation-api-1.1.0.Final.jar:/home/user/.m2/repository/org/glassfish/jersey/media/jersey-media-json-jackson/2.27/jersey-media-json-jackson-2.27.jar:/home/user/.m2/repository/org/glassfish/jersey/ext/jersey-entity-filtering/2.27/jersey-entity-filtering-2.27.jar:/home/user/.m2/repository/com/google/inject/extensions/guice-assistedinject/4.0/guice-assistedinject-4.0.jar:/home/user/.m2/repository/org/jooq/jooq/3.11.10/jooq-3.11.10.jar:/home/user/.m2/repository/org/jooq/jooq-meta/3.11.10/jooq-meta-3.11.10.jar:/home/user/.m2/repository/org/jooq/jooq-codegen/3.11.10/jooq-codegen-3.11.10.jar:/home/user/.m2/repository/com/jolbox/bonecp/0.8.0.RELEASE/bonecp-0.8.0.RELEASE.jar:/home/user/.m2/repository/org/springframework/spring-jdbc/5.1.3.RELEASE/spring-jdbc-5.1.3.RELEASE.jar:/home/user/.m2/repository/org/springframework/spring-beans/5.1.3.RELEASE/spring-beans-5.1.3.RELEASE.jar:/home/user/.m2/repository/org/springframework/spring-core/5.1.3.RELEASE/spring-core-5.1.3.RELEASE.jar:/home/user/.m2/repository/org/springframework/spring-jcl/5.1.3.RELEASE/spring-jcl-5.1.3.RELEASE.jar:/home/user/.m2/repository/org/springframework/spring-tx/5.1.3.RELEASE/spring-tx-5.1.3.RELEASE.jar:/home/user/.m2/repository/org/mockito/mockito-all/1.10.19/mockito-all-1.10.19.jar:/home/user/.m2/repository/junit/junit/4.11/junit-4.11.jar:/home/user/.m2/repository/org/hamcrest/hamcrest-core/1.3/hamcrest-core-1.3.jar:/home/user/.m2/repository/org/apache/hadoop/hadoop-distcp/3.2.0/hadoop-distcp-3.2.0.jar:/home/user/.m2/repository/org/apache/hadoop/hadoop-distcp/3.2.0/hadoop-distcp-3.2.0-tests.jar:/home/user/.m2/repository/org/apache/hadoop/hadoop-mapreduce-client-jobclient/3.2.0/hadoop-mapreduce-client-jobclient-3.2.0.jar:/home/user/.m2/repository/org/apache/hadoop/hadoop-mapreduce-client-common/3.2.0/hadoop-mapreduce-client-common-3.2.0.jar:/home/user/.m2/repository/org/apache/hadoop/hadoop-yarn-common/3.2.0/hadoop-yarn-common-3.2.0.jar:/home/user/.m2/repository/org/apache/hadoop/hadoop-yarn-api/3.2.0/hadoop-yarn-api-3.2.0.jar:/home/user/.m2/repository/com/sun/jersey/jersey-client/1.19/jersey-client-1.19.jar:/home/user/.m2/repository/com/sun/jersey/contribs/jersey-guice/1.19/jersey-guice-1.19.jar:/home/user/.m2/repository/com/fasterxml/jackson/jaxrs/jackson-jaxrs-json-provider/2.9.9/jackson-jaxrs-json-provider-2.9.9.jar:/home/user/.m2/repository/com/fasterxml/jackson/jaxrs/jackson-jaxrs-base/2.9.9/jackson-jaxrs-base-2.9.9.jar:/home/user/.m2/repository/org/apache/hadoop/hadoop-yarn-client/3.2.0/hadoop-yarn-client-3.2.0.jar:/home/user/.m2/repository/org/apache/hadoop/hadoop-mapreduce-client-core/3.2.0/hadoop-mapreduce-client-core-3.2.0.jar:/home/user/.m2/repository/com/google/inject/extensions/guice-servlet/4.0/guice-servlet-4.0.jar:/home/user/.m2/repository/org/powermock/powermock-module-junit4/1.6.5/powermock-module-junit4-1.6.5.jar:/home/user/.m2/repository/org/powermock/powermock-module-junit4-common/1.6.5/powermock-module-junit4-common-1.6.5.jar:/home/user/.m2/repository/org/powermock/powermock-core/1.6.5/powermock-core-1.6.5.jar:/home/user/.m2/repository/org/powermock/powermock-reflect/1.6.5/powermock-reflect-1.6.5.jar:/home/user/.m2/repository/org/powermock/powermock-api-mockito/1.6.5/powermock-api-mockito-1.6.5.jar:/home/user/.m2/repository/org/mockito/mockito-core/1.10.19/mockito-core-1.10.19.jar:/home/user/.m2/repository/org/objenesis/objenesis/1.0/objenesis-1.0.jar:/home/user/.m2/repository/org/powermock/powermock-api-mockito-common/1.6.5/powermock-api-mockito-common-1.6.5.jar:/home/user/.m2/repository/org/powermock/powermock-api-support/1.6.5/powermock-api-support-1.6.5.jar:"/>
    <property name="java.vm.vendor" value="IcedTea"/>
    <property name="sun.arch.data.model" value="64"/>
    <property name="test.build.dir" value="/workdir/hadoop-ozone/ozonefs/target/test-dir"/>
    <property name="test.cache.data" value=""/>
    <property name="java.vendor.url" value="https://icedtea.classpath.org"/>
    <property name="user.timezone" value=""/>
    <property name="java.vm.specification.version" value="1.8"/>
    <property name="os.name" value="Linux"/>
    <property name="test.build.data" value="/workdir/hadoop-ozone/ozonefs/target/test-dir"/>
    <property name="user.country" value="US"/>
    <property name="sun.java.launcher" value="SUN_STANDARD"/>
    <property name="sun.boot.library.path" value="/usr/lib/jvm/java-1.8-openjdk/jre/lib/amd64"/>
    <property name="sun.java.command" value="/workdir/hadoop-ozone/ozonefs/target/surefire/surefirebooter5571876817702180928.jar /workdir/hadoop-ozone/ozonefs/target/surefire 2019-09-25T04-01-08_071-jvmRun1 surefire7309724384850865368tmp surefire_105508978530485321661tmp"/>
    <property name="test" value="!TestMiniChaosOzoneCluster"/>
    <property name="surefire.test.class.path" value="/workdir/hadoop-ozone/ozonefs/target/test-classes:/workdir/hadoop-ozone/ozonefs/target/classes:/home/user/.m2/repository/org/apache/hadoop/hadoop-common/3.2.0/hadoop-common-3.2.0.jar:/home/user/.m2/repository/org/apache/hadoop/hadoop-annotations/3.2.0/hadoop-annotations-3.2.0.jar:/usr/lib/jvm/java-1.8-openjdk/jre/../lib/tools.jar:/home/user/.m2/repository/com/google/guava/guava/11.0.2/guava-11.0.2.jar:/home/user/.m2/repository/commons-cli/commons-cli/1.2/commons-cli-1.2.jar:/home/user/.m2/repository/org/apache/commons/commons-math3/3.1.1/commons-math3-3.1.1.jar:/home/user/.m2/repository/org/apache/httpcomponents/httpclient/4.5.2/httpclient-4.5.2.jar:/home/user/.m2/repository/org/apache/httpcomponents/httpcore/4.4.4/httpcore-4.4.4.jar:/home/user/.m2/repository/commons-codec/commons-codec/1.11/commons-codec-1.11.jar:/home/user/.m2/repository/commons-io/commons-io/2.5/commons-io-2.5.jar:/home/user/.m2/repository/commons-net/commons-net/3.6/commons-net-3.6.jar:/home/user/.m2/repository/commons-collections/commons-collections/3.2.2/commons-collections-3.2.2.jar:/home/user/.m2/repository/javax/servlet/javax.servlet-api/3.1.0/javax.servlet-api-3.1.0.jar:/home/user/.m2/repository/org/eclipse/jetty/jetty-server/9.3.25.v20180904/jetty-server-9.3.25.v20180904.jar:/home/user/.m2/repository/org/eclipse/jetty/jetty-http/9.3.25.v20180904/jetty-http-9.3.25.v20180904.jar:/home/user/.m2/repository/org/eclipse/jetty/jetty-io/9.3.25.v20180904/jetty-io-9.3.25.v20180904.jar:/home/user/.m2/repository/org/eclipse/jetty/jetty-util/9.3.25.v20180904/jetty-util-9.3.25.v20180904.jar:/home/user/.m2/repository/org/eclipse/jetty/jetty-servlet/9.3.25.v20180904/jetty-servlet-9.3.25.v20180904.jar:/home/user/.m2/repository/org/eclipse/jetty/jetty-security/9.3.25.v20180904/jetty-security-9.3.25.v20180904.jar:/home/user/.m2/repository/org/eclipse/jetty/jetty-webapp/9.3.25.v20180904/jetty-webapp-9.3.25.v20180904.jar:/home/user/.m2/repository/org/eclipse/jetty/jetty-xml/9.3.25.v20180904/jetty-xml-9.3.25.v20180904.jar:/home/user/.m2/repository/javax/servlet/jsp/jsp-api/2.1/jsp-api-2.1.jar:/home/user/.m2/repository/com/sun/jersey/jersey-core/1.19/jersey-core-1.19.jar:/home/user/.m2/repository/javax/ws/rs/jsr311-api/1.1.1/jsr311-api-1.1.1.jar:/home/user/.m2/repository/com/sun/jersey/jersey-servlet/1.19/jersey-servlet-1.19.jar:/home/user/.m2/repository/com/sun/jersey/jersey-json/1.19/jersey-json-1.19.jar:/home/user/.m2/repository/org/codehaus/jettison/jettison/1.1/jettison-1.1.jar:/home/user/.m2/repository/com/sun/xml/bind/jaxb-impl/2.3.0.1/jaxb-impl-2.3.0.1.jar:/home/user/.m2/repository/org/codehaus/jackson/jackson-core-asl/1.9.13/jackson-core-asl-1.9.13.jar:/home/user/.m2/repository/org/codehaus/jackson/jackson-mapper-asl/1.9.13/jackson-mapper-asl-1.9.13.jar:/home/user/.m2/repository/org/codehaus/jackson/jackson-jaxrs/1.9.13/jackson-jaxrs-1.9.13.jar:/home/user/.m2/repository/org/codehaus/jackson/jackson-xc/1.9.13/jackson-xc-1.9.13.jar:/home/user/.m2/repository/com/sun/jersey/jersey-server/1.19/jersey-server-1.19.jar:/home/user/.m2/repository/commons-logging/commons-logging/1.1.3/commons-logging-1.1.3.jar:/home/user/.m2/repository/log4j/log4j/1.2.17/log4j-1.2.17.jar:/home/user/.m2/repository/commons-beanutils/commons-beanutils/1.9.4/commons-beanutils-1.9.4.jar:/home/user/.m2/repository/org/apache/commons/commons-configuration2/2.1.1/commons-configuration2-2.1.1.jar:/home/user/.m2/repository/org/apache/commons/commons-lang3/3.7/commons-lang3-3.7.jar:/home/user/.m2/repository/org/apache/commons/commons-text/1.4/commons-text-1.4.jar:/home/user/.m2/repository/org/slf4j/slf4j-api/1.7.25/slf4j-api-1.7.25.jar:/home/user/.m2/repository/org/slf4j/slf4j-log4j12/1.7.25/slf4j-log4j12-1.7.25.jar:/home/user/.m2/repository/org/apache/avro/avro/1.7.7/avro-1.7.7.jar:/home/user/.m2/repository/com/thoughtworks/paranamer/paranamer/2.3/paranamer-2.3.jar:/home/user/.m2/repository/org/xerial/snappy/snappy-java/1.0.5/snappy-java-1.0.5.jar:/home/user/.m2/repository/com/google/re2j/re2j/1.1/re2j-1.1.jar:/home/user/.m2/repository/com/google/protobuf/protobuf-java/2.5.0/protobuf-java-2.5.0.jar:/home/user/.m2/repository/com/google/code/gson/gson/2.2.4/gson-2.2.4.jar:/home/user/.m2/repository/org/apache/hadoop/hadoop-auth/3.2.0/hadoop-auth-3.2.0.jar:/home/user/.m2/repository/com/nimbusds/nimbus-jose-jwt/4.41.1/nimbus-jose-jwt-4.41.1.jar:/home/user/.m2/repository/com/github/stephenc/jcip/jcip-annotations/1.0-1/jcip-annotations-1.0-1.jar:/home/user/.m2/repository/net/minidev/json-smart/2.3/json-smart-2.3.jar:/home/user/.m2/repository/net/minidev/accessors-smart/1.2/accessors-smart-1.2.jar:/home/user/.m2/repository/org/apache/curator/curator-framework/2.12.0/curator-framework-2.12.0.jar:/home/user/.m2/repository/com/jcraft/jsch/0.1.54/jsch-0.1.54.jar:/home/user/.m2/repository/org/apache/curator/curator-client/2.12.0/curator-client-2.12.0.jar:/home/user/.m2/repository/org/apache/curator/curator-recipes/2.12.0/curator-recipes-2.12.0.jar:/home/user/.m2/repository/com/google/code/findbugs/jsr305/3.0.0/jsr305-3.0.0.jar:/home/user/.m2/repository/org/apache/htrace/htrace-core4/4.1.0-incubating/htrace-core4-4.1.0-incubating.jar:/home/user/.m2/repository/org/apache/zookeeper/zookeeper/3.4.13/zookeeper-3.4.13.jar:/home/user/.m2/repository/jline/jline/0.9.94/jline-0.9.94.jar:/home/user/.m2/repository/org/apache/yetus/audience-annotations/0.5.0/audience-annotations-0.5.0.jar:/home/user/.m2/repository/org/apache/commons/commons-compress/1.4.1/commons-compress-1.4.1.jar:/home/user/.m2/repository/org/tukaani/xz/1.0/xz-1.0.jar:/home/user/.m2/repository/org/apache/kerby/kerb-simplekdc/1.0.1/kerb-simplekdc-1.0.1.jar:/home/user/.m2/repository/org/apache/kerby/kerb-client/1.0.1/kerb-client-1.0.1.jar:/home/user/.m2/repository/org/apache/kerby/kerby-config/1.0.1/kerby-config-1.0.1.jar:/home/user/.m2/repository/org/apache/kerby/kerb-core/1.0.1/kerb-core-1.0.1.jar:/home/user/.m2/repository/org/apache/kerby/kerby-pkix/1.0.1/kerby-pkix-1.0.1.jar:/home/user/.m2/repository/org/apache/kerby/kerby-asn1/1.0.1/kerby-asn1-1.0.1.jar:/home/user/.m2/repository/org/apache/kerby/kerby-util/1.0.1/kerby-util-1.0.1.jar:/home/user/.m2/repository/org/apache/kerby/kerb-common/1.0.1/kerb-common-1.0.1.jar:/home/user/.m2/repository/org/apache/kerby/kerb-crypto/1.0.1/kerb-crypto-1.0.1.jar:/home/user/.m2/repository/org/apache/kerby/kerb-util/1.0.1/kerb-util-1.0.1.jar:/home/user/.m2/repository/org/apache/kerby/token-provider/1.0.1/token-provider-1.0.1.jar:/home/user/.m2/repository/org/apache/kerby/kerb-admin/1.0.1/kerb-admin-1.0.1.jar:/home/user/.m2/repository/org/apache/kerby/kerb-server/1.0.1/kerb-server-1.0.1.jar:/home/user/.m2/repository/org/apache/kerby/kerb-identity/1.0.1/kerb-identity-1.0.1.jar:/home/user/.m2/repository/org/apache/kerby/kerby-xdr/1.0.1/kerby-xdr-1.0.1.jar:/home/user/.m2/repository/com/fasterxml/jackson/core/jackson-databind/2.9.9/jackson-databind-2.9.9.jar:/home/user/.m2/repository/com/fasterxml/jackson/core/jackson-annotations/2.9.9/jackson-annotations-2.9.9.jar:/home/user/.m2/repository/com/fasterxml/jackson/core/jackson-core/2.9.9/jackson-core-2.9.9.jar:/home/user/.m2/repository/org/codehaus/woodstox/stax2-api/3.1.4/stax2-api-3.1.4.jar:/home/user/.m2/repository/com/fasterxml/woodstox/woodstox-core/5.0.3/woodstox-core-5.0.3.jar:/home/user/.m2/repository/dnsjava/dnsjava/2.1.7/dnsjava-2.1.7.jar:/home/user/.m2/repository/org/apache/hadoop/hadoop-hdfs/3.2.0/hadoop-hdfs-3.2.0.jar:/home/user/.m2/repository/org/eclipse/jetty/jetty-util-ajax/9.3.25.v20180904/jetty-util-ajax-9.3.25.v20180904.jar:/home/user/.m2/repository/commons-daemon/commons-daemon/1.0.13/commons-daemon-1.0.13.jar:/home/user/.m2/repository/io/netty/netty/3.10.5.Final/netty-3.10.5.Final.jar:/home/user/.m2/repository/io/netty/netty-all/4.0.52.Final/netty-all-4.0.52.Final.jar:/home/user/.m2/repository/org/fusesource/leveldbjni/leveldbjni-all/1.8/leveldbjni-all-1.8.jar:/home/user/.m2/repository/org/apache/hadoop/hadoop-hdds-common/0.5.0-SNAPSHOT/hadoop-hdds-common-0.5.0-SNAPSHOT.jar:/home/user/.m2/repository/org/apache/hadoop/hadoop-hdds-config/0.5.0-SNAPSHOT/hadoop-hdds-config-0.5.0-SNAPSHOT.jar:/home/user/.m2/repository/javax/annotation/javax.annotation-api/1.2/javax.annotation-api-1.2.jar:/home/user/.m2/repository/org/apache/ratis/ratis-server/0.4.0/ratis-server-0.4.0.jar:/home/user/.m2/repository/org/apache/ratis/ratis-thirdparty-misc/0.2.0/ratis-thirdparty-misc-0.2.0.jar:/home/user/.m2/repository/org/apache/ratis/ratis-proto/0.4.0/ratis-proto-0.4.0.jar:/home/user/.m2/repository/org/apache/ratis/ratis-common/0.4.0/ratis-common-0.4.0.jar:/home/user/.m2/repository/org/apache/ratis/ratis-client/0.4.0/ratis-client-0.4.0.jar:/home/user/.m2/repository/org/apache/ratis/ratis-metrics/0.4.0/ratis-metrics-0.4.0.jar:/home/user/.m2/repository/com/github/joshelser/dropwizard-metrics-hadoop-metrics2-reporter/0.1.2/dropwizard-metrics-hadoop-metrics2-reporter-0.1.2.jar:/home/user/.m2/repository/io/dropwizard/metrics/metrics-jvm/3.2.5/metrics-jvm-3.2.5.jar:/home/user/.m2/repository/io/dropwizard/metrics/metrics-ganglia/3.2.5/metrics-ganglia-3.2.5.jar:/home/user/.m2/repository/info/ganglia/gmetric4j/gmetric4j/1.0.7/gmetric4j-1.0.7.jar:/home/user/.m2/repository/org/apache/ratis/ratis-netty/0.4.0/ratis-netty-0.4.0.jar:/home/user/.m2/repository/org/apache/ratis/ratis-grpc/0.4.0/ratis-grpc-0.4.0.jar:/home/user/.m2/repository/org/rocksdb/rocksdbjni/6.0.1/rocksdbjni-6.0.1.jar:/home/user/.m2/repository/org/apache/logging/log4j/log4j-api/2.11.0/log4j-api-2.11.0.jar:/home/user/.m2/repository/org/apache/logging/log4j/log4j-core/2.11.0/log4j-core-2.11.0.jar:/home/user/.m2/repository/com/lmax/disruptor/3.4.2/disruptor-3.4.2.jar:/home/user/.m2/repository/org/apache/commons/commons-pool2/2.6.0/commons-pool2-2.6.0.jar:/home/user/.m2/repository/org/bouncycastle/bcpkix-jdk15on/1.60/bcpkix-jdk15on-1.60.jar:/home/user/.m2/repository/commons-validator/commons-validator/1.6/commons-validator-1.6.jar:/home/user/.m2/repository/commons-digester/commons-digester/1.8.1/commons-digester-1.8.1.jar:/home/user/.m2/repository/io/jaegertracing/jaeger-client/0.34.0/jaeger-client-0.34.0.jar:/home/user/.m2/repository/io/jaegertracing/jaeger-thrift/0.34.0/jaeger-thrift-0.34.0.jar:/home/user/.m2/repository/org/apache/thrift/libthrift/0.12.0/libthrift-0.12.0.jar:/home/user/.m2/repository/com/squareup/okhttp3/okhttp/3.9.0/okhttp-3.9.0.jar:/home/user/.m2/repository/com/squareup/okio/okio/1.13.0/okio-1.13.0.jar:/home/user/.m2/repository/io/jaegertracing/jaeger-core/0.34.0/jaeger-core-0.34.0.jar:/home/user/.m2/repository/io/jaegertracing/jaeger-tracerresolver/0.34.0/jaeger-tracerresolver-0.34.0.jar:/home/user/.m2/repository/io/opentracing/contrib/opentracing-tracerresolver/0.1.5/opentracing-tracerresolver-0.1.5.jar:/home/user/.m2/repository/io/opentracing/opentracing-util/0.31.0/opentracing-util-0.31.0.jar:/home/user/.m2/repository/io/opentracing/opentracing-api/0.31.0/opentracing-api-0.31.0.jar:/home/user/.m2/repository/io/opentracing/opentracing-noop/0.31.0/opentracing-noop-0.31.0.jar:/home/user/.m2/repository/org/yaml/snakeyaml/1.16/snakeyaml-1.16.jar:/home/user/.m2/repository/org/apache/hadoop/hadoop-hdfs-client/3.2.0/hadoop-hdfs-client-3.2.0.jar:/home/user/.m2/repository/info/picocli/picocli/3.9.6/picocli-3.9.6.jar:/home/user/.m2/repository/org/apache/hadoop/hadoop-hdds-server-scm/0.5.0-SNAPSHOT/hadoop-hdds-server-scm-0.5.0-SNAPSHOT.jar:/home/user/.m2/repository/org/apache/hadoop/hadoop-hdds-docs/0.5.0-SNAPSHOT/hadoop-hdds-docs-0.5.0-SNAPSHOT.jar:/home/user/.m2/repository/io/dropwizard/metrics/metrics-core/3.2.4/metrics-core-3.2.4.jar:/home/user/.m2/repository/org/hamcrest/hamcrest-all/1.3/hamcrest-all-1.3.jar:/home/user/.m2/repository/org/bouncycastle/bcprov-jdk15on/1.60/bcprov-jdk15on-1.60.jar:/home/user/.m2/repository/org/apache/hadoop/hadoop-hdds-server-framework/0.5.0-SNAPSHOT/hadoop-hdds-server-framework-0.5.0-SNAPSHOT.jar:/home/user/.m2/repository/org/apache/hadoop/hadoop-ozone-ozone-manager/0.5.0-SNAPSHOT/hadoop-ozone-ozone-manager-0.5.0-SNAPSHOT.jar:/home/user/.m2/repository/org/apache/hadoop/hadoop-hdds-container-service/0.5.0-SNAPSHOT/hadoop-hdds-container-service-0.5.0-SNAPSHOT.jar:/home/user/.m2/repository/org/apache/hadoop/hadoop-hdds-client/0.5.0-SNAPSHOT/hadoop-hdds-client-0.5.0-SNAPSHOT.jar:/home/user/.m2/repository/org/apache/hadoop/hadoop-ozone-common/0.5.0-SNAPSHOT/hadoop-ozone-common-0.5.0-SNAPSHOT.jar:/home/user/.m2/repository/org/apache/hadoop/hadoop-hdds-tools/0.5.0-SNAPSHOT/hadoop-hdds-tools-0.5.0-SNAPSHOT.jar:/home/user/.m2/repository/org/xerial/sqlite-jdbc/3.25.2/sqlite-jdbc-3.25.2.jar:/home/user/.m2/repository/com/google/code/findbugs/findbugs/3.0.1/findbugs-3.0.1.jar:/home/user/.m2/repository/net/jcip/jcip-annotations/1.0/jcip-annotations-1.0.jar:/home/user/.m2/repository/com/google/code/findbugs/bcel-findbugs/6.0/bcel-findbugs-6.0.jar:/home/user/.m2/repository/com/google/code/findbugs/jFormatString/2.0.1/jFormatString-2.0.1.jar:/home/user/.m2/repository/dom4j/dom4j/1.6.1/dom4j-1.6.1.jar:/home/user/.m2/repository/xml-apis/xml-apis/1.0.b2/xml-apis-1.0.b2.jar:/home/user/.m2/repository/org/ow2/asm/asm-debug-all/5.0.2/asm-debug-all-5.0.2.jar:/home/user/.m2/repository/org/ow2/asm/asm-commons/5.0.2/asm-commons-5.0.2.jar:/home/user/.m2/repository/org/ow2/asm/asm-tree/5.0.2/asm-tree-5.0.2.jar:/home/user/.m2/repository/org/ow2/asm/asm/5.0.4/asm-5.0.4.jar:/home/user/.m2/repository/commons-lang/commons-lang/2.6/commons-lang-2.6.jar:/home/user/.m2/repository/com/apple/AppleJavaExtensions/1.4/AppleJavaExtensions-1.4.jar:/home/user/.m2/repository/jaxen/jaxen/1.1.6/jaxen-1.1.6.jar:/home/user/.m2/repository/org/apache/hadoop/hadoop-common/3.2.0/hadoop-common-3.2.0-tests.jar:/home/user/.m2/repository/org/apache/hadoop/hadoop-ozone-client/0.5.0-SNAPSHOT/hadoop-ozone-client-0.5.0-SNAPSHOT.jar:/home/user/.m2/repository/org/apache/hadoop/hadoop-hdfs/3.2.0/hadoop-hdfs-3.2.0-tests.jar:/workdir/hadoop-ozone/integration-test/target/test-classes:/home/user/.m2/repository/org/apache/hadoop/hadoop-ozone-s3gateway/0.5.0-SNAPSHOT/hadoop-ozone-s3gateway-0.5.0-SNAPSHOT.jar:/home/user/.m2/repository/org/jboss/weld/servlet/weld-servlet/2.4.7.Final/weld-servlet-2.4.7.Final.jar:/home/user/.m2/repository/org/glassfish/jersey/containers/jersey-container-servlet-core/2.27/jersey-container-servlet-core-2.27.jar:/home/user/.m2/repository/org/glassfish/hk2/external/javax.inject/2.5.0-b42/javax.inject-2.5.0-b42.jar:/home/user/.m2/repository/org/glassfish/jersey/core/jersey-common/2.27/jersey-common-2.27.jar:/home/user/.m2/repository/org/glassfish/hk2/osgi-resource-locator/1.0.1/osgi-resource-locator-1.0.1.jar:/home/user/.m2/repository/javax/ws/rs/javax.ws.rs-api/2.1/javax.ws.rs-api-2.1.jar:/home/user/.m2/repository/org/glassfish/jersey/ext/cdi/jersey-cdi1x/2.27/jersey-cdi1x-2.27.jar:/home/user/.m2/repository/org/glassfish/jersey/inject/jersey-hk2/2.27/jersey-hk2-2.27.jar:/home/user/.m2/repository/org/glassfish/hk2/hk2-locator/2.5.0-b42/hk2-locator-2.5.0-b42.jar:/home/user/.m2/repository/org/javassist/javassist/3.22.0-CR2/javassist-3.22.0-CR2.jar:/home/user/.m2/repository/org/glassfish/hk2/hk2-api/2.5.0/hk2-api-2.5.0.jar:/home/user/.m2/repository/org/glassfish/hk2/external/jakarta.inject/2.5.0/jakarta.inject-2.5.0.jar:/home/user/.m2/repository/org/glassfish/hk2/hk2-utils/2.5.0/hk2-utils-2.5.0.jar:/home/user/.m2/repository/jakarta/annotation/jakarta.annotation-api/1.3.4/jakarta.annotation-api-1.3.4.jar:/home/user/.m2/repository/org/glassfish/hk2/external/aopalliance-repackaged/2.5.0/aopalliance-repackaged-2.5.0.jar:/home/user/.m2/repository/com/fasterxml/jackson/dataformat/jackson-dataformat-xml/2.9.0/jackson-dataformat-xml-2.9.0.jar:/home/user/.m2/repository/com/fasterxml/jackson/module/jackson-module-jaxb-annotations/2.9.9/jackson-module-jaxb-annotations-2.9.9.jar:/home/user/.m2/repository/javax/enterprise/cdi-api/1.2/cdi-api-1.2.jar:/home/user/.m2/repository/javax/el/javax.el-api/3.0.0/javax.el-api-3.0.0.jar:/home/user/.m2/repository/javax/interceptor/javax.interceptor-api/1.2/javax.interceptor-api-1.2.jar:/home/user/.m2/repository/javax/inject/javax.inject/1/javax.inject-1.jar:/home/user/.m2/repository/com/sun/xml/bind/jaxb-core/2.3.0.1/jaxb-core-2.3.0.1.jar:/home/user/.m2/repository/javax/xml/bind/jaxb-api/2.3.0/jaxb-api-2.3.0.jar:/home/user/.m2/repository/javax/activation/activation/1.1.1/activation-1.1.1.jar:/home/user/.m2/repository/org/apache/hadoop/hadoop-ozone-csi/0.5.0-SNAPSHOT/hadoop-ozone-csi-0.5.0-SNAPSHOT.jar:/home/user/.m2/repository/com/google/protobuf/protobuf-java-util/3.5.1/protobuf-java-util-3.5.1.jar:/home/user/.m2/repository/io/grpc/grpc-netty/1.17.1/grpc-netty-1.17.1.jar:/home/user/.m2/repository/io/grpc/grpc-core/1.17.1/grpc-core-1.17.1.jar:/home/user/.m2/repository/io/grpc/grpc-context/1.17.1/grpc-context-1.17.1.jar:/home/user/.m2/repository/com/google/errorprone/error_prone_annotations/2.2.0/error_prone_annotations-2.2.0.jar:/home/user/.m2/repository/org/codehaus/mojo/animal-sniffer-annotations/1.17/animal-sniffer-annotations-1.17.jar:/home/user/.m2/repository/io/opencensus/opencensus-api/0.17.0/opencensus-api-0.17.0.jar:/home/user/.m2/repository/io/opencensus/opencensus-contrib-grpc-metrics/0.17.0/opencensus-contrib-grpc-metrics-0.17.0.jar:/home/user/.m2/repository/io/netty/netty-codec-http2/4.1.30.Final/netty-codec-http2-4.1.30.Final.jar:/home/user/.m2/repository/io/netty/netty-codec-http/4.1.30.Final/netty-codec-http-4.1.30.Final.jar:/home/user/.m2/repository/io/netty/netty-codec/4.1.30.Final/netty-codec-4.1.30.Final.jar:/home/user/.m2/repository/io/netty/netty-handler/4.1.30.Final/netty-handler-4.1.30.Final.jar:/home/user/.m2/repository/io/netty/netty-handler-proxy/4.1.30.Final/netty-handler-proxy-4.1.30.Final.jar:/home/user/.m2/repository/io/netty/netty-codec-socks/4.1.30.Final/netty-codec-socks-4.1.30.Final.jar:/home/user/.m2/repository/io/netty/netty-transport-native-epoll/4.1.30.Final/netty-transport-native-epoll-4.1.30.Final.jar:/home/user/.m2/repository/io/netty/netty-common/4.1.30.Final/netty-common-4.1.30.Final.jar:/home/user/.m2/repository/io/netty/netty-buffer/4.1.30.Final/netty-buffer-4.1.30.Final.jar:/home/user/.m2/repository/io/netty/netty-transport/4.1.30.Final/netty-transport-4.1.30.Final.jar:/home/user/.m2/repository/io/netty/netty-resolver/4.1.30.Final/netty-resolver-4.1.30.Final.jar:/home/user/.m2/repository/io/netty/netty-transport-native-unix-common/4.1.30.Final/netty-transport-native-unix-common-4.1.30.Final.jar:/home/user/.m2/repository/io/grpc/grpc-protobuf/1.17.1/grpc-protobuf-1.17.1.jar:/home/user/.m2/repository/com/google/api/grpc/proto-google-common-protos/1.0.0/proto-google-common-protos-1.0.0.jar:/home/user/.m2/repository/io/grpc/grpc-protobuf-lite/1.17.1/grpc-protobuf-lite-1.17.1.jar:/home/user/.m2/repository/io/grpc/grpc-stub/1.17.1/grpc-stub-1.17.1.jar:/home/user/.m2/repository/org/apache/hadoop/hadoop-ozone-recon/0.5.0-SNAPSHOT/hadoop-ozone-recon-0.5.0-SNAPSHOT.jar:/home/user/.m2/repository/org/apache/hadoop/hadoop-ozone-reconcodegen/0.5.0-SNAPSHOT/hadoop-ozone-reconcodegen-0.5.0-SNAPSHOT.jar:/home/user/.m2/repository/com/google/inject/extensions/guice-multibindings/4.0/guice-multibindings-4.0.jar:/home/user/.m2/repository/com/google/inject/guice/4.0/guice-4.0.jar:/home/user/.m2/repository/aopalliance/aopalliance/1.0/aopalliance-1.0.jar:/home/user/.m2/repository/org/glassfish/jersey/containers/jersey-container-servlet/2.27/jersey-container-servlet-2.27.jar:/home/user/.m2/repository/org/glassfish/hk2/guice-bridge/2.5.0/guice-bridge-2.5.0.jar:/home/user/.m2/repository/org/glassfish/jersey/core/jersey-server/2.27/jersey-server-2.27.jar:/home/user/.m2/repository/org/glassfish/jersey/core/jersey-client/2.27/jersey-client-2.27.jar:/home/user/.m2/repository/org/glassfish/jersey/media/jersey-media-jaxb/2.27/jersey-media-jaxb-2.27.jar:/home/user/.m2/repository/javax/validation/validation-api/1.1.0.Final/validation-api-1.1.0.Final.jar:/home/user/.m2/repository/org/glassfish/jersey/media/jersey-media-json-jackson/2.27/jersey-media-json-jackson-2.27.jar:/home/user/.m2/repository/org/glassfish/jersey/ext/jersey-entity-filtering/2.27/jersey-entity-filtering-2.27.jar:/home/user/.m2/repository/com/google/inject/extensions/guice-assistedinject/4.0/guice-assistedinject-4.0.jar:/home/user/.m2/repository/org/jooq/jooq/3.11.10/jooq-3.11.10.jar:/home/user/.m2/repository/org/jooq/jooq-meta/3.11.10/jooq-meta-3.11.10.jar:/home/user/.m2/repository/org/jooq/jooq-codegen/3.11.10/jooq-codegen-3.11.10.jar:/home/user/.m2/repository/com/jolbox/bonecp/0.8.0.RELEASE/bonecp-0.8.0.RELEASE.jar:/home/user/.m2/repository/org/springframework/spring-jdbc/5.1.3.RELEASE/spring-jdbc-5.1.3.RELEASE.jar:/home/user/.m2/repository/org/springframework/spring-beans/5.1.3.RELEASE/spring-beans-5.1.3.RELEASE.jar:/home/user/.m2/repository/org/springframework/spring-core/5.1.3.RELEASE/spring-core-5.1.3.RELEASE.jar:/home/user/.m2/repository/org/springframework/spring-jcl/5.1.3.RELEASE/spring-jcl-5.1.3.RELEASE.jar:/home/user/.m2/repository/org/springframework/spring-tx/5.1.3.RELEASE/spring-tx-5.1.3.RELEASE.jar:/home/user/.m2/repository/org/mockito/mockito-all/1.10.19/mockito-all-1.10.19.jar:/home/user/.m2/repository/junit/junit/4.11/junit-4.11.jar:/home/user/.m2/repository/org/hamcrest/hamcrest-core/1.3/hamcrest-core-1.3.jar:/home/user/.m2/repository/org/apache/hadoop/hadoop-distcp/3.2.0/hadoop-distcp-3.2.0.jar:/home/user/.m2/repository/org/apache/hadoop/hadoop-distcp/3.2.0/hadoop-distcp-3.2.0-tests.jar:/home/user/.m2/repository/org/apache/hadoop/hadoop-mapreduce-client-jobclient/3.2.0/hadoop-mapreduce-client-jobclient-3.2.0.jar:/home/user/.m2/repository/org/apache/hadoop/hadoop-mapreduce-client-common/3.2.0/hadoop-mapreduce-client-common-3.2.0.jar:/home/user/.m2/repository/org/apache/hadoop/hadoop-yarn-common/3.2.0/hadoop-yarn-common-3.2.0.jar:/home/user/.m2/repository/org/apache/hadoop/hadoop-yarn-api/3.2.0/hadoop-yarn-api-3.2.0.jar:/home/user/.m2/repository/com/sun/jersey/jersey-client/1.19/jersey-client-1.19.jar:/home/user/.m2/repository/com/sun/jersey/contribs/jersey-guice/1.19/jersey-guice-1.19.jar:/home/user/.m2/repository/com/fasterxml/jackson/jaxrs/jackson-jaxrs-json-provider/2.9.9/jackson-jaxrs-json-provider-2.9.9.jar:/home/user/.m2/repository/com/fasterxml/jackson/jaxrs/jackson-jaxrs-base/2.9.9/jackson-jaxrs-base-2.9.9.jar:/home/user/.m2/repository/org/apache/hadoop/hadoop-yarn-client/3.2.0/hadoop-yarn-client-3.2.0.jar:/home/user/.m2/repository/org/apache/hadoop/hadoop-mapreduce-client-core/3.2.0/hadoop-mapreduce-client-core-3.2.0.jar:/home/user/.m2/repository/com/google/inject/extensions/guice-servlet/4.0/guice-servlet-4.0.jar:/home/user/.m2/repository/org/powermock/powermock-module-junit4/1.6.5/powermock-module-junit4-1.6.5.jar:/home/user/.m2/repository/org/powermock/powermock-module-junit4-common/1.6.5/powermock-module-junit4-common-1.6.5.jar:/home/user/.m2/repository/org/powermock/powermock-core/1.6.5/powermock-core-1.6.5.jar:/home/user/.m2/repository/org/powermock/powermock-reflect/1.6.5/powermock-reflect-1.6.5.jar:/home/user/.m2/repository/org/powermock/powermock-api-mockito/1.6.5/powermock-api-mockito-1.6.5.jar:/home/user/.m2/repository/org/mockito/mockito-core/1.10.19/mockito-core-1.10.19.jar:/home/user/.m2/repository/org/objenesis/objenesis/1.0/objenesis-1.0.jar:/home/user/.m2/repository/org/powermock/powermock-api-mockito-common/1.6.5/powermock-api-mockito-common-1.6.5.jar:/home/user/.m2/repository/org/powermock/powermock-api-support/1.6.5/powermock-api-support-1.6.5.jar:"/>
    <property name="sun.cpu.endian" value="little"/>
    <property name="user.home" value="/home/user"/>
    <property name="user.language" value="en"/>
    <property name="java.specification.vendor" value="Oracle Corporation"/>
    <property name="java.home" value="/usr/lib/jvm/java-1.8-openjdk/jre"/>
    <property name="java.security.krb5.conf" value="/workdir/hadoop-ozone/ozonefs/target/test-classes/krb5.conf"/>
    <property name="basedir" value="/workdir/hadoop-ozone/ozonefs"/>
    <property name="file.separator" value="/"/>
    <property name="line.separator" value="&#10;"/>
    <property name="java.vm.specification.vendor" value="Oracle Corporation"/>
    <property name="java.specification.name" value="Java Platform API Specification"/>
    <property name="java.awt.graphicsenv" value="sun.awt.X11GraphicsEnvironment"/>
    <property name="surefire.real.class.path" value="/workdir/hadoop-ozone/ozonefs/target/surefire/surefirebooter5571876817702180928.jar"/>
    <property name="hadoop.log.dir" value="/workdir/hadoop-ozone/ozonefs/target/log"/>
    <property name="sun.boot.class.path" value="/usr/lib/jvm/java-1.8-openjdk/jre/lib/resources.jar:/usr/lib/jvm/java-1.8-openjdk/jre/lib/rt.jar:/usr/lib/jvm/java-1.8-openjdk/jre/lib/sunrsasign.jar:/usr/lib/jvm/java-1.8-openjdk/jre/lib/jsse.jar:/usr/lib/jvm/java-1.8-openjdk/jre/lib/jce.jar:/usr/lib/jvm/java-1.8-openjdk/jre/lib/charsets.jar:/usr/lib/jvm/java-1.8-openjdk/jre/lib/jfr.jar:/usr/lib/jvm/java-1.8-openjdk/jre/classes"/>
    <property name="sun.management.compiler" value="HotSpot 64-Bit Tiered Compilers"/>
    <property name="java.runtime.version" value="1.8.0_212-b04"/>
    <property name="java.net.preferIPv4Stack" value="true"/>
    <property name="user.name" value="jenkins1000"/>
    <property name="path.separator" value=":"/>
    <property name="java.security.egd" value="file:///dev/urandom"/>
    <property name="os.version" value="3.10.0-957.12.2.el7.x86_64"/>
    <property name="java.endorsed.dirs" value="/usr/lib/jvm/java-1.8-openjdk/jre/lib/endorsed"/>
    <property name="java.runtime.name" value="OpenJDK Runtime Environment"/>
    <property name="file.encoding" value="UTF-8"/>
    <property name="java.vm.name" value="OpenJDK 64-Bit Server VM"/>
    <property name="test.build.webapps" value=""/>
    <property name="localRepository" value="/home/user/.m2/repository"/>
    <property name="java.vendor.url.bug" value="https://icedtea.classpath.org/bugzilla"/>
    <property name="java.io.tmpdir" value="/tmp"/>
    <property name="require.test.libhadoop" value=""/>
    <property name="java.version" value="1.8.0_212"/>
    <property name="user.dir" value="/workdir/hadoop-ozone/ozonefs"/>
    <property name="os.arch" value="amd64"/>
    <property name="java.vm.specification.name" value="Java Virtual Machine Specification"/>
    <property name="test.build.classes" value="/workdir/hadoop-ozone/ozonefs/target/test-classes"/>
    <property name="java.awt.printerjob" value="sun.print.PSPrinterJob"/>
    <property name="sun.os.patch.level" value="unknown"/>
    <property name="hadoop.tmp.dir" value="/workdir/hadoop-ozone/ozonefs/target/tmp"/>
    <property name="java.library.path" value="/usr/lib/jvm/java-1.8-openjdk/jre/lib/amd64/server:/usr/lib/jvm/java-1.8-openjdk/jre/lib/amd64:/usr/lib/jvm/java-1.8-openjdk/jre/../lib/amd64:/workdir/hadoop-ozone/ozonefs/target/native/target/usr/local/lib:/workdir/hadoop-ozone/ozonefs/../../hadoop-common-project/hadoop-common/target/native/target/usr/local/lib:/usr/java/packages/lib/amd64:/usr/lib64:/lib64:/lib:/usr/lib"/>
    <property name="java.vm.info" value="mixed mode"/>
    <property name="java.vendor" value="IcedTea"/>
    <property name="java.vm.version" value="25.212-b04"/>
    <property name="java.ext.dirs" value="/usr/lib/jvm/java-1.8-openjdk/jre/lib/ext:/usr/java/packages/lib/ext"/>
    <property name="sun.io.unicode.encoding" value="UnicodeLittle"/>
    <property name="java.class.version" value="52.0"/>
  </properties>
  <testcase name="testOzoneFsServiceLoader" classname="org.apache.hadoop.fs.ozone.TestOzoneFileSystem" time="22.824"/>
  <testcase name="testListStatusOnRoot" classname="org.apache.hadoop.fs.ozone.TestOzoneFileSystem" time="16.132"/>
  <testcase name="testListStatusOnSubDirs" classname="org.apache.hadoop.fs.ozone.TestOzoneFileSystem" time="16.943">
    <error message="Allocated 0 blocks. Requested 1 blocks" type="INTERNAL_ERROR org.apache.hadoop.ozone.om.exceptions.OMException">INTERNAL_ERROR org.apache.hadoop.ozone.om.exceptions.OMException: Allocated 0 blocks. Requested 1 blocks
	at org.apache.hadoop.ozone.om.protocolPB.OzoneManagerProtocolClientSideTranslatorPB.handleError(OzoneManagerProtocolClientSideTranslatorPB.java:732)
	at org.apache.hadoop.ozone.om.protocolPB.OzoneManagerProtocolClientSideTranslatorPB.createFile(OzoneManagerProtocolClientSideTranslatorPB.java:1536)
	at sun.reflect.NativeMethodAccessorImpl.invoke0(Native Method)
	at sun.reflect.NativeMethodAccessorImpl.invoke(NativeMethodAccessorImpl.java:62)
	at sun.reflect.DelegatingMethodAccessorImpl.invoke(DelegatingMethodAccessorImpl.java:43)
	at java.lang.reflect.Method.invoke(Method.java:498)
	at org.apache.hadoop.hdds.tracing.TraceAllMethod.invoke(TraceAllMethod.java:66)
	at com.sun.proxy.$Proxy38.createFile(Unknown Source)
	at org.apache.hadoop.ozone.client.rpc.RpcClient.createFile(RpcClient.java:1006)
	at org.apache.hadoop.ozone.client.OzoneBucket.createFile(OzoneBucket.java:537)
	at org.apache.hadoop.fs.ozone.BasicOzoneClientAdapterImpl.createFile(BasicOzoneClientAdapterImpl.java:205)
	at org.apache.hadoop.fs.ozone.BasicOzoneFileSystem.createOutputStream(BasicOzoneFileSystem.java:250)
	at org.apache.hadoop.fs.ozone.BasicOzoneFileSystem.create(BasicOzoneFileSystem.java:231)
	at org.apache.hadoop.fs.FileSystem.create(FileSystem.java:1118)
	at org.apache.hadoop.fs.FileSystem.create(FileSystem.java:1098)
	at org.apache.hadoop.fs.FileSystem.create(FileSystem.java:987)
	at org.apache.hadoop.fs.contract.ContractTestUtils.createFile(ContractTestUtils.java:633)
	at org.apache.hadoop.fs.contract.ContractTestUtils.touch(ContractTestUtils.java:669)
	at org.apache.hadoop.fs.ozone.TestOzoneFileSystem.testListStatusOnSubDirs(TestOzoneFileSystem.java:251)
	at sun.reflect.NativeMethodAccessorImpl.invoke0(Native Method)
	at sun.reflect.NativeMethodAccessorImpl.invoke(NativeMethodAccessorImpl.java:62)
	at sun.reflect.DelegatingMethodAccessorImpl.invoke(DelegatingMethodAccessorImpl.java:43)
	at java.lang.reflect.Method.invoke(Method.java:498)
	at org.junit.runners.model.FrameworkMethod$1.runReflectiveCall(FrameworkMethod.java:47)
	at org.junit.internal.runners.model.ReflectiveCallable.run(ReflectiveCallable.java:12)
	at org.junit.runners.model.FrameworkMethod.invokeExplosively(FrameworkMethod.java:44)
	at org.junit.internal.runners.statements.InvokeMethod.evaluate(InvokeMethod.java:17)
	at org.junit.internal.runners.statements.RunBefores.evaluate(RunBefores.java:26)
	at org.junit.internal.runners.statements.RunAfters.evaluate(RunAfters.java:27)
	at org.junit.internal.runners.statements.FailOnTimeout$StatementThread.run(FailOnTimeout.java:74)
</error>
    <system-out><![CDATA[2019-09-25 05:52:06,580 [Thread-525] WARN  server.ServerUtils (ServerUtils.java:getScmDbDir(145)) - ozone.scm.db.dirs is not configured. We recommend adding this setting. Falling back to ozone.metadata.dirs instead.
2019-09-25 05:52:06,607 [Thread-525] WARN  server.ServerUtils (ServerUtils.java:getScmDbDir(145)) - ozone.scm.db.dirs is not configured. We recommend adding this setting. Falling back to ozone.metadata.dirs instead.
2019-09-25 05:52:06,608 [Thread-525] WARN  server.ServerUtils (ServerUtils.java:getScmDbDir(145)) - ozone.scm.db.dirs is not configured. We recommend adding this setting. Falling back to ozone.metadata.dirs instead.
2019-09-25 05:52:06,608 [Thread-525] INFO  db.DBStoreBuilder (DBStoreBuilder.java:addTable(110)) - using custom profile for table: deletedBlocks
2019-09-25 05:52:06,608 [Thread-525] INFO  db.DBStoreBuilder (DBStoreBuilder.java:processTables(161)) - Using default column profile:DBProfile.DISK for Table:deletedBlocks
2019-09-25 05:52:06,609 [Thread-525] INFO  db.DBStoreBuilder (DBStoreBuilder.java:addTable(110)) - using custom profile for table: validCerts
2019-09-25 05:52:06,609 [Thread-525] INFO  db.DBStoreBuilder (DBStoreBuilder.java:processTables(161)) - Using default column profile:DBProfile.DISK for Table:validCerts
2019-09-25 05:52:06,609 [Thread-525] INFO  db.DBStoreBuilder (DBStoreBuilder.java:addTable(110)) - using custom profile for table: revokedCerts
2019-09-25 05:52:06,609 [Thread-525] INFO  db.DBStoreBuilder (DBStoreBuilder.java:processTables(161)) - Using default column profile:DBProfile.DISK for Table:revokedCerts
2019-09-25 05:52:06,610 [Thread-525] INFO  db.DBStoreBuilder (DBStoreBuilder.java:addTable(110)) - using custom profile for table: default
2019-09-25 05:52:06,610 [Thread-525] INFO  db.DBStoreBuilder (DBStoreBuilder.java:processTables(167)) - Using default column profile:DBProfile.DISK for Table:default
2019-09-25 05:52:06,610 [Thread-525] INFO  db.DBStoreBuilder (DBStoreBuilder.java:getDbProfile(198)) - Using default options. DBProfile.DISK
2019-09-25 05:52:06,786 [Thread-525] INFO  net.NodeSchemaLoader (NodeSchemaLoader.java:loadSchemaFromFile(125)) - Loading file from sun.misc.CompoundEnumeration@415522c7
2019-09-25 05:52:06,786 [Thread-525] INFO  net.NodeSchemaLoader (NodeSchemaLoader.java:loadSchema(171)) - Loading network topology layer schema file
2019-09-25 05:52:06,790 [Thread-525] WARN  server.ServerUtils (ServerUtils.java:sanitizeUserArgs(70)) - ozone.scm.stale.node.interval value = 300000 is larger than max = 100000 based on the key value of ozone.scm.heartbeat.thread.interval, reset to the max value 100000.
2019-09-25 05:52:06,790 [Thread-525] WARN  server.ServerUtils (ServerUtils.java:sanitizeUserArgs(70)) - ozone.scm.stale.node.interval value = 300000 is larger than max = 100000 based on the key value of ozone.scm.heartbeat.thread.interval, reset to the max value 100000.
2019-09-25 05:52:06,791 [Thread-525] INFO  node.SCMNodeManager (SCMNodeManager.java:<init>(114)) - Entering startup safe mode.
2019-09-25 05:52:06,791 [Thread-525] INFO  algorithms.ContainerPlacementPolicyFactory (ContainerPlacementPolicyFactory.java:getPolicy(60)) - Create container placement policy of type org.apache.hadoop.hdds.scm.container.placement.algorithms.SCMContainerPlacementRandom
2019-09-25 05:52:06,792 [Thread-525] WARN  server.ServerUtils (ServerUtils.java:getScmDbDir(145)) - ozone.scm.db.dirs is not configured. We recommend adding this setting. Falling back to ozone.metadata.dirs instead.
2019-09-25 05:52:06,819 [Thread-525] INFO  pipeline.SCMPipelineManager (SCMPipelineManager.java:initializePipelineState(132)) - No pipeline exists in current db
2019-09-25 05:52:06,819 [Thread-525] WARN  server.ServerUtils (ServerUtils.java:getScmDbDir(145)) - ozone.scm.db.dirs is not configured. We recommend adding this setting. Falling back to ozone.metadata.dirs instead.
2019-09-25 05:52:06,852 [Thread-525] WARN  events.EventQueue (EventQueue.java:fireEvent(183)) - No event handler registered for event TypedEvent{payloadType=SafeModeStatus, name='SafeModeStatus'}
2019-09-25 05:52:06,853 [Thread-525] INFO  ipc.CallQueueManager (CallQueueManager.java:<init>(84)) - Using callQueue: class java.util.concurrent.LinkedBlockingQueue, queueCapacity: 2000, scheduler: class org.apache.hadoop.ipc.DefaultRpcScheduler, ipcBackoff: false.
2019-09-25 05:52:06,854 [Socket Reader #1 for port 36889] INFO  ipc.Server (Server.java:run(1074)) - Starting Socket Reader #1 for port 36889
2019-09-25 05:52:06,856 [Thread-525] INFO  ipc.CallQueueManager (CallQueueManager.java:<init>(84)) - Using callQueue: class java.util.concurrent.LinkedBlockingQueue, queueCapacity: 2000, scheduler: class org.apache.hadoop.ipc.DefaultRpcScheduler, ipcBackoff: false.
2019-09-25 05:52:06,857 [Socket Reader #1 for port 40165] INFO  ipc.Server (Server.java:run(1074)) - Starting Socket Reader #1 for port 40165
2019-09-25 05:52:06,859 [Thread-525] INFO  ipc.CallQueueManager (CallQueueManager.java:<init>(84)) - Using callQueue: class java.util.concurrent.LinkedBlockingQueue, queueCapacity: 2000, scheduler: class org.apache.hadoop.ipc.DefaultRpcScheduler, ipcBackoff: false.
2019-09-25 05:52:06,860 [Socket Reader #1 for port 37306] INFO  ipc.Server (Server.java:run(1074)) - Starting Socket Reader #1 for port 37306
2019-09-25 05:52:06,862 [Thread-525] INFO  hdfs.DFSUtil (DFSUtil.java:httpServerTemplateForNNAndJN(1641)) - Starting Web-server for scm at: http://0.0.0.0:0
2019-09-25 05:52:06,865 [Thread-525] INFO  server.AuthenticationFilter (AuthenticationFilter.java:constructSecretProvider(240)) - Unable to initialize FileSignerSecretProvider, falling back to use random secrets.
2019-09-25 05:52:06,866 [Thread-525] WARN  http.HttpRequestLog (HttpRequestLog.java:getRequestLog(97)) - Jetty request log can only be enabled using Log4j
2019-09-25 05:52:06,868 [Thread-525] INFO  http.HttpServer2 (HttpServer2.java:addGlobalFilter(975)) - Added global filter 'safety' (class=org.apache.hadoop.http.HttpServer2$QuotingInputFilter)
2019-09-25 05:52:06,868 [Thread-525] INFO  http.HttpServer2 (HttpServer2.java:addFilter(948)) - Added filter static_user_filter (class=org.apache.hadoop.http.lib.StaticUserWebFilter$StaticUserFilter) to context scm
2019-09-25 05:52:06,869 [Thread-525] INFO  http.HttpServer2 (HttpServer2.java:addFilter(958)) - Added filter static_user_filter (class=org.apache.hadoop.http.lib.StaticUserWebFilter$StaticUserFilter) to context static
2019-09-25 05:52:06,869 [Thread-525] INFO  http.HttpServer2 (HttpServer2.java:addFilter(958)) - Added filter static_user_filter (class=org.apache.hadoop.http.lib.StaticUserWebFilter$StaticUserFilter) to context logs
2019-09-25 05:52:06,871 [Thread-525] INFO  server.StorageContainerManager (StorageContainerManager.java:start(770)) - StorageContainerLocationProtocol RPC server is listening at /0.0.0.0:37306
2019-09-25 05:52:06,873 [Thread-525] WARN  impl.MetricsConfig (MetricsConfig.java:loadFirst(134)) - Cannot locate configuration: tried hadoop-metrics2-storagecontainermanager.properties,hadoop-metrics2.properties
2019-09-25 05:52:06,874 [Thread-525] INFO  impl.MetricsSystemImpl (MetricsSystemImpl.java:startTimer(374)) - Scheduled Metric snapshot period at 10 second(s).
2019-09-25 05:52:06,874 [Thread-525] INFO  impl.MetricsSystemImpl (MetricsSystemImpl.java:start(191)) - StorageContainerManager metrics system started
2019-09-25 05:52:06,946 [Thread-525] WARN  impl.MetricsSystemImpl (MetricsSystemImpl.java:register(276)) - Sink prometheus already exists!
2019-09-25 05:52:06,958 [Thread-525] INFO  server.SCMClientProtocolServer (SCMClientProtocolServer.java:start(151)) - RPC server for Client  is listening at /0.0.0.0:37306
2019-09-25 05:52:06,959 [IPC Server Responder] INFO  ipc.Server (Server.java:run(1314)) - IPC Server Responder: starting
2019-09-25 05:52:06,959 [IPC Server listener on 37306] INFO  ipc.Server (Server.java:run(1153)) - IPC Server listener on 37306: starting
2019-09-25 05:52:06,963 [Thread-525] INFO  server.StorageContainerManager (StorageContainerManager.java:start(780)) - ScmBlockLocationProtocol RPC server is listening at /0.0.0.0:40165
2019-09-25 05:52:06,964 [Thread-525] INFO  server.SCMBlockProtocolServer (SCMBlockProtocolServer.java:start(146)) - RPC server for Block Protocol is listening at /0.0.0.0:40165
2019-09-25 05:52:06,964 [IPC Server Responder] INFO  ipc.Server (Server.java:run(1314)) - IPC Server Responder: starting
2019-09-25 05:52:06,964 [IPC Server listener on 40165] INFO  ipc.Server (Server.java:run(1153)) - IPC Server listener on 40165: starting
2019-09-25 05:52:06,969 [Thread-525] INFO  server.StorageContainerManager (StorageContainerManager.java:start(784)) - ScmDatanodeProtocl RPC server is listening at /0.0.0.0:36889
2019-09-25 05:52:06,969 [Thread-525] INFO  server.SCMDatanodeProtocolServer (SCMDatanodeProtocolServer.java:start(191)) - RPC server for DataNodes is listening at /0.0.0.0:36889
2019-09-25 05:52:06,969 [IPC Server Responder] INFO  ipc.Server (Server.java:run(1314)) - IPC Server Responder: starting
2019-09-25 05:52:06,970 [IPC Server listener on 36889] INFO  ipc.Server (Server.java:run(1153)) - IPC Server listener on 36889: starting
2019-09-25 05:52:06,974 [Thread-525] INFO  http.HttpServer2 (HttpServer2.java:bindListener(1191)) - Jetty bound to port 38222
2019-09-25 05:52:06,974 [Thread-525] INFO  server.Server (Server.java:doStart(351)) - jetty-9.3.25.v20180904, build timestamp: 2018-09-04T21:11:46Z, git hash: 3ce520221d0240229c862b122d2b06c12a625732
2019-09-25 05:52:06,977 [Thread-525] INFO  handler.ContextHandler (ContextHandler.java:doStart(781)) - Started o.e.j.s.ServletContextHandler@27e25f5d{/logs,file:///workdir/hadoop-ozone/ozonefs/target/log,AVAILABLE}
2019-09-25 05:52:06,978 [Thread-525] INFO  handler.ContextHandler (ContextHandler.java:doStart(781)) - Started o.e.j.s.ServletContextHandler@3fee0b7d{/static,jar:file:/home/user/.m2/repository/org/apache/hadoop/hadoop-hdds-server-scm/0.5.0-SNAPSHOT/hadoop-hdds-server-scm-0.5.0-SNAPSHOT.jar!/webapps/static,AVAILABLE}
2019-09-25 05:52:07,040 [Thread-525] INFO  handler.ContextHandler (ContextHandler.java:doStart(781)) - Started o.e.j.w.WebAppContext@45fcbdb6{/,file:///tmp/jetty-0.0.0.0-38222-scm-_-any-4617455463035266354.dir/webapp/,AVAILABLE}{/scm}
2019-09-25 05:52:07,043 [Thread-525] INFO  server.AbstractConnector (AbstractConnector.java:doStart(278)) - Started ServerConnector@6dcfd0fb{HTTP/1.1,[http/1.1]}{0.0.0.0:38222}
2019-09-25 05:52:07,043 [Thread-525] INFO  server.Server (Server.java:doStart(419)) - Started @39919ms
2019-09-25 05:52:07,043 [Thread-525] WARN  impl.MetricsSystemImpl (MetricsSystemImpl.java:register(276)) - Sink prometheus already exists!
2019-09-25 05:52:07,044 [Thread-525] INFO  server.BaseHttpServer (BaseHttpServer.java:updateConnectorAddress(215)) - HTTP server of SCM is listening at http://0.0.0.0:38222
2019-09-25 05:52:07,046 [Thread-525] WARN  server.ServerUtils (ServerUtils.java:getDBPath(222)) - ozone.om.db.dirs is not configured. We recommend adding this setting. Falling back to ozone.metadata.dirs instead.
2019-09-25 05:52:07,046 [org.apache.hadoop.util.JvmPauseMonitor$Monitor@252d61c] INFO  util.JvmPauseMonitor (JvmPauseMonitor.java:run(188)) - Starting JVM pause monitor
2019-09-25 05:52:07,061 [Thread-525] WARN  server.ServerUtils (ServerUtils.java:getDBPath(222)) - ozone.om.db.dirs is not configured. We recommend adding this setting. Falling back to ozone.metadata.dirs instead.
2019-09-25 05:52:07,062 [Thread-525] WARN  server.ServerUtils (ServerUtils.java:getDBPath(222)) - ozone.om.db.dirs is not configured. We recommend adding this setting. Falling back to ozone.metadata.dirs instead.
2019-09-25 05:52:07,062 [Thread-525] INFO  om.OzoneManager (OzoneManager.java:setOMNodeDetails(652)) - OM Service ID is not set. Setting it to the default ID: omServiceIdDefault
2019-09-25 05:52:07,063 [Thread-525] INFO  om.OzoneManager (OzoneManager.java:setOMNodeDetails(658)) - OM Node ID is not set. Setting it to the OmStorage's OmID: 125e3b6b-96bd-4c5e-a753-4044b2f5dd67
2019-09-25 05:52:07,063 [Thread-525] INFO  om.OzoneManager (OzoneManager.java:loadOMHAConfigs(609)) - Found matching OM address with OMServiceId: null, OMNodeId: null, RPC Address: localhost:0 and Ratis port: 9872
2019-09-25 05:52:07,072 [Thread-525] WARN  server.ServerUtils (ServerUtils.java:getDBPath(222)) - ozone.om.db.dirs is not configured. We recommend adding this setting. Falling back to ozone.metadata.dirs instead.
2019-09-25 05:52:07,072 [Thread-525] INFO  db.DBStoreBuilder (DBStoreBuilder.java:addTable(110)) - using custom profile for table: userTable
2019-09-25 05:52:07,073 [Thread-525] INFO  db.DBStoreBuilder (DBStoreBuilder.java:processTables(161)) - Using default column profile:DBProfile.DISK for Table:userTable
2019-09-25 05:52:07,073 [Thread-525] INFO  db.DBStoreBuilder (DBStoreBuilder.java:addTable(110)) - using custom profile for table: volumeTable
2019-09-25 05:52:07,073 [Thread-525] INFO  db.DBStoreBuilder (DBStoreBuilder.java:processTables(161)) - Using default column profile:DBProfile.DISK for Table:volumeTable
2019-09-25 05:52:07,074 [Thread-525] INFO  db.DBStoreBuilder (DBStoreBuilder.java:addTable(110)) - using custom profile for table: bucketTable
2019-09-25 05:52:07,074 [Thread-525] INFO  db.DBStoreBuilder (DBStoreBuilder.java:processTables(161)) - Using default column profile:DBProfile.DISK for Table:bucketTable
2019-09-25 05:52:07,074 [Thread-525] INFO  db.DBStoreBuilder (DBStoreBuilder.java:addTable(110)) - using custom profile for table: keyTable
2019-09-25 05:52:07,074 [Thread-525] INFO  db.DBStoreBuilder (DBStoreBuilder.java:processTables(161)) - Using default column profile:DBProfile.DISK for Table:keyTable
2019-09-25 05:52:07,075 [Thread-525] INFO  db.DBStoreBuilder (DBStoreBuilder.java:addTable(110)) - using custom profile for table: deletedTable
2019-09-25 05:52:07,075 [Thread-525] INFO  db.DBStoreBuilder (DBStoreBuilder.java:processTables(161)) - Using default column profile:DBProfile.DISK for Table:deletedTable
2019-09-25 05:52:07,076 [Thread-525] INFO  db.DBStoreBuilder (DBStoreBuilder.java:addTable(110)) - using custom profile for table: openKeyTable
2019-09-25 05:52:07,076 [Thread-525] INFO  db.DBStoreBuilder (DBStoreBuilder.java:processTables(161)) - Using default column profile:DBProfile.DISK for Table:openKeyTable
2019-09-25 05:52:07,076 [Thread-525] INFO  db.DBStoreBuilder (DBStoreBuilder.java:addTable(110)) - using custom profile for table: s3Table
2019-09-25 05:52:07,076 [Thread-525] INFO  db.DBStoreBuilder (DBStoreBuilder.java:processTables(161)) - Using default column profile:DBProfile.DISK for Table:s3Table
2019-09-25 05:52:07,077 [Thread-525] INFO  db.DBStoreBuilder (DBStoreBuilder.java:addTable(110)) - using custom profile for table: multipartInfoTable
2019-09-25 05:52:07,077 [Thread-525] INFO  db.DBStoreBuilder (DBStoreBuilder.java:processTables(161)) - Using default column profile:DBProfile.DISK for Table:multipartInfoTable
2019-09-25 05:52:07,078 [Thread-525] INFO  db.DBStoreBuilder (DBStoreBuilder.java:addTable(110)) - using custom profile for table: dTokenTable
2019-09-25 05:52:07,078 [Thread-525] INFO  db.DBStoreBuilder (DBStoreBuilder.java:processTables(161)) - Using default column profile:DBProfile.DISK for Table:dTokenTable
2019-09-25 05:52:07,079 [Thread-525] INFO  db.DBStoreBuilder (DBStoreBuilder.java:addTable(110)) - using custom profile for table: s3SecretTable
2019-09-25 05:52:07,079 [Thread-525] INFO  db.DBStoreBuilder (DBStoreBuilder.java:processTables(161)) - Using default column profile:DBProfile.DISK for Table:s3SecretTable
2019-09-25 05:52:07,079 [Thread-525] INFO  db.DBStoreBuilder (DBStoreBuilder.java:addTable(110)) - using custom profile for table: prefixTable
2019-09-25 05:52:07,079 [Thread-525] INFO  db.DBStoreBuilder (DBStoreBuilder.java:processTables(161)) - Using default column profile:DBProfile.DISK for Table:prefixTable
2019-09-25 05:52:07,080 [Thread-525] INFO  db.DBStoreBuilder (DBStoreBuilder.java:addTable(110)) - using custom profile for table: default
2019-09-25 05:52:07,080 [Thread-525] INFO  db.DBStoreBuilder (DBStoreBuilder.java:processTables(167)) - Using default column profile:DBProfile.DISK for Table:default
2019-09-25 05:52:07,080 [Thread-525] INFO  db.DBStoreBuilder (DBStoreBuilder.java:getDbProfile(198)) - Using default options. DBProfile.DISK
2019-09-25 05:52:07,602 [Thread-525] INFO  ipc.CallQueueManager (CallQueueManager.java:<init>(84)) - Using callQueue: class java.util.concurrent.LinkedBlockingQueue, queueCapacity: 2000, scheduler: class org.apache.hadoop.ipc.DefaultRpcScheduler, ipcBackoff: false.
2019-09-25 05:52:07,603 [Socket Reader #1 for port 42731] INFO  ipc.Server (Server.java:run(1074)) - Starting Socket Reader #1 for port 42731
2019-09-25 05:52:07,632 [Thread-525] INFO  om.OzoneManager (OzoneManager.java:start(1243)) - OzoneManager RPC server is listening at localhost/127.0.0.1:42731
2019-09-25 05:52:07,632 [Thread-525] INFO  impl.MetricsSystemImpl (MetricsSystemImpl.java:init(158)) - OzoneManager metrics system started (again)
2019-09-25 05:52:07,633 [IPC Server Responder] INFO  ipc.Server (Server.java:run(1314)) - IPC Server Responder: starting
2019-09-25 05:52:07,633 [IPC Server listener on 42731] INFO  ipc.Server (Server.java:run(1153)) - IPC Server listener on 42731: starting
2019-09-25 05:52:07,640 [Thread-525] INFO  hdfs.DFSUtil (DFSUtil.java:httpServerTemplateForNNAndJN(1641)) - Starting Web-server for ozoneManager at: http://0.0.0.0:0
2019-09-25 05:52:07,643 [Thread-525] INFO  server.AuthenticationFilter (AuthenticationFilter.java:constructSecretProvider(240)) - Unable to initialize FileSignerSecretProvider, falling back to use random secrets.
2019-09-25 05:52:07,644 [Thread-525] WARN  http.HttpRequestLog (HttpRequestLog.java:getRequestLog(97)) - Jetty request log can only be enabled using Log4j
2019-09-25 05:52:07,648 [Thread-525] INFO  http.HttpServer2 (HttpServer2.java:addGlobalFilter(975)) - Added global filter 'safety' (class=org.apache.hadoop.http.HttpServer2$QuotingInputFilter)
2019-09-25 05:52:07,649 [Thread-525] INFO  http.HttpServer2 (HttpServer2.java:addFilter(948)) - Added filter static_user_filter (class=org.apache.hadoop.http.lib.StaticUserWebFilter$StaticUserFilter) to context ozoneManager
2019-09-25 05:52:07,650 [Thread-525] INFO  http.HttpServer2 (HttpServer2.java:addFilter(958)) - Added filter static_user_filter (class=org.apache.hadoop.http.lib.StaticUserWebFilter$StaticUserFilter) to context logs
2019-09-25 05:52:07,650 [Thread-525] INFO  http.HttpServer2 (HttpServer2.java:addFilter(958)) - Added filter static_user_filter (class=org.apache.hadoop.http.lib.StaticUserWebFilter$StaticUserFilter) to context static
2019-09-25 05:52:07,651 [Thread-525] INFO  http.HttpServer2 (HttpServer2.java:bindListener(1191)) - Jetty bound to port 40100
2019-09-25 05:52:07,651 [Thread-525] INFO  server.Server (Server.java:doStart(351)) - jetty-9.3.25.v20180904, build timestamp: 2018-09-04T21:11:46Z, git hash: 3ce520221d0240229c862b122d2b06c12a625732
2019-09-25 05:52:07,654 [Thread-525] INFO  handler.ContextHandler (ContextHandler.java:doStart(781)) - Started o.e.j.s.ServletContextHandler@523cb56c{/logs,file:///workdir/hadoop-ozone/ozonefs/target/log,AVAILABLE}
2019-09-25 05:52:07,655 [Thread-525] INFO  handler.ContextHandler (ContextHandler.java:doStart(781)) - Started o.e.j.s.ServletContextHandler@4c1d44b8{/static,jar:file:/home/user/.m2/repository/org/apache/hadoop/hadoop-ozone-ozone-manager/0.5.0-SNAPSHOT/hadoop-ozone-ozone-manager-0.5.0-SNAPSHOT.jar!/webapps/static,AVAILABLE}
2019-09-25 05:52:07,720 [Thread-525] INFO  handler.ContextHandler (ContextHandler.java:doStart(781)) - Started o.e.j.w.WebAppContext@75214186{/,file:///tmp/jetty-0.0.0.0-40100-ozoneManager-_-any-6358158874216966316.dir/webapp/,AVAILABLE}{/ozoneManager}
2019-09-25 05:52:07,721 [Thread-525] INFO  server.AbstractConnector (AbstractConnector.java:doStart(278)) - Started ServerConnector@3d95dd6a{HTTP/1.1,[http/1.1]}{0.0.0.0:40100}
2019-09-25 05:52:07,722 [Thread-525] INFO  server.Server (Server.java:doStart(419)) - Started @40598ms
2019-09-25 05:52:07,722 [Thread-525] WARN  impl.MetricsSystemImpl (MetricsSystemImpl.java:register(276)) - Sink prometheus already exists!
2019-09-25 05:52:07,723 [Thread-525] INFO  server.BaseHttpServer (BaseHttpServer.java:updateConnectorAddress(215)) - HTTP server of OZONEMANAGER is listening at http://0.0.0.0:40100
2019-09-25 05:52:07,734 [Thread-525] INFO  impl.MetricsSystemImpl (MetricsSystemImpl.java:init(158)) - HddsDatanode metrics system started (again)
2019-09-25 05:52:07,736 [Thread-525] INFO  ozone.HddsDatanodeService (HddsDatanodeService.java:start(184)) - HddsDatanodeService host:pr-hdds-1569-zxpks-796972592 ip:192.168.5.161
2019-09-25 05:52:07,743 [Thread-525] INFO  volume.HddsVolume (HddsVolume.java:<init>(176)) - Creating Volume: /workdir/hadoop-ozone/ozonefs/target/test-dir/MiniOzoneClusterImpl-9dde5f9b-6604-4092-bbbb-eb034b8ffd25/datanode-0/data/containers/hdds of  storage type : DISK and capacity : 1482555576320
2019-09-25 05:52:07,744 [Thread-525] INFO  volume.VolumeSet (VolumeSet.java:initializeVolumeSet(170)) - Added Volume : /workdir/hadoop-ozone/ozonefs/target/test-dir/MiniOzoneClusterImpl-9dde5f9b-6604-4092-bbbb-eb034b8ffd25/datanode-0/data/containers/hdds to VolumeSet
2019-09-25 05:52:07,745 [Thread-525] INFO  volume.ThrottledAsyncChecker (ThrottledAsyncChecker.java:schedule(139)) - Scheduling a check for org.apache.hadoop.ozone.container.common.volume.HddsVolume@5ad1ef38
2019-09-25 05:52:07,746 [Thread-525] INFO  volume.HddsVolumeChecker (HddsVolumeChecker.java:checkAllVolumes(202)) - Scheduled health check for volume org.apache.hadoop.ozone.container.common.volume.HddsVolume@5ad1ef38
2019-09-25 05:52:07,768 [Thread-525] INFO  impl.RaftServerProxy (ConfUtils.java:logGet(43)) - raft.rpc.type = GRPC (default)
2019-09-25 05:52:07,768 [Thread-525] INFO  grpc.GrpcFactory (GrpcFactory.java:checkPooledByteBufAllocatorUseCacheForAllThreads(45)) - PERFORMANCE WARNING: useCacheForAllThreads is true that may cause Netty to create a lot garbage objects and, as a result, trigger GC.
	It is recommended to disable useCacheForAllThreads by setting -Dorg.apache.ratis.thirdparty.io.netty.allocator.useCacheForAllThreads=false in command line.
2019-09-25 05:52:07,773 [Thread-525] INFO  grpc.GrpcConfigKeys$Server (ConfUtils.java:logGet(43)) - raft.grpc.server.port = 0 (default)
2019-09-25 05:52:07,775 [Thread-525] INFO  server.GrpcService (ConfUtils.java:logGet(43)) - raft.grpc.message.size.max = 33570816 (custom)
2019-09-25 05:52:07,775 [Thread-525] INFO  server.RaftServerConfigKeys (ConfUtils.java:logGet(43)) - raft.server.log.appender.buffer.byte-limit = 33554432 (custom)
2019-09-25 05:52:07,775 [Thread-525] INFO  server.GrpcService (ConfUtils.java:logGet(43)) - raft.grpc.flow.control.window = 1MB (=1048576) (default)
2019-09-25 05:52:07,776 [Thread-525] INFO  server.RaftServerConfigKeys (ConfUtils.java:logGet(43)) - raft.server.rpc.request.timeout = 3000ms (default)
2019-09-25 05:52:07,778 [Thread-525] INFO  server.RaftServerConfigKeys (ConfUtils.java:logGet(43)) - raft.server.storage.dir = [/workdir/hadoop-ozone/ozonefs/target/test-dir/MiniOzoneClusterImpl-9dde5f9b-6604-4092-bbbb-eb034b8ffd25/datanode-0/data/ratis] (custom)
2019-09-25 05:52:07,780 [Thread-525] INFO  hdfs.DFSUtil (DFSUtil.java:httpServerTemplateForNNAndJN(1641)) - Starting Web-server for hddsDatanode at: http://0.0.0.0:0
2019-09-25 05:52:07,782 [Thread-525] INFO  server.AuthenticationFilter (AuthenticationFilter.java:constructSecretProvider(240)) - Unable to initialize FileSignerSecretProvider, falling back to use random secrets.
2019-09-25 05:52:07,783 [Thread-525] WARN  http.HttpRequestLog (HttpRequestLog.java:getRequestLog(97)) - Jetty request log can only be enabled using Log4j
2019-09-25 05:52:07,785 [Thread-525] INFO  http.HttpServer2 (HttpServer2.java:addGlobalFilter(975)) - Added global filter 'safety' (class=org.apache.hadoop.http.HttpServer2$QuotingInputFilter)
2019-09-25 05:52:07,785 [Thread-525] INFO  http.HttpServer2 (HttpServer2.java:addFilter(948)) - Added filter static_user_filter (class=org.apache.hadoop.http.lib.StaticUserWebFilter$StaticUserFilter) to context hddsDatanode
2019-09-25 05:52:07,786 [Thread-525] INFO  http.HttpServer2 (HttpServer2.java:addFilter(958)) - Added filter static_user_filter (class=org.apache.hadoop.http.lib.StaticUserWebFilter$StaticUserFilter) to context logs
2019-09-25 05:52:07,786 [Thread-525] INFO  http.HttpServer2 (HttpServer2.java:addFilter(958)) - Added filter static_user_filter (class=org.apache.hadoop.http.lib.StaticUserWebFilter$StaticUserFilter) to context static
2019-09-25 05:52:07,786 [Thread-525] INFO  http.HttpServer2 (HttpServer2.java:bindListener(1191)) - Jetty bound to port 45441
2019-09-25 05:52:07,787 [Thread-525] INFO  server.Server (Server.java:doStart(351)) - jetty-9.3.25.v20180904, build timestamp: 2018-09-04T21:11:46Z, git hash: 3ce520221d0240229c862b122d2b06c12a625732
2019-09-25 05:52:07,788 [Thread-525] INFO  handler.ContextHandler (ContextHandler.java:doStart(781)) - Started o.e.j.s.ServletContextHandler@1a0331ef{/logs,file:///workdir/hadoop-ozone/ozonefs/target/log,AVAILABLE}
2019-09-25 05:52:07,789 [Thread-525] INFO  handler.ContextHandler (ContextHandler.java:doStart(781)) - Started o.e.j.s.ServletContextHandler@3cdbb4f5{/static,jar:file:/home/user/.m2/repository/org/apache/hadoop/hadoop-hdds-container-service/0.5.0-SNAPSHOT/hadoop-hdds-container-service-0.5.0-SNAPSHOT.jar!/webapps/static,AVAILABLE}
2019-09-25 05:52:07,817 [Thread-525] INFO  handler.ContextHandler (ContextHandler.java:doStart(781)) - Started o.e.j.w.WebAppContext@38c4b809{/,file:///tmp/jetty-0.0.0.0-45441-hddsDatanode-_-any-1643987780867800394.dir/webapp/,AVAILABLE}{/hddsDatanode}
2019-09-25 05:52:07,817 [Thread-525] INFO  server.AbstractConnector (AbstractConnector.java:doStart(278)) - Started ServerConnector@26820622{HTTP/1.1,[http/1.1]}{0.0.0.0:45441}
2019-09-25 05:52:07,818 [Thread-525] INFO  server.Server (Server.java:doStart(419)) - Started @40695ms
2019-09-25 05:52:07,819 [Thread-525] WARN  impl.MetricsSystemImpl (MetricsSystemImpl.java:register(276)) - Sink prometheus already exists!
2019-09-25 05:52:07,819 [Thread-525] INFO  server.BaseHttpServer (BaseHttpServer.java:updateConnectorAddress(215)) - HTTP server of HDDSDATANODE is listening at http://0.0.0.0:45441
2019-09-25 05:52:07,820 [Thread-525] INFO  impl.MetricsSystemImpl (MetricsSystemImpl.java:init(158)) - HddsDatanode metrics system started (again)
2019-09-25 05:52:07,825 [org.apache.hadoop.util.JvmPauseMonitor$Monitor@1635f432] INFO  util.JvmPauseMonitor (JvmPauseMonitor.java:run(188)) - Starting JVM pause monitor
2019-09-25 05:52:07,825 [Thread-525] INFO  ozone.HddsDatanodeService (HddsDatanodeService.java:start(184)) - HddsDatanodeService host:pr-hdds-1569-zxpks-796972592 ip:192.168.5.161
2019-09-25 05:52:07,829 [Datanode State Machine Thread - 0] INFO  datanode.InitDatanodeState (InitDatanodeState.java:persistContainerDatanodeDetails(140)) - DatanodeDetails is persisted to /workdir/hadoop-ozone/ozonefs/target/test-dir/MiniOzoneClusterImpl-9dde5f9b-6604-4092-bbbb-eb034b8ffd25/datanode-0/meta/datanode.id
2019-09-25 05:52:07,832 [Thread-525] INFO  volume.HddsVolume (HddsVolume.java:<init>(176)) - Creating Volume: /workdir/hadoop-ozone/ozonefs/target/test-dir/MiniOzoneClusterImpl-9dde5f9b-6604-4092-bbbb-eb034b8ffd25/datanode-1/data/containers/hdds of  storage type : DISK and capacity : 1482555576320
2019-09-25 05:52:07,832 [Thread-525] INFO  volume.VolumeSet (VolumeSet.java:initializeVolumeSet(170)) - Added Volume : /workdir/hadoop-ozone/ozonefs/target/test-dir/MiniOzoneClusterImpl-9dde5f9b-6604-4092-bbbb-eb034b8ffd25/datanode-1/data/containers/hdds to VolumeSet
2019-09-25 05:52:07,833 [Thread-525] INFO  volume.ThrottledAsyncChecker (ThrottledAsyncChecker.java:schedule(139)) - Scheduling a check for org.apache.hadoop.ozone.container.common.volume.HddsVolume@781a3491
2019-09-25 05:52:07,834 [Thread-525] INFO  volume.HddsVolumeChecker (HddsVolumeChecker.java:checkAllVolumes(202)) - Scheduled health check for volume org.apache.hadoop.ozone.container.common.volume.HddsVolume@781a3491
2019-09-25 05:52:07,859 [Thread-525] INFO  impl.RaftServerProxy (ConfUtils.java:logGet(43)) - raft.rpc.type = GRPC (default)
2019-09-25 05:52:07,859 [Thread-525] INFO  grpc.GrpcFactory (GrpcFactory.java:checkPooledByteBufAllocatorUseCacheForAllThreads(45)) - PERFORMANCE WARNING: useCacheForAllThreads is true that may cause Netty to create a lot garbage objects and, as a result, trigger GC.
	It is recommended to disable useCacheForAllThreads by setting -Dorg.apache.ratis.thirdparty.io.netty.allocator.useCacheForAllThreads=false in command line.
2019-09-25 05:52:07,859 [Thread-525] INFO  grpc.GrpcConfigKeys$Server (ConfUtils.java:logGet(43)) - raft.grpc.server.port = 0 (default)
2019-09-25 05:52:07,860 [Thread-525] INFO  server.GrpcService (ConfUtils.java:logGet(43)) - raft.grpc.message.size.max = 33570816 (custom)
2019-09-25 05:52:07,860 [Thread-525] INFO  server.RaftServerConfigKeys (ConfUtils.java:logGet(43)) - raft.server.log.appender.buffer.byte-limit = 33554432 (custom)
2019-09-25 05:52:07,860 [Thread-525] INFO  server.GrpcService (ConfUtils.java:logGet(43)) - raft.grpc.flow.control.window = 1MB (=1048576) (default)
2019-09-25 05:52:07,860 [Thread-525] INFO  server.RaftServerConfigKeys (ConfUtils.java:logGet(43)) - raft.server.rpc.request.timeout = 3000ms (default)
2019-09-25 05:52:07,861 [Thread-525] INFO  server.RaftServerConfigKeys (ConfUtils.java:logGet(43)) - raft.server.storage.dir = [/workdir/hadoop-ozone/ozonefs/target/test-dir/MiniOzoneClusterImpl-9dde5f9b-6604-4092-bbbb-eb034b8ffd25/datanode-1/data/ratis] (custom)
2019-09-25 05:52:07,862 [Thread-525] INFO  hdfs.DFSUtil (DFSUtil.java:httpServerTemplateForNNAndJN(1641)) - Starting Web-server for hddsDatanode at: http://0.0.0.0:0
2019-09-25 05:52:07,864 [Thread-525] INFO  server.AuthenticationFilter (AuthenticationFilter.java:constructSecretProvider(240)) - Unable to initialize FileSignerSecretProvider, falling back to use random secrets.
2019-09-25 05:52:07,864 [Thread-525] WARN  http.HttpRequestLog (HttpRequestLog.java:getRequestLog(97)) - Jetty request log can only be enabled using Log4j
2019-09-25 05:52:07,866 [Thread-525] INFO  http.HttpServer2 (HttpServer2.java:addGlobalFilter(975)) - Added global filter 'safety' (class=org.apache.hadoop.http.HttpServer2$QuotingInputFilter)
2019-09-25 05:52:07,867 [Thread-525] INFO  http.HttpServer2 (HttpServer2.java:addFilter(948)) - Added filter static_user_filter (class=org.apache.hadoop.http.lib.StaticUserWebFilter$StaticUserFilter) to context hddsDatanode
2019-09-25 05:52:07,868 [Thread-525] INFO  http.HttpServer2 (HttpServer2.java:addFilter(958)) - Added filter static_user_filter (class=org.apache.hadoop.http.lib.StaticUserWebFilter$StaticUserFilter) to context static
2019-09-25 05:52:07,868 [Thread-525] INFO  http.HttpServer2 (HttpServer2.java:addFilter(958)) - Added filter static_user_filter (class=org.apache.hadoop.http.lib.StaticUserWebFilter$StaticUserFilter) to context logs
2019-09-25 05:52:07,869 [Thread-525] INFO  http.HttpServer2 (HttpServer2.java:bindListener(1191)) - Jetty bound to port 43153
2019-09-25 05:52:07,869 [Thread-525] INFO  server.Server (Server.java:doStart(351)) - jetty-9.3.25.v20180904, build timestamp: 2018-09-04T21:11:46Z, git hash: 3ce520221d0240229c862b122d2b06c12a625732
2019-09-25 05:52:07,871 [Thread-525] INFO  handler.ContextHandler (ContextHandler.java:doStart(781)) - Started o.e.j.s.ServletContextHandler@481ead76{/logs,file:///workdir/hadoop-ozone/ozonefs/target/log,AVAILABLE}
2019-09-25 05:52:07,871 [Thread-525] INFO  handler.ContextHandler (ContextHandler.java:doStart(781)) - Started o.e.j.s.ServletContextHandler@1886e017{/static,jar:file:/home/user/.m2/repository/org/apache/hadoop/hadoop-hdds-container-service/0.5.0-SNAPSHOT/hadoop-hdds-container-service-0.5.0-SNAPSHOT.jar!/webapps/static,AVAILABLE}
2019-09-25 05:52:07,898 [Thread-525] INFO  handler.ContextHandler (ContextHandler.java:doStart(781)) - Started o.e.j.w.WebAppContext@45bc3f15{/,file:///tmp/jetty-0.0.0.0-43153-hddsDatanode-_-any-5584757542064629655.dir/webapp/,AVAILABLE}{/hddsDatanode}
2019-09-25 05:52:07,899 [Thread-525] INFO  server.AbstractConnector (AbstractConnector.java:doStart(278)) - Started ServerConnector@32cfdac2{HTTP/1.1,[http/1.1]}{0.0.0.0:43153}
2019-09-25 05:52:07,900 [Thread-525] INFO  server.Server (Server.java:doStart(419)) - Started @40777ms
2019-09-25 05:52:07,900 [Thread-525] WARN  impl.MetricsSystemImpl (MetricsSystemImpl.java:register(276)) - Sink prometheus already exists!
2019-09-25 05:52:07,901 [Thread-525] INFO  server.BaseHttpServer (BaseHttpServer.java:updateConnectorAddress(215)) - HTTP server of HDDSDATANODE is listening at http://0.0.0.0:43153
2019-09-25 05:52:07,901 [Thread-525] INFO  impl.MetricsSystemImpl (MetricsSystemImpl.java:init(158)) - HddsDatanode metrics system started (again)
2019-09-25 05:52:07,906 [org.apache.hadoop.util.JvmPauseMonitor$Monitor@19849c1] INFO  util.JvmPauseMonitor (JvmPauseMonitor.java:run(188)) - Starting JVM pause monitor
2019-09-25 05:52:07,907 [Thread-525] INFO  ozone.HddsDatanodeService (HddsDatanodeService.java:start(184)) - HddsDatanodeService host:pr-hdds-1569-zxpks-796972592 ip:192.168.5.161
2019-09-25 05:52:07,908 [Datanode State Machine Thread - 0] INFO  datanode.InitDatanodeState (InitDatanodeState.java:persistContainerDatanodeDetails(140)) - DatanodeDetails is persisted to /workdir/hadoop-ozone/ozonefs/target/test-dir/MiniOzoneClusterImpl-9dde5f9b-6604-4092-bbbb-eb034b8ffd25/datanode-1/meta/datanode.id
2019-09-25 05:52:07,913 [Thread-525] INFO  volume.HddsVolume (HddsVolume.java:<init>(176)) - Creating Volume: /workdir/hadoop-ozone/ozonefs/target/test-dir/MiniOzoneClusterImpl-9dde5f9b-6604-4092-bbbb-eb034b8ffd25/datanode-2/data/containers/hdds of  storage type : DISK and capacity : 1482555576320
2019-09-25 05:52:07,913 [Thread-525] INFO  volume.VolumeSet (VolumeSet.java:initializeVolumeSet(170)) - Added Volume : /workdir/hadoop-ozone/ozonefs/target/test-dir/MiniOzoneClusterImpl-9dde5f9b-6604-4092-bbbb-eb034b8ffd25/datanode-2/data/containers/hdds to VolumeSet
2019-09-25 05:52:07,913 [Thread-525] INFO  volume.ThrottledAsyncChecker (ThrottledAsyncChecker.java:schedule(139)) - Scheduling a check for org.apache.hadoop.ozone.container.common.volume.HddsVolume@41ab8faa
2019-09-25 05:52:07,914 [Thread-525] INFO  volume.HddsVolumeChecker (HddsVolumeChecker.java:checkAllVolumes(202)) - Scheduled health check for volume org.apache.hadoop.ozone.container.common.volume.HddsVolume@41ab8faa
2019-09-25 05:52:07,939 [Thread-525] INFO  impl.RaftServerProxy (ConfUtils.java:logGet(43)) - raft.rpc.type = GRPC (default)
2019-09-25 05:52:07,939 [Thread-525] INFO  grpc.GrpcFactory (GrpcFactory.java:checkPooledByteBufAllocatorUseCacheForAllThreads(45)) - PERFORMANCE WARNING: useCacheForAllThreads is true that may cause Netty to create a lot garbage objects and, as a result, trigger GC.
	It is recommended to disable useCacheForAllThreads by setting -Dorg.apache.ratis.thirdparty.io.netty.allocator.useCacheForAllThreads=false in command line.
2019-09-25 05:52:07,939 [Thread-525] INFO  grpc.GrpcConfigKeys$Server (ConfUtils.java:logGet(43)) - raft.grpc.server.port = 0 (default)
2019-09-25 05:52:07,939 [Thread-525] INFO  server.GrpcService (ConfUtils.java:logGet(43)) - raft.grpc.message.size.max = 33570816 (custom)
2019-09-25 05:52:07,940 [Thread-525] INFO  server.RaftServerConfigKeys (ConfUtils.java:logGet(43)) - raft.server.log.appender.buffer.byte-limit = 33554432 (custom)
2019-09-25 05:52:07,940 [Thread-525] INFO  server.GrpcService (ConfUtils.java:logGet(43)) - raft.grpc.flow.control.window = 1MB (=1048576) (default)
2019-09-25 05:52:07,940 [Thread-525] INFO  server.RaftServerConfigKeys (ConfUtils.java:logGet(43)) - raft.server.rpc.request.timeout = 3000ms (default)
2019-09-25 05:52:07,940 [Thread-525] INFO  server.RaftServerConfigKeys (ConfUtils.java:logGet(43)) - raft.server.storage.dir = [/workdir/hadoop-ozone/ozonefs/target/test-dir/MiniOzoneClusterImpl-9dde5f9b-6604-4092-bbbb-eb034b8ffd25/datanode-2/data/ratis] (custom)
2019-09-25 05:52:07,942 [Thread-525] INFO  hdfs.DFSUtil (DFSUtil.java:httpServerTemplateForNNAndJN(1641)) - Starting Web-server for hddsDatanode at: http://0.0.0.0:0
2019-09-25 05:52:07,943 [Thread-525] INFO  server.AuthenticationFilter (AuthenticationFilter.java:constructSecretProvider(240)) - Unable to initialize FileSignerSecretProvider, falling back to use random secrets.
2019-09-25 05:52:07,944 [Thread-525] WARN  http.HttpRequestLog (HttpRequestLog.java:getRequestLog(97)) - Jetty request log can only be enabled using Log4j
2019-09-25 05:52:07,946 [Thread-525] INFO  http.HttpServer2 (HttpServer2.java:addGlobalFilter(975)) - Added global filter 'safety' (class=org.apache.hadoop.http.HttpServer2$QuotingInputFilter)
2019-09-25 05:52:07,947 [Thread-525] INFO  http.HttpServer2 (HttpServer2.java:addFilter(948)) - Added filter static_user_filter (class=org.apache.hadoop.http.lib.StaticUserWebFilter$StaticUserFilter) to context hddsDatanode
2019-09-25 05:52:07,947 [Thread-525] INFO  http.HttpServer2 (HttpServer2.java:addFilter(958)) - Added filter static_user_filter (class=org.apache.hadoop.http.lib.StaticUserWebFilter$StaticUserFilter) to context static
2019-09-25 05:52:07,947 [Thread-525] INFO  http.HttpServer2 (HttpServer2.java:addFilter(958)) - Added filter static_user_filter (class=org.apache.hadoop.http.lib.StaticUserWebFilter$StaticUserFilter) to context logs
2019-09-25 05:52:07,948 [Thread-525] INFO  http.HttpServer2 (HttpServer2.java:bindListener(1191)) - Jetty bound to port 43982
2019-09-25 05:52:07,948 [Thread-525] INFO  server.Server (Server.java:doStart(351)) - jetty-9.3.25.v20180904, build timestamp: 2018-09-04T21:11:46Z, git hash: 3ce520221d0240229c862b122d2b06c12a625732
2019-09-25 05:52:07,950 [Thread-525] INFO  handler.ContextHandler (ContextHandler.java:doStart(781)) - Started o.e.j.s.ServletContextHandler@256dd9d3{/logs,file:///workdir/hadoop-ozone/ozonefs/target/log,AVAILABLE}
2019-09-25 05:52:07,950 [Thread-525] INFO  handler.ContextHandler (ContextHandler.java:doStart(781)) - Started o.e.j.s.ServletContextHandler@2326596e{/static,jar:file:/home/user/.m2/repository/org/apache/hadoop/hadoop-hdds-container-service/0.5.0-SNAPSHOT/hadoop-hdds-container-service-0.5.0-SNAPSHOT.jar!/webapps/static,AVAILABLE}
2019-09-25 05:52:07,985 [Thread-525] INFO  handler.ContextHandler (ContextHandler.java:doStart(781)) - Started o.e.j.w.WebAppContext@215ba87b{/,file:///tmp/jetty-0.0.0.0-43982-hddsDatanode-_-any-6945545265576953011.dir/webapp/,AVAILABLE}{/hddsDatanode}
2019-09-25 05:52:07,985 [Thread-525] INFO  server.AbstractConnector (AbstractConnector.java:doStart(278)) - Started ServerConnector@57b93607{HTTP/1.1,[http/1.1]}{0.0.0.0:43982}
2019-09-25 05:52:07,987 [Thread-525] INFO  server.Server (Server.java:doStart(419)) - Started @40863ms
2019-09-25 05:52:07,987 [Thread-525] WARN  impl.MetricsSystemImpl (MetricsSystemImpl.java:register(276)) - Sink prometheus already exists!
2019-09-25 05:52:07,988 [Thread-525] INFO  server.BaseHttpServer (BaseHttpServer.java:updateConnectorAddress(215)) - HTTP server of HDDSDATANODE is listening at http://0.0.0.0:43982
2019-09-25 05:52:07,988 [Thread-525] INFO  ozone.MiniOzoneClusterImpl (MiniOzoneClusterImpl.java:lambda$waitForClusterToBeReady$0(147)) - Waiting for cluster to be ready. Got 0 of 3 DN Heartbeats.
2019-09-25 05:52:07,992 [org.apache.hadoop.util.JvmPauseMonitor$Monitor@b94afee] INFO  util.JvmPauseMonitor (JvmPauseMonitor.java:run(188)) - Starting JVM pause monitor
2019-09-25 05:52:07,994 [Datanode State Machine Thread - 0] INFO  datanode.InitDatanodeState (InitDatanodeState.java:persistContainerDatanodeDetails(140)) - DatanodeDetails is persisted to /workdir/hadoop-ozone/ozonefs/target/test-dir/MiniOzoneClusterImpl-9dde5f9b-6604-4092-bbbb-eb034b8ffd25/datanode-2/meta/datanode.id
2019-09-25 05:52:08,988 [Thread-525] INFO  ozone.MiniOzoneClusterImpl (MiniOzoneClusterImpl.java:lambda$waitForClusterToBeReady$0(147)) - Waiting for cluster to be ready. Got 0 of 3 DN Heartbeats.
2019-09-25 05:52:09,848 [Datanode State Machine Thread - 0] INFO  ozoneimpl.OzoneContainer (OzoneContainer.java:start(217)) - Attempting to start container services.
2019-09-25 05:52:09,848 [Datanode State Machine Thread - 0] INFO  ozoneimpl.OzoneContainer (OzoneContainer.java:startContainerScrub(179)) - Background container scanner has been disabled.
2019-09-25 05:52:09,848 [Datanode State Machine Thread - 0] INFO  ratis.XceiverServerRatis (XceiverServerRatis.java:start(411)) - Starting XceiverServerRatis 1c631bae-68b7-41af-adae-ceb8210a62c8 at port 0
2019-09-25 05:52:09,857 [Datanode State Machine Thread - 0] INFO  impl.RaftServerProxy (RaftServerProxy.java:lambda$start$3(299)) - 1c631bae-68b7-41af-adae-ceb8210a62c8: start RPC server
2019-09-25 05:52:09,863 [Datanode State Machine Thread - 0] INFO  server.GrpcService (GrpcService.java:startImpl(158)) - 1c631bae-68b7-41af-adae-ceb8210a62c8: GrpcService started, listening on 0.0.0.0/0.0.0.0:35361
2019-09-25 05:52:09,863 [Datanode State Machine Thread - 0] INFO  ratis.XceiverServerRatis (XceiverServerRatis.java:start(421)) - XceiverServerRatis 1c631bae-68b7-41af-adae-ceb8210a62c8 is started using port 35361
2019-09-25 05:52:09,865 [Datanode State Machine Thread - 0] INFO  server.XceiverServerGrpc (XceiverServerGrpc.java:start(149)) - XceiverServerGrpc 1c631bae-68b7-41af-adae-ceb8210a62c8 is started using port 43560
2019-09-25 05:52:09,934 [Datanode State Machine Thread - 0] INFO  ozoneimpl.OzoneContainer (OzoneContainer.java:start(217)) - Attempting to start container services.
2019-09-25 05:52:09,934 [Datanode State Machine Thread - 0] INFO  ozoneimpl.OzoneContainer (OzoneContainer.java:startContainerScrub(179)) - Background container scanner has been disabled.
2019-09-25 05:52:09,934 [Datanode State Machine Thread - 0] INFO  ratis.XceiverServerRatis (XceiverServerRatis.java:start(411)) - Starting XceiverServerRatis 0a80707e-124f-4b7c-988c-2e0ae8f888cc at port 0
2019-09-25 05:52:09,942 [Datanode State Machine Thread - 0] INFO  impl.RaftServerProxy (RaftServerProxy.java:lambda$start$3(299)) - 0a80707e-124f-4b7c-988c-2e0ae8f888cc: start RPC server
2019-09-25 05:52:09,944 [Datanode State Machine Thread - 0] INFO  server.GrpcService (GrpcService.java:startImpl(158)) - 0a80707e-124f-4b7c-988c-2e0ae8f888cc: GrpcService started, listening on 0.0.0.0/0.0.0.0:44339
2019-09-25 05:52:09,944 [Datanode State Machine Thread - 0] INFO  ratis.XceiverServerRatis (XceiverServerRatis.java:start(421)) - XceiverServerRatis 0a80707e-124f-4b7c-988c-2e0ae8f888cc is started using port 44339
2019-09-25 05:52:09,950 [Datanode State Machine Thread - 0] INFO  server.XceiverServerGrpc (XceiverServerGrpc.java:start(149)) - XceiverServerGrpc 0a80707e-124f-4b7c-988c-2e0ae8f888cc is started using port 41260
2019-09-25 05:52:09,989 [Thread-525] INFO  ozone.MiniOzoneClusterImpl (MiniOzoneClusterImpl.java:lambda$waitForClusterToBeReady$0(147)) - Waiting for cluster to be ready. Got 0 of 3 DN Heartbeats.
2019-09-25 05:52:10,007 [Datanode State Machine Thread - 0] INFO  ozoneimpl.OzoneContainer (OzoneContainer.java:start(217)) - Attempting to start container services.
2019-09-25 05:52:10,007 [Datanode State Machine Thread - 0] INFO  ozoneimpl.OzoneContainer (OzoneContainer.java:startContainerScrub(179)) - Background container scanner has been disabled.
2019-09-25 05:52:10,007 [Datanode State Machine Thread - 0] INFO  ratis.XceiverServerRatis (XceiverServerRatis.java:start(411)) - Starting XceiverServerRatis b5ee1a19-6deb-4763-80dd-59e5108b263a at port 0
2019-09-25 05:52:10,015 [Datanode State Machine Thread - 0] INFO  impl.RaftServerProxy (RaftServerProxy.java:lambda$start$3(299)) - b5ee1a19-6deb-4763-80dd-59e5108b263a: start RPC server
2019-09-25 05:52:10,016 [Datanode State Machine Thread - 0] INFO  server.GrpcService (GrpcService.java:startImpl(158)) - b5ee1a19-6deb-4763-80dd-59e5108b263a: GrpcService started, listening on 0.0.0.0/0.0.0.0:40020
2019-09-25 05:52:10,016 [Datanode State Machine Thread - 0] INFO  ratis.XceiverServerRatis (XceiverServerRatis.java:start(421)) - XceiverServerRatis b5ee1a19-6deb-4763-80dd-59e5108b263a is started using port 40020
2019-09-25 05:52:10,017 [Datanode State Machine Thread - 0] INFO  server.XceiverServerGrpc (XceiverServerGrpc.java:start(149)) - XceiverServerGrpc b5ee1a19-6deb-4763-80dd-59e5108b263a is started using port 38813
2019-09-25 05:52:10,989 [Thread-525] INFO  ozone.MiniOzoneClusterImpl (MiniOzoneClusterImpl.java:lambda$waitForClusterToBeReady$0(147)) - Waiting for cluster to be ready. Got 0 of 3 DN Heartbeats.
2019-09-25 05:52:11,830 [IPC Server handler 1 on 36889] INFO  net.NetworkTopology (NetworkTopologyImpl.java:add(111)) - Added a new node: /default-rack/1c631bae-68b7-41af-adae-ceb8210a62c8
2019-09-25 05:52:11,832 [IPC Server handler 1 on 36889] INFO  node.SCMNodeManager (SCMNodeManager.java:register(266)) - Registered Data node : 1c631bae-68b7-41af-adae-ceb8210a62c8{ip: 192.168.5.161, host: pr-hdds-1569-zxpks-796972592, networkLocation: /default-rack, certSerialId: null}
2019-09-25 05:52:11,833 [EventQueue-NodeRegistrationContainerReportForDataNodeSafeModeRule] INFO  safemode.SCMSafeModeManager (DataNodeSafeModeRule.java:process(71)) - SCM in safe mode. 1 DataNodes registered, 1 required.
2019-09-25 05:52:11,835 [EventQueue-NodeRegistrationContainerReportForDataNodeSafeModeRule] INFO  safemode.SCMSafeModeManager (SCMSafeModeManager.java:validateSafeModeExitRules(177)) - ScmSafeModeManager, all rules are successfully validated
2019-09-25 05:52:11,835 [EventQueue-NodeRegistrationContainerReportForDataNodeSafeModeRule] INFO  safemode.SCMSafeModeManager (SCMSafeModeManager.java:exitSafeMode(193)) - SCM exiting safe mode.
2019-09-25 05:52:11,860 [grpc-default-executor-0] INFO  impl.RaftServerProxy (RaftServerProxy.java:addNew(89)) - 1c631bae-68b7-41af-adae-ceb8210a62c8: addNew group-00D239515A28:[1c631bae-68b7-41af-adae-ceb8210a62c8:192.168.5.161:35361] returns group-00D239515A28:java.util.concurrent.CompletableFuture@2ec5f95c[Not completed]
2019-09-25 05:52:11,861 [pool-127-thread-1] INFO  impl.RaftServerImpl (RaftServerImpl.java:<init>(95)) - 1c631bae-68b7-41af-adae-ceb8210a62c8: new RaftServerImpl for group-00D239515A28:[1c631bae-68b7-41af-adae-ceb8210a62c8:192.168.5.161:35361] with ContainerStateMachine:uninitialized
2019-09-25 05:52:11,862 [pool-127-thread-1] INFO  server.RaftServerConfigKeys (ConfUtils.java:logGet(43)) - raft.server.rpc.timeout.min = 5s (custom)
2019-09-25 05:52:11,862 [pool-127-thread-1] INFO  server.RaftServerConfigKeys (ConfUtils.java:logGet(43)) - raft.server.rpc.timeout.max = 5200ms (custom)
2019-09-25 05:52:11,862 [pool-127-thread-1] INFO  server.RaftServerConfigKeys (ConfUtils.java:logGet(43)) - raft.server.rpcslowness.timeout = 120s (custom)
2019-09-25 05:52:11,862 [pool-127-thread-1] INFO  server.RaftServerConfigKeys (ConfUtils.java:logGet(43)) - raft.server.sleep.deviation.threshold = 300 (default)
2019-09-25 05:52:11,862 [pool-127-thread-1] INFO  server.RaftServerConfigKeys (ConfUtils.java:logGet(43)) - raft.server.log.appender.install.snapshot.enabled = false (custom)
2019-09-25 05:52:11,863 [pool-127-thread-1] INFO  impl.RaftServerImpl (ServerState.java:<init>(103)) - 1c631bae-68b7-41af-adae-ceb8210a62c8@group-00D239515A28: ConfigurationManager, init=-1: [1c631bae-68b7-41af-adae-ceb8210a62c8:192.168.5.161:35361], old=null, confs=<EMPTY_MAP>
2019-09-25 05:52:11,863 [pool-127-thread-1] INFO  server.RaftServerConfigKeys (ConfUtils.java:logGet(43)) - raft.server.storage.dir = [/workdir/hadoop-ozone/ozonefs/target/test-dir/MiniOzoneClusterImpl-9dde5f9b-6604-4092-bbbb-eb034b8ffd25/datanode-0/data/ratis] (custom)
2019-09-25 05:52:11,863 [pool-127-thread-1] INFO  storage.RaftStorageDirectory (RaftStorageDirectory.java:analyzeStorage(246)) - The storage directory /workdir/hadoop-ozone/ozonefs/target/test-dir/MiniOzoneClusterImpl-9dde5f9b-6604-4092-bbbb-eb034b8ffd25/datanode-0/data/ratis/6cb44d61-586c-4e6f-8dac-00d239515a28 does not exist. Creating ...
2019-09-25 05:52:11,876 [pool-127-thread-1] INFO  storage.RaftStorageDirectory (RaftStorageDirectory.java:tryLock(328)) - Lock on /workdir/hadoop-ozone/ozonefs/target/test-dir/MiniOzoneClusterImpl-9dde5f9b-6604-4092-bbbb-eb034b8ffd25/datanode-0/data/ratis/6cb44d61-586c-4e6f-8dac-00d239515a28/in_use.lock acquired by nodename 13808@pr-hdds-1569-zxpks-796972592
2019-09-25 05:52:11,891 [pool-127-thread-1] INFO  storage.RaftStorage (RaftStorage.java:format(72)) - Storage directory /workdir/hadoop-ozone/ozonefs/target/test-dir/MiniOzoneClusterImpl-9dde5f9b-6604-4092-bbbb-eb034b8ffd25/datanode-0/data/ratis/6cb44d61-586c-4e6f-8dac-00d239515a28 has been successfully formatted.
2019-09-25 05:52:11,892 [pool-127-thread-1] INFO  ratis.ContainerStateMachine (ContainerStateMachine.java:loadSnapshot(230)) - group-00D239515A28: The snapshot info is null. Setting the last applied indexto:(t:0, i:~)
2019-09-25 05:52:11,892 [pool-127-thread-1] INFO  server.RaftServerConfigKeys (ConfUtils.java:logGet(43)) - raft.server.notification.no-leader.timeout = 120s (custom)
2019-09-25 05:52:11,892 [pool-127-thread-1] INFO  server.RaftServerConfigKeys (ConfUtils.java:logGet(43)) - raft.server.log.use.memory = false (default)
2019-09-25 05:52:11,892 [pool-127-thread-1] INFO  server.RaftServerConfigKeys (ConfUtils.java:logGet(43)) - raft.server.log.purge.gap = 1000000 (custom)
2019-09-25 05:52:11,892 [pool-127-thread-1] INFO  server.RaftServerConfigKeys (ConfUtils.java:logGet(43)) - raft.server.log.appender.buffer.byte-limit = 33554432 (custom)
2019-09-25 05:52:11,893 [pool-127-thread-1] INFO  server.RaftServerConfigKeys (ConfUtils.java:logGet(43)) - raft.server.log.segment.size.max = 1048576 (custom)
2019-09-25 05:52:11,893 [pool-127-thread-1] INFO  server.RaftServerConfigKeys (ConfUtils.java:logGet(43)) - raft.server.log.segment.cache.num.max = 2 (custom)
2019-09-25 05:52:11,893 [pool-127-thread-1] INFO  segmented.SegmentedRaftLogWorker (SegmentedRaftLogWorker.java:<init>(172)) - new 1c631bae-68b7-41af-adae-ceb8210a62c8@group-00D239515A28-SegmentedRaftLogWorker for RaftStorage:Storage Directory /workdir/hadoop-ozone/ozonefs/target/test-dir/MiniOzoneClusterImpl-9dde5f9b-6604-4092-bbbb-eb034b8ffd25/datanode-0/data/ratis/6cb44d61-586c-4e6f-8dac-00d239515a28
2019-09-25 05:52:11,897 [pool-127-thread-1] INFO  server.RaftServerConfigKeys (ConfUtils.java:logGet(43)) - raft.server.log.queue.byte-limit = 2147483647 (custom)
2019-09-25 05:52:11,897 [pool-127-thread-1] INFO  server.RaftServerConfigKeys (ConfUtils.java:logGet(43)) - raft.server.log.queue.element-limit = 1024 (custom)
2019-09-25 05:52:11,898 [pool-127-thread-1] INFO  server.RaftServerConfigKeys (ConfUtils.java:logGet(43)) - raft.server.log.segment.size.max = 1048576 (custom)
2019-09-25 05:52:11,898 [pool-127-thread-1] INFO  server.RaftServerConfigKeys (ConfUtils.java:logGet(43)) - raft.server.log.preallocated.size = 16384 (custom)
2019-09-25 05:52:11,898 [pool-127-thread-1] INFO  server.RaftServerConfigKeys (ConfUtils.java:logGet(43)) - raft.server.log.write.buffer.size = 33554432 (custom)
2019-09-25 05:52:11,898 [pool-127-thread-1] INFO  server.RaftServerConfigKeys (ConfUtils.java:logGet(43)) - raft.server.log.force.sync.num = 128 (default)
2019-09-25 05:52:11,898 [pool-127-thread-1] INFO  server.RaftServerConfigKeys (ConfUtils.java:logGet(43)) - raft.server.log.statemachine.data.sync = true (default)
2019-09-25 05:52:11,898 [pool-127-thread-1] INFO  server.RaftServerConfigKeys (ConfUtils.java:logGet(43)) - raft.server.log.statemachine.data.sync.timeout = 10s (default)
2019-09-25 05:52:11,898 [pool-127-thread-1] INFO  server.RaftServerConfigKeys (ConfUtils.java:logGet(43)) - raft.server.log.statemachine.data.sync.timeout.retry = -1 (default)
2019-09-25 05:52:11,899 [pool-127-thread-1] INFO  server.RaftServerConfigKeys (ConfUtils.java:logGet(43)) - raft.server.log.statemachine.data.caching.enabled = true (custom)
2019-09-25 05:52:11,899 [pool-127-thread-1] INFO  segmented.SegmentedRaftLogWorker (SegmentedRaftLogWorker.java:lambda$new$0(132)) - 1c631bae-68b7-41af-adae-ceb8210a62c8@group-00D239515A28-SegmentedRaftLogWorker: flushIndex: setUnconditionally 0 -> -1
2019-09-25 05:52:11,900 [pool-127-thread-1] INFO  server.RaftServerConfigKeys (ConfUtils.java:logGet(43)) - raft.server.snapshot.auto.trigger.enabled = true (custom)
2019-09-25 05:52:11,900 [pool-127-thread-1] INFO  server.RaftServerConfigKeys (ConfUtils.java:logGet(43)) - raft.server.snapshot.auto.trigger.threshold = 10000 (custom)
2019-09-25 05:52:11,900 [pool-127-thread-1] INFO  server.RaftServerConfigKeys (ConfUtils.java:logGet(43)) - raft.server.snapshot.retention.num.files = 5 (custom)
2019-09-25 05:52:11,900 [pool-127-thread-1] INFO  server.RaftServerConfigKeys (ConfUtils.java:logGet(43)) - raft.server.retrycache.expirytime = 600000ms (custom)
2019-09-25 05:52:11,903 [pool-127-thread-1] INFO  impl.RaftServerImpl (RaftServerImpl.java:start(185)) - 1c631bae-68b7-41af-adae-ceb8210a62c8@group-00D239515A28: start as a follower, conf=-1: [1c631bae-68b7-41af-adae-ceb8210a62c8:192.168.5.161:35361], old=null
2019-09-25 05:52:11,903 [pool-127-thread-1] INFO  impl.RaftServerImpl (RaftServerImpl.java:setRole(174)) - 1c631bae-68b7-41af-adae-ceb8210a62c8@group-00D239515A28: changes role from      null to FOLLOWER at term 0 for startAsFollower
2019-09-25 05:52:11,903 [pool-127-thread-1] INFO  impl.RoleInfo (RoleInfo.java:updateAndGet(143)) - 1c631bae-68b7-41af-adae-ceb8210a62c8: start FollowerState
2019-09-25 05:52:11,904 [pool-127-thread-1] INFO  util.JmxRegister (JmxRegister.java:tryRegister(44)) - Successfully registered JMX Bean with object name Ratis:service=RaftServer,group=group-00D239515A28,id=1c631bae-68b7-41af-adae-ceb8210a62c8
2019-09-25 05:52:11,911 [IPC Server handler 2 on 36889] INFO  net.NetworkTopology (NetworkTopologyImpl.java:add(111)) - Added a new node: /default-rack/0a80707e-124f-4b7c-988c-2e0ae8f888cc
2019-09-25 05:52:11,913 [IPC Server handler 2 on 36889] INFO  node.SCMNodeManager (SCMNodeManager.java:register(266)) - Registered Data node : 0a80707e-124f-4b7c-988c-2e0ae8f888cc{ip: 192.168.5.161, host: pr-hdds-1569-zxpks-796972592, networkLocation: /default-rack, certSerialId: null}
2019-09-25 05:52:11,914 [RatisPipelineUtilsThread] INFO  pipeline.PipelineStateManager (PipelineStateManager.java:addPipeline(56)) - Created pipeline Pipeline[ Id: 6cb44d61-586c-4e6f-8dac-00d239515a28, Nodes: 1c631bae-68b7-41af-adae-ceb8210a62c8{ip: 192.168.5.161, host: pr-hdds-1569-zxpks-796972592, networkLocation: /default-rack, certSerialId: null}, Type:RATIS, Factor:ONE, State:OPEN]
2019-09-25 05:52:11,925 [grpc-default-executor-0] INFO  impl.RaftServerProxy (RaftServerProxy.java:addNew(89)) - 1c631bae-68b7-41af-adae-ceb8210a62c8: addNew group-0FF8D3619E03:[1c631bae-68b7-41af-adae-ceb8210a62c8:192.168.5.161:35361] returns group-0FF8D3619E03:java.util.concurrent.CompletableFuture@1fa17564[Not completed]
2019-09-25 05:52:11,926 [pool-127-thread-1] INFO  impl.RaftServerImpl (RaftServerImpl.java:<init>(95)) - 1c631bae-68b7-41af-adae-ceb8210a62c8: new RaftServerImpl for group-0FF8D3619E03:[1c631bae-68b7-41af-adae-ceb8210a62c8:192.168.5.161:35361] with ContainerStateMachine:uninitialized
2019-09-25 05:52:11,926 [pool-127-thread-1] INFO  server.RaftServerConfigKeys (ConfUtils.java:logGet(43)) - raft.server.rpc.timeout.min = 5s (custom)
2019-09-25 05:52:11,926 [pool-127-thread-1] INFO  server.RaftServerConfigKeys (ConfUtils.java:logGet(43)) - raft.server.rpc.timeout.max = 5200ms (custom)
2019-09-25 05:52:11,927 [pool-127-thread-1] INFO  server.RaftServerConfigKeys (ConfUtils.java:logGet(43)) - raft.server.rpcslowness.timeout = 120s (custom)
2019-09-25 05:52:11,927 [pool-127-thread-1] INFO  server.RaftServerConfigKeys (ConfUtils.java:logGet(43)) - raft.server.sleep.deviation.threshold = 300 (default)
2019-09-25 05:52:11,927 [pool-127-thread-1] INFO  server.RaftServerConfigKeys (ConfUtils.java:logGet(43)) - raft.server.log.appender.install.snapshot.enabled = false (custom)
2019-09-25 05:52:11,927 [pool-127-thread-1] INFO  impl.RaftServerImpl (ServerState.java:<init>(103)) - 1c631bae-68b7-41af-adae-ceb8210a62c8@group-0FF8D3619E03: ConfigurationManager, init=-1: [1c631bae-68b7-41af-adae-ceb8210a62c8:192.168.5.161:35361], old=null, confs=<EMPTY_MAP>
2019-09-25 05:52:11,927 [pool-127-thread-1] INFO  server.RaftServerConfigKeys (ConfUtils.java:logGet(43)) - raft.server.storage.dir = [/workdir/hadoop-ozone/ozonefs/target/test-dir/MiniOzoneClusterImpl-9dde5f9b-6604-4092-bbbb-eb034b8ffd25/datanode-0/data/ratis] (custom)
2019-09-25 05:52:11,928 [pool-127-thread-1] INFO  storage.RaftStorageDirectory (RaftStorageDirectory.java:analyzeStorage(246)) - The storage directory /workdir/hadoop-ozone/ozonefs/target/test-dir/MiniOzoneClusterImpl-9dde5f9b-6604-4092-bbbb-eb034b8ffd25/datanode-0/data/ratis/20744922-886a-4a5e-b285-0ff8d3619e03 does not exist. Creating ...
2019-09-25 05:52:11,940 [pool-127-thread-1] INFO  storage.RaftStorageDirectory (RaftStorageDirectory.java:tryLock(328)) - Lock on /workdir/hadoop-ozone/ozonefs/target/test-dir/MiniOzoneClusterImpl-9dde5f9b-6604-4092-bbbb-eb034b8ffd25/datanode-0/data/ratis/20744922-886a-4a5e-b285-0ff8d3619e03/in_use.lock acquired by nodename 13808@pr-hdds-1569-zxpks-796972592
2019-09-25 05:52:11,943 [pool-127-thread-1] INFO  storage.RaftStorage (RaftStorage.java:format(72)) - Storage directory /workdir/hadoop-ozone/ozonefs/target/test-dir/MiniOzoneClusterImpl-9dde5f9b-6604-4092-bbbb-eb034b8ffd25/datanode-0/data/ratis/20744922-886a-4a5e-b285-0ff8d3619e03 has been successfully formatted.
2019-09-25 05:52:11,944 [pool-127-thread-1] INFO  ratis.ContainerStateMachine (ContainerStateMachine.java:loadSnapshot(230)) - group-0FF8D3619E03: The snapshot info is null. Setting the last applied indexto:(t:0, i:~)
2019-09-25 05:52:11,944 [pool-127-thread-1] INFO  server.RaftServerConfigKeys (ConfUtils.java:logGet(43)) - raft.server.notification.no-leader.timeout = 120s (custom)
2019-09-25 05:52:11,944 [pool-127-thread-1] INFO  server.RaftServerConfigKeys (ConfUtils.java:logGet(43)) - raft.server.log.use.memory = false (default)
2019-09-25 05:52:11,944 [pool-127-thread-1] INFO  server.RaftServerConfigKeys (ConfUtils.java:logGet(43)) - raft.server.log.purge.gap = 1000000 (custom)
2019-09-25 05:52:11,944 [pool-127-thread-1] INFO  server.RaftServerConfigKeys (ConfUtils.java:logGet(43)) - raft.server.log.appender.buffer.byte-limit = 33554432 (custom)
2019-09-25 05:52:11,945 [pool-127-thread-1] INFO  server.RaftServerConfigKeys (ConfUtils.java:logGet(43)) - raft.server.log.segment.size.max = 1048576 (custom)
2019-09-25 05:52:11,945 [pool-127-thread-1] INFO  server.RaftServerConfigKeys (ConfUtils.java:logGet(43)) - raft.server.log.segment.cache.num.max = 2 (custom)
2019-09-25 05:52:11,945 [pool-127-thread-1] INFO  segmented.SegmentedRaftLogWorker (SegmentedRaftLogWorker.java:<init>(172)) - new 1c631bae-68b7-41af-adae-ceb8210a62c8@group-0FF8D3619E03-SegmentedRaftLogWorker for RaftStorage:Storage Directory /workdir/hadoop-ozone/ozonefs/target/test-dir/MiniOzoneClusterImpl-9dde5f9b-6604-4092-bbbb-eb034b8ffd25/datanode-0/data/ratis/20744922-886a-4a5e-b285-0ff8d3619e03
2019-09-25 05:52:11,945 [pool-127-thread-1] INFO  server.RaftServerConfigKeys (ConfUtils.java:logGet(43)) - raft.server.log.queue.byte-limit = 2147483647 (custom)
2019-09-25 05:52:11,945 [pool-127-thread-1] INFO  server.RaftServerConfigKeys (ConfUtils.java:logGet(43)) - raft.server.log.queue.element-limit = 1024 (custom)
2019-09-25 05:52:11,945 [pool-127-thread-1] INFO  server.RaftServerConfigKeys (ConfUtils.java:logGet(43)) - raft.server.log.segment.size.max = 1048576 (custom)
2019-09-25 05:52:11,945 [pool-127-thread-1] INFO  server.RaftServerConfigKeys (ConfUtils.java:logGet(43)) - raft.server.log.preallocated.size = 16384 (custom)
2019-09-25 05:52:11,946 [pool-127-thread-1] INFO  server.RaftServerConfigKeys (ConfUtils.java:logGet(43)) - raft.server.log.write.buffer.size = 33554432 (custom)
2019-09-25 05:52:11,946 [pool-127-thread-1] INFO  server.RaftServerConfigKeys (ConfUtils.java:logGet(43)) - raft.server.log.force.sync.num = 128 (default)
2019-09-25 05:52:11,946 [pool-127-thread-1] INFO  server.RaftServerConfigKeys (ConfUtils.java:logGet(43)) - raft.server.log.statemachine.data.sync = true (default)
2019-09-25 05:52:11,946 [pool-127-thread-1] INFO  server.RaftServerConfigKeys (ConfUtils.java:logGet(43)) - raft.server.log.statemachine.data.sync.timeout = 10s (default)
2019-09-25 05:52:11,946 [pool-127-thread-1] INFO  server.RaftServerConfigKeys (ConfUtils.java:logGet(43)) - raft.server.log.statemachine.data.sync.timeout.retry = -1 (default)
2019-09-25 05:52:11,946 [pool-127-thread-1] INFO  server.RaftServerConfigKeys (ConfUtils.java:logGet(43)) - raft.server.log.statemachine.data.caching.enabled = true (custom)
2019-09-25 05:52:11,947 [pool-127-thread-1] INFO  segmented.SegmentedRaftLogWorker (SegmentedRaftLogWorker.java:lambda$new$0(132)) - 1c631bae-68b7-41af-adae-ceb8210a62c8@group-0FF8D3619E03-SegmentedRaftLogWorker: flushIndex: setUnconditionally 0 -> -1
2019-09-25 05:52:11,947 [pool-127-thread-1] INFO  server.RaftServerConfigKeys (ConfUtils.java:logGet(43)) - raft.server.snapshot.auto.trigger.enabled = true (custom)
2019-09-25 05:52:11,947 [pool-127-thread-1] INFO  server.RaftServerConfigKeys (ConfUtils.java:logGet(43)) - raft.server.snapshot.auto.trigger.threshold = 10000 (custom)
2019-09-25 05:52:11,947 [pool-127-thread-1] INFO  server.RaftServerConfigKeys (ConfUtils.java:logGet(43)) - raft.server.snapshot.retention.num.files = 5 (custom)
2019-09-25 05:52:11,948 [pool-127-thread-1] INFO  server.RaftServerConfigKeys (ConfUtils.java:logGet(43)) - raft.server.retrycache.expirytime = 600000ms (custom)
2019-09-25 05:52:11,950 [pool-127-thread-1] INFO  impl.RaftServerImpl (RaftServerImpl.java:start(185)) - 1c631bae-68b7-41af-adae-ceb8210a62c8@group-0FF8D3619E03: start as a follower, conf=-1: [1c631bae-68b7-41af-adae-ceb8210a62c8:192.168.5.161:35361], old=null
2019-09-25 05:52:11,950 [pool-127-thread-1] INFO  impl.RaftServerImpl (RaftServerImpl.java:setRole(174)) - 1c631bae-68b7-41af-adae-ceb8210a62c8@group-0FF8D3619E03: changes role from      null to FOLLOWER at term 0 for startAsFollower
2019-09-25 05:52:11,950 [pool-127-thread-1] INFO  impl.RoleInfo (RoleInfo.java:updateAndGet(143)) - 1c631bae-68b7-41af-adae-ceb8210a62c8: start FollowerState
2019-09-25 05:52:11,951 [pool-127-thread-1] INFO  util.JmxRegister (JmxRegister.java:tryRegister(44)) - Successfully registered JMX Bean with object name Ratis:service=RaftServer,group=group-0FF8D3619E03,id=1c631bae-68b7-41af-adae-ceb8210a62c8
2019-09-25 05:52:11,955 [RatisPipelineUtilsThread] INFO  pipeline.PipelineStateManager (PipelineStateManager.java:addPipeline(56)) - Created pipeline Pipeline[ Id: 20744922-886a-4a5e-b285-0ff8d3619e03, Nodes: 1c631bae-68b7-41af-adae-ceb8210a62c8{ip: 192.168.5.161, host: pr-hdds-1569-zxpks-796972592, networkLocation: /default-rack, certSerialId: null}, Type:RATIS, Factor:ONE, State:OPEN]
2019-09-25 05:52:11,976 [grpc-default-executor-0] INFO  impl.RaftServerProxy (RaftServerProxy.java:addNew(89)) - 0a80707e-124f-4b7c-988c-2e0ae8f888cc: addNew group-560D1E5FF9D4:[0a80707e-124f-4b7c-988c-2e0ae8f888cc:192.168.5.161:44339] returns group-560D1E5FF9D4:java.util.concurrent.CompletableFuture@2f385f18[Not completed]
2019-09-25 05:52:11,978 [pool-137-thread-1] INFO  impl.RaftServerImpl (RaftServerImpl.java:<init>(95)) - 0a80707e-124f-4b7c-988c-2e0ae8f888cc: new RaftServerImpl for group-560D1E5FF9D4:[0a80707e-124f-4b7c-988c-2e0ae8f888cc:192.168.5.161:44339] with ContainerStateMachine:uninitialized
2019-09-25 05:52:11,978 [pool-137-thread-1] INFO  server.RaftServerConfigKeys (ConfUtils.java:logGet(43)) - raft.server.rpc.timeout.min = 5s (custom)
2019-09-25 05:52:11,979 [pool-137-thread-1] INFO  server.RaftServerConfigKeys (ConfUtils.java:logGet(43)) - raft.server.rpc.timeout.max = 5200ms (custom)
2019-09-25 05:52:11,979 [pool-137-thread-1] INFO  server.RaftServerConfigKeys (ConfUtils.java:logGet(43)) - raft.server.rpcslowness.timeout = 120s (custom)
2019-09-25 05:52:11,979 [pool-137-thread-1] INFO  server.RaftServerConfigKeys (ConfUtils.java:logGet(43)) - raft.server.sleep.deviation.threshold = 300 (default)
2019-09-25 05:52:11,979 [pool-137-thread-1] INFO  server.RaftServerConfigKeys (ConfUtils.java:logGet(43)) - raft.server.log.appender.install.snapshot.enabled = false (custom)
2019-09-25 05:52:11,979 [pool-137-thread-1] INFO  impl.RaftServerImpl (ServerState.java:<init>(103)) - 0a80707e-124f-4b7c-988c-2e0ae8f888cc@group-560D1E5FF9D4: ConfigurationManager, init=-1: [0a80707e-124f-4b7c-988c-2e0ae8f888cc:192.168.5.161:44339], old=null, confs=<EMPTY_MAP>
2019-09-25 05:52:11,980 [pool-137-thread-1] INFO  server.RaftServerConfigKeys (ConfUtils.java:logGet(43)) - raft.server.storage.dir = [/workdir/hadoop-ozone/ozonefs/target/test-dir/MiniOzoneClusterImpl-9dde5f9b-6604-4092-bbbb-eb034b8ffd25/datanode-1/data/ratis] (custom)
2019-09-25 05:52:11,980 [pool-137-thread-1] INFO  storage.RaftStorageDirectory (RaftStorageDirectory.java:analyzeStorage(246)) - The storage directory /workdir/hadoop-ozone/ozonefs/target/test-dir/MiniOzoneClusterImpl-9dde5f9b-6604-4092-bbbb-eb034b8ffd25/datanode-1/data/ratis/befda5c1-b809-47a6-8604-560d1e5ff9d4 does not exist. Creating ...
2019-09-25 05:52:11,990 [Thread-525] INFO  ozone.MiniOzoneClusterImpl (MiniOzoneClusterImpl.java:lambda$waitForClusterToBeReady$0(147)) - Waiting for cluster to be ready. Got 2 of 3 DN Heartbeats.
2019-09-25 05:52:11,992 [pool-137-thread-1] INFO  storage.RaftStorageDirectory (RaftStorageDirectory.java:tryLock(328)) - Lock on /workdir/hadoop-ozone/ozonefs/target/test-dir/MiniOzoneClusterImpl-9dde5f9b-6604-4092-bbbb-eb034b8ffd25/datanode-1/data/ratis/befda5c1-b809-47a6-8604-560d1e5ff9d4/in_use.lock acquired by nodename 13808@pr-hdds-1569-zxpks-796972592
2019-09-25 05:52:11,994 [IPC Server handler 1 on 36889] INFO  net.NetworkTopology (NetworkTopologyImpl.java:add(111)) - Added a new node: /default-rack/b5ee1a19-6deb-4763-80dd-59e5108b263a
2019-09-25 05:52:11,995 [IPC Server handler 1 on 36889] INFO  node.SCMNodeManager (SCMNodeManager.java:register(266)) - Registered Data node : b5ee1a19-6deb-4763-80dd-59e5108b263a{ip: 192.168.5.161, host: pr-hdds-1569-zxpks-796972592, networkLocation: /default-rack, certSerialId: null}
2019-09-25 05:52:11,996 [pool-137-thread-1] INFO  storage.RaftStorage (RaftStorage.java:format(72)) - Storage directory /workdir/hadoop-ozone/ozonefs/target/test-dir/MiniOzoneClusterImpl-9dde5f9b-6604-4092-bbbb-eb034b8ffd25/datanode-1/data/ratis/befda5c1-b809-47a6-8604-560d1e5ff9d4 has been successfully formatted.
2019-09-25 05:52:11,996 [pool-137-thread-1] INFO  ratis.ContainerStateMachine (ContainerStateMachine.java:loadSnapshot(230)) - group-560D1E5FF9D4: The snapshot info is null. Setting the last applied indexto:(t:0, i:~)
2019-09-25 05:52:11,996 [pool-137-thread-1] INFO  server.RaftServerConfigKeys (ConfUtils.java:logGet(43)) - raft.server.notification.no-leader.timeout = 120s (custom)
2019-09-25 05:52:11,997 [pool-137-thread-1] INFO  server.RaftServerConfigKeys (ConfUtils.java:logGet(43)) - raft.server.log.use.memory = false (default)
2019-09-25 05:52:11,997 [pool-137-thread-1] INFO  server.RaftServerConfigKeys (ConfUtils.java:logGet(43)) - raft.server.log.purge.gap = 1000000 (custom)
2019-09-25 05:52:11,997 [pool-137-thread-1] INFO  server.RaftServerConfigKeys (ConfUtils.java:logGet(43)) - raft.server.log.appender.buffer.byte-limit = 33554432 (custom)
2019-09-25 05:52:11,997 [pool-137-thread-1] INFO  server.RaftServerConfigKeys (ConfUtils.java:logGet(43)) - raft.server.log.segment.size.max = 1048576 (custom)
2019-09-25 05:52:11,997 [pool-137-thread-1] INFO  server.RaftServerConfigKeys (ConfUtils.java:logGet(43)) - raft.server.log.segment.cache.num.max = 2 (custom)
2019-09-25 05:52:11,998 [pool-137-thread-1] INFO  segmented.SegmentedRaftLogWorker (SegmentedRaftLogWorker.java:<init>(172)) - new 0a80707e-124f-4b7c-988c-2e0ae8f888cc@group-560D1E5FF9D4-SegmentedRaftLogWorker for RaftStorage:Storage Directory /workdir/hadoop-ozone/ozonefs/target/test-dir/MiniOzoneClusterImpl-9dde5f9b-6604-4092-bbbb-eb034b8ffd25/datanode-1/data/ratis/befda5c1-b809-47a6-8604-560d1e5ff9d4
2019-09-25 05:52:12,001 [pool-137-thread-1] INFO  server.RaftServerConfigKeys (ConfUtils.java:logGet(43)) - raft.server.log.queue.byte-limit = 2147483647 (custom)
2019-09-25 05:52:12,001 [pool-137-thread-1] INFO  server.RaftServerConfigKeys (ConfUtils.java:logGet(43)) - raft.server.log.queue.element-limit = 1024 (custom)
2019-09-25 05:52:12,002 [pool-137-thread-1] INFO  server.RaftServerConfigKeys (ConfUtils.java:logGet(43)) - raft.server.log.segment.size.max = 1048576 (custom)
2019-09-25 05:52:12,002 [pool-137-thread-1] INFO  server.RaftServerConfigKeys (ConfUtils.java:logGet(43)) - raft.server.log.preallocated.size = 16384 (custom)
2019-09-25 05:52:12,002 [pool-137-thread-1] INFO  server.RaftServerConfigKeys (ConfUtils.java:logGet(43)) - raft.server.log.write.buffer.size = 33554432 (custom)
2019-09-25 05:52:12,002 [pool-137-thread-1] INFO  server.RaftServerConfigKeys (ConfUtils.java:logGet(43)) - raft.server.log.force.sync.num = 128 (default)
2019-09-25 05:52:12,002 [pool-137-thread-1] INFO  server.RaftServerConfigKeys (ConfUtils.java:logGet(43)) - raft.server.log.statemachine.data.sync = true (default)
2019-09-25 05:52:12,003 [pool-137-thread-1] INFO  server.RaftServerConfigKeys (ConfUtils.java:logGet(43)) - raft.server.log.statemachine.data.sync.timeout = 10s (default)
2019-09-25 05:52:12,003 [pool-137-thread-1] INFO  server.RaftServerConfigKeys (ConfUtils.java:logGet(43)) - raft.server.log.statemachine.data.sync.timeout.retry = -1 (default)
2019-09-25 05:52:12,003 [pool-137-thread-1] INFO  server.RaftServerConfigKeys (ConfUtils.java:logGet(43)) - raft.server.log.statemachine.data.caching.enabled = true (custom)
2019-09-25 05:52:12,003 [pool-137-thread-1] INFO  segmented.SegmentedRaftLogWorker (SegmentedRaftLogWorker.java:lambda$new$0(132)) - 0a80707e-124f-4b7c-988c-2e0ae8f888cc@group-560D1E5FF9D4-SegmentedRaftLogWorker: flushIndex: setUnconditionally 0 -> -1
2019-09-25 05:52:12,004 [pool-137-thread-1] INFO  server.RaftServerConfigKeys (ConfUtils.java:logGet(43)) - raft.server.snapshot.auto.trigger.enabled = true (custom)
2019-09-25 05:52:12,004 [pool-137-thread-1] INFO  server.RaftServerConfigKeys (ConfUtils.java:logGet(43)) - raft.server.snapshot.auto.trigger.threshold = 10000 (custom)
2019-09-25 05:52:12,004 [pool-137-thread-1] INFO  server.RaftServerConfigKeys (ConfUtils.java:logGet(43)) - raft.server.snapshot.retention.num.files = 5 (custom)
2019-09-25 05:52:12,004 [pool-137-thread-1] INFO  server.RaftServerConfigKeys (ConfUtils.java:logGet(43)) - raft.server.retrycache.expirytime = 600000ms (custom)
2019-09-25 05:52:12,007 [pool-137-thread-1] INFO  impl.RaftServerImpl (RaftServerImpl.java:start(185)) - 0a80707e-124f-4b7c-988c-2e0ae8f888cc@group-560D1E5FF9D4: start as a follower, conf=-1: [0a80707e-124f-4b7c-988c-2e0ae8f888cc:192.168.5.161:44339], old=null
2019-09-25 05:52:12,007 [pool-137-thread-1] INFO  impl.RaftServerImpl (RaftServerImpl.java:setRole(174)) - 0a80707e-124f-4b7c-988c-2e0ae8f888cc@group-560D1E5FF9D4: changes role from      null to FOLLOWER at term 0 for startAsFollower
2019-09-25 05:52:12,007 [pool-137-thread-1] INFO  impl.RoleInfo (RoleInfo.java:updateAndGet(143)) - 0a80707e-124f-4b7c-988c-2e0ae8f888cc: start FollowerState
2019-09-25 05:52:12,008 [pool-137-thread-1] INFO  util.JmxRegister (JmxRegister.java:tryRegister(44)) - Successfully registered JMX Bean with object name Ratis:service=RaftServer,group=group-560D1E5FF9D4,id=0a80707e-124f-4b7c-988c-2e0ae8f888cc
2019-09-25 05:52:12,013 [RatisPipelineUtilsThread] INFO  pipeline.PipelineStateManager (PipelineStateManager.java:addPipeline(56)) - Created pipeline Pipeline[ Id: befda5c1-b809-47a6-8604-560d1e5ff9d4, Nodes: 0a80707e-124f-4b7c-988c-2e0ae8f888cc{ip: 192.168.5.161, host: pr-hdds-1569-zxpks-796972592, networkLocation: /default-rack, certSerialId: null}, Type:RATIS, Factor:ONE, State:OPEN]
2019-09-25 05:52:12,029 [grpc-default-executor-0] INFO  impl.RaftServerProxy (RaftServerProxy.java:addNew(89)) - 0a80707e-124f-4b7c-988c-2e0ae8f888cc: addNew group-FE3488451BD7:[0a80707e-124f-4b7c-988c-2e0ae8f888cc:192.168.5.161:44339] returns group-FE3488451BD7:java.util.concurrent.CompletableFuture@54e0e249[Not completed]
2019-09-25 05:52:12,030 [pool-137-thread-1] INFO  impl.RaftServerImpl (RaftServerImpl.java:<init>(95)) - 0a80707e-124f-4b7c-988c-2e0ae8f888cc: new RaftServerImpl for group-FE3488451BD7:[0a80707e-124f-4b7c-988c-2e0ae8f888cc:192.168.5.161:44339] with ContainerStateMachine:uninitialized
2019-09-25 05:52:12,031 [pool-137-thread-1] INFO  server.RaftServerConfigKeys (ConfUtils.java:logGet(43)) - raft.server.rpc.timeout.min = 5s (custom)
2019-09-25 05:52:12,031 [pool-137-thread-1] INFO  server.RaftServerConfigKeys (ConfUtils.java:logGet(43)) - raft.server.rpc.timeout.max = 5200ms (custom)
2019-09-25 05:52:12,031 [pool-137-thread-1] INFO  server.RaftServerConfigKeys (ConfUtils.java:logGet(43)) - raft.server.rpcslowness.timeout = 120s (custom)
2019-09-25 05:52:12,031 [pool-137-thread-1] INFO  server.RaftServerConfigKeys (ConfUtils.java:logGet(43)) - raft.server.sleep.deviation.threshold = 300 (default)
2019-09-25 05:52:12,031 [pool-137-thread-1] INFO  server.RaftServerConfigKeys (ConfUtils.java:logGet(43)) - raft.server.log.appender.install.snapshot.enabled = false (custom)
2019-09-25 05:52:12,031 [pool-137-thread-1] INFO  impl.RaftServerImpl (ServerState.java:<init>(103)) - 0a80707e-124f-4b7c-988c-2e0ae8f888cc@group-FE3488451BD7: ConfigurationManager, init=-1: [0a80707e-124f-4b7c-988c-2e0ae8f888cc:192.168.5.161:44339], old=null, confs=<EMPTY_MAP>
2019-09-25 05:52:12,032 [pool-137-thread-1] INFO  server.RaftServerConfigKeys (ConfUtils.java:logGet(43)) - raft.server.storage.dir = [/workdir/hadoop-ozone/ozonefs/target/test-dir/MiniOzoneClusterImpl-9dde5f9b-6604-4092-bbbb-eb034b8ffd25/datanode-1/data/ratis] (custom)
2019-09-25 05:52:12,032 [pool-137-thread-1] INFO  storage.RaftStorageDirectory (RaftStorageDirectory.java:analyzeStorage(246)) - The storage directory /workdir/hadoop-ozone/ozonefs/target/test-dir/MiniOzoneClusterImpl-9dde5f9b-6604-4092-bbbb-eb034b8ffd25/datanode-1/data/ratis/1c886fc5-5f05-48b4-9855-fe3488451bd7 does not exist. Creating ...
2019-09-25 05:52:12,035 [pool-137-thread-1] INFO  storage.RaftStorageDirectory (RaftStorageDirectory.java:tryLock(328)) - Lock on /workdir/hadoop-ozone/ozonefs/target/test-dir/MiniOzoneClusterImpl-9dde5f9b-6604-4092-bbbb-eb034b8ffd25/datanode-1/data/ratis/1c886fc5-5f05-48b4-9855-fe3488451bd7/in_use.lock acquired by nodename 13808@pr-hdds-1569-zxpks-796972592
2019-09-25 05:52:12,040 [pool-137-thread-1] INFO  storage.RaftStorage (RaftStorage.java:format(72)) - Storage directory /workdir/hadoop-ozone/ozonefs/target/test-dir/MiniOzoneClusterImpl-9dde5f9b-6604-4092-bbbb-eb034b8ffd25/datanode-1/data/ratis/1c886fc5-5f05-48b4-9855-fe3488451bd7 has been successfully formatted.
2019-09-25 05:52:12,041 [pool-137-thread-1] INFO  ratis.ContainerStateMachine (ContainerStateMachine.java:loadSnapshot(230)) - group-FE3488451BD7: The snapshot info is null. Setting the last applied indexto:(t:0, i:~)
2019-09-25 05:52:12,041 [pool-137-thread-1] INFO  server.RaftServerConfigKeys (ConfUtils.java:logGet(43)) - raft.server.notification.no-leader.timeout = 120s (custom)
2019-09-25 05:52:12,041 [pool-137-thread-1] INFO  server.RaftServerConfigKeys (ConfUtils.java:logGet(43)) - raft.server.log.use.memory = false (default)
2019-09-25 05:52:12,041 [pool-137-thread-1] INFO  server.RaftServerConfigKeys (ConfUtils.java:logGet(43)) - raft.server.log.purge.gap = 1000000 (custom)
2019-09-25 05:52:12,041 [pool-137-thread-1] INFO  server.RaftServerConfigKeys (ConfUtils.java:logGet(43)) - raft.server.log.appender.buffer.byte-limit = 33554432 (custom)
2019-09-25 05:52:12,042 [pool-137-thread-1] INFO  server.RaftServerConfigKeys (ConfUtils.java:logGet(43)) - raft.server.log.segment.size.max = 1048576 (custom)
2019-09-25 05:52:12,042 [pool-137-thread-1] INFO  server.RaftServerConfigKeys (ConfUtils.java:logGet(43)) - raft.server.log.segment.cache.num.max = 2 (custom)
2019-09-25 05:52:12,042 [pool-137-thread-1] INFO  segmented.SegmentedRaftLogWorker (SegmentedRaftLogWorker.java:<init>(172)) - new 0a80707e-124f-4b7c-988c-2e0ae8f888cc@group-FE3488451BD7-SegmentedRaftLogWorker for RaftStorage:Storage Directory /workdir/hadoop-ozone/ozonefs/target/test-dir/MiniOzoneClusterImpl-9dde5f9b-6604-4092-bbbb-eb034b8ffd25/datanode-1/data/ratis/1c886fc5-5f05-48b4-9855-fe3488451bd7
2019-09-25 05:52:12,042 [pool-137-thread-1] INFO  server.RaftServerConfigKeys (ConfUtils.java:logGet(43)) - raft.server.log.queue.byte-limit = 2147483647 (custom)
2019-09-25 05:52:12,042 [pool-137-thread-1] INFO  server.RaftServerConfigKeys (ConfUtils.java:logGet(43)) - raft.server.log.queue.element-limit = 1024 (custom)
2019-09-25 05:52:12,042 [pool-137-thread-1] INFO  server.RaftServerConfigKeys (ConfUtils.java:logGet(43)) - raft.server.log.segment.size.max = 1048576 (custom)
2019-09-25 05:52:12,043 [pool-137-thread-1] INFO  server.RaftServerConfigKeys (ConfUtils.java:logGet(43)) - raft.server.log.preallocated.size = 16384 (custom)
2019-09-25 05:52:12,043 [pool-137-thread-1] INFO  server.RaftServerConfigKeys (ConfUtils.java:logGet(43)) - raft.server.log.write.buffer.size = 33554432 (custom)
2019-09-25 05:52:12,043 [pool-137-thread-1] INFO  server.RaftServerConfigKeys (ConfUtils.java:logGet(43)) - raft.server.log.force.sync.num = 128 (default)
2019-09-25 05:52:12,043 [pool-137-thread-1] INFO  server.RaftServerConfigKeys (ConfUtils.java:logGet(43)) - raft.server.log.statemachine.data.sync = true (default)
2019-09-25 05:52:12,043 [pool-137-thread-1] INFO  server.RaftServerConfigKeys (ConfUtils.java:logGet(43)) - raft.server.log.statemachine.data.sync.timeout = 10s (default)
2019-09-25 05:52:12,043 [pool-137-thread-1] INFO  server.RaftServerConfigKeys (ConfUtils.java:logGet(43)) - raft.server.log.statemachine.data.sync.timeout.retry = -1 (default)
2019-09-25 05:52:12,043 [pool-137-thread-1] INFO  server.RaftServerConfigKeys (ConfUtils.java:logGet(43)) - raft.server.log.statemachine.data.caching.enabled = true (custom)
2019-09-25 05:52:12,044 [pool-137-thread-1] INFO  segmented.SegmentedRaftLogWorker (SegmentedRaftLogWorker.java:lambda$new$0(132)) - 0a80707e-124f-4b7c-988c-2e0ae8f888cc@group-FE3488451BD7-SegmentedRaftLogWorker: flushIndex: setUnconditionally 0 -> -1
2019-09-25 05:52:12,044 [pool-137-thread-1] INFO  server.RaftServerConfigKeys (ConfUtils.java:logGet(43)) - raft.server.snapshot.auto.trigger.enabled = true (custom)
2019-09-25 05:52:12,044 [pool-137-thread-1] INFO  server.RaftServerConfigKeys (ConfUtils.java:logGet(43)) - raft.server.snapshot.auto.trigger.threshold = 10000 (custom)
2019-09-25 05:52:12,044 [pool-137-thread-1] INFO  server.RaftServerConfigKeys (ConfUtils.java:logGet(43)) - raft.server.snapshot.retention.num.files = 5 (custom)
2019-09-25 05:52:12,045 [pool-137-thread-1] INFO  server.RaftServerConfigKeys (ConfUtils.java:logGet(43)) - raft.server.retrycache.expirytime = 600000ms (custom)
2019-09-25 05:52:12,047 [pool-137-thread-1] INFO  impl.RaftServerImpl (RaftServerImpl.java:start(185)) - 0a80707e-124f-4b7c-988c-2e0ae8f888cc@group-FE3488451BD7: start as a follower, conf=-1: [0a80707e-124f-4b7c-988c-2e0ae8f888cc:192.168.5.161:44339], old=null
2019-09-25 05:52:12,047 [pool-137-thread-1] INFO  impl.RaftServerImpl (RaftServerImpl.java:setRole(174)) - 0a80707e-124f-4b7c-988c-2e0ae8f888cc@group-FE3488451BD7: changes role from      null to FOLLOWER at term 0 for startAsFollower
2019-09-25 05:52:12,047 [pool-137-thread-1] INFO  impl.RoleInfo (RoleInfo.java:updateAndGet(143)) - 0a80707e-124f-4b7c-988c-2e0ae8f888cc: start FollowerState
2019-09-25 05:52:12,052 [pool-137-thread-1] INFO  util.JmxRegister (JmxRegister.java:tryRegister(44)) - Successfully registered JMX Bean with object name Ratis:service=RaftServer,group=group-FE3488451BD7,id=0a80707e-124f-4b7c-988c-2e0ae8f888cc
2019-09-25 05:52:12,063 [RatisPipelineUtilsThread] INFO  pipeline.PipelineStateManager (PipelineStateManager.java:addPipeline(56)) - Created pipeline Pipeline[ Id: 1c886fc5-5f05-48b4-9855-fe3488451bd7, Nodes: 0a80707e-124f-4b7c-988c-2e0ae8f888cc{ip: 192.168.5.161, host: pr-hdds-1569-zxpks-796972592, networkLocation: /default-rack, certSerialId: null}, Type:RATIS, Factor:ONE, State:OPEN]
2019-09-25 05:52:12,069 [grpc-default-executor-0] INFO  impl.RaftServerProxy (RaftServerProxy.java:addNew(89)) - 0a80707e-124f-4b7c-988c-2e0ae8f888cc: addNew group-23E25B56B804:[0a80707e-124f-4b7c-988c-2e0ae8f888cc:192.168.5.161:44339] returns group-23E25B56B804:java.util.concurrent.CompletableFuture@2709ea8b[Not completed]
2019-09-25 05:52:12,071 [pool-137-thread-1] INFO  impl.RaftServerImpl (RaftServerImpl.java:<init>(95)) - 0a80707e-124f-4b7c-988c-2e0ae8f888cc: new RaftServerImpl for group-23E25B56B804:[0a80707e-124f-4b7c-988c-2e0ae8f888cc:192.168.5.161:44339] with ContainerStateMachine:uninitialized
2019-09-25 05:52:12,071 [pool-137-thread-1] INFO  server.RaftServerConfigKeys (ConfUtils.java:logGet(43)) - raft.server.rpc.timeout.min = 5s (custom)
2019-09-25 05:52:12,071 [pool-137-thread-1] INFO  server.RaftServerConfigKeys (ConfUtils.java:logGet(43)) - raft.server.rpc.timeout.max = 5200ms (custom)
2019-09-25 05:52:12,072 [pool-137-thread-1] INFO  server.RaftServerConfigKeys (ConfUtils.java:logGet(43)) - raft.server.rpcslowness.timeout = 120s (custom)
2019-09-25 05:52:12,072 [pool-137-thread-1] INFO  server.RaftServerConfigKeys (ConfUtils.java:logGet(43)) - raft.server.sleep.deviation.threshold = 300 (default)
2019-09-25 05:52:12,072 [pool-137-thread-1] INFO  server.RaftServerConfigKeys (ConfUtils.java:logGet(43)) - raft.server.log.appender.install.snapshot.enabled = false (custom)
2019-09-25 05:52:12,072 [pool-137-thread-1] INFO  impl.RaftServerImpl (ServerState.java:<init>(103)) - 0a80707e-124f-4b7c-988c-2e0ae8f888cc@group-23E25B56B804: ConfigurationManager, init=-1: [0a80707e-124f-4b7c-988c-2e0ae8f888cc:192.168.5.161:44339], old=null, confs=<EMPTY_MAP>
2019-09-25 05:52:12,072 [pool-137-thread-1] INFO  server.RaftServerConfigKeys (ConfUtils.java:logGet(43)) - raft.server.storage.dir = [/workdir/hadoop-ozone/ozonefs/target/test-dir/MiniOzoneClusterImpl-9dde5f9b-6604-4092-bbbb-eb034b8ffd25/datanode-1/data/ratis] (custom)
2019-09-25 05:52:12,073 [pool-137-thread-1] INFO  storage.RaftStorageDirectory (RaftStorageDirectory.java:analyzeStorage(246)) - The storage directory /workdir/hadoop-ozone/ozonefs/target/test-dir/MiniOzoneClusterImpl-9dde5f9b-6604-4092-bbbb-eb034b8ffd25/datanode-1/data/ratis/22c88f43-7331-4991-9a56-23e25b56b804 does not exist. Creating ...
2019-09-25 05:52:12,076 [pool-137-thread-1] INFO  storage.RaftStorageDirectory (RaftStorageDirectory.java:tryLock(328)) - Lock on /workdir/hadoop-ozone/ozonefs/target/test-dir/MiniOzoneClusterImpl-9dde5f9b-6604-4092-bbbb-eb034b8ffd25/datanode-1/data/ratis/22c88f43-7331-4991-9a56-23e25b56b804/in_use.lock acquired by nodename 13808@pr-hdds-1569-zxpks-796972592
2019-09-25 05:52:12,079 [pool-137-thread-1] INFO  storage.RaftStorage (RaftStorage.java:format(72)) - Storage directory /workdir/hadoop-ozone/ozonefs/target/test-dir/MiniOzoneClusterImpl-9dde5f9b-6604-4092-bbbb-eb034b8ffd25/datanode-1/data/ratis/22c88f43-7331-4991-9a56-23e25b56b804 has been successfully formatted.
2019-09-25 05:52:12,080 [pool-137-thread-1] INFO  ratis.ContainerStateMachine (ContainerStateMachine.java:loadSnapshot(230)) - group-23E25B56B804: The snapshot info is null. Setting the last applied indexto:(t:0, i:~)
2019-09-25 05:52:12,080 [pool-137-thread-1] INFO  server.RaftServerConfigKeys (ConfUtils.java:logGet(43)) - raft.server.notification.no-leader.timeout = 120s (custom)
2019-09-25 05:52:12,080 [pool-137-thread-1] INFO  server.RaftServerConfigKeys (ConfUtils.java:logGet(43)) - raft.server.log.use.memory = false (default)
2019-09-25 05:52:12,080 [pool-137-thread-1] INFO  server.RaftServerConfigKeys (ConfUtils.java:logGet(43)) - raft.server.log.purge.gap = 1000000 (custom)
2019-09-25 05:52:12,080 [pool-137-thread-1] INFO  server.RaftServerConfigKeys (ConfUtils.java:logGet(43)) - raft.server.log.appender.buffer.byte-limit = 33554432 (custom)
2019-09-25 05:52:12,080 [pool-137-thread-1] INFO  server.RaftServerConfigKeys (ConfUtils.java:logGet(43)) - raft.server.log.segment.size.max = 1048576 (custom)
2019-09-25 05:52:12,081 [pool-137-thread-1] INFO  server.RaftServerConfigKeys (ConfUtils.java:logGet(43)) - raft.server.log.segment.cache.num.max = 2 (custom)
2019-09-25 05:52:12,081 [pool-137-thread-1] INFO  segmented.SegmentedRaftLogWorker (SegmentedRaftLogWorker.java:<init>(172)) - new 0a80707e-124f-4b7c-988c-2e0ae8f888cc@group-23E25B56B804-SegmentedRaftLogWorker for RaftStorage:Storage Directory /workdir/hadoop-ozone/ozonefs/target/test-dir/MiniOzoneClusterImpl-9dde5f9b-6604-4092-bbbb-eb034b8ffd25/datanode-1/data/ratis/22c88f43-7331-4991-9a56-23e25b56b804
2019-09-25 05:52:12,081 [pool-137-thread-1] INFO  server.RaftServerConfigKeys (ConfUtils.java:logGet(43)) - raft.server.log.queue.byte-limit = 2147483647 (custom)
2019-09-25 05:52:12,081 [pool-137-thread-1] INFO  server.RaftServerConfigKeys (ConfUtils.java:logGet(43)) - raft.server.log.queue.element-limit = 1024 (custom)
2019-09-25 05:52:12,081 [pool-137-thread-1] INFO  server.RaftServerConfigKeys (ConfUtils.java:logGet(43)) - raft.server.log.segment.size.max = 1048576 (custom)
2019-09-25 05:52:12,081 [pool-137-thread-1] INFO  server.RaftServerConfigKeys (ConfUtils.java:logGet(43)) - raft.server.log.preallocated.size = 16384 (custom)
2019-09-25 05:52:12,081 [pool-137-thread-1] INFO  server.RaftServerConfigKeys (ConfUtils.java:logGet(43)) - raft.server.log.write.buffer.size = 33554432 (custom)
2019-09-25 05:52:12,082 [pool-137-thread-1] INFO  server.RaftServerConfigKeys (ConfUtils.java:logGet(43)) - raft.server.log.force.sync.num = 128 (default)
2019-09-25 05:52:12,082 [pool-137-thread-1] INFO  server.RaftServerConfigKeys (ConfUtils.java:logGet(43)) - raft.server.log.statemachine.data.sync = true (default)
2019-09-25 05:52:12,082 [pool-137-thread-1] INFO  server.RaftServerConfigKeys (ConfUtils.java:logGet(43)) - raft.server.log.statemachine.data.sync.timeout = 10s (default)
2019-09-25 05:52:12,082 [pool-137-thread-1] INFO  server.RaftServerConfigKeys (ConfUtils.java:logGet(43)) - raft.server.log.statemachine.data.sync.timeout.retry = -1 (default)
2019-09-25 05:52:12,082 [pool-137-thread-1] INFO  server.RaftServerConfigKeys (ConfUtils.java:logGet(43)) - raft.server.log.statemachine.data.caching.enabled = true (custom)
2019-09-25 05:52:12,083 [pool-137-thread-1] INFO  segmented.SegmentedRaftLogWorker (SegmentedRaftLogWorker.java:lambda$new$0(132)) - 0a80707e-124f-4b7c-988c-2e0ae8f888cc@group-23E25B56B804-SegmentedRaftLogWorker: flushIndex: setUnconditionally 0 -> -1
2019-09-25 05:52:12,083 [pool-137-thread-1] INFO  server.RaftServerConfigKeys (ConfUtils.java:logGet(43)) - raft.server.snapshot.auto.trigger.enabled = true (custom)
2019-09-25 05:52:12,083 [pool-137-thread-1] INFO  server.RaftServerConfigKeys (ConfUtils.java:logGet(43)) - raft.server.snapshot.auto.trigger.threshold = 10000 (custom)
2019-09-25 05:52:12,083 [pool-137-thread-1] INFO  server.RaftServerConfigKeys (ConfUtils.java:logGet(43)) - raft.server.snapshot.retention.num.files = 5 (custom)
2019-09-25 05:52:12,083 [pool-137-thread-1] INFO  server.RaftServerConfigKeys (ConfUtils.java:logGet(43)) - raft.server.retrycache.expirytime = 600000ms (custom)
2019-09-25 05:52:12,085 [pool-137-thread-1] INFO  impl.RaftServerImpl (RaftServerImpl.java:start(185)) - 0a80707e-124f-4b7c-988c-2e0ae8f888cc@group-23E25B56B804: start as a follower, conf=-1: [0a80707e-124f-4b7c-988c-2e0ae8f888cc:192.168.5.161:44339], old=null
2019-09-25 05:52:12,085 [pool-137-thread-1] INFO  impl.RaftServerImpl (RaftServerImpl.java:setRole(174)) - 0a80707e-124f-4b7c-988c-2e0ae8f888cc@group-23E25B56B804: changes role from      null to FOLLOWER at term 0 for startAsFollower
2019-09-25 05:52:12,086 [pool-137-thread-1] INFO  impl.RoleInfo (RoleInfo.java:updateAndGet(143)) - 0a80707e-124f-4b7c-988c-2e0ae8f888cc: start FollowerState
2019-09-25 05:52:12,086 [pool-137-thread-1] INFO  util.JmxRegister (JmxRegister.java:tryRegister(44)) - Successfully registered JMX Bean with object name Ratis:service=RaftServer,group=group-23E25B56B804,id=0a80707e-124f-4b7c-988c-2e0ae8f888cc
2019-09-25 05:52:12,089 [RatisPipelineUtilsThread] INFO  pipeline.PipelineStateManager (PipelineStateManager.java:addPipeline(56)) - Created pipeline Pipeline[ Id: 22c88f43-7331-4991-9a56-23e25b56b804, Nodes: 0a80707e-124f-4b7c-988c-2e0ae8f888cc{ip: 192.168.5.161, host: pr-hdds-1569-zxpks-796972592, networkLocation: /default-rack, certSerialId: null}, Type:RATIS, Factor:ONE, State:OPEN]
2019-09-25 05:52:12,095 [grpc-default-executor-0] INFO  impl.RaftServerProxy (RaftServerProxy.java:addNew(89)) - 1c631bae-68b7-41af-adae-ceb8210a62c8: addNew group-59DA75F51AD2:[1c631bae-68b7-41af-adae-ceb8210a62c8:192.168.5.161:35361] returns group-59DA75F51AD2:java.util.concurrent.CompletableFuture@7f2bdea3[Not completed]
2019-09-25 05:52:12,096 [pool-127-thread-1] INFO  impl.RaftServerImpl (RaftServerImpl.java:<init>(95)) - 1c631bae-68b7-41af-adae-ceb8210a62c8: new RaftServerImpl for group-59DA75F51AD2:[1c631bae-68b7-41af-adae-ceb8210a62c8:192.168.5.161:35361] with ContainerStateMachine:uninitialized
2019-09-25 05:52:12,096 [pool-127-thread-1] INFO  server.RaftServerConfigKeys (ConfUtils.java:logGet(43)) - raft.server.rpc.timeout.min = 5s (custom)
2019-09-25 05:52:12,096 [pool-127-thread-1] INFO  server.RaftServerConfigKeys (ConfUtils.java:logGet(43)) - raft.server.rpc.timeout.max = 5200ms (custom)
2019-09-25 05:52:12,096 [pool-127-thread-1] INFO  server.RaftServerConfigKeys (ConfUtils.java:logGet(43)) - raft.server.rpcslowness.timeout = 120s (custom)
2019-09-25 05:52:12,097 [pool-127-thread-1] INFO  server.RaftServerConfigKeys (ConfUtils.java:logGet(43)) - raft.server.sleep.deviation.threshold = 300 (default)
2019-09-25 05:52:12,097 [pool-127-thread-1] INFO  server.RaftServerConfigKeys (ConfUtils.java:logGet(43)) - raft.server.log.appender.install.snapshot.enabled = false (custom)
2019-09-25 05:52:12,097 [pool-127-thread-1] INFO  impl.RaftServerImpl (ServerState.java:<init>(103)) - 1c631bae-68b7-41af-adae-ceb8210a62c8@group-59DA75F51AD2: ConfigurationManager, init=-1: [1c631bae-68b7-41af-adae-ceb8210a62c8:192.168.5.161:35361], old=null, confs=<EMPTY_MAP>
2019-09-25 05:52:12,097 [pool-127-thread-1] INFO  server.RaftServerConfigKeys (ConfUtils.java:logGet(43)) - raft.server.storage.dir = [/workdir/hadoop-ozone/ozonefs/target/test-dir/MiniOzoneClusterImpl-9dde5f9b-6604-4092-bbbb-eb034b8ffd25/datanode-0/data/ratis] (custom)
2019-09-25 05:52:12,098 [pool-127-thread-1] INFO  storage.RaftStorageDirectory (RaftStorageDirectory.java:analyzeStorage(246)) - The storage directory /workdir/hadoop-ozone/ozonefs/target/test-dir/MiniOzoneClusterImpl-9dde5f9b-6604-4092-bbbb-eb034b8ffd25/datanode-0/data/ratis/678e1c2e-4e1e-4de7-8c45-59da75f51ad2 does not exist. Creating ...
2019-09-25 05:52:12,101 [pool-127-thread-1] INFO  storage.RaftStorageDirectory (RaftStorageDirectory.java:tryLock(328)) - Lock on /workdir/hadoop-ozone/ozonefs/target/test-dir/MiniOzoneClusterImpl-9dde5f9b-6604-4092-bbbb-eb034b8ffd25/datanode-0/data/ratis/678e1c2e-4e1e-4de7-8c45-59da75f51ad2/in_use.lock acquired by nodename 13808@pr-hdds-1569-zxpks-796972592
2019-09-25 05:52:12,104 [pool-127-thread-1] INFO  storage.RaftStorage (RaftStorage.java:format(72)) - Storage directory /workdir/hadoop-ozone/ozonefs/target/test-dir/MiniOzoneClusterImpl-9dde5f9b-6604-4092-bbbb-eb034b8ffd25/datanode-0/data/ratis/678e1c2e-4e1e-4de7-8c45-59da75f51ad2 has been successfully formatted.
2019-09-25 05:52:12,104 [pool-127-thread-1] INFO  ratis.ContainerStateMachine (ContainerStateMachine.java:loadSnapshot(230)) - group-59DA75F51AD2: The snapshot info is null. Setting the last applied indexto:(t:0, i:~)
2019-09-25 05:52:12,105 [pool-127-thread-1] INFO  server.RaftServerConfigKeys (ConfUtils.java:logGet(43)) - raft.server.notification.no-leader.timeout = 120s (custom)
2019-09-25 05:52:12,105 [pool-127-thread-1] INFO  server.RaftServerConfigKeys (ConfUtils.java:logGet(43)) - raft.server.log.use.memory = false (default)
2019-09-25 05:52:12,105 [pool-127-thread-1] INFO  server.RaftServerConfigKeys (ConfUtils.java:logGet(43)) - raft.server.log.purge.gap = 1000000 (custom)
2019-09-25 05:52:12,105 [pool-127-thread-1] INFO  server.RaftServerConfigKeys (ConfUtils.java:logGet(43)) - raft.server.log.appender.buffer.byte-limit = 33554432 (custom)
2019-09-25 05:52:12,105 [pool-127-thread-1] INFO  server.RaftServerConfigKeys (ConfUtils.java:logGet(43)) - raft.server.log.segment.size.max = 1048576 (custom)
2019-09-25 05:52:12,105 [pool-127-thread-1] INFO  server.RaftServerConfigKeys (ConfUtils.java:logGet(43)) - raft.server.log.segment.cache.num.max = 2 (custom)
2019-09-25 05:52:12,105 [pool-127-thread-1] INFO  segmented.SegmentedRaftLogWorker (SegmentedRaftLogWorker.java:<init>(172)) - new 1c631bae-68b7-41af-adae-ceb8210a62c8@group-59DA75F51AD2-SegmentedRaftLogWorker for RaftStorage:Storage Directory /workdir/hadoop-ozone/ozonefs/target/test-dir/MiniOzoneClusterImpl-9dde5f9b-6604-4092-bbbb-eb034b8ffd25/datanode-0/data/ratis/678e1c2e-4e1e-4de7-8c45-59da75f51ad2
2019-09-25 05:52:12,106 [pool-127-thread-1] INFO  server.RaftServerConfigKeys (ConfUtils.java:logGet(43)) - raft.server.log.queue.byte-limit = 2147483647 (custom)
2019-09-25 05:52:12,106 [pool-127-thread-1] INFO  server.RaftServerConfigKeys (ConfUtils.java:logGet(43)) - raft.server.log.queue.element-limit = 1024 (custom)
2019-09-25 05:52:12,106 [pool-127-thread-1] INFO  server.RaftServerConfigKeys (ConfUtils.java:logGet(43)) - raft.server.log.segment.size.max = 1048576 (custom)
2019-09-25 05:52:12,106 [pool-127-thread-1] INFO  server.RaftServerConfigKeys (ConfUtils.java:logGet(43)) - raft.server.log.preallocated.size = 16384 (custom)
2019-09-25 05:52:12,106 [pool-127-thread-1] INFO  server.RaftServerConfigKeys (ConfUtils.java:logGet(43)) - raft.server.log.write.buffer.size = 33554432 (custom)
2019-09-25 05:52:12,106 [pool-127-thread-1] INFO  server.RaftServerConfigKeys (ConfUtils.java:logGet(43)) - raft.server.log.force.sync.num = 128 (default)
2019-09-25 05:52:12,106 [pool-127-thread-1] INFO  server.RaftServerConfigKeys (ConfUtils.java:logGet(43)) - raft.server.log.statemachine.data.sync = true (default)
2019-09-25 05:52:12,107 [pool-127-thread-1] INFO  server.RaftServerConfigKeys (ConfUtils.java:logGet(43)) - raft.server.log.statemachine.data.sync.timeout = 10s (default)
2019-09-25 05:52:12,107 [pool-127-thread-1] INFO  server.RaftServerConfigKeys (ConfUtils.java:logGet(43)) - raft.server.log.statemachine.data.sync.timeout.retry = -1 (default)
2019-09-25 05:52:12,107 [pool-127-thread-1] INFO  server.RaftServerConfigKeys (ConfUtils.java:logGet(43)) - raft.server.log.statemachine.data.caching.enabled = true (custom)
2019-09-25 05:52:12,107 [pool-127-thread-1] INFO  segmented.SegmentedRaftLogWorker (SegmentedRaftLogWorker.java:lambda$new$0(132)) - 1c631bae-68b7-41af-adae-ceb8210a62c8@group-59DA75F51AD2-SegmentedRaftLogWorker: flushIndex: setUnconditionally 0 -> -1
2019-09-25 05:52:12,108 [pool-127-thread-1] INFO  server.RaftServerConfigKeys (ConfUtils.java:logGet(43)) - raft.server.snapshot.auto.trigger.enabled = true (custom)
2019-09-25 05:52:12,108 [pool-127-thread-1] INFO  server.RaftServerConfigKeys (ConfUtils.java:logGet(43)) - raft.server.snapshot.auto.trigger.threshold = 10000 (custom)
2019-09-25 05:52:12,108 [pool-127-thread-1] INFO  server.RaftServerConfigKeys (ConfUtils.java:logGet(43)) - raft.server.snapshot.retention.num.files = 5 (custom)
2019-09-25 05:52:12,108 [pool-127-thread-1] INFO  server.RaftServerConfigKeys (ConfUtils.java:logGet(43)) - raft.server.retrycache.expirytime = 600000ms (custom)
2019-09-25 05:52:12,110 [pool-127-thread-1] INFO  impl.RaftServerImpl (RaftServerImpl.java:start(185)) - 1c631bae-68b7-41af-adae-ceb8210a62c8@group-59DA75F51AD2: start as a follower, conf=-1: [1c631bae-68b7-41af-adae-ceb8210a62c8:192.168.5.161:35361], old=null
2019-09-25 05:52:12,110 [pool-127-thread-1] INFO  impl.RaftServerImpl (RaftServerImpl.java:setRole(174)) - 1c631bae-68b7-41af-adae-ceb8210a62c8@group-59DA75F51AD2: changes role from      null to FOLLOWER at term 0 for startAsFollower
2019-09-25 05:52:12,110 [pool-127-thread-1] INFO  impl.RoleInfo (RoleInfo.java:updateAndGet(143)) - 1c631bae-68b7-41af-adae-ceb8210a62c8: start FollowerState
2019-09-25 05:52:12,111 [pool-127-thread-1] INFO  util.JmxRegister (JmxRegister.java:tryRegister(44)) - Successfully registered JMX Bean with object name Ratis:service=RaftServer,group=group-59DA75F51AD2,id=1c631bae-68b7-41af-adae-ceb8210a62c8
2019-09-25 05:52:12,113 [RatisPipelineUtilsThread] INFO  pipeline.PipelineStateManager (PipelineStateManager.java:addPipeline(56)) - Created pipeline Pipeline[ Id: 678e1c2e-4e1e-4de7-8c45-59da75f51ad2, Nodes: 1c631bae-68b7-41af-adae-ceb8210a62c8{ip: 192.168.5.161, host: pr-hdds-1569-zxpks-796972592, networkLocation: /default-rack, certSerialId: null}, Type:RATIS, Factor:ONE, State:OPEN]
2019-09-25 05:52:12,120 [grpc-default-executor-0] INFO  impl.RaftServerProxy (RaftServerProxy.java:addNew(89)) - 1c631bae-68b7-41af-adae-ceb8210a62c8: addNew group-4DC8E7B9A8D2:[1c631bae-68b7-41af-adae-ceb8210a62c8:192.168.5.161:35361] returns group-4DC8E7B9A8D2:java.util.concurrent.CompletableFuture@7837065b[Not completed]
2019-09-25 05:52:12,121 [pool-127-thread-1] INFO  impl.RaftServerImpl (RaftServerImpl.java:<init>(95)) - 1c631bae-68b7-41af-adae-ceb8210a62c8: new RaftServerImpl for group-4DC8E7B9A8D2:[1c631bae-68b7-41af-adae-ceb8210a62c8:192.168.5.161:35361] with ContainerStateMachine:uninitialized
2019-09-25 05:52:12,121 [pool-127-thread-1] INFO  server.RaftServerConfigKeys (ConfUtils.java:logGet(43)) - raft.server.rpc.timeout.min = 5s (custom)
2019-09-25 05:52:12,121 [pool-127-thread-1] INFO  server.RaftServerConfigKeys (ConfUtils.java:logGet(43)) - raft.server.rpc.timeout.max = 5200ms (custom)
2019-09-25 05:52:12,121 [pool-127-thread-1] INFO  server.RaftServerConfigKeys (ConfUtils.java:logGet(43)) - raft.server.rpcslowness.timeout = 120s (custom)
2019-09-25 05:52:12,121 [pool-127-thread-1] INFO  server.RaftServerConfigKeys (ConfUtils.java:logGet(43)) - raft.server.sleep.deviation.threshold = 300 (default)
2019-09-25 05:52:12,121 [pool-127-thread-1] INFO  server.RaftServerConfigKeys (ConfUtils.java:logGet(43)) - raft.server.log.appender.install.snapshot.enabled = false (custom)
2019-09-25 05:52:12,121 [pool-127-thread-1] INFO  impl.RaftServerImpl (ServerState.java:<init>(103)) - 1c631bae-68b7-41af-adae-ceb8210a62c8@group-4DC8E7B9A8D2: ConfigurationManager, init=-1: [1c631bae-68b7-41af-adae-ceb8210a62c8:192.168.5.161:35361], old=null, confs=<EMPTY_MAP>
2019-09-25 05:52:12,121 [pool-127-thread-1] INFO  server.RaftServerConfigKeys (ConfUtils.java:logGet(43)) - raft.server.storage.dir = [/workdir/hadoop-ozone/ozonefs/target/test-dir/MiniOzoneClusterImpl-9dde5f9b-6604-4092-bbbb-eb034b8ffd25/datanode-0/data/ratis] (custom)
2019-09-25 05:52:12,122 [pool-127-thread-1] INFO  storage.RaftStorageDirectory (RaftStorageDirectory.java:analyzeStorage(246)) - The storage directory /workdir/hadoop-ozone/ozonefs/target/test-dir/MiniOzoneClusterImpl-9dde5f9b-6604-4092-bbbb-eb034b8ffd25/datanode-0/data/ratis/f69db519-f22c-4dec-981e-4dc8e7b9a8d2 does not exist. Creating ...
2019-09-25 05:52:12,126 [pool-127-thread-1] INFO  storage.RaftStorageDirectory (RaftStorageDirectory.java:tryLock(328)) - Lock on /workdir/hadoop-ozone/ozonefs/target/test-dir/MiniOzoneClusterImpl-9dde5f9b-6604-4092-bbbb-eb034b8ffd25/datanode-0/data/ratis/f69db519-f22c-4dec-981e-4dc8e7b9a8d2/in_use.lock acquired by nodename 13808@pr-hdds-1569-zxpks-796972592
2019-09-25 05:52:12,130 [pool-127-thread-1] INFO  storage.RaftStorage (RaftStorage.java:format(72)) - Storage directory /workdir/hadoop-ozone/ozonefs/target/test-dir/MiniOzoneClusterImpl-9dde5f9b-6604-4092-bbbb-eb034b8ffd25/datanode-0/data/ratis/f69db519-f22c-4dec-981e-4dc8e7b9a8d2 has been successfully formatted.
2019-09-25 05:52:12,130 [pool-127-thread-1] INFO  ratis.ContainerStateMachine (ContainerStateMachine.java:loadSnapshot(230)) - group-4DC8E7B9A8D2: The snapshot info is null. Setting the last applied indexto:(t:0, i:~)
2019-09-25 05:52:12,130 [pool-127-thread-1] INFO  server.RaftServerConfigKeys (ConfUtils.java:logGet(43)) - raft.server.notification.no-leader.timeout = 120s (custom)
2019-09-25 05:52:12,130 [pool-127-thread-1] INFO  server.RaftServerConfigKeys (ConfUtils.java:logGet(43)) - raft.server.log.use.memory = false (default)
2019-09-25 05:52:12,130 [pool-127-thread-1] INFO  server.RaftServerConfigKeys (ConfUtils.java:logGet(43)) - raft.server.log.purge.gap = 1000000 (custom)
2019-09-25 05:52:12,130 [pool-127-thread-1] INFO  server.RaftServerConfigKeys (ConfUtils.java:logGet(43)) - raft.server.log.appender.buffer.byte-limit = 33554432 (custom)
2019-09-25 05:52:12,131 [pool-127-thread-1] INFO  server.RaftServerConfigKeys (ConfUtils.java:logGet(43)) - raft.server.log.segment.size.max = 1048576 (custom)
2019-09-25 05:52:12,131 [pool-127-thread-1] INFO  server.RaftServerConfigKeys (ConfUtils.java:logGet(43)) - raft.server.log.segment.cache.num.max = 2 (custom)
2019-09-25 05:52:12,131 [pool-127-thread-1] INFO  segmented.SegmentedRaftLogWorker (SegmentedRaftLogWorker.java:<init>(172)) - new 1c631bae-68b7-41af-adae-ceb8210a62c8@group-4DC8E7B9A8D2-SegmentedRaftLogWorker for RaftStorage:Storage Directory /workdir/hadoop-ozone/ozonefs/target/test-dir/MiniOzoneClusterImpl-9dde5f9b-6604-4092-bbbb-eb034b8ffd25/datanode-0/data/ratis/f69db519-f22c-4dec-981e-4dc8e7b9a8d2
2019-09-25 05:52:12,131 [pool-127-thread-1] INFO  server.RaftServerConfigKeys (ConfUtils.java:logGet(43)) - raft.server.log.queue.byte-limit = 2147483647 (custom)
2019-09-25 05:52:12,131 [pool-127-thread-1] INFO  server.RaftServerConfigKeys (ConfUtils.java:logGet(43)) - raft.server.log.queue.element-limit = 1024 (custom)
2019-09-25 05:52:12,131 [pool-127-thread-1] INFO  server.RaftServerConfigKeys (ConfUtils.java:logGet(43)) - raft.server.log.segment.size.max = 1048576 (custom)
2019-09-25 05:52:12,131 [pool-127-thread-1] INFO  server.RaftServerConfigKeys (ConfUtils.java:logGet(43)) - raft.server.log.preallocated.size = 16384 (custom)
2019-09-25 05:52:12,131 [pool-127-thread-1] INFO  server.RaftServerConfigKeys (ConfUtils.java:logGet(43)) - raft.server.log.write.buffer.size = 33554432 (custom)
2019-09-25 05:52:12,132 [pool-127-thread-1] INFO  server.RaftServerConfigKeys (ConfUtils.java:logGet(43)) - raft.server.log.force.sync.num = 128 (default)
2019-09-25 05:52:12,132 [pool-127-thread-1] INFO  server.RaftServerConfigKeys (ConfUtils.java:logGet(43)) - raft.server.log.statemachine.data.sync = true (default)
2019-09-25 05:52:12,132 [pool-127-thread-1] INFO  server.RaftServerConfigKeys (ConfUtils.java:logGet(43)) - raft.server.log.statemachine.data.sync.timeout = 10s (default)
2019-09-25 05:52:12,132 [pool-127-thread-1] INFO  server.RaftServerConfigKeys (ConfUtils.java:logGet(43)) - raft.server.log.statemachine.data.sync.timeout.retry = -1 (default)
2019-09-25 05:52:12,132 [pool-127-thread-1] INFO  server.RaftServerConfigKeys (ConfUtils.java:logGet(43)) - raft.server.log.statemachine.data.caching.enabled = true (custom)
2019-09-25 05:52:12,132 [pool-127-thread-1] INFO  segmented.SegmentedRaftLogWorker (SegmentedRaftLogWorker.java:lambda$new$0(132)) - 1c631bae-68b7-41af-adae-ceb8210a62c8@group-4DC8E7B9A8D2-SegmentedRaftLogWorker: flushIndex: setUnconditionally 0 -> -1
2019-09-25 05:52:12,133 [pool-127-thread-1] INFO  server.RaftServerConfigKeys (ConfUtils.java:logGet(43)) - raft.server.snapshot.auto.trigger.enabled = true (custom)
2019-09-25 05:52:12,133 [pool-127-thread-1] INFO  server.RaftServerConfigKeys (ConfUtils.java:logGet(43)) - raft.server.snapshot.auto.trigger.threshold = 10000 (custom)
2019-09-25 05:52:12,133 [pool-127-thread-1] INFO  server.RaftServerConfigKeys (ConfUtils.java:logGet(43)) - raft.server.snapshot.retention.num.files = 5 (custom)
2019-09-25 05:52:12,133 [pool-127-thread-1] INFO  server.RaftServerConfigKeys (ConfUtils.java:logGet(43)) - raft.server.retrycache.expirytime = 600000ms (custom)
2019-09-25 05:52:12,135 [pool-127-thread-1] INFO  impl.RaftServerImpl (RaftServerImpl.java:start(185)) - 1c631bae-68b7-41af-adae-ceb8210a62c8@group-4DC8E7B9A8D2: start as a follower, conf=-1: [1c631bae-68b7-41af-adae-ceb8210a62c8:192.168.5.161:35361], old=null
2019-09-25 05:52:12,135 [pool-127-thread-1] INFO  impl.RaftServerImpl (RaftServerImpl.java:setRole(174)) - 1c631bae-68b7-41af-adae-ceb8210a62c8@group-4DC8E7B9A8D2: changes role from      null to FOLLOWER at term 0 for startAsFollower
2019-09-25 05:52:12,135 [pool-127-thread-1] INFO  impl.RoleInfo (RoleInfo.java:updateAndGet(143)) - 1c631bae-68b7-41af-adae-ceb8210a62c8: start FollowerState
2019-09-25 05:52:12,136 [pool-127-thread-1] INFO  util.JmxRegister (JmxRegister.java:tryRegister(44)) - Successfully registered JMX Bean with object name Ratis:service=RaftServer,group=group-4DC8E7B9A8D2,id=1c631bae-68b7-41af-adae-ceb8210a62c8
2019-09-25 05:52:12,138 [RatisPipelineUtilsThread] INFO  pipeline.PipelineStateManager (PipelineStateManager.java:addPipeline(56)) - Created pipeline Pipeline[ Id: f69db519-f22c-4dec-981e-4dc8e7b9a8d2, Nodes: 1c631bae-68b7-41af-adae-ceb8210a62c8{ip: 192.168.5.161, host: pr-hdds-1569-zxpks-796972592, networkLocation: /default-rack, certSerialId: null}, Type:RATIS, Factor:ONE, State:OPEN]
2019-09-25 05:52:12,144 [grpc-default-executor-0] INFO  impl.RaftServerProxy (RaftServerProxy.java:addNew(89)) - 1c631bae-68b7-41af-adae-ceb8210a62c8: addNew group-E56B7FA61CB1:[1c631bae-68b7-41af-adae-ceb8210a62c8:192.168.5.161:35361] returns group-E56B7FA61CB1:java.util.concurrent.CompletableFuture@21248e79[Not completed]
2019-09-25 05:52:12,145 [pool-127-thread-1] INFO  impl.RaftServerImpl (RaftServerImpl.java:<init>(95)) - 1c631bae-68b7-41af-adae-ceb8210a62c8: new RaftServerImpl for group-E56B7FA61CB1:[1c631bae-68b7-41af-adae-ceb8210a62c8:192.168.5.161:35361] with ContainerStateMachine:uninitialized
2019-09-25 05:52:12,145 [pool-127-thread-1] INFO  server.RaftServerConfigKeys (ConfUtils.java:logGet(43)) - raft.server.rpc.timeout.min = 5s (custom)
2019-09-25 05:52:12,145 [pool-127-thread-1] INFO  server.RaftServerConfigKeys (ConfUtils.java:logGet(43)) - raft.server.rpc.timeout.max = 5200ms (custom)
2019-09-25 05:52:12,145 [pool-127-thread-1] INFO  server.RaftServerConfigKeys (ConfUtils.java:logGet(43)) - raft.server.rpcslowness.timeout = 120s (custom)
2019-09-25 05:52:12,145 [pool-127-thread-1] INFO  server.RaftServerConfigKeys (ConfUtils.java:logGet(43)) - raft.server.sleep.deviation.threshold = 300 (default)
2019-09-25 05:52:12,145 [pool-127-thread-1] INFO  server.RaftServerConfigKeys (ConfUtils.java:logGet(43)) - raft.server.log.appender.install.snapshot.enabled = false (custom)
2019-09-25 05:52:12,145 [pool-127-thread-1] INFO  impl.RaftServerImpl (ServerState.java:<init>(103)) - 1c631bae-68b7-41af-adae-ceb8210a62c8@group-E56B7FA61CB1: ConfigurationManager, init=-1: [1c631bae-68b7-41af-adae-ceb8210a62c8:192.168.5.161:35361], old=null, confs=<EMPTY_MAP>
2019-09-25 05:52:12,146 [pool-127-thread-1] INFO  server.RaftServerConfigKeys (ConfUtils.java:logGet(43)) - raft.server.storage.dir = [/workdir/hadoop-ozone/ozonefs/target/test-dir/MiniOzoneClusterImpl-9dde5f9b-6604-4092-bbbb-eb034b8ffd25/datanode-0/data/ratis] (custom)
2019-09-25 05:52:12,146 [pool-127-thread-1] INFO  storage.RaftStorageDirectory (RaftStorageDirectory.java:analyzeStorage(246)) - The storage directory /workdir/hadoop-ozone/ozonefs/target/test-dir/MiniOzoneClusterImpl-9dde5f9b-6604-4092-bbbb-eb034b8ffd25/datanode-0/data/ratis/746d2896-077d-487b-b06a-e56b7fa61cb1 does not exist. Creating ...
2019-09-25 05:52:12,158 [pool-127-thread-1] INFO  storage.RaftStorageDirectory (RaftStorageDirectory.java:tryLock(328)) - Lock on /workdir/hadoop-ozone/ozonefs/target/test-dir/MiniOzoneClusterImpl-9dde5f9b-6604-4092-bbbb-eb034b8ffd25/datanode-0/data/ratis/746d2896-077d-487b-b06a-e56b7fa61cb1/in_use.lock acquired by nodename 13808@pr-hdds-1569-zxpks-796972592
2019-09-25 05:52:12,183 [pool-127-thread-1] INFO  storage.RaftStorage (RaftStorage.java:format(72)) - Storage directory /workdir/hadoop-ozone/ozonefs/target/test-dir/MiniOzoneClusterImpl-9dde5f9b-6604-4092-bbbb-eb034b8ffd25/datanode-0/data/ratis/746d2896-077d-487b-b06a-e56b7fa61cb1 has been successfully formatted.
2019-09-25 05:52:12,183 [pool-127-thread-1] INFO  ratis.ContainerStateMachine (ContainerStateMachine.java:loadSnapshot(230)) - group-E56B7FA61CB1: The snapshot info is null. Setting the last applied indexto:(t:0, i:~)
2019-09-25 05:52:12,183 [pool-127-thread-1] INFO  server.RaftServerConfigKeys (ConfUtils.java:logGet(43)) - raft.server.notification.no-leader.timeout = 120s (custom)
2019-09-25 05:52:12,184 [pool-127-thread-1] INFO  server.RaftServerConfigKeys (ConfUtils.java:logGet(43)) - raft.server.log.use.memory = false (default)
2019-09-25 05:52:12,184 [pool-127-thread-1] INFO  server.RaftServerConfigKeys (ConfUtils.java:logGet(43)) - raft.server.log.purge.gap = 1000000 (custom)
2019-09-25 05:52:12,184 [pool-127-thread-1] INFO  server.RaftServerConfigKeys (ConfUtils.java:logGet(43)) - raft.server.log.appender.buffer.byte-limit = 33554432 (custom)
2019-09-25 05:52:12,184 [pool-127-thread-1] INFO  server.RaftServerConfigKeys (ConfUtils.java:logGet(43)) - raft.server.log.segment.size.max = 1048576 (custom)
2019-09-25 05:52:12,184 [pool-127-thread-1] INFO  server.RaftServerConfigKeys (ConfUtils.java:logGet(43)) - raft.server.log.segment.cache.num.max = 2 (custom)
2019-09-25 05:52:12,184 [pool-127-thread-1] INFO  segmented.SegmentedRaftLogWorker (SegmentedRaftLogWorker.java:<init>(172)) - new 1c631bae-68b7-41af-adae-ceb8210a62c8@group-E56B7FA61CB1-SegmentedRaftLogWorker for RaftStorage:Storage Directory /workdir/hadoop-ozone/ozonefs/target/test-dir/MiniOzoneClusterImpl-9dde5f9b-6604-4092-bbbb-eb034b8ffd25/datanode-0/data/ratis/746d2896-077d-487b-b06a-e56b7fa61cb1
2019-09-25 05:52:12,184 [pool-127-thread-1] INFO  server.RaftServerConfigKeys (ConfUtils.java:logGet(43)) - raft.server.log.queue.byte-limit = 2147483647 (custom)
2019-09-25 05:52:12,184 [pool-127-thread-1] INFO  server.RaftServerConfigKeys (ConfUtils.java:logGet(43)) - raft.server.log.queue.element-limit = 1024 (custom)
2019-09-25 05:52:12,185 [pool-127-thread-1] INFO  server.RaftServerConfigKeys (ConfUtils.java:logGet(43)) - raft.server.log.segment.size.max = 1048576 (custom)
2019-09-25 05:52:12,185 [pool-127-thread-1] INFO  server.RaftServerConfigKeys (ConfUtils.java:logGet(43)) - raft.server.log.preallocated.size = 16384 (custom)
2019-09-25 05:52:12,185 [pool-127-thread-1] INFO  server.RaftServerConfigKeys (ConfUtils.java:logGet(43)) - raft.server.log.write.buffer.size = 33554432 (custom)
2019-09-25 05:52:12,185 [pool-127-thread-1] INFO  server.RaftServerConfigKeys (ConfUtils.java:logGet(43)) - raft.server.log.force.sync.num = 128 (default)
2019-09-25 05:52:12,185 [pool-127-thread-1] INFO  server.RaftServerConfigKeys (ConfUtils.java:logGet(43)) - raft.server.log.statemachine.data.sync = true (default)
2019-09-25 05:52:12,185 [pool-127-thread-1] INFO  server.RaftServerConfigKeys (ConfUtils.java:logGet(43)) - raft.server.log.statemachine.data.sync.timeout = 10s (default)
2019-09-25 05:52:12,185 [pool-127-thread-1] INFO  server.RaftServerConfigKeys (ConfUtils.java:logGet(43)) - raft.server.log.statemachine.data.sync.timeout.retry = -1 (default)
2019-09-25 05:52:12,185 [pool-127-thread-1] INFO  server.RaftServerConfigKeys (ConfUtils.java:logGet(43)) - raft.server.log.statemachine.data.caching.enabled = true (custom)
2019-09-25 05:52:12,186 [pool-127-thread-1] INFO  segmented.SegmentedRaftLogWorker (SegmentedRaftLogWorker.java:lambda$new$0(132)) - 1c631bae-68b7-41af-adae-ceb8210a62c8@group-E56B7FA61CB1-SegmentedRaftLogWorker: flushIndex: setUnconditionally 0 -> -1
2019-09-25 05:52:12,186 [pool-127-thread-1] INFO  server.RaftServerConfigKeys (ConfUtils.java:logGet(43)) - raft.server.snapshot.auto.trigger.enabled = true (custom)
2019-09-25 05:52:12,186 [pool-127-thread-1] INFO  server.RaftServerConfigKeys (ConfUtils.java:logGet(43)) - raft.server.snapshot.auto.trigger.threshold = 10000 (custom)
2019-09-25 05:52:12,186 [pool-127-thread-1] INFO  server.RaftServerConfigKeys (ConfUtils.java:logGet(43)) - raft.server.snapshot.retention.num.files = 5 (custom)
2019-09-25 05:52:12,186 [pool-127-thread-1] INFO  server.RaftServerConfigKeys (ConfUtils.java:logGet(43)) - raft.server.retrycache.expirytime = 600000ms (custom)
2019-09-25 05:52:12,189 [pool-127-thread-1] INFO  impl.RaftServerImpl (RaftServerImpl.java:start(185)) - 1c631bae-68b7-41af-adae-ceb8210a62c8@group-E56B7FA61CB1: start as a follower, conf=-1: [1c631bae-68b7-41af-adae-ceb8210a62c8:192.168.5.161:35361], old=null
2019-09-25 05:52:12,189 [pool-127-thread-1] INFO  impl.RaftServerImpl (RaftServerImpl.java:setRole(174)) - 1c631bae-68b7-41af-adae-ceb8210a62c8@group-E56B7FA61CB1: changes role from      null to FOLLOWER at term 0 for startAsFollower
2019-09-25 05:52:12,189 [pool-127-thread-1] INFO  impl.RoleInfo (RoleInfo.java:updateAndGet(143)) - 1c631bae-68b7-41af-adae-ceb8210a62c8: start FollowerState
2019-09-25 05:52:12,189 [pool-127-thread-1] INFO  util.JmxRegister (JmxRegister.java:tryRegister(44)) - Successfully registered JMX Bean with object name Ratis:service=RaftServer,group=group-E56B7FA61CB1,id=1c631bae-68b7-41af-adae-ceb8210a62c8
2019-09-25 05:52:12,193 [RatisPipelineUtilsThread] INFO  pipeline.PipelineStateManager (PipelineStateManager.java:addPipeline(56)) - Created pipeline Pipeline[ Id: 746d2896-077d-487b-b06a-e56b7fa61cb1, Nodes: 1c631bae-68b7-41af-adae-ceb8210a62c8{ip: 192.168.5.161, host: pr-hdds-1569-zxpks-796972592, networkLocation: /default-rack, certSerialId: null}, Type:RATIS, Factor:ONE, State:OPEN]
2019-09-25 05:52:12,199 [grpc-default-executor-0] INFO  impl.RaftServerProxy (RaftServerProxy.java:addNew(89)) - 1c631bae-68b7-41af-adae-ceb8210a62c8: addNew group-0D5C4BDF2E0B:[1c631bae-68b7-41af-adae-ceb8210a62c8:192.168.5.161:35361] returns group-0D5C4BDF2E0B:java.util.concurrent.CompletableFuture@663f779e[Not completed]
2019-09-25 05:52:12,200 [pool-127-thread-1] INFO  impl.RaftServerImpl (RaftServerImpl.java:<init>(95)) - 1c631bae-68b7-41af-adae-ceb8210a62c8: new RaftServerImpl for group-0D5C4BDF2E0B:[1c631bae-68b7-41af-adae-ceb8210a62c8:192.168.5.161:35361] with ContainerStateMachine:uninitialized
2019-09-25 05:52:12,200 [pool-127-thread-1] INFO  server.RaftServerConfigKeys (ConfUtils.java:logGet(43)) - raft.server.rpc.timeout.min = 5s (custom)
2019-09-25 05:52:12,200 [pool-127-thread-1] INFO  server.RaftServerConfigKeys (ConfUtils.java:logGet(43)) - raft.server.rpc.timeout.max = 5200ms (custom)
2019-09-25 05:52:12,200 [pool-127-thread-1] INFO  server.RaftServerConfigKeys (ConfUtils.java:logGet(43)) - raft.server.rpcslowness.timeout = 120s (custom)
2019-09-25 05:52:12,201 [pool-127-thread-1] INFO  server.RaftServerConfigKeys (ConfUtils.java:logGet(43)) - raft.server.sleep.deviation.threshold = 300 (default)
2019-09-25 05:52:12,201 [pool-127-thread-1] INFO  server.RaftServerConfigKeys (ConfUtils.java:logGet(43)) - raft.server.log.appender.install.snapshot.enabled = false (custom)
2019-09-25 05:52:12,201 [pool-127-thread-1] INFO  impl.RaftServerImpl (ServerState.java:<init>(103)) - 1c631bae-68b7-41af-adae-ceb8210a62c8@group-0D5C4BDF2E0B: ConfigurationManager, init=-1: [1c631bae-68b7-41af-adae-ceb8210a62c8:192.168.5.161:35361], old=null, confs=<EMPTY_MAP>
2019-09-25 05:52:12,201 [pool-127-thread-1] INFO  server.RaftServerConfigKeys (ConfUtils.java:logGet(43)) - raft.server.storage.dir = [/workdir/hadoop-ozone/ozonefs/target/test-dir/MiniOzoneClusterImpl-9dde5f9b-6604-4092-bbbb-eb034b8ffd25/datanode-0/data/ratis] (custom)
2019-09-25 05:52:12,201 [pool-127-thread-1] INFO  storage.RaftStorageDirectory (RaftStorageDirectory.java:analyzeStorage(246)) - The storage directory /workdir/hadoop-ozone/ozonefs/target/test-dir/MiniOzoneClusterImpl-9dde5f9b-6604-4092-bbbb-eb034b8ffd25/datanode-0/data/ratis/7b5d8336-5f67-404c-ae8f-0d5c4bdf2e0b does not exist. Creating ...
2019-09-25 05:52:12,213 [pool-127-thread-1] INFO  storage.RaftStorageDirectory (RaftStorageDirectory.java:tryLock(328)) - Lock on /workdir/hadoop-ozone/ozonefs/target/test-dir/MiniOzoneClusterImpl-9dde5f9b-6604-4092-bbbb-eb034b8ffd25/datanode-0/data/ratis/7b5d8336-5f67-404c-ae8f-0d5c4bdf2e0b/in_use.lock acquired by nodename 13808@pr-hdds-1569-zxpks-796972592
2019-09-25 05:52:12,226 [pool-127-thread-1] INFO  storage.RaftStorage (RaftStorage.java:format(72)) - Storage directory /workdir/hadoop-ozone/ozonefs/target/test-dir/MiniOzoneClusterImpl-9dde5f9b-6604-4092-bbbb-eb034b8ffd25/datanode-0/data/ratis/7b5d8336-5f67-404c-ae8f-0d5c4bdf2e0b has been successfully formatted.
2019-09-25 05:52:12,226 [pool-127-thread-1] INFO  ratis.ContainerStateMachine (ContainerStateMachine.java:loadSnapshot(230)) - group-0D5C4BDF2E0B: The snapshot info is null. Setting the last applied indexto:(t:0, i:~)
2019-09-25 05:52:12,227 [pool-127-thread-1] INFO  server.RaftServerConfigKeys (ConfUtils.java:logGet(43)) - raft.server.notification.no-leader.timeout = 120s (custom)
2019-09-25 05:52:12,227 [pool-127-thread-1] INFO  server.RaftServerConfigKeys (ConfUtils.java:logGet(43)) - raft.server.log.use.memory = false (default)
2019-09-25 05:52:12,227 [pool-127-thread-1] INFO  server.RaftServerConfigKeys (ConfUtils.java:logGet(43)) - raft.server.log.purge.gap = 1000000 (custom)
2019-09-25 05:52:12,227 [pool-127-thread-1] INFO  server.RaftServerConfigKeys (ConfUtils.java:logGet(43)) - raft.server.log.appender.buffer.byte-limit = 33554432 (custom)
2019-09-25 05:52:12,227 [pool-127-thread-1] INFO  server.RaftServerConfigKeys (ConfUtils.java:logGet(43)) - raft.server.log.segment.size.max = 1048576 (custom)
2019-09-25 05:52:12,227 [pool-127-thread-1] INFO  server.RaftServerConfigKeys (ConfUtils.java:logGet(43)) - raft.server.log.segment.cache.num.max = 2 (custom)
2019-09-25 05:52:12,227 [pool-127-thread-1] INFO  segmented.SegmentedRaftLogWorker (SegmentedRaftLogWorker.java:<init>(172)) - new 1c631bae-68b7-41af-adae-ceb8210a62c8@group-0D5C4BDF2E0B-SegmentedRaftLogWorker for RaftStorage:Storage Directory /workdir/hadoop-ozone/ozonefs/target/test-dir/MiniOzoneClusterImpl-9dde5f9b-6604-4092-bbbb-eb034b8ffd25/datanode-0/data/ratis/7b5d8336-5f67-404c-ae8f-0d5c4bdf2e0b
2019-09-25 05:52:12,227 [pool-127-thread-1] INFO  server.RaftServerConfigKeys (ConfUtils.java:logGet(43)) - raft.server.log.queue.byte-limit = 2147483647 (custom)
2019-09-25 05:52:12,228 [pool-127-thread-1] INFO  server.RaftServerConfigKeys (ConfUtils.java:logGet(43)) - raft.server.log.queue.element-limit = 1024 (custom)
2019-09-25 05:52:12,228 [pool-127-thread-1] INFO  server.RaftServerConfigKeys (ConfUtils.java:logGet(43)) - raft.server.log.segment.size.max = 1048576 (custom)
2019-09-25 05:52:12,228 [pool-127-thread-1] INFO  server.RaftServerConfigKeys (ConfUtils.java:logGet(43)) - raft.server.log.preallocated.size = 16384 (custom)
2019-09-25 05:52:12,228 [pool-127-thread-1] INFO  server.RaftServerConfigKeys (ConfUtils.java:logGet(43)) - raft.server.log.write.buffer.size = 33554432 (custom)
2019-09-25 05:52:12,228 [pool-127-thread-1] INFO  server.RaftServerConfigKeys (ConfUtils.java:logGet(43)) - raft.server.log.force.sync.num = 128 (default)
2019-09-25 05:52:12,228 [pool-127-thread-1] INFO  server.RaftServerConfigKeys (ConfUtils.java:logGet(43)) - raft.server.log.statemachine.data.sync = true (default)
2019-09-25 05:52:12,228 [pool-127-thread-1] INFO  server.RaftServerConfigKeys (ConfUtils.java:logGet(43)) - raft.server.log.statemachine.data.sync.timeout = 10s (default)
2019-09-25 05:52:12,228 [pool-127-thread-1] INFO  server.RaftServerConfigKeys (ConfUtils.java:logGet(43)) - raft.server.log.statemachine.data.sync.timeout.retry = -1 (default)
2019-09-25 05:52:12,229 [pool-127-thread-1] INFO  server.RaftServerConfigKeys (ConfUtils.java:logGet(43)) - raft.server.log.statemachine.data.caching.enabled = true (custom)
2019-09-25 05:52:12,229 [pool-127-thread-1] INFO  segmented.SegmentedRaftLogWorker (SegmentedRaftLogWorker.java:lambda$new$0(132)) - 1c631bae-68b7-41af-adae-ceb8210a62c8@group-0D5C4BDF2E0B-SegmentedRaftLogWorker: flushIndex: setUnconditionally 0 -> -1
2019-09-25 05:52:12,229 [pool-127-thread-1] INFO  server.RaftServerConfigKeys (ConfUtils.java:logGet(43)) - raft.server.snapshot.auto.trigger.enabled = true (custom)
2019-09-25 05:52:12,229 [pool-127-thread-1] INFO  server.RaftServerConfigKeys (ConfUtils.java:logGet(43)) - raft.server.snapshot.auto.trigger.threshold = 10000 (custom)
2019-09-25 05:52:12,229 [pool-127-thread-1] INFO  server.RaftServerConfigKeys (ConfUtils.java:logGet(43)) - raft.server.snapshot.retention.num.files = 5 (custom)
2019-09-25 05:52:12,230 [pool-127-thread-1] INFO  server.RaftServerConfigKeys (ConfUtils.java:logGet(43)) - raft.server.retrycache.expirytime = 600000ms (custom)
2019-09-25 05:52:12,232 [pool-127-thread-1] INFO  impl.RaftServerImpl (RaftServerImpl.java:start(185)) - 1c631bae-68b7-41af-adae-ceb8210a62c8@group-0D5C4BDF2E0B: start as a follower, conf=-1: [1c631bae-68b7-41af-adae-ceb8210a62c8:192.168.5.161:35361], old=null
2019-09-25 05:52:12,232 [pool-127-thread-1] INFO  impl.RaftServerImpl (RaftServerImpl.java:setRole(174)) - 1c631bae-68b7-41af-adae-ceb8210a62c8@group-0D5C4BDF2E0B: changes role from      null to FOLLOWER at term 0 for startAsFollower
2019-09-25 05:52:12,232 [pool-127-thread-1] INFO  impl.RoleInfo (RoleInfo.java:updateAndGet(143)) - 1c631bae-68b7-41af-adae-ceb8210a62c8: start FollowerState
2019-09-25 05:52:12,232 [pool-127-thread-1] INFO  util.JmxRegister (JmxRegister.java:tryRegister(44)) - Successfully registered JMX Bean with object name Ratis:service=RaftServer,group=group-0D5C4BDF2E0B,id=1c631bae-68b7-41af-adae-ceb8210a62c8
2019-09-25 05:52:12,236 [RatisPipelineUtilsThread] INFO  pipeline.PipelineStateManager (PipelineStateManager.java:addPipeline(56)) - Created pipeline Pipeline[ Id: 7b5d8336-5f67-404c-ae8f-0d5c4bdf2e0b, Nodes: 1c631bae-68b7-41af-adae-ceb8210a62c8{ip: 192.168.5.161, host: pr-hdds-1569-zxpks-796972592, networkLocation: /default-rack, certSerialId: null}, Type:RATIS, Factor:ONE, State:OPEN]
2019-09-25 05:52:12,236 [RatisPipelineUtilsThread] INFO  pipeline.PipelinePlacementPolicy (PipelinePlacementPolicy.java:meetCriteria(91)) - Pipeline Placement: can't place more pipeline on heavy datanode： 1c631bae-68b7-41af-adae-ceb8210a62c8 Heaviness: 6 limit: 5
2019-09-25 05:52:12,243 [grpc-default-executor-0] INFO  impl.RaftServerProxy (RaftServerProxy.java:addNew(89)) - 0a80707e-124f-4b7c-988c-2e0ae8f888cc: addNew group-AA20DD2E6B7F:[0a80707e-124f-4b7c-988c-2e0ae8f888cc:192.168.5.161:44339] returns group-AA20DD2E6B7F:java.util.concurrent.CompletableFuture@3f5a380e[Not completed]
2019-09-25 05:52:12,244 [pool-137-thread-1] INFO  impl.RaftServerImpl (RaftServerImpl.java:<init>(95)) - 0a80707e-124f-4b7c-988c-2e0ae8f888cc: new RaftServerImpl for group-AA20DD2E6B7F:[0a80707e-124f-4b7c-988c-2e0ae8f888cc:192.168.5.161:44339] with ContainerStateMachine:uninitialized
2019-09-25 05:52:12,244 [pool-137-thread-1] INFO  server.RaftServerConfigKeys (ConfUtils.java:logGet(43)) - raft.server.rpc.timeout.min = 5s (custom)
2019-09-25 05:52:12,244 [pool-137-thread-1] INFO  server.RaftServerConfigKeys (ConfUtils.java:logGet(43)) - raft.server.rpc.timeout.max = 5200ms (custom)
2019-09-25 05:52:12,245 [pool-137-thread-1] INFO  server.RaftServerConfigKeys (ConfUtils.java:logGet(43)) - raft.server.rpcslowness.timeout = 120s (custom)
2019-09-25 05:52:12,245 [pool-137-thread-1] INFO  server.RaftServerConfigKeys (ConfUtils.java:logGet(43)) - raft.server.sleep.deviation.threshold = 300 (default)
2019-09-25 05:52:12,245 [pool-137-thread-1] INFO  server.RaftServerConfigKeys (ConfUtils.java:logGet(43)) - raft.server.log.appender.install.snapshot.enabled = false (custom)
2019-09-25 05:52:12,245 [pool-137-thread-1] INFO  impl.RaftServerImpl (ServerState.java:<init>(103)) - 0a80707e-124f-4b7c-988c-2e0ae8f888cc@group-AA20DD2E6B7F: ConfigurationManager, init=-1: [0a80707e-124f-4b7c-988c-2e0ae8f888cc:192.168.5.161:44339], old=null, confs=<EMPTY_MAP>
2019-09-25 05:52:12,245 [pool-137-thread-1] INFO  server.RaftServerConfigKeys (ConfUtils.java:logGet(43)) - raft.server.storage.dir = [/workdir/hadoop-ozone/ozonefs/target/test-dir/MiniOzoneClusterImpl-9dde5f9b-6604-4092-bbbb-eb034b8ffd25/datanode-1/data/ratis] (custom)
2019-09-25 05:52:12,246 [pool-137-thread-1] INFO  storage.RaftStorageDirectory (RaftStorageDirectory.java:analyzeStorage(246)) - The storage directory /workdir/hadoop-ozone/ozonefs/target/test-dir/MiniOzoneClusterImpl-9dde5f9b-6604-4092-bbbb-eb034b8ffd25/datanode-1/data/ratis/eaa0c963-b1ab-4e79-b882-aa20dd2e6b7f does not exist. Creating ...
2019-09-25 05:52:12,260 [pool-137-thread-1] INFO  storage.RaftStorageDirectory (RaftStorageDirectory.java:tryLock(328)) - Lock on /workdir/hadoop-ozone/ozonefs/target/test-dir/MiniOzoneClusterImpl-9dde5f9b-6604-4092-bbbb-eb034b8ffd25/datanode-1/data/ratis/eaa0c963-b1ab-4e79-b882-aa20dd2e6b7f/in_use.lock acquired by nodename 13808@pr-hdds-1569-zxpks-796972592
2019-09-25 05:52:12,273 [pool-137-thread-1] INFO  storage.RaftStorage (RaftStorage.java:format(72)) - Storage directory /workdir/hadoop-ozone/ozonefs/target/test-dir/MiniOzoneClusterImpl-9dde5f9b-6604-4092-bbbb-eb034b8ffd25/datanode-1/data/ratis/eaa0c963-b1ab-4e79-b882-aa20dd2e6b7f has been successfully formatted.
2019-09-25 05:52:12,273 [pool-137-thread-1] INFO  ratis.ContainerStateMachine (ContainerStateMachine.java:loadSnapshot(230)) - group-AA20DD2E6B7F: The snapshot info is null. Setting the last applied indexto:(t:0, i:~)
2019-09-25 05:52:12,274 [pool-137-thread-1] INFO  server.RaftServerConfigKeys (ConfUtils.java:logGet(43)) - raft.server.notification.no-leader.timeout = 120s (custom)
2019-09-25 05:52:12,274 [pool-137-thread-1] INFO  server.RaftServerConfigKeys (ConfUtils.java:logGet(43)) - raft.server.log.use.memory = false (default)
2019-09-25 05:52:12,274 [pool-137-thread-1] INFO  server.RaftServerConfigKeys (ConfUtils.java:logGet(43)) - raft.server.log.purge.gap = 1000000 (custom)
2019-09-25 05:52:12,274 [pool-137-thread-1] INFO  server.RaftServerConfigKeys (ConfUtils.java:logGet(43)) - raft.server.log.appender.buffer.byte-limit = 33554432 (custom)
2019-09-25 05:52:12,274 [pool-137-thread-1] INFO  server.RaftServerConfigKeys (ConfUtils.java:logGet(43)) - raft.server.log.segment.size.max = 1048576 (custom)
2019-09-25 05:52:12,275 [pool-137-thread-1] INFO  server.RaftServerConfigKeys (ConfUtils.java:logGet(43)) - raft.server.log.segment.cache.num.max = 2 (custom)
2019-09-25 05:52:12,275 [pool-137-thread-1] INFO  segmented.SegmentedRaftLogWorker (SegmentedRaftLogWorker.java:<init>(172)) - new 0a80707e-124f-4b7c-988c-2e0ae8f888cc@group-AA20DD2E6B7F-SegmentedRaftLogWorker for RaftStorage:Storage Directory /workdir/hadoop-ozone/ozonefs/target/test-dir/MiniOzoneClusterImpl-9dde5f9b-6604-4092-bbbb-eb034b8ffd25/datanode-1/data/ratis/eaa0c963-b1ab-4e79-b882-aa20dd2e6b7f
2019-09-25 05:52:12,275 [pool-137-thread-1] INFO  server.RaftServerConfigKeys (ConfUtils.java:logGet(43)) - raft.server.log.queue.byte-limit = 2147483647 (custom)
2019-09-25 05:52:12,275 [pool-137-thread-1] INFO  server.RaftServerConfigKeys (ConfUtils.java:logGet(43)) - raft.server.log.queue.element-limit = 1024 (custom)
2019-09-25 05:52:12,275 [pool-137-thread-1] INFO  server.RaftServerConfigKeys (ConfUtils.java:logGet(43)) - raft.server.log.segment.size.max = 1048576 (custom)
2019-09-25 05:52:12,275 [pool-137-thread-1] INFO  server.RaftServerConfigKeys (ConfUtils.java:logGet(43)) - raft.server.log.preallocated.size = 16384 (custom)
2019-09-25 05:52:12,276 [pool-137-thread-1] INFO  server.RaftServerConfigKeys (ConfUtils.java:logGet(43)) - raft.server.log.write.buffer.size = 33554432 (custom)
2019-09-25 05:52:12,276 [pool-137-thread-1] INFO  server.RaftServerConfigKeys (ConfUtils.java:logGet(43)) - raft.server.log.force.sync.num = 128 (default)
2019-09-25 05:52:12,276 [pool-137-thread-1] INFO  server.RaftServerConfigKeys (ConfUtils.java:logGet(43)) - raft.server.log.statemachine.data.sync = true (default)
2019-09-25 05:52:12,276 [pool-137-thread-1] INFO  server.RaftServerConfigKeys (ConfUtils.java:logGet(43)) - raft.server.log.statemachine.data.sync.timeout = 10s (default)
2019-09-25 05:52:12,276 [pool-137-thread-1] INFO  server.RaftServerConfigKeys (ConfUtils.java:logGet(43)) - raft.server.log.statemachine.data.sync.timeout.retry = -1 (default)
2019-09-25 05:52:12,276 [pool-137-thread-1] INFO  server.RaftServerConfigKeys (ConfUtils.java:logGet(43)) - raft.server.log.statemachine.data.caching.enabled = true (custom)
2019-09-25 05:52:12,277 [pool-137-thread-1] INFO  segmented.SegmentedRaftLogWorker (SegmentedRaftLogWorker.java:lambda$new$0(132)) - 0a80707e-124f-4b7c-988c-2e0ae8f888cc@group-AA20DD2E6B7F-SegmentedRaftLogWorker: flushIndex: setUnconditionally 0 -> -1
2019-09-25 05:52:12,277 [pool-137-thread-1] INFO  server.RaftServerConfigKeys (ConfUtils.java:logGet(43)) - raft.server.snapshot.auto.trigger.enabled = true (custom)
2019-09-25 05:52:12,277 [pool-137-thread-1] INFO  server.RaftServerConfigKeys (ConfUtils.java:logGet(43)) - raft.server.snapshot.auto.trigger.threshold = 10000 (custom)
2019-09-25 05:52:12,277 [pool-137-thread-1] INFO  server.RaftServerConfigKeys (ConfUtils.java:logGet(43)) - raft.server.snapshot.retention.num.files = 5 (custom)
2019-09-25 05:52:12,278 [pool-137-thread-1] INFO  server.RaftServerConfigKeys (ConfUtils.java:logGet(43)) - raft.server.retrycache.expirytime = 600000ms (custom)
2019-09-25 05:52:12,280 [pool-137-thread-1] INFO  impl.RaftServerImpl (RaftServerImpl.java:start(185)) - 0a80707e-124f-4b7c-988c-2e0ae8f888cc@group-AA20DD2E6B7F: start as a follower, conf=-1: [0a80707e-124f-4b7c-988c-2e0ae8f888cc:192.168.5.161:44339], old=null
2019-09-25 05:52:12,281 [pool-137-thread-1] INFO  impl.RaftServerImpl (RaftServerImpl.java:setRole(174)) - 0a80707e-124f-4b7c-988c-2e0ae8f888cc@group-AA20DD2E6B7F: changes role from      null to FOLLOWER at term 0 for startAsFollower
2019-09-25 05:52:12,281 [pool-137-thread-1] INFO  impl.RoleInfo (RoleInfo.java:updateAndGet(143)) - 0a80707e-124f-4b7c-988c-2e0ae8f888cc: start FollowerState
2019-09-25 05:52:12,281 [pool-137-thread-1] INFO  util.JmxRegister (JmxRegister.java:tryRegister(44)) - Successfully registered JMX Bean with object name Ratis:service=RaftServer,group=group-AA20DD2E6B7F,id=0a80707e-124f-4b7c-988c-2e0ae8f888cc
2019-09-25 05:52:12,285 [RatisPipelineUtilsThread] INFO  pipeline.PipelineStateManager (PipelineStateManager.java:addPipeline(56)) - Created pipeline Pipeline[ Id: eaa0c963-b1ab-4e79-b882-aa20dd2e6b7f, Nodes: 0a80707e-124f-4b7c-988c-2e0ae8f888cc{ip: 192.168.5.161, host: pr-hdds-1569-zxpks-796972592, networkLocation: /default-rack, certSerialId: null}, Type:RATIS, Factor:ONE, State:OPEN]
2019-09-25 05:52:12,285 [RatisPipelineUtilsThread] INFO  pipeline.PipelinePlacementPolicy (PipelinePlacementPolicy.java:meetCriteria(91)) - Pipeline Placement: can't place more pipeline on heavy datanode： 1c631bae-68b7-41af-adae-ceb8210a62c8 Heaviness: 6 limit: 5
2019-09-25 05:52:12,292 [grpc-default-executor-0] INFO  impl.RaftServerProxy (RaftServerProxy.java:addNew(89)) - 0a80707e-124f-4b7c-988c-2e0ae8f888cc: addNew group-43591FDAFB55:[0a80707e-124f-4b7c-988c-2e0ae8f888cc:192.168.5.161:44339] returns group-43591FDAFB55:java.util.concurrent.CompletableFuture@510b96a2[Not completed]
2019-09-25 05:52:12,294 [pool-137-thread-1] INFO  impl.RaftServerImpl (RaftServerImpl.java:<init>(95)) - 0a80707e-124f-4b7c-988c-2e0ae8f888cc: new RaftServerImpl for group-43591FDAFB55:[0a80707e-124f-4b7c-988c-2e0ae8f888cc:192.168.5.161:44339] with ContainerStateMachine:uninitialized
2019-09-25 05:52:12,294 [pool-137-thread-1] INFO  server.RaftServerConfigKeys (ConfUtils.java:logGet(43)) - raft.server.rpc.timeout.min = 5s (custom)
2019-09-25 05:52:12,294 [pool-137-thread-1] INFO  server.RaftServerConfigKeys (ConfUtils.java:logGet(43)) - raft.server.rpc.timeout.max = 5200ms (custom)
2019-09-25 05:52:12,294 [pool-137-thread-1] INFO  server.RaftServerConfigKeys (ConfUtils.java:logGet(43)) - raft.server.rpcslowness.timeout = 120s (custom)
2019-09-25 05:52:12,294 [pool-137-thread-1] INFO  server.RaftServerConfigKeys (ConfUtils.java:logGet(43)) - raft.server.sleep.deviation.threshold = 300 (default)
2019-09-25 05:52:12,295 [pool-137-thread-1] INFO  server.RaftServerConfigKeys (ConfUtils.java:logGet(43)) - raft.server.log.appender.install.snapshot.enabled = false (custom)
2019-09-25 05:52:12,295 [pool-137-thread-1] INFO  impl.RaftServerImpl (ServerState.java:<init>(103)) - 0a80707e-124f-4b7c-988c-2e0ae8f888cc@group-43591FDAFB55: ConfigurationManager, init=-1: [0a80707e-124f-4b7c-988c-2e0ae8f888cc:192.168.5.161:44339], old=null, confs=<EMPTY_MAP>
2019-09-25 05:52:12,295 [pool-137-thread-1] INFO  server.RaftServerConfigKeys (ConfUtils.java:logGet(43)) - raft.server.storage.dir = [/workdir/hadoop-ozone/ozonefs/target/test-dir/MiniOzoneClusterImpl-9dde5f9b-6604-4092-bbbb-eb034b8ffd25/datanode-1/data/ratis] (custom)
2019-09-25 05:52:12,295 [pool-137-thread-1] INFO  storage.RaftStorageDirectory (RaftStorageDirectory.java:analyzeStorage(246)) - The storage directory /workdir/hadoop-ozone/ozonefs/target/test-dir/MiniOzoneClusterImpl-9dde5f9b-6604-4092-bbbb-eb034b8ffd25/datanode-1/data/ratis/0e3c9c9e-59ae-4663-bee7-43591fdafb55 does not exist. Creating ...
2019-09-25 05:52:12,308 [pool-137-thread-1] INFO  storage.RaftStorageDirectory (RaftStorageDirectory.java:tryLock(328)) - Lock on /workdir/hadoop-ozone/ozonefs/target/test-dir/MiniOzoneClusterImpl-9dde5f9b-6604-4092-bbbb-eb034b8ffd25/datanode-1/data/ratis/0e3c9c9e-59ae-4663-bee7-43591fdafb55/in_use.lock acquired by nodename 13808@pr-hdds-1569-zxpks-796972592
2019-09-25 05:52:12,321 [pool-137-thread-1] INFO  storage.RaftStorage (RaftStorage.java:format(72)) - Storage directory /workdir/hadoop-ozone/ozonefs/target/test-dir/MiniOzoneClusterImpl-9dde5f9b-6604-4092-bbbb-eb034b8ffd25/datanode-1/data/ratis/0e3c9c9e-59ae-4663-bee7-43591fdafb55 has been successfully formatted.
2019-09-25 05:52:12,321 [pool-137-thread-1] INFO  ratis.ContainerStateMachine (ContainerStateMachine.java:loadSnapshot(230)) - group-43591FDAFB55: The snapshot info is null. Setting the last applied indexto:(t:0, i:~)
2019-09-25 05:52:12,321 [pool-137-thread-1] INFO  server.RaftServerConfigKeys (ConfUtils.java:logGet(43)) - raft.server.notification.no-leader.timeout = 120s (custom)
2019-09-25 05:52:12,322 [pool-137-thread-1] INFO  server.RaftServerConfigKeys (ConfUtils.java:logGet(43)) - raft.server.log.use.memory = false (default)
2019-09-25 05:52:12,322 [pool-137-thread-1] INFO  server.RaftServerConfigKeys (ConfUtils.java:logGet(43)) - raft.server.log.purge.gap = 1000000 (custom)
2019-09-25 05:52:12,322 [pool-137-thread-1] INFO  server.RaftServerConfigKeys (ConfUtils.java:logGet(43)) - raft.server.log.appender.buffer.byte-limit = 33554432 (custom)
2019-09-25 05:52:12,322 [pool-137-thread-1] INFO  server.RaftServerConfigKeys (ConfUtils.java:logGet(43)) - raft.server.log.segment.size.max = 1048576 (custom)
2019-09-25 05:52:12,322 [pool-137-thread-1] INFO  server.RaftServerConfigKeys (ConfUtils.java:logGet(43)) - raft.server.log.segment.cache.num.max = 2 (custom)
2019-09-25 05:52:12,322 [pool-137-thread-1] INFO  segmented.SegmentedRaftLogWorker (SegmentedRaftLogWorker.java:<init>(172)) - new 0a80707e-124f-4b7c-988c-2e0ae8f888cc@group-43591FDAFB55-SegmentedRaftLogWorker for RaftStorage:Storage Directory /workdir/hadoop-ozone/ozonefs/target/test-dir/MiniOzoneClusterImpl-9dde5f9b-6604-4092-bbbb-eb034b8ffd25/datanode-1/data/ratis/0e3c9c9e-59ae-4663-bee7-43591fdafb55
2019-09-25 05:52:12,322 [pool-137-thread-1] INFO  server.RaftServerConfigKeys (ConfUtils.java:logGet(43)) - raft.server.log.queue.byte-limit = 2147483647 (custom)
2019-09-25 05:52:12,323 [pool-137-thread-1] INFO  server.RaftServerConfigKeys (ConfUtils.java:logGet(43)) - raft.server.log.queue.element-limit = 1024 (custom)
2019-09-25 05:52:12,323 [pool-137-thread-1] INFO  server.RaftServerConfigKeys (ConfUtils.java:logGet(43)) - raft.server.log.segment.size.max = 1048576 (custom)
2019-09-25 05:52:12,323 [pool-137-thread-1] INFO  server.RaftServerConfigKeys (ConfUtils.java:logGet(43)) - raft.server.log.preallocated.size = 16384 (custom)
2019-09-25 05:52:12,323 [pool-137-thread-1] INFO  server.RaftServerConfigKeys (ConfUtils.java:logGet(43)) - raft.server.log.write.buffer.size = 33554432 (custom)
2019-09-25 05:52:12,323 [pool-137-thread-1] INFO  server.RaftServerConfigKeys (ConfUtils.java:logGet(43)) - raft.server.log.force.sync.num = 128 (default)
2019-09-25 05:52:12,323 [pool-137-thread-1] INFO  server.RaftServerConfigKeys (ConfUtils.java:logGet(43)) - raft.server.log.statemachine.data.sync = true (default)
2019-09-25 05:52:12,323 [pool-137-thread-1] INFO  server.RaftServerConfigKeys (ConfUtils.java:logGet(43)) - raft.server.log.statemachine.data.sync.timeout = 10s (default)
2019-09-25 05:52:12,324 [pool-137-thread-1] INFO  server.RaftServerConfigKeys (ConfUtils.java:logGet(43)) - raft.server.log.statemachine.data.sync.timeout.retry = -1 (default)
2019-09-25 05:52:12,324 [pool-137-thread-1] INFO  server.RaftServerConfigKeys (ConfUtils.java:logGet(43)) - raft.server.log.statemachine.data.caching.enabled = true (custom)
2019-09-25 05:52:12,324 [pool-137-thread-1] INFO  segmented.SegmentedRaftLogWorker (SegmentedRaftLogWorker.java:lambda$new$0(132)) - 0a80707e-124f-4b7c-988c-2e0ae8f888cc@group-43591FDAFB55-SegmentedRaftLogWorker: flushIndex: setUnconditionally 0 -> -1
2019-09-25 05:52:12,324 [pool-137-thread-1] INFO  server.RaftServerConfigKeys (ConfUtils.java:logGet(43)) - raft.server.snapshot.auto.trigger.enabled = true (custom)
2019-09-25 05:52:12,325 [pool-137-thread-1] INFO  server.RaftServerConfigKeys (ConfUtils.java:logGet(43)) - raft.server.snapshot.auto.trigger.threshold = 10000 (custom)
2019-09-25 05:52:12,325 [pool-137-thread-1] INFO  server.RaftServerConfigKeys (ConfUtils.java:logGet(43)) - raft.server.snapshot.retention.num.files = 5 (custom)
2019-09-25 05:52:12,325 [pool-137-thread-1] INFO  server.RaftServerConfigKeys (ConfUtils.java:logGet(43)) - raft.server.retrycache.expirytime = 600000ms (custom)
2019-09-25 05:52:12,327 [pool-137-thread-1] INFO  impl.RaftServerImpl (RaftServerImpl.java:start(185)) - 0a80707e-124f-4b7c-988c-2e0ae8f888cc@group-43591FDAFB55: start as a follower, conf=-1: [0a80707e-124f-4b7c-988c-2e0ae8f888cc:192.168.5.161:44339], old=null
2019-09-25 05:52:12,327 [pool-137-thread-1] INFO  impl.RaftServerImpl (RaftServerImpl.java:setRole(174)) - 0a80707e-124f-4b7c-988c-2e0ae8f888cc@group-43591FDAFB55: changes role from      null to FOLLOWER at term 0 for startAsFollower
2019-09-25 05:52:12,328 [pool-137-thread-1] INFO  impl.RoleInfo (RoleInfo.java:updateAndGet(143)) - 0a80707e-124f-4b7c-988c-2e0ae8f888cc: start FollowerState
2019-09-25 05:52:12,328 [pool-137-thread-1] INFO  util.JmxRegister (JmxRegister.java:tryRegister(44)) - Successfully registered JMX Bean with object name Ratis:service=RaftServer,group=group-43591FDAFB55,id=0a80707e-124f-4b7c-988c-2e0ae8f888cc
2019-09-25 05:52:12,331 [RatisPipelineUtilsThread] INFO  pipeline.PipelineStateManager (PipelineStateManager.java:addPipeline(56)) - Created pipeline Pipeline[ Id: 0e3c9c9e-59ae-4663-bee7-43591fdafb55, Nodes: 0a80707e-124f-4b7c-988c-2e0ae8f888cc{ip: 192.168.5.161, host: pr-hdds-1569-zxpks-796972592, networkLocation: /default-rack, certSerialId: null}, Type:RATIS, Factor:ONE, State:OPEN]
2019-09-25 05:52:12,331 [RatisPipelineUtilsThread] INFO  pipeline.PipelinePlacementPolicy (PipelinePlacementPolicy.java:meetCriteria(91)) - Pipeline Placement: can't place more pipeline on heavy datanode： 1c631bae-68b7-41af-adae-ceb8210a62c8 Heaviness: 6 limit: 5
2019-09-25 05:52:12,337 [grpc-default-executor-0] INFO  impl.RaftServerProxy (RaftServerProxy.java:addNew(89)) - 0a80707e-124f-4b7c-988c-2e0ae8f888cc: addNew group-658CD85D3F39:[0a80707e-124f-4b7c-988c-2e0ae8f888cc:192.168.5.161:44339] returns group-658CD85D3F39:java.util.concurrent.CompletableFuture@44ff1e4a[Not completed]
2019-09-25 05:52:12,338 [pool-137-thread-1] INFO  impl.RaftServerImpl (RaftServerImpl.java:<init>(95)) - 0a80707e-124f-4b7c-988c-2e0ae8f888cc: new RaftServerImpl for group-658CD85D3F39:[0a80707e-124f-4b7c-988c-2e0ae8f888cc:192.168.5.161:44339] with ContainerStateMachine:uninitialized
2019-09-25 05:52:12,339 [pool-137-thread-1] INFO  server.RaftServerConfigKeys (ConfUtils.java:logGet(43)) - raft.server.rpc.timeout.min = 5s (custom)
2019-09-25 05:52:12,339 [pool-137-thread-1] INFO  server.RaftServerConfigKeys (ConfUtils.java:logGet(43)) - raft.server.rpc.timeout.max = 5200ms (custom)
2019-09-25 05:52:12,339 [pool-137-thread-1] INFO  server.RaftServerConfigKeys (ConfUtils.java:logGet(43)) - raft.server.rpcslowness.timeout = 120s (custom)
2019-09-25 05:52:12,339 [pool-137-thread-1] INFO  server.RaftServerConfigKeys (ConfUtils.java:logGet(43)) - raft.server.sleep.deviation.threshold = 300 (default)
2019-09-25 05:52:12,339 [pool-137-thread-1] INFO  server.RaftServerConfigKeys (ConfUtils.java:logGet(43)) - raft.server.log.appender.install.snapshot.enabled = false (custom)
2019-09-25 05:52:12,339 [pool-137-thread-1] INFO  impl.RaftServerImpl (ServerState.java:<init>(103)) - 0a80707e-124f-4b7c-988c-2e0ae8f888cc@group-658CD85D3F39: ConfigurationManager, init=-1: [0a80707e-124f-4b7c-988c-2e0ae8f888cc:192.168.5.161:44339], old=null, confs=<EMPTY_MAP>
2019-09-25 05:52:12,339 [pool-137-thread-1] INFO  server.RaftServerConfigKeys (ConfUtils.java:logGet(43)) - raft.server.storage.dir = [/workdir/hadoop-ozone/ozonefs/target/test-dir/MiniOzoneClusterImpl-9dde5f9b-6604-4092-bbbb-eb034b8ffd25/datanode-1/data/ratis] (custom)
2019-09-25 05:52:12,340 [pool-137-thread-1] INFO  storage.RaftStorageDirectory (RaftStorageDirectory.java:analyzeStorage(246)) - The storage directory /workdir/hadoop-ozone/ozonefs/target/test-dir/MiniOzoneClusterImpl-9dde5f9b-6604-4092-bbbb-eb034b8ffd25/datanode-1/data/ratis/74a03e88-1ce8-47c5-9bb7-658cd85d3f39 does not exist. Creating ...
2019-09-25 05:52:12,352 [pool-137-thread-1] INFO  storage.RaftStorageDirectory (RaftStorageDirectory.java:tryLock(328)) - Lock on /workdir/hadoop-ozone/ozonefs/target/test-dir/MiniOzoneClusterImpl-9dde5f9b-6604-4092-bbbb-eb034b8ffd25/datanode-1/data/ratis/74a03e88-1ce8-47c5-9bb7-658cd85d3f39/in_use.lock acquired by nodename 13808@pr-hdds-1569-zxpks-796972592
2019-09-25 05:52:12,356 [pool-137-thread-1] INFO  storage.RaftStorage (RaftStorage.java:format(72)) - Storage directory /workdir/hadoop-ozone/ozonefs/target/test-dir/MiniOzoneClusterImpl-9dde5f9b-6604-4092-bbbb-eb034b8ffd25/datanode-1/data/ratis/74a03e88-1ce8-47c5-9bb7-658cd85d3f39 has been successfully formatted.
2019-09-25 05:52:12,356 [pool-137-thread-1] INFO  ratis.ContainerStateMachine (ContainerStateMachine.java:loadSnapshot(230)) - group-658CD85D3F39: The snapshot info is null. Setting the last applied indexto:(t:0, i:~)
2019-09-25 05:52:12,356 [pool-137-thread-1] INFO  server.RaftServerConfigKeys (ConfUtils.java:logGet(43)) - raft.server.notification.no-leader.timeout = 120s (custom)
2019-09-25 05:52:12,356 [pool-137-thread-1] INFO  server.RaftServerConfigKeys (ConfUtils.java:logGet(43)) - raft.server.log.use.memory = false (default)
2019-09-25 05:52:12,356 [pool-137-thread-1] INFO  server.RaftServerConfigKeys (ConfUtils.java:logGet(43)) - raft.server.log.purge.gap = 1000000 (custom)
2019-09-25 05:52:12,357 [pool-137-thread-1] INFO  server.RaftServerConfigKeys (ConfUtils.java:logGet(43)) - raft.server.log.appender.buffer.byte-limit = 33554432 (custom)
2019-09-25 05:52:12,357 [pool-137-thread-1] INFO  server.RaftServerConfigKeys (ConfUtils.java:logGet(43)) - raft.server.log.segment.size.max = 1048576 (custom)
2019-09-25 05:52:12,357 [pool-137-thread-1] INFO  server.RaftServerConfigKeys (ConfUtils.java:logGet(43)) - raft.server.log.segment.cache.num.max = 2 (custom)
2019-09-25 05:52:12,357 [pool-137-thread-1] INFO  segmented.SegmentedRaftLogWorker (SegmentedRaftLogWorker.java:<init>(172)) - new 0a80707e-124f-4b7c-988c-2e0ae8f888cc@group-658CD85D3F39-SegmentedRaftLogWorker for RaftStorage:Storage Directory /workdir/hadoop-ozone/ozonefs/target/test-dir/MiniOzoneClusterImpl-9dde5f9b-6604-4092-bbbb-eb034b8ffd25/datanode-1/data/ratis/74a03e88-1ce8-47c5-9bb7-658cd85d3f39
2019-09-25 05:52:12,357 [pool-137-thread-1] INFO  server.RaftServerConfigKeys (ConfUtils.java:logGet(43)) - raft.server.log.queue.byte-limit = 2147483647 (custom)
2019-09-25 05:52:12,357 [pool-137-thread-1] INFO  server.RaftServerConfigKeys (ConfUtils.java:logGet(43)) - raft.server.log.queue.element-limit = 1024 (custom)
2019-09-25 05:52:12,357 [pool-137-thread-1] INFO  server.RaftServerConfigKeys (ConfUtils.java:logGet(43)) - raft.server.log.segment.size.max = 1048576 (custom)
2019-09-25 05:52:12,358 [pool-137-thread-1] INFO  server.RaftServerConfigKeys (ConfUtils.java:logGet(43)) - raft.server.log.preallocated.size = 16384 (custom)
2019-09-25 05:52:12,358 [pool-137-thread-1] INFO  server.RaftServerConfigKeys (ConfUtils.java:logGet(43)) - raft.server.log.write.buffer.size = 33554432 (custom)
2019-09-25 05:52:12,358 [pool-137-thread-1] INFO  server.RaftServerConfigKeys (ConfUtils.java:logGet(43)) - raft.server.log.force.sync.num = 128 (default)
2019-09-25 05:52:12,358 [pool-137-thread-1] INFO  server.RaftServerConfigKeys (ConfUtils.java:logGet(43)) - raft.server.log.statemachine.data.sync = true (default)
2019-09-25 05:52:12,358 [pool-137-thread-1] INFO  server.RaftServerConfigKeys (ConfUtils.java:logGet(43)) - raft.server.log.statemachine.data.sync.timeout = 10s (default)
2019-09-25 05:52:12,358 [pool-137-thread-1] INFO  server.RaftServerConfigKeys (ConfUtils.java:logGet(43)) - raft.server.log.statemachine.data.sync.timeout.retry = -1 (default)
2019-09-25 05:52:12,358 [pool-137-thread-1] INFO  server.RaftServerConfigKeys (ConfUtils.java:logGet(43)) - raft.server.log.statemachine.data.caching.enabled = true (custom)
2019-09-25 05:52:12,359 [pool-137-thread-1] INFO  segmented.SegmentedRaftLogWorker (SegmentedRaftLogWorker.java:lambda$new$0(132)) - 0a80707e-124f-4b7c-988c-2e0ae8f888cc@group-658CD85D3F39-SegmentedRaftLogWorker: flushIndex: setUnconditionally 0 -> -1
2019-09-25 05:52:12,359 [pool-137-thread-1] INFO  server.RaftServerConfigKeys (ConfUtils.java:logGet(43)) - raft.server.snapshot.auto.trigger.enabled = true (custom)
2019-09-25 05:52:12,359 [pool-137-thread-1] INFO  server.RaftServerConfigKeys (ConfUtils.java:logGet(43)) - raft.server.snapshot.auto.trigger.threshold = 10000 (custom)
2019-09-25 05:52:12,359 [pool-137-thread-1] INFO  server.RaftServerConfigKeys (ConfUtils.java:logGet(43)) - raft.server.snapshot.retention.num.files = 5 (custom)
2019-09-25 05:52:12,360 [pool-137-thread-1] INFO  server.RaftServerConfigKeys (ConfUtils.java:logGet(43)) - raft.server.retrycache.expirytime = 600000ms (custom)
2019-09-25 05:52:12,362 [pool-137-thread-1] INFO  impl.RaftServerImpl (RaftServerImpl.java:start(185)) - 0a80707e-124f-4b7c-988c-2e0ae8f888cc@group-658CD85D3F39: start as a follower, conf=-1: [0a80707e-124f-4b7c-988c-2e0ae8f888cc:192.168.5.161:44339], old=null
2019-09-25 05:52:12,362 [pool-137-thread-1] INFO  impl.RaftServerImpl (RaftServerImpl.java:setRole(174)) - 0a80707e-124f-4b7c-988c-2e0ae8f888cc@group-658CD85D3F39: changes role from      null to FOLLOWER at term 0 for startAsFollower
2019-09-25 05:52:12,362 [pool-137-thread-1] INFO  impl.RoleInfo (RoleInfo.java:updateAndGet(143)) - 0a80707e-124f-4b7c-988c-2e0ae8f888cc: start FollowerState
2019-09-25 05:52:12,363 [pool-137-thread-1] INFO  util.JmxRegister (JmxRegister.java:tryRegister(44)) - Successfully registered JMX Bean with object name Ratis:service=RaftServer,group=group-658CD85D3F39,id=0a80707e-124f-4b7c-988c-2e0ae8f888cc
2019-09-25 05:52:12,366 [RatisPipelineUtilsThread] INFO  pipeline.PipelineStateManager (PipelineStateManager.java:addPipeline(56)) - Created pipeline Pipeline[ Id: 74a03e88-1ce8-47c5-9bb7-658cd85d3f39, Nodes: 0a80707e-124f-4b7c-988c-2e0ae8f888cc{ip: 192.168.5.161, host: pr-hdds-1569-zxpks-796972592, networkLocation: /default-rack, certSerialId: null}, Type:RATIS, Factor:ONE, State:OPEN]
2019-09-25 05:52:12,366 [RatisPipelineUtilsThread] INFO  pipeline.PipelinePlacementPolicy (PipelinePlacementPolicy.java:meetCriteria(91)) - Pipeline Placement: can't place more pipeline on heavy datanode： 1c631bae-68b7-41af-adae-ceb8210a62c8 Heaviness: 6 limit: 5
2019-09-25 05:52:12,366 [RatisPipelineUtilsThread] INFO  pipeline.PipelinePlacementPolicy (PipelinePlacementPolicy.java:meetCriteria(91)) - Pipeline Placement: can't place more pipeline on heavy datanode： 0a80707e-124f-4b7c-988c-2e0ae8f888cc Heaviness: 6 limit: 5
2019-09-25 05:52:12,376 [grpc-default-executor-0] INFO  impl.RaftServerProxy (RaftServerProxy.java:addNew(89)) - b5ee1a19-6deb-4763-80dd-59e5108b263a: addNew group-417EEA79A3AF:[b5ee1a19-6deb-4763-80dd-59e5108b263a:192.168.5.161:40020] returns group-417EEA79A3AF:java.util.concurrent.CompletableFuture@5d55d051[Not completed]
2019-09-25 05:52:12,377 [pool-147-thread-1] INFO  impl.RaftServerImpl (RaftServerImpl.java:<init>(95)) - b5ee1a19-6deb-4763-80dd-59e5108b263a: new RaftServerImpl for group-417EEA79A3AF:[b5ee1a19-6deb-4763-80dd-59e5108b263a:192.168.5.161:40020] with ContainerStateMachine:uninitialized
2019-09-25 05:52:12,377 [pool-147-thread-1] INFO  server.RaftServerConfigKeys (ConfUtils.java:logGet(43)) - raft.server.rpc.timeout.min = 5s (custom)
2019-09-25 05:52:12,377 [pool-147-thread-1] INFO  server.RaftServerConfigKeys (ConfUtils.java:logGet(43)) - raft.server.rpc.timeout.max = 5200ms (custom)
2019-09-25 05:52:12,378 [pool-147-thread-1] INFO  server.RaftServerConfigKeys (ConfUtils.java:logGet(43)) - raft.server.rpcslowness.timeout = 120s (custom)
2019-09-25 05:52:12,378 [pool-147-thread-1] INFO  server.RaftServerConfigKeys (ConfUtils.java:logGet(43)) - raft.server.sleep.deviation.threshold = 300 (default)
2019-09-25 05:52:12,378 [pool-147-thread-1] INFO  server.RaftServerConfigKeys (ConfUtils.java:logGet(43)) - raft.server.log.appender.install.snapshot.enabled = false (custom)
2019-09-25 05:52:12,378 [pool-147-thread-1] INFO  impl.RaftServerImpl (ServerState.java:<init>(103)) - b5ee1a19-6deb-4763-80dd-59e5108b263a@group-417EEA79A3AF: ConfigurationManager, init=-1: [b5ee1a19-6deb-4763-80dd-59e5108b263a:192.168.5.161:40020], old=null, confs=<EMPTY_MAP>
2019-09-25 05:52:12,378 [pool-147-thread-1] INFO  server.RaftServerConfigKeys (ConfUtils.java:logGet(43)) - raft.server.storage.dir = [/workdir/hadoop-ozone/ozonefs/target/test-dir/MiniOzoneClusterImpl-9dde5f9b-6604-4092-bbbb-eb034b8ffd25/datanode-2/data/ratis] (custom)
2019-09-25 05:52:12,379 [pool-147-thread-1] INFO  storage.RaftStorageDirectory (RaftStorageDirectory.java:analyzeStorage(246)) - The storage directory /workdir/hadoop-ozone/ozonefs/target/test-dir/MiniOzoneClusterImpl-9dde5f9b-6604-4092-bbbb-eb034b8ffd25/datanode-2/data/ratis/f221b721-e573-4fa5-8411-417eea79a3af does not exist. Creating ...
2019-09-25 05:52:12,382 [pool-147-thread-1] INFO  storage.RaftStorageDirectory (RaftStorageDirectory.java:tryLock(328)) - Lock on /workdir/hadoop-ozone/ozonefs/target/test-dir/MiniOzoneClusterImpl-9dde5f9b-6604-4092-bbbb-eb034b8ffd25/datanode-2/data/ratis/f221b721-e573-4fa5-8411-417eea79a3af/in_use.lock acquired by nodename 13808@pr-hdds-1569-zxpks-796972592
2019-09-25 05:52:12,410 [pool-147-thread-1] INFO  storage.RaftStorage (RaftStorage.java:format(72)) - Storage directory /workdir/hadoop-ozone/ozonefs/target/test-dir/MiniOzoneClusterImpl-9dde5f9b-6604-4092-bbbb-eb034b8ffd25/datanode-2/data/ratis/f221b721-e573-4fa5-8411-417eea79a3af has been successfully formatted.
2019-09-25 05:52:12,410 [pool-147-thread-1] INFO  ratis.ContainerStateMachine (ContainerStateMachine.java:loadSnapshot(230)) - group-417EEA79A3AF: The snapshot info is null. Setting the last applied indexto:(t:0, i:~)
2019-09-25 05:52:12,410 [pool-147-thread-1] INFO  server.RaftServerConfigKeys (ConfUtils.java:logGet(43)) - raft.server.notification.no-leader.timeout = 120s (custom)
2019-09-25 05:52:12,411 [pool-147-thread-1] INFO  server.RaftServerConfigKeys (ConfUtils.java:logGet(43)) - raft.server.log.use.memory = false (default)
2019-09-25 05:52:12,411 [pool-147-thread-1] INFO  server.RaftServerConfigKeys (ConfUtils.java:logGet(43)) - raft.server.log.purge.gap = 1000000 (custom)
2019-09-25 05:52:12,411 [pool-147-thread-1] INFO  server.RaftServerConfigKeys (ConfUtils.java:logGet(43)) - raft.server.log.appender.buffer.byte-limit = 33554432 (custom)
2019-09-25 05:52:12,411 [pool-147-thread-1] INFO  server.RaftServerConfigKeys (ConfUtils.java:logGet(43)) - raft.server.log.segment.size.max = 1048576 (custom)
2019-09-25 05:52:12,411 [pool-147-thread-1] INFO  server.RaftServerConfigKeys (ConfUtils.java:logGet(43)) - raft.server.log.segment.cache.num.max = 2 (custom)
2019-09-25 05:52:12,411 [pool-147-thread-1] INFO  segmented.SegmentedRaftLogWorker (SegmentedRaftLogWorker.java:<init>(172)) - new b5ee1a19-6deb-4763-80dd-59e5108b263a@group-417EEA79A3AF-SegmentedRaftLogWorker for RaftStorage:Storage Directory /workdir/hadoop-ozone/ozonefs/target/test-dir/MiniOzoneClusterImpl-9dde5f9b-6604-4092-bbbb-eb034b8ffd25/datanode-2/data/ratis/f221b721-e573-4fa5-8411-417eea79a3af
2019-09-25 05:52:12,414 [pool-147-thread-1] INFO  server.RaftServerConfigKeys (ConfUtils.java:logGet(43)) - raft.server.log.queue.byte-limit = 2147483647 (custom)
2019-09-25 05:52:12,414 [pool-147-thread-1] INFO  server.RaftServerConfigKeys (ConfUtils.java:logGet(43)) - raft.server.log.queue.element-limit = 1024 (custom)
2019-09-25 05:52:12,414 [pool-147-thread-1] INFO  server.RaftServerConfigKeys (ConfUtils.java:logGet(43)) - raft.server.log.segment.size.max = 1048576 (custom)
2019-09-25 05:52:12,414 [pool-147-thread-1] INFO  server.RaftServerConfigKeys (ConfUtils.java:logGet(43)) - raft.server.log.preallocated.size = 16384 (custom)
2019-09-25 05:52:12,415 [pool-147-thread-1] INFO  server.RaftServerConfigKeys (ConfUtils.java:logGet(43)) - raft.server.log.write.buffer.size = 33554432 (custom)
2019-09-25 05:52:12,415 [pool-147-thread-1] INFO  server.RaftServerConfigKeys (ConfUtils.java:logGet(43)) - raft.server.log.force.sync.num = 128 (default)
2019-09-25 05:52:12,415 [pool-147-thread-1] INFO  server.RaftServerConfigKeys (ConfUtils.java:logGet(43)) - raft.server.log.statemachine.data.sync = true (default)
2019-09-25 05:52:12,415 [pool-147-thread-1] INFO  server.RaftServerConfigKeys (ConfUtils.java:logGet(43)) - raft.server.log.statemachine.data.sync.timeout = 10s (default)
2019-09-25 05:52:12,415 [pool-147-thread-1] INFO  server.RaftServerConfigKeys (ConfUtils.java:logGet(43)) - raft.server.log.statemachine.data.sync.timeout.retry = -1 (default)
2019-09-25 05:52:12,416 [pool-147-thread-1] INFO  server.RaftServerConfigKeys (ConfUtils.java:logGet(43)) - raft.server.log.statemachine.data.caching.enabled = true (custom)
2019-09-25 05:52:12,416 [pool-147-thread-1] INFO  segmented.SegmentedRaftLogWorker (SegmentedRaftLogWorker.java:lambda$new$0(132)) - b5ee1a19-6deb-4763-80dd-59e5108b263a@group-417EEA79A3AF-SegmentedRaftLogWorker: flushIndex: setUnconditionally 0 -> -1
2019-09-25 05:52:12,416 [pool-147-thread-1] INFO  server.RaftServerConfigKeys (ConfUtils.java:logGet(43)) - raft.server.snapshot.auto.trigger.enabled = true (custom)
2019-09-25 05:52:12,416 [pool-147-thread-1] INFO  server.RaftServerConfigKeys (ConfUtils.java:logGet(43)) - raft.server.snapshot.auto.trigger.threshold = 10000 (custom)
2019-09-25 05:52:12,417 [pool-147-thread-1] INFO  server.RaftServerConfigKeys (ConfUtils.java:logGet(43)) - raft.server.snapshot.retention.num.files = 5 (custom)
2019-09-25 05:52:12,417 [pool-147-thread-1] INFO  server.RaftServerConfigKeys (ConfUtils.java:logGet(43)) - raft.server.retrycache.expirytime = 600000ms (custom)
2019-09-25 05:52:12,419 [pool-147-thread-1] INFO  impl.RaftServerImpl (RaftServerImpl.java:start(185)) - b5ee1a19-6deb-4763-80dd-59e5108b263a@group-417EEA79A3AF: start as a follower, conf=-1: [b5ee1a19-6deb-4763-80dd-59e5108b263a:192.168.5.161:40020], old=null
2019-09-25 05:52:12,419 [pool-147-thread-1] INFO  impl.RaftServerImpl (RaftServerImpl.java:setRole(174)) - b5ee1a19-6deb-4763-80dd-59e5108b263a@group-417EEA79A3AF: changes role from      null to FOLLOWER at term 0 for startAsFollower
2019-09-25 05:52:12,419 [pool-147-thread-1] INFO  impl.RoleInfo (RoleInfo.java:updateAndGet(143)) - b5ee1a19-6deb-4763-80dd-59e5108b263a: start FollowerState
2019-09-25 05:52:12,420 [pool-147-thread-1] INFO  util.JmxRegister (JmxRegister.java:tryRegister(44)) - Successfully registered JMX Bean with object name Ratis:service=RaftServer,group=group-417EEA79A3AF,id=b5ee1a19-6deb-4763-80dd-59e5108b263a
2019-09-25 05:52:12,426 [RatisPipelineUtilsThread] INFO  pipeline.PipelineStateManager (PipelineStateManager.java:addPipeline(56)) - Created pipeline Pipeline[ Id: f221b721-e573-4fa5-8411-417eea79a3af, Nodes: b5ee1a19-6deb-4763-80dd-59e5108b263a{ip: 192.168.5.161, host: pr-hdds-1569-zxpks-796972592, networkLocation: /default-rack, certSerialId: null}, Type:RATIS, Factor:ONE, State:OPEN]
2019-09-25 05:52:12,427 [RatisPipelineUtilsThread] INFO  pipeline.PipelinePlacementPolicy (PipelinePlacementPolicy.java:meetCriteria(91)) - Pipeline Placement: can't place more pipeline on heavy datanode： 1c631bae-68b7-41af-adae-ceb8210a62c8 Heaviness: 6 limit: 5
2019-09-25 05:52:12,427 [RatisPipelineUtilsThread] INFO  pipeline.PipelinePlacementPolicy (PipelinePlacementPolicy.java:meetCriteria(91)) - Pipeline Placement: can't place more pipeline on heavy datanode： 0a80707e-124f-4b7c-988c-2e0ae8f888cc Heaviness: 6 limit: 5
2019-09-25 05:52:12,434 [grpc-default-executor-0] INFO  impl.RaftServerProxy (RaftServerProxy.java:addNew(89)) - b5ee1a19-6deb-4763-80dd-59e5108b263a: addNew group-616C61E70414:[b5ee1a19-6deb-4763-80dd-59e5108b263a:192.168.5.161:40020] returns group-616C61E70414:java.util.concurrent.CompletableFuture@5dc2ff1d[Not completed]
2019-09-25 05:52:12,435 [pool-147-thread-1] INFO  impl.RaftServerImpl (RaftServerImpl.java:<init>(95)) - b5ee1a19-6deb-4763-80dd-59e5108b263a: new RaftServerImpl for group-616C61E70414:[b5ee1a19-6deb-4763-80dd-59e5108b263a:192.168.5.161:40020] with ContainerStateMachine:uninitialized
2019-09-25 05:52:12,435 [pool-147-thread-1] INFO  server.RaftServerConfigKeys (ConfUtils.java:logGet(43)) - raft.server.rpc.timeout.min = 5s (custom)
2019-09-25 05:52:12,435 [pool-147-thread-1] INFO  server.RaftServerConfigKeys (ConfUtils.java:logGet(43)) - raft.server.rpc.timeout.max = 5200ms (custom)
2019-09-25 05:52:12,435 [pool-147-thread-1] INFO  server.RaftServerConfigKeys (ConfUtils.java:logGet(43)) - raft.server.rpcslowness.timeout = 120s (custom)
2019-09-25 05:52:12,435 [pool-147-thread-1] INFO  server.RaftServerConfigKeys (ConfUtils.java:logGet(43)) - raft.server.sleep.deviation.threshold = 300 (default)
2019-09-25 05:52:12,435 [pool-147-thread-1] INFO  server.RaftServerConfigKeys (ConfUtils.java:logGet(43)) - raft.server.log.appender.install.snapshot.enabled = false (custom)
2019-09-25 05:52:12,436 [pool-147-thread-1] INFO  impl.RaftServerImpl (ServerState.java:<init>(103)) - b5ee1a19-6deb-4763-80dd-59e5108b263a@group-616C61E70414: ConfigurationManager, init=-1: [b5ee1a19-6deb-4763-80dd-59e5108b263a:192.168.5.161:40020], old=null, confs=<EMPTY_MAP>
2019-09-25 05:52:12,436 [pool-147-thread-1] INFO  server.RaftServerConfigKeys (ConfUtils.java:logGet(43)) - raft.server.storage.dir = [/workdir/hadoop-ozone/ozonefs/target/test-dir/MiniOzoneClusterImpl-9dde5f9b-6604-4092-bbbb-eb034b8ffd25/datanode-2/data/ratis] (custom)
2019-09-25 05:52:12,436 [pool-147-thread-1] INFO  storage.RaftStorageDirectory (RaftStorageDirectory.java:analyzeStorage(246)) - The storage directory /workdir/hadoop-ozone/ozonefs/target/test-dir/MiniOzoneClusterImpl-9dde5f9b-6604-4092-bbbb-eb034b8ffd25/datanode-2/data/ratis/9487e402-27e2-4fff-ab35-616c61e70414 does not exist. Creating ...
2019-09-25 05:52:12,449 [pool-147-thread-1] INFO  storage.RaftStorageDirectory (RaftStorageDirectory.java:tryLock(328)) - Lock on /workdir/hadoop-ozone/ozonefs/target/test-dir/MiniOzoneClusterImpl-9dde5f9b-6604-4092-bbbb-eb034b8ffd25/datanode-2/data/ratis/9487e402-27e2-4fff-ab35-616c61e70414/in_use.lock acquired by nodename 13808@pr-hdds-1569-zxpks-796972592
2019-09-25 05:52:12,462 [pool-147-thread-1] INFO  storage.RaftStorage (RaftStorage.java:format(72)) - Storage directory /workdir/hadoop-ozone/ozonefs/target/test-dir/MiniOzoneClusterImpl-9dde5f9b-6604-4092-bbbb-eb034b8ffd25/datanode-2/data/ratis/9487e402-27e2-4fff-ab35-616c61e70414 has been successfully formatted.
2019-09-25 05:52:12,463 [pool-147-thread-1] INFO  ratis.ContainerStateMachine (ContainerStateMachine.java:loadSnapshot(230)) - group-616C61E70414: The snapshot info is null. Setting the last applied indexto:(t:0, i:~)
2019-09-25 05:52:12,463 [pool-147-thread-1] INFO  server.RaftServerConfigKeys (ConfUtils.java:logGet(43)) - raft.server.notification.no-leader.timeout = 120s (custom)
2019-09-25 05:52:12,463 [pool-147-thread-1] INFO  server.RaftServerConfigKeys (ConfUtils.java:logGet(43)) - raft.server.log.use.memory = false (default)
2019-09-25 05:52:12,464 [pool-147-thread-1] INFO  server.RaftServerConfigKeys (ConfUtils.java:logGet(43)) - raft.server.log.purge.gap = 1000000 (custom)
2019-09-25 05:52:12,464 [pool-147-thread-1] INFO  server.RaftServerConfigKeys (ConfUtils.java:logGet(43)) - raft.server.log.appender.buffer.byte-limit = 33554432 (custom)
2019-09-25 05:52:12,464 [pool-147-thread-1] INFO  server.RaftServerConfigKeys (ConfUtils.java:logGet(43)) - raft.server.log.segment.size.max = 1048576 (custom)
2019-09-25 05:52:12,464 [pool-147-thread-1] INFO  server.RaftServerConfigKeys (ConfUtils.java:logGet(43)) - raft.server.log.segment.cache.num.max = 2 (custom)
2019-09-25 05:52:12,465 [pool-147-thread-1] INFO  segmented.SegmentedRaftLogWorker (SegmentedRaftLogWorker.java:<init>(172)) - new b5ee1a19-6deb-4763-80dd-59e5108b263a@group-616C61E70414-SegmentedRaftLogWorker for RaftStorage:Storage Directory /workdir/hadoop-ozone/ozonefs/target/test-dir/MiniOzoneClusterImpl-9dde5f9b-6604-4092-bbbb-eb034b8ffd25/datanode-2/data/ratis/9487e402-27e2-4fff-ab35-616c61e70414
2019-09-25 05:52:12,465 [pool-147-thread-1] INFO  server.RaftServerConfigKeys (ConfUtils.java:logGet(43)) - raft.server.log.queue.byte-limit = 2147483647 (custom)
2019-09-25 05:52:12,465 [pool-147-thread-1] INFO  server.RaftServerConfigKeys (ConfUtils.java:logGet(43)) - raft.server.log.queue.element-limit = 1024 (custom)
2019-09-25 05:52:12,465 [pool-147-thread-1] INFO  server.RaftServerConfigKeys (ConfUtils.java:logGet(43)) - raft.server.log.segment.size.max = 1048576 (custom)
2019-09-25 05:52:12,466 [pool-147-thread-1] INFO  server.RaftServerConfigKeys (ConfUtils.java:logGet(43)) - raft.server.log.preallocated.size = 16384 (custom)
2019-09-25 05:52:12,466 [pool-147-thread-1] INFO  server.RaftServerConfigKeys (ConfUtils.java:logGet(43)) - raft.server.log.write.buffer.size = 33554432 (custom)
2019-09-25 05:52:12,466 [pool-147-thread-1] INFO  server.RaftServerConfigKeys (ConfUtils.java:logGet(43)) - raft.server.log.force.sync.num = 128 (default)
2019-09-25 05:52:12,466 [pool-147-thread-1] INFO  server.RaftServerConfigKeys (ConfUtils.java:logGet(43)) - raft.server.log.statemachine.data.sync = true (default)
2019-09-25 05:52:12,467 [pool-147-thread-1] INFO  server.RaftServerConfigKeys (ConfUtils.java:logGet(43)) - raft.server.log.statemachine.data.sync.timeout = 10s (default)
2019-09-25 05:52:12,467 [pool-147-thread-1] INFO  server.RaftServerConfigKeys (ConfUtils.java:logGet(43)) - raft.server.log.statemachine.data.sync.timeout.retry = -1 (default)
2019-09-25 05:52:12,467 [pool-147-thread-1] INFO  server.RaftServerConfigKeys (ConfUtils.java:logGet(43)) - raft.server.log.statemachine.data.caching.enabled = true (custom)
2019-09-25 05:52:12,468 [pool-147-thread-1] INFO  segmented.SegmentedRaftLogWorker (SegmentedRaftLogWorker.java:lambda$new$0(132)) - b5ee1a19-6deb-4763-80dd-59e5108b263a@group-616C61E70414-SegmentedRaftLogWorker: flushIndex: setUnconditionally 0 -> -1
2019-09-25 05:52:12,468 [pool-147-thread-1] INFO  server.RaftServerConfigKeys (ConfUtils.java:logGet(43)) - raft.server.snapshot.auto.trigger.enabled = true (custom)
2019-09-25 05:52:12,468 [pool-147-thread-1] INFO  server.RaftServerConfigKeys (ConfUtils.java:logGet(43)) - raft.server.snapshot.auto.trigger.threshold = 10000 (custom)
2019-09-25 05:52:12,469 [pool-147-thread-1] INFO  server.RaftServerConfigKeys (ConfUtils.java:logGet(43)) - raft.server.snapshot.retention.num.files = 5 (custom)
2019-09-25 05:52:12,469 [pool-147-thread-1] INFO  server.RaftServerConfigKeys (ConfUtils.java:logGet(43)) - raft.server.retrycache.expirytime = 600000ms (custom)
2019-09-25 05:52:12,471 [pool-147-thread-1] INFO  impl.RaftServerImpl (RaftServerImpl.java:start(185)) - b5ee1a19-6deb-4763-80dd-59e5108b263a@group-616C61E70414: start as a follower, conf=-1: [b5ee1a19-6deb-4763-80dd-59e5108b263a:192.168.5.161:40020], old=null
2019-09-25 05:52:12,472 [pool-147-thread-1] INFO  impl.RaftServerImpl (RaftServerImpl.java:setRole(174)) - b5ee1a19-6deb-4763-80dd-59e5108b263a@group-616C61E70414: changes role from      null to FOLLOWER at term 0 for startAsFollower
2019-09-25 05:52:12,472 [pool-147-thread-1] INFO  impl.RoleInfo (RoleInfo.java:updateAndGet(143)) - b5ee1a19-6deb-4763-80dd-59e5108b263a: start FollowerState
2019-09-25 05:52:12,472 [pool-147-thread-1] INFO  util.JmxRegister (JmxRegister.java:tryRegister(44)) - Successfully registered JMX Bean with object name Ratis:service=RaftServer,group=group-616C61E70414,id=b5ee1a19-6deb-4763-80dd-59e5108b263a
2019-09-25 05:52:12,475 [RatisPipelineUtilsThread] INFO  pipeline.PipelineStateManager (PipelineStateManager.java:addPipeline(56)) - Created pipeline Pipeline[ Id: 9487e402-27e2-4fff-ab35-616c61e70414, Nodes: b5ee1a19-6deb-4763-80dd-59e5108b263a{ip: 192.168.5.161, host: pr-hdds-1569-zxpks-796972592, networkLocation: /default-rack, certSerialId: null}, Type:RATIS, Factor:ONE, State:OPEN]
2019-09-25 05:52:12,476 [RatisPipelineUtilsThread] INFO  pipeline.PipelinePlacementPolicy (PipelinePlacementPolicy.java:meetCriteria(91)) - Pipeline Placement: can't place more pipeline on heavy datanode： 1c631bae-68b7-41af-adae-ceb8210a62c8 Heaviness: 6 limit: 5
2019-09-25 05:52:12,476 [RatisPipelineUtilsThread] INFO  pipeline.PipelinePlacementPolicy (PipelinePlacementPolicy.java:meetCriteria(91)) - Pipeline Placement: can't place more pipeline on heavy datanode： 0a80707e-124f-4b7c-988c-2e0ae8f888cc Heaviness: 6 limit: 5
2019-09-25 05:52:12,482 [grpc-default-executor-0] INFO  impl.RaftServerProxy (RaftServerProxy.java:addNew(89)) - b5ee1a19-6deb-4763-80dd-59e5108b263a: addNew group-32CAEE1A01C0:[b5ee1a19-6deb-4763-80dd-59e5108b263a:192.168.5.161:40020] returns group-32CAEE1A01C0:java.util.concurrent.CompletableFuture@6828434[Not completed]
2019-09-25 05:52:12,483 [pool-147-thread-1] INFO  impl.RaftServerImpl (RaftServerImpl.java:<init>(95)) - b5ee1a19-6deb-4763-80dd-59e5108b263a: new RaftServerImpl for group-32CAEE1A01C0:[b5ee1a19-6deb-4763-80dd-59e5108b263a:192.168.5.161:40020] with ContainerStateMachine:uninitialized
2019-09-25 05:52:12,483 [pool-147-thread-1] INFO  server.RaftServerConfigKeys (ConfUtils.java:logGet(43)) - raft.server.rpc.timeout.min = 5s (custom)
2019-09-25 05:52:12,484 [pool-147-thread-1] INFO  server.RaftServerConfigKeys (ConfUtils.java:logGet(43)) - raft.server.rpc.timeout.max = 5200ms (custom)
2019-09-25 05:52:12,484 [pool-147-thread-1] INFO  server.RaftServerConfigKeys (ConfUtils.java:logGet(43)) - raft.server.rpcslowness.timeout = 120s (custom)
2019-09-25 05:52:12,484 [pool-147-thread-1] INFO  server.RaftServerConfigKeys (ConfUtils.java:logGet(43)) - raft.server.sleep.deviation.threshold = 300 (default)
2019-09-25 05:52:12,484 [pool-147-thread-1] INFO  server.RaftServerConfigKeys (ConfUtils.java:logGet(43)) - raft.server.log.appender.install.snapshot.enabled = false (custom)
2019-09-25 05:52:12,484 [pool-147-thread-1] INFO  impl.RaftServerImpl (ServerState.java:<init>(103)) - b5ee1a19-6deb-4763-80dd-59e5108b263a@group-32CAEE1A01C0: ConfigurationManager, init=-1: [b5ee1a19-6deb-4763-80dd-59e5108b263a:192.168.5.161:40020], old=null, confs=<EMPTY_MAP>
2019-09-25 05:52:12,484 [pool-147-thread-1] INFO  server.RaftServerConfigKeys (ConfUtils.java:logGet(43)) - raft.server.storage.dir = [/workdir/hadoop-ozone/ozonefs/target/test-dir/MiniOzoneClusterImpl-9dde5f9b-6604-4092-bbbb-eb034b8ffd25/datanode-2/data/ratis] (custom)
2019-09-25 05:52:12,485 [pool-147-thread-1] INFO  storage.RaftStorageDirectory (RaftStorageDirectory.java:analyzeStorage(246)) - The storage directory /workdir/hadoop-ozone/ozonefs/target/test-dir/MiniOzoneClusterImpl-9dde5f9b-6604-4092-bbbb-eb034b8ffd25/datanode-2/data/ratis/37dca279-0427-4b0b-9d1a-32caee1a01c0 does not exist. Creating ...
2019-09-25 05:52:12,498 [pool-147-thread-1] INFO  storage.RaftStorageDirectory (RaftStorageDirectory.java:tryLock(328)) - Lock on /workdir/hadoop-ozone/ozonefs/target/test-dir/MiniOzoneClusterImpl-9dde5f9b-6604-4092-bbbb-eb034b8ffd25/datanode-2/data/ratis/37dca279-0427-4b0b-9d1a-32caee1a01c0/in_use.lock acquired by nodename 13808@pr-hdds-1569-zxpks-796972592
2019-09-25 05:52:12,510 [pool-147-thread-1] INFO  storage.RaftStorage (RaftStorage.java:format(72)) - Storage directory /workdir/hadoop-ozone/ozonefs/target/test-dir/MiniOzoneClusterImpl-9dde5f9b-6604-4092-bbbb-eb034b8ffd25/datanode-2/data/ratis/37dca279-0427-4b0b-9d1a-32caee1a01c0 has been successfully formatted.
2019-09-25 05:52:12,510 [pool-147-thread-1] INFO  ratis.ContainerStateMachine (ContainerStateMachine.java:loadSnapshot(230)) - group-32CAEE1A01C0: The snapshot info is null. Setting the last applied indexto:(t:0, i:~)
2019-09-25 05:52:12,510 [pool-147-thread-1] INFO  server.RaftServerConfigKeys (ConfUtils.java:logGet(43)) - raft.server.notification.no-leader.timeout = 120s (custom)
2019-09-25 05:52:12,511 [pool-147-thread-1] INFO  server.RaftServerConfigKeys (ConfUtils.java:logGet(43)) - raft.server.log.use.memory = false (default)
2019-09-25 05:52:12,511 [pool-147-thread-1] INFO  server.RaftServerConfigKeys (ConfUtils.java:logGet(43)) - raft.server.log.purge.gap = 1000000 (custom)
2019-09-25 05:52:12,511 [pool-147-thread-1] INFO  server.RaftServerConfigKeys (ConfUtils.java:logGet(43)) - raft.server.log.appender.buffer.byte-limit = 33554432 (custom)
2019-09-25 05:52:12,511 [pool-147-thread-1] INFO  server.RaftServerConfigKeys (ConfUtils.java:logGet(43)) - raft.server.log.segment.size.max = 1048576 (custom)
2019-09-25 05:52:12,511 [pool-147-thread-1] INFO  server.RaftServerConfigKeys (ConfUtils.java:logGet(43)) - raft.server.log.segment.cache.num.max = 2 (custom)
2019-09-25 05:52:12,511 [pool-147-thread-1] INFO  segmented.SegmentedRaftLogWorker (SegmentedRaftLogWorker.java:<init>(172)) - new b5ee1a19-6deb-4763-80dd-59e5108b263a@group-32CAEE1A01C0-SegmentedRaftLogWorker for RaftStorage:Storage Directory /workdir/hadoop-ozone/ozonefs/target/test-dir/MiniOzoneClusterImpl-9dde5f9b-6604-4092-bbbb-eb034b8ffd25/datanode-2/data/ratis/37dca279-0427-4b0b-9d1a-32caee1a01c0
2019-09-25 05:52:12,512 [pool-147-thread-1] INFO  server.RaftServerConfigKeys (ConfUtils.java:logGet(43)) - raft.server.log.queue.byte-limit = 2147483647 (custom)
2019-09-25 05:52:12,512 [pool-147-thread-1] INFO  server.RaftServerConfigKeys (ConfUtils.java:logGet(43)) - raft.server.log.queue.element-limit = 1024 (custom)
2019-09-25 05:52:12,512 [pool-147-thread-1] INFO  server.RaftServerConfigKeys (ConfUtils.java:logGet(43)) - raft.server.log.segment.size.max = 1048576 (custom)
2019-09-25 05:52:12,512 [pool-147-thread-1] INFO  server.RaftServerConfigKeys (ConfUtils.java:logGet(43)) - raft.server.log.preallocated.size = 16384 (custom)
2019-09-25 05:52:12,512 [pool-147-thread-1] INFO  server.RaftServerConfigKeys (ConfUtils.java:logGet(43)) - raft.server.log.write.buffer.size = 33554432 (custom)
2019-09-25 05:52:12,512 [pool-147-thread-1] INFO  server.RaftServerConfigKeys (ConfUtils.java:logGet(43)) - raft.server.log.force.sync.num = 128 (default)
2019-09-25 05:52:12,512 [pool-147-thread-1] INFO  server.RaftServerConfigKeys (ConfUtils.java:logGet(43)) - raft.server.log.statemachine.data.sync = true (default)
2019-09-25 05:52:12,512 [pool-147-thread-1] INFO  server.RaftServerConfigKeys (ConfUtils.java:logGet(43)) - raft.server.log.statemachine.data.sync.timeout = 10s (default)
2019-09-25 05:52:12,513 [pool-147-thread-1] INFO  server.RaftServerConfigKeys (ConfUtils.java:logGet(43)) - raft.server.log.statemachine.data.sync.timeout.retry = -1 (default)
2019-09-25 05:52:12,513 [pool-147-thread-1] INFO  server.RaftServerConfigKeys (ConfUtils.java:logGet(43)) - raft.server.log.statemachine.data.caching.enabled = true (custom)
2019-09-25 05:52:12,513 [pool-147-thread-1] INFO  segmented.SegmentedRaftLogWorker (SegmentedRaftLogWorker.java:lambda$new$0(132)) - b5ee1a19-6deb-4763-80dd-59e5108b263a@group-32CAEE1A01C0-SegmentedRaftLogWorker: flushIndex: setUnconditionally 0 -> -1
2019-09-25 05:52:12,513 [pool-147-thread-1] INFO  server.RaftServerConfigKeys (ConfUtils.java:logGet(43)) - raft.server.snapshot.auto.trigger.enabled = true (custom)
2019-09-25 05:52:12,514 [pool-147-thread-1] INFO  server.RaftServerConfigKeys (ConfUtils.java:logGet(43)) - raft.server.snapshot.auto.trigger.threshold = 10000 (custom)
2019-09-25 05:52:12,514 [pool-147-thread-1] INFO  server.RaftServerConfigKeys (ConfUtils.java:logGet(43)) - raft.server.snapshot.retention.num.files = 5 (custom)
2019-09-25 05:52:12,514 [pool-147-thread-1] INFO  server.RaftServerConfigKeys (ConfUtils.java:logGet(43)) - raft.server.retrycache.expirytime = 600000ms (custom)
2019-09-25 05:52:12,516 [pool-147-thread-1] INFO  impl.RaftServerImpl (RaftServerImpl.java:start(185)) - b5ee1a19-6deb-4763-80dd-59e5108b263a@group-32CAEE1A01C0: start as a follower, conf=-1: [b5ee1a19-6deb-4763-80dd-59e5108b263a:192.168.5.161:40020], old=null
2019-09-25 05:52:12,516 [pool-147-thread-1] INFO  impl.RaftServerImpl (RaftServerImpl.java:setRole(174)) - b5ee1a19-6deb-4763-80dd-59e5108b263a@group-32CAEE1A01C0: changes role from      null to FOLLOWER at term 0 for startAsFollower
2019-09-25 05:52:12,516 [pool-147-thread-1] INFO  impl.RoleInfo (RoleInfo.java:updateAndGet(143)) - b5ee1a19-6deb-4763-80dd-59e5108b263a: start FollowerState
2019-09-25 05:52:12,517 [pool-147-thread-1] INFO  util.JmxRegister (JmxRegister.java:tryRegister(44)) - Successfully registered JMX Bean with object name Ratis:service=RaftServer,group=group-32CAEE1A01C0,id=b5ee1a19-6deb-4763-80dd-59e5108b263a
2019-09-25 05:52:12,520 [RatisPipelineUtilsThread] INFO  pipeline.PipelineStateManager (PipelineStateManager.java:addPipeline(56)) - Created pipeline Pipeline[ Id: 37dca279-0427-4b0b-9d1a-32caee1a01c0, Nodes: b5ee1a19-6deb-4763-80dd-59e5108b263a{ip: 192.168.5.161, host: pr-hdds-1569-zxpks-796972592, networkLocation: /default-rack, certSerialId: null}, Type:RATIS, Factor:ONE, State:OPEN]
2019-09-25 05:52:12,520 [RatisPipelineUtilsThread] INFO  pipeline.PipelinePlacementPolicy (PipelinePlacementPolicy.java:meetCriteria(91)) - Pipeline Placement: can't place more pipeline on heavy datanode： 1c631bae-68b7-41af-adae-ceb8210a62c8 Heaviness: 6 limit: 5
2019-09-25 05:52:12,520 [RatisPipelineUtilsThread] INFO  pipeline.PipelinePlacementPolicy (PipelinePlacementPolicy.java:meetCriteria(91)) - Pipeline Placement: can't place more pipeline on heavy datanode： 0a80707e-124f-4b7c-988c-2e0ae8f888cc Heaviness: 6 limit: 5
2019-09-25 05:52:12,527 [grpc-default-executor-0] INFO  impl.RaftServerProxy (RaftServerProxy.java:addNew(89)) - b5ee1a19-6deb-4763-80dd-59e5108b263a: addNew group-C6B2697866C8:[b5ee1a19-6deb-4763-80dd-59e5108b263a:192.168.5.161:40020] returns group-C6B2697866C8:java.util.concurrent.CompletableFuture@994720d[Not completed]
2019-09-25 05:52:12,528 [pool-147-thread-1] INFO  impl.RaftServerImpl (RaftServerImpl.java:<init>(95)) - b5ee1a19-6deb-4763-80dd-59e5108b263a: new RaftServerImpl for group-C6B2697866C8:[b5ee1a19-6deb-4763-80dd-59e5108b263a:192.168.5.161:40020] with ContainerStateMachine:uninitialized
2019-09-25 05:52:12,528 [pool-147-thread-1] INFO  server.RaftServerConfigKeys (ConfUtils.java:logGet(43)) - raft.server.rpc.timeout.min = 5s (custom)
2019-09-25 05:52:12,528 [pool-147-thread-1] INFO  server.RaftServerConfigKeys (ConfUtils.java:logGet(43)) - raft.server.rpc.timeout.max = 5200ms (custom)
2019-09-25 05:52:12,528 [pool-147-thread-1] INFO  server.RaftServerConfigKeys (ConfUtils.java:logGet(43)) - raft.server.rpcslowness.timeout = 120s (custom)
2019-09-25 05:52:12,528 [pool-147-thread-1] INFO  server.RaftServerConfigKeys (ConfUtils.java:logGet(43)) - raft.server.sleep.deviation.threshold = 300 (default)
2019-09-25 05:52:12,529 [pool-147-thread-1] INFO  server.RaftServerConfigKeys (ConfUtils.java:logGet(43)) - raft.server.log.appender.install.snapshot.enabled = false (custom)
2019-09-25 05:52:12,529 [pool-147-thread-1] INFO  impl.RaftServerImpl (ServerState.java:<init>(103)) - b5ee1a19-6deb-4763-80dd-59e5108b263a@group-C6B2697866C8: ConfigurationManager, init=-1: [b5ee1a19-6deb-4763-80dd-59e5108b263a:192.168.5.161:40020], old=null, confs=<EMPTY_MAP>
2019-09-25 05:52:12,529 [pool-147-thread-1] INFO  server.RaftServerConfigKeys (ConfUtils.java:logGet(43)) - raft.server.storage.dir = [/workdir/hadoop-ozone/ozonefs/target/test-dir/MiniOzoneClusterImpl-9dde5f9b-6604-4092-bbbb-eb034b8ffd25/datanode-2/data/ratis] (custom)
2019-09-25 05:52:12,529 [pool-147-thread-1] INFO  storage.RaftStorageDirectory (RaftStorageDirectory.java:analyzeStorage(246)) - The storage directory /workdir/hadoop-ozone/ozonefs/target/test-dir/MiniOzoneClusterImpl-9dde5f9b-6604-4092-bbbb-eb034b8ffd25/datanode-2/data/ratis/00d9fdb7-93fd-4810-9066-c6b2697866c8 does not exist. Creating ...
2019-09-25 05:52:12,541 [pool-147-thread-1] INFO  storage.RaftStorageDirectory (RaftStorageDirectory.java:tryLock(328)) - Lock on /workdir/hadoop-ozone/ozonefs/target/test-dir/MiniOzoneClusterImpl-9dde5f9b-6604-4092-bbbb-eb034b8ffd25/datanode-2/data/ratis/00d9fdb7-93fd-4810-9066-c6b2697866c8/in_use.lock acquired by nodename 13808@pr-hdds-1569-zxpks-796972592
2019-09-25 05:52:12,554 [pool-147-thread-1] INFO  storage.RaftStorage (RaftStorage.java:format(72)) - Storage directory /workdir/hadoop-ozone/ozonefs/target/test-dir/MiniOzoneClusterImpl-9dde5f9b-6604-4092-bbbb-eb034b8ffd25/datanode-2/data/ratis/00d9fdb7-93fd-4810-9066-c6b2697866c8 has been successfully formatted.
2019-09-25 05:52:12,555 [pool-147-thread-1] INFO  ratis.ContainerStateMachine (ContainerStateMachine.java:loadSnapshot(230)) - group-C6B2697866C8: The snapshot info is null. Setting the last applied indexto:(t:0, i:~)
2019-09-25 05:52:12,555 [pool-147-thread-1] INFO  server.RaftServerConfigKeys (ConfUtils.java:logGet(43)) - raft.server.notification.no-leader.timeout = 120s (custom)
2019-09-25 05:52:12,555 [pool-147-thread-1] INFO  server.RaftServerConfigKeys (ConfUtils.java:logGet(43)) - raft.server.log.use.memory = false (default)
2019-09-25 05:52:12,555 [pool-147-thread-1] INFO  server.RaftServerConfigKeys (ConfUtils.java:logGet(43)) - raft.server.log.purge.gap = 1000000 (custom)
2019-09-25 05:52:12,555 [pool-147-thread-1] INFO  server.RaftServerConfigKeys (ConfUtils.java:logGet(43)) - raft.server.log.appender.buffer.byte-limit = 33554432 (custom)
2019-09-25 05:52:12,555 [pool-147-thread-1] INFO  server.RaftServerConfigKeys (ConfUtils.java:logGet(43)) - raft.server.log.segment.size.max = 1048576 (custom)
2019-09-25 05:52:12,555 [pool-147-thread-1] INFO  server.RaftServerConfigKeys (ConfUtils.java:logGet(43)) - raft.server.log.segment.cache.num.max = 2 (custom)
2019-09-25 05:52:12,556 [pool-147-thread-1] INFO  segmented.SegmentedRaftLogWorker (SegmentedRaftLogWorker.java:<init>(172)) - new b5ee1a19-6deb-4763-80dd-59e5108b263a@group-C6B2697866C8-SegmentedRaftLogWorker for RaftStorage:Storage Directory /workdir/hadoop-ozone/ozonefs/target/test-dir/MiniOzoneClusterImpl-9dde5f9b-6604-4092-bbbb-eb034b8ffd25/datanode-2/data/ratis/00d9fdb7-93fd-4810-9066-c6b2697866c8
2019-09-25 05:52:12,556 [pool-147-thread-1] INFO  server.RaftServerConfigKeys (ConfUtils.java:logGet(43)) - raft.server.log.queue.byte-limit = 2147483647 (custom)
2019-09-25 05:52:12,556 [pool-147-thread-1] INFO  server.RaftServerConfigKeys (ConfUtils.java:logGet(43)) - raft.server.log.queue.element-limit = 1024 (custom)
2019-09-25 05:52:12,556 [pool-147-thread-1] INFO  server.RaftServerConfigKeys (ConfUtils.java:logGet(43)) - raft.server.log.segment.size.max = 1048576 (custom)
2019-09-25 05:52:12,556 [pool-147-thread-1] INFO  server.RaftServerConfigKeys (ConfUtils.java:logGet(43)) - raft.server.log.preallocated.size = 16384 (custom)
2019-09-25 05:52:12,556 [pool-147-thread-1] INFO  server.RaftServerConfigKeys (ConfUtils.java:logGet(43)) - raft.server.log.write.buffer.size = 33554432 (custom)
2019-09-25 05:52:12,556 [pool-147-thread-1] INFO  server.RaftServerConfigKeys (ConfUtils.java:logGet(43)) - raft.server.log.force.sync.num = 128 (default)
2019-09-25 05:52:12,556 [pool-147-thread-1] INFO  server.RaftServerConfigKeys (ConfUtils.java:logGet(43)) - raft.server.log.statemachine.data.sync = true (default)
2019-09-25 05:52:12,557 [pool-147-thread-1] INFO  server.RaftServerConfigKeys (ConfUtils.java:logGet(43)) - raft.server.log.statemachine.data.sync.timeout = 10s (default)
2019-09-25 05:52:12,557 [pool-147-thread-1] INFO  server.RaftServerConfigKeys (ConfUtils.java:logGet(43)) - raft.server.log.statemachine.data.sync.timeout.retry = -1 (default)
2019-09-25 05:52:12,557 [pool-147-thread-1] INFO  server.RaftServerConfigKeys (ConfUtils.java:logGet(43)) - raft.server.log.statemachine.data.caching.enabled = true (custom)
2019-09-25 05:52:12,557 [pool-147-thread-1] INFO  segmented.SegmentedRaftLogWorker (SegmentedRaftLogWorker.java:lambda$new$0(132)) - b5ee1a19-6deb-4763-80dd-59e5108b263a@group-C6B2697866C8-SegmentedRaftLogWorker: flushIndex: setUnconditionally 0 -> -1
2019-09-25 05:52:12,557 [pool-147-thread-1] INFO  server.RaftServerConfigKeys (ConfUtils.java:logGet(43)) - raft.server.snapshot.auto.trigger.enabled = true (custom)
2019-09-25 05:52:12,558 [pool-147-thread-1] INFO  server.RaftServerConfigKeys (ConfUtils.java:logGet(43)) - raft.server.snapshot.auto.trigger.threshold = 10000 (custom)
2019-09-25 05:52:12,558 [pool-147-thread-1] INFO  server.RaftServerConfigKeys (ConfUtils.java:logGet(43)) - raft.server.snapshot.retention.num.files = 5 (custom)
2019-09-25 05:52:12,558 [pool-147-thread-1] INFO  server.RaftServerConfigKeys (ConfUtils.java:logGet(43)) - raft.server.retrycache.expirytime = 600000ms (custom)
2019-09-25 05:52:12,560 [pool-147-thread-1] INFO  impl.RaftServerImpl (RaftServerImpl.java:start(185)) - b5ee1a19-6deb-4763-80dd-59e5108b263a@group-C6B2697866C8: start as a follower, conf=-1: [b5ee1a19-6deb-4763-80dd-59e5108b263a:192.168.5.161:40020], old=null
2019-09-25 05:52:12,560 [pool-147-thread-1] INFO  impl.RaftServerImpl (RaftServerImpl.java:setRole(174)) - b5ee1a19-6deb-4763-80dd-59e5108b263a@group-C6B2697866C8: changes role from      null to FOLLOWER at term 0 for startAsFollower
2019-09-25 05:52:12,560 [pool-147-thread-1] INFO  impl.RoleInfo (RoleInfo.java:updateAndGet(143)) - b5ee1a19-6deb-4763-80dd-59e5108b263a: start FollowerState
2019-09-25 05:52:12,560 [pool-147-thread-1] INFO  util.JmxRegister (JmxRegister.java:tryRegister(44)) - Successfully registered JMX Bean with object name Ratis:service=RaftServer,group=group-C6B2697866C8,id=b5ee1a19-6deb-4763-80dd-59e5108b263a
2019-09-25 05:52:12,563 [RatisPipelineUtilsThread] INFO  pipeline.PipelineStateManager (PipelineStateManager.java:addPipeline(56)) - Created pipeline Pipeline[ Id: 00d9fdb7-93fd-4810-9066-c6b2697866c8, Nodes: b5ee1a19-6deb-4763-80dd-59e5108b263a{ip: 192.168.5.161, host: pr-hdds-1569-zxpks-796972592, networkLocation: /default-rack, certSerialId: null}, Type:RATIS, Factor:ONE, State:OPEN]
2019-09-25 05:52:12,563 [RatisPipelineUtilsThread] INFO  pipeline.PipelinePlacementPolicy (PipelinePlacementPolicy.java:meetCriteria(91)) - Pipeline Placement: can't place more pipeline on heavy datanode： 1c631bae-68b7-41af-adae-ceb8210a62c8 Heaviness: 6 limit: 5
2019-09-25 05:52:12,564 [RatisPipelineUtilsThread] INFO  pipeline.PipelinePlacementPolicy (PipelinePlacementPolicy.java:meetCriteria(91)) - Pipeline Placement: can't place more pipeline on heavy datanode： 0a80707e-124f-4b7c-988c-2e0ae8f888cc Heaviness: 6 limit: 5
2019-09-25 05:52:12,570 [grpc-default-executor-0] INFO  impl.RaftServerProxy (RaftServerProxy.java:addNew(89)) - b5ee1a19-6deb-4763-80dd-59e5108b263a: addNew group-AE1AF2153FF9:[b5ee1a19-6deb-4763-80dd-59e5108b263a:192.168.5.161:40020] returns group-AE1AF2153FF9:java.util.concurrent.CompletableFuture@5e6a3ae0[Not completed]
2019-09-25 05:52:12,570 [pool-147-thread-1] INFO  impl.RaftServerImpl (RaftServerImpl.java:<init>(95)) - b5ee1a19-6deb-4763-80dd-59e5108b263a: new RaftServerImpl for group-AE1AF2153FF9:[b5ee1a19-6deb-4763-80dd-59e5108b263a:192.168.5.161:40020] with ContainerStateMachine:uninitialized
2019-09-25 05:52:12,570 [pool-147-thread-1] INFO  server.RaftServerConfigKeys (ConfUtils.java:logGet(43)) - raft.server.rpc.timeout.min = 5s (custom)
2019-09-25 05:52:12,571 [pool-147-thread-1] INFO  server.RaftServerConfigKeys (ConfUtils.java:logGet(43)) - raft.server.rpc.timeout.max = 5200ms (custom)
2019-09-25 05:52:12,571 [pool-147-thread-1] INFO  server.RaftServerConfigKeys (ConfUtils.java:logGet(43)) - raft.server.rpcslowness.timeout = 120s (custom)
2019-09-25 05:52:12,571 [pool-147-thread-1] INFO  server.RaftServerConfigKeys (ConfUtils.java:logGet(43)) - raft.server.sleep.deviation.threshold = 300 (default)
2019-09-25 05:52:12,571 [pool-147-thread-1] INFO  server.RaftServerConfigKeys (ConfUtils.java:logGet(43)) - raft.server.log.appender.install.snapshot.enabled = false (custom)
2019-09-25 05:52:12,571 [pool-147-thread-1] INFO  impl.RaftServerImpl (ServerState.java:<init>(103)) - b5ee1a19-6deb-4763-80dd-59e5108b263a@group-AE1AF2153FF9: ConfigurationManager, init=-1: [b5ee1a19-6deb-4763-80dd-59e5108b263a:192.168.5.161:40020], old=null, confs=<EMPTY_MAP>
2019-09-25 05:52:12,571 [pool-147-thread-1] INFO  server.RaftServerConfigKeys (ConfUtils.java:logGet(43)) - raft.server.storage.dir = [/workdir/hadoop-ozone/ozonefs/target/test-dir/MiniOzoneClusterImpl-9dde5f9b-6604-4092-bbbb-eb034b8ffd25/datanode-2/data/ratis] (custom)
2019-09-25 05:52:12,572 [pool-147-thread-1] INFO  storage.RaftStorageDirectory (RaftStorageDirectory.java:analyzeStorage(246)) - The storage directory /workdir/hadoop-ozone/ozonefs/target/test-dir/MiniOzoneClusterImpl-9dde5f9b-6604-4092-bbbb-eb034b8ffd25/datanode-2/data/ratis/dceaa874-608e-4e51-b062-ae1af2153ff9 does not exist. Creating ...
2019-09-25 05:52:12,584 [pool-147-thread-1] INFO  storage.RaftStorageDirectory (RaftStorageDirectory.java:tryLock(328)) - Lock on /workdir/hadoop-ozone/ozonefs/target/test-dir/MiniOzoneClusterImpl-9dde5f9b-6604-4092-bbbb-eb034b8ffd25/datanode-2/data/ratis/dceaa874-608e-4e51-b062-ae1af2153ff9/in_use.lock acquired by nodename 13808@pr-hdds-1569-zxpks-796972592
2019-09-25 05:52:12,597 [pool-147-thread-1] INFO  storage.RaftStorage (RaftStorage.java:format(72)) - Storage directory /workdir/hadoop-ozone/ozonefs/target/test-dir/MiniOzoneClusterImpl-9dde5f9b-6604-4092-bbbb-eb034b8ffd25/datanode-2/data/ratis/dceaa874-608e-4e51-b062-ae1af2153ff9 has been successfully formatted.
2019-09-25 05:52:12,597 [pool-147-thread-1] INFO  ratis.ContainerStateMachine (ContainerStateMachine.java:loadSnapshot(230)) - group-AE1AF2153FF9: The snapshot info is null. Setting the last applied indexto:(t:0, i:~)
2019-09-25 05:52:12,597 [pool-147-thread-1] INFO  server.RaftServerConfigKeys (ConfUtils.java:logGet(43)) - raft.server.notification.no-leader.timeout = 120s (custom)
2019-09-25 05:52:12,597 [pool-147-thread-1] INFO  server.RaftServerConfigKeys (ConfUtils.java:logGet(43)) - raft.server.log.use.memory = false (default)
2019-09-25 05:52:12,597 [pool-147-thread-1] INFO  server.RaftServerConfigKeys (ConfUtils.java:logGet(43)) - raft.server.log.purge.gap = 1000000 (custom)
2019-09-25 05:52:12,597 [pool-147-thread-1] INFO  server.RaftServerConfigKeys (ConfUtils.java:logGet(43)) - raft.server.log.appender.buffer.byte-limit = 33554432 (custom)
2019-09-25 05:52:12,598 [pool-147-thread-1] INFO  server.RaftServerConfigKeys (ConfUtils.java:logGet(43)) - raft.server.log.segment.size.max = 1048576 (custom)
2019-09-25 05:52:12,598 [pool-147-thread-1] INFO  server.RaftServerConfigKeys (ConfUtils.java:logGet(43)) - raft.server.log.segment.cache.num.max = 2 (custom)
2019-09-25 05:52:12,598 [pool-147-thread-1] INFO  segmented.SegmentedRaftLogWorker (SegmentedRaftLogWorker.java:<init>(172)) - new b5ee1a19-6deb-4763-80dd-59e5108b263a@group-AE1AF2153FF9-SegmentedRaftLogWorker for RaftStorage:Storage Directory /workdir/hadoop-ozone/ozonefs/target/test-dir/MiniOzoneClusterImpl-9dde5f9b-6604-4092-bbbb-eb034b8ffd25/datanode-2/data/ratis/dceaa874-608e-4e51-b062-ae1af2153ff9
2019-09-25 05:52:12,598 [pool-147-thread-1] INFO  server.RaftServerConfigKeys (ConfUtils.java:logGet(43)) - raft.server.log.queue.byte-limit = 2147483647 (custom)
2019-09-25 05:52:12,598 [pool-147-thread-1] INFO  server.RaftServerConfigKeys (ConfUtils.java:logGet(43)) - raft.server.log.queue.element-limit = 1024 (custom)
2019-09-25 05:52:12,598 [pool-147-thread-1] INFO  server.RaftServerConfigKeys (ConfUtils.java:logGet(43)) - raft.server.log.segment.size.max = 1048576 (custom)
2019-09-25 05:52:12,598 [pool-147-thread-1] INFO  server.RaftServerConfigKeys (ConfUtils.java:logGet(43)) - raft.server.log.preallocated.size = 16384 (custom)
2019-09-25 05:52:12,598 [pool-147-thread-1] INFO  server.RaftServerConfigKeys (ConfUtils.java:logGet(43)) - raft.server.log.write.buffer.size = 33554432 (custom)
2019-09-25 05:52:12,599 [pool-147-thread-1] INFO  server.RaftServerConfigKeys (ConfUtils.java:logGet(43)) - raft.server.log.force.sync.num = 128 (default)
2019-09-25 05:52:12,599 [pool-147-thread-1] INFO  server.RaftServerConfigKeys (ConfUtils.java:logGet(43)) - raft.server.log.statemachine.data.sync = true (default)
2019-09-25 05:52:12,599 [pool-147-thread-1] INFO  server.RaftServerConfigKeys (ConfUtils.java:logGet(43)) - raft.server.log.statemachine.data.sync.timeout = 10s (default)
2019-09-25 05:52:12,599 [pool-147-thread-1] INFO  server.RaftServerConfigKeys (ConfUtils.java:logGet(43)) - raft.server.log.statemachine.data.sync.timeout.retry = -1 (default)
2019-09-25 05:52:12,599 [pool-147-thread-1] INFO  server.RaftServerConfigKeys (ConfUtils.java:logGet(43)) - raft.server.log.statemachine.data.caching.enabled = true (custom)
2019-09-25 05:52:12,599 [pool-147-thread-1] INFO  segmented.SegmentedRaftLogWorker (SegmentedRaftLogWorker.java:lambda$new$0(132)) - b5ee1a19-6deb-4763-80dd-59e5108b263a@group-AE1AF2153FF9-SegmentedRaftLogWorker: flushIndex: setUnconditionally 0 -> -1
2019-09-25 05:52:12,600 [pool-147-thread-1] INFO  server.RaftServerConfigKeys (ConfUtils.java:logGet(43)) - raft.server.snapshot.auto.trigger.enabled = true (custom)
2019-09-25 05:52:12,600 [pool-147-thread-1] INFO  server.RaftServerConfigKeys (ConfUtils.java:logGet(43)) - raft.server.snapshot.auto.trigger.threshold = 10000 (custom)
2019-09-25 05:52:12,600 [pool-147-thread-1] INFO  server.RaftServerConfigKeys (ConfUtils.java:logGet(43)) - raft.server.snapshot.retention.num.files = 5 (custom)
2019-09-25 05:52:12,600 [pool-147-thread-1] INFO  server.RaftServerConfigKeys (ConfUtils.java:logGet(43)) - raft.server.retrycache.expirytime = 600000ms (custom)
2019-09-25 05:52:12,602 [pool-147-thread-1] INFO  impl.RaftServerImpl (RaftServerImpl.java:start(185)) - b5ee1a19-6deb-4763-80dd-59e5108b263a@group-AE1AF2153FF9: start as a follower, conf=-1: [b5ee1a19-6deb-4763-80dd-59e5108b263a:192.168.5.161:40020], old=null
2019-09-25 05:52:12,602 [pool-147-thread-1] INFO  impl.RaftServerImpl (RaftServerImpl.java:setRole(174)) - b5ee1a19-6deb-4763-80dd-59e5108b263a@group-AE1AF2153FF9: changes role from      null to FOLLOWER at term 0 for startAsFollower
2019-09-25 05:52:12,602 [pool-147-thread-1] INFO  impl.RoleInfo (RoleInfo.java:updateAndGet(143)) - b5ee1a19-6deb-4763-80dd-59e5108b263a: start FollowerState
2019-09-25 05:52:12,602 [pool-147-thread-1] INFO  util.JmxRegister (JmxRegister.java:tryRegister(44)) - Successfully registered JMX Bean with object name Ratis:service=RaftServer,group=group-AE1AF2153FF9,id=b5ee1a19-6deb-4763-80dd-59e5108b263a
2019-09-25 05:52:12,605 [RatisPipelineUtilsThread] INFO  pipeline.PipelineStateManager (PipelineStateManager.java:addPipeline(56)) - Created pipeline Pipeline[ Id: dceaa874-608e-4e51-b062-ae1af2153ff9, Nodes: b5ee1a19-6deb-4763-80dd-59e5108b263a{ip: 192.168.5.161, host: pr-hdds-1569-zxpks-796972592, networkLocation: /default-rack, certSerialId: null}, Type:RATIS, Factor:ONE, State:OPEN]
2019-09-25 05:52:12,606 [RatisPipelineUtilsThread] INFO  pipeline.PipelinePlacementPolicy (PipelinePlacementPolicy.java:meetCriteria(91)) - Pipeline Placement: can't place more pipeline on heavy datanode： 1c631bae-68b7-41af-adae-ceb8210a62c8 Heaviness: 6 limit: 5
2019-09-25 05:52:12,606 [RatisPipelineUtilsThread] INFO  pipeline.PipelinePlacementPolicy (PipelinePlacementPolicy.java:meetCriteria(91)) - Pipeline Placement: can't place more pipeline on heavy datanode： 0a80707e-124f-4b7c-988c-2e0ae8f888cc Heaviness: 6 limit: 5
2019-09-25 05:52:12,612 [grpc-default-executor-0] INFO  impl.RaftServerProxy (RaftServerProxy.java:addNew(89)) - b5ee1a19-6deb-4763-80dd-59e5108b263a: addNew group-D185DB9E6D9C:[b5ee1a19-6deb-4763-80dd-59e5108b263a:192.168.5.161:40020] returns group-D185DB9E6D9C:java.util.concurrent.CompletableFuture@15faf8a4[Not completed]
2019-09-25 05:52:12,613 [pool-147-thread-1] INFO  impl.RaftServerImpl (RaftServerImpl.java:<init>(95)) - b5ee1a19-6deb-4763-80dd-59e5108b263a: new RaftServerImpl for group-D185DB9E6D9C:[b5ee1a19-6deb-4763-80dd-59e5108b263a:192.168.5.161:40020] with ContainerStateMachine:uninitialized
2019-09-25 05:52:12,613 [pool-147-thread-1] INFO  server.RaftServerConfigKeys (ConfUtils.java:logGet(43)) - raft.server.rpc.timeout.min = 5s (custom)
2019-09-25 05:52:12,613 [pool-147-thread-1] INFO  server.RaftServerConfigKeys (ConfUtils.java:logGet(43)) - raft.server.rpc.timeout.max = 5200ms (custom)
2019-09-25 05:52:12,613 [pool-147-thread-1] INFO  server.RaftServerConfigKeys (ConfUtils.java:logGet(43)) - raft.server.rpcslowness.timeout = 120s (custom)
2019-09-25 05:52:12,613 [pool-147-thread-1] INFO  server.RaftServerConfigKeys (ConfUtils.java:logGet(43)) - raft.server.sleep.deviation.threshold = 300 (default)
2019-09-25 05:52:12,613 [pool-147-thread-1] INFO  server.RaftServerConfigKeys (ConfUtils.java:logGet(43)) - raft.server.log.appender.install.snapshot.enabled = false (custom)
2019-09-25 05:52:12,613 [pool-147-thread-1] INFO  impl.RaftServerImpl (ServerState.java:<init>(103)) - b5ee1a19-6deb-4763-80dd-59e5108b263a@group-D185DB9E6D9C: ConfigurationManager, init=-1: [b5ee1a19-6deb-4763-80dd-59e5108b263a:192.168.5.161:40020], old=null, confs=<EMPTY_MAP>
2019-09-25 05:52:12,613 [pool-147-thread-1] INFO  server.RaftServerConfigKeys (ConfUtils.java:logGet(43)) - raft.server.storage.dir = [/workdir/hadoop-ozone/ozonefs/target/test-dir/MiniOzoneClusterImpl-9dde5f9b-6604-4092-bbbb-eb034b8ffd25/datanode-2/data/ratis] (custom)
2019-09-25 05:52:12,614 [pool-147-thread-1] INFO  storage.RaftStorageDirectory (RaftStorageDirectory.java:analyzeStorage(246)) - The storage directory /workdir/hadoop-ozone/ozonefs/target/test-dir/MiniOzoneClusterImpl-9dde5f9b-6604-4092-bbbb-eb034b8ffd25/datanode-2/data/ratis/0afa8c51-c70e-4dbf-bfc7-d185db9e6d9c does not exist. Creating ...
2019-09-25 05:52:12,626 [pool-147-thread-1] INFO  storage.RaftStorageDirectory (RaftStorageDirectory.java:tryLock(328)) - Lock on /workdir/hadoop-ozone/ozonefs/target/test-dir/MiniOzoneClusterImpl-9dde5f9b-6604-4092-bbbb-eb034b8ffd25/datanode-2/data/ratis/0afa8c51-c70e-4dbf-bfc7-d185db9e6d9c/in_use.lock acquired by nodename 13808@pr-hdds-1569-zxpks-796972592
2019-09-25 05:52:12,629 [pool-147-thread-1] INFO  storage.RaftStorage (RaftStorage.java:format(72)) - Storage directory /workdir/hadoop-ozone/ozonefs/target/test-dir/MiniOzoneClusterImpl-9dde5f9b-6604-4092-bbbb-eb034b8ffd25/datanode-2/data/ratis/0afa8c51-c70e-4dbf-bfc7-d185db9e6d9c has been successfully formatted.
2019-09-25 05:52:12,629 [pool-147-thread-1] INFO  ratis.ContainerStateMachine (ContainerStateMachine.java:loadSnapshot(230)) - group-D185DB9E6D9C: The snapshot info is null. Setting the last applied indexto:(t:0, i:~)
2019-09-25 05:52:12,629 [pool-147-thread-1] INFO  server.RaftServerConfigKeys (ConfUtils.java:logGet(43)) - raft.server.notification.no-leader.timeout = 120s (custom)
2019-09-25 05:52:12,629 [pool-147-thread-1] INFO  server.RaftServerConfigKeys (ConfUtils.java:logGet(43)) - raft.server.log.use.memory = false (default)
2019-09-25 05:52:12,629 [pool-147-thread-1] INFO  server.RaftServerConfigKeys (ConfUtils.java:logGet(43)) - raft.server.log.purge.gap = 1000000 (custom)
2019-09-25 05:52:12,630 [pool-147-thread-1] INFO  server.RaftServerConfigKeys (ConfUtils.java:logGet(43)) - raft.server.log.appender.buffer.byte-limit = 33554432 (custom)
2019-09-25 05:52:12,630 [pool-147-thread-1] INFO  server.RaftServerConfigKeys (ConfUtils.java:logGet(43)) - raft.server.log.segment.size.max = 1048576 (custom)
2019-09-25 05:52:12,630 [pool-147-thread-1] INFO  server.RaftServerConfigKeys (ConfUtils.java:logGet(43)) - raft.server.log.segment.cache.num.max = 2 (custom)
2019-09-25 05:52:12,630 [pool-147-thread-1] INFO  segmented.SegmentedRaftLogWorker (SegmentedRaftLogWorker.java:<init>(172)) - new b5ee1a19-6deb-4763-80dd-59e5108b263a@group-D185DB9E6D9C-SegmentedRaftLogWorker for RaftStorage:Storage Directory /workdir/hadoop-ozone/ozonefs/target/test-dir/MiniOzoneClusterImpl-9dde5f9b-6604-4092-bbbb-eb034b8ffd25/datanode-2/data/ratis/0afa8c51-c70e-4dbf-bfc7-d185db9e6d9c
2019-09-25 05:52:12,630 [pool-147-thread-1] INFO  server.RaftServerConfigKeys (ConfUtils.java:logGet(43)) - raft.server.log.queue.byte-limit = 2147483647 (custom)
2019-09-25 05:52:12,630 [pool-147-thread-1] INFO  server.RaftServerConfigKeys (ConfUtils.java:logGet(43)) - raft.server.log.queue.element-limit = 1024 (custom)
2019-09-25 05:52:12,630 [pool-147-thread-1] INFO  server.RaftServerConfigKeys (ConfUtils.java:logGet(43)) - raft.server.log.segment.size.max = 1048576 (custom)
2019-09-25 05:52:12,630 [pool-147-thread-1] INFO  server.RaftServerConfigKeys (ConfUtils.java:logGet(43)) - raft.server.log.preallocated.size = 16384 (custom)
2019-09-25 05:52:12,630 [pool-147-thread-1] INFO  server.RaftServerConfigKeys (ConfUtils.java:logGet(43)) - raft.server.log.write.buffer.size = 33554432 (custom)
2019-09-25 05:52:12,631 [pool-147-thread-1] INFO  server.RaftServerConfigKeys (ConfUtils.java:logGet(43)) - raft.server.log.force.sync.num = 128 (default)
2019-09-25 05:52:12,631 [pool-147-thread-1] INFO  server.RaftServerConfigKeys (ConfUtils.java:logGet(43)) - raft.server.log.statemachine.data.sync = true (default)
2019-09-25 05:52:12,631 [pool-147-thread-1] INFO  server.RaftServerConfigKeys (ConfUtils.java:logGet(43)) - raft.server.log.statemachine.data.sync.timeout = 10s (default)
2019-09-25 05:52:12,631 [pool-147-thread-1] INFO  server.RaftServerConfigKeys (ConfUtils.java:logGet(43)) - raft.server.log.statemachine.data.sync.timeout.retry = -1 (default)
2019-09-25 05:52:12,631 [pool-147-thread-1] INFO  server.RaftServerConfigKeys (ConfUtils.java:logGet(43)) - raft.server.log.statemachine.data.caching.enabled = true (custom)
2019-09-25 05:52:12,631 [pool-147-thread-1] INFO  segmented.SegmentedRaftLogWorker (SegmentedRaftLogWorker.java:lambda$new$0(132)) - b5ee1a19-6deb-4763-80dd-59e5108b263a@group-D185DB9E6D9C-SegmentedRaftLogWorker: flushIndex: setUnconditionally 0 -> -1
2019-09-25 05:52:12,631 [pool-147-thread-1] INFO  server.RaftServerConfigKeys (ConfUtils.java:logGet(43)) - raft.server.snapshot.auto.trigger.enabled = true (custom)
2019-09-25 05:52:12,632 [pool-147-thread-1] INFO  server.RaftServerConfigKeys (ConfUtils.java:logGet(43)) - raft.server.snapshot.auto.trigger.threshold = 10000 (custom)
2019-09-25 05:52:12,632 [pool-147-thread-1] INFO  server.RaftServerConfigKeys (ConfUtils.java:logGet(43)) - raft.server.snapshot.retention.num.files = 5 (custom)
2019-09-25 05:52:12,632 [pool-147-thread-1] INFO  server.RaftServerConfigKeys (ConfUtils.java:logGet(43)) - raft.server.retrycache.expirytime = 600000ms (custom)
2019-09-25 05:52:12,634 [pool-147-thread-1] INFO  impl.RaftServerImpl (RaftServerImpl.java:start(185)) - b5ee1a19-6deb-4763-80dd-59e5108b263a@group-D185DB9E6D9C: start as a follower, conf=-1: [b5ee1a19-6deb-4763-80dd-59e5108b263a:192.168.5.161:40020], old=null
2019-09-25 05:52:12,634 [pool-147-thread-1] INFO  impl.RaftServerImpl (RaftServerImpl.java:setRole(174)) - b5ee1a19-6deb-4763-80dd-59e5108b263a@group-D185DB9E6D9C: changes role from      null to FOLLOWER at term 0 for startAsFollower
2019-09-25 05:52:12,634 [pool-147-thread-1] INFO  impl.RoleInfo (RoleInfo.java:updateAndGet(143)) - b5ee1a19-6deb-4763-80dd-59e5108b263a: start FollowerState
2019-09-25 05:52:12,634 [pool-147-thread-1] INFO  util.JmxRegister (JmxRegister.java:tryRegister(44)) - Successfully registered JMX Bean with object name Ratis:service=RaftServer,group=group-D185DB9E6D9C,id=b5ee1a19-6deb-4763-80dd-59e5108b263a
2019-09-25 05:52:12,637 [RatisPipelineUtilsThread] INFO  pipeline.PipelineStateManager (PipelineStateManager.java:addPipeline(56)) - Created pipeline Pipeline[ Id: 0afa8c51-c70e-4dbf-bfc7-d185db9e6d9c, Nodes: b5ee1a19-6deb-4763-80dd-59e5108b263a{ip: 192.168.5.161, host: pr-hdds-1569-zxpks-796972592, networkLocation: /default-rack, certSerialId: null}, Type:RATIS, Factor:ONE, State:OPEN]
2019-09-25 05:52:12,637 [RatisPipelineUtilsThread] INFO  pipeline.PipelinePlacementPolicy (PipelinePlacementPolicy.java:meetCriteria(91)) - Pipeline Placement: can't place more pipeline on heavy datanode： 1c631bae-68b7-41af-adae-ceb8210a62c8 Heaviness: 6 limit: 5
2019-09-25 05:52:12,638 [RatisPipelineUtilsThread] INFO  pipeline.PipelinePlacementPolicy (PipelinePlacementPolicy.java:meetCriteria(91)) - Pipeline Placement: can't place more pipeline on heavy datanode： b5ee1a19-6deb-4763-80dd-59e5108b263a Heaviness: 6 limit: 5
2019-09-25 05:52:12,638 [RatisPipelineUtilsThread] INFO  pipeline.PipelinePlacementPolicy (PipelinePlacementPolicy.java:meetCriteria(91)) - Pipeline Placement: can't place more pipeline on heavy datanode： 0a80707e-124f-4b7c-988c-2e0ae8f888cc Heaviness: 6 limit: 5
2019-09-25 05:52:12,638 [RatisPipelineUtilsThread] ERROR pipeline.PipelinePlacementPolicy (PipelinePlacementPolicy.java:filterViableNodes(148)) - Unable to find enough nodes that meet the criteria that cannot engage in more than 5 pipelines. Nodes required: 1 Found: 0, healthy nodes count inNodeManager: 3.
2019-09-25 05:52:12,638 [RatisPipelineUtilsThread] ERROR pipeline.SCMPipelineManager (SCMPipelineManager.java:createPipeline(167)) - Pipeline creation failed.
org.apache.hadoop.hdds.scm.exceptions.SCMException: Unable to find enough nodes that meet the criteria that cannot engage in more than 5 pipelines. Nodes required: 1 Found: 0, healthy nodes count inNodeManager: 3.
	at org.apache.hadoop.hdds.scm.pipeline.PipelinePlacementPolicy.filterViableNodes(PipelinePlacementPolicy.java:149)
	at org.apache.hadoop.hdds.scm.pipeline.PipelinePlacementPolicy.chooseDatanodes(PipelinePlacementPolicy.java:172)
	at org.apache.hadoop.hdds.scm.pipeline.RatisPipelineProvider.create(RatisPipelineProvider.java:93)
	at org.apache.hadoop.hdds.scm.pipeline.PipelineFactory.create(PipelineFactory.java:58)
	at org.apache.hadoop.hdds.scm.pipeline.SCMPipelineManager.createPipeline(SCMPipelineManager.java:155)
	at org.apache.hadoop.hdds.scm.pipeline.BackgroundPipelineCreator.createPipelines(BackgroundPipelineCreator.java:99)
	at java.util.concurrent.Executors$RunnableAdapter.call(Executors.java:511)
	at java.util.concurrent.FutureTask.run(FutureTask.java:266)
	at java.util.concurrent.ScheduledThreadPoolExecutor$ScheduledFutureTask.access$201(ScheduledThreadPoolExecutor.java:180)
	at java.util.concurrent.ScheduledThreadPoolExecutor$ScheduledFutureTask.run(ScheduledThreadPoolExecutor.java:293)
	at java.util.concurrent.ThreadPoolExecutor.runWorker(ThreadPoolExecutor.java:1149)
	at java.util.concurrent.ThreadPoolExecutor$Worker.run(ThreadPoolExecutor.java:624)
	at java.lang.Thread.run(Thread.java:748)
2019-09-25 05:52:12,638 [RatisPipelineUtilsThread] INFO  pipeline.PipelinePlacementPolicy (PipelinePlacementPolicy.java:meetCriteria(91)) - Pipeline Placement: can't place more pipeline on heavy datanode： 1c631bae-68b7-41af-adae-ceb8210a62c8 Heaviness: 6 limit: 5
2019-09-25 05:52:12,639 [RatisPipelineUtilsThread] INFO  pipeline.PipelinePlacementPolicy (PipelinePlacementPolicy.java:meetCriteria(91)) - Pipeline Placement: can't place more pipeline on heavy datanode： b5ee1a19-6deb-4763-80dd-59e5108b263a Heaviness: 6 limit: 5
2019-09-25 05:52:12,639 [RatisPipelineUtilsThread] INFO  pipeline.PipelinePlacementPolicy (PipelinePlacementPolicy.java:meetCriteria(91)) - Pipeline Placement: can't place more pipeline on heavy datanode： 0a80707e-124f-4b7c-988c-2e0ae8f888cc Heaviness: 6 limit: 5
2019-09-25 05:52:12,639 [RatisPipelineUtilsThread] ERROR pipeline.PipelinePlacementPolicy (PipelinePlacementPolicy.java:filterViableNodes(148)) - Unable to find enough nodes that meet the criteria that cannot engage in more than 5 pipelines. Nodes required: 3 Found: 0, healthy nodes count inNodeManager: 3.
2019-09-25 05:52:12,639 [RatisPipelineUtilsThread] ERROR pipeline.SCMPipelineManager (SCMPipelineManager.java:createPipeline(167)) - Pipeline creation failed.
org.apache.hadoop.hdds.scm.exceptions.SCMException: Unable to find enough nodes that meet the criteria that cannot engage in more than 5 pipelines. Nodes required: 3 Found: 0, healthy nodes count inNodeManager: 3.
	at org.apache.hadoop.hdds.scm.pipeline.PipelinePlacementPolicy.filterViableNodes(PipelinePlacementPolicy.java:149)
	at org.apache.hadoop.hdds.scm.pipeline.PipelinePlacementPolicy.chooseDatanodes(PipelinePlacementPolicy.java:172)
	at org.apache.hadoop.hdds.scm.pipeline.RatisPipelineProvider.create(RatisPipelineProvider.java:93)
	at org.apache.hadoop.hdds.scm.pipeline.PipelineFactory.create(PipelineFactory.java:58)
	at org.apache.hadoop.hdds.scm.pipeline.SCMPipelineManager.createPipeline(SCMPipelineManager.java:155)
	at org.apache.hadoop.hdds.scm.pipeline.BackgroundPipelineCreator.createPipelines(BackgroundPipelineCreator.java:99)
	at java.util.concurrent.Executors$RunnableAdapter.call(Executors.java:511)
	at java.util.concurrent.FutureTask.run(FutureTask.java:266)
	at java.util.concurrent.ScheduledThreadPoolExecutor$ScheduledFutureTask.access$201(ScheduledThreadPoolExecutor.java:180)
	at java.util.concurrent.ScheduledThreadPoolExecutor$ScheduledFutureTask.run(ScheduledThreadPoolExecutor.java:293)
	at java.util.concurrent.ThreadPoolExecutor.runWorker(ThreadPoolExecutor.java:1149)
	at java.util.concurrent.ThreadPoolExecutor$Worker.run(ThreadPoolExecutor.java:624)
	at java.lang.Thread.run(Thread.java:748)
2019-09-25 05:52:12,639 [RatisPipelineUtilsThread] INFO  pipeline.PipelinePlacementPolicy (PipelinePlacementPolicy.java:meetCriteria(91)) - Pipeline Placement: can't place more pipeline on heavy datanode： 1c631bae-68b7-41af-adae-ceb8210a62c8 Heaviness: 6 limit: 5
2019-09-25 05:52:12,640 [RatisPipelineUtilsThread] INFO  pipeline.PipelinePlacementPolicy (PipelinePlacementPolicy.java:meetCriteria(91)) - Pipeline Placement: can't place more pipeline on heavy datanode： b5ee1a19-6deb-4763-80dd-59e5108b263a Heaviness: 6 limit: 5
2019-09-25 05:52:12,640 [RatisPipelineUtilsThread] INFO  pipeline.PipelinePlacementPolicy (PipelinePlacementPolicy.java:meetCriteria(91)) - Pipeline Placement: can't place more pipeline on heavy datanode： 0a80707e-124f-4b7c-988c-2e0ae8f888cc Heaviness: 6 limit: 5
2019-09-25 05:52:12,640 [RatisPipelineUtilsThread] ERROR pipeline.PipelinePlacementPolicy (PipelinePlacementPolicy.java:filterViableNodes(148)) - Unable to find enough nodes that meet the criteria that cannot engage in more than 5 pipelines. Nodes required: 1 Found: 0, healthy nodes count inNodeManager: 3.
2019-09-25 05:52:12,640 [RatisPipelineUtilsThread] ERROR pipeline.SCMPipelineManager (SCMPipelineManager.java:createPipeline(167)) - Pipeline creation failed.
org.apache.hadoop.hdds.scm.exceptions.SCMException: Unable to find enough nodes that meet the criteria that cannot engage in more than 5 pipelines. Nodes required: 1 Found: 0, healthy nodes count inNodeManager: 3.
	at org.apache.hadoop.hdds.scm.pipeline.PipelinePlacementPolicy.filterViableNodes(PipelinePlacementPolicy.java:149)
	at org.apache.hadoop.hdds.scm.pipeline.PipelinePlacementPolicy.chooseDatanodes(PipelinePlacementPolicy.java:172)
	at org.apache.hadoop.hdds.scm.pipeline.RatisPipelineProvider.create(RatisPipelineProvider.java:93)
	at org.apache.hadoop.hdds.scm.pipeline.PipelineFactory.create(PipelineFactory.java:58)
	at org.apache.hadoop.hdds.scm.pipeline.SCMPipelineManager.createPipeline(SCMPipelineManager.java:155)
	at org.apache.hadoop.hdds.scm.pipeline.BackgroundPipelineCreator.createPipelines(BackgroundPipelineCreator.java:99)
	at org.apache.hadoop.hdds.scm.pipeline.BackgroundPipelineCreator.lambda$startFixedIntervalPipelineCreator$0(BackgroundPipelineCreator.java:70)
	at java.util.concurrent.Executors$RunnableAdapter.call(Executors.java:511)
	at java.util.concurrent.FutureTask.runAndReset(FutureTask.java:308)
	at java.util.concurrent.ScheduledThreadPoolExecutor$ScheduledFutureTask.access$301(ScheduledThreadPoolExecutor.java:180)
	at java.util.concurrent.ScheduledThreadPoolExecutor$ScheduledFutureTask.run(ScheduledThreadPoolExecutor.java:294)
	at java.util.concurrent.ThreadPoolExecutor.runWorker(ThreadPoolExecutor.java:1149)
	at java.util.concurrent.ThreadPoolExecutor$Worker.run(ThreadPoolExecutor.java:624)
	at java.lang.Thread.run(Thread.java:748)
2019-09-25 05:52:12,640 [RatisPipelineUtilsThread] INFO  pipeline.PipelinePlacementPolicy (PipelinePlacementPolicy.java:meetCriteria(91)) - Pipeline Placement: can't place more pipeline on heavy datanode： 1c631bae-68b7-41af-adae-ceb8210a62c8 Heaviness: 6 limit: 5
2019-09-25 05:52:12,640 [RatisPipelineUtilsThread] INFO  pipeline.PipelinePlacementPolicy (PipelinePlacementPolicy.java:meetCriteria(91)) - Pipeline Placement: can't place more pipeline on heavy datanode： b5ee1a19-6deb-4763-80dd-59e5108b263a Heaviness: 6 limit: 5
2019-09-25 05:52:12,641 [RatisPipelineUtilsThread] INFO  pipeline.PipelinePlacementPolicy (PipelinePlacementPolicy.java:meetCriteria(91)) - Pipeline Placement: can't place more pipeline on heavy datanode： 0a80707e-124f-4b7c-988c-2e0ae8f888cc Heaviness: 6 limit: 5
2019-09-25 05:52:12,641 [RatisPipelineUtilsThread] ERROR pipeline.PipelinePlacementPolicy (PipelinePlacementPolicy.java:filterViableNodes(148)) - Unable to find enough nodes that meet the criteria that cannot engage in more than 5 pipelines. Nodes required: 3 Found: 0, healthy nodes count inNodeManager: 3.
2019-09-25 05:52:12,641 [RatisPipelineUtilsThread] ERROR pipeline.SCMPipelineManager (SCMPipelineManager.java:createPipeline(167)) - Pipeline creation failed.
org.apache.hadoop.hdds.scm.exceptions.SCMException: Unable to find enough nodes that meet the criteria that cannot engage in more than 5 pipelines. Nodes required: 3 Found: 0, healthy nodes count inNodeManager: 3.
	at org.apache.hadoop.hdds.scm.pipeline.PipelinePlacementPolicy.filterViableNodes(PipelinePlacementPolicy.java:149)
	at org.apache.hadoop.hdds.scm.pipeline.PipelinePlacementPolicy.chooseDatanodes(PipelinePlacementPolicy.java:172)
	at org.apache.hadoop.hdds.scm.pipeline.RatisPipelineProvider.create(RatisPipelineProvider.java:93)
	at org.apache.hadoop.hdds.scm.pipeline.PipelineFactory.create(PipelineFactory.java:58)
	at org.apache.hadoop.hdds.scm.pipeline.SCMPipelineManager.createPipeline(SCMPipelineManager.java:155)
	at org.apache.hadoop.hdds.scm.pipeline.BackgroundPipelineCreator.createPipelines(BackgroundPipelineCreator.java:99)
	at org.apache.hadoop.hdds.scm.pipeline.BackgroundPipelineCreator.lambda$startFixedIntervalPipelineCreator$0(BackgroundPipelineCreator.java:70)
	at java.util.concurrent.Executors$RunnableAdapter.call(Executors.java:511)
	at java.util.concurrent.FutureTask.runAndReset(FutureTask.java:308)
	at java.util.concurrent.ScheduledThreadPoolExecutor$ScheduledFutureTask.access$301(ScheduledThreadPoolExecutor.java:180)
	at java.util.concurrent.ScheduledThreadPoolExecutor$ScheduledFutureTask.run(ScheduledThreadPoolExecutor.java:294)
	at java.util.concurrent.ThreadPoolExecutor.runWorker(ThreadPoolExecutor.java:1149)
	at java.util.concurrent.ThreadPoolExecutor$Worker.run(ThreadPoolExecutor.java:624)
	at java.lang.Thread.run(Thread.java:748)
2019-09-25 05:52:12,990 [Thread-525] INFO  ozone.MiniOzoneClusterImpl (MiniOzoneClusterImpl.java:lambda$waitForClusterToBeReady$0(147)) - Cluster is ready. Got 3 of 3 DN Heartbeats.
2019-09-25 05:52:13,040 [Thread-525] INFO  rpc.RpcClient (RpcClient.java:createVolume(276)) - Creating Volume: volume09550, with user74035 as owner.
2019-09-25 05:52:13,045 [IPC Server handler 1 on 42731] INFO  volume.OMVolumeCreateRequest (OMVolumeCreateRequest.java:validateAndUpdateCache(189)) - created volume:volume09550 for user:user74035
2019-09-25 05:52:13,059 [Thread-525] INFO  rpc.RpcClient (RpcClient.java:createBucket(415)) - Creating Bucket: volume09550/bucket26298, with Versioning false and Storage Type set to DISK and Encryption set to false 
2019-09-25 05:52:13,159 [IPC Server handler 5 on 40165] INFO  pipeline.PipelinePlacementPolicy (PipelinePlacementPolicy.java:meetCriteria(91)) - Pipeline Placement: can't place more pipeline on heavy datanode： 1c631bae-68b7-41af-adae-ceb8210a62c8 Heaviness: 6 limit: 5
2019-09-25 05:52:13,159 [IPC Server handler 5 on 40165] INFO  pipeline.PipelinePlacementPolicy (PipelinePlacementPolicy.java:meetCriteria(91)) - Pipeline Placement: can't place more pipeline on heavy datanode： b5ee1a19-6deb-4763-80dd-59e5108b263a Heaviness: 6 limit: 5
2019-09-25 05:52:13,159 [IPC Server handler 5 on 40165] INFO  pipeline.PipelinePlacementPolicy (PipelinePlacementPolicy.java:meetCriteria(91)) - Pipeline Placement: can't place more pipeline on heavy datanode： 0a80707e-124f-4b7c-988c-2e0ae8f888cc Heaviness: 6 limit: 5
2019-09-25 05:52:13,160 [IPC Server handler 5 on 40165] ERROR pipeline.PipelinePlacementPolicy (PipelinePlacementPolicy.java:filterViableNodes(148)) - Unable to find enough nodes that meet the criteria that cannot engage in more than 5 pipelines. Nodes required: 3 Found: 0, healthy nodes count inNodeManager: 3.
2019-09-25 05:52:13,160 [IPC Server handler 5 on 40165] ERROR pipeline.SCMPipelineManager (SCMPipelineManager.java:createPipeline(167)) - Pipeline creation failed.
org.apache.hadoop.hdds.scm.exceptions.SCMException: Unable to find enough nodes that meet the criteria that cannot engage in more than 5 pipelines. Nodes required: 3 Found: 0, healthy nodes count inNodeManager: 3.
	at org.apache.hadoop.hdds.scm.pipeline.PipelinePlacementPolicy.filterViableNodes(PipelinePlacementPolicy.java:149)
	at org.apache.hadoop.hdds.scm.pipeline.PipelinePlacementPolicy.chooseDatanodes(PipelinePlacementPolicy.java:172)
	at org.apache.hadoop.hdds.scm.pipeline.RatisPipelineProvider.create(RatisPipelineProvider.java:93)
	at org.apache.hadoop.hdds.scm.pipeline.PipelineFactory.create(PipelineFactory.java:58)
	at org.apache.hadoop.hdds.scm.pipeline.SCMPipelineManager.createPipeline(SCMPipelineManager.java:155)
	at org.apache.hadoop.hdds.scm.block.BlockManagerImpl.allocateBlock(BlockManagerImpl.java:190)
	at org.apache.hadoop.hdds.scm.server.SCMBlockProtocolServer.allocateBlock(SCMBlockProtocolServer.java:182)
	at org.apache.hadoop.ozone.protocolPB.ScmBlockLocationProtocolServerSideTranslatorPB.allocateScmBlock(ScmBlockLocationProtocolServerSideTranslatorPB.java:183)
	at org.apache.hadoop.ozone.protocolPB.ScmBlockLocationProtocolServerSideTranslatorPB.processMessage(ScmBlockLocationProtocolServerSideTranslatorPB.java:141)
	at org.apache.hadoop.ozone.protocolPB.ScmBlockLocationProtocolServerSideTranslatorPB.send(ScmBlockLocationProtocolServerSideTranslatorPB.java:116)
	at org.apache.hadoop.hdds.protocol.proto.ScmBlockLocationProtocolProtos$ScmBlockLocationProtocolService$2.callBlockingMethod(ScmBlockLocationProtocolProtos.java:13157)
	at org.apache.hadoop.ipc.ProtobufRpcEngine$Server$ProtoBufRpcInvoker.call(ProtobufRpcEngine.java:524)
	at org.apache.hadoop.ipc.RPC$Server.call(RPC.java:1025)
	at org.apache.hadoop.ipc.Server$RpcCall.run(Server.java:876)
	at org.apache.hadoop.ipc.Server$RpcCall.run(Server.java:822)
	at java.security.AccessController.doPrivileged(Native Method)
	at javax.security.auth.Subject.doAs(Subject.java:422)
	at org.apache.hadoop.security.UserGroupInformation.doAs(UserGroupInformation.java:1730)
	at org.apache.hadoop.ipc.Server$Handler.run(Server.java:2682)
2019-09-25 05:52:13,161 [IPC Server handler 5 on 40165] WARN  block.BlockManagerImpl (BlockManagerImpl.java:allocateBlock(192)) - Pipeline creation failed for type:RATIS factor:THREE. Retrying get pipelines call once.
org.apache.hadoop.hdds.scm.exceptions.SCMException: Unable to find enough nodes that meet the criteria that cannot engage in more than 5 pipelines. Nodes required: 3 Found: 0, healthy nodes count inNodeManager: 3.
	at org.apache.hadoop.hdds.scm.pipeline.PipelinePlacementPolicy.filterViableNodes(PipelinePlacementPolicy.java:149)
	at org.apache.hadoop.hdds.scm.pipeline.PipelinePlacementPolicy.chooseDatanodes(PipelinePlacementPolicy.java:172)
	at org.apache.hadoop.hdds.scm.pipeline.RatisPipelineProvider.create(RatisPipelineProvider.java:93)
	at org.apache.hadoop.hdds.scm.pipeline.PipelineFactory.create(PipelineFactory.java:58)
	at org.apache.hadoop.hdds.scm.pipeline.SCMPipelineManager.createPipeline(SCMPipelineManager.java:155)
	at org.apache.hadoop.hdds.scm.block.BlockManagerImpl.allocateBlock(BlockManagerImpl.java:190)
	at org.apache.hadoop.hdds.scm.server.SCMBlockProtocolServer.allocateBlock(SCMBlockProtocolServer.java:182)
	at org.apache.hadoop.ozone.protocolPB.ScmBlockLocationProtocolServerSideTranslatorPB.allocateScmBlock(ScmBlockLocationProtocolServerSideTranslatorPB.java:183)
	at org.apache.hadoop.ozone.protocolPB.ScmBlockLocationProtocolServerSideTranslatorPB.processMessage(ScmBlockLocationProtocolServerSideTranslatorPB.java:141)
	at org.apache.hadoop.ozone.protocolPB.ScmBlockLocationProtocolServerSideTranslatorPB.send(ScmBlockLocationProtocolServerSideTranslatorPB.java:116)
	at org.apache.hadoop.hdds.protocol.proto.ScmBlockLocationProtocolProtos$ScmBlockLocationProtocolService$2.callBlockingMethod(ScmBlockLocationProtocolProtos.java:13157)
	at org.apache.hadoop.ipc.ProtobufRpcEngine$Server$ProtoBufRpcInvoker.call(ProtobufRpcEngine.java:524)
	at org.apache.hadoop.ipc.RPC$Server.call(RPC.java:1025)
	at org.apache.hadoop.ipc.Server$RpcCall.run(Server.java:876)
	at org.apache.hadoop.ipc.Server$RpcCall.run(Server.java:822)
	at java.security.AccessController.doPrivileged(Native Method)
	at javax.security.auth.Subject.doAs(Subject.java:422)
	at org.apache.hadoop.security.UserGroupInformation.doAs(UserGroupInformation.java:1730)
	at org.apache.hadoop.ipc.Server$Handler.run(Server.java:2682)
2019-09-25 05:52:13,161 [IPC Server handler 5 on 40165] INFO  block.BlockManagerImpl (BlockManagerImpl.java:allocateBlock(198)) - Could not find available pipeline of type:RATIS and factor:THREE even after retrying
2019-09-25 05:52:13,162 [IPC Server handler 5 on 40165] ERROR block.BlockManagerImpl (BlockManagerImpl.java:allocateBlock(222)) - Unable to allocate a block for the size: 4194304, type: RATIS, factor: THREE
2019-09-25 05:52:13,171 [Thread-525] INFO  ozone.MiniOzoneClusterImpl (MiniOzoneClusterImpl.java:shutdown(314)) - Shutting down the Mini Ozone Cluster
2019-09-25 05:52:13,171 [Thread-525] INFO  ozone.MiniOzoneClusterImpl (MiniOzoneClusterImpl.java:stop(330)) - Stopping the Mini Ozone Cluster
2019-09-25 05:52:13,171 [Thread-525] INFO  ozone.MiniOzoneClusterImpl (MiniOzoneClusterImpl.java:stopOM(400)) - Stopping the OzoneManager
2019-09-25 05:52:13,172 [Thread-525] INFO  ipc.Server (Server.java:stop(3082)) - Stopping server on 42731
2019-09-25 05:52:13,176 [IPC Server listener on 42731] INFO  ipc.Server (Server.java:run(1185)) - Stopping IPC Server listener on 42731
2019-09-25 05:52:13,176 [Thread-525] INFO  ratis.OzoneManagerDoubleBuffer (OzoneManagerDoubleBuffer.java:stop(248)) - Stopping OMDoubleBuffer flush thread
2019-09-25 05:52:13,176 [IPC Server Responder] INFO  ipc.Server (Server.java:run(1319)) - Stopping IPC Server Responder
2019-09-25 05:52:13,177 [OMDoubleBufferFlushThread] INFO  ratis.OzoneManagerDoubleBuffer (OzoneManagerDoubleBuffer.java:flushTransactions(191)) - OMDoubleBuffer flush thread OMDoubleBufferFlushThread is interrupted and will exit. OMDoubleBufferFlushThread
2019-09-25 05:52:13,177 [Thread-525] INFO  utils.BackgroundService (BackgroundService.java:shutdown(148)) - Shutting down service KeyDeletingService
2019-09-25 05:52:13,181 [Thread-525] INFO  handler.ContextHandler (ContextHandler.java:doStop(910)) - Stopped o.e.j.w.WebAppContext@75214186{/,null,UNAVAILABLE}{/ozoneManager}
2019-09-25 05:52:13,182 [Thread-525] INFO  server.AbstractConnector (AbstractConnector.java:doStop(318)) - Stopped ServerConnector@3d95dd6a{HTTP/1.1,[http/1.1]}{0.0.0.0:0}
2019-09-25 05:52:13,182 [Thread-525] INFO  handler.ContextHandler (ContextHandler.java:doStop(910)) - Stopped o.e.j.s.ServletContextHandler@4c1d44b8{/static,jar:file:/home/user/.m2/repository/org/apache/hadoop/hadoop-ozone-ozone-manager/0.5.0-SNAPSHOT/hadoop-ozone-ozone-manager-0.5.0-SNAPSHOT.jar!/webapps/static,UNAVAILABLE}
2019-09-25 05:52:13,183 [Thread-525] INFO  handler.ContextHandler (ContextHandler.java:doStop(910)) - Stopped o.e.j.s.ServletContextHandler@523cb56c{/logs,file:///workdir/hadoop-ozone/ozonefs/target/log,UNAVAILABLE}
2019-09-25 05:52:13,185 [Thread-525] INFO  ozone.MiniOzoneClusterImpl (MiniOzoneClusterImpl.java:stopDatanodes(377)) - Stopping the HddsDatanodes
2019-09-25 05:52:13,824 [Datanode State Machine Thread - 0] INFO  statemachine.DatanodeStateMachine (DatanodeStateMachine.java:lambda$startDaemon$0(350)) - Ozone container server started.
2019-09-25 05:52:13,906 [Datanode State Machine Thread - 0] INFO  statemachine.DatanodeStateMachine (DatanodeStateMachine.java:lambda$startDaemon$0(350)) - Ozone container server started.
2019-09-25 05:52:14,838 [Thread-697] INFO  container.ReplicationManager (ReplicationManager.java:start(163)) - Starting Replication Monitor Thread.
2019-09-25 05:52:14,841 [ReplicationMonitor] INFO  container.ReplicationManager (ReplicationManager.java:run(226)) - Replication Monitor Thread took 0 milliseconds for processing 0 containers.
2019-09-25 05:52:16,926 [Thread-699] INFO  impl.FollowerState (FollowerState.java:run(106)) - 1c631bae-68b7-41af-adae-ceb8210a62c8:group-00D239515A28 changes to CANDIDATE, lastRpcTime:5022, electionTimeout:5022ms
2019-09-25 05:52:16,926 [Thread-699] INFO  impl.RoleInfo (RoleInfo.java:shutdownFollowerState(121)) - 1c631bae-68b7-41af-adae-ceb8210a62c8: shutdown FollowerState
2019-09-25 05:52:16,926 [Thread-699] INFO  impl.RaftServerImpl (RaftServerImpl.java:setRole(174)) - 1c631bae-68b7-41af-adae-ceb8210a62c8@group-00D239515A28: changes role from  FOLLOWER to CANDIDATE at term 0 for changeToCandidate
2019-09-25 05:52:16,927 [Thread-699] INFO  impl.RoleInfo (RoleInfo.java:updateAndGet(143)) - 1c631bae-68b7-41af-adae-ceb8210a62c8: start LeaderElection
2019-09-25 05:52:16,958 [Thread-702] INFO  impl.FollowerState (FollowerState.java:run(106)) - 1c631bae-68b7-41af-adae-ceb8210a62c8:group-0FF8D3619E03 changes to CANDIDATE, lastRpcTime:5007, electionTimeout:5007ms
2019-09-25 05:52:16,958 [Thread-702] INFO  impl.RoleInfo (RoleInfo.java:shutdownFollowerState(121)) - 1c631bae-68b7-41af-adae-ceb8210a62c8: shutdown FollowerState
2019-09-25 05:52:16,958 [Thread-702] INFO  impl.RaftServerImpl (RaftServerImpl.java:setRole(174)) - 1c631bae-68b7-41af-adae-ceb8210a62c8@group-0FF8D3619E03: changes role from  FOLLOWER to CANDIDATE at term 0 for changeToCandidate
2019-09-25 05:52:16,958 [1c631bae-68b7-41af-adae-ceb8210a62c8@group-00D239515A28:LeaderElection28] INFO  impl.LeaderElection (LeaderElection.java:askForVotes(182)) - 1c631bae-68b7-41af-adae-ceb8210a62c8@group-00D239515A28:LeaderElection28: begin an election at term 1 for -1: [1c631bae-68b7-41af-adae-ceb8210a62c8:192.168.5.161:35361], old=null
2019-09-25 05:52:16,958 [Thread-702] INFO  impl.RoleInfo (RoleInfo.java:updateAndGet(143)) - 1c631bae-68b7-41af-adae-ceb8210a62c8: start LeaderElection
2019-09-25 05:52:16,959 [1c631bae-68b7-41af-adae-ceb8210a62c8@group-00D239515A28:LeaderElection28] INFO  impl.RoleInfo (RoleInfo.java:shutdownLeaderElection(134)) - 1c631bae-68b7-41af-adae-ceb8210a62c8: shutdown LeaderElection
2019-09-25 05:52:16,959 [1c631bae-68b7-41af-adae-ceb8210a62c8@group-00D239515A28:LeaderElection28] INFO  impl.RaftServerImpl (RaftServerImpl.java:setRole(174)) - 1c631bae-68b7-41af-adae-ceb8210a62c8@group-00D239515A28: changes role from CANDIDATE to LEADER at term 1 for changeToLeader
2019-09-25 05:52:16,962 [1c631bae-68b7-41af-adae-ceb8210a62c8@group-00D239515A28:LeaderElection28] INFO  impl.RaftServerImpl (ServerState.java:setLeader(253)) - 1c631bae-68b7-41af-adae-ceb8210a62c8@group-00D239515A28: change Leader from null to 1c631bae-68b7-41af-adae-ceb8210a62c8 at term 1 for becomeLeader, leader elected after 5069ms
2019-09-25 05:52:16,963 [1c631bae-68b7-41af-adae-ceb8210a62c8@group-00D239515A28:LeaderElection28] INFO  server.RaftServerConfigKeys (ConfUtils.java:logGet(43)) - raft.server.staging.catchup.gap = 1000 (default)
2019-09-25 05:52:16,963 [1c631bae-68b7-41af-adae-ceb8210a62c8@group-00D239515A28:LeaderElection28] INFO  server.RaftServerConfigKeys (ConfUtils.java:logGet(43)) - raft.server.rpc.sleep.time = 25ms (default)
2019-09-25 05:52:16,963 [1c631bae-68b7-41af-adae-ceb8210a62c8@group-00D239515A28:LeaderElection28] INFO  server.RaftServerConfigKeys (ConfUtils.java:logGet(43)) - raft.server.write.element-limit = 4096 (default)
2019-09-25 05:52:16,963 [1c631bae-68b7-41af-adae-ceb8210a62c8@group-00D239515A28:LeaderElection28] INFO  server.RaftServerConfigKeys (ConfUtils.java:logGet(43)) - raft.server.watch.timeout = 10s (default)
2019-09-25 05:52:16,964 [1c631bae-68b7-41af-adae-ceb8210a62c8@group-00D239515A28:LeaderElection28] INFO  server.RaftServerConfigKeys (ConfUtils.java:logGet(43)) - raft.server.watch.timeout.denomination = 1s (default)
2019-09-25 05:52:16,964 [1c631bae-68b7-41af-adae-ceb8210a62c8@group-00D239515A28:LeaderElection28] INFO  server.RaftServerConfigKeys (ConfUtils.java:logGet(43)) - raft.server.watch.element-limit = 65536 (default)
2019-09-25 05:52:16,967 [1c631bae-68b7-41af-adae-ceb8210a62c8@group-00D239515A28:LeaderElection28] INFO  impl.RoleInfo (RoleInfo.java:updateAndGet(143)) - 1c631bae-68b7-41af-adae-ceb8210a62c8: start LeaderState
2019-09-25 05:52:16,967 [1c631bae-68b7-41af-adae-ceb8210a62c8@group-00D239515A28:LeaderElection28] INFO  segmented.SegmentedRaftLogWorker (SegmentedRaftLogWorker.java:startLogSegment(380)) - 1c631bae-68b7-41af-adae-ceb8210a62c8@group-00D239515A28-SegmentedRaftLogWorker: Starting segment from index:0
2019-09-25 05:52:16,968 [1c631bae-68b7-41af-adae-ceb8210a62c8@group-00D239515A28:LeaderElection28] INFO  impl.RaftServerImpl (ServerState.java:setRaftConf(354)) - 1c631bae-68b7-41af-adae-ceb8210a62c8@group-00D239515A28: set configuration 0: [1c631bae-68b7-41af-adae-ceb8210a62c8:192.168.5.161:35361], old=null at 0
2019-09-25 05:52:16,976 [1c631bae-68b7-41af-adae-ceb8210a62c8@group-0FF8D3619E03:LeaderElection29] INFO  impl.LeaderElection (LeaderElection.java:askForVotes(182)) - 1c631bae-68b7-41af-adae-ceb8210a62c8@group-0FF8D3619E03:LeaderElection29: begin an election at term 1 for -1: [1c631bae-68b7-41af-adae-ceb8210a62c8:192.168.5.161:35361], old=null
2019-09-25 05:52:16,976 [1c631bae-68b7-41af-adae-ceb8210a62c8@group-0FF8D3619E03:LeaderElection29] INFO  impl.RoleInfo (RoleInfo.java:shutdownLeaderElection(134)) - 1c631bae-68b7-41af-adae-ceb8210a62c8: shutdown LeaderElection
2019-09-25 05:52:16,976 [1c631bae-68b7-41af-adae-ceb8210a62c8@group-0FF8D3619E03:LeaderElection29] INFO  impl.RaftServerImpl (RaftServerImpl.java:setRole(174)) - 1c631bae-68b7-41af-adae-ceb8210a62c8@group-0FF8D3619E03: changes role from CANDIDATE to LEADER at term 1 for changeToLeader
2019-09-25 05:52:16,976 [1c631bae-68b7-41af-adae-ceb8210a62c8@group-0FF8D3619E03:LeaderElection29] INFO  impl.RaftServerImpl (ServerState.java:setLeader(253)) - 1c631bae-68b7-41af-adae-ceb8210a62c8@group-0FF8D3619E03: change Leader from null to 1c631bae-68b7-41af-adae-ceb8210a62c8 at term 1 for becomeLeader, leader elected after 5032ms
2019-09-25 05:52:16,976 [1c631bae-68b7-41af-adae-ceb8210a62c8@group-0FF8D3619E03:LeaderElection29] INFO  server.RaftServerConfigKeys (ConfUtils.java:logGet(43)) - raft.server.staging.catchup.gap = 1000 (default)
2019-09-25 05:52:16,977 [1c631bae-68b7-41af-adae-ceb8210a62c8@group-0FF8D3619E03:LeaderElection29] INFO  server.RaftServerConfigKeys (ConfUtils.java:logGet(43)) - raft.server.rpc.sleep.time = 25ms (default)
2019-09-25 05:52:16,977 [1c631bae-68b7-41af-adae-ceb8210a62c8@group-0FF8D3619E03:LeaderElection29] INFO  server.RaftServerConfigKeys (ConfUtils.java:logGet(43)) - raft.server.write.element-limit = 4096 (default)
2019-09-25 05:52:16,977 [1c631bae-68b7-41af-adae-ceb8210a62c8@group-0FF8D3619E03:LeaderElection29] INFO  server.RaftServerConfigKeys (ConfUtils.java:logGet(43)) - raft.server.watch.timeout = 10s (default)
2019-09-25 05:52:16,977 [1c631bae-68b7-41af-adae-ceb8210a62c8@group-0FF8D3619E03:LeaderElection29] INFO  server.RaftServerConfigKeys (ConfUtils.java:logGet(43)) - raft.server.watch.timeout.denomination = 1s (default)
2019-09-25 05:52:16,977 [1c631bae-68b7-41af-adae-ceb8210a62c8@group-0FF8D3619E03:LeaderElection29] INFO  server.RaftServerConfigKeys (ConfUtils.java:logGet(43)) - raft.server.watch.element-limit = 65536 (default)
2019-09-25 05:52:16,980 [1c631bae-68b7-41af-adae-ceb8210a62c8@group-0FF8D3619E03:LeaderElection29] INFO  impl.RoleInfo (RoleInfo.java:updateAndGet(143)) - 1c631bae-68b7-41af-adae-ceb8210a62c8: start LeaderState
2019-09-25 05:52:16,980 [1c631bae-68b7-41af-adae-ceb8210a62c8@group-0FF8D3619E03:LeaderElection29] INFO  segmented.SegmentedRaftLogWorker (SegmentedRaftLogWorker.java:startLogSegment(380)) - 1c631bae-68b7-41af-adae-ceb8210a62c8@group-0FF8D3619E03-SegmentedRaftLogWorker: Starting segment from index:0
2019-09-25 05:52:16,981 [1c631bae-68b7-41af-adae-ceb8210a62c8@group-0FF8D3619E03:LeaderElection29] INFO  impl.RaftServerImpl (ServerState.java:setRaftConf(354)) - 1c631bae-68b7-41af-adae-ceb8210a62c8@group-0FF8D3619E03: set configuration 0: [1c631bae-68b7-41af-adae-ceb8210a62c8:192.168.5.161:35361], old=null at 0
2019-09-25 05:52:17,016 [1c631bae-68b7-41af-adae-ceb8210a62c8@group-00D239515A28-SegmentedRaftLogWorker] INFO  segmented.SegmentedRaftLogWorker (SegmentedRaftLogWorker.java:execute(569)) - 1c631bae-68b7-41af-adae-ceb8210a62c8@group-00D239515A28-SegmentedRaftLogWorker: created new log segment /workdir/hadoop-ozone/ozonefs/target/test-dir/MiniOzoneClusterImpl-9dde5f9b-6604-4092-bbbb-eb034b8ffd25/datanode-0/data/ratis/6cb44d61-586c-4e6f-8dac-00d239515a28/current/log_inprogress_0
2019-09-25 05:52:17,029 [1c631bae-68b7-41af-adae-ceb8210a62c8@group-0FF8D3619E03-SegmentedRaftLogWorker] INFO  segmented.SegmentedRaftLogWorker (SegmentedRaftLogWorker.java:execute(569)) - 1c631bae-68b7-41af-adae-ceb8210a62c8@group-0FF8D3619E03-SegmentedRaftLogWorker: created new log segment /workdir/hadoop-ozone/ozonefs/target/test-dir/MiniOzoneClusterImpl-9dde5f9b-6604-4092-bbbb-eb034b8ffd25/datanode-0/data/ratis/20744922-886a-4a5e-b285-0ff8d3619e03/current/log_inprogress_0
2019-09-25 05:52:17,074 [Thread-708] INFO  impl.FollowerState (FollowerState.java:run(106)) - 0a80707e-124f-4b7c-988c-2e0ae8f888cc:group-FE3488451BD7 changes to CANDIDATE, lastRpcTime:5026, electionTimeout:5022ms
2019-09-25 05:52:17,074 [Thread-708] INFO  impl.RoleInfo (RoleInfo.java:shutdownFollowerState(121)) - 0a80707e-124f-4b7c-988c-2e0ae8f888cc: shutdown FollowerState
2019-09-25 05:52:17,074 [Thread-708] INFO  impl.RaftServerImpl (RaftServerImpl.java:setRole(174)) - 0a80707e-124f-4b7c-988c-2e0ae8f888cc@group-FE3488451BD7: changes role from  FOLLOWER to CANDIDATE at term 0 for changeToCandidate
2019-09-25 05:52:17,075 [Thread-708] INFO  impl.RoleInfo (RoleInfo.java:updateAndGet(143)) - 0a80707e-124f-4b7c-988c-2e0ae8f888cc: start LeaderElection
2019-09-25 05:52:17,079 [Thread-705] INFO  impl.FollowerState (FollowerState.java:run(106)) - 0a80707e-124f-4b7c-988c-2e0ae8f888cc:group-560D1E5FF9D4 changes to CANDIDATE, lastRpcTime:5071, electionTimeout:5071ms
2019-09-25 05:52:17,079 [Thread-705] INFO  impl.RoleInfo (RoleInfo.java:shutdownFollowerState(121)) - 0a80707e-124f-4b7c-988c-2e0ae8f888cc: shutdown FollowerState
2019-09-25 05:52:17,079 [Thread-705] INFO  impl.RaftServerImpl (RaftServerImpl.java:setRole(174)) - 0a80707e-124f-4b7c-988c-2e0ae8f888cc@group-560D1E5FF9D4: changes role from  FOLLOWER to CANDIDATE at term 0 for changeToCandidate
2019-09-25 05:52:17,080 [Thread-705] INFO  impl.RoleInfo (RoleInfo.java:updateAndGet(143)) - 0a80707e-124f-4b7c-988c-2e0ae8f888cc: start LeaderElection
2019-09-25 05:52:17,095 [0a80707e-124f-4b7c-988c-2e0ae8f888cc@group-560D1E5FF9D4:LeaderElection31] INFO  impl.LeaderElection (LeaderElection.java:askForVotes(182)) - 0a80707e-124f-4b7c-988c-2e0ae8f888cc@group-560D1E5FF9D4:LeaderElection31: begin an election at term 1 for -1: [0a80707e-124f-4b7c-988c-2e0ae8f888cc:192.168.5.161:44339], old=null
2019-09-25 05:52:17,095 [0a80707e-124f-4b7c-988c-2e0ae8f888cc@group-FE3488451BD7:LeaderElection30] INFO  impl.LeaderElection (LeaderElection.java:askForVotes(182)) - 0a80707e-124f-4b7c-988c-2e0ae8f888cc@group-FE3488451BD7:LeaderElection30: begin an election at term 1 for -1: [0a80707e-124f-4b7c-988c-2e0ae8f888cc:192.168.5.161:44339], old=null
2019-09-25 05:52:17,095 [0a80707e-124f-4b7c-988c-2e0ae8f888cc@group-560D1E5FF9D4:LeaderElection31] INFO  impl.RoleInfo (RoleInfo.java:shutdownLeaderElection(134)) - 0a80707e-124f-4b7c-988c-2e0ae8f888cc: shutdown LeaderElection
2019-09-25 05:52:17,095 [0a80707e-124f-4b7c-988c-2e0ae8f888cc@group-FE3488451BD7:LeaderElection30] INFO  impl.RoleInfo (RoleInfo.java:shutdownLeaderElection(134)) - 0a80707e-124f-4b7c-988c-2e0ae8f888cc: shutdown LeaderElection
2019-09-25 05:52:17,095 [0a80707e-124f-4b7c-988c-2e0ae8f888cc@group-560D1E5FF9D4:LeaderElection31] INFO  impl.RaftServerImpl (RaftServerImpl.java:setRole(174)) - 0a80707e-124f-4b7c-988c-2e0ae8f888cc@group-560D1E5FF9D4: changes role from CANDIDATE to LEADER at term 1 for changeToLeader
2019-09-25 05:52:17,095 [0a80707e-124f-4b7c-988c-2e0ae8f888cc@group-FE3488451BD7:LeaderElection30] INFO  impl.RaftServerImpl (RaftServerImpl.java:setRole(174)) - 0a80707e-124f-4b7c-988c-2e0ae8f888cc@group-FE3488451BD7: changes role from CANDIDATE to LEADER at term 1 for changeToLeader
2019-09-25 05:52:17,095 [0a80707e-124f-4b7c-988c-2e0ae8f888cc@group-560D1E5FF9D4:LeaderElection31] INFO  impl.RaftServerImpl (ServerState.java:setLeader(253)) - 0a80707e-124f-4b7c-988c-2e0ae8f888cc@group-560D1E5FF9D4: change Leader from null to 0a80707e-124f-4b7c-988c-2e0ae8f888cc at term 1 for becomeLeader, leader elected after 5099ms
2019-09-25 05:52:17,096 [0a80707e-124f-4b7c-988c-2e0ae8f888cc@group-FE3488451BD7:LeaderElection30] INFO  impl.RaftServerImpl (ServerState.java:setLeader(253)) - 0a80707e-124f-4b7c-988c-2e0ae8f888cc@group-FE3488451BD7: change Leader from null to 0a80707e-124f-4b7c-988c-2e0ae8f888cc at term 1 for becomeLeader, leader elected after 5054ms
2019-09-25 05:52:17,096 [0a80707e-124f-4b7c-988c-2e0ae8f888cc@group-560D1E5FF9D4:LeaderElection31] INFO  server.RaftServerConfigKeys (ConfUtils.java:logGet(43)) - raft.server.staging.catchup.gap = 1000 (default)
2019-09-25 05:52:17,096 [0a80707e-124f-4b7c-988c-2e0ae8f888cc@group-FE3488451BD7:LeaderElection30] INFO  server.RaftServerConfigKeys (ConfUtils.java:logGet(43)) - raft.server.staging.catchup.gap = 1000 (default)
2019-09-25 05:52:17,096 [0a80707e-124f-4b7c-988c-2e0ae8f888cc@group-560D1E5FF9D4:LeaderElection31] INFO  server.RaftServerConfigKeys (ConfUtils.java:logGet(43)) - raft.server.rpc.sleep.time = 25ms (default)
2019-09-25 05:52:17,096 [0a80707e-124f-4b7c-988c-2e0ae8f888cc@group-FE3488451BD7:LeaderElection30] INFO  server.RaftServerConfigKeys (ConfUtils.java:logGet(43)) - raft.server.rpc.sleep.time = 25ms (default)
2019-09-25 05:52:17,096 [0a80707e-124f-4b7c-988c-2e0ae8f888cc@group-560D1E5FF9D4:LeaderElection31] INFO  server.RaftServerConfigKeys (ConfUtils.java:logGet(43)) - raft.server.write.element-limit = 4096 (default)
2019-09-25 05:52:17,096 [0a80707e-124f-4b7c-988c-2e0ae8f888cc@group-FE3488451BD7:LeaderElection30] INFO  server.RaftServerConfigKeys (ConfUtils.java:logGet(43)) - raft.server.write.element-limit = 4096 (default)
2019-09-25 05:52:17,096 [0a80707e-124f-4b7c-988c-2e0ae8f888cc@group-560D1E5FF9D4:LeaderElection31] INFO  server.RaftServerConfigKeys (ConfUtils.java:logGet(43)) - raft.server.watch.timeout = 10s (default)
2019-09-25 05:52:17,097 [0a80707e-124f-4b7c-988c-2e0ae8f888cc@group-FE3488451BD7:LeaderElection30] INFO  server.RaftServerConfigKeys (ConfUtils.java:logGet(43)) - raft.server.watch.timeout = 10s (default)
2019-09-25 05:52:17,097 [0a80707e-124f-4b7c-988c-2e0ae8f888cc@group-560D1E5FF9D4:LeaderElection31] INFO  server.RaftServerConfigKeys (ConfUtils.java:logGet(43)) - raft.server.watch.timeout.denomination = 1s (default)
2019-09-25 05:52:17,097 [0a80707e-124f-4b7c-988c-2e0ae8f888cc@group-FE3488451BD7:LeaderElection30] INFO  server.RaftServerConfigKeys (ConfUtils.java:logGet(43)) - raft.server.watch.timeout.denomination = 1s (default)
2019-09-25 05:52:17,097 [0a80707e-124f-4b7c-988c-2e0ae8f888cc@group-560D1E5FF9D4:LeaderElection31] INFO  server.RaftServerConfigKeys (ConfUtils.java:logGet(43)) - raft.server.watch.element-limit = 65536 (default)
2019-09-25 05:52:17,097 [0a80707e-124f-4b7c-988c-2e0ae8f888cc@group-FE3488451BD7:LeaderElection30] INFO  server.RaftServerConfigKeys (ConfUtils.java:logGet(43)) - raft.server.watch.element-limit = 65536 (default)
2019-09-25 05:52:17,101 [0a80707e-124f-4b7c-988c-2e0ae8f888cc@group-560D1E5FF9D4:LeaderElection31] INFO  impl.RoleInfo (RoleInfo.java:updateAndGet(143)) - 0a80707e-124f-4b7c-988c-2e0ae8f888cc: start LeaderState
2019-09-25 05:52:17,101 [0a80707e-124f-4b7c-988c-2e0ae8f888cc@group-560D1E5FF9D4:LeaderElection31] INFO  segmented.SegmentedRaftLogWorker (SegmentedRaftLogWorker.java:startLogSegment(380)) - 0a80707e-124f-4b7c-988c-2e0ae8f888cc@group-560D1E5FF9D4-SegmentedRaftLogWorker: Starting segment from index:0
2019-09-25 05:52:17,101 [0a80707e-124f-4b7c-988c-2e0ae8f888cc@group-560D1E5FF9D4:LeaderElection31] INFO  impl.RaftServerImpl (ServerState.java:setRaftConf(354)) - 0a80707e-124f-4b7c-988c-2e0ae8f888cc@group-560D1E5FF9D4: set configuration 0: [0a80707e-124f-4b7c-988c-2e0ae8f888cc:192.168.5.161:44339], old=null at 0
2019-09-25 05:52:17,102 [0a80707e-124f-4b7c-988c-2e0ae8f888cc@group-FE3488451BD7:LeaderElection30] INFO  impl.RoleInfo (RoleInfo.java:updateAndGet(143)) - 0a80707e-124f-4b7c-988c-2e0ae8f888cc: start LeaderState
2019-09-25 05:52:17,102 [0a80707e-124f-4b7c-988c-2e0ae8f888cc@group-FE3488451BD7:LeaderElection30] INFO  segmented.SegmentedRaftLogWorker (SegmentedRaftLogWorker.java:startLogSegment(380)) - 0a80707e-124f-4b7c-988c-2e0ae8f888cc@group-FE3488451BD7-SegmentedRaftLogWorker: Starting segment from index:0
2019-09-25 05:52:17,103 [0a80707e-124f-4b7c-988c-2e0ae8f888cc@group-FE3488451BD7:LeaderElection30] INFO  impl.RaftServerImpl (ServerState.java:setRaftConf(354)) - 0a80707e-124f-4b7c-988c-2e0ae8f888cc@group-FE3488451BD7: set configuration 0: [0a80707e-124f-4b7c-988c-2e0ae8f888cc:192.168.5.161:44339], old=null at 0
2019-09-25 05:52:17,145 [0a80707e-124f-4b7c-988c-2e0ae8f888cc@group-FE3488451BD7-SegmentedRaftLogWorker] INFO  segmented.SegmentedRaftLogWorker (SegmentedRaftLogWorker.java:execute(569)) - 0a80707e-124f-4b7c-988c-2e0ae8f888cc@group-FE3488451BD7-SegmentedRaftLogWorker: created new log segment /workdir/hadoop-ozone/ozonefs/target/test-dir/MiniOzoneClusterImpl-9dde5f9b-6604-4092-bbbb-eb034b8ffd25/datanode-1/data/ratis/1c886fc5-5f05-48b4-9855-fe3488451bd7/current/log_inprogress_0
2019-09-25 05:52:17,146 [0a80707e-124f-4b7c-988c-2e0ae8f888cc@group-560D1E5FF9D4-SegmentedRaftLogWorker] INFO  segmented.SegmentedRaftLogWorker (SegmentedRaftLogWorker.java:execute(569)) - 0a80707e-124f-4b7c-988c-2e0ae8f888cc@group-560D1E5FF9D4-SegmentedRaftLogWorker: created new log segment /workdir/hadoop-ozone/ozonefs/target/test-dir/MiniOzoneClusterImpl-9dde5f9b-6604-4092-bbbb-eb034b8ffd25/datanode-1/data/ratis/befda5c1-b809-47a6-8604-560d1e5ff9d4/current/log_inprogress_0
2019-09-25 05:52:17,146 [Thread-717] INFO  impl.FollowerState (FollowerState.java:run(106)) - 1c631bae-68b7-41af-adae-ceb8210a62c8:group-4DC8E7B9A8D2 changes to CANDIDATE, lastRpcTime:5010, electionTimeout:5010ms
2019-09-25 05:52:17,146 [Thread-717] INFO  impl.RoleInfo (RoleInfo.java:shutdownFollowerState(121)) - 1c631bae-68b7-41af-adae-ceb8210a62c8: shutdown FollowerState
2019-09-25 05:52:17,146 [Thread-717] INFO  impl.RaftServerImpl (RaftServerImpl.java:setRole(174)) - 1c631bae-68b7-41af-adae-ceb8210a62c8@group-4DC8E7B9A8D2: changes role from  FOLLOWER to CANDIDATE at term 0 for changeToCandidate
2019-09-25 05:52:17,146 [Thread-717] INFO  impl.RoleInfo (RoleInfo.java:updateAndGet(143)) - 1c631bae-68b7-41af-adae-ceb8210a62c8: start LeaderElection
2019-09-25 05:52:17,156 [1c631bae-68b7-41af-adae-ceb8210a62c8@group-4DC8E7B9A8D2:LeaderElection32] INFO  impl.LeaderElection (LeaderElection.java:askForVotes(182)) - 1c631bae-68b7-41af-adae-ceb8210a62c8@group-4DC8E7B9A8D2:LeaderElection32: begin an election at term 1 for -1: [1c631bae-68b7-41af-adae-ceb8210a62c8:192.168.5.161:35361], old=null
2019-09-25 05:52:17,156 [1c631bae-68b7-41af-adae-ceb8210a62c8@group-4DC8E7B9A8D2:LeaderElection32] INFO  impl.RoleInfo (RoleInfo.java:shutdownLeaderElection(134)) - 1c631bae-68b7-41af-adae-ceb8210a62c8: shutdown LeaderElection
2019-09-25 05:52:17,156 [1c631bae-68b7-41af-adae-ceb8210a62c8@group-4DC8E7B9A8D2:LeaderElection32] INFO  impl.RaftServerImpl (RaftServerImpl.java:setRole(174)) - 1c631bae-68b7-41af-adae-ceb8210a62c8@group-4DC8E7B9A8D2: changes role from CANDIDATE to LEADER at term 1 for changeToLeader
2019-09-25 05:52:17,156 [1c631bae-68b7-41af-adae-ceb8210a62c8@group-4DC8E7B9A8D2:LeaderElection32] INFO  impl.RaftServerImpl (ServerState.java:setLeader(253)) - 1c631bae-68b7-41af-adae-ceb8210a62c8@group-4DC8E7B9A8D2: change Leader from null to 1c631bae-68b7-41af-adae-ceb8210a62c8 at term 1 for becomeLeader, leader elected after 5026ms
2019-09-25 05:52:17,156 [1c631bae-68b7-41af-adae-ceb8210a62c8@group-4DC8E7B9A8D2:LeaderElection32] INFO  server.RaftServerConfigKeys (ConfUtils.java:logGet(43)) - raft.server.staging.catchup.gap = 1000 (default)
2019-09-25 05:52:17,156 [1c631bae-68b7-41af-adae-ceb8210a62c8@group-4DC8E7B9A8D2:LeaderElection32] INFO  server.RaftServerConfigKeys (ConfUtils.java:logGet(43)) - raft.server.rpc.sleep.time = 25ms (default)
2019-09-25 05:52:17,157 [1c631bae-68b7-41af-adae-ceb8210a62c8@group-4DC8E7B9A8D2:LeaderElection32] INFO  server.RaftServerConfigKeys (ConfUtils.java:logGet(43)) - raft.server.write.element-limit = 4096 (default)
2019-09-25 05:52:17,157 [1c631bae-68b7-41af-adae-ceb8210a62c8@group-4DC8E7B9A8D2:LeaderElection32] INFO  server.RaftServerConfigKeys (ConfUtils.java:logGet(43)) - raft.server.watch.timeout = 10s (default)
2019-09-25 05:52:17,157 [1c631bae-68b7-41af-adae-ceb8210a62c8@group-4DC8E7B9A8D2:LeaderElection32] INFO  server.RaftServerConfigKeys (ConfUtils.java:logGet(43)) - raft.server.watch.timeout.denomination = 1s (default)
2019-09-25 05:52:17,157 [1c631bae-68b7-41af-adae-ceb8210a62c8@group-4DC8E7B9A8D2:LeaderElection32] INFO  server.RaftServerConfigKeys (ConfUtils.java:logGet(43)) - raft.server.watch.element-limit = 65536 (default)
2019-09-25 05:52:17,159 [1c631bae-68b7-41af-adae-ceb8210a62c8@group-4DC8E7B9A8D2:LeaderElection32] INFO  impl.RoleInfo (RoleInfo.java:updateAndGet(143)) - 1c631bae-68b7-41af-adae-ceb8210a62c8: start LeaderState
2019-09-25 05:52:17,159 [1c631bae-68b7-41af-adae-ceb8210a62c8@group-4DC8E7B9A8D2:LeaderElection32] INFO  segmented.SegmentedRaftLogWorker (SegmentedRaftLogWorker.java:startLogSegment(380)) - 1c631bae-68b7-41af-adae-ceb8210a62c8@group-4DC8E7B9A8D2-SegmentedRaftLogWorker: Starting segment from index:0
2019-09-25 05:52:17,160 [1c631bae-68b7-41af-adae-ceb8210a62c8@group-4DC8E7B9A8D2:LeaderElection32] INFO  impl.RaftServerImpl (ServerState.java:setRaftConf(354)) - 1c631bae-68b7-41af-adae-ceb8210a62c8@group-4DC8E7B9A8D2: set configuration 0: [1c631bae-68b7-41af-adae-ceb8210a62c8:192.168.5.161:35361], old=null at 0
2019-09-25 05:52:17,190 [1c631bae-68b7-41af-adae-ceb8210a62c8@group-4DC8E7B9A8D2-SegmentedRaftLogWorker] INFO  segmented.SegmentedRaftLogWorker (SegmentedRaftLogWorker.java:execute(569)) - 1c631bae-68b7-41af-adae-ceb8210a62c8@group-4DC8E7B9A8D2-SegmentedRaftLogWorker: created new log segment /workdir/hadoop-ozone/ozonefs/target/test-dir/MiniOzoneClusterImpl-9dde5f9b-6604-4092-bbbb-eb034b8ffd25/datanode-0/data/ratis/f69db519-f22c-4dec-981e-4dc8e7b9a8d2/current/log_inprogress_0
2019-09-25 05:52:17,226 [Thread-711] INFO  impl.FollowerState (FollowerState.java:run(106)) - 0a80707e-124f-4b7c-988c-2e0ae8f888cc:group-23E25B56B804 changes to CANDIDATE, lastRpcTime:5140, electionTimeout:5140ms
2019-09-25 05:52:17,226 [Thread-711] INFO  impl.RoleInfo (RoleInfo.java:shutdownFollowerState(121)) - 0a80707e-124f-4b7c-988c-2e0ae8f888cc: shutdown FollowerState
2019-09-25 05:52:17,227 [Thread-711] INFO  impl.RaftServerImpl (RaftServerImpl.java:setRole(174)) - 0a80707e-124f-4b7c-988c-2e0ae8f888cc@group-23E25B56B804: changes role from  FOLLOWER to CANDIDATE at term 0 for changeToCandidate
2019-09-25 05:52:17,227 [Thread-711] INFO  impl.RoleInfo (RoleInfo.java:updateAndGet(143)) - 0a80707e-124f-4b7c-988c-2e0ae8f888cc: start LeaderElection
2019-09-25 05:52:17,234 [Thread-723] INFO  impl.FollowerState (FollowerState.java:run(106)) - 1c631bae-68b7-41af-adae-ceb8210a62c8:group-0D5C4BDF2E0B changes to CANDIDATE, lastRpcTime:5002, electionTimeout:5002ms
2019-09-25 05:52:17,235 [Thread-723] INFO  impl.RoleInfo (RoleInfo.java:shutdownFollowerState(121)) - 1c631bae-68b7-41af-adae-ceb8210a62c8: shutdown FollowerState
2019-09-25 05:52:17,235 [Thread-723] INFO  impl.RaftServerImpl (RaftServerImpl.java:setRole(174)) - 1c631bae-68b7-41af-adae-ceb8210a62c8@group-0D5C4BDF2E0B: changes role from  FOLLOWER to CANDIDATE at term 0 for changeToCandidate
2019-09-25 05:52:17,235 [Thread-723] INFO  impl.RoleInfo (RoleInfo.java:updateAndGet(143)) - 1c631bae-68b7-41af-adae-ceb8210a62c8: start LeaderElection
2019-09-25 05:52:17,257 [1c631bae-68b7-41af-adae-ceb8210a62c8@group-0D5C4BDF2E0B:LeaderElection34] INFO  impl.LeaderElection (LeaderElection.java:askForVotes(182)) - 1c631bae-68b7-41af-adae-ceb8210a62c8@group-0D5C4BDF2E0B:LeaderElection34: begin an election at term 1 for -1: [1c631bae-68b7-41af-adae-ceb8210a62c8:192.168.5.161:35361], old=null
2019-09-25 05:52:17,257 [0a80707e-124f-4b7c-988c-2e0ae8f888cc@group-23E25B56B804:LeaderElection33] INFO  impl.LeaderElection (LeaderElection.java:askForVotes(182)) - 0a80707e-124f-4b7c-988c-2e0ae8f888cc@group-23E25B56B804:LeaderElection33: begin an election at term 1 for -1: [0a80707e-124f-4b7c-988c-2e0ae8f888cc:192.168.5.161:44339], old=null
2019-09-25 05:52:17,258 [1c631bae-68b7-41af-adae-ceb8210a62c8@group-0D5C4BDF2E0B:LeaderElection34] INFO  impl.RoleInfo (RoleInfo.java:shutdownLeaderElection(134)) - 1c631bae-68b7-41af-adae-ceb8210a62c8: shutdown LeaderElection
2019-09-25 05:52:17,258 [0a80707e-124f-4b7c-988c-2e0ae8f888cc@group-23E25B56B804:LeaderElection33] INFO  impl.RoleInfo (RoleInfo.java:shutdownLeaderElection(134)) - 0a80707e-124f-4b7c-988c-2e0ae8f888cc: shutdown LeaderElection
2019-09-25 05:52:17,258 [1c631bae-68b7-41af-adae-ceb8210a62c8@group-0D5C4BDF2E0B:LeaderElection34] INFO  impl.RaftServerImpl (RaftServerImpl.java:setRole(174)) - 1c631bae-68b7-41af-adae-ceb8210a62c8@group-0D5C4BDF2E0B: changes role from CANDIDATE to LEADER at term 1 for changeToLeader
2019-09-25 05:52:17,258 [0a80707e-124f-4b7c-988c-2e0ae8f888cc@group-23E25B56B804:LeaderElection33] INFO  impl.RaftServerImpl (RaftServerImpl.java:setRole(174)) - 0a80707e-124f-4b7c-988c-2e0ae8f888cc@group-23E25B56B804: changes role from CANDIDATE to LEADER at term 1 for changeToLeader
2019-09-25 05:52:17,258 [1c631bae-68b7-41af-adae-ceb8210a62c8@group-0D5C4BDF2E0B:LeaderElection34] INFO  impl.RaftServerImpl (ServerState.java:setLeader(253)) - 1c631bae-68b7-41af-adae-ceb8210a62c8@group-0D5C4BDF2E0B: change Leader from null to 1c631bae-68b7-41af-adae-ceb8210a62c8 at term 1 for becomeLeader, leader elected after 5031ms
2019-09-25 05:52:17,258 [0a80707e-124f-4b7c-988c-2e0ae8f888cc@group-23E25B56B804:LeaderElection33] INFO  impl.RaftServerImpl (ServerState.java:setLeader(253)) - 0a80707e-124f-4b7c-988c-2e0ae8f888cc@group-23E25B56B804: change Leader from null to 0a80707e-124f-4b7c-988c-2e0ae8f888cc at term 1 for becomeLeader, leader elected after 5178ms
2019-09-25 05:52:17,258 [1c631bae-68b7-41af-adae-ceb8210a62c8@group-0D5C4BDF2E0B:LeaderElection34] INFO  server.RaftServerConfigKeys (ConfUtils.java:logGet(43)) - raft.server.staging.catchup.gap = 1000 (default)
2019-09-25 05:52:17,258 [0a80707e-124f-4b7c-988c-2e0ae8f888cc@group-23E25B56B804:LeaderElection33] INFO  server.RaftServerConfigKeys (ConfUtils.java:logGet(43)) - raft.server.staging.catchup.gap = 1000 (default)
2019-09-25 05:52:17,258 [1c631bae-68b7-41af-adae-ceb8210a62c8@group-0D5C4BDF2E0B:LeaderElection34] INFO  server.RaftServerConfigKeys (ConfUtils.java:logGet(43)) - raft.server.rpc.sleep.time = 25ms (default)
2019-09-25 05:52:17,258 [0a80707e-124f-4b7c-988c-2e0ae8f888cc@group-23E25B56B804:LeaderElection33] INFO  server.RaftServerConfigKeys (ConfUtils.java:logGet(43)) - raft.server.rpc.sleep.time = 25ms (default)
2019-09-25 05:52:17,259 [1c631bae-68b7-41af-adae-ceb8210a62c8@group-0D5C4BDF2E0B:LeaderElection34] INFO  server.RaftServerConfigKeys (ConfUtils.java:logGet(43)) - raft.server.write.element-limit = 4096 (default)
2019-09-25 05:52:17,259 [0a80707e-124f-4b7c-988c-2e0ae8f888cc@group-23E25B56B804:LeaderElection33] INFO  server.RaftServerConfigKeys (ConfUtils.java:logGet(43)) - raft.server.write.element-limit = 4096 (default)
2019-09-25 05:52:17,259 [1c631bae-68b7-41af-adae-ceb8210a62c8@group-0D5C4BDF2E0B:LeaderElection34] INFO  server.RaftServerConfigKeys (ConfUtils.java:logGet(43)) - raft.server.watch.timeout = 10s (default)
2019-09-25 05:52:17,259 [0a80707e-124f-4b7c-988c-2e0ae8f888cc@group-23E25B56B804:LeaderElection33] INFO  server.RaftServerConfigKeys (ConfUtils.java:logGet(43)) - raft.server.watch.timeout = 10s (default)
2019-09-25 05:52:17,259 [1c631bae-68b7-41af-adae-ceb8210a62c8@group-0D5C4BDF2E0B:LeaderElection34] INFO  server.RaftServerConfigKeys (ConfUtils.java:logGet(43)) - raft.server.watch.timeout.denomination = 1s (default)
2019-09-25 05:52:17,259 [0a80707e-124f-4b7c-988c-2e0ae8f888cc@group-23E25B56B804:LeaderElection33] INFO  server.RaftServerConfigKeys (ConfUtils.java:logGet(43)) - raft.server.watch.timeout.denomination = 1s (default)
2019-09-25 05:52:17,259 [1c631bae-68b7-41af-adae-ceb8210a62c8@group-0D5C4BDF2E0B:LeaderElection34] INFO  server.RaftServerConfigKeys (ConfUtils.java:logGet(43)) - raft.server.watch.element-limit = 65536 (default)
2019-09-25 05:52:17,259 [0a80707e-124f-4b7c-988c-2e0ae8f888cc@group-23E25B56B804:LeaderElection33] INFO  server.RaftServerConfigKeys (ConfUtils.java:logGet(43)) - raft.server.watch.element-limit = 65536 (default)
2019-09-25 05:52:17,263 [1c631bae-68b7-41af-adae-ceb8210a62c8@group-0D5C4BDF2E0B:LeaderElection34] INFO  impl.RoleInfo (RoleInfo.java:updateAndGet(143)) - 1c631bae-68b7-41af-adae-ceb8210a62c8: start LeaderState
2019-09-25 05:52:17,263 [0a80707e-124f-4b7c-988c-2e0ae8f888cc@group-23E25B56B804:LeaderElection33] INFO  impl.RoleInfo (RoleInfo.java:updateAndGet(143)) - 0a80707e-124f-4b7c-988c-2e0ae8f888cc: start LeaderState
2019-09-25 05:52:17,264 [1c631bae-68b7-41af-adae-ceb8210a62c8@group-0D5C4BDF2E0B:LeaderElection34] INFO  segmented.SegmentedRaftLogWorker (SegmentedRaftLogWorker.java:startLogSegment(380)) - 1c631bae-68b7-41af-adae-ceb8210a62c8@group-0D5C4BDF2E0B-SegmentedRaftLogWorker: Starting segment from index:0
2019-09-25 05:52:17,264 [0a80707e-124f-4b7c-988c-2e0ae8f888cc@group-23E25B56B804:LeaderElection33] INFO  segmented.SegmentedRaftLogWorker (SegmentedRaftLogWorker.java:startLogSegment(380)) - 0a80707e-124f-4b7c-988c-2e0ae8f888cc@group-23E25B56B804-SegmentedRaftLogWorker: Starting segment from index:0
2019-09-25 05:52:17,264 [1c631bae-68b7-41af-adae-ceb8210a62c8@group-0D5C4BDF2E0B:LeaderElection34] INFO  impl.RaftServerImpl (ServerState.java:setRaftConf(354)) - 1c631bae-68b7-41af-adae-ceb8210a62c8@group-0D5C4BDF2E0B: set configuration 0: [1c631bae-68b7-41af-adae-ceb8210a62c8:192.168.5.161:35361], old=null at 0
2019-09-25 05:52:17,264 [0a80707e-124f-4b7c-988c-2e0ae8f888cc@group-23E25B56B804:LeaderElection33] INFO  impl.RaftServerImpl (ServerState.java:setRaftConf(354)) - 0a80707e-124f-4b7c-988c-2e0ae8f888cc@group-23E25B56B804: set configuration 0: [0a80707e-124f-4b7c-988c-2e0ae8f888cc:192.168.5.161:44339], old=null at 0
2019-09-25 05:52:17,279 [Thread-714] INFO  impl.FollowerState (FollowerState.java:run(106)) - 1c631bae-68b7-41af-adae-ceb8210a62c8:group-59DA75F51AD2 changes to CANDIDATE, lastRpcTime:5168, electionTimeout:5168ms
2019-09-25 05:52:17,279 [Thread-714] INFO  impl.RoleInfo (RoleInfo.java:shutdownFollowerState(121)) - 1c631bae-68b7-41af-adae-ceb8210a62c8: shutdown FollowerState
2019-09-25 05:52:17,279 [Thread-714] INFO  impl.RaftServerImpl (RaftServerImpl.java:setRole(174)) - 1c631bae-68b7-41af-adae-ceb8210a62c8@group-59DA75F51AD2: changes role from  FOLLOWER to CANDIDATE at term 0 for changeToCandidate
2019-09-25 05:52:17,280 [Thread-714] INFO  impl.RoleInfo (RoleInfo.java:updateAndGet(143)) - 1c631bae-68b7-41af-adae-ceb8210a62c8: start LeaderElection
2019-09-25 05:52:17,328 [0a80707e-124f-4b7c-988c-2e0ae8f888cc@group-23E25B56B804-SegmentedRaftLogWorker] INFO  segmented.SegmentedRaftLogWorker (SegmentedRaftLogWorker.java:execute(569)) - 0a80707e-124f-4b7c-988c-2e0ae8f888cc@group-23E25B56B804-SegmentedRaftLogWorker: created new log segment /workdir/hadoop-ozone/ozonefs/target/test-dir/MiniOzoneClusterImpl-9dde5f9b-6604-4092-bbbb-eb034b8ffd25/datanode-1/data/ratis/22c88f43-7331-4991-9a56-23e25b56b804/current/log_inprogress_0
2019-09-25 05:52:17,328 [1c631bae-68b7-41af-adae-ceb8210a62c8@group-59DA75F51AD2:LeaderElection35] INFO  impl.LeaderElection (LeaderElection.java:askForVotes(182)) - 1c631bae-68b7-41af-adae-ceb8210a62c8@group-59DA75F51AD2:LeaderElection35: begin an election at term 1 for -1: [1c631bae-68b7-41af-adae-ceb8210a62c8:192.168.5.161:35361], old=null
2019-09-25 05:52:17,328 [1c631bae-68b7-41af-adae-ceb8210a62c8@group-0D5C4BDF2E0B-SegmentedRaftLogWorker] INFO  segmented.SegmentedRaftLogWorker (SegmentedRaftLogWorker.java:execute(569)) - 1c631bae-68b7-41af-adae-ceb8210a62c8@group-0D5C4BDF2E0B-SegmentedRaftLogWorker: created new log segment /workdir/hadoop-ozone/ozonefs/target/test-dir/MiniOzoneClusterImpl-9dde5f9b-6604-4092-bbbb-eb034b8ffd25/datanode-0/data/ratis/7b5d8336-5f67-404c-ae8f-0d5c4bdf2e0b/current/log_inprogress_0
2019-09-25 05:52:17,328 [1c631bae-68b7-41af-adae-ceb8210a62c8@group-59DA75F51AD2:LeaderElection35] INFO  impl.RoleInfo (RoleInfo.java:shutdownLeaderElection(134)) - 1c631bae-68b7-41af-adae-ceb8210a62c8: shutdown LeaderElection
2019-09-25 05:52:17,328 [1c631bae-68b7-41af-adae-ceb8210a62c8@group-59DA75F51AD2:LeaderElection35] INFO  impl.RaftServerImpl (RaftServerImpl.java:setRole(174)) - 1c631bae-68b7-41af-adae-ceb8210a62c8@group-59DA75F51AD2: changes role from CANDIDATE to LEADER at term 1 for changeToLeader
2019-09-25 05:52:17,328 [1c631bae-68b7-41af-adae-ceb8210a62c8@group-59DA75F51AD2:LeaderElection35] INFO  impl.RaftServerImpl (ServerState.java:setLeader(253)) - 1c631bae-68b7-41af-adae-ceb8210a62c8@group-59DA75F51AD2: change Leader from null to 1c631bae-68b7-41af-adae-ceb8210a62c8 at term 1 for becomeLeader, leader elected after 5223ms
2019-09-25 05:52:17,329 [1c631bae-68b7-41af-adae-ceb8210a62c8@group-59DA75F51AD2:LeaderElection35] INFO  server.RaftServerConfigKeys (ConfUtils.java:logGet(43)) - raft.server.staging.catchup.gap = 1000 (default)
2019-09-25 05:52:17,329 [1c631bae-68b7-41af-adae-ceb8210a62c8@group-59DA75F51AD2:LeaderElection35] INFO  server.RaftServerConfigKeys (ConfUtils.java:logGet(43)) - raft.server.rpc.sleep.time = 25ms (default)
2019-09-25 05:52:17,329 [1c631bae-68b7-41af-adae-ceb8210a62c8@group-59DA75F51AD2:LeaderElection35] INFO  server.RaftServerConfigKeys (ConfUtils.java:logGet(43)) - raft.server.write.element-limit = 4096 (default)
2019-09-25 05:52:17,329 [1c631bae-68b7-41af-adae-ceb8210a62c8@group-59DA75F51AD2:LeaderElection35] INFO  server.RaftServerConfigKeys (ConfUtils.java:logGet(43)) - raft.server.watch.timeout = 10s (default)
2019-09-25 05:52:17,329 [1c631bae-68b7-41af-adae-ceb8210a62c8@group-59DA75F51AD2:LeaderElection35] INFO  server.RaftServerConfigKeys (ConfUtils.java:logGet(43)) - raft.server.watch.timeout.denomination = 1s (default)
2019-09-25 05:52:17,329 [1c631bae-68b7-41af-adae-ceb8210a62c8@group-59DA75F51AD2:LeaderElection35] INFO  server.RaftServerConfigKeys (ConfUtils.java:logGet(43)) - raft.server.watch.element-limit = 65536 (default)
2019-09-25 05:52:17,331 [1c631bae-68b7-41af-adae-ceb8210a62c8@group-59DA75F51AD2:LeaderElection35] INFO  impl.RoleInfo (RoleInfo.java:updateAndGet(143)) - 1c631bae-68b7-41af-adae-ceb8210a62c8: start LeaderState
2019-09-25 05:52:17,331 [1c631bae-68b7-41af-adae-ceb8210a62c8@group-59DA75F51AD2:LeaderElection35] INFO  segmented.SegmentedRaftLogWorker (SegmentedRaftLogWorker.java:startLogSegment(380)) - 1c631bae-68b7-41af-adae-ceb8210a62c8@group-59DA75F51AD2-SegmentedRaftLogWorker: Starting segment from index:0
2019-09-25 05:52:17,332 [1c631bae-68b7-41af-adae-ceb8210a62c8@group-59DA75F51AD2:LeaderElection35] INFO  impl.RaftServerImpl (ServerState.java:setRaftConf(354)) - 1c631bae-68b7-41af-adae-ceb8210a62c8@group-59DA75F51AD2: set configuration 0: [1c631bae-68b7-41af-adae-ceb8210a62c8:192.168.5.161:35361], old=null at 0
2019-09-25 05:52:17,349 [Thread-720] INFO  impl.FollowerState (FollowerState.java:run(106)) - 1c631bae-68b7-41af-adae-ceb8210a62c8:group-E56B7FA61CB1 changes to CANDIDATE, lastRpcTime:5160, electionTimeout:5160ms
2019-09-25 05:52:17,350 [Thread-720] INFO  impl.RoleInfo (RoleInfo.java:shutdownFollowerState(121)) - 1c631bae-68b7-41af-adae-ceb8210a62c8: shutdown FollowerState
2019-09-25 05:52:17,350 [Thread-720] INFO  impl.RaftServerImpl (RaftServerImpl.java:setRole(174)) - 1c631bae-68b7-41af-adae-ceb8210a62c8@group-E56B7FA61CB1: changes role from  FOLLOWER to CANDIDATE at term 0 for changeToCandidate
2019-09-25 05:52:17,350 [Thread-720] INFO  impl.RoleInfo (RoleInfo.java:updateAndGet(143)) - 1c631bae-68b7-41af-adae-ceb8210a62c8: start LeaderElection
2019-09-25 05:52:17,361 [Thread-726] INFO  impl.FollowerState (FollowerState.java:run(106)) - 0a80707e-124f-4b7c-988c-2e0ae8f888cc:group-AA20DD2E6B7F changes to CANDIDATE, lastRpcTime:5079, electionTimeout:5072ms
2019-09-25 05:52:17,363 [Thread-726] INFO  impl.RoleInfo (RoleInfo.java:shutdownFollowerState(121)) - 0a80707e-124f-4b7c-988c-2e0ae8f888cc: shutdown FollowerState
2019-09-25 05:52:17,363 [Thread-726] INFO  impl.RaftServerImpl (RaftServerImpl.java:setRole(174)) - 0a80707e-124f-4b7c-988c-2e0ae8f888cc@group-AA20DD2E6B7F: changes role from  FOLLOWER to CANDIDATE at term 0 for changeToCandidate
2019-09-25 05:52:17,363 [Thread-726] INFO  impl.RoleInfo (RoleInfo.java:updateAndGet(143)) - 0a80707e-124f-4b7c-988c-2e0ae8f888cc: start LeaderElection
2019-09-25 05:52:17,376 [1c631bae-68b7-41af-adae-ceb8210a62c8@group-59DA75F51AD2-SegmentedRaftLogWorker] INFO  segmented.SegmentedRaftLogWorker (SegmentedRaftLogWorker.java:execute(569)) - 1c631bae-68b7-41af-adae-ceb8210a62c8@group-59DA75F51AD2-SegmentedRaftLogWorker: created new log segment /workdir/hadoop-ozone/ozonefs/target/test-dir/MiniOzoneClusterImpl-9dde5f9b-6604-4092-bbbb-eb034b8ffd25/datanode-0/data/ratis/678e1c2e-4e1e-4de7-8c45-59da75f51ad2/current/log_inprogress_0
2019-09-25 05:52:17,376 [0a80707e-124f-4b7c-988c-2e0ae8f888cc@group-AA20DD2E6B7F:LeaderElection37] INFO  impl.LeaderElection (LeaderElection.java:askForVotes(182)) - 0a80707e-124f-4b7c-988c-2e0ae8f888cc@group-AA20DD2E6B7F:LeaderElection37: begin an election at term 1 for -1: [0a80707e-124f-4b7c-988c-2e0ae8f888cc:192.168.5.161:44339], old=null
2019-09-25 05:52:17,376 [1c631bae-68b7-41af-adae-ceb8210a62c8@group-E56B7FA61CB1:LeaderElection36] INFO  impl.LeaderElection (LeaderElection.java:askForVotes(182)) - 1c631bae-68b7-41af-adae-ceb8210a62c8@group-E56B7FA61CB1:LeaderElection36: begin an election at term 1 for -1: [1c631bae-68b7-41af-adae-ceb8210a62c8:192.168.5.161:35361], old=null
2019-09-25 05:52:17,376 [0a80707e-124f-4b7c-988c-2e0ae8f888cc@group-AA20DD2E6B7F:LeaderElection37] INFO  impl.RoleInfo (RoleInfo.java:shutdownLeaderElection(134)) - 0a80707e-124f-4b7c-988c-2e0ae8f888cc: shutdown LeaderElection
2019-09-25 05:52:17,376 [1c631bae-68b7-41af-adae-ceb8210a62c8@group-E56B7FA61CB1:LeaderElection36] INFO  impl.RoleInfo (RoleInfo.java:shutdownLeaderElection(134)) - 1c631bae-68b7-41af-adae-ceb8210a62c8: shutdown LeaderElection
2019-09-25 05:52:17,376 [0a80707e-124f-4b7c-988c-2e0ae8f888cc@group-AA20DD2E6B7F:LeaderElection37] INFO  impl.RaftServerImpl (RaftServerImpl.java:setRole(174)) - 0a80707e-124f-4b7c-988c-2e0ae8f888cc@group-AA20DD2E6B7F: changes role from CANDIDATE to LEADER at term 1 for changeToLeader
2019-09-25 05:52:17,376 [1c631bae-68b7-41af-adae-ceb8210a62c8@group-E56B7FA61CB1:LeaderElection36] INFO  impl.RaftServerImpl (RaftServerImpl.java:setRole(174)) - 1c631bae-68b7-41af-adae-ceb8210a62c8@group-E56B7FA61CB1: changes role from CANDIDATE to LEADER at term 1 for changeToLeader
2019-09-25 05:52:17,376 [0a80707e-124f-4b7c-988c-2e0ae8f888cc@group-AA20DD2E6B7F:LeaderElection37] INFO  impl.RaftServerImpl (ServerState.java:setLeader(253)) - 0a80707e-124f-4b7c-988c-2e0ae8f888cc@group-AA20DD2E6B7F: change Leader from null to 0a80707e-124f-4b7c-988c-2e0ae8f888cc at term 1 for becomeLeader, leader elected after 5102ms
2019-09-25 05:52:17,377 [1c631bae-68b7-41af-adae-ceb8210a62c8@group-E56B7FA61CB1:LeaderElection36] INFO  impl.RaftServerImpl (ServerState.java:setLeader(253)) - 1c631bae-68b7-41af-adae-ceb8210a62c8@group-E56B7FA61CB1: change Leader from null to 1c631bae-68b7-41af-adae-ceb8210a62c8 at term 1 for becomeLeader, leader elected after 5193ms
2019-09-25 05:52:17,377 [0a80707e-124f-4b7c-988c-2e0ae8f888cc@group-AA20DD2E6B7F:LeaderElection37] INFO  server.RaftServerConfigKeys (ConfUtils.java:logGet(43)) - raft.server.staging.catchup.gap = 1000 (default)
2019-09-25 05:52:17,377 [1c631bae-68b7-41af-adae-ceb8210a62c8@group-E56B7FA61CB1:LeaderElection36] INFO  server.RaftServerConfigKeys (ConfUtils.java:logGet(43)) - raft.server.staging.catchup.gap = 1000 (default)
2019-09-25 05:52:17,377 [0a80707e-124f-4b7c-988c-2e0ae8f888cc@group-AA20DD2E6B7F:LeaderElection37] INFO  server.RaftServerConfigKeys (ConfUtils.java:logGet(43)) - raft.server.rpc.sleep.time = 25ms (default)
2019-09-25 05:52:17,377 [1c631bae-68b7-41af-adae-ceb8210a62c8@group-E56B7FA61CB1:LeaderElection36] INFO  server.RaftServerConfigKeys (ConfUtils.java:logGet(43)) - raft.server.rpc.sleep.time = 25ms (default)
2019-09-25 05:52:17,377 [0a80707e-124f-4b7c-988c-2e0ae8f888cc@group-AA20DD2E6B7F:LeaderElection37] INFO  server.RaftServerConfigKeys (ConfUtils.java:logGet(43)) - raft.server.write.element-limit = 4096 (default)
2019-09-25 05:52:17,377 [1c631bae-68b7-41af-adae-ceb8210a62c8@group-E56B7FA61CB1:LeaderElection36] INFO  server.RaftServerConfigKeys (ConfUtils.java:logGet(43)) - raft.server.write.element-limit = 4096 (default)
2019-09-25 05:52:17,377 [0a80707e-124f-4b7c-988c-2e0ae8f888cc@group-AA20DD2E6B7F:LeaderElection37] INFO  server.RaftServerConfigKeys (ConfUtils.java:logGet(43)) - raft.server.watch.timeout = 10s (default)
2019-09-25 05:52:17,378 [1c631bae-68b7-41af-adae-ceb8210a62c8@group-E56B7FA61CB1:LeaderElection36] INFO  server.RaftServerConfigKeys (ConfUtils.java:logGet(43)) - raft.server.watch.timeout = 10s (default)
2019-09-25 05:52:17,378 [0a80707e-124f-4b7c-988c-2e0ae8f888cc@group-AA20DD2E6B7F:LeaderElection37] INFO  server.RaftServerConfigKeys (ConfUtils.java:logGet(43)) - raft.server.watch.timeout.denomination = 1s (default)
2019-09-25 05:52:17,378 [1c631bae-68b7-41af-adae-ceb8210a62c8@group-E56B7FA61CB1:LeaderElection36] INFO  server.RaftServerConfigKeys (ConfUtils.java:logGet(43)) - raft.server.watch.timeout.denomination = 1s (default)
2019-09-25 05:52:17,378 [0a80707e-124f-4b7c-988c-2e0ae8f888cc@group-AA20DD2E6B7F:LeaderElection37] INFO  server.RaftServerConfigKeys (ConfUtils.java:logGet(43)) - raft.server.watch.element-limit = 65536 (default)
2019-09-25 05:52:17,378 [1c631bae-68b7-41af-adae-ceb8210a62c8@group-E56B7FA61CB1:LeaderElection36] INFO  server.RaftServerConfigKeys (ConfUtils.java:logGet(43)) - raft.server.watch.element-limit = 65536 (default)
2019-09-25 05:52:17,381 [0a80707e-124f-4b7c-988c-2e0ae8f888cc@group-AA20DD2E6B7F:LeaderElection37] INFO  impl.RoleInfo (RoleInfo.java:updateAndGet(143)) - 0a80707e-124f-4b7c-988c-2e0ae8f888cc: start LeaderState
2019-09-25 05:52:17,381 [0a80707e-124f-4b7c-988c-2e0ae8f888cc@group-AA20DD2E6B7F:LeaderElection37] INFO  segmented.SegmentedRaftLogWorker (SegmentedRaftLogWorker.java:startLogSegment(380)) - 0a80707e-124f-4b7c-988c-2e0ae8f888cc@group-AA20DD2E6B7F-SegmentedRaftLogWorker: Starting segment from index:0
2019-09-25 05:52:17,381 [0a80707e-124f-4b7c-988c-2e0ae8f888cc@group-AA20DD2E6B7F:LeaderElection37] INFO  impl.RaftServerImpl (ServerState.java:setRaftConf(354)) - 0a80707e-124f-4b7c-988c-2e0ae8f888cc@group-AA20DD2E6B7F: set configuration 0: [0a80707e-124f-4b7c-988c-2e0ae8f888cc:192.168.5.161:44339], old=null at 0
2019-09-25 05:52:17,382 [1c631bae-68b7-41af-adae-ceb8210a62c8@group-E56B7FA61CB1:LeaderElection36] INFO  impl.RoleInfo (RoleInfo.java:updateAndGet(143)) - 1c631bae-68b7-41af-adae-ceb8210a62c8: start LeaderState
2019-09-25 05:52:17,382 [1c631bae-68b7-41af-adae-ceb8210a62c8@group-E56B7FA61CB1:LeaderElection36] INFO  segmented.SegmentedRaftLogWorker (SegmentedRaftLogWorker.java:startLogSegment(380)) - 1c631bae-68b7-41af-adae-ceb8210a62c8@group-E56B7FA61CB1-SegmentedRaftLogWorker: Starting segment from index:0
2019-09-25 05:52:17,383 [1c631bae-68b7-41af-adae-ceb8210a62c8@group-E56B7FA61CB1:LeaderElection36] INFO  impl.RaftServerImpl (ServerState.java:setRaftConf(354)) - 1c631bae-68b7-41af-adae-ceb8210a62c8@group-E56B7FA61CB1: set configuration 0: [1c631bae-68b7-41af-adae-ceb8210a62c8:192.168.5.161:35361], old=null at 0
2019-09-25 05:52:17,429 [Thread-735] INFO  impl.FollowerState (FollowerState.java:run(106)) - b5ee1a19-6deb-4763-80dd-59e5108b263a:group-417EEA79A3AF changes to CANDIDATE, lastRpcTime:5009, electionTimeout:5009ms
2019-09-25 05:52:17,429 [Thread-735] INFO  impl.RoleInfo (RoleInfo.java:shutdownFollowerState(121)) - b5ee1a19-6deb-4763-80dd-59e5108b263a: shutdown FollowerState
2019-09-25 05:52:17,429 [Thread-735] INFO  impl.RaftServerImpl (RaftServerImpl.java:setRole(174)) - b5ee1a19-6deb-4763-80dd-59e5108b263a@group-417EEA79A3AF: changes role from  FOLLOWER to CANDIDATE at term 0 for changeToCandidate
2019-09-25 05:52:17,430 [Thread-735] INFO  impl.RoleInfo (RoleInfo.java:updateAndGet(143)) - b5ee1a19-6deb-4763-80dd-59e5108b263a: start LeaderElection
2019-09-25 05:52:17,442 [1c631bae-68b7-41af-adae-ceb8210a62c8@group-E56B7FA61CB1-SegmentedRaftLogWorker] INFO  segmented.SegmentedRaftLogWorker (SegmentedRaftLogWorker.java:execute(569)) - 1c631bae-68b7-41af-adae-ceb8210a62c8@group-E56B7FA61CB1-SegmentedRaftLogWorker: created new log segment /workdir/hadoop-ozone/ozonefs/target/test-dir/MiniOzoneClusterImpl-9dde5f9b-6604-4092-bbbb-eb034b8ffd25/datanode-0/data/ratis/746d2896-077d-487b-b06a-e56b7fa61cb1/current/log_inprogress_0
2019-09-25 05:52:17,442 [0a80707e-124f-4b7c-988c-2e0ae8f888cc@group-AA20DD2E6B7F-SegmentedRaftLogWorker] INFO  segmented.SegmentedRaftLogWorker (SegmentedRaftLogWorker.java:execute(569)) - 0a80707e-124f-4b7c-988c-2e0ae8f888cc@group-AA20DD2E6B7F-SegmentedRaftLogWorker: created new log segment /workdir/hadoop-ozone/ozonefs/target/test-dir/MiniOzoneClusterImpl-9dde5f9b-6604-4092-bbbb-eb034b8ffd25/datanode-1/data/ratis/eaa0c963-b1ab-4e79-b882-aa20dd2e6b7f/current/log_inprogress_0
2019-09-25 05:52:17,457 [b5ee1a19-6deb-4763-80dd-59e5108b263a@group-417EEA79A3AF:LeaderElection38] INFO  impl.LeaderElection (LeaderElection.java:askForVotes(182)) - b5ee1a19-6deb-4763-80dd-59e5108b263a@group-417EEA79A3AF:LeaderElection38: begin an election at term 1 for -1: [b5ee1a19-6deb-4763-80dd-59e5108b263a:192.168.5.161:40020], old=null
2019-09-25 05:52:17,457 [b5ee1a19-6deb-4763-80dd-59e5108b263a@group-417EEA79A3AF:LeaderElection38] INFO  impl.RoleInfo (RoleInfo.java:shutdownLeaderElection(134)) - b5ee1a19-6deb-4763-80dd-59e5108b263a: shutdown LeaderElection
2019-09-25 05:52:17,457 [b5ee1a19-6deb-4763-80dd-59e5108b263a@group-417EEA79A3AF:LeaderElection38] INFO  impl.RaftServerImpl (RaftServerImpl.java:setRole(174)) - b5ee1a19-6deb-4763-80dd-59e5108b263a@group-417EEA79A3AF: changes role from CANDIDATE to LEADER at term 1 for changeToLeader
2019-09-25 05:52:17,457 [b5ee1a19-6deb-4763-80dd-59e5108b263a@group-417EEA79A3AF:LeaderElection38] INFO  impl.RaftServerImpl (ServerState.java:setLeader(253)) - b5ee1a19-6deb-4763-80dd-59e5108b263a@group-417EEA79A3AF: change Leader from null to b5ee1a19-6deb-4763-80dd-59e5108b263a at term 1 for becomeLeader, leader elected after 5046ms
2019-09-25 05:52:17,457 [b5ee1a19-6deb-4763-80dd-59e5108b263a@group-417EEA79A3AF:LeaderElection38] INFO  server.RaftServerConfigKeys (ConfUtils.java:logGet(43)) - raft.server.staging.catchup.gap = 1000 (default)
2019-09-25 05:52:17,457 [b5ee1a19-6deb-4763-80dd-59e5108b263a@group-417EEA79A3AF:LeaderElection38] INFO  server.RaftServerConfigKeys (ConfUtils.java:logGet(43)) - raft.server.rpc.sleep.time = 25ms (default)
2019-09-25 05:52:17,457 [b5ee1a19-6deb-4763-80dd-59e5108b263a@group-417EEA79A3AF:LeaderElection38] INFO  server.RaftServerConfigKeys (ConfUtils.java:logGet(43)) - raft.server.write.element-limit = 4096 (default)
2019-09-25 05:52:17,457 [b5ee1a19-6deb-4763-80dd-59e5108b263a@group-417EEA79A3AF:LeaderElection38] INFO  server.RaftServerConfigKeys (ConfUtils.java:logGet(43)) - raft.server.watch.timeout = 10s (default)
2019-09-25 05:52:17,458 [b5ee1a19-6deb-4763-80dd-59e5108b263a@group-417EEA79A3AF:LeaderElection38] INFO  server.RaftServerConfigKeys (ConfUtils.java:logGet(43)) - raft.server.watch.timeout.denomination = 1s (default)
2019-09-25 05:52:17,458 [b5ee1a19-6deb-4763-80dd-59e5108b263a@group-417EEA79A3AF:LeaderElection38] INFO  server.RaftServerConfigKeys (ConfUtils.java:logGet(43)) - raft.server.watch.element-limit = 65536 (default)
2019-09-25 05:52:17,460 [b5ee1a19-6deb-4763-80dd-59e5108b263a@group-417EEA79A3AF:LeaderElection38] INFO  impl.RoleInfo (RoleInfo.java:updateAndGet(143)) - b5ee1a19-6deb-4763-80dd-59e5108b263a: start LeaderState
2019-09-25 05:52:17,460 [b5ee1a19-6deb-4763-80dd-59e5108b263a@group-417EEA79A3AF:LeaderElection38] INFO  segmented.SegmentedRaftLogWorker (SegmentedRaftLogWorker.java:startLogSegment(380)) - b5ee1a19-6deb-4763-80dd-59e5108b263a@group-417EEA79A3AF-SegmentedRaftLogWorker: Starting segment from index:0
2019-09-25 05:52:17,461 [b5ee1a19-6deb-4763-80dd-59e5108b263a@group-417EEA79A3AF:LeaderElection38] INFO  impl.RaftServerImpl (ServerState.java:setRaftConf(354)) - b5ee1a19-6deb-4763-80dd-59e5108b263a@group-417EEA79A3AF: set configuration 0: [b5ee1a19-6deb-4763-80dd-59e5108b263a:192.168.5.161:40020], old=null at 0
2019-09-25 05:52:17,488 [Thread-732] INFO  impl.FollowerState (FollowerState.java:run(106)) - 0a80707e-124f-4b7c-988c-2e0ae8f888cc:group-658CD85D3F39 changes to CANDIDATE, lastRpcTime:5125, electionTimeout:5125ms
2019-09-25 05:52:17,488 [Thread-732] INFO  impl.RoleInfo (RoleInfo.java:shutdownFollowerState(121)) - 0a80707e-124f-4b7c-988c-2e0ae8f888cc: shutdown FollowerState
2019-09-25 05:52:17,488 [Thread-732] INFO  impl.RaftServerImpl (RaftServerImpl.java:setRole(174)) - 0a80707e-124f-4b7c-988c-2e0ae8f888cc@group-658CD85D3F39: changes role from  FOLLOWER to CANDIDATE at term 0 for changeToCandidate
2019-09-25 05:52:17,488 [Thread-732] INFO  impl.RoleInfo (RoleInfo.java:updateAndGet(143)) - 0a80707e-124f-4b7c-988c-2e0ae8f888cc: start LeaderElection
2019-09-25 05:52:17,500 [Thread-729] INFO  impl.FollowerState (FollowerState.java:run(106)) - 0a80707e-124f-4b7c-988c-2e0ae8f888cc:group-43591FDAFB55 changes to CANDIDATE, lastRpcTime:5172, electionTimeout:5167ms
2019-09-25 05:52:17,503 [Thread-729] INFO  impl.RoleInfo (RoleInfo.java:shutdownFollowerState(121)) - 0a80707e-124f-4b7c-988c-2e0ae8f888cc: shutdown FollowerState
2019-09-25 05:52:17,503 [Thread-729] INFO  impl.RaftServerImpl (RaftServerImpl.java:setRole(174)) - 0a80707e-124f-4b7c-988c-2e0ae8f888cc@group-43591FDAFB55: changes role from  FOLLOWER to CANDIDATE at term 0 for changeToCandidate
2019-09-25 05:52:17,503 [Thread-729] INFO  impl.RoleInfo (RoleInfo.java:updateAndGet(143)) - 0a80707e-124f-4b7c-988c-2e0ae8f888cc: start LeaderElection
2019-09-25 05:52:17,513 [b5ee1a19-6deb-4763-80dd-59e5108b263a@group-417EEA79A3AF-SegmentedRaftLogWorker] INFO  segmented.SegmentedRaftLogWorker (SegmentedRaftLogWorker.java:execute(569)) - b5ee1a19-6deb-4763-80dd-59e5108b263a@group-417EEA79A3AF-SegmentedRaftLogWorker: created new log segment /workdir/hadoop-ozone/ozonefs/target/test-dir/MiniOzoneClusterImpl-9dde5f9b-6604-4092-bbbb-eb034b8ffd25/datanode-2/data/ratis/f221b721-e573-4fa5-8411-417eea79a3af/current/log_inprogress_0
2019-09-25 05:52:17,513 [0a80707e-124f-4b7c-988c-2e0ae8f888cc@group-658CD85D3F39:LeaderElection39] INFO  impl.LeaderElection (LeaderElection.java:askForVotes(182)) - 0a80707e-124f-4b7c-988c-2e0ae8f888cc@group-658CD85D3F39:LeaderElection39: begin an election at term 1 for -1: [0a80707e-124f-4b7c-988c-2e0ae8f888cc:192.168.5.161:44339], old=null
2019-09-25 05:52:17,513 [0a80707e-124f-4b7c-988c-2e0ae8f888cc@group-43591FDAFB55:LeaderElection40] INFO  impl.LeaderElection (LeaderElection.java:askForVotes(182)) - 0a80707e-124f-4b7c-988c-2e0ae8f888cc@group-43591FDAFB55:LeaderElection40: begin an election at term 1 for -1: [0a80707e-124f-4b7c-988c-2e0ae8f888cc:192.168.5.161:44339], old=null
2019-09-25 05:52:17,514 [0a80707e-124f-4b7c-988c-2e0ae8f888cc@group-658CD85D3F39:LeaderElection39] INFO  impl.RoleInfo (RoleInfo.java:shutdownLeaderElection(134)) - 0a80707e-124f-4b7c-988c-2e0ae8f888cc: shutdown LeaderElection
2019-09-25 05:52:17,514 [0a80707e-124f-4b7c-988c-2e0ae8f888cc@group-43591FDAFB55:LeaderElection40] INFO  impl.RoleInfo (RoleInfo.java:shutdownLeaderElection(134)) - 0a80707e-124f-4b7c-988c-2e0ae8f888cc: shutdown LeaderElection
2019-09-25 05:52:17,514 [0a80707e-124f-4b7c-988c-2e0ae8f888cc@group-658CD85D3F39:LeaderElection39] INFO  impl.RaftServerImpl (RaftServerImpl.java:setRole(174)) - 0a80707e-124f-4b7c-988c-2e0ae8f888cc@group-658CD85D3F39: changes role from CANDIDATE to LEADER at term 1 for changeToLeader
2019-09-25 05:52:17,514 [0a80707e-124f-4b7c-988c-2e0ae8f888cc@group-43591FDAFB55:LeaderElection40] INFO  impl.RaftServerImpl (RaftServerImpl.java:setRole(174)) - 0a80707e-124f-4b7c-988c-2e0ae8f888cc@group-43591FDAFB55: changes role from CANDIDATE to LEADER at term 1 for changeToLeader
2019-09-25 05:52:17,514 [0a80707e-124f-4b7c-988c-2e0ae8f888cc@group-658CD85D3F39:LeaderElection39] INFO  impl.RaftServerImpl (ServerState.java:setLeader(253)) - 0a80707e-124f-4b7c-988c-2e0ae8f888cc@group-658CD85D3F39: change Leader from null to 0a80707e-124f-4b7c-988c-2e0ae8f888cc at term 1 for becomeLeader, leader elected after 5157ms
2019-09-25 05:52:17,514 [0a80707e-124f-4b7c-988c-2e0ae8f888cc@group-43591FDAFB55:LeaderElection40] INFO  impl.RaftServerImpl (ServerState.java:setLeader(253)) - 0a80707e-124f-4b7c-988c-2e0ae8f888cc@group-43591FDAFB55: change Leader from null to 0a80707e-124f-4b7c-988c-2e0ae8f888cc at term 1 for becomeLeader, leader elected after 5192ms
2019-09-25 05:52:17,514 [0a80707e-124f-4b7c-988c-2e0ae8f888cc@group-658CD85D3F39:LeaderElection39] INFO  server.RaftServerConfigKeys (ConfUtils.java:logGet(43)) - raft.server.staging.catchup.gap = 1000 (default)
2019-09-25 05:52:17,514 [0a80707e-124f-4b7c-988c-2e0ae8f888cc@group-43591FDAFB55:LeaderElection40] INFO  server.RaftServerConfigKeys (ConfUtils.java:logGet(43)) - raft.server.staging.catchup.gap = 1000 (default)
2019-09-25 05:52:17,515 [0a80707e-124f-4b7c-988c-2e0ae8f888cc@group-658CD85D3F39:LeaderElection39] INFO  server.RaftServerConfigKeys (ConfUtils.java:logGet(43)) - raft.server.rpc.sleep.time = 25ms (default)
2019-09-25 05:52:17,515 [0a80707e-124f-4b7c-988c-2e0ae8f888cc@group-43591FDAFB55:LeaderElection40] INFO  server.RaftServerConfigKeys (ConfUtils.java:logGet(43)) - raft.server.rpc.sleep.time = 25ms (default)
2019-09-25 05:52:17,515 [0a80707e-124f-4b7c-988c-2e0ae8f888cc@group-658CD85D3F39:LeaderElection39] INFO  server.RaftServerConfigKeys (ConfUtils.java:logGet(43)) - raft.server.write.element-limit = 4096 (default)
2019-09-25 05:52:17,515 [0a80707e-124f-4b7c-988c-2e0ae8f888cc@group-43591FDAFB55:LeaderElection40] INFO  server.RaftServerConfigKeys (ConfUtils.java:logGet(43)) - raft.server.write.element-limit = 4096 (default)
2019-09-25 05:52:17,515 [0a80707e-124f-4b7c-988c-2e0ae8f888cc@group-658CD85D3F39:LeaderElection39] INFO  server.RaftServerConfigKeys (ConfUtils.java:logGet(43)) - raft.server.watch.timeout = 10s (default)
2019-09-25 05:52:17,515 [0a80707e-124f-4b7c-988c-2e0ae8f888cc@group-43591FDAFB55:LeaderElection40] INFO  server.RaftServerConfigKeys (ConfUtils.java:logGet(43)) - raft.server.watch.timeout = 10s (default)
2019-09-25 05:52:17,515 [0a80707e-124f-4b7c-988c-2e0ae8f888cc@group-658CD85D3F39:LeaderElection39] INFO  server.RaftServerConfigKeys (ConfUtils.java:logGet(43)) - raft.server.watch.timeout.denomination = 1s (default)
2019-09-25 05:52:17,515 [0a80707e-124f-4b7c-988c-2e0ae8f888cc@group-43591FDAFB55:LeaderElection40] INFO  server.RaftServerConfigKeys (ConfUtils.java:logGet(43)) - raft.server.watch.timeout.denomination = 1s (default)
2019-09-25 05:52:17,516 [0a80707e-124f-4b7c-988c-2e0ae8f888cc@group-658CD85D3F39:LeaderElection39] INFO  server.RaftServerConfigKeys (ConfUtils.java:logGet(43)) - raft.server.watch.element-limit = 65536 (default)
2019-09-25 05:52:17,516 [0a80707e-124f-4b7c-988c-2e0ae8f888cc@group-43591FDAFB55:LeaderElection40] INFO  server.RaftServerConfigKeys (ConfUtils.java:logGet(43)) - raft.server.watch.element-limit = 65536 (default)
2019-09-25 05:52:17,519 [0a80707e-124f-4b7c-988c-2e0ae8f888cc@group-43591FDAFB55:LeaderElection40] INFO  impl.RoleInfo (RoleInfo.java:updateAndGet(143)) - 0a80707e-124f-4b7c-988c-2e0ae8f888cc: start LeaderState
2019-09-25 05:52:17,519 [0a80707e-124f-4b7c-988c-2e0ae8f888cc@group-658CD85D3F39:LeaderElection39] INFO  impl.RoleInfo (RoleInfo.java:updateAndGet(143)) - 0a80707e-124f-4b7c-988c-2e0ae8f888cc: start LeaderState
2019-09-25 05:52:17,519 [0a80707e-124f-4b7c-988c-2e0ae8f888cc@group-43591FDAFB55:LeaderElection40] INFO  segmented.SegmentedRaftLogWorker (SegmentedRaftLogWorker.java:startLogSegment(380)) - 0a80707e-124f-4b7c-988c-2e0ae8f888cc@group-43591FDAFB55-SegmentedRaftLogWorker: Starting segment from index:0
2019-09-25 05:52:17,519 [0a80707e-124f-4b7c-988c-2e0ae8f888cc@group-658CD85D3F39:LeaderElection39] INFO  segmented.SegmentedRaftLogWorker (SegmentedRaftLogWorker.java:startLogSegment(380)) - 0a80707e-124f-4b7c-988c-2e0ae8f888cc@group-658CD85D3F39-SegmentedRaftLogWorker: Starting segment from index:0
2019-09-25 05:52:17,519 [0a80707e-124f-4b7c-988c-2e0ae8f888cc@group-43591FDAFB55:LeaderElection40] INFO  impl.RaftServerImpl (ServerState.java:setRaftConf(354)) - 0a80707e-124f-4b7c-988c-2e0ae8f888cc@group-43591FDAFB55: set configuration 0: [0a80707e-124f-4b7c-988c-2e0ae8f888cc:192.168.5.161:44339], old=null at 0
2019-09-25 05:52:17,520 [0a80707e-124f-4b7c-988c-2e0ae8f888cc@group-658CD85D3F39:LeaderElection39] INFO  impl.RaftServerImpl (ServerState.java:setRaftConf(354)) - 0a80707e-124f-4b7c-988c-2e0ae8f888cc@group-658CD85D3F39: set configuration 0: [0a80707e-124f-4b7c-988c-2e0ae8f888cc:192.168.5.161:44339], old=null at 0
2019-09-25 05:52:17,523 [Thread-738] INFO  impl.FollowerState (FollowerState.java:run(106)) - b5ee1a19-6deb-4763-80dd-59e5108b263a:group-616C61E70414 changes to CANDIDATE, lastRpcTime:5051, electionTimeout:5051ms
2019-09-25 05:52:17,523 [Thread-738] INFO  impl.RoleInfo (RoleInfo.java:shutdownFollowerState(121)) - b5ee1a19-6deb-4763-80dd-59e5108b263a: shutdown FollowerState
2019-09-25 05:52:17,524 [Thread-738] INFO  impl.RaftServerImpl (RaftServerImpl.java:setRole(174)) - b5ee1a19-6deb-4763-80dd-59e5108b263a@group-616C61E70414: changes role from  FOLLOWER to CANDIDATE at term 0 for changeToCandidate
2019-09-25 05:52:17,524 [Thread-738] INFO  impl.RoleInfo (RoleInfo.java:updateAndGet(143)) - b5ee1a19-6deb-4763-80dd-59e5108b263a: start LeaderElection
2019-09-25 05:52:17,582 [0a80707e-124f-4b7c-988c-2e0ae8f888cc@group-658CD85D3F39-SegmentedRaftLogWorker] INFO  segmented.SegmentedRaftLogWorker (SegmentedRaftLogWorker.java:execute(569)) - 0a80707e-124f-4b7c-988c-2e0ae8f888cc@group-658CD85D3F39-SegmentedRaftLogWorker: created new log segment /workdir/hadoop-ozone/ozonefs/target/test-dir/MiniOzoneClusterImpl-9dde5f9b-6604-4092-bbbb-eb034b8ffd25/datanode-1/data/ratis/74a03e88-1ce8-47c5-9bb7-658cd85d3f39/current/log_inprogress_0
2019-09-25 05:52:17,582 [b5ee1a19-6deb-4763-80dd-59e5108b263a@group-616C61E70414:LeaderElection41] INFO  impl.LeaderElection (LeaderElection.java:askForVotes(182)) - b5ee1a19-6deb-4763-80dd-59e5108b263a@group-616C61E70414:LeaderElection41: begin an election at term 1 for -1: [b5ee1a19-6deb-4763-80dd-59e5108b263a:192.168.5.161:40020], old=null
2019-09-25 05:52:17,582 [0a80707e-124f-4b7c-988c-2e0ae8f888cc@group-43591FDAFB55-SegmentedRaftLogWorker] INFO  segmented.SegmentedRaftLogWorker (SegmentedRaftLogWorker.java:execute(569)) - 0a80707e-124f-4b7c-988c-2e0ae8f888cc@group-43591FDAFB55-SegmentedRaftLogWorker: created new log segment /workdir/hadoop-ozone/ozonefs/target/test-dir/MiniOzoneClusterImpl-9dde5f9b-6604-4092-bbbb-eb034b8ffd25/datanode-1/data/ratis/0e3c9c9e-59ae-4663-bee7-43591fdafb55/current/log_inprogress_0
2019-09-25 05:52:17,583 [b5ee1a19-6deb-4763-80dd-59e5108b263a@group-616C61E70414:LeaderElection41] INFO  impl.RoleInfo (RoleInfo.java:shutdownLeaderElection(134)) - b5ee1a19-6deb-4763-80dd-59e5108b263a: shutdown LeaderElection
2019-09-25 05:52:17,583 [b5ee1a19-6deb-4763-80dd-59e5108b263a@group-616C61E70414:LeaderElection41] INFO  impl.RaftServerImpl (RaftServerImpl.java:setRole(174)) - b5ee1a19-6deb-4763-80dd-59e5108b263a@group-616C61E70414: changes role from CANDIDATE to LEADER at term 1 for changeToLeader
2019-09-25 05:52:17,583 [b5ee1a19-6deb-4763-80dd-59e5108b263a@group-616C61E70414:LeaderElection41] INFO  impl.RaftServerImpl (ServerState.java:setLeader(253)) - b5ee1a19-6deb-4763-80dd-59e5108b263a@group-616C61E70414: change Leader from null to b5ee1a19-6deb-4763-80dd-59e5108b263a at term 1 for becomeLeader, leader elected after 5120ms
2019-09-25 05:52:17,583 [b5ee1a19-6deb-4763-80dd-59e5108b263a@group-616C61E70414:LeaderElection41] INFO  server.RaftServerConfigKeys (ConfUtils.java:logGet(43)) - raft.server.staging.catchup.gap = 1000 (default)
2019-09-25 05:52:17,583 [b5ee1a19-6deb-4763-80dd-59e5108b263a@group-616C61E70414:LeaderElection41] INFO  server.RaftServerConfigKeys (ConfUtils.java:logGet(43)) - raft.server.rpc.sleep.time = 25ms (default)
2019-09-25 05:52:17,584 [b5ee1a19-6deb-4763-80dd-59e5108b263a@group-616C61E70414:LeaderElection41] INFO  server.RaftServerConfigKeys (ConfUtils.java:logGet(43)) - raft.server.write.element-limit = 4096 (default)
2019-09-25 05:52:17,584 [b5ee1a19-6deb-4763-80dd-59e5108b263a@group-616C61E70414:LeaderElection41] INFO  server.RaftServerConfigKeys (ConfUtils.java:logGet(43)) - raft.server.watch.timeout = 10s (default)
2019-09-25 05:52:17,584 [b5ee1a19-6deb-4763-80dd-59e5108b263a@group-616C61E70414:LeaderElection41] INFO  server.RaftServerConfigKeys (ConfUtils.java:logGet(43)) - raft.server.watch.timeout.denomination = 1s (default)
2019-09-25 05:52:17,584 [b5ee1a19-6deb-4763-80dd-59e5108b263a@group-616C61E70414:LeaderElection41] INFO  server.RaftServerConfigKeys (ConfUtils.java:logGet(43)) - raft.server.watch.element-limit = 65536 (default)
2019-09-25 05:52:17,588 [b5ee1a19-6deb-4763-80dd-59e5108b263a@group-616C61E70414:LeaderElection41] INFO  impl.RoleInfo (RoleInfo.java:updateAndGet(143)) - b5ee1a19-6deb-4763-80dd-59e5108b263a: start LeaderState
2019-09-25 05:52:17,588 [b5ee1a19-6deb-4763-80dd-59e5108b263a@group-616C61E70414:LeaderElection41] INFO  segmented.SegmentedRaftLogWorker (SegmentedRaftLogWorker.java:startLogSegment(380)) - b5ee1a19-6deb-4763-80dd-59e5108b263a@group-616C61E70414-SegmentedRaftLogWorker: Starting segment from index:0
2019-09-25 05:52:17,588 [b5ee1a19-6deb-4763-80dd-59e5108b263a@group-616C61E70414:LeaderElection41] INFO  impl.RaftServerImpl (ServerState.java:setRaftConf(354)) - b5ee1a19-6deb-4763-80dd-59e5108b263a@group-616C61E70414: set configuration 0: [b5ee1a19-6deb-4763-80dd-59e5108b263a:192.168.5.161:40020], old=null at 0
2019-09-25 05:52:17,644 [b5ee1a19-6deb-4763-80dd-59e5108b263a@group-616C61E70414-SegmentedRaftLogWorker] INFO  segmented.SegmentedRaftLogWorker (SegmentedRaftLogWorker.java:execute(569)) - b5ee1a19-6deb-4763-80dd-59e5108b263a@group-616C61E70414-SegmentedRaftLogWorker: created new log segment /workdir/hadoop-ozone/ozonefs/target/test-dir/MiniOzoneClusterImpl-9dde5f9b-6604-4092-bbbb-eb034b8ffd25/datanode-2/data/ratis/9487e402-27e2-4fff-ab35-616c61e70414/current/log_inprogress_0
2019-09-25 05:52:17,648 [Thread-741] INFO  impl.FollowerState (FollowerState.java:run(106)) - b5ee1a19-6deb-4763-80dd-59e5108b263a:group-32CAEE1A01C0 changes to CANDIDATE, lastRpcTime:5131, electionTimeout:5131ms
2019-09-25 05:52:17,648 [Thread-741] INFO  impl.RoleInfo (RoleInfo.java:shutdownFollowerState(121)) - b5ee1a19-6deb-4763-80dd-59e5108b263a: shutdown FollowerState
2019-09-25 05:52:17,648 [Thread-741] INFO  impl.RaftServerImpl (RaftServerImpl.java:setRole(174)) - b5ee1a19-6deb-4763-80dd-59e5108b263a@group-32CAEE1A01C0: changes role from  FOLLOWER to CANDIDATE at term 0 for changeToCandidate
2019-09-25 05:52:17,649 [Thread-741] INFO  impl.RoleInfo (RoleInfo.java:updateAndGet(143)) - b5ee1a19-6deb-4763-80dd-59e5108b263a: start LeaderElection
2019-09-25 05:52:17,652 [Thread-744] INFO  impl.FollowerState (FollowerState.java:run(106)) - b5ee1a19-6deb-4763-80dd-59e5108b263a:group-C6B2697866C8 changes to CANDIDATE, lastRpcTime:5092, electionTimeout:5092ms
2019-09-25 05:52:17,652 [Thread-744] INFO  impl.RoleInfo (RoleInfo.java:shutdownFollowerState(121)) - b5ee1a19-6deb-4763-80dd-59e5108b263a: shutdown FollowerState
2019-09-25 05:52:17,653 [Thread-744] INFO  impl.RaftServerImpl (RaftServerImpl.java:setRole(174)) - b5ee1a19-6deb-4763-80dd-59e5108b263a@group-C6B2697866C8: changes role from  FOLLOWER to CANDIDATE at term 0 for changeToCandidate
2019-09-25 05:52:17,653 [Thread-744] INFO  impl.RoleInfo (RoleInfo.java:updateAndGet(143)) - b5ee1a19-6deb-4763-80dd-59e5108b263a: start LeaderElection
2019-09-25 05:52:17,670 [b5ee1a19-6deb-4763-80dd-59e5108b263a@group-C6B2697866C8:LeaderElection43] INFO  impl.LeaderElection (LeaderElection.java:askForVotes(182)) - b5ee1a19-6deb-4763-80dd-59e5108b263a@group-C6B2697866C8:LeaderElection43: begin an election at term 1 for -1: [b5ee1a19-6deb-4763-80dd-59e5108b263a:192.168.5.161:40020], old=null
2019-09-25 05:52:17,670 [b5ee1a19-6deb-4763-80dd-59e5108b263a@group-32CAEE1A01C0:LeaderElection42] INFO  impl.LeaderElection (LeaderElection.java:askForVotes(182)) - b5ee1a19-6deb-4763-80dd-59e5108b263a@group-32CAEE1A01C0:LeaderElection42: begin an election at term 1 for -1: [b5ee1a19-6deb-4763-80dd-59e5108b263a:192.168.5.161:40020], old=null
2019-09-25 05:52:17,670 [b5ee1a19-6deb-4763-80dd-59e5108b263a@group-C6B2697866C8:LeaderElection43] INFO  impl.RoleInfo (RoleInfo.java:shutdownLeaderElection(134)) - b5ee1a19-6deb-4763-80dd-59e5108b263a: shutdown LeaderElection
2019-09-25 05:52:17,670 [b5ee1a19-6deb-4763-80dd-59e5108b263a@group-32CAEE1A01C0:LeaderElection42] INFO  impl.RoleInfo (RoleInfo.java:shutdownLeaderElection(134)) - b5ee1a19-6deb-4763-80dd-59e5108b263a: shutdown LeaderElection
2019-09-25 05:52:17,670 [b5ee1a19-6deb-4763-80dd-59e5108b263a@group-C6B2697866C8:LeaderElection43] INFO  impl.RaftServerImpl (RaftServerImpl.java:setRole(174)) - b5ee1a19-6deb-4763-80dd-59e5108b263a@group-C6B2697866C8: changes role from CANDIDATE to LEADER at term 1 for changeToLeader
2019-09-25 05:52:17,670 [b5ee1a19-6deb-4763-80dd-59e5108b263a@group-32CAEE1A01C0:LeaderElection42] INFO  impl.RaftServerImpl (RaftServerImpl.java:setRole(174)) - b5ee1a19-6deb-4763-80dd-59e5108b263a@group-32CAEE1A01C0: changes role from CANDIDATE to LEADER at term 1 for changeToLeader
2019-09-25 05:52:17,671 [b5ee1a19-6deb-4763-80dd-59e5108b263a@group-C6B2697866C8:LeaderElection43] INFO  impl.RaftServerImpl (ServerState.java:setLeader(253)) - b5ee1a19-6deb-4763-80dd-59e5108b263a@group-C6B2697866C8: change Leader from null to b5ee1a19-6deb-4763-80dd-59e5108b263a at term 1 for becomeLeader, leader elected after 5115ms
2019-09-25 05:52:17,671 [b5ee1a19-6deb-4763-80dd-59e5108b263a@group-32CAEE1A01C0:LeaderElection42] INFO  impl.RaftServerImpl (ServerState.java:setLeader(253)) - b5ee1a19-6deb-4763-80dd-59e5108b263a@group-32CAEE1A01C0: change Leader from null to b5ee1a19-6deb-4763-80dd-59e5108b263a at term 1 for becomeLeader, leader elected after 5160ms
2019-09-25 05:52:17,671 [b5ee1a19-6deb-4763-80dd-59e5108b263a@group-C6B2697866C8:LeaderElection43] INFO  server.RaftServerConfigKeys (ConfUtils.java:logGet(43)) - raft.server.staging.catchup.gap = 1000 (default)
2019-09-25 05:52:17,671 [b5ee1a19-6deb-4763-80dd-59e5108b263a@group-32CAEE1A01C0:LeaderElection42] INFO  server.RaftServerConfigKeys (ConfUtils.java:logGet(43)) - raft.server.staging.catchup.gap = 1000 (default)
2019-09-25 05:52:17,671 [b5ee1a19-6deb-4763-80dd-59e5108b263a@group-C6B2697866C8:LeaderElection43] INFO  server.RaftServerConfigKeys (ConfUtils.java:logGet(43)) - raft.server.rpc.sleep.time = 25ms (default)
2019-09-25 05:52:17,671 [b5ee1a19-6deb-4763-80dd-59e5108b263a@group-32CAEE1A01C0:LeaderElection42] INFO  server.RaftServerConfigKeys (ConfUtils.java:logGet(43)) - raft.server.rpc.sleep.time = 25ms (default)
2019-09-25 05:52:17,671 [b5ee1a19-6deb-4763-80dd-59e5108b263a@group-C6B2697866C8:LeaderElection43] INFO  server.RaftServerConfigKeys (ConfUtils.java:logGet(43)) - raft.server.write.element-limit = 4096 (default)
2019-09-25 05:52:17,672 [b5ee1a19-6deb-4763-80dd-59e5108b263a@group-32CAEE1A01C0:LeaderElection42] INFO  server.RaftServerConfigKeys (ConfUtils.java:logGet(43)) - raft.server.write.element-limit = 4096 (default)
2019-09-25 05:52:17,672 [b5ee1a19-6deb-4763-80dd-59e5108b263a@group-C6B2697866C8:LeaderElection43] INFO  server.RaftServerConfigKeys (ConfUtils.java:logGet(43)) - raft.server.watch.timeout = 10s (default)
2019-09-25 05:52:17,672 [b5ee1a19-6deb-4763-80dd-59e5108b263a@group-32CAEE1A01C0:LeaderElection42] INFO  server.RaftServerConfigKeys (ConfUtils.java:logGet(43)) - raft.server.watch.timeout = 10s (default)
2019-09-25 05:52:17,672 [b5ee1a19-6deb-4763-80dd-59e5108b263a@group-C6B2697866C8:LeaderElection43] INFO  server.RaftServerConfigKeys (ConfUtils.java:logGet(43)) - raft.server.watch.timeout.denomination = 1s (default)
2019-09-25 05:52:17,672 [b5ee1a19-6deb-4763-80dd-59e5108b263a@group-32CAEE1A01C0:LeaderElection42] INFO  server.RaftServerConfigKeys (ConfUtils.java:logGet(43)) - raft.server.watch.timeout.denomination = 1s (default)
2019-09-25 05:52:17,672 [b5ee1a19-6deb-4763-80dd-59e5108b263a@group-C6B2697866C8:LeaderElection43] INFO  server.RaftServerConfigKeys (ConfUtils.java:logGet(43)) - raft.server.watch.element-limit = 65536 (default)
2019-09-25 05:52:17,672 [b5ee1a19-6deb-4763-80dd-59e5108b263a@group-32CAEE1A01C0:LeaderElection42] INFO  server.RaftServerConfigKeys (ConfUtils.java:logGet(43)) - raft.server.watch.element-limit = 65536 (default)
2019-09-25 05:52:17,676 [b5ee1a19-6deb-4763-80dd-59e5108b263a@group-32CAEE1A01C0:LeaderElection42] INFO  impl.RoleInfo (RoleInfo.java:updateAndGet(143)) - b5ee1a19-6deb-4763-80dd-59e5108b263a: start LeaderState
2019-09-25 05:52:17,676 [b5ee1a19-6deb-4763-80dd-59e5108b263a@group-32CAEE1A01C0:LeaderElection42] INFO  segmented.SegmentedRaftLogWorker (SegmentedRaftLogWorker.java:startLogSegment(380)) - b5ee1a19-6deb-4763-80dd-59e5108b263a@group-32CAEE1A01C0-SegmentedRaftLogWorker: Starting segment from index:0
2019-09-25 05:52:17,676 [b5ee1a19-6deb-4763-80dd-59e5108b263a@group-C6B2697866C8:LeaderElection43] INFO  impl.RoleInfo (RoleInfo.java:updateAndGet(143)) - b5ee1a19-6deb-4763-80dd-59e5108b263a: start LeaderState
2019-09-25 05:52:17,676 [b5ee1a19-6deb-4763-80dd-59e5108b263a@group-C6B2697866C8:LeaderElection43] INFO  segmented.SegmentedRaftLogWorker (SegmentedRaftLogWorker.java:startLogSegment(380)) - b5ee1a19-6deb-4763-80dd-59e5108b263a@group-C6B2697866C8-SegmentedRaftLogWorker: Starting segment from index:0
2019-09-25 05:52:17,677 [b5ee1a19-6deb-4763-80dd-59e5108b263a@group-32CAEE1A01C0:LeaderElection42] INFO  impl.RaftServerImpl (ServerState.java:setRaftConf(354)) - b5ee1a19-6deb-4763-80dd-59e5108b263a@group-32CAEE1A01C0: set configuration 0: [b5ee1a19-6deb-4763-80dd-59e5108b263a:192.168.5.161:40020], old=null at 0
2019-09-25 05:52:17,677 [b5ee1a19-6deb-4763-80dd-59e5108b263a@group-C6B2697866C8:LeaderElection43] INFO  impl.RaftServerImpl (ServerState.java:setRaftConf(354)) - b5ee1a19-6deb-4763-80dd-59e5108b263a@group-C6B2697866C8: set configuration 0: [b5ee1a19-6deb-4763-80dd-59e5108b263a:192.168.5.161:40020], old=null at 0
2019-09-25 05:52:17,699 [Thread-747] INFO  impl.FollowerState (FollowerState.java:run(106)) - b5ee1a19-6deb-4763-80dd-59e5108b263a:group-AE1AF2153FF9 changes to CANDIDATE, lastRpcTime:5097, electionTimeout:5097ms
2019-09-25 05:52:17,700 [Thread-747] INFO  impl.RoleInfo (RoleInfo.java:shutdownFollowerState(121)) - b5ee1a19-6deb-4763-80dd-59e5108b263a: shutdown FollowerState
2019-09-25 05:52:17,700 [Thread-747] INFO  impl.RaftServerImpl (RaftServerImpl.java:setRole(174)) - b5ee1a19-6deb-4763-80dd-59e5108b263a@group-AE1AF2153FF9: changes role from  FOLLOWER to CANDIDATE at term 0 for changeToCandidate
2019-09-25 05:52:17,700 [Thread-747] INFO  impl.RoleInfo (RoleInfo.java:updateAndGet(143)) - b5ee1a19-6deb-4763-80dd-59e5108b263a: start LeaderElection
2019-09-25 05:52:17,723 [Thread-750] INFO  impl.FollowerState (FollowerState.java:run(106)) - b5ee1a19-6deb-4763-80dd-59e5108b263a:group-D185DB9E6D9C changes to CANDIDATE, lastRpcTime:5088, electionTimeout:5088ms
2019-09-25 05:52:17,723 [Thread-750] INFO  impl.RoleInfo (RoleInfo.java:shutdownFollowerState(121)) - b5ee1a19-6deb-4763-80dd-59e5108b263a: shutdown FollowerState
2019-09-25 05:52:17,723 [Thread-750] INFO  impl.RaftServerImpl (RaftServerImpl.java:setRole(174)) - b5ee1a19-6deb-4763-80dd-59e5108b263a@group-D185DB9E6D9C: changes role from  FOLLOWER to CANDIDATE at term 0 for changeToCandidate
2019-09-25 05:52:17,723 [Thread-750] INFO  impl.RoleInfo (RoleInfo.java:updateAndGet(143)) - b5ee1a19-6deb-4763-80dd-59e5108b263a: start LeaderElection
2019-09-25 05:52:17,735 [b5ee1a19-6deb-4763-80dd-59e5108b263a@group-C6B2697866C8-SegmentedRaftLogWorker] INFO  segmented.SegmentedRaftLogWorker (SegmentedRaftLogWorker.java:execute(569)) - b5ee1a19-6deb-4763-80dd-59e5108b263a@group-C6B2697866C8-SegmentedRaftLogWorker: created new log segment /workdir/hadoop-ozone/ozonefs/target/test-dir/MiniOzoneClusterImpl-9dde5f9b-6604-4092-bbbb-eb034b8ffd25/datanode-2/data/ratis/00d9fdb7-93fd-4810-9066-c6b2697866c8/current/log_inprogress_0
2019-09-25 05:52:17,735 [b5ee1a19-6deb-4763-80dd-59e5108b263a@group-32CAEE1A01C0-SegmentedRaftLogWorker] INFO  segmented.SegmentedRaftLogWorker (SegmentedRaftLogWorker.java:execute(569)) - b5ee1a19-6deb-4763-80dd-59e5108b263a@group-32CAEE1A01C0-SegmentedRaftLogWorker: created new log segment /workdir/hadoop-ozone/ozonefs/target/test-dir/MiniOzoneClusterImpl-9dde5f9b-6604-4092-bbbb-eb034b8ffd25/datanode-2/data/ratis/37dca279-0427-4b0b-9d1a-32caee1a01c0/current/log_inprogress_0
2019-09-25 05:52:17,735 [b5ee1a19-6deb-4763-80dd-59e5108b263a@group-AE1AF2153FF9:LeaderElection44] INFO  impl.LeaderElection (LeaderElection.java:askForVotes(182)) - b5ee1a19-6deb-4763-80dd-59e5108b263a@group-AE1AF2153FF9:LeaderElection44: begin an election at term 1 for -1: [b5ee1a19-6deb-4763-80dd-59e5108b263a:192.168.5.161:40020], old=null
2019-09-25 05:52:17,735 [b5ee1a19-6deb-4763-80dd-59e5108b263a@group-D185DB9E6D9C:LeaderElection45] INFO  impl.LeaderElection (LeaderElection.java:askForVotes(182)) - b5ee1a19-6deb-4763-80dd-59e5108b263a@group-D185DB9E6D9C:LeaderElection45: begin an election at term 1 for -1: [b5ee1a19-6deb-4763-80dd-59e5108b263a:192.168.5.161:40020], old=null
2019-09-25 05:52:17,735 [b5ee1a19-6deb-4763-80dd-59e5108b263a@group-AE1AF2153FF9:LeaderElection44] INFO  impl.RoleInfo (RoleInfo.java:shutdownLeaderElection(134)) - b5ee1a19-6deb-4763-80dd-59e5108b263a: shutdown LeaderElection
2019-09-25 05:52:17,735 [b5ee1a19-6deb-4763-80dd-59e5108b263a@group-D185DB9E6D9C:LeaderElection45] INFO  impl.RoleInfo (RoleInfo.java:shutdownLeaderElection(134)) - b5ee1a19-6deb-4763-80dd-59e5108b263a: shutdown LeaderElection
2019-09-25 05:52:17,735 [b5ee1a19-6deb-4763-80dd-59e5108b263a@group-AE1AF2153FF9:LeaderElection44] INFO  impl.RaftServerImpl (RaftServerImpl.java:setRole(174)) - b5ee1a19-6deb-4763-80dd-59e5108b263a@group-AE1AF2153FF9: changes role from CANDIDATE to LEADER at term 1 for changeToLeader
2019-09-25 05:52:17,736 [b5ee1a19-6deb-4763-80dd-59e5108b263a@group-D185DB9E6D9C:LeaderElection45] INFO  impl.RaftServerImpl (RaftServerImpl.java:setRole(174)) - b5ee1a19-6deb-4763-80dd-59e5108b263a@group-D185DB9E6D9C: changes role from CANDIDATE to LEADER at term 1 for changeToLeader
2019-09-25 05:52:17,736 [b5ee1a19-6deb-4763-80dd-59e5108b263a@group-AE1AF2153FF9:LeaderElection44] INFO  impl.RaftServerImpl (ServerState.java:setLeader(253)) - b5ee1a19-6deb-4763-80dd-59e5108b263a@group-AE1AF2153FF9: change Leader from null to b5ee1a19-6deb-4763-80dd-59e5108b263a at term 1 for becomeLeader, leader elected after 5138ms
2019-09-25 05:52:17,736 [b5ee1a19-6deb-4763-80dd-59e5108b263a@group-D185DB9E6D9C:LeaderElection45] INFO  impl.RaftServerImpl (ServerState.java:setLeader(253)) - b5ee1a19-6deb-4763-80dd-59e5108b263a@group-D185DB9E6D9C: change Leader from null to b5ee1a19-6deb-4763-80dd-59e5108b263a at term 1 for becomeLeader, leader elected after 5106ms
2019-09-25 05:52:17,736 [b5ee1a19-6deb-4763-80dd-59e5108b263a@group-AE1AF2153FF9:LeaderElection44] INFO  server.RaftServerConfigKeys (ConfUtils.java:logGet(43)) - raft.server.staging.catchup.gap = 1000 (default)
2019-09-25 05:52:17,736 [b5ee1a19-6deb-4763-80dd-59e5108b263a@group-D185DB9E6D9C:LeaderElection45] INFO  server.RaftServerConfigKeys (ConfUtils.java:logGet(43)) - raft.server.staging.catchup.gap = 1000 (default)
2019-09-25 05:52:17,736 [b5ee1a19-6deb-4763-80dd-59e5108b263a@group-AE1AF2153FF9:LeaderElection44] INFO  server.RaftServerConfigKeys (ConfUtils.java:logGet(43)) - raft.server.rpc.sleep.time = 25ms (default)
2019-09-25 05:52:17,736 [b5ee1a19-6deb-4763-80dd-59e5108b263a@group-D185DB9E6D9C:LeaderElection45] INFO  server.RaftServerConfigKeys (ConfUtils.java:logGet(43)) - raft.server.rpc.sleep.time = 25ms (default)
2019-09-25 05:52:17,737 [b5ee1a19-6deb-4763-80dd-59e5108b263a@group-AE1AF2153FF9:LeaderElection44] INFO  server.RaftServerConfigKeys (ConfUtils.java:logGet(43)) - raft.server.write.element-limit = 4096 (default)
2019-09-25 05:52:17,737 [b5ee1a19-6deb-4763-80dd-59e5108b263a@group-D185DB9E6D9C:LeaderElection45] INFO  server.RaftServerConfigKeys (ConfUtils.java:logGet(43)) - raft.server.write.element-limit = 4096 (default)
2019-09-25 05:52:17,737 [b5ee1a19-6deb-4763-80dd-59e5108b263a@group-AE1AF2153FF9:LeaderElection44] INFO  server.RaftServerConfigKeys (ConfUtils.java:logGet(43)) - raft.server.watch.timeout = 10s (default)
2019-09-25 05:52:17,737 [b5ee1a19-6deb-4763-80dd-59e5108b263a@group-D185DB9E6D9C:LeaderElection45] INFO  server.RaftServerConfigKeys (ConfUtils.java:logGet(43)) - raft.server.watch.timeout = 10s (default)
2019-09-25 05:52:17,737 [b5ee1a19-6deb-4763-80dd-59e5108b263a@group-AE1AF2153FF9:LeaderElection44] INFO  server.RaftServerConfigKeys (ConfUtils.java:logGet(43)) - raft.server.watch.timeout.denomination = 1s (default)
2019-09-25 05:52:17,737 [b5ee1a19-6deb-4763-80dd-59e5108b263a@group-D185DB9E6D9C:LeaderElection45] INFO  server.RaftServerConfigKeys (ConfUtils.java:logGet(43)) - raft.server.watch.timeout.denomination = 1s (default)
2019-09-25 05:52:17,738 [b5ee1a19-6deb-4763-80dd-59e5108b263a@group-AE1AF2153FF9:LeaderElection44] INFO  server.RaftServerConfigKeys (ConfUtils.java:logGet(43)) - raft.server.watch.element-limit = 65536 (default)
2019-09-25 05:52:17,738 [b5ee1a19-6deb-4763-80dd-59e5108b263a@group-D185DB9E6D9C:LeaderElection45] INFO  server.RaftServerConfigKeys (ConfUtils.java:logGet(43)) - raft.server.watch.element-limit = 65536 (default)
2019-09-25 05:52:17,741 [b5ee1a19-6deb-4763-80dd-59e5108b263a@group-AE1AF2153FF9:LeaderElection44] INFO  impl.RoleInfo (RoleInfo.java:updateAndGet(143)) - b5ee1a19-6deb-4763-80dd-59e5108b263a: start LeaderState
2019-09-25 05:52:17,742 [b5ee1a19-6deb-4763-80dd-59e5108b263a@group-AE1AF2153FF9:LeaderElection44] INFO  segmented.SegmentedRaftLogWorker (SegmentedRaftLogWorker.java:startLogSegment(380)) - b5ee1a19-6deb-4763-80dd-59e5108b263a@group-AE1AF2153FF9-SegmentedRaftLogWorker: Starting segment from index:0
2019-09-25 05:52:17,742 [b5ee1a19-6deb-4763-80dd-59e5108b263a@group-D185DB9E6D9C:LeaderElection45] INFO  impl.RoleInfo (RoleInfo.java:updateAndGet(143)) - b5ee1a19-6deb-4763-80dd-59e5108b263a: start LeaderState
2019-09-25 05:52:17,742 [b5ee1a19-6deb-4763-80dd-59e5108b263a@group-AE1AF2153FF9:LeaderElection44] INFO  impl.RaftServerImpl (ServerState.java:setRaftConf(354)) - b5ee1a19-6deb-4763-80dd-59e5108b263a@group-AE1AF2153FF9: set configuration 0: [b5ee1a19-6deb-4763-80dd-59e5108b263a:192.168.5.161:40020], old=null at 0
2019-09-25 05:52:17,742 [b5ee1a19-6deb-4763-80dd-59e5108b263a@group-D185DB9E6D9C:LeaderElection45] INFO  segmented.SegmentedRaftLogWorker (SegmentedRaftLogWorker.java:startLogSegment(380)) - b5ee1a19-6deb-4763-80dd-59e5108b263a@group-D185DB9E6D9C-SegmentedRaftLogWorker: Starting segment from index:0
2019-09-25 05:52:17,743 [b5ee1a19-6deb-4763-80dd-59e5108b263a@group-D185DB9E6D9C:LeaderElection45] INFO  impl.RaftServerImpl (ServerState.java:setRaftConf(354)) - b5ee1a19-6deb-4763-80dd-59e5108b263a@group-D185DB9E6D9C: set configuration 0: [b5ee1a19-6deb-4763-80dd-59e5108b263a:192.168.5.161:40020], old=null at 0
2019-09-25 05:52:17,796 [b5ee1a19-6deb-4763-80dd-59e5108b263a@group-AE1AF2153FF9-SegmentedRaftLogWorker] INFO  segmented.SegmentedRaftLogWorker (SegmentedRaftLogWorker.java:execute(569)) - b5ee1a19-6deb-4763-80dd-59e5108b263a@group-AE1AF2153FF9-SegmentedRaftLogWorker: created new log segment /workdir/hadoop-ozone/ozonefs/target/test-dir/MiniOzoneClusterImpl-9dde5f9b-6604-4092-bbbb-eb034b8ffd25/datanode-2/data/ratis/dceaa874-608e-4e51-b062-ae1af2153ff9/current/log_inprogress_0
2019-09-25 05:52:17,796 [b5ee1a19-6deb-4763-80dd-59e5108b263a@group-D185DB9E6D9C-SegmentedRaftLogWorker] INFO  segmented.SegmentedRaftLogWorker (SegmentedRaftLogWorker.java:execute(569)) - b5ee1a19-6deb-4763-80dd-59e5108b263a@group-D185DB9E6D9C-SegmentedRaftLogWorker: created new log segment /workdir/hadoop-ozone/ozonefs/target/test-dir/MiniOzoneClusterImpl-9dde5f9b-6604-4092-bbbb-eb034b8ffd25/datanode-2/data/ratis/0afa8c51-c70e-4dbf-bfc7-d185db9e6d9c/current/log_inprogress_0
2019-09-25 05:52:18,186 [Thread-525] INFO  ozoneimpl.OzoneContainer (OzoneContainer.java:stop(231)) - Attempting to stop container services.
2019-09-25 05:52:18,186 [ForkJoinPool.commonPool-worker-1] INFO  ozoneimpl.OzoneContainer (OzoneContainer.java:stop(231)) - Attempting to stop container services.
2019-09-25 05:52:18,187 [Thread-525] INFO  impl.RaftServerProxy (RaftServerProxy.java:lambda$close$4(314)) - 0a80707e-124f-4b7c-988c-2e0ae8f888cc: close
2019-09-25 05:52:18,187 [ForkJoinPool.commonPool-worker-1] INFO  impl.RaftServerProxy (RaftServerProxy.java:lambda$close$4(314)) - 1c631bae-68b7-41af-adae-ceb8210a62c8: close
2019-09-25 05:52:18,187 [Thread-525] INFO  impl.RaftServerImpl (RaftServerImpl.java:lambda$shutdown$3(251)) - 0a80707e-124f-4b7c-988c-2e0ae8f888cc@group-560D1E5FF9D4: shutdown
2019-09-25 05:52:18,188 [ForkJoinPool.commonPool-worker-1] INFO  impl.RaftServerImpl (RaftServerImpl.java:lambda$shutdown$3(251)) - 1c631bae-68b7-41af-adae-ceb8210a62c8@group-0D5C4BDF2E0B: shutdown
2019-09-25 05:52:18,188 [Thread-525] INFO  util.JmxRegister (JmxRegister.java:unregister(73)) - Successfully un-registered JMX Bean with object name Ratis:service=RaftServer,group=group-560D1E5FF9D4,id=0a80707e-124f-4b7c-988c-2e0ae8f888cc
2019-09-25 05:52:18,188 [ForkJoinPool.commonPool-worker-1] INFO  util.JmxRegister (JmxRegister.java:unregister(73)) - Successfully un-registered JMX Bean with object name Ratis:service=RaftServer,group=group-0D5C4BDF2E0B,id=1c631bae-68b7-41af-adae-ceb8210a62c8
2019-09-25 05:52:18,189 [Thread-525] INFO  impl.RoleInfo (RoleInfo.java:shutdownLeaderState(104)) - 0a80707e-124f-4b7c-988c-2e0ae8f888cc: shutdown LeaderState
2019-09-25 05:52:18,189 [ForkJoinPool.commonPool-worker-1] INFO  impl.RoleInfo (RoleInfo.java:shutdownLeaderState(104)) - 1c631bae-68b7-41af-adae-ceb8210a62c8: shutdown LeaderState
2019-09-25 05:52:18,189 [Thread-525] INFO  impl.PendingRequests (PendingRequests.java:sendNotLeaderResponses(202)) - 0a80707e-124f-4b7c-988c-2e0ae8f888cc-PendingRequests: sendNotLeaderResponses
2019-09-25 05:52:18,190 [ForkJoinPool.commonPool-worker-1] INFO  impl.PendingRequests (PendingRequests.java:sendNotLeaderResponses(202)) - 1c631bae-68b7-41af-adae-ceb8210a62c8-PendingRequests: sendNotLeaderResponses
2019-09-25 05:52:18,190 [Thread-525] INFO  impl.StateMachineUpdater (StateMachineUpdater.java:stopAndJoin(125)) - 0a80707e-124f-4b7c-988c-2e0ae8f888cc@group-560D1E5FF9D4-StateMachineUpdater: set stopIndex = 0
2019-09-25 05:52:18,191 [Thread-525] INFO  impl.RaftServerImpl (ServerState.java:close(385)) - 0a80707e-124f-4b7c-988c-2e0ae8f888cc@group-560D1E5FF9D4: closes. applyIndex: 0
2019-09-25 05:52:18,190 [ForkJoinPool.commonPool-worker-1] INFO  impl.StateMachineUpdater (StateMachineUpdater.java:stopAndJoin(125)) - 1c631bae-68b7-41af-adae-ceb8210a62c8@group-0D5C4BDF2E0B-StateMachineUpdater: set stopIndex = 0
2019-09-25 05:52:18,191 [0a80707e-124f-4b7c-988c-2e0ae8f888cc@group-560D1E5FF9D4-SegmentedRaftLogWorker] INFO  segmented.SegmentedRaftLogWorker (SegmentedRaftLogWorker.java:run(313)) - 0a80707e-124f-4b7c-988c-2e0ae8f888cc@group-560D1E5FF9D4-SegmentedRaftLogWorker was interrupted, exiting. There are 0 tasks remaining in the queue.
2019-09-25 05:52:18,192 [ForkJoinPool.commonPool-worker-1] INFO  impl.RaftServerImpl (ServerState.java:close(385)) - 1c631bae-68b7-41af-adae-ceb8210a62c8@group-0D5C4BDF2E0B: closes. applyIndex: 0
2019-09-25 05:52:18,192 [Thread-525] INFO  segmented.SegmentedRaftLogWorker (SegmentedRaftLogWorker.java:close(228)) - 0a80707e-124f-4b7c-988c-2e0ae8f888cc@group-560D1E5FF9D4-SegmentedRaftLogWorker close()
2019-09-25 05:52:18,192 [1c631bae-68b7-41af-adae-ceb8210a62c8@group-0D5C4BDF2E0B-SegmentedRaftLogWorker] INFO  segmented.SegmentedRaftLogWorker (SegmentedRaftLogWorker.java:run(313)) - 1c631bae-68b7-41af-adae-ceb8210a62c8@group-0D5C4BDF2E0B-SegmentedRaftLogWorker was interrupted, exiting. There are 0 tasks remaining in the queue.
2019-09-25 05:52:18,195 [Thread-525] INFO  impl.RaftServerImpl (RaftServerImpl.java:lambda$shutdown$3(251)) - 0a80707e-124f-4b7c-988c-2e0ae8f888cc@group-AA20DD2E6B7F: shutdown
2019-09-25 05:52:18,195 [ForkJoinPool.commonPool-worker-1] INFO  segmented.SegmentedRaftLogWorker (SegmentedRaftLogWorker.java:close(228)) - 1c631bae-68b7-41af-adae-ceb8210a62c8@group-0D5C4BDF2E0B-SegmentedRaftLogWorker close()
2019-09-25 05:52:18,196 [Thread-525] INFO  util.JmxRegister (JmxRegister.java:unregister(73)) - Successfully un-registered JMX Bean with object name Ratis:service=RaftServer,group=group-AA20DD2E6B7F,id=0a80707e-124f-4b7c-988c-2e0ae8f888cc
2019-09-25 05:52:18,198 [ForkJoinPool.commonPool-worker-1] INFO  impl.RaftServerImpl (RaftServerImpl.java:lambda$shutdown$3(251)) - 1c631bae-68b7-41af-adae-ceb8210a62c8@group-00D239515A28: shutdown
2019-09-25 05:52:18,198 [Thread-525] INFO  impl.RoleInfo (RoleInfo.java:shutdownLeaderState(104)) - 0a80707e-124f-4b7c-988c-2e0ae8f888cc: shutdown LeaderState
2019-09-25 05:52:18,198 [ForkJoinPool.commonPool-worker-1] INFO  util.JmxRegister (JmxRegister.java:unregister(73)) - Successfully un-registered JMX Bean with object name Ratis:service=RaftServer,group=group-00D239515A28,id=1c631bae-68b7-41af-adae-ceb8210a62c8
2019-09-25 05:52:18,199 [Thread-525] INFO  impl.PendingRequests (PendingRequests.java:sendNotLeaderResponses(202)) - 0a80707e-124f-4b7c-988c-2e0ae8f888cc-PendingRequests: sendNotLeaderResponses
2019-09-25 05:52:18,199 [ForkJoinPool.commonPool-worker-1] INFO  impl.RoleInfo (RoleInfo.java:shutdownLeaderState(104)) - 1c631bae-68b7-41af-adae-ceb8210a62c8: shutdown LeaderState
2019-09-25 05:52:18,200 [Thread-525] INFO  impl.StateMachineUpdater (StateMachineUpdater.java:stopAndJoin(125)) - 0a80707e-124f-4b7c-988c-2e0ae8f888cc@group-AA20DD2E6B7F-StateMachineUpdater: set stopIndex = 0
2019-09-25 05:52:18,200 [ForkJoinPool.commonPool-worker-1] INFO  impl.PendingRequests (PendingRequests.java:sendNotLeaderResponses(202)) - 1c631bae-68b7-41af-adae-ceb8210a62c8-PendingRequests: sendNotLeaderResponses
2019-09-25 05:52:18,200 [Thread-525] INFO  impl.RaftServerImpl (ServerState.java:close(385)) - 0a80707e-124f-4b7c-988c-2e0ae8f888cc@group-AA20DD2E6B7F: closes. applyIndex: 0
2019-09-25 05:52:18,201 [ForkJoinPool.commonPool-worker-1] INFO  impl.StateMachineUpdater (StateMachineUpdater.java:stopAndJoin(125)) - 1c631bae-68b7-41af-adae-ceb8210a62c8@group-00D239515A28-StateMachineUpdater: set stopIndex = 0
2019-09-25 05:52:18,201 [0a80707e-124f-4b7c-988c-2e0ae8f888cc@group-AA20DD2E6B7F-SegmentedRaftLogWorker] INFO  segmented.SegmentedRaftLogWorker (SegmentedRaftLogWorker.java:run(313)) - 0a80707e-124f-4b7c-988c-2e0ae8f888cc@group-AA20DD2E6B7F-SegmentedRaftLogWorker was interrupted, exiting. There are 0 tasks remaining in the queue.
2019-09-25 05:52:18,201 [ForkJoinPool.commonPool-worker-1] INFO  impl.RaftServerImpl (ServerState.java:close(385)) - 1c631bae-68b7-41af-adae-ceb8210a62c8@group-00D239515A28: closes. applyIndex: 0
2019-09-25 05:52:18,202 [Thread-525] INFO  segmented.SegmentedRaftLogWorker (SegmentedRaftLogWorker.java:close(228)) - 0a80707e-124f-4b7c-988c-2e0ae8f888cc@group-AA20DD2E6B7F-SegmentedRaftLogWorker close()
2019-09-25 05:52:18,202 [1c631bae-68b7-41af-adae-ceb8210a62c8@group-00D239515A28-SegmentedRaftLogWorker] INFO  segmented.SegmentedRaftLogWorker (SegmentedRaftLogWorker.java:run(313)) - 1c631bae-68b7-41af-adae-ceb8210a62c8@group-00D239515A28-SegmentedRaftLogWorker was interrupted, exiting. There are 0 tasks remaining in the queue.
2019-09-25 05:52:18,204 [Thread-525] INFO  impl.RaftServerImpl (RaftServerImpl.java:lambda$shutdown$3(251)) - 0a80707e-124f-4b7c-988c-2e0ae8f888cc@group-658CD85D3F39: shutdown
2019-09-25 05:52:18,204 [ForkJoinPool.commonPool-worker-1] INFO  segmented.SegmentedRaftLogWorker (SegmentedRaftLogWorker.java:close(228)) - 1c631bae-68b7-41af-adae-ceb8210a62c8@group-00D239515A28-SegmentedRaftLogWorker close()
2019-09-25 05:52:18,205 [Thread-525] INFO  util.JmxRegister (JmxRegister.java:unregister(73)) - Successfully un-registered JMX Bean with object name Ratis:service=RaftServer,group=group-658CD85D3F39,id=0a80707e-124f-4b7c-988c-2e0ae8f888cc
2019-09-25 05:52:18,207 [ForkJoinPool.commonPool-worker-1] INFO  impl.RaftServerImpl (RaftServerImpl.java:lambda$shutdown$3(251)) - 1c631bae-68b7-41af-adae-ceb8210a62c8@group-59DA75F51AD2: shutdown
2019-09-25 05:52:18,207 [Thread-525] INFO  impl.RoleInfo (RoleInfo.java:shutdownLeaderState(104)) - 0a80707e-124f-4b7c-988c-2e0ae8f888cc: shutdown LeaderState
2019-09-25 05:52:18,207 [ForkJoinPool.commonPool-worker-1] INFO  util.JmxRegister (JmxRegister.java:unregister(73)) - Successfully un-registered JMX Bean with object name Ratis:service=RaftServer,group=group-59DA75F51AD2,id=1c631bae-68b7-41af-adae-ceb8210a62c8
2019-09-25 05:52:18,208 [Thread-525] INFO  impl.PendingRequests (PendingRequests.java:sendNotLeaderResponses(202)) - 0a80707e-124f-4b7c-988c-2e0ae8f888cc-PendingRequests: sendNotLeaderResponses
2019-09-25 05:52:18,208 [ForkJoinPool.commonPool-worker-1] INFO  impl.RoleInfo (RoleInfo.java:shutdownLeaderState(104)) - 1c631bae-68b7-41af-adae-ceb8210a62c8: shutdown LeaderState
2019-09-25 05:52:18,208 [Thread-525] INFO  impl.StateMachineUpdater (StateMachineUpdater.java:stopAndJoin(125)) - 0a80707e-124f-4b7c-988c-2e0ae8f888cc@group-658CD85D3F39-StateMachineUpdater: set stopIndex = 0
2019-09-25 05:52:18,209 [ForkJoinPool.commonPool-worker-1] INFO  impl.PendingRequests (PendingRequests.java:sendNotLeaderResponses(202)) - 1c631bae-68b7-41af-adae-ceb8210a62c8-PendingRequests: sendNotLeaderResponses
2019-09-25 05:52:18,209 [Thread-525] INFO  impl.RaftServerImpl (ServerState.java:close(385)) - 0a80707e-124f-4b7c-988c-2e0ae8f888cc@group-658CD85D3F39: closes. applyIndex: 0
2019-09-25 05:52:18,209 [ForkJoinPool.commonPool-worker-1] INFO  impl.StateMachineUpdater (StateMachineUpdater.java:stopAndJoin(125)) - 1c631bae-68b7-41af-adae-ceb8210a62c8@group-59DA75F51AD2-StateMachineUpdater: set stopIndex = 0
2019-09-25 05:52:18,210 [0a80707e-124f-4b7c-988c-2e0ae8f888cc@group-658CD85D3F39-SegmentedRaftLogWorker] INFO  segmented.SegmentedRaftLogWorker (SegmentedRaftLogWorker.java:run(313)) - 0a80707e-124f-4b7c-988c-2e0ae8f888cc@group-658CD85D3F39-SegmentedRaftLogWorker was interrupted, exiting. There are 0 tasks remaining in the queue.
2019-09-25 05:52:18,210 [ForkJoinPool.commonPool-worker-1] INFO  impl.RaftServerImpl (ServerState.java:close(385)) - 1c631bae-68b7-41af-adae-ceb8210a62c8@group-59DA75F51AD2: closes. applyIndex: 0
2019-09-25 05:52:18,210 [Thread-525] INFO  segmented.SegmentedRaftLogWorker (SegmentedRaftLogWorker.java:close(228)) - 0a80707e-124f-4b7c-988c-2e0ae8f888cc@group-658CD85D3F39-SegmentedRaftLogWorker close()
2019-09-25 05:52:18,210 [1c631bae-68b7-41af-adae-ceb8210a62c8@group-59DA75F51AD2-SegmentedRaftLogWorker] INFO  segmented.SegmentedRaftLogWorker (SegmentedRaftLogWorker.java:run(313)) - 1c631bae-68b7-41af-adae-ceb8210a62c8@group-59DA75F51AD2-SegmentedRaftLogWorker was interrupted, exiting. There are 0 tasks remaining in the queue.
2019-09-25 05:52:18,212 [Thread-525] INFO  impl.RaftServerImpl (RaftServerImpl.java:lambda$shutdown$3(251)) - 0a80707e-124f-4b7c-988c-2e0ae8f888cc@group-23E25B56B804: shutdown
2019-09-25 05:52:18,213 [ForkJoinPool.commonPool-worker-1] INFO  segmented.SegmentedRaftLogWorker (SegmentedRaftLogWorker.java:close(228)) - 1c631bae-68b7-41af-adae-ceb8210a62c8@group-59DA75F51AD2-SegmentedRaftLogWorker close()
2019-09-25 05:52:18,213 [Thread-525] INFO  util.JmxRegister (JmxRegister.java:unregister(73)) - Successfully un-registered JMX Bean with object name Ratis:service=RaftServer,group=group-23E25B56B804,id=0a80707e-124f-4b7c-988c-2e0ae8f888cc
2019-09-25 05:52:18,215 [ForkJoinPool.commonPool-worker-1] INFO  impl.RaftServerImpl (RaftServerImpl.java:lambda$shutdown$3(251)) - 1c631bae-68b7-41af-adae-ceb8210a62c8@group-4DC8E7B9A8D2: shutdown
2019-09-25 05:52:18,215 [Thread-525] INFO  impl.RoleInfo (RoleInfo.java:shutdownLeaderState(104)) - 0a80707e-124f-4b7c-988c-2e0ae8f888cc: shutdown LeaderState
2019-09-25 05:52:18,216 [ForkJoinPool.commonPool-worker-1] INFO  util.JmxRegister (JmxRegister.java:unregister(73)) - Successfully un-registered JMX Bean with object name Ratis:service=RaftServer,group=group-4DC8E7B9A8D2,id=1c631bae-68b7-41af-adae-ceb8210a62c8
2019-09-25 05:52:18,216 [Thread-525] INFO  impl.PendingRequests (PendingRequests.java:sendNotLeaderResponses(202)) - 0a80707e-124f-4b7c-988c-2e0ae8f888cc-PendingRequests: sendNotLeaderResponses
2019-09-25 05:52:18,216 [ForkJoinPool.commonPool-worker-1] INFO  impl.RoleInfo (RoleInfo.java:shutdownLeaderState(104)) - 1c631bae-68b7-41af-adae-ceb8210a62c8: shutdown LeaderState
2019-09-25 05:52:18,217 [ForkJoinPool.commonPool-worker-1] INFO  impl.PendingRequests (PendingRequests.java:sendNotLeaderResponses(202)) - 1c631bae-68b7-41af-adae-ceb8210a62c8-PendingRequests: sendNotLeaderResponses
2019-09-25 05:52:18,217 [Thread-525] INFO  impl.StateMachineUpdater (StateMachineUpdater.java:stopAndJoin(125)) - 0a80707e-124f-4b7c-988c-2e0ae8f888cc@group-23E25B56B804-StateMachineUpdater: set stopIndex = 0
2019-09-25 05:52:18,217 [ForkJoinPool.commonPool-worker-1] INFO  impl.StateMachineUpdater (StateMachineUpdater.java:stopAndJoin(125)) - 1c631bae-68b7-41af-adae-ceb8210a62c8@group-4DC8E7B9A8D2-StateMachineUpdater: set stopIndex = 0
2019-09-25 05:52:18,218 [Thread-525] INFO  impl.RaftServerImpl (ServerState.java:close(385)) - 0a80707e-124f-4b7c-988c-2e0ae8f888cc@group-23E25B56B804: closes. applyIndex: 0
2019-09-25 05:52:18,218 [ForkJoinPool.commonPool-worker-1] INFO  impl.RaftServerImpl (ServerState.java:close(385)) - 1c631bae-68b7-41af-adae-ceb8210a62c8@group-4DC8E7B9A8D2: closes. applyIndex: 0
2019-09-25 05:52:18,219 [0a80707e-124f-4b7c-988c-2e0ae8f888cc@group-23E25B56B804-SegmentedRaftLogWorker] INFO  segmented.SegmentedRaftLogWorker (SegmentedRaftLogWorker.java:run(313)) - 0a80707e-124f-4b7c-988c-2e0ae8f888cc@group-23E25B56B804-SegmentedRaftLogWorker was interrupted, exiting. There are 0 tasks remaining in the queue.
2019-09-25 05:52:18,219 [1c631bae-68b7-41af-adae-ceb8210a62c8@group-4DC8E7B9A8D2-SegmentedRaftLogWorker] INFO  segmented.SegmentedRaftLogWorker (SegmentedRaftLogWorker.java:run(313)) - 1c631bae-68b7-41af-adae-ceb8210a62c8@group-4DC8E7B9A8D2-SegmentedRaftLogWorker was interrupted, exiting. There are 0 tasks remaining in the queue.
2019-09-25 05:52:18,219 [Thread-525] INFO  segmented.SegmentedRaftLogWorker (SegmentedRaftLogWorker.java:close(228)) - 0a80707e-124f-4b7c-988c-2e0ae8f888cc@group-23E25B56B804-SegmentedRaftLogWorker close()
2019-09-25 05:52:18,219 [ForkJoinPool.commonPool-worker-1] INFO  segmented.SegmentedRaftLogWorker (SegmentedRaftLogWorker.java:close(228)) - 1c631bae-68b7-41af-adae-ceb8210a62c8@group-4DC8E7B9A8D2-SegmentedRaftLogWorker close()
2019-09-25 05:52:18,221 [Thread-525] INFO  impl.RaftServerImpl (RaftServerImpl.java:lambda$shutdown$3(251)) - 0a80707e-124f-4b7c-988c-2e0ae8f888cc@group-43591FDAFB55: shutdown
2019-09-25 05:52:18,223 [ForkJoinPool.commonPool-worker-1] INFO  impl.RaftServerImpl (RaftServerImpl.java:lambda$shutdown$3(251)) - 1c631bae-68b7-41af-adae-ceb8210a62c8@group-E56B7FA61CB1: shutdown
2019-09-25 05:52:18,223 [Thread-525] INFO  util.JmxRegister (JmxRegister.java:unregister(73)) - Successfully un-registered JMX Bean with object name Ratis:service=RaftServer,group=group-43591FDAFB55,id=0a80707e-124f-4b7c-988c-2e0ae8f888cc
2019-09-25 05:52:18,224 [ForkJoinPool.commonPool-worker-1] INFO  util.JmxRegister (JmxRegister.java:unregister(73)) - Successfully un-registered JMX Bean with object name Ratis:service=RaftServer,group=group-E56B7FA61CB1,id=1c631bae-68b7-41af-adae-ceb8210a62c8
2019-09-25 05:52:18,224 [Thread-525] INFO  impl.RoleInfo (RoleInfo.java:shutdownLeaderState(104)) - 0a80707e-124f-4b7c-988c-2e0ae8f888cc: shutdown LeaderState
2019-09-25 05:52:18,224 [ForkJoinPool.commonPool-worker-1] INFO  impl.RoleInfo (RoleInfo.java:shutdownLeaderState(104)) - 1c631bae-68b7-41af-adae-ceb8210a62c8: shutdown LeaderState
2019-09-25 05:52:18,225 [Thread-525] INFO  impl.PendingRequests (PendingRequests.java:sendNotLeaderResponses(202)) - 0a80707e-124f-4b7c-988c-2e0ae8f888cc-PendingRequests: sendNotLeaderResponses
2019-09-25 05:52:18,225 [ForkJoinPool.commonPool-worker-1] INFO  impl.PendingRequests (PendingRequests.java:sendNotLeaderResponses(202)) - 1c631bae-68b7-41af-adae-ceb8210a62c8-PendingRequests: sendNotLeaderResponses
2019-09-25 05:52:18,226 [Thread-525] INFO  impl.StateMachineUpdater (StateMachineUpdater.java:stopAndJoin(125)) - 0a80707e-124f-4b7c-988c-2e0ae8f888cc@group-43591FDAFB55-StateMachineUpdater: set stopIndex = 0
2019-09-25 05:52:18,226 [ForkJoinPool.commonPool-worker-1] INFO  impl.StateMachineUpdater (StateMachineUpdater.java:stopAndJoin(125)) - 1c631bae-68b7-41af-adae-ceb8210a62c8@group-E56B7FA61CB1-StateMachineUpdater: set stopIndex = 0
2019-09-25 05:52:18,226 [Thread-525] INFO  impl.RaftServerImpl (ServerState.java:close(385)) - 0a80707e-124f-4b7c-988c-2e0ae8f888cc@group-43591FDAFB55: closes. applyIndex: 0
2019-09-25 05:52:18,227 [ForkJoinPool.commonPool-worker-1] INFO  impl.RaftServerImpl (ServerState.java:close(385)) - 1c631bae-68b7-41af-adae-ceb8210a62c8@group-E56B7FA61CB1: closes. applyIndex: 0
2019-09-25 05:52:18,227 [0a80707e-124f-4b7c-988c-2e0ae8f888cc@group-43591FDAFB55-SegmentedRaftLogWorker] INFO  segmented.SegmentedRaftLogWorker (SegmentedRaftLogWorker.java:run(313)) - 0a80707e-124f-4b7c-988c-2e0ae8f888cc@group-43591FDAFB55-SegmentedRaftLogWorker was interrupted, exiting. There are 0 tasks remaining in the queue.
2019-09-25 05:52:18,227 [1c631bae-68b7-41af-adae-ceb8210a62c8@group-E56B7FA61CB1-SegmentedRaftLogWorker] INFO  segmented.SegmentedRaftLogWorker (SegmentedRaftLogWorker.java:run(313)) - 1c631bae-68b7-41af-adae-ceb8210a62c8@group-E56B7FA61CB1-SegmentedRaftLogWorker was interrupted, exiting. There are 0 tasks remaining in the queue.
2019-09-25 05:52:18,227 [Thread-525] INFO  segmented.SegmentedRaftLogWorker (SegmentedRaftLogWorker.java:close(228)) - 0a80707e-124f-4b7c-988c-2e0ae8f888cc@group-43591FDAFB55-SegmentedRaftLogWorker close()
2019-09-25 05:52:18,228 [ForkJoinPool.commonPool-worker-1] INFO  segmented.SegmentedRaftLogWorker (SegmentedRaftLogWorker.java:close(228)) - 1c631bae-68b7-41af-adae-ceb8210a62c8@group-E56B7FA61CB1-SegmentedRaftLogWorker close()
2019-09-25 05:52:18,230 [Thread-525] INFO  impl.RaftServerImpl (RaftServerImpl.java:lambda$shutdown$3(251)) - 0a80707e-124f-4b7c-988c-2e0ae8f888cc@group-FE3488451BD7: shutdown
2019-09-25 05:52:18,232 [ForkJoinPool.commonPool-worker-1] INFO  impl.RaftServerImpl (RaftServerImpl.java:lambda$shutdown$3(251)) - 1c631bae-68b7-41af-adae-ceb8210a62c8@group-0FF8D3619E03: shutdown
2019-09-25 05:52:18,232 [Thread-525] INFO  util.JmxRegister (JmxRegister.java:unregister(73)) - Successfully un-registered JMX Bean with object name Ratis:service=RaftServer,group=group-FE3488451BD7,id=0a80707e-124f-4b7c-988c-2e0ae8f888cc
2019-09-25 05:52:18,232 [Thread-525] INFO  impl.RoleInfo (RoleInfo.java:shutdownLeaderState(104)) - 0a80707e-124f-4b7c-988c-2e0ae8f888cc: shutdown LeaderState
2019-09-25 05:52:18,232 [ForkJoinPool.commonPool-worker-1] INFO  util.JmxRegister (JmxRegister.java:unregister(73)) - Successfully un-registered JMX Bean with object name Ratis:service=RaftServer,group=group-0FF8D3619E03,id=1c631bae-68b7-41af-adae-ceb8210a62c8
2019-09-25 05:52:18,233 [Thread-525] INFO  impl.PendingRequests (PendingRequests.java:sendNotLeaderResponses(202)) - 0a80707e-124f-4b7c-988c-2e0ae8f888cc-PendingRequests: sendNotLeaderResponses
2019-09-25 05:52:18,233 [ForkJoinPool.commonPool-worker-1] INFO  impl.RoleInfo (RoleInfo.java:shutdownLeaderState(104)) - 1c631bae-68b7-41af-adae-ceb8210a62c8: shutdown LeaderState
2019-09-25 05:52:18,233 [Thread-525] INFO  impl.StateMachineUpdater (StateMachineUpdater.java:stopAndJoin(125)) - 0a80707e-124f-4b7c-988c-2e0ae8f888cc@group-FE3488451BD7-StateMachineUpdater: set stopIndex = 0
2019-09-25 05:52:18,234 [ForkJoinPool.commonPool-worker-1] INFO  impl.PendingRequests (PendingRequests.java:sendNotLeaderResponses(202)) - 1c631bae-68b7-41af-adae-ceb8210a62c8-PendingRequests: sendNotLeaderResponses
2019-09-25 05:52:18,234 [Thread-525] INFO  impl.RaftServerImpl (ServerState.java:close(385)) - 0a80707e-124f-4b7c-988c-2e0ae8f888cc@group-FE3488451BD7: closes. applyIndex: 0
2019-09-25 05:52:18,234 [ForkJoinPool.commonPool-worker-1] INFO  impl.StateMachineUpdater (StateMachineUpdater.java:stopAndJoin(125)) - 1c631bae-68b7-41af-adae-ceb8210a62c8@group-0FF8D3619E03-StateMachineUpdater: set stopIndex = 0
2019-09-25 05:52:18,235 [0a80707e-124f-4b7c-988c-2e0ae8f888cc@group-FE3488451BD7-SegmentedRaftLogWorker] INFO  segmented.SegmentedRaftLogWorker (SegmentedRaftLogWorker.java:run(313)) - 0a80707e-124f-4b7c-988c-2e0ae8f888cc@group-FE3488451BD7-SegmentedRaftLogWorker was interrupted, exiting. There are 0 tasks remaining in the queue.
2019-09-25 05:52:18,235 [ForkJoinPool.commonPool-worker-1] INFO  impl.RaftServerImpl (ServerState.java:close(385)) - 1c631bae-68b7-41af-adae-ceb8210a62c8@group-0FF8D3619E03: closes. applyIndex: 0
2019-09-25 05:52:18,235 [Thread-525] INFO  segmented.SegmentedRaftLogWorker (SegmentedRaftLogWorker.java:close(228)) - 0a80707e-124f-4b7c-988c-2e0ae8f888cc@group-FE3488451BD7-SegmentedRaftLogWorker close()
2019-09-25 05:52:18,235 [1c631bae-68b7-41af-adae-ceb8210a62c8@group-0FF8D3619E03-SegmentedRaftLogWorker] INFO  segmented.SegmentedRaftLogWorker (SegmentedRaftLogWorker.java:run(313)) - 1c631bae-68b7-41af-adae-ceb8210a62c8@group-0FF8D3619E03-SegmentedRaftLogWorker was interrupted, exiting. There are 0 tasks remaining in the queue.
2019-09-25 05:52:18,237 [Thread-525] INFO  server.GrpcService (GrpcService.java:closeImpl(164)) - 0a80707e-124f-4b7c-988c-2e0ae8f888cc: shutdown server with port 44339 now
2019-09-25 05:52:18,238 [ForkJoinPool.commonPool-worker-1] INFO  segmented.SegmentedRaftLogWorker (SegmentedRaftLogWorker.java:close(228)) - 1c631bae-68b7-41af-adae-ceb8210a62c8@group-0FF8D3619E03-SegmentedRaftLogWorker close()
2019-09-25 05:52:18,240 [Thread-525] INFO  server.GrpcService (GrpcService.java:closeImpl(172)) - 0a80707e-124f-4b7c-988c-2e0ae8f888cc: shutdown server with port 44339 successfully
2019-09-25 05:52:18,241 [ForkJoinPool.commonPool-worker-1] INFO  server.GrpcService (GrpcService.java:closeImpl(164)) - 1c631bae-68b7-41af-adae-ceb8210a62c8: shutdown server with port 35361 now
2019-09-25 05:52:18,244 [ForkJoinPool.commonPool-worker-1] INFO  server.GrpcService (GrpcService.java:closeImpl(172)) - 1c631bae-68b7-41af-adae-ceb8210a62c8: shutdown server with port 35361 successfully
2019-09-25 05:52:18,245 [refreshUsed-/workdir/hadoop-ozone/ozonefs/target/test-dir/MiniOzoneClusterImpl-9dde5f9b-6604-4092-bbbb-eb034b8ffd25/datanode-1/data/containers] WARN  fs.CachingGetSpaceUsed (CachingGetSpaceUsed.java:run(183)) - Thread Interrupted waiting to refresh disk information: sleep interrupted
2019-09-25 05:52:18,246 [refreshUsed-/workdir/hadoop-ozone/ozonefs/target/test-dir/MiniOzoneClusterImpl-9dde5f9b-6604-4092-bbbb-eb034b8ffd25/datanode-0/data/containers] WARN  fs.CachingGetSpaceUsed (CachingGetSpaceUsed.java:run(183)) - Thread Interrupted waiting to refresh disk information: sleep interrupted
2019-09-25 05:52:18,279 [ForkJoinPool.commonPool-worker-1] INFO  utils.BackgroundService (BackgroundService.java:shutdown(148)) - Shutting down service BlockDeletingService
2019-09-25 05:52:18,280 [Thread-525] INFO  utils.BackgroundService (BackgroundService.java:shutdown(148)) - Shutting down service BlockDeletingService
2019-09-25 05:52:18,284 [ForkJoinPool.commonPool-worker-1] INFO  statemachine.DatanodeStateMachine (DatanodeStateMachine.java:stopDaemon(395)) - Ozone container server stopped.
2019-09-25 05:52:18,290 [Thread-525] INFO  statemachine.DatanodeStateMachine (DatanodeStateMachine.java:stopDaemon(395)) - Ozone container server stopped.
2019-09-25 05:52:18,292 [ForkJoinPool.commonPool-worker-1] INFO  handler.ContextHandler (ContextHandler.java:doStop(910)) - Stopped o.e.j.w.WebAppContext@38c4b809{/,null,UNAVAILABLE}{/hddsDatanode}
2019-09-25 05:52:18,293 [Thread-525] INFO  handler.ContextHandler (ContextHandler.java:doStop(910)) - Stopped o.e.j.w.WebAppContext@45bc3f15{/,null,UNAVAILABLE}{/hddsDatanode}
2019-09-25 05:52:18,293 [ForkJoinPool.commonPool-worker-1] INFO  server.AbstractConnector (AbstractConnector.java:doStop(318)) - Stopped ServerConnector@26820622{HTTP/1.1,[http/1.1]}{0.0.0.0:0}
2019-09-25 05:52:18,295 [ForkJoinPool.commonPool-worker-1] INFO  handler.ContextHandler (ContextHandler.java:doStop(910)) - Stopped o.e.j.s.ServletContextHandler@3cdbb4f5{/static,jar:file:/home/user/.m2/repository/org/apache/hadoop/hadoop-hdds-container-service/0.5.0-SNAPSHOT/hadoop-hdds-container-service-0.5.0-SNAPSHOT.jar!/webapps/static,UNAVAILABLE}
2019-09-25 05:52:18,295 [Thread-525] INFO  server.AbstractConnector (AbstractConnector.java:doStop(318)) - Stopped ServerConnector@32cfdac2{HTTP/1.1,[http/1.1]}{0.0.0.0:0}
2019-09-25 05:52:18,297 [ForkJoinPool.commonPool-worker-1] INFO  handler.ContextHandler (ContextHandler.java:doStop(910)) - Stopped o.e.j.s.ServletContextHandler@1a0331ef{/logs,file:///workdir/hadoop-ozone/ozonefs/target/log,UNAVAILABLE}
2019-09-25 05:52:18,297 [Thread-525] INFO  handler.ContextHandler (ContextHandler.java:doStop(910)) - Stopped o.e.j.s.ServletContextHandler@1886e017{/static,jar:file:/home/user/.m2/repository/org/apache/hadoop/hadoop-hdds-container-service/0.5.0-SNAPSHOT/hadoop-hdds-container-service-0.5.0-SNAPSHOT.jar!/webapps/static,UNAVAILABLE}
2019-09-25 05:52:18,298 [Thread-525] INFO  handler.ContextHandler (ContextHandler.java:doStop(910)) - Stopped o.e.j.s.ServletContextHandler@481ead76{/logs,file:///workdir/hadoop-ozone/ozonefs/target/log,UNAVAILABLE}
2019-09-25 05:52:18,993 [Datanode State Machine Thread - 0] INFO  statemachine.DatanodeStateMachine (DatanodeStateMachine.java:lambda$startDaemon$0(350)) - Ozone container server started.
2019-09-25 05:52:23,298 [ForkJoinPool.commonPool-worker-1] INFO  ozoneimpl.OzoneContainer (OzoneContainer.java:stop(231)) - Attempting to stop container services.
2019-09-25 05:52:23,299 [ForkJoinPool.commonPool-worker-1] INFO  impl.RaftServerProxy (RaftServerProxy.java:lambda$close$4(314)) - b5ee1a19-6deb-4763-80dd-59e5108b263a: close
2019-09-25 05:52:23,299 [ForkJoinPool.commonPool-worker-1] INFO  impl.RaftServerImpl (RaftServerImpl.java:lambda$shutdown$3(251)) - b5ee1a19-6deb-4763-80dd-59e5108b263a@group-AE1AF2153FF9: shutdown
2019-09-25 05:52:23,299 [ForkJoinPool.commonPool-worker-1] INFO  util.JmxRegister (JmxRegister.java:unregister(73)) - Successfully un-registered JMX Bean with object name Ratis:service=RaftServer,group=group-AE1AF2153FF9,id=b5ee1a19-6deb-4763-80dd-59e5108b263a
2019-09-25 05:52:23,300 [ForkJoinPool.commonPool-worker-1] INFO  impl.RoleInfo (RoleInfo.java:shutdownLeaderState(104)) - b5ee1a19-6deb-4763-80dd-59e5108b263a: shutdown LeaderState
2019-09-25 05:52:23,300 [ForkJoinPool.commonPool-worker-1] INFO  impl.PendingRequests (PendingRequests.java:sendNotLeaderResponses(202)) - b5ee1a19-6deb-4763-80dd-59e5108b263a-PendingRequests: sendNotLeaderResponses
2019-09-25 05:52:23,300 [ForkJoinPool.commonPool-worker-1] INFO  impl.StateMachineUpdater (StateMachineUpdater.java:stopAndJoin(125)) - b5ee1a19-6deb-4763-80dd-59e5108b263a@group-AE1AF2153FF9-StateMachineUpdater: set stopIndex = 0
2019-09-25 05:52:23,301 [ForkJoinPool.commonPool-worker-1] INFO  impl.RaftServerImpl (ServerState.java:close(385)) - b5ee1a19-6deb-4763-80dd-59e5108b263a@group-AE1AF2153FF9: closes. applyIndex: 0
2019-09-25 05:52:23,301 [b5ee1a19-6deb-4763-80dd-59e5108b263a@group-AE1AF2153FF9-SegmentedRaftLogWorker] INFO  segmented.SegmentedRaftLogWorker (SegmentedRaftLogWorker.java:run(313)) - b5ee1a19-6deb-4763-80dd-59e5108b263a@group-AE1AF2153FF9-SegmentedRaftLogWorker was interrupted, exiting. There are 0 tasks remaining in the queue.
2019-09-25 05:52:23,312 [ForkJoinPool.commonPool-worker-1] INFO  segmented.SegmentedRaftLogWorker (SegmentedRaftLogWorker.java:close(228)) - b5ee1a19-6deb-4763-80dd-59e5108b263a@group-AE1AF2153FF9-SegmentedRaftLogWorker close()
2019-09-25 05:52:23,314 [ForkJoinPool.commonPool-worker-1] INFO  impl.RaftServerImpl (RaftServerImpl.java:lambda$shutdown$3(251)) - b5ee1a19-6deb-4763-80dd-59e5108b263a@group-C6B2697866C8: shutdown
2019-09-25 05:52:23,314 [ForkJoinPool.commonPool-worker-1] INFO  util.JmxRegister (JmxRegister.java:unregister(73)) - Successfully un-registered JMX Bean with object name Ratis:service=RaftServer,group=group-C6B2697866C8,id=b5ee1a19-6deb-4763-80dd-59e5108b263a
2019-09-25 05:52:23,314 [ForkJoinPool.commonPool-worker-1] INFO  impl.RoleInfo (RoleInfo.java:shutdownLeaderState(104)) - b5ee1a19-6deb-4763-80dd-59e5108b263a: shutdown LeaderState
2019-09-25 05:52:23,315 [ForkJoinPool.commonPool-worker-1] INFO  impl.PendingRequests (PendingRequests.java:sendNotLeaderResponses(202)) - b5ee1a19-6deb-4763-80dd-59e5108b263a-PendingRequests: sendNotLeaderResponses
2019-09-25 05:52:23,315 [ForkJoinPool.commonPool-worker-1] INFO  impl.StateMachineUpdater (StateMachineUpdater.java:stopAndJoin(125)) - b5ee1a19-6deb-4763-80dd-59e5108b263a@group-C6B2697866C8-StateMachineUpdater: set stopIndex = 0
2019-09-25 05:52:23,315 [ForkJoinPool.commonPool-worker-1] INFO  impl.RaftServerImpl (ServerState.java:close(385)) - b5ee1a19-6deb-4763-80dd-59e5108b263a@group-C6B2697866C8: closes. applyIndex: 0
2019-09-25 05:52:23,316 [b5ee1a19-6deb-4763-80dd-59e5108b263a@group-C6B2697866C8-SegmentedRaftLogWorker] INFO  segmented.SegmentedRaftLogWorker (SegmentedRaftLogWorker.java:run(313)) - b5ee1a19-6deb-4763-80dd-59e5108b263a@group-C6B2697866C8-SegmentedRaftLogWorker was interrupted, exiting. There are 0 tasks remaining in the queue.
2019-09-25 05:52:23,316 [ForkJoinPool.commonPool-worker-1] INFO  segmented.SegmentedRaftLogWorker (SegmentedRaftLogWorker.java:close(228)) - b5ee1a19-6deb-4763-80dd-59e5108b263a@group-C6B2697866C8-SegmentedRaftLogWorker close()
2019-09-25 05:52:23,317 [ForkJoinPool.commonPool-worker-1] INFO  impl.RaftServerImpl (RaftServerImpl.java:lambda$shutdown$3(251)) - b5ee1a19-6deb-4763-80dd-59e5108b263a@group-616C61E70414: shutdown
2019-09-25 05:52:23,318 [ForkJoinPool.commonPool-worker-1] INFO  util.JmxRegister (JmxRegister.java:unregister(73)) - Successfully un-registered JMX Bean with object name Ratis:service=RaftServer,group=group-616C61E70414,id=b5ee1a19-6deb-4763-80dd-59e5108b263a
2019-09-25 05:52:23,318 [ForkJoinPool.commonPool-worker-1] INFO  impl.RoleInfo (RoleInfo.java:shutdownLeaderState(104)) - b5ee1a19-6deb-4763-80dd-59e5108b263a: shutdown LeaderState
2019-09-25 05:52:23,318 [ForkJoinPool.commonPool-worker-1] INFO  impl.PendingRequests (PendingRequests.java:sendNotLeaderResponses(202)) - b5ee1a19-6deb-4763-80dd-59e5108b263a-PendingRequests: sendNotLeaderResponses
2019-09-25 05:52:23,319 [ForkJoinPool.commonPool-worker-1] INFO  impl.StateMachineUpdater (StateMachineUpdater.java:stopAndJoin(125)) - b5ee1a19-6deb-4763-80dd-59e5108b263a@group-616C61E70414-StateMachineUpdater: set stopIndex = 0
2019-09-25 05:52:23,319 [ForkJoinPool.commonPool-worker-1] INFO  impl.RaftServerImpl (ServerState.java:close(385)) - b5ee1a19-6deb-4763-80dd-59e5108b263a@group-616C61E70414: closes. applyIndex: 0
2019-09-25 05:52:23,320 [b5ee1a19-6deb-4763-80dd-59e5108b263a@group-616C61E70414-SegmentedRaftLogWorker] INFO  segmented.SegmentedRaftLogWorker (SegmentedRaftLogWorker.java:run(313)) - b5ee1a19-6deb-4763-80dd-59e5108b263a@group-616C61E70414-SegmentedRaftLogWorker was interrupted, exiting. There are 0 tasks remaining in the queue.
2019-09-25 05:52:23,320 [ForkJoinPool.commonPool-worker-1] INFO  segmented.SegmentedRaftLogWorker (SegmentedRaftLogWorker.java:close(228)) - b5ee1a19-6deb-4763-80dd-59e5108b263a@group-616C61E70414-SegmentedRaftLogWorker close()
2019-09-25 05:52:23,321 [ForkJoinPool.commonPool-worker-1] INFO  impl.RaftServerImpl (RaftServerImpl.java:lambda$shutdown$3(251)) - b5ee1a19-6deb-4763-80dd-59e5108b263a@group-32CAEE1A01C0: shutdown
2019-09-25 05:52:23,322 [ForkJoinPool.commonPool-worker-1] INFO  util.JmxRegister (JmxRegister.java:unregister(73)) - Successfully un-registered JMX Bean with object name Ratis:service=RaftServer,group=group-32CAEE1A01C0,id=b5ee1a19-6deb-4763-80dd-59e5108b263a
2019-09-25 05:52:23,322 [ForkJoinPool.commonPool-worker-1] INFO  impl.RoleInfo (RoleInfo.java:shutdownLeaderState(104)) - b5ee1a19-6deb-4763-80dd-59e5108b263a: shutdown LeaderState
2019-09-25 05:52:23,322 [ForkJoinPool.commonPool-worker-1] INFO  impl.PendingRequests (PendingRequests.java:sendNotLeaderResponses(202)) - b5ee1a19-6deb-4763-80dd-59e5108b263a-PendingRequests: sendNotLeaderResponses
2019-09-25 05:52:23,323 [ForkJoinPool.commonPool-worker-1] INFO  impl.StateMachineUpdater (StateMachineUpdater.java:stopAndJoin(125)) - b5ee1a19-6deb-4763-80dd-59e5108b263a@group-32CAEE1A01C0-StateMachineUpdater: set stopIndex = 0
2019-09-25 05:52:23,323 [ForkJoinPool.commonPool-worker-1] INFO  impl.RaftServerImpl (ServerState.java:close(385)) - b5ee1a19-6deb-4763-80dd-59e5108b263a@group-32CAEE1A01C0: closes. applyIndex: 0
2019-09-25 05:52:23,323 [b5ee1a19-6deb-4763-80dd-59e5108b263a@group-32CAEE1A01C0-SegmentedRaftLogWorker] INFO  segmented.SegmentedRaftLogWorker (SegmentedRaftLogWorker.java:run(313)) - b5ee1a19-6deb-4763-80dd-59e5108b263a@group-32CAEE1A01C0-SegmentedRaftLogWorker was interrupted, exiting. There are 0 tasks remaining in the queue.
2019-09-25 05:52:23,324 [ForkJoinPool.commonPool-worker-1] INFO  segmented.SegmentedRaftLogWorker (SegmentedRaftLogWorker.java:close(228)) - b5ee1a19-6deb-4763-80dd-59e5108b263a@group-32CAEE1A01C0-SegmentedRaftLogWorker close()
2019-09-25 05:52:23,325 [ForkJoinPool.commonPool-worker-1] INFO  impl.RaftServerImpl (RaftServerImpl.java:lambda$shutdown$3(251)) - b5ee1a19-6deb-4763-80dd-59e5108b263a@group-D185DB9E6D9C: shutdown
2019-09-25 05:52:23,326 [ForkJoinPool.commonPool-worker-1] INFO  util.JmxRegister (JmxRegister.java:unregister(73)) - Successfully un-registered JMX Bean with object name Ratis:service=RaftServer,group=group-D185DB9E6D9C,id=b5ee1a19-6deb-4763-80dd-59e5108b263a
2019-09-25 05:52:23,326 [ForkJoinPool.commonPool-worker-1] INFO  impl.RoleInfo (RoleInfo.java:shutdownLeaderState(104)) - b5ee1a19-6deb-4763-80dd-59e5108b263a: shutdown LeaderState
2019-09-25 05:52:23,326 [ForkJoinPool.commonPool-worker-1] INFO  impl.PendingRequests (PendingRequests.java:sendNotLeaderResponses(202)) - b5ee1a19-6deb-4763-80dd-59e5108b263a-PendingRequests: sendNotLeaderResponses
2019-09-25 05:52:23,326 [ForkJoinPool.commonPool-worker-1] INFO  impl.StateMachineUpdater (StateMachineUpdater.java:stopAndJoin(125)) - b5ee1a19-6deb-4763-80dd-59e5108b263a@group-D185DB9E6D9C-StateMachineUpdater: set stopIndex = 0
2019-09-25 05:52:23,327 [ForkJoinPool.commonPool-worker-1] INFO  impl.RaftServerImpl (ServerState.java:close(385)) - b5ee1a19-6deb-4763-80dd-59e5108b263a@group-D185DB9E6D9C: closes. applyIndex: 0
2019-09-25 05:52:23,327 [b5ee1a19-6deb-4763-80dd-59e5108b263a@group-D185DB9E6D9C-SegmentedRaftLogWorker] INFO  segmented.SegmentedRaftLogWorker (SegmentedRaftLogWorker.java:run(313)) - b5ee1a19-6deb-4763-80dd-59e5108b263a@group-D185DB9E6D9C-SegmentedRaftLogWorker was interrupted, exiting. There are 0 tasks remaining in the queue.
2019-09-25 05:52:23,328 [ForkJoinPool.commonPool-worker-1] INFO  segmented.SegmentedRaftLogWorker (SegmentedRaftLogWorker.java:close(228)) - b5ee1a19-6deb-4763-80dd-59e5108b263a@group-D185DB9E6D9C-SegmentedRaftLogWorker close()
2019-09-25 05:52:23,329 [ForkJoinPool.commonPool-worker-1] INFO  impl.RaftServerImpl (RaftServerImpl.java:lambda$shutdown$3(251)) - b5ee1a19-6deb-4763-80dd-59e5108b263a@group-417EEA79A3AF: shutdown
2019-09-25 05:52:23,329 [ForkJoinPool.commonPool-worker-1] INFO  util.JmxRegister (JmxRegister.java:unregister(73)) - Successfully un-registered JMX Bean with object name Ratis:service=RaftServer,group=group-417EEA79A3AF,id=b5ee1a19-6deb-4763-80dd-59e5108b263a
2019-09-25 05:52:23,330 [ForkJoinPool.commonPool-worker-1] INFO  impl.RoleInfo (RoleInfo.java:shutdownLeaderState(104)) - b5ee1a19-6deb-4763-80dd-59e5108b263a: shutdown LeaderState
2019-09-25 05:52:23,330 [ForkJoinPool.commonPool-worker-1] INFO  impl.PendingRequests (PendingRequests.java:sendNotLeaderResponses(202)) - b5ee1a19-6deb-4763-80dd-59e5108b263a-PendingRequests: sendNotLeaderResponses
2019-09-25 05:52:23,330 [ForkJoinPool.commonPool-worker-1] INFO  impl.StateMachineUpdater (StateMachineUpdater.java:stopAndJoin(125)) - b5ee1a19-6deb-4763-80dd-59e5108b263a@group-417EEA79A3AF-StateMachineUpdater: set stopIndex = 0
2019-09-25 05:52:23,331 [ForkJoinPool.commonPool-worker-1] INFO  impl.RaftServerImpl (ServerState.java:close(385)) - b5ee1a19-6deb-4763-80dd-59e5108b263a@group-417EEA79A3AF: closes. applyIndex: 0
2019-09-25 05:52:23,331 [b5ee1a19-6deb-4763-80dd-59e5108b263a@group-417EEA79A3AF-SegmentedRaftLogWorker] INFO  segmented.SegmentedRaftLogWorker (SegmentedRaftLogWorker.java:run(313)) - b5ee1a19-6deb-4763-80dd-59e5108b263a@group-417EEA79A3AF-SegmentedRaftLogWorker was interrupted, exiting. There are 0 tasks remaining in the queue.
2019-09-25 05:52:23,331 [ForkJoinPool.commonPool-worker-1] INFO  segmented.SegmentedRaftLogWorker (SegmentedRaftLogWorker.java:close(228)) - b5ee1a19-6deb-4763-80dd-59e5108b263a@group-417EEA79A3AF-SegmentedRaftLogWorker close()
2019-09-25 05:52:23,333 [ForkJoinPool.commonPool-worker-1] INFO  server.GrpcService (GrpcService.java:closeImpl(164)) - b5ee1a19-6deb-4763-80dd-59e5108b263a: shutdown server with port 40020 now
2019-09-25 05:52:23,334 [ForkJoinPool.commonPool-worker-1] INFO  server.GrpcService (GrpcService.java:closeImpl(172)) - b5ee1a19-6deb-4763-80dd-59e5108b263a: shutdown server with port 40020 successfully
2019-09-25 05:52:23,336 [refreshUsed-/workdir/hadoop-ozone/ozonefs/target/test-dir/MiniOzoneClusterImpl-9dde5f9b-6604-4092-bbbb-eb034b8ffd25/datanode-2/data/containers] WARN  fs.CachingGetSpaceUsed (CachingGetSpaceUsed.java:run(183)) - Thread Interrupted waiting to refresh disk information: sleep interrupted
2019-09-25 05:52:23,367 [ForkJoinPool.commonPool-worker-1] INFO  utils.BackgroundService (BackgroundService.java:shutdown(148)) - Shutting down service BlockDeletingService
2019-09-25 05:52:23,370 [ForkJoinPool.commonPool-worker-1] INFO  statemachine.DatanodeStateMachine (DatanodeStateMachine.java:stopDaemon(395)) - Ozone container server stopped.
2019-09-25 05:52:23,374 [ForkJoinPool.commonPool-worker-1] INFO  handler.ContextHandler (ContextHandler.java:doStop(910)) - Stopped o.e.j.w.WebAppContext@215ba87b{/,null,UNAVAILABLE}{/hddsDatanode}
2019-09-25 05:52:23,375 [ForkJoinPool.commonPool-worker-1] INFO  server.AbstractConnector (AbstractConnector.java:doStop(318)) - Stopped ServerConnector@57b93607{HTTP/1.1,[http/1.1]}{0.0.0.0:0}
2019-09-25 05:52:23,376 [ForkJoinPool.commonPool-worker-1] INFO  handler.ContextHandler (ContextHandler.java:doStop(910)) - Stopped o.e.j.s.ServletContextHandler@2326596e{/static,jar:file:/home/user/.m2/repository/org/apache/hadoop/hadoop-hdds-container-service/0.5.0-SNAPSHOT/hadoop-hdds-container-service-0.5.0-SNAPSHOT.jar!/webapps/static,UNAVAILABLE}
2019-09-25 05:52:23,378 [ForkJoinPool.commonPool-worker-1] INFO  handler.ContextHandler (ContextHandler.java:doStop(910)) - Stopped o.e.j.s.ServletContextHandler@256dd9d3{/logs,file:///workdir/hadoop-ozone/ozonefs/target/log,UNAVAILABLE}
2019-09-25 05:52:23,379 [Thread-525] INFO  ozone.MiniOzoneClusterImpl (MiniOzoneClusterImpl.java:stopSCM(392)) - Stopping the StorageContainerManager
2019-09-25 05:52:23,379 [Thread-525] INFO  server.StorageContainerManager (StorageContainerManager.java:stop(808)) - Stopping Replication Manager Service.
2019-09-25 05:52:23,379 [Thread-525] INFO  container.ReplicationManager (ReplicationManager.java:stop(204)) - Stopping Replication Monitor Thread.
2019-09-25 05:52:23,379 [Thread-525] INFO  server.StorageContainerManager (StorageContainerManager.java:stop(815)) - Stopping Lease Manager of the command watchers
2019-09-25 05:52:23,380 [Thread-525] INFO  server.StorageContainerManager (StorageContainerManager.java:stop(822)) - Stopping datanode service RPC server
2019-09-25 05:52:23,380 [Thread-525] INFO  server.SCMDatanodeProtocolServer (SCMDatanodeProtocolServer.java:stop(367)) - Stopping the RPC server for DataNodes
2019-09-25 05:52:23,380 [Thread-525] INFO  ipc.Server (Server.java:stop(3082)) - Stopping server on 36889
2019-09-25 05:52:23,382 [IPC Server listener on 36889] INFO  ipc.Server (Server.java:run(1185)) - Stopping IPC Server listener on 36889
2019-09-25 05:52:23,382 [IPC Server Responder] INFO  ipc.Server (Server.java:run(1319)) - Stopping IPC Server Responder
2019-09-25 05:52:23,432 [SCM Heartbeat Processing Thread - 0] WARN  node.NodeStateManager (NodeStateManager.java:scheduleNextHealthCheck(655)) - Current Thread is interrupted, shutting down HB processing thread for Node Manager.
2019-09-25 05:52:23,432 [Thread-525] INFO  server.StorageContainerManager (StorageContainerManager.java:stop(830)) - Stopping block service RPC server
2019-09-25 05:52:23,432 [Thread-525] INFO  server.SCMBlockProtocolServer (SCMBlockProtocolServer.java:stop(155)) - Stopping the RPC server for Block Protocol
2019-09-25 05:52:23,432 [Thread-525] INFO  ipc.Server (Server.java:stop(3082)) - Stopping server on 40165
2019-09-25 05:52:23,434 [IPC Server listener on 40165] INFO  ipc.Server (Server.java:run(1185)) - Stopping IPC Server listener on 40165
2019-09-25 05:52:23,434 [Thread-525] INFO  server.StorageContainerManager (StorageContainerManager.java:stop(837)) - Stopping the StorageContainerLocationProtocol RPC server
2019-09-25 05:52:23,436 [Thread-525] INFO  server.SCMClientProtocolServer (SCMClientProtocolServer.java:stop(159)) - Stopping the RPC server for Client Protocol
2019-09-25 05:52:23,436 [Thread-525] INFO  ipc.Server (Server.java:stop(3082)) - Stopping server on 37306
2019-09-25 05:52:23,436 [IPC Server Responder] INFO  ipc.Server (Server.java:run(1319)) - Stopping IPC Server Responder
2019-09-25 05:52:23,438 [IPC Server listener on 37306] INFO  ipc.Server (Server.java:run(1185)) - Stopping IPC Server listener on 37306
2019-09-25 05:52:23,438 [Thread-525] INFO  server.StorageContainerManager (StorageContainerManager.java:stop(844)) - Stopping Storage Container Manager HTTP server.
2019-09-25 05:52:23,440 [IPC Server Responder] INFO  ipc.Server (Server.java:run(1319)) - Stopping IPC Server Responder
2019-09-25 05:52:23,442 [Thread-525] INFO  handler.ContextHandler (ContextHandler.java:doStop(910)) - Stopped o.e.j.w.WebAppContext@45fcbdb6{/,null,UNAVAILABLE}{/scm}
2019-09-25 05:52:23,443 [Thread-525] INFO  server.AbstractConnector (AbstractConnector.java:doStop(318)) - Stopped ServerConnector@6dcfd0fb{HTTP/1.1,[http/1.1]}{0.0.0.0:0}
2019-09-25 05:52:23,443 [Thread-525] INFO  handler.ContextHandler (ContextHandler.java:doStop(910)) - Stopped o.e.j.s.ServletContextHandler@3fee0b7d{/static,jar:file:/home/user/.m2/repository/org/apache/hadoop/hadoop-hdds-server-scm/0.5.0-SNAPSHOT/hadoop-hdds-server-scm-0.5.0-SNAPSHOT.jar!/webapps/static,UNAVAILABLE}
2019-09-25 05:52:23,443 [Thread-525] INFO  handler.ContextHandler (ContextHandler.java:doStop(910)) - Stopped o.e.j.s.ServletContextHandler@27e25f5d{/logs,file:///workdir/hadoop-ozone/ozonefs/target/log,UNAVAILABLE}
2019-09-25 05:52:23,445 [Thread-525] INFO  server.StorageContainerManager (StorageContainerManager.java:stop(855)) - Stopping Block Manager Service.
2019-09-25 05:52:23,445 [Thread-525] INFO  utils.BackgroundService (BackgroundService.java:shutdown(148)) - Shutting down service SCMBlockDeletingService
2019-09-25 05:52:23,445 [Thread-525] INFO  utils.BackgroundService (BackgroundService.java:shutdown(148)) - Shutting down service SCMBlockDeletingService
2019-09-25 05:52:23,446 [Thread-525] INFO  server.StorageContainerManager (StorageContainerManager.java:stop(877)) - Stopping SCM Event Queue.
2019-09-25 05:52:23,449 [Thread-525] INFO  impl.MetricsSystemImpl (MetricsSystemImpl.java:stop(210)) - Stopping HddsDatanode metrics system...
2019-09-25 05:52:23,456 [Thread-525] INFO  impl.MetricsSystemImpl (MetricsSystemImpl.java:stop(216)) - HddsDatanode metrics system stopped.
]]></system-out>
  </testcase>
  <testcase name="testListStatus" classname="org.apache.hadoop.fs.ozone.TestOzoneFileSystem" time="17.079">
    <error message="Allocated 0 blocks. Requested 1 blocks" type="INTERNAL_ERROR org.apache.hadoop.ozone.om.exceptions.OMException">INTERNAL_ERROR org.apache.hadoop.ozone.om.exceptions.OMException: Allocated 0 blocks. Requested 1 blocks
	at org.apache.hadoop.ozone.om.protocolPB.OzoneManagerProtocolClientSideTranslatorPB.handleError(OzoneManagerProtocolClientSideTranslatorPB.java:732)
	at org.apache.hadoop.ozone.om.protocolPB.OzoneManagerProtocolClientSideTranslatorPB.createFile(OzoneManagerProtocolClientSideTranslatorPB.java:1536)
	at sun.reflect.NativeMethodAccessorImpl.invoke0(Native Method)
	at sun.reflect.NativeMethodAccessorImpl.invoke(NativeMethodAccessorImpl.java:62)
	at sun.reflect.DelegatingMethodAccessorImpl.invoke(DelegatingMethodAccessorImpl.java:43)
	at java.lang.reflect.Method.invoke(Method.java:498)
	at org.apache.hadoop.hdds.tracing.TraceAllMethod.invoke(TraceAllMethod.java:66)
	at com.sun.proxy.$Proxy38.createFile(Unknown Source)
	at org.apache.hadoop.ozone.client.rpc.RpcClient.createFile(RpcClient.java:1006)
	at org.apache.hadoop.ozone.client.OzoneBucket.createFile(OzoneBucket.java:537)
	at org.apache.hadoop.fs.ozone.BasicOzoneClientAdapterImpl.createFile(BasicOzoneClientAdapterImpl.java:205)
	at org.apache.hadoop.fs.ozone.BasicOzoneFileSystem.createOutputStream(BasicOzoneFileSystem.java:250)
	at org.apache.hadoop.fs.ozone.BasicOzoneFileSystem.create(BasicOzoneFileSystem.java:231)
	at org.apache.hadoop.fs.FileSystem.create(FileSystem.java:1118)
	at org.apache.hadoop.fs.FileSystem.create(FileSystem.java:1098)
	at org.apache.hadoop.fs.FileSystem.create(FileSystem.java:987)
	at org.apache.hadoop.fs.contract.ContractTestUtils.createFile(ContractTestUtils.java:633)
	at org.apache.hadoop.fs.contract.ContractTestUtils.touch(ContractTestUtils.java:669)
	at org.apache.hadoop.fs.ozone.TestOzoneFileSystem.testListStatus(TestOzoneFileSystem.java:159)
	at sun.reflect.NativeMethodAccessorImpl.invoke0(Native Method)
	at sun.reflect.NativeMethodAccessorImpl.invoke(NativeMethodAccessorImpl.java:62)
	at sun.reflect.DelegatingMethodAccessorImpl.invoke(DelegatingMethodAccessorImpl.java:43)
	at java.lang.reflect.Method.invoke(Method.java:498)
	at org.junit.runners.model.FrameworkMethod$1.runReflectiveCall(FrameworkMethod.java:47)
	at org.junit.internal.runners.model.ReflectiveCallable.run(ReflectiveCallable.java:12)
	at org.junit.runners.model.FrameworkMethod.invokeExplosively(FrameworkMethod.java:44)
	at org.junit.internal.runners.statements.InvokeMethod.evaluate(InvokeMethod.java:17)
	at org.junit.internal.runners.statements.RunBefores.evaluate(RunBefores.java:26)
	at org.junit.internal.runners.statements.RunAfters.evaluate(RunAfters.java:27)
	at org.junit.internal.runners.statements.FailOnTimeout$StatementThread.run(FailOnTimeout.java:74)
</error>
    <system-out><![CDATA[2019-09-25 05:52:23,530 [Thread-792] WARN  server.ServerUtils (ServerUtils.java:getScmDbDir(145)) - ozone.scm.db.dirs is not configured. We recommend adding this setting. Falling back to ozone.metadata.dirs instead.
2019-09-25 05:52:23,545 [Thread-792] WARN  server.ServerUtils (ServerUtils.java:getScmDbDir(145)) - ozone.scm.db.dirs is not configured. We recommend adding this setting. Falling back to ozone.metadata.dirs instead.
2019-09-25 05:52:23,545 [Thread-792] WARN  server.ServerUtils (ServerUtils.java:getScmDbDir(145)) - ozone.scm.db.dirs is not configured. We recommend adding this setting. Falling back to ozone.metadata.dirs instead.
2019-09-25 05:52:23,546 [Thread-792] INFO  db.DBStoreBuilder (DBStoreBuilder.java:addTable(110)) - using custom profile for table: deletedBlocks
2019-09-25 05:52:23,546 [Thread-792] INFO  db.DBStoreBuilder (DBStoreBuilder.java:processTables(161)) - Using default column profile:DBProfile.DISK for Table:deletedBlocks
2019-09-25 05:52:23,546 [Thread-792] INFO  db.DBStoreBuilder (DBStoreBuilder.java:addTable(110)) - using custom profile for table: validCerts
2019-09-25 05:52:23,546 [Thread-792] INFO  db.DBStoreBuilder (DBStoreBuilder.java:processTables(161)) - Using default column profile:DBProfile.DISK for Table:validCerts
2019-09-25 05:52:23,547 [Thread-792] INFO  db.DBStoreBuilder (DBStoreBuilder.java:addTable(110)) - using custom profile for table: revokedCerts
2019-09-25 05:52:23,547 [Thread-792] INFO  db.DBStoreBuilder (DBStoreBuilder.java:processTables(161)) - Using default column profile:DBProfile.DISK for Table:revokedCerts
2019-09-25 05:52:23,547 [Thread-792] INFO  db.DBStoreBuilder (DBStoreBuilder.java:addTable(110)) - using custom profile for table: default
2019-09-25 05:52:23,547 [Thread-792] INFO  db.DBStoreBuilder (DBStoreBuilder.java:processTables(167)) - Using default column profile:DBProfile.DISK for Table:default
2019-09-25 05:52:23,548 [Thread-792] INFO  db.DBStoreBuilder (DBStoreBuilder.java:getDbProfile(198)) - Using default options. DBProfile.DISK
2019-09-25 05:52:23,761 [Thread-792] INFO  net.NodeSchemaLoader (NodeSchemaLoader.java:loadSchemaFromFile(125)) - Loading file from sun.misc.CompoundEnumeration@519844b6
2019-09-25 05:52:23,761 [Thread-792] INFO  net.NodeSchemaLoader (NodeSchemaLoader.java:loadSchema(171)) - Loading network topology layer schema file
2019-09-25 05:52:23,768 [Thread-792] WARN  server.ServerUtils (ServerUtils.java:sanitizeUserArgs(70)) - ozone.scm.stale.node.interval value = 300000 is larger than max = 100000 based on the key value of ozone.scm.heartbeat.thread.interval, reset to the max value 100000.
2019-09-25 05:52:23,768 [Thread-792] WARN  server.ServerUtils (ServerUtils.java:sanitizeUserArgs(70)) - ozone.scm.stale.node.interval value = 300000 is larger than max = 100000 based on the key value of ozone.scm.heartbeat.thread.interval, reset to the max value 100000.
2019-09-25 05:52:23,769 [Thread-792] INFO  node.SCMNodeManager (SCMNodeManager.java:<init>(114)) - Entering startup safe mode.
2019-09-25 05:52:23,769 [Thread-792] INFO  algorithms.ContainerPlacementPolicyFactory (ContainerPlacementPolicyFactory.java:getPolicy(60)) - Create container placement policy of type org.apache.hadoop.hdds.scm.container.placement.algorithms.SCMContainerPlacementRandom
2019-09-25 05:52:23,770 [Thread-792] WARN  server.ServerUtils (ServerUtils.java:getScmDbDir(145)) - ozone.scm.db.dirs is not configured. We recommend adding this setting. Falling back to ozone.metadata.dirs instead.
2019-09-25 05:52:23,799 [Thread-792] INFO  pipeline.SCMPipelineManager (SCMPipelineManager.java:initializePipelineState(132)) - No pipeline exists in current db
2019-09-25 05:52:23,799 [Thread-792] WARN  server.ServerUtils (ServerUtils.java:getScmDbDir(145)) - ozone.scm.db.dirs is not configured. We recommend adding this setting. Falling back to ozone.metadata.dirs instead.
2019-09-25 05:52:23,846 [Thread-792] WARN  events.EventQueue (EventQueue.java:fireEvent(183)) - No event handler registered for event TypedEvent{payloadType=SafeModeStatus, name='SafeModeStatus'}
2019-09-25 05:52:23,847 [Thread-792] INFO  ipc.CallQueueManager (CallQueueManager.java:<init>(84)) - Using callQueue: class java.util.concurrent.LinkedBlockingQueue, queueCapacity: 2000, scheduler: class org.apache.hadoop.ipc.DefaultRpcScheduler, ipcBackoff: false.
2019-09-25 05:52:23,848 [Socket Reader #1 for port 43278] INFO  ipc.Server (Server.java:run(1074)) - Starting Socket Reader #1 for port 43278
2019-09-25 05:52:23,850 [Thread-792] INFO  ipc.CallQueueManager (CallQueueManager.java:<init>(84)) - Using callQueue: class java.util.concurrent.LinkedBlockingQueue, queueCapacity: 2000, scheduler: class org.apache.hadoop.ipc.DefaultRpcScheduler, ipcBackoff: false.
2019-09-25 05:52:23,851 [Socket Reader #1 for port 34182] INFO  ipc.Server (Server.java:run(1074)) - Starting Socket Reader #1 for port 34182
2019-09-25 05:52:23,853 [Thread-792] INFO  ipc.CallQueueManager (CallQueueManager.java:<init>(84)) - Using callQueue: class java.util.concurrent.LinkedBlockingQueue, queueCapacity: 2000, scheduler: class org.apache.hadoop.ipc.DefaultRpcScheduler, ipcBackoff: false.
2019-09-25 05:52:23,855 [Socket Reader #1 for port 43008] INFO  ipc.Server (Server.java:run(1074)) - Starting Socket Reader #1 for port 43008
2019-09-25 05:52:23,858 [Thread-792] INFO  hdfs.DFSUtil (DFSUtil.java:httpServerTemplateForNNAndJN(1641)) - Starting Web-server for scm at: http://0.0.0.0:0
2019-09-25 05:52:23,861 [Thread-792] INFO  server.AuthenticationFilter (AuthenticationFilter.java:constructSecretProvider(240)) - Unable to initialize FileSignerSecretProvider, falling back to use random secrets.
2019-09-25 05:52:23,862 [Thread-792] WARN  http.HttpRequestLog (HttpRequestLog.java:getRequestLog(97)) - Jetty request log can only be enabled using Log4j
2019-09-25 05:52:23,865 [Thread-792] INFO  http.HttpServer2 (HttpServer2.java:addGlobalFilter(975)) - Added global filter 'safety' (class=org.apache.hadoop.http.HttpServer2$QuotingInputFilter)
2019-09-25 05:52:23,867 [Thread-792] INFO  http.HttpServer2 (HttpServer2.java:addFilter(948)) - Added filter static_user_filter (class=org.apache.hadoop.http.lib.StaticUserWebFilter$StaticUserFilter) to context scm
2019-09-25 05:52:23,867 [Thread-792] INFO  http.HttpServer2 (HttpServer2.java:addFilter(958)) - Added filter static_user_filter (class=org.apache.hadoop.http.lib.StaticUserWebFilter$StaticUserFilter) to context logs
2019-09-25 05:52:23,867 [Thread-792] INFO  http.HttpServer2 (HttpServer2.java:addFilter(958)) - Added filter static_user_filter (class=org.apache.hadoop.http.lib.StaticUserWebFilter$StaticUserFilter) to context static
2019-09-25 05:52:23,870 [Thread-792] INFO  server.StorageContainerManager (StorageContainerManager.java:start(770)) - StorageContainerLocationProtocol RPC server is listening at /0.0.0.0:43008
2019-09-25 05:52:23,872 [Thread-792] WARN  impl.MetricsConfig (MetricsConfig.java:loadFirst(134)) - Cannot locate configuration: tried hadoop-metrics2-storagecontainermanager.properties,hadoop-metrics2.properties
2019-09-25 05:52:23,876 [Thread-792] INFO  impl.MetricsSystemImpl (MetricsSystemImpl.java:startTimer(374)) - Scheduled Metric snapshot period at 10 second(s).
2019-09-25 05:52:23,876 [Thread-792] INFO  impl.MetricsSystemImpl (MetricsSystemImpl.java:start(191)) - StorageContainerManager metrics system started
2019-09-25 05:52:24,242 [Thread-792] WARN  impl.MetricsSystemImpl (MetricsSystemImpl.java:register(276)) - Sink prometheus already exists!
2019-09-25 05:52:24,298 [Thread-792] INFO  server.SCMClientProtocolServer (SCMClientProtocolServer.java:start(151)) - RPC server for Client  is listening at /0.0.0.0:43008
2019-09-25 05:52:24,299 [IPC Server Responder] INFO  ipc.Server (Server.java:run(1314)) - IPC Server Responder: starting
2019-09-25 05:52:24,299 [IPC Server listener on 43008] INFO  ipc.Server (Server.java:run(1153)) - IPC Server listener on 43008: starting
2019-09-25 05:52:24,303 [Thread-792] INFO  server.StorageContainerManager (StorageContainerManager.java:start(780)) - ScmBlockLocationProtocol RPC server is listening at /0.0.0.0:34182
2019-09-25 05:52:24,303 [Thread-792] INFO  server.SCMBlockProtocolServer (SCMBlockProtocolServer.java:start(146)) - RPC server for Block Protocol is listening at /0.0.0.0:34182
2019-09-25 05:52:24,303 [IPC Server Responder] INFO  ipc.Server (Server.java:run(1314)) - IPC Server Responder: starting
2019-09-25 05:52:24,304 [IPC Server listener on 34182] INFO  ipc.Server (Server.java:run(1153)) - IPC Server listener on 34182: starting
2019-09-25 05:52:24,308 [Thread-792] INFO  server.StorageContainerManager (StorageContainerManager.java:start(784)) - ScmDatanodeProtocl RPC server is listening at /0.0.0.0:43278
2019-09-25 05:52:24,308 [Thread-792] INFO  server.SCMDatanodeProtocolServer (SCMDatanodeProtocolServer.java:start(191)) - RPC server for DataNodes is listening at /0.0.0.0:43278
2019-09-25 05:52:24,308 [IPC Server Responder] INFO  ipc.Server (Server.java:run(1314)) - IPC Server Responder: starting
2019-09-25 05:52:24,308 [IPC Server listener on 43278] INFO  ipc.Server (Server.java:run(1153)) - IPC Server listener on 43278: starting
2019-09-25 05:52:24,313 [Thread-792] INFO  http.HttpServer2 (HttpServer2.java:bindListener(1191)) - Jetty bound to port 42673
2019-09-25 05:52:24,313 [Thread-792] INFO  server.Server (Server.java:doStart(351)) - jetty-9.3.25.v20180904, build timestamp: 2018-09-04T21:11:46Z, git hash: 3ce520221d0240229c862b122d2b06c12a625732
2019-09-25 05:52:24,315 [Thread-792] INFO  handler.ContextHandler (ContextHandler.java:doStart(781)) - Started o.e.j.s.ServletContextHandler@2c22abf4{/logs,file:///workdir/hadoop-ozone/ozonefs/target/log,AVAILABLE}
2019-09-25 05:52:24,315 [Thread-792] INFO  handler.ContextHandler (ContextHandler.java:doStart(781)) - Started o.e.j.s.ServletContextHandler@3214cd69{/static,jar:file:/home/user/.m2/repository/org/apache/hadoop/hadoop-hdds-server-scm/0.5.0-SNAPSHOT/hadoop-hdds-server-scm-0.5.0-SNAPSHOT.jar!/webapps/static,AVAILABLE}
2019-09-25 05:52:24,362 [Thread-792] INFO  handler.ContextHandler (ContextHandler.java:doStart(781)) - Started o.e.j.w.WebAppContext@75b71781{/,file:///tmp/jetty-0.0.0.0-42673-scm-_-any-1464764710009605424.dir/webapp/,AVAILABLE}{/scm}
2019-09-25 05:52:24,362 [Thread-792] INFO  server.AbstractConnector (AbstractConnector.java:doStart(278)) - Started ServerConnector@15611fcb{HTTP/1.1,[http/1.1]}{0.0.0.0:42673}
2019-09-25 05:52:24,364 [Thread-792] INFO  server.Server (Server.java:doStart(419)) - Started @57240ms
2019-09-25 05:52:24,364 [Thread-792] WARN  impl.MetricsSystemImpl (MetricsSystemImpl.java:register(276)) - Sink prometheus already exists!
2019-09-25 05:52:24,365 [Thread-792] INFO  server.BaseHttpServer (BaseHttpServer.java:updateConnectorAddress(215)) - HTTP server of SCM is listening at http://0.0.0.0:42673
2019-09-25 05:52:24,367 [Thread-792] WARN  server.ServerUtils (ServerUtils.java:getDBPath(222)) - ozone.om.db.dirs is not configured. We recommend adding this setting. Falling back to ozone.metadata.dirs instead.
2019-09-25 05:52:24,367 [org.apache.hadoop.util.JvmPauseMonitor$Monitor@68d41aa6] INFO  util.JvmPauseMonitor (JvmPauseMonitor.java:run(188)) - Starting JVM pause monitor
2019-09-25 05:52:24,381 [Thread-792] WARN  server.ServerUtils (ServerUtils.java:getDBPath(222)) - ozone.om.db.dirs is not configured. We recommend adding this setting. Falling back to ozone.metadata.dirs instead.
2019-09-25 05:52:24,381 [Thread-792] WARN  server.ServerUtils (ServerUtils.java:getDBPath(222)) - ozone.om.db.dirs is not configured. We recommend adding this setting. Falling back to ozone.metadata.dirs instead.
2019-09-25 05:52:24,382 [Thread-792] INFO  om.OzoneManager (OzoneManager.java:setOMNodeDetails(652)) - OM Service ID is not set. Setting it to the default ID: omServiceIdDefault
2019-09-25 05:52:24,382 [Thread-792] INFO  om.OzoneManager (OzoneManager.java:setOMNodeDetails(658)) - OM Node ID is not set. Setting it to the OmStorage's OmID: 12fa209a-0c1f-42fb-97ff-7c0385a2adc2
2019-09-25 05:52:24,382 [Thread-792] INFO  om.OzoneManager (OzoneManager.java:loadOMHAConfigs(609)) - Found matching OM address with OMServiceId: null, OMNodeId: null, RPC Address: localhost:0 and Ratis port: 9872
2019-09-25 05:52:24,389 [Thread-792] WARN  server.ServerUtils (ServerUtils.java:getDBPath(222)) - ozone.om.db.dirs is not configured. We recommend adding this setting. Falling back to ozone.metadata.dirs instead.
2019-09-25 05:52:24,390 [Thread-792] INFO  db.DBStoreBuilder (DBStoreBuilder.java:addTable(110)) - using custom profile for table: userTable
2019-09-25 05:52:24,390 [Thread-792] INFO  db.DBStoreBuilder (DBStoreBuilder.java:processTables(161)) - Using default column profile:DBProfile.DISK for Table:userTable
2019-09-25 05:52:24,390 [Thread-792] INFO  db.DBStoreBuilder (DBStoreBuilder.java:addTable(110)) - using custom profile for table: volumeTable
2019-09-25 05:52:24,390 [Thread-792] INFO  db.DBStoreBuilder (DBStoreBuilder.java:processTables(161)) - Using default column profile:DBProfile.DISK for Table:volumeTable
2019-09-25 05:52:24,390 [Thread-792] INFO  db.DBStoreBuilder (DBStoreBuilder.java:addTable(110)) - using custom profile for table: bucketTable
2019-09-25 05:52:24,391 [Thread-792] INFO  db.DBStoreBuilder (DBStoreBuilder.java:processTables(161)) - Using default column profile:DBProfile.DISK for Table:bucketTable
2019-09-25 05:52:24,391 [Thread-792] INFO  db.DBStoreBuilder (DBStoreBuilder.java:addTable(110)) - using custom profile for table: keyTable
2019-09-25 05:52:24,391 [Thread-792] INFO  db.DBStoreBuilder (DBStoreBuilder.java:processTables(161)) - Using default column profile:DBProfile.DISK for Table:keyTable
2019-09-25 05:52:24,391 [Thread-792] INFO  db.DBStoreBuilder (DBStoreBuilder.java:addTable(110)) - using custom profile for table: deletedTable
2019-09-25 05:52:24,391 [Thread-792] INFO  db.DBStoreBuilder (DBStoreBuilder.java:processTables(161)) - Using default column profile:DBProfile.DISK for Table:deletedTable
2019-09-25 05:52:24,392 [Thread-792] INFO  db.DBStoreBuilder (DBStoreBuilder.java:addTable(110)) - using custom profile for table: openKeyTable
2019-09-25 05:52:24,392 [Thread-792] INFO  db.DBStoreBuilder (DBStoreBuilder.java:processTables(161)) - Using default column profile:DBProfile.DISK for Table:openKeyTable
2019-09-25 05:52:24,392 [Thread-792] INFO  db.DBStoreBuilder (DBStoreBuilder.java:addTable(110)) - using custom profile for table: s3Table
2019-09-25 05:52:24,392 [Thread-792] INFO  db.DBStoreBuilder (DBStoreBuilder.java:processTables(161)) - Using default column profile:DBProfile.DISK for Table:s3Table
2019-09-25 05:52:24,392 [Thread-792] INFO  db.DBStoreBuilder (DBStoreBuilder.java:addTable(110)) - using custom profile for table: multipartInfoTable
2019-09-25 05:52:24,392 [Thread-792] INFO  db.DBStoreBuilder (DBStoreBuilder.java:processTables(161)) - Using default column profile:DBProfile.DISK for Table:multipartInfoTable
2019-09-25 05:52:24,393 [Thread-792] INFO  db.DBStoreBuilder (DBStoreBuilder.java:addTable(110)) - using custom profile for table: dTokenTable
2019-09-25 05:52:24,393 [Thread-792] INFO  db.DBStoreBuilder (DBStoreBuilder.java:processTables(161)) - Using default column profile:DBProfile.DISK for Table:dTokenTable
2019-09-25 05:52:24,393 [Thread-792] INFO  db.DBStoreBuilder (DBStoreBuilder.java:addTable(110)) - using custom profile for table: s3SecretTable
2019-09-25 05:52:24,393 [Thread-792] INFO  db.DBStoreBuilder (DBStoreBuilder.java:processTables(161)) - Using default column profile:DBProfile.DISK for Table:s3SecretTable
2019-09-25 05:52:24,393 [Thread-792] INFO  db.DBStoreBuilder (DBStoreBuilder.java:addTable(110)) - using custom profile for table: prefixTable
2019-09-25 05:52:24,393 [Thread-792] INFO  db.DBStoreBuilder (DBStoreBuilder.java:processTables(161)) - Using default column profile:DBProfile.DISK for Table:prefixTable
2019-09-25 05:52:24,394 [Thread-792] INFO  db.DBStoreBuilder (DBStoreBuilder.java:addTable(110)) - using custom profile for table: default
2019-09-25 05:52:24,394 [Thread-792] INFO  db.DBStoreBuilder (DBStoreBuilder.java:processTables(167)) - Using default column profile:DBProfile.DISK for Table:default
2019-09-25 05:52:24,394 [Thread-792] INFO  db.DBStoreBuilder (DBStoreBuilder.java:getDbProfile(198)) - Using default options. DBProfile.DISK
2019-09-25 05:52:24,850 [Thread-792] INFO  ipc.CallQueueManager (CallQueueManager.java:<init>(84)) - Using callQueue: class java.util.concurrent.LinkedBlockingQueue, queueCapacity: 2000, scheduler: class org.apache.hadoop.ipc.DefaultRpcScheduler, ipcBackoff: false.
2019-09-25 05:52:24,852 [Socket Reader #1 for port 38155] INFO  ipc.Server (Server.java:run(1074)) - Starting Socket Reader #1 for port 38155
2019-09-25 05:52:24,883 [Thread-792] INFO  om.OzoneManager (OzoneManager.java:start(1243)) - OzoneManager RPC server is listening at localhost/127.0.0.1:38155
2019-09-25 05:52:24,883 [Thread-792] INFO  impl.MetricsSystemImpl (MetricsSystemImpl.java:init(158)) - OzoneManager metrics system started (again)
2019-09-25 05:52:24,884 [IPC Server Responder] INFO  ipc.Server (Server.java:run(1314)) - IPC Server Responder: starting
2019-09-25 05:52:24,884 [IPC Server listener on 38155] INFO  ipc.Server (Server.java:run(1153)) - IPC Server listener on 38155: starting
2019-09-25 05:52:24,891 [Thread-792] INFO  hdfs.DFSUtil (DFSUtil.java:httpServerTemplateForNNAndJN(1641)) - Starting Web-server for ozoneManager at: http://0.0.0.0:0
2019-09-25 05:52:24,893 [Thread-792] INFO  server.AuthenticationFilter (AuthenticationFilter.java:constructSecretProvider(240)) - Unable to initialize FileSignerSecretProvider, falling back to use random secrets.
2019-09-25 05:52:24,894 [Thread-792] WARN  http.HttpRequestLog (HttpRequestLog.java:getRequestLog(97)) - Jetty request log can only be enabled using Log4j
2019-09-25 05:52:24,897 [Thread-792] INFO  http.HttpServer2 (HttpServer2.java:addGlobalFilter(975)) - Added global filter 'safety' (class=org.apache.hadoop.http.HttpServer2$QuotingInputFilter)
2019-09-25 05:52:24,898 [Thread-792] INFO  http.HttpServer2 (HttpServer2.java:addFilter(948)) - Added filter static_user_filter (class=org.apache.hadoop.http.lib.StaticUserWebFilter$StaticUserFilter) to context ozoneManager
2019-09-25 05:52:24,898 [Thread-792] INFO  http.HttpServer2 (HttpServer2.java:addFilter(958)) - Added filter static_user_filter (class=org.apache.hadoop.http.lib.StaticUserWebFilter$StaticUserFilter) to context logs
2019-09-25 05:52:24,899 [Thread-792] INFO  http.HttpServer2 (HttpServer2.java:addFilter(958)) - Added filter static_user_filter (class=org.apache.hadoop.http.lib.StaticUserWebFilter$StaticUserFilter) to context static
2019-09-25 05:52:24,900 [Thread-792] INFO  http.HttpServer2 (HttpServer2.java:bindListener(1191)) - Jetty bound to port 46174
2019-09-25 05:52:24,900 [Thread-792] INFO  server.Server (Server.java:doStart(351)) - jetty-9.3.25.v20180904, build timestamp: 2018-09-04T21:11:46Z, git hash: 3ce520221d0240229c862b122d2b06c12a625732
2019-09-25 05:52:24,902 [Thread-792] INFO  handler.ContextHandler (ContextHandler.java:doStart(781)) - Started o.e.j.s.ServletContextHandler@14ca960e{/logs,file:///workdir/hadoop-ozone/ozonefs/target/log,AVAILABLE}
2019-09-25 05:52:24,903 [Thread-792] INFO  handler.ContextHandler (ContextHandler.java:doStart(781)) - Started o.e.j.s.ServletContextHandler@3c5561ac{/static,jar:file:/home/user/.m2/repository/org/apache/hadoop/hadoop-ozone-ozone-manager/0.5.0-SNAPSHOT/hadoop-ozone-ozone-manager-0.5.0-SNAPSHOT.jar!/webapps/static,AVAILABLE}
2019-09-25 05:52:24,968 [Thread-792] INFO  handler.ContextHandler (ContextHandler.java:doStart(781)) - Started o.e.j.w.WebAppContext@7d30846f{/,file:///tmp/jetty-0.0.0.0-46174-ozoneManager-_-any-4587245236857535064.dir/webapp/,AVAILABLE}{/ozoneManager}
2019-09-25 05:52:24,968 [Thread-792] INFO  server.AbstractConnector (AbstractConnector.java:doStart(278)) - Started ServerConnector@45c3e9a6{HTTP/1.1,[http/1.1]}{0.0.0.0:46174}
2019-09-25 05:52:24,969 [Thread-792] INFO  server.Server (Server.java:doStart(419)) - Started @57846ms
2019-09-25 05:52:24,969 [Thread-792] WARN  impl.MetricsSystemImpl (MetricsSystemImpl.java:register(276)) - Sink prometheus already exists!
2019-09-25 05:52:24,970 [Thread-792] INFO  server.BaseHttpServer (BaseHttpServer.java:updateConnectorAddress(215)) - HTTP server of OZONEMANAGER is listening at http://0.0.0.0:46174
2019-09-25 05:52:24,978 [Thread-792] INFO  impl.MetricsSystemImpl (MetricsSystemImpl.java:init(158)) - HddsDatanode metrics system started (again)
2019-09-25 05:52:24,982 [Thread-792] INFO  ozone.HddsDatanodeService (HddsDatanodeService.java:start(184)) - HddsDatanodeService host:pr-hdds-1569-zxpks-796972592 ip:192.168.5.161
2019-09-25 05:52:24,988 [Thread-792] INFO  volume.HddsVolume (HddsVolume.java:<init>(176)) - Creating Volume: /workdir/hadoop-ozone/ozonefs/target/test-dir/MiniOzoneClusterImpl-ffa13d7c-c890-4caf-bec8-d19cbd1e24dd/datanode-0/data/containers/hdds of  storage type : DISK and capacity : 1482555576320
2019-09-25 05:52:24,988 [Thread-792] INFO  volume.VolumeSet (VolumeSet.java:initializeVolumeSet(170)) - Added Volume : /workdir/hadoop-ozone/ozonefs/target/test-dir/MiniOzoneClusterImpl-ffa13d7c-c890-4caf-bec8-d19cbd1e24dd/datanode-0/data/containers/hdds to VolumeSet
2019-09-25 05:52:24,989 [Thread-792] INFO  volume.ThrottledAsyncChecker (ThrottledAsyncChecker.java:schedule(139)) - Scheduling a check for org.apache.hadoop.ozone.container.common.volume.HddsVolume@3d91dc94
2019-09-25 05:52:24,989 [Thread-792] INFO  volume.HddsVolumeChecker (HddsVolumeChecker.java:checkAllVolumes(202)) - Scheduled health check for volume org.apache.hadoop.ozone.container.common.volume.HddsVolume@3d91dc94
2019-09-25 05:52:25,015 [Thread-792] INFO  impl.RaftServerProxy (ConfUtils.java:logGet(43)) - raft.rpc.type = GRPC (default)
2019-09-25 05:52:25,015 [Thread-792] INFO  grpc.GrpcFactory (GrpcFactory.java:checkPooledByteBufAllocatorUseCacheForAllThreads(45)) - PERFORMANCE WARNING: useCacheForAllThreads is true that may cause Netty to create a lot garbage objects and, as a result, trigger GC.
	It is recommended to disable useCacheForAllThreads by setting -Dorg.apache.ratis.thirdparty.io.netty.allocator.useCacheForAllThreads=false in command line.
2019-09-25 05:52:25,016 [Thread-792] INFO  grpc.GrpcConfigKeys$Server (ConfUtils.java:logGet(43)) - raft.grpc.server.port = 0 (default)
2019-09-25 05:52:25,016 [Thread-792] INFO  server.GrpcService (ConfUtils.java:logGet(43)) - raft.grpc.message.size.max = 33570816 (custom)
2019-09-25 05:52:25,016 [Thread-792] INFO  server.RaftServerConfigKeys (ConfUtils.java:logGet(43)) - raft.server.log.appender.buffer.byte-limit = 33554432 (custom)
2019-09-25 05:52:25,016 [Thread-792] INFO  server.GrpcService (ConfUtils.java:logGet(43)) - raft.grpc.flow.control.window = 1MB (=1048576) (default)
2019-09-25 05:52:25,016 [Thread-792] INFO  server.RaftServerConfigKeys (ConfUtils.java:logGet(43)) - raft.server.rpc.request.timeout = 3000ms (default)
2019-09-25 05:52:25,017 [Thread-792] INFO  server.RaftServerConfigKeys (ConfUtils.java:logGet(43)) - raft.server.storage.dir = [/workdir/hadoop-ozone/ozonefs/target/test-dir/MiniOzoneClusterImpl-ffa13d7c-c890-4caf-bec8-d19cbd1e24dd/datanode-0/data/ratis] (custom)
2019-09-25 05:52:25,018 [Thread-792] INFO  hdfs.DFSUtil (DFSUtil.java:httpServerTemplateForNNAndJN(1641)) - Starting Web-server for hddsDatanode at: http://0.0.0.0:0
2019-09-25 05:52:25,020 [Thread-792] INFO  server.AuthenticationFilter (AuthenticationFilter.java:constructSecretProvider(240)) - Unable to initialize FileSignerSecretProvider, falling back to use random secrets.
2019-09-25 05:52:25,020 [Thread-792] WARN  http.HttpRequestLog (HttpRequestLog.java:getRequestLog(97)) - Jetty request log can only be enabled using Log4j
2019-09-25 05:52:25,022 [Thread-792] INFO  http.HttpServer2 (HttpServer2.java:addGlobalFilter(975)) - Added global filter 'safety' (class=org.apache.hadoop.http.HttpServer2$QuotingInputFilter)
2019-09-25 05:52:25,023 [Thread-792] INFO  http.HttpServer2 (HttpServer2.java:addFilter(948)) - Added filter static_user_filter (class=org.apache.hadoop.http.lib.StaticUserWebFilter$StaticUserFilter) to context hddsDatanode
2019-09-25 05:52:25,023 [Thread-792] INFO  http.HttpServer2 (HttpServer2.java:addFilter(958)) - Added filter static_user_filter (class=org.apache.hadoop.http.lib.StaticUserWebFilter$StaticUserFilter) to context logs
2019-09-25 05:52:25,023 [Thread-792] INFO  http.HttpServer2 (HttpServer2.java:addFilter(958)) - Added filter static_user_filter (class=org.apache.hadoop.http.lib.StaticUserWebFilter$StaticUserFilter) to context static
2019-09-25 05:52:25,024 [Thread-792] INFO  http.HttpServer2 (HttpServer2.java:bindListener(1191)) - Jetty bound to port 44859
2019-09-25 05:52:25,024 [Thread-792] INFO  server.Server (Server.java:doStart(351)) - jetty-9.3.25.v20180904, build timestamp: 2018-09-04T21:11:46Z, git hash: 3ce520221d0240229c862b122d2b06c12a625732
2019-09-25 05:52:25,026 [Thread-792] INFO  handler.ContextHandler (ContextHandler.java:doStart(781)) - Started o.e.j.s.ServletContextHandler@2a072527{/logs,file:///workdir/hadoop-ozone/ozonefs/target/log,AVAILABLE}
2019-09-25 05:52:25,026 [Thread-792] INFO  handler.ContextHandler (ContextHandler.java:doStart(781)) - Started o.e.j.s.ServletContextHandler@daa700f{/static,jar:file:/home/user/.m2/repository/org/apache/hadoop/hadoop-hdds-container-service/0.5.0-SNAPSHOT/hadoop-hdds-container-service-0.5.0-SNAPSHOT.jar!/webapps/static,AVAILABLE}
2019-09-25 05:52:25,055 [Thread-792] INFO  handler.ContextHandler (ContextHandler.java:doStart(781)) - Started o.e.j.w.WebAppContext@e790197{/,file:///tmp/jetty-0.0.0.0-44859-hddsDatanode-_-any-5078593639072372289.dir/webapp/,AVAILABLE}{/hddsDatanode}
2019-09-25 05:52:25,056 [Thread-792] INFO  server.AbstractConnector (AbstractConnector.java:doStart(278)) - Started ServerConnector@3c82dd78{HTTP/1.1,[http/1.1]}{0.0.0.0:44859}
2019-09-25 05:52:25,057 [Thread-792] INFO  server.Server (Server.java:doStart(419)) - Started @57933ms
2019-09-25 05:52:25,057 [Thread-792] WARN  impl.MetricsSystemImpl (MetricsSystemImpl.java:register(276)) - Sink prometheus already exists!
2019-09-25 05:52:25,058 [Thread-792] INFO  server.BaseHttpServer (BaseHttpServer.java:updateConnectorAddress(215)) - HTTP server of HDDSDATANODE is listening at http://0.0.0.0:44859
2019-09-25 05:52:25,058 [Thread-792] INFO  impl.MetricsSystemImpl (MetricsSystemImpl.java:init(158)) - HddsDatanode metrics system started (again)
2019-09-25 05:52:25,061 [org.apache.hadoop.util.JvmPauseMonitor$Monitor@31d01766] INFO  util.JvmPauseMonitor (JvmPauseMonitor.java:run(188)) - Starting JVM pause monitor
2019-09-25 05:52:25,061 [Thread-792] INFO  ozone.HddsDatanodeService (HddsDatanodeService.java:start(184)) - HddsDatanodeService host:pr-hdds-1569-zxpks-796972592 ip:192.168.5.161
2019-09-25 05:52:25,064 [Datanode State Machine Thread - 0] INFO  datanode.InitDatanodeState (InitDatanodeState.java:persistContainerDatanodeDetails(140)) - DatanodeDetails is persisted to /workdir/hadoop-ozone/ozonefs/target/test-dir/MiniOzoneClusterImpl-ffa13d7c-c890-4caf-bec8-d19cbd1e24dd/datanode-0/meta/datanode.id
2019-09-25 05:52:25,068 [Thread-792] INFO  volume.HddsVolume (HddsVolume.java:<init>(176)) - Creating Volume: /workdir/hadoop-ozone/ozonefs/target/test-dir/MiniOzoneClusterImpl-ffa13d7c-c890-4caf-bec8-d19cbd1e24dd/datanode-1/data/containers/hdds of  storage type : DISK and capacity : 1482555576320
2019-09-25 05:52:25,068 [Thread-792] INFO  volume.VolumeSet (VolumeSet.java:initializeVolumeSet(170)) - Added Volume : /workdir/hadoop-ozone/ozonefs/target/test-dir/MiniOzoneClusterImpl-ffa13d7c-c890-4caf-bec8-d19cbd1e24dd/datanode-1/data/containers/hdds to VolumeSet
2019-09-25 05:52:25,068 [Thread-792] INFO  volume.ThrottledAsyncChecker (ThrottledAsyncChecker.java:schedule(139)) - Scheduling a check for org.apache.hadoop.ozone.container.common.volume.HddsVolume@432b848c
2019-09-25 05:52:25,069 [Thread-792] INFO  volume.HddsVolumeChecker (HddsVolumeChecker.java:checkAllVolumes(202)) - Scheduled health check for volume org.apache.hadoop.ozone.container.common.volume.HddsVolume@432b848c
2019-09-25 05:52:25,089 [Thread-792] INFO  impl.RaftServerProxy (ConfUtils.java:logGet(43)) - raft.rpc.type = GRPC (default)
2019-09-25 05:52:25,089 [Thread-792] INFO  grpc.GrpcFactory (GrpcFactory.java:checkPooledByteBufAllocatorUseCacheForAllThreads(45)) - PERFORMANCE WARNING: useCacheForAllThreads is true that may cause Netty to create a lot garbage objects and, as a result, trigger GC.
	It is recommended to disable useCacheForAllThreads by setting -Dorg.apache.ratis.thirdparty.io.netty.allocator.useCacheForAllThreads=false in command line.
2019-09-25 05:52:25,089 [Thread-792] INFO  grpc.GrpcConfigKeys$Server (ConfUtils.java:logGet(43)) - raft.grpc.server.port = 0 (default)
2019-09-25 05:52:25,090 [Thread-792] INFO  server.GrpcService (ConfUtils.java:logGet(43)) - raft.grpc.message.size.max = 33570816 (custom)
2019-09-25 05:52:25,090 [Thread-792] INFO  server.RaftServerConfigKeys (ConfUtils.java:logGet(43)) - raft.server.log.appender.buffer.byte-limit = 33554432 (custom)
2019-09-25 05:52:25,090 [Thread-792] INFO  server.GrpcService (ConfUtils.java:logGet(43)) - raft.grpc.flow.control.window = 1MB (=1048576) (default)
2019-09-25 05:52:25,090 [Thread-792] INFO  server.RaftServerConfigKeys (ConfUtils.java:logGet(43)) - raft.server.rpc.request.timeout = 3000ms (default)
2019-09-25 05:52:25,091 [Thread-792] INFO  server.RaftServerConfigKeys (ConfUtils.java:logGet(43)) - raft.server.storage.dir = [/workdir/hadoop-ozone/ozonefs/target/test-dir/MiniOzoneClusterImpl-ffa13d7c-c890-4caf-bec8-d19cbd1e24dd/datanode-1/data/ratis] (custom)
2019-09-25 05:52:25,092 [Thread-792] INFO  hdfs.DFSUtil (DFSUtil.java:httpServerTemplateForNNAndJN(1641)) - Starting Web-server for hddsDatanode at: http://0.0.0.0:0
2019-09-25 05:52:25,093 [Thread-792] INFO  server.AuthenticationFilter (AuthenticationFilter.java:constructSecretProvider(240)) - Unable to initialize FileSignerSecretProvider, falling back to use random secrets.
2019-09-25 05:52:25,094 [Thread-792] WARN  http.HttpRequestLog (HttpRequestLog.java:getRequestLog(97)) - Jetty request log can only be enabled using Log4j
2019-09-25 05:52:25,095 [Thread-792] INFO  http.HttpServer2 (HttpServer2.java:addGlobalFilter(975)) - Added global filter 'safety' (class=org.apache.hadoop.http.HttpServer2$QuotingInputFilter)
2019-09-25 05:52:25,096 [Thread-792] INFO  http.HttpServer2 (HttpServer2.java:addFilter(948)) - Added filter static_user_filter (class=org.apache.hadoop.http.lib.StaticUserWebFilter$StaticUserFilter) to context hddsDatanode
2019-09-25 05:52:25,096 [Thread-792] INFO  http.HttpServer2 (HttpServer2.java:addFilter(958)) - Added filter static_user_filter (class=org.apache.hadoop.http.lib.StaticUserWebFilter$StaticUserFilter) to context static
2019-09-25 05:52:25,096 [Thread-792] INFO  http.HttpServer2 (HttpServer2.java:addFilter(958)) - Added filter static_user_filter (class=org.apache.hadoop.http.lib.StaticUserWebFilter$StaticUserFilter) to context logs
2019-09-25 05:52:25,097 [Thread-792] INFO  http.HttpServer2 (HttpServer2.java:bindListener(1191)) - Jetty bound to port 39361
2019-09-25 05:52:25,097 [Thread-792] INFO  server.Server (Server.java:doStart(351)) - jetty-9.3.25.v20180904, build timestamp: 2018-09-04T21:11:46Z, git hash: 3ce520221d0240229c862b122d2b06c12a625732
2019-09-25 05:52:25,099 [Thread-792] INFO  handler.ContextHandler (ContextHandler.java:doStart(781)) - Started o.e.j.s.ServletContextHandler@63b69231{/logs,file:///workdir/hadoop-ozone/ozonefs/target/log,AVAILABLE}
2019-09-25 05:52:25,100 [Thread-792] INFO  handler.ContextHandler (ContextHandler.java:doStart(781)) - Started o.e.j.s.ServletContextHandler@763c60be{/static,jar:file:/home/user/.m2/repository/org/apache/hadoop/hadoop-hdds-container-service/0.5.0-SNAPSHOT/hadoop-hdds-container-service-0.5.0-SNAPSHOT.jar!/webapps/static,AVAILABLE}
2019-09-25 05:52:25,127 [Thread-792] INFO  handler.ContextHandler (ContextHandler.java:doStart(781)) - Started o.e.j.w.WebAppContext@3d3468ea{/,file:///tmp/jetty-0.0.0.0-39361-hddsDatanode-_-any-8707704472846081598.dir/webapp/,AVAILABLE}{/hddsDatanode}
2019-09-25 05:52:25,127 [Thread-792] INFO  server.AbstractConnector (AbstractConnector.java:doStart(278)) - Started ServerConnector@3423ae0f{HTTP/1.1,[http/1.1]}{0.0.0.0:39361}
2019-09-25 05:52:25,129 [Thread-792] INFO  server.Server (Server.java:doStart(419)) - Started @58005ms
2019-09-25 05:52:25,129 [Thread-792] WARN  impl.MetricsSystemImpl (MetricsSystemImpl.java:register(276)) - Sink prometheus already exists!
2019-09-25 05:52:25,130 [Thread-792] INFO  server.BaseHttpServer (BaseHttpServer.java:updateConnectorAddress(215)) - HTTP server of HDDSDATANODE is listening at http://0.0.0.0:39361
2019-09-25 05:52:25,130 [Thread-792] INFO  impl.MetricsSystemImpl (MetricsSystemImpl.java:init(158)) - HddsDatanode metrics system started (again)
2019-09-25 05:52:25,133 [org.apache.hadoop.util.JvmPauseMonitor$Monitor@4cc473b7] INFO  util.JvmPauseMonitor (JvmPauseMonitor.java:run(188)) - Starting JVM pause monitor
2019-09-25 05:52:25,133 [Thread-792] INFO  ozone.HddsDatanodeService (HddsDatanodeService.java:start(184)) - HddsDatanodeService host:pr-hdds-1569-zxpks-796972592 ip:192.168.5.161
2019-09-25 05:52:25,135 [Datanode State Machine Thread - 0] INFO  datanode.InitDatanodeState (InitDatanodeState.java:persistContainerDatanodeDetails(140)) - DatanodeDetails is persisted to /workdir/hadoop-ozone/ozonefs/target/test-dir/MiniOzoneClusterImpl-ffa13d7c-c890-4caf-bec8-d19cbd1e24dd/datanode-1/meta/datanode.id
2019-09-25 05:52:25,140 [Thread-792] INFO  volume.HddsVolume (HddsVolume.java:<init>(176)) - Creating Volume: /workdir/hadoop-ozone/ozonefs/target/test-dir/MiniOzoneClusterImpl-ffa13d7c-c890-4caf-bec8-d19cbd1e24dd/datanode-2/data/containers/hdds of  storage type : DISK and capacity : 1482555576320
2019-09-25 05:52:25,140 [Thread-792] INFO  volume.VolumeSet (VolumeSet.java:initializeVolumeSet(170)) - Added Volume : /workdir/hadoop-ozone/ozonefs/target/test-dir/MiniOzoneClusterImpl-ffa13d7c-c890-4caf-bec8-d19cbd1e24dd/datanode-2/data/containers/hdds to VolumeSet
2019-09-25 05:52:25,140 [Thread-792] INFO  volume.ThrottledAsyncChecker (ThrottledAsyncChecker.java:schedule(139)) - Scheduling a check for org.apache.hadoop.ozone.container.common.volume.HddsVolume@3a85657f
2019-09-25 05:52:25,140 [Thread-792] INFO  volume.HddsVolumeChecker (HddsVolumeChecker.java:checkAllVolumes(202)) - Scheduled health check for volume org.apache.hadoop.ozone.container.common.volume.HddsVolume@3a85657f
2019-09-25 05:52:25,160 [Thread-792] INFO  impl.RaftServerProxy (ConfUtils.java:logGet(43)) - raft.rpc.type = GRPC (default)
2019-09-25 05:52:25,160 [Thread-792] INFO  grpc.GrpcFactory (GrpcFactory.java:checkPooledByteBufAllocatorUseCacheForAllThreads(45)) - PERFORMANCE WARNING: useCacheForAllThreads is true that may cause Netty to create a lot garbage objects and, as a result, trigger GC.
	It is recommended to disable useCacheForAllThreads by setting -Dorg.apache.ratis.thirdparty.io.netty.allocator.useCacheForAllThreads=false in command line.
2019-09-25 05:52:25,160 [Thread-792] INFO  grpc.GrpcConfigKeys$Server (ConfUtils.java:logGet(43)) - raft.grpc.server.port = 0 (default)
2019-09-25 05:52:25,160 [Thread-792] INFO  server.GrpcService (ConfUtils.java:logGet(43)) - raft.grpc.message.size.max = 33570816 (custom)
2019-09-25 05:52:25,160 [Thread-792] INFO  server.RaftServerConfigKeys (ConfUtils.java:logGet(43)) - raft.server.log.appender.buffer.byte-limit = 33554432 (custom)
2019-09-25 05:52:25,161 [Thread-792] INFO  server.GrpcService (ConfUtils.java:logGet(43)) - raft.grpc.flow.control.window = 1MB (=1048576) (default)
2019-09-25 05:52:25,161 [Thread-792] INFO  server.RaftServerConfigKeys (ConfUtils.java:logGet(43)) - raft.server.rpc.request.timeout = 3000ms (default)
2019-09-25 05:52:25,161 [Thread-792] INFO  server.RaftServerConfigKeys (ConfUtils.java:logGet(43)) - raft.server.storage.dir = [/workdir/hadoop-ozone/ozonefs/target/test-dir/MiniOzoneClusterImpl-ffa13d7c-c890-4caf-bec8-d19cbd1e24dd/datanode-2/data/ratis] (custom)
2019-09-25 05:52:25,162 [Thread-792] INFO  hdfs.DFSUtil (DFSUtil.java:httpServerTemplateForNNAndJN(1641)) - Starting Web-server for hddsDatanode at: http://0.0.0.0:0
2019-09-25 05:52:25,164 [Thread-792] INFO  server.AuthenticationFilter (AuthenticationFilter.java:constructSecretProvider(240)) - Unable to initialize FileSignerSecretProvider, falling back to use random secrets.
2019-09-25 05:52:25,164 [Thread-792] WARN  http.HttpRequestLog (HttpRequestLog.java:getRequestLog(97)) - Jetty request log can only be enabled using Log4j
2019-09-25 05:52:25,166 [Thread-792] INFO  http.HttpServer2 (HttpServer2.java:addGlobalFilter(975)) - Added global filter 'safety' (class=org.apache.hadoop.http.HttpServer2$QuotingInputFilter)
2019-09-25 05:52:25,166 [Thread-792] INFO  http.HttpServer2 (HttpServer2.java:addFilter(948)) - Added filter static_user_filter (class=org.apache.hadoop.http.lib.StaticUserWebFilter$StaticUserFilter) to context hddsDatanode
2019-09-25 05:52:25,167 [Thread-792] INFO  http.HttpServer2 (HttpServer2.java:addFilter(958)) - Added filter static_user_filter (class=org.apache.hadoop.http.lib.StaticUserWebFilter$StaticUserFilter) to context static
2019-09-25 05:52:25,167 [Thread-792] INFO  http.HttpServer2 (HttpServer2.java:addFilter(958)) - Added filter static_user_filter (class=org.apache.hadoop.http.lib.StaticUserWebFilter$StaticUserFilter) to context logs
2019-09-25 05:52:25,167 [Thread-792] INFO  http.HttpServer2 (HttpServer2.java:bindListener(1191)) - Jetty bound to port 40363
2019-09-25 05:52:25,167 [Thread-792] INFO  server.Server (Server.java:doStart(351)) - jetty-9.3.25.v20180904, build timestamp: 2018-09-04T21:11:46Z, git hash: 3ce520221d0240229c862b122d2b06c12a625732
2019-09-25 05:52:25,169 [Thread-792] INFO  handler.ContextHandler (ContextHandler.java:doStart(781)) - Started o.e.j.s.ServletContextHandler@4ef003d9{/logs,file:///workdir/hadoop-ozone/ozonefs/target/log,AVAILABLE}
2019-09-25 05:52:25,170 [Thread-792] INFO  handler.ContextHandler (ContextHandler.java:doStart(781)) - Started o.e.j.s.ServletContextHandler@185b065{/static,jar:file:/home/user/.m2/repository/org/apache/hadoop/hadoop-hdds-container-service/0.5.0-SNAPSHOT/hadoop-hdds-container-service-0.5.0-SNAPSHOT.jar!/webapps/static,AVAILABLE}
2019-09-25 05:52:25,197 [Thread-792] INFO  handler.ContextHandler (ContextHandler.java:doStart(781)) - Started o.e.j.w.WebAppContext@63a10bf6{/,file:///tmp/jetty-0.0.0.0-40363-hddsDatanode-_-any-4159146200344328023.dir/webapp/,AVAILABLE}{/hddsDatanode}
2019-09-25 05:52:25,197 [Thread-792] INFO  server.AbstractConnector (AbstractConnector.java:doStart(278)) - Started ServerConnector@6217190c{HTTP/1.1,[http/1.1]}{0.0.0.0:40363}
2019-09-25 05:52:25,198 [Thread-792] INFO  server.Server (Server.java:doStart(419)) - Started @58075ms
2019-09-25 05:52:25,198 [Thread-792] WARN  impl.MetricsSystemImpl (MetricsSystemImpl.java:register(276)) - Sink prometheus already exists!
2019-09-25 05:52:25,199 [Thread-792] INFO  server.BaseHttpServer (BaseHttpServer.java:updateConnectorAddress(215)) - HTTP server of HDDSDATANODE is listening at http://0.0.0.0:40363
2019-09-25 05:52:25,199 [Thread-792] INFO  ozone.MiniOzoneClusterImpl (MiniOzoneClusterImpl.java:lambda$waitForClusterToBeReady$0(147)) - Waiting for cluster to be ready. Got 0 of 3 DN Heartbeats.
2019-09-25 05:52:25,200 [org.apache.hadoop.util.JvmPauseMonitor$Monitor@1181338e] INFO  util.JvmPauseMonitor (JvmPauseMonitor.java:run(188)) - Starting JVM pause monitor
2019-09-25 05:52:25,202 [Datanode State Machine Thread - 0] INFO  datanode.InitDatanodeState (InitDatanodeState.java:persistContainerDatanodeDetails(140)) - DatanodeDetails is persisted to /workdir/hadoop-ozone/ozonefs/target/test-dir/MiniOzoneClusterImpl-ffa13d7c-c890-4caf-bec8-d19cbd1e24dd/datanode-2/meta/datanode.id
2019-09-25 05:52:26,199 [Thread-792] INFO  ozone.MiniOzoneClusterImpl (MiniOzoneClusterImpl.java:lambda$waitForClusterToBeReady$0(147)) - Waiting for cluster to be ready. Got 0 of 3 DN Heartbeats.
2019-09-25 05:52:27,084 [Datanode State Machine Thread - 0] INFO  ozoneimpl.OzoneContainer (OzoneContainer.java:start(217)) - Attempting to start container services.
2019-09-25 05:52:27,084 [Datanode State Machine Thread - 0] INFO  ozoneimpl.OzoneContainer (OzoneContainer.java:startContainerScrub(179)) - Background container scanner has been disabled.
2019-09-25 05:52:27,084 [Datanode State Machine Thread - 0] INFO  ratis.XceiverServerRatis (XceiverServerRatis.java:start(411)) - Starting XceiverServerRatis 5351ca64-bccb-4dbc-81f3-88c448fa08ca at port 0
2019-09-25 05:52:27,092 [Datanode State Machine Thread - 0] INFO  impl.RaftServerProxy (RaftServerProxy.java:lambda$start$3(299)) - 5351ca64-bccb-4dbc-81f3-88c448fa08ca: start RPC server
2019-09-25 05:52:27,095 [Datanode State Machine Thread - 0] INFO  server.GrpcService (GrpcService.java:startImpl(158)) - 5351ca64-bccb-4dbc-81f3-88c448fa08ca: GrpcService started, listening on 0.0.0.0/0.0.0.0:34014
2019-09-25 05:52:27,095 [Datanode State Machine Thread - 0] INFO  ratis.XceiverServerRatis (XceiverServerRatis.java:start(421)) - XceiverServerRatis 5351ca64-bccb-4dbc-81f3-88c448fa08ca is started using port 34014
2019-09-25 05:52:27,102 [Datanode State Machine Thread - 0] INFO  server.XceiverServerGrpc (XceiverServerGrpc.java:start(149)) - XceiverServerGrpc 5351ca64-bccb-4dbc-81f3-88c448fa08ca is started using port 38806
2019-09-25 05:52:27,151 [Datanode State Machine Thread - 0] INFO  ozoneimpl.OzoneContainer (OzoneContainer.java:start(217)) - Attempting to start container services.
2019-09-25 05:52:27,151 [Datanode State Machine Thread - 0] INFO  ozoneimpl.OzoneContainer (OzoneContainer.java:startContainerScrub(179)) - Background container scanner has been disabled.
2019-09-25 05:52:27,151 [Datanode State Machine Thread - 0] INFO  ratis.XceiverServerRatis (XceiverServerRatis.java:start(411)) - Starting XceiverServerRatis 74c214a6-2081-4cec-a66f-57ef14a49025 at port 0
2019-09-25 05:52:27,159 [Datanode State Machine Thread - 0] INFO  impl.RaftServerProxy (RaftServerProxy.java:lambda$start$3(299)) - 74c214a6-2081-4cec-a66f-57ef14a49025: start RPC server
2019-09-25 05:52:27,161 [Datanode State Machine Thread - 0] INFO  server.GrpcService (GrpcService.java:startImpl(158)) - 74c214a6-2081-4cec-a66f-57ef14a49025: GrpcService started, listening on 0.0.0.0/0.0.0.0:40722
2019-09-25 05:52:27,161 [Datanode State Machine Thread - 0] INFO  ratis.XceiverServerRatis (XceiverServerRatis.java:start(421)) - XceiverServerRatis 74c214a6-2081-4cec-a66f-57ef14a49025 is started using port 40722
2019-09-25 05:52:27,162 [Datanode State Machine Thread - 0] INFO  server.XceiverServerGrpc (XceiverServerGrpc.java:start(149)) - XceiverServerGrpc 74c214a6-2081-4cec-a66f-57ef14a49025 is started using port 39899
2019-09-25 05:52:27,200 [Thread-792] INFO  ozone.MiniOzoneClusterImpl (MiniOzoneClusterImpl.java:lambda$waitForClusterToBeReady$0(147)) - Waiting for cluster to be ready. Got 0 of 3 DN Heartbeats.
2019-09-25 05:52:27,215 [Datanode State Machine Thread - 0] INFO  ozoneimpl.OzoneContainer (OzoneContainer.java:start(217)) - Attempting to start container services.
2019-09-25 05:52:27,215 [Datanode State Machine Thread - 0] INFO  ozoneimpl.OzoneContainer (OzoneContainer.java:startContainerScrub(179)) - Background container scanner has been disabled.
2019-09-25 05:52:27,216 [Datanode State Machine Thread - 0] INFO  ratis.XceiverServerRatis (XceiverServerRatis.java:start(411)) - Starting XceiverServerRatis b2f71498-95f8-4afb-8bb6-1273d3661002 at port 0
2019-09-25 05:52:27,223 [Datanode State Machine Thread - 0] INFO  impl.RaftServerProxy (RaftServerProxy.java:lambda$start$3(299)) - b2f71498-95f8-4afb-8bb6-1273d3661002: start RPC server
2019-09-25 05:52:27,225 [Datanode State Machine Thread - 0] INFO  server.GrpcService (GrpcService.java:startImpl(158)) - b2f71498-95f8-4afb-8bb6-1273d3661002: GrpcService started, listening on 0.0.0.0/0.0.0.0:35389
2019-09-25 05:52:27,225 [Datanode State Machine Thread - 0] INFO  ratis.XceiverServerRatis (XceiverServerRatis.java:start(421)) - XceiverServerRatis b2f71498-95f8-4afb-8bb6-1273d3661002 is started using port 35389
2019-09-25 05:52:27,226 [Datanode State Machine Thread - 0] INFO  server.XceiverServerGrpc (XceiverServerGrpc.java:start(149)) - XceiverServerGrpc b2f71498-95f8-4afb-8bb6-1273d3661002 is started using port 44675
2019-09-25 05:52:28,200 [Thread-792] INFO  ozone.MiniOzoneClusterImpl (MiniOzoneClusterImpl.java:lambda$waitForClusterToBeReady$0(147)) - Waiting for cluster to be ready. Got 0 of 3 DN Heartbeats.
2019-09-25 05:52:29,066 [IPC Server handler 1 on 43278] INFO  net.NetworkTopology (NetworkTopologyImpl.java:add(111)) - Added a new node: /default-rack/5351ca64-bccb-4dbc-81f3-88c448fa08ca
2019-09-25 05:52:29,068 [IPC Server handler 1 on 43278] INFO  node.SCMNodeManager (SCMNodeManager.java:register(266)) - Registered Data node : 5351ca64-bccb-4dbc-81f3-88c448fa08ca{ip: 192.168.5.161, host: pr-hdds-1569-zxpks-796972592, networkLocation: /default-rack, certSerialId: null}
2019-09-25 05:52:29,069 [EventQueue-NodeRegistrationContainerReportForDataNodeSafeModeRule] INFO  safemode.SCMSafeModeManager (DataNodeSafeModeRule.java:process(71)) - SCM in safe mode. 1 DataNodes registered, 1 required.
2019-09-25 05:52:29,071 [EventQueue-NodeRegistrationContainerReportForDataNodeSafeModeRule] INFO  safemode.SCMSafeModeManager (SCMSafeModeManager.java:validateSafeModeExitRules(177)) - ScmSafeModeManager, all rules are successfully validated
2019-09-25 05:52:29,071 [EventQueue-NodeRegistrationContainerReportForDataNodeSafeModeRule] INFO  safemode.SCMSafeModeManager (SCMSafeModeManager.java:exitSafeMode(193)) - SCM exiting safe mode.
2019-09-25 05:52:29,082 [grpc-default-executor-0] INFO  impl.RaftServerProxy (RaftServerProxy.java:addNew(89)) - 5351ca64-bccb-4dbc-81f3-88c448fa08ca: addNew group-27B513239340:[5351ca64-bccb-4dbc-81f3-88c448fa08ca:192.168.5.161:34014] returns group-27B513239340:java.util.concurrent.CompletableFuture@98a43a3[Not completed]
2019-09-25 05:52:29,084 [pool-177-thread-1] INFO  impl.RaftServerImpl (RaftServerImpl.java:<init>(95)) - 5351ca64-bccb-4dbc-81f3-88c448fa08ca: new RaftServerImpl for group-27B513239340:[5351ca64-bccb-4dbc-81f3-88c448fa08ca:192.168.5.161:34014] with ContainerStateMachine:uninitialized
2019-09-25 05:52:29,084 [pool-177-thread-1] INFO  server.RaftServerConfigKeys (ConfUtils.java:logGet(43)) - raft.server.rpc.timeout.min = 5s (custom)
2019-09-25 05:52:29,084 [pool-177-thread-1] INFO  server.RaftServerConfigKeys (ConfUtils.java:logGet(43)) - raft.server.rpc.timeout.max = 5200ms (custom)
2019-09-25 05:52:29,084 [pool-177-thread-1] INFO  server.RaftServerConfigKeys (ConfUtils.java:logGet(43)) - raft.server.rpcslowness.timeout = 120s (custom)
2019-09-25 05:52:29,084 [pool-177-thread-1] INFO  server.RaftServerConfigKeys (ConfUtils.java:logGet(43)) - raft.server.sleep.deviation.threshold = 300 (default)
2019-09-25 05:52:29,084 [pool-177-thread-1] INFO  server.RaftServerConfigKeys (ConfUtils.java:logGet(43)) - raft.server.log.appender.install.snapshot.enabled = false (custom)
2019-09-25 05:52:29,085 [pool-177-thread-1] INFO  impl.RaftServerImpl (ServerState.java:<init>(103)) - 5351ca64-bccb-4dbc-81f3-88c448fa08ca@group-27B513239340: ConfigurationManager, init=-1: [5351ca64-bccb-4dbc-81f3-88c448fa08ca:192.168.5.161:34014], old=null, confs=<EMPTY_MAP>
2019-09-25 05:52:29,085 [pool-177-thread-1] INFO  server.RaftServerConfigKeys (ConfUtils.java:logGet(43)) - raft.server.storage.dir = [/workdir/hadoop-ozone/ozonefs/target/test-dir/MiniOzoneClusterImpl-ffa13d7c-c890-4caf-bec8-d19cbd1e24dd/datanode-0/data/ratis] (custom)
2019-09-25 05:52:29,085 [pool-177-thread-1] INFO  storage.RaftStorageDirectory (RaftStorageDirectory.java:analyzeStorage(246)) - The storage directory /workdir/hadoop-ozone/ozonefs/target/test-dir/MiniOzoneClusterImpl-ffa13d7c-c890-4caf-bec8-d19cbd1e24dd/datanode-0/data/ratis/887ffa70-518c-4158-afb6-27b513239340 does not exist. Creating ...
2019-09-25 05:52:29,106 [pool-177-thread-1] INFO  storage.RaftStorageDirectory (RaftStorageDirectory.java:tryLock(328)) - Lock on /workdir/hadoop-ozone/ozonefs/target/test-dir/MiniOzoneClusterImpl-ffa13d7c-c890-4caf-bec8-d19cbd1e24dd/datanode-0/data/ratis/887ffa70-518c-4158-afb6-27b513239340/in_use.lock acquired by nodename 13808@pr-hdds-1569-zxpks-796972592
2019-09-25 05:52:29,119 [pool-177-thread-1] INFO  storage.RaftStorage (RaftStorage.java:format(72)) - Storage directory /workdir/hadoop-ozone/ozonefs/target/test-dir/MiniOzoneClusterImpl-ffa13d7c-c890-4caf-bec8-d19cbd1e24dd/datanode-0/data/ratis/887ffa70-518c-4158-afb6-27b513239340 has been successfully formatted.
2019-09-25 05:52:29,120 [pool-177-thread-1] INFO  ratis.ContainerStateMachine (ContainerStateMachine.java:loadSnapshot(230)) - group-27B513239340: The snapshot info is null. Setting the last applied indexto:(t:0, i:~)
2019-09-25 05:52:29,120 [pool-177-thread-1] INFO  server.RaftServerConfigKeys (ConfUtils.java:logGet(43)) - raft.server.notification.no-leader.timeout = 120s (custom)
2019-09-25 05:52:29,120 [pool-177-thread-1] INFO  server.RaftServerConfigKeys (ConfUtils.java:logGet(43)) - raft.server.log.use.memory = false (default)
2019-09-25 05:52:29,120 [pool-177-thread-1] INFO  server.RaftServerConfigKeys (ConfUtils.java:logGet(43)) - raft.server.log.purge.gap = 1000000 (custom)
2019-09-25 05:52:29,120 [pool-177-thread-1] INFO  server.RaftServerConfigKeys (ConfUtils.java:logGet(43)) - raft.server.log.appender.buffer.byte-limit = 33554432 (custom)
2019-09-25 05:52:29,121 [pool-177-thread-1] INFO  server.RaftServerConfigKeys (ConfUtils.java:logGet(43)) - raft.server.log.segment.size.max = 1048576 (custom)
2019-09-25 05:52:29,121 [pool-177-thread-1] INFO  server.RaftServerConfigKeys (ConfUtils.java:logGet(43)) - raft.server.log.segment.cache.num.max = 2 (custom)
2019-09-25 05:52:29,121 [pool-177-thread-1] INFO  segmented.SegmentedRaftLogWorker (SegmentedRaftLogWorker.java:<init>(172)) - new 5351ca64-bccb-4dbc-81f3-88c448fa08ca@group-27B513239340-SegmentedRaftLogWorker for RaftStorage:Storage Directory /workdir/hadoop-ozone/ozonefs/target/test-dir/MiniOzoneClusterImpl-ffa13d7c-c890-4caf-bec8-d19cbd1e24dd/datanode-0/data/ratis/887ffa70-518c-4158-afb6-27b513239340
2019-09-25 05:52:29,123 [pool-177-thread-1] INFO  server.RaftServerConfigKeys (ConfUtils.java:logGet(43)) - raft.server.log.queue.byte-limit = 2147483647 (custom)
2019-09-25 05:52:29,123 [pool-177-thread-1] INFO  server.RaftServerConfigKeys (ConfUtils.java:logGet(43)) - raft.server.log.queue.element-limit = 1024 (custom)
2019-09-25 05:52:29,123 [pool-177-thread-1] INFO  server.RaftServerConfigKeys (ConfUtils.java:logGet(43)) - raft.server.log.segment.size.max = 1048576 (custom)
2019-09-25 05:52:29,124 [pool-177-thread-1] INFO  server.RaftServerConfigKeys (ConfUtils.java:logGet(43)) - raft.server.log.preallocated.size = 16384 (custom)
2019-09-25 05:52:29,124 [pool-177-thread-1] INFO  server.RaftServerConfigKeys (ConfUtils.java:logGet(43)) - raft.server.log.write.buffer.size = 33554432 (custom)
2019-09-25 05:52:29,124 [pool-177-thread-1] INFO  server.RaftServerConfigKeys (ConfUtils.java:logGet(43)) - raft.server.log.force.sync.num = 128 (default)
2019-09-25 05:52:29,124 [pool-177-thread-1] INFO  server.RaftServerConfigKeys (ConfUtils.java:logGet(43)) - raft.server.log.statemachine.data.sync = true (default)
2019-09-25 05:52:29,124 [pool-177-thread-1] INFO  server.RaftServerConfigKeys (ConfUtils.java:logGet(43)) - raft.server.log.statemachine.data.sync.timeout = 10s (default)
2019-09-25 05:52:29,124 [pool-177-thread-1] INFO  server.RaftServerConfigKeys (ConfUtils.java:logGet(43)) - raft.server.log.statemachine.data.sync.timeout.retry = -1 (default)
2019-09-25 05:52:29,125 [pool-177-thread-1] INFO  server.RaftServerConfigKeys (ConfUtils.java:logGet(43)) - raft.server.log.statemachine.data.caching.enabled = true (custom)
2019-09-25 05:52:29,125 [pool-177-thread-1] INFO  segmented.SegmentedRaftLogWorker (SegmentedRaftLogWorker.java:lambda$new$0(132)) - 5351ca64-bccb-4dbc-81f3-88c448fa08ca@group-27B513239340-SegmentedRaftLogWorker: flushIndex: setUnconditionally 0 -> -1
2019-09-25 05:52:29,126 [pool-177-thread-1] INFO  server.RaftServerConfigKeys (ConfUtils.java:logGet(43)) - raft.server.snapshot.auto.trigger.enabled = true (custom)
2019-09-25 05:52:29,126 [pool-177-thread-1] INFO  server.RaftServerConfigKeys (ConfUtils.java:logGet(43)) - raft.server.snapshot.auto.trigger.threshold = 10000 (custom)
2019-09-25 05:52:29,126 [pool-177-thread-1] INFO  server.RaftServerConfigKeys (ConfUtils.java:logGet(43)) - raft.server.snapshot.retention.num.files = 5 (custom)
2019-09-25 05:52:29,126 [pool-177-thread-1] INFO  server.RaftServerConfigKeys (ConfUtils.java:logGet(43)) - raft.server.retrycache.expirytime = 600000ms (custom)
2019-09-25 05:52:29,129 [pool-177-thread-1] INFO  impl.RaftServerImpl (RaftServerImpl.java:start(185)) - 5351ca64-bccb-4dbc-81f3-88c448fa08ca@group-27B513239340: start as a follower, conf=-1: [5351ca64-bccb-4dbc-81f3-88c448fa08ca:192.168.5.161:34014], old=null
2019-09-25 05:52:29,129 [pool-177-thread-1] INFO  impl.RaftServerImpl (RaftServerImpl.java:setRole(174)) - 5351ca64-bccb-4dbc-81f3-88c448fa08ca@group-27B513239340: changes role from      null to FOLLOWER at term 0 for startAsFollower
2019-09-25 05:52:29,129 [pool-177-thread-1] INFO  impl.RoleInfo (RoleInfo.java:updateAndGet(143)) - 5351ca64-bccb-4dbc-81f3-88c448fa08ca: start FollowerState
2019-09-25 05:52:29,130 [pool-177-thread-1] INFO  util.JmxRegister (JmxRegister.java:tryRegister(44)) - Successfully registered JMX Bean with object name Ratis:service=RaftServer,group=group-27B513239340,id=5351ca64-bccb-4dbc-81f3-88c448fa08ca
2019-09-25 05:52:29,133 [RatisPipelineUtilsThread] INFO  pipeline.PipelineStateManager (PipelineStateManager.java:addPipeline(56)) - Created pipeline Pipeline[ Id: 887ffa70-518c-4158-afb6-27b513239340, Nodes: 5351ca64-bccb-4dbc-81f3-88c448fa08ca{ip: 192.168.5.161, host: pr-hdds-1569-zxpks-796972592, networkLocation: /default-rack, certSerialId: null}, Type:RATIS, Factor:ONE, State:OPEN]
2019-09-25 05:52:29,136 [IPC Server handler 0 on 43278] INFO  net.NetworkTopology (NetworkTopologyImpl.java:add(111)) - Added a new node: /default-rack/74c214a6-2081-4cec-a66f-57ef14a49025
2019-09-25 05:52:29,136 [IPC Server handler 0 on 43278] INFO  node.SCMNodeManager (SCMNodeManager.java:register(266)) - Registered Data node : 74c214a6-2081-4cec-a66f-57ef14a49025{ip: 192.168.5.161, host: pr-hdds-1569-zxpks-796972592, networkLocation: /default-rack, certSerialId: null}
2019-09-25 05:52:29,140 [grpc-default-executor-0] INFO  impl.RaftServerProxy (RaftServerProxy.java:addNew(89)) - 5351ca64-bccb-4dbc-81f3-88c448fa08ca: addNew group-AB4ADA0568AD:[5351ca64-bccb-4dbc-81f3-88c448fa08ca:192.168.5.161:34014] returns group-AB4ADA0568AD:java.util.concurrent.CompletableFuture@38492f72[Not completed]
2019-09-25 05:52:29,142 [pool-177-thread-1] INFO  impl.RaftServerImpl (RaftServerImpl.java:<init>(95)) - 5351ca64-bccb-4dbc-81f3-88c448fa08ca: new RaftServerImpl for group-AB4ADA0568AD:[5351ca64-bccb-4dbc-81f3-88c448fa08ca:192.168.5.161:34014] with ContainerStateMachine:uninitialized
2019-09-25 05:52:29,142 [pool-177-thread-1] INFO  server.RaftServerConfigKeys (ConfUtils.java:logGet(43)) - raft.server.rpc.timeout.min = 5s (custom)
2019-09-25 05:52:29,142 [pool-177-thread-1] INFO  server.RaftServerConfigKeys (ConfUtils.java:logGet(43)) - raft.server.rpc.timeout.max = 5200ms (custom)
2019-09-25 05:52:29,142 [pool-177-thread-1] INFO  server.RaftServerConfigKeys (ConfUtils.java:logGet(43)) - raft.server.rpcslowness.timeout = 120s (custom)
2019-09-25 05:52:29,142 [pool-177-thread-1] INFO  server.RaftServerConfigKeys (ConfUtils.java:logGet(43)) - raft.server.sleep.deviation.threshold = 300 (default)
2019-09-25 05:52:29,142 [pool-177-thread-1] INFO  server.RaftServerConfigKeys (ConfUtils.java:logGet(43)) - raft.server.log.appender.install.snapshot.enabled = false (custom)
2019-09-25 05:52:29,143 [pool-177-thread-1] INFO  impl.RaftServerImpl (ServerState.java:<init>(103)) - 5351ca64-bccb-4dbc-81f3-88c448fa08ca@group-AB4ADA0568AD: ConfigurationManager, init=-1: [5351ca64-bccb-4dbc-81f3-88c448fa08ca:192.168.5.161:34014], old=null, confs=<EMPTY_MAP>
2019-09-25 05:52:29,143 [pool-177-thread-1] INFO  server.RaftServerConfigKeys (ConfUtils.java:logGet(43)) - raft.server.storage.dir = [/workdir/hadoop-ozone/ozonefs/target/test-dir/MiniOzoneClusterImpl-ffa13d7c-c890-4caf-bec8-d19cbd1e24dd/datanode-0/data/ratis] (custom)
2019-09-25 05:52:29,143 [pool-177-thread-1] INFO  storage.RaftStorageDirectory (RaftStorageDirectory.java:analyzeStorage(246)) - The storage directory /workdir/hadoop-ozone/ozonefs/target/test-dir/MiniOzoneClusterImpl-ffa13d7c-c890-4caf-bec8-d19cbd1e24dd/datanode-0/data/ratis/01a95f3a-0a01-434b-bd75-ab4ada0568ad does not exist. Creating ...
2019-09-25 05:52:29,156 [pool-177-thread-1] INFO  storage.RaftStorageDirectory (RaftStorageDirectory.java:tryLock(328)) - Lock on /workdir/hadoop-ozone/ozonefs/target/test-dir/MiniOzoneClusterImpl-ffa13d7c-c890-4caf-bec8-d19cbd1e24dd/datanode-0/data/ratis/01a95f3a-0a01-434b-bd75-ab4ada0568ad/in_use.lock acquired by nodename 13808@pr-hdds-1569-zxpks-796972592
2019-09-25 05:52:29,169 [pool-177-thread-1] INFO  storage.RaftStorage (RaftStorage.java:format(72)) - Storage directory /workdir/hadoop-ozone/ozonefs/target/test-dir/MiniOzoneClusterImpl-ffa13d7c-c890-4caf-bec8-d19cbd1e24dd/datanode-0/data/ratis/01a95f3a-0a01-434b-bd75-ab4ada0568ad has been successfully formatted.
2019-09-25 05:52:29,169 [pool-177-thread-1] INFO  ratis.ContainerStateMachine (ContainerStateMachine.java:loadSnapshot(230)) - group-AB4ADA0568AD: The snapshot info is null. Setting the last applied indexto:(t:0, i:~)
2019-09-25 05:52:29,169 [pool-177-thread-1] INFO  server.RaftServerConfigKeys (ConfUtils.java:logGet(43)) - raft.server.notification.no-leader.timeout = 120s (custom)
2019-09-25 05:52:29,170 [pool-177-thread-1] INFO  server.RaftServerConfigKeys (ConfUtils.java:logGet(43)) - raft.server.log.use.memory = false (default)
2019-09-25 05:52:29,170 [pool-177-thread-1] INFO  server.RaftServerConfigKeys (ConfUtils.java:logGet(43)) - raft.server.log.purge.gap = 1000000 (custom)
2019-09-25 05:52:29,170 [pool-177-thread-1] INFO  server.RaftServerConfigKeys (ConfUtils.java:logGet(43)) - raft.server.log.appender.buffer.byte-limit = 33554432 (custom)
2019-09-25 05:52:29,170 [pool-177-thread-1] INFO  server.RaftServerConfigKeys (ConfUtils.java:logGet(43)) - raft.server.log.segment.size.max = 1048576 (custom)
2019-09-25 05:52:29,170 [pool-177-thread-1] INFO  server.RaftServerConfigKeys (ConfUtils.java:logGet(43)) - raft.server.log.segment.cache.num.max = 2 (custom)
2019-09-25 05:52:29,170 [pool-177-thread-1] INFO  segmented.SegmentedRaftLogWorker (SegmentedRaftLogWorker.java:<init>(172)) - new 5351ca64-bccb-4dbc-81f3-88c448fa08ca@group-AB4ADA0568AD-SegmentedRaftLogWorker for RaftStorage:Storage Directory /workdir/hadoop-ozone/ozonefs/target/test-dir/MiniOzoneClusterImpl-ffa13d7c-c890-4caf-bec8-d19cbd1e24dd/datanode-0/data/ratis/01a95f3a-0a01-434b-bd75-ab4ada0568ad
2019-09-25 05:52:29,171 [pool-177-thread-1] INFO  server.RaftServerConfigKeys (ConfUtils.java:logGet(43)) - raft.server.log.queue.byte-limit = 2147483647 (custom)
2019-09-25 05:52:29,171 [pool-177-thread-1] INFO  server.RaftServerConfigKeys (ConfUtils.java:logGet(43)) - raft.server.log.queue.element-limit = 1024 (custom)
2019-09-25 05:52:29,171 [pool-177-thread-1] INFO  server.RaftServerConfigKeys (ConfUtils.java:logGet(43)) - raft.server.log.segment.size.max = 1048576 (custom)
2019-09-25 05:52:29,171 [pool-177-thread-1] INFO  server.RaftServerConfigKeys (ConfUtils.java:logGet(43)) - raft.server.log.preallocated.size = 16384 (custom)
2019-09-25 05:52:29,171 [pool-177-thread-1] INFO  server.RaftServerConfigKeys (ConfUtils.java:logGet(43)) - raft.server.log.write.buffer.size = 33554432 (custom)
2019-09-25 05:52:29,171 [pool-177-thread-1] INFO  server.RaftServerConfigKeys (ConfUtils.java:logGet(43)) - raft.server.log.force.sync.num = 128 (default)
2019-09-25 05:52:29,172 [pool-177-thread-1] INFO  server.RaftServerConfigKeys (ConfUtils.java:logGet(43)) - raft.server.log.statemachine.data.sync = true (default)
2019-09-25 05:52:29,172 [pool-177-thread-1] INFO  server.RaftServerConfigKeys (ConfUtils.java:logGet(43)) - raft.server.log.statemachine.data.sync.timeout = 10s (default)
2019-09-25 05:52:29,172 [pool-177-thread-1] INFO  server.RaftServerConfigKeys (ConfUtils.java:logGet(43)) - raft.server.log.statemachine.data.sync.timeout.retry = -1 (default)
2019-09-25 05:52:29,172 [pool-177-thread-1] INFO  server.RaftServerConfigKeys (ConfUtils.java:logGet(43)) - raft.server.log.statemachine.data.caching.enabled = true (custom)
2019-09-25 05:52:29,172 [pool-177-thread-1] INFO  segmented.SegmentedRaftLogWorker (SegmentedRaftLogWorker.java:lambda$new$0(132)) - 5351ca64-bccb-4dbc-81f3-88c448fa08ca@group-AB4ADA0568AD-SegmentedRaftLogWorker: flushIndex: setUnconditionally 0 -> -1
2019-09-25 05:52:29,173 [pool-177-thread-1] INFO  server.RaftServerConfigKeys (ConfUtils.java:logGet(43)) - raft.server.snapshot.auto.trigger.enabled = true (custom)
2019-09-25 05:52:29,173 [pool-177-thread-1] INFO  server.RaftServerConfigKeys (ConfUtils.java:logGet(43)) - raft.server.snapshot.auto.trigger.threshold = 10000 (custom)
2019-09-25 05:52:29,173 [pool-177-thread-1] INFO  server.RaftServerConfigKeys (ConfUtils.java:logGet(43)) - raft.server.snapshot.retention.num.files = 5 (custom)
2019-09-25 05:52:29,173 [pool-177-thread-1] INFO  server.RaftServerConfigKeys (ConfUtils.java:logGet(43)) - raft.server.retrycache.expirytime = 600000ms (custom)
2019-09-25 05:52:29,176 [pool-177-thread-1] INFO  impl.RaftServerImpl (RaftServerImpl.java:start(185)) - 5351ca64-bccb-4dbc-81f3-88c448fa08ca@group-AB4ADA0568AD: start as a follower, conf=-1: [5351ca64-bccb-4dbc-81f3-88c448fa08ca:192.168.5.161:34014], old=null
2019-09-25 05:52:29,176 [pool-177-thread-1] INFO  impl.RaftServerImpl (RaftServerImpl.java:setRole(174)) - 5351ca64-bccb-4dbc-81f3-88c448fa08ca@group-AB4ADA0568AD: changes role from      null to FOLLOWER at term 0 for startAsFollower
2019-09-25 05:52:29,176 [pool-177-thread-1] INFO  impl.RoleInfo (RoleInfo.java:updateAndGet(143)) - 5351ca64-bccb-4dbc-81f3-88c448fa08ca: start FollowerState
2019-09-25 05:52:29,176 [pool-177-thread-1] INFO  util.JmxRegister (JmxRegister.java:tryRegister(44)) - Successfully registered JMX Bean with object name Ratis:service=RaftServer,group=group-AB4ADA0568AD,id=5351ca64-bccb-4dbc-81f3-88c448fa08ca
2019-09-25 05:52:29,180 [RatisPipelineUtilsThread] INFO  pipeline.PipelineStateManager (PipelineStateManager.java:addPipeline(56)) - Created pipeline Pipeline[ Id: 01a95f3a-0a01-434b-bd75-ab4ada0568ad, Nodes: 5351ca64-bccb-4dbc-81f3-88c448fa08ca{ip: 192.168.5.161, host: pr-hdds-1569-zxpks-796972592, networkLocation: /default-rack, certSerialId: null}, Type:RATIS, Factor:ONE, State:OPEN]
2019-09-25 05:52:29,186 [grpc-default-executor-0] INFO  impl.RaftServerProxy (RaftServerProxy.java:addNew(89)) - 5351ca64-bccb-4dbc-81f3-88c448fa08ca: addNew group-841578A4CE48:[5351ca64-bccb-4dbc-81f3-88c448fa08ca:192.168.5.161:34014] returns group-841578A4CE48:java.util.concurrent.CompletableFuture@69a5bcec[Not completed]
2019-09-25 05:52:29,187 [pool-177-thread-1] INFO  impl.RaftServerImpl (RaftServerImpl.java:<init>(95)) - 5351ca64-bccb-4dbc-81f3-88c448fa08ca: new RaftServerImpl for group-841578A4CE48:[5351ca64-bccb-4dbc-81f3-88c448fa08ca:192.168.5.161:34014] with ContainerStateMachine:uninitialized
2019-09-25 05:52:29,188 [pool-177-thread-1] INFO  server.RaftServerConfigKeys (ConfUtils.java:logGet(43)) - raft.server.rpc.timeout.min = 5s (custom)
2019-09-25 05:52:29,188 [pool-177-thread-1] INFO  server.RaftServerConfigKeys (ConfUtils.java:logGet(43)) - raft.server.rpc.timeout.max = 5200ms (custom)
2019-09-25 05:52:29,188 [pool-177-thread-1] INFO  server.RaftServerConfigKeys (ConfUtils.java:logGet(43)) - raft.server.rpcslowness.timeout = 120s (custom)
2019-09-25 05:52:29,188 [pool-177-thread-1] INFO  server.RaftServerConfigKeys (ConfUtils.java:logGet(43)) - raft.server.sleep.deviation.threshold = 300 (default)
2019-09-25 05:52:29,188 [pool-177-thread-1] INFO  server.RaftServerConfigKeys (ConfUtils.java:logGet(43)) - raft.server.log.appender.install.snapshot.enabled = false (custom)
2019-09-25 05:52:29,188 [pool-177-thread-1] INFO  impl.RaftServerImpl (ServerState.java:<init>(103)) - 5351ca64-bccb-4dbc-81f3-88c448fa08ca@group-841578A4CE48: ConfigurationManager, init=-1: [5351ca64-bccb-4dbc-81f3-88c448fa08ca:192.168.5.161:34014], old=null, confs=<EMPTY_MAP>
2019-09-25 05:52:29,188 [pool-177-thread-1] INFO  server.RaftServerConfigKeys (ConfUtils.java:logGet(43)) - raft.server.storage.dir = [/workdir/hadoop-ozone/ozonefs/target/test-dir/MiniOzoneClusterImpl-ffa13d7c-c890-4caf-bec8-d19cbd1e24dd/datanode-0/data/ratis] (custom)
2019-09-25 05:52:29,189 [pool-177-thread-1] INFO  storage.RaftStorageDirectory (RaftStorageDirectory.java:analyzeStorage(246)) - The storage directory /workdir/hadoop-ozone/ozonefs/target/test-dir/MiniOzoneClusterImpl-ffa13d7c-c890-4caf-bec8-d19cbd1e24dd/datanode-0/data/ratis/62510249-bea6-4899-b802-841578a4ce48 does not exist. Creating ...
2019-09-25 05:52:29,201 [Thread-792] INFO  ozone.MiniOzoneClusterImpl (MiniOzoneClusterImpl.java:lambda$waitForClusterToBeReady$0(147)) - Waiting for cluster to be ready. Got 2 of 3 DN Heartbeats.
2019-09-25 05:52:29,201 [pool-177-thread-1] INFO  storage.RaftStorageDirectory (RaftStorageDirectory.java:tryLock(328)) - Lock on /workdir/hadoop-ozone/ozonefs/target/test-dir/MiniOzoneClusterImpl-ffa13d7c-c890-4caf-bec8-d19cbd1e24dd/datanode-0/data/ratis/62510249-bea6-4899-b802-841578a4ce48/in_use.lock acquired by nodename 13808@pr-hdds-1569-zxpks-796972592
2019-09-25 05:52:29,203 [IPC Server handler 4 on 43278] INFO  net.NetworkTopology (NetworkTopologyImpl.java:add(111)) - Added a new node: /default-rack/b2f71498-95f8-4afb-8bb6-1273d3661002
2019-09-25 05:52:29,203 [IPC Server handler 4 on 43278] INFO  node.SCMNodeManager (SCMNodeManager.java:register(266)) - Registered Data node : b2f71498-95f8-4afb-8bb6-1273d3661002{ip: 192.168.5.161, host: pr-hdds-1569-zxpks-796972592, networkLocation: /default-rack, certSerialId: null}
2019-09-25 05:52:29,214 [pool-177-thread-1] INFO  storage.RaftStorage (RaftStorage.java:format(72)) - Storage directory /workdir/hadoop-ozone/ozonefs/target/test-dir/MiniOzoneClusterImpl-ffa13d7c-c890-4caf-bec8-d19cbd1e24dd/datanode-0/data/ratis/62510249-bea6-4899-b802-841578a4ce48 has been successfully formatted.
2019-09-25 05:52:29,215 [pool-177-thread-1] INFO  ratis.ContainerStateMachine (ContainerStateMachine.java:loadSnapshot(230)) - group-841578A4CE48: The snapshot info is null. Setting the last applied indexto:(t:0, i:~)
2019-09-25 05:52:29,215 [pool-177-thread-1] INFO  server.RaftServerConfigKeys (ConfUtils.java:logGet(43)) - raft.server.notification.no-leader.timeout = 120s (custom)
2019-09-25 05:52:29,215 [pool-177-thread-1] INFO  server.RaftServerConfigKeys (ConfUtils.java:logGet(43)) - raft.server.log.use.memory = false (default)
2019-09-25 05:52:29,215 [pool-177-thread-1] INFO  server.RaftServerConfigKeys (ConfUtils.java:logGet(43)) - raft.server.log.purge.gap = 1000000 (custom)
2019-09-25 05:52:29,215 [pool-177-thread-1] INFO  server.RaftServerConfigKeys (ConfUtils.java:logGet(43)) - raft.server.log.appender.buffer.byte-limit = 33554432 (custom)
2019-09-25 05:52:29,215 [pool-177-thread-1] INFO  server.RaftServerConfigKeys (ConfUtils.java:logGet(43)) - raft.server.log.segment.size.max = 1048576 (custom)
2019-09-25 05:52:29,216 [pool-177-thread-1] INFO  server.RaftServerConfigKeys (ConfUtils.java:logGet(43)) - raft.server.log.segment.cache.num.max = 2 (custom)
2019-09-25 05:52:29,216 [pool-177-thread-1] INFO  segmented.SegmentedRaftLogWorker (SegmentedRaftLogWorker.java:<init>(172)) - new 5351ca64-bccb-4dbc-81f3-88c448fa08ca@group-841578A4CE48-SegmentedRaftLogWorker for RaftStorage:Storage Directory /workdir/hadoop-ozone/ozonefs/target/test-dir/MiniOzoneClusterImpl-ffa13d7c-c890-4caf-bec8-d19cbd1e24dd/datanode-0/data/ratis/62510249-bea6-4899-b802-841578a4ce48
2019-09-25 05:52:29,216 [pool-177-thread-1] INFO  server.RaftServerConfigKeys (ConfUtils.java:logGet(43)) - raft.server.log.queue.byte-limit = 2147483647 (custom)
2019-09-25 05:52:29,216 [pool-177-thread-1] INFO  server.RaftServerConfigKeys (ConfUtils.java:logGet(43)) - raft.server.log.queue.element-limit = 1024 (custom)
2019-09-25 05:52:29,216 [pool-177-thread-1] INFO  server.RaftServerConfigKeys (ConfUtils.java:logGet(43)) - raft.server.log.segment.size.max = 1048576 (custom)
2019-09-25 05:52:29,216 [pool-177-thread-1] INFO  server.RaftServerConfigKeys (ConfUtils.java:logGet(43)) - raft.server.log.preallocated.size = 16384 (custom)
2019-09-25 05:52:29,216 [pool-177-thread-1] INFO  server.RaftServerConfigKeys (ConfUtils.java:logGet(43)) - raft.server.log.write.buffer.size = 33554432 (custom)
2019-09-25 05:52:29,217 [pool-177-thread-1] INFO  server.RaftServerConfigKeys (ConfUtils.java:logGet(43)) - raft.server.log.force.sync.num = 128 (default)
2019-09-25 05:52:29,217 [pool-177-thread-1] INFO  server.RaftServerConfigKeys (ConfUtils.java:logGet(43)) - raft.server.log.statemachine.data.sync = true (default)
2019-09-25 05:52:29,217 [pool-177-thread-1] INFO  server.RaftServerConfigKeys (ConfUtils.java:logGet(43)) - raft.server.log.statemachine.data.sync.timeout = 10s (default)
2019-09-25 05:52:29,217 [pool-177-thread-1] INFO  server.RaftServerConfigKeys (ConfUtils.java:logGet(43)) - raft.server.log.statemachine.data.sync.timeout.retry = -1 (default)
2019-09-25 05:52:29,217 [pool-177-thread-1] INFO  server.RaftServerConfigKeys (ConfUtils.java:logGet(43)) - raft.server.log.statemachine.data.caching.enabled = true (custom)
2019-09-25 05:52:29,218 [pool-177-thread-1] INFO  segmented.SegmentedRaftLogWorker (SegmentedRaftLogWorker.java:lambda$new$0(132)) - 5351ca64-bccb-4dbc-81f3-88c448fa08ca@group-841578A4CE48-SegmentedRaftLogWorker: flushIndex: setUnconditionally 0 -> -1
2019-09-25 05:52:29,218 [pool-177-thread-1] INFO  server.RaftServerConfigKeys (ConfUtils.java:logGet(43)) - raft.server.snapshot.auto.trigger.enabled = true (custom)
2019-09-25 05:52:29,218 [pool-177-thread-1] INFO  server.RaftServerConfigKeys (ConfUtils.java:logGet(43)) - raft.server.snapshot.auto.trigger.threshold = 10000 (custom)
2019-09-25 05:52:29,218 [pool-177-thread-1] INFO  server.RaftServerConfigKeys (ConfUtils.java:logGet(43)) - raft.server.snapshot.retention.num.files = 5 (custom)
2019-09-25 05:52:29,218 [pool-177-thread-1] INFO  server.RaftServerConfigKeys (ConfUtils.java:logGet(43)) - raft.server.retrycache.expirytime = 600000ms (custom)
2019-09-25 05:52:29,221 [pool-177-thread-1] INFO  impl.RaftServerImpl (RaftServerImpl.java:start(185)) - 5351ca64-bccb-4dbc-81f3-88c448fa08ca@group-841578A4CE48: start as a follower, conf=-1: [5351ca64-bccb-4dbc-81f3-88c448fa08ca:192.168.5.161:34014], old=null
2019-09-25 05:52:29,221 [pool-177-thread-1] INFO  impl.RaftServerImpl (RaftServerImpl.java:setRole(174)) - 5351ca64-bccb-4dbc-81f3-88c448fa08ca@group-841578A4CE48: changes role from      null to FOLLOWER at term 0 for startAsFollower
2019-09-25 05:52:29,221 [pool-177-thread-1] INFO  impl.RoleInfo (RoleInfo.java:updateAndGet(143)) - 5351ca64-bccb-4dbc-81f3-88c448fa08ca: start FollowerState
2019-09-25 05:52:29,221 [pool-177-thread-1] INFO  util.JmxRegister (JmxRegister.java:tryRegister(44)) - Successfully registered JMX Bean with object name Ratis:service=RaftServer,group=group-841578A4CE48,id=5351ca64-bccb-4dbc-81f3-88c448fa08ca
2019-09-25 05:52:29,224 [RatisPipelineUtilsThread] INFO  pipeline.PipelineStateManager (PipelineStateManager.java:addPipeline(56)) - Created pipeline Pipeline[ Id: 62510249-bea6-4899-b802-841578a4ce48, Nodes: 5351ca64-bccb-4dbc-81f3-88c448fa08ca{ip: 192.168.5.161, host: pr-hdds-1569-zxpks-796972592, networkLocation: /default-rack, certSerialId: null}, Type:RATIS, Factor:ONE, State:OPEN]
2019-09-25 05:52:29,231 [grpc-default-executor-0] INFO  impl.RaftServerProxy (RaftServerProxy.java:addNew(89)) - 5351ca64-bccb-4dbc-81f3-88c448fa08ca: addNew group-5055CA6352A3:[5351ca64-bccb-4dbc-81f3-88c448fa08ca:192.168.5.161:34014] returns group-5055CA6352A3:java.util.concurrent.CompletableFuture@50cfd593[Not completed]
2019-09-25 05:52:29,232 [pool-177-thread-1] INFO  impl.RaftServerImpl (RaftServerImpl.java:<init>(95)) - 5351ca64-bccb-4dbc-81f3-88c448fa08ca: new RaftServerImpl for group-5055CA6352A3:[5351ca64-bccb-4dbc-81f3-88c448fa08ca:192.168.5.161:34014] with ContainerStateMachine:uninitialized
2019-09-25 05:52:29,232 [pool-177-thread-1] INFO  server.RaftServerConfigKeys (ConfUtils.java:logGet(43)) - raft.server.rpc.timeout.min = 5s (custom)
2019-09-25 05:52:29,232 [pool-177-thread-1] INFO  server.RaftServerConfigKeys (ConfUtils.java:logGet(43)) - raft.server.rpc.timeout.max = 5200ms (custom)
2019-09-25 05:52:29,232 [pool-177-thread-1] INFO  server.RaftServerConfigKeys (ConfUtils.java:logGet(43)) - raft.server.rpcslowness.timeout = 120s (custom)
2019-09-25 05:52:29,233 [pool-177-thread-1] INFO  server.RaftServerConfigKeys (ConfUtils.java:logGet(43)) - raft.server.sleep.deviation.threshold = 300 (default)
2019-09-25 05:52:29,233 [pool-177-thread-1] INFO  server.RaftServerConfigKeys (ConfUtils.java:logGet(43)) - raft.server.log.appender.install.snapshot.enabled = false (custom)
2019-09-25 05:52:29,233 [pool-177-thread-1] INFO  impl.RaftServerImpl (ServerState.java:<init>(103)) - 5351ca64-bccb-4dbc-81f3-88c448fa08ca@group-5055CA6352A3: ConfigurationManager, init=-1: [5351ca64-bccb-4dbc-81f3-88c448fa08ca:192.168.5.161:34014], old=null, confs=<EMPTY_MAP>
2019-09-25 05:52:29,233 [pool-177-thread-1] INFO  server.RaftServerConfigKeys (ConfUtils.java:logGet(43)) - raft.server.storage.dir = [/workdir/hadoop-ozone/ozonefs/target/test-dir/MiniOzoneClusterImpl-ffa13d7c-c890-4caf-bec8-d19cbd1e24dd/datanode-0/data/ratis] (custom)
2019-09-25 05:52:29,233 [pool-177-thread-1] INFO  storage.RaftStorageDirectory (RaftStorageDirectory.java:analyzeStorage(246)) - The storage directory /workdir/hadoop-ozone/ozonefs/target/test-dir/MiniOzoneClusterImpl-ffa13d7c-c890-4caf-bec8-d19cbd1e24dd/datanode-0/data/ratis/fceb0ec7-742b-492b-8a95-5055ca6352a3 does not exist. Creating ...
2019-09-25 05:52:29,246 [pool-177-thread-1] INFO  storage.RaftStorageDirectory (RaftStorageDirectory.java:tryLock(328)) - Lock on /workdir/hadoop-ozone/ozonefs/target/test-dir/MiniOzoneClusterImpl-ffa13d7c-c890-4caf-bec8-d19cbd1e24dd/datanode-0/data/ratis/fceb0ec7-742b-492b-8a95-5055ca6352a3/in_use.lock acquired by nodename 13808@pr-hdds-1569-zxpks-796972592
2019-09-25 05:52:29,259 [pool-177-thread-1] INFO  storage.RaftStorage (RaftStorage.java:format(72)) - Storage directory /workdir/hadoop-ozone/ozonefs/target/test-dir/MiniOzoneClusterImpl-ffa13d7c-c890-4caf-bec8-d19cbd1e24dd/datanode-0/data/ratis/fceb0ec7-742b-492b-8a95-5055ca6352a3 has been successfully formatted.
2019-09-25 05:52:29,259 [pool-177-thread-1] INFO  ratis.ContainerStateMachine (ContainerStateMachine.java:loadSnapshot(230)) - group-5055CA6352A3: The snapshot info is null. Setting the last applied indexto:(t:0, i:~)
2019-09-25 05:52:29,260 [pool-177-thread-1] INFO  server.RaftServerConfigKeys (ConfUtils.java:logGet(43)) - raft.server.notification.no-leader.timeout = 120s (custom)
2019-09-25 05:52:29,260 [pool-177-thread-1] INFO  server.RaftServerConfigKeys (ConfUtils.java:logGet(43)) - raft.server.log.use.memory = false (default)
2019-09-25 05:52:29,260 [pool-177-thread-1] INFO  server.RaftServerConfigKeys (ConfUtils.java:logGet(43)) - raft.server.log.purge.gap = 1000000 (custom)
2019-09-25 05:52:29,260 [pool-177-thread-1] INFO  server.RaftServerConfigKeys (ConfUtils.java:logGet(43)) - raft.server.log.appender.buffer.byte-limit = 33554432 (custom)
2019-09-25 05:52:29,260 [pool-177-thread-1] INFO  server.RaftServerConfigKeys (ConfUtils.java:logGet(43)) - raft.server.log.segment.size.max = 1048576 (custom)
2019-09-25 05:52:29,260 [pool-177-thread-1] INFO  server.RaftServerConfigKeys (ConfUtils.java:logGet(43)) - raft.server.log.segment.cache.num.max = 2 (custom)
2019-09-25 05:52:29,261 [pool-177-thread-1] INFO  segmented.SegmentedRaftLogWorker (SegmentedRaftLogWorker.java:<init>(172)) - new 5351ca64-bccb-4dbc-81f3-88c448fa08ca@group-5055CA6352A3-SegmentedRaftLogWorker for RaftStorage:Storage Directory /workdir/hadoop-ozone/ozonefs/target/test-dir/MiniOzoneClusterImpl-ffa13d7c-c890-4caf-bec8-d19cbd1e24dd/datanode-0/data/ratis/fceb0ec7-742b-492b-8a95-5055ca6352a3
2019-09-25 05:52:29,261 [pool-177-thread-1] INFO  server.RaftServerConfigKeys (ConfUtils.java:logGet(43)) - raft.server.log.queue.byte-limit = 2147483647 (custom)
2019-09-25 05:52:29,261 [pool-177-thread-1] INFO  server.RaftServerConfigKeys (ConfUtils.java:logGet(43)) - raft.server.log.queue.element-limit = 1024 (custom)
2019-09-25 05:52:29,261 [pool-177-thread-1] INFO  server.RaftServerConfigKeys (ConfUtils.java:logGet(43)) - raft.server.log.segment.size.max = 1048576 (custom)
2019-09-25 05:52:29,261 [pool-177-thread-1] INFO  server.RaftServerConfigKeys (ConfUtils.java:logGet(43)) - raft.server.log.preallocated.size = 16384 (custom)
2019-09-25 05:52:29,261 [pool-177-thread-1] INFO  server.RaftServerConfigKeys (ConfUtils.java:logGet(43)) - raft.server.log.write.buffer.size = 33554432 (custom)
2019-09-25 05:52:29,262 [pool-177-thread-1] INFO  server.RaftServerConfigKeys (ConfUtils.java:logGet(43)) - raft.server.log.force.sync.num = 128 (default)
2019-09-25 05:52:29,262 [pool-177-thread-1] INFO  server.RaftServerConfigKeys (ConfUtils.java:logGet(43)) - raft.server.log.statemachine.data.sync = true (default)
2019-09-25 05:52:29,262 [pool-177-thread-1] INFO  server.RaftServerConfigKeys (ConfUtils.java:logGet(43)) - raft.server.log.statemachine.data.sync.timeout = 10s (default)
2019-09-25 05:52:29,262 [pool-177-thread-1] INFO  server.RaftServerConfigKeys (ConfUtils.java:logGet(43)) - raft.server.log.statemachine.data.sync.timeout.retry = -1 (default)
2019-09-25 05:52:29,262 [pool-177-thread-1] INFO  server.RaftServerConfigKeys (ConfUtils.java:logGet(43)) - raft.server.log.statemachine.data.caching.enabled = true (custom)
2019-09-25 05:52:29,263 [pool-177-thread-1] INFO  segmented.SegmentedRaftLogWorker (SegmentedRaftLogWorker.java:lambda$new$0(132)) - 5351ca64-bccb-4dbc-81f3-88c448fa08ca@group-5055CA6352A3-SegmentedRaftLogWorker: flushIndex: setUnconditionally 0 -> -1
2019-09-25 05:52:29,263 [pool-177-thread-1] INFO  server.RaftServerConfigKeys (ConfUtils.java:logGet(43)) - raft.server.snapshot.auto.trigger.enabled = true (custom)
2019-09-25 05:52:29,263 [pool-177-thread-1] INFO  server.RaftServerConfigKeys (ConfUtils.java:logGet(43)) - raft.server.snapshot.auto.trigger.threshold = 10000 (custom)
2019-09-25 05:52:29,263 [pool-177-thread-1] INFO  server.RaftServerConfigKeys (ConfUtils.java:logGet(43)) - raft.server.snapshot.retention.num.files = 5 (custom)
2019-09-25 05:52:29,264 [pool-177-thread-1] INFO  server.RaftServerConfigKeys (ConfUtils.java:logGet(43)) - raft.server.retrycache.expirytime = 600000ms (custom)
2019-09-25 05:52:29,266 [pool-177-thread-1] INFO  impl.RaftServerImpl (RaftServerImpl.java:start(185)) - 5351ca64-bccb-4dbc-81f3-88c448fa08ca@group-5055CA6352A3: start as a follower, conf=-1: [5351ca64-bccb-4dbc-81f3-88c448fa08ca:192.168.5.161:34014], old=null
2019-09-25 05:52:29,266 [pool-177-thread-1] INFO  impl.RaftServerImpl (RaftServerImpl.java:setRole(174)) - 5351ca64-bccb-4dbc-81f3-88c448fa08ca@group-5055CA6352A3: changes role from      null to FOLLOWER at term 0 for startAsFollower
2019-09-25 05:52:29,266 [pool-177-thread-1] INFO  impl.RoleInfo (RoleInfo.java:updateAndGet(143)) - 5351ca64-bccb-4dbc-81f3-88c448fa08ca: start FollowerState
2019-09-25 05:52:29,267 [pool-177-thread-1] INFO  util.JmxRegister (JmxRegister.java:tryRegister(44)) - Successfully registered JMX Bean with object name Ratis:service=RaftServer,group=group-5055CA6352A3,id=5351ca64-bccb-4dbc-81f3-88c448fa08ca
2019-09-25 05:52:29,270 [RatisPipelineUtilsThread] INFO  pipeline.PipelineStateManager (PipelineStateManager.java:addPipeline(56)) - Created pipeline Pipeline[ Id: fceb0ec7-742b-492b-8a95-5055ca6352a3, Nodes: 5351ca64-bccb-4dbc-81f3-88c448fa08ca{ip: 192.168.5.161, host: pr-hdds-1569-zxpks-796972592, networkLocation: /default-rack, certSerialId: null}, Type:RATIS, Factor:ONE, State:OPEN]
2019-09-25 05:52:29,276 [grpc-default-executor-0] INFO  impl.RaftServerProxy (RaftServerProxy.java:addNew(89)) - 5351ca64-bccb-4dbc-81f3-88c448fa08ca: addNew group-9FA4CE1948BA:[5351ca64-bccb-4dbc-81f3-88c448fa08ca:192.168.5.161:34014] returns group-9FA4CE1948BA:java.util.concurrent.CompletableFuture@6deba1e0[Not completed]
2019-09-25 05:52:29,277 [pool-177-thread-1] INFO  impl.RaftServerImpl (RaftServerImpl.java:<init>(95)) - 5351ca64-bccb-4dbc-81f3-88c448fa08ca: new RaftServerImpl for group-9FA4CE1948BA:[5351ca64-bccb-4dbc-81f3-88c448fa08ca:192.168.5.161:34014] with ContainerStateMachine:uninitialized
2019-09-25 05:52:29,277 [pool-177-thread-1] INFO  server.RaftServerConfigKeys (ConfUtils.java:logGet(43)) - raft.server.rpc.timeout.min = 5s (custom)
2019-09-25 05:52:29,277 [pool-177-thread-1] INFO  server.RaftServerConfigKeys (ConfUtils.java:logGet(43)) - raft.server.rpc.timeout.max = 5200ms (custom)
2019-09-25 05:52:29,278 [pool-177-thread-1] INFO  server.RaftServerConfigKeys (ConfUtils.java:logGet(43)) - raft.server.rpcslowness.timeout = 120s (custom)
2019-09-25 05:52:29,278 [pool-177-thread-1] INFO  server.RaftServerConfigKeys (ConfUtils.java:logGet(43)) - raft.server.sleep.deviation.threshold = 300 (default)
2019-09-25 05:52:29,278 [pool-177-thread-1] INFO  server.RaftServerConfigKeys (ConfUtils.java:logGet(43)) - raft.server.log.appender.install.snapshot.enabled = false (custom)
2019-09-25 05:52:29,278 [pool-177-thread-1] INFO  impl.RaftServerImpl (ServerState.java:<init>(103)) - 5351ca64-bccb-4dbc-81f3-88c448fa08ca@group-9FA4CE1948BA: ConfigurationManager, init=-1: [5351ca64-bccb-4dbc-81f3-88c448fa08ca:192.168.5.161:34014], old=null, confs=<EMPTY_MAP>
2019-09-25 05:52:29,278 [pool-177-thread-1] INFO  server.RaftServerConfigKeys (ConfUtils.java:logGet(43)) - raft.server.storage.dir = [/workdir/hadoop-ozone/ozonefs/target/test-dir/MiniOzoneClusterImpl-ffa13d7c-c890-4caf-bec8-d19cbd1e24dd/datanode-0/data/ratis] (custom)
2019-09-25 05:52:29,279 [pool-177-thread-1] INFO  storage.RaftStorageDirectory (RaftStorageDirectory.java:analyzeStorage(246)) - The storage directory /workdir/hadoop-ozone/ozonefs/target/test-dir/MiniOzoneClusterImpl-ffa13d7c-c890-4caf-bec8-d19cbd1e24dd/datanode-0/data/ratis/4340b337-c6cb-47e6-b1b7-9fa4ce1948ba does not exist. Creating ...
2019-09-25 05:52:29,291 [pool-177-thread-1] INFO  storage.RaftStorageDirectory (RaftStorageDirectory.java:tryLock(328)) - Lock on /workdir/hadoop-ozone/ozonefs/target/test-dir/MiniOzoneClusterImpl-ffa13d7c-c890-4caf-bec8-d19cbd1e24dd/datanode-0/data/ratis/4340b337-c6cb-47e6-b1b7-9fa4ce1948ba/in_use.lock acquired by nodename 13808@pr-hdds-1569-zxpks-796972592
2019-09-25 05:52:29,295 [pool-177-thread-1] INFO  storage.RaftStorage (RaftStorage.java:format(72)) - Storage directory /workdir/hadoop-ozone/ozonefs/target/test-dir/MiniOzoneClusterImpl-ffa13d7c-c890-4caf-bec8-d19cbd1e24dd/datanode-0/data/ratis/4340b337-c6cb-47e6-b1b7-9fa4ce1948ba has been successfully formatted.
2019-09-25 05:52:29,295 [pool-177-thread-1] INFO  ratis.ContainerStateMachine (ContainerStateMachine.java:loadSnapshot(230)) - group-9FA4CE1948BA: The snapshot info is null. Setting the last applied indexto:(t:0, i:~)
2019-09-25 05:52:29,295 [pool-177-thread-1] INFO  server.RaftServerConfigKeys (ConfUtils.java:logGet(43)) - raft.server.notification.no-leader.timeout = 120s (custom)
2019-09-25 05:52:29,295 [pool-177-thread-1] INFO  server.RaftServerConfigKeys (ConfUtils.java:logGet(43)) - raft.server.log.use.memory = false (default)
2019-09-25 05:52:29,295 [pool-177-thread-1] INFO  server.RaftServerConfigKeys (ConfUtils.java:logGet(43)) - raft.server.log.purge.gap = 1000000 (custom)
2019-09-25 05:52:29,296 [pool-177-thread-1] INFO  server.RaftServerConfigKeys (ConfUtils.java:logGet(43)) - raft.server.log.appender.buffer.byte-limit = 33554432 (custom)
2019-09-25 05:52:29,296 [pool-177-thread-1] INFO  server.RaftServerConfigKeys (ConfUtils.java:logGet(43)) - raft.server.log.segment.size.max = 1048576 (custom)
2019-09-25 05:52:29,296 [pool-177-thread-1] INFO  server.RaftServerConfigKeys (ConfUtils.java:logGet(43)) - raft.server.log.segment.cache.num.max = 2 (custom)
2019-09-25 05:52:29,296 [pool-177-thread-1] INFO  segmented.SegmentedRaftLogWorker (SegmentedRaftLogWorker.java:<init>(172)) - new 5351ca64-bccb-4dbc-81f3-88c448fa08ca@group-9FA4CE1948BA-SegmentedRaftLogWorker for RaftStorage:Storage Directory /workdir/hadoop-ozone/ozonefs/target/test-dir/MiniOzoneClusterImpl-ffa13d7c-c890-4caf-bec8-d19cbd1e24dd/datanode-0/data/ratis/4340b337-c6cb-47e6-b1b7-9fa4ce1948ba
2019-09-25 05:52:29,296 [pool-177-thread-1] INFO  server.RaftServerConfigKeys (ConfUtils.java:logGet(43)) - raft.server.log.queue.byte-limit = 2147483647 (custom)
2019-09-25 05:52:29,296 [pool-177-thread-1] INFO  server.RaftServerConfigKeys (ConfUtils.java:logGet(43)) - raft.server.log.queue.element-limit = 1024 (custom)
2019-09-25 05:52:29,297 [pool-177-thread-1] INFO  server.RaftServerConfigKeys (ConfUtils.java:logGet(43)) - raft.server.log.segment.size.max = 1048576 (custom)
2019-09-25 05:52:29,297 [pool-177-thread-1] INFO  server.RaftServerConfigKeys (ConfUtils.java:logGet(43)) - raft.server.log.preallocated.size = 16384 (custom)
2019-09-25 05:52:29,297 [pool-177-thread-1] INFO  server.RaftServerConfigKeys (ConfUtils.java:logGet(43)) - raft.server.log.write.buffer.size = 33554432 (custom)
2019-09-25 05:52:29,297 [pool-177-thread-1] INFO  server.RaftServerConfigKeys (ConfUtils.java:logGet(43)) - raft.server.log.force.sync.num = 128 (default)
2019-09-25 05:52:29,297 [pool-177-thread-1] INFO  server.RaftServerConfigKeys (ConfUtils.java:logGet(43)) - raft.server.log.statemachine.data.sync = true (default)
2019-09-25 05:52:29,297 [pool-177-thread-1] INFO  server.RaftServerConfigKeys (ConfUtils.java:logGet(43)) - raft.server.log.statemachine.data.sync.timeout = 10s (default)
2019-09-25 05:52:29,297 [pool-177-thread-1] INFO  server.RaftServerConfigKeys (ConfUtils.java:logGet(43)) - raft.server.log.statemachine.data.sync.timeout.retry = -1 (default)
2019-09-25 05:52:29,298 [pool-177-thread-1] INFO  server.RaftServerConfigKeys (ConfUtils.java:logGet(43)) - raft.server.log.statemachine.data.caching.enabled = true (custom)
2019-09-25 05:52:29,298 [pool-177-thread-1] INFO  segmented.SegmentedRaftLogWorker (SegmentedRaftLogWorker.java:lambda$new$0(132)) - 5351ca64-bccb-4dbc-81f3-88c448fa08ca@group-9FA4CE1948BA-SegmentedRaftLogWorker: flushIndex: setUnconditionally 0 -> -1
2019-09-25 05:52:29,298 [pool-177-thread-1] INFO  server.RaftServerConfigKeys (ConfUtils.java:logGet(43)) - raft.server.snapshot.auto.trigger.enabled = true (custom)
2019-09-25 05:52:29,298 [pool-177-thread-1] INFO  server.RaftServerConfigKeys (ConfUtils.java:logGet(43)) - raft.server.snapshot.auto.trigger.threshold = 10000 (custom)
2019-09-25 05:52:29,299 [pool-177-thread-1] INFO  server.RaftServerConfigKeys (ConfUtils.java:logGet(43)) - raft.server.snapshot.retention.num.files = 5 (custom)
2019-09-25 05:52:29,299 [pool-177-thread-1] INFO  server.RaftServerConfigKeys (ConfUtils.java:logGet(43)) - raft.server.retrycache.expirytime = 600000ms (custom)
2019-09-25 05:52:29,301 [pool-177-thread-1] INFO  impl.RaftServerImpl (RaftServerImpl.java:start(185)) - 5351ca64-bccb-4dbc-81f3-88c448fa08ca@group-9FA4CE1948BA: start as a follower, conf=-1: [5351ca64-bccb-4dbc-81f3-88c448fa08ca:192.168.5.161:34014], old=null
2019-09-25 05:52:29,301 [pool-177-thread-1] INFO  impl.RaftServerImpl (RaftServerImpl.java:setRole(174)) - 5351ca64-bccb-4dbc-81f3-88c448fa08ca@group-9FA4CE1948BA: changes role from      null to FOLLOWER at term 0 for startAsFollower
2019-09-25 05:52:29,301 [pool-177-thread-1] INFO  impl.RoleInfo (RoleInfo.java:updateAndGet(143)) - 5351ca64-bccb-4dbc-81f3-88c448fa08ca: start FollowerState
2019-09-25 05:52:29,302 [pool-177-thread-1] INFO  util.JmxRegister (JmxRegister.java:tryRegister(44)) - Successfully registered JMX Bean with object name Ratis:service=RaftServer,group=group-9FA4CE1948BA,id=5351ca64-bccb-4dbc-81f3-88c448fa08ca
2019-09-25 05:52:29,305 [RatisPipelineUtilsThread] INFO  pipeline.PipelineStateManager (PipelineStateManager.java:addPipeline(56)) - Created pipeline Pipeline[ Id: 4340b337-c6cb-47e6-b1b7-9fa4ce1948ba, Nodes: 5351ca64-bccb-4dbc-81f3-88c448fa08ca{ip: 192.168.5.161, host: pr-hdds-1569-zxpks-796972592, networkLocation: /default-rack, certSerialId: null}, Type:RATIS, Factor:ONE, State:OPEN]
2019-09-25 05:52:29,311 [grpc-default-executor-0] INFO  impl.RaftServerProxy (RaftServerProxy.java:addNew(89)) - 5351ca64-bccb-4dbc-81f3-88c448fa08ca: addNew group-D60002431527:[5351ca64-bccb-4dbc-81f3-88c448fa08ca:192.168.5.161:34014] returns group-D60002431527:java.util.concurrent.CompletableFuture@8acc10[Not completed]
2019-09-25 05:52:29,312 [pool-177-thread-1] INFO  impl.RaftServerImpl (RaftServerImpl.java:<init>(95)) - 5351ca64-bccb-4dbc-81f3-88c448fa08ca: new RaftServerImpl for group-D60002431527:[5351ca64-bccb-4dbc-81f3-88c448fa08ca:192.168.5.161:34014] with ContainerStateMachine:uninitialized
2019-09-25 05:52:29,312 [pool-177-thread-1] INFO  server.RaftServerConfigKeys (ConfUtils.java:logGet(43)) - raft.server.rpc.timeout.min = 5s (custom)
2019-09-25 05:52:29,312 [pool-177-thread-1] INFO  server.RaftServerConfigKeys (ConfUtils.java:logGet(43)) - raft.server.rpc.timeout.max = 5200ms (custom)
2019-09-25 05:52:29,313 [pool-177-thread-1] INFO  server.RaftServerConfigKeys (ConfUtils.java:logGet(43)) - raft.server.rpcslowness.timeout = 120s (custom)
2019-09-25 05:52:29,313 [pool-177-thread-1] INFO  server.RaftServerConfigKeys (ConfUtils.java:logGet(43)) - raft.server.sleep.deviation.threshold = 300 (default)
2019-09-25 05:52:29,313 [pool-177-thread-1] INFO  server.RaftServerConfigKeys (ConfUtils.java:logGet(43)) - raft.server.log.appender.install.snapshot.enabled = false (custom)
2019-09-25 05:52:29,313 [pool-177-thread-1] INFO  impl.RaftServerImpl (ServerState.java:<init>(103)) - 5351ca64-bccb-4dbc-81f3-88c448fa08ca@group-D60002431527: ConfigurationManager, init=-1: [5351ca64-bccb-4dbc-81f3-88c448fa08ca:192.168.5.161:34014], old=null, confs=<EMPTY_MAP>
2019-09-25 05:52:29,313 [pool-177-thread-1] INFO  server.RaftServerConfigKeys (ConfUtils.java:logGet(43)) - raft.server.storage.dir = [/workdir/hadoop-ozone/ozonefs/target/test-dir/MiniOzoneClusterImpl-ffa13d7c-c890-4caf-bec8-d19cbd1e24dd/datanode-0/data/ratis] (custom)
2019-09-25 05:52:29,314 [pool-177-thread-1] INFO  storage.RaftStorageDirectory (RaftStorageDirectory.java:analyzeStorage(246)) - The storage directory /workdir/hadoop-ozone/ozonefs/target/test-dir/MiniOzoneClusterImpl-ffa13d7c-c890-4caf-bec8-d19cbd1e24dd/datanode-0/data/ratis/c5dd9ea0-09be-42fc-a954-d60002431527 does not exist. Creating ...
2019-09-25 05:52:29,317 [pool-177-thread-1] INFO  storage.RaftStorageDirectory (RaftStorageDirectory.java:tryLock(328)) - Lock on /workdir/hadoop-ozone/ozonefs/target/test-dir/MiniOzoneClusterImpl-ffa13d7c-c890-4caf-bec8-d19cbd1e24dd/datanode-0/data/ratis/c5dd9ea0-09be-42fc-a954-d60002431527/in_use.lock acquired by nodename 13808@pr-hdds-1569-zxpks-796972592
2019-09-25 05:52:29,320 [pool-177-thread-1] INFO  storage.RaftStorage (RaftStorage.java:format(72)) - Storage directory /workdir/hadoop-ozone/ozonefs/target/test-dir/MiniOzoneClusterImpl-ffa13d7c-c890-4caf-bec8-d19cbd1e24dd/datanode-0/data/ratis/c5dd9ea0-09be-42fc-a954-d60002431527 has been successfully formatted.
2019-09-25 05:52:29,320 [pool-177-thread-1] INFO  ratis.ContainerStateMachine (ContainerStateMachine.java:loadSnapshot(230)) - group-D60002431527: The snapshot info is null. Setting the last applied indexto:(t:0, i:~)
2019-09-25 05:52:29,320 [pool-177-thread-1] INFO  server.RaftServerConfigKeys (ConfUtils.java:logGet(43)) - raft.server.notification.no-leader.timeout = 120s (custom)
2019-09-25 05:52:29,321 [pool-177-thread-1] INFO  server.RaftServerConfigKeys (ConfUtils.java:logGet(43)) - raft.server.log.use.memory = false (default)
2019-09-25 05:52:29,321 [pool-177-thread-1] INFO  server.RaftServerConfigKeys (ConfUtils.java:logGet(43)) - raft.server.log.purge.gap = 1000000 (custom)
2019-09-25 05:52:29,321 [pool-177-thread-1] INFO  server.RaftServerConfigKeys (ConfUtils.java:logGet(43)) - raft.server.log.appender.buffer.byte-limit = 33554432 (custom)
2019-09-25 05:52:29,321 [pool-177-thread-1] INFO  server.RaftServerConfigKeys (ConfUtils.java:logGet(43)) - raft.server.log.segment.size.max = 1048576 (custom)
2019-09-25 05:52:29,321 [pool-177-thread-1] INFO  server.RaftServerConfigKeys (ConfUtils.java:logGet(43)) - raft.server.log.segment.cache.num.max = 2 (custom)
2019-09-25 05:52:29,321 [pool-177-thread-1] INFO  segmented.SegmentedRaftLogWorker (SegmentedRaftLogWorker.java:<init>(172)) - new 5351ca64-bccb-4dbc-81f3-88c448fa08ca@group-D60002431527-SegmentedRaftLogWorker for RaftStorage:Storage Directory /workdir/hadoop-ozone/ozonefs/target/test-dir/MiniOzoneClusterImpl-ffa13d7c-c890-4caf-bec8-d19cbd1e24dd/datanode-0/data/ratis/c5dd9ea0-09be-42fc-a954-d60002431527
2019-09-25 05:52:29,321 [pool-177-thread-1] INFO  server.RaftServerConfigKeys (ConfUtils.java:logGet(43)) - raft.server.log.queue.byte-limit = 2147483647 (custom)
2019-09-25 05:52:29,322 [pool-177-thread-1] INFO  server.RaftServerConfigKeys (ConfUtils.java:logGet(43)) - raft.server.log.queue.element-limit = 1024 (custom)
2019-09-25 05:52:29,322 [pool-177-thread-1] INFO  server.RaftServerConfigKeys (ConfUtils.java:logGet(43)) - raft.server.log.segment.size.max = 1048576 (custom)
2019-09-25 05:52:29,322 [pool-177-thread-1] INFO  server.RaftServerConfigKeys (ConfUtils.java:logGet(43)) - raft.server.log.preallocated.size = 16384 (custom)
2019-09-25 05:52:29,322 [pool-177-thread-1] INFO  server.RaftServerConfigKeys (ConfUtils.java:logGet(43)) - raft.server.log.write.buffer.size = 33554432 (custom)
2019-09-25 05:52:29,322 [pool-177-thread-1] INFO  server.RaftServerConfigKeys (ConfUtils.java:logGet(43)) - raft.server.log.force.sync.num = 128 (default)
2019-09-25 05:52:29,322 [pool-177-thread-1] INFO  server.RaftServerConfigKeys (ConfUtils.java:logGet(43)) - raft.server.log.statemachine.data.sync = true (default)
2019-09-25 05:52:29,323 [pool-177-thread-1] INFO  server.RaftServerConfigKeys (ConfUtils.java:logGet(43)) - raft.server.log.statemachine.data.sync.timeout = 10s (default)
2019-09-25 05:52:29,323 [pool-177-thread-1] INFO  server.RaftServerConfigKeys (ConfUtils.java:logGet(43)) - raft.server.log.statemachine.data.sync.timeout.retry = -1 (default)
2019-09-25 05:52:29,323 [pool-177-thread-1] INFO  server.RaftServerConfigKeys (ConfUtils.java:logGet(43)) - raft.server.log.statemachine.data.caching.enabled = true (custom)
2019-09-25 05:52:29,323 [pool-177-thread-1] INFO  segmented.SegmentedRaftLogWorker (SegmentedRaftLogWorker.java:lambda$new$0(132)) - 5351ca64-bccb-4dbc-81f3-88c448fa08ca@group-D60002431527-SegmentedRaftLogWorker: flushIndex: setUnconditionally 0 -> -1
2019-09-25 05:52:29,324 [pool-177-thread-1] INFO  server.RaftServerConfigKeys (ConfUtils.java:logGet(43)) - raft.server.snapshot.auto.trigger.enabled = true (custom)
2019-09-25 05:52:29,324 [pool-177-thread-1] INFO  server.RaftServerConfigKeys (ConfUtils.java:logGet(43)) - raft.server.snapshot.auto.trigger.threshold = 10000 (custom)
2019-09-25 05:52:29,324 [pool-177-thread-1] INFO  server.RaftServerConfigKeys (ConfUtils.java:logGet(43)) - raft.server.snapshot.retention.num.files = 5 (custom)
2019-09-25 05:52:29,324 [pool-177-thread-1] INFO  server.RaftServerConfigKeys (ConfUtils.java:logGet(43)) - raft.server.retrycache.expirytime = 600000ms (custom)
2019-09-25 05:52:29,326 [pool-177-thread-1] INFO  impl.RaftServerImpl (RaftServerImpl.java:start(185)) - 5351ca64-bccb-4dbc-81f3-88c448fa08ca@group-D60002431527: start as a follower, conf=-1: [5351ca64-bccb-4dbc-81f3-88c448fa08ca:192.168.5.161:34014], old=null
2019-09-25 05:52:29,326 [pool-177-thread-1] INFO  impl.RaftServerImpl (RaftServerImpl.java:setRole(174)) - 5351ca64-bccb-4dbc-81f3-88c448fa08ca@group-D60002431527: changes role from      null to FOLLOWER at term 0 for startAsFollower
2019-09-25 05:52:29,326 [pool-177-thread-1] INFO  impl.RoleInfo (RoleInfo.java:updateAndGet(143)) - 5351ca64-bccb-4dbc-81f3-88c448fa08ca: start FollowerState
2019-09-25 05:52:29,327 [pool-177-thread-1] INFO  util.JmxRegister (JmxRegister.java:tryRegister(44)) - Successfully registered JMX Bean with object name Ratis:service=RaftServer,group=group-D60002431527,id=5351ca64-bccb-4dbc-81f3-88c448fa08ca
2019-09-25 05:52:29,329 [RatisPipelineUtilsThread] INFO  pipeline.PipelineStateManager (PipelineStateManager.java:addPipeline(56)) - Created pipeline Pipeline[ Id: c5dd9ea0-09be-42fc-a954-d60002431527, Nodes: 5351ca64-bccb-4dbc-81f3-88c448fa08ca{ip: 192.168.5.161, host: pr-hdds-1569-zxpks-796972592, networkLocation: /default-rack, certSerialId: null}, Type:RATIS, Factor:ONE, State:OPEN]
2019-09-25 05:52:29,330 [RatisPipelineUtilsThread] INFO  pipeline.PipelinePlacementPolicy (PipelinePlacementPolicy.java:meetCriteria(91)) - Pipeline Placement: can't place more pipeline on heavy datanode： 5351ca64-bccb-4dbc-81f3-88c448fa08ca Heaviness: 6 limit: 5
2019-09-25 05:52:29,338 [grpc-default-executor-0] INFO  impl.RaftServerProxy (RaftServerProxy.java:addNew(89)) - 74c214a6-2081-4cec-a66f-57ef14a49025: addNew group-D160EDFAB5E9:[74c214a6-2081-4cec-a66f-57ef14a49025:192.168.5.161:40722] returns group-D160EDFAB5E9:java.util.concurrent.CompletableFuture@614a4fb4[Not completed]
2019-09-25 05:52:29,340 [pool-187-thread-1] INFO  impl.RaftServerImpl (RaftServerImpl.java:<init>(95)) - 74c214a6-2081-4cec-a66f-57ef14a49025: new RaftServerImpl for group-D160EDFAB5E9:[74c214a6-2081-4cec-a66f-57ef14a49025:192.168.5.161:40722] with ContainerStateMachine:uninitialized
2019-09-25 05:52:29,340 [pool-187-thread-1] INFO  server.RaftServerConfigKeys (ConfUtils.java:logGet(43)) - raft.server.rpc.timeout.min = 5s (custom)
2019-09-25 05:52:29,340 [pool-187-thread-1] INFO  server.RaftServerConfigKeys (ConfUtils.java:logGet(43)) - raft.server.rpc.timeout.max = 5200ms (custom)
2019-09-25 05:52:29,340 [pool-187-thread-1] INFO  server.RaftServerConfigKeys (ConfUtils.java:logGet(43)) - raft.server.rpcslowness.timeout = 120s (custom)
2019-09-25 05:52:29,340 [pool-187-thread-1] INFO  server.RaftServerConfigKeys (ConfUtils.java:logGet(43)) - raft.server.sleep.deviation.threshold = 300 (default)
2019-09-25 05:52:29,340 [pool-187-thread-1] INFO  server.RaftServerConfigKeys (ConfUtils.java:logGet(43)) - raft.server.log.appender.install.snapshot.enabled = false (custom)
2019-09-25 05:52:29,341 [pool-187-thread-1] INFO  impl.RaftServerImpl (ServerState.java:<init>(103)) - 74c214a6-2081-4cec-a66f-57ef14a49025@group-D160EDFAB5E9: ConfigurationManager, init=-1: [74c214a6-2081-4cec-a66f-57ef14a49025:192.168.5.161:40722], old=null, confs=<EMPTY_MAP>
2019-09-25 05:52:29,341 [pool-187-thread-1] INFO  server.RaftServerConfigKeys (ConfUtils.java:logGet(43)) - raft.server.storage.dir = [/workdir/hadoop-ozone/ozonefs/target/test-dir/MiniOzoneClusterImpl-ffa13d7c-c890-4caf-bec8-d19cbd1e24dd/datanode-1/data/ratis] (custom)
2019-09-25 05:52:29,341 [pool-187-thread-1] INFO  storage.RaftStorageDirectory (RaftStorageDirectory.java:analyzeStorage(246)) - The storage directory /workdir/hadoop-ozone/ozonefs/target/test-dir/MiniOzoneClusterImpl-ffa13d7c-c890-4caf-bec8-d19cbd1e24dd/datanode-1/data/ratis/58225487-d03a-41a7-becd-d160edfab5e9 does not exist. Creating ...
2019-09-25 05:52:29,346 [pool-187-thread-1] INFO  storage.RaftStorageDirectory (RaftStorageDirectory.java:tryLock(328)) - Lock on /workdir/hadoop-ozone/ozonefs/target/test-dir/MiniOzoneClusterImpl-ffa13d7c-c890-4caf-bec8-d19cbd1e24dd/datanode-1/data/ratis/58225487-d03a-41a7-becd-d160edfab5e9/in_use.lock acquired by nodename 13808@pr-hdds-1569-zxpks-796972592
2019-09-25 05:52:29,349 [pool-187-thread-1] INFO  storage.RaftStorage (RaftStorage.java:format(72)) - Storage directory /workdir/hadoop-ozone/ozonefs/target/test-dir/MiniOzoneClusterImpl-ffa13d7c-c890-4caf-bec8-d19cbd1e24dd/datanode-1/data/ratis/58225487-d03a-41a7-becd-d160edfab5e9 has been successfully formatted.
2019-09-25 05:52:29,349 [pool-187-thread-1] INFO  ratis.ContainerStateMachine (ContainerStateMachine.java:loadSnapshot(230)) - group-D160EDFAB5E9: The snapshot info is null. Setting the last applied indexto:(t:0, i:~)
2019-09-25 05:52:29,350 [pool-187-thread-1] INFO  server.RaftServerConfigKeys (ConfUtils.java:logGet(43)) - raft.server.notification.no-leader.timeout = 120s (custom)
2019-09-25 05:52:29,350 [pool-187-thread-1] INFO  server.RaftServerConfigKeys (ConfUtils.java:logGet(43)) - raft.server.log.use.memory = false (default)
2019-09-25 05:52:29,350 [pool-187-thread-1] INFO  server.RaftServerConfigKeys (ConfUtils.java:logGet(43)) - raft.server.log.purge.gap = 1000000 (custom)
2019-09-25 05:52:29,350 [pool-187-thread-1] INFO  server.RaftServerConfigKeys (ConfUtils.java:logGet(43)) - raft.server.log.appender.buffer.byte-limit = 33554432 (custom)
2019-09-25 05:52:29,350 [pool-187-thread-1] INFO  server.RaftServerConfigKeys (ConfUtils.java:logGet(43)) - raft.server.log.segment.size.max = 1048576 (custom)
2019-09-25 05:52:29,350 [pool-187-thread-1] INFO  server.RaftServerConfigKeys (ConfUtils.java:logGet(43)) - raft.server.log.segment.cache.num.max = 2 (custom)
2019-09-25 05:52:29,351 [pool-187-thread-1] INFO  segmented.SegmentedRaftLogWorker (SegmentedRaftLogWorker.java:<init>(172)) - new 74c214a6-2081-4cec-a66f-57ef14a49025@group-D160EDFAB5E9-SegmentedRaftLogWorker for RaftStorage:Storage Directory /workdir/hadoop-ozone/ozonefs/target/test-dir/MiniOzoneClusterImpl-ffa13d7c-c890-4caf-bec8-d19cbd1e24dd/datanode-1/data/ratis/58225487-d03a-41a7-becd-d160edfab5e9
2019-09-25 05:52:29,352 [pool-187-thread-1] INFO  server.RaftServerConfigKeys (ConfUtils.java:logGet(43)) - raft.server.log.queue.byte-limit = 2147483647 (custom)
2019-09-25 05:52:29,353 [pool-187-thread-1] INFO  server.RaftServerConfigKeys (ConfUtils.java:logGet(43)) - raft.server.log.queue.element-limit = 1024 (custom)
2019-09-25 05:52:29,353 [pool-187-thread-1] INFO  server.RaftServerConfigKeys (ConfUtils.java:logGet(43)) - raft.server.log.segment.size.max = 1048576 (custom)
2019-09-25 05:52:29,353 [pool-187-thread-1] INFO  server.RaftServerConfigKeys (ConfUtils.java:logGet(43)) - raft.server.log.preallocated.size = 16384 (custom)
2019-09-25 05:52:29,353 [pool-187-thread-1] INFO  server.RaftServerConfigKeys (ConfUtils.java:logGet(43)) - raft.server.log.write.buffer.size = 33554432 (custom)
2019-09-25 05:52:29,353 [pool-187-thread-1] INFO  server.RaftServerConfigKeys (ConfUtils.java:logGet(43)) - raft.server.log.force.sync.num = 128 (default)
2019-09-25 05:52:29,353 [pool-187-thread-1] INFO  server.RaftServerConfigKeys (ConfUtils.java:logGet(43)) - raft.server.log.statemachine.data.sync = true (default)
2019-09-25 05:52:29,354 [pool-187-thread-1] INFO  server.RaftServerConfigKeys (ConfUtils.java:logGet(43)) - raft.server.log.statemachine.data.sync.timeout = 10s (default)
2019-09-25 05:52:29,354 [pool-187-thread-1] INFO  server.RaftServerConfigKeys (ConfUtils.java:logGet(43)) - raft.server.log.statemachine.data.sync.timeout.retry = -1 (default)
2019-09-25 05:52:29,354 [pool-187-thread-1] INFO  server.RaftServerConfigKeys (ConfUtils.java:logGet(43)) - raft.server.log.statemachine.data.caching.enabled = true (custom)
2019-09-25 05:52:29,354 [pool-187-thread-1] INFO  segmented.SegmentedRaftLogWorker (SegmentedRaftLogWorker.java:lambda$new$0(132)) - 74c214a6-2081-4cec-a66f-57ef14a49025@group-D160EDFAB5E9-SegmentedRaftLogWorker: flushIndex: setUnconditionally 0 -> -1
2019-09-25 05:52:29,355 [pool-187-thread-1] INFO  server.RaftServerConfigKeys (ConfUtils.java:logGet(43)) - raft.server.snapshot.auto.trigger.enabled = true (custom)
2019-09-25 05:52:29,355 [pool-187-thread-1] INFO  server.RaftServerConfigKeys (ConfUtils.java:logGet(43)) - raft.server.snapshot.auto.trigger.threshold = 10000 (custom)
2019-09-25 05:52:29,355 [pool-187-thread-1] INFO  server.RaftServerConfigKeys (ConfUtils.java:logGet(43)) - raft.server.snapshot.retention.num.files = 5 (custom)
2019-09-25 05:52:29,355 [pool-187-thread-1] INFO  server.RaftServerConfigKeys (ConfUtils.java:logGet(43)) - raft.server.retrycache.expirytime = 600000ms (custom)
2019-09-25 05:52:29,357 [pool-187-thread-1] INFO  impl.RaftServerImpl (RaftServerImpl.java:start(185)) - 74c214a6-2081-4cec-a66f-57ef14a49025@group-D160EDFAB5E9: start as a follower, conf=-1: [74c214a6-2081-4cec-a66f-57ef14a49025:192.168.5.161:40722], old=null
2019-09-25 05:52:29,357 [pool-187-thread-1] INFO  impl.RaftServerImpl (RaftServerImpl.java:setRole(174)) - 74c214a6-2081-4cec-a66f-57ef14a49025@group-D160EDFAB5E9: changes role from      null to FOLLOWER at term 0 for startAsFollower
2019-09-25 05:52:29,357 [pool-187-thread-1] INFO  impl.RoleInfo (RoleInfo.java:updateAndGet(143)) - 74c214a6-2081-4cec-a66f-57ef14a49025: start FollowerState
2019-09-25 05:52:29,358 [pool-187-thread-1] INFO  util.JmxRegister (JmxRegister.java:tryRegister(44)) - Successfully registered JMX Bean with object name Ratis:service=RaftServer,group=group-D160EDFAB5E9,id=74c214a6-2081-4cec-a66f-57ef14a49025
2019-09-25 05:52:29,360 [RatisPipelineUtilsThread] INFO  pipeline.PipelineStateManager (PipelineStateManager.java:addPipeline(56)) - Created pipeline Pipeline[ Id: 58225487-d03a-41a7-becd-d160edfab5e9, Nodes: 74c214a6-2081-4cec-a66f-57ef14a49025{ip: 192.168.5.161, host: pr-hdds-1569-zxpks-796972592, networkLocation: /default-rack, certSerialId: null}, Type:RATIS, Factor:ONE, State:OPEN]
2019-09-25 05:52:29,360 [RatisPipelineUtilsThread] INFO  pipeline.PipelinePlacementPolicy (PipelinePlacementPolicy.java:meetCriteria(91)) - Pipeline Placement: can't place more pipeline on heavy datanode： 5351ca64-bccb-4dbc-81f3-88c448fa08ca Heaviness: 6 limit: 5
2019-09-25 05:52:29,366 [grpc-default-executor-0] INFO  impl.RaftServerProxy (RaftServerProxy.java:addNew(89)) - 74c214a6-2081-4cec-a66f-57ef14a49025: addNew group-5832ED48E3A0:[74c214a6-2081-4cec-a66f-57ef14a49025:192.168.5.161:40722] returns group-5832ED48E3A0:java.util.concurrent.CompletableFuture@766272d5[Not completed]
2019-09-25 05:52:29,367 [pool-187-thread-1] INFO  impl.RaftServerImpl (RaftServerImpl.java:<init>(95)) - 74c214a6-2081-4cec-a66f-57ef14a49025: new RaftServerImpl for group-5832ED48E3A0:[74c214a6-2081-4cec-a66f-57ef14a49025:192.168.5.161:40722] with ContainerStateMachine:uninitialized
2019-09-25 05:52:29,367 [pool-187-thread-1] INFO  server.RaftServerConfigKeys (ConfUtils.java:logGet(43)) - raft.server.rpc.timeout.min = 5s (custom)
2019-09-25 05:52:29,367 [pool-187-thread-1] INFO  server.RaftServerConfigKeys (ConfUtils.java:logGet(43)) - raft.server.rpc.timeout.max = 5200ms (custom)
2019-09-25 05:52:29,367 [pool-187-thread-1] INFO  server.RaftServerConfigKeys (ConfUtils.java:logGet(43)) - raft.server.rpcslowness.timeout = 120s (custom)
2019-09-25 05:52:29,367 [pool-187-thread-1] INFO  server.RaftServerConfigKeys (ConfUtils.java:logGet(43)) - raft.server.sleep.deviation.threshold = 300 (default)
2019-09-25 05:52:29,367 [pool-187-thread-1] INFO  server.RaftServerConfigKeys (ConfUtils.java:logGet(43)) - raft.server.log.appender.install.snapshot.enabled = false (custom)
2019-09-25 05:52:29,368 [pool-187-thread-1] INFO  impl.RaftServerImpl (ServerState.java:<init>(103)) - 74c214a6-2081-4cec-a66f-57ef14a49025@group-5832ED48E3A0: ConfigurationManager, init=-1: [74c214a6-2081-4cec-a66f-57ef14a49025:192.168.5.161:40722], old=null, confs=<EMPTY_MAP>
2019-09-25 05:52:29,368 [pool-187-thread-1] INFO  server.RaftServerConfigKeys (ConfUtils.java:logGet(43)) - raft.server.storage.dir = [/workdir/hadoop-ozone/ozonefs/target/test-dir/MiniOzoneClusterImpl-ffa13d7c-c890-4caf-bec8-d19cbd1e24dd/datanode-1/data/ratis] (custom)
2019-09-25 05:52:29,368 [pool-187-thread-1] INFO  storage.RaftStorageDirectory (RaftStorageDirectory.java:analyzeStorage(246)) - The storage directory /workdir/hadoop-ozone/ozonefs/target/test-dir/MiniOzoneClusterImpl-ffa13d7c-c890-4caf-bec8-d19cbd1e24dd/datanode-1/data/ratis/ea45ef10-65e3-43e6-adeb-5832ed48e3a0 does not exist. Creating ...
2019-09-25 05:52:29,372 [pool-187-thread-1] INFO  storage.RaftStorageDirectory (RaftStorageDirectory.java:tryLock(328)) - Lock on /workdir/hadoop-ozone/ozonefs/target/test-dir/MiniOzoneClusterImpl-ffa13d7c-c890-4caf-bec8-d19cbd1e24dd/datanode-1/data/ratis/ea45ef10-65e3-43e6-adeb-5832ed48e3a0/in_use.lock acquired by nodename 13808@pr-hdds-1569-zxpks-796972592
2019-09-25 05:52:29,399 [pool-187-thread-1] INFO  storage.RaftStorage (RaftStorage.java:format(72)) - Storage directory /workdir/hadoop-ozone/ozonefs/target/test-dir/MiniOzoneClusterImpl-ffa13d7c-c890-4caf-bec8-d19cbd1e24dd/datanode-1/data/ratis/ea45ef10-65e3-43e6-adeb-5832ed48e3a0 has been successfully formatted.
2019-09-25 05:52:29,399 [pool-187-thread-1] INFO  ratis.ContainerStateMachine (ContainerStateMachine.java:loadSnapshot(230)) - group-5832ED48E3A0: The snapshot info is null. Setting the last applied indexto:(t:0, i:~)
2019-09-25 05:52:29,399 [pool-187-thread-1] INFO  server.RaftServerConfigKeys (ConfUtils.java:logGet(43)) - raft.server.notification.no-leader.timeout = 120s (custom)
2019-09-25 05:52:29,400 [pool-187-thread-1] INFO  server.RaftServerConfigKeys (ConfUtils.java:logGet(43)) - raft.server.log.use.memory = false (default)
2019-09-25 05:52:29,400 [pool-187-thread-1] INFO  server.RaftServerConfigKeys (ConfUtils.java:logGet(43)) - raft.server.log.purge.gap = 1000000 (custom)
2019-09-25 05:52:29,400 [pool-187-thread-1] INFO  server.RaftServerConfigKeys (ConfUtils.java:logGet(43)) - raft.server.log.appender.buffer.byte-limit = 33554432 (custom)
2019-09-25 05:52:29,400 [pool-187-thread-1] INFO  server.RaftServerConfigKeys (ConfUtils.java:logGet(43)) - raft.server.log.segment.size.max = 1048576 (custom)
2019-09-25 05:52:29,400 [pool-187-thread-1] INFO  server.RaftServerConfigKeys (ConfUtils.java:logGet(43)) - raft.server.log.segment.cache.num.max = 2 (custom)
2019-09-25 05:52:29,400 [pool-187-thread-1] INFO  segmented.SegmentedRaftLogWorker (SegmentedRaftLogWorker.java:<init>(172)) - new 74c214a6-2081-4cec-a66f-57ef14a49025@group-5832ED48E3A0-SegmentedRaftLogWorker for RaftStorage:Storage Directory /workdir/hadoop-ozone/ozonefs/target/test-dir/MiniOzoneClusterImpl-ffa13d7c-c890-4caf-bec8-d19cbd1e24dd/datanode-1/data/ratis/ea45ef10-65e3-43e6-adeb-5832ed48e3a0
2019-09-25 05:52:29,400 [pool-187-thread-1] INFO  server.RaftServerConfigKeys (ConfUtils.java:logGet(43)) - raft.server.log.queue.byte-limit = 2147483647 (custom)
2019-09-25 05:52:29,401 [pool-187-thread-1] INFO  server.RaftServerConfigKeys (ConfUtils.java:logGet(43)) - raft.server.log.queue.element-limit = 1024 (custom)
2019-09-25 05:52:29,401 [pool-187-thread-1] INFO  server.RaftServerConfigKeys (ConfUtils.java:logGet(43)) - raft.server.log.segment.size.max = 1048576 (custom)
2019-09-25 05:52:29,401 [pool-187-thread-1] INFO  server.RaftServerConfigKeys (ConfUtils.java:logGet(43)) - raft.server.log.preallocated.size = 16384 (custom)
2019-09-25 05:52:29,401 [pool-187-thread-1] INFO  server.RaftServerConfigKeys (ConfUtils.java:logGet(43)) - raft.server.log.write.buffer.size = 33554432 (custom)
2019-09-25 05:52:29,401 [pool-187-thread-1] INFO  server.RaftServerConfigKeys (ConfUtils.java:logGet(43)) - raft.server.log.force.sync.num = 128 (default)
2019-09-25 05:52:29,401 [pool-187-thread-1] INFO  server.RaftServerConfigKeys (ConfUtils.java:logGet(43)) - raft.server.log.statemachine.data.sync = true (default)
2019-09-25 05:52:29,402 [pool-187-thread-1] INFO  server.RaftServerConfigKeys (ConfUtils.java:logGet(43)) - raft.server.log.statemachine.data.sync.timeout = 10s (default)
2019-09-25 05:52:29,402 [pool-187-thread-1] INFO  server.RaftServerConfigKeys (ConfUtils.java:logGet(43)) - raft.server.log.statemachine.data.sync.timeout.retry = -1 (default)
2019-09-25 05:52:29,402 [pool-187-thread-1] INFO  server.RaftServerConfigKeys (ConfUtils.java:logGet(43)) - raft.server.log.statemachine.data.caching.enabled = true (custom)
2019-09-25 05:52:29,402 [pool-187-thread-1] INFO  segmented.SegmentedRaftLogWorker (SegmentedRaftLogWorker.java:lambda$new$0(132)) - 74c214a6-2081-4cec-a66f-57ef14a49025@group-5832ED48E3A0-SegmentedRaftLogWorker: flushIndex: setUnconditionally 0 -> -1
2019-09-25 05:52:29,403 [pool-187-thread-1] INFO  server.RaftServerConfigKeys (ConfUtils.java:logGet(43)) - raft.server.snapshot.auto.trigger.enabled = true (custom)
2019-09-25 05:52:29,403 [pool-187-thread-1] INFO  server.RaftServerConfigKeys (ConfUtils.java:logGet(43)) - raft.server.snapshot.auto.trigger.threshold = 10000 (custom)
2019-09-25 05:52:29,403 [pool-187-thread-1] INFO  server.RaftServerConfigKeys (ConfUtils.java:logGet(43)) - raft.server.snapshot.retention.num.files = 5 (custom)
2019-09-25 05:52:29,403 [pool-187-thread-1] INFO  server.RaftServerConfigKeys (ConfUtils.java:logGet(43)) - raft.server.retrycache.expirytime = 600000ms (custom)
2019-09-25 05:52:29,405 [pool-187-thread-1] INFO  impl.RaftServerImpl (RaftServerImpl.java:start(185)) - 74c214a6-2081-4cec-a66f-57ef14a49025@group-5832ED48E3A0: start as a follower, conf=-1: [74c214a6-2081-4cec-a66f-57ef14a49025:192.168.5.161:40722], old=null
2019-09-25 05:52:29,405 [pool-187-thread-1] INFO  impl.RaftServerImpl (RaftServerImpl.java:setRole(174)) - 74c214a6-2081-4cec-a66f-57ef14a49025@group-5832ED48E3A0: changes role from      null to FOLLOWER at term 0 for startAsFollower
2019-09-25 05:52:29,405 [pool-187-thread-1] INFO  impl.RoleInfo (RoleInfo.java:updateAndGet(143)) - 74c214a6-2081-4cec-a66f-57ef14a49025: start FollowerState
2019-09-25 05:52:29,405 [pool-187-thread-1] INFO  util.JmxRegister (JmxRegister.java:tryRegister(44)) - Successfully registered JMX Bean with object name Ratis:service=RaftServer,group=group-5832ED48E3A0,id=74c214a6-2081-4cec-a66f-57ef14a49025
2019-09-25 05:52:29,408 [RatisPipelineUtilsThread] INFO  pipeline.PipelineStateManager (PipelineStateManager.java:addPipeline(56)) - Created pipeline Pipeline[ Id: ea45ef10-65e3-43e6-adeb-5832ed48e3a0, Nodes: 74c214a6-2081-4cec-a66f-57ef14a49025{ip: 192.168.5.161, host: pr-hdds-1569-zxpks-796972592, networkLocation: /default-rack, certSerialId: null}, Type:RATIS, Factor:ONE, State:OPEN]
2019-09-25 05:52:29,408 [RatisPipelineUtilsThread] INFO  pipeline.PipelinePlacementPolicy (PipelinePlacementPolicy.java:meetCriteria(91)) - Pipeline Placement: can't place more pipeline on heavy datanode： 5351ca64-bccb-4dbc-81f3-88c448fa08ca Heaviness: 6 limit: 5
2019-09-25 05:52:29,413 [grpc-default-executor-0] INFO  impl.RaftServerProxy (RaftServerProxy.java:addNew(89)) - 74c214a6-2081-4cec-a66f-57ef14a49025: addNew group-70B4393DD80B:[74c214a6-2081-4cec-a66f-57ef14a49025:192.168.5.161:40722] returns group-70B4393DD80B:java.util.concurrent.CompletableFuture@165ebaf9[Not completed]
2019-09-25 05:52:29,415 [pool-187-thread-1] INFO  impl.RaftServerImpl (RaftServerImpl.java:<init>(95)) - 74c214a6-2081-4cec-a66f-57ef14a49025: new RaftServerImpl for group-70B4393DD80B:[74c214a6-2081-4cec-a66f-57ef14a49025:192.168.5.161:40722] with ContainerStateMachine:uninitialized
2019-09-25 05:52:29,415 [pool-187-thread-1] INFO  server.RaftServerConfigKeys (ConfUtils.java:logGet(43)) - raft.server.rpc.timeout.min = 5s (custom)
2019-09-25 05:52:29,415 [pool-187-thread-1] INFO  server.RaftServerConfigKeys (ConfUtils.java:logGet(43)) - raft.server.rpc.timeout.max = 5200ms (custom)
2019-09-25 05:52:29,415 [pool-187-thread-1] INFO  server.RaftServerConfigKeys (ConfUtils.java:logGet(43)) - raft.server.rpcslowness.timeout = 120s (custom)
2019-09-25 05:52:29,415 [pool-187-thread-1] INFO  server.RaftServerConfigKeys (ConfUtils.java:logGet(43)) - raft.server.sleep.deviation.threshold = 300 (default)
2019-09-25 05:52:29,415 [pool-187-thread-1] INFO  server.RaftServerConfigKeys (ConfUtils.java:logGet(43)) - raft.server.log.appender.install.snapshot.enabled = false (custom)
2019-09-25 05:52:29,415 [pool-187-thread-1] INFO  impl.RaftServerImpl (ServerState.java:<init>(103)) - 74c214a6-2081-4cec-a66f-57ef14a49025@group-70B4393DD80B: ConfigurationManager, init=-1: [74c214a6-2081-4cec-a66f-57ef14a49025:192.168.5.161:40722], old=null, confs=<EMPTY_MAP>
2019-09-25 05:52:29,415 [pool-187-thread-1] INFO  server.RaftServerConfigKeys (ConfUtils.java:logGet(43)) - raft.server.storage.dir = [/workdir/hadoop-ozone/ozonefs/target/test-dir/MiniOzoneClusterImpl-ffa13d7c-c890-4caf-bec8-d19cbd1e24dd/datanode-1/data/ratis] (custom)
2019-09-25 05:52:29,416 [pool-187-thread-1] INFO  storage.RaftStorageDirectory (RaftStorageDirectory.java:analyzeStorage(246)) - The storage directory /workdir/hadoop-ozone/ozonefs/target/test-dir/MiniOzoneClusterImpl-ffa13d7c-c890-4caf-bec8-d19cbd1e24dd/datanode-1/data/ratis/79298554-ddb2-4f26-8c00-70b4393dd80b does not exist. Creating ...
2019-09-25 05:52:29,430 [pool-187-thread-1] INFO  storage.RaftStorageDirectory (RaftStorageDirectory.java:tryLock(328)) - Lock on /workdir/hadoop-ozone/ozonefs/target/test-dir/MiniOzoneClusterImpl-ffa13d7c-c890-4caf-bec8-d19cbd1e24dd/datanode-1/data/ratis/79298554-ddb2-4f26-8c00-70b4393dd80b/in_use.lock acquired by nodename 13808@pr-hdds-1569-zxpks-796972592
2019-09-25 05:52:29,442 [pool-187-thread-1] INFO  storage.RaftStorage (RaftStorage.java:format(72)) - Storage directory /workdir/hadoop-ozone/ozonefs/target/test-dir/MiniOzoneClusterImpl-ffa13d7c-c890-4caf-bec8-d19cbd1e24dd/datanode-1/data/ratis/79298554-ddb2-4f26-8c00-70b4393dd80b has been successfully formatted.
2019-09-25 05:52:29,442 [pool-187-thread-1] INFO  ratis.ContainerStateMachine (ContainerStateMachine.java:loadSnapshot(230)) - group-70B4393DD80B: The snapshot info is null. Setting the last applied indexto:(t:0, i:~)
2019-09-25 05:52:29,443 [pool-187-thread-1] INFO  server.RaftServerConfigKeys (ConfUtils.java:logGet(43)) - raft.server.notification.no-leader.timeout = 120s (custom)
2019-09-25 05:52:29,443 [pool-187-thread-1] INFO  server.RaftServerConfigKeys (ConfUtils.java:logGet(43)) - raft.server.log.use.memory = false (default)
2019-09-25 05:52:29,443 [pool-187-thread-1] INFO  server.RaftServerConfigKeys (ConfUtils.java:logGet(43)) - raft.server.log.purge.gap = 1000000 (custom)
2019-09-25 05:52:29,443 [pool-187-thread-1] INFO  server.RaftServerConfigKeys (ConfUtils.java:logGet(43)) - raft.server.log.appender.buffer.byte-limit = 33554432 (custom)
2019-09-25 05:52:29,443 [pool-187-thread-1] INFO  server.RaftServerConfigKeys (ConfUtils.java:logGet(43)) - raft.server.log.segment.size.max = 1048576 (custom)
2019-09-25 05:52:29,443 [pool-187-thread-1] INFO  server.RaftServerConfigKeys (ConfUtils.java:logGet(43)) - raft.server.log.segment.cache.num.max = 2 (custom)
2019-09-25 05:52:29,443 [pool-187-thread-1] INFO  segmented.SegmentedRaftLogWorker (SegmentedRaftLogWorker.java:<init>(172)) - new 74c214a6-2081-4cec-a66f-57ef14a49025@group-70B4393DD80B-SegmentedRaftLogWorker for RaftStorage:Storage Directory /workdir/hadoop-ozone/ozonefs/target/test-dir/MiniOzoneClusterImpl-ffa13d7c-c890-4caf-bec8-d19cbd1e24dd/datanode-1/data/ratis/79298554-ddb2-4f26-8c00-70b4393dd80b
2019-09-25 05:52:29,443 [pool-187-thread-1] INFO  server.RaftServerConfigKeys (ConfUtils.java:logGet(43)) - raft.server.log.queue.byte-limit = 2147483647 (custom)
2019-09-25 05:52:29,444 [pool-187-thread-1] INFO  server.RaftServerConfigKeys (ConfUtils.java:logGet(43)) - raft.server.log.queue.element-limit = 1024 (custom)
2019-09-25 05:52:29,444 [pool-187-thread-1] INFO  server.RaftServerConfigKeys (ConfUtils.java:logGet(43)) - raft.server.log.segment.size.max = 1048576 (custom)
2019-09-25 05:52:29,444 [pool-187-thread-1] INFO  server.RaftServerConfigKeys (ConfUtils.java:logGet(43)) - raft.server.log.preallocated.size = 16384 (custom)
2019-09-25 05:52:29,444 [pool-187-thread-1] INFO  server.RaftServerConfigKeys (ConfUtils.java:logGet(43)) - raft.server.log.write.buffer.size = 33554432 (custom)
2019-09-25 05:52:29,444 [pool-187-thread-1] INFO  server.RaftServerConfigKeys (ConfUtils.java:logGet(43)) - raft.server.log.force.sync.num = 128 (default)
2019-09-25 05:52:29,444 [pool-187-thread-1] INFO  server.RaftServerConfigKeys (ConfUtils.java:logGet(43)) - raft.server.log.statemachine.data.sync = true (default)
2019-09-25 05:52:29,444 [pool-187-thread-1] INFO  server.RaftServerConfigKeys (ConfUtils.java:logGet(43)) - raft.server.log.statemachine.data.sync.timeout = 10s (default)
2019-09-25 05:52:29,444 [pool-187-thread-1] INFO  server.RaftServerConfigKeys (ConfUtils.java:logGet(43)) - raft.server.log.statemachine.data.sync.timeout.retry = -1 (default)
2019-09-25 05:52:29,445 [pool-187-thread-1] INFO  server.RaftServerConfigKeys (ConfUtils.java:logGet(43)) - raft.server.log.statemachine.data.caching.enabled = true (custom)
2019-09-25 05:52:29,445 [pool-187-thread-1] INFO  segmented.SegmentedRaftLogWorker (SegmentedRaftLogWorker.java:lambda$new$0(132)) - 74c214a6-2081-4cec-a66f-57ef14a49025@group-70B4393DD80B-SegmentedRaftLogWorker: flushIndex: setUnconditionally 0 -> -1
2019-09-25 05:52:29,445 [pool-187-thread-1] INFO  server.RaftServerConfigKeys (ConfUtils.java:logGet(43)) - raft.server.snapshot.auto.trigger.enabled = true (custom)
2019-09-25 05:52:29,445 [pool-187-thread-1] INFO  server.RaftServerConfigKeys (ConfUtils.java:logGet(43)) - raft.server.snapshot.auto.trigger.threshold = 10000 (custom)
2019-09-25 05:52:29,445 [pool-187-thread-1] INFO  server.RaftServerConfigKeys (ConfUtils.java:logGet(43)) - raft.server.snapshot.retention.num.files = 5 (custom)
2019-09-25 05:52:29,445 [pool-187-thread-1] INFO  server.RaftServerConfigKeys (ConfUtils.java:logGet(43)) - raft.server.retrycache.expirytime = 600000ms (custom)
2019-09-25 05:52:29,447 [pool-187-thread-1] INFO  impl.RaftServerImpl (RaftServerImpl.java:start(185)) - 74c214a6-2081-4cec-a66f-57ef14a49025@group-70B4393DD80B: start as a follower, conf=-1: [74c214a6-2081-4cec-a66f-57ef14a49025:192.168.5.161:40722], old=null
2019-09-25 05:52:29,447 [pool-187-thread-1] INFO  impl.RaftServerImpl (RaftServerImpl.java:setRole(174)) - 74c214a6-2081-4cec-a66f-57ef14a49025@group-70B4393DD80B: changes role from      null to FOLLOWER at term 0 for startAsFollower
2019-09-25 05:52:29,447 [pool-187-thread-1] INFO  impl.RoleInfo (RoleInfo.java:updateAndGet(143)) - 74c214a6-2081-4cec-a66f-57ef14a49025: start FollowerState
2019-09-25 05:52:29,448 [pool-187-thread-1] INFO  util.JmxRegister (JmxRegister.java:tryRegister(44)) - Successfully registered JMX Bean with object name Ratis:service=RaftServer,group=group-70B4393DD80B,id=74c214a6-2081-4cec-a66f-57ef14a49025
2019-09-25 05:52:29,450 [RatisPipelineUtilsThread] INFO  pipeline.PipelineStateManager (PipelineStateManager.java:addPipeline(56)) - Created pipeline Pipeline[ Id: 79298554-ddb2-4f26-8c00-70b4393dd80b, Nodes: 74c214a6-2081-4cec-a66f-57ef14a49025{ip: 192.168.5.161, host: pr-hdds-1569-zxpks-796972592, networkLocation: /default-rack, certSerialId: null}, Type:RATIS, Factor:ONE, State:OPEN]
2019-09-25 05:52:29,451 [RatisPipelineUtilsThread] INFO  pipeline.PipelinePlacementPolicy (PipelinePlacementPolicy.java:meetCriteria(91)) - Pipeline Placement: can't place more pipeline on heavy datanode： 5351ca64-bccb-4dbc-81f3-88c448fa08ca Heaviness: 6 limit: 5
2019-09-25 05:52:29,459 [grpc-default-executor-0] INFO  impl.RaftServerProxy (RaftServerProxy.java:addNew(89)) - b2f71498-95f8-4afb-8bb6-1273d3661002: addNew group-8FD21F2EE8AB:[b2f71498-95f8-4afb-8bb6-1273d3661002:192.168.5.161:35389] returns group-8FD21F2EE8AB:java.util.concurrent.CompletableFuture@50beb94[Not completed]
2019-09-25 05:52:29,460 [pool-197-thread-1] INFO  impl.RaftServerImpl (RaftServerImpl.java:<init>(95)) - b2f71498-95f8-4afb-8bb6-1273d3661002: new RaftServerImpl for group-8FD21F2EE8AB:[b2f71498-95f8-4afb-8bb6-1273d3661002:192.168.5.161:35389] with ContainerStateMachine:uninitialized
2019-09-25 05:52:29,460 [pool-197-thread-1] INFO  server.RaftServerConfigKeys (ConfUtils.java:logGet(43)) - raft.server.rpc.timeout.min = 5s (custom)
2019-09-25 05:52:29,460 [pool-197-thread-1] INFO  server.RaftServerConfigKeys (ConfUtils.java:logGet(43)) - raft.server.rpc.timeout.max = 5200ms (custom)
2019-09-25 05:52:29,460 [pool-197-thread-1] INFO  server.RaftServerConfigKeys (ConfUtils.java:logGet(43)) - raft.server.rpcslowness.timeout = 120s (custom)
2019-09-25 05:52:29,460 [pool-197-thread-1] INFO  server.RaftServerConfigKeys (ConfUtils.java:logGet(43)) - raft.server.sleep.deviation.threshold = 300 (default)
2019-09-25 05:52:29,460 [pool-197-thread-1] INFO  server.RaftServerConfigKeys (ConfUtils.java:logGet(43)) - raft.server.log.appender.install.snapshot.enabled = false (custom)
2019-09-25 05:52:29,460 [pool-197-thread-1] INFO  impl.RaftServerImpl (ServerState.java:<init>(103)) - b2f71498-95f8-4afb-8bb6-1273d3661002@group-8FD21F2EE8AB: ConfigurationManager, init=-1: [b2f71498-95f8-4afb-8bb6-1273d3661002:192.168.5.161:35389], old=null, confs=<EMPTY_MAP>
2019-09-25 05:52:29,461 [pool-197-thread-1] INFO  server.RaftServerConfigKeys (ConfUtils.java:logGet(43)) - raft.server.storage.dir = [/workdir/hadoop-ozone/ozonefs/target/test-dir/MiniOzoneClusterImpl-ffa13d7c-c890-4caf-bec8-d19cbd1e24dd/datanode-2/data/ratis] (custom)
2019-09-25 05:52:29,461 [pool-197-thread-1] INFO  storage.RaftStorageDirectory (RaftStorageDirectory.java:analyzeStorage(246)) - The storage directory /workdir/hadoop-ozone/ozonefs/target/test-dir/MiniOzoneClusterImpl-ffa13d7c-c890-4caf-bec8-d19cbd1e24dd/datanode-2/data/ratis/3e5af95c-c5f3-4bfa-9b1f-8fd21f2ee8ab does not exist. Creating ...
2019-09-25 05:52:29,473 [pool-197-thread-1] INFO  storage.RaftStorageDirectory (RaftStorageDirectory.java:tryLock(328)) - Lock on /workdir/hadoop-ozone/ozonefs/target/test-dir/MiniOzoneClusterImpl-ffa13d7c-c890-4caf-bec8-d19cbd1e24dd/datanode-2/data/ratis/3e5af95c-c5f3-4bfa-9b1f-8fd21f2ee8ab/in_use.lock acquired by nodename 13808@pr-hdds-1569-zxpks-796972592
2019-09-25 05:52:29,486 [pool-197-thread-1] INFO  storage.RaftStorage (RaftStorage.java:format(72)) - Storage directory /workdir/hadoop-ozone/ozonefs/target/test-dir/MiniOzoneClusterImpl-ffa13d7c-c890-4caf-bec8-d19cbd1e24dd/datanode-2/data/ratis/3e5af95c-c5f3-4bfa-9b1f-8fd21f2ee8ab has been successfully formatted.
2019-09-25 05:52:29,486 [pool-197-thread-1] INFO  ratis.ContainerStateMachine (ContainerStateMachine.java:loadSnapshot(230)) - group-8FD21F2EE8AB: The snapshot info is null. Setting the last applied indexto:(t:0, i:~)
2019-09-25 05:52:29,486 [pool-197-thread-1] INFO  server.RaftServerConfigKeys (ConfUtils.java:logGet(43)) - raft.server.notification.no-leader.timeout = 120s (custom)
2019-09-25 05:52:29,486 [pool-197-thread-1] INFO  server.RaftServerConfigKeys (ConfUtils.java:logGet(43)) - raft.server.log.use.memory = false (default)
2019-09-25 05:52:29,487 [pool-197-thread-1] INFO  server.RaftServerConfigKeys (ConfUtils.java:logGet(43)) - raft.server.log.purge.gap = 1000000 (custom)
2019-09-25 05:52:29,487 [pool-197-thread-1] INFO  server.RaftServerConfigKeys (ConfUtils.java:logGet(43)) - raft.server.log.appender.buffer.byte-limit = 33554432 (custom)
2019-09-25 05:52:29,487 [pool-197-thread-1] INFO  server.RaftServerConfigKeys (ConfUtils.java:logGet(43)) - raft.server.log.segment.size.max = 1048576 (custom)
2019-09-25 05:52:29,487 [pool-197-thread-1] INFO  server.RaftServerConfigKeys (ConfUtils.java:logGet(43)) - raft.server.log.segment.cache.num.max = 2 (custom)
2019-09-25 05:52:29,487 [pool-197-thread-1] INFO  segmented.SegmentedRaftLogWorker (SegmentedRaftLogWorker.java:<init>(172)) - new b2f71498-95f8-4afb-8bb6-1273d3661002@group-8FD21F2EE8AB-SegmentedRaftLogWorker for RaftStorage:Storage Directory /workdir/hadoop-ozone/ozonefs/target/test-dir/MiniOzoneClusterImpl-ffa13d7c-c890-4caf-bec8-d19cbd1e24dd/datanode-2/data/ratis/3e5af95c-c5f3-4bfa-9b1f-8fd21f2ee8ab
2019-09-25 05:52:29,488 [pool-197-thread-1] INFO  server.RaftServerConfigKeys (ConfUtils.java:logGet(43)) - raft.server.log.queue.byte-limit = 2147483647 (custom)
2019-09-25 05:52:29,489 [pool-197-thread-1] INFO  server.RaftServerConfigKeys (ConfUtils.java:logGet(43)) - raft.server.log.queue.element-limit = 1024 (custom)
2019-09-25 05:52:29,489 [pool-197-thread-1] INFO  server.RaftServerConfigKeys (ConfUtils.java:logGet(43)) - raft.server.log.segment.size.max = 1048576 (custom)
2019-09-25 05:52:29,489 [pool-197-thread-1] INFO  server.RaftServerConfigKeys (ConfUtils.java:logGet(43)) - raft.server.log.preallocated.size = 16384 (custom)
2019-09-25 05:52:29,489 [pool-197-thread-1] INFO  server.RaftServerConfigKeys (ConfUtils.java:logGet(43)) - raft.server.log.write.buffer.size = 33554432 (custom)
2019-09-25 05:52:29,489 [pool-197-thread-1] INFO  server.RaftServerConfigKeys (ConfUtils.java:logGet(43)) - raft.server.log.force.sync.num = 128 (default)
2019-09-25 05:52:29,489 [pool-197-thread-1] INFO  server.RaftServerConfigKeys (ConfUtils.java:logGet(43)) - raft.server.log.statemachine.data.sync = true (default)
2019-09-25 05:52:29,489 [pool-197-thread-1] INFO  server.RaftServerConfigKeys (ConfUtils.java:logGet(43)) - raft.server.log.statemachine.data.sync.timeout = 10s (default)
2019-09-25 05:52:29,490 [pool-197-thread-1] INFO  server.RaftServerConfigKeys (ConfUtils.java:logGet(43)) - raft.server.log.statemachine.data.sync.timeout.retry = -1 (default)
2019-09-25 05:52:29,490 [pool-197-thread-1] INFO  server.RaftServerConfigKeys (ConfUtils.java:logGet(43)) - raft.server.log.statemachine.data.caching.enabled = true (custom)
2019-09-25 05:52:29,490 [pool-197-thread-1] INFO  segmented.SegmentedRaftLogWorker (SegmentedRaftLogWorker.java:lambda$new$0(132)) - b2f71498-95f8-4afb-8bb6-1273d3661002@group-8FD21F2EE8AB-SegmentedRaftLogWorker: flushIndex: setUnconditionally 0 -> -1
2019-09-25 05:52:29,490 [pool-197-thread-1] INFO  server.RaftServerConfigKeys (ConfUtils.java:logGet(43)) - raft.server.snapshot.auto.trigger.enabled = true (custom)
2019-09-25 05:52:29,490 [pool-197-thread-1] INFO  server.RaftServerConfigKeys (ConfUtils.java:logGet(43)) - raft.server.snapshot.auto.trigger.threshold = 10000 (custom)
2019-09-25 05:52:29,491 [pool-197-thread-1] INFO  server.RaftServerConfigKeys (ConfUtils.java:logGet(43)) - raft.server.snapshot.retention.num.files = 5 (custom)
2019-09-25 05:52:29,491 [pool-197-thread-1] INFO  server.RaftServerConfigKeys (ConfUtils.java:logGet(43)) - raft.server.retrycache.expirytime = 600000ms (custom)
2019-09-25 05:52:29,492 [pool-197-thread-1] INFO  impl.RaftServerImpl (RaftServerImpl.java:start(185)) - b2f71498-95f8-4afb-8bb6-1273d3661002@group-8FD21F2EE8AB: start as a follower, conf=-1: [b2f71498-95f8-4afb-8bb6-1273d3661002:192.168.5.161:35389], old=null
2019-09-25 05:52:29,492 [pool-197-thread-1] INFO  impl.RaftServerImpl (RaftServerImpl.java:setRole(174)) - b2f71498-95f8-4afb-8bb6-1273d3661002@group-8FD21F2EE8AB: changes role from      null to FOLLOWER at term 0 for startAsFollower
2019-09-25 05:52:29,492 [pool-197-thread-1] INFO  impl.RoleInfo (RoleInfo.java:updateAndGet(143)) - b2f71498-95f8-4afb-8bb6-1273d3661002: start FollowerState
2019-09-25 05:52:29,493 [pool-197-thread-1] INFO  util.JmxRegister (JmxRegister.java:tryRegister(44)) - Successfully registered JMX Bean with object name Ratis:service=RaftServer,group=group-8FD21F2EE8AB,id=b2f71498-95f8-4afb-8bb6-1273d3661002
2019-09-25 05:52:29,496 [RatisPipelineUtilsThread] INFO  pipeline.PipelineStateManager (PipelineStateManager.java:addPipeline(56)) - Created pipeline Pipeline[ Id: 3e5af95c-c5f3-4bfa-9b1f-8fd21f2ee8ab, Nodes: b2f71498-95f8-4afb-8bb6-1273d3661002{ip: 192.168.5.161, host: pr-hdds-1569-zxpks-796972592, networkLocation: /default-rack, certSerialId: null}, Type:RATIS, Factor:ONE, State:OPEN]
2019-09-25 05:52:29,497 [RatisPipelineUtilsThread] INFO  pipeline.PipelinePlacementPolicy (PipelinePlacementPolicy.java:meetCriteria(91)) - Pipeline Placement: can't place more pipeline on heavy datanode： 5351ca64-bccb-4dbc-81f3-88c448fa08ca Heaviness: 6 limit: 5
2019-09-25 05:52:29,503 [grpc-default-executor-0] INFO  impl.RaftServerProxy (RaftServerProxy.java:addNew(89)) - 74c214a6-2081-4cec-a66f-57ef14a49025: addNew group-1624362952CB:[74c214a6-2081-4cec-a66f-57ef14a49025:192.168.5.161:40722] returns group-1624362952CB:java.util.concurrent.CompletableFuture@40a91f91[Not completed]
2019-09-25 05:52:29,504 [pool-187-thread-1] INFO  impl.RaftServerImpl (RaftServerImpl.java:<init>(95)) - 74c214a6-2081-4cec-a66f-57ef14a49025: new RaftServerImpl for group-1624362952CB:[74c214a6-2081-4cec-a66f-57ef14a49025:192.168.5.161:40722] with ContainerStateMachine:uninitialized
2019-09-25 05:52:29,504 [pool-187-thread-1] INFO  server.RaftServerConfigKeys (ConfUtils.java:logGet(43)) - raft.server.rpc.timeout.min = 5s (custom)
2019-09-25 05:52:29,504 [pool-187-thread-1] INFO  server.RaftServerConfigKeys (ConfUtils.java:logGet(43)) - raft.server.rpc.timeout.max = 5200ms (custom)
2019-09-25 05:52:29,504 [pool-187-thread-1] INFO  server.RaftServerConfigKeys (ConfUtils.java:logGet(43)) - raft.server.rpcslowness.timeout = 120s (custom)
2019-09-25 05:52:29,504 [pool-187-thread-1] INFO  server.RaftServerConfigKeys (ConfUtils.java:logGet(43)) - raft.server.sleep.deviation.threshold = 300 (default)
2019-09-25 05:52:29,504 [pool-187-thread-1] INFO  server.RaftServerConfigKeys (ConfUtils.java:logGet(43)) - raft.server.log.appender.install.snapshot.enabled = false (custom)
2019-09-25 05:52:29,504 [pool-187-thread-1] INFO  impl.RaftServerImpl (ServerState.java:<init>(103)) - 74c214a6-2081-4cec-a66f-57ef14a49025@group-1624362952CB: ConfigurationManager, init=-1: [74c214a6-2081-4cec-a66f-57ef14a49025:192.168.5.161:40722], old=null, confs=<EMPTY_MAP>
2019-09-25 05:52:29,504 [pool-187-thread-1] INFO  server.RaftServerConfigKeys (ConfUtils.java:logGet(43)) - raft.server.storage.dir = [/workdir/hadoop-ozone/ozonefs/target/test-dir/MiniOzoneClusterImpl-ffa13d7c-c890-4caf-bec8-d19cbd1e24dd/datanode-1/data/ratis] (custom)
2019-09-25 05:52:29,505 [pool-187-thread-1] INFO  storage.RaftStorageDirectory (RaftStorageDirectory.java:analyzeStorage(246)) - The storage directory /workdir/hadoop-ozone/ozonefs/target/test-dir/MiniOzoneClusterImpl-ffa13d7c-c890-4caf-bec8-d19cbd1e24dd/datanode-1/data/ratis/82b0377c-7e1d-49f7-ba0a-1624362952cb does not exist. Creating ...
2019-09-25 05:52:29,517 [pool-187-thread-1] INFO  storage.RaftStorageDirectory (RaftStorageDirectory.java:tryLock(328)) - Lock on /workdir/hadoop-ozone/ozonefs/target/test-dir/MiniOzoneClusterImpl-ffa13d7c-c890-4caf-bec8-d19cbd1e24dd/datanode-1/data/ratis/82b0377c-7e1d-49f7-ba0a-1624362952cb/in_use.lock acquired by nodename 13808@pr-hdds-1569-zxpks-796972592
2019-09-25 05:52:29,530 [pool-187-thread-1] INFO  storage.RaftStorage (RaftStorage.java:format(72)) - Storage directory /workdir/hadoop-ozone/ozonefs/target/test-dir/MiniOzoneClusterImpl-ffa13d7c-c890-4caf-bec8-d19cbd1e24dd/datanode-1/data/ratis/82b0377c-7e1d-49f7-ba0a-1624362952cb has been successfully formatted.
2019-09-25 05:52:29,530 [pool-187-thread-1] INFO  ratis.ContainerStateMachine (ContainerStateMachine.java:loadSnapshot(230)) - group-1624362952CB: The snapshot info is null. Setting the last applied indexto:(t:0, i:~)
2019-09-25 05:52:29,530 [pool-187-thread-1] INFO  server.RaftServerConfigKeys (ConfUtils.java:logGet(43)) - raft.server.notification.no-leader.timeout = 120s (custom)
2019-09-25 05:52:29,530 [pool-187-thread-1] INFO  server.RaftServerConfigKeys (ConfUtils.java:logGet(43)) - raft.server.log.use.memory = false (default)
2019-09-25 05:52:29,530 [pool-187-thread-1] INFO  server.RaftServerConfigKeys (ConfUtils.java:logGet(43)) - raft.server.log.purge.gap = 1000000 (custom)
2019-09-25 05:52:29,530 [pool-187-thread-1] INFO  server.RaftServerConfigKeys (ConfUtils.java:logGet(43)) - raft.server.log.appender.buffer.byte-limit = 33554432 (custom)
2019-09-25 05:52:29,531 [pool-187-thread-1] INFO  server.RaftServerConfigKeys (ConfUtils.java:logGet(43)) - raft.server.log.segment.size.max = 1048576 (custom)
2019-09-25 05:52:29,531 [pool-187-thread-1] INFO  server.RaftServerConfigKeys (ConfUtils.java:logGet(43)) - raft.server.log.segment.cache.num.max = 2 (custom)
2019-09-25 05:52:29,531 [pool-187-thread-1] INFO  segmented.SegmentedRaftLogWorker (SegmentedRaftLogWorker.java:<init>(172)) - new 74c214a6-2081-4cec-a66f-57ef14a49025@group-1624362952CB-SegmentedRaftLogWorker for RaftStorage:Storage Directory /workdir/hadoop-ozone/ozonefs/target/test-dir/MiniOzoneClusterImpl-ffa13d7c-c890-4caf-bec8-d19cbd1e24dd/datanode-1/data/ratis/82b0377c-7e1d-49f7-ba0a-1624362952cb
2019-09-25 05:52:29,531 [pool-187-thread-1] INFO  server.RaftServerConfigKeys (ConfUtils.java:logGet(43)) - raft.server.log.queue.byte-limit = 2147483647 (custom)
2019-09-25 05:52:29,531 [pool-187-thread-1] INFO  server.RaftServerConfigKeys (ConfUtils.java:logGet(43)) - raft.server.log.queue.element-limit = 1024 (custom)
2019-09-25 05:52:29,531 [pool-187-thread-1] INFO  server.RaftServerConfigKeys (ConfUtils.java:logGet(43)) - raft.server.log.segment.size.max = 1048576 (custom)
2019-09-25 05:52:29,531 [pool-187-thread-1] INFO  server.RaftServerConfigKeys (ConfUtils.java:logGet(43)) - raft.server.log.preallocated.size = 16384 (custom)
2019-09-25 05:52:29,531 [pool-187-thread-1] INFO  server.RaftServerConfigKeys (ConfUtils.java:logGet(43)) - raft.server.log.write.buffer.size = 33554432 (custom)
2019-09-25 05:52:29,532 [pool-187-thread-1] INFO  server.RaftServerConfigKeys (ConfUtils.java:logGet(43)) - raft.server.log.force.sync.num = 128 (default)
2019-09-25 05:52:29,532 [pool-187-thread-1] INFO  server.RaftServerConfigKeys (ConfUtils.java:logGet(43)) - raft.server.log.statemachine.data.sync = true (default)
2019-09-25 05:52:29,532 [pool-187-thread-1] INFO  server.RaftServerConfigKeys (ConfUtils.java:logGet(43)) - raft.server.log.statemachine.data.sync.timeout = 10s (default)
2019-09-25 05:52:29,532 [pool-187-thread-1] INFO  server.RaftServerConfigKeys (ConfUtils.java:logGet(43)) - raft.server.log.statemachine.data.sync.timeout.retry = -1 (default)
2019-09-25 05:52:29,532 [pool-187-thread-1] INFO  server.RaftServerConfigKeys (ConfUtils.java:logGet(43)) - raft.server.log.statemachine.data.caching.enabled = true (custom)
2019-09-25 05:52:29,532 [pool-187-thread-1] INFO  segmented.SegmentedRaftLogWorker (SegmentedRaftLogWorker.java:lambda$new$0(132)) - 74c214a6-2081-4cec-a66f-57ef14a49025@group-1624362952CB-SegmentedRaftLogWorker: flushIndex: setUnconditionally 0 -> -1
2019-09-25 05:52:29,533 [pool-187-thread-1] INFO  server.RaftServerConfigKeys (ConfUtils.java:logGet(43)) - raft.server.snapshot.auto.trigger.enabled = true (custom)
2019-09-25 05:52:29,533 [pool-187-thread-1] INFO  server.RaftServerConfigKeys (ConfUtils.java:logGet(43)) - raft.server.snapshot.auto.trigger.threshold = 10000 (custom)
2019-09-25 05:52:29,533 [pool-187-thread-1] INFO  server.RaftServerConfigKeys (ConfUtils.java:logGet(43)) - raft.server.snapshot.retention.num.files = 5 (custom)
2019-09-25 05:52:29,533 [pool-187-thread-1] INFO  server.RaftServerConfigKeys (ConfUtils.java:logGet(43)) - raft.server.retrycache.expirytime = 600000ms (custom)
2019-09-25 05:52:29,535 [pool-187-thread-1] INFO  impl.RaftServerImpl (RaftServerImpl.java:start(185)) - 74c214a6-2081-4cec-a66f-57ef14a49025@group-1624362952CB: start as a follower, conf=-1: [74c214a6-2081-4cec-a66f-57ef14a49025:192.168.5.161:40722], old=null
2019-09-25 05:52:29,535 [pool-187-thread-1] INFO  impl.RaftServerImpl (RaftServerImpl.java:setRole(174)) - 74c214a6-2081-4cec-a66f-57ef14a49025@group-1624362952CB: changes role from      null to FOLLOWER at term 0 for startAsFollower
2019-09-25 05:52:29,535 [pool-187-thread-1] INFO  impl.RoleInfo (RoleInfo.java:updateAndGet(143)) - 74c214a6-2081-4cec-a66f-57ef14a49025: start FollowerState
2019-09-25 05:52:29,535 [pool-187-thread-1] INFO  util.JmxRegister (JmxRegister.java:tryRegister(44)) - Successfully registered JMX Bean with object name Ratis:service=RaftServer,group=group-1624362952CB,id=74c214a6-2081-4cec-a66f-57ef14a49025
2019-09-25 05:52:29,538 [RatisPipelineUtilsThread] INFO  pipeline.PipelineStateManager (PipelineStateManager.java:addPipeline(56)) - Created pipeline Pipeline[ Id: 82b0377c-7e1d-49f7-ba0a-1624362952cb, Nodes: 74c214a6-2081-4cec-a66f-57ef14a49025{ip: 192.168.5.161, host: pr-hdds-1569-zxpks-796972592, networkLocation: /default-rack, certSerialId: null}, Type:RATIS, Factor:ONE, State:OPEN]
2019-09-25 05:52:29,538 [RatisPipelineUtilsThread] INFO  pipeline.PipelinePlacementPolicy (PipelinePlacementPolicy.java:meetCriteria(91)) - Pipeline Placement: can't place more pipeline on heavy datanode： 5351ca64-bccb-4dbc-81f3-88c448fa08ca Heaviness: 6 limit: 5
2019-09-25 05:52:29,544 [grpc-default-executor-0] INFO  impl.RaftServerProxy (RaftServerProxy.java:addNew(89)) - 74c214a6-2081-4cec-a66f-57ef14a49025: addNew group-48C2A8AA92BA:[74c214a6-2081-4cec-a66f-57ef14a49025:192.168.5.161:40722] returns group-48C2A8AA92BA:java.util.concurrent.CompletableFuture@50f73a6c[Not completed]
2019-09-25 05:52:29,545 [pool-187-thread-1] INFO  impl.RaftServerImpl (RaftServerImpl.java:<init>(95)) - 74c214a6-2081-4cec-a66f-57ef14a49025: new RaftServerImpl for group-48C2A8AA92BA:[74c214a6-2081-4cec-a66f-57ef14a49025:192.168.5.161:40722] with ContainerStateMachine:uninitialized
2019-09-25 05:52:29,545 [pool-187-thread-1] INFO  server.RaftServerConfigKeys (ConfUtils.java:logGet(43)) - raft.server.rpc.timeout.min = 5s (custom)
2019-09-25 05:52:29,545 [pool-187-thread-1] INFO  server.RaftServerConfigKeys (ConfUtils.java:logGet(43)) - raft.server.rpc.timeout.max = 5200ms (custom)
2019-09-25 05:52:29,545 [pool-187-thread-1] INFO  server.RaftServerConfigKeys (ConfUtils.java:logGet(43)) - raft.server.rpcslowness.timeout = 120s (custom)
2019-09-25 05:52:29,545 [pool-187-thread-1] INFO  server.RaftServerConfigKeys (ConfUtils.java:logGet(43)) - raft.server.sleep.deviation.threshold = 300 (default)
2019-09-25 05:52:29,545 [pool-187-thread-1] INFO  server.RaftServerConfigKeys (ConfUtils.java:logGet(43)) - raft.server.log.appender.install.snapshot.enabled = false (custom)
2019-09-25 05:52:29,545 [pool-187-thread-1] INFO  impl.RaftServerImpl (ServerState.java:<init>(103)) - 74c214a6-2081-4cec-a66f-57ef14a49025@group-48C2A8AA92BA: ConfigurationManager, init=-1: [74c214a6-2081-4cec-a66f-57ef14a49025:192.168.5.161:40722], old=null, confs=<EMPTY_MAP>
2019-09-25 05:52:29,545 [pool-187-thread-1] INFO  server.RaftServerConfigKeys (ConfUtils.java:logGet(43)) - raft.server.storage.dir = [/workdir/hadoop-ozone/ozonefs/target/test-dir/MiniOzoneClusterImpl-ffa13d7c-c890-4caf-bec8-d19cbd1e24dd/datanode-1/data/ratis] (custom)
2019-09-25 05:52:29,546 [pool-187-thread-1] INFO  storage.RaftStorageDirectory (RaftStorageDirectory.java:analyzeStorage(246)) - The storage directory /workdir/hadoop-ozone/ozonefs/target/test-dir/MiniOzoneClusterImpl-ffa13d7c-c890-4caf-bec8-d19cbd1e24dd/datanode-1/data/ratis/a97dce69-3180-4fed-9a0a-48c2a8aa92ba does not exist. Creating ...
2019-09-25 05:52:29,558 [pool-187-thread-1] INFO  storage.RaftStorageDirectory (RaftStorageDirectory.java:tryLock(328)) - Lock on /workdir/hadoop-ozone/ozonefs/target/test-dir/MiniOzoneClusterImpl-ffa13d7c-c890-4caf-bec8-d19cbd1e24dd/datanode-1/data/ratis/a97dce69-3180-4fed-9a0a-48c2a8aa92ba/in_use.lock acquired by nodename 13808@pr-hdds-1569-zxpks-796972592
2019-09-25 05:52:29,571 [pool-187-thread-1] INFO  storage.RaftStorage (RaftStorage.java:format(72)) - Storage directory /workdir/hadoop-ozone/ozonefs/target/test-dir/MiniOzoneClusterImpl-ffa13d7c-c890-4caf-bec8-d19cbd1e24dd/datanode-1/data/ratis/a97dce69-3180-4fed-9a0a-48c2a8aa92ba has been successfully formatted.
2019-09-25 05:52:29,571 [pool-187-thread-1] INFO  ratis.ContainerStateMachine (ContainerStateMachine.java:loadSnapshot(230)) - group-48C2A8AA92BA: The snapshot info is null. Setting the last applied indexto:(t:0, i:~)
2019-09-25 05:52:29,571 [pool-187-thread-1] INFO  server.RaftServerConfigKeys (ConfUtils.java:logGet(43)) - raft.server.notification.no-leader.timeout = 120s (custom)
2019-09-25 05:52:29,572 [pool-187-thread-1] INFO  server.RaftServerConfigKeys (ConfUtils.java:logGet(43)) - raft.server.log.use.memory = false (default)
2019-09-25 05:52:29,572 [pool-187-thread-1] INFO  server.RaftServerConfigKeys (ConfUtils.java:logGet(43)) - raft.server.log.purge.gap = 1000000 (custom)
2019-09-25 05:52:29,572 [pool-187-thread-1] INFO  server.RaftServerConfigKeys (ConfUtils.java:logGet(43)) - raft.server.log.appender.buffer.byte-limit = 33554432 (custom)
2019-09-25 05:52:29,572 [pool-187-thread-1] INFO  server.RaftServerConfigKeys (ConfUtils.java:logGet(43)) - raft.server.log.segment.size.max = 1048576 (custom)
2019-09-25 05:52:29,572 [pool-187-thread-1] INFO  server.RaftServerConfigKeys (ConfUtils.java:logGet(43)) - raft.server.log.segment.cache.num.max = 2 (custom)
2019-09-25 05:52:29,572 [pool-187-thread-1] INFO  segmented.SegmentedRaftLogWorker (SegmentedRaftLogWorker.java:<init>(172)) - new 74c214a6-2081-4cec-a66f-57ef14a49025@group-48C2A8AA92BA-SegmentedRaftLogWorker for RaftStorage:Storage Directory /workdir/hadoop-ozone/ozonefs/target/test-dir/MiniOzoneClusterImpl-ffa13d7c-c890-4caf-bec8-d19cbd1e24dd/datanode-1/data/ratis/a97dce69-3180-4fed-9a0a-48c2a8aa92ba
2019-09-25 05:52:29,573 [pool-187-thread-1] INFO  server.RaftServerConfigKeys (ConfUtils.java:logGet(43)) - raft.server.log.queue.byte-limit = 2147483647 (custom)
2019-09-25 05:52:29,573 [pool-187-thread-1] INFO  server.RaftServerConfigKeys (ConfUtils.java:logGet(43)) - raft.server.log.queue.element-limit = 1024 (custom)
2019-09-25 05:52:29,573 [pool-187-thread-1] INFO  server.RaftServerConfigKeys (ConfUtils.java:logGet(43)) - raft.server.log.segment.size.max = 1048576 (custom)
2019-09-25 05:52:29,573 [pool-187-thread-1] INFO  server.RaftServerConfigKeys (ConfUtils.java:logGet(43)) - raft.server.log.preallocated.size = 16384 (custom)
2019-09-25 05:52:29,573 [pool-187-thread-1] INFO  server.RaftServerConfigKeys (ConfUtils.java:logGet(43)) - raft.server.log.write.buffer.size = 33554432 (custom)
2019-09-25 05:52:29,573 [pool-187-thread-1] INFO  server.RaftServerConfigKeys (ConfUtils.java:logGet(43)) - raft.server.log.force.sync.num = 128 (default)
2019-09-25 05:52:29,573 [pool-187-thread-1] INFO  server.RaftServerConfigKeys (ConfUtils.java:logGet(43)) - raft.server.log.statemachine.data.sync = true (default)
2019-09-25 05:52:29,574 [pool-187-thread-1] INFO  server.RaftServerConfigKeys (ConfUtils.java:logGet(43)) - raft.server.log.statemachine.data.sync.timeout = 10s (default)
2019-09-25 05:52:29,574 [pool-187-thread-1] INFO  server.RaftServerConfigKeys (ConfUtils.java:logGet(43)) - raft.server.log.statemachine.data.sync.timeout.retry = -1 (default)
2019-09-25 05:52:29,574 [pool-187-thread-1] INFO  server.RaftServerConfigKeys (ConfUtils.java:logGet(43)) - raft.server.log.statemachine.data.caching.enabled = true (custom)
2019-09-25 05:52:29,574 [pool-187-thread-1] INFO  segmented.SegmentedRaftLogWorker (SegmentedRaftLogWorker.java:lambda$new$0(132)) - 74c214a6-2081-4cec-a66f-57ef14a49025@group-48C2A8AA92BA-SegmentedRaftLogWorker: flushIndex: setUnconditionally 0 -> -1
2019-09-25 05:52:29,575 [pool-187-thread-1] INFO  server.RaftServerConfigKeys (ConfUtils.java:logGet(43)) - raft.server.snapshot.auto.trigger.enabled = true (custom)
2019-09-25 05:52:29,575 [pool-187-thread-1] INFO  server.RaftServerConfigKeys (ConfUtils.java:logGet(43)) - raft.server.snapshot.auto.trigger.threshold = 10000 (custom)
2019-09-25 05:52:29,575 [pool-187-thread-1] INFO  server.RaftServerConfigKeys (ConfUtils.java:logGet(43)) - raft.server.snapshot.retention.num.files = 5 (custom)
2019-09-25 05:52:29,575 [pool-187-thread-1] INFO  server.RaftServerConfigKeys (ConfUtils.java:logGet(43)) - raft.server.retrycache.expirytime = 600000ms (custom)
2019-09-25 05:52:29,577 [pool-187-thread-1] INFO  impl.RaftServerImpl (RaftServerImpl.java:start(185)) - 74c214a6-2081-4cec-a66f-57ef14a49025@group-48C2A8AA92BA: start as a follower, conf=-1: [74c214a6-2081-4cec-a66f-57ef14a49025:192.168.5.161:40722], old=null
2019-09-25 05:52:29,577 [pool-187-thread-1] INFO  impl.RaftServerImpl (RaftServerImpl.java:setRole(174)) - 74c214a6-2081-4cec-a66f-57ef14a49025@group-48C2A8AA92BA: changes role from      null to FOLLOWER at term 0 for startAsFollower
2019-09-25 05:52:29,577 [pool-187-thread-1] INFO  impl.RoleInfo (RoleInfo.java:updateAndGet(143)) - 74c214a6-2081-4cec-a66f-57ef14a49025: start FollowerState
2019-09-25 05:52:29,577 [pool-187-thread-1] INFO  util.JmxRegister (JmxRegister.java:tryRegister(44)) - Successfully registered JMX Bean with object name Ratis:service=RaftServer,group=group-48C2A8AA92BA,id=74c214a6-2081-4cec-a66f-57ef14a49025
2019-09-25 05:52:29,580 [RatisPipelineUtilsThread] INFO  pipeline.PipelineStateManager (PipelineStateManager.java:addPipeline(56)) - Created pipeline Pipeline[ Id: a97dce69-3180-4fed-9a0a-48c2a8aa92ba, Nodes: 74c214a6-2081-4cec-a66f-57ef14a49025{ip: 192.168.5.161, host: pr-hdds-1569-zxpks-796972592, networkLocation: /default-rack, certSerialId: null}, Type:RATIS, Factor:ONE, State:OPEN]
2019-09-25 05:52:29,581 [RatisPipelineUtilsThread] INFO  pipeline.PipelinePlacementPolicy (PipelinePlacementPolicy.java:meetCriteria(91)) - Pipeline Placement: can't place more pipeline on heavy datanode： 5351ca64-bccb-4dbc-81f3-88c448fa08ca Heaviness: 6 limit: 5
2019-09-25 05:52:29,586 [grpc-default-executor-0] INFO  impl.RaftServerProxy (RaftServerProxy.java:addNew(89)) - b2f71498-95f8-4afb-8bb6-1273d3661002: addNew group-62722A3171C6:[b2f71498-95f8-4afb-8bb6-1273d3661002:192.168.5.161:35389] returns group-62722A3171C6:java.util.concurrent.CompletableFuture@36a0f1e5[Not completed]
2019-09-25 05:52:29,587 [pool-197-thread-1] INFO  impl.RaftServerImpl (RaftServerImpl.java:<init>(95)) - b2f71498-95f8-4afb-8bb6-1273d3661002: new RaftServerImpl for group-62722A3171C6:[b2f71498-95f8-4afb-8bb6-1273d3661002:192.168.5.161:35389] with ContainerStateMachine:uninitialized
2019-09-25 05:52:29,587 [pool-197-thread-1] INFO  server.RaftServerConfigKeys (ConfUtils.java:logGet(43)) - raft.server.rpc.timeout.min = 5s (custom)
2019-09-25 05:52:29,588 [pool-197-thread-1] INFO  server.RaftServerConfigKeys (ConfUtils.java:logGet(43)) - raft.server.rpc.timeout.max = 5200ms (custom)
2019-09-25 05:52:29,588 [pool-197-thread-1] INFO  server.RaftServerConfigKeys (ConfUtils.java:logGet(43)) - raft.server.rpcslowness.timeout = 120s (custom)
2019-09-25 05:52:29,588 [pool-197-thread-1] INFO  server.RaftServerConfigKeys (ConfUtils.java:logGet(43)) - raft.server.sleep.deviation.threshold = 300 (default)
2019-09-25 05:52:29,588 [pool-197-thread-1] INFO  server.RaftServerConfigKeys (ConfUtils.java:logGet(43)) - raft.server.log.appender.install.snapshot.enabled = false (custom)
2019-09-25 05:52:29,588 [pool-197-thread-1] INFO  impl.RaftServerImpl (ServerState.java:<init>(103)) - b2f71498-95f8-4afb-8bb6-1273d3661002@group-62722A3171C6: ConfigurationManager, init=-1: [b2f71498-95f8-4afb-8bb6-1273d3661002:192.168.5.161:35389], old=null, confs=<EMPTY_MAP>
2019-09-25 05:52:29,588 [pool-197-thread-1] INFO  server.RaftServerConfigKeys (ConfUtils.java:logGet(43)) - raft.server.storage.dir = [/workdir/hadoop-ozone/ozonefs/target/test-dir/MiniOzoneClusterImpl-ffa13d7c-c890-4caf-bec8-d19cbd1e24dd/datanode-2/data/ratis] (custom)
2019-09-25 05:52:29,589 [pool-197-thread-1] INFO  storage.RaftStorageDirectory (RaftStorageDirectory.java:analyzeStorage(246)) - The storage directory /workdir/hadoop-ozone/ozonefs/target/test-dir/MiniOzoneClusterImpl-ffa13d7c-c890-4caf-bec8-d19cbd1e24dd/datanode-2/data/ratis/5deb82b5-5ca0-4ea1-9bcb-62722a3171c6 does not exist. Creating ...
2019-09-25 05:52:29,601 [pool-197-thread-1] INFO  storage.RaftStorageDirectory (RaftStorageDirectory.java:tryLock(328)) - Lock on /workdir/hadoop-ozone/ozonefs/target/test-dir/MiniOzoneClusterImpl-ffa13d7c-c890-4caf-bec8-d19cbd1e24dd/datanode-2/data/ratis/5deb82b5-5ca0-4ea1-9bcb-62722a3171c6/in_use.lock acquired by nodename 13808@pr-hdds-1569-zxpks-796972592
2019-09-25 05:52:29,605 [pool-197-thread-1] INFO  storage.RaftStorage (RaftStorage.java:format(72)) - Storage directory /workdir/hadoop-ozone/ozonefs/target/test-dir/MiniOzoneClusterImpl-ffa13d7c-c890-4caf-bec8-d19cbd1e24dd/datanode-2/data/ratis/5deb82b5-5ca0-4ea1-9bcb-62722a3171c6 has been successfully formatted.
2019-09-25 05:52:29,605 [pool-197-thread-1] INFO  ratis.ContainerStateMachine (ContainerStateMachine.java:loadSnapshot(230)) - group-62722A3171C6: The snapshot info is null. Setting the last applied indexto:(t:0, i:~)
2019-09-25 05:52:29,605 [pool-197-thread-1] INFO  server.RaftServerConfigKeys (ConfUtils.java:logGet(43)) - raft.server.notification.no-leader.timeout = 120s (custom)
2019-09-25 05:52:29,605 [pool-197-thread-1] INFO  server.RaftServerConfigKeys (ConfUtils.java:logGet(43)) - raft.server.log.use.memory = false (default)
2019-09-25 05:52:29,605 [pool-197-thread-1] INFO  server.RaftServerConfigKeys (ConfUtils.java:logGet(43)) - raft.server.log.purge.gap = 1000000 (custom)
2019-09-25 05:52:29,605 [pool-197-thread-1] INFO  server.RaftServerConfigKeys (ConfUtils.java:logGet(43)) - raft.server.log.appender.buffer.byte-limit = 33554432 (custom)
2019-09-25 05:52:29,605 [pool-197-thread-1] INFO  server.RaftServerConfigKeys (ConfUtils.java:logGet(43)) - raft.server.log.segment.size.max = 1048576 (custom)
2019-09-25 05:52:29,606 [pool-197-thread-1] INFO  server.RaftServerConfigKeys (ConfUtils.java:logGet(43)) - raft.server.log.segment.cache.num.max = 2 (custom)
2019-09-25 05:52:29,606 [pool-197-thread-1] INFO  segmented.SegmentedRaftLogWorker (SegmentedRaftLogWorker.java:<init>(172)) - new b2f71498-95f8-4afb-8bb6-1273d3661002@group-62722A3171C6-SegmentedRaftLogWorker for RaftStorage:Storage Directory /workdir/hadoop-ozone/ozonefs/target/test-dir/MiniOzoneClusterImpl-ffa13d7c-c890-4caf-bec8-d19cbd1e24dd/datanode-2/data/ratis/5deb82b5-5ca0-4ea1-9bcb-62722a3171c6
2019-09-25 05:52:29,606 [pool-197-thread-1] INFO  server.RaftServerConfigKeys (ConfUtils.java:logGet(43)) - raft.server.log.queue.byte-limit = 2147483647 (custom)
2019-09-25 05:52:29,606 [pool-197-thread-1] INFO  server.RaftServerConfigKeys (ConfUtils.java:logGet(43)) - raft.server.log.queue.element-limit = 1024 (custom)
2019-09-25 05:52:29,606 [pool-197-thread-1] INFO  server.RaftServerConfigKeys (ConfUtils.java:logGet(43)) - raft.server.log.segment.size.max = 1048576 (custom)
2019-09-25 05:52:29,606 [pool-197-thread-1] INFO  server.RaftServerConfigKeys (ConfUtils.java:logGet(43)) - raft.server.log.preallocated.size = 16384 (custom)
2019-09-25 05:52:29,606 [pool-197-thread-1] INFO  server.RaftServerConfigKeys (ConfUtils.java:logGet(43)) - raft.server.log.write.buffer.size = 33554432 (custom)
2019-09-25 05:52:29,607 [pool-197-thread-1] INFO  server.RaftServerConfigKeys (ConfUtils.java:logGet(43)) - raft.server.log.force.sync.num = 128 (default)
2019-09-25 05:52:29,607 [pool-197-thread-1] INFO  server.RaftServerConfigKeys (ConfUtils.java:logGet(43)) - raft.server.log.statemachine.data.sync = true (default)
2019-09-25 05:52:29,607 [pool-197-thread-1] INFO  server.RaftServerConfigKeys (ConfUtils.java:logGet(43)) - raft.server.log.statemachine.data.sync.timeout = 10s (default)
2019-09-25 05:52:29,607 [pool-197-thread-1] INFO  server.RaftServerConfigKeys (ConfUtils.java:logGet(43)) - raft.server.log.statemachine.data.sync.timeout.retry = -1 (default)
2019-09-25 05:52:29,607 [pool-197-thread-1] INFO  server.RaftServerConfigKeys (ConfUtils.java:logGet(43)) - raft.server.log.statemachine.data.caching.enabled = true (custom)
2019-09-25 05:52:29,608 [pool-197-thread-1] INFO  segmented.SegmentedRaftLogWorker (SegmentedRaftLogWorker.java:lambda$new$0(132)) - b2f71498-95f8-4afb-8bb6-1273d3661002@group-62722A3171C6-SegmentedRaftLogWorker: flushIndex: setUnconditionally 0 -> -1
2019-09-25 05:52:29,609 [pool-197-thread-1] INFO  server.RaftServerConfigKeys (ConfUtils.java:logGet(43)) - raft.server.snapshot.auto.trigger.enabled = true (custom)
2019-09-25 05:52:29,609 [pool-197-thread-1] INFO  server.RaftServerConfigKeys (ConfUtils.java:logGet(43)) - raft.server.snapshot.auto.trigger.threshold = 10000 (custom)
2019-09-25 05:52:29,609 [pool-197-thread-1] INFO  server.RaftServerConfigKeys (ConfUtils.java:logGet(43)) - raft.server.snapshot.retention.num.files = 5 (custom)
2019-09-25 05:52:29,609 [pool-197-thread-1] INFO  server.RaftServerConfigKeys (ConfUtils.java:logGet(43)) - raft.server.retrycache.expirytime = 600000ms (custom)
2019-09-25 05:52:29,612 [pool-197-thread-1] INFO  impl.RaftServerImpl (RaftServerImpl.java:start(185)) - b2f71498-95f8-4afb-8bb6-1273d3661002@group-62722A3171C6: start as a follower, conf=-1: [b2f71498-95f8-4afb-8bb6-1273d3661002:192.168.5.161:35389], old=null
2019-09-25 05:52:29,612 [pool-197-thread-1] INFO  impl.RaftServerImpl (RaftServerImpl.java:setRole(174)) - b2f71498-95f8-4afb-8bb6-1273d3661002@group-62722A3171C6: changes role from      null to FOLLOWER at term 0 for startAsFollower
2019-09-25 05:52:29,612 [pool-197-thread-1] INFO  impl.RoleInfo (RoleInfo.java:updateAndGet(143)) - b2f71498-95f8-4afb-8bb6-1273d3661002: start FollowerState
2019-09-25 05:52:29,613 [pool-197-thread-1] INFO  util.JmxRegister (JmxRegister.java:tryRegister(44)) - Successfully registered JMX Bean with object name Ratis:service=RaftServer,group=group-62722A3171C6,id=b2f71498-95f8-4afb-8bb6-1273d3661002
2019-09-25 05:52:29,616 [RatisPipelineUtilsThread] INFO  pipeline.PipelineStateManager (PipelineStateManager.java:addPipeline(56)) - Created pipeline Pipeline[ Id: 5deb82b5-5ca0-4ea1-9bcb-62722a3171c6, Nodes: b2f71498-95f8-4afb-8bb6-1273d3661002{ip: 192.168.5.161, host: pr-hdds-1569-zxpks-796972592, networkLocation: /default-rack, certSerialId: null}, Type:RATIS, Factor:ONE, State:OPEN]
2019-09-25 05:52:29,616 [RatisPipelineUtilsThread] INFO  pipeline.PipelinePlacementPolicy (PipelinePlacementPolicy.java:meetCriteria(91)) - Pipeline Placement: can't place more pipeline on heavy datanode： 5351ca64-bccb-4dbc-81f3-88c448fa08ca Heaviness: 6 limit: 5
2019-09-25 05:52:29,622 [grpc-default-executor-0] INFO  impl.RaftServerProxy (RaftServerProxy.java:addNew(89)) - 74c214a6-2081-4cec-a66f-57ef14a49025: addNew group-B5A2611F102D:[74c214a6-2081-4cec-a66f-57ef14a49025:192.168.5.161:40722] returns group-B5A2611F102D:java.util.concurrent.CompletableFuture@473169b[Not completed]
2019-09-25 05:52:29,623 [pool-187-thread-1] INFO  impl.RaftServerImpl (RaftServerImpl.java:<init>(95)) - 74c214a6-2081-4cec-a66f-57ef14a49025: new RaftServerImpl for group-B5A2611F102D:[74c214a6-2081-4cec-a66f-57ef14a49025:192.168.5.161:40722] with ContainerStateMachine:uninitialized
2019-09-25 05:52:29,623 [pool-187-thread-1] INFO  server.RaftServerConfigKeys (ConfUtils.java:logGet(43)) - raft.server.rpc.timeout.min = 5s (custom)
2019-09-25 05:52:29,623 [pool-187-thread-1] INFO  server.RaftServerConfigKeys (ConfUtils.java:logGet(43)) - raft.server.rpc.timeout.max = 5200ms (custom)
2019-09-25 05:52:29,623 [pool-187-thread-1] INFO  server.RaftServerConfigKeys (ConfUtils.java:logGet(43)) - raft.server.rpcslowness.timeout = 120s (custom)
2019-09-25 05:52:29,624 [pool-187-thread-1] INFO  server.RaftServerConfigKeys (ConfUtils.java:logGet(43)) - raft.server.sleep.deviation.threshold = 300 (default)
2019-09-25 05:52:29,624 [pool-187-thread-1] INFO  server.RaftServerConfigKeys (ConfUtils.java:logGet(43)) - raft.server.log.appender.install.snapshot.enabled = false (custom)
2019-09-25 05:52:29,624 [pool-187-thread-1] INFO  impl.RaftServerImpl (ServerState.java:<init>(103)) - 74c214a6-2081-4cec-a66f-57ef14a49025@group-B5A2611F102D: ConfigurationManager, init=-1: [74c214a6-2081-4cec-a66f-57ef14a49025:192.168.5.161:40722], old=null, confs=<EMPTY_MAP>
2019-09-25 05:52:29,624 [pool-187-thread-1] INFO  server.RaftServerConfigKeys (ConfUtils.java:logGet(43)) - raft.server.storage.dir = [/workdir/hadoop-ozone/ozonefs/target/test-dir/MiniOzoneClusterImpl-ffa13d7c-c890-4caf-bec8-d19cbd1e24dd/datanode-1/data/ratis] (custom)
2019-09-25 05:52:29,624 [pool-187-thread-1] INFO  storage.RaftStorageDirectory (RaftStorageDirectory.java:analyzeStorage(246)) - The storage directory /workdir/hadoop-ozone/ozonefs/target/test-dir/MiniOzoneClusterImpl-ffa13d7c-c890-4caf-bec8-d19cbd1e24dd/datanode-1/data/ratis/9b259831-74a6-483c-aeb0-b5a2611f102d does not exist. Creating ...
2019-09-25 05:52:29,627 [pool-187-thread-1] INFO  storage.RaftStorageDirectory (RaftStorageDirectory.java:tryLock(328)) - Lock on /workdir/hadoop-ozone/ozonefs/target/test-dir/MiniOzoneClusterImpl-ffa13d7c-c890-4caf-bec8-d19cbd1e24dd/datanode-1/data/ratis/9b259831-74a6-483c-aeb0-b5a2611f102d/in_use.lock acquired by nodename 13808@pr-hdds-1569-zxpks-796972592
2019-09-25 05:52:29,650 [pool-187-thread-1] INFO  storage.RaftStorage (RaftStorage.java:format(72)) - Storage directory /workdir/hadoop-ozone/ozonefs/target/test-dir/MiniOzoneClusterImpl-ffa13d7c-c890-4caf-bec8-d19cbd1e24dd/datanode-1/data/ratis/9b259831-74a6-483c-aeb0-b5a2611f102d has been successfully formatted.
2019-09-25 05:52:29,650 [pool-187-thread-1] INFO  ratis.ContainerStateMachine (ContainerStateMachine.java:loadSnapshot(230)) - group-B5A2611F102D: The snapshot info is null. Setting the last applied indexto:(t:0, i:~)
2019-09-25 05:52:29,650 [pool-187-thread-1] INFO  server.RaftServerConfigKeys (ConfUtils.java:logGet(43)) - raft.server.notification.no-leader.timeout = 120s (custom)
2019-09-25 05:52:29,650 [pool-187-thread-1] INFO  server.RaftServerConfigKeys (ConfUtils.java:logGet(43)) - raft.server.log.use.memory = false (default)
2019-09-25 05:52:29,651 [pool-187-thread-1] INFO  server.RaftServerConfigKeys (ConfUtils.java:logGet(43)) - raft.server.log.purge.gap = 1000000 (custom)
2019-09-25 05:52:29,651 [pool-187-thread-1] INFO  server.RaftServerConfigKeys (ConfUtils.java:logGet(43)) - raft.server.log.appender.buffer.byte-limit = 33554432 (custom)
2019-09-25 05:52:29,651 [pool-187-thread-1] INFO  server.RaftServerConfigKeys (ConfUtils.java:logGet(43)) - raft.server.log.segment.size.max = 1048576 (custom)
2019-09-25 05:52:29,651 [pool-187-thread-1] INFO  server.RaftServerConfigKeys (ConfUtils.java:logGet(43)) - raft.server.log.segment.cache.num.max = 2 (custom)
2019-09-25 05:52:29,651 [pool-187-thread-1] INFO  segmented.SegmentedRaftLogWorker (SegmentedRaftLogWorker.java:<init>(172)) - new 74c214a6-2081-4cec-a66f-57ef14a49025@group-B5A2611F102D-SegmentedRaftLogWorker for RaftStorage:Storage Directory /workdir/hadoop-ozone/ozonefs/target/test-dir/MiniOzoneClusterImpl-ffa13d7c-c890-4caf-bec8-d19cbd1e24dd/datanode-1/data/ratis/9b259831-74a6-483c-aeb0-b5a2611f102d
2019-09-25 05:52:29,651 [pool-187-thread-1] INFO  server.RaftServerConfigKeys (ConfUtils.java:logGet(43)) - raft.server.log.queue.byte-limit = 2147483647 (custom)
2019-09-25 05:52:29,651 [pool-187-thread-1] INFO  server.RaftServerConfigKeys (ConfUtils.java:logGet(43)) - raft.server.log.queue.element-limit = 1024 (custom)
2019-09-25 05:52:29,652 [pool-187-thread-1] INFO  server.RaftServerConfigKeys (ConfUtils.java:logGet(43)) - raft.server.log.segment.size.max = 1048576 (custom)
2019-09-25 05:52:29,652 [pool-187-thread-1] INFO  server.RaftServerConfigKeys (ConfUtils.java:logGet(43)) - raft.server.log.preallocated.size = 16384 (custom)
2019-09-25 05:52:29,652 [pool-187-thread-1] INFO  server.RaftServerConfigKeys (ConfUtils.java:logGet(43)) - raft.server.log.write.buffer.size = 33554432 (custom)
2019-09-25 05:52:29,652 [pool-187-thread-1] INFO  server.RaftServerConfigKeys (ConfUtils.java:logGet(43)) - raft.server.log.force.sync.num = 128 (default)
2019-09-25 05:52:29,652 [pool-187-thread-1] INFO  server.RaftServerConfigKeys (ConfUtils.java:logGet(43)) - raft.server.log.statemachine.data.sync = true (default)
2019-09-25 05:52:29,652 [pool-187-thread-1] INFO  server.RaftServerConfigKeys (ConfUtils.java:logGet(43)) - raft.server.log.statemachine.data.sync.timeout = 10s (default)
2019-09-25 05:52:29,652 [pool-187-thread-1] INFO  server.RaftServerConfigKeys (ConfUtils.java:logGet(43)) - raft.server.log.statemachine.data.sync.timeout.retry = -1 (default)
2019-09-25 05:52:29,653 [pool-187-thread-1] INFO  server.RaftServerConfigKeys (ConfUtils.java:logGet(43)) - raft.server.log.statemachine.data.caching.enabled = true (custom)
2019-09-25 05:52:29,653 [pool-187-thread-1] INFO  segmented.SegmentedRaftLogWorker (SegmentedRaftLogWorker.java:lambda$new$0(132)) - 74c214a6-2081-4cec-a66f-57ef14a49025@group-B5A2611F102D-SegmentedRaftLogWorker: flushIndex: setUnconditionally 0 -> -1
2019-09-25 05:52:29,653 [pool-187-thread-1] INFO  server.RaftServerConfigKeys (ConfUtils.java:logGet(43)) - raft.server.snapshot.auto.trigger.enabled = true (custom)
2019-09-25 05:52:29,653 [pool-187-thread-1] INFO  server.RaftServerConfigKeys (ConfUtils.java:logGet(43)) - raft.server.snapshot.auto.trigger.threshold = 10000 (custom)
2019-09-25 05:52:29,654 [pool-187-thread-1] INFO  server.RaftServerConfigKeys (ConfUtils.java:logGet(43)) - raft.server.snapshot.retention.num.files = 5 (custom)
2019-09-25 05:52:29,654 [pool-187-thread-1] INFO  server.RaftServerConfigKeys (ConfUtils.java:logGet(43)) - raft.server.retrycache.expirytime = 600000ms (custom)
2019-09-25 05:52:29,656 [pool-187-thread-1] INFO  impl.RaftServerImpl (RaftServerImpl.java:start(185)) - 74c214a6-2081-4cec-a66f-57ef14a49025@group-B5A2611F102D: start as a follower, conf=-1: [74c214a6-2081-4cec-a66f-57ef14a49025:192.168.5.161:40722], old=null
2019-09-25 05:52:29,656 [pool-187-thread-1] INFO  impl.RaftServerImpl (RaftServerImpl.java:setRole(174)) - 74c214a6-2081-4cec-a66f-57ef14a49025@group-B5A2611F102D: changes role from      null to FOLLOWER at term 0 for startAsFollower
2019-09-25 05:52:29,656 [pool-187-thread-1] INFO  impl.RoleInfo (RoleInfo.java:updateAndGet(143)) - 74c214a6-2081-4cec-a66f-57ef14a49025: start FollowerState
2019-09-25 05:52:29,656 [pool-187-thread-1] INFO  util.JmxRegister (JmxRegister.java:tryRegister(44)) - Successfully registered JMX Bean with object name Ratis:service=RaftServer,group=group-B5A2611F102D,id=74c214a6-2081-4cec-a66f-57ef14a49025
2019-09-25 05:52:29,659 [RatisPipelineUtilsThread] INFO  pipeline.PipelineStateManager (PipelineStateManager.java:addPipeline(56)) - Created pipeline Pipeline[ Id: 9b259831-74a6-483c-aeb0-b5a2611f102d, Nodes: 74c214a6-2081-4cec-a66f-57ef14a49025{ip: 192.168.5.161, host: pr-hdds-1569-zxpks-796972592, networkLocation: /default-rack, certSerialId: null}, Type:RATIS, Factor:ONE, State:OPEN]
2019-09-25 05:52:29,659 [RatisPipelineUtilsThread] INFO  pipeline.PipelinePlacementPolicy (PipelinePlacementPolicy.java:meetCriteria(91)) - Pipeline Placement: can't place more pipeline on heavy datanode： 5351ca64-bccb-4dbc-81f3-88c448fa08ca Heaviness: 6 limit: 5
2019-09-25 05:52:29,659 [RatisPipelineUtilsThread] INFO  pipeline.PipelinePlacementPolicy (PipelinePlacementPolicy.java:meetCriteria(91)) - Pipeline Placement: can't place more pipeline on heavy datanode： 74c214a6-2081-4cec-a66f-57ef14a49025 Heaviness: 6 limit: 5
2019-09-25 05:52:29,665 [grpc-default-executor-0] INFO  impl.RaftServerProxy (RaftServerProxy.java:addNew(89)) - b2f71498-95f8-4afb-8bb6-1273d3661002: addNew group-7A0944EEA5C1:[b2f71498-95f8-4afb-8bb6-1273d3661002:192.168.5.161:35389] returns group-7A0944EEA5C1:java.util.concurrent.CompletableFuture@62e672be[Not completed]
2019-09-25 05:52:29,666 [pool-197-thread-1] INFO  impl.RaftServerImpl (RaftServerImpl.java:<init>(95)) - b2f71498-95f8-4afb-8bb6-1273d3661002: new RaftServerImpl for group-7A0944EEA5C1:[b2f71498-95f8-4afb-8bb6-1273d3661002:192.168.5.161:35389] with ContainerStateMachine:uninitialized
2019-09-25 05:52:29,666 [pool-197-thread-1] INFO  server.RaftServerConfigKeys (ConfUtils.java:logGet(43)) - raft.server.rpc.timeout.min = 5s (custom)
2019-09-25 05:52:29,666 [pool-197-thread-1] INFO  server.RaftServerConfigKeys (ConfUtils.java:logGet(43)) - raft.server.rpc.timeout.max = 5200ms (custom)
2019-09-25 05:52:29,666 [pool-197-thread-1] INFO  server.RaftServerConfigKeys (ConfUtils.java:logGet(43)) - raft.server.rpcslowness.timeout = 120s (custom)
2019-09-25 05:52:29,667 [pool-197-thread-1] INFO  server.RaftServerConfigKeys (ConfUtils.java:logGet(43)) - raft.server.sleep.deviation.threshold = 300 (default)
2019-09-25 05:52:29,667 [pool-197-thread-1] INFO  server.RaftServerConfigKeys (ConfUtils.java:logGet(43)) - raft.server.log.appender.install.snapshot.enabled = false (custom)
2019-09-25 05:52:29,667 [pool-197-thread-1] INFO  impl.RaftServerImpl (ServerState.java:<init>(103)) - b2f71498-95f8-4afb-8bb6-1273d3661002@group-7A0944EEA5C1: ConfigurationManager, init=-1: [b2f71498-95f8-4afb-8bb6-1273d3661002:192.168.5.161:35389], old=null, confs=<EMPTY_MAP>
2019-09-25 05:52:29,667 [pool-197-thread-1] INFO  server.RaftServerConfigKeys (ConfUtils.java:logGet(43)) - raft.server.storage.dir = [/workdir/hadoop-ozone/ozonefs/target/test-dir/MiniOzoneClusterImpl-ffa13d7c-c890-4caf-bec8-d19cbd1e24dd/datanode-2/data/ratis] (custom)
2019-09-25 05:52:29,668 [pool-197-thread-1] INFO  storage.RaftStorageDirectory (RaftStorageDirectory.java:analyzeStorage(246)) - The storage directory /workdir/hadoop-ozone/ozonefs/target/test-dir/MiniOzoneClusterImpl-ffa13d7c-c890-4caf-bec8-d19cbd1e24dd/datanode-2/data/ratis/745a0b7e-031e-4734-b7c2-7a0944eea5c1 does not exist. Creating ...
2019-09-25 05:52:29,683 [pool-197-thread-1] INFO  storage.RaftStorageDirectory (RaftStorageDirectory.java:tryLock(328)) - Lock on /workdir/hadoop-ozone/ozonefs/target/test-dir/MiniOzoneClusterImpl-ffa13d7c-c890-4caf-bec8-d19cbd1e24dd/datanode-2/data/ratis/745a0b7e-031e-4734-b7c2-7a0944eea5c1/in_use.lock acquired by nodename 13808@pr-hdds-1569-zxpks-796972592
2019-09-25 05:52:29,705 [pool-197-thread-1] INFO  storage.RaftStorage (RaftStorage.java:format(72)) - Storage directory /workdir/hadoop-ozone/ozonefs/target/test-dir/MiniOzoneClusterImpl-ffa13d7c-c890-4caf-bec8-d19cbd1e24dd/datanode-2/data/ratis/745a0b7e-031e-4734-b7c2-7a0944eea5c1 has been successfully formatted.
2019-09-25 05:52:29,705 [pool-197-thread-1] INFO  ratis.ContainerStateMachine (ContainerStateMachine.java:loadSnapshot(230)) - group-7A0944EEA5C1: The snapshot info is null. Setting the last applied indexto:(t:0, i:~)
2019-09-25 05:52:29,705 [pool-197-thread-1] INFO  server.RaftServerConfigKeys (ConfUtils.java:logGet(43)) - raft.server.notification.no-leader.timeout = 120s (custom)
2019-09-25 05:52:29,706 [pool-197-thread-1] INFO  server.RaftServerConfigKeys (ConfUtils.java:logGet(43)) - raft.server.log.use.memory = false (default)
2019-09-25 05:52:29,706 [pool-197-thread-1] INFO  server.RaftServerConfigKeys (ConfUtils.java:logGet(43)) - raft.server.log.purge.gap = 1000000 (custom)
2019-09-25 05:52:29,706 [pool-197-thread-1] INFO  server.RaftServerConfigKeys (ConfUtils.java:logGet(43)) - raft.server.log.appender.buffer.byte-limit = 33554432 (custom)
2019-09-25 05:52:29,706 [pool-197-thread-1] INFO  server.RaftServerConfigKeys (ConfUtils.java:logGet(43)) - raft.server.log.segment.size.max = 1048576 (custom)
2019-09-25 05:52:29,706 [pool-197-thread-1] INFO  server.RaftServerConfigKeys (ConfUtils.java:logGet(43)) - raft.server.log.segment.cache.num.max = 2 (custom)
2019-09-25 05:52:29,706 [pool-197-thread-1] INFO  segmented.SegmentedRaftLogWorker (SegmentedRaftLogWorker.java:<init>(172)) - new b2f71498-95f8-4afb-8bb6-1273d3661002@group-7A0944EEA5C1-SegmentedRaftLogWorker for RaftStorage:Storage Directory /workdir/hadoop-ozone/ozonefs/target/test-dir/MiniOzoneClusterImpl-ffa13d7c-c890-4caf-bec8-d19cbd1e24dd/datanode-2/data/ratis/745a0b7e-031e-4734-b7c2-7a0944eea5c1
2019-09-25 05:52:29,707 [pool-197-thread-1] INFO  server.RaftServerConfigKeys (ConfUtils.java:logGet(43)) - raft.server.log.queue.byte-limit = 2147483647 (custom)
2019-09-25 05:52:29,707 [pool-197-thread-1] INFO  server.RaftServerConfigKeys (ConfUtils.java:logGet(43)) - raft.server.log.queue.element-limit = 1024 (custom)
2019-09-25 05:52:29,707 [pool-197-thread-1] INFO  server.RaftServerConfigKeys (ConfUtils.java:logGet(43)) - raft.server.log.segment.size.max = 1048576 (custom)
2019-09-25 05:52:29,707 [pool-197-thread-1] INFO  server.RaftServerConfigKeys (ConfUtils.java:logGet(43)) - raft.server.log.preallocated.size = 16384 (custom)
2019-09-25 05:52:29,707 [pool-197-thread-1] INFO  server.RaftServerConfigKeys (ConfUtils.java:logGet(43)) - raft.server.log.write.buffer.size = 33554432 (custom)
2019-09-25 05:52:29,707 [pool-197-thread-1] INFO  server.RaftServerConfigKeys (ConfUtils.java:logGet(43)) - raft.server.log.force.sync.num = 128 (default)
2019-09-25 05:52:29,708 [pool-197-thread-1] INFO  server.RaftServerConfigKeys (ConfUtils.java:logGet(43)) - raft.server.log.statemachine.data.sync = true (default)
2019-09-25 05:52:29,708 [pool-197-thread-1] INFO  server.RaftServerConfigKeys (ConfUtils.java:logGet(43)) - raft.server.log.statemachine.data.sync.timeout = 10s (default)
2019-09-25 05:52:29,708 [pool-197-thread-1] INFO  server.RaftServerConfigKeys (ConfUtils.java:logGet(43)) - raft.server.log.statemachine.data.sync.timeout.retry = -1 (default)
2019-09-25 05:52:29,708 [pool-197-thread-1] INFO  server.RaftServerConfigKeys (ConfUtils.java:logGet(43)) - raft.server.log.statemachine.data.caching.enabled = true (custom)
2019-09-25 05:52:29,708 [pool-197-thread-1] INFO  segmented.SegmentedRaftLogWorker (SegmentedRaftLogWorker.java:lambda$new$0(132)) - b2f71498-95f8-4afb-8bb6-1273d3661002@group-7A0944EEA5C1-SegmentedRaftLogWorker: flushIndex: setUnconditionally 0 -> -1
2019-09-25 05:52:29,709 [pool-197-thread-1] INFO  server.RaftServerConfigKeys (ConfUtils.java:logGet(43)) - raft.server.snapshot.auto.trigger.enabled = true (custom)
2019-09-25 05:52:29,709 [pool-197-thread-1] INFO  server.RaftServerConfigKeys (ConfUtils.java:logGet(43)) - raft.server.snapshot.auto.trigger.threshold = 10000 (custom)
2019-09-25 05:52:29,709 [pool-197-thread-1] INFO  server.RaftServerConfigKeys (ConfUtils.java:logGet(43)) - raft.server.snapshot.retention.num.files = 5 (custom)
2019-09-25 05:52:29,709 [pool-197-thread-1] INFO  server.RaftServerConfigKeys (ConfUtils.java:logGet(43)) - raft.server.retrycache.expirytime = 600000ms (custom)
2019-09-25 05:52:29,711 [pool-197-thread-1] INFO  impl.RaftServerImpl (RaftServerImpl.java:start(185)) - b2f71498-95f8-4afb-8bb6-1273d3661002@group-7A0944EEA5C1: start as a follower, conf=-1: [b2f71498-95f8-4afb-8bb6-1273d3661002:192.168.5.161:35389], old=null
2019-09-25 05:52:29,711 [pool-197-thread-1] INFO  impl.RaftServerImpl (RaftServerImpl.java:setRole(174)) - b2f71498-95f8-4afb-8bb6-1273d3661002@group-7A0944EEA5C1: changes role from      null to FOLLOWER at term 0 for startAsFollower
2019-09-25 05:52:29,711 [pool-197-thread-1] INFO  impl.RoleInfo (RoleInfo.java:updateAndGet(143)) - b2f71498-95f8-4afb-8bb6-1273d3661002: start FollowerState
2019-09-25 05:52:29,712 [pool-197-thread-1] INFO  util.JmxRegister (JmxRegister.java:tryRegister(44)) - Successfully registered JMX Bean with object name Ratis:service=RaftServer,group=group-7A0944EEA5C1,id=b2f71498-95f8-4afb-8bb6-1273d3661002
2019-09-25 05:52:29,715 [RatisPipelineUtilsThread] INFO  pipeline.PipelineStateManager (PipelineStateManager.java:addPipeline(56)) - Created pipeline Pipeline[ Id: 745a0b7e-031e-4734-b7c2-7a0944eea5c1, Nodes: b2f71498-95f8-4afb-8bb6-1273d3661002{ip: 192.168.5.161, host: pr-hdds-1569-zxpks-796972592, networkLocation: /default-rack, certSerialId: null}, Type:RATIS, Factor:ONE, State:OPEN]
2019-09-25 05:52:29,715 [RatisPipelineUtilsThread] INFO  pipeline.PipelinePlacementPolicy (PipelinePlacementPolicy.java:meetCriteria(91)) - Pipeline Placement: can't place more pipeline on heavy datanode： 5351ca64-bccb-4dbc-81f3-88c448fa08ca Heaviness: 6 limit: 5
2019-09-25 05:52:29,715 [RatisPipelineUtilsThread] INFO  pipeline.PipelinePlacementPolicy (PipelinePlacementPolicy.java:meetCriteria(91)) - Pipeline Placement: can't place more pipeline on heavy datanode： 74c214a6-2081-4cec-a66f-57ef14a49025 Heaviness: 6 limit: 5
2019-09-25 05:52:29,721 [grpc-default-executor-0] INFO  impl.RaftServerProxy (RaftServerProxy.java:addNew(89)) - b2f71498-95f8-4afb-8bb6-1273d3661002: addNew group-843A78269F41:[b2f71498-95f8-4afb-8bb6-1273d3661002:192.168.5.161:35389] returns group-843A78269F41:java.util.concurrent.CompletableFuture@60b5cb15[Not completed]
2019-09-25 05:52:29,722 [pool-197-thread-1] INFO  impl.RaftServerImpl (RaftServerImpl.java:<init>(95)) - b2f71498-95f8-4afb-8bb6-1273d3661002: new RaftServerImpl for group-843A78269F41:[b2f71498-95f8-4afb-8bb6-1273d3661002:192.168.5.161:35389] with ContainerStateMachine:uninitialized
2019-09-25 05:52:29,722 [pool-197-thread-1] INFO  server.RaftServerConfigKeys (ConfUtils.java:logGet(43)) - raft.server.rpc.timeout.min = 5s (custom)
2019-09-25 05:52:29,722 [pool-197-thread-1] INFO  server.RaftServerConfigKeys (ConfUtils.java:logGet(43)) - raft.server.rpc.timeout.max = 5200ms (custom)
2019-09-25 05:52:29,722 [pool-197-thread-1] INFO  server.RaftServerConfigKeys (ConfUtils.java:logGet(43)) - raft.server.rpcslowness.timeout = 120s (custom)
2019-09-25 05:52:29,723 [pool-197-thread-1] INFO  server.RaftServerConfigKeys (ConfUtils.java:logGet(43)) - raft.server.sleep.deviation.threshold = 300 (default)
2019-09-25 05:52:29,723 [pool-197-thread-1] INFO  server.RaftServerConfigKeys (ConfUtils.java:logGet(43)) - raft.server.log.appender.install.snapshot.enabled = false (custom)
2019-09-25 05:52:29,723 [pool-197-thread-1] INFO  impl.RaftServerImpl (ServerState.java:<init>(103)) - b2f71498-95f8-4afb-8bb6-1273d3661002@group-843A78269F41: ConfigurationManager, init=-1: [b2f71498-95f8-4afb-8bb6-1273d3661002:192.168.5.161:35389], old=null, confs=<EMPTY_MAP>
2019-09-25 05:52:29,723 [pool-197-thread-1] INFO  server.RaftServerConfigKeys (ConfUtils.java:logGet(43)) - raft.server.storage.dir = [/workdir/hadoop-ozone/ozonefs/target/test-dir/MiniOzoneClusterImpl-ffa13d7c-c890-4caf-bec8-d19cbd1e24dd/datanode-2/data/ratis] (custom)
2019-09-25 05:52:29,724 [pool-197-thread-1] INFO  storage.RaftStorageDirectory (RaftStorageDirectory.java:analyzeStorage(246)) - The storage directory /workdir/hadoop-ozone/ozonefs/target/test-dir/MiniOzoneClusterImpl-ffa13d7c-c890-4caf-bec8-d19cbd1e24dd/datanode-2/data/ratis/06f3a5b5-e307-4f26-802b-843a78269f41 does not exist. Creating ...
2019-09-25 05:52:29,748 [pool-197-thread-1] INFO  storage.RaftStorageDirectory (RaftStorageDirectory.java:tryLock(328)) - Lock on /workdir/hadoop-ozone/ozonefs/target/test-dir/MiniOzoneClusterImpl-ffa13d7c-c890-4caf-bec8-d19cbd1e24dd/datanode-2/data/ratis/06f3a5b5-e307-4f26-802b-843a78269f41/in_use.lock acquired by nodename 13808@pr-hdds-1569-zxpks-796972592
2019-09-25 05:52:29,761 [pool-197-thread-1] INFO  storage.RaftStorage (RaftStorage.java:format(72)) - Storage directory /workdir/hadoop-ozone/ozonefs/target/test-dir/MiniOzoneClusterImpl-ffa13d7c-c890-4caf-bec8-d19cbd1e24dd/datanode-2/data/ratis/06f3a5b5-e307-4f26-802b-843a78269f41 has been successfully formatted.
2019-09-25 05:52:29,761 [pool-197-thread-1] INFO  ratis.ContainerStateMachine (ContainerStateMachine.java:loadSnapshot(230)) - group-843A78269F41: The snapshot info is null. Setting the last applied indexto:(t:0, i:~)
2019-09-25 05:52:29,762 [pool-197-thread-1] INFO  server.RaftServerConfigKeys (ConfUtils.java:logGet(43)) - raft.server.notification.no-leader.timeout = 120s (custom)
2019-09-25 05:52:29,762 [pool-197-thread-1] INFO  server.RaftServerConfigKeys (ConfUtils.java:logGet(43)) - raft.server.log.use.memory = false (default)
2019-09-25 05:52:29,762 [pool-197-thread-1] INFO  server.RaftServerConfigKeys (ConfUtils.java:logGet(43)) - raft.server.log.purge.gap = 1000000 (custom)
2019-09-25 05:52:29,762 [pool-197-thread-1] INFO  server.RaftServerConfigKeys (ConfUtils.java:logGet(43)) - raft.server.log.appender.buffer.byte-limit = 33554432 (custom)
2019-09-25 05:52:29,762 [pool-197-thread-1] INFO  server.RaftServerConfigKeys (ConfUtils.java:logGet(43)) - raft.server.log.segment.size.max = 1048576 (custom)
2019-09-25 05:52:29,762 [pool-197-thread-1] INFO  server.RaftServerConfigKeys (ConfUtils.java:logGet(43)) - raft.server.log.segment.cache.num.max = 2 (custom)
2019-09-25 05:52:29,763 [pool-197-thread-1] INFO  segmented.SegmentedRaftLogWorker (SegmentedRaftLogWorker.java:<init>(172)) - new b2f71498-95f8-4afb-8bb6-1273d3661002@group-843A78269F41-SegmentedRaftLogWorker for RaftStorage:Storage Directory /workdir/hadoop-ozone/ozonefs/target/test-dir/MiniOzoneClusterImpl-ffa13d7c-c890-4caf-bec8-d19cbd1e24dd/datanode-2/data/ratis/06f3a5b5-e307-4f26-802b-843a78269f41
2019-09-25 05:52:29,763 [pool-197-thread-1] INFO  server.RaftServerConfigKeys (ConfUtils.java:logGet(43)) - raft.server.log.queue.byte-limit = 2147483647 (custom)
2019-09-25 05:52:29,763 [pool-197-thread-1] INFO  server.RaftServerConfigKeys (ConfUtils.java:logGet(43)) - raft.server.log.queue.element-limit = 1024 (custom)
2019-09-25 05:52:29,763 [pool-197-thread-1] INFO  server.RaftServerConfigKeys (ConfUtils.java:logGet(43)) - raft.server.log.segment.size.max = 1048576 (custom)
2019-09-25 05:52:29,763 [pool-197-thread-1] INFO  server.RaftServerConfigKeys (ConfUtils.java:logGet(43)) - raft.server.log.preallocated.size = 16384 (custom)
2019-09-25 05:52:29,763 [pool-197-thread-1] INFO  server.RaftServerConfigKeys (ConfUtils.java:logGet(43)) - raft.server.log.write.buffer.size = 33554432 (custom)
2019-09-25 05:52:29,764 [pool-197-thread-1] INFO  server.RaftServerConfigKeys (ConfUtils.java:logGet(43)) - raft.server.log.force.sync.num = 128 (default)
2019-09-25 05:52:29,764 [pool-197-thread-1] INFO  server.RaftServerConfigKeys (ConfUtils.java:logGet(43)) - raft.server.log.statemachine.data.sync = true (default)
2019-09-25 05:52:29,764 [pool-197-thread-1] INFO  server.RaftServerConfigKeys (ConfUtils.java:logGet(43)) - raft.server.log.statemachine.data.sync.timeout = 10s (default)
2019-09-25 05:52:29,764 [pool-197-thread-1] INFO  server.RaftServerConfigKeys (ConfUtils.java:logGet(43)) - raft.server.log.statemachine.data.sync.timeout.retry = -1 (default)
2019-09-25 05:52:29,764 [pool-197-thread-1] INFO  server.RaftServerConfigKeys (ConfUtils.java:logGet(43)) - raft.server.log.statemachine.data.caching.enabled = true (custom)
2019-09-25 05:52:29,765 [pool-197-thread-1] INFO  segmented.SegmentedRaftLogWorker (SegmentedRaftLogWorker.java:lambda$new$0(132)) - b2f71498-95f8-4afb-8bb6-1273d3661002@group-843A78269F41-SegmentedRaftLogWorker: flushIndex: setUnconditionally 0 -> -1
2019-09-25 05:52:29,765 [pool-197-thread-1] INFO  server.RaftServerConfigKeys (ConfUtils.java:logGet(43)) - raft.server.snapshot.auto.trigger.enabled = true (custom)
2019-09-25 05:52:29,765 [pool-197-thread-1] INFO  server.RaftServerConfigKeys (ConfUtils.java:logGet(43)) - raft.server.snapshot.auto.trigger.threshold = 10000 (custom)
2019-09-25 05:52:29,765 [pool-197-thread-1] INFO  server.RaftServerConfigKeys (ConfUtils.java:logGet(43)) - raft.server.snapshot.retention.num.files = 5 (custom)
2019-09-25 05:52:29,765 [pool-197-thread-1] INFO  server.RaftServerConfigKeys (ConfUtils.java:logGet(43)) - raft.server.retrycache.expirytime = 600000ms (custom)
2019-09-25 05:52:29,767 [pool-197-thread-1] INFO  impl.RaftServerImpl (RaftServerImpl.java:start(185)) - b2f71498-95f8-4afb-8bb6-1273d3661002@group-843A78269F41: start as a follower, conf=-1: [b2f71498-95f8-4afb-8bb6-1273d3661002:192.168.5.161:35389], old=null
2019-09-25 05:52:29,767 [pool-197-thread-1] INFO  impl.RaftServerImpl (RaftServerImpl.java:setRole(174)) - b2f71498-95f8-4afb-8bb6-1273d3661002@group-843A78269F41: changes role from      null to FOLLOWER at term 0 for startAsFollower
2019-09-25 05:52:29,768 [pool-197-thread-1] INFO  impl.RoleInfo (RoleInfo.java:updateAndGet(143)) - b2f71498-95f8-4afb-8bb6-1273d3661002: start FollowerState
2019-09-25 05:52:29,768 [pool-197-thread-1] INFO  util.JmxRegister (JmxRegister.java:tryRegister(44)) - Successfully registered JMX Bean with object name Ratis:service=RaftServer,group=group-843A78269F41,id=b2f71498-95f8-4afb-8bb6-1273d3661002
2019-09-25 05:52:29,771 [RatisPipelineUtilsThread] INFO  pipeline.PipelineStateManager (PipelineStateManager.java:addPipeline(56)) - Created pipeline Pipeline[ Id: 06f3a5b5-e307-4f26-802b-843a78269f41, Nodes: b2f71498-95f8-4afb-8bb6-1273d3661002{ip: 192.168.5.161, host: pr-hdds-1569-zxpks-796972592, networkLocation: /default-rack, certSerialId: null}, Type:RATIS, Factor:ONE, State:OPEN]
2019-09-25 05:52:29,772 [RatisPipelineUtilsThread] INFO  pipeline.PipelinePlacementPolicy (PipelinePlacementPolicy.java:meetCriteria(91)) - Pipeline Placement: can't place more pipeline on heavy datanode： 5351ca64-bccb-4dbc-81f3-88c448fa08ca Heaviness: 6 limit: 5
2019-09-25 05:52:29,772 [RatisPipelineUtilsThread] INFO  pipeline.PipelinePlacementPolicy (PipelinePlacementPolicy.java:meetCriteria(91)) - Pipeline Placement: can't place more pipeline on heavy datanode： 74c214a6-2081-4cec-a66f-57ef14a49025 Heaviness: 6 limit: 5
2019-09-25 05:52:29,778 [grpc-default-executor-0] INFO  impl.RaftServerProxy (RaftServerProxy.java:addNew(89)) - b2f71498-95f8-4afb-8bb6-1273d3661002: addNew group-34EBF9B2E890:[b2f71498-95f8-4afb-8bb6-1273d3661002:192.168.5.161:35389] returns group-34EBF9B2E890:java.util.concurrent.CompletableFuture@268fc151[Not completed]
2019-09-25 05:52:29,779 [pool-197-thread-1] INFO  impl.RaftServerImpl (RaftServerImpl.java:<init>(95)) - b2f71498-95f8-4afb-8bb6-1273d3661002: new RaftServerImpl for group-34EBF9B2E890:[b2f71498-95f8-4afb-8bb6-1273d3661002:192.168.5.161:35389] with ContainerStateMachine:uninitialized
2019-09-25 05:52:29,779 [pool-197-thread-1] INFO  server.RaftServerConfigKeys (ConfUtils.java:logGet(43)) - raft.server.rpc.timeout.min = 5s (custom)
2019-09-25 05:52:29,779 [pool-197-thread-1] INFO  server.RaftServerConfigKeys (ConfUtils.java:logGet(43)) - raft.server.rpc.timeout.max = 5200ms (custom)
2019-09-25 05:52:29,779 [pool-197-thread-1] INFO  server.RaftServerConfigKeys (ConfUtils.java:logGet(43)) - raft.server.rpcslowness.timeout = 120s (custom)
2019-09-25 05:52:29,779 [pool-197-thread-1] INFO  server.RaftServerConfigKeys (ConfUtils.java:logGet(43)) - raft.server.sleep.deviation.threshold = 300 (default)
2019-09-25 05:52:29,779 [pool-197-thread-1] INFO  server.RaftServerConfigKeys (ConfUtils.java:logGet(43)) - raft.server.log.appender.install.snapshot.enabled = false (custom)
2019-09-25 05:52:29,780 [pool-197-thread-1] INFO  impl.RaftServerImpl (ServerState.java:<init>(103)) - b2f71498-95f8-4afb-8bb6-1273d3661002@group-34EBF9B2E890: ConfigurationManager, init=-1: [b2f71498-95f8-4afb-8bb6-1273d3661002:192.168.5.161:35389], old=null, confs=<EMPTY_MAP>
2019-09-25 05:52:29,780 [pool-197-thread-1] INFO  server.RaftServerConfigKeys (ConfUtils.java:logGet(43)) - raft.server.storage.dir = [/workdir/hadoop-ozone/ozonefs/target/test-dir/MiniOzoneClusterImpl-ffa13d7c-c890-4caf-bec8-d19cbd1e24dd/datanode-2/data/ratis] (custom)
2019-09-25 05:52:29,780 [pool-197-thread-1] INFO  storage.RaftStorageDirectory (RaftStorageDirectory.java:analyzeStorage(246)) - The storage directory /workdir/hadoop-ozone/ozonefs/target/test-dir/MiniOzoneClusterImpl-ffa13d7c-c890-4caf-bec8-d19cbd1e24dd/datanode-2/data/ratis/15c5b00c-37c3-4145-bab1-34ebf9b2e890 does not exist. Creating ...
2019-09-25 05:52:29,793 [pool-197-thread-1] INFO  storage.RaftStorageDirectory (RaftStorageDirectory.java:tryLock(328)) - Lock on /workdir/hadoop-ozone/ozonefs/target/test-dir/MiniOzoneClusterImpl-ffa13d7c-c890-4caf-bec8-d19cbd1e24dd/datanode-2/data/ratis/15c5b00c-37c3-4145-bab1-34ebf9b2e890/in_use.lock acquired by nodename 13808@pr-hdds-1569-zxpks-796972592
2019-09-25 05:52:29,806 [pool-197-thread-1] INFO  storage.RaftStorage (RaftStorage.java:format(72)) - Storage directory /workdir/hadoop-ozone/ozonefs/target/test-dir/MiniOzoneClusterImpl-ffa13d7c-c890-4caf-bec8-d19cbd1e24dd/datanode-2/data/ratis/15c5b00c-37c3-4145-bab1-34ebf9b2e890 has been successfully formatted.
2019-09-25 05:52:29,806 [pool-197-thread-1] INFO  ratis.ContainerStateMachine (ContainerStateMachine.java:loadSnapshot(230)) - group-34EBF9B2E890: The snapshot info is null. Setting the last applied indexto:(t:0, i:~)
2019-09-25 05:52:29,806 [pool-197-thread-1] INFO  server.RaftServerConfigKeys (ConfUtils.java:logGet(43)) - raft.server.notification.no-leader.timeout = 120s (custom)
2019-09-25 05:52:29,806 [pool-197-thread-1] INFO  server.RaftServerConfigKeys (ConfUtils.java:logGet(43)) - raft.server.log.use.memory = false (default)
2019-09-25 05:52:29,807 [pool-197-thread-1] INFO  server.RaftServerConfigKeys (ConfUtils.java:logGet(43)) - raft.server.log.purge.gap = 1000000 (custom)
2019-09-25 05:52:29,807 [pool-197-thread-1] INFO  server.RaftServerConfigKeys (ConfUtils.java:logGet(43)) - raft.server.log.appender.buffer.byte-limit = 33554432 (custom)
2019-09-25 05:52:29,807 [pool-197-thread-1] INFO  server.RaftServerConfigKeys (ConfUtils.java:logGet(43)) - raft.server.log.segment.size.max = 1048576 (custom)
2019-09-25 05:52:29,807 [pool-197-thread-1] INFO  server.RaftServerConfigKeys (ConfUtils.java:logGet(43)) - raft.server.log.segment.cache.num.max = 2 (custom)
2019-09-25 05:52:29,807 [pool-197-thread-1] INFO  segmented.SegmentedRaftLogWorker (SegmentedRaftLogWorker.java:<init>(172)) - new b2f71498-95f8-4afb-8bb6-1273d3661002@group-34EBF9B2E890-SegmentedRaftLogWorker for RaftStorage:Storage Directory /workdir/hadoop-ozone/ozonefs/target/test-dir/MiniOzoneClusterImpl-ffa13d7c-c890-4caf-bec8-d19cbd1e24dd/datanode-2/data/ratis/15c5b00c-37c3-4145-bab1-34ebf9b2e890
2019-09-25 05:52:29,807 [pool-197-thread-1] INFO  server.RaftServerConfigKeys (ConfUtils.java:logGet(43)) - raft.server.log.queue.byte-limit = 2147483647 (custom)
2019-09-25 05:52:29,808 [pool-197-thread-1] INFO  server.RaftServerConfigKeys (ConfUtils.java:logGet(43)) - raft.server.log.queue.element-limit = 1024 (custom)
2019-09-25 05:52:29,808 [pool-197-thread-1] INFO  server.RaftServerConfigKeys (ConfUtils.java:logGet(43)) - raft.server.log.segment.size.max = 1048576 (custom)
2019-09-25 05:52:29,808 [pool-197-thread-1] INFO  server.RaftServerConfigKeys (ConfUtils.java:logGet(43)) - raft.server.log.preallocated.size = 16384 (custom)
2019-09-25 05:52:29,808 [pool-197-thread-1] INFO  server.RaftServerConfigKeys (ConfUtils.java:logGet(43)) - raft.server.log.write.buffer.size = 33554432 (custom)
2019-09-25 05:52:29,808 [pool-197-thread-1] INFO  server.RaftServerConfigKeys (ConfUtils.java:logGet(43)) - raft.server.log.force.sync.num = 128 (default)
2019-09-25 05:52:29,808 [pool-197-thread-1] INFO  server.RaftServerConfigKeys (ConfUtils.java:logGet(43)) - raft.server.log.statemachine.data.sync = true (default)
2019-09-25 05:52:29,808 [pool-197-thread-1] INFO  server.RaftServerConfigKeys (ConfUtils.java:logGet(43)) - raft.server.log.statemachine.data.sync.timeout = 10s (default)
2019-09-25 05:52:29,809 [pool-197-thread-1] INFO  server.RaftServerConfigKeys (ConfUtils.java:logGet(43)) - raft.server.log.statemachine.data.sync.timeout.retry = -1 (default)
2019-09-25 05:52:29,809 [pool-197-thread-1] INFO  server.RaftServerConfigKeys (ConfUtils.java:logGet(43)) - raft.server.log.statemachine.data.caching.enabled = true (custom)
2019-09-25 05:52:29,809 [pool-197-thread-1] INFO  segmented.SegmentedRaftLogWorker (SegmentedRaftLogWorker.java:lambda$new$0(132)) - b2f71498-95f8-4afb-8bb6-1273d3661002@group-34EBF9B2E890-SegmentedRaftLogWorker: flushIndex: setUnconditionally 0 -> -1
2019-09-25 05:52:29,809 [pool-197-thread-1] INFO  server.RaftServerConfigKeys (ConfUtils.java:logGet(43)) - raft.server.snapshot.auto.trigger.enabled = true (custom)
2019-09-25 05:52:29,810 [pool-197-thread-1] INFO  server.RaftServerConfigKeys (ConfUtils.java:logGet(43)) - raft.server.snapshot.auto.trigger.threshold = 10000 (custom)
2019-09-25 05:52:29,810 [pool-197-thread-1] INFO  server.RaftServerConfigKeys (ConfUtils.java:logGet(43)) - raft.server.snapshot.retention.num.files = 5 (custom)
2019-09-25 05:52:29,810 [pool-197-thread-1] INFO  server.RaftServerConfigKeys (ConfUtils.java:logGet(43)) - raft.server.retrycache.expirytime = 600000ms (custom)
2019-09-25 05:52:29,812 [pool-197-thread-1] INFO  impl.RaftServerImpl (RaftServerImpl.java:start(185)) - b2f71498-95f8-4afb-8bb6-1273d3661002@group-34EBF9B2E890: start as a follower, conf=-1: [b2f71498-95f8-4afb-8bb6-1273d3661002:192.168.5.161:35389], old=null
2019-09-25 05:52:29,812 [pool-197-thread-1] INFO  impl.RaftServerImpl (RaftServerImpl.java:setRole(174)) - b2f71498-95f8-4afb-8bb6-1273d3661002@group-34EBF9B2E890: changes role from      null to FOLLOWER at term 0 for startAsFollower
2019-09-25 05:52:29,812 [pool-197-thread-1] INFO  impl.RoleInfo (RoleInfo.java:updateAndGet(143)) - b2f71498-95f8-4afb-8bb6-1273d3661002: start FollowerState
2019-09-25 05:52:29,812 [pool-197-thread-1] INFO  util.JmxRegister (JmxRegister.java:tryRegister(44)) - Successfully registered JMX Bean with object name Ratis:service=RaftServer,group=group-34EBF9B2E890,id=b2f71498-95f8-4afb-8bb6-1273d3661002
2019-09-25 05:52:29,816 [RatisPipelineUtilsThread] INFO  pipeline.PipelineStateManager (PipelineStateManager.java:addPipeline(56)) - Created pipeline Pipeline[ Id: 15c5b00c-37c3-4145-bab1-34ebf9b2e890, Nodes: b2f71498-95f8-4afb-8bb6-1273d3661002{ip: 192.168.5.161, host: pr-hdds-1569-zxpks-796972592, networkLocation: /default-rack, certSerialId: null}, Type:RATIS, Factor:ONE, State:OPEN]
2019-09-25 05:52:29,816 [RatisPipelineUtilsThread] INFO  pipeline.PipelinePlacementPolicy (PipelinePlacementPolicy.java:meetCriteria(91)) - Pipeline Placement: can't place more pipeline on heavy datanode： 5351ca64-bccb-4dbc-81f3-88c448fa08ca Heaviness: 6 limit: 5
2019-09-25 05:52:29,816 [RatisPipelineUtilsThread] INFO  pipeline.PipelinePlacementPolicy (PipelinePlacementPolicy.java:meetCriteria(91)) - Pipeline Placement: can't place more pipeline on heavy datanode： 74c214a6-2081-4cec-a66f-57ef14a49025 Heaviness: 6 limit: 5
2019-09-25 05:52:29,822 [grpc-default-executor-0] INFO  impl.RaftServerProxy (RaftServerProxy.java:addNew(89)) - b2f71498-95f8-4afb-8bb6-1273d3661002: addNew group-934F9091F501:[b2f71498-95f8-4afb-8bb6-1273d3661002:192.168.5.161:35389] returns group-934F9091F501:java.util.concurrent.CompletableFuture@62a6eb0e[Not completed]
2019-09-25 05:52:29,823 [pool-197-thread-1] INFO  impl.RaftServerImpl (RaftServerImpl.java:<init>(95)) - b2f71498-95f8-4afb-8bb6-1273d3661002: new RaftServerImpl for group-934F9091F501:[b2f71498-95f8-4afb-8bb6-1273d3661002:192.168.5.161:35389] with ContainerStateMachine:uninitialized
2019-09-25 05:52:29,823 [pool-197-thread-1] INFO  server.RaftServerConfigKeys (ConfUtils.java:logGet(43)) - raft.server.rpc.timeout.min = 5s (custom)
2019-09-25 05:52:29,823 [pool-197-thread-1] INFO  server.RaftServerConfigKeys (ConfUtils.java:logGet(43)) - raft.server.rpc.timeout.max = 5200ms (custom)
2019-09-25 05:52:29,824 [pool-197-thread-1] INFO  server.RaftServerConfigKeys (ConfUtils.java:logGet(43)) - raft.server.rpcslowness.timeout = 120s (custom)
2019-09-25 05:52:29,824 [pool-197-thread-1] INFO  server.RaftServerConfigKeys (ConfUtils.java:logGet(43)) - raft.server.sleep.deviation.threshold = 300 (default)
2019-09-25 05:52:29,824 [pool-197-thread-1] INFO  server.RaftServerConfigKeys (ConfUtils.java:logGet(43)) - raft.server.log.appender.install.snapshot.enabled = false (custom)
2019-09-25 05:52:29,824 [pool-197-thread-1] INFO  impl.RaftServerImpl (ServerState.java:<init>(103)) - b2f71498-95f8-4afb-8bb6-1273d3661002@group-934F9091F501: ConfigurationManager, init=-1: [b2f71498-95f8-4afb-8bb6-1273d3661002:192.168.5.161:35389], old=null, confs=<EMPTY_MAP>
2019-09-25 05:52:29,824 [pool-197-thread-1] INFO  server.RaftServerConfigKeys (ConfUtils.java:logGet(43)) - raft.server.storage.dir = [/workdir/hadoop-ozone/ozonefs/target/test-dir/MiniOzoneClusterImpl-ffa13d7c-c890-4caf-bec8-d19cbd1e24dd/datanode-2/data/ratis] (custom)
2019-09-25 05:52:29,825 [pool-197-thread-1] INFO  storage.RaftStorageDirectory (RaftStorageDirectory.java:analyzeStorage(246)) - The storage directory /workdir/hadoop-ozone/ozonefs/target/test-dir/MiniOzoneClusterImpl-ffa13d7c-c890-4caf-bec8-d19cbd1e24dd/datanode-2/data/ratis/2ed8b0ff-dd1b-4e1c-a70d-934f9091f501 does not exist. Creating ...
2019-09-25 05:52:29,837 [pool-197-thread-1] INFO  storage.RaftStorageDirectory (RaftStorageDirectory.java:tryLock(328)) - Lock on /workdir/hadoop-ozone/ozonefs/target/test-dir/MiniOzoneClusterImpl-ffa13d7c-c890-4caf-bec8-d19cbd1e24dd/datanode-2/data/ratis/2ed8b0ff-dd1b-4e1c-a70d-934f9091f501/in_use.lock acquired by nodename 13808@pr-hdds-1569-zxpks-796972592
2019-09-25 05:52:29,850 [pool-197-thread-1] INFO  storage.RaftStorage (RaftStorage.java:format(72)) - Storage directory /workdir/hadoop-ozone/ozonefs/target/test-dir/MiniOzoneClusterImpl-ffa13d7c-c890-4caf-bec8-d19cbd1e24dd/datanode-2/data/ratis/2ed8b0ff-dd1b-4e1c-a70d-934f9091f501 has been successfully formatted.
2019-09-25 05:52:29,850 [pool-197-thread-1] INFO  ratis.ContainerStateMachine (ContainerStateMachine.java:loadSnapshot(230)) - group-934F9091F501: The snapshot info is null. Setting the last applied indexto:(t:0, i:~)
2019-09-25 05:52:29,851 [pool-197-thread-1] INFO  server.RaftServerConfigKeys (ConfUtils.java:logGet(43)) - raft.server.notification.no-leader.timeout = 120s (custom)
2019-09-25 05:52:29,851 [pool-197-thread-1] INFO  server.RaftServerConfigKeys (ConfUtils.java:logGet(43)) - raft.server.log.use.memory = false (default)
2019-09-25 05:52:29,851 [pool-197-thread-1] INFO  server.RaftServerConfigKeys (ConfUtils.java:logGet(43)) - raft.server.log.purge.gap = 1000000 (custom)
2019-09-25 05:52:29,851 [pool-197-thread-1] INFO  server.RaftServerConfigKeys (ConfUtils.java:logGet(43)) - raft.server.log.appender.buffer.byte-limit = 33554432 (custom)
2019-09-25 05:52:29,851 [pool-197-thread-1] INFO  server.RaftServerConfigKeys (ConfUtils.java:logGet(43)) - raft.server.log.segment.size.max = 1048576 (custom)
2019-09-25 05:52:29,851 [pool-197-thread-1] INFO  server.RaftServerConfigKeys (ConfUtils.java:logGet(43)) - raft.server.log.segment.cache.num.max = 2 (custom)
2019-09-25 05:52:29,852 [pool-197-thread-1] INFO  segmented.SegmentedRaftLogWorker (SegmentedRaftLogWorker.java:<init>(172)) - new b2f71498-95f8-4afb-8bb6-1273d3661002@group-934F9091F501-SegmentedRaftLogWorker for RaftStorage:Storage Directory /workdir/hadoop-ozone/ozonefs/target/test-dir/MiniOzoneClusterImpl-ffa13d7c-c890-4caf-bec8-d19cbd1e24dd/datanode-2/data/ratis/2ed8b0ff-dd1b-4e1c-a70d-934f9091f501
2019-09-25 05:52:29,852 [pool-197-thread-1] INFO  server.RaftServerConfigKeys (ConfUtils.java:logGet(43)) - raft.server.log.queue.byte-limit = 2147483647 (custom)
2019-09-25 05:52:29,852 [pool-197-thread-1] INFO  server.RaftServerConfigKeys (ConfUtils.java:logGet(43)) - raft.server.log.queue.element-limit = 1024 (custom)
2019-09-25 05:52:29,852 [pool-197-thread-1] INFO  server.RaftServerConfigKeys (ConfUtils.java:logGet(43)) - raft.server.log.segment.size.max = 1048576 (custom)
2019-09-25 05:52:29,852 [pool-197-thread-1] INFO  server.RaftServerConfigKeys (ConfUtils.java:logGet(43)) - raft.server.log.preallocated.size = 16384 (custom)
2019-09-25 05:52:29,852 [pool-197-thread-1] INFO  server.RaftServerConfigKeys (ConfUtils.java:logGet(43)) - raft.server.log.write.buffer.size = 33554432 (custom)
2019-09-25 05:52:29,852 [pool-197-thread-1] INFO  server.RaftServerConfigKeys (ConfUtils.java:logGet(43)) - raft.server.log.force.sync.num = 128 (default)
2019-09-25 05:52:29,853 [pool-197-thread-1] INFO  server.RaftServerConfigKeys (ConfUtils.java:logGet(43)) - raft.server.log.statemachine.data.sync = true (default)
2019-09-25 05:52:29,853 [pool-197-thread-1] INFO  server.RaftServerConfigKeys (ConfUtils.java:logGet(43)) - raft.server.log.statemachine.data.sync.timeout = 10s (default)
2019-09-25 05:52:29,853 [pool-197-thread-1] INFO  server.RaftServerConfigKeys (ConfUtils.java:logGet(43)) - raft.server.log.statemachine.data.sync.timeout.retry = -1 (default)
2019-09-25 05:52:29,853 [pool-197-thread-1] INFO  server.RaftServerConfigKeys (ConfUtils.java:logGet(43)) - raft.server.log.statemachine.data.caching.enabled = true (custom)
2019-09-25 05:52:29,853 [pool-197-thread-1] INFO  segmented.SegmentedRaftLogWorker (SegmentedRaftLogWorker.java:lambda$new$0(132)) - b2f71498-95f8-4afb-8bb6-1273d3661002@group-934F9091F501-SegmentedRaftLogWorker: flushIndex: setUnconditionally 0 -> -1
2019-09-25 05:52:29,854 [pool-197-thread-1] INFO  server.RaftServerConfigKeys (ConfUtils.java:logGet(43)) - raft.server.snapshot.auto.trigger.enabled = true (custom)
2019-09-25 05:52:29,854 [pool-197-thread-1] INFO  server.RaftServerConfigKeys (ConfUtils.java:logGet(43)) - raft.server.snapshot.auto.trigger.threshold = 10000 (custom)
2019-09-25 05:52:29,854 [pool-197-thread-1] INFO  server.RaftServerConfigKeys (ConfUtils.java:logGet(43)) - raft.server.snapshot.retention.num.files = 5 (custom)
2019-09-25 05:52:29,854 [pool-197-thread-1] INFO  server.RaftServerConfigKeys (ConfUtils.java:logGet(43)) - raft.server.retrycache.expirytime = 600000ms (custom)
2019-09-25 05:52:29,856 [pool-197-thread-1] INFO  impl.RaftServerImpl (RaftServerImpl.java:start(185)) - b2f71498-95f8-4afb-8bb6-1273d3661002@group-934F9091F501: start as a follower, conf=-1: [b2f71498-95f8-4afb-8bb6-1273d3661002:192.168.5.161:35389], old=null
2019-09-25 05:52:29,856 [pool-197-thread-1] INFO  impl.RaftServerImpl (RaftServerImpl.java:setRole(174)) - b2f71498-95f8-4afb-8bb6-1273d3661002@group-934F9091F501: changes role from      null to FOLLOWER at term 0 for startAsFollower
2019-09-25 05:52:29,856 [pool-197-thread-1] INFO  impl.RoleInfo (RoleInfo.java:updateAndGet(143)) - b2f71498-95f8-4afb-8bb6-1273d3661002: start FollowerState
2019-09-25 05:52:29,857 [pool-197-thread-1] INFO  util.JmxRegister (JmxRegister.java:tryRegister(44)) - Successfully registered JMX Bean with object name Ratis:service=RaftServer,group=group-934F9091F501,id=b2f71498-95f8-4afb-8bb6-1273d3661002
2019-09-25 05:52:29,860 [RatisPipelineUtilsThread] INFO  pipeline.PipelineStateManager (PipelineStateManager.java:addPipeline(56)) - Created pipeline Pipeline[ Id: 2ed8b0ff-dd1b-4e1c-a70d-934f9091f501, Nodes: b2f71498-95f8-4afb-8bb6-1273d3661002{ip: 192.168.5.161, host: pr-hdds-1569-zxpks-796972592, networkLocation: /default-rack, certSerialId: null}, Type:RATIS, Factor:ONE, State:OPEN]
2019-09-25 05:52:29,860 [RatisPipelineUtilsThread] INFO  pipeline.PipelinePlacementPolicy (PipelinePlacementPolicy.java:meetCriteria(91)) - Pipeline Placement: can't place more pipeline on heavy datanode： 5351ca64-bccb-4dbc-81f3-88c448fa08ca Heaviness: 6 limit: 5
2019-09-25 05:52:29,860 [RatisPipelineUtilsThread] INFO  pipeline.PipelinePlacementPolicy (PipelinePlacementPolicy.java:meetCriteria(91)) - Pipeline Placement: can't place more pipeline on heavy datanode： 74c214a6-2081-4cec-a66f-57ef14a49025 Heaviness: 6 limit: 5
2019-09-25 05:52:29,861 [RatisPipelineUtilsThread] INFO  pipeline.PipelinePlacementPolicy (PipelinePlacementPolicy.java:meetCriteria(91)) - Pipeline Placement: can't place more pipeline on heavy datanode： b2f71498-95f8-4afb-8bb6-1273d3661002 Heaviness: 6 limit: 5
2019-09-25 05:52:29,861 [RatisPipelineUtilsThread] ERROR pipeline.PipelinePlacementPolicy (PipelinePlacementPolicy.java:filterViableNodes(148)) - Unable to find enough nodes that meet the criteria that cannot engage in more than 5 pipelines. Nodes required: 1 Found: 0, healthy nodes count inNodeManager: 3.
2019-09-25 05:52:29,861 [RatisPipelineUtilsThread] ERROR pipeline.SCMPipelineManager (SCMPipelineManager.java:createPipeline(167)) - Pipeline creation failed.
org.apache.hadoop.hdds.scm.exceptions.SCMException: Unable to find enough nodes that meet the criteria that cannot engage in more than 5 pipelines. Nodes required: 1 Found: 0, healthy nodes count inNodeManager: 3.
	at org.apache.hadoop.hdds.scm.pipeline.PipelinePlacementPolicy.filterViableNodes(PipelinePlacementPolicy.java:149)
	at org.apache.hadoop.hdds.scm.pipeline.PipelinePlacementPolicy.chooseDatanodes(PipelinePlacementPolicy.java:172)
	at org.apache.hadoop.hdds.scm.pipeline.RatisPipelineProvider.create(RatisPipelineProvider.java:93)
	at org.apache.hadoop.hdds.scm.pipeline.PipelineFactory.create(PipelineFactory.java:58)
	at org.apache.hadoop.hdds.scm.pipeline.SCMPipelineManager.createPipeline(SCMPipelineManager.java:155)
	at org.apache.hadoop.hdds.scm.pipeline.BackgroundPipelineCreator.createPipelines(BackgroundPipelineCreator.java:99)
	at java.util.concurrent.Executors$RunnableAdapter.call(Executors.java:511)
	at java.util.concurrent.FutureTask.run(FutureTask.java:266)
	at java.util.concurrent.ScheduledThreadPoolExecutor$ScheduledFutureTask.access$201(ScheduledThreadPoolExecutor.java:180)
	at java.util.concurrent.ScheduledThreadPoolExecutor$ScheduledFutureTask.run(ScheduledThreadPoolExecutor.java:293)
	at java.util.concurrent.ThreadPoolExecutor.runWorker(ThreadPoolExecutor.java:1149)
	at java.util.concurrent.ThreadPoolExecutor$Worker.run(ThreadPoolExecutor.java:624)
	at java.lang.Thread.run(Thread.java:748)
2019-09-25 05:52:29,861 [RatisPipelineUtilsThread] INFO  pipeline.PipelinePlacementPolicy (PipelinePlacementPolicy.java:meetCriteria(91)) - Pipeline Placement: can't place more pipeline on heavy datanode： 5351ca64-bccb-4dbc-81f3-88c448fa08ca Heaviness: 6 limit: 5
2019-09-25 05:52:29,862 [RatisPipelineUtilsThread] INFO  pipeline.PipelinePlacementPolicy (PipelinePlacementPolicy.java:meetCriteria(91)) - Pipeline Placement: can't place more pipeline on heavy datanode： 74c214a6-2081-4cec-a66f-57ef14a49025 Heaviness: 6 limit: 5
2019-09-25 05:52:29,862 [RatisPipelineUtilsThread] INFO  pipeline.PipelinePlacementPolicy (PipelinePlacementPolicy.java:meetCriteria(91)) - Pipeline Placement: can't place more pipeline on heavy datanode： b2f71498-95f8-4afb-8bb6-1273d3661002 Heaviness: 6 limit: 5
2019-09-25 05:52:29,862 [RatisPipelineUtilsThread] ERROR pipeline.PipelinePlacementPolicy (PipelinePlacementPolicy.java:filterViableNodes(148)) - Unable to find enough nodes that meet the criteria that cannot engage in more than 5 pipelines. Nodes required: 3 Found: 0, healthy nodes count inNodeManager: 3.
2019-09-25 05:52:29,862 [RatisPipelineUtilsThread] ERROR pipeline.SCMPipelineManager (SCMPipelineManager.java:createPipeline(167)) - Pipeline creation failed.
org.apache.hadoop.hdds.scm.exceptions.SCMException: Unable to find enough nodes that meet the criteria that cannot engage in more than 5 pipelines. Nodes required: 3 Found: 0, healthy nodes count inNodeManager: 3.
	at org.apache.hadoop.hdds.scm.pipeline.PipelinePlacementPolicy.filterViableNodes(PipelinePlacementPolicy.java:149)
	at org.apache.hadoop.hdds.scm.pipeline.PipelinePlacementPolicy.chooseDatanodes(PipelinePlacementPolicy.java:172)
	at org.apache.hadoop.hdds.scm.pipeline.RatisPipelineProvider.create(RatisPipelineProvider.java:93)
	at org.apache.hadoop.hdds.scm.pipeline.PipelineFactory.create(PipelineFactory.java:58)
	at org.apache.hadoop.hdds.scm.pipeline.SCMPipelineManager.createPipeline(SCMPipelineManager.java:155)
	at org.apache.hadoop.hdds.scm.pipeline.BackgroundPipelineCreator.createPipelines(BackgroundPipelineCreator.java:99)
	at java.util.concurrent.Executors$RunnableAdapter.call(Executors.java:511)
	at java.util.concurrent.FutureTask.run(FutureTask.java:266)
	at java.util.concurrent.ScheduledThreadPoolExecutor$ScheduledFutureTask.access$201(ScheduledThreadPoolExecutor.java:180)
	at java.util.concurrent.ScheduledThreadPoolExecutor$ScheduledFutureTask.run(ScheduledThreadPoolExecutor.java:293)
	at java.util.concurrent.ThreadPoolExecutor.runWorker(ThreadPoolExecutor.java:1149)
	at java.util.concurrent.ThreadPoolExecutor$Worker.run(ThreadPoolExecutor.java:624)
	at java.lang.Thread.run(Thread.java:748)
2019-09-25 05:52:29,863 [RatisPipelineUtilsThread] INFO  pipeline.PipelinePlacementPolicy (PipelinePlacementPolicy.java:meetCriteria(91)) - Pipeline Placement: can't place more pipeline on heavy datanode： 5351ca64-bccb-4dbc-81f3-88c448fa08ca Heaviness: 6 limit: 5
2019-09-25 05:52:29,863 [RatisPipelineUtilsThread] INFO  pipeline.PipelinePlacementPolicy (PipelinePlacementPolicy.java:meetCriteria(91)) - Pipeline Placement: can't place more pipeline on heavy datanode： 74c214a6-2081-4cec-a66f-57ef14a49025 Heaviness: 6 limit: 5
2019-09-25 05:52:29,863 [RatisPipelineUtilsThread] INFO  pipeline.PipelinePlacementPolicy (PipelinePlacementPolicy.java:meetCriteria(91)) - Pipeline Placement: can't place more pipeline on heavy datanode： b2f71498-95f8-4afb-8bb6-1273d3661002 Heaviness: 6 limit: 5
2019-09-25 05:52:29,863 [RatisPipelineUtilsThread] ERROR pipeline.PipelinePlacementPolicy (PipelinePlacementPolicy.java:filterViableNodes(148)) - Unable to find enough nodes that meet the criteria that cannot engage in more than 5 pipelines. Nodes required: 1 Found: 0, healthy nodes count inNodeManager: 3.
2019-09-25 05:52:29,863 [RatisPipelineUtilsThread] ERROR pipeline.SCMPipelineManager (SCMPipelineManager.java:createPipeline(167)) - Pipeline creation failed.
org.apache.hadoop.hdds.scm.exceptions.SCMException: Unable to find enough nodes that meet the criteria that cannot engage in more than 5 pipelines. Nodes required: 1 Found: 0, healthy nodes count inNodeManager: 3.
	at org.apache.hadoop.hdds.scm.pipeline.PipelinePlacementPolicy.filterViableNodes(PipelinePlacementPolicy.java:149)
	at org.apache.hadoop.hdds.scm.pipeline.PipelinePlacementPolicy.chooseDatanodes(PipelinePlacementPolicy.java:172)
	at org.apache.hadoop.hdds.scm.pipeline.RatisPipelineProvider.create(RatisPipelineProvider.java:93)
	at org.apache.hadoop.hdds.scm.pipeline.PipelineFactory.create(PipelineFactory.java:58)
	at org.apache.hadoop.hdds.scm.pipeline.SCMPipelineManager.createPipeline(SCMPipelineManager.java:155)
	at org.apache.hadoop.hdds.scm.pipeline.BackgroundPipelineCreator.createPipelines(BackgroundPipelineCreator.java:99)
	at org.apache.hadoop.hdds.scm.pipeline.BackgroundPipelineCreator.lambda$startFixedIntervalPipelineCreator$0(BackgroundPipelineCreator.java:70)
	at java.util.concurrent.Executors$RunnableAdapter.call(Executors.java:511)
	at java.util.concurrent.FutureTask.runAndReset(FutureTask.java:308)
	at java.util.concurrent.ScheduledThreadPoolExecutor$ScheduledFutureTask.access$301(ScheduledThreadPoolExecutor.java:180)
	at java.util.concurrent.ScheduledThreadPoolExecutor$ScheduledFutureTask.run(ScheduledThreadPoolExecutor.java:294)
	at java.util.concurrent.ThreadPoolExecutor.runWorker(ThreadPoolExecutor.java:1149)
	at java.util.concurrent.ThreadPoolExecutor$Worker.run(ThreadPoolExecutor.java:624)
	at java.lang.Thread.run(Thread.java:748)
2019-09-25 05:52:29,864 [RatisPipelineUtilsThread] INFO  pipeline.PipelinePlacementPolicy (PipelinePlacementPolicy.java:meetCriteria(91)) - Pipeline Placement: can't place more pipeline on heavy datanode： 5351ca64-bccb-4dbc-81f3-88c448fa08ca Heaviness: 6 limit: 5
2019-09-25 05:52:29,864 [RatisPipelineUtilsThread] INFO  pipeline.PipelinePlacementPolicy (PipelinePlacementPolicy.java:meetCriteria(91)) - Pipeline Placement: can't place more pipeline on heavy datanode： 74c214a6-2081-4cec-a66f-57ef14a49025 Heaviness: 6 limit: 5
2019-09-25 05:52:29,864 [RatisPipelineUtilsThread] INFO  pipeline.PipelinePlacementPolicy (PipelinePlacementPolicy.java:meetCriteria(91)) - Pipeline Placement: can't place more pipeline on heavy datanode： b2f71498-95f8-4afb-8bb6-1273d3661002 Heaviness: 6 limit: 5
2019-09-25 05:52:29,864 [RatisPipelineUtilsThread] ERROR pipeline.PipelinePlacementPolicy (PipelinePlacementPolicy.java:filterViableNodes(148)) - Unable to find enough nodes that meet the criteria that cannot engage in more than 5 pipelines. Nodes required: 3 Found: 0, healthy nodes count inNodeManager: 3.
2019-09-25 05:52:29,865 [RatisPipelineUtilsThread] ERROR pipeline.SCMPipelineManager (SCMPipelineManager.java:createPipeline(167)) - Pipeline creation failed.
org.apache.hadoop.hdds.scm.exceptions.SCMException: Unable to find enough nodes that meet the criteria that cannot engage in more than 5 pipelines. Nodes required: 3 Found: 0, healthy nodes count inNodeManager: 3.
	at org.apache.hadoop.hdds.scm.pipeline.PipelinePlacementPolicy.filterViableNodes(PipelinePlacementPolicy.java:149)
	at org.apache.hadoop.hdds.scm.pipeline.PipelinePlacementPolicy.chooseDatanodes(PipelinePlacementPolicy.java:172)
	at org.apache.hadoop.hdds.scm.pipeline.RatisPipelineProvider.create(RatisPipelineProvider.java:93)
	at org.apache.hadoop.hdds.scm.pipeline.PipelineFactory.create(PipelineFactory.java:58)
	at org.apache.hadoop.hdds.scm.pipeline.SCMPipelineManager.createPipeline(SCMPipelineManager.java:155)
	at org.apache.hadoop.hdds.scm.pipeline.BackgroundPipelineCreator.createPipelines(BackgroundPipelineCreator.java:99)
	at org.apache.hadoop.hdds.scm.pipeline.BackgroundPipelineCreator.lambda$startFixedIntervalPipelineCreator$0(BackgroundPipelineCreator.java:70)
	at java.util.concurrent.Executors$RunnableAdapter.call(Executors.java:511)
	at java.util.concurrent.FutureTask.runAndReset(FutureTask.java:308)
	at java.util.concurrent.ScheduledThreadPoolExecutor$ScheduledFutureTask.access$301(ScheduledThreadPoolExecutor.java:180)
	at java.util.concurrent.ScheduledThreadPoolExecutor$ScheduledFutureTask.run(ScheduledThreadPoolExecutor.java:294)
	at java.util.concurrent.ThreadPoolExecutor.runWorker(ThreadPoolExecutor.java:1149)
	at java.util.concurrent.ThreadPoolExecutor$Worker.run(ThreadPoolExecutor.java:624)
	at java.lang.Thread.run(Thread.java:748)
2019-09-25 05:52:30,201 [Thread-792] INFO  ozone.MiniOzoneClusterImpl (MiniOzoneClusterImpl.java:lambda$waitForClusterToBeReady$0(147)) - Cluster is ready. Got 3 of 3 DN Heartbeats.
2019-09-25 05:52:30,252 [Thread-792] INFO  rpc.RpcClient (RpcClient.java:createVolume(276)) - Creating Volume: volume31112, with user36092 as owner.
2019-09-25 05:52:30,255 [IPC Server handler 1 on 38155] INFO  volume.OMVolumeCreateRequest (OMVolumeCreateRequest.java:validateAndUpdateCache(189)) - created volume:volume31112 for user:user36092
2019-09-25 05:52:30,267 [Thread-792] INFO  rpc.RpcClient (RpcClient.java:createBucket(415)) - Creating Bucket: volume31112/bucket33681, with Versioning false and Storage Type set to DISK and Encryption set to false 
2019-09-25 05:52:30,316 [IPC Server handler 1 on 34182] INFO  pipeline.PipelinePlacementPolicy (PipelinePlacementPolicy.java:meetCriteria(91)) - Pipeline Placement: can't place more pipeline on heavy datanode： 5351ca64-bccb-4dbc-81f3-88c448fa08ca Heaviness: 6 limit: 5
2019-09-25 05:52:30,316 [IPC Server handler 1 on 34182] INFO  pipeline.PipelinePlacementPolicy (PipelinePlacementPolicy.java:meetCriteria(91)) - Pipeline Placement: can't place more pipeline on heavy datanode： 74c214a6-2081-4cec-a66f-57ef14a49025 Heaviness: 6 limit: 5
2019-09-25 05:52:30,317 [IPC Server handler 1 on 34182] INFO  pipeline.PipelinePlacementPolicy (PipelinePlacementPolicy.java:meetCriteria(91)) - Pipeline Placement: can't place more pipeline on heavy datanode： b2f71498-95f8-4afb-8bb6-1273d3661002 Heaviness: 6 limit: 5
2019-09-25 05:52:30,317 [IPC Server handler 1 on 34182] ERROR pipeline.PipelinePlacementPolicy (PipelinePlacementPolicy.java:filterViableNodes(148)) - Unable to find enough nodes that meet the criteria that cannot engage in more than 5 pipelines. Nodes required: 3 Found: 0, healthy nodes count inNodeManager: 3.
2019-09-25 05:52:30,317 [IPC Server handler 1 on 34182] ERROR pipeline.SCMPipelineManager (SCMPipelineManager.java:createPipeline(167)) - Pipeline creation failed.
org.apache.hadoop.hdds.scm.exceptions.SCMException: Unable to find enough nodes that meet the criteria that cannot engage in more than 5 pipelines. Nodes required: 3 Found: 0, healthy nodes count inNodeManager: 3.
	at org.apache.hadoop.hdds.scm.pipeline.PipelinePlacementPolicy.filterViableNodes(PipelinePlacementPolicy.java:149)
	at org.apache.hadoop.hdds.scm.pipeline.PipelinePlacementPolicy.chooseDatanodes(PipelinePlacementPolicy.java:172)
	at org.apache.hadoop.hdds.scm.pipeline.RatisPipelineProvider.create(RatisPipelineProvider.java:93)
	at org.apache.hadoop.hdds.scm.pipeline.PipelineFactory.create(PipelineFactory.java:58)
	at org.apache.hadoop.hdds.scm.pipeline.SCMPipelineManager.createPipeline(SCMPipelineManager.java:155)
	at org.apache.hadoop.hdds.scm.block.BlockManagerImpl.allocateBlock(BlockManagerImpl.java:190)
	at org.apache.hadoop.hdds.scm.server.SCMBlockProtocolServer.allocateBlock(SCMBlockProtocolServer.java:182)
	at org.apache.hadoop.ozone.protocolPB.ScmBlockLocationProtocolServerSideTranslatorPB.allocateScmBlock(ScmBlockLocationProtocolServerSideTranslatorPB.java:183)
	at org.apache.hadoop.ozone.protocolPB.ScmBlockLocationProtocolServerSideTranslatorPB.processMessage(ScmBlockLocationProtocolServerSideTranslatorPB.java:141)
	at org.apache.hadoop.ozone.protocolPB.ScmBlockLocationProtocolServerSideTranslatorPB.send(ScmBlockLocationProtocolServerSideTranslatorPB.java:116)
	at org.apache.hadoop.hdds.protocol.proto.ScmBlockLocationProtocolProtos$ScmBlockLocationProtocolService$2.callBlockingMethod(ScmBlockLocationProtocolProtos.java:13157)
	at org.apache.hadoop.ipc.ProtobufRpcEngine$Server$ProtoBufRpcInvoker.call(ProtobufRpcEngine.java:524)
	at org.apache.hadoop.ipc.RPC$Server.call(RPC.java:1025)
	at org.apache.hadoop.ipc.Server$RpcCall.run(Server.java:876)
	at org.apache.hadoop.ipc.Server$RpcCall.run(Server.java:822)
	at java.security.AccessController.doPrivileged(Native Method)
	at javax.security.auth.Subject.doAs(Subject.java:422)
	at org.apache.hadoop.security.UserGroupInformation.doAs(UserGroupInformation.java:1730)
	at org.apache.hadoop.ipc.Server$Handler.run(Server.java:2682)
2019-09-25 05:52:30,317 [IPC Server handler 1 on 34182] WARN  block.BlockManagerImpl (BlockManagerImpl.java:allocateBlock(192)) - Pipeline creation failed for type:RATIS factor:THREE. Retrying get pipelines call once.
org.apache.hadoop.hdds.scm.exceptions.SCMException: Unable to find enough nodes that meet the criteria that cannot engage in more than 5 pipelines. Nodes required: 3 Found: 0, healthy nodes count inNodeManager: 3.
	at org.apache.hadoop.hdds.scm.pipeline.PipelinePlacementPolicy.filterViableNodes(PipelinePlacementPolicy.java:149)
	at org.apache.hadoop.hdds.scm.pipeline.PipelinePlacementPolicy.chooseDatanodes(PipelinePlacementPolicy.java:172)
	at org.apache.hadoop.hdds.scm.pipeline.RatisPipelineProvider.create(RatisPipelineProvider.java:93)
	at org.apache.hadoop.hdds.scm.pipeline.PipelineFactory.create(PipelineFactory.java:58)
	at org.apache.hadoop.hdds.scm.pipeline.SCMPipelineManager.createPipeline(SCMPipelineManager.java:155)
	at org.apache.hadoop.hdds.scm.block.BlockManagerImpl.allocateBlock(BlockManagerImpl.java:190)
	at org.apache.hadoop.hdds.scm.server.SCMBlockProtocolServer.allocateBlock(SCMBlockProtocolServer.java:182)
	at org.apache.hadoop.ozone.protocolPB.ScmBlockLocationProtocolServerSideTranslatorPB.allocateScmBlock(ScmBlockLocationProtocolServerSideTranslatorPB.java:183)
	at org.apache.hadoop.ozone.protocolPB.ScmBlockLocationProtocolServerSideTranslatorPB.processMessage(ScmBlockLocationProtocolServerSideTranslatorPB.java:141)
	at org.apache.hadoop.ozone.protocolPB.ScmBlockLocationProtocolServerSideTranslatorPB.send(ScmBlockLocationProtocolServerSideTranslatorPB.java:116)
	at org.apache.hadoop.hdds.protocol.proto.ScmBlockLocationProtocolProtos$ScmBlockLocationProtocolService$2.callBlockingMethod(ScmBlockLocationProtocolProtos.java:13157)
	at org.apache.hadoop.ipc.ProtobufRpcEngine$Server$ProtoBufRpcInvoker.call(ProtobufRpcEngine.java:524)
	at org.apache.hadoop.ipc.RPC$Server.call(RPC.java:1025)
	at org.apache.hadoop.ipc.Server$RpcCall.run(Server.java:876)
	at org.apache.hadoop.ipc.Server$RpcCall.run(Server.java:822)
	at java.security.AccessController.doPrivileged(Native Method)
	at javax.security.auth.Subject.doAs(Subject.java:422)
	at org.apache.hadoop.security.UserGroupInformation.doAs(UserGroupInformation.java:1730)
	at org.apache.hadoop.ipc.Server$Handler.run(Server.java:2682)
2019-09-25 05:52:30,318 [IPC Server handler 1 on 34182] INFO  block.BlockManagerImpl (BlockManagerImpl.java:allocateBlock(198)) - Could not find available pipeline of type:RATIS and factor:THREE even after retrying
2019-09-25 05:52:30,318 [IPC Server handler 1 on 34182] ERROR block.BlockManagerImpl (BlockManagerImpl.java:allocateBlock(222)) - Unable to allocate a block for the size: 4194304, type: RATIS, factor: THREE
2019-09-25 05:52:30,319 [Thread-792] INFO  ozone.MiniOzoneClusterImpl (MiniOzoneClusterImpl.java:shutdown(314)) - Shutting down the Mini Ozone Cluster
2019-09-25 05:52:30,319 [Thread-792] INFO  ozone.MiniOzoneClusterImpl (MiniOzoneClusterImpl.java:stop(330)) - Stopping the Mini Ozone Cluster
2019-09-25 05:52:30,319 [Thread-792] INFO  ozone.MiniOzoneClusterImpl (MiniOzoneClusterImpl.java:stopOM(400)) - Stopping the OzoneManager
2019-09-25 05:52:30,319 [Thread-792] INFO  ipc.Server (Server.java:stop(3082)) - Stopping server on 38155
2019-09-25 05:52:30,324 [IPC Server listener on 38155] INFO  ipc.Server (Server.java:run(1185)) - Stopping IPC Server listener on 38155
2019-09-25 05:52:30,327 [Thread-792] INFO  ratis.OzoneManagerDoubleBuffer (OzoneManagerDoubleBuffer.java:stop(248)) - Stopping OMDoubleBuffer flush thread
2019-09-25 05:52:30,327 [IPC Server Responder] INFO  ipc.Server (Server.java:run(1319)) - Stopping IPC Server Responder
2019-09-25 05:52:30,327 [OMDoubleBufferFlushThread] INFO  ratis.OzoneManagerDoubleBuffer (OzoneManagerDoubleBuffer.java:flushTransactions(191)) - OMDoubleBuffer flush thread OMDoubleBufferFlushThread is interrupted and will exit. OMDoubleBufferFlushThread
2019-09-25 05:52:30,328 [Thread-792] INFO  utils.BackgroundService (BackgroundService.java:shutdown(148)) - Shutting down service KeyDeletingService
2019-09-25 05:52:30,330 [Thread-792] INFO  handler.ContextHandler (ContextHandler.java:doStop(910)) - Stopped o.e.j.w.WebAppContext@7d30846f{/,null,UNAVAILABLE}{/ozoneManager}
2019-09-25 05:52:30,331 [Thread-792] INFO  server.AbstractConnector (AbstractConnector.java:doStop(318)) - Stopped ServerConnector@45c3e9a6{HTTP/1.1,[http/1.1]}{0.0.0.0:0}
2019-09-25 05:52:30,331 [Thread-792] INFO  handler.ContextHandler (ContextHandler.java:doStop(910)) - Stopped o.e.j.s.ServletContextHandler@3c5561ac{/static,jar:file:/home/user/.m2/repository/org/apache/hadoop/hadoop-ozone-ozone-manager/0.5.0-SNAPSHOT/hadoop-ozone-ozone-manager-0.5.0-SNAPSHOT.jar!/webapps/static,UNAVAILABLE}
2019-09-25 05:52:30,331 [Thread-792] INFO  handler.ContextHandler (ContextHandler.java:doStop(910)) - Stopped o.e.j.s.ServletContextHandler@14ca960e{/logs,file:///workdir/hadoop-ozone/ozonefs/target/log,UNAVAILABLE}
2019-09-25 05:52:30,334 [Thread-792] INFO  ozone.MiniOzoneClusterImpl (MiniOzoneClusterImpl.java:stopDatanodes(377)) - Stopping the HddsDatanodes
2019-09-25 05:52:31,061 [Datanode State Machine Thread - 0] INFO  statemachine.DatanodeStateMachine (DatanodeStateMachine.java:lambda$startDaemon$0(350)) - Ozone container server started.
2019-09-25 05:52:31,135 [Datanode State Machine Thread - 0] INFO  statemachine.DatanodeStateMachine (DatanodeStateMachine.java:lambda$startDaemon$0(350)) - Ozone container server started.
2019-09-25 05:52:32,073 [Thread-964] INFO  container.ReplicationManager (ReplicationManager.java:start(163)) - Starting Replication Monitor Thread.
2019-09-25 05:52:32,077 [ReplicationMonitor] INFO  container.ReplicationManager (ReplicationManager.java:run(226)) - Replication Monitor Thread took 0 milliseconds for processing 0 containers.
2019-09-25 05:52:34,240 [Thread-972] INFO  impl.FollowerState (FollowerState.java:run(106)) - 5351ca64-bccb-4dbc-81f3-88c448fa08ca:group-841578A4CE48 changes to CANDIDATE, lastRpcTime:5018, electionTimeout:5018ms
2019-09-25 05:52:34,240 [Thread-972] INFO  impl.RoleInfo (RoleInfo.java:shutdownFollowerState(121)) - 5351ca64-bccb-4dbc-81f3-88c448fa08ca: shutdown FollowerState
2019-09-25 05:52:34,240 [Thread-972] INFO  impl.RaftServerImpl (RaftServerImpl.java:setRole(174)) - 5351ca64-bccb-4dbc-81f3-88c448fa08ca@group-841578A4CE48: changes role from  FOLLOWER to CANDIDATE at term 0 for changeToCandidate
2019-09-25 05:52:34,240 [Thread-972] INFO  impl.RoleInfo (RoleInfo.java:updateAndGet(143)) - 5351ca64-bccb-4dbc-81f3-88c448fa08ca: start LeaderElection
2019-09-25 05:52:34,256 [5351ca64-bccb-4dbc-81f3-88c448fa08ca@group-841578A4CE48:LeaderElection46] INFO  impl.LeaderElection (LeaderElection.java:askForVotes(182)) - 5351ca64-bccb-4dbc-81f3-88c448fa08ca@group-841578A4CE48:LeaderElection46: begin an election at term 1 for -1: [5351ca64-bccb-4dbc-81f3-88c448fa08ca:192.168.5.161:34014], old=null
2019-09-25 05:52:34,257 [5351ca64-bccb-4dbc-81f3-88c448fa08ca@group-841578A4CE48:LeaderElection46] INFO  impl.RoleInfo (RoleInfo.java:shutdownLeaderElection(134)) - 5351ca64-bccb-4dbc-81f3-88c448fa08ca: shutdown LeaderElection
2019-09-25 05:52:34,257 [5351ca64-bccb-4dbc-81f3-88c448fa08ca@group-841578A4CE48:LeaderElection46] INFO  impl.RaftServerImpl (RaftServerImpl.java:setRole(174)) - 5351ca64-bccb-4dbc-81f3-88c448fa08ca@group-841578A4CE48: changes role from CANDIDATE to LEADER at term 1 for changeToLeader
2019-09-25 05:52:34,257 [5351ca64-bccb-4dbc-81f3-88c448fa08ca@group-841578A4CE48:LeaderElection46] INFO  impl.RaftServerImpl (ServerState.java:setLeader(253)) - 5351ca64-bccb-4dbc-81f3-88c448fa08ca@group-841578A4CE48: change Leader from null to 5351ca64-bccb-4dbc-81f3-88c448fa08ca at term 1 for becomeLeader, leader elected after 5042ms
2019-09-25 05:52:34,257 [5351ca64-bccb-4dbc-81f3-88c448fa08ca@group-841578A4CE48:LeaderElection46] INFO  server.RaftServerConfigKeys (ConfUtils.java:logGet(43)) - raft.server.staging.catchup.gap = 1000 (default)
2019-09-25 05:52:34,257 [5351ca64-bccb-4dbc-81f3-88c448fa08ca@group-841578A4CE48:LeaderElection46] INFO  server.RaftServerConfigKeys (ConfUtils.java:logGet(43)) - raft.server.rpc.sleep.time = 25ms (default)
2019-09-25 05:52:34,257 [5351ca64-bccb-4dbc-81f3-88c448fa08ca@group-841578A4CE48:LeaderElection46] INFO  server.RaftServerConfigKeys (ConfUtils.java:logGet(43)) - raft.server.write.element-limit = 4096 (default)
2019-09-25 05:52:34,257 [5351ca64-bccb-4dbc-81f3-88c448fa08ca@group-841578A4CE48:LeaderElection46] INFO  server.RaftServerConfigKeys (ConfUtils.java:logGet(43)) - raft.server.watch.timeout = 10s (default)
2019-09-25 05:52:34,257 [5351ca64-bccb-4dbc-81f3-88c448fa08ca@group-841578A4CE48:LeaderElection46] INFO  server.RaftServerConfigKeys (ConfUtils.java:logGet(43)) - raft.server.watch.timeout.denomination = 1s (default)
2019-09-25 05:52:34,257 [5351ca64-bccb-4dbc-81f3-88c448fa08ca@group-841578A4CE48:LeaderElection46] INFO  server.RaftServerConfigKeys (ConfUtils.java:logGet(43)) - raft.server.watch.element-limit = 65536 (default)
2019-09-25 05:52:34,258 [Thread-966] INFO  impl.FollowerState (FollowerState.java:run(106)) - 5351ca64-bccb-4dbc-81f3-88c448fa08ca:group-27B513239340 changes to CANDIDATE, lastRpcTime:5128, electionTimeout:5128ms
2019-09-25 05:52:34,258 [Thread-966] INFO  impl.RoleInfo (RoleInfo.java:shutdownFollowerState(121)) - 5351ca64-bccb-4dbc-81f3-88c448fa08ca: shutdown FollowerState
2019-09-25 05:52:34,258 [Thread-966] INFO  impl.RaftServerImpl (RaftServerImpl.java:setRole(174)) - 5351ca64-bccb-4dbc-81f3-88c448fa08ca@group-27B513239340: changes role from  FOLLOWER to CANDIDATE at term 0 for changeToCandidate
2019-09-25 05:52:34,258 [Thread-966] INFO  impl.RoleInfo (RoleInfo.java:updateAndGet(143)) - 5351ca64-bccb-4dbc-81f3-88c448fa08ca: start LeaderElection
2019-09-25 05:52:34,260 [5351ca64-bccb-4dbc-81f3-88c448fa08ca@group-841578A4CE48:LeaderElection46] INFO  impl.RoleInfo (RoleInfo.java:updateAndGet(143)) - 5351ca64-bccb-4dbc-81f3-88c448fa08ca: start LeaderState
2019-09-25 05:52:34,261 [5351ca64-bccb-4dbc-81f3-88c448fa08ca@group-841578A4CE48:LeaderElection46] INFO  segmented.SegmentedRaftLogWorker (SegmentedRaftLogWorker.java:startLogSegment(380)) - 5351ca64-bccb-4dbc-81f3-88c448fa08ca@group-841578A4CE48-SegmentedRaftLogWorker: Starting segment from index:0
2019-09-25 05:52:34,261 [5351ca64-bccb-4dbc-81f3-88c448fa08ca@group-841578A4CE48:LeaderElection46] INFO  impl.RaftServerImpl (ServerState.java:setRaftConf(354)) - 5351ca64-bccb-4dbc-81f3-88c448fa08ca@group-841578A4CE48: set configuration 0: [5351ca64-bccb-4dbc-81f3-88c448fa08ca:192.168.5.161:34014], old=null at 0
2019-09-25 05:52:34,272 [5351ca64-bccb-4dbc-81f3-88c448fa08ca@group-27B513239340:LeaderElection47] INFO  impl.LeaderElection (LeaderElection.java:askForVotes(182)) - 5351ca64-bccb-4dbc-81f3-88c448fa08ca@group-27B513239340:LeaderElection47: begin an election at term 1 for -1: [5351ca64-bccb-4dbc-81f3-88c448fa08ca:192.168.5.161:34014], old=null
2019-09-25 05:52:34,273 [5351ca64-bccb-4dbc-81f3-88c448fa08ca@group-27B513239340:LeaderElection47] INFO  impl.RoleInfo (RoleInfo.java:shutdownLeaderElection(134)) - 5351ca64-bccb-4dbc-81f3-88c448fa08ca: shutdown LeaderElection
2019-09-25 05:52:34,273 [5351ca64-bccb-4dbc-81f3-88c448fa08ca@group-27B513239340:LeaderElection47] INFO  impl.RaftServerImpl (RaftServerImpl.java:setRole(174)) - 5351ca64-bccb-4dbc-81f3-88c448fa08ca@group-27B513239340: changes role from CANDIDATE to LEADER at term 1 for changeToLeader
2019-09-25 05:52:34,273 [5351ca64-bccb-4dbc-81f3-88c448fa08ca@group-27B513239340:LeaderElection47] INFO  impl.RaftServerImpl (ServerState.java:setLeader(253)) - 5351ca64-bccb-4dbc-81f3-88c448fa08ca@group-27B513239340: change Leader from null to 5351ca64-bccb-4dbc-81f3-88c448fa08ca at term 1 for becomeLeader, leader elected after 5152ms
2019-09-25 05:52:34,273 [5351ca64-bccb-4dbc-81f3-88c448fa08ca@group-27B513239340:LeaderElection47] INFO  server.RaftServerConfigKeys (ConfUtils.java:logGet(43)) - raft.server.staging.catchup.gap = 1000 (default)
2019-09-25 05:52:34,273 [5351ca64-bccb-4dbc-81f3-88c448fa08ca@group-27B513239340:LeaderElection47] INFO  server.RaftServerConfigKeys (ConfUtils.java:logGet(43)) - raft.server.rpc.sleep.time = 25ms (default)
2019-09-25 05:52:34,273 [5351ca64-bccb-4dbc-81f3-88c448fa08ca@group-27B513239340:LeaderElection47] INFO  server.RaftServerConfigKeys (ConfUtils.java:logGet(43)) - raft.server.write.element-limit = 4096 (default)
2019-09-25 05:52:34,273 [5351ca64-bccb-4dbc-81f3-88c448fa08ca@group-27B513239340:LeaderElection47] INFO  server.RaftServerConfigKeys (ConfUtils.java:logGet(43)) - raft.server.watch.timeout = 10s (default)
2019-09-25 05:52:34,273 [5351ca64-bccb-4dbc-81f3-88c448fa08ca@group-27B513239340:LeaderElection47] INFO  server.RaftServerConfigKeys (ConfUtils.java:logGet(43)) - raft.server.watch.timeout.denomination = 1s (default)
2019-09-25 05:52:34,274 [5351ca64-bccb-4dbc-81f3-88c448fa08ca@group-27B513239340:LeaderElection47] INFO  server.RaftServerConfigKeys (ConfUtils.java:logGet(43)) - raft.server.watch.element-limit = 65536 (default)
2019-09-25 05:52:34,275 [5351ca64-bccb-4dbc-81f3-88c448fa08ca@group-27B513239340:LeaderElection47] INFO  impl.RoleInfo (RoleInfo.java:updateAndGet(143)) - 5351ca64-bccb-4dbc-81f3-88c448fa08ca: start LeaderState
2019-09-25 05:52:34,275 [5351ca64-bccb-4dbc-81f3-88c448fa08ca@group-27B513239340:LeaderElection47] INFO  segmented.SegmentedRaftLogWorker (SegmentedRaftLogWorker.java:startLogSegment(380)) - 5351ca64-bccb-4dbc-81f3-88c448fa08ca@group-27B513239340-SegmentedRaftLogWorker: Starting segment from index:0
2019-09-25 05:52:34,276 [5351ca64-bccb-4dbc-81f3-88c448fa08ca@group-27B513239340:LeaderElection47] INFO  impl.RaftServerImpl (ServerState.java:setRaftConf(354)) - 5351ca64-bccb-4dbc-81f3-88c448fa08ca@group-27B513239340: set configuration 0: [5351ca64-bccb-4dbc-81f3-88c448fa08ca:192.168.5.161:34014], old=null at 0
2019-09-25 05:52:34,311 [5351ca64-bccb-4dbc-81f3-88c448fa08ca@group-841578A4CE48-SegmentedRaftLogWorker] INFO  segmented.SegmentedRaftLogWorker (SegmentedRaftLogWorker.java:execute(569)) - 5351ca64-bccb-4dbc-81f3-88c448fa08ca@group-841578A4CE48-SegmentedRaftLogWorker: created new log segment /workdir/hadoop-ozone/ozonefs/target/test-dir/MiniOzoneClusterImpl-ffa13d7c-c890-4caf-bec8-d19cbd1e24dd/datanode-0/data/ratis/62510249-bea6-4899-b802-841578a4ce48/current/log_inprogress_0
2019-09-25 05:52:34,311 [5351ca64-bccb-4dbc-81f3-88c448fa08ca@group-27B513239340-SegmentedRaftLogWorker] INFO  segmented.SegmentedRaftLogWorker (SegmentedRaftLogWorker.java:execute(569)) - 5351ca64-bccb-4dbc-81f3-88c448fa08ca@group-27B513239340-SegmentedRaftLogWorker: created new log segment /workdir/hadoop-ozone/ozonefs/target/test-dir/MiniOzoneClusterImpl-ffa13d7c-c890-4caf-bec8-d19cbd1e24dd/datanode-0/data/ratis/887ffa70-518c-4158-afb6-27b513239340/current/log_inprogress_0
2019-09-25 05:52:34,349 [Thread-969] INFO  impl.FollowerState (FollowerState.java:run(106)) - 5351ca64-bccb-4dbc-81f3-88c448fa08ca:group-AB4ADA0568AD changes to CANDIDATE, lastRpcTime:5172, electionTimeout:5172ms
2019-09-25 05:52:34,349 [Thread-969] INFO  impl.RoleInfo (RoleInfo.java:shutdownFollowerState(121)) - 5351ca64-bccb-4dbc-81f3-88c448fa08ca: shutdown FollowerState
2019-09-25 05:52:34,349 [Thread-969] INFO  impl.RaftServerImpl (RaftServerImpl.java:setRole(174)) - 5351ca64-bccb-4dbc-81f3-88c448fa08ca@group-AB4ADA0568AD: changes role from  FOLLOWER to CANDIDATE at term 0 for changeToCandidate
2019-09-25 05:52:34,349 [Thread-969] INFO  impl.RoleInfo (RoleInfo.java:updateAndGet(143)) - 5351ca64-bccb-4dbc-81f3-88c448fa08ca: start LeaderElection
2019-09-25 05:52:34,352 [Thread-978] INFO  impl.FollowerState (FollowerState.java:run(106)) - 5351ca64-bccb-4dbc-81f3-88c448fa08ca:group-9FA4CE1948BA changes to CANDIDATE, lastRpcTime:5050, electionTimeout:5049ms
2019-09-25 05:52:34,352 [Thread-978] INFO  impl.RoleInfo (RoleInfo.java:shutdownFollowerState(121)) - 5351ca64-bccb-4dbc-81f3-88c448fa08ca: shutdown FollowerState
2019-09-25 05:52:34,353 [Thread-978] INFO  impl.RaftServerImpl (RaftServerImpl.java:setRole(174)) - 5351ca64-bccb-4dbc-81f3-88c448fa08ca@group-9FA4CE1948BA: changes role from  FOLLOWER to CANDIDATE at term 0 for changeToCandidate
2019-09-25 05:52:34,353 [Thread-978] INFO  impl.RoleInfo (RoleInfo.java:updateAndGet(143)) - 5351ca64-bccb-4dbc-81f3-88c448fa08ca: start LeaderElection
2019-09-25 05:52:34,378 [5351ca64-bccb-4dbc-81f3-88c448fa08ca@group-AB4ADA0568AD:LeaderElection48] INFO  impl.LeaderElection (LeaderElection.java:askForVotes(182)) - 5351ca64-bccb-4dbc-81f3-88c448fa08ca@group-AB4ADA0568AD:LeaderElection48: begin an election at term 1 for -1: [5351ca64-bccb-4dbc-81f3-88c448fa08ca:192.168.5.161:34014], old=null
2019-09-25 05:52:34,378 [5351ca64-bccb-4dbc-81f3-88c448fa08ca@group-9FA4CE1948BA:LeaderElection49] INFO  impl.LeaderElection (LeaderElection.java:askForVotes(182)) - 5351ca64-bccb-4dbc-81f3-88c448fa08ca@group-9FA4CE1948BA:LeaderElection49: begin an election at term 1 for -1: [5351ca64-bccb-4dbc-81f3-88c448fa08ca:192.168.5.161:34014], old=null
2019-09-25 05:52:34,378 [5351ca64-bccb-4dbc-81f3-88c448fa08ca@group-AB4ADA0568AD:LeaderElection48] INFO  impl.RoleInfo (RoleInfo.java:shutdownLeaderElection(134)) - 5351ca64-bccb-4dbc-81f3-88c448fa08ca: shutdown LeaderElection
2019-09-25 05:52:34,378 [5351ca64-bccb-4dbc-81f3-88c448fa08ca@group-9FA4CE1948BA:LeaderElection49] INFO  impl.RoleInfo (RoleInfo.java:shutdownLeaderElection(134)) - 5351ca64-bccb-4dbc-81f3-88c448fa08ca: shutdown LeaderElection
2019-09-25 05:52:34,378 [5351ca64-bccb-4dbc-81f3-88c448fa08ca@group-AB4ADA0568AD:LeaderElection48] INFO  impl.RaftServerImpl (RaftServerImpl.java:setRole(174)) - 5351ca64-bccb-4dbc-81f3-88c448fa08ca@group-AB4ADA0568AD: changes role from CANDIDATE to LEADER at term 1 for changeToLeader
2019-09-25 05:52:34,378 [5351ca64-bccb-4dbc-81f3-88c448fa08ca@group-9FA4CE1948BA:LeaderElection49] INFO  impl.RaftServerImpl (RaftServerImpl.java:setRole(174)) - 5351ca64-bccb-4dbc-81f3-88c448fa08ca@group-9FA4CE1948BA: changes role from CANDIDATE to LEADER at term 1 for changeToLeader
2019-09-25 05:52:34,379 [5351ca64-bccb-4dbc-81f3-88c448fa08ca@group-AB4ADA0568AD:LeaderElection48] INFO  impl.RaftServerImpl (ServerState.java:setLeader(253)) - 5351ca64-bccb-4dbc-81f3-88c448fa08ca@group-AB4ADA0568AD: change Leader from null to 5351ca64-bccb-4dbc-81f3-88c448fa08ca at term 1 for becomeLeader, leader elected after 5209ms
2019-09-25 05:52:34,379 [5351ca64-bccb-4dbc-81f3-88c448fa08ca@group-9FA4CE1948BA:LeaderElection49] INFO  impl.RaftServerImpl (ServerState.java:setLeader(253)) - 5351ca64-bccb-4dbc-81f3-88c448fa08ca@group-9FA4CE1948BA: change Leader from null to 5351ca64-bccb-4dbc-81f3-88c448fa08ca at term 1 for becomeLeader, leader elected after 5083ms
2019-09-25 05:52:34,379 [5351ca64-bccb-4dbc-81f3-88c448fa08ca@group-AB4ADA0568AD:LeaderElection48] INFO  server.RaftServerConfigKeys (ConfUtils.java:logGet(43)) - raft.server.staging.catchup.gap = 1000 (default)
2019-09-25 05:52:34,379 [5351ca64-bccb-4dbc-81f3-88c448fa08ca@group-9FA4CE1948BA:LeaderElection49] INFO  server.RaftServerConfigKeys (ConfUtils.java:logGet(43)) - raft.server.staging.catchup.gap = 1000 (default)
2019-09-25 05:52:34,379 [5351ca64-bccb-4dbc-81f3-88c448fa08ca@group-AB4ADA0568AD:LeaderElection48] INFO  server.RaftServerConfigKeys (ConfUtils.java:logGet(43)) - raft.server.rpc.sleep.time = 25ms (default)
2019-09-25 05:52:34,379 [5351ca64-bccb-4dbc-81f3-88c448fa08ca@group-9FA4CE1948BA:LeaderElection49] INFO  server.RaftServerConfigKeys (ConfUtils.java:logGet(43)) - raft.server.rpc.sleep.time = 25ms (default)
2019-09-25 05:52:34,379 [5351ca64-bccb-4dbc-81f3-88c448fa08ca@group-AB4ADA0568AD:LeaderElection48] INFO  server.RaftServerConfigKeys (ConfUtils.java:logGet(43)) - raft.server.write.element-limit = 4096 (default)
2019-09-25 05:52:34,380 [5351ca64-bccb-4dbc-81f3-88c448fa08ca@group-9FA4CE1948BA:LeaderElection49] INFO  server.RaftServerConfigKeys (ConfUtils.java:logGet(43)) - raft.server.write.element-limit = 4096 (default)
2019-09-25 05:52:34,380 [5351ca64-bccb-4dbc-81f3-88c448fa08ca@group-AB4ADA0568AD:LeaderElection48] INFO  server.RaftServerConfigKeys (ConfUtils.java:logGet(43)) - raft.server.watch.timeout = 10s (default)
2019-09-25 05:52:34,380 [5351ca64-bccb-4dbc-81f3-88c448fa08ca@group-9FA4CE1948BA:LeaderElection49] INFO  server.RaftServerConfigKeys (ConfUtils.java:logGet(43)) - raft.server.watch.timeout = 10s (default)
2019-09-25 05:52:34,380 [5351ca64-bccb-4dbc-81f3-88c448fa08ca@group-AB4ADA0568AD:LeaderElection48] INFO  server.RaftServerConfigKeys (ConfUtils.java:logGet(43)) - raft.server.watch.timeout.denomination = 1s (default)
2019-09-25 05:52:34,380 [5351ca64-bccb-4dbc-81f3-88c448fa08ca@group-9FA4CE1948BA:LeaderElection49] INFO  server.RaftServerConfigKeys (ConfUtils.java:logGet(43)) - raft.server.watch.timeout.denomination = 1s (default)
2019-09-25 05:52:34,380 [5351ca64-bccb-4dbc-81f3-88c448fa08ca@group-AB4ADA0568AD:LeaderElection48] INFO  server.RaftServerConfigKeys (ConfUtils.java:logGet(43)) - raft.server.watch.element-limit = 65536 (default)
2019-09-25 05:52:34,381 [5351ca64-bccb-4dbc-81f3-88c448fa08ca@group-9FA4CE1948BA:LeaderElection49] INFO  server.RaftServerConfigKeys (ConfUtils.java:logGet(43)) - raft.server.watch.element-limit = 65536 (default)
2019-09-25 05:52:34,383 [5351ca64-bccb-4dbc-81f3-88c448fa08ca@group-AB4ADA0568AD:LeaderElection48] INFO  impl.RoleInfo (RoleInfo.java:updateAndGet(143)) - 5351ca64-bccb-4dbc-81f3-88c448fa08ca: start LeaderState
2019-09-25 05:52:34,383 [5351ca64-bccb-4dbc-81f3-88c448fa08ca@group-AB4ADA0568AD:LeaderElection48] INFO  segmented.SegmentedRaftLogWorker (SegmentedRaftLogWorker.java:startLogSegment(380)) - 5351ca64-bccb-4dbc-81f3-88c448fa08ca@group-AB4ADA0568AD-SegmentedRaftLogWorker: Starting segment from index:0
2019-09-25 05:52:34,383 [5351ca64-bccb-4dbc-81f3-88c448fa08ca@group-9FA4CE1948BA:LeaderElection49] INFO  impl.RoleInfo (RoleInfo.java:updateAndGet(143)) - 5351ca64-bccb-4dbc-81f3-88c448fa08ca: start LeaderState
2019-09-25 05:52:34,383 [5351ca64-bccb-4dbc-81f3-88c448fa08ca@group-AB4ADA0568AD:LeaderElection48] INFO  impl.RaftServerImpl (ServerState.java:setRaftConf(354)) - 5351ca64-bccb-4dbc-81f3-88c448fa08ca@group-AB4ADA0568AD: set configuration 0: [5351ca64-bccb-4dbc-81f3-88c448fa08ca:192.168.5.161:34014], old=null at 0
2019-09-25 05:52:34,384 [5351ca64-bccb-4dbc-81f3-88c448fa08ca@group-9FA4CE1948BA:LeaderElection49] INFO  segmented.SegmentedRaftLogWorker (SegmentedRaftLogWorker.java:startLogSegment(380)) - 5351ca64-bccb-4dbc-81f3-88c448fa08ca@group-9FA4CE1948BA-SegmentedRaftLogWorker: Starting segment from index:0
2019-09-25 05:52:34,384 [5351ca64-bccb-4dbc-81f3-88c448fa08ca@group-9FA4CE1948BA:LeaderElection49] INFO  impl.RaftServerImpl (ServerState.java:setRaftConf(354)) - 5351ca64-bccb-4dbc-81f3-88c448fa08ca@group-9FA4CE1948BA: set configuration 0: [5351ca64-bccb-4dbc-81f3-88c448fa08ca:192.168.5.161:34014], old=null at 0
2019-09-25 05:52:34,402 [Thread-975] INFO  impl.FollowerState (FollowerState.java:run(106)) - 5351ca64-bccb-4dbc-81f3-88c448fa08ca:group-5055CA6352A3 changes to CANDIDATE, lastRpcTime:5135, electionTimeout:5135ms
2019-09-25 05:52:34,402 [Thread-975] INFO  impl.RoleInfo (RoleInfo.java:shutdownFollowerState(121)) - 5351ca64-bccb-4dbc-81f3-88c448fa08ca: shutdown FollowerState
2019-09-25 05:52:34,402 [Thread-975] INFO  impl.RaftServerImpl (RaftServerImpl.java:setRole(174)) - 5351ca64-bccb-4dbc-81f3-88c448fa08ca@group-5055CA6352A3: changes role from  FOLLOWER to CANDIDATE at term 0 for changeToCandidate
2019-09-25 05:52:34,402 [Thread-975] INFO  impl.RoleInfo (RoleInfo.java:updateAndGet(143)) - 5351ca64-bccb-4dbc-81f3-88c448fa08ca: start LeaderElection
2019-09-25 05:52:34,434 [5351ca64-bccb-4dbc-81f3-88c448fa08ca@group-AB4ADA0568AD-SegmentedRaftLogWorker] INFO  segmented.SegmentedRaftLogWorker (SegmentedRaftLogWorker.java:execute(569)) - 5351ca64-bccb-4dbc-81f3-88c448fa08ca@group-AB4ADA0568AD-SegmentedRaftLogWorker: created new log segment /workdir/hadoop-ozone/ozonefs/target/test-dir/MiniOzoneClusterImpl-ffa13d7c-c890-4caf-bec8-d19cbd1e24dd/datanode-0/data/ratis/01a95f3a-0a01-434b-bd75-ab4ada0568ad/current/log_inprogress_0
2019-09-25 05:52:34,434 [5351ca64-bccb-4dbc-81f3-88c448fa08ca@group-5055CA6352A3:LeaderElection50] INFO  impl.LeaderElection (LeaderElection.java:askForVotes(182)) - 5351ca64-bccb-4dbc-81f3-88c448fa08ca@group-5055CA6352A3:LeaderElection50: begin an election at term 1 for -1: [5351ca64-bccb-4dbc-81f3-88c448fa08ca:192.168.5.161:34014], old=null
2019-09-25 05:52:34,434 [5351ca64-bccb-4dbc-81f3-88c448fa08ca@group-9FA4CE1948BA-SegmentedRaftLogWorker] INFO  segmented.SegmentedRaftLogWorker (SegmentedRaftLogWorker.java:execute(569)) - 5351ca64-bccb-4dbc-81f3-88c448fa08ca@group-9FA4CE1948BA-SegmentedRaftLogWorker: created new log segment /workdir/hadoop-ozone/ozonefs/target/test-dir/MiniOzoneClusterImpl-ffa13d7c-c890-4caf-bec8-d19cbd1e24dd/datanode-0/data/ratis/4340b337-c6cb-47e6-b1b7-9fa4ce1948ba/current/log_inprogress_0
2019-09-25 05:52:34,435 [5351ca64-bccb-4dbc-81f3-88c448fa08ca@group-5055CA6352A3:LeaderElection50] INFO  impl.RoleInfo (RoleInfo.java:shutdownLeaderElection(134)) - 5351ca64-bccb-4dbc-81f3-88c448fa08ca: shutdown LeaderElection
2019-09-25 05:52:34,435 [5351ca64-bccb-4dbc-81f3-88c448fa08ca@group-5055CA6352A3:LeaderElection50] INFO  impl.RaftServerImpl (RaftServerImpl.java:setRole(174)) - 5351ca64-bccb-4dbc-81f3-88c448fa08ca@group-5055CA6352A3: changes role from CANDIDATE to LEADER at term 1 for changeToLeader
2019-09-25 05:52:34,435 [5351ca64-bccb-4dbc-81f3-88c448fa08ca@group-5055CA6352A3:LeaderElection50] INFO  impl.RaftServerImpl (ServerState.java:setLeader(253)) - 5351ca64-bccb-4dbc-81f3-88c448fa08ca@group-5055CA6352A3: change Leader from null to 5351ca64-bccb-4dbc-81f3-88c448fa08ca at term 1 for becomeLeader, leader elected after 5175ms
2019-09-25 05:52:34,435 [5351ca64-bccb-4dbc-81f3-88c448fa08ca@group-5055CA6352A3:LeaderElection50] INFO  server.RaftServerConfigKeys (ConfUtils.java:logGet(43)) - raft.server.staging.catchup.gap = 1000 (default)
2019-09-25 05:52:34,435 [5351ca64-bccb-4dbc-81f3-88c448fa08ca@group-5055CA6352A3:LeaderElection50] INFO  server.RaftServerConfigKeys (ConfUtils.java:logGet(43)) - raft.server.rpc.sleep.time = 25ms (default)
2019-09-25 05:52:34,435 [5351ca64-bccb-4dbc-81f3-88c448fa08ca@group-5055CA6352A3:LeaderElection50] INFO  server.RaftServerConfigKeys (ConfUtils.java:logGet(43)) - raft.server.write.element-limit = 4096 (default)
2019-09-25 05:52:34,436 [5351ca64-bccb-4dbc-81f3-88c448fa08ca@group-5055CA6352A3:LeaderElection50] INFO  server.RaftServerConfigKeys (ConfUtils.java:logGet(43)) - raft.server.watch.timeout = 10s (default)
2019-09-25 05:52:34,436 [5351ca64-bccb-4dbc-81f3-88c448fa08ca@group-5055CA6352A3:LeaderElection50] INFO  server.RaftServerConfigKeys (ConfUtils.java:logGet(43)) - raft.server.watch.timeout.denomination = 1s (default)
2019-09-25 05:52:34,436 [5351ca64-bccb-4dbc-81f3-88c448fa08ca@group-5055CA6352A3:LeaderElection50] INFO  server.RaftServerConfigKeys (ConfUtils.java:logGet(43)) - raft.server.watch.element-limit = 65536 (default)
2019-09-25 05:52:34,438 [5351ca64-bccb-4dbc-81f3-88c448fa08ca@group-5055CA6352A3:LeaderElection50] INFO  impl.RoleInfo (RoleInfo.java:updateAndGet(143)) - 5351ca64-bccb-4dbc-81f3-88c448fa08ca: start LeaderState
2019-09-25 05:52:34,438 [5351ca64-bccb-4dbc-81f3-88c448fa08ca@group-5055CA6352A3:LeaderElection50] INFO  segmented.SegmentedRaftLogWorker (SegmentedRaftLogWorker.java:startLogSegment(380)) - 5351ca64-bccb-4dbc-81f3-88c448fa08ca@group-5055CA6352A3-SegmentedRaftLogWorker: Starting segment from index:0
2019-09-25 05:52:34,438 [5351ca64-bccb-4dbc-81f3-88c448fa08ca@group-5055CA6352A3:LeaderElection50] INFO  impl.RaftServerImpl (ServerState.java:setRaftConf(354)) - 5351ca64-bccb-4dbc-81f3-88c448fa08ca@group-5055CA6352A3: set configuration 0: [5351ca64-bccb-4dbc-81f3-88c448fa08ca:192.168.5.161:34014], old=null at 0
2019-09-25 05:52:34,471 [5351ca64-bccb-4dbc-81f3-88c448fa08ca@group-5055CA6352A3-SegmentedRaftLogWorker] INFO  segmented.SegmentedRaftLogWorker (SegmentedRaftLogWorker.java:execute(569)) - 5351ca64-bccb-4dbc-81f3-88c448fa08ca@group-5055CA6352A3-SegmentedRaftLogWorker: created new log segment /workdir/hadoop-ozone/ozonefs/target/test-dir/MiniOzoneClusterImpl-ffa13d7c-c890-4caf-bec8-d19cbd1e24dd/datanode-0/data/ratis/fceb0ec7-742b-492b-8a95-5055ca6352a3/current/log_inprogress_0
2019-09-25 05:52:34,476 [Thread-981] INFO  impl.FollowerState (FollowerState.java:run(106)) - 5351ca64-bccb-4dbc-81f3-88c448fa08ca:group-D60002431527 changes to CANDIDATE, lastRpcTime:5149, electionTimeout:5149ms
2019-09-25 05:52:34,476 [Thread-981] INFO  impl.RoleInfo (RoleInfo.java:shutdownFollowerState(121)) - 5351ca64-bccb-4dbc-81f3-88c448fa08ca: shutdown FollowerState
2019-09-25 05:52:34,476 [Thread-981] INFO  impl.RaftServerImpl (RaftServerImpl.java:setRole(174)) - 5351ca64-bccb-4dbc-81f3-88c448fa08ca@group-D60002431527: changes role from  FOLLOWER to CANDIDATE at term 0 for changeToCandidate
2019-09-25 05:52:34,476 [Thread-981] INFO  impl.RoleInfo (RoleInfo.java:updateAndGet(143)) - 5351ca64-bccb-4dbc-81f3-88c448fa08ca: start LeaderElection
2019-09-25 05:52:34,479 [Thread-984] INFO  impl.FollowerState (FollowerState.java:run(106)) - 74c214a6-2081-4cec-a66f-57ef14a49025:group-D160EDFAB5E9 changes to CANDIDATE, lastRpcTime:5121, electionTimeout:5121ms
2019-09-25 05:52:34,479 [Thread-984] INFO  impl.RoleInfo (RoleInfo.java:shutdownFollowerState(121)) - 74c214a6-2081-4cec-a66f-57ef14a49025: shutdown FollowerState
2019-09-25 05:52:34,479 [Thread-984] INFO  impl.RaftServerImpl (RaftServerImpl.java:setRole(174)) - 74c214a6-2081-4cec-a66f-57ef14a49025@group-D160EDFAB5E9: changes role from  FOLLOWER to CANDIDATE at term 0 for changeToCandidate
2019-09-25 05:52:34,479 [Thread-984] INFO  impl.RoleInfo (RoleInfo.java:updateAndGet(143)) - 74c214a6-2081-4cec-a66f-57ef14a49025: start LeaderElection
2019-09-25 05:52:34,482 [5351ca64-bccb-4dbc-81f3-88c448fa08ca@group-D60002431527:LeaderElection51] INFO  impl.LeaderElection (LeaderElection.java:askForVotes(182)) - 5351ca64-bccb-4dbc-81f3-88c448fa08ca@group-D60002431527:LeaderElection51: begin an election at term 1 for -1: [5351ca64-bccb-4dbc-81f3-88c448fa08ca:192.168.5.161:34014], old=null
2019-09-25 05:52:34,482 [5351ca64-bccb-4dbc-81f3-88c448fa08ca@group-D60002431527:LeaderElection51] INFO  impl.RoleInfo (RoleInfo.java:shutdownLeaderElection(134)) - 5351ca64-bccb-4dbc-81f3-88c448fa08ca: shutdown LeaderElection
2019-09-25 05:52:34,482 [5351ca64-bccb-4dbc-81f3-88c448fa08ca@group-D60002431527:LeaderElection51] INFO  impl.RaftServerImpl (RaftServerImpl.java:setRole(174)) - 5351ca64-bccb-4dbc-81f3-88c448fa08ca@group-D60002431527: changes role from CANDIDATE to LEADER at term 1 for changeToLeader
2019-09-25 05:52:34,482 [5351ca64-bccb-4dbc-81f3-88c448fa08ca@group-D60002431527:LeaderElection51] INFO  impl.RaftServerImpl (ServerState.java:setLeader(253)) - 5351ca64-bccb-4dbc-81f3-88c448fa08ca@group-D60002431527: change Leader from null to 5351ca64-bccb-4dbc-81f3-88c448fa08ca at term 1 for becomeLeader, leader elected after 5161ms
2019-09-25 05:52:34,482 [5351ca64-bccb-4dbc-81f3-88c448fa08ca@group-D60002431527:LeaderElection51] INFO  server.RaftServerConfigKeys (ConfUtils.java:logGet(43)) - raft.server.staging.catchup.gap = 1000 (default)
2019-09-25 05:52:34,483 [5351ca64-bccb-4dbc-81f3-88c448fa08ca@group-D60002431527:LeaderElection51] INFO  server.RaftServerConfigKeys (ConfUtils.java:logGet(43)) - raft.server.rpc.sleep.time = 25ms (default)
2019-09-25 05:52:34,483 [5351ca64-bccb-4dbc-81f3-88c448fa08ca@group-D60002431527:LeaderElection51] INFO  server.RaftServerConfigKeys (ConfUtils.java:logGet(43)) - raft.server.write.element-limit = 4096 (default)
2019-09-25 05:52:34,483 [5351ca64-bccb-4dbc-81f3-88c448fa08ca@group-D60002431527:LeaderElection51] INFO  server.RaftServerConfigKeys (ConfUtils.java:logGet(43)) - raft.server.watch.timeout = 10s (default)
2019-09-25 05:52:34,483 [5351ca64-bccb-4dbc-81f3-88c448fa08ca@group-D60002431527:LeaderElection51] INFO  server.RaftServerConfigKeys (ConfUtils.java:logGet(43)) - raft.server.watch.timeout.denomination = 1s (default)
2019-09-25 05:52:34,483 [5351ca64-bccb-4dbc-81f3-88c448fa08ca@group-D60002431527:LeaderElection51] INFO  server.RaftServerConfigKeys (ConfUtils.java:logGet(43)) - raft.server.watch.element-limit = 65536 (default)
2019-09-25 05:52:34,485 [74c214a6-2081-4cec-a66f-57ef14a49025@group-D160EDFAB5E9:LeaderElection52] INFO  impl.LeaderElection (LeaderElection.java:askForVotes(182)) - 74c214a6-2081-4cec-a66f-57ef14a49025@group-D160EDFAB5E9:LeaderElection52: begin an election at term 1 for -1: [74c214a6-2081-4cec-a66f-57ef14a49025:192.168.5.161:40722], old=null
2019-09-25 05:52:34,485 [74c214a6-2081-4cec-a66f-57ef14a49025@group-D160EDFAB5E9:LeaderElection52] INFO  impl.RoleInfo (RoleInfo.java:shutdownLeaderElection(134)) - 74c214a6-2081-4cec-a66f-57ef14a49025: shutdown LeaderElection
2019-09-25 05:52:34,485 [74c214a6-2081-4cec-a66f-57ef14a49025@group-D160EDFAB5E9:LeaderElection52] INFO  impl.RaftServerImpl (RaftServerImpl.java:setRole(174)) - 74c214a6-2081-4cec-a66f-57ef14a49025@group-D160EDFAB5E9: changes role from CANDIDATE to LEADER at term 1 for changeToLeader
2019-09-25 05:52:34,485 [74c214a6-2081-4cec-a66f-57ef14a49025@group-D160EDFAB5E9:LeaderElection52] INFO  impl.RaftServerImpl (ServerState.java:setLeader(253)) - 74c214a6-2081-4cec-a66f-57ef14a49025@group-D160EDFAB5E9: change Leader from null to 74c214a6-2081-4cec-a66f-57ef14a49025 at term 1 for becomeLeader, leader elected after 5135ms
2019-09-25 05:52:34,485 [5351ca64-bccb-4dbc-81f3-88c448fa08ca@group-D60002431527:LeaderElection51] INFO  impl.RoleInfo (RoleInfo.java:updateAndGet(143)) - 5351ca64-bccb-4dbc-81f3-88c448fa08ca: start LeaderState
2019-09-25 05:52:34,485 [74c214a6-2081-4cec-a66f-57ef14a49025@group-D160EDFAB5E9:LeaderElection52] INFO  server.RaftServerConfigKeys (ConfUtils.java:logGet(43)) - raft.server.staging.catchup.gap = 1000 (default)
2019-09-25 05:52:34,485 [5351ca64-bccb-4dbc-81f3-88c448fa08ca@group-D60002431527:LeaderElection51] INFO  segmented.SegmentedRaftLogWorker (SegmentedRaftLogWorker.java:startLogSegment(380)) - 5351ca64-bccb-4dbc-81f3-88c448fa08ca@group-D60002431527-SegmentedRaftLogWorker: Starting segment from index:0
2019-09-25 05:52:34,485 [74c214a6-2081-4cec-a66f-57ef14a49025@group-D160EDFAB5E9:LeaderElection52] INFO  server.RaftServerConfigKeys (ConfUtils.java:logGet(43)) - raft.server.rpc.sleep.time = 25ms (default)
2019-09-25 05:52:34,486 [74c214a6-2081-4cec-a66f-57ef14a49025@group-D160EDFAB5E9:LeaderElection52] INFO  server.RaftServerConfigKeys (ConfUtils.java:logGet(43)) - raft.server.write.element-limit = 4096 (default)
2019-09-25 05:52:34,486 [5351ca64-bccb-4dbc-81f3-88c448fa08ca@group-D60002431527:LeaderElection51] INFO  impl.RaftServerImpl (ServerState.java:setRaftConf(354)) - 5351ca64-bccb-4dbc-81f3-88c448fa08ca@group-D60002431527: set configuration 0: [5351ca64-bccb-4dbc-81f3-88c448fa08ca:192.168.5.161:34014], old=null at 0
2019-09-25 05:52:34,486 [74c214a6-2081-4cec-a66f-57ef14a49025@group-D160EDFAB5E9:LeaderElection52] INFO  server.RaftServerConfigKeys (ConfUtils.java:logGet(43)) - raft.server.watch.timeout = 10s (default)
2019-09-25 05:52:34,486 [74c214a6-2081-4cec-a66f-57ef14a49025@group-D160EDFAB5E9:LeaderElection52] INFO  server.RaftServerConfigKeys (ConfUtils.java:logGet(43)) - raft.server.watch.timeout.denomination = 1s (default)
2019-09-25 05:52:34,486 [74c214a6-2081-4cec-a66f-57ef14a49025@group-D160EDFAB5E9:LeaderElection52] INFO  server.RaftServerConfigKeys (ConfUtils.java:logGet(43)) - raft.server.watch.element-limit = 65536 (default)
2019-09-25 05:52:34,488 [74c214a6-2081-4cec-a66f-57ef14a49025@group-D160EDFAB5E9:LeaderElection52] INFO  impl.RoleInfo (RoleInfo.java:updateAndGet(143)) - 74c214a6-2081-4cec-a66f-57ef14a49025: start LeaderState
2019-09-25 05:52:34,488 [74c214a6-2081-4cec-a66f-57ef14a49025@group-D160EDFAB5E9:LeaderElection52] INFO  segmented.SegmentedRaftLogWorker (SegmentedRaftLogWorker.java:startLogSegment(380)) - 74c214a6-2081-4cec-a66f-57ef14a49025@group-D160EDFAB5E9-SegmentedRaftLogWorker: Starting segment from index:0
2019-09-25 05:52:34,488 [74c214a6-2081-4cec-a66f-57ef14a49025@group-D160EDFAB5E9:LeaderElection52] INFO  impl.RaftServerImpl (ServerState.java:setRaftConf(354)) - 74c214a6-2081-4cec-a66f-57ef14a49025@group-D160EDFAB5E9: set configuration 0: [74c214a6-2081-4cec-a66f-57ef14a49025:192.168.5.161:40722], old=null at 0
2019-09-25 05:52:34,522 [74c214a6-2081-4cec-a66f-57ef14a49025@group-D160EDFAB5E9-SegmentedRaftLogWorker] INFO  segmented.SegmentedRaftLogWorker (SegmentedRaftLogWorker.java:execute(569)) - 74c214a6-2081-4cec-a66f-57ef14a49025@group-D160EDFAB5E9-SegmentedRaftLogWorker: created new log segment /workdir/hadoop-ozone/ozonefs/target/test-dir/MiniOzoneClusterImpl-ffa13d7c-c890-4caf-bec8-d19cbd1e24dd/datanode-1/data/ratis/58225487-d03a-41a7-becd-d160edfab5e9/current/log_inprogress_0
2019-09-25 05:52:34,538 [Thread-987] INFO  impl.FollowerState (FollowerState.java:run(106)) - 74c214a6-2081-4cec-a66f-57ef14a49025:group-5832ED48E3A0 changes to CANDIDATE, lastRpcTime:5132, electionTimeout:5132ms
2019-09-25 05:52:34,538 [Thread-987] INFO  impl.RoleInfo (RoleInfo.java:shutdownFollowerState(121)) - 74c214a6-2081-4cec-a66f-57ef14a49025: shutdown FollowerState
2019-09-25 05:52:34,538 [Thread-987] INFO  impl.RaftServerImpl (RaftServerImpl.java:setRole(174)) - 74c214a6-2081-4cec-a66f-57ef14a49025@group-5832ED48E3A0: changes role from  FOLLOWER to CANDIDATE at term 0 for changeToCandidate
2019-09-25 05:52:34,538 [Thread-987] INFO  impl.RoleInfo (RoleInfo.java:updateAndGet(143)) - 74c214a6-2081-4cec-a66f-57ef14a49025: start LeaderElection
2019-09-25 05:52:34,553 [5351ca64-bccb-4dbc-81f3-88c448fa08ca@group-D60002431527-SegmentedRaftLogWorker] INFO  segmented.SegmentedRaftLogWorker (SegmentedRaftLogWorker.java:execute(569)) - 5351ca64-bccb-4dbc-81f3-88c448fa08ca@group-D60002431527-SegmentedRaftLogWorker: created new log segment /workdir/hadoop-ozone/ozonefs/target/test-dir/MiniOzoneClusterImpl-ffa13d7c-c890-4caf-bec8-d19cbd1e24dd/datanode-0/data/ratis/c5dd9ea0-09be-42fc-a954-d60002431527/current/log_inprogress_0
2019-09-25 05:52:34,562 [Thread-996] INFO  impl.FollowerState (FollowerState.java:run(106)) - 74c214a6-2081-4cec-a66f-57ef14a49025:group-1624362952CB changes to CANDIDATE, lastRpcTime:5027, electionTimeout:5027ms
2019-09-25 05:52:34,563 [Thread-996] INFO  impl.RoleInfo (RoleInfo.java:shutdownFollowerState(121)) - 74c214a6-2081-4cec-a66f-57ef14a49025: shutdown FollowerState
2019-09-25 05:52:34,563 [Thread-996] INFO  impl.RaftServerImpl (RaftServerImpl.java:setRole(174)) - 74c214a6-2081-4cec-a66f-57ef14a49025@group-1624362952CB: changes role from  FOLLOWER to CANDIDATE at term 0 for changeToCandidate
2019-09-25 05:52:34,563 [Thread-996] INFO  impl.RoleInfo (RoleInfo.java:updateAndGet(143)) - 74c214a6-2081-4cec-a66f-57ef14a49025: start LeaderElection
2019-09-25 05:52:34,568 [74c214a6-2081-4cec-a66f-57ef14a49025@group-5832ED48E3A0:LeaderElection53] INFO  impl.LeaderElection (LeaderElection.java:askForVotes(182)) - 74c214a6-2081-4cec-a66f-57ef14a49025@group-5832ED48E3A0:LeaderElection53: begin an election at term 1 for -1: [74c214a6-2081-4cec-a66f-57ef14a49025:192.168.5.161:40722], old=null
2019-09-25 05:52:34,568 [74c214a6-2081-4cec-a66f-57ef14a49025@group-5832ED48E3A0:LeaderElection53] INFO  impl.RoleInfo (RoleInfo.java:shutdownLeaderElection(134)) - 74c214a6-2081-4cec-a66f-57ef14a49025: shutdown LeaderElection
2019-09-25 05:52:34,568 [74c214a6-2081-4cec-a66f-57ef14a49025@group-5832ED48E3A0:LeaderElection53] INFO  impl.RaftServerImpl (RaftServerImpl.java:setRole(174)) - 74c214a6-2081-4cec-a66f-57ef14a49025@group-5832ED48E3A0: changes role from CANDIDATE to LEADER at term 1 for changeToLeader
2019-09-25 05:52:34,568 [74c214a6-2081-4cec-a66f-57ef14a49025@group-5832ED48E3A0:LeaderElection53] INFO  impl.RaftServerImpl (ServerState.java:setLeader(253)) - 74c214a6-2081-4cec-a66f-57ef14a49025@group-5832ED48E3A0: change Leader from null to 74c214a6-2081-4cec-a66f-57ef14a49025 at term 1 for becomeLeader, leader elected after 5168ms
2019-09-25 05:52:34,568 [74c214a6-2081-4cec-a66f-57ef14a49025@group-5832ED48E3A0:LeaderElection53] INFO  server.RaftServerConfigKeys (ConfUtils.java:logGet(43)) - raft.server.staging.catchup.gap = 1000 (default)
2019-09-25 05:52:34,568 [74c214a6-2081-4cec-a66f-57ef14a49025@group-5832ED48E3A0:LeaderElection53] INFO  server.RaftServerConfigKeys (ConfUtils.java:logGet(43)) - raft.server.rpc.sleep.time = 25ms (default)
2019-09-25 05:52:34,568 [74c214a6-2081-4cec-a66f-57ef14a49025@group-5832ED48E3A0:LeaderElection53] INFO  server.RaftServerConfigKeys (ConfUtils.java:logGet(43)) - raft.server.write.element-limit = 4096 (default)
2019-09-25 05:52:34,569 [74c214a6-2081-4cec-a66f-57ef14a49025@group-5832ED48E3A0:LeaderElection53] INFO  server.RaftServerConfigKeys (ConfUtils.java:logGet(43)) - raft.server.watch.timeout = 10s (default)
2019-09-25 05:52:34,569 [74c214a6-2081-4cec-a66f-57ef14a49025@group-5832ED48E3A0:LeaderElection53] INFO  server.RaftServerConfigKeys (ConfUtils.java:logGet(43)) - raft.server.watch.timeout.denomination = 1s (default)
2019-09-25 05:52:34,569 [74c214a6-2081-4cec-a66f-57ef14a49025@group-5832ED48E3A0:LeaderElection53] INFO  server.RaftServerConfigKeys (ConfUtils.java:logGet(43)) - raft.server.watch.element-limit = 65536 (default)
2019-09-25 05:52:34,571 [74c214a6-2081-4cec-a66f-57ef14a49025@group-5832ED48E3A0:LeaderElection53] INFO  impl.RoleInfo (RoleInfo.java:updateAndGet(143)) - 74c214a6-2081-4cec-a66f-57ef14a49025: start LeaderState
2019-09-25 05:52:34,571 [74c214a6-2081-4cec-a66f-57ef14a49025@group-1624362952CB:LeaderElection54] INFO  impl.LeaderElection (LeaderElection.java:askForVotes(182)) - 74c214a6-2081-4cec-a66f-57ef14a49025@group-1624362952CB:LeaderElection54: begin an election at term 1 for -1: [74c214a6-2081-4cec-a66f-57ef14a49025:192.168.5.161:40722], old=null
2019-09-25 05:52:34,571 [74c214a6-2081-4cec-a66f-57ef14a49025@group-1624362952CB:LeaderElection54] INFO  impl.RoleInfo (RoleInfo.java:shutdownLeaderElection(134)) - 74c214a6-2081-4cec-a66f-57ef14a49025: shutdown LeaderElection
2019-09-25 05:52:34,571 [74c214a6-2081-4cec-a66f-57ef14a49025@group-5832ED48E3A0:LeaderElection53] INFO  segmented.SegmentedRaftLogWorker (SegmentedRaftLogWorker.java:startLogSegment(380)) - 74c214a6-2081-4cec-a66f-57ef14a49025@group-5832ED48E3A0-SegmentedRaftLogWorker: Starting segment from index:0
2019-09-25 05:52:34,571 [74c214a6-2081-4cec-a66f-57ef14a49025@group-1624362952CB:LeaderElection54] INFO  impl.RaftServerImpl (RaftServerImpl.java:setRole(174)) - 74c214a6-2081-4cec-a66f-57ef14a49025@group-1624362952CB: changes role from CANDIDATE to LEADER at term 1 for changeToLeader
2019-09-25 05:52:34,572 [74c214a6-2081-4cec-a66f-57ef14a49025@group-1624362952CB:LeaderElection54] INFO  impl.RaftServerImpl (ServerState.java:setLeader(253)) - 74c214a6-2081-4cec-a66f-57ef14a49025@group-1624362952CB: change Leader from null to 74c214a6-2081-4cec-a66f-57ef14a49025 at term 1 for becomeLeader, leader elected after 5041ms
2019-09-25 05:52:34,572 [74c214a6-2081-4cec-a66f-57ef14a49025@group-1624362952CB:LeaderElection54] INFO  server.RaftServerConfigKeys (ConfUtils.java:logGet(43)) - raft.server.staging.catchup.gap = 1000 (default)
2019-09-25 05:52:34,572 [74c214a6-2081-4cec-a66f-57ef14a49025@group-5832ED48E3A0:LeaderElection53] INFO  impl.RaftServerImpl (ServerState.java:setRaftConf(354)) - 74c214a6-2081-4cec-a66f-57ef14a49025@group-5832ED48E3A0: set configuration 0: [74c214a6-2081-4cec-a66f-57ef14a49025:192.168.5.161:40722], old=null at 0
2019-09-25 05:52:34,572 [74c214a6-2081-4cec-a66f-57ef14a49025@group-1624362952CB:LeaderElection54] INFO  server.RaftServerConfigKeys (ConfUtils.java:logGet(43)) - raft.server.rpc.sleep.time = 25ms (default)
2019-09-25 05:52:34,572 [74c214a6-2081-4cec-a66f-57ef14a49025@group-1624362952CB:LeaderElection54] INFO  server.RaftServerConfigKeys (ConfUtils.java:logGet(43)) - raft.server.write.element-limit = 4096 (default)
2019-09-25 05:52:34,572 [74c214a6-2081-4cec-a66f-57ef14a49025@group-1624362952CB:LeaderElection54] INFO  server.RaftServerConfigKeys (ConfUtils.java:logGet(43)) - raft.server.watch.timeout = 10s (default)
2019-09-25 05:52:34,573 [74c214a6-2081-4cec-a66f-57ef14a49025@group-1624362952CB:LeaderElection54] INFO  server.RaftServerConfigKeys (ConfUtils.java:logGet(43)) - raft.server.watch.timeout.denomination = 1s (default)
2019-09-25 05:52:34,573 [74c214a6-2081-4cec-a66f-57ef14a49025@group-1624362952CB:LeaderElection54] INFO  server.RaftServerConfigKeys (ConfUtils.java:logGet(43)) - raft.server.watch.element-limit = 65536 (default)
2019-09-25 05:52:34,574 [74c214a6-2081-4cec-a66f-57ef14a49025@group-1624362952CB:LeaderElection54] INFO  impl.RoleInfo (RoleInfo.java:updateAndGet(143)) - 74c214a6-2081-4cec-a66f-57ef14a49025: start LeaderState
2019-09-25 05:52:34,574 [74c214a6-2081-4cec-a66f-57ef14a49025@group-1624362952CB:LeaderElection54] INFO  segmented.SegmentedRaftLogWorker (SegmentedRaftLogWorker.java:startLogSegment(380)) - 74c214a6-2081-4cec-a66f-57ef14a49025@group-1624362952CB-SegmentedRaftLogWorker: Starting segment from index:0
2019-09-25 05:52:34,575 [74c214a6-2081-4cec-a66f-57ef14a49025@group-1624362952CB:LeaderElection54] INFO  impl.RaftServerImpl (ServerState.java:setRaftConf(354)) - 74c214a6-2081-4cec-a66f-57ef14a49025@group-1624362952CB: set configuration 0: [74c214a6-2081-4cec-a66f-57ef14a49025:192.168.5.161:40722], old=null at 0
2019-09-25 05:52:34,594 [Thread-990] INFO  impl.FollowerState (FollowerState.java:run(106)) - 74c214a6-2081-4cec-a66f-57ef14a49025:group-70B4393DD80B changes to CANDIDATE, lastRpcTime:5146, electionTimeout:5146ms
2019-09-25 05:52:34,594 [Thread-990] INFO  impl.RoleInfo (RoleInfo.java:shutdownFollowerState(121)) - 74c214a6-2081-4cec-a66f-57ef14a49025: shutdown FollowerState
2019-09-25 05:52:34,594 [Thread-990] INFO  impl.RaftServerImpl (RaftServerImpl.java:setRole(174)) - 74c214a6-2081-4cec-a66f-57ef14a49025@group-70B4393DD80B: changes role from  FOLLOWER to CANDIDATE at term 0 for changeToCandidate
2019-09-25 05:52:34,595 [Thread-990] INFO  impl.RoleInfo (RoleInfo.java:updateAndGet(143)) - 74c214a6-2081-4cec-a66f-57ef14a49025: start LeaderElection
2019-09-25 05:52:34,614 [Thread-993] INFO  impl.FollowerState (FollowerState.java:run(106)) - b2f71498-95f8-4afb-8bb6-1273d3661002:group-8FD21F2EE8AB changes to CANDIDATE, lastRpcTime:5121, electionTimeout:5121ms
2019-09-25 05:52:34,614 [Thread-993] INFO  impl.RoleInfo (RoleInfo.java:shutdownFollowerState(121)) - b2f71498-95f8-4afb-8bb6-1273d3661002: shutdown FollowerState
2019-09-25 05:52:34,614 [Thread-993] INFO  impl.RaftServerImpl (RaftServerImpl.java:setRole(174)) - b2f71498-95f8-4afb-8bb6-1273d3661002@group-8FD21F2EE8AB: changes role from  FOLLOWER to CANDIDATE at term 0 for changeToCandidate
2019-09-25 05:52:34,614 [Thread-993] INFO  impl.RoleInfo (RoleInfo.java:updateAndGet(143)) - b2f71498-95f8-4afb-8bb6-1273d3661002: start LeaderElection
2019-09-25 05:52:34,634 [74c214a6-2081-4cec-a66f-57ef14a49025@group-5832ED48E3A0-SegmentedRaftLogWorker] INFO  segmented.SegmentedRaftLogWorker (SegmentedRaftLogWorker.java:execute(569)) - 74c214a6-2081-4cec-a66f-57ef14a49025@group-5832ED48E3A0-SegmentedRaftLogWorker: created new log segment /workdir/hadoop-ozone/ozonefs/target/test-dir/MiniOzoneClusterImpl-ffa13d7c-c890-4caf-bec8-d19cbd1e24dd/datanode-1/data/ratis/ea45ef10-65e3-43e6-adeb-5832ed48e3a0/current/log_inprogress_0
2019-09-25 05:52:34,634 [74c214a6-2081-4cec-a66f-57ef14a49025@group-1624362952CB-SegmentedRaftLogWorker] INFO  segmented.SegmentedRaftLogWorker (SegmentedRaftLogWorker.java:execute(569)) - 74c214a6-2081-4cec-a66f-57ef14a49025@group-1624362952CB-SegmentedRaftLogWorker: created new log segment /workdir/hadoop-ozone/ozonefs/target/test-dir/MiniOzoneClusterImpl-ffa13d7c-c890-4caf-bec8-d19cbd1e24dd/datanode-1/data/ratis/82b0377c-7e1d-49f7-ba0a-1624362952cb/current/log_inprogress_0
2019-09-25 05:52:34,634 [b2f71498-95f8-4afb-8bb6-1273d3661002@group-8FD21F2EE8AB:LeaderElection56] INFO  impl.LeaderElection (LeaderElection.java:askForVotes(182)) - b2f71498-95f8-4afb-8bb6-1273d3661002@group-8FD21F2EE8AB:LeaderElection56: begin an election at term 1 for -1: [b2f71498-95f8-4afb-8bb6-1273d3661002:192.168.5.161:35389], old=null
2019-09-25 05:52:34,634 [74c214a6-2081-4cec-a66f-57ef14a49025@group-70B4393DD80B:LeaderElection55] INFO  impl.LeaderElection (LeaderElection.java:askForVotes(182)) - 74c214a6-2081-4cec-a66f-57ef14a49025@group-70B4393DD80B:LeaderElection55: begin an election at term 1 for -1: [74c214a6-2081-4cec-a66f-57ef14a49025:192.168.5.161:40722], old=null
2019-09-25 05:52:34,634 [b2f71498-95f8-4afb-8bb6-1273d3661002@group-8FD21F2EE8AB:LeaderElection56] INFO  impl.RoleInfo (RoleInfo.java:shutdownLeaderElection(134)) - b2f71498-95f8-4afb-8bb6-1273d3661002: shutdown LeaderElection
2019-09-25 05:52:34,634 [74c214a6-2081-4cec-a66f-57ef14a49025@group-70B4393DD80B:LeaderElection55] INFO  impl.RoleInfo (RoleInfo.java:shutdownLeaderElection(134)) - 74c214a6-2081-4cec-a66f-57ef14a49025: shutdown LeaderElection
2019-09-25 05:52:34,634 [b2f71498-95f8-4afb-8bb6-1273d3661002@group-8FD21F2EE8AB:LeaderElection56] INFO  impl.RaftServerImpl (RaftServerImpl.java:setRole(174)) - b2f71498-95f8-4afb-8bb6-1273d3661002@group-8FD21F2EE8AB: changes role from CANDIDATE to LEADER at term 1 for changeToLeader
2019-09-25 05:52:34,635 [74c214a6-2081-4cec-a66f-57ef14a49025@group-70B4393DD80B:LeaderElection55] INFO  impl.RaftServerImpl (RaftServerImpl.java:setRole(174)) - 74c214a6-2081-4cec-a66f-57ef14a49025@group-70B4393DD80B: changes role from CANDIDATE to LEADER at term 1 for changeToLeader
2019-09-25 05:52:34,635 [b2f71498-95f8-4afb-8bb6-1273d3661002@group-8FD21F2EE8AB:LeaderElection56] INFO  impl.RaftServerImpl (ServerState.java:setLeader(253)) - b2f71498-95f8-4afb-8bb6-1273d3661002@group-8FD21F2EE8AB: change Leader from null to b2f71498-95f8-4afb-8bb6-1273d3661002 at term 1 for becomeLeader, leader elected after 5148ms
2019-09-25 05:52:34,635 [74c214a6-2081-4cec-a66f-57ef14a49025@group-70B4393DD80B:LeaderElection55] INFO  impl.RaftServerImpl (ServerState.java:setLeader(253)) - 74c214a6-2081-4cec-a66f-57ef14a49025@group-70B4393DD80B: change Leader from null to 74c214a6-2081-4cec-a66f-57ef14a49025 at term 1 for becomeLeader, leader elected after 5192ms
2019-09-25 05:52:34,635 [b2f71498-95f8-4afb-8bb6-1273d3661002@group-8FD21F2EE8AB:LeaderElection56] INFO  server.RaftServerConfigKeys (ConfUtils.java:logGet(43)) - raft.server.staging.catchup.gap = 1000 (default)
2019-09-25 05:52:34,635 [74c214a6-2081-4cec-a66f-57ef14a49025@group-70B4393DD80B:LeaderElection55] INFO  server.RaftServerConfigKeys (ConfUtils.java:logGet(43)) - raft.server.staging.catchup.gap = 1000 (default)
2019-09-25 05:52:34,635 [b2f71498-95f8-4afb-8bb6-1273d3661002@group-8FD21F2EE8AB:LeaderElection56] INFO  server.RaftServerConfigKeys (ConfUtils.java:logGet(43)) - raft.server.rpc.sleep.time = 25ms (default)
2019-09-25 05:52:34,635 [74c214a6-2081-4cec-a66f-57ef14a49025@group-70B4393DD80B:LeaderElection55] INFO  server.RaftServerConfigKeys (ConfUtils.java:logGet(43)) - raft.server.rpc.sleep.time = 25ms (default)
2019-09-25 05:52:34,635 [b2f71498-95f8-4afb-8bb6-1273d3661002@group-8FD21F2EE8AB:LeaderElection56] INFO  server.RaftServerConfigKeys (ConfUtils.java:logGet(43)) - raft.server.write.element-limit = 4096 (default)
2019-09-25 05:52:34,636 [74c214a6-2081-4cec-a66f-57ef14a49025@group-70B4393DD80B:LeaderElection55] INFO  server.RaftServerConfigKeys (ConfUtils.java:logGet(43)) - raft.server.write.element-limit = 4096 (default)
2019-09-25 05:52:34,636 [b2f71498-95f8-4afb-8bb6-1273d3661002@group-8FD21F2EE8AB:LeaderElection56] INFO  server.RaftServerConfigKeys (ConfUtils.java:logGet(43)) - raft.server.watch.timeout = 10s (default)
2019-09-25 05:52:34,636 [74c214a6-2081-4cec-a66f-57ef14a49025@group-70B4393DD80B:LeaderElection55] INFO  server.RaftServerConfigKeys (ConfUtils.java:logGet(43)) - raft.server.watch.timeout = 10s (default)
2019-09-25 05:52:34,636 [b2f71498-95f8-4afb-8bb6-1273d3661002@group-8FD21F2EE8AB:LeaderElection56] INFO  server.RaftServerConfigKeys (ConfUtils.java:logGet(43)) - raft.server.watch.timeout.denomination = 1s (default)
2019-09-25 05:52:34,636 [74c214a6-2081-4cec-a66f-57ef14a49025@group-70B4393DD80B:LeaderElection55] INFO  server.RaftServerConfigKeys (ConfUtils.java:logGet(43)) - raft.server.watch.timeout.denomination = 1s (default)
2019-09-25 05:52:34,636 [b2f71498-95f8-4afb-8bb6-1273d3661002@group-8FD21F2EE8AB:LeaderElection56] INFO  server.RaftServerConfigKeys (ConfUtils.java:logGet(43)) - raft.server.watch.element-limit = 65536 (default)
2019-09-25 05:52:34,636 [74c214a6-2081-4cec-a66f-57ef14a49025@group-70B4393DD80B:LeaderElection55] INFO  server.RaftServerConfigKeys (ConfUtils.java:logGet(43)) - raft.server.watch.element-limit = 65536 (default)
2019-09-25 05:52:34,639 [b2f71498-95f8-4afb-8bb6-1273d3661002@group-8FD21F2EE8AB:LeaderElection56] INFO  impl.RoleInfo (RoleInfo.java:updateAndGet(143)) - b2f71498-95f8-4afb-8bb6-1273d3661002: start LeaderState
2019-09-25 05:52:34,639 [74c214a6-2081-4cec-a66f-57ef14a49025@group-70B4393DD80B:LeaderElection55] INFO  impl.RoleInfo (RoleInfo.java:updateAndGet(143)) - 74c214a6-2081-4cec-a66f-57ef14a49025: start LeaderState
2019-09-25 05:52:34,639 [b2f71498-95f8-4afb-8bb6-1273d3661002@group-8FD21F2EE8AB:LeaderElection56] INFO  segmented.SegmentedRaftLogWorker (SegmentedRaftLogWorker.java:startLogSegment(380)) - b2f71498-95f8-4afb-8bb6-1273d3661002@group-8FD21F2EE8AB-SegmentedRaftLogWorker: Starting segment from index:0
2019-09-25 05:52:34,639 [74c214a6-2081-4cec-a66f-57ef14a49025@group-70B4393DD80B:LeaderElection55] INFO  segmented.SegmentedRaftLogWorker (SegmentedRaftLogWorker.java:startLogSegment(380)) - 74c214a6-2081-4cec-a66f-57ef14a49025@group-70B4393DD80B-SegmentedRaftLogWorker: Starting segment from index:0
2019-09-25 05:52:34,640 [b2f71498-95f8-4afb-8bb6-1273d3661002@group-8FD21F2EE8AB:LeaderElection56] INFO  impl.RaftServerImpl (ServerState.java:setRaftConf(354)) - b2f71498-95f8-4afb-8bb6-1273d3661002@group-8FD21F2EE8AB: set configuration 0: [b2f71498-95f8-4afb-8bb6-1273d3661002:192.168.5.161:35389], old=null at 0
2019-09-25 05:52:34,640 [74c214a6-2081-4cec-a66f-57ef14a49025@group-70B4393DD80B:LeaderElection55] INFO  impl.RaftServerImpl (ServerState.java:setRaftConf(354)) - 74c214a6-2081-4cec-a66f-57ef14a49025@group-70B4393DD80B: set configuration 0: [74c214a6-2081-4cec-a66f-57ef14a49025:192.168.5.161:40722], old=null at 0
2019-09-25 05:52:34,657 [Thread-1005] INFO  impl.FollowerState (FollowerState.java:run(106)) - 74c214a6-2081-4cec-a66f-57ef14a49025:group-B5A2611F102D changes to CANDIDATE, lastRpcTime:5001, electionTimeout:5001ms
2019-09-25 05:52:34,658 [Thread-1005] INFO  impl.RoleInfo (RoleInfo.java:shutdownFollowerState(121)) - 74c214a6-2081-4cec-a66f-57ef14a49025: shutdown FollowerState
2019-09-25 05:52:34,658 [Thread-1005] INFO  impl.RaftServerImpl (RaftServerImpl.java:setRole(174)) - 74c214a6-2081-4cec-a66f-57ef14a49025@group-B5A2611F102D: changes role from  FOLLOWER to CANDIDATE at term 0 for changeToCandidate
2019-09-25 05:52:34,658 [Thread-1005] INFO  impl.RoleInfo (RoleInfo.java:updateAndGet(143)) - 74c214a6-2081-4cec-a66f-57ef14a49025: start LeaderElection
2019-09-25 05:52:34,698 [Thread-999] INFO  impl.FollowerState (FollowerState.java:run(106)) - 74c214a6-2081-4cec-a66f-57ef14a49025:group-48C2A8AA92BA changes to CANDIDATE, lastRpcTime:5120, electionTimeout:5120ms
2019-09-25 05:52:34,698 [Thread-999] INFO  impl.RoleInfo (RoleInfo.java:shutdownFollowerState(121)) - 74c214a6-2081-4cec-a66f-57ef14a49025: shutdown FollowerState
2019-09-25 05:52:34,698 [Thread-999] INFO  impl.RaftServerImpl (RaftServerImpl.java:setRole(174)) - 74c214a6-2081-4cec-a66f-57ef14a49025@group-48C2A8AA92BA: changes role from  FOLLOWER to CANDIDATE at term 0 for changeToCandidate
2019-09-25 05:52:34,698 [Thread-999] INFO  impl.RoleInfo (RoleInfo.java:updateAndGet(143)) - 74c214a6-2081-4cec-a66f-57ef14a49025: start LeaderElection
2019-09-25 05:52:34,703 [74c214a6-2081-4cec-a66f-57ef14a49025@group-70B4393DD80B-SegmentedRaftLogWorker] INFO  segmented.SegmentedRaftLogWorker (SegmentedRaftLogWorker.java:execute(569)) - 74c214a6-2081-4cec-a66f-57ef14a49025@group-70B4393DD80B-SegmentedRaftLogWorker: created new log segment /workdir/hadoop-ozone/ozonefs/target/test-dir/MiniOzoneClusterImpl-ffa13d7c-c890-4caf-bec8-d19cbd1e24dd/datanode-1/data/ratis/79298554-ddb2-4f26-8c00-70b4393dd80b/current/log_inprogress_0
2019-09-25 05:52:34,703 [74c214a6-2081-4cec-a66f-57ef14a49025@group-B5A2611F102D:LeaderElection57] INFO  impl.LeaderElection (LeaderElection.java:askForVotes(182)) - 74c214a6-2081-4cec-a66f-57ef14a49025@group-B5A2611F102D:LeaderElection57: begin an election at term 1 for -1: [74c214a6-2081-4cec-a66f-57ef14a49025:192.168.5.161:40722], old=null
2019-09-25 05:52:34,703 [b2f71498-95f8-4afb-8bb6-1273d3661002@group-8FD21F2EE8AB-SegmentedRaftLogWorker] INFO  segmented.SegmentedRaftLogWorker (SegmentedRaftLogWorker.java:execute(569)) - b2f71498-95f8-4afb-8bb6-1273d3661002@group-8FD21F2EE8AB-SegmentedRaftLogWorker: created new log segment /workdir/hadoop-ozone/ozonefs/target/test-dir/MiniOzoneClusterImpl-ffa13d7c-c890-4caf-bec8-d19cbd1e24dd/datanode-2/data/ratis/3e5af95c-c5f3-4bfa-9b1f-8fd21f2ee8ab/current/log_inprogress_0
2019-09-25 05:52:34,704 [74c214a6-2081-4cec-a66f-57ef14a49025@group-B5A2611F102D:LeaderElection57] INFO  impl.RoleInfo (RoleInfo.java:shutdownLeaderElection(134)) - 74c214a6-2081-4cec-a66f-57ef14a49025: shutdown LeaderElection
2019-09-25 05:52:34,704 [74c214a6-2081-4cec-a66f-57ef14a49025@group-B5A2611F102D:LeaderElection57] INFO  impl.RaftServerImpl (RaftServerImpl.java:setRole(174)) - 74c214a6-2081-4cec-a66f-57ef14a49025@group-B5A2611F102D: changes role from CANDIDATE to LEADER at term 1 for changeToLeader
2019-09-25 05:52:34,704 [74c214a6-2081-4cec-a66f-57ef14a49025@group-B5A2611F102D:LeaderElection57] INFO  impl.RaftServerImpl (ServerState.java:setLeader(253)) - 74c214a6-2081-4cec-a66f-57ef14a49025@group-B5A2611F102D: change Leader from null to 74c214a6-2081-4cec-a66f-57ef14a49025 at term 1 for becomeLeader, leader elected after 5053ms
2019-09-25 05:52:34,704 [74c214a6-2081-4cec-a66f-57ef14a49025@group-B5A2611F102D:LeaderElection57] INFO  server.RaftServerConfigKeys (ConfUtils.java:logGet(43)) - raft.server.staging.catchup.gap = 1000 (default)
2019-09-25 05:52:34,704 [74c214a6-2081-4cec-a66f-57ef14a49025@group-B5A2611F102D:LeaderElection57] INFO  server.RaftServerConfigKeys (ConfUtils.java:logGet(43)) - raft.server.rpc.sleep.time = 25ms (default)
2019-09-25 05:52:34,704 [74c214a6-2081-4cec-a66f-57ef14a49025@group-B5A2611F102D:LeaderElection57] INFO  server.RaftServerConfigKeys (ConfUtils.java:logGet(43)) - raft.server.write.element-limit = 4096 (default)
2019-09-25 05:52:34,705 [74c214a6-2081-4cec-a66f-57ef14a49025@group-B5A2611F102D:LeaderElection57] INFO  server.RaftServerConfigKeys (ConfUtils.java:logGet(43)) - raft.server.watch.timeout = 10s (default)
2019-09-25 05:52:34,705 [74c214a6-2081-4cec-a66f-57ef14a49025@group-B5A2611F102D:LeaderElection57] INFO  server.RaftServerConfigKeys (ConfUtils.java:logGet(43)) - raft.server.watch.timeout.denomination = 1s (default)
2019-09-25 05:52:34,705 [74c214a6-2081-4cec-a66f-57ef14a49025@group-B5A2611F102D:LeaderElection57] INFO  server.RaftServerConfigKeys (ConfUtils.java:logGet(43)) - raft.server.watch.element-limit = 65536 (default)
2019-09-25 05:52:34,707 [74c214a6-2081-4cec-a66f-57ef14a49025@group-B5A2611F102D:LeaderElection57] INFO  impl.RoleInfo (RoleInfo.java:updateAndGet(143)) - 74c214a6-2081-4cec-a66f-57ef14a49025: start LeaderState
2019-09-25 05:52:34,707 [74c214a6-2081-4cec-a66f-57ef14a49025@group-B5A2611F102D:LeaderElection57] INFO  segmented.SegmentedRaftLogWorker (SegmentedRaftLogWorker.java:startLogSegment(380)) - 74c214a6-2081-4cec-a66f-57ef14a49025@group-B5A2611F102D-SegmentedRaftLogWorker: Starting segment from index:0
2019-09-25 05:52:34,708 [74c214a6-2081-4cec-a66f-57ef14a49025@group-B5A2611F102D:LeaderElection57] INFO  impl.RaftServerImpl (ServerState.java:setRaftConf(354)) - 74c214a6-2081-4cec-a66f-57ef14a49025@group-B5A2611F102D: set configuration 0: [74c214a6-2081-4cec-a66f-57ef14a49025:192.168.5.161:40722], old=null at 0
2019-09-25 05:52:34,718 [74c214a6-2081-4cec-a66f-57ef14a49025@group-48C2A8AA92BA:LeaderElection58] INFO  impl.LeaderElection (LeaderElection.java:askForVotes(182)) - 74c214a6-2081-4cec-a66f-57ef14a49025@group-48C2A8AA92BA:LeaderElection58: begin an election at term 1 for -1: [74c214a6-2081-4cec-a66f-57ef14a49025:192.168.5.161:40722], old=null
2019-09-25 05:52:34,718 [74c214a6-2081-4cec-a66f-57ef14a49025@group-48C2A8AA92BA:LeaderElection58] INFO  impl.RoleInfo (RoleInfo.java:shutdownLeaderElection(134)) - 74c214a6-2081-4cec-a66f-57ef14a49025: shutdown LeaderElection
2019-09-25 05:52:34,718 [74c214a6-2081-4cec-a66f-57ef14a49025@group-48C2A8AA92BA:LeaderElection58] INFO  impl.RaftServerImpl (RaftServerImpl.java:setRole(174)) - 74c214a6-2081-4cec-a66f-57ef14a49025@group-48C2A8AA92BA: changes role from CANDIDATE to LEADER at term 1 for changeToLeader
2019-09-25 05:52:34,718 [74c214a6-2081-4cec-a66f-57ef14a49025@group-48C2A8AA92BA:LeaderElection58] INFO  impl.RaftServerImpl (ServerState.java:setLeader(253)) - 74c214a6-2081-4cec-a66f-57ef14a49025@group-48C2A8AA92BA: change Leader from null to 74c214a6-2081-4cec-a66f-57ef14a49025 at term 1 for becomeLeader, leader elected after 5146ms
2019-09-25 05:52:34,718 [74c214a6-2081-4cec-a66f-57ef14a49025@group-48C2A8AA92BA:LeaderElection58] INFO  server.RaftServerConfigKeys (ConfUtils.java:logGet(43)) - raft.server.staging.catchup.gap = 1000 (default)
2019-09-25 05:52:34,719 [74c214a6-2081-4cec-a66f-57ef14a49025@group-48C2A8AA92BA:LeaderElection58] INFO  server.RaftServerConfigKeys (ConfUtils.java:logGet(43)) - raft.server.rpc.sleep.time = 25ms (default)
2019-09-25 05:52:34,719 [74c214a6-2081-4cec-a66f-57ef14a49025@group-48C2A8AA92BA:LeaderElection58] INFO  server.RaftServerConfigKeys (ConfUtils.java:logGet(43)) - raft.server.write.element-limit = 4096 (default)
2019-09-25 05:52:34,719 [74c214a6-2081-4cec-a66f-57ef14a49025@group-48C2A8AA92BA:LeaderElection58] INFO  server.RaftServerConfigKeys (ConfUtils.java:logGet(43)) - raft.server.watch.timeout = 10s (default)
2019-09-25 05:52:34,719 [74c214a6-2081-4cec-a66f-57ef14a49025@group-48C2A8AA92BA:LeaderElection58] INFO  server.RaftServerConfigKeys (ConfUtils.java:logGet(43)) - raft.server.watch.timeout.denomination = 1s (default)
2019-09-25 05:52:34,719 [74c214a6-2081-4cec-a66f-57ef14a49025@group-48C2A8AA92BA:LeaderElection58] INFO  server.RaftServerConfigKeys (ConfUtils.java:logGet(43)) - raft.server.watch.element-limit = 65536 (default)
2019-09-25 05:52:34,721 [74c214a6-2081-4cec-a66f-57ef14a49025@group-48C2A8AA92BA:LeaderElection58] INFO  impl.RoleInfo (RoleInfo.java:updateAndGet(143)) - 74c214a6-2081-4cec-a66f-57ef14a49025: start LeaderState
2019-09-25 05:52:34,721 [74c214a6-2081-4cec-a66f-57ef14a49025@group-48C2A8AA92BA:LeaderElection58] INFO  segmented.SegmentedRaftLogWorker (SegmentedRaftLogWorker.java:startLogSegment(380)) - 74c214a6-2081-4cec-a66f-57ef14a49025@group-48C2A8AA92BA-SegmentedRaftLogWorker: Starting segment from index:0
2019-09-25 05:52:34,722 [74c214a6-2081-4cec-a66f-57ef14a49025@group-48C2A8AA92BA:LeaderElection58] INFO  impl.RaftServerImpl (ServerState.java:setRaftConf(354)) - 74c214a6-2081-4cec-a66f-57ef14a49025@group-48C2A8AA92BA: set configuration 0: [74c214a6-2081-4cec-a66f-57ef14a49025:192.168.5.161:40722], old=null at 0
2019-09-25 05:52:34,748 [74c214a6-2081-4cec-a66f-57ef14a49025@group-B5A2611F102D-SegmentedRaftLogWorker] INFO  segmented.SegmentedRaftLogWorker (SegmentedRaftLogWorker.java:execute(569)) - 74c214a6-2081-4cec-a66f-57ef14a49025@group-B5A2611F102D-SegmentedRaftLogWorker: created new log segment /workdir/hadoop-ozone/ozonefs/target/test-dir/MiniOzoneClusterImpl-ffa13d7c-c890-4caf-bec8-d19cbd1e24dd/datanode-1/data/ratis/9b259831-74a6-483c-aeb0-b5a2611f102d/current/log_inprogress_0
2019-09-25 05:52:34,761 [74c214a6-2081-4cec-a66f-57ef14a49025@group-48C2A8AA92BA-SegmentedRaftLogWorker] INFO  segmented.SegmentedRaftLogWorker (SegmentedRaftLogWorker.java:execute(569)) - 74c214a6-2081-4cec-a66f-57ef14a49025@group-48C2A8AA92BA-SegmentedRaftLogWorker: created new log segment /workdir/hadoop-ozone/ozonefs/target/test-dir/MiniOzoneClusterImpl-ffa13d7c-c890-4caf-bec8-d19cbd1e24dd/datanode-1/data/ratis/a97dce69-3180-4fed-9a0a-48c2a8aa92ba/current/log_inprogress_0
2019-09-25 05:52:34,793 [Thread-1002] INFO  impl.FollowerState (FollowerState.java:run(106)) - b2f71498-95f8-4afb-8bb6-1273d3661002:group-62722A3171C6 changes to CANDIDATE, lastRpcTime:5180, electionTimeout:5180ms
2019-09-25 05:52:34,793 [Thread-1002] INFO  impl.RoleInfo (RoleInfo.java:shutdownFollowerState(121)) - b2f71498-95f8-4afb-8bb6-1273d3661002: shutdown FollowerState
2019-09-25 05:52:34,793 [Thread-1002] INFO  impl.RaftServerImpl (RaftServerImpl.java:setRole(174)) - b2f71498-95f8-4afb-8bb6-1273d3661002@group-62722A3171C6: changes role from  FOLLOWER to CANDIDATE at term 0 for changeToCandidate
2019-09-25 05:52:34,793 [Thread-1002] INFO  impl.RoleInfo (RoleInfo.java:updateAndGet(143)) - b2f71498-95f8-4afb-8bb6-1273d3661002: start LeaderElection
2019-09-25 05:52:34,809 [b2f71498-95f8-4afb-8bb6-1273d3661002@group-62722A3171C6:LeaderElection59] INFO  impl.LeaderElection (LeaderElection.java:askForVotes(182)) - b2f71498-95f8-4afb-8bb6-1273d3661002@group-62722A3171C6:LeaderElection59: begin an election at term 1 for -1: [b2f71498-95f8-4afb-8bb6-1273d3661002:192.168.5.161:35389], old=null
2019-09-25 05:52:34,810 [b2f71498-95f8-4afb-8bb6-1273d3661002@group-62722A3171C6:LeaderElection59] INFO  impl.RoleInfo (RoleInfo.java:shutdownLeaderElection(134)) - b2f71498-95f8-4afb-8bb6-1273d3661002: shutdown LeaderElection
2019-09-25 05:52:34,810 [b2f71498-95f8-4afb-8bb6-1273d3661002@group-62722A3171C6:LeaderElection59] INFO  impl.RaftServerImpl (RaftServerImpl.java:setRole(174)) - b2f71498-95f8-4afb-8bb6-1273d3661002@group-62722A3171C6: changes role from CANDIDATE to LEADER at term 1 for changeToLeader
2019-09-25 05:52:34,810 [b2f71498-95f8-4afb-8bb6-1273d3661002@group-62722A3171C6:LeaderElection59] INFO  impl.RaftServerImpl (ServerState.java:setLeader(253)) - b2f71498-95f8-4afb-8bb6-1273d3661002@group-62722A3171C6: change Leader from null to b2f71498-95f8-4afb-8bb6-1273d3661002 at term 1 for becomeLeader, leader elected after 5204ms
2019-09-25 05:52:34,810 [b2f71498-95f8-4afb-8bb6-1273d3661002@group-62722A3171C6:LeaderElection59] INFO  server.RaftServerConfigKeys (ConfUtils.java:logGet(43)) - raft.server.staging.catchup.gap = 1000 (default)
2019-09-25 05:52:34,810 [b2f71498-95f8-4afb-8bb6-1273d3661002@group-62722A3171C6:LeaderElection59] INFO  server.RaftServerConfigKeys (ConfUtils.java:logGet(43)) - raft.server.rpc.sleep.time = 25ms (default)
2019-09-25 05:52:34,810 [b2f71498-95f8-4afb-8bb6-1273d3661002@group-62722A3171C6:LeaderElection59] INFO  server.RaftServerConfigKeys (ConfUtils.java:logGet(43)) - raft.server.write.element-limit = 4096 (default)
2019-09-25 05:52:34,811 [b2f71498-95f8-4afb-8bb6-1273d3661002@group-62722A3171C6:LeaderElection59] INFO  server.RaftServerConfigKeys (ConfUtils.java:logGet(43)) - raft.server.watch.timeout = 10s (default)
2019-09-25 05:52:34,811 [b2f71498-95f8-4afb-8bb6-1273d3661002@group-62722A3171C6:LeaderElection59] INFO  server.RaftServerConfigKeys (ConfUtils.java:logGet(43)) - raft.server.watch.timeout.denomination = 1s (default)
2019-09-25 05:52:34,811 [b2f71498-95f8-4afb-8bb6-1273d3661002@group-62722A3171C6:LeaderElection59] INFO  server.RaftServerConfigKeys (ConfUtils.java:logGet(43)) - raft.server.watch.element-limit = 65536 (default)
2019-09-25 05:52:34,813 [b2f71498-95f8-4afb-8bb6-1273d3661002@group-62722A3171C6:LeaderElection59] INFO  impl.RoleInfo (RoleInfo.java:updateAndGet(143)) - b2f71498-95f8-4afb-8bb6-1273d3661002: start LeaderState
2019-09-25 05:52:34,813 [b2f71498-95f8-4afb-8bb6-1273d3661002@group-62722A3171C6:LeaderElection59] INFO  segmented.SegmentedRaftLogWorker (SegmentedRaftLogWorker.java:startLogSegment(380)) - b2f71498-95f8-4afb-8bb6-1273d3661002@group-62722A3171C6-SegmentedRaftLogWorker: Starting segment from index:0
2019-09-25 05:52:34,814 [b2f71498-95f8-4afb-8bb6-1273d3661002@group-62722A3171C6:LeaderElection59] INFO  impl.RaftServerImpl (ServerState.java:setRaftConf(354)) - b2f71498-95f8-4afb-8bb6-1273d3661002@group-62722A3171C6: set configuration 0: [b2f71498-95f8-4afb-8bb6-1273d3661002:192.168.5.161:35389], old=null at 0
2019-09-25 05:52:34,852 [Thread-1008] INFO  impl.FollowerState (FollowerState.java:run(106)) - b2f71498-95f8-4afb-8bb6-1273d3661002:group-7A0944EEA5C1 changes to CANDIDATE, lastRpcTime:5140, electionTimeout:5140ms
2019-09-25 05:52:34,852 [Thread-1008] INFO  impl.RoleInfo (RoleInfo.java:shutdownFollowerState(121)) - b2f71498-95f8-4afb-8bb6-1273d3661002: shutdown FollowerState
2019-09-25 05:52:34,853 [Thread-1008] INFO  impl.RaftServerImpl (RaftServerImpl.java:setRole(174)) - b2f71498-95f8-4afb-8bb6-1273d3661002@group-7A0944EEA5C1: changes role from  FOLLOWER to CANDIDATE at term 0 for changeToCandidate
2019-09-25 05:52:34,853 [Thread-1008] INFO  impl.RoleInfo (RoleInfo.java:updateAndGet(143)) - b2f71498-95f8-4afb-8bb6-1273d3661002: start LeaderElection
2019-09-25 05:52:34,872 [b2f71498-95f8-4afb-8bb6-1273d3661002@group-62722A3171C6-SegmentedRaftLogWorker] INFO  segmented.SegmentedRaftLogWorker (SegmentedRaftLogWorker.java:execute(569)) - b2f71498-95f8-4afb-8bb6-1273d3661002@group-62722A3171C6-SegmentedRaftLogWorker: created new log segment /workdir/hadoop-ozone/ozonefs/target/test-dir/MiniOzoneClusterImpl-ffa13d7c-c890-4caf-bec8-d19cbd1e24dd/datanode-2/data/ratis/5deb82b5-5ca0-4ea1-9bcb-62722a3171c6/current/log_inprogress_0
2019-09-25 05:52:34,872 [b2f71498-95f8-4afb-8bb6-1273d3661002@group-7A0944EEA5C1:LeaderElection60] INFO  impl.LeaderElection (LeaderElection.java:askForVotes(182)) - b2f71498-95f8-4afb-8bb6-1273d3661002@group-7A0944EEA5C1:LeaderElection60: begin an election at term 1 for -1: [b2f71498-95f8-4afb-8bb6-1273d3661002:192.168.5.161:35389], old=null
2019-09-25 05:52:34,872 [b2f71498-95f8-4afb-8bb6-1273d3661002@group-7A0944EEA5C1:LeaderElection60] INFO  impl.RoleInfo (RoleInfo.java:shutdownLeaderElection(134)) - b2f71498-95f8-4afb-8bb6-1273d3661002: shutdown LeaderElection
2019-09-25 05:52:34,872 [b2f71498-95f8-4afb-8bb6-1273d3661002@group-7A0944EEA5C1:LeaderElection60] INFO  impl.RaftServerImpl (RaftServerImpl.java:setRole(174)) - b2f71498-95f8-4afb-8bb6-1273d3661002@group-7A0944EEA5C1: changes role from CANDIDATE to LEADER at term 1 for changeToLeader
2019-09-25 05:52:34,872 [b2f71498-95f8-4afb-8bb6-1273d3661002@group-7A0944EEA5C1:LeaderElection60] INFO  impl.RaftServerImpl (ServerState.java:setLeader(253)) - b2f71498-95f8-4afb-8bb6-1273d3661002@group-7A0944EEA5C1: change Leader from null to b2f71498-95f8-4afb-8bb6-1273d3661002 at term 1 for becomeLeader, leader elected after 5166ms
2019-09-25 05:52:34,872 [b2f71498-95f8-4afb-8bb6-1273d3661002@group-7A0944EEA5C1:LeaderElection60] INFO  server.RaftServerConfigKeys (ConfUtils.java:logGet(43)) - raft.server.staging.catchup.gap = 1000 (default)
2019-09-25 05:52:34,872 [b2f71498-95f8-4afb-8bb6-1273d3661002@group-7A0944EEA5C1:LeaderElection60] INFO  server.RaftServerConfigKeys (ConfUtils.java:logGet(43)) - raft.server.rpc.sleep.time = 25ms (default)
2019-09-25 05:52:34,873 [b2f71498-95f8-4afb-8bb6-1273d3661002@group-7A0944EEA5C1:LeaderElection60] INFO  server.RaftServerConfigKeys (ConfUtils.java:logGet(43)) - raft.server.write.element-limit = 4096 (default)
2019-09-25 05:52:34,873 [b2f71498-95f8-4afb-8bb6-1273d3661002@group-7A0944EEA5C1:LeaderElection60] INFO  server.RaftServerConfigKeys (ConfUtils.java:logGet(43)) - raft.server.watch.timeout = 10s (default)
2019-09-25 05:52:34,873 [b2f71498-95f8-4afb-8bb6-1273d3661002@group-7A0944EEA5C1:LeaderElection60] INFO  server.RaftServerConfigKeys (ConfUtils.java:logGet(43)) - raft.server.watch.timeout.denomination = 1s (default)
2019-09-25 05:52:34,873 [b2f71498-95f8-4afb-8bb6-1273d3661002@group-7A0944EEA5C1:LeaderElection60] INFO  server.RaftServerConfigKeys (ConfUtils.java:logGet(43)) - raft.server.watch.element-limit = 65536 (default)
2019-09-25 05:52:34,875 [b2f71498-95f8-4afb-8bb6-1273d3661002@group-7A0944EEA5C1:LeaderElection60] INFO  impl.RoleInfo (RoleInfo.java:updateAndGet(143)) - b2f71498-95f8-4afb-8bb6-1273d3661002: start LeaderState
2019-09-25 05:52:34,875 [b2f71498-95f8-4afb-8bb6-1273d3661002@group-7A0944EEA5C1:LeaderElection60] INFO  segmented.SegmentedRaftLogWorker (SegmentedRaftLogWorker.java:startLogSegment(380)) - b2f71498-95f8-4afb-8bb6-1273d3661002@group-7A0944EEA5C1-SegmentedRaftLogWorker: Starting segment from index:0
2019-09-25 05:52:34,875 [b2f71498-95f8-4afb-8bb6-1273d3661002@group-7A0944EEA5C1:LeaderElection60] INFO  impl.RaftServerImpl (ServerState.java:setRaftConf(354)) - b2f71498-95f8-4afb-8bb6-1273d3661002@group-7A0944EEA5C1: set configuration 0: [b2f71498-95f8-4afb-8bb6-1273d3661002:192.168.5.161:35389], old=null at 0
2019-09-25 05:52:34,937 [b2f71498-95f8-4afb-8bb6-1273d3661002@group-7A0944EEA5C1-SegmentedRaftLogWorker] INFO  segmented.SegmentedRaftLogWorker (SegmentedRaftLogWorker.java:execute(569)) - b2f71498-95f8-4afb-8bb6-1273d3661002@group-7A0944EEA5C1-SegmentedRaftLogWorker: created new log segment /workdir/hadoop-ozone/ozonefs/target/test-dir/MiniOzoneClusterImpl-ffa13d7c-c890-4caf-bec8-d19cbd1e24dd/datanode-2/data/ratis/745a0b7e-031e-4734-b7c2-7a0944eea5c1/current/log_inprogress_0
2019-09-25 05:52:34,958 [Thread-1011] INFO  impl.FollowerState (FollowerState.java:run(106)) - b2f71498-95f8-4afb-8bb6-1273d3661002:group-843A78269F41 changes to CANDIDATE, lastRpcTime:5190, electionTimeout:5190ms
2019-09-25 05:52:34,958 [Thread-1011] INFO  impl.RoleInfo (RoleInfo.java:shutdownFollowerState(121)) - b2f71498-95f8-4afb-8bb6-1273d3661002: shutdown FollowerState
2019-09-25 05:52:34,958 [Thread-1011] INFO  impl.RaftServerImpl (RaftServerImpl.java:setRole(174)) - b2f71498-95f8-4afb-8bb6-1273d3661002@group-843A78269F41: changes role from  FOLLOWER to CANDIDATE at term 0 for changeToCandidate
2019-09-25 05:52:34,959 [Thread-1011] INFO  impl.RoleInfo (RoleInfo.java:updateAndGet(143)) - b2f71498-95f8-4afb-8bb6-1273d3661002: start LeaderElection
2019-09-25 05:52:34,975 [b2f71498-95f8-4afb-8bb6-1273d3661002@group-843A78269F41:LeaderElection61] INFO  impl.LeaderElection (LeaderElection.java:askForVotes(182)) - b2f71498-95f8-4afb-8bb6-1273d3661002@group-843A78269F41:LeaderElection61: begin an election at term 1 for -1: [b2f71498-95f8-4afb-8bb6-1273d3661002:192.168.5.161:35389], old=null
2019-09-25 05:52:34,975 [b2f71498-95f8-4afb-8bb6-1273d3661002@group-843A78269F41:LeaderElection61] INFO  impl.RoleInfo (RoleInfo.java:shutdownLeaderElection(134)) - b2f71498-95f8-4afb-8bb6-1273d3661002: shutdown LeaderElection
2019-09-25 05:52:34,975 [b2f71498-95f8-4afb-8bb6-1273d3661002@group-843A78269F41:LeaderElection61] INFO  impl.RaftServerImpl (RaftServerImpl.java:setRole(174)) - b2f71498-95f8-4afb-8bb6-1273d3661002@group-843A78269F41: changes role from CANDIDATE to LEADER at term 1 for changeToLeader
2019-09-25 05:52:34,975 [b2f71498-95f8-4afb-8bb6-1273d3661002@group-843A78269F41:LeaderElection61] INFO  impl.RaftServerImpl (ServerState.java:setLeader(253)) - b2f71498-95f8-4afb-8bb6-1273d3661002@group-843A78269F41: change Leader from null to b2f71498-95f8-4afb-8bb6-1273d3661002 at term 1 for becomeLeader, leader elected after 5213ms
2019-09-25 05:52:34,975 [b2f71498-95f8-4afb-8bb6-1273d3661002@group-843A78269F41:LeaderElection61] INFO  server.RaftServerConfigKeys (ConfUtils.java:logGet(43)) - raft.server.staging.catchup.gap = 1000 (default)
2019-09-25 05:52:34,975 [b2f71498-95f8-4afb-8bb6-1273d3661002@group-843A78269F41:LeaderElection61] INFO  server.RaftServerConfigKeys (ConfUtils.java:logGet(43)) - raft.server.rpc.sleep.time = 25ms (default)
2019-09-25 05:52:34,976 [b2f71498-95f8-4afb-8bb6-1273d3661002@group-843A78269F41:LeaderElection61] INFO  server.RaftServerConfigKeys (ConfUtils.java:logGet(43)) - raft.server.write.element-limit = 4096 (default)
2019-09-25 05:52:34,976 [b2f71498-95f8-4afb-8bb6-1273d3661002@group-843A78269F41:LeaderElection61] INFO  server.RaftServerConfigKeys (ConfUtils.java:logGet(43)) - raft.server.watch.timeout = 10s (default)
2019-09-25 05:52:34,976 [b2f71498-95f8-4afb-8bb6-1273d3661002@group-843A78269F41:LeaderElection61] INFO  server.RaftServerConfigKeys (ConfUtils.java:logGet(43)) - raft.server.watch.timeout.denomination = 1s (default)
2019-09-25 05:52:34,976 [b2f71498-95f8-4afb-8bb6-1273d3661002@group-843A78269F41:LeaderElection61] INFO  server.RaftServerConfigKeys (ConfUtils.java:logGet(43)) - raft.server.watch.element-limit = 65536 (default)
2019-09-25 05:52:34,978 [b2f71498-95f8-4afb-8bb6-1273d3661002@group-843A78269F41:LeaderElection61] INFO  impl.RoleInfo (RoleInfo.java:updateAndGet(143)) - b2f71498-95f8-4afb-8bb6-1273d3661002: start LeaderState
2019-09-25 05:52:34,978 [b2f71498-95f8-4afb-8bb6-1273d3661002@group-843A78269F41:LeaderElection61] INFO  segmented.SegmentedRaftLogWorker (SegmentedRaftLogWorker.java:startLogSegment(380)) - b2f71498-95f8-4afb-8bb6-1273d3661002@group-843A78269F41-SegmentedRaftLogWorker: Starting segment from index:0
2019-09-25 05:52:34,978 [b2f71498-95f8-4afb-8bb6-1273d3661002@group-843A78269F41:LeaderElection61] INFO  impl.RaftServerImpl (ServerState.java:setRaftConf(354)) - b2f71498-95f8-4afb-8bb6-1273d3661002@group-843A78269F41: set configuration 0: [b2f71498-95f8-4afb-8bb6-1273d3661002:192.168.5.161:35389], old=null at 0
2019-09-25 05:52:34,982 [Thread-1017] INFO  impl.FollowerState (FollowerState.java:run(106)) - b2f71498-95f8-4afb-8bb6-1273d3661002:group-934F9091F501 changes to CANDIDATE, lastRpcTime:5125, electionTimeout:5125ms
2019-09-25 05:52:34,982 [Thread-1017] INFO  impl.RoleInfo (RoleInfo.java:shutdownFollowerState(121)) - b2f71498-95f8-4afb-8bb6-1273d3661002: shutdown FollowerState
2019-09-25 05:52:34,982 [Thread-1017] INFO  impl.RaftServerImpl (RaftServerImpl.java:setRole(174)) - b2f71498-95f8-4afb-8bb6-1273d3661002@group-934F9091F501: changes role from  FOLLOWER to CANDIDATE at term 0 for changeToCandidate
2019-09-25 05:52:34,983 [Thread-1017] INFO  impl.RoleInfo (RoleInfo.java:updateAndGet(143)) - b2f71498-95f8-4afb-8bb6-1273d3661002: start LeaderElection
2019-09-25 05:52:35,017 [Thread-1014] INFO  impl.FollowerState (FollowerState.java:run(106)) - b2f71498-95f8-4afb-8bb6-1273d3661002:group-34EBF9B2E890 changes to CANDIDATE, lastRpcTime:5204, electionTimeout:5186ms
2019-09-25 05:52:35,017 [Thread-1014] INFO  impl.RoleInfo (RoleInfo.java:shutdownFollowerState(121)) - b2f71498-95f8-4afb-8bb6-1273d3661002: shutdown FollowerState
2019-09-25 05:52:35,017 [Thread-1014] INFO  impl.RaftServerImpl (RaftServerImpl.java:setRole(174)) - b2f71498-95f8-4afb-8bb6-1273d3661002@group-34EBF9B2E890: changes role from  FOLLOWER to CANDIDATE at term 0 for changeToCandidate
2019-09-25 05:52:35,017 [Thread-1014] INFO  impl.RoleInfo (RoleInfo.java:updateAndGet(143)) - b2f71498-95f8-4afb-8bb6-1273d3661002: start LeaderElection
2019-09-25 05:52:35,029 [b2f71498-95f8-4afb-8bb6-1273d3661002@group-843A78269F41-SegmentedRaftLogWorker] INFO  segmented.SegmentedRaftLogWorker (SegmentedRaftLogWorker.java:execute(569)) - b2f71498-95f8-4afb-8bb6-1273d3661002@group-843A78269F41-SegmentedRaftLogWorker: created new log segment /workdir/hadoop-ozone/ozonefs/target/test-dir/MiniOzoneClusterImpl-ffa13d7c-c890-4caf-bec8-d19cbd1e24dd/datanode-2/data/ratis/06f3a5b5-e307-4f26-802b-843a78269f41/current/log_inprogress_0
2019-09-25 05:52:35,029 [b2f71498-95f8-4afb-8bb6-1273d3661002@group-34EBF9B2E890:LeaderElection63] INFO  impl.LeaderElection (LeaderElection.java:askForVotes(182)) - b2f71498-95f8-4afb-8bb6-1273d3661002@group-34EBF9B2E890:LeaderElection63: begin an election at term 1 for -1: [b2f71498-95f8-4afb-8bb6-1273d3661002:192.168.5.161:35389], old=null
2019-09-25 05:52:35,029 [b2f71498-95f8-4afb-8bb6-1273d3661002@group-934F9091F501:LeaderElection62] INFO  impl.LeaderElection (LeaderElection.java:askForVotes(182)) - b2f71498-95f8-4afb-8bb6-1273d3661002@group-934F9091F501:LeaderElection62: begin an election at term 1 for -1: [b2f71498-95f8-4afb-8bb6-1273d3661002:192.168.5.161:35389], old=null
2019-09-25 05:52:35,029 [b2f71498-95f8-4afb-8bb6-1273d3661002@group-34EBF9B2E890:LeaderElection63] INFO  impl.RoleInfo (RoleInfo.java:shutdownLeaderElection(134)) - b2f71498-95f8-4afb-8bb6-1273d3661002: shutdown LeaderElection
2019-09-25 05:52:35,030 [b2f71498-95f8-4afb-8bb6-1273d3661002@group-934F9091F501:LeaderElection62] INFO  impl.RoleInfo (RoleInfo.java:shutdownLeaderElection(134)) - b2f71498-95f8-4afb-8bb6-1273d3661002: shutdown LeaderElection
2019-09-25 05:52:35,030 [b2f71498-95f8-4afb-8bb6-1273d3661002@group-34EBF9B2E890:LeaderElection63] INFO  impl.RaftServerImpl (RaftServerImpl.java:setRole(174)) - b2f71498-95f8-4afb-8bb6-1273d3661002@group-34EBF9B2E890: changes role from CANDIDATE to LEADER at term 1 for changeToLeader
2019-09-25 05:52:35,030 [b2f71498-95f8-4afb-8bb6-1273d3661002@group-934F9091F501:LeaderElection62] INFO  impl.RaftServerImpl (RaftServerImpl.java:setRole(174)) - b2f71498-95f8-4afb-8bb6-1273d3661002@group-934F9091F501: changes role from CANDIDATE to LEADER at term 1 for changeToLeader
2019-09-25 05:52:35,030 [b2f71498-95f8-4afb-8bb6-1273d3661002@group-34EBF9B2E890:LeaderElection63] INFO  impl.RaftServerImpl (ServerState.java:setLeader(253)) - b2f71498-95f8-4afb-8bb6-1273d3661002@group-34EBF9B2E890: change Leader from null to b2f71498-95f8-4afb-8bb6-1273d3661002 at term 1 for becomeLeader, leader elected after 5223ms
2019-09-25 05:52:35,030 [b2f71498-95f8-4afb-8bb6-1273d3661002@group-934F9091F501:LeaderElection62] INFO  impl.RaftServerImpl (ServerState.java:setLeader(253)) - b2f71498-95f8-4afb-8bb6-1273d3661002@group-934F9091F501: change Leader from null to b2f71498-95f8-4afb-8bb6-1273d3661002 at term 1 for becomeLeader, leader elected after 5179ms
2019-09-25 05:52:35,030 [b2f71498-95f8-4afb-8bb6-1273d3661002@group-34EBF9B2E890:LeaderElection63] INFO  server.RaftServerConfigKeys (ConfUtils.java:logGet(43)) - raft.server.staging.catchup.gap = 1000 (default)
2019-09-25 05:52:35,031 [b2f71498-95f8-4afb-8bb6-1273d3661002@group-934F9091F501:LeaderElection62] INFO  server.RaftServerConfigKeys (ConfUtils.java:logGet(43)) - raft.server.staging.catchup.gap = 1000 (default)
2019-09-25 05:52:35,031 [b2f71498-95f8-4afb-8bb6-1273d3661002@group-34EBF9B2E890:LeaderElection63] INFO  server.RaftServerConfigKeys (ConfUtils.java:logGet(43)) - raft.server.rpc.sleep.time = 25ms (default)
2019-09-25 05:52:35,031 [b2f71498-95f8-4afb-8bb6-1273d3661002@group-934F9091F501:LeaderElection62] INFO  server.RaftServerConfigKeys (ConfUtils.java:logGet(43)) - raft.server.rpc.sleep.time = 25ms (default)
2019-09-25 05:52:35,031 [b2f71498-95f8-4afb-8bb6-1273d3661002@group-34EBF9B2E890:LeaderElection63] INFO  server.RaftServerConfigKeys (ConfUtils.java:logGet(43)) - raft.server.write.element-limit = 4096 (default)
2019-09-25 05:52:35,031 [b2f71498-95f8-4afb-8bb6-1273d3661002@group-934F9091F501:LeaderElection62] INFO  server.RaftServerConfigKeys (ConfUtils.java:logGet(43)) - raft.server.write.element-limit = 4096 (default)
2019-09-25 05:52:35,031 [b2f71498-95f8-4afb-8bb6-1273d3661002@group-34EBF9B2E890:LeaderElection63] INFO  server.RaftServerConfigKeys (ConfUtils.java:logGet(43)) - raft.server.watch.timeout = 10s (default)
2019-09-25 05:52:35,032 [b2f71498-95f8-4afb-8bb6-1273d3661002@group-934F9091F501:LeaderElection62] INFO  server.RaftServerConfigKeys (ConfUtils.java:logGet(43)) - raft.server.watch.timeout = 10s (default)
2019-09-25 05:52:35,032 [b2f71498-95f8-4afb-8bb6-1273d3661002@group-34EBF9B2E890:LeaderElection63] INFO  server.RaftServerConfigKeys (ConfUtils.java:logGet(43)) - raft.server.watch.timeout.denomination = 1s (default)
2019-09-25 05:52:35,032 [b2f71498-95f8-4afb-8bb6-1273d3661002@group-934F9091F501:LeaderElection62] INFO  server.RaftServerConfigKeys (ConfUtils.java:logGet(43)) - raft.server.watch.timeout.denomination = 1s (default)
2019-09-25 05:52:35,032 [b2f71498-95f8-4afb-8bb6-1273d3661002@group-34EBF9B2E890:LeaderElection63] INFO  server.RaftServerConfigKeys (ConfUtils.java:logGet(43)) - raft.server.watch.element-limit = 65536 (default)
2019-09-25 05:52:35,032 [b2f71498-95f8-4afb-8bb6-1273d3661002@group-934F9091F501:LeaderElection62] INFO  server.RaftServerConfigKeys (ConfUtils.java:logGet(43)) - raft.server.watch.element-limit = 65536 (default)
2019-09-25 05:52:35,036 [b2f71498-95f8-4afb-8bb6-1273d3661002@group-34EBF9B2E890:LeaderElection63] INFO  impl.RoleInfo (RoleInfo.java:updateAndGet(143)) - b2f71498-95f8-4afb-8bb6-1273d3661002: start LeaderState
2019-09-25 05:52:35,037 [b2f71498-95f8-4afb-8bb6-1273d3661002@group-34EBF9B2E890:LeaderElection63] INFO  segmented.SegmentedRaftLogWorker (SegmentedRaftLogWorker.java:startLogSegment(380)) - b2f71498-95f8-4afb-8bb6-1273d3661002@group-34EBF9B2E890-SegmentedRaftLogWorker: Starting segment from index:0
2019-09-25 05:52:35,037 [b2f71498-95f8-4afb-8bb6-1273d3661002@group-934F9091F501:LeaderElection62] INFO  impl.RoleInfo (RoleInfo.java:updateAndGet(143)) - b2f71498-95f8-4afb-8bb6-1273d3661002: start LeaderState
2019-09-25 05:52:35,037 [b2f71498-95f8-4afb-8bb6-1273d3661002@group-934F9091F501:LeaderElection62] INFO  segmented.SegmentedRaftLogWorker (SegmentedRaftLogWorker.java:startLogSegment(380)) - b2f71498-95f8-4afb-8bb6-1273d3661002@group-934F9091F501-SegmentedRaftLogWorker: Starting segment from index:0
2019-09-25 05:52:35,037 [b2f71498-95f8-4afb-8bb6-1273d3661002@group-34EBF9B2E890:LeaderElection63] INFO  impl.RaftServerImpl (ServerState.java:setRaftConf(354)) - b2f71498-95f8-4afb-8bb6-1273d3661002@group-34EBF9B2E890: set configuration 0: [b2f71498-95f8-4afb-8bb6-1273d3661002:192.168.5.161:35389], old=null at 0
2019-09-25 05:52:35,038 [b2f71498-95f8-4afb-8bb6-1273d3661002@group-934F9091F501:LeaderElection62] INFO  impl.RaftServerImpl (ServerState.java:setRaftConf(354)) - b2f71498-95f8-4afb-8bb6-1273d3661002@group-934F9091F501: set configuration 0: [b2f71498-95f8-4afb-8bb6-1273d3661002:192.168.5.161:35389], old=null at 0
2019-09-25 05:52:35,092 [b2f71498-95f8-4afb-8bb6-1273d3661002@group-34EBF9B2E890-SegmentedRaftLogWorker] INFO  segmented.SegmentedRaftLogWorker (SegmentedRaftLogWorker.java:execute(569)) - b2f71498-95f8-4afb-8bb6-1273d3661002@group-34EBF9B2E890-SegmentedRaftLogWorker: created new log segment /workdir/hadoop-ozone/ozonefs/target/test-dir/MiniOzoneClusterImpl-ffa13d7c-c890-4caf-bec8-d19cbd1e24dd/datanode-2/data/ratis/15c5b00c-37c3-4145-bab1-34ebf9b2e890/current/log_inprogress_0
2019-09-25 05:52:35,092 [b2f71498-95f8-4afb-8bb6-1273d3661002@group-934F9091F501-SegmentedRaftLogWorker] INFO  segmented.SegmentedRaftLogWorker (SegmentedRaftLogWorker.java:execute(569)) - b2f71498-95f8-4afb-8bb6-1273d3661002@group-934F9091F501-SegmentedRaftLogWorker: created new log segment /workdir/hadoop-ozone/ozonefs/target/test-dir/MiniOzoneClusterImpl-ffa13d7c-c890-4caf-bec8-d19cbd1e24dd/datanode-2/data/ratis/2ed8b0ff-dd1b-4e1c-a70d-934f9091f501/current/log_inprogress_0
2019-09-25 05:52:35,335 [Thread-792] INFO  ozoneimpl.OzoneContainer (OzoneContainer.java:stop(231)) - Attempting to stop container services.
2019-09-25 05:52:35,335 [ForkJoinPool.commonPool-worker-0] INFO  ozoneimpl.OzoneContainer (OzoneContainer.java:stop(231)) - Attempting to stop container services.
2019-09-25 05:52:35,335 [Thread-792] INFO  impl.RaftServerProxy (RaftServerProxy.java:lambda$close$4(314)) - 74c214a6-2081-4cec-a66f-57ef14a49025: close
2019-09-25 05:52:35,336 [ForkJoinPool.commonPool-worker-0] INFO  impl.RaftServerProxy (RaftServerProxy.java:lambda$close$4(314)) - 5351ca64-bccb-4dbc-81f3-88c448fa08ca: close
2019-09-25 05:52:35,336 [Thread-792] INFO  impl.RaftServerImpl (RaftServerImpl.java:lambda$shutdown$3(251)) - 74c214a6-2081-4cec-a66f-57ef14a49025@group-D160EDFAB5E9: shutdown
2019-09-25 05:52:35,336 [ForkJoinPool.commonPool-worker-0] INFO  impl.RaftServerImpl (RaftServerImpl.java:lambda$shutdown$3(251)) - 5351ca64-bccb-4dbc-81f3-88c448fa08ca@group-9FA4CE1948BA: shutdown
2019-09-25 05:52:35,336 [Thread-792] INFO  util.JmxRegister (JmxRegister.java:unregister(73)) - Successfully un-registered JMX Bean with object name Ratis:service=RaftServer,group=group-D160EDFAB5E9,id=74c214a6-2081-4cec-a66f-57ef14a49025
2019-09-25 05:52:35,337 [ForkJoinPool.commonPool-worker-0] INFO  util.JmxRegister (JmxRegister.java:unregister(73)) - Successfully un-registered JMX Bean with object name Ratis:service=RaftServer,group=group-9FA4CE1948BA,id=5351ca64-bccb-4dbc-81f3-88c448fa08ca
2019-09-25 05:52:35,337 [Thread-792] INFO  impl.RoleInfo (RoleInfo.java:shutdownLeaderState(104)) - 74c214a6-2081-4cec-a66f-57ef14a49025: shutdown LeaderState
2019-09-25 05:52:35,337 [ForkJoinPool.commonPool-worker-0] INFO  impl.RoleInfo (RoleInfo.java:shutdownLeaderState(104)) - 5351ca64-bccb-4dbc-81f3-88c448fa08ca: shutdown LeaderState
2019-09-25 05:52:35,338 [Thread-792] INFO  impl.PendingRequests (PendingRequests.java:sendNotLeaderResponses(202)) - 74c214a6-2081-4cec-a66f-57ef14a49025-PendingRequests: sendNotLeaderResponses
2019-09-25 05:52:35,338 [ForkJoinPool.commonPool-worker-0] INFO  impl.PendingRequests (PendingRequests.java:sendNotLeaderResponses(202)) - 5351ca64-bccb-4dbc-81f3-88c448fa08ca-PendingRequests: sendNotLeaderResponses
2019-09-25 05:52:35,338 [Thread-792] INFO  impl.StateMachineUpdater (StateMachineUpdater.java:stopAndJoin(125)) - 74c214a6-2081-4cec-a66f-57ef14a49025@group-D160EDFAB5E9-StateMachineUpdater: set stopIndex = 0
2019-09-25 05:52:35,339 [ForkJoinPool.commonPool-worker-0] INFO  impl.StateMachineUpdater (StateMachineUpdater.java:stopAndJoin(125)) - 5351ca64-bccb-4dbc-81f3-88c448fa08ca@group-9FA4CE1948BA-StateMachineUpdater: set stopIndex = 0
2019-09-25 05:52:35,339 [Thread-792] INFO  impl.RaftServerImpl (ServerState.java:close(385)) - 74c214a6-2081-4cec-a66f-57ef14a49025@group-D160EDFAB5E9: closes. applyIndex: 0
2019-09-25 05:52:35,339 [ForkJoinPool.commonPool-worker-0] INFO  impl.RaftServerImpl (ServerState.java:close(385)) - 5351ca64-bccb-4dbc-81f3-88c448fa08ca@group-9FA4CE1948BA: closes. applyIndex: 0
2019-09-25 05:52:35,340 [74c214a6-2081-4cec-a66f-57ef14a49025@group-D160EDFAB5E9-SegmentedRaftLogWorker] INFO  segmented.SegmentedRaftLogWorker (SegmentedRaftLogWorker.java:run(313)) - 74c214a6-2081-4cec-a66f-57ef14a49025@group-D160EDFAB5E9-SegmentedRaftLogWorker was interrupted, exiting. There are 0 tasks remaining in the queue.
2019-09-25 05:52:35,340 [5351ca64-bccb-4dbc-81f3-88c448fa08ca@group-9FA4CE1948BA-SegmentedRaftLogWorker] INFO  segmented.SegmentedRaftLogWorker (SegmentedRaftLogWorker.java:run(313)) - 5351ca64-bccb-4dbc-81f3-88c448fa08ca@group-9FA4CE1948BA-SegmentedRaftLogWorker was interrupted, exiting. There are 0 tasks remaining in the queue.
2019-09-25 05:52:35,340 [Thread-792] INFO  segmented.SegmentedRaftLogWorker (SegmentedRaftLogWorker.java:close(228)) - 74c214a6-2081-4cec-a66f-57ef14a49025@group-D160EDFAB5E9-SegmentedRaftLogWorker close()
2019-09-25 05:52:35,340 [ForkJoinPool.commonPool-worker-0] INFO  segmented.SegmentedRaftLogWorker (SegmentedRaftLogWorker.java:close(228)) - 5351ca64-bccb-4dbc-81f3-88c448fa08ca@group-9FA4CE1948BA-SegmentedRaftLogWorker close()
2019-09-25 05:52:35,343 [Thread-792] INFO  impl.RaftServerImpl (RaftServerImpl.java:lambda$shutdown$3(251)) - 74c214a6-2081-4cec-a66f-57ef14a49025@group-5832ED48E3A0: shutdown
2019-09-25 05:52:35,345 [ForkJoinPool.commonPool-worker-0] INFO  impl.RaftServerImpl (RaftServerImpl.java:lambda$shutdown$3(251)) - 5351ca64-bccb-4dbc-81f3-88c448fa08ca@group-27B513239340: shutdown
2019-09-25 05:52:35,345 [Thread-792] INFO  util.JmxRegister (JmxRegister.java:unregister(73)) - Successfully un-registered JMX Bean with object name Ratis:service=RaftServer,group=group-5832ED48E3A0,id=74c214a6-2081-4cec-a66f-57ef14a49025
2019-09-25 05:52:35,346 [Thread-792] INFO  impl.RoleInfo (RoleInfo.java:shutdownLeaderState(104)) - 74c214a6-2081-4cec-a66f-57ef14a49025: shutdown LeaderState
2019-09-25 05:52:35,345 [ForkJoinPool.commonPool-worker-0] INFO  util.JmxRegister (JmxRegister.java:unregister(73)) - Successfully un-registered JMX Bean with object name Ratis:service=RaftServer,group=group-27B513239340,id=5351ca64-bccb-4dbc-81f3-88c448fa08ca
2019-09-25 05:52:35,346 [Thread-792] INFO  impl.PendingRequests (PendingRequests.java:sendNotLeaderResponses(202)) - 74c214a6-2081-4cec-a66f-57ef14a49025-PendingRequests: sendNotLeaderResponses
2019-09-25 05:52:35,346 [ForkJoinPool.commonPool-worker-0] INFO  impl.RoleInfo (RoleInfo.java:shutdownLeaderState(104)) - 5351ca64-bccb-4dbc-81f3-88c448fa08ca: shutdown LeaderState
2019-09-25 05:52:35,347 [Thread-792] INFO  impl.StateMachineUpdater (StateMachineUpdater.java:stopAndJoin(125)) - 74c214a6-2081-4cec-a66f-57ef14a49025@group-5832ED48E3A0-StateMachineUpdater: set stopIndex = 0
2019-09-25 05:52:35,347 [ForkJoinPool.commonPool-worker-0] INFO  impl.PendingRequests (PendingRequests.java:sendNotLeaderResponses(202)) - 5351ca64-bccb-4dbc-81f3-88c448fa08ca-PendingRequests: sendNotLeaderResponses
2019-09-25 05:52:35,347 [Thread-792] INFO  impl.RaftServerImpl (ServerState.java:close(385)) - 74c214a6-2081-4cec-a66f-57ef14a49025@group-5832ED48E3A0: closes. applyIndex: 0
2019-09-25 05:52:35,348 [ForkJoinPool.commonPool-worker-0] INFO  impl.StateMachineUpdater (StateMachineUpdater.java:stopAndJoin(125)) - 5351ca64-bccb-4dbc-81f3-88c448fa08ca@group-27B513239340-StateMachineUpdater: set stopIndex = 0
2019-09-25 05:52:35,348 [74c214a6-2081-4cec-a66f-57ef14a49025@group-5832ED48E3A0-SegmentedRaftLogWorker] INFO  segmented.SegmentedRaftLogWorker (SegmentedRaftLogWorker.java:run(313)) - 74c214a6-2081-4cec-a66f-57ef14a49025@group-5832ED48E3A0-SegmentedRaftLogWorker was interrupted, exiting. There are 0 tasks remaining in the queue.
2019-09-25 05:52:35,348 [ForkJoinPool.commonPool-worker-0] INFO  impl.RaftServerImpl (ServerState.java:close(385)) - 5351ca64-bccb-4dbc-81f3-88c448fa08ca@group-27B513239340: closes. applyIndex: 0
2019-09-25 05:52:35,348 [Thread-792] INFO  segmented.SegmentedRaftLogWorker (SegmentedRaftLogWorker.java:close(228)) - 74c214a6-2081-4cec-a66f-57ef14a49025@group-5832ED48E3A0-SegmentedRaftLogWorker close()
2019-09-25 05:52:35,349 [5351ca64-bccb-4dbc-81f3-88c448fa08ca@group-27B513239340-SegmentedRaftLogWorker] INFO  segmented.SegmentedRaftLogWorker (SegmentedRaftLogWorker.java:run(313)) - 5351ca64-bccb-4dbc-81f3-88c448fa08ca@group-27B513239340-SegmentedRaftLogWorker was interrupted, exiting. There are 0 tasks remaining in the queue.
2019-09-25 05:52:35,351 [Thread-792] INFO  impl.RaftServerImpl (RaftServerImpl.java:lambda$shutdown$3(251)) - 74c214a6-2081-4cec-a66f-57ef14a49025@group-48C2A8AA92BA: shutdown
2019-09-25 05:52:35,351 [ForkJoinPool.commonPool-worker-0] INFO  segmented.SegmentedRaftLogWorker (SegmentedRaftLogWorker.java:close(228)) - 5351ca64-bccb-4dbc-81f3-88c448fa08ca@group-27B513239340-SegmentedRaftLogWorker close()
2019-09-25 05:52:35,351 [Thread-792] INFO  util.JmxRegister (JmxRegister.java:unregister(73)) - Successfully un-registered JMX Bean with object name Ratis:service=RaftServer,group=group-48C2A8AA92BA,id=74c214a6-2081-4cec-a66f-57ef14a49025
2019-09-25 05:52:35,353 [Thread-792] INFO  impl.RoleInfo (RoleInfo.java:shutdownLeaderState(104)) - 74c214a6-2081-4cec-a66f-57ef14a49025: shutdown LeaderState
2019-09-25 05:52:35,353 [ForkJoinPool.commonPool-worker-0] INFO  impl.RaftServerImpl (RaftServerImpl.java:lambda$shutdown$3(251)) - 5351ca64-bccb-4dbc-81f3-88c448fa08ca@group-841578A4CE48: shutdown
2019-09-25 05:52:35,354 [Thread-792] INFO  impl.PendingRequests (PendingRequests.java:sendNotLeaderResponses(202)) - 74c214a6-2081-4cec-a66f-57ef14a49025-PendingRequests: sendNotLeaderResponses
2019-09-25 05:52:35,354 [ForkJoinPool.commonPool-worker-0] INFO  util.JmxRegister (JmxRegister.java:unregister(73)) - Successfully un-registered JMX Bean with object name Ratis:service=RaftServer,group=group-841578A4CE48,id=5351ca64-bccb-4dbc-81f3-88c448fa08ca
2019-09-25 05:52:35,354 [Thread-792] INFO  impl.StateMachineUpdater (StateMachineUpdater.java:stopAndJoin(125)) - 74c214a6-2081-4cec-a66f-57ef14a49025@group-48C2A8AA92BA-StateMachineUpdater: set stopIndex = 0
2019-09-25 05:52:35,354 [ForkJoinPool.commonPool-worker-0] INFO  impl.RoleInfo (RoleInfo.java:shutdownLeaderState(104)) - 5351ca64-bccb-4dbc-81f3-88c448fa08ca: shutdown LeaderState
2019-09-25 05:52:35,355 [Thread-792] INFO  impl.RaftServerImpl (ServerState.java:close(385)) - 74c214a6-2081-4cec-a66f-57ef14a49025@group-48C2A8AA92BA: closes. applyIndex: 0
2019-09-25 05:52:35,355 [ForkJoinPool.commonPool-worker-0] INFO  impl.PendingRequests (PendingRequests.java:sendNotLeaderResponses(202)) - 5351ca64-bccb-4dbc-81f3-88c448fa08ca-PendingRequests: sendNotLeaderResponses
2019-09-25 05:52:35,356 [74c214a6-2081-4cec-a66f-57ef14a49025@group-48C2A8AA92BA-SegmentedRaftLogWorker] INFO  segmented.SegmentedRaftLogWorker (SegmentedRaftLogWorker.java:run(313)) - 74c214a6-2081-4cec-a66f-57ef14a49025@group-48C2A8AA92BA-SegmentedRaftLogWorker was interrupted, exiting. There are 0 tasks remaining in the queue.
2019-09-25 05:52:35,356 [ForkJoinPool.commonPool-worker-0] INFO  impl.StateMachineUpdater (StateMachineUpdater.java:stopAndJoin(125)) - 5351ca64-bccb-4dbc-81f3-88c448fa08ca@group-841578A4CE48-StateMachineUpdater: set stopIndex = 0
2019-09-25 05:52:35,356 [Thread-792] INFO  segmented.SegmentedRaftLogWorker (SegmentedRaftLogWorker.java:close(228)) - 74c214a6-2081-4cec-a66f-57ef14a49025@group-48C2A8AA92BA-SegmentedRaftLogWorker close()
2019-09-25 05:52:35,356 [ForkJoinPool.commonPool-worker-0] INFO  impl.RaftServerImpl (ServerState.java:close(385)) - 5351ca64-bccb-4dbc-81f3-88c448fa08ca@group-841578A4CE48: closes. applyIndex: 0
2019-09-25 05:52:35,358 [Thread-792] INFO  impl.RaftServerImpl (RaftServerImpl.java:lambda$shutdown$3(251)) - 74c214a6-2081-4cec-a66f-57ef14a49025@group-1624362952CB: shutdown
2019-09-25 05:52:35,358 [5351ca64-bccb-4dbc-81f3-88c448fa08ca@group-841578A4CE48-SegmentedRaftLogWorker] INFO  segmented.SegmentedRaftLogWorker (SegmentedRaftLogWorker.java:run(313)) - 5351ca64-bccb-4dbc-81f3-88c448fa08ca@group-841578A4CE48-SegmentedRaftLogWorker was interrupted, exiting. There are 0 tasks remaining in the queue.
2019-09-25 05:52:35,359 [Thread-792] INFO  util.JmxRegister (JmxRegister.java:unregister(73)) - Successfully un-registered JMX Bean with object name Ratis:service=RaftServer,group=group-1624362952CB,id=74c214a6-2081-4cec-a66f-57ef14a49025
2019-09-25 05:52:35,359 [ForkJoinPool.commonPool-worker-0] INFO  segmented.SegmentedRaftLogWorker (SegmentedRaftLogWorker.java:close(228)) - 5351ca64-bccb-4dbc-81f3-88c448fa08ca@group-841578A4CE48-SegmentedRaftLogWorker close()
2019-09-25 05:52:35,359 [Thread-792] INFO  impl.RoleInfo (RoleInfo.java:shutdownLeaderState(104)) - 74c214a6-2081-4cec-a66f-57ef14a49025: shutdown LeaderState
2019-09-25 05:52:35,361 [ForkJoinPool.commonPool-worker-0] INFO  impl.RaftServerImpl (RaftServerImpl.java:lambda$shutdown$3(251)) - 5351ca64-bccb-4dbc-81f3-88c448fa08ca@group-5055CA6352A3: shutdown
2019-09-25 05:52:35,362 [Thread-792] INFO  impl.PendingRequests (PendingRequests.java:sendNotLeaderResponses(202)) - 74c214a6-2081-4cec-a66f-57ef14a49025-PendingRequests: sendNotLeaderResponses
2019-09-25 05:52:35,362 [ForkJoinPool.commonPool-worker-0] INFO  util.JmxRegister (JmxRegister.java:unregister(73)) - Successfully un-registered JMX Bean with object name Ratis:service=RaftServer,group=group-5055CA6352A3,id=5351ca64-bccb-4dbc-81f3-88c448fa08ca
2019-09-25 05:52:35,362 [ForkJoinPool.commonPool-worker-0] INFO  impl.RoleInfo (RoleInfo.java:shutdownLeaderState(104)) - 5351ca64-bccb-4dbc-81f3-88c448fa08ca: shutdown LeaderState
2019-09-25 05:52:35,362 [Thread-792] INFO  impl.StateMachineUpdater (StateMachineUpdater.java:stopAndJoin(125)) - 74c214a6-2081-4cec-a66f-57ef14a49025@group-1624362952CB-StateMachineUpdater: set stopIndex = 0
2019-09-25 05:52:35,363 [ForkJoinPool.commonPool-worker-0] INFO  impl.PendingRequests (PendingRequests.java:sendNotLeaderResponses(202)) - 5351ca64-bccb-4dbc-81f3-88c448fa08ca-PendingRequests: sendNotLeaderResponses
2019-09-25 05:52:35,363 [Thread-792] INFO  impl.RaftServerImpl (ServerState.java:close(385)) - 74c214a6-2081-4cec-a66f-57ef14a49025@group-1624362952CB: closes. applyIndex: 0
2019-09-25 05:52:35,363 [ForkJoinPool.commonPool-worker-0] INFO  impl.StateMachineUpdater (StateMachineUpdater.java:stopAndJoin(125)) - 5351ca64-bccb-4dbc-81f3-88c448fa08ca@group-5055CA6352A3-StateMachineUpdater: set stopIndex = 0
2019-09-25 05:52:35,364 [74c214a6-2081-4cec-a66f-57ef14a49025@group-1624362952CB-SegmentedRaftLogWorker] INFO  segmented.SegmentedRaftLogWorker (SegmentedRaftLogWorker.java:run(313)) - 74c214a6-2081-4cec-a66f-57ef14a49025@group-1624362952CB-SegmentedRaftLogWorker was interrupted, exiting. There are 0 tasks remaining in the queue.
2019-09-25 05:52:35,364 [ForkJoinPool.commonPool-worker-0] INFO  impl.RaftServerImpl (ServerState.java:close(385)) - 5351ca64-bccb-4dbc-81f3-88c448fa08ca@group-5055CA6352A3: closes. applyIndex: 0
2019-09-25 05:52:35,364 [Thread-792] INFO  segmented.SegmentedRaftLogWorker (SegmentedRaftLogWorker.java:close(228)) - 74c214a6-2081-4cec-a66f-57ef14a49025@group-1624362952CB-SegmentedRaftLogWorker close()
2019-09-25 05:52:35,364 [5351ca64-bccb-4dbc-81f3-88c448fa08ca@group-5055CA6352A3-SegmentedRaftLogWorker] INFO  segmented.SegmentedRaftLogWorker (SegmentedRaftLogWorker.java:run(313)) - 5351ca64-bccb-4dbc-81f3-88c448fa08ca@group-5055CA6352A3-SegmentedRaftLogWorker was interrupted, exiting. There are 0 tasks remaining in the queue.
2019-09-25 05:52:35,366 [Thread-792] INFO  impl.RaftServerImpl (RaftServerImpl.java:lambda$shutdown$3(251)) - 74c214a6-2081-4cec-a66f-57ef14a49025@group-70B4393DD80B: shutdown
2019-09-25 05:52:35,366 [ForkJoinPool.commonPool-worker-0] INFO  segmented.SegmentedRaftLogWorker (SegmentedRaftLogWorker.java:close(228)) - 5351ca64-bccb-4dbc-81f3-88c448fa08ca@group-5055CA6352A3-SegmentedRaftLogWorker close()
2019-09-25 05:52:35,367 [Thread-792] INFO  util.JmxRegister (JmxRegister.java:unregister(73)) - Successfully un-registered JMX Bean with object name Ratis:service=RaftServer,group=group-70B4393DD80B,id=74c214a6-2081-4cec-a66f-57ef14a49025
2019-09-25 05:52:35,369 [ForkJoinPool.commonPool-worker-0] INFO  impl.RaftServerImpl (RaftServerImpl.java:lambda$shutdown$3(251)) - 5351ca64-bccb-4dbc-81f3-88c448fa08ca@group-AB4ADA0568AD: shutdown
2019-09-25 05:52:35,369 [Thread-792] INFO  impl.RoleInfo (RoleInfo.java:shutdownLeaderState(104)) - 74c214a6-2081-4cec-a66f-57ef14a49025: shutdown LeaderState
2019-09-25 05:52:35,369 [ForkJoinPool.commonPool-worker-0] INFO  util.JmxRegister (JmxRegister.java:unregister(73)) - Successfully un-registered JMX Bean with object name Ratis:service=RaftServer,group=group-AB4ADA0568AD,id=5351ca64-bccb-4dbc-81f3-88c448fa08ca
2019-09-25 05:52:35,370 [Thread-792] INFO  impl.PendingRequests (PendingRequests.java:sendNotLeaderResponses(202)) - 74c214a6-2081-4cec-a66f-57ef14a49025-PendingRequests: sendNotLeaderResponses
2019-09-25 05:52:35,370 [ForkJoinPool.commonPool-worker-0] INFO  impl.RoleInfo (RoleInfo.java:shutdownLeaderState(104)) - 5351ca64-bccb-4dbc-81f3-88c448fa08ca: shutdown LeaderState
2019-09-25 05:52:35,370 [Thread-792] INFO  impl.StateMachineUpdater (StateMachineUpdater.java:stopAndJoin(125)) - 74c214a6-2081-4cec-a66f-57ef14a49025@group-70B4393DD80B-StateMachineUpdater: set stopIndex = 0
2019-09-25 05:52:35,370 [ForkJoinPool.commonPool-worker-0] INFO  impl.PendingRequests (PendingRequests.java:sendNotLeaderResponses(202)) - 5351ca64-bccb-4dbc-81f3-88c448fa08ca-PendingRequests: sendNotLeaderResponses
2019-09-25 05:52:35,371 [Thread-792] INFO  impl.RaftServerImpl (ServerState.java:close(385)) - 74c214a6-2081-4cec-a66f-57ef14a49025@group-70B4393DD80B: closes. applyIndex: 0
2019-09-25 05:52:35,371 [ForkJoinPool.commonPool-worker-0] INFO  impl.StateMachineUpdater (StateMachineUpdater.java:stopAndJoin(125)) - 5351ca64-bccb-4dbc-81f3-88c448fa08ca@group-AB4ADA0568AD-StateMachineUpdater: set stopIndex = 0
2019-09-25 05:52:35,371 [74c214a6-2081-4cec-a66f-57ef14a49025@group-70B4393DD80B-SegmentedRaftLogWorker] INFO  segmented.SegmentedRaftLogWorker (SegmentedRaftLogWorker.java:run(313)) - 74c214a6-2081-4cec-a66f-57ef14a49025@group-70B4393DD80B-SegmentedRaftLogWorker was interrupted, exiting. There are 0 tasks remaining in the queue.
2019-09-25 05:52:35,372 [ForkJoinPool.commonPool-worker-0] INFO  impl.RaftServerImpl (ServerState.java:close(385)) - 5351ca64-bccb-4dbc-81f3-88c448fa08ca@group-AB4ADA0568AD: closes. applyIndex: 0
2019-09-25 05:52:35,372 [Thread-792] INFO  segmented.SegmentedRaftLogWorker (SegmentedRaftLogWorker.java:close(228)) - 74c214a6-2081-4cec-a66f-57ef14a49025@group-70B4393DD80B-SegmentedRaftLogWorker close()
2019-09-25 05:52:35,372 [5351ca64-bccb-4dbc-81f3-88c448fa08ca@group-AB4ADA0568AD-SegmentedRaftLogWorker] INFO  segmented.SegmentedRaftLogWorker (SegmentedRaftLogWorker.java:run(313)) - 5351ca64-bccb-4dbc-81f3-88c448fa08ca@group-AB4ADA0568AD-SegmentedRaftLogWorker was interrupted, exiting. There are 0 tasks remaining in the queue.
2019-09-25 05:52:35,374 [Thread-792] INFO  impl.RaftServerImpl (RaftServerImpl.java:lambda$shutdown$3(251)) - 74c214a6-2081-4cec-a66f-57ef14a49025@group-B5A2611F102D: shutdown
2019-09-25 05:52:35,374 [ForkJoinPool.commonPool-worker-0] INFO  segmented.SegmentedRaftLogWorker (SegmentedRaftLogWorker.java:close(228)) - 5351ca64-bccb-4dbc-81f3-88c448fa08ca@group-AB4ADA0568AD-SegmentedRaftLogWorker close()
2019-09-25 05:52:35,374 [Thread-792] INFO  util.JmxRegister (JmxRegister.java:unregister(73)) - Successfully un-registered JMX Bean with object name Ratis:service=RaftServer,group=group-B5A2611F102D,id=74c214a6-2081-4cec-a66f-57ef14a49025
2019-09-25 05:52:35,376 [ForkJoinPool.commonPool-worker-0] INFO  impl.RaftServerImpl (RaftServerImpl.java:lambda$shutdown$3(251)) - 5351ca64-bccb-4dbc-81f3-88c448fa08ca@group-D60002431527: shutdown
2019-09-25 05:52:35,376 [Thread-792] INFO  impl.RoleInfo (RoleInfo.java:shutdownLeaderState(104)) - 74c214a6-2081-4cec-a66f-57ef14a49025: shutdown LeaderState
2019-09-25 05:52:35,377 [ForkJoinPool.commonPool-worker-0] INFO  util.JmxRegister (JmxRegister.java:unregister(73)) - Successfully un-registered JMX Bean with object name Ratis:service=RaftServer,group=group-D60002431527,id=5351ca64-bccb-4dbc-81f3-88c448fa08ca
2019-09-25 05:52:35,377 [Thread-792] INFO  impl.PendingRequests (PendingRequests.java:sendNotLeaderResponses(202)) - 74c214a6-2081-4cec-a66f-57ef14a49025-PendingRequests: sendNotLeaderResponses
2019-09-25 05:52:35,378 [ForkJoinPool.commonPool-worker-0] INFO  impl.RoleInfo (RoleInfo.java:shutdownLeaderState(104)) - 5351ca64-bccb-4dbc-81f3-88c448fa08ca: shutdown LeaderState
2019-09-25 05:52:35,378 [Thread-792] INFO  impl.StateMachineUpdater (StateMachineUpdater.java:stopAndJoin(125)) - 74c214a6-2081-4cec-a66f-57ef14a49025@group-B5A2611F102D-StateMachineUpdater: set stopIndex = 0
2019-09-25 05:52:35,378 [ForkJoinPool.commonPool-worker-0] INFO  impl.PendingRequests (PendingRequests.java:sendNotLeaderResponses(202)) - 5351ca64-bccb-4dbc-81f3-88c448fa08ca-PendingRequests: sendNotLeaderResponses
2019-09-25 05:52:35,379 [Thread-792] INFO  impl.RaftServerImpl (ServerState.java:close(385)) - 74c214a6-2081-4cec-a66f-57ef14a49025@group-B5A2611F102D: closes. applyIndex: 0
2019-09-25 05:52:35,379 [ForkJoinPool.commonPool-worker-0] INFO  impl.StateMachineUpdater (StateMachineUpdater.java:stopAndJoin(125)) - 5351ca64-bccb-4dbc-81f3-88c448fa08ca@group-D60002431527-StateMachineUpdater: set stopIndex = 0
2019-09-25 05:52:35,380 [74c214a6-2081-4cec-a66f-57ef14a49025@group-B5A2611F102D-SegmentedRaftLogWorker] INFO  segmented.SegmentedRaftLogWorker (SegmentedRaftLogWorker.java:run(313)) - 74c214a6-2081-4cec-a66f-57ef14a49025@group-B5A2611F102D-SegmentedRaftLogWorker was interrupted, exiting. There are 0 tasks remaining in the queue.
2019-09-25 05:52:35,380 [ForkJoinPool.commonPool-worker-0] INFO  impl.RaftServerImpl (ServerState.java:close(385)) - 5351ca64-bccb-4dbc-81f3-88c448fa08ca@group-D60002431527: closes. applyIndex: 0
2019-09-25 05:52:35,380 [Thread-792] INFO  segmented.SegmentedRaftLogWorker (SegmentedRaftLogWorker.java:close(228)) - 74c214a6-2081-4cec-a66f-57ef14a49025@group-B5A2611F102D-SegmentedRaftLogWorker close()
2019-09-25 05:52:35,381 [5351ca64-bccb-4dbc-81f3-88c448fa08ca@group-D60002431527-SegmentedRaftLogWorker] INFO  segmented.SegmentedRaftLogWorker (SegmentedRaftLogWorker.java:run(313)) - 5351ca64-bccb-4dbc-81f3-88c448fa08ca@group-D60002431527-SegmentedRaftLogWorker was interrupted, exiting. There are 0 tasks remaining in the queue.
2019-09-25 05:52:35,384 [Thread-792] INFO  server.GrpcService (GrpcService.java:closeImpl(164)) - 74c214a6-2081-4cec-a66f-57ef14a49025: shutdown server with port 40722 now
2019-09-25 05:52:35,384 [ForkJoinPool.commonPool-worker-0] INFO  segmented.SegmentedRaftLogWorker (SegmentedRaftLogWorker.java:close(228)) - 5351ca64-bccb-4dbc-81f3-88c448fa08ca@group-D60002431527-SegmentedRaftLogWorker close()
2019-09-25 05:52:35,387 [Thread-792] INFO  server.GrpcService (GrpcService.java:closeImpl(172)) - 74c214a6-2081-4cec-a66f-57ef14a49025: shutdown server with port 40722 successfully
2019-09-25 05:52:35,387 [ForkJoinPool.commonPool-worker-0] INFO  server.GrpcService (GrpcService.java:closeImpl(164)) - 5351ca64-bccb-4dbc-81f3-88c448fa08ca: shutdown server with port 34014 now
2019-09-25 05:52:35,391 [ForkJoinPool.commonPool-worker-0] INFO  server.GrpcService (GrpcService.java:closeImpl(172)) - 5351ca64-bccb-4dbc-81f3-88c448fa08ca: shutdown server with port 34014 successfully
2019-09-25 05:52:35,392 [refreshUsed-/workdir/hadoop-ozone/ozonefs/target/test-dir/MiniOzoneClusterImpl-ffa13d7c-c890-4caf-bec8-d19cbd1e24dd/datanode-1/data/containers] WARN  fs.CachingGetSpaceUsed (CachingGetSpaceUsed.java:run(183)) - Thread Interrupted waiting to refresh disk information: sleep interrupted
2019-09-25 05:52:35,396 [refreshUsed-/workdir/hadoop-ozone/ozonefs/target/test-dir/MiniOzoneClusterImpl-ffa13d7c-c890-4caf-bec8-d19cbd1e24dd/datanode-0/data/containers] WARN  fs.CachingGetSpaceUsed (CachingGetSpaceUsed.java:run(183)) - Thread Interrupted waiting to refresh disk information: sleep interrupted
2019-09-25 05:52:35,423 [ForkJoinPool.commonPool-worker-0] INFO  utils.BackgroundService (BackgroundService.java:shutdown(148)) - Shutting down service BlockDeletingService
2019-09-25 05:52:35,428 [ForkJoinPool.commonPool-worker-0] INFO  statemachine.DatanodeStateMachine (DatanodeStateMachine.java:stopDaemon(395)) - Ozone container server stopped.
2019-09-25 05:52:35,432 [ForkJoinPool.commonPool-worker-0] INFO  handler.ContextHandler (ContextHandler.java:doStop(910)) - Stopped o.e.j.w.WebAppContext@e790197{/,null,UNAVAILABLE}{/hddsDatanode}
2019-09-25 05:52:35,433 [ForkJoinPool.commonPool-worker-0] INFO  server.AbstractConnector (AbstractConnector.java:doStop(318)) - Stopped ServerConnector@3c82dd78{HTTP/1.1,[http/1.1]}{0.0.0.0:0}
2019-09-25 05:52:35,442 [ForkJoinPool.commonPool-worker-0] INFO  handler.ContextHandler (ContextHandler.java:doStop(910)) - Stopped o.e.j.s.ServletContextHandler@daa700f{/static,jar:file:/home/user/.m2/repository/org/apache/hadoop/hadoop-hdds-container-service/0.5.0-SNAPSHOT/hadoop-hdds-container-service-0.5.0-SNAPSHOT.jar!/webapps/static,UNAVAILABLE}
2019-09-25 05:52:35,442 [ForkJoinPool.commonPool-worker-0] INFO  handler.ContextHandler (ContextHandler.java:doStop(910)) - Stopped o.e.j.s.ServletContextHandler@2a072527{/logs,file:///workdir/hadoop-ozone/ozonefs/target/log,UNAVAILABLE}
2019-09-25 05:52:35,444 [Thread-792] INFO  utils.BackgroundService (BackgroundService.java:shutdown(148)) - Shutting down service BlockDeletingService
2019-09-25 05:52:35,448 [Thread-792] INFO  statemachine.DatanodeStateMachine (DatanodeStateMachine.java:stopDaemon(395)) - Ozone container server stopped.
2019-09-25 05:52:35,450 [Thread-792] INFO  handler.ContextHandler (ContextHandler.java:doStop(910)) - Stopped o.e.j.w.WebAppContext@3d3468ea{/,null,UNAVAILABLE}{/hddsDatanode}
2019-09-25 05:52:35,451 [Thread-792] INFO  server.AbstractConnector (AbstractConnector.java:doStop(318)) - Stopped ServerConnector@3423ae0f{HTTP/1.1,[http/1.1]}{0.0.0.0:0}
2019-09-25 05:52:35,451 [Thread-792] INFO  handler.ContextHandler (ContextHandler.java:doStop(910)) - Stopped o.e.j.s.ServletContextHandler@763c60be{/static,jar:file:/home/user/.m2/repository/org/apache/hadoop/hadoop-hdds-container-service/0.5.0-SNAPSHOT/hadoop-hdds-container-service-0.5.0-SNAPSHOT.jar!/webapps/static,UNAVAILABLE}
2019-09-25 05:52:35,452 [Thread-792] INFO  handler.ContextHandler (ContextHandler.java:doStop(910)) - Stopped o.e.j.s.ServletContextHandler@63b69231{/logs,file:///workdir/hadoop-ozone/ozonefs/target/log,UNAVAILABLE}
2019-09-25 05:52:36,202 [Datanode State Machine Thread - 0] INFO  statemachine.DatanodeStateMachine (DatanodeStateMachine.java:lambda$startDaemon$0(350)) - Ozone container server started.
2019-09-25 05:52:40,444 [ForkJoinPool.commonPool-worker-0] INFO  ozoneimpl.OzoneContainer (OzoneContainer.java:stop(231)) - Attempting to stop container services.
2019-09-25 05:52:40,444 [ForkJoinPool.commonPool-worker-0] INFO  impl.RaftServerProxy (RaftServerProxy.java:lambda$close$4(314)) - b2f71498-95f8-4afb-8bb6-1273d3661002: close
2019-09-25 05:52:40,445 [ForkJoinPool.commonPool-worker-0] INFO  impl.RaftServerImpl (RaftServerImpl.java:lambda$shutdown$3(251)) - b2f71498-95f8-4afb-8bb6-1273d3661002@group-8FD21F2EE8AB: shutdown
2019-09-25 05:52:40,445 [ForkJoinPool.commonPool-worker-0] INFO  util.JmxRegister (JmxRegister.java:unregister(73)) - Successfully un-registered JMX Bean with object name Ratis:service=RaftServer,group=group-8FD21F2EE8AB,id=b2f71498-95f8-4afb-8bb6-1273d3661002
2019-09-25 05:52:40,445 [ForkJoinPool.commonPool-worker-0] INFO  impl.RoleInfo (RoleInfo.java:shutdownLeaderState(104)) - b2f71498-95f8-4afb-8bb6-1273d3661002: shutdown LeaderState
2019-09-25 05:52:40,446 [ForkJoinPool.commonPool-worker-0] INFO  impl.PendingRequests (PendingRequests.java:sendNotLeaderResponses(202)) - b2f71498-95f8-4afb-8bb6-1273d3661002-PendingRequests: sendNotLeaderResponses
2019-09-25 05:52:40,446 [ForkJoinPool.commonPool-worker-0] INFO  impl.StateMachineUpdater (StateMachineUpdater.java:stopAndJoin(125)) - b2f71498-95f8-4afb-8bb6-1273d3661002@group-8FD21F2EE8AB-StateMachineUpdater: set stopIndex = 0
2019-09-25 05:52:40,447 [ForkJoinPool.commonPool-worker-0] INFO  impl.RaftServerImpl (ServerState.java:close(385)) - b2f71498-95f8-4afb-8bb6-1273d3661002@group-8FD21F2EE8AB: closes. applyIndex: 0
2019-09-25 05:52:40,447 [b2f71498-95f8-4afb-8bb6-1273d3661002@group-8FD21F2EE8AB-SegmentedRaftLogWorker] INFO  segmented.SegmentedRaftLogWorker (SegmentedRaftLogWorker.java:run(313)) - b2f71498-95f8-4afb-8bb6-1273d3661002@group-8FD21F2EE8AB-SegmentedRaftLogWorker was interrupted, exiting. There are 0 tasks remaining in the queue.
2019-09-25 05:52:40,448 [ForkJoinPool.commonPool-worker-0] INFO  segmented.SegmentedRaftLogWorker (SegmentedRaftLogWorker.java:close(228)) - b2f71498-95f8-4afb-8bb6-1273d3661002@group-8FD21F2EE8AB-SegmentedRaftLogWorker close()
2019-09-25 05:52:40,450 [ForkJoinPool.commonPool-worker-0] INFO  impl.RaftServerImpl (RaftServerImpl.java:lambda$shutdown$3(251)) - b2f71498-95f8-4afb-8bb6-1273d3661002@group-34EBF9B2E890: shutdown
2019-09-25 05:52:40,450 [ForkJoinPool.commonPool-worker-0] INFO  util.JmxRegister (JmxRegister.java:unregister(73)) - Successfully un-registered JMX Bean with object name Ratis:service=RaftServer,group=group-34EBF9B2E890,id=b2f71498-95f8-4afb-8bb6-1273d3661002
2019-09-25 05:52:40,450 [ForkJoinPool.commonPool-worker-0] INFO  impl.RoleInfo (RoleInfo.java:shutdownLeaderState(104)) - b2f71498-95f8-4afb-8bb6-1273d3661002: shutdown LeaderState
2019-09-25 05:52:40,451 [ForkJoinPool.commonPool-worker-0] INFO  impl.PendingRequests (PendingRequests.java:sendNotLeaderResponses(202)) - b2f71498-95f8-4afb-8bb6-1273d3661002-PendingRequests: sendNotLeaderResponses
2019-09-25 05:52:40,451 [ForkJoinPool.commonPool-worker-0] INFO  impl.StateMachineUpdater (StateMachineUpdater.java:stopAndJoin(125)) - b2f71498-95f8-4afb-8bb6-1273d3661002@group-34EBF9B2E890-StateMachineUpdater: set stopIndex = 0
2019-09-25 05:52:40,451 [ForkJoinPool.commonPool-worker-0] INFO  impl.RaftServerImpl (ServerState.java:close(385)) - b2f71498-95f8-4afb-8bb6-1273d3661002@group-34EBF9B2E890: closes. applyIndex: 0
2019-09-25 05:52:40,452 [b2f71498-95f8-4afb-8bb6-1273d3661002@group-34EBF9B2E890-SegmentedRaftLogWorker] INFO  segmented.SegmentedRaftLogWorker (SegmentedRaftLogWorker.java:run(313)) - b2f71498-95f8-4afb-8bb6-1273d3661002@group-34EBF9B2E890-SegmentedRaftLogWorker was interrupted, exiting. There are 0 tasks remaining in the queue.
2019-09-25 05:52:40,459 [ForkJoinPool.commonPool-worker-0] INFO  segmented.SegmentedRaftLogWorker (SegmentedRaftLogWorker.java:close(228)) - b2f71498-95f8-4afb-8bb6-1273d3661002@group-34EBF9B2E890-SegmentedRaftLogWorker close()
2019-09-25 05:52:40,461 [ForkJoinPool.commonPool-worker-0] INFO  impl.RaftServerImpl (RaftServerImpl.java:lambda$shutdown$3(251)) - b2f71498-95f8-4afb-8bb6-1273d3661002@group-62722A3171C6: shutdown
2019-09-25 05:52:40,461 [ForkJoinPool.commonPool-worker-0] INFO  util.JmxRegister (JmxRegister.java:unregister(73)) - Successfully un-registered JMX Bean with object name Ratis:service=RaftServer,group=group-62722A3171C6,id=b2f71498-95f8-4afb-8bb6-1273d3661002
2019-09-25 05:52:40,461 [ForkJoinPool.commonPool-worker-0] INFO  impl.RoleInfo (RoleInfo.java:shutdownLeaderState(104)) - b2f71498-95f8-4afb-8bb6-1273d3661002: shutdown LeaderState
2019-09-25 05:52:40,462 [ForkJoinPool.commonPool-worker-0] INFO  impl.PendingRequests (PendingRequests.java:sendNotLeaderResponses(202)) - b2f71498-95f8-4afb-8bb6-1273d3661002-PendingRequests: sendNotLeaderResponses
2019-09-25 05:52:40,462 [ForkJoinPool.commonPool-worker-0] INFO  impl.StateMachineUpdater (StateMachineUpdater.java:stopAndJoin(125)) - b2f71498-95f8-4afb-8bb6-1273d3661002@group-62722A3171C6-StateMachineUpdater: set stopIndex = 0
2019-09-25 05:52:40,462 [ForkJoinPool.commonPool-worker-0] INFO  impl.RaftServerImpl (ServerState.java:close(385)) - b2f71498-95f8-4afb-8bb6-1273d3661002@group-62722A3171C6: closes. applyIndex: 0
2019-09-25 05:52:40,463 [b2f71498-95f8-4afb-8bb6-1273d3661002@group-62722A3171C6-SegmentedRaftLogWorker] INFO  segmented.SegmentedRaftLogWorker (SegmentedRaftLogWorker.java:run(313)) - b2f71498-95f8-4afb-8bb6-1273d3661002@group-62722A3171C6-SegmentedRaftLogWorker was interrupted, exiting. There are 0 tasks remaining in the queue.
2019-09-25 05:52:40,463 [ForkJoinPool.commonPool-worker-0] INFO  segmented.SegmentedRaftLogWorker (SegmentedRaftLogWorker.java:close(228)) - b2f71498-95f8-4afb-8bb6-1273d3661002@group-62722A3171C6-SegmentedRaftLogWorker close()
2019-09-25 05:52:40,465 [ForkJoinPool.commonPool-worker-0] INFO  impl.RaftServerImpl (RaftServerImpl.java:lambda$shutdown$3(251)) - b2f71498-95f8-4afb-8bb6-1273d3661002@group-843A78269F41: shutdown
2019-09-25 05:52:40,465 [ForkJoinPool.commonPool-worker-0] INFO  util.JmxRegister (JmxRegister.java:unregister(73)) - Successfully un-registered JMX Bean with object name Ratis:service=RaftServer,group=group-843A78269F41,id=b2f71498-95f8-4afb-8bb6-1273d3661002
2019-09-25 05:52:40,465 [ForkJoinPool.commonPool-worker-0] INFO  impl.RoleInfo (RoleInfo.java:shutdownLeaderState(104)) - b2f71498-95f8-4afb-8bb6-1273d3661002: shutdown LeaderState
2019-09-25 05:52:40,465 [ForkJoinPool.commonPool-worker-0] INFO  impl.PendingRequests (PendingRequests.java:sendNotLeaderResponses(202)) - b2f71498-95f8-4afb-8bb6-1273d3661002-PendingRequests: sendNotLeaderResponses
2019-09-25 05:52:40,466 [ForkJoinPool.commonPool-worker-0] INFO  impl.StateMachineUpdater (StateMachineUpdater.java:stopAndJoin(125)) - b2f71498-95f8-4afb-8bb6-1273d3661002@group-843A78269F41-StateMachineUpdater: set stopIndex = 0
2019-09-25 05:52:40,466 [ForkJoinPool.commonPool-worker-0] INFO  impl.RaftServerImpl (ServerState.java:close(385)) - b2f71498-95f8-4afb-8bb6-1273d3661002@group-843A78269F41: closes. applyIndex: 0
2019-09-25 05:52:40,466 [b2f71498-95f8-4afb-8bb6-1273d3661002@group-843A78269F41-SegmentedRaftLogWorker] INFO  segmented.SegmentedRaftLogWorker (SegmentedRaftLogWorker.java:run(313)) - b2f71498-95f8-4afb-8bb6-1273d3661002@group-843A78269F41-SegmentedRaftLogWorker was interrupted, exiting. There are 0 tasks remaining in the queue.
2019-09-25 05:52:40,467 [ForkJoinPool.commonPool-worker-0] INFO  segmented.SegmentedRaftLogWorker (SegmentedRaftLogWorker.java:close(228)) - b2f71498-95f8-4afb-8bb6-1273d3661002@group-843A78269F41-SegmentedRaftLogWorker close()
2019-09-25 05:52:40,468 [ForkJoinPool.commonPool-worker-0] INFO  impl.RaftServerImpl (RaftServerImpl.java:lambda$shutdown$3(251)) - b2f71498-95f8-4afb-8bb6-1273d3661002@group-934F9091F501: shutdown
2019-09-25 05:52:40,468 [ForkJoinPool.commonPool-worker-0] INFO  util.JmxRegister (JmxRegister.java:unregister(73)) - Successfully un-registered JMX Bean with object name Ratis:service=RaftServer,group=group-934F9091F501,id=b2f71498-95f8-4afb-8bb6-1273d3661002
2019-09-25 05:52:40,468 [ForkJoinPool.commonPool-worker-0] INFO  impl.RoleInfo (RoleInfo.java:shutdownLeaderState(104)) - b2f71498-95f8-4afb-8bb6-1273d3661002: shutdown LeaderState
2019-09-25 05:52:40,469 [ForkJoinPool.commonPool-worker-0] INFO  impl.PendingRequests (PendingRequests.java:sendNotLeaderResponses(202)) - b2f71498-95f8-4afb-8bb6-1273d3661002-PendingRequests: sendNotLeaderResponses
2019-09-25 05:52:40,469 [ForkJoinPool.commonPool-worker-0] INFO  impl.StateMachineUpdater (StateMachineUpdater.java:stopAndJoin(125)) - b2f71498-95f8-4afb-8bb6-1273d3661002@group-934F9091F501-StateMachineUpdater: set stopIndex = 0
2019-09-25 05:52:40,469 [ForkJoinPool.commonPool-worker-0] INFO  impl.RaftServerImpl (ServerState.java:close(385)) - b2f71498-95f8-4afb-8bb6-1273d3661002@group-934F9091F501: closes. applyIndex: 0
2019-09-25 05:52:40,470 [b2f71498-95f8-4afb-8bb6-1273d3661002@group-934F9091F501-SegmentedRaftLogWorker] INFO  segmented.SegmentedRaftLogWorker (SegmentedRaftLogWorker.java:run(313)) - b2f71498-95f8-4afb-8bb6-1273d3661002@group-934F9091F501-SegmentedRaftLogWorker was interrupted, exiting. There are 0 tasks remaining in the queue.
2019-09-25 05:52:40,470 [ForkJoinPool.commonPool-worker-0] INFO  segmented.SegmentedRaftLogWorker (SegmentedRaftLogWorker.java:close(228)) - b2f71498-95f8-4afb-8bb6-1273d3661002@group-934F9091F501-SegmentedRaftLogWorker close()
2019-09-25 05:52:40,471 [ForkJoinPool.commonPool-worker-0] INFO  impl.RaftServerImpl (RaftServerImpl.java:lambda$shutdown$3(251)) - b2f71498-95f8-4afb-8bb6-1273d3661002@group-7A0944EEA5C1: shutdown
2019-09-25 05:52:40,472 [ForkJoinPool.commonPool-worker-0] INFO  util.JmxRegister (JmxRegister.java:unregister(73)) - Successfully un-registered JMX Bean with object name Ratis:service=RaftServer,group=group-7A0944EEA5C1,id=b2f71498-95f8-4afb-8bb6-1273d3661002
2019-09-25 05:52:40,472 [ForkJoinPool.commonPool-worker-0] INFO  impl.RoleInfo (RoleInfo.java:shutdownLeaderState(104)) - b2f71498-95f8-4afb-8bb6-1273d3661002: shutdown LeaderState
2019-09-25 05:52:40,472 [ForkJoinPool.commonPool-worker-0] INFO  impl.PendingRequests (PendingRequests.java:sendNotLeaderResponses(202)) - b2f71498-95f8-4afb-8bb6-1273d3661002-PendingRequests: sendNotLeaderResponses
2019-09-25 05:52:40,472 [ForkJoinPool.commonPool-worker-0] INFO  impl.StateMachineUpdater (StateMachineUpdater.java:stopAndJoin(125)) - b2f71498-95f8-4afb-8bb6-1273d3661002@group-7A0944EEA5C1-StateMachineUpdater: set stopIndex = 0
2019-09-25 05:52:40,473 [ForkJoinPool.commonPool-worker-0] INFO  impl.RaftServerImpl (ServerState.java:close(385)) - b2f71498-95f8-4afb-8bb6-1273d3661002@group-7A0944EEA5C1: closes. applyIndex: 0
2019-09-25 05:52:40,473 [b2f71498-95f8-4afb-8bb6-1273d3661002@group-7A0944EEA5C1-SegmentedRaftLogWorker] INFO  segmented.SegmentedRaftLogWorker (SegmentedRaftLogWorker.java:run(313)) - b2f71498-95f8-4afb-8bb6-1273d3661002@group-7A0944EEA5C1-SegmentedRaftLogWorker was interrupted, exiting. There are 0 tasks remaining in the queue.
2019-09-25 05:52:40,473 [ForkJoinPool.commonPool-worker-0] INFO  segmented.SegmentedRaftLogWorker (SegmentedRaftLogWorker.java:close(228)) - b2f71498-95f8-4afb-8bb6-1273d3661002@group-7A0944EEA5C1-SegmentedRaftLogWorker close()
2019-09-25 05:52:40,474 [ForkJoinPool.commonPool-worker-0] INFO  server.GrpcService (GrpcService.java:closeImpl(164)) - b2f71498-95f8-4afb-8bb6-1273d3661002: shutdown server with port 35389 now
2019-09-25 05:52:40,476 [ForkJoinPool.commonPool-worker-0] INFO  server.GrpcService (GrpcService.java:closeImpl(172)) - b2f71498-95f8-4afb-8bb6-1273d3661002: shutdown server with port 35389 successfully
2019-09-25 05:52:40,482 [refreshUsed-/workdir/hadoop-ozone/ozonefs/target/test-dir/MiniOzoneClusterImpl-ffa13d7c-c890-4caf-bec8-d19cbd1e24dd/datanode-2/data/containers] WARN  fs.CachingGetSpaceUsed (CachingGetSpaceUsed.java:run(183)) - Thread Interrupted waiting to refresh disk information: sleep interrupted
2019-09-25 05:52:40,505 [ForkJoinPool.commonPool-worker-0] INFO  utils.BackgroundService (BackgroundService.java:shutdown(148)) - Shutting down service BlockDeletingService
2019-09-25 05:52:40,509 [ForkJoinPool.commonPool-worker-0] INFO  statemachine.DatanodeStateMachine (DatanodeStateMachine.java:stopDaemon(395)) - Ozone container server stopped.
2019-09-25 05:52:40,512 [ForkJoinPool.commonPool-worker-0] INFO  handler.ContextHandler (ContextHandler.java:doStop(910)) - Stopped o.e.j.w.WebAppContext@63a10bf6{/,null,UNAVAILABLE}{/hddsDatanode}
2019-09-25 05:52:40,513 [ForkJoinPool.commonPool-worker-0] INFO  server.AbstractConnector (AbstractConnector.java:doStop(318)) - Stopped ServerConnector@6217190c{HTTP/1.1,[http/1.1]}{0.0.0.0:0}
2019-09-25 05:52:40,513 [ForkJoinPool.commonPool-worker-0] INFO  handler.ContextHandler (ContextHandler.java:doStop(910)) - Stopped o.e.j.s.ServletContextHandler@185b065{/static,jar:file:/home/user/.m2/repository/org/apache/hadoop/hadoop-hdds-container-service/0.5.0-SNAPSHOT/hadoop-hdds-container-service-0.5.0-SNAPSHOT.jar!/webapps/static,UNAVAILABLE}
2019-09-25 05:52:40,513 [ForkJoinPool.commonPool-worker-0] INFO  handler.ContextHandler (ContextHandler.java:doStop(910)) - Stopped o.e.j.s.ServletContextHandler@4ef003d9{/logs,file:///workdir/hadoop-ozone/ozonefs/target/log,UNAVAILABLE}
2019-09-25 05:52:40,514 [Thread-792] INFO  ozone.MiniOzoneClusterImpl (MiniOzoneClusterImpl.java:stopSCM(392)) - Stopping the StorageContainerManager
2019-09-25 05:52:40,515 [Thread-792] INFO  server.StorageContainerManager (StorageContainerManager.java:stop(808)) - Stopping Replication Manager Service.
2019-09-25 05:52:40,515 [Thread-792] INFO  container.ReplicationManager (ReplicationManager.java:stop(204)) - Stopping Replication Monitor Thread.
2019-09-25 05:52:40,515 [Thread-792] INFO  server.StorageContainerManager (StorageContainerManager.java:stop(815)) - Stopping Lease Manager of the command watchers
2019-09-25 05:52:40,515 [Thread-792] INFO  server.StorageContainerManager (StorageContainerManager.java:stop(822)) - Stopping datanode service RPC server
2019-09-25 05:52:40,515 [Thread-792] INFO  server.SCMDatanodeProtocolServer (SCMDatanodeProtocolServer.java:stop(367)) - Stopping the RPC server for DataNodes
2019-09-25 05:52:40,515 [Thread-792] INFO  ipc.Server (Server.java:stop(3082)) - Stopping server on 43278
2019-09-25 05:52:40,517 [IPC Server listener on 43278] INFO  ipc.Server (Server.java:run(1185)) - Stopping IPC Server listener on 43278
2019-09-25 05:52:40,517 [IPC Server Responder] INFO  ipc.Server (Server.java:run(1319)) - Stopping IPC Server Responder
2019-09-25 05:52:40,528 [SCM Heartbeat Processing Thread - 0] WARN  node.NodeStateManager (NodeStateManager.java:scheduleNextHealthCheck(655)) - Current Thread is interrupted, shutting down HB processing thread for Node Manager.
2019-09-25 05:52:40,528 [Thread-792] INFO  server.StorageContainerManager (StorageContainerManager.java:stop(830)) - Stopping block service RPC server
2019-09-25 05:52:40,528 [Thread-792] INFO  server.SCMBlockProtocolServer (SCMBlockProtocolServer.java:stop(155)) - Stopping the RPC server for Block Protocol
2019-09-25 05:52:40,529 [Thread-792] INFO  ipc.Server (Server.java:stop(3082)) - Stopping server on 34182
2019-09-25 05:52:40,530 [IPC Server listener on 34182] INFO  ipc.Server (Server.java:run(1185)) - Stopping IPC Server listener on 34182
2019-09-25 05:52:40,531 [Thread-792] INFO  server.StorageContainerManager (StorageContainerManager.java:stop(837)) - Stopping the StorageContainerLocationProtocol RPC server
2019-09-25 05:52:40,531 [IPC Server Responder] INFO  ipc.Server (Server.java:run(1319)) - Stopping IPC Server Responder
2019-09-25 05:52:40,532 [Thread-792] INFO  server.SCMClientProtocolServer (SCMClientProtocolServer.java:stop(159)) - Stopping the RPC server for Client Protocol
2019-09-25 05:52:40,532 [Thread-792] INFO  ipc.Server (Server.java:stop(3082)) - Stopping server on 43008
2019-09-25 05:52:40,534 [IPC Server listener on 43008] INFO  ipc.Server (Server.java:run(1185)) - Stopping IPC Server listener on 43008
2019-09-25 05:52:40,534 [IPC Server Responder] INFO  ipc.Server (Server.java:run(1319)) - Stopping IPC Server Responder
2019-09-25 05:52:40,534 [Thread-792] INFO  server.StorageContainerManager (StorageContainerManager.java:stop(844)) - Stopping Storage Container Manager HTTP server.
2019-09-25 05:52:40,537 [Thread-792] INFO  handler.ContextHandler (ContextHandler.java:doStop(910)) - Stopped o.e.j.w.WebAppContext@75b71781{/,null,UNAVAILABLE}{/scm}
2019-09-25 05:52:40,538 [Thread-792] INFO  server.AbstractConnector (AbstractConnector.java:doStop(318)) - Stopped ServerConnector@15611fcb{HTTP/1.1,[http/1.1]}{0.0.0.0:0}
2019-09-25 05:52:40,538 [Thread-792] INFO  handler.ContextHandler (ContextHandler.java:doStop(910)) - Stopped o.e.j.s.ServletContextHandler@3214cd69{/static,jar:file:/home/user/.m2/repository/org/apache/hadoop/hadoop-hdds-server-scm/0.5.0-SNAPSHOT/hadoop-hdds-server-scm-0.5.0-SNAPSHOT.jar!/webapps/static,UNAVAILABLE}
2019-09-25 05:52:40,539 [Thread-792] INFO  handler.ContextHandler (ContextHandler.java:doStop(910)) - Stopped o.e.j.s.ServletContextHandler@2c22abf4{/logs,file:///workdir/hadoop-ozone/ozonefs/target/log,UNAVAILABLE}
2019-09-25 05:52:40,540 [Thread-792] INFO  server.StorageContainerManager (StorageContainerManager.java:stop(855)) - Stopping Block Manager Service.
2019-09-25 05:52:40,540 [Thread-792] INFO  utils.BackgroundService (BackgroundService.java:shutdown(148)) - Shutting down service SCMBlockDeletingService
2019-09-25 05:52:40,540 [Thread-792] INFO  utils.BackgroundService (BackgroundService.java:shutdown(148)) - Shutting down service SCMBlockDeletingService
2019-09-25 05:52:40,541 [Thread-792] INFO  server.StorageContainerManager (StorageContainerManager.java:stop(877)) - Stopping SCM Event Queue.
2019-09-25 05:52:40,543 [Thread-792] INFO  impl.MetricsSystemImpl (MetricsSystemImpl.java:stop(210)) - Stopping HddsDatanode metrics system...
2019-09-25 05:52:40,551 [Thread-792] INFO  impl.MetricsSystemImpl (MetricsSystemImpl.java:stop(216)) - HddsDatanode metrics system stopped.
]]></system-out>
  </testcase>
  <testcase name="testCreateDoesNotAddParentDirKeys" classname="org.apache.hadoop.fs.ozone.TestOzoneFileSystem" time="16.872">
    <error message="Allocated 0 blocks. Requested 1 blocks" type="INTERNAL_ERROR org.apache.hadoop.ozone.om.exceptions.OMException">INTERNAL_ERROR org.apache.hadoop.ozone.om.exceptions.OMException: Allocated 0 blocks. Requested 1 blocks
	at org.apache.hadoop.ozone.om.protocolPB.OzoneManagerProtocolClientSideTranslatorPB.handleError(OzoneManagerProtocolClientSideTranslatorPB.java:732)
	at org.apache.hadoop.ozone.om.protocolPB.OzoneManagerProtocolClientSideTranslatorPB.createFile(OzoneManagerProtocolClientSideTranslatorPB.java:1536)
	at sun.reflect.NativeMethodAccessorImpl.invoke0(Native Method)
	at sun.reflect.NativeMethodAccessorImpl.invoke(NativeMethodAccessorImpl.java:62)
	at sun.reflect.DelegatingMethodAccessorImpl.invoke(DelegatingMethodAccessorImpl.java:43)
	at java.lang.reflect.Method.invoke(Method.java:498)
	at org.apache.hadoop.hdds.tracing.TraceAllMethod.invoke(TraceAllMethod.java:66)
	at com.sun.proxy.$Proxy38.createFile(Unknown Source)
	at org.apache.hadoop.ozone.client.rpc.RpcClient.createFile(RpcClient.java:1006)
	at org.apache.hadoop.ozone.client.OzoneBucket.createFile(OzoneBucket.java:537)
	at org.apache.hadoop.fs.ozone.BasicOzoneClientAdapterImpl.createFile(BasicOzoneClientAdapterImpl.java:205)
	at org.apache.hadoop.fs.ozone.BasicOzoneFileSystem.createOutputStream(BasicOzoneFileSystem.java:250)
	at org.apache.hadoop.fs.ozone.BasicOzoneFileSystem.create(BasicOzoneFileSystem.java:231)
	at org.apache.hadoop.fs.FileSystem.create(FileSystem.java:1118)
	at org.apache.hadoop.fs.FileSystem.create(FileSystem.java:1098)
	at org.apache.hadoop.fs.FileSystem.create(FileSystem.java:987)
	at org.apache.hadoop.fs.contract.ContractTestUtils.createFile(ContractTestUtils.java:633)
	at org.apache.hadoop.fs.contract.ContractTestUtils.touch(ContractTestUtils.java:669)
	at org.apache.hadoop.fs.ozone.TestOzoneFileSystem.testCreateDoesNotAddParentDirKeys(TestOzoneFileSystem.java:110)
	at sun.reflect.NativeMethodAccessorImpl.invoke0(Native Method)
	at sun.reflect.NativeMethodAccessorImpl.invoke(NativeMethodAccessorImpl.java:62)
	at sun.reflect.DelegatingMethodAccessorImpl.invoke(DelegatingMethodAccessorImpl.java:43)
	at java.lang.reflect.Method.invoke(Method.java:498)
	at org.junit.runners.model.FrameworkMethod$1.runReflectiveCall(FrameworkMethod.java:47)
	at org.junit.internal.runners.model.ReflectiveCallable.run(ReflectiveCallable.java:12)
	at org.junit.runners.model.FrameworkMethod.invokeExplosively(FrameworkMethod.java:44)
	at org.junit.internal.runners.statements.InvokeMethod.evaluate(InvokeMethod.java:17)
	at org.junit.internal.runners.statements.RunBefores.evaluate(RunBefores.java:26)
	at org.junit.internal.runners.statements.RunAfters.evaluate(RunAfters.java:27)
	at org.junit.internal.runners.statements.FailOnTimeout$StatementThread.run(FailOnTimeout.java:74)
</error>
    <system-out><![CDATA[2019-09-25 05:52:40,602 [Thread-1059] WARN  server.ServerUtils (ServerUtils.java:getScmDbDir(145)) - ozone.scm.db.dirs is not configured. We recommend adding this setting. Falling back to ozone.metadata.dirs instead.
2019-09-25 05:52:40,616 [Thread-1059] WARN  server.ServerUtils (ServerUtils.java:getScmDbDir(145)) - ozone.scm.db.dirs is not configured. We recommend adding this setting. Falling back to ozone.metadata.dirs instead.
2019-09-25 05:52:40,617 [Thread-1059] WARN  server.ServerUtils (ServerUtils.java:getScmDbDir(145)) - ozone.scm.db.dirs is not configured. We recommend adding this setting. Falling back to ozone.metadata.dirs instead.
2019-09-25 05:52:40,617 [Thread-1059] INFO  db.DBStoreBuilder (DBStoreBuilder.java:addTable(110)) - using custom profile for table: deletedBlocks
2019-09-25 05:52:40,617 [Thread-1059] INFO  db.DBStoreBuilder (DBStoreBuilder.java:processTables(161)) - Using default column profile:DBProfile.DISK for Table:deletedBlocks
2019-09-25 05:52:40,618 [Thread-1059] INFO  db.DBStoreBuilder (DBStoreBuilder.java:addTable(110)) - using custom profile for table: validCerts
2019-09-25 05:52:40,618 [Thread-1059] INFO  db.DBStoreBuilder (DBStoreBuilder.java:processTables(161)) - Using default column profile:DBProfile.DISK for Table:validCerts
2019-09-25 05:52:40,618 [Thread-1059] INFO  db.DBStoreBuilder (DBStoreBuilder.java:addTable(110)) - using custom profile for table: revokedCerts
2019-09-25 05:52:40,618 [Thread-1059] INFO  db.DBStoreBuilder (DBStoreBuilder.java:processTables(161)) - Using default column profile:DBProfile.DISK for Table:revokedCerts
2019-09-25 05:52:40,618 [Thread-1059] INFO  db.DBStoreBuilder (DBStoreBuilder.java:addTable(110)) - using custom profile for table: default
2019-09-25 05:52:40,618 [Thread-1059] INFO  db.DBStoreBuilder (DBStoreBuilder.java:processTables(167)) - Using default column profile:DBProfile.DISK for Table:default
2019-09-25 05:52:40,619 [Thread-1059] INFO  db.DBStoreBuilder (DBStoreBuilder.java:getDbProfile(198)) - Using default options. DBProfile.DISK
2019-09-25 05:52:40,750 [Thread-1059] INFO  net.NodeSchemaLoader (NodeSchemaLoader.java:loadSchemaFromFile(125)) - Loading file from sun.misc.CompoundEnumeration@2365c823
2019-09-25 05:52:40,750 [Thread-1059] INFO  net.NodeSchemaLoader (NodeSchemaLoader.java:loadSchema(171)) - Loading network topology layer schema file
2019-09-25 05:52:40,756 [Thread-1059] WARN  server.ServerUtils (ServerUtils.java:sanitizeUserArgs(70)) - ozone.scm.stale.node.interval value = 300000 is larger than max = 100000 based on the key value of ozone.scm.heartbeat.thread.interval, reset to the max value 100000.
2019-09-25 05:52:40,756 [Thread-1059] WARN  server.ServerUtils (ServerUtils.java:sanitizeUserArgs(70)) - ozone.scm.stale.node.interval value = 300000 is larger than max = 100000 based on the key value of ozone.scm.heartbeat.thread.interval, reset to the max value 100000.
2019-09-25 05:52:40,757 [Thread-1059] INFO  node.SCMNodeManager (SCMNodeManager.java:<init>(114)) - Entering startup safe mode.
2019-09-25 05:52:40,757 [Thread-1059] INFO  algorithms.ContainerPlacementPolicyFactory (ContainerPlacementPolicyFactory.java:getPolicy(60)) - Create container placement policy of type org.apache.hadoop.hdds.scm.container.placement.algorithms.SCMContainerPlacementRandom
2019-09-25 05:52:40,758 [Thread-1059] WARN  server.ServerUtils (ServerUtils.java:getScmDbDir(145)) - ozone.scm.db.dirs is not configured. We recommend adding this setting. Falling back to ozone.metadata.dirs instead.
2019-09-25 05:52:40,852 [Thread-1059] INFO  pipeline.SCMPipelineManager (SCMPipelineManager.java:initializePipelineState(132)) - No pipeline exists in current db
2019-09-25 05:52:40,852 [Thread-1059] WARN  server.ServerUtils (ServerUtils.java:getScmDbDir(145)) - ozone.scm.db.dirs is not configured. We recommend adding this setting. Falling back to ozone.metadata.dirs instead.
2019-09-25 05:52:40,884 [Thread-1059] WARN  events.EventQueue (EventQueue.java:fireEvent(183)) - No event handler registered for event TypedEvent{payloadType=SafeModeStatus, name='SafeModeStatus'}
2019-09-25 05:52:40,885 [Thread-1059] INFO  ipc.CallQueueManager (CallQueueManager.java:<init>(84)) - Using callQueue: class java.util.concurrent.LinkedBlockingQueue, queueCapacity: 2000, scheduler: class org.apache.hadoop.ipc.DefaultRpcScheduler, ipcBackoff: false.
2019-09-25 05:52:40,886 [Socket Reader #1 for port 41091] INFO  ipc.Server (Server.java:run(1074)) - Starting Socket Reader #1 for port 41091
2019-09-25 05:52:40,888 [Thread-1059] INFO  ipc.CallQueueManager (CallQueueManager.java:<init>(84)) - Using callQueue: class java.util.concurrent.LinkedBlockingQueue, queueCapacity: 2000, scheduler: class org.apache.hadoop.ipc.DefaultRpcScheduler, ipcBackoff: false.
2019-09-25 05:52:40,889 [Socket Reader #1 for port 36898] INFO  ipc.Server (Server.java:run(1074)) - Starting Socket Reader #1 for port 36898
2019-09-25 05:52:40,891 [Thread-1059] INFO  ipc.CallQueueManager (CallQueueManager.java:<init>(84)) - Using callQueue: class java.util.concurrent.LinkedBlockingQueue, queueCapacity: 2000, scheduler: class org.apache.hadoop.ipc.DefaultRpcScheduler, ipcBackoff: false.
2019-09-25 05:52:40,891 [Socket Reader #1 for port 38625] INFO  ipc.Server (Server.java:run(1074)) - Starting Socket Reader #1 for port 38625
2019-09-25 05:52:40,893 [Thread-1059] INFO  hdfs.DFSUtil (DFSUtil.java:httpServerTemplateForNNAndJN(1641)) - Starting Web-server for scm at: http://0.0.0.0:0
2019-09-25 05:52:40,900 [Thread-1059] INFO  server.AuthenticationFilter (AuthenticationFilter.java:constructSecretProvider(240)) - Unable to initialize FileSignerSecretProvider, falling back to use random secrets.
2019-09-25 05:52:40,901 [Thread-1059] WARN  http.HttpRequestLog (HttpRequestLog.java:getRequestLog(97)) - Jetty request log can only be enabled using Log4j
2019-09-25 05:52:40,903 [Thread-1059] INFO  http.HttpServer2 (HttpServer2.java:addGlobalFilter(975)) - Added global filter 'safety' (class=org.apache.hadoop.http.HttpServer2$QuotingInputFilter)
2019-09-25 05:52:40,904 [Thread-1059] INFO  http.HttpServer2 (HttpServer2.java:addFilter(948)) - Added filter static_user_filter (class=org.apache.hadoop.http.lib.StaticUserWebFilter$StaticUserFilter) to context scm
2019-09-25 05:52:40,905 [Thread-1059] INFO  http.HttpServer2 (HttpServer2.java:addFilter(958)) - Added filter static_user_filter (class=org.apache.hadoop.http.lib.StaticUserWebFilter$StaticUserFilter) to context logs
2019-09-25 05:52:40,905 [Thread-1059] INFO  http.HttpServer2 (HttpServer2.java:addFilter(958)) - Added filter static_user_filter (class=org.apache.hadoop.http.lib.StaticUserWebFilter$StaticUserFilter) to context static
2019-09-25 05:52:40,907 [Thread-1059] INFO  server.StorageContainerManager (StorageContainerManager.java:start(770)) - StorageContainerLocationProtocol RPC server is listening at /0.0.0.0:38625
2019-09-25 05:52:40,910 [Thread-1059] WARN  impl.MetricsConfig (MetricsConfig.java:loadFirst(134)) - Cannot locate configuration: tried hadoop-metrics2-storagecontainermanager.properties,hadoop-metrics2.properties
2019-09-25 05:52:40,910 [Thread-1059] INFO  impl.MetricsSystemImpl (MetricsSystemImpl.java:startTimer(374)) - Scheduled Metric snapshot period at 10 second(s).
2019-09-25 05:52:40,911 [Thread-1059] INFO  impl.MetricsSystemImpl (MetricsSystemImpl.java:start(191)) - StorageContainerManager metrics system started
2019-09-25 05:52:40,938 [Thread-1059] WARN  impl.MetricsSystemImpl (MetricsSystemImpl.java:register(276)) - Sink prometheus already exists!
2019-09-25 05:52:41,028 [Thread-1059] INFO  server.SCMClientProtocolServer (SCMClientProtocolServer.java:start(151)) - RPC server for Client  is listening at /0.0.0.0:38625
2019-09-25 05:52:41,028 [IPC Server Responder] INFO  ipc.Server (Server.java:run(1314)) - IPC Server Responder: starting
2019-09-25 05:52:41,028 [IPC Server listener on 38625] INFO  ipc.Server (Server.java:run(1153)) - IPC Server listener on 38625: starting
2019-09-25 05:52:41,033 [Thread-1059] INFO  server.StorageContainerManager (StorageContainerManager.java:start(780)) - ScmBlockLocationProtocol RPC server is listening at /0.0.0.0:36898
2019-09-25 05:52:41,034 [Thread-1059] INFO  server.SCMBlockProtocolServer (SCMBlockProtocolServer.java:start(146)) - RPC server for Block Protocol is listening at /0.0.0.0:36898
2019-09-25 05:52:41,034 [IPC Server Responder] INFO  ipc.Server (Server.java:run(1314)) - IPC Server Responder: starting
2019-09-25 05:52:41,034 [IPC Server listener on 36898] INFO  ipc.Server (Server.java:run(1153)) - IPC Server listener on 36898: starting
2019-09-25 05:52:41,038 [Thread-1059] INFO  server.StorageContainerManager (StorageContainerManager.java:start(784)) - ScmDatanodeProtocl RPC server is listening at /0.0.0.0:41091
2019-09-25 05:52:41,038 [Thread-1059] INFO  server.SCMDatanodeProtocolServer (SCMDatanodeProtocolServer.java:start(191)) - RPC server for DataNodes is listening at /0.0.0.0:41091
2019-09-25 05:52:41,038 [IPC Server Responder] INFO  ipc.Server (Server.java:run(1314)) - IPC Server Responder: starting
2019-09-25 05:52:41,039 [IPC Server listener on 41091] INFO  ipc.Server (Server.java:run(1153)) - IPC Server listener on 41091: starting
2019-09-25 05:52:41,045 [Thread-1059] INFO  http.HttpServer2 (HttpServer2.java:bindListener(1191)) - Jetty bound to port 46256
2019-09-25 05:52:41,045 [Thread-1059] INFO  server.Server (Server.java:doStart(351)) - jetty-9.3.25.v20180904, build timestamp: 2018-09-04T21:11:46Z, git hash: 3ce520221d0240229c862b122d2b06c12a625732
2019-09-25 05:52:41,047 [Thread-1059] INFO  handler.ContextHandler (ContextHandler.java:doStart(781)) - Started o.e.j.s.ServletContextHandler@2a31c7e0{/logs,file:///workdir/hadoop-ozone/ozonefs/target/log,AVAILABLE}
2019-09-25 05:52:41,048 [Thread-1059] INFO  handler.ContextHandler (ContextHandler.java:doStart(781)) - Started o.e.j.s.ServletContextHandler@a84d73{/static,jar:file:/home/user/.m2/repository/org/apache/hadoop/hadoop-hdds-server-scm/0.5.0-SNAPSHOT/hadoop-hdds-server-scm-0.5.0-SNAPSHOT.jar!/webapps/static,AVAILABLE}
2019-09-25 05:52:41,090 [Thread-1059] INFO  handler.ContextHandler (ContextHandler.java:doStart(781)) - Started o.e.j.w.WebAppContext@747822b{/,file:///tmp/jetty-0.0.0.0-46256-scm-_-any-2512516420570332568.dir/webapp/,AVAILABLE}{/scm}
2019-09-25 05:52:41,090 [Thread-1059] INFO  server.AbstractConnector (AbstractConnector.java:doStart(278)) - Started ServerConnector@44202df0{HTTP/1.1,[http/1.1]}{0.0.0.0:46256}
2019-09-25 05:52:41,093 [Thread-1059] INFO  server.Server (Server.java:doStart(419)) - Started @73969ms
2019-09-25 05:52:41,093 [Thread-1059] WARN  impl.MetricsSystemImpl (MetricsSystemImpl.java:register(276)) - Sink prometheus already exists!
2019-09-25 05:52:41,095 [Thread-1059] INFO  server.BaseHttpServer (BaseHttpServer.java:updateConnectorAddress(215)) - HTTP server of SCM is listening at http://0.0.0.0:46256
2019-09-25 05:52:41,098 [org.apache.hadoop.util.JvmPauseMonitor$Monitor@4f463995] INFO  util.JvmPauseMonitor (JvmPauseMonitor.java:run(188)) - Starting JVM pause monitor
2019-09-25 05:52:41,098 [Thread-1059] WARN  server.ServerUtils (ServerUtils.java:getDBPath(222)) - ozone.om.db.dirs is not configured. We recommend adding this setting. Falling back to ozone.metadata.dirs instead.
2019-09-25 05:52:41,125 [Thread-1059] WARN  server.ServerUtils (ServerUtils.java:getDBPath(222)) - ozone.om.db.dirs is not configured. We recommend adding this setting. Falling back to ozone.metadata.dirs instead.
2019-09-25 05:52:41,125 [Thread-1059] WARN  server.ServerUtils (ServerUtils.java:getDBPath(222)) - ozone.om.db.dirs is not configured. We recommend adding this setting. Falling back to ozone.metadata.dirs instead.
2019-09-25 05:52:41,125 [Thread-1059] INFO  om.OzoneManager (OzoneManager.java:setOMNodeDetails(652)) - OM Service ID is not set. Setting it to the default ID: omServiceIdDefault
2019-09-25 05:52:41,126 [Thread-1059] INFO  om.OzoneManager (OzoneManager.java:setOMNodeDetails(658)) - OM Node ID is not set. Setting it to the OmStorage's OmID: 01ab7981-78e8-4f7a-abbe-bcb7755ab5a2
2019-09-25 05:52:41,126 [Thread-1059] INFO  om.OzoneManager (OzoneManager.java:loadOMHAConfigs(609)) - Found matching OM address with OMServiceId: null, OMNodeId: null, RPC Address: localhost:0 and Ratis port: 9872
2019-09-25 05:52:41,134 [Thread-1059] WARN  server.ServerUtils (ServerUtils.java:getDBPath(222)) - ozone.om.db.dirs is not configured. We recommend adding this setting. Falling back to ozone.metadata.dirs instead.
2019-09-25 05:52:41,135 [Thread-1059] INFO  db.DBStoreBuilder (DBStoreBuilder.java:addTable(110)) - using custom profile for table: userTable
2019-09-25 05:52:41,135 [Thread-1059] INFO  db.DBStoreBuilder (DBStoreBuilder.java:processTables(161)) - Using default column profile:DBProfile.DISK for Table:userTable
2019-09-25 05:52:41,135 [Thread-1059] INFO  db.DBStoreBuilder (DBStoreBuilder.java:addTable(110)) - using custom profile for table: volumeTable
2019-09-25 05:52:41,136 [Thread-1059] INFO  db.DBStoreBuilder (DBStoreBuilder.java:processTables(161)) - Using default column profile:DBProfile.DISK for Table:volumeTable
2019-09-25 05:52:41,136 [Thread-1059] INFO  db.DBStoreBuilder (DBStoreBuilder.java:addTable(110)) - using custom profile for table: bucketTable
2019-09-25 05:52:41,136 [Thread-1059] INFO  db.DBStoreBuilder (DBStoreBuilder.java:processTables(161)) - Using default column profile:DBProfile.DISK for Table:bucketTable
2019-09-25 05:52:41,136 [Thread-1059] INFO  db.DBStoreBuilder (DBStoreBuilder.java:addTable(110)) - using custom profile for table: keyTable
2019-09-25 05:52:41,137 [Thread-1059] INFO  db.DBStoreBuilder (DBStoreBuilder.java:processTables(161)) - Using default column profile:DBProfile.DISK for Table:keyTable
2019-09-25 05:52:41,137 [Thread-1059] INFO  db.DBStoreBuilder (DBStoreBuilder.java:addTable(110)) - using custom profile for table: deletedTable
2019-09-25 05:52:41,137 [Thread-1059] INFO  db.DBStoreBuilder (DBStoreBuilder.java:processTables(161)) - Using default column profile:DBProfile.DISK for Table:deletedTable
2019-09-25 05:52:41,137 [Thread-1059] INFO  db.DBStoreBuilder (DBStoreBuilder.java:addTable(110)) - using custom profile for table: openKeyTable
2019-09-25 05:52:41,137 [Thread-1059] INFO  db.DBStoreBuilder (DBStoreBuilder.java:processTables(161)) - Using default column profile:DBProfile.DISK for Table:openKeyTable
2019-09-25 05:52:41,138 [Thread-1059] INFO  db.DBStoreBuilder (DBStoreBuilder.java:addTable(110)) - using custom profile for table: s3Table
2019-09-25 05:52:41,138 [Thread-1059] INFO  db.DBStoreBuilder (DBStoreBuilder.java:processTables(161)) - Using default column profile:DBProfile.DISK for Table:s3Table
2019-09-25 05:52:41,138 [Thread-1059] INFO  db.DBStoreBuilder (DBStoreBuilder.java:addTable(110)) - using custom profile for table: multipartInfoTable
2019-09-25 05:52:41,138 [Thread-1059] INFO  db.DBStoreBuilder (DBStoreBuilder.java:processTables(161)) - Using default column profile:DBProfile.DISK for Table:multipartInfoTable
2019-09-25 05:52:41,139 [Thread-1059] INFO  db.DBStoreBuilder (DBStoreBuilder.java:addTable(110)) - using custom profile for table: dTokenTable
2019-09-25 05:52:41,139 [Thread-1059] INFO  db.DBStoreBuilder (DBStoreBuilder.java:processTables(161)) - Using default column profile:DBProfile.DISK for Table:dTokenTable
2019-09-25 05:52:41,139 [Thread-1059] INFO  db.DBStoreBuilder (DBStoreBuilder.java:addTable(110)) - using custom profile for table: s3SecretTable
2019-09-25 05:52:41,139 [Thread-1059] INFO  db.DBStoreBuilder (DBStoreBuilder.java:processTables(161)) - Using default column profile:DBProfile.DISK for Table:s3SecretTable
2019-09-25 05:52:41,140 [Thread-1059] INFO  db.DBStoreBuilder (DBStoreBuilder.java:addTable(110)) - using custom profile for table: prefixTable
2019-09-25 05:52:41,140 [Thread-1059] INFO  db.DBStoreBuilder (DBStoreBuilder.java:processTables(161)) - Using default column profile:DBProfile.DISK for Table:prefixTable
2019-09-25 05:52:41,140 [Thread-1059] INFO  db.DBStoreBuilder (DBStoreBuilder.java:addTable(110)) - using custom profile for table: default
2019-09-25 05:52:41,140 [Thread-1059] INFO  db.DBStoreBuilder (DBStoreBuilder.java:processTables(167)) - Using default column profile:DBProfile.DISK for Table:default
2019-09-25 05:52:41,140 [Thread-1059] INFO  db.DBStoreBuilder (DBStoreBuilder.java:getDbProfile(198)) - Using default options. DBProfile.DISK
2019-09-25 05:52:41,606 [Thread-1059] INFO  ipc.CallQueueManager (CallQueueManager.java:<init>(84)) - Using callQueue: class java.util.concurrent.LinkedBlockingQueue, queueCapacity: 2000, scheduler: class org.apache.hadoop.ipc.DefaultRpcScheduler, ipcBackoff: false.
2019-09-25 05:52:41,608 [Socket Reader #1 for port 37881] INFO  ipc.Server (Server.java:run(1074)) - Starting Socket Reader #1 for port 37881
2019-09-25 05:52:41,638 [Thread-1059] INFO  om.OzoneManager (OzoneManager.java:start(1243)) - OzoneManager RPC server is listening at localhost/127.0.0.1:37881
2019-09-25 05:52:41,638 [Thread-1059] INFO  impl.MetricsSystemImpl (MetricsSystemImpl.java:init(158)) - OzoneManager metrics system started (again)
2019-09-25 05:52:41,639 [IPC Server Responder] INFO  ipc.Server (Server.java:run(1314)) - IPC Server Responder: starting
2019-09-25 05:52:41,639 [IPC Server listener on 37881] INFO  ipc.Server (Server.java:run(1153)) - IPC Server listener on 37881: starting
2019-09-25 05:52:41,646 [Thread-1059] INFO  hdfs.DFSUtil (DFSUtil.java:httpServerTemplateForNNAndJN(1641)) - Starting Web-server for ozoneManager at: http://0.0.0.0:0
2019-09-25 05:52:41,648 [Thread-1059] INFO  server.AuthenticationFilter (AuthenticationFilter.java:constructSecretProvider(240)) - Unable to initialize FileSignerSecretProvider, falling back to use random secrets.
2019-09-25 05:52:41,649 [Thread-1059] WARN  http.HttpRequestLog (HttpRequestLog.java:getRequestLog(97)) - Jetty request log can only be enabled using Log4j
2019-09-25 05:52:41,651 [Thread-1059] INFO  http.HttpServer2 (HttpServer2.java:addGlobalFilter(975)) - Added global filter 'safety' (class=org.apache.hadoop.http.HttpServer2$QuotingInputFilter)
2019-09-25 05:52:41,652 [Thread-1059] INFO  http.HttpServer2 (HttpServer2.java:addFilter(948)) - Added filter static_user_filter (class=org.apache.hadoop.http.lib.StaticUserWebFilter$StaticUserFilter) to context ozoneManager
2019-09-25 05:52:41,652 [Thread-1059] INFO  http.HttpServer2 (HttpServer2.java:addFilter(958)) - Added filter static_user_filter (class=org.apache.hadoop.http.lib.StaticUserWebFilter$StaticUserFilter) to context logs
2019-09-25 05:52:41,652 [Thread-1059] INFO  http.HttpServer2 (HttpServer2.java:addFilter(958)) - Added filter static_user_filter (class=org.apache.hadoop.http.lib.StaticUserWebFilter$StaticUserFilter) to context static
2019-09-25 05:52:41,653 [Thread-1059] INFO  http.HttpServer2 (HttpServer2.java:bindListener(1191)) - Jetty bound to port 38835
2019-09-25 05:52:41,653 [Thread-1059] INFO  server.Server (Server.java:doStart(351)) - jetty-9.3.25.v20180904, build timestamp: 2018-09-04T21:11:46Z, git hash: 3ce520221d0240229c862b122d2b06c12a625732
2019-09-25 05:52:41,656 [Thread-1059] INFO  handler.ContextHandler (ContextHandler.java:doStart(781)) - Started o.e.j.s.ServletContextHandler@1b5dea15{/logs,file:///workdir/hadoop-ozone/ozonefs/target/log,AVAILABLE}
2019-09-25 05:52:41,656 [Thread-1059] INFO  handler.ContextHandler (ContextHandler.java:doStart(781)) - Started o.e.j.s.ServletContextHandler@64f4b87a{/static,jar:file:/home/user/.m2/repository/org/apache/hadoop/hadoop-ozone-ozone-manager/0.5.0-SNAPSHOT/hadoop-ozone-ozone-manager-0.5.0-SNAPSHOT.jar!/webapps/static,AVAILABLE}
2019-09-25 05:52:41,710 [Thread-1059] INFO  handler.ContextHandler (ContextHandler.java:doStart(781)) - Started o.e.j.w.WebAppContext@1dbaaa90{/,file:///tmp/jetty-0.0.0.0-38835-ozoneManager-_-any-953020703583085147.dir/webapp/,AVAILABLE}{/ozoneManager}
2019-09-25 05:52:41,711 [Thread-1059] INFO  server.AbstractConnector (AbstractConnector.java:doStart(278)) - Started ServerConnector@5fa06e8e{HTTP/1.1,[http/1.1]}{0.0.0.0:38835}
2019-09-25 05:52:41,712 [Thread-1059] INFO  server.Server (Server.java:doStart(419)) - Started @74588ms
2019-09-25 05:52:41,712 [Thread-1059] WARN  impl.MetricsSystemImpl (MetricsSystemImpl.java:register(276)) - Sink prometheus already exists!
2019-09-25 05:52:41,713 [Thread-1059] INFO  server.BaseHttpServer (BaseHttpServer.java:updateConnectorAddress(215)) - HTTP server of OZONEMANAGER is listening at http://0.0.0.0:38835
2019-09-25 05:52:41,720 [Thread-1059] INFO  impl.MetricsSystemImpl (MetricsSystemImpl.java:init(158)) - HddsDatanode metrics system started (again)
2019-09-25 05:52:41,723 [Thread-1059] INFO  ozone.HddsDatanodeService (HddsDatanodeService.java:start(184)) - HddsDatanodeService host:pr-hdds-1569-zxpks-796972592 ip:192.168.5.161
2019-09-25 05:52:41,730 [Thread-1059] INFO  volume.HddsVolume (HddsVolume.java:<init>(176)) - Creating Volume: /workdir/hadoop-ozone/ozonefs/target/test-dir/MiniOzoneClusterImpl-adbbc45e-2f66-4e28-a2c7-3dfa588ff680/datanode-0/data/containers/hdds of  storage type : DISK and capacity : 1482555576320
2019-09-25 05:52:41,730 [Thread-1059] INFO  volume.VolumeSet (VolumeSet.java:initializeVolumeSet(170)) - Added Volume : /workdir/hadoop-ozone/ozonefs/target/test-dir/MiniOzoneClusterImpl-adbbc45e-2f66-4e28-a2c7-3dfa588ff680/datanode-0/data/containers/hdds to VolumeSet
2019-09-25 05:52:41,730 [Thread-1059] INFO  volume.ThrottledAsyncChecker (ThrottledAsyncChecker.java:schedule(139)) - Scheduling a check for org.apache.hadoop.ozone.container.common.volume.HddsVolume@67234f9e
2019-09-25 05:52:41,731 [Thread-1059] INFO  volume.HddsVolumeChecker (HddsVolumeChecker.java:checkAllVolumes(202)) - Scheduled health check for volume org.apache.hadoop.ozone.container.common.volume.HddsVolume@67234f9e
2019-09-25 05:52:41,751 [Thread-1059] INFO  impl.RaftServerProxy (ConfUtils.java:logGet(43)) - raft.rpc.type = GRPC (default)
2019-09-25 05:52:41,751 [Thread-1059] INFO  grpc.GrpcFactory (GrpcFactory.java:checkPooledByteBufAllocatorUseCacheForAllThreads(45)) - PERFORMANCE WARNING: useCacheForAllThreads is true that may cause Netty to create a lot garbage objects and, as a result, trigger GC.
	It is recommended to disable useCacheForAllThreads by setting -Dorg.apache.ratis.thirdparty.io.netty.allocator.useCacheForAllThreads=false in command line.
2019-09-25 05:52:41,751 [Thread-1059] INFO  grpc.GrpcConfigKeys$Server (ConfUtils.java:logGet(43)) - raft.grpc.server.port = 0 (default)
2019-09-25 05:52:41,752 [Thread-1059] INFO  server.GrpcService (ConfUtils.java:logGet(43)) - raft.grpc.message.size.max = 33570816 (custom)
2019-09-25 05:52:41,752 [Thread-1059] INFO  server.RaftServerConfigKeys (ConfUtils.java:logGet(43)) - raft.server.log.appender.buffer.byte-limit = 33554432 (custom)
2019-09-25 05:52:41,752 [Thread-1059] INFO  server.GrpcService (ConfUtils.java:logGet(43)) - raft.grpc.flow.control.window = 1MB (=1048576) (default)
2019-09-25 05:52:41,752 [Thread-1059] INFO  server.RaftServerConfigKeys (ConfUtils.java:logGet(43)) - raft.server.rpc.request.timeout = 3000ms (default)
2019-09-25 05:52:41,752 [Thread-1059] INFO  server.RaftServerConfigKeys (ConfUtils.java:logGet(43)) - raft.server.storage.dir = [/workdir/hadoop-ozone/ozonefs/target/test-dir/MiniOzoneClusterImpl-adbbc45e-2f66-4e28-a2c7-3dfa588ff680/datanode-0/data/ratis] (custom)
2019-09-25 05:52:41,754 [Thread-1059] INFO  hdfs.DFSUtil (DFSUtil.java:httpServerTemplateForNNAndJN(1641)) - Starting Web-server for hddsDatanode at: http://0.0.0.0:0
2019-09-25 05:52:41,755 [Thread-1059] INFO  server.AuthenticationFilter (AuthenticationFilter.java:constructSecretProvider(240)) - Unable to initialize FileSignerSecretProvider, falling back to use random secrets.
2019-09-25 05:52:41,755 [Thread-1059] WARN  http.HttpRequestLog (HttpRequestLog.java:getRequestLog(97)) - Jetty request log can only be enabled using Log4j
2019-09-25 05:52:41,757 [Thread-1059] INFO  http.HttpServer2 (HttpServer2.java:addGlobalFilter(975)) - Added global filter 'safety' (class=org.apache.hadoop.http.HttpServer2$QuotingInputFilter)
2019-09-25 05:52:41,758 [Thread-1059] INFO  http.HttpServer2 (HttpServer2.java:addFilter(948)) - Added filter static_user_filter (class=org.apache.hadoop.http.lib.StaticUserWebFilter$StaticUserFilter) to context hddsDatanode
2019-09-25 05:52:41,758 [Thread-1059] INFO  http.HttpServer2 (HttpServer2.java:addFilter(958)) - Added filter static_user_filter (class=org.apache.hadoop.http.lib.StaticUserWebFilter$StaticUserFilter) to context logs
2019-09-25 05:52:41,758 [Thread-1059] INFO  http.HttpServer2 (HttpServer2.java:addFilter(958)) - Added filter static_user_filter (class=org.apache.hadoop.http.lib.StaticUserWebFilter$StaticUserFilter) to context static
2019-09-25 05:52:41,758 [Thread-1059] INFO  http.HttpServer2 (HttpServer2.java:bindListener(1191)) - Jetty bound to port 42308
2019-09-25 05:52:41,759 [Thread-1059] INFO  server.Server (Server.java:doStart(351)) - jetty-9.3.25.v20180904, build timestamp: 2018-09-04T21:11:46Z, git hash: 3ce520221d0240229c862b122d2b06c12a625732
2019-09-25 05:52:41,760 [Thread-1059] INFO  handler.ContextHandler (ContextHandler.java:doStart(781)) - Started o.e.j.s.ServletContextHandler@707c0d5e{/logs,file:///workdir/hadoop-ozone/ozonefs/target/log,AVAILABLE}
2019-09-25 05:52:41,761 [Thread-1059] INFO  handler.ContextHandler (ContextHandler.java:doStart(781)) - Started o.e.j.s.ServletContextHandler@c47351d{/static,jar:file:/home/user/.m2/repository/org/apache/hadoop/hadoop-hdds-container-service/0.5.0-SNAPSHOT/hadoop-hdds-container-service-0.5.0-SNAPSHOT.jar!/webapps/static,AVAILABLE}
2019-09-25 05:52:41,788 [Thread-1059] INFO  handler.ContextHandler (ContextHandler.java:doStart(781)) - Started o.e.j.w.WebAppContext@7bc09e67{/,file:///tmp/jetty-0.0.0.0-42308-hddsDatanode-_-any-2132005183289543660.dir/webapp/,AVAILABLE}{/hddsDatanode}
2019-09-25 05:52:41,788 [Thread-1059] INFO  server.AbstractConnector (AbstractConnector.java:doStart(278)) - Started ServerConnector@5c22b08c{HTTP/1.1,[http/1.1]}{0.0.0.0:42308}
2019-09-25 05:52:41,789 [Thread-1059] INFO  server.Server (Server.java:doStart(419)) - Started @74666ms
2019-09-25 05:52:41,789 [Thread-1059] WARN  impl.MetricsSystemImpl (MetricsSystemImpl.java:register(276)) - Sink prometheus already exists!
2019-09-25 05:52:41,790 [Thread-1059] INFO  server.BaseHttpServer (BaseHttpServer.java:updateConnectorAddress(215)) - HTTP server of HDDSDATANODE is listening at http://0.0.0.0:42308
2019-09-25 05:52:41,790 [Thread-1059] INFO  impl.MetricsSystemImpl (MetricsSystemImpl.java:init(158)) - HddsDatanode metrics system started (again)
2019-09-25 05:52:41,794 [org.apache.hadoop.util.JvmPauseMonitor$Monitor@4a0f06ff] INFO  util.JvmPauseMonitor (JvmPauseMonitor.java:run(188)) - Starting JVM pause monitor
2019-09-25 05:52:41,794 [Thread-1059] INFO  ozone.HddsDatanodeService (HddsDatanodeService.java:start(184)) - HddsDatanodeService host:pr-hdds-1569-zxpks-796972592 ip:192.168.5.161
2019-09-25 05:52:41,796 [Datanode State Machine Thread - 0] INFO  datanode.InitDatanodeState (InitDatanodeState.java:persistContainerDatanodeDetails(140)) - DatanodeDetails is persisted to /workdir/hadoop-ozone/ozonefs/target/test-dir/MiniOzoneClusterImpl-adbbc45e-2f66-4e28-a2c7-3dfa588ff680/datanode-0/meta/datanode.id
2019-09-25 05:52:41,801 [Thread-1059] INFO  volume.HddsVolume (HddsVolume.java:<init>(176)) - Creating Volume: /workdir/hadoop-ozone/ozonefs/target/test-dir/MiniOzoneClusterImpl-adbbc45e-2f66-4e28-a2c7-3dfa588ff680/datanode-1/data/containers/hdds of  storage type : DISK and capacity : 1482555576320
2019-09-25 05:52:41,801 [Thread-1059] INFO  volume.VolumeSet (VolumeSet.java:initializeVolumeSet(170)) - Added Volume : /workdir/hadoop-ozone/ozonefs/target/test-dir/MiniOzoneClusterImpl-adbbc45e-2f66-4e28-a2c7-3dfa588ff680/datanode-1/data/containers/hdds to VolumeSet
2019-09-25 05:52:41,801 [Thread-1059] INFO  volume.ThrottledAsyncChecker (ThrottledAsyncChecker.java:schedule(139)) - Scheduling a check for org.apache.hadoop.ozone.container.common.volume.HddsVolume@13caa2d1
2019-09-25 05:52:41,802 [Thread-1059] INFO  volume.HddsVolumeChecker (HddsVolumeChecker.java:checkAllVolumes(202)) - Scheduled health check for volume org.apache.hadoop.ozone.container.common.volume.HddsVolume@13caa2d1
2019-09-25 05:52:41,821 [Thread-1059] INFO  impl.RaftServerProxy (ConfUtils.java:logGet(43)) - raft.rpc.type = GRPC (default)
2019-09-25 05:52:41,821 [Thread-1059] INFO  grpc.GrpcFactory (GrpcFactory.java:checkPooledByteBufAllocatorUseCacheForAllThreads(45)) - PERFORMANCE WARNING: useCacheForAllThreads is true that may cause Netty to create a lot garbage objects and, as a result, trigger GC.
	It is recommended to disable useCacheForAllThreads by setting -Dorg.apache.ratis.thirdparty.io.netty.allocator.useCacheForAllThreads=false in command line.
2019-09-25 05:52:41,821 [Thread-1059] INFO  grpc.GrpcConfigKeys$Server (ConfUtils.java:logGet(43)) - raft.grpc.server.port = 0 (default)
2019-09-25 05:52:41,821 [Thread-1059] INFO  server.GrpcService (ConfUtils.java:logGet(43)) - raft.grpc.message.size.max = 33570816 (custom)
2019-09-25 05:52:41,821 [Thread-1059] INFO  server.RaftServerConfigKeys (ConfUtils.java:logGet(43)) - raft.server.log.appender.buffer.byte-limit = 33554432 (custom)
2019-09-25 05:52:41,822 [Thread-1059] INFO  server.GrpcService (ConfUtils.java:logGet(43)) - raft.grpc.flow.control.window = 1MB (=1048576) (default)
2019-09-25 05:52:41,822 [Thread-1059] INFO  server.RaftServerConfigKeys (ConfUtils.java:logGet(43)) - raft.server.rpc.request.timeout = 3000ms (default)
2019-09-25 05:52:41,822 [Thread-1059] INFO  server.RaftServerConfigKeys (ConfUtils.java:logGet(43)) - raft.server.storage.dir = [/workdir/hadoop-ozone/ozonefs/target/test-dir/MiniOzoneClusterImpl-adbbc45e-2f66-4e28-a2c7-3dfa588ff680/datanode-1/data/ratis] (custom)
2019-09-25 05:52:41,823 [Thread-1059] INFO  hdfs.DFSUtil (DFSUtil.java:httpServerTemplateForNNAndJN(1641)) - Starting Web-server for hddsDatanode at: http://0.0.0.0:0
2019-09-25 05:52:41,825 [Thread-1059] INFO  server.AuthenticationFilter (AuthenticationFilter.java:constructSecretProvider(240)) - Unable to initialize FileSignerSecretProvider, falling back to use random secrets.
2019-09-25 05:52:41,825 [Thread-1059] WARN  http.HttpRequestLog (HttpRequestLog.java:getRequestLog(97)) - Jetty request log can only be enabled using Log4j
2019-09-25 05:52:41,826 [Thread-1059] INFO  http.HttpServer2 (HttpServer2.java:addGlobalFilter(975)) - Added global filter 'safety' (class=org.apache.hadoop.http.HttpServer2$QuotingInputFilter)
2019-09-25 05:52:41,827 [Thread-1059] INFO  http.HttpServer2 (HttpServer2.java:addFilter(948)) - Added filter static_user_filter (class=org.apache.hadoop.http.lib.StaticUserWebFilter$StaticUserFilter) to context hddsDatanode
2019-09-25 05:52:41,827 [Thread-1059] INFO  http.HttpServer2 (HttpServer2.java:addFilter(958)) - Added filter static_user_filter (class=org.apache.hadoop.http.lib.StaticUserWebFilter$StaticUserFilter) to context static
2019-09-25 05:52:41,827 [Thread-1059] INFO  http.HttpServer2 (HttpServer2.java:addFilter(958)) - Added filter static_user_filter (class=org.apache.hadoop.http.lib.StaticUserWebFilter$StaticUserFilter) to context logs
2019-09-25 05:52:41,828 [Thread-1059] INFO  http.HttpServer2 (HttpServer2.java:bindListener(1191)) - Jetty bound to port 45461
2019-09-25 05:52:41,828 [Thread-1059] INFO  server.Server (Server.java:doStart(351)) - jetty-9.3.25.v20180904, build timestamp: 2018-09-04T21:11:46Z, git hash: 3ce520221d0240229c862b122d2b06c12a625732
2019-09-25 05:52:41,830 [Thread-1059] INFO  handler.ContextHandler (ContextHandler.java:doStart(781)) - Started o.e.j.s.ServletContextHandler@78c16008{/logs,file:///workdir/hadoop-ozone/ozonefs/target/log,AVAILABLE}
2019-09-25 05:52:41,830 [Thread-1059] INFO  handler.ContextHandler (ContextHandler.java:doStart(781)) - Started o.e.j.s.ServletContextHandler@624f2aeb{/static,jar:file:/home/user/.m2/repository/org/apache/hadoop/hadoop-hdds-container-service/0.5.0-SNAPSHOT/hadoop-hdds-container-service-0.5.0-SNAPSHOT.jar!/webapps/static,AVAILABLE}
2019-09-25 05:52:41,857 [Thread-1059] INFO  handler.ContextHandler (ContextHandler.java:doStart(781)) - Started o.e.j.w.WebAppContext@7f6543ca{/,file:///tmp/jetty-0.0.0.0-45461-hddsDatanode-_-any-6826578601046891824.dir/webapp/,AVAILABLE}{/hddsDatanode}
2019-09-25 05:52:41,857 [Thread-1059] INFO  server.AbstractConnector (AbstractConnector.java:doStart(278)) - Started ServerConnector@38730d3d{HTTP/1.1,[http/1.1]}{0.0.0.0:45461}
2019-09-25 05:52:41,859 [Thread-1059] INFO  server.Server (Server.java:doStart(419)) - Started @74735ms
2019-09-25 05:52:41,859 [Thread-1059] WARN  impl.MetricsSystemImpl (MetricsSystemImpl.java:register(276)) - Sink prometheus already exists!
2019-09-25 05:52:41,859 [Thread-1059] INFO  server.BaseHttpServer (BaseHttpServer.java:updateConnectorAddress(215)) - HTTP server of HDDSDATANODE is listening at http://0.0.0.0:45461
2019-09-25 05:52:41,860 [Thread-1059] INFO  impl.MetricsSystemImpl (MetricsSystemImpl.java:init(158)) - HddsDatanode metrics system started (again)
2019-09-25 05:52:41,864 [org.apache.hadoop.util.JvmPauseMonitor$Monitor@89560f4] INFO  util.JvmPauseMonitor (JvmPauseMonitor.java:run(188)) - Starting JVM pause monitor
2019-09-25 05:52:41,864 [Thread-1059] INFO  ozone.HddsDatanodeService (HddsDatanodeService.java:start(184)) - HddsDatanodeService host:pr-hdds-1569-zxpks-796972592 ip:192.168.5.161
2019-09-25 05:52:41,866 [Datanode State Machine Thread - 0] INFO  datanode.InitDatanodeState (InitDatanodeState.java:persistContainerDatanodeDetails(140)) - DatanodeDetails is persisted to /workdir/hadoop-ozone/ozonefs/target/test-dir/MiniOzoneClusterImpl-adbbc45e-2f66-4e28-a2c7-3dfa588ff680/datanode-1/meta/datanode.id
2019-09-25 05:52:41,877 [Thread-1059] INFO  volume.HddsVolume (HddsVolume.java:<init>(176)) - Creating Volume: /workdir/hadoop-ozone/ozonefs/target/test-dir/MiniOzoneClusterImpl-adbbc45e-2f66-4e28-a2c7-3dfa588ff680/datanode-2/data/containers/hdds of  storage type : DISK and capacity : 1482555576320
2019-09-25 05:52:41,877 [Thread-1059] INFO  volume.VolumeSet (VolumeSet.java:initializeVolumeSet(170)) - Added Volume : /workdir/hadoop-ozone/ozonefs/target/test-dir/MiniOzoneClusterImpl-adbbc45e-2f66-4e28-a2c7-3dfa588ff680/datanode-2/data/containers/hdds to VolumeSet
2019-09-25 05:52:41,878 [Thread-1059] INFO  volume.ThrottledAsyncChecker (ThrottledAsyncChecker.java:schedule(139)) - Scheduling a check for org.apache.hadoop.ozone.container.common.volume.HddsVolume@6c94a671
2019-09-25 05:52:41,878 [Thread-1059] INFO  volume.HddsVolumeChecker (HddsVolumeChecker.java:checkAllVolumes(202)) - Scheduled health check for volume org.apache.hadoop.ozone.container.common.volume.HddsVolume@6c94a671
2019-09-25 05:52:41,904 [Thread-1059] INFO  impl.RaftServerProxy (ConfUtils.java:logGet(43)) - raft.rpc.type = GRPC (default)
2019-09-25 05:52:41,904 [Thread-1059] INFO  grpc.GrpcFactory (GrpcFactory.java:checkPooledByteBufAllocatorUseCacheForAllThreads(45)) - PERFORMANCE WARNING: useCacheForAllThreads is true that may cause Netty to create a lot garbage objects and, as a result, trigger GC.
	It is recommended to disable useCacheForAllThreads by setting -Dorg.apache.ratis.thirdparty.io.netty.allocator.useCacheForAllThreads=false in command line.
2019-09-25 05:52:41,904 [Thread-1059] INFO  grpc.GrpcConfigKeys$Server (ConfUtils.java:logGet(43)) - raft.grpc.server.port = 0 (default)
2019-09-25 05:52:41,904 [Thread-1059] INFO  server.GrpcService (ConfUtils.java:logGet(43)) - raft.grpc.message.size.max = 33570816 (custom)
2019-09-25 05:52:41,904 [Thread-1059] INFO  server.RaftServerConfigKeys (ConfUtils.java:logGet(43)) - raft.server.log.appender.buffer.byte-limit = 33554432 (custom)
2019-09-25 05:52:41,904 [Thread-1059] INFO  server.GrpcService (ConfUtils.java:logGet(43)) - raft.grpc.flow.control.window = 1MB (=1048576) (default)
2019-09-25 05:52:41,905 [Thread-1059] INFO  server.RaftServerConfigKeys (ConfUtils.java:logGet(43)) - raft.server.rpc.request.timeout = 3000ms (default)
2019-09-25 05:52:41,905 [Thread-1059] INFO  server.RaftServerConfigKeys (ConfUtils.java:logGet(43)) - raft.server.storage.dir = [/workdir/hadoop-ozone/ozonefs/target/test-dir/MiniOzoneClusterImpl-adbbc45e-2f66-4e28-a2c7-3dfa588ff680/datanode-2/data/ratis] (custom)
2019-09-25 05:52:41,907 [Thread-1059] INFO  hdfs.DFSUtil (DFSUtil.java:httpServerTemplateForNNAndJN(1641)) - Starting Web-server for hddsDatanode at: http://0.0.0.0:0
2019-09-25 05:52:41,908 [Thread-1059] INFO  server.AuthenticationFilter (AuthenticationFilter.java:constructSecretProvider(240)) - Unable to initialize FileSignerSecretProvider, falling back to use random secrets.
2019-09-25 05:52:41,908 [Thread-1059] WARN  http.HttpRequestLog (HttpRequestLog.java:getRequestLog(97)) - Jetty request log can only be enabled using Log4j
2019-09-25 05:52:41,910 [Thread-1059] INFO  http.HttpServer2 (HttpServer2.java:addGlobalFilter(975)) - Added global filter 'safety' (class=org.apache.hadoop.http.HttpServer2$QuotingInputFilter)
2019-09-25 05:52:41,911 [Thread-1059] INFO  http.HttpServer2 (HttpServer2.java:addFilter(948)) - Added filter static_user_filter (class=org.apache.hadoop.http.lib.StaticUserWebFilter$StaticUserFilter) to context hddsDatanode
2019-09-25 05:52:41,911 [Thread-1059] INFO  http.HttpServer2 (HttpServer2.java:addFilter(958)) - Added filter static_user_filter (class=org.apache.hadoop.http.lib.StaticUserWebFilter$StaticUserFilter) to context logs
2019-09-25 05:52:41,911 [Thread-1059] INFO  http.HttpServer2 (HttpServer2.java:addFilter(958)) - Added filter static_user_filter (class=org.apache.hadoop.http.lib.StaticUserWebFilter$StaticUserFilter) to context static
2019-09-25 05:52:41,912 [Thread-1059] INFO  http.HttpServer2 (HttpServer2.java:bindListener(1191)) - Jetty bound to port 37515
2019-09-25 05:52:41,912 [Thread-1059] INFO  server.Server (Server.java:doStart(351)) - jetty-9.3.25.v20180904, build timestamp: 2018-09-04T21:11:46Z, git hash: 3ce520221d0240229c862b122d2b06c12a625732
2019-09-25 05:52:41,914 [Thread-1059] INFO  handler.ContextHandler (ContextHandler.java:doStart(781)) - Started o.e.j.s.ServletContextHandler@c2a8898{/logs,file:///workdir/hadoop-ozone/ozonefs/target/log,AVAILABLE}
2019-09-25 05:52:41,914 [Thread-1059] INFO  handler.ContextHandler (ContextHandler.java:doStart(781)) - Started o.e.j.s.ServletContextHandler@34526e4a{/static,jar:file:/home/user/.m2/repository/org/apache/hadoop/hadoop-hdds-container-service/0.5.0-SNAPSHOT/hadoop-hdds-container-service-0.5.0-SNAPSHOT.jar!/webapps/static,AVAILABLE}
2019-09-25 05:52:41,957 [Thread-1059] INFO  handler.ContextHandler (ContextHandler.java:doStart(781)) - Started o.e.j.w.WebAppContext@7432c06e{/,file:///tmp/jetty-0.0.0.0-37515-hddsDatanode-_-any-4151130813256948238.dir/webapp/,AVAILABLE}{/hddsDatanode}
2019-09-25 05:52:41,958 [Thread-1059] INFO  server.AbstractConnector (AbstractConnector.java:doStart(278)) - Started ServerConnector@36bc9b1{HTTP/1.1,[http/1.1]}{0.0.0.0:37515}
2019-09-25 05:52:41,960 [Thread-1059] INFO  server.Server (Server.java:doStart(419)) - Started @74836ms
2019-09-25 05:52:41,960 [Thread-1059] WARN  impl.MetricsSystemImpl (MetricsSystemImpl.java:register(276)) - Sink prometheus already exists!
2019-09-25 05:52:41,961 [Thread-1059] INFO  server.BaseHttpServer (BaseHttpServer.java:updateConnectorAddress(215)) - HTTP server of HDDSDATANODE is listening at http://0.0.0.0:37515
2019-09-25 05:52:41,961 [Thread-1059] INFO  ozone.MiniOzoneClusterImpl (MiniOzoneClusterImpl.java:lambda$waitForClusterToBeReady$0(147)) - Waiting for cluster to be ready. Got 0 of 3 DN Heartbeats.
2019-09-25 05:52:41,963 [org.apache.hadoop.util.JvmPauseMonitor$Monitor@226042dc] INFO  util.JvmPauseMonitor (JvmPauseMonitor.java:run(188)) - Starting JVM pause monitor
2019-09-25 05:52:41,965 [Datanode State Machine Thread - 0] INFO  datanode.InitDatanodeState (InitDatanodeState.java:persistContainerDatanodeDetails(140)) - DatanodeDetails is persisted to /workdir/hadoop-ozone/ozonefs/target/test-dir/MiniOzoneClusterImpl-adbbc45e-2f66-4e28-a2c7-3dfa588ff680/datanode-2/meta/datanode.id
2019-09-25 05:52:42,962 [Thread-1059] INFO  ozone.MiniOzoneClusterImpl (MiniOzoneClusterImpl.java:lambda$waitForClusterToBeReady$0(147)) - Waiting for cluster to be ready. Got 0 of 3 DN Heartbeats.
2019-09-25 05:52:43,825 [Datanode State Machine Thread - 0] INFO  ozoneimpl.OzoneContainer (OzoneContainer.java:start(217)) - Attempting to start container services.
2019-09-25 05:52:43,825 [Datanode State Machine Thread - 0] INFO  ozoneimpl.OzoneContainer (OzoneContainer.java:startContainerScrub(179)) - Background container scanner has been disabled.
2019-09-25 05:52:43,826 [Datanode State Machine Thread - 0] INFO  ratis.XceiverServerRatis (XceiverServerRatis.java:start(411)) - Starting XceiverServerRatis 064658ec-5496-488b-bd05-2b25fa23e071 at port 0
2019-09-25 05:52:43,833 [Datanode State Machine Thread - 0] INFO  impl.RaftServerProxy (RaftServerProxy.java:lambda$start$3(299)) - 064658ec-5496-488b-bd05-2b25fa23e071: start RPC server
2019-09-25 05:52:43,837 [Datanode State Machine Thread - 0] INFO  server.GrpcService (GrpcService.java:startImpl(158)) - 064658ec-5496-488b-bd05-2b25fa23e071: GrpcService started, listening on 0.0.0.0/0.0.0.0:34189
2019-09-25 05:52:43,837 [Datanode State Machine Thread - 0] INFO  ratis.XceiverServerRatis (XceiverServerRatis.java:start(421)) - XceiverServerRatis 064658ec-5496-488b-bd05-2b25fa23e071 is started using port 34189
2019-09-25 05:52:43,837 [Datanode State Machine Thread - 0] INFO  server.XceiverServerGrpc (XceiverServerGrpc.java:start(149)) - XceiverServerGrpc 064658ec-5496-488b-bd05-2b25fa23e071 is started using port 44817
2019-09-25 05:52:43,879 [Datanode State Machine Thread - 0] INFO  ozoneimpl.OzoneContainer (OzoneContainer.java:start(217)) - Attempting to start container services.
2019-09-25 05:52:43,880 [Datanode State Machine Thread - 0] INFO  ozoneimpl.OzoneContainer (OzoneContainer.java:startContainerScrub(179)) - Background container scanner has been disabled.
2019-09-25 05:52:43,880 [Datanode State Machine Thread - 0] INFO  ratis.XceiverServerRatis (XceiverServerRatis.java:start(411)) - Starting XceiverServerRatis 2ee30776-dbb8-4e40-babf-43a7beb94cbe at port 0
2019-09-25 05:52:43,888 [Datanode State Machine Thread - 0] INFO  impl.RaftServerProxy (RaftServerProxy.java:lambda$start$3(299)) - 2ee30776-dbb8-4e40-babf-43a7beb94cbe: start RPC server
2019-09-25 05:52:43,891 [Datanode State Machine Thread - 0] INFO  server.GrpcService (GrpcService.java:startImpl(158)) - 2ee30776-dbb8-4e40-babf-43a7beb94cbe: GrpcService started, listening on 0.0.0.0/0.0.0.0:40350
2019-09-25 05:52:43,891 [Datanode State Machine Thread - 0] INFO  ratis.XceiverServerRatis (XceiverServerRatis.java:start(421)) - XceiverServerRatis 2ee30776-dbb8-4e40-babf-43a7beb94cbe is started using port 40350
2019-09-25 05:52:43,892 [Datanode State Machine Thread - 0] INFO  server.XceiverServerGrpc (XceiverServerGrpc.java:start(149)) - XceiverServerGrpc 2ee30776-dbb8-4e40-babf-43a7beb94cbe is started using port 42037
2019-09-25 05:52:43,962 [Thread-1059] INFO  ozone.MiniOzoneClusterImpl (MiniOzoneClusterImpl.java:lambda$waitForClusterToBeReady$0(147)) - Waiting for cluster to be ready. Got 0 of 3 DN Heartbeats.
2019-09-25 05:52:43,978 [Datanode State Machine Thread - 0] INFO  ozoneimpl.OzoneContainer (OzoneContainer.java:start(217)) - Attempting to start container services.
2019-09-25 05:52:43,979 [Datanode State Machine Thread - 0] INFO  ozoneimpl.OzoneContainer (OzoneContainer.java:startContainerScrub(179)) - Background container scanner has been disabled.
2019-09-25 05:52:43,979 [Datanode State Machine Thread - 0] INFO  ratis.XceiverServerRatis (XceiverServerRatis.java:start(411)) - Starting XceiverServerRatis cc85cb8b-3f87-4429-b0d4-29375c8e10ab at port 0
2019-09-25 05:52:43,986 [Datanode State Machine Thread - 0] INFO  impl.RaftServerProxy (RaftServerProxy.java:lambda$start$3(299)) - cc85cb8b-3f87-4429-b0d4-29375c8e10ab: start RPC server
2019-09-25 05:52:43,987 [Datanode State Machine Thread - 0] INFO  server.GrpcService (GrpcService.java:startImpl(158)) - cc85cb8b-3f87-4429-b0d4-29375c8e10ab: GrpcService started, listening on 0.0.0.0/0.0.0.0:33902
2019-09-25 05:52:43,988 [Datanode State Machine Thread - 0] INFO  ratis.XceiverServerRatis (XceiverServerRatis.java:start(421)) - XceiverServerRatis cc85cb8b-3f87-4429-b0d4-29375c8e10ab is started using port 33902
2019-09-25 05:52:43,988 [Datanode State Machine Thread - 0] INFO  server.XceiverServerGrpc (XceiverServerGrpc.java:start(149)) - XceiverServerGrpc cc85cb8b-3f87-4429-b0d4-29375c8e10ab is started using port 34318
2019-09-25 05:52:44,963 [Thread-1059] INFO  ozone.MiniOzoneClusterImpl (MiniOzoneClusterImpl.java:lambda$waitForClusterToBeReady$0(147)) - Waiting for cluster to be ready. Got 0 of 3 DN Heartbeats.
2019-09-25 05:52:45,799 [IPC Server handler 1 on 41091] INFO  net.NetworkTopology (NetworkTopologyImpl.java:add(111)) - Added a new node: /default-rack/064658ec-5496-488b-bd05-2b25fa23e071
2019-09-25 05:52:45,801 [IPC Server handler 1 on 41091] INFO  node.SCMNodeManager (SCMNodeManager.java:register(266)) - Registered Data node : 064658ec-5496-488b-bd05-2b25fa23e071{ip: 192.168.5.161, host: pr-hdds-1569-zxpks-796972592, networkLocation: /default-rack, certSerialId: null}
2019-09-25 05:52:45,802 [EventQueue-NodeRegistrationContainerReportForDataNodeSafeModeRule] INFO  safemode.SCMSafeModeManager (DataNodeSafeModeRule.java:process(71)) - SCM in safe mode. 1 DataNodes registered, 1 required.
2019-09-25 05:52:45,804 [EventQueue-NodeRegistrationContainerReportForDataNodeSafeModeRule] INFO  safemode.SCMSafeModeManager (SCMSafeModeManager.java:validateSafeModeExitRules(177)) - ScmSafeModeManager, all rules are successfully validated
2019-09-25 05:52:45,804 [EventQueue-NodeRegistrationContainerReportForDataNodeSafeModeRule] INFO  safemode.SCMSafeModeManager (SCMSafeModeManager.java:exitSafeMode(193)) - SCM exiting safe mode.
2019-09-25 05:52:45,818 [grpc-default-executor-0] INFO  impl.RaftServerProxy (RaftServerProxy.java:addNew(89)) - 064658ec-5496-488b-bd05-2b25fa23e071: addNew group-D8096152A915:[064658ec-5496-488b-bd05-2b25fa23e071:192.168.5.161:34189] returns group-D8096152A915:java.util.concurrent.CompletableFuture@26f0b7c3[Not completed]
2019-09-25 05:52:45,820 [pool-227-thread-1] INFO  impl.RaftServerImpl (RaftServerImpl.java:<init>(95)) - 064658ec-5496-488b-bd05-2b25fa23e071: new RaftServerImpl for group-D8096152A915:[064658ec-5496-488b-bd05-2b25fa23e071:192.168.5.161:34189] with ContainerStateMachine:uninitialized
2019-09-25 05:52:45,820 [pool-227-thread-1] INFO  server.RaftServerConfigKeys (ConfUtils.java:logGet(43)) - raft.server.rpc.timeout.min = 5s (custom)
2019-09-25 05:52:45,820 [pool-227-thread-1] INFO  server.RaftServerConfigKeys (ConfUtils.java:logGet(43)) - raft.server.rpc.timeout.max = 5200ms (custom)
2019-09-25 05:52:45,820 [pool-227-thread-1] INFO  server.RaftServerConfigKeys (ConfUtils.java:logGet(43)) - raft.server.rpcslowness.timeout = 120s (custom)
2019-09-25 05:52:45,820 [pool-227-thread-1] INFO  server.RaftServerConfigKeys (ConfUtils.java:logGet(43)) - raft.server.sleep.deviation.threshold = 300 (default)
2019-09-25 05:52:45,820 [pool-227-thread-1] INFO  server.RaftServerConfigKeys (ConfUtils.java:logGet(43)) - raft.server.log.appender.install.snapshot.enabled = false (custom)
2019-09-25 05:52:45,821 [pool-227-thread-1] INFO  impl.RaftServerImpl (ServerState.java:<init>(103)) - 064658ec-5496-488b-bd05-2b25fa23e071@group-D8096152A915: ConfigurationManager, init=-1: [064658ec-5496-488b-bd05-2b25fa23e071:192.168.5.161:34189], old=null, confs=<EMPTY_MAP>
2019-09-25 05:52:45,821 [pool-227-thread-1] INFO  server.RaftServerConfigKeys (ConfUtils.java:logGet(43)) - raft.server.storage.dir = [/workdir/hadoop-ozone/ozonefs/target/test-dir/MiniOzoneClusterImpl-adbbc45e-2f66-4e28-a2c7-3dfa588ff680/datanode-0/data/ratis] (custom)
2019-09-25 05:52:45,821 [pool-227-thread-1] INFO  storage.RaftStorageDirectory (RaftStorageDirectory.java:analyzeStorage(246)) - The storage directory /workdir/hadoop-ozone/ozonefs/target/test-dir/MiniOzoneClusterImpl-adbbc45e-2f66-4e28-a2c7-3dfa588ff680/datanode-0/data/ratis/eee414b6-f7da-4c19-bc56-d8096152a915 does not exist. Creating ...
2019-09-25 05:52:45,846 [pool-227-thread-1] INFO  storage.RaftStorageDirectory (RaftStorageDirectory.java:tryLock(328)) - Lock on /workdir/hadoop-ozone/ozonefs/target/test-dir/MiniOzoneClusterImpl-adbbc45e-2f66-4e28-a2c7-3dfa588ff680/datanode-0/data/ratis/eee414b6-f7da-4c19-bc56-d8096152a915/in_use.lock acquired by nodename 13808@pr-hdds-1569-zxpks-796972592
2019-09-25 05:52:45,859 [pool-227-thread-1] INFO  storage.RaftStorage (RaftStorage.java:format(72)) - Storage directory /workdir/hadoop-ozone/ozonefs/target/test-dir/MiniOzoneClusterImpl-adbbc45e-2f66-4e28-a2c7-3dfa588ff680/datanode-0/data/ratis/eee414b6-f7da-4c19-bc56-d8096152a915 has been successfully formatted.
2019-09-25 05:52:45,859 [pool-227-thread-1] INFO  ratis.ContainerStateMachine (ContainerStateMachine.java:loadSnapshot(230)) - group-D8096152A915: The snapshot info is null. Setting the last applied indexto:(t:0, i:~)
2019-09-25 05:52:45,859 [pool-227-thread-1] INFO  server.RaftServerConfigKeys (ConfUtils.java:logGet(43)) - raft.server.notification.no-leader.timeout = 120s (custom)
2019-09-25 05:52:45,859 [pool-227-thread-1] INFO  server.RaftServerConfigKeys (ConfUtils.java:logGet(43)) - raft.server.log.use.memory = false (default)
2019-09-25 05:52:45,860 [pool-227-thread-1] INFO  server.RaftServerConfigKeys (ConfUtils.java:logGet(43)) - raft.server.log.purge.gap = 1000000 (custom)
2019-09-25 05:52:45,860 [pool-227-thread-1] INFO  server.RaftServerConfigKeys (ConfUtils.java:logGet(43)) - raft.server.log.appender.buffer.byte-limit = 33554432 (custom)
2019-09-25 05:52:45,860 [pool-227-thread-1] INFO  server.RaftServerConfigKeys (ConfUtils.java:logGet(43)) - raft.server.log.segment.size.max = 1048576 (custom)
2019-09-25 05:52:45,860 [pool-227-thread-1] INFO  server.RaftServerConfigKeys (ConfUtils.java:logGet(43)) - raft.server.log.segment.cache.num.max = 2 (custom)
2019-09-25 05:52:45,860 [pool-227-thread-1] INFO  segmented.SegmentedRaftLogWorker (SegmentedRaftLogWorker.java:<init>(172)) - new 064658ec-5496-488b-bd05-2b25fa23e071@group-D8096152A915-SegmentedRaftLogWorker for RaftStorage:Storage Directory /workdir/hadoop-ozone/ozonefs/target/test-dir/MiniOzoneClusterImpl-adbbc45e-2f66-4e28-a2c7-3dfa588ff680/datanode-0/data/ratis/eee414b6-f7da-4c19-bc56-d8096152a915
2019-09-25 05:52:45,862 [pool-227-thread-1] INFO  server.RaftServerConfigKeys (ConfUtils.java:logGet(43)) - raft.server.log.queue.byte-limit = 2147483647 (custom)
2019-09-25 05:52:45,862 [pool-227-thread-1] INFO  server.RaftServerConfigKeys (ConfUtils.java:logGet(43)) - raft.server.log.queue.element-limit = 1024 (custom)
2019-09-25 05:52:45,862 [pool-227-thread-1] INFO  server.RaftServerConfigKeys (ConfUtils.java:logGet(43)) - raft.server.log.segment.size.max = 1048576 (custom)
2019-09-25 05:52:45,862 [pool-227-thread-1] INFO  server.RaftServerConfigKeys (ConfUtils.java:logGet(43)) - raft.server.log.preallocated.size = 16384 (custom)
2019-09-25 05:52:45,863 [pool-227-thread-1] INFO  server.RaftServerConfigKeys (ConfUtils.java:logGet(43)) - raft.server.log.write.buffer.size = 33554432 (custom)
2019-09-25 05:52:45,863 [pool-227-thread-1] INFO  server.RaftServerConfigKeys (ConfUtils.java:logGet(43)) - raft.server.log.force.sync.num = 128 (default)
2019-09-25 05:52:45,863 [pool-227-thread-1] INFO  server.RaftServerConfigKeys (ConfUtils.java:logGet(43)) - raft.server.log.statemachine.data.sync = true (default)
2019-09-25 05:52:45,863 [pool-227-thread-1] INFO  server.RaftServerConfigKeys (ConfUtils.java:logGet(43)) - raft.server.log.statemachine.data.sync.timeout = 10s (default)
2019-09-25 05:52:45,863 [pool-227-thread-1] INFO  server.RaftServerConfigKeys (ConfUtils.java:logGet(43)) - raft.server.log.statemachine.data.sync.timeout.retry = -1 (default)
2019-09-25 05:52:45,863 [pool-227-thread-1] INFO  server.RaftServerConfigKeys (ConfUtils.java:logGet(43)) - raft.server.log.statemachine.data.caching.enabled = true (custom)
2019-09-25 05:52:45,864 [pool-227-thread-1] INFO  segmented.SegmentedRaftLogWorker (SegmentedRaftLogWorker.java:lambda$new$0(132)) - 064658ec-5496-488b-bd05-2b25fa23e071@group-D8096152A915-SegmentedRaftLogWorker: flushIndex: setUnconditionally 0 -> -1
2019-09-25 05:52:45,864 [pool-227-thread-1] INFO  server.RaftServerConfigKeys (ConfUtils.java:logGet(43)) - raft.server.snapshot.auto.trigger.enabled = true (custom)
2019-09-25 05:52:45,864 [pool-227-thread-1] INFO  server.RaftServerConfigKeys (ConfUtils.java:logGet(43)) - raft.server.snapshot.auto.trigger.threshold = 10000 (custom)
2019-09-25 05:52:45,864 [pool-227-thread-1] INFO  server.RaftServerConfigKeys (ConfUtils.java:logGet(43)) - raft.server.snapshot.retention.num.files = 5 (custom)
2019-09-25 05:52:45,865 [pool-227-thread-1] INFO  server.RaftServerConfigKeys (ConfUtils.java:logGet(43)) - raft.server.retrycache.expirytime = 600000ms (custom)
2019-09-25 05:52:45,865 [IPC Server handler 0 on 41091] INFO  net.NetworkTopology (NetworkTopologyImpl.java:add(111)) - Added a new node: /default-rack/2ee30776-dbb8-4e40-babf-43a7beb94cbe
2019-09-25 05:52:45,865 [IPC Server handler 0 on 41091] INFO  node.SCMNodeManager (SCMNodeManager.java:register(266)) - Registered Data node : 2ee30776-dbb8-4e40-babf-43a7beb94cbe{ip: 192.168.5.161, host: pr-hdds-1569-zxpks-796972592, networkLocation: /default-rack, certSerialId: null}
2019-09-25 05:52:45,866 [pool-227-thread-1] INFO  impl.RaftServerImpl (RaftServerImpl.java:start(185)) - 064658ec-5496-488b-bd05-2b25fa23e071@group-D8096152A915: start as a follower, conf=-1: [064658ec-5496-488b-bd05-2b25fa23e071:192.168.5.161:34189], old=null
2019-09-25 05:52:45,867 [pool-227-thread-1] INFO  impl.RaftServerImpl (RaftServerImpl.java:setRole(174)) - 064658ec-5496-488b-bd05-2b25fa23e071@group-D8096152A915: changes role from      null to FOLLOWER at term 0 for startAsFollower
2019-09-25 05:52:45,867 [pool-227-thread-1] INFO  impl.RoleInfo (RoleInfo.java:updateAndGet(143)) - 064658ec-5496-488b-bd05-2b25fa23e071: start FollowerState
2019-09-25 05:52:45,867 [pool-227-thread-1] INFO  util.JmxRegister (JmxRegister.java:tryRegister(44)) - Successfully registered JMX Bean with object name Ratis:service=RaftServer,group=group-D8096152A915,id=064658ec-5496-488b-bd05-2b25fa23e071
2019-09-25 05:52:45,871 [RatisPipelineUtilsThread] INFO  pipeline.PipelineStateManager (PipelineStateManager.java:addPipeline(56)) - Created pipeline Pipeline[ Id: eee414b6-f7da-4c19-bc56-d8096152a915, Nodes: 064658ec-5496-488b-bd05-2b25fa23e071{ip: 192.168.5.161, host: pr-hdds-1569-zxpks-796972592, networkLocation: /default-rack, certSerialId: null}, Type:RATIS, Factor:ONE, State:OPEN]
2019-09-25 05:52:45,879 [grpc-default-executor-0] INFO  impl.RaftServerProxy (RaftServerProxy.java:addNew(89)) - 2ee30776-dbb8-4e40-babf-43a7beb94cbe: addNew group-058AFFE76A0A:[2ee30776-dbb8-4e40-babf-43a7beb94cbe:192.168.5.161:40350] returns group-058AFFE76A0A:java.util.concurrent.CompletableFuture@6532a546[Not completed]
2019-09-25 05:52:45,881 [pool-237-thread-1] INFO  impl.RaftServerImpl (RaftServerImpl.java:<init>(95)) - 2ee30776-dbb8-4e40-babf-43a7beb94cbe: new RaftServerImpl for group-058AFFE76A0A:[2ee30776-dbb8-4e40-babf-43a7beb94cbe:192.168.5.161:40350] with ContainerStateMachine:uninitialized
2019-09-25 05:52:45,881 [pool-237-thread-1] INFO  server.RaftServerConfigKeys (ConfUtils.java:logGet(43)) - raft.server.rpc.timeout.min = 5s (custom)
2019-09-25 05:52:45,881 [pool-237-thread-1] INFO  server.RaftServerConfigKeys (ConfUtils.java:logGet(43)) - raft.server.rpc.timeout.max = 5200ms (custom)
2019-09-25 05:52:45,881 [pool-237-thread-1] INFO  server.RaftServerConfigKeys (ConfUtils.java:logGet(43)) - raft.server.rpcslowness.timeout = 120s (custom)
2019-09-25 05:52:45,881 [pool-237-thread-1] INFO  server.RaftServerConfigKeys (ConfUtils.java:logGet(43)) - raft.server.sleep.deviation.threshold = 300 (default)
2019-09-25 05:52:45,881 [pool-237-thread-1] INFO  server.RaftServerConfigKeys (ConfUtils.java:logGet(43)) - raft.server.log.appender.install.snapshot.enabled = false (custom)
2019-09-25 05:52:45,881 [pool-237-thread-1] INFO  impl.RaftServerImpl (ServerState.java:<init>(103)) - 2ee30776-dbb8-4e40-babf-43a7beb94cbe@group-058AFFE76A0A: ConfigurationManager, init=-1: [2ee30776-dbb8-4e40-babf-43a7beb94cbe:192.168.5.161:40350], old=null, confs=<EMPTY_MAP>
2019-09-25 05:52:45,882 [pool-237-thread-1] INFO  server.RaftServerConfigKeys (ConfUtils.java:logGet(43)) - raft.server.storage.dir = [/workdir/hadoop-ozone/ozonefs/target/test-dir/MiniOzoneClusterImpl-adbbc45e-2f66-4e28-a2c7-3dfa588ff680/datanode-1/data/ratis] (custom)
2019-09-25 05:52:45,882 [pool-237-thread-1] INFO  storage.RaftStorageDirectory (RaftStorageDirectory.java:analyzeStorage(246)) - The storage directory /workdir/hadoop-ozone/ozonefs/target/test-dir/MiniOzoneClusterImpl-adbbc45e-2f66-4e28-a2c7-3dfa588ff680/datanode-1/data/ratis/9a0e973e-c61e-4d38-b9d3-058affe76a0a does not exist. Creating ...
2019-09-25 05:52:45,894 [pool-237-thread-1] INFO  storage.RaftStorageDirectory (RaftStorageDirectory.java:tryLock(328)) - Lock on /workdir/hadoop-ozone/ozonefs/target/test-dir/MiniOzoneClusterImpl-adbbc45e-2f66-4e28-a2c7-3dfa588ff680/datanode-1/data/ratis/9a0e973e-c61e-4d38-b9d3-058affe76a0a/in_use.lock acquired by nodename 13808@pr-hdds-1569-zxpks-796972592
2019-09-25 05:52:45,907 [pool-237-thread-1] INFO  storage.RaftStorage (RaftStorage.java:format(72)) - Storage directory /workdir/hadoop-ozone/ozonefs/target/test-dir/MiniOzoneClusterImpl-adbbc45e-2f66-4e28-a2c7-3dfa588ff680/datanode-1/data/ratis/9a0e973e-c61e-4d38-b9d3-058affe76a0a has been successfully formatted.
2019-09-25 05:52:45,908 [pool-237-thread-1] INFO  ratis.ContainerStateMachine (ContainerStateMachine.java:loadSnapshot(230)) - group-058AFFE76A0A: The snapshot info is null. Setting the last applied indexto:(t:0, i:~)
2019-09-25 05:52:45,908 [pool-237-thread-1] INFO  server.RaftServerConfigKeys (ConfUtils.java:logGet(43)) - raft.server.notification.no-leader.timeout = 120s (custom)
2019-09-25 05:52:45,908 [pool-237-thread-1] INFO  server.RaftServerConfigKeys (ConfUtils.java:logGet(43)) - raft.server.log.use.memory = false (default)
2019-09-25 05:52:45,908 [pool-237-thread-1] INFO  server.RaftServerConfigKeys (ConfUtils.java:logGet(43)) - raft.server.log.purge.gap = 1000000 (custom)
2019-09-25 05:52:45,908 [pool-237-thread-1] INFO  server.RaftServerConfigKeys (ConfUtils.java:logGet(43)) - raft.server.log.appender.buffer.byte-limit = 33554432 (custom)
2019-09-25 05:52:45,908 [pool-237-thread-1] INFO  server.RaftServerConfigKeys (ConfUtils.java:logGet(43)) - raft.server.log.segment.size.max = 1048576 (custom)
2019-09-25 05:52:45,908 [pool-237-thread-1] INFO  server.RaftServerConfigKeys (ConfUtils.java:logGet(43)) - raft.server.log.segment.cache.num.max = 2 (custom)
2019-09-25 05:52:45,909 [pool-237-thread-1] INFO  segmented.SegmentedRaftLogWorker (SegmentedRaftLogWorker.java:<init>(172)) - new 2ee30776-dbb8-4e40-babf-43a7beb94cbe@group-058AFFE76A0A-SegmentedRaftLogWorker for RaftStorage:Storage Directory /workdir/hadoop-ozone/ozonefs/target/test-dir/MiniOzoneClusterImpl-adbbc45e-2f66-4e28-a2c7-3dfa588ff680/datanode-1/data/ratis/9a0e973e-c61e-4d38-b9d3-058affe76a0a
2019-09-25 05:52:45,910 [pool-237-thread-1] INFO  server.RaftServerConfigKeys (ConfUtils.java:logGet(43)) - raft.server.log.queue.byte-limit = 2147483647 (custom)
2019-09-25 05:52:45,910 [pool-237-thread-1] INFO  server.RaftServerConfigKeys (ConfUtils.java:logGet(43)) - raft.server.log.queue.element-limit = 1024 (custom)
2019-09-25 05:52:45,911 [pool-237-thread-1] INFO  server.RaftServerConfigKeys (ConfUtils.java:logGet(43)) - raft.server.log.segment.size.max = 1048576 (custom)
2019-09-25 05:52:45,911 [pool-237-thread-1] INFO  server.RaftServerConfigKeys (ConfUtils.java:logGet(43)) - raft.server.log.preallocated.size = 16384 (custom)
2019-09-25 05:52:45,911 [pool-237-thread-1] INFO  server.RaftServerConfigKeys (ConfUtils.java:logGet(43)) - raft.server.log.write.buffer.size = 33554432 (custom)
2019-09-25 05:52:45,911 [pool-237-thread-1] INFO  server.RaftServerConfigKeys (ConfUtils.java:logGet(43)) - raft.server.log.force.sync.num = 128 (default)
2019-09-25 05:52:45,911 [pool-237-thread-1] INFO  server.RaftServerConfigKeys (ConfUtils.java:logGet(43)) - raft.server.log.statemachine.data.sync = true (default)
2019-09-25 05:52:45,911 [pool-237-thread-1] INFO  server.RaftServerConfigKeys (ConfUtils.java:logGet(43)) - raft.server.log.statemachine.data.sync.timeout = 10s (default)
2019-09-25 05:52:45,911 [pool-237-thread-1] INFO  server.RaftServerConfigKeys (ConfUtils.java:logGet(43)) - raft.server.log.statemachine.data.sync.timeout.retry = -1 (default)
2019-09-25 05:52:45,912 [pool-237-thread-1] INFO  server.RaftServerConfigKeys (ConfUtils.java:logGet(43)) - raft.server.log.statemachine.data.caching.enabled = true (custom)
2019-09-25 05:52:45,912 [pool-237-thread-1] INFO  segmented.SegmentedRaftLogWorker (SegmentedRaftLogWorker.java:lambda$new$0(132)) - 2ee30776-dbb8-4e40-babf-43a7beb94cbe@group-058AFFE76A0A-SegmentedRaftLogWorker: flushIndex: setUnconditionally 0 -> -1
2019-09-25 05:52:45,912 [pool-237-thread-1] INFO  server.RaftServerConfigKeys (ConfUtils.java:logGet(43)) - raft.server.snapshot.auto.trigger.enabled = true (custom)
2019-09-25 05:52:45,912 [pool-237-thread-1] INFO  server.RaftServerConfigKeys (ConfUtils.java:logGet(43)) - raft.server.snapshot.auto.trigger.threshold = 10000 (custom)
2019-09-25 05:52:45,913 [pool-237-thread-1] INFO  server.RaftServerConfigKeys (ConfUtils.java:logGet(43)) - raft.server.snapshot.retention.num.files = 5 (custom)
2019-09-25 05:52:45,913 [pool-237-thread-1] INFO  server.RaftServerConfigKeys (ConfUtils.java:logGet(43)) - raft.server.retrycache.expirytime = 600000ms (custom)
2019-09-25 05:52:45,914 [pool-237-thread-1] INFO  impl.RaftServerImpl (RaftServerImpl.java:start(185)) - 2ee30776-dbb8-4e40-babf-43a7beb94cbe@group-058AFFE76A0A: start as a follower, conf=-1: [2ee30776-dbb8-4e40-babf-43a7beb94cbe:192.168.5.161:40350], old=null
2019-09-25 05:52:45,915 [pool-237-thread-1] INFO  impl.RaftServerImpl (RaftServerImpl.java:setRole(174)) - 2ee30776-dbb8-4e40-babf-43a7beb94cbe@group-058AFFE76A0A: changes role from      null to FOLLOWER at term 0 for startAsFollower
2019-09-25 05:52:45,915 [pool-237-thread-1] INFO  impl.RoleInfo (RoleInfo.java:updateAndGet(143)) - 2ee30776-dbb8-4e40-babf-43a7beb94cbe: start FollowerState
2019-09-25 05:52:45,915 [pool-237-thread-1] INFO  util.JmxRegister (JmxRegister.java:tryRegister(44)) - Successfully registered JMX Bean with object name Ratis:service=RaftServer,group=group-058AFFE76A0A,id=2ee30776-dbb8-4e40-babf-43a7beb94cbe
2019-09-25 05:52:45,919 [RatisPipelineUtilsThread] INFO  pipeline.PipelineStateManager (PipelineStateManager.java:addPipeline(56)) - Created pipeline Pipeline[ Id: 9a0e973e-c61e-4d38-b9d3-058affe76a0a, Nodes: 2ee30776-dbb8-4e40-babf-43a7beb94cbe{ip: 192.168.5.161, host: pr-hdds-1569-zxpks-796972592, networkLocation: /default-rack, certSerialId: null}, Type:RATIS, Factor:ONE, State:OPEN]
2019-09-25 05:52:45,925 [grpc-default-executor-0] INFO  impl.RaftServerProxy (RaftServerProxy.java:addNew(89)) - 064658ec-5496-488b-bd05-2b25fa23e071: addNew group-6C2E00C214E9:[064658ec-5496-488b-bd05-2b25fa23e071:192.168.5.161:34189] returns group-6C2E00C214E9:java.util.concurrent.CompletableFuture@79817bbf[Not completed]
2019-09-25 05:52:45,926 [pool-227-thread-1] INFO  impl.RaftServerImpl (RaftServerImpl.java:<init>(95)) - 064658ec-5496-488b-bd05-2b25fa23e071: new RaftServerImpl for group-6C2E00C214E9:[064658ec-5496-488b-bd05-2b25fa23e071:192.168.5.161:34189] with ContainerStateMachine:uninitialized
2019-09-25 05:52:45,926 [pool-227-thread-1] INFO  server.RaftServerConfigKeys (ConfUtils.java:logGet(43)) - raft.server.rpc.timeout.min = 5s (custom)
2019-09-25 05:52:45,926 [pool-227-thread-1] INFO  server.RaftServerConfigKeys (ConfUtils.java:logGet(43)) - raft.server.rpc.timeout.max = 5200ms (custom)
2019-09-25 05:52:45,926 [pool-227-thread-1] INFO  server.RaftServerConfigKeys (ConfUtils.java:logGet(43)) - raft.server.rpcslowness.timeout = 120s (custom)
2019-09-25 05:52:45,926 [pool-227-thread-1] INFO  server.RaftServerConfigKeys (ConfUtils.java:logGet(43)) - raft.server.sleep.deviation.threshold = 300 (default)
2019-09-25 05:52:45,926 [pool-227-thread-1] INFO  server.RaftServerConfigKeys (ConfUtils.java:logGet(43)) - raft.server.log.appender.install.snapshot.enabled = false (custom)
2019-09-25 05:52:45,926 [pool-227-thread-1] INFO  impl.RaftServerImpl (ServerState.java:<init>(103)) - 064658ec-5496-488b-bd05-2b25fa23e071@group-6C2E00C214E9: ConfigurationManager, init=-1: [064658ec-5496-488b-bd05-2b25fa23e071:192.168.5.161:34189], old=null, confs=<EMPTY_MAP>
2019-09-25 05:52:45,926 [pool-227-thread-1] INFO  server.RaftServerConfigKeys (ConfUtils.java:logGet(43)) - raft.server.storage.dir = [/workdir/hadoop-ozone/ozonefs/target/test-dir/MiniOzoneClusterImpl-adbbc45e-2f66-4e28-a2c7-3dfa588ff680/datanode-0/data/ratis] (custom)
2019-09-25 05:52:45,927 [pool-227-thread-1] INFO  storage.RaftStorageDirectory (RaftStorageDirectory.java:analyzeStorage(246)) - The storage directory /workdir/hadoop-ozone/ozonefs/target/test-dir/MiniOzoneClusterImpl-adbbc45e-2f66-4e28-a2c7-3dfa588ff680/datanode-0/data/ratis/a6fe1313-4251-495c-84b2-6c2e00c214e9 does not exist. Creating ...
2019-09-25 05:52:45,939 [pool-227-thread-1] INFO  storage.RaftStorageDirectory (RaftStorageDirectory.java:tryLock(328)) - Lock on /workdir/hadoop-ozone/ozonefs/target/test-dir/MiniOzoneClusterImpl-adbbc45e-2f66-4e28-a2c7-3dfa588ff680/datanode-0/data/ratis/a6fe1313-4251-495c-84b2-6c2e00c214e9/in_use.lock acquired by nodename 13808@pr-hdds-1569-zxpks-796972592
2019-09-25 05:52:45,952 [pool-227-thread-1] INFO  storage.RaftStorage (RaftStorage.java:format(72)) - Storage directory /workdir/hadoop-ozone/ozonefs/target/test-dir/MiniOzoneClusterImpl-adbbc45e-2f66-4e28-a2c7-3dfa588ff680/datanode-0/data/ratis/a6fe1313-4251-495c-84b2-6c2e00c214e9 has been successfully formatted.
2019-09-25 05:52:45,952 [pool-227-thread-1] INFO  ratis.ContainerStateMachine (ContainerStateMachine.java:loadSnapshot(230)) - group-6C2E00C214E9: The snapshot info is null. Setting the last applied indexto:(t:0, i:~)
2019-09-25 05:52:45,953 [pool-227-thread-1] INFO  server.RaftServerConfigKeys (ConfUtils.java:logGet(43)) - raft.server.notification.no-leader.timeout = 120s (custom)
2019-09-25 05:52:45,953 [pool-227-thread-1] INFO  server.RaftServerConfigKeys (ConfUtils.java:logGet(43)) - raft.server.log.use.memory = false (default)
2019-09-25 05:52:45,953 [pool-227-thread-1] INFO  server.RaftServerConfigKeys (ConfUtils.java:logGet(43)) - raft.server.log.purge.gap = 1000000 (custom)
2019-09-25 05:52:45,953 [pool-227-thread-1] INFO  server.RaftServerConfigKeys (ConfUtils.java:logGet(43)) - raft.server.log.appender.buffer.byte-limit = 33554432 (custom)
2019-09-25 05:52:45,953 [pool-227-thread-1] INFO  server.RaftServerConfigKeys (ConfUtils.java:logGet(43)) - raft.server.log.segment.size.max = 1048576 (custom)
2019-09-25 05:52:45,953 [pool-227-thread-1] INFO  server.RaftServerConfigKeys (ConfUtils.java:logGet(43)) - raft.server.log.segment.cache.num.max = 2 (custom)
2019-09-25 05:52:45,953 [pool-227-thread-1] INFO  segmented.SegmentedRaftLogWorker (SegmentedRaftLogWorker.java:<init>(172)) - new 064658ec-5496-488b-bd05-2b25fa23e071@group-6C2E00C214E9-SegmentedRaftLogWorker for RaftStorage:Storage Directory /workdir/hadoop-ozone/ozonefs/target/test-dir/MiniOzoneClusterImpl-adbbc45e-2f66-4e28-a2c7-3dfa588ff680/datanode-0/data/ratis/a6fe1313-4251-495c-84b2-6c2e00c214e9
2019-09-25 05:52:45,954 [pool-227-thread-1] INFO  server.RaftServerConfigKeys (ConfUtils.java:logGet(43)) - raft.server.log.queue.byte-limit = 2147483647 (custom)
2019-09-25 05:52:45,954 [pool-227-thread-1] INFO  server.RaftServerConfigKeys (ConfUtils.java:logGet(43)) - raft.server.log.queue.element-limit = 1024 (custom)
2019-09-25 05:52:45,954 [pool-227-thread-1] INFO  server.RaftServerConfigKeys (ConfUtils.java:logGet(43)) - raft.server.log.segment.size.max = 1048576 (custom)
2019-09-25 05:52:45,954 [pool-227-thread-1] INFO  server.RaftServerConfigKeys (ConfUtils.java:logGet(43)) - raft.server.log.preallocated.size = 16384 (custom)
2019-09-25 05:52:45,954 [pool-227-thread-1] INFO  server.RaftServerConfigKeys (ConfUtils.java:logGet(43)) - raft.server.log.write.buffer.size = 33554432 (custom)
2019-09-25 05:52:45,954 [pool-227-thread-1] INFO  server.RaftServerConfigKeys (ConfUtils.java:logGet(43)) - raft.server.log.force.sync.num = 128 (default)
2019-09-25 05:52:45,954 [pool-227-thread-1] INFO  server.RaftServerConfigKeys (ConfUtils.java:logGet(43)) - raft.server.log.statemachine.data.sync = true (default)
2019-09-25 05:52:45,955 [pool-227-thread-1] INFO  server.RaftServerConfigKeys (ConfUtils.java:logGet(43)) - raft.server.log.statemachine.data.sync.timeout = 10s (default)
2019-09-25 05:52:45,955 [pool-227-thread-1] INFO  server.RaftServerConfigKeys (ConfUtils.java:logGet(43)) - raft.server.log.statemachine.data.sync.timeout.retry = -1 (default)
2019-09-25 05:52:45,955 [pool-227-thread-1] INFO  server.RaftServerConfigKeys (ConfUtils.java:logGet(43)) - raft.server.log.statemachine.data.caching.enabled = true (custom)
2019-09-25 05:52:45,955 [pool-227-thread-1] INFO  segmented.SegmentedRaftLogWorker (SegmentedRaftLogWorker.java:lambda$new$0(132)) - 064658ec-5496-488b-bd05-2b25fa23e071@group-6C2E00C214E9-SegmentedRaftLogWorker: flushIndex: setUnconditionally 0 -> -1
2019-09-25 05:52:45,955 [pool-227-thread-1] INFO  server.RaftServerConfigKeys (ConfUtils.java:logGet(43)) - raft.server.snapshot.auto.trigger.enabled = true (custom)
2019-09-25 05:52:45,956 [pool-227-thread-1] INFO  server.RaftServerConfigKeys (ConfUtils.java:logGet(43)) - raft.server.snapshot.auto.trigger.threshold = 10000 (custom)
2019-09-25 05:52:45,956 [pool-227-thread-1] INFO  server.RaftServerConfigKeys (ConfUtils.java:logGet(43)) - raft.server.snapshot.retention.num.files = 5 (custom)
2019-09-25 05:52:45,956 [pool-227-thread-1] INFO  server.RaftServerConfigKeys (ConfUtils.java:logGet(43)) - raft.server.retrycache.expirytime = 600000ms (custom)
2019-09-25 05:52:45,957 [pool-227-thread-1] INFO  impl.RaftServerImpl (RaftServerImpl.java:start(185)) - 064658ec-5496-488b-bd05-2b25fa23e071@group-6C2E00C214E9: start as a follower, conf=-1: [064658ec-5496-488b-bd05-2b25fa23e071:192.168.5.161:34189], old=null
2019-09-25 05:52:45,957 [pool-227-thread-1] INFO  impl.RaftServerImpl (RaftServerImpl.java:setRole(174)) - 064658ec-5496-488b-bd05-2b25fa23e071@group-6C2E00C214E9: changes role from      null to FOLLOWER at term 0 for startAsFollower
2019-09-25 05:52:45,958 [pool-227-thread-1] INFO  impl.RoleInfo (RoleInfo.java:updateAndGet(143)) - 064658ec-5496-488b-bd05-2b25fa23e071: start FollowerState
2019-09-25 05:52:45,958 [pool-227-thread-1] INFO  util.JmxRegister (JmxRegister.java:tryRegister(44)) - Successfully registered JMX Bean with object name Ratis:service=RaftServer,group=group-6C2E00C214E9,id=064658ec-5496-488b-bd05-2b25fa23e071
2019-09-25 05:52:45,961 [RatisPipelineUtilsThread] INFO  pipeline.PipelineStateManager (PipelineStateManager.java:addPipeline(56)) - Created pipeline Pipeline[ Id: a6fe1313-4251-495c-84b2-6c2e00c214e9, Nodes: 064658ec-5496-488b-bd05-2b25fa23e071{ip: 192.168.5.161, host: pr-hdds-1569-zxpks-796972592, networkLocation: /default-rack, certSerialId: null}, Type:RATIS, Factor:ONE, State:OPEN]
2019-09-25 05:52:45,963 [Thread-1059] INFO  ozone.MiniOzoneClusterImpl (MiniOzoneClusterImpl.java:lambda$waitForClusterToBeReady$0(147)) - Waiting for cluster to be ready. Got 2 of 3 DN Heartbeats.
2019-09-25 05:52:45,965 [IPC Server handler 3 on 41091] INFO  net.NetworkTopology (NetworkTopologyImpl.java:add(111)) - Added a new node: /default-rack/cc85cb8b-3f87-4429-b0d4-29375c8e10ab
2019-09-25 05:52:45,966 [IPC Server handler 3 on 41091] INFO  node.SCMNodeManager (SCMNodeManager.java:register(266)) - Registered Data node : cc85cb8b-3f87-4429-b0d4-29375c8e10ab{ip: 192.168.5.161, host: pr-hdds-1569-zxpks-796972592, networkLocation: /default-rack, certSerialId: null}
2019-09-25 05:52:45,967 [grpc-default-executor-0] INFO  impl.RaftServerProxy (RaftServerProxy.java:addNew(89)) - 2ee30776-dbb8-4e40-babf-43a7beb94cbe: addNew group-0B29F37AD616:[2ee30776-dbb8-4e40-babf-43a7beb94cbe:192.168.5.161:40350] returns group-0B29F37AD616:java.util.concurrent.CompletableFuture@7e364e88[Not completed]
2019-09-25 05:52:45,968 [pool-237-thread-1] INFO  impl.RaftServerImpl (RaftServerImpl.java:<init>(95)) - 2ee30776-dbb8-4e40-babf-43a7beb94cbe: new RaftServerImpl for group-0B29F37AD616:[2ee30776-dbb8-4e40-babf-43a7beb94cbe:192.168.5.161:40350] with ContainerStateMachine:uninitialized
2019-09-25 05:52:45,968 [pool-237-thread-1] INFO  server.RaftServerConfigKeys (ConfUtils.java:logGet(43)) - raft.server.rpc.timeout.min = 5s (custom)
2019-09-25 05:52:45,968 [pool-237-thread-1] INFO  server.RaftServerConfigKeys (ConfUtils.java:logGet(43)) - raft.server.rpc.timeout.max = 5200ms (custom)
2019-09-25 05:52:45,968 [pool-237-thread-1] INFO  server.RaftServerConfigKeys (ConfUtils.java:logGet(43)) - raft.server.rpcslowness.timeout = 120s (custom)
2019-09-25 05:52:45,968 [pool-237-thread-1] INFO  server.RaftServerConfigKeys (ConfUtils.java:logGet(43)) - raft.server.sleep.deviation.threshold = 300 (default)
2019-09-25 05:52:45,968 [pool-237-thread-1] INFO  server.RaftServerConfigKeys (ConfUtils.java:logGet(43)) - raft.server.log.appender.install.snapshot.enabled = false (custom)
2019-09-25 05:52:45,968 [pool-237-thread-1] INFO  impl.RaftServerImpl (ServerState.java:<init>(103)) - 2ee30776-dbb8-4e40-babf-43a7beb94cbe@group-0B29F37AD616: ConfigurationManager, init=-1: [2ee30776-dbb8-4e40-babf-43a7beb94cbe:192.168.5.161:40350], old=null, confs=<EMPTY_MAP>
2019-09-25 05:52:45,968 [pool-237-thread-1] INFO  server.RaftServerConfigKeys (ConfUtils.java:logGet(43)) - raft.server.storage.dir = [/workdir/hadoop-ozone/ozonefs/target/test-dir/MiniOzoneClusterImpl-adbbc45e-2f66-4e28-a2c7-3dfa588ff680/datanode-1/data/ratis] (custom)
2019-09-25 05:52:45,969 [pool-237-thread-1] INFO  storage.RaftStorageDirectory (RaftStorageDirectory.java:analyzeStorage(246)) - The storage directory /workdir/hadoop-ozone/ozonefs/target/test-dir/MiniOzoneClusterImpl-adbbc45e-2f66-4e28-a2c7-3dfa588ff680/datanode-1/data/ratis/54736e57-628e-4d79-9738-0b29f37ad616 does not exist. Creating ...
2019-09-25 05:52:45,972 [pool-237-thread-1] INFO  storage.RaftStorageDirectory (RaftStorageDirectory.java:tryLock(328)) - Lock on /workdir/hadoop-ozone/ozonefs/target/test-dir/MiniOzoneClusterImpl-adbbc45e-2f66-4e28-a2c7-3dfa588ff680/datanode-1/data/ratis/54736e57-628e-4d79-9738-0b29f37ad616/in_use.lock acquired by nodename 13808@pr-hdds-1569-zxpks-796972592
2019-09-25 05:52:45,975 [pool-237-thread-1] INFO  storage.RaftStorage (RaftStorage.java:format(72)) - Storage directory /workdir/hadoop-ozone/ozonefs/target/test-dir/MiniOzoneClusterImpl-adbbc45e-2f66-4e28-a2c7-3dfa588ff680/datanode-1/data/ratis/54736e57-628e-4d79-9738-0b29f37ad616 has been successfully formatted.
2019-09-25 05:52:45,975 [pool-237-thread-1] INFO  ratis.ContainerStateMachine (ContainerStateMachine.java:loadSnapshot(230)) - group-0B29F37AD616: The snapshot info is null. Setting the last applied indexto:(t:0, i:~)
2019-09-25 05:52:45,975 [pool-237-thread-1] INFO  server.RaftServerConfigKeys (ConfUtils.java:logGet(43)) - raft.server.notification.no-leader.timeout = 120s (custom)
2019-09-25 05:52:45,975 [pool-237-thread-1] INFO  server.RaftServerConfigKeys (ConfUtils.java:logGet(43)) - raft.server.log.use.memory = false (default)
2019-09-25 05:52:45,976 [pool-237-thread-1] INFO  server.RaftServerConfigKeys (ConfUtils.java:logGet(43)) - raft.server.log.purge.gap = 1000000 (custom)
2019-09-25 05:52:45,976 [pool-237-thread-1] INFO  server.RaftServerConfigKeys (ConfUtils.java:logGet(43)) - raft.server.log.appender.buffer.byte-limit = 33554432 (custom)
2019-09-25 05:52:45,976 [pool-237-thread-1] INFO  server.RaftServerConfigKeys (ConfUtils.java:logGet(43)) - raft.server.log.segment.size.max = 1048576 (custom)
2019-09-25 05:52:45,976 [pool-237-thread-1] INFO  server.RaftServerConfigKeys (ConfUtils.java:logGet(43)) - raft.server.log.segment.cache.num.max = 2 (custom)
2019-09-25 05:52:45,976 [pool-237-thread-1] INFO  segmented.SegmentedRaftLogWorker (SegmentedRaftLogWorker.java:<init>(172)) - new 2ee30776-dbb8-4e40-babf-43a7beb94cbe@group-0B29F37AD616-SegmentedRaftLogWorker for RaftStorage:Storage Directory /workdir/hadoop-ozone/ozonefs/target/test-dir/MiniOzoneClusterImpl-adbbc45e-2f66-4e28-a2c7-3dfa588ff680/datanode-1/data/ratis/54736e57-628e-4d79-9738-0b29f37ad616
2019-09-25 05:52:45,976 [pool-237-thread-1] INFO  server.RaftServerConfigKeys (ConfUtils.java:logGet(43)) - raft.server.log.queue.byte-limit = 2147483647 (custom)
2019-09-25 05:52:45,976 [pool-237-thread-1] INFO  server.RaftServerConfigKeys (ConfUtils.java:logGet(43)) - raft.server.log.queue.element-limit = 1024 (custom)
2019-09-25 05:52:45,976 [pool-237-thread-1] INFO  server.RaftServerConfigKeys (ConfUtils.java:logGet(43)) - raft.server.log.segment.size.max = 1048576 (custom)
2019-09-25 05:52:45,977 [pool-237-thread-1] INFO  server.RaftServerConfigKeys (ConfUtils.java:logGet(43)) - raft.server.log.preallocated.size = 16384 (custom)
2019-09-25 05:52:45,977 [pool-237-thread-1] INFO  server.RaftServerConfigKeys (ConfUtils.java:logGet(43)) - raft.server.log.write.buffer.size = 33554432 (custom)
2019-09-25 05:52:45,977 [pool-237-thread-1] INFO  server.RaftServerConfigKeys (ConfUtils.java:logGet(43)) - raft.server.log.force.sync.num = 128 (default)
2019-09-25 05:52:45,977 [pool-237-thread-1] INFO  server.RaftServerConfigKeys (ConfUtils.java:logGet(43)) - raft.server.log.statemachine.data.sync = true (default)
2019-09-25 05:52:45,977 [pool-237-thread-1] INFO  server.RaftServerConfigKeys (ConfUtils.java:logGet(43)) - raft.server.log.statemachine.data.sync.timeout = 10s (default)
2019-09-25 05:52:45,977 [pool-237-thread-1] INFO  server.RaftServerConfigKeys (ConfUtils.java:logGet(43)) - raft.server.log.statemachine.data.sync.timeout.retry = -1 (default)
2019-09-25 05:52:45,977 [pool-237-thread-1] INFO  server.RaftServerConfigKeys (ConfUtils.java:logGet(43)) - raft.server.log.statemachine.data.caching.enabled = true (custom)
2019-09-25 05:52:45,978 [pool-237-thread-1] INFO  segmented.SegmentedRaftLogWorker (SegmentedRaftLogWorker.java:lambda$new$0(132)) - 2ee30776-dbb8-4e40-babf-43a7beb94cbe@group-0B29F37AD616-SegmentedRaftLogWorker: flushIndex: setUnconditionally 0 -> -1
2019-09-25 05:52:45,978 [pool-237-thread-1] INFO  server.RaftServerConfigKeys (ConfUtils.java:logGet(43)) - raft.server.snapshot.auto.trigger.enabled = true (custom)
2019-09-25 05:52:45,978 [pool-237-thread-1] INFO  server.RaftServerConfigKeys (ConfUtils.java:logGet(43)) - raft.server.snapshot.auto.trigger.threshold = 10000 (custom)
2019-09-25 05:52:45,978 [pool-237-thread-1] INFO  server.RaftServerConfigKeys (ConfUtils.java:logGet(43)) - raft.server.snapshot.retention.num.files = 5 (custom)
2019-09-25 05:52:45,978 [pool-237-thread-1] INFO  server.RaftServerConfigKeys (ConfUtils.java:logGet(43)) - raft.server.retrycache.expirytime = 600000ms (custom)
2019-09-25 05:52:45,980 [pool-237-thread-1] INFO  impl.RaftServerImpl (RaftServerImpl.java:start(185)) - 2ee30776-dbb8-4e40-babf-43a7beb94cbe@group-0B29F37AD616: start as a follower, conf=-1: [2ee30776-dbb8-4e40-babf-43a7beb94cbe:192.168.5.161:40350], old=null
2019-09-25 05:52:45,980 [pool-237-thread-1] INFO  impl.RaftServerImpl (RaftServerImpl.java:setRole(174)) - 2ee30776-dbb8-4e40-babf-43a7beb94cbe@group-0B29F37AD616: changes role from      null to FOLLOWER at term 0 for startAsFollower
2019-09-25 05:52:45,980 [pool-237-thread-1] INFO  impl.RoleInfo (RoleInfo.java:updateAndGet(143)) - 2ee30776-dbb8-4e40-babf-43a7beb94cbe: start FollowerState
2019-09-25 05:52:45,981 [pool-237-thread-1] INFO  util.JmxRegister (JmxRegister.java:tryRegister(44)) - Successfully registered JMX Bean with object name Ratis:service=RaftServer,group=group-0B29F37AD616,id=2ee30776-dbb8-4e40-babf-43a7beb94cbe
2019-09-25 05:52:45,984 [RatisPipelineUtilsThread] INFO  pipeline.PipelineStateManager (PipelineStateManager.java:addPipeline(56)) - Created pipeline Pipeline[ Id: 54736e57-628e-4d79-9738-0b29f37ad616, Nodes: 2ee30776-dbb8-4e40-babf-43a7beb94cbe{ip: 192.168.5.161, host: pr-hdds-1569-zxpks-796972592, networkLocation: /default-rack, certSerialId: null}, Type:RATIS, Factor:ONE, State:OPEN]
2019-09-25 05:52:45,992 [grpc-default-executor-0] INFO  impl.RaftServerProxy (RaftServerProxy.java:addNew(89)) - cc85cb8b-3f87-4429-b0d4-29375c8e10ab: addNew group-5058BCC69F26:[cc85cb8b-3f87-4429-b0d4-29375c8e10ab:192.168.5.161:33902] returns group-5058BCC69F26:java.util.concurrent.CompletableFuture@480dabd1[Not completed]
2019-09-25 05:52:45,994 [pool-247-thread-1] INFO  impl.RaftServerImpl (RaftServerImpl.java:<init>(95)) - cc85cb8b-3f87-4429-b0d4-29375c8e10ab: new RaftServerImpl for group-5058BCC69F26:[cc85cb8b-3f87-4429-b0d4-29375c8e10ab:192.168.5.161:33902] with ContainerStateMachine:uninitialized
2019-09-25 05:52:45,995 [pool-247-thread-1] INFO  server.RaftServerConfigKeys (ConfUtils.java:logGet(43)) - raft.server.rpc.timeout.min = 5s (custom)
2019-09-25 05:52:45,995 [pool-247-thread-1] INFO  server.RaftServerConfigKeys (ConfUtils.java:logGet(43)) - raft.server.rpc.timeout.max = 5200ms (custom)
2019-09-25 05:52:45,995 [pool-247-thread-1] INFO  server.RaftServerConfigKeys (ConfUtils.java:logGet(43)) - raft.server.rpcslowness.timeout = 120s (custom)
2019-09-25 05:52:45,995 [pool-247-thread-1] INFO  server.RaftServerConfigKeys (ConfUtils.java:logGet(43)) - raft.server.sleep.deviation.threshold = 300 (default)
2019-09-25 05:52:45,995 [pool-247-thread-1] INFO  server.RaftServerConfigKeys (ConfUtils.java:logGet(43)) - raft.server.log.appender.install.snapshot.enabled = false (custom)
2019-09-25 05:52:45,996 [pool-247-thread-1] INFO  impl.RaftServerImpl (ServerState.java:<init>(103)) - cc85cb8b-3f87-4429-b0d4-29375c8e10ab@group-5058BCC69F26: ConfigurationManager, init=-1: [cc85cb8b-3f87-4429-b0d4-29375c8e10ab:192.168.5.161:33902], old=null, confs=<EMPTY_MAP>
2019-09-25 05:52:45,996 [pool-247-thread-1] INFO  server.RaftServerConfigKeys (ConfUtils.java:logGet(43)) - raft.server.storage.dir = [/workdir/hadoop-ozone/ozonefs/target/test-dir/MiniOzoneClusterImpl-adbbc45e-2f66-4e28-a2c7-3dfa588ff680/datanode-2/data/ratis] (custom)
2019-09-25 05:52:45,996 [pool-247-thread-1] INFO  storage.RaftStorageDirectory (RaftStorageDirectory.java:analyzeStorage(246)) - The storage directory /workdir/hadoop-ozone/ozonefs/target/test-dir/MiniOzoneClusterImpl-adbbc45e-2f66-4e28-a2c7-3dfa588ff680/datanode-2/data/ratis/bc23c187-0eee-437a-afea-5058bcc69f26 does not exist. Creating ...
2019-09-25 05:52:45,999 [pool-247-thread-1] INFO  storage.RaftStorageDirectory (RaftStorageDirectory.java:tryLock(328)) - Lock on /workdir/hadoop-ozone/ozonefs/target/test-dir/MiniOzoneClusterImpl-adbbc45e-2f66-4e28-a2c7-3dfa588ff680/datanode-2/data/ratis/bc23c187-0eee-437a-afea-5058bcc69f26/in_use.lock acquired by nodename 13808@pr-hdds-1569-zxpks-796972592
2019-09-25 05:52:46,002 [pool-247-thread-1] INFO  storage.RaftStorage (RaftStorage.java:format(72)) - Storage directory /workdir/hadoop-ozone/ozonefs/target/test-dir/MiniOzoneClusterImpl-adbbc45e-2f66-4e28-a2c7-3dfa588ff680/datanode-2/data/ratis/bc23c187-0eee-437a-afea-5058bcc69f26 has been successfully formatted.
2019-09-25 05:52:46,003 [pool-247-thread-1] INFO  ratis.ContainerStateMachine (ContainerStateMachine.java:loadSnapshot(230)) - group-5058BCC69F26: The snapshot info is null. Setting the last applied indexto:(t:0, i:~)
2019-09-25 05:52:46,003 [pool-247-thread-1] INFO  server.RaftServerConfigKeys (ConfUtils.java:logGet(43)) - raft.server.notification.no-leader.timeout = 120s (custom)
2019-09-25 05:52:46,003 [pool-247-thread-1] INFO  server.RaftServerConfigKeys (ConfUtils.java:logGet(43)) - raft.server.log.use.memory = false (default)
2019-09-25 05:52:46,003 [pool-247-thread-1] INFO  server.RaftServerConfigKeys (ConfUtils.java:logGet(43)) - raft.server.log.purge.gap = 1000000 (custom)
2019-09-25 05:52:46,004 [pool-247-thread-1] INFO  server.RaftServerConfigKeys (ConfUtils.java:logGet(43)) - raft.server.log.appender.buffer.byte-limit = 33554432 (custom)
2019-09-25 05:52:46,004 [pool-247-thread-1] INFO  server.RaftServerConfigKeys (ConfUtils.java:logGet(43)) - raft.server.log.segment.size.max = 1048576 (custom)
2019-09-25 05:52:46,004 [pool-247-thread-1] INFO  server.RaftServerConfigKeys (ConfUtils.java:logGet(43)) - raft.server.log.segment.cache.num.max = 2 (custom)
2019-09-25 05:52:46,004 [pool-247-thread-1] INFO  segmented.SegmentedRaftLogWorker (SegmentedRaftLogWorker.java:<init>(172)) - new cc85cb8b-3f87-4429-b0d4-29375c8e10ab@group-5058BCC69F26-SegmentedRaftLogWorker for RaftStorage:Storage Directory /workdir/hadoop-ozone/ozonefs/target/test-dir/MiniOzoneClusterImpl-adbbc45e-2f66-4e28-a2c7-3dfa588ff680/datanode-2/data/ratis/bc23c187-0eee-437a-afea-5058bcc69f26
2019-09-25 05:52:46,006 [pool-247-thread-1] INFO  server.RaftServerConfigKeys (ConfUtils.java:logGet(43)) - raft.server.log.queue.byte-limit = 2147483647 (custom)
2019-09-25 05:52:46,006 [pool-247-thread-1] INFO  server.RaftServerConfigKeys (ConfUtils.java:logGet(43)) - raft.server.log.queue.element-limit = 1024 (custom)
2019-09-25 05:52:46,007 [pool-247-thread-1] INFO  server.RaftServerConfigKeys (ConfUtils.java:logGet(43)) - raft.server.log.segment.size.max = 1048576 (custom)
2019-09-25 05:52:46,007 [pool-247-thread-1] INFO  server.RaftServerConfigKeys (ConfUtils.java:logGet(43)) - raft.server.log.preallocated.size = 16384 (custom)
2019-09-25 05:52:46,007 [pool-247-thread-1] INFO  server.RaftServerConfigKeys (ConfUtils.java:logGet(43)) - raft.server.log.write.buffer.size = 33554432 (custom)
2019-09-25 05:52:46,007 [pool-247-thread-1] INFO  server.RaftServerConfigKeys (ConfUtils.java:logGet(43)) - raft.server.log.force.sync.num = 128 (default)
2019-09-25 05:52:46,007 [pool-247-thread-1] INFO  server.RaftServerConfigKeys (ConfUtils.java:logGet(43)) - raft.server.log.statemachine.data.sync = true (default)
2019-09-25 05:52:46,007 [pool-247-thread-1] INFO  server.RaftServerConfigKeys (ConfUtils.java:logGet(43)) - raft.server.log.statemachine.data.sync.timeout = 10s (default)
2019-09-25 05:52:46,008 [pool-247-thread-1] INFO  server.RaftServerConfigKeys (ConfUtils.java:logGet(43)) - raft.server.log.statemachine.data.sync.timeout.retry = -1 (default)
2019-09-25 05:52:46,008 [pool-247-thread-1] INFO  server.RaftServerConfigKeys (ConfUtils.java:logGet(43)) - raft.server.log.statemachine.data.caching.enabled = true (custom)
2019-09-25 05:52:46,008 [pool-247-thread-1] INFO  segmented.SegmentedRaftLogWorker (SegmentedRaftLogWorker.java:lambda$new$0(132)) - cc85cb8b-3f87-4429-b0d4-29375c8e10ab@group-5058BCC69F26-SegmentedRaftLogWorker: flushIndex: setUnconditionally 0 -> -1
2019-09-25 05:52:46,009 [pool-247-thread-1] INFO  server.RaftServerConfigKeys (ConfUtils.java:logGet(43)) - raft.server.snapshot.auto.trigger.enabled = true (custom)
2019-09-25 05:52:46,009 [pool-247-thread-1] INFO  server.RaftServerConfigKeys (ConfUtils.java:logGet(43)) - raft.server.snapshot.auto.trigger.threshold = 10000 (custom)
2019-09-25 05:52:46,009 [pool-247-thread-1] INFO  server.RaftServerConfigKeys (ConfUtils.java:logGet(43)) - raft.server.snapshot.retention.num.files = 5 (custom)
2019-09-25 05:52:46,009 [pool-247-thread-1] INFO  server.RaftServerConfigKeys (ConfUtils.java:logGet(43)) - raft.server.retrycache.expirytime = 600000ms (custom)
2019-09-25 05:52:46,011 [pool-247-thread-1] INFO  impl.RaftServerImpl (RaftServerImpl.java:start(185)) - cc85cb8b-3f87-4429-b0d4-29375c8e10ab@group-5058BCC69F26: start as a follower, conf=-1: [cc85cb8b-3f87-4429-b0d4-29375c8e10ab:192.168.5.161:33902], old=null
2019-09-25 05:52:46,012 [pool-247-thread-1] INFO  impl.RaftServerImpl (RaftServerImpl.java:setRole(174)) - cc85cb8b-3f87-4429-b0d4-29375c8e10ab@group-5058BCC69F26: changes role from      null to FOLLOWER at term 0 for startAsFollower
2019-09-25 05:52:46,012 [pool-247-thread-1] INFO  impl.RoleInfo (RoleInfo.java:updateAndGet(143)) - cc85cb8b-3f87-4429-b0d4-29375c8e10ab: start FollowerState
2019-09-25 05:52:46,012 [pool-247-thread-1] INFO  util.JmxRegister (JmxRegister.java:tryRegister(44)) - Successfully registered JMX Bean with object name Ratis:service=RaftServer,group=group-5058BCC69F26,id=cc85cb8b-3f87-4429-b0d4-29375c8e10ab
2019-09-25 05:52:46,015 [RatisPipelineUtilsThread] INFO  pipeline.PipelineStateManager (PipelineStateManager.java:addPipeline(56)) - Created pipeline Pipeline[ Id: bc23c187-0eee-437a-afea-5058bcc69f26, Nodes: cc85cb8b-3f87-4429-b0d4-29375c8e10ab{ip: 192.168.5.161, host: pr-hdds-1569-zxpks-796972592, networkLocation: /default-rack, certSerialId: null}, Type:RATIS, Factor:ONE, State:OPEN]
2019-09-25 05:52:46,021 [grpc-default-executor-0] INFO  impl.RaftServerProxy (RaftServerProxy.java:addNew(89)) - 2ee30776-dbb8-4e40-babf-43a7beb94cbe: addNew group-EB311A118944:[2ee30776-dbb8-4e40-babf-43a7beb94cbe:192.168.5.161:40350] returns group-EB311A118944:java.util.concurrent.CompletableFuture@49485a8e[Not completed]
2019-09-25 05:52:46,023 [pool-237-thread-1] INFO  impl.RaftServerImpl (RaftServerImpl.java:<init>(95)) - 2ee30776-dbb8-4e40-babf-43a7beb94cbe: new RaftServerImpl for group-EB311A118944:[2ee30776-dbb8-4e40-babf-43a7beb94cbe:192.168.5.161:40350] with ContainerStateMachine:uninitialized
2019-09-25 05:52:46,023 [pool-237-thread-1] INFO  server.RaftServerConfigKeys (ConfUtils.java:logGet(43)) - raft.server.rpc.timeout.min = 5s (custom)
2019-09-25 05:52:46,024 [pool-237-thread-1] INFO  server.RaftServerConfigKeys (ConfUtils.java:logGet(43)) - raft.server.rpc.timeout.max = 5200ms (custom)
2019-09-25 05:52:46,024 [pool-237-thread-1] INFO  server.RaftServerConfigKeys (ConfUtils.java:logGet(43)) - raft.server.rpcslowness.timeout = 120s (custom)
2019-09-25 05:52:46,024 [pool-237-thread-1] INFO  server.RaftServerConfigKeys (ConfUtils.java:logGet(43)) - raft.server.sleep.deviation.threshold = 300 (default)
2019-09-25 05:52:46,024 [pool-237-thread-1] INFO  server.RaftServerConfigKeys (ConfUtils.java:logGet(43)) - raft.server.log.appender.install.snapshot.enabled = false (custom)
2019-09-25 05:52:46,024 [pool-237-thread-1] INFO  impl.RaftServerImpl (ServerState.java:<init>(103)) - 2ee30776-dbb8-4e40-babf-43a7beb94cbe@group-EB311A118944: ConfigurationManager, init=-1: [2ee30776-dbb8-4e40-babf-43a7beb94cbe:192.168.5.161:40350], old=null, confs=<EMPTY_MAP>
2019-09-25 05:52:46,025 [pool-237-thread-1] INFO  server.RaftServerConfigKeys (ConfUtils.java:logGet(43)) - raft.server.storage.dir = [/workdir/hadoop-ozone/ozonefs/target/test-dir/MiniOzoneClusterImpl-adbbc45e-2f66-4e28-a2c7-3dfa588ff680/datanode-1/data/ratis] (custom)
2019-09-25 05:52:46,025 [pool-237-thread-1] INFO  storage.RaftStorageDirectory (RaftStorageDirectory.java:analyzeStorage(246)) - The storage directory /workdir/hadoop-ozone/ozonefs/target/test-dir/MiniOzoneClusterImpl-adbbc45e-2f66-4e28-a2c7-3dfa588ff680/datanode-1/data/ratis/d6c78074-a2fb-443d-b048-eb311a118944 does not exist. Creating ...
2019-09-25 05:52:46,030 [pool-237-thread-1] INFO  storage.RaftStorageDirectory (RaftStorageDirectory.java:tryLock(328)) - Lock on /workdir/hadoop-ozone/ozonefs/target/test-dir/MiniOzoneClusterImpl-adbbc45e-2f66-4e28-a2c7-3dfa588ff680/datanode-1/data/ratis/d6c78074-a2fb-443d-b048-eb311a118944/in_use.lock acquired by nodename 13808@pr-hdds-1569-zxpks-796972592
2019-09-25 05:52:46,034 [pool-237-thread-1] INFO  storage.RaftStorage (RaftStorage.java:format(72)) - Storage directory /workdir/hadoop-ozone/ozonefs/target/test-dir/MiniOzoneClusterImpl-adbbc45e-2f66-4e28-a2c7-3dfa588ff680/datanode-1/data/ratis/d6c78074-a2fb-443d-b048-eb311a118944 has been successfully formatted.
2019-09-25 05:52:46,034 [pool-237-thread-1] INFO  ratis.ContainerStateMachine (ContainerStateMachine.java:loadSnapshot(230)) - group-EB311A118944: The snapshot info is null. Setting the last applied indexto:(t:0, i:~)
2019-09-25 05:52:46,034 [pool-237-thread-1] INFO  server.RaftServerConfigKeys (ConfUtils.java:logGet(43)) - raft.server.notification.no-leader.timeout = 120s (custom)
2019-09-25 05:52:46,034 [pool-237-thread-1] INFO  server.RaftServerConfigKeys (ConfUtils.java:logGet(43)) - raft.server.log.use.memory = false (default)
2019-09-25 05:52:46,035 [pool-237-thread-1] INFO  server.RaftServerConfigKeys (ConfUtils.java:logGet(43)) - raft.server.log.purge.gap = 1000000 (custom)
2019-09-25 05:52:46,035 [pool-237-thread-1] INFO  server.RaftServerConfigKeys (ConfUtils.java:logGet(43)) - raft.server.log.appender.buffer.byte-limit = 33554432 (custom)
2019-09-25 05:52:46,035 [pool-237-thread-1] INFO  server.RaftServerConfigKeys (ConfUtils.java:logGet(43)) - raft.server.log.segment.size.max = 1048576 (custom)
2019-09-25 05:52:46,035 [pool-237-thread-1] INFO  server.RaftServerConfigKeys (ConfUtils.java:logGet(43)) - raft.server.log.segment.cache.num.max = 2 (custom)
2019-09-25 05:52:46,035 [pool-237-thread-1] INFO  segmented.SegmentedRaftLogWorker (SegmentedRaftLogWorker.java:<init>(172)) - new 2ee30776-dbb8-4e40-babf-43a7beb94cbe@group-EB311A118944-SegmentedRaftLogWorker for RaftStorage:Storage Directory /workdir/hadoop-ozone/ozonefs/target/test-dir/MiniOzoneClusterImpl-adbbc45e-2f66-4e28-a2c7-3dfa588ff680/datanode-1/data/ratis/d6c78074-a2fb-443d-b048-eb311a118944
2019-09-25 05:52:46,035 [pool-237-thread-1] INFO  server.RaftServerConfigKeys (ConfUtils.java:logGet(43)) - raft.server.log.queue.byte-limit = 2147483647 (custom)
2019-09-25 05:52:46,036 [pool-237-thread-1] INFO  server.RaftServerConfigKeys (ConfUtils.java:logGet(43)) - raft.server.log.queue.element-limit = 1024 (custom)
2019-09-25 05:52:46,036 [pool-237-thread-1] INFO  server.RaftServerConfigKeys (ConfUtils.java:logGet(43)) - raft.server.log.segment.size.max = 1048576 (custom)
2019-09-25 05:52:46,036 [pool-237-thread-1] INFO  server.RaftServerConfigKeys (ConfUtils.java:logGet(43)) - raft.server.log.preallocated.size = 16384 (custom)
2019-09-25 05:52:46,036 [pool-237-thread-1] INFO  server.RaftServerConfigKeys (ConfUtils.java:logGet(43)) - raft.server.log.write.buffer.size = 33554432 (custom)
2019-09-25 05:52:46,036 [pool-237-thread-1] INFO  server.RaftServerConfigKeys (ConfUtils.java:logGet(43)) - raft.server.log.force.sync.num = 128 (default)
2019-09-25 05:52:46,036 [pool-237-thread-1] INFO  server.RaftServerConfigKeys (ConfUtils.java:logGet(43)) - raft.server.log.statemachine.data.sync = true (default)
2019-09-25 05:52:46,037 [pool-237-thread-1] INFO  server.RaftServerConfigKeys (ConfUtils.java:logGet(43)) - raft.server.log.statemachine.data.sync.timeout = 10s (default)
2019-09-25 05:52:46,037 [pool-237-thread-1] INFO  server.RaftServerConfigKeys (ConfUtils.java:logGet(43)) - raft.server.log.statemachine.data.sync.timeout.retry = -1 (default)
2019-09-25 05:52:46,037 [pool-237-thread-1] INFO  server.RaftServerConfigKeys (ConfUtils.java:logGet(43)) - raft.server.log.statemachine.data.caching.enabled = true (custom)
2019-09-25 05:52:46,037 [pool-237-thread-1] INFO  segmented.SegmentedRaftLogWorker (SegmentedRaftLogWorker.java:lambda$new$0(132)) - 2ee30776-dbb8-4e40-babf-43a7beb94cbe@group-EB311A118944-SegmentedRaftLogWorker: flushIndex: setUnconditionally 0 -> -1
2019-09-25 05:52:46,038 [pool-237-thread-1] INFO  server.RaftServerConfigKeys (ConfUtils.java:logGet(43)) - raft.server.snapshot.auto.trigger.enabled = true (custom)
2019-09-25 05:52:46,038 [pool-237-thread-1] INFO  server.RaftServerConfigKeys (ConfUtils.java:logGet(43)) - raft.server.snapshot.auto.trigger.threshold = 10000 (custom)
2019-09-25 05:52:46,038 [pool-237-thread-1] INFO  server.RaftServerConfigKeys (ConfUtils.java:logGet(43)) - raft.server.snapshot.retention.num.files = 5 (custom)
2019-09-25 05:52:46,038 [pool-237-thread-1] INFO  server.RaftServerConfigKeys (ConfUtils.java:logGet(43)) - raft.server.retrycache.expirytime = 600000ms (custom)
2019-09-25 05:52:46,041 [pool-237-thread-1] INFO  impl.RaftServerImpl (RaftServerImpl.java:start(185)) - 2ee30776-dbb8-4e40-babf-43a7beb94cbe@group-EB311A118944: start as a follower, conf=-1: [2ee30776-dbb8-4e40-babf-43a7beb94cbe:192.168.5.161:40350], old=null
2019-09-25 05:52:46,041 [pool-237-thread-1] INFO  impl.RaftServerImpl (RaftServerImpl.java:setRole(174)) - 2ee30776-dbb8-4e40-babf-43a7beb94cbe@group-EB311A118944: changes role from      null to FOLLOWER at term 0 for startAsFollower
2019-09-25 05:52:46,041 [pool-237-thread-1] INFO  impl.RoleInfo (RoleInfo.java:updateAndGet(143)) - 2ee30776-dbb8-4e40-babf-43a7beb94cbe: start FollowerState
2019-09-25 05:52:46,041 [pool-237-thread-1] INFO  util.JmxRegister (JmxRegister.java:tryRegister(44)) - Successfully registered JMX Bean with object name Ratis:service=RaftServer,group=group-EB311A118944,id=2ee30776-dbb8-4e40-babf-43a7beb94cbe
2019-09-25 05:52:46,044 [RatisPipelineUtilsThread] INFO  pipeline.PipelineStateManager (PipelineStateManager.java:addPipeline(56)) - Created pipeline Pipeline[ Id: d6c78074-a2fb-443d-b048-eb311a118944, Nodes: 2ee30776-dbb8-4e40-babf-43a7beb94cbe{ip: 192.168.5.161, host: pr-hdds-1569-zxpks-796972592, networkLocation: /default-rack, certSerialId: null}, Type:RATIS, Factor:ONE, State:OPEN]
2019-09-25 05:52:46,049 [grpc-default-executor-0] INFO  impl.RaftServerProxy (RaftServerProxy.java:addNew(89)) - cc85cb8b-3f87-4429-b0d4-29375c8e10ab: addNew group-7990BA35AAE7:[cc85cb8b-3f87-4429-b0d4-29375c8e10ab:192.168.5.161:33902] returns group-7990BA35AAE7:java.util.concurrent.CompletableFuture@25e435d6[Not completed]
2019-09-25 05:52:46,050 [pool-247-thread-1] INFO  impl.RaftServerImpl (RaftServerImpl.java:<init>(95)) - cc85cb8b-3f87-4429-b0d4-29375c8e10ab: new RaftServerImpl for group-7990BA35AAE7:[cc85cb8b-3f87-4429-b0d4-29375c8e10ab:192.168.5.161:33902] with ContainerStateMachine:uninitialized
2019-09-25 05:52:46,051 [pool-247-thread-1] INFO  server.RaftServerConfigKeys (ConfUtils.java:logGet(43)) - raft.server.rpc.timeout.min = 5s (custom)
2019-09-25 05:52:46,051 [pool-247-thread-1] INFO  server.RaftServerConfigKeys (ConfUtils.java:logGet(43)) - raft.server.rpc.timeout.max = 5200ms (custom)
2019-09-25 05:52:46,051 [pool-247-thread-1] INFO  server.RaftServerConfigKeys (ConfUtils.java:logGet(43)) - raft.server.rpcslowness.timeout = 120s (custom)
2019-09-25 05:52:46,051 [pool-247-thread-1] INFO  server.RaftServerConfigKeys (ConfUtils.java:logGet(43)) - raft.server.sleep.deviation.threshold = 300 (default)
2019-09-25 05:52:46,051 [pool-247-thread-1] INFO  server.RaftServerConfigKeys (ConfUtils.java:logGet(43)) - raft.server.log.appender.install.snapshot.enabled = false (custom)
2019-09-25 05:52:46,051 [pool-247-thread-1] INFO  impl.RaftServerImpl (ServerState.java:<init>(103)) - cc85cb8b-3f87-4429-b0d4-29375c8e10ab@group-7990BA35AAE7: ConfigurationManager, init=-1: [cc85cb8b-3f87-4429-b0d4-29375c8e10ab:192.168.5.161:33902], old=null, confs=<EMPTY_MAP>
2019-09-25 05:52:46,051 [pool-247-thread-1] INFO  server.RaftServerConfigKeys (ConfUtils.java:logGet(43)) - raft.server.storage.dir = [/workdir/hadoop-ozone/ozonefs/target/test-dir/MiniOzoneClusterImpl-adbbc45e-2f66-4e28-a2c7-3dfa588ff680/datanode-2/data/ratis] (custom)
2019-09-25 05:52:46,052 [pool-247-thread-1] INFO  storage.RaftStorageDirectory (RaftStorageDirectory.java:analyzeStorage(246)) - The storage directory /workdir/hadoop-ozone/ozonefs/target/test-dir/MiniOzoneClusterImpl-adbbc45e-2f66-4e28-a2c7-3dfa588ff680/datanode-2/data/ratis/ebf18dbb-f8df-4037-843d-7990ba35aae7 does not exist. Creating ...
2019-09-25 05:52:46,055 [pool-247-thread-1] INFO  storage.RaftStorageDirectory (RaftStorageDirectory.java:tryLock(328)) - Lock on /workdir/hadoop-ozone/ozonefs/target/test-dir/MiniOzoneClusterImpl-adbbc45e-2f66-4e28-a2c7-3dfa588ff680/datanode-2/data/ratis/ebf18dbb-f8df-4037-843d-7990ba35aae7/in_use.lock acquired by nodename 13808@pr-hdds-1569-zxpks-796972592
2019-09-25 05:52:46,066 [pool-247-thread-1] INFO  storage.RaftStorage (RaftStorage.java:format(72)) - Storage directory /workdir/hadoop-ozone/ozonefs/target/test-dir/MiniOzoneClusterImpl-adbbc45e-2f66-4e28-a2c7-3dfa588ff680/datanode-2/data/ratis/ebf18dbb-f8df-4037-843d-7990ba35aae7 has been successfully formatted.
2019-09-25 05:52:46,066 [pool-247-thread-1] INFO  ratis.ContainerStateMachine (ContainerStateMachine.java:loadSnapshot(230)) - group-7990BA35AAE7: The snapshot info is null. Setting the last applied indexto:(t:0, i:~)
2019-09-25 05:52:46,067 [pool-247-thread-1] INFO  server.RaftServerConfigKeys (ConfUtils.java:logGet(43)) - raft.server.notification.no-leader.timeout = 120s (custom)
2019-09-25 05:52:46,067 [pool-247-thread-1] INFO  server.RaftServerConfigKeys (ConfUtils.java:logGet(43)) - raft.server.log.use.memory = false (default)
2019-09-25 05:52:46,067 [pool-247-thread-1] INFO  server.RaftServerConfigKeys (ConfUtils.java:logGet(43)) - raft.server.log.purge.gap = 1000000 (custom)
2019-09-25 05:52:46,067 [pool-247-thread-1] INFO  server.RaftServerConfigKeys (ConfUtils.java:logGet(43)) - raft.server.log.appender.buffer.byte-limit = 33554432 (custom)
2019-09-25 05:52:46,067 [pool-247-thread-1] INFO  server.RaftServerConfigKeys (ConfUtils.java:logGet(43)) - raft.server.log.segment.size.max = 1048576 (custom)
2019-09-25 05:52:46,067 [pool-247-thread-1] INFO  server.RaftServerConfigKeys (ConfUtils.java:logGet(43)) - raft.server.log.segment.cache.num.max = 2 (custom)
2019-09-25 05:52:46,068 [pool-247-thread-1] INFO  segmented.SegmentedRaftLogWorker (SegmentedRaftLogWorker.java:<init>(172)) - new cc85cb8b-3f87-4429-b0d4-29375c8e10ab@group-7990BA35AAE7-SegmentedRaftLogWorker for RaftStorage:Storage Directory /workdir/hadoop-ozone/ozonefs/target/test-dir/MiniOzoneClusterImpl-adbbc45e-2f66-4e28-a2c7-3dfa588ff680/datanode-2/data/ratis/ebf18dbb-f8df-4037-843d-7990ba35aae7
2019-09-25 05:52:46,068 [pool-247-thread-1] INFO  server.RaftServerConfigKeys (ConfUtils.java:logGet(43)) - raft.server.log.queue.byte-limit = 2147483647 (custom)
2019-09-25 05:52:46,068 [pool-247-thread-1] INFO  server.RaftServerConfigKeys (ConfUtils.java:logGet(43)) - raft.server.log.queue.element-limit = 1024 (custom)
2019-09-25 05:52:46,068 [pool-247-thread-1] INFO  server.RaftServerConfigKeys (ConfUtils.java:logGet(43)) - raft.server.log.segment.size.max = 1048576 (custom)
2019-09-25 05:52:46,068 [pool-247-thread-1] INFO  server.RaftServerConfigKeys (ConfUtils.java:logGet(43)) - raft.server.log.preallocated.size = 16384 (custom)
2019-09-25 05:52:46,068 [pool-247-thread-1] INFO  server.RaftServerConfigKeys (ConfUtils.java:logGet(43)) - raft.server.log.write.buffer.size = 33554432 (custom)
2019-09-25 05:52:46,068 [pool-247-thread-1] INFO  server.RaftServerConfigKeys (ConfUtils.java:logGet(43)) - raft.server.log.force.sync.num = 128 (default)
2019-09-25 05:52:46,069 [pool-247-thread-1] INFO  server.RaftServerConfigKeys (ConfUtils.java:logGet(43)) - raft.server.log.statemachine.data.sync = true (default)
2019-09-25 05:52:46,069 [pool-247-thread-1] INFO  server.RaftServerConfigKeys (ConfUtils.java:logGet(43)) - raft.server.log.statemachine.data.sync.timeout = 10s (default)
2019-09-25 05:52:46,069 [pool-247-thread-1] INFO  server.RaftServerConfigKeys (ConfUtils.java:logGet(43)) - raft.server.log.statemachine.data.sync.timeout.retry = -1 (default)
2019-09-25 05:52:46,069 [pool-247-thread-1] INFO  server.RaftServerConfigKeys (ConfUtils.java:logGet(43)) - raft.server.log.statemachine.data.caching.enabled = true (custom)
2019-09-25 05:52:46,069 [pool-247-thread-1] INFO  segmented.SegmentedRaftLogWorker (SegmentedRaftLogWorker.java:lambda$new$0(132)) - cc85cb8b-3f87-4429-b0d4-29375c8e10ab@group-7990BA35AAE7-SegmentedRaftLogWorker: flushIndex: setUnconditionally 0 -> -1
2019-09-25 05:52:46,070 [pool-247-thread-1] INFO  server.RaftServerConfigKeys (ConfUtils.java:logGet(43)) - raft.server.snapshot.auto.trigger.enabled = true (custom)
2019-09-25 05:52:46,070 [pool-247-thread-1] INFO  server.RaftServerConfigKeys (ConfUtils.java:logGet(43)) - raft.server.snapshot.auto.trigger.threshold = 10000 (custom)
2019-09-25 05:52:46,070 [pool-247-thread-1] INFO  server.RaftServerConfigKeys (ConfUtils.java:logGet(43)) - raft.server.snapshot.retention.num.files = 5 (custom)
2019-09-25 05:52:46,070 [pool-247-thread-1] INFO  server.RaftServerConfigKeys (ConfUtils.java:logGet(43)) - raft.server.retrycache.expirytime = 600000ms (custom)
2019-09-25 05:52:46,072 [pool-247-thread-1] INFO  impl.RaftServerImpl (RaftServerImpl.java:start(185)) - cc85cb8b-3f87-4429-b0d4-29375c8e10ab@group-7990BA35AAE7: start as a follower, conf=-1: [cc85cb8b-3f87-4429-b0d4-29375c8e10ab:192.168.5.161:33902], old=null
2019-09-25 05:52:46,072 [pool-247-thread-1] INFO  impl.RaftServerImpl (RaftServerImpl.java:setRole(174)) - cc85cb8b-3f87-4429-b0d4-29375c8e10ab@group-7990BA35AAE7: changes role from      null to FOLLOWER at term 0 for startAsFollower
2019-09-25 05:52:46,072 [pool-247-thread-1] INFO  impl.RoleInfo (RoleInfo.java:updateAndGet(143)) - cc85cb8b-3f87-4429-b0d4-29375c8e10ab: start FollowerState
2019-09-25 05:52:46,072 [pool-247-thread-1] INFO  util.JmxRegister (JmxRegister.java:tryRegister(44)) - Successfully registered JMX Bean with object name Ratis:service=RaftServer,group=group-7990BA35AAE7,id=cc85cb8b-3f87-4429-b0d4-29375c8e10ab
2019-09-25 05:52:46,075 [RatisPipelineUtilsThread] INFO  pipeline.PipelineStateManager (PipelineStateManager.java:addPipeline(56)) - Created pipeline Pipeline[ Id: ebf18dbb-f8df-4037-843d-7990ba35aae7, Nodes: cc85cb8b-3f87-4429-b0d4-29375c8e10ab{ip: 192.168.5.161, host: pr-hdds-1569-zxpks-796972592, networkLocation: /default-rack, certSerialId: null}, Type:RATIS, Factor:ONE, State:OPEN]
2019-09-25 05:52:46,081 [grpc-default-executor-0] INFO  impl.RaftServerProxy (RaftServerProxy.java:addNew(89)) - 064658ec-5496-488b-bd05-2b25fa23e071: addNew group-33CAE0C96A00:[064658ec-5496-488b-bd05-2b25fa23e071:192.168.5.161:34189] returns group-33CAE0C96A00:java.util.concurrent.CompletableFuture@3599bf07[Not completed]
2019-09-25 05:52:46,082 [pool-227-thread-1] INFO  impl.RaftServerImpl (RaftServerImpl.java:<init>(95)) - 064658ec-5496-488b-bd05-2b25fa23e071: new RaftServerImpl for group-33CAE0C96A00:[064658ec-5496-488b-bd05-2b25fa23e071:192.168.5.161:34189] with ContainerStateMachine:uninitialized
2019-09-25 05:52:46,082 [pool-227-thread-1] INFO  server.RaftServerConfigKeys (ConfUtils.java:logGet(43)) - raft.server.rpc.timeout.min = 5s (custom)
2019-09-25 05:52:46,082 [pool-227-thread-1] INFO  server.RaftServerConfigKeys (ConfUtils.java:logGet(43)) - raft.server.rpc.timeout.max = 5200ms (custom)
2019-09-25 05:52:46,082 [pool-227-thread-1] INFO  server.RaftServerConfigKeys (ConfUtils.java:logGet(43)) - raft.server.rpcslowness.timeout = 120s (custom)
2019-09-25 05:52:46,082 [pool-227-thread-1] INFO  server.RaftServerConfigKeys (ConfUtils.java:logGet(43)) - raft.server.sleep.deviation.threshold = 300 (default)
2019-09-25 05:52:46,082 [pool-227-thread-1] INFO  server.RaftServerConfigKeys (ConfUtils.java:logGet(43)) - raft.server.log.appender.install.snapshot.enabled = false (custom)
2019-09-25 05:52:46,083 [pool-227-thread-1] INFO  impl.RaftServerImpl (ServerState.java:<init>(103)) - 064658ec-5496-488b-bd05-2b25fa23e071@group-33CAE0C96A00: ConfigurationManager, init=-1: [064658ec-5496-488b-bd05-2b25fa23e071:192.168.5.161:34189], old=null, confs=<EMPTY_MAP>
2019-09-25 05:52:46,083 [pool-227-thread-1] INFO  server.RaftServerConfigKeys (ConfUtils.java:logGet(43)) - raft.server.storage.dir = [/workdir/hadoop-ozone/ozonefs/target/test-dir/MiniOzoneClusterImpl-adbbc45e-2f66-4e28-a2c7-3dfa588ff680/datanode-0/data/ratis] (custom)
2019-09-25 05:52:46,083 [pool-227-thread-1] INFO  storage.RaftStorageDirectory (RaftStorageDirectory.java:analyzeStorage(246)) - The storage directory /workdir/hadoop-ozone/ozonefs/target/test-dir/MiniOzoneClusterImpl-adbbc45e-2f66-4e28-a2c7-3dfa588ff680/datanode-0/data/ratis/712889dc-138a-4701-9485-33cae0c96a00 does not exist. Creating ...
2019-09-25 05:52:46,086 [pool-227-thread-1] INFO  storage.RaftStorageDirectory (RaftStorageDirectory.java:tryLock(328)) - Lock on /workdir/hadoop-ozone/ozonefs/target/test-dir/MiniOzoneClusterImpl-adbbc45e-2f66-4e28-a2c7-3dfa588ff680/datanode-0/data/ratis/712889dc-138a-4701-9485-33cae0c96a00/in_use.lock acquired by nodename 13808@pr-hdds-1569-zxpks-796972592
2019-09-25 05:52:46,116 [pool-227-thread-1] INFO  storage.RaftStorage (RaftStorage.java:format(72)) - Storage directory /workdir/hadoop-ozone/ozonefs/target/test-dir/MiniOzoneClusterImpl-adbbc45e-2f66-4e28-a2c7-3dfa588ff680/datanode-0/data/ratis/712889dc-138a-4701-9485-33cae0c96a00 has been successfully formatted.
2019-09-25 05:52:46,116 [pool-227-thread-1] INFO  ratis.ContainerStateMachine (ContainerStateMachine.java:loadSnapshot(230)) - group-33CAE0C96A00: The snapshot info is null. Setting the last applied indexto:(t:0, i:~)
2019-09-25 05:52:46,116 [pool-227-thread-1] INFO  server.RaftServerConfigKeys (ConfUtils.java:logGet(43)) - raft.server.notification.no-leader.timeout = 120s (custom)
2019-09-25 05:52:46,116 [pool-227-thread-1] INFO  server.RaftServerConfigKeys (ConfUtils.java:logGet(43)) - raft.server.log.use.memory = false (default)
2019-09-25 05:52:46,117 [pool-227-thread-1] INFO  server.RaftServerConfigKeys (ConfUtils.java:logGet(43)) - raft.server.log.purge.gap = 1000000 (custom)
2019-09-25 05:52:46,117 [pool-227-thread-1] INFO  server.RaftServerConfigKeys (ConfUtils.java:logGet(43)) - raft.server.log.appender.buffer.byte-limit = 33554432 (custom)
2019-09-25 05:52:46,117 [pool-227-thread-1] INFO  server.RaftServerConfigKeys (ConfUtils.java:logGet(43)) - raft.server.log.segment.size.max = 1048576 (custom)
2019-09-25 05:52:46,117 [pool-227-thread-1] INFO  server.RaftServerConfigKeys (ConfUtils.java:logGet(43)) - raft.server.log.segment.cache.num.max = 2 (custom)
2019-09-25 05:52:46,117 [pool-227-thread-1] INFO  segmented.SegmentedRaftLogWorker (SegmentedRaftLogWorker.java:<init>(172)) - new 064658ec-5496-488b-bd05-2b25fa23e071@group-33CAE0C96A00-SegmentedRaftLogWorker for RaftStorage:Storage Directory /workdir/hadoop-ozone/ozonefs/target/test-dir/MiniOzoneClusterImpl-adbbc45e-2f66-4e28-a2c7-3dfa588ff680/datanode-0/data/ratis/712889dc-138a-4701-9485-33cae0c96a00
2019-09-25 05:52:46,117 [pool-227-thread-1] INFO  server.RaftServerConfigKeys (ConfUtils.java:logGet(43)) - raft.server.log.queue.byte-limit = 2147483647 (custom)
2019-09-25 05:52:46,118 [pool-227-thread-1] INFO  server.RaftServerConfigKeys (ConfUtils.java:logGet(43)) - raft.server.log.queue.element-limit = 1024 (custom)
2019-09-25 05:52:46,118 [pool-227-thread-1] INFO  server.RaftServerConfigKeys (ConfUtils.java:logGet(43)) - raft.server.log.segment.size.max = 1048576 (custom)
2019-09-25 05:52:46,118 [pool-227-thread-1] INFO  server.RaftServerConfigKeys (ConfUtils.java:logGet(43)) - raft.server.log.preallocated.size = 16384 (custom)
2019-09-25 05:52:46,118 [pool-227-thread-1] INFO  server.RaftServerConfigKeys (ConfUtils.java:logGet(43)) - raft.server.log.write.buffer.size = 33554432 (custom)
2019-09-25 05:52:46,118 [pool-227-thread-1] INFO  server.RaftServerConfigKeys (ConfUtils.java:logGet(43)) - raft.server.log.force.sync.num = 128 (default)
2019-09-25 05:52:46,118 [pool-227-thread-1] INFO  server.RaftServerConfigKeys (ConfUtils.java:logGet(43)) - raft.server.log.statemachine.data.sync = true (default)
2019-09-25 05:52:46,118 [pool-227-thread-1] INFO  server.RaftServerConfigKeys (ConfUtils.java:logGet(43)) - raft.server.log.statemachine.data.sync.timeout = 10s (default)
2019-09-25 05:52:46,119 [pool-227-thread-1] INFO  server.RaftServerConfigKeys (ConfUtils.java:logGet(43)) - raft.server.log.statemachine.data.sync.timeout.retry = -1 (default)
2019-09-25 05:52:46,119 [pool-227-thread-1] INFO  server.RaftServerConfigKeys (ConfUtils.java:logGet(43)) - raft.server.log.statemachine.data.caching.enabled = true (custom)
2019-09-25 05:52:46,119 [pool-227-thread-1] INFO  segmented.SegmentedRaftLogWorker (SegmentedRaftLogWorker.java:lambda$new$0(132)) - 064658ec-5496-488b-bd05-2b25fa23e071@group-33CAE0C96A00-SegmentedRaftLogWorker: flushIndex: setUnconditionally 0 -> -1
2019-09-25 05:52:46,119 [pool-227-thread-1] INFO  server.RaftServerConfigKeys (ConfUtils.java:logGet(43)) - raft.server.snapshot.auto.trigger.enabled = true (custom)
2019-09-25 05:52:46,120 [pool-227-thread-1] INFO  server.RaftServerConfigKeys (ConfUtils.java:logGet(43)) - raft.server.snapshot.auto.trigger.threshold = 10000 (custom)
2019-09-25 05:52:46,120 [pool-227-thread-1] INFO  server.RaftServerConfigKeys (ConfUtils.java:logGet(43)) - raft.server.snapshot.retention.num.files = 5 (custom)
2019-09-25 05:52:46,120 [pool-227-thread-1] INFO  server.RaftServerConfigKeys (ConfUtils.java:logGet(43)) - raft.server.retrycache.expirytime = 600000ms (custom)
2019-09-25 05:52:46,122 [pool-227-thread-1] INFO  impl.RaftServerImpl (RaftServerImpl.java:start(185)) - 064658ec-5496-488b-bd05-2b25fa23e071@group-33CAE0C96A00: start as a follower, conf=-1: [064658ec-5496-488b-bd05-2b25fa23e071:192.168.5.161:34189], old=null
2019-09-25 05:52:46,122 [pool-227-thread-1] INFO  impl.RaftServerImpl (RaftServerImpl.java:setRole(174)) - 064658ec-5496-488b-bd05-2b25fa23e071@group-33CAE0C96A00: changes role from      null to FOLLOWER at term 0 for startAsFollower
2019-09-25 05:52:46,122 [pool-227-thread-1] INFO  impl.RoleInfo (RoleInfo.java:updateAndGet(143)) - 064658ec-5496-488b-bd05-2b25fa23e071: start FollowerState
2019-09-25 05:52:46,122 [pool-227-thread-1] INFO  util.JmxRegister (JmxRegister.java:tryRegister(44)) - Successfully registered JMX Bean with object name Ratis:service=RaftServer,group=group-33CAE0C96A00,id=064658ec-5496-488b-bd05-2b25fa23e071
2019-09-25 05:52:46,125 [RatisPipelineUtilsThread] INFO  pipeline.PipelineStateManager (PipelineStateManager.java:addPipeline(56)) - Created pipeline Pipeline[ Id: 712889dc-138a-4701-9485-33cae0c96a00, Nodes: 064658ec-5496-488b-bd05-2b25fa23e071{ip: 192.168.5.161, host: pr-hdds-1569-zxpks-796972592, networkLocation: /default-rack, certSerialId: null}, Type:RATIS, Factor:ONE, State:OPEN]
2019-09-25 05:52:46,131 [grpc-default-executor-0] INFO  impl.RaftServerProxy (RaftServerProxy.java:addNew(89)) - cc85cb8b-3f87-4429-b0d4-29375c8e10ab: addNew group-149F71A9D9C9:[cc85cb8b-3f87-4429-b0d4-29375c8e10ab:192.168.5.161:33902] returns group-149F71A9D9C9:java.util.concurrent.CompletableFuture@237eac42[Not completed]
2019-09-25 05:52:46,133 [pool-247-thread-1] INFO  impl.RaftServerImpl (RaftServerImpl.java:<init>(95)) - cc85cb8b-3f87-4429-b0d4-29375c8e10ab: new RaftServerImpl for group-149F71A9D9C9:[cc85cb8b-3f87-4429-b0d4-29375c8e10ab:192.168.5.161:33902] with ContainerStateMachine:uninitialized
2019-09-25 05:52:46,133 [pool-247-thread-1] INFO  server.RaftServerConfigKeys (ConfUtils.java:logGet(43)) - raft.server.rpc.timeout.min = 5s (custom)
2019-09-25 05:52:46,133 [pool-247-thread-1] INFO  server.RaftServerConfigKeys (ConfUtils.java:logGet(43)) - raft.server.rpc.timeout.max = 5200ms (custom)
2019-09-25 05:52:46,133 [pool-247-thread-1] INFO  server.RaftServerConfigKeys (ConfUtils.java:logGet(43)) - raft.server.rpcslowness.timeout = 120s (custom)
2019-09-25 05:52:46,133 [pool-247-thread-1] INFO  server.RaftServerConfigKeys (ConfUtils.java:logGet(43)) - raft.server.sleep.deviation.threshold = 300 (default)
2019-09-25 05:52:46,133 [pool-247-thread-1] INFO  server.RaftServerConfigKeys (ConfUtils.java:logGet(43)) - raft.server.log.appender.install.snapshot.enabled = false (custom)
2019-09-25 05:52:46,133 [pool-247-thread-1] INFO  impl.RaftServerImpl (ServerState.java:<init>(103)) - cc85cb8b-3f87-4429-b0d4-29375c8e10ab@group-149F71A9D9C9: ConfigurationManager, init=-1: [cc85cb8b-3f87-4429-b0d4-29375c8e10ab:192.168.5.161:33902], old=null, confs=<EMPTY_MAP>
2019-09-25 05:52:46,134 [pool-247-thread-1] INFO  server.RaftServerConfigKeys (ConfUtils.java:logGet(43)) - raft.server.storage.dir = [/workdir/hadoop-ozone/ozonefs/target/test-dir/MiniOzoneClusterImpl-adbbc45e-2f66-4e28-a2c7-3dfa588ff680/datanode-2/data/ratis] (custom)
2019-09-25 05:52:46,134 [pool-247-thread-1] INFO  storage.RaftStorageDirectory (RaftStorageDirectory.java:analyzeStorage(246)) - The storage directory /workdir/hadoop-ozone/ozonefs/target/test-dir/MiniOzoneClusterImpl-adbbc45e-2f66-4e28-a2c7-3dfa588ff680/datanode-2/data/ratis/d030aa28-fd81-472a-854d-149f71a9d9c9 does not exist. Creating ...
2019-09-25 05:52:46,148 [pool-247-thread-1] INFO  storage.RaftStorageDirectory (RaftStorageDirectory.java:tryLock(328)) - Lock on /workdir/hadoop-ozone/ozonefs/target/test-dir/MiniOzoneClusterImpl-adbbc45e-2f66-4e28-a2c7-3dfa588ff680/datanode-2/data/ratis/d030aa28-fd81-472a-854d-149f71a9d9c9/in_use.lock acquired by nodename 13808@pr-hdds-1569-zxpks-796972592
2019-09-25 05:52:46,161 [pool-247-thread-1] INFO  storage.RaftStorage (RaftStorage.java:format(72)) - Storage directory /workdir/hadoop-ozone/ozonefs/target/test-dir/MiniOzoneClusterImpl-adbbc45e-2f66-4e28-a2c7-3dfa588ff680/datanode-2/data/ratis/d030aa28-fd81-472a-854d-149f71a9d9c9 has been successfully formatted.
2019-09-25 05:52:46,161 [pool-247-thread-1] INFO  ratis.ContainerStateMachine (ContainerStateMachine.java:loadSnapshot(230)) - group-149F71A9D9C9: The snapshot info is null. Setting the last applied indexto:(t:0, i:~)
2019-09-25 05:52:46,162 [pool-247-thread-1] INFO  server.RaftServerConfigKeys (ConfUtils.java:logGet(43)) - raft.server.notification.no-leader.timeout = 120s (custom)
2019-09-25 05:52:46,162 [pool-247-thread-1] INFO  server.RaftServerConfigKeys (ConfUtils.java:logGet(43)) - raft.server.log.use.memory = false (default)
2019-09-25 05:52:46,162 [pool-247-thread-1] INFO  server.RaftServerConfigKeys (ConfUtils.java:logGet(43)) - raft.server.log.purge.gap = 1000000 (custom)
2019-09-25 05:52:46,162 [pool-247-thread-1] INFO  server.RaftServerConfigKeys (ConfUtils.java:logGet(43)) - raft.server.log.appender.buffer.byte-limit = 33554432 (custom)
2019-09-25 05:52:46,162 [pool-247-thread-1] INFO  server.RaftServerConfigKeys (ConfUtils.java:logGet(43)) - raft.server.log.segment.size.max = 1048576 (custom)
2019-09-25 05:52:46,162 [pool-247-thread-1] INFO  server.RaftServerConfigKeys (ConfUtils.java:logGet(43)) - raft.server.log.segment.cache.num.max = 2 (custom)
2019-09-25 05:52:46,162 [pool-247-thread-1] INFO  segmented.SegmentedRaftLogWorker (SegmentedRaftLogWorker.java:<init>(172)) - new cc85cb8b-3f87-4429-b0d4-29375c8e10ab@group-149F71A9D9C9-SegmentedRaftLogWorker for RaftStorage:Storage Directory /workdir/hadoop-ozone/ozonefs/target/test-dir/MiniOzoneClusterImpl-adbbc45e-2f66-4e28-a2c7-3dfa588ff680/datanode-2/data/ratis/d030aa28-fd81-472a-854d-149f71a9d9c9
2019-09-25 05:52:46,163 [pool-247-thread-1] INFO  server.RaftServerConfigKeys (ConfUtils.java:logGet(43)) - raft.server.log.queue.byte-limit = 2147483647 (custom)
2019-09-25 05:52:46,163 [pool-247-thread-1] INFO  server.RaftServerConfigKeys (ConfUtils.java:logGet(43)) - raft.server.log.queue.element-limit = 1024 (custom)
2019-09-25 05:52:46,163 [pool-247-thread-1] INFO  server.RaftServerConfigKeys (ConfUtils.java:logGet(43)) - raft.server.log.segment.size.max = 1048576 (custom)
2019-09-25 05:52:46,163 [pool-247-thread-1] INFO  server.RaftServerConfigKeys (ConfUtils.java:logGet(43)) - raft.server.log.preallocated.size = 16384 (custom)
2019-09-25 05:52:46,163 [pool-247-thread-1] INFO  server.RaftServerConfigKeys (ConfUtils.java:logGet(43)) - raft.server.log.write.buffer.size = 33554432 (custom)
2019-09-25 05:52:46,163 [pool-247-thread-1] INFO  server.RaftServerConfigKeys (ConfUtils.java:logGet(43)) - raft.server.log.force.sync.num = 128 (default)
2019-09-25 05:52:46,163 [pool-247-thread-1] INFO  server.RaftServerConfigKeys (ConfUtils.java:logGet(43)) - raft.server.log.statemachine.data.sync = true (default)
2019-09-25 05:52:46,164 [pool-247-thread-1] INFO  server.RaftServerConfigKeys (ConfUtils.java:logGet(43)) - raft.server.log.statemachine.data.sync.timeout = 10s (default)
2019-09-25 05:52:46,164 [pool-247-thread-1] INFO  server.RaftServerConfigKeys (ConfUtils.java:logGet(43)) - raft.server.log.statemachine.data.sync.timeout.retry = -1 (default)
2019-09-25 05:52:46,164 [pool-247-thread-1] INFO  server.RaftServerConfigKeys (ConfUtils.java:logGet(43)) - raft.server.log.statemachine.data.caching.enabled = true (custom)
2019-09-25 05:52:46,164 [pool-247-thread-1] INFO  segmented.SegmentedRaftLogWorker (SegmentedRaftLogWorker.java:lambda$new$0(132)) - cc85cb8b-3f87-4429-b0d4-29375c8e10ab@group-149F71A9D9C9-SegmentedRaftLogWorker: flushIndex: setUnconditionally 0 -> -1
2019-09-25 05:52:46,165 [pool-247-thread-1] INFO  server.RaftServerConfigKeys (ConfUtils.java:logGet(43)) - raft.server.snapshot.auto.trigger.enabled = true (custom)
2019-09-25 05:52:46,165 [pool-247-thread-1] INFO  server.RaftServerConfigKeys (ConfUtils.java:logGet(43)) - raft.server.snapshot.auto.trigger.threshold = 10000 (custom)
2019-09-25 05:52:46,165 [pool-247-thread-1] INFO  server.RaftServerConfigKeys (ConfUtils.java:logGet(43)) - raft.server.snapshot.retention.num.files = 5 (custom)
2019-09-25 05:52:46,165 [pool-247-thread-1] INFO  server.RaftServerConfigKeys (ConfUtils.java:logGet(43)) - raft.server.retrycache.expirytime = 600000ms (custom)
2019-09-25 05:52:46,167 [pool-247-thread-1] INFO  impl.RaftServerImpl (RaftServerImpl.java:start(185)) - cc85cb8b-3f87-4429-b0d4-29375c8e10ab@group-149F71A9D9C9: start as a follower, conf=-1: [cc85cb8b-3f87-4429-b0d4-29375c8e10ab:192.168.5.161:33902], old=null
2019-09-25 05:52:46,167 [pool-247-thread-1] INFO  impl.RaftServerImpl (RaftServerImpl.java:setRole(174)) - cc85cb8b-3f87-4429-b0d4-29375c8e10ab@group-149F71A9D9C9: changes role from      null to FOLLOWER at term 0 for startAsFollower
2019-09-25 05:52:46,167 [pool-247-thread-1] INFO  impl.RoleInfo (RoleInfo.java:updateAndGet(143)) - cc85cb8b-3f87-4429-b0d4-29375c8e10ab: start FollowerState
2019-09-25 05:52:46,167 [pool-247-thread-1] INFO  util.JmxRegister (JmxRegister.java:tryRegister(44)) - Successfully registered JMX Bean with object name Ratis:service=RaftServer,group=group-149F71A9D9C9,id=cc85cb8b-3f87-4429-b0d4-29375c8e10ab
2019-09-25 05:52:46,170 [RatisPipelineUtilsThread] INFO  pipeline.PipelineStateManager (PipelineStateManager.java:addPipeline(56)) - Created pipeline Pipeline[ Id: d030aa28-fd81-472a-854d-149f71a9d9c9, Nodes: cc85cb8b-3f87-4429-b0d4-29375c8e10ab{ip: 192.168.5.161, host: pr-hdds-1569-zxpks-796972592, networkLocation: /default-rack, certSerialId: null}, Type:RATIS, Factor:ONE, State:OPEN]
2019-09-25 05:52:46,175 [grpc-default-executor-0] INFO  impl.RaftServerProxy (RaftServerProxy.java:addNew(89)) - 2ee30776-dbb8-4e40-babf-43a7beb94cbe: addNew group-7D1029E1BED7:[2ee30776-dbb8-4e40-babf-43a7beb94cbe:192.168.5.161:40350] returns group-7D1029E1BED7:java.util.concurrent.CompletableFuture@15d420f8[Not completed]
2019-09-25 05:52:46,177 [pool-237-thread-1] INFO  impl.RaftServerImpl (RaftServerImpl.java:<init>(95)) - 2ee30776-dbb8-4e40-babf-43a7beb94cbe: new RaftServerImpl for group-7D1029E1BED7:[2ee30776-dbb8-4e40-babf-43a7beb94cbe:192.168.5.161:40350] with ContainerStateMachine:uninitialized
2019-09-25 05:52:46,177 [pool-237-thread-1] INFO  server.RaftServerConfigKeys (ConfUtils.java:logGet(43)) - raft.server.rpc.timeout.min = 5s (custom)
2019-09-25 05:52:46,177 [pool-237-thread-1] INFO  server.RaftServerConfigKeys (ConfUtils.java:logGet(43)) - raft.server.rpc.timeout.max = 5200ms (custom)
2019-09-25 05:52:46,177 [pool-237-thread-1] INFO  server.RaftServerConfigKeys (ConfUtils.java:logGet(43)) - raft.server.rpcslowness.timeout = 120s (custom)
2019-09-25 05:52:46,178 [pool-237-thread-1] INFO  server.RaftServerConfigKeys (ConfUtils.java:logGet(43)) - raft.server.sleep.deviation.threshold = 300 (default)
2019-09-25 05:52:46,178 [pool-237-thread-1] INFO  server.RaftServerConfigKeys (ConfUtils.java:logGet(43)) - raft.server.log.appender.install.snapshot.enabled = false (custom)
2019-09-25 05:52:46,178 [pool-237-thread-1] INFO  impl.RaftServerImpl (ServerState.java:<init>(103)) - 2ee30776-dbb8-4e40-babf-43a7beb94cbe@group-7D1029E1BED7: ConfigurationManager, init=-1: [2ee30776-dbb8-4e40-babf-43a7beb94cbe:192.168.5.161:40350], old=null, confs=<EMPTY_MAP>
2019-09-25 05:52:46,178 [pool-237-thread-1] INFO  server.RaftServerConfigKeys (ConfUtils.java:logGet(43)) - raft.server.storage.dir = [/workdir/hadoop-ozone/ozonefs/target/test-dir/MiniOzoneClusterImpl-adbbc45e-2f66-4e28-a2c7-3dfa588ff680/datanode-1/data/ratis] (custom)
2019-09-25 05:52:46,179 [pool-237-thread-1] INFO  storage.RaftStorageDirectory (RaftStorageDirectory.java:analyzeStorage(246)) - The storage directory /workdir/hadoop-ozone/ozonefs/target/test-dir/MiniOzoneClusterImpl-adbbc45e-2f66-4e28-a2c7-3dfa588ff680/datanode-1/data/ratis/c129fd36-8c02-4417-b7f8-7d1029e1bed7 does not exist. Creating ...
2019-09-25 05:52:46,199 [pool-237-thread-1] INFO  storage.RaftStorageDirectory (RaftStorageDirectory.java:tryLock(328)) - Lock on /workdir/hadoop-ozone/ozonefs/target/test-dir/MiniOzoneClusterImpl-adbbc45e-2f66-4e28-a2c7-3dfa588ff680/datanode-1/data/ratis/c129fd36-8c02-4417-b7f8-7d1029e1bed7/in_use.lock acquired by nodename 13808@pr-hdds-1569-zxpks-796972592
2019-09-25 05:52:46,212 [pool-237-thread-1] INFO  storage.RaftStorage (RaftStorage.java:format(72)) - Storage directory /workdir/hadoop-ozone/ozonefs/target/test-dir/MiniOzoneClusterImpl-adbbc45e-2f66-4e28-a2c7-3dfa588ff680/datanode-1/data/ratis/c129fd36-8c02-4417-b7f8-7d1029e1bed7 has been successfully formatted.
2019-09-25 05:52:46,212 [pool-237-thread-1] INFO  ratis.ContainerStateMachine (ContainerStateMachine.java:loadSnapshot(230)) - group-7D1029E1BED7: The snapshot info is null. Setting the last applied indexto:(t:0, i:~)
2019-09-25 05:52:46,213 [pool-237-thread-1] INFO  server.RaftServerConfigKeys (ConfUtils.java:logGet(43)) - raft.server.notification.no-leader.timeout = 120s (custom)
2019-09-25 05:52:46,213 [pool-237-thread-1] INFO  server.RaftServerConfigKeys (ConfUtils.java:logGet(43)) - raft.server.log.use.memory = false (default)
2019-09-25 05:52:46,213 [pool-237-thread-1] INFO  server.RaftServerConfigKeys (ConfUtils.java:logGet(43)) - raft.server.log.purge.gap = 1000000 (custom)
2019-09-25 05:52:46,213 [pool-237-thread-1] INFO  server.RaftServerConfigKeys (ConfUtils.java:logGet(43)) - raft.server.log.appender.buffer.byte-limit = 33554432 (custom)
2019-09-25 05:52:46,213 [pool-237-thread-1] INFO  server.RaftServerConfigKeys (ConfUtils.java:logGet(43)) - raft.server.log.segment.size.max = 1048576 (custom)
2019-09-25 05:52:46,214 [pool-237-thread-1] INFO  server.RaftServerConfigKeys (ConfUtils.java:logGet(43)) - raft.server.log.segment.cache.num.max = 2 (custom)
2019-09-25 05:52:46,214 [pool-237-thread-1] INFO  segmented.SegmentedRaftLogWorker (SegmentedRaftLogWorker.java:<init>(172)) - new 2ee30776-dbb8-4e40-babf-43a7beb94cbe@group-7D1029E1BED7-SegmentedRaftLogWorker for RaftStorage:Storage Directory /workdir/hadoop-ozone/ozonefs/target/test-dir/MiniOzoneClusterImpl-adbbc45e-2f66-4e28-a2c7-3dfa588ff680/datanode-1/data/ratis/c129fd36-8c02-4417-b7f8-7d1029e1bed7
2019-09-25 05:52:46,214 [pool-237-thread-1] INFO  server.RaftServerConfigKeys (ConfUtils.java:logGet(43)) - raft.server.log.queue.byte-limit = 2147483647 (custom)
2019-09-25 05:52:46,214 [pool-237-thread-1] INFO  server.RaftServerConfigKeys (ConfUtils.java:logGet(43)) - raft.server.log.queue.element-limit = 1024 (custom)
2019-09-25 05:52:46,215 [pool-237-thread-1] INFO  server.RaftServerConfigKeys (ConfUtils.java:logGet(43)) - raft.server.log.segment.size.max = 1048576 (custom)
2019-09-25 05:52:46,215 [pool-237-thread-1] INFO  server.RaftServerConfigKeys (ConfUtils.java:logGet(43)) - raft.server.log.preallocated.size = 16384 (custom)
2019-09-25 05:52:46,215 [pool-237-thread-1] INFO  server.RaftServerConfigKeys (ConfUtils.java:logGet(43)) - raft.server.log.write.buffer.size = 33554432 (custom)
2019-09-25 05:52:46,215 [pool-237-thread-1] INFO  server.RaftServerConfigKeys (ConfUtils.java:logGet(43)) - raft.server.log.force.sync.num = 128 (default)
2019-09-25 05:52:46,215 [pool-237-thread-1] INFO  server.RaftServerConfigKeys (ConfUtils.java:logGet(43)) - raft.server.log.statemachine.data.sync = true (default)
2019-09-25 05:52:46,216 [pool-237-thread-1] INFO  server.RaftServerConfigKeys (ConfUtils.java:logGet(43)) - raft.server.log.statemachine.data.sync.timeout = 10s (default)
2019-09-25 05:52:46,216 [pool-237-thread-1] INFO  server.RaftServerConfigKeys (ConfUtils.java:logGet(43)) - raft.server.log.statemachine.data.sync.timeout.retry = -1 (default)
2019-09-25 05:52:46,216 [pool-237-thread-1] INFO  server.RaftServerConfigKeys (ConfUtils.java:logGet(43)) - raft.server.log.statemachine.data.caching.enabled = true (custom)
2019-09-25 05:52:46,216 [pool-237-thread-1] INFO  segmented.SegmentedRaftLogWorker (SegmentedRaftLogWorker.java:lambda$new$0(132)) - 2ee30776-dbb8-4e40-babf-43a7beb94cbe@group-7D1029E1BED7-SegmentedRaftLogWorker: flushIndex: setUnconditionally 0 -> -1
2019-09-25 05:52:46,217 [pool-237-thread-1] INFO  server.RaftServerConfigKeys (ConfUtils.java:logGet(43)) - raft.server.snapshot.auto.trigger.enabled = true (custom)
2019-09-25 05:52:46,217 [pool-237-thread-1] INFO  server.RaftServerConfigKeys (ConfUtils.java:logGet(43)) - raft.server.snapshot.auto.trigger.threshold = 10000 (custom)
2019-09-25 05:52:46,217 [pool-237-thread-1] INFO  server.RaftServerConfigKeys (ConfUtils.java:logGet(43)) - raft.server.snapshot.retention.num.files = 5 (custom)
2019-09-25 05:52:46,217 [pool-237-thread-1] INFO  server.RaftServerConfigKeys (ConfUtils.java:logGet(43)) - raft.server.retrycache.expirytime = 600000ms (custom)
2019-09-25 05:52:46,220 [pool-237-thread-1] INFO  impl.RaftServerImpl (RaftServerImpl.java:start(185)) - 2ee30776-dbb8-4e40-babf-43a7beb94cbe@group-7D1029E1BED7: start as a follower, conf=-1: [2ee30776-dbb8-4e40-babf-43a7beb94cbe:192.168.5.161:40350], old=null
2019-09-25 05:52:46,220 [pool-237-thread-1] INFO  impl.RaftServerImpl (RaftServerImpl.java:setRole(174)) - 2ee30776-dbb8-4e40-babf-43a7beb94cbe@group-7D1029E1BED7: changes role from      null to FOLLOWER at term 0 for startAsFollower
2019-09-25 05:52:46,221 [pool-237-thread-1] INFO  impl.RoleInfo (RoleInfo.java:updateAndGet(143)) - 2ee30776-dbb8-4e40-babf-43a7beb94cbe: start FollowerState
2019-09-25 05:52:46,221 [pool-237-thread-1] INFO  util.JmxRegister (JmxRegister.java:tryRegister(44)) - Successfully registered JMX Bean with object name Ratis:service=RaftServer,group=group-7D1029E1BED7,id=2ee30776-dbb8-4e40-babf-43a7beb94cbe
2019-09-25 05:52:46,224 [RatisPipelineUtilsThread] INFO  pipeline.PipelineStateManager (PipelineStateManager.java:addPipeline(56)) - Created pipeline Pipeline[ Id: c129fd36-8c02-4417-b7f8-7d1029e1bed7, Nodes: 2ee30776-dbb8-4e40-babf-43a7beb94cbe{ip: 192.168.5.161, host: pr-hdds-1569-zxpks-796972592, networkLocation: /default-rack, certSerialId: null}, Type:RATIS, Factor:ONE, State:OPEN]
2019-09-25 05:52:46,230 [grpc-default-executor-0] INFO  impl.RaftServerProxy (RaftServerProxy.java:addNew(89)) - 2ee30776-dbb8-4e40-babf-43a7beb94cbe: addNew group-447CB93BEC8A:[2ee30776-dbb8-4e40-babf-43a7beb94cbe:192.168.5.161:40350] returns group-447CB93BEC8A:java.util.concurrent.CompletableFuture@6735c4ab[Not completed]
2019-09-25 05:52:46,232 [pool-237-thread-1] INFO  impl.RaftServerImpl (RaftServerImpl.java:<init>(95)) - 2ee30776-dbb8-4e40-babf-43a7beb94cbe: new RaftServerImpl for group-447CB93BEC8A:[2ee30776-dbb8-4e40-babf-43a7beb94cbe:192.168.5.161:40350] with ContainerStateMachine:uninitialized
2019-09-25 05:52:46,232 [pool-237-thread-1] INFO  server.RaftServerConfigKeys (ConfUtils.java:logGet(43)) - raft.server.rpc.timeout.min = 5s (custom)
2019-09-25 05:52:46,232 [pool-237-thread-1] INFO  server.RaftServerConfigKeys (ConfUtils.java:logGet(43)) - raft.server.rpc.timeout.max = 5200ms (custom)
2019-09-25 05:52:46,232 [pool-237-thread-1] INFO  server.RaftServerConfigKeys (ConfUtils.java:logGet(43)) - raft.server.rpcslowness.timeout = 120s (custom)
2019-09-25 05:52:46,232 [pool-237-thread-1] INFO  server.RaftServerConfigKeys (ConfUtils.java:logGet(43)) - raft.server.sleep.deviation.threshold = 300 (default)
2019-09-25 05:52:46,233 [pool-237-thread-1] INFO  server.RaftServerConfigKeys (ConfUtils.java:logGet(43)) - raft.server.log.appender.install.snapshot.enabled = false (custom)
2019-09-25 05:52:46,233 [pool-237-thread-1] INFO  impl.RaftServerImpl (ServerState.java:<init>(103)) - 2ee30776-dbb8-4e40-babf-43a7beb94cbe@group-447CB93BEC8A: ConfigurationManager, init=-1: [2ee30776-dbb8-4e40-babf-43a7beb94cbe:192.168.5.161:40350], old=null, confs=<EMPTY_MAP>
2019-09-25 05:52:46,233 [pool-237-thread-1] INFO  server.RaftServerConfigKeys (ConfUtils.java:logGet(43)) - raft.server.storage.dir = [/workdir/hadoop-ozone/ozonefs/target/test-dir/MiniOzoneClusterImpl-adbbc45e-2f66-4e28-a2c7-3dfa588ff680/datanode-1/data/ratis] (custom)
2019-09-25 05:52:46,233 [pool-237-thread-1] INFO  storage.RaftStorageDirectory (RaftStorageDirectory.java:analyzeStorage(246)) - The storage directory /workdir/hadoop-ozone/ozonefs/target/test-dir/MiniOzoneClusterImpl-adbbc45e-2f66-4e28-a2c7-3dfa588ff680/datanode-1/data/ratis/3024e5d3-e3f6-4a1e-93db-447cb93bec8a does not exist. Creating ...
2019-09-25 05:52:46,246 [pool-237-thread-1] INFO  storage.RaftStorageDirectory (RaftStorageDirectory.java:tryLock(328)) - Lock on /workdir/hadoop-ozone/ozonefs/target/test-dir/MiniOzoneClusterImpl-adbbc45e-2f66-4e28-a2c7-3dfa588ff680/datanode-1/data/ratis/3024e5d3-e3f6-4a1e-93db-447cb93bec8a/in_use.lock acquired by nodename 13808@pr-hdds-1569-zxpks-796972592
2019-09-25 05:52:46,259 [pool-237-thread-1] INFO  storage.RaftStorage (RaftStorage.java:format(72)) - Storage directory /workdir/hadoop-ozone/ozonefs/target/test-dir/MiniOzoneClusterImpl-adbbc45e-2f66-4e28-a2c7-3dfa588ff680/datanode-1/data/ratis/3024e5d3-e3f6-4a1e-93db-447cb93bec8a has been successfully formatted.
2019-09-25 05:52:46,259 [pool-237-thread-1] INFO  ratis.ContainerStateMachine (ContainerStateMachine.java:loadSnapshot(230)) - group-447CB93BEC8A: The snapshot info is null. Setting the last applied indexto:(t:0, i:~)
2019-09-25 05:52:46,259 [pool-237-thread-1] INFO  server.RaftServerConfigKeys (ConfUtils.java:logGet(43)) - raft.server.notification.no-leader.timeout = 120s (custom)
2019-09-25 05:52:46,259 [pool-237-thread-1] INFO  server.RaftServerConfigKeys (ConfUtils.java:logGet(43)) - raft.server.log.use.memory = false (default)
2019-09-25 05:52:46,259 [pool-237-thread-1] INFO  server.RaftServerConfigKeys (ConfUtils.java:logGet(43)) - raft.server.log.purge.gap = 1000000 (custom)
2019-09-25 05:52:46,259 [pool-237-thread-1] INFO  server.RaftServerConfigKeys (ConfUtils.java:logGet(43)) - raft.server.log.appender.buffer.byte-limit = 33554432 (custom)
2019-09-25 05:52:46,259 [pool-237-thread-1] INFO  server.RaftServerConfigKeys (ConfUtils.java:logGet(43)) - raft.server.log.segment.size.max = 1048576 (custom)
2019-09-25 05:52:46,260 [pool-237-thread-1] INFO  server.RaftServerConfigKeys (ConfUtils.java:logGet(43)) - raft.server.log.segment.cache.num.max = 2 (custom)
2019-09-25 05:52:46,260 [pool-237-thread-1] INFO  segmented.SegmentedRaftLogWorker (SegmentedRaftLogWorker.java:<init>(172)) - new 2ee30776-dbb8-4e40-babf-43a7beb94cbe@group-447CB93BEC8A-SegmentedRaftLogWorker for RaftStorage:Storage Directory /workdir/hadoop-ozone/ozonefs/target/test-dir/MiniOzoneClusterImpl-adbbc45e-2f66-4e28-a2c7-3dfa588ff680/datanode-1/data/ratis/3024e5d3-e3f6-4a1e-93db-447cb93bec8a
2019-09-25 05:52:46,260 [pool-237-thread-1] INFO  server.RaftServerConfigKeys (ConfUtils.java:logGet(43)) - raft.server.log.queue.byte-limit = 2147483647 (custom)
2019-09-25 05:52:46,260 [pool-237-thread-1] INFO  server.RaftServerConfigKeys (ConfUtils.java:logGet(43)) - raft.server.log.queue.element-limit = 1024 (custom)
2019-09-25 05:52:46,260 [pool-237-thread-1] INFO  server.RaftServerConfigKeys (ConfUtils.java:logGet(43)) - raft.server.log.segment.size.max = 1048576 (custom)
2019-09-25 05:52:46,260 [pool-237-thread-1] INFO  server.RaftServerConfigKeys (ConfUtils.java:logGet(43)) - raft.server.log.preallocated.size = 16384 (custom)
2019-09-25 05:52:46,260 [pool-237-thread-1] INFO  server.RaftServerConfigKeys (ConfUtils.java:logGet(43)) - raft.server.log.write.buffer.size = 33554432 (custom)
2019-09-25 05:52:46,260 [pool-237-thread-1] INFO  server.RaftServerConfigKeys (ConfUtils.java:logGet(43)) - raft.server.log.force.sync.num = 128 (default)
2019-09-25 05:52:46,260 [pool-237-thread-1] INFO  server.RaftServerConfigKeys (ConfUtils.java:logGet(43)) - raft.server.log.statemachine.data.sync = true (default)
2019-09-25 05:52:46,261 [pool-237-thread-1] INFO  server.RaftServerConfigKeys (ConfUtils.java:logGet(43)) - raft.server.log.statemachine.data.sync.timeout = 10s (default)
2019-09-25 05:52:46,261 [pool-237-thread-1] INFO  server.RaftServerConfigKeys (ConfUtils.java:logGet(43)) - raft.server.log.statemachine.data.sync.timeout.retry = -1 (default)
2019-09-25 05:52:46,261 [pool-237-thread-1] INFO  server.RaftServerConfigKeys (ConfUtils.java:logGet(43)) - raft.server.log.statemachine.data.caching.enabled = true (custom)
2019-09-25 05:52:46,261 [pool-237-thread-1] INFO  segmented.SegmentedRaftLogWorker (SegmentedRaftLogWorker.java:lambda$new$0(132)) - 2ee30776-dbb8-4e40-babf-43a7beb94cbe@group-447CB93BEC8A-SegmentedRaftLogWorker: flushIndex: setUnconditionally 0 -> -1
2019-09-25 05:52:46,261 [pool-237-thread-1] INFO  server.RaftServerConfigKeys (ConfUtils.java:logGet(43)) - raft.server.snapshot.auto.trigger.enabled = true (custom)
2019-09-25 05:52:46,261 [pool-237-thread-1] INFO  server.RaftServerConfigKeys (ConfUtils.java:logGet(43)) - raft.server.snapshot.auto.trigger.threshold = 10000 (custom)
2019-09-25 05:52:46,261 [pool-237-thread-1] INFO  server.RaftServerConfigKeys (ConfUtils.java:logGet(43)) - raft.server.snapshot.retention.num.files = 5 (custom)
2019-09-25 05:52:46,262 [pool-237-thread-1] INFO  server.RaftServerConfigKeys (ConfUtils.java:logGet(43)) - raft.server.retrycache.expirytime = 600000ms (custom)
2019-09-25 05:52:46,263 [pool-237-thread-1] INFO  impl.RaftServerImpl (RaftServerImpl.java:start(185)) - 2ee30776-dbb8-4e40-babf-43a7beb94cbe@group-447CB93BEC8A: start as a follower, conf=-1: [2ee30776-dbb8-4e40-babf-43a7beb94cbe:192.168.5.161:40350], old=null
2019-09-25 05:52:46,263 [pool-237-thread-1] INFO  impl.RaftServerImpl (RaftServerImpl.java:setRole(174)) - 2ee30776-dbb8-4e40-babf-43a7beb94cbe@group-447CB93BEC8A: changes role from      null to FOLLOWER at term 0 for startAsFollower
2019-09-25 05:52:46,263 [pool-237-thread-1] INFO  impl.RoleInfo (RoleInfo.java:updateAndGet(143)) - 2ee30776-dbb8-4e40-babf-43a7beb94cbe: start FollowerState
2019-09-25 05:52:46,264 [pool-237-thread-1] INFO  util.JmxRegister (JmxRegister.java:tryRegister(44)) - Successfully registered JMX Bean with object name Ratis:service=RaftServer,group=group-447CB93BEC8A,id=2ee30776-dbb8-4e40-babf-43a7beb94cbe
2019-09-25 05:52:46,267 [RatisPipelineUtilsThread] INFO  pipeline.PipelineStateManager (PipelineStateManager.java:addPipeline(56)) - Created pipeline Pipeline[ Id: 3024e5d3-e3f6-4a1e-93db-447cb93bec8a, Nodes: 2ee30776-dbb8-4e40-babf-43a7beb94cbe{ip: 192.168.5.161, host: pr-hdds-1569-zxpks-796972592, networkLocation: /default-rack, certSerialId: null}, Type:RATIS, Factor:ONE, State:OPEN]
2019-09-25 05:52:46,272 [grpc-default-executor-0] INFO  impl.RaftServerProxy (RaftServerProxy.java:addNew(89)) - 064658ec-5496-488b-bd05-2b25fa23e071: addNew group-147D7056ECDC:[064658ec-5496-488b-bd05-2b25fa23e071:192.168.5.161:34189] returns group-147D7056ECDC:java.util.concurrent.CompletableFuture@504227d3[Not completed]
2019-09-25 05:52:46,273 [pool-227-thread-1] INFO  impl.RaftServerImpl (RaftServerImpl.java:<init>(95)) - 064658ec-5496-488b-bd05-2b25fa23e071: new RaftServerImpl for group-147D7056ECDC:[064658ec-5496-488b-bd05-2b25fa23e071:192.168.5.161:34189] with ContainerStateMachine:uninitialized
2019-09-25 05:52:46,273 [pool-227-thread-1] INFO  server.RaftServerConfigKeys (ConfUtils.java:logGet(43)) - raft.server.rpc.timeout.min = 5s (custom)
2019-09-25 05:52:46,273 [pool-227-thread-1] INFO  server.RaftServerConfigKeys (ConfUtils.java:logGet(43)) - raft.server.rpc.timeout.max = 5200ms (custom)
2019-09-25 05:52:46,274 [pool-227-thread-1] INFO  server.RaftServerConfigKeys (ConfUtils.java:logGet(43)) - raft.server.rpcslowness.timeout = 120s (custom)
2019-09-25 05:52:46,274 [pool-227-thread-1] INFO  server.RaftServerConfigKeys (ConfUtils.java:logGet(43)) - raft.server.sleep.deviation.threshold = 300 (default)
2019-09-25 05:52:46,274 [pool-227-thread-1] INFO  server.RaftServerConfigKeys (ConfUtils.java:logGet(43)) - raft.server.log.appender.install.snapshot.enabled = false (custom)
2019-09-25 05:52:46,274 [pool-227-thread-1] INFO  impl.RaftServerImpl (ServerState.java:<init>(103)) - 064658ec-5496-488b-bd05-2b25fa23e071@group-147D7056ECDC: ConfigurationManager, init=-1: [064658ec-5496-488b-bd05-2b25fa23e071:192.168.5.161:34189], old=null, confs=<EMPTY_MAP>
2019-09-25 05:52:46,274 [pool-227-thread-1] INFO  server.RaftServerConfigKeys (ConfUtils.java:logGet(43)) - raft.server.storage.dir = [/workdir/hadoop-ozone/ozonefs/target/test-dir/MiniOzoneClusterImpl-adbbc45e-2f66-4e28-a2c7-3dfa588ff680/datanode-0/data/ratis] (custom)
2019-09-25 05:52:46,274 [pool-227-thread-1] INFO  storage.RaftStorageDirectory (RaftStorageDirectory.java:analyzeStorage(246)) - The storage directory /workdir/hadoop-ozone/ozonefs/target/test-dir/MiniOzoneClusterImpl-adbbc45e-2f66-4e28-a2c7-3dfa588ff680/datanode-0/data/ratis/972ea267-fcef-4eb8-9c57-147d7056ecdc does not exist. Creating ...
2019-09-25 05:52:46,287 [pool-227-thread-1] INFO  storage.RaftStorageDirectory (RaftStorageDirectory.java:tryLock(328)) - Lock on /workdir/hadoop-ozone/ozonefs/target/test-dir/MiniOzoneClusterImpl-adbbc45e-2f66-4e28-a2c7-3dfa588ff680/datanode-0/data/ratis/972ea267-fcef-4eb8-9c57-147d7056ecdc/in_use.lock acquired by nodename 13808@pr-hdds-1569-zxpks-796972592
2019-09-25 05:52:46,300 [pool-227-thread-1] INFO  storage.RaftStorage (RaftStorage.java:format(72)) - Storage directory /workdir/hadoop-ozone/ozonefs/target/test-dir/MiniOzoneClusterImpl-adbbc45e-2f66-4e28-a2c7-3dfa588ff680/datanode-0/data/ratis/972ea267-fcef-4eb8-9c57-147d7056ecdc has been successfully formatted.
2019-09-25 05:52:46,300 [pool-227-thread-1] INFO  ratis.ContainerStateMachine (ContainerStateMachine.java:loadSnapshot(230)) - group-147D7056ECDC: The snapshot info is null. Setting the last applied indexto:(t:0, i:~)
2019-09-25 05:52:46,301 [pool-227-thread-1] INFO  server.RaftServerConfigKeys (ConfUtils.java:logGet(43)) - raft.server.notification.no-leader.timeout = 120s (custom)
2019-09-25 05:52:46,301 [pool-227-thread-1] INFO  server.RaftServerConfigKeys (ConfUtils.java:logGet(43)) - raft.server.log.use.memory = false (default)
2019-09-25 05:52:46,301 [pool-227-thread-1] INFO  server.RaftServerConfigKeys (ConfUtils.java:logGet(43)) - raft.server.log.purge.gap = 1000000 (custom)
2019-09-25 05:52:46,301 [pool-227-thread-1] INFO  server.RaftServerConfigKeys (ConfUtils.java:logGet(43)) - raft.server.log.appender.buffer.byte-limit = 33554432 (custom)
2019-09-25 05:52:46,301 [pool-227-thread-1] INFO  server.RaftServerConfigKeys (ConfUtils.java:logGet(43)) - raft.server.log.segment.size.max = 1048576 (custom)
2019-09-25 05:52:46,302 [pool-227-thread-1] INFO  server.RaftServerConfigKeys (ConfUtils.java:logGet(43)) - raft.server.log.segment.cache.num.max = 2 (custom)
2019-09-25 05:52:46,302 [pool-227-thread-1] INFO  segmented.SegmentedRaftLogWorker (SegmentedRaftLogWorker.java:<init>(172)) - new 064658ec-5496-488b-bd05-2b25fa23e071@group-147D7056ECDC-SegmentedRaftLogWorker for RaftStorage:Storage Directory /workdir/hadoop-ozone/ozonefs/target/test-dir/MiniOzoneClusterImpl-adbbc45e-2f66-4e28-a2c7-3dfa588ff680/datanode-0/data/ratis/972ea267-fcef-4eb8-9c57-147d7056ecdc
2019-09-25 05:52:46,302 [pool-227-thread-1] INFO  server.RaftServerConfigKeys (ConfUtils.java:logGet(43)) - raft.server.log.queue.byte-limit = 2147483647 (custom)
2019-09-25 05:52:46,302 [pool-227-thread-1] INFO  server.RaftServerConfigKeys (ConfUtils.java:logGet(43)) - raft.server.log.queue.element-limit = 1024 (custom)
2019-09-25 05:52:46,302 [pool-227-thread-1] INFO  server.RaftServerConfigKeys (ConfUtils.java:logGet(43)) - raft.server.log.segment.size.max = 1048576 (custom)
2019-09-25 05:52:46,303 [pool-227-thread-1] INFO  server.RaftServerConfigKeys (ConfUtils.java:logGet(43)) - raft.server.log.preallocated.size = 16384 (custom)
2019-09-25 05:52:46,303 [pool-227-thread-1] INFO  server.RaftServerConfigKeys (ConfUtils.java:logGet(43)) - raft.server.log.write.buffer.size = 33554432 (custom)
2019-09-25 05:52:46,303 [pool-227-thread-1] INFO  server.RaftServerConfigKeys (ConfUtils.java:logGet(43)) - raft.server.log.force.sync.num = 128 (default)
2019-09-25 05:52:46,303 [pool-227-thread-1] INFO  server.RaftServerConfigKeys (ConfUtils.java:logGet(43)) - raft.server.log.statemachine.data.sync = true (default)
2019-09-25 05:52:46,303 [pool-227-thread-1] INFO  server.RaftServerConfigKeys (ConfUtils.java:logGet(43)) - raft.server.log.statemachine.data.sync.timeout = 10s (default)
2019-09-25 05:52:46,303 [pool-227-thread-1] INFO  server.RaftServerConfigKeys (ConfUtils.java:logGet(43)) - raft.server.log.statemachine.data.sync.timeout.retry = -1 (default)
2019-09-25 05:52:46,304 [pool-227-thread-1] INFO  server.RaftServerConfigKeys (ConfUtils.java:logGet(43)) - raft.server.log.statemachine.data.caching.enabled = true (custom)
2019-09-25 05:52:46,304 [pool-227-thread-1] INFO  segmented.SegmentedRaftLogWorker (SegmentedRaftLogWorker.java:lambda$new$0(132)) - 064658ec-5496-488b-bd05-2b25fa23e071@group-147D7056ECDC-SegmentedRaftLogWorker: flushIndex: setUnconditionally 0 -> -1
2019-09-25 05:52:46,305 [pool-227-thread-1] INFO  server.RaftServerConfigKeys (ConfUtils.java:logGet(43)) - raft.server.snapshot.auto.trigger.enabled = true (custom)
2019-09-25 05:52:46,305 [pool-227-thread-1] INFO  server.RaftServerConfigKeys (ConfUtils.java:logGet(43)) - raft.server.snapshot.auto.trigger.threshold = 10000 (custom)
2019-09-25 05:52:46,305 [pool-227-thread-1] INFO  server.RaftServerConfigKeys (ConfUtils.java:logGet(43)) - raft.server.snapshot.retention.num.files = 5 (custom)
2019-09-25 05:52:46,305 [pool-227-thread-1] INFO  server.RaftServerConfigKeys (ConfUtils.java:logGet(43)) - raft.server.retrycache.expirytime = 600000ms (custom)
2019-09-25 05:52:46,308 [pool-227-thread-1] INFO  impl.RaftServerImpl (RaftServerImpl.java:start(185)) - 064658ec-5496-488b-bd05-2b25fa23e071@group-147D7056ECDC: start as a follower, conf=-1: [064658ec-5496-488b-bd05-2b25fa23e071:192.168.5.161:34189], old=null
2019-09-25 05:52:46,308 [pool-227-thread-1] INFO  impl.RaftServerImpl (RaftServerImpl.java:setRole(174)) - 064658ec-5496-488b-bd05-2b25fa23e071@group-147D7056ECDC: changes role from      null to FOLLOWER at term 0 for startAsFollower
2019-09-25 05:52:46,309 [pool-227-thread-1] INFO  impl.RoleInfo (RoleInfo.java:updateAndGet(143)) - 064658ec-5496-488b-bd05-2b25fa23e071: start FollowerState
2019-09-25 05:52:46,309 [pool-227-thread-1] INFO  util.JmxRegister (JmxRegister.java:tryRegister(44)) - Successfully registered JMX Bean with object name Ratis:service=RaftServer,group=group-147D7056ECDC,id=064658ec-5496-488b-bd05-2b25fa23e071
2019-09-25 05:52:46,313 [RatisPipelineUtilsThread] INFO  pipeline.PipelineStateManager (PipelineStateManager.java:addPipeline(56)) - Created pipeline Pipeline[ Id: 972ea267-fcef-4eb8-9c57-147d7056ecdc, Nodes: 064658ec-5496-488b-bd05-2b25fa23e071{ip: 192.168.5.161, host: pr-hdds-1569-zxpks-796972592, networkLocation: /default-rack, certSerialId: null}, Type:RATIS, Factor:ONE, State:OPEN]
2019-09-25 05:52:46,319 [grpc-default-executor-0] INFO  impl.RaftServerProxy (RaftServerProxy.java:addNew(89)) - 2ee30776-dbb8-4e40-babf-43a7beb94cbe: addNew group-D80ED1EEC2A0:[2ee30776-dbb8-4e40-babf-43a7beb94cbe:192.168.5.161:40350] returns group-D80ED1EEC2A0:java.util.concurrent.CompletableFuture@53bdec68[Not completed]
2019-09-25 05:52:46,321 [pool-237-thread-1] INFO  impl.RaftServerImpl (RaftServerImpl.java:<init>(95)) - 2ee30776-dbb8-4e40-babf-43a7beb94cbe: new RaftServerImpl for group-D80ED1EEC2A0:[2ee30776-dbb8-4e40-babf-43a7beb94cbe:192.168.5.161:40350] with ContainerStateMachine:uninitialized
2019-09-25 05:52:46,321 [pool-237-thread-1] INFO  server.RaftServerConfigKeys (ConfUtils.java:logGet(43)) - raft.server.rpc.timeout.min = 5s (custom)
2019-09-25 05:52:46,321 [pool-237-thread-1] INFO  server.RaftServerConfigKeys (ConfUtils.java:logGet(43)) - raft.server.rpc.timeout.max = 5200ms (custom)
2019-09-25 05:52:46,322 [pool-237-thread-1] INFO  server.RaftServerConfigKeys (ConfUtils.java:logGet(43)) - raft.server.rpcslowness.timeout = 120s (custom)
2019-09-25 05:52:46,322 [pool-237-thread-1] INFO  server.RaftServerConfigKeys (ConfUtils.java:logGet(43)) - raft.server.sleep.deviation.threshold = 300 (default)
2019-09-25 05:52:46,322 [pool-237-thread-1] INFO  server.RaftServerConfigKeys (ConfUtils.java:logGet(43)) - raft.server.log.appender.install.snapshot.enabled = false (custom)
2019-09-25 05:52:46,322 [pool-237-thread-1] INFO  impl.RaftServerImpl (ServerState.java:<init>(103)) - 2ee30776-dbb8-4e40-babf-43a7beb94cbe@group-D80ED1EEC2A0: ConfigurationManager, init=-1: [2ee30776-dbb8-4e40-babf-43a7beb94cbe:192.168.5.161:40350], old=null, confs=<EMPTY_MAP>
2019-09-25 05:52:46,322 [pool-237-thread-1] INFO  server.RaftServerConfigKeys (ConfUtils.java:logGet(43)) - raft.server.storage.dir = [/workdir/hadoop-ozone/ozonefs/target/test-dir/MiniOzoneClusterImpl-adbbc45e-2f66-4e28-a2c7-3dfa588ff680/datanode-1/data/ratis] (custom)
2019-09-25 05:52:46,323 [pool-237-thread-1] INFO  storage.RaftStorageDirectory (RaftStorageDirectory.java:analyzeStorage(246)) - The storage directory /workdir/hadoop-ozone/ozonefs/target/test-dir/MiniOzoneClusterImpl-adbbc45e-2f66-4e28-a2c7-3dfa588ff680/datanode-1/data/ratis/130a3146-523a-4b5a-ac4b-d80ed1eec2a0 does not exist. Creating ...
2019-09-25 05:52:46,335 [pool-237-thread-1] INFO  storage.RaftStorageDirectory (RaftStorageDirectory.java:tryLock(328)) - Lock on /workdir/hadoop-ozone/ozonefs/target/test-dir/MiniOzoneClusterImpl-adbbc45e-2f66-4e28-a2c7-3dfa588ff680/datanode-1/data/ratis/130a3146-523a-4b5a-ac4b-d80ed1eec2a0/in_use.lock acquired by nodename 13808@pr-hdds-1569-zxpks-796972592
2019-09-25 05:52:46,339 [pool-237-thread-1] INFO  storage.RaftStorage (RaftStorage.java:format(72)) - Storage directory /workdir/hadoop-ozone/ozonefs/target/test-dir/MiniOzoneClusterImpl-adbbc45e-2f66-4e28-a2c7-3dfa588ff680/datanode-1/data/ratis/130a3146-523a-4b5a-ac4b-d80ed1eec2a0 has been successfully formatted.
2019-09-25 05:52:46,339 [pool-237-thread-1] INFO  ratis.ContainerStateMachine (ContainerStateMachine.java:loadSnapshot(230)) - group-D80ED1EEC2A0: The snapshot info is null. Setting the last applied indexto:(t:0, i:~)
2019-09-25 05:52:46,339 [pool-237-thread-1] INFO  server.RaftServerConfigKeys (ConfUtils.java:logGet(43)) - raft.server.notification.no-leader.timeout = 120s (custom)
2019-09-25 05:52:46,340 [pool-237-thread-1] INFO  server.RaftServerConfigKeys (ConfUtils.java:logGet(43)) - raft.server.log.use.memory = false (default)
2019-09-25 05:52:46,340 [pool-237-thread-1] INFO  server.RaftServerConfigKeys (ConfUtils.java:logGet(43)) - raft.server.log.purge.gap = 1000000 (custom)
2019-09-25 05:52:46,340 [pool-237-thread-1] INFO  server.RaftServerConfigKeys (ConfUtils.java:logGet(43)) - raft.server.log.appender.buffer.byte-limit = 33554432 (custom)
2019-09-25 05:52:46,340 [pool-237-thread-1] INFO  server.RaftServerConfigKeys (ConfUtils.java:logGet(43)) - raft.server.log.segment.size.max = 1048576 (custom)
2019-09-25 05:52:46,340 [pool-237-thread-1] INFO  server.RaftServerConfigKeys (ConfUtils.java:logGet(43)) - raft.server.log.segment.cache.num.max = 2 (custom)
2019-09-25 05:52:46,341 [pool-237-thread-1] INFO  segmented.SegmentedRaftLogWorker (SegmentedRaftLogWorker.java:<init>(172)) - new 2ee30776-dbb8-4e40-babf-43a7beb94cbe@group-D80ED1EEC2A0-SegmentedRaftLogWorker for RaftStorage:Storage Directory /workdir/hadoop-ozone/ozonefs/target/test-dir/MiniOzoneClusterImpl-adbbc45e-2f66-4e28-a2c7-3dfa588ff680/datanode-1/data/ratis/130a3146-523a-4b5a-ac4b-d80ed1eec2a0
2019-09-25 05:52:46,341 [pool-237-thread-1] INFO  server.RaftServerConfigKeys (ConfUtils.java:logGet(43)) - raft.server.log.queue.byte-limit = 2147483647 (custom)
2019-09-25 05:52:46,341 [pool-237-thread-1] INFO  server.RaftServerConfigKeys (ConfUtils.java:logGet(43)) - raft.server.log.queue.element-limit = 1024 (custom)
2019-09-25 05:52:46,341 [pool-237-thread-1] INFO  server.RaftServerConfigKeys (ConfUtils.java:logGet(43)) - raft.server.log.segment.size.max = 1048576 (custom)
2019-09-25 05:52:46,341 [pool-237-thread-1] INFO  server.RaftServerConfigKeys (ConfUtils.java:logGet(43)) - raft.server.log.preallocated.size = 16384 (custom)
2019-09-25 05:52:46,342 [pool-237-thread-1] INFO  server.RaftServerConfigKeys (ConfUtils.java:logGet(43)) - raft.server.log.write.buffer.size = 33554432 (custom)
2019-09-25 05:52:46,342 [pool-237-thread-1] INFO  server.RaftServerConfigKeys (ConfUtils.java:logGet(43)) - raft.server.log.force.sync.num = 128 (default)
2019-09-25 05:52:46,342 [pool-237-thread-1] INFO  server.RaftServerConfigKeys (ConfUtils.java:logGet(43)) - raft.server.log.statemachine.data.sync = true (default)
2019-09-25 05:52:46,342 [pool-237-thread-1] INFO  server.RaftServerConfigKeys (ConfUtils.java:logGet(43)) - raft.server.log.statemachine.data.sync.timeout = 10s (default)
2019-09-25 05:52:46,342 [pool-237-thread-1] INFO  server.RaftServerConfigKeys (ConfUtils.java:logGet(43)) - raft.server.log.statemachine.data.sync.timeout.retry = -1 (default)
2019-09-25 05:52:46,343 [pool-237-thread-1] INFO  server.RaftServerConfigKeys (ConfUtils.java:logGet(43)) - raft.server.log.statemachine.data.caching.enabled = true (custom)
2019-09-25 05:52:46,343 [pool-237-thread-1] INFO  segmented.SegmentedRaftLogWorker (SegmentedRaftLogWorker.java:lambda$new$0(132)) - 2ee30776-dbb8-4e40-babf-43a7beb94cbe@group-D80ED1EEC2A0-SegmentedRaftLogWorker: flushIndex: setUnconditionally 0 -> -1
2019-09-25 05:52:46,344 [pool-237-thread-1] INFO  server.RaftServerConfigKeys (ConfUtils.java:logGet(43)) - raft.server.snapshot.auto.trigger.enabled = true (custom)
2019-09-25 05:52:46,344 [pool-237-thread-1] INFO  server.RaftServerConfigKeys (ConfUtils.java:logGet(43)) - raft.server.snapshot.auto.trigger.threshold = 10000 (custom)
2019-09-25 05:52:46,344 [pool-237-thread-1] INFO  server.RaftServerConfigKeys (ConfUtils.java:logGet(43)) - raft.server.snapshot.retention.num.files = 5 (custom)
2019-09-25 05:52:46,344 [pool-237-thread-1] INFO  server.RaftServerConfigKeys (ConfUtils.java:logGet(43)) - raft.server.retrycache.expirytime = 600000ms (custom)
2019-09-25 05:52:46,350 [pool-237-thread-1] INFO  impl.RaftServerImpl (RaftServerImpl.java:start(185)) - 2ee30776-dbb8-4e40-babf-43a7beb94cbe@group-D80ED1EEC2A0: start as a follower, conf=-1: [2ee30776-dbb8-4e40-babf-43a7beb94cbe:192.168.5.161:40350], old=null
2019-09-25 05:52:46,350 [pool-237-thread-1] INFO  impl.RaftServerImpl (RaftServerImpl.java:setRole(174)) - 2ee30776-dbb8-4e40-babf-43a7beb94cbe@group-D80ED1EEC2A0: changes role from      null to FOLLOWER at term 0 for startAsFollower
2019-09-25 05:52:46,350 [pool-237-thread-1] INFO  impl.RoleInfo (RoleInfo.java:updateAndGet(143)) - 2ee30776-dbb8-4e40-babf-43a7beb94cbe: start FollowerState
2019-09-25 05:52:46,350 [pool-237-thread-1] INFO  util.JmxRegister (JmxRegister.java:tryRegister(44)) - Successfully registered JMX Bean with object name Ratis:service=RaftServer,group=group-D80ED1EEC2A0,id=2ee30776-dbb8-4e40-babf-43a7beb94cbe
2019-09-25 05:52:46,354 [RatisPipelineUtilsThread] INFO  pipeline.PipelineStateManager (PipelineStateManager.java:addPipeline(56)) - Created pipeline Pipeline[ Id: 130a3146-523a-4b5a-ac4b-d80ed1eec2a0, Nodes: 2ee30776-dbb8-4e40-babf-43a7beb94cbe{ip: 192.168.5.161, host: pr-hdds-1569-zxpks-796972592, networkLocation: /default-rack, certSerialId: null}, Type:RATIS, Factor:ONE, State:OPEN]
2019-09-25 05:52:46,354 [RatisPipelineUtilsThread] INFO  pipeline.PipelinePlacementPolicy (PipelinePlacementPolicy.java:meetCriteria(91)) - Pipeline Placement: can't place more pipeline on heavy datanode： 2ee30776-dbb8-4e40-babf-43a7beb94cbe Heaviness: 6 limit: 5
2019-09-25 05:52:46,361 [grpc-default-executor-0] INFO  impl.RaftServerProxy (RaftServerProxy.java:addNew(89)) - cc85cb8b-3f87-4429-b0d4-29375c8e10ab: addNew group-CE43B41D4155:[cc85cb8b-3f87-4429-b0d4-29375c8e10ab:192.168.5.161:33902] returns group-CE43B41D4155:java.util.concurrent.CompletableFuture@5eaba13e[Not completed]
2019-09-25 05:52:46,362 [pool-247-thread-1] INFO  impl.RaftServerImpl (RaftServerImpl.java:<init>(95)) - cc85cb8b-3f87-4429-b0d4-29375c8e10ab: new RaftServerImpl for group-CE43B41D4155:[cc85cb8b-3f87-4429-b0d4-29375c8e10ab:192.168.5.161:33902] with ContainerStateMachine:uninitialized
2019-09-25 05:52:46,363 [pool-247-thread-1] INFO  server.RaftServerConfigKeys (ConfUtils.java:logGet(43)) - raft.server.rpc.timeout.min = 5s (custom)
2019-09-25 05:52:46,363 [pool-247-thread-1] INFO  server.RaftServerConfigKeys (ConfUtils.java:logGet(43)) - raft.server.rpc.timeout.max = 5200ms (custom)
2019-09-25 05:52:46,363 [pool-247-thread-1] INFO  server.RaftServerConfigKeys (ConfUtils.java:logGet(43)) - raft.server.rpcslowness.timeout = 120s (custom)
2019-09-25 05:52:46,363 [pool-247-thread-1] INFO  server.RaftServerConfigKeys (ConfUtils.java:logGet(43)) - raft.server.sleep.deviation.threshold = 300 (default)
2019-09-25 05:52:46,363 [pool-247-thread-1] INFO  server.RaftServerConfigKeys (ConfUtils.java:logGet(43)) - raft.server.log.appender.install.snapshot.enabled = false (custom)
2019-09-25 05:52:46,363 [pool-247-thread-1] INFO  impl.RaftServerImpl (ServerState.java:<init>(103)) - cc85cb8b-3f87-4429-b0d4-29375c8e10ab@group-CE43B41D4155: ConfigurationManager, init=-1: [cc85cb8b-3f87-4429-b0d4-29375c8e10ab:192.168.5.161:33902], old=null, confs=<EMPTY_MAP>
2019-09-25 05:52:46,363 [pool-247-thread-1] INFO  server.RaftServerConfigKeys (ConfUtils.java:logGet(43)) - raft.server.storage.dir = [/workdir/hadoop-ozone/ozonefs/target/test-dir/MiniOzoneClusterImpl-adbbc45e-2f66-4e28-a2c7-3dfa588ff680/datanode-2/data/ratis] (custom)
2019-09-25 05:52:46,363 [pool-247-thread-1] INFO  storage.RaftStorageDirectory (RaftStorageDirectory.java:analyzeStorage(246)) - The storage directory /workdir/hadoop-ozone/ozonefs/target/test-dir/MiniOzoneClusterImpl-adbbc45e-2f66-4e28-a2c7-3dfa588ff680/datanode-2/data/ratis/a4a55f04-78de-46bc-b568-ce43b41d4155 does not exist. Creating ...
2019-09-25 05:52:46,371 [pool-247-thread-1] INFO  storage.RaftStorageDirectory (RaftStorageDirectory.java:tryLock(328)) - Lock on /workdir/hadoop-ozone/ozonefs/target/test-dir/MiniOzoneClusterImpl-adbbc45e-2f66-4e28-a2c7-3dfa588ff680/datanode-2/data/ratis/a4a55f04-78de-46bc-b568-ce43b41d4155/in_use.lock acquired by nodename 13808@pr-hdds-1569-zxpks-796972592
2019-09-25 05:52:46,385 [pool-247-thread-1] INFO  storage.RaftStorage (RaftStorage.java:format(72)) - Storage directory /workdir/hadoop-ozone/ozonefs/target/test-dir/MiniOzoneClusterImpl-adbbc45e-2f66-4e28-a2c7-3dfa588ff680/datanode-2/data/ratis/a4a55f04-78de-46bc-b568-ce43b41d4155 has been successfully formatted.
2019-09-25 05:52:46,385 [pool-247-thread-1] INFO  ratis.ContainerStateMachine (ContainerStateMachine.java:loadSnapshot(230)) - group-CE43B41D4155: The snapshot info is null. Setting the last applied indexto:(t:0, i:~)
2019-09-25 05:52:46,385 [pool-247-thread-1] INFO  server.RaftServerConfigKeys (ConfUtils.java:logGet(43)) - raft.server.notification.no-leader.timeout = 120s (custom)
2019-09-25 05:52:46,385 [pool-247-thread-1] INFO  server.RaftServerConfigKeys (ConfUtils.java:logGet(43)) - raft.server.log.use.memory = false (default)
2019-09-25 05:52:46,386 [pool-247-thread-1] INFO  server.RaftServerConfigKeys (ConfUtils.java:logGet(43)) - raft.server.log.purge.gap = 1000000 (custom)
2019-09-25 05:52:46,386 [pool-247-thread-1] INFO  server.RaftServerConfigKeys (ConfUtils.java:logGet(43)) - raft.server.log.appender.buffer.byte-limit = 33554432 (custom)
2019-09-25 05:52:46,386 [pool-247-thread-1] INFO  server.RaftServerConfigKeys (ConfUtils.java:logGet(43)) - raft.server.log.segment.size.max = 1048576 (custom)
2019-09-25 05:52:46,386 [pool-247-thread-1] INFO  server.RaftServerConfigKeys (ConfUtils.java:logGet(43)) - raft.server.log.segment.cache.num.max = 2 (custom)
2019-09-25 05:52:46,386 [pool-247-thread-1] INFO  segmented.SegmentedRaftLogWorker (SegmentedRaftLogWorker.java:<init>(172)) - new cc85cb8b-3f87-4429-b0d4-29375c8e10ab@group-CE43B41D4155-SegmentedRaftLogWorker for RaftStorage:Storage Directory /workdir/hadoop-ozone/ozonefs/target/test-dir/MiniOzoneClusterImpl-adbbc45e-2f66-4e28-a2c7-3dfa588ff680/datanode-2/data/ratis/a4a55f04-78de-46bc-b568-ce43b41d4155
2019-09-25 05:52:46,386 [pool-247-thread-1] INFO  server.RaftServerConfigKeys (ConfUtils.java:logGet(43)) - raft.server.log.queue.byte-limit = 2147483647 (custom)
2019-09-25 05:52:46,386 [pool-247-thread-1] INFO  server.RaftServerConfigKeys (ConfUtils.java:logGet(43)) - raft.server.log.queue.element-limit = 1024 (custom)
2019-09-25 05:52:46,386 [pool-247-thread-1] INFO  server.RaftServerConfigKeys (ConfUtils.java:logGet(43)) - raft.server.log.segment.size.max = 1048576 (custom)
2019-09-25 05:52:46,386 [pool-247-thread-1] INFO  server.RaftServerConfigKeys (ConfUtils.java:logGet(43)) - raft.server.log.preallocated.size = 16384 (custom)
2019-09-25 05:52:46,387 [pool-247-thread-1] INFO  server.RaftServerConfigKeys (ConfUtils.java:logGet(43)) - raft.server.log.write.buffer.size = 33554432 (custom)
2019-09-25 05:52:46,387 [pool-247-thread-1] INFO  server.RaftServerConfigKeys (ConfUtils.java:logGet(43)) - raft.server.log.force.sync.num = 128 (default)
2019-09-25 05:52:46,387 [pool-247-thread-1] INFO  server.RaftServerConfigKeys (ConfUtils.java:logGet(43)) - raft.server.log.statemachine.data.sync = true (default)
2019-09-25 05:52:46,387 [pool-247-thread-1] INFO  server.RaftServerConfigKeys (ConfUtils.java:logGet(43)) - raft.server.log.statemachine.data.sync.timeout = 10s (default)
2019-09-25 05:52:46,387 [pool-247-thread-1] INFO  server.RaftServerConfigKeys (ConfUtils.java:logGet(43)) - raft.server.log.statemachine.data.sync.timeout.retry = -1 (default)
2019-09-25 05:52:46,387 [pool-247-thread-1] INFO  server.RaftServerConfigKeys (ConfUtils.java:logGet(43)) - raft.server.log.statemachine.data.caching.enabled = true (custom)
2019-09-25 05:52:46,387 [pool-247-thread-1] INFO  segmented.SegmentedRaftLogWorker (SegmentedRaftLogWorker.java:lambda$new$0(132)) - cc85cb8b-3f87-4429-b0d4-29375c8e10ab@group-CE43B41D4155-SegmentedRaftLogWorker: flushIndex: setUnconditionally 0 -> -1
2019-09-25 05:52:46,387 [pool-247-thread-1] INFO  server.RaftServerConfigKeys (ConfUtils.java:logGet(43)) - raft.server.snapshot.auto.trigger.enabled = true (custom)
2019-09-25 05:52:46,388 [pool-247-thread-1] INFO  server.RaftServerConfigKeys (ConfUtils.java:logGet(43)) - raft.server.snapshot.auto.trigger.threshold = 10000 (custom)
2019-09-25 05:52:46,388 [pool-247-thread-1] INFO  server.RaftServerConfigKeys (ConfUtils.java:logGet(43)) - raft.server.snapshot.retention.num.files = 5 (custom)
2019-09-25 05:52:46,388 [pool-247-thread-1] INFO  server.RaftServerConfigKeys (ConfUtils.java:logGet(43)) - raft.server.retrycache.expirytime = 600000ms (custom)
2019-09-25 05:52:46,389 [pool-247-thread-1] INFO  impl.RaftServerImpl (RaftServerImpl.java:start(185)) - cc85cb8b-3f87-4429-b0d4-29375c8e10ab@group-CE43B41D4155: start as a follower, conf=-1: [cc85cb8b-3f87-4429-b0d4-29375c8e10ab:192.168.5.161:33902], old=null
2019-09-25 05:52:46,389 [pool-247-thread-1] INFO  impl.RaftServerImpl (RaftServerImpl.java:setRole(174)) - cc85cb8b-3f87-4429-b0d4-29375c8e10ab@group-CE43B41D4155: changes role from      null to FOLLOWER at term 0 for startAsFollower
2019-09-25 05:52:46,389 [pool-247-thread-1] INFO  impl.RoleInfo (RoleInfo.java:updateAndGet(143)) - cc85cb8b-3f87-4429-b0d4-29375c8e10ab: start FollowerState
2019-09-25 05:52:46,390 [pool-247-thread-1] INFO  util.JmxRegister (JmxRegister.java:tryRegister(44)) - Successfully registered JMX Bean with object name Ratis:service=RaftServer,group=group-CE43B41D4155,id=cc85cb8b-3f87-4429-b0d4-29375c8e10ab
2019-09-25 05:52:46,393 [RatisPipelineUtilsThread] INFO  pipeline.PipelineStateManager (PipelineStateManager.java:addPipeline(56)) - Created pipeline Pipeline[ Id: a4a55f04-78de-46bc-b568-ce43b41d4155, Nodes: cc85cb8b-3f87-4429-b0d4-29375c8e10ab{ip: 192.168.5.161, host: pr-hdds-1569-zxpks-796972592, networkLocation: /default-rack, certSerialId: null}, Type:RATIS, Factor:ONE, State:OPEN]
2019-09-25 05:52:46,393 [RatisPipelineUtilsThread] INFO  pipeline.PipelinePlacementPolicy (PipelinePlacementPolicy.java:meetCriteria(91)) - Pipeline Placement: can't place more pipeline on heavy datanode： 2ee30776-dbb8-4e40-babf-43a7beb94cbe Heaviness: 6 limit: 5
2019-09-25 05:52:46,399 [grpc-default-executor-0] INFO  impl.RaftServerProxy (RaftServerProxy.java:addNew(89)) - 064658ec-5496-488b-bd05-2b25fa23e071: addNew group-3FE2B7D6EB85:[064658ec-5496-488b-bd05-2b25fa23e071:192.168.5.161:34189] returns group-3FE2B7D6EB85:java.util.concurrent.CompletableFuture@5b0c53ba[Not completed]
2019-09-25 05:52:46,400 [pool-227-thread-1] INFO  impl.RaftServerImpl (RaftServerImpl.java:<init>(95)) - 064658ec-5496-488b-bd05-2b25fa23e071: new RaftServerImpl for group-3FE2B7D6EB85:[064658ec-5496-488b-bd05-2b25fa23e071:192.168.5.161:34189] with ContainerStateMachine:uninitialized
2019-09-25 05:52:46,401 [pool-227-thread-1] INFO  server.RaftServerConfigKeys (ConfUtils.java:logGet(43)) - raft.server.rpc.timeout.min = 5s (custom)
2019-09-25 05:52:46,401 [pool-227-thread-1] INFO  server.RaftServerConfigKeys (ConfUtils.java:logGet(43)) - raft.server.rpc.timeout.max = 5200ms (custom)
2019-09-25 05:52:46,401 [pool-227-thread-1] INFO  server.RaftServerConfigKeys (ConfUtils.java:logGet(43)) - raft.server.rpcslowness.timeout = 120s (custom)
2019-09-25 05:52:46,401 [pool-227-thread-1] INFO  server.RaftServerConfigKeys (ConfUtils.java:logGet(43)) - raft.server.sleep.deviation.threshold = 300 (default)
2019-09-25 05:52:46,401 [pool-227-thread-1] INFO  server.RaftServerConfigKeys (ConfUtils.java:logGet(43)) - raft.server.log.appender.install.snapshot.enabled = false (custom)
2019-09-25 05:52:46,401 [pool-227-thread-1] INFO  impl.RaftServerImpl (ServerState.java:<init>(103)) - 064658ec-5496-488b-bd05-2b25fa23e071@group-3FE2B7D6EB85: ConfigurationManager, init=-1: [064658ec-5496-488b-bd05-2b25fa23e071:192.168.5.161:34189], old=null, confs=<EMPTY_MAP>
2019-09-25 05:52:46,402 [pool-227-thread-1] INFO  server.RaftServerConfigKeys (ConfUtils.java:logGet(43)) - raft.server.storage.dir = [/workdir/hadoop-ozone/ozonefs/target/test-dir/MiniOzoneClusterImpl-adbbc45e-2f66-4e28-a2c7-3dfa588ff680/datanode-0/data/ratis] (custom)
2019-09-25 05:52:46,402 [pool-227-thread-1] INFO  storage.RaftStorageDirectory (RaftStorageDirectory.java:analyzeStorage(246)) - The storage directory /workdir/hadoop-ozone/ozonefs/target/test-dir/MiniOzoneClusterImpl-adbbc45e-2f66-4e28-a2c7-3dfa588ff680/datanode-0/data/ratis/b6fa063d-4261-442c-bdd7-3fe2b7d6eb85 does not exist. Creating ...
2019-09-25 05:52:46,415 [pool-227-thread-1] INFO  storage.RaftStorageDirectory (RaftStorageDirectory.java:tryLock(328)) - Lock on /workdir/hadoop-ozone/ozonefs/target/test-dir/MiniOzoneClusterImpl-adbbc45e-2f66-4e28-a2c7-3dfa588ff680/datanode-0/data/ratis/b6fa063d-4261-442c-bdd7-3fe2b7d6eb85/in_use.lock acquired by nodename 13808@pr-hdds-1569-zxpks-796972592
2019-09-25 05:52:46,427 [pool-227-thread-1] INFO  storage.RaftStorage (RaftStorage.java:format(72)) - Storage directory /workdir/hadoop-ozone/ozonefs/target/test-dir/MiniOzoneClusterImpl-adbbc45e-2f66-4e28-a2c7-3dfa588ff680/datanode-0/data/ratis/b6fa063d-4261-442c-bdd7-3fe2b7d6eb85 has been successfully formatted.
2019-09-25 05:52:46,428 [pool-227-thread-1] INFO  ratis.ContainerStateMachine (ContainerStateMachine.java:loadSnapshot(230)) - group-3FE2B7D6EB85: The snapshot info is null. Setting the last applied indexto:(t:0, i:~)
2019-09-25 05:52:46,428 [pool-227-thread-1] INFO  server.RaftServerConfigKeys (ConfUtils.java:logGet(43)) - raft.server.notification.no-leader.timeout = 120s (custom)
2019-09-25 05:52:46,428 [pool-227-thread-1] INFO  server.RaftServerConfigKeys (ConfUtils.java:logGet(43)) - raft.server.log.use.memory = false (default)
2019-09-25 05:52:46,428 [pool-227-thread-1] INFO  server.RaftServerConfigKeys (ConfUtils.java:logGet(43)) - raft.server.log.purge.gap = 1000000 (custom)
2019-09-25 05:52:46,428 [pool-227-thread-1] INFO  server.RaftServerConfigKeys (ConfUtils.java:logGet(43)) - raft.server.log.appender.buffer.byte-limit = 33554432 (custom)
2019-09-25 05:52:46,428 [pool-227-thread-1] INFO  server.RaftServerConfigKeys (ConfUtils.java:logGet(43)) - raft.server.log.segment.size.max = 1048576 (custom)
2019-09-25 05:52:46,429 [pool-227-thread-1] INFO  server.RaftServerConfigKeys (ConfUtils.java:logGet(43)) - raft.server.log.segment.cache.num.max = 2 (custom)
2019-09-25 05:52:46,429 [pool-227-thread-1] INFO  segmented.SegmentedRaftLogWorker (SegmentedRaftLogWorker.java:<init>(172)) - new 064658ec-5496-488b-bd05-2b25fa23e071@group-3FE2B7D6EB85-SegmentedRaftLogWorker for RaftStorage:Storage Directory /workdir/hadoop-ozone/ozonefs/target/test-dir/MiniOzoneClusterImpl-adbbc45e-2f66-4e28-a2c7-3dfa588ff680/datanode-0/data/ratis/b6fa063d-4261-442c-bdd7-3fe2b7d6eb85
2019-09-25 05:52:46,429 [pool-227-thread-1] INFO  server.RaftServerConfigKeys (ConfUtils.java:logGet(43)) - raft.server.log.queue.byte-limit = 2147483647 (custom)
2019-09-25 05:52:46,429 [pool-227-thread-1] INFO  server.RaftServerConfigKeys (ConfUtils.java:logGet(43)) - raft.server.log.queue.element-limit = 1024 (custom)
2019-09-25 05:52:46,429 [pool-227-thread-1] INFO  server.RaftServerConfigKeys (ConfUtils.java:logGet(43)) - raft.server.log.segment.size.max = 1048576 (custom)
2019-09-25 05:52:46,429 [pool-227-thread-1] INFO  server.RaftServerConfigKeys (ConfUtils.java:logGet(43)) - raft.server.log.preallocated.size = 16384 (custom)
2019-09-25 05:52:46,429 [pool-227-thread-1] INFO  server.RaftServerConfigKeys (ConfUtils.java:logGet(43)) - raft.server.log.write.buffer.size = 33554432 (custom)
2019-09-25 05:52:46,429 [pool-227-thread-1] INFO  server.RaftServerConfigKeys (ConfUtils.java:logGet(43)) - raft.server.log.force.sync.num = 128 (default)
2019-09-25 05:52:46,430 [pool-227-thread-1] INFO  server.RaftServerConfigKeys (ConfUtils.java:logGet(43)) - raft.server.log.statemachine.data.sync = true (default)
2019-09-25 05:52:46,430 [pool-227-thread-1] INFO  server.RaftServerConfigKeys (ConfUtils.java:logGet(43)) - raft.server.log.statemachine.data.sync.timeout = 10s (default)
2019-09-25 05:52:46,430 [pool-227-thread-1] INFO  server.RaftServerConfigKeys (ConfUtils.java:logGet(43)) - raft.server.log.statemachine.data.sync.timeout.retry = -1 (default)
2019-09-25 05:52:46,430 [pool-227-thread-1] INFO  server.RaftServerConfigKeys (ConfUtils.java:logGet(43)) - raft.server.log.statemachine.data.caching.enabled = true (custom)
2019-09-25 05:52:46,430 [pool-227-thread-1] INFO  segmented.SegmentedRaftLogWorker (SegmentedRaftLogWorker.java:lambda$new$0(132)) - 064658ec-5496-488b-bd05-2b25fa23e071@group-3FE2B7D6EB85-SegmentedRaftLogWorker: flushIndex: setUnconditionally 0 -> -1
2019-09-25 05:52:46,430 [pool-227-thread-1] INFO  server.RaftServerConfigKeys (ConfUtils.java:logGet(43)) - raft.server.snapshot.auto.trigger.enabled = true (custom)
2019-09-25 05:52:46,431 [pool-227-thread-1] INFO  server.RaftServerConfigKeys (ConfUtils.java:logGet(43)) - raft.server.snapshot.auto.trigger.threshold = 10000 (custom)
2019-09-25 05:52:46,431 [pool-227-thread-1] INFO  server.RaftServerConfigKeys (ConfUtils.java:logGet(43)) - raft.server.snapshot.retention.num.files = 5 (custom)
2019-09-25 05:52:46,431 [pool-227-thread-1] INFO  server.RaftServerConfigKeys (ConfUtils.java:logGet(43)) - raft.server.retrycache.expirytime = 600000ms (custom)
2019-09-25 05:52:46,432 [pool-227-thread-1] INFO  impl.RaftServerImpl (RaftServerImpl.java:start(185)) - 064658ec-5496-488b-bd05-2b25fa23e071@group-3FE2B7D6EB85: start as a follower, conf=-1: [064658ec-5496-488b-bd05-2b25fa23e071:192.168.5.161:34189], old=null
2019-09-25 05:52:46,432 [pool-227-thread-1] INFO  impl.RaftServerImpl (RaftServerImpl.java:setRole(174)) - 064658ec-5496-488b-bd05-2b25fa23e071@group-3FE2B7D6EB85: changes role from      null to FOLLOWER at term 0 for startAsFollower
2019-09-25 05:52:46,433 [pool-227-thread-1] INFO  impl.RoleInfo (RoleInfo.java:updateAndGet(143)) - 064658ec-5496-488b-bd05-2b25fa23e071: start FollowerState
2019-09-25 05:52:46,433 [pool-227-thread-1] INFO  util.JmxRegister (JmxRegister.java:tryRegister(44)) - Successfully registered JMX Bean with object name Ratis:service=RaftServer,group=group-3FE2B7D6EB85,id=064658ec-5496-488b-bd05-2b25fa23e071
2019-09-25 05:52:46,436 [RatisPipelineUtilsThread] INFO  pipeline.PipelineStateManager (PipelineStateManager.java:addPipeline(56)) - Created pipeline Pipeline[ Id: b6fa063d-4261-442c-bdd7-3fe2b7d6eb85, Nodes: 064658ec-5496-488b-bd05-2b25fa23e071{ip: 192.168.5.161, host: pr-hdds-1569-zxpks-796972592, networkLocation: /default-rack, certSerialId: null}, Type:RATIS, Factor:ONE, State:OPEN]
2019-09-25 05:52:46,436 [RatisPipelineUtilsThread] INFO  pipeline.PipelinePlacementPolicy (PipelinePlacementPolicy.java:meetCriteria(91)) - Pipeline Placement: can't place more pipeline on heavy datanode： 2ee30776-dbb8-4e40-babf-43a7beb94cbe Heaviness: 6 limit: 5
2019-09-25 05:52:46,442 [grpc-default-executor-0] INFO  impl.RaftServerProxy (RaftServerProxy.java:addNew(89)) - cc85cb8b-3f87-4429-b0d4-29375c8e10ab: addNew group-267517062A9E:[cc85cb8b-3f87-4429-b0d4-29375c8e10ab:192.168.5.161:33902] returns group-267517062A9E:java.util.concurrent.CompletableFuture@749a4f92[Not completed]
2019-09-25 05:52:46,443 [pool-247-thread-1] INFO  impl.RaftServerImpl (RaftServerImpl.java:<init>(95)) - cc85cb8b-3f87-4429-b0d4-29375c8e10ab: new RaftServerImpl for group-267517062A9E:[cc85cb8b-3f87-4429-b0d4-29375c8e10ab:192.168.5.161:33902] with ContainerStateMachine:uninitialized
2019-09-25 05:52:46,443 [pool-247-thread-1] INFO  server.RaftServerConfigKeys (ConfUtils.java:logGet(43)) - raft.server.rpc.timeout.min = 5s (custom)
2019-09-25 05:52:46,443 [pool-247-thread-1] INFO  server.RaftServerConfigKeys (ConfUtils.java:logGet(43)) - raft.server.rpc.timeout.max = 5200ms (custom)
2019-09-25 05:52:46,443 [pool-247-thread-1] INFO  server.RaftServerConfigKeys (ConfUtils.java:logGet(43)) - raft.server.rpcslowness.timeout = 120s (custom)
2019-09-25 05:52:46,443 [pool-247-thread-1] INFO  server.RaftServerConfigKeys (ConfUtils.java:logGet(43)) - raft.server.sleep.deviation.threshold = 300 (default)
2019-09-25 05:52:46,443 [pool-247-thread-1] INFO  server.RaftServerConfigKeys (ConfUtils.java:logGet(43)) - raft.server.log.appender.install.snapshot.enabled = false (custom)
2019-09-25 05:52:46,443 [pool-247-thread-1] INFO  impl.RaftServerImpl (ServerState.java:<init>(103)) - cc85cb8b-3f87-4429-b0d4-29375c8e10ab@group-267517062A9E: ConfigurationManager, init=-1: [cc85cb8b-3f87-4429-b0d4-29375c8e10ab:192.168.5.161:33902], old=null, confs=<EMPTY_MAP>
2019-09-25 05:52:46,444 [pool-247-thread-1] INFO  server.RaftServerConfigKeys (ConfUtils.java:logGet(43)) - raft.server.storage.dir = [/workdir/hadoop-ozone/ozonefs/target/test-dir/MiniOzoneClusterImpl-adbbc45e-2f66-4e28-a2c7-3dfa588ff680/datanode-2/data/ratis] (custom)
2019-09-25 05:52:46,444 [pool-247-thread-1] INFO  storage.RaftStorageDirectory (RaftStorageDirectory.java:analyzeStorage(246)) - The storage directory /workdir/hadoop-ozone/ozonefs/target/test-dir/MiniOzoneClusterImpl-adbbc45e-2f66-4e28-a2c7-3dfa588ff680/datanode-2/data/ratis/ab85aecf-bb12-49e3-9479-267517062a9e does not exist. Creating ...
2019-09-25 05:52:46,456 [pool-247-thread-1] INFO  storage.RaftStorageDirectory (RaftStorageDirectory.java:tryLock(328)) - Lock on /workdir/hadoop-ozone/ozonefs/target/test-dir/MiniOzoneClusterImpl-adbbc45e-2f66-4e28-a2c7-3dfa588ff680/datanode-2/data/ratis/ab85aecf-bb12-49e3-9479-267517062a9e/in_use.lock acquired by nodename 13808@pr-hdds-1569-zxpks-796972592
2019-09-25 05:52:46,469 [pool-247-thread-1] INFO  storage.RaftStorage (RaftStorage.java:format(72)) - Storage directory /workdir/hadoop-ozone/ozonefs/target/test-dir/MiniOzoneClusterImpl-adbbc45e-2f66-4e28-a2c7-3dfa588ff680/datanode-2/data/ratis/ab85aecf-bb12-49e3-9479-267517062a9e has been successfully formatted.
2019-09-25 05:52:46,469 [pool-247-thread-1] INFO  ratis.ContainerStateMachine (ContainerStateMachine.java:loadSnapshot(230)) - group-267517062A9E: The snapshot info is null. Setting the last applied indexto:(t:0, i:~)
2019-09-25 05:52:46,469 [pool-247-thread-1] INFO  server.RaftServerConfigKeys (ConfUtils.java:logGet(43)) - raft.server.notification.no-leader.timeout = 120s (custom)
2019-09-25 05:52:46,469 [pool-247-thread-1] INFO  server.RaftServerConfigKeys (ConfUtils.java:logGet(43)) - raft.server.log.use.memory = false (default)
2019-09-25 05:52:46,469 [pool-247-thread-1] INFO  server.RaftServerConfigKeys (ConfUtils.java:logGet(43)) - raft.server.log.purge.gap = 1000000 (custom)
2019-09-25 05:52:46,469 [pool-247-thread-1] INFO  server.RaftServerConfigKeys (ConfUtils.java:logGet(43)) - raft.server.log.appender.buffer.byte-limit = 33554432 (custom)
2019-09-25 05:52:46,470 [pool-247-thread-1] INFO  server.RaftServerConfigKeys (ConfUtils.java:logGet(43)) - raft.server.log.segment.size.max = 1048576 (custom)
2019-09-25 05:52:46,470 [pool-247-thread-1] INFO  server.RaftServerConfigKeys (ConfUtils.java:logGet(43)) - raft.server.log.segment.cache.num.max = 2 (custom)
2019-09-25 05:52:46,470 [pool-247-thread-1] INFO  segmented.SegmentedRaftLogWorker (SegmentedRaftLogWorker.java:<init>(172)) - new cc85cb8b-3f87-4429-b0d4-29375c8e10ab@group-267517062A9E-SegmentedRaftLogWorker for RaftStorage:Storage Directory /workdir/hadoop-ozone/ozonefs/target/test-dir/MiniOzoneClusterImpl-adbbc45e-2f66-4e28-a2c7-3dfa588ff680/datanode-2/data/ratis/ab85aecf-bb12-49e3-9479-267517062a9e
2019-09-25 05:52:46,470 [pool-247-thread-1] INFO  server.RaftServerConfigKeys (ConfUtils.java:logGet(43)) - raft.server.log.queue.byte-limit = 2147483647 (custom)
2019-09-25 05:52:46,470 [pool-247-thread-1] INFO  server.RaftServerConfigKeys (ConfUtils.java:logGet(43)) - raft.server.log.queue.element-limit = 1024 (custom)
2019-09-25 05:52:46,470 [pool-247-thread-1] INFO  server.RaftServerConfigKeys (ConfUtils.java:logGet(43)) - raft.server.log.segment.size.max = 1048576 (custom)
2019-09-25 05:52:46,470 [pool-247-thread-1] INFO  server.RaftServerConfigKeys (ConfUtils.java:logGet(43)) - raft.server.log.preallocated.size = 16384 (custom)
2019-09-25 05:52:46,470 [pool-247-thread-1] INFO  server.RaftServerConfigKeys (ConfUtils.java:logGet(43)) - raft.server.log.write.buffer.size = 33554432 (custom)
2019-09-25 05:52:46,470 [pool-247-thread-1] INFO  server.RaftServerConfigKeys (ConfUtils.java:logGet(43)) - raft.server.log.force.sync.num = 128 (default)
2019-09-25 05:52:46,471 [pool-247-thread-1] INFO  server.RaftServerConfigKeys (ConfUtils.java:logGet(43)) - raft.server.log.statemachine.data.sync = true (default)
2019-09-25 05:52:46,471 [pool-247-thread-1] INFO  server.RaftServerConfigKeys (ConfUtils.java:logGet(43)) - raft.server.log.statemachine.data.sync.timeout = 10s (default)
2019-09-25 05:52:46,471 [pool-247-thread-1] INFO  server.RaftServerConfigKeys (ConfUtils.java:logGet(43)) - raft.server.log.statemachine.data.sync.timeout.retry = -1 (default)
2019-09-25 05:52:46,471 [pool-247-thread-1] INFO  server.RaftServerConfigKeys (ConfUtils.java:logGet(43)) - raft.server.log.statemachine.data.caching.enabled = true (custom)
2019-09-25 05:52:46,471 [pool-247-thread-1] INFO  segmented.SegmentedRaftLogWorker (SegmentedRaftLogWorker.java:lambda$new$0(132)) - cc85cb8b-3f87-4429-b0d4-29375c8e10ab@group-267517062A9E-SegmentedRaftLogWorker: flushIndex: setUnconditionally 0 -> -1
2019-09-25 05:52:46,471 [pool-247-thread-1] INFO  server.RaftServerConfigKeys (ConfUtils.java:logGet(43)) - raft.server.snapshot.auto.trigger.enabled = true (custom)
2019-09-25 05:52:46,471 [pool-247-thread-1] INFO  server.RaftServerConfigKeys (ConfUtils.java:logGet(43)) - raft.server.snapshot.auto.trigger.threshold = 10000 (custom)
2019-09-25 05:52:46,471 [pool-247-thread-1] INFO  server.RaftServerConfigKeys (ConfUtils.java:logGet(43)) - raft.server.snapshot.retention.num.files = 5 (custom)
2019-09-25 05:52:46,472 [pool-247-thread-1] INFO  server.RaftServerConfigKeys (ConfUtils.java:logGet(43)) - raft.server.retrycache.expirytime = 600000ms (custom)
2019-09-25 05:52:46,473 [pool-247-thread-1] INFO  impl.RaftServerImpl (RaftServerImpl.java:start(185)) - cc85cb8b-3f87-4429-b0d4-29375c8e10ab@group-267517062A9E: start as a follower, conf=-1: [cc85cb8b-3f87-4429-b0d4-29375c8e10ab:192.168.5.161:33902], old=null
2019-09-25 05:52:46,473 [pool-247-thread-1] INFO  impl.RaftServerImpl (RaftServerImpl.java:setRole(174)) - cc85cb8b-3f87-4429-b0d4-29375c8e10ab@group-267517062A9E: changes role from      null to FOLLOWER at term 0 for startAsFollower
2019-09-25 05:52:46,473 [pool-247-thread-1] INFO  impl.RoleInfo (RoleInfo.java:updateAndGet(143)) - cc85cb8b-3f87-4429-b0d4-29375c8e10ab: start FollowerState
2019-09-25 05:52:46,474 [pool-247-thread-1] INFO  util.JmxRegister (JmxRegister.java:tryRegister(44)) - Successfully registered JMX Bean with object name Ratis:service=RaftServer,group=group-267517062A9E,id=cc85cb8b-3f87-4429-b0d4-29375c8e10ab
2019-09-25 05:52:46,476 [RatisPipelineUtilsThread] INFO  pipeline.PipelineStateManager (PipelineStateManager.java:addPipeline(56)) - Created pipeline Pipeline[ Id: ab85aecf-bb12-49e3-9479-267517062a9e, Nodes: cc85cb8b-3f87-4429-b0d4-29375c8e10ab{ip: 192.168.5.161, host: pr-hdds-1569-zxpks-796972592, networkLocation: /default-rack, certSerialId: null}, Type:RATIS, Factor:ONE, State:OPEN]
2019-09-25 05:52:46,477 [RatisPipelineUtilsThread] INFO  pipeline.PipelinePlacementPolicy (PipelinePlacementPolicy.java:meetCriteria(91)) - Pipeline Placement: can't place more pipeline on heavy datanode： 2ee30776-dbb8-4e40-babf-43a7beb94cbe Heaviness: 6 limit: 5
2019-09-25 05:52:46,482 [grpc-default-executor-0] INFO  impl.RaftServerProxy (RaftServerProxy.java:addNew(89)) - 064658ec-5496-488b-bd05-2b25fa23e071: addNew group-0DB3A40D8EE7:[064658ec-5496-488b-bd05-2b25fa23e071:192.168.5.161:34189] returns group-0DB3A40D8EE7:java.util.concurrent.CompletableFuture@5ba6e84f[Not completed]
2019-09-25 05:52:46,483 [pool-227-thread-1] INFO  impl.RaftServerImpl (RaftServerImpl.java:<init>(95)) - 064658ec-5496-488b-bd05-2b25fa23e071: new RaftServerImpl for group-0DB3A40D8EE7:[064658ec-5496-488b-bd05-2b25fa23e071:192.168.5.161:34189] with ContainerStateMachine:uninitialized
2019-09-25 05:52:46,483 [pool-227-thread-1] INFO  server.RaftServerConfigKeys (ConfUtils.java:logGet(43)) - raft.server.rpc.timeout.min = 5s (custom)
2019-09-25 05:52:46,483 [pool-227-thread-1] INFO  server.RaftServerConfigKeys (ConfUtils.java:logGet(43)) - raft.server.rpc.timeout.max = 5200ms (custom)
2019-09-25 05:52:46,483 [pool-227-thread-1] INFO  server.RaftServerConfigKeys (ConfUtils.java:logGet(43)) - raft.server.rpcslowness.timeout = 120s (custom)
2019-09-25 05:52:46,483 [pool-227-thread-1] INFO  server.RaftServerConfigKeys (ConfUtils.java:logGet(43)) - raft.server.sleep.deviation.threshold = 300 (default)
2019-09-25 05:52:46,483 [pool-227-thread-1] INFO  server.RaftServerConfigKeys (ConfUtils.java:logGet(43)) - raft.server.log.appender.install.snapshot.enabled = false (custom)
2019-09-25 05:52:46,484 [pool-227-thread-1] INFO  impl.RaftServerImpl (ServerState.java:<init>(103)) - 064658ec-5496-488b-bd05-2b25fa23e071@group-0DB3A40D8EE7: ConfigurationManager, init=-1: [064658ec-5496-488b-bd05-2b25fa23e071:192.168.5.161:34189], old=null, confs=<EMPTY_MAP>
2019-09-25 05:52:46,484 [pool-227-thread-1] INFO  server.RaftServerConfigKeys (ConfUtils.java:logGet(43)) - raft.server.storage.dir = [/workdir/hadoop-ozone/ozonefs/target/test-dir/MiniOzoneClusterImpl-adbbc45e-2f66-4e28-a2c7-3dfa588ff680/datanode-0/data/ratis] (custom)
2019-09-25 05:52:46,484 [pool-227-thread-1] INFO  storage.RaftStorageDirectory (RaftStorageDirectory.java:analyzeStorage(246)) - The storage directory /workdir/hadoop-ozone/ozonefs/target/test-dir/MiniOzoneClusterImpl-adbbc45e-2f66-4e28-a2c7-3dfa588ff680/datanode-0/data/ratis/128c8884-030d-49fd-9b97-0db3a40d8ee7 does not exist. Creating ...
2019-09-25 05:52:46,496 [pool-227-thread-1] INFO  storage.RaftStorageDirectory (RaftStorageDirectory.java:tryLock(328)) - Lock on /workdir/hadoop-ozone/ozonefs/target/test-dir/MiniOzoneClusterImpl-adbbc45e-2f66-4e28-a2c7-3dfa588ff680/datanode-0/data/ratis/128c8884-030d-49fd-9b97-0db3a40d8ee7/in_use.lock acquired by nodename 13808@pr-hdds-1569-zxpks-796972592
2019-09-25 05:52:46,509 [pool-227-thread-1] INFO  storage.RaftStorage (RaftStorage.java:format(72)) - Storage directory /workdir/hadoop-ozone/ozonefs/target/test-dir/MiniOzoneClusterImpl-adbbc45e-2f66-4e28-a2c7-3dfa588ff680/datanode-0/data/ratis/128c8884-030d-49fd-9b97-0db3a40d8ee7 has been successfully formatted.
2019-09-25 05:52:46,509 [pool-227-thread-1] INFO  ratis.ContainerStateMachine (ContainerStateMachine.java:loadSnapshot(230)) - group-0DB3A40D8EE7: The snapshot info is null. Setting the last applied indexto:(t:0, i:~)
2019-09-25 05:52:46,509 [pool-227-thread-1] INFO  server.RaftServerConfigKeys (ConfUtils.java:logGet(43)) - raft.server.notification.no-leader.timeout = 120s (custom)
2019-09-25 05:52:46,509 [pool-227-thread-1] INFO  server.RaftServerConfigKeys (ConfUtils.java:logGet(43)) - raft.server.log.use.memory = false (default)
2019-09-25 05:52:46,510 [pool-227-thread-1] INFO  server.RaftServerConfigKeys (ConfUtils.java:logGet(43)) - raft.server.log.purge.gap = 1000000 (custom)
2019-09-25 05:52:46,510 [pool-227-thread-1] INFO  server.RaftServerConfigKeys (ConfUtils.java:logGet(43)) - raft.server.log.appender.buffer.byte-limit = 33554432 (custom)
2019-09-25 05:52:46,510 [pool-227-thread-1] INFO  server.RaftServerConfigKeys (ConfUtils.java:logGet(43)) - raft.server.log.segment.size.max = 1048576 (custom)
2019-09-25 05:52:46,510 [pool-227-thread-1] INFO  server.RaftServerConfigKeys (ConfUtils.java:logGet(43)) - raft.server.log.segment.cache.num.max = 2 (custom)
2019-09-25 05:52:46,510 [pool-227-thread-1] INFO  segmented.SegmentedRaftLogWorker (SegmentedRaftLogWorker.java:<init>(172)) - new 064658ec-5496-488b-bd05-2b25fa23e071@group-0DB3A40D8EE7-SegmentedRaftLogWorker for RaftStorage:Storage Directory /workdir/hadoop-ozone/ozonefs/target/test-dir/MiniOzoneClusterImpl-adbbc45e-2f66-4e28-a2c7-3dfa588ff680/datanode-0/data/ratis/128c8884-030d-49fd-9b97-0db3a40d8ee7
2019-09-25 05:52:46,510 [pool-227-thread-1] INFO  server.RaftServerConfigKeys (ConfUtils.java:logGet(43)) - raft.server.log.queue.byte-limit = 2147483647 (custom)
2019-09-25 05:52:46,510 [pool-227-thread-1] INFO  server.RaftServerConfigKeys (ConfUtils.java:logGet(43)) - raft.server.log.queue.element-limit = 1024 (custom)
2019-09-25 05:52:46,510 [pool-227-thread-1] INFO  server.RaftServerConfigKeys (ConfUtils.java:logGet(43)) - raft.server.log.segment.size.max = 1048576 (custom)
2019-09-25 05:52:46,511 [pool-227-thread-1] INFO  server.RaftServerConfigKeys (ConfUtils.java:logGet(43)) - raft.server.log.preallocated.size = 16384 (custom)
2019-09-25 05:52:46,511 [pool-227-thread-1] INFO  server.RaftServerConfigKeys (ConfUtils.java:logGet(43)) - raft.server.log.write.buffer.size = 33554432 (custom)
2019-09-25 05:52:46,511 [pool-227-thread-1] INFO  server.RaftServerConfigKeys (ConfUtils.java:logGet(43)) - raft.server.log.force.sync.num = 128 (default)
2019-09-25 05:52:46,511 [pool-227-thread-1] INFO  server.RaftServerConfigKeys (ConfUtils.java:logGet(43)) - raft.server.log.statemachine.data.sync = true (default)
2019-09-25 05:52:46,511 [pool-227-thread-1] INFO  server.RaftServerConfigKeys (ConfUtils.java:logGet(43)) - raft.server.log.statemachine.data.sync.timeout = 10s (default)
2019-09-25 05:52:46,511 [pool-227-thread-1] INFO  server.RaftServerConfigKeys (ConfUtils.java:logGet(43)) - raft.server.log.statemachine.data.sync.timeout.retry = -1 (default)
2019-09-25 05:52:46,511 [pool-227-thread-1] INFO  server.RaftServerConfigKeys (ConfUtils.java:logGet(43)) - raft.server.log.statemachine.data.caching.enabled = true (custom)
2019-09-25 05:52:46,511 [pool-227-thread-1] INFO  segmented.SegmentedRaftLogWorker (SegmentedRaftLogWorker.java:lambda$new$0(132)) - 064658ec-5496-488b-bd05-2b25fa23e071@group-0DB3A40D8EE7-SegmentedRaftLogWorker: flushIndex: setUnconditionally 0 -> -1
2019-09-25 05:52:46,512 [pool-227-thread-1] INFO  server.RaftServerConfigKeys (ConfUtils.java:logGet(43)) - raft.server.snapshot.auto.trigger.enabled = true (custom)
2019-09-25 05:52:46,512 [pool-227-thread-1] INFO  server.RaftServerConfigKeys (ConfUtils.java:logGet(43)) - raft.server.snapshot.auto.trigger.threshold = 10000 (custom)
2019-09-25 05:52:46,512 [pool-227-thread-1] INFO  server.RaftServerConfigKeys (ConfUtils.java:logGet(43)) - raft.server.snapshot.retention.num.files = 5 (custom)
2019-09-25 05:52:46,512 [pool-227-thread-1] INFO  server.RaftServerConfigKeys (ConfUtils.java:logGet(43)) - raft.server.retrycache.expirytime = 600000ms (custom)
2019-09-25 05:52:46,513 [pool-227-thread-1] INFO  impl.RaftServerImpl (RaftServerImpl.java:start(185)) - 064658ec-5496-488b-bd05-2b25fa23e071@group-0DB3A40D8EE7: start as a follower, conf=-1: [064658ec-5496-488b-bd05-2b25fa23e071:192.168.5.161:34189], old=null
2019-09-25 05:52:46,513 [pool-227-thread-1] INFO  impl.RaftServerImpl (RaftServerImpl.java:setRole(174)) - 064658ec-5496-488b-bd05-2b25fa23e071@group-0DB3A40D8EE7: changes role from      null to FOLLOWER at term 0 for startAsFollower
2019-09-25 05:52:46,514 [pool-227-thread-1] INFO  impl.RoleInfo (RoleInfo.java:updateAndGet(143)) - 064658ec-5496-488b-bd05-2b25fa23e071: start FollowerState
2019-09-25 05:52:46,514 [pool-227-thread-1] INFO  util.JmxRegister (JmxRegister.java:tryRegister(44)) - Successfully registered JMX Bean with object name Ratis:service=RaftServer,group=group-0DB3A40D8EE7,id=064658ec-5496-488b-bd05-2b25fa23e071
2019-09-25 05:52:46,516 [RatisPipelineUtilsThread] INFO  pipeline.PipelineStateManager (PipelineStateManager.java:addPipeline(56)) - Created pipeline Pipeline[ Id: 128c8884-030d-49fd-9b97-0db3a40d8ee7, Nodes: 064658ec-5496-488b-bd05-2b25fa23e071{ip: 192.168.5.161, host: pr-hdds-1569-zxpks-796972592, networkLocation: /default-rack, certSerialId: null}, Type:RATIS, Factor:ONE, State:OPEN]
2019-09-25 05:52:46,517 [RatisPipelineUtilsThread] INFO  pipeline.PipelinePlacementPolicy (PipelinePlacementPolicy.java:meetCriteria(91)) - Pipeline Placement: can't place more pipeline on heavy datanode： 2ee30776-dbb8-4e40-babf-43a7beb94cbe Heaviness: 6 limit: 5
2019-09-25 05:52:46,517 [RatisPipelineUtilsThread] INFO  pipeline.PipelinePlacementPolicy (PipelinePlacementPolicy.java:meetCriteria(91)) - Pipeline Placement: can't place more pipeline on heavy datanode： 064658ec-5496-488b-bd05-2b25fa23e071 Heaviness: 6 limit: 5
2019-09-25 05:52:46,522 [grpc-default-executor-0] INFO  impl.RaftServerProxy (RaftServerProxy.java:addNew(89)) - cc85cb8b-3f87-4429-b0d4-29375c8e10ab: addNew group-5029A3A5948D:[cc85cb8b-3f87-4429-b0d4-29375c8e10ab:192.168.5.161:33902] returns group-5029A3A5948D:java.util.concurrent.CompletableFuture@57e70d3a[Not completed]
2019-09-25 05:52:46,523 [pool-247-thread-1] INFO  impl.RaftServerImpl (RaftServerImpl.java:<init>(95)) - cc85cb8b-3f87-4429-b0d4-29375c8e10ab: new RaftServerImpl for group-5029A3A5948D:[cc85cb8b-3f87-4429-b0d4-29375c8e10ab:192.168.5.161:33902] with ContainerStateMachine:uninitialized
2019-09-25 05:52:46,523 [pool-247-thread-1] INFO  server.RaftServerConfigKeys (ConfUtils.java:logGet(43)) - raft.server.rpc.timeout.min = 5s (custom)
2019-09-25 05:52:46,523 [pool-247-thread-1] INFO  server.RaftServerConfigKeys (ConfUtils.java:logGet(43)) - raft.server.rpc.timeout.max = 5200ms (custom)
2019-09-25 05:52:46,523 [pool-247-thread-1] INFO  server.RaftServerConfigKeys (ConfUtils.java:logGet(43)) - raft.server.rpcslowness.timeout = 120s (custom)
2019-09-25 05:52:46,523 [pool-247-thread-1] INFO  server.RaftServerConfigKeys (ConfUtils.java:logGet(43)) - raft.server.sleep.deviation.threshold = 300 (default)
2019-09-25 05:52:46,523 [pool-247-thread-1] INFO  server.RaftServerConfigKeys (ConfUtils.java:logGet(43)) - raft.server.log.appender.install.snapshot.enabled = false (custom)
2019-09-25 05:52:46,523 [pool-247-thread-1] INFO  impl.RaftServerImpl (ServerState.java:<init>(103)) - cc85cb8b-3f87-4429-b0d4-29375c8e10ab@group-5029A3A5948D: ConfigurationManager, init=-1: [cc85cb8b-3f87-4429-b0d4-29375c8e10ab:192.168.5.161:33902], old=null, confs=<EMPTY_MAP>
2019-09-25 05:52:46,524 [pool-247-thread-1] INFO  server.RaftServerConfigKeys (ConfUtils.java:logGet(43)) - raft.server.storage.dir = [/workdir/hadoop-ozone/ozonefs/target/test-dir/MiniOzoneClusterImpl-adbbc45e-2f66-4e28-a2c7-3dfa588ff680/datanode-2/data/ratis] (custom)
2019-09-25 05:52:46,524 [pool-247-thread-1] INFO  storage.RaftStorageDirectory (RaftStorageDirectory.java:analyzeStorage(246)) - The storage directory /workdir/hadoop-ozone/ozonefs/target/test-dir/MiniOzoneClusterImpl-adbbc45e-2f66-4e28-a2c7-3dfa588ff680/datanode-2/data/ratis/daa2425f-dbd4-47b6-b395-5029a3a5948d does not exist. Creating ...
2019-09-25 05:52:46,536 [pool-247-thread-1] INFO  storage.RaftStorageDirectory (RaftStorageDirectory.java:tryLock(328)) - Lock on /workdir/hadoop-ozone/ozonefs/target/test-dir/MiniOzoneClusterImpl-adbbc45e-2f66-4e28-a2c7-3dfa588ff680/datanode-2/data/ratis/daa2425f-dbd4-47b6-b395-5029a3a5948d/in_use.lock acquired by nodename 13808@pr-hdds-1569-zxpks-796972592
2019-09-25 05:52:46,548 [pool-247-thread-1] INFO  storage.RaftStorage (RaftStorage.java:format(72)) - Storage directory /workdir/hadoop-ozone/ozonefs/target/test-dir/MiniOzoneClusterImpl-adbbc45e-2f66-4e28-a2c7-3dfa588ff680/datanode-2/data/ratis/daa2425f-dbd4-47b6-b395-5029a3a5948d has been successfully formatted.
2019-09-25 05:52:46,549 [pool-247-thread-1] INFO  ratis.ContainerStateMachine (ContainerStateMachine.java:loadSnapshot(230)) - group-5029A3A5948D: The snapshot info is null. Setting the last applied indexto:(t:0, i:~)
2019-09-25 05:52:46,549 [pool-247-thread-1] INFO  server.RaftServerConfigKeys (ConfUtils.java:logGet(43)) - raft.server.notification.no-leader.timeout = 120s (custom)
2019-09-25 05:52:46,549 [pool-247-thread-1] INFO  server.RaftServerConfigKeys (ConfUtils.java:logGet(43)) - raft.server.log.use.memory = false (default)
2019-09-25 05:52:46,549 [pool-247-thread-1] INFO  server.RaftServerConfigKeys (ConfUtils.java:logGet(43)) - raft.server.log.purge.gap = 1000000 (custom)
2019-09-25 05:52:46,549 [pool-247-thread-1] INFO  server.RaftServerConfigKeys (ConfUtils.java:logGet(43)) - raft.server.log.appender.buffer.byte-limit = 33554432 (custom)
2019-09-25 05:52:46,549 [pool-247-thread-1] INFO  server.RaftServerConfigKeys (ConfUtils.java:logGet(43)) - raft.server.log.segment.size.max = 1048576 (custom)
2019-09-25 05:52:46,549 [pool-247-thread-1] INFO  server.RaftServerConfigKeys (ConfUtils.java:logGet(43)) - raft.server.log.segment.cache.num.max = 2 (custom)
2019-09-25 05:52:46,549 [pool-247-thread-1] INFO  segmented.SegmentedRaftLogWorker (SegmentedRaftLogWorker.java:<init>(172)) - new cc85cb8b-3f87-4429-b0d4-29375c8e10ab@group-5029A3A5948D-SegmentedRaftLogWorker for RaftStorage:Storage Directory /workdir/hadoop-ozone/ozonefs/target/test-dir/MiniOzoneClusterImpl-adbbc45e-2f66-4e28-a2c7-3dfa588ff680/datanode-2/data/ratis/daa2425f-dbd4-47b6-b395-5029a3a5948d
2019-09-25 05:52:46,550 [pool-247-thread-1] INFO  server.RaftServerConfigKeys (ConfUtils.java:logGet(43)) - raft.server.log.queue.byte-limit = 2147483647 (custom)
2019-09-25 05:52:46,550 [pool-247-thread-1] INFO  server.RaftServerConfigKeys (ConfUtils.java:logGet(43)) - raft.server.log.queue.element-limit = 1024 (custom)
2019-09-25 05:52:46,550 [pool-247-thread-1] INFO  server.RaftServerConfigKeys (ConfUtils.java:logGet(43)) - raft.server.log.segment.size.max = 1048576 (custom)
2019-09-25 05:52:46,550 [pool-247-thread-1] INFO  server.RaftServerConfigKeys (ConfUtils.java:logGet(43)) - raft.server.log.preallocated.size = 16384 (custom)
2019-09-25 05:52:46,550 [pool-247-thread-1] INFO  server.RaftServerConfigKeys (ConfUtils.java:logGet(43)) - raft.server.log.write.buffer.size = 33554432 (custom)
2019-09-25 05:52:46,550 [pool-247-thread-1] INFO  server.RaftServerConfigKeys (ConfUtils.java:logGet(43)) - raft.server.log.force.sync.num = 128 (default)
2019-09-25 05:52:46,550 [pool-247-thread-1] INFO  server.RaftServerConfigKeys (ConfUtils.java:logGet(43)) - raft.server.log.statemachine.data.sync = true (default)
2019-09-25 05:52:46,550 [pool-247-thread-1] INFO  server.RaftServerConfigKeys (ConfUtils.java:logGet(43)) - raft.server.log.statemachine.data.sync.timeout = 10s (default)
2019-09-25 05:52:46,550 [pool-247-thread-1] INFO  server.RaftServerConfigKeys (ConfUtils.java:logGet(43)) - raft.server.log.statemachine.data.sync.timeout.retry = -1 (default)
2019-09-25 05:52:46,551 [pool-247-thread-1] INFO  server.RaftServerConfigKeys (ConfUtils.java:logGet(43)) - raft.server.log.statemachine.data.caching.enabled = true (custom)
2019-09-25 05:52:46,551 [pool-247-thread-1] INFO  segmented.SegmentedRaftLogWorker (SegmentedRaftLogWorker.java:lambda$new$0(132)) - cc85cb8b-3f87-4429-b0d4-29375c8e10ab@group-5029A3A5948D-SegmentedRaftLogWorker: flushIndex: setUnconditionally 0 -> -1
2019-09-25 05:52:46,551 [pool-247-thread-1] INFO  server.RaftServerConfigKeys (ConfUtils.java:logGet(43)) - raft.server.snapshot.auto.trigger.enabled = true (custom)
2019-09-25 05:52:46,551 [pool-247-thread-1] INFO  server.RaftServerConfigKeys (ConfUtils.java:logGet(43)) - raft.server.snapshot.auto.trigger.threshold = 10000 (custom)
2019-09-25 05:52:46,551 [pool-247-thread-1] INFO  server.RaftServerConfigKeys (ConfUtils.java:logGet(43)) - raft.server.snapshot.retention.num.files = 5 (custom)
2019-09-25 05:52:46,551 [pool-247-thread-1] INFO  server.RaftServerConfigKeys (ConfUtils.java:logGet(43)) - raft.server.retrycache.expirytime = 600000ms (custom)
2019-09-25 05:52:46,553 [pool-247-thread-1] INFO  impl.RaftServerImpl (RaftServerImpl.java:start(185)) - cc85cb8b-3f87-4429-b0d4-29375c8e10ab@group-5029A3A5948D: start as a follower, conf=-1: [cc85cb8b-3f87-4429-b0d4-29375c8e10ab:192.168.5.161:33902], old=null
2019-09-25 05:52:46,553 [pool-247-thread-1] INFO  impl.RaftServerImpl (RaftServerImpl.java:setRole(174)) - cc85cb8b-3f87-4429-b0d4-29375c8e10ab@group-5029A3A5948D: changes role from      null to FOLLOWER at term 0 for startAsFollower
2019-09-25 05:52:46,553 [pool-247-thread-1] INFO  impl.RoleInfo (RoleInfo.java:updateAndGet(143)) - cc85cb8b-3f87-4429-b0d4-29375c8e10ab: start FollowerState
2019-09-25 05:52:46,553 [pool-247-thread-1] INFO  util.JmxRegister (JmxRegister.java:tryRegister(44)) - Successfully registered JMX Bean with object name Ratis:service=RaftServer,group=group-5029A3A5948D,id=cc85cb8b-3f87-4429-b0d4-29375c8e10ab
2019-09-25 05:52:46,556 [RatisPipelineUtilsThread] INFO  pipeline.PipelineStateManager (PipelineStateManager.java:addPipeline(56)) - Created pipeline Pipeline[ Id: daa2425f-dbd4-47b6-b395-5029a3a5948d, Nodes: cc85cb8b-3f87-4429-b0d4-29375c8e10ab{ip: 192.168.5.161, host: pr-hdds-1569-zxpks-796972592, networkLocation: /default-rack, certSerialId: null}, Type:RATIS, Factor:ONE, State:OPEN]
2019-09-25 05:52:46,557 [RatisPipelineUtilsThread] INFO  pipeline.PipelinePlacementPolicy (PipelinePlacementPolicy.java:meetCriteria(91)) - Pipeline Placement: can't place more pipeline on heavy datanode： 2ee30776-dbb8-4e40-babf-43a7beb94cbe Heaviness: 6 limit: 5
2019-09-25 05:52:46,557 [RatisPipelineUtilsThread] INFO  pipeline.PipelinePlacementPolicy (PipelinePlacementPolicy.java:meetCriteria(91)) - Pipeline Placement: can't place more pipeline on heavy datanode： 064658ec-5496-488b-bd05-2b25fa23e071 Heaviness: 6 limit: 5
2019-09-25 05:52:46,557 [RatisPipelineUtilsThread] INFO  pipeline.PipelinePlacementPolicy (PipelinePlacementPolicy.java:meetCriteria(91)) - Pipeline Placement: can't place more pipeline on heavy datanode： cc85cb8b-3f87-4429-b0d4-29375c8e10ab Heaviness: 6 limit: 5
2019-09-25 05:52:46,557 [RatisPipelineUtilsThread] ERROR pipeline.PipelinePlacementPolicy (PipelinePlacementPolicy.java:filterViableNodes(148)) - Unable to find enough nodes that meet the criteria that cannot engage in more than 5 pipelines. Nodes required: 1 Found: 0, healthy nodes count inNodeManager: 3.
2019-09-25 05:52:46,558 [RatisPipelineUtilsThread] ERROR pipeline.SCMPipelineManager (SCMPipelineManager.java:createPipeline(167)) - Pipeline creation failed.
org.apache.hadoop.hdds.scm.exceptions.SCMException: Unable to find enough nodes that meet the criteria that cannot engage in more than 5 pipelines. Nodes required: 1 Found: 0, healthy nodes count inNodeManager: 3.
	at org.apache.hadoop.hdds.scm.pipeline.PipelinePlacementPolicy.filterViableNodes(PipelinePlacementPolicy.java:149)
	at org.apache.hadoop.hdds.scm.pipeline.PipelinePlacementPolicy.chooseDatanodes(PipelinePlacementPolicy.java:172)
	at org.apache.hadoop.hdds.scm.pipeline.RatisPipelineProvider.create(RatisPipelineProvider.java:93)
	at org.apache.hadoop.hdds.scm.pipeline.PipelineFactory.create(PipelineFactory.java:58)
	at org.apache.hadoop.hdds.scm.pipeline.SCMPipelineManager.createPipeline(SCMPipelineManager.java:155)
	at org.apache.hadoop.hdds.scm.pipeline.BackgroundPipelineCreator.createPipelines(BackgroundPipelineCreator.java:99)
	at java.util.concurrent.Executors$RunnableAdapter.call(Executors.java:511)
	at java.util.concurrent.FutureTask.run(FutureTask.java:266)
	at java.util.concurrent.ScheduledThreadPoolExecutor$ScheduledFutureTask.access$201(ScheduledThreadPoolExecutor.java:180)
	at java.util.concurrent.ScheduledThreadPoolExecutor$ScheduledFutureTask.run(ScheduledThreadPoolExecutor.java:293)
	at java.util.concurrent.ThreadPoolExecutor.runWorker(ThreadPoolExecutor.java:1149)
	at java.util.concurrent.ThreadPoolExecutor$Worker.run(ThreadPoolExecutor.java:624)
	at java.lang.Thread.run(Thread.java:748)
2019-09-25 05:52:46,558 [RatisPipelineUtilsThread] INFO  pipeline.PipelinePlacementPolicy (PipelinePlacementPolicy.java:meetCriteria(91)) - Pipeline Placement: can't place more pipeline on heavy datanode： 2ee30776-dbb8-4e40-babf-43a7beb94cbe Heaviness: 6 limit: 5
2019-09-25 05:52:46,558 [RatisPipelineUtilsThread] INFO  pipeline.PipelinePlacementPolicy (PipelinePlacementPolicy.java:meetCriteria(91)) - Pipeline Placement: can't place more pipeline on heavy datanode： 064658ec-5496-488b-bd05-2b25fa23e071 Heaviness: 6 limit: 5
2019-09-25 05:52:46,559 [RatisPipelineUtilsThread] INFO  pipeline.PipelinePlacementPolicy (PipelinePlacementPolicy.java:meetCriteria(91)) - Pipeline Placement: can't place more pipeline on heavy datanode： cc85cb8b-3f87-4429-b0d4-29375c8e10ab Heaviness: 6 limit: 5
2019-09-25 05:52:46,559 [RatisPipelineUtilsThread] ERROR pipeline.PipelinePlacementPolicy (PipelinePlacementPolicy.java:filterViableNodes(148)) - Unable to find enough nodes that meet the criteria that cannot engage in more than 5 pipelines. Nodes required: 3 Found: 0, healthy nodes count inNodeManager: 3.
2019-09-25 05:52:46,559 [RatisPipelineUtilsThread] ERROR pipeline.SCMPipelineManager (SCMPipelineManager.java:createPipeline(167)) - Pipeline creation failed.
org.apache.hadoop.hdds.scm.exceptions.SCMException: Unable to find enough nodes that meet the criteria that cannot engage in more than 5 pipelines. Nodes required: 3 Found: 0, healthy nodes count inNodeManager: 3.
	at org.apache.hadoop.hdds.scm.pipeline.PipelinePlacementPolicy.filterViableNodes(PipelinePlacementPolicy.java:149)
	at org.apache.hadoop.hdds.scm.pipeline.PipelinePlacementPolicy.chooseDatanodes(PipelinePlacementPolicy.java:172)
	at org.apache.hadoop.hdds.scm.pipeline.RatisPipelineProvider.create(RatisPipelineProvider.java:93)
	at org.apache.hadoop.hdds.scm.pipeline.PipelineFactory.create(PipelineFactory.java:58)
	at org.apache.hadoop.hdds.scm.pipeline.SCMPipelineManager.createPipeline(SCMPipelineManager.java:155)
	at org.apache.hadoop.hdds.scm.pipeline.BackgroundPipelineCreator.createPipelines(BackgroundPipelineCreator.java:99)
	at java.util.concurrent.Executors$RunnableAdapter.call(Executors.java:511)
	at java.util.concurrent.FutureTask.run(FutureTask.java:266)
	at java.util.concurrent.ScheduledThreadPoolExecutor$ScheduledFutureTask.access$201(ScheduledThreadPoolExecutor.java:180)
	at java.util.concurrent.ScheduledThreadPoolExecutor$ScheduledFutureTask.run(ScheduledThreadPoolExecutor.java:293)
	at java.util.concurrent.ThreadPoolExecutor.runWorker(ThreadPoolExecutor.java:1149)
	at java.util.concurrent.ThreadPoolExecutor$Worker.run(ThreadPoolExecutor.java:624)
	at java.lang.Thread.run(Thread.java:748)
2019-09-25 05:52:46,577 [RatisPipelineUtilsThread] INFO  pipeline.PipelinePlacementPolicy (PipelinePlacementPolicy.java:meetCriteria(91)) - Pipeline Placement: can't place more pipeline on heavy datanode： 2ee30776-dbb8-4e40-babf-43a7beb94cbe Heaviness: 6 limit: 5
2019-09-25 05:52:46,577 [RatisPipelineUtilsThread] INFO  pipeline.PipelinePlacementPolicy (PipelinePlacementPolicy.java:meetCriteria(91)) - Pipeline Placement: can't place more pipeline on heavy datanode： 064658ec-5496-488b-bd05-2b25fa23e071 Heaviness: 6 limit: 5
2019-09-25 05:52:46,577 [RatisPipelineUtilsThread] INFO  pipeline.PipelinePlacementPolicy (PipelinePlacementPolicy.java:meetCriteria(91)) - Pipeline Placement: can't place more pipeline on heavy datanode： cc85cb8b-3f87-4429-b0d4-29375c8e10ab Heaviness: 6 limit: 5
2019-09-25 05:52:46,577 [RatisPipelineUtilsThread] ERROR pipeline.PipelinePlacementPolicy (PipelinePlacementPolicy.java:filterViableNodes(148)) - Unable to find enough nodes that meet the criteria that cannot engage in more than 5 pipelines. Nodes required: 1 Found: 0, healthy nodes count inNodeManager: 3.
2019-09-25 05:52:46,577 [RatisPipelineUtilsThread] ERROR pipeline.SCMPipelineManager (SCMPipelineManager.java:createPipeline(167)) - Pipeline creation failed.
org.apache.hadoop.hdds.scm.exceptions.SCMException: Unable to find enough nodes that meet the criteria that cannot engage in more than 5 pipelines. Nodes required: 1 Found: 0, healthy nodes count inNodeManager: 3.
	at org.apache.hadoop.hdds.scm.pipeline.PipelinePlacementPolicy.filterViableNodes(PipelinePlacementPolicy.java:149)
	at org.apache.hadoop.hdds.scm.pipeline.PipelinePlacementPolicy.chooseDatanodes(PipelinePlacementPolicy.java:172)
	at org.apache.hadoop.hdds.scm.pipeline.RatisPipelineProvider.create(RatisPipelineProvider.java:93)
	at org.apache.hadoop.hdds.scm.pipeline.PipelineFactory.create(PipelineFactory.java:58)
	at org.apache.hadoop.hdds.scm.pipeline.SCMPipelineManager.createPipeline(SCMPipelineManager.java:155)
	at org.apache.hadoop.hdds.scm.pipeline.BackgroundPipelineCreator.createPipelines(BackgroundPipelineCreator.java:99)
	at org.apache.hadoop.hdds.scm.pipeline.BackgroundPipelineCreator.lambda$startFixedIntervalPipelineCreator$0(BackgroundPipelineCreator.java:70)
	at java.util.concurrent.Executors$RunnableAdapter.call(Executors.java:511)
	at java.util.concurrent.FutureTask.runAndReset(FutureTask.java:308)
	at java.util.concurrent.ScheduledThreadPoolExecutor$ScheduledFutureTask.access$301(ScheduledThreadPoolExecutor.java:180)
	at java.util.concurrent.ScheduledThreadPoolExecutor$ScheduledFutureTask.run(ScheduledThreadPoolExecutor.java:294)
	at java.util.concurrent.ThreadPoolExecutor.runWorker(ThreadPoolExecutor.java:1149)
	at java.util.concurrent.ThreadPoolExecutor$Worker.run(ThreadPoolExecutor.java:624)
	at java.lang.Thread.run(Thread.java:748)
2019-09-25 05:52:46,578 [RatisPipelineUtilsThread] INFO  pipeline.PipelinePlacementPolicy (PipelinePlacementPolicy.java:meetCriteria(91)) - Pipeline Placement: can't place more pipeline on heavy datanode： 2ee30776-dbb8-4e40-babf-43a7beb94cbe Heaviness: 6 limit: 5
2019-09-25 05:52:46,578 [RatisPipelineUtilsThread] INFO  pipeline.PipelinePlacementPolicy (PipelinePlacementPolicy.java:meetCriteria(91)) - Pipeline Placement: can't place more pipeline on heavy datanode： 064658ec-5496-488b-bd05-2b25fa23e071 Heaviness: 6 limit: 5
2019-09-25 05:52:46,578 [RatisPipelineUtilsThread] INFO  pipeline.PipelinePlacementPolicy (PipelinePlacementPolicy.java:meetCriteria(91)) - Pipeline Placement: can't place more pipeline on heavy datanode： cc85cb8b-3f87-4429-b0d4-29375c8e10ab Heaviness: 6 limit: 5
2019-09-25 05:52:46,578 [RatisPipelineUtilsThread] ERROR pipeline.PipelinePlacementPolicy (PipelinePlacementPolicy.java:filterViableNodes(148)) - Unable to find enough nodes that meet the criteria that cannot engage in more than 5 pipelines. Nodes required: 3 Found: 0, healthy nodes count inNodeManager: 3.
2019-09-25 05:52:46,579 [RatisPipelineUtilsThread] ERROR pipeline.SCMPipelineManager (SCMPipelineManager.java:createPipeline(167)) - Pipeline creation failed.
org.apache.hadoop.hdds.scm.exceptions.SCMException: Unable to find enough nodes that meet the criteria that cannot engage in more than 5 pipelines. Nodes required: 3 Found: 0, healthy nodes count inNodeManager: 3.
	at org.apache.hadoop.hdds.scm.pipeline.PipelinePlacementPolicy.filterViableNodes(PipelinePlacementPolicy.java:149)
	at org.apache.hadoop.hdds.scm.pipeline.PipelinePlacementPolicy.chooseDatanodes(PipelinePlacementPolicy.java:172)
	at org.apache.hadoop.hdds.scm.pipeline.RatisPipelineProvider.create(RatisPipelineProvider.java:93)
	at org.apache.hadoop.hdds.scm.pipeline.PipelineFactory.create(PipelineFactory.java:58)
	at org.apache.hadoop.hdds.scm.pipeline.SCMPipelineManager.createPipeline(SCMPipelineManager.java:155)
	at org.apache.hadoop.hdds.scm.pipeline.BackgroundPipelineCreator.createPipelines(BackgroundPipelineCreator.java:99)
	at org.apache.hadoop.hdds.scm.pipeline.BackgroundPipelineCreator.lambda$startFixedIntervalPipelineCreator$0(BackgroundPipelineCreator.java:70)
	at java.util.concurrent.Executors$RunnableAdapter.call(Executors.java:511)
	at java.util.concurrent.FutureTask.runAndReset(FutureTask.java:308)
	at java.util.concurrent.ScheduledThreadPoolExecutor$ScheduledFutureTask.access$301(ScheduledThreadPoolExecutor.java:180)
	at java.util.concurrent.ScheduledThreadPoolExecutor$ScheduledFutureTask.run(ScheduledThreadPoolExecutor.java:294)
	at java.util.concurrent.ThreadPoolExecutor.runWorker(ThreadPoolExecutor.java:1149)
	at java.util.concurrent.ThreadPoolExecutor$Worker.run(ThreadPoolExecutor.java:624)
	at java.lang.Thread.run(Thread.java:748)
2019-09-25 05:52:46,964 [Thread-1059] INFO  ozone.MiniOzoneClusterImpl (MiniOzoneClusterImpl.java:lambda$waitForClusterToBeReady$0(147)) - Cluster is ready. Got 3 of 3 DN Heartbeats.
2019-09-25 05:52:47,032 [Thread-1059] INFO  rpc.RpcClient (RpcClient.java:createVolume(276)) - Creating Volume: volume45682, with user82741 as owner.
2019-09-25 05:52:47,035 [IPC Server handler 1 on 37881] INFO  volume.OMVolumeCreateRequest (OMVolumeCreateRequest.java:validateAndUpdateCache(189)) - created volume:volume45682 for user:user82741
2019-09-25 05:52:47,051 [Thread-1059] INFO  rpc.RpcClient (RpcClient.java:createBucket(415)) - Creating Bucket: volume45682/bucket21170, with Versioning false and Storage Type set to DISK and Encryption set to false 
2019-09-25 05:52:47,137 [IPC Server handler 1 on 36898] INFO  pipeline.PipelinePlacementPolicy (PipelinePlacementPolicy.java:meetCriteria(91)) - Pipeline Placement: can't place more pipeline on heavy datanode： 2ee30776-dbb8-4e40-babf-43a7beb94cbe Heaviness: 6 limit: 5
2019-09-25 05:52:47,137 [IPC Server handler 1 on 36898] INFO  pipeline.PipelinePlacementPolicy (PipelinePlacementPolicy.java:meetCriteria(91)) - Pipeline Placement: can't place more pipeline on heavy datanode： 064658ec-5496-488b-bd05-2b25fa23e071 Heaviness: 6 limit: 5
2019-09-25 05:52:47,137 [IPC Server handler 1 on 36898] INFO  pipeline.PipelinePlacementPolicy (PipelinePlacementPolicy.java:meetCriteria(91)) - Pipeline Placement: can't place more pipeline on heavy datanode： cc85cb8b-3f87-4429-b0d4-29375c8e10ab Heaviness: 6 limit: 5
2019-09-25 05:52:47,138 [IPC Server handler 1 on 36898] ERROR pipeline.PipelinePlacementPolicy (PipelinePlacementPolicy.java:filterViableNodes(148)) - Unable to find enough nodes that meet the criteria that cannot engage in more than 5 pipelines. Nodes required: 3 Found: 0, healthy nodes count inNodeManager: 3.
2019-09-25 05:52:47,138 [IPC Server handler 1 on 36898] ERROR pipeline.SCMPipelineManager (SCMPipelineManager.java:createPipeline(167)) - Pipeline creation failed.
org.apache.hadoop.hdds.scm.exceptions.SCMException: Unable to find enough nodes that meet the criteria that cannot engage in more than 5 pipelines. Nodes required: 3 Found: 0, healthy nodes count inNodeManager: 3.
	at org.apache.hadoop.hdds.scm.pipeline.PipelinePlacementPolicy.filterViableNodes(PipelinePlacementPolicy.java:149)
	at org.apache.hadoop.hdds.scm.pipeline.PipelinePlacementPolicy.chooseDatanodes(PipelinePlacementPolicy.java:172)
	at org.apache.hadoop.hdds.scm.pipeline.RatisPipelineProvider.create(RatisPipelineProvider.java:93)
	at org.apache.hadoop.hdds.scm.pipeline.PipelineFactory.create(PipelineFactory.java:58)
	at org.apache.hadoop.hdds.scm.pipeline.SCMPipelineManager.createPipeline(SCMPipelineManager.java:155)
	at org.apache.hadoop.hdds.scm.block.BlockManagerImpl.allocateBlock(BlockManagerImpl.java:190)
	at org.apache.hadoop.hdds.scm.server.SCMBlockProtocolServer.allocateBlock(SCMBlockProtocolServer.java:182)
	at org.apache.hadoop.ozone.protocolPB.ScmBlockLocationProtocolServerSideTranslatorPB.allocateScmBlock(ScmBlockLocationProtocolServerSideTranslatorPB.java:183)
	at org.apache.hadoop.ozone.protocolPB.ScmBlockLocationProtocolServerSideTranslatorPB.processMessage(ScmBlockLocationProtocolServerSideTranslatorPB.java:141)
	at org.apache.hadoop.ozone.protocolPB.ScmBlockLocationProtocolServerSideTranslatorPB.send(ScmBlockLocationProtocolServerSideTranslatorPB.java:116)
	at org.apache.hadoop.hdds.protocol.proto.ScmBlockLocationProtocolProtos$ScmBlockLocationProtocolService$2.callBlockingMethod(ScmBlockLocationProtocolProtos.java:13157)
	at org.apache.hadoop.ipc.ProtobufRpcEngine$Server$ProtoBufRpcInvoker.call(ProtobufRpcEngine.java:524)
	at org.apache.hadoop.ipc.RPC$Server.call(RPC.java:1025)
	at org.apache.hadoop.ipc.Server$RpcCall.run(Server.java:876)
	at org.apache.hadoop.ipc.Server$RpcCall.run(Server.java:822)
	at java.security.AccessController.doPrivileged(Native Method)
	at javax.security.auth.Subject.doAs(Subject.java:422)
	at org.apache.hadoop.security.UserGroupInformation.doAs(UserGroupInformation.java:1730)
	at org.apache.hadoop.ipc.Server$Handler.run(Server.java:2682)
2019-09-25 05:52:47,138 [IPC Server handler 1 on 36898] WARN  block.BlockManagerImpl (BlockManagerImpl.java:allocateBlock(192)) - Pipeline creation failed for type:RATIS factor:THREE. Retrying get pipelines call once.
org.apache.hadoop.hdds.scm.exceptions.SCMException: Unable to find enough nodes that meet the criteria that cannot engage in more than 5 pipelines. Nodes required: 3 Found: 0, healthy nodes count inNodeManager: 3.
	at org.apache.hadoop.hdds.scm.pipeline.PipelinePlacementPolicy.filterViableNodes(PipelinePlacementPolicy.java:149)
	at org.apache.hadoop.hdds.scm.pipeline.PipelinePlacementPolicy.chooseDatanodes(PipelinePlacementPolicy.java:172)
	at org.apache.hadoop.hdds.scm.pipeline.RatisPipelineProvider.create(RatisPipelineProvider.java:93)
	at org.apache.hadoop.hdds.scm.pipeline.PipelineFactory.create(PipelineFactory.java:58)
	at org.apache.hadoop.hdds.scm.pipeline.SCMPipelineManager.createPipeline(SCMPipelineManager.java:155)
	at org.apache.hadoop.hdds.scm.block.BlockManagerImpl.allocateBlock(BlockManagerImpl.java:190)
	at org.apache.hadoop.hdds.scm.server.SCMBlockProtocolServer.allocateBlock(SCMBlockProtocolServer.java:182)
	at org.apache.hadoop.ozone.protocolPB.ScmBlockLocationProtocolServerSideTranslatorPB.allocateScmBlock(ScmBlockLocationProtocolServerSideTranslatorPB.java:183)
	at org.apache.hadoop.ozone.protocolPB.ScmBlockLocationProtocolServerSideTranslatorPB.processMessage(ScmBlockLocationProtocolServerSideTranslatorPB.java:141)
	at org.apache.hadoop.ozone.protocolPB.ScmBlockLocationProtocolServerSideTranslatorPB.send(ScmBlockLocationProtocolServerSideTranslatorPB.java:116)
	at org.apache.hadoop.hdds.protocol.proto.ScmBlockLocationProtocolProtos$ScmBlockLocationProtocolService$2.callBlockingMethod(ScmBlockLocationProtocolProtos.java:13157)
	at org.apache.hadoop.ipc.ProtobufRpcEngine$Server$ProtoBufRpcInvoker.call(ProtobufRpcEngine.java:524)
	at org.apache.hadoop.ipc.RPC$Server.call(RPC.java:1025)
	at org.apache.hadoop.ipc.Server$RpcCall.run(Server.java:876)
	at org.apache.hadoop.ipc.Server$RpcCall.run(Server.java:822)
	at java.security.AccessController.doPrivileged(Native Method)
	at javax.security.auth.Subject.doAs(Subject.java:422)
	at org.apache.hadoop.security.UserGroupInformation.doAs(UserGroupInformation.java:1730)
	at org.apache.hadoop.ipc.Server$Handler.run(Server.java:2682)
2019-09-25 05:52:47,139 [IPC Server handler 1 on 36898] INFO  block.BlockManagerImpl (BlockManagerImpl.java:allocateBlock(198)) - Could not find available pipeline of type:RATIS and factor:THREE even after retrying
2019-09-25 05:52:47,139 [IPC Server handler 1 on 36898] ERROR block.BlockManagerImpl (BlockManagerImpl.java:allocateBlock(222)) - Unable to allocate a block for the size: 4194304, type: RATIS, factor: THREE
2019-09-25 05:52:47,145 [Thread-1059] INFO  ozone.MiniOzoneClusterImpl (MiniOzoneClusterImpl.java:shutdown(314)) - Shutting down the Mini Ozone Cluster
2019-09-25 05:52:47,145 [Thread-1059] INFO  ozone.MiniOzoneClusterImpl (MiniOzoneClusterImpl.java:stop(330)) - Stopping the Mini Ozone Cluster
2019-09-25 05:52:47,145 [Thread-1059] INFO  ozone.MiniOzoneClusterImpl (MiniOzoneClusterImpl.java:stopOM(400)) - Stopping the OzoneManager
2019-09-25 05:52:47,145 [Thread-1059] INFO  ipc.Server (Server.java:stop(3082)) - Stopping server on 37881
2019-09-25 05:52:47,150 [IPC Server listener on 37881] INFO  ipc.Server (Server.java:run(1185)) - Stopping IPC Server listener on 37881
2019-09-25 05:52:47,150 [IPC Server Responder] INFO  ipc.Server (Server.java:run(1319)) - Stopping IPC Server Responder
2019-09-25 05:52:47,150 [Thread-1059] INFO  ratis.OzoneManagerDoubleBuffer (OzoneManagerDoubleBuffer.java:stop(248)) - Stopping OMDoubleBuffer flush thread
2019-09-25 05:52:47,162 [OMDoubleBufferFlushThread] INFO  ratis.OzoneManagerDoubleBuffer (OzoneManagerDoubleBuffer.java:flushTransactions(191)) - OMDoubleBuffer flush thread OMDoubleBufferFlushThread is interrupted and will exit. OMDoubleBufferFlushThread
2019-09-25 05:52:47,163 [Thread-1059] INFO  utils.BackgroundService (BackgroundService.java:shutdown(148)) - Shutting down service KeyDeletingService
2019-09-25 05:52:47,165 [Thread-1059] INFO  handler.ContextHandler (ContextHandler.java:doStop(910)) - Stopped o.e.j.w.WebAppContext@1dbaaa90{/,null,UNAVAILABLE}{/ozoneManager}
2019-09-25 05:52:47,166 [Thread-1059] INFO  server.AbstractConnector (AbstractConnector.java:doStop(318)) - Stopped ServerConnector@5fa06e8e{HTTP/1.1,[http/1.1]}{0.0.0.0:0}
2019-09-25 05:52:47,166 [Thread-1059] INFO  handler.ContextHandler (ContextHandler.java:doStop(910)) - Stopped o.e.j.s.ServletContextHandler@64f4b87a{/static,jar:file:/home/user/.m2/repository/org/apache/hadoop/hadoop-ozone-ozone-manager/0.5.0-SNAPSHOT/hadoop-ozone-ozone-manager-0.5.0-SNAPSHOT.jar!/webapps/static,UNAVAILABLE}
2019-09-25 05:52:47,167 [Thread-1059] INFO  handler.ContextHandler (ContextHandler.java:doStop(910)) - Stopped o.e.j.s.ServletContextHandler@1b5dea15{/logs,file:///workdir/hadoop-ozone/ozonefs/target/log,UNAVAILABLE}
2019-09-25 05:52:47,170 [Thread-1059] INFO  ozone.MiniOzoneClusterImpl (MiniOzoneClusterImpl.java:stopDatanodes(377)) - Stopping the HddsDatanodes
2019-09-25 05:52:47,794 [Datanode State Machine Thread - 0] INFO  statemachine.DatanodeStateMachine (DatanodeStateMachine.java:lambda$startDaemon$0(350)) - Ozone container server started.
2019-09-25 05:52:47,863 [Datanode State Machine Thread - 0] INFO  statemachine.DatanodeStateMachine (DatanodeStateMachine.java:lambda$startDaemon$0(350)) - Ozone container server started.
2019-09-25 05:52:48,806 [Thread-1231] INFO  container.ReplicationManager (ReplicationManager.java:start(163)) - Starting Replication Monitor Thread.
2019-09-25 05:52:48,810 [ReplicationMonitor] INFO  container.ReplicationManager (ReplicationManager.java:run(226)) - Replication Monitor Thread took 0 milliseconds for processing 0 containers.
2019-09-25 05:52:50,965 [Thread-1233] INFO  impl.FollowerState (FollowerState.java:run(106)) - 064658ec-5496-488b-bd05-2b25fa23e071:group-D8096152A915 changes to CANDIDATE, lastRpcTime:5098, electionTimeout:5098ms
2019-09-25 05:52:50,966 [Thread-1233] INFO  impl.RoleInfo (RoleInfo.java:shutdownFollowerState(121)) - 064658ec-5496-488b-bd05-2b25fa23e071: shutdown FollowerState
2019-09-25 05:52:50,966 [Thread-1233] INFO  impl.RaftServerImpl (RaftServerImpl.java:setRole(174)) - 064658ec-5496-488b-bd05-2b25fa23e071@group-D8096152A915: changes role from  FOLLOWER to CANDIDATE at term 0 for changeToCandidate
2019-09-25 05:52:50,966 [Thread-1233] INFO  impl.RoleInfo (RoleInfo.java:updateAndGet(143)) - 064658ec-5496-488b-bd05-2b25fa23e071: start LeaderElection
2019-09-25 05:52:50,984 [064658ec-5496-488b-bd05-2b25fa23e071@group-D8096152A915:LeaderElection64] INFO  impl.LeaderElection (LeaderElection.java:askForVotes(182)) - 064658ec-5496-488b-bd05-2b25fa23e071@group-D8096152A915:LeaderElection64: begin an election at term 1 for -1: [064658ec-5496-488b-bd05-2b25fa23e071:192.168.5.161:34189], old=null
2019-09-25 05:52:50,984 [064658ec-5496-488b-bd05-2b25fa23e071@group-D8096152A915:LeaderElection64] INFO  impl.RoleInfo (RoleInfo.java:shutdownLeaderElection(134)) - 064658ec-5496-488b-bd05-2b25fa23e071: shutdown LeaderElection
2019-09-25 05:52:50,984 [064658ec-5496-488b-bd05-2b25fa23e071@group-D8096152A915:LeaderElection64] INFO  impl.RaftServerImpl (RaftServerImpl.java:setRole(174)) - 064658ec-5496-488b-bd05-2b25fa23e071@group-D8096152A915: changes role from CANDIDATE to LEADER at term 1 for changeToLeader
2019-09-25 05:52:50,984 [064658ec-5496-488b-bd05-2b25fa23e071@group-D8096152A915:LeaderElection64] INFO  impl.RaftServerImpl (ServerState.java:setLeader(253)) - 064658ec-5496-488b-bd05-2b25fa23e071@group-D8096152A915: change Leader from null to 064658ec-5496-488b-bd05-2b25fa23e071 at term 1 for becomeLeader, leader elected after 5125ms
2019-09-25 05:52:50,984 [064658ec-5496-488b-bd05-2b25fa23e071@group-D8096152A915:LeaderElection64] INFO  server.RaftServerConfigKeys (ConfUtils.java:logGet(43)) - raft.server.staging.catchup.gap = 1000 (default)
2019-09-25 05:52:50,985 [064658ec-5496-488b-bd05-2b25fa23e071@group-D8096152A915:LeaderElection64] INFO  server.RaftServerConfigKeys (ConfUtils.java:logGet(43)) - raft.server.rpc.sleep.time = 25ms (default)
2019-09-25 05:52:50,985 [064658ec-5496-488b-bd05-2b25fa23e071@group-D8096152A915:LeaderElection64] INFO  server.RaftServerConfigKeys (ConfUtils.java:logGet(43)) - raft.server.write.element-limit = 4096 (default)
2019-09-25 05:52:50,985 [064658ec-5496-488b-bd05-2b25fa23e071@group-D8096152A915:LeaderElection64] INFO  server.RaftServerConfigKeys (ConfUtils.java:logGet(43)) - raft.server.watch.timeout = 10s (default)
2019-09-25 05:52:50,985 [064658ec-5496-488b-bd05-2b25fa23e071@group-D8096152A915:LeaderElection64] INFO  server.RaftServerConfigKeys (ConfUtils.java:logGet(43)) - raft.server.watch.timeout.denomination = 1s (default)
2019-09-25 05:52:50,985 [064658ec-5496-488b-bd05-2b25fa23e071@group-D8096152A915:LeaderElection64] INFO  server.RaftServerConfigKeys (ConfUtils.java:logGet(43)) - raft.server.watch.element-limit = 65536 (default)
2019-09-25 05:52:50,987 [064658ec-5496-488b-bd05-2b25fa23e071@group-D8096152A915:LeaderElection64] INFO  impl.RoleInfo (RoleInfo.java:updateAndGet(143)) - 064658ec-5496-488b-bd05-2b25fa23e071: start LeaderState
2019-09-25 05:52:50,987 [064658ec-5496-488b-bd05-2b25fa23e071@group-D8096152A915:LeaderElection64] INFO  segmented.SegmentedRaftLogWorker (SegmentedRaftLogWorker.java:startLogSegment(380)) - 064658ec-5496-488b-bd05-2b25fa23e071@group-D8096152A915-SegmentedRaftLogWorker: Starting segment from index:0
2019-09-25 05:52:50,988 [064658ec-5496-488b-bd05-2b25fa23e071@group-D8096152A915:LeaderElection64] INFO  impl.RaftServerImpl (ServerState.java:setRaftConf(354)) - 064658ec-5496-488b-bd05-2b25fa23e071@group-D8096152A915: set configuration 0: [064658ec-5496-488b-bd05-2b25fa23e071:192.168.5.161:34189], old=null at 0
2019-09-25 05:52:50,989 [Thread-1239] INFO  impl.FollowerState (FollowerState.java:run(106)) - 064658ec-5496-488b-bd05-2b25fa23e071:group-6C2E00C214E9 changes to CANDIDATE, lastRpcTime:5031, electionTimeout:5031ms
2019-09-25 05:52:50,989 [Thread-1239] INFO  impl.RoleInfo (RoleInfo.java:shutdownFollowerState(121)) - 064658ec-5496-488b-bd05-2b25fa23e071: shutdown FollowerState
2019-09-25 05:52:50,990 [Thread-1239] INFO  impl.RaftServerImpl (RaftServerImpl.java:setRole(174)) - 064658ec-5496-488b-bd05-2b25fa23e071@group-6C2E00C214E9: changes role from  FOLLOWER to CANDIDATE at term 0 for changeToCandidate
2019-09-25 05:52:50,990 [Thread-1239] INFO  impl.RoleInfo (RoleInfo.java:updateAndGet(143)) - 064658ec-5496-488b-bd05-2b25fa23e071: start LeaderElection
2019-09-25 05:52:51,053 [Thread-1236] INFO  impl.FollowerState (FollowerState.java:run(106)) - 2ee30776-dbb8-4e40-babf-43a7beb94cbe:group-058AFFE76A0A changes to CANDIDATE, lastRpcTime:5138, electionTimeout:5138ms
2019-09-25 05:52:51,054 [Thread-1236] INFO  impl.RoleInfo (RoleInfo.java:shutdownFollowerState(121)) - 2ee30776-dbb8-4e40-babf-43a7beb94cbe: shutdown FollowerState
2019-09-25 05:52:51,054 [Thread-1236] INFO  impl.RaftServerImpl (RaftServerImpl.java:setRole(174)) - 2ee30776-dbb8-4e40-babf-43a7beb94cbe@group-058AFFE76A0A: changes role from  FOLLOWER to CANDIDATE at term 0 for changeToCandidate
2019-09-25 05:52:51,054 [Thread-1236] INFO  impl.RoleInfo (RoleInfo.java:updateAndGet(143)) - 2ee30776-dbb8-4e40-babf-43a7beb94cbe: start LeaderElection
2019-09-25 05:52:51,058 [Thread-1248] INFO  impl.FollowerState (FollowerState.java:run(106)) - 2ee30776-dbb8-4e40-babf-43a7beb94cbe:group-EB311A118944 changes to CANDIDATE, lastRpcTime:5016, electionTimeout:5016ms
2019-09-25 05:52:51,058 [Thread-1248] INFO  impl.RoleInfo (RoleInfo.java:shutdownFollowerState(121)) - 2ee30776-dbb8-4e40-babf-43a7beb94cbe: shutdown FollowerState
2019-09-25 05:52:51,058 [Thread-1248] INFO  impl.RaftServerImpl (RaftServerImpl.java:setRole(174)) - 2ee30776-dbb8-4e40-babf-43a7beb94cbe@group-EB311A118944: changes role from  FOLLOWER to CANDIDATE at term 0 for changeToCandidate
2019-09-25 05:52:51,058 [Thread-1248] INFO  impl.RoleInfo (RoleInfo.java:updateAndGet(143)) - 2ee30776-dbb8-4e40-babf-43a7beb94cbe: start LeaderElection
2019-09-25 05:52:51,059 [064658ec-5496-488b-bd05-2b25fa23e071@group-D8096152A915-SegmentedRaftLogWorker] INFO  segmented.SegmentedRaftLogWorker (SegmentedRaftLogWorker.java:execute(569)) - 064658ec-5496-488b-bd05-2b25fa23e071@group-D8096152A915-SegmentedRaftLogWorker: created new log segment /workdir/hadoop-ozone/ozonefs/target/test-dir/MiniOzoneClusterImpl-adbbc45e-2f66-4e28-a2c7-3dfa588ff680/datanode-0/data/ratis/eee414b6-f7da-4c19-bc56-d8096152a915/current/log_inprogress_0
2019-09-25 05:52:51,059 [064658ec-5496-488b-bd05-2b25fa23e071@group-6C2E00C214E9:LeaderElection65] INFO  impl.LeaderElection (LeaderElection.java:askForVotes(182)) - 064658ec-5496-488b-bd05-2b25fa23e071@group-6C2E00C214E9:LeaderElection65: begin an election at term 1 for -1: [064658ec-5496-488b-bd05-2b25fa23e071:192.168.5.161:34189], old=null
2019-09-25 05:52:51,059 [2ee30776-dbb8-4e40-babf-43a7beb94cbe@group-058AFFE76A0A:LeaderElection66] INFO  impl.LeaderElection (LeaderElection.java:askForVotes(182)) - 2ee30776-dbb8-4e40-babf-43a7beb94cbe@group-058AFFE76A0A:LeaderElection66: begin an election at term 1 for -1: [2ee30776-dbb8-4e40-babf-43a7beb94cbe:192.168.5.161:40350], old=null
2019-09-25 05:52:51,059 [2ee30776-dbb8-4e40-babf-43a7beb94cbe@group-058AFFE76A0A:LeaderElection66] INFO  impl.RoleInfo (RoleInfo.java:shutdownLeaderElection(134)) - 2ee30776-dbb8-4e40-babf-43a7beb94cbe: shutdown LeaderElection
2019-09-25 05:52:51,059 [064658ec-5496-488b-bd05-2b25fa23e071@group-6C2E00C214E9:LeaderElection65] INFO  impl.RoleInfo (RoleInfo.java:shutdownLeaderElection(134)) - 064658ec-5496-488b-bd05-2b25fa23e071: shutdown LeaderElection
2019-09-25 05:52:51,059 [2ee30776-dbb8-4e40-babf-43a7beb94cbe@group-058AFFE76A0A:LeaderElection66] INFO  impl.RaftServerImpl (RaftServerImpl.java:setRole(174)) - 2ee30776-dbb8-4e40-babf-43a7beb94cbe@group-058AFFE76A0A: changes role from CANDIDATE to LEADER at term 1 for changeToLeader
2019-09-25 05:52:51,059 [064658ec-5496-488b-bd05-2b25fa23e071@group-6C2E00C214E9:LeaderElection65] INFO  impl.RaftServerImpl (RaftServerImpl.java:setRole(174)) - 064658ec-5496-488b-bd05-2b25fa23e071@group-6C2E00C214E9: changes role from CANDIDATE to LEADER at term 1 for changeToLeader
2019-09-25 05:52:51,059 [2ee30776-dbb8-4e40-babf-43a7beb94cbe@group-058AFFE76A0A:LeaderElection66] INFO  impl.RaftServerImpl (ServerState.java:setLeader(253)) - 2ee30776-dbb8-4e40-babf-43a7beb94cbe@group-058AFFE76A0A: change Leader from null to 2ee30776-dbb8-4e40-babf-43a7beb94cbe at term 1 for becomeLeader, leader elected after 5151ms
2019-09-25 05:52:51,060 [064658ec-5496-488b-bd05-2b25fa23e071@group-6C2E00C214E9:LeaderElection65] INFO  impl.RaftServerImpl (ServerState.java:setLeader(253)) - 064658ec-5496-488b-bd05-2b25fa23e071@group-6C2E00C214E9: change Leader from null to 064658ec-5496-488b-bd05-2b25fa23e071 at term 1 for becomeLeader, leader elected after 5107ms
2019-09-25 05:52:51,060 [2ee30776-dbb8-4e40-babf-43a7beb94cbe@group-058AFFE76A0A:LeaderElection66] INFO  server.RaftServerConfigKeys (ConfUtils.java:logGet(43)) - raft.server.staging.catchup.gap = 1000 (default)
2019-09-25 05:52:51,060 [064658ec-5496-488b-bd05-2b25fa23e071@group-6C2E00C214E9:LeaderElection65] INFO  server.RaftServerConfigKeys (ConfUtils.java:logGet(43)) - raft.server.staging.catchup.gap = 1000 (default)
2019-09-25 05:52:51,060 [2ee30776-dbb8-4e40-babf-43a7beb94cbe@group-058AFFE76A0A:LeaderElection66] INFO  server.RaftServerConfigKeys (ConfUtils.java:logGet(43)) - raft.server.rpc.sleep.time = 25ms (default)
2019-09-25 05:52:51,060 [064658ec-5496-488b-bd05-2b25fa23e071@group-6C2E00C214E9:LeaderElection65] INFO  server.RaftServerConfigKeys (ConfUtils.java:logGet(43)) - raft.server.rpc.sleep.time = 25ms (default)
2019-09-25 05:52:51,060 [2ee30776-dbb8-4e40-babf-43a7beb94cbe@group-058AFFE76A0A:LeaderElection66] INFO  server.RaftServerConfigKeys (ConfUtils.java:logGet(43)) - raft.server.write.element-limit = 4096 (default)
2019-09-25 05:52:51,061 [064658ec-5496-488b-bd05-2b25fa23e071@group-6C2E00C214E9:LeaderElection65] INFO  server.RaftServerConfigKeys (ConfUtils.java:logGet(43)) - raft.server.write.element-limit = 4096 (default)
2019-09-25 05:52:51,061 [2ee30776-dbb8-4e40-babf-43a7beb94cbe@group-058AFFE76A0A:LeaderElection66] INFO  server.RaftServerConfigKeys (ConfUtils.java:logGet(43)) - raft.server.watch.timeout = 10s (default)
2019-09-25 05:52:51,061 [064658ec-5496-488b-bd05-2b25fa23e071@group-6C2E00C214E9:LeaderElection65] INFO  server.RaftServerConfigKeys (ConfUtils.java:logGet(43)) - raft.server.watch.timeout = 10s (default)
2019-09-25 05:52:51,061 [2ee30776-dbb8-4e40-babf-43a7beb94cbe@group-058AFFE76A0A:LeaderElection66] INFO  server.RaftServerConfigKeys (ConfUtils.java:logGet(43)) - raft.server.watch.timeout.denomination = 1s (default)
2019-09-25 05:52:51,061 [064658ec-5496-488b-bd05-2b25fa23e071@group-6C2E00C214E9:LeaderElection65] INFO  server.RaftServerConfigKeys (ConfUtils.java:logGet(43)) - raft.server.watch.timeout.denomination = 1s (default)
2019-09-25 05:52:51,061 [2ee30776-dbb8-4e40-babf-43a7beb94cbe@group-058AFFE76A0A:LeaderElection66] INFO  server.RaftServerConfigKeys (ConfUtils.java:logGet(43)) - raft.server.watch.element-limit = 65536 (default)
2019-09-25 05:52:51,061 [064658ec-5496-488b-bd05-2b25fa23e071@group-6C2E00C214E9:LeaderElection65] INFO  server.RaftServerConfigKeys (ConfUtils.java:logGet(43)) - raft.server.watch.element-limit = 65536 (default)
2019-09-25 05:52:51,065 [064658ec-5496-488b-bd05-2b25fa23e071@group-6C2E00C214E9:LeaderElection65] INFO  impl.RoleInfo (RoleInfo.java:updateAndGet(143)) - 064658ec-5496-488b-bd05-2b25fa23e071: start LeaderState
2019-09-25 05:52:51,065 [2ee30776-dbb8-4e40-babf-43a7beb94cbe@group-058AFFE76A0A:LeaderElection66] INFO  impl.RoleInfo (RoleInfo.java:updateAndGet(143)) - 2ee30776-dbb8-4e40-babf-43a7beb94cbe: start LeaderState
2019-09-25 05:52:51,066 [064658ec-5496-488b-bd05-2b25fa23e071@group-6C2E00C214E9:LeaderElection65] INFO  segmented.SegmentedRaftLogWorker (SegmentedRaftLogWorker.java:startLogSegment(380)) - 064658ec-5496-488b-bd05-2b25fa23e071@group-6C2E00C214E9-SegmentedRaftLogWorker: Starting segment from index:0
2019-09-25 05:52:51,066 [2ee30776-dbb8-4e40-babf-43a7beb94cbe@group-058AFFE76A0A:LeaderElection66] INFO  segmented.SegmentedRaftLogWorker (SegmentedRaftLogWorker.java:startLogSegment(380)) - 2ee30776-dbb8-4e40-babf-43a7beb94cbe@group-058AFFE76A0A-SegmentedRaftLogWorker: Starting segment from index:0
2019-09-25 05:52:51,066 [064658ec-5496-488b-bd05-2b25fa23e071@group-6C2E00C214E9:LeaderElection65] INFO  impl.RaftServerImpl (ServerState.java:setRaftConf(354)) - 064658ec-5496-488b-bd05-2b25fa23e071@group-6C2E00C214E9: set configuration 0: [064658ec-5496-488b-bd05-2b25fa23e071:192.168.5.161:34189], old=null at 0
2019-09-25 05:52:51,066 [2ee30776-dbb8-4e40-babf-43a7beb94cbe@group-058AFFE76A0A:LeaderElection66] INFO  impl.RaftServerImpl (ServerState.java:setRaftConf(354)) - 2ee30776-dbb8-4e40-babf-43a7beb94cbe@group-058AFFE76A0A: set configuration 0: [2ee30776-dbb8-4e40-babf-43a7beb94cbe:192.168.5.161:40350], old=null at 0
2019-09-25 05:52:51,084 [2ee30776-dbb8-4e40-babf-43a7beb94cbe@group-EB311A118944:LeaderElection67] INFO  impl.LeaderElection (LeaderElection.java:askForVotes(182)) - 2ee30776-dbb8-4e40-babf-43a7beb94cbe@group-EB311A118944:LeaderElection67: begin an election at term 1 for -1: [2ee30776-dbb8-4e40-babf-43a7beb94cbe:192.168.5.161:40350], old=null
2019-09-25 05:52:51,084 [2ee30776-dbb8-4e40-babf-43a7beb94cbe@group-EB311A118944:LeaderElection67] INFO  impl.RoleInfo (RoleInfo.java:shutdownLeaderElection(134)) - 2ee30776-dbb8-4e40-babf-43a7beb94cbe: shutdown LeaderElection
2019-09-25 05:52:51,084 [2ee30776-dbb8-4e40-babf-43a7beb94cbe@group-EB311A118944:LeaderElection67] INFO  impl.RaftServerImpl (RaftServerImpl.java:setRole(174)) - 2ee30776-dbb8-4e40-babf-43a7beb94cbe@group-EB311A118944: changes role from CANDIDATE to LEADER at term 1 for changeToLeader
2019-09-25 05:52:51,084 [2ee30776-dbb8-4e40-babf-43a7beb94cbe@group-EB311A118944:LeaderElection67] INFO  impl.RaftServerImpl (ServerState.java:setLeader(253)) - 2ee30776-dbb8-4e40-babf-43a7beb94cbe@group-EB311A118944: change Leader from null to 2ee30776-dbb8-4e40-babf-43a7beb94cbe at term 1 for becomeLeader, leader elected after 5049ms
2019-09-25 05:52:51,084 [2ee30776-dbb8-4e40-babf-43a7beb94cbe@group-EB311A118944:LeaderElection67] INFO  server.RaftServerConfigKeys (ConfUtils.java:logGet(43)) - raft.server.staging.catchup.gap = 1000 (default)
2019-09-25 05:52:51,085 [2ee30776-dbb8-4e40-babf-43a7beb94cbe@group-EB311A118944:LeaderElection67] INFO  server.RaftServerConfigKeys (ConfUtils.java:logGet(43)) - raft.server.rpc.sleep.time = 25ms (default)
2019-09-25 05:52:51,085 [2ee30776-dbb8-4e40-babf-43a7beb94cbe@group-EB311A118944:LeaderElection67] INFO  server.RaftServerConfigKeys (ConfUtils.java:logGet(43)) - raft.server.write.element-limit = 4096 (default)
2019-09-25 05:52:51,085 [2ee30776-dbb8-4e40-babf-43a7beb94cbe@group-EB311A118944:LeaderElection67] INFO  server.RaftServerConfigKeys (ConfUtils.java:logGet(43)) - raft.server.watch.timeout = 10s (default)
2019-09-25 05:52:51,085 [2ee30776-dbb8-4e40-babf-43a7beb94cbe@group-EB311A118944:LeaderElection67] INFO  server.RaftServerConfigKeys (ConfUtils.java:logGet(43)) - raft.server.watch.timeout.denomination = 1s (default)
2019-09-25 05:52:51,085 [2ee30776-dbb8-4e40-babf-43a7beb94cbe@group-EB311A118944:LeaderElection67] INFO  server.RaftServerConfigKeys (ConfUtils.java:logGet(43)) - raft.server.watch.element-limit = 65536 (default)
2019-09-25 05:52:51,088 [Thread-1251] INFO  impl.FollowerState (FollowerState.java:run(106)) - cc85cb8b-3f87-4429-b0d4-29375c8e10ab:group-7990BA35AAE7 changes to CANDIDATE, lastRpcTime:5015, electionTimeout:5015ms
2019-09-25 05:52:51,088 [2ee30776-dbb8-4e40-babf-43a7beb94cbe@group-EB311A118944:LeaderElection67] INFO  impl.RoleInfo (RoleInfo.java:updateAndGet(143)) - 2ee30776-dbb8-4e40-babf-43a7beb94cbe: start LeaderState
2019-09-25 05:52:51,088 [Thread-1251] INFO  impl.RoleInfo (RoleInfo.java:shutdownFollowerState(121)) - cc85cb8b-3f87-4429-b0d4-29375c8e10ab: shutdown FollowerState
2019-09-25 05:52:51,088 [Thread-1251] INFO  impl.RaftServerImpl (RaftServerImpl.java:setRole(174)) - cc85cb8b-3f87-4429-b0d4-29375c8e10ab@group-7990BA35AAE7: changes role from  FOLLOWER to CANDIDATE at term 0 for changeToCandidate
2019-09-25 05:52:51,088 [2ee30776-dbb8-4e40-babf-43a7beb94cbe@group-EB311A118944:LeaderElection67] INFO  segmented.SegmentedRaftLogWorker (SegmentedRaftLogWorker.java:startLogSegment(380)) - 2ee30776-dbb8-4e40-babf-43a7beb94cbe@group-EB311A118944-SegmentedRaftLogWorker: Starting segment from index:0
2019-09-25 05:52:51,088 [Thread-1251] INFO  impl.RoleInfo (RoleInfo.java:updateAndGet(143)) - cc85cb8b-3f87-4429-b0d4-29375c8e10ab: start LeaderElection
2019-09-25 05:52:51,089 [2ee30776-dbb8-4e40-babf-43a7beb94cbe@group-EB311A118944:LeaderElection67] INFO  impl.RaftServerImpl (ServerState.java:setRaftConf(354)) - 2ee30776-dbb8-4e40-babf-43a7beb94cbe@group-EB311A118944: set configuration 0: [2ee30776-dbb8-4e40-babf-43a7beb94cbe:192.168.5.161:40350], old=null at 0
2019-09-25 05:52:51,102 [cc85cb8b-3f87-4429-b0d4-29375c8e10ab@group-7990BA35AAE7:LeaderElection68] INFO  impl.LeaderElection (LeaderElection.java:askForVotes(182)) - cc85cb8b-3f87-4429-b0d4-29375c8e10ab@group-7990BA35AAE7:LeaderElection68: begin an election at term 1 for -1: [cc85cb8b-3f87-4429-b0d4-29375c8e10ab:192.168.5.161:33902], old=null
2019-09-25 05:52:51,102 [cc85cb8b-3f87-4429-b0d4-29375c8e10ab@group-7990BA35AAE7:LeaderElection68] INFO  impl.RoleInfo (RoleInfo.java:shutdownLeaderElection(134)) - cc85cb8b-3f87-4429-b0d4-29375c8e10ab: shutdown LeaderElection
2019-09-25 05:52:51,102 [cc85cb8b-3f87-4429-b0d4-29375c8e10ab@group-7990BA35AAE7:LeaderElection68] INFO  impl.RaftServerImpl (RaftServerImpl.java:setRole(174)) - cc85cb8b-3f87-4429-b0d4-29375c8e10ab@group-7990BA35AAE7: changes role from CANDIDATE to LEADER at term 1 for changeToLeader
2019-09-25 05:52:51,102 [cc85cb8b-3f87-4429-b0d4-29375c8e10ab@group-7990BA35AAE7:LeaderElection68] INFO  impl.RaftServerImpl (ServerState.java:setLeader(253)) - cc85cb8b-3f87-4429-b0d4-29375c8e10ab@group-7990BA35AAE7: change Leader from null to cc85cb8b-3f87-4429-b0d4-29375c8e10ab at term 1 for becomeLeader, leader elected after 5035ms
2019-09-25 05:52:51,102 [cc85cb8b-3f87-4429-b0d4-29375c8e10ab@group-7990BA35AAE7:LeaderElection68] INFO  server.RaftServerConfigKeys (ConfUtils.java:logGet(43)) - raft.server.staging.catchup.gap = 1000 (default)
2019-09-25 05:52:51,102 [cc85cb8b-3f87-4429-b0d4-29375c8e10ab@group-7990BA35AAE7:LeaderElection68] INFO  server.RaftServerConfigKeys (ConfUtils.java:logGet(43)) - raft.server.rpc.sleep.time = 25ms (default)
2019-09-25 05:52:51,103 [cc85cb8b-3f87-4429-b0d4-29375c8e10ab@group-7990BA35AAE7:LeaderElection68] INFO  server.RaftServerConfigKeys (ConfUtils.java:logGet(43)) - raft.server.write.element-limit = 4096 (default)
2019-09-25 05:52:51,103 [cc85cb8b-3f87-4429-b0d4-29375c8e10ab@group-7990BA35AAE7:LeaderElection68] INFO  server.RaftServerConfigKeys (ConfUtils.java:logGet(43)) - raft.server.watch.timeout = 10s (default)
2019-09-25 05:52:51,103 [cc85cb8b-3f87-4429-b0d4-29375c8e10ab@group-7990BA35AAE7:LeaderElection68] INFO  server.RaftServerConfigKeys (ConfUtils.java:logGet(43)) - raft.server.watch.timeout.denomination = 1s (default)
2019-09-25 05:52:51,103 [cc85cb8b-3f87-4429-b0d4-29375c8e10ab@group-7990BA35AAE7:LeaderElection68] INFO  server.RaftServerConfigKeys (ConfUtils.java:logGet(43)) - raft.server.watch.element-limit = 65536 (default)
2019-09-25 05:52:51,105 [cc85cb8b-3f87-4429-b0d4-29375c8e10ab@group-7990BA35AAE7:LeaderElection68] INFO  impl.RoleInfo (RoleInfo.java:updateAndGet(143)) - cc85cb8b-3f87-4429-b0d4-29375c8e10ab: start LeaderState
2019-09-25 05:52:51,105 [cc85cb8b-3f87-4429-b0d4-29375c8e10ab@group-7990BA35AAE7:LeaderElection68] INFO  segmented.SegmentedRaftLogWorker (SegmentedRaftLogWorker.java:startLogSegment(380)) - cc85cb8b-3f87-4429-b0d4-29375c8e10ab@group-7990BA35AAE7-SegmentedRaftLogWorker: Starting segment from index:0
2019-09-25 05:52:51,105 [cc85cb8b-3f87-4429-b0d4-29375c8e10ab@group-7990BA35AAE7:LeaderElection68] INFO  impl.RaftServerImpl (ServerState.java:setRaftConf(354)) - cc85cb8b-3f87-4429-b0d4-29375c8e10ab@group-7990BA35AAE7: set configuration 0: [cc85cb8b-3f87-4429-b0d4-29375c8e10ab:192.168.5.161:33902], old=null at 0
2019-09-25 05:52:51,106 [Thread-1242] INFO  impl.FollowerState (FollowerState.java:run(106)) - 2ee30776-dbb8-4e40-babf-43a7beb94cbe:group-0B29F37AD616 changes to CANDIDATE, lastRpcTime:5125, electionTimeout:5125ms
2019-09-25 05:52:51,106 [Thread-1242] INFO  impl.RoleInfo (RoleInfo.java:shutdownFollowerState(121)) - 2ee30776-dbb8-4e40-babf-43a7beb94cbe: shutdown FollowerState
2019-09-25 05:52:51,106 [Thread-1242] INFO  impl.RaftServerImpl (RaftServerImpl.java:setRole(174)) - 2ee30776-dbb8-4e40-babf-43a7beb94cbe@group-0B29F37AD616: changes role from  FOLLOWER to CANDIDATE at term 0 for changeToCandidate
2019-09-25 05:52:51,106 [Thread-1242] INFO  impl.RoleInfo (RoleInfo.java:updateAndGet(143)) - 2ee30776-dbb8-4e40-babf-43a7beb94cbe: start LeaderElection
2019-09-25 05:52:51,116 [2ee30776-dbb8-4e40-babf-43a7beb94cbe@group-058AFFE76A0A-SegmentedRaftLogWorker] INFO  segmented.SegmentedRaftLogWorker (SegmentedRaftLogWorker.java:execute(569)) - 2ee30776-dbb8-4e40-babf-43a7beb94cbe@group-058AFFE76A0A-SegmentedRaftLogWorker: created new log segment /workdir/hadoop-ozone/ozonefs/target/test-dir/MiniOzoneClusterImpl-adbbc45e-2f66-4e28-a2c7-3dfa588ff680/datanode-1/data/ratis/9a0e973e-c61e-4d38-b9d3-058affe76a0a/current/log_inprogress_0
2019-09-25 05:52:51,116 [2ee30776-dbb8-4e40-babf-43a7beb94cbe@group-0B29F37AD616:LeaderElection69] INFO  impl.LeaderElection (LeaderElection.java:askForVotes(182)) - 2ee30776-dbb8-4e40-babf-43a7beb94cbe@group-0B29F37AD616:LeaderElection69: begin an election at term 1 for -1: [2ee30776-dbb8-4e40-babf-43a7beb94cbe:192.168.5.161:40350], old=null
2019-09-25 05:52:51,116 [064658ec-5496-488b-bd05-2b25fa23e071@group-6C2E00C214E9-SegmentedRaftLogWorker] INFO  segmented.SegmentedRaftLogWorker (SegmentedRaftLogWorker.java:execute(569)) - 064658ec-5496-488b-bd05-2b25fa23e071@group-6C2E00C214E9-SegmentedRaftLogWorker: created new log segment /workdir/hadoop-ozone/ozonefs/target/test-dir/MiniOzoneClusterImpl-adbbc45e-2f66-4e28-a2c7-3dfa588ff680/datanode-0/data/ratis/a6fe1313-4251-495c-84b2-6c2e00c214e9/current/log_inprogress_0
2019-09-25 05:52:51,116 [2ee30776-dbb8-4e40-babf-43a7beb94cbe@group-0B29F37AD616:LeaderElection69] INFO  impl.RoleInfo (RoleInfo.java:shutdownLeaderElection(134)) - 2ee30776-dbb8-4e40-babf-43a7beb94cbe: shutdown LeaderElection
2019-09-25 05:52:51,116 [2ee30776-dbb8-4e40-babf-43a7beb94cbe@group-0B29F37AD616:LeaderElection69] INFO  impl.RaftServerImpl (RaftServerImpl.java:setRole(174)) - 2ee30776-dbb8-4e40-babf-43a7beb94cbe@group-0B29F37AD616: changes role from CANDIDATE to LEADER at term 1 for changeToLeader
2019-09-25 05:52:51,116 [2ee30776-dbb8-4e40-babf-43a7beb94cbe@group-0B29F37AD616:LeaderElection69] INFO  impl.RaftServerImpl (ServerState.java:setLeader(253)) - 2ee30776-dbb8-4e40-babf-43a7beb94cbe@group-0B29F37AD616: change Leader from null to 2ee30776-dbb8-4e40-babf-43a7beb94cbe at term 1 for becomeLeader, leader elected after 5141ms
2019-09-25 05:52:51,117 [2ee30776-dbb8-4e40-babf-43a7beb94cbe@group-0B29F37AD616:LeaderElection69] INFO  server.RaftServerConfigKeys (ConfUtils.java:logGet(43)) - raft.server.staging.catchup.gap = 1000 (default)
2019-09-25 05:52:51,117 [2ee30776-dbb8-4e40-babf-43a7beb94cbe@group-0B29F37AD616:LeaderElection69] INFO  server.RaftServerConfigKeys (ConfUtils.java:logGet(43)) - raft.server.rpc.sleep.time = 25ms (default)
2019-09-25 05:52:51,117 [2ee30776-dbb8-4e40-babf-43a7beb94cbe@group-0B29F37AD616:LeaderElection69] INFO  server.RaftServerConfigKeys (ConfUtils.java:logGet(43)) - raft.server.write.element-limit = 4096 (default)
2019-09-25 05:52:51,117 [2ee30776-dbb8-4e40-babf-43a7beb94cbe@group-0B29F37AD616:LeaderElection69] INFO  server.RaftServerConfigKeys (ConfUtils.java:logGet(43)) - raft.server.watch.timeout = 10s (default)
2019-09-25 05:52:51,117 [2ee30776-dbb8-4e40-babf-43a7beb94cbe@group-0B29F37AD616:LeaderElection69] INFO  server.RaftServerConfigKeys (ConfUtils.java:logGet(43)) - raft.server.watch.timeout.denomination = 1s (default)
2019-09-25 05:52:51,117 [2ee30776-dbb8-4e40-babf-43a7beb94cbe@group-0B29F37AD616:LeaderElection69] INFO  server.RaftServerConfigKeys (ConfUtils.java:logGet(43)) - raft.server.watch.element-limit = 65536 (default)
2019-09-25 05:52:51,120 [2ee30776-dbb8-4e40-babf-43a7beb94cbe@group-0B29F37AD616:LeaderElection69] INFO  impl.RoleInfo (RoleInfo.java:updateAndGet(143)) - 2ee30776-dbb8-4e40-babf-43a7beb94cbe: start LeaderState
2019-09-25 05:52:51,120 [2ee30776-dbb8-4e40-babf-43a7beb94cbe@group-0B29F37AD616:LeaderElection69] INFO  segmented.SegmentedRaftLogWorker (SegmentedRaftLogWorker.java:startLogSegment(380)) - 2ee30776-dbb8-4e40-babf-43a7beb94cbe@group-0B29F37AD616-SegmentedRaftLogWorker: Starting segment from index:0
2019-09-25 05:52:51,120 [2ee30776-dbb8-4e40-babf-43a7beb94cbe@group-0B29F37AD616:LeaderElection69] INFO  impl.RaftServerImpl (ServerState.java:setRaftConf(354)) - 2ee30776-dbb8-4e40-babf-43a7beb94cbe@group-0B29F37AD616: set configuration 0: [2ee30776-dbb8-4e40-babf-43a7beb94cbe:192.168.5.161:40350], old=null at 0
2019-09-25 05:52:51,132 [2ee30776-dbb8-4e40-babf-43a7beb94cbe@group-EB311A118944-SegmentedRaftLogWorker] INFO  segmented.SegmentedRaftLogWorker (SegmentedRaftLogWorker.java:execute(569)) - 2ee30776-dbb8-4e40-babf-43a7beb94cbe@group-EB311A118944-SegmentedRaftLogWorker: created new log segment /workdir/hadoop-ozone/ozonefs/target/test-dir/MiniOzoneClusterImpl-adbbc45e-2f66-4e28-a2c7-3dfa588ff680/datanode-1/data/ratis/d6c78074-a2fb-443d-b048-eb311a118944/current/log_inprogress_0
2019-09-25 05:52:51,134 [Thread-1254] INFO  impl.FollowerState (FollowerState.java:run(106)) - 064658ec-5496-488b-bd05-2b25fa23e071:group-33CAE0C96A00 changes to CANDIDATE, lastRpcTime:5011, electionTimeout:5011ms
2019-09-25 05:52:51,134 [Thread-1254] INFO  impl.RoleInfo (RoleInfo.java:shutdownFollowerState(121)) - 064658ec-5496-488b-bd05-2b25fa23e071: shutdown FollowerState
2019-09-25 05:52:51,134 [Thread-1254] INFO  impl.RaftServerImpl (RaftServerImpl.java:setRole(174)) - 064658ec-5496-488b-bd05-2b25fa23e071@group-33CAE0C96A00: changes role from  FOLLOWER to CANDIDATE at term 0 for changeToCandidate
2019-09-25 05:52:51,134 [Thread-1254] INFO  impl.RoleInfo (RoleInfo.java:updateAndGet(143)) - 064658ec-5496-488b-bd05-2b25fa23e071: start LeaderElection
2019-09-25 05:52:51,134 [Thread-1245] INFO  impl.FollowerState (FollowerState.java:run(106)) - cc85cb8b-3f87-4429-b0d4-29375c8e10ab:group-5058BCC69F26 changes to CANDIDATE, lastRpcTime:5122, electionTimeout:5122ms
2019-09-25 05:52:51,134 [Thread-1245] INFO  impl.RoleInfo (RoleInfo.java:shutdownFollowerState(121)) - cc85cb8b-3f87-4429-b0d4-29375c8e10ab: shutdown FollowerState
2019-09-25 05:52:51,135 [Thread-1245] INFO  impl.RaftServerImpl (RaftServerImpl.java:setRole(174)) - cc85cb8b-3f87-4429-b0d4-29375c8e10ab@group-5058BCC69F26: changes role from  FOLLOWER to CANDIDATE at term 0 for changeToCandidate
2019-09-25 05:52:51,135 [Thread-1245] INFO  impl.RoleInfo (RoleInfo.java:updateAndGet(143)) - cc85cb8b-3f87-4429-b0d4-29375c8e10ab: start LeaderElection
2019-09-25 05:52:51,147 [cc85cb8b-3f87-4429-b0d4-29375c8e10ab@group-7990BA35AAE7-SegmentedRaftLogWorker] INFO  segmented.SegmentedRaftLogWorker (SegmentedRaftLogWorker.java:execute(569)) - cc85cb8b-3f87-4429-b0d4-29375c8e10ab@group-7990BA35AAE7-SegmentedRaftLogWorker: created new log segment /workdir/hadoop-ozone/ozonefs/target/test-dir/MiniOzoneClusterImpl-adbbc45e-2f66-4e28-a2c7-3dfa588ff680/datanode-2/data/ratis/ebf18dbb-f8df-4037-843d-7990ba35aae7/current/log_inprogress_0
2019-09-25 05:52:51,147 [064658ec-5496-488b-bd05-2b25fa23e071@group-33CAE0C96A00:LeaderElection70] INFO  impl.LeaderElection (LeaderElection.java:askForVotes(182)) - 064658ec-5496-488b-bd05-2b25fa23e071@group-33CAE0C96A00:LeaderElection70: begin an election at term 1 for -1: [064658ec-5496-488b-bd05-2b25fa23e071:192.168.5.161:34189], old=null
2019-09-25 05:52:51,147 [cc85cb8b-3f87-4429-b0d4-29375c8e10ab@group-5058BCC69F26:LeaderElection71] INFO  impl.LeaderElection (LeaderElection.java:askForVotes(182)) - cc85cb8b-3f87-4429-b0d4-29375c8e10ab@group-5058BCC69F26:LeaderElection71: begin an election at term 1 for -1: [cc85cb8b-3f87-4429-b0d4-29375c8e10ab:192.168.5.161:33902], old=null
2019-09-25 05:52:51,147 [064658ec-5496-488b-bd05-2b25fa23e071@group-33CAE0C96A00:LeaderElection70] INFO  impl.RoleInfo (RoleInfo.java:shutdownLeaderElection(134)) - 064658ec-5496-488b-bd05-2b25fa23e071: shutdown LeaderElection
2019-09-25 05:52:51,147 [cc85cb8b-3f87-4429-b0d4-29375c8e10ab@group-5058BCC69F26:LeaderElection71] INFO  impl.RoleInfo (RoleInfo.java:shutdownLeaderElection(134)) - cc85cb8b-3f87-4429-b0d4-29375c8e10ab: shutdown LeaderElection
2019-09-25 05:52:51,147 [064658ec-5496-488b-bd05-2b25fa23e071@group-33CAE0C96A00:LeaderElection70] INFO  impl.RaftServerImpl (RaftServerImpl.java:setRole(174)) - 064658ec-5496-488b-bd05-2b25fa23e071@group-33CAE0C96A00: changes role from CANDIDATE to LEADER at term 1 for changeToLeader
2019-09-25 05:52:51,147 [cc85cb8b-3f87-4429-b0d4-29375c8e10ab@group-5058BCC69F26:LeaderElection71] INFO  impl.RaftServerImpl (RaftServerImpl.java:setRole(174)) - cc85cb8b-3f87-4429-b0d4-29375c8e10ab@group-5058BCC69F26: changes role from CANDIDATE to LEADER at term 1 for changeToLeader
2019-09-25 05:52:51,147 [064658ec-5496-488b-bd05-2b25fa23e071@group-33CAE0C96A00:LeaderElection70] INFO  impl.RaftServerImpl (ServerState.java:setLeader(253)) - 064658ec-5496-488b-bd05-2b25fa23e071@group-33CAE0C96A00: change Leader from null to 064658ec-5496-488b-bd05-2b25fa23e071 at term 1 for becomeLeader, leader elected after 5031ms
2019-09-25 05:52:51,147 [cc85cb8b-3f87-4429-b0d4-29375c8e10ab@group-5058BCC69F26:LeaderElection71] INFO  impl.RaftServerImpl (ServerState.java:setLeader(253)) - cc85cb8b-3f87-4429-b0d4-29375c8e10ab@group-5058BCC69F26: change Leader from null to cc85cb8b-3f87-4429-b0d4-29375c8e10ab at term 1 for becomeLeader, leader elected after 5144ms
2019-09-25 05:52:51,148 [064658ec-5496-488b-bd05-2b25fa23e071@group-33CAE0C96A00:LeaderElection70] INFO  server.RaftServerConfigKeys (ConfUtils.java:logGet(43)) - raft.server.staging.catchup.gap = 1000 (default)
2019-09-25 05:52:51,148 [cc85cb8b-3f87-4429-b0d4-29375c8e10ab@group-5058BCC69F26:LeaderElection71] INFO  server.RaftServerConfigKeys (ConfUtils.java:logGet(43)) - raft.server.staging.catchup.gap = 1000 (default)
2019-09-25 05:52:51,148 [064658ec-5496-488b-bd05-2b25fa23e071@group-33CAE0C96A00:LeaderElection70] INFO  server.RaftServerConfigKeys (ConfUtils.java:logGet(43)) - raft.server.rpc.sleep.time = 25ms (default)
2019-09-25 05:52:51,148 [cc85cb8b-3f87-4429-b0d4-29375c8e10ab@group-5058BCC69F26:LeaderElection71] INFO  server.RaftServerConfigKeys (ConfUtils.java:logGet(43)) - raft.server.rpc.sleep.time = 25ms (default)
2019-09-25 05:52:51,148 [064658ec-5496-488b-bd05-2b25fa23e071@group-33CAE0C96A00:LeaderElection70] INFO  server.RaftServerConfigKeys (ConfUtils.java:logGet(43)) - raft.server.write.element-limit = 4096 (default)
2019-09-25 05:52:51,148 [cc85cb8b-3f87-4429-b0d4-29375c8e10ab@group-5058BCC69F26:LeaderElection71] INFO  server.RaftServerConfigKeys (ConfUtils.java:logGet(43)) - raft.server.write.element-limit = 4096 (default)
2019-09-25 05:52:51,148 [064658ec-5496-488b-bd05-2b25fa23e071@group-33CAE0C96A00:LeaderElection70] INFO  server.RaftServerConfigKeys (ConfUtils.java:logGet(43)) - raft.server.watch.timeout = 10s (default)
2019-09-25 05:52:51,148 [cc85cb8b-3f87-4429-b0d4-29375c8e10ab@group-5058BCC69F26:LeaderElection71] INFO  server.RaftServerConfigKeys (ConfUtils.java:logGet(43)) - raft.server.watch.timeout = 10s (default)
2019-09-25 05:52:51,148 [064658ec-5496-488b-bd05-2b25fa23e071@group-33CAE0C96A00:LeaderElection70] INFO  server.RaftServerConfigKeys (ConfUtils.java:logGet(43)) - raft.server.watch.timeout.denomination = 1s (default)
2019-09-25 05:52:51,148 [cc85cb8b-3f87-4429-b0d4-29375c8e10ab@group-5058BCC69F26:LeaderElection71] INFO  server.RaftServerConfigKeys (ConfUtils.java:logGet(43)) - raft.server.watch.timeout.denomination = 1s (default)
2019-09-25 05:52:51,149 [064658ec-5496-488b-bd05-2b25fa23e071@group-33CAE0C96A00:LeaderElection70] INFO  server.RaftServerConfigKeys (ConfUtils.java:logGet(43)) - raft.server.watch.element-limit = 65536 (default)
2019-09-25 05:52:51,149 [cc85cb8b-3f87-4429-b0d4-29375c8e10ab@group-5058BCC69F26:LeaderElection71] INFO  server.RaftServerConfigKeys (ConfUtils.java:logGet(43)) - raft.server.watch.element-limit = 65536 (default)
2019-09-25 05:52:51,152 [cc85cb8b-3f87-4429-b0d4-29375c8e10ab@group-5058BCC69F26:LeaderElection71] INFO  impl.RoleInfo (RoleInfo.java:updateAndGet(143)) - cc85cb8b-3f87-4429-b0d4-29375c8e10ab: start LeaderState
2019-09-25 05:52:51,152 [064658ec-5496-488b-bd05-2b25fa23e071@group-33CAE0C96A00:LeaderElection70] INFO  impl.RoleInfo (RoleInfo.java:updateAndGet(143)) - 064658ec-5496-488b-bd05-2b25fa23e071: start LeaderState
2019-09-25 05:52:51,152 [cc85cb8b-3f87-4429-b0d4-29375c8e10ab@group-5058BCC69F26:LeaderElection71] INFO  segmented.SegmentedRaftLogWorker (SegmentedRaftLogWorker.java:startLogSegment(380)) - cc85cb8b-3f87-4429-b0d4-29375c8e10ab@group-5058BCC69F26-SegmentedRaftLogWorker: Starting segment from index:0
2019-09-25 05:52:51,152 [064658ec-5496-488b-bd05-2b25fa23e071@group-33CAE0C96A00:LeaderElection70] INFO  segmented.SegmentedRaftLogWorker (SegmentedRaftLogWorker.java:startLogSegment(380)) - 064658ec-5496-488b-bd05-2b25fa23e071@group-33CAE0C96A00-SegmentedRaftLogWorker: Starting segment from index:0
2019-09-25 05:52:51,152 [cc85cb8b-3f87-4429-b0d4-29375c8e10ab@group-5058BCC69F26:LeaderElection71] INFO  impl.RaftServerImpl (ServerState.java:setRaftConf(354)) - cc85cb8b-3f87-4429-b0d4-29375c8e10ab@group-5058BCC69F26: set configuration 0: [cc85cb8b-3f87-4429-b0d4-29375c8e10ab:192.168.5.161:33902], old=null at 0
2019-09-25 05:52:51,152 [064658ec-5496-488b-bd05-2b25fa23e071@group-33CAE0C96A00:LeaderElection70] INFO  impl.RaftServerImpl (ServerState.java:setRaftConf(354)) - 064658ec-5496-488b-bd05-2b25fa23e071@group-33CAE0C96A00: set configuration 0: [064658ec-5496-488b-bd05-2b25fa23e071:192.168.5.161:34189], old=null at 0
2019-09-25 05:52:51,153 [2ee30776-dbb8-4e40-babf-43a7beb94cbe@group-0B29F37AD616-SegmentedRaftLogWorker] INFO  segmented.SegmentedRaftLogWorker (SegmentedRaftLogWorker.java:execute(569)) - 2ee30776-dbb8-4e40-babf-43a7beb94cbe@group-0B29F37AD616-SegmentedRaftLogWorker: created new log segment /workdir/hadoop-ozone/ozonefs/target/test-dir/MiniOzoneClusterImpl-adbbc45e-2f66-4e28-a2c7-3dfa588ff680/datanode-1/data/ratis/54736e57-628e-4d79-9738-0b29f37ad616/current/log_inprogress_0
2019-09-25 05:52:51,181 [064658ec-5496-488b-bd05-2b25fa23e071@group-33CAE0C96A00-SegmentedRaftLogWorker] INFO  segmented.SegmentedRaftLogWorker (SegmentedRaftLogWorker.java:execute(569)) - 064658ec-5496-488b-bd05-2b25fa23e071@group-33CAE0C96A00-SegmentedRaftLogWorker: created new log segment /workdir/hadoop-ozone/ozonefs/target/test-dir/MiniOzoneClusterImpl-adbbc45e-2f66-4e28-a2c7-3dfa588ff680/datanode-0/data/ratis/712889dc-138a-4701-9485-33cae0c96a00/current/log_inprogress_0
2019-09-25 05:52:51,189 [cc85cb8b-3f87-4429-b0d4-29375c8e10ab@group-5058BCC69F26-SegmentedRaftLogWorker] INFO  segmented.SegmentedRaftLogWorker (SegmentedRaftLogWorker.java:execute(569)) - cc85cb8b-3f87-4429-b0d4-29375c8e10ab@group-5058BCC69F26-SegmentedRaftLogWorker: created new log segment /workdir/hadoop-ozone/ozonefs/target/test-dir/MiniOzoneClusterImpl-adbbc45e-2f66-4e28-a2c7-3dfa588ff680/datanode-2/data/ratis/bc23c187-0eee-437a-afea-5058bcc69f26/current/log_inprogress_0
2019-09-25 05:52:51,230 [Thread-1257] INFO  impl.FollowerState (FollowerState.java:run(106)) - cc85cb8b-3f87-4429-b0d4-29375c8e10ab:group-149F71A9D9C9 changes to CANDIDATE, lastRpcTime:5062, electionTimeout:5062ms
2019-09-25 05:52:51,230 [Thread-1257] INFO  impl.RoleInfo (RoleInfo.java:shutdownFollowerState(121)) - cc85cb8b-3f87-4429-b0d4-29375c8e10ab: shutdown FollowerState
2019-09-25 05:52:51,230 [Thread-1257] INFO  impl.RaftServerImpl (RaftServerImpl.java:setRole(174)) - cc85cb8b-3f87-4429-b0d4-29375c8e10ab@group-149F71A9D9C9: changes role from  FOLLOWER to CANDIDATE at term 0 for changeToCandidate
2019-09-25 05:52:51,230 [Thread-1257] INFO  impl.RoleInfo (RoleInfo.java:updateAndGet(143)) - cc85cb8b-3f87-4429-b0d4-29375c8e10ab: start LeaderElection
2019-09-25 05:52:51,242 [cc85cb8b-3f87-4429-b0d4-29375c8e10ab@group-149F71A9D9C9:LeaderElection72] INFO  impl.LeaderElection (LeaderElection.java:askForVotes(182)) - cc85cb8b-3f87-4429-b0d4-29375c8e10ab@group-149F71A9D9C9:LeaderElection72: begin an election at term 1 for -1: [cc85cb8b-3f87-4429-b0d4-29375c8e10ab:192.168.5.161:33902], old=null
2019-09-25 05:52:51,242 [cc85cb8b-3f87-4429-b0d4-29375c8e10ab@group-149F71A9D9C9:LeaderElection72] INFO  impl.RoleInfo (RoleInfo.java:shutdownLeaderElection(134)) - cc85cb8b-3f87-4429-b0d4-29375c8e10ab: shutdown LeaderElection
2019-09-25 05:52:51,243 [cc85cb8b-3f87-4429-b0d4-29375c8e10ab@group-149F71A9D9C9:LeaderElection72] INFO  impl.RaftServerImpl (RaftServerImpl.java:setRole(174)) - cc85cb8b-3f87-4429-b0d4-29375c8e10ab@group-149F71A9D9C9: changes role from CANDIDATE to LEADER at term 1 for changeToLeader
2019-09-25 05:52:51,243 [cc85cb8b-3f87-4429-b0d4-29375c8e10ab@group-149F71A9D9C9:LeaderElection72] INFO  impl.RaftServerImpl (ServerState.java:setLeader(253)) - cc85cb8b-3f87-4429-b0d4-29375c8e10ab@group-149F71A9D9C9: change Leader from null to cc85cb8b-3f87-4429-b0d4-29375c8e10ab at term 1 for becomeLeader, leader elected after 5081ms
2019-09-25 05:52:51,243 [cc85cb8b-3f87-4429-b0d4-29375c8e10ab@group-149F71A9D9C9:LeaderElection72] INFO  server.RaftServerConfigKeys (ConfUtils.java:logGet(43)) - raft.server.staging.catchup.gap = 1000 (default)
2019-09-25 05:52:51,243 [cc85cb8b-3f87-4429-b0d4-29375c8e10ab@group-149F71A9D9C9:LeaderElection72] INFO  server.RaftServerConfigKeys (ConfUtils.java:logGet(43)) - raft.server.rpc.sleep.time = 25ms (default)
2019-09-25 05:52:51,243 [cc85cb8b-3f87-4429-b0d4-29375c8e10ab@group-149F71A9D9C9:LeaderElection72] INFO  server.RaftServerConfigKeys (ConfUtils.java:logGet(43)) - raft.server.write.element-limit = 4096 (default)
2019-09-25 05:52:51,244 [cc85cb8b-3f87-4429-b0d4-29375c8e10ab@group-149F71A9D9C9:LeaderElection72] INFO  server.RaftServerConfigKeys (ConfUtils.java:logGet(43)) - raft.server.watch.timeout = 10s (default)
2019-09-25 05:52:51,244 [cc85cb8b-3f87-4429-b0d4-29375c8e10ab@group-149F71A9D9C9:LeaderElection72] INFO  server.RaftServerConfigKeys (ConfUtils.java:logGet(43)) - raft.server.watch.timeout.denomination = 1s (default)
2019-09-25 05:52:51,244 [cc85cb8b-3f87-4429-b0d4-29375c8e10ab@group-149F71A9D9C9:LeaderElection72] INFO  server.RaftServerConfigKeys (ConfUtils.java:logGet(43)) - raft.server.watch.element-limit = 65536 (default)
2019-09-25 05:52:51,246 [cc85cb8b-3f87-4429-b0d4-29375c8e10ab@group-149F71A9D9C9:LeaderElection72] INFO  impl.RoleInfo (RoleInfo.java:updateAndGet(143)) - cc85cb8b-3f87-4429-b0d4-29375c8e10ab: start LeaderState
2019-09-25 05:52:51,246 [cc85cb8b-3f87-4429-b0d4-29375c8e10ab@group-149F71A9D9C9:LeaderElection72] INFO  segmented.SegmentedRaftLogWorker (SegmentedRaftLogWorker.java:startLogSegment(380)) - cc85cb8b-3f87-4429-b0d4-29375c8e10ab@group-149F71A9D9C9-SegmentedRaftLogWorker: Starting segment from index:0
2019-09-25 05:52:51,247 [cc85cb8b-3f87-4429-b0d4-29375c8e10ab@group-149F71A9D9C9:LeaderElection72] INFO  impl.RaftServerImpl (ServerState.java:setRaftConf(354)) - cc85cb8b-3f87-4429-b0d4-29375c8e10ab@group-149F71A9D9C9: set configuration 0: [cc85cb8b-3f87-4429-b0d4-29375c8e10ab:192.168.5.161:33902], old=null at 0
2019-09-25 05:52:51,248 [Thread-1260] INFO  impl.FollowerState (FollowerState.java:run(106)) - 2ee30776-dbb8-4e40-babf-43a7beb94cbe:group-7D1029E1BED7 changes to CANDIDATE, lastRpcTime:5027, electionTimeout:5027ms
2019-09-25 05:52:51,249 [Thread-1260] INFO  impl.RoleInfo (RoleInfo.java:shutdownFollowerState(121)) - 2ee30776-dbb8-4e40-babf-43a7beb94cbe: shutdown FollowerState
2019-09-25 05:52:51,249 [Thread-1260] INFO  impl.RaftServerImpl (RaftServerImpl.java:setRole(174)) - 2ee30776-dbb8-4e40-babf-43a7beb94cbe@group-7D1029E1BED7: changes role from  FOLLOWER to CANDIDATE at term 0 for changeToCandidate
2019-09-25 05:52:51,249 [Thread-1260] INFO  impl.RoleInfo (RoleInfo.java:updateAndGet(143)) - 2ee30776-dbb8-4e40-babf-43a7beb94cbe: start LeaderElection
2019-09-25 05:52:51,264 [2ee30776-dbb8-4e40-babf-43a7beb94cbe@group-7D1029E1BED7:LeaderElection73] INFO  impl.LeaderElection (LeaderElection.java:askForVotes(182)) - 2ee30776-dbb8-4e40-babf-43a7beb94cbe@group-7D1029E1BED7:LeaderElection73: begin an election at term 1 for -1: [2ee30776-dbb8-4e40-babf-43a7beb94cbe:192.168.5.161:40350], old=null
2019-09-25 05:52:51,264 [2ee30776-dbb8-4e40-babf-43a7beb94cbe@group-7D1029E1BED7:LeaderElection73] INFO  impl.RoleInfo (RoleInfo.java:shutdownLeaderElection(134)) - 2ee30776-dbb8-4e40-babf-43a7beb94cbe: shutdown LeaderElection
2019-09-25 05:52:51,265 [2ee30776-dbb8-4e40-babf-43a7beb94cbe@group-7D1029E1BED7:LeaderElection73] INFO  impl.RaftServerImpl (RaftServerImpl.java:setRole(174)) - 2ee30776-dbb8-4e40-babf-43a7beb94cbe@group-7D1029E1BED7: changes role from CANDIDATE to LEADER at term 1 for changeToLeader
2019-09-25 05:52:51,265 [2ee30776-dbb8-4e40-babf-43a7beb94cbe@group-7D1029E1BED7:LeaderElection73] INFO  impl.RaftServerImpl (ServerState.java:setLeader(253)) - 2ee30776-dbb8-4e40-babf-43a7beb94cbe@group-7D1029E1BED7: change Leader from null to 2ee30776-dbb8-4e40-babf-43a7beb94cbe at term 1 for becomeLeader, leader elected after 5052ms
2019-09-25 05:52:51,265 [2ee30776-dbb8-4e40-babf-43a7beb94cbe@group-7D1029E1BED7:LeaderElection73] INFO  server.RaftServerConfigKeys (ConfUtils.java:logGet(43)) - raft.server.staging.catchup.gap = 1000 (default)
2019-09-25 05:52:51,265 [2ee30776-dbb8-4e40-babf-43a7beb94cbe@group-7D1029E1BED7:LeaderElection73] INFO  server.RaftServerConfigKeys (ConfUtils.java:logGet(43)) - raft.server.rpc.sleep.time = 25ms (default)
2019-09-25 05:52:51,265 [2ee30776-dbb8-4e40-babf-43a7beb94cbe@group-7D1029E1BED7:LeaderElection73] INFO  server.RaftServerConfigKeys (ConfUtils.java:logGet(43)) - raft.server.write.element-limit = 4096 (default)
2019-09-25 05:52:51,265 [2ee30776-dbb8-4e40-babf-43a7beb94cbe@group-7D1029E1BED7:LeaderElection73] INFO  server.RaftServerConfigKeys (ConfUtils.java:logGet(43)) - raft.server.watch.timeout = 10s (default)
2019-09-25 05:52:51,265 [2ee30776-dbb8-4e40-babf-43a7beb94cbe@group-7D1029E1BED7:LeaderElection73] INFO  server.RaftServerConfigKeys (ConfUtils.java:logGet(43)) - raft.server.watch.timeout.denomination = 1s (default)
2019-09-25 05:52:51,266 [2ee30776-dbb8-4e40-babf-43a7beb94cbe@group-7D1029E1BED7:LeaderElection73] INFO  server.RaftServerConfigKeys (ConfUtils.java:logGet(43)) - raft.server.watch.element-limit = 65536 (default)
2019-09-25 05:52:51,267 [2ee30776-dbb8-4e40-babf-43a7beb94cbe@group-7D1029E1BED7:LeaderElection73] INFO  impl.RoleInfo (RoleInfo.java:updateAndGet(143)) - 2ee30776-dbb8-4e40-babf-43a7beb94cbe: start LeaderState
2019-09-25 05:52:51,268 [2ee30776-dbb8-4e40-babf-43a7beb94cbe@group-7D1029E1BED7:LeaderElection73] INFO  segmented.SegmentedRaftLogWorker (SegmentedRaftLogWorker.java:startLogSegment(380)) - 2ee30776-dbb8-4e40-babf-43a7beb94cbe@group-7D1029E1BED7-SegmentedRaftLogWorker: Starting segment from index:0
2019-09-25 05:52:51,268 [2ee30776-dbb8-4e40-babf-43a7beb94cbe@group-7D1029E1BED7:LeaderElection73] INFO  impl.RaftServerImpl (ServerState.java:setRaftConf(354)) - 2ee30776-dbb8-4e40-babf-43a7beb94cbe@group-7D1029E1BED7: set configuration 0: [2ee30776-dbb8-4e40-babf-43a7beb94cbe:192.168.5.161:40350], old=null at 0
2019-09-25 05:52:51,313 [cc85cb8b-3f87-4429-b0d4-29375c8e10ab@group-149F71A9D9C9-SegmentedRaftLogWorker] INFO  segmented.SegmentedRaftLogWorker (SegmentedRaftLogWorker.java:execute(569)) - cc85cb8b-3f87-4429-b0d4-29375c8e10ab@group-149F71A9D9C9-SegmentedRaftLogWorker: created new log segment /workdir/hadoop-ozone/ozonefs/target/test-dir/MiniOzoneClusterImpl-adbbc45e-2f66-4e28-a2c7-3dfa588ff680/datanode-2/data/ratis/d030aa28-fd81-472a-854d-149f71a9d9c9/current/log_inprogress_0
2019-09-25 05:52:51,315 [2ee30776-dbb8-4e40-babf-43a7beb94cbe@group-7D1029E1BED7-SegmentedRaftLogWorker] INFO  segmented.SegmentedRaftLogWorker (SegmentedRaftLogWorker.java:execute(569)) - 2ee30776-dbb8-4e40-babf-43a7beb94cbe@group-7D1029E1BED7-SegmentedRaftLogWorker: created new log segment /workdir/hadoop-ozone/ozonefs/target/test-dir/MiniOzoneClusterImpl-adbbc45e-2f66-4e28-a2c7-3dfa588ff680/datanode-1/data/ratis/c129fd36-8c02-4417-b7f8-7d1029e1bed7/current/log_inprogress_0
2019-09-25 05:52:51,362 [Thread-1269] INFO  impl.FollowerState (FollowerState.java:run(106)) - 2ee30776-dbb8-4e40-babf-43a7beb94cbe:group-D80ED1EEC2A0 changes to CANDIDATE, lastRpcTime:5011, electionTimeout:5011ms
2019-09-25 05:52:51,362 [Thread-1269] INFO  impl.RoleInfo (RoleInfo.java:shutdownFollowerState(121)) - 2ee30776-dbb8-4e40-babf-43a7beb94cbe: shutdown FollowerState
2019-09-25 05:52:51,362 [Thread-1269] INFO  impl.RaftServerImpl (RaftServerImpl.java:setRole(174)) - 2ee30776-dbb8-4e40-babf-43a7beb94cbe@group-D80ED1EEC2A0: changes role from  FOLLOWER to CANDIDATE at term 0 for changeToCandidate
2019-09-25 05:52:51,362 [Thread-1269] INFO  impl.RoleInfo (RoleInfo.java:updateAndGet(143)) - 2ee30776-dbb8-4e40-babf-43a7beb94cbe: start LeaderElection
2019-09-25 05:52:51,376 [2ee30776-dbb8-4e40-babf-43a7beb94cbe@group-D80ED1EEC2A0:LeaderElection74] INFO  impl.LeaderElection (LeaderElection.java:askForVotes(182)) - 2ee30776-dbb8-4e40-babf-43a7beb94cbe@group-D80ED1EEC2A0:LeaderElection74: begin an election at term 1 for -1: [2ee30776-dbb8-4e40-babf-43a7beb94cbe:192.168.5.161:40350], old=null
2019-09-25 05:52:51,376 [2ee30776-dbb8-4e40-babf-43a7beb94cbe@group-D80ED1EEC2A0:LeaderElection74] INFO  impl.RoleInfo (RoleInfo.java:shutdownLeaderElection(134)) - 2ee30776-dbb8-4e40-babf-43a7beb94cbe: shutdown LeaderElection
2019-09-25 05:52:51,376 [2ee30776-dbb8-4e40-babf-43a7beb94cbe@group-D80ED1EEC2A0:LeaderElection74] INFO  impl.RaftServerImpl (RaftServerImpl.java:setRole(174)) - 2ee30776-dbb8-4e40-babf-43a7beb94cbe@group-D80ED1EEC2A0: changes role from CANDIDATE to LEADER at term 1 for changeToLeader
2019-09-25 05:52:51,376 [2ee30776-dbb8-4e40-babf-43a7beb94cbe@group-D80ED1EEC2A0:LeaderElection74] INFO  impl.RaftServerImpl (ServerState.java:setLeader(253)) - 2ee30776-dbb8-4e40-babf-43a7beb94cbe@group-D80ED1EEC2A0: change Leader from null to 2ee30776-dbb8-4e40-babf-43a7beb94cbe at term 1 for becomeLeader, leader elected after 5037ms
2019-09-25 05:52:51,377 [2ee30776-dbb8-4e40-babf-43a7beb94cbe@group-D80ED1EEC2A0:LeaderElection74] INFO  server.RaftServerConfigKeys (ConfUtils.java:logGet(43)) - raft.server.staging.catchup.gap = 1000 (default)
2019-09-25 05:52:51,377 [2ee30776-dbb8-4e40-babf-43a7beb94cbe@group-D80ED1EEC2A0:LeaderElection74] INFO  server.RaftServerConfigKeys (ConfUtils.java:logGet(43)) - raft.server.rpc.sleep.time = 25ms (default)
2019-09-25 05:52:51,377 [2ee30776-dbb8-4e40-babf-43a7beb94cbe@group-D80ED1EEC2A0:LeaderElection74] INFO  server.RaftServerConfigKeys (ConfUtils.java:logGet(43)) - raft.server.write.element-limit = 4096 (default)
2019-09-25 05:52:51,377 [2ee30776-dbb8-4e40-babf-43a7beb94cbe@group-D80ED1EEC2A0:LeaderElection74] INFO  server.RaftServerConfigKeys (ConfUtils.java:logGet(43)) - raft.server.watch.timeout = 10s (default)
2019-09-25 05:52:51,377 [2ee30776-dbb8-4e40-babf-43a7beb94cbe@group-D80ED1EEC2A0:LeaderElection74] INFO  server.RaftServerConfigKeys (ConfUtils.java:logGet(43)) - raft.server.watch.timeout.denomination = 1s (default)
2019-09-25 05:52:51,377 [2ee30776-dbb8-4e40-babf-43a7beb94cbe@group-D80ED1EEC2A0:LeaderElection74] INFO  server.RaftServerConfigKeys (ConfUtils.java:logGet(43)) - raft.server.watch.element-limit = 65536 (default)
2019-09-25 05:52:51,379 [2ee30776-dbb8-4e40-babf-43a7beb94cbe@group-D80ED1EEC2A0:LeaderElection74] INFO  impl.RoleInfo (RoleInfo.java:updateAndGet(143)) - 2ee30776-dbb8-4e40-babf-43a7beb94cbe: start LeaderState
2019-09-25 05:52:51,380 [2ee30776-dbb8-4e40-babf-43a7beb94cbe@group-D80ED1EEC2A0:LeaderElection74] INFO  segmented.SegmentedRaftLogWorker (SegmentedRaftLogWorker.java:startLogSegment(380)) - 2ee30776-dbb8-4e40-babf-43a7beb94cbe@group-D80ED1EEC2A0-SegmentedRaftLogWorker: Starting segment from index:0
2019-09-25 05:52:51,380 [2ee30776-dbb8-4e40-babf-43a7beb94cbe@group-D80ED1EEC2A0:LeaderElection74] INFO  impl.RaftServerImpl (ServerState.java:setRaftConf(354)) - 2ee30776-dbb8-4e40-babf-43a7beb94cbe@group-D80ED1EEC2A0: set configuration 0: [2ee30776-dbb8-4e40-babf-43a7beb94cbe:192.168.5.161:40350], old=null at 0
2019-09-25 05:52:51,429 [Thread-1263] INFO  impl.FollowerState (FollowerState.java:run(106)) - 2ee30776-dbb8-4e40-babf-43a7beb94cbe:group-447CB93BEC8A changes to CANDIDATE, lastRpcTime:5165, electionTimeout:5165ms
2019-09-25 05:52:51,429 [Thread-1263] INFO  impl.RoleInfo (RoleInfo.java:shutdownFollowerState(121)) - 2ee30776-dbb8-4e40-babf-43a7beb94cbe: shutdown FollowerState
2019-09-25 05:52:51,430 [Thread-1263] INFO  impl.RaftServerImpl (RaftServerImpl.java:setRole(174)) - 2ee30776-dbb8-4e40-babf-43a7beb94cbe@group-447CB93BEC8A: changes role from  FOLLOWER to CANDIDATE at term 0 for changeToCandidate
2019-09-25 05:52:51,430 [Thread-1263] INFO  impl.RoleInfo (RoleInfo.java:updateAndGet(143)) - 2ee30776-dbb8-4e40-babf-43a7beb94cbe: start LeaderElection
2019-09-25 05:52:51,436 [Thread-1266] INFO  impl.FollowerState (FollowerState.java:run(106)) - 064658ec-5496-488b-bd05-2b25fa23e071:group-147D7056ECDC changes to CANDIDATE, lastRpcTime:5127, electionTimeout:5127ms
2019-09-25 05:52:51,436 [Thread-1266] INFO  impl.RoleInfo (RoleInfo.java:shutdownFollowerState(121)) - 064658ec-5496-488b-bd05-2b25fa23e071: shutdown FollowerState
2019-09-25 05:52:51,436 [Thread-1266] INFO  impl.RaftServerImpl (RaftServerImpl.java:setRole(174)) - 064658ec-5496-488b-bd05-2b25fa23e071@group-147D7056ECDC: changes role from  FOLLOWER to CANDIDATE at term 0 for changeToCandidate
2019-09-25 05:52:51,437 [Thread-1266] INFO  impl.RoleInfo (RoleInfo.java:updateAndGet(143)) - 064658ec-5496-488b-bd05-2b25fa23e071: start LeaderElection
2019-09-25 05:52:51,442 [2ee30776-dbb8-4e40-babf-43a7beb94cbe@group-D80ED1EEC2A0-SegmentedRaftLogWorker] INFO  segmented.SegmentedRaftLogWorker (SegmentedRaftLogWorker.java:execute(569)) - 2ee30776-dbb8-4e40-babf-43a7beb94cbe@group-D80ED1EEC2A0-SegmentedRaftLogWorker: created new log segment /workdir/hadoop-ozone/ozonefs/target/test-dir/MiniOzoneClusterImpl-adbbc45e-2f66-4e28-a2c7-3dfa588ff680/datanode-1/data/ratis/130a3146-523a-4b5a-ac4b-d80ed1eec2a0/current/log_inprogress_0
2019-09-25 05:52:51,456 [064658ec-5496-488b-bd05-2b25fa23e071@group-147D7056ECDC:LeaderElection76] INFO  impl.LeaderElection (LeaderElection.java:askForVotes(182)) - 064658ec-5496-488b-bd05-2b25fa23e071@group-147D7056ECDC:LeaderElection76: begin an election at term 1 for -1: [064658ec-5496-488b-bd05-2b25fa23e071:192.168.5.161:34189], old=null
2019-09-25 05:52:51,456 [2ee30776-dbb8-4e40-babf-43a7beb94cbe@group-447CB93BEC8A:LeaderElection75] INFO  impl.LeaderElection (LeaderElection.java:askForVotes(182)) - 2ee30776-dbb8-4e40-babf-43a7beb94cbe@group-447CB93BEC8A:LeaderElection75: begin an election at term 1 for -1: [2ee30776-dbb8-4e40-babf-43a7beb94cbe:192.168.5.161:40350], old=null
2019-09-25 05:52:51,456 [064658ec-5496-488b-bd05-2b25fa23e071@group-147D7056ECDC:LeaderElection76] INFO  impl.RoleInfo (RoleInfo.java:shutdownLeaderElection(134)) - 064658ec-5496-488b-bd05-2b25fa23e071: shutdown LeaderElection
2019-09-25 05:52:51,456 [2ee30776-dbb8-4e40-babf-43a7beb94cbe@group-447CB93BEC8A:LeaderElection75] INFO  impl.RoleInfo (RoleInfo.java:shutdownLeaderElection(134)) - 2ee30776-dbb8-4e40-babf-43a7beb94cbe: shutdown LeaderElection
2019-09-25 05:52:51,456 [064658ec-5496-488b-bd05-2b25fa23e071@group-147D7056ECDC:LeaderElection76] INFO  impl.RaftServerImpl (RaftServerImpl.java:setRole(174)) - 064658ec-5496-488b-bd05-2b25fa23e071@group-147D7056ECDC: changes role from CANDIDATE to LEADER at term 1 for changeToLeader
2019-09-25 05:52:51,456 [2ee30776-dbb8-4e40-babf-43a7beb94cbe@group-447CB93BEC8A:LeaderElection75] INFO  impl.RaftServerImpl (RaftServerImpl.java:setRole(174)) - 2ee30776-dbb8-4e40-babf-43a7beb94cbe@group-447CB93BEC8A: changes role from CANDIDATE to LEADER at term 1 for changeToLeader
2019-09-25 05:52:51,456 [064658ec-5496-488b-bd05-2b25fa23e071@group-147D7056ECDC:LeaderElection76] INFO  impl.RaftServerImpl (ServerState.java:setLeader(253)) - 064658ec-5496-488b-bd05-2b25fa23e071@group-147D7056ECDC: change Leader from null to 064658ec-5496-488b-bd05-2b25fa23e071 at term 1 for becomeLeader, leader elected after 5155ms
2019-09-25 05:52:51,457 [2ee30776-dbb8-4e40-babf-43a7beb94cbe@group-447CB93BEC8A:LeaderElection75] INFO  impl.RaftServerImpl (ServerState.java:setLeader(253)) - 2ee30776-dbb8-4e40-babf-43a7beb94cbe@group-447CB93BEC8A: change Leader from null to 2ee30776-dbb8-4e40-babf-43a7beb94cbe at term 1 for becomeLeader, leader elected after 5197ms
2019-09-25 05:52:51,457 [064658ec-5496-488b-bd05-2b25fa23e071@group-147D7056ECDC:LeaderElection76] INFO  server.RaftServerConfigKeys (ConfUtils.java:logGet(43)) - raft.server.staging.catchup.gap = 1000 (default)
2019-09-25 05:52:51,457 [2ee30776-dbb8-4e40-babf-43a7beb94cbe@group-447CB93BEC8A:LeaderElection75] INFO  server.RaftServerConfigKeys (ConfUtils.java:logGet(43)) - raft.server.staging.catchup.gap = 1000 (default)
2019-09-25 05:52:51,457 [064658ec-5496-488b-bd05-2b25fa23e071@group-147D7056ECDC:LeaderElection76] INFO  server.RaftServerConfigKeys (ConfUtils.java:logGet(43)) - raft.server.rpc.sleep.time = 25ms (default)
2019-09-25 05:52:51,457 [2ee30776-dbb8-4e40-babf-43a7beb94cbe@group-447CB93BEC8A:LeaderElection75] INFO  server.RaftServerConfigKeys (ConfUtils.java:logGet(43)) - raft.server.rpc.sleep.time = 25ms (default)
2019-09-25 05:52:51,457 [064658ec-5496-488b-bd05-2b25fa23e071@group-147D7056ECDC:LeaderElection76] INFO  server.RaftServerConfigKeys (ConfUtils.java:logGet(43)) - raft.server.write.element-limit = 4096 (default)
2019-09-25 05:52:51,457 [2ee30776-dbb8-4e40-babf-43a7beb94cbe@group-447CB93BEC8A:LeaderElection75] INFO  server.RaftServerConfigKeys (ConfUtils.java:logGet(43)) - raft.server.write.element-limit = 4096 (default)
2019-09-25 05:52:51,458 [064658ec-5496-488b-bd05-2b25fa23e071@group-147D7056ECDC:LeaderElection76] INFO  server.RaftServerConfigKeys (ConfUtils.java:logGet(43)) - raft.server.watch.timeout = 10s (default)
2019-09-25 05:52:51,458 [2ee30776-dbb8-4e40-babf-43a7beb94cbe@group-447CB93BEC8A:LeaderElection75] INFO  server.RaftServerConfigKeys (ConfUtils.java:logGet(43)) - raft.server.watch.timeout = 10s (default)
2019-09-25 05:52:51,458 [064658ec-5496-488b-bd05-2b25fa23e071@group-147D7056ECDC:LeaderElection76] INFO  server.RaftServerConfigKeys (ConfUtils.java:logGet(43)) - raft.server.watch.timeout.denomination = 1s (default)
2019-09-25 05:52:51,458 [2ee30776-dbb8-4e40-babf-43a7beb94cbe@group-447CB93BEC8A:LeaderElection75] INFO  server.RaftServerConfigKeys (ConfUtils.java:logGet(43)) - raft.server.watch.timeout.denomination = 1s (default)
2019-09-25 05:52:51,458 [064658ec-5496-488b-bd05-2b25fa23e071@group-147D7056ECDC:LeaderElection76] INFO  server.RaftServerConfigKeys (ConfUtils.java:logGet(43)) - raft.server.watch.element-limit = 65536 (default)
2019-09-25 05:52:51,458 [2ee30776-dbb8-4e40-babf-43a7beb94cbe@group-447CB93BEC8A:LeaderElection75] INFO  server.RaftServerConfigKeys (ConfUtils.java:logGet(43)) - raft.server.watch.element-limit = 65536 (default)
2019-09-25 05:52:51,461 [064658ec-5496-488b-bd05-2b25fa23e071@group-147D7056ECDC:LeaderElection76] INFO  impl.RoleInfo (RoleInfo.java:updateAndGet(143)) - 064658ec-5496-488b-bd05-2b25fa23e071: start LeaderState
2019-09-25 05:52:51,461 [2ee30776-dbb8-4e40-babf-43a7beb94cbe@group-447CB93BEC8A:LeaderElection75] INFO  impl.RoleInfo (RoleInfo.java:updateAndGet(143)) - 2ee30776-dbb8-4e40-babf-43a7beb94cbe: start LeaderState
2019-09-25 05:52:51,461 [064658ec-5496-488b-bd05-2b25fa23e071@group-147D7056ECDC:LeaderElection76] INFO  segmented.SegmentedRaftLogWorker (SegmentedRaftLogWorker.java:startLogSegment(380)) - 064658ec-5496-488b-bd05-2b25fa23e071@group-147D7056ECDC-SegmentedRaftLogWorker: Starting segment from index:0
2019-09-25 05:52:51,461 [2ee30776-dbb8-4e40-babf-43a7beb94cbe@group-447CB93BEC8A:LeaderElection75] INFO  segmented.SegmentedRaftLogWorker (SegmentedRaftLogWorker.java:startLogSegment(380)) - 2ee30776-dbb8-4e40-babf-43a7beb94cbe@group-447CB93BEC8A-SegmentedRaftLogWorker: Starting segment from index:0
2019-09-25 05:52:51,462 [064658ec-5496-488b-bd05-2b25fa23e071@group-147D7056ECDC:LeaderElection76] INFO  impl.RaftServerImpl (ServerState.java:setRaftConf(354)) - 064658ec-5496-488b-bd05-2b25fa23e071@group-147D7056ECDC: set configuration 0: [064658ec-5496-488b-bd05-2b25fa23e071:192.168.5.161:34189], old=null at 0
2019-09-25 05:52:51,462 [2ee30776-dbb8-4e40-babf-43a7beb94cbe@group-447CB93BEC8A:LeaderElection75] INFO  impl.RaftServerImpl (ServerState.java:setRaftConf(354)) - 2ee30776-dbb8-4e40-babf-43a7beb94cbe@group-447CB93BEC8A: set configuration 0: [2ee30776-dbb8-4e40-babf-43a7beb94cbe:192.168.5.161:40350], old=null at 0
2019-09-25 05:52:51,513 [2ee30776-dbb8-4e40-babf-43a7beb94cbe@group-447CB93BEC8A-SegmentedRaftLogWorker] INFO  segmented.SegmentedRaftLogWorker (SegmentedRaftLogWorker.java:execute(569)) - 2ee30776-dbb8-4e40-babf-43a7beb94cbe@group-447CB93BEC8A-SegmentedRaftLogWorker: created new log segment /workdir/hadoop-ozone/ozonefs/target/test-dir/MiniOzoneClusterImpl-adbbc45e-2f66-4e28-a2c7-3dfa588ff680/datanode-1/data/ratis/3024e5d3-e3f6-4a1e-93db-447cb93bec8a/current/log_inprogress_0
2019-09-25 05:52:51,513 [064658ec-5496-488b-bd05-2b25fa23e071@group-147D7056ECDC-SegmentedRaftLogWorker] INFO  segmented.SegmentedRaftLogWorker (SegmentedRaftLogWorker.java:execute(569)) - 064658ec-5496-488b-bd05-2b25fa23e071@group-147D7056ECDC-SegmentedRaftLogWorker: created new log segment /workdir/hadoop-ozone/ozonefs/target/test-dir/MiniOzoneClusterImpl-adbbc45e-2f66-4e28-a2c7-3dfa588ff680/datanode-0/data/ratis/972ea267-fcef-4eb8-9c57-147d7056ecdc/current/log_inprogress_0
2019-09-25 05:52:51,558 [Thread-1272] INFO  impl.FollowerState (FollowerState.java:run(106)) - cc85cb8b-3f87-4429-b0d4-29375c8e10ab:group-CE43B41D4155 changes to CANDIDATE, lastRpcTime:5168, electionTimeout:5168ms
2019-09-25 05:52:51,558 [Thread-1272] INFO  impl.RoleInfo (RoleInfo.java:shutdownFollowerState(121)) - cc85cb8b-3f87-4429-b0d4-29375c8e10ab: shutdown FollowerState
2019-09-25 05:52:51,558 [Thread-1272] INFO  impl.RaftServerImpl (RaftServerImpl.java:setRole(174)) - cc85cb8b-3f87-4429-b0d4-29375c8e10ab@group-CE43B41D4155: changes role from  FOLLOWER to CANDIDATE at term 0 for changeToCandidate
2019-09-25 05:52:51,559 [Thread-1272] INFO  impl.RoleInfo (RoleInfo.java:updateAndGet(143)) - cc85cb8b-3f87-4429-b0d4-29375c8e10ab: start LeaderElection
2019-09-25 05:52:51,572 [cc85cb8b-3f87-4429-b0d4-29375c8e10ab@group-CE43B41D4155:LeaderElection77] INFO  impl.LeaderElection (LeaderElection.java:askForVotes(182)) - cc85cb8b-3f87-4429-b0d4-29375c8e10ab@group-CE43B41D4155:LeaderElection77: begin an election at term 1 for -1: [cc85cb8b-3f87-4429-b0d4-29375c8e10ab:192.168.5.161:33902], old=null
2019-09-25 05:52:51,572 [cc85cb8b-3f87-4429-b0d4-29375c8e10ab@group-CE43B41D4155:LeaderElection77] INFO  impl.RoleInfo (RoleInfo.java:shutdownLeaderElection(134)) - cc85cb8b-3f87-4429-b0d4-29375c8e10ab: shutdown LeaderElection
2019-09-25 05:52:51,573 [cc85cb8b-3f87-4429-b0d4-29375c8e10ab@group-CE43B41D4155:LeaderElection77] INFO  impl.RaftServerImpl (RaftServerImpl.java:setRole(174)) - cc85cb8b-3f87-4429-b0d4-29375c8e10ab@group-CE43B41D4155: changes role from CANDIDATE to LEADER at term 1 for changeToLeader
2019-09-25 05:52:51,573 [cc85cb8b-3f87-4429-b0d4-29375c8e10ab@group-CE43B41D4155:LeaderElection77] INFO  impl.RaftServerImpl (ServerState.java:setLeader(253)) - cc85cb8b-3f87-4429-b0d4-29375c8e10ab@group-CE43B41D4155: change Leader from null to cc85cb8b-3f87-4429-b0d4-29375c8e10ab at term 1 for becomeLeader, leader elected after 5187ms
2019-09-25 05:52:51,573 [cc85cb8b-3f87-4429-b0d4-29375c8e10ab@group-CE43B41D4155:LeaderElection77] INFO  server.RaftServerConfigKeys (ConfUtils.java:logGet(43)) - raft.server.staging.catchup.gap = 1000 (default)
2019-09-25 05:52:51,573 [cc85cb8b-3f87-4429-b0d4-29375c8e10ab@group-CE43B41D4155:LeaderElection77] INFO  server.RaftServerConfigKeys (ConfUtils.java:logGet(43)) - raft.server.rpc.sleep.time = 25ms (default)
2019-09-25 05:52:51,573 [cc85cb8b-3f87-4429-b0d4-29375c8e10ab@group-CE43B41D4155:LeaderElection77] INFO  server.RaftServerConfigKeys (ConfUtils.java:logGet(43)) - raft.server.write.element-limit = 4096 (default)
2019-09-25 05:52:51,573 [cc85cb8b-3f87-4429-b0d4-29375c8e10ab@group-CE43B41D4155:LeaderElection77] INFO  server.RaftServerConfigKeys (ConfUtils.java:logGet(43)) - raft.server.watch.timeout = 10s (default)
2019-09-25 05:52:51,574 [cc85cb8b-3f87-4429-b0d4-29375c8e10ab@group-CE43B41D4155:LeaderElection77] INFO  server.RaftServerConfigKeys (ConfUtils.java:logGet(43)) - raft.server.watch.timeout.denomination = 1s (default)
2019-09-25 05:52:51,574 [cc85cb8b-3f87-4429-b0d4-29375c8e10ab@group-CE43B41D4155:LeaderElection77] INFO  server.RaftServerConfigKeys (ConfUtils.java:logGet(43)) - raft.server.watch.element-limit = 65536 (default)
2019-09-25 05:52:51,576 [cc85cb8b-3f87-4429-b0d4-29375c8e10ab@group-CE43B41D4155:LeaderElection77] INFO  impl.RoleInfo (RoleInfo.java:updateAndGet(143)) - cc85cb8b-3f87-4429-b0d4-29375c8e10ab: start LeaderState
2019-09-25 05:52:51,576 [cc85cb8b-3f87-4429-b0d4-29375c8e10ab@group-CE43B41D4155:LeaderElection77] INFO  segmented.SegmentedRaftLogWorker (SegmentedRaftLogWorker.java:startLogSegment(380)) - cc85cb8b-3f87-4429-b0d4-29375c8e10ab@group-CE43B41D4155-SegmentedRaftLogWorker: Starting segment from index:0
2019-09-25 05:52:51,577 [cc85cb8b-3f87-4429-b0d4-29375c8e10ab@group-CE43B41D4155:LeaderElection77] INFO  impl.RaftServerImpl (ServerState.java:setRaftConf(354)) - cc85cb8b-3f87-4429-b0d4-29375c8e10ab@group-CE43B41D4155: set configuration 0: [cc85cb8b-3f87-4429-b0d4-29375c8e10ab:192.168.5.161:33902], old=null at 0
2019-09-25 05:52:51,589 [Thread-1275] INFO  impl.FollowerState (FollowerState.java:run(106)) - 064658ec-5496-488b-bd05-2b25fa23e071:group-3FE2B7D6EB85 changes to CANDIDATE, lastRpcTime:5156, electionTimeout:5156ms
2019-09-25 05:52:51,590 [Thread-1275] INFO  impl.RoleInfo (RoleInfo.java:shutdownFollowerState(121)) - 064658ec-5496-488b-bd05-2b25fa23e071: shutdown FollowerState
2019-09-25 05:52:51,590 [Thread-1275] INFO  impl.RaftServerImpl (RaftServerImpl.java:setRole(174)) - 064658ec-5496-488b-bd05-2b25fa23e071@group-3FE2B7D6EB85: changes role from  FOLLOWER to CANDIDATE at term 0 for changeToCandidate
2019-09-25 05:52:51,590 [Thread-1275] INFO  impl.RoleInfo (RoleInfo.java:updateAndGet(143)) - 064658ec-5496-488b-bd05-2b25fa23e071: start LeaderElection
2019-09-25 05:52:51,605 [064658ec-5496-488b-bd05-2b25fa23e071@group-3FE2B7D6EB85:LeaderElection78] INFO  impl.LeaderElection (LeaderElection.java:askForVotes(182)) - 064658ec-5496-488b-bd05-2b25fa23e071@group-3FE2B7D6EB85:LeaderElection78: begin an election at term 1 for -1: [064658ec-5496-488b-bd05-2b25fa23e071:192.168.5.161:34189], old=null
2019-09-25 05:52:51,605 [064658ec-5496-488b-bd05-2b25fa23e071@group-3FE2B7D6EB85:LeaderElection78] INFO  impl.RoleInfo (RoleInfo.java:shutdownLeaderElection(134)) - 064658ec-5496-488b-bd05-2b25fa23e071: shutdown LeaderElection
2019-09-25 05:52:51,605 [064658ec-5496-488b-bd05-2b25fa23e071@group-3FE2B7D6EB85:LeaderElection78] INFO  impl.RaftServerImpl (RaftServerImpl.java:setRole(174)) - 064658ec-5496-488b-bd05-2b25fa23e071@group-3FE2B7D6EB85: changes role from CANDIDATE to LEADER at term 1 for changeToLeader
2019-09-25 05:52:51,606 [064658ec-5496-488b-bd05-2b25fa23e071@group-3FE2B7D6EB85:LeaderElection78] INFO  impl.RaftServerImpl (ServerState.java:setLeader(253)) - 064658ec-5496-488b-bd05-2b25fa23e071@group-3FE2B7D6EB85: change Leader from null to 064658ec-5496-488b-bd05-2b25fa23e071 at term 1 for becomeLeader, leader elected after 5177ms
2019-09-25 05:52:51,606 [064658ec-5496-488b-bd05-2b25fa23e071@group-3FE2B7D6EB85:LeaderElection78] INFO  server.RaftServerConfigKeys (ConfUtils.java:logGet(43)) - raft.server.staging.catchup.gap = 1000 (default)
2019-09-25 05:52:51,606 [064658ec-5496-488b-bd05-2b25fa23e071@group-3FE2B7D6EB85:LeaderElection78] INFO  server.RaftServerConfigKeys (ConfUtils.java:logGet(43)) - raft.server.rpc.sleep.time = 25ms (default)
2019-09-25 05:52:51,606 [064658ec-5496-488b-bd05-2b25fa23e071@group-3FE2B7D6EB85:LeaderElection78] INFO  server.RaftServerConfigKeys (ConfUtils.java:logGet(43)) - raft.server.write.element-limit = 4096 (default)
2019-09-25 05:52:51,606 [064658ec-5496-488b-bd05-2b25fa23e071@group-3FE2B7D6EB85:LeaderElection78] INFO  server.RaftServerConfigKeys (ConfUtils.java:logGet(43)) - raft.server.watch.timeout = 10s (default)
2019-09-25 05:52:51,606 [064658ec-5496-488b-bd05-2b25fa23e071@group-3FE2B7D6EB85:LeaderElection78] INFO  server.RaftServerConfigKeys (ConfUtils.java:logGet(43)) - raft.server.watch.timeout.denomination = 1s (default)
2019-09-25 05:52:51,606 [064658ec-5496-488b-bd05-2b25fa23e071@group-3FE2B7D6EB85:LeaderElection78] INFO  server.RaftServerConfigKeys (ConfUtils.java:logGet(43)) - raft.server.watch.element-limit = 65536 (default)
2019-09-25 05:52:51,609 [064658ec-5496-488b-bd05-2b25fa23e071@group-3FE2B7D6EB85:LeaderElection78] INFO  impl.RoleInfo (RoleInfo.java:updateAndGet(143)) - 064658ec-5496-488b-bd05-2b25fa23e071: start LeaderState
2019-09-25 05:52:51,609 [064658ec-5496-488b-bd05-2b25fa23e071@group-3FE2B7D6EB85:LeaderElection78] INFO  segmented.SegmentedRaftLogWorker (SegmentedRaftLogWorker.java:startLogSegment(380)) - 064658ec-5496-488b-bd05-2b25fa23e071@group-3FE2B7D6EB85-SegmentedRaftLogWorker: Starting segment from index:0
2019-09-25 05:52:51,610 [064658ec-5496-488b-bd05-2b25fa23e071@group-3FE2B7D6EB85:LeaderElection78] INFO  impl.RaftServerImpl (ServerState.java:setRaftConf(354)) - 064658ec-5496-488b-bd05-2b25fa23e071@group-3FE2B7D6EB85: set configuration 0: [064658ec-5496-488b-bd05-2b25fa23e071:192.168.5.161:34189], old=null at 0
2019-09-25 05:52:51,622 [Thread-1278] INFO  impl.FollowerState (FollowerState.java:run(106)) - cc85cb8b-3f87-4429-b0d4-29375c8e10ab:group-267517062A9E changes to CANDIDATE, lastRpcTime:5148, electionTimeout:5148ms
2019-09-25 05:52:51,622 [Thread-1278] INFO  impl.RoleInfo (RoleInfo.java:shutdownFollowerState(121)) - cc85cb8b-3f87-4429-b0d4-29375c8e10ab: shutdown FollowerState
2019-09-25 05:52:51,622 [Thread-1278] INFO  impl.RaftServerImpl (RaftServerImpl.java:setRole(174)) - cc85cb8b-3f87-4429-b0d4-29375c8e10ab@group-267517062A9E: changes role from  FOLLOWER to CANDIDATE at term 0 for changeToCandidate
2019-09-25 05:52:51,622 [Thread-1278] INFO  impl.RoleInfo (RoleInfo.java:updateAndGet(143)) - cc85cb8b-3f87-4429-b0d4-29375c8e10ab: start LeaderElection
2019-09-25 05:52:51,638 [Thread-1281] INFO  impl.FollowerState (FollowerState.java:run(106)) - 064658ec-5496-488b-bd05-2b25fa23e071:group-0DB3A40D8EE7 changes to CANDIDATE, lastRpcTime:5124, electionTimeout:5124ms
2019-09-25 05:52:51,638 [Thread-1281] INFO  impl.RoleInfo (RoleInfo.java:shutdownFollowerState(121)) - 064658ec-5496-488b-bd05-2b25fa23e071: shutdown FollowerState
2019-09-25 05:52:51,638 [Thread-1281] INFO  impl.RaftServerImpl (RaftServerImpl.java:setRole(174)) - 064658ec-5496-488b-bd05-2b25fa23e071@group-0DB3A40D8EE7: changes role from  FOLLOWER to CANDIDATE at term 0 for changeToCandidate
2019-09-25 05:52:51,639 [Thread-1281] INFO  impl.RoleInfo (RoleInfo.java:updateAndGet(143)) - 064658ec-5496-488b-bd05-2b25fa23e071: start LeaderElection
2019-09-25 05:52:51,640 [cc85cb8b-3f87-4429-b0d4-29375c8e10ab@group-CE43B41D4155-SegmentedRaftLogWorker] INFO  segmented.SegmentedRaftLogWorker (SegmentedRaftLogWorker.java:execute(569)) - cc85cb8b-3f87-4429-b0d4-29375c8e10ab@group-CE43B41D4155-SegmentedRaftLogWorker: created new log segment /workdir/hadoop-ozone/ozonefs/target/test-dir/MiniOzoneClusterImpl-adbbc45e-2f66-4e28-a2c7-3dfa588ff680/datanode-2/data/ratis/a4a55f04-78de-46bc-b568-ce43b41d4155/current/log_inprogress_0
2019-09-25 05:52:51,641 [cc85cb8b-3f87-4429-b0d4-29375c8e10ab@group-267517062A9E:LeaderElection79] INFO  impl.LeaderElection (LeaderElection.java:askForVotes(182)) - cc85cb8b-3f87-4429-b0d4-29375c8e10ab@group-267517062A9E:LeaderElection79: begin an election at term 1 for -1: [cc85cb8b-3f87-4429-b0d4-29375c8e10ab:192.168.5.161:33902], old=null
2019-09-25 05:52:51,641 [cc85cb8b-3f87-4429-b0d4-29375c8e10ab@group-267517062A9E:LeaderElection79] INFO  impl.RoleInfo (RoleInfo.java:shutdownLeaderElection(134)) - cc85cb8b-3f87-4429-b0d4-29375c8e10ab: shutdown LeaderElection
2019-09-25 05:52:51,641 [cc85cb8b-3f87-4429-b0d4-29375c8e10ab@group-267517062A9E:LeaderElection79] INFO  impl.RaftServerImpl (RaftServerImpl.java:setRole(174)) - cc85cb8b-3f87-4429-b0d4-29375c8e10ab@group-267517062A9E: changes role from CANDIDATE to LEADER at term 1 for changeToLeader
2019-09-25 05:52:51,641 [cc85cb8b-3f87-4429-b0d4-29375c8e10ab@group-267517062A9E:LeaderElection79] INFO  impl.RaftServerImpl (ServerState.java:setLeader(253)) - cc85cb8b-3f87-4429-b0d4-29375c8e10ab@group-267517062A9E: change Leader from null to cc85cb8b-3f87-4429-b0d4-29375c8e10ab at term 1 for becomeLeader, leader elected after 5171ms
2019-09-25 05:52:51,641 [cc85cb8b-3f87-4429-b0d4-29375c8e10ab@group-267517062A9E:LeaderElection79] INFO  server.RaftServerConfigKeys (ConfUtils.java:logGet(43)) - raft.server.staging.catchup.gap = 1000 (default)
2019-09-25 05:52:51,641 [cc85cb8b-3f87-4429-b0d4-29375c8e10ab@group-267517062A9E:LeaderElection79] INFO  server.RaftServerConfigKeys (ConfUtils.java:logGet(43)) - raft.server.rpc.sleep.time = 25ms (default)
2019-09-25 05:52:51,642 [cc85cb8b-3f87-4429-b0d4-29375c8e10ab@group-267517062A9E:LeaderElection79] INFO  server.RaftServerConfigKeys (ConfUtils.java:logGet(43)) - raft.server.write.element-limit = 4096 (default)
2019-09-25 05:52:51,642 [cc85cb8b-3f87-4429-b0d4-29375c8e10ab@group-267517062A9E:LeaderElection79] INFO  server.RaftServerConfigKeys (ConfUtils.java:logGet(43)) - raft.server.watch.timeout = 10s (default)
2019-09-25 05:52:51,642 [cc85cb8b-3f87-4429-b0d4-29375c8e10ab@group-267517062A9E:LeaderElection79] INFO  server.RaftServerConfigKeys (ConfUtils.java:logGet(43)) - raft.server.watch.timeout.denomination = 1s (default)
2019-09-25 05:52:51,642 [cc85cb8b-3f87-4429-b0d4-29375c8e10ab@group-267517062A9E:LeaderElection79] INFO  server.RaftServerConfigKeys (ConfUtils.java:logGet(43)) - raft.server.watch.element-limit = 65536 (default)
2019-09-25 05:52:51,644 [cc85cb8b-3f87-4429-b0d4-29375c8e10ab@group-267517062A9E:LeaderElection79] INFO  impl.RoleInfo (RoleInfo.java:updateAndGet(143)) - cc85cb8b-3f87-4429-b0d4-29375c8e10ab: start LeaderState
2019-09-25 05:52:51,645 [cc85cb8b-3f87-4429-b0d4-29375c8e10ab@group-267517062A9E:LeaderElection79] INFO  segmented.SegmentedRaftLogWorker (SegmentedRaftLogWorker.java:startLogSegment(380)) - cc85cb8b-3f87-4429-b0d4-29375c8e10ab@group-267517062A9E-SegmentedRaftLogWorker: Starting segment from index:0
2019-09-25 05:52:51,645 [cc85cb8b-3f87-4429-b0d4-29375c8e10ab@group-267517062A9E:LeaderElection79] INFO  impl.RaftServerImpl (ServerState.java:setRaftConf(354)) - cc85cb8b-3f87-4429-b0d4-29375c8e10ab@group-267517062A9E: set configuration 0: [cc85cb8b-3f87-4429-b0d4-29375c8e10ab:192.168.5.161:33902], old=null at 0
2019-09-25 05:52:51,654 [064658ec-5496-488b-bd05-2b25fa23e071@group-0DB3A40D8EE7:LeaderElection80] INFO  impl.LeaderElection (LeaderElection.java:askForVotes(182)) - 064658ec-5496-488b-bd05-2b25fa23e071@group-0DB3A40D8EE7:LeaderElection80: begin an election at term 1 for -1: [064658ec-5496-488b-bd05-2b25fa23e071:192.168.5.161:34189], old=null
2019-09-25 05:52:51,654 [064658ec-5496-488b-bd05-2b25fa23e071@group-0DB3A40D8EE7:LeaderElection80] INFO  impl.RoleInfo (RoleInfo.java:shutdownLeaderElection(134)) - 064658ec-5496-488b-bd05-2b25fa23e071: shutdown LeaderElection
2019-09-25 05:52:51,654 [064658ec-5496-488b-bd05-2b25fa23e071@group-0DB3A40D8EE7:LeaderElection80] INFO  impl.RaftServerImpl (RaftServerImpl.java:setRole(174)) - 064658ec-5496-488b-bd05-2b25fa23e071@group-0DB3A40D8EE7: changes role from CANDIDATE to LEADER at term 1 for changeToLeader
2019-09-25 05:52:51,654 [064658ec-5496-488b-bd05-2b25fa23e071@group-0DB3A40D8EE7:LeaderElection80] INFO  impl.RaftServerImpl (ServerState.java:setLeader(253)) - 064658ec-5496-488b-bd05-2b25fa23e071@group-0DB3A40D8EE7: change Leader from null to 064658ec-5496-488b-bd05-2b25fa23e071 at term 1 for becomeLeader, leader elected after 5145ms
2019-09-25 05:52:51,655 [064658ec-5496-488b-bd05-2b25fa23e071@group-0DB3A40D8EE7:LeaderElection80] INFO  server.RaftServerConfigKeys (ConfUtils.java:logGet(43)) - raft.server.staging.catchup.gap = 1000 (default)
2019-09-25 05:52:51,655 [064658ec-5496-488b-bd05-2b25fa23e071@group-0DB3A40D8EE7:LeaderElection80] INFO  server.RaftServerConfigKeys (ConfUtils.java:logGet(43)) - raft.server.rpc.sleep.time = 25ms (default)
2019-09-25 05:52:51,655 [064658ec-5496-488b-bd05-2b25fa23e071@group-0DB3A40D8EE7:LeaderElection80] INFO  server.RaftServerConfigKeys (ConfUtils.java:logGet(43)) - raft.server.write.element-limit = 4096 (default)
2019-09-25 05:52:51,655 [064658ec-5496-488b-bd05-2b25fa23e071@group-0DB3A40D8EE7:LeaderElection80] INFO  server.RaftServerConfigKeys (ConfUtils.java:logGet(43)) - raft.server.watch.timeout = 10s (default)
2019-09-25 05:52:51,655 [064658ec-5496-488b-bd05-2b25fa23e071@group-0DB3A40D8EE7:LeaderElection80] INFO  server.RaftServerConfigKeys (ConfUtils.java:logGet(43)) - raft.server.watch.timeout.denomination = 1s (default)
2019-09-25 05:52:51,655 [064658ec-5496-488b-bd05-2b25fa23e071@group-0DB3A40D8EE7:LeaderElection80] INFO  server.RaftServerConfigKeys (ConfUtils.java:logGet(43)) - raft.server.watch.element-limit = 65536 (default)
2019-09-25 05:52:51,656 [064658ec-5496-488b-bd05-2b25fa23e071@group-3FE2B7D6EB85-SegmentedRaftLogWorker] INFO  segmented.SegmentedRaftLogWorker (SegmentedRaftLogWorker.java:execute(569)) - 064658ec-5496-488b-bd05-2b25fa23e071@group-3FE2B7D6EB85-SegmentedRaftLogWorker: created new log segment /workdir/hadoop-ozone/ozonefs/target/test-dir/MiniOzoneClusterImpl-adbbc45e-2f66-4e28-a2c7-3dfa588ff680/datanode-0/data/ratis/b6fa063d-4261-442c-bdd7-3fe2b7d6eb85/current/log_inprogress_0
2019-09-25 05:52:51,657 [064658ec-5496-488b-bd05-2b25fa23e071@group-0DB3A40D8EE7:LeaderElection80] INFO  impl.RoleInfo (RoleInfo.java:updateAndGet(143)) - 064658ec-5496-488b-bd05-2b25fa23e071: start LeaderState
2019-09-25 05:52:51,657 [064658ec-5496-488b-bd05-2b25fa23e071@group-0DB3A40D8EE7:LeaderElection80] INFO  segmented.SegmentedRaftLogWorker (SegmentedRaftLogWorker.java:startLogSegment(380)) - 064658ec-5496-488b-bd05-2b25fa23e071@group-0DB3A40D8EE7-SegmentedRaftLogWorker: Starting segment from index:0
2019-09-25 05:52:51,657 [064658ec-5496-488b-bd05-2b25fa23e071@group-0DB3A40D8EE7:LeaderElection80] INFO  impl.RaftServerImpl (ServerState.java:setRaftConf(354)) - 064658ec-5496-488b-bd05-2b25fa23e071@group-0DB3A40D8EE7: set configuration 0: [064658ec-5496-488b-bd05-2b25fa23e071:192.168.5.161:34189], old=null at 0
2019-09-25 05:52:51,695 [cc85cb8b-3f87-4429-b0d4-29375c8e10ab@group-267517062A9E-SegmentedRaftLogWorker] INFO  segmented.SegmentedRaftLogWorker (SegmentedRaftLogWorker.java:execute(569)) - cc85cb8b-3f87-4429-b0d4-29375c8e10ab@group-267517062A9E-SegmentedRaftLogWorker: created new log segment /workdir/hadoop-ozone/ozonefs/target/test-dir/MiniOzoneClusterImpl-adbbc45e-2f66-4e28-a2c7-3dfa588ff680/datanode-2/data/ratis/ab85aecf-bb12-49e3-9479-267517062a9e/current/log_inprogress_0
2019-09-25 05:52:51,697 [064658ec-5496-488b-bd05-2b25fa23e071@group-0DB3A40D8EE7-SegmentedRaftLogWorker] INFO  segmented.SegmentedRaftLogWorker (SegmentedRaftLogWorker.java:execute(569)) - 064658ec-5496-488b-bd05-2b25fa23e071@group-0DB3A40D8EE7-SegmentedRaftLogWorker: created new log segment /workdir/hadoop-ozone/ozonefs/target/test-dir/MiniOzoneClusterImpl-adbbc45e-2f66-4e28-a2c7-3dfa588ff680/datanode-0/data/ratis/128c8884-030d-49fd-9b97-0db3a40d8ee7/current/log_inprogress_0
2019-09-25 05:52:51,706 [Thread-1284] INFO  impl.FollowerState (FollowerState.java:run(106)) - cc85cb8b-3f87-4429-b0d4-29375c8e10ab:group-5029A3A5948D changes to CANDIDATE, lastRpcTime:5152, electionTimeout:5152ms
2019-09-25 05:52:51,706 [Thread-1284] INFO  impl.RoleInfo (RoleInfo.java:shutdownFollowerState(121)) - cc85cb8b-3f87-4429-b0d4-29375c8e10ab: shutdown FollowerState
2019-09-25 05:52:51,706 [Thread-1284] INFO  impl.RaftServerImpl (RaftServerImpl.java:setRole(174)) - cc85cb8b-3f87-4429-b0d4-29375c8e10ab@group-5029A3A5948D: changes role from  FOLLOWER to CANDIDATE at term 0 for changeToCandidate
2019-09-25 05:52:51,706 [Thread-1284] INFO  impl.RoleInfo (RoleInfo.java:updateAndGet(143)) - cc85cb8b-3f87-4429-b0d4-29375c8e10ab: start LeaderElection
2019-09-25 05:52:51,710 [cc85cb8b-3f87-4429-b0d4-29375c8e10ab@group-5029A3A5948D:LeaderElection81] INFO  impl.LeaderElection (LeaderElection.java:askForVotes(182)) - cc85cb8b-3f87-4429-b0d4-29375c8e10ab@group-5029A3A5948D:LeaderElection81: begin an election at term 1 for -1: [cc85cb8b-3f87-4429-b0d4-29375c8e10ab:192.168.5.161:33902], old=null
2019-09-25 05:52:51,710 [cc85cb8b-3f87-4429-b0d4-29375c8e10ab@group-5029A3A5948D:LeaderElection81] INFO  impl.RoleInfo (RoleInfo.java:shutdownLeaderElection(134)) - cc85cb8b-3f87-4429-b0d4-29375c8e10ab: shutdown LeaderElection
2019-09-25 05:52:51,711 [cc85cb8b-3f87-4429-b0d4-29375c8e10ab@group-5029A3A5948D:LeaderElection81] INFO  impl.RaftServerImpl (RaftServerImpl.java:setRole(174)) - cc85cb8b-3f87-4429-b0d4-29375c8e10ab@group-5029A3A5948D: changes role from CANDIDATE to LEADER at term 1 for changeToLeader
2019-09-25 05:52:51,711 [cc85cb8b-3f87-4429-b0d4-29375c8e10ab@group-5029A3A5948D:LeaderElection81] INFO  impl.RaftServerImpl (ServerState.java:setLeader(253)) - cc85cb8b-3f87-4429-b0d4-29375c8e10ab@group-5029A3A5948D: change Leader from null to cc85cb8b-3f87-4429-b0d4-29375c8e10ab at term 1 for becomeLeader, leader elected after 5161ms
2019-09-25 05:52:51,711 [cc85cb8b-3f87-4429-b0d4-29375c8e10ab@group-5029A3A5948D:LeaderElection81] INFO  server.RaftServerConfigKeys (ConfUtils.java:logGet(43)) - raft.server.staging.catchup.gap = 1000 (default)
2019-09-25 05:52:51,711 [cc85cb8b-3f87-4429-b0d4-29375c8e10ab@group-5029A3A5948D:LeaderElection81] INFO  server.RaftServerConfigKeys (ConfUtils.java:logGet(43)) - raft.server.rpc.sleep.time = 25ms (default)
2019-09-25 05:52:51,711 [cc85cb8b-3f87-4429-b0d4-29375c8e10ab@group-5029A3A5948D:LeaderElection81] INFO  server.RaftServerConfigKeys (ConfUtils.java:logGet(43)) - raft.server.write.element-limit = 4096 (default)
2019-09-25 05:52:51,712 [cc85cb8b-3f87-4429-b0d4-29375c8e10ab@group-5029A3A5948D:LeaderElection81] INFO  server.RaftServerConfigKeys (ConfUtils.java:logGet(43)) - raft.server.watch.timeout = 10s (default)
2019-09-25 05:52:51,712 [cc85cb8b-3f87-4429-b0d4-29375c8e10ab@group-5029A3A5948D:LeaderElection81] INFO  server.RaftServerConfigKeys (ConfUtils.java:logGet(43)) - raft.server.watch.timeout.denomination = 1s (default)
2019-09-25 05:52:51,712 [cc85cb8b-3f87-4429-b0d4-29375c8e10ab@group-5029A3A5948D:LeaderElection81] INFO  server.RaftServerConfigKeys (ConfUtils.java:logGet(43)) - raft.server.watch.element-limit = 65536 (default)
2019-09-25 05:52:51,714 [cc85cb8b-3f87-4429-b0d4-29375c8e10ab@group-5029A3A5948D:LeaderElection81] INFO  impl.RoleInfo (RoleInfo.java:updateAndGet(143)) - cc85cb8b-3f87-4429-b0d4-29375c8e10ab: start LeaderState
2019-09-25 05:52:51,714 [cc85cb8b-3f87-4429-b0d4-29375c8e10ab@group-5029A3A5948D:LeaderElection81] INFO  segmented.SegmentedRaftLogWorker (SegmentedRaftLogWorker.java:startLogSegment(380)) - cc85cb8b-3f87-4429-b0d4-29375c8e10ab@group-5029A3A5948D-SegmentedRaftLogWorker: Starting segment from index:0
2019-09-25 05:52:51,715 [cc85cb8b-3f87-4429-b0d4-29375c8e10ab@group-5029A3A5948D:LeaderElection81] INFO  impl.RaftServerImpl (ServerState.java:setRaftConf(354)) - cc85cb8b-3f87-4429-b0d4-29375c8e10ab@group-5029A3A5948D: set configuration 0: [cc85cb8b-3f87-4429-b0d4-29375c8e10ab:192.168.5.161:33902], old=null at 0
2019-09-25 05:52:51,753 [cc85cb8b-3f87-4429-b0d4-29375c8e10ab@group-5029A3A5948D-SegmentedRaftLogWorker] INFO  segmented.SegmentedRaftLogWorker (SegmentedRaftLogWorker.java:execute(569)) - cc85cb8b-3f87-4429-b0d4-29375c8e10ab@group-5029A3A5948D-SegmentedRaftLogWorker: created new log segment /workdir/hadoop-ozone/ozonefs/target/test-dir/MiniOzoneClusterImpl-adbbc45e-2f66-4e28-a2c7-3dfa588ff680/datanode-2/data/ratis/daa2425f-dbd4-47b6-b395-5029a3a5948d/current/log_inprogress_0
2019-09-25 05:52:52,171 [Thread-1059] INFO  ozoneimpl.OzoneContainer (OzoneContainer.java:stop(231)) - Attempting to stop container services.
2019-09-25 05:52:52,171 [ForkJoinPool.commonPool-worker-1] INFO  ozoneimpl.OzoneContainer (OzoneContainer.java:stop(231)) - Attempting to stop container services.
2019-09-25 05:52:52,171 [Thread-1059] INFO  impl.RaftServerProxy (RaftServerProxy.java:lambda$close$4(314)) - 2ee30776-dbb8-4e40-babf-43a7beb94cbe: close
2019-09-25 05:52:52,172 [ForkJoinPool.commonPool-worker-1] INFO  impl.RaftServerProxy (RaftServerProxy.java:lambda$close$4(314)) - 064658ec-5496-488b-bd05-2b25fa23e071: close
2019-09-25 05:52:52,172 [Thread-1059] INFO  impl.RaftServerImpl (RaftServerImpl.java:lambda$shutdown$3(251)) - 2ee30776-dbb8-4e40-babf-43a7beb94cbe@group-7D1029E1BED7: shutdown
2019-09-25 05:52:52,172 [ForkJoinPool.commonPool-worker-1] INFO  impl.RaftServerImpl (RaftServerImpl.java:lambda$shutdown$3(251)) - 064658ec-5496-488b-bd05-2b25fa23e071@group-0DB3A40D8EE7: shutdown
2019-09-25 05:52:52,172 [Thread-1059] INFO  util.JmxRegister (JmxRegister.java:unregister(73)) - Successfully un-registered JMX Bean with object name Ratis:service=RaftServer,group=group-7D1029E1BED7,id=2ee30776-dbb8-4e40-babf-43a7beb94cbe
2019-09-25 05:52:52,173 [ForkJoinPool.commonPool-worker-1] INFO  util.JmxRegister (JmxRegister.java:unregister(73)) - Successfully un-registered JMX Bean with object name Ratis:service=RaftServer,group=group-0DB3A40D8EE7,id=064658ec-5496-488b-bd05-2b25fa23e071
2019-09-25 05:52:52,173 [ForkJoinPool.commonPool-worker-1] INFO  impl.RoleInfo (RoleInfo.java:shutdownLeaderState(104)) - 064658ec-5496-488b-bd05-2b25fa23e071: shutdown LeaderState
2019-09-25 05:52:52,173 [Thread-1059] INFO  impl.RoleInfo (RoleInfo.java:shutdownLeaderState(104)) - 2ee30776-dbb8-4e40-babf-43a7beb94cbe: shutdown LeaderState
2019-09-25 05:52:52,174 [ForkJoinPool.commonPool-worker-1] INFO  impl.PendingRequests (PendingRequests.java:sendNotLeaderResponses(202)) - 064658ec-5496-488b-bd05-2b25fa23e071-PendingRequests: sendNotLeaderResponses
2019-09-25 05:52:52,174 [Thread-1059] INFO  impl.PendingRequests (PendingRequests.java:sendNotLeaderResponses(202)) - 2ee30776-dbb8-4e40-babf-43a7beb94cbe-PendingRequests: sendNotLeaderResponses
2019-09-25 05:52:52,174 [ForkJoinPool.commonPool-worker-1] INFO  impl.StateMachineUpdater (StateMachineUpdater.java:stopAndJoin(125)) - 064658ec-5496-488b-bd05-2b25fa23e071@group-0DB3A40D8EE7-StateMachineUpdater: set stopIndex = 0
2019-09-25 05:52:52,175 [Thread-1059] INFO  impl.StateMachineUpdater (StateMachineUpdater.java:stopAndJoin(125)) - 2ee30776-dbb8-4e40-babf-43a7beb94cbe@group-7D1029E1BED7-StateMachineUpdater: set stopIndex = 0
2019-09-25 05:52:52,175 [ForkJoinPool.commonPool-worker-1] INFO  impl.RaftServerImpl (ServerState.java:close(385)) - 064658ec-5496-488b-bd05-2b25fa23e071@group-0DB3A40D8EE7: closes. applyIndex: 0
2019-09-25 05:52:52,175 [Thread-1059] INFO  impl.RaftServerImpl (ServerState.java:close(385)) - 2ee30776-dbb8-4e40-babf-43a7beb94cbe@group-7D1029E1BED7: closes. applyIndex: 0
2019-09-25 05:52:52,176 [064658ec-5496-488b-bd05-2b25fa23e071@group-0DB3A40D8EE7-SegmentedRaftLogWorker] INFO  segmented.SegmentedRaftLogWorker (SegmentedRaftLogWorker.java:run(313)) - 064658ec-5496-488b-bd05-2b25fa23e071@group-0DB3A40D8EE7-SegmentedRaftLogWorker was interrupted, exiting. There are 0 tasks remaining in the queue.
2019-09-25 05:52:52,176 [2ee30776-dbb8-4e40-babf-43a7beb94cbe@group-7D1029E1BED7-SegmentedRaftLogWorker] INFO  segmented.SegmentedRaftLogWorker (SegmentedRaftLogWorker.java:run(313)) - 2ee30776-dbb8-4e40-babf-43a7beb94cbe@group-7D1029E1BED7-SegmentedRaftLogWorker was interrupted, exiting. There are 0 tasks remaining in the queue.
2019-09-25 05:52:52,176 [ForkJoinPool.commonPool-worker-1] INFO  segmented.SegmentedRaftLogWorker (SegmentedRaftLogWorker.java:close(228)) - 064658ec-5496-488b-bd05-2b25fa23e071@group-0DB3A40D8EE7-SegmentedRaftLogWorker close()
2019-09-25 05:52:52,176 [Thread-1059] INFO  segmented.SegmentedRaftLogWorker (SegmentedRaftLogWorker.java:close(228)) - 2ee30776-dbb8-4e40-babf-43a7beb94cbe@group-7D1029E1BED7-SegmentedRaftLogWorker close()
2019-09-25 05:52:52,179 [ForkJoinPool.commonPool-worker-1] INFO  impl.RaftServerImpl (RaftServerImpl.java:lambda$shutdown$3(251)) - 064658ec-5496-488b-bd05-2b25fa23e071@group-6C2E00C214E9: shutdown
2019-09-25 05:52:52,187 [Thread-1059] INFO  impl.RaftServerImpl (RaftServerImpl.java:lambda$shutdown$3(251)) - 2ee30776-dbb8-4e40-babf-43a7beb94cbe@group-D80ED1EEC2A0: shutdown
2019-09-25 05:52:52,187 [ForkJoinPool.commonPool-worker-1] INFO  util.JmxRegister (JmxRegister.java:unregister(73)) - Successfully un-registered JMX Bean with object name Ratis:service=RaftServer,group=group-6C2E00C214E9,id=064658ec-5496-488b-bd05-2b25fa23e071
2019-09-25 05:52:52,188 [Thread-1059] INFO  util.JmxRegister (JmxRegister.java:unregister(73)) - Successfully un-registered JMX Bean with object name Ratis:service=RaftServer,group=group-D80ED1EEC2A0,id=2ee30776-dbb8-4e40-babf-43a7beb94cbe
2019-09-25 05:52:52,188 [Thread-1059] INFO  impl.RoleInfo (RoleInfo.java:shutdownLeaderState(104)) - 2ee30776-dbb8-4e40-babf-43a7beb94cbe: shutdown LeaderState
2019-09-25 05:52:52,188 [ForkJoinPool.commonPool-worker-1] INFO  impl.RoleInfo (RoleInfo.java:shutdownLeaderState(104)) - 064658ec-5496-488b-bd05-2b25fa23e071: shutdown LeaderState
2019-09-25 05:52:52,189 [Thread-1059] INFO  impl.PendingRequests (PendingRequests.java:sendNotLeaderResponses(202)) - 2ee30776-dbb8-4e40-babf-43a7beb94cbe-PendingRequests: sendNotLeaderResponses
2019-09-25 05:52:52,189 [ForkJoinPool.commonPool-worker-1] INFO  impl.PendingRequests (PendingRequests.java:sendNotLeaderResponses(202)) - 064658ec-5496-488b-bd05-2b25fa23e071-PendingRequests: sendNotLeaderResponses
2019-09-25 05:52:52,189 [Thread-1059] INFO  impl.StateMachineUpdater (StateMachineUpdater.java:stopAndJoin(125)) - 2ee30776-dbb8-4e40-babf-43a7beb94cbe@group-D80ED1EEC2A0-StateMachineUpdater: set stopIndex = 0
2019-09-25 05:52:52,189 [ForkJoinPool.commonPool-worker-1] INFO  impl.StateMachineUpdater (StateMachineUpdater.java:stopAndJoin(125)) - 064658ec-5496-488b-bd05-2b25fa23e071@group-6C2E00C214E9-StateMachineUpdater: set stopIndex = 0
2019-09-25 05:52:52,190 [Thread-1059] INFO  impl.RaftServerImpl (ServerState.java:close(385)) - 2ee30776-dbb8-4e40-babf-43a7beb94cbe@group-D80ED1EEC2A0: closes. applyIndex: 0
2019-09-25 05:52:52,190 [ForkJoinPool.commonPool-worker-1] INFO  impl.RaftServerImpl (ServerState.java:close(385)) - 064658ec-5496-488b-bd05-2b25fa23e071@group-6C2E00C214E9: closes. applyIndex: 0
2019-09-25 05:52:52,190 [2ee30776-dbb8-4e40-babf-43a7beb94cbe@group-D80ED1EEC2A0-SegmentedRaftLogWorker] INFO  segmented.SegmentedRaftLogWorker (SegmentedRaftLogWorker.java:run(313)) - 2ee30776-dbb8-4e40-babf-43a7beb94cbe@group-D80ED1EEC2A0-SegmentedRaftLogWorker was interrupted, exiting. There are 0 tasks remaining in the queue.
2019-09-25 05:52:52,191 [064658ec-5496-488b-bd05-2b25fa23e071@group-6C2E00C214E9-SegmentedRaftLogWorker] INFO  segmented.SegmentedRaftLogWorker (SegmentedRaftLogWorker.java:run(313)) - 064658ec-5496-488b-bd05-2b25fa23e071@group-6C2E00C214E9-SegmentedRaftLogWorker was interrupted, exiting. There are 0 tasks remaining in the queue.
2019-09-25 05:52:52,191 [Thread-1059] INFO  segmented.SegmentedRaftLogWorker (SegmentedRaftLogWorker.java:close(228)) - 2ee30776-dbb8-4e40-babf-43a7beb94cbe@group-D80ED1EEC2A0-SegmentedRaftLogWorker close()
2019-09-25 05:52:52,191 [ForkJoinPool.commonPool-worker-1] INFO  segmented.SegmentedRaftLogWorker (SegmentedRaftLogWorker.java:close(228)) - 064658ec-5496-488b-bd05-2b25fa23e071@group-6C2E00C214E9-SegmentedRaftLogWorker close()
2019-09-25 05:52:52,191 [Thread-1059] INFO  impl.RaftServerImpl (RaftServerImpl.java:lambda$shutdown$3(251)) - 2ee30776-dbb8-4e40-babf-43a7beb94cbe@group-058AFFE76A0A: shutdown
2019-09-25 05:52:52,192 [ForkJoinPool.commonPool-worker-1] INFO  impl.RaftServerImpl (RaftServerImpl.java:lambda$shutdown$3(251)) - 064658ec-5496-488b-bd05-2b25fa23e071@group-D8096152A915: shutdown
2019-09-25 05:52:52,192 [Thread-1059] INFO  util.JmxRegister (JmxRegister.java:unregister(73)) - Successfully un-registered JMX Bean with object name Ratis:service=RaftServer,group=group-058AFFE76A0A,id=2ee30776-dbb8-4e40-babf-43a7beb94cbe
2019-09-25 05:52:52,192 [ForkJoinPool.commonPool-worker-1] INFO  util.JmxRegister (JmxRegister.java:unregister(73)) - Successfully un-registered JMX Bean with object name Ratis:service=RaftServer,group=group-D8096152A915,id=064658ec-5496-488b-bd05-2b25fa23e071
2019-09-25 05:52:52,193 [Thread-1059] INFO  impl.RoleInfo (RoleInfo.java:shutdownLeaderState(104)) - 2ee30776-dbb8-4e40-babf-43a7beb94cbe: shutdown LeaderState
2019-09-25 05:52:52,193 [ForkJoinPool.commonPool-worker-1] INFO  impl.RoleInfo (RoleInfo.java:shutdownLeaderState(104)) - 064658ec-5496-488b-bd05-2b25fa23e071: shutdown LeaderState
2019-09-25 05:52:52,193 [Thread-1059] INFO  impl.PendingRequests (PendingRequests.java:sendNotLeaderResponses(202)) - 2ee30776-dbb8-4e40-babf-43a7beb94cbe-PendingRequests: sendNotLeaderResponses
2019-09-25 05:52:52,193 [ForkJoinPool.commonPool-worker-1] INFO  impl.PendingRequests (PendingRequests.java:sendNotLeaderResponses(202)) - 064658ec-5496-488b-bd05-2b25fa23e071-PendingRequests: sendNotLeaderResponses
2019-09-25 05:52:52,194 [Thread-1059] INFO  impl.StateMachineUpdater (StateMachineUpdater.java:stopAndJoin(125)) - 2ee30776-dbb8-4e40-babf-43a7beb94cbe@group-058AFFE76A0A-StateMachineUpdater: set stopIndex = 0
2019-09-25 05:52:52,194 [ForkJoinPool.commonPool-worker-1] INFO  impl.StateMachineUpdater (StateMachineUpdater.java:stopAndJoin(125)) - 064658ec-5496-488b-bd05-2b25fa23e071@group-D8096152A915-StateMachineUpdater: set stopIndex = 0
2019-09-25 05:52:52,194 [Thread-1059] INFO  impl.RaftServerImpl (ServerState.java:close(385)) - 2ee30776-dbb8-4e40-babf-43a7beb94cbe@group-058AFFE76A0A: closes. applyIndex: 0
2019-09-25 05:52:52,195 [ForkJoinPool.commonPool-worker-1] INFO  impl.RaftServerImpl (ServerState.java:close(385)) - 064658ec-5496-488b-bd05-2b25fa23e071@group-D8096152A915: closes. applyIndex: 0
2019-09-25 05:52:52,195 [2ee30776-dbb8-4e40-babf-43a7beb94cbe@group-058AFFE76A0A-SegmentedRaftLogWorker] INFO  segmented.SegmentedRaftLogWorker (SegmentedRaftLogWorker.java:run(313)) - 2ee30776-dbb8-4e40-babf-43a7beb94cbe@group-058AFFE76A0A-SegmentedRaftLogWorker was interrupted, exiting. There are 0 tasks remaining in the queue.
2019-09-25 05:52:52,195 [064658ec-5496-488b-bd05-2b25fa23e071@group-D8096152A915-SegmentedRaftLogWorker] INFO  segmented.SegmentedRaftLogWorker (SegmentedRaftLogWorker.java:run(313)) - 064658ec-5496-488b-bd05-2b25fa23e071@group-D8096152A915-SegmentedRaftLogWorker was interrupted, exiting. There are 0 tasks remaining in the queue.
2019-09-25 05:52:52,195 [Thread-1059] INFO  segmented.SegmentedRaftLogWorker (SegmentedRaftLogWorker.java:close(228)) - 2ee30776-dbb8-4e40-babf-43a7beb94cbe@group-058AFFE76A0A-SegmentedRaftLogWorker close()
2019-09-25 05:52:52,195 [ForkJoinPool.commonPool-worker-1] INFO  segmented.SegmentedRaftLogWorker (SegmentedRaftLogWorker.java:close(228)) - 064658ec-5496-488b-bd05-2b25fa23e071@group-D8096152A915-SegmentedRaftLogWorker close()
2019-09-25 05:52:52,196 [Thread-1059] INFO  impl.RaftServerImpl (RaftServerImpl.java:lambda$shutdown$3(251)) - 2ee30776-dbb8-4e40-babf-43a7beb94cbe@group-EB311A118944: shutdown
2019-09-25 05:52:52,196 [ForkJoinPool.commonPool-worker-1] INFO  impl.RaftServerImpl (RaftServerImpl.java:lambda$shutdown$3(251)) - 064658ec-5496-488b-bd05-2b25fa23e071@group-33CAE0C96A00: shutdown
2019-09-25 05:52:52,196 [Thread-1059] INFO  util.JmxRegister (JmxRegister.java:unregister(73)) - Successfully un-registered JMX Bean with object name Ratis:service=RaftServer,group=group-EB311A118944,id=2ee30776-dbb8-4e40-babf-43a7beb94cbe
2019-09-25 05:52:52,197 [ForkJoinPool.commonPool-worker-1] INFO  util.JmxRegister (JmxRegister.java:unregister(73)) - Successfully un-registered JMX Bean with object name Ratis:service=RaftServer,group=group-33CAE0C96A00,id=064658ec-5496-488b-bd05-2b25fa23e071
2019-09-25 05:52:52,197 [Thread-1059] INFO  impl.RoleInfo (RoleInfo.java:shutdownLeaderState(104)) - 2ee30776-dbb8-4e40-babf-43a7beb94cbe: shutdown LeaderState
2019-09-25 05:52:52,197 [ForkJoinPool.commonPool-worker-1] INFO  impl.RoleInfo (RoleInfo.java:shutdownLeaderState(104)) - 064658ec-5496-488b-bd05-2b25fa23e071: shutdown LeaderState
2019-09-25 05:52:52,197 [Thread-1059] INFO  impl.PendingRequests (PendingRequests.java:sendNotLeaderResponses(202)) - 2ee30776-dbb8-4e40-babf-43a7beb94cbe-PendingRequests: sendNotLeaderResponses
2019-09-25 05:52:52,198 [ForkJoinPool.commonPool-worker-1] INFO  impl.PendingRequests (PendingRequests.java:sendNotLeaderResponses(202)) - 064658ec-5496-488b-bd05-2b25fa23e071-PendingRequests: sendNotLeaderResponses
2019-09-25 05:52:52,198 [Thread-1059] INFO  impl.StateMachineUpdater (StateMachineUpdater.java:stopAndJoin(125)) - 2ee30776-dbb8-4e40-babf-43a7beb94cbe@group-EB311A118944-StateMachineUpdater: set stopIndex = 0
2019-09-25 05:52:52,198 [Thread-1059] INFO  impl.RaftServerImpl (ServerState.java:close(385)) - 2ee30776-dbb8-4e40-babf-43a7beb94cbe@group-EB311A118944: closes. applyIndex: 0
2019-09-25 05:52:52,198 [ForkJoinPool.commonPool-worker-1] INFO  impl.StateMachineUpdater (StateMachineUpdater.java:stopAndJoin(125)) - 064658ec-5496-488b-bd05-2b25fa23e071@group-33CAE0C96A00-StateMachineUpdater: set stopIndex = 0
2019-09-25 05:52:52,199 [2ee30776-dbb8-4e40-babf-43a7beb94cbe@group-EB311A118944-SegmentedRaftLogWorker] INFO  segmented.SegmentedRaftLogWorker (SegmentedRaftLogWorker.java:run(313)) - 2ee30776-dbb8-4e40-babf-43a7beb94cbe@group-EB311A118944-SegmentedRaftLogWorker was interrupted, exiting. There are 0 tasks remaining in the queue.
2019-09-25 05:52:52,199 [ForkJoinPool.commonPool-worker-1] INFO  impl.RaftServerImpl (ServerState.java:close(385)) - 064658ec-5496-488b-bd05-2b25fa23e071@group-33CAE0C96A00: closes. applyIndex: 0
2019-09-25 05:52:52,199 [Thread-1059] INFO  segmented.SegmentedRaftLogWorker (SegmentedRaftLogWorker.java:close(228)) - 2ee30776-dbb8-4e40-babf-43a7beb94cbe@group-EB311A118944-SegmentedRaftLogWorker close()
2019-09-25 05:52:52,200 [064658ec-5496-488b-bd05-2b25fa23e071@group-33CAE0C96A00-SegmentedRaftLogWorker] INFO  segmented.SegmentedRaftLogWorker (SegmentedRaftLogWorker.java:run(313)) - 064658ec-5496-488b-bd05-2b25fa23e071@group-33CAE0C96A00-SegmentedRaftLogWorker was interrupted, exiting. There are 0 tasks remaining in the queue.
2019-09-25 05:52:52,200 [Thread-1059] INFO  impl.RaftServerImpl (RaftServerImpl.java:lambda$shutdown$3(251)) - 2ee30776-dbb8-4e40-babf-43a7beb94cbe@group-447CB93BEC8A: shutdown
2019-09-25 05:52:52,200 [ForkJoinPool.commonPool-worker-1] INFO  segmented.SegmentedRaftLogWorker (SegmentedRaftLogWorker.java:close(228)) - 064658ec-5496-488b-bd05-2b25fa23e071@group-33CAE0C96A00-SegmentedRaftLogWorker close()
2019-09-25 05:52:52,200 [Thread-1059] INFO  util.JmxRegister (JmxRegister.java:unregister(73)) - Successfully un-registered JMX Bean with object name Ratis:service=RaftServer,group=group-447CB93BEC8A,id=2ee30776-dbb8-4e40-babf-43a7beb94cbe
2019-09-25 05:52:52,201 [ForkJoinPool.commonPool-worker-1] INFO  impl.RaftServerImpl (RaftServerImpl.java:lambda$shutdown$3(251)) - 064658ec-5496-488b-bd05-2b25fa23e071@group-3FE2B7D6EB85: shutdown
2019-09-25 05:52:52,201 [Thread-1059] INFO  impl.RoleInfo (RoleInfo.java:shutdownLeaderState(104)) - 2ee30776-dbb8-4e40-babf-43a7beb94cbe: shutdown LeaderState
2019-09-25 05:52:52,201 [ForkJoinPool.commonPool-worker-1] INFO  util.JmxRegister (JmxRegister.java:unregister(73)) - Successfully un-registered JMX Bean with object name Ratis:service=RaftServer,group=group-3FE2B7D6EB85,id=064658ec-5496-488b-bd05-2b25fa23e071
2019-09-25 05:52:52,201 [Thread-1059] INFO  impl.PendingRequests (PendingRequests.java:sendNotLeaderResponses(202)) - 2ee30776-dbb8-4e40-babf-43a7beb94cbe-PendingRequests: sendNotLeaderResponses
2019-09-25 05:52:52,202 [ForkJoinPool.commonPool-worker-1] INFO  impl.RoleInfo (RoleInfo.java:shutdownLeaderState(104)) - 064658ec-5496-488b-bd05-2b25fa23e071: shutdown LeaderState
2019-09-25 05:52:52,202 [Thread-1059] INFO  impl.StateMachineUpdater (StateMachineUpdater.java:stopAndJoin(125)) - 2ee30776-dbb8-4e40-babf-43a7beb94cbe@group-447CB93BEC8A-StateMachineUpdater: set stopIndex = 0
2019-09-25 05:52:52,202 [Thread-1059] INFO  impl.RaftServerImpl (ServerState.java:close(385)) - 2ee30776-dbb8-4e40-babf-43a7beb94cbe@group-447CB93BEC8A: closes. applyIndex: 0
2019-09-25 05:52:52,202 [ForkJoinPool.commonPool-worker-1] INFO  impl.PendingRequests (PendingRequests.java:sendNotLeaderResponses(202)) - 064658ec-5496-488b-bd05-2b25fa23e071-PendingRequests: sendNotLeaderResponses
2019-09-25 05:52:52,203 [2ee30776-dbb8-4e40-babf-43a7beb94cbe@group-447CB93BEC8A-SegmentedRaftLogWorker] INFO  segmented.SegmentedRaftLogWorker (SegmentedRaftLogWorker.java:run(313)) - 2ee30776-dbb8-4e40-babf-43a7beb94cbe@group-447CB93BEC8A-SegmentedRaftLogWorker was interrupted, exiting. There are 0 tasks remaining in the queue.
2019-09-25 05:52:52,203 [ForkJoinPool.commonPool-worker-1] INFO  impl.StateMachineUpdater (StateMachineUpdater.java:stopAndJoin(125)) - 064658ec-5496-488b-bd05-2b25fa23e071@group-3FE2B7D6EB85-StateMachineUpdater: set stopIndex = 0
2019-09-25 05:52:52,203 [Thread-1059] INFO  segmented.SegmentedRaftLogWorker (SegmentedRaftLogWorker.java:close(228)) - 2ee30776-dbb8-4e40-babf-43a7beb94cbe@group-447CB93BEC8A-SegmentedRaftLogWorker close()
2019-09-25 05:52:52,204 [ForkJoinPool.commonPool-worker-1] INFO  impl.RaftServerImpl (ServerState.java:close(385)) - 064658ec-5496-488b-bd05-2b25fa23e071@group-3FE2B7D6EB85: closes. applyIndex: 0
2019-09-25 05:52:52,204 [Thread-1059] INFO  impl.RaftServerImpl (RaftServerImpl.java:lambda$shutdown$3(251)) - 2ee30776-dbb8-4e40-babf-43a7beb94cbe@group-0B29F37AD616: shutdown
2019-09-25 05:52:52,204 [064658ec-5496-488b-bd05-2b25fa23e071@group-3FE2B7D6EB85-SegmentedRaftLogWorker] INFO  segmented.SegmentedRaftLogWorker (SegmentedRaftLogWorker.java:run(313)) - 064658ec-5496-488b-bd05-2b25fa23e071@group-3FE2B7D6EB85-SegmentedRaftLogWorker was interrupted, exiting. There are 0 tasks remaining in the queue.
2019-09-25 05:52:52,204 [Thread-1059] INFO  util.JmxRegister (JmxRegister.java:unregister(73)) - Successfully un-registered JMX Bean with object name Ratis:service=RaftServer,group=group-0B29F37AD616,id=2ee30776-dbb8-4e40-babf-43a7beb94cbe
2019-09-25 05:52:52,204 [ForkJoinPool.commonPool-worker-1] INFO  segmented.SegmentedRaftLogWorker (SegmentedRaftLogWorker.java:close(228)) - 064658ec-5496-488b-bd05-2b25fa23e071@group-3FE2B7D6EB85-SegmentedRaftLogWorker close()
2019-09-25 05:52:52,205 [Thread-1059] INFO  impl.RoleInfo (RoleInfo.java:shutdownLeaderState(104)) - 2ee30776-dbb8-4e40-babf-43a7beb94cbe: shutdown LeaderState
2019-09-25 05:52:52,205 [ForkJoinPool.commonPool-worker-1] INFO  impl.RaftServerImpl (RaftServerImpl.java:lambda$shutdown$3(251)) - 064658ec-5496-488b-bd05-2b25fa23e071@group-147D7056ECDC: shutdown
2019-09-25 05:52:52,205 [Thread-1059] INFO  impl.PendingRequests (PendingRequests.java:sendNotLeaderResponses(202)) - 2ee30776-dbb8-4e40-babf-43a7beb94cbe-PendingRequests: sendNotLeaderResponses
2019-09-25 05:52:52,205 [ForkJoinPool.commonPool-worker-1] INFO  util.JmxRegister (JmxRegister.java:unregister(73)) - Successfully un-registered JMX Bean with object name Ratis:service=RaftServer,group=group-147D7056ECDC,id=064658ec-5496-488b-bd05-2b25fa23e071
2019-09-25 05:52:52,206 [Thread-1059] INFO  impl.StateMachineUpdater (StateMachineUpdater.java:stopAndJoin(125)) - 2ee30776-dbb8-4e40-babf-43a7beb94cbe@group-0B29F37AD616-StateMachineUpdater: set stopIndex = 0
2019-09-25 05:52:52,206 [ForkJoinPool.commonPool-worker-1] INFO  impl.RoleInfo (RoleInfo.java:shutdownLeaderState(104)) - 064658ec-5496-488b-bd05-2b25fa23e071: shutdown LeaderState
2019-09-25 05:52:52,206 [Thread-1059] INFO  impl.RaftServerImpl (ServerState.java:close(385)) - 2ee30776-dbb8-4e40-babf-43a7beb94cbe@group-0B29F37AD616: closes. applyIndex: 0
2019-09-25 05:52:52,206 [ForkJoinPool.commonPool-worker-1] INFO  impl.PendingRequests (PendingRequests.java:sendNotLeaderResponses(202)) - 064658ec-5496-488b-bd05-2b25fa23e071-PendingRequests: sendNotLeaderResponses
2019-09-25 05:52:52,207 [2ee30776-dbb8-4e40-babf-43a7beb94cbe@group-0B29F37AD616-SegmentedRaftLogWorker] INFO  segmented.SegmentedRaftLogWorker (SegmentedRaftLogWorker.java:run(313)) - 2ee30776-dbb8-4e40-babf-43a7beb94cbe@group-0B29F37AD616-SegmentedRaftLogWorker was interrupted, exiting. There are 0 tasks remaining in the queue.
2019-09-25 05:52:52,207 [ForkJoinPool.commonPool-worker-1] INFO  impl.StateMachineUpdater (StateMachineUpdater.java:stopAndJoin(125)) - 064658ec-5496-488b-bd05-2b25fa23e071@group-147D7056ECDC-StateMachineUpdater: set stopIndex = 0
2019-09-25 05:52:52,207 [ForkJoinPool.commonPool-worker-1] INFO  impl.RaftServerImpl (ServerState.java:close(385)) - 064658ec-5496-488b-bd05-2b25fa23e071@group-147D7056ECDC: closes. applyIndex: 0
2019-09-25 05:52:52,207 [Thread-1059] INFO  segmented.SegmentedRaftLogWorker (SegmentedRaftLogWorker.java:close(228)) - 2ee30776-dbb8-4e40-babf-43a7beb94cbe@group-0B29F37AD616-SegmentedRaftLogWorker close()
2019-09-25 05:52:52,207 [064658ec-5496-488b-bd05-2b25fa23e071@group-147D7056ECDC-SegmentedRaftLogWorker] INFO  segmented.SegmentedRaftLogWorker (SegmentedRaftLogWorker.java:run(313)) - 064658ec-5496-488b-bd05-2b25fa23e071@group-147D7056ECDC-SegmentedRaftLogWorker was interrupted, exiting. There are 0 tasks remaining in the queue.
2019-09-25 05:52:52,208 [Thread-1059] INFO  server.GrpcService (GrpcService.java:closeImpl(164)) - 2ee30776-dbb8-4e40-babf-43a7beb94cbe: shutdown server with port 40350 now
2019-09-25 05:52:52,208 [ForkJoinPool.commonPool-worker-1] INFO  segmented.SegmentedRaftLogWorker (SegmentedRaftLogWorker.java:close(228)) - 064658ec-5496-488b-bd05-2b25fa23e071@group-147D7056ECDC-SegmentedRaftLogWorker close()
2019-09-25 05:52:52,208 [ForkJoinPool.commonPool-worker-1] INFO  server.GrpcService (GrpcService.java:closeImpl(164)) - 064658ec-5496-488b-bd05-2b25fa23e071: shutdown server with port 34189 now
2019-09-25 05:52:52,210 [Thread-1059] INFO  server.GrpcService (GrpcService.java:closeImpl(172)) - 2ee30776-dbb8-4e40-babf-43a7beb94cbe: shutdown server with port 40350 successfully
2019-09-25 05:52:52,212 [ForkJoinPool.commonPool-worker-1] INFO  server.GrpcService (GrpcService.java:closeImpl(172)) - 064658ec-5496-488b-bd05-2b25fa23e071: shutdown server with port 34189 successfully
2019-09-25 05:52:52,214 [refreshUsed-/workdir/hadoop-ozone/ozonefs/target/test-dir/MiniOzoneClusterImpl-adbbc45e-2f66-4e28-a2c7-3dfa588ff680/datanode-1/data/containers] WARN  fs.CachingGetSpaceUsed (CachingGetSpaceUsed.java:run(183)) - Thread Interrupted waiting to refresh disk information: sleep interrupted
2019-09-25 05:52:52,216 [refreshUsed-/workdir/hadoop-ozone/ozonefs/target/test-dir/MiniOzoneClusterImpl-adbbc45e-2f66-4e28-a2c7-3dfa588ff680/datanode-0/data/containers] WARN  fs.CachingGetSpaceUsed (CachingGetSpaceUsed.java:run(183)) - Thread Interrupted waiting to refresh disk information: sleep interrupted
2019-09-25 05:52:52,244 [ForkJoinPool.commonPool-worker-1] INFO  utils.BackgroundService (BackgroundService.java:shutdown(148)) - Shutting down service BlockDeletingService
2019-09-25 05:52:52,248 [ForkJoinPool.commonPool-worker-1] INFO  statemachine.DatanodeStateMachine (DatanodeStateMachine.java:stopDaemon(395)) - Ozone container server stopped.
2019-09-25 05:52:52,253 [ForkJoinPool.commonPool-worker-1] INFO  handler.ContextHandler (ContextHandler.java:doStop(910)) - Stopped o.e.j.w.WebAppContext@7bc09e67{/,null,UNAVAILABLE}{/hddsDatanode}
2019-09-25 05:52:52,253 [ForkJoinPool.commonPool-worker-1] INFO  server.AbstractConnector (AbstractConnector.java:doStop(318)) - Stopped ServerConnector@5c22b08c{HTTP/1.1,[http/1.1]}{0.0.0.0:0}
2019-09-25 05:52:52,255 [ForkJoinPool.commonPool-worker-1] INFO  handler.ContextHandler (ContextHandler.java:doStop(910)) - Stopped o.e.j.s.ServletContextHandler@c47351d{/static,jar:file:/home/user/.m2/repository/org/apache/hadoop/hadoop-hdds-container-service/0.5.0-SNAPSHOT/hadoop-hdds-container-service-0.5.0-SNAPSHOT.jar!/webapps/static,UNAVAILABLE}
2019-09-25 05:52:52,257 [ForkJoinPool.commonPool-worker-1] INFO  handler.ContextHandler (ContextHandler.java:doStop(910)) - Stopped o.e.j.s.ServletContextHandler@707c0d5e{/logs,file:///workdir/hadoop-ozone/ozonefs/target/log,UNAVAILABLE}
2019-09-25 05:52:52,257 [Thread-1059] INFO  utils.BackgroundService (BackgroundService.java:shutdown(148)) - Shutting down service BlockDeletingService
2019-09-25 05:52:52,260 [Thread-1059] INFO  statemachine.DatanodeStateMachine (DatanodeStateMachine.java:stopDaemon(395)) - Ozone container server stopped.
2019-09-25 05:52:52,261 [Thread-1059] INFO  handler.ContextHandler (ContextHandler.java:doStop(910)) - Stopped o.e.j.w.WebAppContext@7f6543ca{/,null,UNAVAILABLE}{/hddsDatanode}
2019-09-25 05:52:52,262 [Thread-1059] INFO  server.AbstractConnector (AbstractConnector.java:doStop(318)) - Stopped ServerConnector@38730d3d{HTTP/1.1,[http/1.1]}{0.0.0.0:0}
2019-09-25 05:52:52,262 [Thread-1059] INFO  handler.ContextHandler (ContextHandler.java:doStop(910)) - Stopped o.e.j.s.ServletContextHandler@624f2aeb{/static,jar:file:/home/user/.m2/repository/org/apache/hadoop/hadoop-hdds-container-service/0.5.0-SNAPSHOT/hadoop-hdds-container-service-0.5.0-SNAPSHOT.jar!/webapps/static,UNAVAILABLE}
2019-09-25 05:52:52,262 [Thread-1059] INFO  handler.ContextHandler (ContextHandler.java:doStop(910)) - Stopped o.e.j.s.ServletContextHandler@78c16008{/logs,file:///workdir/hadoop-ozone/ozonefs/target/log,UNAVAILABLE}
2019-09-25 05:52:52,965 [Datanode State Machine Thread - 0] INFO  statemachine.DatanodeStateMachine (DatanodeStateMachine.java:lambda$startDaemon$0(350)) - Ozone container server started.
2019-09-25 05:52:57,258 [ForkJoinPool.commonPool-worker-1] INFO  ozoneimpl.OzoneContainer (OzoneContainer.java:stop(231)) - Attempting to stop container services.
2019-09-25 05:52:57,259 [ForkJoinPool.commonPool-worker-1] INFO  impl.RaftServerProxy (RaftServerProxy.java:lambda$close$4(314)) - cc85cb8b-3f87-4429-b0d4-29375c8e10ab: close
2019-09-25 05:52:57,259 [ForkJoinPool.commonPool-worker-1] INFO  impl.RaftServerImpl (RaftServerImpl.java:lambda$shutdown$3(251)) - cc85cb8b-3f87-4429-b0d4-29375c8e10ab@group-CE43B41D4155: shutdown
2019-09-25 05:52:57,259 [ForkJoinPool.commonPool-worker-1] INFO  util.JmxRegister (JmxRegister.java:unregister(73)) - Successfully un-registered JMX Bean with object name Ratis:service=RaftServer,group=group-CE43B41D4155,id=cc85cb8b-3f87-4429-b0d4-29375c8e10ab
2019-09-25 05:52:57,260 [ForkJoinPool.commonPool-worker-1] INFO  impl.RoleInfo (RoleInfo.java:shutdownLeaderState(104)) - cc85cb8b-3f87-4429-b0d4-29375c8e10ab: shutdown LeaderState
2019-09-25 05:52:57,260 [ForkJoinPool.commonPool-worker-1] INFO  impl.PendingRequests (PendingRequests.java:sendNotLeaderResponses(202)) - cc85cb8b-3f87-4429-b0d4-29375c8e10ab-PendingRequests: sendNotLeaderResponses
2019-09-25 05:52:57,260 [ForkJoinPool.commonPool-worker-1] INFO  impl.StateMachineUpdater (StateMachineUpdater.java:stopAndJoin(125)) - cc85cb8b-3f87-4429-b0d4-29375c8e10ab@group-CE43B41D4155-StateMachineUpdater: set stopIndex = 0
2019-09-25 05:52:57,261 [ForkJoinPool.commonPool-worker-1] INFO  impl.RaftServerImpl (ServerState.java:close(385)) - cc85cb8b-3f87-4429-b0d4-29375c8e10ab@group-CE43B41D4155: closes. applyIndex: 0
2019-09-25 05:52:57,261 [cc85cb8b-3f87-4429-b0d4-29375c8e10ab@group-CE43B41D4155-SegmentedRaftLogWorker] INFO  segmented.SegmentedRaftLogWorker (SegmentedRaftLogWorker.java:run(313)) - cc85cb8b-3f87-4429-b0d4-29375c8e10ab@group-CE43B41D4155-SegmentedRaftLogWorker was interrupted, exiting. There are 0 tasks remaining in the queue.
2019-09-25 05:52:57,272 [ForkJoinPool.commonPool-worker-1] INFO  segmented.SegmentedRaftLogWorker (SegmentedRaftLogWorker.java:close(228)) - cc85cb8b-3f87-4429-b0d4-29375c8e10ab@group-CE43B41D4155-SegmentedRaftLogWorker close()
2019-09-25 05:52:57,272 [ForkJoinPool.commonPool-worker-1] INFO  impl.RaftServerImpl (RaftServerImpl.java:lambda$shutdown$3(251)) - cc85cb8b-3f87-4429-b0d4-29375c8e10ab@group-149F71A9D9C9: shutdown
2019-09-25 05:52:57,272 [ForkJoinPool.commonPool-worker-1] INFO  util.JmxRegister (JmxRegister.java:unregister(73)) - Successfully un-registered JMX Bean with object name Ratis:service=RaftServer,group=group-149F71A9D9C9,id=cc85cb8b-3f87-4429-b0d4-29375c8e10ab
2019-09-25 05:52:57,273 [ForkJoinPool.commonPool-worker-1] INFO  impl.RoleInfo (RoleInfo.java:shutdownLeaderState(104)) - cc85cb8b-3f87-4429-b0d4-29375c8e10ab: shutdown LeaderState
2019-09-25 05:52:57,273 [ForkJoinPool.commonPool-worker-1] INFO  impl.PendingRequests (PendingRequests.java:sendNotLeaderResponses(202)) - cc85cb8b-3f87-4429-b0d4-29375c8e10ab-PendingRequests: sendNotLeaderResponses
2019-09-25 05:52:57,273 [ForkJoinPool.commonPool-worker-1] INFO  impl.StateMachineUpdater (StateMachineUpdater.java:stopAndJoin(125)) - cc85cb8b-3f87-4429-b0d4-29375c8e10ab@group-149F71A9D9C9-StateMachineUpdater: set stopIndex = 0
2019-09-25 05:52:57,274 [ForkJoinPool.commonPool-worker-1] INFO  impl.RaftServerImpl (ServerState.java:close(385)) - cc85cb8b-3f87-4429-b0d4-29375c8e10ab@group-149F71A9D9C9: closes. applyIndex: 0
2019-09-25 05:52:57,274 [cc85cb8b-3f87-4429-b0d4-29375c8e10ab@group-149F71A9D9C9-SegmentedRaftLogWorker] INFO  segmented.SegmentedRaftLogWorker (SegmentedRaftLogWorker.java:run(313)) - cc85cb8b-3f87-4429-b0d4-29375c8e10ab@group-149F71A9D9C9-SegmentedRaftLogWorker was interrupted, exiting. There are 0 tasks remaining in the queue.
2019-09-25 05:52:57,275 [ForkJoinPool.commonPool-worker-1] INFO  segmented.SegmentedRaftLogWorker (SegmentedRaftLogWorker.java:close(228)) - cc85cb8b-3f87-4429-b0d4-29375c8e10ab@group-149F71A9D9C9-SegmentedRaftLogWorker close()
2019-09-25 05:52:57,275 [ForkJoinPool.commonPool-worker-1] INFO  impl.RaftServerImpl (RaftServerImpl.java:lambda$shutdown$3(251)) - cc85cb8b-3f87-4429-b0d4-29375c8e10ab@group-5058BCC69F26: shutdown
2019-09-25 05:52:57,275 [ForkJoinPool.commonPool-worker-1] INFO  util.JmxRegister (JmxRegister.java:unregister(73)) - Successfully un-registered JMX Bean with object name Ratis:service=RaftServer,group=group-5058BCC69F26,id=cc85cb8b-3f87-4429-b0d4-29375c8e10ab
2019-09-25 05:52:57,276 [ForkJoinPool.commonPool-worker-1] INFO  impl.RoleInfo (RoleInfo.java:shutdownLeaderState(104)) - cc85cb8b-3f87-4429-b0d4-29375c8e10ab: shutdown LeaderState
2019-09-25 05:52:57,276 [ForkJoinPool.commonPool-worker-1] INFO  impl.PendingRequests (PendingRequests.java:sendNotLeaderResponses(202)) - cc85cb8b-3f87-4429-b0d4-29375c8e10ab-PendingRequests: sendNotLeaderResponses
2019-09-25 05:52:57,276 [ForkJoinPool.commonPool-worker-1] INFO  impl.StateMachineUpdater (StateMachineUpdater.java:stopAndJoin(125)) - cc85cb8b-3f87-4429-b0d4-29375c8e10ab@group-5058BCC69F26-StateMachineUpdater: set stopIndex = 0
2019-09-25 05:52:57,277 [ForkJoinPool.commonPool-worker-1] INFO  impl.RaftServerImpl (ServerState.java:close(385)) - cc85cb8b-3f87-4429-b0d4-29375c8e10ab@group-5058BCC69F26: closes. applyIndex: 0
2019-09-25 05:52:57,277 [cc85cb8b-3f87-4429-b0d4-29375c8e10ab@group-5058BCC69F26-SegmentedRaftLogWorker] INFO  segmented.SegmentedRaftLogWorker (SegmentedRaftLogWorker.java:run(313)) - cc85cb8b-3f87-4429-b0d4-29375c8e10ab@group-5058BCC69F26-SegmentedRaftLogWorker was interrupted, exiting. There are 0 tasks remaining in the queue.
2019-09-25 05:52:57,277 [ForkJoinPool.commonPool-worker-1] INFO  segmented.SegmentedRaftLogWorker (SegmentedRaftLogWorker.java:close(228)) - cc85cb8b-3f87-4429-b0d4-29375c8e10ab@group-5058BCC69F26-SegmentedRaftLogWorker close()
2019-09-25 05:52:57,278 [ForkJoinPool.commonPool-worker-1] INFO  impl.RaftServerImpl (RaftServerImpl.java:lambda$shutdown$3(251)) - cc85cb8b-3f87-4429-b0d4-29375c8e10ab@group-5029A3A5948D: shutdown
2019-09-25 05:52:57,278 [ForkJoinPool.commonPool-worker-1] INFO  util.JmxRegister (JmxRegister.java:unregister(73)) - Successfully un-registered JMX Bean with object name Ratis:service=RaftServer,group=group-5029A3A5948D,id=cc85cb8b-3f87-4429-b0d4-29375c8e10ab
2019-09-25 05:52:57,278 [ForkJoinPool.commonPool-worker-1] INFO  impl.RoleInfo (RoleInfo.java:shutdownLeaderState(104)) - cc85cb8b-3f87-4429-b0d4-29375c8e10ab: shutdown LeaderState
2019-09-25 05:52:57,279 [ForkJoinPool.commonPool-worker-1] INFO  impl.PendingRequests (PendingRequests.java:sendNotLeaderResponses(202)) - cc85cb8b-3f87-4429-b0d4-29375c8e10ab-PendingRequests: sendNotLeaderResponses
2019-09-25 05:52:57,279 [ForkJoinPool.commonPool-worker-1] INFO  impl.StateMachineUpdater (StateMachineUpdater.java:stopAndJoin(125)) - cc85cb8b-3f87-4429-b0d4-29375c8e10ab@group-5029A3A5948D-StateMachineUpdater: set stopIndex = 0
2019-09-25 05:52:57,279 [ForkJoinPool.commonPool-worker-1] INFO  impl.RaftServerImpl (ServerState.java:close(385)) - cc85cb8b-3f87-4429-b0d4-29375c8e10ab@group-5029A3A5948D: closes. applyIndex: 0
2019-09-25 05:52:57,280 [cc85cb8b-3f87-4429-b0d4-29375c8e10ab@group-5029A3A5948D-SegmentedRaftLogWorker] INFO  segmented.SegmentedRaftLogWorker (SegmentedRaftLogWorker.java:run(313)) - cc85cb8b-3f87-4429-b0d4-29375c8e10ab@group-5029A3A5948D-SegmentedRaftLogWorker was interrupted, exiting. There are 0 tasks remaining in the queue.
2019-09-25 05:52:57,280 [ForkJoinPool.commonPool-worker-1] INFO  segmented.SegmentedRaftLogWorker (SegmentedRaftLogWorker.java:close(228)) - cc85cb8b-3f87-4429-b0d4-29375c8e10ab@group-5029A3A5948D-SegmentedRaftLogWorker close()
2019-09-25 05:52:57,280 [ForkJoinPool.commonPool-worker-1] INFO  impl.RaftServerImpl (RaftServerImpl.java:lambda$shutdown$3(251)) - cc85cb8b-3f87-4429-b0d4-29375c8e10ab@group-7990BA35AAE7: shutdown
2019-09-25 05:52:57,281 [ForkJoinPool.commonPool-worker-1] INFO  util.JmxRegister (JmxRegister.java:unregister(73)) - Successfully un-registered JMX Bean with object name Ratis:service=RaftServer,group=group-7990BA35AAE7,id=cc85cb8b-3f87-4429-b0d4-29375c8e10ab
2019-09-25 05:52:57,281 [ForkJoinPool.commonPool-worker-1] INFO  impl.RoleInfo (RoleInfo.java:shutdownLeaderState(104)) - cc85cb8b-3f87-4429-b0d4-29375c8e10ab: shutdown LeaderState
2019-09-25 05:52:57,281 [ForkJoinPool.commonPool-worker-1] INFO  impl.PendingRequests (PendingRequests.java:sendNotLeaderResponses(202)) - cc85cb8b-3f87-4429-b0d4-29375c8e10ab-PendingRequests: sendNotLeaderResponses
2019-09-25 05:52:57,282 [ForkJoinPool.commonPool-worker-1] INFO  impl.StateMachineUpdater (StateMachineUpdater.java:stopAndJoin(125)) - cc85cb8b-3f87-4429-b0d4-29375c8e10ab@group-7990BA35AAE7-StateMachineUpdater: set stopIndex = 0
2019-09-25 05:52:57,282 [ForkJoinPool.commonPool-worker-1] INFO  impl.RaftServerImpl (ServerState.java:close(385)) - cc85cb8b-3f87-4429-b0d4-29375c8e10ab@group-7990BA35AAE7: closes. applyIndex: 0
2019-09-25 05:52:57,282 [cc85cb8b-3f87-4429-b0d4-29375c8e10ab@group-7990BA35AAE7-SegmentedRaftLogWorker] INFO  segmented.SegmentedRaftLogWorker (SegmentedRaftLogWorker.java:run(313)) - cc85cb8b-3f87-4429-b0d4-29375c8e10ab@group-7990BA35AAE7-SegmentedRaftLogWorker was interrupted, exiting. There are 0 tasks remaining in the queue.
2019-09-25 05:52:57,283 [ForkJoinPool.commonPool-worker-1] INFO  segmented.SegmentedRaftLogWorker (SegmentedRaftLogWorker.java:close(228)) - cc85cb8b-3f87-4429-b0d4-29375c8e10ab@group-7990BA35AAE7-SegmentedRaftLogWorker close()
2019-09-25 05:52:57,283 [ForkJoinPool.commonPool-worker-1] INFO  impl.RaftServerImpl (RaftServerImpl.java:lambda$shutdown$3(251)) - cc85cb8b-3f87-4429-b0d4-29375c8e10ab@group-267517062A9E: shutdown
2019-09-25 05:52:57,283 [ForkJoinPool.commonPool-worker-1] INFO  util.JmxRegister (JmxRegister.java:unregister(73)) - Successfully un-registered JMX Bean with object name Ratis:service=RaftServer,group=group-267517062A9E,id=cc85cb8b-3f87-4429-b0d4-29375c8e10ab
2019-09-25 05:52:57,284 [ForkJoinPool.commonPool-worker-1] INFO  impl.RoleInfo (RoleInfo.java:shutdownLeaderState(104)) - cc85cb8b-3f87-4429-b0d4-29375c8e10ab: shutdown LeaderState
2019-09-25 05:52:57,284 [ForkJoinPool.commonPool-worker-1] INFO  impl.PendingRequests (PendingRequests.java:sendNotLeaderResponses(202)) - cc85cb8b-3f87-4429-b0d4-29375c8e10ab-PendingRequests: sendNotLeaderResponses
2019-09-25 05:52:57,284 [ForkJoinPool.commonPool-worker-1] INFO  impl.StateMachineUpdater (StateMachineUpdater.java:stopAndJoin(125)) - cc85cb8b-3f87-4429-b0d4-29375c8e10ab@group-267517062A9E-StateMachineUpdater: set stopIndex = 0
2019-09-25 05:52:57,285 [ForkJoinPool.commonPool-worker-1] INFO  impl.RaftServerImpl (ServerState.java:close(385)) - cc85cb8b-3f87-4429-b0d4-29375c8e10ab@group-267517062A9E: closes. applyIndex: 0
2019-09-25 05:52:57,285 [cc85cb8b-3f87-4429-b0d4-29375c8e10ab@group-267517062A9E-SegmentedRaftLogWorker] INFO  segmented.SegmentedRaftLogWorker (SegmentedRaftLogWorker.java:run(313)) - cc85cb8b-3f87-4429-b0d4-29375c8e10ab@group-267517062A9E-SegmentedRaftLogWorker was interrupted, exiting. There are 0 tasks remaining in the queue.
2019-09-25 05:52:57,285 [ForkJoinPool.commonPool-worker-1] INFO  segmented.SegmentedRaftLogWorker (SegmentedRaftLogWorker.java:close(228)) - cc85cb8b-3f87-4429-b0d4-29375c8e10ab@group-267517062A9E-SegmentedRaftLogWorker close()
2019-09-25 05:52:57,286 [ForkJoinPool.commonPool-worker-1] INFO  server.GrpcService (GrpcService.java:closeImpl(164)) - cc85cb8b-3f87-4429-b0d4-29375c8e10ab: shutdown server with port 33902 now
2019-09-25 05:52:57,288 [ForkJoinPool.commonPool-worker-1] INFO  server.GrpcService (GrpcService.java:closeImpl(172)) - cc85cb8b-3f87-4429-b0d4-29375c8e10ab: shutdown server with port 33902 successfully
2019-09-25 05:52:57,291 [refreshUsed-/workdir/hadoop-ozone/ozonefs/target/test-dir/MiniOzoneClusterImpl-adbbc45e-2f66-4e28-a2c7-3dfa588ff680/datanode-2/data/containers] WARN  fs.CachingGetSpaceUsed (CachingGetSpaceUsed.java:run(183)) - Thread Interrupted waiting to refresh disk information: sleep interrupted
2019-09-25 05:52:57,320 [ForkJoinPool.commonPool-worker-1] INFO  utils.BackgroundService (BackgroundService.java:shutdown(148)) - Shutting down service BlockDeletingService
2019-09-25 05:52:57,324 [ForkJoinPool.commonPool-worker-1] INFO  statemachine.DatanodeStateMachine (DatanodeStateMachine.java:stopDaemon(395)) - Ozone container server stopped.
2019-09-25 05:52:57,328 [ForkJoinPool.commonPool-worker-1] INFO  handler.ContextHandler (ContextHandler.java:doStop(910)) - Stopped o.e.j.w.WebAppContext@7432c06e{/,null,UNAVAILABLE}{/hddsDatanode}
2019-09-25 05:52:57,329 [ForkJoinPool.commonPool-worker-1] INFO  server.AbstractConnector (AbstractConnector.java:doStop(318)) - Stopped ServerConnector@36bc9b1{HTTP/1.1,[http/1.1]}{0.0.0.0:0}
2019-09-25 05:52:57,330 [ForkJoinPool.commonPool-worker-1] INFO  handler.ContextHandler (ContextHandler.java:doStop(910)) - Stopped o.e.j.s.ServletContextHandler@34526e4a{/static,jar:file:/home/user/.m2/repository/org/apache/hadoop/hadoop-hdds-container-service/0.5.0-SNAPSHOT/hadoop-hdds-container-service-0.5.0-SNAPSHOT.jar!/webapps/static,UNAVAILABLE}
2019-09-25 05:52:57,331 [ForkJoinPool.commonPool-worker-1] INFO  handler.ContextHandler (ContextHandler.java:doStop(910)) - Stopped o.e.j.s.ServletContextHandler@c2a8898{/logs,file:///workdir/hadoop-ozone/ozonefs/target/log,UNAVAILABLE}
2019-09-25 05:52:57,332 [Thread-1059] INFO  ozone.MiniOzoneClusterImpl (MiniOzoneClusterImpl.java:stopSCM(392)) - Stopping the StorageContainerManager
2019-09-25 05:52:57,332 [Thread-1059] INFO  server.StorageContainerManager (StorageContainerManager.java:stop(808)) - Stopping Replication Manager Service.
2019-09-25 05:52:57,333 [Thread-1059] INFO  container.ReplicationManager (ReplicationManager.java:stop(204)) - Stopping Replication Monitor Thread.
2019-09-25 05:52:57,333 [Thread-1059] INFO  server.StorageContainerManager (StorageContainerManager.java:stop(815)) - Stopping Lease Manager of the command watchers
2019-09-25 05:52:57,333 [Thread-1059] INFO  server.StorageContainerManager (StorageContainerManager.java:stop(822)) - Stopping datanode service RPC server
2019-09-25 05:52:57,333 [Thread-1059] INFO  server.SCMDatanodeProtocolServer (SCMDatanodeProtocolServer.java:stop(367)) - Stopping the RPC server for DataNodes
2019-09-25 05:52:57,333 [Thread-1059] INFO  ipc.Server (Server.java:stop(3082)) - Stopping server on 41091
2019-09-25 05:52:57,338 [IPC Server listener on 41091] INFO  ipc.Server (Server.java:run(1185)) - Stopping IPC Server listener on 41091
2019-09-25 05:52:57,339 [IPC Server Responder] INFO  ipc.Server (Server.java:run(1319)) - Stopping IPC Server Responder
2019-09-25 05:52:57,395 [SCM Heartbeat Processing Thread - 0] WARN  node.NodeStateManager (NodeStateManager.java:scheduleNextHealthCheck(655)) - Current Thread is interrupted, shutting down HB processing thread for Node Manager.
2019-09-25 05:52:57,395 [Thread-1059] INFO  server.StorageContainerManager (StorageContainerManager.java:stop(830)) - Stopping block service RPC server
2019-09-25 05:52:57,395 [Thread-1059] INFO  server.SCMBlockProtocolServer (SCMBlockProtocolServer.java:stop(155)) - Stopping the RPC server for Block Protocol
2019-09-25 05:52:57,395 [Thread-1059] INFO  ipc.Server (Server.java:stop(3082)) - Stopping server on 36898
2019-09-25 05:52:57,398 [IPC Server listener on 36898] INFO  ipc.Server (Server.java:run(1185)) - Stopping IPC Server listener on 36898
2019-09-25 05:52:57,398 [IPC Server Responder] INFO  ipc.Server (Server.java:run(1319)) - Stopping IPC Server Responder
2019-09-25 05:52:57,398 [Thread-1059] INFO  server.StorageContainerManager (StorageContainerManager.java:stop(837)) - Stopping the StorageContainerLocationProtocol RPC server
2019-09-25 05:52:57,398 [Thread-1059] INFO  server.SCMClientProtocolServer (SCMClientProtocolServer.java:stop(159)) - Stopping the RPC server for Client Protocol
2019-09-25 05:52:57,400 [Thread-1059] INFO  ipc.Server (Server.java:stop(3082)) - Stopping server on 38625
2019-09-25 05:52:57,403 [IPC Server listener on 38625] INFO  ipc.Server (Server.java:run(1185)) - Stopping IPC Server listener on 38625
2019-09-25 05:52:57,403 [Thread-1059] INFO  server.StorageContainerManager (StorageContainerManager.java:stop(844)) - Stopping Storage Container Manager HTTP server.
2019-09-25 05:52:57,403 [IPC Server Responder] INFO  ipc.Server (Server.java:run(1319)) - Stopping IPC Server Responder
2019-09-25 05:52:57,405 [Thread-1059] INFO  handler.ContextHandler (ContextHandler.java:doStop(910)) - Stopped o.e.j.w.WebAppContext@747822b{/,null,UNAVAILABLE}{/scm}
2019-09-25 05:52:57,407 [Thread-1059] INFO  server.AbstractConnector (AbstractConnector.java:doStop(318)) - Stopped ServerConnector@44202df0{HTTP/1.1,[http/1.1]}{0.0.0.0:0}
2019-09-25 05:52:57,407 [Thread-1059] INFO  handler.ContextHandler (ContextHandler.java:doStop(910)) - Stopped o.e.j.s.ServletContextHandler@a84d73{/static,jar:file:/home/user/.m2/repository/org/apache/hadoop/hadoop-hdds-server-scm/0.5.0-SNAPSHOT/hadoop-hdds-server-scm-0.5.0-SNAPSHOT.jar!/webapps/static,UNAVAILABLE}
2019-09-25 05:52:57,408 [Thread-1059] INFO  handler.ContextHandler (ContextHandler.java:doStop(910)) - Stopped o.e.j.s.ServletContextHandler@2a31c7e0{/logs,file:///workdir/hadoop-ozone/ozonefs/target/log,UNAVAILABLE}
2019-09-25 05:52:57,408 [Thread-1059] INFO  server.StorageContainerManager (StorageContainerManager.java:stop(855)) - Stopping Block Manager Service.
2019-09-25 05:52:57,409 [Thread-1059] INFO  utils.BackgroundService (BackgroundService.java:shutdown(148)) - Shutting down service SCMBlockDeletingService
2019-09-25 05:52:57,410 [Thread-1059] INFO  utils.BackgroundService (BackgroundService.java:shutdown(148)) - Shutting down service SCMBlockDeletingService
2019-09-25 05:52:57,410 [Thread-1059] INFO  server.StorageContainerManager (StorageContainerManager.java:stop(877)) - Stopping SCM Event Queue.
2019-09-25 05:52:57,414 [Thread-1059] INFO  impl.MetricsSystemImpl (MetricsSystemImpl.java:stop(210)) - Stopping HddsDatanode metrics system...
2019-09-25 05:52:57,421 [Thread-1059] INFO  impl.MetricsSystemImpl (MetricsSystemImpl.java:stop(216)) - HddsDatanode metrics system stopped.
]]></system-out>
  </testcase>
  <testcase name="testDeleteCreatesFakeParentDir" classname="org.apache.hadoop.fs.ozone.TestOzoneFileSystem" time="16.978">
    <error message="Allocated 0 blocks. Requested 1 blocks" type="INTERNAL_ERROR org.apache.hadoop.ozone.om.exceptions.OMException">INTERNAL_ERROR org.apache.hadoop.ozone.om.exceptions.OMException: Allocated 0 blocks. Requested 1 blocks
	at org.apache.hadoop.ozone.om.protocolPB.OzoneManagerProtocolClientSideTranslatorPB.handleError(OzoneManagerProtocolClientSideTranslatorPB.java:732)
	at org.apache.hadoop.ozone.om.protocolPB.OzoneManagerProtocolClientSideTranslatorPB.createFile(OzoneManagerProtocolClientSideTranslatorPB.java:1536)
	at sun.reflect.NativeMethodAccessorImpl.invoke0(Native Method)
	at sun.reflect.NativeMethodAccessorImpl.invoke(NativeMethodAccessorImpl.java:62)
	at sun.reflect.DelegatingMethodAccessorImpl.invoke(DelegatingMethodAccessorImpl.java:43)
	at java.lang.reflect.Method.invoke(Method.java:498)
	at org.apache.hadoop.hdds.tracing.TraceAllMethod.invoke(TraceAllMethod.java:66)
	at com.sun.proxy.$Proxy38.createFile(Unknown Source)
	at org.apache.hadoop.ozone.client.rpc.RpcClient.createFile(RpcClient.java:1006)
	at org.apache.hadoop.ozone.client.OzoneBucket.createFile(OzoneBucket.java:537)
	at org.apache.hadoop.fs.ozone.BasicOzoneClientAdapterImpl.createFile(BasicOzoneClientAdapterImpl.java:205)
	at org.apache.hadoop.fs.ozone.BasicOzoneFileSystem.createOutputStream(BasicOzoneFileSystem.java:250)
	at org.apache.hadoop.fs.ozone.BasicOzoneFileSystem.create(BasicOzoneFileSystem.java:231)
	at org.apache.hadoop.fs.FileSystem.create(FileSystem.java:1118)
	at org.apache.hadoop.fs.FileSystem.create(FileSystem.java:1098)
	at org.apache.hadoop.fs.FileSystem.create(FileSystem.java:987)
	at org.apache.hadoop.fs.contract.ContractTestUtils.createFile(ContractTestUtils.java:633)
	at org.apache.hadoop.fs.contract.ContractTestUtils.touch(ContractTestUtils.java:669)
	at org.apache.hadoop.fs.ozone.TestOzoneFileSystem.testDeleteCreatesFakeParentDir(TestOzoneFileSystem.java:134)
	at sun.reflect.NativeMethodAccessorImpl.invoke0(Native Method)
	at sun.reflect.NativeMethodAccessorImpl.invoke(NativeMethodAccessorImpl.java:62)
	at sun.reflect.DelegatingMethodAccessorImpl.invoke(DelegatingMethodAccessorImpl.java:43)
	at java.lang.reflect.Method.invoke(Method.java:498)
	at org.junit.runners.model.FrameworkMethod$1.runReflectiveCall(FrameworkMethod.java:47)
	at org.junit.internal.runners.model.ReflectiveCallable.run(ReflectiveCallable.java:12)
	at org.junit.runners.model.FrameworkMethod.invokeExplosively(FrameworkMethod.java:44)
	at org.junit.internal.runners.statements.InvokeMethod.evaluate(InvokeMethod.java:17)
	at org.junit.internal.runners.statements.RunBefores.evaluate(RunBefores.java:26)
	at org.junit.internal.runners.statements.RunAfters.evaluate(RunAfters.java:27)
	at org.junit.internal.runners.statements.FailOnTimeout$StatementThread.run(FailOnTimeout.java:74)
</error>
    <system-out><![CDATA[2019-09-25 05:52:57,469 [Thread-1326] WARN  server.ServerUtils (ServerUtils.java:getScmDbDir(145)) - ozone.scm.db.dirs is not configured. We recommend adding this setting. Falling back to ozone.metadata.dirs instead.
2019-09-25 05:52:57,484 [Thread-1326] WARN  server.ServerUtils (ServerUtils.java:getScmDbDir(145)) - ozone.scm.db.dirs is not configured. We recommend adding this setting. Falling back to ozone.metadata.dirs instead.
2019-09-25 05:52:57,484 [Thread-1326] WARN  server.ServerUtils (ServerUtils.java:getScmDbDir(145)) - ozone.scm.db.dirs is not configured. We recommend adding this setting. Falling back to ozone.metadata.dirs instead.
2019-09-25 05:52:57,484 [Thread-1326] INFO  db.DBStoreBuilder (DBStoreBuilder.java:addTable(110)) - using custom profile for table: deletedBlocks
2019-09-25 05:52:57,485 [Thread-1326] INFO  db.DBStoreBuilder (DBStoreBuilder.java:processTables(161)) - Using default column profile:DBProfile.DISK for Table:deletedBlocks
2019-09-25 05:52:57,485 [Thread-1326] INFO  db.DBStoreBuilder (DBStoreBuilder.java:addTable(110)) - using custom profile for table: validCerts
2019-09-25 05:52:57,485 [Thread-1326] INFO  db.DBStoreBuilder (DBStoreBuilder.java:processTables(161)) - Using default column profile:DBProfile.DISK for Table:validCerts
2019-09-25 05:52:57,485 [Thread-1326] INFO  db.DBStoreBuilder (DBStoreBuilder.java:addTable(110)) - using custom profile for table: revokedCerts
2019-09-25 05:52:57,486 [Thread-1326] INFO  db.DBStoreBuilder (DBStoreBuilder.java:processTables(161)) - Using default column profile:DBProfile.DISK for Table:revokedCerts
2019-09-25 05:52:57,486 [Thread-1326] INFO  db.DBStoreBuilder (DBStoreBuilder.java:addTable(110)) - using custom profile for table: default
2019-09-25 05:52:57,486 [Thread-1326] INFO  db.DBStoreBuilder (DBStoreBuilder.java:processTables(167)) - Using default column profile:DBProfile.DISK for Table:default
2019-09-25 05:52:57,486 [Thread-1326] INFO  db.DBStoreBuilder (DBStoreBuilder.java:getDbProfile(198)) - Using default options. DBProfile.DISK
2019-09-25 05:52:57,690 [Thread-1326] INFO  net.NodeSchemaLoader (NodeSchemaLoader.java:loadSchemaFromFile(125)) - Loading file from sun.misc.CompoundEnumeration@629d11ba
2019-09-25 05:52:57,690 [Thread-1326] INFO  net.NodeSchemaLoader (NodeSchemaLoader.java:loadSchema(171)) - Loading network topology layer schema file
2019-09-25 05:52:57,696 [Thread-1326] WARN  server.ServerUtils (ServerUtils.java:sanitizeUserArgs(70)) - ozone.scm.stale.node.interval value = 300000 is larger than max = 100000 based on the key value of ozone.scm.heartbeat.thread.interval, reset to the max value 100000.
2019-09-25 05:52:57,697 [Thread-1326] WARN  server.ServerUtils (ServerUtils.java:sanitizeUserArgs(70)) - ozone.scm.stale.node.interval value = 300000 is larger than max = 100000 based on the key value of ozone.scm.heartbeat.thread.interval, reset to the max value 100000.
2019-09-25 05:52:57,697 [Thread-1326] INFO  node.SCMNodeManager (SCMNodeManager.java:<init>(114)) - Entering startup safe mode.
2019-09-25 05:52:57,698 [Thread-1326] INFO  algorithms.ContainerPlacementPolicyFactory (ContainerPlacementPolicyFactory.java:getPolicy(60)) - Create container placement policy of type org.apache.hadoop.hdds.scm.container.placement.algorithms.SCMContainerPlacementRandom
2019-09-25 05:52:57,698 [Thread-1326] WARN  server.ServerUtils (ServerUtils.java:getScmDbDir(145)) - ozone.scm.db.dirs is not configured. We recommend adding this setting. Falling back to ozone.metadata.dirs instead.
2019-09-25 05:52:57,738 [Thread-1326] INFO  pipeline.SCMPipelineManager (SCMPipelineManager.java:initializePipelineState(132)) - No pipeline exists in current db
2019-09-25 05:52:57,738 [Thread-1326] WARN  server.ServerUtils (ServerUtils.java:getScmDbDir(145)) - ozone.scm.db.dirs is not configured. We recommend adding this setting. Falling back to ozone.metadata.dirs instead.
2019-09-25 05:52:57,764 [Thread-1326] WARN  events.EventQueue (EventQueue.java:fireEvent(183)) - No event handler registered for event TypedEvent{payloadType=SafeModeStatus, name='SafeModeStatus'}
2019-09-25 05:52:57,765 [Thread-1326] INFO  ipc.CallQueueManager (CallQueueManager.java:<init>(84)) - Using callQueue: class java.util.concurrent.LinkedBlockingQueue, queueCapacity: 2000, scheduler: class org.apache.hadoop.ipc.DefaultRpcScheduler, ipcBackoff: false.
2019-09-25 05:52:57,766 [Socket Reader #1 for port 33288] INFO  ipc.Server (Server.java:run(1074)) - Starting Socket Reader #1 for port 33288
2019-09-25 05:52:57,769 [Thread-1326] INFO  ipc.CallQueueManager (CallQueueManager.java:<init>(84)) - Using callQueue: class java.util.concurrent.LinkedBlockingQueue, queueCapacity: 2000, scheduler: class org.apache.hadoop.ipc.DefaultRpcScheduler, ipcBackoff: false.
2019-09-25 05:52:57,771 [Socket Reader #1 for port 37238] INFO  ipc.Server (Server.java:run(1074)) - Starting Socket Reader #1 for port 37238
2019-09-25 05:52:57,773 [Thread-1326] INFO  ipc.CallQueueManager (CallQueueManager.java:<init>(84)) - Using callQueue: class java.util.concurrent.LinkedBlockingQueue, queueCapacity: 2000, scheduler: class org.apache.hadoop.ipc.DefaultRpcScheduler, ipcBackoff: false.
2019-09-25 05:52:57,774 [Socket Reader #1 for port 46433] INFO  ipc.Server (Server.java:run(1074)) - Starting Socket Reader #1 for port 46433
2019-09-25 05:52:57,782 [Thread-1326] INFO  hdfs.DFSUtil (DFSUtil.java:httpServerTemplateForNNAndJN(1641)) - Starting Web-server for scm at: http://0.0.0.0:0
2019-09-25 05:52:57,785 [Thread-1326] INFO  server.AuthenticationFilter (AuthenticationFilter.java:constructSecretProvider(240)) - Unable to initialize FileSignerSecretProvider, falling back to use random secrets.
2019-09-25 05:52:57,786 [Thread-1326] WARN  http.HttpRequestLog (HttpRequestLog.java:getRequestLog(97)) - Jetty request log can only be enabled using Log4j
2019-09-25 05:52:57,789 [Thread-1326] INFO  http.HttpServer2 (HttpServer2.java:addGlobalFilter(975)) - Added global filter 'safety' (class=org.apache.hadoop.http.HttpServer2$QuotingInputFilter)
2019-09-25 05:52:57,790 [Thread-1326] INFO  http.HttpServer2 (HttpServer2.java:addFilter(948)) - Added filter static_user_filter (class=org.apache.hadoop.http.lib.StaticUserWebFilter$StaticUserFilter) to context scm
2019-09-25 05:52:57,790 [Thread-1326] INFO  http.HttpServer2 (HttpServer2.java:addFilter(958)) - Added filter static_user_filter (class=org.apache.hadoop.http.lib.StaticUserWebFilter$StaticUserFilter) to context logs
2019-09-25 05:52:57,790 [Thread-1326] INFO  http.HttpServer2 (HttpServer2.java:addFilter(958)) - Added filter static_user_filter (class=org.apache.hadoop.http.lib.StaticUserWebFilter$StaticUserFilter) to context static
2019-09-25 05:52:57,792 [Thread-1326] INFO  server.StorageContainerManager (StorageContainerManager.java:start(770)) - StorageContainerLocationProtocol RPC server is listening at /0.0.0.0:46433
2019-09-25 05:52:57,795 [Thread-1326] WARN  impl.MetricsConfig (MetricsConfig.java:loadFirst(134)) - Cannot locate configuration: tried hadoop-metrics2-storagecontainermanager.properties,hadoop-metrics2.properties
2019-09-25 05:52:57,796 [Thread-1326] INFO  impl.MetricsSystemImpl (MetricsSystemImpl.java:startTimer(374)) - Scheduled Metric snapshot period at 10 second(s).
2019-09-25 05:52:57,796 [Thread-1326] INFO  impl.MetricsSystemImpl (MetricsSystemImpl.java:start(191)) - StorageContainerManager metrics system started
2019-09-25 05:52:57,873 [Thread-1326] WARN  impl.MetricsSystemImpl (MetricsSystemImpl.java:register(276)) - Sink prometheus already exists!
2019-09-25 05:52:57,934 [Thread-1326] INFO  server.SCMClientProtocolServer (SCMClientProtocolServer.java:start(151)) - RPC server for Client  is listening at /0.0.0.0:46433
2019-09-25 05:52:57,934 [IPC Server Responder] INFO  ipc.Server (Server.java:run(1314)) - IPC Server Responder: starting
2019-09-25 05:52:57,934 [IPC Server listener on 46433] INFO  ipc.Server (Server.java:run(1153)) - IPC Server listener on 46433: starting
2019-09-25 05:52:57,940 [Thread-1326] INFO  server.StorageContainerManager (StorageContainerManager.java:start(780)) - ScmBlockLocationProtocol RPC server is listening at /0.0.0.0:37238
2019-09-25 05:52:57,940 [Thread-1326] INFO  server.SCMBlockProtocolServer (SCMBlockProtocolServer.java:start(146)) - RPC server for Block Protocol is listening at /0.0.0.0:37238
2019-09-25 05:52:57,941 [IPC Server Responder] INFO  ipc.Server (Server.java:run(1314)) - IPC Server Responder: starting
2019-09-25 05:52:57,941 [IPC Server listener on 37238] INFO  ipc.Server (Server.java:run(1153)) - IPC Server listener on 37238: starting
2019-09-25 05:52:57,946 [Thread-1326] INFO  server.StorageContainerManager (StorageContainerManager.java:start(784)) - ScmDatanodeProtocl RPC server is listening at /0.0.0.0:33288
2019-09-25 05:52:57,946 [Thread-1326] INFO  server.SCMDatanodeProtocolServer (SCMDatanodeProtocolServer.java:start(191)) - RPC server for DataNodes is listening at /0.0.0.0:33288
2019-09-25 05:52:57,947 [IPC Server Responder] INFO  ipc.Server (Server.java:run(1314)) - IPC Server Responder: starting
2019-09-25 05:52:57,947 [IPC Server listener on 33288] INFO  ipc.Server (Server.java:run(1153)) - IPC Server listener on 33288: starting
2019-09-25 05:52:57,958 [Thread-1326] INFO  http.HttpServer2 (HttpServer2.java:bindListener(1191)) - Jetty bound to port 39831
2019-09-25 05:52:57,958 [Thread-1326] INFO  server.Server (Server.java:doStart(351)) - jetty-9.3.25.v20180904, build timestamp: 2018-09-04T21:11:46Z, git hash: 3ce520221d0240229c862b122d2b06c12a625732
2019-09-25 05:52:57,960 [Thread-1326] INFO  handler.ContextHandler (ContextHandler.java:doStart(781)) - Started o.e.j.s.ServletContextHandler@4a3fe23d{/logs,file:///workdir/hadoop-ozone/ozonefs/target/log,AVAILABLE}
2019-09-25 05:52:57,961 [Thread-1326] INFO  handler.ContextHandler (ContextHandler.java:doStart(781)) - Started o.e.j.s.ServletContextHandler@6d7c3e6b{/static,jar:file:/home/user/.m2/repository/org/apache/hadoop/hadoop-hdds-server-scm/0.5.0-SNAPSHOT/hadoop-hdds-server-scm-0.5.0-SNAPSHOT.jar!/webapps/static,AVAILABLE}
2019-09-25 05:52:58,013 [Thread-1326] INFO  handler.ContextHandler (ContextHandler.java:doStart(781)) - Started o.e.j.w.WebAppContext@4dca9c01{/,file:///tmp/jetty-0.0.0.0-39831-scm-_-any-7473074332804757824.dir/webapp/,AVAILABLE}{/scm}
2019-09-25 05:52:58,014 [Thread-1326] INFO  server.AbstractConnector (AbstractConnector.java:doStart(278)) - Started ServerConnector@68c4d433{HTTP/1.1,[http/1.1]}{0.0.0.0:39831}
2019-09-25 05:52:58,015 [Thread-1326] INFO  server.Server (Server.java:doStart(419)) - Started @90892ms
2019-09-25 05:52:58,015 [Thread-1326] WARN  impl.MetricsSystemImpl (MetricsSystemImpl.java:register(276)) - Sink prometheus already exists!
2019-09-25 05:52:58,016 [Thread-1326] INFO  server.BaseHttpServer (BaseHttpServer.java:updateConnectorAddress(215)) - HTTP server of SCM is listening at http://0.0.0.0:39831
2019-09-25 05:52:58,017 [Thread-1326] WARN  server.ServerUtils (ServerUtils.java:getDBPath(222)) - ozone.om.db.dirs is not configured. We recommend adding this setting. Falling back to ozone.metadata.dirs instead.
2019-09-25 05:52:58,018 [org.apache.hadoop.util.JvmPauseMonitor$Monitor@3dc32c34] INFO  util.JvmPauseMonitor (JvmPauseMonitor.java:run(188)) - Starting JVM pause monitor
2019-09-25 05:52:58,044 [Thread-1326] WARN  server.ServerUtils (ServerUtils.java:getDBPath(222)) - ozone.om.db.dirs is not configured. We recommend adding this setting. Falling back to ozone.metadata.dirs instead.
2019-09-25 05:52:58,044 [Thread-1326] WARN  server.ServerUtils (ServerUtils.java:getDBPath(222)) - ozone.om.db.dirs is not configured. We recommend adding this setting. Falling back to ozone.metadata.dirs instead.
2019-09-25 05:52:58,045 [Thread-1326] INFO  om.OzoneManager (OzoneManager.java:setOMNodeDetails(652)) - OM Service ID is not set. Setting it to the default ID: omServiceIdDefault
2019-09-25 05:52:58,045 [Thread-1326] INFO  om.OzoneManager (OzoneManager.java:setOMNodeDetails(658)) - OM Node ID is not set. Setting it to the OmStorage's OmID: b399004a-ba41-4086-93a3-8c5063b08cc1
2019-09-25 05:52:58,045 [Thread-1326] INFO  om.OzoneManager (OzoneManager.java:loadOMHAConfigs(609)) - Found matching OM address with OMServiceId: null, OMNodeId: null, RPC Address: localhost:0 and Ratis port: 9872
2019-09-25 05:52:58,061 [Thread-1326] WARN  server.ServerUtils (ServerUtils.java:getDBPath(222)) - ozone.om.db.dirs is not configured. We recommend adding this setting. Falling back to ozone.metadata.dirs instead.
2019-09-25 05:52:58,062 [Thread-1326] INFO  db.DBStoreBuilder (DBStoreBuilder.java:addTable(110)) - using custom profile for table: userTable
2019-09-25 05:52:58,062 [Thread-1326] INFO  db.DBStoreBuilder (DBStoreBuilder.java:processTables(161)) - Using default column profile:DBProfile.DISK for Table:userTable
2019-09-25 05:52:58,062 [Thread-1326] INFO  db.DBStoreBuilder (DBStoreBuilder.java:addTable(110)) - using custom profile for table: volumeTable
2019-09-25 05:52:58,062 [Thread-1326] INFO  db.DBStoreBuilder (DBStoreBuilder.java:processTables(161)) - Using default column profile:DBProfile.DISK for Table:volumeTable
2019-09-25 05:52:58,062 [Thread-1326] INFO  db.DBStoreBuilder (DBStoreBuilder.java:addTable(110)) - using custom profile for table: bucketTable
2019-09-25 05:52:58,063 [Thread-1326] INFO  db.DBStoreBuilder (DBStoreBuilder.java:processTables(161)) - Using default column profile:DBProfile.DISK for Table:bucketTable
2019-09-25 05:52:58,063 [Thread-1326] INFO  db.DBStoreBuilder (DBStoreBuilder.java:addTable(110)) - using custom profile for table: keyTable
2019-09-25 05:52:58,063 [Thread-1326] INFO  db.DBStoreBuilder (DBStoreBuilder.java:processTables(161)) - Using default column profile:DBProfile.DISK for Table:keyTable
2019-09-25 05:52:58,063 [Thread-1326] INFO  db.DBStoreBuilder (DBStoreBuilder.java:addTable(110)) - using custom profile for table: deletedTable
2019-09-25 05:52:58,063 [Thread-1326] INFO  db.DBStoreBuilder (DBStoreBuilder.java:processTables(161)) - Using default column profile:DBProfile.DISK for Table:deletedTable
2019-09-25 05:52:58,064 [Thread-1326] INFO  db.DBStoreBuilder (DBStoreBuilder.java:addTable(110)) - using custom profile for table: openKeyTable
2019-09-25 05:52:58,064 [Thread-1326] INFO  db.DBStoreBuilder (DBStoreBuilder.java:processTables(161)) - Using default column profile:DBProfile.DISK for Table:openKeyTable
2019-09-25 05:52:58,064 [Thread-1326] INFO  db.DBStoreBuilder (DBStoreBuilder.java:addTable(110)) - using custom profile for table: s3Table
2019-09-25 05:52:58,064 [Thread-1326] INFO  db.DBStoreBuilder (DBStoreBuilder.java:processTables(161)) - Using default column profile:DBProfile.DISK for Table:s3Table
2019-09-25 05:52:58,064 [Thread-1326] INFO  db.DBStoreBuilder (DBStoreBuilder.java:addTable(110)) - using custom profile for table: multipartInfoTable
2019-09-25 05:52:58,065 [Thread-1326] INFO  db.DBStoreBuilder (DBStoreBuilder.java:processTables(161)) - Using default column profile:DBProfile.DISK for Table:multipartInfoTable
2019-09-25 05:52:58,065 [Thread-1326] INFO  db.DBStoreBuilder (DBStoreBuilder.java:addTable(110)) - using custom profile for table: dTokenTable
2019-09-25 05:52:58,065 [Thread-1326] INFO  db.DBStoreBuilder (DBStoreBuilder.java:processTables(161)) - Using default column profile:DBProfile.DISK for Table:dTokenTable
2019-09-25 05:52:58,065 [Thread-1326] INFO  db.DBStoreBuilder (DBStoreBuilder.java:addTable(110)) - using custom profile for table: s3SecretTable
2019-09-25 05:52:58,065 [Thread-1326] INFO  db.DBStoreBuilder (DBStoreBuilder.java:processTables(161)) - Using default column profile:DBProfile.DISK for Table:s3SecretTable
2019-09-25 05:52:58,066 [Thread-1326] INFO  db.DBStoreBuilder (DBStoreBuilder.java:addTable(110)) - using custom profile for table: prefixTable
2019-09-25 05:52:58,066 [Thread-1326] INFO  db.DBStoreBuilder (DBStoreBuilder.java:processTables(161)) - Using default column profile:DBProfile.DISK for Table:prefixTable
2019-09-25 05:52:58,066 [Thread-1326] INFO  db.DBStoreBuilder (DBStoreBuilder.java:addTable(110)) - using custom profile for table: default
2019-09-25 05:52:58,066 [Thread-1326] INFO  db.DBStoreBuilder (DBStoreBuilder.java:processTables(167)) - Using default column profile:DBProfile.DISK for Table:default
2019-09-25 05:52:58,066 [Thread-1326] INFO  db.DBStoreBuilder (DBStoreBuilder.java:getDbProfile(198)) - Using default options. DBProfile.DISK
2019-09-25 05:52:58,566 [Thread-1326] INFO  ipc.CallQueueManager (CallQueueManager.java:<init>(84)) - Using callQueue: class java.util.concurrent.LinkedBlockingQueue, queueCapacity: 2000, scheduler: class org.apache.hadoop.ipc.DefaultRpcScheduler, ipcBackoff: false.
2019-09-25 05:52:58,567 [Socket Reader #1 for port 42545] INFO  ipc.Server (Server.java:run(1074)) - Starting Socket Reader #1 for port 42545
2019-09-25 05:52:58,597 [Thread-1326] INFO  om.OzoneManager (OzoneManager.java:start(1243)) - OzoneManager RPC server is listening at localhost/127.0.0.1:42545
2019-09-25 05:52:58,597 [Thread-1326] INFO  impl.MetricsSystemImpl (MetricsSystemImpl.java:init(158)) - OzoneManager metrics system started (again)
2019-09-25 05:52:58,598 [IPC Server Responder] INFO  ipc.Server (Server.java:run(1314)) - IPC Server Responder: starting
2019-09-25 05:52:58,598 [IPC Server listener on 42545] INFO  ipc.Server (Server.java:run(1153)) - IPC Server listener on 42545: starting
2019-09-25 05:52:58,606 [Thread-1326] INFO  hdfs.DFSUtil (DFSUtil.java:httpServerTemplateForNNAndJN(1641)) - Starting Web-server for ozoneManager at: http://0.0.0.0:0
2019-09-25 05:52:58,609 [Thread-1326] INFO  server.AuthenticationFilter (AuthenticationFilter.java:constructSecretProvider(240)) - Unable to initialize FileSignerSecretProvider, falling back to use random secrets.
2019-09-25 05:52:58,610 [Thread-1326] WARN  http.HttpRequestLog (HttpRequestLog.java:getRequestLog(97)) - Jetty request log can only be enabled using Log4j
2019-09-25 05:52:58,613 [Thread-1326] INFO  http.HttpServer2 (HttpServer2.java:addGlobalFilter(975)) - Added global filter 'safety' (class=org.apache.hadoop.http.HttpServer2$QuotingInputFilter)
2019-09-25 05:52:58,614 [Thread-1326] INFO  http.HttpServer2 (HttpServer2.java:addFilter(948)) - Added filter static_user_filter (class=org.apache.hadoop.http.lib.StaticUserWebFilter$StaticUserFilter) to context ozoneManager
2019-09-25 05:52:58,614 [Thread-1326] INFO  http.HttpServer2 (HttpServer2.java:addFilter(958)) - Added filter static_user_filter (class=org.apache.hadoop.http.lib.StaticUserWebFilter$StaticUserFilter) to context static
2019-09-25 05:52:58,614 [Thread-1326] INFO  http.HttpServer2 (HttpServer2.java:addFilter(958)) - Added filter static_user_filter (class=org.apache.hadoop.http.lib.StaticUserWebFilter$StaticUserFilter) to context logs
2019-09-25 05:52:58,615 [Thread-1326] INFO  http.HttpServer2 (HttpServer2.java:bindListener(1191)) - Jetty bound to port 33903
2019-09-25 05:52:58,615 [Thread-1326] INFO  server.Server (Server.java:doStart(351)) - jetty-9.3.25.v20180904, build timestamp: 2018-09-04T21:11:46Z, git hash: 3ce520221d0240229c862b122d2b06c12a625732
2019-09-25 05:52:58,618 [Thread-1326] INFO  handler.ContextHandler (ContextHandler.java:doStart(781)) - Started o.e.j.s.ServletContextHandler@1beb27a3{/logs,file:///workdir/hadoop-ozone/ozonefs/target/log,AVAILABLE}
2019-09-25 05:52:58,618 [Thread-1326] INFO  handler.ContextHandler (ContextHandler.java:doStart(781)) - Started o.e.j.s.ServletContextHandler@50107045{/static,jar:file:/home/user/.m2/repository/org/apache/hadoop/hadoop-ozone-ozone-manager/0.5.0-SNAPSHOT/hadoop-ozone-ozone-manager-0.5.0-SNAPSHOT.jar!/webapps/static,AVAILABLE}
2019-09-25 05:52:58,691 [Thread-1326] INFO  handler.ContextHandler (ContextHandler.java:doStart(781)) - Started o.e.j.w.WebAppContext@897232{/,file:///tmp/jetty-0.0.0.0-33903-ozoneManager-_-any-2034517564375797991.dir/webapp/,AVAILABLE}{/ozoneManager}
2019-09-25 05:52:58,692 [Thread-1326] INFO  server.AbstractConnector (AbstractConnector.java:doStart(278)) - Started ServerConnector@236328d1{HTTP/1.1,[http/1.1]}{0.0.0.0:33903}
2019-09-25 05:52:58,694 [Thread-1326] INFO  server.Server (Server.java:doStart(419)) - Started @91570ms
2019-09-25 05:52:58,694 [Thread-1326] WARN  impl.MetricsSystemImpl (MetricsSystemImpl.java:register(276)) - Sink prometheus already exists!
2019-09-25 05:52:58,695 [Thread-1326] INFO  server.BaseHttpServer (BaseHttpServer.java:updateConnectorAddress(215)) - HTTP server of OZONEMANAGER is listening at http://0.0.0.0:33903
2019-09-25 05:52:58,708 [Thread-1326] INFO  impl.MetricsSystemImpl (MetricsSystemImpl.java:init(158)) - HddsDatanode metrics system started (again)
2019-09-25 05:52:58,714 [Thread-1326] INFO  ozone.HddsDatanodeService (HddsDatanodeService.java:start(184)) - HddsDatanodeService host:pr-hdds-1569-zxpks-796972592 ip:192.168.5.161
2019-09-25 05:52:58,723 [Thread-1326] INFO  volume.HddsVolume (HddsVolume.java:<init>(176)) - Creating Volume: /workdir/hadoop-ozone/ozonefs/target/test-dir/MiniOzoneClusterImpl-ec9cbae6-e51d-4388-8482-e19082e5b468/datanode-0/data/containers/hdds of  storage type : DISK and capacity : 1482555576320
2019-09-25 05:52:58,723 [Thread-1326] INFO  volume.VolumeSet (VolumeSet.java:initializeVolumeSet(170)) - Added Volume : /workdir/hadoop-ozone/ozonefs/target/test-dir/MiniOzoneClusterImpl-ec9cbae6-e51d-4388-8482-e19082e5b468/datanode-0/data/containers/hdds to VolumeSet
2019-09-25 05:52:58,723 [Thread-1326] INFO  volume.ThrottledAsyncChecker (ThrottledAsyncChecker.java:schedule(139)) - Scheduling a check for org.apache.hadoop.ozone.container.common.volume.HddsVolume@46f27240
2019-09-25 05:52:58,724 [Thread-1326] INFO  volume.HddsVolumeChecker (HddsVolumeChecker.java:checkAllVolumes(202)) - Scheduled health check for volume org.apache.hadoop.ozone.container.common.volume.HddsVolume@46f27240
2019-09-25 05:52:58,755 [Thread-1326] INFO  impl.RaftServerProxy (ConfUtils.java:logGet(43)) - raft.rpc.type = GRPC (default)
2019-09-25 05:52:58,755 [Thread-1326] INFO  grpc.GrpcFactory (GrpcFactory.java:checkPooledByteBufAllocatorUseCacheForAllThreads(45)) - PERFORMANCE WARNING: useCacheForAllThreads is true that may cause Netty to create a lot garbage objects and, as a result, trigger GC.
	It is recommended to disable useCacheForAllThreads by setting -Dorg.apache.ratis.thirdparty.io.netty.allocator.useCacheForAllThreads=false in command line.
2019-09-25 05:52:58,755 [Thread-1326] INFO  grpc.GrpcConfigKeys$Server (ConfUtils.java:logGet(43)) - raft.grpc.server.port = 0 (default)
2019-09-25 05:52:58,755 [Thread-1326] INFO  server.GrpcService (ConfUtils.java:logGet(43)) - raft.grpc.message.size.max = 33570816 (custom)
2019-09-25 05:52:58,756 [Thread-1326] INFO  server.RaftServerConfigKeys (ConfUtils.java:logGet(43)) - raft.server.log.appender.buffer.byte-limit = 33554432 (custom)
2019-09-25 05:52:58,756 [Thread-1326] INFO  server.GrpcService (ConfUtils.java:logGet(43)) - raft.grpc.flow.control.window = 1MB (=1048576) (default)
2019-09-25 05:52:58,756 [Thread-1326] INFO  server.RaftServerConfigKeys (ConfUtils.java:logGet(43)) - raft.server.rpc.request.timeout = 3000ms (default)
2019-09-25 05:52:58,757 [Thread-1326] INFO  server.RaftServerConfigKeys (ConfUtils.java:logGet(43)) - raft.server.storage.dir = [/workdir/hadoop-ozone/ozonefs/target/test-dir/MiniOzoneClusterImpl-ec9cbae6-e51d-4388-8482-e19082e5b468/datanode-0/data/ratis] (custom)
2019-09-25 05:52:58,759 [Thread-1326] INFO  hdfs.DFSUtil (DFSUtil.java:httpServerTemplateForNNAndJN(1641)) - Starting Web-server for hddsDatanode at: http://0.0.0.0:0
2019-09-25 05:52:58,762 [Thread-1326] INFO  server.AuthenticationFilter (AuthenticationFilter.java:constructSecretProvider(240)) - Unable to initialize FileSignerSecretProvider, falling back to use random secrets.
2019-09-25 05:52:58,763 [Thread-1326] WARN  http.HttpRequestLog (HttpRequestLog.java:getRequestLog(97)) - Jetty request log can only be enabled using Log4j
2019-09-25 05:52:58,765 [Thread-1326] INFO  http.HttpServer2 (HttpServer2.java:addGlobalFilter(975)) - Added global filter 'safety' (class=org.apache.hadoop.http.HttpServer2$QuotingInputFilter)
2019-09-25 05:52:58,766 [Thread-1326] INFO  http.HttpServer2 (HttpServer2.java:addFilter(948)) - Added filter static_user_filter (class=org.apache.hadoop.http.lib.StaticUserWebFilter$StaticUserFilter) to context hddsDatanode
2019-09-25 05:52:58,766 [Thread-1326] INFO  http.HttpServer2 (HttpServer2.java:addFilter(958)) - Added filter static_user_filter (class=org.apache.hadoop.http.lib.StaticUserWebFilter$StaticUserFilter) to context logs
2019-09-25 05:52:58,766 [Thread-1326] INFO  http.HttpServer2 (HttpServer2.java:addFilter(958)) - Added filter static_user_filter (class=org.apache.hadoop.http.lib.StaticUserWebFilter$StaticUserFilter) to context static
2019-09-25 05:52:58,767 [Thread-1326] INFO  http.HttpServer2 (HttpServer2.java:bindListener(1191)) - Jetty bound to port 41777
2019-09-25 05:52:58,767 [Thread-1326] INFO  server.Server (Server.java:doStart(351)) - jetty-9.3.25.v20180904, build timestamp: 2018-09-04T21:11:46Z, git hash: 3ce520221d0240229c862b122d2b06c12a625732
2019-09-25 05:52:58,769 [Thread-1326] INFO  handler.ContextHandler (ContextHandler.java:doStart(781)) - Started o.e.j.s.ServletContextHandler@47ab8200{/logs,file:///workdir/hadoop-ozone/ozonefs/target/log,AVAILABLE}
2019-09-25 05:52:58,770 [Thread-1326] INFO  handler.ContextHandler (ContextHandler.java:doStart(781)) - Started o.e.j.s.ServletContextHandler@152540ca{/static,jar:file:/home/user/.m2/repository/org/apache/hadoop/hadoop-hdds-container-service/0.5.0-SNAPSHOT/hadoop-hdds-container-service-0.5.0-SNAPSHOT.jar!/webapps/static,AVAILABLE}
2019-09-25 05:52:58,805 [Thread-1326] INFO  handler.ContextHandler (ContextHandler.java:doStart(781)) - Started o.e.j.w.WebAppContext@1888f707{/,file:///tmp/jetty-0.0.0.0-41777-hddsDatanode-_-any-8020655980274697609.dir/webapp/,AVAILABLE}{/hddsDatanode}
2019-09-25 05:52:58,805 [Thread-1326] INFO  server.AbstractConnector (AbstractConnector.java:doStart(278)) - Started ServerConnector@2ecaa1b8{HTTP/1.1,[http/1.1]}{0.0.0.0:41777}
2019-09-25 05:52:58,807 [Thread-1326] INFO  server.Server (Server.java:doStart(419)) - Started @91684ms
2019-09-25 05:52:58,807 [Thread-1326] WARN  impl.MetricsSystemImpl (MetricsSystemImpl.java:register(276)) - Sink prometheus already exists!
2019-09-25 05:52:58,808 [Thread-1326] INFO  server.BaseHttpServer (BaseHttpServer.java:updateConnectorAddress(215)) - HTTP server of HDDSDATANODE is listening at http://0.0.0.0:41777
2019-09-25 05:52:58,809 [Thread-1326] INFO  impl.MetricsSystemImpl (MetricsSystemImpl.java:init(158)) - HddsDatanode metrics system started (again)
2019-09-25 05:52:58,814 [org.apache.hadoop.util.JvmPauseMonitor$Monitor@3b15cf09] INFO  util.JvmPauseMonitor (JvmPauseMonitor.java:run(188)) - Starting JVM pause monitor
2019-09-25 05:52:58,814 [Thread-1326] INFO  ozone.HddsDatanodeService (HddsDatanodeService.java:start(184)) - HddsDatanodeService host:pr-hdds-1569-zxpks-796972592 ip:192.168.5.161
2019-09-25 05:52:58,818 [Datanode State Machine Thread - 0] INFO  datanode.InitDatanodeState (InitDatanodeState.java:persistContainerDatanodeDetails(140)) - DatanodeDetails is persisted to /workdir/hadoop-ozone/ozonefs/target/test-dir/MiniOzoneClusterImpl-ec9cbae6-e51d-4388-8482-e19082e5b468/datanode-0/meta/datanode.id
2019-09-25 05:52:58,822 [Thread-1326] INFO  volume.HddsVolume (HddsVolume.java:<init>(176)) - Creating Volume: /workdir/hadoop-ozone/ozonefs/target/test-dir/MiniOzoneClusterImpl-ec9cbae6-e51d-4388-8482-e19082e5b468/datanode-1/data/containers/hdds of  storage type : DISK and capacity : 1482555576320
2019-09-25 05:52:58,822 [Thread-1326] INFO  volume.VolumeSet (VolumeSet.java:initializeVolumeSet(170)) - Added Volume : /workdir/hadoop-ozone/ozonefs/target/test-dir/MiniOzoneClusterImpl-ec9cbae6-e51d-4388-8482-e19082e5b468/datanode-1/data/containers/hdds to VolumeSet
2019-09-25 05:52:58,822 [Thread-1326] INFO  volume.ThrottledAsyncChecker (ThrottledAsyncChecker.java:schedule(139)) - Scheduling a check for org.apache.hadoop.ozone.container.common.volume.HddsVolume@391f7b7f
2019-09-25 05:52:58,823 [Thread-1326] INFO  volume.HddsVolumeChecker (HddsVolumeChecker.java:checkAllVolumes(202)) - Scheduled health check for volume org.apache.hadoop.ozone.container.common.volume.HddsVolume@391f7b7f
2019-09-25 05:52:58,844 [Thread-1326] INFO  impl.RaftServerProxy (ConfUtils.java:logGet(43)) - raft.rpc.type = GRPC (default)
2019-09-25 05:52:58,844 [Thread-1326] INFO  grpc.GrpcFactory (GrpcFactory.java:checkPooledByteBufAllocatorUseCacheForAllThreads(45)) - PERFORMANCE WARNING: useCacheForAllThreads is true that may cause Netty to create a lot garbage objects and, as a result, trigger GC.
	It is recommended to disable useCacheForAllThreads by setting -Dorg.apache.ratis.thirdparty.io.netty.allocator.useCacheForAllThreads=false in command line.
2019-09-25 05:52:58,845 [Thread-1326] INFO  grpc.GrpcConfigKeys$Server (ConfUtils.java:logGet(43)) - raft.grpc.server.port = 0 (default)
2019-09-25 05:52:58,845 [Thread-1326] INFO  server.GrpcService (ConfUtils.java:logGet(43)) - raft.grpc.message.size.max = 33570816 (custom)
2019-09-25 05:52:58,845 [Thread-1326] INFO  server.RaftServerConfigKeys (ConfUtils.java:logGet(43)) - raft.server.log.appender.buffer.byte-limit = 33554432 (custom)
2019-09-25 05:52:58,845 [Thread-1326] INFO  server.GrpcService (ConfUtils.java:logGet(43)) - raft.grpc.flow.control.window = 1MB (=1048576) (default)
2019-09-25 05:52:58,845 [Thread-1326] INFO  server.RaftServerConfigKeys (ConfUtils.java:logGet(43)) - raft.server.rpc.request.timeout = 3000ms (default)
2019-09-25 05:52:58,846 [Thread-1326] INFO  server.RaftServerConfigKeys (ConfUtils.java:logGet(43)) - raft.server.storage.dir = [/workdir/hadoop-ozone/ozonefs/target/test-dir/MiniOzoneClusterImpl-ec9cbae6-e51d-4388-8482-e19082e5b468/datanode-1/data/ratis] (custom)
2019-09-25 05:52:58,847 [Thread-1326] INFO  hdfs.DFSUtil (DFSUtil.java:httpServerTemplateForNNAndJN(1641)) - Starting Web-server for hddsDatanode at: http://0.0.0.0:0
2019-09-25 05:52:58,849 [Thread-1326] INFO  server.AuthenticationFilter (AuthenticationFilter.java:constructSecretProvider(240)) - Unable to initialize FileSignerSecretProvider, falling back to use random secrets.
2019-09-25 05:52:58,850 [Thread-1326] WARN  http.HttpRequestLog (HttpRequestLog.java:getRequestLog(97)) - Jetty request log can only be enabled using Log4j
2019-09-25 05:52:58,852 [Thread-1326] INFO  http.HttpServer2 (HttpServer2.java:addGlobalFilter(975)) - Added global filter 'safety' (class=org.apache.hadoop.http.HttpServer2$QuotingInputFilter)
2019-09-25 05:52:58,853 [Thread-1326] INFO  http.HttpServer2 (HttpServer2.java:addFilter(948)) - Added filter static_user_filter (class=org.apache.hadoop.http.lib.StaticUserWebFilter$StaticUserFilter) to context hddsDatanode
2019-09-25 05:52:58,853 [Thread-1326] INFO  http.HttpServer2 (HttpServer2.java:addFilter(958)) - Added filter static_user_filter (class=org.apache.hadoop.http.lib.StaticUserWebFilter$StaticUserFilter) to context static
2019-09-25 05:52:58,853 [Thread-1326] INFO  http.HttpServer2 (HttpServer2.java:addFilter(958)) - Added filter static_user_filter (class=org.apache.hadoop.http.lib.StaticUserWebFilter$StaticUserFilter) to context logs
2019-09-25 05:52:58,854 [Thread-1326] INFO  http.HttpServer2 (HttpServer2.java:bindListener(1191)) - Jetty bound to port 46717
2019-09-25 05:52:58,854 [Thread-1326] INFO  server.Server (Server.java:doStart(351)) - jetty-9.3.25.v20180904, build timestamp: 2018-09-04T21:11:46Z, git hash: 3ce520221d0240229c862b122d2b06c12a625732
2019-09-25 05:52:58,857 [Thread-1326] INFO  handler.ContextHandler (ContextHandler.java:doStart(781)) - Started o.e.j.s.ServletContextHandler@3005d9f9{/logs,file:///workdir/hadoop-ozone/ozonefs/target/log,AVAILABLE}
2019-09-25 05:52:58,857 [Thread-1326] INFO  handler.ContextHandler (ContextHandler.java:doStart(781)) - Started o.e.j.s.ServletContextHandler@7eee1014{/static,jar:file:/home/user/.m2/repository/org/apache/hadoop/hadoop-hdds-container-service/0.5.0-SNAPSHOT/hadoop-hdds-container-service-0.5.0-SNAPSHOT.jar!/webapps/static,AVAILABLE}
2019-09-25 05:52:58,884 [Thread-1326] INFO  handler.ContextHandler (ContextHandler.java:doStart(781)) - Started o.e.j.w.WebAppContext@385d388e{/,file:///tmp/jetty-0.0.0.0-46717-hddsDatanode-_-any-3708802450350823445.dir/webapp/,AVAILABLE}{/hddsDatanode}
2019-09-25 05:52:58,885 [Thread-1326] INFO  server.AbstractConnector (AbstractConnector.java:doStart(278)) - Started ServerConnector@4dbcd83d{HTTP/1.1,[http/1.1]}{0.0.0.0:46717}
2019-09-25 05:52:58,887 [Thread-1326] INFO  server.Server (Server.java:doStart(419)) - Started @91763ms
2019-09-25 05:52:58,887 [Thread-1326] WARN  impl.MetricsSystemImpl (MetricsSystemImpl.java:register(276)) - Sink prometheus already exists!
2019-09-25 05:52:58,888 [Thread-1326] INFO  server.BaseHttpServer (BaseHttpServer.java:updateConnectorAddress(215)) - HTTP server of HDDSDATANODE is listening at http://0.0.0.0:46717
2019-09-25 05:52:58,888 [Thread-1326] INFO  impl.MetricsSystemImpl (MetricsSystemImpl.java:init(158)) - HddsDatanode metrics system started (again)
2019-09-25 05:52:58,893 [org.apache.hadoop.util.JvmPauseMonitor$Monitor@26e529c5] INFO  util.JvmPauseMonitor (JvmPauseMonitor.java:run(188)) - Starting JVM pause monitor
2019-09-25 05:52:58,893 [Thread-1326] INFO  ozone.HddsDatanodeService (HddsDatanodeService.java:start(184)) - HddsDatanodeService host:pr-hdds-1569-zxpks-796972592 ip:192.168.5.161
2019-09-25 05:52:58,895 [Datanode State Machine Thread - 0] INFO  datanode.InitDatanodeState (InitDatanodeState.java:persistContainerDatanodeDetails(140)) - DatanodeDetails is persisted to /workdir/hadoop-ozone/ozonefs/target/test-dir/MiniOzoneClusterImpl-ec9cbae6-e51d-4388-8482-e19082e5b468/datanode-1/meta/datanode.id
2019-09-25 05:52:58,900 [Thread-1326] INFO  volume.HddsVolume (HddsVolume.java:<init>(176)) - Creating Volume: /workdir/hadoop-ozone/ozonefs/target/test-dir/MiniOzoneClusterImpl-ec9cbae6-e51d-4388-8482-e19082e5b468/datanode-2/data/containers/hdds of  storage type : DISK and capacity : 1482555576320
2019-09-25 05:52:58,901 [Thread-1326] INFO  volume.VolumeSet (VolumeSet.java:initializeVolumeSet(170)) - Added Volume : /workdir/hadoop-ozone/ozonefs/target/test-dir/MiniOzoneClusterImpl-ec9cbae6-e51d-4388-8482-e19082e5b468/datanode-2/data/containers/hdds to VolumeSet
2019-09-25 05:52:58,901 [Thread-1326] INFO  volume.ThrottledAsyncChecker (ThrottledAsyncChecker.java:schedule(139)) - Scheduling a check for org.apache.hadoop.ozone.container.common.volume.HddsVolume@148e66ad
2019-09-25 05:52:58,901 [Thread-1326] INFO  volume.HddsVolumeChecker (HddsVolumeChecker.java:checkAllVolumes(202)) - Scheduled health check for volume org.apache.hadoop.ozone.container.common.volume.HddsVolume@148e66ad
2019-09-25 05:52:58,922 [Thread-1326] INFO  impl.RaftServerProxy (ConfUtils.java:logGet(43)) - raft.rpc.type = GRPC (default)
2019-09-25 05:52:58,922 [Thread-1326] INFO  grpc.GrpcFactory (GrpcFactory.java:checkPooledByteBufAllocatorUseCacheForAllThreads(45)) - PERFORMANCE WARNING: useCacheForAllThreads is true that may cause Netty to create a lot garbage objects and, as a result, trigger GC.
	It is recommended to disable useCacheForAllThreads by setting -Dorg.apache.ratis.thirdparty.io.netty.allocator.useCacheForAllThreads=false in command line.
2019-09-25 05:52:58,922 [Thread-1326] INFO  grpc.GrpcConfigKeys$Server (ConfUtils.java:logGet(43)) - raft.grpc.server.port = 0 (default)
2019-09-25 05:52:58,922 [Thread-1326] INFO  server.GrpcService (ConfUtils.java:logGet(43)) - raft.grpc.message.size.max = 33570816 (custom)
2019-09-25 05:52:58,922 [Thread-1326] INFO  server.RaftServerConfigKeys (ConfUtils.java:logGet(43)) - raft.server.log.appender.buffer.byte-limit = 33554432 (custom)
2019-09-25 05:52:58,922 [Thread-1326] INFO  server.GrpcService (ConfUtils.java:logGet(43)) - raft.grpc.flow.control.window = 1MB (=1048576) (default)
2019-09-25 05:52:58,922 [Thread-1326] INFO  server.RaftServerConfigKeys (ConfUtils.java:logGet(43)) - raft.server.rpc.request.timeout = 3000ms (default)
2019-09-25 05:52:58,923 [Thread-1326] INFO  server.RaftServerConfigKeys (ConfUtils.java:logGet(43)) - raft.server.storage.dir = [/workdir/hadoop-ozone/ozonefs/target/test-dir/MiniOzoneClusterImpl-ec9cbae6-e51d-4388-8482-e19082e5b468/datanode-2/data/ratis] (custom)
2019-09-25 05:52:58,924 [Thread-1326] INFO  hdfs.DFSUtil (DFSUtil.java:httpServerTemplateForNNAndJN(1641)) - Starting Web-server for hddsDatanode at: http://0.0.0.0:0
2019-09-25 05:52:58,926 [Thread-1326] INFO  server.AuthenticationFilter (AuthenticationFilter.java:constructSecretProvider(240)) - Unable to initialize FileSignerSecretProvider, falling back to use random secrets.
2019-09-25 05:52:58,926 [Thread-1326] WARN  http.HttpRequestLog (HttpRequestLog.java:getRequestLog(97)) - Jetty request log can only be enabled using Log4j
2019-09-25 05:52:58,928 [Thread-1326] INFO  http.HttpServer2 (HttpServer2.java:addGlobalFilter(975)) - Added global filter 'safety' (class=org.apache.hadoop.http.HttpServer2$QuotingInputFilter)
2019-09-25 05:52:58,928 [Thread-1326] INFO  http.HttpServer2 (HttpServer2.java:addFilter(948)) - Added filter static_user_filter (class=org.apache.hadoop.http.lib.StaticUserWebFilter$StaticUserFilter) to context hddsDatanode
2019-09-25 05:52:58,929 [Thread-1326] INFO  http.HttpServer2 (HttpServer2.java:addFilter(958)) - Added filter static_user_filter (class=org.apache.hadoop.http.lib.StaticUserWebFilter$StaticUserFilter) to context logs
2019-09-25 05:52:58,929 [Thread-1326] INFO  http.HttpServer2 (HttpServer2.java:addFilter(958)) - Added filter static_user_filter (class=org.apache.hadoop.http.lib.StaticUserWebFilter$StaticUserFilter) to context static
2019-09-25 05:52:58,929 [Thread-1326] INFO  http.HttpServer2 (HttpServer2.java:bindListener(1191)) - Jetty bound to port 38513
2019-09-25 05:52:58,929 [Thread-1326] INFO  server.Server (Server.java:doStart(351)) - jetty-9.3.25.v20180904, build timestamp: 2018-09-04T21:11:46Z, git hash: 3ce520221d0240229c862b122d2b06c12a625732
2019-09-25 05:52:58,931 [Thread-1326] INFO  handler.ContextHandler (ContextHandler.java:doStart(781)) - Started o.e.j.s.ServletContextHandler@e500bba{/logs,file:///workdir/hadoop-ozone/ozonefs/target/log,AVAILABLE}
2019-09-25 05:52:58,931 [Thread-1326] INFO  handler.ContextHandler (ContextHandler.java:doStart(781)) - Started o.e.j.s.ServletContextHandler@1a948b98{/static,jar:file:/home/user/.m2/repository/org/apache/hadoop/hadoop-hdds-container-service/0.5.0-SNAPSHOT/hadoop-hdds-container-service-0.5.0-SNAPSHOT.jar!/webapps/static,AVAILABLE}
2019-09-25 05:52:58,972 [Thread-1326] INFO  handler.ContextHandler (ContextHandler.java:doStart(781)) - Started o.e.j.w.WebAppContext@bc5fde3{/,file:///tmp/jetty-0.0.0.0-38513-hddsDatanode-_-any-5780799485265529579.dir/webapp/,AVAILABLE}{/hddsDatanode}
2019-09-25 05:52:58,973 [Thread-1326] INFO  server.AbstractConnector (AbstractConnector.java:doStart(278)) - Started ServerConnector@7e0232d0{HTTP/1.1,[http/1.1]}{0.0.0.0:38513}
2019-09-25 05:52:58,974 [Thread-1326] INFO  server.Server (Server.java:doStart(419)) - Started @91851ms
2019-09-25 05:52:58,974 [Thread-1326] WARN  impl.MetricsSystemImpl (MetricsSystemImpl.java:register(276)) - Sink prometheus already exists!
2019-09-25 05:52:58,975 [Thread-1326] INFO  server.BaseHttpServer (BaseHttpServer.java:updateConnectorAddress(215)) - HTTP server of HDDSDATANODE is listening at http://0.0.0.0:38513
2019-09-25 05:52:58,976 [Thread-1326] INFO  ozone.MiniOzoneClusterImpl (MiniOzoneClusterImpl.java:lambda$waitForClusterToBeReady$0(147)) - Waiting for cluster to be ready. Got 0 of 3 DN Heartbeats.
2019-09-25 05:52:58,977 [org.apache.hadoop.util.JvmPauseMonitor$Monitor@691965dc] INFO  util.JvmPauseMonitor (JvmPauseMonitor.java:run(188)) - Starting JVM pause monitor
2019-09-25 05:52:58,979 [Datanode State Machine Thread - 0] INFO  datanode.InitDatanodeState (InitDatanodeState.java:persistContainerDatanodeDetails(140)) - DatanodeDetails is persisted to /workdir/hadoop-ozone/ozonefs/target/test-dir/MiniOzoneClusterImpl-ec9cbae6-e51d-4388-8482-e19082e5b468/datanode-2/meta/datanode.id
2019-09-25 05:52:59,976 [Thread-1326] INFO  ozone.MiniOzoneClusterImpl (MiniOzoneClusterImpl.java:lambda$waitForClusterToBeReady$0(147)) - Waiting for cluster to be ready. Got 0 of 3 DN Heartbeats.
2019-09-25 05:53:00,838 [Datanode State Machine Thread - 0] INFO  ozoneimpl.OzoneContainer (OzoneContainer.java:start(217)) - Attempting to start container services.
2019-09-25 05:53:00,840 [Datanode State Machine Thread - 0] INFO  ozoneimpl.OzoneContainer (OzoneContainer.java:startContainerScrub(179)) - Background container scanner has been disabled.
2019-09-25 05:53:00,841 [Datanode State Machine Thread - 0] INFO  ratis.XceiverServerRatis (XceiverServerRatis.java:start(411)) - Starting XceiverServerRatis 9d1d05b8-38cb-4125-b062-f30309294cc2 at port 0
2019-09-25 05:53:00,850 [Datanode State Machine Thread - 0] INFO  impl.RaftServerProxy (RaftServerProxy.java:lambda$start$3(299)) - 9d1d05b8-38cb-4125-b062-f30309294cc2: start RPC server
2019-09-25 05:53:00,855 [Datanode State Machine Thread - 0] INFO  server.GrpcService (GrpcService.java:startImpl(158)) - 9d1d05b8-38cb-4125-b062-f30309294cc2: GrpcService started, listening on 0.0.0.0/0.0.0.0:44387
2019-09-25 05:53:00,855 [Datanode State Machine Thread - 0] INFO  ratis.XceiverServerRatis (XceiverServerRatis.java:start(421)) - XceiverServerRatis 9d1d05b8-38cb-4125-b062-f30309294cc2 is started using port 44387
2019-09-25 05:53:00,856 [Datanode State Machine Thread - 0] INFO  server.XceiverServerGrpc (XceiverServerGrpc.java:start(149)) - XceiverServerGrpc 9d1d05b8-38cb-4125-b062-f30309294cc2 is started using port 39995
2019-09-25 05:53:00,909 [Datanode State Machine Thread - 0] INFO  ozoneimpl.OzoneContainer (OzoneContainer.java:start(217)) - Attempting to start container services.
2019-09-25 05:53:00,909 [Datanode State Machine Thread - 0] INFO  ozoneimpl.OzoneContainer (OzoneContainer.java:startContainerScrub(179)) - Background container scanner has been disabled.
2019-09-25 05:53:00,909 [Datanode State Machine Thread - 0] INFO  ratis.XceiverServerRatis (XceiverServerRatis.java:start(411)) - Starting XceiverServerRatis 72f1487d-ef6e-4360-9049-98595ab21d01 at port 0
2019-09-25 05:53:00,915 [Datanode State Machine Thread - 0] INFO  impl.RaftServerProxy (RaftServerProxy.java:lambda$start$3(299)) - 72f1487d-ef6e-4360-9049-98595ab21d01: start RPC server
2019-09-25 05:53:00,916 [Datanode State Machine Thread - 0] INFO  server.GrpcService (GrpcService.java:startImpl(158)) - 72f1487d-ef6e-4360-9049-98595ab21d01: GrpcService started, listening on 0.0.0.0/0.0.0.0:46703
2019-09-25 05:53:00,916 [Datanode State Machine Thread - 0] INFO  ratis.XceiverServerRatis (XceiverServerRatis.java:start(421)) - XceiverServerRatis 72f1487d-ef6e-4360-9049-98595ab21d01 is started using port 46703
2019-09-25 05:53:00,918 [Datanode State Machine Thread - 0] INFO  server.XceiverServerGrpc (XceiverServerGrpc.java:start(149)) - XceiverServerGrpc 72f1487d-ef6e-4360-9049-98595ab21d01 is started using port 46805
2019-09-25 05:53:00,977 [Thread-1326] INFO  ozone.MiniOzoneClusterImpl (MiniOzoneClusterImpl.java:lambda$waitForClusterToBeReady$0(147)) - Waiting for cluster to be ready. Got 0 of 3 DN Heartbeats.
2019-09-25 05:53:00,991 [Datanode State Machine Thread - 0] INFO  ozoneimpl.OzoneContainer (OzoneContainer.java:start(217)) - Attempting to start container services.
2019-09-25 05:53:00,991 [Datanode State Machine Thread - 0] INFO  ozoneimpl.OzoneContainer (OzoneContainer.java:startContainerScrub(179)) - Background container scanner has been disabled.
2019-09-25 05:53:00,991 [Datanode State Machine Thread - 0] INFO  ratis.XceiverServerRatis (XceiverServerRatis.java:start(411)) - Starting XceiverServerRatis 506f61c1-59c8-4ed5-a20b-d3f8124679c3 at port 0
2019-09-25 05:53:00,997 [Datanode State Machine Thread - 0] INFO  impl.RaftServerProxy (RaftServerProxy.java:lambda$start$3(299)) - 506f61c1-59c8-4ed5-a20b-d3f8124679c3: start RPC server
2019-09-25 05:53:00,998 [Datanode State Machine Thread - 0] INFO  server.GrpcService (GrpcService.java:startImpl(158)) - 506f61c1-59c8-4ed5-a20b-d3f8124679c3: GrpcService started, listening on 0.0.0.0/0.0.0.0:40958
2019-09-25 05:53:00,998 [Datanode State Machine Thread - 0] INFO  ratis.XceiverServerRatis (XceiverServerRatis.java:start(421)) - XceiverServerRatis 506f61c1-59c8-4ed5-a20b-d3f8124679c3 is started using port 40958
2019-09-25 05:53:00,999 [Datanode State Machine Thread - 0] INFO  server.XceiverServerGrpc (XceiverServerGrpc.java:start(149)) - XceiverServerGrpc 506f61c1-59c8-4ed5-a20b-d3f8124679c3 is started using port 43518
2019-09-25 05:53:01,977 [Thread-1326] INFO  ozone.MiniOzoneClusterImpl (MiniOzoneClusterImpl.java:lambda$waitForClusterToBeReady$0(147)) - Waiting for cluster to be ready. Got 0 of 3 DN Heartbeats.
2019-09-25 05:53:02,820 [IPC Server handler 1 on 33288] INFO  net.NetworkTopology (NetworkTopologyImpl.java:add(111)) - Added a new node: /default-rack/9d1d05b8-38cb-4125-b062-f30309294cc2
2019-09-25 05:53:02,822 [IPC Server handler 1 on 33288] INFO  node.SCMNodeManager (SCMNodeManager.java:register(266)) - Registered Data node : 9d1d05b8-38cb-4125-b062-f30309294cc2{ip: 192.168.5.161, host: pr-hdds-1569-zxpks-796972592, networkLocation: /default-rack, certSerialId: null}
2019-09-25 05:53:02,823 [EventQueue-NodeRegistrationContainerReportForDataNodeSafeModeRule] INFO  safemode.SCMSafeModeManager (DataNodeSafeModeRule.java:process(71)) - SCM in safe mode. 1 DataNodes registered, 1 required.
2019-09-25 05:53:02,825 [EventQueue-NodeRegistrationContainerReportForDataNodeSafeModeRule] INFO  safemode.SCMSafeModeManager (SCMSafeModeManager.java:validateSafeModeExitRules(177)) - ScmSafeModeManager, all rules are successfully validated
2019-09-25 05:53:02,825 [EventQueue-NodeRegistrationContainerReportForDataNodeSafeModeRule] INFO  safemode.SCMSafeModeManager (SCMSafeModeManager.java:exitSafeMode(193)) - SCM exiting safe mode.
2019-09-25 05:53:02,847 [grpc-default-executor-0] INFO  impl.RaftServerProxy (RaftServerProxy.java:addNew(89)) - 9d1d05b8-38cb-4125-b062-f30309294cc2: addNew group-15A062B1E243:[9d1d05b8-38cb-4125-b062-f30309294cc2:192.168.5.161:44387] returns group-15A062B1E243:java.util.concurrent.CompletableFuture@3230259b[Not completed]
2019-09-25 05:53:02,850 [pool-277-thread-1] INFO  impl.RaftServerImpl (RaftServerImpl.java:<init>(95)) - 9d1d05b8-38cb-4125-b062-f30309294cc2: new RaftServerImpl for group-15A062B1E243:[9d1d05b8-38cb-4125-b062-f30309294cc2:192.168.5.161:44387] with ContainerStateMachine:uninitialized
2019-09-25 05:53:02,850 [pool-277-thread-1] INFO  server.RaftServerConfigKeys (ConfUtils.java:logGet(43)) - raft.server.rpc.timeout.min = 5s (custom)
2019-09-25 05:53:02,850 [pool-277-thread-1] INFO  server.RaftServerConfigKeys (ConfUtils.java:logGet(43)) - raft.server.rpc.timeout.max = 5200ms (custom)
2019-09-25 05:53:02,850 [pool-277-thread-1] INFO  server.RaftServerConfigKeys (ConfUtils.java:logGet(43)) - raft.server.rpcslowness.timeout = 120s (custom)
2019-09-25 05:53:02,851 [pool-277-thread-1] INFO  server.RaftServerConfigKeys (ConfUtils.java:logGet(43)) - raft.server.sleep.deviation.threshold = 300 (default)
2019-09-25 05:53:02,851 [pool-277-thread-1] INFO  server.RaftServerConfigKeys (ConfUtils.java:logGet(43)) - raft.server.log.appender.install.snapshot.enabled = false (custom)
2019-09-25 05:53:02,851 [pool-277-thread-1] INFO  impl.RaftServerImpl (ServerState.java:<init>(103)) - 9d1d05b8-38cb-4125-b062-f30309294cc2@group-15A062B1E243: ConfigurationManager, init=-1: [9d1d05b8-38cb-4125-b062-f30309294cc2:192.168.5.161:44387], old=null, confs=<EMPTY_MAP>
2019-09-25 05:53:02,851 [pool-277-thread-1] INFO  server.RaftServerConfigKeys (ConfUtils.java:logGet(43)) - raft.server.storage.dir = [/workdir/hadoop-ozone/ozonefs/target/test-dir/MiniOzoneClusterImpl-ec9cbae6-e51d-4388-8482-e19082e5b468/datanode-0/data/ratis] (custom)
2019-09-25 05:53:02,852 [pool-277-thread-1] INFO  storage.RaftStorageDirectory (RaftStorageDirectory.java:analyzeStorage(246)) - The storage directory /workdir/hadoop-ozone/ozonefs/target/test-dir/MiniOzoneClusterImpl-ec9cbae6-e51d-4388-8482-e19082e5b468/datanode-0/data/ratis/92b3ede6-515b-4fa2-995f-15a062b1e243 does not exist. Creating ...
2019-09-25 05:53:02,867 [pool-277-thread-1] INFO  storage.RaftStorageDirectory (RaftStorageDirectory.java:tryLock(328)) - Lock on /workdir/hadoop-ozone/ozonefs/target/test-dir/MiniOzoneClusterImpl-ec9cbae6-e51d-4388-8482-e19082e5b468/datanode-0/data/ratis/92b3ede6-515b-4fa2-995f-15a062b1e243/in_use.lock acquired by nodename 13808@pr-hdds-1569-zxpks-796972592
2019-09-25 05:53:02,881 [pool-277-thread-1] INFO  storage.RaftStorage (RaftStorage.java:format(72)) - Storage directory /workdir/hadoop-ozone/ozonefs/target/test-dir/MiniOzoneClusterImpl-ec9cbae6-e51d-4388-8482-e19082e5b468/datanode-0/data/ratis/92b3ede6-515b-4fa2-995f-15a062b1e243 has been successfully formatted.
2019-09-25 05:53:02,882 [pool-277-thread-1] INFO  ratis.ContainerStateMachine (ContainerStateMachine.java:loadSnapshot(230)) - group-15A062B1E243: The snapshot info is null. Setting the last applied indexto:(t:0, i:~)
2019-09-25 05:53:02,882 [pool-277-thread-1] INFO  server.RaftServerConfigKeys (ConfUtils.java:logGet(43)) - raft.server.notification.no-leader.timeout = 120s (custom)
2019-09-25 05:53:02,882 [pool-277-thread-1] INFO  server.RaftServerConfigKeys (ConfUtils.java:logGet(43)) - raft.server.log.use.memory = false (default)
2019-09-25 05:53:02,882 [pool-277-thread-1] INFO  server.RaftServerConfigKeys (ConfUtils.java:logGet(43)) - raft.server.log.purge.gap = 1000000 (custom)
2019-09-25 05:53:02,882 [pool-277-thread-1] INFO  server.RaftServerConfigKeys (ConfUtils.java:logGet(43)) - raft.server.log.appender.buffer.byte-limit = 33554432 (custom)
2019-09-25 05:53:02,883 [pool-277-thread-1] INFO  server.RaftServerConfigKeys (ConfUtils.java:logGet(43)) - raft.server.log.segment.size.max = 1048576 (custom)
2019-09-25 05:53:02,883 [pool-277-thread-1] INFO  server.RaftServerConfigKeys (ConfUtils.java:logGet(43)) - raft.server.log.segment.cache.num.max = 2 (custom)
2019-09-25 05:53:02,883 [pool-277-thread-1] INFO  segmented.SegmentedRaftLogWorker (SegmentedRaftLogWorker.java:<init>(172)) - new 9d1d05b8-38cb-4125-b062-f30309294cc2@group-15A062B1E243-SegmentedRaftLogWorker for RaftStorage:Storage Directory /workdir/hadoop-ozone/ozonefs/target/test-dir/MiniOzoneClusterImpl-ec9cbae6-e51d-4388-8482-e19082e5b468/datanode-0/data/ratis/92b3ede6-515b-4fa2-995f-15a062b1e243
2019-09-25 05:53:02,885 [pool-277-thread-1] INFO  server.RaftServerConfigKeys (ConfUtils.java:logGet(43)) - raft.server.log.queue.byte-limit = 2147483647 (custom)
2019-09-25 05:53:02,885 [pool-277-thread-1] INFO  server.RaftServerConfigKeys (ConfUtils.java:logGet(43)) - raft.server.log.queue.element-limit = 1024 (custom)
2019-09-25 05:53:02,885 [pool-277-thread-1] INFO  server.RaftServerConfigKeys (ConfUtils.java:logGet(43)) - raft.server.log.segment.size.max = 1048576 (custom)
2019-09-25 05:53:02,885 [pool-277-thread-1] INFO  server.RaftServerConfigKeys (ConfUtils.java:logGet(43)) - raft.server.log.preallocated.size = 16384 (custom)
2019-09-25 05:53:02,885 [pool-277-thread-1] INFO  server.RaftServerConfigKeys (ConfUtils.java:logGet(43)) - raft.server.log.write.buffer.size = 33554432 (custom)
2019-09-25 05:53:02,885 [pool-277-thread-1] INFO  server.RaftServerConfigKeys (ConfUtils.java:logGet(43)) - raft.server.log.force.sync.num = 128 (default)
2019-09-25 05:53:02,885 [pool-277-thread-1] INFO  server.RaftServerConfigKeys (ConfUtils.java:logGet(43)) - raft.server.log.statemachine.data.sync = true (default)
2019-09-25 05:53:02,886 [pool-277-thread-1] INFO  server.RaftServerConfigKeys (ConfUtils.java:logGet(43)) - raft.server.log.statemachine.data.sync.timeout = 10s (default)
2019-09-25 05:53:02,886 [pool-277-thread-1] INFO  server.RaftServerConfigKeys (ConfUtils.java:logGet(43)) - raft.server.log.statemachine.data.sync.timeout.retry = -1 (default)
2019-09-25 05:53:02,886 [pool-277-thread-1] INFO  server.RaftServerConfigKeys (ConfUtils.java:logGet(43)) - raft.server.log.statemachine.data.caching.enabled = true (custom)
2019-09-25 05:53:02,886 [pool-277-thread-1] INFO  segmented.SegmentedRaftLogWorker (SegmentedRaftLogWorker.java:lambda$new$0(132)) - 9d1d05b8-38cb-4125-b062-f30309294cc2@group-15A062B1E243-SegmentedRaftLogWorker: flushIndex: setUnconditionally 0 -> -1
2019-09-25 05:53:02,887 [pool-277-thread-1] INFO  server.RaftServerConfigKeys (ConfUtils.java:logGet(43)) - raft.server.snapshot.auto.trigger.enabled = true (custom)
2019-09-25 05:53:02,887 [pool-277-thread-1] INFO  server.RaftServerConfigKeys (ConfUtils.java:logGet(43)) - raft.server.snapshot.auto.trigger.threshold = 10000 (custom)
2019-09-25 05:53:02,887 [pool-277-thread-1] INFO  server.RaftServerConfigKeys (ConfUtils.java:logGet(43)) - raft.server.snapshot.retention.num.files = 5 (custom)
2019-09-25 05:53:02,887 [pool-277-thread-1] INFO  server.RaftServerConfigKeys (ConfUtils.java:logGet(43)) - raft.server.retrycache.expirytime = 600000ms (custom)
2019-09-25 05:53:02,889 [pool-277-thread-1] INFO  impl.RaftServerImpl (RaftServerImpl.java:start(185)) - 9d1d05b8-38cb-4125-b062-f30309294cc2@group-15A062B1E243: start as a follower, conf=-1: [9d1d05b8-38cb-4125-b062-f30309294cc2:192.168.5.161:44387], old=null
2019-09-25 05:53:02,889 [pool-277-thread-1] INFO  impl.RaftServerImpl (RaftServerImpl.java:setRole(174)) - 9d1d05b8-38cb-4125-b062-f30309294cc2@group-15A062B1E243: changes role from      null to FOLLOWER at term 0 for startAsFollower
2019-09-25 05:53:02,889 [pool-277-thread-1] INFO  impl.RoleInfo (RoleInfo.java:updateAndGet(143)) - 9d1d05b8-38cb-4125-b062-f30309294cc2: start FollowerState
2019-09-25 05:53:02,890 [pool-277-thread-1] INFO  util.JmxRegister (JmxRegister.java:tryRegister(44)) - Successfully registered JMX Bean with object name Ratis:service=RaftServer,group=group-15A062B1E243,id=9d1d05b8-38cb-4125-b062-f30309294cc2
2019-09-25 05:53:02,893 [RatisPipelineUtilsThread] INFO  pipeline.PipelineStateManager (PipelineStateManager.java:addPipeline(56)) - Created pipeline Pipeline[ Id: 92b3ede6-515b-4fa2-995f-15a062b1e243, Nodes: 9d1d05b8-38cb-4125-b062-f30309294cc2{ip: 192.168.5.161, host: pr-hdds-1569-zxpks-796972592, networkLocation: /default-rack, certSerialId: null}, Type:RATIS, Factor:ONE, State:OPEN]
2019-09-25 05:53:02,896 [IPC Server handler 2 on 33288] INFO  net.NetworkTopology (NetworkTopologyImpl.java:add(111)) - Added a new node: /default-rack/72f1487d-ef6e-4360-9049-98595ab21d01
2019-09-25 05:53:02,896 [IPC Server handler 2 on 33288] INFO  node.SCMNodeManager (SCMNodeManager.java:register(266)) - Registered Data node : 72f1487d-ef6e-4360-9049-98595ab21d01{ip: 192.168.5.161, host: pr-hdds-1569-zxpks-796972592, networkLocation: /default-rack, certSerialId: null}
2019-09-25 05:53:02,901 [grpc-default-executor-0] INFO  impl.RaftServerProxy (RaftServerProxy.java:addNew(89)) - 9d1d05b8-38cb-4125-b062-f30309294cc2: addNew group-7B1F408DD57D:[9d1d05b8-38cb-4125-b062-f30309294cc2:192.168.5.161:44387] returns group-7B1F408DD57D:java.util.concurrent.CompletableFuture@3c8d089[Not completed]
2019-09-25 05:53:02,902 [pool-277-thread-1] INFO  impl.RaftServerImpl (RaftServerImpl.java:<init>(95)) - 9d1d05b8-38cb-4125-b062-f30309294cc2: new RaftServerImpl for group-7B1F408DD57D:[9d1d05b8-38cb-4125-b062-f30309294cc2:192.168.5.161:44387] with ContainerStateMachine:uninitialized
2019-09-25 05:53:02,902 [pool-277-thread-1] INFO  server.RaftServerConfigKeys (ConfUtils.java:logGet(43)) - raft.server.rpc.timeout.min = 5s (custom)
2019-09-25 05:53:02,903 [pool-277-thread-1] INFO  server.RaftServerConfigKeys (ConfUtils.java:logGet(43)) - raft.server.rpc.timeout.max = 5200ms (custom)
2019-09-25 05:53:02,903 [pool-277-thread-1] INFO  server.RaftServerConfigKeys (ConfUtils.java:logGet(43)) - raft.server.rpcslowness.timeout = 120s (custom)
2019-09-25 05:53:02,903 [pool-277-thread-1] INFO  server.RaftServerConfigKeys (ConfUtils.java:logGet(43)) - raft.server.sleep.deviation.threshold = 300 (default)
2019-09-25 05:53:02,903 [pool-277-thread-1] INFO  server.RaftServerConfigKeys (ConfUtils.java:logGet(43)) - raft.server.log.appender.install.snapshot.enabled = false (custom)
2019-09-25 05:53:02,903 [pool-277-thread-1] INFO  impl.RaftServerImpl (ServerState.java:<init>(103)) - 9d1d05b8-38cb-4125-b062-f30309294cc2@group-7B1F408DD57D: ConfigurationManager, init=-1: [9d1d05b8-38cb-4125-b062-f30309294cc2:192.168.5.161:44387], old=null, confs=<EMPTY_MAP>
2019-09-25 05:53:02,903 [pool-277-thread-1] INFO  server.RaftServerConfigKeys (ConfUtils.java:logGet(43)) - raft.server.storage.dir = [/workdir/hadoop-ozone/ozonefs/target/test-dir/MiniOzoneClusterImpl-ec9cbae6-e51d-4388-8482-e19082e5b468/datanode-0/data/ratis] (custom)
2019-09-25 05:53:02,904 [pool-277-thread-1] INFO  storage.RaftStorageDirectory (RaftStorageDirectory.java:analyzeStorage(246)) - The storage directory /workdir/hadoop-ozone/ozonefs/target/test-dir/MiniOzoneClusterImpl-ec9cbae6-e51d-4388-8482-e19082e5b468/datanode-0/data/ratis/ca81dfb5-813c-4626-a098-7b1f408dd57d does not exist. Creating ...
2019-09-25 05:53:02,916 [pool-277-thread-1] INFO  storage.RaftStorageDirectory (RaftStorageDirectory.java:tryLock(328)) - Lock on /workdir/hadoop-ozone/ozonefs/target/test-dir/MiniOzoneClusterImpl-ec9cbae6-e51d-4388-8482-e19082e5b468/datanode-0/data/ratis/ca81dfb5-813c-4626-a098-7b1f408dd57d/in_use.lock acquired by nodename 13808@pr-hdds-1569-zxpks-796972592
2019-09-25 05:53:02,930 [pool-277-thread-1] INFO  storage.RaftStorage (RaftStorage.java:format(72)) - Storage directory /workdir/hadoop-ozone/ozonefs/target/test-dir/MiniOzoneClusterImpl-ec9cbae6-e51d-4388-8482-e19082e5b468/datanode-0/data/ratis/ca81dfb5-813c-4626-a098-7b1f408dd57d has been successfully formatted.
2019-09-25 05:53:02,930 [pool-277-thread-1] INFO  ratis.ContainerStateMachine (ContainerStateMachine.java:loadSnapshot(230)) - group-7B1F408DD57D: The snapshot info is null. Setting the last applied indexto:(t:0, i:~)
2019-09-25 05:53:02,930 [pool-277-thread-1] INFO  server.RaftServerConfigKeys (ConfUtils.java:logGet(43)) - raft.server.notification.no-leader.timeout = 120s (custom)
2019-09-25 05:53:02,930 [pool-277-thread-1] INFO  server.RaftServerConfigKeys (ConfUtils.java:logGet(43)) - raft.server.log.use.memory = false (default)
2019-09-25 05:53:02,930 [pool-277-thread-1] INFO  server.RaftServerConfigKeys (ConfUtils.java:logGet(43)) - raft.server.log.purge.gap = 1000000 (custom)
2019-09-25 05:53:02,930 [pool-277-thread-1] INFO  server.RaftServerConfigKeys (ConfUtils.java:logGet(43)) - raft.server.log.appender.buffer.byte-limit = 33554432 (custom)
2019-09-25 05:53:02,930 [pool-277-thread-1] INFO  server.RaftServerConfigKeys (ConfUtils.java:logGet(43)) - raft.server.log.segment.size.max = 1048576 (custom)
2019-09-25 05:53:02,930 [pool-277-thread-1] INFO  server.RaftServerConfigKeys (ConfUtils.java:logGet(43)) - raft.server.log.segment.cache.num.max = 2 (custom)
2019-09-25 05:53:02,931 [pool-277-thread-1] INFO  segmented.SegmentedRaftLogWorker (SegmentedRaftLogWorker.java:<init>(172)) - new 9d1d05b8-38cb-4125-b062-f30309294cc2@group-7B1F408DD57D-SegmentedRaftLogWorker for RaftStorage:Storage Directory /workdir/hadoop-ozone/ozonefs/target/test-dir/MiniOzoneClusterImpl-ec9cbae6-e51d-4388-8482-e19082e5b468/datanode-0/data/ratis/ca81dfb5-813c-4626-a098-7b1f408dd57d
2019-09-25 05:53:02,931 [pool-277-thread-1] INFO  server.RaftServerConfigKeys (ConfUtils.java:logGet(43)) - raft.server.log.queue.byte-limit = 2147483647 (custom)
2019-09-25 05:53:02,931 [pool-277-thread-1] INFO  server.RaftServerConfigKeys (ConfUtils.java:logGet(43)) - raft.server.log.queue.element-limit = 1024 (custom)
2019-09-25 05:53:02,931 [pool-277-thread-1] INFO  server.RaftServerConfigKeys (ConfUtils.java:logGet(43)) - raft.server.log.segment.size.max = 1048576 (custom)
2019-09-25 05:53:02,931 [pool-277-thread-1] INFO  server.RaftServerConfigKeys (ConfUtils.java:logGet(43)) - raft.server.log.preallocated.size = 16384 (custom)
2019-09-25 05:53:02,931 [pool-277-thread-1] INFO  server.RaftServerConfigKeys (ConfUtils.java:logGet(43)) - raft.server.log.write.buffer.size = 33554432 (custom)
2019-09-25 05:53:02,931 [pool-277-thread-1] INFO  server.RaftServerConfigKeys (ConfUtils.java:logGet(43)) - raft.server.log.force.sync.num = 128 (default)
2019-09-25 05:53:02,931 [pool-277-thread-1] INFO  server.RaftServerConfigKeys (ConfUtils.java:logGet(43)) - raft.server.log.statemachine.data.sync = true (default)
2019-09-25 05:53:02,932 [pool-277-thread-1] INFO  server.RaftServerConfigKeys (ConfUtils.java:logGet(43)) - raft.server.log.statemachine.data.sync.timeout = 10s (default)
2019-09-25 05:53:02,932 [pool-277-thread-1] INFO  server.RaftServerConfigKeys (ConfUtils.java:logGet(43)) - raft.server.log.statemachine.data.sync.timeout.retry = -1 (default)
2019-09-25 05:53:02,932 [pool-277-thread-1] INFO  server.RaftServerConfigKeys (ConfUtils.java:logGet(43)) - raft.server.log.statemachine.data.caching.enabled = true (custom)
2019-09-25 05:53:02,932 [pool-277-thread-1] INFO  segmented.SegmentedRaftLogWorker (SegmentedRaftLogWorker.java:lambda$new$0(132)) - 9d1d05b8-38cb-4125-b062-f30309294cc2@group-7B1F408DD57D-SegmentedRaftLogWorker: flushIndex: setUnconditionally 0 -> -1
2019-09-25 05:53:02,932 [pool-277-thread-1] INFO  server.RaftServerConfigKeys (ConfUtils.java:logGet(43)) - raft.server.snapshot.auto.trigger.enabled = true (custom)
2019-09-25 05:53:02,933 [pool-277-thread-1] INFO  server.RaftServerConfigKeys (ConfUtils.java:logGet(43)) - raft.server.snapshot.auto.trigger.threshold = 10000 (custom)
2019-09-25 05:53:02,933 [pool-277-thread-1] INFO  server.RaftServerConfigKeys (ConfUtils.java:logGet(43)) - raft.server.snapshot.retention.num.files = 5 (custom)
2019-09-25 05:53:02,933 [pool-277-thread-1] INFO  server.RaftServerConfigKeys (ConfUtils.java:logGet(43)) - raft.server.retrycache.expirytime = 600000ms (custom)
2019-09-25 05:53:02,934 [pool-277-thread-1] INFO  impl.RaftServerImpl (RaftServerImpl.java:start(185)) - 9d1d05b8-38cb-4125-b062-f30309294cc2@group-7B1F408DD57D: start as a follower, conf=-1: [9d1d05b8-38cb-4125-b062-f30309294cc2:192.168.5.161:44387], old=null
2019-09-25 05:53:02,934 [pool-277-thread-1] INFO  impl.RaftServerImpl (RaftServerImpl.java:setRole(174)) - 9d1d05b8-38cb-4125-b062-f30309294cc2@group-7B1F408DD57D: changes role from      null to FOLLOWER at term 0 for startAsFollower
2019-09-25 05:53:02,935 [pool-277-thread-1] INFO  impl.RoleInfo (RoleInfo.java:updateAndGet(143)) - 9d1d05b8-38cb-4125-b062-f30309294cc2: start FollowerState
2019-09-25 05:53:02,935 [pool-277-thread-1] INFO  util.JmxRegister (JmxRegister.java:tryRegister(44)) - Successfully registered JMX Bean with object name Ratis:service=RaftServer,group=group-7B1F408DD57D,id=9d1d05b8-38cb-4125-b062-f30309294cc2
2019-09-25 05:53:02,938 [RatisPipelineUtilsThread] INFO  pipeline.PipelineStateManager (PipelineStateManager.java:addPipeline(56)) - Created pipeline Pipeline[ Id: ca81dfb5-813c-4626-a098-7b1f408dd57d, Nodes: 9d1d05b8-38cb-4125-b062-f30309294cc2{ip: 192.168.5.161, host: pr-hdds-1569-zxpks-796972592, networkLocation: /default-rack, certSerialId: null}, Type:RATIS, Factor:ONE, State:OPEN]
2019-09-25 05:53:02,943 [grpc-default-executor-0] INFO  impl.RaftServerProxy (RaftServerProxy.java:addNew(89)) - 9d1d05b8-38cb-4125-b062-f30309294cc2: addNew group-4A4F178D2F0E:[9d1d05b8-38cb-4125-b062-f30309294cc2:192.168.5.161:44387] returns group-4A4F178D2F0E:java.util.concurrent.CompletableFuture@521fdad4[Not completed]
2019-09-25 05:53:02,944 [pool-277-thread-1] INFO  impl.RaftServerImpl (RaftServerImpl.java:<init>(95)) - 9d1d05b8-38cb-4125-b062-f30309294cc2: new RaftServerImpl for group-4A4F178D2F0E:[9d1d05b8-38cb-4125-b062-f30309294cc2:192.168.5.161:44387] with ContainerStateMachine:uninitialized
2019-09-25 05:53:02,944 [pool-277-thread-1] INFO  server.RaftServerConfigKeys (ConfUtils.java:logGet(43)) - raft.server.rpc.timeout.min = 5s (custom)
2019-09-25 05:53:02,944 [pool-277-thread-1] INFO  server.RaftServerConfigKeys (ConfUtils.java:logGet(43)) - raft.server.rpc.timeout.max = 5200ms (custom)
2019-09-25 05:53:02,944 [pool-277-thread-1] INFO  server.RaftServerConfigKeys (ConfUtils.java:logGet(43)) - raft.server.rpcslowness.timeout = 120s (custom)
2019-09-25 05:53:02,945 [pool-277-thread-1] INFO  server.RaftServerConfigKeys (ConfUtils.java:logGet(43)) - raft.server.sleep.deviation.threshold = 300 (default)
2019-09-25 05:53:02,945 [pool-277-thread-1] INFO  server.RaftServerConfigKeys (ConfUtils.java:logGet(43)) - raft.server.log.appender.install.snapshot.enabled = false (custom)
2019-09-25 05:53:02,945 [pool-277-thread-1] INFO  impl.RaftServerImpl (ServerState.java:<init>(103)) - 9d1d05b8-38cb-4125-b062-f30309294cc2@group-4A4F178D2F0E: ConfigurationManager, init=-1: [9d1d05b8-38cb-4125-b062-f30309294cc2:192.168.5.161:44387], old=null, confs=<EMPTY_MAP>
2019-09-25 05:53:02,945 [pool-277-thread-1] INFO  server.RaftServerConfigKeys (ConfUtils.java:logGet(43)) - raft.server.storage.dir = [/workdir/hadoop-ozone/ozonefs/target/test-dir/MiniOzoneClusterImpl-ec9cbae6-e51d-4388-8482-e19082e5b468/datanode-0/data/ratis] (custom)
2019-09-25 05:53:02,945 [pool-277-thread-1] INFO  storage.RaftStorageDirectory (RaftStorageDirectory.java:analyzeStorage(246)) - The storage directory /workdir/hadoop-ozone/ozonefs/target/test-dir/MiniOzoneClusterImpl-ec9cbae6-e51d-4388-8482-e19082e5b468/datanode-0/data/ratis/9bf4892c-d2c9-47a4-9e67-4a4f178d2f0e does not exist. Creating ...
2019-09-25 05:53:02,958 [pool-277-thread-1] INFO  storage.RaftStorageDirectory (RaftStorageDirectory.java:tryLock(328)) - Lock on /workdir/hadoop-ozone/ozonefs/target/test-dir/MiniOzoneClusterImpl-ec9cbae6-e51d-4388-8482-e19082e5b468/datanode-0/data/ratis/9bf4892c-d2c9-47a4-9e67-4a4f178d2f0e/in_use.lock acquired by nodename 13808@pr-hdds-1569-zxpks-796972592
2019-09-25 05:53:02,970 [pool-277-thread-1] INFO  storage.RaftStorage (RaftStorage.java:format(72)) - Storage directory /workdir/hadoop-ozone/ozonefs/target/test-dir/MiniOzoneClusterImpl-ec9cbae6-e51d-4388-8482-e19082e5b468/datanode-0/data/ratis/9bf4892c-d2c9-47a4-9e67-4a4f178d2f0e has been successfully formatted.
2019-09-25 05:53:02,970 [pool-277-thread-1] INFO  ratis.ContainerStateMachine (ContainerStateMachine.java:loadSnapshot(230)) - group-4A4F178D2F0E: The snapshot info is null. Setting the last applied indexto:(t:0, i:~)
2019-09-25 05:53:02,971 [pool-277-thread-1] INFO  server.RaftServerConfigKeys (ConfUtils.java:logGet(43)) - raft.server.notification.no-leader.timeout = 120s (custom)
2019-09-25 05:53:02,971 [pool-277-thread-1] INFO  server.RaftServerConfigKeys (ConfUtils.java:logGet(43)) - raft.server.log.use.memory = false (default)
2019-09-25 05:53:02,971 [pool-277-thread-1] INFO  server.RaftServerConfigKeys (ConfUtils.java:logGet(43)) - raft.server.log.purge.gap = 1000000 (custom)
2019-09-25 05:53:02,971 [pool-277-thread-1] INFO  server.RaftServerConfigKeys (ConfUtils.java:logGet(43)) - raft.server.log.appender.buffer.byte-limit = 33554432 (custom)
2019-09-25 05:53:02,971 [pool-277-thread-1] INFO  server.RaftServerConfigKeys (ConfUtils.java:logGet(43)) - raft.server.log.segment.size.max = 1048576 (custom)
2019-09-25 05:53:02,972 [pool-277-thread-1] INFO  server.RaftServerConfigKeys (ConfUtils.java:logGet(43)) - raft.server.log.segment.cache.num.max = 2 (custom)
2019-09-25 05:53:02,972 [pool-277-thread-1] INFO  segmented.SegmentedRaftLogWorker (SegmentedRaftLogWorker.java:<init>(172)) - new 9d1d05b8-38cb-4125-b062-f30309294cc2@group-4A4F178D2F0E-SegmentedRaftLogWorker for RaftStorage:Storage Directory /workdir/hadoop-ozone/ozonefs/target/test-dir/MiniOzoneClusterImpl-ec9cbae6-e51d-4388-8482-e19082e5b468/datanode-0/data/ratis/9bf4892c-d2c9-47a4-9e67-4a4f178d2f0e
2019-09-25 05:53:02,972 [pool-277-thread-1] INFO  server.RaftServerConfigKeys (ConfUtils.java:logGet(43)) - raft.server.log.queue.byte-limit = 2147483647 (custom)
2019-09-25 05:53:02,972 [pool-277-thread-1] INFO  server.RaftServerConfigKeys (ConfUtils.java:logGet(43)) - raft.server.log.queue.element-limit = 1024 (custom)
2019-09-25 05:53:02,972 [pool-277-thread-1] INFO  server.RaftServerConfigKeys (ConfUtils.java:logGet(43)) - raft.server.log.segment.size.max = 1048576 (custom)
2019-09-25 05:53:02,972 [pool-277-thread-1] INFO  server.RaftServerConfigKeys (ConfUtils.java:logGet(43)) - raft.server.log.preallocated.size = 16384 (custom)
2019-09-25 05:53:02,973 [pool-277-thread-1] INFO  server.RaftServerConfigKeys (ConfUtils.java:logGet(43)) - raft.server.log.write.buffer.size = 33554432 (custom)
2019-09-25 05:53:02,973 [pool-277-thread-1] INFO  server.RaftServerConfigKeys (ConfUtils.java:logGet(43)) - raft.server.log.force.sync.num = 128 (default)
2019-09-25 05:53:02,973 [pool-277-thread-1] INFO  server.RaftServerConfigKeys (ConfUtils.java:logGet(43)) - raft.server.log.statemachine.data.sync = true (default)
2019-09-25 05:53:02,973 [pool-277-thread-1] INFO  server.RaftServerConfigKeys (ConfUtils.java:logGet(43)) - raft.server.log.statemachine.data.sync.timeout = 10s (default)
2019-09-25 05:53:02,973 [pool-277-thread-1] INFO  server.RaftServerConfigKeys (ConfUtils.java:logGet(43)) - raft.server.log.statemachine.data.sync.timeout.retry = -1 (default)
2019-09-25 05:53:02,973 [pool-277-thread-1] INFO  server.RaftServerConfigKeys (ConfUtils.java:logGet(43)) - raft.server.log.statemachine.data.caching.enabled = true (custom)
2019-09-25 05:53:02,974 [pool-277-thread-1] INFO  segmented.SegmentedRaftLogWorker (SegmentedRaftLogWorker.java:lambda$new$0(132)) - 9d1d05b8-38cb-4125-b062-f30309294cc2@group-4A4F178D2F0E-SegmentedRaftLogWorker: flushIndex: setUnconditionally 0 -> -1
2019-09-25 05:53:02,974 [pool-277-thread-1] INFO  server.RaftServerConfigKeys (ConfUtils.java:logGet(43)) - raft.server.snapshot.auto.trigger.enabled = true (custom)
2019-09-25 05:53:02,974 [pool-277-thread-1] INFO  server.RaftServerConfigKeys (ConfUtils.java:logGet(43)) - raft.server.snapshot.auto.trigger.threshold = 10000 (custom)
2019-09-25 05:53:02,974 [pool-277-thread-1] INFO  server.RaftServerConfigKeys (ConfUtils.java:logGet(43)) - raft.server.snapshot.retention.num.files = 5 (custom)
2019-09-25 05:53:02,975 [pool-277-thread-1] INFO  server.RaftServerConfigKeys (ConfUtils.java:logGet(43)) - raft.server.retrycache.expirytime = 600000ms (custom)
2019-09-25 05:53:02,977 [pool-277-thread-1] INFO  impl.RaftServerImpl (RaftServerImpl.java:start(185)) - 9d1d05b8-38cb-4125-b062-f30309294cc2@group-4A4F178D2F0E: start as a follower, conf=-1: [9d1d05b8-38cb-4125-b062-f30309294cc2:192.168.5.161:44387], old=null
2019-09-25 05:53:02,977 [pool-277-thread-1] INFO  impl.RaftServerImpl (RaftServerImpl.java:setRole(174)) - 9d1d05b8-38cb-4125-b062-f30309294cc2@group-4A4F178D2F0E: changes role from      null to FOLLOWER at term 0 for startAsFollower
2019-09-25 05:53:02,977 [pool-277-thread-1] INFO  impl.RoleInfo (RoleInfo.java:updateAndGet(143)) - 9d1d05b8-38cb-4125-b062-f30309294cc2: start FollowerState
2019-09-25 05:53:02,977 [pool-277-thread-1] INFO  util.JmxRegister (JmxRegister.java:tryRegister(44)) - Successfully registered JMX Bean with object name Ratis:service=RaftServer,group=group-4A4F178D2F0E,id=9d1d05b8-38cb-4125-b062-f30309294cc2
2019-09-25 05:53:02,978 [Thread-1326] INFO  ozone.MiniOzoneClusterImpl (MiniOzoneClusterImpl.java:lambda$waitForClusterToBeReady$0(147)) - Waiting for cluster to be ready. Got 2 of 3 DN Heartbeats.
2019-09-25 05:53:02,980 [IPC Server handler 0 on 33288] INFO  net.NetworkTopology (NetworkTopologyImpl.java:add(111)) - Added a new node: /default-rack/506f61c1-59c8-4ed5-a20b-d3f8124679c3
2019-09-25 05:53:02,980 [IPC Server handler 0 on 33288] INFO  node.SCMNodeManager (SCMNodeManager.java:register(266)) - Registered Data node : 506f61c1-59c8-4ed5-a20b-d3f8124679c3{ip: 192.168.5.161, host: pr-hdds-1569-zxpks-796972592, networkLocation: /default-rack, certSerialId: null}
2019-09-25 05:53:02,980 [RatisPipelineUtilsThread] INFO  pipeline.PipelineStateManager (PipelineStateManager.java:addPipeline(56)) - Created pipeline Pipeline[ Id: 9bf4892c-d2c9-47a4-9e67-4a4f178d2f0e, Nodes: 9d1d05b8-38cb-4125-b062-f30309294cc2{ip: 192.168.5.161, host: pr-hdds-1569-zxpks-796972592, networkLocation: /default-rack, certSerialId: null}, Type:RATIS, Factor:ONE, State:OPEN]
2019-09-25 05:53:02,986 [grpc-default-executor-0] INFO  impl.RaftServerProxy (RaftServerProxy.java:addNew(89)) - 9d1d05b8-38cb-4125-b062-f30309294cc2: addNew group-00417CBC0928:[9d1d05b8-38cb-4125-b062-f30309294cc2:192.168.5.161:44387] returns group-00417CBC0928:java.util.concurrent.CompletableFuture@1a5850c2[Not completed]
2019-09-25 05:53:02,987 [pool-277-thread-1] INFO  impl.RaftServerImpl (RaftServerImpl.java:<init>(95)) - 9d1d05b8-38cb-4125-b062-f30309294cc2: new RaftServerImpl for group-00417CBC0928:[9d1d05b8-38cb-4125-b062-f30309294cc2:192.168.5.161:44387] with ContainerStateMachine:uninitialized
2019-09-25 05:53:02,987 [pool-277-thread-1] INFO  server.RaftServerConfigKeys (ConfUtils.java:logGet(43)) - raft.server.rpc.timeout.min = 5s (custom)
2019-09-25 05:53:02,987 [pool-277-thread-1] INFO  server.RaftServerConfigKeys (ConfUtils.java:logGet(43)) - raft.server.rpc.timeout.max = 5200ms (custom)
2019-09-25 05:53:02,987 [pool-277-thread-1] INFO  server.RaftServerConfigKeys (ConfUtils.java:logGet(43)) - raft.server.rpcslowness.timeout = 120s (custom)
2019-09-25 05:53:02,987 [pool-277-thread-1] INFO  server.RaftServerConfigKeys (ConfUtils.java:logGet(43)) - raft.server.sleep.deviation.threshold = 300 (default)
2019-09-25 05:53:02,988 [pool-277-thread-1] INFO  server.RaftServerConfigKeys (ConfUtils.java:logGet(43)) - raft.server.log.appender.install.snapshot.enabled = false (custom)
2019-09-25 05:53:02,988 [pool-277-thread-1] INFO  impl.RaftServerImpl (ServerState.java:<init>(103)) - 9d1d05b8-38cb-4125-b062-f30309294cc2@group-00417CBC0928: ConfigurationManager, init=-1: [9d1d05b8-38cb-4125-b062-f30309294cc2:192.168.5.161:44387], old=null, confs=<EMPTY_MAP>
2019-09-25 05:53:02,988 [pool-277-thread-1] INFO  server.RaftServerConfigKeys (ConfUtils.java:logGet(43)) - raft.server.storage.dir = [/workdir/hadoop-ozone/ozonefs/target/test-dir/MiniOzoneClusterImpl-ec9cbae6-e51d-4388-8482-e19082e5b468/datanode-0/data/ratis] (custom)
2019-09-25 05:53:02,988 [pool-277-thread-1] INFO  storage.RaftStorageDirectory (RaftStorageDirectory.java:analyzeStorage(246)) - The storage directory /workdir/hadoop-ozone/ozonefs/target/test-dir/MiniOzoneClusterImpl-ec9cbae6-e51d-4388-8482-e19082e5b468/datanode-0/data/ratis/d57d7c02-7425-4e34-9bea-00417cbc0928 does not exist. Creating ...
2019-09-25 05:53:03,001 [pool-277-thread-1] INFO  storage.RaftStorageDirectory (RaftStorageDirectory.java:tryLock(328)) - Lock on /workdir/hadoop-ozone/ozonefs/target/test-dir/MiniOzoneClusterImpl-ec9cbae6-e51d-4388-8482-e19082e5b468/datanode-0/data/ratis/d57d7c02-7425-4e34-9bea-00417cbc0928/in_use.lock acquired by nodename 13808@pr-hdds-1569-zxpks-796972592
2019-09-25 05:53:03,014 [pool-277-thread-1] INFO  storage.RaftStorage (RaftStorage.java:format(72)) - Storage directory /workdir/hadoop-ozone/ozonefs/target/test-dir/MiniOzoneClusterImpl-ec9cbae6-e51d-4388-8482-e19082e5b468/datanode-0/data/ratis/d57d7c02-7425-4e34-9bea-00417cbc0928 has been successfully formatted.
2019-09-25 05:53:03,015 [pool-277-thread-1] INFO  ratis.ContainerStateMachine (ContainerStateMachine.java:loadSnapshot(230)) - group-00417CBC0928: The snapshot info is null. Setting the last applied indexto:(t:0, i:~)
2019-09-25 05:53:03,015 [pool-277-thread-1] INFO  server.RaftServerConfigKeys (ConfUtils.java:logGet(43)) - raft.server.notification.no-leader.timeout = 120s (custom)
2019-09-25 05:53:03,015 [pool-277-thread-1] INFO  server.RaftServerConfigKeys (ConfUtils.java:logGet(43)) - raft.server.log.use.memory = false (default)
2019-09-25 05:53:03,015 [pool-277-thread-1] INFO  server.RaftServerConfigKeys (ConfUtils.java:logGet(43)) - raft.server.log.purge.gap = 1000000 (custom)
2019-09-25 05:53:03,015 [pool-277-thread-1] INFO  server.RaftServerConfigKeys (ConfUtils.java:logGet(43)) - raft.server.log.appender.buffer.byte-limit = 33554432 (custom)
2019-09-25 05:53:03,015 [pool-277-thread-1] INFO  server.RaftServerConfigKeys (ConfUtils.java:logGet(43)) - raft.server.log.segment.size.max = 1048576 (custom)
2019-09-25 05:53:03,016 [pool-277-thread-1] INFO  server.RaftServerConfigKeys (ConfUtils.java:logGet(43)) - raft.server.log.segment.cache.num.max = 2 (custom)
2019-09-25 05:53:03,016 [pool-277-thread-1] INFO  segmented.SegmentedRaftLogWorker (SegmentedRaftLogWorker.java:<init>(172)) - new 9d1d05b8-38cb-4125-b062-f30309294cc2@group-00417CBC0928-SegmentedRaftLogWorker for RaftStorage:Storage Directory /workdir/hadoop-ozone/ozonefs/target/test-dir/MiniOzoneClusterImpl-ec9cbae6-e51d-4388-8482-e19082e5b468/datanode-0/data/ratis/d57d7c02-7425-4e34-9bea-00417cbc0928
2019-09-25 05:53:03,016 [pool-277-thread-1] INFO  server.RaftServerConfigKeys (ConfUtils.java:logGet(43)) - raft.server.log.queue.byte-limit = 2147483647 (custom)
2019-09-25 05:53:03,016 [pool-277-thread-1] INFO  server.RaftServerConfigKeys (ConfUtils.java:logGet(43)) - raft.server.log.queue.element-limit = 1024 (custom)
2019-09-25 05:53:03,016 [pool-277-thread-1] INFO  server.RaftServerConfigKeys (ConfUtils.java:logGet(43)) - raft.server.log.segment.size.max = 1048576 (custom)
2019-09-25 05:53:03,016 [pool-277-thread-1] INFO  server.RaftServerConfigKeys (ConfUtils.java:logGet(43)) - raft.server.log.preallocated.size = 16384 (custom)
2019-09-25 05:53:03,017 [pool-277-thread-1] INFO  server.RaftServerConfigKeys (ConfUtils.java:logGet(43)) - raft.server.log.write.buffer.size = 33554432 (custom)
2019-09-25 05:53:03,017 [pool-277-thread-1] INFO  server.RaftServerConfigKeys (ConfUtils.java:logGet(43)) - raft.server.log.force.sync.num = 128 (default)
2019-09-25 05:53:03,017 [pool-277-thread-1] INFO  server.RaftServerConfigKeys (ConfUtils.java:logGet(43)) - raft.server.log.statemachine.data.sync = true (default)
2019-09-25 05:53:03,017 [pool-277-thread-1] INFO  server.RaftServerConfigKeys (ConfUtils.java:logGet(43)) - raft.server.log.statemachine.data.sync.timeout = 10s (default)
2019-09-25 05:53:03,017 [pool-277-thread-1] INFO  server.RaftServerConfigKeys (ConfUtils.java:logGet(43)) - raft.server.log.statemachine.data.sync.timeout.retry = -1 (default)
2019-09-25 05:53:03,017 [pool-277-thread-1] INFO  server.RaftServerConfigKeys (ConfUtils.java:logGet(43)) - raft.server.log.statemachine.data.caching.enabled = true (custom)
2019-09-25 05:53:03,018 [pool-277-thread-1] INFO  segmented.SegmentedRaftLogWorker (SegmentedRaftLogWorker.java:lambda$new$0(132)) - 9d1d05b8-38cb-4125-b062-f30309294cc2@group-00417CBC0928-SegmentedRaftLogWorker: flushIndex: setUnconditionally 0 -> -1
2019-09-25 05:53:03,018 [pool-277-thread-1] INFO  server.RaftServerConfigKeys (ConfUtils.java:logGet(43)) - raft.server.snapshot.auto.trigger.enabled = true (custom)
2019-09-25 05:53:03,018 [pool-277-thread-1] INFO  server.RaftServerConfigKeys (ConfUtils.java:logGet(43)) - raft.server.snapshot.auto.trigger.threshold = 10000 (custom)
2019-09-25 05:53:03,018 [pool-277-thread-1] INFO  server.RaftServerConfigKeys (ConfUtils.java:logGet(43)) - raft.server.snapshot.retention.num.files = 5 (custom)
2019-09-25 05:53:03,019 [pool-277-thread-1] INFO  server.RaftServerConfigKeys (ConfUtils.java:logGet(43)) - raft.server.retrycache.expirytime = 600000ms (custom)
2019-09-25 05:53:03,020 [pool-277-thread-1] INFO  impl.RaftServerImpl (RaftServerImpl.java:start(185)) - 9d1d05b8-38cb-4125-b062-f30309294cc2@group-00417CBC0928: start as a follower, conf=-1: [9d1d05b8-38cb-4125-b062-f30309294cc2:192.168.5.161:44387], old=null
2019-09-25 05:53:03,021 [pool-277-thread-1] INFO  impl.RaftServerImpl (RaftServerImpl.java:setRole(174)) - 9d1d05b8-38cb-4125-b062-f30309294cc2@group-00417CBC0928: changes role from      null to FOLLOWER at term 0 for startAsFollower
2019-09-25 05:53:03,021 [pool-277-thread-1] INFO  impl.RoleInfo (RoleInfo.java:updateAndGet(143)) - 9d1d05b8-38cb-4125-b062-f30309294cc2: start FollowerState
2019-09-25 05:53:03,021 [pool-277-thread-1] INFO  util.JmxRegister (JmxRegister.java:tryRegister(44)) - Successfully registered JMX Bean with object name Ratis:service=RaftServer,group=group-00417CBC0928,id=9d1d05b8-38cb-4125-b062-f30309294cc2
2019-09-25 05:53:03,024 [RatisPipelineUtilsThread] INFO  pipeline.PipelineStateManager (PipelineStateManager.java:addPipeline(56)) - Created pipeline Pipeline[ Id: d57d7c02-7425-4e34-9bea-00417cbc0928, Nodes: 9d1d05b8-38cb-4125-b062-f30309294cc2{ip: 192.168.5.161, host: pr-hdds-1569-zxpks-796972592, networkLocation: /default-rack, certSerialId: null}, Type:RATIS, Factor:ONE, State:OPEN]
2019-09-25 05:53:03,033 [grpc-default-executor-0] INFO  impl.RaftServerProxy (RaftServerProxy.java:addNew(89)) - 72f1487d-ef6e-4360-9049-98595ab21d01: addNew group-B452D1C196AA:[72f1487d-ef6e-4360-9049-98595ab21d01:192.168.5.161:46703] returns group-B452D1C196AA:java.util.concurrent.CompletableFuture@5aa01c6[Not completed]
2019-09-25 05:53:03,035 [pool-287-thread-1] INFO  impl.RaftServerImpl (RaftServerImpl.java:<init>(95)) - 72f1487d-ef6e-4360-9049-98595ab21d01: new RaftServerImpl for group-B452D1C196AA:[72f1487d-ef6e-4360-9049-98595ab21d01:192.168.5.161:46703] with ContainerStateMachine:uninitialized
2019-09-25 05:53:03,035 [pool-287-thread-1] INFO  server.RaftServerConfigKeys (ConfUtils.java:logGet(43)) - raft.server.rpc.timeout.min = 5s (custom)
2019-09-25 05:53:03,035 [pool-287-thread-1] INFO  server.RaftServerConfigKeys (ConfUtils.java:logGet(43)) - raft.server.rpc.timeout.max = 5200ms (custom)
2019-09-25 05:53:03,035 [pool-287-thread-1] INFO  server.RaftServerConfigKeys (ConfUtils.java:logGet(43)) - raft.server.rpcslowness.timeout = 120s (custom)
2019-09-25 05:53:03,035 [pool-287-thread-1] INFO  server.RaftServerConfigKeys (ConfUtils.java:logGet(43)) - raft.server.sleep.deviation.threshold = 300 (default)
2019-09-25 05:53:03,035 [pool-287-thread-1] INFO  server.RaftServerConfigKeys (ConfUtils.java:logGet(43)) - raft.server.log.appender.install.snapshot.enabled = false (custom)
2019-09-25 05:53:03,036 [pool-287-thread-1] INFO  impl.RaftServerImpl (ServerState.java:<init>(103)) - 72f1487d-ef6e-4360-9049-98595ab21d01@group-B452D1C196AA: ConfigurationManager, init=-1: [72f1487d-ef6e-4360-9049-98595ab21d01:192.168.5.161:46703], old=null, confs=<EMPTY_MAP>
2019-09-25 05:53:03,036 [pool-287-thread-1] INFO  server.RaftServerConfigKeys (ConfUtils.java:logGet(43)) - raft.server.storage.dir = [/workdir/hadoop-ozone/ozonefs/target/test-dir/MiniOzoneClusterImpl-ec9cbae6-e51d-4388-8482-e19082e5b468/datanode-1/data/ratis] (custom)
2019-09-25 05:53:03,036 [pool-287-thread-1] INFO  storage.RaftStorageDirectory (RaftStorageDirectory.java:analyzeStorage(246)) - The storage directory /workdir/hadoop-ozone/ozonefs/target/test-dir/MiniOzoneClusterImpl-ec9cbae6-e51d-4388-8482-e19082e5b468/datanode-1/data/ratis/7ad6baec-727d-4185-b605-b452d1c196aa does not exist. Creating ...
2019-09-25 05:53:03,039 [pool-287-thread-1] INFO  storage.RaftStorageDirectory (RaftStorageDirectory.java:tryLock(328)) - Lock on /workdir/hadoop-ozone/ozonefs/target/test-dir/MiniOzoneClusterImpl-ec9cbae6-e51d-4388-8482-e19082e5b468/datanode-1/data/ratis/7ad6baec-727d-4185-b605-b452d1c196aa/in_use.lock acquired by nodename 13808@pr-hdds-1569-zxpks-796972592
2019-09-25 05:53:03,043 [pool-287-thread-1] INFO  storage.RaftStorage (RaftStorage.java:format(72)) - Storage directory /workdir/hadoop-ozone/ozonefs/target/test-dir/MiniOzoneClusterImpl-ec9cbae6-e51d-4388-8482-e19082e5b468/datanode-1/data/ratis/7ad6baec-727d-4185-b605-b452d1c196aa has been successfully formatted.
2019-09-25 05:53:03,043 [pool-287-thread-1] INFO  ratis.ContainerStateMachine (ContainerStateMachine.java:loadSnapshot(230)) - group-B452D1C196AA: The snapshot info is null. Setting the last applied indexto:(t:0, i:~)
2019-09-25 05:53:03,043 [pool-287-thread-1] INFO  server.RaftServerConfigKeys (ConfUtils.java:logGet(43)) - raft.server.notification.no-leader.timeout = 120s (custom)
2019-09-25 05:53:03,043 [pool-287-thread-1] INFO  server.RaftServerConfigKeys (ConfUtils.java:logGet(43)) - raft.server.log.use.memory = false (default)
2019-09-25 05:53:03,044 [pool-287-thread-1] INFO  server.RaftServerConfigKeys (ConfUtils.java:logGet(43)) - raft.server.log.purge.gap = 1000000 (custom)
2019-09-25 05:53:03,044 [pool-287-thread-1] INFO  server.RaftServerConfigKeys (ConfUtils.java:logGet(43)) - raft.server.log.appender.buffer.byte-limit = 33554432 (custom)
2019-09-25 05:53:03,044 [pool-287-thread-1] INFO  server.RaftServerConfigKeys (ConfUtils.java:logGet(43)) - raft.server.log.segment.size.max = 1048576 (custom)
2019-09-25 05:53:03,044 [pool-287-thread-1] INFO  server.RaftServerConfigKeys (ConfUtils.java:logGet(43)) - raft.server.log.segment.cache.num.max = 2 (custom)
2019-09-25 05:53:03,044 [pool-287-thread-1] INFO  segmented.SegmentedRaftLogWorker (SegmentedRaftLogWorker.java:<init>(172)) - new 72f1487d-ef6e-4360-9049-98595ab21d01@group-B452D1C196AA-SegmentedRaftLogWorker for RaftStorage:Storage Directory /workdir/hadoop-ozone/ozonefs/target/test-dir/MiniOzoneClusterImpl-ec9cbae6-e51d-4388-8482-e19082e5b468/datanode-1/data/ratis/7ad6baec-727d-4185-b605-b452d1c196aa
2019-09-25 05:53:03,046 [pool-287-thread-1] INFO  server.RaftServerConfigKeys (ConfUtils.java:logGet(43)) - raft.server.log.queue.byte-limit = 2147483647 (custom)
2019-09-25 05:53:03,046 [pool-287-thread-1] INFO  server.RaftServerConfigKeys (ConfUtils.java:logGet(43)) - raft.server.log.queue.element-limit = 1024 (custom)
2019-09-25 05:53:03,047 [pool-287-thread-1] INFO  server.RaftServerConfigKeys (ConfUtils.java:logGet(43)) - raft.server.log.segment.size.max = 1048576 (custom)
2019-09-25 05:53:03,047 [pool-287-thread-1] INFO  server.RaftServerConfigKeys (ConfUtils.java:logGet(43)) - raft.server.log.preallocated.size = 16384 (custom)
2019-09-25 05:53:03,047 [pool-287-thread-1] INFO  server.RaftServerConfigKeys (ConfUtils.java:logGet(43)) - raft.server.log.write.buffer.size = 33554432 (custom)
2019-09-25 05:53:03,047 [pool-287-thread-1] INFO  server.RaftServerConfigKeys (ConfUtils.java:logGet(43)) - raft.server.log.force.sync.num = 128 (default)
2019-09-25 05:53:03,047 [pool-287-thread-1] INFO  server.RaftServerConfigKeys (ConfUtils.java:logGet(43)) - raft.server.log.statemachine.data.sync = true (default)
2019-09-25 05:53:03,047 [pool-287-thread-1] INFO  server.RaftServerConfigKeys (ConfUtils.java:logGet(43)) - raft.server.log.statemachine.data.sync.timeout = 10s (default)
2019-09-25 05:53:03,047 [pool-287-thread-1] INFO  server.RaftServerConfigKeys (ConfUtils.java:logGet(43)) - raft.server.log.statemachine.data.sync.timeout.retry = -1 (default)
2019-09-25 05:53:03,048 [pool-287-thread-1] INFO  server.RaftServerConfigKeys (ConfUtils.java:logGet(43)) - raft.server.log.statemachine.data.caching.enabled = true (custom)
2019-09-25 05:53:03,048 [pool-287-thread-1] INFO  segmented.SegmentedRaftLogWorker (SegmentedRaftLogWorker.java:lambda$new$0(132)) - 72f1487d-ef6e-4360-9049-98595ab21d01@group-B452D1C196AA-SegmentedRaftLogWorker: flushIndex: setUnconditionally 0 -> -1
2019-09-25 05:53:03,048 [pool-287-thread-1] INFO  server.RaftServerConfigKeys (ConfUtils.java:logGet(43)) - raft.server.snapshot.auto.trigger.enabled = true (custom)
2019-09-25 05:53:03,049 [pool-287-thread-1] INFO  server.RaftServerConfigKeys (ConfUtils.java:logGet(43)) - raft.server.snapshot.auto.trigger.threshold = 10000 (custom)
2019-09-25 05:53:03,049 [pool-287-thread-1] INFO  server.RaftServerConfigKeys (ConfUtils.java:logGet(43)) - raft.server.snapshot.retention.num.files = 5 (custom)
2019-09-25 05:53:03,049 [pool-287-thread-1] INFO  server.RaftServerConfigKeys (ConfUtils.java:logGet(43)) - raft.server.retrycache.expirytime = 600000ms (custom)
2019-09-25 05:53:03,051 [pool-287-thread-1] INFO  impl.RaftServerImpl (RaftServerImpl.java:start(185)) - 72f1487d-ef6e-4360-9049-98595ab21d01@group-B452D1C196AA: start as a follower, conf=-1: [72f1487d-ef6e-4360-9049-98595ab21d01:192.168.5.161:46703], old=null
2019-09-25 05:53:03,051 [pool-287-thread-1] INFO  impl.RaftServerImpl (RaftServerImpl.java:setRole(174)) - 72f1487d-ef6e-4360-9049-98595ab21d01@group-B452D1C196AA: changes role from      null to FOLLOWER at term 0 for startAsFollower
2019-09-25 05:53:03,051 [pool-287-thread-1] INFO  impl.RoleInfo (RoleInfo.java:updateAndGet(143)) - 72f1487d-ef6e-4360-9049-98595ab21d01: start FollowerState
2019-09-25 05:53:03,052 [pool-287-thread-1] INFO  util.JmxRegister (JmxRegister.java:tryRegister(44)) - Successfully registered JMX Bean with object name Ratis:service=RaftServer,group=group-B452D1C196AA,id=72f1487d-ef6e-4360-9049-98595ab21d01
2019-09-25 05:53:03,054 [RatisPipelineUtilsThread] INFO  pipeline.PipelineStateManager (PipelineStateManager.java:addPipeline(56)) - Created pipeline Pipeline[ Id: 7ad6baec-727d-4185-b605-b452d1c196aa, Nodes: 72f1487d-ef6e-4360-9049-98595ab21d01{ip: 192.168.5.161, host: pr-hdds-1569-zxpks-796972592, networkLocation: /default-rack, certSerialId: null}, Type:RATIS, Factor:ONE, State:OPEN]
2019-09-25 05:53:03,060 [grpc-default-executor-0] INFO  impl.RaftServerProxy (RaftServerProxy.java:addNew(89)) - 9d1d05b8-38cb-4125-b062-f30309294cc2: addNew group-746239D33BF4:[9d1d05b8-38cb-4125-b062-f30309294cc2:192.168.5.161:44387] returns group-746239D33BF4:java.util.concurrent.CompletableFuture@5046cd6[Not completed]
2019-09-25 05:53:03,061 [pool-277-thread-1] INFO  impl.RaftServerImpl (RaftServerImpl.java:<init>(95)) - 9d1d05b8-38cb-4125-b062-f30309294cc2: new RaftServerImpl for group-746239D33BF4:[9d1d05b8-38cb-4125-b062-f30309294cc2:192.168.5.161:44387] with ContainerStateMachine:uninitialized
2019-09-25 05:53:03,061 [pool-277-thread-1] INFO  server.RaftServerConfigKeys (ConfUtils.java:logGet(43)) - raft.server.rpc.timeout.min = 5s (custom)
2019-09-25 05:53:03,061 [pool-277-thread-1] INFO  server.RaftServerConfigKeys (ConfUtils.java:logGet(43)) - raft.server.rpc.timeout.max = 5200ms (custom)
2019-09-25 05:53:03,061 [pool-277-thread-1] INFO  server.RaftServerConfigKeys (ConfUtils.java:logGet(43)) - raft.server.rpcslowness.timeout = 120s (custom)
2019-09-25 05:53:03,061 [pool-277-thread-1] INFO  server.RaftServerConfigKeys (ConfUtils.java:logGet(43)) - raft.server.sleep.deviation.threshold = 300 (default)
2019-09-25 05:53:03,061 [pool-277-thread-1] INFO  server.RaftServerConfigKeys (ConfUtils.java:logGet(43)) - raft.server.log.appender.install.snapshot.enabled = false (custom)
2019-09-25 05:53:03,062 [pool-277-thread-1] INFO  impl.RaftServerImpl (ServerState.java:<init>(103)) - 9d1d05b8-38cb-4125-b062-f30309294cc2@group-746239D33BF4: ConfigurationManager, init=-1: [9d1d05b8-38cb-4125-b062-f30309294cc2:192.168.5.161:44387], old=null, confs=<EMPTY_MAP>
2019-09-25 05:53:03,062 [pool-277-thread-1] INFO  server.RaftServerConfigKeys (ConfUtils.java:logGet(43)) - raft.server.storage.dir = [/workdir/hadoop-ozone/ozonefs/target/test-dir/MiniOzoneClusterImpl-ec9cbae6-e51d-4388-8482-e19082e5b468/datanode-0/data/ratis] (custom)
2019-09-25 05:53:03,062 [pool-277-thread-1] INFO  storage.RaftStorageDirectory (RaftStorageDirectory.java:analyzeStorage(246)) - The storage directory /workdir/hadoop-ozone/ozonefs/target/test-dir/MiniOzoneClusterImpl-ec9cbae6-e51d-4388-8482-e19082e5b468/datanode-0/data/ratis/a2d524ed-c985-4b94-98ce-746239d33bf4 does not exist. Creating ...
2019-09-25 05:53:03,066 [pool-277-thread-1] INFO  storage.RaftStorageDirectory (RaftStorageDirectory.java:tryLock(328)) - Lock on /workdir/hadoop-ozone/ozonefs/target/test-dir/MiniOzoneClusterImpl-ec9cbae6-e51d-4388-8482-e19082e5b468/datanode-0/data/ratis/a2d524ed-c985-4b94-98ce-746239d33bf4/in_use.lock acquired by nodename 13808@pr-hdds-1569-zxpks-796972592
2019-09-25 05:53:03,069 [pool-277-thread-1] INFO  storage.RaftStorage (RaftStorage.java:format(72)) - Storage directory /workdir/hadoop-ozone/ozonefs/target/test-dir/MiniOzoneClusterImpl-ec9cbae6-e51d-4388-8482-e19082e5b468/datanode-0/data/ratis/a2d524ed-c985-4b94-98ce-746239d33bf4 has been successfully formatted.
2019-09-25 05:53:03,070 [pool-277-thread-1] INFO  ratis.ContainerStateMachine (ContainerStateMachine.java:loadSnapshot(230)) - group-746239D33BF4: The snapshot info is null. Setting the last applied indexto:(t:0, i:~)
2019-09-25 05:53:03,070 [pool-277-thread-1] INFO  server.RaftServerConfigKeys (ConfUtils.java:logGet(43)) - raft.server.notification.no-leader.timeout = 120s (custom)
2019-09-25 05:53:03,070 [pool-277-thread-1] INFO  server.RaftServerConfigKeys (ConfUtils.java:logGet(43)) - raft.server.log.use.memory = false (default)
2019-09-25 05:53:03,070 [pool-277-thread-1] INFO  server.RaftServerConfigKeys (ConfUtils.java:logGet(43)) - raft.server.log.purge.gap = 1000000 (custom)
2019-09-25 05:53:03,070 [pool-277-thread-1] INFO  server.RaftServerConfigKeys (ConfUtils.java:logGet(43)) - raft.server.log.appender.buffer.byte-limit = 33554432 (custom)
2019-09-25 05:53:03,070 [pool-277-thread-1] INFO  server.RaftServerConfigKeys (ConfUtils.java:logGet(43)) - raft.server.log.segment.size.max = 1048576 (custom)
2019-09-25 05:53:03,070 [pool-277-thread-1] INFO  server.RaftServerConfigKeys (ConfUtils.java:logGet(43)) - raft.server.log.segment.cache.num.max = 2 (custom)
2019-09-25 05:53:03,071 [pool-277-thread-1] INFO  segmented.SegmentedRaftLogWorker (SegmentedRaftLogWorker.java:<init>(172)) - new 9d1d05b8-38cb-4125-b062-f30309294cc2@group-746239D33BF4-SegmentedRaftLogWorker for RaftStorage:Storage Directory /workdir/hadoop-ozone/ozonefs/target/test-dir/MiniOzoneClusterImpl-ec9cbae6-e51d-4388-8482-e19082e5b468/datanode-0/data/ratis/a2d524ed-c985-4b94-98ce-746239d33bf4
2019-09-25 05:53:03,071 [pool-277-thread-1] INFO  server.RaftServerConfigKeys (ConfUtils.java:logGet(43)) - raft.server.log.queue.byte-limit = 2147483647 (custom)
2019-09-25 05:53:03,071 [pool-277-thread-1] INFO  server.RaftServerConfigKeys (ConfUtils.java:logGet(43)) - raft.server.log.queue.element-limit = 1024 (custom)
2019-09-25 05:53:03,071 [pool-277-thread-1] INFO  server.RaftServerConfigKeys (ConfUtils.java:logGet(43)) - raft.server.log.segment.size.max = 1048576 (custom)
2019-09-25 05:53:03,071 [pool-277-thread-1] INFO  server.RaftServerConfigKeys (ConfUtils.java:logGet(43)) - raft.server.log.preallocated.size = 16384 (custom)
2019-09-25 05:53:03,071 [pool-277-thread-1] INFO  server.RaftServerConfigKeys (ConfUtils.java:logGet(43)) - raft.server.log.write.buffer.size = 33554432 (custom)
2019-09-25 05:53:03,071 [pool-277-thread-1] INFO  server.RaftServerConfigKeys (ConfUtils.java:logGet(43)) - raft.server.log.force.sync.num = 128 (default)
2019-09-25 05:53:03,071 [pool-277-thread-1] INFO  server.RaftServerConfigKeys (ConfUtils.java:logGet(43)) - raft.server.log.statemachine.data.sync = true (default)
2019-09-25 05:53:03,072 [pool-277-thread-1] INFO  server.RaftServerConfigKeys (ConfUtils.java:logGet(43)) - raft.server.log.statemachine.data.sync.timeout = 10s (default)
2019-09-25 05:53:03,072 [pool-277-thread-1] INFO  server.RaftServerConfigKeys (ConfUtils.java:logGet(43)) - raft.server.log.statemachine.data.sync.timeout.retry = -1 (default)
2019-09-25 05:53:03,072 [pool-277-thread-1] INFO  server.RaftServerConfigKeys (ConfUtils.java:logGet(43)) - raft.server.log.statemachine.data.caching.enabled = true (custom)
2019-09-25 05:53:03,072 [pool-277-thread-1] INFO  segmented.SegmentedRaftLogWorker (SegmentedRaftLogWorker.java:lambda$new$0(132)) - 9d1d05b8-38cb-4125-b062-f30309294cc2@group-746239D33BF4-SegmentedRaftLogWorker: flushIndex: setUnconditionally 0 -> -1
2019-09-25 05:53:03,073 [pool-277-thread-1] INFO  server.RaftServerConfigKeys (ConfUtils.java:logGet(43)) - raft.server.snapshot.auto.trigger.enabled = true (custom)
2019-09-25 05:53:03,073 [pool-277-thread-1] INFO  server.RaftServerConfigKeys (ConfUtils.java:logGet(43)) - raft.server.snapshot.auto.trigger.threshold = 10000 (custom)
2019-09-25 05:53:03,073 [pool-277-thread-1] INFO  server.RaftServerConfigKeys (ConfUtils.java:logGet(43)) - raft.server.snapshot.retention.num.files = 5 (custom)
2019-09-25 05:53:03,073 [pool-277-thread-1] INFO  server.RaftServerConfigKeys (ConfUtils.java:logGet(43)) - raft.server.retrycache.expirytime = 600000ms (custom)
2019-09-25 05:53:03,074 [pool-277-thread-1] INFO  impl.RaftServerImpl (RaftServerImpl.java:start(185)) - 9d1d05b8-38cb-4125-b062-f30309294cc2@group-746239D33BF4: start as a follower, conf=-1: [9d1d05b8-38cb-4125-b062-f30309294cc2:192.168.5.161:44387], old=null
2019-09-25 05:53:03,075 [pool-277-thread-1] INFO  impl.RaftServerImpl (RaftServerImpl.java:setRole(174)) - 9d1d05b8-38cb-4125-b062-f30309294cc2@group-746239D33BF4: changes role from      null to FOLLOWER at term 0 for startAsFollower
2019-09-25 05:53:03,075 [pool-277-thread-1] INFO  impl.RoleInfo (RoleInfo.java:updateAndGet(143)) - 9d1d05b8-38cb-4125-b062-f30309294cc2: start FollowerState
2019-09-25 05:53:03,075 [pool-277-thread-1] INFO  util.JmxRegister (JmxRegister.java:tryRegister(44)) - Successfully registered JMX Bean with object name Ratis:service=RaftServer,group=group-746239D33BF4,id=9d1d05b8-38cb-4125-b062-f30309294cc2
2019-09-25 05:53:03,078 [RatisPipelineUtilsThread] INFO  pipeline.PipelineStateManager (PipelineStateManager.java:addPipeline(56)) - Created pipeline Pipeline[ Id: a2d524ed-c985-4b94-98ce-746239d33bf4, Nodes: 9d1d05b8-38cb-4125-b062-f30309294cc2{ip: 192.168.5.161, host: pr-hdds-1569-zxpks-796972592, networkLocation: /default-rack, certSerialId: null}, Type:RATIS, Factor:ONE, State:OPEN]
2019-09-25 05:53:03,086 [grpc-default-executor-0] INFO  impl.RaftServerProxy (RaftServerProxy.java:addNew(89)) - 506f61c1-59c8-4ed5-a20b-d3f8124679c3: addNew group-6B96264B2A90:[506f61c1-59c8-4ed5-a20b-d3f8124679c3:192.168.5.161:40958] returns group-6B96264B2A90:java.util.concurrent.CompletableFuture@30b4314f[Not completed]
2019-09-25 05:53:03,087 [pool-297-thread-1] INFO  impl.RaftServerImpl (RaftServerImpl.java:<init>(95)) - 506f61c1-59c8-4ed5-a20b-d3f8124679c3: new RaftServerImpl for group-6B96264B2A90:[506f61c1-59c8-4ed5-a20b-d3f8124679c3:192.168.5.161:40958] with ContainerStateMachine:uninitialized
2019-09-25 05:53:03,088 [pool-297-thread-1] INFO  server.RaftServerConfigKeys (ConfUtils.java:logGet(43)) - raft.server.rpc.timeout.min = 5s (custom)
2019-09-25 05:53:03,088 [pool-297-thread-1] INFO  server.RaftServerConfigKeys (ConfUtils.java:logGet(43)) - raft.server.rpc.timeout.max = 5200ms (custom)
2019-09-25 05:53:03,088 [pool-297-thread-1] INFO  server.RaftServerConfigKeys (ConfUtils.java:logGet(43)) - raft.server.rpcslowness.timeout = 120s (custom)
2019-09-25 05:53:03,088 [pool-297-thread-1] INFO  server.RaftServerConfigKeys (ConfUtils.java:logGet(43)) - raft.server.sleep.deviation.threshold = 300 (default)
2019-09-25 05:53:03,088 [pool-297-thread-1] INFO  server.RaftServerConfigKeys (ConfUtils.java:logGet(43)) - raft.server.log.appender.install.snapshot.enabled = false (custom)
2019-09-25 05:53:03,088 [pool-297-thread-1] INFO  impl.RaftServerImpl (ServerState.java:<init>(103)) - 506f61c1-59c8-4ed5-a20b-d3f8124679c3@group-6B96264B2A90: ConfigurationManager, init=-1: [506f61c1-59c8-4ed5-a20b-d3f8124679c3:192.168.5.161:40958], old=null, confs=<EMPTY_MAP>
2019-09-25 05:53:03,089 [pool-297-thread-1] INFO  server.RaftServerConfigKeys (ConfUtils.java:logGet(43)) - raft.server.storage.dir = [/workdir/hadoop-ozone/ozonefs/target/test-dir/MiniOzoneClusterImpl-ec9cbae6-e51d-4388-8482-e19082e5b468/datanode-2/data/ratis] (custom)
2019-09-25 05:53:03,089 [pool-297-thread-1] INFO  storage.RaftStorageDirectory (RaftStorageDirectory.java:analyzeStorage(246)) - The storage directory /workdir/hadoop-ozone/ozonefs/target/test-dir/MiniOzoneClusterImpl-ec9cbae6-e51d-4388-8482-e19082e5b468/datanode-2/data/ratis/f6739b36-c294-4016-8d02-6b96264b2a90 does not exist. Creating ...
2019-09-25 05:53:03,094 [pool-297-thread-1] INFO  storage.RaftStorageDirectory (RaftStorageDirectory.java:tryLock(328)) - Lock on /workdir/hadoop-ozone/ozonefs/target/test-dir/MiniOzoneClusterImpl-ec9cbae6-e51d-4388-8482-e19082e5b468/datanode-2/data/ratis/f6739b36-c294-4016-8d02-6b96264b2a90/in_use.lock acquired by nodename 13808@pr-hdds-1569-zxpks-796972592
2019-09-25 05:53:03,097 [pool-297-thread-1] INFO  storage.RaftStorage (RaftStorage.java:format(72)) - Storage directory /workdir/hadoop-ozone/ozonefs/target/test-dir/MiniOzoneClusterImpl-ec9cbae6-e51d-4388-8482-e19082e5b468/datanode-2/data/ratis/f6739b36-c294-4016-8d02-6b96264b2a90 has been successfully formatted.
2019-09-25 05:53:03,097 [pool-297-thread-1] INFO  ratis.ContainerStateMachine (ContainerStateMachine.java:loadSnapshot(230)) - group-6B96264B2A90: The snapshot info is null. Setting the last applied indexto:(t:0, i:~)
2019-09-25 05:53:03,098 [pool-297-thread-1] INFO  server.RaftServerConfigKeys (ConfUtils.java:logGet(43)) - raft.server.notification.no-leader.timeout = 120s (custom)
2019-09-25 05:53:03,098 [pool-297-thread-1] INFO  server.RaftServerConfigKeys (ConfUtils.java:logGet(43)) - raft.server.log.use.memory = false (default)
2019-09-25 05:53:03,098 [pool-297-thread-1] INFO  server.RaftServerConfigKeys (ConfUtils.java:logGet(43)) - raft.server.log.purge.gap = 1000000 (custom)
2019-09-25 05:53:03,098 [pool-297-thread-1] INFO  server.RaftServerConfigKeys (ConfUtils.java:logGet(43)) - raft.server.log.appender.buffer.byte-limit = 33554432 (custom)
2019-09-25 05:53:03,098 [pool-297-thread-1] INFO  server.RaftServerConfigKeys (ConfUtils.java:logGet(43)) - raft.server.log.segment.size.max = 1048576 (custom)
2019-09-25 05:53:03,098 [pool-297-thread-1] INFO  server.RaftServerConfigKeys (ConfUtils.java:logGet(43)) - raft.server.log.segment.cache.num.max = 2 (custom)
2019-09-25 05:53:03,098 [pool-297-thread-1] INFO  segmented.SegmentedRaftLogWorker (SegmentedRaftLogWorker.java:<init>(172)) - new 506f61c1-59c8-4ed5-a20b-d3f8124679c3@group-6B96264B2A90-SegmentedRaftLogWorker for RaftStorage:Storage Directory /workdir/hadoop-ozone/ozonefs/target/test-dir/MiniOzoneClusterImpl-ec9cbae6-e51d-4388-8482-e19082e5b468/datanode-2/data/ratis/f6739b36-c294-4016-8d02-6b96264b2a90
2019-09-25 05:53:03,100 [pool-297-thread-1] INFO  server.RaftServerConfigKeys (ConfUtils.java:logGet(43)) - raft.server.log.queue.byte-limit = 2147483647 (custom)
2019-09-25 05:53:03,100 [pool-297-thread-1] INFO  server.RaftServerConfigKeys (ConfUtils.java:logGet(43)) - raft.server.log.queue.element-limit = 1024 (custom)
2019-09-25 05:53:03,100 [pool-297-thread-1] INFO  server.RaftServerConfigKeys (ConfUtils.java:logGet(43)) - raft.server.log.segment.size.max = 1048576 (custom)
2019-09-25 05:53:03,100 [pool-297-thread-1] INFO  server.RaftServerConfigKeys (ConfUtils.java:logGet(43)) - raft.server.log.preallocated.size = 16384 (custom)
2019-09-25 05:53:03,100 [pool-297-thread-1] INFO  server.RaftServerConfigKeys (ConfUtils.java:logGet(43)) - raft.server.log.write.buffer.size = 33554432 (custom)
2019-09-25 05:53:03,100 [pool-297-thread-1] INFO  server.RaftServerConfigKeys (ConfUtils.java:logGet(43)) - raft.server.log.force.sync.num = 128 (default)
2019-09-25 05:53:03,100 [pool-297-thread-1] INFO  server.RaftServerConfigKeys (ConfUtils.java:logGet(43)) - raft.server.log.statemachine.data.sync = true (default)
2019-09-25 05:53:03,100 [pool-297-thread-1] INFO  server.RaftServerConfigKeys (ConfUtils.java:logGet(43)) - raft.server.log.statemachine.data.sync.timeout = 10s (default)
2019-09-25 05:53:03,101 [pool-297-thread-1] INFO  server.RaftServerConfigKeys (ConfUtils.java:logGet(43)) - raft.server.log.statemachine.data.sync.timeout.retry = -1 (default)
2019-09-25 05:53:03,101 [pool-297-thread-1] INFO  server.RaftServerConfigKeys (ConfUtils.java:logGet(43)) - raft.server.log.statemachine.data.caching.enabled = true (custom)
2019-09-25 05:53:03,101 [pool-297-thread-1] INFO  segmented.SegmentedRaftLogWorker (SegmentedRaftLogWorker.java:lambda$new$0(132)) - 506f61c1-59c8-4ed5-a20b-d3f8124679c3@group-6B96264B2A90-SegmentedRaftLogWorker: flushIndex: setUnconditionally 0 -> -1
2019-09-25 05:53:03,101 [pool-297-thread-1] INFO  server.RaftServerConfigKeys (ConfUtils.java:logGet(43)) - raft.server.snapshot.auto.trigger.enabled = true (custom)
2019-09-25 05:53:03,101 [pool-297-thread-1] INFO  server.RaftServerConfigKeys (ConfUtils.java:logGet(43)) - raft.server.snapshot.auto.trigger.threshold = 10000 (custom)
2019-09-25 05:53:03,101 [pool-297-thread-1] INFO  server.RaftServerConfigKeys (ConfUtils.java:logGet(43)) - raft.server.snapshot.retention.num.files = 5 (custom)
2019-09-25 05:53:03,102 [pool-297-thread-1] INFO  server.RaftServerConfigKeys (ConfUtils.java:logGet(43)) - raft.server.retrycache.expirytime = 600000ms (custom)
2019-09-25 05:53:03,103 [pool-297-thread-1] INFO  impl.RaftServerImpl (RaftServerImpl.java:start(185)) - 506f61c1-59c8-4ed5-a20b-d3f8124679c3@group-6B96264B2A90: start as a follower, conf=-1: [506f61c1-59c8-4ed5-a20b-d3f8124679c3:192.168.5.161:40958], old=null
2019-09-25 05:53:03,103 [pool-297-thread-1] INFO  impl.RaftServerImpl (RaftServerImpl.java:setRole(174)) - 506f61c1-59c8-4ed5-a20b-d3f8124679c3@group-6B96264B2A90: changes role from      null to FOLLOWER at term 0 for startAsFollower
2019-09-25 05:53:03,103 [pool-297-thread-1] INFO  impl.RoleInfo (RoleInfo.java:updateAndGet(143)) - 506f61c1-59c8-4ed5-a20b-d3f8124679c3: start FollowerState
2019-09-25 05:53:03,103 [pool-297-thread-1] INFO  util.JmxRegister (JmxRegister.java:tryRegister(44)) - Successfully registered JMX Bean with object name Ratis:service=RaftServer,group=group-6B96264B2A90,id=506f61c1-59c8-4ed5-a20b-d3f8124679c3
2019-09-25 05:53:03,106 [RatisPipelineUtilsThread] INFO  pipeline.PipelineStateManager (PipelineStateManager.java:addPipeline(56)) - Created pipeline Pipeline[ Id: f6739b36-c294-4016-8d02-6b96264b2a90, Nodes: 506f61c1-59c8-4ed5-a20b-d3f8124679c3{ip: 192.168.5.161, host: pr-hdds-1569-zxpks-796972592, networkLocation: /default-rack, certSerialId: null}, Type:RATIS, Factor:ONE, State:OPEN]
2019-09-25 05:53:03,112 [grpc-default-executor-0] INFO  impl.RaftServerProxy (RaftServerProxy.java:addNew(89)) - 9d1d05b8-38cb-4125-b062-f30309294cc2: addNew group-8A564E022379:[9d1d05b8-38cb-4125-b062-f30309294cc2:192.168.5.161:44387] returns group-8A564E022379:java.util.concurrent.CompletableFuture@35ab1987[Not completed]
2019-09-25 05:53:03,112 [pool-277-thread-1] INFO  impl.RaftServerImpl (RaftServerImpl.java:<init>(95)) - 9d1d05b8-38cb-4125-b062-f30309294cc2: new RaftServerImpl for group-8A564E022379:[9d1d05b8-38cb-4125-b062-f30309294cc2:192.168.5.161:44387] with ContainerStateMachine:uninitialized
2019-09-25 05:53:03,113 [pool-277-thread-1] INFO  server.RaftServerConfigKeys (ConfUtils.java:logGet(43)) - raft.server.rpc.timeout.min = 5s (custom)
2019-09-25 05:53:03,113 [pool-277-thread-1] INFO  server.RaftServerConfigKeys (ConfUtils.java:logGet(43)) - raft.server.rpc.timeout.max = 5200ms (custom)
2019-09-25 05:53:03,113 [pool-277-thread-1] INFO  server.RaftServerConfigKeys (ConfUtils.java:logGet(43)) - raft.server.rpcslowness.timeout = 120s (custom)
2019-09-25 05:53:03,113 [pool-277-thread-1] INFO  server.RaftServerConfigKeys (ConfUtils.java:logGet(43)) - raft.server.sleep.deviation.threshold = 300 (default)
2019-09-25 05:53:03,113 [pool-277-thread-1] INFO  server.RaftServerConfigKeys (ConfUtils.java:logGet(43)) - raft.server.log.appender.install.snapshot.enabled = false (custom)
2019-09-25 05:53:03,113 [pool-277-thread-1] INFO  impl.RaftServerImpl (ServerState.java:<init>(103)) - 9d1d05b8-38cb-4125-b062-f30309294cc2@group-8A564E022379: ConfigurationManager, init=-1: [9d1d05b8-38cb-4125-b062-f30309294cc2:192.168.5.161:44387], old=null, confs=<EMPTY_MAP>
2019-09-25 05:53:03,113 [pool-277-thread-1] INFO  server.RaftServerConfigKeys (ConfUtils.java:logGet(43)) - raft.server.storage.dir = [/workdir/hadoop-ozone/ozonefs/target/test-dir/MiniOzoneClusterImpl-ec9cbae6-e51d-4388-8482-e19082e5b468/datanode-0/data/ratis] (custom)
2019-09-25 05:53:03,113 [pool-277-thread-1] INFO  storage.RaftStorageDirectory (RaftStorageDirectory.java:analyzeStorage(246)) - The storage directory /workdir/hadoop-ozone/ozonefs/target/test-dir/MiniOzoneClusterImpl-ec9cbae6-e51d-4388-8482-e19082e5b468/datanode-0/data/ratis/fb8d8901-def5-401f-937d-8a564e022379 does not exist. Creating ...
2019-09-25 05:53:03,116 [pool-277-thread-1] INFO  storage.RaftStorageDirectory (RaftStorageDirectory.java:tryLock(328)) - Lock on /workdir/hadoop-ozone/ozonefs/target/test-dir/MiniOzoneClusterImpl-ec9cbae6-e51d-4388-8482-e19082e5b468/datanode-0/data/ratis/fb8d8901-def5-401f-937d-8a564e022379/in_use.lock acquired by nodename 13808@pr-hdds-1569-zxpks-796972592
2019-09-25 05:53:03,131 [pool-277-thread-1] INFO  storage.RaftStorage (RaftStorage.java:format(72)) - Storage directory /workdir/hadoop-ozone/ozonefs/target/test-dir/MiniOzoneClusterImpl-ec9cbae6-e51d-4388-8482-e19082e5b468/datanode-0/data/ratis/fb8d8901-def5-401f-937d-8a564e022379 has been successfully formatted.
2019-09-25 05:53:03,132 [pool-277-thread-1] INFO  ratis.ContainerStateMachine (ContainerStateMachine.java:loadSnapshot(230)) - group-8A564E022379: The snapshot info is null. Setting the last applied indexto:(t:0, i:~)
2019-09-25 05:53:03,132 [pool-277-thread-1] INFO  server.RaftServerConfigKeys (ConfUtils.java:logGet(43)) - raft.server.notification.no-leader.timeout = 120s (custom)
2019-09-25 05:53:03,132 [pool-277-thread-1] INFO  server.RaftServerConfigKeys (ConfUtils.java:logGet(43)) - raft.server.log.use.memory = false (default)
2019-09-25 05:53:03,132 [pool-277-thread-1] INFO  server.RaftServerConfigKeys (ConfUtils.java:logGet(43)) - raft.server.log.purge.gap = 1000000 (custom)
2019-09-25 05:53:03,132 [pool-277-thread-1] INFO  server.RaftServerConfigKeys (ConfUtils.java:logGet(43)) - raft.server.log.appender.buffer.byte-limit = 33554432 (custom)
2019-09-25 05:53:03,132 [pool-277-thread-1] INFO  server.RaftServerConfigKeys (ConfUtils.java:logGet(43)) - raft.server.log.segment.size.max = 1048576 (custom)
2019-09-25 05:53:03,132 [pool-277-thread-1] INFO  server.RaftServerConfigKeys (ConfUtils.java:logGet(43)) - raft.server.log.segment.cache.num.max = 2 (custom)
2019-09-25 05:53:03,133 [pool-277-thread-1] INFO  segmented.SegmentedRaftLogWorker (SegmentedRaftLogWorker.java:<init>(172)) - new 9d1d05b8-38cb-4125-b062-f30309294cc2@group-8A564E022379-SegmentedRaftLogWorker for RaftStorage:Storage Directory /workdir/hadoop-ozone/ozonefs/target/test-dir/MiniOzoneClusterImpl-ec9cbae6-e51d-4388-8482-e19082e5b468/datanode-0/data/ratis/fb8d8901-def5-401f-937d-8a564e022379
2019-09-25 05:53:03,133 [pool-277-thread-1] INFO  server.RaftServerConfigKeys (ConfUtils.java:logGet(43)) - raft.server.log.queue.byte-limit = 2147483647 (custom)
2019-09-25 05:53:03,133 [pool-277-thread-1] INFO  server.RaftServerConfigKeys (ConfUtils.java:logGet(43)) - raft.server.log.queue.element-limit = 1024 (custom)
2019-09-25 05:53:03,133 [pool-277-thread-1] INFO  server.RaftServerConfigKeys (ConfUtils.java:logGet(43)) - raft.server.log.segment.size.max = 1048576 (custom)
2019-09-25 05:53:03,133 [pool-277-thread-1] INFO  server.RaftServerConfigKeys (ConfUtils.java:logGet(43)) - raft.server.log.preallocated.size = 16384 (custom)
2019-09-25 05:53:03,133 [pool-277-thread-1] INFO  server.RaftServerConfigKeys (ConfUtils.java:logGet(43)) - raft.server.log.write.buffer.size = 33554432 (custom)
2019-09-25 05:53:03,133 [pool-277-thread-1] INFO  server.RaftServerConfigKeys (ConfUtils.java:logGet(43)) - raft.server.log.force.sync.num = 128 (default)
2019-09-25 05:53:03,133 [pool-277-thread-1] INFO  server.RaftServerConfigKeys (ConfUtils.java:logGet(43)) - raft.server.log.statemachine.data.sync = true (default)
2019-09-25 05:53:03,133 [pool-277-thread-1] INFO  server.RaftServerConfigKeys (ConfUtils.java:logGet(43)) - raft.server.log.statemachine.data.sync.timeout = 10s (default)
2019-09-25 05:53:03,133 [pool-277-thread-1] INFO  server.RaftServerConfigKeys (ConfUtils.java:logGet(43)) - raft.server.log.statemachine.data.sync.timeout.retry = -1 (default)
2019-09-25 05:53:03,134 [pool-277-thread-1] INFO  server.RaftServerConfigKeys (ConfUtils.java:logGet(43)) - raft.server.log.statemachine.data.caching.enabled = true (custom)
2019-09-25 05:53:03,134 [pool-277-thread-1] INFO  segmented.SegmentedRaftLogWorker (SegmentedRaftLogWorker.java:lambda$new$0(132)) - 9d1d05b8-38cb-4125-b062-f30309294cc2@group-8A564E022379-SegmentedRaftLogWorker: flushIndex: setUnconditionally 0 -> -1
2019-09-25 05:53:03,134 [pool-277-thread-1] INFO  server.RaftServerConfigKeys (ConfUtils.java:logGet(43)) - raft.server.snapshot.auto.trigger.enabled = true (custom)
2019-09-25 05:53:03,134 [pool-277-thread-1] INFO  server.RaftServerConfigKeys (ConfUtils.java:logGet(43)) - raft.server.snapshot.auto.trigger.threshold = 10000 (custom)
2019-09-25 05:53:03,134 [pool-277-thread-1] INFO  server.RaftServerConfigKeys (ConfUtils.java:logGet(43)) - raft.server.snapshot.retention.num.files = 5 (custom)
2019-09-25 05:53:03,134 [pool-277-thread-1] INFO  server.RaftServerConfigKeys (ConfUtils.java:logGet(43)) - raft.server.retrycache.expirytime = 600000ms (custom)
2019-09-25 05:53:03,136 [pool-277-thread-1] INFO  impl.RaftServerImpl (RaftServerImpl.java:start(185)) - 9d1d05b8-38cb-4125-b062-f30309294cc2@group-8A564E022379: start as a follower, conf=-1: [9d1d05b8-38cb-4125-b062-f30309294cc2:192.168.5.161:44387], old=null
2019-09-25 05:53:03,136 [pool-277-thread-1] INFO  impl.RaftServerImpl (RaftServerImpl.java:setRole(174)) - 9d1d05b8-38cb-4125-b062-f30309294cc2@group-8A564E022379: changes role from      null to FOLLOWER at term 0 for startAsFollower
2019-09-25 05:53:03,136 [pool-277-thread-1] INFO  impl.RoleInfo (RoleInfo.java:updateAndGet(143)) - 9d1d05b8-38cb-4125-b062-f30309294cc2: start FollowerState
2019-09-25 05:53:03,136 [pool-277-thread-1] INFO  util.JmxRegister (JmxRegister.java:tryRegister(44)) - Successfully registered JMX Bean with object name Ratis:service=RaftServer,group=group-8A564E022379,id=9d1d05b8-38cb-4125-b062-f30309294cc2
2019-09-25 05:53:03,139 [RatisPipelineUtilsThread] INFO  pipeline.PipelineStateManager (PipelineStateManager.java:addPipeline(56)) - Created pipeline Pipeline[ Id: fb8d8901-def5-401f-937d-8a564e022379, Nodes: 9d1d05b8-38cb-4125-b062-f30309294cc2{ip: 192.168.5.161, host: pr-hdds-1569-zxpks-796972592, networkLocation: /default-rack, certSerialId: null}, Type:RATIS, Factor:ONE, State:OPEN]
2019-09-25 05:53:03,140 [RatisPipelineUtilsThread] INFO  pipeline.PipelinePlacementPolicy (PipelinePlacementPolicy.java:meetCriteria(91)) - Pipeline Placement: can't place more pipeline on heavy datanode： 9d1d05b8-38cb-4125-b062-f30309294cc2 Heaviness: 6 limit: 5
2019-09-25 05:53:03,145 [grpc-default-executor-0] INFO  impl.RaftServerProxy (RaftServerProxy.java:addNew(89)) - 72f1487d-ef6e-4360-9049-98595ab21d01: addNew group-9C7F49333ACD:[72f1487d-ef6e-4360-9049-98595ab21d01:192.168.5.161:46703] returns group-9C7F49333ACD:java.util.concurrent.CompletableFuture@5e847fa7[Not completed]
2019-09-25 05:53:03,146 [pool-287-thread-1] INFO  impl.RaftServerImpl (RaftServerImpl.java:<init>(95)) - 72f1487d-ef6e-4360-9049-98595ab21d01: new RaftServerImpl for group-9C7F49333ACD:[72f1487d-ef6e-4360-9049-98595ab21d01:192.168.5.161:46703] with ContainerStateMachine:uninitialized
2019-09-25 05:53:03,147 [pool-287-thread-1] INFO  server.RaftServerConfigKeys (ConfUtils.java:logGet(43)) - raft.server.rpc.timeout.min = 5s (custom)
2019-09-25 05:53:03,147 [pool-287-thread-1] INFO  server.RaftServerConfigKeys (ConfUtils.java:logGet(43)) - raft.server.rpc.timeout.max = 5200ms (custom)
2019-09-25 05:53:03,147 [pool-287-thread-1] INFO  server.RaftServerConfigKeys (ConfUtils.java:logGet(43)) - raft.server.rpcslowness.timeout = 120s (custom)
2019-09-25 05:53:03,147 [pool-287-thread-1] INFO  server.RaftServerConfigKeys (ConfUtils.java:logGet(43)) - raft.server.sleep.deviation.threshold = 300 (default)
2019-09-25 05:53:03,147 [pool-287-thread-1] INFO  server.RaftServerConfigKeys (ConfUtils.java:logGet(43)) - raft.server.log.appender.install.snapshot.enabled = false (custom)
2019-09-25 05:53:03,147 [pool-287-thread-1] INFO  impl.RaftServerImpl (ServerState.java:<init>(103)) - 72f1487d-ef6e-4360-9049-98595ab21d01@group-9C7F49333ACD: ConfigurationManager, init=-1: [72f1487d-ef6e-4360-9049-98595ab21d01:192.168.5.161:46703], old=null, confs=<EMPTY_MAP>
2019-09-25 05:53:03,147 [pool-287-thread-1] INFO  server.RaftServerConfigKeys (ConfUtils.java:logGet(43)) - raft.server.storage.dir = [/workdir/hadoop-ozone/ozonefs/target/test-dir/MiniOzoneClusterImpl-ec9cbae6-e51d-4388-8482-e19082e5b468/datanode-1/data/ratis] (custom)
2019-09-25 05:53:03,148 [pool-287-thread-1] INFO  storage.RaftStorageDirectory (RaftStorageDirectory.java:analyzeStorage(246)) - The storage directory /workdir/hadoop-ozone/ozonefs/target/test-dir/MiniOzoneClusterImpl-ec9cbae6-e51d-4388-8482-e19082e5b468/datanode-1/data/ratis/1a457099-cba6-4cab-be21-9c7f49333acd does not exist. Creating ...
2019-09-25 05:53:03,160 [pool-287-thread-1] INFO  storage.RaftStorageDirectory (RaftStorageDirectory.java:tryLock(328)) - Lock on /workdir/hadoop-ozone/ozonefs/target/test-dir/MiniOzoneClusterImpl-ec9cbae6-e51d-4388-8482-e19082e5b468/datanode-1/data/ratis/1a457099-cba6-4cab-be21-9c7f49333acd/in_use.lock acquired by nodename 13808@pr-hdds-1569-zxpks-796972592
2019-09-25 05:53:03,173 [pool-287-thread-1] INFO  storage.RaftStorage (RaftStorage.java:format(72)) - Storage directory /workdir/hadoop-ozone/ozonefs/target/test-dir/MiniOzoneClusterImpl-ec9cbae6-e51d-4388-8482-e19082e5b468/datanode-1/data/ratis/1a457099-cba6-4cab-be21-9c7f49333acd has been successfully formatted.
2019-09-25 05:53:03,174 [pool-287-thread-1] INFO  ratis.ContainerStateMachine (ContainerStateMachine.java:loadSnapshot(230)) - group-9C7F49333ACD: The snapshot info is null. Setting the last applied indexto:(t:0, i:~)
2019-09-25 05:53:03,175 [pool-287-thread-1] INFO  server.RaftServerConfigKeys (ConfUtils.java:logGet(43)) - raft.server.notification.no-leader.timeout = 120s (custom)
2019-09-25 05:53:03,175 [pool-287-thread-1] INFO  server.RaftServerConfigKeys (ConfUtils.java:logGet(43)) - raft.server.log.use.memory = false (default)
2019-09-25 05:53:03,175 [pool-287-thread-1] INFO  server.RaftServerConfigKeys (ConfUtils.java:logGet(43)) - raft.server.log.purge.gap = 1000000 (custom)
2019-09-25 05:53:03,175 [pool-287-thread-1] INFO  server.RaftServerConfigKeys (ConfUtils.java:logGet(43)) - raft.server.log.appender.buffer.byte-limit = 33554432 (custom)
2019-09-25 05:53:03,176 [pool-287-thread-1] INFO  server.RaftServerConfigKeys (ConfUtils.java:logGet(43)) - raft.server.log.segment.size.max = 1048576 (custom)
2019-09-25 05:53:03,176 [pool-287-thread-1] INFO  server.RaftServerConfigKeys (ConfUtils.java:logGet(43)) - raft.server.log.segment.cache.num.max = 2 (custom)
2019-09-25 05:53:03,176 [pool-287-thread-1] INFO  segmented.SegmentedRaftLogWorker (SegmentedRaftLogWorker.java:<init>(172)) - new 72f1487d-ef6e-4360-9049-98595ab21d01@group-9C7F49333ACD-SegmentedRaftLogWorker for RaftStorage:Storage Directory /workdir/hadoop-ozone/ozonefs/target/test-dir/MiniOzoneClusterImpl-ec9cbae6-e51d-4388-8482-e19082e5b468/datanode-1/data/ratis/1a457099-cba6-4cab-be21-9c7f49333acd
2019-09-25 05:53:03,176 [pool-287-thread-1] INFO  server.RaftServerConfigKeys (ConfUtils.java:logGet(43)) - raft.server.log.queue.byte-limit = 2147483647 (custom)
2019-09-25 05:53:03,176 [pool-287-thread-1] INFO  server.RaftServerConfigKeys (ConfUtils.java:logGet(43)) - raft.server.log.queue.element-limit = 1024 (custom)
2019-09-25 05:53:03,176 [pool-287-thread-1] INFO  server.RaftServerConfigKeys (ConfUtils.java:logGet(43)) - raft.server.log.segment.size.max = 1048576 (custom)
2019-09-25 05:53:03,177 [pool-287-thread-1] INFO  server.RaftServerConfigKeys (ConfUtils.java:logGet(43)) - raft.server.log.preallocated.size = 16384 (custom)
2019-09-25 05:53:03,177 [pool-287-thread-1] INFO  server.RaftServerConfigKeys (ConfUtils.java:logGet(43)) - raft.server.log.write.buffer.size = 33554432 (custom)
2019-09-25 05:53:03,177 [pool-287-thread-1] INFO  server.RaftServerConfigKeys (ConfUtils.java:logGet(43)) - raft.server.log.force.sync.num = 128 (default)
2019-09-25 05:53:03,177 [pool-287-thread-1] INFO  server.RaftServerConfigKeys (ConfUtils.java:logGet(43)) - raft.server.log.statemachine.data.sync = true (default)
2019-09-25 05:53:03,177 [pool-287-thread-1] INFO  server.RaftServerConfigKeys (ConfUtils.java:logGet(43)) - raft.server.log.statemachine.data.sync.timeout = 10s (default)
2019-09-25 05:53:03,177 [pool-287-thread-1] INFO  server.RaftServerConfigKeys (ConfUtils.java:logGet(43)) - raft.server.log.statemachine.data.sync.timeout.retry = -1 (default)
2019-09-25 05:53:03,177 [pool-287-thread-1] INFO  server.RaftServerConfigKeys (ConfUtils.java:logGet(43)) - raft.server.log.statemachine.data.caching.enabled = true (custom)
2019-09-25 05:53:03,178 [pool-287-thread-1] INFO  segmented.SegmentedRaftLogWorker (SegmentedRaftLogWorker.java:lambda$new$0(132)) - 72f1487d-ef6e-4360-9049-98595ab21d01@group-9C7F49333ACD-SegmentedRaftLogWorker: flushIndex: setUnconditionally 0 -> -1
2019-09-25 05:53:03,178 [pool-287-thread-1] INFO  server.RaftServerConfigKeys (ConfUtils.java:logGet(43)) - raft.server.snapshot.auto.trigger.enabled = true (custom)
2019-09-25 05:53:03,179 [pool-287-thread-1] INFO  server.RaftServerConfigKeys (ConfUtils.java:logGet(43)) - raft.server.snapshot.auto.trigger.threshold = 10000 (custom)
2019-09-25 05:53:03,179 [pool-287-thread-1] INFO  server.RaftServerConfigKeys (ConfUtils.java:logGet(43)) - raft.server.snapshot.retention.num.files = 5 (custom)
2019-09-25 05:53:03,179 [pool-287-thread-1] INFO  server.RaftServerConfigKeys (ConfUtils.java:logGet(43)) - raft.server.retrycache.expirytime = 600000ms (custom)
2019-09-25 05:53:03,182 [pool-287-thread-1] INFO  impl.RaftServerImpl (RaftServerImpl.java:start(185)) - 72f1487d-ef6e-4360-9049-98595ab21d01@group-9C7F49333ACD: start as a follower, conf=-1: [72f1487d-ef6e-4360-9049-98595ab21d01:192.168.5.161:46703], old=null
2019-09-25 05:53:03,182 [pool-287-thread-1] INFO  impl.RaftServerImpl (RaftServerImpl.java:setRole(174)) - 72f1487d-ef6e-4360-9049-98595ab21d01@group-9C7F49333ACD: changes role from      null to FOLLOWER at term 0 for startAsFollower
2019-09-25 05:53:03,182 [pool-287-thread-1] INFO  impl.RoleInfo (RoleInfo.java:updateAndGet(143)) - 72f1487d-ef6e-4360-9049-98595ab21d01: start FollowerState
2019-09-25 05:53:03,183 [pool-287-thread-1] INFO  util.JmxRegister (JmxRegister.java:tryRegister(44)) - Successfully registered JMX Bean with object name Ratis:service=RaftServer,group=group-9C7F49333ACD,id=72f1487d-ef6e-4360-9049-98595ab21d01
2019-09-25 05:53:03,190 [RatisPipelineUtilsThread] INFO  pipeline.PipelineStateManager (PipelineStateManager.java:addPipeline(56)) - Created pipeline Pipeline[ Id: 1a457099-cba6-4cab-be21-9c7f49333acd, Nodes: 72f1487d-ef6e-4360-9049-98595ab21d01{ip: 192.168.5.161, host: pr-hdds-1569-zxpks-796972592, networkLocation: /default-rack, certSerialId: null}, Type:RATIS, Factor:ONE, State:OPEN]
2019-09-25 05:53:03,190 [RatisPipelineUtilsThread] INFO  pipeline.PipelinePlacementPolicy (PipelinePlacementPolicy.java:meetCriteria(91)) - Pipeline Placement: can't place more pipeline on heavy datanode： 9d1d05b8-38cb-4125-b062-f30309294cc2 Heaviness: 6 limit: 5
2019-09-25 05:53:03,198 [grpc-default-executor-0] INFO  impl.RaftServerProxy (RaftServerProxy.java:addNew(89)) - 72f1487d-ef6e-4360-9049-98595ab21d01: addNew group-5ECFAA3732D6:[72f1487d-ef6e-4360-9049-98595ab21d01:192.168.5.161:46703] returns group-5ECFAA3732D6:java.util.concurrent.CompletableFuture@21a68006[Not completed]
2019-09-25 05:53:03,199 [pool-287-thread-1] INFO  impl.RaftServerImpl (RaftServerImpl.java:<init>(95)) - 72f1487d-ef6e-4360-9049-98595ab21d01: new RaftServerImpl for group-5ECFAA3732D6:[72f1487d-ef6e-4360-9049-98595ab21d01:192.168.5.161:46703] with ContainerStateMachine:uninitialized
2019-09-25 05:53:03,199 [pool-287-thread-1] INFO  server.RaftServerConfigKeys (ConfUtils.java:logGet(43)) - raft.server.rpc.timeout.min = 5s (custom)
2019-09-25 05:53:03,199 [pool-287-thread-1] INFO  server.RaftServerConfigKeys (ConfUtils.java:logGet(43)) - raft.server.rpc.timeout.max = 5200ms (custom)
2019-09-25 05:53:03,199 [pool-287-thread-1] INFO  server.RaftServerConfigKeys (ConfUtils.java:logGet(43)) - raft.server.rpcslowness.timeout = 120s (custom)
2019-09-25 05:53:03,199 [pool-287-thread-1] INFO  server.RaftServerConfigKeys (ConfUtils.java:logGet(43)) - raft.server.sleep.deviation.threshold = 300 (default)
2019-09-25 05:53:03,199 [pool-287-thread-1] INFO  server.RaftServerConfigKeys (ConfUtils.java:logGet(43)) - raft.server.log.appender.install.snapshot.enabled = false (custom)
2019-09-25 05:53:03,199 [pool-287-thread-1] INFO  impl.RaftServerImpl (ServerState.java:<init>(103)) - 72f1487d-ef6e-4360-9049-98595ab21d01@group-5ECFAA3732D6: ConfigurationManager, init=-1: [72f1487d-ef6e-4360-9049-98595ab21d01:192.168.5.161:46703], old=null, confs=<EMPTY_MAP>
2019-09-25 05:53:03,200 [pool-287-thread-1] INFO  server.RaftServerConfigKeys (ConfUtils.java:logGet(43)) - raft.server.storage.dir = [/workdir/hadoop-ozone/ozonefs/target/test-dir/MiniOzoneClusterImpl-ec9cbae6-e51d-4388-8482-e19082e5b468/datanode-1/data/ratis] (custom)
2019-09-25 05:53:03,200 [pool-287-thread-1] INFO  storage.RaftStorageDirectory (RaftStorageDirectory.java:analyzeStorage(246)) - The storage directory /workdir/hadoop-ozone/ozonefs/target/test-dir/MiniOzoneClusterImpl-ec9cbae6-e51d-4388-8482-e19082e5b468/datanode-1/data/ratis/8b3f197e-343a-44cf-aed2-5ecfaa3732d6 does not exist. Creating ...
2019-09-25 05:53:03,212 [pool-287-thread-1] INFO  storage.RaftStorageDirectory (RaftStorageDirectory.java:tryLock(328)) - Lock on /workdir/hadoop-ozone/ozonefs/target/test-dir/MiniOzoneClusterImpl-ec9cbae6-e51d-4388-8482-e19082e5b468/datanode-1/data/ratis/8b3f197e-343a-44cf-aed2-5ecfaa3732d6/in_use.lock acquired by nodename 13808@pr-hdds-1569-zxpks-796972592
2019-09-25 05:53:03,225 [pool-287-thread-1] INFO  storage.RaftStorage (RaftStorage.java:format(72)) - Storage directory /workdir/hadoop-ozone/ozonefs/target/test-dir/MiniOzoneClusterImpl-ec9cbae6-e51d-4388-8482-e19082e5b468/datanode-1/data/ratis/8b3f197e-343a-44cf-aed2-5ecfaa3732d6 has been successfully formatted.
2019-09-25 05:53:03,225 [pool-287-thread-1] INFO  ratis.ContainerStateMachine (ContainerStateMachine.java:loadSnapshot(230)) - group-5ECFAA3732D6: The snapshot info is null. Setting the last applied indexto:(t:0, i:~)
2019-09-25 05:53:03,226 [pool-287-thread-1] INFO  server.RaftServerConfigKeys (ConfUtils.java:logGet(43)) - raft.server.notification.no-leader.timeout = 120s (custom)
2019-09-25 05:53:03,226 [pool-287-thread-1] INFO  server.RaftServerConfigKeys (ConfUtils.java:logGet(43)) - raft.server.log.use.memory = false (default)
2019-09-25 05:53:03,226 [pool-287-thread-1] INFO  server.RaftServerConfigKeys (ConfUtils.java:logGet(43)) - raft.server.log.purge.gap = 1000000 (custom)
2019-09-25 05:53:03,226 [pool-287-thread-1] INFO  server.RaftServerConfigKeys (ConfUtils.java:logGet(43)) - raft.server.log.appender.buffer.byte-limit = 33554432 (custom)
2019-09-25 05:53:03,226 [pool-287-thread-1] INFO  server.RaftServerConfigKeys (ConfUtils.java:logGet(43)) - raft.server.log.segment.size.max = 1048576 (custom)
2019-09-25 05:53:03,226 [pool-287-thread-1] INFO  server.RaftServerConfigKeys (ConfUtils.java:logGet(43)) - raft.server.log.segment.cache.num.max = 2 (custom)
2019-09-25 05:53:03,226 [pool-287-thread-1] INFO  segmented.SegmentedRaftLogWorker (SegmentedRaftLogWorker.java:<init>(172)) - new 72f1487d-ef6e-4360-9049-98595ab21d01@group-5ECFAA3732D6-SegmentedRaftLogWorker for RaftStorage:Storage Directory /workdir/hadoop-ozone/ozonefs/target/test-dir/MiniOzoneClusterImpl-ec9cbae6-e51d-4388-8482-e19082e5b468/datanode-1/data/ratis/8b3f197e-343a-44cf-aed2-5ecfaa3732d6
2019-09-25 05:53:03,226 [pool-287-thread-1] INFO  server.RaftServerConfigKeys (ConfUtils.java:logGet(43)) - raft.server.log.queue.byte-limit = 2147483647 (custom)
2019-09-25 05:53:03,227 [pool-287-thread-1] INFO  server.RaftServerConfigKeys (ConfUtils.java:logGet(43)) - raft.server.log.queue.element-limit = 1024 (custom)
2019-09-25 05:53:03,227 [pool-287-thread-1] INFO  server.RaftServerConfigKeys (ConfUtils.java:logGet(43)) - raft.server.log.segment.size.max = 1048576 (custom)
2019-09-25 05:53:03,227 [pool-287-thread-1] INFO  server.RaftServerConfigKeys (ConfUtils.java:logGet(43)) - raft.server.log.preallocated.size = 16384 (custom)
2019-09-25 05:53:03,227 [pool-287-thread-1] INFO  server.RaftServerConfigKeys (ConfUtils.java:logGet(43)) - raft.server.log.write.buffer.size = 33554432 (custom)
2019-09-25 05:53:03,227 [pool-287-thread-1] INFO  server.RaftServerConfigKeys (ConfUtils.java:logGet(43)) - raft.server.log.force.sync.num = 128 (default)
2019-09-25 05:53:03,227 [pool-287-thread-1] INFO  server.RaftServerConfigKeys (ConfUtils.java:logGet(43)) - raft.server.log.statemachine.data.sync = true (default)
2019-09-25 05:53:03,227 [pool-287-thread-1] INFO  server.RaftServerConfigKeys (ConfUtils.java:logGet(43)) - raft.server.log.statemachine.data.sync.timeout = 10s (default)
2019-09-25 05:53:03,227 [pool-287-thread-1] INFO  server.RaftServerConfigKeys (ConfUtils.java:logGet(43)) - raft.server.log.statemachine.data.sync.timeout.retry = -1 (default)
2019-09-25 05:53:03,228 [pool-287-thread-1] INFO  server.RaftServerConfigKeys (ConfUtils.java:logGet(43)) - raft.server.log.statemachine.data.caching.enabled = true (custom)
2019-09-25 05:53:03,228 [pool-287-thread-1] INFO  segmented.SegmentedRaftLogWorker (SegmentedRaftLogWorker.java:lambda$new$0(132)) - 72f1487d-ef6e-4360-9049-98595ab21d01@group-5ECFAA3732D6-SegmentedRaftLogWorker: flushIndex: setUnconditionally 0 -> -1
2019-09-25 05:53:03,228 [pool-287-thread-1] INFO  server.RaftServerConfigKeys (ConfUtils.java:logGet(43)) - raft.server.snapshot.auto.trigger.enabled = true (custom)
2019-09-25 05:53:03,228 [pool-287-thread-1] INFO  server.RaftServerConfigKeys (ConfUtils.java:logGet(43)) - raft.server.snapshot.auto.trigger.threshold = 10000 (custom)
2019-09-25 05:53:03,228 [pool-287-thread-1] INFO  server.RaftServerConfigKeys (ConfUtils.java:logGet(43)) - raft.server.snapshot.retention.num.files = 5 (custom)
2019-09-25 05:53:03,229 [pool-287-thread-1] INFO  server.RaftServerConfigKeys (ConfUtils.java:logGet(43)) - raft.server.retrycache.expirytime = 600000ms (custom)
2019-09-25 05:53:03,230 [pool-287-thread-1] INFO  impl.RaftServerImpl (RaftServerImpl.java:start(185)) - 72f1487d-ef6e-4360-9049-98595ab21d01@group-5ECFAA3732D6: start as a follower, conf=-1: [72f1487d-ef6e-4360-9049-98595ab21d01:192.168.5.161:46703], old=null
2019-09-25 05:53:03,230 [pool-287-thread-1] INFO  impl.RaftServerImpl (RaftServerImpl.java:setRole(174)) - 72f1487d-ef6e-4360-9049-98595ab21d01@group-5ECFAA3732D6: changes role from      null to FOLLOWER at term 0 for startAsFollower
2019-09-25 05:53:03,230 [pool-287-thread-1] INFO  impl.RoleInfo (RoleInfo.java:updateAndGet(143)) - 72f1487d-ef6e-4360-9049-98595ab21d01: start FollowerState
2019-09-25 05:53:03,230 [pool-287-thread-1] INFO  util.JmxRegister (JmxRegister.java:tryRegister(44)) - Successfully registered JMX Bean with object name Ratis:service=RaftServer,group=group-5ECFAA3732D6,id=72f1487d-ef6e-4360-9049-98595ab21d01
2019-09-25 05:53:03,233 [RatisPipelineUtilsThread] INFO  pipeline.PipelineStateManager (PipelineStateManager.java:addPipeline(56)) - Created pipeline Pipeline[ Id: 8b3f197e-343a-44cf-aed2-5ecfaa3732d6, Nodes: 72f1487d-ef6e-4360-9049-98595ab21d01{ip: 192.168.5.161, host: pr-hdds-1569-zxpks-796972592, networkLocation: /default-rack, certSerialId: null}, Type:RATIS, Factor:ONE, State:OPEN]
2019-09-25 05:53:03,233 [RatisPipelineUtilsThread] INFO  pipeline.PipelinePlacementPolicy (PipelinePlacementPolicy.java:meetCriteria(91)) - Pipeline Placement: can't place more pipeline on heavy datanode： 9d1d05b8-38cb-4125-b062-f30309294cc2 Heaviness: 6 limit: 5
2019-09-25 05:53:03,238 [grpc-default-executor-0] INFO  impl.RaftServerProxy (RaftServerProxy.java:addNew(89)) - 72f1487d-ef6e-4360-9049-98595ab21d01: addNew group-2B3A51926729:[72f1487d-ef6e-4360-9049-98595ab21d01:192.168.5.161:46703] returns group-2B3A51926729:java.util.concurrent.CompletableFuture@4b14bc65[Not completed]
2019-09-25 05:53:03,239 [pool-287-thread-1] INFO  impl.RaftServerImpl (RaftServerImpl.java:<init>(95)) - 72f1487d-ef6e-4360-9049-98595ab21d01: new RaftServerImpl for group-2B3A51926729:[72f1487d-ef6e-4360-9049-98595ab21d01:192.168.5.161:46703] with ContainerStateMachine:uninitialized
2019-09-25 05:53:03,240 [pool-287-thread-1] INFO  server.RaftServerConfigKeys (ConfUtils.java:logGet(43)) - raft.server.rpc.timeout.min = 5s (custom)
2019-09-25 05:53:03,240 [pool-287-thread-1] INFO  server.RaftServerConfigKeys (ConfUtils.java:logGet(43)) - raft.server.rpc.timeout.max = 5200ms (custom)
2019-09-25 05:53:03,240 [pool-287-thread-1] INFO  server.RaftServerConfigKeys (ConfUtils.java:logGet(43)) - raft.server.rpcslowness.timeout = 120s (custom)
2019-09-25 05:53:03,240 [pool-287-thread-1] INFO  server.RaftServerConfigKeys (ConfUtils.java:logGet(43)) - raft.server.sleep.deviation.threshold = 300 (default)
2019-09-25 05:53:03,240 [pool-287-thread-1] INFO  server.RaftServerConfigKeys (ConfUtils.java:logGet(43)) - raft.server.log.appender.install.snapshot.enabled = false (custom)
2019-09-25 05:53:03,240 [pool-287-thread-1] INFO  impl.RaftServerImpl (ServerState.java:<init>(103)) - 72f1487d-ef6e-4360-9049-98595ab21d01@group-2B3A51926729: ConfigurationManager, init=-1: [72f1487d-ef6e-4360-9049-98595ab21d01:192.168.5.161:46703], old=null, confs=<EMPTY_MAP>
2019-09-25 05:53:03,240 [pool-287-thread-1] INFO  server.RaftServerConfigKeys (ConfUtils.java:logGet(43)) - raft.server.storage.dir = [/workdir/hadoop-ozone/ozonefs/target/test-dir/MiniOzoneClusterImpl-ec9cbae6-e51d-4388-8482-e19082e5b468/datanode-1/data/ratis] (custom)
2019-09-25 05:53:03,240 [pool-287-thread-1] INFO  storage.RaftStorageDirectory (RaftStorageDirectory.java:analyzeStorage(246)) - The storage directory /workdir/hadoop-ozone/ozonefs/target/test-dir/MiniOzoneClusterImpl-ec9cbae6-e51d-4388-8482-e19082e5b468/datanode-1/data/ratis/b985de60-e04d-45e8-9715-2b3a51926729 does not exist. Creating ...
2019-09-25 05:53:03,253 [pool-287-thread-1] INFO  storage.RaftStorageDirectory (RaftStorageDirectory.java:tryLock(328)) - Lock on /workdir/hadoop-ozone/ozonefs/target/test-dir/MiniOzoneClusterImpl-ec9cbae6-e51d-4388-8482-e19082e5b468/datanode-1/data/ratis/b985de60-e04d-45e8-9715-2b3a51926729/in_use.lock acquired by nodename 13808@pr-hdds-1569-zxpks-796972592
2019-09-25 05:53:03,256 [pool-287-thread-1] INFO  storage.RaftStorage (RaftStorage.java:format(72)) - Storage directory /workdir/hadoop-ozone/ozonefs/target/test-dir/MiniOzoneClusterImpl-ec9cbae6-e51d-4388-8482-e19082e5b468/datanode-1/data/ratis/b985de60-e04d-45e8-9715-2b3a51926729 has been successfully formatted.
2019-09-25 05:53:03,256 [pool-287-thread-1] INFO  ratis.ContainerStateMachine (ContainerStateMachine.java:loadSnapshot(230)) - group-2B3A51926729: The snapshot info is null. Setting the last applied indexto:(t:0, i:~)
2019-09-25 05:53:03,256 [pool-287-thread-1] INFO  server.RaftServerConfigKeys (ConfUtils.java:logGet(43)) - raft.server.notification.no-leader.timeout = 120s (custom)
2019-09-25 05:53:03,256 [pool-287-thread-1] INFO  server.RaftServerConfigKeys (ConfUtils.java:logGet(43)) - raft.server.log.use.memory = false (default)
2019-09-25 05:53:03,256 [pool-287-thread-1] INFO  server.RaftServerConfigKeys (ConfUtils.java:logGet(43)) - raft.server.log.purge.gap = 1000000 (custom)
2019-09-25 05:53:03,256 [pool-287-thread-1] INFO  server.RaftServerConfigKeys (ConfUtils.java:logGet(43)) - raft.server.log.appender.buffer.byte-limit = 33554432 (custom)
2019-09-25 05:53:03,257 [pool-287-thread-1] INFO  server.RaftServerConfigKeys (ConfUtils.java:logGet(43)) - raft.server.log.segment.size.max = 1048576 (custom)
2019-09-25 05:53:03,257 [pool-287-thread-1] INFO  server.RaftServerConfigKeys (ConfUtils.java:logGet(43)) - raft.server.log.segment.cache.num.max = 2 (custom)
2019-09-25 05:53:03,257 [pool-287-thread-1] INFO  segmented.SegmentedRaftLogWorker (SegmentedRaftLogWorker.java:<init>(172)) - new 72f1487d-ef6e-4360-9049-98595ab21d01@group-2B3A51926729-SegmentedRaftLogWorker for RaftStorage:Storage Directory /workdir/hadoop-ozone/ozonefs/target/test-dir/MiniOzoneClusterImpl-ec9cbae6-e51d-4388-8482-e19082e5b468/datanode-1/data/ratis/b985de60-e04d-45e8-9715-2b3a51926729
2019-09-25 05:53:03,257 [pool-287-thread-1] INFO  server.RaftServerConfigKeys (ConfUtils.java:logGet(43)) - raft.server.log.queue.byte-limit = 2147483647 (custom)
2019-09-25 05:53:03,257 [pool-287-thread-1] INFO  server.RaftServerConfigKeys (ConfUtils.java:logGet(43)) - raft.server.log.queue.element-limit = 1024 (custom)
2019-09-25 05:53:03,257 [pool-287-thread-1] INFO  server.RaftServerConfigKeys (ConfUtils.java:logGet(43)) - raft.server.log.segment.size.max = 1048576 (custom)
2019-09-25 05:53:03,257 [pool-287-thread-1] INFO  server.RaftServerConfigKeys (ConfUtils.java:logGet(43)) - raft.server.log.preallocated.size = 16384 (custom)
2019-09-25 05:53:03,257 [pool-287-thread-1] INFO  server.RaftServerConfigKeys (ConfUtils.java:logGet(43)) - raft.server.log.write.buffer.size = 33554432 (custom)
2019-09-25 05:53:03,257 [pool-287-thread-1] INFO  server.RaftServerConfigKeys (ConfUtils.java:logGet(43)) - raft.server.log.force.sync.num = 128 (default)
2019-09-25 05:53:03,257 [pool-287-thread-1] INFO  server.RaftServerConfigKeys (ConfUtils.java:logGet(43)) - raft.server.log.statemachine.data.sync = true (default)
2019-09-25 05:53:03,258 [pool-287-thread-1] INFO  server.RaftServerConfigKeys (ConfUtils.java:logGet(43)) - raft.server.log.statemachine.data.sync.timeout = 10s (default)
2019-09-25 05:53:03,258 [pool-287-thread-1] INFO  server.RaftServerConfigKeys (ConfUtils.java:logGet(43)) - raft.server.log.statemachine.data.sync.timeout.retry = -1 (default)
2019-09-25 05:53:03,258 [pool-287-thread-1] INFO  server.RaftServerConfigKeys (ConfUtils.java:logGet(43)) - raft.server.log.statemachine.data.caching.enabled = true (custom)
2019-09-25 05:53:03,258 [pool-287-thread-1] INFO  segmented.SegmentedRaftLogWorker (SegmentedRaftLogWorker.java:lambda$new$0(132)) - 72f1487d-ef6e-4360-9049-98595ab21d01@group-2B3A51926729-SegmentedRaftLogWorker: flushIndex: setUnconditionally 0 -> -1
2019-09-25 05:53:03,258 [pool-287-thread-1] INFO  server.RaftServerConfigKeys (ConfUtils.java:logGet(43)) - raft.server.snapshot.auto.trigger.enabled = true (custom)
2019-09-25 05:53:03,258 [pool-287-thread-1] INFO  server.RaftServerConfigKeys (ConfUtils.java:logGet(43)) - raft.server.snapshot.auto.trigger.threshold = 10000 (custom)
2019-09-25 05:53:03,259 [pool-287-thread-1] INFO  server.RaftServerConfigKeys (ConfUtils.java:logGet(43)) - raft.server.snapshot.retention.num.files = 5 (custom)
2019-09-25 05:53:03,259 [pool-287-thread-1] INFO  server.RaftServerConfigKeys (ConfUtils.java:logGet(43)) - raft.server.retrycache.expirytime = 600000ms (custom)
2019-09-25 05:53:03,260 [pool-287-thread-1] INFO  impl.RaftServerImpl (RaftServerImpl.java:start(185)) - 72f1487d-ef6e-4360-9049-98595ab21d01@group-2B3A51926729: start as a follower, conf=-1: [72f1487d-ef6e-4360-9049-98595ab21d01:192.168.5.161:46703], old=null
2019-09-25 05:53:03,260 [pool-287-thread-1] INFO  impl.RaftServerImpl (RaftServerImpl.java:setRole(174)) - 72f1487d-ef6e-4360-9049-98595ab21d01@group-2B3A51926729: changes role from      null to FOLLOWER at term 0 for startAsFollower
2019-09-25 05:53:03,260 [pool-287-thread-1] INFO  impl.RoleInfo (RoleInfo.java:updateAndGet(143)) - 72f1487d-ef6e-4360-9049-98595ab21d01: start FollowerState
2019-09-25 05:53:03,260 [pool-287-thread-1] INFO  util.JmxRegister (JmxRegister.java:tryRegister(44)) - Successfully registered JMX Bean with object name Ratis:service=RaftServer,group=group-2B3A51926729,id=72f1487d-ef6e-4360-9049-98595ab21d01
2019-09-25 05:53:03,263 [RatisPipelineUtilsThread] INFO  pipeline.PipelineStateManager (PipelineStateManager.java:addPipeline(56)) - Created pipeline Pipeline[ Id: b985de60-e04d-45e8-9715-2b3a51926729, Nodes: 72f1487d-ef6e-4360-9049-98595ab21d01{ip: 192.168.5.161, host: pr-hdds-1569-zxpks-796972592, networkLocation: /default-rack, certSerialId: null}, Type:RATIS, Factor:ONE, State:OPEN]
2019-09-25 05:53:03,263 [RatisPipelineUtilsThread] INFO  pipeline.PipelinePlacementPolicy (PipelinePlacementPolicy.java:meetCriteria(91)) - Pipeline Placement: can't place more pipeline on heavy datanode： 9d1d05b8-38cb-4125-b062-f30309294cc2 Heaviness: 6 limit: 5
2019-09-25 05:53:03,268 [grpc-default-executor-0] INFO  impl.RaftServerProxy (RaftServerProxy.java:addNew(89)) - 72f1487d-ef6e-4360-9049-98595ab21d01: addNew group-9EDEB544A8CB:[72f1487d-ef6e-4360-9049-98595ab21d01:192.168.5.161:46703] returns group-9EDEB544A8CB:java.util.concurrent.CompletableFuture@74581dde[Not completed]
2019-09-25 05:53:03,269 [pool-287-thread-1] INFO  impl.RaftServerImpl (RaftServerImpl.java:<init>(95)) - 72f1487d-ef6e-4360-9049-98595ab21d01: new RaftServerImpl for group-9EDEB544A8CB:[72f1487d-ef6e-4360-9049-98595ab21d01:192.168.5.161:46703] with ContainerStateMachine:uninitialized
2019-09-25 05:53:03,269 [pool-287-thread-1] INFO  server.RaftServerConfigKeys (ConfUtils.java:logGet(43)) - raft.server.rpc.timeout.min = 5s (custom)
2019-09-25 05:53:03,269 [pool-287-thread-1] INFO  server.RaftServerConfigKeys (ConfUtils.java:logGet(43)) - raft.server.rpc.timeout.max = 5200ms (custom)
2019-09-25 05:53:03,270 [pool-287-thread-1] INFO  server.RaftServerConfigKeys (ConfUtils.java:logGet(43)) - raft.server.rpcslowness.timeout = 120s (custom)
2019-09-25 05:53:03,270 [pool-287-thread-1] INFO  server.RaftServerConfigKeys (ConfUtils.java:logGet(43)) - raft.server.sleep.deviation.threshold = 300 (default)
2019-09-25 05:53:03,270 [pool-287-thread-1] INFO  server.RaftServerConfigKeys (ConfUtils.java:logGet(43)) - raft.server.log.appender.install.snapshot.enabled = false (custom)
2019-09-25 05:53:03,270 [pool-287-thread-1] INFO  impl.RaftServerImpl (ServerState.java:<init>(103)) - 72f1487d-ef6e-4360-9049-98595ab21d01@group-9EDEB544A8CB: ConfigurationManager, init=-1: [72f1487d-ef6e-4360-9049-98595ab21d01:192.168.5.161:46703], old=null, confs=<EMPTY_MAP>
2019-09-25 05:53:03,270 [pool-287-thread-1] INFO  server.RaftServerConfigKeys (ConfUtils.java:logGet(43)) - raft.server.storage.dir = [/workdir/hadoop-ozone/ozonefs/target/test-dir/MiniOzoneClusterImpl-ec9cbae6-e51d-4388-8482-e19082e5b468/datanode-1/data/ratis] (custom)
2019-09-25 05:53:03,270 [pool-287-thread-1] INFO  storage.RaftStorageDirectory (RaftStorageDirectory.java:analyzeStorage(246)) - The storage directory /workdir/hadoop-ozone/ozonefs/target/test-dir/MiniOzoneClusterImpl-ec9cbae6-e51d-4388-8482-e19082e5b468/datanode-1/data/ratis/248eda47-92d2-4999-baca-9edeb544a8cb does not exist. Creating ...
2019-09-25 05:53:03,273 [pool-287-thread-1] INFO  storage.RaftStorageDirectory (RaftStorageDirectory.java:tryLock(328)) - Lock on /workdir/hadoop-ozone/ozonefs/target/test-dir/MiniOzoneClusterImpl-ec9cbae6-e51d-4388-8482-e19082e5b468/datanode-1/data/ratis/248eda47-92d2-4999-baca-9edeb544a8cb/in_use.lock acquired by nodename 13808@pr-hdds-1569-zxpks-796972592
2019-09-25 05:53:03,277 [pool-287-thread-1] INFO  storage.RaftStorage (RaftStorage.java:format(72)) - Storage directory /workdir/hadoop-ozone/ozonefs/target/test-dir/MiniOzoneClusterImpl-ec9cbae6-e51d-4388-8482-e19082e5b468/datanode-1/data/ratis/248eda47-92d2-4999-baca-9edeb544a8cb has been successfully formatted.
2019-09-25 05:53:03,277 [pool-287-thread-1] INFO  ratis.ContainerStateMachine (ContainerStateMachine.java:loadSnapshot(230)) - group-9EDEB544A8CB: The snapshot info is null. Setting the last applied indexto:(t:0, i:~)
2019-09-25 05:53:03,277 [pool-287-thread-1] INFO  server.RaftServerConfigKeys (ConfUtils.java:logGet(43)) - raft.server.notification.no-leader.timeout = 120s (custom)
2019-09-25 05:53:03,277 [pool-287-thread-1] INFO  server.RaftServerConfigKeys (ConfUtils.java:logGet(43)) - raft.server.log.use.memory = false (default)
2019-09-25 05:53:03,277 [pool-287-thread-1] INFO  server.RaftServerConfigKeys (ConfUtils.java:logGet(43)) - raft.server.log.purge.gap = 1000000 (custom)
2019-09-25 05:53:03,277 [pool-287-thread-1] INFO  server.RaftServerConfigKeys (ConfUtils.java:logGet(43)) - raft.server.log.appender.buffer.byte-limit = 33554432 (custom)
2019-09-25 05:53:03,278 [pool-287-thread-1] INFO  server.RaftServerConfigKeys (ConfUtils.java:logGet(43)) - raft.server.log.segment.size.max = 1048576 (custom)
2019-09-25 05:53:03,278 [pool-287-thread-1] INFO  server.RaftServerConfigKeys (ConfUtils.java:logGet(43)) - raft.server.log.segment.cache.num.max = 2 (custom)
2019-09-25 05:53:03,278 [pool-287-thread-1] INFO  segmented.SegmentedRaftLogWorker (SegmentedRaftLogWorker.java:<init>(172)) - new 72f1487d-ef6e-4360-9049-98595ab21d01@group-9EDEB544A8CB-SegmentedRaftLogWorker for RaftStorage:Storage Directory /workdir/hadoop-ozone/ozonefs/target/test-dir/MiniOzoneClusterImpl-ec9cbae6-e51d-4388-8482-e19082e5b468/datanode-1/data/ratis/248eda47-92d2-4999-baca-9edeb544a8cb
2019-09-25 05:53:03,278 [pool-287-thread-1] INFO  server.RaftServerConfigKeys (ConfUtils.java:logGet(43)) - raft.server.log.queue.byte-limit = 2147483647 (custom)
2019-09-25 05:53:03,278 [pool-287-thread-1] INFO  server.RaftServerConfigKeys (ConfUtils.java:logGet(43)) - raft.server.log.queue.element-limit = 1024 (custom)
2019-09-25 05:53:03,278 [pool-287-thread-1] INFO  server.RaftServerConfigKeys (ConfUtils.java:logGet(43)) - raft.server.log.segment.size.max = 1048576 (custom)
2019-09-25 05:53:03,278 [pool-287-thread-1] INFO  server.RaftServerConfigKeys (ConfUtils.java:logGet(43)) - raft.server.log.preallocated.size = 16384 (custom)
2019-09-25 05:53:03,278 [pool-287-thread-1] INFO  server.RaftServerConfigKeys (ConfUtils.java:logGet(43)) - raft.server.log.write.buffer.size = 33554432 (custom)
2019-09-25 05:53:03,279 [pool-287-thread-1] INFO  server.RaftServerConfigKeys (ConfUtils.java:logGet(43)) - raft.server.log.force.sync.num = 128 (default)
2019-09-25 05:53:03,279 [pool-287-thread-1] INFO  server.RaftServerConfigKeys (ConfUtils.java:logGet(43)) - raft.server.log.statemachine.data.sync = true (default)
2019-09-25 05:53:03,279 [pool-287-thread-1] INFO  server.RaftServerConfigKeys (ConfUtils.java:logGet(43)) - raft.server.log.statemachine.data.sync.timeout = 10s (default)
2019-09-25 05:53:03,279 [pool-287-thread-1] INFO  server.RaftServerConfigKeys (ConfUtils.java:logGet(43)) - raft.server.log.statemachine.data.sync.timeout.retry = -1 (default)
2019-09-25 05:53:03,279 [pool-287-thread-1] INFO  server.RaftServerConfigKeys (ConfUtils.java:logGet(43)) - raft.server.log.statemachine.data.caching.enabled = true (custom)
2019-09-25 05:53:03,279 [pool-287-thread-1] INFO  segmented.SegmentedRaftLogWorker (SegmentedRaftLogWorker.java:lambda$new$0(132)) - 72f1487d-ef6e-4360-9049-98595ab21d01@group-9EDEB544A8CB-SegmentedRaftLogWorker: flushIndex: setUnconditionally 0 -> -1
2019-09-25 05:53:03,280 [pool-287-thread-1] INFO  server.RaftServerConfigKeys (ConfUtils.java:logGet(43)) - raft.server.snapshot.auto.trigger.enabled = true (custom)
2019-09-25 05:53:03,280 [pool-287-thread-1] INFO  server.RaftServerConfigKeys (ConfUtils.java:logGet(43)) - raft.server.snapshot.auto.trigger.threshold = 10000 (custom)
2019-09-25 05:53:03,280 [pool-287-thread-1] INFO  server.RaftServerConfigKeys (ConfUtils.java:logGet(43)) - raft.server.snapshot.retention.num.files = 5 (custom)
2019-09-25 05:53:03,280 [pool-287-thread-1] INFO  server.RaftServerConfigKeys (ConfUtils.java:logGet(43)) - raft.server.retrycache.expirytime = 600000ms (custom)
2019-09-25 05:53:03,281 [pool-287-thread-1] INFO  impl.RaftServerImpl (RaftServerImpl.java:start(185)) - 72f1487d-ef6e-4360-9049-98595ab21d01@group-9EDEB544A8CB: start as a follower, conf=-1: [72f1487d-ef6e-4360-9049-98595ab21d01:192.168.5.161:46703], old=null
2019-09-25 05:53:03,281 [pool-287-thread-1] INFO  impl.RaftServerImpl (RaftServerImpl.java:setRole(174)) - 72f1487d-ef6e-4360-9049-98595ab21d01@group-9EDEB544A8CB: changes role from      null to FOLLOWER at term 0 for startAsFollower
2019-09-25 05:53:03,282 [pool-287-thread-1] INFO  impl.RoleInfo (RoleInfo.java:updateAndGet(143)) - 72f1487d-ef6e-4360-9049-98595ab21d01: start FollowerState
2019-09-25 05:53:03,282 [pool-287-thread-1] INFO  util.JmxRegister (JmxRegister.java:tryRegister(44)) - Successfully registered JMX Bean with object name Ratis:service=RaftServer,group=group-9EDEB544A8CB,id=72f1487d-ef6e-4360-9049-98595ab21d01
2019-09-25 05:53:03,285 [RatisPipelineUtilsThread] INFO  pipeline.PipelineStateManager (PipelineStateManager.java:addPipeline(56)) - Created pipeline Pipeline[ Id: 248eda47-92d2-4999-baca-9edeb544a8cb, Nodes: 72f1487d-ef6e-4360-9049-98595ab21d01{ip: 192.168.5.161, host: pr-hdds-1569-zxpks-796972592, networkLocation: /default-rack, certSerialId: null}, Type:RATIS, Factor:ONE, State:OPEN]
2019-09-25 05:53:03,285 [RatisPipelineUtilsThread] INFO  pipeline.PipelinePlacementPolicy (PipelinePlacementPolicy.java:meetCriteria(91)) - Pipeline Placement: can't place more pipeline on heavy datanode： 9d1d05b8-38cb-4125-b062-f30309294cc2 Heaviness: 6 limit: 5
2019-09-25 05:53:03,290 [grpc-default-executor-0] INFO  impl.RaftServerProxy (RaftServerProxy.java:addNew(89)) - 72f1487d-ef6e-4360-9049-98595ab21d01: addNew group-7A16581E0993:[72f1487d-ef6e-4360-9049-98595ab21d01:192.168.5.161:46703] returns group-7A16581E0993:java.util.concurrent.CompletableFuture@28c1e604[Not completed]
2019-09-25 05:53:03,291 [pool-287-thread-1] INFO  impl.RaftServerImpl (RaftServerImpl.java:<init>(95)) - 72f1487d-ef6e-4360-9049-98595ab21d01: new RaftServerImpl for group-7A16581E0993:[72f1487d-ef6e-4360-9049-98595ab21d01:192.168.5.161:46703] with ContainerStateMachine:uninitialized
2019-09-25 05:53:03,291 [pool-287-thread-1] INFO  server.RaftServerConfigKeys (ConfUtils.java:logGet(43)) - raft.server.rpc.timeout.min = 5s (custom)
2019-09-25 05:53:03,291 [pool-287-thread-1] INFO  server.RaftServerConfigKeys (ConfUtils.java:logGet(43)) - raft.server.rpc.timeout.max = 5200ms (custom)
2019-09-25 05:53:03,291 [pool-287-thread-1] INFO  server.RaftServerConfigKeys (ConfUtils.java:logGet(43)) - raft.server.rpcslowness.timeout = 120s (custom)
2019-09-25 05:53:03,291 [pool-287-thread-1] INFO  server.RaftServerConfigKeys (ConfUtils.java:logGet(43)) - raft.server.sleep.deviation.threshold = 300 (default)
2019-09-25 05:53:03,292 [pool-287-thread-1] INFO  server.RaftServerConfigKeys (ConfUtils.java:logGet(43)) - raft.server.log.appender.install.snapshot.enabled = false (custom)
2019-09-25 05:53:03,292 [pool-287-thread-1] INFO  impl.RaftServerImpl (ServerState.java:<init>(103)) - 72f1487d-ef6e-4360-9049-98595ab21d01@group-7A16581E0993: ConfigurationManager, init=-1: [72f1487d-ef6e-4360-9049-98595ab21d01:192.168.5.161:46703], old=null, confs=<EMPTY_MAP>
2019-09-25 05:53:03,292 [pool-287-thread-1] INFO  server.RaftServerConfigKeys (ConfUtils.java:logGet(43)) - raft.server.storage.dir = [/workdir/hadoop-ozone/ozonefs/target/test-dir/MiniOzoneClusterImpl-ec9cbae6-e51d-4388-8482-e19082e5b468/datanode-1/data/ratis] (custom)
2019-09-25 05:53:03,292 [pool-287-thread-1] INFO  storage.RaftStorageDirectory (RaftStorageDirectory.java:analyzeStorage(246)) - The storage directory /workdir/hadoop-ozone/ozonefs/target/test-dir/MiniOzoneClusterImpl-ec9cbae6-e51d-4388-8482-e19082e5b468/datanode-1/data/ratis/0545c097-7f4a-4ee2-a354-7a16581e0993 does not exist. Creating ...
2019-09-25 05:53:03,295 [pool-287-thread-1] INFO  storage.RaftStorageDirectory (RaftStorageDirectory.java:tryLock(328)) - Lock on /workdir/hadoop-ozone/ozonefs/target/test-dir/MiniOzoneClusterImpl-ec9cbae6-e51d-4388-8482-e19082e5b468/datanode-1/data/ratis/0545c097-7f4a-4ee2-a354-7a16581e0993/in_use.lock acquired by nodename 13808@pr-hdds-1569-zxpks-796972592
2019-09-25 05:53:03,301 [pool-287-thread-1] INFO  storage.RaftStorage (RaftStorage.java:format(72)) - Storage directory /workdir/hadoop-ozone/ozonefs/target/test-dir/MiniOzoneClusterImpl-ec9cbae6-e51d-4388-8482-e19082e5b468/datanode-1/data/ratis/0545c097-7f4a-4ee2-a354-7a16581e0993 has been successfully formatted.
2019-09-25 05:53:03,301 [pool-287-thread-1] INFO  ratis.ContainerStateMachine (ContainerStateMachine.java:loadSnapshot(230)) - group-7A16581E0993: The snapshot info is null. Setting the last applied indexto:(t:0, i:~)
2019-09-25 05:53:03,301 [pool-287-thread-1] INFO  server.RaftServerConfigKeys (ConfUtils.java:logGet(43)) - raft.server.notification.no-leader.timeout = 120s (custom)
2019-09-25 05:53:03,301 [pool-287-thread-1] INFO  server.RaftServerConfigKeys (ConfUtils.java:logGet(43)) - raft.server.log.use.memory = false (default)
2019-09-25 05:53:03,301 [pool-287-thread-1] INFO  server.RaftServerConfigKeys (ConfUtils.java:logGet(43)) - raft.server.log.purge.gap = 1000000 (custom)
2019-09-25 05:53:03,301 [pool-287-thread-1] INFO  server.RaftServerConfigKeys (ConfUtils.java:logGet(43)) - raft.server.log.appender.buffer.byte-limit = 33554432 (custom)
2019-09-25 05:53:03,301 [pool-287-thread-1] INFO  server.RaftServerConfigKeys (ConfUtils.java:logGet(43)) - raft.server.log.segment.size.max = 1048576 (custom)
2019-09-25 05:53:03,302 [pool-287-thread-1] INFO  server.RaftServerConfigKeys (ConfUtils.java:logGet(43)) - raft.server.log.segment.cache.num.max = 2 (custom)
2019-09-25 05:53:03,302 [pool-287-thread-1] INFO  segmented.SegmentedRaftLogWorker (SegmentedRaftLogWorker.java:<init>(172)) - new 72f1487d-ef6e-4360-9049-98595ab21d01@group-7A16581E0993-SegmentedRaftLogWorker for RaftStorage:Storage Directory /workdir/hadoop-ozone/ozonefs/target/test-dir/MiniOzoneClusterImpl-ec9cbae6-e51d-4388-8482-e19082e5b468/datanode-1/data/ratis/0545c097-7f4a-4ee2-a354-7a16581e0993
2019-09-25 05:53:03,302 [pool-287-thread-1] INFO  server.RaftServerConfigKeys (ConfUtils.java:logGet(43)) - raft.server.log.queue.byte-limit = 2147483647 (custom)
2019-09-25 05:53:03,302 [pool-287-thread-1] INFO  server.RaftServerConfigKeys (ConfUtils.java:logGet(43)) - raft.server.log.queue.element-limit = 1024 (custom)
2019-09-25 05:53:03,302 [pool-287-thread-1] INFO  server.RaftServerConfigKeys (ConfUtils.java:logGet(43)) - raft.server.log.segment.size.max = 1048576 (custom)
2019-09-25 05:53:03,302 [pool-287-thread-1] INFO  server.RaftServerConfigKeys (ConfUtils.java:logGet(43)) - raft.server.log.preallocated.size = 16384 (custom)
2019-09-25 05:53:03,302 [pool-287-thread-1] INFO  server.RaftServerConfigKeys (ConfUtils.java:logGet(43)) - raft.server.log.write.buffer.size = 33554432 (custom)
2019-09-25 05:53:03,302 [pool-287-thread-1] INFO  server.RaftServerConfigKeys (ConfUtils.java:logGet(43)) - raft.server.log.force.sync.num = 128 (default)
2019-09-25 05:53:03,303 [pool-287-thread-1] INFO  server.RaftServerConfigKeys (ConfUtils.java:logGet(43)) - raft.server.log.statemachine.data.sync = true (default)
2019-09-25 05:53:03,303 [pool-287-thread-1] INFO  server.RaftServerConfigKeys (ConfUtils.java:logGet(43)) - raft.server.log.statemachine.data.sync.timeout = 10s (default)
2019-09-25 05:53:03,303 [pool-287-thread-1] INFO  server.RaftServerConfigKeys (ConfUtils.java:logGet(43)) - raft.server.log.statemachine.data.sync.timeout.retry = -1 (default)
2019-09-25 05:53:03,303 [pool-287-thread-1] INFO  server.RaftServerConfigKeys (ConfUtils.java:logGet(43)) - raft.server.log.statemachine.data.caching.enabled = true (custom)
2019-09-25 05:53:03,303 [pool-287-thread-1] INFO  segmented.SegmentedRaftLogWorker (SegmentedRaftLogWorker.java:lambda$new$0(132)) - 72f1487d-ef6e-4360-9049-98595ab21d01@group-7A16581E0993-SegmentedRaftLogWorker: flushIndex: setUnconditionally 0 -> -1
2019-09-25 05:53:03,304 [pool-287-thread-1] INFO  server.RaftServerConfigKeys (ConfUtils.java:logGet(43)) - raft.server.snapshot.auto.trigger.enabled = true (custom)
2019-09-25 05:53:03,304 [pool-287-thread-1] INFO  server.RaftServerConfigKeys (ConfUtils.java:logGet(43)) - raft.server.snapshot.auto.trigger.threshold = 10000 (custom)
2019-09-25 05:53:03,304 [pool-287-thread-1] INFO  server.RaftServerConfigKeys (ConfUtils.java:logGet(43)) - raft.server.snapshot.retention.num.files = 5 (custom)
2019-09-25 05:53:03,304 [pool-287-thread-1] INFO  server.RaftServerConfigKeys (ConfUtils.java:logGet(43)) - raft.server.retrycache.expirytime = 600000ms (custom)
2019-09-25 05:53:03,305 [pool-287-thread-1] INFO  impl.RaftServerImpl (RaftServerImpl.java:start(185)) - 72f1487d-ef6e-4360-9049-98595ab21d01@group-7A16581E0993: start as a follower, conf=-1: [72f1487d-ef6e-4360-9049-98595ab21d01:192.168.5.161:46703], old=null
2019-09-25 05:53:03,305 [pool-287-thread-1] INFO  impl.RaftServerImpl (RaftServerImpl.java:setRole(174)) - 72f1487d-ef6e-4360-9049-98595ab21d01@group-7A16581E0993: changes role from      null to FOLLOWER at term 0 for startAsFollower
2019-09-25 05:53:03,306 [pool-287-thread-1] INFO  impl.RoleInfo (RoleInfo.java:updateAndGet(143)) - 72f1487d-ef6e-4360-9049-98595ab21d01: start FollowerState
2019-09-25 05:53:03,306 [pool-287-thread-1] INFO  util.JmxRegister (JmxRegister.java:tryRegister(44)) - Successfully registered JMX Bean with object name Ratis:service=RaftServer,group=group-7A16581E0993,id=72f1487d-ef6e-4360-9049-98595ab21d01
2019-09-25 05:53:03,309 [RatisPipelineUtilsThread] INFO  pipeline.PipelineStateManager (PipelineStateManager.java:addPipeline(56)) - Created pipeline Pipeline[ Id: 0545c097-7f4a-4ee2-a354-7a16581e0993, Nodes: 72f1487d-ef6e-4360-9049-98595ab21d01{ip: 192.168.5.161, host: pr-hdds-1569-zxpks-796972592, networkLocation: /default-rack, certSerialId: null}, Type:RATIS, Factor:ONE, State:OPEN]
2019-09-25 05:53:03,310 [RatisPipelineUtilsThread] INFO  pipeline.PipelinePlacementPolicy (PipelinePlacementPolicy.java:meetCriteria(91)) - Pipeline Placement: can't place more pipeline on heavy datanode： 9d1d05b8-38cb-4125-b062-f30309294cc2 Heaviness: 6 limit: 5
2019-09-25 05:53:03,310 [RatisPipelineUtilsThread] INFO  pipeline.PipelinePlacementPolicy (PipelinePlacementPolicy.java:meetCriteria(91)) - Pipeline Placement: can't place more pipeline on heavy datanode： 72f1487d-ef6e-4360-9049-98595ab21d01 Heaviness: 6 limit: 5
2019-09-25 05:53:03,316 [grpc-default-executor-0] INFO  impl.RaftServerProxy (RaftServerProxy.java:addNew(89)) - 506f61c1-59c8-4ed5-a20b-d3f8124679c3: addNew group-A2A88EE39E77:[506f61c1-59c8-4ed5-a20b-d3f8124679c3:192.168.5.161:40958] returns group-A2A88EE39E77:java.util.concurrent.CompletableFuture@25ab44e0[Not completed]
2019-09-25 05:53:03,318 [pool-297-thread-1] INFO  impl.RaftServerImpl (RaftServerImpl.java:<init>(95)) - 506f61c1-59c8-4ed5-a20b-d3f8124679c3: new RaftServerImpl for group-A2A88EE39E77:[506f61c1-59c8-4ed5-a20b-d3f8124679c3:192.168.5.161:40958] with ContainerStateMachine:uninitialized
2019-09-25 05:53:03,318 [pool-297-thread-1] INFO  server.RaftServerConfigKeys (ConfUtils.java:logGet(43)) - raft.server.rpc.timeout.min = 5s (custom)
2019-09-25 05:53:03,319 [pool-297-thread-1] INFO  server.RaftServerConfigKeys (ConfUtils.java:logGet(43)) - raft.server.rpc.timeout.max = 5200ms (custom)
2019-09-25 05:53:03,319 [pool-297-thread-1] INFO  server.RaftServerConfigKeys (ConfUtils.java:logGet(43)) - raft.server.rpcslowness.timeout = 120s (custom)
2019-09-25 05:53:03,319 [pool-297-thread-1] INFO  server.RaftServerConfigKeys (ConfUtils.java:logGet(43)) - raft.server.sleep.deviation.threshold = 300 (default)
2019-09-25 05:53:03,319 [pool-297-thread-1] INFO  server.RaftServerConfigKeys (ConfUtils.java:logGet(43)) - raft.server.log.appender.install.snapshot.enabled = false (custom)
2019-09-25 05:53:03,319 [pool-297-thread-1] INFO  impl.RaftServerImpl (ServerState.java:<init>(103)) - 506f61c1-59c8-4ed5-a20b-d3f8124679c3@group-A2A88EE39E77: ConfigurationManager, init=-1: [506f61c1-59c8-4ed5-a20b-d3f8124679c3:192.168.5.161:40958], old=null, confs=<EMPTY_MAP>
2019-09-25 05:53:03,319 [pool-297-thread-1] INFO  server.RaftServerConfigKeys (ConfUtils.java:logGet(43)) - raft.server.storage.dir = [/workdir/hadoop-ozone/ozonefs/target/test-dir/MiniOzoneClusterImpl-ec9cbae6-e51d-4388-8482-e19082e5b468/datanode-2/data/ratis] (custom)
2019-09-25 05:53:03,320 [pool-297-thread-1] INFO  storage.RaftStorageDirectory (RaftStorageDirectory.java:analyzeStorage(246)) - The storage directory /workdir/hadoop-ozone/ozonefs/target/test-dir/MiniOzoneClusterImpl-ec9cbae6-e51d-4388-8482-e19082e5b468/datanode-2/data/ratis/32ba334a-6d30-42b0-8b24-a2a88ee39e77 does not exist. Creating ...
2019-09-25 05:53:03,322 [pool-297-thread-1] INFO  storage.RaftStorageDirectory (RaftStorageDirectory.java:tryLock(328)) - Lock on /workdir/hadoop-ozone/ozonefs/target/test-dir/MiniOzoneClusterImpl-ec9cbae6-e51d-4388-8482-e19082e5b468/datanode-2/data/ratis/32ba334a-6d30-42b0-8b24-a2a88ee39e77/in_use.lock acquired by nodename 13808@pr-hdds-1569-zxpks-796972592
2019-09-25 05:53:03,326 [pool-297-thread-1] INFO  storage.RaftStorage (RaftStorage.java:format(72)) - Storage directory /workdir/hadoop-ozone/ozonefs/target/test-dir/MiniOzoneClusterImpl-ec9cbae6-e51d-4388-8482-e19082e5b468/datanode-2/data/ratis/32ba334a-6d30-42b0-8b24-a2a88ee39e77 has been successfully formatted.
2019-09-25 05:53:03,326 [pool-297-thread-1] INFO  ratis.ContainerStateMachine (ContainerStateMachine.java:loadSnapshot(230)) - group-A2A88EE39E77: The snapshot info is null. Setting the last applied indexto:(t:0, i:~)
2019-09-25 05:53:03,326 [pool-297-thread-1] INFO  server.RaftServerConfigKeys (ConfUtils.java:logGet(43)) - raft.server.notification.no-leader.timeout = 120s (custom)
2019-09-25 05:53:03,326 [pool-297-thread-1] INFO  server.RaftServerConfigKeys (ConfUtils.java:logGet(43)) - raft.server.log.use.memory = false (default)
2019-09-25 05:53:03,327 [pool-297-thread-1] INFO  server.RaftServerConfigKeys (ConfUtils.java:logGet(43)) - raft.server.log.purge.gap = 1000000 (custom)
2019-09-25 05:53:03,327 [pool-297-thread-1] INFO  server.RaftServerConfigKeys (ConfUtils.java:logGet(43)) - raft.server.log.appender.buffer.byte-limit = 33554432 (custom)
2019-09-25 05:53:03,327 [pool-297-thread-1] INFO  server.RaftServerConfigKeys (ConfUtils.java:logGet(43)) - raft.server.log.segment.size.max = 1048576 (custom)
2019-09-25 05:53:03,327 [pool-297-thread-1] INFO  server.RaftServerConfigKeys (ConfUtils.java:logGet(43)) - raft.server.log.segment.cache.num.max = 2 (custom)
2019-09-25 05:53:03,327 [pool-297-thread-1] INFO  segmented.SegmentedRaftLogWorker (SegmentedRaftLogWorker.java:<init>(172)) - new 506f61c1-59c8-4ed5-a20b-d3f8124679c3@group-A2A88EE39E77-SegmentedRaftLogWorker for RaftStorage:Storage Directory /workdir/hadoop-ozone/ozonefs/target/test-dir/MiniOzoneClusterImpl-ec9cbae6-e51d-4388-8482-e19082e5b468/datanode-2/data/ratis/32ba334a-6d30-42b0-8b24-a2a88ee39e77
2019-09-25 05:53:03,327 [pool-297-thread-1] INFO  server.RaftServerConfigKeys (ConfUtils.java:logGet(43)) - raft.server.log.queue.byte-limit = 2147483647 (custom)
2019-09-25 05:53:03,328 [pool-297-thread-1] INFO  server.RaftServerConfigKeys (ConfUtils.java:logGet(43)) - raft.server.log.queue.element-limit = 1024 (custom)
2019-09-25 05:53:03,328 [pool-297-thread-1] INFO  server.RaftServerConfigKeys (ConfUtils.java:logGet(43)) - raft.server.log.segment.size.max = 1048576 (custom)
2019-09-25 05:53:03,328 [pool-297-thread-1] INFO  server.RaftServerConfigKeys (ConfUtils.java:logGet(43)) - raft.server.log.preallocated.size = 16384 (custom)
2019-09-25 05:53:03,328 [pool-297-thread-1] INFO  server.RaftServerConfigKeys (ConfUtils.java:logGet(43)) - raft.server.log.write.buffer.size = 33554432 (custom)
2019-09-25 05:53:03,328 [pool-297-thread-1] INFO  server.RaftServerConfigKeys (ConfUtils.java:logGet(43)) - raft.server.log.force.sync.num = 128 (default)
2019-09-25 05:53:03,328 [pool-297-thread-1] INFO  server.RaftServerConfigKeys (ConfUtils.java:logGet(43)) - raft.server.log.statemachine.data.sync = true (default)
2019-09-25 05:53:03,329 [pool-297-thread-1] INFO  server.RaftServerConfigKeys (ConfUtils.java:logGet(43)) - raft.server.log.statemachine.data.sync.timeout = 10s (default)
2019-09-25 05:53:03,329 [pool-297-thread-1] INFO  server.RaftServerConfigKeys (ConfUtils.java:logGet(43)) - raft.server.log.statemachine.data.sync.timeout.retry = -1 (default)
2019-09-25 05:53:03,329 [pool-297-thread-1] INFO  server.RaftServerConfigKeys (ConfUtils.java:logGet(43)) - raft.server.log.statemachine.data.caching.enabled = true (custom)
2019-09-25 05:53:03,329 [pool-297-thread-1] INFO  segmented.SegmentedRaftLogWorker (SegmentedRaftLogWorker.java:lambda$new$0(132)) - 506f61c1-59c8-4ed5-a20b-d3f8124679c3@group-A2A88EE39E77-SegmentedRaftLogWorker: flushIndex: setUnconditionally 0 -> -1
2019-09-25 05:53:03,330 [pool-297-thread-1] INFO  server.RaftServerConfigKeys (ConfUtils.java:logGet(43)) - raft.server.snapshot.auto.trigger.enabled = true (custom)
2019-09-25 05:53:03,330 [pool-297-thread-1] INFO  server.RaftServerConfigKeys (ConfUtils.java:logGet(43)) - raft.server.snapshot.auto.trigger.threshold = 10000 (custom)
2019-09-25 05:53:03,330 [pool-297-thread-1] INFO  server.RaftServerConfigKeys (ConfUtils.java:logGet(43)) - raft.server.snapshot.retention.num.files = 5 (custom)
2019-09-25 05:53:03,330 [pool-297-thread-1] INFO  server.RaftServerConfigKeys (ConfUtils.java:logGet(43)) - raft.server.retrycache.expirytime = 600000ms (custom)
2019-09-25 05:53:03,332 [pool-297-thread-1] INFO  impl.RaftServerImpl (RaftServerImpl.java:start(185)) - 506f61c1-59c8-4ed5-a20b-d3f8124679c3@group-A2A88EE39E77: start as a follower, conf=-1: [506f61c1-59c8-4ed5-a20b-d3f8124679c3:192.168.5.161:40958], old=null
2019-09-25 05:53:03,332 [pool-297-thread-1] INFO  impl.RaftServerImpl (RaftServerImpl.java:setRole(174)) - 506f61c1-59c8-4ed5-a20b-d3f8124679c3@group-A2A88EE39E77: changes role from      null to FOLLOWER at term 0 for startAsFollower
2019-09-25 05:53:03,332 [pool-297-thread-1] INFO  impl.RoleInfo (RoleInfo.java:updateAndGet(143)) - 506f61c1-59c8-4ed5-a20b-d3f8124679c3: start FollowerState
2019-09-25 05:53:03,332 [pool-297-thread-1] INFO  util.JmxRegister (JmxRegister.java:tryRegister(44)) - Successfully registered JMX Bean with object name Ratis:service=RaftServer,group=group-A2A88EE39E77,id=506f61c1-59c8-4ed5-a20b-d3f8124679c3
2019-09-25 05:53:03,335 [RatisPipelineUtilsThread] INFO  pipeline.PipelineStateManager (PipelineStateManager.java:addPipeline(56)) - Created pipeline Pipeline[ Id: 32ba334a-6d30-42b0-8b24-a2a88ee39e77, Nodes: 506f61c1-59c8-4ed5-a20b-d3f8124679c3{ip: 192.168.5.161, host: pr-hdds-1569-zxpks-796972592, networkLocation: /default-rack, certSerialId: null}, Type:RATIS, Factor:ONE, State:OPEN]
2019-09-25 05:53:03,336 [RatisPipelineUtilsThread] INFO  pipeline.PipelinePlacementPolicy (PipelinePlacementPolicy.java:meetCriteria(91)) - Pipeline Placement: can't place more pipeline on heavy datanode： 9d1d05b8-38cb-4125-b062-f30309294cc2 Heaviness: 6 limit: 5
2019-09-25 05:53:03,336 [RatisPipelineUtilsThread] INFO  pipeline.PipelinePlacementPolicy (PipelinePlacementPolicy.java:meetCriteria(91)) - Pipeline Placement: can't place more pipeline on heavy datanode： 72f1487d-ef6e-4360-9049-98595ab21d01 Heaviness: 6 limit: 5
2019-09-25 05:53:03,341 [grpc-default-executor-0] INFO  impl.RaftServerProxy (RaftServerProxy.java:addNew(89)) - 506f61c1-59c8-4ed5-a20b-d3f8124679c3: addNew group-809F53149C72:[506f61c1-59c8-4ed5-a20b-d3f8124679c3:192.168.5.161:40958] returns group-809F53149C72:java.util.concurrent.CompletableFuture@ce2f37[Not completed]
2019-09-25 05:53:03,342 [pool-297-thread-1] INFO  impl.RaftServerImpl (RaftServerImpl.java:<init>(95)) - 506f61c1-59c8-4ed5-a20b-d3f8124679c3: new RaftServerImpl for group-809F53149C72:[506f61c1-59c8-4ed5-a20b-d3f8124679c3:192.168.5.161:40958] with ContainerStateMachine:uninitialized
2019-09-25 05:53:03,342 [pool-297-thread-1] INFO  server.RaftServerConfigKeys (ConfUtils.java:logGet(43)) - raft.server.rpc.timeout.min = 5s (custom)
2019-09-25 05:53:03,342 [pool-297-thread-1] INFO  server.RaftServerConfigKeys (ConfUtils.java:logGet(43)) - raft.server.rpc.timeout.max = 5200ms (custom)
2019-09-25 05:53:03,342 [pool-297-thread-1] INFO  server.RaftServerConfigKeys (ConfUtils.java:logGet(43)) - raft.server.rpcslowness.timeout = 120s (custom)
2019-09-25 05:53:03,342 [pool-297-thread-1] INFO  server.RaftServerConfigKeys (ConfUtils.java:logGet(43)) - raft.server.sleep.deviation.threshold = 300 (default)
2019-09-25 05:53:03,342 [pool-297-thread-1] INFO  server.RaftServerConfigKeys (ConfUtils.java:logGet(43)) - raft.server.log.appender.install.snapshot.enabled = false (custom)
2019-09-25 05:53:03,342 [pool-297-thread-1] INFO  impl.RaftServerImpl (ServerState.java:<init>(103)) - 506f61c1-59c8-4ed5-a20b-d3f8124679c3@group-809F53149C72: ConfigurationManager, init=-1: [506f61c1-59c8-4ed5-a20b-d3f8124679c3:192.168.5.161:40958], old=null, confs=<EMPTY_MAP>
2019-09-25 05:53:03,342 [pool-297-thread-1] INFO  server.RaftServerConfigKeys (ConfUtils.java:logGet(43)) - raft.server.storage.dir = [/workdir/hadoop-ozone/ozonefs/target/test-dir/MiniOzoneClusterImpl-ec9cbae6-e51d-4388-8482-e19082e5b468/datanode-2/data/ratis] (custom)
2019-09-25 05:53:03,343 [pool-297-thread-1] INFO  storage.RaftStorageDirectory (RaftStorageDirectory.java:analyzeStorage(246)) - The storage directory /workdir/hadoop-ozone/ozonefs/target/test-dir/MiniOzoneClusterImpl-ec9cbae6-e51d-4388-8482-e19082e5b468/datanode-2/data/ratis/b4e9075d-34a1-4cde-9697-809f53149c72 does not exist. Creating ...
2019-09-25 05:53:03,346 [pool-297-thread-1] INFO  storage.RaftStorageDirectory (RaftStorageDirectory.java:tryLock(328)) - Lock on /workdir/hadoop-ozone/ozonefs/target/test-dir/MiniOzoneClusterImpl-ec9cbae6-e51d-4388-8482-e19082e5b468/datanode-2/data/ratis/b4e9075d-34a1-4cde-9697-809f53149c72/in_use.lock acquired by nodename 13808@pr-hdds-1569-zxpks-796972592
2019-09-25 05:53:03,350 [pool-297-thread-1] INFO  storage.RaftStorage (RaftStorage.java:format(72)) - Storage directory /workdir/hadoop-ozone/ozonefs/target/test-dir/MiniOzoneClusterImpl-ec9cbae6-e51d-4388-8482-e19082e5b468/datanode-2/data/ratis/b4e9075d-34a1-4cde-9697-809f53149c72 has been successfully formatted.
2019-09-25 05:53:03,350 [pool-297-thread-1] INFO  ratis.ContainerStateMachine (ContainerStateMachine.java:loadSnapshot(230)) - group-809F53149C72: The snapshot info is null. Setting the last applied indexto:(t:0, i:~)
2019-09-25 05:53:03,350 [pool-297-thread-1] INFO  server.RaftServerConfigKeys (ConfUtils.java:logGet(43)) - raft.server.notification.no-leader.timeout = 120s (custom)
2019-09-25 05:53:03,350 [pool-297-thread-1] INFO  server.RaftServerConfigKeys (ConfUtils.java:logGet(43)) - raft.server.log.use.memory = false (default)
2019-09-25 05:53:03,350 [pool-297-thread-1] INFO  server.RaftServerConfigKeys (ConfUtils.java:logGet(43)) - raft.server.log.purge.gap = 1000000 (custom)
2019-09-25 05:53:03,350 [pool-297-thread-1] INFO  server.RaftServerConfigKeys (ConfUtils.java:logGet(43)) - raft.server.log.appender.buffer.byte-limit = 33554432 (custom)
2019-09-25 05:53:03,351 [pool-297-thread-1] INFO  server.RaftServerConfigKeys (ConfUtils.java:logGet(43)) - raft.server.log.segment.size.max = 1048576 (custom)
2019-09-25 05:53:03,351 [pool-297-thread-1] INFO  server.RaftServerConfigKeys (ConfUtils.java:logGet(43)) - raft.server.log.segment.cache.num.max = 2 (custom)
2019-09-25 05:53:03,351 [pool-297-thread-1] INFO  segmented.SegmentedRaftLogWorker (SegmentedRaftLogWorker.java:<init>(172)) - new 506f61c1-59c8-4ed5-a20b-d3f8124679c3@group-809F53149C72-SegmentedRaftLogWorker for RaftStorage:Storage Directory /workdir/hadoop-ozone/ozonefs/target/test-dir/MiniOzoneClusterImpl-ec9cbae6-e51d-4388-8482-e19082e5b468/datanode-2/data/ratis/b4e9075d-34a1-4cde-9697-809f53149c72
2019-09-25 05:53:03,351 [pool-297-thread-1] INFO  server.RaftServerConfigKeys (ConfUtils.java:logGet(43)) - raft.server.log.queue.byte-limit = 2147483647 (custom)
2019-09-25 05:53:03,351 [pool-297-thread-1] INFO  server.RaftServerConfigKeys (ConfUtils.java:logGet(43)) - raft.server.log.queue.element-limit = 1024 (custom)
2019-09-25 05:53:03,351 [pool-297-thread-1] INFO  server.RaftServerConfigKeys (ConfUtils.java:logGet(43)) - raft.server.log.segment.size.max = 1048576 (custom)
2019-09-25 05:53:03,351 [pool-297-thread-1] INFO  server.RaftServerConfigKeys (ConfUtils.java:logGet(43)) - raft.server.log.preallocated.size = 16384 (custom)
2019-09-25 05:53:03,351 [pool-297-thread-1] INFO  server.RaftServerConfigKeys (ConfUtils.java:logGet(43)) - raft.server.log.write.buffer.size = 33554432 (custom)
2019-09-25 05:53:03,351 [pool-297-thread-1] INFO  server.RaftServerConfigKeys (ConfUtils.java:logGet(43)) - raft.server.log.force.sync.num = 128 (default)
2019-09-25 05:53:03,352 [pool-297-thread-1] INFO  server.RaftServerConfigKeys (ConfUtils.java:logGet(43)) - raft.server.log.statemachine.data.sync = true (default)
2019-09-25 05:53:03,352 [pool-297-thread-1] INFO  server.RaftServerConfigKeys (ConfUtils.java:logGet(43)) - raft.server.log.statemachine.data.sync.timeout = 10s (default)
2019-09-25 05:53:03,352 [pool-297-thread-1] INFO  server.RaftServerConfigKeys (ConfUtils.java:logGet(43)) - raft.server.log.statemachine.data.sync.timeout.retry = -1 (default)
2019-09-25 05:53:03,352 [pool-297-thread-1] INFO  server.RaftServerConfigKeys (ConfUtils.java:logGet(43)) - raft.server.log.statemachine.data.caching.enabled = true (custom)
2019-09-25 05:53:03,352 [pool-297-thread-1] INFO  segmented.SegmentedRaftLogWorker (SegmentedRaftLogWorker.java:lambda$new$0(132)) - 506f61c1-59c8-4ed5-a20b-d3f8124679c3@group-809F53149C72-SegmentedRaftLogWorker: flushIndex: setUnconditionally 0 -> -1
2019-09-25 05:53:03,352 [pool-297-thread-1] INFO  server.RaftServerConfigKeys (ConfUtils.java:logGet(43)) - raft.server.snapshot.auto.trigger.enabled = true (custom)
2019-09-25 05:53:03,353 [pool-297-thread-1] INFO  server.RaftServerConfigKeys (ConfUtils.java:logGet(43)) - raft.server.snapshot.auto.trigger.threshold = 10000 (custom)
2019-09-25 05:53:03,353 [pool-297-thread-1] INFO  server.RaftServerConfigKeys (ConfUtils.java:logGet(43)) - raft.server.snapshot.retention.num.files = 5 (custom)
2019-09-25 05:53:03,353 [pool-297-thread-1] INFO  server.RaftServerConfigKeys (ConfUtils.java:logGet(43)) - raft.server.retrycache.expirytime = 600000ms (custom)
2019-09-25 05:53:03,354 [pool-297-thread-1] INFO  impl.RaftServerImpl (RaftServerImpl.java:start(185)) - 506f61c1-59c8-4ed5-a20b-d3f8124679c3@group-809F53149C72: start as a follower, conf=-1: [506f61c1-59c8-4ed5-a20b-d3f8124679c3:192.168.5.161:40958], old=null
2019-09-25 05:53:03,354 [pool-297-thread-1] INFO  impl.RaftServerImpl (RaftServerImpl.java:setRole(174)) - 506f61c1-59c8-4ed5-a20b-d3f8124679c3@group-809F53149C72: changes role from      null to FOLLOWER at term 0 for startAsFollower
2019-09-25 05:53:03,354 [pool-297-thread-1] INFO  impl.RoleInfo (RoleInfo.java:updateAndGet(143)) - 506f61c1-59c8-4ed5-a20b-d3f8124679c3: start FollowerState
2019-09-25 05:53:03,355 [pool-297-thread-1] INFO  util.JmxRegister (JmxRegister.java:tryRegister(44)) - Successfully registered JMX Bean with object name Ratis:service=RaftServer,group=group-809F53149C72,id=506f61c1-59c8-4ed5-a20b-d3f8124679c3
2019-09-25 05:53:03,357 [RatisPipelineUtilsThread] INFO  pipeline.PipelineStateManager (PipelineStateManager.java:addPipeline(56)) - Created pipeline Pipeline[ Id: b4e9075d-34a1-4cde-9697-809f53149c72, Nodes: 506f61c1-59c8-4ed5-a20b-d3f8124679c3{ip: 192.168.5.161, host: pr-hdds-1569-zxpks-796972592, networkLocation: /default-rack, certSerialId: null}, Type:RATIS, Factor:ONE, State:OPEN]
2019-09-25 05:53:03,357 [RatisPipelineUtilsThread] INFO  pipeline.PipelinePlacementPolicy (PipelinePlacementPolicy.java:meetCriteria(91)) - Pipeline Placement: can't place more pipeline on heavy datanode： 9d1d05b8-38cb-4125-b062-f30309294cc2 Heaviness: 6 limit: 5
2019-09-25 05:53:03,357 [RatisPipelineUtilsThread] INFO  pipeline.PipelinePlacementPolicy (PipelinePlacementPolicy.java:meetCriteria(91)) - Pipeline Placement: can't place more pipeline on heavy datanode： 72f1487d-ef6e-4360-9049-98595ab21d01 Heaviness: 6 limit: 5
2019-09-25 05:53:03,362 [grpc-default-executor-0] INFO  impl.RaftServerProxy (RaftServerProxy.java:addNew(89)) - 506f61c1-59c8-4ed5-a20b-d3f8124679c3: addNew group-540BB61A3B6F:[506f61c1-59c8-4ed5-a20b-d3f8124679c3:192.168.5.161:40958] returns group-540BB61A3B6F:java.util.concurrent.CompletableFuture@262207eb[Not completed]
2019-09-25 05:53:03,363 [pool-297-thread-1] INFO  impl.RaftServerImpl (RaftServerImpl.java:<init>(95)) - 506f61c1-59c8-4ed5-a20b-d3f8124679c3: new RaftServerImpl for group-540BB61A3B6F:[506f61c1-59c8-4ed5-a20b-d3f8124679c3:192.168.5.161:40958] with ContainerStateMachine:uninitialized
2019-09-25 05:53:03,363 [pool-297-thread-1] INFO  server.RaftServerConfigKeys (ConfUtils.java:logGet(43)) - raft.server.rpc.timeout.min = 5s (custom)
2019-09-25 05:53:03,363 [pool-297-thread-1] INFO  server.RaftServerConfigKeys (ConfUtils.java:logGet(43)) - raft.server.rpc.timeout.max = 5200ms (custom)
2019-09-25 05:53:03,363 [pool-297-thread-1] INFO  server.RaftServerConfigKeys (ConfUtils.java:logGet(43)) - raft.server.rpcslowness.timeout = 120s (custom)
2019-09-25 05:53:03,363 [pool-297-thread-1] INFO  server.RaftServerConfigKeys (ConfUtils.java:logGet(43)) - raft.server.sleep.deviation.threshold = 300 (default)
2019-09-25 05:53:03,363 [pool-297-thread-1] INFO  server.RaftServerConfigKeys (ConfUtils.java:logGet(43)) - raft.server.log.appender.install.snapshot.enabled = false (custom)
2019-09-25 05:53:03,363 [pool-297-thread-1] INFO  impl.RaftServerImpl (ServerState.java:<init>(103)) - 506f61c1-59c8-4ed5-a20b-d3f8124679c3@group-540BB61A3B6F: ConfigurationManager, init=-1: [506f61c1-59c8-4ed5-a20b-d3f8124679c3:192.168.5.161:40958], old=null, confs=<EMPTY_MAP>
2019-09-25 05:53:03,363 [pool-297-thread-1] INFO  server.RaftServerConfigKeys (ConfUtils.java:logGet(43)) - raft.server.storage.dir = [/workdir/hadoop-ozone/ozonefs/target/test-dir/MiniOzoneClusterImpl-ec9cbae6-e51d-4388-8482-e19082e5b468/datanode-2/data/ratis] (custom)
2019-09-25 05:53:03,364 [pool-297-thread-1] INFO  storage.RaftStorageDirectory (RaftStorageDirectory.java:analyzeStorage(246)) - The storage directory /workdir/hadoop-ozone/ozonefs/target/test-dir/MiniOzoneClusterImpl-ec9cbae6-e51d-4388-8482-e19082e5b468/datanode-2/data/ratis/24fbcd6d-bb2a-4aba-b5dd-540bb61a3b6f does not exist. Creating ...
2019-09-25 05:53:03,368 [pool-297-thread-1] INFO  storage.RaftStorageDirectory (RaftStorageDirectory.java:tryLock(328)) - Lock on /workdir/hadoop-ozone/ozonefs/target/test-dir/MiniOzoneClusterImpl-ec9cbae6-e51d-4388-8482-e19082e5b468/datanode-2/data/ratis/24fbcd6d-bb2a-4aba-b5dd-540bb61a3b6f/in_use.lock acquired by nodename 13808@pr-hdds-1569-zxpks-796972592
2019-09-25 05:53:03,372 [pool-297-thread-1] INFO  storage.RaftStorage (RaftStorage.java:format(72)) - Storage directory /workdir/hadoop-ozone/ozonefs/target/test-dir/MiniOzoneClusterImpl-ec9cbae6-e51d-4388-8482-e19082e5b468/datanode-2/data/ratis/24fbcd6d-bb2a-4aba-b5dd-540bb61a3b6f has been successfully formatted.
2019-09-25 05:53:03,373 [pool-297-thread-1] INFO  ratis.ContainerStateMachine (ContainerStateMachine.java:loadSnapshot(230)) - group-540BB61A3B6F: The snapshot info is null. Setting the last applied indexto:(t:0, i:~)
2019-09-25 05:53:03,373 [pool-297-thread-1] INFO  server.RaftServerConfigKeys (ConfUtils.java:logGet(43)) - raft.server.notification.no-leader.timeout = 120s (custom)
2019-09-25 05:53:03,373 [pool-297-thread-1] INFO  server.RaftServerConfigKeys (ConfUtils.java:logGet(43)) - raft.server.log.use.memory = false (default)
2019-09-25 05:53:03,373 [pool-297-thread-1] INFO  server.RaftServerConfigKeys (ConfUtils.java:logGet(43)) - raft.server.log.purge.gap = 1000000 (custom)
2019-09-25 05:53:03,373 [pool-297-thread-1] INFO  server.RaftServerConfigKeys (ConfUtils.java:logGet(43)) - raft.server.log.appender.buffer.byte-limit = 33554432 (custom)
2019-09-25 05:53:03,373 [pool-297-thread-1] INFO  server.RaftServerConfigKeys (ConfUtils.java:logGet(43)) - raft.server.log.segment.size.max = 1048576 (custom)
2019-09-25 05:53:03,373 [pool-297-thread-1] INFO  server.RaftServerConfigKeys (ConfUtils.java:logGet(43)) - raft.server.log.segment.cache.num.max = 2 (custom)
2019-09-25 05:53:03,373 [pool-297-thread-1] INFO  segmented.SegmentedRaftLogWorker (SegmentedRaftLogWorker.java:<init>(172)) - new 506f61c1-59c8-4ed5-a20b-d3f8124679c3@group-540BB61A3B6F-SegmentedRaftLogWorker for RaftStorage:Storage Directory /workdir/hadoop-ozone/ozonefs/target/test-dir/MiniOzoneClusterImpl-ec9cbae6-e51d-4388-8482-e19082e5b468/datanode-2/data/ratis/24fbcd6d-bb2a-4aba-b5dd-540bb61a3b6f
2019-09-25 05:53:03,374 [pool-297-thread-1] INFO  server.RaftServerConfigKeys (ConfUtils.java:logGet(43)) - raft.server.log.queue.byte-limit = 2147483647 (custom)
2019-09-25 05:53:03,374 [pool-297-thread-1] INFO  server.RaftServerConfigKeys (ConfUtils.java:logGet(43)) - raft.server.log.queue.element-limit = 1024 (custom)
2019-09-25 05:53:03,374 [pool-297-thread-1] INFO  server.RaftServerConfigKeys (ConfUtils.java:logGet(43)) - raft.server.log.segment.size.max = 1048576 (custom)
2019-09-25 05:53:03,374 [pool-297-thread-1] INFO  server.RaftServerConfigKeys (ConfUtils.java:logGet(43)) - raft.server.log.preallocated.size = 16384 (custom)
2019-09-25 05:53:03,374 [pool-297-thread-1] INFO  server.RaftServerConfigKeys (ConfUtils.java:logGet(43)) - raft.server.log.write.buffer.size = 33554432 (custom)
2019-09-25 05:53:03,374 [pool-297-thread-1] INFO  server.RaftServerConfigKeys (ConfUtils.java:logGet(43)) - raft.server.log.force.sync.num = 128 (default)
2019-09-25 05:53:03,374 [pool-297-thread-1] INFO  server.RaftServerConfigKeys (ConfUtils.java:logGet(43)) - raft.server.log.statemachine.data.sync = true (default)
2019-09-25 05:53:03,374 [pool-297-thread-1] INFO  server.RaftServerConfigKeys (ConfUtils.java:logGet(43)) - raft.server.log.statemachine.data.sync.timeout = 10s (default)
2019-09-25 05:53:03,374 [pool-297-thread-1] INFO  server.RaftServerConfigKeys (ConfUtils.java:logGet(43)) - raft.server.log.statemachine.data.sync.timeout.retry = -1 (default)
2019-09-25 05:53:03,375 [pool-297-thread-1] INFO  server.RaftServerConfigKeys (ConfUtils.java:logGet(43)) - raft.server.log.statemachine.data.caching.enabled = true (custom)
2019-09-25 05:53:03,375 [pool-297-thread-1] INFO  segmented.SegmentedRaftLogWorker (SegmentedRaftLogWorker.java:lambda$new$0(132)) - 506f61c1-59c8-4ed5-a20b-d3f8124679c3@group-540BB61A3B6F-SegmentedRaftLogWorker: flushIndex: setUnconditionally 0 -> -1
2019-09-25 05:53:03,375 [pool-297-thread-1] INFO  server.RaftServerConfigKeys (ConfUtils.java:logGet(43)) - raft.server.snapshot.auto.trigger.enabled = true (custom)
2019-09-25 05:53:03,375 [pool-297-thread-1] INFO  server.RaftServerConfigKeys (ConfUtils.java:logGet(43)) - raft.server.snapshot.auto.trigger.threshold = 10000 (custom)
2019-09-25 05:53:03,375 [pool-297-thread-1] INFO  server.RaftServerConfigKeys (ConfUtils.java:logGet(43)) - raft.server.snapshot.retention.num.files = 5 (custom)
2019-09-25 05:53:03,375 [pool-297-thread-1] INFO  server.RaftServerConfigKeys (ConfUtils.java:logGet(43)) - raft.server.retrycache.expirytime = 600000ms (custom)
2019-09-25 05:53:03,377 [pool-297-thread-1] INFO  impl.RaftServerImpl (RaftServerImpl.java:start(185)) - 506f61c1-59c8-4ed5-a20b-d3f8124679c3@group-540BB61A3B6F: start as a follower, conf=-1: [506f61c1-59c8-4ed5-a20b-d3f8124679c3:192.168.5.161:40958], old=null
2019-09-25 05:53:03,377 [pool-297-thread-1] INFO  impl.RaftServerImpl (RaftServerImpl.java:setRole(174)) - 506f61c1-59c8-4ed5-a20b-d3f8124679c3@group-540BB61A3B6F: changes role from      null to FOLLOWER at term 0 for startAsFollower
2019-09-25 05:53:03,377 [pool-297-thread-1] INFO  impl.RoleInfo (RoleInfo.java:updateAndGet(143)) - 506f61c1-59c8-4ed5-a20b-d3f8124679c3: start FollowerState
2019-09-25 05:53:03,377 [pool-297-thread-1] INFO  util.JmxRegister (JmxRegister.java:tryRegister(44)) - Successfully registered JMX Bean with object name Ratis:service=RaftServer,group=group-540BB61A3B6F,id=506f61c1-59c8-4ed5-a20b-d3f8124679c3
2019-09-25 05:53:03,379 [RatisPipelineUtilsThread] INFO  pipeline.PipelineStateManager (PipelineStateManager.java:addPipeline(56)) - Created pipeline Pipeline[ Id: 24fbcd6d-bb2a-4aba-b5dd-540bb61a3b6f, Nodes: 506f61c1-59c8-4ed5-a20b-d3f8124679c3{ip: 192.168.5.161, host: pr-hdds-1569-zxpks-796972592, networkLocation: /default-rack, certSerialId: null}, Type:RATIS, Factor:ONE, State:OPEN]
2019-09-25 05:53:03,380 [RatisPipelineUtilsThread] INFO  pipeline.PipelinePlacementPolicy (PipelinePlacementPolicy.java:meetCriteria(91)) - Pipeline Placement: can't place more pipeline on heavy datanode： 9d1d05b8-38cb-4125-b062-f30309294cc2 Heaviness: 6 limit: 5
2019-09-25 05:53:03,380 [RatisPipelineUtilsThread] INFO  pipeline.PipelinePlacementPolicy (PipelinePlacementPolicy.java:meetCriteria(91)) - Pipeline Placement: can't place more pipeline on heavy datanode： 72f1487d-ef6e-4360-9049-98595ab21d01 Heaviness: 6 limit: 5
2019-09-25 05:53:03,384 [grpc-default-executor-0] INFO  impl.RaftServerProxy (RaftServerProxy.java:addNew(89)) - 506f61c1-59c8-4ed5-a20b-d3f8124679c3: addNew group-C93203697DD2:[506f61c1-59c8-4ed5-a20b-d3f8124679c3:192.168.5.161:40958] returns group-C93203697DD2:java.util.concurrent.CompletableFuture@30fb6f12[Not completed]
2019-09-25 05:53:03,385 [pool-297-thread-1] INFO  impl.RaftServerImpl (RaftServerImpl.java:<init>(95)) - 506f61c1-59c8-4ed5-a20b-d3f8124679c3: new RaftServerImpl for group-C93203697DD2:[506f61c1-59c8-4ed5-a20b-d3f8124679c3:192.168.5.161:40958] with ContainerStateMachine:uninitialized
2019-09-25 05:53:03,385 [pool-297-thread-1] INFO  server.RaftServerConfigKeys (ConfUtils.java:logGet(43)) - raft.server.rpc.timeout.min = 5s (custom)
2019-09-25 05:53:03,385 [pool-297-thread-1] INFO  server.RaftServerConfigKeys (ConfUtils.java:logGet(43)) - raft.server.rpc.timeout.max = 5200ms (custom)
2019-09-25 05:53:03,385 [pool-297-thread-1] INFO  server.RaftServerConfigKeys (ConfUtils.java:logGet(43)) - raft.server.rpcslowness.timeout = 120s (custom)
2019-09-25 05:53:03,386 [pool-297-thread-1] INFO  server.RaftServerConfigKeys (ConfUtils.java:logGet(43)) - raft.server.sleep.deviation.threshold = 300 (default)
2019-09-25 05:53:03,386 [pool-297-thread-1] INFO  server.RaftServerConfigKeys (ConfUtils.java:logGet(43)) - raft.server.log.appender.install.snapshot.enabled = false (custom)
2019-09-25 05:53:03,386 [pool-297-thread-1] INFO  impl.RaftServerImpl (ServerState.java:<init>(103)) - 506f61c1-59c8-4ed5-a20b-d3f8124679c3@group-C93203697DD2: ConfigurationManager, init=-1: [506f61c1-59c8-4ed5-a20b-d3f8124679c3:192.168.5.161:40958], old=null, confs=<EMPTY_MAP>
2019-09-25 05:53:03,386 [pool-297-thread-1] INFO  server.RaftServerConfigKeys (ConfUtils.java:logGet(43)) - raft.server.storage.dir = [/workdir/hadoop-ozone/ozonefs/target/test-dir/MiniOzoneClusterImpl-ec9cbae6-e51d-4388-8482-e19082e5b468/datanode-2/data/ratis] (custom)
2019-09-25 05:53:03,386 [pool-297-thread-1] INFO  storage.RaftStorageDirectory (RaftStorageDirectory.java:analyzeStorage(246)) - The storage directory /workdir/hadoop-ozone/ozonefs/target/test-dir/MiniOzoneClusterImpl-ec9cbae6-e51d-4388-8482-e19082e5b468/datanode-2/data/ratis/8564eef3-d39a-49a3-83ab-c93203697dd2 does not exist. Creating ...
2019-09-25 05:53:03,424 [pool-297-thread-1] INFO  storage.RaftStorageDirectory (RaftStorageDirectory.java:tryLock(328)) - Lock on /workdir/hadoop-ozone/ozonefs/target/test-dir/MiniOzoneClusterImpl-ec9cbae6-e51d-4388-8482-e19082e5b468/datanode-2/data/ratis/8564eef3-d39a-49a3-83ab-c93203697dd2/in_use.lock acquired by nodename 13808@pr-hdds-1569-zxpks-796972592
2019-09-25 05:53:03,437 [pool-297-thread-1] INFO  storage.RaftStorage (RaftStorage.java:format(72)) - Storage directory /workdir/hadoop-ozone/ozonefs/target/test-dir/MiniOzoneClusterImpl-ec9cbae6-e51d-4388-8482-e19082e5b468/datanode-2/data/ratis/8564eef3-d39a-49a3-83ab-c93203697dd2 has been successfully formatted.
2019-09-25 05:53:03,437 [pool-297-thread-1] INFO  ratis.ContainerStateMachine (ContainerStateMachine.java:loadSnapshot(230)) - group-C93203697DD2: The snapshot info is null. Setting the last applied indexto:(t:0, i:~)
2019-09-25 05:53:03,437 [pool-297-thread-1] INFO  server.RaftServerConfigKeys (ConfUtils.java:logGet(43)) - raft.server.notification.no-leader.timeout = 120s (custom)
2019-09-25 05:53:03,437 [pool-297-thread-1] INFO  server.RaftServerConfigKeys (ConfUtils.java:logGet(43)) - raft.server.log.use.memory = false (default)
2019-09-25 05:53:03,438 [pool-297-thread-1] INFO  server.RaftServerConfigKeys (ConfUtils.java:logGet(43)) - raft.server.log.purge.gap = 1000000 (custom)
2019-09-25 05:53:03,438 [pool-297-thread-1] INFO  server.RaftServerConfigKeys (ConfUtils.java:logGet(43)) - raft.server.log.appender.buffer.byte-limit = 33554432 (custom)
2019-09-25 05:53:03,438 [pool-297-thread-1] INFO  server.RaftServerConfigKeys (ConfUtils.java:logGet(43)) - raft.server.log.segment.size.max = 1048576 (custom)
2019-09-25 05:53:03,438 [pool-297-thread-1] INFO  server.RaftServerConfigKeys (ConfUtils.java:logGet(43)) - raft.server.log.segment.cache.num.max = 2 (custom)
2019-09-25 05:53:03,438 [pool-297-thread-1] INFO  segmented.SegmentedRaftLogWorker (SegmentedRaftLogWorker.java:<init>(172)) - new 506f61c1-59c8-4ed5-a20b-d3f8124679c3@group-C93203697DD2-SegmentedRaftLogWorker for RaftStorage:Storage Directory /workdir/hadoop-ozone/ozonefs/target/test-dir/MiniOzoneClusterImpl-ec9cbae6-e51d-4388-8482-e19082e5b468/datanode-2/data/ratis/8564eef3-d39a-49a3-83ab-c93203697dd2
2019-09-25 05:53:03,438 [pool-297-thread-1] INFO  server.RaftServerConfigKeys (ConfUtils.java:logGet(43)) - raft.server.log.queue.byte-limit = 2147483647 (custom)
2019-09-25 05:53:03,439 [pool-297-thread-1] INFO  server.RaftServerConfigKeys (ConfUtils.java:logGet(43)) - raft.server.log.queue.element-limit = 1024 (custom)
2019-09-25 05:53:03,439 [pool-297-thread-1] INFO  server.RaftServerConfigKeys (ConfUtils.java:logGet(43)) - raft.server.log.segment.size.max = 1048576 (custom)
2019-09-25 05:53:03,439 [pool-297-thread-1] INFO  server.RaftServerConfigKeys (ConfUtils.java:logGet(43)) - raft.server.log.preallocated.size = 16384 (custom)
2019-09-25 05:53:03,439 [pool-297-thread-1] INFO  server.RaftServerConfigKeys (ConfUtils.java:logGet(43)) - raft.server.log.write.buffer.size = 33554432 (custom)
2019-09-25 05:53:03,439 [pool-297-thread-1] INFO  server.RaftServerConfigKeys (ConfUtils.java:logGet(43)) - raft.server.log.force.sync.num = 128 (default)
2019-09-25 05:53:03,439 [pool-297-thread-1] INFO  server.RaftServerConfigKeys (ConfUtils.java:logGet(43)) - raft.server.log.statemachine.data.sync = true (default)
2019-09-25 05:53:03,440 [pool-297-thread-1] INFO  server.RaftServerConfigKeys (ConfUtils.java:logGet(43)) - raft.server.log.statemachine.data.sync.timeout = 10s (default)
2019-09-25 05:53:03,440 [pool-297-thread-1] INFO  server.RaftServerConfigKeys (ConfUtils.java:logGet(43)) - raft.server.log.statemachine.data.sync.timeout.retry = -1 (default)
2019-09-25 05:53:03,440 [pool-297-thread-1] INFO  server.RaftServerConfigKeys (ConfUtils.java:logGet(43)) - raft.server.log.statemachine.data.caching.enabled = true (custom)
2019-09-25 05:53:03,440 [pool-297-thread-1] INFO  segmented.SegmentedRaftLogWorker (SegmentedRaftLogWorker.java:lambda$new$0(132)) - 506f61c1-59c8-4ed5-a20b-d3f8124679c3@group-C93203697DD2-SegmentedRaftLogWorker: flushIndex: setUnconditionally 0 -> -1
2019-09-25 05:53:03,441 [pool-297-thread-1] INFO  server.RaftServerConfigKeys (ConfUtils.java:logGet(43)) - raft.server.snapshot.auto.trigger.enabled = true (custom)
2019-09-25 05:53:03,441 [pool-297-thread-1] INFO  server.RaftServerConfigKeys (ConfUtils.java:logGet(43)) - raft.server.snapshot.auto.trigger.threshold = 10000 (custom)
2019-09-25 05:53:03,441 [pool-297-thread-1] INFO  server.RaftServerConfigKeys (ConfUtils.java:logGet(43)) - raft.server.snapshot.retention.num.files = 5 (custom)
2019-09-25 05:53:03,441 [pool-297-thread-1] INFO  server.RaftServerConfigKeys (ConfUtils.java:logGet(43)) - raft.server.retrycache.expirytime = 600000ms (custom)
2019-09-25 05:53:03,443 [pool-297-thread-1] INFO  impl.RaftServerImpl (RaftServerImpl.java:start(185)) - 506f61c1-59c8-4ed5-a20b-d3f8124679c3@group-C93203697DD2: start as a follower, conf=-1: [506f61c1-59c8-4ed5-a20b-d3f8124679c3:192.168.5.161:40958], old=null
2019-09-25 05:53:03,443 [pool-297-thread-1] INFO  impl.RaftServerImpl (RaftServerImpl.java:setRole(174)) - 506f61c1-59c8-4ed5-a20b-d3f8124679c3@group-C93203697DD2: changes role from      null to FOLLOWER at term 0 for startAsFollower
2019-09-25 05:53:03,443 [pool-297-thread-1] INFO  impl.RoleInfo (RoleInfo.java:updateAndGet(143)) - 506f61c1-59c8-4ed5-a20b-d3f8124679c3: start FollowerState
2019-09-25 05:53:03,444 [pool-297-thread-1] INFO  util.JmxRegister (JmxRegister.java:tryRegister(44)) - Successfully registered JMX Bean with object name Ratis:service=RaftServer,group=group-C93203697DD2,id=506f61c1-59c8-4ed5-a20b-d3f8124679c3
2019-09-25 05:53:03,447 [RatisPipelineUtilsThread] INFO  pipeline.PipelineStateManager (PipelineStateManager.java:addPipeline(56)) - Created pipeline Pipeline[ Id: 8564eef3-d39a-49a3-83ab-c93203697dd2, Nodes: 506f61c1-59c8-4ed5-a20b-d3f8124679c3{ip: 192.168.5.161, host: pr-hdds-1569-zxpks-796972592, networkLocation: /default-rack, certSerialId: null}, Type:RATIS, Factor:ONE, State:OPEN]
2019-09-25 05:53:03,447 [RatisPipelineUtilsThread] INFO  pipeline.PipelinePlacementPolicy (PipelinePlacementPolicy.java:meetCriteria(91)) - Pipeline Placement: can't place more pipeline on heavy datanode： 9d1d05b8-38cb-4125-b062-f30309294cc2 Heaviness: 6 limit: 5
2019-09-25 05:53:03,447 [RatisPipelineUtilsThread] INFO  pipeline.PipelinePlacementPolicy (PipelinePlacementPolicy.java:meetCriteria(91)) - Pipeline Placement: can't place more pipeline on heavy datanode： 72f1487d-ef6e-4360-9049-98595ab21d01 Heaviness: 6 limit: 5
2019-09-25 05:53:03,452 [grpc-default-executor-0] INFO  impl.RaftServerProxy (RaftServerProxy.java:addNew(89)) - 506f61c1-59c8-4ed5-a20b-d3f8124679c3: addNew group-DF17D1BD5128:[506f61c1-59c8-4ed5-a20b-d3f8124679c3:192.168.5.161:40958] returns group-DF17D1BD5128:java.util.concurrent.CompletableFuture@517529cb[Not completed]
2019-09-25 05:53:03,454 [pool-297-thread-1] INFO  impl.RaftServerImpl (RaftServerImpl.java:<init>(95)) - 506f61c1-59c8-4ed5-a20b-d3f8124679c3: new RaftServerImpl for group-DF17D1BD5128:[506f61c1-59c8-4ed5-a20b-d3f8124679c3:192.168.5.161:40958] with ContainerStateMachine:uninitialized
2019-09-25 05:53:03,454 [pool-297-thread-1] INFO  server.RaftServerConfigKeys (ConfUtils.java:logGet(43)) - raft.server.rpc.timeout.min = 5s (custom)
2019-09-25 05:53:03,454 [pool-297-thread-1] INFO  server.RaftServerConfigKeys (ConfUtils.java:logGet(43)) - raft.server.rpc.timeout.max = 5200ms (custom)
2019-09-25 05:53:03,454 [pool-297-thread-1] INFO  server.RaftServerConfigKeys (ConfUtils.java:logGet(43)) - raft.server.rpcslowness.timeout = 120s (custom)
2019-09-25 05:53:03,454 [pool-297-thread-1] INFO  server.RaftServerConfigKeys (ConfUtils.java:logGet(43)) - raft.server.sleep.deviation.threshold = 300 (default)
2019-09-25 05:53:03,454 [pool-297-thread-1] INFO  server.RaftServerConfigKeys (ConfUtils.java:logGet(43)) - raft.server.log.appender.install.snapshot.enabled = false (custom)
2019-09-25 05:53:03,454 [pool-297-thread-1] INFO  impl.RaftServerImpl (ServerState.java:<init>(103)) - 506f61c1-59c8-4ed5-a20b-d3f8124679c3@group-DF17D1BD5128: ConfigurationManager, init=-1: [506f61c1-59c8-4ed5-a20b-d3f8124679c3:192.168.5.161:40958], old=null, confs=<EMPTY_MAP>
2019-09-25 05:53:03,455 [pool-297-thread-1] INFO  server.RaftServerConfigKeys (ConfUtils.java:logGet(43)) - raft.server.storage.dir = [/workdir/hadoop-ozone/ozonefs/target/test-dir/MiniOzoneClusterImpl-ec9cbae6-e51d-4388-8482-e19082e5b468/datanode-2/data/ratis] (custom)
2019-09-25 05:53:03,455 [pool-297-thread-1] INFO  storage.RaftStorageDirectory (RaftStorageDirectory.java:analyzeStorage(246)) - The storage directory /workdir/hadoop-ozone/ozonefs/target/test-dir/MiniOzoneClusterImpl-ec9cbae6-e51d-4388-8482-e19082e5b468/datanode-2/data/ratis/5440dfb9-d7c9-4b52-8a80-df17d1bd5128 does not exist. Creating ...
2019-09-25 05:53:03,467 [pool-297-thread-1] INFO  storage.RaftStorageDirectory (RaftStorageDirectory.java:tryLock(328)) - Lock on /workdir/hadoop-ozone/ozonefs/target/test-dir/MiniOzoneClusterImpl-ec9cbae6-e51d-4388-8482-e19082e5b468/datanode-2/data/ratis/5440dfb9-d7c9-4b52-8a80-df17d1bd5128/in_use.lock acquired by nodename 13808@pr-hdds-1569-zxpks-796972592
2019-09-25 05:53:03,480 [pool-297-thread-1] INFO  storage.RaftStorage (RaftStorage.java:format(72)) - Storage directory /workdir/hadoop-ozone/ozonefs/target/test-dir/MiniOzoneClusterImpl-ec9cbae6-e51d-4388-8482-e19082e5b468/datanode-2/data/ratis/5440dfb9-d7c9-4b52-8a80-df17d1bd5128 has been successfully formatted.
2019-09-25 05:53:03,481 [pool-297-thread-1] INFO  ratis.ContainerStateMachine (ContainerStateMachine.java:loadSnapshot(230)) - group-DF17D1BD5128: The snapshot info is null. Setting the last applied indexto:(t:0, i:~)
2019-09-25 05:53:03,481 [pool-297-thread-1] INFO  server.RaftServerConfigKeys (ConfUtils.java:logGet(43)) - raft.server.notification.no-leader.timeout = 120s (custom)
2019-09-25 05:53:03,481 [pool-297-thread-1] INFO  server.RaftServerConfigKeys (ConfUtils.java:logGet(43)) - raft.server.log.use.memory = false (default)
2019-09-25 05:53:03,481 [pool-297-thread-1] INFO  server.RaftServerConfigKeys (ConfUtils.java:logGet(43)) - raft.server.log.purge.gap = 1000000 (custom)
2019-09-25 05:53:03,481 [pool-297-thread-1] INFO  server.RaftServerConfigKeys (ConfUtils.java:logGet(43)) - raft.server.log.appender.buffer.byte-limit = 33554432 (custom)
2019-09-25 05:53:03,482 [pool-297-thread-1] INFO  server.RaftServerConfigKeys (ConfUtils.java:logGet(43)) - raft.server.log.segment.size.max = 1048576 (custom)
2019-09-25 05:53:03,482 [pool-297-thread-1] INFO  server.RaftServerConfigKeys (ConfUtils.java:logGet(43)) - raft.server.log.segment.cache.num.max = 2 (custom)
2019-09-25 05:53:03,482 [pool-297-thread-1] INFO  segmented.SegmentedRaftLogWorker (SegmentedRaftLogWorker.java:<init>(172)) - new 506f61c1-59c8-4ed5-a20b-d3f8124679c3@group-DF17D1BD5128-SegmentedRaftLogWorker for RaftStorage:Storage Directory /workdir/hadoop-ozone/ozonefs/target/test-dir/MiniOzoneClusterImpl-ec9cbae6-e51d-4388-8482-e19082e5b468/datanode-2/data/ratis/5440dfb9-d7c9-4b52-8a80-df17d1bd5128
2019-09-25 05:53:03,482 [pool-297-thread-1] INFO  server.RaftServerConfigKeys (ConfUtils.java:logGet(43)) - raft.server.log.queue.byte-limit = 2147483647 (custom)
2019-09-25 05:53:03,482 [pool-297-thread-1] INFO  server.RaftServerConfigKeys (ConfUtils.java:logGet(43)) - raft.server.log.queue.element-limit = 1024 (custom)
2019-09-25 05:53:03,482 [pool-297-thread-1] INFO  server.RaftServerConfigKeys (ConfUtils.java:logGet(43)) - raft.server.log.segment.size.max = 1048576 (custom)
2019-09-25 05:53:03,482 [pool-297-thread-1] INFO  server.RaftServerConfigKeys (ConfUtils.java:logGet(43)) - raft.server.log.preallocated.size = 16384 (custom)
2019-09-25 05:53:03,483 [pool-297-thread-1] INFO  server.RaftServerConfigKeys (ConfUtils.java:logGet(43)) - raft.server.log.write.buffer.size = 33554432 (custom)
2019-09-25 05:53:03,483 [pool-297-thread-1] INFO  server.RaftServerConfigKeys (ConfUtils.java:logGet(43)) - raft.server.log.force.sync.num = 128 (default)
2019-09-25 05:53:03,483 [pool-297-thread-1] INFO  server.RaftServerConfigKeys (ConfUtils.java:logGet(43)) - raft.server.log.statemachine.data.sync = true (default)
2019-09-25 05:53:03,483 [pool-297-thread-1] INFO  server.RaftServerConfigKeys (ConfUtils.java:logGet(43)) - raft.server.log.statemachine.data.sync.timeout = 10s (default)
2019-09-25 05:53:03,483 [pool-297-thread-1] INFO  server.RaftServerConfigKeys (ConfUtils.java:logGet(43)) - raft.server.log.statemachine.data.sync.timeout.retry = -1 (default)
2019-09-25 05:53:03,483 [pool-297-thread-1] INFO  server.RaftServerConfigKeys (ConfUtils.java:logGet(43)) - raft.server.log.statemachine.data.caching.enabled = true (custom)
2019-09-25 05:53:03,484 [pool-297-thread-1] INFO  segmented.SegmentedRaftLogWorker (SegmentedRaftLogWorker.java:lambda$new$0(132)) - 506f61c1-59c8-4ed5-a20b-d3f8124679c3@group-DF17D1BD5128-SegmentedRaftLogWorker: flushIndex: setUnconditionally 0 -> -1
2019-09-25 05:53:03,484 [pool-297-thread-1] INFO  server.RaftServerConfigKeys (ConfUtils.java:logGet(43)) - raft.server.snapshot.auto.trigger.enabled = true (custom)
2019-09-25 05:53:03,484 [pool-297-thread-1] INFO  server.RaftServerConfigKeys (ConfUtils.java:logGet(43)) - raft.server.snapshot.auto.trigger.threshold = 10000 (custom)
2019-09-25 05:53:03,484 [pool-297-thread-1] INFO  server.RaftServerConfigKeys (ConfUtils.java:logGet(43)) - raft.server.snapshot.retention.num.files = 5 (custom)
2019-09-25 05:53:03,485 [pool-297-thread-1] INFO  server.RaftServerConfigKeys (ConfUtils.java:logGet(43)) - raft.server.retrycache.expirytime = 600000ms (custom)
2019-09-25 05:53:03,486 [pool-297-thread-1] INFO  impl.RaftServerImpl (RaftServerImpl.java:start(185)) - 506f61c1-59c8-4ed5-a20b-d3f8124679c3@group-DF17D1BD5128: start as a follower, conf=-1: [506f61c1-59c8-4ed5-a20b-d3f8124679c3:192.168.5.161:40958], old=null
2019-09-25 05:53:03,487 [pool-297-thread-1] INFO  impl.RaftServerImpl (RaftServerImpl.java:setRole(174)) - 506f61c1-59c8-4ed5-a20b-d3f8124679c3@group-DF17D1BD5128: changes role from      null to FOLLOWER at term 0 for startAsFollower
2019-09-25 05:53:03,487 [pool-297-thread-1] INFO  impl.RoleInfo (RoleInfo.java:updateAndGet(143)) - 506f61c1-59c8-4ed5-a20b-d3f8124679c3: start FollowerState
2019-09-25 05:53:03,487 [pool-297-thread-1] INFO  util.JmxRegister (JmxRegister.java:tryRegister(44)) - Successfully registered JMX Bean with object name Ratis:service=RaftServer,group=group-DF17D1BD5128,id=506f61c1-59c8-4ed5-a20b-d3f8124679c3
2019-09-25 05:53:03,490 [RatisPipelineUtilsThread] INFO  pipeline.PipelineStateManager (PipelineStateManager.java:addPipeline(56)) - Created pipeline Pipeline[ Id: 5440dfb9-d7c9-4b52-8a80-df17d1bd5128, Nodes: 506f61c1-59c8-4ed5-a20b-d3f8124679c3{ip: 192.168.5.161, host: pr-hdds-1569-zxpks-796972592, networkLocation: /default-rack, certSerialId: null}, Type:RATIS, Factor:ONE, State:OPEN]
2019-09-25 05:53:03,490 [RatisPipelineUtilsThread] INFO  pipeline.PipelinePlacementPolicy (PipelinePlacementPolicy.java:meetCriteria(91)) - Pipeline Placement: can't place more pipeline on heavy datanode： 9d1d05b8-38cb-4125-b062-f30309294cc2 Heaviness: 6 limit: 5
2019-09-25 05:53:03,491 [RatisPipelineUtilsThread] INFO  pipeline.PipelinePlacementPolicy (PipelinePlacementPolicy.java:meetCriteria(91)) - Pipeline Placement: can't place more pipeline on heavy datanode： 72f1487d-ef6e-4360-9049-98595ab21d01 Heaviness: 6 limit: 5
2019-09-25 05:53:03,491 [RatisPipelineUtilsThread] INFO  pipeline.PipelinePlacementPolicy (PipelinePlacementPolicy.java:meetCriteria(91)) - Pipeline Placement: can't place more pipeline on heavy datanode： 506f61c1-59c8-4ed5-a20b-d3f8124679c3 Heaviness: 6 limit: 5
2019-09-25 05:53:03,491 [RatisPipelineUtilsThread] ERROR pipeline.PipelinePlacementPolicy (PipelinePlacementPolicy.java:filterViableNodes(148)) - Unable to find enough nodes that meet the criteria that cannot engage in more than 5 pipelines. Nodes required: 1 Found: 0, healthy nodes count inNodeManager: 3.
2019-09-25 05:53:03,491 [RatisPipelineUtilsThread] ERROR pipeline.SCMPipelineManager (SCMPipelineManager.java:createPipeline(167)) - Pipeline creation failed.
org.apache.hadoop.hdds.scm.exceptions.SCMException: Unable to find enough nodes that meet the criteria that cannot engage in more than 5 pipelines. Nodes required: 1 Found: 0, healthy nodes count inNodeManager: 3.
	at org.apache.hadoop.hdds.scm.pipeline.PipelinePlacementPolicy.filterViableNodes(PipelinePlacementPolicy.java:149)
	at org.apache.hadoop.hdds.scm.pipeline.PipelinePlacementPolicy.chooseDatanodes(PipelinePlacementPolicy.java:172)
	at org.apache.hadoop.hdds.scm.pipeline.RatisPipelineProvider.create(RatisPipelineProvider.java:93)
	at org.apache.hadoop.hdds.scm.pipeline.PipelineFactory.create(PipelineFactory.java:58)
	at org.apache.hadoop.hdds.scm.pipeline.SCMPipelineManager.createPipeline(SCMPipelineManager.java:155)
	at org.apache.hadoop.hdds.scm.pipeline.BackgroundPipelineCreator.createPipelines(BackgroundPipelineCreator.java:99)
	at java.util.concurrent.Executors$RunnableAdapter.call(Executors.java:511)
	at java.util.concurrent.FutureTask.run(FutureTask.java:266)
	at java.util.concurrent.ScheduledThreadPoolExecutor$ScheduledFutureTask.access$201(ScheduledThreadPoolExecutor.java:180)
	at java.util.concurrent.ScheduledThreadPoolExecutor$ScheduledFutureTask.run(ScheduledThreadPoolExecutor.java:293)
	at java.util.concurrent.ThreadPoolExecutor.runWorker(ThreadPoolExecutor.java:1149)
	at java.util.concurrent.ThreadPoolExecutor$Worker.run(ThreadPoolExecutor.java:624)
	at java.lang.Thread.run(Thread.java:748)
2019-09-25 05:53:03,492 [RatisPipelineUtilsThread] INFO  pipeline.PipelinePlacementPolicy (PipelinePlacementPolicy.java:meetCriteria(91)) - Pipeline Placement: can't place more pipeline on heavy datanode： 9d1d05b8-38cb-4125-b062-f30309294cc2 Heaviness: 6 limit: 5
2019-09-25 05:53:03,492 [RatisPipelineUtilsThread] INFO  pipeline.PipelinePlacementPolicy (PipelinePlacementPolicy.java:meetCriteria(91)) - Pipeline Placement: can't place more pipeline on heavy datanode： 72f1487d-ef6e-4360-9049-98595ab21d01 Heaviness: 6 limit: 5
2019-09-25 05:53:03,492 [RatisPipelineUtilsThread] INFO  pipeline.PipelinePlacementPolicy (PipelinePlacementPolicy.java:meetCriteria(91)) - Pipeline Placement: can't place more pipeline on heavy datanode： 506f61c1-59c8-4ed5-a20b-d3f8124679c3 Heaviness: 6 limit: 5
2019-09-25 05:53:03,493 [RatisPipelineUtilsThread] ERROR pipeline.PipelinePlacementPolicy (PipelinePlacementPolicy.java:filterViableNodes(148)) - Unable to find enough nodes that meet the criteria that cannot engage in more than 5 pipelines. Nodes required: 3 Found: 0, healthy nodes count inNodeManager: 3.
2019-09-25 05:53:03,493 [RatisPipelineUtilsThread] ERROR pipeline.SCMPipelineManager (SCMPipelineManager.java:createPipeline(167)) - Pipeline creation failed.
org.apache.hadoop.hdds.scm.exceptions.SCMException: Unable to find enough nodes that meet the criteria that cannot engage in more than 5 pipelines. Nodes required: 3 Found: 0, healthy nodes count inNodeManager: 3.
	at org.apache.hadoop.hdds.scm.pipeline.PipelinePlacementPolicy.filterViableNodes(PipelinePlacementPolicy.java:149)
	at org.apache.hadoop.hdds.scm.pipeline.PipelinePlacementPolicy.chooseDatanodes(PipelinePlacementPolicy.java:172)
	at org.apache.hadoop.hdds.scm.pipeline.RatisPipelineProvider.create(RatisPipelineProvider.java:93)
	at org.apache.hadoop.hdds.scm.pipeline.PipelineFactory.create(PipelineFactory.java:58)
	at org.apache.hadoop.hdds.scm.pipeline.SCMPipelineManager.createPipeline(SCMPipelineManager.java:155)
	at org.apache.hadoop.hdds.scm.pipeline.BackgroundPipelineCreator.createPipelines(BackgroundPipelineCreator.java:99)
	at java.util.concurrent.Executors$RunnableAdapter.call(Executors.java:511)
	at java.util.concurrent.FutureTask.run(FutureTask.java:266)
	at java.util.concurrent.ScheduledThreadPoolExecutor$ScheduledFutureTask.access$201(ScheduledThreadPoolExecutor.java:180)
	at java.util.concurrent.ScheduledThreadPoolExecutor$ScheduledFutureTask.run(ScheduledThreadPoolExecutor.java:293)
	at java.util.concurrent.ThreadPoolExecutor.runWorker(ThreadPoolExecutor.java:1149)
	at java.util.concurrent.ThreadPoolExecutor$Worker.run(ThreadPoolExecutor.java:624)
	at java.lang.Thread.run(Thread.java:748)
2019-09-25 05:53:03,493 [RatisPipelineUtilsThread] INFO  pipeline.PipelinePlacementPolicy (PipelinePlacementPolicy.java:meetCriteria(91)) - Pipeline Placement: can't place more pipeline on heavy datanode： 9d1d05b8-38cb-4125-b062-f30309294cc2 Heaviness: 6 limit: 5
2019-09-25 05:53:03,494 [RatisPipelineUtilsThread] INFO  pipeline.PipelinePlacementPolicy (PipelinePlacementPolicy.java:meetCriteria(91)) - Pipeline Placement: can't place more pipeline on heavy datanode： 72f1487d-ef6e-4360-9049-98595ab21d01 Heaviness: 6 limit: 5
2019-09-25 05:53:03,494 [RatisPipelineUtilsThread] INFO  pipeline.PipelinePlacementPolicy (PipelinePlacementPolicy.java:meetCriteria(91)) - Pipeline Placement: can't place more pipeline on heavy datanode： 506f61c1-59c8-4ed5-a20b-d3f8124679c3 Heaviness: 6 limit: 5
2019-09-25 05:53:03,494 [RatisPipelineUtilsThread] ERROR pipeline.PipelinePlacementPolicy (PipelinePlacementPolicy.java:filterViableNodes(148)) - Unable to find enough nodes that meet the criteria that cannot engage in more than 5 pipelines. Nodes required: 1 Found: 0, healthy nodes count inNodeManager: 3.
2019-09-25 05:53:03,494 [RatisPipelineUtilsThread] ERROR pipeline.SCMPipelineManager (SCMPipelineManager.java:createPipeline(167)) - Pipeline creation failed.
org.apache.hadoop.hdds.scm.exceptions.SCMException: Unable to find enough nodes that meet the criteria that cannot engage in more than 5 pipelines. Nodes required: 1 Found: 0, healthy nodes count inNodeManager: 3.
	at org.apache.hadoop.hdds.scm.pipeline.PipelinePlacementPolicy.filterViableNodes(PipelinePlacementPolicy.java:149)
	at org.apache.hadoop.hdds.scm.pipeline.PipelinePlacementPolicy.chooseDatanodes(PipelinePlacementPolicy.java:172)
	at org.apache.hadoop.hdds.scm.pipeline.RatisPipelineProvider.create(RatisPipelineProvider.java:93)
	at org.apache.hadoop.hdds.scm.pipeline.PipelineFactory.create(PipelineFactory.java:58)
	at org.apache.hadoop.hdds.scm.pipeline.SCMPipelineManager.createPipeline(SCMPipelineManager.java:155)
	at org.apache.hadoop.hdds.scm.pipeline.BackgroundPipelineCreator.createPipelines(BackgroundPipelineCreator.java:99)
	at org.apache.hadoop.hdds.scm.pipeline.BackgroundPipelineCreator.lambda$startFixedIntervalPipelineCreator$0(BackgroundPipelineCreator.java:70)
	at java.util.concurrent.Executors$RunnableAdapter.call(Executors.java:511)
	at java.util.concurrent.FutureTask.runAndReset(FutureTask.java:308)
	at java.util.concurrent.ScheduledThreadPoolExecutor$ScheduledFutureTask.access$301(ScheduledThreadPoolExecutor.java:180)
	at java.util.concurrent.ScheduledThreadPoolExecutor$ScheduledFutureTask.run(ScheduledThreadPoolExecutor.java:294)
	at java.util.concurrent.ThreadPoolExecutor.runWorker(ThreadPoolExecutor.java:1149)
	at java.util.concurrent.ThreadPoolExecutor$Worker.run(ThreadPoolExecutor.java:624)
	at java.lang.Thread.run(Thread.java:748)
2019-09-25 05:53:03,495 [RatisPipelineUtilsThread] INFO  pipeline.PipelinePlacementPolicy (PipelinePlacementPolicy.java:meetCriteria(91)) - Pipeline Placement: can't place more pipeline on heavy datanode： 9d1d05b8-38cb-4125-b062-f30309294cc2 Heaviness: 6 limit: 5
2019-09-25 05:53:03,495 [RatisPipelineUtilsThread] INFO  pipeline.PipelinePlacementPolicy (PipelinePlacementPolicy.java:meetCriteria(91)) - Pipeline Placement: can't place more pipeline on heavy datanode： 72f1487d-ef6e-4360-9049-98595ab21d01 Heaviness: 6 limit: 5
2019-09-25 05:53:03,495 [RatisPipelineUtilsThread] INFO  pipeline.PipelinePlacementPolicy (PipelinePlacementPolicy.java:meetCriteria(91)) - Pipeline Placement: can't place more pipeline on heavy datanode： 506f61c1-59c8-4ed5-a20b-d3f8124679c3 Heaviness: 6 limit: 5
2019-09-25 05:53:03,495 [RatisPipelineUtilsThread] ERROR pipeline.PipelinePlacementPolicy (PipelinePlacementPolicy.java:filterViableNodes(148)) - Unable to find enough nodes that meet the criteria that cannot engage in more than 5 pipelines. Nodes required: 3 Found: 0, healthy nodes count inNodeManager: 3.
2019-09-25 05:53:03,495 [RatisPipelineUtilsThread] ERROR pipeline.SCMPipelineManager (SCMPipelineManager.java:createPipeline(167)) - Pipeline creation failed.
org.apache.hadoop.hdds.scm.exceptions.SCMException: Unable to find enough nodes that meet the criteria that cannot engage in more than 5 pipelines. Nodes required: 3 Found: 0, healthy nodes count inNodeManager: 3.
	at org.apache.hadoop.hdds.scm.pipeline.PipelinePlacementPolicy.filterViableNodes(PipelinePlacementPolicy.java:149)
	at org.apache.hadoop.hdds.scm.pipeline.PipelinePlacementPolicy.chooseDatanodes(PipelinePlacementPolicy.java:172)
	at org.apache.hadoop.hdds.scm.pipeline.RatisPipelineProvider.create(RatisPipelineProvider.java:93)
	at org.apache.hadoop.hdds.scm.pipeline.PipelineFactory.create(PipelineFactory.java:58)
	at org.apache.hadoop.hdds.scm.pipeline.SCMPipelineManager.createPipeline(SCMPipelineManager.java:155)
	at org.apache.hadoop.hdds.scm.pipeline.BackgroundPipelineCreator.createPipelines(BackgroundPipelineCreator.java:99)
	at org.apache.hadoop.hdds.scm.pipeline.BackgroundPipelineCreator.lambda$startFixedIntervalPipelineCreator$0(BackgroundPipelineCreator.java:70)
	at java.util.concurrent.Executors$RunnableAdapter.call(Executors.java:511)
	at java.util.concurrent.FutureTask.runAndReset(FutureTask.java:308)
	at java.util.concurrent.ScheduledThreadPoolExecutor$ScheduledFutureTask.access$301(ScheduledThreadPoolExecutor.java:180)
	at java.util.concurrent.ScheduledThreadPoolExecutor$ScheduledFutureTask.run(ScheduledThreadPoolExecutor.java:294)
	at java.util.concurrent.ThreadPoolExecutor.runWorker(ThreadPoolExecutor.java:1149)
	at java.util.concurrent.ThreadPoolExecutor$Worker.run(ThreadPoolExecutor.java:624)
	at java.lang.Thread.run(Thread.java:748)
2019-09-25 05:53:03,978 [Thread-1326] INFO  ozone.MiniOzoneClusterImpl (MiniOzoneClusterImpl.java:lambda$waitForClusterToBeReady$0(147)) - Cluster is ready. Got 3 of 3 DN Heartbeats.
2019-09-25 05:53:04,028 [Thread-1326] INFO  rpc.RpcClient (RpcClient.java:createVolume(276)) - Creating Volume: volume89504, with user23412 as owner.
2019-09-25 05:53:04,032 [IPC Server handler 1 on 42545] INFO  volume.OMVolumeCreateRequest (OMVolumeCreateRequest.java:validateAndUpdateCache(189)) - created volume:volume89504 for user:user23412
2019-09-25 05:53:04,045 [Thread-1326] INFO  rpc.RpcClient (RpcClient.java:createBucket(415)) - Creating Bucket: volume89504/bucket42306, with Versioning false and Storage Type set to DISK and Encryption set to false 
2019-09-25 05:53:04,090 [IPC Server handler 1 on 37238] INFO  pipeline.PipelinePlacementPolicy (PipelinePlacementPolicy.java:meetCriteria(91)) - Pipeline Placement: can't place more pipeline on heavy datanode： 9d1d05b8-38cb-4125-b062-f30309294cc2 Heaviness: 6 limit: 5
2019-09-25 05:53:04,090 [IPC Server handler 1 on 37238] INFO  pipeline.PipelinePlacementPolicy (PipelinePlacementPolicy.java:meetCriteria(91)) - Pipeline Placement: can't place more pipeline on heavy datanode： 72f1487d-ef6e-4360-9049-98595ab21d01 Heaviness: 6 limit: 5
2019-09-25 05:53:04,090 [IPC Server handler 1 on 37238] INFO  pipeline.PipelinePlacementPolicy (PipelinePlacementPolicy.java:meetCriteria(91)) - Pipeline Placement: can't place more pipeline on heavy datanode： 506f61c1-59c8-4ed5-a20b-d3f8124679c3 Heaviness: 6 limit: 5
2019-09-25 05:53:04,090 [IPC Server handler 1 on 37238] ERROR pipeline.PipelinePlacementPolicy (PipelinePlacementPolicy.java:filterViableNodes(148)) - Unable to find enough nodes that meet the criteria that cannot engage in more than 5 pipelines. Nodes required: 3 Found: 0, healthy nodes count inNodeManager: 3.
2019-09-25 05:53:04,091 [IPC Server handler 1 on 37238] ERROR pipeline.SCMPipelineManager (SCMPipelineManager.java:createPipeline(167)) - Pipeline creation failed.
org.apache.hadoop.hdds.scm.exceptions.SCMException: Unable to find enough nodes that meet the criteria that cannot engage in more than 5 pipelines. Nodes required: 3 Found: 0, healthy nodes count inNodeManager: 3.
	at org.apache.hadoop.hdds.scm.pipeline.PipelinePlacementPolicy.filterViableNodes(PipelinePlacementPolicy.java:149)
	at org.apache.hadoop.hdds.scm.pipeline.PipelinePlacementPolicy.chooseDatanodes(PipelinePlacementPolicy.java:172)
	at org.apache.hadoop.hdds.scm.pipeline.RatisPipelineProvider.create(RatisPipelineProvider.java:93)
	at org.apache.hadoop.hdds.scm.pipeline.PipelineFactory.create(PipelineFactory.java:58)
	at org.apache.hadoop.hdds.scm.pipeline.SCMPipelineManager.createPipeline(SCMPipelineManager.java:155)
	at org.apache.hadoop.hdds.scm.block.BlockManagerImpl.allocateBlock(BlockManagerImpl.java:190)
	at org.apache.hadoop.hdds.scm.server.SCMBlockProtocolServer.allocateBlock(SCMBlockProtocolServer.java:182)
	at org.apache.hadoop.ozone.protocolPB.ScmBlockLocationProtocolServerSideTranslatorPB.allocateScmBlock(ScmBlockLocationProtocolServerSideTranslatorPB.java:183)
	at org.apache.hadoop.ozone.protocolPB.ScmBlockLocationProtocolServerSideTranslatorPB.processMessage(ScmBlockLocationProtocolServerSideTranslatorPB.java:141)
	at org.apache.hadoop.ozone.protocolPB.ScmBlockLocationProtocolServerSideTranslatorPB.send(ScmBlockLocationProtocolServerSideTranslatorPB.java:116)
	at org.apache.hadoop.hdds.protocol.proto.ScmBlockLocationProtocolProtos$ScmBlockLocationProtocolService$2.callBlockingMethod(ScmBlockLocationProtocolProtos.java:13157)
	at org.apache.hadoop.ipc.ProtobufRpcEngine$Server$ProtoBufRpcInvoker.call(ProtobufRpcEngine.java:524)
	at org.apache.hadoop.ipc.RPC$Server.call(RPC.java:1025)
	at org.apache.hadoop.ipc.Server$RpcCall.run(Server.java:876)
	at org.apache.hadoop.ipc.Server$RpcCall.run(Server.java:822)
	at java.security.AccessController.doPrivileged(Native Method)
	at javax.security.auth.Subject.doAs(Subject.java:422)
	at org.apache.hadoop.security.UserGroupInformation.doAs(UserGroupInformation.java:1730)
	at org.apache.hadoop.ipc.Server$Handler.run(Server.java:2682)
2019-09-25 05:53:04,091 [IPC Server handler 1 on 37238] WARN  block.BlockManagerImpl (BlockManagerImpl.java:allocateBlock(192)) - Pipeline creation failed for type:RATIS factor:THREE. Retrying get pipelines call once.
org.apache.hadoop.hdds.scm.exceptions.SCMException: Unable to find enough nodes that meet the criteria that cannot engage in more than 5 pipelines. Nodes required: 3 Found: 0, healthy nodes count inNodeManager: 3.
	at org.apache.hadoop.hdds.scm.pipeline.PipelinePlacementPolicy.filterViableNodes(PipelinePlacementPolicy.java:149)
	at org.apache.hadoop.hdds.scm.pipeline.PipelinePlacementPolicy.chooseDatanodes(PipelinePlacementPolicy.java:172)
	at org.apache.hadoop.hdds.scm.pipeline.RatisPipelineProvider.create(RatisPipelineProvider.java:93)
	at org.apache.hadoop.hdds.scm.pipeline.PipelineFactory.create(PipelineFactory.java:58)
	at org.apache.hadoop.hdds.scm.pipeline.SCMPipelineManager.createPipeline(SCMPipelineManager.java:155)
	at org.apache.hadoop.hdds.scm.block.BlockManagerImpl.allocateBlock(BlockManagerImpl.java:190)
	at org.apache.hadoop.hdds.scm.server.SCMBlockProtocolServer.allocateBlock(SCMBlockProtocolServer.java:182)
	at org.apache.hadoop.ozone.protocolPB.ScmBlockLocationProtocolServerSideTranslatorPB.allocateScmBlock(ScmBlockLocationProtocolServerSideTranslatorPB.java:183)
	at org.apache.hadoop.ozone.protocolPB.ScmBlockLocationProtocolServerSideTranslatorPB.processMessage(ScmBlockLocationProtocolServerSideTranslatorPB.java:141)
	at org.apache.hadoop.ozone.protocolPB.ScmBlockLocationProtocolServerSideTranslatorPB.send(ScmBlockLocationProtocolServerSideTranslatorPB.java:116)
	at org.apache.hadoop.hdds.protocol.proto.ScmBlockLocationProtocolProtos$ScmBlockLocationProtocolService$2.callBlockingMethod(ScmBlockLocationProtocolProtos.java:13157)
	at org.apache.hadoop.ipc.ProtobufRpcEngine$Server$ProtoBufRpcInvoker.call(ProtobufRpcEngine.java:524)
	at org.apache.hadoop.ipc.RPC$Server.call(RPC.java:1025)
	at org.apache.hadoop.ipc.Server$RpcCall.run(Server.java:876)
	at org.apache.hadoop.ipc.Server$RpcCall.run(Server.java:822)
	at java.security.AccessController.doPrivileged(Native Method)
	at javax.security.auth.Subject.doAs(Subject.java:422)
	at org.apache.hadoop.security.UserGroupInformation.doAs(UserGroupInformation.java:1730)
	at org.apache.hadoop.ipc.Server$Handler.run(Server.java:2682)
2019-09-25 05:53:04,091 [IPC Server handler 1 on 37238] INFO  block.BlockManagerImpl (BlockManagerImpl.java:allocateBlock(198)) - Could not find available pipeline of type:RATIS and factor:THREE even after retrying
2019-09-25 05:53:04,092 [IPC Server handler 1 on 37238] ERROR block.BlockManagerImpl (BlockManagerImpl.java:allocateBlock(222)) - Unable to allocate a block for the size: 4194304, type: RATIS, factor: THREE
2019-09-25 05:53:04,095 [Thread-1326] INFO  ozone.MiniOzoneClusterImpl (MiniOzoneClusterImpl.java:shutdown(314)) - Shutting down the Mini Ozone Cluster
2019-09-25 05:53:04,096 [Thread-1326] INFO  ozone.MiniOzoneClusterImpl (MiniOzoneClusterImpl.java:stop(330)) - Stopping the Mini Ozone Cluster
2019-09-25 05:53:04,096 [Thread-1326] INFO  ozone.MiniOzoneClusterImpl (MiniOzoneClusterImpl.java:stopOM(400)) - Stopping the OzoneManager
2019-09-25 05:53:04,096 [Thread-1326] INFO  ipc.Server (Server.java:stop(3082)) - Stopping server on 42545
2019-09-25 05:53:04,101 [IPC Server listener on 42545] INFO  ipc.Server (Server.java:run(1185)) - Stopping IPC Server listener on 42545
2019-09-25 05:53:04,101 [Thread-1326] INFO  ratis.OzoneManagerDoubleBuffer (OzoneManagerDoubleBuffer.java:stop(248)) - Stopping OMDoubleBuffer flush thread
2019-09-25 05:53:04,101 [IPC Server Responder] INFO  ipc.Server (Server.java:run(1319)) - Stopping IPC Server Responder
2019-09-25 05:53:04,101 [OMDoubleBufferFlushThread] INFO  ratis.OzoneManagerDoubleBuffer (OzoneManagerDoubleBuffer.java:flushTransactions(191)) - OMDoubleBuffer flush thread OMDoubleBufferFlushThread is interrupted and will exit. OMDoubleBufferFlushThread
2019-09-25 05:53:04,104 [Thread-1326] INFO  utils.BackgroundService (BackgroundService.java:shutdown(148)) - Shutting down service KeyDeletingService
2019-09-25 05:53:04,106 [Thread-1326] INFO  handler.ContextHandler (ContextHandler.java:doStop(910)) - Stopped o.e.j.w.WebAppContext@897232{/,null,UNAVAILABLE}{/ozoneManager}
2019-09-25 05:53:04,107 [Thread-1326] INFO  server.AbstractConnector (AbstractConnector.java:doStop(318)) - Stopped ServerConnector@236328d1{HTTP/1.1,[http/1.1]}{0.0.0.0:0}
2019-09-25 05:53:04,107 [Thread-1326] INFO  handler.ContextHandler (ContextHandler.java:doStop(910)) - Stopped o.e.j.s.ServletContextHandler@50107045{/static,jar:file:/home/user/.m2/repository/org/apache/hadoop/hadoop-ozone-ozone-manager/0.5.0-SNAPSHOT/hadoop-ozone-ozone-manager-0.5.0-SNAPSHOT.jar!/webapps/static,UNAVAILABLE}
2019-09-25 05:53:04,107 [Thread-1326] INFO  handler.ContextHandler (ContextHandler.java:doStop(910)) - Stopped o.e.j.s.ServletContextHandler@1beb27a3{/logs,file:///workdir/hadoop-ozone/ozonefs/target/log,UNAVAILABLE}
2019-09-25 05:53:04,110 [Thread-1326] INFO  ozone.MiniOzoneClusterImpl (MiniOzoneClusterImpl.java:stopDatanodes(377)) - Stopping the HddsDatanodes
2019-09-25 05:53:04,813 [Datanode State Machine Thread - 0] INFO  statemachine.DatanodeStateMachine (DatanodeStateMachine.java:lambda$startDaemon$0(350)) - Ozone container server started.
2019-09-25 05:53:04,892 [Datanode State Machine Thread - 0] INFO  statemachine.DatanodeStateMachine (DatanodeStateMachine.java:lambda$startDaemon$0(350)) - Ozone container server started.
2019-09-25 05:53:05,827 [Thread-1498] INFO  container.ReplicationManager (ReplicationManager.java:start(163)) - Starting Replication Monitor Thread.
2019-09-25 05:53:05,831 [ReplicationMonitor] INFO  container.ReplicationManager (ReplicationManager.java:run(226)) - Replication Monitor Thread took 0 milliseconds for processing 0 containers.
2019-09-25 05:53:07,906 [Thread-1500] INFO  impl.FollowerState (FollowerState.java:run(106)) - 9d1d05b8-38cb-4125-b062-f30309294cc2:group-15A062B1E243 changes to CANDIDATE, lastRpcTime:5016, electionTimeout:5016ms
2019-09-25 05:53:07,906 [Thread-1500] INFO  impl.RoleInfo (RoleInfo.java:shutdownFollowerState(121)) - 9d1d05b8-38cb-4125-b062-f30309294cc2: shutdown FollowerState
2019-09-25 05:53:07,906 [Thread-1500] INFO  impl.RaftServerImpl (RaftServerImpl.java:setRole(174)) - 9d1d05b8-38cb-4125-b062-f30309294cc2@group-15A062B1E243: changes role from  FOLLOWER to CANDIDATE at term 0 for changeToCandidate
2019-09-25 05:53:07,907 [Thread-1500] INFO  impl.RoleInfo (RoleInfo.java:updateAndGet(143)) - 9d1d05b8-38cb-4125-b062-f30309294cc2: start LeaderElection
2019-09-25 05:53:07,936 [9d1d05b8-38cb-4125-b062-f30309294cc2@group-15A062B1E243:LeaderElection82] INFO  impl.LeaderElection (LeaderElection.java:askForVotes(182)) - 9d1d05b8-38cb-4125-b062-f30309294cc2@group-15A062B1E243:LeaderElection82: begin an election at term 1 for -1: [9d1d05b8-38cb-4125-b062-f30309294cc2:192.168.5.161:44387], old=null
2019-09-25 05:53:07,936 [9d1d05b8-38cb-4125-b062-f30309294cc2@group-15A062B1E243:LeaderElection82] INFO  impl.RoleInfo (RoleInfo.java:shutdownLeaderElection(134)) - 9d1d05b8-38cb-4125-b062-f30309294cc2: shutdown LeaderElection
2019-09-25 05:53:07,936 [9d1d05b8-38cb-4125-b062-f30309294cc2@group-15A062B1E243:LeaderElection82] INFO  impl.RaftServerImpl (RaftServerImpl.java:setRole(174)) - 9d1d05b8-38cb-4125-b062-f30309294cc2@group-15A062B1E243: changes role from CANDIDATE to LEADER at term 1 for changeToLeader
2019-09-25 05:53:07,936 [9d1d05b8-38cb-4125-b062-f30309294cc2@group-15A062B1E243:LeaderElection82] INFO  impl.RaftServerImpl (ServerState.java:setLeader(253)) - 9d1d05b8-38cb-4125-b062-f30309294cc2@group-15A062B1E243: change Leader from null to 9d1d05b8-38cb-4125-b062-f30309294cc2 at term 1 for becomeLeader, leader elected after 5054ms
2019-09-25 05:53:07,936 [9d1d05b8-38cb-4125-b062-f30309294cc2@group-15A062B1E243:LeaderElection82] INFO  server.RaftServerConfigKeys (ConfUtils.java:logGet(43)) - raft.server.staging.catchup.gap = 1000 (default)
2019-09-25 05:53:07,937 [9d1d05b8-38cb-4125-b062-f30309294cc2@group-15A062B1E243:LeaderElection82] INFO  server.RaftServerConfigKeys (ConfUtils.java:logGet(43)) - raft.server.rpc.sleep.time = 25ms (default)
2019-09-25 05:53:07,937 [9d1d05b8-38cb-4125-b062-f30309294cc2@group-15A062B1E243:LeaderElection82] INFO  server.RaftServerConfigKeys (ConfUtils.java:logGet(43)) - raft.server.write.element-limit = 4096 (default)
2019-09-25 05:53:07,937 [9d1d05b8-38cb-4125-b062-f30309294cc2@group-15A062B1E243:LeaderElection82] INFO  server.RaftServerConfigKeys (ConfUtils.java:logGet(43)) - raft.server.watch.timeout = 10s (default)
2019-09-25 05:53:07,937 [9d1d05b8-38cb-4125-b062-f30309294cc2@group-15A062B1E243:LeaderElection82] INFO  server.RaftServerConfigKeys (ConfUtils.java:logGet(43)) - raft.server.watch.timeout.denomination = 1s (default)
2019-09-25 05:53:07,937 [9d1d05b8-38cb-4125-b062-f30309294cc2@group-15A062B1E243:LeaderElection82] INFO  server.RaftServerConfigKeys (ConfUtils.java:logGet(43)) - raft.server.watch.element-limit = 65536 (default)
2019-09-25 05:53:07,940 [9d1d05b8-38cb-4125-b062-f30309294cc2@group-15A062B1E243:LeaderElection82] INFO  impl.RoleInfo (RoleInfo.java:updateAndGet(143)) - 9d1d05b8-38cb-4125-b062-f30309294cc2: start LeaderState
2019-09-25 05:53:07,940 [9d1d05b8-38cb-4125-b062-f30309294cc2@group-15A062B1E243:LeaderElection82] INFO  segmented.SegmentedRaftLogWorker (SegmentedRaftLogWorker.java:startLogSegment(380)) - 9d1d05b8-38cb-4125-b062-f30309294cc2@group-15A062B1E243-SegmentedRaftLogWorker: Starting segment from index:0
2019-09-25 05:53:07,941 [9d1d05b8-38cb-4125-b062-f30309294cc2@group-15A062B1E243:LeaderElection82] INFO  impl.RaftServerImpl (ServerState.java:setRaftConf(354)) - 9d1d05b8-38cb-4125-b062-f30309294cc2@group-15A062B1E243: set configuration 0: [9d1d05b8-38cb-4125-b062-f30309294cc2:192.168.5.161:44387], old=null at 0
2019-09-25 05:53:08,005 [9d1d05b8-38cb-4125-b062-f30309294cc2@group-15A062B1E243-SegmentedRaftLogWorker] INFO  segmented.SegmentedRaftLogWorker (SegmentedRaftLogWorker.java:execute(569)) - 9d1d05b8-38cb-4125-b062-f30309294cc2@group-15A062B1E243-SegmentedRaftLogWorker: created new log segment /workdir/hadoop-ozone/ozonefs/target/test-dir/MiniOzoneClusterImpl-ec9cbae6-e51d-4388-8482-e19082e5b468/datanode-0/data/ratis/92b3ede6-515b-4fa2-995f-15a062b1e243/current/log_inprogress_0
2019-09-25 05:53:08,050 [Thread-1503] INFO  impl.FollowerState (FollowerState.java:run(106)) - 9d1d05b8-38cb-4125-b062-f30309294cc2:group-7B1F408DD57D changes to CANDIDATE, lastRpcTime:5115, electionTimeout:5115ms
2019-09-25 05:53:08,050 [Thread-1503] INFO  impl.RoleInfo (RoleInfo.java:shutdownFollowerState(121)) - 9d1d05b8-38cb-4125-b062-f30309294cc2: shutdown FollowerState
2019-09-25 05:53:08,051 [Thread-1503] INFO  impl.RaftServerImpl (RaftServerImpl.java:setRole(174)) - 9d1d05b8-38cb-4125-b062-f30309294cc2@group-7B1F408DD57D: changes role from  FOLLOWER to CANDIDATE at term 0 for changeToCandidate
2019-09-25 05:53:08,051 [Thread-1503] INFO  impl.RoleInfo (RoleInfo.java:updateAndGet(143)) - 9d1d05b8-38cb-4125-b062-f30309294cc2: start LeaderElection
2019-09-25 05:53:08,067 [9d1d05b8-38cb-4125-b062-f30309294cc2@group-7B1F408DD57D:LeaderElection83] INFO  impl.LeaderElection (LeaderElection.java:askForVotes(182)) - 9d1d05b8-38cb-4125-b062-f30309294cc2@group-7B1F408DD57D:LeaderElection83: begin an election at term 1 for -1: [9d1d05b8-38cb-4125-b062-f30309294cc2:192.168.5.161:44387], old=null
2019-09-25 05:53:08,067 [9d1d05b8-38cb-4125-b062-f30309294cc2@group-7B1F408DD57D:LeaderElection83] INFO  impl.RoleInfo (RoleInfo.java:shutdownLeaderElection(134)) - 9d1d05b8-38cb-4125-b062-f30309294cc2: shutdown LeaderElection
2019-09-25 05:53:08,067 [9d1d05b8-38cb-4125-b062-f30309294cc2@group-7B1F408DD57D:LeaderElection83] INFO  impl.RaftServerImpl (RaftServerImpl.java:setRole(174)) - 9d1d05b8-38cb-4125-b062-f30309294cc2@group-7B1F408DD57D: changes role from CANDIDATE to LEADER at term 1 for changeToLeader
2019-09-25 05:53:08,067 [9d1d05b8-38cb-4125-b062-f30309294cc2@group-7B1F408DD57D:LeaderElection83] INFO  impl.RaftServerImpl (ServerState.java:setLeader(253)) - 9d1d05b8-38cb-4125-b062-f30309294cc2@group-7B1F408DD57D: change Leader from null to 9d1d05b8-38cb-4125-b062-f30309294cc2 at term 1 for becomeLeader, leader elected after 5137ms
2019-09-25 05:53:08,067 [9d1d05b8-38cb-4125-b062-f30309294cc2@group-7B1F408DD57D:LeaderElection83] INFO  server.RaftServerConfigKeys (ConfUtils.java:logGet(43)) - raft.server.staging.catchup.gap = 1000 (default)
2019-09-25 05:53:08,067 [9d1d05b8-38cb-4125-b062-f30309294cc2@group-7B1F408DD57D:LeaderElection83] INFO  server.RaftServerConfigKeys (ConfUtils.java:logGet(43)) - raft.server.rpc.sleep.time = 25ms (default)
2019-09-25 05:53:08,068 [9d1d05b8-38cb-4125-b062-f30309294cc2@group-7B1F408DD57D:LeaderElection83] INFO  server.RaftServerConfigKeys (ConfUtils.java:logGet(43)) - raft.server.write.element-limit = 4096 (default)
2019-09-25 05:53:08,068 [9d1d05b8-38cb-4125-b062-f30309294cc2@group-7B1F408DD57D:LeaderElection83] INFO  server.RaftServerConfigKeys (ConfUtils.java:logGet(43)) - raft.server.watch.timeout = 10s (default)
2019-09-25 05:53:08,068 [9d1d05b8-38cb-4125-b062-f30309294cc2@group-7B1F408DD57D:LeaderElection83] INFO  server.RaftServerConfigKeys (ConfUtils.java:logGet(43)) - raft.server.watch.timeout.denomination = 1s (default)
2019-09-25 05:53:08,068 [9d1d05b8-38cb-4125-b062-f30309294cc2@group-7B1F408DD57D:LeaderElection83] INFO  server.RaftServerConfigKeys (ConfUtils.java:logGet(43)) - raft.server.watch.element-limit = 65536 (default)
2019-09-25 05:53:08,070 [9d1d05b8-38cb-4125-b062-f30309294cc2@group-7B1F408DD57D:LeaderElection83] INFO  impl.RoleInfo (RoleInfo.java:updateAndGet(143)) - 9d1d05b8-38cb-4125-b062-f30309294cc2: start LeaderState
2019-09-25 05:53:08,070 [9d1d05b8-38cb-4125-b062-f30309294cc2@group-7B1F408DD57D:LeaderElection83] INFO  segmented.SegmentedRaftLogWorker (SegmentedRaftLogWorker.java:startLogSegment(380)) - 9d1d05b8-38cb-4125-b062-f30309294cc2@group-7B1F408DD57D-SegmentedRaftLogWorker: Starting segment from index:0
2019-09-25 05:53:08,071 [9d1d05b8-38cb-4125-b062-f30309294cc2@group-7B1F408DD57D:LeaderElection83] INFO  impl.RaftServerImpl (ServerState.java:setRaftConf(354)) - 9d1d05b8-38cb-4125-b062-f30309294cc2@group-7B1F408DD57D: set configuration 0: [9d1d05b8-38cb-4125-b062-f30309294cc2:192.168.5.161:44387], old=null at 0
2019-09-25 05:53:08,087 [Thread-1506] INFO  impl.FollowerState (FollowerState.java:run(106)) - 9d1d05b8-38cb-4125-b062-f30309294cc2:group-4A4F178D2F0E changes to CANDIDATE, lastRpcTime:5109, electionTimeout:5109ms
2019-09-25 05:53:08,087 [Thread-1506] INFO  impl.RoleInfo (RoleInfo.java:shutdownFollowerState(121)) - 9d1d05b8-38cb-4125-b062-f30309294cc2: shutdown FollowerState
2019-09-25 05:53:08,087 [Thread-1506] INFO  impl.RaftServerImpl (RaftServerImpl.java:setRole(174)) - 9d1d05b8-38cb-4125-b062-f30309294cc2@group-4A4F178D2F0E: changes role from  FOLLOWER to CANDIDATE at term 0 for changeToCandidate
2019-09-25 05:53:08,087 [Thread-1506] INFO  impl.RoleInfo (RoleInfo.java:updateAndGet(143)) - 9d1d05b8-38cb-4125-b062-f30309294cc2: start LeaderElection
2019-09-25 05:53:08,124 [9d1d05b8-38cb-4125-b062-f30309294cc2@group-7B1F408DD57D-SegmentedRaftLogWorker] INFO  segmented.SegmentedRaftLogWorker (SegmentedRaftLogWorker.java:execute(569)) - 9d1d05b8-38cb-4125-b062-f30309294cc2@group-7B1F408DD57D-SegmentedRaftLogWorker: created new log segment /workdir/hadoop-ozone/ozonefs/target/test-dir/MiniOzoneClusterImpl-ec9cbae6-e51d-4388-8482-e19082e5b468/datanode-0/data/ratis/ca81dfb5-813c-4626-a098-7b1f408dd57d/current/log_inprogress_0
2019-09-25 05:53:08,124 [9d1d05b8-38cb-4125-b062-f30309294cc2@group-4A4F178D2F0E:LeaderElection84] INFO  impl.LeaderElection (LeaderElection.java:askForVotes(182)) - 9d1d05b8-38cb-4125-b062-f30309294cc2@group-4A4F178D2F0E:LeaderElection84: begin an election at term 1 for -1: [9d1d05b8-38cb-4125-b062-f30309294cc2:192.168.5.161:44387], old=null
2019-09-25 05:53:08,125 [9d1d05b8-38cb-4125-b062-f30309294cc2@group-4A4F178D2F0E:LeaderElection84] INFO  impl.RoleInfo (RoleInfo.java:shutdownLeaderElection(134)) - 9d1d05b8-38cb-4125-b062-f30309294cc2: shutdown LeaderElection
2019-09-25 05:53:08,125 [9d1d05b8-38cb-4125-b062-f30309294cc2@group-4A4F178D2F0E:LeaderElection84] INFO  impl.RaftServerImpl (RaftServerImpl.java:setRole(174)) - 9d1d05b8-38cb-4125-b062-f30309294cc2@group-4A4F178D2F0E: changes role from CANDIDATE to LEADER at term 1 for changeToLeader
2019-09-25 05:53:08,125 [9d1d05b8-38cb-4125-b062-f30309294cc2@group-4A4F178D2F0E:LeaderElection84] INFO  impl.RaftServerImpl (ServerState.java:setLeader(253)) - 9d1d05b8-38cb-4125-b062-f30309294cc2@group-4A4F178D2F0E: change Leader from null to 9d1d05b8-38cb-4125-b062-f30309294cc2 at term 1 for becomeLeader, leader elected after 5154ms
2019-09-25 05:53:08,126 [9d1d05b8-38cb-4125-b062-f30309294cc2@group-4A4F178D2F0E:LeaderElection84] INFO  server.RaftServerConfigKeys (ConfUtils.java:logGet(43)) - raft.server.staging.catchup.gap = 1000 (default)
2019-09-25 05:53:08,126 [9d1d05b8-38cb-4125-b062-f30309294cc2@group-4A4F178D2F0E:LeaderElection84] INFO  server.RaftServerConfigKeys (ConfUtils.java:logGet(43)) - raft.server.rpc.sleep.time = 25ms (default)
2019-09-25 05:53:08,126 [9d1d05b8-38cb-4125-b062-f30309294cc2@group-4A4F178D2F0E:LeaderElection84] INFO  server.RaftServerConfigKeys (ConfUtils.java:logGet(43)) - raft.server.write.element-limit = 4096 (default)
2019-09-25 05:53:08,126 [9d1d05b8-38cb-4125-b062-f30309294cc2@group-4A4F178D2F0E:LeaderElection84] INFO  server.RaftServerConfigKeys (ConfUtils.java:logGet(43)) - raft.server.watch.timeout = 10s (default)
2019-09-25 05:53:08,126 [9d1d05b8-38cb-4125-b062-f30309294cc2@group-4A4F178D2F0E:LeaderElection84] INFO  server.RaftServerConfigKeys (ConfUtils.java:logGet(43)) - raft.server.watch.timeout.denomination = 1s (default)
2019-09-25 05:53:08,126 [9d1d05b8-38cb-4125-b062-f30309294cc2@group-4A4F178D2F0E:LeaderElection84] INFO  server.RaftServerConfigKeys (ConfUtils.java:logGet(43)) - raft.server.watch.element-limit = 65536 (default)
2019-09-25 05:53:08,128 [9d1d05b8-38cb-4125-b062-f30309294cc2@group-4A4F178D2F0E:LeaderElection84] INFO  impl.RoleInfo (RoleInfo.java:updateAndGet(143)) - 9d1d05b8-38cb-4125-b062-f30309294cc2: start LeaderState
2019-09-25 05:53:08,129 [9d1d05b8-38cb-4125-b062-f30309294cc2@group-4A4F178D2F0E:LeaderElection84] INFO  segmented.SegmentedRaftLogWorker (SegmentedRaftLogWorker.java:startLogSegment(380)) - 9d1d05b8-38cb-4125-b062-f30309294cc2@group-4A4F178D2F0E-SegmentedRaftLogWorker: Starting segment from index:0
2019-09-25 05:53:08,129 [9d1d05b8-38cb-4125-b062-f30309294cc2@group-4A4F178D2F0E:LeaderElection84] INFO  impl.RaftServerImpl (ServerState.java:setRaftConf(354)) - 9d1d05b8-38cb-4125-b062-f30309294cc2@group-4A4F178D2F0E: set configuration 0: [9d1d05b8-38cb-4125-b062-f30309294cc2:192.168.5.161:44387], old=null at 0
2019-09-25 05:53:08,130 [Thread-1515] INFO  impl.FollowerState (FollowerState.java:run(106)) - 9d1d05b8-38cb-4125-b062-f30309294cc2:group-746239D33BF4 changes to CANDIDATE, lastRpcTime:5055, electionTimeout:5055ms
2019-09-25 05:53:08,130 [Thread-1515] INFO  impl.RoleInfo (RoleInfo.java:shutdownFollowerState(121)) - 9d1d05b8-38cb-4125-b062-f30309294cc2: shutdown FollowerState
2019-09-25 05:53:08,131 [Thread-1515] INFO  impl.RaftServerImpl (RaftServerImpl.java:setRole(174)) - 9d1d05b8-38cb-4125-b062-f30309294cc2@group-746239D33BF4: changes role from  FOLLOWER to CANDIDATE at term 0 for changeToCandidate
2019-09-25 05:53:08,131 [Thread-1515] INFO  impl.RoleInfo (RoleInfo.java:updateAndGet(143)) - 9d1d05b8-38cb-4125-b062-f30309294cc2: start LeaderElection
2019-09-25 05:53:08,181 [9d1d05b8-38cb-4125-b062-f30309294cc2@group-4A4F178D2F0E-SegmentedRaftLogWorker] INFO  segmented.SegmentedRaftLogWorker (SegmentedRaftLogWorker.java:execute(569)) - 9d1d05b8-38cb-4125-b062-f30309294cc2@group-4A4F178D2F0E-SegmentedRaftLogWorker: created new log segment /workdir/hadoop-ozone/ozonefs/target/test-dir/MiniOzoneClusterImpl-ec9cbae6-e51d-4388-8482-e19082e5b468/datanode-0/data/ratis/9bf4892c-d2c9-47a4-9e67-4a4f178d2f0e/current/log_inprogress_0
2019-09-25 05:53:08,181 [9d1d05b8-38cb-4125-b062-f30309294cc2@group-746239D33BF4:LeaderElection85] INFO  impl.LeaderElection (LeaderElection.java:askForVotes(182)) - 9d1d05b8-38cb-4125-b062-f30309294cc2@group-746239D33BF4:LeaderElection85: begin an election at term 1 for -1: [9d1d05b8-38cb-4125-b062-f30309294cc2:192.168.5.161:44387], old=null
2019-09-25 05:53:08,181 [9d1d05b8-38cb-4125-b062-f30309294cc2@group-746239D33BF4:LeaderElection85] INFO  impl.RoleInfo (RoleInfo.java:shutdownLeaderElection(134)) - 9d1d05b8-38cb-4125-b062-f30309294cc2: shutdown LeaderElection
2019-09-25 05:53:08,181 [9d1d05b8-38cb-4125-b062-f30309294cc2@group-746239D33BF4:LeaderElection85] INFO  impl.RaftServerImpl (RaftServerImpl.java:setRole(174)) - 9d1d05b8-38cb-4125-b062-f30309294cc2@group-746239D33BF4: changes role from CANDIDATE to LEADER at term 1 for changeToLeader
2019-09-25 05:53:08,182 [9d1d05b8-38cb-4125-b062-f30309294cc2@group-746239D33BF4:LeaderElection85] INFO  impl.RaftServerImpl (ServerState.java:setLeader(253)) - 9d1d05b8-38cb-4125-b062-f30309294cc2@group-746239D33BF4: change Leader from null to 9d1d05b8-38cb-4125-b062-f30309294cc2 at term 1 for becomeLeader, leader elected after 5111ms
2019-09-25 05:53:08,182 [9d1d05b8-38cb-4125-b062-f30309294cc2@group-746239D33BF4:LeaderElection85] INFO  server.RaftServerConfigKeys (ConfUtils.java:logGet(43)) - raft.server.staging.catchup.gap = 1000 (default)
2019-09-25 05:53:08,182 [9d1d05b8-38cb-4125-b062-f30309294cc2@group-746239D33BF4:LeaderElection85] INFO  server.RaftServerConfigKeys (ConfUtils.java:logGet(43)) - raft.server.rpc.sleep.time = 25ms (default)
2019-09-25 05:53:08,182 [9d1d05b8-38cb-4125-b062-f30309294cc2@group-746239D33BF4:LeaderElection85] INFO  server.RaftServerConfigKeys (ConfUtils.java:logGet(43)) - raft.server.write.element-limit = 4096 (default)
2019-09-25 05:53:08,182 [9d1d05b8-38cb-4125-b062-f30309294cc2@group-746239D33BF4:LeaderElection85] INFO  server.RaftServerConfigKeys (ConfUtils.java:logGet(43)) - raft.server.watch.timeout = 10s (default)
2019-09-25 05:53:08,182 [9d1d05b8-38cb-4125-b062-f30309294cc2@group-746239D33BF4:LeaderElection85] INFO  server.RaftServerConfigKeys (ConfUtils.java:logGet(43)) - raft.server.watch.timeout.denomination = 1s (default)
2019-09-25 05:53:08,183 [9d1d05b8-38cb-4125-b062-f30309294cc2@group-746239D33BF4:LeaderElection85] INFO  server.RaftServerConfigKeys (ConfUtils.java:logGet(43)) - raft.server.watch.element-limit = 65536 (default)
2019-09-25 05:53:08,184 [Thread-1524] INFO  impl.FollowerState (FollowerState.java:run(106)) - 72f1487d-ef6e-4360-9049-98595ab21d01:group-9C7F49333ACD changes to CANDIDATE, lastRpcTime:5001, electionTimeout:5001ms
2019-09-25 05:53:08,184 [Thread-1524] INFO  impl.RoleInfo (RoleInfo.java:shutdownFollowerState(121)) - 72f1487d-ef6e-4360-9049-98595ab21d01: shutdown FollowerState
2019-09-25 05:53:08,184 [Thread-1524] INFO  impl.RaftServerImpl (RaftServerImpl.java:setRole(174)) - 72f1487d-ef6e-4360-9049-98595ab21d01@group-9C7F49333ACD: changes role from  FOLLOWER to CANDIDATE at term 0 for changeToCandidate
2019-09-25 05:53:08,184 [Thread-1524] INFO  impl.RoleInfo (RoleInfo.java:updateAndGet(143)) - 72f1487d-ef6e-4360-9049-98595ab21d01: start LeaderElection
2019-09-25 05:53:08,185 [9d1d05b8-38cb-4125-b062-f30309294cc2@group-746239D33BF4:LeaderElection85] INFO  impl.RoleInfo (RoleInfo.java:updateAndGet(143)) - 9d1d05b8-38cb-4125-b062-f30309294cc2: start LeaderState
2019-09-25 05:53:08,185 [9d1d05b8-38cb-4125-b062-f30309294cc2@group-746239D33BF4:LeaderElection85] INFO  segmented.SegmentedRaftLogWorker (SegmentedRaftLogWorker.java:startLogSegment(380)) - 9d1d05b8-38cb-4125-b062-f30309294cc2@group-746239D33BF4-SegmentedRaftLogWorker: Starting segment from index:0
2019-09-25 05:53:08,188 [9d1d05b8-38cb-4125-b062-f30309294cc2@group-746239D33BF4:LeaderElection85] INFO  impl.RaftServerImpl (ServerState.java:setRaftConf(354)) - 9d1d05b8-38cb-4125-b062-f30309294cc2@group-746239D33BF4: set configuration 0: [9d1d05b8-38cb-4125-b062-f30309294cc2:192.168.5.161:44387], old=null at 0
2019-09-25 05:53:08,194 [Thread-1509] INFO  impl.FollowerState (FollowerState.java:run(106)) - 9d1d05b8-38cb-4125-b062-f30309294cc2:group-00417CBC0928 changes to CANDIDATE, lastRpcTime:5172, electionTimeout:5172ms
2019-09-25 05:53:08,194 [Thread-1509] INFO  impl.RoleInfo (RoleInfo.java:shutdownFollowerState(121)) - 9d1d05b8-38cb-4125-b062-f30309294cc2: shutdown FollowerState
2019-09-25 05:53:08,194 [Thread-1509] INFO  impl.RaftServerImpl (RaftServerImpl.java:setRole(174)) - 9d1d05b8-38cb-4125-b062-f30309294cc2@group-00417CBC0928: changes role from  FOLLOWER to CANDIDATE at term 0 for changeToCandidate
2019-09-25 05:53:08,194 [Thread-1509] INFO  impl.RoleInfo (RoleInfo.java:updateAndGet(143)) - 9d1d05b8-38cb-4125-b062-f30309294cc2: start LeaderElection
2019-09-25 05:53:08,228 [Thread-1512] INFO  impl.FollowerState (FollowerState.java:run(106)) - 72f1487d-ef6e-4360-9049-98595ab21d01:group-B452D1C196AA changes to CANDIDATE, lastRpcTime:5176, electionTimeout:5176ms
2019-09-25 05:53:08,228 [72f1487d-ef6e-4360-9049-98595ab21d01@group-9C7F49333ACD:LeaderElection86] INFO  impl.LeaderElection (LeaderElection.java:askForVotes(182)) - 72f1487d-ef6e-4360-9049-98595ab21d01@group-9C7F49333ACD:LeaderElection86: begin an election at term 1 for -1: [72f1487d-ef6e-4360-9049-98595ab21d01:192.168.5.161:46703], old=null
2019-09-25 05:53:08,228 [Thread-1512] INFO  impl.RoleInfo (RoleInfo.java:shutdownFollowerState(121)) - 72f1487d-ef6e-4360-9049-98595ab21d01: shutdown FollowerState
2019-09-25 05:53:08,228 [72f1487d-ef6e-4360-9049-98595ab21d01@group-9C7F49333ACD:LeaderElection86] INFO  impl.RoleInfo (RoleInfo.java:shutdownLeaderElection(134)) - 72f1487d-ef6e-4360-9049-98595ab21d01: shutdown LeaderElection
2019-09-25 05:53:08,228 [Thread-1512] INFO  impl.RaftServerImpl (RaftServerImpl.java:setRole(174)) - 72f1487d-ef6e-4360-9049-98595ab21d01@group-B452D1C196AA: changes role from  FOLLOWER to CANDIDATE at term 0 for changeToCandidate
2019-09-25 05:53:08,228 [72f1487d-ef6e-4360-9049-98595ab21d01@group-9C7F49333ACD:LeaderElection86] INFO  impl.RaftServerImpl (RaftServerImpl.java:setRole(174)) - 72f1487d-ef6e-4360-9049-98595ab21d01@group-9C7F49333ACD: changes role from CANDIDATE to LEADER at term 1 for changeToLeader
2019-09-25 05:53:08,229 [Thread-1512] INFO  impl.RoleInfo (RoleInfo.java:updateAndGet(143)) - 72f1487d-ef6e-4360-9049-98595ab21d01: start LeaderElection
2019-09-25 05:53:08,229 [72f1487d-ef6e-4360-9049-98595ab21d01@group-9C7F49333ACD:LeaderElection86] INFO  impl.RaftServerImpl (ServerState.java:setLeader(253)) - 72f1487d-ef6e-4360-9049-98595ab21d01@group-9C7F49333ACD: change Leader from null to 72f1487d-ef6e-4360-9049-98595ab21d01 at term 1 for becomeLeader, leader elected after 5054ms
2019-09-25 05:53:08,229 [72f1487d-ef6e-4360-9049-98595ab21d01@group-9C7F49333ACD:LeaderElection86] INFO  server.RaftServerConfigKeys (ConfUtils.java:logGet(43)) - raft.server.staging.catchup.gap = 1000 (default)
2019-09-25 05:53:08,231 [72f1487d-ef6e-4360-9049-98595ab21d01@group-9C7F49333ACD:LeaderElection86] INFO  server.RaftServerConfigKeys (ConfUtils.java:logGet(43)) - raft.server.rpc.sleep.time = 25ms (default)
2019-09-25 05:53:08,231 [72f1487d-ef6e-4360-9049-98595ab21d01@group-9C7F49333ACD:LeaderElection86] INFO  server.RaftServerConfigKeys (ConfUtils.java:logGet(43)) - raft.server.write.element-limit = 4096 (default)
2019-09-25 05:53:08,231 [72f1487d-ef6e-4360-9049-98595ab21d01@group-9C7F49333ACD:LeaderElection86] INFO  server.RaftServerConfigKeys (ConfUtils.java:logGet(43)) - raft.server.watch.timeout = 10s (default)
2019-09-25 05:53:08,231 [72f1487d-ef6e-4360-9049-98595ab21d01@group-9C7F49333ACD:LeaderElection86] INFO  server.RaftServerConfigKeys (ConfUtils.java:logGet(43)) - raft.server.watch.timeout.denomination = 1s (default)
2019-09-25 05:53:08,232 [72f1487d-ef6e-4360-9049-98595ab21d01@group-9C7F49333ACD:LeaderElection86] INFO  server.RaftServerConfigKeys (ConfUtils.java:logGet(43)) - raft.server.watch.element-limit = 65536 (default)
2019-09-25 05:53:08,234 [72f1487d-ef6e-4360-9049-98595ab21d01@group-9C7F49333ACD:LeaderElection86] INFO  impl.RoleInfo (RoleInfo.java:updateAndGet(143)) - 72f1487d-ef6e-4360-9049-98595ab21d01: start LeaderState
2019-09-25 05:53:08,234 [72f1487d-ef6e-4360-9049-98595ab21d01@group-9C7F49333ACD:LeaderElection86] INFO  segmented.SegmentedRaftLogWorker (SegmentedRaftLogWorker.java:startLogSegment(380)) - 72f1487d-ef6e-4360-9049-98595ab21d01@group-9C7F49333ACD-SegmentedRaftLogWorker: Starting segment from index:0
2019-09-25 05:53:08,235 [72f1487d-ef6e-4360-9049-98595ab21d01@group-9C7F49333ACD:LeaderElection86] INFO  impl.RaftServerImpl (ServerState.java:setRaftConf(354)) - 72f1487d-ef6e-4360-9049-98595ab21d01@group-9C7F49333ACD: set configuration 0: [72f1487d-ef6e-4360-9049-98595ab21d01:192.168.5.161:46703], old=null at 0
2019-09-25 05:53:08,240 [9d1d05b8-38cb-4125-b062-f30309294cc2@group-746239D33BF4-SegmentedRaftLogWorker] INFO  segmented.SegmentedRaftLogWorker (SegmentedRaftLogWorker.java:execute(569)) - 9d1d05b8-38cb-4125-b062-f30309294cc2@group-746239D33BF4-SegmentedRaftLogWorker: created new log segment /workdir/hadoop-ozone/ozonefs/target/test-dir/MiniOzoneClusterImpl-ec9cbae6-e51d-4388-8482-e19082e5b468/datanode-0/data/ratis/a2d524ed-c985-4b94-98ce-746239d33bf4/current/log_inprogress_0
2019-09-25 05:53:08,240 [72f1487d-ef6e-4360-9049-98595ab21d01@group-B452D1C196AA:LeaderElection88] INFO  impl.LeaderElection (LeaderElection.java:askForVotes(182)) - 72f1487d-ef6e-4360-9049-98595ab21d01@group-B452D1C196AA:LeaderElection88: begin an election at term 1 for -1: [72f1487d-ef6e-4360-9049-98595ab21d01:192.168.5.161:46703], old=null
2019-09-25 05:53:08,240 [9d1d05b8-38cb-4125-b062-f30309294cc2@group-00417CBC0928:LeaderElection87] INFO  impl.LeaderElection (LeaderElection.java:askForVotes(182)) - 9d1d05b8-38cb-4125-b062-f30309294cc2@group-00417CBC0928:LeaderElection87: begin an election at term 1 for -1: [9d1d05b8-38cb-4125-b062-f30309294cc2:192.168.5.161:44387], old=null
2019-09-25 05:53:08,240 [72f1487d-ef6e-4360-9049-98595ab21d01@group-B452D1C196AA:LeaderElection88] INFO  impl.RoleInfo (RoleInfo.java:shutdownLeaderElection(134)) - 72f1487d-ef6e-4360-9049-98595ab21d01: shutdown LeaderElection
2019-09-25 05:53:08,241 [9d1d05b8-38cb-4125-b062-f30309294cc2@group-00417CBC0928:LeaderElection87] INFO  impl.RoleInfo (RoleInfo.java:shutdownLeaderElection(134)) - 9d1d05b8-38cb-4125-b062-f30309294cc2: shutdown LeaderElection
2019-09-25 05:53:08,241 [72f1487d-ef6e-4360-9049-98595ab21d01@group-B452D1C196AA:LeaderElection88] INFO  impl.RaftServerImpl (RaftServerImpl.java:setRole(174)) - 72f1487d-ef6e-4360-9049-98595ab21d01@group-B452D1C196AA: changes role from CANDIDATE to LEADER at term 1 for changeToLeader
2019-09-25 05:53:08,241 [9d1d05b8-38cb-4125-b062-f30309294cc2@group-00417CBC0928:LeaderElection87] INFO  impl.RaftServerImpl (RaftServerImpl.java:setRole(174)) - 9d1d05b8-38cb-4125-b062-f30309294cc2@group-00417CBC0928: changes role from CANDIDATE to LEADER at term 1 for changeToLeader
2019-09-25 05:53:08,241 [72f1487d-ef6e-4360-9049-98595ab21d01@group-B452D1C196AA:LeaderElection88] INFO  impl.RaftServerImpl (ServerState.java:setLeader(253)) - 72f1487d-ef6e-4360-9049-98595ab21d01@group-B452D1C196AA: change Leader from null to 72f1487d-ef6e-4360-9049-98595ab21d01 at term 1 for becomeLeader, leader elected after 5197ms
2019-09-25 05:53:08,241 [9d1d05b8-38cb-4125-b062-f30309294cc2@group-00417CBC0928:LeaderElection87] INFO  impl.RaftServerImpl (ServerState.java:setLeader(253)) - 9d1d05b8-38cb-4125-b062-f30309294cc2@group-00417CBC0928: change Leader from null to 9d1d05b8-38cb-4125-b062-f30309294cc2 at term 1 for becomeLeader, leader elected after 5226ms
2019-09-25 05:53:08,241 [72f1487d-ef6e-4360-9049-98595ab21d01@group-B452D1C196AA:LeaderElection88] INFO  server.RaftServerConfigKeys (ConfUtils.java:logGet(43)) - raft.server.staging.catchup.gap = 1000 (default)
2019-09-25 05:53:08,241 [9d1d05b8-38cb-4125-b062-f30309294cc2@group-00417CBC0928:LeaderElection87] INFO  server.RaftServerConfigKeys (ConfUtils.java:logGet(43)) - raft.server.staging.catchup.gap = 1000 (default)
2019-09-25 05:53:08,241 [72f1487d-ef6e-4360-9049-98595ab21d01@group-B452D1C196AA:LeaderElection88] INFO  server.RaftServerConfigKeys (ConfUtils.java:logGet(43)) - raft.server.rpc.sleep.time = 25ms (default)
2019-09-25 05:53:08,242 [9d1d05b8-38cb-4125-b062-f30309294cc2@group-00417CBC0928:LeaderElection87] INFO  server.RaftServerConfigKeys (ConfUtils.java:logGet(43)) - raft.server.rpc.sleep.time = 25ms (default)
2019-09-25 05:53:08,242 [72f1487d-ef6e-4360-9049-98595ab21d01@group-B452D1C196AA:LeaderElection88] INFO  server.RaftServerConfigKeys (ConfUtils.java:logGet(43)) - raft.server.write.element-limit = 4096 (default)
2019-09-25 05:53:08,242 [9d1d05b8-38cb-4125-b062-f30309294cc2@group-00417CBC0928:LeaderElection87] INFO  server.RaftServerConfigKeys (ConfUtils.java:logGet(43)) - raft.server.write.element-limit = 4096 (default)
2019-09-25 05:53:08,242 [72f1487d-ef6e-4360-9049-98595ab21d01@group-B452D1C196AA:LeaderElection88] INFO  server.RaftServerConfigKeys (ConfUtils.java:logGet(43)) - raft.server.watch.timeout = 10s (default)
2019-09-25 05:53:08,242 [9d1d05b8-38cb-4125-b062-f30309294cc2@group-00417CBC0928:LeaderElection87] INFO  server.RaftServerConfigKeys (ConfUtils.java:logGet(43)) - raft.server.watch.timeout = 10s (default)
2019-09-25 05:53:08,242 [72f1487d-ef6e-4360-9049-98595ab21d01@group-B452D1C196AA:LeaderElection88] INFO  server.RaftServerConfigKeys (ConfUtils.java:logGet(43)) - raft.server.watch.timeout.denomination = 1s (default)
2019-09-25 05:53:08,242 [9d1d05b8-38cb-4125-b062-f30309294cc2@group-00417CBC0928:LeaderElection87] INFO  server.RaftServerConfigKeys (ConfUtils.java:logGet(43)) - raft.server.watch.timeout.denomination = 1s (default)
2019-09-25 05:53:08,242 [72f1487d-ef6e-4360-9049-98595ab21d01@group-B452D1C196AA:LeaderElection88] INFO  server.RaftServerConfigKeys (ConfUtils.java:logGet(43)) - raft.server.watch.element-limit = 65536 (default)
2019-09-25 05:53:08,243 [9d1d05b8-38cb-4125-b062-f30309294cc2@group-00417CBC0928:LeaderElection87] INFO  server.RaftServerConfigKeys (ConfUtils.java:logGet(43)) - raft.server.watch.element-limit = 65536 (default)
2019-09-25 05:53:08,245 [72f1487d-ef6e-4360-9049-98595ab21d01@group-B452D1C196AA:LeaderElection88] INFO  impl.RoleInfo (RoleInfo.java:updateAndGet(143)) - 72f1487d-ef6e-4360-9049-98595ab21d01: start LeaderState
2019-09-25 05:53:08,246 [72f1487d-ef6e-4360-9049-98595ab21d01@group-B452D1C196AA:LeaderElection88] INFO  segmented.SegmentedRaftLogWorker (SegmentedRaftLogWorker.java:startLogSegment(380)) - 72f1487d-ef6e-4360-9049-98595ab21d01@group-B452D1C196AA-SegmentedRaftLogWorker: Starting segment from index:0
2019-09-25 05:53:08,246 [9d1d05b8-38cb-4125-b062-f30309294cc2@group-00417CBC0928:LeaderElection87] INFO  impl.RoleInfo (RoleInfo.java:updateAndGet(143)) - 9d1d05b8-38cb-4125-b062-f30309294cc2: start LeaderState
2019-09-25 05:53:08,246 [9d1d05b8-38cb-4125-b062-f30309294cc2@group-00417CBC0928:LeaderElection87] INFO  segmented.SegmentedRaftLogWorker (SegmentedRaftLogWorker.java:startLogSegment(380)) - 9d1d05b8-38cb-4125-b062-f30309294cc2@group-00417CBC0928-SegmentedRaftLogWorker: Starting segment from index:0
2019-09-25 05:53:08,246 [72f1487d-ef6e-4360-9049-98595ab21d01@group-B452D1C196AA:LeaderElection88] INFO  impl.RaftServerImpl (ServerState.java:setRaftConf(354)) - 72f1487d-ef6e-4360-9049-98595ab21d01@group-B452D1C196AA: set configuration 0: [72f1487d-ef6e-4360-9049-98595ab21d01:192.168.5.161:46703], old=null at 0
2019-09-25 05:53:08,247 [9d1d05b8-38cb-4125-b062-f30309294cc2@group-00417CBC0928:LeaderElection87] INFO  impl.RaftServerImpl (ServerState.java:setRaftConf(354)) - 9d1d05b8-38cb-4125-b062-f30309294cc2@group-00417CBC0928: set configuration 0: [9d1d05b8-38cb-4125-b062-f30309294cc2:192.168.5.161:44387], old=null at 0
2019-09-25 05:53:08,276 [Thread-1530] INFO  impl.FollowerState (FollowerState.java:run(106)) - 72f1487d-ef6e-4360-9049-98595ab21d01:group-2B3A51926729 changes to CANDIDATE, lastRpcTime:5015, electionTimeout:5015ms
2019-09-25 05:53:08,276 [Thread-1530] INFO  impl.RoleInfo (RoleInfo.java:shutdownFollowerState(121)) - 72f1487d-ef6e-4360-9049-98595ab21d01: shutdown FollowerState
2019-09-25 05:53:08,276 [Thread-1530] INFO  impl.RaftServerImpl (RaftServerImpl.java:setRole(174)) - 72f1487d-ef6e-4360-9049-98595ab21d01@group-2B3A51926729: changes role from  FOLLOWER to CANDIDATE at term 0 for changeToCandidate
2019-09-25 05:53:08,276 [Thread-1530] INFO  impl.RoleInfo (RoleInfo.java:updateAndGet(143)) - 72f1487d-ef6e-4360-9049-98595ab21d01: start LeaderElection
2019-09-25 05:53:08,290 [72f1487d-ef6e-4360-9049-98595ab21d01@group-9C7F49333ACD-SegmentedRaftLogWorker] INFO  segmented.SegmentedRaftLogWorker (SegmentedRaftLogWorker.java:execute(569)) - 72f1487d-ef6e-4360-9049-98595ab21d01@group-9C7F49333ACD-SegmentedRaftLogWorker: created new log segment /workdir/hadoop-ozone/ozonefs/target/test-dir/MiniOzoneClusterImpl-ec9cbae6-e51d-4388-8482-e19082e5b468/datanode-1/data/ratis/1a457099-cba6-4cab-be21-9c7f49333acd/current/log_inprogress_0
2019-09-25 05:53:08,293 [Thread-1521] INFO  impl.FollowerState (FollowerState.java:run(106)) - 9d1d05b8-38cb-4125-b062-f30309294cc2:group-8A564E022379 changes to CANDIDATE, lastRpcTime:5157, electionTimeout:5157ms
2019-09-25 05:53:08,294 [Thread-1521] INFO  impl.RoleInfo (RoleInfo.java:shutdownFollowerState(121)) - 9d1d05b8-38cb-4125-b062-f30309294cc2: shutdown FollowerState
2019-09-25 05:53:08,294 [Thread-1521] INFO  impl.RaftServerImpl (RaftServerImpl.java:setRole(174)) - 9d1d05b8-38cb-4125-b062-f30309294cc2@group-8A564E022379: changes role from  FOLLOWER to CANDIDATE at term 0 for changeToCandidate
2019-09-25 05:53:08,294 [Thread-1521] INFO  impl.RoleInfo (RoleInfo.java:updateAndGet(143)) - 9d1d05b8-38cb-4125-b062-f30309294cc2: start LeaderElection
2019-09-25 05:53:08,296 [Thread-1518] INFO  impl.FollowerState (FollowerState.java:run(106)) - 506f61c1-59c8-4ed5-a20b-d3f8124679c3:group-6B96264B2A90 changes to CANDIDATE, lastRpcTime:5192, electionTimeout:5192ms
2019-09-25 05:53:08,296 [Thread-1518] INFO  impl.RoleInfo (RoleInfo.java:shutdownFollowerState(121)) - 506f61c1-59c8-4ed5-a20b-d3f8124679c3: shutdown FollowerState
2019-09-25 05:53:08,296 [Thread-1518] INFO  impl.RaftServerImpl (RaftServerImpl.java:setRole(174)) - 506f61c1-59c8-4ed5-a20b-d3f8124679c3@group-6B96264B2A90: changes role from  FOLLOWER to CANDIDATE at term 0 for changeToCandidate
2019-09-25 05:53:08,297 [Thread-1518] INFO  impl.RoleInfo (RoleInfo.java:updateAndGet(143)) - 506f61c1-59c8-4ed5-a20b-d3f8124679c3: start LeaderElection
2019-09-25 05:53:08,314 [9d1d05b8-38cb-4125-b062-f30309294cc2@group-00417CBC0928-SegmentedRaftLogWorker] INFO  segmented.SegmentedRaftLogWorker (SegmentedRaftLogWorker.java:execute(569)) - 9d1d05b8-38cb-4125-b062-f30309294cc2@group-00417CBC0928-SegmentedRaftLogWorker: created new log segment /workdir/hadoop-ozone/ozonefs/target/test-dir/MiniOzoneClusterImpl-ec9cbae6-e51d-4388-8482-e19082e5b468/datanode-0/data/ratis/d57d7c02-7425-4e34-9bea-00417cbc0928/current/log_inprogress_0
2019-09-25 05:53:08,315 [72f1487d-ef6e-4360-9049-98595ab21d01@group-B452D1C196AA-SegmentedRaftLogWorker] INFO  segmented.SegmentedRaftLogWorker (SegmentedRaftLogWorker.java:execute(569)) - 72f1487d-ef6e-4360-9049-98595ab21d01@group-B452D1C196AA-SegmentedRaftLogWorker: created new log segment /workdir/hadoop-ozone/ozonefs/target/test-dir/MiniOzoneClusterImpl-ec9cbae6-e51d-4388-8482-e19082e5b468/datanode-1/data/ratis/7ad6baec-727d-4185-b605-b452d1c196aa/current/log_inprogress_0
2019-09-25 05:53:08,315 [506f61c1-59c8-4ed5-a20b-d3f8124679c3@group-6B96264B2A90:LeaderElection91] INFO  impl.LeaderElection (LeaderElection.java:askForVotes(182)) - 506f61c1-59c8-4ed5-a20b-d3f8124679c3@group-6B96264B2A90:LeaderElection91: begin an election at term 1 for -1: [506f61c1-59c8-4ed5-a20b-d3f8124679c3:192.168.5.161:40958], old=null
2019-09-25 05:53:08,315 [9d1d05b8-38cb-4125-b062-f30309294cc2@group-8A564E022379:LeaderElection90] INFO  impl.LeaderElection (LeaderElection.java:askForVotes(182)) - 9d1d05b8-38cb-4125-b062-f30309294cc2@group-8A564E022379:LeaderElection90: begin an election at term 1 for -1: [9d1d05b8-38cb-4125-b062-f30309294cc2:192.168.5.161:44387], old=null
2019-09-25 05:53:08,315 [72f1487d-ef6e-4360-9049-98595ab21d01@group-2B3A51926729:LeaderElection89] INFO  impl.LeaderElection (LeaderElection.java:askForVotes(182)) - 72f1487d-ef6e-4360-9049-98595ab21d01@group-2B3A51926729:LeaderElection89: begin an election at term 1 for -1: [72f1487d-ef6e-4360-9049-98595ab21d01:192.168.5.161:46703], old=null
2019-09-25 05:53:08,315 [9d1d05b8-38cb-4125-b062-f30309294cc2@group-8A564E022379:LeaderElection90] INFO  impl.RoleInfo (RoleInfo.java:shutdownLeaderElection(134)) - 9d1d05b8-38cb-4125-b062-f30309294cc2: shutdown LeaderElection
2019-09-25 05:53:08,315 [506f61c1-59c8-4ed5-a20b-d3f8124679c3@group-6B96264B2A90:LeaderElection91] INFO  impl.RoleInfo (RoleInfo.java:shutdownLeaderElection(134)) - 506f61c1-59c8-4ed5-a20b-d3f8124679c3: shutdown LeaderElection
2019-09-25 05:53:08,315 [9d1d05b8-38cb-4125-b062-f30309294cc2@group-8A564E022379:LeaderElection90] INFO  impl.RaftServerImpl (RaftServerImpl.java:setRole(174)) - 9d1d05b8-38cb-4125-b062-f30309294cc2@group-8A564E022379: changes role from CANDIDATE to LEADER at term 1 for changeToLeader
2019-09-25 05:53:08,315 [72f1487d-ef6e-4360-9049-98595ab21d01@group-2B3A51926729:LeaderElection89] INFO  impl.RoleInfo (RoleInfo.java:shutdownLeaderElection(134)) - 72f1487d-ef6e-4360-9049-98595ab21d01: shutdown LeaderElection
2019-09-25 05:53:08,316 [9d1d05b8-38cb-4125-b062-f30309294cc2@group-8A564E022379:LeaderElection90] INFO  impl.RaftServerImpl (ServerState.java:setLeader(253)) - 9d1d05b8-38cb-4125-b062-f30309294cc2@group-8A564E022379: change Leader from null to 9d1d05b8-38cb-4125-b062-f30309294cc2 at term 1 for becomeLeader, leader elected after 5184ms
2019-09-25 05:53:08,316 [506f61c1-59c8-4ed5-a20b-d3f8124679c3@group-6B96264B2A90:LeaderElection91] INFO  impl.RaftServerImpl (RaftServerImpl.java:setRole(174)) - 506f61c1-59c8-4ed5-a20b-d3f8124679c3@group-6B96264B2A90: changes role from CANDIDATE to LEADER at term 1 for changeToLeader
2019-09-25 05:53:08,316 [9d1d05b8-38cb-4125-b062-f30309294cc2@group-8A564E022379:LeaderElection90] INFO  server.RaftServerConfigKeys (ConfUtils.java:logGet(43)) - raft.server.staging.catchup.gap = 1000 (default)
2019-09-25 05:53:08,316 [72f1487d-ef6e-4360-9049-98595ab21d01@group-2B3A51926729:LeaderElection89] INFO  impl.RaftServerImpl (RaftServerImpl.java:setRole(174)) - 72f1487d-ef6e-4360-9049-98595ab21d01@group-2B3A51926729: changes role from CANDIDATE to LEADER at term 1 for changeToLeader
2019-09-25 05:53:08,316 [9d1d05b8-38cb-4125-b062-f30309294cc2@group-8A564E022379:LeaderElection90] INFO  server.RaftServerConfigKeys (ConfUtils.java:logGet(43)) - raft.server.rpc.sleep.time = 25ms (default)
2019-09-25 05:53:08,316 [506f61c1-59c8-4ed5-a20b-d3f8124679c3@group-6B96264B2A90:LeaderElection91] INFO  impl.RaftServerImpl (ServerState.java:setLeader(253)) - 506f61c1-59c8-4ed5-a20b-d3f8124679c3@group-6B96264B2A90: change Leader from null to 506f61c1-59c8-4ed5-a20b-d3f8124679c3 at term 1 for becomeLeader, leader elected after 5218ms
2019-09-25 05:53:08,317 [9d1d05b8-38cb-4125-b062-f30309294cc2@group-8A564E022379:LeaderElection90] INFO  server.RaftServerConfigKeys (ConfUtils.java:logGet(43)) - raft.server.write.element-limit = 4096 (default)
2019-09-25 05:53:08,316 [72f1487d-ef6e-4360-9049-98595ab21d01@group-2B3A51926729:LeaderElection89] INFO  impl.RaftServerImpl (ServerState.java:setLeader(253)) - 72f1487d-ef6e-4360-9049-98595ab21d01@group-2B3A51926729: change Leader from null to 72f1487d-ef6e-4360-9049-98595ab21d01 at term 1 for becomeLeader, leader elected after 5060ms
2019-09-25 05:53:08,317 [9d1d05b8-38cb-4125-b062-f30309294cc2@group-8A564E022379:LeaderElection90] INFO  server.RaftServerConfigKeys (ConfUtils.java:logGet(43)) - raft.server.watch.timeout = 10s (default)
2019-09-25 05:53:08,317 [506f61c1-59c8-4ed5-a20b-d3f8124679c3@group-6B96264B2A90:LeaderElection91] INFO  server.RaftServerConfigKeys (ConfUtils.java:logGet(43)) - raft.server.staging.catchup.gap = 1000 (default)
2019-09-25 05:53:08,317 [9d1d05b8-38cb-4125-b062-f30309294cc2@group-8A564E022379:LeaderElection90] INFO  server.RaftServerConfigKeys (ConfUtils.java:logGet(43)) - raft.server.watch.timeout.denomination = 1s (default)
2019-09-25 05:53:08,317 [72f1487d-ef6e-4360-9049-98595ab21d01@group-2B3A51926729:LeaderElection89] INFO  server.RaftServerConfigKeys (ConfUtils.java:logGet(43)) - raft.server.staging.catchup.gap = 1000 (default)
2019-09-25 05:53:08,318 [9d1d05b8-38cb-4125-b062-f30309294cc2@group-8A564E022379:LeaderElection90] INFO  server.RaftServerConfigKeys (ConfUtils.java:logGet(43)) - raft.server.watch.element-limit = 65536 (default)
2019-09-25 05:53:08,317 [506f61c1-59c8-4ed5-a20b-d3f8124679c3@group-6B96264B2A90:LeaderElection91] INFO  server.RaftServerConfigKeys (ConfUtils.java:logGet(43)) - raft.server.rpc.sleep.time = 25ms (default)
2019-09-25 05:53:08,318 [72f1487d-ef6e-4360-9049-98595ab21d01@group-2B3A51926729:LeaderElection89] INFO  server.RaftServerConfigKeys (ConfUtils.java:logGet(43)) - raft.server.rpc.sleep.time = 25ms (default)
2019-09-25 05:53:08,318 [506f61c1-59c8-4ed5-a20b-d3f8124679c3@group-6B96264B2A90:LeaderElection91] INFO  server.RaftServerConfigKeys (ConfUtils.java:logGet(43)) - raft.server.write.element-limit = 4096 (default)
2019-09-25 05:53:08,318 [72f1487d-ef6e-4360-9049-98595ab21d01@group-2B3A51926729:LeaderElection89] INFO  server.RaftServerConfigKeys (ConfUtils.java:logGet(43)) - raft.server.write.element-limit = 4096 (default)
2019-09-25 05:53:08,318 [506f61c1-59c8-4ed5-a20b-d3f8124679c3@group-6B96264B2A90:LeaderElection91] INFO  server.RaftServerConfigKeys (ConfUtils.java:logGet(43)) - raft.server.watch.timeout = 10s (default)
2019-09-25 05:53:08,318 [72f1487d-ef6e-4360-9049-98595ab21d01@group-2B3A51926729:LeaderElection89] INFO  server.RaftServerConfigKeys (ConfUtils.java:logGet(43)) - raft.server.watch.timeout = 10s (default)
2019-09-25 05:53:08,319 [506f61c1-59c8-4ed5-a20b-d3f8124679c3@group-6B96264B2A90:LeaderElection91] INFO  server.RaftServerConfigKeys (ConfUtils.java:logGet(43)) - raft.server.watch.timeout.denomination = 1s (default)
2019-09-25 05:53:08,319 [72f1487d-ef6e-4360-9049-98595ab21d01@group-2B3A51926729:LeaderElection89] INFO  server.RaftServerConfigKeys (ConfUtils.java:logGet(43)) - raft.server.watch.timeout.denomination = 1s (default)
2019-09-25 05:53:08,319 [506f61c1-59c8-4ed5-a20b-d3f8124679c3@group-6B96264B2A90:LeaderElection91] INFO  server.RaftServerConfigKeys (ConfUtils.java:logGet(43)) - raft.server.watch.element-limit = 65536 (default)
2019-09-25 05:53:08,319 [72f1487d-ef6e-4360-9049-98595ab21d01@group-2B3A51926729:LeaderElection89] INFO  server.RaftServerConfigKeys (ConfUtils.java:logGet(43)) - raft.server.watch.element-limit = 65536 (default)
2019-09-25 05:53:08,320 [9d1d05b8-38cb-4125-b062-f30309294cc2@group-8A564E022379:LeaderElection90] INFO  impl.RoleInfo (RoleInfo.java:updateAndGet(143)) - 9d1d05b8-38cb-4125-b062-f30309294cc2: start LeaderState
2019-09-25 05:53:08,321 [9d1d05b8-38cb-4125-b062-f30309294cc2@group-8A564E022379:LeaderElection90] INFO  segmented.SegmentedRaftLogWorker (SegmentedRaftLogWorker.java:startLogSegment(380)) - 9d1d05b8-38cb-4125-b062-f30309294cc2@group-8A564E022379-SegmentedRaftLogWorker: Starting segment from index:0
2019-09-25 05:53:08,322 [9d1d05b8-38cb-4125-b062-f30309294cc2@group-8A564E022379:LeaderElection90] INFO  impl.RaftServerImpl (ServerState.java:setRaftConf(354)) - 9d1d05b8-38cb-4125-b062-f30309294cc2@group-8A564E022379: set configuration 0: [9d1d05b8-38cb-4125-b062-f30309294cc2:192.168.5.161:44387], old=null at 0
2019-09-25 05:53:08,323 [506f61c1-59c8-4ed5-a20b-d3f8124679c3@group-6B96264B2A90:LeaderElection91] INFO  impl.RoleInfo (RoleInfo.java:updateAndGet(143)) - 506f61c1-59c8-4ed5-a20b-d3f8124679c3: start LeaderState
2019-09-25 05:53:08,323 [72f1487d-ef6e-4360-9049-98595ab21d01@group-2B3A51926729:LeaderElection89] INFO  impl.RoleInfo (RoleInfo.java:updateAndGet(143)) - 72f1487d-ef6e-4360-9049-98595ab21d01: start LeaderState
2019-09-25 05:53:08,323 [506f61c1-59c8-4ed5-a20b-d3f8124679c3@group-6B96264B2A90:LeaderElection91] INFO  segmented.SegmentedRaftLogWorker (SegmentedRaftLogWorker.java:startLogSegment(380)) - 506f61c1-59c8-4ed5-a20b-d3f8124679c3@group-6B96264B2A90-SegmentedRaftLogWorker: Starting segment from index:0
2019-09-25 05:53:08,323 [72f1487d-ef6e-4360-9049-98595ab21d01@group-2B3A51926729:LeaderElection89] INFO  segmented.SegmentedRaftLogWorker (SegmentedRaftLogWorker.java:startLogSegment(380)) - 72f1487d-ef6e-4360-9049-98595ab21d01@group-2B3A51926729-SegmentedRaftLogWorker: Starting segment from index:0
2019-09-25 05:53:08,324 [506f61c1-59c8-4ed5-a20b-d3f8124679c3@group-6B96264B2A90:LeaderElection91] INFO  impl.RaftServerImpl (ServerState.java:setRaftConf(354)) - 506f61c1-59c8-4ed5-a20b-d3f8124679c3@group-6B96264B2A90: set configuration 0: [506f61c1-59c8-4ed5-a20b-d3f8124679c3:192.168.5.161:40958], old=null at 0
2019-09-25 05:53:08,324 [72f1487d-ef6e-4360-9049-98595ab21d01@group-2B3A51926729:LeaderElection89] INFO  impl.RaftServerImpl (ServerState.java:setRaftConf(354)) - 72f1487d-ef6e-4360-9049-98595ab21d01@group-2B3A51926729: set configuration 0: [72f1487d-ef6e-4360-9049-98595ab21d01:192.168.5.161:46703], old=null at 0
2019-09-25 05:53:08,327 [Thread-1533] INFO  impl.FollowerState (FollowerState.java:run(106)) - 72f1487d-ef6e-4360-9049-98595ab21d01:group-9EDEB544A8CB changes to CANDIDATE, lastRpcTime:5045, electionTimeout:5045ms
2019-09-25 05:53:08,327 [Thread-1533] INFO  impl.RoleInfo (RoleInfo.java:shutdownFollowerState(121)) - 72f1487d-ef6e-4360-9049-98595ab21d01: shutdown FollowerState
2019-09-25 05:53:08,327 [Thread-1533] INFO  impl.RaftServerImpl (RaftServerImpl.java:setRole(174)) - 72f1487d-ef6e-4360-9049-98595ab21d01@group-9EDEB544A8CB: changes role from  FOLLOWER to CANDIDATE at term 0 for changeToCandidate
2019-09-25 05:53:08,327 [Thread-1533] INFO  impl.RoleInfo (RoleInfo.java:updateAndGet(143)) - 72f1487d-ef6e-4360-9049-98595ab21d01: start LeaderElection
2019-09-25 05:53:08,365 [Thread-1542] INFO  impl.FollowerState (FollowerState.java:run(106)) - 506f61c1-59c8-4ed5-a20b-d3f8124679c3:group-809F53149C72 changes to CANDIDATE, lastRpcTime:5010, electionTimeout:5010ms
2019-09-25 05:53:08,365 [Thread-1542] INFO  impl.RoleInfo (RoleInfo.java:shutdownFollowerState(121)) - 506f61c1-59c8-4ed5-a20b-d3f8124679c3: shutdown FollowerState
2019-09-25 05:53:08,365 [Thread-1542] INFO  impl.RaftServerImpl (RaftServerImpl.java:setRole(174)) - 506f61c1-59c8-4ed5-a20b-d3f8124679c3@group-809F53149C72: changes role from  FOLLOWER to CANDIDATE at term 0 for changeToCandidate
2019-09-25 05:53:08,365 [Thread-1542] INFO  impl.RoleInfo (RoleInfo.java:updateAndGet(143)) - 506f61c1-59c8-4ed5-a20b-d3f8124679c3: start LeaderElection
2019-09-25 05:53:08,368 [Thread-1539] INFO  impl.FollowerState (FollowerState.java:run(106)) - 506f61c1-59c8-4ed5-a20b-d3f8124679c3:group-A2A88EE39E77 changes to CANDIDATE, lastRpcTime:5035, electionTimeout:5034ms
2019-09-25 05:53:08,368 [Thread-1539] INFO  impl.RoleInfo (RoleInfo.java:shutdownFollowerState(121)) - 506f61c1-59c8-4ed5-a20b-d3f8124679c3: shutdown FollowerState
2019-09-25 05:53:08,368 [Thread-1539] INFO  impl.RaftServerImpl (RaftServerImpl.java:setRole(174)) - 506f61c1-59c8-4ed5-a20b-d3f8124679c3@group-A2A88EE39E77: changes role from  FOLLOWER to CANDIDATE at term 0 for changeToCandidate
2019-09-25 05:53:08,368 [Thread-1539] INFO  impl.RoleInfo (RoleInfo.java:updateAndGet(143)) - 506f61c1-59c8-4ed5-a20b-d3f8124679c3: start LeaderElection
2019-09-25 05:53:08,376 [9d1d05b8-38cb-4125-b062-f30309294cc2@group-8A564E022379-SegmentedRaftLogWorker] INFO  segmented.SegmentedRaftLogWorker (SegmentedRaftLogWorker.java:execute(569)) - 9d1d05b8-38cb-4125-b062-f30309294cc2@group-8A564E022379-SegmentedRaftLogWorker: created new log segment /workdir/hadoop-ozone/ozonefs/target/test-dir/MiniOzoneClusterImpl-ec9cbae6-e51d-4388-8482-e19082e5b468/datanode-0/data/ratis/fb8d8901-def5-401f-937d-8a564e022379/current/log_inprogress_0
2019-09-25 05:53:08,376 [506f61c1-59c8-4ed5-a20b-d3f8124679c3@group-6B96264B2A90-SegmentedRaftLogWorker] INFO  segmented.SegmentedRaftLogWorker (SegmentedRaftLogWorker.java:execute(569)) - 506f61c1-59c8-4ed5-a20b-d3f8124679c3@group-6B96264B2A90-SegmentedRaftLogWorker: created new log segment /workdir/hadoop-ozone/ozonefs/target/test-dir/MiniOzoneClusterImpl-ec9cbae6-e51d-4388-8482-e19082e5b468/datanode-2/data/ratis/f6739b36-c294-4016-8d02-6b96264b2a90/current/log_inprogress_0
2019-09-25 05:53:08,376 [72f1487d-ef6e-4360-9049-98595ab21d01@group-9EDEB544A8CB:LeaderElection92] INFO  impl.LeaderElection (LeaderElection.java:askForVotes(182)) - 72f1487d-ef6e-4360-9049-98595ab21d01@group-9EDEB544A8CB:LeaderElection92: begin an election at term 1 for -1: [72f1487d-ef6e-4360-9049-98595ab21d01:192.168.5.161:46703], old=null
2019-09-25 05:53:08,376 [506f61c1-59c8-4ed5-a20b-d3f8124679c3@group-809F53149C72:LeaderElection93] INFO  impl.LeaderElection (LeaderElection.java:askForVotes(182)) - 506f61c1-59c8-4ed5-a20b-d3f8124679c3@group-809F53149C72:LeaderElection93: begin an election at term 1 for -1: [506f61c1-59c8-4ed5-a20b-d3f8124679c3:192.168.5.161:40958], old=null
2019-09-25 05:53:08,376 [506f61c1-59c8-4ed5-a20b-d3f8124679c3@group-A2A88EE39E77:LeaderElection94] INFO  impl.LeaderElection (LeaderElection.java:askForVotes(182)) - 506f61c1-59c8-4ed5-a20b-d3f8124679c3@group-A2A88EE39E77:LeaderElection94: begin an election at term 1 for -1: [506f61c1-59c8-4ed5-a20b-d3f8124679c3:192.168.5.161:40958], old=null
2019-09-25 05:53:08,376 [72f1487d-ef6e-4360-9049-98595ab21d01@group-2B3A51926729-SegmentedRaftLogWorker] INFO  segmented.SegmentedRaftLogWorker (SegmentedRaftLogWorker.java:execute(569)) - 72f1487d-ef6e-4360-9049-98595ab21d01@group-2B3A51926729-SegmentedRaftLogWorker: created new log segment /workdir/hadoop-ozone/ozonefs/target/test-dir/MiniOzoneClusterImpl-ec9cbae6-e51d-4388-8482-e19082e5b468/datanode-1/data/ratis/b985de60-e04d-45e8-9715-2b3a51926729/current/log_inprogress_0
2019-09-25 05:53:08,377 [506f61c1-59c8-4ed5-a20b-d3f8124679c3@group-A2A88EE39E77:LeaderElection94] INFO  impl.RoleInfo (RoleInfo.java:shutdownLeaderElection(134)) - 506f61c1-59c8-4ed5-a20b-d3f8124679c3: shutdown LeaderElection
2019-09-25 05:53:08,376 [506f61c1-59c8-4ed5-a20b-d3f8124679c3@group-809F53149C72:LeaderElection93] INFO  impl.RoleInfo (RoleInfo.java:shutdownLeaderElection(134)) - 506f61c1-59c8-4ed5-a20b-d3f8124679c3: shutdown LeaderElection
2019-09-25 05:53:08,376 [72f1487d-ef6e-4360-9049-98595ab21d01@group-9EDEB544A8CB:LeaderElection92] INFO  impl.RoleInfo (RoleInfo.java:shutdownLeaderElection(134)) - 72f1487d-ef6e-4360-9049-98595ab21d01: shutdown LeaderElection
2019-09-25 05:53:08,377 [506f61c1-59c8-4ed5-a20b-d3f8124679c3@group-809F53149C72:LeaderElection93] INFO  impl.RaftServerImpl (RaftServerImpl.java:setRole(174)) - 506f61c1-59c8-4ed5-a20b-d3f8124679c3@group-809F53149C72: changes role from CANDIDATE to LEADER at term 1 for changeToLeader
2019-09-25 05:53:08,377 [506f61c1-59c8-4ed5-a20b-d3f8124679c3@group-A2A88EE39E77:LeaderElection94] INFO  impl.RaftServerImpl (RaftServerImpl.java:setRole(174)) - 506f61c1-59c8-4ed5-a20b-d3f8124679c3@group-A2A88EE39E77: changes role from CANDIDATE to LEADER at term 1 for changeToLeader
2019-09-25 05:53:08,377 [506f61c1-59c8-4ed5-a20b-d3f8124679c3@group-809F53149C72:LeaderElection93] INFO  impl.RaftServerImpl (ServerState.java:setLeader(253)) - 506f61c1-59c8-4ed5-a20b-d3f8124679c3@group-809F53149C72: change Leader from null to 506f61c1-59c8-4ed5-a20b-d3f8124679c3 at term 1 for becomeLeader, leader elected after 5027ms
2019-09-25 05:53:08,377 [72f1487d-ef6e-4360-9049-98595ab21d01@group-9EDEB544A8CB:LeaderElection92] INFO  impl.RaftServerImpl (RaftServerImpl.java:setRole(174)) - 72f1487d-ef6e-4360-9049-98595ab21d01@group-9EDEB544A8CB: changes role from CANDIDATE to LEADER at term 1 for changeToLeader
2019-09-25 05:53:08,378 [506f61c1-59c8-4ed5-a20b-d3f8124679c3@group-809F53149C72:LeaderElection93] INFO  server.RaftServerConfigKeys (ConfUtils.java:logGet(43)) - raft.server.staging.catchup.gap = 1000 (default)
2019-09-25 05:53:08,377 [506f61c1-59c8-4ed5-a20b-d3f8124679c3@group-A2A88EE39E77:LeaderElection94] INFO  impl.RaftServerImpl (ServerState.java:setLeader(253)) - 506f61c1-59c8-4ed5-a20b-d3f8124679c3@group-A2A88EE39E77: change Leader from null to 506f61c1-59c8-4ed5-a20b-d3f8124679c3 at term 1 for becomeLeader, leader elected after 5051ms
2019-09-25 05:53:08,378 [506f61c1-59c8-4ed5-a20b-d3f8124679c3@group-809F53149C72:LeaderElection93] INFO  server.RaftServerConfigKeys (ConfUtils.java:logGet(43)) - raft.server.rpc.sleep.time = 25ms (default)
2019-09-25 05:53:08,378 [72f1487d-ef6e-4360-9049-98595ab21d01@group-9EDEB544A8CB:LeaderElection92] INFO  impl.RaftServerImpl (ServerState.java:setLeader(253)) - 72f1487d-ef6e-4360-9049-98595ab21d01@group-9EDEB544A8CB: change Leader from null to 72f1487d-ef6e-4360-9049-98595ab21d01 at term 1 for becomeLeader, leader elected after 5100ms
2019-09-25 05:53:08,378 [506f61c1-59c8-4ed5-a20b-d3f8124679c3@group-809F53149C72:LeaderElection93] INFO  server.RaftServerConfigKeys (ConfUtils.java:logGet(43)) - raft.server.write.element-limit = 4096 (default)
2019-09-25 05:53:08,378 [506f61c1-59c8-4ed5-a20b-d3f8124679c3@group-A2A88EE39E77:LeaderElection94] INFO  server.RaftServerConfigKeys (ConfUtils.java:logGet(43)) - raft.server.staging.catchup.gap = 1000 (default)
2019-09-25 05:53:08,379 [506f61c1-59c8-4ed5-a20b-d3f8124679c3@group-809F53149C72:LeaderElection93] INFO  server.RaftServerConfigKeys (ConfUtils.java:logGet(43)) - raft.server.watch.timeout = 10s (default)
2019-09-25 05:53:08,378 [72f1487d-ef6e-4360-9049-98595ab21d01@group-9EDEB544A8CB:LeaderElection92] INFO  server.RaftServerConfigKeys (ConfUtils.java:logGet(43)) - raft.server.staging.catchup.gap = 1000 (default)
2019-09-25 05:53:08,379 [506f61c1-59c8-4ed5-a20b-d3f8124679c3@group-809F53149C72:LeaderElection93] INFO  server.RaftServerConfigKeys (ConfUtils.java:logGet(43)) - raft.server.watch.timeout.denomination = 1s (default)
2019-09-25 05:53:08,379 [506f61c1-59c8-4ed5-a20b-d3f8124679c3@group-A2A88EE39E77:LeaderElection94] INFO  server.RaftServerConfigKeys (ConfUtils.java:logGet(43)) - raft.server.rpc.sleep.time = 25ms (default)
2019-09-25 05:53:08,379 [506f61c1-59c8-4ed5-a20b-d3f8124679c3@group-809F53149C72:LeaderElection93] INFO  server.RaftServerConfigKeys (ConfUtils.java:logGet(43)) - raft.server.watch.element-limit = 65536 (default)
2019-09-25 05:53:08,379 [506f61c1-59c8-4ed5-a20b-d3f8124679c3@group-A2A88EE39E77:LeaderElection94] INFO  server.RaftServerConfigKeys (ConfUtils.java:logGet(43)) - raft.server.write.element-limit = 4096 (default)
2019-09-25 05:53:08,379 [72f1487d-ef6e-4360-9049-98595ab21d01@group-9EDEB544A8CB:LeaderElection92] INFO  server.RaftServerConfigKeys (ConfUtils.java:logGet(43)) - raft.server.rpc.sleep.time = 25ms (default)
2019-09-25 05:53:08,380 [506f61c1-59c8-4ed5-a20b-d3f8124679c3@group-A2A88EE39E77:LeaderElection94] INFO  server.RaftServerConfigKeys (ConfUtils.java:logGet(43)) - raft.server.watch.timeout = 10s (default)
2019-09-25 05:53:08,380 [72f1487d-ef6e-4360-9049-98595ab21d01@group-9EDEB544A8CB:LeaderElection92] INFO  server.RaftServerConfigKeys (ConfUtils.java:logGet(43)) - raft.server.write.element-limit = 4096 (default)
2019-09-25 05:53:08,380 [506f61c1-59c8-4ed5-a20b-d3f8124679c3@group-A2A88EE39E77:LeaderElection94] INFO  server.RaftServerConfigKeys (ConfUtils.java:logGet(43)) - raft.server.watch.timeout.denomination = 1s (default)
2019-09-25 05:53:08,380 [72f1487d-ef6e-4360-9049-98595ab21d01@group-9EDEB544A8CB:LeaderElection92] INFO  server.RaftServerConfigKeys (ConfUtils.java:logGet(43)) - raft.server.watch.timeout = 10s (default)
2019-09-25 05:53:08,380 [506f61c1-59c8-4ed5-a20b-d3f8124679c3@group-A2A88EE39E77:LeaderElection94] INFO  server.RaftServerConfigKeys (ConfUtils.java:logGet(43)) - raft.server.watch.element-limit = 65536 (default)
2019-09-25 05:53:08,380 [72f1487d-ef6e-4360-9049-98595ab21d01@group-9EDEB544A8CB:LeaderElection92] INFO  server.RaftServerConfigKeys (ConfUtils.java:logGet(43)) - raft.server.watch.timeout.denomination = 1s (default)
2019-09-25 05:53:08,381 [72f1487d-ef6e-4360-9049-98595ab21d01@group-9EDEB544A8CB:LeaderElection92] INFO  server.RaftServerConfigKeys (ConfUtils.java:logGet(43)) - raft.server.watch.element-limit = 65536 (default)
2019-09-25 05:53:08,381 [506f61c1-59c8-4ed5-a20b-d3f8124679c3@group-809F53149C72:LeaderElection93] INFO  impl.RoleInfo (RoleInfo.java:updateAndGet(143)) - 506f61c1-59c8-4ed5-a20b-d3f8124679c3: start LeaderState
2019-09-25 05:53:08,382 [506f61c1-59c8-4ed5-a20b-d3f8124679c3@group-809F53149C72:LeaderElection93] INFO  segmented.SegmentedRaftLogWorker (SegmentedRaftLogWorker.java:startLogSegment(380)) - 506f61c1-59c8-4ed5-a20b-d3f8124679c3@group-809F53149C72-SegmentedRaftLogWorker: Starting segment from index:0
2019-09-25 05:53:08,382 [506f61c1-59c8-4ed5-a20b-d3f8124679c3@group-809F53149C72:LeaderElection93] INFO  impl.RaftServerImpl (ServerState.java:setRaftConf(354)) - 506f61c1-59c8-4ed5-a20b-d3f8124679c3@group-809F53149C72: set configuration 0: [506f61c1-59c8-4ed5-a20b-d3f8124679c3:192.168.5.161:40958], old=null at 0
2019-09-25 05:53:08,384 [72f1487d-ef6e-4360-9049-98595ab21d01@group-9EDEB544A8CB:LeaderElection92] INFO  impl.RoleInfo (RoleInfo.java:updateAndGet(143)) - 72f1487d-ef6e-4360-9049-98595ab21d01: start LeaderState
2019-09-25 05:53:08,384 [506f61c1-59c8-4ed5-a20b-d3f8124679c3@group-A2A88EE39E77:LeaderElection94] INFO  impl.RoleInfo (RoleInfo.java:updateAndGet(143)) - 506f61c1-59c8-4ed5-a20b-d3f8124679c3: start LeaderState
2019-09-25 05:53:08,385 [72f1487d-ef6e-4360-9049-98595ab21d01@group-9EDEB544A8CB:LeaderElection92] INFO  segmented.SegmentedRaftLogWorker (SegmentedRaftLogWorker.java:startLogSegment(380)) - 72f1487d-ef6e-4360-9049-98595ab21d01@group-9EDEB544A8CB-SegmentedRaftLogWorker: Starting segment from index:0
2019-09-25 05:53:08,385 [506f61c1-59c8-4ed5-a20b-d3f8124679c3@group-A2A88EE39E77:LeaderElection94] INFO  segmented.SegmentedRaftLogWorker (SegmentedRaftLogWorker.java:startLogSegment(380)) - 506f61c1-59c8-4ed5-a20b-d3f8124679c3@group-A2A88EE39E77-SegmentedRaftLogWorker: Starting segment from index:0
2019-09-25 05:53:08,385 [72f1487d-ef6e-4360-9049-98595ab21d01@group-9EDEB544A8CB:LeaderElection92] INFO  impl.RaftServerImpl (ServerState.java:setRaftConf(354)) - 72f1487d-ef6e-4360-9049-98595ab21d01@group-9EDEB544A8CB: set configuration 0: [72f1487d-ef6e-4360-9049-98595ab21d01:192.168.5.161:46703], old=null at 0
2019-09-25 05:53:08,385 [506f61c1-59c8-4ed5-a20b-d3f8124679c3@group-A2A88EE39E77:LeaderElection94] INFO  impl.RaftServerImpl (ServerState.java:setRaftConf(354)) - 506f61c1-59c8-4ed5-a20b-d3f8124679c3@group-A2A88EE39E77: set configuration 0: [506f61c1-59c8-4ed5-a20b-d3f8124679c3:192.168.5.161:40958], old=null at 0
2019-09-25 05:53:08,400 [Thread-1527] INFO  impl.FollowerState (FollowerState.java:run(106)) - 72f1487d-ef6e-4360-9049-98595ab21d01:group-5ECFAA3732D6 changes to CANDIDATE, lastRpcTime:5169, electionTimeout:5169ms
2019-09-25 05:53:08,400 [Thread-1527] INFO  impl.RoleInfo (RoleInfo.java:shutdownFollowerState(121)) - 72f1487d-ef6e-4360-9049-98595ab21d01: shutdown FollowerState
2019-09-25 05:53:08,400 [Thread-1527] INFO  impl.RaftServerImpl (RaftServerImpl.java:setRole(174)) - 72f1487d-ef6e-4360-9049-98595ab21d01@group-5ECFAA3732D6: changes role from  FOLLOWER to CANDIDATE at term 0 for changeToCandidate
2019-09-25 05:53:08,400 [Thread-1527] INFO  impl.RoleInfo (RoleInfo.java:updateAndGet(143)) - 72f1487d-ef6e-4360-9049-98595ab21d01: start LeaderElection
2019-09-25 05:53:08,429 [Thread-1536] INFO  impl.FollowerState (FollowerState.java:run(106)) - 72f1487d-ef6e-4360-9049-98595ab21d01:group-7A16581E0993 changes to CANDIDATE, lastRpcTime:5123, electionTimeout:5123ms
2019-09-25 05:53:08,429 [Thread-1536] INFO  impl.RoleInfo (RoleInfo.java:shutdownFollowerState(121)) - 72f1487d-ef6e-4360-9049-98595ab21d01: shutdown FollowerState
2019-09-25 05:53:08,429 [Thread-1536] INFO  impl.RaftServerImpl (RaftServerImpl.java:setRole(174)) - 72f1487d-ef6e-4360-9049-98595ab21d01@group-7A16581E0993: changes role from  FOLLOWER to CANDIDATE at term 0 for changeToCandidate
2019-09-25 05:53:08,429 [Thread-1536] INFO  impl.RoleInfo (RoleInfo.java:updateAndGet(143)) - 72f1487d-ef6e-4360-9049-98595ab21d01: start LeaderElection
2019-09-25 05:53:08,439 [506f61c1-59c8-4ed5-a20b-d3f8124679c3@group-809F53149C72-SegmentedRaftLogWorker] INFO  segmented.SegmentedRaftLogWorker (SegmentedRaftLogWorker.java:execute(569)) - 506f61c1-59c8-4ed5-a20b-d3f8124679c3@group-809F53149C72-SegmentedRaftLogWorker: created new log segment /workdir/hadoop-ozone/ozonefs/target/test-dir/MiniOzoneClusterImpl-ec9cbae6-e51d-4388-8482-e19082e5b468/datanode-2/data/ratis/b4e9075d-34a1-4cde-9697-809f53149c72/current/log_inprogress_0
2019-09-25 05:53:08,440 [72f1487d-ef6e-4360-9049-98595ab21d01@group-7A16581E0993:LeaderElection96] INFO  impl.LeaderElection (LeaderElection.java:askForVotes(182)) - 72f1487d-ef6e-4360-9049-98595ab21d01@group-7A16581E0993:LeaderElection96: begin an election at term 1 for -1: [72f1487d-ef6e-4360-9049-98595ab21d01:192.168.5.161:46703], old=null
2019-09-25 05:53:08,440 [72f1487d-ef6e-4360-9049-98595ab21d01@group-5ECFAA3732D6:LeaderElection95] INFO  impl.LeaderElection (LeaderElection.java:askForVotes(182)) - 72f1487d-ef6e-4360-9049-98595ab21d01@group-5ECFAA3732D6:LeaderElection95: begin an election at term 1 for -1: [72f1487d-ef6e-4360-9049-98595ab21d01:192.168.5.161:46703], old=null
2019-09-25 05:53:08,440 [72f1487d-ef6e-4360-9049-98595ab21d01@group-5ECFAA3732D6:LeaderElection95] INFO  impl.RoleInfo (RoleInfo.java:shutdownLeaderElection(134)) - 72f1487d-ef6e-4360-9049-98595ab21d01: shutdown LeaderElection
2019-09-25 05:53:08,439 [72f1487d-ef6e-4360-9049-98595ab21d01@group-9EDEB544A8CB-SegmentedRaftLogWorker] INFO  segmented.SegmentedRaftLogWorker (SegmentedRaftLogWorker.java:execute(569)) - 72f1487d-ef6e-4360-9049-98595ab21d01@group-9EDEB544A8CB-SegmentedRaftLogWorker: created new log segment /workdir/hadoop-ozone/ozonefs/target/test-dir/MiniOzoneClusterImpl-ec9cbae6-e51d-4388-8482-e19082e5b468/datanode-1/data/ratis/248eda47-92d2-4999-baca-9edeb544a8cb/current/log_inprogress_0
2019-09-25 05:53:08,439 [506f61c1-59c8-4ed5-a20b-d3f8124679c3@group-A2A88EE39E77-SegmentedRaftLogWorker] INFO  segmented.SegmentedRaftLogWorker (SegmentedRaftLogWorker.java:execute(569)) - 506f61c1-59c8-4ed5-a20b-d3f8124679c3@group-A2A88EE39E77-SegmentedRaftLogWorker: created new log segment /workdir/hadoop-ozone/ozonefs/target/test-dir/MiniOzoneClusterImpl-ec9cbae6-e51d-4388-8482-e19082e5b468/datanode-2/data/ratis/32ba334a-6d30-42b0-8b24-a2a88ee39e77/current/log_inprogress_0
2019-09-25 05:53:08,440 [72f1487d-ef6e-4360-9049-98595ab21d01@group-5ECFAA3732D6:LeaderElection95] INFO  impl.RaftServerImpl (RaftServerImpl.java:setRole(174)) - 72f1487d-ef6e-4360-9049-98595ab21d01@group-5ECFAA3732D6: changes role from CANDIDATE to LEADER at term 1 for changeToLeader
2019-09-25 05:53:08,440 [72f1487d-ef6e-4360-9049-98595ab21d01@group-7A16581E0993:LeaderElection96] INFO  impl.RoleInfo (RoleInfo.java:shutdownLeaderElection(134)) - 72f1487d-ef6e-4360-9049-98595ab21d01: shutdown LeaderElection
2019-09-25 05:53:08,441 [72f1487d-ef6e-4360-9049-98595ab21d01@group-5ECFAA3732D6:LeaderElection95] INFO  impl.RaftServerImpl (ServerState.java:setLeader(253)) - 72f1487d-ef6e-4360-9049-98595ab21d01@group-5ECFAA3732D6: change Leader from null to 72f1487d-ef6e-4360-9049-98595ab21d01 at term 1 for becomeLeader, leader elected after 5215ms
2019-09-25 05:53:08,441 [72f1487d-ef6e-4360-9049-98595ab21d01@group-7A16581E0993:LeaderElection96] INFO  impl.RaftServerImpl (RaftServerImpl.java:setRole(174)) - 72f1487d-ef6e-4360-9049-98595ab21d01@group-7A16581E0993: changes role from CANDIDATE to LEADER at term 1 for changeToLeader
2019-09-25 05:53:08,441 [72f1487d-ef6e-4360-9049-98595ab21d01@group-7A16581E0993:LeaderElection96] INFO  impl.RaftServerImpl (ServerState.java:setLeader(253)) - 72f1487d-ef6e-4360-9049-98595ab21d01@group-7A16581E0993: change Leader from null to 72f1487d-ef6e-4360-9049-98595ab21d01 at term 1 for becomeLeader, leader elected after 5140ms
2019-09-25 05:53:08,441 [72f1487d-ef6e-4360-9049-98595ab21d01@group-5ECFAA3732D6:LeaderElection95] INFO  server.RaftServerConfigKeys (ConfUtils.java:logGet(43)) - raft.server.staging.catchup.gap = 1000 (default)
2019-09-25 05:53:08,441 [72f1487d-ef6e-4360-9049-98595ab21d01@group-7A16581E0993:LeaderElection96] INFO  server.RaftServerConfigKeys (ConfUtils.java:logGet(43)) - raft.server.staging.catchup.gap = 1000 (default)
2019-09-25 05:53:08,441 [72f1487d-ef6e-4360-9049-98595ab21d01@group-5ECFAA3732D6:LeaderElection95] INFO  server.RaftServerConfigKeys (ConfUtils.java:logGet(43)) - raft.server.rpc.sleep.time = 25ms (default)
2019-09-25 05:53:08,442 [72f1487d-ef6e-4360-9049-98595ab21d01@group-7A16581E0993:LeaderElection96] INFO  server.RaftServerConfigKeys (ConfUtils.java:logGet(43)) - raft.server.rpc.sleep.time = 25ms (default)
2019-09-25 05:53:08,442 [72f1487d-ef6e-4360-9049-98595ab21d01@group-5ECFAA3732D6:LeaderElection95] INFO  server.RaftServerConfigKeys (ConfUtils.java:logGet(43)) - raft.server.write.element-limit = 4096 (default)
2019-09-25 05:53:08,442 [72f1487d-ef6e-4360-9049-98595ab21d01@group-7A16581E0993:LeaderElection96] INFO  server.RaftServerConfigKeys (ConfUtils.java:logGet(43)) - raft.server.write.element-limit = 4096 (default)
2019-09-25 05:53:08,442 [72f1487d-ef6e-4360-9049-98595ab21d01@group-5ECFAA3732D6:LeaderElection95] INFO  server.RaftServerConfigKeys (ConfUtils.java:logGet(43)) - raft.server.watch.timeout = 10s (default)
2019-09-25 05:53:08,442 [72f1487d-ef6e-4360-9049-98595ab21d01@group-7A16581E0993:LeaderElection96] INFO  server.RaftServerConfigKeys (ConfUtils.java:logGet(43)) - raft.server.watch.timeout = 10s (default)
2019-09-25 05:53:08,442 [72f1487d-ef6e-4360-9049-98595ab21d01@group-5ECFAA3732D6:LeaderElection95] INFO  server.RaftServerConfigKeys (ConfUtils.java:logGet(43)) - raft.server.watch.timeout.denomination = 1s (default)
2019-09-25 05:53:08,442 [72f1487d-ef6e-4360-9049-98595ab21d01@group-7A16581E0993:LeaderElection96] INFO  server.RaftServerConfigKeys (ConfUtils.java:logGet(43)) - raft.server.watch.timeout.denomination = 1s (default)
2019-09-25 05:53:08,443 [72f1487d-ef6e-4360-9049-98595ab21d01@group-5ECFAA3732D6:LeaderElection95] INFO  server.RaftServerConfigKeys (ConfUtils.java:logGet(43)) - raft.server.watch.element-limit = 65536 (default)
2019-09-25 05:53:08,443 [72f1487d-ef6e-4360-9049-98595ab21d01@group-7A16581E0993:LeaderElection96] INFO  server.RaftServerConfigKeys (ConfUtils.java:logGet(43)) - raft.server.watch.element-limit = 65536 (default)
2019-09-25 05:53:08,446 [72f1487d-ef6e-4360-9049-98595ab21d01@group-5ECFAA3732D6:LeaderElection95] INFO  impl.RoleInfo (RoleInfo.java:updateAndGet(143)) - 72f1487d-ef6e-4360-9049-98595ab21d01: start LeaderState
2019-09-25 05:53:08,447 [72f1487d-ef6e-4360-9049-98595ab21d01@group-7A16581E0993:LeaderElection96] INFO  impl.RoleInfo (RoleInfo.java:updateAndGet(143)) - 72f1487d-ef6e-4360-9049-98595ab21d01: start LeaderState
2019-09-25 05:53:08,447 [72f1487d-ef6e-4360-9049-98595ab21d01@group-5ECFAA3732D6:LeaderElection95] INFO  segmented.SegmentedRaftLogWorker (SegmentedRaftLogWorker.java:startLogSegment(380)) - 72f1487d-ef6e-4360-9049-98595ab21d01@group-5ECFAA3732D6-SegmentedRaftLogWorker: Starting segment from index:0
2019-09-25 05:53:08,447 [72f1487d-ef6e-4360-9049-98595ab21d01@group-7A16581E0993:LeaderElection96] INFO  segmented.SegmentedRaftLogWorker (SegmentedRaftLogWorker.java:startLogSegment(380)) - 72f1487d-ef6e-4360-9049-98595ab21d01@group-7A16581E0993-SegmentedRaftLogWorker: Starting segment from index:0
2019-09-25 05:53:08,447 [72f1487d-ef6e-4360-9049-98595ab21d01@group-5ECFAA3732D6:LeaderElection95] INFO  impl.RaftServerImpl (ServerState.java:setRaftConf(354)) - 72f1487d-ef6e-4360-9049-98595ab21d01@group-5ECFAA3732D6: set configuration 0: [72f1487d-ef6e-4360-9049-98595ab21d01:192.168.5.161:46703], old=null at 0
2019-09-25 05:53:08,447 [72f1487d-ef6e-4360-9049-98595ab21d01@group-7A16581E0993:LeaderElection96] INFO  impl.RaftServerImpl (ServerState.java:setRaftConf(354)) - 72f1487d-ef6e-4360-9049-98595ab21d01@group-7A16581E0993: set configuration 0: [72f1487d-ef6e-4360-9049-98595ab21d01:192.168.5.161:46703], old=null at 0
2019-09-25 05:53:08,480 [Thread-1548] INFO  impl.FollowerState (FollowerState.java:run(106)) - 506f61c1-59c8-4ed5-a20b-d3f8124679c3:group-C93203697DD2 changes to CANDIDATE, lastRpcTime:5036, electionTimeout:5036ms
2019-09-25 05:53:08,480 [Thread-1548] INFO  impl.RoleInfo (RoleInfo.java:shutdownFollowerState(121)) - 506f61c1-59c8-4ed5-a20b-d3f8124679c3: shutdown FollowerState
2019-09-25 05:53:08,480 [Thread-1548] INFO  impl.RaftServerImpl (RaftServerImpl.java:setRole(174)) - 506f61c1-59c8-4ed5-a20b-d3f8124679c3@group-C93203697DD2: changes role from  FOLLOWER to CANDIDATE at term 0 for changeToCandidate
2019-09-25 05:53:08,481 [Thread-1548] INFO  impl.RoleInfo (RoleInfo.java:updateAndGet(143)) - 506f61c1-59c8-4ed5-a20b-d3f8124679c3: start LeaderElection
2019-09-25 05:53:08,489 [72f1487d-ef6e-4360-9049-98595ab21d01@group-7A16581E0993-SegmentedRaftLogWorker] INFO  segmented.SegmentedRaftLogWorker (SegmentedRaftLogWorker.java:execute(569)) - 72f1487d-ef6e-4360-9049-98595ab21d01@group-7A16581E0993-SegmentedRaftLogWorker: created new log segment /workdir/hadoop-ozone/ozonefs/target/test-dir/MiniOzoneClusterImpl-ec9cbae6-e51d-4388-8482-e19082e5b468/datanode-1/data/ratis/0545c097-7f4a-4ee2-a354-7a16581e0993/current/log_inprogress_0
2019-09-25 05:53:08,489 [506f61c1-59c8-4ed5-a20b-d3f8124679c3@group-C93203697DD2:LeaderElection97] INFO  impl.LeaderElection (LeaderElection.java:askForVotes(182)) - 506f61c1-59c8-4ed5-a20b-d3f8124679c3@group-C93203697DD2:LeaderElection97: begin an election at term 1 for -1: [506f61c1-59c8-4ed5-a20b-d3f8124679c3:192.168.5.161:40958], old=null
2019-09-25 05:53:08,489 [72f1487d-ef6e-4360-9049-98595ab21d01@group-5ECFAA3732D6-SegmentedRaftLogWorker] INFO  segmented.SegmentedRaftLogWorker (SegmentedRaftLogWorker.java:execute(569)) - 72f1487d-ef6e-4360-9049-98595ab21d01@group-5ECFAA3732D6-SegmentedRaftLogWorker: created new log segment /workdir/hadoop-ozone/ozonefs/target/test-dir/MiniOzoneClusterImpl-ec9cbae6-e51d-4388-8482-e19082e5b468/datanode-1/data/ratis/8b3f197e-343a-44cf-aed2-5ecfaa3732d6/current/log_inprogress_0
2019-09-25 05:53:08,489 [506f61c1-59c8-4ed5-a20b-d3f8124679c3@group-C93203697DD2:LeaderElection97] INFO  impl.RoleInfo (RoleInfo.java:shutdownLeaderElection(134)) - 506f61c1-59c8-4ed5-a20b-d3f8124679c3: shutdown LeaderElection
2019-09-25 05:53:08,489 [506f61c1-59c8-4ed5-a20b-d3f8124679c3@group-C93203697DD2:LeaderElection97] INFO  impl.RaftServerImpl (RaftServerImpl.java:setRole(174)) - 506f61c1-59c8-4ed5-a20b-d3f8124679c3@group-C93203697DD2: changes role from CANDIDATE to LEADER at term 1 for changeToLeader
2019-09-25 05:53:08,490 [506f61c1-59c8-4ed5-a20b-d3f8124679c3@group-C93203697DD2:LeaderElection97] INFO  impl.RaftServerImpl (ServerState.java:setLeader(253)) - 506f61c1-59c8-4ed5-a20b-d3f8124679c3@group-C93203697DD2: change Leader from null to 506f61c1-59c8-4ed5-a20b-d3f8124679c3 at term 1 for becomeLeader, leader elected after 5052ms
2019-09-25 05:53:08,490 [506f61c1-59c8-4ed5-a20b-d3f8124679c3@group-C93203697DD2:LeaderElection97] INFO  server.RaftServerConfigKeys (ConfUtils.java:logGet(43)) - raft.server.staging.catchup.gap = 1000 (default)
2019-09-25 05:53:08,490 [506f61c1-59c8-4ed5-a20b-d3f8124679c3@group-C93203697DD2:LeaderElection97] INFO  server.RaftServerConfigKeys (ConfUtils.java:logGet(43)) - raft.server.rpc.sleep.time = 25ms (default)
2019-09-25 05:53:08,490 [506f61c1-59c8-4ed5-a20b-d3f8124679c3@group-C93203697DD2:LeaderElection97] INFO  server.RaftServerConfigKeys (ConfUtils.java:logGet(43)) - raft.server.write.element-limit = 4096 (default)
2019-09-25 05:53:08,490 [506f61c1-59c8-4ed5-a20b-d3f8124679c3@group-C93203697DD2:LeaderElection97] INFO  server.RaftServerConfigKeys (ConfUtils.java:logGet(43)) - raft.server.watch.timeout = 10s (default)
2019-09-25 05:53:08,490 [506f61c1-59c8-4ed5-a20b-d3f8124679c3@group-C93203697DD2:LeaderElection97] INFO  server.RaftServerConfigKeys (ConfUtils.java:logGet(43)) - raft.server.watch.timeout.denomination = 1s (default)
2019-09-25 05:53:08,490 [506f61c1-59c8-4ed5-a20b-d3f8124679c3@group-C93203697DD2:LeaderElection97] INFO  server.RaftServerConfigKeys (ConfUtils.java:logGet(43)) - raft.server.watch.element-limit = 65536 (default)
2019-09-25 05:53:08,492 [506f61c1-59c8-4ed5-a20b-d3f8124679c3@group-C93203697DD2:LeaderElection97] INFO  impl.RoleInfo (RoleInfo.java:updateAndGet(143)) - 506f61c1-59c8-4ed5-a20b-d3f8124679c3: start LeaderState
2019-09-25 05:53:08,492 [506f61c1-59c8-4ed5-a20b-d3f8124679c3@group-C93203697DD2:LeaderElection97] INFO  segmented.SegmentedRaftLogWorker (SegmentedRaftLogWorker.java:startLogSegment(380)) - 506f61c1-59c8-4ed5-a20b-d3f8124679c3@group-C93203697DD2-SegmentedRaftLogWorker: Starting segment from index:0
2019-09-25 05:53:08,493 [506f61c1-59c8-4ed5-a20b-d3f8124679c3@group-C93203697DD2:LeaderElection97] INFO  impl.RaftServerImpl (ServerState.java:setRaftConf(354)) - 506f61c1-59c8-4ed5-a20b-d3f8124679c3@group-C93203697DD2: set configuration 0: [506f61c1-59c8-4ed5-a20b-d3f8124679c3:192.168.5.161:40958], old=null at 0
2019-09-25 05:53:08,521 [Thread-1545] INFO  impl.FollowerState (FollowerState.java:run(106)) - 506f61c1-59c8-4ed5-a20b-d3f8124679c3:group-540BB61A3B6F changes to CANDIDATE, lastRpcTime:5144, electionTimeout:5144ms
2019-09-25 05:53:08,522 [Thread-1545] INFO  impl.RoleInfo (RoleInfo.java:shutdownFollowerState(121)) - 506f61c1-59c8-4ed5-a20b-d3f8124679c3: shutdown FollowerState
2019-09-25 05:53:08,522 [Thread-1545] INFO  impl.RaftServerImpl (RaftServerImpl.java:setRole(174)) - 506f61c1-59c8-4ed5-a20b-d3f8124679c3@group-540BB61A3B6F: changes role from  FOLLOWER to CANDIDATE at term 0 for changeToCandidate
2019-09-25 05:53:08,522 [Thread-1545] INFO  impl.RoleInfo (RoleInfo.java:updateAndGet(143)) - 506f61c1-59c8-4ed5-a20b-d3f8124679c3: start LeaderElection
2019-09-25 05:53:08,543 [506f61c1-59c8-4ed5-a20b-d3f8124679c3@group-C93203697DD2-SegmentedRaftLogWorker] INFO  segmented.SegmentedRaftLogWorker (SegmentedRaftLogWorker.java:execute(569)) - 506f61c1-59c8-4ed5-a20b-d3f8124679c3@group-C93203697DD2-SegmentedRaftLogWorker: created new log segment /workdir/hadoop-ozone/ozonefs/target/test-dir/MiniOzoneClusterImpl-ec9cbae6-e51d-4388-8482-e19082e5b468/datanode-2/data/ratis/8564eef3-d39a-49a3-83ab-c93203697dd2/current/log_inprogress_0
2019-09-25 05:53:08,543 [506f61c1-59c8-4ed5-a20b-d3f8124679c3@group-540BB61A3B6F:LeaderElection98] INFO  impl.LeaderElection (LeaderElection.java:askForVotes(182)) - 506f61c1-59c8-4ed5-a20b-d3f8124679c3@group-540BB61A3B6F:LeaderElection98: begin an election at term 1 for -1: [506f61c1-59c8-4ed5-a20b-d3f8124679c3:192.168.5.161:40958], old=null
2019-09-25 05:53:08,544 [506f61c1-59c8-4ed5-a20b-d3f8124679c3@group-540BB61A3B6F:LeaderElection98] INFO  impl.RoleInfo (RoleInfo.java:shutdownLeaderElection(134)) - 506f61c1-59c8-4ed5-a20b-d3f8124679c3: shutdown LeaderElection
2019-09-25 05:53:08,544 [506f61c1-59c8-4ed5-a20b-d3f8124679c3@group-540BB61A3B6F:LeaderElection98] INFO  impl.RaftServerImpl (RaftServerImpl.java:setRole(174)) - 506f61c1-59c8-4ed5-a20b-d3f8124679c3@group-540BB61A3B6F: changes role from CANDIDATE to LEADER at term 1 for changeToLeader
2019-09-25 05:53:08,544 [506f61c1-59c8-4ed5-a20b-d3f8124679c3@group-540BB61A3B6F:LeaderElection98] INFO  impl.RaftServerImpl (ServerState.java:setLeader(253)) - 506f61c1-59c8-4ed5-a20b-d3f8124679c3@group-540BB61A3B6F: change Leader from null to 506f61c1-59c8-4ed5-a20b-d3f8124679c3 at term 1 for becomeLeader, leader elected after 5171ms
2019-09-25 05:53:08,544 [506f61c1-59c8-4ed5-a20b-d3f8124679c3@group-540BB61A3B6F:LeaderElection98] INFO  server.RaftServerConfigKeys (ConfUtils.java:logGet(43)) - raft.server.staging.catchup.gap = 1000 (default)
2019-09-25 05:53:08,544 [506f61c1-59c8-4ed5-a20b-d3f8124679c3@group-540BB61A3B6F:LeaderElection98] INFO  server.RaftServerConfigKeys (ConfUtils.java:logGet(43)) - raft.server.rpc.sleep.time = 25ms (default)
2019-09-25 05:53:08,544 [506f61c1-59c8-4ed5-a20b-d3f8124679c3@group-540BB61A3B6F:LeaderElection98] INFO  server.RaftServerConfigKeys (ConfUtils.java:logGet(43)) - raft.server.write.element-limit = 4096 (default)
2019-09-25 05:53:08,545 [506f61c1-59c8-4ed5-a20b-d3f8124679c3@group-540BB61A3B6F:LeaderElection98] INFO  server.RaftServerConfigKeys (ConfUtils.java:logGet(43)) - raft.server.watch.timeout = 10s (default)
2019-09-25 05:53:08,545 [506f61c1-59c8-4ed5-a20b-d3f8124679c3@group-540BB61A3B6F:LeaderElection98] INFO  server.RaftServerConfigKeys (ConfUtils.java:logGet(43)) - raft.server.watch.timeout.denomination = 1s (default)
2019-09-25 05:53:08,545 [506f61c1-59c8-4ed5-a20b-d3f8124679c3@group-540BB61A3B6F:LeaderElection98] INFO  server.RaftServerConfigKeys (ConfUtils.java:logGet(43)) - raft.server.watch.element-limit = 65536 (default)
2019-09-25 05:53:08,547 [506f61c1-59c8-4ed5-a20b-d3f8124679c3@group-540BB61A3B6F:LeaderElection98] INFO  impl.RoleInfo (RoleInfo.java:updateAndGet(143)) - 506f61c1-59c8-4ed5-a20b-d3f8124679c3: start LeaderState
2019-09-25 05:53:08,547 [506f61c1-59c8-4ed5-a20b-d3f8124679c3@group-540BB61A3B6F:LeaderElection98] INFO  segmented.SegmentedRaftLogWorker (SegmentedRaftLogWorker.java:startLogSegment(380)) - 506f61c1-59c8-4ed5-a20b-d3f8124679c3@group-540BB61A3B6F-SegmentedRaftLogWorker: Starting segment from index:0
2019-09-25 05:53:08,548 [506f61c1-59c8-4ed5-a20b-d3f8124679c3@group-540BB61A3B6F:LeaderElection98] INFO  impl.RaftServerImpl (ServerState.java:setRaftConf(354)) - 506f61c1-59c8-4ed5-a20b-d3f8124679c3@group-540BB61A3B6F: set configuration 0: [506f61c1-59c8-4ed5-a20b-d3f8124679c3:192.168.5.161:40958], old=null at 0
2019-09-25 05:53:08,589 [506f61c1-59c8-4ed5-a20b-d3f8124679c3@group-540BB61A3B6F-SegmentedRaftLogWorker] INFO  segmented.SegmentedRaftLogWorker (SegmentedRaftLogWorker.java:execute(569)) - 506f61c1-59c8-4ed5-a20b-d3f8124679c3@group-540BB61A3B6F-SegmentedRaftLogWorker: created new log segment /workdir/hadoop-ozone/ozonefs/target/test-dir/MiniOzoneClusterImpl-ec9cbae6-e51d-4388-8482-e19082e5b468/datanode-2/data/ratis/24fbcd6d-bb2a-4aba-b5dd-540bb61a3b6f/current/log_inprogress_0
2019-09-25 05:53:08,669 [Thread-1551] INFO  impl.FollowerState (FollowerState.java:run(106)) - 506f61c1-59c8-4ed5-a20b-d3f8124679c3:group-DF17D1BD5128 changes to CANDIDATE, lastRpcTime:5182, electionTimeout:5182ms
2019-09-25 05:53:08,670 [Thread-1551] INFO  impl.RoleInfo (RoleInfo.java:shutdownFollowerState(121)) - 506f61c1-59c8-4ed5-a20b-d3f8124679c3: shutdown FollowerState
2019-09-25 05:53:08,670 [Thread-1551] INFO  impl.RaftServerImpl (RaftServerImpl.java:setRole(174)) - 506f61c1-59c8-4ed5-a20b-d3f8124679c3@group-DF17D1BD5128: changes role from  FOLLOWER to CANDIDATE at term 0 for changeToCandidate
2019-09-25 05:53:08,670 [Thread-1551] INFO  impl.RoleInfo (RoleInfo.java:updateAndGet(143)) - 506f61c1-59c8-4ed5-a20b-d3f8124679c3: start LeaderElection
2019-09-25 05:53:08,686 [506f61c1-59c8-4ed5-a20b-d3f8124679c3@group-DF17D1BD5128:LeaderElection99] INFO  impl.LeaderElection (LeaderElection.java:askForVotes(182)) - 506f61c1-59c8-4ed5-a20b-d3f8124679c3@group-DF17D1BD5128:LeaderElection99: begin an election at term 1 for -1: [506f61c1-59c8-4ed5-a20b-d3f8124679c3:192.168.5.161:40958], old=null
2019-09-25 05:53:08,687 [506f61c1-59c8-4ed5-a20b-d3f8124679c3@group-DF17D1BD5128:LeaderElection99] INFO  impl.RoleInfo (RoleInfo.java:shutdownLeaderElection(134)) - 506f61c1-59c8-4ed5-a20b-d3f8124679c3: shutdown LeaderElection
2019-09-25 05:53:08,687 [506f61c1-59c8-4ed5-a20b-d3f8124679c3@group-DF17D1BD5128:LeaderElection99] INFO  impl.RaftServerImpl (RaftServerImpl.java:setRole(174)) - 506f61c1-59c8-4ed5-a20b-d3f8124679c3@group-DF17D1BD5128: changes role from CANDIDATE to LEADER at term 1 for changeToLeader
2019-09-25 05:53:08,687 [506f61c1-59c8-4ed5-a20b-d3f8124679c3@group-DF17D1BD5128:LeaderElection99] INFO  impl.RaftServerImpl (ServerState.java:setLeader(253)) - 506f61c1-59c8-4ed5-a20b-d3f8124679c3@group-DF17D1BD5128: change Leader from null to 506f61c1-59c8-4ed5-a20b-d3f8124679c3 at term 1 for becomeLeader, leader elected after 5206ms
2019-09-25 05:53:08,687 [506f61c1-59c8-4ed5-a20b-d3f8124679c3@group-DF17D1BD5128:LeaderElection99] INFO  server.RaftServerConfigKeys (ConfUtils.java:logGet(43)) - raft.server.staging.catchup.gap = 1000 (default)
2019-09-25 05:53:08,687 [506f61c1-59c8-4ed5-a20b-d3f8124679c3@group-DF17D1BD5128:LeaderElection99] INFO  server.RaftServerConfigKeys (ConfUtils.java:logGet(43)) - raft.server.rpc.sleep.time = 25ms (default)
2019-09-25 05:53:08,688 [506f61c1-59c8-4ed5-a20b-d3f8124679c3@group-DF17D1BD5128:LeaderElection99] INFO  server.RaftServerConfigKeys (ConfUtils.java:logGet(43)) - raft.server.write.element-limit = 4096 (default)
2019-09-25 05:53:08,688 [506f61c1-59c8-4ed5-a20b-d3f8124679c3@group-DF17D1BD5128:LeaderElection99] INFO  server.RaftServerConfigKeys (ConfUtils.java:logGet(43)) - raft.server.watch.timeout = 10s (default)
2019-09-25 05:53:08,688 [506f61c1-59c8-4ed5-a20b-d3f8124679c3@group-DF17D1BD5128:LeaderElection99] INFO  server.RaftServerConfigKeys (ConfUtils.java:logGet(43)) - raft.server.watch.timeout.denomination = 1s (default)
2019-09-25 05:53:08,688 [506f61c1-59c8-4ed5-a20b-d3f8124679c3@group-DF17D1BD5128:LeaderElection99] INFO  server.RaftServerConfigKeys (ConfUtils.java:logGet(43)) - raft.server.watch.element-limit = 65536 (default)
2019-09-25 05:53:08,691 [506f61c1-59c8-4ed5-a20b-d3f8124679c3@group-DF17D1BD5128:LeaderElection99] INFO  impl.RoleInfo (RoleInfo.java:updateAndGet(143)) - 506f61c1-59c8-4ed5-a20b-d3f8124679c3: start LeaderState
2019-09-25 05:53:08,691 [506f61c1-59c8-4ed5-a20b-d3f8124679c3@group-DF17D1BD5128:LeaderElection99] INFO  segmented.SegmentedRaftLogWorker (SegmentedRaftLogWorker.java:startLogSegment(380)) - 506f61c1-59c8-4ed5-a20b-d3f8124679c3@group-DF17D1BD5128-SegmentedRaftLogWorker: Starting segment from index:0
2019-09-25 05:53:08,692 [506f61c1-59c8-4ed5-a20b-d3f8124679c3@group-DF17D1BD5128:LeaderElection99] INFO  impl.RaftServerImpl (ServerState.java:setRaftConf(354)) - 506f61c1-59c8-4ed5-a20b-d3f8124679c3@group-DF17D1BD5128: set configuration 0: [506f61c1-59c8-4ed5-a20b-d3f8124679c3:192.168.5.161:40958], old=null at 0
2019-09-25 05:53:08,755 [506f61c1-59c8-4ed5-a20b-d3f8124679c3@group-DF17D1BD5128-SegmentedRaftLogWorker] INFO  segmented.SegmentedRaftLogWorker (SegmentedRaftLogWorker.java:execute(569)) - 506f61c1-59c8-4ed5-a20b-d3f8124679c3@group-DF17D1BD5128-SegmentedRaftLogWorker: created new log segment /workdir/hadoop-ozone/ozonefs/target/test-dir/MiniOzoneClusterImpl-ec9cbae6-e51d-4388-8482-e19082e5b468/datanode-2/data/ratis/5440dfb9-d7c9-4b52-8a80-df17d1bd5128/current/log_inprogress_0
2019-09-25 05:53:09,111 [ForkJoinPool.commonPool-worker-0] INFO  ozoneimpl.OzoneContainer (OzoneContainer.java:stop(231)) - Attempting to stop container services.
2019-09-25 05:53:09,111 [Thread-1326] INFO  ozoneimpl.OzoneContainer (OzoneContainer.java:stop(231)) - Attempting to stop container services.
2019-09-25 05:53:09,112 [ForkJoinPool.commonPool-worker-0] INFO  impl.RaftServerProxy (RaftServerProxy.java:lambda$close$4(314)) - 9d1d05b8-38cb-4125-b062-f30309294cc2: close
2019-09-25 05:53:09,112 [Thread-1326] INFO  impl.RaftServerProxy (RaftServerProxy.java:lambda$close$4(314)) - 72f1487d-ef6e-4360-9049-98595ab21d01: close
2019-09-25 05:53:09,113 [ForkJoinPool.commonPool-worker-0] INFO  impl.RaftServerImpl (RaftServerImpl.java:lambda$shutdown$3(251)) - 9d1d05b8-38cb-4125-b062-f30309294cc2@group-8A564E022379: shutdown
2019-09-25 05:53:09,113 [Thread-1326] INFO  impl.RaftServerImpl (RaftServerImpl.java:lambda$shutdown$3(251)) - 72f1487d-ef6e-4360-9049-98595ab21d01@group-2B3A51926729: shutdown
2019-09-25 05:53:09,113 [ForkJoinPool.commonPool-worker-0] INFO  util.JmxRegister (JmxRegister.java:unregister(73)) - Successfully un-registered JMX Bean with object name Ratis:service=RaftServer,group=group-8A564E022379,id=9d1d05b8-38cb-4125-b062-f30309294cc2
2019-09-25 05:53:09,114 [Thread-1326] INFO  util.JmxRegister (JmxRegister.java:unregister(73)) - Successfully un-registered JMX Bean with object name Ratis:service=RaftServer,group=group-2B3A51926729,id=72f1487d-ef6e-4360-9049-98595ab21d01
2019-09-25 05:53:09,114 [ForkJoinPool.commonPool-worker-0] INFO  impl.RoleInfo (RoleInfo.java:shutdownLeaderState(104)) - 9d1d05b8-38cb-4125-b062-f30309294cc2: shutdown LeaderState
2019-09-25 05:53:09,114 [Thread-1326] INFO  impl.RoleInfo (RoleInfo.java:shutdownLeaderState(104)) - 72f1487d-ef6e-4360-9049-98595ab21d01: shutdown LeaderState
2019-09-25 05:53:09,115 [ForkJoinPool.commonPool-worker-0] INFO  impl.PendingRequests (PendingRequests.java:sendNotLeaderResponses(202)) - 9d1d05b8-38cb-4125-b062-f30309294cc2-PendingRequests: sendNotLeaderResponses
2019-09-25 05:53:09,115 [Thread-1326] INFO  impl.PendingRequests (PendingRequests.java:sendNotLeaderResponses(202)) - 72f1487d-ef6e-4360-9049-98595ab21d01-PendingRequests: sendNotLeaderResponses
2019-09-25 05:53:09,115 [ForkJoinPool.commonPool-worker-0] INFO  impl.StateMachineUpdater (StateMachineUpdater.java:stopAndJoin(125)) - 9d1d05b8-38cb-4125-b062-f30309294cc2@group-8A564E022379-StateMachineUpdater: set stopIndex = 0
2019-09-25 05:53:09,116 [Thread-1326] INFO  impl.StateMachineUpdater (StateMachineUpdater.java:stopAndJoin(125)) - 72f1487d-ef6e-4360-9049-98595ab21d01@group-2B3A51926729-StateMachineUpdater: set stopIndex = 0
2019-09-25 05:53:09,116 [ForkJoinPool.commonPool-worker-0] INFO  impl.RaftServerImpl (ServerState.java:close(385)) - 9d1d05b8-38cb-4125-b062-f30309294cc2@group-8A564E022379: closes. applyIndex: 0
2019-09-25 05:53:09,117 [Thread-1326] INFO  impl.RaftServerImpl (ServerState.java:close(385)) - 72f1487d-ef6e-4360-9049-98595ab21d01@group-2B3A51926729: closes. applyIndex: 0
2019-09-25 05:53:09,117 [9d1d05b8-38cb-4125-b062-f30309294cc2@group-8A564E022379-SegmentedRaftLogWorker] INFO  segmented.SegmentedRaftLogWorker (SegmentedRaftLogWorker.java:run(313)) - 9d1d05b8-38cb-4125-b062-f30309294cc2@group-8A564E022379-SegmentedRaftLogWorker was interrupted, exiting. There are 0 tasks remaining in the queue.
2019-09-25 05:53:09,117 [72f1487d-ef6e-4360-9049-98595ab21d01@group-2B3A51926729-SegmentedRaftLogWorker] INFO  segmented.SegmentedRaftLogWorker (SegmentedRaftLogWorker.java:run(313)) - 72f1487d-ef6e-4360-9049-98595ab21d01@group-2B3A51926729-SegmentedRaftLogWorker was interrupted, exiting. There are 0 tasks remaining in the queue.
2019-09-25 05:53:09,118 [ForkJoinPool.commonPool-worker-0] INFO  segmented.SegmentedRaftLogWorker (SegmentedRaftLogWorker.java:close(228)) - 9d1d05b8-38cb-4125-b062-f30309294cc2@group-8A564E022379-SegmentedRaftLogWorker close()
2019-09-25 05:53:09,118 [Thread-1326] INFO  segmented.SegmentedRaftLogWorker (SegmentedRaftLogWorker.java:close(228)) - 72f1487d-ef6e-4360-9049-98595ab21d01@group-2B3A51926729-SegmentedRaftLogWorker close()
2019-09-25 05:53:09,121 [ForkJoinPool.commonPool-worker-0] INFO  impl.RaftServerImpl (RaftServerImpl.java:lambda$shutdown$3(251)) - 9d1d05b8-38cb-4125-b062-f30309294cc2@group-15A062B1E243: shutdown
2019-09-25 05:53:09,123 [Thread-1326] INFO  impl.RaftServerImpl (RaftServerImpl.java:lambda$shutdown$3(251)) - 72f1487d-ef6e-4360-9049-98595ab21d01@group-7A16581E0993: shutdown
2019-09-25 05:53:09,124 [ForkJoinPool.commonPool-worker-0] INFO  util.JmxRegister (JmxRegister.java:unregister(73)) - Successfully un-registered JMX Bean with object name Ratis:service=RaftServer,group=group-15A062B1E243,id=9d1d05b8-38cb-4125-b062-f30309294cc2
2019-09-25 05:53:09,124 [Thread-1326] INFO  util.JmxRegister (JmxRegister.java:unregister(73)) - Successfully un-registered JMX Bean with object name Ratis:service=RaftServer,group=group-7A16581E0993,id=72f1487d-ef6e-4360-9049-98595ab21d01
2019-09-25 05:53:09,124 [ForkJoinPool.commonPool-worker-0] INFO  impl.RoleInfo (RoleInfo.java:shutdownLeaderState(104)) - 9d1d05b8-38cb-4125-b062-f30309294cc2: shutdown LeaderState
2019-09-25 05:53:09,125 [Thread-1326] INFO  impl.RoleInfo (RoleInfo.java:shutdownLeaderState(104)) - 72f1487d-ef6e-4360-9049-98595ab21d01: shutdown LeaderState
2019-09-25 05:53:09,125 [ForkJoinPool.commonPool-worker-0] INFO  impl.PendingRequests (PendingRequests.java:sendNotLeaderResponses(202)) - 9d1d05b8-38cb-4125-b062-f30309294cc2-PendingRequests: sendNotLeaderResponses
2019-09-25 05:53:09,125 [Thread-1326] INFO  impl.PendingRequests (PendingRequests.java:sendNotLeaderResponses(202)) - 72f1487d-ef6e-4360-9049-98595ab21d01-PendingRequests: sendNotLeaderResponses
2019-09-25 05:53:09,126 [ForkJoinPool.commonPool-worker-0] INFO  impl.StateMachineUpdater (StateMachineUpdater.java:stopAndJoin(125)) - 9d1d05b8-38cb-4125-b062-f30309294cc2@group-15A062B1E243-StateMachineUpdater: set stopIndex = 0
2019-09-25 05:53:09,126 [Thread-1326] INFO  impl.StateMachineUpdater (StateMachineUpdater.java:stopAndJoin(125)) - 72f1487d-ef6e-4360-9049-98595ab21d01@group-7A16581E0993-StateMachineUpdater: set stopIndex = 0
2019-09-25 05:53:09,126 [ForkJoinPool.commonPool-worker-0] INFO  impl.RaftServerImpl (ServerState.java:close(385)) - 9d1d05b8-38cb-4125-b062-f30309294cc2@group-15A062B1E243: closes. applyIndex: 0
2019-09-25 05:53:09,127 [9d1d05b8-38cb-4125-b062-f30309294cc2@group-15A062B1E243-SegmentedRaftLogWorker] INFO  segmented.SegmentedRaftLogWorker (SegmentedRaftLogWorker.java:run(313)) - 9d1d05b8-38cb-4125-b062-f30309294cc2@group-15A062B1E243-SegmentedRaftLogWorker was interrupted, exiting. There are 0 tasks remaining in the queue.
2019-09-25 05:53:09,127 [ForkJoinPool.commonPool-worker-0] INFO  segmented.SegmentedRaftLogWorker (SegmentedRaftLogWorker.java:close(228)) - 9d1d05b8-38cb-4125-b062-f30309294cc2@group-15A062B1E243-SegmentedRaftLogWorker close()
2019-09-25 05:53:09,128 [Thread-1326] INFO  impl.RaftServerImpl (ServerState.java:close(385)) - 72f1487d-ef6e-4360-9049-98595ab21d01@group-7A16581E0993: closes. applyIndex: 0
2019-09-25 05:53:09,130 [ForkJoinPool.commonPool-worker-0] INFO  impl.RaftServerImpl (RaftServerImpl.java:lambda$shutdown$3(251)) - 9d1d05b8-38cb-4125-b062-f30309294cc2@group-00417CBC0928: shutdown
2019-09-25 05:53:09,130 [72f1487d-ef6e-4360-9049-98595ab21d01@group-7A16581E0993-SegmentedRaftLogWorker] INFO  segmented.SegmentedRaftLogWorker (SegmentedRaftLogWorker.java:run(313)) - 72f1487d-ef6e-4360-9049-98595ab21d01@group-7A16581E0993-SegmentedRaftLogWorker was interrupted, exiting. There are 0 tasks remaining in the queue.
2019-09-25 05:53:09,130 [ForkJoinPool.commonPool-worker-0] INFO  util.JmxRegister (JmxRegister.java:unregister(73)) - Successfully un-registered JMX Bean with object name Ratis:service=RaftServer,group=group-00417CBC0928,id=9d1d05b8-38cb-4125-b062-f30309294cc2
2019-09-25 05:53:09,131 [Thread-1326] INFO  segmented.SegmentedRaftLogWorker (SegmentedRaftLogWorker.java:close(228)) - 72f1487d-ef6e-4360-9049-98595ab21d01@group-7A16581E0993-SegmentedRaftLogWorker close()
2019-09-25 05:53:09,131 [ForkJoinPool.commonPool-worker-0] INFO  impl.RoleInfo (RoleInfo.java:shutdownLeaderState(104)) - 9d1d05b8-38cb-4125-b062-f30309294cc2: shutdown LeaderState
2019-09-25 05:53:09,133 [Thread-1326] INFO  impl.RaftServerImpl (RaftServerImpl.java:lambda$shutdown$3(251)) - 72f1487d-ef6e-4360-9049-98595ab21d01@group-9C7F49333ACD: shutdown
2019-09-25 05:53:09,133 [ForkJoinPool.commonPool-worker-0] INFO  impl.PendingRequests (PendingRequests.java:sendNotLeaderResponses(202)) - 9d1d05b8-38cb-4125-b062-f30309294cc2-PendingRequests: sendNotLeaderResponses
2019-09-25 05:53:09,134 [Thread-1326] INFO  util.JmxRegister (JmxRegister.java:unregister(73)) - Successfully un-registered JMX Bean with object name Ratis:service=RaftServer,group=group-9C7F49333ACD,id=72f1487d-ef6e-4360-9049-98595ab21d01
2019-09-25 05:53:09,134 [ForkJoinPool.commonPool-worker-0] INFO  impl.StateMachineUpdater (StateMachineUpdater.java:stopAndJoin(125)) - 9d1d05b8-38cb-4125-b062-f30309294cc2@group-00417CBC0928-StateMachineUpdater: set stopIndex = 0
2019-09-25 05:53:09,135 [Thread-1326] INFO  impl.RoleInfo (RoleInfo.java:shutdownLeaderState(104)) - 72f1487d-ef6e-4360-9049-98595ab21d01: shutdown LeaderState
2019-09-25 05:53:09,135 [ForkJoinPool.commonPool-worker-0] INFO  impl.RaftServerImpl (ServerState.java:close(385)) - 9d1d05b8-38cb-4125-b062-f30309294cc2@group-00417CBC0928: closes. applyIndex: 0
2019-09-25 05:53:09,135 [Thread-1326] INFO  impl.PendingRequests (PendingRequests.java:sendNotLeaderResponses(202)) - 72f1487d-ef6e-4360-9049-98595ab21d01-PendingRequests: sendNotLeaderResponses
2019-09-25 05:53:09,136 [9d1d05b8-38cb-4125-b062-f30309294cc2@group-00417CBC0928-SegmentedRaftLogWorker] INFO  segmented.SegmentedRaftLogWorker (SegmentedRaftLogWorker.java:run(313)) - 9d1d05b8-38cb-4125-b062-f30309294cc2@group-00417CBC0928-SegmentedRaftLogWorker was interrupted, exiting. There are 0 tasks remaining in the queue.
2019-09-25 05:53:09,136 [Thread-1326] INFO  impl.StateMachineUpdater (StateMachineUpdater.java:stopAndJoin(125)) - 72f1487d-ef6e-4360-9049-98595ab21d01@group-9C7F49333ACD-StateMachineUpdater: set stopIndex = 0
2019-09-25 05:53:09,136 [ForkJoinPool.commonPool-worker-0] INFO  segmented.SegmentedRaftLogWorker (SegmentedRaftLogWorker.java:close(228)) - 9d1d05b8-38cb-4125-b062-f30309294cc2@group-00417CBC0928-SegmentedRaftLogWorker close()
2019-09-25 05:53:09,136 [Thread-1326] INFO  impl.RaftServerImpl (ServerState.java:close(385)) - 72f1487d-ef6e-4360-9049-98595ab21d01@group-9C7F49333ACD: closes. applyIndex: 0
2019-09-25 05:53:09,139 [ForkJoinPool.commonPool-worker-0] INFO  impl.RaftServerImpl (RaftServerImpl.java:lambda$shutdown$3(251)) - 9d1d05b8-38cb-4125-b062-f30309294cc2@group-746239D33BF4: shutdown
2019-09-25 05:53:09,139 [72f1487d-ef6e-4360-9049-98595ab21d01@group-9C7F49333ACD-SegmentedRaftLogWorker] INFO  segmented.SegmentedRaftLogWorker (SegmentedRaftLogWorker.java:run(313)) - 72f1487d-ef6e-4360-9049-98595ab21d01@group-9C7F49333ACD-SegmentedRaftLogWorker was interrupted, exiting. There are 0 tasks remaining in the queue.
2019-09-25 05:53:09,139 [ForkJoinPool.commonPool-worker-0] INFO  util.JmxRegister (JmxRegister.java:unregister(73)) - Successfully un-registered JMX Bean with object name Ratis:service=RaftServer,group=group-746239D33BF4,id=9d1d05b8-38cb-4125-b062-f30309294cc2
2019-09-25 05:53:09,140 [Thread-1326] INFO  segmented.SegmentedRaftLogWorker (SegmentedRaftLogWorker.java:close(228)) - 72f1487d-ef6e-4360-9049-98595ab21d01@group-9C7F49333ACD-SegmentedRaftLogWorker close()
2019-09-25 05:53:09,140 [ForkJoinPool.commonPool-worker-0] INFO  impl.RoleInfo (RoleInfo.java:shutdownLeaderState(104)) - 9d1d05b8-38cb-4125-b062-f30309294cc2: shutdown LeaderState
2019-09-25 05:53:09,142 [Thread-1326] INFO  impl.RaftServerImpl (RaftServerImpl.java:lambda$shutdown$3(251)) - 72f1487d-ef6e-4360-9049-98595ab21d01@group-5ECFAA3732D6: shutdown
2019-09-25 05:53:09,142 [ForkJoinPool.commonPool-worker-0] INFO  impl.PendingRequests (PendingRequests.java:sendNotLeaderResponses(202)) - 9d1d05b8-38cb-4125-b062-f30309294cc2-PendingRequests: sendNotLeaderResponses
2019-09-25 05:53:09,143 [Thread-1326] INFO  util.JmxRegister (JmxRegister.java:unregister(73)) - Successfully un-registered JMX Bean with object name Ratis:service=RaftServer,group=group-5ECFAA3732D6,id=72f1487d-ef6e-4360-9049-98595ab21d01
2019-09-25 05:53:09,143 [ForkJoinPool.commonPool-worker-0] INFO  impl.StateMachineUpdater (StateMachineUpdater.java:stopAndJoin(125)) - 9d1d05b8-38cb-4125-b062-f30309294cc2@group-746239D33BF4-StateMachineUpdater: set stopIndex = 0
2019-09-25 05:53:09,143 [Thread-1326] INFO  impl.RoleInfo (RoleInfo.java:shutdownLeaderState(104)) - 72f1487d-ef6e-4360-9049-98595ab21d01: shutdown LeaderState
2019-09-25 05:53:09,144 [ForkJoinPool.commonPool-worker-0] INFO  impl.RaftServerImpl (ServerState.java:close(385)) - 9d1d05b8-38cb-4125-b062-f30309294cc2@group-746239D33BF4: closes. applyIndex: 0
2019-09-25 05:53:09,144 [Thread-1326] INFO  impl.PendingRequests (PendingRequests.java:sendNotLeaderResponses(202)) - 72f1487d-ef6e-4360-9049-98595ab21d01-PendingRequests: sendNotLeaderResponses
2019-09-25 05:53:09,145 [9d1d05b8-38cb-4125-b062-f30309294cc2@group-746239D33BF4-SegmentedRaftLogWorker] INFO  segmented.SegmentedRaftLogWorker (SegmentedRaftLogWorker.java:run(313)) - 9d1d05b8-38cb-4125-b062-f30309294cc2@group-746239D33BF4-SegmentedRaftLogWorker was interrupted, exiting. There are 0 tasks remaining in the queue.
2019-09-25 05:53:09,145 [Thread-1326] INFO  impl.StateMachineUpdater (StateMachineUpdater.java:stopAndJoin(125)) - 72f1487d-ef6e-4360-9049-98595ab21d01@group-5ECFAA3732D6-StateMachineUpdater: set stopIndex = 0
2019-09-25 05:53:09,145 [ForkJoinPool.commonPool-worker-0] INFO  segmented.SegmentedRaftLogWorker (SegmentedRaftLogWorker.java:close(228)) - 9d1d05b8-38cb-4125-b062-f30309294cc2@group-746239D33BF4-SegmentedRaftLogWorker close()
2019-09-25 05:53:09,145 [Thread-1326] INFO  impl.RaftServerImpl (ServerState.java:close(385)) - 72f1487d-ef6e-4360-9049-98595ab21d01@group-5ECFAA3732D6: closes. applyIndex: 0
2019-09-25 05:53:09,148 [ForkJoinPool.commonPool-worker-0] INFO  impl.RaftServerImpl (RaftServerImpl.java:lambda$shutdown$3(251)) - 9d1d05b8-38cb-4125-b062-f30309294cc2@group-7B1F408DD57D: shutdown
2019-09-25 05:53:09,148 [72f1487d-ef6e-4360-9049-98595ab21d01@group-5ECFAA3732D6-SegmentedRaftLogWorker] INFO  segmented.SegmentedRaftLogWorker (SegmentedRaftLogWorker.java:run(313)) - 72f1487d-ef6e-4360-9049-98595ab21d01@group-5ECFAA3732D6-SegmentedRaftLogWorker was interrupted, exiting. There are 0 tasks remaining in the queue.
2019-09-25 05:53:09,148 [ForkJoinPool.commonPool-worker-0] INFO  util.JmxRegister (JmxRegister.java:unregister(73)) - Successfully un-registered JMX Bean with object name Ratis:service=RaftServer,group=group-7B1F408DD57D,id=9d1d05b8-38cb-4125-b062-f30309294cc2
2019-09-25 05:53:09,149 [Thread-1326] INFO  segmented.SegmentedRaftLogWorker (SegmentedRaftLogWorker.java:close(228)) - 72f1487d-ef6e-4360-9049-98595ab21d01@group-5ECFAA3732D6-SegmentedRaftLogWorker close()
2019-09-25 05:53:09,149 [ForkJoinPool.commonPool-worker-0] INFO  impl.RoleInfo (RoleInfo.java:shutdownLeaderState(104)) - 9d1d05b8-38cb-4125-b062-f30309294cc2: shutdown LeaderState
2019-09-25 05:53:09,151 [Thread-1326] INFO  impl.RaftServerImpl (RaftServerImpl.java:lambda$shutdown$3(251)) - 72f1487d-ef6e-4360-9049-98595ab21d01@group-9EDEB544A8CB: shutdown
2019-09-25 05:53:09,151 [ForkJoinPool.commonPool-worker-0] INFO  impl.PendingRequests (PendingRequests.java:sendNotLeaderResponses(202)) - 9d1d05b8-38cb-4125-b062-f30309294cc2-PendingRequests: sendNotLeaderResponses
2019-09-25 05:53:09,152 [Thread-1326] INFO  util.JmxRegister (JmxRegister.java:unregister(73)) - Successfully un-registered JMX Bean with object name Ratis:service=RaftServer,group=group-9EDEB544A8CB,id=72f1487d-ef6e-4360-9049-98595ab21d01
2019-09-25 05:53:09,152 [Thread-1326] INFO  impl.RoleInfo (RoleInfo.java:shutdownLeaderState(104)) - 72f1487d-ef6e-4360-9049-98595ab21d01: shutdown LeaderState
2019-09-25 05:53:09,152 [ForkJoinPool.commonPool-worker-0] INFO  impl.StateMachineUpdater (StateMachineUpdater.java:stopAndJoin(125)) - 9d1d05b8-38cb-4125-b062-f30309294cc2@group-7B1F408DD57D-StateMachineUpdater: set stopIndex = 0
2019-09-25 05:53:09,153 [Thread-1326] INFO  impl.PendingRequests (PendingRequests.java:sendNotLeaderResponses(202)) - 72f1487d-ef6e-4360-9049-98595ab21d01-PendingRequests: sendNotLeaderResponses
2019-09-25 05:53:09,153 [ForkJoinPool.commonPool-worker-0] INFO  impl.RaftServerImpl (ServerState.java:close(385)) - 9d1d05b8-38cb-4125-b062-f30309294cc2@group-7B1F408DD57D: closes. applyIndex: 0
2019-09-25 05:53:09,154 [Thread-1326] INFO  impl.StateMachineUpdater (StateMachineUpdater.java:stopAndJoin(125)) - 72f1487d-ef6e-4360-9049-98595ab21d01@group-9EDEB544A8CB-StateMachineUpdater: set stopIndex = 0
2019-09-25 05:53:09,154 [Thread-1326] INFO  impl.RaftServerImpl (ServerState.java:close(385)) - 72f1487d-ef6e-4360-9049-98595ab21d01@group-9EDEB544A8CB: closes. applyIndex: 0
2019-09-25 05:53:09,154 [9d1d05b8-38cb-4125-b062-f30309294cc2@group-7B1F408DD57D-SegmentedRaftLogWorker] INFO  segmented.SegmentedRaftLogWorker (SegmentedRaftLogWorker.java:run(313)) - 9d1d05b8-38cb-4125-b062-f30309294cc2@group-7B1F408DD57D-SegmentedRaftLogWorker was interrupted, exiting. There are 0 tasks remaining in the queue.
2019-09-25 05:53:09,155 [72f1487d-ef6e-4360-9049-98595ab21d01@group-9EDEB544A8CB-SegmentedRaftLogWorker] INFO  segmented.SegmentedRaftLogWorker (SegmentedRaftLogWorker.java:run(313)) - 72f1487d-ef6e-4360-9049-98595ab21d01@group-9EDEB544A8CB-SegmentedRaftLogWorker was interrupted, exiting. There are 0 tasks remaining in the queue.
2019-09-25 05:53:09,155 [ForkJoinPool.commonPool-worker-0] INFO  segmented.SegmentedRaftLogWorker (SegmentedRaftLogWorker.java:close(228)) - 9d1d05b8-38cb-4125-b062-f30309294cc2@group-7B1F408DD57D-SegmentedRaftLogWorker close()
2019-09-25 05:53:09,155 [Thread-1326] INFO  segmented.SegmentedRaftLogWorker (SegmentedRaftLogWorker.java:close(228)) - 72f1487d-ef6e-4360-9049-98595ab21d01@group-9EDEB544A8CB-SegmentedRaftLogWorker close()
2019-09-25 05:53:09,157 [ForkJoinPool.commonPool-worker-0] INFO  impl.RaftServerImpl (RaftServerImpl.java:lambda$shutdown$3(251)) - 9d1d05b8-38cb-4125-b062-f30309294cc2@group-4A4F178D2F0E: shutdown
2019-09-25 05:53:09,159 [Thread-1326] INFO  impl.RaftServerImpl (RaftServerImpl.java:lambda$shutdown$3(251)) - 72f1487d-ef6e-4360-9049-98595ab21d01@group-B452D1C196AA: shutdown
2019-09-25 05:53:09,160 [ForkJoinPool.commonPool-worker-0] INFO  util.JmxRegister (JmxRegister.java:unregister(73)) - Successfully un-registered JMX Bean with object name Ratis:service=RaftServer,group=group-4A4F178D2F0E,id=9d1d05b8-38cb-4125-b062-f30309294cc2
2019-09-25 05:53:09,160 [Thread-1326] INFO  util.JmxRegister (JmxRegister.java:unregister(73)) - Successfully un-registered JMX Bean with object name Ratis:service=RaftServer,group=group-B452D1C196AA,id=72f1487d-ef6e-4360-9049-98595ab21d01
2019-09-25 05:53:09,161 [Thread-1326] INFO  impl.RoleInfo (RoleInfo.java:shutdownLeaderState(104)) - 72f1487d-ef6e-4360-9049-98595ab21d01: shutdown LeaderState
2019-09-25 05:53:09,160 [ForkJoinPool.commonPool-worker-0] INFO  impl.RoleInfo (RoleInfo.java:shutdownLeaderState(104)) - 9d1d05b8-38cb-4125-b062-f30309294cc2: shutdown LeaderState
2019-09-25 05:53:09,161 [Thread-1326] INFO  impl.PendingRequests (PendingRequests.java:sendNotLeaderResponses(202)) - 72f1487d-ef6e-4360-9049-98595ab21d01-PendingRequests: sendNotLeaderResponses
2019-09-25 05:53:09,161 [ForkJoinPool.commonPool-worker-0] INFO  impl.PendingRequests (PendingRequests.java:sendNotLeaderResponses(202)) - 9d1d05b8-38cb-4125-b062-f30309294cc2-PendingRequests: sendNotLeaderResponses
2019-09-25 05:53:09,162 [Thread-1326] INFO  impl.StateMachineUpdater (StateMachineUpdater.java:stopAndJoin(125)) - 72f1487d-ef6e-4360-9049-98595ab21d01@group-B452D1C196AA-StateMachineUpdater: set stopIndex = 0
2019-09-25 05:53:09,162 [ForkJoinPool.commonPool-worker-0] INFO  impl.StateMachineUpdater (StateMachineUpdater.java:stopAndJoin(125)) - 9d1d05b8-38cb-4125-b062-f30309294cc2@group-4A4F178D2F0E-StateMachineUpdater: set stopIndex = 0
2019-09-25 05:53:09,162 [Thread-1326] INFO  impl.RaftServerImpl (ServerState.java:close(385)) - 72f1487d-ef6e-4360-9049-98595ab21d01@group-B452D1C196AA: closes. applyIndex: 0
2019-09-25 05:53:09,163 [ForkJoinPool.commonPool-worker-0] INFO  impl.RaftServerImpl (ServerState.java:close(385)) - 9d1d05b8-38cb-4125-b062-f30309294cc2@group-4A4F178D2F0E: closes. applyIndex: 0
2019-09-25 05:53:09,163 [72f1487d-ef6e-4360-9049-98595ab21d01@group-B452D1C196AA-SegmentedRaftLogWorker] INFO  segmented.SegmentedRaftLogWorker (SegmentedRaftLogWorker.java:run(313)) - 72f1487d-ef6e-4360-9049-98595ab21d01@group-B452D1C196AA-SegmentedRaftLogWorker was interrupted, exiting. There are 0 tasks remaining in the queue.
2019-09-25 05:53:09,163 [9d1d05b8-38cb-4125-b062-f30309294cc2@group-4A4F178D2F0E-SegmentedRaftLogWorker] INFO  segmented.SegmentedRaftLogWorker (SegmentedRaftLogWorker.java:run(313)) - 9d1d05b8-38cb-4125-b062-f30309294cc2@group-4A4F178D2F0E-SegmentedRaftLogWorker was interrupted, exiting. There are 0 tasks remaining in the queue.
2019-09-25 05:53:09,164 [Thread-1326] INFO  segmented.SegmentedRaftLogWorker (SegmentedRaftLogWorker.java:close(228)) - 72f1487d-ef6e-4360-9049-98595ab21d01@group-B452D1C196AA-SegmentedRaftLogWorker close()
2019-09-25 05:53:09,164 [ForkJoinPool.commonPool-worker-0] INFO  segmented.SegmentedRaftLogWorker (SegmentedRaftLogWorker.java:close(228)) - 9d1d05b8-38cb-4125-b062-f30309294cc2@group-4A4F178D2F0E-SegmentedRaftLogWorker close()
2019-09-25 05:53:09,166 [Thread-1326] INFO  server.GrpcService (GrpcService.java:closeImpl(164)) - 72f1487d-ef6e-4360-9049-98595ab21d01: shutdown server with port 46703 now
2019-09-25 05:53:09,168 [ForkJoinPool.commonPool-worker-0] INFO  server.GrpcService (GrpcService.java:closeImpl(164)) - 9d1d05b8-38cb-4125-b062-f30309294cc2: shutdown server with port 44387 now
2019-09-25 05:53:09,170 [Thread-1326] INFO  server.GrpcService (GrpcService.java:closeImpl(172)) - 72f1487d-ef6e-4360-9049-98595ab21d01: shutdown server with port 46703 successfully
2019-09-25 05:53:09,172 [ForkJoinPool.commonPool-worker-0] INFO  server.GrpcService (GrpcService.java:closeImpl(172)) - 9d1d05b8-38cb-4125-b062-f30309294cc2: shutdown server with port 44387 successfully
2019-09-25 05:53:09,174 [refreshUsed-/workdir/hadoop-ozone/ozonefs/target/test-dir/MiniOzoneClusterImpl-ec9cbae6-e51d-4388-8482-e19082e5b468/datanode-1/data/containers] WARN  fs.CachingGetSpaceUsed (CachingGetSpaceUsed.java:run(183)) - Thread Interrupted waiting to refresh disk information: sleep interrupted
2019-09-25 05:53:09,181 [refreshUsed-/workdir/hadoop-ozone/ozonefs/target/test-dir/MiniOzoneClusterImpl-ec9cbae6-e51d-4388-8482-e19082e5b468/datanode-0/data/containers] WARN  fs.CachingGetSpaceUsed (CachingGetSpaceUsed.java:run(183)) - Thread Interrupted waiting to refresh disk information: sleep interrupted
2019-09-25 05:53:09,206 [Thread-1326] INFO  utils.BackgroundService (BackgroundService.java:shutdown(148)) - Shutting down service BlockDeletingService
2019-09-25 05:53:09,206 [ForkJoinPool.commonPool-worker-0] INFO  utils.BackgroundService (BackgroundService.java:shutdown(148)) - Shutting down service BlockDeletingService
2019-09-25 05:53:09,222 [Thread-1326] INFO  statemachine.DatanodeStateMachine (DatanodeStateMachine.java:stopDaemon(395)) - Ozone container server stopped.
2019-09-25 05:53:09,224 [ForkJoinPool.commonPool-worker-0] INFO  statemachine.DatanodeStateMachine (DatanodeStateMachine.java:stopDaemon(395)) - Ozone container server stopped.
2019-09-25 05:53:09,230 [ForkJoinPool.commonPool-worker-0] INFO  handler.ContextHandler (ContextHandler.java:doStop(910)) - Stopped o.e.j.w.WebAppContext@1888f707{/,null,UNAVAILABLE}{/hddsDatanode}
2019-09-25 05:53:09,230 [Thread-1326] INFO  handler.ContextHandler (ContextHandler.java:doStop(910)) - Stopped o.e.j.w.WebAppContext@385d388e{/,null,UNAVAILABLE}{/hddsDatanode}
2019-09-25 05:53:09,231 [ForkJoinPool.commonPool-worker-0] INFO  server.AbstractConnector (AbstractConnector.java:doStop(318)) - Stopped ServerConnector@2ecaa1b8{HTTP/1.1,[http/1.1]}{0.0.0.0:0}
2019-09-25 05:53:09,232 [Thread-1326] INFO  server.AbstractConnector (AbstractConnector.java:doStop(318)) - Stopped ServerConnector@4dbcd83d{HTTP/1.1,[http/1.1]}{0.0.0.0:0}
2019-09-25 05:53:09,232 [ForkJoinPool.commonPool-worker-0] INFO  handler.ContextHandler (ContextHandler.java:doStop(910)) - Stopped o.e.j.s.ServletContextHandler@152540ca{/static,jar:file:/home/user/.m2/repository/org/apache/hadoop/hadoop-hdds-container-service/0.5.0-SNAPSHOT/hadoop-hdds-container-service-0.5.0-SNAPSHOT.jar!/webapps/static,UNAVAILABLE}
2019-09-25 05:53:09,233 [Thread-1326] INFO  handler.ContextHandler (ContextHandler.java:doStop(910)) - Stopped o.e.j.s.ServletContextHandler@7eee1014{/static,jar:file:/home/user/.m2/repository/org/apache/hadoop/hadoop-hdds-container-service/0.5.0-SNAPSHOT/hadoop-hdds-container-service-0.5.0-SNAPSHOT.jar!/webapps/static,UNAVAILABLE}
2019-09-25 05:53:09,235 [ForkJoinPool.commonPool-worker-0] INFO  handler.ContextHandler (ContextHandler.java:doStop(910)) - Stopped o.e.j.s.ServletContextHandler@47ab8200{/logs,file:///workdir/hadoop-ozone/ozonefs/target/log,UNAVAILABLE}
2019-09-25 05:53:09,235 [Thread-1326] INFO  handler.ContextHandler (ContextHandler.java:doStop(910)) - Stopped o.e.j.s.ServletContextHandler@3005d9f9{/logs,file:///workdir/hadoop-ozone/ozonefs/target/log,UNAVAILABLE}
2019-09-25 05:53:09,981 [Datanode State Machine Thread - 0] INFO  statemachine.DatanodeStateMachine (DatanodeStateMachine.java:lambda$startDaemon$0(350)) - Ozone container server started.
2019-09-25 05:53:14,237 [ForkJoinPool.commonPool-worker-0] INFO  ozoneimpl.OzoneContainer (OzoneContainer.java:stop(231)) - Attempting to stop container services.
2019-09-25 05:53:14,238 [ForkJoinPool.commonPool-worker-0] INFO  impl.RaftServerProxy (RaftServerProxy.java:lambda$close$4(314)) - 506f61c1-59c8-4ed5-a20b-d3f8124679c3: close
2019-09-25 05:53:14,238 [ForkJoinPool.commonPool-worker-0] INFO  impl.RaftServerImpl (RaftServerImpl.java:lambda$shutdown$3(251)) - 506f61c1-59c8-4ed5-a20b-d3f8124679c3@group-809F53149C72: shutdown
2019-09-25 05:53:14,239 [ForkJoinPool.commonPool-worker-0] INFO  util.JmxRegister (JmxRegister.java:unregister(73)) - Successfully un-registered JMX Bean with object name Ratis:service=RaftServer,group=group-809F53149C72,id=506f61c1-59c8-4ed5-a20b-d3f8124679c3
2019-09-25 05:53:14,239 [ForkJoinPool.commonPool-worker-0] INFO  impl.RoleInfo (RoleInfo.java:shutdownLeaderState(104)) - 506f61c1-59c8-4ed5-a20b-d3f8124679c3: shutdown LeaderState
2019-09-25 05:53:14,239 [ForkJoinPool.commonPool-worker-0] INFO  impl.PendingRequests (PendingRequests.java:sendNotLeaderResponses(202)) - 506f61c1-59c8-4ed5-a20b-d3f8124679c3-PendingRequests: sendNotLeaderResponses
2019-09-25 05:53:14,240 [ForkJoinPool.commonPool-worker-0] INFO  impl.StateMachineUpdater (StateMachineUpdater.java:stopAndJoin(125)) - 506f61c1-59c8-4ed5-a20b-d3f8124679c3@group-809F53149C72-StateMachineUpdater: set stopIndex = 0
2019-09-25 05:53:14,240 [ForkJoinPool.commonPool-worker-0] INFO  impl.RaftServerImpl (ServerState.java:close(385)) - 506f61c1-59c8-4ed5-a20b-d3f8124679c3@group-809F53149C72: closes. applyIndex: 0
2019-09-25 05:53:14,240 [506f61c1-59c8-4ed5-a20b-d3f8124679c3@group-809F53149C72-SegmentedRaftLogWorker] INFO  segmented.SegmentedRaftLogWorker (SegmentedRaftLogWorker.java:run(313)) - 506f61c1-59c8-4ed5-a20b-d3f8124679c3@group-809F53149C72-SegmentedRaftLogWorker was interrupted, exiting. There are 0 tasks remaining in the queue.
2019-09-25 05:53:14,241 [ForkJoinPool.commonPool-worker-0] INFO  segmented.SegmentedRaftLogWorker (SegmentedRaftLogWorker.java:close(228)) - 506f61c1-59c8-4ed5-a20b-d3f8124679c3@group-809F53149C72-SegmentedRaftLogWorker close()
2019-09-25 05:53:14,243 [ForkJoinPool.commonPool-worker-0] INFO  impl.RaftServerImpl (RaftServerImpl.java:lambda$shutdown$3(251)) - 506f61c1-59c8-4ed5-a20b-d3f8124679c3@group-540BB61A3B6F: shutdown
2019-09-25 05:53:14,243 [ForkJoinPool.commonPool-worker-0] INFO  util.JmxRegister (JmxRegister.java:unregister(73)) - Successfully un-registered JMX Bean with object name Ratis:service=RaftServer,group=group-540BB61A3B6F,id=506f61c1-59c8-4ed5-a20b-d3f8124679c3
2019-09-25 05:53:14,243 [ForkJoinPool.commonPool-worker-0] INFO  impl.RoleInfo (RoleInfo.java:shutdownLeaderState(104)) - 506f61c1-59c8-4ed5-a20b-d3f8124679c3: shutdown LeaderState
2019-09-25 05:53:14,244 [ForkJoinPool.commonPool-worker-0] INFO  impl.PendingRequests (PendingRequests.java:sendNotLeaderResponses(202)) - 506f61c1-59c8-4ed5-a20b-d3f8124679c3-PendingRequests: sendNotLeaderResponses
2019-09-25 05:53:14,244 [ForkJoinPool.commonPool-worker-0] INFO  impl.StateMachineUpdater (StateMachineUpdater.java:stopAndJoin(125)) - 506f61c1-59c8-4ed5-a20b-d3f8124679c3@group-540BB61A3B6F-StateMachineUpdater: set stopIndex = 0
2019-09-25 05:53:14,244 [ForkJoinPool.commonPool-worker-0] INFO  impl.RaftServerImpl (ServerState.java:close(385)) - 506f61c1-59c8-4ed5-a20b-d3f8124679c3@group-540BB61A3B6F: closes. applyIndex: 0
2019-09-25 05:53:14,245 [506f61c1-59c8-4ed5-a20b-d3f8124679c3@group-540BB61A3B6F-SegmentedRaftLogWorker] INFO  segmented.SegmentedRaftLogWorker (SegmentedRaftLogWorker.java:run(313)) - 506f61c1-59c8-4ed5-a20b-d3f8124679c3@group-540BB61A3B6F-SegmentedRaftLogWorker was interrupted, exiting. There are 0 tasks remaining in the queue.
2019-09-25 05:53:14,253 [ForkJoinPool.commonPool-worker-0] INFO  segmented.SegmentedRaftLogWorker (SegmentedRaftLogWorker.java:close(228)) - 506f61c1-59c8-4ed5-a20b-d3f8124679c3@group-540BB61A3B6F-SegmentedRaftLogWorker close()
2019-09-25 05:53:14,254 [ForkJoinPool.commonPool-worker-0] INFO  impl.RaftServerImpl (RaftServerImpl.java:lambda$shutdown$3(251)) - 506f61c1-59c8-4ed5-a20b-d3f8124679c3@group-DF17D1BD5128: shutdown
2019-09-25 05:53:14,255 [ForkJoinPool.commonPool-worker-0] INFO  util.JmxRegister (JmxRegister.java:unregister(73)) - Successfully un-registered JMX Bean with object name Ratis:service=RaftServer,group=group-DF17D1BD5128,id=506f61c1-59c8-4ed5-a20b-d3f8124679c3
2019-09-25 05:53:14,255 [ForkJoinPool.commonPool-worker-0] INFO  impl.RoleInfo (RoleInfo.java:shutdownLeaderState(104)) - 506f61c1-59c8-4ed5-a20b-d3f8124679c3: shutdown LeaderState
2019-09-25 05:53:14,255 [ForkJoinPool.commonPool-worker-0] INFO  impl.PendingRequests (PendingRequests.java:sendNotLeaderResponses(202)) - 506f61c1-59c8-4ed5-a20b-d3f8124679c3-PendingRequests: sendNotLeaderResponses
2019-09-25 05:53:14,255 [ForkJoinPool.commonPool-worker-0] INFO  impl.StateMachineUpdater (StateMachineUpdater.java:stopAndJoin(125)) - 506f61c1-59c8-4ed5-a20b-d3f8124679c3@group-DF17D1BD5128-StateMachineUpdater: set stopIndex = 0
2019-09-25 05:53:14,256 [ForkJoinPool.commonPool-worker-0] INFO  impl.RaftServerImpl (ServerState.java:close(385)) - 506f61c1-59c8-4ed5-a20b-d3f8124679c3@group-DF17D1BD5128: closes. applyIndex: 0
2019-09-25 05:53:14,256 [506f61c1-59c8-4ed5-a20b-d3f8124679c3@group-DF17D1BD5128-SegmentedRaftLogWorker] INFO  segmented.SegmentedRaftLogWorker (SegmentedRaftLogWorker.java:run(313)) - 506f61c1-59c8-4ed5-a20b-d3f8124679c3@group-DF17D1BD5128-SegmentedRaftLogWorker was interrupted, exiting. There are 0 tasks remaining in the queue.
2019-09-25 05:53:14,256 [ForkJoinPool.commonPool-worker-0] INFO  segmented.SegmentedRaftLogWorker (SegmentedRaftLogWorker.java:close(228)) - 506f61c1-59c8-4ed5-a20b-d3f8124679c3@group-DF17D1BD5128-SegmentedRaftLogWorker close()
2019-09-25 05:53:14,258 [ForkJoinPool.commonPool-worker-0] INFO  impl.RaftServerImpl (RaftServerImpl.java:lambda$shutdown$3(251)) - 506f61c1-59c8-4ed5-a20b-d3f8124679c3@group-6B96264B2A90: shutdown
2019-09-25 05:53:14,258 [ForkJoinPool.commonPool-worker-0] INFO  util.JmxRegister (JmxRegister.java:unregister(73)) - Successfully un-registered JMX Bean with object name Ratis:service=RaftServer,group=group-6B96264B2A90,id=506f61c1-59c8-4ed5-a20b-d3f8124679c3
2019-09-25 05:53:14,258 [ForkJoinPool.commonPool-worker-0] INFO  impl.RoleInfo (RoleInfo.java:shutdownLeaderState(104)) - 506f61c1-59c8-4ed5-a20b-d3f8124679c3: shutdown LeaderState
2019-09-25 05:53:14,259 [ForkJoinPool.commonPool-worker-0] INFO  impl.PendingRequests (PendingRequests.java:sendNotLeaderResponses(202)) - 506f61c1-59c8-4ed5-a20b-d3f8124679c3-PendingRequests: sendNotLeaderResponses
2019-09-25 05:53:14,259 [ForkJoinPool.commonPool-worker-0] INFO  impl.StateMachineUpdater (StateMachineUpdater.java:stopAndJoin(125)) - 506f61c1-59c8-4ed5-a20b-d3f8124679c3@group-6B96264B2A90-StateMachineUpdater: set stopIndex = 0
2019-09-25 05:53:14,259 [ForkJoinPool.commonPool-worker-0] INFO  impl.RaftServerImpl (ServerState.java:close(385)) - 506f61c1-59c8-4ed5-a20b-d3f8124679c3@group-6B96264B2A90: closes. applyIndex: 0
2019-09-25 05:53:14,260 [506f61c1-59c8-4ed5-a20b-d3f8124679c3@group-6B96264B2A90-SegmentedRaftLogWorker] INFO  segmented.SegmentedRaftLogWorker (SegmentedRaftLogWorker.java:run(313)) - 506f61c1-59c8-4ed5-a20b-d3f8124679c3@group-6B96264B2A90-SegmentedRaftLogWorker was interrupted, exiting. There are 0 tasks remaining in the queue.
2019-09-25 05:53:14,260 [ForkJoinPool.commonPool-worker-0] INFO  segmented.SegmentedRaftLogWorker (SegmentedRaftLogWorker.java:close(228)) - 506f61c1-59c8-4ed5-a20b-d3f8124679c3@group-6B96264B2A90-SegmentedRaftLogWorker close()
2019-09-25 05:53:14,261 [ForkJoinPool.commonPool-worker-0] INFO  impl.RaftServerImpl (RaftServerImpl.java:lambda$shutdown$3(251)) - 506f61c1-59c8-4ed5-a20b-d3f8124679c3@group-A2A88EE39E77: shutdown
2019-09-25 05:53:14,261 [ForkJoinPool.commonPool-worker-0] INFO  util.JmxRegister (JmxRegister.java:unregister(73)) - Successfully un-registered JMX Bean with object name Ratis:service=RaftServer,group=group-A2A88EE39E77,id=506f61c1-59c8-4ed5-a20b-d3f8124679c3
2019-09-25 05:53:14,262 [ForkJoinPool.commonPool-worker-0] INFO  impl.RoleInfo (RoleInfo.java:shutdownLeaderState(104)) - 506f61c1-59c8-4ed5-a20b-d3f8124679c3: shutdown LeaderState
2019-09-25 05:53:14,262 [ForkJoinPool.commonPool-worker-0] INFO  impl.PendingRequests (PendingRequests.java:sendNotLeaderResponses(202)) - 506f61c1-59c8-4ed5-a20b-d3f8124679c3-PendingRequests: sendNotLeaderResponses
2019-09-25 05:53:14,262 [ForkJoinPool.commonPool-worker-0] INFO  impl.StateMachineUpdater (StateMachineUpdater.java:stopAndJoin(125)) - 506f61c1-59c8-4ed5-a20b-d3f8124679c3@group-A2A88EE39E77-StateMachineUpdater: set stopIndex = 0
2019-09-25 05:53:14,262 [ForkJoinPool.commonPool-worker-0] INFO  impl.RaftServerImpl (ServerState.java:close(385)) - 506f61c1-59c8-4ed5-a20b-d3f8124679c3@group-A2A88EE39E77: closes. applyIndex: 0
2019-09-25 05:53:14,263 [506f61c1-59c8-4ed5-a20b-d3f8124679c3@group-A2A88EE39E77-SegmentedRaftLogWorker] INFO  segmented.SegmentedRaftLogWorker (SegmentedRaftLogWorker.java:run(313)) - 506f61c1-59c8-4ed5-a20b-d3f8124679c3@group-A2A88EE39E77-SegmentedRaftLogWorker was interrupted, exiting. There are 0 tasks remaining in the queue.
2019-09-25 05:53:14,263 [ForkJoinPool.commonPool-worker-0] INFO  segmented.SegmentedRaftLogWorker (SegmentedRaftLogWorker.java:close(228)) - 506f61c1-59c8-4ed5-a20b-d3f8124679c3@group-A2A88EE39E77-SegmentedRaftLogWorker close()
2019-09-25 05:53:14,264 [ForkJoinPool.commonPool-worker-0] INFO  impl.RaftServerImpl (RaftServerImpl.java:lambda$shutdown$3(251)) - 506f61c1-59c8-4ed5-a20b-d3f8124679c3@group-C93203697DD2: shutdown
2019-09-25 05:53:14,264 [ForkJoinPool.commonPool-worker-0] INFO  util.JmxRegister (JmxRegister.java:unregister(73)) - Successfully un-registered JMX Bean with object name Ratis:service=RaftServer,group=group-C93203697DD2,id=506f61c1-59c8-4ed5-a20b-d3f8124679c3
2019-09-25 05:53:14,264 [ForkJoinPool.commonPool-worker-0] INFO  impl.RoleInfo (RoleInfo.java:shutdownLeaderState(104)) - 506f61c1-59c8-4ed5-a20b-d3f8124679c3: shutdown LeaderState
2019-09-25 05:53:14,265 [ForkJoinPool.commonPool-worker-0] INFO  impl.PendingRequests (PendingRequests.java:sendNotLeaderResponses(202)) - 506f61c1-59c8-4ed5-a20b-d3f8124679c3-PendingRequests: sendNotLeaderResponses
2019-09-25 05:53:14,265 [ForkJoinPool.commonPool-worker-0] INFO  impl.StateMachineUpdater (StateMachineUpdater.java:stopAndJoin(125)) - 506f61c1-59c8-4ed5-a20b-d3f8124679c3@group-C93203697DD2-StateMachineUpdater: set stopIndex = 0
2019-09-25 05:53:14,265 [ForkJoinPool.commonPool-worker-0] INFO  impl.RaftServerImpl (ServerState.java:close(385)) - 506f61c1-59c8-4ed5-a20b-d3f8124679c3@group-C93203697DD2: closes. applyIndex: 0
2019-09-25 05:53:14,265 [506f61c1-59c8-4ed5-a20b-d3f8124679c3@group-C93203697DD2-SegmentedRaftLogWorker] INFO  segmented.SegmentedRaftLogWorker (SegmentedRaftLogWorker.java:run(313)) - 506f61c1-59c8-4ed5-a20b-d3f8124679c3@group-C93203697DD2-SegmentedRaftLogWorker was interrupted, exiting. There are 0 tasks remaining in the queue.
2019-09-25 05:53:14,265 [ForkJoinPool.commonPool-worker-0] INFO  segmented.SegmentedRaftLogWorker (SegmentedRaftLogWorker.java:close(228)) - 506f61c1-59c8-4ed5-a20b-d3f8124679c3@group-C93203697DD2-SegmentedRaftLogWorker close()
2019-09-25 05:53:14,267 [ForkJoinPool.commonPool-worker-0] INFO  server.GrpcService (GrpcService.java:closeImpl(164)) - 506f61c1-59c8-4ed5-a20b-d3f8124679c3: shutdown server with port 40958 now
2019-09-25 05:53:14,268 [ForkJoinPool.commonPool-worker-0] INFO  server.GrpcService (GrpcService.java:closeImpl(172)) - 506f61c1-59c8-4ed5-a20b-d3f8124679c3: shutdown server with port 40958 successfully
2019-09-25 05:53:14,273 [refreshUsed-/workdir/hadoop-ozone/ozonefs/target/test-dir/MiniOzoneClusterImpl-ec9cbae6-e51d-4388-8482-e19082e5b468/datanode-2/data/containers] WARN  fs.CachingGetSpaceUsed (CachingGetSpaceUsed.java:run(183)) - Thread Interrupted waiting to refresh disk information: sleep interrupted
2019-09-25 05:53:14,290 [ForkJoinPool.commonPool-worker-0] INFO  utils.BackgroundService (BackgroundService.java:shutdown(148)) - Shutting down service BlockDeletingService
2019-09-25 05:53:14,293 [ForkJoinPool.commonPool-worker-0] INFO  statemachine.DatanodeStateMachine (DatanodeStateMachine.java:stopDaemon(395)) - Ozone container server stopped.
2019-09-25 05:53:14,296 [ForkJoinPool.commonPool-worker-0] INFO  handler.ContextHandler (ContextHandler.java:doStop(910)) - Stopped o.e.j.w.WebAppContext@bc5fde3{/,null,UNAVAILABLE}{/hddsDatanode}
2019-09-25 05:53:14,297 [ForkJoinPool.commonPool-worker-0] INFO  server.AbstractConnector (AbstractConnector.java:doStop(318)) - Stopped ServerConnector@7e0232d0{HTTP/1.1,[http/1.1]}{0.0.0.0:0}
2019-09-25 05:53:14,298 [ForkJoinPool.commonPool-worker-0] INFO  handler.ContextHandler (ContextHandler.java:doStop(910)) - Stopped o.e.j.s.ServletContextHandler@1a948b98{/static,jar:file:/home/user/.m2/repository/org/apache/hadoop/hadoop-hdds-container-service/0.5.0-SNAPSHOT/hadoop-hdds-container-service-0.5.0-SNAPSHOT.jar!/webapps/static,UNAVAILABLE}
2019-09-25 05:53:14,299 [ForkJoinPool.commonPool-worker-0] INFO  handler.ContextHandler (ContextHandler.java:doStop(910)) - Stopped o.e.j.s.ServletContextHandler@e500bba{/logs,file:///workdir/hadoop-ozone/ozonefs/target/log,UNAVAILABLE}
2019-09-25 05:53:14,300 [Thread-1326] INFO  ozone.MiniOzoneClusterImpl (MiniOzoneClusterImpl.java:stopSCM(392)) - Stopping the StorageContainerManager
2019-09-25 05:53:14,300 [Thread-1326] INFO  server.StorageContainerManager (StorageContainerManager.java:stop(808)) - Stopping Replication Manager Service.
2019-09-25 05:53:14,300 [Thread-1326] INFO  container.ReplicationManager (ReplicationManager.java:stop(204)) - Stopping Replication Monitor Thread.
2019-09-25 05:53:14,300 [Thread-1326] INFO  server.StorageContainerManager (StorageContainerManager.java:stop(815)) - Stopping Lease Manager of the command watchers
2019-09-25 05:53:14,300 [Thread-1326] INFO  server.StorageContainerManager (StorageContainerManager.java:stop(822)) - Stopping datanode service RPC server
2019-09-25 05:53:14,300 [Thread-1326] INFO  server.SCMDatanodeProtocolServer (SCMDatanodeProtocolServer.java:stop(367)) - Stopping the RPC server for DataNodes
2019-09-25 05:53:14,300 [Thread-1326] INFO  ipc.Server (Server.java:stop(3082)) - Stopping server on 33288
2019-09-25 05:53:14,303 [IPC Server listener on 33288] INFO  ipc.Server (Server.java:run(1185)) - Stopping IPC Server listener on 33288
2019-09-25 05:53:14,306 [IPC Server Responder] INFO  ipc.Server (Server.java:run(1319)) - Stopping IPC Server Responder
2019-09-25 05:53:14,374 [SCM Heartbeat Processing Thread - 0] WARN  node.NodeStateManager (NodeStateManager.java:scheduleNextHealthCheck(655)) - Current Thread is interrupted, shutting down HB processing thread for Node Manager.
2019-09-25 05:53:14,374 [Thread-1326] INFO  server.StorageContainerManager (StorageContainerManager.java:stop(830)) - Stopping block service RPC server
2019-09-25 05:53:14,374 [Thread-1326] INFO  server.SCMBlockProtocolServer (SCMBlockProtocolServer.java:stop(155)) - Stopping the RPC server for Block Protocol
2019-09-25 05:53:14,374 [Thread-1326] INFO  ipc.Server (Server.java:stop(3082)) - Stopping server on 37238
2019-09-25 05:53:14,381 [Thread-1326] INFO  server.StorageContainerManager (StorageContainerManager.java:stop(837)) - Stopping the StorageContainerLocationProtocol RPC server
2019-09-25 05:53:14,381 [Thread-1326] INFO  server.SCMClientProtocolServer (SCMClientProtocolServer.java:stop(159)) - Stopping the RPC server for Client Protocol
2019-09-25 05:53:14,382 [Thread-1326] INFO  ipc.Server (Server.java:stop(3082)) - Stopping server on 46433
2019-09-25 05:53:14,381 [IPC Server Responder] INFO  ipc.Server (Server.java:run(1319)) - Stopping IPC Server Responder
2019-09-25 05:53:14,381 [IPC Server listener on 37238] INFO  ipc.Server (Server.java:run(1185)) - Stopping IPC Server listener on 37238
2019-09-25 05:53:14,385 [Thread-1326] INFO  server.StorageContainerManager (StorageContainerManager.java:stop(844)) - Stopping Storage Container Manager HTTP server.
2019-09-25 05:53:14,385 [IPC Server listener on 46433] INFO  ipc.Server (Server.java:run(1185)) - Stopping IPC Server listener on 46433
2019-09-25 05:53:14,386 [IPC Server Responder] INFO  ipc.Server (Server.java:run(1319)) - Stopping IPC Server Responder
2019-09-25 05:53:14,389 [Thread-1326] INFO  handler.ContextHandler (ContextHandler.java:doStop(910)) - Stopped o.e.j.w.WebAppContext@4dca9c01{/,null,UNAVAILABLE}{/scm}
2019-09-25 05:53:14,390 [Thread-1326] INFO  server.AbstractConnector (AbstractConnector.java:doStop(318)) - Stopped ServerConnector@68c4d433{HTTP/1.1,[http/1.1]}{0.0.0.0:0}
2019-09-25 05:53:14,390 [Thread-1326] INFO  handler.ContextHandler (ContextHandler.java:doStop(910)) - Stopped o.e.j.s.ServletContextHandler@6d7c3e6b{/static,jar:file:/home/user/.m2/repository/org/apache/hadoop/hadoop-hdds-server-scm/0.5.0-SNAPSHOT/hadoop-hdds-server-scm-0.5.0-SNAPSHOT.jar!/webapps/static,UNAVAILABLE}
2019-09-25 05:53:14,390 [Thread-1326] INFO  handler.ContextHandler (ContextHandler.java:doStop(910)) - Stopped o.e.j.s.ServletContextHandler@4a3fe23d{/logs,file:///workdir/hadoop-ozone/ozonefs/target/log,UNAVAILABLE}
2019-09-25 05:53:14,391 [Thread-1326] INFO  server.StorageContainerManager (StorageContainerManager.java:stop(855)) - Stopping Block Manager Service.
2019-09-25 05:53:14,391 [Thread-1326] INFO  utils.BackgroundService (BackgroundService.java:shutdown(148)) - Shutting down service SCMBlockDeletingService
2019-09-25 05:53:14,392 [Thread-1326] INFO  utils.BackgroundService (BackgroundService.java:shutdown(148)) - Shutting down service SCMBlockDeletingService
2019-09-25 05:53:14,392 [Thread-1326] INFO  server.StorageContainerManager (StorageContainerManager.java:stop(877)) - Stopping SCM Event Queue.
2019-09-25 05:53:14,395 [Thread-1326] INFO  impl.MetricsSystemImpl (MetricsSystemImpl.java:stop(210)) - Stopping HddsDatanode metrics system...
2019-09-25 05:53:14,403 [Thread-1326] INFO  impl.MetricsSystemImpl (MetricsSystemImpl.java:stop(216)) - HddsDatanode metrics system stopped.
]]></system-out>
  </testcase>
  <testcase name="testNonExplicitlyCreatedPathExistsAfterItsLeafsWereRemoved" classname="org.apache.hadoop.fs.ozone.TestOzoneFileSystem" time="17.425"/>
  <testcase name="testListStatusOnLargeDirectory" classname="org.apache.hadoop.fs.ozone.TestOzoneFileSystem" time="21.944"/>
</testsuite>