<?xml version="1.0" encoding="UTF-8"?>
<testsuite xmlns:xsi="http://www.w3.org/2001/XMLSchema-instance" xsi:noNamespaceSchemaLocation="https://maven.apache.org/surefire/maven-surefire-plugin/xsd/surefire-test-report.xsd" name="org.apache.hadoop.ozone.client.rpc.TestContainerReplicationEndToEnd" time="26.789" tests="1" errors="1" skipped="0" failures="0">
  <properties>
    <property name="awt.toolkit" value="sun.awt.X11.XToolkit"/>
    <property name="file.encoding.pkg" value="sun.io"/>
    <property name="java.specification.version" value="1.8"/>
    <property name="sun.cpu.isalist" value=""/>
    <property name="sun.jnu.encoding" value="UTF-8"/>
    <property name="java.class.path" value="/workdir/hadoop-ozone/integration-test/target/test-classes:/workdir/hadoop-ozone/integration-test/target/classes:/home/user/.m2/repository/org/apache/hadoop/hadoop-ozone-common/0.5.0-SNAPSHOT/hadoop-ozone-common-0.5.0-SNAPSHOT.jar:/home/user/.m2/repository/org/apache/commons/commons-compress/1.4.1/commons-compress-1.4.1.jar:/home/user/.m2/repository/org/tukaani/xz/1.0/xz-1.0.jar:/home/user/.m2/repository/org/apache/hadoop/hadoop-common/3.2.0/hadoop-common-3.2.0.jar:/home/user/.m2/repository/org/apache/hadoop/hadoop-hdfs/3.2.0/hadoop-hdfs-3.2.0.jar:/home/user/.m2/repository/org/apache/hadoop/hadoop-hdfs-client/3.2.0/hadoop-hdfs-client-3.2.0.jar:/home/user/.m2/repository/com/fasterxml/jackson/core/jackson-annotations/2.9.9/jackson-annotations-2.9.9.jar:/home/user/.m2/repository/org/apache/hadoop/hadoop-hdds-common/0.5.0-SNAPSHOT/hadoop-hdds-common-0.5.0-SNAPSHOT.jar:/home/user/.m2/repository/javax/annotation/javax.annotation-api/1.2/javax.annotation-api-1.2.jar:/home/user/.m2/repository/org/apache/ratis/ratis-server/0.4.0-78e95b9-SNAPSHOT/ratis-server-0.4.0-78e95b9-SNAPSHOT.jar:/home/user/.m2/repository/org/apache/ratis/ratis-thirdparty-misc/0.2.0/ratis-thirdparty-misc-0.2.0.jar:/home/user/.m2/repository/org/apache/ratis/ratis-proto/0.4.0-78e95b9-SNAPSHOT/ratis-proto-0.4.0-78e95b9-SNAPSHOT.jar:/home/user/.m2/repository/org/apache/ratis/ratis-common/0.4.0-78e95b9-SNAPSHOT/ratis-common-0.4.0-78e95b9-SNAPSHOT.jar:/home/user/.m2/repository/org/apache/ratis/ratis-client/0.4.0-78e95b9-SNAPSHOT/ratis-client-0.4.0-78e95b9-SNAPSHOT.jar:/home/user/.m2/repository/org/apache/ratis/ratis-metrics/0.4.0-78e95b9-SNAPSHOT/ratis-metrics-0.4.0-78e95b9-SNAPSHOT.jar:/home/user/.m2/repository/com/github/joshelser/dropwizard-metrics-hadoop-metrics2-reporter/0.1.2/dropwizard-metrics-hadoop-metrics2-reporter-0.1.2.jar:/home/user/.m2/repository/io/dropwizard/metrics/metrics-jvm/3.2.5/metrics-jvm-3.2.5.jar:/home/user/.m2/repository/io/dropwizard/metrics/metrics-ganglia/3.2.5/metrics-ganglia-3.2.5.jar:/home/user/.m2/repository/info/ganglia/gmetric4j/gmetric4j/1.0.7/gmetric4j-1.0.7.jar:/home/user/.m2/repository/org/apache/ratis/ratis-netty/0.4.0-78e95b9-SNAPSHOT/ratis-netty-0.4.0-78e95b9-SNAPSHOT.jar:/home/user/.m2/repository/org/apache/ratis/ratis-grpc/0.4.0-78e95b9-SNAPSHOT/ratis-grpc-0.4.0-78e95b9-SNAPSHOT.jar:/home/user/.m2/repository/org/rocksdb/rocksdbjni/6.0.1/rocksdbjni-6.0.1.jar:/home/user/.m2/repository/org/apache/logging/log4j/log4j-api/2.11.0/log4j-api-2.11.0.jar:/home/user/.m2/repository/org/apache/logging/log4j/log4j-core/2.11.0/log4j-core-2.11.0.jar:/home/user/.m2/repository/com/lmax/disruptor/3.4.2/disruptor-3.4.2.jar:/home/user/.m2/repository/org/apache/commons/commons-pool2/2.6.0/commons-pool2-2.6.0.jar:/home/user/.m2/repository/org/bouncycastle/bcpkix-jdk15on/1.60/bcpkix-jdk15on-1.60.jar:/home/user/.m2/repository/commons-validator/commons-validator/1.6/commons-validator-1.6.jar:/home/user/.m2/repository/commons-digester/commons-digester/1.8.1/commons-digester-1.8.1.jar:/home/user/.m2/repository/io/jaegertracing/jaeger-client/0.33.1/jaeger-client-0.33.1.jar:/home/user/.m2/repository/io/jaegertracing/jaeger-thrift/0.33.1/jaeger-thrift-0.33.1.jar:/home/user/.m2/repository/org/apache/thrift/libthrift/0.11.0/libthrift-0.11.0.jar:/home/user/.m2/repository/com/squareup/okhttp3/okhttp/3.9.0/okhttp-3.9.0.jar:/home/user/.m2/repository/com/squareup/okio/okio/1.13.0/okio-1.13.0.jar:/home/user/.m2/repository/io/jaegertracing/jaeger-core/0.33.1/jaeger-core-0.33.1.jar:/home/user/.m2/repository/io/jaegertracing/jaeger-tracerresolver/0.33.1/jaeger-tracerresolver-0.33.1.jar:/home/user/.m2/repository/io/opentracing/contrib/opentracing-tracerresolver/0.1.5/opentracing-tracerresolver-0.1.5.jar:/home/user/.m2/repository/io/opentracing/opentracing-util/0.31.0/opentracing-util-0.31.0.jar:/home/user/.m2/repository/io/opentracing/opentracing-api/0.31.0/opentracing-api-0.31.0.jar:/home/user/.m2/repository/io/opentracing/opentracing-noop/0.31.0/opentracing-noop-0.31.0.jar:/home/user/.m2/repository/org/apache/hadoop/hadoop-hdds-server-framework/0.5.0-SNAPSHOT/hadoop-hdds-server-framework-0.5.0-SNAPSHOT.jar:/home/user/.m2/repository/org/apache/hadoop/hadoop-hdds-container-service/0.5.0-SNAPSHOT/hadoop-hdds-container-service-0.5.0-SNAPSHOT.jar:/home/user/.m2/repository/org/apache/hadoop/hadoop-hdds-client/0.5.0-SNAPSHOT/hadoop-hdds-client-0.5.0-SNAPSHOT.jar:/home/user/.m2/repository/org/apache/hadoop/hadoop-hdds-tools/0.5.0-SNAPSHOT/hadoop-hdds-tools-0.5.0-SNAPSHOT.jar:/home/user/.m2/repository/org/apache/hadoop/hadoop-hdds-server-scm/0.5.0-SNAPSHOT/hadoop-hdds-server-scm-0.5.0-SNAPSHOT.jar:/home/user/.m2/repository/org/apache/hadoop/hadoop-hdds-docs/0.5.0-SNAPSHOT/hadoop-hdds-docs-0.5.0-SNAPSHOT.jar:/home/user/.m2/repository/io/dropwizard/metrics/metrics-core/3.2.4/metrics-core-3.2.4.jar:/home/user/.m2/repository/org/hamcrest/hamcrest-all/1.3/hamcrest-all-1.3.jar:/home/user/.m2/repository/org/bouncycastle/bcprov-jdk15on/1.60/bcprov-jdk15on-1.60.jar:/home/user/.m2/repository/info/picocli/picocli/3.9.6/picocli-3.9.6.jar:/home/user/.m2/repository/com/google/protobuf/protobuf-java/2.5.0/protobuf-java-2.5.0.jar:/home/user/.m2/repository/com/google/guava/guava/11.0.2/guava-11.0.2.jar:/home/user/.m2/repository/org/apache/hadoop/hadoop-ozone-ozone-manager/0.5.0-SNAPSHOT/hadoop-ozone-ozone-manager-0.5.0-SNAPSHOT.jar:/home/user/.m2/repository/org/apache/hadoop/hadoop-minikdc/3.2.0/hadoop-minikdc-3.2.0.jar:/home/user/.m2/repository/commons-io/commons-io/2.5/commons-io-2.5.jar:/home/user/.m2/repository/org/apache/kerby/kerb-simplekdc/1.0.1/kerb-simplekdc-1.0.1.jar:/home/user/.m2/repository/org/apache/kerby/kerb-client/1.0.1/kerb-client-1.0.1.jar:/home/user/.m2/repository/org/apache/kerby/kerby-config/1.0.1/kerby-config-1.0.1.jar:/home/user/.m2/repository/org/apache/kerby/kerb-core/1.0.1/kerb-core-1.0.1.jar:/home/user/.m2/repository/org/apache/kerby/kerby-pkix/1.0.1/kerby-pkix-1.0.1.jar:/home/user/.m2/repository/org/apache/kerby/kerby-asn1/1.0.1/kerby-asn1-1.0.1.jar:/home/user/.m2/repository/org/apache/kerby/kerby-util/1.0.1/kerby-util-1.0.1.jar:/home/user/.m2/repository/org/apache/kerby/kerb-common/1.0.1/kerb-common-1.0.1.jar:/home/user/.m2/repository/org/apache/kerby/kerb-crypto/1.0.1/kerb-crypto-1.0.1.jar:/home/user/.m2/repository/org/apache/kerby/kerb-util/1.0.1/kerb-util-1.0.1.jar:/home/user/.m2/repository/org/apache/kerby/token-provider/1.0.1/token-provider-1.0.1.jar:/home/user/.m2/repository/org/apache/kerby/kerb-admin/1.0.1/kerb-admin-1.0.1.jar:/home/user/.m2/repository/org/apache/kerby/kerb-server/1.0.1/kerb-server-1.0.1.jar:/home/user/.m2/repository/org/apache/kerby/kerb-identity/1.0.1/kerb-identity-1.0.1.jar:/home/user/.m2/repository/org/apache/kerby/kerby-xdr/1.0.1/kerby-xdr-1.0.1.jar:/home/user/.m2/repository/org/slf4j/slf4j-log4j12/1.7.25/slf4j-log4j12-1.7.25.jar:/home/user/.m2/repository/org/apache/hadoop/hadoop-ozone-s3gateway/0.5.0-SNAPSHOT/hadoop-ozone-s3gateway-0.5.0-SNAPSHOT.jar:/home/user/.m2/repository/org/jboss/weld/servlet/weld-servlet/2.4.7.Final/weld-servlet-2.4.7.Final.jar:/home/user/.m2/repository/org/glassfish/jersey/containers/jersey-container-servlet-core/2.27/jersey-container-servlet-core-2.27.jar:/home/user/.m2/repository/org/glassfish/hk2/external/javax.inject/2.5.0-b42/javax.inject-2.5.0-b42.jar:/home/user/.m2/repository/org/glassfish/jersey/core/jersey-common/2.27/jersey-common-2.27.jar:/home/user/.m2/repository/org/glassfish/hk2/osgi-resource-locator/1.0.1/osgi-resource-locator-1.0.1.jar:/home/user/.m2/repository/javax/ws/rs/javax.ws.rs-api/2.1/javax.ws.rs-api-2.1.jar:/home/user/.m2/repository/org/glassfish/jersey/ext/cdi/jersey-cdi1x/2.27/jersey-cdi1x-2.27.jar:/home/user/.m2/repository/org/glassfish/jersey/inject/jersey-hk2/2.27/jersey-hk2-2.27.jar:/home/user/.m2/repository/org/glassfish/hk2/hk2-locator/2.5.0-b42/hk2-locator-2.5.0-b42.jar:/home/user/.m2/repository/org/javassist/javassist/3.22.0-CR2/javassist-3.22.0-CR2.jar:/home/user/.m2/repository/org/glassfish/hk2/hk2-api/2.5.0/hk2-api-2.5.0.jar:/home/user/.m2/repository/org/glassfish/hk2/external/jakarta.inject/2.5.0/jakarta.inject-2.5.0.jar:/home/user/.m2/repository/org/glassfish/hk2/hk2-utils/2.5.0/hk2-utils-2.5.0.jar:/home/user/.m2/repository/jakarta/annotation/jakarta.annotation-api/1.3.4/jakarta.annotation-api-1.3.4.jar:/home/user/.m2/repository/org/glassfish/hk2/external/aopalliance-repackaged/2.5.0/aopalliance-repackaged-2.5.0.jar:/home/user/.m2/repository/com/fasterxml/jackson/dataformat/jackson-dataformat-xml/2.9.0/jackson-dataformat-xml-2.9.0.jar:/home/user/.m2/repository/com/fasterxml/jackson/core/jackson-core/2.9.9/jackson-core-2.9.9.jar:/home/user/.m2/repository/com/fasterxml/jackson/module/jackson-module-jaxb-annotations/2.9.9/jackson-module-jaxb-annotations-2.9.9.jar:/home/user/.m2/repository/javax/enterprise/cdi-api/1.2/cdi-api-1.2.jar:/home/user/.m2/repository/javax/el/javax.el-api/3.0.0/javax.el-api-3.0.0.jar:/home/user/.m2/repository/javax/interceptor/javax.interceptor-api/1.2/javax.interceptor-api-1.2.jar:/home/user/.m2/repository/javax/inject/javax.inject/1/javax.inject-1.jar:/home/user/.m2/repository/com/sun/xml/bind/jaxb-impl/2.3.0.1/jaxb-impl-2.3.0.1.jar:/home/user/.m2/repository/com/sun/xml/bind/jaxb-core/2.3.0.1/jaxb-core-2.3.0.1.jar:/home/user/.m2/repository/javax/xml/bind/jaxb-api/2.3.0/jaxb-api-2.3.0.jar:/home/user/.m2/repository/javax/activation/activation/1.1.1/activation-1.1.1.jar:/home/user/.m2/repository/org/apache/hadoop/hadoop-ozone-csi/0.5.0-SNAPSHOT/hadoop-ozone-csi-0.5.0-SNAPSHOT.jar:/home/user/.m2/repository/com/google/protobuf/protobuf-java-util/3.5.1/protobuf-java-util-3.5.1.jar:/home/user/.m2/repository/org/apache/hadoop/hadoop-hdds-config/0.5.0-SNAPSHOT/hadoop-hdds-config-0.5.0-SNAPSHOT.jar:/home/user/.m2/repository/io/grpc/grpc-netty/1.17.1/grpc-netty-1.17.1.jar:/home/user/.m2/repository/io/grpc/grpc-core/1.17.1/grpc-core-1.17.1.jar:/home/user/.m2/repository/io/grpc/grpc-context/1.17.1/grpc-context-1.17.1.jar:/home/user/.m2/repository/com/google/errorprone/error_prone_annotations/2.2.0/error_prone_annotations-2.2.0.jar:/home/user/.m2/repository/org/codehaus/mojo/animal-sniffer-annotations/1.17/animal-sniffer-annotations-1.17.jar:/home/user/.m2/repository/io/opencensus/opencensus-api/0.17.0/opencensus-api-0.17.0.jar:/home/user/.m2/repository/io/opencensus/opencensus-contrib-grpc-metrics/0.17.0/opencensus-contrib-grpc-metrics-0.17.0.jar:/home/user/.m2/repository/io/netty/netty-codec-http2/4.1.30.Final/netty-codec-http2-4.1.30.Final.jar:/home/user/.m2/repository/io/netty/netty-codec-http/4.1.30.Final/netty-codec-http-4.1.30.Final.jar:/home/user/.m2/repository/io/netty/netty-codec/4.1.30.Final/netty-codec-4.1.30.Final.jar:/home/user/.m2/repository/io/netty/netty-handler/4.1.30.Final/netty-handler-4.1.30.Final.jar:/home/user/.m2/repository/io/netty/netty-handler-proxy/4.1.30.Final/netty-handler-proxy-4.1.30.Final.jar:/home/user/.m2/repository/io/netty/netty-codec-socks/4.1.30.Final/netty-codec-socks-4.1.30.Final.jar:/home/user/.m2/repository/io/netty/netty-transport-native-epoll/4.1.30.Final/netty-transport-native-epoll-4.1.30.Final.jar:/home/user/.m2/repository/io/netty/netty-common/4.1.30.Final/netty-common-4.1.30.Final.jar:/home/user/.m2/repository/io/netty/netty-buffer/4.1.30.Final/netty-buffer-4.1.30.Final.jar:/home/user/.m2/repository/io/netty/netty-transport/4.1.30.Final/netty-transport-4.1.30.Final.jar:/home/user/.m2/repository/io/netty/netty-resolver/4.1.30.Final/netty-resolver-4.1.30.Final.jar:/home/user/.m2/repository/io/netty/netty-transport-native-unix-common/4.1.30.Final/netty-transport-native-unix-common-4.1.30.Final.jar:/home/user/.m2/repository/io/grpc/grpc-protobuf/1.17.1/grpc-protobuf-1.17.1.jar:/home/user/.m2/repository/com/google/api/grpc/proto-google-common-protos/1.0.0/proto-google-common-protos-1.0.0.jar:/home/user/.m2/repository/io/grpc/grpc-protobuf-lite/1.17.1/grpc-protobuf-lite-1.17.1.jar:/home/user/.m2/repository/io/grpc/grpc-stub/1.17.1/grpc-stub-1.17.1.jar:/home/user/.m2/repository/org/apache/hadoop/hadoop-ozone-recon/0.5.0-SNAPSHOT/hadoop-ozone-recon-0.5.0-SNAPSHOT.jar:/home/user/.m2/repository/org/apache/hadoop/hadoop-ozone-reconcodegen/0.5.0-SNAPSHOT/hadoop-ozone-reconcodegen-0.5.0-SNAPSHOT.jar:/home/user/.m2/repository/com/google/inject/extensions/guice-multibindings/4.0/guice-multibindings-4.0.jar:/home/user/.m2/repository/com/google/inject/guice/4.0/guice-4.0.jar:/home/user/.m2/repository/aopalliance/aopalliance/1.0/aopalliance-1.0.jar:/home/user/.m2/repository/com/google/inject/extensions/guice-servlet/4.0/guice-servlet-4.0.jar:/home/user/.m2/repository/org/glassfish/jersey/containers/jersey-container-servlet/2.27/jersey-container-servlet-2.27.jar:/home/user/.m2/repository/org/glassfish/hk2/guice-bridge/2.5.0/guice-bridge-2.5.0.jar:/home/user/.m2/repository/org/glassfish/jersey/core/jersey-server/2.27/jersey-server-2.27.jar:/home/user/.m2/repository/org/glassfish/jersey/core/jersey-client/2.27/jersey-client-2.27.jar:/home/user/.m2/repository/org/glassfish/jersey/media/jersey-media-jaxb/2.27/jersey-media-jaxb-2.27.jar:/home/user/.m2/repository/javax/validation/validation-api/1.1.0.Final/validation-api-1.1.0.Final.jar:/home/user/.m2/repository/org/glassfish/jersey/media/jersey-media-json-jackson/2.27/jersey-media-json-jackson-2.27.jar:/home/user/.m2/repository/org/glassfish/jersey/ext/jersey-entity-filtering/2.27/jersey-entity-filtering-2.27.jar:/home/user/.m2/repository/com/google/inject/extensions/guice-assistedinject/4.0/guice-assistedinject-4.0.jar:/home/user/.m2/repository/org/jooq/jooq/3.11.10/jooq-3.11.10.jar:/home/user/.m2/repository/org/jooq/jooq-meta/3.11.10/jooq-meta-3.11.10.jar:/home/user/.m2/repository/org/jooq/jooq-codegen/3.11.10/jooq-codegen-3.11.10.jar:/home/user/.m2/repository/com/jolbox/bonecp/0.8.0.RELEASE/bonecp-0.8.0.RELEASE.jar:/home/user/.m2/repository/org/xerial/sqlite-jdbc/3.25.2/sqlite-jdbc-3.25.2.jar:/home/user/.m2/repository/org/springframework/spring-jdbc/5.1.3.RELEASE/spring-jdbc-5.1.3.RELEASE.jar:/home/user/.m2/repository/org/springframework/spring-beans/5.1.3.RELEASE/spring-beans-5.1.3.RELEASE.jar:/home/user/.m2/repository/org/springframework/spring-core/5.1.3.RELEASE/spring-core-5.1.3.RELEASE.jar:/home/user/.m2/repository/org/springframework/spring-jcl/5.1.3.RELEASE/spring-jcl-5.1.3.RELEASE.jar:/home/user/.m2/repository/org/springframework/spring-tx/5.1.3.RELEASE/spring-tx-5.1.3.RELEASE.jar:/home/user/.m2/repository/org/apache/hadoop/hadoop-ozone-client/0.5.0-SNAPSHOT/hadoop-ozone-client-0.5.0-SNAPSHOT.jar:/home/user/.m2/repository/commons-lang/commons-lang/2.6/commons-lang-2.6.jar:/home/user/.m2/repository/org/apache/hadoop/hadoop-ozone-ozone-manager/0.5.0-SNAPSHOT/hadoop-ozone-ozone-manager-0.5.0-SNAPSHOT-tests.jar:/home/user/.m2/repository/junit/junit/4.11/junit-4.11.jar:/home/user/.m2/repository/org/hamcrest/hamcrest-core/1.3/hamcrest-core-1.3.jar:/home/user/.m2/repository/org/openjdk/jmh/jmh-core/1.19/jmh-core-1.19.jar:/home/user/.m2/repository/net/sf/jopt-simple/jopt-simple/4.6/jopt-simple-4.6.jar:/home/user/.m2/repository/org/apache/commons/commons-math3/3.1.1/commons-math3-3.1.1.jar:/home/user/.m2/repository/org/openjdk/jmh/jmh-generator-annprocess/1.19/jmh-generator-annprocess-1.19.jar:/home/user/.m2/repository/org/mockito/mockito-all/1.8.5/mockito-all-1.8.5.jar:/home/user/.m2/repository/org/apache/hadoop/hadoop-kms/3.2.0/hadoop-kms-3.2.0.jar:/home/user/.m2/repository/org/apache/hadoop/hadoop-auth/3.2.0/hadoop-auth-3.2.0.jar:/home/user/.m2/repository/com/nimbusds/nimbus-jose-jwt/4.41.1/nimbus-jose-jwt-4.41.1.jar:/home/user/.m2/repository/com/github/stephenc/jcip/jcip-annotations/1.0-1/jcip-annotations-1.0-1.jar:/home/user/.m2/repository/net/minidev/json-smart/2.3/json-smart-2.3.jar:/home/user/.m2/repository/net/minidev/accessors-smart/1.2/accessors-smart-1.2.jar:/home/user/.m2/repository/org/ow2/asm/asm/5.0.4/asm-5.0.4.jar:/home/user/.m2/repository/org/apache/curator/curator-framework/2.12.0/curator-framework-2.12.0.jar:/home/user/.m2/repository/com/sun/jersey/jersey-core/1.19/jersey-core-1.19.jar:/home/user/.m2/repository/javax/ws/rs/jsr311-api/1.1.1/jsr311-api-1.1.1.jar:/home/user/.m2/repository/com/sun/jersey/jersey-server/1.19/jersey-server-1.19.jar:/home/user/.m2/repository/javax/servlet/javax.servlet-api/3.1.0/javax.servlet-api-3.1.0.jar:/home/user/.m2/repository/org/eclipse/jetty/jetty-server/9.3.24.v20180605/jetty-server-9.3.24.v20180605.jar:/home/user/.m2/repository/org/eclipse/jetty/jetty-http/9.3.24.v20180605/jetty-http-9.3.24.v20180605.jar:/home/user/.m2/repository/org/eclipse/jetty/jetty-io/9.3.24.v20180605/jetty-io-9.3.24.v20180605.jar:/home/user/.m2/repository/org/eclipse/jetty/jetty-webapp/9.3.24.v20180605/jetty-webapp-9.3.24.v20180605.jar:/home/user/.m2/repository/org/eclipse/jetty/jetty-xml/9.3.24.v20180605/jetty-xml-9.3.24.v20180605.jar:/home/user/.m2/repository/log4j/log4j/1.2.17/log4j-1.2.17.jar:/home/user/.m2/repository/org/slf4j/slf4j-api/1.7.25/slf4j-api-1.7.25.jar:/home/user/.m2/repository/org/slf4j/jul-to-slf4j/1.7.25/jul-to-slf4j-1.7.25.jar:/home/user/.m2/repository/org/eclipse/jetty/jetty-util/9.3.24.v20180605/jetty-util-9.3.24.v20180605.jar:/home/user/.m2/repository/com/fasterxml/jackson/core/jackson-databind/2.9.9/jackson-databind-2.9.9.jar:/home/user/.m2/repository/org/apache/hadoop/hadoop-kms/3.2.0/hadoop-kms-3.2.0-tests.jar:/home/user/.m2/repository/org/apache/hadoop/hadoop-hdds-server-scm/0.5.0-SNAPSHOT/hadoop-hdds-server-scm-0.5.0-SNAPSHOT-tests.jar:/home/user/.m2/repository/org/apache/hadoop/hadoop-hdds-container-service/0.5.0-SNAPSHOT/hadoop-hdds-container-service-0.5.0-SNAPSHOT-tests.jar:/home/user/.m2/repository/org/yaml/snakeyaml/1.16/snakeyaml-1.16.jar:/home/user/.m2/repository/org/apache/hadoop/hadoop-common/3.2.0/hadoop-common-3.2.0-tests.jar:/home/user/.m2/repository/org/apache/hadoop/hadoop-annotations/3.2.0/hadoop-annotations-3.2.0.jar:/usr/lib/jvm/java-1.8-openjdk/jre/../lib/tools.jar:/home/user/.m2/repository/commons-cli/commons-cli/1.2/commons-cli-1.2.jar:/home/user/.m2/repository/org/apache/httpcomponents/httpclient/4.5.2/httpclient-4.5.2.jar:/home/user/.m2/repository/org/apache/httpcomponents/httpcore/4.4.4/httpcore-4.4.4.jar:/home/user/.m2/repository/commons-codec/commons-codec/1.11/commons-codec-1.11.jar:/home/user/.m2/repository/commons-net/commons-net/3.6/commons-net-3.6.jar:/home/user/.m2/repository/commons-collections/commons-collections/3.2.2/commons-collections-3.2.2.jar:/home/user/.m2/repository/org/eclipse/jetty/jetty-servlet/9.3.24.v20180605/jetty-servlet-9.3.24.v20180605.jar:/home/user/.m2/repository/org/eclipse/jetty/jetty-security/9.3.24.v20180605/jetty-security-9.3.24.v20180605.jar:/home/user/.m2/repository/javax/servlet/jsp/jsp-api/2.1/jsp-api-2.1.jar:/home/user/.m2/repository/com/sun/jersey/jersey-servlet/1.19/jersey-servlet-1.19.jar:/home/user/.m2/repository/com/sun/jersey/jersey-json/1.19/jersey-json-1.19.jar:/home/user/.m2/repository/org/codehaus/jettison/jettison/1.1/jettison-1.1.jar:/home/user/.m2/repository/org/codehaus/jackson/jackson-core-asl/1.9.13/jackson-core-asl-1.9.13.jar:/home/user/.m2/repository/org/codehaus/jackson/jackson-mapper-asl/1.9.13/jackson-mapper-asl-1.9.13.jar:/home/user/.m2/repository/org/codehaus/jackson/jackson-jaxrs/1.9.13/jackson-jaxrs-1.9.13.jar:/home/user/.m2/repository/org/codehaus/jackson/jackson-xc/1.9.13/jackson-xc-1.9.13.jar:/home/user/.m2/repository/commons-logging/commons-logging/1.1.3/commons-logging-1.1.3.jar:/home/user/.m2/repository/commons-beanutils/commons-beanutils/1.9.4/commons-beanutils-1.9.4.jar:/home/user/.m2/repository/org/apache/commons/commons-configuration2/2.1.1/commons-configuration2-2.1.1.jar:/home/user/.m2/repository/org/apache/commons/commons-lang3/3.7/commons-lang3-3.7.jar:/home/user/.m2/repository/org/apache/commons/commons-text/1.4/commons-text-1.4.jar:/home/user/.m2/repository/org/apache/avro/avro/1.7.7/avro-1.7.7.jar:/home/user/.m2/repository/com/thoughtworks/paranamer/paranamer/2.3/paranamer-2.3.jar:/home/user/.m2/repository/org/xerial/snappy/snappy-java/1.0.5/snappy-java-1.0.5.jar:/home/user/.m2/repository/com/google/re2j/re2j/1.1/re2j-1.1.jar:/home/user/.m2/repository/com/google/code/gson/gson/2.2.4/gson-2.2.4.jar:/home/user/.m2/repository/com/jcraft/jsch/0.1.54/jsch-0.1.54.jar:/home/user/.m2/repository/org/apache/curator/curator-client/2.12.0/curator-client-2.12.0.jar:/home/user/.m2/repository/org/apache/curator/curator-recipes/2.12.0/curator-recipes-2.12.0.jar:/home/user/.m2/repository/com/google/code/findbugs/jsr305/3.0.0/jsr305-3.0.0.jar:/home/user/.m2/repository/org/apache/htrace/htrace-core4/4.1.0-incubating/htrace-core4-4.1.0-incubating.jar:/home/user/.m2/repository/org/apache/zookeeper/zookeeper/3.4.13/zookeeper-3.4.13.jar:/home/user/.m2/repository/org/apache/yetus/audience-annotations/0.5.0/audience-annotations-0.5.0.jar:/home/user/.m2/repository/org/codehaus/woodstox/stax2-api/3.1.4/stax2-api-3.1.4.jar:/home/user/.m2/repository/com/fasterxml/woodstox/woodstox-core/5.0.3/woodstox-core-5.0.3.jar:/home/user/.m2/repository/dnsjava/dnsjava/2.1.7/dnsjava-2.1.7.jar:/home/user/.m2/repository/org/apache/hadoop/hadoop-hdfs/3.2.0/hadoop-hdfs-3.2.0-tests.jar:/home/user/.m2/repository/org/eclipse/jetty/jetty-util-ajax/9.3.24.v20180605/jetty-util-ajax-9.3.24.v20180605.jar:/home/user/.m2/repository/commons-daemon/commons-daemon/1.0.13/commons-daemon-1.0.13.jar:/home/user/.m2/repository/io/netty/netty/3.10.5.Final/netty-3.10.5.Final.jar:/home/user/.m2/repository/io/netty/netty-all/4.0.52.Final/netty-all-4.0.52.Final.jar:/home/user/.m2/repository/org/fusesource/leveldbjni/leveldbjni-all/1.8/leveldbjni-all-1.8.jar:"/>
    <property name="java.vm.vendor" value="IcedTea"/>
    <property name="sun.arch.data.model" value="64"/>
    <property name="test.build.dir" value="/workdir/hadoop-ozone/integration-test/target/test-dir"/>
    <property name="test.cache.data" value=""/>
    <property name="java.vendor.url" value="https://icedtea.classpath.org"/>
    <property name="user.timezone" value=""/>
    <property name="java.vm.specification.version" value="1.8"/>
    <property name="os.name" value="Linux"/>
    <property name="test.build.data" value="/workdir/hadoop-ozone/integration-test/target/test-dir"/>
    <property name="user.country" value="US"/>
    <property name="sun.java.launcher" value="SUN_STANDARD"/>
    <property name="sun.boot.library.path" value="/usr/lib/jvm/java-1.8-openjdk/jre/lib/amd64"/>
    <property name="sun.java.command" value="/workdir/hadoop-ozone/integration-test/target/surefire/surefirebooter5388270844008746312.jar /workdir/hadoop-ozone/integration-test/target/surefire 2019-09-19T07-46-39_372-jvmRun1 surefire2516718341802838663tmp surefire_215976938372502895475tmp"/>
    <property name="test" value="!TestMiniChaosOzoneCluster"/>
    <property name="surefire.test.class.path" value="/workdir/hadoop-ozone/integration-test/target/test-classes:/workdir/hadoop-ozone/integration-test/target/classes:/home/user/.m2/repository/org/apache/hadoop/hadoop-ozone-common/0.5.0-SNAPSHOT/hadoop-ozone-common-0.5.0-SNAPSHOT.jar:/home/user/.m2/repository/org/apache/commons/commons-compress/1.4.1/commons-compress-1.4.1.jar:/home/user/.m2/repository/org/tukaani/xz/1.0/xz-1.0.jar:/home/user/.m2/repository/org/apache/hadoop/hadoop-common/3.2.0/hadoop-common-3.2.0.jar:/home/user/.m2/repository/org/apache/hadoop/hadoop-hdfs/3.2.0/hadoop-hdfs-3.2.0.jar:/home/user/.m2/repository/org/apache/hadoop/hadoop-hdfs-client/3.2.0/hadoop-hdfs-client-3.2.0.jar:/home/user/.m2/repository/com/fasterxml/jackson/core/jackson-annotations/2.9.9/jackson-annotations-2.9.9.jar:/home/user/.m2/repository/org/apache/hadoop/hadoop-hdds-common/0.5.0-SNAPSHOT/hadoop-hdds-common-0.5.0-SNAPSHOT.jar:/home/user/.m2/repository/javax/annotation/javax.annotation-api/1.2/javax.annotation-api-1.2.jar:/home/user/.m2/repository/org/apache/ratis/ratis-server/0.4.0-78e95b9-SNAPSHOT/ratis-server-0.4.0-78e95b9-SNAPSHOT.jar:/home/user/.m2/repository/org/apache/ratis/ratis-thirdparty-misc/0.2.0/ratis-thirdparty-misc-0.2.0.jar:/home/user/.m2/repository/org/apache/ratis/ratis-proto/0.4.0-78e95b9-SNAPSHOT/ratis-proto-0.4.0-78e95b9-SNAPSHOT.jar:/home/user/.m2/repository/org/apache/ratis/ratis-common/0.4.0-78e95b9-SNAPSHOT/ratis-common-0.4.0-78e95b9-SNAPSHOT.jar:/home/user/.m2/repository/org/apache/ratis/ratis-client/0.4.0-78e95b9-SNAPSHOT/ratis-client-0.4.0-78e95b9-SNAPSHOT.jar:/home/user/.m2/repository/org/apache/ratis/ratis-metrics/0.4.0-78e95b9-SNAPSHOT/ratis-metrics-0.4.0-78e95b9-SNAPSHOT.jar:/home/user/.m2/repository/com/github/joshelser/dropwizard-metrics-hadoop-metrics2-reporter/0.1.2/dropwizard-metrics-hadoop-metrics2-reporter-0.1.2.jar:/home/user/.m2/repository/io/dropwizard/metrics/metrics-jvm/3.2.5/metrics-jvm-3.2.5.jar:/home/user/.m2/repository/io/dropwizard/metrics/metrics-ganglia/3.2.5/metrics-ganglia-3.2.5.jar:/home/user/.m2/repository/info/ganglia/gmetric4j/gmetric4j/1.0.7/gmetric4j-1.0.7.jar:/home/user/.m2/repository/org/apache/ratis/ratis-netty/0.4.0-78e95b9-SNAPSHOT/ratis-netty-0.4.0-78e95b9-SNAPSHOT.jar:/home/user/.m2/repository/org/apache/ratis/ratis-grpc/0.4.0-78e95b9-SNAPSHOT/ratis-grpc-0.4.0-78e95b9-SNAPSHOT.jar:/home/user/.m2/repository/org/rocksdb/rocksdbjni/6.0.1/rocksdbjni-6.0.1.jar:/home/user/.m2/repository/org/apache/logging/log4j/log4j-api/2.11.0/log4j-api-2.11.0.jar:/home/user/.m2/repository/org/apache/logging/log4j/log4j-core/2.11.0/log4j-core-2.11.0.jar:/home/user/.m2/repository/com/lmax/disruptor/3.4.2/disruptor-3.4.2.jar:/home/user/.m2/repository/org/apache/commons/commons-pool2/2.6.0/commons-pool2-2.6.0.jar:/home/user/.m2/repository/org/bouncycastle/bcpkix-jdk15on/1.60/bcpkix-jdk15on-1.60.jar:/home/user/.m2/repository/commons-validator/commons-validator/1.6/commons-validator-1.6.jar:/home/user/.m2/repository/commons-digester/commons-digester/1.8.1/commons-digester-1.8.1.jar:/home/user/.m2/repository/io/jaegertracing/jaeger-client/0.33.1/jaeger-client-0.33.1.jar:/home/user/.m2/repository/io/jaegertracing/jaeger-thrift/0.33.1/jaeger-thrift-0.33.1.jar:/home/user/.m2/repository/org/apache/thrift/libthrift/0.11.0/libthrift-0.11.0.jar:/home/user/.m2/repository/com/squareup/okhttp3/okhttp/3.9.0/okhttp-3.9.0.jar:/home/user/.m2/repository/com/squareup/okio/okio/1.13.0/okio-1.13.0.jar:/home/user/.m2/repository/io/jaegertracing/jaeger-core/0.33.1/jaeger-core-0.33.1.jar:/home/user/.m2/repository/io/jaegertracing/jaeger-tracerresolver/0.33.1/jaeger-tracerresolver-0.33.1.jar:/home/user/.m2/repository/io/opentracing/contrib/opentracing-tracerresolver/0.1.5/opentracing-tracerresolver-0.1.5.jar:/home/user/.m2/repository/io/opentracing/opentracing-util/0.31.0/opentracing-util-0.31.0.jar:/home/user/.m2/repository/io/opentracing/opentracing-api/0.31.0/opentracing-api-0.31.0.jar:/home/user/.m2/repository/io/opentracing/opentracing-noop/0.31.0/opentracing-noop-0.31.0.jar:/home/user/.m2/repository/org/apache/hadoop/hadoop-hdds-server-framework/0.5.0-SNAPSHOT/hadoop-hdds-server-framework-0.5.0-SNAPSHOT.jar:/home/user/.m2/repository/org/apache/hadoop/hadoop-hdds-container-service/0.5.0-SNAPSHOT/hadoop-hdds-container-service-0.5.0-SNAPSHOT.jar:/home/user/.m2/repository/org/apache/hadoop/hadoop-hdds-client/0.5.0-SNAPSHOT/hadoop-hdds-client-0.5.0-SNAPSHOT.jar:/home/user/.m2/repository/org/apache/hadoop/hadoop-hdds-tools/0.5.0-SNAPSHOT/hadoop-hdds-tools-0.5.0-SNAPSHOT.jar:/home/user/.m2/repository/org/apache/hadoop/hadoop-hdds-server-scm/0.5.0-SNAPSHOT/hadoop-hdds-server-scm-0.5.0-SNAPSHOT.jar:/home/user/.m2/repository/org/apache/hadoop/hadoop-hdds-docs/0.5.0-SNAPSHOT/hadoop-hdds-docs-0.5.0-SNAPSHOT.jar:/home/user/.m2/repository/io/dropwizard/metrics/metrics-core/3.2.4/metrics-core-3.2.4.jar:/home/user/.m2/repository/org/hamcrest/hamcrest-all/1.3/hamcrest-all-1.3.jar:/home/user/.m2/repository/org/bouncycastle/bcprov-jdk15on/1.60/bcprov-jdk15on-1.60.jar:/home/user/.m2/repository/info/picocli/picocli/3.9.6/picocli-3.9.6.jar:/home/user/.m2/repository/com/google/protobuf/protobuf-java/2.5.0/protobuf-java-2.5.0.jar:/home/user/.m2/repository/com/google/guava/guava/11.0.2/guava-11.0.2.jar:/home/user/.m2/repository/org/apache/hadoop/hadoop-ozone-ozone-manager/0.5.0-SNAPSHOT/hadoop-ozone-ozone-manager-0.5.0-SNAPSHOT.jar:/home/user/.m2/repository/org/apache/hadoop/hadoop-minikdc/3.2.0/hadoop-minikdc-3.2.0.jar:/home/user/.m2/repository/commons-io/commons-io/2.5/commons-io-2.5.jar:/home/user/.m2/repository/org/apache/kerby/kerb-simplekdc/1.0.1/kerb-simplekdc-1.0.1.jar:/home/user/.m2/repository/org/apache/kerby/kerb-client/1.0.1/kerb-client-1.0.1.jar:/home/user/.m2/repository/org/apache/kerby/kerby-config/1.0.1/kerby-config-1.0.1.jar:/home/user/.m2/repository/org/apache/kerby/kerb-core/1.0.1/kerb-core-1.0.1.jar:/home/user/.m2/repository/org/apache/kerby/kerby-pkix/1.0.1/kerby-pkix-1.0.1.jar:/home/user/.m2/repository/org/apache/kerby/kerby-asn1/1.0.1/kerby-asn1-1.0.1.jar:/home/user/.m2/repository/org/apache/kerby/kerby-util/1.0.1/kerby-util-1.0.1.jar:/home/user/.m2/repository/org/apache/kerby/kerb-common/1.0.1/kerb-common-1.0.1.jar:/home/user/.m2/repository/org/apache/kerby/kerb-crypto/1.0.1/kerb-crypto-1.0.1.jar:/home/user/.m2/repository/org/apache/kerby/kerb-util/1.0.1/kerb-util-1.0.1.jar:/home/user/.m2/repository/org/apache/kerby/token-provider/1.0.1/token-provider-1.0.1.jar:/home/user/.m2/repository/org/apache/kerby/kerb-admin/1.0.1/kerb-admin-1.0.1.jar:/home/user/.m2/repository/org/apache/kerby/kerb-server/1.0.1/kerb-server-1.0.1.jar:/home/user/.m2/repository/org/apache/kerby/kerb-identity/1.0.1/kerb-identity-1.0.1.jar:/home/user/.m2/repository/org/apache/kerby/kerby-xdr/1.0.1/kerby-xdr-1.0.1.jar:/home/user/.m2/repository/org/slf4j/slf4j-log4j12/1.7.25/slf4j-log4j12-1.7.25.jar:/home/user/.m2/repository/org/apache/hadoop/hadoop-ozone-s3gateway/0.5.0-SNAPSHOT/hadoop-ozone-s3gateway-0.5.0-SNAPSHOT.jar:/home/user/.m2/repository/org/jboss/weld/servlet/weld-servlet/2.4.7.Final/weld-servlet-2.4.7.Final.jar:/home/user/.m2/repository/org/glassfish/jersey/containers/jersey-container-servlet-core/2.27/jersey-container-servlet-core-2.27.jar:/home/user/.m2/repository/org/glassfish/hk2/external/javax.inject/2.5.0-b42/javax.inject-2.5.0-b42.jar:/home/user/.m2/repository/org/glassfish/jersey/core/jersey-common/2.27/jersey-common-2.27.jar:/home/user/.m2/repository/org/glassfish/hk2/osgi-resource-locator/1.0.1/osgi-resource-locator-1.0.1.jar:/home/user/.m2/repository/javax/ws/rs/javax.ws.rs-api/2.1/javax.ws.rs-api-2.1.jar:/home/user/.m2/repository/org/glassfish/jersey/ext/cdi/jersey-cdi1x/2.27/jersey-cdi1x-2.27.jar:/home/user/.m2/repository/org/glassfish/jersey/inject/jersey-hk2/2.27/jersey-hk2-2.27.jar:/home/user/.m2/repository/org/glassfish/hk2/hk2-locator/2.5.0-b42/hk2-locator-2.5.0-b42.jar:/home/user/.m2/repository/org/javassist/javassist/3.22.0-CR2/javassist-3.22.0-CR2.jar:/home/user/.m2/repository/org/glassfish/hk2/hk2-api/2.5.0/hk2-api-2.5.0.jar:/home/user/.m2/repository/org/glassfish/hk2/external/jakarta.inject/2.5.0/jakarta.inject-2.5.0.jar:/home/user/.m2/repository/org/glassfish/hk2/hk2-utils/2.5.0/hk2-utils-2.5.0.jar:/home/user/.m2/repository/jakarta/annotation/jakarta.annotation-api/1.3.4/jakarta.annotation-api-1.3.4.jar:/home/user/.m2/repository/org/glassfish/hk2/external/aopalliance-repackaged/2.5.0/aopalliance-repackaged-2.5.0.jar:/home/user/.m2/repository/com/fasterxml/jackson/dataformat/jackson-dataformat-xml/2.9.0/jackson-dataformat-xml-2.9.0.jar:/home/user/.m2/repository/com/fasterxml/jackson/core/jackson-core/2.9.9/jackson-core-2.9.9.jar:/home/user/.m2/repository/com/fasterxml/jackson/module/jackson-module-jaxb-annotations/2.9.9/jackson-module-jaxb-annotations-2.9.9.jar:/home/user/.m2/repository/javax/enterprise/cdi-api/1.2/cdi-api-1.2.jar:/home/user/.m2/repository/javax/el/javax.el-api/3.0.0/javax.el-api-3.0.0.jar:/home/user/.m2/repository/javax/interceptor/javax.interceptor-api/1.2/javax.interceptor-api-1.2.jar:/home/user/.m2/repository/javax/inject/javax.inject/1/javax.inject-1.jar:/home/user/.m2/repository/com/sun/xml/bind/jaxb-impl/2.3.0.1/jaxb-impl-2.3.0.1.jar:/home/user/.m2/repository/com/sun/xml/bind/jaxb-core/2.3.0.1/jaxb-core-2.3.0.1.jar:/home/user/.m2/repository/javax/xml/bind/jaxb-api/2.3.0/jaxb-api-2.3.0.jar:/home/user/.m2/repository/javax/activation/activation/1.1.1/activation-1.1.1.jar:/home/user/.m2/repository/org/apache/hadoop/hadoop-ozone-csi/0.5.0-SNAPSHOT/hadoop-ozone-csi-0.5.0-SNAPSHOT.jar:/home/user/.m2/repository/com/google/protobuf/protobuf-java-util/3.5.1/protobuf-java-util-3.5.1.jar:/home/user/.m2/repository/org/apache/hadoop/hadoop-hdds-config/0.5.0-SNAPSHOT/hadoop-hdds-config-0.5.0-SNAPSHOT.jar:/home/user/.m2/repository/io/grpc/grpc-netty/1.17.1/grpc-netty-1.17.1.jar:/home/user/.m2/repository/io/grpc/grpc-core/1.17.1/grpc-core-1.17.1.jar:/home/user/.m2/repository/io/grpc/grpc-context/1.17.1/grpc-context-1.17.1.jar:/home/user/.m2/repository/com/google/errorprone/error_prone_annotations/2.2.0/error_prone_annotations-2.2.0.jar:/home/user/.m2/repository/org/codehaus/mojo/animal-sniffer-annotations/1.17/animal-sniffer-annotations-1.17.jar:/home/user/.m2/repository/io/opencensus/opencensus-api/0.17.0/opencensus-api-0.17.0.jar:/home/user/.m2/repository/io/opencensus/opencensus-contrib-grpc-metrics/0.17.0/opencensus-contrib-grpc-metrics-0.17.0.jar:/home/user/.m2/repository/io/netty/netty-codec-http2/4.1.30.Final/netty-codec-http2-4.1.30.Final.jar:/home/user/.m2/repository/io/netty/netty-codec-http/4.1.30.Final/netty-codec-http-4.1.30.Final.jar:/home/user/.m2/repository/io/netty/netty-codec/4.1.30.Final/netty-codec-4.1.30.Final.jar:/home/user/.m2/repository/io/netty/netty-handler/4.1.30.Final/netty-handler-4.1.30.Final.jar:/home/user/.m2/repository/io/netty/netty-handler-proxy/4.1.30.Final/netty-handler-proxy-4.1.30.Final.jar:/home/user/.m2/repository/io/netty/netty-codec-socks/4.1.30.Final/netty-codec-socks-4.1.30.Final.jar:/home/user/.m2/repository/io/netty/netty-transport-native-epoll/4.1.30.Final/netty-transport-native-epoll-4.1.30.Final.jar:/home/user/.m2/repository/io/netty/netty-common/4.1.30.Final/netty-common-4.1.30.Final.jar:/home/user/.m2/repository/io/netty/netty-buffer/4.1.30.Final/netty-buffer-4.1.30.Final.jar:/home/user/.m2/repository/io/netty/netty-transport/4.1.30.Final/netty-transport-4.1.30.Final.jar:/home/user/.m2/repository/io/netty/netty-resolver/4.1.30.Final/netty-resolver-4.1.30.Final.jar:/home/user/.m2/repository/io/netty/netty-transport-native-unix-common/4.1.30.Final/netty-transport-native-unix-common-4.1.30.Final.jar:/home/user/.m2/repository/io/grpc/grpc-protobuf/1.17.1/grpc-protobuf-1.17.1.jar:/home/user/.m2/repository/com/google/api/grpc/proto-google-common-protos/1.0.0/proto-google-common-protos-1.0.0.jar:/home/user/.m2/repository/io/grpc/grpc-protobuf-lite/1.17.1/grpc-protobuf-lite-1.17.1.jar:/home/user/.m2/repository/io/grpc/grpc-stub/1.17.1/grpc-stub-1.17.1.jar:/home/user/.m2/repository/org/apache/hadoop/hadoop-ozone-recon/0.5.0-SNAPSHOT/hadoop-ozone-recon-0.5.0-SNAPSHOT.jar:/home/user/.m2/repository/org/apache/hadoop/hadoop-ozone-reconcodegen/0.5.0-SNAPSHOT/hadoop-ozone-reconcodegen-0.5.0-SNAPSHOT.jar:/home/user/.m2/repository/com/google/inject/extensions/guice-multibindings/4.0/guice-multibindings-4.0.jar:/home/user/.m2/repository/com/google/inject/guice/4.0/guice-4.0.jar:/home/user/.m2/repository/aopalliance/aopalliance/1.0/aopalliance-1.0.jar:/home/user/.m2/repository/com/google/inject/extensions/guice-servlet/4.0/guice-servlet-4.0.jar:/home/user/.m2/repository/org/glassfish/jersey/containers/jersey-container-servlet/2.27/jersey-container-servlet-2.27.jar:/home/user/.m2/repository/org/glassfish/hk2/guice-bridge/2.5.0/guice-bridge-2.5.0.jar:/home/user/.m2/repository/org/glassfish/jersey/core/jersey-server/2.27/jersey-server-2.27.jar:/home/user/.m2/repository/org/glassfish/jersey/core/jersey-client/2.27/jersey-client-2.27.jar:/home/user/.m2/repository/org/glassfish/jersey/media/jersey-media-jaxb/2.27/jersey-media-jaxb-2.27.jar:/home/user/.m2/repository/javax/validation/validation-api/1.1.0.Final/validation-api-1.1.0.Final.jar:/home/user/.m2/repository/org/glassfish/jersey/media/jersey-media-json-jackson/2.27/jersey-media-json-jackson-2.27.jar:/home/user/.m2/repository/org/glassfish/jersey/ext/jersey-entity-filtering/2.27/jersey-entity-filtering-2.27.jar:/home/user/.m2/repository/com/google/inject/extensions/guice-assistedinject/4.0/guice-assistedinject-4.0.jar:/home/user/.m2/repository/org/jooq/jooq/3.11.10/jooq-3.11.10.jar:/home/user/.m2/repository/org/jooq/jooq-meta/3.11.10/jooq-meta-3.11.10.jar:/home/user/.m2/repository/org/jooq/jooq-codegen/3.11.10/jooq-codegen-3.11.10.jar:/home/user/.m2/repository/com/jolbox/bonecp/0.8.0.RELEASE/bonecp-0.8.0.RELEASE.jar:/home/user/.m2/repository/org/xerial/sqlite-jdbc/3.25.2/sqlite-jdbc-3.25.2.jar:/home/user/.m2/repository/org/springframework/spring-jdbc/5.1.3.RELEASE/spring-jdbc-5.1.3.RELEASE.jar:/home/user/.m2/repository/org/springframework/spring-beans/5.1.3.RELEASE/spring-beans-5.1.3.RELEASE.jar:/home/user/.m2/repository/org/springframework/spring-core/5.1.3.RELEASE/spring-core-5.1.3.RELEASE.jar:/home/user/.m2/repository/org/springframework/spring-jcl/5.1.3.RELEASE/spring-jcl-5.1.3.RELEASE.jar:/home/user/.m2/repository/org/springframework/spring-tx/5.1.3.RELEASE/spring-tx-5.1.3.RELEASE.jar:/home/user/.m2/repository/org/apache/hadoop/hadoop-ozone-client/0.5.0-SNAPSHOT/hadoop-ozone-client-0.5.0-SNAPSHOT.jar:/home/user/.m2/repository/commons-lang/commons-lang/2.6/commons-lang-2.6.jar:/home/user/.m2/repository/org/apache/hadoop/hadoop-ozone-ozone-manager/0.5.0-SNAPSHOT/hadoop-ozone-ozone-manager-0.5.0-SNAPSHOT-tests.jar:/home/user/.m2/repository/junit/junit/4.11/junit-4.11.jar:/home/user/.m2/repository/org/hamcrest/hamcrest-core/1.3/hamcrest-core-1.3.jar:/home/user/.m2/repository/org/openjdk/jmh/jmh-core/1.19/jmh-core-1.19.jar:/home/user/.m2/repository/net/sf/jopt-simple/jopt-simple/4.6/jopt-simple-4.6.jar:/home/user/.m2/repository/org/apache/commons/commons-math3/3.1.1/commons-math3-3.1.1.jar:/home/user/.m2/repository/org/openjdk/jmh/jmh-generator-annprocess/1.19/jmh-generator-annprocess-1.19.jar:/home/user/.m2/repository/org/mockito/mockito-all/1.8.5/mockito-all-1.8.5.jar:/home/user/.m2/repository/org/apache/hadoop/hadoop-kms/3.2.0/hadoop-kms-3.2.0.jar:/home/user/.m2/repository/org/apache/hadoop/hadoop-auth/3.2.0/hadoop-auth-3.2.0.jar:/home/user/.m2/repository/com/nimbusds/nimbus-jose-jwt/4.41.1/nimbus-jose-jwt-4.41.1.jar:/home/user/.m2/repository/com/github/stephenc/jcip/jcip-annotations/1.0-1/jcip-annotations-1.0-1.jar:/home/user/.m2/repository/net/minidev/json-smart/2.3/json-smart-2.3.jar:/home/user/.m2/repository/net/minidev/accessors-smart/1.2/accessors-smart-1.2.jar:/home/user/.m2/repository/org/ow2/asm/asm/5.0.4/asm-5.0.4.jar:/home/user/.m2/repository/org/apache/curator/curator-framework/2.12.0/curator-framework-2.12.0.jar:/home/user/.m2/repository/com/sun/jersey/jersey-core/1.19/jersey-core-1.19.jar:/home/user/.m2/repository/javax/ws/rs/jsr311-api/1.1.1/jsr311-api-1.1.1.jar:/home/user/.m2/repository/com/sun/jersey/jersey-server/1.19/jersey-server-1.19.jar:/home/user/.m2/repository/javax/servlet/javax.servlet-api/3.1.0/javax.servlet-api-3.1.0.jar:/home/user/.m2/repository/org/eclipse/jetty/jetty-server/9.3.24.v20180605/jetty-server-9.3.24.v20180605.jar:/home/user/.m2/repository/org/eclipse/jetty/jetty-http/9.3.24.v20180605/jetty-http-9.3.24.v20180605.jar:/home/user/.m2/repository/org/eclipse/jetty/jetty-io/9.3.24.v20180605/jetty-io-9.3.24.v20180605.jar:/home/user/.m2/repository/org/eclipse/jetty/jetty-webapp/9.3.24.v20180605/jetty-webapp-9.3.24.v20180605.jar:/home/user/.m2/repository/org/eclipse/jetty/jetty-xml/9.3.24.v20180605/jetty-xml-9.3.24.v20180605.jar:/home/user/.m2/repository/log4j/log4j/1.2.17/log4j-1.2.17.jar:/home/user/.m2/repository/org/slf4j/slf4j-api/1.7.25/slf4j-api-1.7.25.jar:/home/user/.m2/repository/org/slf4j/jul-to-slf4j/1.7.25/jul-to-slf4j-1.7.25.jar:/home/user/.m2/repository/org/eclipse/jetty/jetty-util/9.3.24.v20180605/jetty-util-9.3.24.v20180605.jar:/home/user/.m2/repository/com/fasterxml/jackson/core/jackson-databind/2.9.9/jackson-databind-2.9.9.jar:/home/user/.m2/repository/org/apache/hadoop/hadoop-kms/3.2.0/hadoop-kms-3.2.0-tests.jar:/home/user/.m2/repository/org/apache/hadoop/hadoop-hdds-server-scm/0.5.0-SNAPSHOT/hadoop-hdds-server-scm-0.5.0-SNAPSHOT-tests.jar:/home/user/.m2/repository/org/apache/hadoop/hadoop-hdds-container-service/0.5.0-SNAPSHOT/hadoop-hdds-container-service-0.5.0-SNAPSHOT-tests.jar:/home/user/.m2/repository/org/yaml/snakeyaml/1.16/snakeyaml-1.16.jar:/home/user/.m2/repository/org/apache/hadoop/hadoop-common/3.2.0/hadoop-common-3.2.0-tests.jar:/home/user/.m2/repository/org/apache/hadoop/hadoop-annotations/3.2.0/hadoop-annotations-3.2.0.jar:/usr/lib/jvm/java-1.8-openjdk/jre/../lib/tools.jar:/home/user/.m2/repository/commons-cli/commons-cli/1.2/commons-cli-1.2.jar:/home/user/.m2/repository/org/apache/httpcomponents/httpclient/4.5.2/httpclient-4.5.2.jar:/home/user/.m2/repository/org/apache/httpcomponents/httpcore/4.4.4/httpcore-4.4.4.jar:/home/user/.m2/repository/commons-codec/commons-codec/1.11/commons-codec-1.11.jar:/home/user/.m2/repository/commons-net/commons-net/3.6/commons-net-3.6.jar:/home/user/.m2/repository/commons-collections/commons-collections/3.2.2/commons-collections-3.2.2.jar:/home/user/.m2/repository/org/eclipse/jetty/jetty-servlet/9.3.24.v20180605/jetty-servlet-9.3.24.v20180605.jar:/home/user/.m2/repository/org/eclipse/jetty/jetty-security/9.3.24.v20180605/jetty-security-9.3.24.v20180605.jar:/home/user/.m2/repository/javax/servlet/jsp/jsp-api/2.1/jsp-api-2.1.jar:/home/user/.m2/repository/com/sun/jersey/jersey-servlet/1.19/jersey-servlet-1.19.jar:/home/user/.m2/repository/com/sun/jersey/jersey-json/1.19/jersey-json-1.19.jar:/home/user/.m2/repository/org/codehaus/jettison/jettison/1.1/jettison-1.1.jar:/home/user/.m2/repository/org/codehaus/jackson/jackson-core-asl/1.9.13/jackson-core-asl-1.9.13.jar:/home/user/.m2/repository/org/codehaus/jackson/jackson-mapper-asl/1.9.13/jackson-mapper-asl-1.9.13.jar:/home/user/.m2/repository/org/codehaus/jackson/jackson-jaxrs/1.9.13/jackson-jaxrs-1.9.13.jar:/home/user/.m2/repository/org/codehaus/jackson/jackson-xc/1.9.13/jackson-xc-1.9.13.jar:/home/user/.m2/repository/commons-logging/commons-logging/1.1.3/commons-logging-1.1.3.jar:/home/user/.m2/repository/commons-beanutils/commons-beanutils/1.9.4/commons-beanutils-1.9.4.jar:/home/user/.m2/repository/org/apache/commons/commons-configuration2/2.1.1/commons-configuration2-2.1.1.jar:/home/user/.m2/repository/org/apache/commons/commons-lang3/3.7/commons-lang3-3.7.jar:/home/user/.m2/repository/org/apache/commons/commons-text/1.4/commons-text-1.4.jar:/home/user/.m2/repository/org/apache/avro/avro/1.7.7/avro-1.7.7.jar:/home/user/.m2/repository/com/thoughtworks/paranamer/paranamer/2.3/paranamer-2.3.jar:/home/user/.m2/repository/org/xerial/snappy/snappy-java/1.0.5/snappy-java-1.0.5.jar:/home/user/.m2/repository/com/google/re2j/re2j/1.1/re2j-1.1.jar:/home/user/.m2/repository/com/google/code/gson/gson/2.2.4/gson-2.2.4.jar:/home/user/.m2/repository/com/jcraft/jsch/0.1.54/jsch-0.1.54.jar:/home/user/.m2/repository/org/apache/curator/curator-client/2.12.0/curator-client-2.12.0.jar:/home/user/.m2/repository/org/apache/curator/curator-recipes/2.12.0/curator-recipes-2.12.0.jar:/home/user/.m2/repository/com/google/code/findbugs/jsr305/3.0.0/jsr305-3.0.0.jar:/home/user/.m2/repository/org/apache/htrace/htrace-core4/4.1.0-incubating/htrace-core4-4.1.0-incubating.jar:/home/user/.m2/repository/org/apache/zookeeper/zookeeper/3.4.13/zookeeper-3.4.13.jar:/home/user/.m2/repository/org/apache/yetus/audience-annotations/0.5.0/audience-annotations-0.5.0.jar:/home/user/.m2/repository/org/codehaus/woodstox/stax2-api/3.1.4/stax2-api-3.1.4.jar:/home/user/.m2/repository/com/fasterxml/woodstox/woodstox-core/5.0.3/woodstox-core-5.0.3.jar:/home/user/.m2/repository/dnsjava/dnsjava/2.1.7/dnsjava-2.1.7.jar:/home/user/.m2/repository/org/apache/hadoop/hadoop-hdfs/3.2.0/hadoop-hdfs-3.2.0-tests.jar:/home/user/.m2/repository/org/eclipse/jetty/jetty-util-ajax/9.3.24.v20180605/jetty-util-ajax-9.3.24.v20180605.jar:/home/user/.m2/repository/commons-daemon/commons-daemon/1.0.13/commons-daemon-1.0.13.jar:/home/user/.m2/repository/io/netty/netty/3.10.5.Final/netty-3.10.5.Final.jar:/home/user/.m2/repository/io/netty/netty-all/4.0.52.Final/netty-all-4.0.52.Final.jar:/home/user/.m2/repository/org/fusesource/leveldbjni/leveldbjni-all/1.8/leveldbjni-all-1.8.jar:"/>
    <property name="sun.cpu.endian" value="little"/>
    <property name="user.home" value="/home/user"/>
    <property name="user.language" value="en"/>
    <property name="java.specification.vendor" value="Oracle Corporation"/>
    <property name="java.home" value="/usr/lib/jvm/java-1.8-openjdk/jre"/>
    <property name="java.security.krb5.conf" value="/workdir/hadoop-ozone/integration-test/target/test-classes/krb5.conf"/>
    <property name="basedir" value="/workdir/hadoop-ozone/integration-test"/>
    <property name="file.separator" value="/"/>
    <property name="line.separator" value="&#10;"/>
    <property name="java.vm.specification.vendor" value="Oracle Corporation"/>
    <property name="java.specification.name" value="Java Platform API Specification"/>
    <property name="java.awt.graphicsenv" value="sun.awt.X11GraphicsEnvironment"/>
    <property name="surefire.real.class.path" value="/workdir/hadoop-ozone/integration-test/target/surefire/surefirebooter5388270844008746312.jar"/>
    <property name="hadoop.log.dir" value="/workdir/hadoop-ozone/integration-test/target/log"/>
    <property name="sun.boot.class.path" value="/usr/lib/jvm/java-1.8-openjdk/jre/lib/resources.jar:/usr/lib/jvm/java-1.8-openjdk/jre/lib/rt.jar:/usr/lib/jvm/java-1.8-openjdk/jre/lib/sunrsasign.jar:/usr/lib/jvm/java-1.8-openjdk/jre/lib/jsse.jar:/usr/lib/jvm/java-1.8-openjdk/jre/lib/jce.jar:/usr/lib/jvm/java-1.8-openjdk/jre/lib/charsets.jar:/usr/lib/jvm/java-1.8-openjdk/jre/lib/jfr.jar:/usr/lib/jvm/java-1.8-openjdk/jre/classes"/>
    <property name="sun.management.compiler" value="HotSpot 64-Bit Tiered Compilers"/>
    <property name="java.runtime.version" value="1.8.0_212-b04"/>
    <property name="java.net.preferIPv4Stack" value="true"/>
    <property name="user.name" value="jenkins1000"/>
    <property name="path.separator" value=":"/>
    <property name="java.security.egd" value="file:///dev/urandom"/>
    <property name="os.version" value="3.10.0-957.12.2.el7.x86_64"/>
    <property name="java.endorsed.dirs" value="/usr/lib/jvm/java-1.8-openjdk/jre/lib/endorsed"/>
    <property name="java.runtime.name" value="OpenJDK Runtime Environment"/>
    <property name="file.encoding" value="UTF-8"/>
    <property name="java.vm.name" value="OpenJDK 64-Bit Server VM"/>
    <property name="test.build.webapps" value=""/>
    <property name="localRepository" value="/home/user/.m2/repository"/>
    <property name="java.vendor.url.bug" value="https://icedtea.classpath.org/bugzilla"/>
    <property name="java.io.tmpdir" value="/tmp"/>
    <property name="require.test.libhadoop" value=""/>
    <property name="java.version" value="1.8.0_212"/>
    <property name="user.dir" value="/workdir/hadoop-ozone/integration-test"/>
    <property name="os.arch" value="amd64"/>
    <property name="java.vm.specification.name" value="Java Virtual Machine Specification"/>
    <property name="test.build.classes" value="/workdir/hadoop-ozone/integration-test/target/test-classes"/>
    <property name="java.awt.printerjob" value="sun.print.PSPrinterJob"/>
    <property name="sun.os.patch.level" value="unknown"/>
    <property name="hadoop.tmp.dir" value="/workdir/hadoop-ozone/integration-test/target/tmp"/>
    <property name="java.library.path" value="/usr/lib/jvm/java-1.8-openjdk/jre/lib/amd64/server:/usr/lib/jvm/java-1.8-openjdk/jre/lib/amd64:/usr/lib/jvm/java-1.8-openjdk/jre/../lib/amd64:/workdir/hadoop-ozone/integration-test/target/native/target/usr/local/lib:/workdir/hadoop-ozone/integration-test/../../hadoop-common-project/hadoop-common/target/native/target/usr/local/lib:/usr/java/packages/lib/amd64:/usr/lib64:/lib64:/lib:/usr/lib"/>
    <property name="java.vm.info" value="mixed mode"/>
    <property name="java.vendor" value="IcedTea"/>
    <property name="java.vm.version" value="25.212-b04"/>
    <property name="java.ext.dirs" value="/usr/lib/jvm/java-1.8-openjdk/jre/lib/ext:/usr/java/packages/lib/ext"/>
    <property name="sun.io.unicode.encoding" value="UnicodeLittle"/>
    <property name="java.class.version" value="52.0"/>
  </properties>
  <testcase name="testContainerReplication" classname="org.apache.hadoop.ozone.client.rpc.TestContainerReplicationEndToEnd" time="5.362">
    <error message="Failed to update container state #1, reason: invalid state transition from state: CLOSING upon event: FINALIZE." type="org.apache.hadoop.hdds.scm.exceptions.SCMException">org.apache.hadoop.hdds.scm.exceptions.SCMException: Failed to update container state #1, reason: invalid state transition from state: CLOSING upon event: FINALIZE.
	at org.apache.hadoop.hdds.scm.container.ContainerStateManager.updateContainerState(ContainerStateManager.java:336)
	at org.apache.hadoop.hdds.scm.container.SCMContainerManager.updateContainerState(SCMContainerManager.java:312)
	at org.apache.hadoop.ozone.client.rpc.TestContainerReplicationEndToEnd.testContainerReplication(TestContainerReplicationEndToEnd.java:159)
	at sun.reflect.NativeMethodAccessorImpl.invoke0(Native Method)
	at sun.reflect.NativeMethodAccessorImpl.invoke(NativeMethodAccessorImpl.java:62)
	at sun.reflect.DelegatingMethodAccessorImpl.invoke(DelegatingMethodAccessorImpl.java:43)
	at java.lang.reflect.Method.invoke(Method.java:498)
	at org.junit.runners.model.FrameworkMethod$1.runReflectiveCall(FrameworkMethod.java:47)
	at org.junit.internal.runners.model.ReflectiveCallable.run(ReflectiveCallable.java:12)
	at org.junit.runners.model.FrameworkMethod.invokeExplosively(FrameworkMethod.java:44)
	at org.junit.internal.runners.statements.InvokeMethod.evaluate(InvokeMethod.java:17)
	at org.junit.runners.ParentRunner.runLeaf(ParentRunner.java:271)
	at org.junit.runners.BlockJUnit4ClassRunner.runChild(BlockJUnit4ClassRunner.java:70)
	at org.junit.runners.BlockJUnit4ClassRunner.runChild(BlockJUnit4ClassRunner.java:50)
	at org.junit.runners.ParentRunner$3.run(ParentRunner.java:238)
	at org.junit.runners.ParentRunner$1.schedule(ParentRunner.java:63)
	at org.junit.runners.ParentRunner.runChildren(ParentRunner.java:236)
	at org.junit.runners.ParentRunner.access$000(ParentRunner.java:53)
	at org.junit.runners.ParentRunner$2.evaluate(ParentRunner.java:229)
	at org.junit.internal.runners.statements.RunBefores.evaluate(RunBefores.java:26)
	at org.junit.internal.runners.statements.RunAfters.evaluate(RunAfters.java:27)
	at org.junit.runners.ParentRunner.run(ParentRunner.java:309)
	at org.apache.maven.surefire.junit4.JUnit4Provider.execute(JUnit4Provider.java:365)
	at org.apache.maven.surefire.junit4.JUnit4Provider.executeWithRerun(JUnit4Provider.java:273)
	at org.apache.maven.surefire.junit4.JUnit4Provider.executeTestSet(JUnit4Provider.java:238)
	at org.apache.maven.surefire.junit4.JUnit4Provider.invoke(JUnit4Provider.java:159)
	at org.apache.maven.surefire.booter.ForkedBooter.invokeProviderInSameClassLoader(ForkedBooter.java:384)
	at org.apache.maven.surefire.booter.ForkedBooter.runSuitesInProcess(ForkedBooter.java:345)
	at org.apache.maven.surefire.booter.ForkedBooter.execute(ForkedBooter.java:126)
	at org.apache.maven.surefire.booter.ForkedBooter.main(ForkedBooter.java:418)
</error>
    <system-out><![CDATA[2019-09-19 08:16:58,884 [main] WARN  server.ServerUtils (ServerUtils.java:getScmDbDir(145)) - ozone.scm.db.dirs is not configured. We recommend adding this setting. Falling back to ozone.metadata.dirs instead.
2019-09-19 08:16:59,000 [main] WARN  server.ServerUtils (ServerUtils.java:getScmDbDir(145)) - ozone.scm.db.dirs is not configured. We recommend adding this setting. Falling back to ozone.metadata.dirs instead.
2019-09-19 08:16:59,004 [main] WARN  server.ServerUtils (ServerUtils.java:getScmDbDir(145)) - ozone.scm.db.dirs is not configured. We recommend adding this setting. Falling back to ozone.metadata.dirs instead.
2019-09-19 08:16:59,023 [main] INFO  util.log (Log.java:initialized(192)) - Logging initialized @898ms
2019-09-19 08:16:59,128 [main] INFO  db.DBStoreBuilder (DBStoreBuilder.java:addTable(110)) - using custom profile for table: deletedBlocks
2019-09-19 08:16:59,128 [main] INFO  db.DBStoreBuilder (DBStoreBuilder.java:processTables(161)) - Using default column profile:DBProfile.DISK for Table:deletedBlocks
2019-09-19 08:16:59,128 [main] INFO  db.DBStoreBuilder (DBStoreBuilder.java:addTable(110)) - using custom profile for table: validCerts
2019-09-19 08:16:59,129 [main] INFO  db.DBStoreBuilder (DBStoreBuilder.java:processTables(161)) - Using default column profile:DBProfile.DISK for Table:validCerts
2019-09-19 08:16:59,129 [main] INFO  db.DBStoreBuilder (DBStoreBuilder.java:addTable(110)) - using custom profile for table: revokedCerts
2019-09-19 08:16:59,129 [main] INFO  db.DBStoreBuilder (DBStoreBuilder.java:processTables(161)) - Using default column profile:DBProfile.DISK for Table:revokedCerts
2019-09-19 08:16:59,142 [main] INFO  db.DBStoreBuilder (DBStoreBuilder.java:addTable(110)) - using custom profile for table: default
2019-09-19 08:16:59,142 [main] INFO  db.DBStoreBuilder (DBStoreBuilder.java:processTables(167)) - Using default column profile:DBProfile.DISK for Table:default
2019-09-19 08:16:59,143 [main] INFO  db.DBStoreBuilder (DBStoreBuilder.java:getDbProfile(198)) - Using default options. DBProfile.DISK
2019-09-19 08:16:59,485 [main] INFO  net.NodeSchemaLoader (NodeSchemaLoader.java:loadSchemaFromFile(125)) - Loading file from sun.misc.CompoundEnumeration@77888435
2019-09-19 08:16:59,487 [main] INFO  net.NodeSchemaLoader (NodeSchemaLoader.java:loadSchema(171)) - Loading network topology layer schema file
2019-09-19 08:16:59,560 [main] INFO  node.SCMNodeManager (SCMNodeManager.java:<init>(114)) - Entering startup safe mode.
2019-09-19 08:16:59,639 [main] INFO  algorithms.ContainerPlacementPolicyFactory (ContainerPlacementPolicyFactory.java:getPolicy(57)) - Create container placement policy of type org.apache.hadoop.hdds.scm.container.placement.algorithms.SCMContainerPlacementRandom
2019-09-19 08:16:59,661 [main] WARN  server.ServerUtils (ServerUtils.java:getScmDbDir(145)) - ozone.scm.db.dirs is not configured. We recommend adding this setting. Falling back to ozone.metadata.dirs instead.
2019-09-19 08:16:59,753 [main] INFO  pipeline.SCMPipelineManager (SCMPipelineManager.java:initializePipelineState(128)) - No pipeline exists in current db
2019-09-19 08:16:59,757 [main] WARN  server.ServerUtils (ServerUtils.java:getScmDbDir(145)) - ozone.scm.db.dirs is not configured. We recommend adding this setting. Falling back to ozone.metadata.dirs instead.
2019-09-19 08:16:59,888 [main] INFO  Configuration.deprecation (Configuration.java:logDeprecation(1394)) - No unit for hdds.scm.replication.thread.interval(2000) assuming MILLISECONDS
2019-09-19 08:16:59,921 [main] WARN  events.EventQueue (EventQueue.java:fireEvent(183)) - No event handler registered for event TypedEvent{payloadType=SafeModeStatus, name='SafeModeStatus'}
2019-09-19 08:17:00,306 [main] INFO  ipc.CallQueueManager (CallQueueManager.java:<init>(84)) - Using callQueue: class java.util.concurrent.LinkedBlockingQueue, queueCapacity: 2000, scheduler: class org.apache.hadoop.ipc.DefaultRpcScheduler, ipcBackoff: false.
2019-09-19 08:17:00,334 [Socket Reader #1 for port 45970] INFO  ipc.Server (Server.java:run(1074)) - Starting Socket Reader #1 for port 45970
2019-09-19 08:17:00,504 [main] INFO  ipc.CallQueueManager (CallQueueManager.java:<init>(84)) - Using callQueue: class java.util.concurrent.LinkedBlockingQueue, queueCapacity: 2000, scheduler: class org.apache.hadoop.ipc.DefaultRpcScheduler, ipcBackoff: false.
2019-09-19 08:17:00,505 [Socket Reader #1 for port 37930] INFO  ipc.Server (Server.java:run(1074)) - Starting Socket Reader #1 for port 37930
2019-09-19 08:17:00,516 [main] INFO  ipc.CallQueueManager (CallQueueManager.java:<init>(84)) - Using callQueue: class java.util.concurrent.LinkedBlockingQueue, queueCapacity: 2000, scheduler: class org.apache.hadoop.ipc.DefaultRpcScheduler, ipcBackoff: false.
2019-09-19 08:17:00,517 [Socket Reader #1 for port 32802] INFO  ipc.Server (Server.java:run(1074)) - Starting Socket Reader #1 for port 32802
2019-09-19 08:17:00,543 [main] INFO  hdfs.DFSUtil (DFSUtil.java:httpServerTemplateForNNAndJN(1641)) - Starting Web-server for scm at: http://0.0.0.0:0
2019-09-19 08:17:00,704 [main] INFO  server.AuthenticationFilter (AuthenticationFilter.java:constructSecretProvider(240)) - Unable to initialize FileSignerSecretProvider, falling back to use random secrets.
2019-09-19 08:17:00,712 [main] WARN  http.HttpRequestLog (HttpRequestLog.java:getRequestLog(97)) - Jetty request log can only be enabled using Log4j
2019-09-19 08:17:00,720 [main] INFO  http.HttpServer2 (HttpServer2.java:addGlobalFilter(975)) - Added global filter 'safety' (class=org.apache.hadoop.http.HttpServer2$QuotingInputFilter)
2019-09-19 08:17:00,723 [main] INFO  http.HttpServer2 (HttpServer2.java:addFilter(948)) - Added filter static_user_filter (class=org.apache.hadoop.http.lib.StaticUserWebFilter$StaticUserFilter) to context scm
2019-09-19 08:17:00,723 [main] INFO  http.HttpServer2 (HttpServer2.java:addFilter(958)) - Added filter static_user_filter (class=org.apache.hadoop.http.lib.StaticUserWebFilter$StaticUserFilter) to context static
2019-09-19 08:17:00,723 [main] INFO  http.HttpServer2 (HttpServer2.java:addFilter(958)) - Added filter static_user_filter (class=org.apache.hadoop.http.lib.StaticUserWebFilter$StaticUserFilter) to context logs
2019-09-19 08:17:00,754 [main] INFO  server.StorageContainerManager (StorageContainerManager.java:start(763)) - StorageContainerLocationProtocol RPC server is listening at /0.0.0.0:32802
2019-09-19 08:17:00,818 [main] WARN  impl.MetricsConfig (MetricsConfig.java:loadFirst(134)) - Cannot locate configuration: tried hadoop-metrics2-storagecontainermanager.properties,hadoop-metrics2.properties
2019-09-19 08:17:00,831 [main] INFO  impl.MetricsSystemImpl (MetricsSystemImpl.java:startTimer(374)) - Scheduled Metric snapshot period at 10 second(s).
2019-09-19 08:17:00,831 [main] INFO  impl.MetricsSystemImpl (MetricsSystemImpl.java:start(191)) - StorageContainerManager metrics system started
2019-09-19 08:17:01,084 [main] INFO  server.SCMClientProtocolServer (SCMClientProtocolServer.java:start(151)) - RPC server for Client  is listening at /0.0.0.0:32802
2019-09-19 08:17:01,085 [IPC Server Responder] INFO  ipc.Server (Server.java:run(1314)) - IPC Server Responder: starting
2019-09-19 08:17:01,085 [IPC Server listener on 32802] INFO  ipc.Server (Server.java:run(1153)) - IPC Server listener on 32802: starting
2019-09-19 08:17:01,089 [main] INFO  server.StorageContainerManager (StorageContainerManager.java:start(773)) - ScmBlockLocationProtocol RPC server is listening at /0.0.0.0:37930
2019-09-19 08:17:01,092 [main] INFO  server.SCMBlockProtocolServer (SCMBlockProtocolServer.java:start(146)) - RPC server for Block Protocol is listening at /0.0.0.0:37930
2019-09-19 08:17:01,093 [IPC Server Responder] INFO  ipc.Server (Server.java:run(1314)) - IPC Server Responder: starting
2019-09-19 08:17:01,093 [IPC Server listener on 37930] INFO  ipc.Server (Server.java:run(1153)) - IPC Server listener on 37930: starting
2019-09-19 08:17:01,095 [main] INFO  server.StorageContainerManager (StorageContainerManager.java:start(777)) - ScmDatanodeProtocl RPC server is listening at /0.0.0.0:45970
2019-09-19 08:17:01,096 [main] INFO  server.SCMDatanodeProtocolServer (SCMDatanodeProtocolServer.java:start(191)) - RPC server for DataNodes is listening at /0.0.0.0:45970
2019-09-19 08:17:01,096 [IPC Server Responder] INFO  ipc.Server (Server.java:run(1314)) - IPC Server Responder: starting
2019-09-19 08:17:01,096 [IPC Server listener on 45970] INFO  ipc.Server (Server.java:run(1153)) - IPC Server listener on 45970: starting
2019-09-19 08:17:01,101 [main] INFO  http.HttpServer2 (HttpServer2.java:bindListener(1191)) - Jetty bound to port 44504
2019-09-19 08:17:01,104 [main] INFO  server.Server (Server.java:doStart(351)) - jetty-9.3.24.v20180605, build timestamp: 2018-06-05T17:11:56Z, git hash: 84205aa28f11a4f31f2a3b86d1bba2cc8ab69827
2019-09-19 08:17:01,154 [main] INFO  handler.ContextHandler (ContextHandler.java:doStart(781)) - Started o.e.j.s.ServletContextHandler@6622fc65{/logs,file:///workdir/hadoop-ozone/integration-test/target/log,AVAILABLE}
2019-09-19 08:17:01,155 [main] INFO  handler.ContextHandler (ContextHandler.java:doStart(781)) - Started o.e.j.s.ServletContextHandler@23fb172e{/static,file:///workdir/hadoop-ozone/integration-test/target/test-classes/webapps/static,AVAILABLE}
2019-09-19 08:17:01,192 [main] INFO  handler.ContextHandler (ContextHandler.java:doStart(781)) - Started o.e.j.w.WebAppContext@3591009c{/,file:///workdir/hadoop-ozone/integration-test/target/test-classes/webapps/scm/,AVAILABLE}{/scm}
2019-09-19 08:17:01,198 [main] INFO  server.AbstractConnector (AbstractConnector.java:doStart(278)) - Started ServerConnector@2de366bb{HTTP/1.1,[http/1.1]}{0.0.0.0:44504}
2019-09-19 08:17:01,198 [main] INFO  server.Server (Server.java:doStart(419)) - Started @3073ms
2019-09-19 08:17:01,200 [main] INFO  impl.MetricsSinkAdapter (MetricsSinkAdapter.java:start(204)) - Sink prometheus started
2019-09-19 08:17:01,201 [main] INFO  impl.MetricsSystemImpl (MetricsSystemImpl.java:registerSink(301)) - Registered sink prometheus
2019-09-19 08:17:01,202 [main] INFO  server.BaseHttpServer (BaseHttpServer.java:updateConnectorAddress(215)) - HTTP server of SCM is listening at http://0.0.0.0:44504
2019-09-19 08:17:01,208 [org.apache.hadoop.util.JvmPauseMonitor$Monitor@64f857e7] INFO  util.JvmPauseMonitor (JvmPauseMonitor.java:run(188)) - Starting JVM pause monitor
2019-09-19 08:17:01,210 [main] WARN  server.ServerUtils (ServerUtils.java:getDBPath(222)) - ozone.om.db.dirs is not configured. We recommend adding this setting. Falling back to ozone.metadata.dirs instead.
2019-09-19 08:17:01,319 [main] WARN  server.ServerUtils (ServerUtils.java:getDBPath(222)) - ozone.om.db.dirs is not configured. We recommend adding this setting. Falling back to ozone.metadata.dirs instead.
2019-09-19 08:17:01,320 [main] WARN  server.ServerUtils (ServerUtils.java:getDBPath(222)) - ozone.om.db.dirs is not configured. We recommend adding this setting. Falling back to ozone.metadata.dirs instead.
2019-09-19 08:17:01,321 [main] INFO  om.OzoneManager (OzoneManager.java:setOMNodeDetails(649)) - OM Service ID is not set. Setting it to the default ID: omServiceIdDefault
2019-09-19 08:17:01,321 [main] INFO  om.OzoneManager (OzoneManager.java:setOMNodeDetails(655)) - OM Node ID is not set. Setting it to the OmStorage's OmID: 29468a8f-f96f-411a-a90f-c6ec09293187
2019-09-19 08:17:01,322 [main] INFO  om.OzoneManager (OzoneManager.java:loadOMHAConfigs(606)) - Found matching OM address with OMServiceId: null, OMNodeId: null, RPC Address: localhost:0 and Ratis port: 9872
2019-09-19 08:17:02,070 [main] WARN  server.ServerUtils (ServerUtils.java:getDBPath(222)) - ozone.om.db.dirs is not configured. We recommend adding this setting. Falling back to ozone.metadata.dirs instead.
2019-09-19 08:17:02,078 [main] INFO  db.DBStoreBuilder (DBStoreBuilder.java:addTable(110)) - using custom profile for table: userTable
2019-09-19 08:17:02,078 [main] INFO  db.DBStoreBuilder (DBStoreBuilder.java:processTables(161)) - Using default column profile:DBProfile.DISK for Table:userTable
2019-09-19 08:17:02,078 [main] INFO  db.DBStoreBuilder (DBStoreBuilder.java:addTable(110)) - using custom profile for table: volumeTable
2019-09-19 08:17:02,079 [main] INFO  db.DBStoreBuilder (DBStoreBuilder.java:processTables(161)) - Using default column profile:DBProfile.DISK for Table:volumeTable
2019-09-19 08:17:02,079 [main] INFO  db.DBStoreBuilder (DBStoreBuilder.java:addTable(110)) - using custom profile for table: bucketTable
2019-09-19 08:17:02,079 [main] INFO  db.DBStoreBuilder (DBStoreBuilder.java:processTables(161)) - Using default column profile:DBProfile.DISK for Table:bucketTable
2019-09-19 08:17:02,079 [main] INFO  db.DBStoreBuilder (DBStoreBuilder.java:addTable(110)) - using custom profile for table: keyTable
2019-09-19 08:17:02,080 [main] INFO  db.DBStoreBuilder (DBStoreBuilder.java:processTables(161)) - Using default column profile:DBProfile.DISK for Table:keyTable
2019-09-19 08:17:02,080 [main] INFO  db.DBStoreBuilder (DBStoreBuilder.java:addTable(110)) - using custom profile for table: deletedTable
2019-09-19 08:17:02,080 [main] INFO  db.DBStoreBuilder (DBStoreBuilder.java:processTables(161)) - Using default column profile:DBProfile.DISK for Table:deletedTable
2019-09-19 08:17:02,080 [main] INFO  db.DBStoreBuilder (DBStoreBuilder.java:addTable(110)) - using custom profile for table: openKeyTable
2019-09-19 08:17:02,081 [main] INFO  db.DBStoreBuilder (DBStoreBuilder.java:processTables(161)) - Using default column profile:DBProfile.DISK for Table:openKeyTable
2019-09-19 08:17:02,081 [main] INFO  db.DBStoreBuilder (DBStoreBuilder.java:addTable(110)) - using custom profile for table: s3Table
2019-09-19 08:17:02,081 [main] INFO  db.DBStoreBuilder (DBStoreBuilder.java:processTables(161)) - Using default column profile:DBProfile.DISK for Table:s3Table
2019-09-19 08:17:02,081 [main] INFO  db.DBStoreBuilder (DBStoreBuilder.java:addTable(110)) - using custom profile for table: multipartInfoTable
2019-09-19 08:17:02,081 [main] INFO  db.DBStoreBuilder (DBStoreBuilder.java:processTables(161)) - Using default column profile:DBProfile.DISK for Table:multipartInfoTable
2019-09-19 08:17:02,082 [main] INFO  db.DBStoreBuilder (DBStoreBuilder.java:addTable(110)) - using custom profile for table: dTokenTable
2019-09-19 08:17:02,082 [main] INFO  db.DBStoreBuilder (DBStoreBuilder.java:processTables(161)) - Using default column profile:DBProfile.DISK for Table:dTokenTable
2019-09-19 08:17:02,082 [main] INFO  db.DBStoreBuilder (DBStoreBuilder.java:addTable(110)) - using custom profile for table: s3SecretTable
2019-09-19 08:17:02,082 [main] INFO  db.DBStoreBuilder (DBStoreBuilder.java:processTables(161)) - Using default column profile:DBProfile.DISK for Table:s3SecretTable
2019-09-19 08:17:02,083 [main] INFO  db.DBStoreBuilder (DBStoreBuilder.java:addTable(110)) - using custom profile for table: prefixTable
2019-09-19 08:17:02,083 [main] INFO  db.DBStoreBuilder (DBStoreBuilder.java:processTables(161)) - Using default column profile:DBProfile.DISK for Table:prefixTable
2019-09-19 08:17:02,083 [main] INFO  db.DBStoreBuilder (DBStoreBuilder.java:addTable(110)) - using custom profile for table: default
2019-09-19 08:17:02,083 [main] INFO  db.DBStoreBuilder (DBStoreBuilder.java:processTables(167)) - Using default column profile:DBProfile.DISK for Table:default
2019-09-19 08:17:02,084 [main] INFO  db.DBStoreBuilder (DBStoreBuilder.java:getDbProfile(198)) - Using default options. DBProfile.DISK
2019-09-19 08:17:02,556 [main] INFO  ipc.CallQueueManager (CallQueueManager.java:<init>(84)) - Using callQueue: class java.util.concurrent.LinkedBlockingQueue, queueCapacity: 2000, scheduler: class org.apache.hadoop.ipc.DefaultRpcScheduler, ipcBackoff: false.
2019-09-19 08:17:02,557 [Socket Reader #1 for port 34385] INFO  ipc.Server (Server.java:run(1074)) - Starting Socket Reader #1 for port 34385
2019-09-19 08:17:02,579 [main] INFO  om.OzoneManager (OzoneManager.java:start(1240)) - OzoneManager RPC server is listening at localhost/127.0.0.1:34385
2019-09-19 08:17:02,580 [main] INFO  impl.MetricsSystemImpl (MetricsSystemImpl.java:init(158)) - OzoneManager metrics system started (again)
2019-09-19 08:17:02,581 [IPC Server Responder] INFO  ipc.Server (Server.java:run(1314)) - IPC Server Responder: starting
2019-09-19 08:17:02,581 [IPC Server listener on 34385] INFO  ipc.Server (Server.java:run(1153)) - IPC Server listener on 34385: starting
2019-09-19 08:17:02,587 [main] INFO  hdfs.DFSUtil (DFSUtil.java:httpServerTemplateForNNAndJN(1641)) - Starting Web-server for ozoneManager at: http://0.0.0.0:0
2019-09-19 08:17:02,590 [main] INFO  server.AuthenticationFilter (AuthenticationFilter.java:constructSecretProvider(240)) - Unable to initialize FileSignerSecretProvider, falling back to use random secrets.
2019-09-19 08:17:02,591 [main] WARN  http.HttpRequestLog (HttpRequestLog.java:getRequestLog(97)) - Jetty request log can only be enabled using Log4j
2019-09-19 08:17:02,594 [main] INFO  http.HttpServer2 (HttpServer2.java:addGlobalFilter(975)) - Added global filter 'safety' (class=org.apache.hadoop.http.HttpServer2$QuotingInputFilter)
2019-09-19 08:17:02,596 [main] INFO  http.HttpServer2 (HttpServer2.java:addFilter(948)) - Added filter static_user_filter (class=org.apache.hadoop.http.lib.StaticUserWebFilter$StaticUserFilter) to context ozoneManager
2019-09-19 08:17:02,596 [main] INFO  http.HttpServer2 (HttpServer2.java:addFilter(958)) - Added filter static_user_filter (class=org.apache.hadoop.http.lib.StaticUserWebFilter$StaticUserFilter) to context static
2019-09-19 08:17:02,596 [main] INFO  http.HttpServer2 (HttpServer2.java:addFilter(958)) - Added filter static_user_filter (class=org.apache.hadoop.http.lib.StaticUserWebFilter$StaticUserFilter) to context logs
2019-09-19 08:17:02,600 [main] INFO  http.HttpServer2 (HttpServer2.java:bindListener(1191)) - Jetty bound to port 42268
2019-09-19 08:17:02,600 [main] INFO  server.Server (Server.java:doStart(351)) - jetty-9.3.24.v20180605, build timestamp: 2018-06-05T17:11:56Z, git hash: 84205aa28f11a4f31f2a3b86d1bba2cc8ab69827
2019-09-19 08:17:02,603 [main] INFO  handler.ContextHandler (ContextHandler.java:doStart(781)) - Started o.e.j.s.ServletContextHandler@4fe875be{/logs,file:///workdir/hadoop-ozone/integration-test/target/log,AVAILABLE}
2019-09-19 08:17:02,604 [main] INFO  handler.ContextHandler (ContextHandler.java:doStart(781)) - Started o.e.j.s.ServletContextHandler@4a9486c0{/static,file:///workdir/hadoop-ozone/integration-test/target/test-classes/webapps/static,AVAILABLE}
2019-09-19 08:17:02,623 [main] INFO  handler.ContextHandler (ContextHandler.java:doStart(781)) - Started o.e.j.w.WebAppContext@3b569985{/,file:///workdir/hadoop-ozone/integration-test/target/test-classes/webapps/ozoneManager/,AVAILABLE}{/ozoneManager}
2019-09-19 08:17:02,625 [main] INFO  server.AbstractConnector (AbstractConnector.java:doStart(278)) - Started ServerConnector@3a022576{HTTP/1.1,[http/1.1]}{0.0.0.0:42268}
2019-09-19 08:17:02,626 [main] INFO  server.Server (Server.java:doStart(419)) - Started @4501ms
2019-09-19 08:17:02,626 [main] WARN  impl.MetricsSystemImpl (MetricsSystemImpl.java:register(276)) - Sink prometheus already exists!
2019-09-19 08:17:02,627 [main] INFO  server.BaseHttpServer (BaseHttpServer.java:updateConnectorAddress(215)) - HTTP server of OZONEMANAGER is listening at http://0.0.0.0:42268
2019-09-19 08:17:02,990 [main] INFO  impl.MetricsSystemImpl (MetricsSystemImpl.java:init(158)) - HddsDatanode metrics system started (again)
2019-09-19 08:17:03,066 [main] INFO  ozone.HddsDatanodeService (HddsDatanodeService.java:start(184)) - HddsDatanodeService host:pr-hdds-2101-t8mbx-1252714220 ip:192.168.36.85
2019-09-19 08:17:03,113 [main] INFO  volume.HddsVolume (HddsVolume.java:<init>(176)) - Creating Volume: /workdir/hadoop-ozone/integration-test/target/test-dir/MiniOzoneClusterImpl-8fb0b404-6679-45f6-9240-c8337d413b55/datanode-0/data/containers/hdds of  storage type : DISK and capacity : 1482555576320
2019-09-19 08:17:03,116 [main] INFO  volume.VolumeSet (VolumeSet.java:initializeVolumeSet(170)) - Added Volume : /workdir/hadoop-ozone/integration-test/target/test-dir/MiniOzoneClusterImpl-8fb0b404-6679-45f6-9240-c8337d413b55/datanode-0/data/containers/hdds to VolumeSet
2019-09-19 08:17:03,121 [main] INFO  volume.ThrottledAsyncChecker (ThrottledAsyncChecker.java:schedule(139)) - Scheduling a check for org.apache.hadoop.ozone.container.common.volume.HddsVolume@289fdb08
2019-09-19 08:17:03,146 [main] INFO  volume.HddsVolumeChecker (HddsVolumeChecker.java:checkAllVolumes(202)) - Scheduled health check for volume org.apache.hadoop.ozone.container.common.volume.HddsVolume@289fdb08
2019-09-19 08:17:03,272 [main] INFO  impl.RaftServerProxy (ConfUtils.java:logGet(43)) - raft.rpc.type = GRPC (default)
2019-09-19 08:17:03,341 [main] INFO  grpc.GrpcFactory (GrpcFactory.java:checkPooledByteBufAllocatorUseCacheForAllThreads(45)) - PERFORMANCE WARNING: useCacheForAllThreads is true that may cause Netty to create a lot garbage objects and, as a result, trigger GC.
	It is recommended to disable useCacheForAllThreads by setting -Dorg.apache.ratis.thirdparty.io.netty.allocator.useCacheForAllThreads=false in command line.
2019-09-19 08:17:03,346 [main] INFO  grpc.GrpcConfigKeys$Server (ConfUtils.java:logGet(43)) - raft.grpc.server.port = 0 (default)
2019-09-19 08:17:03,347 [main] INFO  server.GrpcService (ConfUtils.java:logGet(43)) - raft.grpc.message.size.max = 33570816 (custom)
2019-09-19 08:17:03,349 [main] INFO  server.RaftServerConfigKeys (ConfUtils.java:logGet(43)) - raft.server.log.appender.buffer.byte-limit = 33554432 (custom)
2019-09-19 08:17:03,350 [main] INFO  server.GrpcService (ConfUtils.java:logGet(43)) - raft.grpc.flow.control.window = 1MB (=1048576) (default)
2019-09-19 08:17:03,350 [main] INFO  server.RaftServerConfigKeys (ConfUtils.java:logGet(43)) - raft.server.rpc.request.timeout = 3000ms (default)
2019-09-19 08:17:03,543 [main] INFO  server.RaftServerConfigKeys (ConfUtils.java:logGet(43)) - raft.server.storage.dir = [/workdir/hadoop-ozone/integration-test/target/test-dir/MiniOzoneClusterImpl-8fb0b404-6679-45f6-9240-c8337d413b55/datanode-0/data/ratis] (custom)
2019-09-19 08:17:03,598 [main] INFO  hdfs.DFSUtil (DFSUtil.java:httpServerTemplateForNNAndJN(1641)) - Starting Web-server for hddsDatanode at: http://0.0.0.0:0
2019-09-19 08:17:03,602 [main] INFO  server.AuthenticationFilter (AuthenticationFilter.java:constructSecretProvider(240)) - Unable to initialize FileSignerSecretProvider, falling back to use random secrets.
2019-09-19 08:17:03,603 [main] WARN  http.HttpRequestLog (HttpRequestLog.java:getRequestLog(97)) - Jetty request log can only be enabled using Log4j
2019-09-19 08:17:03,604 [main] INFO  http.HttpServer2 (HttpServer2.java:addGlobalFilter(975)) - Added global filter 'safety' (class=org.apache.hadoop.http.HttpServer2$QuotingInputFilter)
2019-09-19 08:17:03,605 [main] INFO  http.HttpServer2 (HttpServer2.java:addFilter(948)) - Added filter static_user_filter (class=org.apache.hadoop.http.lib.StaticUserWebFilter$StaticUserFilter) to context hddsDatanode
2019-09-19 08:17:03,605 [main] INFO  http.HttpServer2 (HttpServer2.java:addFilter(958)) - Added filter static_user_filter (class=org.apache.hadoop.http.lib.StaticUserWebFilter$StaticUserFilter) to context logs
2019-09-19 08:17:03,606 [main] INFO  http.HttpServer2 (HttpServer2.java:addFilter(958)) - Added filter static_user_filter (class=org.apache.hadoop.http.lib.StaticUserWebFilter$StaticUserFilter) to context static
2019-09-19 08:17:03,607 [main] INFO  http.HttpServer2 (HttpServer2.java:bindListener(1191)) - Jetty bound to port 37128
2019-09-19 08:17:03,607 [main] INFO  server.Server (Server.java:doStart(351)) - jetty-9.3.24.v20180605, build timestamp: 2018-06-05T17:11:56Z, git hash: 84205aa28f11a4f31f2a3b86d1bba2cc8ab69827
2019-09-19 08:17:03,609 [main] INFO  handler.ContextHandler (ContextHandler.java:doStart(781)) - Started o.e.j.s.ServletContextHandler@7b6860f9{/logs,file:///workdir/hadoop-ozone/integration-test/target/log,AVAILABLE}
2019-09-19 08:17:03,610 [main] INFO  handler.ContextHandler (ContextHandler.java:doStart(781)) - Started o.e.j.s.ServletContextHandler@31ee2fdb{/static,jar:file:/home/user/.m2/repository/org/apache/hadoop/hadoop-hdds-container-service/0.5.0-SNAPSHOT/hadoop-hdds-container-service-0.5.0-SNAPSHOT.jar!/webapps/static,AVAILABLE}
2019-09-19 08:17:03,642 [main] INFO  handler.ContextHandler (ContextHandler.java:doStart(781)) - Started o.e.j.w.WebAppContext@2849434b{/,file:///tmp/jetty-0.0.0.0-37128-hddsDatanode-_-any-5425579372424627112.dir/webapp/,AVAILABLE}{/hddsDatanode}
2019-09-19 08:17:03,642 [main] INFO  server.AbstractConnector (AbstractConnector.java:doStart(278)) - Started ServerConnector@60bbacfc{HTTP/1.1,[http/1.1]}{0.0.0.0:37128}
2019-09-19 08:17:03,643 [main] INFO  server.Server (Server.java:doStart(419)) - Started @5518ms
2019-09-19 08:17:03,644 [main] WARN  impl.MetricsSystemImpl (MetricsSystemImpl.java:register(276)) - Sink prometheus already exists!
2019-09-19 08:17:03,645 [main] INFO  server.BaseHttpServer (BaseHttpServer.java:updateConnectorAddress(215)) - HTTP server of HDDSDATANODE is listening at http://0.0.0.0:37128
2019-09-19 08:17:03,647 [main] INFO  impl.MetricsSystemImpl (MetricsSystemImpl.java:init(158)) - HddsDatanode metrics system started (again)
2019-09-19 08:17:03,651 [main] INFO  ozone.HddsDatanodeService (HddsDatanodeService.java:start(184)) - HddsDatanodeService host:pr-hdds-2101-t8mbx-1252714220 ip:192.168.36.85
2019-09-19 08:17:03,653 [org.apache.hadoop.util.JvmPauseMonitor$Monitor@612c51ad] INFO  util.JvmPauseMonitor (JvmPauseMonitor.java:run(188)) - Starting JVM pause monitor
2019-09-19 08:17:03,660 [main] INFO  volume.HddsVolume (HddsVolume.java:<init>(176)) - Creating Volume: /workdir/hadoop-ozone/integration-test/target/test-dir/MiniOzoneClusterImpl-8fb0b404-6679-45f6-9240-c8337d413b55/datanode-1/data/containers/hdds of  storage type : DISK and capacity : 1482555576320
2019-09-19 08:17:03,660 [main] INFO  volume.VolumeSet (VolumeSet.java:initializeVolumeSet(170)) - Added Volume : /workdir/hadoop-ozone/integration-test/target/test-dir/MiniOzoneClusterImpl-8fb0b404-6679-45f6-9240-c8337d413b55/datanode-1/data/containers/hdds to VolumeSet
2019-09-19 08:17:03,661 [main] INFO  volume.ThrottledAsyncChecker (ThrottledAsyncChecker.java:schedule(139)) - Scheduling a check for org.apache.hadoop.ozone.container.common.volume.HddsVolume@4c6007fb
2019-09-19 08:17:03,662 [main] INFO  volume.HddsVolumeChecker (HddsVolumeChecker.java:checkAllVolumes(202)) - Scheduled health check for volume org.apache.hadoop.ozone.container.common.volume.HddsVolume@4c6007fb
2019-09-19 08:17:03,681 [main] INFO  impl.RaftServerProxy (ConfUtils.java:logGet(43)) - raft.rpc.type = GRPC (default)
2019-09-19 08:17:03,681 [main] INFO  grpc.GrpcFactory (GrpcFactory.java:checkPooledByteBufAllocatorUseCacheForAllThreads(45)) - PERFORMANCE WARNING: useCacheForAllThreads is true that may cause Netty to create a lot garbage objects and, as a result, trigger GC.
	It is recommended to disable useCacheForAllThreads by setting -Dorg.apache.ratis.thirdparty.io.netty.allocator.useCacheForAllThreads=false in command line.
2019-09-19 08:17:03,682 [main] INFO  grpc.GrpcConfigKeys$Server (ConfUtils.java:logGet(43)) - raft.grpc.server.port = 0 (default)
2019-09-19 08:17:03,682 [main] INFO  server.GrpcService (ConfUtils.java:logGet(43)) - raft.grpc.message.size.max = 33570816 (custom)
2019-09-19 08:17:03,682 [main] INFO  server.RaftServerConfigKeys (ConfUtils.java:logGet(43)) - raft.server.log.appender.buffer.byte-limit = 33554432 (custom)
2019-09-19 08:17:03,683 [main] INFO  server.GrpcService (ConfUtils.java:logGet(43)) - raft.grpc.flow.control.window = 1MB (=1048576) (default)
2019-09-19 08:17:03,683 [main] INFO  server.RaftServerConfigKeys (ConfUtils.java:logGet(43)) - raft.server.rpc.request.timeout = 3000ms (default)
2019-09-19 08:17:03,684 [main] INFO  server.RaftServerConfigKeys (ConfUtils.java:logGet(43)) - raft.server.storage.dir = [/workdir/hadoop-ozone/integration-test/target/test-dir/MiniOzoneClusterImpl-8fb0b404-6679-45f6-9240-c8337d413b55/datanode-1/data/ratis] (custom)
2019-09-19 08:17:03,686 [main] INFO  hdfs.DFSUtil (DFSUtil.java:httpServerTemplateForNNAndJN(1641)) - Starting Web-server for hddsDatanode at: http://0.0.0.0:0
2019-09-19 08:17:03,687 [main] INFO  server.AuthenticationFilter (AuthenticationFilter.java:constructSecretProvider(240)) - Unable to initialize FileSignerSecretProvider, falling back to use random secrets.
2019-09-19 08:17:03,688 [main] WARN  http.HttpRequestLog (HttpRequestLog.java:getRequestLog(97)) - Jetty request log can only be enabled using Log4j
2019-09-19 08:17:03,690 [main] INFO  http.HttpServer2 (HttpServer2.java:addGlobalFilter(975)) - Added global filter 'safety' (class=org.apache.hadoop.http.HttpServer2$QuotingInputFilter)
2019-09-19 08:17:03,691 [main] INFO  http.HttpServer2 (HttpServer2.java:addFilter(948)) - Added filter static_user_filter (class=org.apache.hadoop.http.lib.StaticUserWebFilter$StaticUserFilter) to context hddsDatanode
2019-09-19 08:17:03,691 [main] INFO  http.HttpServer2 (HttpServer2.java:addFilter(958)) - Added filter static_user_filter (class=org.apache.hadoop.http.lib.StaticUserWebFilter$StaticUserFilter) to context static
2019-09-19 08:17:03,691 [main] INFO  http.HttpServer2 (HttpServer2.java:addFilter(958)) - Added filter static_user_filter (class=org.apache.hadoop.http.lib.StaticUserWebFilter$StaticUserFilter) to context logs
2019-09-19 08:17:03,693 [main] INFO  http.HttpServer2 (HttpServer2.java:bindListener(1191)) - Jetty bound to port 42839
2019-09-19 08:17:03,693 [main] INFO  server.Server (Server.java:doStart(351)) - jetty-9.3.24.v20180605, build timestamp: 2018-06-05T17:11:56Z, git hash: 84205aa28f11a4f31f2a3b86d1bba2cc8ab69827
2019-09-19 08:17:03,700 [main] INFO  handler.ContextHandler (ContextHandler.java:doStart(781)) - Started o.e.j.s.ServletContextHandler@3dffc764{/logs,file:///workdir/hadoop-ozone/integration-test/target/log,AVAILABLE}
2019-09-19 08:17:03,700 [main] INFO  handler.ContextHandler (ContextHandler.java:doStart(781)) - Started o.e.j.s.ServletContextHandler@561b61ed{/static,jar:file:/home/user/.m2/repository/org/apache/hadoop/hadoop-hdds-container-service/0.5.0-SNAPSHOT/hadoop-hdds-container-service-0.5.0-SNAPSHOT.jar!/webapps/static,AVAILABLE}
2019-09-19 08:17:03,732 [main] INFO  handler.ContextHandler (ContextHandler.java:doStart(781)) - Started o.e.j.w.WebAppContext@3c3a0032{/,file:///tmp/jetty-0.0.0.0-42839-hddsDatanode-_-any-148689375621019585.dir/webapp/,AVAILABLE}{/hddsDatanode}
2019-09-19 08:17:03,733 [main] INFO  server.AbstractConnector (AbstractConnector.java:doStart(278)) - Started ServerConnector@7ceb4478{HTTP/1.1,[http/1.1]}{0.0.0.0:42839}
2019-09-19 08:17:03,734 [main] INFO  server.Server (Server.java:doStart(419)) - Started @5608ms
2019-09-19 08:17:03,735 [main] WARN  impl.MetricsSystemImpl (MetricsSystemImpl.java:register(276)) - Sink prometheus already exists!
2019-09-19 08:17:03,736 [main] INFO  server.BaseHttpServer (BaseHttpServer.java:updateConnectorAddress(215)) - HTTP server of HDDSDATANODE is listening at http://0.0.0.0:42839
2019-09-19 08:17:03,736 [main] INFO  impl.MetricsSystemImpl (MetricsSystemImpl.java:init(158)) - HddsDatanode metrics system started (again)
2019-09-19 08:17:03,739 [main] INFO  ozone.HddsDatanodeService (HddsDatanodeService.java:start(184)) - HddsDatanodeService host:pr-hdds-2101-t8mbx-1252714220 ip:192.168.36.85
2019-09-19 08:17:03,740 [org.apache.hadoop.util.JvmPauseMonitor$Monitor@2c1a2f20] INFO  util.JvmPauseMonitor (JvmPauseMonitor.java:run(188)) - Starting JVM pause monitor
2019-09-19 08:17:03,748 [main] INFO  volume.HddsVolume (HddsVolume.java:<init>(176)) - Creating Volume: /workdir/hadoop-ozone/integration-test/target/test-dir/MiniOzoneClusterImpl-8fb0b404-6679-45f6-9240-c8337d413b55/datanode-2/data/containers/hdds of  storage type : DISK and capacity : 1482555576320
2019-09-19 08:17:03,749 [main] INFO  volume.VolumeSet (VolumeSet.java:initializeVolumeSet(170)) - Added Volume : /workdir/hadoop-ozone/integration-test/target/test-dir/MiniOzoneClusterImpl-8fb0b404-6679-45f6-9240-c8337d413b55/datanode-2/data/containers/hdds to VolumeSet
2019-09-19 08:17:03,749 [main] INFO  volume.ThrottledAsyncChecker (ThrottledAsyncChecker.java:schedule(139)) - Scheduling a check for org.apache.hadoop.ozone.container.common.volume.HddsVolume@52d97ab6
2019-09-19 08:17:03,749 [main] INFO  volume.HddsVolumeChecker (HddsVolumeChecker.java:checkAllVolumes(202)) - Scheduled health check for volume org.apache.hadoop.ozone.container.common.volume.HddsVolume@52d97ab6
2019-09-19 08:17:03,763 [main] INFO  impl.RaftServerProxy (ConfUtils.java:logGet(43)) - raft.rpc.type = GRPC (default)
2019-09-19 08:17:03,763 [main] INFO  grpc.GrpcFactory (GrpcFactory.java:checkPooledByteBufAllocatorUseCacheForAllThreads(45)) - PERFORMANCE WARNING: useCacheForAllThreads is true that may cause Netty to create a lot garbage objects and, as a result, trigger GC.
	It is recommended to disable useCacheForAllThreads by setting -Dorg.apache.ratis.thirdparty.io.netty.allocator.useCacheForAllThreads=false in command line.
2019-09-19 08:17:03,764 [main] INFO  grpc.GrpcConfigKeys$Server (ConfUtils.java:logGet(43)) - raft.grpc.server.port = 0 (default)
2019-09-19 08:17:03,764 [main] INFO  server.GrpcService (ConfUtils.java:logGet(43)) - raft.grpc.message.size.max = 33570816 (custom)
2019-09-19 08:17:03,764 [main] INFO  server.RaftServerConfigKeys (ConfUtils.java:logGet(43)) - raft.server.log.appender.buffer.byte-limit = 33554432 (custom)
2019-09-19 08:17:03,764 [main] INFO  server.GrpcService (ConfUtils.java:logGet(43)) - raft.grpc.flow.control.window = 1MB (=1048576) (default)
2019-09-19 08:17:03,765 [main] INFO  server.RaftServerConfigKeys (ConfUtils.java:logGet(43)) - raft.server.rpc.request.timeout = 3000ms (default)
2019-09-19 08:17:03,765 [main] INFO  server.RaftServerConfigKeys (ConfUtils.java:logGet(43)) - raft.server.storage.dir = [/workdir/hadoop-ozone/integration-test/target/test-dir/MiniOzoneClusterImpl-8fb0b404-6679-45f6-9240-c8337d413b55/datanode-2/data/ratis] (custom)
2019-09-19 08:17:03,767 [main] INFO  hdfs.DFSUtil (DFSUtil.java:httpServerTemplateForNNAndJN(1641)) - Starting Web-server for hddsDatanode at: http://0.0.0.0:0
2019-09-19 08:17:03,768 [main] INFO  server.AuthenticationFilter (AuthenticationFilter.java:constructSecretProvider(240)) - Unable to initialize FileSignerSecretProvider, falling back to use random secrets.
2019-09-19 08:17:03,769 [main] WARN  http.HttpRequestLog (HttpRequestLog.java:getRequestLog(97)) - Jetty request log can only be enabled using Log4j
2019-09-19 08:17:03,770 [main] INFO  http.HttpServer2 (HttpServer2.java:addGlobalFilter(975)) - Added global filter 'safety' (class=org.apache.hadoop.http.HttpServer2$QuotingInputFilter)
2019-09-19 08:17:03,771 [main] INFO  http.HttpServer2 (HttpServer2.java:addFilter(948)) - Added filter static_user_filter (class=org.apache.hadoop.http.lib.StaticUserWebFilter$StaticUserFilter) to context hddsDatanode
2019-09-19 08:17:03,771 [main] INFO  http.HttpServer2 (HttpServer2.java:addFilter(958)) - Added filter static_user_filter (class=org.apache.hadoop.http.lib.StaticUserWebFilter$StaticUserFilter) to context static
2019-09-19 08:17:03,771 [main] INFO  http.HttpServer2 (HttpServer2.java:addFilter(958)) - Added filter static_user_filter (class=org.apache.hadoop.http.lib.StaticUserWebFilter$StaticUserFilter) to context logs
2019-09-19 08:17:03,772 [main] INFO  http.HttpServer2 (HttpServer2.java:bindListener(1191)) - Jetty bound to port 41688
2019-09-19 08:17:03,772 [main] INFO  server.Server (Server.java:doStart(351)) - jetty-9.3.24.v20180605, build timestamp: 2018-06-05T17:11:56Z, git hash: 84205aa28f11a4f31f2a3b86d1bba2cc8ab69827
2019-09-19 08:17:03,774 [main] INFO  handler.ContextHandler (ContextHandler.java:doStart(781)) - Started o.e.j.s.ServletContextHandler@5f0f9947{/logs,file:///workdir/hadoop-ozone/integration-test/target/log,AVAILABLE}
2019-09-19 08:17:03,775 [main] INFO  handler.ContextHandler (ContextHandler.java:doStart(781)) - Started o.e.j.s.ServletContextHandler@c3edf4c{/static,jar:file:/home/user/.m2/repository/org/apache/hadoop/hadoop-hdds-container-service/0.5.0-SNAPSHOT/hadoop-hdds-container-service-0.5.0-SNAPSHOT.jar!/webapps/static,AVAILABLE}
2019-09-19 08:17:03,788 [Datanode State Machine Thread - 0] INFO  datanode.InitDatanodeState (InitDatanodeState.java:persistContainerDatanodeDetails(140)) - DatanodeDetails is persisted to /workdir/hadoop-ozone/integration-test/target/test-dir/MiniOzoneClusterImpl-8fb0b404-6679-45f6-9240-c8337d413b55/datanode-0/meta/datanode.id
2019-09-19 08:17:03,793 [Datanode State Machine Thread - 0] INFO  datanode.InitDatanodeState (InitDatanodeState.java:persistContainerDatanodeDetails(140)) - DatanodeDetails is persisted to /workdir/hadoop-ozone/integration-test/target/test-dir/MiniOzoneClusterImpl-8fb0b404-6679-45f6-9240-c8337d413b55/datanode-1/meta/datanode.id
2019-09-19 08:17:03,818 [main] INFO  handler.ContextHandler (ContextHandler.java:doStart(781)) - Started o.e.j.w.WebAppContext@70887727{/,file:///tmp/jetty-0.0.0.0-41688-hddsDatanode-_-any-8411159273830135109.dir/webapp/,AVAILABLE}{/hddsDatanode}
2019-09-19 08:17:03,819 [main] INFO  server.AbstractConnector (AbstractConnector.java:doStart(278)) - Started ServerConnector@56da7487{HTTP/1.1,[http/1.1]}{0.0.0.0:41688}
2019-09-19 08:17:03,820 [main] INFO  server.Server (Server.java:doStart(419)) - Started @5694ms
2019-09-19 08:17:03,821 [main] WARN  impl.MetricsSystemImpl (MetricsSystemImpl.java:register(276)) - Sink prometheus already exists!
2019-09-19 08:17:03,822 [main] INFO  server.BaseHttpServer (BaseHttpServer.java:updateConnectorAddress(215)) - HTTP server of HDDSDATANODE is listening at http://0.0.0.0:41688
2019-09-19 08:17:03,823 [main] INFO  impl.MetricsSystemImpl (MetricsSystemImpl.java:init(158)) - HddsDatanode metrics system started (again)
2019-09-19 08:17:03,826 [org.apache.hadoop.util.JvmPauseMonitor$Monitor@10c17de5] INFO  util.JvmPauseMonitor (JvmPauseMonitor.java:run(188)) - Starting JVM pause monitor
2019-09-19 08:17:03,826 [main] INFO  ozone.HddsDatanodeService (HddsDatanodeService.java:start(184)) - HddsDatanodeService host:pr-hdds-2101-t8mbx-1252714220 ip:192.168.36.85
2019-09-19 08:17:03,830 [Datanode State Machine Thread - 0] INFO  datanode.InitDatanodeState (InitDatanodeState.java:persistContainerDatanodeDetails(140)) - DatanodeDetails is persisted to /workdir/hadoop-ozone/integration-test/target/test-dir/MiniOzoneClusterImpl-8fb0b404-6679-45f6-9240-c8337d413b55/datanode-2/meta/datanode.id
2019-09-19 08:17:03,836 [main] INFO  volume.HddsVolume (HddsVolume.java:<init>(176)) - Creating Volume: /workdir/hadoop-ozone/integration-test/target/test-dir/MiniOzoneClusterImpl-8fb0b404-6679-45f6-9240-c8337d413b55/datanode-3/data/containers/hdds of  storage type : DISK and capacity : 1482555576320
2019-09-19 08:17:03,836 [main] INFO  volume.VolumeSet (VolumeSet.java:initializeVolumeSet(170)) - Added Volume : /workdir/hadoop-ozone/integration-test/target/test-dir/MiniOzoneClusterImpl-8fb0b404-6679-45f6-9240-c8337d413b55/datanode-3/data/containers/hdds to VolumeSet
2019-09-19 08:17:03,836 [main] INFO  volume.ThrottledAsyncChecker (ThrottledAsyncChecker.java:schedule(139)) - Scheduling a check for org.apache.hadoop.ozone.container.common.volume.HddsVolume@1981d861
2019-09-19 08:17:03,837 [main] INFO  volume.HddsVolumeChecker (HddsVolumeChecker.java:checkAllVolumes(202)) - Scheduled health check for volume org.apache.hadoop.ozone.container.common.volume.HddsVolume@1981d861
2019-09-19 08:17:03,853 [main] INFO  impl.RaftServerProxy (ConfUtils.java:logGet(43)) - raft.rpc.type = GRPC (default)
2019-09-19 08:17:03,853 [main] INFO  grpc.GrpcFactory (GrpcFactory.java:checkPooledByteBufAllocatorUseCacheForAllThreads(45)) - PERFORMANCE WARNING: useCacheForAllThreads is true that may cause Netty to create a lot garbage objects and, as a result, trigger GC.
	It is recommended to disable useCacheForAllThreads by setting -Dorg.apache.ratis.thirdparty.io.netty.allocator.useCacheForAllThreads=false in command line.
2019-09-19 08:17:03,853 [main] INFO  grpc.GrpcConfigKeys$Server (ConfUtils.java:logGet(43)) - raft.grpc.server.port = 0 (default)
2019-09-19 08:17:03,854 [main] INFO  server.GrpcService (ConfUtils.java:logGet(43)) - raft.grpc.message.size.max = 33570816 (custom)
2019-09-19 08:17:03,854 [main] INFO  server.RaftServerConfigKeys (ConfUtils.java:logGet(43)) - raft.server.log.appender.buffer.byte-limit = 33554432 (custom)
2019-09-19 08:17:03,854 [main] INFO  server.GrpcService (ConfUtils.java:logGet(43)) - raft.grpc.flow.control.window = 1MB (=1048576) (default)
2019-09-19 08:17:03,854 [main] INFO  server.RaftServerConfigKeys (ConfUtils.java:logGet(43)) - raft.server.rpc.request.timeout = 3000ms (default)
2019-09-19 08:17:03,855 [main] INFO  server.RaftServerConfigKeys (ConfUtils.java:logGet(43)) - raft.server.storage.dir = [/workdir/hadoop-ozone/integration-test/target/test-dir/MiniOzoneClusterImpl-8fb0b404-6679-45f6-9240-c8337d413b55/datanode-3/data/ratis] (custom)
2019-09-19 08:17:03,857 [main] INFO  hdfs.DFSUtil (DFSUtil.java:httpServerTemplateForNNAndJN(1641)) - Starting Web-server for hddsDatanode at: http://0.0.0.0:0
2019-09-19 08:17:03,859 [main] INFO  server.AuthenticationFilter (AuthenticationFilter.java:constructSecretProvider(240)) - Unable to initialize FileSignerSecretProvider, falling back to use random secrets.
2019-09-19 08:17:03,860 [main] WARN  http.HttpRequestLog (HttpRequestLog.java:getRequestLog(97)) - Jetty request log can only be enabled using Log4j
2019-09-19 08:17:03,863 [main] INFO  http.HttpServer2 (HttpServer2.java:addGlobalFilter(975)) - Added global filter 'safety' (class=org.apache.hadoop.http.HttpServer2$QuotingInputFilter)
2019-09-19 08:17:03,864 [main] INFO  http.HttpServer2 (HttpServer2.java:addFilter(948)) - Added filter static_user_filter (class=org.apache.hadoop.http.lib.StaticUserWebFilter$StaticUserFilter) to context hddsDatanode
2019-09-19 08:17:03,864 [main] INFO  http.HttpServer2 (HttpServer2.java:addFilter(958)) - Added filter static_user_filter (class=org.apache.hadoop.http.lib.StaticUserWebFilter$StaticUserFilter) to context logs
2019-09-19 08:17:03,865 [main] INFO  http.HttpServer2 (HttpServer2.java:addFilter(958)) - Added filter static_user_filter (class=org.apache.hadoop.http.lib.StaticUserWebFilter$StaticUserFilter) to context static
2019-09-19 08:17:03,866 [main] INFO  http.HttpServer2 (HttpServer2.java:bindListener(1191)) - Jetty bound to port 34073
2019-09-19 08:17:03,866 [main] INFO  server.Server (Server.java:doStart(351)) - jetty-9.3.24.v20180605, build timestamp: 2018-06-05T17:11:56Z, git hash: 84205aa28f11a4f31f2a3b86d1bba2cc8ab69827
2019-09-19 08:17:03,874 [main] INFO  handler.ContextHandler (ContextHandler.java:doStart(781)) - Started o.e.j.s.ServletContextHandler@68ab0936{/logs,file:///workdir/hadoop-ozone/integration-test/target/log,AVAILABLE}
2019-09-19 08:17:03,875 [main] INFO  handler.ContextHandler (ContextHandler.java:doStart(781)) - Started o.e.j.s.ServletContextHandler@42b84286{/static,jar:file:/home/user/.m2/repository/org/apache/hadoop/hadoop-hdds-container-service/0.5.0-SNAPSHOT/hadoop-hdds-container-service-0.5.0-SNAPSHOT.jar!/webapps/static,AVAILABLE}
2019-09-19 08:17:03,919 [main] INFO  handler.ContextHandler (ContextHandler.java:doStart(781)) - Started o.e.j.w.WebAppContext@6caf7803{/,file:///tmp/jetty-0.0.0.0-34073-hddsDatanode-_-any-4060733699163378055.dir/webapp/,AVAILABLE}{/hddsDatanode}
2019-09-19 08:17:03,920 [main] INFO  server.AbstractConnector (AbstractConnector.java:doStart(278)) - Started ServerConnector@709ed6f3{HTTP/1.1,[http/1.1]}{0.0.0.0:34073}
2019-09-19 08:17:03,921 [main] INFO  server.Server (Server.java:doStart(419)) - Started @5795ms
2019-09-19 08:17:03,921 [main] WARN  impl.MetricsSystemImpl (MetricsSystemImpl.java:register(276)) - Sink prometheus already exists!
2019-09-19 08:17:03,922 [main] INFO  server.BaseHttpServer (BaseHttpServer.java:updateConnectorAddress(215)) - HTTP server of HDDSDATANODE is listening at http://0.0.0.0:34073
2019-09-19 08:17:03,926 [main] INFO  ozone.MiniOzoneClusterImpl (MiniOzoneClusterImpl.java:lambda$waitForClusterToBeReady$0(145)) - Waiting for cluster to be ready. Got 0 of 4 DN Heartbeats.
2019-09-19 08:17:03,927 [org.apache.hadoop.util.JvmPauseMonitor$Monitor@5f3d8ba0] INFO  util.JvmPauseMonitor (JvmPauseMonitor.java:run(188)) - Starting JVM pause monitor
2019-09-19 08:17:03,930 [Datanode State Machine Thread - 0] INFO  datanode.InitDatanodeState (InitDatanodeState.java:persistContainerDatanodeDetails(140)) - DatanodeDetails is persisted to /workdir/hadoop-ozone/integration-test/target/test-dir/MiniOzoneClusterImpl-8fb0b404-6679-45f6-9240-c8337d413b55/datanode-3/meta/datanode.id
2019-09-19 08:17:04,926 [main] INFO  ozone.MiniOzoneClusterImpl (MiniOzoneClusterImpl.java:lambda$waitForClusterToBeReady$0(145)) - Waiting for cluster to be ready. Got 0 of 4 DN Heartbeats.
2019-09-19 08:17:05,716 [Datanode State Machine Thread - 0] INFO  ozoneimpl.OzoneContainer (OzoneContainer.java:start(217)) - Attempting to start container services.
2019-09-19 08:17:05,720 [Datanode State Machine Thread - 0] INFO  ozoneimpl.OzoneContainer (OzoneContainer.java:startContainerScrub(179)) - Background container scanner has been disabled.
2019-09-19 08:17:05,720 [Datanode State Machine Thread - 0] INFO  ratis.XceiverServerRatis (XceiverServerRatis.java:start(411)) - Starting XceiverServerRatis c4c920b5-2080-4c17-8bd2-a07878bbfa61 at port 0
2019-09-19 08:17:05,750 [Datanode State Machine Thread - 0] INFO  impl.RaftServerProxy (RaftServerProxy.java:lambda$start$3(299)) - c4c920b5-2080-4c17-8bd2-a07878bbfa61: start RPC server
2019-09-19 08:17:05,757 [Datanode State Machine Thread - 0] INFO  ozoneimpl.OzoneContainer (OzoneContainer.java:start(217)) - Attempting to start container services.
2019-09-19 08:17:05,764 [Datanode State Machine Thread - 0] INFO  ozoneimpl.OzoneContainer (OzoneContainer.java:startContainerScrub(179)) - Background container scanner has been disabled.
2019-09-19 08:17:05,765 [Datanode State Machine Thread - 0] INFO  ratis.XceiverServerRatis (XceiverServerRatis.java:start(411)) - Starting XceiverServerRatis caf3599a-667e-4da1-8514-028fb455c5d7 at port 0
2019-09-19 08:17:05,777 [Datanode State Machine Thread - 0] INFO  impl.RaftServerProxy (RaftServerProxy.java:lambda$start$3(299)) - caf3599a-667e-4da1-8514-028fb455c5d7: start RPC server
2019-09-19 08:17:05,844 [Datanode State Machine Thread - 0] INFO  ozoneimpl.OzoneContainer (OzoneContainer.java:start(217)) - Attempting to start container services.
2019-09-19 08:17:05,846 [Datanode State Machine Thread - 0] INFO  ozoneimpl.OzoneContainer (OzoneContainer.java:startContainerScrub(179)) - Background container scanner has been disabled.
2019-09-19 08:17:05,847 [Datanode State Machine Thread - 0] INFO  ratis.XceiverServerRatis (XceiverServerRatis.java:start(411)) - Starting XceiverServerRatis 40142a40-e4e1-4467-a28a-765edac3228d at port 0
2019-09-19 08:17:05,856 [Datanode State Machine Thread - 0] INFO  impl.RaftServerProxy (RaftServerProxy.java:lambda$start$3(299)) - 40142a40-e4e1-4467-a28a-765edac3228d: start RPC server
2019-09-19 08:17:05,927 [main] INFO  ozone.MiniOzoneClusterImpl (MiniOzoneClusterImpl.java:lambda$waitForClusterToBeReady$0(145)) - Waiting for cluster to be ready. Got 0 of 4 DN Heartbeats.
2019-09-19 08:17:05,930 [Datanode State Machine Thread - 0] INFO  server.GrpcService (GrpcService.java:startImpl(158)) - c4c920b5-2080-4c17-8bd2-a07878bbfa61: GrpcService started, listening on 0.0.0.0/0.0.0.0:40621
2019-09-19 08:17:05,930 [Datanode State Machine Thread - 0] INFO  server.GrpcService (GrpcService.java:startImpl(158)) - caf3599a-667e-4da1-8514-028fb455c5d7: GrpcService started, listening on 0.0.0.0/0.0.0.0:41655
2019-09-19 08:17:05,930 [Datanode State Machine Thread - 0] INFO  ratis.XceiverServerRatis (XceiverServerRatis.java:start(421)) - XceiverServerRatis c4c920b5-2080-4c17-8bd2-a07878bbfa61 is started using port 40621
2019-09-19 08:17:05,930 [Datanode State Machine Thread - 0] INFO  server.GrpcService (GrpcService.java:startImpl(158)) - 40142a40-e4e1-4467-a28a-765edac3228d: GrpcService started, listening on 0.0.0.0/0.0.0.0:35634
2019-09-19 08:17:05,931 [Datanode State Machine Thread - 0] INFO  ratis.XceiverServerRatis (XceiverServerRatis.java:start(421)) - XceiverServerRatis caf3599a-667e-4da1-8514-028fb455c5d7 is started using port 41655
2019-09-19 08:17:05,931 [Datanode State Machine Thread - 0] INFO  ratis.XceiverServerRatis (XceiverServerRatis.java:start(421)) - XceiverServerRatis 40142a40-e4e1-4467-a28a-765edac3228d is started using port 35634
2019-09-19 08:17:05,936 [Datanode State Machine Thread - 0] INFO  server.XceiverServerGrpc (XceiverServerGrpc.java:start(163)) - XceiverServerGrpc c4c920b5-2080-4c17-8bd2-a07878bbfa61 is started using port 41195
2019-09-19 08:17:05,937 [Datanode State Machine Thread - 0] INFO  server.XceiverServerGrpc (XceiverServerGrpc.java:start(163)) - XceiverServerGrpc caf3599a-667e-4da1-8514-028fb455c5d7 is started using port 45446
2019-09-19 08:17:05,937 [Datanode State Machine Thread - 0] INFO  server.XceiverServerGrpc (XceiverServerGrpc.java:start(163)) - XceiverServerGrpc 40142a40-e4e1-4467-a28a-765edac3228d is started using port 45089
2019-09-19 08:17:05,944 [Datanode State Machine Thread - 0] INFO  ozoneimpl.OzoneContainer (OzoneContainer.java:start(217)) - Attempting to start container services.
2019-09-19 08:17:05,946 [Datanode State Machine Thread - 0] INFO  ozoneimpl.OzoneContainer (OzoneContainer.java:startContainerScrub(179)) - Background container scanner has been disabled.
2019-09-19 08:17:05,947 [Datanode State Machine Thread - 0] INFO  ratis.XceiverServerRatis (XceiverServerRatis.java:start(411)) - Starting XceiverServerRatis 69d10f23-105a-4b02-8178-76d7d2177f75 at port 0
2019-09-19 08:17:05,958 [Datanode State Machine Thread - 0] INFO  impl.RaftServerProxy (RaftServerProxy.java:lambda$start$3(299)) - 69d10f23-105a-4b02-8178-76d7d2177f75: start RPC server
2019-09-19 08:17:05,961 [Datanode State Machine Thread - 0] INFO  server.GrpcService (GrpcService.java:startImpl(158)) - 69d10f23-105a-4b02-8178-76d7d2177f75: GrpcService started, listening on 0.0.0.0/0.0.0.0:45524
2019-09-19 08:17:05,962 [Datanode State Machine Thread - 0] INFO  ratis.XceiverServerRatis (XceiverServerRatis.java:start(421)) - XceiverServerRatis 69d10f23-105a-4b02-8178-76d7d2177f75 is started using port 45524
2019-09-19 08:17:05,964 [Datanode State Machine Thread - 0] INFO  server.XceiverServerGrpc (XceiverServerGrpc.java:start(163)) - XceiverServerGrpc 69d10f23-105a-4b02-8178-76d7d2177f75 is started using port 42027
2019-09-19 08:17:06,928 [main] INFO  ozone.MiniOzoneClusterImpl (MiniOzoneClusterImpl.java:lambda$waitForClusterToBeReady$0(145)) - Waiting for cluster to be ready. Got 0 of 4 DN Heartbeats.
2019-09-19 08:17:07,686 [IPC Server handler 0 on 45970] INFO  net.NetworkTopology (NetworkTopologyImpl.java:add(111)) - Added a new node: /default-rack/c4c920b5-2080-4c17-8bd2-a07878bbfa61
2019-09-19 08:17:07,686 [IPC Server handler 0 on 45970] INFO  node.SCMNodeManager (SCMNodeManager.java:register(266)) - Registered Data node : c4c920b5-2080-4c17-8bd2-a07878bbfa61{ip: 192.168.36.85, host: pr-hdds-2101-t8mbx-1252714220, networkLocation: /default-rack, certSerialId: null}
2019-09-19 08:17:07,691 [EventQueue-NodeRegistrationContainerReportForDataNodeSafeModeRule] INFO  safemode.SCMSafeModeManager (DataNodeSafeModeRule.java:process(71)) - SCM in safe mode. 1 DataNodes registered, 1 required.
2019-09-19 08:17:07,691 [EventQueue-NodeRegistrationContainerReportForDataNodeSafeModeRule] INFO  safemode.SCMSafeModeManager (SCMSafeModeManager.java:validateSafeModeExitRules(177)) - ScmSafeModeManager, all rules are successfully validated
2019-09-19 08:17:07,691 [EventQueue-NodeRegistrationContainerReportForDataNodeSafeModeRule] INFO  safemode.SCMSafeModeManager (SCMSafeModeManager.java:exitSafeMode(193)) - SCM exiting safe mode.
2019-09-19 08:17:07,742 [IPC Server handler 1 on 45970] INFO  net.NetworkTopology (NetworkTopologyImpl.java:add(111)) - Added a new node: /default-rack/caf3599a-667e-4da1-8514-028fb455c5d7
2019-09-19 08:17:07,743 [IPC Server handler 1 on 45970] INFO  node.SCMNodeManager (SCMNodeManager.java:register(266)) - Registered Data node : caf3599a-667e-4da1-8514-028fb455c5d7{ip: 192.168.36.85, host: pr-hdds-2101-t8mbx-1252714220, networkLocation: /default-rack, certSerialId: null}
2019-09-19 08:17:07,830 [IPC Server handler 3 on 45970] INFO  net.NetworkTopology (NetworkTopologyImpl.java:add(111)) - Added a new node: /default-rack/40142a40-e4e1-4467-a28a-765edac3228d
2019-09-19 08:17:07,830 [IPC Server handler 3 on 45970] INFO  node.SCMNodeManager (SCMNodeManager.java:register(266)) - Registered Data node : 40142a40-e4e1-4467-a28a-765edac3228d{ip: 192.168.36.85, host: pr-hdds-2101-t8mbx-1252714220, networkLocation: /default-rack, certSerialId: null}
2019-09-19 08:17:07,929 [main] INFO  ozone.MiniOzoneClusterImpl (MiniOzoneClusterImpl.java:lambda$waitForClusterToBeReady$0(145)) - Waiting for cluster to be ready. Got 3 of 4 DN Heartbeats.
2019-09-19 08:17:07,930 [IPC Server handler 2 on 45970] INFO  net.NetworkTopology (NetworkTopologyImpl.java:add(111)) - Added a new node: /default-rack/69d10f23-105a-4b02-8178-76d7d2177f75
2019-09-19 08:17:07,930 [IPC Server handler 2 on 45970] INFO  node.SCMNodeManager (SCMNodeManager.java:register(266)) - Registered Data node : 69d10f23-105a-4b02-8178-76d7d2177f75{ip: 192.168.36.85, host: pr-hdds-2101-t8mbx-1252714220, networkLocation: /default-rack, certSerialId: null}
2019-09-19 08:17:08,162 [grpc-default-executor-0] INFO  impl.RaftServerProxy (RaftServerProxy.java:addNew(89)) - c4c920b5-2080-4c17-8bd2-a07878bbfa61: addNew group-50D5B2A810DD:[c4c920b5-2080-4c17-8bd2-a07878bbfa61:192.168.36.85:40621] returns group-50D5B2A810DD:java.util.concurrent.CompletableFuture@21e9f9f5[Not completed]
2019-09-19 08:17:08,179 [pool-27-thread-1] INFO  impl.RaftServerImpl (RaftServerImpl.java:<init>(95)) - c4c920b5-2080-4c17-8bd2-a07878bbfa61: new RaftServerImpl for group-50D5B2A810DD:[c4c920b5-2080-4c17-8bd2-a07878bbfa61:192.168.36.85:40621] with ContainerStateMachine:uninitialized
2019-09-19 08:17:08,182 [pool-27-thread-1] INFO  server.RaftServerConfigKeys (ConfUtils.java:logGet(43)) - raft.server.rpc.timeout.min = 5s (custom)
2019-09-19 08:17:08,183 [pool-27-thread-1] INFO  server.RaftServerConfigKeys (ConfUtils.java:logGet(43)) - raft.server.rpc.timeout.max = 5200ms (custom)
2019-09-19 08:17:08,184 [pool-27-thread-1] INFO  server.RaftServerConfigKeys (ConfUtils.java:logGet(43)) - raft.server.rpcslowness.timeout = 1000s (custom)
2019-09-19 08:17:08,184 [pool-27-thread-1] INFO  server.RaftServerConfigKeys (ConfUtils.java:logGet(43)) - raft.server.sleep.deviation.threshold = 300 (default)
2019-09-19 08:17:08,185 [pool-27-thread-1] INFO  server.RaftServerConfigKeys (ConfUtils.java:logGet(43)) - raft.server.log.appender.install.snapshot.enabled = false (custom)
2019-09-19 08:17:08,193 [pool-27-thread-1] INFO  impl.RaftServerImpl (ServerState.java:<init>(103)) - c4c920b5-2080-4c17-8bd2-a07878bbfa61@group-50D5B2A810DD: ConfigurationManager, init=-1: [c4c920b5-2080-4c17-8bd2-a07878bbfa61:192.168.36.85:40621], old=null, confs=<EMPTY_MAP>
2019-09-19 08:17:08,193 [pool-27-thread-1] INFO  server.RaftServerConfigKeys (ConfUtils.java:logGet(43)) - raft.server.storage.dir = [/workdir/hadoop-ozone/integration-test/target/test-dir/MiniOzoneClusterImpl-8fb0b404-6679-45f6-9240-c8337d413b55/datanode-0/data/ratis] (custom)
2019-09-19 08:17:08,201 [pool-27-thread-1] INFO  storage.RaftStorageDirectory (RaftStorageDirectory.java:analyzeStorage(246)) - The storage directory /workdir/hadoop-ozone/integration-test/target/test-dir/MiniOzoneClusterImpl-8fb0b404-6679-45f6-9240-c8337d413b55/datanode-0/data/ratis/71f41896-0a1e-4509-b0d3-50d5b2a810dd does not exist. Creating ...
2019-09-19 08:17:08,217 [pool-27-thread-1] INFO  storage.RaftStorageDirectory (RaftStorageDirectory.java:tryLock(328)) - Lock on /workdir/hadoop-ozone/integration-test/target/test-dir/MiniOzoneClusterImpl-8fb0b404-6679-45f6-9240-c8337d413b55/datanode-0/data/ratis/71f41896-0a1e-4509-b0d3-50d5b2a810dd/in_use.lock acquired by nodename 11560@pr-hdds-2101-t8mbx-1252714220
2019-09-19 08:17:08,232 [pool-27-thread-1] INFO  storage.RaftStorage (RaftStorage.java:format(72)) - Storage directory /workdir/hadoop-ozone/integration-test/target/test-dir/MiniOzoneClusterImpl-8fb0b404-6679-45f6-9240-c8337d413b55/datanode-0/data/ratis/71f41896-0a1e-4509-b0d3-50d5b2a810dd has been successfully formatted.
2019-09-19 08:17:08,234 [pool-27-thread-1] INFO  ratis.ContainerStateMachine (ContainerStateMachine.java:loadSnapshot(230)) - group-50D5B2A810DD: The snapshot info is null. Setting the last applied indexto:(t:0, i:~)
2019-09-19 08:17:08,235 [pool-27-thread-1] INFO  server.RaftServerConfigKeys (ConfUtils.java:logGet(43)) - raft.server.notification.no-leader.timeout = 1000s (custom)
2019-09-19 08:17:08,237 [pool-27-thread-1] INFO  server.RaftServerConfigKeys (ConfUtils.java:logGet(43)) - raft.server.log.use.memory = false (default)
2019-09-19 08:17:08,244 [pool-27-thread-1] INFO  server.RaftServerConfigKeys (ConfUtils.java:logGet(43)) - raft.server.log.purge.gap = 1000000 (custom)
2019-09-19 08:17:08,244 [pool-27-thread-1] INFO  server.RaftServerConfigKeys (ConfUtils.java:logGet(43)) - raft.server.log.appender.buffer.byte-limit = 33554432 (custom)
2019-09-19 08:17:08,246 [pool-27-thread-1] INFO  server.RaftServerConfigKeys (ConfUtils.java:logGet(43)) - raft.server.log.segment.size.max = 1048576 (custom)
2019-09-19 08:17:08,250 [pool-27-thread-1] INFO  server.RaftServerConfigKeys (ConfUtils.java:logGet(43)) - raft.server.log.segment.cache.num.max = 2 (custom)
2019-09-19 08:17:08,255 [pool-27-thread-1] INFO  segmented.SegmentedRaftLogWorker (SegmentedRaftLogWorker.java:<init>(172)) - new c4c920b5-2080-4c17-8bd2-a07878bbfa61@group-50D5B2A810DD-SegmentedRaftLogWorker for RaftStorage:Storage Directory /workdir/hadoop-ozone/integration-test/target/test-dir/MiniOzoneClusterImpl-8fb0b404-6679-45f6-9240-c8337d413b55/datanode-0/data/ratis/71f41896-0a1e-4509-b0d3-50d5b2a810dd
2019-09-19 08:17:08,256 [pool-27-thread-1] INFO  impl.MetricsSystemImpl (MetricsSystemImpl.java:init(158)) - ratis metrics system started (again)
2019-09-19 08:17:08,288 [pool-27-thread-1] INFO  server.RaftServerConfigKeys (ConfUtils.java:logGet(43)) - raft.server.log.queue.byte-limit = 2147483647 (custom)
2019-09-19 08:17:08,289 [pool-27-thread-1] INFO  server.RaftServerConfigKeys (ConfUtils.java:logGet(43)) - raft.server.log.queue.element-limit = 1024 (custom)
2019-09-19 08:17:08,292 [pool-27-thread-1] INFO  server.RaftServerConfigKeys (ConfUtils.java:logGet(43)) - raft.server.log.segment.size.max = 1048576 (custom)
2019-09-19 08:17:08,292 [pool-27-thread-1] INFO  server.RaftServerConfigKeys (ConfUtils.java:logGet(43)) - raft.server.log.preallocated.size = 16384 (custom)
2019-09-19 08:17:08,293 [pool-27-thread-1] INFO  server.RaftServerConfigKeys (ConfUtils.java:logGet(43)) - raft.server.log.write.buffer.size = 33554432 (custom)
2019-09-19 08:17:08,293 [pool-27-thread-1] INFO  server.RaftServerConfigKeys (ConfUtils.java:logGet(43)) - raft.server.log.force.sync.num = 128 (default)
2019-09-19 08:17:08,294 [pool-27-thread-1] INFO  server.RaftServerConfigKeys (ConfUtils.java:logGet(43)) - raft.server.log.statemachine.data.sync = true (default)
2019-09-19 08:17:08,294 [pool-27-thread-1] INFO  server.RaftServerConfigKeys (ConfUtils.java:logGet(43)) - raft.server.log.statemachine.data.sync.timeout = 10s (default)
2019-09-19 08:17:08,295 [pool-27-thread-1] INFO  server.RaftServerConfigKeys (ConfUtils.java:logGet(43)) - raft.server.log.statemachine.data.sync.timeout.retry = -1 (default)
2019-09-19 08:17:08,302 [pool-27-thread-1] INFO  server.RaftServerConfigKeys (ConfUtils.java:logGet(43)) - raft.server.log.statemachine.data.caching.enabled = true (custom)
2019-09-19 08:17:08,307 [pool-27-thread-1] INFO  segmented.SegmentedRaftLogWorker (SegmentedRaftLogWorker.java:lambda$new$0(132)) - c4c920b5-2080-4c17-8bd2-a07878bbfa61@group-50D5B2A810DD-SegmentedRaftLogWorker: flushIndex: setUnconditionally 0 -> -1
2019-09-19 08:17:08,311 [pool-27-thread-1] INFO  server.RaftServerConfigKeys (ConfUtils.java:logGet(43)) - raft.server.snapshot.auto.trigger.enabled = true (custom)
2019-09-19 08:17:08,312 [pool-27-thread-1] INFO  server.RaftServerConfigKeys (ConfUtils.java:logGet(43)) - raft.server.snapshot.auto.trigger.threshold = 10000 (custom)
2019-09-19 08:17:08,313 [pool-27-thread-1] INFO  server.RaftServerConfigKeys (ConfUtils.java:logGet(43)) - raft.server.snapshot.retention.num.files = 5 (custom)
2019-09-19 08:17:08,314 [pool-27-thread-1] INFO  server.RaftServerConfigKeys (ConfUtils.java:logGet(43)) - raft.server.retrycache.expirytime = 600000ms (custom)
2019-09-19 08:17:08,340 [pool-27-thread-1] INFO  impl.RaftServerImpl (RaftServerImpl.java:start(185)) - c4c920b5-2080-4c17-8bd2-a07878bbfa61@group-50D5B2A810DD: start as a follower, conf=-1: [c4c920b5-2080-4c17-8bd2-a07878bbfa61:192.168.36.85:40621], old=null
2019-09-19 08:17:08,342 [pool-27-thread-1] INFO  impl.RaftServerImpl (RaftServerImpl.java:setRole(174)) - c4c920b5-2080-4c17-8bd2-a07878bbfa61@group-50D5B2A810DD: changes role from      null to FOLLOWER at term 0 for startAsFollower
2019-09-19 08:17:08,343 [pool-27-thread-1] INFO  impl.RoleInfo (RoleInfo.java:updateAndGet(143)) - c4c920b5-2080-4c17-8bd2-a07878bbfa61: start FollowerState
2019-09-19 08:17:08,346 [pool-27-thread-1] INFO  util.JmxRegister (JmxRegister.java:tryRegister(44)) - Successfully registered JMX Bean with object name Ratis:service=RaftServer,group=group-50D5B2A810DD,id=c4c920b5-2080-4c17-8bd2-a07878bbfa61
2019-09-19 08:17:08,429 [RatisPipelineUtilsThread] INFO  pipeline.PipelineStateManager (PipelineStateManager.java:addPipeline(56)) - Created pipeline Pipeline[ Id: 71f41896-0a1e-4509-b0d3-50d5b2a810dd, Nodes: c4c920b5-2080-4c17-8bd2-a07878bbfa61{ip: 192.168.36.85, host: pr-hdds-2101-t8mbx-1252714220, networkLocation: /default-rack, certSerialId: null}, Type:RATIS, Factor:ONE, State:OPEN]
2019-09-19 08:17:08,455 [grpc-default-executor-0] INFO  impl.RaftServerProxy (RaftServerProxy.java:addNew(89)) - 69d10f23-105a-4b02-8178-76d7d2177f75: addNew group-7C667B4CCFF8:[69d10f23-105a-4b02-8178-76d7d2177f75:192.168.36.85:45524] returns group-7C667B4CCFF8:java.util.concurrent.CompletableFuture@19546ed3[Not completed]
2019-09-19 08:17:08,487 [pool-57-thread-1] INFO  impl.RaftServerImpl (RaftServerImpl.java:<init>(95)) - 69d10f23-105a-4b02-8178-76d7d2177f75: new RaftServerImpl for group-7C667B4CCFF8:[69d10f23-105a-4b02-8178-76d7d2177f75:192.168.36.85:45524] with ContainerStateMachine:uninitialized
2019-09-19 08:17:08,489 [pool-57-thread-1] INFO  server.RaftServerConfigKeys (ConfUtils.java:logGet(43)) - raft.server.rpc.timeout.min = 5s (custom)
2019-09-19 08:17:08,489 [pool-57-thread-1] INFO  server.RaftServerConfigKeys (ConfUtils.java:logGet(43)) - raft.server.rpc.timeout.max = 5200ms (custom)
2019-09-19 08:17:08,489 [pool-57-thread-1] INFO  server.RaftServerConfigKeys (ConfUtils.java:logGet(43)) - raft.server.rpcslowness.timeout = 1000s (custom)
2019-09-19 08:17:08,490 [pool-57-thread-1] INFO  server.RaftServerConfigKeys (ConfUtils.java:logGet(43)) - raft.server.sleep.deviation.threshold = 300 (default)
2019-09-19 08:17:08,490 [pool-57-thread-1] INFO  server.RaftServerConfigKeys (ConfUtils.java:logGet(43)) - raft.server.log.appender.install.snapshot.enabled = false (custom)
2019-09-19 08:17:08,490 [pool-57-thread-1] INFO  impl.RaftServerImpl (ServerState.java:<init>(103)) - 69d10f23-105a-4b02-8178-76d7d2177f75@group-7C667B4CCFF8: ConfigurationManager, init=-1: [69d10f23-105a-4b02-8178-76d7d2177f75:192.168.36.85:45524], old=null, confs=<EMPTY_MAP>
2019-09-19 08:17:08,490 [pool-57-thread-1] INFO  server.RaftServerConfigKeys (ConfUtils.java:logGet(43)) - raft.server.storage.dir = [/workdir/hadoop-ozone/integration-test/target/test-dir/MiniOzoneClusterImpl-8fb0b404-6679-45f6-9240-c8337d413b55/datanode-3/data/ratis] (custom)
2019-09-19 08:17:08,491 [pool-57-thread-1] INFO  storage.RaftStorageDirectory (RaftStorageDirectory.java:analyzeStorage(246)) - The storage directory /workdir/hadoop-ozone/integration-test/target/test-dir/MiniOzoneClusterImpl-8fb0b404-6679-45f6-9240-c8337d413b55/datanode-3/data/ratis/9261ff78-b194-44b3-821e-7c667b4ccff8 does not exist. Creating ...
2019-09-19 08:17:08,548 [pool-57-thread-1] INFO  storage.RaftStorageDirectory (RaftStorageDirectory.java:tryLock(328)) - Lock on /workdir/hadoop-ozone/integration-test/target/test-dir/MiniOzoneClusterImpl-8fb0b404-6679-45f6-9240-c8337d413b55/datanode-3/data/ratis/9261ff78-b194-44b3-821e-7c667b4ccff8/in_use.lock acquired by nodename 11560@pr-hdds-2101-t8mbx-1252714220
2019-09-19 08:17:08,569 [pool-57-thread-1] INFO  storage.RaftStorage (RaftStorage.java:format(72)) - Storage directory /workdir/hadoop-ozone/integration-test/target/test-dir/MiniOzoneClusterImpl-8fb0b404-6679-45f6-9240-c8337d413b55/datanode-3/data/ratis/9261ff78-b194-44b3-821e-7c667b4ccff8 has been successfully formatted.
2019-09-19 08:17:08,571 [pool-57-thread-1] INFO  ratis.ContainerStateMachine (ContainerStateMachine.java:loadSnapshot(230)) - group-7C667B4CCFF8: The snapshot info is null. Setting the last applied indexto:(t:0, i:~)
2019-09-19 08:17:08,572 [pool-57-thread-1] INFO  server.RaftServerConfigKeys (ConfUtils.java:logGet(43)) - raft.server.notification.no-leader.timeout = 1000s (custom)
2019-09-19 08:17:08,573 [pool-57-thread-1] INFO  server.RaftServerConfigKeys (ConfUtils.java:logGet(43)) - raft.server.log.use.memory = false (default)
2019-09-19 08:17:08,573 [pool-57-thread-1] INFO  server.RaftServerConfigKeys (ConfUtils.java:logGet(43)) - raft.server.log.purge.gap = 1000000 (custom)
2019-09-19 08:17:08,573 [pool-57-thread-1] INFO  server.RaftServerConfigKeys (ConfUtils.java:logGet(43)) - raft.server.log.appender.buffer.byte-limit = 33554432 (custom)
2019-09-19 08:17:08,573 [pool-57-thread-1] INFO  server.RaftServerConfigKeys (ConfUtils.java:logGet(43)) - raft.server.log.segment.size.max = 1048576 (custom)
2019-09-19 08:17:08,573 [pool-57-thread-1] INFO  server.RaftServerConfigKeys (ConfUtils.java:logGet(43)) - raft.server.log.segment.cache.num.max = 2 (custom)
2019-09-19 08:17:08,574 [pool-57-thread-1] INFO  segmented.SegmentedRaftLogWorker (SegmentedRaftLogWorker.java:<init>(172)) - new 69d10f23-105a-4b02-8178-76d7d2177f75@group-7C667B4CCFF8-SegmentedRaftLogWorker for RaftStorage:Storage Directory /workdir/hadoop-ozone/integration-test/target/test-dir/MiniOzoneClusterImpl-8fb0b404-6679-45f6-9240-c8337d413b55/datanode-3/data/ratis/9261ff78-b194-44b3-821e-7c667b4ccff8
2019-09-19 08:17:08,582 [pool-57-thread-1] INFO  server.RaftServerConfigKeys (ConfUtils.java:logGet(43)) - raft.server.log.queue.byte-limit = 2147483647 (custom)
2019-09-19 08:17:08,582 [pool-57-thread-1] INFO  server.RaftServerConfigKeys (ConfUtils.java:logGet(43)) - raft.server.log.queue.element-limit = 1024 (custom)
2019-09-19 08:17:08,582 [pool-57-thread-1] INFO  server.RaftServerConfigKeys (ConfUtils.java:logGet(43)) - raft.server.log.segment.size.max = 1048576 (custom)
2019-09-19 08:17:08,582 [pool-57-thread-1] INFO  server.RaftServerConfigKeys (ConfUtils.java:logGet(43)) - raft.server.log.preallocated.size = 16384 (custom)
2019-09-19 08:17:08,582 [pool-57-thread-1] INFO  server.RaftServerConfigKeys (ConfUtils.java:logGet(43)) - raft.server.log.write.buffer.size = 33554432 (custom)
2019-09-19 08:17:08,582 [pool-57-thread-1] INFO  server.RaftServerConfigKeys (ConfUtils.java:logGet(43)) - raft.server.log.force.sync.num = 128 (default)
2019-09-19 08:17:08,583 [pool-57-thread-1] INFO  server.RaftServerConfigKeys (ConfUtils.java:logGet(43)) - raft.server.log.statemachine.data.sync = true (default)
2019-09-19 08:17:08,583 [pool-57-thread-1] INFO  server.RaftServerConfigKeys (ConfUtils.java:logGet(43)) - raft.server.log.statemachine.data.sync.timeout = 10s (default)
2019-09-19 08:17:08,583 [pool-57-thread-1] INFO  server.RaftServerConfigKeys (ConfUtils.java:logGet(43)) - raft.server.log.statemachine.data.sync.timeout.retry = -1 (default)
2019-09-19 08:17:08,583 [pool-57-thread-1] INFO  server.RaftServerConfigKeys (ConfUtils.java:logGet(43)) - raft.server.log.statemachine.data.caching.enabled = true (custom)
2019-09-19 08:17:08,584 [pool-57-thread-1] INFO  segmented.SegmentedRaftLogWorker (SegmentedRaftLogWorker.java:lambda$new$0(132)) - 69d10f23-105a-4b02-8178-76d7d2177f75@group-7C667B4CCFF8-SegmentedRaftLogWorker: flushIndex: setUnconditionally 0 -> -1
2019-09-19 08:17:08,584 [pool-57-thread-1] INFO  server.RaftServerConfigKeys (ConfUtils.java:logGet(43)) - raft.server.snapshot.auto.trigger.enabled = true (custom)
2019-09-19 08:17:08,584 [pool-57-thread-1] INFO  server.RaftServerConfigKeys (ConfUtils.java:logGet(43)) - raft.server.snapshot.auto.trigger.threshold = 10000 (custom)
2019-09-19 08:17:08,584 [pool-57-thread-1] INFO  server.RaftServerConfigKeys (ConfUtils.java:logGet(43)) - raft.server.snapshot.retention.num.files = 5 (custom)
2019-09-19 08:17:08,584 [pool-57-thread-1] INFO  server.RaftServerConfigKeys (ConfUtils.java:logGet(43)) - raft.server.retrycache.expirytime = 600000ms (custom)
2019-09-19 08:17:08,588 [pool-57-thread-1] INFO  impl.RaftServerImpl (RaftServerImpl.java:start(185)) - 69d10f23-105a-4b02-8178-76d7d2177f75@group-7C667B4CCFF8: start as a follower, conf=-1: [69d10f23-105a-4b02-8178-76d7d2177f75:192.168.36.85:45524], old=null
2019-09-19 08:17:08,589 [pool-57-thread-1] INFO  impl.RaftServerImpl (RaftServerImpl.java:setRole(174)) - 69d10f23-105a-4b02-8178-76d7d2177f75@group-7C667B4CCFF8: changes role from      null to FOLLOWER at term 0 for startAsFollower
2019-09-19 08:17:08,589 [pool-57-thread-1] INFO  impl.RoleInfo (RoleInfo.java:updateAndGet(143)) - 69d10f23-105a-4b02-8178-76d7d2177f75: start FollowerState
2019-09-19 08:17:08,590 [pool-57-thread-1] INFO  util.JmxRegister (JmxRegister.java:tryRegister(44)) - Successfully registered JMX Bean with object name Ratis:service=RaftServer,group=group-7C667B4CCFF8,id=69d10f23-105a-4b02-8178-76d7d2177f75
2019-09-19 08:17:08,601 [RatisPipelineUtilsThread] INFO  pipeline.PipelineStateManager (PipelineStateManager.java:addPipeline(56)) - Created pipeline Pipeline[ Id: 9261ff78-b194-44b3-821e-7c667b4ccff8, Nodes: 69d10f23-105a-4b02-8178-76d7d2177f75{ip: 192.168.36.85, host: pr-hdds-2101-t8mbx-1252714220, networkLocation: /default-rack, certSerialId: null}, Type:RATIS, Factor:ONE, State:OPEN]
2019-09-19 08:17:08,620 [grpc-default-executor-0] INFO  impl.RaftServerProxy (RaftServerProxy.java:addNew(89)) - 40142a40-e4e1-4467-a28a-765edac3228d: addNew group-EEE186F7586A:[40142a40-e4e1-4467-a28a-765edac3228d:192.168.36.85:35634] returns group-EEE186F7586A:java.util.concurrent.CompletableFuture@cf90abe[Not completed]
2019-09-19 08:17:08,637 [pool-47-thread-1] INFO  impl.RaftServerImpl (RaftServerImpl.java:<init>(95)) - 40142a40-e4e1-4467-a28a-765edac3228d: new RaftServerImpl for group-EEE186F7586A:[40142a40-e4e1-4467-a28a-765edac3228d:192.168.36.85:35634] with ContainerStateMachine:uninitialized
2019-09-19 08:17:08,641 [pool-47-thread-1] INFO  server.RaftServerConfigKeys (ConfUtils.java:logGet(43)) - raft.server.rpc.timeout.min = 5s (custom)
2019-09-19 08:17:08,641 [pool-47-thread-1] INFO  server.RaftServerConfigKeys (ConfUtils.java:logGet(43)) - raft.server.rpc.timeout.max = 5200ms (custom)
2019-09-19 08:17:08,641 [pool-47-thread-1] INFO  server.RaftServerConfigKeys (ConfUtils.java:logGet(43)) - raft.server.rpcslowness.timeout = 1000s (custom)
2019-09-19 08:17:08,641 [pool-47-thread-1] INFO  server.RaftServerConfigKeys (ConfUtils.java:logGet(43)) - raft.server.sleep.deviation.threshold = 300 (default)
2019-09-19 08:17:08,642 [pool-47-thread-1] INFO  server.RaftServerConfigKeys (ConfUtils.java:logGet(43)) - raft.server.log.appender.install.snapshot.enabled = false (custom)
2019-09-19 08:17:08,642 [pool-47-thread-1] INFO  impl.RaftServerImpl (ServerState.java:<init>(103)) - 40142a40-e4e1-4467-a28a-765edac3228d@group-EEE186F7586A: ConfigurationManager, init=-1: [40142a40-e4e1-4467-a28a-765edac3228d:192.168.36.85:35634], old=null, confs=<EMPTY_MAP>
2019-09-19 08:17:08,642 [pool-47-thread-1] INFO  server.RaftServerConfigKeys (ConfUtils.java:logGet(43)) - raft.server.storage.dir = [/workdir/hadoop-ozone/integration-test/target/test-dir/MiniOzoneClusterImpl-8fb0b404-6679-45f6-9240-c8337d413b55/datanode-2/data/ratis] (custom)
2019-09-19 08:17:08,642 [pool-47-thread-1] INFO  storage.RaftStorageDirectory (RaftStorageDirectory.java:analyzeStorage(246)) - The storage directory /workdir/hadoop-ozone/integration-test/target/test-dir/MiniOzoneClusterImpl-8fb0b404-6679-45f6-9240-c8337d413b55/datanode-2/data/ratis/68bf8dc1-5a51-4ed7-8b99-eee186f7586a does not exist. Creating ...
2019-09-19 08:17:08,654 [pool-47-thread-1] INFO  storage.RaftStorageDirectory (RaftStorageDirectory.java:tryLock(328)) - Lock on /workdir/hadoop-ozone/integration-test/target/test-dir/MiniOzoneClusterImpl-8fb0b404-6679-45f6-9240-c8337d413b55/datanode-2/data/ratis/68bf8dc1-5a51-4ed7-8b99-eee186f7586a/in_use.lock acquired by nodename 11560@pr-hdds-2101-t8mbx-1252714220
2019-09-19 08:17:08,657 [pool-47-thread-1] INFO  storage.RaftStorage (RaftStorage.java:format(72)) - Storage directory /workdir/hadoop-ozone/integration-test/target/test-dir/MiniOzoneClusterImpl-8fb0b404-6679-45f6-9240-c8337d413b55/datanode-2/data/ratis/68bf8dc1-5a51-4ed7-8b99-eee186f7586a has been successfully formatted.
2019-09-19 08:17:08,657 [pool-47-thread-1] INFO  ratis.ContainerStateMachine (ContainerStateMachine.java:loadSnapshot(230)) - group-EEE186F7586A: The snapshot info is null. Setting the last applied indexto:(t:0, i:~)
2019-09-19 08:17:08,657 [pool-47-thread-1] INFO  server.RaftServerConfigKeys (ConfUtils.java:logGet(43)) - raft.server.notification.no-leader.timeout = 1000s (custom)
2019-09-19 08:17:08,658 [pool-47-thread-1] INFO  server.RaftServerConfigKeys (ConfUtils.java:logGet(43)) - raft.server.log.use.memory = false (default)
2019-09-19 08:17:08,658 [pool-47-thread-1] INFO  server.RaftServerConfigKeys (ConfUtils.java:logGet(43)) - raft.server.log.purge.gap = 1000000 (custom)
2019-09-19 08:17:08,658 [pool-47-thread-1] INFO  server.RaftServerConfigKeys (ConfUtils.java:logGet(43)) - raft.server.log.appender.buffer.byte-limit = 33554432 (custom)
2019-09-19 08:17:08,658 [pool-47-thread-1] INFO  server.RaftServerConfigKeys (ConfUtils.java:logGet(43)) - raft.server.log.segment.size.max = 1048576 (custom)
2019-09-19 08:17:08,658 [pool-47-thread-1] INFO  server.RaftServerConfigKeys (ConfUtils.java:logGet(43)) - raft.server.log.segment.cache.num.max = 2 (custom)
2019-09-19 08:17:08,658 [pool-47-thread-1] INFO  segmented.SegmentedRaftLogWorker (SegmentedRaftLogWorker.java:<init>(172)) - new 40142a40-e4e1-4467-a28a-765edac3228d@group-EEE186F7586A-SegmentedRaftLogWorker for RaftStorage:Storage Directory /workdir/hadoop-ozone/integration-test/target/test-dir/MiniOzoneClusterImpl-8fb0b404-6679-45f6-9240-c8337d413b55/datanode-2/data/ratis/68bf8dc1-5a51-4ed7-8b99-eee186f7586a
2019-09-19 08:17:08,678 [pool-47-thread-1] INFO  server.RaftServerConfigKeys (ConfUtils.java:logGet(43)) - raft.server.log.queue.byte-limit = 2147483647 (custom)
2019-09-19 08:17:08,678 [pool-47-thread-1] INFO  server.RaftServerConfigKeys (ConfUtils.java:logGet(43)) - raft.server.log.queue.element-limit = 1024 (custom)
2019-09-19 08:17:08,678 [pool-47-thread-1] INFO  server.RaftServerConfigKeys (ConfUtils.java:logGet(43)) - raft.server.log.segment.size.max = 1048576 (custom)
2019-09-19 08:17:08,678 [pool-47-thread-1] INFO  server.RaftServerConfigKeys (ConfUtils.java:logGet(43)) - raft.server.log.preallocated.size = 16384 (custom)
2019-09-19 08:17:08,679 [pool-47-thread-1] INFO  server.RaftServerConfigKeys (ConfUtils.java:logGet(43)) - raft.server.log.write.buffer.size = 33554432 (custom)
2019-09-19 08:17:08,679 [pool-47-thread-1] INFO  server.RaftServerConfigKeys (ConfUtils.java:logGet(43)) - raft.server.log.force.sync.num = 128 (default)
2019-09-19 08:17:08,679 [pool-47-thread-1] INFO  server.RaftServerConfigKeys (ConfUtils.java:logGet(43)) - raft.server.log.statemachine.data.sync = true (default)
2019-09-19 08:17:08,679 [pool-47-thread-1] INFO  server.RaftServerConfigKeys (ConfUtils.java:logGet(43)) - raft.server.log.statemachine.data.sync.timeout = 10s (default)
2019-09-19 08:17:08,679 [pool-47-thread-1] INFO  server.RaftServerConfigKeys (ConfUtils.java:logGet(43)) - raft.server.log.statemachine.data.sync.timeout.retry = -1 (default)
2019-09-19 08:17:08,679 [pool-47-thread-1] INFO  server.RaftServerConfigKeys (ConfUtils.java:logGet(43)) - raft.server.log.statemachine.data.caching.enabled = true (custom)
2019-09-19 08:17:08,680 [pool-47-thread-1] INFO  segmented.SegmentedRaftLogWorker (SegmentedRaftLogWorker.java:lambda$new$0(132)) - 40142a40-e4e1-4467-a28a-765edac3228d@group-EEE186F7586A-SegmentedRaftLogWorker: flushIndex: setUnconditionally 0 -> -1
2019-09-19 08:17:08,680 [pool-47-thread-1] INFO  server.RaftServerConfigKeys (ConfUtils.java:logGet(43)) - raft.server.snapshot.auto.trigger.enabled = true (custom)
2019-09-19 08:17:08,680 [pool-47-thread-1] INFO  server.RaftServerConfigKeys (ConfUtils.java:logGet(43)) - raft.server.snapshot.auto.trigger.threshold = 10000 (custom)
2019-09-19 08:17:08,680 [pool-47-thread-1] INFO  server.RaftServerConfigKeys (ConfUtils.java:logGet(43)) - raft.server.snapshot.retention.num.files = 5 (custom)
2019-09-19 08:17:08,681 [pool-47-thread-1] INFO  server.RaftServerConfigKeys (ConfUtils.java:logGet(43)) - raft.server.retrycache.expirytime = 600000ms (custom)
2019-09-19 08:17:08,684 [pool-47-thread-1] INFO  impl.RaftServerImpl (RaftServerImpl.java:start(185)) - 40142a40-e4e1-4467-a28a-765edac3228d@group-EEE186F7586A: start as a follower, conf=-1: [40142a40-e4e1-4467-a28a-765edac3228d:192.168.36.85:35634], old=null
2019-09-19 08:17:08,684 [pool-47-thread-1] INFO  impl.RaftServerImpl (RaftServerImpl.java:setRole(174)) - 40142a40-e4e1-4467-a28a-765edac3228d@group-EEE186F7586A: changes role from      null to FOLLOWER at term 0 for startAsFollower
2019-09-19 08:17:08,684 [pool-47-thread-1] INFO  impl.RoleInfo (RoleInfo.java:updateAndGet(143)) - 40142a40-e4e1-4467-a28a-765edac3228d: start FollowerState
2019-09-19 08:17:08,685 [pool-47-thread-1] INFO  util.JmxRegister (JmxRegister.java:tryRegister(44)) - Successfully registered JMX Bean with object name Ratis:service=RaftServer,group=group-EEE186F7586A,id=40142a40-e4e1-4467-a28a-765edac3228d
2019-09-19 08:17:08,692 [RatisPipelineUtilsThread] INFO  pipeline.PipelineStateManager (PipelineStateManager.java:addPipeline(56)) - Created pipeline Pipeline[ Id: 68bf8dc1-5a51-4ed7-8b99-eee186f7586a, Nodes: 40142a40-e4e1-4467-a28a-765edac3228d{ip: 192.168.36.85, host: pr-hdds-2101-t8mbx-1252714220, networkLocation: /default-rack, certSerialId: null}, Type:RATIS, Factor:ONE, State:OPEN]
2019-09-19 08:17:08,706 [grpc-default-executor-0] INFO  impl.RaftServerProxy (RaftServerProxy.java:addNew(89)) - caf3599a-667e-4da1-8514-028fb455c5d7: addNew group-C3D840E7EAB9:[caf3599a-667e-4da1-8514-028fb455c5d7:192.168.36.85:41655] returns group-C3D840E7EAB9:java.util.concurrent.CompletableFuture@7819a16b[Not completed]
2019-09-19 08:17:08,708 [pool-37-thread-1] INFO  impl.RaftServerImpl (RaftServerImpl.java:<init>(95)) - caf3599a-667e-4da1-8514-028fb455c5d7: new RaftServerImpl for group-C3D840E7EAB9:[caf3599a-667e-4da1-8514-028fb455c5d7:192.168.36.85:41655] with ContainerStateMachine:uninitialized
2019-09-19 08:17:08,708 [pool-37-thread-1] INFO  server.RaftServerConfigKeys (ConfUtils.java:logGet(43)) - raft.server.rpc.timeout.min = 5s (custom)
2019-09-19 08:17:08,709 [pool-37-thread-1] INFO  server.RaftServerConfigKeys (ConfUtils.java:logGet(43)) - raft.server.rpc.timeout.max = 5200ms (custom)
2019-09-19 08:17:08,709 [pool-37-thread-1] INFO  server.RaftServerConfigKeys (ConfUtils.java:logGet(43)) - raft.server.rpcslowness.timeout = 1000s (custom)
2019-09-19 08:17:08,709 [pool-37-thread-1] INFO  server.RaftServerConfigKeys (ConfUtils.java:logGet(43)) - raft.server.sleep.deviation.threshold = 300 (default)
2019-09-19 08:17:08,709 [pool-37-thread-1] INFO  server.RaftServerConfigKeys (ConfUtils.java:logGet(43)) - raft.server.log.appender.install.snapshot.enabled = false (custom)
2019-09-19 08:17:08,709 [pool-37-thread-1] INFO  impl.RaftServerImpl (ServerState.java:<init>(103)) - caf3599a-667e-4da1-8514-028fb455c5d7@group-C3D840E7EAB9: ConfigurationManager, init=-1: [caf3599a-667e-4da1-8514-028fb455c5d7:192.168.36.85:41655], old=null, confs=<EMPTY_MAP>
2019-09-19 08:17:08,709 [pool-37-thread-1] INFO  server.RaftServerConfigKeys (ConfUtils.java:logGet(43)) - raft.server.storage.dir = [/workdir/hadoop-ozone/integration-test/target/test-dir/MiniOzoneClusterImpl-8fb0b404-6679-45f6-9240-c8337d413b55/datanode-1/data/ratis] (custom)
2019-09-19 08:17:08,710 [pool-37-thread-1] INFO  storage.RaftStorageDirectory (RaftStorageDirectory.java:analyzeStorage(246)) - The storage directory /workdir/hadoop-ozone/integration-test/target/test-dir/MiniOzoneClusterImpl-8fb0b404-6679-45f6-9240-c8337d413b55/datanode-1/data/ratis/7f2cc63a-699b-4afd-9b9a-c3d840e7eab9 does not exist. Creating ...
2019-09-19 08:17:08,721 [pool-37-thread-1] INFO  storage.RaftStorageDirectory (RaftStorageDirectory.java:tryLock(328)) - Lock on /workdir/hadoop-ozone/integration-test/target/test-dir/MiniOzoneClusterImpl-8fb0b404-6679-45f6-9240-c8337d413b55/datanode-1/data/ratis/7f2cc63a-699b-4afd-9b9a-c3d840e7eab9/in_use.lock acquired by nodename 11560@pr-hdds-2101-t8mbx-1252714220
2019-09-19 08:17:08,725 [pool-37-thread-1] INFO  storage.RaftStorage (RaftStorage.java:format(72)) - Storage directory /workdir/hadoop-ozone/integration-test/target/test-dir/MiniOzoneClusterImpl-8fb0b404-6679-45f6-9240-c8337d413b55/datanode-1/data/ratis/7f2cc63a-699b-4afd-9b9a-c3d840e7eab9 has been successfully formatted.
2019-09-19 08:17:08,725 [pool-37-thread-1] INFO  ratis.ContainerStateMachine (ContainerStateMachine.java:loadSnapshot(230)) - group-C3D840E7EAB9: The snapshot info is null. Setting the last applied indexto:(t:0, i:~)
2019-09-19 08:17:08,725 [pool-37-thread-1] INFO  server.RaftServerConfigKeys (ConfUtils.java:logGet(43)) - raft.server.notification.no-leader.timeout = 1000s (custom)
2019-09-19 08:17:08,725 [pool-37-thread-1] INFO  server.RaftServerConfigKeys (ConfUtils.java:logGet(43)) - raft.server.log.use.memory = false (default)
2019-09-19 08:17:08,725 [pool-37-thread-1] INFO  server.RaftServerConfigKeys (ConfUtils.java:logGet(43)) - raft.server.log.purge.gap = 1000000 (custom)
2019-09-19 08:17:08,725 [pool-37-thread-1] INFO  server.RaftServerConfigKeys (ConfUtils.java:logGet(43)) - raft.server.log.appender.buffer.byte-limit = 33554432 (custom)
2019-09-19 08:17:08,726 [pool-37-thread-1] INFO  server.RaftServerConfigKeys (ConfUtils.java:logGet(43)) - raft.server.log.segment.size.max = 1048576 (custom)
2019-09-19 08:17:08,726 [pool-37-thread-1] INFO  server.RaftServerConfigKeys (ConfUtils.java:logGet(43)) - raft.server.log.segment.cache.num.max = 2 (custom)
2019-09-19 08:17:08,726 [pool-37-thread-1] INFO  segmented.SegmentedRaftLogWorker (SegmentedRaftLogWorker.java:<init>(172)) - new caf3599a-667e-4da1-8514-028fb455c5d7@group-C3D840E7EAB9-SegmentedRaftLogWorker for RaftStorage:Storage Directory /workdir/hadoop-ozone/integration-test/target/test-dir/MiniOzoneClusterImpl-8fb0b404-6679-45f6-9240-c8337d413b55/datanode-1/data/ratis/7f2cc63a-699b-4afd-9b9a-c3d840e7eab9
2019-09-19 08:17:08,729 [pool-37-thread-1] INFO  server.RaftServerConfigKeys (ConfUtils.java:logGet(43)) - raft.server.log.queue.byte-limit = 2147483647 (custom)
2019-09-19 08:17:08,730 [pool-37-thread-1] INFO  server.RaftServerConfigKeys (ConfUtils.java:logGet(43)) - raft.server.log.queue.element-limit = 1024 (custom)
2019-09-19 08:17:08,730 [pool-37-thread-1] INFO  server.RaftServerConfigKeys (ConfUtils.java:logGet(43)) - raft.server.log.segment.size.max = 1048576 (custom)
2019-09-19 08:17:08,730 [pool-37-thread-1] INFO  server.RaftServerConfigKeys (ConfUtils.java:logGet(43)) - raft.server.log.preallocated.size = 16384 (custom)
2019-09-19 08:17:08,730 [pool-37-thread-1] INFO  server.RaftServerConfigKeys (ConfUtils.java:logGet(43)) - raft.server.log.write.buffer.size = 33554432 (custom)
2019-09-19 08:17:08,730 [pool-37-thread-1] INFO  server.RaftServerConfigKeys (ConfUtils.java:logGet(43)) - raft.server.log.force.sync.num = 128 (default)
2019-09-19 08:17:08,730 [pool-37-thread-1] INFO  server.RaftServerConfigKeys (ConfUtils.java:logGet(43)) - raft.server.log.statemachine.data.sync = true (default)
2019-09-19 08:17:08,730 [pool-37-thread-1] INFO  server.RaftServerConfigKeys (ConfUtils.java:logGet(43)) - raft.server.log.statemachine.data.sync.timeout = 10s (default)
2019-09-19 08:17:08,731 [pool-37-thread-1] INFO  server.RaftServerConfigKeys (ConfUtils.java:logGet(43)) - raft.server.log.statemachine.data.sync.timeout.retry = -1 (default)
2019-09-19 08:17:08,731 [pool-37-thread-1] INFO  server.RaftServerConfigKeys (ConfUtils.java:logGet(43)) - raft.server.log.statemachine.data.caching.enabled = true (custom)
2019-09-19 08:17:08,731 [pool-37-thread-1] INFO  segmented.SegmentedRaftLogWorker (SegmentedRaftLogWorker.java:lambda$new$0(132)) - caf3599a-667e-4da1-8514-028fb455c5d7@group-C3D840E7EAB9-SegmentedRaftLogWorker: flushIndex: setUnconditionally 0 -> -1
2019-09-19 08:17:08,731 [pool-37-thread-1] INFO  server.RaftServerConfigKeys (ConfUtils.java:logGet(43)) - raft.server.snapshot.auto.trigger.enabled = true (custom)
2019-09-19 08:17:08,731 [pool-37-thread-1] INFO  server.RaftServerConfigKeys (ConfUtils.java:logGet(43)) - raft.server.snapshot.auto.trigger.threshold = 10000 (custom)
2019-09-19 08:17:08,732 [pool-37-thread-1] INFO  server.RaftServerConfigKeys (ConfUtils.java:logGet(43)) - raft.server.snapshot.retention.num.files = 5 (custom)
2019-09-19 08:17:08,732 [pool-37-thread-1] INFO  server.RaftServerConfigKeys (ConfUtils.java:logGet(43)) - raft.server.retrycache.expirytime = 600000ms (custom)
2019-09-19 08:17:08,735 [pool-37-thread-1] INFO  impl.RaftServerImpl (RaftServerImpl.java:start(185)) - caf3599a-667e-4da1-8514-028fb455c5d7@group-C3D840E7EAB9: start as a follower, conf=-1: [caf3599a-667e-4da1-8514-028fb455c5d7:192.168.36.85:41655], old=null
2019-09-19 08:17:08,735 [pool-37-thread-1] INFO  impl.RaftServerImpl (RaftServerImpl.java:setRole(174)) - caf3599a-667e-4da1-8514-028fb455c5d7@group-C3D840E7EAB9: changes role from      null to FOLLOWER at term 0 for startAsFollower
2019-09-19 08:17:08,735 [pool-37-thread-1] INFO  impl.RoleInfo (RoleInfo.java:updateAndGet(143)) - caf3599a-667e-4da1-8514-028fb455c5d7: start FollowerState
2019-09-19 08:17:08,736 [pool-37-thread-1] INFO  util.JmxRegister (JmxRegister.java:tryRegister(44)) - Successfully registered JMX Bean with object name Ratis:service=RaftServer,group=group-C3D840E7EAB9,id=caf3599a-667e-4da1-8514-028fb455c5d7
2019-09-19 08:17:08,743 [RatisPipelineUtilsThread] INFO  pipeline.PipelineStateManager (PipelineStateManager.java:addPipeline(56)) - Created pipeline Pipeline[ Id: 7f2cc63a-699b-4afd-9b9a-c3d840e7eab9, Nodes: caf3599a-667e-4da1-8514-028fb455c5d7{ip: 192.168.36.85, host: pr-hdds-2101-t8mbx-1252714220, networkLocation: /default-rack, certSerialId: null}, Type:RATIS, Factor:ONE, State:OPEN]
2019-09-19 08:17:08,792 [grpc-default-executor-1] INFO  impl.RaftServerProxy (RaftServerProxy.java:addNew(89)) - 40142a40-e4e1-4467-a28a-765edac3228d: addNew group-AF8F8ED5E8F2:[69d10f23-105a-4b02-8178-76d7d2177f75:192.168.36.85:45524, 40142a40-e4e1-4467-a28a-765edac3228d:192.168.36.85:35634, c4c920b5-2080-4c17-8bd2-a07878bbfa61:192.168.36.85:40621] returns group-AF8F8ED5E8F2:java.util.concurrent.CompletableFuture@772c94c2[Not completed]
2019-09-19 08:17:08,792 [grpc-default-executor-2] INFO  impl.RaftServerProxy (RaftServerProxy.java:addNew(89)) - 69d10f23-105a-4b02-8178-76d7d2177f75: addNew group-AF8F8ED5E8F2:[69d10f23-105a-4b02-8178-76d7d2177f75:192.168.36.85:45524, 40142a40-e4e1-4467-a28a-765edac3228d:192.168.36.85:35634, c4c920b5-2080-4c17-8bd2-a07878bbfa61:192.168.36.85:40621] returns group-AF8F8ED5E8F2:java.util.concurrent.CompletableFuture@54f4603[Not completed]
2019-09-19 08:17:08,795 [grpc-default-executor-2] INFO  impl.RaftServerProxy (RaftServerProxy.java:addNew(89)) - c4c920b5-2080-4c17-8bd2-a07878bbfa61: addNew group-AF8F8ED5E8F2:[69d10f23-105a-4b02-8178-76d7d2177f75:192.168.36.85:45524, 40142a40-e4e1-4467-a28a-765edac3228d:192.168.36.85:35634, c4c920b5-2080-4c17-8bd2-a07878bbfa61:192.168.36.85:40621] returns group-AF8F8ED5E8F2:java.util.concurrent.CompletableFuture@44724c38[Not completed]
2019-09-19 08:17:08,795 [pool-47-thread-1] INFO  impl.RaftServerImpl (RaftServerImpl.java:<init>(95)) - 40142a40-e4e1-4467-a28a-765edac3228d: new RaftServerImpl for group-AF8F8ED5E8F2:[69d10f23-105a-4b02-8178-76d7d2177f75:192.168.36.85:45524, 40142a40-e4e1-4467-a28a-765edac3228d:192.168.36.85:35634, c4c920b5-2080-4c17-8bd2-a07878bbfa61:192.168.36.85:40621] with ContainerStateMachine:uninitialized
2019-09-19 08:17:08,795 [pool-47-thread-1] INFO  server.RaftServerConfigKeys (ConfUtils.java:logGet(43)) - raft.server.rpc.timeout.min = 5s (custom)
2019-09-19 08:17:08,796 [pool-47-thread-1] INFO  server.RaftServerConfigKeys (ConfUtils.java:logGet(43)) - raft.server.rpc.timeout.max = 5200ms (custom)
2019-09-19 08:17:08,796 [pool-47-thread-1] INFO  server.RaftServerConfigKeys (ConfUtils.java:logGet(43)) - raft.server.rpcslowness.timeout = 1000s (custom)
2019-09-19 08:17:08,796 [pool-47-thread-1] INFO  server.RaftServerConfigKeys (ConfUtils.java:logGet(43)) - raft.server.sleep.deviation.threshold = 300 (default)
2019-09-19 08:17:08,796 [pool-47-thread-1] INFO  server.RaftServerConfigKeys (ConfUtils.java:logGet(43)) - raft.server.log.appender.install.snapshot.enabled = false (custom)
2019-09-19 08:17:08,796 [pool-57-thread-1] INFO  impl.RaftServerImpl (RaftServerImpl.java:<init>(95)) - 69d10f23-105a-4b02-8178-76d7d2177f75: new RaftServerImpl for group-AF8F8ED5E8F2:[69d10f23-105a-4b02-8178-76d7d2177f75:192.168.36.85:45524, 40142a40-e4e1-4467-a28a-765edac3228d:192.168.36.85:35634, c4c920b5-2080-4c17-8bd2-a07878bbfa61:192.168.36.85:40621] with ContainerStateMachine:uninitialized
2019-09-19 08:17:08,796 [pool-47-thread-1] INFO  impl.RaftServerImpl (ServerState.java:<init>(103)) - 40142a40-e4e1-4467-a28a-765edac3228d@group-AF8F8ED5E8F2: ConfigurationManager, init=-1: [69d10f23-105a-4b02-8178-76d7d2177f75:192.168.36.85:45524, 40142a40-e4e1-4467-a28a-765edac3228d:192.168.36.85:35634, c4c920b5-2080-4c17-8bd2-a07878bbfa61:192.168.36.85:40621], old=null, confs=<EMPTY_MAP>
2019-09-19 08:17:08,796 [pool-57-thread-1] INFO  server.RaftServerConfigKeys (ConfUtils.java:logGet(43)) - raft.server.rpc.timeout.min = 5s (custom)
2019-09-19 08:17:08,797 [pool-47-thread-1] INFO  server.RaftServerConfigKeys (ConfUtils.java:logGet(43)) - raft.server.storage.dir = [/workdir/hadoop-ozone/integration-test/target/test-dir/MiniOzoneClusterImpl-8fb0b404-6679-45f6-9240-c8337d413b55/datanode-2/data/ratis] (custom)
2019-09-19 08:17:08,797 [pool-57-thread-1] INFO  server.RaftServerConfigKeys (ConfUtils.java:logGet(43)) - raft.server.rpc.timeout.max = 5200ms (custom)
2019-09-19 08:17:08,797 [pool-57-thread-1] INFO  server.RaftServerConfigKeys (ConfUtils.java:logGet(43)) - raft.server.rpcslowness.timeout = 1000s (custom)
2019-09-19 08:17:08,797 [pool-57-thread-1] INFO  server.RaftServerConfigKeys (ConfUtils.java:logGet(43)) - raft.server.sleep.deviation.threshold = 300 (default)
2019-09-19 08:17:08,797 [pool-47-thread-1] INFO  storage.RaftStorageDirectory (RaftStorageDirectory.java:analyzeStorage(246)) - The storage directory /workdir/hadoop-ozone/integration-test/target/test-dir/MiniOzoneClusterImpl-8fb0b404-6679-45f6-9240-c8337d413b55/datanode-2/data/ratis/63473c75-4a68-41bc-8406-af8f8ed5e8f2 does not exist. Creating ...
2019-09-19 08:17:08,797 [pool-57-thread-1] INFO  server.RaftServerConfigKeys (ConfUtils.java:logGet(43)) - raft.server.log.appender.install.snapshot.enabled = false (custom)
2019-09-19 08:17:08,797 [pool-27-thread-1] INFO  impl.RaftServerImpl (RaftServerImpl.java:<init>(95)) - c4c920b5-2080-4c17-8bd2-a07878bbfa61: new RaftServerImpl for group-AF8F8ED5E8F2:[69d10f23-105a-4b02-8178-76d7d2177f75:192.168.36.85:45524, 40142a40-e4e1-4467-a28a-765edac3228d:192.168.36.85:35634, c4c920b5-2080-4c17-8bd2-a07878bbfa61:192.168.36.85:40621] with ContainerStateMachine:uninitialized
2019-09-19 08:17:08,797 [pool-57-thread-1] INFO  impl.RaftServerImpl (ServerState.java:<init>(103)) - 69d10f23-105a-4b02-8178-76d7d2177f75@group-AF8F8ED5E8F2: ConfigurationManager, init=-1: [69d10f23-105a-4b02-8178-76d7d2177f75:192.168.36.85:45524, 40142a40-e4e1-4467-a28a-765edac3228d:192.168.36.85:35634, c4c920b5-2080-4c17-8bd2-a07878bbfa61:192.168.36.85:40621], old=null, confs=<EMPTY_MAP>
2019-09-19 08:17:08,798 [pool-27-thread-1] INFO  server.RaftServerConfigKeys (ConfUtils.java:logGet(43)) - raft.server.rpc.timeout.min = 5s (custom)
2019-09-19 08:17:08,798 [pool-57-thread-1] INFO  server.RaftServerConfigKeys (ConfUtils.java:logGet(43)) - raft.server.storage.dir = [/workdir/hadoop-ozone/integration-test/target/test-dir/MiniOzoneClusterImpl-8fb0b404-6679-45f6-9240-c8337d413b55/datanode-3/data/ratis] (custom)
2019-09-19 08:17:08,798 [pool-27-thread-1] INFO  server.RaftServerConfigKeys (ConfUtils.java:logGet(43)) - raft.server.rpc.timeout.max = 5200ms (custom)
2019-09-19 08:17:08,798 [pool-27-thread-1] INFO  server.RaftServerConfigKeys (ConfUtils.java:logGet(43)) - raft.server.rpcslowness.timeout = 1000s (custom)
2019-09-19 08:17:08,798 [pool-57-thread-1] INFO  storage.RaftStorageDirectory (RaftStorageDirectory.java:analyzeStorage(246)) - The storage directory /workdir/hadoop-ozone/integration-test/target/test-dir/MiniOzoneClusterImpl-8fb0b404-6679-45f6-9240-c8337d413b55/datanode-3/data/ratis/63473c75-4a68-41bc-8406-af8f8ed5e8f2 does not exist. Creating ...
2019-09-19 08:17:08,798 [pool-27-thread-1] INFO  server.RaftServerConfigKeys (ConfUtils.java:logGet(43)) - raft.server.sleep.deviation.threshold = 300 (default)
2019-09-19 08:17:08,799 [pool-27-thread-1] INFO  server.RaftServerConfigKeys (ConfUtils.java:logGet(43)) - raft.server.log.appender.install.snapshot.enabled = false (custom)
2019-09-19 08:17:08,799 [pool-27-thread-1] INFO  impl.RaftServerImpl (ServerState.java:<init>(103)) - c4c920b5-2080-4c17-8bd2-a07878bbfa61@group-AF8F8ED5E8F2: ConfigurationManager, init=-1: [69d10f23-105a-4b02-8178-76d7d2177f75:192.168.36.85:45524, 40142a40-e4e1-4467-a28a-765edac3228d:192.168.36.85:35634, c4c920b5-2080-4c17-8bd2-a07878bbfa61:192.168.36.85:40621], old=null, confs=<EMPTY_MAP>
2019-09-19 08:17:08,799 [pool-27-thread-1] INFO  server.RaftServerConfigKeys (ConfUtils.java:logGet(43)) - raft.server.storage.dir = [/workdir/hadoop-ozone/integration-test/target/test-dir/MiniOzoneClusterImpl-8fb0b404-6679-45f6-9240-c8337d413b55/datanode-0/data/ratis] (custom)
2019-09-19 08:17:08,799 [pool-27-thread-1] INFO  storage.RaftStorageDirectory (RaftStorageDirectory.java:analyzeStorage(246)) - The storage directory /workdir/hadoop-ozone/integration-test/target/test-dir/MiniOzoneClusterImpl-8fb0b404-6679-45f6-9240-c8337d413b55/datanode-0/data/ratis/63473c75-4a68-41bc-8406-af8f8ed5e8f2 does not exist. Creating ...
2019-09-19 08:17:08,811 [pool-57-thread-1] INFO  storage.RaftStorageDirectory (RaftStorageDirectory.java:tryLock(328)) - Lock on /workdir/hadoop-ozone/integration-test/target/test-dir/MiniOzoneClusterImpl-8fb0b404-6679-45f6-9240-c8337d413b55/datanode-3/data/ratis/63473c75-4a68-41bc-8406-af8f8ed5e8f2/in_use.lock acquired by nodename 11560@pr-hdds-2101-t8mbx-1252714220
2019-09-19 08:17:08,811 [pool-47-thread-1] INFO  storage.RaftStorageDirectory (RaftStorageDirectory.java:tryLock(328)) - Lock on /workdir/hadoop-ozone/integration-test/target/test-dir/MiniOzoneClusterImpl-8fb0b404-6679-45f6-9240-c8337d413b55/datanode-2/data/ratis/63473c75-4a68-41bc-8406-af8f8ed5e8f2/in_use.lock acquired by nodename 11560@pr-hdds-2101-t8mbx-1252714220
2019-09-19 08:17:08,811 [pool-27-thread-1] INFO  storage.RaftStorageDirectory (RaftStorageDirectory.java:tryLock(328)) - Lock on /workdir/hadoop-ozone/integration-test/target/test-dir/MiniOzoneClusterImpl-8fb0b404-6679-45f6-9240-c8337d413b55/datanode-0/data/ratis/63473c75-4a68-41bc-8406-af8f8ed5e8f2/in_use.lock acquired by nodename 11560@pr-hdds-2101-t8mbx-1252714220
2019-09-19 08:17:08,832 [pool-27-thread-1] INFO  storage.RaftStorage (RaftStorage.java:format(72)) - Storage directory /workdir/hadoop-ozone/integration-test/target/test-dir/MiniOzoneClusterImpl-8fb0b404-6679-45f6-9240-c8337d413b55/datanode-0/data/ratis/63473c75-4a68-41bc-8406-af8f8ed5e8f2 has been successfully formatted.
2019-09-19 08:17:08,832 [pool-57-thread-1] INFO  storage.RaftStorage (RaftStorage.java:format(72)) - Storage directory /workdir/hadoop-ozone/integration-test/target/test-dir/MiniOzoneClusterImpl-8fb0b404-6679-45f6-9240-c8337d413b55/datanode-3/data/ratis/63473c75-4a68-41bc-8406-af8f8ed5e8f2 has been successfully formatted.
2019-09-19 08:17:08,832 [pool-47-thread-1] INFO  storage.RaftStorage (RaftStorage.java:format(72)) - Storage directory /workdir/hadoop-ozone/integration-test/target/test-dir/MiniOzoneClusterImpl-8fb0b404-6679-45f6-9240-c8337d413b55/datanode-2/data/ratis/63473c75-4a68-41bc-8406-af8f8ed5e8f2 has been successfully formatted.
2019-09-19 08:17:08,833 [pool-27-thread-1] INFO  ratis.ContainerStateMachine (ContainerStateMachine.java:loadSnapshot(230)) - group-AF8F8ED5E8F2: The snapshot info is null. Setting the last applied indexto:(t:0, i:~)
2019-09-19 08:17:08,833 [pool-47-thread-1] INFO  ratis.ContainerStateMachine (ContainerStateMachine.java:loadSnapshot(230)) - group-AF8F8ED5E8F2: The snapshot info is null. Setting the last applied indexto:(t:0, i:~)
2019-09-19 08:17:08,833 [pool-57-thread-1] INFO  ratis.ContainerStateMachine (ContainerStateMachine.java:loadSnapshot(230)) - group-AF8F8ED5E8F2: The snapshot info is null. Setting the last applied indexto:(t:0, i:~)
2019-09-19 08:17:08,833 [pool-47-thread-1] INFO  server.RaftServerConfigKeys (ConfUtils.java:logGet(43)) - raft.server.notification.no-leader.timeout = 1000s (custom)
2019-09-19 08:17:08,833 [pool-27-thread-1] INFO  server.RaftServerConfigKeys (ConfUtils.java:logGet(43)) - raft.server.notification.no-leader.timeout = 1000s (custom)
2019-09-19 08:17:08,833 [pool-47-thread-1] INFO  server.RaftServerConfigKeys (ConfUtils.java:logGet(43)) - raft.server.log.use.memory = false (default)
2019-09-19 08:17:08,833 [pool-57-thread-1] INFO  server.RaftServerConfigKeys (ConfUtils.java:logGet(43)) - raft.server.notification.no-leader.timeout = 1000s (custom)
2019-09-19 08:17:08,834 [pool-47-thread-1] INFO  server.RaftServerConfigKeys (ConfUtils.java:logGet(43)) - raft.server.log.purge.gap = 1000000 (custom)
2019-09-19 08:17:08,833 [pool-27-thread-1] INFO  server.RaftServerConfigKeys (ConfUtils.java:logGet(43)) - raft.server.log.use.memory = false (default)
2019-09-19 08:17:08,835 [pool-47-thread-1] INFO  server.RaftServerConfigKeys (ConfUtils.java:logGet(43)) - raft.server.log.appender.buffer.byte-limit = 33554432 (custom)
2019-09-19 08:17:08,835 [pool-57-thread-1] INFO  server.RaftServerConfigKeys (ConfUtils.java:logGet(43)) - raft.server.log.use.memory = false (default)
2019-09-19 08:17:08,836 [pool-47-thread-1] INFO  server.RaftServerConfigKeys (ConfUtils.java:logGet(43)) - raft.server.log.segment.size.max = 1048576 (custom)
2019-09-19 08:17:08,835 [pool-27-thread-1] INFO  server.RaftServerConfigKeys (ConfUtils.java:logGet(43)) - raft.server.log.purge.gap = 1000000 (custom)
2019-09-19 08:17:08,836 [pool-47-thread-1] INFO  server.RaftServerConfigKeys (ConfUtils.java:logGet(43)) - raft.server.log.segment.cache.num.max = 2 (custom)
2019-09-19 08:17:08,836 [pool-57-thread-1] INFO  server.RaftServerConfigKeys (ConfUtils.java:logGet(43)) - raft.server.log.purge.gap = 1000000 (custom)
2019-09-19 08:17:08,836 [pool-47-thread-1] INFO  segmented.SegmentedRaftLogWorker (SegmentedRaftLogWorker.java:<init>(172)) - new 40142a40-e4e1-4467-a28a-765edac3228d@group-AF8F8ED5E8F2-SegmentedRaftLogWorker for RaftStorage:Storage Directory /workdir/hadoop-ozone/integration-test/target/test-dir/MiniOzoneClusterImpl-8fb0b404-6679-45f6-9240-c8337d413b55/datanode-2/data/ratis/63473c75-4a68-41bc-8406-af8f8ed5e8f2
2019-09-19 08:17:08,836 [pool-27-thread-1] INFO  server.RaftServerConfigKeys (ConfUtils.java:logGet(43)) - raft.server.log.appender.buffer.byte-limit = 33554432 (custom)
2019-09-19 08:17:08,837 [pool-47-thread-1] INFO  server.RaftServerConfigKeys (ConfUtils.java:logGet(43)) - raft.server.log.queue.byte-limit = 2147483647 (custom)
2019-09-19 08:17:08,836 [pool-57-thread-1] INFO  server.RaftServerConfigKeys (ConfUtils.java:logGet(43)) - raft.server.log.appender.buffer.byte-limit = 33554432 (custom)
2019-09-19 08:17:08,837 [pool-47-thread-1] INFO  server.RaftServerConfigKeys (ConfUtils.java:logGet(43)) - raft.server.log.queue.element-limit = 1024 (custom)
2019-09-19 08:17:08,837 [pool-27-thread-1] INFO  server.RaftServerConfigKeys (ConfUtils.java:logGet(43)) - raft.server.log.segment.size.max = 1048576 (custom)
2019-09-19 08:17:08,837 [pool-47-thread-1] INFO  server.RaftServerConfigKeys (ConfUtils.java:logGet(43)) - raft.server.log.segment.size.max = 1048576 (custom)
2019-09-19 08:17:08,837 [pool-57-thread-1] INFO  server.RaftServerConfigKeys (ConfUtils.java:logGet(43)) - raft.server.log.segment.size.max = 1048576 (custom)
2019-09-19 08:17:08,838 [pool-47-thread-1] INFO  server.RaftServerConfigKeys (ConfUtils.java:logGet(43)) - raft.server.log.preallocated.size = 16384 (custom)
2019-09-19 08:17:08,837 [pool-27-thread-1] INFO  server.RaftServerConfigKeys (ConfUtils.java:logGet(43)) - raft.server.log.segment.cache.num.max = 2 (custom)
2019-09-19 08:17:08,838 [pool-47-thread-1] INFO  server.RaftServerConfigKeys (ConfUtils.java:logGet(43)) - raft.server.log.write.buffer.size = 33554432 (custom)
2019-09-19 08:17:08,838 [pool-57-thread-1] INFO  server.RaftServerConfigKeys (ConfUtils.java:logGet(43)) - raft.server.log.segment.cache.num.max = 2 (custom)
2019-09-19 08:17:08,838 [pool-47-thread-1] INFO  server.RaftServerConfigKeys (ConfUtils.java:logGet(43)) - raft.server.log.force.sync.num = 128 (default)
2019-09-19 08:17:08,838 [pool-27-thread-1] INFO  segmented.SegmentedRaftLogWorker (SegmentedRaftLogWorker.java:<init>(172)) - new c4c920b5-2080-4c17-8bd2-a07878bbfa61@group-AF8F8ED5E8F2-SegmentedRaftLogWorker for RaftStorage:Storage Directory /workdir/hadoop-ozone/integration-test/target/test-dir/MiniOzoneClusterImpl-8fb0b404-6679-45f6-9240-c8337d413b55/datanode-0/data/ratis/63473c75-4a68-41bc-8406-af8f8ed5e8f2
2019-09-19 08:17:08,839 [pool-47-thread-1] INFO  server.RaftServerConfigKeys (ConfUtils.java:logGet(43)) - raft.server.log.statemachine.data.sync = true (default)
2019-09-19 08:17:08,838 [pool-57-thread-1] INFO  segmented.SegmentedRaftLogWorker (SegmentedRaftLogWorker.java:<init>(172)) - new 69d10f23-105a-4b02-8178-76d7d2177f75@group-AF8F8ED5E8F2-SegmentedRaftLogWorker for RaftStorage:Storage Directory /workdir/hadoop-ozone/integration-test/target/test-dir/MiniOzoneClusterImpl-8fb0b404-6679-45f6-9240-c8337d413b55/datanode-3/data/ratis/63473c75-4a68-41bc-8406-af8f8ed5e8f2
2019-09-19 08:17:08,839 [pool-47-thread-1] INFO  server.RaftServerConfigKeys (ConfUtils.java:logGet(43)) - raft.server.log.statemachine.data.sync.timeout = 10s (default)
2019-09-19 08:17:08,839 [pool-27-thread-1] INFO  server.RaftServerConfigKeys (ConfUtils.java:logGet(43)) - raft.server.log.queue.byte-limit = 2147483647 (custom)
2019-09-19 08:17:08,840 [pool-47-thread-1] INFO  server.RaftServerConfigKeys (ConfUtils.java:logGet(43)) - raft.server.log.statemachine.data.sync.timeout.retry = -1 (default)
2019-09-19 08:17:08,839 [pool-57-thread-1] INFO  server.RaftServerConfigKeys (ConfUtils.java:logGet(43)) - raft.server.log.queue.byte-limit = 2147483647 (custom)
2019-09-19 08:17:08,840 [pool-47-thread-1] INFO  server.RaftServerConfigKeys (ConfUtils.java:logGet(43)) - raft.server.log.statemachine.data.caching.enabled = true (custom)
2019-09-19 08:17:08,840 [pool-27-thread-1] INFO  server.RaftServerConfigKeys (ConfUtils.java:logGet(43)) - raft.server.log.queue.element-limit = 1024 (custom)
2019-09-19 08:17:08,840 [pool-57-thread-1] INFO  server.RaftServerConfigKeys (ConfUtils.java:logGet(43)) - raft.server.log.queue.element-limit = 1024 (custom)
2019-09-19 08:17:08,840 [pool-47-thread-1] INFO  segmented.SegmentedRaftLogWorker (SegmentedRaftLogWorker.java:lambda$new$0(132)) - 40142a40-e4e1-4467-a28a-765edac3228d@group-AF8F8ED5E8F2-SegmentedRaftLogWorker: flushIndex: setUnconditionally 0 -> -1
2019-09-19 08:17:08,840 [pool-27-thread-1] INFO  server.RaftServerConfigKeys (ConfUtils.java:logGet(43)) - raft.server.log.segment.size.max = 1048576 (custom)
2019-09-19 08:17:08,841 [pool-57-thread-1] INFO  server.RaftServerConfigKeys (ConfUtils.java:logGet(43)) - raft.server.log.segment.size.max = 1048576 (custom)
2019-09-19 08:17:08,841 [pool-47-thread-1] INFO  server.RaftServerConfigKeys (ConfUtils.java:logGet(43)) - raft.server.snapshot.auto.trigger.enabled = true (custom)
2019-09-19 08:17:08,841 [pool-27-thread-1] INFO  server.RaftServerConfigKeys (ConfUtils.java:logGet(43)) - raft.server.log.preallocated.size = 16384 (custom)
2019-09-19 08:17:08,841 [pool-47-thread-1] INFO  server.RaftServerConfigKeys (ConfUtils.java:logGet(43)) - raft.server.snapshot.auto.trigger.threshold = 10000 (custom)
2019-09-19 08:17:08,841 [pool-57-thread-1] INFO  server.RaftServerConfigKeys (ConfUtils.java:logGet(43)) - raft.server.log.preallocated.size = 16384 (custom)
2019-09-19 08:17:08,842 [pool-47-thread-1] INFO  server.RaftServerConfigKeys (ConfUtils.java:logGet(43)) - raft.server.snapshot.retention.num.files = 5 (custom)
2019-09-19 08:17:08,841 [pool-27-thread-1] INFO  server.RaftServerConfigKeys (ConfUtils.java:logGet(43)) - raft.server.log.write.buffer.size = 33554432 (custom)
2019-09-19 08:17:08,842 [pool-47-thread-1] INFO  server.RaftServerConfigKeys (ConfUtils.java:logGet(43)) - raft.server.retrycache.expirytime = 600000ms (custom)
2019-09-19 08:17:08,842 [pool-57-thread-1] INFO  server.RaftServerConfigKeys (ConfUtils.java:logGet(43)) - raft.server.log.write.buffer.size = 33554432 (custom)
2019-09-19 08:17:08,842 [pool-27-thread-1] INFO  server.RaftServerConfigKeys (ConfUtils.java:logGet(43)) - raft.server.log.force.sync.num = 128 (default)
2019-09-19 08:17:08,843 [pool-57-thread-1] INFO  server.RaftServerConfigKeys (ConfUtils.java:logGet(43)) - raft.server.log.force.sync.num = 128 (default)
2019-09-19 08:17:08,843 [pool-27-thread-1] INFO  server.RaftServerConfigKeys (ConfUtils.java:logGet(43)) - raft.server.log.statemachine.data.sync = true (default)
2019-09-19 08:17:08,843 [pool-57-thread-1] INFO  server.RaftServerConfigKeys (ConfUtils.java:logGet(43)) - raft.server.log.statemachine.data.sync = true (default)
2019-09-19 08:17:08,843 [pool-27-thread-1] INFO  server.RaftServerConfigKeys (ConfUtils.java:logGet(43)) - raft.server.log.statemachine.data.sync.timeout = 10s (default)
2019-09-19 08:17:08,843 [pool-57-thread-1] INFO  server.RaftServerConfigKeys (ConfUtils.java:logGet(43)) - raft.server.log.statemachine.data.sync.timeout = 10s (default)
2019-09-19 08:17:08,843 [pool-27-thread-1] INFO  server.RaftServerConfigKeys (ConfUtils.java:logGet(43)) - raft.server.log.statemachine.data.sync.timeout.retry = -1 (default)
2019-09-19 08:17:08,844 [pool-57-thread-1] INFO  server.RaftServerConfigKeys (ConfUtils.java:logGet(43)) - raft.server.log.statemachine.data.sync.timeout.retry = -1 (default)
2019-09-19 08:17:08,844 [pool-27-thread-1] INFO  server.RaftServerConfigKeys (ConfUtils.java:logGet(43)) - raft.server.log.statemachine.data.caching.enabled = true (custom)
2019-09-19 08:17:08,844 [pool-57-thread-1] INFO  server.RaftServerConfigKeys (ConfUtils.java:logGet(43)) - raft.server.log.statemachine.data.caching.enabled = true (custom)
2019-09-19 08:17:08,844 [pool-27-thread-1] INFO  segmented.SegmentedRaftLogWorker (SegmentedRaftLogWorker.java:lambda$new$0(132)) - c4c920b5-2080-4c17-8bd2-a07878bbfa61@group-AF8F8ED5E8F2-SegmentedRaftLogWorker: flushIndex: setUnconditionally 0 -> -1
2019-09-19 08:17:08,844 [pool-57-thread-1] INFO  segmented.SegmentedRaftLogWorker (SegmentedRaftLogWorker.java:lambda$new$0(132)) - 69d10f23-105a-4b02-8178-76d7d2177f75@group-AF8F8ED5E8F2-SegmentedRaftLogWorker: flushIndex: setUnconditionally 0 -> -1
2019-09-19 08:17:08,844 [pool-27-thread-1] INFO  server.RaftServerConfigKeys (ConfUtils.java:logGet(43)) - raft.server.snapshot.auto.trigger.enabled = true (custom)
2019-09-19 08:17:08,845 [pool-27-thread-1] INFO  server.RaftServerConfigKeys (ConfUtils.java:logGet(43)) - raft.server.snapshot.auto.trigger.threshold = 10000 (custom)
2019-09-19 08:17:08,845 [pool-57-thread-1] INFO  server.RaftServerConfigKeys (ConfUtils.java:logGet(43)) - raft.server.snapshot.auto.trigger.enabled = true (custom)
2019-09-19 08:17:08,845 [pool-27-thread-1] INFO  server.RaftServerConfigKeys (ConfUtils.java:logGet(43)) - raft.server.snapshot.retention.num.files = 5 (custom)
2019-09-19 08:17:08,845 [pool-57-thread-1] INFO  server.RaftServerConfigKeys (ConfUtils.java:logGet(43)) - raft.server.snapshot.auto.trigger.threshold = 10000 (custom)
2019-09-19 08:17:08,845 [pool-27-thread-1] INFO  server.RaftServerConfigKeys (ConfUtils.java:logGet(43)) - raft.server.retrycache.expirytime = 600000ms (custom)
2019-09-19 08:17:08,845 [pool-57-thread-1] INFO  server.RaftServerConfigKeys (ConfUtils.java:logGet(43)) - raft.server.snapshot.retention.num.files = 5 (custom)
2019-09-19 08:17:08,846 [pool-57-thread-1] INFO  server.RaftServerConfigKeys (ConfUtils.java:logGet(43)) - raft.server.retrycache.expirytime = 600000ms (custom)
2019-09-19 08:17:08,847 [pool-47-thread-1] INFO  impl.RaftServerImpl (RaftServerImpl.java:start(185)) - 40142a40-e4e1-4467-a28a-765edac3228d@group-AF8F8ED5E8F2: start as a follower, conf=-1: [69d10f23-105a-4b02-8178-76d7d2177f75:192.168.36.85:45524, 40142a40-e4e1-4467-a28a-765edac3228d:192.168.36.85:35634, c4c920b5-2080-4c17-8bd2-a07878bbfa61:192.168.36.85:40621], old=null
2019-09-19 08:17:08,847 [pool-47-thread-1] INFO  impl.RaftServerImpl (RaftServerImpl.java:setRole(174)) - 40142a40-e4e1-4467-a28a-765edac3228d@group-AF8F8ED5E8F2: changes role from      null to FOLLOWER at term 0 for startAsFollower
2019-09-19 08:17:08,847 [pool-47-thread-1] INFO  impl.RoleInfo (RoleInfo.java:updateAndGet(143)) - 40142a40-e4e1-4467-a28a-765edac3228d: start FollowerState
2019-09-19 08:17:08,848 [pool-47-thread-1] INFO  util.JmxRegister (JmxRegister.java:tryRegister(44)) - Successfully registered JMX Bean with object name Ratis:service=RaftServer,group=group-AF8F8ED5E8F2,id=40142a40-e4e1-4467-a28a-765edac3228d
2019-09-19 08:17:08,851 [pool-27-thread-1] INFO  impl.RaftServerImpl (RaftServerImpl.java:start(185)) - c4c920b5-2080-4c17-8bd2-a07878bbfa61@group-AF8F8ED5E8F2: start as a follower, conf=-1: [69d10f23-105a-4b02-8178-76d7d2177f75:192.168.36.85:45524, 40142a40-e4e1-4467-a28a-765edac3228d:192.168.36.85:35634, c4c920b5-2080-4c17-8bd2-a07878bbfa61:192.168.36.85:40621], old=null
2019-09-19 08:17:08,851 [pool-27-thread-1] INFO  impl.RaftServerImpl (RaftServerImpl.java:setRole(174)) - c4c920b5-2080-4c17-8bd2-a07878bbfa61@group-AF8F8ED5E8F2: changes role from      null to FOLLOWER at term 0 for startAsFollower
2019-09-19 08:17:08,851 [pool-27-thread-1] INFO  impl.RoleInfo (RoleInfo.java:updateAndGet(143)) - c4c920b5-2080-4c17-8bd2-a07878bbfa61: start FollowerState
2019-09-19 08:17:08,851 [pool-57-thread-1] INFO  impl.RaftServerImpl (RaftServerImpl.java:start(185)) - 69d10f23-105a-4b02-8178-76d7d2177f75@group-AF8F8ED5E8F2: start as a follower, conf=-1: [69d10f23-105a-4b02-8178-76d7d2177f75:192.168.36.85:45524, 40142a40-e4e1-4467-a28a-765edac3228d:192.168.36.85:35634, c4c920b5-2080-4c17-8bd2-a07878bbfa61:192.168.36.85:40621], old=null
2019-09-19 08:17:08,852 [pool-57-thread-1] INFO  impl.RaftServerImpl (RaftServerImpl.java:setRole(174)) - 69d10f23-105a-4b02-8178-76d7d2177f75@group-AF8F8ED5E8F2: changes role from      null to FOLLOWER at term 0 for startAsFollower
2019-09-19 08:17:08,853 [pool-27-thread-1] INFO  util.JmxRegister (JmxRegister.java:tryRegister(44)) - Successfully registered JMX Bean with object name Ratis:service=RaftServer,group=group-AF8F8ED5E8F2,id=c4c920b5-2080-4c17-8bd2-a07878bbfa61
2019-09-19 08:17:08,854 [pool-57-thread-1] INFO  impl.RoleInfo (RoleInfo.java:updateAndGet(143)) - 69d10f23-105a-4b02-8178-76d7d2177f75: start FollowerState
2019-09-19 08:17:08,855 [pool-57-thread-1] INFO  util.JmxRegister (JmxRegister.java:tryRegister(44)) - Successfully registered JMX Bean with object name Ratis:service=RaftServer,group=group-AF8F8ED5E8F2,id=69d10f23-105a-4b02-8178-76d7d2177f75
2019-09-19 08:17:08,873 [RatisPipelineUtilsThread] INFO  pipeline.PipelineStateManager (PipelineStateManager.java:addPipeline(56)) - Created pipeline Pipeline[ Id: 63473c75-4a68-41bc-8406-af8f8ed5e8f2, Nodes: 69d10f23-105a-4b02-8178-76d7d2177f75{ip: 192.168.36.85, host: pr-hdds-2101-t8mbx-1252714220, networkLocation: /default-rack, certSerialId: null}40142a40-e4e1-4467-a28a-765edac3228d{ip: 192.168.36.85, host: pr-hdds-2101-t8mbx-1252714220, networkLocation: /default-rack, certSerialId: null}c4c920b5-2080-4c17-8bd2-a07878bbfa61{ip: 192.168.36.85, host: pr-hdds-2101-t8mbx-1252714220, networkLocation: /default-rack, certSerialId: null}, Type:RATIS, Factor:THREE, State:OPEN]
2019-09-19 08:17:08,930 [main] INFO  ozone.MiniOzoneClusterImpl (MiniOzoneClusterImpl.java:lambda$waitForClusterToBeReady$0(145)) - Cluster is ready. Got 4 of 4 DN Heartbeats.
2019-09-19 08:17:08,935 [main] INFO  container.ReplicationManager (ReplicationManager.java:start(162)) - Starting Replication Monitor Thread.
2019-09-19 08:17:08,937 [ReplicationMonitor] INFO  container.ReplicationManager (ReplicationManager.java:run(225)) - Replication Monitor Thread took 1 milliseconds for processing 0 containers.
2019-09-19 08:17:09,422 [main] INFO  rpc.RpcClient (RpcClient.java:createVolume(302)) - Creating Volume: testcontainerstatemachinefailures, with jenkins1000 as owner.
2019-09-19 08:17:09,542 [IPC Server handler 3 on 34385] INFO  volume.OMVolumeCreateRequest (OMVolumeCreateRequest.java:validateAndUpdateCache(189)) - created volume:testcontainerstatemachinefailures for user:jenkins1000
2019-09-19 08:17:09,589 [main] INFO  rpc.RpcClient (RpcClient.java:createBucket(441)) - Creating Bucket: testcontainerstatemachinefailures/testcontainerstatemachinefailures, with Versioning false and Storage Type set to DISK and Encryption set to false 
2019-09-19 08:17:10,102 [EventQueue-StaleNodeForStaleNodeHandler] INFO  node.StaleNodeHandler (StaleNodeHandler.java:onMessage(58)) - Datanode 69d10f23-105a-4b02-8178-76d7d2177f75{ip: 192.168.36.85, host: pr-hdds-2101-t8mbx-1252714220, networkLocation: /default-rack, certSerialId: null} moved to stale state. Finalizing its pipelines [PipelineID=9261ff78-b194-44b3-821e-7c667b4ccff8, PipelineID=63473c75-4a68-41bc-8406-af8f8ed5e8f2]
2019-09-19 08:17:10,115 [EventQueue-StaleNodeForStaleNodeHandler] INFO  pipeline.SCMPipelineManager (SCMPipelineManager.java:finalizeAndDestroyPipeline(311)) - destroying pipeline:Pipeline[ Id: 9261ff78-b194-44b3-821e-7c667b4ccff8, Nodes: 69d10f23-105a-4b02-8178-76d7d2177f75{ip: 192.168.36.85, host: pr-hdds-2101-t8mbx-1252714220, networkLocation: /default-rack, certSerialId: null}, Type:RATIS, Factor:ONE, State:OPEN]
2019-09-19 08:17:10,121 [EventQueue-StaleNodeForStaleNodeHandler] INFO  pipeline.PipelineStateManager (PipelineStateManager.java:finalizePipeline(123)) - Pipeline Pipeline[ Id: 9261ff78-b194-44b3-821e-7c667b4ccff8, Nodes: 69d10f23-105a-4b02-8178-76d7d2177f75{ip: 192.168.36.85, host: pr-hdds-2101-t8mbx-1252714220, networkLocation: /default-rack, certSerialId: null}, Type:RATIS, Factor:ONE, State:CLOSED] moved to CLOSED state
2019-09-19 08:17:10,124 [EventQueue-StaleNodeForStaleNodeHandler] INFO  pipeline.SCMPipelineManager (SCMPipelineManager.java:finalizeAndDestroyPipeline(311)) - destroying pipeline:Pipeline[ Id: 63473c75-4a68-41bc-8406-af8f8ed5e8f2, Nodes: 69d10f23-105a-4b02-8178-76d7d2177f75{ip: 192.168.36.85, host: pr-hdds-2101-t8mbx-1252714220, networkLocation: /default-rack, certSerialId: null}40142a40-e4e1-4467-a28a-765edac3228d{ip: 192.168.36.85, host: pr-hdds-2101-t8mbx-1252714220, networkLocation: /default-rack, certSerialId: null}c4c920b5-2080-4c17-8bd2-a07878bbfa61{ip: 192.168.36.85, host: pr-hdds-2101-t8mbx-1252714220, networkLocation: /default-rack, certSerialId: null}, Type:RATIS, Factor:THREE, State:OPEN]
2019-09-19 08:17:10,124 [EventQueue-StaleNodeForStaleNodeHandler] INFO  pipeline.PipelineStateManager (PipelineStateManager.java:finalizePipeline(123)) - Pipeline Pipeline[ Id: 63473c75-4a68-41bc-8406-af8f8ed5e8f2, Nodes: 69d10f23-105a-4b02-8178-76d7d2177f75{ip: 192.168.36.85, host: pr-hdds-2101-t8mbx-1252714220, networkLocation: /default-rack, certSerialId: null}40142a40-e4e1-4467-a28a-765edac3228d{ip: 192.168.36.85, host: pr-hdds-2101-t8mbx-1252714220, networkLocation: /default-rack, certSerialId: null}c4c920b5-2080-4c17-8bd2-a07878bbfa61{ip: 192.168.36.85, host: pr-hdds-2101-t8mbx-1252714220, networkLocation: /default-rack, certSerialId: null}, Type:RATIS, Factor:THREE, State:CLOSED] moved to CLOSED state
2019-09-19 08:17:10,125 [EventQueue-StaleNodeForStaleNodeHandler] INFO  node.StaleNodeHandler (StaleNodeHandler.java:onMessage(58)) - Datanode 40142a40-e4e1-4467-a28a-765edac3228d{ip: 192.168.36.85, host: pr-hdds-2101-t8mbx-1252714220, networkLocation: /default-rack, certSerialId: null} moved to stale state. Finalizing its pipelines [PipelineID=63473c75-4a68-41bc-8406-af8f8ed5e8f2, PipelineID=68bf8dc1-5a51-4ed7-8b99-eee186f7586a]
2019-09-19 08:17:10,125 [EventQueue-CloseContainerForCloseContainerEventHandler] INFO  container.CloseContainerEventHandler (CloseContainerEventHandler.java:onMessage(61)) - Close container Event triggered for container : #1
2019-09-19 08:17:10,125 [EventQueue-StaleNodeForStaleNodeHandler] INFO  pipeline.SCMPipelineManager (SCMPipelineManager.java:finalizeAndDestroyPipeline(311)) - destroying pipeline:Pipeline[ Id: 63473c75-4a68-41bc-8406-af8f8ed5e8f2, Nodes: 69d10f23-105a-4b02-8178-76d7d2177f75{ip: 192.168.36.85, host: pr-hdds-2101-t8mbx-1252714220, networkLocation: /default-rack, certSerialId: null}40142a40-e4e1-4467-a28a-765edac3228d{ip: 192.168.36.85, host: pr-hdds-2101-t8mbx-1252714220, networkLocation: /default-rack, certSerialId: null}c4c920b5-2080-4c17-8bd2-a07878bbfa61{ip: 192.168.36.85, host: pr-hdds-2101-t8mbx-1252714220, networkLocation: /default-rack, certSerialId: null}, Type:RATIS, Factor:THREE, State:CLOSED]
2019-09-19 08:17:10,128 [EventQueue-StaleNodeForStaleNodeHandler] INFO  pipeline.SCMPipelineManager (SCMPipelineManager.java:finalizeAndDestroyPipeline(311)) - destroying pipeline:Pipeline[ Id: 68bf8dc1-5a51-4ed7-8b99-eee186f7586a, Nodes: 40142a40-e4e1-4467-a28a-765edac3228d{ip: 192.168.36.85, host: pr-hdds-2101-t8mbx-1252714220, networkLocation: /default-rack, certSerialId: null}, Type:RATIS, Factor:ONE, State:OPEN]
2019-09-19 08:17:10,133 [EventQueue-StaleNodeForStaleNodeHandler] INFO  pipeline.PipelineStateManager (PipelineStateManager.java:finalizePipeline(123)) - Pipeline Pipeline[ Id: 68bf8dc1-5a51-4ed7-8b99-eee186f7586a, Nodes: 40142a40-e4e1-4467-a28a-765edac3228d{ip: 192.168.36.85, host: pr-hdds-2101-t8mbx-1252714220, networkLocation: /default-rack, certSerialId: null}, Type:RATIS, Factor:ONE, State:CLOSED] moved to CLOSED state
2019-09-19 08:17:10,133 [EventQueue-StaleNodeForStaleNodeHandler] INFO  node.StaleNodeHandler (StaleNodeHandler.java:onMessage(58)) - Datanode caf3599a-667e-4da1-8514-028fb455c5d7{ip: 192.168.36.85, host: pr-hdds-2101-t8mbx-1252714220, networkLocation: /default-rack, certSerialId: null} moved to stale state. Finalizing its pipelines [PipelineID=7f2cc63a-699b-4afd-9b9a-c3d840e7eab9]
2019-09-19 08:17:10,136 [EventQueue-StaleNodeForStaleNodeHandler] INFO  pipeline.SCMPipelineManager (SCMPipelineManager.java:finalizeAndDestroyPipeline(311)) - destroying pipeline:Pipeline[ Id: 7f2cc63a-699b-4afd-9b9a-c3d840e7eab9, Nodes: caf3599a-667e-4da1-8514-028fb455c5d7{ip: 192.168.36.85, host: pr-hdds-2101-t8mbx-1252714220, networkLocation: /default-rack, certSerialId: null}, Type:RATIS, Factor:ONE, State:OPEN]
2019-09-19 08:17:10,149 [EventQueue-StaleNodeForStaleNodeHandler] INFO  pipeline.PipelineStateManager (PipelineStateManager.java:finalizePipeline(123)) - Pipeline Pipeline[ Id: 7f2cc63a-699b-4afd-9b9a-c3d840e7eab9, Nodes: caf3599a-667e-4da1-8514-028fb455c5d7{ip: 192.168.36.85, host: pr-hdds-2101-t8mbx-1252714220, networkLocation: /default-rack, certSerialId: null}, Type:RATIS, Factor:ONE, State:CLOSED] moved to CLOSED state
2019-09-19 08:17:10,152 [EventQueue-CloseContainerForCloseContainerEventHandler] INFO  container.CloseContainerEventHandler (CloseContainerEventHandler.java:onMessage(61)) - Close container Event triggered for container : #1
2019-09-19 08:17:10,217 [grpc-default-executor-2] INFO  impl.RaftServerProxy (RaftServerProxy.java:addNew(89)) - 69d10f23-105a-4b02-8178-76d7d2177f75: addNew group-98830DDBC411:[69d10f23-105a-4b02-8178-76d7d2177f75:192.168.36.85:45524] returns group-98830DDBC411:java.util.concurrent.CompletableFuture@75fc8d0f[Not completed]
2019-09-19 08:17:10,220 [pool-57-thread-1] INFO  impl.RaftServerImpl (RaftServerImpl.java:<init>(95)) - 69d10f23-105a-4b02-8178-76d7d2177f75: new RaftServerImpl for group-98830DDBC411:[69d10f23-105a-4b02-8178-76d7d2177f75:192.168.36.85:45524] with ContainerStateMachine:uninitialized
2019-09-19 08:17:10,220 [pool-57-thread-1] INFO  server.RaftServerConfigKeys (ConfUtils.java:logGet(43)) - raft.server.rpc.timeout.min = 5s (custom)
2019-09-19 08:17:10,221 [pool-57-thread-1] INFO  server.RaftServerConfigKeys (ConfUtils.java:logGet(43)) - raft.server.rpc.timeout.max = 5200ms (custom)
2019-09-19 08:17:10,221 [pool-57-thread-1] INFO  server.RaftServerConfigKeys (ConfUtils.java:logGet(43)) - raft.server.rpcslowness.timeout = 1000s (custom)
2019-09-19 08:17:10,221 [pool-57-thread-1] INFO  server.RaftServerConfigKeys (ConfUtils.java:logGet(43)) - raft.server.sleep.deviation.threshold = 300 (default)
2019-09-19 08:17:10,221 [pool-57-thread-1] INFO  server.RaftServerConfigKeys (ConfUtils.java:logGet(43)) - raft.server.log.appender.install.snapshot.enabled = false (custom)
2019-09-19 08:17:10,221 [pool-57-thread-1] INFO  impl.RaftServerImpl (ServerState.java:<init>(103)) - 69d10f23-105a-4b02-8178-76d7d2177f75@group-98830DDBC411: ConfigurationManager, init=-1: [69d10f23-105a-4b02-8178-76d7d2177f75:192.168.36.85:45524], old=null, confs=<EMPTY_MAP>
2019-09-19 08:17:10,222 [pool-57-thread-1] INFO  server.RaftServerConfigKeys (ConfUtils.java:logGet(43)) - raft.server.storage.dir = [/workdir/hadoop-ozone/integration-test/target/test-dir/MiniOzoneClusterImpl-8fb0b404-6679-45f6-9240-c8337d413b55/datanode-3/data/ratis] (custom)
2019-09-19 08:17:10,222 [pool-57-thread-1] INFO  storage.RaftStorageDirectory (RaftStorageDirectory.java:analyzeStorage(246)) - The storage directory /workdir/hadoop-ozone/integration-test/target/test-dir/MiniOzoneClusterImpl-8fb0b404-6679-45f6-9240-c8337d413b55/datanode-3/data/ratis/ccda94b8-da53-4bbf-9649-98830ddbc411 does not exist. Creating ...
2019-09-19 08:17:10,232 [main] INFO  impl.MetricsSystemImpl (MetricsSystemImpl.java:init(158)) - XceiverClientMetrics metrics system started (again)
2019-09-19 08:17:10,236 [pool-57-thread-1] INFO  storage.RaftStorageDirectory (RaftStorageDirectory.java:tryLock(328)) - Lock on /workdir/hadoop-ozone/integration-test/target/test-dir/MiniOzoneClusterImpl-8fb0b404-6679-45f6-9240-c8337d413b55/datanode-3/data/ratis/ccda94b8-da53-4bbf-9649-98830ddbc411/in_use.lock acquired by nodename 11560@pr-hdds-2101-t8mbx-1252714220
2019-09-19 08:17:10,249 [pool-57-thread-1] INFO  storage.RaftStorage (RaftStorage.java:format(72)) - Storage directory /workdir/hadoop-ozone/integration-test/target/test-dir/MiniOzoneClusterImpl-8fb0b404-6679-45f6-9240-c8337d413b55/datanode-3/data/ratis/ccda94b8-da53-4bbf-9649-98830ddbc411 has been successfully formatted.
2019-09-19 08:17:10,250 [pool-57-thread-1] INFO  ratis.ContainerStateMachine (ContainerStateMachine.java:loadSnapshot(230)) - group-98830DDBC411: The snapshot info is null. Setting the last applied indexto:(t:0, i:~)
2019-09-19 08:17:10,250 [pool-57-thread-1] INFO  server.RaftServerConfigKeys (ConfUtils.java:logGet(43)) - raft.server.notification.no-leader.timeout = 1000s (custom)
2019-09-19 08:17:10,250 [pool-57-thread-1] INFO  server.RaftServerConfigKeys (ConfUtils.java:logGet(43)) - raft.server.log.use.memory = false (default)
2019-09-19 08:17:10,251 [pool-57-thread-1] INFO  server.RaftServerConfigKeys (ConfUtils.java:logGet(43)) - raft.server.log.purge.gap = 1000000 (custom)
2019-09-19 08:17:10,251 [pool-57-thread-1] INFO  server.RaftServerConfigKeys (ConfUtils.java:logGet(43)) - raft.server.log.appender.buffer.byte-limit = 33554432 (custom)
2019-09-19 08:17:10,251 [pool-57-thread-1] INFO  server.RaftServerConfigKeys (ConfUtils.java:logGet(43)) - raft.server.log.segment.size.max = 1048576 (custom)
2019-09-19 08:17:10,251 [pool-57-thread-1] INFO  server.RaftServerConfigKeys (ConfUtils.java:logGet(43)) - raft.server.log.segment.cache.num.max = 2 (custom)
2019-09-19 08:17:10,252 [pool-57-thread-1] INFO  segmented.SegmentedRaftLogWorker (SegmentedRaftLogWorker.java:<init>(172)) - new 69d10f23-105a-4b02-8178-76d7d2177f75@group-98830DDBC411-SegmentedRaftLogWorker for RaftStorage:Storage Directory /workdir/hadoop-ozone/integration-test/target/test-dir/MiniOzoneClusterImpl-8fb0b404-6679-45f6-9240-c8337d413b55/datanode-3/data/ratis/ccda94b8-da53-4bbf-9649-98830ddbc411
2019-09-19 08:17:10,252 [pool-57-thread-1] INFO  server.RaftServerConfigKeys (ConfUtils.java:logGet(43)) - raft.server.log.queue.byte-limit = 2147483647 (custom)
2019-09-19 08:17:10,252 [pool-57-thread-1] INFO  server.RaftServerConfigKeys (ConfUtils.java:logGet(43)) - raft.server.log.queue.element-limit = 1024 (custom)
2019-09-19 08:17:10,252 [pool-57-thread-1] INFO  server.RaftServerConfigKeys (ConfUtils.java:logGet(43)) - raft.server.log.segment.size.max = 1048576 (custom)
2019-09-19 08:17:10,253 [pool-57-thread-1] INFO  server.RaftServerConfigKeys (ConfUtils.java:logGet(43)) - raft.server.log.preallocated.size = 16384 (custom)
2019-09-19 08:17:10,253 [pool-57-thread-1] INFO  server.RaftServerConfigKeys (ConfUtils.java:logGet(43)) - raft.server.log.write.buffer.size = 33554432 (custom)
2019-09-19 08:17:10,253 [pool-57-thread-1] INFO  server.RaftServerConfigKeys (ConfUtils.java:logGet(43)) - raft.server.log.force.sync.num = 128 (default)
2019-09-19 08:17:10,253 [pool-57-thread-1] INFO  server.RaftServerConfigKeys (ConfUtils.java:logGet(43)) - raft.server.log.statemachine.data.sync = true (default)
2019-09-19 08:17:10,253 [pool-57-thread-1] INFO  server.RaftServerConfigKeys (ConfUtils.java:logGet(43)) - raft.server.log.statemachine.data.sync.timeout = 10s (default)
2019-09-19 08:17:10,254 [pool-57-thread-1] INFO  server.RaftServerConfigKeys (ConfUtils.java:logGet(43)) - raft.server.log.statemachine.data.sync.timeout.retry = -1 (default)
2019-09-19 08:17:10,254 [pool-57-thread-1] INFO  server.RaftServerConfigKeys (ConfUtils.java:logGet(43)) - raft.server.log.statemachine.data.caching.enabled = true (custom)
2019-09-19 08:17:10,254 [pool-57-thread-1] INFO  segmented.SegmentedRaftLogWorker (SegmentedRaftLogWorker.java:lambda$new$0(132)) - 69d10f23-105a-4b02-8178-76d7d2177f75@group-98830DDBC411-SegmentedRaftLogWorker: flushIndex: setUnconditionally 0 -> -1
2019-09-19 08:17:10,255 [pool-57-thread-1] INFO  server.RaftServerConfigKeys (ConfUtils.java:logGet(43)) - raft.server.snapshot.auto.trigger.enabled = true (custom)
2019-09-19 08:17:10,255 [pool-57-thread-1] INFO  server.RaftServerConfigKeys (ConfUtils.java:logGet(43)) - raft.server.snapshot.auto.trigger.threshold = 10000 (custom)
2019-09-19 08:17:10,255 [pool-57-thread-1] INFO  server.RaftServerConfigKeys (ConfUtils.java:logGet(43)) - raft.server.snapshot.retention.num.files = 5 (custom)
2019-09-19 08:17:10,256 [pool-57-thread-1] INFO  server.RaftServerConfigKeys (ConfUtils.java:logGet(43)) - raft.server.retrycache.expirytime = 600000ms (custom)
2019-09-19 08:17:10,260 [pool-57-thread-1] INFO  impl.RaftServerImpl (RaftServerImpl.java:start(185)) - 69d10f23-105a-4b02-8178-76d7d2177f75@group-98830DDBC411: start as a follower, conf=-1: [69d10f23-105a-4b02-8178-76d7d2177f75:192.168.36.85:45524], old=null
2019-09-19 08:17:10,261 [pool-57-thread-1] INFO  impl.RaftServerImpl (RaftServerImpl.java:setRole(174)) - 69d10f23-105a-4b02-8178-76d7d2177f75@group-98830DDBC411: changes role from      null to FOLLOWER at term 0 for startAsFollower
2019-09-19 08:17:10,261 [pool-57-thread-1] INFO  impl.RoleInfo (RoleInfo.java:updateAndGet(143)) - 69d10f23-105a-4b02-8178-76d7d2177f75: start FollowerState
2019-09-19 08:17:10,261 [pool-57-thread-1] INFO  util.JmxRegister (JmxRegister.java:tryRegister(44)) - Successfully registered JMX Bean with object name Ratis:service=RaftServer,group=group-98830DDBC411,id=69d10f23-105a-4b02-8178-76d7d2177f75
2019-09-19 08:17:10,271 [RatisPipelineUtilsThread] INFO  pipeline.PipelineStateManager (PipelineStateManager.java:addPipeline(56)) - Created pipeline Pipeline[ Id: ccda94b8-da53-4bbf-9649-98830ddbc411, Nodes: 69d10f23-105a-4b02-8178-76d7d2177f75{ip: 192.168.36.85, host: pr-hdds-2101-t8mbx-1252714220, networkLocation: /default-rack, certSerialId: null}, Type:RATIS, Factor:ONE, State:OPEN]
2019-09-19 08:17:10,285 [grpc-default-executor-2] INFO  impl.RaftServerProxy (RaftServerProxy.java:addNew(89)) - 40142a40-e4e1-4467-a28a-765edac3228d: addNew group-6F182730058A:[40142a40-e4e1-4467-a28a-765edac3228d:192.168.36.85:35634] returns group-6F182730058A:java.util.concurrent.CompletableFuture@245db377[Not completed]
2019-09-19 08:17:10,287 [pool-47-thread-1] INFO  impl.RaftServerImpl (RaftServerImpl.java:<init>(95)) - 40142a40-e4e1-4467-a28a-765edac3228d: new RaftServerImpl for group-6F182730058A:[40142a40-e4e1-4467-a28a-765edac3228d:192.168.36.85:35634] with ContainerStateMachine:uninitialized
2019-09-19 08:17:10,287 [pool-47-thread-1] INFO  server.RaftServerConfigKeys (ConfUtils.java:logGet(43)) - raft.server.rpc.timeout.min = 5s (custom)
2019-09-19 08:17:10,287 [pool-47-thread-1] INFO  server.RaftServerConfigKeys (ConfUtils.java:logGet(43)) - raft.server.rpc.timeout.max = 5200ms (custom)
2019-09-19 08:17:10,287 [pool-47-thread-1] INFO  server.RaftServerConfigKeys (ConfUtils.java:logGet(43)) - raft.server.rpcslowness.timeout = 1000s (custom)
2019-09-19 08:17:10,288 [pool-47-thread-1] INFO  server.RaftServerConfigKeys (ConfUtils.java:logGet(43)) - raft.server.sleep.deviation.threshold = 300 (default)
2019-09-19 08:17:10,288 [pool-47-thread-1] INFO  server.RaftServerConfigKeys (ConfUtils.java:logGet(43)) - raft.server.log.appender.install.snapshot.enabled = false (custom)
2019-09-19 08:17:10,288 [pool-47-thread-1] INFO  impl.RaftServerImpl (ServerState.java:<init>(103)) - 40142a40-e4e1-4467-a28a-765edac3228d@group-6F182730058A: ConfigurationManager, init=-1: [40142a40-e4e1-4467-a28a-765edac3228d:192.168.36.85:35634], old=null, confs=<EMPTY_MAP>
2019-09-19 08:17:10,288 [pool-47-thread-1] INFO  server.RaftServerConfigKeys (ConfUtils.java:logGet(43)) - raft.server.storage.dir = [/workdir/hadoop-ozone/integration-test/target/test-dir/MiniOzoneClusterImpl-8fb0b404-6679-45f6-9240-c8337d413b55/datanode-2/data/ratis] (custom)
2019-09-19 08:17:10,289 [pool-47-thread-1] INFO  storage.RaftStorageDirectory (RaftStorageDirectory.java:analyzeStorage(246)) - The storage directory /workdir/hadoop-ozone/integration-test/target/test-dir/MiniOzoneClusterImpl-8fb0b404-6679-45f6-9240-c8337d413b55/datanode-2/data/ratis/bd4fb6bf-0547-4c11-a2c6-6f182730058a does not exist. Creating ...
2019-09-19 08:17:10,302 [pool-47-thread-1] INFO  storage.RaftStorageDirectory (RaftStorageDirectory.java:tryLock(328)) - Lock on /workdir/hadoop-ozone/integration-test/target/test-dir/MiniOzoneClusterImpl-8fb0b404-6679-45f6-9240-c8337d413b55/datanode-2/data/ratis/bd4fb6bf-0547-4c11-a2c6-6f182730058a/in_use.lock acquired by nodename 11560@pr-hdds-2101-t8mbx-1252714220
2019-09-19 08:17:10,315 [pool-47-thread-1] INFO  storage.RaftStorage (RaftStorage.java:format(72)) - Storage directory /workdir/hadoop-ozone/integration-test/target/test-dir/MiniOzoneClusterImpl-8fb0b404-6679-45f6-9240-c8337d413b55/datanode-2/data/ratis/bd4fb6bf-0547-4c11-a2c6-6f182730058a has been successfully formatted.
2019-09-19 08:17:10,315 [pool-47-thread-1] INFO  ratis.ContainerStateMachine (ContainerStateMachine.java:loadSnapshot(230)) - group-6F182730058A: The snapshot info is null. Setting the last applied indexto:(t:0, i:~)
2019-09-19 08:17:10,316 [pool-47-thread-1] INFO  server.RaftServerConfigKeys (ConfUtils.java:logGet(43)) - raft.server.notification.no-leader.timeout = 1000s (custom)
2019-09-19 08:17:10,316 [pool-47-thread-1] INFO  server.RaftServerConfigKeys (ConfUtils.java:logGet(43)) - raft.server.log.use.memory = false (default)
2019-09-19 08:17:10,316 [pool-47-thread-1] INFO  server.RaftServerConfigKeys (ConfUtils.java:logGet(43)) - raft.server.log.purge.gap = 1000000 (custom)
2019-09-19 08:17:10,316 [pool-47-thread-1] INFO  server.RaftServerConfigKeys (ConfUtils.java:logGet(43)) - raft.server.log.appender.buffer.byte-limit = 33554432 (custom)
2019-09-19 08:17:10,316 [pool-47-thread-1] INFO  server.RaftServerConfigKeys (ConfUtils.java:logGet(43)) - raft.server.log.segment.size.max = 1048576 (custom)
2019-09-19 08:17:10,317 [pool-47-thread-1] INFO  server.RaftServerConfigKeys (ConfUtils.java:logGet(43)) - raft.server.log.segment.cache.num.max = 2 (custom)
2019-09-19 08:17:10,317 [pool-47-thread-1] INFO  segmented.SegmentedRaftLogWorker (SegmentedRaftLogWorker.java:<init>(172)) - new 40142a40-e4e1-4467-a28a-765edac3228d@group-6F182730058A-SegmentedRaftLogWorker for RaftStorage:Storage Directory /workdir/hadoop-ozone/integration-test/target/test-dir/MiniOzoneClusterImpl-8fb0b404-6679-45f6-9240-c8337d413b55/datanode-2/data/ratis/bd4fb6bf-0547-4c11-a2c6-6f182730058a
2019-09-19 08:17:10,317 [pool-47-thread-1] INFO  server.RaftServerConfigKeys (ConfUtils.java:logGet(43)) - raft.server.log.queue.byte-limit = 2147483647 (custom)
2019-09-19 08:17:10,317 [pool-47-thread-1] INFO  server.RaftServerConfigKeys (ConfUtils.java:logGet(43)) - raft.server.log.queue.element-limit = 1024 (custom)
2019-09-19 08:17:10,317 [pool-47-thread-1] INFO  server.RaftServerConfigKeys (ConfUtils.java:logGet(43)) - raft.server.log.segment.size.max = 1048576 (custom)
2019-09-19 08:17:10,319 [pool-47-thread-1] INFO  server.RaftServerConfigKeys (ConfUtils.java:logGet(43)) - raft.server.log.preallocated.size = 16384 (custom)
2019-09-19 08:17:10,320 [pool-47-thread-1] INFO  server.RaftServerConfigKeys (ConfUtils.java:logGet(43)) - raft.server.log.write.buffer.size = 33554432 (custom)
2019-09-19 08:17:10,320 [pool-47-thread-1] INFO  server.RaftServerConfigKeys (ConfUtils.java:logGet(43)) - raft.server.log.force.sync.num = 128 (default)
2019-09-19 08:17:10,320 [pool-47-thread-1] INFO  server.RaftServerConfigKeys (ConfUtils.java:logGet(43)) - raft.server.log.statemachine.data.sync = true (default)
2019-09-19 08:17:10,320 [pool-47-thread-1] INFO  server.RaftServerConfigKeys (ConfUtils.java:logGet(43)) - raft.server.log.statemachine.data.sync.timeout = 10s (default)
2019-09-19 08:17:10,320 [pool-47-thread-1] INFO  server.RaftServerConfigKeys (ConfUtils.java:logGet(43)) - raft.server.log.statemachine.data.sync.timeout.retry = -1 (default)
2019-09-19 08:17:10,321 [pool-47-thread-1] INFO  server.RaftServerConfigKeys (ConfUtils.java:logGet(43)) - raft.server.log.statemachine.data.caching.enabled = true (custom)
2019-09-19 08:17:10,321 [pool-47-thread-1] INFO  segmented.SegmentedRaftLogWorker (SegmentedRaftLogWorker.java:lambda$new$0(132)) - 40142a40-e4e1-4467-a28a-765edac3228d@group-6F182730058A-SegmentedRaftLogWorker: flushIndex: setUnconditionally 0 -> -1
2019-09-19 08:17:10,321 [pool-47-thread-1] INFO  server.RaftServerConfigKeys (ConfUtils.java:logGet(43)) - raft.server.snapshot.auto.trigger.enabled = true (custom)
2019-09-19 08:17:10,322 [pool-47-thread-1] INFO  server.RaftServerConfigKeys (ConfUtils.java:logGet(43)) - raft.server.snapshot.auto.trigger.threshold = 10000 (custom)
2019-09-19 08:17:10,322 [pool-47-thread-1] INFO  server.RaftServerConfigKeys (ConfUtils.java:logGet(43)) - raft.server.snapshot.retention.num.files = 5 (custom)
2019-09-19 08:17:10,322 [pool-47-thread-1] INFO  server.RaftServerConfigKeys (ConfUtils.java:logGet(43)) - raft.server.retrycache.expirytime = 600000ms (custom)
2019-09-19 08:17:10,327 [pool-47-thread-1] INFO  impl.RaftServerImpl (RaftServerImpl.java:start(185)) - 40142a40-e4e1-4467-a28a-765edac3228d@group-6F182730058A: start as a follower, conf=-1: [40142a40-e4e1-4467-a28a-765edac3228d:192.168.36.85:35634], old=null
2019-09-19 08:17:10,327 [pool-47-thread-1] INFO  impl.RaftServerImpl (RaftServerImpl.java:setRole(174)) - 40142a40-e4e1-4467-a28a-765edac3228d@group-6F182730058A: changes role from      null to FOLLOWER at term 0 for startAsFollower
2019-09-19 08:17:10,328 [pool-47-thread-1] INFO  impl.RoleInfo (RoleInfo.java:updateAndGet(143)) - 40142a40-e4e1-4467-a28a-765edac3228d: start FollowerState
2019-09-19 08:17:10,328 [pool-47-thread-1] INFO  util.JmxRegister (JmxRegister.java:tryRegister(44)) - Successfully registered JMX Bean with object name Ratis:service=RaftServer,group=group-6F182730058A,id=40142a40-e4e1-4467-a28a-765edac3228d
2019-09-19 08:17:10,337 [RatisPipelineUtilsThread] INFO  pipeline.PipelineStateManager (PipelineStateManager.java:addPipeline(56)) - Created pipeline Pipeline[ Id: bd4fb6bf-0547-4c11-a2c6-6f182730058a, Nodes: 40142a40-e4e1-4467-a28a-765edac3228d{ip: 192.168.36.85, host: pr-hdds-2101-t8mbx-1252714220, networkLocation: /default-rack, certSerialId: null}, Type:RATIS, Factor:ONE, State:OPEN]
2019-09-19 08:17:10,353 [grpc-default-executor-2] INFO  client.GrpcClientProtocolClient (GrpcClientProtocolClient.java:onNext(264)) - client-D257786A1196->69d10f23-105a-4b02-8178-76d7d2177f75: receive RaftClientReply:client-D257786A1196->69d10f23-105a-4b02-8178-76d7d2177f75@group-AF8F8ED5E8F2, cid=9, FAILED org.apache.ratis.protocol.NotLeaderException: Server 69d10f23-105a-4b02-8178-76d7d2177f75@group-AF8F8ED5E8F2 is not the leader, logIndex=0, commits[69d10f23-105a-4b02-8178-76d7d2177f75:c-1]
2019-09-19 08:17:10,357 [grpc-default-executor-1] INFO  impl.RaftServerProxy (RaftServerProxy.java:addNew(89)) - caf3599a-667e-4da1-8514-028fb455c5d7: addNew group-8BAEEBA399AD:[caf3599a-667e-4da1-8514-028fb455c5d7:192.168.36.85:41655] returns group-8BAEEBA399AD:java.util.concurrent.CompletableFuture@322e0443[Not completed]
2019-09-19 08:17:10,360 [pool-37-thread-1] INFO  impl.RaftServerImpl (RaftServerImpl.java:<init>(95)) - caf3599a-667e-4da1-8514-028fb455c5d7: new RaftServerImpl for group-8BAEEBA399AD:[caf3599a-667e-4da1-8514-028fb455c5d7:192.168.36.85:41655] with ContainerStateMachine:uninitialized
2019-09-19 08:17:10,360 [pool-37-thread-1] INFO  server.RaftServerConfigKeys (ConfUtils.java:logGet(43)) - raft.server.rpc.timeout.min = 5s (custom)
2019-09-19 08:17:10,361 [pool-37-thread-1] INFO  server.RaftServerConfigKeys (ConfUtils.java:logGet(43)) - raft.server.rpc.timeout.max = 5200ms (custom)
2019-09-19 08:17:10,361 [pool-37-thread-1] INFO  server.RaftServerConfigKeys (ConfUtils.java:logGet(43)) - raft.server.rpcslowness.timeout = 1000s (custom)
2019-09-19 08:17:10,362 [pool-37-thread-1] INFO  server.RaftServerConfigKeys (ConfUtils.java:logGet(43)) - raft.server.sleep.deviation.threshold = 300 (default)
2019-09-19 08:17:10,364 [pool-37-thread-1] INFO  server.RaftServerConfigKeys (ConfUtils.java:logGet(43)) - raft.server.log.appender.install.snapshot.enabled = false (custom)
2019-09-19 08:17:10,365 [pool-37-thread-1] INFO  impl.RaftServerImpl (ServerState.java:<init>(103)) - caf3599a-667e-4da1-8514-028fb455c5d7@group-8BAEEBA399AD: ConfigurationManager, init=-1: [caf3599a-667e-4da1-8514-028fb455c5d7:192.168.36.85:41655], old=null, confs=<EMPTY_MAP>
2019-09-19 08:17:10,367 [pool-37-thread-1] INFO  server.RaftServerConfigKeys (ConfUtils.java:logGet(43)) - raft.server.storage.dir = [/workdir/hadoop-ozone/integration-test/target/test-dir/MiniOzoneClusterImpl-8fb0b404-6679-45f6-9240-c8337d413b55/datanode-1/data/ratis] (custom)
2019-09-19 08:17:10,369 [pool-37-thread-1] INFO  storage.RaftStorageDirectory (RaftStorageDirectory.java:analyzeStorage(246)) - The storage directory /workdir/hadoop-ozone/integration-test/target/test-dir/MiniOzoneClusterImpl-8fb0b404-6679-45f6-9240-c8337d413b55/datanode-1/data/ratis/779282f3-c7b6-4d6b-9b88-8baeeba399ad does not exist. Creating ...
2019-09-19 08:17:10,382 [pool-37-thread-1] INFO  storage.RaftStorageDirectory (RaftStorageDirectory.java:tryLock(328)) - Lock on /workdir/hadoop-ozone/integration-test/target/test-dir/MiniOzoneClusterImpl-8fb0b404-6679-45f6-9240-c8337d413b55/datanode-1/data/ratis/779282f3-c7b6-4d6b-9b88-8baeeba399ad/in_use.lock acquired by nodename 11560@pr-hdds-2101-t8mbx-1252714220
2019-09-19 08:17:10,395 [pool-37-thread-1] INFO  storage.RaftStorage (RaftStorage.java:format(72)) - Storage directory /workdir/hadoop-ozone/integration-test/target/test-dir/MiniOzoneClusterImpl-8fb0b404-6679-45f6-9240-c8337d413b55/datanode-1/data/ratis/779282f3-c7b6-4d6b-9b88-8baeeba399ad has been successfully formatted.
2019-09-19 08:17:10,396 [pool-37-thread-1] INFO  ratis.ContainerStateMachine (ContainerStateMachine.java:loadSnapshot(230)) - group-8BAEEBA399AD: The snapshot info is null. Setting the last applied indexto:(t:0, i:~)
2019-09-19 08:17:10,396 [pool-37-thread-1] INFO  server.RaftServerConfigKeys (ConfUtils.java:logGet(43)) - raft.server.notification.no-leader.timeout = 1000s (custom)
2019-09-19 08:17:10,396 [pool-37-thread-1] INFO  server.RaftServerConfigKeys (ConfUtils.java:logGet(43)) - raft.server.log.use.memory = false (default)
2019-09-19 08:17:10,396 [pool-37-thread-1] INFO  server.RaftServerConfigKeys (ConfUtils.java:logGet(43)) - raft.server.log.purge.gap = 1000000 (custom)
2019-09-19 08:17:10,396 [pool-37-thread-1] INFO  server.RaftServerConfigKeys (ConfUtils.java:logGet(43)) - raft.server.log.appender.buffer.byte-limit = 33554432 (custom)
2019-09-19 08:17:10,397 [pool-37-thread-1] INFO  server.RaftServerConfigKeys (ConfUtils.java:logGet(43)) - raft.server.log.segment.size.max = 1048576 (custom)
2019-09-19 08:17:10,397 [pool-37-thread-1] INFO  server.RaftServerConfigKeys (ConfUtils.java:logGet(43)) - raft.server.log.segment.cache.num.max = 2 (custom)
2019-09-19 08:17:10,397 [pool-37-thread-1] INFO  segmented.SegmentedRaftLogWorker (SegmentedRaftLogWorker.java:<init>(172)) - new caf3599a-667e-4da1-8514-028fb455c5d7@group-8BAEEBA399AD-SegmentedRaftLogWorker for RaftStorage:Storage Directory /workdir/hadoop-ozone/integration-test/target/test-dir/MiniOzoneClusterImpl-8fb0b404-6679-45f6-9240-c8337d413b55/datanode-1/data/ratis/779282f3-c7b6-4d6b-9b88-8baeeba399ad
2019-09-19 08:17:10,397 [pool-37-thread-1] INFO  server.RaftServerConfigKeys (ConfUtils.java:logGet(43)) - raft.server.log.queue.byte-limit = 2147483647 (custom)
2019-09-19 08:17:10,398 [pool-37-thread-1] INFO  server.RaftServerConfigKeys (ConfUtils.java:logGet(43)) - raft.server.log.queue.element-limit = 1024 (custom)
2019-09-19 08:17:10,398 [pool-37-thread-1] INFO  server.RaftServerConfigKeys (ConfUtils.java:logGet(43)) - raft.server.log.segment.size.max = 1048576 (custom)
2019-09-19 08:17:10,398 [pool-37-thread-1] INFO  server.RaftServerConfigKeys (ConfUtils.java:logGet(43)) - raft.server.log.preallocated.size = 16384 (custom)
2019-09-19 08:17:10,398 [pool-37-thread-1] INFO  server.RaftServerConfigKeys (ConfUtils.java:logGet(43)) - raft.server.log.write.buffer.size = 33554432 (custom)
2019-09-19 08:17:10,398 [pool-37-thread-1] INFO  server.RaftServerConfigKeys (ConfUtils.java:logGet(43)) - raft.server.log.force.sync.num = 128 (default)
2019-09-19 08:17:10,399 [pool-37-thread-1] INFO  server.RaftServerConfigKeys (ConfUtils.java:logGet(43)) - raft.server.log.statemachine.data.sync = true (default)
2019-09-19 08:17:10,399 [pool-37-thread-1] INFO  server.RaftServerConfigKeys (ConfUtils.java:logGet(43)) - raft.server.log.statemachine.data.sync.timeout = 10s (default)
2019-09-19 08:17:10,399 [pool-37-thread-1] INFO  server.RaftServerConfigKeys (ConfUtils.java:logGet(43)) - raft.server.log.statemachine.data.sync.timeout.retry = -1 (default)
2019-09-19 08:17:10,399 [pool-37-thread-1] INFO  server.RaftServerConfigKeys (ConfUtils.java:logGet(43)) - raft.server.log.statemachine.data.caching.enabled = true (custom)
2019-09-19 08:17:10,400 [pool-37-thread-1] INFO  segmented.SegmentedRaftLogWorker (SegmentedRaftLogWorker.java:lambda$new$0(132)) - caf3599a-667e-4da1-8514-028fb455c5d7@group-8BAEEBA399AD-SegmentedRaftLogWorker: flushIndex: setUnconditionally 0 -> -1
2019-09-19 08:17:10,400 [pool-37-thread-1] INFO  server.RaftServerConfigKeys (ConfUtils.java:logGet(43)) - raft.server.snapshot.auto.trigger.enabled = true (custom)
2019-09-19 08:17:10,400 [pool-37-thread-1] INFO  server.RaftServerConfigKeys (ConfUtils.java:logGet(43)) - raft.server.snapshot.auto.trigger.threshold = 10000 (custom)
2019-09-19 08:17:10,400 [pool-37-thread-1] INFO  server.RaftServerConfigKeys (ConfUtils.java:logGet(43)) - raft.server.snapshot.retention.num.files = 5 (custom)
2019-09-19 08:17:10,401 [pool-37-thread-1] INFO  server.RaftServerConfigKeys (ConfUtils.java:logGet(43)) - raft.server.retrycache.expirytime = 600000ms (custom)
2019-09-19 08:17:10,404 [pool-37-thread-1] INFO  impl.RaftServerImpl (RaftServerImpl.java:start(185)) - caf3599a-667e-4da1-8514-028fb455c5d7@group-8BAEEBA399AD: start as a follower, conf=-1: [caf3599a-667e-4da1-8514-028fb455c5d7:192.168.36.85:41655], old=null
2019-09-19 08:17:10,405 [pool-37-thread-1] INFO  impl.RaftServerImpl (RaftServerImpl.java:setRole(174)) - caf3599a-667e-4da1-8514-028fb455c5d7@group-8BAEEBA399AD: changes role from      null to FOLLOWER at term 0 for startAsFollower
2019-09-19 08:17:10,405 [pool-37-thread-1] INFO  impl.RoleInfo (RoleInfo.java:updateAndGet(143)) - caf3599a-667e-4da1-8514-028fb455c5d7: start FollowerState
2019-09-19 08:17:10,405 [pool-37-thread-1] INFO  util.JmxRegister (JmxRegister.java:tryRegister(44)) - Successfully registered JMX Bean with object name Ratis:service=RaftServer,group=group-8BAEEBA399AD,id=caf3599a-667e-4da1-8514-028fb455c5d7
2019-09-19 08:17:10,415 [RatisPipelineUtilsThread] INFO  pipeline.PipelineStateManager (PipelineStateManager.java:addPipeline(56)) - Created pipeline Pipeline[ Id: 779282f3-c7b6-4d6b-9b88-8baeeba399ad, Nodes: caf3599a-667e-4da1-8514-028fb455c5d7{ip: 192.168.36.85, host: pr-hdds-2101-t8mbx-1252714220, networkLocation: /default-rack, certSerialId: null}, Type:RATIS, Factor:ONE, State:OPEN]
2019-09-19 08:17:10,444 [grpc-default-executor-2] INFO  impl.RaftServerProxy (RaftServerProxy.java:addNew(89)) - 69d10f23-105a-4b02-8178-76d7d2177f75: addNew group-0FE541CAC10E:[69d10f23-105a-4b02-8178-76d7d2177f75:192.168.36.85:45524, 40142a40-e4e1-4467-a28a-765edac3228d:192.168.36.85:35634, c4c920b5-2080-4c17-8bd2-a07878bbfa61:192.168.36.85:40621] returns group-0FE541CAC10E:java.util.concurrent.CompletableFuture@24e2c31c[Not completed]
2019-09-19 08:17:10,444 [grpc-default-executor-0] INFO  impl.RaftServerProxy (RaftServerProxy.java:addNew(89)) - c4c920b5-2080-4c17-8bd2-a07878bbfa61: addNew group-0FE541CAC10E:[69d10f23-105a-4b02-8178-76d7d2177f75:192.168.36.85:45524, 40142a40-e4e1-4467-a28a-765edac3228d:192.168.36.85:35634, c4c920b5-2080-4c17-8bd2-a07878bbfa61:192.168.36.85:40621] returns group-0FE541CAC10E:java.util.concurrent.CompletableFuture@31941c36[Not completed]
2019-09-19 08:17:10,445 [grpc-default-executor-1] INFO  impl.RaftServerProxy (RaftServerProxy.java:addNew(89)) - 40142a40-e4e1-4467-a28a-765edac3228d: addNew group-0FE541CAC10E:[69d10f23-105a-4b02-8178-76d7d2177f75:192.168.36.85:45524, 40142a40-e4e1-4467-a28a-765edac3228d:192.168.36.85:35634, c4c920b5-2080-4c17-8bd2-a07878bbfa61:192.168.36.85:40621] returns group-0FE541CAC10E:java.util.concurrent.CompletableFuture@64213635[Not completed]
2019-09-19 08:17:10,446 [pool-57-thread-1] INFO  impl.RaftServerImpl (RaftServerImpl.java:<init>(95)) - 69d10f23-105a-4b02-8178-76d7d2177f75: new RaftServerImpl for group-0FE541CAC10E:[69d10f23-105a-4b02-8178-76d7d2177f75:192.168.36.85:45524, 40142a40-e4e1-4467-a28a-765edac3228d:192.168.36.85:35634, c4c920b5-2080-4c17-8bd2-a07878bbfa61:192.168.36.85:40621] with ContainerStateMachine:uninitialized
2019-09-19 08:17:10,446 [pool-57-thread-1] INFO  server.RaftServerConfigKeys (ConfUtils.java:logGet(43)) - raft.server.rpc.timeout.min = 5s (custom)
2019-09-19 08:17:10,446 [pool-57-thread-1] INFO  server.RaftServerConfigKeys (ConfUtils.java:logGet(43)) - raft.server.rpc.timeout.max = 5200ms (custom)
2019-09-19 08:17:10,447 [pool-57-thread-1] INFO  server.RaftServerConfigKeys (ConfUtils.java:logGet(43)) - raft.server.rpcslowness.timeout = 1000s (custom)
2019-09-19 08:17:10,447 [pool-57-thread-1] INFO  server.RaftServerConfigKeys (ConfUtils.java:logGet(43)) - raft.server.sleep.deviation.threshold = 300 (default)
2019-09-19 08:17:10,447 [pool-57-thread-1] INFO  server.RaftServerConfigKeys (ConfUtils.java:logGet(43)) - raft.server.log.appender.install.snapshot.enabled = false (custom)
2019-09-19 08:17:10,447 [pool-57-thread-1] INFO  impl.RaftServerImpl (ServerState.java:<init>(103)) - 69d10f23-105a-4b02-8178-76d7d2177f75@group-0FE541CAC10E: ConfigurationManager, init=-1: [69d10f23-105a-4b02-8178-76d7d2177f75:192.168.36.85:45524, 40142a40-e4e1-4467-a28a-765edac3228d:192.168.36.85:35634, c4c920b5-2080-4c17-8bd2-a07878bbfa61:192.168.36.85:40621], old=null, confs=<EMPTY_MAP>
2019-09-19 08:17:10,447 [pool-47-thread-1] INFO  impl.RaftServerImpl (RaftServerImpl.java:<init>(95)) - 40142a40-e4e1-4467-a28a-765edac3228d: new RaftServerImpl for group-0FE541CAC10E:[69d10f23-105a-4b02-8178-76d7d2177f75:192.168.36.85:45524, 40142a40-e4e1-4467-a28a-765edac3228d:192.168.36.85:35634, c4c920b5-2080-4c17-8bd2-a07878bbfa61:192.168.36.85:40621] with ContainerStateMachine:uninitialized
2019-09-19 08:17:10,447 [pool-57-thread-1] INFO  server.RaftServerConfigKeys (ConfUtils.java:logGet(43)) - raft.server.storage.dir = [/workdir/hadoop-ozone/integration-test/target/test-dir/MiniOzoneClusterImpl-8fb0b404-6679-45f6-9240-c8337d413b55/datanode-3/data/ratis] (custom)
2019-09-19 08:17:10,448 [pool-47-thread-1] INFO  server.RaftServerConfigKeys (ConfUtils.java:logGet(43)) - raft.server.rpc.timeout.min = 5s (custom)
2019-09-19 08:17:10,448 [pool-47-thread-1] INFO  server.RaftServerConfigKeys (ConfUtils.java:logGet(43)) - raft.server.rpc.timeout.max = 5200ms (custom)
2019-09-19 08:17:10,448 [pool-57-thread-1] INFO  storage.RaftStorageDirectory (RaftStorageDirectory.java:analyzeStorage(246)) - The storage directory /workdir/hadoop-ozone/integration-test/target/test-dir/MiniOzoneClusterImpl-8fb0b404-6679-45f6-9240-c8337d413b55/datanode-3/data/ratis/6db91d1c-9404-44b1-afb0-0fe541cac10e does not exist. Creating ...
2019-09-19 08:17:10,448 [pool-47-thread-1] INFO  server.RaftServerConfigKeys (ConfUtils.java:logGet(43)) - raft.server.rpcslowness.timeout = 1000s (custom)
2019-09-19 08:17:10,448 [pool-27-thread-1] INFO  impl.RaftServerImpl (RaftServerImpl.java:<init>(95)) - c4c920b5-2080-4c17-8bd2-a07878bbfa61: new RaftServerImpl for group-0FE541CAC10E:[69d10f23-105a-4b02-8178-76d7d2177f75:192.168.36.85:45524, 40142a40-e4e1-4467-a28a-765edac3228d:192.168.36.85:35634, c4c920b5-2080-4c17-8bd2-a07878bbfa61:192.168.36.85:40621] with ContainerStateMachine:uninitialized
2019-09-19 08:17:10,448 [pool-47-thread-1] INFO  server.RaftServerConfigKeys (ConfUtils.java:logGet(43)) - raft.server.sleep.deviation.threshold = 300 (default)
2019-09-19 08:17:10,449 [pool-27-thread-1] INFO  server.RaftServerConfigKeys (ConfUtils.java:logGet(43)) - raft.server.rpc.timeout.min = 5s (custom)
2019-09-19 08:17:10,449 [pool-47-thread-1] INFO  server.RaftServerConfigKeys (ConfUtils.java:logGet(43)) - raft.server.log.appender.install.snapshot.enabled = false (custom)
2019-09-19 08:17:10,449 [pool-27-thread-1] INFO  server.RaftServerConfigKeys (ConfUtils.java:logGet(43)) - raft.server.rpc.timeout.max = 5200ms (custom)
2019-09-19 08:17:10,449 [pool-47-thread-1] INFO  impl.RaftServerImpl (ServerState.java:<init>(103)) - 40142a40-e4e1-4467-a28a-765edac3228d@group-0FE541CAC10E: ConfigurationManager, init=-1: [69d10f23-105a-4b02-8178-76d7d2177f75:192.168.36.85:45524, 40142a40-e4e1-4467-a28a-765edac3228d:192.168.36.85:35634, c4c920b5-2080-4c17-8bd2-a07878bbfa61:192.168.36.85:40621], old=null, confs=<EMPTY_MAP>
2019-09-19 08:17:10,449 [pool-27-thread-1] INFO  server.RaftServerConfigKeys (ConfUtils.java:logGet(43)) - raft.server.rpcslowness.timeout = 1000s (custom)
2019-09-19 08:17:10,450 [pool-47-thread-1] INFO  server.RaftServerConfigKeys (ConfUtils.java:logGet(43)) - raft.server.storage.dir = [/workdir/hadoop-ozone/integration-test/target/test-dir/MiniOzoneClusterImpl-8fb0b404-6679-45f6-9240-c8337d413b55/datanode-2/data/ratis] (custom)
2019-09-19 08:17:10,450 [pool-27-thread-1] INFO  server.RaftServerConfigKeys (ConfUtils.java:logGet(43)) - raft.server.sleep.deviation.threshold = 300 (default)
2019-09-19 08:17:10,450 [pool-27-thread-1] INFO  server.RaftServerConfigKeys (ConfUtils.java:logGet(43)) - raft.server.log.appender.install.snapshot.enabled = false (custom)
2019-09-19 08:17:10,450 [pool-47-thread-1] INFO  storage.RaftStorageDirectory (RaftStorageDirectory.java:analyzeStorage(246)) - The storage directory /workdir/hadoop-ozone/integration-test/target/test-dir/MiniOzoneClusterImpl-8fb0b404-6679-45f6-9240-c8337d413b55/datanode-2/data/ratis/6db91d1c-9404-44b1-afb0-0fe541cac10e does not exist. Creating ...
2019-09-19 08:17:10,450 [pool-27-thread-1] INFO  impl.RaftServerImpl (ServerState.java:<init>(103)) - c4c920b5-2080-4c17-8bd2-a07878bbfa61@group-0FE541CAC10E: ConfigurationManager, init=-1: [69d10f23-105a-4b02-8178-76d7d2177f75:192.168.36.85:45524, 40142a40-e4e1-4467-a28a-765edac3228d:192.168.36.85:35634, c4c920b5-2080-4c17-8bd2-a07878bbfa61:192.168.36.85:40621], old=null, confs=<EMPTY_MAP>
2019-09-19 08:17:10,450 [pool-27-thread-1] INFO  server.RaftServerConfigKeys (ConfUtils.java:logGet(43)) - raft.server.storage.dir = [/workdir/hadoop-ozone/integration-test/target/test-dir/MiniOzoneClusterImpl-8fb0b404-6679-45f6-9240-c8337d413b55/datanode-0/data/ratis] (custom)
2019-09-19 08:17:10,451 [pool-27-thread-1] INFO  storage.RaftStorageDirectory (RaftStorageDirectory.java:analyzeStorage(246)) - The storage directory /workdir/hadoop-ozone/integration-test/target/test-dir/MiniOzoneClusterImpl-8fb0b404-6679-45f6-9240-c8337d413b55/datanode-0/data/ratis/6db91d1c-9404-44b1-afb0-0fe541cac10e does not exist. Creating ...
2019-09-19 08:17:10,462 [pool-47-thread-1] INFO  storage.RaftStorageDirectory (RaftStorageDirectory.java:tryLock(328)) - Lock on /workdir/hadoop-ozone/integration-test/target/test-dir/MiniOzoneClusterImpl-8fb0b404-6679-45f6-9240-c8337d413b55/datanode-2/data/ratis/6db91d1c-9404-44b1-afb0-0fe541cac10e/in_use.lock acquired by nodename 11560@pr-hdds-2101-t8mbx-1252714220
2019-09-19 08:17:10,462 [pool-27-thread-1] INFO  storage.RaftStorageDirectory (RaftStorageDirectory.java:tryLock(328)) - Lock on /workdir/hadoop-ozone/integration-test/target/test-dir/MiniOzoneClusterImpl-8fb0b404-6679-45f6-9240-c8337d413b55/datanode-0/data/ratis/6db91d1c-9404-44b1-afb0-0fe541cac10e/in_use.lock acquired by nodename 11560@pr-hdds-2101-t8mbx-1252714220
2019-09-19 08:17:10,462 [pool-57-thread-1] INFO  storage.RaftStorageDirectory (RaftStorageDirectory.java:tryLock(328)) - Lock on /workdir/hadoop-ozone/integration-test/target/test-dir/MiniOzoneClusterImpl-8fb0b404-6679-45f6-9240-c8337d413b55/datanode-3/data/ratis/6db91d1c-9404-44b1-afb0-0fe541cac10e/in_use.lock acquired by nodename 11560@pr-hdds-2101-t8mbx-1252714220
2019-09-19 08:17:10,487 [pool-57-thread-1] INFO  storage.RaftStorage (RaftStorage.java:format(72)) - Storage directory /workdir/hadoop-ozone/integration-test/target/test-dir/MiniOzoneClusterImpl-8fb0b404-6679-45f6-9240-c8337d413b55/datanode-3/data/ratis/6db91d1c-9404-44b1-afb0-0fe541cac10e has been successfully formatted.
2019-09-19 08:17:10,487 [pool-47-thread-1] INFO  storage.RaftStorage (RaftStorage.java:format(72)) - Storage directory /workdir/hadoop-ozone/integration-test/target/test-dir/MiniOzoneClusterImpl-8fb0b404-6679-45f6-9240-c8337d413b55/datanode-2/data/ratis/6db91d1c-9404-44b1-afb0-0fe541cac10e has been successfully formatted.
2019-09-19 08:17:10,487 [pool-27-thread-1] INFO  storage.RaftStorage (RaftStorage.java:format(72)) - Storage directory /workdir/hadoop-ozone/integration-test/target/test-dir/MiniOzoneClusterImpl-8fb0b404-6679-45f6-9240-c8337d413b55/datanode-0/data/ratis/6db91d1c-9404-44b1-afb0-0fe541cac10e has been successfully formatted.
2019-09-19 08:17:10,487 [pool-57-thread-1] INFO  ratis.ContainerStateMachine (ContainerStateMachine.java:loadSnapshot(230)) - group-0FE541CAC10E: The snapshot info is null. Setting the last applied indexto:(t:0, i:~)
2019-09-19 08:17:10,487 [pool-47-thread-1] INFO  ratis.ContainerStateMachine (ContainerStateMachine.java:loadSnapshot(230)) - group-0FE541CAC10E: The snapshot info is null. Setting the last applied indexto:(t:0, i:~)
2019-09-19 08:17:10,487 [pool-27-thread-1] INFO  ratis.ContainerStateMachine (ContainerStateMachine.java:loadSnapshot(230)) - group-0FE541CAC10E: The snapshot info is null. Setting the last applied indexto:(t:0, i:~)
2019-09-19 08:17:10,487 [pool-57-thread-1] INFO  server.RaftServerConfigKeys (ConfUtils.java:logGet(43)) - raft.server.notification.no-leader.timeout = 1000s (custom)
2019-09-19 08:17:10,488 [pool-27-thread-1] INFO  server.RaftServerConfigKeys (ConfUtils.java:logGet(43)) - raft.server.notification.no-leader.timeout = 1000s (custom)
2019-09-19 08:17:10,488 [pool-47-thread-1] INFO  server.RaftServerConfigKeys (ConfUtils.java:logGet(43)) - raft.server.notification.no-leader.timeout = 1000s (custom)
2019-09-19 08:17:10,488 [pool-27-thread-1] INFO  server.RaftServerConfigKeys (ConfUtils.java:logGet(43)) - raft.server.log.use.memory = false (default)
2019-09-19 08:17:10,488 [pool-57-thread-1] INFO  server.RaftServerConfigKeys (ConfUtils.java:logGet(43)) - raft.server.log.use.memory = false (default)
2019-09-19 08:17:10,488 [pool-27-thread-1] INFO  server.RaftServerConfigKeys (ConfUtils.java:logGet(43)) - raft.server.log.purge.gap = 1000000 (custom)
2019-09-19 08:17:10,488 [pool-47-thread-1] INFO  server.RaftServerConfigKeys (ConfUtils.java:logGet(43)) - raft.server.log.use.memory = false (default)
2019-09-19 08:17:10,489 [pool-27-thread-1] INFO  server.RaftServerConfigKeys (ConfUtils.java:logGet(43)) - raft.server.log.appender.buffer.byte-limit = 33554432 (custom)
2019-09-19 08:17:10,488 [pool-57-thread-1] INFO  server.RaftServerConfigKeys (ConfUtils.java:logGet(43)) - raft.server.log.purge.gap = 1000000 (custom)
2019-09-19 08:17:10,489 [pool-27-thread-1] INFO  server.RaftServerConfigKeys (ConfUtils.java:logGet(43)) - raft.server.log.segment.size.max = 1048576 (custom)
2019-09-19 08:17:10,489 [pool-47-thread-1] INFO  server.RaftServerConfigKeys (ConfUtils.java:logGet(43)) - raft.server.log.purge.gap = 1000000 (custom)
2019-09-19 08:17:10,491 [pool-27-thread-1] INFO  server.RaftServerConfigKeys (ConfUtils.java:logGet(43)) - raft.server.log.segment.cache.num.max = 2 (custom)
2019-09-19 08:17:10,489 [pool-57-thread-1] INFO  server.RaftServerConfigKeys (ConfUtils.java:logGet(43)) - raft.server.log.appender.buffer.byte-limit = 33554432 (custom)
2019-09-19 08:17:10,491 [pool-27-thread-1] INFO  segmented.SegmentedRaftLogWorker (SegmentedRaftLogWorker.java:<init>(172)) - new c4c920b5-2080-4c17-8bd2-a07878bbfa61@group-0FE541CAC10E-SegmentedRaftLogWorker for RaftStorage:Storage Directory /workdir/hadoop-ozone/integration-test/target/test-dir/MiniOzoneClusterImpl-8fb0b404-6679-45f6-9240-c8337d413b55/datanode-0/data/ratis/6db91d1c-9404-44b1-afb0-0fe541cac10e
2019-09-19 08:17:10,491 [pool-47-thread-1] INFO  server.RaftServerConfigKeys (ConfUtils.java:logGet(43)) - raft.server.log.appender.buffer.byte-limit = 33554432 (custom)
2019-09-19 08:17:10,493 [pool-27-thread-1] INFO  server.RaftServerConfigKeys (ConfUtils.java:logGet(43)) - raft.server.log.queue.byte-limit = 2147483647 (custom)
2019-09-19 08:17:10,492 [pool-57-thread-1] INFO  server.RaftServerConfigKeys (ConfUtils.java:logGet(43)) - raft.server.log.segment.size.max = 1048576 (custom)
2019-09-19 08:17:10,493 [pool-27-thread-1] INFO  server.RaftServerConfigKeys (ConfUtils.java:logGet(43)) - raft.server.log.queue.element-limit = 1024 (custom)
2019-09-19 08:17:10,493 [pool-47-thread-1] INFO  server.RaftServerConfigKeys (ConfUtils.java:logGet(43)) - raft.server.log.segment.size.max = 1048576 (custom)
2019-09-19 08:17:10,493 [pool-27-thread-1] INFO  server.RaftServerConfigKeys (ConfUtils.java:logGet(43)) - raft.server.log.segment.size.max = 1048576 (custom)
2019-09-19 08:17:10,493 [pool-57-thread-1] INFO  server.RaftServerConfigKeys (ConfUtils.java:logGet(43)) - raft.server.log.segment.cache.num.max = 2 (custom)
2019-09-19 08:17:10,494 [pool-27-thread-1] INFO  server.RaftServerConfigKeys (ConfUtils.java:logGet(43)) - raft.server.log.preallocated.size = 16384 (custom)
2019-09-19 08:17:10,494 [pool-47-thread-1] INFO  server.RaftServerConfigKeys (ConfUtils.java:logGet(43)) - raft.server.log.segment.cache.num.max = 2 (custom)
2019-09-19 08:17:10,494 [pool-27-thread-1] INFO  server.RaftServerConfigKeys (ConfUtils.java:logGet(43)) - raft.server.log.write.buffer.size = 33554432 (custom)
2019-09-19 08:17:10,494 [pool-57-thread-1] INFO  segmented.SegmentedRaftLogWorker (SegmentedRaftLogWorker.java:<init>(172)) - new 69d10f23-105a-4b02-8178-76d7d2177f75@group-0FE541CAC10E-SegmentedRaftLogWorker for RaftStorage:Storage Directory /workdir/hadoop-ozone/integration-test/target/test-dir/MiniOzoneClusterImpl-8fb0b404-6679-45f6-9240-c8337d413b55/datanode-3/data/ratis/6db91d1c-9404-44b1-afb0-0fe541cac10e
2019-09-19 08:17:10,494 [pool-27-thread-1] INFO  server.RaftServerConfigKeys (ConfUtils.java:logGet(43)) - raft.server.log.force.sync.num = 128 (default)
2019-09-19 08:17:10,494 [pool-47-thread-1] INFO  segmented.SegmentedRaftLogWorker (SegmentedRaftLogWorker.java:<init>(172)) - new 40142a40-e4e1-4467-a28a-765edac3228d@group-0FE541CAC10E-SegmentedRaftLogWorker for RaftStorage:Storage Directory /workdir/hadoop-ozone/integration-test/target/test-dir/MiniOzoneClusterImpl-8fb0b404-6679-45f6-9240-c8337d413b55/datanode-2/data/ratis/6db91d1c-9404-44b1-afb0-0fe541cac10e
2019-09-19 08:17:10,495 [pool-27-thread-1] INFO  server.RaftServerConfigKeys (ConfUtils.java:logGet(43)) - raft.server.log.statemachine.data.sync = true (default)
2019-09-19 08:17:10,494 [pool-57-thread-1] INFO  server.RaftServerConfigKeys (ConfUtils.java:logGet(43)) - raft.server.log.queue.byte-limit = 2147483647 (custom)
2019-09-19 08:17:10,496 [pool-27-thread-1] INFO  server.RaftServerConfigKeys (ConfUtils.java:logGet(43)) - raft.server.log.statemachine.data.sync.timeout = 10s (default)
2019-09-19 08:17:10,495 [pool-47-thread-1] INFO  server.RaftServerConfigKeys (ConfUtils.java:logGet(43)) - raft.server.log.queue.byte-limit = 2147483647 (custom)
2019-09-19 08:17:10,497 [pool-27-thread-1] INFO  server.RaftServerConfigKeys (ConfUtils.java:logGet(43)) - raft.server.log.statemachine.data.sync.timeout.retry = -1 (default)
2019-09-19 08:17:10,496 [pool-57-thread-1] INFO  server.RaftServerConfigKeys (ConfUtils.java:logGet(43)) - raft.server.log.queue.element-limit = 1024 (custom)
2019-09-19 08:17:10,497 [pool-27-thread-1] INFO  server.RaftServerConfigKeys (ConfUtils.java:logGet(43)) - raft.server.log.statemachine.data.caching.enabled = true (custom)
2019-09-19 08:17:10,497 [pool-47-thread-1] INFO  server.RaftServerConfigKeys (ConfUtils.java:logGet(43)) - raft.server.log.queue.element-limit = 1024 (custom)
2019-09-19 08:17:10,497 [pool-57-thread-1] INFO  server.RaftServerConfigKeys (ConfUtils.java:logGet(43)) - raft.server.log.segment.size.max = 1048576 (custom)
2019-09-19 08:17:10,498 [pool-47-thread-1] INFO  server.RaftServerConfigKeys (ConfUtils.java:logGet(43)) - raft.server.log.segment.size.max = 1048576 (custom)
2019-09-19 08:17:10,498 [pool-27-thread-1] INFO  segmented.SegmentedRaftLogWorker (SegmentedRaftLogWorker.java:lambda$new$0(132)) - c4c920b5-2080-4c17-8bd2-a07878bbfa61@group-0FE541CAC10E-SegmentedRaftLogWorker: flushIndex: setUnconditionally 0 -> -1
2019-09-19 08:17:10,498 [pool-47-thread-1] INFO  server.RaftServerConfigKeys (ConfUtils.java:logGet(43)) - raft.server.log.preallocated.size = 16384 (custom)
2019-09-19 08:17:10,498 [pool-57-thread-1] INFO  server.RaftServerConfigKeys (ConfUtils.java:logGet(43)) - raft.server.log.preallocated.size = 16384 (custom)
2019-09-19 08:17:10,498 [pool-27-thread-1] INFO  server.RaftServerConfigKeys (ConfUtils.java:logGet(43)) - raft.server.snapshot.auto.trigger.enabled = true (custom)
2019-09-19 08:17:10,498 [pool-47-thread-1] INFO  server.RaftServerConfigKeys (ConfUtils.java:logGet(43)) - raft.server.log.write.buffer.size = 33554432 (custom)
2019-09-19 08:17:10,498 [pool-27-thread-1] INFO  server.RaftServerConfigKeys (ConfUtils.java:logGet(43)) - raft.server.snapshot.auto.trigger.threshold = 10000 (custom)
2019-09-19 08:17:10,498 [pool-57-thread-1] INFO  server.RaftServerConfigKeys (ConfUtils.java:logGet(43)) - raft.server.log.write.buffer.size = 33554432 (custom)
2019-09-19 08:17:10,501 [pool-27-thread-1] INFO  server.RaftServerConfigKeys (ConfUtils.java:logGet(43)) - raft.server.snapshot.retention.num.files = 5 (custom)
2019-09-19 08:17:10,499 [pool-47-thread-1] INFO  server.RaftServerConfigKeys (ConfUtils.java:logGet(43)) - raft.server.log.force.sync.num = 128 (default)
2019-09-19 08:17:10,502 [pool-27-thread-1] INFO  server.RaftServerConfigKeys (ConfUtils.java:logGet(43)) - raft.server.retrycache.expirytime = 600000ms (custom)
2019-09-19 08:17:10,501 [pool-57-thread-1] INFO  server.RaftServerConfigKeys (ConfUtils.java:logGet(43)) - raft.server.log.force.sync.num = 128 (default)
2019-09-19 08:17:10,502 [pool-47-thread-1] INFO  server.RaftServerConfigKeys (ConfUtils.java:logGet(43)) - raft.server.log.statemachine.data.sync = true (default)
2019-09-19 08:17:10,503 [pool-57-thread-1] INFO  server.RaftServerConfigKeys (ConfUtils.java:logGet(43)) - raft.server.log.statemachine.data.sync = true (default)
2019-09-19 08:17:10,503 [pool-47-thread-1] INFO  server.RaftServerConfigKeys (ConfUtils.java:logGet(43)) - raft.server.log.statemachine.data.sync.timeout = 10s (default)
2019-09-19 08:17:10,503 [pool-57-thread-1] INFO  server.RaftServerConfigKeys (ConfUtils.java:logGet(43)) - raft.server.log.statemachine.data.sync.timeout = 10s (default)
2019-09-19 08:17:10,503 [pool-47-thread-1] INFO  server.RaftServerConfigKeys (ConfUtils.java:logGet(43)) - raft.server.log.statemachine.data.sync.timeout.retry = -1 (default)
2019-09-19 08:17:10,503 [pool-57-thread-1] INFO  server.RaftServerConfigKeys (ConfUtils.java:logGet(43)) - raft.server.log.statemachine.data.sync.timeout.retry = -1 (default)
2019-09-19 08:17:10,503 [pool-57-thread-1] INFO  server.RaftServerConfigKeys (ConfUtils.java:logGet(43)) - raft.server.log.statemachine.data.caching.enabled = true (custom)
2019-09-19 08:17:10,503 [pool-47-thread-1] INFO  server.RaftServerConfigKeys (ConfUtils.java:logGet(43)) - raft.server.log.statemachine.data.caching.enabled = true (custom)
2019-09-19 08:17:10,504 [pool-57-thread-1] INFO  segmented.SegmentedRaftLogWorker (SegmentedRaftLogWorker.java:lambda$new$0(132)) - 69d10f23-105a-4b02-8178-76d7d2177f75@group-0FE541CAC10E-SegmentedRaftLogWorker: flushIndex: setUnconditionally 0 -> -1
2019-09-19 08:17:10,504 [pool-47-thread-1] INFO  segmented.SegmentedRaftLogWorker (SegmentedRaftLogWorker.java:lambda$new$0(132)) - 40142a40-e4e1-4467-a28a-765edac3228d@group-0FE541CAC10E-SegmentedRaftLogWorker: flushIndex: setUnconditionally 0 -> -1
2019-09-19 08:17:10,504 [pool-57-thread-1] INFO  server.RaftServerConfigKeys (ConfUtils.java:logGet(43)) - raft.server.snapshot.auto.trigger.enabled = true (custom)
2019-09-19 08:17:10,504 [pool-57-thread-1] INFO  server.RaftServerConfigKeys (ConfUtils.java:logGet(43)) - raft.server.snapshot.auto.trigger.threshold = 10000 (custom)
2019-09-19 08:17:10,504 [pool-47-thread-1] INFO  server.RaftServerConfigKeys (ConfUtils.java:logGet(43)) - raft.server.snapshot.auto.trigger.enabled = true (custom)
2019-09-19 08:17:10,504 [pool-57-thread-1] INFO  server.RaftServerConfigKeys (ConfUtils.java:logGet(43)) - raft.server.snapshot.retention.num.files = 5 (custom)
2019-09-19 08:17:10,505 [pool-47-thread-1] INFO  server.RaftServerConfigKeys (ConfUtils.java:logGet(43)) - raft.server.snapshot.auto.trigger.threshold = 10000 (custom)
2019-09-19 08:17:10,505 [pool-57-thread-1] INFO  server.RaftServerConfigKeys (ConfUtils.java:logGet(43)) - raft.server.retrycache.expirytime = 600000ms (custom)
2019-09-19 08:17:10,505 [pool-47-thread-1] INFO  server.RaftServerConfigKeys (ConfUtils.java:logGet(43)) - raft.server.snapshot.retention.num.files = 5 (custom)
2019-09-19 08:17:10,505 [pool-47-thread-1] INFO  server.RaftServerConfigKeys (ConfUtils.java:logGet(43)) - raft.server.retrycache.expirytime = 600000ms (custom)
2019-09-19 08:17:10,506 [pool-27-thread-1] INFO  impl.RaftServerImpl (RaftServerImpl.java:start(185)) - c4c920b5-2080-4c17-8bd2-a07878bbfa61@group-0FE541CAC10E: start as a follower, conf=-1: [69d10f23-105a-4b02-8178-76d7d2177f75:192.168.36.85:45524, 40142a40-e4e1-4467-a28a-765edac3228d:192.168.36.85:35634, c4c920b5-2080-4c17-8bd2-a07878bbfa61:192.168.36.85:40621], old=null
2019-09-19 08:17:10,506 [pool-27-thread-1] INFO  impl.RaftServerImpl (RaftServerImpl.java:setRole(174)) - c4c920b5-2080-4c17-8bd2-a07878bbfa61@group-0FE541CAC10E: changes role from      null to FOLLOWER at term 0 for startAsFollower
2019-09-19 08:17:10,506 [pool-27-thread-1] INFO  impl.RoleInfo (RoleInfo.java:updateAndGet(143)) - c4c920b5-2080-4c17-8bd2-a07878bbfa61: start FollowerState
2019-09-19 08:17:10,507 [pool-27-thread-1] INFO  util.JmxRegister (JmxRegister.java:tryRegister(44)) - Successfully registered JMX Bean with object name Ratis:service=RaftServer,group=group-0FE541CAC10E,id=c4c920b5-2080-4c17-8bd2-a07878bbfa61
2019-09-19 08:17:10,508 [pool-57-thread-1] INFO  impl.RaftServerImpl (RaftServerImpl.java:start(185)) - 69d10f23-105a-4b02-8178-76d7d2177f75@group-0FE541CAC10E: start as a follower, conf=-1: [69d10f23-105a-4b02-8178-76d7d2177f75:192.168.36.85:45524, 40142a40-e4e1-4467-a28a-765edac3228d:192.168.36.85:35634, c4c920b5-2080-4c17-8bd2-a07878bbfa61:192.168.36.85:40621], old=null
2019-09-19 08:17:10,508 [pool-57-thread-1] INFO  impl.RaftServerImpl (RaftServerImpl.java:setRole(174)) - 69d10f23-105a-4b02-8178-76d7d2177f75@group-0FE541CAC10E: changes role from      null to FOLLOWER at term 0 for startAsFollower
2019-09-19 08:17:10,508 [pool-57-thread-1] INFO  impl.RoleInfo (RoleInfo.java:updateAndGet(143)) - 69d10f23-105a-4b02-8178-76d7d2177f75: start FollowerState
2019-09-19 08:17:10,508 [pool-57-thread-1] INFO  util.JmxRegister (JmxRegister.java:tryRegister(44)) - Successfully registered JMX Bean with object name Ratis:service=RaftServer,group=group-0FE541CAC10E,id=69d10f23-105a-4b02-8178-76d7d2177f75
2019-09-19 08:17:10,508 [pool-47-thread-1] INFO  impl.RaftServerImpl (RaftServerImpl.java:start(185)) - 40142a40-e4e1-4467-a28a-765edac3228d@group-0FE541CAC10E: start as a follower, conf=-1: [69d10f23-105a-4b02-8178-76d7d2177f75:192.168.36.85:45524, 40142a40-e4e1-4467-a28a-765edac3228d:192.168.36.85:35634, c4c920b5-2080-4c17-8bd2-a07878bbfa61:192.168.36.85:40621], old=null
2019-09-19 08:17:10,509 [pool-47-thread-1] INFO  impl.RaftServerImpl (RaftServerImpl.java:setRole(174)) - 40142a40-e4e1-4467-a28a-765edac3228d@group-0FE541CAC10E: changes role from      null to FOLLOWER at term 0 for startAsFollower
2019-09-19 08:17:10,509 [pool-47-thread-1] INFO  impl.RoleInfo (RoleInfo.java:updateAndGet(143)) - 40142a40-e4e1-4467-a28a-765edac3228d: start FollowerState
2019-09-19 08:17:10,509 [pool-47-thread-1] INFO  util.JmxRegister (JmxRegister.java:tryRegister(44)) - Successfully registered JMX Bean with object name Ratis:service=RaftServer,group=group-0FE541CAC10E,id=40142a40-e4e1-4467-a28a-765edac3228d
2019-09-19 08:17:10,526 [RatisPipelineUtilsThread] INFO  pipeline.PipelineStateManager (PipelineStateManager.java:addPipeline(56)) - Created pipeline Pipeline[ Id: 6db91d1c-9404-44b1-afb0-0fe541cac10e, Nodes: 69d10f23-105a-4b02-8178-76d7d2177f75{ip: 192.168.36.85, host: pr-hdds-2101-t8mbx-1252714220, networkLocation: /default-rack, certSerialId: null}40142a40-e4e1-4467-a28a-765edac3228d{ip: 192.168.36.85, host: pr-hdds-2101-t8mbx-1252714220, networkLocation: /default-rack, certSerialId: null}c4c920b5-2080-4c17-8bd2-a07878bbfa61{ip: 192.168.36.85, host: pr-hdds-2101-t8mbx-1252714220, networkLocation: /default-rack, certSerialId: null}, Type:RATIS, Factor:THREE, State:OPEN]
2019-09-19 08:17:10,653 [Command processor thread] ERROR commandhandler.CloseContainerCommandHandler (CloseContainerCommandHandler.java:handle(84)) - Container #1 does not exist in datanode. Container close failed.
2019-09-19 08:17:10,653 [Command processor thread] ERROR commandhandler.CloseContainerCommandHandler (CloseContainerCommandHandler.java:handle(84)) - Container #1 does not exist in datanode. Container close failed.
2019-09-19 08:17:10,694 [Thread-193] INFO  container.ReplicationManager (ReplicationManager.java:start(169)) - Replication Monitor Thread is already running.
2019-09-19 08:17:10,827 [Command processor thread] ERROR commandhandler.CloseContainerCommandHandler (CloseContainerCommandHandler.java:handle(84)) - Container #1 does not exist in datanode. Container close failed.
2019-09-19 08:17:10,828 [Command processor thread] ERROR commandhandler.CloseContainerCommandHandler (CloseContainerCommandHandler.java:handle(84)) - Container #1 does not exist in datanode. Container close failed.
2019-09-19 08:17:10,930 [Command processor thread] ERROR commandhandler.CloseContainerCommandHandler (CloseContainerCommandHandler.java:handle(84)) - Container #1 does not exist in datanode. Container close failed.
2019-09-19 08:17:10,938 [Command processor thread] ERROR commandhandler.CloseContainerCommandHandler (CloseContainerCommandHandler.java:handle(84)) - Container #1 does not exist in datanode. Container close failed.
2019-09-19 08:17:10,940 [ReplicationMonitor] INFO  container.ReplicationManager (ReplicationManager.java:run(225)) - Replication Monitor Thread took 1 milliseconds for processing 1 containers.
2019-09-19 08:17:11,394 [grpc-default-executor-1] INFO  client.GrpcClientProtocolClient (GrpcClientProtocolClient.java:onNext(264)) - client-D257786A1196->c4c920b5-2080-4c17-8bd2-a07878bbfa61: receive RaftClientReply:client-D257786A1196->c4c920b5-2080-4c17-8bd2-a07878bbfa61@group-AF8F8ED5E8F2, cid=9, FAILED org.apache.ratis.protocol.NotLeaderException: Server c4c920b5-2080-4c17-8bd2-a07878bbfa61@group-AF8F8ED5E8F2 is not the leader, logIndex=0, commits[c4c920b5-2080-4c17-8bd2-a07878bbfa61:c-1]
2019-09-19 08:17:12,432 [grpc-default-executor-0] INFO  client.GrpcClientProtocolClient (GrpcClientProtocolClient.java:onNext(264)) - client-D257786A1196->69d10f23-105a-4b02-8178-76d7d2177f75: receive RaftClientReply:client-D257786A1196->69d10f23-105a-4b02-8178-76d7d2177f75@group-AF8F8ED5E8F2, cid=9, FAILED org.apache.ratis.protocol.NotLeaderException: Server 69d10f23-105a-4b02-8178-76d7d2177f75@group-AF8F8ED5E8F2 is not the leader, logIndex=0, commits[69d10f23-105a-4b02-8178-76d7d2177f75:c-1]
2019-09-19 08:17:12,941 [ReplicationMonitor] INFO  container.ReplicationManager (ReplicationManager.java:run(225)) - Replication Monitor Thread took 0 milliseconds for processing 1 containers.
2019-09-19 08:17:13,456 [Thread-195] INFO  impl.FollowerState (FollowerState.java:run(106)) - c4c920b5-2080-4c17-8bd2-a07878bbfa61:group-50D5B2A810DD changes to CANDIDATE, lastRpcTime:5113, electionTimeout:5111ms
2019-09-19 08:17:13,457 [grpc-default-executor-1] INFO  client.GrpcClientProtocolClient (GrpcClientProtocolClient.java:onNext(264)) - client-D257786A1196->40142a40-e4e1-4467-a28a-765edac3228d: receive RaftClientReply:client-D257786A1196->40142a40-e4e1-4467-a28a-765edac3228d@group-AF8F8ED5E8F2, cid=9, FAILED org.apache.ratis.protocol.NotLeaderException: Server 40142a40-e4e1-4467-a28a-765edac3228d@group-AF8F8ED5E8F2 is not the leader, logIndex=0, commits[40142a40-e4e1-4467-a28a-765edac3228d:c-1]
2019-09-19 08:17:13,469 [Thread-195] INFO  impl.RoleInfo (RoleInfo.java:shutdownFollowerState(121)) - c4c920b5-2080-4c17-8bd2-a07878bbfa61: shutdown FollowerState
2019-09-19 08:17:13,469 [Thread-195] INFO  impl.RaftServerImpl (RaftServerImpl.java:setRole(174)) - c4c920b5-2080-4c17-8bd2-a07878bbfa61@group-50D5B2A810DD: changes role from  FOLLOWER to CANDIDATE at term 0 for changeToCandidate
2019-09-19 08:17:13,475 [Thread-195] INFO  impl.RoleInfo (RoleInfo.java:updateAndGet(143)) - c4c920b5-2080-4c17-8bd2-a07878bbfa61: start LeaderElection
2019-09-19 08:17:13,493 [c4c920b5-2080-4c17-8bd2-a07878bbfa61@group-50D5B2A810DD:LeaderElection1] INFO  impl.LeaderElection (LeaderElection.java:askForVotes(182)) - c4c920b5-2080-4c17-8bd2-a07878bbfa61@group-50D5B2A810DD:LeaderElection1: begin an election at term 1 for -1: [c4c920b5-2080-4c17-8bd2-a07878bbfa61:192.168.36.85:40621], old=null
2019-09-19 08:17:13,495 [c4c920b5-2080-4c17-8bd2-a07878bbfa61@group-50D5B2A810DD:LeaderElection1] INFO  impl.RoleInfo (RoleInfo.java:shutdownLeaderElection(134)) - c4c920b5-2080-4c17-8bd2-a07878bbfa61: shutdown LeaderElection
2019-09-19 08:17:13,496 [c4c920b5-2080-4c17-8bd2-a07878bbfa61@group-50D5B2A810DD:LeaderElection1] INFO  impl.RaftServerImpl (RaftServerImpl.java:setRole(174)) - c4c920b5-2080-4c17-8bd2-a07878bbfa61@group-50D5B2A810DD: changes role from CANDIDATE to LEADER at term 1 for changeToLeader
2019-09-19 08:17:13,496 [c4c920b5-2080-4c17-8bd2-a07878bbfa61@group-50D5B2A810DD:LeaderElection1] INFO  impl.RaftServerImpl (ServerState.java:setLeader(253)) - c4c920b5-2080-4c17-8bd2-a07878bbfa61@group-50D5B2A810DD: change Leader from null to c4c920b5-2080-4c17-8bd2-a07878bbfa61 at term 1 for becomeLeader, leader elected after 5261ms
2019-09-19 08:17:13,505 [c4c920b5-2080-4c17-8bd2-a07878bbfa61@group-50D5B2A810DD:LeaderElection1] INFO  server.RaftServerConfigKeys (ConfUtils.java:logGet(43)) - raft.server.staging.catchup.gap = 1000 (default)
2019-09-19 08:17:13,505 [c4c920b5-2080-4c17-8bd2-a07878bbfa61@group-50D5B2A810DD:LeaderElection1] INFO  server.RaftServerConfigKeys (ConfUtils.java:logGet(43)) - raft.server.rpc.sleep.time = 25ms (default)
2019-09-19 08:17:13,509 [c4c920b5-2080-4c17-8bd2-a07878bbfa61@group-50D5B2A810DD:LeaderElection1] INFO  server.RaftServerConfigKeys (ConfUtils.java:logGet(43)) - raft.server.write.element-limit = 4096 (default)
2019-09-19 08:17:13,512 [c4c920b5-2080-4c17-8bd2-a07878bbfa61@group-50D5B2A810DD:LeaderElection1] INFO  server.RaftServerConfigKeys (ConfUtils.java:logGet(43)) - raft.server.watch.timeout = 10s (default)
2019-09-19 08:17:13,513 [c4c920b5-2080-4c17-8bd2-a07878bbfa61@group-50D5B2A810DD:LeaderElection1] INFO  server.RaftServerConfigKeys (ConfUtils.java:logGet(43)) - raft.server.watch.timeout.denomination = 1s (default)
2019-09-19 08:17:13,514 [c4c920b5-2080-4c17-8bd2-a07878bbfa61@group-50D5B2A810DD:LeaderElection1] INFO  server.RaftServerConfigKeys (ConfUtils.java:logGet(43)) - raft.server.watch.element-limit = 65536 (default)
2019-09-19 08:17:13,528 [c4c920b5-2080-4c17-8bd2-a07878bbfa61@group-50D5B2A810DD:LeaderElection1] INFO  impl.RoleInfo (RoleInfo.java:updateAndGet(143)) - c4c920b5-2080-4c17-8bd2-a07878bbfa61: start LeaderState
2019-09-19 08:17:13,555 [c4c920b5-2080-4c17-8bd2-a07878bbfa61@group-50D5B2A810DD:LeaderElection1] INFO  segmented.SegmentedRaftLogWorker (SegmentedRaftLogWorker.java:startLogSegment(380)) - c4c920b5-2080-4c17-8bd2-a07878bbfa61@group-50D5B2A810DD-SegmentedRaftLogWorker: Starting segment from index:0
2019-09-19 08:17:13,568 [c4c920b5-2080-4c17-8bd2-a07878bbfa61@group-50D5B2A810DD:LeaderElection1] INFO  impl.RaftServerImpl (ServerState.java:setRaftConf(354)) - c4c920b5-2080-4c17-8bd2-a07878bbfa61@group-50D5B2A810DD: set configuration 0: [c4c920b5-2080-4c17-8bd2-a07878bbfa61:192.168.36.85:40621], old=null at 0
2019-09-19 08:17:13,728 [Thread-201] INFO  impl.FollowerState (FollowerState.java:run(106)) - 40142a40-e4e1-4467-a28a-765edac3228d:group-EEE186F7586A changes to CANDIDATE, lastRpcTime:5043, electionTimeout:5043ms
2019-09-19 08:17:13,737 [Thread-201] INFO  impl.RoleInfo (RoleInfo.java:shutdownFollowerState(121)) - 40142a40-e4e1-4467-a28a-765edac3228d: shutdown FollowerState
2019-09-19 08:17:13,737 [Thread-201] INFO  impl.RaftServerImpl (RaftServerImpl.java:setRole(174)) - 40142a40-e4e1-4467-a28a-765edac3228d@group-EEE186F7586A: changes role from  FOLLOWER to CANDIDATE at term 0 for changeToCandidate
2019-09-19 08:17:13,737 [Thread-201] INFO  impl.RoleInfo (RoleInfo.java:updateAndGet(143)) - 40142a40-e4e1-4467-a28a-765edac3228d: start LeaderElection
2019-09-19 08:17:13,772 [Thread-198] INFO  impl.FollowerState (FollowerState.java:run(106)) - 69d10f23-105a-4b02-8178-76d7d2177f75:group-7C667B4CCFF8 changes to CANDIDATE, lastRpcTime:5183, electionTimeout:5150ms
2019-09-19 08:17:13,776 [Thread-198] INFO  impl.RoleInfo (RoleInfo.java:shutdownFollowerState(121)) - 69d10f23-105a-4b02-8178-76d7d2177f75: shutdown FollowerState
2019-09-19 08:17:13,776 [Thread-198] INFO  impl.RaftServerImpl (RaftServerImpl.java:setRole(174)) - 69d10f23-105a-4b02-8178-76d7d2177f75@group-7C667B4CCFF8: changes role from  FOLLOWER to CANDIDATE at term 0 for changeToCandidate
2019-09-19 08:17:13,777 [Thread-198] INFO  impl.RoleInfo (RoleInfo.java:updateAndGet(143)) - 69d10f23-105a-4b02-8178-76d7d2177f75: start LeaderElection
2019-09-19 08:17:13,790 [c4c920b5-2080-4c17-8bd2-a07878bbfa61@group-50D5B2A810DD-SegmentedRaftLogWorker] INFO  segmented.SegmentedRaftLogWorker (SegmentedRaftLogWorker.java:execute(569)) - c4c920b5-2080-4c17-8bd2-a07878bbfa61@group-50D5B2A810DD-SegmentedRaftLogWorker: created new log segment /workdir/hadoop-ozone/integration-test/target/test-dir/MiniOzoneClusterImpl-8fb0b404-6679-45f6-9240-c8337d413b55/datanode-0/data/ratis/71f41896-0a1e-4509-b0d3-50d5b2a810dd/current/log_inprogress_0
2019-09-19 08:17:13,790 [69d10f23-105a-4b02-8178-76d7d2177f75@group-7C667B4CCFF8:LeaderElection3] INFO  impl.LeaderElection (LeaderElection.java:askForVotes(182)) - 69d10f23-105a-4b02-8178-76d7d2177f75@group-7C667B4CCFF8:LeaderElection3: begin an election at term 1 for -1: [69d10f23-105a-4b02-8178-76d7d2177f75:192.168.36.85:45524], old=null
2019-09-19 08:17:13,790 [40142a40-e4e1-4467-a28a-765edac3228d@group-EEE186F7586A:LeaderElection2] INFO  impl.LeaderElection (LeaderElection.java:askForVotes(182)) - 40142a40-e4e1-4467-a28a-765edac3228d@group-EEE186F7586A:LeaderElection2: begin an election at term 1 for -1: [40142a40-e4e1-4467-a28a-765edac3228d:192.168.36.85:35634], old=null
2019-09-19 08:17:13,791 [69d10f23-105a-4b02-8178-76d7d2177f75@group-7C667B4CCFF8:LeaderElection3] INFO  impl.RoleInfo (RoleInfo.java:shutdownLeaderElection(134)) - 69d10f23-105a-4b02-8178-76d7d2177f75: shutdown LeaderElection
2019-09-19 08:17:13,791 [40142a40-e4e1-4467-a28a-765edac3228d@group-EEE186F7586A:LeaderElection2] INFO  impl.RoleInfo (RoleInfo.java:shutdownLeaderElection(134)) - 40142a40-e4e1-4467-a28a-765edac3228d: shutdown LeaderElection
2019-09-19 08:17:13,792 [69d10f23-105a-4b02-8178-76d7d2177f75@group-7C667B4CCFF8:LeaderElection3] INFO  impl.RaftServerImpl (RaftServerImpl.java:setRole(174)) - 69d10f23-105a-4b02-8178-76d7d2177f75@group-7C667B4CCFF8: changes role from CANDIDATE to LEADER at term 1 for changeToLeader
2019-09-19 08:17:13,792 [40142a40-e4e1-4467-a28a-765edac3228d@group-EEE186F7586A:LeaderElection2] INFO  impl.RaftServerImpl (RaftServerImpl.java:setRole(174)) - 40142a40-e4e1-4467-a28a-765edac3228d@group-EEE186F7586A: changes role from CANDIDATE to LEADER at term 1 for changeToLeader
2019-09-19 08:17:13,792 [69d10f23-105a-4b02-8178-76d7d2177f75@group-7C667B4CCFF8:LeaderElection3] INFO  impl.RaftServerImpl (ServerState.java:setLeader(253)) - 69d10f23-105a-4b02-8178-76d7d2177f75@group-7C667B4CCFF8: change Leader from null to 69d10f23-105a-4b02-8178-76d7d2177f75 at term 1 for becomeLeader, leader elected after 5219ms
2019-09-19 08:17:13,792 [40142a40-e4e1-4467-a28a-765edac3228d@group-EEE186F7586A:LeaderElection2] INFO  impl.RaftServerImpl (ServerState.java:setLeader(253)) - 40142a40-e4e1-4467-a28a-765edac3228d@group-EEE186F7586A: change Leader from null to 40142a40-e4e1-4467-a28a-765edac3228d at term 1 for becomeLeader, leader elected after 5134ms
2019-09-19 08:17:13,792 [69d10f23-105a-4b02-8178-76d7d2177f75@group-7C667B4CCFF8:LeaderElection3] INFO  server.RaftServerConfigKeys (ConfUtils.java:logGet(43)) - raft.server.staging.catchup.gap = 1000 (default)
2019-09-19 08:17:13,793 [40142a40-e4e1-4467-a28a-765edac3228d@group-EEE186F7586A:LeaderElection2] INFO  server.RaftServerConfigKeys (ConfUtils.java:logGet(43)) - raft.server.staging.catchup.gap = 1000 (default)
2019-09-19 08:17:13,793 [69d10f23-105a-4b02-8178-76d7d2177f75@group-7C667B4CCFF8:LeaderElection3] INFO  server.RaftServerConfigKeys (ConfUtils.java:logGet(43)) - raft.server.rpc.sleep.time = 25ms (default)
2019-09-19 08:17:13,794 [40142a40-e4e1-4467-a28a-765edac3228d@group-EEE186F7586A:LeaderElection2] INFO  server.RaftServerConfigKeys (ConfUtils.java:logGet(43)) - raft.server.rpc.sleep.time = 25ms (default)
2019-09-19 08:17:13,794 [69d10f23-105a-4b02-8178-76d7d2177f75@group-7C667B4CCFF8:LeaderElection3] INFO  server.RaftServerConfigKeys (ConfUtils.java:logGet(43)) - raft.server.write.element-limit = 4096 (default)
2019-09-19 08:17:13,794 [40142a40-e4e1-4467-a28a-765edac3228d@group-EEE186F7586A:LeaderElection2] INFO  server.RaftServerConfigKeys (ConfUtils.java:logGet(43)) - raft.server.write.element-limit = 4096 (default)
2019-09-19 08:17:13,794 [69d10f23-105a-4b02-8178-76d7d2177f75@group-7C667B4CCFF8:LeaderElection3] INFO  server.RaftServerConfigKeys (ConfUtils.java:logGet(43)) - raft.server.watch.timeout = 10s (default)
2019-09-19 08:17:13,794 [40142a40-e4e1-4467-a28a-765edac3228d@group-EEE186F7586A:LeaderElection2] INFO  server.RaftServerConfigKeys (ConfUtils.java:logGet(43)) - raft.server.watch.timeout = 10s (default)
2019-09-19 08:17:13,794 [69d10f23-105a-4b02-8178-76d7d2177f75@group-7C667B4CCFF8:LeaderElection3] INFO  server.RaftServerConfigKeys (ConfUtils.java:logGet(43)) - raft.server.watch.timeout.denomination = 1s (default)
2019-09-19 08:17:13,794 [40142a40-e4e1-4467-a28a-765edac3228d@group-EEE186F7586A:LeaderElection2] INFO  server.RaftServerConfigKeys (ConfUtils.java:logGet(43)) - raft.server.watch.timeout.denomination = 1s (default)
2019-09-19 08:17:13,795 [69d10f23-105a-4b02-8178-76d7d2177f75@group-7C667B4CCFF8:LeaderElection3] INFO  server.RaftServerConfigKeys (ConfUtils.java:logGet(43)) - raft.server.watch.element-limit = 65536 (default)
2019-09-19 08:17:13,795 [40142a40-e4e1-4467-a28a-765edac3228d@group-EEE186F7586A:LeaderElection2] INFO  server.RaftServerConfigKeys (ConfUtils.java:logGet(43)) - raft.server.watch.element-limit = 65536 (default)
2019-09-19 08:17:13,799 [69d10f23-105a-4b02-8178-76d7d2177f75@group-7C667B4CCFF8:LeaderElection3] INFO  impl.RoleInfo (RoleInfo.java:updateAndGet(143)) - 69d10f23-105a-4b02-8178-76d7d2177f75: start LeaderState
2019-09-19 08:17:13,800 [40142a40-e4e1-4467-a28a-765edac3228d@group-EEE186F7586A:LeaderElection2] INFO  impl.RoleInfo (RoleInfo.java:updateAndGet(143)) - 40142a40-e4e1-4467-a28a-765edac3228d: start LeaderState
2019-09-19 08:17:13,800 [69d10f23-105a-4b02-8178-76d7d2177f75@group-7C667B4CCFF8:LeaderElection3] INFO  segmented.SegmentedRaftLogWorker (SegmentedRaftLogWorker.java:startLogSegment(380)) - 69d10f23-105a-4b02-8178-76d7d2177f75@group-7C667B4CCFF8-SegmentedRaftLogWorker: Starting segment from index:0
2019-09-19 08:17:13,800 [40142a40-e4e1-4467-a28a-765edac3228d@group-EEE186F7586A:LeaderElection2] INFO  segmented.SegmentedRaftLogWorker (SegmentedRaftLogWorker.java:startLogSegment(380)) - 40142a40-e4e1-4467-a28a-765edac3228d@group-EEE186F7586A-SegmentedRaftLogWorker: Starting segment from index:0
2019-09-19 08:17:13,801 [69d10f23-105a-4b02-8178-76d7d2177f75@group-7C667B4CCFF8:LeaderElection3] INFO  impl.RaftServerImpl (ServerState.java:setRaftConf(354)) - 69d10f23-105a-4b02-8178-76d7d2177f75@group-7C667B4CCFF8: set configuration 0: [69d10f23-105a-4b02-8178-76d7d2177f75:192.168.36.85:45524], old=null at 0
2019-09-19 08:17:13,801 [40142a40-e4e1-4467-a28a-765edac3228d@group-EEE186F7586A:LeaderElection2] INFO  impl.RaftServerImpl (ServerState.java:setRaftConf(354)) - 40142a40-e4e1-4467-a28a-765edac3228d@group-EEE186F7586A: set configuration 0: [40142a40-e4e1-4467-a28a-765edac3228d:192.168.36.85:35634], old=null at 0
2019-09-19 08:17:13,839 [Thread-204] INFO  impl.FollowerState (FollowerState.java:run(106)) - caf3599a-667e-4da1-8514-028fb455c5d7:group-C3D840E7EAB9 changes to CANDIDATE, lastRpcTime:5103, electionTimeout:5083ms
2019-09-19 08:17:13,841 [Thread-204] INFO  impl.RoleInfo (RoleInfo.java:shutdownFollowerState(121)) - caf3599a-667e-4da1-8514-028fb455c5d7: shutdown FollowerState
2019-09-19 08:17:13,841 [Thread-204] INFO  impl.RaftServerImpl (RaftServerImpl.java:setRole(174)) - caf3599a-667e-4da1-8514-028fb455c5d7@group-C3D840E7EAB9: changes role from  FOLLOWER to CANDIDATE at term 0 for changeToCandidate
2019-09-19 08:17:13,841 [Thread-204] INFO  impl.RoleInfo (RoleInfo.java:updateAndGet(143)) - caf3599a-667e-4da1-8514-028fb455c5d7: start LeaderElection
2019-09-19 08:17:13,853 [69d10f23-105a-4b02-8178-76d7d2177f75@group-7C667B4CCFF8-SegmentedRaftLogWorker] INFO  segmented.SegmentedRaftLogWorker (SegmentedRaftLogWorker.java:execute(569)) - 69d10f23-105a-4b02-8178-76d7d2177f75@group-7C667B4CCFF8-SegmentedRaftLogWorker: created new log segment /workdir/hadoop-ozone/integration-test/target/test-dir/MiniOzoneClusterImpl-8fb0b404-6679-45f6-9240-c8337d413b55/datanode-3/data/ratis/9261ff78-b194-44b3-821e-7c667b4ccff8/current/log_inprogress_0
2019-09-19 08:17:13,853 [40142a40-e4e1-4467-a28a-765edac3228d@group-EEE186F7586A-SegmentedRaftLogWorker] INFO  segmented.SegmentedRaftLogWorker (SegmentedRaftLogWorker.java:execute(569)) - 40142a40-e4e1-4467-a28a-765edac3228d@group-EEE186F7586A-SegmentedRaftLogWorker: created new log segment /workdir/hadoop-ozone/integration-test/target/test-dir/MiniOzoneClusterImpl-8fb0b404-6679-45f6-9240-c8337d413b55/datanode-2/data/ratis/68bf8dc1-5a51-4ed7-8b99-eee186f7586a/current/log_inprogress_0
2019-09-19 08:17:13,853 [caf3599a-667e-4da1-8514-028fb455c5d7@group-C3D840E7EAB9:LeaderElection4] INFO  impl.LeaderElection (LeaderElection.java:askForVotes(182)) - caf3599a-667e-4da1-8514-028fb455c5d7@group-C3D840E7EAB9:LeaderElection4: begin an election at term 1 for -1: [caf3599a-667e-4da1-8514-028fb455c5d7:192.168.36.85:41655], old=null
2019-09-19 08:17:13,853 [caf3599a-667e-4da1-8514-028fb455c5d7@group-C3D840E7EAB9:LeaderElection4] INFO  impl.RoleInfo (RoleInfo.java:shutdownLeaderElection(134)) - caf3599a-667e-4da1-8514-028fb455c5d7: shutdown LeaderElection
2019-09-19 08:17:13,853 [caf3599a-667e-4da1-8514-028fb455c5d7@group-C3D840E7EAB9:LeaderElection4] INFO  impl.RaftServerImpl (RaftServerImpl.java:setRole(174)) - caf3599a-667e-4da1-8514-028fb455c5d7@group-C3D840E7EAB9: changes role from CANDIDATE to LEADER at term 1 for changeToLeader
2019-09-19 08:17:13,854 [caf3599a-667e-4da1-8514-028fb455c5d7@group-C3D840E7EAB9:LeaderElection4] INFO  impl.RaftServerImpl (ServerState.java:setLeader(253)) - caf3599a-667e-4da1-8514-028fb455c5d7@group-C3D840E7EAB9: change Leader from null to caf3599a-667e-4da1-8514-028fb455c5d7 at term 1 for becomeLeader, leader elected after 5128ms
2019-09-19 08:17:13,855 [caf3599a-667e-4da1-8514-028fb455c5d7@group-C3D840E7EAB9:LeaderElection4] INFO  server.RaftServerConfigKeys (ConfUtils.java:logGet(43)) - raft.server.staging.catchup.gap = 1000 (default)
2019-09-19 08:17:13,855 [caf3599a-667e-4da1-8514-028fb455c5d7@group-C3D840E7EAB9:LeaderElection4] INFO  server.RaftServerConfigKeys (ConfUtils.java:logGet(43)) - raft.server.rpc.sleep.time = 25ms (default)
2019-09-19 08:17:13,856 [caf3599a-667e-4da1-8514-028fb455c5d7@group-C3D840E7EAB9:LeaderElection4] INFO  server.RaftServerConfigKeys (ConfUtils.java:logGet(43)) - raft.server.write.element-limit = 4096 (default)
2019-09-19 08:17:13,856 [caf3599a-667e-4da1-8514-028fb455c5d7@group-C3D840E7EAB9:LeaderElection4] INFO  server.RaftServerConfigKeys (ConfUtils.java:logGet(43)) - raft.server.watch.timeout = 10s (default)
2019-09-19 08:17:13,856 [caf3599a-667e-4da1-8514-028fb455c5d7@group-C3D840E7EAB9:LeaderElection4] INFO  server.RaftServerConfigKeys (ConfUtils.java:logGet(43)) - raft.server.watch.timeout.denomination = 1s (default)
2019-09-19 08:17:13,856 [caf3599a-667e-4da1-8514-028fb455c5d7@group-C3D840E7EAB9:LeaderElection4] INFO  server.RaftServerConfigKeys (ConfUtils.java:logGet(43)) - raft.server.watch.element-limit = 65536 (default)
2019-09-19 08:17:13,862 [caf3599a-667e-4da1-8514-028fb455c5d7@group-C3D840E7EAB9:LeaderElection4] INFO  impl.RoleInfo (RoleInfo.java:updateAndGet(143)) - caf3599a-667e-4da1-8514-028fb455c5d7: start LeaderState
2019-09-19 08:17:13,862 [caf3599a-667e-4da1-8514-028fb455c5d7@group-C3D840E7EAB9:LeaderElection4] INFO  segmented.SegmentedRaftLogWorker (SegmentedRaftLogWorker.java:startLogSegment(380)) - caf3599a-667e-4da1-8514-028fb455c5d7@group-C3D840E7EAB9-SegmentedRaftLogWorker: Starting segment from index:0
2019-09-19 08:17:13,863 [caf3599a-667e-4da1-8514-028fb455c5d7@group-C3D840E7EAB9:LeaderElection4] INFO  impl.RaftServerImpl (ServerState.java:setRaftConf(354)) - caf3599a-667e-4da1-8514-028fb455c5d7@group-C3D840E7EAB9: set configuration 0: [caf3599a-667e-4da1-8514-028fb455c5d7:192.168.36.85:41655], old=null at 0
2019-09-19 08:17:13,897 [Thread-209] INFO  impl.FollowerState (FollowerState.java:run(106)) - 40142a40-e4e1-4467-a28a-765edac3228d:group-AF8F8ED5E8F2 changes to CANDIDATE, lastRpcTime:5049, electionTimeout:5049ms
2019-09-19 08:17:13,897 [Thread-209] INFO  impl.RoleInfo (RoleInfo.java:shutdownFollowerState(121)) - 40142a40-e4e1-4467-a28a-765edac3228d: shutdown FollowerState
2019-09-19 08:17:13,897 [Thread-209] INFO  impl.RaftServerImpl (RaftServerImpl.java:setRole(174)) - 40142a40-e4e1-4467-a28a-765edac3228d@group-AF8F8ED5E8F2: changes role from  FOLLOWER to CANDIDATE at term 0 for changeToCandidate
2019-09-19 08:17:13,898 [Thread-209] INFO  impl.RoleInfo (RoleInfo.java:updateAndGet(143)) - 40142a40-e4e1-4467-a28a-765edac3228d: start LeaderElection
2019-09-19 08:17:13,906 [caf3599a-667e-4da1-8514-028fb455c5d7@group-C3D840E7EAB9-SegmentedRaftLogWorker] INFO  segmented.SegmentedRaftLogWorker (SegmentedRaftLogWorker.java:execute(569)) - caf3599a-667e-4da1-8514-028fb455c5d7@group-C3D840E7EAB9-SegmentedRaftLogWorker: created new log segment /workdir/hadoop-ozone/integration-test/target/test-dir/MiniOzoneClusterImpl-8fb0b404-6679-45f6-9240-c8337d413b55/datanode-1/data/ratis/7f2cc63a-699b-4afd-9b9a-c3d840e7eab9/current/log_inprogress_0
2019-09-19 08:17:13,907 [40142a40-e4e1-4467-a28a-765edac3228d@group-AF8F8ED5E8F2:LeaderElection5] INFO  impl.LeaderElection (LeaderElection.java:askForVotes(182)) - 40142a40-e4e1-4467-a28a-765edac3228d@group-AF8F8ED5E8F2:LeaderElection5: begin an election at term 1 for -1: [69d10f23-105a-4b02-8178-76d7d2177f75:192.168.36.85:45524, 40142a40-e4e1-4467-a28a-765edac3228d:192.168.36.85:35634, c4c920b5-2080-4c17-8bd2-a07878bbfa61:192.168.36.85:40621], old=null
2019-09-19 08:17:13,914 [Thread-211] INFO  impl.FollowerState (FollowerState.java:run(106)) - c4c920b5-2080-4c17-8bd2-a07878bbfa61:group-AF8F8ED5E8F2 changes to CANDIDATE, lastRpcTime:5062, electionTimeout:5061ms
2019-09-19 08:17:13,914 [Thread-211] INFO  impl.RoleInfo (RoleInfo.java:shutdownFollowerState(121)) - c4c920b5-2080-4c17-8bd2-a07878bbfa61: shutdown FollowerState
2019-09-19 08:17:13,914 [Thread-211] INFO  impl.RaftServerImpl (RaftServerImpl.java:setRole(174)) - c4c920b5-2080-4c17-8bd2-a07878bbfa61@group-AF8F8ED5E8F2: changes role from  FOLLOWER to CANDIDATE at term 0 for changeToCandidate
2019-09-19 08:17:13,915 [Thread-211] INFO  impl.RoleInfo (RoleInfo.java:updateAndGet(143)) - c4c920b5-2080-4c17-8bd2-a07878bbfa61: start LeaderElection
2019-09-19 08:17:13,931 [c4c920b5-2080-4c17-8bd2-a07878bbfa61@group-AF8F8ED5E8F2:LeaderElection6] INFO  impl.LeaderElection (LeaderElection.java:askForVotes(182)) - c4c920b5-2080-4c17-8bd2-a07878bbfa61@group-AF8F8ED5E8F2:LeaderElection6: begin an election at term 1 for -1: [69d10f23-105a-4b02-8178-76d7d2177f75:192.168.36.85:45524, 40142a40-e4e1-4467-a28a-765edac3228d:192.168.36.85:35634, c4c920b5-2080-4c17-8bd2-a07878bbfa61:192.168.36.85:40621], old=null
2019-09-19 08:17:13,938 [grpc-default-executor-1] INFO  impl.RaftServerImpl (RaftServerImpl.java:setRole(174)) - 69d10f23-105a-4b02-8178-76d7d2177f75@group-AF8F8ED5E8F2: changes role from  FOLLOWER to FOLLOWER at term 1 for recognizeCandidate:40142a40-e4e1-4467-a28a-765edac3228d
2019-09-19 08:17:13,938 [grpc-default-executor-1] INFO  impl.RoleInfo (RoleInfo.java:shutdownFollowerState(121)) - 69d10f23-105a-4b02-8178-76d7d2177f75: shutdown FollowerState
2019-09-19 08:17:13,939 [grpc-default-executor-1] INFO  impl.RoleInfo (RoleInfo.java:updateAndGet(143)) - 69d10f23-105a-4b02-8178-76d7d2177f75: start FollowerState
2019-09-19 08:17:13,939 [Thread-212] INFO  impl.FollowerState (FollowerState.java:run(115)) - 69d10f23-105a-4b02-8178-76d7d2177f75: FollowerState was interrupted: java.lang.InterruptedException: sleep interrupted
2019-09-19 08:17:13,963 [c4c920b5-2080-4c17-8bd2-a07878bbfa61@group-AF8F8ED5E8F2:LeaderElection6] INFO  impl.LeaderElection (LeaderElection.java:logAndReturn(56)) - c4c920b5-2080-4c17-8bd2-a07878bbfa61@group-AF8F8ED5E8F2:LeaderElection6: Election REJECTED; received 2 response(s) [c4c920b5-2080-4c17-8bd2-a07878bbfa61<-69d10f23-105a-4b02-8178-76d7d2177f75#0:FAIL-t1, c4c920b5-2080-4c17-8bd2-a07878bbfa61<-40142a40-e4e1-4467-a28a-765edac3228d#0:FAIL-t1] and 0 exception(s); c4c920b5-2080-4c17-8bd2-a07878bbfa61@group-AF8F8ED5E8F2:t1, leader=null, voted=c4c920b5-2080-4c17-8bd2-a07878bbfa61, raftlog=c4c920b5-2080-4c17-8bd2-a07878bbfa61@group-AF8F8ED5E8F2-SegmentedRaftLog:OPENED:c-1,f-1,i0, conf=-1: [69d10f23-105a-4b02-8178-76d7d2177f75:192.168.36.85:45524, 40142a40-e4e1-4467-a28a-765edac3228d:192.168.36.85:35634, c4c920b5-2080-4c17-8bd2-a07878bbfa61:192.168.36.85:40621], old=null
2019-09-19 08:17:13,963 [40142a40-e4e1-4467-a28a-765edac3228d@group-AF8F8ED5E8F2:LeaderElection5] INFO  impl.LeaderElection (LeaderElection.java:logAndReturn(56)) - 40142a40-e4e1-4467-a28a-765edac3228d@group-AF8F8ED5E8F2:LeaderElection5: Election PASSED; received 2 response(s) [40142a40-e4e1-4467-a28a-765edac3228d<-69d10f23-105a-4b02-8178-76d7d2177f75#0:OK-t1, 40142a40-e4e1-4467-a28a-765edac3228d<-c4c920b5-2080-4c17-8bd2-a07878bbfa61#0:FAIL-t1] and 0 exception(s); 40142a40-e4e1-4467-a28a-765edac3228d@group-AF8F8ED5E8F2:t1, leader=null, voted=40142a40-e4e1-4467-a28a-765edac3228d, raftlog=40142a40-e4e1-4467-a28a-765edac3228d@group-AF8F8ED5E8F2-SegmentedRaftLog:OPENED:c-1,f-1,i0, conf=-1: [69d10f23-105a-4b02-8178-76d7d2177f75:192.168.36.85:45524, 40142a40-e4e1-4467-a28a-765edac3228d:192.168.36.85:35634, c4c920b5-2080-4c17-8bd2-a07878bbfa61:192.168.36.85:40621], old=null
2019-09-19 08:17:13,963 [c4c920b5-2080-4c17-8bd2-a07878bbfa61@group-AF8F8ED5E8F2:LeaderElection6] INFO  impl.RaftServerImpl (RaftServerImpl.java:setRole(174)) - c4c920b5-2080-4c17-8bd2-a07878bbfa61@group-AF8F8ED5E8F2: changes role from CANDIDATE to FOLLOWER at term 1 for DISCOVERED_A_NEW_TERM
2019-09-19 08:17:13,964 [40142a40-e4e1-4467-a28a-765edac3228d@group-AF8F8ED5E8F2:LeaderElection5] INFO  impl.RoleInfo (RoleInfo.java:shutdownLeaderElection(134)) - 40142a40-e4e1-4467-a28a-765edac3228d: shutdown LeaderElection
2019-09-19 08:17:13,964 [c4c920b5-2080-4c17-8bd2-a07878bbfa61@group-AF8F8ED5E8F2:LeaderElection6] INFO  impl.RoleInfo (RoleInfo.java:shutdownLeaderElection(134)) - c4c920b5-2080-4c17-8bd2-a07878bbfa61: shutdown LeaderElection
2019-09-19 08:17:13,968 [40142a40-e4e1-4467-a28a-765edac3228d@group-AF8F8ED5E8F2:LeaderElection5] INFO  impl.RaftServerImpl (RaftServerImpl.java:setRole(174)) - 40142a40-e4e1-4467-a28a-765edac3228d@group-AF8F8ED5E8F2: changes role from CANDIDATE to LEADER at term 1 for changeToLeader
2019-09-19 08:17:13,968 [c4c920b5-2080-4c17-8bd2-a07878bbfa61@group-AF8F8ED5E8F2:LeaderElection6] INFO  impl.RoleInfo (RoleInfo.java:updateAndGet(143)) - c4c920b5-2080-4c17-8bd2-a07878bbfa61: start FollowerState
2019-09-19 08:17:13,968 [40142a40-e4e1-4467-a28a-765edac3228d@group-AF8F8ED5E8F2:LeaderElection5] INFO  impl.RaftServerImpl (ServerState.java:setLeader(253)) - 40142a40-e4e1-4467-a28a-765edac3228d@group-AF8F8ED5E8F2: change Leader from null to 40142a40-e4e1-4467-a28a-765edac3228d at term 1 for becomeLeader, leader elected after 5134ms
2019-09-19 08:17:13,969 [40142a40-e4e1-4467-a28a-765edac3228d@group-AF8F8ED5E8F2:LeaderElection5] INFO  server.RaftServerConfigKeys (ConfUtils.java:logGet(43)) - raft.server.staging.catchup.gap = 1000 (default)
2019-09-19 08:17:13,969 [40142a40-e4e1-4467-a28a-765edac3228d@group-AF8F8ED5E8F2:LeaderElection5] INFO  server.RaftServerConfigKeys (ConfUtils.java:logGet(43)) - raft.server.rpc.sleep.time = 25ms (default)
2019-09-19 08:17:13,969 [40142a40-e4e1-4467-a28a-765edac3228d@group-AF8F8ED5E8F2:LeaderElection5] INFO  server.RaftServerConfigKeys (ConfUtils.java:logGet(43)) - raft.server.write.element-limit = 4096 (default)
2019-09-19 08:17:13,969 [40142a40-e4e1-4467-a28a-765edac3228d@group-AF8F8ED5E8F2:LeaderElection5] INFO  server.RaftServerConfigKeys (ConfUtils.java:logGet(43)) - raft.server.watch.timeout = 10s (default)
2019-09-19 08:17:13,970 [40142a40-e4e1-4467-a28a-765edac3228d@group-AF8F8ED5E8F2:LeaderElection5] INFO  server.RaftServerConfigKeys (ConfUtils.java:logGet(43)) - raft.server.watch.timeout.denomination = 1s (default)
2019-09-19 08:17:13,970 [40142a40-e4e1-4467-a28a-765edac3228d@group-AF8F8ED5E8F2:LeaderElection5] INFO  server.RaftServerConfigKeys (ConfUtils.java:logGet(43)) - raft.server.watch.element-limit = 65536 (default)
2019-09-19 08:17:13,975 [40142a40-e4e1-4467-a28a-765edac3228d@group-AF8F8ED5E8F2:LeaderElection5] INFO  server.RaftServerConfigKeys (ConfUtils.java:logGet(43)) - raft.server.log.appender.snapshot.chunk.size.max = 16MB (=16777216) (default)
2019-09-19 08:17:13,975 [40142a40-e4e1-4467-a28a-765edac3228d@group-AF8F8ED5E8F2:LeaderElection5] INFO  server.RaftServerConfigKeys (ConfUtils.java:logGet(43)) - raft.server.log.appender.buffer.byte-limit = 33554432 (custom)
2019-09-19 08:17:13,976 [40142a40-e4e1-4467-a28a-765edac3228d@group-AF8F8ED5E8F2:LeaderElection5] INFO  server.RaftServerConfigKeys (ConfUtils.java:logGet(43)) - raft.server.log.appender.buffer.element-limit = 1 (custom)
2019-09-19 08:17:13,979 [40142a40-e4e1-4467-a28a-765edac3228d@group-AF8F8ED5E8F2:LeaderElection5] INFO  grpc.GrpcConfigKeys$Server (ConfUtils.java:logGet(43)) - raft.grpc.server.leader.outstanding.appends.max = 128 (default)
2019-09-19 08:17:13,979 [40142a40-e4e1-4467-a28a-765edac3228d@group-AF8F8ED5E8F2:LeaderElection5] INFO  server.RaftServerConfigKeys (ConfUtils.java:logGet(43)) - raft.server.rpc.request.timeout = 3000ms (default)
2019-09-19 08:17:13,980 [40142a40-e4e1-4467-a28a-765edac3228d@group-AF8F8ED5E8F2:LeaderElection5] INFO  server.RaftServerConfigKeys (ConfUtils.java:logGet(43)) - raft.server.log.appender.install.snapshot.enabled = false (custom)
2019-09-19 08:17:13,981 [40142a40-e4e1-4467-a28a-765edac3228d@group-AF8F8ED5E8F2:LeaderElection5] INFO  server.RaftServerConfigKeys (ConfUtils.java:logGet(43)) - raft.server.log.appender.snapshot.chunk.size.max = 16MB (=16777216) (default)
2019-09-19 08:17:13,981 [40142a40-e4e1-4467-a28a-765edac3228d@group-AF8F8ED5E8F2:LeaderElection5] INFO  server.RaftServerConfigKeys (ConfUtils.java:logGet(43)) - raft.server.log.appender.buffer.byte-limit = 33554432 (custom)
2019-09-19 08:17:13,981 [40142a40-e4e1-4467-a28a-765edac3228d@group-AF8F8ED5E8F2:LeaderElection5] INFO  server.RaftServerConfigKeys (ConfUtils.java:logGet(43)) - raft.server.log.appender.buffer.element-limit = 1 (custom)
2019-09-19 08:17:13,981 [40142a40-e4e1-4467-a28a-765edac3228d@group-AF8F8ED5E8F2:LeaderElection5] INFO  grpc.GrpcConfigKeys$Server (ConfUtils.java:logGet(43)) - raft.grpc.server.leader.outstanding.appends.max = 128 (default)
2019-09-19 08:17:13,981 [40142a40-e4e1-4467-a28a-765edac3228d@group-AF8F8ED5E8F2:LeaderElection5] INFO  server.RaftServerConfigKeys (ConfUtils.java:logGet(43)) - raft.server.rpc.request.timeout = 3000ms (default)
2019-09-19 08:17:13,982 [40142a40-e4e1-4467-a28a-765edac3228d@group-AF8F8ED5E8F2:LeaderElection5] INFO  server.RaftServerConfigKeys (ConfUtils.java:logGet(43)) - raft.server.log.appender.install.snapshot.enabled = false (custom)
2019-09-19 08:17:13,983 [40142a40-e4e1-4467-a28a-765edac3228d@group-AF8F8ED5E8F2:LeaderElection5] INFO  impl.RoleInfo (RoleInfo.java:updateAndGet(143)) - 40142a40-e4e1-4467-a28a-765edac3228d: start LeaderState
2019-09-19 08:17:13,983 [40142a40-e4e1-4467-a28a-765edac3228d@group-AF8F8ED5E8F2:LeaderElection5] INFO  segmented.SegmentedRaftLogWorker (SegmentedRaftLogWorker.java:startLogSegment(380)) - 40142a40-e4e1-4467-a28a-765edac3228d@group-AF8F8ED5E8F2-SegmentedRaftLogWorker: Starting segment from index:0
2019-09-19 08:17:13,984 [40142a40-e4e1-4467-a28a-765edac3228d@group-AF8F8ED5E8F2:LeaderElection5] INFO  impl.RaftServerImpl (ServerState.java:setRaftConf(354)) - 40142a40-e4e1-4467-a28a-765edac3228d@group-AF8F8ED5E8F2: set configuration 0: [69d10f23-105a-4b02-8178-76d7d2177f75:192.168.36.85:45524, 40142a40-e4e1-4467-a28a-765edac3228d:192.168.36.85:35634, c4c920b5-2080-4c17-8bd2-a07878bbfa61:192.168.36.85:40621], old=null at 0
2019-09-19 08:17:14,022 [40142a40-e4e1-4467-a28a-765edac3228d@group-AF8F8ED5E8F2-SegmentedRaftLogWorker] INFO  segmented.SegmentedRaftLogWorker (SegmentedRaftLogWorker.java:execute(569)) - 40142a40-e4e1-4467-a28a-765edac3228d@group-AF8F8ED5E8F2-SegmentedRaftLogWorker: created new log segment /workdir/hadoop-ozone/integration-test/target/test-dir/MiniOzoneClusterImpl-8fb0b404-6679-45f6-9240-c8337d413b55/datanode-2/data/ratis/63473c75-4a68-41bc-8406-af8f8ed5e8f2/current/log_inprogress_0
2019-09-19 08:17:14,033 [grpc-default-executor-3] INFO  impl.RaftServerImpl (ServerState.java:setLeader(253)) - 69d10f23-105a-4b02-8178-76d7d2177f75@group-AF8F8ED5E8F2: change Leader from null to 40142a40-e4e1-4467-a28a-765edac3228d at term 1 for appendEntries, leader elected after 5200ms
2019-09-19 08:17:14,033 [grpc-default-executor-1] INFO  impl.RaftServerImpl (ServerState.java:setLeader(253)) - c4c920b5-2080-4c17-8bd2-a07878bbfa61@group-AF8F8ED5E8F2: change Leader from null to 40142a40-e4e1-4467-a28a-765edac3228d at term 1 for appendEntries, leader elected after 5200ms
2019-09-19 08:17:14,063 [grpc-default-executor-3] INFO  impl.RaftServerImpl (ServerState.java:setRaftConf(354)) - 69d10f23-105a-4b02-8178-76d7d2177f75@group-AF8F8ED5E8F2: set configuration 0: [69d10f23-105a-4b02-8178-76d7d2177f75:192.168.36.85:45524, 40142a40-e4e1-4467-a28a-765edac3228d:192.168.36.85:35634, c4c920b5-2080-4c17-8bd2-a07878bbfa61:192.168.36.85:40621], old=null at 0
2019-09-19 08:17:14,063 [grpc-default-executor-1] INFO  impl.RaftServerImpl (ServerState.java:setRaftConf(354)) - c4c920b5-2080-4c17-8bd2-a07878bbfa61@group-AF8F8ED5E8F2: set configuration 0: [69d10f23-105a-4b02-8178-76d7d2177f75:192.168.36.85:45524, 40142a40-e4e1-4467-a28a-765edac3228d:192.168.36.85:35634, c4c920b5-2080-4c17-8bd2-a07878bbfa61:192.168.36.85:40621], old=null at 0
2019-09-19 08:17:14,063 [grpc-default-executor-3] INFO  segmented.SegmentedRaftLogWorker (SegmentedRaftLogWorker.java:startLogSegment(380)) - 69d10f23-105a-4b02-8178-76d7d2177f75@group-AF8F8ED5E8F2-SegmentedRaftLogWorker: Starting segment from index:0
2019-09-19 08:17:14,064 [grpc-default-executor-1] INFO  segmented.SegmentedRaftLogWorker (SegmentedRaftLogWorker.java:startLogSegment(380)) - c4c920b5-2080-4c17-8bd2-a07878bbfa61@group-AF8F8ED5E8F2-SegmentedRaftLogWorker: Starting segment from index:0
2019-09-19 08:17:14,112 [c4c920b5-2080-4c17-8bd2-a07878bbfa61@group-AF8F8ED5E8F2-SegmentedRaftLogWorker] INFO  segmented.SegmentedRaftLogWorker (SegmentedRaftLogWorker.java:execute(569)) - c4c920b5-2080-4c17-8bd2-a07878bbfa61@group-AF8F8ED5E8F2-SegmentedRaftLogWorker: created new log segment /workdir/hadoop-ozone/integration-test/target/test-dir/MiniOzoneClusterImpl-8fb0b404-6679-45f6-9240-c8337d413b55/datanode-0/data/ratis/63473c75-4a68-41bc-8406-af8f8ed5e8f2/current/log_inprogress_0
2019-09-19 08:17:14,112 [69d10f23-105a-4b02-8178-76d7d2177f75@group-AF8F8ED5E8F2-SegmentedRaftLogWorker] INFO  segmented.SegmentedRaftLogWorker (SegmentedRaftLogWorker.java:execute(569)) - 69d10f23-105a-4b02-8178-76d7d2177f75@group-AF8F8ED5E8F2-SegmentedRaftLogWorker: created new log segment /workdir/hadoop-ozone/integration-test/target/test-dir/MiniOzoneClusterImpl-8fb0b404-6679-45f6-9240-c8337d413b55/datanode-3/data/ratis/63473c75-4a68-41bc-8406-af8f8ed5e8f2/current/log_inprogress_0
2019-09-19 08:17:14,481 [grpc-default-executor-1] INFO  client.GrpcClientProtocolClient (GrpcClientProtocolClient.java:onNext(264)) - client-D257786A1196->c4c920b5-2080-4c17-8bd2-a07878bbfa61: receive RaftClientReply:client-D257786A1196->c4c920b5-2080-4c17-8bd2-a07878bbfa61@group-AF8F8ED5E8F2, cid=9, FAILED org.apache.ratis.protocol.NotLeaderException: Server c4c920b5-2080-4c17-8bd2-a07878bbfa61@group-AF8F8ED5E8F2 is not the leader 40142a40-e4e1-4467-a28a-765edac3228d:192.168.36.85:35634, logIndex=0, commits[c4c920b5-2080-4c17-8bd2-a07878bbfa61:c0, 69d10f23-105a-4b02-8178-76d7d2177f75:c-1, 40142a40-e4e1-4467-a28a-765edac3228d:c0]
2019-09-19 08:17:14,775 [grpc-default-executor-3] INFO  client.GrpcClientProtocolClient (GrpcClientProtocolClient.java:onNext(264)) - client-D257786A1196->40142a40-e4e1-4467-a28a-765edac3228d: receive RaftClientReply:client-D257786A1196->40142a40-e4e1-4467-a28a-765edac3228d@group-AF8F8ED5E8F2, cid=9, SUCCESS, logIndex=1, commits[40142a40-e4e1-4467-a28a-765edac3228d:c1, 69d10f23-105a-4b02-8178-76d7d2177f75:c0, c4c920b5-2080-4c17-8bd2-a07878bbfa61:c0]
2019-09-19 08:17:14,941 [ReplicationMonitor] INFO  container.ReplicationManager (ReplicationManager.java:sendCloseCommand(659)) - Sending close container command for container #1 to datanode 40142a40-e4e1-4467-a28a-765edac3228d{ip: 192.168.36.85, host: pr-hdds-2101-t8mbx-1252714220, networkLocation: /default-rack, certSerialId: null}.
2019-09-19 08:17:14,943 [ReplicationMonitor] INFO  container.ReplicationManager (ReplicationManager.java:sendCloseCommand(659)) - Sending close container command for container #1 to datanode c4c920b5-2080-4c17-8bd2-a07878bbfa61{ip: 192.168.36.85, host: pr-hdds-2101-t8mbx-1252714220, networkLocation: /default-rack, certSerialId: null}.
2019-09-19 08:17:14,944 [ReplicationMonitor] INFO  container.ReplicationManager (ReplicationManager.java:sendCloseCommand(659)) - Sending close container command for container #1 to datanode 69d10f23-105a-4b02-8178-76d7d2177f75{ip: 192.168.36.85, host: pr-hdds-2101-t8mbx-1252714220, networkLocation: /default-rack, certSerialId: null}.
2019-09-19 08:17:14,945 [ReplicationMonitor] INFO  container.ReplicationManager (ReplicationManager.java:run(225)) - Replication Monitor Thread took 4 milliseconds for processing 1 containers.
2019-09-19 08:17:14,947 [grpc-default-executor-0] INFO  client.GrpcClientProtocolClient (GrpcClientProtocolClient.java:onNext(264)) - client-D257786A1196->40142a40-e4e1-4467-a28a-765edac3228d: receive RaftClientReply:client-D257786A1196->40142a40-e4e1-4467-a28a-765edac3228d@group-AF8F8ED5E8F2, cid=10, SUCCESS, logIndex=3, commits[40142a40-e4e1-4467-a28a-765edac3228d:c4, 69d10f23-105a-4b02-8178-76d7d2177f75:c3, c4c920b5-2080-4c17-8bd2-a07878bbfa61:c3]
2019-09-19 08:17:14,972 [main] ERROR container.ContainerStateManager (ContainerStateManager.java:updateContainerState(335)) - Failed to update container state #1, reason: invalid state transition from state: CLOSING upon event: FINALIZE.
]]></system-out>
    <system-err><![CDATA[ERROR StatusLogger No Log4j 2 configuration file found. Using default configuration (logging only errors to the console), or user programmatically provided configurations. Set system property 'log4j2.debug' to show Log4j 2 internal initialization logging. See https://logging.apache.org/log4j/2.x/manual/configuration.html for instructions on how to configure Log4j 2
]]></system-err>
  </testcase>
</testsuite>