<?xml version="1.0" encoding="UTF-8"?>
<testsuite xmlns:xsi="http://www.w3.org/2001/XMLSchema-instance" xsi:noNamespaceSchemaLocation="https://maven.apache.org/surefire/maven-surefire-plugin/xsd/surefire-test-report.xsd" name="org.apache.hadoop.ozone.client.rpc.TestFailureHandlingByClient" time="376.305" tests="5" errors="1" skipped="0" failures="0">
  <properties>
    <property name="awt.toolkit" value="sun.awt.X11.XToolkit"/>
    <property name="file.encoding.pkg" value="sun.io"/>
    <property name="java.specification.version" value="1.8"/>
    <property name="sun.cpu.isalist" value=""/>
    <property name="sun.jnu.encoding" value="UTF-8"/>
    <property name="java.class.path" value="/workdir/hadoop-ozone/integration-test/target/test-classes:/workdir/hadoop-ozone/integration-test/target/classes:/home/user/.m2/repository/org/apache/hadoop/hadoop-ozone-common/0.5.0-SNAPSHOT/hadoop-ozone-common-0.5.0-SNAPSHOT.jar:/home/user/.m2/repository/org/apache/commons/commons-compress/1.4.1/commons-compress-1.4.1.jar:/home/user/.m2/repository/org/tukaani/xz/1.0/xz-1.0.jar:/home/user/.m2/repository/org/apache/hadoop/hadoop-common/3.2.0/hadoop-common-3.2.0.jar:/home/user/.m2/repository/org/apache/hadoop/hadoop-hdfs/3.2.0/hadoop-hdfs-3.2.0.jar:/home/user/.m2/repository/org/apache/hadoop/hadoop-hdfs-client/3.2.0/hadoop-hdfs-client-3.2.0.jar:/home/user/.m2/repository/com/fasterxml/jackson/core/jackson-annotations/2.9.9/jackson-annotations-2.9.9.jar:/home/user/.m2/repository/org/apache/hadoop/hadoop-hdds-common/0.5.0-SNAPSHOT/hadoop-hdds-common-0.5.0-SNAPSHOT.jar:/home/user/.m2/repository/javax/annotation/javax.annotation-api/1.2/javax.annotation-api-1.2.jar:/home/user/.m2/repository/org/apache/ratis/ratis-server/0.4.0-78e95b9-SNAPSHOT/ratis-server-0.4.0-78e95b9-SNAPSHOT.jar:/home/user/.m2/repository/org/apache/ratis/ratis-thirdparty-misc/0.2.0/ratis-thirdparty-misc-0.2.0.jar:/home/user/.m2/repository/org/apache/ratis/ratis-proto/0.4.0-78e95b9-SNAPSHOT/ratis-proto-0.4.0-78e95b9-SNAPSHOT.jar:/home/user/.m2/repository/org/apache/ratis/ratis-common/0.4.0-78e95b9-SNAPSHOT/ratis-common-0.4.0-78e95b9-SNAPSHOT.jar:/home/user/.m2/repository/org/apache/ratis/ratis-client/0.4.0-78e95b9-SNAPSHOT/ratis-client-0.4.0-78e95b9-SNAPSHOT.jar:/home/user/.m2/repository/org/apache/ratis/ratis-metrics/0.4.0-78e95b9-SNAPSHOT/ratis-metrics-0.4.0-78e95b9-SNAPSHOT.jar:/home/user/.m2/repository/com/github/joshelser/dropwizard-metrics-hadoop-metrics2-reporter/0.1.2/dropwizard-metrics-hadoop-metrics2-reporter-0.1.2.jar:/home/user/.m2/repository/io/dropwizard/metrics/metrics-jvm/3.2.5/metrics-jvm-3.2.5.jar:/home/user/.m2/repository/io/dropwizard/metrics/metrics-ganglia/3.2.5/metrics-ganglia-3.2.5.jar:/home/user/.m2/repository/info/ganglia/gmetric4j/gmetric4j/1.0.7/gmetric4j-1.0.7.jar:/home/user/.m2/repository/org/apache/ratis/ratis-netty/0.4.0-78e95b9-SNAPSHOT/ratis-netty-0.4.0-78e95b9-SNAPSHOT.jar:/home/user/.m2/repository/org/apache/ratis/ratis-grpc/0.4.0-78e95b9-SNAPSHOT/ratis-grpc-0.4.0-78e95b9-SNAPSHOT.jar:/home/user/.m2/repository/org/rocksdb/rocksdbjni/6.0.1/rocksdbjni-6.0.1.jar:/home/user/.m2/repository/org/apache/logging/log4j/log4j-api/2.11.0/log4j-api-2.11.0.jar:/home/user/.m2/repository/org/apache/logging/log4j/log4j-core/2.11.0/log4j-core-2.11.0.jar:/home/user/.m2/repository/com/lmax/disruptor/3.4.2/disruptor-3.4.2.jar:/home/user/.m2/repository/org/apache/commons/commons-pool2/2.6.0/commons-pool2-2.6.0.jar:/home/user/.m2/repository/org/bouncycastle/bcpkix-jdk15on/1.60/bcpkix-jdk15on-1.60.jar:/home/user/.m2/repository/commons-validator/commons-validator/1.6/commons-validator-1.6.jar:/home/user/.m2/repository/commons-digester/commons-digester/1.8.1/commons-digester-1.8.1.jar:/home/user/.m2/repository/io/jaegertracing/jaeger-client/0.33.1/jaeger-client-0.33.1.jar:/home/user/.m2/repository/io/jaegertracing/jaeger-thrift/0.33.1/jaeger-thrift-0.33.1.jar:/home/user/.m2/repository/org/apache/thrift/libthrift/0.11.0/libthrift-0.11.0.jar:/home/user/.m2/repository/com/squareup/okhttp3/okhttp/3.9.0/okhttp-3.9.0.jar:/home/user/.m2/repository/com/squareup/okio/okio/1.13.0/okio-1.13.0.jar:/home/user/.m2/repository/io/jaegertracing/jaeger-core/0.33.1/jaeger-core-0.33.1.jar:/home/user/.m2/repository/io/jaegertracing/jaeger-tracerresolver/0.33.1/jaeger-tracerresolver-0.33.1.jar:/home/user/.m2/repository/io/opentracing/contrib/opentracing-tracerresolver/0.1.5/opentracing-tracerresolver-0.1.5.jar:/home/user/.m2/repository/io/opentracing/opentracing-util/0.31.0/opentracing-util-0.31.0.jar:/home/user/.m2/repository/io/opentracing/opentracing-api/0.31.0/opentracing-api-0.31.0.jar:/home/user/.m2/repository/io/opentracing/opentracing-noop/0.31.0/opentracing-noop-0.31.0.jar:/home/user/.m2/repository/org/apache/hadoop/hadoop-hdds-server-framework/0.5.0-SNAPSHOT/hadoop-hdds-server-framework-0.5.0-SNAPSHOT.jar:/home/user/.m2/repository/org/apache/hadoop/hadoop-hdds-container-service/0.5.0-SNAPSHOT/hadoop-hdds-container-service-0.5.0-SNAPSHOT.jar:/home/user/.m2/repository/org/apache/hadoop/hadoop-hdds-client/0.5.0-SNAPSHOT/hadoop-hdds-client-0.5.0-SNAPSHOT.jar:/home/user/.m2/repository/org/apache/hadoop/hadoop-hdds-tools/0.5.0-SNAPSHOT/hadoop-hdds-tools-0.5.0-SNAPSHOT.jar:/home/user/.m2/repository/org/apache/hadoop/hadoop-hdds-server-scm/0.5.0-SNAPSHOT/hadoop-hdds-server-scm-0.5.0-SNAPSHOT.jar:/home/user/.m2/repository/org/apache/hadoop/hadoop-hdds-docs/0.5.0-SNAPSHOT/hadoop-hdds-docs-0.5.0-SNAPSHOT.jar:/home/user/.m2/repository/io/dropwizard/metrics/metrics-core/3.2.4/metrics-core-3.2.4.jar:/home/user/.m2/repository/org/hamcrest/hamcrest-all/1.3/hamcrest-all-1.3.jar:/home/user/.m2/repository/org/bouncycastle/bcprov-jdk15on/1.60/bcprov-jdk15on-1.60.jar:/home/user/.m2/repository/info/picocli/picocli/3.9.6/picocli-3.9.6.jar:/home/user/.m2/repository/com/google/protobuf/protobuf-java/2.5.0/protobuf-java-2.5.0.jar:/home/user/.m2/repository/com/google/guava/guava/11.0.2/guava-11.0.2.jar:/home/user/.m2/repository/org/apache/hadoop/hadoop-ozone-ozone-manager/0.5.0-SNAPSHOT/hadoop-ozone-ozone-manager-0.5.0-SNAPSHOT.jar:/home/user/.m2/repository/org/apache/hadoop/hadoop-minikdc/3.2.0/hadoop-minikdc-3.2.0.jar:/home/user/.m2/repository/commons-io/commons-io/2.5/commons-io-2.5.jar:/home/user/.m2/repository/org/apache/kerby/kerb-simplekdc/1.0.1/kerb-simplekdc-1.0.1.jar:/home/user/.m2/repository/org/apache/kerby/kerb-client/1.0.1/kerb-client-1.0.1.jar:/home/user/.m2/repository/org/apache/kerby/kerby-config/1.0.1/kerby-config-1.0.1.jar:/home/user/.m2/repository/org/apache/kerby/kerb-core/1.0.1/kerb-core-1.0.1.jar:/home/user/.m2/repository/org/apache/kerby/kerby-pkix/1.0.1/kerby-pkix-1.0.1.jar:/home/user/.m2/repository/org/apache/kerby/kerby-asn1/1.0.1/kerby-asn1-1.0.1.jar:/home/user/.m2/repository/org/apache/kerby/kerby-util/1.0.1/kerby-util-1.0.1.jar:/home/user/.m2/repository/org/apache/kerby/kerb-common/1.0.1/kerb-common-1.0.1.jar:/home/user/.m2/repository/org/apache/kerby/kerb-crypto/1.0.1/kerb-crypto-1.0.1.jar:/home/user/.m2/repository/org/apache/kerby/kerb-util/1.0.1/kerb-util-1.0.1.jar:/home/user/.m2/repository/org/apache/kerby/token-provider/1.0.1/token-provider-1.0.1.jar:/home/user/.m2/repository/org/apache/kerby/kerb-admin/1.0.1/kerb-admin-1.0.1.jar:/home/user/.m2/repository/org/apache/kerby/kerb-server/1.0.1/kerb-server-1.0.1.jar:/home/user/.m2/repository/org/apache/kerby/kerb-identity/1.0.1/kerb-identity-1.0.1.jar:/home/user/.m2/repository/org/apache/kerby/kerby-xdr/1.0.1/kerby-xdr-1.0.1.jar:/home/user/.m2/repository/org/slf4j/slf4j-log4j12/1.7.25/slf4j-log4j12-1.7.25.jar:/home/user/.m2/repository/org/apache/hadoop/hadoop-ozone-s3gateway/0.5.0-SNAPSHOT/hadoop-ozone-s3gateway-0.5.0-SNAPSHOT.jar:/home/user/.m2/repository/org/jboss/weld/servlet/weld-servlet/2.4.7.Final/weld-servlet-2.4.7.Final.jar:/home/user/.m2/repository/org/glassfish/jersey/containers/jersey-container-servlet-core/2.27/jersey-container-servlet-core-2.27.jar:/home/user/.m2/repository/org/glassfish/hk2/external/javax.inject/2.5.0-b42/javax.inject-2.5.0-b42.jar:/home/user/.m2/repository/org/glassfish/jersey/core/jersey-common/2.27/jersey-common-2.27.jar:/home/user/.m2/repository/org/glassfish/hk2/osgi-resource-locator/1.0.1/osgi-resource-locator-1.0.1.jar:/home/user/.m2/repository/javax/ws/rs/javax.ws.rs-api/2.1/javax.ws.rs-api-2.1.jar:/home/user/.m2/repository/org/glassfish/jersey/ext/cdi/jersey-cdi1x/2.27/jersey-cdi1x-2.27.jar:/home/user/.m2/repository/org/glassfish/jersey/inject/jersey-hk2/2.27/jersey-hk2-2.27.jar:/home/user/.m2/repository/org/glassfish/hk2/hk2-locator/2.5.0-b42/hk2-locator-2.5.0-b42.jar:/home/user/.m2/repository/org/javassist/javassist/3.22.0-CR2/javassist-3.22.0-CR2.jar:/home/user/.m2/repository/org/glassfish/hk2/hk2-api/2.5.0/hk2-api-2.5.0.jar:/home/user/.m2/repository/org/glassfish/hk2/external/jakarta.inject/2.5.0/jakarta.inject-2.5.0.jar:/home/user/.m2/repository/org/glassfish/hk2/hk2-utils/2.5.0/hk2-utils-2.5.0.jar:/home/user/.m2/repository/jakarta/annotation/jakarta.annotation-api/1.3.4/jakarta.annotation-api-1.3.4.jar:/home/user/.m2/repository/org/glassfish/hk2/external/aopalliance-repackaged/2.5.0/aopalliance-repackaged-2.5.0.jar:/home/user/.m2/repository/com/fasterxml/jackson/dataformat/jackson-dataformat-xml/2.9.0/jackson-dataformat-xml-2.9.0.jar:/home/user/.m2/repository/com/fasterxml/jackson/core/jackson-core/2.9.9/jackson-core-2.9.9.jar:/home/user/.m2/repository/com/fasterxml/jackson/module/jackson-module-jaxb-annotations/2.9.9/jackson-module-jaxb-annotations-2.9.9.jar:/home/user/.m2/repository/javax/enterprise/cdi-api/1.2/cdi-api-1.2.jar:/home/user/.m2/repository/javax/el/javax.el-api/3.0.0/javax.el-api-3.0.0.jar:/home/user/.m2/repository/javax/interceptor/javax.interceptor-api/1.2/javax.interceptor-api-1.2.jar:/home/user/.m2/repository/javax/inject/javax.inject/1/javax.inject-1.jar:/home/user/.m2/repository/com/sun/xml/bind/jaxb-impl/2.3.0.1/jaxb-impl-2.3.0.1.jar:/home/user/.m2/repository/com/sun/xml/bind/jaxb-core/2.3.0.1/jaxb-core-2.3.0.1.jar:/home/user/.m2/repository/javax/xml/bind/jaxb-api/2.3.0/jaxb-api-2.3.0.jar:/home/user/.m2/repository/javax/activation/activation/1.1.1/activation-1.1.1.jar:/home/user/.m2/repository/org/apache/hadoop/hadoop-ozone-csi/0.5.0-SNAPSHOT/hadoop-ozone-csi-0.5.0-SNAPSHOT.jar:/home/user/.m2/repository/com/google/protobuf/protobuf-java-util/3.5.1/protobuf-java-util-3.5.1.jar:/home/user/.m2/repository/org/apache/hadoop/hadoop-hdds-config/0.5.0-SNAPSHOT/hadoop-hdds-config-0.5.0-SNAPSHOT.jar:/home/user/.m2/repository/io/grpc/grpc-netty/1.17.1/grpc-netty-1.17.1.jar:/home/user/.m2/repository/io/grpc/grpc-core/1.17.1/grpc-core-1.17.1.jar:/home/user/.m2/repository/io/grpc/grpc-context/1.17.1/grpc-context-1.17.1.jar:/home/user/.m2/repository/com/google/errorprone/error_prone_annotations/2.2.0/error_prone_annotations-2.2.0.jar:/home/user/.m2/repository/org/codehaus/mojo/animal-sniffer-annotations/1.17/animal-sniffer-annotations-1.17.jar:/home/user/.m2/repository/io/opencensus/opencensus-api/0.17.0/opencensus-api-0.17.0.jar:/home/user/.m2/repository/io/opencensus/opencensus-contrib-grpc-metrics/0.17.0/opencensus-contrib-grpc-metrics-0.17.0.jar:/home/user/.m2/repository/io/netty/netty-codec-http2/4.1.30.Final/netty-codec-http2-4.1.30.Final.jar:/home/user/.m2/repository/io/netty/netty-codec-http/4.1.30.Final/netty-codec-http-4.1.30.Final.jar:/home/user/.m2/repository/io/netty/netty-codec/4.1.30.Final/netty-codec-4.1.30.Final.jar:/home/user/.m2/repository/io/netty/netty-handler/4.1.30.Final/netty-handler-4.1.30.Final.jar:/home/user/.m2/repository/io/netty/netty-handler-proxy/4.1.30.Final/netty-handler-proxy-4.1.30.Final.jar:/home/user/.m2/repository/io/netty/netty-codec-socks/4.1.30.Final/netty-codec-socks-4.1.30.Final.jar:/home/user/.m2/repository/io/netty/netty-transport-native-epoll/4.1.30.Final/netty-transport-native-epoll-4.1.30.Final.jar:/home/user/.m2/repository/io/netty/netty-common/4.1.30.Final/netty-common-4.1.30.Final.jar:/home/user/.m2/repository/io/netty/netty-buffer/4.1.30.Final/netty-buffer-4.1.30.Final.jar:/home/user/.m2/repository/io/netty/netty-transport/4.1.30.Final/netty-transport-4.1.30.Final.jar:/home/user/.m2/repository/io/netty/netty-resolver/4.1.30.Final/netty-resolver-4.1.30.Final.jar:/home/user/.m2/repository/io/netty/netty-transport-native-unix-common/4.1.30.Final/netty-transport-native-unix-common-4.1.30.Final.jar:/home/user/.m2/repository/io/grpc/grpc-protobuf/1.17.1/grpc-protobuf-1.17.1.jar:/home/user/.m2/repository/com/google/api/grpc/proto-google-common-protos/1.0.0/proto-google-common-protos-1.0.0.jar:/home/user/.m2/repository/io/grpc/grpc-protobuf-lite/1.17.1/grpc-protobuf-lite-1.17.1.jar:/home/user/.m2/repository/io/grpc/grpc-stub/1.17.1/grpc-stub-1.17.1.jar:/home/user/.m2/repository/org/apache/hadoop/hadoop-ozone-recon/0.5.0-SNAPSHOT/hadoop-ozone-recon-0.5.0-SNAPSHOT.jar:/home/user/.m2/repository/org/apache/hadoop/hadoop-ozone-reconcodegen/0.5.0-SNAPSHOT/hadoop-ozone-reconcodegen-0.5.0-SNAPSHOT.jar:/home/user/.m2/repository/com/google/inject/extensions/guice-multibindings/4.0/guice-multibindings-4.0.jar:/home/user/.m2/repository/com/google/inject/guice/4.0/guice-4.0.jar:/home/user/.m2/repository/aopalliance/aopalliance/1.0/aopalliance-1.0.jar:/home/user/.m2/repository/com/google/inject/extensions/guice-servlet/4.0/guice-servlet-4.0.jar:/home/user/.m2/repository/org/glassfish/jersey/containers/jersey-container-servlet/2.27/jersey-container-servlet-2.27.jar:/home/user/.m2/repository/org/glassfish/hk2/guice-bridge/2.5.0/guice-bridge-2.5.0.jar:/home/user/.m2/repository/org/glassfish/jersey/core/jersey-server/2.27/jersey-server-2.27.jar:/home/user/.m2/repository/org/glassfish/jersey/core/jersey-client/2.27/jersey-client-2.27.jar:/home/user/.m2/repository/org/glassfish/jersey/media/jersey-media-jaxb/2.27/jersey-media-jaxb-2.27.jar:/home/user/.m2/repository/javax/validation/validation-api/1.1.0.Final/validation-api-1.1.0.Final.jar:/home/user/.m2/repository/org/glassfish/jersey/media/jersey-media-json-jackson/2.27/jersey-media-json-jackson-2.27.jar:/home/user/.m2/repository/org/glassfish/jersey/ext/jersey-entity-filtering/2.27/jersey-entity-filtering-2.27.jar:/home/user/.m2/repository/com/google/inject/extensions/guice-assistedinject/4.0/guice-assistedinject-4.0.jar:/home/user/.m2/repository/org/jooq/jooq/3.11.10/jooq-3.11.10.jar:/home/user/.m2/repository/org/jooq/jooq-meta/3.11.10/jooq-meta-3.11.10.jar:/home/user/.m2/repository/org/jooq/jooq-codegen/3.11.10/jooq-codegen-3.11.10.jar:/home/user/.m2/repository/com/jolbox/bonecp/0.8.0.RELEASE/bonecp-0.8.0.RELEASE.jar:/home/user/.m2/repository/org/xerial/sqlite-jdbc/3.25.2/sqlite-jdbc-3.25.2.jar:/home/user/.m2/repository/org/springframework/spring-jdbc/5.1.3.RELEASE/spring-jdbc-5.1.3.RELEASE.jar:/home/user/.m2/repository/org/springframework/spring-beans/5.1.3.RELEASE/spring-beans-5.1.3.RELEASE.jar:/home/user/.m2/repository/org/springframework/spring-core/5.1.3.RELEASE/spring-core-5.1.3.RELEASE.jar:/home/user/.m2/repository/org/springframework/spring-jcl/5.1.3.RELEASE/spring-jcl-5.1.3.RELEASE.jar:/home/user/.m2/repository/org/springframework/spring-tx/5.1.3.RELEASE/spring-tx-5.1.3.RELEASE.jar:/home/user/.m2/repository/org/apache/hadoop/hadoop-ozone-client/0.5.0-SNAPSHOT/hadoop-ozone-client-0.5.0-SNAPSHOT.jar:/home/user/.m2/repository/commons-lang/commons-lang/2.6/commons-lang-2.6.jar:/home/user/.m2/repository/org/apache/hadoop/hadoop-ozone-ozone-manager/0.5.0-SNAPSHOT/hadoop-ozone-ozone-manager-0.5.0-SNAPSHOT-tests.jar:/home/user/.m2/repository/junit/junit/4.11/junit-4.11.jar:/home/user/.m2/repository/org/hamcrest/hamcrest-core/1.3/hamcrest-core-1.3.jar:/home/user/.m2/repository/org/openjdk/jmh/jmh-core/1.19/jmh-core-1.19.jar:/home/user/.m2/repository/net/sf/jopt-simple/jopt-simple/4.6/jopt-simple-4.6.jar:/home/user/.m2/repository/org/apache/commons/commons-math3/3.1.1/commons-math3-3.1.1.jar:/home/user/.m2/repository/org/openjdk/jmh/jmh-generator-annprocess/1.19/jmh-generator-annprocess-1.19.jar:/home/user/.m2/repository/org/mockito/mockito-all/1.8.5/mockito-all-1.8.5.jar:/home/user/.m2/repository/org/apache/hadoop/hadoop-kms/3.2.0/hadoop-kms-3.2.0.jar:/home/user/.m2/repository/org/apache/hadoop/hadoop-auth/3.2.0/hadoop-auth-3.2.0.jar:/home/user/.m2/repository/com/nimbusds/nimbus-jose-jwt/4.41.1/nimbus-jose-jwt-4.41.1.jar:/home/user/.m2/repository/com/github/stephenc/jcip/jcip-annotations/1.0-1/jcip-annotations-1.0-1.jar:/home/user/.m2/repository/net/minidev/json-smart/2.3/json-smart-2.3.jar:/home/user/.m2/repository/net/minidev/accessors-smart/1.2/accessors-smart-1.2.jar:/home/user/.m2/repository/org/ow2/asm/asm/5.0.4/asm-5.0.4.jar:/home/user/.m2/repository/org/apache/curator/curator-framework/2.12.0/curator-framework-2.12.0.jar:/home/user/.m2/repository/com/sun/jersey/jersey-core/1.19/jersey-core-1.19.jar:/home/user/.m2/repository/javax/ws/rs/jsr311-api/1.1.1/jsr311-api-1.1.1.jar:/home/user/.m2/repository/com/sun/jersey/jersey-server/1.19/jersey-server-1.19.jar:/home/user/.m2/repository/javax/servlet/javax.servlet-api/3.1.0/javax.servlet-api-3.1.0.jar:/home/user/.m2/repository/org/eclipse/jetty/jetty-server/9.3.24.v20180605/jetty-server-9.3.24.v20180605.jar:/home/user/.m2/repository/org/eclipse/jetty/jetty-http/9.3.24.v20180605/jetty-http-9.3.24.v20180605.jar:/home/user/.m2/repository/org/eclipse/jetty/jetty-io/9.3.24.v20180605/jetty-io-9.3.24.v20180605.jar:/home/user/.m2/repository/org/eclipse/jetty/jetty-webapp/9.3.24.v20180605/jetty-webapp-9.3.24.v20180605.jar:/home/user/.m2/repository/org/eclipse/jetty/jetty-xml/9.3.24.v20180605/jetty-xml-9.3.24.v20180605.jar:/home/user/.m2/repository/log4j/log4j/1.2.17/log4j-1.2.17.jar:/home/user/.m2/repository/org/slf4j/slf4j-api/1.7.25/slf4j-api-1.7.25.jar:/home/user/.m2/repository/org/slf4j/jul-to-slf4j/1.7.25/jul-to-slf4j-1.7.25.jar:/home/user/.m2/repository/org/eclipse/jetty/jetty-util/9.3.24.v20180605/jetty-util-9.3.24.v20180605.jar:/home/user/.m2/repository/com/fasterxml/jackson/core/jackson-databind/2.9.9/jackson-databind-2.9.9.jar:/home/user/.m2/repository/org/apache/hadoop/hadoop-kms/3.2.0/hadoop-kms-3.2.0-tests.jar:/home/user/.m2/repository/org/apache/hadoop/hadoop-hdds-server-scm/0.5.0-SNAPSHOT/hadoop-hdds-server-scm-0.5.0-SNAPSHOT-tests.jar:/home/user/.m2/repository/org/apache/hadoop/hadoop-hdds-container-service/0.5.0-SNAPSHOT/hadoop-hdds-container-service-0.5.0-SNAPSHOT-tests.jar:/home/user/.m2/repository/org/yaml/snakeyaml/1.16/snakeyaml-1.16.jar:/home/user/.m2/repository/org/apache/hadoop/hadoop-common/3.2.0/hadoop-common-3.2.0-tests.jar:/home/user/.m2/repository/org/apache/hadoop/hadoop-annotations/3.2.0/hadoop-annotations-3.2.0.jar:/usr/lib/jvm/java-1.8-openjdk/jre/../lib/tools.jar:/home/user/.m2/repository/commons-cli/commons-cli/1.2/commons-cli-1.2.jar:/home/user/.m2/repository/org/apache/httpcomponents/httpclient/4.5.2/httpclient-4.5.2.jar:/home/user/.m2/repository/org/apache/httpcomponents/httpcore/4.4.4/httpcore-4.4.4.jar:/home/user/.m2/repository/commons-codec/commons-codec/1.11/commons-codec-1.11.jar:/home/user/.m2/repository/commons-net/commons-net/3.6/commons-net-3.6.jar:/home/user/.m2/repository/commons-collections/commons-collections/3.2.2/commons-collections-3.2.2.jar:/home/user/.m2/repository/org/eclipse/jetty/jetty-servlet/9.3.24.v20180605/jetty-servlet-9.3.24.v20180605.jar:/home/user/.m2/repository/org/eclipse/jetty/jetty-security/9.3.24.v20180605/jetty-security-9.3.24.v20180605.jar:/home/user/.m2/repository/javax/servlet/jsp/jsp-api/2.1/jsp-api-2.1.jar:/home/user/.m2/repository/com/sun/jersey/jersey-servlet/1.19/jersey-servlet-1.19.jar:/home/user/.m2/repository/com/sun/jersey/jersey-json/1.19/jersey-json-1.19.jar:/home/user/.m2/repository/org/codehaus/jettison/jettison/1.1/jettison-1.1.jar:/home/user/.m2/repository/org/codehaus/jackson/jackson-core-asl/1.9.13/jackson-core-asl-1.9.13.jar:/home/user/.m2/repository/org/codehaus/jackson/jackson-mapper-asl/1.9.13/jackson-mapper-asl-1.9.13.jar:/home/user/.m2/repository/org/codehaus/jackson/jackson-jaxrs/1.9.13/jackson-jaxrs-1.9.13.jar:/home/user/.m2/repository/org/codehaus/jackson/jackson-xc/1.9.13/jackson-xc-1.9.13.jar:/home/user/.m2/repository/commons-logging/commons-logging/1.1.3/commons-logging-1.1.3.jar:/home/user/.m2/repository/commons-beanutils/commons-beanutils/1.9.4/commons-beanutils-1.9.4.jar:/home/user/.m2/repository/org/apache/commons/commons-configuration2/2.1.1/commons-configuration2-2.1.1.jar:/home/user/.m2/repository/org/apache/commons/commons-lang3/3.7/commons-lang3-3.7.jar:/home/user/.m2/repository/org/apache/commons/commons-text/1.4/commons-text-1.4.jar:/home/user/.m2/repository/org/apache/avro/avro/1.7.7/avro-1.7.7.jar:/home/user/.m2/repository/com/thoughtworks/paranamer/paranamer/2.3/paranamer-2.3.jar:/home/user/.m2/repository/org/xerial/snappy/snappy-java/1.0.5/snappy-java-1.0.5.jar:/home/user/.m2/repository/com/google/re2j/re2j/1.1/re2j-1.1.jar:/home/user/.m2/repository/com/google/code/gson/gson/2.2.4/gson-2.2.4.jar:/home/user/.m2/repository/com/jcraft/jsch/0.1.54/jsch-0.1.54.jar:/home/user/.m2/repository/org/apache/curator/curator-client/2.12.0/curator-client-2.12.0.jar:/home/user/.m2/repository/org/apache/curator/curator-recipes/2.12.0/curator-recipes-2.12.0.jar:/home/user/.m2/repository/com/google/code/findbugs/jsr305/3.0.0/jsr305-3.0.0.jar:/home/user/.m2/repository/org/apache/htrace/htrace-core4/4.1.0-incubating/htrace-core4-4.1.0-incubating.jar:/home/user/.m2/repository/org/apache/zookeeper/zookeeper/3.4.13/zookeeper-3.4.13.jar:/home/user/.m2/repository/org/apache/yetus/audience-annotations/0.5.0/audience-annotations-0.5.0.jar:/home/user/.m2/repository/org/codehaus/woodstox/stax2-api/3.1.4/stax2-api-3.1.4.jar:/home/user/.m2/repository/com/fasterxml/woodstox/woodstox-core/5.0.3/woodstox-core-5.0.3.jar:/home/user/.m2/repository/dnsjava/dnsjava/2.1.7/dnsjava-2.1.7.jar:/home/user/.m2/repository/org/apache/hadoop/hadoop-hdfs/3.2.0/hadoop-hdfs-3.2.0-tests.jar:/home/user/.m2/repository/org/eclipse/jetty/jetty-util-ajax/9.3.24.v20180605/jetty-util-ajax-9.3.24.v20180605.jar:/home/user/.m2/repository/commons-daemon/commons-daemon/1.0.13/commons-daemon-1.0.13.jar:/home/user/.m2/repository/io/netty/netty/3.10.5.Final/netty-3.10.5.Final.jar:/home/user/.m2/repository/io/netty/netty-all/4.0.52.Final/netty-all-4.0.52.Final.jar:/home/user/.m2/repository/org/fusesource/leveldbjni/leveldbjni-all/1.8/leveldbjni-all-1.8.jar:"/>
    <property name="java.vm.vendor" value="IcedTea"/>
    <property name="sun.arch.data.model" value="64"/>
    <property name="test.build.dir" value="/workdir/hadoop-ozone/integration-test/target/test-dir"/>
    <property name="test.cache.data" value=""/>
    <property name="java.vendor.url" value="https://icedtea.classpath.org"/>
    <property name="user.timezone" value=""/>
    <property name="java.vm.specification.version" value="1.8"/>
    <property name="os.name" value="Linux"/>
    <property name="test.build.data" value="/workdir/hadoop-ozone/integration-test/target/test-dir"/>
    <property name="user.country" value="US"/>
    <property name="sun.java.launcher" value="SUN_STANDARD"/>
    <property name="sun.boot.library.path" value="/usr/lib/jvm/java-1.8-openjdk/jre/lib/amd64"/>
    <property name="sun.java.command" value="/workdir/hadoop-ozone/integration-test/target/surefire/surefirebooter2600988526299719576.jar /workdir/hadoop-ozone/integration-test/target/surefire 2019-09-19T07-46-39_372-jvmRun1 surefire4739647457277107982tmp surefire_261852207018391597259tmp"/>
    <property name="test" value="!TestMiniChaosOzoneCluster"/>
    <property name="surefire.test.class.path" value="/workdir/hadoop-ozone/integration-test/target/test-classes:/workdir/hadoop-ozone/integration-test/target/classes:/home/user/.m2/repository/org/apache/hadoop/hadoop-ozone-common/0.5.0-SNAPSHOT/hadoop-ozone-common-0.5.0-SNAPSHOT.jar:/home/user/.m2/repository/org/apache/commons/commons-compress/1.4.1/commons-compress-1.4.1.jar:/home/user/.m2/repository/org/tukaani/xz/1.0/xz-1.0.jar:/home/user/.m2/repository/org/apache/hadoop/hadoop-common/3.2.0/hadoop-common-3.2.0.jar:/home/user/.m2/repository/org/apache/hadoop/hadoop-hdfs/3.2.0/hadoop-hdfs-3.2.0.jar:/home/user/.m2/repository/org/apache/hadoop/hadoop-hdfs-client/3.2.0/hadoop-hdfs-client-3.2.0.jar:/home/user/.m2/repository/com/fasterxml/jackson/core/jackson-annotations/2.9.9/jackson-annotations-2.9.9.jar:/home/user/.m2/repository/org/apache/hadoop/hadoop-hdds-common/0.5.0-SNAPSHOT/hadoop-hdds-common-0.5.0-SNAPSHOT.jar:/home/user/.m2/repository/javax/annotation/javax.annotation-api/1.2/javax.annotation-api-1.2.jar:/home/user/.m2/repository/org/apache/ratis/ratis-server/0.4.0-78e95b9-SNAPSHOT/ratis-server-0.4.0-78e95b9-SNAPSHOT.jar:/home/user/.m2/repository/org/apache/ratis/ratis-thirdparty-misc/0.2.0/ratis-thirdparty-misc-0.2.0.jar:/home/user/.m2/repository/org/apache/ratis/ratis-proto/0.4.0-78e95b9-SNAPSHOT/ratis-proto-0.4.0-78e95b9-SNAPSHOT.jar:/home/user/.m2/repository/org/apache/ratis/ratis-common/0.4.0-78e95b9-SNAPSHOT/ratis-common-0.4.0-78e95b9-SNAPSHOT.jar:/home/user/.m2/repository/org/apache/ratis/ratis-client/0.4.0-78e95b9-SNAPSHOT/ratis-client-0.4.0-78e95b9-SNAPSHOT.jar:/home/user/.m2/repository/org/apache/ratis/ratis-metrics/0.4.0-78e95b9-SNAPSHOT/ratis-metrics-0.4.0-78e95b9-SNAPSHOT.jar:/home/user/.m2/repository/com/github/joshelser/dropwizard-metrics-hadoop-metrics2-reporter/0.1.2/dropwizard-metrics-hadoop-metrics2-reporter-0.1.2.jar:/home/user/.m2/repository/io/dropwizard/metrics/metrics-jvm/3.2.5/metrics-jvm-3.2.5.jar:/home/user/.m2/repository/io/dropwizard/metrics/metrics-ganglia/3.2.5/metrics-ganglia-3.2.5.jar:/home/user/.m2/repository/info/ganglia/gmetric4j/gmetric4j/1.0.7/gmetric4j-1.0.7.jar:/home/user/.m2/repository/org/apache/ratis/ratis-netty/0.4.0-78e95b9-SNAPSHOT/ratis-netty-0.4.0-78e95b9-SNAPSHOT.jar:/home/user/.m2/repository/org/apache/ratis/ratis-grpc/0.4.0-78e95b9-SNAPSHOT/ratis-grpc-0.4.0-78e95b9-SNAPSHOT.jar:/home/user/.m2/repository/org/rocksdb/rocksdbjni/6.0.1/rocksdbjni-6.0.1.jar:/home/user/.m2/repository/org/apache/logging/log4j/log4j-api/2.11.0/log4j-api-2.11.0.jar:/home/user/.m2/repository/org/apache/logging/log4j/log4j-core/2.11.0/log4j-core-2.11.0.jar:/home/user/.m2/repository/com/lmax/disruptor/3.4.2/disruptor-3.4.2.jar:/home/user/.m2/repository/org/apache/commons/commons-pool2/2.6.0/commons-pool2-2.6.0.jar:/home/user/.m2/repository/org/bouncycastle/bcpkix-jdk15on/1.60/bcpkix-jdk15on-1.60.jar:/home/user/.m2/repository/commons-validator/commons-validator/1.6/commons-validator-1.6.jar:/home/user/.m2/repository/commons-digester/commons-digester/1.8.1/commons-digester-1.8.1.jar:/home/user/.m2/repository/io/jaegertracing/jaeger-client/0.33.1/jaeger-client-0.33.1.jar:/home/user/.m2/repository/io/jaegertracing/jaeger-thrift/0.33.1/jaeger-thrift-0.33.1.jar:/home/user/.m2/repository/org/apache/thrift/libthrift/0.11.0/libthrift-0.11.0.jar:/home/user/.m2/repository/com/squareup/okhttp3/okhttp/3.9.0/okhttp-3.9.0.jar:/home/user/.m2/repository/com/squareup/okio/okio/1.13.0/okio-1.13.0.jar:/home/user/.m2/repository/io/jaegertracing/jaeger-core/0.33.1/jaeger-core-0.33.1.jar:/home/user/.m2/repository/io/jaegertracing/jaeger-tracerresolver/0.33.1/jaeger-tracerresolver-0.33.1.jar:/home/user/.m2/repository/io/opentracing/contrib/opentracing-tracerresolver/0.1.5/opentracing-tracerresolver-0.1.5.jar:/home/user/.m2/repository/io/opentracing/opentracing-util/0.31.0/opentracing-util-0.31.0.jar:/home/user/.m2/repository/io/opentracing/opentracing-api/0.31.0/opentracing-api-0.31.0.jar:/home/user/.m2/repository/io/opentracing/opentracing-noop/0.31.0/opentracing-noop-0.31.0.jar:/home/user/.m2/repository/org/apache/hadoop/hadoop-hdds-server-framework/0.5.0-SNAPSHOT/hadoop-hdds-server-framework-0.5.0-SNAPSHOT.jar:/home/user/.m2/repository/org/apache/hadoop/hadoop-hdds-container-service/0.5.0-SNAPSHOT/hadoop-hdds-container-service-0.5.0-SNAPSHOT.jar:/home/user/.m2/repository/org/apache/hadoop/hadoop-hdds-client/0.5.0-SNAPSHOT/hadoop-hdds-client-0.5.0-SNAPSHOT.jar:/home/user/.m2/repository/org/apache/hadoop/hadoop-hdds-tools/0.5.0-SNAPSHOT/hadoop-hdds-tools-0.5.0-SNAPSHOT.jar:/home/user/.m2/repository/org/apache/hadoop/hadoop-hdds-server-scm/0.5.0-SNAPSHOT/hadoop-hdds-server-scm-0.5.0-SNAPSHOT.jar:/home/user/.m2/repository/org/apache/hadoop/hadoop-hdds-docs/0.5.0-SNAPSHOT/hadoop-hdds-docs-0.5.0-SNAPSHOT.jar:/home/user/.m2/repository/io/dropwizard/metrics/metrics-core/3.2.4/metrics-core-3.2.4.jar:/home/user/.m2/repository/org/hamcrest/hamcrest-all/1.3/hamcrest-all-1.3.jar:/home/user/.m2/repository/org/bouncycastle/bcprov-jdk15on/1.60/bcprov-jdk15on-1.60.jar:/home/user/.m2/repository/info/picocli/picocli/3.9.6/picocli-3.9.6.jar:/home/user/.m2/repository/com/google/protobuf/protobuf-java/2.5.0/protobuf-java-2.5.0.jar:/home/user/.m2/repository/com/google/guava/guava/11.0.2/guava-11.0.2.jar:/home/user/.m2/repository/org/apache/hadoop/hadoop-ozone-ozone-manager/0.5.0-SNAPSHOT/hadoop-ozone-ozone-manager-0.5.0-SNAPSHOT.jar:/home/user/.m2/repository/org/apache/hadoop/hadoop-minikdc/3.2.0/hadoop-minikdc-3.2.0.jar:/home/user/.m2/repository/commons-io/commons-io/2.5/commons-io-2.5.jar:/home/user/.m2/repository/org/apache/kerby/kerb-simplekdc/1.0.1/kerb-simplekdc-1.0.1.jar:/home/user/.m2/repository/org/apache/kerby/kerb-client/1.0.1/kerb-client-1.0.1.jar:/home/user/.m2/repository/org/apache/kerby/kerby-config/1.0.1/kerby-config-1.0.1.jar:/home/user/.m2/repository/org/apache/kerby/kerb-core/1.0.1/kerb-core-1.0.1.jar:/home/user/.m2/repository/org/apache/kerby/kerby-pkix/1.0.1/kerby-pkix-1.0.1.jar:/home/user/.m2/repository/org/apache/kerby/kerby-asn1/1.0.1/kerby-asn1-1.0.1.jar:/home/user/.m2/repository/org/apache/kerby/kerby-util/1.0.1/kerby-util-1.0.1.jar:/home/user/.m2/repository/org/apache/kerby/kerb-common/1.0.1/kerb-common-1.0.1.jar:/home/user/.m2/repository/org/apache/kerby/kerb-crypto/1.0.1/kerb-crypto-1.0.1.jar:/home/user/.m2/repository/org/apache/kerby/kerb-util/1.0.1/kerb-util-1.0.1.jar:/home/user/.m2/repository/org/apache/kerby/token-provider/1.0.1/token-provider-1.0.1.jar:/home/user/.m2/repository/org/apache/kerby/kerb-admin/1.0.1/kerb-admin-1.0.1.jar:/home/user/.m2/repository/org/apache/kerby/kerb-server/1.0.1/kerb-server-1.0.1.jar:/home/user/.m2/repository/org/apache/kerby/kerb-identity/1.0.1/kerb-identity-1.0.1.jar:/home/user/.m2/repository/org/apache/kerby/kerby-xdr/1.0.1/kerby-xdr-1.0.1.jar:/home/user/.m2/repository/org/slf4j/slf4j-log4j12/1.7.25/slf4j-log4j12-1.7.25.jar:/home/user/.m2/repository/org/apache/hadoop/hadoop-ozone-s3gateway/0.5.0-SNAPSHOT/hadoop-ozone-s3gateway-0.5.0-SNAPSHOT.jar:/home/user/.m2/repository/org/jboss/weld/servlet/weld-servlet/2.4.7.Final/weld-servlet-2.4.7.Final.jar:/home/user/.m2/repository/org/glassfish/jersey/containers/jersey-container-servlet-core/2.27/jersey-container-servlet-core-2.27.jar:/home/user/.m2/repository/org/glassfish/hk2/external/javax.inject/2.5.0-b42/javax.inject-2.5.0-b42.jar:/home/user/.m2/repository/org/glassfish/jersey/core/jersey-common/2.27/jersey-common-2.27.jar:/home/user/.m2/repository/org/glassfish/hk2/osgi-resource-locator/1.0.1/osgi-resource-locator-1.0.1.jar:/home/user/.m2/repository/javax/ws/rs/javax.ws.rs-api/2.1/javax.ws.rs-api-2.1.jar:/home/user/.m2/repository/org/glassfish/jersey/ext/cdi/jersey-cdi1x/2.27/jersey-cdi1x-2.27.jar:/home/user/.m2/repository/org/glassfish/jersey/inject/jersey-hk2/2.27/jersey-hk2-2.27.jar:/home/user/.m2/repository/org/glassfish/hk2/hk2-locator/2.5.0-b42/hk2-locator-2.5.0-b42.jar:/home/user/.m2/repository/org/javassist/javassist/3.22.0-CR2/javassist-3.22.0-CR2.jar:/home/user/.m2/repository/org/glassfish/hk2/hk2-api/2.5.0/hk2-api-2.5.0.jar:/home/user/.m2/repository/org/glassfish/hk2/external/jakarta.inject/2.5.0/jakarta.inject-2.5.0.jar:/home/user/.m2/repository/org/glassfish/hk2/hk2-utils/2.5.0/hk2-utils-2.5.0.jar:/home/user/.m2/repository/jakarta/annotation/jakarta.annotation-api/1.3.4/jakarta.annotation-api-1.3.4.jar:/home/user/.m2/repository/org/glassfish/hk2/external/aopalliance-repackaged/2.5.0/aopalliance-repackaged-2.5.0.jar:/home/user/.m2/repository/com/fasterxml/jackson/dataformat/jackson-dataformat-xml/2.9.0/jackson-dataformat-xml-2.9.0.jar:/home/user/.m2/repository/com/fasterxml/jackson/core/jackson-core/2.9.9/jackson-core-2.9.9.jar:/home/user/.m2/repository/com/fasterxml/jackson/module/jackson-module-jaxb-annotations/2.9.9/jackson-module-jaxb-annotations-2.9.9.jar:/home/user/.m2/repository/javax/enterprise/cdi-api/1.2/cdi-api-1.2.jar:/home/user/.m2/repository/javax/el/javax.el-api/3.0.0/javax.el-api-3.0.0.jar:/home/user/.m2/repository/javax/interceptor/javax.interceptor-api/1.2/javax.interceptor-api-1.2.jar:/home/user/.m2/repository/javax/inject/javax.inject/1/javax.inject-1.jar:/home/user/.m2/repository/com/sun/xml/bind/jaxb-impl/2.3.0.1/jaxb-impl-2.3.0.1.jar:/home/user/.m2/repository/com/sun/xml/bind/jaxb-core/2.3.0.1/jaxb-core-2.3.0.1.jar:/home/user/.m2/repository/javax/xml/bind/jaxb-api/2.3.0/jaxb-api-2.3.0.jar:/home/user/.m2/repository/javax/activation/activation/1.1.1/activation-1.1.1.jar:/home/user/.m2/repository/org/apache/hadoop/hadoop-ozone-csi/0.5.0-SNAPSHOT/hadoop-ozone-csi-0.5.0-SNAPSHOT.jar:/home/user/.m2/repository/com/google/protobuf/protobuf-java-util/3.5.1/protobuf-java-util-3.5.1.jar:/home/user/.m2/repository/org/apache/hadoop/hadoop-hdds-config/0.5.0-SNAPSHOT/hadoop-hdds-config-0.5.0-SNAPSHOT.jar:/home/user/.m2/repository/io/grpc/grpc-netty/1.17.1/grpc-netty-1.17.1.jar:/home/user/.m2/repository/io/grpc/grpc-core/1.17.1/grpc-core-1.17.1.jar:/home/user/.m2/repository/io/grpc/grpc-context/1.17.1/grpc-context-1.17.1.jar:/home/user/.m2/repository/com/google/errorprone/error_prone_annotations/2.2.0/error_prone_annotations-2.2.0.jar:/home/user/.m2/repository/org/codehaus/mojo/animal-sniffer-annotations/1.17/animal-sniffer-annotations-1.17.jar:/home/user/.m2/repository/io/opencensus/opencensus-api/0.17.0/opencensus-api-0.17.0.jar:/home/user/.m2/repository/io/opencensus/opencensus-contrib-grpc-metrics/0.17.0/opencensus-contrib-grpc-metrics-0.17.0.jar:/home/user/.m2/repository/io/netty/netty-codec-http2/4.1.30.Final/netty-codec-http2-4.1.30.Final.jar:/home/user/.m2/repository/io/netty/netty-codec-http/4.1.30.Final/netty-codec-http-4.1.30.Final.jar:/home/user/.m2/repository/io/netty/netty-codec/4.1.30.Final/netty-codec-4.1.30.Final.jar:/home/user/.m2/repository/io/netty/netty-handler/4.1.30.Final/netty-handler-4.1.30.Final.jar:/home/user/.m2/repository/io/netty/netty-handler-proxy/4.1.30.Final/netty-handler-proxy-4.1.30.Final.jar:/home/user/.m2/repository/io/netty/netty-codec-socks/4.1.30.Final/netty-codec-socks-4.1.30.Final.jar:/home/user/.m2/repository/io/netty/netty-transport-native-epoll/4.1.30.Final/netty-transport-native-epoll-4.1.30.Final.jar:/home/user/.m2/repository/io/netty/netty-common/4.1.30.Final/netty-common-4.1.30.Final.jar:/home/user/.m2/repository/io/netty/netty-buffer/4.1.30.Final/netty-buffer-4.1.30.Final.jar:/home/user/.m2/repository/io/netty/netty-transport/4.1.30.Final/netty-transport-4.1.30.Final.jar:/home/user/.m2/repository/io/netty/netty-resolver/4.1.30.Final/netty-resolver-4.1.30.Final.jar:/home/user/.m2/repository/io/netty/netty-transport-native-unix-common/4.1.30.Final/netty-transport-native-unix-common-4.1.30.Final.jar:/home/user/.m2/repository/io/grpc/grpc-protobuf/1.17.1/grpc-protobuf-1.17.1.jar:/home/user/.m2/repository/com/google/api/grpc/proto-google-common-protos/1.0.0/proto-google-common-protos-1.0.0.jar:/home/user/.m2/repository/io/grpc/grpc-protobuf-lite/1.17.1/grpc-protobuf-lite-1.17.1.jar:/home/user/.m2/repository/io/grpc/grpc-stub/1.17.1/grpc-stub-1.17.1.jar:/home/user/.m2/repository/org/apache/hadoop/hadoop-ozone-recon/0.5.0-SNAPSHOT/hadoop-ozone-recon-0.5.0-SNAPSHOT.jar:/home/user/.m2/repository/org/apache/hadoop/hadoop-ozone-reconcodegen/0.5.0-SNAPSHOT/hadoop-ozone-reconcodegen-0.5.0-SNAPSHOT.jar:/home/user/.m2/repository/com/google/inject/extensions/guice-multibindings/4.0/guice-multibindings-4.0.jar:/home/user/.m2/repository/com/google/inject/guice/4.0/guice-4.0.jar:/home/user/.m2/repository/aopalliance/aopalliance/1.0/aopalliance-1.0.jar:/home/user/.m2/repository/com/google/inject/extensions/guice-servlet/4.0/guice-servlet-4.0.jar:/home/user/.m2/repository/org/glassfish/jersey/containers/jersey-container-servlet/2.27/jersey-container-servlet-2.27.jar:/home/user/.m2/repository/org/glassfish/hk2/guice-bridge/2.5.0/guice-bridge-2.5.0.jar:/home/user/.m2/repository/org/glassfish/jersey/core/jersey-server/2.27/jersey-server-2.27.jar:/home/user/.m2/repository/org/glassfish/jersey/core/jersey-client/2.27/jersey-client-2.27.jar:/home/user/.m2/repository/org/glassfish/jersey/media/jersey-media-jaxb/2.27/jersey-media-jaxb-2.27.jar:/home/user/.m2/repository/javax/validation/validation-api/1.1.0.Final/validation-api-1.1.0.Final.jar:/home/user/.m2/repository/org/glassfish/jersey/media/jersey-media-json-jackson/2.27/jersey-media-json-jackson-2.27.jar:/home/user/.m2/repository/org/glassfish/jersey/ext/jersey-entity-filtering/2.27/jersey-entity-filtering-2.27.jar:/home/user/.m2/repository/com/google/inject/extensions/guice-assistedinject/4.0/guice-assistedinject-4.0.jar:/home/user/.m2/repository/org/jooq/jooq/3.11.10/jooq-3.11.10.jar:/home/user/.m2/repository/org/jooq/jooq-meta/3.11.10/jooq-meta-3.11.10.jar:/home/user/.m2/repository/org/jooq/jooq-codegen/3.11.10/jooq-codegen-3.11.10.jar:/home/user/.m2/repository/com/jolbox/bonecp/0.8.0.RELEASE/bonecp-0.8.0.RELEASE.jar:/home/user/.m2/repository/org/xerial/sqlite-jdbc/3.25.2/sqlite-jdbc-3.25.2.jar:/home/user/.m2/repository/org/springframework/spring-jdbc/5.1.3.RELEASE/spring-jdbc-5.1.3.RELEASE.jar:/home/user/.m2/repository/org/springframework/spring-beans/5.1.3.RELEASE/spring-beans-5.1.3.RELEASE.jar:/home/user/.m2/repository/org/springframework/spring-core/5.1.3.RELEASE/spring-core-5.1.3.RELEASE.jar:/home/user/.m2/repository/org/springframework/spring-jcl/5.1.3.RELEASE/spring-jcl-5.1.3.RELEASE.jar:/home/user/.m2/repository/org/springframework/spring-tx/5.1.3.RELEASE/spring-tx-5.1.3.RELEASE.jar:/home/user/.m2/repository/org/apache/hadoop/hadoop-ozone-client/0.5.0-SNAPSHOT/hadoop-ozone-client-0.5.0-SNAPSHOT.jar:/home/user/.m2/repository/commons-lang/commons-lang/2.6/commons-lang-2.6.jar:/home/user/.m2/repository/org/apache/hadoop/hadoop-ozone-ozone-manager/0.5.0-SNAPSHOT/hadoop-ozone-ozone-manager-0.5.0-SNAPSHOT-tests.jar:/home/user/.m2/repository/junit/junit/4.11/junit-4.11.jar:/home/user/.m2/repository/org/hamcrest/hamcrest-core/1.3/hamcrest-core-1.3.jar:/home/user/.m2/repository/org/openjdk/jmh/jmh-core/1.19/jmh-core-1.19.jar:/home/user/.m2/repository/net/sf/jopt-simple/jopt-simple/4.6/jopt-simple-4.6.jar:/home/user/.m2/repository/org/apache/commons/commons-math3/3.1.1/commons-math3-3.1.1.jar:/home/user/.m2/repository/org/openjdk/jmh/jmh-generator-annprocess/1.19/jmh-generator-annprocess-1.19.jar:/home/user/.m2/repository/org/mockito/mockito-all/1.8.5/mockito-all-1.8.5.jar:/home/user/.m2/repository/org/apache/hadoop/hadoop-kms/3.2.0/hadoop-kms-3.2.0.jar:/home/user/.m2/repository/org/apache/hadoop/hadoop-auth/3.2.0/hadoop-auth-3.2.0.jar:/home/user/.m2/repository/com/nimbusds/nimbus-jose-jwt/4.41.1/nimbus-jose-jwt-4.41.1.jar:/home/user/.m2/repository/com/github/stephenc/jcip/jcip-annotations/1.0-1/jcip-annotations-1.0-1.jar:/home/user/.m2/repository/net/minidev/json-smart/2.3/json-smart-2.3.jar:/home/user/.m2/repository/net/minidev/accessors-smart/1.2/accessors-smart-1.2.jar:/home/user/.m2/repository/org/ow2/asm/asm/5.0.4/asm-5.0.4.jar:/home/user/.m2/repository/org/apache/curator/curator-framework/2.12.0/curator-framework-2.12.0.jar:/home/user/.m2/repository/com/sun/jersey/jersey-core/1.19/jersey-core-1.19.jar:/home/user/.m2/repository/javax/ws/rs/jsr311-api/1.1.1/jsr311-api-1.1.1.jar:/home/user/.m2/repository/com/sun/jersey/jersey-server/1.19/jersey-server-1.19.jar:/home/user/.m2/repository/javax/servlet/javax.servlet-api/3.1.0/javax.servlet-api-3.1.0.jar:/home/user/.m2/repository/org/eclipse/jetty/jetty-server/9.3.24.v20180605/jetty-server-9.3.24.v20180605.jar:/home/user/.m2/repository/org/eclipse/jetty/jetty-http/9.3.24.v20180605/jetty-http-9.3.24.v20180605.jar:/home/user/.m2/repository/org/eclipse/jetty/jetty-io/9.3.24.v20180605/jetty-io-9.3.24.v20180605.jar:/home/user/.m2/repository/org/eclipse/jetty/jetty-webapp/9.3.24.v20180605/jetty-webapp-9.3.24.v20180605.jar:/home/user/.m2/repository/org/eclipse/jetty/jetty-xml/9.3.24.v20180605/jetty-xml-9.3.24.v20180605.jar:/home/user/.m2/repository/log4j/log4j/1.2.17/log4j-1.2.17.jar:/home/user/.m2/repository/org/slf4j/slf4j-api/1.7.25/slf4j-api-1.7.25.jar:/home/user/.m2/repository/org/slf4j/jul-to-slf4j/1.7.25/jul-to-slf4j-1.7.25.jar:/home/user/.m2/repository/org/eclipse/jetty/jetty-util/9.3.24.v20180605/jetty-util-9.3.24.v20180605.jar:/home/user/.m2/repository/com/fasterxml/jackson/core/jackson-databind/2.9.9/jackson-databind-2.9.9.jar:/home/user/.m2/repository/org/apache/hadoop/hadoop-kms/3.2.0/hadoop-kms-3.2.0-tests.jar:/home/user/.m2/repository/org/apache/hadoop/hadoop-hdds-server-scm/0.5.0-SNAPSHOT/hadoop-hdds-server-scm-0.5.0-SNAPSHOT-tests.jar:/home/user/.m2/repository/org/apache/hadoop/hadoop-hdds-container-service/0.5.0-SNAPSHOT/hadoop-hdds-container-service-0.5.0-SNAPSHOT-tests.jar:/home/user/.m2/repository/org/yaml/snakeyaml/1.16/snakeyaml-1.16.jar:/home/user/.m2/repository/org/apache/hadoop/hadoop-common/3.2.0/hadoop-common-3.2.0-tests.jar:/home/user/.m2/repository/org/apache/hadoop/hadoop-annotations/3.2.0/hadoop-annotations-3.2.0.jar:/usr/lib/jvm/java-1.8-openjdk/jre/../lib/tools.jar:/home/user/.m2/repository/commons-cli/commons-cli/1.2/commons-cli-1.2.jar:/home/user/.m2/repository/org/apache/httpcomponents/httpclient/4.5.2/httpclient-4.5.2.jar:/home/user/.m2/repository/org/apache/httpcomponents/httpcore/4.4.4/httpcore-4.4.4.jar:/home/user/.m2/repository/commons-codec/commons-codec/1.11/commons-codec-1.11.jar:/home/user/.m2/repository/commons-net/commons-net/3.6/commons-net-3.6.jar:/home/user/.m2/repository/commons-collections/commons-collections/3.2.2/commons-collections-3.2.2.jar:/home/user/.m2/repository/org/eclipse/jetty/jetty-servlet/9.3.24.v20180605/jetty-servlet-9.3.24.v20180605.jar:/home/user/.m2/repository/org/eclipse/jetty/jetty-security/9.3.24.v20180605/jetty-security-9.3.24.v20180605.jar:/home/user/.m2/repository/javax/servlet/jsp/jsp-api/2.1/jsp-api-2.1.jar:/home/user/.m2/repository/com/sun/jersey/jersey-servlet/1.19/jersey-servlet-1.19.jar:/home/user/.m2/repository/com/sun/jersey/jersey-json/1.19/jersey-json-1.19.jar:/home/user/.m2/repository/org/codehaus/jettison/jettison/1.1/jettison-1.1.jar:/home/user/.m2/repository/org/codehaus/jackson/jackson-core-asl/1.9.13/jackson-core-asl-1.9.13.jar:/home/user/.m2/repository/org/codehaus/jackson/jackson-mapper-asl/1.9.13/jackson-mapper-asl-1.9.13.jar:/home/user/.m2/repository/org/codehaus/jackson/jackson-jaxrs/1.9.13/jackson-jaxrs-1.9.13.jar:/home/user/.m2/repository/org/codehaus/jackson/jackson-xc/1.9.13/jackson-xc-1.9.13.jar:/home/user/.m2/repository/commons-logging/commons-logging/1.1.3/commons-logging-1.1.3.jar:/home/user/.m2/repository/commons-beanutils/commons-beanutils/1.9.4/commons-beanutils-1.9.4.jar:/home/user/.m2/repository/org/apache/commons/commons-configuration2/2.1.1/commons-configuration2-2.1.1.jar:/home/user/.m2/repository/org/apache/commons/commons-lang3/3.7/commons-lang3-3.7.jar:/home/user/.m2/repository/org/apache/commons/commons-text/1.4/commons-text-1.4.jar:/home/user/.m2/repository/org/apache/avro/avro/1.7.7/avro-1.7.7.jar:/home/user/.m2/repository/com/thoughtworks/paranamer/paranamer/2.3/paranamer-2.3.jar:/home/user/.m2/repository/org/xerial/snappy/snappy-java/1.0.5/snappy-java-1.0.5.jar:/home/user/.m2/repository/com/google/re2j/re2j/1.1/re2j-1.1.jar:/home/user/.m2/repository/com/google/code/gson/gson/2.2.4/gson-2.2.4.jar:/home/user/.m2/repository/com/jcraft/jsch/0.1.54/jsch-0.1.54.jar:/home/user/.m2/repository/org/apache/curator/curator-client/2.12.0/curator-client-2.12.0.jar:/home/user/.m2/repository/org/apache/curator/curator-recipes/2.12.0/curator-recipes-2.12.0.jar:/home/user/.m2/repository/com/google/code/findbugs/jsr305/3.0.0/jsr305-3.0.0.jar:/home/user/.m2/repository/org/apache/htrace/htrace-core4/4.1.0-incubating/htrace-core4-4.1.0-incubating.jar:/home/user/.m2/repository/org/apache/zookeeper/zookeeper/3.4.13/zookeeper-3.4.13.jar:/home/user/.m2/repository/org/apache/yetus/audience-annotations/0.5.0/audience-annotations-0.5.0.jar:/home/user/.m2/repository/org/codehaus/woodstox/stax2-api/3.1.4/stax2-api-3.1.4.jar:/home/user/.m2/repository/com/fasterxml/woodstox/woodstox-core/5.0.3/woodstox-core-5.0.3.jar:/home/user/.m2/repository/dnsjava/dnsjava/2.1.7/dnsjava-2.1.7.jar:/home/user/.m2/repository/org/apache/hadoop/hadoop-hdfs/3.2.0/hadoop-hdfs-3.2.0-tests.jar:/home/user/.m2/repository/org/eclipse/jetty/jetty-util-ajax/9.3.24.v20180605/jetty-util-ajax-9.3.24.v20180605.jar:/home/user/.m2/repository/commons-daemon/commons-daemon/1.0.13/commons-daemon-1.0.13.jar:/home/user/.m2/repository/io/netty/netty/3.10.5.Final/netty-3.10.5.Final.jar:/home/user/.m2/repository/io/netty/netty-all/4.0.52.Final/netty-all-4.0.52.Final.jar:/home/user/.m2/repository/org/fusesource/leveldbjni/leveldbjni-all/1.8/leveldbjni-all-1.8.jar:"/>
    <property name="sun.cpu.endian" value="little"/>
    <property name="user.home" value="/home/user"/>
    <property name="user.language" value="en"/>
    <property name="java.specification.vendor" value="Oracle Corporation"/>
    <property name="java.home" value="/usr/lib/jvm/java-1.8-openjdk/jre"/>
    <property name="java.security.krb5.conf" value="/workdir/hadoop-ozone/integration-test/target/test-classes/krb5.conf"/>
    <property name="basedir" value="/workdir/hadoop-ozone/integration-test"/>
    <property name="file.separator" value="/"/>
    <property name="line.separator" value="&#10;"/>
    <property name="java.vm.specification.vendor" value="Oracle Corporation"/>
    <property name="java.specification.name" value="Java Platform API Specification"/>
    <property name="java.awt.graphicsenv" value="sun.awt.X11GraphicsEnvironment"/>
    <property name="surefire.real.class.path" value="/workdir/hadoop-ozone/integration-test/target/surefire/surefirebooter2600988526299719576.jar"/>
    <property name="hadoop.log.dir" value="/workdir/hadoop-ozone/integration-test/target/log"/>
    <property name="sun.boot.class.path" value="/usr/lib/jvm/java-1.8-openjdk/jre/lib/resources.jar:/usr/lib/jvm/java-1.8-openjdk/jre/lib/rt.jar:/usr/lib/jvm/java-1.8-openjdk/jre/lib/sunrsasign.jar:/usr/lib/jvm/java-1.8-openjdk/jre/lib/jsse.jar:/usr/lib/jvm/java-1.8-openjdk/jre/lib/jce.jar:/usr/lib/jvm/java-1.8-openjdk/jre/lib/charsets.jar:/usr/lib/jvm/java-1.8-openjdk/jre/lib/jfr.jar:/usr/lib/jvm/java-1.8-openjdk/jre/classes"/>
    <property name="sun.management.compiler" value="HotSpot 64-Bit Tiered Compilers"/>
    <property name="java.runtime.version" value="1.8.0_212-b04"/>
    <property name="java.net.preferIPv4Stack" value="true"/>
    <property name="user.name" value="jenkins1000"/>
    <property name="path.separator" value=":"/>
    <property name="java.security.egd" value="file:///dev/urandom"/>
    <property name="os.version" value="3.10.0-957.12.2.el7.x86_64"/>
    <property name="java.endorsed.dirs" value="/usr/lib/jvm/java-1.8-openjdk/jre/lib/endorsed"/>
    <property name="java.runtime.name" value="OpenJDK Runtime Environment"/>
    <property name="file.encoding" value="UTF-8"/>
    <property name="java.vm.name" value="OpenJDK 64-Bit Server VM"/>
    <property name="test.build.webapps" value=""/>
    <property name="localRepository" value="/home/user/.m2/repository"/>
    <property name="java.vendor.url.bug" value="https://icedtea.classpath.org/bugzilla"/>
    <property name="java.io.tmpdir" value="/tmp"/>
    <property name="require.test.libhadoop" value=""/>
    <property name="java.version" value="1.8.0_212"/>
    <property name="user.dir" value="/workdir/hadoop-ozone/integration-test"/>
    <property name="os.arch" value="amd64"/>
    <property name="java.vm.specification.name" value="Java Virtual Machine Specification"/>
    <property name="test.build.classes" value="/workdir/hadoop-ozone/integration-test/target/test-classes"/>
    <property name="java.awt.printerjob" value="sun.print.PSPrinterJob"/>
    <property name="sun.os.patch.level" value="unknown"/>
    <property name="hadoop.tmp.dir" value="/workdir/hadoop-ozone/integration-test/target/tmp"/>
    <property name="java.library.path" value="/usr/lib/jvm/java-1.8-openjdk/jre/lib/amd64/server:/usr/lib/jvm/java-1.8-openjdk/jre/lib/amd64:/usr/lib/jvm/java-1.8-openjdk/jre/../lib/amd64:/workdir/hadoop-ozone/integration-test/target/native/target/usr/local/lib:/workdir/hadoop-ozone/integration-test/../../hadoop-common-project/hadoop-common/target/native/target/usr/local/lib:/usr/java/packages/lib/amd64:/usr/lib64:/lib64:/lib:/usr/lib"/>
    <property name="java.vm.info" value="mixed mode"/>
    <property name="java.vendor" value="IcedTea"/>
    <property name="java.vm.version" value="25.212-b04"/>
    <property name="java.ext.dirs" value="/usr/lib/jvm/java-1.8-openjdk/jre/lib/ext:/usr/java/packages/lib/ext"/>
    <property name="sun.io.unicode.encoding" value="UnicodeLittle"/>
    <property name="java.class.version" value="52.0"/>
  </properties>
  <testcase name="testPipelineExclusionWithPipelineFailure" classname="org.apache.hadoop.ozone.client.rpc.TestFailureHandlingByClient" time="58.117"/>
  <testcase name="testContainerExclusionWithClosedContainerException" classname="org.apache.hadoop.ozone.client.rpc.TestFailureHandlingByClient" time="50.711"/>
  <testcase name="testWriteSmallFile" classname="org.apache.hadoop.ozone.client.rpc.TestFailureHandlingByClient" time="162.896">
    <error message="Allocated 0 blocks. Requested 1 blocks" type="INTERNAL_ERROR org.apache.hadoop.ozone.om.exceptions.OMException">INTERNAL_ERROR org.apache.hadoop.ozone.om.exceptions.OMException: Allocated 0 blocks. Requested 1 blocks
	at org.apache.hadoop.ozone.om.protocolPB.OzoneManagerProtocolClientSideTranslatorPB.handleError(OzoneManagerProtocolClientSideTranslatorPB.java:726)
	at org.apache.hadoop.ozone.om.protocolPB.OzoneManagerProtocolClientSideTranslatorPB.openKey(OzoneManagerProtocolClientSideTranslatorPB.java:717)
	at sun.reflect.NativeMethodAccessorImpl.invoke0(Native Method)
	at sun.reflect.NativeMethodAccessorImpl.invoke(NativeMethodAccessorImpl.java:62)
	at sun.reflect.DelegatingMethodAccessorImpl.invoke(DelegatingMethodAccessorImpl.java:43)
	at java.lang.reflect.Method.invoke(Method.java:498)
	at org.apache.hadoop.hdds.tracing.TraceAllMethod.invoke(TraceAllMethod.java:66)
	at com.sun.proxy.$Proxy36.openKey(Unknown Source)
	at org.apache.hadoop.ozone.client.rpc.RpcClient.createKey(RpcClient.java:640)
	at org.apache.hadoop.ozone.client.OzoneBucket.createKey(OzoneBucket.java:325)
	at org.apache.hadoop.ozone.container.ContainerTestHelper.createKey(ContainerTestHelper.java:695)
	at org.apache.hadoop.ozone.client.rpc.TestFailureHandlingByClient.createKey(TestFailureHandlingByClient.java:408)
	at org.apache.hadoop.ozone.client.rpc.TestFailureHandlingByClient.testWriteSmallFile(TestFailureHandlingByClient.java:180)
	at sun.reflect.NativeMethodAccessorImpl.invoke0(Native Method)
	at sun.reflect.NativeMethodAccessorImpl.invoke(NativeMethodAccessorImpl.java:62)
	at sun.reflect.DelegatingMethodAccessorImpl.invoke(DelegatingMethodAccessorImpl.java:43)
	at java.lang.reflect.Method.invoke(Method.java:498)
	at org.junit.runners.model.FrameworkMethod$1.runReflectiveCall(FrameworkMethod.java:47)
	at org.junit.internal.runners.model.ReflectiveCallable.run(ReflectiveCallable.java:12)
	at org.junit.runners.model.FrameworkMethod.invokeExplosively(FrameworkMethod.java:44)
	at org.junit.internal.runners.statements.InvokeMethod.evaluate(InvokeMethod.java:17)
	at org.junit.internal.runners.statements.RunAfters.evaluate(RunAfters.java:27)
	at org.junit.runners.ParentRunner.runLeaf(ParentRunner.java:271)
	at org.junit.runners.BlockJUnit4ClassRunner.runChild(BlockJUnit4ClassRunner.java:70)
	at org.junit.runners.BlockJUnit4ClassRunner.runChild(BlockJUnit4ClassRunner.java:50)
	at org.junit.runners.ParentRunner$3.run(ParentRunner.java:238)
	at org.junit.runners.ParentRunner$1.schedule(ParentRunner.java:63)
	at org.junit.runners.ParentRunner.runChildren(ParentRunner.java:236)
	at org.junit.runners.ParentRunner.access$000(ParentRunner.java:53)
	at org.junit.runners.ParentRunner$2.evaluate(ParentRunner.java:229)
	at org.junit.runners.ParentRunner.run(ParentRunner.java:309)
	at org.apache.maven.surefire.junit4.JUnit4Provider.execute(JUnit4Provider.java:365)
	at org.apache.maven.surefire.junit4.JUnit4Provider.executeWithRerun(JUnit4Provider.java:273)
	at org.apache.maven.surefire.junit4.JUnit4Provider.executeTestSet(JUnit4Provider.java:238)
	at org.apache.maven.surefire.junit4.JUnit4Provider.invoke(JUnit4Provider.java:159)
	at org.apache.maven.surefire.booter.ForkedBooter.invokeProviderInSameClassLoader(ForkedBooter.java:384)
	at org.apache.maven.surefire.booter.ForkedBooter.runSuitesInProcess(ForkedBooter.java:345)
	at org.apache.maven.surefire.booter.ForkedBooter.execute(ForkedBooter.java:126)
	at org.apache.maven.surefire.booter.ForkedBooter.main(ForkedBooter.java:418)
</error>
    <system-out><![CDATA[2019-09-19 08:24:06,690 [main] WARN  server.ServerUtils (ServerUtils.java:getScmDbDir(145)) - ozone.scm.db.dirs is not configured. We recommend adding this setting. Falling back to ozone.metadata.dirs instead.
2019-09-19 08:24:10,078 [main] WARN  server.ServerUtils (ServerUtils.java:getScmDbDir(145)) - ozone.scm.db.dirs is not configured. We recommend adding this setting. Falling back to ozone.metadata.dirs instead.
2019-09-19 08:24:10,080 [main] WARN  server.ServerUtils (ServerUtils.java:getScmDbDir(145)) - ozone.scm.db.dirs is not configured. We recommend adding this setting. Falling back to ozone.metadata.dirs instead.
2019-09-19 08:24:10,081 [main] INFO  db.DBStoreBuilder (DBStoreBuilder.java:addTable(110)) - using custom profile for table: deletedBlocks
2019-09-19 08:24:10,081 [main] INFO  db.DBStoreBuilder (DBStoreBuilder.java:processTables(161)) - Using default column profile:DBProfile.DISK for Table:deletedBlocks
2019-09-19 08:24:10,081 [main] INFO  db.DBStoreBuilder (DBStoreBuilder.java:addTable(110)) - using custom profile for table: validCerts
2019-09-19 08:24:10,081 [main] INFO  db.DBStoreBuilder (DBStoreBuilder.java:processTables(161)) - Using default column profile:DBProfile.DISK for Table:validCerts
2019-09-19 08:24:10,082 [main] INFO  db.DBStoreBuilder (DBStoreBuilder.java:addTable(110)) - using custom profile for table: revokedCerts
2019-09-19 08:24:10,082 [main] INFO  db.DBStoreBuilder (DBStoreBuilder.java:processTables(161)) - Using default column profile:DBProfile.DISK for Table:revokedCerts
2019-09-19 08:24:10,082 [main] INFO  db.DBStoreBuilder (DBStoreBuilder.java:addTable(110)) - using custom profile for table: default
2019-09-19 08:24:10,082 [main] INFO  db.DBStoreBuilder (DBStoreBuilder.java:processTables(167)) - Using default column profile:DBProfile.DISK for Table:default
2019-09-19 08:24:10,083 [main] INFO  db.DBStoreBuilder (DBStoreBuilder.java:getDbProfile(198)) - Using default options. DBProfile.DISK
2019-09-19 08:24:33,681 [main] INFO  net.NodeSchemaLoader (NodeSchemaLoader.java:loadSchemaFromFile(125)) - Loading file from sun.misc.CompoundEnumeration@208205ed
2019-09-19 08:24:33,683 [main] INFO  net.NodeSchemaLoader (NodeSchemaLoader.java:loadSchema(171)) - Loading network topology layer schema file
2019-09-19 08:24:33,694 [main] INFO  node.SCMNodeManager (SCMNodeManager.java:<init>(114)) - Entering startup safe mode.
2019-09-19 08:24:33,696 [main] INFO  algorithms.ContainerPlacementPolicyFactory (ContainerPlacementPolicyFactory.java:getPolicy(57)) - Create container placement policy of type org.apache.hadoop.hdds.scm.container.placement.algorithms.SCMContainerPlacementRandom
2019-09-19 08:24:33,697 [main] WARN  server.ServerUtils (ServerUtils.java:getScmDbDir(145)) - ozone.scm.db.dirs is not configured. We recommend adding this setting. Falling back to ozone.metadata.dirs instead.
2019-09-19 08:24:38,484 [main] INFO  pipeline.SCMPipelineManager (SCMPipelineManager.java:initializePipelineState(128)) - No pipeline exists in current db
2019-09-19 08:24:38,485 [main] WARN  server.ServerUtils (ServerUtils.java:getScmDbDir(145)) - ozone.scm.db.dirs is not configured. We recommend adding this setting. Falling back to ozone.metadata.dirs instead.
2019-09-19 08:24:48,764 [main] WARN  events.EventQueue (EventQueue.java:fireEvent(183)) - No event handler registered for event TypedEvent{payloadType=SafeModeStatus, name='SafeModeStatus'}
2019-09-19 08:24:48,766 [main] INFO  ipc.CallQueueManager (CallQueueManager.java:<init>(84)) - Using callQueue: class java.util.concurrent.LinkedBlockingQueue, queueCapacity: 2000, scheduler: class org.apache.hadoop.ipc.DefaultRpcScheduler, ipcBackoff: false.
2019-09-19 08:24:48,767 [Socket Reader #1 for port 42782] INFO  ipc.Server (Server.java:run(1074)) - Starting Socket Reader #1 for port 42782
2019-09-19 08:24:48,770 [main] INFO  ipc.CallQueueManager (CallQueueManager.java:<init>(84)) - Using callQueue: class java.util.concurrent.LinkedBlockingQueue, queueCapacity: 2000, scheduler: class org.apache.hadoop.ipc.DefaultRpcScheduler, ipcBackoff: false.
2019-09-19 08:24:48,771 [Socket Reader #1 for port 32955] INFO  ipc.Server (Server.java:run(1074)) - Starting Socket Reader #1 for port 32955
2019-09-19 08:24:48,772 [main] INFO  ipc.CallQueueManager (CallQueueManager.java:<init>(84)) - Using callQueue: class java.util.concurrent.LinkedBlockingQueue, queueCapacity: 2000, scheduler: class org.apache.hadoop.ipc.DefaultRpcScheduler, ipcBackoff: false.
2019-09-19 08:24:48,773 [Socket Reader #1 for port 36245] INFO  ipc.Server (Server.java:run(1074)) - Starting Socket Reader #1 for port 36245
2019-09-19 08:24:48,776 [main] INFO  hdfs.DFSUtil (DFSUtil.java:httpServerTemplateForNNAndJN(1641)) - Starting Web-server for scm at: http://0.0.0.0:0
2019-09-19 08:24:48,780 [main] INFO  server.AuthenticationFilter (AuthenticationFilter.java:constructSecretProvider(240)) - Unable to initialize FileSignerSecretProvider, falling back to use random secrets.
2019-09-19 08:24:48,781 [main] WARN  http.HttpRequestLog (HttpRequestLog.java:getRequestLog(97)) - Jetty request log can only be enabled using Log4j
2019-09-19 08:24:48,784 [main] INFO  http.HttpServer2 (HttpServer2.java:addGlobalFilter(975)) - Added global filter 'safety' (class=org.apache.hadoop.http.HttpServer2$QuotingInputFilter)
2019-09-19 08:24:48,785 [main] INFO  http.HttpServer2 (HttpServer2.java:addFilter(948)) - Added filter static_user_filter (class=org.apache.hadoop.http.lib.StaticUserWebFilter$StaticUserFilter) to context scm
2019-09-19 08:24:48,785 [main] INFO  http.HttpServer2 (HttpServer2.java:addFilter(958)) - Added filter static_user_filter (class=org.apache.hadoop.http.lib.StaticUserWebFilter$StaticUserFilter) to context logs
2019-09-19 08:24:48,786 [main] INFO  http.HttpServer2 (HttpServer2.java:addFilter(958)) - Added filter static_user_filter (class=org.apache.hadoop.http.lib.StaticUserWebFilter$StaticUserFilter) to context static
2019-09-19 08:24:48,789 [main] INFO  server.StorageContainerManager (StorageContainerManager.java:start(763)) - StorageContainerLocationProtocol RPC server is listening at /0.0.0.0:36245
2019-09-19 08:24:48,793 [main] WARN  impl.MetricsConfig (MetricsConfig.java:loadFirst(134)) - Cannot locate configuration: tried hadoop-metrics2-storagecontainermanager.properties,hadoop-metrics2.properties
2019-09-19 08:24:48,795 [main] INFO  impl.MetricsSystemImpl (MetricsSystemImpl.java:startTimer(374)) - Scheduled Metric snapshot period at 10 second(s).
2019-09-19 08:24:48,795 [main] INFO  impl.MetricsSystemImpl (MetricsSystemImpl.java:start(191)) - StorageContainerManager metrics system started
2019-09-19 08:24:48,834 [main] WARN  impl.MetricsSystemImpl (MetricsSystemImpl.java:register(276)) - Sink prometheus already exists!
2019-09-19 08:24:48,880 [main] INFO  server.SCMClientProtocolServer (SCMClientProtocolServer.java:start(151)) - RPC server for Client  is listening at /0.0.0.0:36245
2019-09-19 08:24:48,880 [IPC Server Responder] INFO  ipc.Server (Server.java:run(1314)) - IPC Server Responder: starting
2019-09-19 08:24:48,880 [IPC Server listener on 36245] INFO  ipc.Server (Server.java:run(1153)) - IPC Server listener on 36245: starting
2019-09-19 08:24:48,886 [main] INFO  server.StorageContainerManager (StorageContainerManager.java:start(773)) - ScmBlockLocationProtocol RPC server is listening at /0.0.0.0:32955
2019-09-19 08:24:48,886 [main] INFO  server.SCMBlockProtocolServer (SCMBlockProtocolServer.java:start(146)) - RPC server for Block Protocol is listening at /0.0.0.0:32955
2019-09-19 08:24:48,886 [IPC Server Responder] INFO  ipc.Server (Server.java:run(1314)) - IPC Server Responder: starting
2019-09-19 08:24:48,887 [IPC Server listener on 32955] INFO  ipc.Server (Server.java:run(1153)) - IPC Server listener on 32955: starting
2019-09-19 08:24:48,891 [main] INFO  server.StorageContainerManager (StorageContainerManager.java:start(777)) - ScmDatanodeProtocl RPC server is listening at /0.0.0.0:42782
2019-09-19 08:24:48,891 [main] INFO  server.SCMDatanodeProtocolServer (SCMDatanodeProtocolServer.java:start(191)) - RPC server for DataNodes is listening at /0.0.0.0:42782
2019-09-19 08:24:48,891 [IPC Server Responder] INFO  ipc.Server (Server.java:run(1314)) - IPC Server Responder: starting
2019-09-19 08:24:48,892 [IPC Server listener on 42782] INFO  ipc.Server (Server.java:run(1153)) - IPC Server listener on 42782: starting
2019-09-19 08:24:48,896 [main] INFO  http.HttpServer2 (HttpServer2.java:bindListener(1191)) - Jetty bound to port 32781
2019-09-19 08:24:48,897 [main] INFO  server.Server (Server.java:doStart(351)) - jetty-9.3.24.v20180605, build timestamp: 2018-06-05T17:11:56Z, git hash: 84205aa28f11a4f31f2a3b86d1bba2cc8ab69827
2019-09-19 08:24:48,899 [main] INFO  handler.ContextHandler (ContextHandler.java:doStart(781)) - Started o.e.j.s.ServletContextHandler@78910096{/logs,file:///workdir/hadoop-ozone/integration-test/target/log,AVAILABLE}
2019-09-19 08:24:48,899 [main] INFO  handler.ContextHandler (ContextHandler.java:doStart(781)) - Started o.e.j.s.ServletContextHandler@4a1a256d{/static,file:///workdir/hadoop-ozone/integration-test/target/test-classes/webapps/static,AVAILABLE}
2019-09-19 08:24:48,904 [main] INFO  handler.ContextHandler (ContextHandler.java:doStart(781)) - Started o.e.j.w.WebAppContext@64b70f41{/,file:///workdir/hadoop-ozone/integration-test/target/test-classes/webapps/scm/,AVAILABLE}{/scm}
2019-09-19 08:24:48,904 [main] INFO  server.AbstractConnector (AbstractConnector.java:doStart(278)) - Started ServerConnector@5f8d9767{HTTP/1.1,[http/1.1]}{0.0.0.0:32781}
2019-09-19 08:24:48,905 [main] INFO  server.Server (Server.java:doStart(419)) - Started @151450ms
2019-09-19 08:24:48,905 [main] WARN  impl.MetricsSystemImpl (MetricsSystemImpl.java:register(276)) - Sink prometheus already exists!
2019-09-19 08:24:48,906 [main] INFO  server.BaseHttpServer (BaseHttpServer.java:updateConnectorAddress(215)) - HTTP server of SCM is listening at http://0.0.0.0:32781
2019-09-19 08:24:48,908 [main] WARN  server.ServerUtils (ServerUtils.java:getDBPath(222)) - ozone.om.db.dirs is not configured. We recommend adding this setting. Falling back to ozone.metadata.dirs instead.
2019-09-19 08:24:48,908 [org.apache.hadoop.util.JvmPauseMonitor$Monitor@62b09715] INFO  util.JvmPauseMonitor (JvmPauseMonitor.java:run(188)) - Starting JVM pause monitor
2019-09-19 08:24:51,557 [main] WARN  server.ServerUtils (ServerUtils.java:getDBPath(222)) - ozone.om.db.dirs is not configured. We recommend adding this setting. Falling back to ozone.metadata.dirs instead.
2019-09-19 08:24:51,558 [main] WARN  server.ServerUtils (ServerUtils.java:getDBPath(222)) - ozone.om.db.dirs is not configured. We recommend adding this setting. Falling back to ozone.metadata.dirs instead.
2019-09-19 08:24:51,558 [main] INFO  om.OzoneManager (OzoneManager.java:setOMNodeDetails(649)) - OM Service ID is not set. Setting it to the default ID: omServiceIdDefault
2019-09-19 08:24:51,558 [main] INFO  om.OzoneManager (OzoneManager.java:setOMNodeDetails(655)) - OM Node ID is not set. Setting it to the OmStorage's OmID: dc2fa561-d95d-4cf3-ba0d-0859089eca98
2019-09-19 08:24:51,559 [main] INFO  om.OzoneManager (OzoneManager.java:loadOMHAConfigs(606)) - Found matching OM address with OMServiceId: null, OMNodeId: null, RPC Address: localhost:0 and Ratis port: 9872
2019-09-19 08:24:51,567 [main] WARN  server.ServerUtils (ServerUtils.java:getDBPath(222)) - ozone.om.db.dirs is not configured. We recommend adding this setting. Falling back to ozone.metadata.dirs instead.
2019-09-19 08:24:51,568 [main] INFO  db.DBStoreBuilder (DBStoreBuilder.java:addTable(110)) - using custom profile for table: userTable
2019-09-19 08:24:51,568 [main] INFO  db.DBStoreBuilder (DBStoreBuilder.java:processTables(161)) - Using default column profile:DBProfile.DISK for Table:userTable
2019-09-19 08:24:51,568 [main] INFO  db.DBStoreBuilder (DBStoreBuilder.java:addTable(110)) - using custom profile for table: volumeTable
2019-09-19 08:24:51,568 [main] INFO  db.DBStoreBuilder (DBStoreBuilder.java:processTables(161)) - Using default column profile:DBProfile.DISK for Table:volumeTable
2019-09-19 08:24:51,569 [main] INFO  db.DBStoreBuilder (DBStoreBuilder.java:addTable(110)) - using custom profile for table: bucketTable
2019-09-19 08:24:51,569 [main] INFO  db.DBStoreBuilder (DBStoreBuilder.java:processTables(161)) - Using default column profile:DBProfile.DISK for Table:bucketTable
2019-09-19 08:24:51,569 [main] INFO  db.DBStoreBuilder (DBStoreBuilder.java:addTable(110)) - using custom profile for table: keyTable
2019-09-19 08:24:51,569 [main] INFO  db.DBStoreBuilder (DBStoreBuilder.java:processTables(161)) - Using default column profile:DBProfile.DISK for Table:keyTable
2019-09-19 08:24:51,570 [main] INFO  db.DBStoreBuilder (DBStoreBuilder.java:addTable(110)) - using custom profile for table: deletedTable
2019-09-19 08:24:51,570 [main] INFO  db.DBStoreBuilder (DBStoreBuilder.java:processTables(161)) - Using default column profile:DBProfile.DISK for Table:deletedTable
2019-09-19 08:24:51,570 [main] INFO  db.DBStoreBuilder (DBStoreBuilder.java:addTable(110)) - using custom profile for table: openKeyTable
2019-09-19 08:24:51,570 [main] INFO  db.DBStoreBuilder (DBStoreBuilder.java:processTables(161)) - Using default column profile:DBProfile.DISK for Table:openKeyTable
2019-09-19 08:24:51,571 [main] INFO  db.DBStoreBuilder (DBStoreBuilder.java:addTable(110)) - using custom profile for table: s3Table
2019-09-19 08:24:51,571 [main] INFO  db.DBStoreBuilder (DBStoreBuilder.java:processTables(161)) - Using default column profile:DBProfile.DISK for Table:s3Table
2019-09-19 08:24:51,571 [main] INFO  db.DBStoreBuilder (DBStoreBuilder.java:addTable(110)) - using custom profile for table: multipartInfoTable
2019-09-19 08:24:51,571 [main] INFO  db.DBStoreBuilder (DBStoreBuilder.java:processTables(161)) - Using default column profile:DBProfile.DISK for Table:multipartInfoTable
2019-09-19 08:24:51,572 [main] INFO  db.DBStoreBuilder (DBStoreBuilder.java:addTable(110)) - using custom profile for table: dTokenTable
2019-09-19 08:24:51,572 [main] INFO  db.DBStoreBuilder (DBStoreBuilder.java:processTables(161)) - Using default column profile:DBProfile.DISK for Table:dTokenTable
2019-09-19 08:24:51,572 [main] INFO  db.DBStoreBuilder (DBStoreBuilder.java:addTable(110)) - using custom profile for table: s3SecretTable
2019-09-19 08:24:51,572 [main] INFO  db.DBStoreBuilder (DBStoreBuilder.java:processTables(161)) - Using default column profile:DBProfile.DISK for Table:s3SecretTable
2019-09-19 08:24:51,573 [main] INFO  db.DBStoreBuilder (DBStoreBuilder.java:addTable(110)) - using custom profile for table: prefixTable
2019-09-19 08:24:51,573 [main] INFO  db.DBStoreBuilder (DBStoreBuilder.java:processTables(161)) - Using default column profile:DBProfile.DISK for Table:prefixTable
2019-09-19 08:24:51,573 [main] INFO  db.DBStoreBuilder (DBStoreBuilder.java:addTable(110)) - using custom profile for table: default
2019-09-19 08:24:51,573 [main] INFO  db.DBStoreBuilder (DBStoreBuilder.java:processTables(167)) - Using default column profile:DBProfile.DISK for Table:default
2019-09-19 08:24:51,573 [main] INFO  db.DBStoreBuilder (DBStoreBuilder.java:getDbProfile(198)) - Using default options. DBProfile.DISK
2019-09-19 08:25:55,711 [main] INFO  ipc.CallQueueManager (CallQueueManager.java:<init>(84)) - Using callQueue: class java.util.concurrent.LinkedBlockingQueue, queueCapacity: 2000, scheduler: class org.apache.hadoop.ipc.DefaultRpcScheduler, ipcBackoff: false.
2019-09-19 08:25:55,712 [Socket Reader #1 for port 34393] INFO  ipc.Server (Server.java:run(1074)) - Starting Socket Reader #1 for port 34393
2019-09-19 08:25:55,727 [main] INFO  om.OzoneManager (OzoneManager.java:start(1240)) - OzoneManager RPC server is listening at localhost/127.0.0.1:34393
2019-09-19 08:25:55,727 [main] INFO  impl.MetricsSystemImpl (MetricsSystemImpl.java:init(158)) - OzoneManager metrics system started (again)
2019-09-19 08:25:55,728 [IPC Server Responder] INFO  ipc.Server (Server.java:run(1314)) - IPC Server Responder: starting
2019-09-19 08:25:55,729 [IPC Server listener on 34393] INFO  ipc.Server (Server.java:run(1153)) - IPC Server listener on 34393: starting
2019-09-19 08:25:55,734 [main] INFO  hdfs.DFSUtil (DFSUtil.java:httpServerTemplateForNNAndJN(1641)) - Starting Web-server for ozoneManager at: http://0.0.0.0:0
2019-09-19 08:25:55,736 [main] INFO  server.AuthenticationFilter (AuthenticationFilter.java:constructSecretProvider(240)) - Unable to initialize FileSignerSecretProvider, falling back to use random secrets.
2019-09-19 08:25:55,736 [main] WARN  http.HttpRequestLog (HttpRequestLog.java:getRequestLog(97)) - Jetty request log can only be enabled using Log4j
2019-09-19 08:25:55,738 [main] INFO  http.HttpServer2 (HttpServer2.java:addGlobalFilter(975)) - Added global filter 'safety' (class=org.apache.hadoop.http.HttpServer2$QuotingInputFilter)
2019-09-19 08:25:55,739 [main] INFO  http.HttpServer2 (HttpServer2.java:addFilter(948)) - Added filter static_user_filter (class=org.apache.hadoop.http.lib.StaticUserWebFilter$StaticUserFilter) to context ozoneManager
2019-09-19 08:25:55,739 [main] INFO  http.HttpServer2 (HttpServer2.java:addFilter(958)) - Added filter static_user_filter (class=org.apache.hadoop.http.lib.StaticUserWebFilter$StaticUserFilter) to context logs
2019-09-19 08:25:55,739 [main] INFO  http.HttpServer2 (HttpServer2.java:addFilter(958)) - Added filter static_user_filter (class=org.apache.hadoop.http.lib.StaticUserWebFilter$StaticUserFilter) to context static
2019-09-19 08:25:55,740 [main] INFO  http.HttpServer2 (HttpServer2.java:bindListener(1191)) - Jetty bound to port 36118
2019-09-19 08:25:55,740 [main] INFO  server.Server (Server.java:doStart(351)) - jetty-9.3.24.v20180605, build timestamp: 2018-06-05T17:11:56Z, git hash: 84205aa28f11a4f31f2a3b86d1bba2cc8ab69827
2019-09-19 08:25:55,742 [main] INFO  handler.ContextHandler (ContextHandler.java:doStart(781)) - Started o.e.j.s.ServletContextHandler@33feda48{/logs,file:///workdir/hadoop-ozone/integration-test/target/log,AVAILABLE}
2019-09-19 08:25:55,743 [main] INFO  handler.ContextHandler (ContextHandler.java:doStart(781)) - Started o.e.j.s.ServletContextHandler@15a3b42{/static,file:///workdir/hadoop-ozone/integration-test/target/test-classes/webapps/static,AVAILABLE}
2019-09-19 08:25:55,747 [main] INFO  handler.ContextHandler (ContextHandler.java:doStart(781)) - Started o.e.j.w.WebAppContext@5d878b25{/,file:///workdir/hadoop-ozone/integration-test/target/test-classes/webapps/ozoneManager/,AVAILABLE}{/ozoneManager}
2019-09-19 08:25:55,747 [main] INFO  server.AbstractConnector (AbstractConnector.java:doStart(278)) - Started ServerConnector@28279a49{HTTP/1.1,[http/1.1]}{0.0.0.0:36118}
2019-09-19 08:25:55,748 [main] INFO  server.Server (Server.java:doStart(419)) - Started @218293ms
2019-09-19 08:25:55,748 [main] WARN  impl.MetricsSystemImpl (MetricsSystemImpl.java:register(276)) - Sink prometheus already exists!
2019-09-19 08:25:55,750 [main] INFO  server.BaseHttpServer (BaseHttpServer.java:updateConnectorAddress(215)) - HTTP server of OZONEMANAGER is listening at http://0.0.0.0:36118
2019-09-19 08:25:55,772 [main] INFO  impl.MetricsSystemImpl (MetricsSystemImpl.java:init(158)) - HddsDatanode metrics system started (again)
2019-09-19 08:25:55,774 [main] INFO  ozone.HddsDatanodeService (HddsDatanodeService.java:start(184)) - HddsDatanodeService host:pr-hdds-2101-t8mbx-1252714220 ip:192.168.36.85
2019-09-19 08:25:55,781 [main] INFO  volume.HddsVolume (HddsVolume.java:<init>(176)) - Creating Volume: /workdir/hadoop-ozone/integration-test/target/test-dir/MiniOzoneClusterImpl-6146c60c-cb8d-4aa2-a902-cb133a81267e/datanode-0/data/containers/hdds of  storage type : DISK and capacity : 1482555576320
2019-09-19 08:25:55,781 [main] INFO  volume.VolumeSet (VolumeSet.java:initializeVolumeSet(170)) - Added Volume : /workdir/hadoop-ozone/integration-test/target/test-dir/MiniOzoneClusterImpl-6146c60c-cb8d-4aa2-a902-cb133a81267e/datanode-0/data/containers/hdds to VolumeSet
2019-09-19 08:25:55,781 [main] INFO  volume.ThrottledAsyncChecker (ThrottledAsyncChecker.java:schedule(139)) - Scheduling a check for org.apache.hadoop.ozone.container.common.volume.HddsVolume@412c5e8b
2019-09-19 08:25:55,782 [main] INFO  volume.HddsVolumeChecker (HddsVolumeChecker.java:checkAllVolumes(202)) - Scheduled health check for volume org.apache.hadoop.ozone.container.common.volume.HddsVolume@412c5e8b
2019-09-19 08:25:55,796 [main] INFO  impl.RaftServerProxy (ConfUtils.java:logGet(43)) - raft.rpc.type = GRPC (default)
2019-09-19 08:25:55,796 [main] INFO  grpc.GrpcFactory (GrpcFactory.java:checkPooledByteBufAllocatorUseCacheForAllThreads(45)) - PERFORMANCE WARNING: useCacheForAllThreads is true that may cause Netty to create a lot garbage objects and, as a result, trigger GC.
	It is recommended to disable useCacheForAllThreads by setting -Dorg.apache.ratis.thirdparty.io.netty.allocator.useCacheForAllThreads=false in command line.
2019-09-19 08:25:55,796 [main] INFO  grpc.GrpcConfigKeys$Server (ConfUtils.java:logGet(43)) - raft.grpc.server.port = 0 (default)
2019-09-19 08:25:55,797 [main] INFO  server.GrpcService (ConfUtils.java:logGet(43)) - raft.grpc.message.size.max = 33570816 (custom)
2019-09-19 08:25:55,797 [main] INFO  server.RaftServerConfigKeys (ConfUtils.java:logGet(43)) - raft.server.log.appender.buffer.byte-limit = 33554432 (custom)
2019-09-19 08:25:55,797 [main] INFO  server.GrpcService (ConfUtils.java:logGet(43)) - raft.grpc.flow.control.window = 1MB (=1048576) (default)
2019-09-19 08:25:55,797 [main] INFO  server.RaftServerConfigKeys (ConfUtils.java:logGet(43)) - raft.server.rpc.request.timeout = 3000ms (default)
2019-09-19 08:25:55,798 [main] INFO  server.RaftServerConfigKeys (ConfUtils.java:logGet(43)) - raft.server.storage.dir = [/workdir/hadoop-ozone/integration-test/target/test-dir/MiniOzoneClusterImpl-6146c60c-cb8d-4aa2-a902-cb133a81267e/datanode-0/data/ratis] (custom)
2019-09-19 08:25:55,801 [main] INFO  hdfs.DFSUtil (DFSUtil.java:httpServerTemplateForNNAndJN(1641)) - Starting Web-server for hddsDatanode at: http://0.0.0.0:0
2019-09-19 08:25:55,803 [main] INFO  server.AuthenticationFilter (AuthenticationFilter.java:constructSecretProvider(240)) - Unable to initialize FileSignerSecretProvider, falling back to use random secrets.
2019-09-19 08:25:55,803 [main] WARN  http.HttpRequestLog (HttpRequestLog.java:getRequestLog(97)) - Jetty request log can only be enabled using Log4j
2019-09-19 08:25:55,804 [main] INFO  http.HttpServer2 (HttpServer2.java:addGlobalFilter(975)) - Added global filter 'safety' (class=org.apache.hadoop.http.HttpServer2$QuotingInputFilter)
2019-09-19 08:25:55,805 [main] INFO  http.HttpServer2 (HttpServer2.java:addFilter(948)) - Added filter static_user_filter (class=org.apache.hadoop.http.lib.StaticUserWebFilter$StaticUserFilter) to context hddsDatanode
2019-09-19 08:25:55,805 [main] INFO  http.HttpServer2 (HttpServer2.java:addFilter(958)) - Added filter static_user_filter (class=org.apache.hadoop.http.lib.StaticUserWebFilter$StaticUserFilter) to context static
2019-09-19 08:25:55,805 [main] INFO  http.HttpServer2 (HttpServer2.java:addFilter(958)) - Added filter static_user_filter (class=org.apache.hadoop.http.lib.StaticUserWebFilter$StaticUserFilter) to context logs
2019-09-19 08:25:55,806 [main] INFO  http.HttpServer2 (HttpServer2.java:bindListener(1191)) - Jetty bound to port 34375
2019-09-19 08:25:55,806 [main] INFO  server.Server (Server.java:doStart(351)) - jetty-9.3.24.v20180605, build timestamp: 2018-06-05T17:11:56Z, git hash: 84205aa28f11a4f31f2a3b86d1bba2cc8ab69827
2019-09-19 08:25:55,807 [main] INFO  handler.ContextHandler (ContextHandler.java:doStart(781)) - Started o.e.j.s.ServletContextHandler@d13960e{/logs,file:///workdir/hadoop-ozone/integration-test/target/log,AVAILABLE}
2019-09-19 08:25:55,808 [main] INFO  handler.ContextHandler (ContextHandler.java:doStart(781)) - Started o.e.j.s.ServletContextHandler@5e593b08{/static,jar:file:/home/user/.m2/repository/org/apache/hadoop/hadoop-hdds-container-service/0.5.0-SNAPSHOT/hadoop-hdds-container-service-0.5.0-SNAPSHOT.jar!/webapps/static,AVAILABLE}
2019-09-19 08:25:55,836 [main] INFO  handler.ContextHandler (ContextHandler.java:doStart(781)) - Started o.e.j.w.WebAppContext@3592c1c4{/,file:///tmp/jetty-0.0.0.0-34375-hddsDatanode-_-any-3503401537243090421.dir/webapp/,AVAILABLE}{/hddsDatanode}
2019-09-19 08:25:55,836 [main] INFO  server.AbstractConnector (AbstractConnector.java:doStart(278)) - Started ServerConnector@322e49ee{HTTP/1.1,[http/1.1]}{0.0.0.0:34375}
2019-09-19 08:25:55,837 [main] INFO  server.Server (Server.java:doStart(419)) - Started @218382ms
2019-09-19 08:25:55,837 [main] WARN  impl.MetricsSystemImpl (MetricsSystemImpl.java:register(276)) - Sink prometheus already exists!
2019-09-19 08:25:55,838 [main] INFO  server.BaseHttpServer (BaseHttpServer.java:updateConnectorAddress(215)) - HTTP server of HDDSDATANODE is listening at http://0.0.0.0:34375
2019-09-19 08:25:55,839 [main] INFO  impl.MetricsSystemImpl (MetricsSystemImpl.java:init(158)) - HddsDatanode metrics system started (again)
2019-09-19 08:25:55,841 [org.apache.hadoop.util.JvmPauseMonitor$Monitor@66373950] INFO  util.JvmPauseMonitor (JvmPauseMonitor.java:run(188)) - Starting JVM pause monitor
2019-09-19 08:25:55,841 [main] INFO  ozone.HddsDatanodeService (HddsDatanodeService.java:start(184)) - HddsDatanodeService host:pr-hdds-2101-t8mbx-1252714220 ip:192.168.36.85
2019-09-19 08:25:55,844 [Datanode State Machine Thread - 0] INFO  datanode.InitDatanodeState (InitDatanodeState.java:persistContainerDatanodeDetails(140)) - DatanodeDetails is persisted to /workdir/hadoop-ozone/integration-test/target/test-dir/MiniOzoneClusterImpl-6146c60c-cb8d-4aa2-a902-cb133a81267e/datanode-0/meta/datanode.id
2019-09-19 08:25:55,846 [main] INFO  volume.HddsVolume (HddsVolume.java:<init>(176)) - Creating Volume: /workdir/hadoop-ozone/integration-test/target/test-dir/MiniOzoneClusterImpl-6146c60c-cb8d-4aa2-a902-cb133a81267e/datanode-1/data/containers/hdds of  storage type : DISK and capacity : 1482555576320
2019-09-19 08:25:55,847 [main] INFO  volume.VolumeSet (VolumeSet.java:initializeVolumeSet(170)) - Added Volume : /workdir/hadoop-ozone/integration-test/target/test-dir/MiniOzoneClusterImpl-6146c60c-cb8d-4aa2-a902-cb133a81267e/datanode-1/data/containers/hdds to VolumeSet
2019-09-19 08:25:55,847 [main] INFO  volume.ThrottledAsyncChecker (ThrottledAsyncChecker.java:schedule(139)) - Scheduling a check for org.apache.hadoop.ozone.container.common.volume.HddsVolume@64b018f3
2019-09-19 08:25:55,848 [main] INFO  volume.HddsVolumeChecker (HddsVolumeChecker.java:checkAllVolumes(202)) - Scheduled health check for volume org.apache.hadoop.ozone.container.common.volume.HddsVolume@64b018f3
2019-09-19 08:25:55,863 [main] INFO  impl.RaftServerProxy (ConfUtils.java:logGet(43)) - raft.rpc.type = GRPC (default)
2019-09-19 08:25:55,864 [main] INFO  grpc.GrpcFactory (GrpcFactory.java:checkPooledByteBufAllocatorUseCacheForAllThreads(45)) - PERFORMANCE WARNING: useCacheForAllThreads is true that may cause Netty to create a lot garbage objects and, as a result, trigger GC.
	It is recommended to disable useCacheForAllThreads by setting -Dorg.apache.ratis.thirdparty.io.netty.allocator.useCacheForAllThreads=false in command line.
2019-09-19 08:25:55,864 [main] INFO  grpc.GrpcConfigKeys$Server (ConfUtils.java:logGet(43)) - raft.grpc.server.port = 0 (default)
2019-09-19 08:25:55,864 [main] INFO  server.GrpcService (ConfUtils.java:logGet(43)) - raft.grpc.message.size.max = 33570816 (custom)
2019-09-19 08:25:55,864 [main] INFO  server.RaftServerConfigKeys (ConfUtils.java:logGet(43)) - raft.server.log.appender.buffer.byte-limit = 33554432 (custom)
2019-09-19 08:25:55,864 [main] INFO  server.GrpcService (ConfUtils.java:logGet(43)) - raft.grpc.flow.control.window = 1MB (=1048576) (default)
2019-09-19 08:25:55,864 [main] INFO  server.RaftServerConfigKeys (ConfUtils.java:logGet(43)) - raft.server.rpc.request.timeout = 3000ms (default)
2019-09-19 08:25:55,865 [main] INFO  server.RaftServerConfigKeys (ConfUtils.java:logGet(43)) - raft.server.storage.dir = [/workdir/hadoop-ozone/integration-test/target/test-dir/MiniOzoneClusterImpl-6146c60c-cb8d-4aa2-a902-cb133a81267e/datanode-1/data/ratis] (custom)
2019-09-19 08:25:55,867 [main] INFO  hdfs.DFSUtil (DFSUtil.java:httpServerTemplateForNNAndJN(1641)) - Starting Web-server for hddsDatanode at: http://0.0.0.0:0
2019-09-19 08:25:55,869 [main] INFO  server.AuthenticationFilter (AuthenticationFilter.java:constructSecretProvider(240)) - Unable to initialize FileSignerSecretProvider, falling back to use random secrets.
2019-09-19 08:25:55,869 [main] WARN  http.HttpRequestLog (HttpRequestLog.java:getRequestLog(97)) - Jetty request log can only be enabled using Log4j
2019-09-19 08:25:55,871 [main] INFO  http.HttpServer2 (HttpServer2.java:addGlobalFilter(975)) - Added global filter 'safety' (class=org.apache.hadoop.http.HttpServer2$QuotingInputFilter)
2019-09-19 08:25:55,872 [main] INFO  http.HttpServer2 (HttpServer2.java:addFilter(948)) - Added filter static_user_filter (class=org.apache.hadoop.http.lib.StaticUserWebFilter$StaticUserFilter) to context hddsDatanode
2019-09-19 08:25:55,872 [main] INFO  http.HttpServer2 (HttpServer2.java:addFilter(958)) - Added filter static_user_filter (class=org.apache.hadoop.http.lib.StaticUserWebFilter$StaticUserFilter) to context logs
2019-09-19 08:25:55,873 [main] INFO  http.HttpServer2 (HttpServer2.java:addFilter(958)) - Added filter static_user_filter (class=org.apache.hadoop.http.lib.StaticUserWebFilter$StaticUserFilter) to context static
2019-09-19 08:25:55,874 [main] INFO  http.HttpServer2 (HttpServer2.java:bindListener(1191)) - Jetty bound to port 40683
2019-09-19 08:25:55,874 [main] INFO  server.Server (Server.java:doStart(351)) - jetty-9.3.24.v20180605, build timestamp: 2018-06-05T17:11:56Z, git hash: 84205aa28f11a4f31f2a3b86d1bba2cc8ab69827
2019-09-19 08:25:55,876 [main] INFO  handler.ContextHandler (ContextHandler.java:doStart(781)) - Started o.e.j.s.ServletContextHandler@1c61eda5{/logs,file:///workdir/hadoop-ozone/integration-test/target/log,AVAILABLE}
2019-09-19 08:25:55,876 [main] INFO  handler.ContextHandler (ContextHandler.java:doStart(781)) - Started o.e.j.s.ServletContextHandler@59838256{/static,jar:file:/home/user/.m2/repository/org/apache/hadoop/hadoop-hdds-container-service/0.5.0-SNAPSHOT/hadoop-hdds-container-service-0.5.0-SNAPSHOT.jar!/webapps/static,AVAILABLE}
2019-09-19 08:25:55,918 [main] INFO  handler.ContextHandler (ContextHandler.java:doStart(781)) - Started o.e.j.w.WebAppContext@317890ea{/,file:///tmp/jetty-0.0.0.0-40683-hddsDatanode-_-any-3503657471260842339.dir/webapp/,AVAILABLE}{/hddsDatanode}
2019-09-19 08:25:55,918 [main] INFO  server.AbstractConnector (AbstractConnector.java:doStart(278)) - Started ServerConnector@2c719bd4{HTTP/1.1,[http/1.1]}{0.0.0.0:40683}
2019-09-19 08:25:55,919 [main] INFO  server.Server (Server.java:doStart(419)) - Started @218464ms
2019-09-19 08:25:55,919 [main] WARN  impl.MetricsSystemImpl (MetricsSystemImpl.java:register(276)) - Sink prometheus already exists!
2019-09-19 08:25:55,920 [main] INFO  server.BaseHttpServer (BaseHttpServer.java:updateConnectorAddress(215)) - HTTP server of HDDSDATANODE is listening at http://0.0.0.0:40683
2019-09-19 08:25:55,921 [main] INFO  impl.MetricsSystemImpl (MetricsSystemImpl.java:init(158)) - HddsDatanode metrics system started (again)
2019-09-19 08:25:55,923 [org.apache.hadoop.util.JvmPauseMonitor$Monitor@2561d691] INFO  util.JvmPauseMonitor (JvmPauseMonitor.java:run(188)) - Starting JVM pause monitor
2019-09-19 08:25:55,924 [main] INFO  ozone.HddsDatanodeService (HddsDatanodeService.java:start(184)) - HddsDatanodeService host:pr-hdds-2101-t8mbx-1252714220 ip:192.168.36.85
2019-09-19 08:25:55,925 [Datanode State Machine Thread - 0] INFO  datanode.InitDatanodeState (InitDatanodeState.java:persistContainerDatanodeDetails(140)) - DatanodeDetails is persisted to /workdir/hadoop-ozone/integration-test/target/test-dir/MiniOzoneClusterImpl-6146c60c-cb8d-4aa2-a902-cb133a81267e/datanode-1/meta/datanode.id
2019-09-19 08:25:55,930 [main] INFO  volume.HddsVolume (HddsVolume.java:<init>(176)) - Creating Volume: /workdir/hadoop-ozone/integration-test/target/test-dir/MiniOzoneClusterImpl-6146c60c-cb8d-4aa2-a902-cb133a81267e/datanode-2/data/containers/hdds of  storage type : DISK and capacity : 1482555576320
2019-09-19 08:25:55,930 [main] INFO  volume.VolumeSet (VolumeSet.java:initializeVolumeSet(170)) - Added Volume : /workdir/hadoop-ozone/integration-test/target/test-dir/MiniOzoneClusterImpl-6146c60c-cb8d-4aa2-a902-cb133a81267e/datanode-2/data/containers/hdds to VolumeSet
2019-09-19 08:25:55,931 [main] INFO  volume.ThrottledAsyncChecker (ThrottledAsyncChecker.java:schedule(139)) - Scheduling a check for org.apache.hadoop.ozone.container.common.volume.HddsVolume@6c8fe7a4
2019-09-19 08:25:55,931 [main] INFO  volume.HddsVolumeChecker (HddsVolumeChecker.java:checkAllVolumes(202)) - Scheduled health check for volume org.apache.hadoop.ozone.container.common.volume.HddsVolume@6c8fe7a4
2019-09-19 08:25:55,945 [main] INFO  impl.RaftServerProxy (ConfUtils.java:logGet(43)) - raft.rpc.type = GRPC (default)
2019-09-19 08:25:55,945 [main] INFO  grpc.GrpcFactory (GrpcFactory.java:checkPooledByteBufAllocatorUseCacheForAllThreads(45)) - PERFORMANCE WARNING: useCacheForAllThreads is true that may cause Netty to create a lot garbage objects and, as a result, trigger GC.
	It is recommended to disable useCacheForAllThreads by setting -Dorg.apache.ratis.thirdparty.io.netty.allocator.useCacheForAllThreads=false in command line.
2019-09-19 08:25:55,945 [main] INFO  grpc.GrpcConfigKeys$Server (ConfUtils.java:logGet(43)) - raft.grpc.server.port = 0 (default)
2019-09-19 08:25:55,945 [main] INFO  server.GrpcService (ConfUtils.java:logGet(43)) - raft.grpc.message.size.max = 33570816 (custom)
2019-09-19 08:25:55,945 [main] INFO  server.RaftServerConfigKeys (ConfUtils.java:logGet(43)) - raft.server.log.appender.buffer.byte-limit = 33554432 (custom)
2019-09-19 08:25:55,946 [main] INFO  server.GrpcService (ConfUtils.java:logGet(43)) - raft.grpc.flow.control.window = 1MB (=1048576) (default)
2019-09-19 08:25:55,946 [main] INFO  server.RaftServerConfigKeys (ConfUtils.java:logGet(43)) - raft.server.rpc.request.timeout = 3000ms (default)
2019-09-19 08:25:55,946 [main] INFO  server.RaftServerConfigKeys (ConfUtils.java:logGet(43)) - raft.server.storage.dir = [/workdir/hadoop-ozone/integration-test/target/test-dir/MiniOzoneClusterImpl-6146c60c-cb8d-4aa2-a902-cb133a81267e/datanode-2/data/ratis] (custom)
2019-09-19 08:25:55,948 [main] INFO  hdfs.DFSUtil (DFSUtil.java:httpServerTemplateForNNAndJN(1641)) - Starting Web-server for hddsDatanode at: http://0.0.0.0:0
2019-09-19 08:25:55,949 [main] INFO  server.AuthenticationFilter (AuthenticationFilter.java:constructSecretProvider(240)) - Unable to initialize FileSignerSecretProvider, falling back to use random secrets.
2019-09-19 08:25:55,949 [main] WARN  http.HttpRequestLog (HttpRequestLog.java:getRequestLog(97)) - Jetty request log can only be enabled using Log4j
2019-09-19 08:25:55,951 [main] INFO  http.HttpServer2 (HttpServer2.java:addGlobalFilter(975)) - Added global filter 'safety' (class=org.apache.hadoop.http.HttpServer2$QuotingInputFilter)
2019-09-19 08:25:55,951 [main] INFO  http.HttpServer2 (HttpServer2.java:addFilter(948)) - Added filter static_user_filter (class=org.apache.hadoop.http.lib.StaticUserWebFilter$StaticUserFilter) to context hddsDatanode
2019-09-19 08:25:55,951 [main] INFO  http.HttpServer2 (HttpServer2.java:addFilter(958)) - Added filter static_user_filter (class=org.apache.hadoop.http.lib.StaticUserWebFilter$StaticUserFilter) to context logs
2019-09-19 08:25:55,952 [main] INFO  http.HttpServer2 (HttpServer2.java:addFilter(958)) - Added filter static_user_filter (class=org.apache.hadoop.http.lib.StaticUserWebFilter$StaticUserFilter) to context static
2019-09-19 08:25:55,952 [main] INFO  http.HttpServer2 (HttpServer2.java:bindListener(1191)) - Jetty bound to port 43070
2019-09-19 08:25:55,952 [main] INFO  server.Server (Server.java:doStart(351)) - jetty-9.3.24.v20180605, build timestamp: 2018-06-05T17:11:56Z, git hash: 84205aa28f11a4f31f2a3b86d1bba2cc8ab69827
2019-09-19 08:25:55,954 [main] INFO  handler.ContextHandler (ContextHandler.java:doStart(781)) - Started o.e.j.s.ServletContextHandler@feb098f{/logs,file:///workdir/hadoop-ozone/integration-test/target/log,AVAILABLE}
2019-09-19 08:25:55,954 [main] INFO  handler.ContextHandler (ContextHandler.java:doStart(781)) - Started o.e.j.s.ServletContextHandler@31e739bf{/static,jar:file:/home/user/.m2/repository/org/apache/hadoop/hadoop-hdds-container-service/0.5.0-SNAPSHOT/hadoop-hdds-container-service-0.5.0-SNAPSHOT.jar!/webapps/static,AVAILABLE}
2019-09-19 08:25:55,985 [main] INFO  handler.ContextHandler (ContextHandler.java:doStart(781)) - Started o.e.j.w.WebAppContext@68b7d0ef{/,file:///tmp/jetty-0.0.0.0-43070-hddsDatanode-_-any-1763539404558895287.dir/webapp/,AVAILABLE}{/hddsDatanode}
2019-09-19 08:25:55,985 [main] INFO  server.AbstractConnector (AbstractConnector.java:doStart(278)) - Started ServerConnector@7069f076{HTTP/1.1,[http/1.1]}{0.0.0.0:43070}
2019-09-19 08:25:55,986 [main] INFO  server.Server (Server.java:doStart(419)) - Started @218531ms
2019-09-19 08:25:55,986 [main] WARN  impl.MetricsSystemImpl (MetricsSystemImpl.java:register(276)) - Sink prometheus already exists!
2019-09-19 08:25:55,987 [main] INFO  server.BaseHttpServer (BaseHttpServer.java:updateConnectorAddress(215)) - HTTP server of HDDSDATANODE is listening at http://0.0.0.0:43070
2019-09-19 08:25:55,988 [main] INFO  impl.MetricsSystemImpl (MetricsSystemImpl.java:init(158)) - HddsDatanode metrics system started (again)
2019-09-19 08:25:55,991 [org.apache.hadoop.util.JvmPauseMonitor$Monitor@7832b7bb] INFO  util.JvmPauseMonitor (JvmPauseMonitor.java:run(188)) - Starting JVM pause monitor
2019-09-19 08:25:55,992 [main] INFO  ozone.HddsDatanodeService (HddsDatanodeService.java:start(184)) - HddsDatanodeService host:pr-hdds-2101-t8mbx-1252714220 ip:192.168.36.85
2019-09-19 08:25:55,992 [Datanode State Machine Thread - 0] INFO  datanode.InitDatanodeState (InitDatanodeState.java:persistContainerDatanodeDetails(140)) - DatanodeDetails is persisted to /workdir/hadoop-ozone/integration-test/target/test-dir/MiniOzoneClusterImpl-6146c60c-cb8d-4aa2-a902-cb133a81267e/datanode-2/meta/datanode.id
2019-09-19 08:25:55,997 [main] INFO  volume.HddsVolume (HddsVolume.java:<init>(176)) - Creating Volume: /workdir/hadoop-ozone/integration-test/target/test-dir/MiniOzoneClusterImpl-6146c60c-cb8d-4aa2-a902-cb133a81267e/datanode-3/data/containers/hdds of  storage type : DISK and capacity : 1482555576320
2019-09-19 08:25:55,998 [main] INFO  volume.VolumeSet (VolumeSet.java:initializeVolumeSet(170)) - Added Volume : /workdir/hadoop-ozone/integration-test/target/test-dir/MiniOzoneClusterImpl-6146c60c-cb8d-4aa2-a902-cb133a81267e/datanode-3/data/containers/hdds to VolumeSet
2019-09-19 08:25:55,998 [main] INFO  volume.ThrottledAsyncChecker (ThrottledAsyncChecker.java:schedule(139)) - Scheduling a check for org.apache.hadoop.ozone.container.common.volume.HddsVolume@5707f613
2019-09-19 08:25:55,998 [main] INFO  volume.HddsVolumeChecker (HddsVolumeChecker.java:checkAllVolumes(202)) - Scheduled health check for volume org.apache.hadoop.ozone.container.common.volume.HddsVolume@5707f613
2019-09-19 08:25:56,013 [main] INFO  impl.RaftServerProxy (ConfUtils.java:logGet(43)) - raft.rpc.type = GRPC (default)
2019-09-19 08:25:56,014 [main] INFO  grpc.GrpcFactory (GrpcFactory.java:checkPooledByteBufAllocatorUseCacheForAllThreads(45)) - PERFORMANCE WARNING: useCacheForAllThreads is true that may cause Netty to create a lot garbage objects and, as a result, trigger GC.
	It is recommended to disable useCacheForAllThreads by setting -Dorg.apache.ratis.thirdparty.io.netty.allocator.useCacheForAllThreads=false in command line.
2019-09-19 08:25:56,014 [main] INFO  grpc.GrpcConfigKeys$Server (ConfUtils.java:logGet(43)) - raft.grpc.server.port = 0 (default)
2019-09-19 08:25:56,014 [main] INFO  server.GrpcService (ConfUtils.java:logGet(43)) - raft.grpc.message.size.max = 33570816 (custom)
2019-09-19 08:25:56,014 [main] INFO  server.RaftServerConfigKeys (ConfUtils.java:logGet(43)) - raft.server.log.appender.buffer.byte-limit = 33554432 (custom)
2019-09-19 08:25:56,015 [main] INFO  server.GrpcService (ConfUtils.java:logGet(43)) - raft.grpc.flow.control.window = 1MB (=1048576) (default)
2019-09-19 08:25:56,015 [main] INFO  server.RaftServerConfigKeys (ConfUtils.java:logGet(43)) - raft.server.rpc.request.timeout = 3000ms (default)
2019-09-19 08:25:56,015 [main] INFO  server.RaftServerConfigKeys (ConfUtils.java:logGet(43)) - raft.server.storage.dir = [/workdir/hadoop-ozone/integration-test/target/test-dir/MiniOzoneClusterImpl-6146c60c-cb8d-4aa2-a902-cb133a81267e/datanode-3/data/ratis] (custom)
2019-09-19 08:25:56,017 [main] INFO  hdfs.DFSUtil (DFSUtil.java:httpServerTemplateForNNAndJN(1641)) - Starting Web-server for hddsDatanode at: http://0.0.0.0:0
2019-09-19 08:25:56,018 [main] INFO  server.AuthenticationFilter (AuthenticationFilter.java:constructSecretProvider(240)) - Unable to initialize FileSignerSecretProvider, falling back to use random secrets.
2019-09-19 08:25:56,018 [main] WARN  http.HttpRequestLog (HttpRequestLog.java:getRequestLog(97)) - Jetty request log can only be enabled using Log4j
2019-09-19 08:25:56,020 [main] INFO  http.HttpServer2 (HttpServer2.java:addGlobalFilter(975)) - Added global filter 'safety' (class=org.apache.hadoop.http.HttpServer2$QuotingInputFilter)
2019-09-19 08:25:56,020 [main] INFO  http.HttpServer2 (HttpServer2.java:addFilter(948)) - Added filter static_user_filter (class=org.apache.hadoop.http.lib.StaticUserWebFilter$StaticUserFilter) to context hddsDatanode
2019-09-19 08:25:56,020 [main] INFO  http.HttpServer2 (HttpServer2.java:addFilter(958)) - Added filter static_user_filter (class=org.apache.hadoop.http.lib.StaticUserWebFilter$StaticUserFilter) to context logs
2019-09-19 08:25:56,021 [main] INFO  http.HttpServer2 (HttpServer2.java:addFilter(958)) - Added filter static_user_filter (class=org.apache.hadoop.http.lib.StaticUserWebFilter$StaticUserFilter) to context static
2019-09-19 08:25:56,021 [main] INFO  http.HttpServer2 (HttpServer2.java:bindListener(1191)) - Jetty bound to port 36098
2019-09-19 08:25:56,021 [main] INFO  server.Server (Server.java:doStart(351)) - jetty-9.3.24.v20180605, build timestamp: 2018-06-05T17:11:56Z, git hash: 84205aa28f11a4f31f2a3b86d1bba2cc8ab69827
2019-09-19 08:25:56,023 [main] INFO  handler.ContextHandler (ContextHandler.java:doStart(781)) - Started o.e.j.s.ServletContextHandler@bb25753{/logs,file:///workdir/hadoop-ozone/integration-test/target/log,AVAILABLE}
2019-09-19 08:25:56,023 [main] INFO  handler.ContextHandler (ContextHandler.java:doStart(781)) - Started o.e.j.s.ServletContextHandler@40c06358{/static,jar:file:/home/user/.m2/repository/org/apache/hadoop/hadoop-hdds-container-service/0.5.0-SNAPSHOT/hadoop-hdds-container-service-0.5.0-SNAPSHOT.jar!/webapps/static,AVAILABLE}
2019-09-19 08:25:56,055 [main] INFO  handler.ContextHandler (ContextHandler.java:doStart(781)) - Started o.e.j.w.WebAppContext@79a13920{/,file:///tmp/jetty-0.0.0.0-36098-hddsDatanode-_-any-4688772703100046931.dir/webapp/,AVAILABLE}{/hddsDatanode}
2019-09-19 08:25:56,056 [main] INFO  server.AbstractConnector (AbstractConnector.java:doStart(278)) - Started ServerConnector@182e7eda{HTTP/1.1,[http/1.1]}{0.0.0.0:36098}
2019-09-19 08:25:56,057 [main] INFO  server.Server (Server.java:doStart(419)) - Started @218602ms
2019-09-19 08:25:56,058 [main] WARN  impl.MetricsSystemImpl (MetricsSystemImpl.java:register(276)) - Sink prometheus already exists!
2019-09-19 08:25:56,058 [main] INFO  server.BaseHttpServer (BaseHttpServer.java:updateConnectorAddress(215)) - HTTP server of HDDSDATANODE is listening at http://0.0.0.0:36098
2019-09-19 08:25:56,059 [main] INFO  impl.MetricsSystemImpl (MetricsSystemImpl.java:init(158)) - HddsDatanode metrics system started (again)
2019-09-19 08:25:56,062 [org.apache.hadoop.util.JvmPauseMonitor$Monitor@2f45192a] INFO  util.JvmPauseMonitor (JvmPauseMonitor.java:run(188)) - Starting JVM pause monitor
2019-09-19 08:25:56,062 [main] INFO  ozone.HddsDatanodeService (HddsDatanodeService.java:start(184)) - HddsDatanodeService host:pr-hdds-2101-t8mbx-1252714220 ip:192.168.36.85
2019-09-19 08:25:56,064 [Datanode State Machine Thread - 0] INFO  datanode.InitDatanodeState (InitDatanodeState.java:persistContainerDatanodeDetails(140)) - DatanodeDetails is persisted to /workdir/hadoop-ozone/integration-test/target/test-dir/MiniOzoneClusterImpl-6146c60c-cb8d-4aa2-a902-cb133a81267e/datanode-3/meta/datanode.id
2019-09-19 08:25:56,069 [main] INFO  volume.HddsVolume (HddsVolume.java:<init>(176)) - Creating Volume: /workdir/hadoop-ozone/integration-test/target/test-dir/MiniOzoneClusterImpl-6146c60c-cb8d-4aa2-a902-cb133a81267e/datanode-4/data/containers/hdds of  storage type : DISK and capacity : 1482555576320
2019-09-19 08:25:56,069 [main] INFO  volume.VolumeSet (VolumeSet.java:initializeVolumeSet(170)) - Added Volume : /workdir/hadoop-ozone/integration-test/target/test-dir/MiniOzoneClusterImpl-6146c60c-cb8d-4aa2-a902-cb133a81267e/datanode-4/data/containers/hdds to VolumeSet
2019-09-19 08:25:56,069 [main] INFO  volume.ThrottledAsyncChecker (ThrottledAsyncChecker.java:schedule(139)) - Scheduling a check for org.apache.hadoop.ozone.container.common.volume.HddsVolume@4f93bf0a
2019-09-19 08:25:56,070 [main] INFO  volume.HddsVolumeChecker (HddsVolumeChecker.java:checkAllVolumes(202)) - Scheduled health check for volume org.apache.hadoop.ozone.container.common.volume.HddsVolume@4f93bf0a
2019-09-19 08:25:56,084 [main] INFO  impl.RaftServerProxy (ConfUtils.java:logGet(43)) - raft.rpc.type = GRPC (default)
2019-09-19 08:25:56,084 [main] INFO  grpc.GrpcFactory (GrpcFactory.java:checkPooledByteBufAllocatorUseCacheForAllThreads(45)) - PERFORMANCE WARNING: useCacheForAllThreads is true that may cause Netty to create a lot garbage objects and, as a result, trigger GC.
	It is recommended to disable useCacheForAllThreads by setting -Dorg.apache.ratis.thirdparty.io.netty.allocator.useCacheForAllThreads=false in command line.
2019-09-19 08:25:56,084 [main] INFO  grpc.GrpcConfigKeys$Server (ConfUtils.java:logGet(43)) - raft.grpc.server.port = 0 (default)
2019-09-19 08:25:56,084 [main] INFO  server.GrpcService (ConfUtils.java:logGet(43)) - raft.grpc.message.size.max = 33570816 (custom)
2019-09-19 08:25:56,085 [main] INFO  server.RaftServerConfigKeys (ConfUtils.java:logGet(43)) - raft.server.log.appender.buffer.byte-limit = 33554432 (custom)
2019-09-19 08:25:56,085 [main] INFO  server.GrpcService (ConfUtils.java:logGet(43)) - raft.grpc.flow.control.window = 1MB (=1048576) (default)
2019-09-19 08:25:56,085 [main] INFO  server.RaftServerConfigKeys (ConfUtils.java:logGet(43)) - raft.server.rpc.request.timeout = 3000ms (default)
2019-09-19 08:25:56,085 [main] INFO  server.RaftServerConfigKeys (ConfUtils.java:logGet(43)) - raft.server.storage.dir = [/workdir/hadoop-ozone/integration-test/target/test-dir/MiniOzoneClusterImpl-6146c60c-cb8d-4aa2-a902-cb133a81267e/datanode-4/data/ratis] (custom)
2019-09-19 08:25:56,087 [main] INFO  hdfs.DFSUtil (DFSUtil.java:httpServerTemplateForNNAndJN(1641)) - Starting Web-server for hddsDatanode at: http://0.0.0.0:0
2019-09-19 08:25:56,088 [main] INFO  server.AuthenticationFilter (AuthenticationFilter.java:constructSecretProvider(240)) - Unable to initialize FileSignerSecretProvider, falling back to use random secrets.
2019-09-19 08:25:56,088 [main] WARN  http.HttpRequestLog (HttpRequestLog.java:getRequestLog(97)) - Jetty request log can only be enabled using Log4j
2019-09-19 08:25:56,090 [main] INFO  http.HttpServer2 (HttpServer2.java:addGlobalFilter(975)) - Added global filter 'safety' (class=org.apache.hadoop.http.HttpServer2$QuotingInputFilter)
2019-09-19 08:25:56,091 [main] INFO  http.HttpServer2 (HttpServer2.java:addFilter(948)) - Added filter static_user_filter (class=org.apache.hadoop.http.lib.StaticUserWebFilter$StaticUserFilter) to context hddsDatanode
2019-09-19 08:25:56,091 [main] INFO  http.HttpServer2 (HttpServer2.java:addFilter(958)) - Added filter static_user_filter (class=org.apache.hadoop.http.lib.StaticUserWebFilter$StaticUserFilter) to context logs
2019-09-19 08:25:56,091 [main] INFO  http.HttpServer2 (HttpServer2.java:addFilter(958)) - Added filter static_user_filter (class=org.apache.hadoop.http.lib.StaticUserWebFilter$StaticUserFilter) to context static
2019-09-19 08:25:56,091 [main] INFO  http.HttpServer2 (HttpServer2.java:bindListener(1191)) - Jetty bound to port 36989
2019-09-19 08:25:56,092 [main] INFO  server.Server (Server.java:doStart(351)) - jetty-9.3.24.v20180605, build timestamp: 2018-06-05T17:11:56Z, git hash: 84205aa28f11a4f31f2a3b86d1bba2cc8ab69827
2019-09-19 08:25:56,094 [main] INFO  handler.ContextHandler (ContextHandler.java:doStart(781)) - Started o.e.j.s.ServletContextHandler@6c977dcf{/logs,file:///workdir/hadoop-ozone/integration-test/target/log,AVAILABLE}
2019-09-19 08:25:56,094 [main] INFO  handler.ContextHandler (ContextHandler.java:doStart(781)) - Started o.e.j.s.ServletContextHandler@733fb462{/static,jar:file:/home/user/.m2/repository/org/apache/hadoop/hadoop-hdds-container-service/0.5.0-SNAPSHOT/hadoop-hdds-container-service-0.5.0-SNAPSHOT.jar!/webapps/static,AVAILABLE}
2019-09-19 08:25:56,125 [main] INFO  handler.ContextHandler (ContextHandler.java:doStart(781)) - Started o.e.j.w.WebAppContext@2a8b33ba{/,file:///tmp/jetty-0.0.0.0-36989-hddsDatanode-_-any-8042964418451972218.dir/webapp/,AVAILABLE}{/hddsDatanode}
2019-09-19 08:25:56,125 [main] INFO  server.AbstractConnector (AbstractConnector.java:doStart(278)) - Started ServerConnector@4e8b357d{HTTP/1.1,[http/1.1]}{0.0.0.0:36989}
2019-09-19 08:25:56,127 [main] INFO  server.Server (Server.java:doStart(419)) - Started @218671ms
2019-09-19 08:25:56,127 [main] WARN  impl.MetricsSystemImpl (MetricsSystemImpl.java:register(276)) - Sink prometheus already exists!
2019-09-19 08:25:56,128 [main] INFO  server.BaseHttpServer (BaseHttpServer.java:updateConnectorAddress(215)) - HTTP server of HDDSDATANODE is listening at http://0.0.0.0:36989
2019-09-19 08:25:56,128 [main] INFO  impl.MetricsSystemImpl (MetricsSystemImpl.java:init(158)) - HddsDatanode metrics system started (again)
2019-09-19 08:25:56,131 [org.apache.hadoop.util.JvmPauseMonitor$Monitor@50bf0442] INFO  util.JvmPauseMonitor (JvmPauseMonitor.java:run(188)) - Starting JVM pause monitor
2019-09-19 08:25:56,131 [main] INFO  ozone.HddsDatanodeService (HddsDatanodeService.java:start(184)) - HddsDatanodeService host:pr-hdds-2101-t8mbx-1252714220 ip:192.168.36.85
2019-09-19 08:25:56,132 [Datanode State Machine Thread - 0] INFO  datanode.InitDatanodeState (InitDatanodeState.java:persistContainerDatanodeDetails(140)) - DatanodeDetails is persisted to /workdir/hadoop-ozone/integration-test/target/test-dir/MiniOzoneClusterImpl-6146c60c-cb8d-4aa2-a902-cb133a81267e/datanode-4/meta/datanode.id
2019-09-19 08:25:56,137 [main] INFO  volume.HddsVolume (HddsVolume.java:<init>(176)) - Creating Volume: /workdir/hadoop-ozone/integration-test/target/test-dir/MiniOzoneClusterImpl-6146c60c-cb8d-4aa2-a902-cb133a81267e/datanode-5/data/containers/hdds of  storage type : DISK and capacity : 1482555576320
2019-09-19 08:25:56,138 [main] INFO  volume.VolumeSet (VolumeSet.java:initializeVolumeSet(170)) - Added Volume : /workdir/hadoop-ozone/integration-test/target/test-dir/MiniOzoneClusterImpl-6146c60c-cb8d-4aa2-a902-cb133a81267e/datanode-5/data/containers/hdds to VolumeSet
2019-09-19 08:25:56,138 [main] INFO  volume.ThrottledAsyncChecker (ThrottledAsyncChecker.java:schedule(139)) - Scheduling a check for org.apache.hadoop.ozone.container.common.volume.HddsVolume@515b9d4a
2019-09-19 08:25:56,138 [main] INFO  volume.HddsVolumeChecker (HddsVolumeChecker.java:checkAllVolumes(202)) - Scheduled health check for volume org.apache.hadoop.ozone.container.common.volume.HddsVolume@515b9d4a
2019-09-19 08:25:56,151 [main] INFO  impl.RaftServerProxy (ConfUtils.java:logGet(43)) - raft.rpc.type = GRPC (default)
2019-09-19 08:25:56,151 [main] INFO  grpc.GrpcFactory (GrpcFactory.java:checkPooledByteBufAllocatorUseCacheForAllThreads(45)) - PERFORMANCE WARNING: useCacheForAllThreads is true that may cause Netty to create a lot garbage objects and, as a result, trigger GC.
	It is recommended to disable useCacheForAllThreads by setting -Dorg.apache.ratis.thirdparty.io.netty.allocator.useCacheForAllThreads=false in command line.
2019-09-19 08:25:56,151 [main] INFO  grpc.GrpcConfigKeys$Server (ConfUtils.java:logGet(43)) - raft.grpc.server.port = 0 (default)
2019-09-19 08:25:56,151 [main] INFO  server.GrpcService (ConfUtils.java:logGet(43)) - raft.grpc.message.size.max = 33570816 (custom)
2019-09-19 08:25:56,152 [main] INFO  server.RaftServerConfigKeys (ConfUtils.java:logGet(43)) - raft.server.log.appender.buffer.byte-limit = 33554432 (custom)
2019-09-19 08:25:56,152 [main] INFO  server.GrpcService (ConfUtils.java:logGet(43)) - raft.grpc.flow.control.window = 1MB (=1048576) (default)
2019-09-19 08:25:56,152 [main] INFO  server.RaftServerConfigKeys (ConfUtils.java:logGet(43)) - raft.server.rpc.request.timeout = 3000ms (default)
2019-09-19 08:25:56,152 [main] INFO  server.RaftServerConfigKeys (ConfUtils.java:logGet(43)) - raft.server.storage.dir = [/workdir/hadoop-ozone/integration-test/target/test-dir/MiniOzoneClusterImpl-6146c60c-cb8d-4aa2-a902-cb133a81267e/datanode-5/data/ratis] (custom)
2019-09-19 08:25:56,154 [main] INFO  hdfs.DFSUtil (DFSUtil.java:httpServerTemplateForNNAndJN(1641)) - Starting Web-server for hddsDatanode at: http://0.0.0.0:0
2019-09-19 08:25:56,155 [main] INFO  server.AuthenticationFilter (AuthenticationFilter.java:constructSecretProvider(240)) - Unable to initialize FileSignerSecretProvider, falling back to use random secrets.
2019-09-19 08:25:56,156 [main] WARN  http.HttpRequestLog (HttpRequestLog.java:getRequestLog(97)) - Jetty request log can only be enabled using Log4j
2019-09-19 08:25:56,157 [main] INFO  http.HttpServer2 (HttpServer2.java:addGlobalFilter(975)) - Added global filter 'safety' (class=org.apache.hadoop.http.HttpServer2$QuotingInputFilter)
2019-09-19 08:25:56,157 [main] INFO  http.HttpServer2 (HttpServer2.java:addFilter(948)) - Added filter static_user_filter (class=org.apache.hadoop.http.lib.StaticUserWebFilter$StaticUserFilter) to context hddsDatanode
2019-09-19 08:25:56,157 [main] INFO  http.HttpServer2 (HttpServer2.java:addFilter(958)) - Added filter static_user_filter (class=org.apache.hadoop.http.lib.StaticUserWebFilter$StaticUserFilter) to context static
2019-09-19 08:25:56,158 [main] INFO  http.HttpServer2 (HttpServer2.java:addFilter(958)) - Added filter static_user_filter (class=org.apache.hadoop.http.lib.StaticUserWebFilter$StaticUserFilter) to context logs
2019-09-19 08:25:56,158 [main] INFO  http.HttpServer2 (HttpServer2.java:bindListener(1191)) - Jetty bound to port 37329
2019-09-19 08:25:56,158 [main] INFO  server.Server (Server.java:doStart(351)) - jetty-9.3.24.v20180605, build timestamp: 2018-06-05T17:11:56Z, git hash: 84205aa28f11a4f31f2a3b86d1bba2cc8ab69827
2019-09-19 08:25:56,160 [main] INFO  handler.ContextHandler (ContextHandler.java:doStart(781)) - Started o.e.j.s.ServletContextHandler@7b53b1ad{/logs,file:///workdir/hadoop-ozone/integration-test/target/log,AVAILABLE}
2019-09-19 08:25:56,160 [main] INFO  handler.ContextHandler (ContextHandler.java:doStart(781)) - Started o.e.j.s.ServletContextHandler@388c519{/static,jar:file:/home/user/.m2/repository/org/apache/hadoop/hadoop-hdds-container-service/0.5.0-SNAPSHOT/hadoop-hdds-container-service-0.5.0-SNAPSHOT.jar!/webapps/static,AVAILABLE}
2019-09-19 08:25:56,188 [main] INFO  handler.ContextHandler (ContextHandler.java:doStart(781)) - Started o.e.j.w.WebAppContext@36c7cbe1{/,file:///tmp/jetty-0.0.0.0-37329-hddsDatanode-_-any-6665086865859834694.dir/webapp/,AVAILABLE}{/hddsDatanode}
2019-09-19 08:25:56,188 [main] INFO  server.AbstractConnector (AbstractConnector.java:doStart(278)) - Started ServerConnector@1ac6dd3d{HTTP/1.1,[http/1.1]}{0.0.0.0:37329}
2019-09-19 08:25:56,190 [main] INFO  server.Server (Server.java:doStart(419)) - Started @218734ms
2019-09-19 08:25:56,190 [main] WARN  impl.MetricsSystemImpl (MetricsSystemImpl.java:register(276)) - Sink prometheus already exists!
2019-09-19 08:25:56,190 [main] INFO  server.BaseHttpServer (BaseHttpServer.java:updateConnectorAddress(215)) - HTTP server of HDDSDATANODE is listening at http://0.0.0.0:37329
2019-09-19 08:25:56,191 [main] INFO  impl.MetricsSystemImpl (MetricsSystemImpl.java:init(158)) - HddsDatanode metrics system started (again)
2019-09-19 08:25:56,194 [org.apache.hadoop.util.JvmPauseMonitor$Monitor@7bbc7563] INFO  util.JvmPauseMonitor (JvmPauseMonitor.java:run(188)) - Starting JVM pause monitor
2019-09-19 08:25:56,195 [main] INFO  ozone.HddsDatanodeService (HddsDatanodeService.java:start(184)) - HddsDatanodeService host:pr-hdds-2101-t8mbx-1252714220 ip:192.168.36.85
2019-09-19 08:25:56,195 [Datanode State Machine Thread - 0] INFO  datanode.InitDatanodeState (InitDatanodeState.java:persistContainerDatanodeDetails(140)) - DatanodeDetails is persisted to /workdir/hadoop-ozone/integration-test/target/test-dir/MiniOzoneClusterImpl-6146c60c-cb8d-4aa2-a902-cb133a81267e/datanode-5/meta/datanode.id
2019-09-19 08:25:56,200 [main] INFO  volume.HddsVolume (HddsVolume.java:<init>(176)) - Creating Volume: /workdir/hadoop-ozone/integration-test/target/test-dir/MiniOzoneClusterImpl-6146c60c-cb8d-4aa2-a902-cb133a81267e/datanode-6/data/containers/hdds of  storage type : DISK and capacity : 1482555576320
2019-09-19 08:25:56,201 [main] INFO  volume.VolumeSet (VolumeSet.java:initializeVolumeSet(170)) - Added Volume : /workdir/hadoop-ozone/integration-test/target/test-dir/MiniOzoneClusterImpl-6146c60c-cb8d-4aa2-a902-cb133a81267e/datanode-6/data/containers/hdds to VolumeSet
2019-09-19 08:25:56,201 [main] INFO  volume.ThrottledAsyncChecker (ThrottledAsyncChecker.java:schedule(139)) - Scheduling a check for org.apache.hadoop.ozone.container.common.volume.HddsVolume@63fd4dda
2019-09-19 08:25:56,201 [main] INFO  volume.HddsVolumeChecker (HddsVolumeChecker.java:checkAllVolumes(202)) - Scheduled health check for volume org.apache.hadoop.ozone.container.common.volume.HddsVolume@63fd4dda
2019-09-19 08:25:56,214 [main] INFO  impl.RaftServerProxy (ConfUtils.java:logGet(43)) - raft.rpc.type = GRPC (default)
2019-09-19 08:25:56,214 [main] INFO  grpc.GrpcFactory (GrpcFactory.java:checkPooledByteBufAllocatorUseCacheForAllThreads(45)) - PERFORMANCE WARNING: useCacheForAllThreads is true that may cause Netty to create a lot garbage objects and, as a result, trigger GC.
	It is recommended to disable useCacheForAllThreads by setting -Dorg.apache.ratis.thirdparty.io.netty.allocator.useCacheForAllThreads=false in command line.
2019-09-19 08:25:56,214 [main] INFO  grpc.GrpcConfigKeys$Server (ConfUtils.java:logGet(43)) - raft.grpc.server.port = 0 (default)
2019-09-19 08:25:56,215 [main] INFO  server.GrpcService (ConfUtils.java:logGet(43)) - raft.grpc.message.size.max = 33570816 (custom)
2019-09-19 08:25:56,215 [main] INFO  server.RaftServerConfigKeys (ConfUtils.java:logGet(43)) - raft.server.log.appender.buffer.byte-limit = 33554432 (custom)
2019-09-19 08:25:56,215 [main] INFO  server.GrpcService (ConfUtils.java:logGet(43)) - raft.grpc.flow.control.window = 1MB (=1048576) (default)
2019-09-19 08:25:56,215 [main] INFO  server.RaftServerConfigKeys (ConfUtils.java:logGet(43)) - raft.server.rpc.request.timeout = 3000ms (default)
2019-09-19 08:25:56,216 [main] INFO  server.RaftServerConfigKeys (ConfUtils.java:logGet(43)) - raft.server.storage.dir = [/workdir/hadoop-ozone/integration-test/target/test-dir/MiniOzoneClusterImpl-6146c60c-cb8d-4aa2-a902-cb133a81267e/datanode-6/data/ratis] (custom)
2019-09-19 08:25:56,217 [main] INFO  hdfs.DFSUtil (DFSUtil.java:httpServerTemplateForNNAndJN(1641)) - Starting Web-server for hddsDatanode at: http://0.0.0.0:0
2019-09-19 08:25:56,218 [main] INFO  server.AuthenticationFilter (AuthenticationFilter.java:constructSecretProvider(240)) - Unable to initialize FileSignerSecretProvider, falling back to use random secrets.
2019-09-19 08:25:56,219 [main] WARN  http.HttpRequestLog (HttpRequestLog.java:getRequestLog(97)) - Jetty request log can only be enabled using Log4j
2019-09-19 08:25:56,220 [main] INFO  http.HttpServer2 (HttpServer2.java:addGlobalFilter(975)) - Added global filter 'safety' (class=org.apache.hadoop.http.HttpServer2$QuotingInputFilter)
2019-09-19 08:25:56,220 [main] INFO  http.HttpServer2 (HttpServer2.java:addFilter(948)) - Added filter static_user_filter (class=org.apache.hadoop.http.lib.StaticUserWebFilter$StaticUserFilter) to context hddsDatanode
2019-09-19 08:25:56,221 [main] INFO  http.HttpServer2 (HttpServer2.java:addFilter(958)) - Added filter static_user_filter (class=org.apache.hadoop.http.lib.StaticUserWebFilter$StaticUserFilter) to context logs
2019-09-19 08:25:56,221 [main] INFO  http.HttpServer2 (HttpServer2.java:addFilter(958)) - Added filter static_user_filter (class=org.apache.hadoop.http.lib.StaticUserWebFilter$StaticUserFilter) to context static
2019-09-19 08:25:56,221 [main] INFO  http.HttpServer2 (HttpServer2.java:bindListener(1191)) - Jetty bound to port 45160
2019-09-19 08:25:56,222 [main] INFO  server.Server (Server.java:doStart(351)) - jetty-9.3.24.v20180605, build timestamp: 2018-06-05T17:11:56Z, git hash: 84205aa28f11a4f31f2a3b86d1bba2cc8ab69827
2019-09-19 08:25:56,223 [main] INFO  handler.ContextHandler (ContextHandler.java:doStart(781)) - Started o.e.j.s.ServletContextHandler@3d2f3dcb{/logs,file:///workdir/hadoop-ozone/integration-test/target/log,AVAILABLE}
2019-09-19 08:25:56,224 [main] INFO  handler.ContextHandler (ContextHandler.java:doStart(781)) - Started o.e.j.s.ServletContextHandler@30c19bff{/static,jar:file:/home/user/.m2/repository/org/apache/hadoop/hadoop-hdds-container-service/0.5.0-SNAPSHOT/hadoop-hdds-container-service-0.5.0-SNAPSHOT.jar!/webapps/static,AVAILABLE}
2019-09-19 08:25:56,252 [main] INFO  handler.ContextHandler (ContextHandler.java:doStart(781)) - Started o.e.j.w.WebAppContext@740dcae3{/,file:///tmp/jetty-0.0.0.0-45160-hddsDatanode-_-any-4693960220791370017.dir/webapp/,AVAILABLE}{/hddsDatanode}
2019-09-19 08:25:56,253 [main] INFO  server.AbstractConnector (AbstractConnector.java:doStart(278)) - Started ServerConnector@4e140497{HTTP/1.1,[http/1.1]}{0.0.0.0:45160}
2019-09-19 08:25:56,254 [main] INFO  server.Server (Server.java:doStart(419)) - Started @218798ms
2019-09-19 08:25:56,254 [main] WARN  impl.MetricsSystemImpl (MetricsSystemImpl.java:register(276)) - Sink prometheus already exists!
2019-09-19 08:25:56,255 [main] INFO  server.BaseHttpServer (BaseHttpServer.java:updateConnectorAddress(215)) - HTTP server of HDDSDATANODE is listening at http://0.0.0.0:45160
2019-09-19 08:25:56,255 [main] INFO  impl.MetricsSystemImpl (MetricsSystemImpl.java:init(158)) - HddsDatanode metrics system started (again)
2019-09-19 08:25:56,259 [org.apache.hadoop.util.JvmPauseMonitor$Monitor@4381dd25] INFO  util.JvmPauseMonitor (JvmPauseMonitor.java:run(188)) - Starting JVM pause monitor
2019-09-19 08:25:56,259 [main] INFO  ozone.HddsDatanodeService (HddsDatanodeService.java:start(184)) - HddsDatanodeService host:pr-hdds-2101-t8mbx-1252714220 ip:192.168.36.85
2019-09-19 08:25:56,260 [Datanode State Machine Thread - 0] INFO  datanode.InitDatanodeState (InitDatanodeState.java:persistContainerDatanodeDetails(140)) - DatanodeDetails is persisted to /workdir/hadoop-ozone/integration-test/target/test-dir/MiniOzoneClusterImpl-6146c60c-cb8d-4aa2-a902-cb133a81267e/datanode-6/meta/datanode.id
2019-09-19 08:25:56,266 [main] INFO  volume.HddsVolume (HddsVolume.java:<init>(176)) - Creating Volume: /workdir/hadoop-ozone/integration-test/target/test-dir/MiniOzoneClusterImpl-6146c60c-cb8d-4aa2-a902-cb133a81267e/datanode-7/data/containers/hdds of  storage type : DISK and capacity : 1482555576320
2019-09-19 08:25:56,266 [main] INFO  volume.VolumeSet (VolumeSet.java:initializeVolumeSet(170)) - Added Volume : /workdir/hadoop-ozone/integration-test/target/test-dir/MiniOzoneClusterImpl-6146c60c-cb8d-4aa2-a902-cb133a81267e/datanode-7/data/containers/hdds to VolumeSet
2019-09-19 08:25:56,266 [main] INFO  volume.ThrottledAsyncChecker (ThrottledAsyncChecker.java:schedule(139)) - Scheduling a check for org.apache.hadoop.ozone.container.common.volume.HddsVolume@611e5819
2019-09-19 08:25:56,267 [main] INFO  volume.HddsVolumeChecker (HddsVolumeChecker.java:checkAllVolumes(202)) - Scheduled health check for volume org.apache.hadoop.ozone.container.common.volume.HddsVolume@611e5819
2019-09-19 08:25:56,281 [main] INFO  impl.RaftServerProxy (ConfUtils.java:logGet(43)) - raft.rpc.type = GRPC (default)
2019-09-19 08:25:56,281 [main] INFO  grpc.GrpcFactory (GrpcFactory.java:checkPooledByteBufAllocatorUseCacheForAllThreads(45)) - PERFORMANCE WARNING: useCacheForAllThreads is true that may cause Netty to create a lot garbage objects and, as a result, trigger GC.
	It is recommended to disable useCacheForAllThreads by setting -Dorg.apache.ratis.thirdparty.io.netty.allocator.useCacheForAllThreads=false in command line.
2019-09-19 08:25:56,281 [main] INFO  grpc.GrpcConfigKeys$Server (ConfUtils.java:logGet(43)) - raft.grpc.server.port = 0 (default)
2019-09-19 08:25:56,282 [main] INFO  server.GrpcService (ConfUtils.java:logGet(43)) - raft.grpc.message.size.max = 33570816 (custom)
2019-09-19 08:25:56,282 [main] INFO  server.RaftServerConfigKeys (ConfUtils.java:logGet(43)) - raft.server.log.appender.buffer.byte-limit = 33554432 (custom)
2019-09-19 08:25:56,282 [main] INFO  server.GrpcService (ConfUtils.java:logGet(43)) - raft.grpc.flow.control.window = 1MB (=1048576) (default)
2019-09-19 08:25:56,282 [main] INFO  server.RaftServerConfigKeys (ConfUtils.java:logGet(43)) - raft.server.rpc.request.timeout = 3000ms (default)
2019-09-19 08:25:56,283 [main] INFO  server.RaftServerConfigKeys (ConfUtils.java:logGet(43)) - raft.server.storage.dir = [/workdir/hadoop-ozone/integration-test/target/test-dir/MiniOzoneClusterImpl-6146c60c-cb8d-4aa2-a902-cb133a81267e/datanode-7/data/ratis] (custom)
2019-09-19 08:25:56,284 [main] INFO  hdfs.DFSUtil (DFSUtil.java:httpServerTemplateForNNAndJN(1641)) - Starting Web-server for hddsDatanode at: http://0.0.0.0:0
2019-09-19 08:25:56,285 [main] INFO  server.AuthenticationFilter (AuthenticationFilter.java:constructSecretProvider(240)) - Unable to initialize FileSignerSecretProvider, falling back to use random secrets.
2019-09-19 08:25:56,286 [main] WARN  http.HttpRequestLog (HttpRequestLog.java:getRequestLog(97)) - Jetty request log can only be enabled using Log4j
2019-09-19 08:25:56,287 [main] INFO  http.HttpServer2 (HttpServer2.java:addGlobalFilter(975)) - Added global filter 'safety' (class=org.apache.hadoop.http.HttpServer2$QuotingInputFilter)
2019-09-19 08:25:56,288 [main] INFO  http.HttpServer2 (HttpServer2.java:addFilter(948)) - Added filter static_user_filter (class=org.apache.hadoop.http.lib.StaticUserWebFilter$StaticUserFilter) to context hddsDatanode
2019-09-19 08:25:56,288 [main] INFO  http.HttpServer2 (HttpServer2.java:addFilter(958)) - Added filter static_user_filter (class=org.apache.hadoop.http.lib.StaticUserWebFilter$StaticUserFilter) to context logs
2019-09-19 08:25:56,288 [main] INFO  http.HttpServer2 (HttpServer2.java:addFilter(958)) - Added filter static_user_filter (class=org.apache.hadoop.http.lib.StaticUserWebFilter$StaticUserFilter) to context static
2019-09-19 08:25:56,289 [main] INFO  http.HttpServer2 (HttpServer2.java:bindListener(1191)) - Jetty bound to port 44531
2019-09-19 08:25:56,289 [main] INFO  server.Server (Server.java:doStart(351)) - jetty-9.3.24.v20180605, build timestamp: 2018-06-05T17:11:56Z, git hash: 84205aa28f11a4f31f2a3b86d1bba2cc8ab69827
2019-09-19 08:25:56,291 [main] INFO  handler.ContextHandler (ContextHandler.java:doStart(781)) - Started o.e.j.s.ServletContextHandler@739e8b96{/logs,file:///workdir/hadoop-ozone/integration-test/target/log,AVAILABLE}
2019-09-19 08:25:56,291 [main] INFO  handler.ContextHandler (ContextHandler.java:doStart(781)) - Started o.e.j.s.ServletContextHandler@54ffa561{/static,jar:file:/home/user/.m2/repository/org/apache/hadoop/hadoop-hdds-container-service/0.5.0-SNAPSHOT/hadoop-hdds-container-service-0.5.0-SNAPSHOT.jar!/webapps/static,AVAILABLE}
2019-09-19 08:25:56,319 [main] INFO  handler.ContextHandler (ContextHandler.java:doStart(781)) - Started o.e.j.w.WebAppContext@653fb8d1{/,file:///tmp/jetty-0.0.0.0-44531-hddsDatanode-_-any-1843544038087739642.dir/webapp/,AVAILABLE}{/hddsDatanode}
2019-09-19 08:25:56,320 [main] INFO  server.AbstractConnector (AbstractConnector.java:doStart(278)) - Started ServerConnector@48581a3b{HTTP/1.1,[http/1.1]}{0.0.0.0:44531}
2019-09-19 08:25:56,321 [main] INFO  server.Server (Server.java:doStart(419)) - Started @218866ms
2019-09-19 08:25:56,321 [main] WARN  impl.MetricsSystemImpl (MetricsSystemImpl.java:register(276)) - Sink prometheus already exists!
2019-09-19 08:25:56,322 [main] INFO  server.BaseHttpServer (BaseHttpServer.java:updateConnectorAddress(215)) - HTTP server of HDDSDATANODE is listening at http://0.0.0.0:44531
2019-09-19 08:25:56,322 [main] INFO  impl.MetricsSystemImpl (MetricsSystemImpl.java:init(158)) - HddsDatanode metrics system started (again)
2019-09-19 08:25:56,326 [org.apache.hadoop.util.JvmPauseMonitor$Monitor@48271841] INFO  util.JvmPauseMonitor (JvmPauseMonitor.java:run(188)) - Starting JVM pause monitor
2019-09-19 08:25:56,327 [main] INFO  ozone.HddsDatanodeService (HddsDatanodeService.java:start(184)) - HddsDatanodeService host:pr-hdds-2101-t8mbx-1252714220 ip:192.168.36.85
2019-09-19 08:25:56,327 [Datanode State Machine Thread - 0] INFO  datanode.InitDatanodeState (InitDatanodeState.java:persistContainerDatanodeDetails(140)) - DatanodeDetails is persisted to /workdir/hadoop-ozone/integration-test/target/test-dir/MiniOzoneClusterImpl-6146c60c-cb8d-4aa2-a902-cb133a81267e/datanode-7/meta/datanode.id
2019-09-19 08:25:56,334 [main] INFO  volume.HddsVolume (HddsVolume.java:<init>(176)) - Creating Volume: /workdir/hadoop-ozone/integration-test/target/test-dir/MiniOzoneClusterImpl-6146c60c-cb8d-4aa2-a902-cb133a81267e/datanode-8/data/containers/hdds of  storage type : DISK and capacity : 1482555576320
2019-09-19 08:25:56,334 [main] INFO  volume.VolumeSet (VolumeSet.java:initializeVolumeSet(170)) - Added Volume : /workdir/hadoop-ozone/integration-test/target/test-dir/MiniOzoneClusterImpl-6146c60c-cb8d-4aa2-a902-cb133a81267e/datanode-8/data/containers/hdds to VolumeSet
2019-09-19 08:25:56,334 [main] INFO  volume.ThrottledAsyncChecker (ThrottledAsyncChecker.java:schedule(139)) - Scheduling a check for org.apache.hadoop.ozone.container.common.volume.HddsVolume@260e3837
2019-09-19 08:25:56,335 [main] INFO  volume.HddsVolumeChecker (HddsVolumeChecker.java:checkAllVolumes(202)) - Scheduled health check for volume org.apache.hadoop.ozone.container.common.volume.HddsVolume@260e3837
2019-09-19 08:25:56,351 [main] INFO  impl.RaftServerProxy (ConfUtils.java:logGet(43)) - raft.rpc.type = GRPC (default)
2019-09-19 08:25:56,351 [main] INFO  grpc.GrpcFactory (GrpcFactory.java:checkPooledByteBufAllocatorUseCacheForAllThreads(45)) - PERFORMANCE WARNING: useCacheForAllThreads is true that may cause Netty to create a lot garbage objects and, as a result, trigger GC.
	It is recommended to disable useCacheForAllThreads by setting -Dorg.apache.ratis.thirdparty.io.netty.allocator.useCacheForAllThreads=false in command line.
2019-09-19 08:25:56,351 [main] INFO  grpc.GrpcConfigKeys$Server (ConfUtils.java:logGet(43)) - raft.grpc.server.port = 0 (default)
2019-09-19 08:25:56,352 [main] INFO  server.GrpcService (ConfUtils.java:logGet(43)) - raft.grpc.message.size.max = 33570816 (custom)
2019-09-19 08:25:56,352 [main] INFO  server.RaftServerConfigKeys (ConfUtils.java:logGet(43)) - raft.server.log.appender.buffer.byte-limit = 33554432 (custom)
2019-09-19 08:25:56,352 [main] INFO  server.GrpcService (ConfUtils.java:logGet(43)) - raft.grpc.flow.control.window = 1MB (=1048576) (default)
2019-09-19 08:25:56,352 [main] INFO  server.RaftServerConfigKeys (ConfUtils.java:logGet(43)) - raft.server.rpc.request.timeout = 3000ms (default)
2019-09-19 08:25:56,353 [main] INFO  server.RaftServerConfigKeys (ConfUtils.java:logGet(43)) - raft.server.storage.dir = [/workdir/hadoop-ozone/integration-test/target/test-dir/MiniOzoneClusterImpl-6146c60c-cb8d-4aa2-a902-cb133a81267e/datanode-8/data/ratis] (custom)
2019-09-19 08:25:56,354 [main] INFO  hdfs.DFSUtil (DFSUtil.java:httpServerTemplateForNNAndJN(1641)) - Starting Web-server for hddsDatanode at: http://0.0.0.0:0
2019-09-19 08:25:56,356 [main] INFO  server.AuthenticationFilter (AuthenticationFilter.java:constructSecretProvider(240)) - Unable to initialize FileSignerSecretProvider, falling back to use random secrets.
2019-09-19 08:25:56,357 [main] WARN  http.HttpRequestLog (HttpRequestLog.java:getRequestLog(97)) - Jetty request log can only be enabled using Log4j
2019-09-19 08:25:56,358 [main] INFO  http.HttpServer2 (HttpServer2.java:addGlobalFilter(975)) - Added global filter 'safety' (class=org.apache.hadoop.http.HttpServer2$QuotingInputFilter)
2019-09-19 08:25:56,359 [main] INFO  http.HttpServer2 (HttpServer2.java:addFilter(948)) - Added filter static_user_filter (class=org.apache.hadoop.http.lib.StaticUserWebFilter$StaticUserFilter) to context hddsDatanode
2019-09-19 08:25:56,359 [main] INFO  http.HttpServer2 (HttpServer2.java:addFilter(958)) - Added filter static_user_filter (class=org.apache.hadoop.http.lib.StaticUserWebFilter$StaticUserFilter) to context logs
2019-09-19 08:25:56,360 [main] INFO  http.HttpServer2 (HttpServer2.java:addFilter(958)) - Added filter static_user_filter (class=org.apache.hadoop.http.lib.StaticUserWebFilter$StaticUserFilter) to context static
2019-09-19 08:25:56,361 [main] INFO  http.HttpServer2 (HttpServer2.java:bindListener(1191)) - Jetty bound to port 33241
2019-09-19 08:25:56,361 [main] INFO  server.Server (Server.java:doStart(351)) - jetty-9.3.24.v20180605, build timestamp: 2018-06-05T17:11:56Z, git hash: 84205aa28f11a4f31f2a3b86d1bba2cc8ab69827
2019-09-19 08:25:56,363 [main] INFO  handler.ContextHandler (ContextHandler.java:doStart(781)) - Started o.e.j.s.ServletContextHandler@a54acec{/logs,file:///workdir/hadoop-ozone/integration-test/target/log,AVAILABLE}
2019-09-19 08:25:56,363 [main] INFO  handler.ContextHandler (ContextHandler.java:doStart(781)) - Started o.e.j.s.ServletContextHandler@3380ca3d{/static,jar:file:/home/user/.m2/repository/org/apache/hadoop/hadoop-hdds-container-service/0.5.0-SNAPSHOT/hadoop-hdds-container-service-0.5.0-SNAPSHOT.jar!/webapps/static,AVAILABLE}
2019-09-19 08:25:56,392 [main] INFO  handler.ContextHandler (ContextHandler.java:doStart(781)) - Started o.e.j.w.WebAppContext@7fb8bad0{/,file:///tmp/jetty-0.0.0.0-33241-hddsDatanode-_-any-1840384533682974613.dir/webapp/,AVAILABLE}{/hddsDatanode}
2019-09-19 08:25:56,392 [main] INFO  server.AbstractConnector (AbstractConnector.java:doStart(278)) - Started ServerConnector@12d40609{HTTP/1.1,[http/1.1]}{0.0.0.0:33241}
2019-09-19 08:25:56,394 [main] INFO  server.Server (Server.java:doStart(419)) - Started @218939ms
2019-09-19 08:25:56,394 [main] WARN  impl.MetricsSystemImpl (MetricsSystemImpl.java:register(276)) - Sink prometheus already exists!
2019-09-19 08:25:56,395 [main] INFO  server.BaseHttpServer (BaseHttpServer.java:updateConnectorAddress(215)) - HTTP server of HDDSDATANODE is listening at http://0.0.0.0:33241
2019-09-19 08:25:56,395 [main] INFO  impl.MetricsSystemImpl (MetricsSystemImpl.java:init(158)) - HddsDatanode metrics system started (again)
2019-09-19 08:25:56,400 [org.apache.hadoop.util.JvmPauseMonitor$Monitor@4941f82a] INFO  util.JvmPauseMonitor (JvmPauseMonitor.java:run(188)) - Starting JVM pause monitor
2019-09-19 08:25:56,400 [main] INFO  ozone.HddsDatanodeService (HddsDatanodeService.java:start(184)) - HddsDatanodeService host:pr-hdds-2101-t8mbx-1252714220 ip:192.168.36.85
2019-09-19 08:25:56,401 [Datanode State Machine Thread - 0] INFO  datanode.InitDatanodeState (InitDatanodeState.java:persistContainerDatanodeDetails(140)) - DatanodeDetails is persisted to /workdir/hadoop-ozone/integration-test/target/test-dir/MiniOzoneClusterImpl-6146c60c-cb8d-4aa2-a902-cb133a81267e/datanode-8/meta/datanode.id
2019-09-19 08:25:56,406 [main] INFO  volume.HddsVolume (HddsVolume.java:<init>(176)) - Creating Volume: /workdir/hadoop-ozone/integration-test/target/test-dir/MiniOzoneClusterImpl-6146c60c-cb8d-4aa2-a902-cb133a81267e/datanode-9/data/containers/hdds of  storage type : DISK and capacity : 1482555576320
2019-09-19 08:25:56,406 [main] INFO  volume.VolumeSet (VolumeSet.java:initializeVolumeSet(170)) - Added Volume : /workdir/hadoop-ozone/integration-test/target/test-dir/MiniOzoneClusterImpl-6146c60c-cb8d-4aa2-a902-cb133a81267e/datanode-9/data/containers/hdds to VolumeSet
2019-09-19 08:25:56,406 [main] INFO  volume.ThrottledAsyncChecker (ThrottledAsyncChecker.java:schedule(139)) - Scheduling a check for org.apache.hadoop.ozone.container.common.volume.HddsVolume@5b251fb9
2019-09-19 08:25:56,407 [main] INFO  volume.HddsVolumeChecker (HddsVolumeChecker.java:checkAllVolumes(202)) - Scheduled health check for volume org.apache.hadoop.ozone.container.common.volume.HddsVolume@5b251fb9
2019-09-19 08:25:56,420 [main] INFO  impl.RaftServerProxy (ConfUtils.java:logGet(43)) - raft.rpc.type = GRPC (default)
2019-09-19 08:25:56,420 [main] INFO  grpc.GrpcFactory (GrpcFactory.java:checkPooledByteBufAllocatorUseCacheForAllThreads(45)) - PERFORMANCE WARNING: useCacheForAllThreads is true that may cause Netty to create a lot garbage objects and, as a result, trigger GC.
	It is recommended to disable useCacheForAllThreads by setting -Dorg.apache.ratis.thirdparty.io.netty.allocator.useCacheForAllThreads=false in command line.
2019-09-19 08:25:56,420 [main] INFO  grpc.GrpcConfigKeys$Server (ConfUtils.java:logGet(43)) - raft.grpc.server.port = 0 (default)
2019-09-19 08:25:56,420 [main] INFO  server.GrpcService (ConfUtils.java:logGet(43)) - raft.grpc.message.size.max = 33570816 (custom)
2019-09-19 08:25:56,421 [main] INFO  server.RaftServerConfigKeys (ConfUtils.java:logGet(43)) - raft.server.log.appender.buffer.byte-limit = 33554432 (custom)
2019-09-19 08:25:56,421 [main] INFO  server.GrpcService (ConfUtils.java:logGet(43)) - raft.grpc.flow.control.window = 1MB (=1048576) (default)
2019-09-19 08:25:56,421 [main] INFO  server.RaftServerConfigKeys (ConfUtils.java:logGet(43)) - raft.server.rpc.request.timeout = 3000ms (default)
2019-09-19 08:25:56,422 [main] INFO  server.RaftServerConfigKeys (ConfUtils.java:logGet(43)) - raft.server.storage.dir = [/workdir/hadoop-ozone/integration-test/target/test-dir/MiniOzoneClusterImpl-6146c60c-cb8d-4aa2-a902-cb133a81267e/datanode-9/data/ratis] (custom)
2019-09-19 08:25:56,423 [main] INFO  hdfs.DFSUtil (DFSUtil.java:httpServerTemplateForNNAndJN(1641)) - Starting Web-server for hddsDatanode at: http://0.0.0.0:0
2019-09-19 08:25:56,425 [main] INFO  server.AuthenticationFilter (AuthenticationFilter.java:constructSecretProvider(240)) - Unable to initialize FileSignerSecretProvider, falling back to use random secrets.
2019-09-19 08:25:56,425 [main] WARN  http.HttpRequestLog (HttpRequestLog.java:getRequestLog(97)) - Jetty request log can only be enabled using Log4j
2019-09-19 08:25:56,428 [main] INFO  http.HttpServer2 (HttpServer2.java:addGlobalFilter(975)) - Added global filter 'safety' (class=org.apache.hadoop.http.HttpServer2$QuotingInputFilter)
2019-09-19 08:25:56,429 [main] INFO  http.HttpServer2 (HttpServer2.java:addFilter(948)) - Added filter static_user_filter (class=org.apache.hadoop.http.lib.StaticUserWebFilter$StaticUserFilter) to context hddsDatanode
2019-09-19 08:25:56,429 [main] INFO  http.HttpServer2 (HttpServer2.java:addFilter(958)) - Added filter static_user_filter (class=org.apache.hadoop.http.lib.StaticUserWebFilter$StaticUserFilter) to context static
2019-09-19 08:25:56,429 [main] INFO  http.HttpServer2 (HttpServer2.java:addFilter(958)) - Added filter static_user_filter (class=org.apache.hadoop.http.lib.StaticUserWebFilter$StaticUserFilter) to context logs
2019-09-19 08:25:56,430 [main] INFO  http.HttpServer2 (HttpServer2.java:bindListener(1191)) - Jetty bound to port 33958
2019-09-19 08:25:56,430 [main] INFO  server.Server (Server.java:doStart(351)) - jetty-9.3.24.v20180605, build timestamp: 2018-06-05T17:11:56Z, git hash: 84205aa28f11a4f31f2a3b86d1bba2cc8ab69827
2019-09-19 08:25:56,432 [main] INFO  handler.ContextHandler (ContextHandler.java:doStart(781)) - Started o.e.j.s.ServletContextHandler@ce12fbb{/logs,file:///workdir/hadoop-ozone/integration-test/target/log,AVAILABLE}
2019-09-19 08:25:56,433 [main] INFO  handler.ContextHandler (ContextHandler.java:doStart(781)) - Started o.e.j.s.ServletContextHandler@443a53df{/static,jar:file:/home/user/.m2/repository/org/apache/hadoop/hadoop-hdds-container-service/0.5.0-SNAPSHOT/hadoop-hdds-container-service-0.5.0-SNAPSHOT.jar!/webapps/static,AVAILABLE}
2019-09-19 08:25:56,469 [main] INFO  handler.ContextHandler (ContextHandler.java:doStart(781)) - Started o.e.j.w.WebAppContext@65c17e38{/,file:///tmp/jetty-0.0.0.0-33958-hddsDatanode-_-any-244792197558916296.dir/webapp/,AVAILABLE}{/hddsDatanode}
2019-09-19 08:25:56,469 [main] INFO  server.AbstractConnector (AbstractConnector.java:doStart(278)) - Started ServerConnector@5e180aaf{HTTP/1.1,[http/1.1]}{0.0.0.0:33958}
2019-09-19 08:25:56,471 [main] INFO  server.Server (Server.java:doStart(419)) - Started @219016ms
2019-09-19 08:25:56,471 [main] WARN  impl.MetricsSystemImpl (MetricsSystemImpl.java:register(276)) - Sink prometheus already exists!
2019-09-19 08:25:56,472 [main] INFO  server.BaseHttpServer (BaseHttpServer.java:updateConnectorAddress(215)) - HTTP server of HDDSDATANODE is listening at http://0.0.0.0:33958
2019-09-19 08:25:56,473 [main] INFO  ozone.MiniOzoneClusterImpl (MiniOzoneClusterImpl.java:lambda$waitForClusterToBeReady$0(145)) - Waiting for cluster to be ready. Got 0 of 10 DN Heartbeats.
2019-09-19 08:25:56,474 [org.apache.hadoop.util.JvmPauseMonitor$Monitor@11f35b06] INFO  util.JvmPauseMonitor (JvmPauseMonitor.java:run(188)) - Starting JVM pause monitor
2019-09-19 08:25:56,475 [Datanode State Machine Thread - 0] INFO  datanode.InitDatanodeState (InitDatanodeState.java:persistContainerDatanodeDetails(140)) - DatanodeDetails is persisted to /workdir/hadoop-ozone/integration-test/target/test-dir/MiniOzoneClusterImpl-6146c60c-cb8d-4aa2-a902-cb133a81267e/datanode-9/meta/datanode.id
2019-09-19 08:25:57,473 [main] INFO  ozone.MiniOzoneClusterImpl (MiniOzoneClusterImpl.java:lambda$waitForClusterToBeReady$0(145)) - Waiting for cluster to be ready. Got 0 of 10 DN Heartbeats.
2019-09-19 08:25:57,918 [Datanode State Machine Thread - 0] INFO  ozoneimpl.OzoneContainer (OzoneContainer.java:start(217)) - Attempting to start container services.
2019-09-19 08:25:57,918 [Datanode State Machine Thread - 0] INFO  ozoneimpl.OzoneContainer (OzoneContainer.java:startContainerScrub(179)) - Background container scanner has been disabled.
2019-09-19 08:25:57,918 [Datanode State Machine Thread - 0] INFO  ratis.XceiverServerRatis (XceiverServerRatis.java:start(411)) - Starting XceiverServerRatis ce2e2465-5c75-4f8a-9bb6-c0f94b905cef at port 0
2019-09-19 08:25:57,924 [Datanode State Machine Thread - 0] INFO  impl.RaftServerProxy (RaftServerProxy.java:lambda$start$3(299)) - ce2e2465-5c75-4f8a-9bb6-c0f94b905cef: start RPC server
2019-09-19 08:25:57,926 [Datanode State Machine Thread - 0] INFO  server.GrpcService (GrpcService.java:startImpl(158)) - ce2e2465-5c75-4f8a-9bb6-c0f94b905cef: GrpcService started, listening on 0.0.0.0/0.0.0.0:39645
2019-09-19 08:25:57,926 [Datanode State Machine Thread - 0] INFO  ratis.XceiverServerRatis (XceiverServerRatis.java:start(421)) - XceiverServerRatis ce2e2465-5c75-4f8a-9bb6-c0f94b905cef is started using port 39645
2019-09-19 08:25:57,927 [Datanode State Machine Thread - 0] INFO  server.XceiverServerGrpc (XceiverServerGrpc.java:start(163)) - XceiverServerGrpc ce2e2465-5c75-4f8a-9bb6-c0f94b905cef is started using port 44669
2019-09-19 08:25:57,959 [Datanode State Machine Thread - 0] INFO  ozoneimpl.OzoneContainer (OzoneContainer.java:start(217)) - Attempting to start container services.
2019-09-19 08:25:57,959 [Datanode State Machine Thread - 0] INFO  ozoneimpl.OzoneContainer (OzoneContainer.java:startContainerScrub(179)) - Background container scanner has been disabled.
2019-09-19 08:25:57,960 [Datanode State Machine Thread - 0] INFO  ratis.XceiverServerRatis (XceiverServerRatis.java:start(411)) - Starting XceiverServerRatis 1751588c-b83e-4ac7-9b49-fcc90a6ced66 at port 0
2019-09-19 08:25:57,966 [Datanode State Machine Thread - 0] INFO  impl.RaftServerProxy (RaftServerProxy.java:lambda$start$3(299)) - 1751588c-b83e-4ac7-9b49-fcc90a6ced66: start RPC server
2019-09-19 08:25:57,967 [Datanode State Machine Thread - 0] INFO  server.GrpcService (GrpcService.java:startImpl(158)) - 1751588c-b83e-4ac7-9b49-fcc90a6ced66: GrpcService started, listening on 0.0.0.0/0.0.0.0:33351
2019-09-19 08:25:57,967 [Datanode State Machine Thread - 0] INFO  ratis.XceiverServerRatis (XceiverServerRatis.java:start(421)) - XceiverServerRatis 1751588c-b83e-4ac7-9b49-fcc90a6ced66 is started using port 33351
2019-09-19 08:25:57,967 [Datanode State Machine Thread - 0] INFO  server.XceiverServerGrpc (XceiverServerGrpc.java:start(163)) - XceiverServerGrpc 1751588c-b83e-4ac7-9b49-fcc90a6ced66 is started using port 43481
2019-09-19 08:25:58,042 [Datanode State Machine Thread - 0] INFO  ozoneimpl.OzoneContainer (OzoneContainer.java:start(217)) - Attempting to start container services.
2019-09-19 08:25:58,042 [Datanode State Machine Thread - 0] INFO  ozoneimpl.OzoneContainer (OzoneContainer.java:startContainerScrub(179)) - Background container scanner has been disabled.
2019-09-19 08:25:58,042 [Datanode State Machine Thread - 0] INFO  ratis.XceiverServerRatis (XceiverServerRatis.java:start(411)) - Starting XceiverServerRatis 64a8661b-c2d9-4df7-8ca1-1b29ef624e85 at port 0
2019-09-19 08:25:58,048 [Datanode State Machine Thread - 0] INFO  impl.RaftServerProxy (RaftServerProxy.java:lambda$start$3(299)) - 64a8661b-c2d9-4df7-8ca1-1b29ef624e85: start RPC server
2019-09-19 08:25:58,049 [Datanode State Machine Thread - 0] INFO  server.GrpcService (GrpcService.java:startImpl(158)) - 64a8661b-c2d9-4df7-8ca1-1b29ef624e85: GrpcService started, listening on 0.0.0.0/0.0.0.0:38418
2019-09-19 08:25:58,049 [Datanode State Machine Thread - 0] INFO  ratis.XceiverServerRatis (XceiverServerRatis.java:start(421)) - XceiverServerRatis 64a8661b-c2d9-4df7-8ca1-1b29ef624e85 is started using port 38418
2019-09-19 08:25:58,049 [Datanode State Machine Thread - 0] INFO  server.XceiverServerGrpc (XceiverServerGrpc.java:start(163)) - XceiverServerGrpc 64a8661b-c2d9-4df7-8ca1-1b29ef624e85 is started using port 42970
2019-09-19 08:25:58,114 [Datanode State Machine Thread - 0] INFO  ozoneimpl.OzoneContainer (OzoneContainer.java:start(217)) - Attempting to start container services.
2019-09-19 08:25:58,114 [Datanode State Machine Thread - 0] INFO  ozoneimpl.OzoneContainer (OzoneContainer.java:startContainerScrub(179)) - Background container scanner has been disabled.
2019-09-19 08:25:58,114 [Datanode State Machine Thread - 0] INFO  ratis.XceiverServerRatis (XceiverServerRatis.java:start(411)) - Starting XceiverServerRatis 59102106-84a0-4b08-8ab4-ebaea530287f at port 0
2019-09-19 08:25:58,119 [Datanode State Machine Thread - 0] INFO  impl.RaftServerProxy (RaftServerProxy.java:lambda$start$3(299)) - 59102106-84a0-4b08-8ab4-ebaea530287f: start RPC server
2019-09-19 08:25:58,119 [Datanode State Machine Thread - 0] INFO  server.GrpcService (GrpcService.java:startImpl(158)) - 59102106-84a0-4b08-8ab4-ebaea530287f: GrpcService started, listening on 0.0.0.0/0.0.0.0:34114
2019-09-19 08:25:58,119 [Datanode State Machine Thread - 0] INFO  ratis.XceiverServerRatis (XceiverServerRatis.java:start(421)) - XceiverServerRatis 59102106-84a0-4b08-8ab4-ebaea530287f is started using port 34114
2019-09-19 08:25:58,120 [Datanode State Machine Thread - 0] INFO  server.XceiverServerGrpc (XceiverServerGrpc.java:start(163)) - XceiverServerGrpc 59102106-84a0-4b08-8ab4-ebaea530287f is started using port 41463
2019-09-19 08:25:58,140 [Datanode State Machine Thread - 0] INFO  ozoneimpl.OzoneContainer (OzoneContainer.java:start(217)) - Attempting to start container services.
2019-09-19 08:25:58,140 [Datanode State Machine Thread - 0] INFO  ozoneimpl.OzoneContainer (OzoneContainer.java:startContainerScrub(179)) - Background container scanner has been disabled.
2019-09-19 08:25:58,140 [Datanode State Machine Thread - 0] INFO  ratis.XceiverServerRatis (XceiverServerRatis.java:start(411)) - Starting XceiverServerRatis 4f253f3b-7013-4e89-96d2-da55b6f5671c at port 0
2019-09-19 08:25:58,146 [Datanode State Machine Thread - 0] INFO  impl.RaftServerProxy (RaftServerProxy.java:lambda$start$3(299)) - 4f253f3b-7013-4e89-96d2-da55b6f5671c: start RPC server
2019-09-19 08:25:58,147 [Datanode State Machine Thread - 0] INFO  server.GrpcService (GrpcService.java:startImpl(158)) - 4f253f3b-7013-4e89-96d2-da55b6f5671c: GrpcService started, listening on 0.0.0.0/0.0.0.0:36216
2019-09-19 08:25:58,147 [Datanode State Machine Thread - 0] INFO  ratis.XceiverServerRatis (XceiverServerRatis.java:start(421)) - XceiverServerRatis 4f253f3b-7013-4e89-96d2-da55b6f5671c is started using port 36216
2019-09-19 08:25:58,147 [Datanode State Machine Thread - 0] INFO  server.XceiverServerGrpc (XceiverServerGrpc.java:start(163)) - XceiverServerGrpc 4f253f3b-7013-4e89-96d2-da55b6f5671c is started using port 42378
2019-09-19 08:25:58,223 [Datanode State Machine Thread - 0] INFO  ozoneimpl.OzoneContainer (OzoneContainer.java:start(217)) - Attempting to start container services.
2019-09-19 08:25:58,223 [Datanode State Machine Thread - 0] INFO  ozoneimpl.OzoneContainer (OzoneContainer.java:startContainerScrub(179)) - Background container scanner has been disabled.
2019-09-19 08:25:58,223 [Datanode State Machine Thread - 0] INFO  ratis.XceiverServerRatis (XceiverServerRatis.java:start(411)) - Starting XceiverServerRatis dd3aa379-4480-4952-8a83-2df324edca08 at port 0
2019-09-19 08:25:58,229 [Datanode State Machine Thread - 0] INFO  impl.RaftServerProxy (RaftServerProxy.java:lambda$start$3(299)) - dd3aa379-4480-4952-8a83-2df324edca08: start RPC server
2019-09-19 08:25:58,242 [Datanode State Machine Thread - 0] INFO  server.GrpcService (GrpcService.java:startImpl(158)) - dd3aa379-4480-4952-8a83-2df324edca08: GrpcService started, listening on 0.0.0.0/0.0.0.0:41138
2019-09-19 08:25:58,242 [Datanode State Machine Thread - 0] INFO  ratis.XceiverServerRatis (XceiverServerRatis.java:start(421)) - XceiverServerRatis dd3aa379-4480-4952-8a83-2df324edca08 is started using port 41138
2019-09-19 08:25:58,243 [Datanode State Machine Thread - 0] INFO  server.XceiverServerGrpc (XceiverServerGrpc.java:start(163)) - XceiverServerGrpc dd3aa379-4480-4952-8a83-2df324edca08 is started using port 42945
2019-09-19 08:25:58,279 [Datanode State Machine Thread - 0] INFO  ozoneimpl.OzoneContainer (OzoneContainer.java:start(217)) - Attempting to start container services.
2019-09-19 08:25:58,280 [Datanode State Machine Thread - 0] INFO  ozoneimpl.OzoneContainer (OzoneContainer.java:startContainerScrub(179)) - Background container scanner has been disabled.
2019-09-19 08:25:58,280 [Datanode State Machine Thread - 0] INFO  ratis.XceiverServerRatis (XceiverServerRatis.java:start(411)) - Starting XceiverServerRatis fa091260-1444-41da-9b49-517bc8113479 at port 0
2019-09-19 08:25:58,285 [Datanode State Machine Thread - 0] INFO  impl.RaftServerProxy (RaftServerProxy.java:lambda$start$3(299)) - fa091260-1444-41da-9b49-517bc8113479: start RPC server
2019-09-19 08:25:58,286 [Datanode State Machine Thread - 0] INFO  server.GrpcService (GrpcService.java:startImpl(158)) - fa091260-1444-41da-9b49-517bc8113479: GrpcService started, listening on 0.0.0.0/0.0.0.0:43240
2019-09-19 08:25:58,286 [Datanode State Machine Thread - 0] INFO  ratis.XceiverServerRatis (XceiverServerRatis.java:start(421)) - XceiverServerRatis fa091260-1444-41da-9b49-517bc8113479 is started using port 43240
2019-09-19 08:25:58,289 [Datanode State Machine Thread - 0] INFO  server.XceiverServerGrpc (XceiverServerGrpc.java:start(163)) - XceiverServerGrpc fa091260-1444-41da-9b49-517bc8113479 is started using port 39831
2019-09-19 08:25:58,346 [Datanode State Machine Thread - 0] INFO  ozoneimpl.OzoneContainer (OzoneContainer.java:start(217)) - Attempting to start container services.
2019-09-19 08:25:58,346 [Datanode State Machine Thread - 0] INFO  ozoneimpl.OzoneContainer (OzoneContainer.java:startContainerScrub(179)) - Background container scanner has been disabled.
2019-09-19 08:25:58,346 [Datanode State Machine Thread - 0] INFO  ratis.XceiverServerRatis (XceiverServerRatis.java:start(411)) - Starting XceiverServerRatis 830f5926-e6f3-4fc6-b48b-87b1008588b0 at port 0
2019-09-19 08:25:58,474 [main] INFO  ozone.MiniOzoneClusterImpl (MiniOzoneClusterImpl.java:lambda$waitForClusterToBeReady$0(145)) - Waiting for cluster to be ready. Got 0 of 10 DN Heartbeats.
2019-09-19 08:25:58,663 [Datanode State Machine Thread - 0] INFO  impl.RaftServerProxy (RaftServerProxy.java:lambda$start$3(299)) - 830f5926-e6f3-4fc6-b48b-87b1008588b0: start RPC server
2019-09-19 08:25:58,664 [Datanode State Machine Thread - 0] INFO  server.GrpcService (GrpcService.java:startImpl(158)) - 830f5926-e6f3-4fc6-b48b-87b1008588b0: GrpcService started, listening on 0.0.0.0/0.0.0.0:44294
2019-09-19 08:25:58,665 [Datanode State Machine Thread - 0] INFO  ratis.XceiverServerRatis (XceiverServerRatis.java:start(421)) - XceiverServerRatis 830f5926-e6f3-4fc6-b48b-87b1008588b0 is started using port 44294
2019-09-19 08:25:58,665 [Datanode State Machine Thread - 0] INFO  server.XceiverServerGrpc (XceiverServerGrpc.java:start(163)) - XceiverServerGrpc 830f5926-e6f3-4fc6-b48b-87b1008588b0 is started using port 33240
2019-09-19 08:25:58,686 [Datanode State Machine Thread - 0] INFO  ozoneimpl.OzoneContainer (OzoneContainer.java:start(217)) - Attempting to start container services.
2019-09-19 08:25:58,686 [Datanode State Machine Thread - 0] INFO  ozoneimpl.OzoneContainer (OzoneContainer.java:start(217)) - Attempting to start container services.
2019-09-19 08:25:58,686 [Datanode State Machine Thread - 0] INFO  ozoneimpl.OzoneContainer (OzoneContainer.java:startContainerScrub(179)) - Background container scanner has been disabled.
2019-09-19 08:25:58,686 [Datanode State Machine Thread - 0] INFO  ozoneimpl.OzoneContainer (OzoneContainer.java:startContainerScrub(179)) - Background container scanner has been disabled.
2019-09-19 08:25:58,686 [Datanode State Machine Thread - 0] INFO  ratis.XceiverServerRatis (XceiverServerRatis.java:start(411)) - Starting XceiverServerRatis e50c69ec-4263-4416-9cef-9cb60973670d at port 0
2019-09-19 08:25:58,686 [Datanode State Machine Thread - 0] INFO  ratis.XceiverServerRatis (XceiverServerRatis.java:start(411)) - Starting XceiverServerRatis 198fa7b0-48e0-4e38-b8a2-d2d017a8cbbe at port 0
2019-09-19 08:25:58,697 [Datanode State Machine Thread - 0] INFO  impl.RaftServerProxy (RaftServerProxy.java:lambda$start$3(299)) - 198fa7b0-48e0-4e38-b8a2-d2d017a8cbbe: start RPC server
2019-09-19 08:25:58,697 [Datanode State Machine Thread - 0] INFO  impl.RaftServerProxy (RaftServerProxy.java:lambda$start$3(299)) - e50c69ec-4263-4416-9cef-9cb60973670d: start RPC server
2019-09-19 08:25:58,697 [Datanode State Machine Thread - 0] INFO  server.GrpcService (GrpcService.java:startImpl(158)) - e50c69ec-4263-4416-9cef-9cb60973670d: GrpcService started, listening on 0.0.0.0/0.0.0.0:44827
2019-09-19 08:25:58,697 [Datanode State Machine Thread - 0] INFO  server.GrpcService (GrpcService.java:startImpl(158)) - 198fa7b0-48e0-4e38-b8a2-d2d017a8cbbe: GrpcService started, listening on 0.0.0.0/0.0.0.0:41680
2019-09-19 08:25:58,698 [Datanode State Machine Thread - 0] INFO  ratis.XceiverServerRatis (XceiverServerRatis.java:start(421)) - XceiverServerRatis e50c69ec-4263-4416-9cef-9cb60973670d is started using port 44827
2019-09-19 08:25:58,698 [Datanode State Machine Thread - 0] INFO  ratis.XceiverServerRatis (XceiverServerRatis.java:start(421)) - XceiverServerRatis 198fa7b0-48e0-4e38-b8a2-d2d017a8cbbe is started using port 41680
2019-09-19 08:25:58,711 [Datanode State Machine Thread - 0] INFO  server.XceiverServerGrpc (XceiverServerGrpc.java:start(163)) - XceiverServerGrpc e50c69ec-4263-4416-9cef-9cb60973670d is started using port 46786
2019-09-19 08:25:58,713 [Datanode State Machine Thread - 0] INFO  server.XceiverServerGrpc (XceiverServerGrpc.java:start(163)) - XceiverServerGrpc 198fa7b0-48e0-4e38-b8a2-d2d017a8cbbe is started using port 39760
2019-09-19 08:25:59,474 [main] INFO  ozone.MiniOzoneClusterImpl (MiniOzoneClusterImpl.java:lambda$waitForClusterToBeReady$0(145)) - Waiting for cluster to be ready. Got 0 of 10 DN Heartbeats.
2019-09-19 08:25:59,848 [IPC Server handler 12 on 42782] INFO  net.NetworkTopology (NetworkTopologyImpl.java:add(111)) - Added a new node: /rack1/ce2e2465-5c75-4f8a-9bb6-c0f94b905cef
2019-09-19 08:25:59,852 [IPC Server handler 12 on 42782] INFO  node.SCMNodeManager (SCMNodeManager.java:register(266)) - Registered Data node : ce2e2465-5c75-4f8a-9bb6-c0f94b905cef{ip: 192.168.36.85, host: pr-hdds-2101-t8mbx-1252714220, networkLocation: /rack1, certSerialId: null}
2019-09-19 08:25:59,853 [EventQueue-NodeRegistrationContainerReportForDataNodeSafeModeRule] INFO  safemode.SCMSafeModeManager (DataNodeSafeModeRule.java:process(71)) - SCM in safe mode. 1 DataNodes registered, 1 required.
2019-09-19 08:25:59,857 [EventQueue-NodeRegistrationContainerReportForDataNodeSafeModeRule] INFO  safemode.SCMSafeModeManager (SCMSafeModeManager.java:validateSafeModeExitRules(177)) - ScmSafeModeManager, all rules are successfully validated
2019-09-19 08:25:59,857 [EventQueue-NodeRegistrationContainerReportForDataNodeSafeModeRule] INFO  safemode.SCMSafeModeManager (SCMSafeModeManager.java:exitSafeMode(193)) - SCM exiting safe mode.
2019-09-19 08:25:59,870 [grpc-default-executor-9] INFO  impl.RaftServerProxy (RaftServerProxy.java:addNew(89)) - ce2e2465-5c75-4f8a-9bb6-c0f94b905cef: addNew group-89CD0E65A131:[ce2e2465-5c75-4f8a-9bb6-c0f94b905cef:192.168.36.85:39645] returns group-89CD0E65A131:java.util.concurrent.CompletableFuture@60c1586a[Not completed]
2019-09-19 08:25:59,872 [pool-269-thread-1] INFO  impl.RaftServerImpl (RaftServerImpl.java:<init>(95)) - ce2e2465-5c75-4f8a-9bb6-c0f94b905cef: new RaftServerImpl for group-89CD0E65A131:[ce2e2465-5c75-4f8a-9bb6-c0f94b905cef:192.168.36.85:39645] with ContainerStateMachine:uninitialized
2019-09-19 08:25:59,872 [pool-269-thread-1] INFO  server.RaftServerConfigKeys (ConfUtils.java:logGet(43)) - raft.server.rpc.timeout.min = 1s (custom)
2019-09-19 08:25:59,873 [pool-269-thread-1] INFO  server.RaftServerConfigKeys (ConfUtils.java:logGet(43)) - raft.server.rpc.timeout.max = 1200ms (custom)
2019-09-19 08:25:59,873 [pool-269-thread-1] INFO  server.RaftServerConfigKeys (ConfUtils.java:logGet(43)) - raft.server.rpcslowness.timeout = 120s (custom)
2019-09-19 08:25:59,873 [pool-269-thread-1] INFO  server.RaftServerConfigKeys (ConfUtils.java:logGet(43)) - raft.server.sleep.deviation.threshold = 300 (default)
2019-09-19 08:25:59,873 [pool-269-thread-1] INFO  server.RaftServerConfigKeys (ConfUtils.java:logGet(43)) - raft.server.log.appender.install.snapshot.enabled = false (custom)
2019-09-19 08:25:59,873 [pool-269-thread-1] INFO  impl.RaftServerImpl (ServerState.java:<init>(103)) - ce2e2465-5c75-4f8a-9bb6-c0f94b905cef@group-89CD0E65A131: ConfigurationManager, init=-1: [ce2e2465-5c75-4f8a-9bb6-c0f94b905cef:192.168.36.85:39645], old=null, confs=<EMPTY_MAP>
2019-09-19 08:25:59,873 [pool-269-thread-1] INFO  server.RaftServerConfigKeys (ConfUtils.java:logGet(43)) - raft.server.storage.dir = [/workdir/hadoop-ozone/integration-test/target/test-dir/MiniOzoneClusterImpl-6146c60c-cb8d-4aa2-a902-cb133a81267e/datanode-0/data/ratis] (custom)
2019-09-19 08:25:59,874 [pool-269-thread-1] INFO  storage.RaftStorageDirectory (RaftStorageDirectory.java:analyzeStorage(246)) - The storage directory /workdir/hadoop-ozone/integration-test/target/test-dir/MiniOzoneClusterImpl-6146c60c-cb8d-4aa2-a902-cb133a81267e/datanode-0/data/ratis/04a14bb7-33ad-47a9-9ce4-89cd0e65a131 does not exist. Creating ...
2019-09-19 08:25:59,924 [IPC Server handler 3 on 42782] INFO  net.NetworkTopology (NetworkTopologyImpl.java:add(111)) - Added a new node: /rack1/1751588c-b83e-4ac7-9b49-fcc90a6ced66
2019-09-19 08:25:59,924 [IPC Server handler 3 on 42782] INFO  node.SCMNodeManager (SCMNodeManager.java:register(266)) - Registered Data node : 1751588c-b83e-4ac7-9b49-fcc90a6ced66{ip: 192.168.36.85, host: pr-hdds-2101-t8mbx-1252714220, networkLocation: /rack1, certSerialId: null}
2019-09-19 08:25:59,992 [IPC Server handler 2 on 42782] INFO  net.NetworkTopology (NetworkTopologyImpl.java:add(111)) - Added a new node: /rack1/64a8661b-c2d9-4df7-8ca1-1b29ef624e85
2019-09-19 08:25:59,992 [IPC Server handler 2 on 42782] INFO  node.SCMNodeManager (SCMNodeManager.java:register(266)) - Registered Data node : 64a8661b-c2d9-4df7-8ca1-1b29ef624e85{ip: 192.168.36.85, host: pr-hdds-2101-t8mbx-1252714220, networkLocation: /rack1, certSerialId: null}
2019-09-19 08:26:00,063 [IPC Server handler 0 on 42782] INFO  net.NetworkTopology (NetworkTopologyImpl.java:add(111)) - Added a new node: /rack1/59102106-84a0-4b08-8ab4-ebaea530287f
2019-09-19 08:26:00,064 [IPC Server handler 0 on 42782] INFO  node.SCMNodeManager (SCMNodeManager.java:register(266)) - Registered Data node : 59102106-84a0-4b08-8ab4-ebaea530287f{ip: 192.168.36.85, host: pr-hdds-2101-t8mbx-1252714220, networkLocation: /rack1, certSerialId: null}
2019-09-19 08:26:00,132 [IPC Server handler 1 on 42782] INFO  net.NetworkTopology (NetworkTopologyImpl.java:add(111)) - Added a new node: /rack1/4f253f3b-7013-4e89-96d2-da55b6f5671c
2019-09-19 08:26:00,132 [IPC Server handler 1 on 42782] INFO  node.SCMNodeManager (SCMNodeManager.java:register(266)) - Registered Data node : 4f253f3b-7013-4e89-96d2-da55b6f5671c{ip: 192.168.36.85, host: pr-hdds-2101-t8mbx-1252714220, networkLocation: /rack1, certSerialId: null}
2019-09-19 08:26:00,196 [IPC Server handler 6 on 42782] INFO  net.NetworkTopology (NetworkTopologyImpl.java:add(111)) - Added a new node: /rack1/dd3aa379-4480-4952-8a83-2df324edca08
2019-09-19 08:26:00,196 [IPC Server handler 6 on 42782] INFO  node.SCMNodeManager (SCMNodeManager.java:register(266)) - Registered Data node : dd3aa379-4480-4952-8a83-2df324edca08{ip: 192.168.36.85, host: pr-hdds-2101-t8mbx-1252714220, networkLocation: /rack1, certSerialId: null}
2019-09-19 08:26:00,261 [IPC Server handler 4 on 42782] INFO  net.NetworkTopology (NetworkTopologyImpl.java:add(111)) - Added a new node: /rack1/fa091260-1444-41da-9b49-517bc8113479
2019-09-19 08:26:00,261 [IPC Server handler 4 on 42782] INFO  node.SCMNodeManager (SCMNodeManager.java:register(266)) - Registered Data node : fa091260-1444-41da-9b49-517bc8113479{ip: 192.168.36.85, host: pr-hdds-2101-t8mbx-1252714220, networkLocation: /rack1, certSerialId: null}
2019-09-19 08:26:00,327 [IPC Server handler 11 on 42782] INFO  net.NetworkTopology (NetworkTopologyImpl.java:add(111)) - Added a new node: /rack1/830f5926-e6f3-4fc6-b48b-87b1008588b0
2019-09-19 08:26:00,327 [IPC Server handler 11 on 42782] INFO  node.SCMNodeManager (SCMNodeManager.java:register(266)) - Registered Data node : 830f5926-e6f3-4fc6-b48b-87b1008588b0{ip: 192.168.36.85, host: pr-hdds-2101-t8mbx-1252714220, networkLocation: /rack1, certSerialId: null}
2019-09-19 08:26:00,402 [IPC Server handler 5 on 42782] INFO  net.NetworkTopology (NetworkTopologyImpl.java:add(111)) - Added a new node: /rack1/198fa7b0-48e0-4e38-b8a2-d2d017a8cbbe
2019-09-19 08:26:00,402 [IPC Server handler 5 on 42782] INFO  node.SCMNodeManager (SCMNodeManager.java:register(266)) - Registered Data node : 198fa7b0-48e0-4e38-b8a2-d2d017a8cbbe{ip: 192.168.36.85, host: pr-hdds-2101-t8mbx-1252714220, networkLocation: /rack1, certSerialId: null}
2019-09-19 08:26:00,475 [main] INFO  ozone.MiniOzoneClusterImpl (MiniOzoneClusterImpl.java:lambda$waitForClusterToBeReady$0(145)) - Waiting for cluster to be ready. Got 9 of 10 DN Heartbeats.
2019-09-19 08:26:00,476 [IPC Server handler 10 on 42782] INFO  net.NetworkTopology (NetworkTopologyImpl.java:add(111)) - Added a new node: /rack1/e50c69ec-4263-4416-9cef-9cb60973670d
2019-09-19 08:26:00,476 [IPC Server handler 10 on 42782] INFO  node.SCMNodeManager (SCMNodeManager.java:register(266)) - Registered Data node : e50c69ec-4263-4416-9cef-9cb60973670d{ip: 192.168.36.85, host: pr-hdds-2101-t8mbx-1252714220, networkLocation: /rack1, certSerialId: null}
2019-09-19 08:26:00,968 [pool-269-thread-1] INFO  storage.RaftStorageDirectory (RaftStorageDirectory.java:tryLock(328)) - Lock on /workdir/hadoop-ozone/integration-test/target/test-dir/MiniOzoneClusterImpl-6146c60c-cb8d-4aa2-a902-cb133a81267e/datanode-0/data/ratis/04a14bb7-33ad-47a9-9ce4-89cd0e65a131/in_use.lock acquired by nodename 17878@pr-hdds-2101-t8mbx-1252714220
2019-09-19 08:26:01,475 [main] INFO  ozone.MiniOzoneClusterImpl (MiniOzoneClusterImpl.java:lambda$waitForClusterToBeReady$0(145)) - Cluster is ready. Got 10 of 10 DN Heartbeats.
2019-09-19 08:26:01,531 [main] INFO  rpc.RpcClient (RpcClient.java:createVolume(302)) - Creating Volume: datanodefailurehandlingtest, with jenkins1000 as owner.
2019-09-19 08:26:01,536 [IPC Server handler 1 on 34393] INFO  volume.OMVolumeCreateRequest (OMVolumeCreateRequest.java:validateAndUpdateCache(189)) - created volume:datanodefailurehandlingtest for user:jenkins1000
2019-09-19 08:26:01,572 [main] INFO  rpc.RpcClient (RpcClient.java:createBucket(441)) - Creating Bucket: datanodefailurehandlingtest/datanodefailurehandlingtest, with Versioning false and Storage Type set to DISK and Encryption set to false 
2019-09-19 08:26:02,091 [pool-269-thread-1] INFO  storage.RaftStorage (RaftStorage.java:format(72)) - Storage directory /workdir/hadoop-ozone/integration-test/target/test-dir/MiniOzoneClusterImpl-6146c60c-cb8d-4aa2-a902-cb133a81267e/datanode-0/data/ratis/04a14bb7-33ad-47a9-9ce4-89cd0e65a131 has been successfully formatted.
2019-09-19 08:26:02,092 [pool-269-thread-1] INFO  ratis.ContainerStateMachine (ContainerStateMachine.java:loadSnapshot(230)) - group-89CD0E65A131: The snapshot info is null. Setting the last applied indexto:(t:0, i:~)
2019-09-19 08:26:02,092 [pool-269-thread-1] INFO  server.RaftServerConfigKeys (ConfUtils.java:logGet(43)) - raft.server.notification.no-leader.timeout = 120s (custom)
2019-09-19 08:26:02,092 [pool-269-thread-1] INFO  server.RaftServerConfigKeys (ConfUtils.java:logGet(43)) - raft.server.log.use.memory = false (default)
2019-09-19 08:26:02,092 [pool-269-thread-1] INFO  server.RaftServerConfigKeys (ConfUtils.java:logGet(43)) - raft.server.log.purge.gap = 1000000 (custom)
2019-09-19 08:26:02,093 [pool-269-thread-1] INFO  server.RaftServerConfigKeys (ConfUtils.java:logGet(43)) - raft.server.log.appender.buffer.byte-limit = 33554432 (custom)
2019-09-19 08:26:02,093 [pool-269-thread-1] INFO  server.RaftServerConfigKeys (ConfUtils.java:logGet(43)) - raft.server.log.segment.size.max = 1048576 (custom)
2019-09-19 08:26:02,093 [pool-269-thread-1] INFO  server.RaftServerConfigKeys (ConfUtils.java:logGet(43)) - raft.server.log.segment.cache.num.max = 2 (custom)
2019-09-19 08:26:02,093 [pool-269-thread-1] INFO  segmented.SegmentedRaftLogWorker (SegmentedRaftLogWorker.java:<init>(172)) - new ce2e2465-5c75-4f8a-9bb6-c0f94b905cef@group-89CD0E65A131-SegmentedRaftLogWorker for RaftStorage:Storage Directory /workdir/hadoop-ozone/integration-test/target/test-dir/MiniOzoneClusterImpl-6146c60c-cb8d-4aa2-a902-cb133a81267e/datanode-0/data/ratis/04a14bb7-33ad-47a9-9ce4-89cd0e65a131
2019-09-19 08:26:02,097 [pool-269-thread-1] INFO  server.RaftServerConfigKeys (ConfUtils.java:logGet(43)) - raft.server.log.queue.byte-limit = 2147483647 (custom)
2019-09-19 08:26:02,097 [pool-269-thread-1] INFO  server.RaftServerConfigKeys (ConfUtils.java:logGet(43)) - raft.server.log.queue.element-limit = 1024 (custom)
2019-09-19 08:26:02,097 [pool-269-thread-1] INFO  server.RaftServerConfigKeys (ConfUtils.java:logGet(43)) - raft.server.log.segment.size.max = 1048576 (custom)
2019-09-19 08:26:02,098 [pool-269-thread-1] INFO  server.RaftServerConfigKeys (ConfUtils.java:logGet(43)) - raft.server.log.preallocated.size = 16384 (custom)
2019-09-19 08:26:02,098 [pool-269-thread-1] INFO  server.RaftServerConfigKeys (ConfUtils.java:logGet(43)) - raft.server.log.write.buffer.size = 33554432 (custom)
2019-09-19 08:26:02,098 [pool-269-thread-1] INFO  server.RaftServerConfigKeys (ConfUtils.java:logGet(43)) - raft.server.log.force.sync.num = 128 (default)
2019-09-19 08:26:02,098 [pool-269-thread-1] INFO  server.RaftServerConfigKeys (ConfUtils.java:logGet(43)) - raft.server.log.statemachine.data.sync = true (default)
2019-09-19 08:26:02,098 [pool-269-thread-1] INFO  server.RaftServerConfigKeys (ConfUtils.java:logGet(43)) - raft.server.log.statemachine.data.sync.timeout = 10s (default)
2019-09-19 08:26:02,098 [pool-269-thread-1] INFO  server.RaftServerConfigKeys (ConfUtils.java:logGet(43)) - raft.server.log.statemachine.data.sync.timeout.retry = -1 (default)
2019-09-19 08:26:02,099 [pool-269-thread-1] INFO  server.RaftServerConfigKeys (ConfUtils.java:logGet(43)) - raft.server.log.statemachine.data.caching.enabled = true (custom)
2019-09-19 08:26:02,099 [pool-269-thread-1] INFO  segmented.SegmentedRaftLogWorker (SegmentedRaftLogWorker.java:lambda$new$0(132)) - ce2e2465-5c75-4f8a-9bb6-c0f94b905cef@group-89CD0E65A131-SegmentedRaftLogWorker: flushIndex: setUnconditionally 0 -> -1
2019-09-19 08:26:02,100 [pool-269-thread-1] INFO  server.RaftServerConfigKeys (ConfUtils.java:logGet(43)) - raft.server.snapshot.auto.trigger.enabled = true (custom)
2019-09-19 08:26:02,100 [pool-269-thread-1] INFO  server.RaftServerConfigKeys (ConfUtils.java:logGet(43)) - raft.server.snapshot.auto.trigger.threshold = 10000 (custom)
2019-09-19 08:26:02,100 [pool-269-thread-1] INFO  server.RaftServerConfigKeys (ConfUtils.java:logGet(43)) - raft.server.snapshot.retention.num.files = 5 (custom)
2019-09-19 08:26:02,100 [pool-269-thread-1] INFO  server.RaftServerConfigKeys (ConfUtils.java:logGet(43)) - raft.server.retrycache.expirytime = 600000ms (custom)
2019-09-19 08:26:02,103 [pool-269-thread-1] INFO  impl.RaftServerImpl (RaftServerImpl.java:start(185)) - ce2e2465-5c75-4f8a-9bb6-c0f94b905cef@group-89CD0E65A131: start as a follower, conf=-1: [ce2e2465-5c75-4f8a-9bb6-c0f94b905cef:192.168.36.85:39645], old=null
2019-09-19 08:26:02,104 [pool-269-thread-1] INFO  impl.RaftServerImpl (RaftServerImpl.java:setRole(174)) - ce2e2465-5c75-4f8a-9bb6-c0f94b905cef@group-89CD0E65A131: changes role from      null to FOLLOWER at term 0 for startAsFollower
2019-09-19 08:26:02,104 [pool-269-thread-1] INFO  impl.RoleInfo (RoleInfo.java:updateAndGet(143)) - ce2e2465-5c75-4f8a-9bb6-c0f94b905cef: start FollowerState
2019-09-19 08:26:02,105 [pool-269-thread-1] INFO  util.JmxRegister (JmxRegister.java:tryRegister(44)) - Successfully registered JMX Bean with object name Ratis:service=RaftServer,group=group-89CD0E65A131,id=ce2e2465-5c75-4f8a-9bb6-c0f94b905cef
2019-09-19 08:26:02,109 [RatisPipelineUtilsThread] INFO  pipeline.PipelineStateManager (PipelineStateManager.java:addPipeline(56)) - Created pipeline Pipeline[ Id: 04a14bb7-33ad-47a9-9ce4-89cd0e65a131, Nodes: ce2e2465-5c75-4f8a-9bb6-c0f94b905cef{ip: 192.168.36.85, host: pr-hdds-2101-t8mbx-1252714220, networkLocation: /rack1, certSerialId: null}, Type:RATIS, Factor:ONE, State:OPEN]
2019-09-19 08:26:02,121 [grpc-default-executor-9] INFO  impl.RaftServerProxy (RaftServerProxy.java:addNew(89)) - 64a8661b-c2d9-4df7-8ca1-1b29ef624e85: addNew group-BFB99BB8F68D:[64a8661b-c2d9-4df7-8ca1-1b29ef624e85:192.168.36.85:38418] returns group-BFB99BB8F68D:java.util.concurrent.CompletableFuture@337e89ea[Not completed]
2019-09-19 08:26:02,123 [pool-289-thread-1] INFO  impl.RaftServerImpl (RaftServerImpl.java:<init>(95)) - 64a8661b-c2d9-4df7-8ca1-1b29ef624e85: new RaftServerImpl for group-BFB99BB8F68D:[64a8661b-c2d9-4df7-8ca1-1b29ef624e85:192.168.36.85:38418] with ContainerStateMachine:uninitialized
2019-09-19 08:26:02,124 [pool-289-thread-1] INFO  server.RaftServerConfigKeys (ConfUtils.java:logGet(43)) - raft.server.rpc.timeout.min = 1s (custom)
2019-09-19 08:26:02,124 [pool-289-thread-1] INFO  server.RaftServerConfigKeys (ConfUtils.java:logGet(43)) - raft.server.rpc.timeout.max = 1200ms (custom)
2019-09-19 08:26:02,124 [pool-289-thread-1] INFO  server.RaftServerConfigKeys (ConfUtils.java:logGet(43)) - raft.server.rpcslowness.timeout = 120s (custom)
2019-09-19 08:26:02,124 [pool-289-thread-1] INFO  server.RaftServerConfigKeys (ConfUtils.java:logGet(43)) - raft.server.sleep.deviation.threshold = 300 (default)
2019-09-19 08:26:02,124 [pool-289-thread-1] INFO  server.RaftServerConfigKeys (ConfUtils.java:logGet(43)) - raft.server.log.appender.install.snapshot.enabled = false (custom)
2019-09-19 08:26:02,125 [pool-289-thread-1] INFO  impl.RaftServerImpl (ServerState.java:<init>(103)) - 64a8661b-c2d9-4df7-8ca1-1b29ef624e85@group-BFB99BB8F68D: ConfigurationManager, init=-1: [64a8661b-c2d9-4df7-8ca1-1b29ef624e85:192.168.36.85:38418], old=null, confs=<EMPTY_MAP>
2019-09-19 08:26:02,125 [pool-289-thread-1] INFO  server.RaftServerConfigKeys (ConfUtils.java:logGet(43)) - raft.server.storage.dir = [/workdir/hadoop-ozone/integration-test/target/test-dir/MiniOzoneClusterImpl-6146c60c-cb8d-4aa2-a902-cb133a81267e/datanode-2/data/ratis] (custom)
2019-09-19 08:26:02,125 [pool-289-thread-1] INFO  storage.RaftStorageDirectory (RaftStorageDirectory.java:analyzeStorage(246)) - The storage directory /workdir/hadoop-ozone/integration-test/target/test-dir/MiniOzoneClusterImpl-6146c60c-cb8d-4aa2-a902-cb133a81267e/datanode-2/data/ratis/0cd52fb1-4682-45ca-ba46-bfb99bb8f68d does not exist. Creating ...
2019-09-19 08:26:02,859 [Thread-1945] INFO  container.ReplicationManager (ReplicationManager.java:start(162)) - Starting Replication Monitor Thread.
2019-09-19 08:26:02,864 [ReplicationMonitor] INFO  container.ReplicationManager (ReplicationManager.java:run(225)) - Replication Monitor Thread took 0 milliseconds for processing 0 containers.
2019-09-19 08:26:03,270 [Thread-1950] INFO  impl.FollowerState (FollowerState.java:run(106)) - ce2e2465-5c75-4f8a-9bb6-c0f94b905cef:group-89CD0E65A131 changes to CANDIDATE, lastRpcTime:1165, electionTimeout:1165ms
2019-09-19 08:26:03,270 [Thread-1950] INFO  impl.RoleInfo (RoleInfo.java:shutdownFollowerState(121)) - ce2e2465-5c75-4f8a-9bb6-c0f94b905cef: shutdown FollowerState
2019-09-19 08:26:03,270 [Thread-1950] INFO  impl.RaftServerImpl (RaftServerImpl.java:setRole(174)) - ce2e2465-5c75-4f8a-9bb6-c0f94b905cef@group-89CD0E65A131: changes role from  FOLLOWER to CANDIDATE at term 0 for changeToCandidate
2019-09-19 08:26:03,271 [Thread-1950] INFO  impl.RoleInfo (RoleInfo.java:updateAndGet(143)) - ce2e2465-5c75-4f8a-9bb6-c0f94b905cef: start LeaderElection
2019-09-19 08:26:04,386 [pool-289-thread-1] INFO  storage.RaftStorageDirectory (RaftStorageDirectory.java:tryLock(328)) - Lock on /workdir/hadoop-ozone/integration-test/target/test-dir/MiniOzoneClusterImpl-6146c60c-cb8d-4aa2-a902-cb133a81267e/datanode-2/data/ratis/0cd52fb1-4682-45ca-ba46-bfb99bb8f68d/in_use.lock acquired by nodename 17878@pr-hdds-2101-t8mbx-1252714220
2019-09-19 08:26:04,387 [ce2e2465-5c75-4f8a-9bb6-c0f94b905cef@group-89CD0E65A131:LeaderElection112] INFO  impl.LeaderElection (LeaderElection.java:askForVotes(182)) - ce2e2465-5c75-4f8a-9bb6-c0f94b905cef@group-89CD0E65A131:LeaderElection112: begin an election at term 1 for -1: [ce2e2465-5c75-4f8a-9bb6-c0f94b905cef:192.168.36.85:39645], old=null
2019-09-19 08:26:04,387 [ce2e2465-5c75-4f8a-9bb6-c0f94b905cef@group-89CD0E65A131:LeaderElection112] INFO  impl.RoleInfo (RoleInfo.java:shutdownLeaderElection(134)) - ce2e2465-5c75-4f8a-9bb6-c0f94b905cef: shutdown LeaderElection
2019-09-19 08:26:04,387 [ce2e2465-5c75-4f8a-9bb6-c0f94b905cef@group-89CD0E65A131:LeaderElection112] INFO  impl.RaftServerImpl (RaftServerImpl.java:setRole(174)) - ce2e2465-5c75-4f8a-9bb6-c0f94b905cef@group-89CD0E65A131: changes role from CANDIDATE to LEADER at term 1 for changeToLeader
2019-09-19 08:26:04,387 [ce2e2465-5c75-4f8a-9bb6-c0f94b905cef@group-89CD0E65A131:LeaderElection112] INFO  impl.RaftServerImpl (ServerState.java:setLeader(253)) - ce2e2465-5c75-4f8a-9bb6-c0f94b905cef@group-89CD0E65A131: change Leader from null to ce2e2465-5c75-4f8a-9bb6-c0f94b905cef at term 1 for becomeLeader, leader elected after 2295ms
2019-09-19 08:26:04,387 [ce2e2465-5c75-4f8a-9bb6-c0f94b905cef@group-89CD0E65A131:LeaderElection112] INFO  server.RaftServerConfigKeys (ConfUtils.java:logGet(43)) - raft.server.staging.catchup.gap = 1000 (default)
2019-09-19 08:26:04,388 [ce2e2465-5c75-4f8a-9bb6-c0f94b905cef@group-89CD0E65A131:LeaderElection112] INFO  server.RaftServerConfigKeys (ConfUtils.java:logGet(43)) - raft.server.rpc.sleep.time = 25ms (default)
2019-09-19 08:26:04,388 [ce2e2465-5c75-4f8a-9bb6-c0f94b905cef@group-89CD0E65A131:LeaderElection112] INFO  server.RaftServerConfigKeys (ConfUtils.java:logGet(43)) - raft.server.write.element-limit = 4096 (default)
2019-09-19 08:26:04,388 [ce2e2465-5c75-4f8a-9bb6-c0f94b905cef@group-89CD0E65A131:LeaderElection112] INFO  server.RaftServerConfigKeys (ConfUtils.java:logGet(43)) - raft.server.watch.timeout = 10s (default)
2019-09-19 08:26:04,388 [ce2e2465-5c75-4f8a-9bb6-c0f94b905cef@group-89CD0E65A131:LeaderElection112] INFO  server.RaftServerConfigKeys (ConfUtils.java:logGet(43)) - raft.server.watch.timeout.denomination = 1s (default)
2019-09-19 08:26:04,388 [ce2e2465-5c75-4f8a-9bb6-c0f94b905cef@group-89CD0E65A131:LeaderElection112] INFO  server.RaftServerConfigKeys (ConfUtils.java:logGet(43)) - raft.server.watch.element-limit = 65536 (default)
2019-09-19 08:26:04,391 [ce2e2465-5c75-4f8a-9bb6-c0f94b905cef@group-89CD0E65A131:LeaderElection112] INFO  impl.RoleInfo (RoleInfo.java:updateAndGet(143)) - ce2e2465-5c75-4f8a-9bb6-c0f94b905cef: start LeaderState
2019-09-19 08:26:04,391 [ce2e2465-5c75-4f8a-9bb6-c0f94b905cef@group-89CD0E65A131:LeaderElection112] INFO  segmented.SegmentedRaftLogWorker (SegmentedRaftLogWorker.java:startLogSegment(380)) - ce2e2465-5c75-4f8a-9bb6-c0f94b905cef@group-89CD0E65A131-SegmentedRaftLogWorker: Starting segment from index:0
2019-09-19 08:26:04,392 [ce2e2465-5c75-4f8a-9bb6-c0f94b905cef@group-89CD0E65A131:LeaderElection112] INFO  impl.RaftServerImpl (ServerState.java:setRaftConf(354)) - ce2e2465-5c75-4f8a-9bb6-c0f94b905cef@group-89CD0E65A131: set configuration 0: [ce2e2465-5c75-4f8a-9bb6-c0f94b905cef:192.168.36.85:39645], old=null at 0
2019-09-19 08:26:05,115 [RATISCREATEPIPELINE1] ERROR pipeline.RatisPipelineProvider (RatisPipelineProvider.java:lambda$null$5(236)) - Failed invoke Ratis rpc org.apache.hadoop.hdds.scm.pipeline.RatisPipelineProvider$$Lambda$188/1817690795@53875b6a for 64a8661b-c2d9-4df7-8ca1-1b29ef624e85
org.apache.ratis.protocol.TimeoutIOException: deadline exceeded after 2999803454ns
	at org.apache.ratis.grpc.GrpcUtil.tryUnwrapException(GrpcUtil.java:82)
	at org.apache.ratis.grpc.GrpcUtil.unwrapException(GrpcUtil.java:75)
	at org.apache.ratis.grpc.client.GrpcClientProtocolClient.blockingCall(GrpcClientProtocolClient.java:178)
	at org.apache.ratis.grpc.client.GrpcClientProtocolClient.groupAdd(GrpcClientProtocolClient.java:147)
	at org.apache.ratis.grpc.client.GrpcClientRpc.sendRequest(GrpcClientRpc.java:94)
	at org.apache.ratis.client.impl.RaftClientImpl.sendRequest(RaftClientImpl.java:278)
	at org.apache.ratis.client.impl.RaftClientImpl.groupAdd(RaftClientImpl.java:205)
	at org.apache.hadoop.hdds.scm.pipeline.RatisPipelineProvider.lambda$initializePipeline$4(RatisPipelineProvider.java:195)
	at org.apache.hadoop.hdds.scm.pipeline.RatisPipelineProvider.lambda$null$5(RatisPipelineProvider.java:232)
	at java.util.stream.ForEachOps$ForEachOp$OfRef.accept(ForEachOps.java:184)
	at java.util.ArrayList$ArrayListSpliterator.forEachRemaining(ArrayList.java:1382)
	at java.util.stream.AbstractPipeline.copyInto(AbstractPipeline.java:482)
	at java.util.stream.ForEachOps$ForEachTask.compute(ForEachOps.java:291)
	at java.util.concurrent.CountedCompleter.exec(CountedCompleter.java:731)
	at java.util.concurrent.ForkJoinTask.doExec(ForkJoinTask.java:289)
	at java.util.concurrent.ForkJoinTask.doInvoke(ForkJoinTask.java:401)
	at java.util.concurrent.ForkJoinTask.invoke(ForkJoinTask.java:734)
	at java.util.stream.ForEachOps$ForEachOp.evaluateParallel(ForEachOps.java:160)
	at java.util.stream.ForEachOps$ForEachOp$OfRef.evaluateParallel(ForEachOps.java:174)
	at java.util.stream.AbstractPipeline.evaluate(AbstractPipeline.java:233)
	at java.util.stream.ReferencePipeline.forEach(ReferencePipeline.java:418)
	at java.util.stream.ReferencePipeline$Head.forEach(ReferencePipeline.java:583)
	at org.apache.hadoop.hdds.scm.pipeline.RatisPipelineProvider.lambda$callRatisRpc$6(RatisPipelineProvider.java:226)
	at java.util.concurrent.ForkJoinTask$AdaptedRunnableAction.exec(ForkJoinTask.java:1386)
	at java.util.concurrent.ForkJoinTask.doExec(ForkJoinTask.java:289)
	at java.util.concurrent.ForkJoinPool$WorkQueue.runTask(ForkJoinPool.java:1056)
	at java.util.concurrent.ForkJoinPool.runWorker(ForkJoinPool.java:1692)
	at java.util.concurrent.ForkJoinWorkerThread.run(ForkJoinWorkerThread.java:157)
Caused by: org.apache.ratis.thirdparty.io.grpc.StatusRuntimeException: DEADLINE_EXCEEDED: deadline exceeded after 2999803454ns
	at org.apache.ratis.thirdparty.io.grpc.stub.ClientCalls.toStatusRuntimeException(ClientCalls.java:233)
	at org.apache.ratis.thirdparty.io.grpc.stub.ClientCalls.getUnchecked(ClientCalls.java:214)
	at org.apache.ratis.thirdparty.io.grpc.stub.ClientCalls.blockingUnaryCall(ClientCalls.java:139)
	at org.apache.ratis.proto.grpc.AdminProtocolServiceGrpc$AdminProtocolServiceBlockingStub.groupManagement(AdminProtocolServiceGrpc.java:274)
	at org.apache.ratis.grpc.client.GrpcClientProtocolClient.lambda$groupAdd$3(GrpcClientProtocolClient.java:149)
	at org.apache.ratis.grpc.client.GrpcClientProtocolClient.blockingCall(GrpcClientProtocolClient.java:176)
	... 25 more
2019-09-19 08:26:05,146 [grpc-default-executor-13] INFO  impl.RaftServerProxy (RaftServerProxy.java:addNew(89)) - 830f5926-e6f3-4fc6-b48b-87b1008588b0: addNew group-7A121B0D245D:[64a8661b-c2d9-4df7-8ca1-1b29ef624e85:192.168.36.85:38418, 830f5926-e6f3-4fc6-b48b-87b1008588b0:192.168.36.85:44294, e50c69ec-4263-4416-9cef-9cb60973670d:192.168.36.85:44827] returns group-7A121B0D245D:java.util.concurrent.CompletableFuture@26736e12[Not completed]
2019-09-19 08:26:05,146 [grpc-default-executor-12] INFO  impl.RaftServerProxy (RaftServerProxy.java:addNew(89)) - e50c69ec-4263-4416-9cef-9cb60973670d: addNew group-7A121B0D245D:[64a8661b-c2d9-4df7-8ca1-1b29ef624e85:192.168.36.85:38418, 830f5926-e6f3-4fc6-b48b-87b1008588b0:192.168.36.85:44294, e50c69ec-4263-4416-9cef-9cb60973670d:192.168.36.85:44827] returns group-7A121B0D245D:java.util.concurrent.CompletableFuture@55f848b8[Not completed]
2019-09-19 08:26:05,146 [grpc-default-executor-9] INFO  impl.RaftServerProxy (RaftServerProxy.java:addNew(89)) - 64a8661b-c2d9-4df7-8ca1-1b29ef624e85: addNew group-7A121B0D245D:[64a8661b-c2d9-4df7-8ca1-1b29ef624e85:192.168.36.85:38418, 830f5926-e6f3-4fc6-b48b-87b1008588b0:192.168.36.85:44294, e50c69ec-4263-4416-9cef-9cb60973670d:192.168.36.85:44827] returns group-7A121B0D245D:java.util.concurrent.CompletableFuture@298ea0f[Not completed]
2019-09-19 08:26:05,149 [pool-339-thread-1] INFO  impl.RaftServerImpl (RaftServerImpl.java:<init>(95)) - 830f5926-e6f3-4fc6-b48b-87b1008588b0: new RaftServerImpl for group-7A121B0D245D:[64a8661b-c2d9-4df7-8ca1-1b29ef624e85:192.168.36.85:38418, 830f5926-e6f3-4fc6-b48b-87b1008588b0:192.168.36.85:44294, e50c69ec-4263-4416-9cef-9cb60973670d:192.168.36.85:44827] with ContainerStateMachine:uninitialized
2019-09-19 08:26:05,149 [pool-339-thread-1] INFO  server.RaftServerConfigKeys (ConfUtils.java:logGet(43)) - raft.server.rpc.timeout.min = 1s (custom)
2019-09-19 08:26:05,149 [pool-339-thread-1] INFO  server.RaftServerConfigKeys (ConfUtils.java:logGet(43)) - raft.server.rpc.timeout.max = 1200ms (custom)
2019-09-19 08:26:05,150 [pool-339-thread-1] INFO  server.RaftServerConfigKeys (ConfUtils.java:logGet(43)) - raft.server.rpcslowness.timeout = 120s (custom)
2019-09-19 08:26:05,150 [pool-339-thread-1] INFO  server.RaftServerConfigKeys (ConfUtils.java:logGet(43)) - raft.server.sleep.deviation.threshold = 300 (default)
2019-09-19 08:26:05,150 [pool-359-thread-1] INFO  impl.RaftServerImpl (RaftServerImpl.java:<init>(95)) - e50c69ec-4263-4416-9cef-9cb60973670d: new RaftServerImpl for group-7A121B0D245D:[64a8661b-c2d9-4df7-8ca1-1b29ef624e85:192.168.36.85:38418, 830f5926-e6f3-4fc6-b48b-87b1008588b0:192.168.36.85:44294, e50c69ec-4263-4416-9cef-9cb60973670d:192.168.36.85:44827] with ContainerStateMachine:uninitialized
2019-09-19 08:26:05,150 [pool-339-thread-1] INFO  server.RaftServerConfigKeys (ConfUtils.java:logGet(43)) - raft.server.log.appender.install.snapshot.enabled = false (custom)
2019-09-19 08:26:05,150 [pool-359-thread-1] INFO  server.RaftServerConfigKeys (ConfUtils.java:logGet(43)) - raft.server.rpc.timeout.min = 1s (custom)
2019-09-19 08:26:05,150 [pool-339-thread-1] INFO  impl.RaftServerImpl (ServerState.java:<init>(103)) - 830f5926-e6f3-4fc6-b48b-87b1008588b0@group-7A121B0D245D: ConfigurationManager, init=-1: [64a8661b-c2d9-4df7-8ca1-1b29ef624e85:192.168.36.85:38418, 830f5926-e6f3-4fc6-b48b-87b1008588b0:192.168.36.85:44294, e50c69ec-4263-4416-9cef-9cb60973670d:192.168.36.85:44827], old=null, confs=<EMPTY_MAP>
2019-09-19 08:26:05,150 [pool-359-thread-1] INFO  server.RaftServerConfigKeys (ConfUtils.java:logGet(43)) - raft.server.rpc.timeout.max = 1200ms (custom)
2019-09-19 08:26:05,150 [pool-339-thread-1] INFO  server.RaftServerConfigKeys (ConfUtils.java:logGet(43)) - raft.server.storage.dir = [/workdir/hadoop-ozone/integration-test/target/test-dir/MiniOzoneClusterImpl-6146c60c-cb8d-4aa2-a902-cb133a81267e/datanode-7/data/ratis] (custom)
2019-09-19 08:26:05,150 [pool-359-thread-1] INFO  server.RaftServerConfigKeys (ConfUtils.java:logGet(43)) - raft.server.rpcslowness.timeout = 120s (custom)
2019-09-19 08:26:05,151 [pool-359-thread-1] INFO  server.RaftServerConfigKeys (ConfUtils.java:logGet(43)) - raft.server.sleep.deviation.threshold = 300 (default)
2019-09-19 08:26:05,151 [pool-359-thread-1] INFO  server.RaftServerConfigKeys (ConfUtils.java:logGet(43)) - raft.server.log.appender.install.snapshot.enabled = false (custom)
2019-09-19 08:26:05,151 [pool-339-thread-1] INFO  storage.RaftStorageDirectory (RaftStorageDirectory.java:analyzeStorage(246)) - The storage directory /workdir/hadoop-ozone/integration-test/target/test-dir/MiniOzoneClusterImpl-6146c60c-cb8d-4aa2-a902-cb133a81267e/datanode-7/data/ratis/c6d9199d-7afb-436f-a08a-7a121b0d245d does not exist. Creating ...
2019-09-19 08:26:05,151 [pool-359-thread-1] INFO  impl.RaftServerImpl (ServerState.java:<init>(103)) - e50c69ec-4263-4416-9cef-9cb60973670d@group-7A121B0D245D: ConfigurationManager, init=-1: [64a8661b-c2d9-4df7-8ca1-1b29ef624e85:192.168.36.85:38418, 830f5926-e6f3-4fc6-b48b-87b1008588b0:192.168.36.85:44294, e50c69ec-4263-4416-9cef-9cb60973670d:192.168.36.85:44827], old=null, confs=<EMPTY_MAP>
2019-09-19 08:26:05,151 [pool-359-thread-1] INFO  server.RaftServerConfigKeys (ConfUtils.java:logGet(43)) - raft.server.storage.dir = [/workdir/hadoop-ozone/integration-test/target/test-dir/MiniOzoneClusterImpl-6146c60c-cb8d-4aa2-a902-cb133a81267e/datanode-9/data/ratis] (custom)
2019-09-19 08:26:05,152 [pool-359-thread-1] INFO  storage.RaftStorageDirectory (RaftStorageDirectory.java:analyzeStorage(246)) - The storage directory /workdir/hadoop-ozone/integration-test/target/test-dir/MiniOzoneClusterImpl-6146c60c-cb8d-4aa2-a902-cb133a81267e/datanode-9/data/ratis/c6d9199d-7afb-436f-a08a-7a121b0d245d does not exist. Creating ...
2019-09-19 08:26:06,773 [ce2e2465-5c75-4f8a-9bb6-c0f94b905cef@group-89CD0E65A131-SegmentedRaftLogWorker] INFO  segmented.SegmentedRaftLogWorker (SegmentedRaftLogWorker.java:execute(569)) - ce2e2465-5c75-4f8a-9bb6-c0f94b905cef@group-89CD0E65A131-SegmentedRaftLogWorker: created new log segment /workdir/hadoop-ozone/integration-test/target/test-dir/MiniOzoneClusterImpl-6146c60c-cb8d-4aa2-a902-cb133a81267e/datanode-0/data/ratis/04a14bb7-33ad-47a9-9ce4-89cd0e65a131/current/log_inprogress_0
2019-09-19 08:26:07,593 [pool-289-thread-1] INFO  storage.RaftStorage (RaftStorage.java:format(72)) - Storage directory /workdir/hadoop-ozone/integration-test/target/test-dir/MiniOzoneClusterImpl-6146c60c-cb8d-4aa2-a902-cb133a81267e/datanode-2/data/ratis/0cd52fb1-4682-45ca-ba46-bfb99bb8f68d has been successfully formatted.
2019-09-19 08:26:07,594 [pool-289-thread-1] INFO  ratis.ContainerStateMachine (ContainerStateMachine.java:loadSnapshot(230)) - group-BFB99BB8F68D: The snapshot info is null. Setting the last applied indexto:(t:0, i:~)
2019-09-19 08:26:07,594 [pool-289-thread-1] INFO  server.RaftServerConfigKeys (ConfUtils.java:logGet(43)) - raft.server.notification.no-leader.timeout = 120s (custom)
2019-09-19 08:26:07,594 [pool-289-thread-1] INFO  server.RaftServerConfigKeys (ConfUtils.java:logGet(43)) - raft.server.log.use.memory = false (default)
2019-09-19 08:26:07,594 [pool-289-thread-1] INFO  server.RaftServerConfigKeys (ConfUtils.java:logGet(43)) - raft.server.log.purge.gap = 1000000 (custom)
2019-09-19 08:26:07,594 [pool-289-thread-1] INFO  server.RaftServerConfigKeys (ConfUtils.java:logGet(43)) - raft.server.log.appender.buffer.byte-limit = 33554432 (custom)
2019-09-19 08:26:07,594 [pool-289-thread-1] INFO  server.RaftServerConfigKeys (ConfUtils.java:logGet(43)) - raft.server.log.segment.size.max = 1048576 (custom)
2019-09-19 08:26:07,594 [pool-289-thread-1] INFO  server.RaftServerConfigKeys (ConfUtils.java:logGet(43)) - raft.server.log.segment.cache.num.max = 2 (custom)
2019-09-19 08:26:07,595 [pool-289-thread-1] INFO  segmented.SegmentedRaftLogWorker (SegmentedRaftLogWorker.java:<init>(172)) - new 64a8661b-c2d9-4df7-8ca1-1b29ef624e85@group-BFB99BB8F68D-SegmentedRaftLogWorker for RaftStorage:Storage Directory /workdir/hadoop-ozone/integration-test/target/test-dir/MiniOzoneClusterImpl-6146c60c-cb8d-4aa2-a902-cb133a81267e/datanode-2/data/ratis/0cd52fb1-4682-45ca-ba46-bfb99bb8f68d
2019-09-19 08:26:07,597 [pool-289-thread-1] INFO  server.RaftServerConfigKeys (ConfUtils.java:logGet(43)) - raft.server.log.queue.byte-limit = 2147483647 (custom)
2019-09-19 08:26:07,597 [pool-289-thread-1] INFO  server.RaftServerConfigKeys (ConfUtils.java:logGet(43)) - raft.server.log.queue.element-limit = 1024 (custom)
2019-09-19 08:26:07,597 [pool-289-thread-1] INFO  server.RaftServerConfigKeys (ConfUtils.java:logGet(43)) - raft.server.log.segment.size.max = 1048576 (custom)
2019-09-19 08:26:07,597 [pool-289-thread-1] INFO  server.RaftServerConfigKeys (ConfUtils.java:logGet(43)) - raft.server.log.preallocated.size = 16384 (custom)
2019-09-19 08:26:07,597 [pool-289-thread-1] INFO  server.RaftServerConfigKeys (ConfUtils.java:logGet(43)) - raft.server.log.write.buffer.size = 33554432 (custom)
2019-09-19 08:26:07,597 [pool-289-thread-1] INFO  server.RaftServerConfigKeys (ConfUtils.java:logGet(43)) - raft.server.log.force.sync.num = 128 (default)
2019-09-19 08:26:07,597 [pool-289-thread-1] INFO  server.RaftServerConfigKeys (ConfUtils.java:logGet(43)) - raft.server.log.statemachine.data.sync = true (default)
2019-09-19 08:26:07,598 [pool-289-thread-1] INFO  server.RaftServerConfigKeys (ConfUtils.java:logGet(43)) - raft.server.log.statemachine.data.sync.timeout = 10s (default)
2019-09-19 08:26:07,598 [pool-289-thread-1] INFO  server.RaftServerConfigKeys (ConfUtils.java:logGet(43)) - raft.server.log.statemachine.data.sync.timeout.retry = -1 (default)
2019-09-19 08:26:07,598 [pool-289-thread-1] INFO  server.RaftServerConfigKeys (ConfUtils.java:logGet(43)) - raft.server.log.statemachine.data.caching.enabled = true (custom)
2019-09-19 08:26:07,598 [pool-289-thread-1] INFO  segmented.SegmentedRaftLogWorker (SegmentedRaftLogWorker.java:lambda$new$0(132)) - 64a8661b-c2d9-4df7-8ca1-1b29ef624e85@group-BFB99BB8F68D-SegmentedRaftLogWorker: flushIndex: setUnconditionally 0 -> -1
2019-09-19 08:26:07,598 [pool-289-thread-1] INFO  server.RaftServerConfigKeys (ConfUtils.java:logGet(43)) - raft.server.snapshot.auto.trigger.enabled = true (custom)
2019-09-19 08:26:07,599 [pool-289-thread-1] INFO  server.RaftServerConfigKeys (ConfUtils.java:logGet(43)) - raft.server.snapshot.auto.trigger.threshold = 10000 (custom)
2019-09-19 08:26:07,599 [pool-289-thread-1] INFO  server.RaftServerConfigKeys (ConfUtils.java:logGet(43)) - raft.server.snapshot.retention.num.files = 5 (custom)
2019-09-19 08:26:07,599 [pool-289-thread-1] INFO  server.RaftServerConfigKeys (ConfUtils.java:logGet(43)) - raft.server.retrycache.expirytime = 600000ms (custom)
2019-09-19 08:26:07,601 [pool-289-thread-1] INFO  impl.RaftServerImpl (RaftServerImpl.java:<init>(95)) - 64a8661b-c2d9-4df7-8ca1-1b29ef624e85: new RaftServerImpl for group-7A121B0D245D:[64a8661b-c2d9-4df7-8ca1-1b29ef624e85:192.168.36.85:38418, 830f5926-e6f3-4fc6-b48b-87b1008588b0:192.168.36.85:44294, e50c69ec-4263-4416-9cef-9cb60973670d:192.168.36.85:44827] with ContainerStateMachine:uninitialized
2019-09-19 08:26:07,601 [pool-289-thread-1] INFO  server.RaftServerConfigKeys (ConfUtils.java:logGet(43)) - raft.server.rpc.timeout.min = 1s (custom)
2019-09-19 08:26:07,602 [pool-289-thread-1] INFO  server.RaftServerConfigKeys (ConfUtils.java:logGet(43)) - raft.server.rpc.timeout.max = 1200ms (custom)
2019-09-19 08:26:07,602 [pool-289-thread-1] INFO  server.RaftServerConfigKeys (ConfUtils.java:logGet(43)) - raft.server.rpcslowness.timeout = 120s (custom)
2019-09-19 08:26:07,602 [pool-289-thread-1] INFO  server.RaftServerConfigKeys (ConfUtils.java:logGet(43)) - raft.server.sleep.deviation.threshold = 300 (default)
2019-09-19 08:26:07,602 [pool-289-thread-1] INFO  server.RaftServerConfigKeys (ConfUtils.java:logGet(43)) - raft.server.log.appender.install.snapshot.enabled = false (custom)
2019-09-19 08:26:07,602 [pool-289-thread-1] INFO  impl.RaftServerImpl (ServerState.java:<init>(103)) - 64a8661b-c2d9-4df7-8ca1-1b29ef624e85@group-7A121B0D245D: ConfigurationManager, init=-1: [64a8661b-c2d9-4df7-8ca1-1b29ef624e85:192.168.36.85:38418, 830f5926-e6f3-4fc6-b48b-87b1008588b0:192.168.36.85:44294, e50c69ec-4263-4416-9cef-9cb60973670d:192.168.36.85:44827], old=null, confs=<EMPTY_MAP>
2019-09-19 08:26:07,602 [pool-289-thread-1] INFO  server.RaftServerConfigKeys (ConfUtils.java:logGet(43)) - raft.server.storage.dir = [/workdir/hadoop-ozone/integration-test/target/test-dir/MiniOzoneClusterImpl-6146c60c-cb8d-4aa2-a902-cb133a81267e/datanode-2/data/ratis] (custom)
2019-09-19 08:26:07,602 [pool-289-thread-1] INFO  storage.RaftStorageDirectory (RaftStorageDirectory.java:analyzeStorage(246)) - The storage directory /workdir/hadoop-ozone/integration-test/target/test-dir/MiniOzoneClusterImpl-6146c60c-cb8d-4aa2-a902-cb133a81267e/datanode-2/data/ratis/c6d9199d-7afb-436f-a08a-7a121b0d245d does not exist. Creating ...
2019-09-19 08:26:07,861 [pool-359-thread-1] INFO  storage.RaftStorageDirectory (RaftStorageDirectory.java:tryLock(328)) - Lock on /workdir/hadoop-ozone/integration-test/target/test-dir/MiniOzoneClusterImpl-6146c60c-cb8d-4aa2-a902-cb133a81267e/datanode-9/data/ratis/c6d9199d-7afb-436f-a08a-7a121b0d245d/in_use.lock acquired by nodename 17878@pr-hdds-2101-t8mbx-1252714220
2019-09-19 08:26:07,861 [pool-339-thread-1] INFO  storage.RaftStorageDirectory (RaftStorageDirectory.java:tryLock(328)) - Lock on /workdir/hadoop-ozone/integration-test/target/test-dir/MiniOzoneClusterImpl-6146c60c-cb8d-4aa2-a902-cb133a81267e/datanode-7/data/ratis/c6d9199d-7afb-436f-a08a-7a121b0d245d/in_use.lock acquired by nodename 17878@pr-hdds-2101-t8mbx-1252714220
2019-09-19 08:26:08,137 [RATISCREATEPIPELINE3] ERROR pipeline.RatisPipelineProvider (RatisPipelineProvider.java:lambda$null$5(236)) - Failed invoke Ratis rpc org.apache.hadoop.hdds.scm.pipeline.RatisPipelineProvider$$Lambda$188/1817690795@7f5220cf for 830f5926-e6f3-4fc6-b48b-87b1008588b0
org.apache.ratis.protocol.TimeoutIOException: deadline exceeded after 2996620861ns
	at org.apache.ratis.grpc.GrpcUtil.tryUnwrapException(GrpcUtil.java:82)
	at org.apache.ratis.grpc.GrpcUtil.unwrapException(GrpcUtil.java:75)
	at org.apache.ratis.grpc.client.GrpcClientProtocolClient.blockingCall(GrpcClientProtocolClient.java:178)
	at org.apache.ratis.grpc.client.GrpcClientProtocolClient.groupAdd(GrpcClientProtocolClient.java:147)
	at org.apache.ratis.grpc.client.GrpcClientRpc.sendRequest(GrpcClientRpc.java:94)
	at org.apache.ratis.client.impl.RaftClientImpl.sendRequest(RaftClientImpl.java:278)
	at org.apache.ratis.client.impl.RaftClientImpl.groupAdd(RaftClientImpl.java:205)
	at org.apache.hadoop.hdds.scm.pipeline.RatisPipelineProvider.lambda$initializePipeline$4(RatisPipelineProvider.java:195)
	at org.apache.hadoop.hdds.scm.pipeline.RatisPipelineProvider.lambda$null$5(RatisPipelineProvider.java:232)
	at java.util.stream.ForEachOps$ForEachOp$OfRef.accept(ForEachOps.java:184)
	at java.util.ArrayList$ArrayListSpliterator.forEachRemaining(ArrayList.java:1382)
	at java.util.stream.AbstractPipeline.copyInto(AbstractPipeline.java:482)
	at java.util.stream.ForEachOps$ForEachTask.compute(ForEachOps.java:291)
	at java.util.concurrent.CountedCompleter.exec(CountedCompleter.java:731)
	at java.util.concurrent.ForkJoinTask.doExec(ForkJoinTask.java:289)
	at java.util.concurrent.ForkJoinPool$WorkQueue.runTask(ForkJoinPool.java:1056)
	at java.util.concurrent.ForkJoinPool.runWorker(ForkJoinPool.java:1692)
	at java.util.concurrent.ForkJoinWorkerThread.run(ForkJoinWorkerThread.java:157)
Caused by: org.apache.ratis.thirdparty.io.grpc.StatusRuntimeException: DEADLINE_EXCEEDED: deadline exceeded after 2996620861ns
	at org.apache.ratis.thirdparty.io.grpc.stub.ClientCalls.toStatusRuntimeException(ClientCalls.java:233)
	at org.apache.ratis.thirdparty.io.grpc.stub.ClientCalls.getUnchecked(ClientCalls.java:214)
	at org.apache.ratis.thirdparty.io.grpc.stub.ClientCalls.blockingUnaryCall(ClientCalls.java:139)
	at org.apache.ratis.proto.grpc.AdminProtocolServiceGrpc$AdminProtocolServiceBlockingStub.groupManagement(AdminProtocolServiceGrpc.java:274)
	at org.apache.ratis.grpc.client.GrpcClientProtocolClient.lambda$groupAdd$3(GrpcClientProtocolClient.java:149)
	at org.apache.ratis.grpc.client.GrpcClientProtocolClient.blockingCall(GrpcClientProtocolClient.java:176)
	... 15 more
2019-09-19 08:26:08,138 [RATISCREATEPIPELINE1] ERROR pipeline.RatisPipelineProvider (RatisPipelineProvider.java:lambda$null$5(236)) - Failed invoke Ratis rpc org.apache.hadoop.hdds.scm.pipeline.RatisPipelineProvider$$Lambda$188/1817690795@7f5220cf for e50c69ec-4263-4416-9cef-9cb60973670d
org.apache.ratis.protocol.TimeoutIOException: deadline exceeded after 2999707953ns
	at org.apache.ratis.grpc.GrpcUtil.tryUnwrapException(GrpcUtil.java:82)
	at org.apache.ratis.grpc.GrpcUtil.unwrapException(GrpcUtil.java:75)
	at org.apache.ratis.grpc.client.GrpcClientProtocolClient.blockingCall(GrpcClientProtocolClient.java:178)
	at org.apache.ratis.grpc.client.GrpcClientProtocolClient.groupAdd(GrpcClientProtocolClient.java:147)
	at org.apache.ratis.grpc.client.GrpcClientRpc.sendRequest(GrpcClientRpc.java:94)
	at org.apache.ratis.client.impl.RaftClientImpl.sendRequest(RaftClientImpl.java:278)
	at org.apache.ratis.client.impl.RaftClientImpl.groupAdd(RaftClientImpl.java:205)
	at org.apache.hadoop.hdds.scm.pipeline.RatisPipelineProvider.lambda$initializePipeline$4(RatisPipelineProvider.java:195)
	at org.apache.hadoop.hdds.scm.pipeline.RatisPipelineProvider.lambda$null$5(RatisPipelineProvider.java:232)
	at java.util.stream.ForEachOps$ForEachOp$OfRef.accept(ForEachOps.java:184)
	at java.util.ArrayList$ArrayListSpliterator.forEachRemaining(ArrayList.java:1382)
	at java.util.stream.AbstractPipeline.copyInto(AbstractPipeline.java:482)
	at java.util.stream.ForEachOps$ForEachTask.compute(ForEachOps.java:291)
	at java.util.concurrent.CountedCompleter.exec(CountedCompleter.java:731)
	at java.util.concurrent.ForkJoinTask.doExec(ForkJoinTask.java:289)
	at java.util.concurrent.ForkJoinTask.doInvoke(ForkJoinTask.java:401)
	at java.util.concurrent.ForkJoinTask.invoke(ForkJoinTask.java:734)
	at java.util.stream.ForEachOps$ForEachOp.evaluateParallel(ForEachOps.java:160)
	at java.util.stream.ForEachOps$ForEachOp$OfRef.evaluateParallel(ForEachOps.java:174)
	at java.util.stream.AbstractPipeline.evaluate(AbstractPipeline.java:233)
	at java.util.stream.ReferencePipeline.forEach(ReferencePipeline.java:418)
	at java.util.stream.ReferencePipeline$Head.forEach(ReferencePipeline.java:583)
	at org.apache.hadoop.hdds.scm.pipeline.RatisPipelineProvider.lambda$callRatisRpc$6(RatisPipelineProvider.java:226)
	at java.util.concurrent.ForkJoinTask$AdaptedRunnableAction.exec(ForkJoinTask.java:1386)
	at java.util.concurrent.ForkJoinTask.doExec(ForkJoinTask.java:289)
	at java.util.concurrent.ForkJoinPool$WorkQueue.runTask(ForkJoinPool.java:1056)
	at java.util.concurrent.ForkJoinPool.runWorker(ForkJoinPool.java:1692)
	at java.util.concurrent.ForkJoinWorkerThread.run(ForkJoinWorkerThread.java:157)
Caused by: org.apache.ratis.thirdparty.io.grpc.StatusRuntimeException: DEADLINE_EXCEEDED: deadline exceeded after 2999707953ns
	at org.apache.ratis.thirdparty.io.grpc.stub.ClientCalls.toStatusRuntimeException(ClientCalls.java:233)
	at org.apache.ratis.thirdparty.io.grpc.stub.ClientCalls.getUnchecked(ClientCalls.java:214)
	at org.apache.ratis.thirdparty.io.grpc.stub.ClientCalls.blockingUnaryCall(ClientCalls.java:139)
	at org.apache.ratis.proto.grpc.AdminProtocolServiceGrpc$AdminProtocolServiceBlockingStub.groupManagement(AdminProtocolServiceGrpc.java:274)
	at org.apache.ratis.grpc.client.GrpcClientProtocolClient.lambda$groupAdd$3(GrpcClientProtocolClient.java:149)
	at org.apache.ratis.grpc.client.GrpcClientProtocolClient.blockingCall(GrpcClientProtocolClient.java:176)
	... 25 more
2019-09-19 08:26:08,137 [RATISCREATEPIPELINE2] ERROR pipeline.RatisPipelineProvider (RatisPipelineProvider.java:lambda$null$5(236)) - Failed invoke Ratis rpc org.apache.hadoop.hdds.scm.pipeline.RatisPipelineProvider$$Lambda$188/1817690795@7f5220cf for 64a8661b-c2d9-4df7-8ca1-1b29ef624e85
org.apache.ratis.protocol.TimeoutIOException: deadline exceeded after 2997051070ns
	at org.apache.ratis.grpc.GrpcUtil.tryUnwrapException(GrpcUtil.java:82)
	at org.apache.ratis.grpc.GrpcUtil.unwrapException(GrpcUtil.java:75)
	at org.apache.ratis.grpc.client.GrpcClientProtocolClient.blockingCall(GrpcClientProtocolClient.java:178)
	at org.apache.ratis.grpc.client.GrpcClientProtocolClient.groupAdd(GrpcClientProtocolClient.java:147)
	at org.apache.ratis.grpc.client.GrpcClientRpc.sendRequest(GrpcClientRpc.java:94)
	at org.apache.ratis.client.impl.RaftClientImpl.sendRequest(RaftClientImpl.java:278)
	at org.apache.ratis.client.impl.RaftClientImpl.groupAdd(RaftClientImpl.java:205)
	at org.apache.hadoop.hdds.scm.pipeline.RatisPipelineProvider.lambda$initializePipeline$4(RatisPipelineProvider.java:195)
	at org.apache.hadoop.hdds.scm.pipeline.RatisPipelineProvider.lambda$null$5(RatisPipelineProvider.java:232)
	at java.util.stream.ForEachOps$ForEachOp$OfRef.accept(ForEachOps.java:184)
	at java.util.ArrayList$ArrayListSpliterator.forEachRemaining(ArrayList.java:1382)
	at java.util.stream.AbstractPipeline.copyInto(AbstractPipeline.java:482)
	at java.util.stream.ForEachOps$ForEachTask.compute(ForEachOps.java:291)
	at java.util.concurrent.CountedCompleter.exec(CountedCompleter.java:731)
	at java.util.concurrent.ForkJoinTask.doExec(ForkJoinTask.java:289)
	at java.util.concurrent.ForkJoinPool$WorkQueue.runTask(ForkJoinPool.java:1056)
	at java.util.concurrent.ForkJoinPool.runWorker(ForkJoinPool.java:1692)
	at java.util.concurrent.ForkJoinWorkerThread.run(ForkJoinWorkerThread.java:157)
Caused by: org.apache.ratis.thirdparty.io.grpc.StatusRuntimeException: DEADLINE_EXCEEDED: deadline exceeded after 2997051070ns
	at org.apache.ratis.thirdparty.io.grpc.stub.ClientCalls.toStatusRuntimeException(ClientCalls.java:233)
	at org.apache.ratis.thirdparty.io.grpc.stub.ClientCalls.getUnchecked(ClientCalls.java:214)
	at org.apache.ratis.thirdparty.io.grpc.stub.ClientCalls.blockingUnaryCall(ClientCalls.java:139)
	at org.apache.ratis.proto.grpc.AdminProtocolServiceGrpc$AdminProtocolServiceBlockingStub.groupManagement(AdminProtocolServiceGrpc.java:274)
	at org.apache.ratis.grpc.client.GrpcClientProtocolClient.lambda$groupAdd$3(GrpcClientProtocolClient.java:149)
	at org.apache.ratis.grpc.client.GrpcClientProtocolClient.blockingCall(GrpcClientProtocolClient.java:176)
	... 15 more
2019-09-19 08:26:08,154 [grpc-default-executor-14] INFO  impl.RaftServerProxy (RaftServerProxy.java:addNew(89)) - 64a8661b-c2d9-4df7-8ca1-1b29ef624e85: addNew group-FD67FFB2187A:[64a8661b-c2d9-4df7-8ca1-1b29ef624e85:192.168.36.85:38418] returns group-FD67FFB2187A:java.util.concurrent.CompletableFuture@1cd974d0[Not completed]
2019-09-19 08:26:09,184 [pool-289-thread-1] INFO  storage.RaftStorageDirectory (RaftStorageDirectory.java:tryLock(328)) - Lock on /workdir/hadoop-ozone/integration-test/target/test-dir/MiniOzoneClusterImpl-6146c60c-cb8d-4aa2-a902-cb133a81267e/datanode-2/data/ratis/c6d9199d-7afb-436f-a08a-7a121b0d245d/in_use.lock acquired by nodename 17878@pr-hdds-2101-t8mbx-1252714220
2019-09-19 08:26:11,150 [RATISCREATEPIPELINE1] ERROR pipeline.RatisPipelineProvider (RatisPipelineProvider.java:lambda$null$5(236)) - Failed invoke Ratis rpc org.apache.hadoop.hdds.scm.pipeline.RatisPipelineProvider$$Lambda$188/1817690795@6b749ddf for 64a8661b-c2d9-4df7-8ca1-1b29ef624e85
org.apache.ratis.protocol.TimeoutIOException: deadline exceeded after 2999766738ns
	at org.apache.ratis.grpc.GrpcUtil.tryUnwrapException(GrpcUtil.java:82)
	at org.apache.ratis.grpc.GrpcUtil.unwrapException(GrpcUtil.java:75)
	at org.apache.ratis.grpc.client.GrpcClientProtocolClient.blockingCall(GrpcClientProtocolClient.java:178)
	at org.apache.ratis.grpc.client.GrpcClientProtocolClient.groupAdd(GrpcClientProtocolClient.java:147)
	at org.apache.ratis.grpc.client.GrpcClientRpc.sendRequest(GrpcClientRpc.java:94)
	at org.apache.ratis.client.impl.RaftClientImpl.sendRequest(RaftClientImpl.java:278)
	at org.apache.ratis.client.impl.RaftClientImpl.groupAdd(RaftClientImpl.java:205)
	at org.apache.hadoop.hdds.scm.pipeline.RatisPipelineProvider.lambda$initializePipeline$4(RatisPipelineProvider.java:195)
	at org.apache.hadoop.hdds.scm.pipeline.RatisPipelineProvider.lambda$null$5(RatisPipelineProvider.java:232)
	at java.util.stream.ForEachOps$ForEachOp$OfRef.accept(ForEachOps.java:184)
	at java.util.ArrayList$ArrayListSpliterator.forEachRemaining(ArrayList.java:1382)
	at java.util.stream.AbstractPipeline.copyInto(AbstractPipeline.java:482)
	at java.util.stream.ForEachOps$ForEachTask.compute(ForEachOps.java:291)
	at java.util.concurrent.CountedCompleter.exec(CountedCompleter.java:731)
	at java.util.concurrent.ForkJoinTask.doExec(ForkJoinTask.java:289)
	at java.util.concurrent.ForkJoinTask.doInvoke(ForkJoinTask.java:401)
	at java.util.concurrent.ForkJoinTask.invoke(ForkJoinTask.java:734)
	at java.util.stream.ForEachOps$ForEachOp.evaluateParallel(ForEachOps.java:160)
	at java.util.stream.ForEachOps$ForEachOp$OfRef.evaluateParallel(ForEachOps.java:174)
	at java.util.stream.AbstractPipeline.evaluate(AbstractPipeline.java:233)
	at java.util.stream.ReferencePipeline.forEach(ReferencePipeline.java:418)
	at java.util.stream.ReferencePipeline$Head.forEach(ReferencePipeline.java:583)
	at org.apache.hadoop.hdds.scm.pipeline.RatisPipelineProvider.lambda$callRatisRpc$6(RatisPipelineProvider.java:226)
	at java.util.concurrent.ForkJoinTask$AdaptedRunnableAction.exec(ForkJoinTask.java:1386)
	at java.util.concurrent.ForkJoinTask.doExec(ForkJoinTask.java:289)
	at java.util.concurrent.ForkJoinPool$WorkQueue.runTask(ForkJoinPool.java:1056)
	at java.util.concurrent.ForkJoinPool.runWorker(ForkJoinPool.java:1692)
	at java.util.concurrent.ForkJoinWorkerThread.run(ForkJoinWorkerThread.java:157)
Caused by: org.apache.ratis.thirdparty.io.grpc.StatusRuntimeException: DEADLINE_EXCEEDED: deadline exceeded after 2999766738ns
	at org.apache.ratis.thirdparty.io.grpc.stub.ClientCalls.toStatusRuntimeException(ClientCalls.java:233)
	at org.apache.ratis.thirdparty.io.grpc.stub.ClientCalls.getUnchecked(ClientCalls.java:214)
	at org.apache.ratis.thirdparty.io.grpc.stub.ClientCalls.blockingUnaryCall(ClientCalls.java:139)
	at org.apache.ratis.proto.grpc.AdminProtocolServiceGrpc$AdminProtocolServiceBlockingStub.groupManagement(AdminProtocolServiceGrpc.java:274)
	at org.apache.ratis.grpc.client.GrpcClientProtocolClient.lambda$groupAdd$3(GrpcClientProtocolClient.java:149)
	at org.apache.ratis.grpc.client.GrpcClientProtocolClient.blockingCall(GrpcClientProtocolClient.java:176)
	... 25 more
2019-09-19 08:26:11,164 [grpc-default-executor-13] INFO  impl.RaftServerProxy (RaftServerProxy.java:addNew(89)) - 64a8661b-c2d9-4df7-8ca1-1b29ef624e85: addNew group-6FD53671956A:[64a8661b-c2d9-4df7-8ca1-1b29ef624e85:192.168.36.85:38418, 830f5926-e6f3-4fc6-b48b-87b1008588b0:192.168.36.85:44294, e50c69ec-4263-4416-9cef-9cb60973670d:192.168.36.85:44827] returns group-6FD53671956A:java.util.concurrent.CompletableFuture@17a55da1[Not completed]
2019-09-19 08:26:11,164 [grpc-default-executor-14] INFO  impl.RaftServerProxy (RaftServerProxy.java:addNew(89)) - 830f5926-e6f3-4fc6-b48b-87b1008588b0: addNew group-6FD53671956A:[64a8661b-c2d9-4df7-8ca1-1b29ef624e85:192.168.36.85:38418, 830f5926-e6f3-4fc6-b48b-87b1008588b0:192.168.36.85:44294, e50c69ec-4263-4416-9cef-9cb60973670d:192.168.36.85:44827] returns group-6FD53671956A:java.util.concurrent.CompletableFuture@5de47eeb[Not completed]
2019-09-19 08:26:11,164 [grpc-default-executor-12] INFO  impl.RaftServerProxy (RaftServerProxy.java:addNew(89)) - e50c69ec-4263-4416-9cef-9cb60973670d: addNew group-6FD53671956A:[64a8661b-c2d9-4df7-8ca1-1b29ef624e85:192.168.36.85:38418, 830f5926-e6f3-4fc6-b48b-87b1008588b0:192.168.36.85:44294, e50c69ec-4263-4416-9cef-9cb60973670d:192.168.36.85:44827] returns group-6FD53671956A:java.util.concurrent.CompletableFuture@4ebab3d7[Not completed]
2019-09-19 08:26:12,294 [pool-359-thread-1] INFO  storage.RaftStorage (RaftStorage.java:format(72)) - Storage directory /workdir/hadoop-ozone/integration-test/target/test-dir/MiniOzoneClusterImpl-6146c60c-cb8d-4aa2-a902-cb133a81267e/datanode-9/data/ratis/c6d9199d-7afb-436f-a08a-7a121b0d245d has been successfully formatted.
2019-09-19 08:26:12,294 [pool-289-thread-1] INFO  storage.RaftStorage (RaftStorage.java:format(72)) - Storage directory /workdir/hadoop-ozone/integration-test/target/test-dir/MiniOzoneClusterImpl-6146c60c-cb8d-4aa2-a902-cb133a81267e/datanode-2/data/ratis/c6d9199d-7afb-436f-a08a-7a121b0d245d has been successfully formatted.
2019-09-19 08:26:12,294 [pool-339-thread-1] INFO  storage.RaftStorage (RaftStorage.java:format(72)) - Storage directory /workdir/hadoop-ozone/integration-test/target/test-dir/MiniOzoneClusterImpl-6146c60c-cb8d-4aa2-a902-cb133a81267e/datanode-7/data/ratis/c6d9199d-7afb-436f-a08a-7a121b0d245d has been successfully formatted.
2019-09-19 08:26:12,294 [pool-359-thread-1] INFO  ratis.ContainerStateMachine (ContainerStateMachine.java:loadSnapshot(230)) - group-7A121B0D245D: The snapshot info is null. Setting the last applied indexto:(t:0, i:~)
2019-09-19 08:26:12,295 [pool-289-thread-1] INFO  ratis.ContainerStateMachine (ContainerStateMachine.java:loadSnapshot(230)) - group-7A121B0D245D: The snapshot info is null. Setting the last applied indexto:(t:0, i:~)
2019-09-19 08:26:12,295 [pool-339-thread-1] INFO  ratis.ContainerStateMachine (ContainerStateMachine.java:loadSnapshot(230)) - group-7A121B0D245D: The snapshot info is null. Setting the last applied indexto:(t:0, i:~)
2019-09-19 08:26:12,295 [pool-359-thread-1] INFO  server.RaftServerConfigKeys (ConfUtils.java:logGet(43)) - raft.server.notification.no-leader.timeout = 120s (custom)
2019-09-19 08:26:12,295 [pool-339-thread-1] INFO  server.RaftServerConfigKeys (ConfUtils.java:logGet(43)) - raft.server.notification.no-leader.timeout = 120s (custom)
2019-09-19 08:26:12,295 [pool-289-thread-1] INFO  server.RaftServerConfigKeys (ConfUtils.java:logGet(43)) - raft.server.notification.no-leader.timeout = 120s (custom)
2019-09-19 08:26:12,295 [pool-339-thread-1] INFO  server.RaftServerConfigKeys (ConfUtils.java:logGet(43)) - raft.server.log.use.memory = false (default)
2019-09-19 08:26:12,295 [pool-359-thread-1] INFO  server.RaftServerConfigKeys (ConfUtils.java:logGet(43)) - raft.server.log.use.memory = false (default)
2019-09-19 08:26:12,296 [pool-339-thread-1] INFO  server.RaftServerConfigKeys (ConfUtils.java:logGet(43)) - raft.server.log.purge.gap = 1000000 (custom)
2019-09-19 08:26:12,295 [pool-289-thread-1] INFO  server.RaftServerConfigKeys (ConfUtils.java:logGet(43)) - raft.server.log.use.memory = false (default)
2019-09-19 08:26:12,296 [pool-339-thread-1] INFO  server.RaftServerConfigKeys (ConfUtils.java:logGet(43)) - raft.server.log.appender.buffer.byte-limit = 33554432 (custom)
2019-09-19 08:26:12,296 [pool-359-thread-1] INFO  server.RaftServerConfigKeys (ConfUtils.java:logGet(43)) - raft.server.log.purge.gap = 1000000 (custom)
2019-09-19 08:26:12,296 [pool-339-thread-1] INFO  server.RaftServerConfigKeys (ConfUtils.java:logGet(43)) - raft.server.log.segment.size.max = 1048576 (custom)
2019-09-19 08:26:12,296 [pool-289-thread-1] INFO  server.RaftServerConfigKeys (ConfUtils.java:logGet(43)) - raft.server.log.purge.gap = 1000000 (custom)
2019-09-19 08:26:12,296 [pool-339-thread-1] INFO  server.RaftServerConfigKeys (ConfUtils.java:logGet(43)) - raft.server.log.segment.cache.num.max = 2 (custom)
2019-09-19 08:26:12,296 [pool-359-thread-1] INFO  server.RaftServerConfigKeys (ConfUtils.java:logGet(43)) - raft.server.log.appender.buffer.byte-limit = 33554432 (custom)
2019-09-19 08:26:12,297 [pool-339-thread-1] INFO  segmented.SegmentedRaftLogWorker (SegmentedRaftLogWorker.java:<init>(172)) - new 830f5926-e6f3-4fc6-b48b-87b1008588b0@group-7A121B0D245D-SegmentedRaftLogWorker for RaftStorage:Storage Directory /workdir/hadoop-ozone/integration-test/target/test-dir/MiniOzoneClusterImpl-6146c60c-cb8d-4aa2-a902-cb133a81267e/datanode-7/data/ratis/c6d9199d-7afb-436f-a08a-7a121b0d245d
2019-09-19 08:26:12,296 [pool-289-thread-1] INFO  server.RaftServerConfigKeys (ConfUtils.java:logGet(43)) - raft.server.log.appender.buffer.byte-limit = 33554432 (custom)
2019-09-19 08:26:12,297 [pool-359-thread-1] INFO  server.RaftServerConfigKeys (ConfUtils.java:logGet(43)) - raft.server.log.segment.size.max = 1048576 (custom)
2019-09-19 08:26:12,297 [pool-289-thread-1] INFO  server.RaftServerConfigKeys (ConfUtils.java:logGet(43)) - raft.server.log.segment.size.max = 1048576 (custom)
2019-09-19 08:26:12,297 [pool-359-thread-1] INFO  server.RaftServerConfigKeys (ConfUtils.java:logGet(43)) - raft.server.log.segment.cache.num.max = 2 (custom)
2019-09-19 08:26:12,297 [pool-289-thread-1] INFO  server.RaftServerConfigKeys (ConfUtils.java:logGet(43)) - raft.server.log.segment.cache.num.max = 2 (custom)
2019-09-19 08:26:12,297 [pool-359-thread-1] INFO  segmented.SegmentedRaftLogWorker (SegmentedRaftLogWorker.java:<init>(172)) - new e50c69ec-4263-4416-9cef-9cb60973670d@group-7A121B0D245D-SegmentedRaftLogWorker for RaftStorage:Storage Directory /workdir/hadoop-ozone/integration-test/target/test-dir/MiniOzoneClusterImpl-6146c60c-cb8d-4aa2-a902-cb133a81267e/datanode-9/data/ratis/c6d9199d-7afb-436f-a08a-7a121b0d245d
2019-09-19 08:26:12,298 [pool-289-thread-1] INFO  segmented.SegmentedRaftLogWorker (SegmentedRaftLogWorker.java:<init>(172)) - new 64a8661b-c2d9-4df7-8ca1-1b29ef624e85@group-7A121B0D245D-SegmentedRaftLogWorker for RaftStorage:Storage Directory /workdir/hadoop-ozone/integration-test/target/test-dir/MiniOzoneClusterImpl-6146c60c-cb8d-4aa2-a902-cb133a81267e/datanode-2/data/ratis/c6d9199d-7afb-436f-a08a-7a121b0d245d
2019-09-19 08:26:12,298 [pool-289-thread-1] INFO  server.RaftServerConfigKeys (ConfUtils.java:logGet(43)) - raft.server.log.queue.byte-limit = 2147483647 (custom)
2019-09-19 08:26:12,298 [pool-289-thread-1] INFO  server.RaftServerConfigKeys (ConfUtils.java:logGet(43)) - raft.server.log.queue.element-limit = 1024 (custom)
2019-09-19 08:26:12,298 [pool-289-thread-1] INFO  server.RaftServerConfigKeys (ConfUtils.java:logGet(43)) - raft.server.log.segment.size.max = 1048576 (custom)
2019-09-19 08:26:12,298 [pool-289-thread-1] INFO  server.RaftServerConfigKeys (ConfUtils.java:logGet(43)) - raft.server.log.preallocated.size = 16384 (custom)
2019-09-19 08:26:12,298 [pool-289-thread-1] INFO  server.RaftServerConfigKeys (ConfUtils.java:logGet(43)) - raft.server.log.write.buffer.size = 33554432 (custom)
2019-09-19 08:26:12,299 [pool-289-thread-1] INFO  server.RaftServerConfigKeys (ConfUtils.java:logGet(43)) - raft.server.log.force.sync.num = 128 (default)
2019-09-19 08:26:12,299 [pool-289-thread-1] INFO  server.RaftServerConfigKeys (ConfUtils.java:logGet(43)) - raft.server.log.statemachine.data.sync = true (default)
2019-09-19 08:26:12,299 [pool-289-thread-1] INFO  server.RaftServerConfigKeys (ConfUtils.java:logGet(43)) - raft.server.log.statemachine.data.sync.timeout = 10s (default)
2019-09-19 08:26:12,299 [pool-289-thread-1] INFO  server.RaftServerConfigKeys (ConfUtils.java:logGet(43)) - raft.server.log.statemachine.data.sync.timeout.retry = -1 (default)
2019-09-19 08:26:12,299 [pool-289-thread-1] INFO  server.RaftServerConfigKeys (ConfUtils.java:logGet(43)) - raft.server.log.statemachine.data.caching.enabled = true (custom)
2019-09-19 08:26:12,300 [pool-289-thread-1] INFO  segmented.SegmentedRaftLogWorker (SegmentedRaftLogWorker.java:lambda$new$0(132)) - 64a8661b-c2d9-4df7-8ca1-1b29ef624e85@group-7A121B0D245D-SegmentedRaftLogWorker: flushIndex: setUnconditionally 0 -> -1
2019-09-19 08:26:12,300 [pool-339-thread-1] INFO  server.RaftServerConfigKeys (ConfUtils.java:logGet(43)) - raft.server.log.queue.byte-limit = 2147483647 (custom)
2019-09-19 08:26:12,300 [pool-339-thread-1] INFO  server.RaftServerConfigKeys (ConfUtils.java:logGet(43)) - raft.server.log.queue.element-limit = 1024 (custom)
2019-09-19 08:26:12,300 [pool-359-thread-1] INFO  server.RaftServerConfigKeys (ConfUtils.java:logGet(43)) - raft.server.log.queue.byte-limit = 2147483647 (custom)
2019-09-19 08:26:12,300 [pool-289-thread-1] INFO  server.RaftServerConfigKeys (ConfUtils.java:logGet(43)) - raft.server.snapshot.auto.trigger.enabled = true (custom)
2019-09-19 08:26:12,300 [pool-359-thread-1] INFO  server.RaftServerConfigKeys (ConfUtils.java:logGet(43)) - raft.server.log.queue.element-limit = 1024 (custom)
2019-09-19 08:26:12,300 [pool-339-thread-1] INFO  server.RaftServerConfigKeys (ConfUtils.java:logGet(43)) - raft.server.log.segment.size.max = 1048576 (custom)
2019-09-19 08:26:12,301 [pool-359-thread-1] INFO  server.RaftServerConfigKeys (ConfUtils.java:logGet(43)) - raft.server.log.segment.size.max = 1048576 (custom)
2019-09-19 08:26:12,300 [pool-289-thread-1] INFO  server.RaftServerConfigKeys (ConfUtils.java:logGet(43)) - raft.server.snapshot.auto.trigger.threshold = 10000 (custom)
2019-09-19 08:26:12,301 [pool-359-thread-1] INFO  server.RaftServerConfigKeys (ConfUtils.java:logGet(43)) - raft.server.log.preallocated.size = 16384 (custom)
2019-09-19 08:26:12,301 [pool-339-thread-1] INFO  server.RaftServerConfigKeys (ConfUtils.java:logGet(43)) - raft.server.log.preallocated.size = 16384 (custom)
2019-09-19 08:26:12,301 [pool-359-thread-1] INFO  server.RaftServerConfigKeys (ConfUtils.java:logGet(43)) - raft.server.log.write.buffer.size = 33554432 (custom)
2019-09-19 08:26:12,301 [pool-289-thread-1] INFO  server.RaftServerConfigKeys (ConfUtils.java:logGet(43)) - raft.server.snapshot.retention.num.files = 5 (custom)
2019-09-19 08:26:12,301 [pool-359-thread-1] INFO  server.RaftServerConfigKeys (ConfUtils.java:logGet(43)) - raft.server.log.force.sync.num = 128 (default)
2019-09-19 08:26:12,301 [pool-339-thread-1] INFO  server.RaftServerConfigKeys (ConfUtils.java:logGet(43)) - raft.server.log.write.buffer.size = 33554432 (custom)
2019-09-19 08:26:12,302 [pool-359-thread-1] INFO  server.RaftServerConfigKeys (ConfUtils.java:logGet(43)) - raft.server.log.statemachine.data.sync = true (default)
2019-09-19 08:26:12,302 [pool-289-thread-1] INFO  server.RaftServerConfigKeys (ConfUtils.java:logGet(43)) - raft.server.retrycache.expirytime = 600000ms (custom)
2019-09-19 08:26:12,302 [pool-359-thread-1] INFO  server.RaftServerConfigKeys (ConfUtils.java:logGet(43)) - raft.server.log.statemachine.data.sync.timeout = 10s (default)
2019-09-19 08:26:12,302 [pool-339-thread-1] INFO  server.RaftServerConfigKeys (ConfUtils.java:logGet(43)) - raft.server.log.force.sync.num = 128 (default)
2019-09-19 08:26:12,302 [pool-359-thread-1] INFO  server.RaftServerConfigKeys (ConfUtils.java:logGet(43)) - raft.server.log.statemachine.data.sync.timeout.retry = -1 (default)
2019-09-19 08:26:12,302 [pool-339-thread-1] INFO  server.RaftServerConfigKeys (ConfUtils.java:logGet(43)) - raft.server.log.statemachine.data.sync = true (default)
2019-09-19 08:26:12,303 [pool-339-thread-1] INFO  server.RaftServerConfigKeys (ConfUtils.java:logGet(43)) - raft.server.log.statemachine.data.sync.timeout = 10s (default)
2019-09-19 08:26:12,303 [pool-339-thread-1] INFO  server.RaftServerConfigKeys (ConfUtils.java:logGet(43)) - raft.server.log.statemachine.data.sync.timeout.retry = -1 (default)
2019-09-19 08:26:12,303 [pool-359-thread-1] INFO  server.RaftServerConfigKeys (ConfUtils.java:logGet(43)) - raft.server.log.statemachine.data.caching.enabled = true (custom)
2019-09-19 08:26:12,303 [pool-339-thread-1] INFO  server.RaftServerConfigKeys (ConfUtils.java:logGet(43)) - raft.server.log.statemachine.data.caching.enabled = true (custom)
2019-09-19 08:26:12,303 [pool-359-thread-1] INFO  segmented.SegmentedRaftLogWorker (SegmentedRaftLogWorker.java:lambda$new$0(132)) - e50c69ec-4263-4416-9cef-9cb60973670d@group-7A121B0D245D-SegmentedRaftLogWorker: flushIndex: setUnconditionally 0 -> -1
2019-09-19 08:26:12,303 [pool-339-thread-1] INFO  segmented.SegmentedRaftLogWorker (SegmentedRaftLogWorker.java:lambda$new$0(132)) - 830f5926-e6f3-4fc6-b48b-87b1008588b0@group-7A121B0D245D-SegmentedRaftLogWorker: flushIndex: setUnconditionally 0 -> -1
2019-09-19 08:26:12,304 [pool-359-thread-1] INFO  server.RaftServerConfigKeys (ConfUtils.java:logGet(43)) - raft.server.snapshot.auto.trigger.enabled = true (custom)
2019-09-19 08:26:12,304 [pool-339-thread-1] INFO  server.RaftServerConfigKeys (ConfUtils.java:logGet(43)) - raft.server.snapshot.auto.trigger.enabled = true (custom)
2019-09-19 08:26:12,304 [pool-359-thread-1] INFO  server.RaftServerConfigKeys (ConfUtils.java:logGet(43)) - raft.server.snapshot.auto.trigger.threshold = 10000 (custom)
2019-09-19 08:26:12,304 [pool-339-thread-1] INFO  server.RaftServerConfigKeys (ConfUtils.java:logGet(43)) - raft.server.snapshot.auto.trigger.threshold = 10000 (custom)
2019-09-19 08:26:12,304 [pool-289-thread-1] INFO  impl.RaftServerImpl (RaftServerImpl.java:start(185)) - 64a8661b-c2d9-4df7-8ca1-1b29ef624e85@group-BFB99BB8F68D: start as a follower, conf=-1: [64a8661b-c2d9-4df7-8ca1-1b29ef624e85:192.168.36.85:38418], old=null
2019-09-19 08:26:12,304 [pool-359-thread-1] INFO  server.RaftServerConfigKeys (ConfUtils.java:logGet(43)) - raft.server.snapshot.retention.num.files = 5 (custom)
2019-09-19 08:26:12,304 [pool-289-thread-1] INFO  impl.RaftServerImpl (RaftServerImpl.java:setRole(174)) - 64a8661b-c2d9-4df7-8ca1-1b29ef624e85@group-BFB99BB8F68D: changes role from      null to FOLLOWER at term 0 for startAsFollower
2019-09-19 08:26:12,304 [pool-339-thread-1] INFO  server.RaftServerConfigKeys (ConfUtils.java:logGet(43)) - raft.server.snapshot.retention.num.files = 5 (custom)
2019-09-19 08:26:12,305 [pool-289-thread-1] INFO  impl.RoleInfo (RoleInfo.java:updateAndGet(143)) - 64a8661b-c2d9-4df7-8ca1-1b29ef624e85: start FollowerState
2019-09-19 08:26:12,305 [pool-359-thread-1] INFO  server.RaftServerConfigKeys (ConfUtils.java:logGet(43)) - raft.server.retrycache.expirytime = 600000ms (custom)
2019-09-19 08:26:12,305 [pool-339-thread-1] INFO  server.RaftServerConfigKeys (ConfUtils.java:logGet(43)) - raft.server.retrycache.expirytime = 600000ms (custom)
2019-09-19 08:26:12,305 [pool-289-thread-1] INFO  util.JmxRegister (JmxRegister.java:tryRegister(44)) - Successfully registered JMX Bean with object name Ratis:service=RaftServer,group=group-BFB99BB8F68D,id=64a8661b-c2d9-4df7-8ca1-1b29ef624e85
2019-09-19 08:26:12,307 [pool-289-thread-1] INFO  impl.RaftServerImpl (RaftServerImpl.java:<init>(95)) - 64a8661b-c2d9-4df7-8ca1-1b29ef624e85: new RaftServerImpl for group-FD67FFB2187A:[64a8661b-c2d9-4df7-8ca1-1b29ef624e85:192.168.36.85:38418] with ContainerStateMachine:uninitialized
2019-09-19 08:26:12,307 [pool-289-thread-1] INFO  server.RaftServerConfigKeys (ConfUtils.java:logGet(43)) - raft.server.rpc.timeout.min = 1s (custom)
2019-09-19 08:26:12,307 [pool-289-thread-1] INFO  server.RaftServerConfigKeys (ConfUtils.java:logGet(43)) - raft.server.rpc.timeout.max = 1200ms (custom)
2019-09-19 08:26:12,307 [pool-289-thread-1] INFO  server.RaftServerConfigKeys (ConfUtils.java:logGet(43)) - raft.server.rpcslowness.timeout = 120s (custom)
2019-09-19 08:26:12,308 [pool-289-thread-1] INFO  server.RaftServerConfigKeys (ConfUtils.java:logGet(43)) - raft.server.sleep.deviation.threshold = 300 (default)
2019-09-19 08:26:12,308 [pool-289-thread-1] INFO  server.RaftServerConfigKeys (ConfUtils.java:logGet(43)) - raft.server.log.appender.install.snapshot.enabled = false (custom)
2019-09-19 08:26:12,308 [pool-289-thread-1] INFO  impl.RaftServerImpl (ServerState.java:<init>(103)) - 64a8661b-c2d9-4df7-8ca1-1b29ef624e85@group-FD67FFB2187A: ConfigurationManager, init=-1: [64a8661b-c2d9-4df7-8ca1-1b29ef624e85:192.168.36.85:38418], old=null, confs=<EMPTY_MAP>
2019-09-19 08:26:12,308 [pool-289-thread-1] INFO  server.RaftServerConfigKeys (ConfUtils.java:logGet(43)) - raft.server.storage.dir = [/workdir/hadoop-ozone/integration-test/target/test-dir/MiniOzoneClusterImpl-6146c60c-cb8d-4aa2-a902-cb133a81267e/datanode-2/data/ratis] (custom)
2019-09-19 08:26:12,308 [pool-289-thread-1] INFO  storage.RaftStorageDirectory (RaftStorageDirectory.java:analyzeStorage(246)) - The storage directory /workdir/hadoop-ozone/integration-test/target/test-dir/MiniOzoneClusterImpl-6146c60c-cb8d-4aa2-a902-cb133a81267e/datanode-2/data/ratis/d46be779-5659-4913-b7fa-fd67ffb2187a does not exist. Creating ...
2019-09-19 08:26:12,309 [pool-359-thread-1] INFO  impl.RaftServerImpl (RaftServerImpl.java:<init>(95)) - e50c69ec-4263-4416-9cef-9cb60973670d: new RaftServerImpl for group-6FD53671956A:[64a8661b-c2d9-4df7-8ca1-1b29ef624e85:192.168.36.85:38418, 830f5926-e6f3-4fc6-b48b-87b1008588b0:192.168.36.85:44294, e50c69ec-4263-4416-9cef-9cb60973670d:192.168.36.85:44827] with ContainerStateMachine:uninitialized
2019-09-19 08:26:12,309 [pool-359-thread-1] INFO  server.RaftServerConfigKeys (ConfUtils.java:logGet(43)) - raft.server.rpc.timeout.min = 1s (custom)
2019-09-19 08:26:12,309 [pool-359-thread-1] INFO  server.RaftServerConfigKeys (ConfUtils.java:logGet(43)) - raft.server.rpc.timeout.max = 1200ms (custom)
2019-09-19 08:26:12,309 [pool-339-thread-1] INFO  impl.RaftServerImpl (RaftServerImpl.java:<init>(95)) - 830f5926-e6f3-4fc6-b48b-87b1008588b0: new RaftServerImpl for group-6FD53671956A:[64a8661b-c2d9-4df7-8ca1-1b29ef624e85:192.168.36.85:38418, 830f5926-e6f3-4fc6-b48b-87b1008588b0:192.168.36.85:44294, e50c69ec-4263-4416-9cef-9cb60973670d:192.168.36.85:44827] with ContainerStateMachine:uninitialized
2019-09-19 08:26:12,309 [pool-359-thread-1] INFO  server.RaftServerConfigKeys (ConfUtils.java:logGet(43)) - raft.server.rpcslowness.timeout = 120s (custom)
2019-09-19 08:26:12,310 [pool-339-thread-1] INFO  server.RaftServerConfigKeys (ConfUtils.java:logGet(43)) - raft.server.rpc.timeout.min = 1s (custom)
2019-09-19 08:26:12,310 [pool-359-thread-1] INFO  server.RaftServerConfigKeys (ConfUtils.java:logGet(43)) - raft.server.sleep.deviation.threshold = 300 (default)
2019-09-19 08:26:12,310 [pool-339-thread-1] INFO  server.RaftServerConfigKeys (ConfUtils.java:logGet(43)) - raft.server.rpc.timeout.max = 1200ms (custom)
2019-09-19 08:26:12,310 [pool-359-thread-1] INFO  server.RaftServerConfigKeys (ConfUtils.java:logGet(43)) - raft.server.log.appender.install.snapshot.enabled = false (custom)
2019-09-19 08:26:12,310 [pool-339-thread-1] INFO  server.RaftServerConfigKeys (ConfUtils.java:logGet(43)) - raft.server.rpcslowness.timeout = 120s (custom)
2019-09-19 08:26:12,310 [pool-359-thread-1] INFO  impl.RaftServerImpl (ServerState.java:<init>(103)) - e50c69ec-4263-4416-9cef-9cb60973670d@group-6FD53671956A: ConfigurationManager, init=-1: [64a8661b-c2d9-4df7-8ca1-1b29ef624e85:192.168.36.85:38418, 830f5926-e6f3-4fc6-b48b-87b1008588b0:192.168.36.85:44294, e50c69ec-4263-4416-9cef-9cb60973670d:192.168.36.85:44827], old=null, confs=<EMPTY_MAP>
2019-09-19 08:26:12,310 [pool-339-thread-1] INFO  server.RaftServerConfigKeys (ConfUtils.java:logGet(43)) - raft.server.sleep.deviation.threshold = 300 (default)
2019-09-19 08:26:12,310 [pool-359-thread-1] INFO  server.RaftServerConfigKeys (ConfUtils.java:logGet(43)) - raft.server.storage.dir = [/workdir/hadoop-ozone/integration-test/target/test-dir/MiniOzoneClusterImpl-6146c60c-cb8d-4aa2-a902-cb133a81267e/datanode-9/data/ratis] (custom)
2019-09-19 08:26:12,310 [pool-339-thread-1] INFO  server.RaftServerConfigKeys (ConfUtils.java:logGet(43)) - raft.server.log.appender.install.snapshot.enabled = false (custom)
2019-09-19 08:26:12,311 [pool-339-thread-1] INFO  impl.RaftServerImpl (ServerState.java:<init>(103)) - 830f5926-e6f3-4fc6-b48b-87b1008588b0@group-6FD53671956A: ConfigurationManager, init=-1: [64a8661b-c2d9-4df7-8ca1-1b29ef624e85:192.168.36.85:38418, 830f5926-e6f3-4fc6-b48b-87b1008588b0:192.168.36.85:44294, e50c69ec-4263-4416-9cef-9cb60973670d:192.168.36.85:44827], old=null, confs=<EMPTY_MAP>
2019-09-19 08:26:12,311 [pool-359-thread-1] INFO  storage.RaftStorageDirectory (RaftStorageDirectory.java:analyzeStorage(246)) - The storage directory /workdir/hadoop-ozone/integration-test/target/test-dir/MiniOzoneClusterImpl-6146c60c-cb8d-4aa2-a902-cb133a81267e/datanode-9/data/ratis/59d45b68-265d-41a1-8912-6fd53671956a does not exist. Creating ...
2019-09-19 08:26:12,311 [pool-339-thread-1] INFO  server.RaftServerConfigKeys (ConfUtils.java:logGet(43)) - raft.server.storage.dir = [/workdir/hadoop-ozone/integration-test/target/test-dir/MiniOzoneClusterImpl-6146c60c-cb8d-4aa2-a902-cb133a81267e/datanode-7/data/ratis] (custom)
2019-09-19 08:26:12,311 [pool-339-thread-1] INFO  storage.RaftStorageDirectory (RaftStorageDirectory.java:analyzeStorage(246)) - The storage directory /workdir/hadoop-ozone/integration-test/target/test-dir/MiniOzoneClusterImpl-6146c60c-cb8d-4aa2-a902-cb133a81267e/datanode-7/data/ratis/59d45b68-265d-41a1-8912-6fd53671956a does not exist. Creating ...
2019-09-19 08:26:13,367 [Thread-1958] INFO  impl.FollowerState (FollowerState.java:run(106)) - 64a8661b-c2d9-4df7-8ca1-1b29ef624e85:group-BFB99BB8F68D changes to CANDIDATE, lastRpcTime:1062, electionTimeout:1062ms
2019-09-19 08:26:13,368 [Thread-1958] INFO  impl.RoleInfo (RoleInfo.java:shutdownFollowerState(121)) - 64a8661b-c2d9-4df7-8ca1-1b29ef624e85: shutdown FollowerState
2019-09-19 08:26:13,368 [Thread-1958] INFO  impl.RaftServerImpl (RaftServerImpl.java:setRole(174)) - 64a8661b-c2d9-4df7-8ca1-1b29ef624e85@group-BFB99BB8F68D: changes role from  FOLLOWER to CANDIDATE at term 0 for changeToCandidate
2019-09-19 08:26:13,368 [Thread-1958] INFO  impl.RoleInfo (RoleInfo.java:updateAndGet(143)) - 64a8661b-c2d9-4df7-8ca1-1b29ef624e85: start LeaderElection
2019-09-19 08:26:14,160 [RATISCREATEPIPELINE2] ERROR pipeline.RatisPipelineProvider (RatisPipelineProvider.java:lambda$null$5(236)) - Failed invoke Ratis rpc org.apache.hadoop.hdds.scm.pipeline.RatisPipelineProvider$$Lambda$188/1817690795@7e47c4b0 for 830f5926-e6f3-4fc6-b48b-87b1008588b0
org.apache.ratis.protocol.TimeoutIOException: deadline exceeded after 2999821630ns
	at org.apache.ratis.grpc.GrpcUtil.tryUnwrapException(GrpcUtil.java:82)
	at org.apache.ratis.grpc.GrpcUtil.unwrapException(GrpcUtil.java:75)
	at org.apache.ratis.grpc.client.GrpcClientProtocolClient.blockingCall(GrpcClientProtocolClient.java:178)
	at org.apache.ratis.grpc.client.GrpcClientProtocolClient.groupAdd(GrpcClientProtocolClient.java:147)
	at org.apache.ratis.grpc.client.GrpcClientRpc.sendRequest(GrpcClientRpc.java:94)
	at org.apache.ratis.client.impl.RaftClientImpl.sendRequest(RaftClientImpl.java:278)
	at org.apache.ratis.client.impl.RaftClientImpl.groupAdd(RaftClientImpl.java:205)
	at org.apache.hadoop.hdds.scm.pipeline.RatisPipelineProvider.lambda$initializePipeline$4(RatisPipelineProvider.java:195)
	at org.apache.hadoop.hdds.scm.pipeline.RatisPipelineProvider.lambda$null$5(RatisPipelineProvider.java:232)
	at java.util.stream.ForEachOps$ForEachOp$OfRef.accept(ForEachOps.java:184)
	at java.util.ArrayList$ArrayListSpliterator.forEachRemaining(ArrayList.java:1382)
	at java.util.stream.AbstractPipeline.copyInto(AbstractPipeline.java:482)
	at java.util.stream.ForEachOps$ForEachTask.compute(ForEachOps.java:291)
	at java.util.concurrent.CountedCompleter.exec(CountedCompleter.java:731)
	at java.util.concurrent.ForkJoinTask.doExec(ForkJoinTask.java:289)
	at java.util.concurrent.ForkJoinPool$WorkQueue.runTask(ForkJoinPool.java:1056)
	at java.util.concurrent.ForkJoinPool.runWorker(ForkJoinPool.java:1692)
	at java.util.concurrent.ForkJoinWorkerThread.run(ForkJoinWorkerThread.java:157)
Caused by: org.apache.ratis.thirdparty.io.grpc.StatusRuntimeException: DEADLINE_EXCEEDED: deadline exceeded after 2999821630ns
	at org.apache.ratis.thirdparty.io.grpc.stub.ClientCalls.toStatusRuntimeException(ClientCalls.java:233)
	at org.apache.ratis.thirdparty.io.grpc.stub.ClientCalls.getUnchecked(ClientCalls.java:214)
	at org.apache.ratis.thirdparty.io.grpc.stub.ClientCalls.blockingUnaryCall(ClientCalls.java:139)
	at org.apache.ratis.proto.grpc.AdminProtocolServiceGrpc$AdminProtocolServiceBlockingStub.groupManagement(AdminProtocolServiceGrpc.java:274)
	at org.apache.ratis.grpc.client.GrpcClientProtocolClient.lambda$groupAdd$3(GrpcClientProtocolClient.java:149)
	at org.apache.ratis.grpc.client.GrpcClientProtocolClient.blockingCall(GrpcClientProtocolClient.java:176)
	... 15 more
2019-09-19 08:26:14,161 [RATISCREATEPIPELINE3] ERROR pipeline.RatisPipelineProvider (RatisPipelineProvider.java:lambda$null$5(236)) - Failed invoke Ratis rpc org.apache.hadoop.hdds.scm.pipeline.RatisPipelineProvider$$Lambda$188/1817690795@7e47c4b0 for 64a8661b-c2d9-4df7-8ca1-1b29ef624e85
org.apache.ratis.protocol.TimeoutIOException: deadline exceeded after 2999774715ns
	at org.apache.ratis.grpc.GrpcUtil.tryUnwrapException(GrpcUtil.java:82)
	at org.apache.ratis.grpc.GrpcUtil.unwrapException(GrpcUtil.java:75)
	at org.apache.ratis.grpc.client.GrpcClientProtocolClient.blockingCall(GrpcClientProtocolClient.java:178)
	at org.apache.ratis.grpc.client.GrpcClientProtocolClient.groupAdd(GrpcClientProtocolClient.java:147)
	at org.apache.ratis.grpc.client.GrpcClientRpc.sendRequest(GrpcClientRpc.java:94)
	at org.apache.ratis.client.impl.RaftClientImpl.sendRequest(RaftClientImpl.java:278)
	at org.apache.ratis.client.impl.RaftClientImpl.groupAdd(RaftClientImpl.java:205)
	at org.apache.hadoop.hdds.scm.pipeline.RatisPipelineProvider.lambda$initializePipeline$4(RatisPipelineProvider.java:195)
	at org.apache.hadoop.hdds.scm.pipeline.RatisPipelineProvider.lambda$null$5(RatisPipelineProvider.java:232)
	at java.util.stream.ForEachOps$ForEachOp$OfRef.accept(ForEachOps.java:184)
	at java.util.ArrayList$ArrayListSpliterator.forEachRemaining(ArrayList.java:1382)
	at java.util.stream.AbstractPipeline.copyInto(AbstractPipeline.java:482)
	at java.util.stream.ForEachOps$ForEachTask.compute(ForEachOps.java:291)
	at java.util.concurrent.CountedCompleter.exec(CountedCompleter.java:731)
	at java.util.concurrent.ForkJoinTask.doExec(ForkJoinTask.java:289)
	at java.util.concurrent.ForkJoinPool$WorkQueue.runTask(ForkJoinPool.java:1056)
	at java.util.concurrent.ForkJoinPool.runWorker(ForkJoinPool.java:1692)
	at java.util.concurrent.ForkJoinWorkerThread.run(ForkJoinWorkerThread.java:157)
Caused by: org.apache.ratis.thirdparty.io.grpc.StatusRuntimeException: DEADLINE_EXCEEDED: deadline exceeded after 2999774715ns
	at org.apache.ratis.thirdparty.io.grpc.stub.ClientCalls.toStatusRuntimeException(ClientCalls.java:233)
	at org.apache.ratis.thirdparty.io.grpc.stub.ClientCalls.getUnchecked(ClientCalls.java:214)
	at org.apache.ratis.thirdparty.io.grpc.stub.ClientCalls.blockingUnaryCall(ClientCalls.java:139)
	at org.apache.ratis.proto.grpc.AdminProtocolServiceGrpc$AdminProtocolServiceBlockingStub.groupManagement(AdminProtocolServiceGrpc.java:274)
	at org.apache.ratis.grpc.client.GrpcClientProtocolClient.lambda$groupAdd$3(GrpcClientProtocolClient.java:149)
	at org.apache.ratis.grpc.client.GrpcClientProtocolClient.blockingCall(GrpcClientProtocolClient.java:176)
	... 15 more
2019-09-19 08:26:14,161 [RATISCREATEPIPELINE1] ERROR pipeline.RatisPipelineProvider (RatisPipelineProvider.java:lambda$null$5(236)) - Failed invoke Ratis rpc org.apache.hadoop.hdds.scm.pipeline.RatisPipelineProvider$$Lambda$188/1817690795@7e47c4b0 for e50c69ec-4263-4416-9cef-9cb60973670d
org.apache.ratis.protocol.TimeoutIOException
	at org.apache.ratis.grpc.GrpcUtil.tryUnwrapException(GrpcUtil.java:82)
	at org.apache.ratis.grpc.GrpcUtil.unwrapException(GrpcUtil.java:75)
	at org.apache.ratis.grpc.client.GrpcClientProtocolClient.blockingCall(GrpcClientProtocolClient.java:178)
	at org.apache.ratis.grpc.client.GrpcClientProtocolClient.groupAdd(GrpcClientProtocolClient.java:147)
	at org.apache.ratis.grpc.client.GrpcClientRpc.sendRequest(GrpcClientRpc.java:94)
	at org.apache.ratis.client.impl.RaftClientImpl.sendRequest(RaftClientImpl.java:278)
	at org.apache.ratis.client.impl.RaftClientImpl.groupAdd(RaftClientImpl.java:205)
	at org.apache.hadoop.hdds.scm.pipeline.RatisPipelineProvider.lambda$initializePipeline$4(RatisPipelineProvider.java:195)
	at org.apache.hadoop.hdds.scm.pipeline.RatisPipelineProvider.lambda$null$5(RatisPipelineProvider.java:232)
	at java.util.stream.ForEachOps$ForEachOp$OfRef.accept(ForEachOps.java:184)
	at java.util.ArrayList$ArrayListSpliterator.forEachRemaining(ArrayList.java:1382)
	at java.util.stream.AbstractPipeline.copyInto(AbstractPipeline.java:482)
	at java.util.stream.ForEachOps$ForEachTask.compute(ForEachOps.java:291)
	at java.util.concurrent.CountedCompleter.exec(CountedCompleter.java:731)
	at java.util.concurrent.ForkJoinTask.doExec(ForkJoinTask.java:289)
	at java.util.concurrent.ForkJoinTask.doInvoke(ForkJoinTask.java:401)
	at java.util.concurrent.ForkJoinTask.invoke(ForkJoinTask.java:734)
	at java.util.stream.ForEachOps$ForEachOp.evaluateParallel(ForEachOps.java:160)
	at java.util.stream.ForEachOps$ForEachOp$OfRef.evaluateParallel(ForEachOps.java:174)
	at java.util.stream.AbstractPipeline.evaluate(AbstractPipeline.java:233)
	at java.util.stream.ReferencePipeline.forEach(ReferencePipeline.java:418)
	at java.util.stream.ReferencePipeline$Head.forEach(ReferencePipeline.java:583)
	at org.apache.hadoop.hdds.scm.pipeline.RatisPipelineProvider.lambda$callRatisRpc$6(RatisPipelineProvider.java:226)
	at java.util.concurrent.ForkJoinTask$AdaptedRunnableAction.exec(ForkJoinTask.java:1386)
	at java.util.concurrent.ForkJoinTask.doExec(ForkJoinTask.java:289)
	at java.util.concurrent.ForkJoinPool$WorkQueue.runTask(ForkJoinPool.java:1056)
	at java.util.concurrent.ForkJoinPool.runWorker(ForkJoinPool.java:1692)
	at java.util.concurrent.ForkJoinWorkerThread.run(ForkJoinWorkerThread.java:157)
Caused by: org.apache.ratis.thirdparty.io.grpc.StatusRuntimeException: DEADLINE_EXCEEDED
	at org.apache.ratis.thirdparty.io.grpc.stub.ClientCalls.toStatusRuntimeException(ClientCalls.java:233)
	at org.apache.ratis.thirdparty.io.grpc.stub.ClientCalls.getUnchecked(ClientCalls.java:214)
	at org.apache.ratis.thirdparty.io.grpc.stub.ClientCalls.blockingUnaryCall(ClientCalls.java:139)
	at org.apache.ratis.proto.grpc.AdminProtocolServiceGrpc$AdminProtocolServiceBlockingStub.groupManagement(AdminProtocolServiceGrpc.java:274)
	at org.apache.ratis.grpc.client.GrpcClientProtocolClient.lambda$groupAdd$3(GrpcClientProtocolClient.java:149)
	at org.apache.ratis.grpc.client.GrpcClientProtocolClient.blockingCall(GrpcClientProtocolClient.java:176)
	... 25 more
2019-09-19 08:26:14,185 [grpc-default-executor-13] INFO  impl.RaftServerProxy (RaftServerProxy.java:addNew(89)) - 830f5926-e6f3-4fc6-b48b-87b1008588b0: addNew group-0B9F0340E072:[64a8661b-c2d9-4df7-8ca1-1b29ef624e85:192.168.36.85:38418, 830f5926-e6f3-4fc6-b48b-87b1008588b0:192.168.36.85:44294, e50c69ec-4263-4416-9cef-9cb60973670d:192.168.36.85:44827] returns group-0B9F0340E072:java.util.concurrent.CompletableFuture@6fe6e687[Not completed]
2019-09-19 08:26:14,185 [grpc-default-executor-12] INFO  impl.RaftServerProxy (RaftServerProxy.java:addNew(89)) - e50c69ec-4263-4416-9cef-9cb60973670d: addNew group-0B9F0340E072:[64a8661b-c2d9-4df7-8ca1-1b29ef624e85:192.168.36.85:38418, 830f5926-e6f3-4fc6-b48b-87b1008588b0:192.168.36.85:44294, e50c69ec-4263-4416-9cef-9cb60973670d:192.168.36.85:44827] returns group-0B9F0340E072:java.util.concurrent.CompletableFuture@368af85a[Not completed]
2019-09-19 08:26:14,185 [grpc-default-executor-14] INFO  impl.RaftServerProxy (RaftServerProxy.java:addNew(89)) - 64a8661b-c2d9-4df7-8ca1-1b29ef624e85: addNew group-0B9F0340E072:[64a8661b-c2d9-4df7-8ca1-1b29ef624e85:192.168.36.85:38418, 830f5926-e6f3-4fc6-b48b-87b1008588b0:192.168.36.85:44294, e50c69ec-4263-4416-9cef-9cb60973670d:192.168.36.85:44827] returns group-0B9F0340E072:java.util.concurrent.CompletableFuture@6cf3a07b[Not completed]
2019-09-19 08:26:15,699 [pool-289-thread-1] INFO  storage.RaftStorageDirectory (RaftStorageDirectory.java:tryLock(328)) - Lock on /workdir/hadoop-ozone/integration-test/target/test-dir/MiniOzoneClusterImpl-6146c60c-cb8d-4aa2-a902-cb133a81267e/datanode-2/data/ratis/d46be779-5659-4913-b7fa-fd67ffb2187a/in_use.lock acquired by nodename 17878@pr-hdds-2101-t8mbx-1252714220
2019-09-19 08:26:15,699 [pool-359-thread-1] INFO  storage.RaftStorageDirectory (RaftStorageDirectory.java:tryLock(328)) - Lock on /workdir/hadoop-ozone/integration-test/target/test-dir/MiniOzoneClusterImpl-6146c60c-cb8d-4aa2-a902-cb133a81267e/datanode-9/data/ratis/59d45b68-265d-41a1-8912-6fd53671956a/in_use.lock acquired by nodename 17878@pr-hdds-2101-t8mbx-1252714220
2019-09-19 08:26:15,699 [pool-339-thread-1] INFO  storage.RaftStorageDirectory (RaftStorageDirectory.java:tryLock(328)) - Lock on /workdir/hadoop-ozone/integration-test/target/test-dir/MiniOzoneClusterImpl-6146c60c-cb8d-4aa2-a902-cb133a81267e/datanode-7/data/ratis/59d45b68-265d-41a1-8912-6fd53671956a/in_use.lock acquired by nodename 17878@pr-hdds-2101-t8mbx-1252714220
2019-09-19 08:26:17,180 [RATISCREATEPIPELINE3] ERROR pipeline.RatisPipelineProvider (RatisPipelineProvider.java:lambda$null$5(236)) - Failed invoke Ratis rpc org.apache.hadoop.hdds.scm.pipeline.RatisPipelineProvider$$Lambda$188/1817690795@2fd83a6e for 64a8661b-c2d9-4df7-8ca1-1b29ef624e85
org.apache.ratis.protocol.TimeoutIOException: deadline exceeded after 2999537526ns
	at org.apache.ratis.grpc.GrpcUtil.tryUnwrapException(GrpcUtil.java:82)
	at org.apache.ratis.grpc.GrpcUtil.unwrapException(GrpcUtil.java:75)
	at org.apache.ratis.grpc.client.GrpcClientProtocolClient.blockingCall(GrpcClientProtocolClient.java:178)
	at org.apache.ratis.grpc.client.GrpcClientProtocolClient.groupAdd(GrpcClientProtocolClient.java:147)
	at org.apache.ratis.grpc.client.GrpcClientRpc.sendRequest(GrpcClientRpc.java:94)
	at org.apache.ratis.client.impl.RaftClientImpl.sendRequest(RaftClientImpl.java:278)
	at org.apache.ratis.client.impl.RaftClientImpl.groupAdd(RaftClientImpl.java:205)
	at org.apache.hadoop.hdds.scm.pipeline.RatisPipelineProvider.lambda$initializePipeline$4(RatisPipelineProvider.java:195)
	at org.apache.hadoop.hdds.scm.pipeline.RatisPipelineProvider.lambda$null$5(RatisPipelineProvider.java:232)
	at java.util.stream.ForEachOps$ForEachOp$OfRef.accept(ForEachOps.java:184)
	at java.util.ArrayList$ArrayListSpliterator.forEachRemaining(ArrayList.java:1382)
	at java.util.stream.AbstractPipeline.copyInto(AbstractPipeline.java:482)
	at java.util.stream.ForEachOps$ForEachTask.compute(ForEachOps.java:291)
	at java.util.concurrent.CountedCompleter.exec(CountedCompleter.java:731)
	at java.util.concurrent.ForkJoinTask.doExec(ForkJoinTask.java:289)
	at java.util.concurrent.ForkJoinPool$WorkQueue.runTask(ForkJoinPool.java:1056)
	at java.util.concurrent.ForkJoinPool.runWorker(ForkJoinPool.java:1692)
	at java.util.concurrent.ForkJoinWorkerThread.run(ForkJoinWorkerThread.java:157)
Caused by: org.apache.ratis.thirdparty.io.grpc.StatusRuntimeException: DEADLINE_EXCEEDED: deadline exceeded after 2999537526ns
	at org.apache.ratis.thirdparty.io.grpc.stub.ClientCalls.toStatusRuntimeException(ClientCalls.java:233)
	at org.apache.ratis.thirdparty.io.grpc.stub.ClientCalls.getUnchecked(ClientCalls.java:214)
	at org.apache.ratis.thirdparty.io.grpc.stub.ClientCalls.blockingUnaryCall(ClientCalls.java:139)
	at org.apache.ratis.proto.grpc.AdminProtocolServiceGrpc$AdminProtocolServiceBlockingStub.groupManagement(AdminProtocolServiceGrpc.java:274)
	at org.apache.ratis.grpc.client.GrpcClientProtocolClient.lambda$groupAdd$3(GrpcClientProtocolClient.java:149)
	at org.apache.ratis.grpc.client.GrpcClientProtocolClient.blockingCall(GrpcClientProtocolClient.java:176)
	... 15 more
2019-09-19 08:26:17,181 [RATISCREATEPIPELINE2] ERROR pipeline.RatisPipelineProvider (RatisPipelineProvider.java:lambda$null$5(236)) - Failed invoke Ratis rpc org.apache.hadoop.hdds.scm.pipeline.RatisPipelineProvider$$Lambda$188/1817690795@2fd83a6e for 830f5926-e6f3-4fc6-b48b-87b1008588b0
org.apache.ratis.protocol.TimeoutIOException: deadline exceeded after 2999520895ns
	at org.apache.ratis.grpc.GrpcUtil.tryUnwrapException(GrpcUtil.java:82)
	at org.apache.ratis.grpc.GrpcUtil.unwrapException(GrpcUtil.java:75)
	at org.apache.ratis.grpc.client.GrpcClientProtocolClient.blockingCall(GrpcClientProtocolClient.java:178)
	at org.apache.ratis.grpc.client.GrpcClientProtocolClient.groupAdd(GrpcClientProtocolClient.java:147)
	at org.apache.ratis.grpc.client.GrpcClientRpc.sendRequest(GrpcClientRpc.java:94)
	at org.apache.ratis.client.impl.RaftClientImpl.sendRequest(RaftClientImpl.java:278)
	at org.apache.ratis.client.impl.RaftClientImpl.groupAdd(RaftClientImpl.java:205)
	at org.apache.hadoop.hdds.scm.pipeline.RatisPipelineProvider.lambda$initializePipeline$4(RatisPipelineProvider.java:195)
	at org.apache.hadoop.hdds.scm.pipeline.RatisPipelineProvider.lambda$null$5(RatisPipelineProvider.java:232)
	at java.util.stream.ForEachOps$ForEachOp$OfRef.accept(ForEachOps.java:184)
	at java.util.ArrayList$ArrayListSpliterator.forEachRemaining(ArrayList.java:1382)
	at java.util.stream.AbstractPipeline.copyInto(AbstractPipeline.java:482)
	at java.util.stream.ForEachOps$ForEachTask.compute(ForEachOps.java:291)
	at java.util.concurrent.CountedCompleter.exec(CountedCompleter.java:731)
	at java.util.concurrent.ForkJoinTask.doExec(ForkJoinTask.java:289)
	at java.util.concurrent.ForkJoinPool$WorkQueue.runTask(ForkJoinPool.java:1056)
	at java.util.concurrent.ForkJoinPool.runWorker(ForkJoinPool.java:1692)
	at java.util.concurrent.ForkJoinWorkerThread.run(ForkJoinWorkerThread.java:157)
Caused by: org.apache.ratis.thirdparty.io.grpc.StatusRuntimeException: DEADLINE_EXCEEDED: deadline exceeded after 2999520895ns
	at org.apache.ratis.thirdparty.io.grpc.stub.ClientCalls.toStatusRuntimeException(ClientCalls.java:233)
	at org.apache.ratis.thirdparty.io.grpc.stub.ClientCalls.getUnchecked(ClientCalls.java:214)
	at org.apache.ratis.thirdparty.io.grpc.stub.ClientCalls.blockingUnaryCall(ClientCalls.java:139)
	at org.apache.ratis.proto.grpc.AdminProtocolServiceGrpc$AdminProtocolServiceBlockingStub.groupManagement(AdminProtocolServiceGrpc.java:274)
	at org.apache.ratis.grpc.client.GrpcClientProtocolClient.lambda$groupAdd$3(GrpcClientProtocolClient.java:149)
	at org.apache.ratis.grpc.client.GrpcClientProtocolClient.blockingCall(GrpcClientProtocolClient.java:176)
	... 15 more
2019-09-19 08:26:17,180 [RATISCREATEPIPELINE1] ERROR pipeline.RatisPipelineProvider (RatisPipelineProvider.java:lambda$null$5(236)) - Failed invoke Ratis rpc org.apache.hadoop.hdds.scm.pipeline.RatisPipelineProvider$$Lambda$188/1817690795@2fd83a6e for e50c69ec-4263-4416-9cef-9cb60973670d
org.apache.ratis.protocol.TimeoutIOException: deadline exceeded after 2999566514ns
	at org.apache.ratis.grpc.GrpcUtil.tryUnwrapException(GrpcUtil.java:82)
	at org.apache.ratis.grpc.GrpcUtil.unwrapException(GrpcUtil.java:75)
	at org.apache.ratis.grpc.client.GrpcClientProtocolClient.blockingCall(GrpcClientProtocolClient.java:178)
	at org.apache.ratis.grpc.client.GrpcClientProtocolClient.groupAdd(GrpcClientProtocolClient.java:147)
	at org.apache.ratis.grpc.client.GrpcClientRpc.sendRequest(GrpcClientRpc.java:94)
	at org.apache.ratis.client.impl.RaftClientImpl.sendRequest(RaftClientImpl.java:278)
	at org.apache.ratis.client.impl.RaftClientImpl.groupAdd(RaftClientImpl.java:205)
	at org.apache.hadoop.hdds.scm.pipeline.RatisPipelineProvider.lambda$initializePipeline$4(RatisPipelineProvider.java:195)
	at org.apache.hadoop.hdds.scm.pipeline.RatisPipelineProvider.lambda$null$5(RatisPipelineProvider.java:232)
	at java.util.stream.ForEachOps$ForEachOp$OfRef.accept(ForEachOps.java:184)
	at java.util.ArrayList$ArrayListSpliterator.forEachRemaining(ArrayList.java:1382)
	at java.util.stream.AbstractPipeline.copyInto(AbstractPipeline.java:482)
	at java.util.stream.ForEachOps$ForEachTask.compute(ForEachOps.java:291)
	at java.util.concurrent.CountedCompleter.exec(CountedCompleter.java:731)
	at java.util.concurrent.ForkJoinTask.doExec(ForkJoinTask.java:289)
	at java.util.concurrent.ForkJoinTask.doInvoke(ForkJoinTask.java:401)
	at java.util.concurrent.ForkJoinTask.invoke(ForkJoinTask.java:734)
	at java.util.stream.ForEachOps$ForEachOp.evaluateParallel(ForEachOps.java:160)
	at java.util.stream.ForEachOps$ForEachOp$OfRef.evaluateParallel(ForEachOps.java:174)
	at java.util.stream.AbstractPipeline.evaluate(AbstractPipeline.java:233)
	at java.util.stream.ReferencePipeline.forEach(ReferencePipeline.java:418)
	at java.util.stream.ReferencePipeline$Head.forEach(ReferencePipeline.java:583)
	at org.apache.hadoop.hdds.scm.pipeline.RatisPipelineProvider.lambda$callRatisRpc$6(RatisPipelineProvider.java:226)
	at java.util.concurrent.ForkJoinTask$AdaptedRunnableAction.exec(ForkJoinTask.java:1386)
	at java.util.concurrent.ForkJoinTask.doExec(ForkJoinTask.java:289)
	at java.util.concurrent.ForkJoinPool$WorkQueue.runTask(ForkJoinPool.java:1056)
	at java.util.concurrent.ForkJoinPool.runWorker(ForkJoinPool.java:1692)
	at java.util.concurrent.ForkJoinWorkerThread.run(ForkJoinWorkerThread.java:157)
Caused by: org.apache.ratis.thirdparty.io.grpc.StatusRuntimeException: DEADLINE_EXCEEDED: deadline exceeded after 2999566514ns
	at org.apache.ratis.thirdparty.io.grpc.stub.ClientCalls.toStatusRuntimeException(ClientCalls.java:233)
	at org.apache.ratis.thirdparty.io.grpc.stub.ClientCalls.getUnchecked(ClientCalls.java:214)
	at org.apache.ratis.thirdparty.io.grpc.stub.ClientCalls.blockingUnaryCall(ClientCalls.java:139)
	at org.apache.ratis.proto.grpc.AdminProtocolServiceGrpc$AdminProtocolServiceBlockingStub.groupManagement(AdminProtocolServiceGrpc.java:274)
	at org.apache.ratis.grpc.client.GrpcClientProtocolClient.lambda$groupAdd$3(GrpcClientProtocolClient.java:149)
	at org.apache.ratis.grpc.client.GrpcClientProtocolClient.blockingCall(GrpcClientProtocolClient.java:176)
	... 25 more
2019-09-19 08:26:17,186 [IPC Server handler 4 on 32955] WARN  block.BlockManagerImpl (BlockManagerImpl.java:allocateBlock(192)) - Pipeline creation failed for type:RATIS factor:THREE. Retrying get pipelines call once.
org.apache.hadoop.io.MultipleIOException: 3 exceptions [java.io.IOException: Failed invoke Ratis rpc org.apache.hadoop.hdds.scm.pipeline.RatisPipelineProvider$$Lambda$188/1817690795@2fd83a6e for 64a8661b-c2d9-4df7-8ca1-1b29ef624e85, java.io.IOException: Failed invoke Ratis rpc org.apache.hadoop.hdds.scm.pipeline.RatisPipelineProvider$$Lambda$188/1817690795@2fd83a6e for 830f5926-e6f3-4fc6-b48b-87b1008588b0, java.io.IOException: Failed invoke Ratis rpc org.apache.hadoop.hdds.scm.pipeline.RatisPipelineProvider$$Lambda$188/1817690795@2fd83a6e for e50c69ec-4263-4416-9cef-9cb60973670d]
	at org.apache.hadoop.io.MultipleIOException.createIOException(MultipleIOException.java:53)
	at org.apache.hadoop.hdds.scm.pipeline.RatisPipelineProvider.callRatisRpc(RatisPipelineProvider.java:252)
	at org.apache.hadoop.hdds.scm.pipeline.RatisPipelineProvider.initializePipeline(RatisPipelineProvider.java:193)
	at org.apache.hadoop.hdds.scm.pipeline.RatisPipelineProvider.create(RatisPipelineProvider.java:162)
	at org.apache.hadoop.hdds.scm.pipeline.PipelineFactory.create(PipelineFactory.java:57)
	at org.apache.hadoop.hdds.scm.pipeline.SCMPipelineManager.createPipeline(SCMPipelineManager.java:151)
	at org.apache.hadoop.hdds.scm.block.BlockManagerImpl.allocateBlock(BlockManagerImpl.java:190)
	at org.apache.hadoop.hdds.scm.server.SCMBlockProtocolServer.allocateBlock(SCMBlockProtocolServer.java:182)
	at org.apache.hadoop.ozone.protocolPB.ScmBlockLocationProtocolServerSideTranslatorPB.allocateScmBlock(ScmBlockLocationProtocolServerSideTranslatorPB.java:183)
	at org.apache.hadoop.ozone.protocolPB.ScmBlockLocationProtocolServerSideTranslatorPB.processMessage(ScmBlockLocationProtocolServerSideTranslatorPB.java:141)
	at org.apache.hadoop.ozone.protocolPB.ScmBlockLocationProtocolServerSideTranslatorPB.send(ScmBlockLocationProtocolServerSideTranslatorPB.java:116)
	at org.apache.hadoop.hdds.protocol.proto.ScmBlockLocationProtocolProtos$ScmBlockLocationProtocolService$2.callBlockingMethod(ScmBlockLocationProtocolProtos.java:13157)
	at org.apache.hadoop.ipc.ProtobufRpcEngine$Server$ProtoBufRpcInvoker.call(ProtobufRpcEngine.java:524)
	at org.apache.hadoop.ipc.RPC$Server.call(RPC.java:1025)
	at org.apache.hadoop.ipc.Server$RpcCall.run(Server.java:876)
	at org.apache.hadoop.ipc.Server$RpcCall.run(Server.java:822)
	at java.security.AccessController.doPrivileged(Native Method)
	at javax.security.auth.Subject.doAs(Subject.java:422)
	at org.apache.hadoop.security.UserGroupInformation.doAs(UserGroupInformation.java:1730)
	at org.apache.hadoop.ipc.Server$Handler.run(Server.java:2682)
2019-09-19 08:26:17,186 [IPC Server handler 4 on 32955] INFO  block.BlockManagerImpl (BlockManagerImpl.java:allocateBlock(198)) - Could not find available pipeline of type:RATIS and factor:THREE even after retrying
2019-09-19 08:26:17,187 [IPC Server handler 4 on 32955] ERROR block.BlockManagerImpl (BlockManagerImpl.java:allocateBlock(222)) - Unable to allocate a block for the size: 4194304, type: RATIS, factor: THREE
2019-09-19 08:26:17,192 [main] INFO  ozone.MiniOzoneClusterImpl (MiniOzoneClusterImpl.java:shutdown(312)) - Shutting down the Mini Ozone Cluster
2019-09-19 08:26:17,192 [main] INFO  ozone.MiniOzoneClusterImpl (MiniOzoneClusterImpl.java:stop(327)) - Stopping the Mini Ozone Cluster
2019-09-19 08:26:17,192 [main] INFO  ozone.MiniOzoneClusterImpl (MiniOzoneClusterImpl.java:stop(329)) - Stopping the OzoneManager
2019-09-19 08:26:17,193 [main] INFO  ipc.Server (Server.java:stop(3082)) - Stopping server on 34393
2019-09-19 08:26:17,203 [IPC Server listener on 34393] INFO  ipc.Server (Server.java:run(1185)) - Stopping IPC Server listener on 34393
2019-09-19 08:26:17,203 [main] INFO  ratis.OzoneManagerDoubleBuffer (OzoneManagerDoubleBuffer.java:stop(248)) - Stopping OMDoubleBuffer flush thread
2019-09-19 08:26:17,208 [IPC Server Responder] INFO  ipc.Server (Server.java:run(1319)) - Stopping IPC Server Responder
2019-09-19 08:26:17,217 [OMDoubleBufferFlushThread] INFO  ratis.OzoneManagerDoubleBuffer (OzoneManagerDoubleBuffer.java:flushTransactions(191)) - OMDoubleBuffer flush thread OMDoubleBufferFlushThread is interrupted and will exit. OMDoubleBufferFlushThread
2019-09-19 08:26:17,238 [main] INFO  utils.BackgroundService (BackgroundService.java:shutdown(148)) - Shutting down service KeyDeletingService
2019-09-19 08:26:17,241 [main] INFO  handler.ContextHandler (ContextHandler.java:doStop(910)) - Stopped o.e.j.w.WebAppContext@5d878b25{/,null,UNAVAILABLE}{/ozoneManager}
2019-09-19 08:26:17,241 [main] INFO  server.AbstractConnector (AbstractConnector.java:doStop(318)) - Stopped ServerConnector@28279a49{HTTP/1.1,[http/1.1]}{0.0.0.0:0}
2019-09-19 08:26:17,242 [main] INFO  handler.ContextHandler (ContextHandler.java:doStop(910)) - Stopped o.e.j.s.ServletContextHandler@15a3b42{/static,file:///workdir/hadoop-ozone/integration-test/target/test-classes/webapps/static,UNAVAILABLE}
2019-09-19 08:26:17,242 [main] INFO  handler.ContextHandler (ContextHandler.java:doStop(910)) - Stopped o.e.j.s.ServletContextHandler@33feda48{/logs,file:///workdir/hadoop-ozone/integration-test/target/log,UNAVAILABLE}
2019-09-19 08:26:17,245 [main] INFO  ozone.MiniOzoneClusterImpl (MiniOzoneClusterImpl.java:stop(335)) - Shutting the HddsDatanodes
2019-09-19 08:26:17,918 [64a8661b-c2d9-4df7-8ca1-1b29ef624e85@group-BFB99BB8F68D:LeaderElection113] INFO  impl.LeaderElection (LeaderElection.java:askForVotes(182)) - 64a8661b-c2d9-4df7-8ca1-1b29ef624e85@group-BFB99BB8F68D:LeaderElection113: begin an election at term 1 for -1: [64a8661b-c2d9-4df7-8ca1-1b29ef624e85:192.168.36.85:38418], old=null
2019-09-19 08:26:17,918 [64a8661b-c2d9-4df7-8ca1-1b29ef624e85@group-BFB99BB8F68D:LeaderElection113] INFO  impl.RoleInfo (RoleInfo.java:shutdownLeaderElection(134)) - 64a8661b-c2d9-4df7-8ca1-1b29ef624e85: shutdown LeaderElection
2019-09-19 08:26:17,918 [64a8661b-c2d9-4df7-8ca1-1b29ef624e85@group-BFB99BB8F68D:LeaderElection113] INFO  impl.RaftServerImpl (RaftServerImpl.java:setRole(174)) - 64a8661b-c2d9-4df7-8ca1-1b29ef624e85@group-BFB99BB8F68D: changes role from CANDIDATE to LEADER at term 1 for changeToLeader
2019-09-19 08:26:17,919 [64a8661b-c2d9-4df7-8ca1-1b29ef624e85@group-BFB99BB8F68D:LeaderElection113] INFO  impl.RaftServerImpl (ServerState.java:setLeader(253)) - 64a8661b-c2d9-4df7-8ca1-1b29ef624e85@group-BFB99BB8F68D: change Leader from null to 64a8661b-c2d9-4df7-8ca1-1b29ef624e85 at term 1 for becomeLeader, leader elected after 10324ms
2019-09-19 08:26:17,919 [64a8661b-c2d9-4df7-8ca1-1b29ef624e85@group-BFB99BB8F68D:LeaderElection113] INFO  server.RaftServerConfigKeys (ConfUtils.java:logGet(43)) - raft.server.staging.catchup.gap = 1000 (default)
2019-09-19 08:26:17,919 [64a8661b-c2d9-4df7-8ca1-1b29ef624e85@group-BFB99BB8F68D:LeaderElection113] INFO  server.RaftServerConfigKeys (ConfUtils.java:logGet(43)) - raft.server.rpc.sleep.time = 25ms (default)
2019-09-19 08:26:17,919 [64a8661b-c2d9-4df7-8ca1-1b29ef624e85@group-BFB99BB8F68D:LeaderElection113] INFO  server.RaftServerConfigKeys (ConfUtils.java:logGet(43)) - raft.server.write.element-limit = 4096 (default)
2019-09-19 08:26:17,919 [64a8661b-c2d9-4df7-8ca1-1b29ef624e85@group-BFB99BB8F68D:LeaderElection113] INFO  server.RaftServerConfigKeys (ConfUtils.java:logGet(43)) - raft.server.watch.timeout = 10s (default)
2019-09-19 08:26:17,919 [64a8661b-c2d9-4df7-8ca1-1b29ef624e85@group-BFB99BB8F68D:LeaderElection113] INFO  server.RaftServerConfigKeys (ConfUtils.java:logGet(43)) - raft.server.watch.timeout.denomination = 1s (default)
2019-09-19 08:26:17,919 [64a8661b-c2d9-4df7-8ca1-1b29ef624e85@group-BFB99BB8F68D:LeaderElection113] INFO  server.RaftServerConfigKeys (ConfUtils.java:logGet(43)) - raft.server.watch.element-limit = 65536 (default)
2019-09-19 08:26:17,922 [64a8661b-c2d9-4df7-8ca1-1b29ef624e85@group-BFB99BB8F68D:LeaderElection113] INFO  impl.RoleInfo (RoleInfo.java:updateAndGet(143)) - 64a8661b-c2d9-4df7-8ca1-1b29ef624e85: start LeaderState
2019-09-19 08:26:17,922 [64a8661b-c2d9-4df7-8ca1-1b29ef624e85@group-BFB99BB8F68D:LeaderElection113] INFO  segmented.SegmentedRaftLogWorker (SegmentedRaftLogWorker.java:startLogSegment(380)) - 64a8661b-c2d9-4df7-8ca1-1b29ef624e85@group-BFB99BB8F68D-SegmentedRaftLogWorker: Starting segment from index:0
2019-09-19 08:26:17,923 [64a8661b-c2d9-4df7-8ca1-1b29ef624e85@group-BFB99BB8F68D:LeaderElection113] INFO  impl.RaftServerImpl (ServerState.java:setRaftConf(354)) - 64a8661b-c2d9-4df7-8ca1-1b29ef624e85@group-BFB99BB8F68D: set configuration 0: [64a8661b-c2d9-4df7-8ca1-1b29ef624e85:192.168.36.85:38418], old=null at 0
2019-09-19 08:26:17,934 [pool-289-thread-1] INFO  storage.RaftStorage (RaftStorage.java:format(72)) - Storage directory /workdir/hadoop-ozone/integration-test/target/test-dir/MiniOzoneClusterImpl-6146c60c-cb8d-4aa2-a902-cb133a81267e/datanode-2/data/ratis/d46be779-5659-4913-b7fa-fd67ffb2187a has been successfully formatted.
2019-09-19 08:26:17,934 [pool-339-thread-1] INFO  storage.RaftStorage (RaftStorage.java:format(72)) - Storage directory /workdir/hadoop-ozone/integration-test/target/test-dir/MiniOzoneClusterImpl-6146c60c-cb8d-4aa2-a902-cb133a81267e/datanode-7/data/ratis/59d45b68-265d-41a1-8912-6fd53671956a has been successfully formatted.
2019-09-19 08:26:17,934 [pool-289-thread-1] INFO  ratis.ContainerStateMachine (ContainerStateMachine.java:loadSnapshot(230)) - group-FD67FFB2187A: The snapshot info is null. Setting the last applied indexto:(t:0, i:~)
2019-09-19 08:26:17,934 [pool-359-thread-1] INFO  storage.RaftStorage (RaftStorage.java:format(72)) - Storage directory /workdir/hadoop-ozone/integration-test/target/test-dir/MiniOzoneClusterImpl-6146c60c-cb8d-4aa2-a902-cb133a81267e/datanode-9/data/ratis/59d45b68-265d-41a1-8912-6fd53671956a has been successfully formatted.
2019-09-19 08:26:17,934 [pool-339-thread-1] INFO  ratis.ContainerStateMachine (ContainerStateMachine.java:loadSnapshot(230)) - group-6FD53671956A: The snapshot info is null. Setting the last applied indexto:(t:0, i:~)
2019-09-19 08:26:17,935 [pool-359-thread-1] INFO  ratis.ContainerStateMachine (ContainerStateMachine.java:loadSnapshot(230)) - group-6FD53671956A: The snapshot info is null. Setting the last applied indexto:(t:0, i:~)
2019-09-19 08:26:17,934 [pool-289-thread-1] INFO  server.RaftServerConfigKeys (ConfUtils.java:logGet(43)) - raft.server.notification.no-leader.timeout = 120s (custom)
2019-09-19 08:26:17,935 [pool-359-thread-1] INFO  server.RaftServerConfigKeys (ConfUtils.java:logGet(43)) - raft.server.notification.no-leader.timeout = 120s (custom)
2019-09-19 08:26:17,935 [pool-339-thread-1] INFO  server.RaftServerConfigKeys (ConfUtils.java:logGet(43)) - raft.server.notification.no-leader.timeout = 120s (custom)
2019-09-19 08:26:17,935 [pool-359-thread-1] INFO  server.RaftServerConfigKeys (ConfUtils.java:logGet(43)) - raft.server.log.use.memory = false (default)
2019-09-19 08:26:17,935 [pool-289-thread-1] INFO  server.RaftServerConfigKeys (ConfUtils.java:logGet(43)) - raft.server.log.use.memory = false (default)
2019-09-19 08:26:17,935 [pool-359-thread-1] INFO  server.RaftServerConfigKeys (ConfUtils.java:logGet(43)) - raft.server.log.purge.gap = 1000000 (custom)
2019-09-19 08:26:17,935 [pool-339-thread-1] INFO  server.RaftServerConfigKeys (ConfUtils.java:logGet(43)) - raft.server.log.use.memory = false (default)
2019-09-19 08:26:17,936 [pool-359-thread-1] INFO  server.RaftServerConfigKeys (ConfUtils.java:logGet(43)) - raft.server.log.appender.buffer.byte-limit = 33554432 (custom)
2019-09-19 08:26:17,935 [pool-289-thread-1] INFO  server.RaftServerConfigKeys (ConfUtils.java:logGet(43)) - raft.server.log.purge.gap = 1000000 (custom)
2019-09-19 08:26:17,936 [pool-359-thread-1] INFO  server.RaftServerConfigKeys (ConfUtils.java:logGet(43)) - raft.server.log.segment.size.max = 1048576 (custom)
2019-09-19 08:26:17,936 [pool-339-thread-1] INFO  server.RaftServerConfigKeys (ConfUtils.java:logGet(43)) - raft.server.log.purge.gap = 1000000 (custom)
2019-09-19 08:26:17,936 [pool-359-thread-1] INFO  server.RaftServerConfigKeys (ConfUtils.java:logGet(43)) - raft.server.log.segment.cache.num.max = 2 (custom)
2019-09-19 08:26:17,936 [pool-289-thread-1] INFO  server.RaftServerConfigKeys (ConfUtils.java:logGet(43)) - raft.server.log.appender.buffer.byte-limit = 33554432 (custom)
2019-09-19 08:26:17,937 [pool-359-thread-1] INFO  segmented.SegmentedRaftLogWorker (SegmentedRaftLogWorker.java:<init>(172)) - new e50c69ec-4263-4416-9cef-9cb60973670d@group-6FD53671956A-SegmentedRaftLogWorker for RaftStorage:Storage Directory /workdir/hadoop-ozone/integration-test/target/test-dir/MiniOzoneClusterImpl-6146c60c-cb8d-4aa2-a902-cb133a81267e/datanode-9/data/ratis/59d45b68-265d-41a1-8912-6fd53671956a
2019-09-19 08:26:17,936 [pool-339-thread-1] INFO  server.RaftServerConfigKeys (ConfUtils.java:logGet(43)) - raft.server.log.appender.buffer.byte-limit = 33554432 (custom)
2019-09-19 08:26:17,937 [pool-359-thread-1] INFO  server.RaftServerConfigKeys (ConfUtils.java:logGet(43)) - raft.server.log.queue.byte-limit = 2147483647 (custom)
2019-09-19 08:26:17,937 [pool-289-thread-1] INFO  server.RaftServerConfigKeys (ConfUtils.java:logGet(43)) - raft.server.log.segment.size.max = 1048576 (custom)
2019-09-19 08:26:17,937 [pool-359-thread-1] INFO  server.RaftServerConfigKeys (ConfUtils.java:logGet(43)) - raft.server.log.queue.element-limit = 1024 (custom)
2019-09-19 08:26:17,937 [pool-339-thread-1] INFO  server.RaftServerConfigKeys (ConfUtils.java:logGet(43)) - raft.server.log.segment.size.max = 1048576 (custom)
2019-09-19 08:26:17,937 [pool-359-thread-1] INFO  server.RaftServerConfigKeys (ConfUtils.java:logGet(43)) - raft.server.log.segment.size.max = 1048576 (custom)
2019-09-19 08:26:17,937 [pool-289-thread-1] INFO  server.RaftServerConfigKeys (ConfUtils.java:logGet(43)) - raft.server.log.segment.cache.num.max = 2 (custom)
2019-09-19 08:26:17,938 [pool-359-thread-1] INFO  server.RaftServerConfigKeys (ConfUtils.java:logGet(43)) - raft.server.log.preallocated.size = 16384 (custom)
2019-09-19 08:26:17,937 [pool-339-thread-1] INFO  server.RaftServerConfigKeys (ConfUtils.java:logGet(43)) - raft.server.log.segment.cache.num.max = 2 (custom)
2019-09-19 08:26:17,938 [pool-359-thread-1] INFO  server.RaftServerConfigKeys (ConfUtils.java:logGet(43)) - raft.server.log.write.buffer.size = 33554432 (custom)
2019-09-19 08:26:17,938 [pool-289-thread-1] INFO  segmented.SegmentedRaftLogWorker (SegmentedRaftLogWorker.java:<init>(172)) - new 64a8661b-c2d9-4df7-8ca1-1b29ef624e85@group-FD67FFB2187A-SegmentedRaftLogWorker for RaftStorage:Storage Directory /workdir/hadoop-ozone/integration-test/target/test-dir/MiniOzoneClusterImpl-6146c60c-cb8d-4aa2-a902-cb133a81267e/datanode-2/data/ratis/d46be779-5659-4913-b7fa-fd67ffb2187a
2019-09-19 08:26:17,938 [pool-359-thread-1] INFO  server.RaftServerConfigKeys (ConfUtils.java:logGet(43)) - raft.server.log.force.sync.num = 128 (default)
2019-09-19 08:26:17,938 [pool-339-thread-1] INFO  segmented.SegmentedRaftLogWorker (SegmentedRaftLogWorker.java:<init>(172)) - new 830f5926-e6f3-4fc6-b48b-87b1008588b0@group-6FD53671956A-SegmentedRaftLogWorker for RaftStorage:Storage Directory /workdir/hadoop-ozone/integration-test/target/test-dir/MiniOzoneClusterImpl-6146c60c-cb8d-4aa2-a902-cb133a81267e/datanode-7/data/ratis/59d45b68-265d-41a1-8912-6fd53671956a
2019-09-19 08:26:17,938 [pool-359-thread-1] INFO  server.RaftServerConfigKeys (ConfUtils.java:logGet(43)) - raft.server.log.statemachine.data.sync = true (default)
2019-09-19 08:26:17,938 [pool-289-thread-1] INFO  server.RaftServerConfigKeys (ConfUtils.java:logGet(43)) - raft.server.log.queue.byte-limit = 2147483647 (custom)
2019-09-19 08:26:17,939 [pool-359-thread-1] INFO  server.RaftServerConfigKeys (ConfUtils.java:logGet(43)) - raft.server.log.statemachine.data.sync.timeout = 10s (default)
2019-09-19 08:26:17,939 [pool-339-thread-1] INFO  server.RaftServerConfigKeys (ConfUtils.java:logGet(43)) - raft.server.log.queue.byte-limit = 2147483647 (custom)
2019-09-19 08:26:17,939 [pool-359-thread-1] INFO  server.RaftServerConfigKeys (ConfUtils.java:logGet(43)) - raft.server.log.statemachine.data.sync.timeout.retry = -1 (default)
2019-09-19 08:26:17,939 [pool-289-thread-1] INFO  server.RaftServerConfigKeys (ConfUtils.java:logGet(43)) - raft.server.log.queue.element-limit = 1024 (custom)
2019-09-19 08:26:17,939 [pool-359-thread-1] INFO  server.RaftServerConfigKeys (ConfUtils.java:logGet(43)) - raft.server.log.statemachine.data.caching.enabled = true (custom)
2019-09-19 08:26:17,939 [pool-339-thread-1] INFO  server.RaftServerConfigKeys (ConfUtils.java:logGet(43)) - raft.server.log.queue.element-limit = 1024 (custom)
2019-09-19 08:26:17,939 [pool-289-thread-1] INFO  server.RaftServerConfigKeys (ConfUtils.java:logGet(43)) - raft.server.log.segment.size.max = 1048576 (custom)
2019-09-19 08:26:17,940 [pool-359-thread-1] INFO  segmented.SegmentedRaftLogWorker (SegmentedRaftLogWorker.java:lambda$new$0(132)) - e50c69ec-4263-4416-9cef-9cb60973670d@group-6FD53671956A-SegmentedRaftLogWorker: flushIndex: setUnconditionally 0 -> -1
2019-09-19 08:26:17,939 [pool-339-thread-1] INFO  server.RaftServerConfigKeys (ConfUtils.java:logGet(43)) - raft.server.log.segment.size.max = 1048576 (custom)
2019-09-19 08:26:17,940 [pool-289-thread-1] INFO  server.RaftServerConfigKeys (ConfUtils.java:logGet(43)) - raft.server.log.preallocated.size = 16384 (custom)
2019-09-19 08:26:17,940 [pool-359-thread-1] INFO  server.RaftServerConfigKeys (ConfUtils.java:logGet(43)) - raft.server.snapshot.auto.trigger.enabled = true (custom)
2019-09-19 08:26:17,940 [pool-339-thread-1] INFO  server.RaftServerConfigKeys (ConfUtils.java:logGet(43)) - raft.server.log.preallocated.size = 16384 (custom)
2019-09-19 08:26:17,940 [pool-359-thread-1] INFO  server.RaftServerConfigKeys (ConfUtils.java:logGet(43)) - raft.server.snapshot.auto.trigger.threshold = 10000 (custom)
2019-09-19 08:26:17,940 [pool-289-thread-1] INFO  server.RaftServerConfigKeys (ConfUtils.java:logGet(43)) - raft.server.log.write.buffer.size = 33554432 (custom)
2019-09-19 08:26:17,940 [pool-359-thread-1] INFO  server.RaftServerConfigKeys (ConfUtils.java:logGet(43)) - raft.server.snapshot.retention.num.files = 5 (custom)
2019-09-19 08:26:17,940 [pool-339-thread-1] INFO  server.RaftServerConfigKeys (ConfUtils.java:logGet(43)) - raft.server.log.write.buffer.size = 33554432 (custom)
2019-09-19 08:26:17,941 [pool-359-thread-1] INFO  server.RaftServerConfigKeys (ConfUtils.java:logGet(43)) - raft.server.retrycache.expirytime = 600000ms (custom)
2019-09-19 08:26:17,941 [pool-289-thread-1] INFO  server.RaftServerConfigKeys (ConfUtils.java:logGet(43)) - raft.server.log.force.sync.num = 128 (default)
2019-09-19 08:26:17,941 [pool-339-thread-1] INFO  server.RaftServerConfigKeys (ConfUtils.java:logGet(43)) - raft.server.log.force.sync.num = 128 (default)
2019-09-19 08:26:17,941 [pool-289-thread-1] INFO  server.RaftServerConfigKeys (ConfUtils.java:logGet(43)) - raft.server.log.statemachine.data.sync = true (default)
2019-09-19 08:26:17,941 [pool-339-thread-1] INFO  server.RaftServerConfigKeys (ConfUtils.java:logGet(43)) - raft.server.log.statemachine.data.sync = true (default)
2019-09-19 08:26:17,941 [pool-289-thread-1] INFO  server.RaftServerConfigKeys (ConfUtils.java:logGet(43)) - raft.server.log.statemachine.data.sync.timeout = 10s (default)
2019-09-19 08:26:17,942 [pool-289-thread-1] INFO  server.RaftServerConfigKeys (ConfUtils.java:logGet(43)) - raft.server.log.statemachine.data.sync.timeout.retry = -1 (default)
2019-09-19 08:26:17,941 [pool-339-thread-1] INFO  server.RaftServerConfigKeys (ConfUtils.java:logGet(43)) - raft.server.log.statemachine.data.sync.timeout = 10s (default)
2019-09-19 08:26:17,942 [pool-289-thread-1] INFO  server.RaftServerConfigKeys (ConfUtils.java:logGet(43)) - raft.server.log.statemachine.data.caching.enabled = true (custom)
2019-09-19 08:26:17,942 [pool-339-thread-1] INFO  server.RaftServerConfigKeys (ConfUtils.java:logGet(43)) - raft.server.log.statemachine.data.sync.timeout.retry = -1 (default)
2019-09-19 08:26:17,942 [pool-289-thread-1] INFO  segmented.SegmentedRaftLogWorker (SegmentedRaftLogWorker.java:lambda$new$0(132)) - 64a8661b-c2d9-4df7-8ca1-1b29ef624e85@group-FD67FFB2187A-SegmentedRaftLogWorker: flushIndex: setUnconditionally 0 -> -1
2019-09-19 08:26:17,942 [pool-339-thread-1] INFO  server.RaftServerConfigKeys (ConfUtils.java:logGet(43)) - raft.server.log.statemachine.data.caching.enabled = true (custom)
2019-09-19 08:26:17,943 [pool-289-thread-1] INFO  server.RaftServerConfigKeys (ConfUtils.java:logGet(43)) - raft.server.snapshot.auto.trigger.enabled = true (custom)
2019-09-19 08:26:17,943 [pool-289-thread-1] INFO  server.RaftServerConfigKeys (ConfUtils.java:logGet(43)) - raft.server.snapshot.auto.trigger.threshold = 10000 (custom)
2019-09-19 08:26:17,943 [pool-339-thread-1] INFO  segmented.SegmentedRaftLogWorker (SegmentedRaftLogWorker.java:lambda$new$0(132)) - 830f5926-e6f3-4fc6-b48b-87b1008588b0@group-6FD53671956A-SegmentedRaftLogWorker: flushIndex: setUnconditionally 0 -> -1
2019-09-19 08:26:17,943 [pool-289-thread-1] INFO  server.RaftServerConfigKeys (ConfUtils.java:logGet(43)) - raft.server.snapshot.retention.num.files = 5 (custom)
2019-09-19 08:26:17,943 [pool-359-thread-1] INFO  impl.RaftServerImpl (RaftServerImpl.java:start(185)) - e50c69ec-4263-4416-9cef-9cb60973670d@group-7A121B0D245D: start as a follower, conf=-1: [64a8661b-c2d9-4df7-8ca1-1b29ef624e85:192.168.36.85:38418, 830f5926-e6f3-4fc6-b48b-87b1008588b0:192.168.36.85:44294, e50c69ec-4263-4416-9cef-9cb60973670d:192.168.36.85:44827], old=null
2019-09-19 08:26:17,943 [pool-289-thread-1] INFO  server.RaftServerConfigKeys (ConfUtils.java:logGet(43)) - raft.server.retrycache.expirytime = 600000ms (custom)
2019-09-19 08:26:17,943 [pool-339-thread-1] INFO  server.RaftServerConfigKeys (ConfUtils.java:logGet(43)) - raft.server.snapshot.auto.trigger.enabled = true (custom)
2019-09-19 08:26:17,943 [pool-359-thread-1] INFO  impl.RaftServerImpl (RaftServerImpl.java:setRole(174)) - e50c69ec-4263-4416-9cef-9cb60973670d@group-7A121B0D245D: changes role from      null to FOLLOWER at term 0 for startAsFollower
2019-09-19 08:26:17,944 [pool-339-thread-1] INFO  server.RaftServerConfigKeys (ConfUtils.java:logGet(43)) - raft.server.snapshot.auto.trigger.threshold = 10000 (custom)
2019-09-19 08:26:17,944 [pool-359-thread-1] INFO  impl.RoleInfo (RoleInfo.java:updateAndGet(143)) - e50c69ec-4263-4416-9cef-9cb60973670d: start FollowerState
2019-09-19 08:26:17,944 [pool-339-thread-1] INFO  server.RaftServerConfigKeys (ConfUtils.java:logGet(43)) - raft.server.snapshot.retention.num.files = 5 (custom)
2019-09-19 08:26:17,944 [pool-339-thread-1] INFO  server.RaftServerConfigKeys (ConfUtils.java:logGet(43)) - raft.server.retrycache.expirytime = 600000ms (custom)
2019-09-19 08:26:17,944 [pool-359-thread-1] INFO  util.JmxRegister (JmxRegister.java:tryRegister(44)) - Successfully registered JMX Bean with object name Ratis:service=RaftServer,group=group-7A121B0D245D,id=e50c69ec-4263-4416-9cef-9cb60973670d
2019-09-19 08:26:17,946 [pool-359-thread-1] INFO  impl.RaftServerImpl (RaftServerImpl.java:<init>(95)) - e50c69ec-4263-4416-9cef-9cb60973670d: new RaftServerImpl for group-0B9F0340E072:[64a8661b-c2d9-4df7-8ca1-1b29ef624e85:192.168.36.85:38418, 830f5926-e6f3-4fc6-b48b-87b1008588b0:192.168.36.85:44294, e50c69ec-4263-4416-9cef-9cb60973670d:192.168.36.85:44827] with ContainerStateMachine:uninitialized
2019-09-19 08:26:17,946 [pool-359-thread-1] INFO  server.RaftServerConfigKeys (ConfUtils.java:logGet(43)) - raft.server.rpc.timeout.min = 1s (custom)
2019-09-19 08:26:17,946 [pool-359-thread-1] INFO  server.RaftServerConfigKeys (ConfUtils.java:logGet(43)) - raft.server.rpc.timeout.max = 1200ms (custom)
2019-09-19 08:26:17,947 [pool-359-thread-1] INFO  server.RaftServerConfigKeys (ConfUtils.java:logGet(43)) - raft.server.rpcslowness.timeout = 120s (custom)
2019-09-19 08:26:17,947 [pool-359-thread-1] INFO  server.RaftServerConfigKeys (ConfUtils.java:logGet(43)) - raft.server.sleep.deviation.threshold = 300 (default)
2019-09-19 08:26:17,947 [pool-359-thread-1] INFO  server.RaftServerConfigKeys (ConfUtils.java:logGet(43)) - raft.server.log.appender.install.snapshot.enabled = false (custom)
2019-09-19 08:26:17,947 [pool-359-thread-1] INFO  impl.RaftServerImpl (ServerState.java:<init>(103)) - e50c69ec-4263-4416-9cef-9cb60973670d@group-0B9F0340E072: ConfigurationManager, init=-1: [64a8661b-c2d9-4df7-8ca1-1b29ef624e85:192.168.36.85:38418, 830f5926-e6f3-4fc6-b48b-87b1008588b0:192.168.36.85:44294, e50c69ec-4263-4416-9cef-9cb60973670d:192.168.36.85:44827], old=null, confs=<EMPTY_MAP>
2019-09-19 08:26:17,947 [pool-339-thread-1] INFO  impl.RaftServerImpl (RaftServerImpl.java:start(185)) - 830f5926-e6f3-4fc6-b48b-87b1008588b0@group-7A121B0D245D: start as a follower, conf=-1: [64a8661b-c2d9-4df7-8ca1-1b29ef624e85:192.168.36.85:38418, 830f5926-e6f3-4fc6-b48b-87b1008588b0:192.168.36.85:44294, e50c69ec-4263-4416-9cef-9cb60973670d:192.168.36.85:44827], old=null
2019-09-19 08:26:17,947 [pool-359-thread-1] INFO  server.RaftServerConfigKeys (ConfUtils.java:logGet(43)) - raft.server.storage.dir = [/workdir/hadoop-ozone/integration-test/target/test-dir/MiniOzoneClusterImpl-6146c60c-cb8d-4aa2-a902-cb133a81267e/datanode-9/data/ratis] (custom)
2019-09-19 08:26:17,947 [pool-339-thread-1] INFO  impl.RaftServerImpl (RaftServerImpl.java:setRole(174)) - 830f5926-e6f3-4fc6-b48b-87b1008588b0@group-7A121B0D245D: changes role from      null to FOLLOWER at term 0 for startAsFollower
2019-09-19 08:26:17,947 [pool-289-thread-1] INFO  impl.RaftServerImpl (RaftServerImpl.java:<init>(95)) - 64a8661b-c2d9-4df7-8ca1-1b29ef624e85: new RaftServerImpl for group-6FD53671956A:[64a8661b-c2d9-4df7-8ca1-1b29ef624e85:192.168.36.85:38418, 830f5926-e6f3-4fc6-b48b-87b1008588b0:192.168.36.85:44294, e50c69ec-4263-4416-9cef-9cb60973670d:192.168.36.85:44827] with ContainerStateMachine:uninitialized
2019-09-19 08:26:17,948 [pool-339-thread-1] INFO  impl.RoleInfo (RoleInfo.java:updateAndGet(143)) - 830f5926-e6f3-4fc6-b48b-87b1008588b0: start FollowerState
2019-09-19 08:26:17,948 [pool-289-thread-1] INFO  server.RaftServerConfigKeys (ConfUtils.java:logGet(43)) - raft.server.rpc.timeout.min = 1s (custom)
2019-09-19 08:26:17,948 [pool-359-thread-1] INFO  storage.RaftStorageDirectory (RaftStorageDirectory.java:analyzeStorage(246)) - The storage directory /workdir/hadoop-ozone/integration-test/target/test-dir/MiniOzoneClusterImpl-6146c60c-cb8d-4aa2-a902-cb133a81267e/datanode-9/data/ratis/7f9fd27b-cc94-4c48-94c3-0b9f0340e072 does not exist. Creating ...
2019-09-19 08:26:17,948 [pool-289-thread-1] INFO  server.RaftServerConfigKeys (ConfUtils.java:logGet(43)) - raft.server.rpc.timeout.max = 1200ms (custom)
2019-09-19 08:26:17,948 [pool-339-thread-1] INFO  util.JmxRegister (JmxRegister.java:tryRegister(44)) - Successfully registered JMX Bean with object name Ratis:service=RaftServer,group=group-7A121B0D245D,id=830f5926-e6f3-4fc6-b48b-87b1008588b0
2019-09-19 08:26:17,948 [pool-289-thread-1] INFO  server.RaftServerConfigKeys (ConfUtils.java:logGet(43)) - raft.server.rpcslowness.timeout = 120s (custom)
2019-09-19 08:26:17,949 [pool-289-thread-1] INFO  server.RaftServerConfigKeys (ConfUtils.java:logGet(43)) - raft.server.sleep.deviation.threshold = 300 (default)
2019-09-19 08:26:17,949 [pool-289-thread-1] INFO  server.RaftServerConfigKeys (ConfUtils.java:logGet(43)) - raft.server.log.appender.install.snapshot.enabled = false (custom)
2019-09-19 08:26:17,949 [pool-289-thread-1] INFO  impl.RaftServerImpl (ServerState.java:<init>(103)) - 64a8661b-c2d9-4df7-8ca1-1b29ef624e85@group-6FD53671956A: ConfigurationManager, init=-1: [64a8661b-c2d9-4df7-8ca1-1b29ef624e85:192.168.36.85:38418, 830f5926-e6f3-4fc6-b48b-87b1008588b0:192.168.36.85:44294, e50c69ec-4263-4416-9cef-9cb60973670d:192.168.36.85:44827], old=null, confs=<EMPTY_MAP>
2019-09-19 08:26:17,949 [pool-289-thread-1] INFO  server.RaftServerConfigKeys (ConfUtils.java:logGet(43)) - raft.server.storage.dir = [/workdir/hadoop-ozone/integration-test/target/test-dir/MiniOzoneClusterImpl-6146c60c-cb8d-4aa2-a902-cb133a81267e/datanode-2/data/ratis] (custom)
2019-09-19 08:26:17,950 [pool-289-thread-1] INFO  storage.RaftStorageDirectory (RaftStorageDirectory.java:analyzeStorage(246)) - The storage directory /workdir/hadoop-ozone/integration-test/target/test-dir/MiniOzoneClusterImpl-6146c60c-cb8d-4aa2-a902-cb133a81267e/datanode-2/data/ratis/59d45b68-265d-41a1-8912-6fd53671956a does not exist. Creating ...
2019-09-19 08:26:17,950 [pool-339-thread-1] INFO  impl.RaftServerImpl (RaftServerImpl.java:<init>(95)) - 830f5926-e6f3-4fc6-b48b-87b1008588b0: new RaftServerImpl for group-0B9F0340E072:[64a8661b-c2d9-4df7-8ca1-1b29ef624e85:192.168.36.85:38418, 830f5926-e6f3-4fc6-b48b-87b1008588b0:192.168.36.85:44294, e50c69ec-4263-4416-9cef-9cb60973670d:192.168.36.85:44827] with ContainerStateMachine:uninitialized
2019-09-19 08:26:17,950 [pool-339-thread-1] INFO  server.RaftServerConfigKeys (ConfUtils.java:logGet(43)) - raft.server.rpc.timeout.min = 1s (custom)
2019-09-19 08:26:17,950 [pool-339-thread-1] INFO  server.RaftServerConfigKeys (ConfUtils.java:logGet(43)) - raft.server.rpc.timeout.max = 1200ms (custom)
2019-09-19 08:26:17,950 [pool-339-thread-1] INFO  server.RaftServerConfigKeys (ConfUtils.java:logGet(43)) - raft.server.rpcslowness.timeout = 120s (custom)
2019-09-19 08:26:17,951 [pool-339-thread-1] INFO  server.RaftServerConfigKeys (ConfUtils.java:logGet(43)) - raft.server.sleep.deviation.threshold = 300 (default)
2019-09-19 08:26:17,951 [pool-339-thread-1] INFO  server.RaftServerConfigKeys (ConfUtils.java:logGet(43)) - raft.server.log.appender.install.snapshot.enabled = false (custom)
2019-09-19 08:26:17,951 [pool-339-thread-1] INFO  impl.RaftServerImpl (ServerState.java:<init>(103)) - 830f5926-e6f3-4fc6-b48b-87b1008588b0@group-0B9F0340E072: ConfigurationManager, init=-1: [64a8661b-c2d9-4df7-8ca1-1b29ef624e85:192.168.36.85:38418, 830f5926-e6f3-4fc6-b48b-87b1008588b0:192.168.36.85:44294, e50c69ec-4263-4416-9cef-9cb60973670d:192.168.36.85:44827], old=null, confs=<EMPTY_MAP>
2019-09-19 08:26:17,951 [pool-339-thread-1] INFO  server.RaftServerConfigKeys (ConfUtils.java:logGet(43)) - raft.server.storage.dir = [/workdir/hadoop-ozone/integration-test/target/test-dir/MiniOzoneClusterImpl-6146c60c-cb8d-4aa2-a902-cb133a81267e/datanode-7/data/ratis] (custom)
2019-09-19 08:26:17,951 [pool-339-thread-1] INFO  storage.RaftStorageDirectory (RaftStorageDirectory.java:analyzeStorage(246)) - The storage directory /workdir/hadoop-ozone/integration-test/target/test-dir/MiniOzoneClusterImpl-6146c60c-cb8d-4aa2-a902-cb133a81267e/datanode-7/data/ratis/7f9fd27b-cc94-4c48-94c3-0b9f0340e072 does not exist. Creating ...
2019-09-19 08:26:17,995 [Datanode State Machine Thread - 0] INFO  statemachine.DatanodeStateMachine (DatanodeStateMachine.java:lambda$startDaemon$0(350)) - Ozone container server started.
2019-09-19 08:26:18,199 [Datanode State Machine Thread - 0] INFO  statemachine.DatanodeStateMachine (DatanodeStateMachine.java:lambda$startDaemon$0(350)) - Ozone container server started.
2019-09-19 08:26:19,036 [Thread-1968] INFO  impl.FollowerState (FollowerState.java:run(106)) - 830f5926-e6f3-4fc6-b48b-87b1008588b0:group-7A121B0D245D changes to CANDIDATE, lastRpcTime:1088, electionTimeout:1088ms
2019-09-19 08:26:19,037 [Thread-1968] INFO  impl.RoleInfo (RoleInfo.java:shutdownFollowerState(121)) - 830f5926-e6f3-4fc6-b48b-87b1008588b0: shutdown FollowerState
2019-09-19 08:26:19,037 [Thread-1968] INFO  impl.RaftServerImpl (RaftServerImpl.java:setRole(174)) - 830f5926-e6f3-4fc6-b48b-87b1008588b0@group-7A121B0D245D: changes role from  FOLLOWER to CANDIDATE at term 0 for changeToCandidate
2019-09-19 08:26:19,037 [Thread-1968] INFO  impl.RoleInfo (RoleInfo.java:updateAndGet(143)) - 830f5926-e6f3-4fc6-b48b-87b1008588b0: start LeaderElection
2019-09-19 08:26:19,099 [Thread-1965] INFO  impl.FollowerState (FollowerState.java:run(106)) - e50c69ec-4263-4416-9cef-9cb60973670d:group-7A121B0D245D changes to CANDIDATE, lastRpcTime:1155, electionTimeout:1155ms
2019-09-19 08:26:19,100 [Thread-1965] INFO  impl.RoleInfo (RoleInfo.java:shutdownFollowerState(121)) - e50c69ec-4263-4416-9cef-9cb60973670d: shutdown FollowerState
2019-09-19 08:26:19,100 [Thread-1965] INFO  impl.RaftServerImpl (RaftServerImpl.java:setRole(174)) - e50c69ec-4263-4416-9cef-9cb60973670d@group-7A121B0D245D: changes role from  FOLLOWER to CANDIDATE at term 0 for changeToCandidate
2019-09-19 08:26:19,100 [Thread-1965] INFO  impl.RoleInfo (RoleInfo.java:updateAndGet(143)) - e50c69ec-4263-4416-9cef-9cb60973670d: start LeaderElection
2019-09-19 08:26:20,136 [pool-359-thread-1] INFO  storage.RaftStorageDirectory (RaftStorageDirectory.java:tryLock(328)) - Lock on /workdir/hadoop-ozone/integration-test/target/test-dir/MiniOzoneClusterImpl-6146c60c-cb8d-4aa2-a902-cb133a81267e/datanode-9/data/ratis/7f9fd27b-cc94-4c48-94c3-0b9f0340e072/in_use.lock acquired by nodename 17878@pr-hdds-2101-t8mbx-1252714220
2019-09-19 08:26:20,136 [pool-289-thread-1] INFO  storage.RaftStorageDirectory (RaftStorageDirectory.java:tryLock(328)) - Lock on /workdir/hadoop-ozone/integration-test/target/test-dir/MiniOzoneClusterImpl-6146c60c-cb8d-4aa2-a902-cb133a81267e/datanode-2/data/ratis/59d45b68-265d-41a1-8912-6fd53671956a/in_use.lock acquired by nodename 17878@pr-hdds-2101-t8mbx-1252714220
2019-09-19 08:26:20,136 [64a8661b-c2d9-4df7-8ca1-1b29ef624e85@group-BFB99BB8F68D-SegmentedRaftLogWorker] INFO  segmented.SegmentedRaftLogWorker (SegmentedRaftLogWorker.java:execute(569)) - 64a8661b-c2d9-4df7-8ca1-1b29ef624e85@group-BFB99BB8F68D-SegmentedRaftLogWorker: created new log segment /workdir/hadoop-ozone/integration-test/target/test-dir/MiniOzoneClusterImpl-6146c60c-cb8d-4aa2-a902-cb133a81267e/datanode-2/data/ratis/0cd52fb1-4682-45ca-ba46-bfb99bb8f68d/current/log_inprogress_0
2019-09-19 08:26:20,136 [pool-339-thread-1] INFO  storage.RaftStorageDirectory (RaftStorageDirectory.java:tryLock(328)) - Lock on /workdir/hadoop-ozone/integration-test/target/test-dir/MiniOzoneClusterImpl-6146c60c-cb8d-4aa2-a902-cb133a81267e/datanode-7/data/ratis/7f9fd27b-cc94-4c48-94c3-0b9f0340e072/in_use.lock acquired by nodename 17878@pr-hdds-2101-t8mbx-1252714220
2019-09-19 08:26:21,524 [pool-359-thread-1] INFO  storage.RaftStorage (RaftStorage.java:format(72)) - Storage directory /workdir/hadoop-ozone/integration-test/target/test-dir/MiniOzoneClusterImpl-6146c60c-cb8d-4aa2-a902-cb133a81267e/datanode-9/data/ratis/7f9fd27b-cc94-4c48-94c3-0b9f0340e072 has been successfully formatted.
2019-09-19 08:26:21,524 [pool-339-thread-1] INFO  storage.RaftStorage (RaftStorage.java:format(72)) - Storage directory /workdir/hadoop-ozone/integration-test/target/test-dir/MiniOzoneClusterImpl-6146c60c-cb8d-4aa2-a902-cb133a81267e/datanode-7/data/ratis/7f9fd27b-cc94-4c48-94c3-0b9f0340e072 has been successfully formatted.
2019-09-19 08:26:21,524 [e50c69ec-4263-4416-9cef-9cb60973670d@group-7A121B0D245D:LeaderElection115] INFO  impl.LeaderElection (LeaderElection.java:askForVotes(182)) - e50c69ec-4263-4416-9cef-9cb60973670d@group-7A121B0D245D:LeaderElection115: begin an election at term 1 for -1: [64a8661b-c2d9-4df7-8ca1-1b29ef624e85:192.168.36.85:38418, 830f5926-e6f3-4fc6-b48b-87b1008588b0:192.168.36.85:44294, e50c69ec-4263-4416-9cef-9cb60973670d:192.168.36.85:44827], old=null
2019-09-19 08:26:21,524 [830f5926-e6f3-4fc6-b48b-87b1008588b0@group-7A121B0D245D:LeaderElection114] INFO  impl.LeaderElection (LeaderElection.java:askForVotes(182)) - 830f5926-e6f3-4fc6-b48b-87b1008588b0@group-7A121B0D245D:LeaderElection114: begin an election at term 1 for -1: [64a8661b-c2d9-4df7-8ca1-1b29ef624e85:192.168.36.85:38418, 830f5926-e6f3-4fc6-b48b-87b1008588b0:192.168.36.85:44294, e50c69ec-4263-4416-9cef-9cb60973670d:192.168.36.85:44827], old=null
2019-09-19 08:26:21,524 [pool-289-thread-1] INFO  storage.RaftStorage (RaftStorage.java:format(72)) - Storage directory /workdir/hadoop-ozone/integration-test/target/test-dir/MiniOzoneClusterImpl-6146c60c-cb8d-4aa2-a902-cb133a81267e/datanode-2/data/ratis/59d45b68-265d-41a1-8912-6fd53671956a has been successfully formatted.
2019-09-19 08:26:21,525 [pool-339-thread-1] INFO  ratis.ContainerStateMachine (ContainerStateMachine.java:loadSnapshot(230)) - group-0B9F0340E072: The snapshot info is null. Setting the last applied indexto:(t:0, i:~)
2019-09-19 08:26:21,525 [pool-359-thread-1] INFO  ratis.ContainerStateMachine (ContainerStateMachine.java:loadSnapshot(230)) - group-0B9F0340E072: The snapshot info is null. Setting the last applied indexto:(t:0, i:~)
2019-09-19 08:26:21,526 [pool-339-thread-1] INFO  server.RaftServerConfigKeys (ConfUtils.java:logGet(43)) - raft.server.notification.no-leader.timeout = 120s (custom)
2019-09-19 08:26:21,525 [pool-289-thread-1] INFO  ratis.ContainerStateMachine (ContainerStateMachine.java:loadSnapshot(230)) - group-6FD53671956A: The snapshot info is null. Setting the last applied indexto:(t:0, i:~)
2019-09-19 08:26:21,526 [pool-339-thread-1] INFO  server.RaftServerConfigKeys (ConfUtils.java:logGet(43)) - raft.server.log.use.memory = false (default)
2019-09-19 08:26:21,526 [pool-359-thread-1] INFO  server.RaftServerConfigKeys (ConfUtils.java:logGet(43)) - raft.server.notification.no-leader.timeout = 120s (custom)
2019-09-19 08:26:21,526 [pool-339-thread-1] INFO  server.RaftServerConfigKeys (ConfUtils.java:logGet(43)) - raft.server.log.purge.gap = 1000000 (custom)
2019-09-19 08:26:21,526 [pool-289-thread-1] INFO  server.RaftServerConfigKeys (ConfUtils.java:logGet(43)) - raft.server.notification.no-leader.timeout = 120s (custom)
2019-09-19 08:26:21,527 [pool-339-thread-1] INFO  server.RaftServerConfigKeys (ConfUtils.java:logGet(43)) - raft.server.log.appender.buffer.byte-limit = 33554432 (custom)
2019-09-19 08:26:21,526 [pool-359-thread-1] INFO  server.RaftServerConfigKeys (ConfUtils.java:logGet(43)) - raft.server.log.use.memory = false (default)
2019-09-19 08:26:21,527 [pool-339-thread-1] INFO  server.RaftServerConfigKeys (ConfUtils.java:logGet(43)) - raft.server.log.segment.size.max = 1048576 (custom)
2019-09-19 08:26:21,527 [pool-289-thread-1] INFO  server.RaftServerConfigKeys (ConfUtils.java:logGet(43)) - raft.server.log.use.memory = false (default)
2019-09-19 08:26:21,528 [pool-339-thread-1] INFO  server.RaftServerConfigKeys (ConfUtils.java:logGet(43)) - raft.server.log.segment.cache.num.max = 2 (custom)
2019-09-19 08:26:21,527 [pool-359-thread-1] INFO  server.RaftServerConfigKeys (ConfUtils.java:logGet(43)) - raft.server.log.purge.gap = 1000000 (custom)
2019-09-19 08:26:21,528 [pool-339-thread-1] INFO  segmented.SegmentedRaftLogWorker (SegmentedRaftLogWorker.java:<init>(172)) - new 830f5926-e6f3-4fc6-b48b-87b1008588b0@group-0B9F0340E072-SegmentedRaftLogWorker for RaftStorage:Storage Directory /workdir/hadoop-ozone/integration-test/target/test-dir/MiniOzoneClusterImpl-6146c60c-cb8d-4aa2-a902-cb133a81267e/datanode-7/data/ratis/7f9fd27b-cc94-4c48-94c3-0b9f0340e072
2019-09-19 08:26:21,528 [pool-289-thread-1] INFO  server.RaftServerConfigKeys (ConfUtils.java:logGet(43)) - raft.server.log.purge.gap = 1000000 (custom)
2019-09-19 08:26:21,528 [pool-339-thread-1] INFO  server.RaftServerConfigKeys (ConfUtils.java:logGet(43)) - raft.server.log.queue.byte-limit = 2147483647 (custom)
2019-09-19 08:26:21,528 [pool-359-thread-1] INFO  server.RaftServerConfigKeys (ConfUtils.java:logGet(43)) - raft.server.log.appender.buffer.byte-limit = 33554432 (custom)
2019-09-19 08:26:21,529 [pool-339-thread-1] INFO  server.RaftServerConfigKeys (ConfUtils.java:logGet(43)) - raft.server.log.queue.element-limit = 1024 (custom)
2019-09-19 08:26:21,528 [pool-289-thread-1] INFO  server.RaftServerConfigKeys (ConfUtils.java:logGet(43)) - raft.server.log.appender.buffer.byte-limit = 33554432 (custom)
2019-09-19 08:26:21,529 [pool-339-thread-1] INFO  server.RaftServerConfigKeys (ConfUtils.java:logGet(43)) - raft.server.log.segment.size.max = 1048576 (custom)
2019-09-19 08:26:21,529 [pool-359-thread-1] INFO  server.RaftServerConfigKeys (ConfUtils.java:logGet(43)) - raft.server.log.segment.size.max = 1048576 (custom)
2019-09-19 08:26:21,530 [pool-339-thread-1] INFO  server.RaftServerConfigKeys (ConfUtils.java:logGet(43)) - raft.server.log.preallocated.size = 16384 (custom)
2019-09-19 08:26:21,529 [pool-289-thread-1] INFO  server.RaftServerConfigKeys (ConfUtils.java:logGet(43)) - raft.server.log.segment.size.max = 1048576 (custom)
2019-09-19 08:26:21,530 [pool-339-thread-1] INFO  server.RaftServerConfigKeys (ConfUtils.java:logGet(43)) - raft.server.log.write.buffer.size = 33554432 (custom)
2019-09-19 08:26:21,530 [pool-359-thread-1] INFO  server.RaftServerConfigKeys (ConfUtils.java:logGet(43)) - raft.server.log.segment.cache.num.max = 2 (custom)
2019-09-19 08:26:21,530 [pool-339-thread-1] INFO  server.RaftServerConfigKeys (ConfUtils.java:logGet(43)) - raft.server.log.force.sync.num = 128 (default)
2019-09-19 08:26:21,530 [pool-289-thread-1] INFO  server.RaftServerConfigKeys (ConfUtils.java:logGet(43)) - raft.server.log.segment.cache.num.max = 2 (custom)
2019-09-19 08:26:21,531 [pool-339-thread-1] INFO  server.RaftServerConfigKeys (ConfUtils.java:logGet(43)) - raft.server.log.statemachine.data.sync = true (default)
2019-09-19 08:26:21,531 [pool-359-thread-1] INFO  segmented.SegmentedRaftLogWorker (SegmentedRaftLogWorker.java:<init>(172)) - new e50c69ec-4263-4416-9cef-9cb60973670d@group-0B9F0340E072-SegmentedRaftLogWorker for RaftStorage:Storage Directory /workdir/hadoop-ozone/integration-test/target/test-dir/MiniOzoneClusterImpl-6146c60c-cb8d-4aa2-a902-cb133a81267e/datanode-9/data/ratis/7f9fd27b-cc94-4c48-94c3-0b9f0340e072
2019-09-19 08:26:21,531 [pool-339-thread-1] INFO  server.RaftServerConfigKeys (ConfUtils.java:logGet(43)) - raft.server.log.statemachine.data.sync.timeout = 10s (default)
2019-09-19 08:26:21,531 [pool-289-thread-1] INFO  segmented.SegmentedRaftLogWorker (SegmentedRaftLogWorker.java:<init>(172)) - new 64a8661b-c2d9-4df7-8ca1-1b29ef624e85@group-6FD53671956A-SegmentedRaftLogWorker for RaftStorage:Storage Directory /workdir/hadoop-ozone/integration-test/target/test-dir/MiniOzoneClusterImpl-6146c60c-cb8d-4aa2-a902-cb133a81267e/datanode-2/data/ratis/59d45b68-265d-41a1-8912-6fd53671956a
2019-09-19 08:26:21,532 [pool-339-thread-1] INFO  server.RaftServerConfigKeys (ConfUtils.java:logGet(43)) - raft.server.log.statemachine.data.sync.timeout.retry = -1 (default)
2019-09-19 08:26:21,531 [pool-359-thread-1] INFO  server.RaftServerConfigKeys (ConfUtils.java:logGet(43)) - raft.server.log.queue.byte-limit = 2147483647 (custom)
2019-09-19 08:26:21,532 [pool-339-thread-1] INFO  server.RaftServerConfigKeys (ConfUtils.java:logGet(43)) - raft.server.log.statemachine.data.caching.enabled = true (custom)
2019-09-19 08:26:21,532 [grpc-default-executor-14] WARN  server.GrpcServerProtocolService (LogUtils.java:warn(134)) - 64a8661b-c2d9-4df7-8ca1-1b29ef624e85: Failed requestVote e50c69ec-4263-4416-9cef-9cb60973670d->64a8661b-c2d9-4df7-8ca1-1b29ef624e85#0: org.apache.ratis.protocol.ServerNotReadyException: 64a8661b-c2d9-4df7-8ca1-1b29ef624e85@group-7A121B0D245D is not in [RUNNING]: current state is NEW
2019-09-19 08:26:21,533 [pool-339-thread-1] INFO  segmented.SegmentedRaftLogWorker (SegmentedRaftLogWorker.java:lambda$new$0(132)) - 830f5926-e6f3-4fc6-b48b-87b1008588b0@group-0B9F0340E072-SegmentedRaftLogWorker: flushIndex: setUnconditionally 0 -> -1
2019-09-19 08:26:21,532 [pool-289-thread-1] INFO  server.RaftServerConfigKeys (ConfUtils.java:logGet(43)) - raft.server.log.queue.byte-limit = 2147483647 (custom)
2019-09-19 08:26:21,532 [grpc-default-executor-13] WARN  server.GrpcServerProtocolService (LogUtils.java:warn(134)) - 64a8661b-c2d9-4df7-8ca1-1b29ef624e85: Failed requestVote 830f5926-e6f3-4fc6-b48b-87b1008588b0->64a8661b-c2d9-4df7-8ca1-1b29ef624e85#0: org.apache.ratis.protocol.ServerNotReadyException: 64a8661b-c2d9-4df7-8ca1-1b29ef624e85@group-7A121B0D245D is not in [RUNNING]: current state is NEW
2019-09-19 08:26:21,532 [pool-359-thread-1] INFO  server.RaftServerConfigKeys (ConfUtils.java:logGet(43)) - raft.server.log.queue.element-limit = 1024 (custom)
2019-09-19 08:26:21,533 [pool-339-thread-1] INFO  server.RaftServerConfigKeys (ConfUtils.java:logGet(43)) - raft.server.snapshot.auto.trigger.enabled = true (custom)
2019-09-19 08:26:21,533 [pool-289-thread-1] INFO  server.RaftServerConfigKeys (ConfUtils.java:logGet(43)) - raft.server.log.queue.element-limit = 1024 (custom)
2019-09-19 08:26:21,534 [pool-339-thread-1] INFO  server.RaftServerConfigKeys (ConfUtils.java:logGet(43)) - raft.server.snapshot.auto.trigger.threshold = 10000 (custom)
2019-09-19 08:26:21,534 [pool-359-thread-1] INFO  server.RaftServerConfigKeys (ConfUtils.java:logGet(43)) - raft.server.log.segment.size.max = 1048576 (custom)
2019-09-19 08:26:21,534 [pool-339-thread-1] INFO  server.RaftServerConfigKeys (ConfUtils.java:logGet(43)) - raft.server.snapshot.retention.num.files = 5 (custom)
2019-09-19 08:26:21,534 [pool-289-thread-1] INFO  server.RaftServerConfigKeys (ConfUtils.java:logGet(43)) - raft.server.log.segment.size.max = 1048576 (custom)
2019-09-19 08:26:21,535 [pool-339-thread-1] INFO  server.RaftServerConfigKeys (ConfUtils.java:logGet(43)) - raft.server.retrycache.expirytime = 600000ms (custom)
2019-09-19 08:26:21,534 [pool-359-thread-1] INFO  server.RaftServerConfigKeys (ConfUtils.java:logGet(43)) - raft.server.log.preallocated.size = 16384 (custom)
2019-09-19 08:26:21,535 [pool-289-thread-1] INFO  server.RaftServerConfigKeys (ConfUtils.java:logGet(43)) - raft.server.log.preallocated.size = 16384 (custom)
2019-09-19 08:26:21,535 [pool-359-thread-1] INFO  server.RaftServerConfigKeys (ConfUtils.java:logGet(43)) - raft.server.log.write.buffer.size = 33554432 (custom)
2019-09-19 08:26:21,535 [pool-289-thread-1] INFO  server.RaftServerConfigKeys (ConfUtils.java:logGet(43)) - raft.server.log.write.buffer.size = 33554432 (custom)
2019-09-19 08:26:21,535 [pool-359-thread-1] INFO  server.RaftServerConfigKeys (ConfUtils.java:logGet(43)) - raft.server.log.force.sync.num = 128 (default)
2019-09-19 08:26:21,536 [pool-289-thread-1] INFO  server.RaftServerConfigKeys (ConfUtils.java:logGet(43)) - raft.server.log.force.sync.num = 128 (default)
2019-09-19 08:26:21,536 [pool-359-thread-1] INFO  server.RaftServerConfigKeys (ConfUtils.java:logGet(43)) - raft.server.log.statemachine.data.sync = true (default)
2019-09-19 08:26:21,536 [pool-289-thread-1] INFO  server.RaftServerConfigKeys (ConfUtils.java:logGet(43)) - raft.server.log.statemachine.data.sync = true (default)
2019-09-19 08:26:21,536 [pool-359-thread-1] INFO  server.RaftServerConfigKeys (ConfUtils.java:logGet(43)) - raft.server.log.statemachine.data.sync.timeout = 10s (default)
2019-09-19 08:26:21,536 [pool-289-thread-1] INFO  server.RaftServerConfigKeys (ConfUtils.java:logGet(43)) - raft.server.log.statemachine.data.sync.timeout = 10s (default)
2019-09-19 08:26:21,536 [pool-359-thread-1] INFO  server.RaftServerConfigKeys (ConfUtils.java:logGet(43)) - raft.server.log.statemachine.data.sync.timeout.retry = -1 (default)
2019-09-19 08:26:21,536 [pool-289-thread-1] INFO  server.RaftServerConfigKeys (ConfUtils.java:logGet(43)) - raft.server.log.statemachine.data.sync.timeout.retry = -1 (default)
2019-09-19 08:26:21,537 [pool-359-thread-1] INFO  server.RaftServerConfigKeys (ConfUtils.java:logGet(43)) - raft.server.log.statemachine.data.caching.enabled = true (custom)
2019-09-19 08:26:21,537 [pool-289-thread-1] INFO  server.RaftServerConfigKeys (ConfUtils.java:logGet(43)) - raft.server.log.statemachine.data.caching.enabled = true (custom)
2019-09-19 08:26:21,537 [pool-359-thread-1] INFO  segmented.SegmentedRaftLogWorker (SegmentedRaftLogWorker.java:lambda$new$0(132)) - e50c69ec-4263-4416-9cef-9cb60973670d@group-0B9F0340E072-SegmentedRaftLogWorker: flushIndex: setUnconditionally 0 -> -1
2019-09-19 08:26:21,537 [pool-289-thread-1] INFO  segmented.SegmentedRaftLogWorker (SegmentedRaftLogWorker.java:lambda$new$0(132)) - 64a8661b-c2d9-4df7-8ca1-1b29ef624e85@group-6FD53671956A-SegmentedRaftLogWorker: flushIndex: setUnconditionally 0 -> -1
2019-09-19 08:26:21,538 [pool-359-thread-1] INFO  server.RaftServerConfigKeys (ConfUtils.java:logGet(43)) - raft.server.snapshot.auto.trigger.enabled = true (custom)
2019-09-19 08:26:21,538 [pool-289-thread-1] INFO  server.RaftServerConfigKeys (ConfUtils.java:logGet(43)) - raft.server.snapshot.auto.trigger.enabled = true (custom)
2019-09-19 08:26:21,538 [pool-359-thread-1] INFO  server.RaftServerConfigKeys (ConfUtils.java:logGet(43)) - raft.server.snapshot.auto.trigger.threshold = 10000 (custom)
2019-09-19 08:26:21,538 [pool-339-thread-1] INFO  impl.RaftServerImpl (RaftServerImpl.java:start(185)) - 830f5926-e6f3-4fc6-b48b-87b1008588b0@group-6FD53671956A: start as a follower, conf=-1: [64a8661b-c2d9-4df7-8ca1-1b29ef624e85:192.168.36.85:38418, 830f5926-e6f3-4fc6-b48b-87b1008588b0:192.168.36.85:44294, e50c69ec-4263-4416-9cef-9cb60973670d:192.168.36.85:44827], old=null
2019-09-19 08:26:21,538 [pool-289-thread-1] INFO  server.RaftServerConfigKeys (ConfUtils.java:logGet(43)) - raft.server.snapshot.auto.trigger.threshold = 10000 (custom)
2019-09-19 08:26:21,538 [pool-339-thread-1] INFO  impl.RaftServerImpl (RaftServerImpl.java:setRole(174)) - 830f5926-e6f3-4fc6-b48b-87b1008588b0@group-6FD53671956A: changes role from      null to FOLLOWER at term 0 for startAsFollower
2019-09-19 08:26:21,538 [pool-359-thread-1] INFO  server.RaftServerConfigKeys (ConfUtils.java:logGet(43)) - raft.server.snapshot.retention.num.files = 5 (custom)
2019-09-19 08:26:21,539 [pool-339-thread-1] INFO  impl.RoleInfo (RoleInfo.java:updateAndGet(143)) - 830f5926-e6f3-4fc6-b48b-87b1008588b0: start FollowerState
2019-09-19 08:26:21,538 [pool-289-thread-1] INFO  server.RaftServerConfigKeys (ConfUtils.java:logGet(43)) - raft.server.snapshot.retention.num.files = 5 (custom)
2019-09-19 08:26:21,539 [pool-359-thread-1] INFO  server.RaftServerConfigKeys (ConfUtils.java:logGet(43)) - raft.server.retrycache.expirytime = 600000ms (custom)
2019-09-19 08:26:21,539 [pool-289-thread-1] INFO  server.RaftServerConfigKeys (ConfUtils.java:logGet(43)) - raft.server.retrycache.expirytime = 600000ms (custom)
2019-09-19 08:26:21,539 [pool-339-thread-1] INFO  util.JmxRegister (JmxRegister.java:tryRegister(44)) - Successfully registered JMX Bean with object name Ratis:service=RaftServer,group=group-6FD53671956A,id=830f5926-e6f3-4fc6-b48b-87b1008588b0
2019-09-19 08:26:21,540 [e50c69ec-4263-4416-9cef-9cb60973670d@group-7A121B0D245D:LeaderElection115] INFO  impl.LeaderElection (LogUtils.java:infoOrTrace(149)) - e50c69ec-4263-4416-9cef-9cb60973670d@group-7A121B0D245D:LeaderElection115 got exception when requesting votes: {}
java.util.concurrent.ExecutionException: org.apache.ratis.thirdparty.io.grpc.StatusRuntimeException: INTERNAL: 64a8661b-c2d9-4df7-8ca1-1b29ef624e85@group-7A121B0D245D is not in [RUNNING]: current state is NEW
	at java.util.concurrent.FutureTask.report(FutureTask.java:122)
	at java.util.concurrent.FutureTask.get(FutureTask.java:192)
	at org.apache.ratis.server.impl.LeaderElection.waitForResults(LeaderElection.java:263)
	at org.apache.ratis.server.impl.LeaderElection.askForVotes(LeaderElection.java:201)
	at org.apache.ratis.server.impl.LeaderElection.run(LeaderElection.java:133)
	at java.lang.Thread.run(Thread.java:748)
Caused by: org.apache.ratis.thirdparty.io.grpc.StatusRuntimeException: INTERNAL: 64a8661b-c2d9-4df7-8ca1-1b29ef624e85@group-7A121B0D245D is not in [RUNNING]: current state is NEW
	at org.apache.ratis.thirdparty.io.grpc.stub.ClientCalls.toStatusRuntimeException(ClientCalls.java:233)
	at org.apache.ratis.thirdparty.io.grpc.stub.ClientCalls.getUnchecked(ClientCalls.java:214)
	at org.apache.ratis.thirdparty.io.grpc.stub.ClientCalls.blockingUnaryCall(ClientCalls.java:139)
	at org.apache.ratis.proto.grpc.RaftServerProtocolServiceGrpc$RaftServerProtocolServiceBlockingStub.requestVote(RaftServerProtocolServiceGrpc.java:265)
	at org.apache.ratis.grpc.server.GrpcServerProtocolClient.requestVote(GrpcServerProtocolClient.java:90)
	at org.apache.ratis.grpc.server.GrpcService.requestVote(GrpcService.java:204)
	at org.apache.ratis.server.impl.LeaderElection.lambda$submitRequests$1(LeaderElection.java:238)
	at java.util.concurrent.FutureTask.run(FutureTask.java:266)
	at java.util.concurrent.Executors$RunnableAdapter.call(Executors.java:511)
	at java.util.concurrent.FutureTask.run(FutureTask.java:266)
	at java.util.concurrent.ThreadPoolExecutor.runWorker(ThreadPoolExecutor.java:1149)
	at java.util.concurrent.ThreadPoolExecutor$Worker.run(ThreadPoolExecutor.java:624)
	... 1 more
2019-09-19 08:26:21,540 [pool-339-thread-1] INFO  impl.RaftServerImpl (RaftServerImpl.java:start(185)) - 830f5926-e6f3-4fc6-b48b-87b1008588b0@group-0B9F0340E072: start as a follower, conf=-1: [64a8661b-c2d9-4df7-8ca1-1b29ef624e85:192.168.36.85:38418, 830f5926-e6f3-4fc6-b48b-87b1008588b0:192.168.36.85:44294, e50c69ec-4263-4416-9cef-9cb60973670d:192.168.36.85:44827], old=null
2019-09-19 08:26:21,540 [830f5926-e6f3-4fc6-b48b-87b1008588b0@group-7A121B0D245D:LeaderElection114] INFO  impl.LeaderElection (LogUtils.java:infoOrTrace(149)) - 830f5926-e6f3-4fc6-b48b-87b1008588b0@group-7A121B0D245D:LeaderElection114 got exception when requesting votes: {}
java.util.concurrent.ExecutionException: org.apache.ratis.thirdparty.io.grpc.StatusRuntimeException: INTERNAL: 64a8661b-c2d9-4df7-8ca1-1b29ef624e85@group-7A121B0D245D is not in [RUNNING]: current state is NEW
	at java.util.concurrent.FutureTask.report(FutureTask.java:122)
	at java.util.concurrent.FutureTask.get(FutureTask.java:192)
	at org.apache.ratis.server.impl.LeaderElection.waitForResults(LeaderElection.java:263)
	at org.apache.ratis.server.impl.LeaderElection.askForVotes(LeaderElection.java:201)
	at org.apache.ratis.server.impl.LeaderElection.run(LeaderElection.java:133)
	at java.lang.Thread.run(Thread.java:748)
Caused by: org.apache.ratis.thirdparty.io.grpc.StatusRuntimeException: INTERNAL: 64a8661b-c2d9-4df7-8ca1-1b29ef624e85@group-7A121B0D245D is not in [RUNNING]: current state is NEW
	at org.apache.ratis.thirdparty.io.grpc.stub.ClientCalls.toStatusRuntimeException(ClientCalls.java:233)
	at org.apache.ratis.thirdparty.io.grpc.stub.ClientCalls.getUnchecked(ClientCalls.java:214)
	at org.apache.ratis.thirdparty.io.grpc.stub.ClientCalls.blockingUnaryCall(ClientCalls.java:139)
	at org.apache.ratis.proto.grpc.RaftServerProtocolServiceGrpc$RaftServerProtocolServiceBlockingStub.requestVote(RaftServerProtocolServiceGrpc.java:265)
	at org.apache.ratis.grpc.server.GrpcServerProtocolClient.requestVote(GrpcServerProtocolClient.java:90)
	at org.apache.ratis.grpc.server.GrpcService.requestVote(GrpcService.java:204)
	at org.apache.ratis.server.impl.LeaderElection.lambda$submitRequests$1(LeaderElection.java:238)
	at java.util.concurrent.FutureTask.run(FutureTask.java:266)
	at java.util.concurrent.Executors$RunnableAdapter.call(Executors.java:511)
	at java.util.concurrent.FutureTask.run(FutureTask.java:266)
	at java.util.concurrent.ThreadPoolExecutor.runWorker(ThreadPoolExecutor.java:1149)
	at java.util.concurrent.ThreadPoolExecutor$Worker.run(ThreadPoolExecutor.java:624)
	... 1 more
2019-09-19 08:26:21,541 [e50c69ec-4263-4416-9cef-9cb60973670d@group-7A121B0D245D:LeaderElection115] INFO  impl.LeaderElection (LeaderElection.java:logAndReturn(56)) - e50c69ec-4263-4416-9cef-9cb60973670d@group-7A121B0D245D:LeaderElection115: Election REJECTED; received 1 response(s) [e50c69ec-4263-4416-9cef-9cb60973670d<-830f5926-e6f3-4fc6-b48b-87b1008588b0#0:FAIL-t1] and 1 exception(s); e50c69ec-4263-4416-9cef-9cb60973670d@group-7A121B0D245D:t1, leader=null, voted=e50c69ec-4263-4416-9cef-9cb60973670d, raftlog=e50c69ec-4263-4416-9cef-9cb60973670d@group-7A121B0D245D-SegmentedRaftLog:OPENED:c-1,f-1,i0, conf=-1: [64a8661b-c2d9-4df7-8ca1-1b29ef624e85:192.168.36.85:38418, 830f5926-e6f3-4fc6-b48b-87b1008588b0:192.168.36.85:44294, e50c69ec-4263-4416-9cef-9cb60973670d:192.168.36.85:44827], old=null
2019-09-19 08:26:21,541 [pool-339-thread-1] INFO  impl.RaftServerImpl (RaftServerImpl.java:setRole(174)) - 830f5926-e6f3-4fc6-b48b-87b1008588b0@group-0B9F0340E072: changes role from      null to FOLLOWER at term 0 for startAsFollower
2019-09-19 08:26:21,541 [e50c69ec-4263-4416-9cef-9cb60973670d@group-7A121B0D245D:LeaderElection115] INFO  impl.LeaderElection (LogUtils.java:infoOrTrace(149)) -   Exception 0: {}
java.util.concurrent.ExecutionException: org.apache.ratis.thirdparty.io.grpc.StatusRuntimeException: INTERNAL: 64a8661b-c2d9-4df7-8ca1-1b29ef624e85@group-7A121B0D245D is not in [RUNNING]: current state is NEW
	at java.util.concurrent.FutureTask.report(FutureTask.java:122)
	at java.util.concurrent.FutureTask.get(FutureTask.java:192)
	at org.apache.ratis.server.impl.LeaderElection.waitForResults(LeaderElection.java:263)
	at org.apache.ratis.server.impl.LeaderElection.askForVotes(LeaderElection.java:201)
	at org.apache.ratis.server.impl.LeaderElection.run(LeaderElection.java:133)
	at java.lang.Thread.run(Thread.java:748)
Caused by: org.apache.ratis.thirdparty.io.grpc.StatusRuntimeException: INTERNAL: 64a8661b-c2d9-4df7-8ca1-1b29ef624e85@group-7A121B0D245D is not in [RUNNING]: current state is NEW
	at org.apache.ratis.thirdparty.io.grpc.stub.ClientCalls.toStatusRuntimeException(ClientCalls.java:233)
	at org.apache.ratis.thirdparty.io.grpc.stub.ClientCalls.getUnchecked(ClientCalls.java:214)
	at org.apache.ratis.thirdparty.io.grpc.stub.ClientCalls.blockingUnaryCall(ClientCalls.java:139)
	at org.apache.ratis.proto.grpc.RaftServerProtocolServiceGrpc$RaftServerProtocolServiceBlockingStub.requestVote(RaftServerProtocolServiceGrpc.java:265)
	at org.apache.ratis.grpc.server.GrpcServerProtocolClient.requestVote(GrpcServerProtocolClient.java:90)
	at org.apache.ratis.grpc.server.GrpcService.requestVote(GrpcService.java:204)
	at org.apache.ratis.server.impl.LeaderElection.lambda$submitRequests$1(LeaderElection.java:238)
	at java.util.concurrent.FutureTask.run(FutureTask.java:266)
	at java.util.concurrent.Executors$RunnableAdapter.call(Executors.java:511)
	at java.util.concurrent.FutureTask.run(FutureTask.java:266)
	at java.util.concurrent.ThreadPoolExecutor.runWorker(ThreadPoolExecutor.java:1149)
	at java.util.concurrent.ThreadPoolExecutor$Worker.run(ThreadPoolExecutor.java:624)
	... 1 more
2019-09-19 08:26:21,541 [830f5926-e6f3-4fc6-b48b-87b1008588b0@group-7A121B0D245D:LeaderElection114] INFO  impl.LeaderElection (LeaderElection.java:logAndReturn(56)) - 830f5926-e6f3-4fc6-b48b-87b1008588b0@group-7A121B0D245D:LeaderElection114: Election REJECTED; received 1 response(s) [830f5926-e6f3-4fc6-b48b-87b1008588b0<-e50c69ec-4263-4416-9cef-9cb60973670d#0:FAIL-t1] and 1 exception(s); 830f5926-e6f3-4fc6-b48b-87b1008588b0@group-7A121B0D245D:t1, leader=null, voted=830f5926-e6f3-4fc6-b48b-87b1008588b0, raftlog=830f5926-e6f3-4fc6-b48b-87b1008588b0@group-7A121B0D245D-SegmentedRaftLog:OPENED:c-1,f-1,i0, conf=-1: [64a8661b-c2d9-4df7-8ca1-1b29ef624e85:192.168.36.85:38418, 830f5926-e6f3-4fc6-b48b-87b1008588b0:192.168.36.85:44294, e50c69ec-4263-4416-9cef-9cb60973670d:192.168.36.85:44827], old=null
2019-09-19 08:26:21,542 [e50c69ec-4263-4416-9cef-9cb60973670d@group-7A121B0D245D:LeaderElection115] INFO  impl.RaftServerImpl (RaftServerImpl.java:setRole(174)) - e50c69ec-4263-4416-9cef-9cb60973670d@group-7A121B0D245D: changes role from CANDIDATE to FOLLOWER at term 1 for DISCOVERED_A_NEW_TERM
2019-09-19 08:26:21,541 [pool-339-thread-1] INFO  impl.RoleInfo (RoleInfo.java:updateAndGet(143)) - 830f5926-e6f3-4fc6-b48b-87b1008588b0: start FollowerState
2019-09-19 08:26:21,542 [e50c69ec-4263-4416-9cef-9cb60973670d@group-7A121B0D245D:LeaderElection115] INFO  impl.RoleInfo (RoleInfo.java:shutdownLeaderElection(134)) - e50c69ec-4263-4416-9cef-9cb60973670d: shutdown LeaderElection
2019-09-19 08:26:21,542 [830f5926-e6f3-4fc6-b48b-87b1008588b0@group-7A121B0D245D:LeaderElection114] INFO  impl.LeaderElection (LogUtils.java:infoOrTrace(149)) -   Exception 0: {}
java.util.concurrent.ExecutionException: org.apache.ratis.thirdparty.io.grpc.StatusRuntimeException: INTERNAL: 64a8661b-c2d9-4df7-8ca1-1b29ef624e85@group-7A121B0D245D is not in [RUNNING]: current state is NEW
	at java.util.concurrent.FutureTask.report(FutureTask.java:122)
	at java.util.concurrent.FutureTask.get(FutureTask.java:192)
	at org.apache.ratis.server.impl.LeaderElection.waitForResults(LeaderElection.java:263)
	at org.apache.ratis.server.impl.LeaderElection.askForVotes(LeaderElection.java:201)
	at org.apache.ratis.server.impl.LeaderElection.run(LeaderElection.java:133)
	at java.lang.Thread.run(Thread.java:748)
Caused by: org.apache.ratis.thirdparty.io.grpc.StatusRuntimeException: INTERNAL: 64a8661b-c2d9-4df7-8ca1-1b29ef624e85@group-7A121B0D245D is not in [RUNNING]: current state is NEW
	at org.apache.ratis.thirdparty.io.grpc.stub.ClientCalls.toStatusRuntimeException(ClientCalls.java:233)
	at org.apache.ratis.thirdparty.io.grpc.stub.ClientCalls.getUnchecked(ClientCalls.java:214)
	at org.apache.ratis.thirdparty.io.grpc.stub.ClientCalls.blockingUnaryCall(ClientCalls.java:139)
	at org.apache.ratis.proto.grpc.RaftServerProtocolServiceGrpc$RaftServerProtocolServiceBlockingStub.requestVote(RaftServerProtocolServiceGrpc.java:265)
	at org.apache.ratis.grpc.server.GrpcServerProtocolClient.requestVote(GrpcServerProtocolClient.java:90)
	at org.apache.ratis.grpc.server.GrpcService.requestVote(GrpcService.java:204)
	at org.apache.ratis.server.impl.LeaderElection.lambda$submitRequests$1(LeaderElection.java:238)
	at java.util.concurrent.FutureTask.run(FutureTask.java:266)
	at java.util.concurrent.Executors$RunnableAdapter.call(Executors.java:511)
	at java.util.concurrent.FutureTask.run(FutureTask.java:266)
	at java.util.concurrent.ThreadPoolExecutor.runWorker(ThreadPoolExecutor.java:1149)
	at java.util.concurrent.ThreadPoolExecutor$Worker.run(ThreadPoolExecutor.java:624)
	... 1 more
2019-09-19 08:26:21,542 [pool-339-thread-1] INFO  util.JmxRegister (JmxRegister.java:tryRegister(44)) - Successfully registered JMX Bean with object name Ratis:service=RaftServer,group=group-0B9F0340E072,id=830f5926-e6f3-4fc6-b48b-87b1008588b0
2019-09-19 08:26:21,542 [e50c69ec-4263-4416-9cef-9cb60973670d@group-7A121B0D245D:LeaderElection115] INFO  impl.RoleInfo (RoleInfo.java:updateAndGet(143)) - e50c69ec-4263-4416-9cef-9cb60973670d: start FollowerState
2019-09-19 08:26:21,542 [830f5926-e6f3-4fc6-b48b-87b1008588b0@group-7A121B0D245D:LeaderElection114] INFO  impl.RaftServerImpl (RaftServerImpl.java:setRole(174)) - 830f5926-e6f3-4fc6-b48b-87b1008588b0@group-7A121B0D245D: changes role from CANDIDATE to FOLLOWER at term 1 for DISCOVERED_A_NEW_TERM
2019-09-19 08:26:21,543 [830f5926-e6f3-4fc6-b48b-87b1008588b0@group-7A121B0D245D:LeaderElection114] INFO  impl.RoleInfo (RoleInfo.java:shutdownLeaderElection(134)) - 830f5926-e6f3-4fc6-b48b-87b1008588b0: shutdown LeaderElection
2019-09-19 08:26:21,543 [pool-359-thread-1] INFO  impl.RaftServerImpl (RaftServerImpl.java:start(185)) - e50c69ec-4263-4416-9cef-9cb60973670d@group-6FD53671956A: start as a follower, conf=-1: [64a8661b-c2d9-4df7-8ca1-1b29ef624e85:192.168.36.85:38418, 830f5926-e6f3-4fc6-b48b-87b1008588b0:192.168.36.85:44294, e50c69ec-4263-4416-9cef-9cb60973670d:192.168.36.85:44827], old=null
2019-09-19 08:26:21,543 [830f5926-e6f3-4fc6-b48b-87b1008588b0@group-7A121B0D245D:LeaderElection114] INFO  impl.RoleInfo (RoleInfo.java:updateAndGet(143)) - 830f5926-e6f3-4fc6-b48b-87b1008588b0: start FollowerState
2019-09-19 08:26:21,543 [pool-289-thread-1] INFO  impl.RaftServerImpl (RaftServerImpl.java:start(185)) - 64a8661b-c2d9-4df7-8ca1-1b29ef624e85@group-7A121B0D245D: start as a follower, conf=-1: [64a8661b-c2d9-4df7-8ca1-1b29ef624e85:192.168.36.85:38418, 830f5926-e6f3-4fc6-b48b-87b1008588b0:192.168.36.85:44294, e50c69ec-4263-4416-9cef-9cb60973670d:192.168.36.85:44827], old=null
2019-09-19 08:26:21,543 [pool-359-thread-1] INFO  impl.RaftServerImpl (RaftServerImpl.java:setRole(174)) - e50c69ec-4263-4416-9cef-9cb60973670d@group-6FD53671956A: changes role from      null to FOLLOWER at term 0 for startAsFollower
2019-09-19 08:26:21,544 [pool-289-thread-1] INFO  impl.RaftServerImpl (RaftServerImpl.java:setRole(174)) - 64a8661b-c2d9-4df7-8ca1-1b29ef624e85@group-7A121B0D245D: changes role from      null to FOLLOWER at term 0 for startAsFollower
2019-09-19 08:26:21,544 [pool-359-thread-1] INFO  impl.RoleInfo (RoleInfo.java:updateAndGet(143)) - e50c69ec-4263-4416-9cef-9cb60973670d: start FollowerState
2019-09-19 08:26:21,544 [pool-289-thread-1] INFO  impl.RoleInfo (RoleInfo.java:updateAndGet(143)) - 64a8661b-c2d9-4df7-8ca1-1b29ef624e85: start FollowerState
2019-09-19 08:26:21,544 [pool-359-thread-1] INFO  util.JmxRegister (JmxRegister.java:tryRegister(44)) - Successfully registered JMX Bean with object name Ratis:service=RaftServer,group=group-6FD53671956A,id=e50c69ec-4263-4416-9cef-9cb60973670d
2019-09-19 08:26:21,544 [pool-289-thread-1] INFO  util.JmxRegister (JmxRegister.java:tryRegister(44)) - Successfully registered JMX Bean with object name Ratis:service=RaftServer,group=group-7A121B0D245D,id=64a8661b-c2d9-4df7-8ca1-1b29ef624e85
2019-09-19 08:26:21,545 [pool-359-thread-1] INFO  impl.RaftServerImpl (RaftServerImpl.java:start(185)) - e50c69ec-4263-4416-9cef-9cb60973670d@group-0B9F0340E072: start as a follower, conf=-1: [64a8661b-c2d9-4df7-8ca1-1b29ef624e85:192.168.36.85:38418, 830f5926-e6f3-4fc6-b48b-87b1008588b0:192.168.36.85:44294, e50c69ec-4263-4416-9cef-9cb60973670d:192.168.36.85:44827], old=null
2019-09-19 08:26:21,545 [pool-359-thread-1] INFO  impl.RaftServerImpl (RaftServerImpl.java:setRole(174)) - e50c69ec-4263-4416-9cef-9cb60973670d@group-0B9F0340E072: changes role from      null to FOLLOWER at term 0 for startAsFollower
2019-09-19 08:26:21,545 [pool-359-thread-1] INFO  impl.RoleInfo (RoleInfo.java:updateAndGet(143)) - e50c69ec-4263-4416-9cef-9cb60973670d: start FollowerState
2019-09-19 08:26:21,545 [pool-359-thread-1] INFO  util.JmxRegister (JmxRegister.java:tryRegister(44)) - Successfully registered JMX Bean with object name Ratis:service=RaftServer,group=group-0B9F0340E072,id=e50c69ec-4263-4416-9cef-9cb60973670d
2019-09-19 08:26:21,546 [pool-289-thread-1] INFO  impl.RaftServerImpl (RaftServerImpl.java:<init>(95)) - 64a8661b-c2d9-4df7-8ca1-1b29ef624e85: new RaftServerImpl for group-0B9F0340E072:[64a8661b-c2d9-4df7-8ca1-1b29ef624e85:192.168.36.85:38418, 830f5926-e6f3-4fc6-b48b-87b1008588b0:192.168.36.85:44294, e50c69ec-4263-4416-9cef-9cb60973670d:192.168.36.85:44827] with ContainerStateMachine:uninitialized
2019-09-19 08:26:21,547 [pool-289-thread-1] INFO  server.RaftServerConfigKeys (ConfUtils.java:logGet(43)) - raft.server.rpc.timeout.min = 1s (custom)
2019-09-19 08:26:21,547 [pool-289-thread-1] INFO  server.RaftServerConfigKeys (ConfUtils.java:logGet(43)) - raft.server.rpc.timeout.max = 1200ms (custom)
2019-09-19 08:26:21,547 [pool-289-thread-1] INFO  server.RaftServerConfigKeys (ConfUtils.java:logGet(43)) - raft.server.rpcslowness.timeout = 120s (custom)
2019-09-19 08:26:21,547 [pool-289-thread-1] INFO  server.RaftServerConfigKeys (ConfUtils.java:logGet(43)) - raft.server.sleep.deviation.threshold = 300 (default)
2019-09-19 08:26:21,547 [pool-289-thread-1] INFO  server.RaftServerConfigKeys (ConfUtils.java:logGet(43)) - raft.server.log.appender.install.snapshot.enabled = false (custom)
2019-09-19 08:26:21,547 [pool-289-thread-1] INFO  impl.RaftServerImpl (ServerState.java:<init>(103)) - 64a8661b-c2d9-4df7-8ca1-1b29ef624e85@group-0B9F0340E072: ConfigurationManager, init=-1: [64a8661b-c2d9-4df7-8ca1-1b29ef624e85:192.168.36.85:38418, 830f5926-e6f3-4fc6-b48b-87b1008588b0:192.168.36.85:44294, e50c69ec-4263-4416-9cef-9cb60973670d:192.168.36.85:44827], old=null, confs=<EMPTY_MAP>
2019-09-19 08:26:21,548 [pool-289-thread-1] INFO  server.RaftServerConfigKeys (ConfUtils.java:logGet(43)) - raft.server.storage.dir = [/workdir/hadoop-ozone/integration-test/target/test-dir/MiniOzoneClusterImpl-6146c60c-cb8d-4aa2-a902-cb133a81267e/datanode-2/data/ratis] (custom)
2019-09-19 08:26:21,548 [pool-289-thread-1] INFO  storage.RaftStorageDirectory (RaftStorageDirectory.java:analyzeStorage(246)) - The storage directory /workdir/hadoop-ozone/integration-test/target/test-dir/MiniOzoneClusterImpl-6146c60c-cb8d-4aa2-a902-cb133a81267e/datanode-2/data/ratis/7f9fd27b-cc94-4c48-94c3-0b9f0340e072 does not exist. Creating ...
2019-09-19 08:26:22,246 [main] INFO  ozoneimpl.OzoneContainer (OzoneContainer.java:stop(231)) - Attempting to stop container services.
2019-09-19 08:26:22,246 [ForkJoinPool.commonPool-worker-0] INFO  ozoneimpl.OzoneContainer (OzoneContainer.java:stop(231)) - Attempting to stop container services.
2019-09-19 08:26:22,247 [main] INFO  impl.RaftServerProxy (RaftServerProxy.java:lambda$close$4(314)) - dd3aa379-4480-4952-8a83-2df324edca08: close
2019-09-19 08:26:22,250 [main] INFO  server.GrpcService (GrpcService.java:closeImpl(164)) - dd3aa379-4480-4952-8a83-2df324edca08: shutdown server with port 41138 now
2019-09-19 08:26:22,250 [main] INFO  server.GrpcService (GrpcService.java:closeImpl(172)) - dd3aa379-4480-4952-8a83-2df324edca08: shutdown server with port 41138 successfully
2019-09-19 08:26:22,252 [refreshUsed-/workdir/hadoop-ozone/integration-test/target/test-dir/MiniOzoneClusterImpl-6146c60c-cb8d-4aa2-a902-cb133a81267e/datanode-5/data/containers] WARN  fs.CachingGetSpaceUsed (CachingGetSpaceUsed.java:run(183)) - Thread Interrupted waiting to refresh disk information: sleep interrupted
2019-09-19 08:26:22,277 [main] INFO  utils.BackgroundService (BackgroundService.java:shutdown(148)) - Shutting down service BlockDeletingService
2019-09-19 08:26:22,284 [main] INFO  statemachine.DatanodeStateMachine (DatanodeStateMachine.java:stopDaemon(395)) - Ozone container server stopped.
2019-09-19 08:26:22,286 [main] INFO  handler.ContextHandler (ContextHandler.java:doStop(910)) - Stopped o.e.j.w.WebAppContext@36c7cbe1{/,null,UNAVAILABLE}{/hddsDatanode}
2019-09-19 08:26:22,287 [main] INFO  server.AbstractConnector (AbstractConnector.java:doStop(318)) - Stopped ServerConnector@1ac6dd3d{HTTP/1.1,[http/1.1]}{0.0.0.0:0}
2019-09-19 08:26:22,287 [main] INFO  handler.ContextHandler (ContextHandler.java:doStop(910)) - Stopped o.e.j.s.ServletContextHandler@388c519{/static,jar:file:/home/user/.m2/repository/org/apache/hadoop/hadoop-hdds-container-service/0.5.0-SNAPSHOT/hadoop-hdds-container-service-0.5.0-SNAPSHOT.jar!/webapps/static,UNAVAILABLE}
2019-09-19 08:26:22,287 [main] INFO  handler.ContextHandler (ContextHandler.java:doStop(910)) - Stopped o.e.j.s.ServletContextHandler@7b53b1ad{/logs,file:///workdir/hadoop-ozone/integration-test/target/log,UNAVAILABLE}
2019-09-19 08:26:22,587 [Thread-1981] INFO  impl.FollowerState (FollowerState.java:run(106)) - 830f5926-e6f3-4fc6-b48b-87b1008588b0:group-0B9F0340E072 changes to CANDIDATE, lastRpcTime:1045, electionTimeout:1045ms
2019-09-19 08:26:22,588 [Thread-1981] INFO  impl.RoleInfo (RoleInfo.java:shutdownFollowerState(121)) - 830f5926-e6f3-4fc6-b48b-87b1008588b0: shutdown FollowerState
2019-09-19 08:26:22,588 [Thread-1981] INFO  impl.RaftServerImpl (RaftServerImpl.java:setRole(174)) - 830f5926-e6f3-4fc6-b48b-87b1008588b0@group-0B9F0340E072: changes role from  FOLLOWER to CANDIDATE at term 0 for changeToCandidate
2019-09-19 08:26:22,588 [Thread-1981] INFO  impl.RoleInfo (RoleInfo.java:updateAndGet(143)) - 830f5926-e6f3-4fc6-b48b-87b1008588b0: start LeaderElection
2019-09-19 08:26:22,592 [Thread-1984] INFO  impl.FollowerState (FollowerState.java:run(106)) - 830f5926-e6f3-4fc6-b48b-87b1008588b0:group-7A121B0D245D changes to CANDIDATE, lastRpcTime:1048, electionTimeout:1047ms
2019-09-19 08:26:22,592 [Thread-1984] INFO  impl.RoleInfo (RoleInfo.java:shutdownFollowerState(121)) - 830f5926-e6f3-4fc6-b48b-87b1008588b0: shutdown FollowerState
2019-09-19 08:26:22,592 [Thread-1984] INFO  impl.RaftServerImpl (RaftServerImpl.java:setRole(174)) - 830f5926-e6f3-4fc6-b48b-87b1008588b0@group-7A121B0D245D: changes role from  FOLLOWER to CANDIDATE at term 1 for changeToCandidate
2019-09-19 08:26:22,593 [Thread-1984] INFO  impl.RoleInfo (RoleInfo.java:updateAndGet(143)) - 830f5926-e6f3-4fc6-b48b-87b1008588b0: start LeaderElection
2019-09-19 08:26:22,596 [Thread-1982] INFO  impl.FollowerState (FollowerState.java:run(106)) - e50c69ec-4263-4416-9cef-9cb60973670d:group-7A121B0D245D changes to CANDIDATE, lastRpcTime:1054, electionTimeout:1053ms
2019-09-19 08:26:22,596 [Thread-1982] INFO  impl.RoleInfo (RoleInfo.java:shutdownFollowerState(121)) - e50c69ec-4263-4416-9cef-9cb60973670d: shutdown FollowerState
2019-09-19 08:26:22,597 [Thread-1982] INFO  impl.RaftServerImpl (RaftServerImpl.java:setRole(174)) - e50c69ec-4263-4416-9cef-9cb60973670d@group-7A121B0D245D: changes role from  FOLLOWER to CANDIDATE at term 1 for changeToCandidate
2019-09-19 08:26:22,597 [Thread-1982] INFO  impl.RoleInfo (RoleInfo.java:updateAndGet(143)) - e50c69ec-4263-4416-9cef-9cb60973670d: start LeaderElection
2019-09-19 08:26:22,649 [Thread-1989] INFO  impl.FollowerState (FollowerState.java:run(106)) - e50c69ec-4263-4416-9cef-9cb60973670d:group-0B9F0340E072 changes to CANDIDATE, lastRpcTime:1104, electionTimeout:1104ms
2019-09-19 08:26:22,650 [Thread-1989] INFO  impl.RoleInfo (RoleInfo.java:shutdownFollowerState(121)) - e50c69ec-4263-4416-9cef-9cb60973670d: shutdown FollowerState
2019-09-19 08:26:22,650 [Thread-1989] INFO  impl.RaftServerImpl (RaftServerImpl.java:setRole(174)) - e50c69ec-4263-4416-9cef-9cb60973670d@group-0B9F0340E072: changes role from  FOLLOWER to CANDIDATE at term 0 for changeToCandidate
2019-09-19 08:26:22,650 [Thread-1989] INFO  impl.RoleInfo (RoleInfo.java:updateAndGet(143)) - e50c69ec-4263-4416-9cef-9cb60973670d: start LeaderElection
2019-09-19 08:26:22,674 [Thread-1977] INFO  impl.FollowerState (FollowerState.java:run(106)) - 830f5926-e6f3-4fc6-b48b-87b1008588b0:group-6FD53671956A changes to CANDIDATE, lastRpcTime:1135, electionTimeout:1135ms
2019-09-19 08:26:22,674 [Thread-1977] INFO  impl.RoleInfo (RoleInfo.java:shutdownFollowerState(121)) - 830f5926-e6f3-4fc6-b48b-87b1008588b0: shutdown FollowerState
2019-09-19 08:26:22,675 [Thread-1977] INFO  impl.RaftServerImpl (RaftServerImpl.java:setRole(174)) - 830f5926-e6f3-4fc6-b48b-87b1008588b0@group-6FD53671956A: changes role from  FOLLOWER to CANDIDATE at term 0 for changeToCandidate
2019-09-19 08:26:22,675 [Thread-1977] INFO  impl.RoleInfo (RoleInfo.java:updateAndGet(143)) - 830f5926-e6f3-4fc6-b48b-87b1008588b0: start LeaderElection
2019-09-19 08:26:22,679 [Thread-1986] INFO  impl.FollowerState (FollowerState.java:run(106)) - 64a8661b-c2d9-4df7-8ca1-1b29ef624e85:group-7A121B0D245D changes to CANDIDATE, lastRpcTime:1135, electionTimeout:1135ms
2019-09-19 08:26:22,680 [Thread-1986] INFO  impl.RoleInfo (RoleInfo.java:shutdownFollowerState(121)) - 64a8661b-c2d9-4df7-8ca1-1b29ef624e85: shutdown FollowerState
2019-09-19 08:26:22,680 [Thread-1986] INFO  impl.RaftServerImpl (RaftServerImpl.java:setRole(174)) - 64a8661b-c2d9-4df7-8ca1-1b29ef624e85@group-7A121B0D245D: changes role from  FOLLOWER to CANDIDATE at term 0 for changeToCandidate
2019-09-19 08:26:22,680 [Thread-1986] INFO  impl.RoleInfo (RoleInfo.java:updateAndGet(143)) - 64a8661b-c2d9-4df7-8ca1-1b29ef624e85: start LeaderElection
2019-09-19 08:26:22,700 [Thread-1985] INFO  impl.FollowerState (FollowerState.java:run(106)) - e50c69ec-4263-4416-9cef-9cb60973670d:group-6FD53671956A changes to CANDIDATE, lastRpcTime:1156, electionTimeout:1156ms
2019-09-19 08:26:22,700 [Thread-1985] INFO  impl.RoleInfo (RoleInfo.java:shutdownFollowerState(121)) - e50c69ec-4263-4416-9cef-9cb60973670d: shutdown FollowerState
2019-09-19 08:26:22,701 [Thread-1985] INFO  impl.RaftServerImpl (RaftServerImpl.java:setRole(174)) - e50c69ec-4263-4416-9cef-9cb60973670d@group-6FD53671956A: changes role from  FOLLOWER to CANDIDATE at term 0 for changeToCandidate
2019-09-19 08:26:22,701 [Thread-1985] INFO  impl.RoleInfo (RoleInfo.java:updateAndGet(143)) - e50c69ec-4263-4416-9cef-9cb60973670d: start LeaderElection
2019-09-19 08:26:23,265 [Datanode State Machine Thread - 0] INFO  statemachine.DatanodeStateMachine (DatanodeStateMachine.java:lambda$startDaemon$0(350)) - Ozone container server started.
2019-09-19 08:26:24,750 [pool-289-thread-1] INFO  storage.RaftStorageDirectory (RaftStorageDirectory.java:tryLock(328)) - Lock on /workdir/hadoop-ozone/integration-test/target/test-dir/MiniOzoneClusterImpl-6146c60c-cb8d-4aa2-a902-cb133a81267e/datanode-2/data/ratis/7f9fd27b-cc94-4c48-94c3-0b9f0340e072/in_use.lock acquired by nodename 17878@pr-hdds-2101-t8mbx-1252714220
2019-09-19 08:26:26,724 [830f5926-e6f3-4fc6-b48b-87b1008588b0@group-7A121B0D245D:LeaderElection117] INFO  impl.LeaderElection (LeaderElection.java:askForVotes(182)) - 830f5926-e6f3-4fc6-b48b-87b1008588b0@group-7A121B0D245D:LeaderElection117: begin an election at term 2 for -1: [64a8661b-c2d9-4df7-8ca1-1b29ef624e85:192.168.36.85:38418, 830f5926-e6f3-4fc6-b48b-87b1008588b0:192.168.36.85:44294, e50c69ec-4263-4416-9cef-9cb60973670d:192.168.36.85:44827], old=null
2019-09-19 08:26:26,724 [830f5926-e6f3-4fc6-b48b-87b1008588b0@group-0B9F0340E072:LeaderElection116] INFO  impl.LeaderElection (LeaderElection.java:askForVotes(182)) - 830f5926-e6f3-4fc6-b48b-87b1008588b0@group-0B9F0340E072:LeaderElection116: begin an election at term 1 for -1: [64a8661b-c2d9-4df7-8ca1-1b29ef624e85:192.168.36.85:38418, 830f5926-e6f3-4fc6-b48b-87b1008588b0:192.168.36.85:44294, e50c69ec-4263-4416-9cef-9cb60973670d:192.168.36.85:44827], old=null
2019-09-19 08:26:26,724 [e50c69ec-4263-4416-9cef-9cb60973670d@group-7A121B0D245D:LeaderElection118] INFO  impl.LeaderElection (LeaderElection.java:askForVotes(182)) - e50c69ec-4263-4416-9cef-9cb60973670d@group-7A121B0D245D:LeaderElection118: begin an election at term 2 for -1: [64a8661b-c2d9-4df7-8ca1-1b29ef624e85:192.168.36.85:38418, 830f5926-e6f3-4fc6-b48b-87b1008588b0:192.168.36.85:44294, e50c69ec-4263-4416-9cef-9cb60973670d:192.168.36.85:44827], old=null
2019-09-19 08:26:26,724 [e50c69ec-4263-4416-9cef-9cb60973670d@group-6FD53671956A:LeaderElection122] INFO  impl.LeaderElection (LeaderElection.java:askForVotes(182)) - e50c69ec-4263-4416-9cef-9cb60973670d@group-6FD53671956A:LeaderElection122: begin an election at term 1 for -1: [64a8661b-c2d9-4df7-8ca1-1b29ef624e85:192.168.36.85:38418, 830f5926-e6f3-4fc6-b48b-87b1008588b0:192.168.36.85:44294, e50c69ec-4263-4416-9cef-9cb60973670d:192.168.36.85:44827], old=null
2019-09-19 08:26:26,724 [e50c69ec-4263-4416-9cef-9cb60973670d@group-0B9F0340E072:LeaderElection119] INFO  impl.LeaderElection (LeaderElection.java:askForVotes(182)) - e50c69ec-4263-4416-9cef-9cb60973670d@group-0B9F0340E072:LeaderElection119: begin an election at term 1 for -1: [64a8661b-c2d9-4df7-8ca1-1b29ef624e85:192.168.36.85:38418, 830f5926-e6f3-4fc6-b48b-87b1008588b0:192.168.36.85:44294, e50c69ec-4263-4416-9cef-9cb60973670d:192.168.36.85:44827], old=null
2019-09-19 08:26:26,724 [830f5926-e6f3-4fc6-b48b-87b1008588b0@group-6FD53671956A:LeaderElection120] INFO  impl.LeaderElection (LeaderElection.java:askForVotes(182)) - 830f5926-e6f3-4fc6-b48b-87b1008588b0@group-6FD53671956A:LeaderElection120: begin an election at term 1 for -1: [64a8661b-c2d9-4df7-8ca1-1b29ef624e85:192.168.36.85:38418, 830f5926-e6f3-4fc6-b48b-87b1008588b0:192.168.36.85:44294, e50c69ec-4263-4416-9cef-9cb60973670d:192.168.36.85:44827], old=null
2019-09-19 08:26:26,724 [64a8661b-c2d9-4df7-8ca1-1b29ef624e85@group-7A121B0D245D:LeaderElection121] INFO  impl.LeaderElection (LeaderElection.java:askForVotes(182)) - 64a8661b-c2d9-4df7-8ca1-1b29ef624e85@group-7A121B0D245D:LeaderElection121: begin an election at term 1 for -1: [64a8661b-c2d9-4df7-8ca1-1b29ef624e85:192.168.36.85:38418, 830f5926-e6f3-4fc6-b48b-87b1008588b0:192.168.36.85:44294, e50c69ec-4263-4416-9cef-9cb60973670d:192.168.36.85:44827], old=null
2019-09-19 08:26:26,729 [grpc-default-executor-14] INFO  impl.RaftServerImpl (RaftServerImpl.java:setRole(174)) - 64a8661b-c2d9-4df7-8ca1-1b29ef624e85@group-7A121B0D245D: changes role from CANDIDATE to FOLLOWER at term 2 for recognizeCandidate:830f5926-e6f3-4fc6-b48b-87b1008588b0
2019-09-19 08:26:26,730 [grpc-default-executor-14] INFO  impl.RoleInfo (RoleInfo.java:shutdownLeaderElection(134)) - 64a8661b-c2d9-4df7-8ca1-1b29ef624e85: shutdown LeaderElection
2019-09-19 08:26:26,730 [grpc-default-executor-14] INFO  impl.RoleInfo (RoleInfo.java:updateAndGet(143)) - 64a8661b-c2d9-4df7-8ca1-1b29ef624e85: start FollowerState
2019-09-19 08:26:26,730 [grpc-default-executor-12] WARN  server.GrpcServerProtocolService (LogUtils.java:warn(134)) - 64a8661b-c2d9-4df7-8ca1-1b29ef624e85: Failed requestVote 830f5926-e6f3-4fc6-b48b-87b1008588b0->64a8661b-c2d9-4df7-8ca1-1b29ef624e85#0: org.apache.ratis.protocol.ServerNotReadyException: 64a8661b-c2d9-4df7-8ca1-1b29ef624e85@group-6FD53671956A is not in [RUNNING]: current state is NEW
2019-09-19 08:26:26,735 [grpc-default-executor-16] WARN  server.GrpcServerProtocolService (LogUtils.java:warn(134)) - 64a8661b-c2d9-4df7-8ca1-1b29ef624e85: Failed requestVote e50c69ec-4263-4416-9cef-9cb60973670d->64a8661b-c2d9-4df7-8ca1-1b29ef624e85#0: org.apache.ratis.protocol.ServerNotReadyException: 64a8661b-c2d9-4df7-8ca1-1b29ef624e85@group-6FD53671956A is not in [RUNNING]: current state is NEW
2019-09-19 08:26:26,735 [830f5926-e6f3-4fc6-b48b-87b1008588b0@group-6FD53671956A:LeaderElection120] INFO  impl.LeaderElection (LogUtils.java:infoOrTrace(149)) - 830f5926-e6f3-4fc6-b48b-87b1008588b0@group-6FD53671956A:LeaderElection120 got exception when requesting votes: {}
java.util.concurrent.ExecutionException: org.apache.ratis.thirdparty.io.grpc.StatusRuntimeException: INTERNAL: 64a8661b-c2d9-4df7-8ca1-1b29ef624e85@group-6FD53671956A is not in [RUNNING]: current state is NEW
	at java.util.concurrent.FutureTask.report(FutureTask.java:122)
	at java.util.concurrent.FutureTask.get(FutureTask.java:192)
	at org.apache.ratis.server.impl.LeaderElection.waitForResults(LeaderElection.java:263)
	at org.apache.ratis.server.impl.LeaderElection.askForVotes(LeaderElection.java:201)
	at org.apache.ratis.server.impl.LeaderElection.run(LeaderElection.java:133)
	at java.lang.Thread.run(Thread.java:748)
Caused by: org.apache.ratis.thirdparty.io.grpc.StatusRuntimeException: INTERNAL: 64a8661b-c2d9-4df7-8ca1-1b29ef624e85@group-6FD53671956A is not in [RUNNING]: current state is NEW
	at org.apache.ratis.thirdparty.io.grpc.stub.ClientCalls.toStatusRuntimeException(ClientCalls.java:233)
	at org.apache.ratis.thirdparty.io.grpc.stub.ClientCalls.getUnchecked(ClientCalls.java:214)
	at org.apache.ratis.thirdparty.io.grpc.stub.ClientCalls.blockingUnaryCall(ClientCalls.java:139)
	at org.apache.ratis.proto.grpc.RaftServerProtocolServiceGrpc$RaftServerProtocolServiceBlockingStub.requestVote(RaftServerProtocolServiceGrpc.java:265)
	at org.apache.ratis.grpc.server.GrpcServerProtocolClient.requestVote(GrpcServerProtocolClient.java:90)
	at org.apache.ratis.grpc.server.GrpcService.requestVote(GrpcService.java:204)
	at org.apache.ratis.server.impl.LeaderElection.lambda$submitRequests$1(LeaderElection.java:238)
	at java.util.concurrent.FutureTask.run(FutureTask.java:266)
	at java.util.concurrent.Executors$RunnableAdapter.call(Executors.java:511)
	at java.util.concurrent.FutureTask.run(FutureTask.java:266)
	at java.util.concurrent.ThreadPoolExecutor.runWorker(ThreadPoolExecutor.java:1149)
	at java.util.concurrent.ThreadPoolExecutor$Worker.run(ThreadPoolExecutor.java:624)
	... 1 more
2019-09-19 08:26:26,736 [64a8661b-c2d9-4df7-8ca1-1b29ef624e85@group-7A121B0D245D:LeaderElection121] INFO  impl.LeaderElection (LeaderElection.java:logAndReturn(56)) - 64a8661b-c2d9-4df7-8ca1-1b29ef624e85@group-7A121B0D245D:LeaderElection121: Election DISCOVERED_A_NEW_TERM; received 1 response(s) [64a8661b-c2d9-4df7-8ca1-1b29ef624e85<-e50c69ec-4263-4416-9cef-9cb60973670d#0:FAIL-t2] and 0 exception(s); 64a8661b-c2d9-4df7-8ca1-1b29ef624e85@group-7A121B0D245D:t2, leader=null, voted=null, raftlog=64a8661b-c2d9-4df7-8ca1-1b29ef624e85@group-7A121B0D245D-SegmentedRaftLog:OPENED:c-1,f-1,i0, conf=-1: [64a8661b-c2d9-4df7-8ca1-1b29ef624e85:192.168.36.85:38418, 830f5926-e6f3-4fc6-b48b-87b1008588b0:192.168.36.85:44294, e50c69ec-4263-4416-9cef-9cb60973670d:192.168.36.85:44827], old=null
2019-09-19 08:26:26,736 [830f5926-e6f3-4fc6-b48b-87b1008588b0@group-6FD53671956A:LeaderElection120] INFO  impl.LeaderElection (LeaderElection.java:logAndReturn(56)) - 830f5926-e6f3-4fc6-b48b-87b1008588b0@group-6FD53671956A:LeaderElection120: Election REJECTED; received 1 response(s) [830f5926-e6f3-4fc6-b48b-87b1008588b0<-e50c69ec-4263-4416-9cef-9cb60973670d#0:FAIL-t1] and 1 exception(s); 830f5926-e6f3-4fc6-b48b-87b1008588b0@group-6FD53671956A:t1, leader=null, voted=830f5926-e6f3-4fc6-b48b-87b1008588b0, raftlog=830f5926-e6f3-4fc6-b48b-87b1008588b0@group-6FD53671956A-SegmentedRaftLog:OPENED:c-1,f-1,i0, conf=-1: [64a8661b-c2d9-4df7-8ca1-1b29ef624e85:192.168.36.85:38418, 830f5926-e6f3-4fc6-b48b-87b1008588b0:192.168.36.85:44294, e50c69ec-4263-4416-9cef-9cb60973670d:192.168.36.85:44827], old=null
2019-09-19 08:26:26,736 [830f5926-e6f3-4fc6-b48b-87b1008588b0@group-6FD53671956A:LeaderElection120] INFO  impl.LeaderElection (LogUtils.java:infoOrTrace(149)) -   Exception 0: {}
java.util.concurrent.ExecutionException: org.apache.ratis.thirdparty.io.grpc.StatusRuntimeException: INTERNAL: 64a8661b-c2d9-4df7-8ca1-1b29ef624e85@group-6FD53671956A is not in [RUNNING]: current state is NEW
	at java.util.concurrent.FutureTask.report(FutureTask.java:122)
	at java.util.concurrent.FutureTask.get(FutureTask.java:192)
	at org.apache.ratis.server.impl.LeaderElection.waitForResults(LeaderElection.java:263)
	at org.apache.ratis.server.impl.LeaderElection.askForVotes(LeaderElection.java:201)
	at org.apache.ratis.server.impl.LeaderElection.run(LeaderElection.java:133)
	at java.lang.Thread.run(Thread.java:748)
Caused by: org.apache.ratis.thirdparty.io.grpc.StatusRuntimeException: INTERNAL: 64a8661b-c2d9-4df7-8ca1-1b29ef624e85@group-6FD53671956A is not in [RUNNING]: current state is NEW
	at org.apache.ratis.thirdparty.io.grpc.stub.ClientCalls.toStatusRuntimeException(ClientCalls.java:233)
	at org.apache.ratis.thirdparty.io.grpc.stub.ClientCalls.getUnchecked(ClientCalls.java:214)
	at org.apache.ratis.thirdparty.io.grpc.stub.ClientCalls.blockingUnaryCall(ClientCalls.java:139)
	at org.apache.ratis.proto.grpc.RaftServerProtocolServiceGrpc$RaftServerProtocolServiceBlockingStub.requestVote(RaftServerProtocolServiceGrpc.java:265)
	at org.apache.ratis.grpc.server.GrpcServerProtocolClient.requestVote(GrpcServerProtocolClient.java:90)
	at org.apache.ratis.grpc.server.GrpcService.requestVote(GrpcService.java:204)
	at org.apache.ratis.server.impl.LeaderElection.lambda$submitRequests$1(LeaderElection.java:238)
	at java.util.concurrent.FutureTask.run(FutureTask.java:266)
	at java.util.concurrent.Executors$RunnableAdapter.call(Executors.java:511)
	at java.util.concurrent.FutureTask.run(FutureTask.java:266)
	at java.util.concurrent.ThreadPoolExecutor.runWorker(ThreadPoolExecutor.java:1149)
	at java.util.concurrent.ThreadPoolExecutor$Worker.run(ThreadPoolExecutor.java:624)
	... 1 more
2019-09-19 08:26:26,737 [830f5926-e6f3-4fc6-b48b-87b1008588b0@group-6FD53671956A:LeaderElection120] INFO  impl.RaftServerImpl (RaftServerImpl.java:setRole(174)) - 830f5926-e6f3-4fc6-b48b-87b1008588b0@group-6FD53671956A: changes role from CANDIDATE to FOLLOWER at term 1 for DISCOVERED_A_NEW_TERM
2019-09-19 08:26:26,737 [830f5926-e6f3-4fc6-b48b-87b1008588b0@group-6FD53671956A:LeaderElection120] INFO  impl.RoleInfo (RoleInfo.java:shutdownLeaderElection(134)) - 830f5926-e6f3-4fc6-b48b-87b1008588b0: shutdown LeaderElection
2019-09-19 08:26:26,737 [830f5926-e6f3-4fc6-b48b-87b1008588b0@group-6FD53671956A:LeaderElection120] INFO  impl.RoleInfo (RoleInfo.java:updateAndGet(143)) - 830f5926-e6f3-4fc6-b48b-87b1008588b0: start FollowerState
2019-09-19 08:26:26,739 [e50c69ec-4263-4416-9cef-9cb60973670d@group-6FD53671956A:LeaderElection122] INFO  impl.LeaderElection (LogUtils.java:infoOrTrace(149)) - e50c69ec-4263-4416-9cef-9cb60973670d@group-6FD53671956A:LeaderElection122 got exception when requesting votes: {}
java.util.concurrent.ExecutionException: org.apache.ratis.thirdparty.io.grpc.StatusRuntimeException: INTERNAL: 64a8661b-c2d9-4df7-8ca1-1b29ef624e85@group-6FD53671956A is not in [RUNNING]: current state is NEW
	at java.util.concurrent.FutureTask.report(FutureTask.java:122)
	at java.util.concurrent.FutureTask.get(FutureTask.java:192)
	at org.apache.ratis.server.impl.LeaderElection.waitForResults(LeaderElection.java:263)
	at org.apache.ratis.server.impl.LeaderElection.askForVotes(LeaderElection.java:201)
	at org.apache.ratis.server.impl.LeaderElection.run(LeaderElection.java:133)
	at java.lang.Thread.run(Thread.java:748)
Caused by: org.apache.ratis.thirdparty.io.grpc.StatusRuntimeException: INTERNAL: 64a8661b-c2d9-4df7-8ca1-1b29ef624e85@group-6FD53671956A is not in [RUNNING]: current state is NEW
	at org.apache.ratis.thirdparty.io.grpc.stub.ClientCalls.toStatusRuntimeException(ClientCalls.java:233)
	at org.apache.ratis.thirdparty.io.grpc.stub.ClientCalls.getUnchecked(ClientCalls.java:214)
	at org.apache.ratis.thirdparty.io.grpc.stub.ClientCalls.blockingUnaryCall(ClientCalls.java:139)
	at org.apache.ratis.proto.grpc.RaftServerProtocolServiceGrpc$RaftServerProtocolServiceBlockingStub.requestVote(RaftServerProtocolServiceGrpc.java:265)
	at org.apache.ratis.grpc.server.GrpcServerProtocolClient.requestVote(GrpcServerProtocolClient.java:90)
	at org.apache.ratis.grpc.server.GrpcService.requestVote(GrpcService.java:204)
	at org.apache.ratis.server.impl.LeaderElection.lambda$submitRequests$1(LeaderElection.java:238)
	at java.util.concurrent.FutureTask.run(FutureTask.java:266)
	at java.util.concurrent.Executors$RunnableAdapter.call(Executors.java:511)
	at java.util.concurrent.FutureTask.run(FutureTask.java:266)
	at java.util.concurrent.ThreadPoolExecutor.runWorker(ThreadPoolExecutor.java:1149)
	at java.util.concurrent.ThreadPoolExecutor$Worker.run(ThreadPoolExecutor.java:624)
	... 1 more
2019-09-19 08:26:26,739 [e50c69ec-4263-4416-9cef-9cb60973670d@group-6FD53671956A:LeaderElection122] INFO  impl.LeaderElection (LeaderElection.java:logAndReturn(56)) - e50c69ec-4263-4416-9cef-9cb60973670d@group-6FD53671956A:LeaderElection122: Election REJECTED; received 1 response(s) [e50c69ec-4263-4416-9cef-9cb60973670d<-830f5926-e6f3-4fc6-b48b-87b1008588b0#0:FAIL-t1] and 1 exception(s); e50c69ec-4263-4416-9cef-9cb60973670d@group-6FD53671956A:t1, leader=null, voted=e50c69ec-4263-4416-9cef-9cb60973670d, raftlog=e50c69ec-4263-4416-9cef-9cb60973670d@group-6FD53671956A-SegmentedRaftLog:OPENED:c-1,f-1,i0, conf=-1: [64a8661b-c2d9-4df7-8ca1-1b29ef624e85:192.168.36.85:38418, 830f5926-e6f3-4fc6-b48b-87b1008588b0:192.168.36.85:44294, e50c69ec-4263-4416-9cef-9cb60973670d:192.168.36.85:44827], old=null
2019-09-19 08:26:26,739 [e50c69ec-4263-4416-9cef-9cb60973670d@group-6FD53671956A:LeaderElection122] INFO  impl.LeaderElection (LogUtils.java:infoOrTrace(149)) -   Exception 0: {}
java.util.concurrent.ExecutionException: org.apache.ratis.thirdparty.io.grpc.StatusRuntimeException: INTERNAL: 64a8661b-c2d9-4df7-8ca1-1b29ef624e85@group-6FD53671956A is not in [RUNNING]: current state is NEW
	at java.util.concurrent.FutureTask.report(FutureTask.java:122)
	at java.util.concurrent.FutureTask.get(FutureTask.java:192)
	at org.apache.ratis.server.impl.LeaderElection.waitForResults(LeaderElection.java:263)
	at org.apache.ratis.server.impl.LeaderElection.askForVotes(LeaderElection.java:201)
	at org.apache.ratis.server.impl.LeaderElection.run(LeaderElection.java:133)
	at java.lang.Thread.run(Thread.java:748)
Caused by: org.apache.ratis.thirdparty.io.grpc.StatusRuntimeException: INTERNAL: 64a8661b-c2d9-4df7-8ca1-1b29ef624e85@group-6FD53671956A is not in [RUNNING]: current state is NEW
	at org.apache.ratis.thirdparty.io.grpc.stub.ClientCalls.toStatusRuntimeException(ClientCalls.java:233)
	at org.apache.ratis.thirdparty.io.grpc.stub.ClientCalls.getUnchecked(ClientCalls.java:214)
	at org.apache.ratis.thirdparty.io.grpc.stub.ClientCalls.blockingUnaryCall(ClientCalls.java:139)
	at org.apache.ratis.proto.grpc.RaftServerProtocolServiceGrpc$RaftServerProtocolServiceBlockingStub.requestVote(RaftServerProtocolServiceGrpc.java:265)
	at org.apache.ratis.grpc.server.GrpcServerProtocolClient.requestVote(GrpcServerProtocolClient.java:90)
	at org.apache.ratis.grpc.server.GrpcService.requestVote(GrpcService.java:204)
	at org.apache.ratis.server.impl.LeaderElection.lambda$submitRequests$1(LeaderElection.java:238)
	at java.util.concurrent.FutureTask.run(FutureTask.java:266)
	at java.util.concurrent.Executors$RunnableAdapter.call(Executors.java:511)
	at java.util.concurrent.FutureTask.run(FutureTask.java:266)
	at java.util.concurrent.ThreadPoolExecutor.runWorker(ThreadPoolExecutor.java:1149)
	at java.util.concurrent.ThreadPoolExecutor$Worker.run(ThreadPoolExecutor.java:624)
	... 1 more
2019-09-19 08:26:26,740 [e50c69ec-4263-4416-9cef-9cb60973670d@group-6FD53671956A:LeaderElection122] INFO  impl.RaftServerImpl (RaftServerImpl.java:setRole(174)) - e50c69ec-4263-4416-9cef-9cb60973670d@group-6FD53671956A: changes role from CANDIDATE to FOLLOWER at term 1 for DISCOVERED_A_NEW_TERM
2019-09-19 08:26:26,740 [e50c69ec-4263-4416-9cef-9cb60973670d@group-6FD53671956A:LeaderElection122] INFO  impl.RoleInfo (RoleInfo.java:shutdownLeaderElection(134)) - e50c69ec-4263-4416-9cef-9cb60973670d: shutdown LeaderElection
2019-09-19 08:26:26,740 [e50c69ec-4263-4416-9cef-9cb60973670d@group-6FD53671956A:LeaderElection122] INFO  impl.RoleInfo (RoleInfo.java:updateAndGet(143)) - e50c69ec-4263-4416-9cef-9cb60973670d: start FollowerState
2019-09-19 08:26:27,289 [main] INFO  ozoneimpl.OzoneContainer (OzoneContainer.java:stop(231)) - Attempting to stop container services.
2019-09-19 08:26:27,290 [main] INFO  impl.RaftServerProxy (RaftServerProxy.java:lambda$close$4(314)) - fa091260-1444-41da-9b49-517bc8113479: close
2019-09-19 08:26:27,293 [main] INFO  server.GrpcService (GrpcService.java:closeImpl(164)) - fa091260-1444-41da-9b49-517bc8113479: shutdown server with port 43240 now
2019-09-19 08:26:27,293 [main] INFO  server.GrpcService (GrpcService.java:closeImpl(172)) - fa091260-1444-41da-9b49-517bc8113479: shutdown server with port 43240 successfully
2019-09-19 08:26:27,295 [refreshUsed-/workdir/hadoop-ozone/integration-test/target/test-dir/MiniOzoneClusterImpl-6146c60c-cb8d-4aa2-a902-cb133a81267e/datanode-6/data/containers] WARN  fs.CachingGetSpaceUsed (CachingGetSpaceUsed.java:run(183)) - Thread Interrupted waiting to refresh disk information: sleep interrupted
2019-09-19 08:26:27,314 [main] INFO  utils.BackgroundService (BackgroundService.java:shutdown(148)) - Shutting down service BlockDeletingService
2019-09-19 08:26:27,323 [main] INFO  statemachine.DatanodeStateMachine (DatanodeStateMachine.java:stopDaemon(395)) - Ozone container server stopped.
2019-09-19 08:26:27,324 [main] INFO  handler.ContextHandler (ContextHandler.java:doStop(910)) - Stopped o.e.j.w.WebAppContext@740dcae3{/,null,UNAVAILABLE}{/hddsDatanode}
2019-09-19 08:26:27,325 [main] INFO  server.AbstractConnector (AbstractConnector.java:doStop(318)) - Stopped ServerConnector@4e140497{HTTP/1.1,[http/1.1]}{0.0.0.0:0}
2019-09-19 08:26:27,325 [main] INFO  handler.ContextHandler (ContextHandler.java:doStop(910)) - Stopped o.e.j.s.ServletContextHandler@30c19bff{/static,jar:file:/home/user/.m2/repository/org/apache/hadoop/hadoop-hdds-container-service/0.5.0-SNAPSHOT/hadoop-hdds-container-service-0.5.0-SNAPSHOT.jar!/webapps/static,UNAVAILABLE}
2019-09-19 08:26:27,326 [main] INFO  handler.ContextHandler (ContextHandler.java:doStop(910)) - Stopped o.e.j.s.ServletContextHandler@3d2f3dcb{/logs,file:///workdir/hadoop-ozone/integration-test/target/log,UNAVAILABLE}
2019-09-19 08:26:27,403 [Datanode State Machine Thread - 0] INFO  statemachine.DatanodeStateMachine (DatanodeStateMachine.java:lambda$startDaemon$0(350)) - Ozone container server started.
2019-09-19 08:26:27,733 [830f5926-e6f3-4fc6-b48b-87b1008588b0@group-0B9F0340E072:LeaderElection116] INFO  impl.LeaderElection (LeaderElection.java:logAndReturn(56)) - 830f5926-e6f3-4fc6-b48b-87b1008588b0@group-0B9F0340E072:LeaderElection116: Election TIMEOUT; received 1 response(s) [830f5926-e6f3-4fc6-b48b-87b1008588b0<-e50c69ec-4263-4416-9cef-9cb60973670d#0:FAIL-t1] and 0 exception(s); 830f5926-e6f3-4fc6-b48b-87b1008588b0@group-0B9F0340E072:t1, leader=null, voted=830f5926-e6f3-4fc6-b48b-87b1008588b0, raftlog=830f5926-e6f3-4fc6-b48b-87b1008588b0@group-0B9F0340E072-SegmentedRaftLog:OPENED:c-1,f-1,i0, conf=-1: [64a8661b-c2d9-4df7-8ca1-1b29ef624e85:192.168.36.85:38418, 830f5926-e6f3-4fc6-b48b-87b1008588b0:192.168.36.85:44294, e50c69ec-4263-4416-9cef-9cb60973670d:192.168.36.85:44827], old=null
2019-09-19 08:26:27,737 [Thread-2013] INFO  impl.FollowerState (FollowerState.java:run(106)) - 830f5926-e6f3-4fc6-b48b-87b1008588b0:group-6FD53671956A changes to CANDIDATE, lastRpcTime:1000, electionTimeout:1000ms
2019-09-19 08:26:27,738 [Thread-2013] INFO  impl.RoleInfo (RoleInfo.java:shutdownFollowerState(121)) - 830f5926-e6f3-4fc6-b48b-87b1008588b0: shutdown FollowerState
2019-09-19 08:26:27,738 [Thread-2013] INFO  impl.RaftServerImpl (RaftServerImpl.java:setRole(174)) - 830f5926-e6f3-4fc6-b48b-87b1008588b0@group-6FD53671956A: changes role from  FOLLOWER to CANDIDATE at term 1 for changeToCandidate
2019-09-19 08:26:27,738 [Thread-2013] INFO  impl.RoleInfo (RoleInfo.java:updateAndGet(143)) - 830f5926-e6f3-4fc6-b48b-87b1008588b0: start LeaderElection
2019-09-19 08:26:27,742 [830f5926-e6f3-4fc6-b48b-87b1008588b0@group-7A121B0D245D:LeaderElection117] INFO  impl.LeaderElection (LeaderElection.java:logAndReturn(56)) - 830f5926-e6f3-4fc6-b48b-87b1008588b0@group-7A121B0D245D:LeaderElection117: Election TIMEOUT; received 1 response(s) [830f5926-e6f3-4fc6-b48b-87b1008588b0<-e50c69ec-4263-4416-9cef-9cb60973670d#0:FAIL-t2] and 0 exception(s); 830f5926-e6f3-4fc6-b48b-87b1008588b0@group-7A121B0D245D:t2, leader=null, voted=830f5926-e6f3-4fc6-b48b-87b1008588b0, raftlog=830f5926-e6f3-4fc6-b48b-87b1008588b0@group-7A121B0D245D-SegmentedRaftLog:OPENED:c-1,f-1,i0, conf=-1: [64a8661b-c2d9-4df7-8ca1-1b29ef624e85:192.168.36.85:38418, 830f5926-e6f3-4fc6-b48b-87b1008588b0:192.168.36.85:44294, e50c69ec-4263-4416-9cef-9cb60973670d:192.168.36.85:44827], old=null
2019-09-19 08:26:27,744 [Thread-2014] INFO  impl.FollowerState (FollowerState.java:run(106)) - e50c69ec-4263-4416-9cef-9cb60973670d:group-6FD53671956A changes to CANDIDATE, lastRpcTime:1003, electionTimeout:1003ms
2019-09-19 08:26:27,744 [Thread-2014] INFO  impl.RoleInfo (RoleInfo.java:shutdownFollowerState(121)) - e50c69ec-4263-4416-9cef-9cb60973670d: shutdown FollowerState
2019-09-19 08:26:27,744 [Thread-2014] INFO  impl.RaftServerImpl (RaftServerImpl.java:setRole(174)) - e50c69ec-4263-4416-9cef-9cb60973670d@group-6FD53671956A: changes role from  FOLLOWER to CANDIDATE at term 1 for changeToCandidate
2019-09-19 08:26:27,744 [Thread-2014] INFO  impl.RoleInfo (RoleInfo.java:updateAndGet(143)) - e50c69ec-4263-4416-9cef-9cb60973670d: start LeaderElection
2019-09-19 08:26:27,848 [e50c69ec-4263-4416-9cef-9cb60973670d@group-7A121B0D245D:LeaderElection118] INFO  impl.LeaderElection (LeaderElection.java:logAndReturn(56)) - e50c69ec-4263-4416-9cef-9cb60973670d@group-7A121B0D245D:LeaderElection118: Election TIMEOUT; received 1 response(s) [e50c69ec-4263-4416-9cef-9cb60973670d<-830f5926-e6f3-4fc6-b48b-87b1008588b0#0:FAIL-t2] and 0 exception(s); e50c69ec-4263-4416-9cef-9cb60973670d@group-7A121B0D245D:t2, leader=null, voted=e50c69ec-4263-4416-9cef-9cb60973670d, raftlog=e50c69ec-4263-4416-9cef-9cb60973670d@group-7A121B0D245D-SegmentedRaftLog:OPENED:c-1,f-1,i0, conf=-1: [64a8661b-c2d9-4df7-8ca1-1b29ef624e85:192.168.36.85:38418, 830f5926-e6f3-4fc6-b48b-87b1008588b0:192.168.36.85:44294, e50c69ec-4263-4416-9cef-9cb60973670d:192.168.36.85:44827], old=null
2019-09-19 08:26:27,856 [e50c69ec-4263-4416-9cef-9cb60973670d@group-0B9F0340E072:LeaderElection119] INFO  impl.LeaderElection (LeaderElection.java:logAndReturn(56)) - e50c69ec-4263-4416-9cef-9cb60973670d@group-0B9F0340E072:LeaderElection119: Election TIMEOUT; received 1 response(s) [e50c69ec-4263-4416-9cef-9cb60973670d<-830f5926-e6f3-4fc6-b48b-87b1008588b0#0:FAIL-t1] and 0 exception(s); e50c69ec-4263-4416-9cef-9cb60973670d@group-0B9F0340E072:t1, leader=null, voted=e50c69ec-4263-4416-9cef-9cb60973670d, raftlog=e50c69ec-4263-4416-9cef-9cb60973670d@group-0B9F0340E072-SegmentedRaftLog:OPENED:c-1,f-1,i0, conf=-1: [64a8661b-c2d9-4df7-8ca1-1b29ef624e85:192.168.36.85:38418, 830f5926-e6f3-4fc6-b48b-87b1008588b0:192.168.36.85:44294, e50c69ec-4263-4416-9cef-9cb60973670d:192.168.36.85:44827], old=null
2019-09-19 08:26:29,162 [pool-289-thread-1] INFO  storage.RaftStorage (RaftStorage.java:format(72)) - Storage directory /workdir/hadoop-ozone/integration-test/target/test-dir/MiniOzoneClusterImpl-6146c60c-cb8d-4aa2-a902-cb133a81267e/datanode-2/data/ratis/7f9fd27b-cc94-4c48-94c3-0b9f0340e072 has been successfully formatted.
2019-09-19 08:26:29,162 [pool-289-thread-1] INFO  ratis.ContainerStateMachine (ContainerStateMachine.java:loadSnapshot(230)) - group-0B9F0340E072: The snapshot info is null. Setting the last applied indexto:(t:0, i:~)
2019-09-19 08:26:29,163 [pool-289-thread-1] INFO  server.RaftServerConfigKeys (ConfUtils.java:logGet(43)) - raft.server.notification.no-leader.timeout = 120s (custom)
2019-09-19 08:26:29,163 [pool-289-thread-1] INFO  server.RaftServerConfigKeys (ConfUtils.java:logGet(43)) - raft.server.log.use.memory = false (default)
2019-09-19 08:26:29,163 [pool-289-thread-1] INFO  server.RaftServerConfigKeys (ConfUtils.java:logGet(43)) - raft.server.log.purge.gap = 1000000 (custom)
2019-09-19 08:26:29,163 [pool-289-thread-1] INFO  server.RaftServerConfigKeys (ConfUtils.java:logGet(43)) - raft.server.log.appender.buffer.byte-limit = 33554432 (custom)
2019-09-19 08:26:29,163 [pool-289-thread-1] INFO  server.RaftServerConfigKeys (ConfUtils.java:logGet(43)) - raft.server.log.segment.size.max = 1048576 (custom)
2019-09-19 08:26:29,163 [pool-289-thread-1] INFO  server.RaftServerConfigKeys (ConfUtils.java:logGet(43)) - raft.server.log.segment.cache.num.max = 2 (custom)
2019-09-19 08:26:29,164 [pool-289-thread-1] INFO  segmented.SegmentedRaftLogWorker (SegmentedRaftLogWorker.java:<init>(172)) - new 64a8661b-c2d9-4df7-8ca1-1b29ef624e85@group-0B9F0340E072-SegmentedRaftLogWorker for RaftStorage:Storage Directory /workdir/hadoop-ozone/integration-test/target/test-dir/MiniOzoneClusterImpl-6146c60c-cb8d-4aa2-a902-cb133a81267e/datanode-2/data/ratis/7f9fd27b-cc94-4c48-94c3-0b9f0340e072
2019-09-19 08:26:29,164 [pool-289-thread-1] INFO  server.RaftServerConfigKeys (ConfUtils.java:logGet(43)) - raft.server.log.queue.byte-limit = 2147483647 (custom)
2019-09-19 08:26:29,164 [pool-289-thread-1] INFO  server.RaftServerConfigKeys (ConfUtils.java:logGet(43)) - raft.server.log.queue.element-limit = 1024 (custom)
2019-09-19 08:26:29,164 [pool-289-thread-1] INFO  server.RaftServerConfigKeys (ConfUtils.java:logGet(43)) - raft.server.log.segment.size.max = 1048576 (custom)
2019-09-19 08:26:29,164 [pool-289-thread-1] INFO  server.RaftServerConfigKeys (ConfUtils.java:logGet(43)) - raft.server.log.preallocated.size = 16384 (custom)
2019-09-19 08:26:29,164 [pool-289-thread-1] INFO  server.RaftServerConfigKeys (ConfUtils.java:logGet(43)) - raft.server.log.write.buffer.size = 33554432 (custom)
2019-09-19 08:26:29,165 [pool-289-thread-1] INFO  server.RaftServerConfigKeys (ConfUtils.java:logGet(43)) - raft.server.log.force.sync.num = 128 (default)
2019-09-19 08:26:29,165 [pool-289-thread-1] INFO  server.RaftServerConfigKeys (ConfUtils.java:logGet(43)) - raft.server.log.statemachine.data.sync = true (default)
2019-09-19 08:26:29,165 [pool-289-thread-1] INFO  server.RaftServerConfigKeys (ConfUtils.java:logGet(43)) - raft.server.log.statemachine.data.sync.timeout = 10s (default)
2019-09-19 08:26:29,165 [pool-289-thread-1] INFO  server.RaftServerConfigKeys (ConfUtils.java:logGet(43)) - raft.server.log.statemachine.data.sync.timeout.retry = -1 (default)
2019-09-19 08:26:29,165 [pool-289-thread-1] INFO  server.RaftServerConfigKeys (ConfUtils.java:logGet(43)) - raft.server.log.statemachine.data.caching.enabled = true (custom)
2019-09-19 08:26:29,166 [pool-289-thread-1] INFO  segmented.SegmentedRaftLogWorker (SegmentedRaftLogWorker.java:lambda$new$0(132)) - 64a8661b-c2d9-4df7-8ca1-1b29ef624e85@group-0B9F0340E072-SegmentedRaftLogWorker: flushIndex: setUnconditionally 0 -> -1
2019-09-19 08:26:29,166 [pool-289-thread-1] INFO  server.RaftServerConfigKeys (ConfUtils.java:logGet(43)) - raft.server.snapshot.auto.trigger.enabled = true (custom)
2019-09-19 08:26:29,166 [pool-289-thread-1] INFO  server.RaftServerConfigKeys (ConfUtils.java:logGet(43)) - raft.server.snapshot.auto.trigger.threshold = 10000 (custom)
2019-09-19 08:26:29,166 [pool-289-thread-1] INFO  server.RaftServerConfigKeys (ConfUtils.java:logGet(43)) - raft.server.snapshot.retention.num.files = 5 (custom)
2019-09-19 08:26:29,167 [pool-289-thread-1] INFO  server.RaftServerConfigKeys (ConfUtils.java:logGet(43)) - raft.server.retrycache.expirytime = 600000ms (custom)
2019-09-19 08:26:29,170 [grpc-default-executor-9] WARN  server.GrpcServerProtocolService (LogUtils.java:warn(134)) - 64a8661b-c2d9-4df7-8ca1-1b29ef624e85: Failed requestVote 830f5926-e6f3-4fc6-b48b-87b1008588b0->64a8661b-c2d9-4df7-8ca1-1b29ef624e85#0: org.apache.ratis.protocol.ServerNotReadyException: 64a8661b-c2d9-4df7-8ca1-1b29ef624e85@group-0B9F0340E072 is not in [RUNNING]: current state is NEW
2019-09-19 08:26:29,170 [grpc-default-executor-12] WARN  server.GrpcServerProtocolService (LogUtils.java:warn(134)) - 64a8661b-c2d9-4df7-8ca1-1b29ef624e85: Failed requestVote e50c69ec-4263-4416-9cef-9cb60973670d->64a8661b-c2d9-4df7-8ca1-1b29ef624e85#0: org.apache.ratis.protocol.ServerNotReadyException: 64a8661b-c2d9-4df7-8ca1-1b29ef624e85@group-0B9F0340E072 is not in [RUNNING]: current state is NEW
2019-09-19 08:26:29,170 [pool-289-thread-1] INFO  impl.RaftServerProxy (RaftServerProxy.java:remove(95)) - 64a8661b-c2d9-4df7-8ca1-1b29ef624e85: remove      null 64a8661b-c2d9-4df7-8ca1-1b29ef624e85@group-0B9F0340E072:t0, leader=null, voted=null, raftlog=64a8661b-c2d9-4df7-8ca1-1b29ef624e85@group-0B9F0340E072-SegmentedRaftLog:OPENED:c-1,f-1,i0, conf=-1: [64a8661b-c2d9-4df7-8ca1-1b29ef624e85:192.168.36.85:38418, 830f5926-e6f3-4fc6-b48b-87b1008588b0:192.168.36.85:44294, e50c69ec-4263-4416-9cef-9cb60973670d:192.168.36.85:44827], old=null NEW
2019-09-19 08:26:29,171 [pool-289-thread-1] WARN  impl.RaftServerProxy (RaftServerProxy.java:lambda$groupAddAsync$11(388)) - 64a8661b-c2d9-4df7-8ca1-1b29ef624e85: Failed groupAdd* GroupManagementRequest:client-9E3CD9664A67->64a8661b-c2d9-4df7-8ca1-1b29ef624e85@group-0B9F0340E072, cid=64, seq=0, RW, null, Add:group-0B9F0340E072:[64a8661b-c2d9-4df7-8ca1-1b29ef624e85:192.168.36.85:38418, 830f5926-e6f3-4fc6-b48b-87b1008588b0:192.168.36.85:44294, e50c69ec-4263-4416-9cef-9cb60973670d:192.168.36.85:44827]
java.util.concurrent.CompletionException: java.util.concurrent.RejectedExecutionException: Task java.util.concurrent.CompletableFuture$UniApply@36e2ca1b rejected from java.util.concurrent.ThreadPoolExecutor@5aa86247[Shutting down, pool size = 1, active threads = 1, queued tasks = 2, completed tasks = 6]
	at java.util.concurrent.CompletableFuture.encodeThrowable(CompletableFuture.java:273)
	at java.util.concurrent.CompletableFuture.completeThrowable(CompletableFuture.java:280)
	at java.util.concurrent.CompletableFuture.uniApply(CompletableFuture.java:604)
	at java.util.concurrent.CompletableFuture$UniApply.tryFire(CompletableFuture.java:577)
	at java.util.concurrent.CompletableFuture.postComplete(CompletableFuture.java:474)
	at java.util.concurrent.CompletableFuture$AsyncSupply.run(CompletableFuture.java:1595)
	at java.util.concurrent.ThreadPoolExecutor.runWorker(ThreadPoolExecutor.java:1149)
	at java.util.concurrent.ThreadPoolExecutor$Worker.run(ThreadPoolExecutor.java:624)
	at java.lang.Thread.run(Thread.java:748)
Caused by: java.util.concurrent.RejectedExecutionException: Task java.util.concurrent.CompletableFuture$UniApply@36e2ca1b rejected from java.util.concurrent.ThreadPoolExecutor@5aa86247[Shutting down, pool size = 1, active threads = 1, queued tasks = 2, completed tasks = 6]
	at java.util.concurrent.ThreadPoolExecutor$AbortPolicy.rejectedExecution(ThreadPoolExecutor.java:2063)
	at java.util.concurrent.ThreadPoolExecutor.reject(ThreadPoolExecutor.java:830)
	at java.util.concurrent.ThreadPoolExecutor.execute(ThreadPoolExecutor.java:1379)
	at java.util.concurrent.Executors$DelegatedExecutorService.execute(Executors.java:668)
	at java.util.concurrent.CompletableFuture$UniCompletion.claim(CompletableFuture.java:529)
	at java.util.concurrent.CompletableFuture.uniApply(CompletableFuture.java:599)
	... 6 more
2019-09-19 08:26:29,172 [pool-289-thread-1] INFO  impl.RaftServerImpl (RaftServerImpl.java:start(185)) - 64a8661b-c2d9-4df7-8ca1-1b29ef624e85@group-FD67FFB2187A: start as a follower, conf=-1: [64a8661b-c2d9-4df7-8ca1-1b29ef624e85:192.168.36.85:38418], old=null
2019-09-19 08:26:29,172 [pool-289-thread-1] INFO  impl.RaftServerImpl (RaftServerImpl.java:setRole(174)) - 64a8661b-c2d9-4df7-8ca1-1b29ef624e85@group-FD67FFB2187A: changes role from      null to FOLLOWER at term 0 for startAsFollower
2019-09-19 08:26:29,172 [pool-289-thread-1] INFO  impl.RoleInfo (RoleInfo.java:updateAndGet(143)) - 64a8661b-c2d9-4df7-8ca1-1b29ef624e85: start FollowerState
2019-09-19 08:26:29,173 [pool-289-thread-1] INFO  util.JmxRegister (JmxRegister.java:tryRegister(44)) - Successfully registered JMX Bean with object name Ratis:service=RaftServer,group=group-FD67FFB2187A,id=64a8661b-c2d9-4df7-8ca1-1b29ef624e85
2019-09-19 08:26:29,173 [pool-289-thread-1] INFO  impl.RaftServerImpl (RaftServerImpl.java:start(185)) - 64a8661b-c2d9-4df7-8ca1-1b29ef624e85@group-6FD53671956A: start as a follower, conf=-1: [64a8661b-c2d9-4df7-8ca1-1b29ef624e85:192.168.36.85:38418, 830f5926-e6f3-4fc6-b48b-87b1008588b0:192.168.36.85:44294, e50c69ec-4263-4416-9cef-9cb60973670d:192.168.36.85:44827], old=null
2019-09-19 08:26:29,174 [pool-289-thread-1] INFO  impl.RaftServerImpl (RaftServerImpl.java:setRole(174)) - 64a8661b-c2d9-4df7-8ca1-1b29ef624e85@group-6FD53671956A: changes role from      null to FOLLOWER at term 0 for startAsFollower
2019-09-19 08:26:29,174 [pool-289-thread-1] INFO  impl.RoleInfo (RoleInfo.java:updateAndGet(143)) - 64a8661b-c2d9-4df7-8ca1-1b29ef624e85: start FollowerState
2019-09-19 08:26:29,174 [pool-289-thread-1] INFO  util.JmxRegister (JmxRegister.java:tryRegister(44)) - Successfully registered JMX Bean with object name Ratis:service=RaftServer,group=group-6FD53671956A,id=64a8661b-c2d9-4df7-8ca1-1b29ef624e85
2019-09-19 08:26:29,175 [ForkJoinPool.commonPool-worker-0] INFO  impl.RaftServerProxy (RaftServerProxy.java:lambda$close$4(314)) - 64a8661b-c2d9-4df7-8ca1-1b29ef624e85: close
2019-09-19 08:26:29,190 [ForkJoinPool.commonPool-worker-0] INFO  impl.RaftServerImpl (RaftServerImpl.java:lambda$shutdown$3(251)) - 64a8661b-c2d9-4df7-8ca1-1b29ef624e85@group-BFB99BB8F68D: shutdown
2019-09-19 08:26:29,190 [ForkJoinPool.commonPool-worker-0] INFO  util.JmxRegister (JmxRegister.java:unregister(73)) - Successfully un-registered JMX Bean with object name Ratis:service=RaftServer,group=group-BFB99BB8F68D,id=64a8661b-c2d9-4df7-8ca1-1b29ef624e85
2019-09-19 08:26:29,191 [ForkJoinPool.commonPool-worker-0] INFO  impl.RoleInfo (RoleInfo.java:shutdownLeaderState(104)) - 64a8661b-c2d9-4df7-8ca1-1b29ef624e85: shutdown LeaderState
2019-09-19 08:26:29,191 [ForkJoinPool.commonPool-worker-0] INFO  impl.PendingRequests (PendingRequests.java:sendNotLeaderResponses(202)) - 64a8661b-c2d9-4df7-8ca1-1b29ef624e85-PendingRequests: sendNotLeaderResponses
2019-09-19 08:26:29,191 [ForkJoinPool.commonPool-worker-0] INFO  impl.StateMachineUpdater (StateMachineUpdater.java:stopAndJoin(125)) - 64a8661b-c2d9-4df7-8ca1-1b29ef624e85@group-BFB99BB8F68D-StateMachineUpdater: set stopIndex = 0
2019-09-19 08:26:29,192 [ForkJoinPool.commonPool-worker-0] INFO  impl.RaftServerImpl (ServerState.java:close(385)) - 64a8661b-c2d9-4df7-8ca1-1b29ef624e85@group-BFB99BB8F68D: closes. applyIndex: 0
2019-09-19 08:26:29,192 [64a8661b-c2d9-4df7-8ca1-1b29ef624e85@group-BFB99BB8F68D-SegmentedRaftLogWorker] INFO  segmented.SegmentedRaftLogWorker (SegmentedRaftLogWorker.java:run(313)) - 64a8661b-c2d9-4df7-8ca1-1b29ef624e85@group-BFB99BB8F68D-SegmentedRaftLogWorker was interrupted, exiting. There are 0 tasks remaining in the queue.
2019-09-19 08:26:29,194 [ForkJoinPool.commonPool-worker-0] INFO  segmented.SegmentedRaftLogWorker (SegmentedRaftLogWorker.java:close(228)) - 64a8661b-c2d9-4df7-8ca1-1b29ef624e85@group-BFB99BB8F68D-SegmentedRaftLogWorker close()
2019-09-19 08:26:29,198 [ForkJoinPool.commonPool-worker-0] INFO  impl.RaftServerImpl (RaftServerImpl.java:lambda$shutdown$3(251)) - 64a8661b-c2d9-4df7-8ca1-1b29ef624e85@group-7A121B0D245D: shutdown
2019-09-19 08:26:29,199 [ForkJoinPool.commonPool-worker-0] INFO  util.JmxRegister (JmxRegister.java:unregister(73)) - Successfully un-registered JMX Bean with object name Ratis:service=RaftServer,group=group-7A121B0D245D,id=64a8661b-c2d9-4df7-8ca1-1b29ef624e85
2019-09-19 08:26:29,199 [ForkJoinPool.commonPool-worker-0] INFO  impl.RoleInfo (RoleInfo.java:shutdownFollowerState(121)) - 64a8661b-c2d9-4df7-8ca1-1b29ef624e85: shutdown FollowerState
2019-09-19 08:26:29,200 [ForkJoinPool.commonPool-worker-0] INFO  impl.StateMachineUpdater (StateMachineUpdater.java:stopAndJoin(125)) - 64a8661b-c2d9-4df7-8ca1-1b29ef624e85@group-7A121B0D245D-StateMachineUpdater: set stopIndex = -1
2019-09-19 08:26:29,200 [ForkJoinPool.commonPool-worker-0] INFO  impl.RaftServerImpl (ServerState.java:close(385)) - 64a8661b-c2d9-4df7-8ca1-1b29ef624e85@group-7A121B0D245D: closes. applyIndex: -1
2019-09-19 08:26:29,200 [64a8661b-c2d9-4df7-8ca1-1b29ef624e85@group-7A121B0D245D-SegmentedRaftLogWorker] INFO  segmented.SegmentedRaftLogWorker (SegmentedRaftLogWorker.java:run(313)) - 64a8661b-c2d9-4df7-8ca1-1b29ef624e85@group-7A121B0D245D-SegmentedRaftLogWorker was interrupted, exiting. There are 0 tasks remaining in the queue.
2019-09-19 08:26:29,201 [ForkJoinPool.commonPool-worker-0] INFO  segmented.SegmentedRaftLogWorker (SegmentedRaftLogWorker.java:close(228)) - 64a8661b-c2d9-4df7-8ca1-1b29ef624e85@group-7A121B0D245D-SegmentedRaftLogWorker close()
2019-09-19 08:26:29,204 [ForkJoinPool.commonPool-worker-0] INFO  impl.RaftServerImpl (RaftServerImpl.java:lambda$shutdown$3(251)) - 64a8661b-c2d9-4df7-8ca1-1b29ef624e85@group-6FD53671956A: shutdown
2019-09-19 08:26:29,205 [ForkJoinPool.commonPool-worker-0] INFO  util.JmxRegister (JmxRegister.java:unregister(73)) - Successfully un-registered JMX Bean with object name Ratis:service=RaftServer,group=group-6FD53671956A,id=64a8661b-c2d9-4df7-8ca1-1b29ef624e85
2019-09-19 08:26:29,205 [ForkJoinPool.commonPool-worker-0] INFO  impl.RoleInfo (RoleInfo.java:shutdownFollowerState(121)) - 64a8661b-c2d9-4df7-8ca1-1b29ef624e85: shutdown FollowerState
2019-09-19 08:26:29,205 [ForkJoinPool.commonPool-worker-0] INFO  impl.StateMachineUpdater (StateMachineUpdater.java:stopAndJoin(125)) - 64a8661b-c2d9-4df7-8ca1-1b29ef624e85@group-6FD53671956A-StateMachineUpdater: set stopIndex = -1
2019-09-19 08:26:29,206 [Thread-2021] INFO  impl.FollowerState (FollowerState.java:run(115)) - 64a8661b-c2d9-4df7-8ca1-1b29ef624e85: FollowerState was interrupted: java.lang.InterruptedException: sleep interrupted
2019-09-19 08:26:29,206 [ForkJoinPool.commonPool-worker-0] INFO  impl.RaftServerImpl (ServerState.java:close(385)) - 64a8661b-c2d9-4df7-8ca1-1b29ef624e85@group-6FD53671956A: closes. applyIndex: -1
2019-09-19 08:26:29,206 [64a8661b-c2d9-4df7-8ca1-1b29ef624e85@group-6FD53671956A-SegmentedRaftLogWorker] INFO  segmented.SegmentedRaftLogWorker (SegmentedRaftLogWorker.java:run(313)) - 64a8661b-c2d9-4df7-8ca1-1b29ef624e85@group-6FD53671956A-SegmentedRaftLogWorker was interrupted, exiting. There are 0 tasks remaining in the queue.
2019-09-19 08:26:29,207 [ForkJoinPool.commonPool-worker-0] INFO  segmented.SegmentedRaftLogWorker (SegmentedRaftLogWorker.java:close(228)) - 64a8661b-c2d9-4df7-8ca1-1b29ef624e85@group-6FD53671956A-SegmentedRaftLogWorker close()
2019-09-19 08:26:29,210 [ForkJoinPool.commonPool-worker-0] INFO  impl.RaftServerImpl (RaftServerImpl.java:lambda$shutdown$3(251)) - 64a8661b-c2d9-4df7-8ca1-1b29ef624e85@group-FD67FFB2187A: shutdown
2019-09-19 08:26:29,211 [ForkJoinPool.commonPool-worker-0] INFO  util.JmxRegister (JmxRegister.java:unregister(73)) - Successfully un-registered JMX Bean with object name Ratis:service=RaftServer,group=group-FD67FFB2187A,id=64a8661b-c2d9-4df7-8ca1-1b29ef624e85
2019-09-19 08:26:29,211 [ForkJoinPool.commonPool-worker-0] INFO  impl.RoleInfo (RoleInfo.java:shutdownFollowerState(121)) - 64a8661b-c2d9-4df7-8ca1-1b29ef624e85: shutdown FollowerState
2019-09-19 08:26:29,211 [ForkJoinPool.commonPool-worker-0] INFO  impl.StateMachineUpdater (StateMachineUpdater.java:stopAndJoin(125)) - 64a8661b-c2d9-4df7-8ca1-1b29ef624e85@group-FD67FFB2187A-StateMachineUpdater: set stopIndex = -1
2019-09-19 08:26:29,211 [Thread-2019] INFO  impl.FollowerState (FollowerState.java:run(115)) - 64a8661b-c2d9-4df7-8ca1-1b29ef624e85: FollowerState was interrupted: java.lang.InterruptedException: sleep interrupted
2019-09-19 08:26:29,212 [ForkJoinPool.commonPool-worker-0] INFO  impl.RaftServerImpl (ServerState.java:close(385)) - 64a8661b-c2d9-4df7-8ca1-1b29ef624e85@group-FD67FFB2187A: closes. applyIndex: -1
2019-09-19 08:26:29,212 [64a8661b-c2d9-4df7-8ca1-1b29ef624e85@group-FD67FFB2187A-SegmentedRaftLogWorker] INFO  segmented.SegmentedRaftLogWorker (SegmentedRaftLogWorker.java:run(313)) - 64a8661b-c2d9-4df7-8ca1-1b29ef624e85@group-FD67FFB2187A-SegmentedRaftLogWorker was interrupted, exiting. There are 0 tasks remaining in the queue.
2019-09-19 08:26:29,212 [ForkJoinPool.commonPool-worker-0] INFO  segmented.SegmentedRaftLogWorker (SegmentedRaftLogWorker.java:close(228)) - 64a8661b-c2d9-4df7-8ca1-1b29ef624e85@group-FD67FFB2187A-SegmentedRaftLogWorker close()
2019-09-19 08:26:29,216 [ForkJoinPool.commonPool-worker-0] INFO  server.GrpcService (GrpcService.java:closeImpl(164)) - 64a8661b-c2d9-4df7-8ca1-1b29ef624e85: shutdown server with port 38418 now
2019-09-19 08:26:29,217 [ForkJoinPool.commonPool-worker-0] INFO  server.GrpcService (GrpcService.java:closeImpl(172)) - 64a8661b-c2d9-4df7-8ca1-1b29ef624e85: shutdown server with port 38418 successfully
2019-09-19 08:26:29,221 [refreshUsed-/workdir/hadoop-ozone/integration-test/target/test-dir/MiniOzoneClusterImpl-6146c60c-cb8d-4aa2-a902-cb133a81267e/datanode-2/data/containers] WARN  fs.CachingGetSpaceUsed (CachingGetSpaceUsed.java:run(183)) - Thread Interrupted waiting to refresh disk information: sleep interrupted
2019-09-19 08:26:29,238 [ForkJoinPool.commonPool-worker-0] INFO  utils.BackgroundService (BackgroundService.java:shutdown(148)) - Shutting down service BlockDeletingService
2019-09-19 08:26:29,244 [ForkJoinPool.commonPool-worker-0] INFO  statemachine.DatanodeStateMachine (DatanodeStateMachine.java:stopDaemon(395)) - Ozone container server stopped.
2019-09-19 08:26:29,249 [ForkJoinPool.commonPool-worker-0] INFO  handler.ContextHandler (ContextHandler.java:doStop(910)) - Stopped o.e.j.w.WebAppContext@68b7d0ef{/,null,UNAVAILABLE}{/hddsDatanode}
2019-09-19 08:26:29,250 [ForkJoinPool.commonPool-worker-0] INFO  server.AbstractConnector (AbstractConnector.java:doStop(318)) - Stopped ServerConnector@7069f076{HTTP/1.1,[http/1.1]}{0.0.0.0:0}
2019-09-19 08:26:29,252 [ForkJoinPool.commonPool-worker-0] INFO  handler.ContextHandler (ContextHandler.java:doStop(910)) - Stopped o.e.j.s.ServletContextHandler@31e739bf{/static,jar:file:/home/user/.m2/repository/org/apache/hadoop/hadoop-hdds-container-service/0.5.0-SNAPSHOT/hadoop-hdds-container-service-0.5.0-SNAPSHOT.jar!/webapps/static,UNAVAILABLE}
2019-09-19 08:26:29,253 [ForkJoinPool.commonPool-worker-0] INFO  handler.ContextHandler (ContextHandler.java:doStop(910)) - Stopped o.e.j.s.ServletContextHandler@feb098f{/logs,file:///workdir/hadoop-ozone/integration-test/target/log,UNAVAILABLE}
2019-09-19 08:26:30,065 [Datanode State Machine Thread - 0] INFO  statemachine.DatanodeStateMachine (DatanodeStateMachine.java:lambda$startDaemon$0(350)) - Ozone container server started.
2019-09-19 08:26:30,135 [e50c69ec-4263-4416-9cef-9cb60973670d@group-0B9F0340E072:LeaderElection119] INFO  impl.LeaderElection (LeaderElection.java:askForVotes(182)) - e50c69ec-4263-4416-9cef-9cb60973670d@group-0B9F0340E072:LeaderElection119: begin an election at term 2 for -1: [64a8661b-c2d9-4df7-8ca1-1b29ef624e85:192.168.36.85:38418, 830f5926-e6f3-4fc6-b48b-87b1008588b0:192.168.36.85:44294, e50c69ec-4263-4416-9cef-9cb60973670d:192.168.36.85:44827], old=null
2019-09-19 08:26:30,135 [830f5926-e6f3-4fc6-b48b-87b1008588b0@group-0B9F0340E072:LeaderElection116] INFO  impl.LeaderElection (LeaderElection.java:askForVotes(182)) - 830f5926-e6f3-4fc6-b48b-87b1008588b0@group-0B9F0340E072:LeaderElection116: begin an election at term 2 for -1: [64a8661b-c2d9-4df7-8ca1-1b29ef624e85:192.168.36.85:38418, 830f5926-e6f3-4fc6-b48b-87b1008588b0:192.168.36.85:44294, e50c69ec-4263-4416-9cef-9cb60973670d:192.168.36.85:44827], old=null
2019-09-19 08:26:30,135 [Thread-2012] INFO  impl.FollowerState (FollowerState.java:run(106)) - 64a8661b-c2d9-4df7-8ca1-1b29ef624e85:group-7A121B0D245D changes to CANDIDATE, lastRpcTime:3405, electionTimeout:1028ms
2019-09-19 08:26:30,135 [830f5926-e6f3-4fc6-b48b-87b1008588b0@group-7A121B0D245D:LeaderElection117] INFO  impl.LeaderElection (LeaderElection.java:askForVotes(182)) - 830f5926-e6f3-4fc6-b48b-87b1008588b0@group-7A121B0D245D:LeaderElection117: begin an election at term 3 for -1: [64a8661b-c2d9-4df7-8ca1-1b29ef624e85:192.168.36.85:38418, 830f5926-e6f3-4fc6-b48b-87b1008588b0:192.168.36.85:44294, e50c69ec-4263-4416-9cef-9cb60973670d:192.168.36.85:44827], old=null
2019-09-19 08:26:30,135 [e50c69ec-4263-4416-9cef-9cb60973670d@group-6FD53671956A:LeaderElection124] INFO  impl.LeaderElection (LeaderElection.java:askForVotes(182)) - e50c69ec-4263-4416-9cef-9cb60973670d@group-6FD53671956A:LeaderElection124: begin an election at term 2 for -1: [64a8661b-c2d9-4df7-8ca1-1b29ef624e85:192.168.36.85:38418, 830f5926-e6f3-4fc6-b48b-87b1008588b0:192.168.36.85:44294, e50c69ec-4263-4416-9cef-9cb60973670d:192.168.36.85:44827], old=null
2019-09-19 08:26:30,135 [830f5926-e6f3-4fc6-b48b-87b1008588b0@group-6FD53671956A:LeaderElection123] INFO  impl.LeaderElection (LeaderElection.java:askForVotes(182)) - 830f5926-e6f3-4fc6-b48b-87b1008588b0@group-6FD53671956A:LeaderElection123: begin an election at term 2 for -1: [64a8661b-c2d9-4df7-8ca1-1b29ef624e85:192.168.36.85:38418, 830f5926-e6f3-4fc6-b48b-87b1008588b0:192.168.36.85:44294, e50c69ec-4263-4416-9cef-9cb60973670d:192.168.36.85:44827], old=null
2019-09-19 08:26:30,135 [e50c69ec-4263-4416-9cef-9cb60973670d@group-7A121B0D245D:LeaderElection118] INFO  impl.LeaderElection (LeaderElection.java:askForVotes(182)) - e50c69ec-4263-4416-9cef-9cb60973670d@group-7A121B0D245D:LeaderElection118: begin an election at term 3 for -1: [64a8661b-c2d9-4df7-8ca1-1b29ef624e85:192.168.36.85:38418, 830f5926-e6f3-4fc6-b48b-87b1008588b0:192.168.36.85:44294, e50c69ec-4263-4416-9cef-9cb60973670d:192.168.36.85:44827], old=null
2019-09-19 08:26:30,136 [Thread-2012] INFO  impl.RaftServerImpl (RaftServerImpl.java:setRole(174)) - 64a8661b-c2d9-4df7-8ca1-1b29ef624e85@group-7A121B0D245D: changes role from  FOLLOWER to CANDIDATE at term 2 for changeToCandidate
2019-09-19 08:26:30,137 [Thread-2012] INFO  impl.RoleInfo (RoleInfo.java:updateAndGet(143)) - 64a8661b-c2d9-4df7-8ca1-1b29ef624e85: start LeaderElection
2019-09-19 08:26:30,138 [grpc-default-executor-13] INFO  impl.RaftServerImpl (RaftServerImpl.java:setRole(174)) - 64a8661b-c2d9-4df7-8ca1-1b29ef624e85@group-7A121B0D245D: changes role from CANDIDATE to FOLLOWER at term 2 for recognizeCandidate:e50c69ec-4263-4416-9cef-9cb60973670d
2019-09-19 08:26:30,138 [grpc-default-executor-13] INFO  impl.RoleInfo (RoleInfo.java:shutdownLeaderElection(134)) - 64a8661b-c2d9-4df7-8ca1-1b29ef624e85: shutdown LeaderElection
2019-09-19 08:26:30,138 [grpc-default-executor-13] INFO  impl.RoleInfo (RoleInfo.java:updateAndGet(143)) - 64a8661b-c2d9-4df7-8ca1-1b29ef624e85: start FollowerState
2019-09-19 08:26:30,138 [830f5926-e6f3-4fc6-b48b-87b1008588b0@group-0B9F0340E072:LeaderElection116] INFO  impl.LeaderElection (LogUtils.java:infoOrTrace(149)) - 830f5926-e6f3-4fc6-b48b-87b1008588b0@group-0B9F0340E072:LeaderElection116 got exception when requesting votes: {}
java.util.concurrent.ExecutionException: org.apache.ratis.thirdparty.io.grpc.StatusRuntimeException: UNAVAILABLE: io exception
	at java.util.concurrent.FutureTask.report(FutureTask.java:122)
	at java.util.concurrent.FutureTask.get(FutureTask.java:192)
	at org.apache.ratis.server.impl.LeaderElection.waitForResults(LeaderElection.java:263)
	at org.apache.ratis.server.impl.LeaderElection.askForVotes(LeaderElection.java:201)
	at org.apache.ratis.server.impl.LeaderElection.run(LeaderElection.java:133)
	at java.lang.Thread.run(Thread.java:748)
Caused by: org.apache.ratis.thirdparty.io.grpc.StatusRuntimeException: UNAVAILABLE: io exception
	at org.apache.ratis.thirdparty.io.grpc.stub.ClientCalls.toStatusRuntimeException(ClientCalls.java:233)
	at org.apache.ratis.thirdparty.io.grpc.stub.ClientCalls.getUnchecked(ClientCalls.java:214)
	at org.apache.ratis.thirdparty.io.grpc.stub.ClientCalls.blockingUnaryCall(ClientCalls.java:139)
	at org.apache.ratis.proto.grpc.RaftServerProtocolServiceGrpc$RaftServerProtocolServiceBlockingStub.requestVote(RaftServerProtocolServiceGrpc.java:265)
	at org.apache.ratis.grpc.server.GrpcServerProtocolClient.requestVote(GrpcServerProtocolClient.java:90)
	at org.apache.ratis.grpc.server.GrpcService.requestVote(GrpcService.java:204)
	at org.apache.ratis.server.impl.LeaderElection.lambda$submitRequests$1(LeaderElection.java:238)
	at java.util.concurrent.FutureTask.run(FutureTask.java:266)
	at java.util.concurrent.Executors$RunnableAdapter.call(Executors.java:511)
	at java.util.concurrent.FutureTask.run(FutureTask.java:266)
	at java.util.concurrent.ThreadPoolExecutor.runWorker(ThreadPoolExecutor.java:1149)
	at java.util.concurrent.ThreadPoolExecutor$Worker.run(ThreadPoolExecutor.java:624)
	... 1 more
Caused by: org.apache.ratis.thirdparty.io.netty.channel.AbstractChannel$AnnotatedConnectException: Connection refused: /192.168.36.85:38418
	at sun.nio.ch.SocketChannelImpl.checkConnect(Native Method)
	at sun.nio.ch.SocketChannelImpl.finishConnect(SocketChannelImpl.java:717)
	at org.apache.ratis.thirdparty.io.netty.channel.socket.nio.NioSocketChannel.doFinishConnect(NioSocketChannel.java:327)
	at org.apache.ratis.thirdparty.io.netty.channel.nio.AbstractNioChannel$AbstractNioUnsafe.finishConnect(AbstractNioChannel.java:340)
	at org.apache.ratis.thirdparty.io.netty.channel.nio.NioEventLoop.processSelectedKey(NioEventLoop.java:632)
	at org.apache.ratis.thirdparty.io.netty.channel.nio.NioEventLoop.processSelectedKeysOptimized(NioEventLoop.java:579)
	at org.apache.ratis.thirdparty.io.netty.channel.nio.NioEventLoop.processSelectedKeys(NioEventLoop.java:496)
	at org.apache.ratis.thirdparty.io.netty.channel.nio.NioEventLoop.run(NioEventLoop.java:458)
	at org.apache.ratis.thirdparty.io.netty.util.concurrent.SingleThreadEventExecutor$5.run(SingleThreadEventExecutor.java:897)
	at org.apache.ratis.thirdparty.io.netty.util.concurrent.FastThreadLocalRunnable.run(FastThreadLocalRunnable.java:30)
	... 1 more
Caused by: java.net.ConnectException: Connection refused
	... 11 more
2019-09-19 08:26:30,138 [830f5926-e6f3-4fc6-b48b-87b1008588b0@group-7A121B0D245D:LeaderElection117] INFO  impl.LeaderElection (LogUtils.java:infoOrTrace(149)) - 830f5926-e6f3-4fc6-b48b-87b1008588b0@group-7A121B0D245D:LeaderElection117 got exception when requesting votes: {}
java.util.concurrent.ExecutionException: org.apache.ratis.thirdparty.io.grpc.StatusRuntimeException: UNAVAILABLE: io exception
	at java.util.concurrent.FutureTask.report(FutureTask.java:122)
	at java.util.concurrent.FutureTask.get(FutureTask.java:192)
	at org.apache.ratis.server.impl.LeaderElection.waitForResults(LeaderElection.java:263)
	at org.apache.ratis.server.impl.LeaderElection.askForVotes(LeaderElection.java:201)
	at org.apache.ratis.server.impl.LeaderElection.run(LeaderElection.java:133)
	at java.lang.Thread.run(Thread.java:748)
Caused by: org.apache.ratis.thirdparty.io.grpc.StatusRuntimeException: UNAVAILABLE: io exception
	at org.apache.ratis.thirdparty.io.grpc.stub.ClientCalls.toStatusRuntimeException(ClientCalls.java:233)
	at org.apache.ratis.thirdparty.io.grpc.stub.ClientCalls.getUnchecked(ClientCalls.java:214)
	at org.apache.ratis.thirdparty.io.grpc.stub.ClientCalls.blockingUnaryCall(ClientCalls.java:139)
	at org.apache.ratis.proto.grpc.RaftServerProtocolServiceGrpc$RaftServerProtocolServiceBlockingStub.requestVote(RaftServerProtocolServiceGrpc.java:265)
	at org.apache.ratis.grpc.server.GrpcServerProtocolClient.requestVote(GrpcServerProtocolClient.java:90)
	at org.apache.ratis.grpc.server.GrpcService.requestVote(GrpcService.java:204)
	at org.apache.ratis.server.impl.LeaderElection.lambda$submitRequests$1(LeaderElection.java:238)
	at java.util.concurrent.FutureTask.run(FutureTask.java:266)
	at java.util.concurrent.Executors$RunnableAdapter.call(Executors.java:511)
	at java.util.concurrent.FutureTask.run(FutureTask.java:266)
	at java.util.concurrent.ThreadPoolExecutor.runWorker(ThreadPoolExecutor.java:1149)
	at java.util.concurrent.ThreadPoolExecutor$Worker.run(ThreadPoolExecutor.java:624)
	... 1 more
Caused by: org.apache.ratis.thirdparty.io.netty.channel.AbstractChannel$AnnotatedConnectException: Connection refused: /192.168.36.85:38418
	at sun.nio.ch.SocketChannelImpl.checkConnect(Native Method)
	at sun.nio.ch.SocketChannelImpl.finishConnect(SocketChannelImpl.java:717)
	at org.apache.ratis.thirdparty.io.netty.channel.socket.nio.NioSocketChannel.doFinishConnect(NioSocketChannel.java:327)
	at org.apache.ratis.thirdparty.io.netty.channel.nio.AbstractNioChannel$AbstractNioUnsafe.finishConnect(AbstractNioChannel.java:340)
	at org.apache.ratis.thirdparty.io.netty.channel.nio.NioEventLoop.processSelectedKey(NioEventLoop.java:632)
	at org.apache.ratis.thirdparty.io.netty.channel.nio.NioEventLoop.processSelectedKeysOptimized(NioEventLoop.java:579)
	at org.apache.ratis.thirdparty.io.netty.channel.nio.NioEventLoop.processSelectedKeys(NioEventLoop.java:496)
	at org.apache.ratis.thirdparty.io.netty.channel.nio.NioEventLoop.run(NioEventLoop.java:458)
	at org.apache.ratis.thirdparty.io.netty.util.concurrent.SingleThreadEventExecutor$5.run(SingleThreadEventExecutor.java:897)
	at org.apache.ratis.thirdparty.io.netty.util.concurrent.FastThreadLocalRunnable.run(FastThreadLocalRunnable.java:30)
	... 1 more
Caused by: java.net.ConnectException: Connection refused
	... 11 more
2019-09-19 08:26:30,138 [830f5926-e6f3-4fc6-b48b-87b1008588b0@group-6FD53671956A:LeaderElection123] INFO  impl.LeaderElection (LogUtils.java:infoOrTrace(149)) - 830f5926-e6f3-4fc6-b48b-87b1008588b0@group-6FD53671956A:LeaderElection123 got exception when requesting votes: {}
java.util.concurrent.ExecutionException: org.apache.ratis.thirdparty.io.grpc.StatusRuntimeException: UNAVAILABLE: io exception
	at java.util.concurrent.FutureTask.report(FutureTask.java:122)
	at java.util.concurrent.FutureTask.get(FutureTask.java:192)
	at org.apache.ratis.server.impl.LeaderElection.waitForResults(LeaderElection.java:263)
	at org.apache.ratis.server.impl.LeaderElection.askForVotes(LeaderElection.java:201)
	at org.apache.ratis.server.impl.LeaderElection.run(LeaderElection.java:133)
	at java.lang.Thread.run(Thread.java:748)
Caused by: org.apache.ratis.thirdparty.io.grpc.StatusRuntimeException: UNAVAILABLE: io exception
	at org.apache.ratis.thirdparty.io.grpc.stub.ClientCalls.toStatusRuntimeException(ClientCalls.java:233)
	at org.apache.ratis.thirdparty.io.grpc.stub.ClientCalls.getUnchecked(ClientCalls.java:214)
	at org.apache.ratis.thirdparty.io.grpc.stub.ClientCalls.blockingUnaryCall(ClientCalls.java:139)
	at org.apache.ratis.proto.grpc.RaftServerProtocolServiceGrpc$RaftServerProtocolServiceBlockingStub.requestVote(RaftServerProtocolServiceGrpc.java:265)
	at org.apache.ratis.grpc.server.GrpcServerProtocolClient.requestVote(GrpcServerProtocolClient.java:90)
	at org.apache.ratis.grpc.server.GrpcService.requestVote(GrpcService.java:204)
	at org.apache.ratis.server.impl.LeaderElection.lambda$submitRequests$1(LeaderElection.java:238)
	at java.util.concurrent.FutureTask.run(FutureTask.java:266)
	at java.util.concurrent.Executors$RunnableAdapter.call(Executors.java:511)
	at java.util.concurrent.FutureTask.run(FutureTask.java:266)
	at java.util.concurrent.ThreadPoolExecutor.runWorker(ThreadPoolExecutor.java:1149)
	at java.util.concurrent.ThreadPoolExecutor$Worker.run(ThreadPoolExecutor.java:624)
	... 1 more
Caused by: org.apache.ratis.thirdparty.io.netty.channel.AbstractChannel$AnnotatedConnectException: Connection refused: /192.168.36.85:38418
	at sun.nio.ch.SocketChannelImpl.checkConnect(Native Method)
	at sun.nio.ch.SocketChannelImpl.finishConnect(SocketChannelImpl.java:717)
	at org.apache.ratis.thirdparty.io.netty.channel.socket.nio.NioSocketChannel.doFinishConnect(NioSocketChannel.java:327)
	at org.apache.ratis.thirdparty.io.netty.channel.nio.AbstractNioChannel$AbstractNioUnsafe.finishConnect(AbstractNioChannel.java:340)
	at org.apache.ratis.thirdparty.io.netty.channel.nio.NioEventLoop.processSelectedKey(NioEventLoop.java:632)
	at org.apache.ratis.thirdparty.io.netty.channel.nio.NioEventLoop.processSelectedKeysOptimized(NioEventLoop.java:579)
	at org.apache.ratis.thirdparty.io.netty.channel.nio.NioEventLoop.processSelectedKeys(NioEventLoop.java:496)
	at org.apache.ratis.thirdparty.io.netty.channel.nio.NioEventLoop.run(NioEventLoop.java:458)
	at org.apache.ratis.thirdparty.io.netty.util.concurrent.SingleThreadEventExecutor$5.run(SingleThreadEventExecutor.java:897)
	at org.apache.ratis.thirdparty.io.netty.util.concurrent.FastThreadLocalRunnable.run(FastThreadLocalRunnable.java:30)
	... 1 more
Caused by: java.net.ConnectException: Connection refused
	... 11 more
2019-09-19 08:26:30,140 [e50c69ec-4263-4416-9cef-9cb60973670d@group-7A121B0D245D:LeaderElection118] INFO  impl.LeaderElection (LogUtils.java:infoOrTrace(149)) - e50c69ec-4263-4416-9cef-9cb60973670d@group-7A121B0D245D:LeaderElection118 got exception when requesting votes: {}
java.util.concurrent.ExecutionException: org.apache.ratis.thirdparty.io.grpc.StatusRuntimeException: UNAVAILABLE: io exception
	at java.util.concurrent.FutureTask.report(FutureTask.java:122)
	at java.util.concurrent.FutureTask.get(FutureTask.java:192)
	at org.apache.ratis.server.impl.LeaderElection.waitForResults(LeaderElection.java:263)
	at org.apache.ratis.server.impl.LeaderElection.askForVotes(LeaderElection.java:201)
	at org.apache.ratis.server.impl.LeaderElection.run(LeaderElection.java:133)
	at java.lang.Thread.run(Thread.java:748)
Caused by: org.apache.ratis.thirdparty.io.grpc.StatusRuntimeException: UNAVAILABLE: io exception
	at org.apache.ratis.thirdparty.io.grpc.stub.ClientCalls.toStatusRuntimeException(ClientCalls.java:233)
	at org.apache.ratis.thirdparty.io.grpc.stub.ClientCalls.getUnchecked(ClientCalls.java:214)
	at org.apache.ratis.thirdparty.io.grpc.stub.ClientCalls.blockingUnaryCall(ClientCalls.java:139)
	at org.apache.ratis.proto.grpc.RaftServerProtocolServiceGrpc$RaftServerProtocolServiceBlockingStub.requestVote(RaftServerProtocolServiceGrpc.java:265)
	at org.apache.ratis.grpc.server.GrpcServerProtocolClient.requestVote(GrpcServerProtocolClient.java:90)
	at org.apache.ratis.grpc.server.GrpcService.requestVote(GrpcService.java:204)
	at org.apache.ratis.server.impl.LeaderElection.lambda$submitRequests$1(LeaderElection.java:238)
	at java.util.concurrent.FutureTask.run(FutureTask.java:266)
	at java.util.concurrent.Executors$RunnableAdapter.call(Executors.java:511)
	at java.util.concurrent.FutureTask.run(FutureTask.java:266)
	at java.util.concurrent.ThreadPoolExecutor.runWorker(ThreadPoolExecutor.java:1149)
	at java.util.concurrent.ThreadPoolExecutor$Worker.run(ThreadPoolExecutor.java:624)
	... 1 more
Caused by: org.apache.ratis.thirdparty.io.netty.channel.AbstractChannel$AnnotatedConnectException: Connection refused: /192.168.36.85:38418
	at sun.nio.ch.SocketChannelImpl.checkConnect(Native Method)
	at sun.nio.ch.SocketChannelImpl.finishConnect(SocketChannelImpl.java:717)
	at org.apache.ratis.thirdparty.io.netty.channel.socket.nio.NioSocketChannel.doFinishConnect(NioSocketChannel.java:327)
	at org.apache.ratis.thirdparty.io.netty.channel.nio.AbstractNioChannel$AbstractNioUnsafe.finishConnect(AbstractNioChannel.java:340)
	at org.apache.ratis.thirdparty.io.netty.channel.nio.NioEventLoop.processSelectedKey(NioEventLoop.java:632)
	at org.apache.ratis.thirdparty.io.netty.channel.nio.NioEventLoop.processSelectedKeysOptimized(NioEventLoop.java:579)
	at org.apache.ratis.thirdparty.io.netty.channel.nio.NioEventLoop.processSelectedKeys(NioEventLoop.java:496)
	at org.apache.ratis.thirdparty.io.netty.channel.nio.NioEventLoop.run(NioEventLoop.java:458)
	at org.apache.ratis.thirdparty.io.netty.util.concurrent.SingleThreadEventExecutor$5.run(SingleThreadEventExecutor.java:897)
	at org.apache.ratis.thirdparty.io.netty.util.concurrent.FastThreadLocalRunnable.run(FastThreadLocalRunnable.java:30)
	... 1 more
Caused by: java.net.ConnectException: Connection refused
	... 11 more
2019-09-19 08:26:30,140 [e50c69ec-4263-4416-9cef-9cb60973670d@group-6FD53671956A:LeaderElection124] INFO  impl.LeaderElection (LogUtils.java:infoOrTrace(149)) - e50c69ec-4263-4416-9cef-9cb60973670d@group-6FD53671956A:LeaderElection124 got exception when requesting votes: {}
java.util.concurrent.ExecutionException: org.apache.ratis.thirdparty.io.grpc.StatusRuntimeException: UNAVAILABLE: io exception
	at java.util.concurrent.FutureTask.report(FutureTask.java:122)
	at java.util.concurrent.FutureTask.get(FutureTask.java:192)
	at org.apache.ratis.server.impl.LeaderElection.waitForResults(LeaderElection.java:263)
	at org.apache.ratis.server.impl.LeaderElection.askForVotes(LeaderElection.java:201)
	at org.apache.ratis.server.impl.LeaderElection.run(LeaderElection.java:133)
	at java.lang.Thread.run(Thread.java:748)
Caused by: org.apache.ratis.thirdparty.io.grpc.StatusRuntimeException: UNAVAILABLE: io exception
	at org.apache.ratis.thirdparty.io.grpc.stub.ClientCalls.toStatusRuntimeException(ClientCalls.java:233)
	at org.apache.ratis.thirdparty.io.grpc.stub.ClientCalls.getUnchecked(ClientCalls.java:214)
	at org.apache.ratis.thirdparty.io.grpc.stub.ClientCalls.blockingUnaryCall(ClientCalls.java:139)
	at org.apache.ratis.proto.grpc.RaftServerProtocolServiceGrpc$RaftServerProtocolServiceBlockingStub.requestVote(RaftServerProtocolServiceGrpc.java:265)
	at org.apache.ratis.grpc.server.GrpcServerProtocolClient.requestVote(GrpcServerProtocolClient.java:90)
	at org.apache.ratis.grpc.server.GrpcService.requestVote(GrpcService.java:204)
	at org.apache.ratis.server.impl.LeaderElection.lambda$submitRequests$1(LeaderElection.java:238)
	at java.util.concurrent.FutureTask.run(FutureTask.java:266)
	at java.util.concurrent.Executors$RunnableAdapter.call(Executors.java:511)
	at java.util.concurrent.FutureTask.run(FutureTask.java:266)
	at java.util.concurrent.ThreadPoolExecutor.runWorker(ThreadPoolExecutor.java:1149)
	at java.util.concurrent.ThreadPoolExecutor$Worker.run(ThreadPoolExecutor.java:624)
	... 1 more
Caused by: org.apache.ratis.thirdparty.io.netty.channel.AbstractChannel$AnnotatedConnectException: Connection refused: /192.168.36.85:38418
	at sun.nio.ch.SocketChannelImpl.checkConnect(Native Method)
	at sun.nio.ch.SocketChannelImpl.finishConnect(SocketChannelImpl.java:717)
	at org.apache.ratis.thirdparty.io.netty.channel.socket.nio.NioSocketChannel.doFinishConnect(NioSocketChannel.java:327)
	at org.apache.ratis.thirdparty.io.netty.channel.nio.AbstractNioChannel$AbstractNioUnsafe.finishConnect(AbstractNioChannel.java:340)
	at org.apache.ratis.thirdparty.io.netty.channel.nio.NioEventLoop.processSelectedKey(NioEventLoop.java:632)
	at org.apache.ratis.thirdparty.io.netty.channel.nio.NioEventLoop.processSelectedKeysOptimized(NioEventLoop.java:579)
	at org.apache.ratis.thirdparty.io.netty.channel.nio.NioEventLoop.processSelectedKeys(NioEventLoop.java:496)
	at org.apache.ratis.thirdparty.io.netty.channel.nio.NioEventLoop.run(NioEventLoop.java:458)
	at org.apache.ratis.thirdparty.io.netty.util.concurrent.SingleThreadEventExecutor$5.run(SingleThreadEventExecutor.java:897)
	at org.apache.ratis.thirdparty.io.netty.util.concurrent.FastThreadLocalRunnable.run(FastThreadLocalRunnable.java:30)
	... 1 more
Caused by: java.net.ConnectException: Connection refused
	... 11 more
2019-09-19 08:26:30,140 [e50c69ec-4263-4416-9cef-9cb60973670d@group-0B9F0340E072:LeaderElection119] INFO  impl.LeaderElection (LogUtils.java:infoOrTrace(149)) - e50c69ec-4263-4416-9cef-9cb60973670d@group-0B9F0340E072:LeaderElection119 got exception when requesting votes: {}
java.util.concurrent.ExecutionException: org.apache.ratis.thirdparty.io.grpc.StatusRuntimeException: UNAVAILABLE: io exception
	at java.util.concurrent.FutureTask.report(FutureTask.java:122)
	at java.util.concurrent.FutureTask.get(FutureTask.java:192)
	at org.apache.ratis.server.impl.LeaderElection.waitForResults(LeaderElection.java:263)
	at org.apache.ratis.server.impl.LeaderElection.askForVotes(LeaderElection.java:201)
	at org.apache.ratis.server.impl.LeaderElection.run(LeaderElection.java:133)
	at java.lang.Thread.run(Thread.java:748)
Caused by: org.apache.ratis.thirdparty.io.grpc.StatusRuntimeException: UNAVAILABLE: io exception
	at org.apache.ratis.thirdparty.io.grpc.stub.ClientCalls.toStatusRuntimeException(ClientCalls.java:233)
	at org.apache.ratis.thirdparty.io.grpc.stub.ClientCalls.getUnchecked(ClientCalls.java:214)
	at org.apache.ratis.thirdparty.io.grpc.stub.ClientCalls.blockingUnaryCall(ClientCalls.java:139)
	at org.apache.ratis.proto.grpc.RaftServerProtocolServiceGrpc$RaftServerProtocolServiceBlockingStub.requestVote(RaftServerProtocolServiceGrpc.java:265)
	at org.apache.ratis.grpc.server.GrpcServerProtocolClient.requestVote(GrpcServerProtocolClient.java:90)
	at org.apache.ratis.grpc.server.GrpcService.requestVote(GrpcService.java:204)
	at org.apache.ratis.server.impl.LeaderElection.lambda$submitRequests$1(LeaderElection.java:238)
	at java.util.concurrent.FutureTask.run(FutureTask.java:266)
	at java.util.concurrent.Executors$RunnableAdapter.call(Executors.java:511)
	at java.util.concurrent.FutureTask.run(FutureTask.java:266)
	at java.util.concurrent.ThreadPoolExecutor.runWorker(ThreadPoolExecutor.java:1149)
	at java.util.concurrent.ThreadPoolExecutor$Worker.run(ThreadPoolExecutor.java:624)
	... 1 more
Caused by: org.apache.ratis.thirdparty.io.netty.channel.AbstractChannel$AnnotatedConnectException: Connection refused: /192.168.36.85:38418
	at sun.nio.ch.SocketChannelImpl.checkConnect(Native Method)
	at sun.nio.ch.SocketChannelImpl.finishConnect(SocketChannelImpl.java:717)
	at org.apache.ratis.thirdparty.io.netty.channel.socket.nio.NioSocketChannel.doFinishConnect(NioSocketChannel.java:327)
	at org.apache.ratis.thirdparty.io.netty.channel.nio.AbstractNioChannel$AbstractNioUnsafe.finishConnect(AbstractNioChannel.java:340)
	at org.apache.ratis.thirdparty.io.netty.channel.nio.NioEventLoop.processSelectedKey(NioEventLoop.java:632)
	at org.apache.ratis.thirdparty.io.netty.channel.nio.NioEventLoop.processSelectedKeysOptimized(NioEventLoop.java:579)
	at org.apache.ratis.thirdparty.io.netty.channel.nio.NioEventLoop.processSelectedKeys(NioEventLoop.java:496)
	at org.apache.ratis.thirdparty.io.netty.channel.nio.NioEventLoop.run(NioEventLoop.java:458)
	at org.apache.ratis.thirdparty.io.netty.util.concurrent.SingleThreadEventExecutor$5.run(SingleThreadEventExecutor.java:897)
	at org.apache.ratis.thirdparty.io.netty.util.concurrent.FastThreadLocalRunnable.run(FastThreadLocalRunnable.java:30)
	... 1 more
Caused by: java.net.ConnectException: Connection refused
	... 11 more
2019-09-19 08:26:30,139 [grpc-default-executor-13] WARN  server.GrpcServerProtocolService (LogUtils.java:warn(136)) - 64a8661b-c2d9-4df7-8ca1-1b29ef624e85: Failed requestVote e50c69ec-4263-4416-9cef-9cb60973670d->64a8661b-c2d9-4df7-8ca1-1b29ef624e85#0
java.lang.IllegalArgumentException: 64a8661b-c2d9-4df7-8ca1-1b29ef624e85@group-7A121B0D245D-SegmentedRaftLog is expected to be opened but it is CLOSED
	at org.apache.ratis.util.OpenCloseState.assertOpen(OpenCloseState.java:63)
	at org.apache.ratis.server.raftlog.RaftLog.checkLogState(RaftLog.java:102)
	at org.apache.ratis.server.raftlog.segmented.SegmentedRaftLog.getLastEntryTermIndex(SegmentedRaftLog.java:324)
	at org.apache.ratis.server.impl.ServerState.isLogUpToDate(ServerState.java:320)
	at org.apache.ratis.server.impl.RaftServerImpl.requestVote(RaftServerImpl.java:764)
	at org.apache.ratis.server.impl.RaftServerImpl.requestVote(RaftServerImpl.java:736)
	at org.apache.ratis.server.impl.RaftServerProxy.requestVote(RaftServerProxy.java:443)
	at org.apache.ratis.grpc.server.GrpcServerProtocolService.requestVote(GrpcServerProtocolService.java:142)
	at org.apache.ratis.proto.grpc.RaftServerProtocolServiceGrpc$MethodHandlers.invoke(RaftServerProtocolServiceGrpc.java:319)
	at org.apache.ratis.thirdparty.io.grpc.stub.ServerCalls$UnaryServerCallHandler$UnaryServerCallListener.onHalfClose(ServerCalls.java:171)
	at org.apache.ratis.thirdparty.io.grpc.internal.ServerCallImpl$ServerStreamListenerImpl.halfClosed(ServerCallImpl.java:283)
	at org.apache.ratis.thirdparty.io.grpc.internal.ServerImpl$JumpToApplicationThreadServerStreamListener$1HalfClosed.runInContext(ServerImpl.java:710)
	at org.apache.ratis.thirdparty.io.grpc.internal.ContextRunnable.run(ContextRunnable.java:37)
	at org.apache.ratis.thirdparty.io.grpc.internal.SerializingExecutor.run(SerializingExecutor.java:123)
	at java.util.concurrent.ThreadPoolExecutor.runWorker(ThreadPoolExecutor.java:1149)
	at java.util.concurrent.ThreadPoolExecutor$Worker.run(ThreadPoolExecutor.java:624)
	at java.lang.Thread.run(Thread.java:748)
Caused by: org.apache.ratis.util.OpenCloseState$CloseTrace: Close 64a8661b-c2d9-4df7-8ca1-1b29ef624e85@group-7A121B0D245D-SegmentedRaftLog
	at org.apache.ratis.util.OpenCloseState.lambda$close$1(OpenCloseState.java:109)
	at java.util.concurrent.atomic.AtomicReference.getAndUpdate(AtomicReference.java:160)
	at org.apache.ratis.util.OpenCloseState.close(OpenCloseState.java:109)
	at org.apache.ratis.server.raftlog.RaftLog.close(RaftLog.java:437)
	at org.apache.ratis.server.raftlog.segmented.SegmentedRaftLog.close(SegmentedRaftLog.java:476)
	at org.apache.ratis.server.impl.ServerState.close(ServerState.java:387)
	at org.apache.ratis.server.impl.RaftServerImpl.lambda$shutdown$3(RaftServerImpl.java:273)
	at org.apache.ratis.util.LifeCycle.lambda$checkStateAndClose$2(LifeCycle.java:231)
	at org.apache.ratis.util.LifeCycle.checkStateAndClose(LifeCycle.java:251)
	at org.apache.ratis.util.LifeCycle.checkStateAndClose(LifeCycle.java:229)
	at org.apache.ratis.server.impl.RaftServerImpl.shutdown(RaftServerImpl.java:250)
	at org.apache.ratis.server.impl.RaftServerProxy$ImplMap.lambda$close$0(RaftServerProxy.java:107)
	at java.util.stream.ForEachOps$ForEachOp$OfRef.accept(ForEachOps.java:184)
	at java.util.stream.ReferencePipeline$3$1.accept(ReferencePipeline.java:193)
	at java.util.concurrent.ConcurrentHashMap$ValueSpliterator.forEachRemaining(ConcurrentHashMap.java:3566)
	at java.util.stream.AbstractPipeline.copyInto(AbstractPipeline.java:482)
	at java.util.stream.ForEachOps$ForEachTask.compute(ForEachOps.java:291)
	at java.util.concurrent.CountedCompleter.exec(CountedCompleter.java:731)
	at java.util.concurrent.ForkJoinTask.doExec(ForkJoinTask.java:289)
	at java.util.concurrent.ForkJoinPool.helpComplete(ForkJoinPool.java:1870)
	at java.util.concurrent.ForkJoinPool.awaitJoin(ForkJoinPool.java:2045)
	at java.util.concurrent.ForkJoinTask.doInvoke(ForkJoinTask.java:404)
	at java.util.concurrent.ForkJoinTask.invoke(ForkJoinTask.java:734)
	at java.util.stream.ForEachOps$ForEachOp.evaluateParallel(ForEachOps.java:160)
	at java.util.stream.ForEachOps$ForEachOp$OfRef.evaluateParallel(ForEachOps.java:174)
	at java.util.stream.AbstractPipeline.evaluate(AbstractPipeline.java:233)
	at java.util.stream.ReferencePipeline.forEach(ReferencePipeline.java:418)
	at org.apache.ratis.server.impl.RaftServerProxy$ImplMap.close(RaftServerProxy.java:107)
	at org.apache.ratis.server.impl.RaftServerProxy.lambda$close$4(RaftServerProxy.java:315)
	at org.apache.ratis.util.LifeCycle.lambda$checkStateAndClose$2(LifeCycle.java:231)
	at org.apache.ratis.util.LifeCycle.checkStateAndClose(LifeCycle.java:251)
	at org.apache.ratis.util.LifeCycle.checkStateAndClose(LifeCycle.java:229)
	at org.apache.ratis.server.impl.RaftServerProxy.close(RaftServerProxy.java:313)
	at org.apache.hadoop.ozone.container.common.transport.server.ratis.XceiverServerRatis.stop(XceiverServerRatis.java:441)
	at org.apache.hadoop.ozone.container.ozoneimpl.OzoneContainer.stop(OzoneContainer.java:233)
	at org.apache.hadoop.ozone.container.common.statemachine.DatanodeStateMachine.close(DatanodeStateMachine.java:270)
	at org.apache.hadoop.ozone.container.common.statemachine.DatanodeStateMachine.stopDaemon(DatanodeStateMachine.java:394)
	at org.apache.hadoop.ozone.HddsDatanodeService.stop(HddsDatanodeService.java:457)
	at org.apache.hadoop.ozone.MiniOzoneClusterImpl.lambda$stop$2(MiniOzoneClusterImpl.java:338)
	at java.util.stream.ForEachOps$ForEachOp$OfRef.accept(ForEachOps.java:184)
	at java.util.ArrayList$ArrayListSpliterator.forEachRemaining(ArrayList.java:1382)
	at java.util.stream.AbstractPipeline.copyInto(AbstractPipeline.java:482)
	at java.util.stream.ForEachOps$ForEachTask.compute(ForEachOps.java:291)
	at java.util.concurrent.CountedCompleter.exec(CountedCompleter.java:731)
	at java.util.concurrent.ForkJoinTask.doExec(ForkJoinTask.java:289)
	at java.util.concurrent.ForkJoinPool$WorkQueue.runTask(ForkJoinPool.java:1056)
	at java.util.concurrent.ForkJoinPool.runWorker(ForkJoinPool.java:1692)
	at java.util.concurrent.ForkJoinWorkerThread.run(ForkJoinWorkerThread.java:157)
2019-09-19 08:26:30,146 [e50c69ec-4263-4416-9cef-9cb60973670d@group-6FD53671956A:LeaderElection124] INFO  impl.LeaderElection (LeaderElection.java:logAndReturn(56)) - e50c69ec-4263-4416-9cef-9cb60973670d@group-6FD53671956A:LeaderElection124: Election REJECTED; received 1 response(s) [e50c69ec-4263-4416-9cef-9cb60973670d<-830f5926-e6f3-4fc6-b48b-87b1008588b0#0:FAIL-t2] and 1 exception(s); e50c69ec-4263-4416-9cef-9cb60973670d@group-6FD53671956A:t2, leader=null, voted=e50c69ec-4263-4416-9cef-9cb60973670d, raftlog=e50c69ec-4263-4416-9cef-9cb60973670d@group-6FD53671956A-SegmentedRaftLog:OPENED:c-1,f-1,i0, conf=-1: [64a8661b-c2d9-4df7-8ca1-1b29ef624e85:192.168.36.85:38418, 830f5926-e6f3-4fc6-b48b-87b1008588b0:192.168.36.85:44294, e50c69ec-4263-4416-9cef-9cb60973670d:192.168.36.85:44827], old=null
2019-09-19 08:26:30,143 [e50c69ec-4263-4416-9cef-9cb60973670d@group-0B9F0340E072:LeaderElection119] INFO  impl.LeaderElection (LeaderElection.java:logAndReturn(56)) - e50c69ec-4263-4416-9cef-9cb60973670d@group-0B9F0340E072:LeaderElection119: Election REJECTED; received 1 response(s) [e50c69ec-4263-4416-9cef-9cb60973670d<-830f5926-e6f3-4fc6-b48b-87b1008588b0#0:FAIL-t2] and 1 exception(s); e50c69ec-4263-4416-9cef-9cb60973670d@group-0B9F0340E072:t2, leader=null, voted=e50c69ec-4263-4416-9cef-9cb60973670d, raftlog=e50c69ec-4263-4416-9cef-9cb60973670d@group-0B9F0340E072-SegmentedRaftLog:OPENED:c-1,f-1,i0, conf=-1: [64a8661b-c2d9-4df7-8ca1-1b29ef624e85:192.168.36.85:38418, 830f5926-e6f3-4fc6-b48b-87b1008588b0:192.168.36.85:44294, e50c69ec-4263-4416-9cef-9cb60973670d:192.168.36.85:44827], old=null
2019-09-19 08:26:30,147 [e50c69ec-4263-4416-9cef-9cb60973670d@group-0B9F0340E072:LeaderElection119] INFO  impl.LeaderElection (LogUtils.java:infoOrTrace(149)) -   Exception 0: {}
java.util.concurrent.ExecutionException: org.apache.ratis.thirdparty.io.grpc.StatusRuntimeException: UNAVAILABLE: io exception
	at java.util.concurrent.FutureTask.report(FutureTask.java:122)
	at java.util.concurrent.FutureTask.get(FutureTask.java:192)
	at org.apache.ratis.server.impl.LeaderElection.waitForResults(LeaderElection.java:263)
	at org.apache.ratis.server.impl.LeaderElection.askForVotes(LeaderElection.java:201)
	at org.apache.ratis.server.impl.LeaderElection.run(LeaderElection.java:133)
	at java.lang.Thread.run(Thread.java:748)
Caused by: org.apache.ratis.thirdparty.io.grpc.StatusRuntimeException: UNAVAILABLE: io exception
	at org.apache.ratis.thirdparty.io.grpc.stub.ClientCalls.toStatusRuntimeException(ClientCalls.java:233)
	at org.apache.ratis.thirdparty.io.grpc.stub.ClientCalls.getUnchecked(ClientCalls.java:214)
	at org.apache.ratis.thirdparty.io.grpc.stub.ClientCalls.blockingUnaryCall(ClientCalls.java:139)
	at org.apache.ratis.proto.grpc.RaftServerProtocolServiceGrpc$RaftServerProtocolServiceBlockingStub.requestVote(RaftServerProtocolServiceGrpc.java:265)
	at org.apache.ratis.grpc.server.GrpcServerProtocolClient.requestVote(GrpcServerProtocolClient.java:90)
	at org.apache.ratis.grpc.server.GrpcService.requestVote(GrpcService.java:204)
	at org.apache.ratis.server.impl.LeaderElection.lambda$submitRequests$1(LeaderElection.java:238)
	at java.util.concurrent.FutureTask.run(FutureTask.java:266)
	at java.util.concurrent.Executors$RunnableAdapter.call(Executors.java:511)
	at java.util.concurrent.FutureTask.run(FutureTask.java:266)
	at java.util.concurrent.ThreadPoolExecutor.runWorker(ThreadPoolExecutor.java:1149)
	at java.util.concurrent.ThreadPoolExecutor$Worker.run(ThreadPoolExecutor.java:624)
	... 1 more
Caused by: org.apache.ratis.thirdparty.io.netty.channel.AbstractChannel$AnnotatedConnectException: Connection refused: /192.168.36.85:38418
	at sun.nio.ch.SocketChannelImpl.checkConnect(Native Method)
	at sun.nio.ch.SocketChannelImpl.finishConnect(SocketChannelImpl.java:717)
	at org.apache.ratis.thirdparty.io.netty.channel.socket.nio.NioSocketChannel.doFinishConnect(NioSocketChannel.java:327)
	at org.apache.ratis.thirdparty.io.netty.channel.nio.AbstractNioChannel$AbstractNioUnsafe.finishConnect(AbstractNioChannel.java:340)
	at org.apache.ratis.thirdparty.io.netty.channel.nio.NioEventLoop.processSelectedKey(NioEventLoop.java:632)
	at org.apache.ratis.thirdparty.io.netty.channel.nio.NioEventLoop.processSelectedKeysOptimized(NioEventLoop.java:579)
	at org.apache.ratis.thirdparty.io.netty.channel.nio.NioEventLoop.processSelectedKeys(NioEventLoop.java:496)
	at org.apache.ratis.thirdparty.io.netty.channel.nio.NioEventLoop.run(NioEventLoop.java:458)
	at org.apache.ratis.thirdparty.io.netty.util.concurrent.SingleThreadEventExecutor$5.run(SingleThreadEventExecutor.java:897)
	at org.apache.ratis.thirdparty.io.netty.util.concurrent.FastThreadLocalRunnable.run(FastThreadLocalRunnable.java:30)
	... 1 more
Caused by: java.net.ConnectException: Connection refused
	... 11 more
2019-09-19 08:26:30,142 [e50c69ec-4263-4416-9cef-9cb60973670d@group-7A121B0D245D:LeaderElection118] INFO  impl.LeaderElection (LeaderElection.java:logAndReturn(56)) - e50c69ec-4263-4416-9cef-9cb60973670d@group-7A121B0D245D:LeaderElection118: Election REJECTED; received 1 response(s) [e50c69ec-4263-4416-9cef-9cb60973670d<-830f5926-e6f3-4fc6-b48b-87b1008588b0#0:FAIL-t3] and 1 exception(s); e50c69ec-4263-4416-9cef-9cb60973670d@group-7A121B0D245D:t3, leader=null, voted=e50c69ec-4263-4416-9cef-9cb60973670d, raftlog=e50c69ec-4263-4416-9cef-9cb60973670d@group-7A121B0D245D-SegmentedRaftLog:OPENED:c-1,f-1,i0, conf=-1: [64a8661b-c2d9-4df7-8ca1-1b29ef624e85:192.168.36.85:38418, 830f5926-e6f3-4fc6-b48b-87b1008588b0:192.168.36.85:44294, e50c69ec-4263-4416-9cef-9cb60973670d:192.168.36.85:44827], old=null
2019-09-19 08:26:30,142 [830f5926-e6f3-4fc6-b48b-87b1008588b0@group-6FD53671956A:LeaderElection123] INFO  impl.LeaderElection (LeaderElection.java:logAndReturn(56)) - 830f5926-e6f3-4fc6-b48b-87b1008588b0@group-6FD53671956A:LeaderElection123: Election REJECTED; received 1 response(s) [830f5926-e6f3-4fc6-b48b-87b1008588b0<-e50c69ec-4263-4416-9cef-9cb60973670d#0:FAIL-t2] and 1 exception(s); 830f5926-e6f3-4fc6-b48b-87b1008588b0@group-6FD53671956A:t2, leader=null, voted=830f5926-e6f3-4fc6-b48b-87b1008588b0, raftlog=830f5926-e6f3-4fc6-b48b-87b1008588b0@group-6FD53671956A-SegmentedRaftLog:OPENED:c-1,f-1,i0, conf=-1: [64a8661b-c2d9-4df7-8ca1-1b29ef624e85:192.168.36.85:38418, 830f5926-e6f3-4fc6-b48b-87b1008588b0:192.168.36.85:44294, e50c69ec-4263-4416-9cef-9cb60973670d:192.168.36.85:44827], old=null
2019-09-19 08:26:30,142 [830f5926-e6f3-4fc6-b48b-87b1008588b0@group-0B9F0340E072:LeaderElection116] INFO  impl.LeaderElection (LeaderElection.java:logAndReturn(56)) - 830f5926-e6f3-4fc6-b48b-87b1008588b0@group-0B9F0340E072:LeaderElection116: Election REJECTED; received 1 response(s) [830f5926-e6f3-4fc6-b48b-87b1008588b0<-e50c69ec-4263-4416-9cef-9cb60973670d#0:FAIL-t2] and 1 exception(s); 830f5926-e6f3-4fc6-b48b-87b1008588b0@group-0B9F0340E072:t2, leader=null, voted=830f5926-e6f3-4fc6-b48b-87b1008588b0, raftlog=830f5926-e6f3-4fc6-b48b-87b1008588b0@group-0B9F0340E072-SegmentedRaftLog:OPENED:c-1,f-1,i0, conf=-1: [64a8661b-c2d9-4df7-8ca1-1b29ef624e85:192.168.36.85:38418, 830f5926-e6f3-4fc6-b48b-87b1008588b0:192.168.36.85:44294, e50c69ec-4263-4416-9cef-9cb60973670d:192.168.36.85:44827], old=null
2019-09-19 08:26:30,142 [830f5926-e6f3-4fc6-b48b-87b1008588b0@group-7A121B0D245D:LeaderElection117] INFO  impl.LeaderElection (LeaderElection.java:logAndReturn(56)) - 830f5926-e6f3-4fc6-b48b-87b1008588b0@group-7A121B0D245D:LeaderElection117: Election REJECTED; received 1 response(s) [830f5926-e6f3-4fc6-b48b-87b1008588b0<-e50c69ec-4263-4416-9cef-9cb60973670d#0:FAIL-t3] and 1 exception(s); 830f5926-e6f3-4fc6-b48b-87b1008588b0@group-7A121B0D245D:t3, leader=null, voted=830f5926-e6f3-4fc6-b48b-87b1008588b0, raftlog=830f5926-e6f3-4fc6-b48b-87b1008588b0@group-7A121B0D245D-SegmentedRaftLog:OPENED:c-1,f-1,i0, conf=-1: [64a8661b-c2d9-4df7-8ca1-1b29ef624e85:192.168.36.85:38418, 830f5926-e6f3-4fc6-b48b-87b1008588b0:192.168.36.85:44294, e50c69ec-4263-4416-9cef-9cb60973670d:192.168.36.85:44827], old=null
2019-09-19 08:26:30,147 [830f5926-e6f3-4fc6-b48b-87b1008588b0@group-0B9F0340E072:LeaderElection116] INFO  impl.LeaderElection (LogUtils.java:infoOrTrace(149)) -   Exception 0: {}
java.util.concurrent.ExecutionException: org.apache.ratis.thirdparty.io.grpc.StatusRuntimeException: UNAVAILABLE: io exception
	at java.util.concurrent.FutureTask.report(FutureTask.java:122)
	at java.util.concurrent.FutureTask.get(FutureTask.java:192)
	at org.apache.ratis.server.impl.LeaderElection.waitForResults(LeaderElection.java:263)
	at org.apache.ratis.server.impl.LeaderElection.askForVotes(LeaderElection.java:201)
	at org.apache.ratis.server.impl.LeaderElection.run(LeaderElection.java:133)
	at java.lang.Thread.run(Thread.java:748)
Caused by: org.apache.ratis.thirdparty.io.grpc.StatusRuntimeException: UNAVAILABLE: io exception
	at org.apache.ratis.thirdparty.io.grpc.stub.ClientCalls.toStatusRuntimeException(ClientCalls.java:233)
	at org.apache.ratis.thirdparty.io.grpc.stub.ClientCalls.getUnchecked(ClientCalls.java:214)
	at org.apache.ratis.thirdparty.io.grpc.stub.ClientCalls.blockingUnaryCall(ClientCalls.java:139)
	at org.apache.ratis.proto.grpc.RaftServerProtocolServiceGrpc$RaftServerProtocolServiceBlockingStub.requestVote(RaftServerProtocolServiceGrpc.java:265)
	at org.apache.ratis.grpc.server.GrpcServerProtocolClient.requestVote(GrpcServerProtocolClient.java:90)
	at org.apache.ratis.grpc.server.GrpcService.requestVote(GrpcService.java:204)
	at org.apache.ratis.server.impl.LeaderElection.lambda$submitRequests$1(LeaderElection.java:238)
	at java.util.concurrent.FutureTask.run(FutureTask.java:266)
	at java.util.concurrent.Executors$RunnableAdapter.call(Executors.java:511)
	at java.util.concurrent.FutureTask.run(FutureTask.java:266)
	at java.util.concurrent.ThreadPoolExecutor.runWorker(ThreadPoolExecutor.java:1149)
	at java.util.concurrent.ThreadPoolExecutor$Worker.run(ThreadPoolExecutor.java:624)
	... 1 more
Caused by: org.apache.ratis.thirdparty.io.netty.channel.AbstractChannel$AnnotatedConnectException: Connection refused: /192.168.36.85:38418
	at sun.nio.ch.SocketChannelImpl.checkConnect(Native Method)
	at sun.nio.ch.SocketChannelImpl.finishConnect(SocketChannelImpl.java:717)
	at org.apache.ratis.thirdparty.io.netty.channel.socket.nio.NioSocketChannel.doFinishConnect(NioSocketChannel.java:327)
	at org.apache.ratis.thirdparty.io.netty.channel.nio.AbstractNioChannel$AbstractNioUnsafe.finishConnect(AbstractNioChannel.java:340)
	at org.apache.ratis.thirdparty.io.netty.channel.nio.NioEventLoop.processSelectedKey(NioEventLoop.java:632)
	at org.apache.ratis.thirdparty.io.netty.channel.nio.NioEventLoop.processSelectedKeysOptimized(NioEventLoop.java:579)
	at org.apache.ratis.thirdparty.io.netty.channel.nio.NioEventLoop.processSelectedKeys(NioEventLoop.java:496)
	at org.apache.ratis.thirdparty.io.netty.channel.nio.NioEventLoop.run(NioEventLoop.java:458)
	at org.apache.ratis.thirdparty.io.netty.util.concurrent.SingleThreadEventExecutor$5.run(SingleThreadEventExecutor.java:897)
	at org.apache.ratis.thirdparty.io.netty.util.concurrent.FastThreadLocalRunnable.run(FastThreadLocalRunnable.java:30)
	... 1 more
Caused by: java.net.ConnectException: Connection refused
	... 11 more
2019-09-19 08:26:30,147 [830f5926-e6f3-4fc6-b48b-87b1008588b0@group-6FD53671956A:LeaderElection123] INFO  impl.LeaderElection (LogUtils.java:infoOrTrace(149)) -   Exception 0: {}
java.util.concurrent.ExecutionException: org.apache.ratis.thirdparty.io.grpc.StatusRuntimeException: UNAVAILABLE: io exception
	at java.util.concurrent.FutureTask.report(FutureTask.java:122)
	at java.util.concurrent.FutureTask.get(FutureTask.java:192)
	at org.apache.ratis.server.impl.LeaderElection.waitForResults(LeaderElection.java:263)
	at org.apache.ratis.server.impl.LeaderElection.askForVotes(LeaderElection.java:201)
	at org.apache.ratis.server.impl.LeaderElection.run(LeaderElection.java:133)
	at java.lang.Thread.run(Thread.java:748)
Caused by: org.apache.ratis.thirdparty.io.grpc.StatusRuntimeException: UNAVAILABLE: io exception
	at org.apache.ratis.thirdparty.io.grpc.stub.ClientCalls.toStatusRuntimeException(ClientCalls.java:233)
	at org.apache.ratis.thirdparty.io.grpc.stub.ClientCalls.getUnchecked(ClientCalls.java:214)
	at org.apache.ratis.thirdparty.io.grpc.stub.ClientCalls.blockingUnaryCall(ClientCalls.java:139)
	at org.apache.ratis.proto.grpc.RaftServerProtocolServiceGrpc$RaftServerProtocolServiceBlockingStub.requestVote(RaftServerProtocolServiceGrpc.java:265)
	at org.apache.ratis.grpc.server.GrpcServerProtocolClient.requestVote(GrpcServerProtocolClient.java:90)
	at org.apache.ratis.grpc.server.GrpcService.requestVote(GrpcService.java:204)
	at org.apache.ratis.server.impl.LeaderElection.lambda$submitRequests$1(LeaderElection.java:238)
	at java.util.concurrent.FutureTask.run(FutureTask.java:266)
	at java.util.concurrent.Executors$RunnableAdapter.call(Executors.java:511)
	at java.util.concurrent.FutureTask.run(FutureTask.java:266)
	at java.util.concurrent.ThreadPoolExecutor.runWorker(ThreadPoolExecutor.java:1149)
	at java.util.concurrent.ThreadPoolExecutor$Worker.run(ThreadPoolExecutor.java:624)
	... 1 more
Caused by: org.apache.ratis.thirdparty.io.netty.channel.AbstractChannel$AnnotatedConnectException: Connection refused: /192.168.36.85:38418
	at sun.nio.ch.SocketChannelImpl.checkConnect(Native Method)
	at sun.nio.ch.SocketChannelImpl.finishConnect(SocketChannelImpl.java:717)
	at org.apache.ratis.thirdparty.io.netty.channel.socket.nio.NioSocketChannel.doFinishConnect(NioSocketChannel.java:327)
	at org.apache.ratis.thirdparty.io.netty.channel.nio.AbstractNioChannel$AbstractNioUnsafe.finishConnect(AbstractNioChannel.java:340)
	at org.apache.ratis.thirdparty.io.netty.channel.nio.NioEventLoop.processSelectedKey(NioEventLoop.java:632)
	at org.apache.ratis.thirdparty.io.netty.channel.nio.NioEventLoop.processSelectedKeysOptimized(NioEventLoop.java:579)
	at org.apache.ratis.thirdparty.io.netty.channel.nio.NioEventLoop.processSelectedKeys(NioEventLoop.java:496)
	at org.apache.ratis.thirdparty.io.netty.channel.nio.NioEventLoop.run(NioEventLoop.java:458)
	at org.apache.ratis.thirdparty.io.netty.util.concurrent.SingleThreadEventExecutor$5.run(SingleThreadEventExecutor.java:897)
	at org.apache.ratis.thirdparty.io.netty.util.concurrent.FastThreadLocalRunnable.run(FastThreadLocalRunnable.java:30)
	... 1 more
Caused by: java.net.ConnectException: Connection refused
	... 11 more
2019-09-19 08:26:30,147 [e50c69ec-4263-4416-9cef-9cb60973670d@group-7A121B0D245D:LeaderElection118] INFO  impl.LeaderElection (LogUtils.java:infoOrTrace(149)) -   Exception 0: {}
java.util.concurrent.ExecutionException: org.apache.ratis.thirdparty.io.grpc.StatusRuntimeException: UNAVAILABLE: io exception
	at java.util.concurrent.FutureTask.report(FutureTask.java:122)
	at java.util.concurrent.FutureTask.get(FutureTask.java:192)
	at org.apache.ratis.server.impl.LeaderElection.waitForResults(LeaderElection.java:263)
	at org.apache.ratis.server.impl.LeaderElection.askForVotes(LeaderElection.java:201)
	at org.apache.ratis.server.impl.LeaderElection.run(LeaderElection.java:133)
	at java.lang.Thread.run(Thread.java:748)
Caused by: org.apache.ratis.thirdparty.io.grpc.StatusRuntimeException: UNAVAILABLE: io exception
	at org.apache.ratis.thirdparty.io.grpc.stub.ClientCalls.toStatusRuntimeException(ClientCalls.java:233)
	at org.apache.ratis.thirdparty.io.grpc.stub.ClientCalls.getUnchecked(ClientCalls.java:214)
	at org.apache.ratis.thirdparty.io.grpc.stub.ClientCalls.blockingUnaryCall(ClientCalls.java:139)
	at org.apache.ratis.proto.grpc.RaftServerProtocolServiceGrpc$RaftServerProtocolServiceBlockingStub.requestVote(RaftServerProtocolServiceGrpc.java:265)
	at org.apache.ratis.grpc.server.GrpcServerProtocolClient.requestVote(GrpcServerProtocolClient.java:90)
	at org.apache.ratis.grpc.server.GrpcService.requestVote(GrpcService.java:204)
	at org.apache.ratis.server.impl.LeaderElection.lambda$submitRequests$1(LeaderElection.java:238)
	at java.util.concurrent.FutureTask.run(FutureTask.java:266)
	at java.util.concurrent.Executors$RunnableAdapter.call(Executors.java:511)
	at java.util.concurrent.FutureTask.run(FutureTask.java:266)
	at java.util.concurrent.ThreadPoolExecutor.runWorker(ThreadPoolExecutor.java:1149)
	at java.util.concurrent.ThreadPoolExecutor$Worker.run(ThreadPoolExecutor.java:624)
	... 1 more
Caused by: org.apache.ratis.thirdparty.io.netty.channel.AbstractChannel$AnnotatedConnectException: Connection refused: /192.168.36.85:38418
	at sun.nio.ch.SocketChannelImpl.checkConnect(Native Method)
	at sun.nio.ch.SocketChannelImpl.finishConnect(SocketChannelImpl.java:717)
	at org.apache.ratis.thirdparty.io.netty.channel.socket.nio.NioSocketChannel.doFinishConnect(NioSocketChannel.java:327)
	at org.apache.ratis.thirdparty.io.netty.channel.nio.AbstractNioChannel$AbstractNioUnsafe.finishConnect(AbstractNioChannel.java:340)
	at org.apache.ratis.thirdparty.io.netty.channel.nio.NioEventLoop.processSelectedKey(NioEventLoop.java:632)
	at org.apache.ratis.thirdparty.io.netty.channel.nio.NioEventLoop.processSelectedKeysOptimized(NioEventLoop.java:579)
	at org.apache.ratis.thirdparty.io.netty.channel.nio.NioEventLoop.processSelectedKeys(NioEventLoop.java:496)
	at org.apache.ratis.thirdparty.io.netty.channel.nio.NioEventLoop.run(NioEventLoop.java:458)
	at org.apache.ratis.thirdparty.io.netty.util.concurrent.SingleThreadEventExecutor$5.run(SingleThreadEventExecutor.java:897)
	at org.apache.ratis.thirdparty.io.netty.util.concurrent.FastThreadLocalRunnable.run(FastThreadLocalRunnable.java:30)
	... 1 more
Caused by: java.net.ConnectException: Connection refused
	... 11 more
2019-09-19 08:26:30,147 [e50c69ec-4263-4416-9cef-9cb60973670d@group-0B9F0340E072:LeaderElection119] INFO  impl.RaftServerImpl (RaftServerImpl.java:setRole(174)) - e50c69ec-4263-4416-9cef-9cb60973670d@group-0B9F0340E072: changes role from CANDIDATE to FOLLOWER at term 2 for DISCOVERED_A_NEW_TERM
2019-09-19 08:26:30,146 [e50c69ec-4263-4416-9cef-9cb60973670d@group-6FD53671956A:LeaderElection124] INFO  impl.LeaderElection (LogUtils.java:infoOrTrace(149)) -   Exception 0: {}
java.util.concurrent.ExecutionException: org.apache.ratis.thirdparty.io.grpc.StatusRuntimeException: UNAVAILABLE: io exception
	at java.util.concurrent.FutureTask.report(FutureTask.java:122)
	at java.util.concurrent.FutureTask.get(FutureTask.java:192)
	at org.apache.ratis.server.impl.LeaderElection.waitForResults(LeaderElection.java:263)
	at org.apache.ratis.server.impl.LeaderElection.askForVotes(LeaderElection.java:201)
	at org.apache.ratis.server.impl.LeaderElection.run(LeaderElection.java:133)
	at java.lang.Thread.run(Thread.java:748)
Caused by: org.apache.ratis.thirdparty.io.grpc.StatusRuntimeException: UNAVAILABLE: io exception
	at org.apache.ratis.thirdparty.io.grpc.stub.ClientCalls.toStatusRuntimeException(ClientCalls.java:233)
	at org.apache.ratis.thirdparty.io.grpc.stub.ClientCalls.getUnchecked(ClientCalls.java:214)
	at org.apache.ratis.thirdparty.io.grpc.stub.ClientCalls.blockingUnaryCall(ClientCalls.java:139)
	at org.apache.ratis.proto.grpc.RaftServerProtocolServiceGrpc$RaftServerProtocolServiceBlockingStub.requestVote(RaftServerProtocolServiceGrpc.java:265)
	at org.apache.ratis.grpc.server.GrpcServerProtocolClient.requestVote(GrpcServerProtocolClient.java:90)
	at org.apache.ratis.grpc.server.GrpcService.requestVote(GrpcService.java:204)
	at org.apache.ratis.server.impl.LeaderElection.lambda$submitRequests$1(LeaderElection.java:238)
	at java.util.concurrent.FutureTask.run(FutureTask.java:266)
	at java.util.concurrent.Executors$RunnableAdapter.call(Executors.java:511)
	at java.util.concurrent.FutureTask.run(FutureTask.java:266)
	at java.util.concurrent.ThreadPoolExecutor.runWorker(ThreadPoolExecutor.java:1149)
	at java.util.concurrent.ThreadPoolExecutor$Worker.run(ThreadPoolExecutor.java:624)
	... 1 more
Caused by: org.apache.ratis.thirdparty.io.netty.channel.AbstractChannel$AnnotatedConnectException: Connection refused: /192.168.36.85:38418
	at sun.nio.ch.SocketChannelImpl.checkConnect(Native Method)
	at sun.nio.ch.SocketChannelImpl.finishConnect(SocketChannelImpl.java:717)
	at org.apache.ratis.thirdparty.io.netty.channel.socket.nio.NioSocketChannel.doFinishConnect(NioSocketChannel.java:327)
	at org.apache.ratis.thirdparty.io.netty.channel.nio.AbstractNioChannel$AbstractNioUnsafe.finishConnect(AbstractNioChannel.java:340)
	at org.apache.ratis.thirdparty.io.netty.channel.nio.NioEventLoop.processSelectedKey(NioEventLoop.java:632)
	at org.apache.ratis.thirdparty.io.netty.channel.nio.NioEventLoop.processSelectedKeysOptimized(NioEventLoop.java:579)
	at org.apache.ratis.thirdparty.io.netty.channel.nio.NioEventLoop.processSelectedKeys(NioEventLoop.java:496)
	at org.apache.ratis.thirdparty.io.netty.channel.nio.NioEventLoop.run(NioEventLoop.java:458)
	at org.apache.ratis.thirdparty.io.netty.util.concurrent.SingleThreadEventExecutor$5.run(SingleThreadEventExecutor.java:897)
	at org.apache.ratis.thirdparty.io.netty.util.concurrent.FastThreadLocalRunnable.run(FastThreadLocalRunnable.java:30)
	... 1 more
Caused by: java.net.ConnectException: Connection refused
	... 11 more
2019-09-19 08:26:30,149 [e50c69ec-4263-4416-9cef-9cb60973670d@group-0B9F0340E072:LeaderElection119] INFO  impl.RoleInfo (RoleInfo.java:shutdownLeaderElection(134)) - e50c69ec-4263-4416-9cef-9cb60973670d: shutdown LeaderElection
2019-09-19 08:26:30,149 [e50c69ec-4263-4416-9cef-9cb60973670d@group-7A121B0D245D:LeaderElection118] INFO  impl.RaftServerImpl (RaftServerImpl.java:setRole(174)) - e50c69ec-4263-4416-9cef-9cb60973670d@group-7A121B0D245D: changes role from CANDIDATE to FOLLOWER at term 3 for DISCOVERED_A_NEW_TERM
2019-09-19 08:26:30,148 [830f5926-e6f3-4fc6-b48b-87b1008588b0@group-6FD53671956A:LeaderElection123] INFO  impl.RaftServerImpl (RaftServerImpl.java:setRole(174)) - 830f5926-e6f3-4fc6-b48b-87b1008588b0@group-6FD53671956A: changes role from CANDIDATE to FOLLOWER at term 2 for DISCOVERED_A_NEW_TERM
2019-09-19 08:26:30,148 [830f5926-e6f3-4fc6-b48b-87b1008588b0@group-0B9F0340E072:LeaderElection116] INFO  impl.RaftServerImpl (RaftServerImpl.java:setRole(174)) - 830f5926-e6f3-4fc6-b48b-87b1008588b0@group-0B9F0340E072: changes role from CANDIDATE to FOLLOWER at term 2 for DISCOVERED_A_NEW_TERM
2019-09-19 08:26:30,148 [830f5926-e6f3-4fc6-b48b-87b1008588b0@group-7A121B0D245D:LeaderElection117] INFO  impl.LeaderElection (LogUtils.java:infoOrTrace(149)) -   Exception 0: {}
java.util.concurrent.ExecutionException: org.apache.ratis.thirdparty.io.grpc.StatusRuntimeException: UNAVAILABLE: io exception
	at java.util.concurrent.FutureTask.report(FutureTask.java:122)
	at java.util.concurrent.FutureTask.get(FutureTask.java:192)
	at org.apache.ratis.server.impl.LeaderElection.waitForResults(LeaderElection.java:263)
	at org.apache.ratis.server.impl.LeaderElection.askForVotes(LeaderElection.java:201)
	at org.apache.ratis.server.impl.LeaderElection.run(LeaderElection.java:133)
	at java.lang.Thread.run(Thread.java:748)
Caused by: org.apache.ratis.thirdparty.io.grpc.StatusRuntimeException: UNAVAILABLE: io exception
	at org.apache.ratis.thirdparty.io.grpc.stub.ClientCalls.toStatusRuntimeException(ClientCalls.java:233)
	at org.apache.ratis.thirdparty.io.grpc.stub.ClientCalls.getUnchecked(ClientCalls.java:214)
	at org.apache.ratis.thirdparty.io.grpc.stub.ClientCalls.blockingUnaryCall(ClientCalls.java:139)
	at org.apache.ratis.proto.grpc.RaftServerProtocolServiceGrpc$RaftServerProtocolServiceBlockingStub.requestVote(RaftServerProtocolServiceGrpc.java:265)
	at org.apache.ratis.grpc.server.GrpcServerProtocolClient.requestVote(GrpcServerProtocolClient.java:90)
	at org.apache.ratis.grpc.server.GrpcService.requestVote(GrpcService.java:204)
	at org.apache.ratis.server.impl.LeaderElection.lambda$submitRequests$1(LeaderElection.java:238)
	at java.util.concurrent.FutureTask.run(FutureTask.java:266)
	at java.util.concurrent.Executors$RunnableAdapter.call(Executors.java:511)
	at java.util.concurrent.FutureTask.run(FutureTask.java:266)
	at java.util.concurrent.ThreadPoolExecutor.runWorker(ThreadPoolExecutor.java:1149)
	at java.util.concurrent.ThreadPoolExecutor$Worker.run(ThreadPoolExecutor.java:624)
	... 1 more
Caused by: org.apache.ratis.thirdparty.io.netty.channel.AbstractChannel$AnnotatedConnectException: Connection refused: /192.168.36.85:38418
	at sun.nio.ch.SocketChannelImpl.checkConnect(Native Method)
	at sun.nio.ch.SocketChannelImpl.finishConnect(SocketChannelImpl.java:717)
	at org.apache.ratis.thirdparty.io.netty.channel.socket.nio.NioSocketChannel.doFinishConnect(NioSocketChannel.java:327)
	at org.apache.ratis.thirdparty.io.netty.channel.nio.AbstractNioChannel$AbstractNioUnsafe.finishConnect(AbstractNioChannel.java:340)
	at org.apache.ratis.thirdparty.io.netty.channel.nio.NioEventLoop.processSelectedKey(NioEventLoop.java:632)
	at org.apache.ratis.thirdparty.io.netty.channel.nio.NioEventLoop.processSelectedKeysOptimized(NioEventLoop.java:579)
	at org.apache.ratis.thirdparty.io.netty.channel.nio.NioEventLoop.processSelectedKeys(NioEventLoop.java:496)
	at org.apache.ratis.thirdparty.io.netty.channel.nio.NioEventLoop.run(NioEventLoop.java:458)
	at org.apache.ratis.thirdparty.io.netty.util.concurrent.SingleThreadEventExecutor$5.run(SingleThreadEventExecutor.java:897)
	at org.apache.ratis.thirdparty.io.netty.util.concurrent.FastThreadLocalRunnable.run(FastThreadLocalRunnable.java:30)
	... 1 more
Caused by: java.net.ConnectException: Connection refused
	... 11 more
2019-09-19 08:26:30,150 [830f5926-e6f3-4fc6-b48b-87b1008588b0@group-0B9F0340E072:LeaderElection116] INFO  impl.RoleInfo (RoleInfo.java:shutdownLeaderElection(134)) - 830f5926-e6f3-4fc6-b48b-87b1008588b0: shutdown LeaderElection
2019-09-19 08:26:30,150 [830f5926-e6f3-4fc6-b48b-87b1008588b0@group-6FD53671956A:LeaderElection123] INFO  impl.RoleInfo (RoleInfo.java:shutdownLeaderElection(134)) - 830f5926-e6f3-4fc6-b48b-87b1008588b0: shutdown LeaderElection
2019-09-19 08:26:30,150 [e50c69ec-4263-4416-9cef-9cb60973670d@group-7A121B0D245D:LeaderElection118] INFO  impl.RoleInfo (RoleInfo.java:shutdownLeaderElection(134)) - e50c69ec-4263-4416-9cef-9cb60973670d: shutdown LeaderElection
2019-09-19 08:26:30,150 [e50c69ec-4263-4416-9cef-9cb60973670d@group-0B9F0340E072:LeaderElection119] INFO  impl.RoleInfo (RoleInfo.java:updateAndGet(143)) - e50c69ec-4263-4416-9cef-9cb60973670d: start FollowerState
2019-09-19 08:26:30,149 [e50c69ec-4263-4416-9cef-9cb60973670d@group-6FD53671956A:LeaderElection124] INFO  impl.RaftServerImpl (RaftServerImpl.java:setRole(174)) - e50c69ec-4263-4416-9cef-9cb60973670d@group-6FD53671956A: changes role from CANDIDATE to FOLLOWER at term 2 for DISCOVERED_A_NEW_TERM
2019-09-19 08:26:30,151 [e50c69ec-4263-4416-9cef-9cb60973670d@group-7A121B0D245D:LeaderElection118] INFO  impl.RoleInfo (RoleInfo.java:updateAndGet(143)) - e50c69ec-4263-4416-9cef-9cb60973670d: start FollowerState
2019-09-19 08:26:30,151 [830f5926-e6f3-4fc6-b48b-87b1008588b0@group-6FD53671956A:LeaderElection123] INFO  impl.RoleInfo (RoleInfo.java:updateAndGet(143)) - 830f5926-e6f3-4fc6-b48b-87b1008588b0: start FollowerState
2019-09-19 08:26:30,151 [830f5926-e6f3-4fc6-b48b-87b1008588b0@group-0B9F0340E072:LeaderElection116] INFO  impl.RoleInfo (RoleInfo.java:updateAndGet(143)) - 830f5926-e6f3-4fc6-b48b-87b1008588b0: start FollowerState
2019-09-19 08:26:30,151 [830f5926-e6f3-4fc6-b48b-87b1008588b0@group-7A121B0D245D:LeaderElection117] INFO  impl.RaftServerImpl (RaftServerImpl.java:setRole(174)) - 830f5926-e6f3-4fc6-b48b-87b1008588b0@group-7A121B0D245D: changes role from CANDIDATE to FOLLOWER at term 3 for DISCOVERED_A_NEW_TERM
2019-09-19 08:26:30,151 [e50c69ec-4263-4416-9cef-9cb60973670d@group-6FD53671956A:LeaderElection124] INFO  impl.RoleInfo (RoleInfo.java:shutdownLeaderElection(134)) - e50c69ec-4263-4416-9cef-9cb60973670d: shutdown LeaderElection
2019-09-19 08:26:30,152 [830f5926-e6f3-4fc6-b48b-87b1008588b0@group-7A121B0D245D:LeaderElection117] INFO  impl.RoleInfo (RoleInfo.java:shutdownLeaderElection(134)) - 830f5926-e6f3-4fc6-b48b-87b1008588b0: shutdown LeaderElection
2019-09-19 08:26:30,152 [e50c69ec-4263-4416-9cef-9cb60973670d@group-6FD53671956A:LeaderElection124] INFO  impl.RoleInfo (RoleInfo.java:updateAndGet(143)) - e50c69ec-4263-4416-9cef-9cb60973670d: start FollowerState
2019-09-19 08:26:30,152 [830f5926-e6f3-4fc6-b48b-87b1008588b0@group-7A121B0D245D:LeaderElection117] INFO  impl.RoleInfo (RoleInfo.java:updateAndGet(143)) - 830f5926-e6f3-4fc6-b48b-87b1008588b0: start FollowerState
2019-09-19 08:26:31,156 [Thread-2041] INFO  impl.FollowerState (FollowerState.java:run(106)) - e50c69ec-4263-4416-9cef-9cb60973670d:group-6FD53671956A changes to CANDIDATE, lastRpcTime:1003, electionTimeout:1003ms
2019-09-19 08:26:31,156 [Thread-2041] INFO  impl.RoleInfo (RoleInfo.java:shutdownFollowerState(121)) - e50c69ec-4263-4416-9cef-9cb60973670d: shutdown FollowerState
2019-09-19 08:26:31,156 [Thread-2041] INFO  impl.RaftServerImpl (RaftServerImpl.java:setRole(174)) - e50c69ec-4263-4416-9cef-9cb60973670d@group-6FD53671956A: changes role from  FOLLOWER to CANDIDATE at term 2 for changeToCandidate
2019-09-19 08:26:31,156 [Thread-2041] INFO  impl.RoleInfo (RoleInfo.java:updateAndGet(143)) - e50c69ec-4263-4416-9cef-9cb60973670d: start LeaderElection
2019-09-19 08:26:31,201 [e50c69ec-4263-4416-9cef-9cb60973670d@group-6FD53671956A:LeaderElection126] INFO  impl.LeaderElection (LeaderElection.java:askForVotes(182)) - e50c69ec-4263-4416-9cef-9cb60973670d@group-6FD53671956A:LeaderElection126: begin an election at term 3 for -1: [64a8661b-c2d9-4df7-8ca1-1b29ef624e85:192.168.36.85:38418, 830f5926-e6f3-4fc6-b48b-87b1008588b0:192.168.36.85:44294, e50c69ec-4263-4416-9cef-9cb60973670d:192.168.36.85:44827], old=null
2019-09-19 08:26:31,202 [e50c69ec-4263-4416-9cef-9cb60973670d@group-6FD53671956A:LeaderElection126] INFO  impl.LeaderElection (LogUtils.java:infoOrTrace(149)) - e50c69ec-4263-4416-9cef-9cb60973670d@group-6FD53671956A:LeaderElection126 got exception when requesting votes: {}
java.util.concurrent.ExecutionException: org.apache.ratis.thirdparty.io.grpc.StatusRuntimeException: UNAVAILABLE: io exception
	at java.util.concurrent.FutureTask.report(FutureTask.java:122)
	at java.util.concurrent.FutureTask.get(FutureTask.java:192)
	at org.apache.ratis.server.impl.LeaderElection.waitForResults(LeaderElection.java:263)
	at org.apache.ratis.server.impl.LeaderElection.askForVotes(LeaderElection.java:201)
	at org.apache.ratis.server.impl.LeaderElection.run(LeaderElection.java:133)
	at java.lang.Thread.run(Thread.java:748)
Caused by: org.apache.ratis.thirdparty.io.grpc.StatusRuntimeException: UNAVAILABLE: io exception
	at org.apache.ratis.thirdparty.io.grpc.stub.ClientCalls.toStatusRuntimeException(ClientCalls.java:233)
	at org.apache.ratis.thirdparty.io.grpc.stub.ClientCalls.getUnchecked(ClientCalls.java:214)
	at org.apache.ratis.thirdparty.io.grpc.stub.ClientCalls.blockingUnaryCall(ClientCalls.java:139)
	at org.apache.ratis.proto.grpc.RaftServerProtocolServiceGrpc$RaftServerProtocolServiceBlockingStub.requestVote(RaftServerProtocolServiceGrpc.java:265)
	at org.apache.ratis.grpc.server.GrpcServerProtocolClient.requestVote(GrpcServerProtocolClient.java:90)
	at org.apache.ratis.grpc.server.GrpcService.requestVote(GrpcService.java:204)
	at org.apache.ratis.server.impl.LeaderElection.lambda$submitRequests$1(LeaderElection.java:238)
	at java.util.concurrent.FutureTask.run(FutureTask.java:266)
	at java.util.concurrent.Executors$RunnableAdapter.call(Executors.java:511)
	at java.util.concurrent.FutureTask.run(FutureTask.java:266)
	at java.util.concurrent.ThreadPoolExecutor.runWorker(ThreadPoolExecutor.java:1149)
	at java.util.concurrent.ThreadPoolExecutor$Worker.run(ThreadPoolExecutor.java:624)
	... 1 more
Caused by: org.apache.ratis.thirdparty.io.netty.channel.AbstractChannel$AnnotatedConnectException: Connection refused: /192.168.36.85:38418
	at sun.nio.ch.SocketChannelImpl.checkConnect(Native Method)
	at sun.nio.ch.SocketChannelImpl.finishConnect(SocketChannelImpl.java:717)
	at org.apache.ratis.thirdparty.io.netty.channel.socket.nio.NioSocketChannel.doFinishConnect(NioSocketChannel.java:327)
	at org.apache.ratis.thirdparty.io.netty.channel.nio.AbstractNioChannel$AbstractNioUnsafe.finishConnect(AbstractNioChannel.java:340)
	at org.apache.ratis.thirdparty.io.netty.channel.nio.NioEventLoop.processSelectedKey(NioEventLoop.java:632)
	at org.apache.ratis.thirdparty.io.netty.channel.nio.NioEventLoop.processSelectedKeysOptimized(NioEventLoop.java:579)
	at org.apache.ratis.thirdparty.io.netty.channel.nio.NioEventLoop.processSelectedKeys(NioEventLoop.java:496)
	at org.apache.ratis.thirdparty.io.netty.channel.nio.NioEventLoop.run(NioEventLoop.java:458)
	at org.apache.ratis.thirdparty.io.netty.util.concurrent.SingleThreadEventExecutor$5.run(SingleThreadEventExecutor.java:897)
	at org.apache.ratis.thirdparty.io.netty.util.concurrent.FastThreadLocalRunnable.run(FastThreadLocalRunnable.java:30)
	... 1 more
Caused by: java.net.ConnectException: Connection refused
	... 11 more
2019-09-19 08:26:31,203 [Thread-2037] INFO  impl.FollowerState (FollowerState.java:run(106)) - e50c69ec-4263-4416-9cef-9cb60973670d:group-0B9F0340E072 changes to CANDIDATE, lastRpcTime:1052, electionTimeout:1051ms
2019-09-19 08:26:31,203 [Thread-2037] INFO  impl.RoleInfo (RoleInfo.java:shutdownFollowerState(121)) - e50c69ec-4263-4416-9cef-9cb60973670d: shutdown FollowerState
2019-09-19 08:26:31,203 [Thread-2037] INFO  impl.RaftServerImpl (RaftServerImpl.java:setRole(174)) - e50c69ec-4263-4416-9cef-9cb60973670d@group-0B9F0340E072: changes role from  FOLLOWER to CANDIDATE at term 2 for changeToCandidate
2019-09-19 08:26:31,203 [Thread-2037] INFO  impl.RoleInfo (RoleInfo.java:updateAndGet(143)) - e50c69ec-4263-4416-9cef-9cb60973670d: start LeaderElection
2019-09-19 08:26:31,203 [grpc-default-executor-13] INFO  impl.RaftServerImpl (RaftServerImpl.java:setRole(174)) - 830f5926-e6f3-4fc6-b48b-87b1008588b0@group-6FD53671956A: changes role from  FOLLOWER to FOLLOWER at term 3 for recognizeCandidate:e50c69ec-4263-4416-9cef-9cb60973670d
2019-09-19 08:26:31,204 [grpc-default-executor-13] INFO  impl.RoleInfo (RoleInfo.java:shutdownFollowerState(121)) - 830f5926-e6f3-4fc6-b48b-87b1008588b0: shutdown FollowerState
2019-09-19 08:26:31,204 [grpc-default-executor-13] INFO  impl.RoleInfo (RoleInfo.java:updateAndGet(143)) - 830f5926-e6f3-4fc6-b48b-87b1008588b0: start FollowerState
2019-09-19 08:26:31,204 [Thread-2039] INFO  impl.FollowerState (FollowerState.java:run(115)) - 830f5926-e6f3-4fc6-b48b-87b1008588b0: FollowerState was interrupted: java.lang.InterruptedException: sleep interrupted
2019-09-19 08:26:31,273 [Thread-2038] INFO  impl.FollowerState (FollowerState.java:run(106)) - 830f5926-e6f3-4fc6-b48b-87b1008588b0:group-0B9F0340E072 changes to CANDIDATE, lastRpcTime:1122, electionTimeout:1121ms
2019-09-19 08:26:31,273 [Thread-2038] INFO  impl.RoleInfo (RoleInfo.java:shutdownFollowerState(121)) - 830f5926-e6f3-4fc6-b48b-87b1008588b0: shutdown FollowerState
2019-09-19 08:26:31,273 [Thread-2038] INFO  impl.RaftServerImpl (RaftServerImpl.java:setRole(174)) - 830f5926-e6f3-4fc6-b48b-87b1008588b0@group-0B9F0340E072: changes role from  FOLLOWER to CANDIDATE at term 2 for changeToCandidate
2019-09-19 08:26:31,274 [Thread-2038] INFO  impl.RoleInfo (RoleInfo.java:updateAndGet(143)) - 830f5926-e6f3-4fc6-b48b-87b1008588b0: start LeaderElection
2019-09-19 08:26:31,280 [Thread-2042] INFO  impl.FollowerState (FollowerState.java:run(106)) - 830f5926-e6f3-4fc6-b48b-87b1008588b0:group-7A121B0D245D changes to CANDIDATE, lastRpcTime:1127, electionTimeout:1127ms
2019-09-19 08:26:31,280 [Thread-2042] INFO  impl.RoleInfo (RoleInfo.java:shutdownFollowerState(121)) - 830f5926-e6f3-4fc6-b48b-87b1008588b0: shutdown FollowerState
2019-09-19 08:26:31,280 [Thread-2042] INFO  impl.RaftServerImpl (RaftServerImpl.java:setRole(174)) - 830f5926-e6f3-4fc6-b48b-87b1008588b0@group-7A121B0D245D: changes role from  FOLLOWER to CANDIDATE at term 3 for changeToCandidate
2019-09-19 08:26:31,280 [Thread-2042] INFO  impl.RoleInfo (RoleInfo.java:updateAndGet(143)) - 830f5926-e6f3-4fc6-b48b-87b1008588b0: start LeaderElection
2019-09-19 08:26:31,327 [Thread-2036] INFO  impl.FollowerState (FollowerState.java:run(106)) - 64a8661b-c2d9-4df7-8ca1-1b29ef624e85:group-7A121B0D245D changes to CANDIDATE, lastRpcTime:1188, electionTimeout:1188ms
2019-09-19 08:26:31,327 [Thread-2036] INFO  impl.RoleInfo (RoleInfo.java:shutdownFollowerState(121)) - 64a8661b-c2d9-4df7-8ca1-1b29ef624e85: shutdown FollowerState
2019-09-19 08:26:31,327 [Thread-2036] INFO  impl.RaftServerImpl (RaftServerImpl.java:setRole(174)) - 64a8661b-c2d9-4df7-8ca1-1b29ef624e85@group-7A121B0D245D: changes role from  FOLLOWER to CANDIDATE at term 2 for changeToCandidate
2019-09-19 08:26:31,327 [Thread-2036] INFO  impl.RoleInfo (RoleInfo.java:updateAndGet(143)) - 64a8661b-c2d9-4df7-8ca1-1b29ef624e85: start LeaderElection
2019-09-19 08:26:31,347 [Thread-2040] INFO  impl.FollowerState (FollowerState.java:run(106)) - e50c69ec-4263-4416-9cef-9cb60973670d:group-7A121B0D245D changes to CANDIDATE, lastRpcTime:1195, electionTimeout:1195ms
2019-09-19 08:26:31,347 [Thread-2040] INFO  impl.RoleInfo (RoleInfo.java:shutdownFollowerState(121)) - e50c69ec-4263-4416-9cef-9cb60973670d: shutdown FollowerState
2019-09-19 08:26:31,347 [Thread-2040] INFO  impl.RaftServerImpl (RaftServerImpl.java:setRole(174)) - e50c69ec-4263-4416-9cef-9cb60973670d@group-7A121B0D245D: changes role from  FOLLOWER to CANDIDATE at term 3 for changeToCandidate
2019-09-19 08:26:31,348 [Thread-2040] INFO  impl.RoleInfo (RoleInfo.java:updateAndGet(143)) - e50c69ec-4263-4416-9cef-9cb60973670d: start LeaderElection
2019-09-19 08:26:31,402 [e50c69ec-4263-4416-9cef-9cb60973670d@group-0B9F0340E072:LeaderElection127] INFO  impl.LeaderElection (LeaderElection.java:askForVotes(182)) - e50c69ec-4263-4416-9cef-9cb60973670d@group-0B9F0340E072:LeaderElection127: begin an election at term 3 for -1: [64a8661b-c2d9-4df7-8ca1-1b29ef624e85:192.168.36.85:38418, 830f5926-e6f3-4fc6-b48b-87b1008588b0:192.168.36.85:44294, e50c69ec-4263-4416-9cef-9cb60973670d:192.168.36.85:44827], old=null
2019-09-19 08:26:31,403 [e50c69ec-4263-4416-9cef-9cb60973670d@group-6FD53671956A:LeaderElection126] INFO  impl.LeaderElection (LeaderElection.java:logAndReturn(56)) - e50c69ec-4263-4416-9cef-9cb60973670d@group-6FD53671956A:LeaderElection126: Election PASSED; received 1 response(s) [e50c69ec-4263-4416-9cef-9cb60973670d<-830f5926-e6f3-4fc6-b48b-87b1008588b0#0:OK-t3] and 1 exception(s); e50c69ec-4263-4416-9cef-9cb60973670d@group-6FD53671956A:t3, leader=null, voted=e50c69ec-4263-4416-9cef-9cb60973670d, raftlog=e50c69ec-4263-4416-9cef-9cb60973670d@group-6FD53671956A-SegmentedRaftLog:OPENED:c-1,f-1,i0, conf=-1: [64a8661b-c2d9-4df7-8ca1-1b29ef624e85:192.168.36.85:38418, 830f5926-e6f3-4fc6-b48b-87b1008588b0:192.168.36.85:44294, e50c69ec-4263-4416-9cef-9cb60973670d:192.168.36.85:44827], old=null
2019-09-19 08:26:31,403 [e50c69ec-4263-4416-9cef-9cb60973670d@group-0B9F0340E072:LeaderElection127] INFO  impl.LeaderElection (LogUtils.java:infoOrTrace(149)) - e50c69ec-4263-4416-9cef-9cb60973670d@group-0B9F0340E072:LeaderElection127 got exception when requesting votes: {}
java.util.concurrent.ExecutionException: org.apache.ratis.thirdparty.io.grpc.StatusRuntimeException: UNAVAILABLE: io exception
	at java.util.concurrent.FutureTask.report(FutureTask.java:122)
	at java.util.concurrent.FutureTask.get(FutureTask.java:192)
	at org.apache.ratis.server.impl.LeaderElection.waitForResults(LeaderElection.java:263)
	at org.apache.ratis.server.impl.LeaderElection.askForVotes(LeaderElection.java:201)
	at org.apache.ratis.server.impl.LeaderElection.run(LeaderElection.java:133)
	at java.lang.Thread.run(Thread.java:748)
Caused by: org.apache.ratis.thirdparty.io.grpc.StatusRuntimeException: UNAVAILABLE: io exception
	at org.apache.ratis.thirdparty.io.grpc.stub.ClientCalls.toStatusRuntimeException(ClientCalls.java:233)
	at org.apache.ratis.thirdparty.io.grpc.stub.ClientCalls.getUnchecked(ClientCalls.java:214)
	at org.apache.ratis.thirdparty.io.grpc.stub.ClientCalls.blockingUnaryCall(ClientCalls.java:139)
	at org.apache.ratis.proto.grpc.RaftServerProtocolServiceGrpc$RaftServerProtocolServiceBlockingStub.requestVote(RaftServerProtocolServiceGrpc.java:265)
	at org.apache.ratis.grpc.server.GrpcServerProtocolClient.requestVote(GrpcServerProtocolClient.java:90)
	at org.apache.ratis.grpc.server.GrpcService.requestVote(GrpcService.java:204)
	at org.apache.ratis.server.impl.LeaderElection.lambda$submitRequests$1(LeaderElection.java:238)
	at java.util.concurrent.FutureTask.run(FutureTask.java:266)
	at java.util.concurrent.Executors$RunnableAdapter.call(Executors.java:511)
	at java.util.concurrent.FutureTask.run(FutureTask.java:266)
	at java.util.concurrent.ThreadPoolExecutor.runWorker(ThreadPoolExecutor.java:1149)
	at java.util.concurrent.ThreadPoolExecutor$Worker.run(ThreadPoolExecutor.java:624)
	... 1 more
Caused by: org.apache.ratis.thirdparty.io.netty.channel.AbstractChannel$AnnotatedConnectException: Connection refused: /192.168.36.85:38418
	at sun.nio.ch.SocketChannelImpl.checkConnect(Native Method)
	at sun.nio.ch.SocketChannelImpl.finishConnect(SocketChannelImpl.java:717)
	at org.apache.ratis.thirdparty.io.netty.channel.socket.nio.NioSocketChannel.doFinishConnect(NioSocketChannel.java:327)
	at org.apache.ratis.thirdparty.io.netty.channel.nio.AbstractNioChannel$AbstractNioUnsafe.finishConnect(AbstractNioChannel.java:340)
	at org.apache.ratis.thirdparty.io.netty.channel.nio.NioEventLoop.processSelectedKey(NioEventLoop.java:632)
	at org.apache.ratis.thirdparty.io.netty.channel.nio.NioEventLoop.processSelectedKeysOptimized(NioEventLoop.java:579)
	at org.apache.ratis.thirdparty.io.netty.channel.nio.NioEventLoop.processSelectedKeys(NioEventLoop.java:496)
	at org.apache.ratis.thirdparty.io.netty.channel.nio.NioEventLoop.run(NioEventLoop.java:458)
	at org.apache.ratis.thirdparty.io.netty.util.concurrent.SingleThreadEventExecutor$5.run(SingleThreadEventExecutor.java:897)
	at org.apache.ratis.thirdparty.io.netty.util.concurrent.FastThreadLocalRunnable.run(FastThreadLocalRunnable.java:30)
	... 1 more
Caused by: java.net.ConnectException: Connection refused
	... 11 more
2019-09-19 08:26:31,403 [e50c69ec-4263-4416-9cef-9cb60973670d@group-6FD53671956A:LeaderElection126] INFO  impl.LeaderElection (LogUtils.java:infoOrTrace(149)) -   Exception 0: {}
java.util.concurrent.ExecutionException: org.apache.ratis.thirdparty.io.grpc.StatusRuntimeException: UNAVAILABLE: io exception
	at java.util.concurrent.FutureTask.report(FutureTask.java:122)
	at java.util.concurrent.FutureTask.get(FutureTask.java:192)
	at org.apache.ratis.server.impl.LeaderElection.waitForResults(LeaderElection.java:263)
	at org.apache.ratis.server.impl.LeaderElection.askForVotes(LeaderElection.java:201)
	at org.apache.ratis.server.impl.LeaderElection.run(LeaderElection.java:133)
	at java.lang.Thread.run(Thread.java:748)
Caused by: org.apache.ratis.thirdparty.io.grpc.StatusRuntimeException: UNAVAILABLE: io exception
	at org.apache.ratis.thirdparty.io.grpc.stub.ClientCalls.toStatusRuntimeException(ClientCalls.java:233)
	at org.apache.ratis.thirdparty.io.grpc.stub.ClientCalls.getUnchecked(ClientCalls.java:214)
	at org.apache.ratis.thirdparty.io.grpc.stub.ClientCalls.blockingUnaryCall(ClientCalls.java:139)
	at org.apache.ratis.proto.grpc.RaftServerProtocolServiceGrpc$RaftServerProtocolServiceBlockingStub.requestVote(RaftServerProtocolServiceGrpc.java:265)
	at org.apache.ratis.grpc.server.GrpcServerProtocolClient.requestVote(GrpcServerProtocolClient.java:90)
	at org.apache.ratis.grpc.server.GrpcService.requestVote(GrpcService.java:204)
	at org.apache.ratis.server.impl.LeaderElection.lambda$submitRequests$1(LeaderElection.java:238)
	at java.util.concurrent.FutureTask.run(FutureTask.java:266)
	at java.util.concurrent.Executors$RunnableAdapter.call(Executors.java:511)
	at java.util.concurrent.FutureTask.run(FutureTask.java:266)
	at java.util.concurrent.ThreadPoolExecutor.runWorker(ThreadPoolExecutor.java:1149)
	at java.util.concurrent.ThreadPoolExecutor$Worker.run(ThreadPoolExecutor.java:624)
	... 1 more
Caused by: org.apache.ratis.thirdparty.io.netty.channel.AbstractChannel$AnnotatedConnectException: Connection refused: /192.168.36.85:38418
	at sun.nio.ch.SocketChannelImpl.checkConnect(Native Method)
	at sun.nio.ch.SocketChannelImpl.finishConnect(SocketChannelImpl.java:717)
	at org.apache.ratis.thirdparty.io.netty.channel.socket.nio.NioSocketChannel.doFinishConnect(NioSocketChannel.java:327)
	at org.apache.ratis.thirdparty.io.netty.channel.nio.AbstractNioChannel$AbstractNioUnsafe.finishConnect(AbstractNioChannel.java:340)
	at org.apache.ratis.thirdparty.io.netty.channel.nio.NioEventLoop.processSelectedKey(NioEventLoop.java:632)
	at org.apache.ratis.thirdparty.io.netty.channel.nio.NioEventLoop.processSelectedKeysOptimized(NioEventLoop.java:579)
	at org.apache.ratis.thirdparty.io.netty.channel.nio.NioEventLoop.processSelectedKeys(NioEventLoop.java:496)
	at org.apache.ratis.thirdparty.io.netty.channel.nio.NioEventLoop.run(NioEventLoop.java:458)
	at org.apache.ratis.thirdparty.io.netty.util.concurrent.SingleThreadEventExecutor$5.run(SingleThreadEventExecutor.java:897)
	at org.apache.ratis.thirdparty.io.netty.util.concurrent.FastThreadLocalRunnable.run(FastThreadLocalRunnable.java:30)
	... 1 more
Caused by: java.net.ConnectException: Connection refused
	... 11 more
2019-09-19 08:26:31,404 [e50c69ec-4263-4416-9cef-9cb60973670d@group-6FD53671956A:LeaderElection126] INFO  impl.RoleInfo (RoleInfo.java:shutdownLeaderElection(134)) - e50c69ec-4263-4416-9cef-9cb60973670d: shutdown LeaderElection
2019-09-19 08:26:31,404 [e50c69ec-4263-4416-9cef-9cb60973670d@group-6FD53671956A:LeaderElection126] INFO  impl.RaftServerImpl (RaftServerImpl.java:setRole(174)) - e50c69ec-4263-4416-9cef-9cb60973670d@group-6FD53671956A: changes role from CANDIDATE to LEADER at term 3 for changeToLeader
2019-09-19 08:26:31,404 [e50c69ec-4263-4416-9cef-9cb60973670d@group-6FD53671956A:LeaderElection126] INFO  impl.RaftServerImpl (ServerState.java:setLeader(253)) - e50c69ec-4263-4416-9cef-9cb60973670d@group-6FD53671956A: change Leader from null to e50c69ec-4263-4416-9cef-9cb60973670d at term 3 for becomeLeader, leader elected after 13469ms
2019-09-19 08:26:31,405 [e50c69ec-4263-4416-9cef-9cb60973670d@group-6FD53671956A:LeaderElection126] INFO  server.RaftServerConfigKeys (ConfUtils.java:logGet(43)) - raft.server.staging.catchup.gap = 1000 (default)
2019-09-19 08:26:31,405 [e50c69ec-4263-4416-9cef-9cb60973670d@group-6FD53671956A:LeaderElection126] INFO  server.RaftServerConfigKeys (ConfUtils.java:logGet(43)) - raft.server.rpc.sleep.time = 25ms (default)
2019-09-19 08:26:31,405 [e50c69ec-4263-4416-9cef-9cb60973670d@group-6FD53671956A:LeaderElection126] INFO  server.RaftServerConfigKeys (ConfUtils.java:logGet(43)) - raft.server.write.element-limit = 4096 (default)
2019-09-19 08:26:31,405 [e50c69ec-4263-4416-9cef-9cb60973670d@group-6FD53671956A:LeaderElection126] INFO  server.RaftServerConfigKeys (ConfUtils.java:logGet(43)) - raft.server.watch.timeout = 10s (default)
2019-09-19 08:26:31,405 [e50c69ec-4263-4416-9cef-9cb60973670d@group-6FD53671956A:LeaderElection126] INFO  server.RaftServerConfigKeys (ConfUtils.java:logGet(43)) - raft.server.watch.timeout.denomination = 1s (default)
2019-09-19 08:26:31,405 [e50c69ec-4263-4416-9cef-9cb60973670d@group-6FD53671956A:LeaderElection126] INFO  server.RaftServerConfigKeys (ConfUtils.java:logGet(43)) - raft.server.watch.element-limit = 65536 (default)
2019-09-19 08:26:31,408 [e50c69ec-4263-4416-9cef-9cb60973670d@group-6FD53671956A:LeaderElection126] INFO  server.RaftServerConfigKeys (ConfUtils.java:logGet(43)) - raft.server.log.appender.snapshot.chunk.size.max = 16MB (=16777216) (default)
2019-09-19 08:26:31,408 [e50c69ec-4263-4416-9cef-9cb60973670d@group-6FD53671956A:LeaderElection126] INFO  server.RaftServerConfigKeys (ConfUtils.java:logGet(43)) - raft.server.log.appender.buffer.byte-limit = 33554432 (custom)
2019-09-19 08:26:31,408 [e50c69ec-4263-4416-9cef-9cb60973670d@group-6FD53671956A:LeaderElection126] INFO  server.RaftServerConfigKeys (ConfUtils.java:logGet(43)) - raft.server.log.appender.buffer.element-limit = 1 (custom)
2019-09-19 08:26:31,408 [e50c69ec-4263-4416-9cef-9cb60973670d@group-6FD53671956A:LeaderElection126] INFO  grpc.GrpcConfigKeys$Server (ConfUtils.java:logGet(43)) - raft.grpc.server.leader.outstanding.appends.max = 128 (default)
2019-09-19 08:26:31,408 [e50c69ec-4263-4416-9cef-9cb60973670d@group-6FD53671956A:LeaderElection126] INFO  server.RaftServerConfigKeys (ConfUtils.java:logGet(43)) - raft.server.rpc.request.timeout = 3000ms (default)
2019-09-19 08:26:31,409 [e50c69ec-4263-4416-9cef-9cb60973670d@group-6FD53671956A:LeaderElection126] INFO  server.RaftServerConfigKeys (ConfUtils.java:logGet(43)) - raft.server.log.appender.install.snapshot.enabled = false (custom)
2019-09-19 08:26:31,409 [e50c69ec-4263-4416-9cef-9cb60973670d@group-6FD53671956A:LeaderElection126] INFO  server.RaftServerConfigKeys (ConfUtils.java:logGet(43)) - raft.server.log.appender.snapshot.chunk.size.max = 16MB (=16777216) (default)
2019-09-19 08:26:31,409 [e50c69ec-4263-4416-9cef-9cb60973670d@group-6FD53671956A:LeaderElection126] INFO  server.RaftServerConfigKeys (ConfUtils.java:logGet(43)) - raft.server.log.appender.buffer.byte-limit = 33554432 (custom)
2019-09-19 08:26:31,409 [e50c69ec-4263-4416-9cef-9cb60973670d@group-6FD53671956A:LeaderElection126] INFO  server.RaftServerConfigKeys (ConfUtils.java:logGet(43)) - raft.server.log.appender.buffer.element-limit = 1 (custom)
2019-09-19 08:26:31,409 [e50c69ec-4263-4416-9cef-9cb60973670d@group-6FD53671956A:LeaderElection126] INFO  grpc.GrpcConfigKeys$Server (ConfUtils.java:logGet(43)) - raft.grpc.server.leader.outstanding.appends.max = 128 (default)
2019-09-19 08:26:31,410 [e50c69ec-4263-4416-9cef-9cb60973670d@group-6FD53671956A:LeaderElection126] INFO  server.RaftServerConfigKeys (ConfUtils.java:logGet(43)) - raft.server.rpc.request.timeout = 3000ms (default)
2019-09-19 08:26:31,410 [e50c69ec-4263-4416-9cef-9cb60973670d@group-6FD53671956A:LeaderElection126] INFO  server.RaftServerConfigKeys (ConfUtils.java:logGet(43)) - raft.server.log.appender.install.snapshot.enabled = false (custom)
2019-09-19 08:26:31,410 [e50c69ec-4263-4416-9cef-9cb60973670d@group-6FD53671956A:LeaderElection126] INFO  impl.RoleInfo (RoleInfo.java:updateAndGet(143)) - e50c69ec-4263-4416-9cef-9cb60973670d: start LeaderState
2019-09-19 08:26:31,410 [e50c69ec-4263-4416-9cef-9cb60973670d@group-6FD53671956A:LeaderElection126] INFO  segmented.SegmentedRaftLogWorker (SegmentedRaftLogWorker.java:startLogSegment(380)) - e50c69ec-4263-4416-9cef-9cb60973670d@group-6FD53671956A-SegmentedRaftLogWorker: Starting segment from index:0
2019-09-19 08:26:31,411 [e50c69ec-4263-4416-9cef-9cb60973670d@group-6FD53671956A:LeaderElection126] INFO  impl.RaftServerImpl (ServerState.java:setRaftConf(354)) - e50c69ec-4263-4416-9cef-9cb60973670d@group-6FD53671956A: set configuration 0: [64a8661b-c2d9-4df7-8ca1-1b29ef624e85:192.168.36.85:38418, 830f5926-e6f3-4fc6-b48b-87b1008588b0:192.168.36.85:44294, e50c69ec-4263-4416-9cef-9cb60973670d:192.168.36.85:44827], old=null at 0
2019-09-19 08:26:31,449 [830f5926-e6f3-4fc6-b48b-87b1008588b0@group-0B9F0340E072:LeaderElection128] INFO  impl.LeaderElection (LeaderElection.java:askForVotes(182)) - 830f5926-e6f3-4fc6-b48b-87b1008588b0@group-0B9F0340E072:LeaderElection128: begin an election at term 3 for -1: [64a8661b-c2d9-4df7-8ca1-1b29ef624e85:192.168.36.85:38418, 830f5926-e6f3-4fc6-b48b-87b1008588b0:192.168.36.85:44294, e50c69ec-4263-4416-9cef-9cb60973670d:192.168.36.85:44827], old=null
2019-09-19 08:26:31,449 [grpc-default-executor-14] WARN  server.GrpcLogAppender (LogUtils.java:warn(134)) - e50c69ec-4263-4416-9cef-9cb60973670d@group-6FD53671956A->64a8661b-c2d9-4df7-8ca1-1b29ef624e85-AppendLogResponseHandler: Failed appendEntries: org.apache.ratis.thirdparty.io.grpc.StatusRuntimeException: UNAVAILABLE: io exception
2019-09-19 08:26:31,449 [830f5926-e6f3-4fc6-b48b-87b1008588b0@group-7A121B0D245D:LeaderElection129] INFO  impl.LeaderElection (LeaderElection.java:askForVotes(182)) - 830f5926-e6f3-4fc6-b48b-87b1008588b0@group-7A121B0D245D:LeaderElection129: begin an election at term 4 for -1: [64a8661b-c2d9-4df7-8ca1-1b29ef624e85:192.168.36.85:38418, 830f5926-e6f3-4fc6-b48b-87b1008588b0:192.168.36.85:44294, e50c69ec-4263-4416-9cef-9cb60973670d:192.168.36.85:44827], old=null
2019-09-19 08:26:31,449 [e50c69ec-4263-4416-9cef-9cb60973670d@group-7A121B0D245D:LeaderElection131] INFO  impl.LeaderElection (LeaderElection.java:askForVotes(182)) - e50c69ec-4263-4416-9cef-9cb60973670d@group-7A121B0D245D:LeaderElection131: begin an election at term 4 for -1: [64a8661b-c2d9-4df7-8ca1-1b29ef624e85:192.168.36.85:38418, 830f5926-e6f3-4fc6-b48b-87b1008588b0:192.168.36.85:44294, e50c69ec-4263-4416-9cef-9cb60973670d:192.168.36.85:44827], old=null
2019-09-19 08:26:31,452 [grpc-default-executor-14] INFO  impl.FollowerInfo (FollowerInfo.java:lambda$new$0(51)) - e50c69ec-4263-4416-9cef-9cb60973670d@group-6FD53671956A->64a8661b-c2d9-4df7-8ca1-1b29ef624e85: nextIndex: updateUnconditionally 0 -> 0
2019-09-19 08:26:31,452 [e50c69ec-4263-4416-9cef-9cb60973670d@group-0B9F0340E072:LeaderElection127] INFO  impl.LeaderElection (LeaderElection.java:logAndReturn(56)) - e50c69ec-4263-4416-9cef-9cb60973670d@group-0B9F0340E072:LeaderElection127: Election REJECTED; received 1 response(s) [e50c69ec-4263-4416-9cef-9cb60973670d<-830f5926-e6f3-4fc6-b48b-87b1008588b0#0:FAIL-t3] and 1 exception(s); e50c69ec-4263-4416-9cef-9cb60973670d@group-0B9F0340E072:t3, leader=null, voted=e50c69ec-4263-4416-9cef-9cb60973670d, raftlog=e50c69ec-4263-4416-9cef-9cb60973670d@group-0B9F0340E072-SegmentedRaftLog:OPENED:c-1,f-1,i0, conf=-1: [64a8661b-c2d9-4df7-8ca1-1b29ef624e85:192.168.36.85:38418, 830f5926-e6f3-4fc6-b48b-87b1008588b0:192.168.36.85:44294, e50c69ec-4263-4416-9cef-9cb60973670d:192.168.36.85:44827], old=null
2019-09-19 08:26:31,452 [830f5926-e6f3-4fc6-b48b-87b1008588b0@group-0B9F0340E072:LeaderElection128] INFO  impl.LeaderElection (LogUtils.java:infoOrTrace(149)) - 830f5926-e6f3-4fc6-b48b-87b1008588b0@group-0B9F0340E072:LeaderElection128 got exception when requesting votes: {}
java.util.concurrent.ExecutionException: org.apache.ratis.thirdparty.io.grpc.StatusRuntimeException: UNAVAILABLE: io exception
	at java.util.concurrent.FutureTask.report(FutureTask.java:122)
	at java.util.concurrent.FutureTask.get(FutureTask.java:192)
	at org.apache.ratis.server.impl.LeaderElection.waitForResults(LeaderElection.java:263)
	at org.apache.ratis.server.impl.LeaderElection.askForVotes(LeaderElection.java:201)
	at org.apache.ratis.server.impl.LeaderElection.run(LeaderElection.java:133)
	at java.lang.Thread.run(Thread.java:748)
Caused by: org.apache.ratis.thirdparty.io.grpc.StatusRuntimeException: UNAVAILABLE: io exception
	at org.apache.ratis.thirdparty.io.grpc.stub.ClientCalls.toStatusRuntimeException(ClientCalls.java:233)
	at org.apache.ratis.thirdparty.io.grpc.stub.ClientCalls.getUnchecked(ClientCalls.java:214)
	at org.apache.ratis.thirdparty.io.grpc.stub.ClientCalls.blockingUnaryCall(ClientCalls.java:139)
	at org.apache.ratis.proto.grpc.RaftServerProtocolServiceGrpc$RaftServerProtocolServiceBlockingStub.requestVote(RaftServerProtocolServiceGrpc.java:265)
	at org.apache.ratis.grpc.server.GrpcServerProtocolClient.requestVote(GrpcServerProtocolClient.java:90)
	at org.apache.ratis.grpc.server.GrpcService.requestVote(GrpcService.java:204)
	at org.apache.ratis.server.impl.LeaderElection.lambda$submitRequests$1(LeaderElection.java:238)
	at java.util.concurrent.FutureTask.run(FutureTask.java:266)
	at java.util.concurrent.Executors$RunnableAdapter.call(Executors.java:511)
	at java.util.concurrent.FutureTask.run(FutureTask.java:266)
	at java.util.concurrent.ThreadPoolExecutor.runWorker(ThreadPoolExecutor.java:1149)
	at java.util.concurrent.ThreadPoolExecutor$Worker.run(ThreadPoolExecutor.java:624)
	... 1 more
Caused by: org.apache.ratis.thirdparty.io.netty.channel.AbstractChannel$AnnotatedConnectException: Connection refused: /192.168.36.85:38418
	at sun.nio.ch.SocketChannelImpl.checkConnect(Native Method)
	at sun.nio.ch.SocketChannelImpl.finishConnect(SocketChannelImpl.java:717)
	at org.apache.ratis.thirdparty.io.netty.channel.socket.nio.NioSocketChannel.doFinishConnect(NioSocketChannel.java:327)
	at org.apache.ratis.thirdparty.io.netty.channel.nio.AbstractNioChannel$AbstractNioUnsafe.finishConnect(AbstractNioChannel.java:340)
	at org.apache.ratis.thirdparty.io.netty.channel.nio.NioEventLoop.processSelectedKey(NioEventLoop.java:632)
	at org.apache.ratis.thirdparty.io.netty.channel.nio.NioEventLoop.processSelectedKeysOptimized(NioEventLoop.java:579)
	at org.apache.ratis.thirdparty.io.netty.channel.nio.NioEventLoop.processSelectedKeys(NioEventLoop.java:496)
	at org.apache.ratis.thirdparty.io.netty.channel.nio.NioEventLoop.run(NioEventLoop.java:458)
	at org.apache.ratis.thirdparty.io.netty.util.concurrent.SingleThreadEventExecutor$5.run(SingleThreadEventExecutor.java:897)
	at org.apache.ratis.thirdparty.io.netty.util.concurrent.FastThreadLocalRunnable.run(FastThreadLocalRunnable.java:30)
	... 1 more
Caused by: java.net.ConnectException: Connection refused
	... 11 more
2019-09-19 08:26:31,453 [grpc-default-executor-13] INFO  impl.RaftServerImpl (ServerState.java:setLeader(253)) - 830f5926-e6f3-4fc6-b48b-87b1008588b0@group-6FD53671956A: change Leader from null to e50c69ec-4263-4416-9cef-9cb60973670d at term 3 for appendEntries, leader elected after 13517ms
2019-09-19 08:26:31,453 [830f5926-e6f3-4fc6-b48b-87b1008588b0@group-7A121B0D245D:LeaderElection129] INFO  impl.LeaderElection (LogUtils.java:infoOrTrace(149)) - 830f5926-e6f3-4fc6-b48b-87b1008588b0@group-7A121B0D245D:LeaderElection129 got exception when requesting votes: {}
java.util.concurrent.ExecutionException: org.apache.ratis.thirdparty.io.grpc.StatusRuntimeException: UNAVAILABLE: io exception
	at java.util.concurrent.FutureTask.report(FutureTask.java:122)
	at java.util.concurrent.FutureTask.get(FutureTask.java:192)
	at org.apache.ratis.server.impl.LeaderElection.waitForResults(LeaderElection.java:263)
	at org.apache.ratis.server.impl.LeaderElection.askForVotes(LeaderElection.java:201)
	at org.apache.ratis.server.impl.LeaderElection.run(LeaderElection.java:133)
	at java.lang.Thread.run(Thread.java:748)
Caused by: org.apache.ratis.thirdparty.io.grpc.StatusRuntimeException: UNAVAILABLE: io exception
	at org.apache.ratis.thirdparty.io.grpc.stub.ClientCalls.toStatusRuntimeException(ClientCalls.java:233)
	at org.apache.ratis.thirdparty.io.grpc.stub.ClientCalls.getUnchecked(ClientCalls.java:214)
	at org.apache.ratis.thirdparty.io.grpc.stub.ClientCalls.blockingUnaryCall(ClientCalls.java:139)
	at org.apache.ratis.proto.grpc.RaftServerProtocolServiceGrpc$RaftServerProtocolServiceBlockingStub.requestVote(RaftServerProtocolServiceGrpc.java:265)
	at org.apache.ratis.grpc.server.GrpcServerProtocolClient.requestVote(GrpcServerProtocolClient.java:90)
	at org.apache.ratis.grpc.server.GrpcService.requestVote(GrpcService.java:204)
	at org.apache.ratis.server.impl.LeaderElection.lambda$submitRequests$1(LeaderElection.java:238)
	at java.util.concurrent.FutureTask.run(FutureTask.java:266)
	at java.util.concurrent.Executors$RunnableAdapter.call(Executors.java:511)
	at java.util.concurrent.FutureTask.run(FutureTask.java:266)
	at java.util.concurrent.ThreadPoolExecutor.runWorker(ThreadPoolExecutor.java:1149)
	at java.util.concurrent.ThreadPoolExecutor$Worker.run(ThreadPoolExecutor.java:624)
	... 1 more
Caused by: org.apache.ratis.thirdparty.io.netty.channel.AbstractChannel$AnnotatedConnectException: Connection refused: /192.168.36.85:38418
	at sun.nio.ch.SocketChannelImpl.checkConnect(Native Method)
	at sun.nio.ch.SocketChannelImpl.finishConnect(SocketChannelImpl.java:717)
	at org.apache.ratis.thirdparty.io.netty.channel.socket.nio.NioSocketChannel.doFinishConnect(NioSocketChannel.java:327)
	at org.apache.ratis.thirdparty.io.netty.channel.nio.AbstractNioChannel$AbstractNioUnsafe.finishConnect(AbstractNioChannel.java:340)
	at org.apache.ratis.thirdparty.io.netty.channel.nio.NioEventLoop.processSelectedKey(NioEventLoop.java:632)
	at org.apache.ratis.thirdparty.io.netty.channel.nio.NioEventLoop.processSelectedKeysOptimized(NioEventLoop.java:579)
	at org.apache.ratis.thirdparty.io.netty.channel.nio.NioEventLoop.processSelectedKeys(NioEventLoop.java:496)
	at org.apache.ratis.thirdparty.io.netty.channel.nio.NioEventLoop.run(NioEventLoop.java:458)
	at org.apache.ratis.thirdparty.io.netty.util.concurrent.SingleThreadEventExecutor$5.run(SingleThreadEventExecutor.java:897)
	at org.apache.ratis.thirdparty.io.netty.util.concurrent.FastThreadLocalRunnable.run(FastThreadLocalRunnable.java:30)
	... 1 more
Caused by: java.net.ConnectException: Connection refused
	... 11 more
2019-09-19 08:26:31,452 [e50c69ec-4263-4416-9cef-9cb60973670d@group-0B9F0340E072:LeaderElection127] INFO  impl.LeaderElection (LogUtils.java:infoOrTrace(149)) -   Exception 0: {}
java.util.concurrent.ExecutionException: org.apache.ratis.thirdparty.io.grpc.StatusRuntimeException: UNAVAILABLE: io exception
	at java.util.concurrent.FutureTask.report(FutureTask.java:122)
	at java.util.concurrent.FutureTask.get(FutureTask.java:192)
	at org.apache.ratis.server.impl.LeaderElection.waitForResults(LeaderElection.java:263)
	at org.apache.ratis.server.impl.LeaderElection.askForVotes(LeaderElection.java:201)
	at org.apache.ratis.server.impl.LeaderElection.run(LeaderElection.java:133)
	at java.lang.Thread.run(Thread.java:748)
Caused by: org.apache.ratis.thirdparty.io.grpc.StatusRuntimeException: UNAVAILABLE: io exception
	at org.apache.ratis.thirdparty.io.grpc.stub.ClientCalls.toStatusRuntimeException(ClientCalls.java:233)
	at org.apache.ratis.thirdparty.io.grpc.stub.ClientCalls.getUnchecked(ClientCalls.java:214)
	at org.apache.ratis.thirdparty.io.grpc.stub.ClientCalls.blockingUnaryCall(ClientCalls.java:139)
	at org.apache.ratis.proto.grpc.RaftServerProtocolServiceGrpc$RaftServerProtocolServiceBlockingStub.requestVote(RaftServerProtocolServiceGrpc.java:265)
	at org.apache.ratis.grpc.server.GrpcServerProtocolClient.requestVote(GrpcServerProtocolClient.java:90)
	at org.apache.ratis.grpc.server.GrpcService.requestVote(GrpcService.java:204)
	at org.apache.ratis.server.impl.LeaderElection.lambda$submitRequests$1(LeaderElection.java:238)
	at java.util.concurrent.FutureTask.run(FutureTask.java:266)
	at java.util.concurrent.Executors$RunnableAdapter.call(Executors.java:511)
	at java.util.concurrent.FutureTask.run(FutureTask.java:266)
	at java.util.concurrent.ThreadPoolExecutor.runWorker(ThreadPoolExecutor.java:1149)
	at java.util.concurrent.ThreadPoolExecutor$Worker.run(ThreadPoolExecutor.java:624)
	... 1 more
Caused by: org.apache.ratis.thirdparty.io.netty.channel.AbstractChannel$AnnotatedConnectException: Connection refused: /192.168.36.85:38418
	at sun.nio.ch.SocketChannelImpl.checkConnect(Native Method)
	at sun.nio.ch.SocketChannelImpl.finishConnect(SocketChannelImpl.java:717)
	at org.apache.ratis.thirdparty.io.netty.channel.socket.nio.NioSocketChannel.doFinishConnect(NioSocketChannel.java:327)
	at org.apache.ratis.thirdparty.io.netty.channel.nio.AbstractNioChannel$AbstractNioUnsafe.finishConnect(AbstractNioChannel.java:340)
	at org.apache.ratis.thirdparty.io.netty.channel.nio.NioEventLoop.processSelectedKey(NioEventLoop.java:632)
	at org.apache.ratis.thirdparty.io.netty.channel.nio.NioEventLoop.processSelectedKeysOptimized(NioEventLoop.java:579)
	at org.apache.ratis.thirdparty.io.netty.channel.nio.NioEventLoop.processSelectedKeys(NioEventLoop.java:496)
	at org.apache.ratis.thirdparty.io.netty.channel.nio.NioEventLoop.run(NioEventLoop.java:458)
	at org.apache.ratis.thirdparty.io.netty.util.concurrent.SingleThreadEventExecutor$5.run(SingleThreadEventExecutor.java:897)
	at org.apache.ratis.thirdparty.io.netty.util.concurrent.FastThreadLocalRunnable.run(FastThreadLocalRunnable.java:30)
	... 1 more
Caused by: java.net.ConnectException: Connection refused
	... 11 more
2019-09-19 08:26:31,454 [e50c69ec-4263-4416-9cef-9cb60973670d@group-0B9F0340E072:LeaderElection127] INFO  impl.RaftServerImpl (RaftServerImpl.java:setRole(174)) - e50c69ec-4263-4416-9cef-9cb60973670d@group-0B9F0340E072: changes role from CANDIDATE to FOLLOWER at term 3 for DISCOVERED_A_NEW_TERM
2019-09-19 08:26:31,454 [830f5926-e6f3-4fc6-b48b-87b1008588b0@group-0B9F0340E072:LeaderElection128] INFO  impl.LeaderElection (LeaderElection.java:logAndReturn(56)) - 830f5926-e6f3-4fc6-b48b-87b1008588b0@group-0B9F0340E072:LeaderElection128: Election REJECTED; received 1 response(s) [830f5926-e6f3-4fc6-b48b-87b1008588b0<-e50c69ec-4263-4416-9cef-9cb60973670d#0:FAIL-t3] and 1 exception(s); 830f5926-e6f3-4fc6-b48b-87b1008588b0@group-0B9F0340E072:t3, leader=null, voted=830f5926-e6f3-4fc6-b48b-87b1008588b0, raftlog=830f5926-e6f3-4fc6-b48b-87b1008588b0@group-0B9F0340E072-SegmentedRaftLog:OPENED:c-1,f-1,i0, conf=-1: [64a8661b-c2d9-4df7-8ca1-1b29ef624e85:192.168.36.85:38418, 830f5926-e6f3-4fc6-b48b-87b1008588b0:192.168.36.85:44294, e50c69ec-4263-4416-9cef-9cb60973670d:192.168.36.85:44827], old=null
2019-09-19 08:26:31,454 [e50c69ec-4263-4416-9cef-9cb60973670d@group-0B9F0340E072:LeaderElection127] INFO  impl.RoleInfo (RoleInfo.java:shutdownLeaderElection(134)) - e50c69ec-4263-4416-9cef-9cb60973670d: shutdown LeaderElection
2019-09-19 08:26:31,454 [830f5926-e6f3-4fc6-b48b-87b1008588b0@group-0B9F0340E072:LeaderElection128] INFO  impl.LeaderElection (LogUtils.java:infoOrTrace(149)) -   Exception 0: {}
java.util.concurrent.ExecutionException: org.apache.ratis.thirdparty.io.grpc.StatusRuntimeException: UNAVAILABLE: io exception
	at java.util.concurrent.FutureTask.report(FutureTask.java:122)
	at java.util.concurrent.FutureTask.get(FutureTask.java:192)
	at org.apache.ratis.server.impl.LeaderElection.waitForResults(LeaderElection.java:263)
	at org.apache.ratis.server.impl.LeaderElection.askForVotes(LeaderElection.java:201)
	at org.apache.ratis.server.impl.LeaderElection.run(LeaderElection.java:133)
	at java.lang.Thread.run(Thread.java:748)
Caused by: org.apache.ratis.thirdparty.io.grpc.StatusRuntimeException: UNAVAILABLE: io exception
	at org.apache.ratis.thirdparty.io.grpc.stub.ClientCalls.toStatusRuntimeException(ClientCalls.java:233)
	at org.apache.ratis.thirdparty.io.grpc.stub.ClientCalls.getUnchecked(ClientCalls.java:214)
	at org.apache.ratis.thirdparty.io.grpc.stub.ClientCalls.blockingUnaryCall(ClientCalls.java:139)
	at org.apache.ratis.proto.grpc.RaftServerProtocolServiceGrpc$RaftServerProtocolServiceBlockingStub.requestVote(RaftServerProtocolServiceGrpc.java:265)
	at org.apache.ratis.grpc.server.GrpcServerProtocolClient.requestVote(GrpcServerProtocolClient.java:90)
	at org.apache.ratis.grpc.server.GrpcService.requestVote(GrpcService.java:204)
	at org.apache.ratis.server.impl.LeaderElection.lambda$submitRequests$1(LeaderElection.java:238)
	at java.util.concurrent.FutureTask.run(FutureTask.java:266)
	at java.util.concurrent.Executors$RunnableAdapter.call(Executors.java:511)
	at java.util.concurrent.FutureTask.run(FutureTask.java:266)
	at java.util.concurrent.ThreadPoolExecutor.runWorker(ThreadPoolExecutor.java:1149)
	at java.util.concurrent.ThreadPoolExecutor$Worker.run(ThreadPoolExecutor.java:624)
	... 1 more
Caused by: org.apache.ratis.thirdparty.io.netty.channel.AbstractChannel$AnnotatedConnectException: Connection refused: /192.168.36.85:38418
	at sun.nio.ch.SocketChannelImpl.checkConnect(Native Method)
	at sun.nio.ch.SocketChannelImpl.finishConnect(SocketChannelImpl.java:717)
	at org.apache.ratis.thirdparty.io.netty.channel.socket.nio.NioSocketChannel.doFinishConnect(NioSocketChannel.java:327)
	at org.apache.ratis.thirdparty.io.netty.channel.nio.AbstractNioChannel$AbstractNioUnsafe.finishConnect(AbstractNioChannel.java:340)
	at org.apache.ratis.thirdparty.io.netty.channel.nio.NioEventLoop.processSelectedKey(NioEventLoop.java:632)
	at org.apache.ratis.thirdparty.io.netty.channel.nio.NioEventLoop.processSelectedKeysOptimized(NioEventLoop.java:579)
	at org.apache.ratis.thirdparty.io.netty.channel.nio.NioEventLoop.processSelectedKeys(NioEventLoop.java:496)
	at org.apache.ratis.thirdparty.io.netty.channel.nio.NioEventLoop.run(NioEventLoop.java:458)
	at org.apache.ratis.thirdparty.io.netty.util.concurrent.SingleThreadEventExecutor$5.run(SingleThreadEventExecutor.java:897)
	at org.apache.ratis.thirdparty.io.netty.util.concurrent.FastThreadLocalRunnable.run(FastThreadLocalRunnable.java:30)
	... 1 more
Caused by: java.net.ConnectException: Connection refused
	... 11 more
2019-09-19 08:26:31,454 [e50c69ec-4263-4416-9cef-9cb60973670d@group-0B9F0340E072:LeaderElection127] INFO  impl.RoleInfo (RoleInfo.java:updateAndGet(143)) - e50c69ec-4263-4416-9cef-9cb60973670d: start FollowerState
2019-09-19 08:26:31,455 [e50c69ec-4263-4416-9cef-9cb60973670d@group-7A121B0D245D:LeaderElection131] INFO  impl.LeaderElection (LogUtils.java:infoOrTrace(149)) - e50c69ec-4263-4416-9cef-9cb60973670d@group-7A121B0D245D:LeaderElection131 got exception when requesting votes: {}
java.util.concurrent.ExecutionException: org.apache.ratis.thirdparty.io.grpc.StatusRuntimeException: UNAVAILABLE: io exception
	at java.util.concurrent.FutureTask.report(FutureTask.java:122)
	at java.util.concurrent.FutureTask.get(FutureTask.java:192)
	at org.apache.ratis.server.impl.LeaderElection.waitForResults(LeaderElection.java:263)
	at org.apache.ratis.server.impl.LeaderElection.askForVotes(LeaderElection.java:201)
	at org.apache.ratis.server.impl.LeaderElection.run(LeaderElection.java:133)
	at java.lang.Thread.run(Thread.java:748)
Caused by: org.apache.ratis.thirdparty.io.grpc.StatusRuntimeException: UNAVAILABLE: io exception
	at org.apache.ratis.thirdparty.io.grpc.stub.ClientCalls.toStatusRuntimeException(ClientCalls.java:233)
	at org.apache.ratis.thirdparty.io.grpc.stub.ClientCalls.getUnchecked(ClientCalls.java:214)
	at org.apache.ratis.thirdparty.io.grpc.stub.ClientCalls.blockingUnaryCall(ClientCalls.java:139)
	at org.apache.ratis.proto.grpc.RaftServerProtocolServiceGrpc$RaftServerProtocolServiceBlockingStub.requestVote(RaftServerProtocolServiceGrpc.java:265)
	at org.apache.ratis.grpc.server.GrpcServerProtocolClient.requestVote(GrpcServerProtocolClient.java:90)
	at org.apache.ratis.grpc.server.GrpcService.requestVote(GrpcService.java:204)
	at org.apache.ratis.server.impl.LeaderElection.lambda$submitRequests$1(LeaderElection.java:238)
	at java.util.concurrent.FutureTask.run(FutureTask.java:266)
	at java.util.concurrent.Executors$RunnableAdapter.call(Executors.java:511)
	at java.util.concurrent.FutureTask.run(FutureTask.java:266)
	at java.util.concurrent.ThreadPoolExecutor.runWorker(ThreadPoolExecutor.java:1149)
	at java.util.concurrent.ThreadPoolExecutor$Worker.run(ThreadPoolExecutor.java:624)
	... 1 more
Caused by: org.apache.ratis.thirdparty.io.netty.channel.AbstractChannel$AnnotatedConnectException: Connection refused: /192.168.36.85:38418
	at sun.nio.ch.SocketChannelImpl.checkConnect(Native Method)
	at sun.nio.ch.SocketChannelImpl.finishConnect(SocketChannelImpl.java:717)
	at org.apache.ratis.thirdparty.io.netty.channel.socket.nio.NioSocketChannel.doFinishConnect(NioSocketChannel.java:327)
	at org.apache.ratis.thirdparty.io.netty.channel.nio.AbstractNioChannel$AbstractNioUnsafe.finishConnect(AbstractNioChannel.java:340)
	at org.apache.ratis.thirdparty.io.netty.channel.nio.NioEventLoop.processSelectedKey(NioEventLoop.java:632)
	at org.apache.ratis.thirdparty.io.netty.channel.nio.NioEventLoop.processSelectedKeysOptimized(NioEventLoop.java:579)
	at org.apache.ratis.thirdparty.io.netty.channel.nio.NioEventLoop.processSelectedKeys(NioEventLoop.java:496)
	at org.apache.ratis.thirdparty.io.netty.channel.nio.NioEventLoop.run(NioEventLoop.java:458)
	at org.apache.ratis.thirdparty.io.netty.util.concurrent.SingleThreadEventExecutor$5.run(SingleThreadEventExecutor.java:897)
	at org.apache.ratis.thirdparty.io.netty.util.concurrent.FastThreadLocalRunnable.run(FastThreadLocalRunnable.java:30)
	... 1 more
Caused by: java.net.ConnectException: Connection refused
	... 11 more
2019-09-19 08:26:31,455 [830f5926-e6f3-4fc6-b48b-87b1008588b0@group-0B9F0340E072:LeaderElection128] INFO  impl.RaftServerImpl (RaftServerImpl.java:setRole(174)) - 830f5926-e6f3-4fc6-b48b-87b1008588b0@group-0B9F0340E072: changes role from CANDIDATE to FOLLOWER at term 3 for DISCOVERED_A_NEW_TERM
2019-09-19 08:26:31,455 [e50c69ec-4263-4416-9cef-9cb60973670d@group-7A121B0D245D:LeaderElection131] INFO  impl.LeaderElection (LeaderElection.java:logAndReturn(56)) - e50c69ec-4263-4416-9cef-9cb60973670d@group-7A121B0D245D:LeaderElection131: Election REJECTED; received 1 response(s) [e50c69ec-4263-4416-9cef-9cb60973670d<-830f5926-e6f3-4fc6-b48b-87b1008588b0#0:FAIL-t4] and 1 exception(s); e50c69ec-4263-4416-9cef-9cb60973670d@group-7A121B0D245D:t4, leader=null, voted=e50c69ec-4263-4416-9cef-9cb60973670d, raftlog=e50c69ec-4263-4416-9cef-9cb60973670d@group-7A121B0D245D-SegmentedRaftLog:OPENED:c-1,f-1,i0, conf=-1: [64a8661b-c2d9-4df7-8ca1-1b29ef624e85:192.168.36.85:38418, 830f5926-e6f3-4fc6-b48b-87b1008588b0:192.168.36.85:44294, e50c69ec-4263-4416-9cef-9cb60973670d:192.168.36.85:44827], old=null
2019-09-19 08:26:31,455 [830f5926-e6f3-4fc6-b48b-87b1008588b0@group-0B9F0340E072:LeaderElection128] INFO  impl.RoleInfo (RoleInfo.java:shutdownLeaderElection(134)) - 830f5926-e6f3-4fc6-b48b-87b1008588b0: shutdown LeaderElection
2019-09-19 08:26:31,455 [e50c69ec-4263-4416-9cef-9cb60973670d@group-7A121B0D245D:LeaderElection131] INFO  impl.LeaderElection (LogUtils.java:infoOrTrace(149)) -   Exception 0: {}
java.util.concurrent.ExecutionException: org.apache.ratis.thirdparty.io.grpc.StatusRuntimeException: UNAVAILABLE: io exception
	at java.util.concurrent.FutureTask.report(FutureTask.java:122)
	at java.util.concurrent.FutureTask.get(FutureTask.java:192)
	at org.apache.ratis.server.impl.LeaderElection.waitForResults(LeaderElection.java:263)
	at org.apache.ratis.server.impl.LeaderElection.askForVotes(LeaderElection.java:201)
	at org.apache.ratis.server.impl.LeaderElection.run(LeaderElection.java:133)
	at java.lang.Thread.run(Thread.java:748)
Caused by: org.apache.ratis.thirdparty.io.grpc.StatusRuntimeException: UNAVAILABLE: io exception
	at org.apache.ratis.thirdparty.io.grpc.stub.ClientCalls.toStatusRuntimeException(ClientCalls.java:233)
	at org.apache.ratis.thirdparty.io.grpc.stub.ClientCalls.getUnchecked(ClientCalls.java:214)
	at org.apache.ratis.thirdparty.io.grpc.stub.ClientCalls.blockingUnaryCall(ClientCalls.java:139)
	at org.apache.ratis.proto.grpc.RaftServerProtocolServiceGrpc$RaftServerProtocolServiceBlockingStub.requestVote(RaftServerProtocolServiceGrpc.java:265)
	at org.apache.ratis.grpc.server.GrpcServerProtocolClient.requestVote(GrpcServerProtocolClient.java:90)
	at org.apache.ratis.grpc.server.GrpcService.requestVote(GrpcService.java:204)
	at org.apache.ratis.server.impl.LeaderElection.lambda$submitRequests$1(LeaderElection.java:238)
	at java.util.concurrent.FutureTask.run(FutureTask.java:266)
	at java.util.concurrent.Executors$RunnableAdapter.call(Executors.java:511)
	at java.util.concurrent.FutureTask.run(FutureTask.java:266)
	at java.util.concurrent.ThreadPoolExecutor.runWorker(ThreadPoolExecutor.java:1149)
	at java.util.concurrent.ThreadPoolExecutor$Worker.run(ThreadPoolExecutor.java:624)
	... 1 more
Caused by: org.apache.ratis.thirdparty.io.netty.channel.AbstractChannel$AnnotatedConnectException: Connection refused: /192.168.36.85:38418
	at sun.nio.ch.SocketChannelImpl.checkConnect(Native Method)
	at sun.nio.ch.SocketChannelImpl.finishConnect(SocketChannelImpl.java:717)
	at org.apache.ratis.thirdparty.io.netty.channel.socket.nio.NioSocketChannel.doFinishConnect(NioSocketChannel.java:327)
	at org.apache.ratis.thirdparty.io.netty.channel.nio.AbstractNioChannel$AbstractNioUnsafe.finishConnect(AbstractNioChannel.java:340)
	at org.apache.ratis.thirdparty.io.netty.channel.nio.NioEventLoop.processSelectedKey(NioEventLoop.java:632)
	at org.apache.ratis.thirdparty.io.netty.channel.nio.NioEventLoop.processSelectedKeysOptimized(NioEventLoop.java:579)
	at org.apache.ratis.thirdparty.io.netty.channel.nio.NioEventLoop.processSelectedKeys(NioEventLoop.java:496)
	at org.apache.ratis.thirdparty.io.netty.channel.nio.NioEventLoop.run(NioEventLoop.java:458)
	at org.apache.ratis.thirdparty.io.netty.util.concurrent.SingleThreadEventExecutor$5.run(SingleThreadEventExecutor.java:897)
	at org.apache.ratis.thirdparty.io.netty.util.concurrent.FastThreadLocalRunnable.run(FastThreadLocalRunnable.java:30)
	... 1 more
Caused by: java.net.ConnectException: Connection refused
	... 11 more
2019-09-19 08:26:31,456 [830f5926-e6f3-4fc6-b48b-87b1008588b0@group-0B9F0340E072:LeaderElection128] INFO  impl.RoleInfo (RoleInfo.java:updateAndGet(143)) - 830f5926-e6f3-4fc6-b48b-87b1008588b0: start FollowerState
2019-09-19 08:26:31,456 [e50c69ec-4263-4416-9cef-9cb60973670d@group-7A121B0D245D:LeaderElection131] INFO  impl.RaftServerImpl (RaftServerImpl.java:setRole(174)) - e50c69ec-4263-4416-9cef-9cb60973670d@group-7A121B0D245D: changes role from CANDIDATE to FOLLOWER at term 4 for DISCOVERED_A_NEW_TERM
2019-09-19 08:26:31,456 [e50c69ec-4263-4416-9cef-9cb60973670d@group-7A121B0D245D:LeaderElection131] INFO  impl.RoleInfo (RoleInfo.java:shutdownLeaderElection(134)) - e50c69ec-4263-4416-9cef-9cb60973670d: shutdown LeaderElection
2019-09-19 08:26:31,456 [830f5926-e6f3-4fc6-b48b-87b1008588b0@group-7A121B0D245D:LeaderElection129] INFO  impl.LeaderElection (LeaderElection.java:logAndReturn(56)) - 830f5926-e6f3-4fc6-b48b-87b1008588b0@group-7A121B0D245D:LeaderElection129: Election REJECTED; received 1 response(s) [830f5926-e6f3-4fc6-b48b-87b1008588b0<-e50c69ec-4263-4416-9cef-9cb60973670d#0:FAIL-t4] and 1 exception(s); 830f5926-e6f3-4fc6-b48b-87b1008588b0@group-7A121B0D245D:t4, leader=null, voted=830f5926-e6f3-4fc6-b48b-87b1008588b0, raftlog=830f5926-e6f3-4fc6-b48b-87b1008588b0@group-7A121B0D245D-SegmentedRaftLog:OPENED:c-1,f-1,i0, conf=-1: [64a8661b-c2d9-4df7-8ca1-1b29ef624e85:192.168.36.85:38418, 830f5926-e6f3-4fc6-b48b-87b1008588b0:192.168.36.85:44294, e50c69ec-4263-4416-9cef-9cb60973670d:192.168.36.85:44827], old=null
2019-09-19 08:26:31,456 [e50c69ec-4263-4416-9cef-9cb60973670d@group-7A121B0D245D:LeaderElection131] INFO  impl.RoleInfo (RoleInfo.java:updateAndGet(143)) - e50c69ec-4263-4416-9cef-9cb60973670d: start FollowerState
2019-09-19 08:26:31,456 [830f5926-e6f3-4fc6-b48b-87b1008588b0@group-7A121B0D245D:LeaderElection129] INFO  impl.LeaderElection (LogUtils.java:infoOrTrace(149)) -   Exception 0: {}
java.util.concurrent.ExecutionException: org.apache.ratis.thirdparty.io.grpc.StatusRuntimeException: UNAVAILABLE: io exception
	at java.util.concurrent.FutureTask.report(FutureTask.java:122)
	at java.util.concurrent.FutureTask.get(FutureTask.java:192)
	at org.apache.ratis.server.impl.LeaderElection.waitForResults(LeaderElection.java:263)
	at org.apache.ratis.server.impl.LeaderElection.askForVotes(LeaderElection.java:201)
	at org.apache.ratis.server.impl.LeaderElection.run(LeaderElection.java:133)
	at java.lang.Thread.run(Thread.java:748)
Caused by: org.apache.ratis.thirdparty.io.grpc.StatusRuntimeException: UNAVAILABLE: io exception
	at org.apache.ratis.thirdparty.io.grpc.stub.ClientCalls.toStatusRuntimeException(ClientCalls.java:233)
	at org.apache.ratis.thirdparty.io.grpc.stub.ClientCalls.getUnchecked(ClientCalls.java:214)
	at org.apache.ratis.thirdparty.io.grpc.stub.ClientCalls.blockingUnaryCall(ClientCalls.java:139)
	at org.apache.ratis.proto.grpc.RaftServerProtocolServiceGrpc$RaftServerProtocolServiceBlockingStub.requestVote(RaftServerProtocolServiceGrpc.java:265)
	at org.apache.ratis.grpc.server.GrpcServerProtocolClient.requestVote(GrpcServerProtocolClient.java:90)
	at org.apache.ratis.grpc.server.GrpcService.requestVote(GrpcService.java:204)
	at org.apache.ratis.server.impl.LeaderElection.lambda$submitRequests$1(LeaderElection.java:238)
	at java.util.concurrent.FutureTask.run(FutureTask.java:266)
	at java.util.concurrent.Executors$RunnableAdapter.call(Executors.java:511)
	at java.util.concurrent.FutureTask.run(FutureTask.java:266)
	at java.util.concurrent.ThreadPoolExecutor.runWorker(ThreadPoolExecutor.java:1149)
	at java.util.concurrent.ThreadPoolExecutor$Worker.run(ThreadPoolExecutor.java:624)
	... 1 more
Caused by: org.apache.ratis.thirdparty.io.netty.channel.AbstractChannel$AnnotatedConnectException: Connection refused: /192.168.36.85:38418
	at sun.nio.ch.SocketChannelImpl.checkConnect(Native Method)
	at sun.nio.ch.SocketChannelImpl.finishConnect(SocketChannelImpl.java:717)
	at org.apache.ratis.thirdparty.io.netty.channel.socket.nio.NioSocketChannel.doFinishConnect(NioSocketChannel.java:327)
	at org.apache.ratis.thirdparty.io.netty.channel.nio.AbstractNioChannel$AbstractNioUnsafe.finishConnect(AbstractNioChannel.java:340)
	at org.apache.ratis.thirdparty.io.netty.channel.nio.NioEventLoop.processSelectedKey(NioEventLoop.java:632)
	at org.apache.ratis.thirdparty.io.netty.channel.nio.NioEventLoop.processSelectedKeysOptimized(NioEventLoop.java:579)
	at org.apache.ratis.thirdparty.io.netty.channel.nio.NioEventLoop.processSelectedKeys(NioEventLoop.java:496)
	at org.apache.ratis.thirdparty.io.netty.channel.nio.NioEventLoop.run(NioEventLoop.java:458)
	at org.apache.ratis.thirdparty.io.netty.util.concurrent.SingleThreadEventExecutor$5.run(SingleThreadEventExecutor.java:897)
	at org.apache.ratis.thirdparty.io.netty.util.concurrent.FastThreadLocalRunnable.run(FastThreadLocalRunnable.java:30)
	... 1 more
Caused by: java.net.ConnectException: Connection refused
	... 11 more
2019-09-19 08:26:31,456 [grpc-default-executor-13] INFO  impl.RaftServerImpl (ServerState.java:setRaftConf(354)) - 830f5926-e6f3-4fc6-b48b-87b1008588b0@group-6FD53671956A: set configuration 0: [64a8661b-c2d9-4df7-8ca1-1b29ef624e85:192.168.36.85:38418, 830f5926-e6f3-4fc6-b48b-87b1008588b0:192.168.36.85:44294, e50c69ec-4263-4416-9cef-9cb60973670d:192.168.36.85:44827], old=null at 0
2019-09-19 08:26:31,457 [830f5926-e6f3-4fc6-b48b-87b1008588b0@group-7A121B0D245D:LeaderElection129] INFO  impl.RaftServerImpl (RaftServerImpl.java:setRole(174)) - 830f5926-e6f3-4fc6-b48b-87b1008588b0@group-7A121B0D245D: changes role from CANDIDATE to FOLLOWER at term 4 for DISCOVERED_A_NEW_TERM
2019-09-19 08:26:31,457 [grpc-default-executor-13] INFO  segmented.SegmentedRaftLogWorker (SegmentedRaftLogWorker.java:startLogSegment(380)) - 830f5926-e6f3-4fc6-b48b-87b1008588b0@group-6FD53671956A-SegmentedRaftLogWorker: Starting segment from index:0
2019-09-19 08:26:31,457 [830f5926-e6f3-4fc6-b48b-87b1008588b0@group-7A121B0D245D:LeaderElection129] INFO  impl.RoleInfo (RoleInfo.java:shutdownLeaderElection(134)) - 830f5926-e6f3-4fc6-b48b-87b1008588b0: shutdown LeaderElection
2019-09-19 08:26:31,457 [830f5926-e6f3-4fc6-b48b-87b1008588b0@group-7A121B0D245D:LeaderElection129] INFO  impl.RoleInfo (RoleInfo.java:updateAndGet(143)) - 830f5926-e6f3-4fc6-b48b-87b1008588b0: start FollowerState
2019-09-19 08:26:31,539 [e50c69ec-4263-4416-9cef-9cb60973670d@group-6FD53671956A-SegmentedRaftLogWorker] INFO  segmented.SegmentedRaftLogWorker (SegmentedRaftLogWorker.java:execute(569)) - e50c69ec-4263-4416-9cef-9cb60973670d@group-6FD53671956A-SegmentedRaftLogWorker: created new log segment /workdir/hadoop-ozone/integration-test/target/test-dir/MiniOzoneClusterImpl-6146c60c-cb8d-4aa2-a902-cb133a81267e/datanode-9/data/ratis/59d45b68-265d-41a1-8912-6fd53671956a/current/log_inprogress_0
2019-09-19 08:26:31,558 [grpc-default-executor-13] WARN  server.GrpcLogAppender (LogUtils.java:warn(134)) - e50c69ec-4263-4416-9cef-9cb60973670d@group-6FD53671956A->64a8661b-c2d9-4df7-8ca1-1b29ef624e85-AppendLogResponseHandler: Failed appendEntries: org.apache.ratis.thirdparty.io.grpc.StatusRuntimeException: UNAVAILABLE: io exception
2019-09-19 08:26:31,558 [830f5926-e6f3-4fc6-b48b-87b1008588b0@group-6FD53671956A-SegmentedRaftLogWorker] INFO  segmented.SegmentedRaftLogWorker (SegmentedRaftLogWorker.java:execute(569)) - 830f5926-e6f3-4fc6-b48b-87b1008588b0@group-6FD53671956A-SegmentedRaftLogWorker: created new log segment /workdir/hadoop-ozone/integration-test/target/test-dir/MiniOzoneClusterImpl-6146c60c-cb8d-4aa2-a902-cb133a81267e/datanode-7/data/ratis/59d45b68-265d-41a1-8912-6fd53671956a/current/log_inprogress_0
2019-09-19 08:26:31,558 [grpc-default-executor-13] INFO  impl.FollowerInfo (FollowerInfo.java:lambda$new$0(51)) - e50c69ec-4263-4416-9cef-9cb60973670d@group-6FD53671956A->64a8661b-c2d9-4df7-8ca1-1b29ef624e85: nextIndex: updateUnconditionally 1 -> 0
2019-09-19 08:26:32,060 [grpc-default-executor-12] WARN  server.GrpcLogAppender (LogUtils.java:warn(134)) - e50c69ec-4263-4416-9cef-9cb60973670d@group-6FD53671956A->64a8661b-c2d9-4df7-8ca1-1b29ef624e85-AppendLogResponseHandler: Failed appendEntries: org.apache.ratis.thirdparty.io.grpc.StatusRuntimeException: UNAVAILABLE: io exception
2019-09-19 08:26:32,061 [grpc-default-executor-12] INFO  impl.FollowerInfo (FollowerInfo.java:lambda$new$0(51)) - e50c69ec-4263-4416-9cef-9cb60973670d@group-6FD53671956A->64a8661b-c2d9-4df7-8ca1-1b29ef624e85: nextIndex: updateUnconditionally 0 -> 0
2019-09-19 08:26:32,327 [main] INFO  ozoneimpl.OzoneContainer (OzoneContainer.java:stop(231)) - Attempting to stop container services.
2019-09-19 08:26:32,328 [main] INFO  impl.RaftServerProxy (RaftServerProxy.java:lambda$close$4(314)) - 198fa7b0-48e0-4e38-b8a2-d2d017a8cbbe: close
2019-09-19 08:26:32,331 [main] INFO  server.GrpcService (GrpcService.java:closeImpl(164)) - 198fa7b0-48e0-4e38-b8a2-d2d017a8cbbe: shutdown server with port 41680 now
2019-09-19 08:26:32,332 [main] INFO  server.GrpcService (GrpcService.java:closeImpl(172)) - 198fa7b0-48e0-4e38-b8a2-d2d017a8cbbe: shutdown server with port 41680 successfully
2019-09-19 08:26:32,334 [refreshUsed-/workdir/hadoop-ozone/integration-test/target/test-dir/MiniOzoneClusterImpl-6146c60c-cb8d-4aa2-a902-cb133a81267e/datanode-8/data/containers] WARN  fs.CachingGetSpaceUsed (CachingGetSpaceUsed.java:run(183)) - Thread Interrupted waiting to refresh disk information: sleep interrupted
2019-09-19 08:26:32,351 [main] INFO  utils.BackgroundService (BackgroundService.java:shutdown(148)) - Shutting down service BlockDeletingService
2019-09-19 08:26:32,358 [main] INFO  statemachine.DatanodeStateMachine (DatanodeStateMachine.java:stopDaemon(395)) - Ozone container server stopped.
2019-09-19 08:26:32,359 [main] INFO  handler.ContextHandler (ContextHandler.java:doStop(910)) - Stopped o.e.j.w.WebAppContext@7fb8bad0{/,null,UNAVAILABLE}{/hddsDatanode}
2019-09-19 08:26:32,360 [main] INFO  server.AbstractConnector (AbstractConnector.java:doStop(318)) - Stopped ServerConnector@12d40609{HTTP/1.1,[http/1.1]}{0.0.0.0:0}
2019-09-19 08:26:32,360 [main] INFO  handler.ContextHandler (ContextHandler.java:doStop(910)) - Stopped o.e.j.s.ServletContextHandler@3380ca3d{/static,jar:file:/home/user/.m2/repository/org/apache/hadoop/hadoop-hdds-container-service/0.5.0-SNAPSHOT/hadoop-hdds-container-service-0.5.0-SNAPSHOT.jar!/webapps/static,UNAVAILABLE}
2019-09-19 08:26:32,361 [main] INFO  handler.ContextHandler (ContextHandler.java:doStop(910)) - Stopped o.e.j.s.ServletContextHandler@a54acec{/logs,file:///workdir/hadoop-ozone/integration-test/target/log,UNAVAILABLE}
2019-09-19 08:26:32,463 [Thread-2067] INFO  impl.FollowerState (FollowerState.java:run(106)) - 830f5926-e6f3-4fc6-b48b-87b1008588b0:group-0B9F0340E072 changes to CANDIDATE, lastRpcTime:1007, electionTimeout:1007ms
2019-09-19 08:26:32,463 [Thread-2067] INFO  impl.RoleInfo (RoleInfo.java:shutdownFollowerState(121)) - 830f5926-e6f3-4fc6-b48b-87b1008588b0: shutdown FollowerState
2019-09-19 08:26:32,464 [Thread-2067] INFO  impl.RaftServerImpl (RaftServerImpl.java:setRole(174)) - 830f5926-e6f3-4fc6-b48b-87b1008588b0@group-0B9F0340E072: changes role from  FOLLOWER to CANDIDATE at term 3 for changeToCandidate
2019-09-19 08:26:32,464 [Thread-2067] INFO  impl.RoleInfo (RoleInfo.java:updateAndGet(143)) - 830f5926-e6f3-4fc6-b48b-87b1008588b0: start LeaderElection
2019-09-19 08:26:32,480 [Datanode State Machine Thread - 0] INFO  statemachine.DatanodeStateMachine (DatanodeStateMachine.java:lambda$startDaemon$0(350)) - Ozone container server started.
2019-09-19 08:26:32,529 [830f5926-e6f3-4fc6-b48b-87b1008588b0@group-0B9F0340E072:LeaderElection132] INFO  impl.LeaderElection (LeaderElection.java:askForVotes(182)) - 830f5926-e6f3-4fc6-b48b-87b1008588b0@group-0B9F0340E072:LeaderElection132: begin an election at term 4 for -1: [64a8661b-c2d9-4df7-8ca1-1b29ef624e85:192.168.36.85:38418, 830f5926-e6f3-4fc6-b48b-87b1008588b0:192.168.36.85:44294, e50c69ec-4263-4416-9cef-9cb60973670d:192.168.36.85:44827], old=null
2019-09-19 08:26:32,530 [830f5926-e6f3-4fc6-b48b-87b1008588b0@group-0B9F0340E072:LeaderElection132] INFO  impl.LeaderElection (LogUtils.java:infoOrTrace(149)) - 830f5926-e6f3-4fc6-b48b-87b1008588b0@group-0B9F0340E072:LeaderElection132 got exception when requesting votes: {}
java.util.concurrent.ExecutionException: org.apache.ratis.thirdparty.io.grpc.StatusRuntimeException: UNAVAILABLE: io exception
	at java.util.concurrent.FutureTask.report(FutureTask.java:122)
	at java.util.concurrent.FutureTask.get(FutureTask.java:192)
	at org.apache.ratis.server.impl.LeaderElection.waitForResults(LeaderElection.java:263)
	at org.apache.ratis.server.impl.LeaderElection.askForVotes(LeaderElection.java:201)
	at org.apache.ratis.server.impl.LeaderElection.run(LeaderElection.java:133)
	at java.lang.Thread.run(Thread.java:748)
Caused by: org.apache.ratis.thirdparty.io.grpc.StatusRuntimeException: UNAVAILABLE: io exception
	at org.apache.ratis.thirdparty.io.grpc.stub.ClientCalls.toStatusRuntimeException(ClientCalls.java:233)
	at org.apache.ratis.thirdparty.io.grpc.stub.ClientCalls.getUnchecked(ClientCalls.java:214)
	at org.apache.ratis.thirdparty.io.grpc.stub.ClientCalls.blockingUnaryCall(ClientCalls.java:139)
	at org.apache.ratis.proto.grpc.RaftServerProtocolServiceGrpc$RaftServerProtocolServiceBlockingStub.requestVote(RaftServerProtocolServiceGrpc.java:265)
	at org.apache.ratis.grpc.server.GrpcServerProtocolClient.requestVote(GrpcServerProtocolClient.java:90)
	at org.apache.ratis.grpc.server.GrpcService.requestVote(GrpcService.java:204)
	at org.apache.ratis.server.impl.LeaderElection.lambda$submitRequests$1(LeaderElection.java:238)
	at java.util.concurrent.FutureTask.run(FutureTask.java:266)
	at java.util.concurrent.Executors$RunnableAdapter.call(Executors.java:511)
	at java.util.concurrent.FutureTask.run(FutureTask.java:266)
	at java.util.concurrent.ThreadPoolExecutor.runWorker(ThreadPoolExecutor.java:1149)
	at java.util.concurrent.ThreadPoolExecutor$Worker.run(ThreadPoolExecutor.java:624)
	... 1 more
Caused by: org.apache.ratis.thirdparty.io.netty.channel.AbstractChannel$AnnotatedConnectException: Connection refused: /192.168.36.85:38418
	at sun.nio.ch.SocketChannelImpl.checkConnect(Native Method)
	at sun.nio.ch.SocketChannelImpl.finishConnect(SocketChannelImpl.java:717)
	at org.apache.ratis.thirdparty.io.netty.channel.socket.nio.NioSocketChannel.doFinishConnect(NioSocketChannel.java:327)
	at org.apache.ratis.thirdparty.io.netty.channel.nio.AbstractNioChannel$AbstractNioUnsafe.finishConnect(AbstractNioChannel.java:340)
	at org.apache.ratis.thirdparty.io.netty.channel.nio.NioEventLoop.processSelectedKey(NioEventLoop.java:632)
	at org.apache.ratis.thirdparty.io.netty.channel.nio.NioEventLoop.processSelectedKeysOptimized(NioEventLoop.java:579)
	at org.apache.ratis.thirdparty.io.netty.channel.nio.NioEventLoop.processSelectedKeys(NioEventLoop.java:496)
	at org.apache.ratis.thirdparty.io.netty.channel.nio.NioEventLoop.run(NioEventLoop.java:458)
	at org.apache.ratis.thirdparty.io.netty.util.concurrent.SingleThreadEventExecutor$5.run(SingleThreadEventExecutor.java:897)
	at org.apache.ratis.thirdparty.io.netty.util.concurrent.FastThreadLocalRunnable.run(FastThreadLocalRunnable.java:30)
	... 1 more
Caused by: java.net.ConnectException: Connection refused
	... 11 more
2019-09-19 08:26:32,531 [Thread-2068] INFO  impl.FollowerState (FollowerState.java:run(106)) - e50c69ec-4263-4416-9cef-9cb60973670d:group-7A121B0D245D changes to CANDIDATE, lastRpcTime:1074, electionTimeout:1074ms
2019-09-19 08:26:32,531 [Thread-2068] INFO  impl.RoleInfo (RoleInfo.java:shutdownFollowerState(121)) - e50c69ec-4263-4416-9cef-9cb60973670d: shutdown FollowerState
2019-09-19 08:26:32,531 [Thread-2068] INFO  impl.RaftServerImpl (RaftServerImpl.java:setRole(174)) - e50c69ec-4263-4416-9cef-9cb60973670d@group-7A121B0D245D: changes role from  FOLLOWER to CANDIDATE at term 4 for changeToCandidate
2019-09-19 08:26:32,531 [Thread-2068] INFO  impl.RoleInfo (RoleInfo.java:updateAndGet(143)) - e50c69ec-4263-4416-9cef-9cb60973670d: start LeaderElection
2019-09-19 08:26:32,531 [grpc-default-executor-12] INFO  impl.RaftServerImpl (RaftServerImpl.java:setRole(174)) - e50c69ec-4263-4416-9cef-9cb60973670d@group-0B9F0340E072: changes role from  FOLLOWER to FOLLOWER at term 4 for recognizeCandidate:830f5926-e6f3-4fc6-b48b-87b1008588b0
2019-09-19 08:26:32,532 [grpc-default-executor-12] INFO  impl.RoleInfo (RoleInfo.java:shutdownFollowerState(121)) - e50c69ec-4263-4416-9cef-9cb60973670d: shutdown FollowerState
2019-09-19 08:26:32,532 [grpc-default-executor-12] INFO  impl.RoleInfo (RoleInfo.java:updateAndGet(143)) - e50c69ec-4263-4416-9cef-9cb60973670d: start FollowerState
2019-09-19 08:26:32,532 [Thread-2066] INFO  impl.FollowerState (FollowerState.java:run(115)) - e50c69ec-4263-4416-9cef-9cb60973670d: FollowerState was interrupted: java.lang.InterruptedException: sleep interrupted
2019-09-19 08:26:32,561 [grpc-default-executor-9] WARN  server.GrpcLogAppender (LogUtils.java:warn(134)) - e50c69ec-4263-4416-9cef-9cb60973670d@group-6FD53671956A->64a8661b-c2d9-4df7-8ca1-1b29ef624e85-AppendLogResponseHandler: Failed appendEntries: org.apache.ratis.thirdparty.io.grpc.StatusRuntimeException: UNAVAILABLE: io exception
2019-09-19 08:26:32,562 [grpc-default-executor-9] INFO  impl.FollowerInfo (FollowerInfo.java:lambda$new$0(51)) - e50c69ec-4263-4416-9cef-9cb60973670d@group-6FD53671956A->64a8661b-c2d9-4df7-8ca1-1b29ef624e85: nextIndex: updateUnconditionally 0 -> 0
2019-09-19 08:26:32,591 [Thread-2069] INFO  impl.FollowerState (FollowerState.java:run(106)) - 830f5926-e6f3-4fc6-b48b-87b1008588b0:group-7A121B0D245D changes to CANDIDATE, lastRpcTime:1133, electionTimeout:1133ms
2019-09-19 08:26:32,591 [Thread-2069] INFO  impl.RoleInfo (RoleInfo.java:shutdownFollowerState(121)) - 830f5926-e6f3-4fc6-b48b-87b1008588b0: shutdown FollowerState
2019-09-19 08:26:32,591 [Thread-2069] INFO  impl.RaftServerImpl (RaftServerImpl.java:setRole(174)) - 830f5926-e6f3-4fc6-b48b-87b1008588b0@group-7A121B0D245D: changes role from  FOLLOWER to CANDIDATE at term 4 for changeToCandidate
2019-09-19 08:26:32,591 [Thread-2069] INFO  impl.RoleInfo (RoleInfo.java:updateAndGet(143)) - 830f5926-e6f3-4fc6-b48b-87b1008588b0: start LeaderElection
2019-09-19 08:26:32,624 [e50c69ec-4263-4416-9cef-9cb60973670d@group-7A121B0D245D:LeaderElection133] INFO  impl.LeaderElection (LeaderElection.java:askForVotes(182)) - e50c69ec-4263-4416-9cef-9cb60973670d@group-7A121B0D245D:LeaderElection133: begin an election at term 5 for -1: [64a8661b-c2d9-4df7-8ca1-1b29ef624e85:192.168.36.85:38418, 830f5926-e6f3-4fc6-b48b-87b1008588b0:192.168.36.85:44294, e50c69ec-4263-4416-9cef-9cb60973670d:192.168.36.85:44827], old=null
2019-09-19 08:26:32,626 [830f5926-e6f3-4fc6-b48b-87b1008588b0@group-0B9F0340E072:LeaderElection132] INFO  impl.LeaderElection (LeaderElection.java:logAndReturn(56)) - 830f5926-e6f3-4fc6-b48b-87b1008588b0@group-0B9F0340E072:LeaderElection132: Election PASSED; received 1 response(s) [830f5926-e6f3-4fc6-b48b-87b1008588b0<-e50c69ec-4263-4416-9cef-9cb60973670d#0:OK-t4] and 1 exception(s); 830f5926-e6f3-4fc6-b48b-87b1008588b0@group-0B9F0340E072:t4, leader=null, voted=830f5926-e6f3-4fc6-b48b-87b1008588b0, raftlog=830f5926-e6f3-4fc6-b48b-87b1008588b0@group-0B9F0340E072-SegmentedRaftLog:OPENED:c-1,f-1,i0, conf=-1: [64a8661b-c2d9-4df7-8ca1-1b29ef624e85:192.168.36.85:38418, 830f5926-e6f3-4fc6-b48b-87b1008588b0:192.168.36.85:44294, e50c69ec-4263-4416-9cef-9cb60973670d:192.168.36.85:44827], old=null
2019-09-19 08:26:32,626 [830f5926-e6f3-4fc6-b48b-87b1008588b0@group-0B9F0340E072:LeaderElection132] INFO  impl.LeaderElection (LogUtils.java:infoOrTrace(149)) -   Exception 0: {}
java.util.concurrent.ExecutionException: org.apache.ratis.thirdparty.io.grpc.StatusRuntimeException: UNAVAILABLE: io exception
	at java.util.concurrent.FutureTask.report(FutureTask.java:122)
	at java.util.concurrent.FutureTask.get(FutureTask.java:192)
	at org.apache.ratis.server.impl.LeaderElection.waitForResults(LeaderElection.java:263)
	at org.apache.ratis.server.impl.LeaderElection.askForVotes(LeaderElection.java:201)
	at org.apache.ratis.server.impl.LeaderElection.run(LeaderElection.java:133)
	at java.lang.Thread.run(Thread.java:748)
Caused by: org.apache.ratis.thirdparty.io.grpc.StatusRuntimeException: UNAVAILABLE: io exception
	at org.apache.ratis.thirdparty.io.grpc.stub.ClientCalls.toStatusRuntimeException(ClientCalls.java:233)
	at org.apache.ratis.thirdparty.io.grpc.stub.ClientCalls.getUnchecked(ClientCalls.java:214)
	at org.apache.ratis.thirdparty.io.grpc.stub.ClientCalls.blockingUnaryCall(ClientCalls.java:139)
	at org.apache.ratis.proto.grpc.RaftServerProtocolServiceGrpc$RaftServerProtocolServiceBlockingStub.requestVote(RaftServerProtocolServiceGrpc.java:265)
	at org.apache.ratis.grpc.server.GrpcServerProtocolClient.requestVote(GrpcServerProtocolClient.java:90)
	at org.apache.ratis.grpc.server.GrpcService.requestVote(GrpcService.java:204)
	at org.apache.ratis.server.impl.LeaderElection.lambda$submitRequests$1(LeaderElection.java:238)
	at java.util.concurrent.FutureTask.run(FutureTask.java:266)
	at java.util.concurrent.Executors$RunnableAdapter.call(Executors.java:511)
	at java.util.concurrent.FutureTask.run(FutureTask.java:266)
	at java.util.concurrent.ThreadPoolExecutor.runWorker(ThreadPoolExecutor.java:1149)
	at java.util.concurrent.ThreadPoolExecutor$Worker.run(ThreadPoolExecutor.java:624)
	... 1 more
Caused by: org.apache.ratis.thirdparty.io.netty.channel.AbstractChannel$AnnotatedConnectException: Connection refused: /192.168.36.85:38418
	at sun.nio.ch.SocketChannelImpl.checkConnect(Native Method)
	at sun.nio.ch.SocketChannelImpl.finishConnect(SocketChannelImpl.java:717)
	at org.apache.ratis.thirdparty.io.netty.channel.socket.nio.NioSocketChannel.doFinishConnect(NioSocketChannel.java:327)
	at org.apache.ratis.thirdparty.io.netty.channel.nio.AbstractNioChannel$AbstractNioUnsafe.finishConnect(AbstractNioChannel.java:340)
	at org.apache.ratis.thirdparty.io.netty.channel.nio.NioEventLoop.processSelectedKey(NioEventLoop.java:632)
	at org.apache.ratis.thirdparty.io.netty.channel.nio.NioEventLoop.processSelectedKeysOptimized(NioEventLoop.java:579)
	at org.apache.ratis.thirdparty.io.netty.channel.nio.NioEventLoop.processSelectedKeys(NioEventLoop.java:496)
	at org.apache.ratis.thirdparty.io.netty.channel.nio.NioEventLoop.run(NioEventLoop.java:458)
	at org.apache.ratis.thirdparty.io.netty.util.concurrent.SingleThreadEventExecutor$5.run(SingleThreadEventExecutor.java:897)
	at org.apache.ratis.thirdparty.io.netty.util.concurrent.FastThreadLocalRunnable.run(FastThreadLocalRunnable.java:30)
	... 1 more
Caused by: java.net.ConnectException: Connection refused
	... 11 more
2019-09-19 08:26:32,626 [830f5926-e6f3-4fc6-b48b-87b1008588b0@group-0B9F0340E072:LeaderElection132] INFO  impl.RoleInfo (RoleInfo.java:shutdownLeaderElection(134)) - 830f5926-e6f3-4fc6-b48b-87b1008588b0: shutdown LeaderElection
2019-09-19 08:26:32,626 [830f5926-e6f3-4fc6-b48b-87b1008588b0@group-0B9F0340E072:LeaderElection132] INFO  impl.RaftServerImpl (RaftServerImpl.java:setRole(174)) - 830f5926-e6f3-4fc6-b48b-87b1008588b0@group-0B9F0340E072: changes role from CANDIDATE to LEADER at term 4 for changeToLeader
2019-09-19 08:26:32,626 [830f5926-e6f3-4fc6-b48b-87b1008588b0@group-0B9F0340E072:LeaderElection132] INFO  impl.RaftServerImpl (ServerState.java:setLeader(253)) - 830f5926-e6f3-4fc6-b48b-87b1008588b0@group-0B9F0340E072: change Leader from null to 830f5926-e6f3-4fc6-b48b-87b1008588b0 at term 4 for becomeLeader, leader elected after 11101ms
2019-09-19 08:26:32,627 [830f5926-e6f3-4fc6-b48b-87b1008588b0@group-0B9F0340E072:LeaderElection132] INFO  server.RaftServerConfigKeys (ConfUtils.java:logGet(43)) - raft.server.staging.catchup.gap = 1000 (default)
2019-09-19 08:26:32,627 [830f5926-e6f3-4fc6-b48b-87b1008588b0@group-0B9F0340E072:LeaderElection132] INFO  server.RaftServerConfigKeys (ConfUtils.java:logGet(43)) - raft.server.rpc.sleep.time = 25ms (default)
2019-09-19 08:26:32,627 [830f5926-e6f3-4fc6-b48b-87b1008588b0@group-0B9F0340E072:LeaderElection132] INFO  server.RaftServerConfigKeys (ConfUtils.java:logGet(43)) - raft.server.write.element-limit = 4096 (default)
2019-09-19 08:26:32,627 [830f5926-e6f3-4fc6-b48b-87b1008588b0@group-0B9F0340E072:LeaderElection132] INFO  server.RaftServerConfigKeys (ConfUtils.java:logGet(43)) - raft.server.watch.timeout = 10s (default)
2019-09-19 08:26:32,627 [e50c69ec-4263-4416-9cef-9cb60973670d@group-7A121B0D245D:LeaderElection133] INFO  impl.LeaderElection (LogUtils.java:infoOrTrace(149)) - e50c69ec-4263-4416-9cef-9cb60973670d@group-7A121B0D245D:LeaderElection133 got exception when requesting votes: {}
java.util.concurrent.ExecutionException: org.apache.ratis.thirdparty.io.grpc.StatusRuntimeException: UNAVAILABLE: io exception
	at java.util.concurrent.FutureTask.report(FutureTask.java:122)
	at java.util.concurrent.FutureTask.get(FutureTask.java:192)
	at org.apache.ratis.server.impl.LeaderElection.waitForResults(LeaderElection.java:263)
	at org.apache.ratis.server.impl.LeaderElection.askForVotes(LeaderElection.java:201)
	at org.apache.ratis.server.impl.LeaderElection.run(LeaderElection.java:133)
	at java.lang.Thread.run(Thread.java:748)
Caused by: org.apache.ratis.thirdparty.io.grpc.StatusRuntimeException: UNAVAILABLE: io exception
	at org.apache.ratis.thirdparty.io.grpc.stub.ClientCalls.toStatusRuntimeException(ClientCalls.java:233)
	at org.apache.ratis.thirdparty.io.grpc.stub.ClientCalls.getUnchecked(ClientCalls.java:214)
	at org.apache.ratis.thirdparty.io.grpc.stub.ClientCalls.blockingUnaryCall(ClientCalls.java:139)
	at org.apache.ratis.proto.grpc.RaftServerProtocolServiceGrpc$RaftServerProtocolServiceBlockingStub.requestVote(RaftServerProtocolServiceGrpc.java:265)
	at org.apache.ratis.grpc.server.GrpcServerProtocolClient.requestVote(GrpcServerProtocolClient.java:90)
	at org.apache.ratis.grpc.server.GrpcService.requestVote(GrpcService.java:204)
	at org.apache.ratis.server.impl.LeaderElection.lambda$submitRequests$1(LeaderElection.java:238)
	at java.util.concurrent.FutureTask.run(FutureTask.java:266)
	at java.util.concurrent.Executors$RunnableAdapter.call(Executors.java:511)
	at java.util.concurrent.FutureTask.run(FutureTask.java:266)
	at java.util.concurrent.ThreadPoolExecutor.runWorker(ThreadPoolExecutor.java:1149)
	at java.util.concurrent.ThreadPoolExecutor$Worker.run(ThreadPoolExecutor.java:624)
	... 1 more
Caused by: org.apache.ratis.thirdparty.io.netty.channel.AbstractChannel$AnnotatedConnectException: Connection refused: /192.168.36.85:38418
	at sun.nio.ch.SocketChannelImpl.checkConnect(Native Method)
	at sun.nio.ch.SocketChannelImpl.finishConnect(SocketChannelImpl.java:717)
	at org.apache.ratis.thirdparty.io.netty.channel.socket.nio.NioSocketChannel.doFinishConnect(NioSocketChannel.java:327)
	at org.apache.ratis.thirdparty.io.netty.channel.nio.AbstractNioChannel$AbstractNioUnsafe.finishConnect(AbstractNioChannel.java:340)
	at org.apache.ratis.thirdparty.io.netty.channel.nio.NioEventLoop.processSelectedKey(NioEventLoop.java:632)
	at org.apache.ratis.thirdparty.io.netty.channel.nio.NioEventLoop.processSelectedKeysOptimized(NioEventLoop.java:579)
	at org.apache.ratis.thirdparty.io.netty.channel.nio.NioEventLoop.processSelectedKeys(NioEventLoop.java:496)
	at org.apache.ratis.thirdparty.io.netty.channel.nio.NioEventLoop.run(NioEventLoop.java:458)
	at org.apache.ratis.thirdparty.io.netty.util.concurrent.SingleThreadEventExecutor$5.run(SingleThreadEventExecutor.java:897)
	at org.apache.ratis.thirdparty.io.netty.util.concurrent.FastThreadLocalRunnable.run(FastThreadLocalRunnable.java:30)
	... 1 more
Caused by: java.net.ConnectException: Connection refused
	... 11 more
2019-09-19 08:26:32,627 [830f5926-e6f3-4fc6-b48b-87b1008588b0@group-0B9F0340E072:LeaderElection132] INFO  server.RaftServerConfigKeys (ConfUtils.java:logGet(43)) - raft.server.watch.timeout.denomination = 1s (default)
2019-09-19 08:26:32,628 [830f5926-e6f3-4fc6-b48b-87b1008588b0@group-0B9F0340E072:LeaderElection132] INFO  server.RaftServerConfigKeys (ConfUtils.java:logGet(43)) - raft.server.watch.element-limit = 65536 (default)
2019-09-19 08:26:32,631 [830f5926-e6f3-4fc6-b48b-87b1008588b0@group-0B9F0340E072:LeaderElection132] INFO  server.RaftServerConfigKeys (ConfUtils.java:logGet(43)) - raft.server.log.appender.snapshot.chunk.size.max = 16MB (=16777216) (default)
2019-09-19 08:26:32,631 [830f5926-e6f3-4fc6-b48b-87b1008588b0@group-0B9F0340E072:LeaderElection132] INFO  server.RaftServerConfigKeys (ConfUtils.java:logGet(43)) - raft.server.log.appender.buffer.byte-limit = 33554432 (custom)
2019-09-19 08:26:32,632 [830f5926-e6f3-4fc6-b48b-87b1008588b0@group-0B9F0340E072:LeaderElection132] INFO  server.RaftServerConfigKeys (ConfUtils.java:logGet(43)) - raft.server.log.appender.buffer.element-limit = 1 (custom)
2019-09-19 08:26:32,632 [830f5926-e6f3-4fc6-b48b-87b1008588b0@group-0B9F0340E072:LeaderElection132] INFO  grpc.GrpcConfigKeys$Server (ConfUtils.java:logGet(43)) - raft.grpc.server.leader.outstanding.appends.max = 128 (default)
2019-09-19 08:26:32,632 [830f5926-e6f3-4fc6-b48b-87b1008588b0@group-0B9F0340E072:LeaderElection132] INFO  server.RaftServerConfigKeys (ConfUtils.java:logGet(43)) - raft.server.rpc.request.timeout = 3000ms (default)
2019-09-19 08:26:32,632 [830f5926-e6f3-4fc6-b48b-87b1008588b0@group-0B9F0340E072:LeaderElection132] INFO  server.RaftServerConfigKeys (ConfUtils.java:logGet(43)) - raft.server.log.appender.install.snapshot.enabled = false (custom)
2019-09-19 08:26:32,633 [830f5926-e6f3-4fc6-b48b-87b1008588b0@group-0B9F0340E072:LeaderElection132] INFO  server.RaftServerConfigKeys (ConfUtils.java:logGet(43)) - raft.server.log.appender.snapshot.chunk.size.max = 16MB (=16777216) (default)
2019-09-19 08:26:32,633 [830f5926-e6f3-4fc6-b48b-87b1008588b0@group-0B9F0340E072:LeaderElection132] INFO  server.RaftServerConfigKeys (ConfUtils.java:logGet(43)) - raft.server.log.appender.buffer.byte-limit = 33554432 (custom)
2019-09-19 08:26:32,633 [830f5926-e6f3-4fc6-b48b-87b1008588b0@group-0B9F0340E072:LeaderElection132] INFO  server.RaftServerConfigKeys (ConfUtils.java:logGet(43)) - raft.server.log.appender.buffer.element-limit = 1 (custom)
2019-09-19 08:26:32,633 [830f5926-e6f3-4fc6-b48b-87b1008588b0@group-0B9F0340E072:LeaderElection132] INFO  grpc.GrpcConfigKeys$Server (ConfUtils.java:logGet(43)) - raft.grpc.server.leader.outstanding.appends.max = 128 (default)
2019-09-19 08:26:32,634 [830f5926-e6f3-4fc6-b48b-87b1008588b0@group-0B9F0340E072:LeaderElection132] INFO  server.RaftServerConfigKeys (ConfUtils.java:logGet(43)) - raft.server.rpc.request.timeout = 3000ms (default)
2019-09-19 08:26:32,634 [830f5926-e6f3-4fc6-b48b-87b1008588b0@group-0B9F0340E072:LeaderElection132] INFO  server.RaftServerConfigKeys (ConfUtils.java:logGet(43)) - raft.server.log.appender.install.snapshot.enabled = false (custom)
2019-09-19 08:26:32,634 [830f5926-e6f3-4fc6-b48b-87b1008588b0@group-0B9F0340E072:LeaderElection132] INFO  impl.RoleInfo (RoleInfo.java:updateAndGet(143)) - 830f5926-e6f3-4fc6-b48b-87b1008588b0: start LeaderState
2019-09-19 08:26:32,634 [830f5926-e6f3-4fc6-b48b-87b1008588b0@group-0B9F0340E072:LeaderElection132] INFO  segmented.SegmentedRaftLogWorker (SegmentedRaftLogWorker.java:startLogSegment(380)) - 830f5926-e6f3-4fc6-b48b-87b1008588b0@group-0B9F0340E072-SegmentedRaftLogWorker: Starting segment from index:0
2019-09-19 08:26:32,635 [830f5926-e6f3-4fc6-b48b-87b1008588b0@group-0B9F0340E072:LeaderElection132] INFO  impl.RaftServerImpl (ServerState.java:setRaftConf(354)) - 830f5926-e6f3-4fc6-b48b-87b1008588b0@group-0B9F0340E072: set configuration 0: [64a8661b-c2d9-4df7-8ca1-1b29ef624e85:192.168.36.85:38418, 830f5926-e6f3-4fc6-b48b-87b1008588b0:192.168.36.85:44294, e50c69ec-4263-4416-9cef-9cb60973670d:192.168.36.85:44827], old=null at 0
2019-09-19 08:26:32,635 [grpc-default-executor-9] WARN  server.GrpcLogAppender (LogUtils.java:warn(134)) - 830f5926-e6f3-4fc6-b48b-87b1008588b0@group-0B9F0340E072->64a8661b-c2d9-4df7-8ca1-1b29ef624e85-AppendLogResponseHandler: Failed appendEntries: org.apache.ratis.thirdparty.io.grpc.StatusRuntimeException: UNAVAILABLE: io exception
2019-09-19 08:26:32,636 [grpc-default-executor-9] INFO  impl.FollowerInfo (FollowerInfo.java:lambda$new$0(51)) - 830f5926-e6f3-4fc6-b48b-87b1008588b0@group-0B9F0340E072->64a8661b-c2d9-4df7-8ca1-1b29ef624e85: nextIndex: updateUnconditionally 0 -> 0
2019-09-19 08:26:32,666 [830f5926-e6f3-4fc6-b48b-87b1008588b0@group-7A121B0D245D:LeaderElection134] INFO  impl.LeaderElection (LeaderElection.java:askForVotes(182)) - 830f5926-e6f3-4fc6-b48b-87b1008588b0@group-7A121B0D245D:LeaderElection134: begin an election at term 5 for -1: [64a8661b-c2d9-4df7-8ca1-1b29ef624e85:192.168.36.85:38418, 830f5926-e6f3-4fc6-b48b-87b1008588b0:192.168.36.85:44294, e50c69ec-4263-4416-9cef-9cb60973670d:192.168.36.85:44827], old=null
2019-09-19 08:26:32,667 [grpc-default-executor-12] INFO  impl.RaftServerImpl (ServerState.java:setLeader(253)) - e50c69ec-4263-4416-9cef-9cb60973670d@group-0B9F0340E072: change Leader from null to 830f5926-e6f3-4fc6-b48b-87b1008588b0 at term 4 for appendEntries, leader elected after 11141ms
2019-09-19 08:26:32,668 [e50c69ec-4263-4416-9cef-9cb60973670d@group-7A121B0D245D:LeaderElection133] INFO  impl.LeaderElection (LeaderElection.java:logAndReturn(56)) - e50c69ec-4263-4416-9cef-9cb60973670d@group-7A121B0D245D:LeaderElection133: Election REJECTED; received 1 response(s) [e50c69ec-4263-4416-9cef-9cb60973670d<-830f5926-e6f3-4fc6-b48b-87b1008588b0#0:FAIL-t5] and 1 exception(s); e50c69ec-4263-4416-9cef-9cb60973670d@group-7A121B0D245D:t5, leader=null, voted=e50c69ec-4263-4416-9cef-9cb60973670d, raftlog=e50c69ec-4263-4416-9cef-9cb60973670d@group-7A121B0D245D-SegmentedRaftLog:OPENED:c-1,f-1,i0, conf=-1: [64a8661b-c2d9-4df7-8ca1-1b29ef624e85:192.168.36.85:38418, 830f5926-e6f3-4fc6-b48b-87b1008588b0:192.168.36.85:44294, e50c69ec-4263-4416-9cef-9cb60973670d:192.168.36.85:44827], old=null
2019-09-19 08:26:32,668 [e50c69ec-4263-4416-9cef-9cb60973670d@group-7A121B0D245D:LeaderElection133] INFO  impl.LeaderElection (LogUtils.java:infoOrTrace(149)) -   Exception 0: {}
java.util.concurrent.ExecutionException: org.apache.ratis.thirdparty.io.grpc.StatusRuntimeException: UNAVAILABLE: io exception
	at java.util.concurrent.FutureTask.report(FutureTask.java:122)
	at java.util.concurrent.FutureTask.get(FutureTask.java:192)
	at org.apache.ratis.server.impl.LeaderElection.waitForResults(LeaderElection.java:263)
	at org.apache.ratis.server.impl.LeaderElection.askForVotes(LeaderElection.java:201)
	at org.apache.ratis.server.impl.LeaderElection.run(LeaderElection.java:133)
	at java.lang.Thread.run(Thread.java:748)
Caused by: org.apache.ratis.thirdparty.io.grpc.StatusRuntimeException: UNAVAILABLE: io exception
	at org.apache.ratis.thirdparty.io.grpc.stub.ClientCalls.toStatusRuntimeException(ClientCalls.java:233)
	at org.apache.ratis.thirdparty.io.grpc.stub.ClientCalls.getUnchecked(ClientCalls.java:214)
	at org.apache.ratis.thirdparty.io.grpc.stub.ClientCalls.blockingUnaryCall(ClientCalls.java:139)
	at org.apache.ratis.proto.grpc.RaftServerProtocolServiceGrpc$RaftServerProtocolServiceBlockingStub.requestVote(RaftServerProtocolServiceGrpc.java:265)
	at org.apache.ratis.grpc.server.GrpcServerProtocolClient.requestVote(GrpcServerProtocolClient.java:90)
	at org.apache.ratis.grpc.server.GrpcService.requestVote(GrpcService.java:204)
	at org.apache.ratis.server.impl.LeaderElection.lambda$submitRequests$1(LeaderElection.java:238)
	at java.util.concurrent.FutureTask.run(FutureTask.java:266)
	at java.util.concurrent.Executors$RunnableAdapter.call(Executors.java:511)
	at java.util.concurrent.FutureTask.run(FutureTask.java:266)
	at java.util.concurrent.ThreadPoolExecutor.runWorker(ThreadPoolExecutor.java:1149)
	at java.util.concurrent.ThreadPoolExecutor$Worker.run(ThreadPoolExecutor.java:624)
	... 1 more
Caused by: org.apache.ratis.thirdparty.io.netty.channel.AbstractChannel$AnnotatedConnectException: Connection refused: /192.168.36.85:38418
	at sun.nio.ch.SocketChannelImpl.checkConnect(Native Method)
	at sun.nio.ch.SocketChannelImpl.finishConnect(SocketChannelImpl.java:717)
	at org.apache.ratis.thirdparty.io.netty.channel.socket.nio.NioSocketChannel.doFinishConnect(NioSocketChannel.java:327)
	at org.apache.ratis.thirdparty.io.netty.channel.nio.AbstractNioChannel$AbstractNioUnsafe.finishConnect(AbstractNioChannel.java:340)
	at org.apache.ratis.thirdparty.io.netty.channel.nio.NioEventLoop.processSelectedKey(NioEventLoop.java:632)
	at org.apache.ratis.thirdparty.io.netty.channel.nio.NioEventLoop.processSelectedKeysOptimized(NioEventLoop.java:579)
	at org.apache.ratis.thirdparty.io.netty.channel.nio.NioEventLoop.processSelectedKeys(NioEventLoop.java:496)
	at org.apache.ratis.thirdparty.io.netty.channel.nio.NioEventLoop.run(NioEventLoop.java:458)
	at org.apache.ratis.thirdparty.io.netty.util.concurrent.SingleThreadEventExecutor$5.run(SingleThreadEventExecutor.java:897)
	at org.apache.ratis.thirdparty.io.netty.util.concurrent.FastThreadLocalRunnable.run(FastThreadLocalRunnable.java:30)
	... 1 more
Caused by: java.net.ConnectException: Connection refused
	... 11 more
2019-09-19 08:26:32,669 [e50c69ec-4263-4416-9cef-9cb60973670d@group-7A121B0D245D:LeaderElection133] INFO  impl.RaftServerImpl (RaftServerImpl.java:setRole(174)) - e50c69ec-4263-4416-9cef-9cb60973670d@group-7A121B0D245D: changes role from CANDIDATE to FOLLOWER at term 5 for DISCOVERED_A_NEW_TERM
2019-09-19 08:26:32,669 [e50c69ec-4263-4416-9cef-9cb60973670d@group-7A121B0D245D:LeaderElection133] INFO  impl.RoleInfo (RoleInfo.java:shutdownLeaderElection(134)) - e50c69ec-4263-4416-9cef-9cb60973670d: shutdown LeaderElection
2019-09-19 08:26:32,669 [e50c69ec-4263-4416-9cef-9cb60973670d@group-7A121B0D245D:LeaderElection133] INFO  impl.RoleInfo (RoleInfo.java:updateAndGet(143)) - e50c69ec-4263-4416-9cef-9cb60973670d: start FollowerState
2019-09-19 08:26:32,669 [830f5926-e6f3-4fc6-b48b-87b1008588b0@group-7A121B0D245D:LeaderElection134] INFO  impl.LeaderElection (LogUtils.java:infoOrTrace(149)) - 830f5926-e6f3-4fc6-b48b-87b1008588b0@group-7A121B0D245D:LeaderElection134 got exception when requesting votes: {}
java.util.concurrent.ExecutionException: org.apache.ratis.thirdparty.io.grpc.StatusRuntimeException: UNAVAILABLE: io exception
	at java.util.concurrent.FutureTask.report(FutureTask.java:122)
	at java.util.concurrent.FutureTask.get(FutureTask.java:192)
	at org.apache.ratis.server.impl.LeaderElection.waitForResults(LeaderElection.java:263)
	at org.apache.ratis.server.impl.LeaderElection.askForVotes(LeaderElection.java:201)
	at org.apache.ratis.server.impl.LeaderElection.run(LeaderElection.java:133)
	at java.lang.Thread.run(Thread.java:748)
Caused by: org.apache.ratis.thirdparty.io.grpc.StatusRuntimeException: UNAVAILABLE: io exception
	at org.apache.ratis.thirdparty.io.grpc.stub.ClientCalls.toStatusRuntimeException(ClientCalls.java:233)
	at org.apache.ratis.thirdparty.io.grpc.stub.ClientCalls.getUnchecked(ClientCalls.java:214)
	at org.apache.ratis.thirdparty.io.grpc.stub.ClientCalls.blockingUnaryCall(ClientCalls.java:139)
	at org.apache.ratis.proto.grpc.RaftServerProtocolServiceGrpc$RaftServerProtocolServiceBlockingStub.requestVote(RaftServerProtocolServiceGrpc.java:265)
	at org.apache.ratis.grpc.server.GrpcServerProtocolClient.requestVote(GrpcServerProtocolClient.java:90)
	at org.apache.ratis.grpc.server.GrpcService.requestVote(GrpcService.java:204)
	at org.apache.ratis.server.impl.LeaderElection.lambda$submitRequests$1(LeaderElection.java:238)
	at java.util.concurrent.FutureTask.run(FutureTask.java:266)
	at java.util.concurrent.Executors$RunnableAdapter.call(Executors.java:511)
	at java.util.concurrent.FutureTask.run(FutureTask.java:266)
	at java.util.concurrent.ThreadPoolExecutor.runWorker(ThreadPoolExecutor.java:1149)
	at java.util.concurrent.ThreadPoolExecutor$Worker.run(ThreadPoolExecutor.java:624)
	... 1 more
Caused by: org.apache.ratis.thirdparty.io.netty.channel.AbstractChannel$AnnotatedConnectException: Connection refused: /192.168.36.85:38418
	at sun.nio.ch.SocketChannelImpl.checkConnect(Native Method)
	at sun.nio.ch.SocketChannelImpl.finishConnect(SocketChannelImpl.java:717)
	at org.apache.ratis.thirdparty.io.netty.channel.socket.nio.NioSocketChannel.doFinishConnect(NioSocketChannel.java:327)
	at org.apache.ratis.thirdparty.io.netty.channel.nio.AbstractNioChannel$AbstractNioUnsafe.finishConnect(AbstractNioChannel.java:340)
	at org.apache.ratis.thirdparty.io.netty.channel.nio.NioEventLoop.processSelectedKey(NioEventLoop.java:632)
	at org.apache.ratis.thirdparty.io.netty.channel.nio.NioEventLoop.processSelectedKeysOptimized(NioEventLoop.java:579)
	at org.apache.ratis.thirdparty.io.netty.channel.nio.NioEventLoop.processSelectedKeys(NioEventLoop.java:496)
	at org.apache.ratis.thirdparty.io.netty.channel.nio.NioEventLoop.run(NioEventLoop.java:458)
	at org.apache.ratis.thirdparty.io.netty.util.concurrent.SingleThreadEventExecutor$5.run(SingleThreadEventExecutor.java:897)
	at org.apache.ratis.thirdparty.io.netty.util.concurrent.FastThreadLocalRunnable.run(FastThreadLocalRunnable.java:30)
	... 1 more
Caused by: java.net.ConnectException: Connection refused
	... 11 more
2019-09-19 08:26:32,670 [grpc-default-executor-12] INFO  impl.RaftServerImpl (ServerState.java:setRaftConf(354)) - e50c69ec-4263-4416-9cef-9cb60973670d@group-0B9F0340E072: set configuration 0: [64a8661b-c2d9-4df7-8ca1-1b29ef624e85:192.168.36.85:38418, 830f5926-e6f3-4fc6-b48b-87b1008588b0:192.168.36.85:44294, e50c69ec-4263-4416-9cef-9cb60973670d:192.168.36.85:44827], old=null at 0
2019-09-19 08:26:32,670 [830f5926-e6f3-4fc6-b48b-87b1008588b0@group-7A121B0D245D:LeaderElection134] INFO  impl.LeaderElection (LeaderElection.java:logAndReturn(56)) - 830f5926-e6f3-4fc6-b48b-87b1008588b0@group-7A121B0D245D:LeaderElection134: Election REJECTED; received 1 response(s) [830f5926-e6f3-4fc6-b48b-87b1008588b0<-e50c69ec-4263-4416-9cef-9cb60973670d#0:FAIL-t5] and 1 exception(s); 830f5926-e6f3-4fc6-b48b-87b1008588b0@group-7A121B0D245D:t5, leader=null, voted=830f5926-e6f3-4fc6-b48b-87b1008588b0, raftlog=830f5926-e6f3-4fc6-b48b-87b1008588b0@group-7A121B0D245D-SegmentedRaftLog:OPENED:c-1,f-1,i0, conf=-1: [64a8661b-c2d9-4df7-8ca1-1b29ef624e85:192.168.36.85:38418, 830f5926-e6f3-4fc6-b48b-87b1008588b0:192.168.36.85:44294, e50c69ec-4263-4416-9cef-9cb60973670d:192.168.36.85:44827], old=null
2019-09-19 08:26:32,670 [grpc-default-executor-12] INFO  segmented.SegmentedRaftLogWorker (SegmentedRaftLogWorker.java:startLogSegment(380)) - e50c69ec-4263-4416-9cef-9cb60973670d@group-0B9F0340E072-SegmentedRaftLogWorker: Starting segment from index:0
2019-09-19 08:26:32,670 [830f5926-e6f3-4fc6-b48b-87b1008588b0@group-7A121B0D245D:LeaderElection134] INFO  impl.LeaderElection (LogUtils.java:infoOrTrace(149)) -   Exception 0: {}
java.util.concurrent.ExecutionException: org.apache.ratis.thirdparty.io.grpc.StatusRuntimeException: UNAVAILABLE: io exception
	at java.util.concurrent.FutureTask.report(FutureTask.java:122)
	at java.util.concurrent.FutureTask.get(FutureTask.java:192)
	at org.apache.ratis.server.impl.LeaderElection.waitForResults(LeaderElection.java:263)
	at org.apache.ratis.server.impl.LeaderElection.askForVotes(LeaderElection.java:201)
	at org.apache.ratis.server.impl.LeaderElection.run(LeaderElection.java:133)
	at java.lang.Thread.run(Thread.java:748)
Caused by: org.apache.ratis.thirdparty.io.grpc.StatusRuntimeException: UNAVAILABLE: io exception
	at org.apache.ratis.thirdparty.io.grpc.stub.ClientCalls.toStatusRuntimeException(ClientCalls.java:233)
	at org.apache.ratis.thirdparty.io.grpc.stub.ClientCalls.getUnchecked(ClientCalls.java:214)
	at org.apache.ratis.thirdparty.io.grpc.stub.ClientCalls.blockingUnaryCall(ClientCalls.java:139)
	at org.apache.ratis.proto.grpc.RaftServerProtocolServiceGrpc$RaftServerProtocolServiceBlockingStub.requestVote(RaftServerProtocolServiceGrpc.java:265)
	at org.apache.ratis.grpc.server.GrpcServerProtocolClient.requestVote(GrpcServerProtocolClient.java:90)
	at org.apache.ratis.grpc.server.GrpcService.requestVote(GrpcService.java:204)
	at org.apache.ratis.server.impl.LeaderElection.lambda$submitRequests$1(LeaderElection.java:238)
	at java.util.concurrent.FutureTask.run(FutureTask.java:266)
	at java.util.concurrent.Executors$RunnableAdapter.call(Executors.java:511)
	at java.util.concurrent.FutureTask.run(FutureTask.java:266)
	at java.util.concurrent.ThreadPoolExecutor.runWorker(ThreadPoolExecutor.java:1149)
	at java.util.concurrent.ThreadPoolExecutor$Worker.run(ThreadPoolExecutor.java:624)
	... 1 more
Caused by: org.apache.ratis.thirdparty.io.netty.channel.AbstractChannel$AnnotatedConnectException: Connection refused: /192.168.36.85:38418
	at sun.nio.ch.SocketChannelImpl.checkConnect(Native Method)
	at sun.nio.ch.SocketChannelImpl.finishConnect(SocketChannelImpl.java:717)
	at org.apache.ratis.thirdparty.io.netty.channel.socket.nio.NioSocketChannel.doFinishConnect(NioSocketChannel.java:327)
	at org.apache.ratis.thirdparty.io.netty.channel.nio.AbstractNioChannel$AbstractNioUnsafe.finishConnect(AbstractNioChannel.java:340)
	at org.apache.ratis.thirdparty.io.netty.channel.nio.NioEventLoop.processSelectedKey(NioEventLoop.java:632)
	at org.apache.ratis.thirdparty.io.netty.channel.nio.NioEventLoop.processSelectedKeysOptimized(NioEventLoop.java:579)
	at org.apache.ratis.thirdparty.io.netty.channel.nio.NioEventLoop.processSelectedKeys(NioEventLoop.java:496)
	at org.apache.ratis.thirdparty.io.netty.channel.nio.NioEventLoop.run(NioEventLoop.java:458)
	at org.apache.ratis.thirdparty.io.netty.util.concurrent.SingleThreadEventExecutor$5.run(SingleThreadEventExecutor.java:897)
	at org.apache.ratis.thirdparty.io.netty.util.concurrent.FastThreadLocalRunnable.run(FastThreadLocalRunnable.java:30)
	... 1 more
Caused by: java.net.ConnectException: Connection refused
	... 11 more
2019-09-19 08:26:32,671 [830f5926-e6f3-4fc6-b48b-87b1008588b0@group-7A121B0D245D:LeaderElection134] INFO  impl.RaftServerImpl (RaftServerImpl.java:setRole(174)) - 830f5926-e6f3-4fc6-b48b-87b1008588b0@group-7A121B0D245D: changes role from CANDIDATE to FOLLOWER at term 5 for DISCOVERED_A_NEW_TERM
2019-09-19 08:26:32,671 [830f5926-e6f3-4fc6-b48b-87b1008588b0@group-7A121B0D245D:LeaderElection134] INFO  impl.RoleInfo (RoleInfo.java:shutdownLeaderElection(134)) - 830f5926-e6f3-4fc6-b48b-87b1008588b0: shutdown LeaderElection
2019-09-19 08:26:32,672 [830f5926-e6f3-4fc6-b48b-87b1008588b0@group-7A121B0D245D:LeaderElection134] INFO  impl.RoleInfo (RoleInfo.java:updateAndGet(143)) - 830f5926-e6f3-4fc6-b48b-87b1008588b0: start FollowerState
2019-09-19 08:26:32,716 [830f5926-e6f3-4fc6-b48b-87b1008588b0@group-0B9F0340E072-SegmentedRaftLogWorker] INFO  segmented.SegmentedRaftLogWorker (SegmentedRaftLogWorker.java:execute(569)) - 830f5926-e6f3-4fc6-b48b-87b1008588b0@group-0B9F0340E072-SegmentedRaftLogWorker: created new log segment /workdir/hadoop-ozone/integration-test/target/test-dir/MiniOzoneClusterImpl-6146c60c-cb8d-4aa2-a902-cb133a81267e/datanode-7/data/ratis/7f9fd27b-cc94-4c48-94c3-0b9f0340e072/current/log_inprogress_0
2019-09-19 08:26:32,734 [grpc-default-executor-12] WARN  server.GrpcLogAppender (LogUtils.java:warn(134)) - 830f5926-e6f3-4fc6-b48b-87b1008588b0@group-0B9F0340E072->64a8661b-c2d9-4df7-8ca1-1b29ef624e85-AppendLogResponseHandler: Failed appendEntries: org.apache.ratis.thirdparty.io.grpc.StatusRuntimeException: UNAVAILABLE: io exception
2019-09-19 08:26:32,735 [grpc-default-executor-12] INFO  impl.FollowerInfo (FollowerInfo.java:lambda$new$0(51)) - 830f5926-e6f3-4fc6-b48b-87b1008588b0@group-0B9F0340E072->64a8661b-c2d9-4df7-8ca1-1b29ef624e85: nextIndex: updateUnconditionally 1 -> 0
2019-09-19 08:26:32,753 [e50c69ec-4263-4416-9cef-9cb60973670d@group-0B9F0340E072-SegmentedRaftLogWorker] INFO  segmented.SegmentedRaftLogWorker (SegmentedRaftLogWorker.java:execute(569)) - e50c69ec-4263-4416-9cef-9cb60973670d@group-0B9F0340E072-SegmentedRaftLogWorker: created new log segment /workdir/hadoop-ozone/integration-test/target/test-dir/MiniOzoneClusterImpl-6146c60c-cb8d-4aa2-a902-cb133a81267e/datanode-9/data/ratis/7f9fd27b-cc94-4c48-94c3-0b9f0340e072/current/log_inprogress_0
2019-09-19 08:26:33,060 [grpc-default-executor-12] WARN  server.GrpcLogAppender (LogUtils.java:warn(134)) - e50c69ec-4263-4416-9cef-9cb60973670d@group-6FD53671956A->64a8661b-c2d9-4df7-8ca1-1b29ef624e85-AppendLogResponseHandler: Failed appendEntries: org.apache.ratis.thirdparty.io.grpc.StatusRuntimeException: UNAVAILABLE: io exception
2019-09-19 08:26:33,061 [grpc-default-executor-12] INFO  impl.FollowerInfo (FollowerInfo.java:lambda$new$0(51)) - e50c69ec-4263-4416-9cef-9cb60973670d@group-6FD53671956A->64a8661b-c2d9-4df7-8ca1-1b29ef624e85: nextIndex: updateUnconditionally 0 -> 0
2019-09-19 08:26:33,237 [grpc-default-executor-9] WARN  server.GrpcLogAppender (LogUtils.java:warn(134)) - 830f5926-e6f3-4fc6-b48b-87b1008588b0@group-0B9F0340E072->64a8661b-c2d9-4df7-8ca1-1b29ef624e85-AppendLogResponseHandler: Failed appendEntries: org.apache.ratis.thirdparty.io.grpc.StatusRuntimeException: UNAVAILABLE: io exception
2019-09-19 08:26:33,237 [grpc-default-executor-9] INFO  impl.FollowerInfo (FollowerInfo.java:lambda$new$0(51)) - 830f5926-e6f3-4fc6-b48b-87b1008588b0@group-0B9F0340E072->64a8661b-c2d9-4df7-8ca1-1b29ef624e85: nextIndex: updateUnconditionally 0 -> 0
2019-09-19 08:26:33,563 [grpc-default-executor-12] WARN  server.GrpcLogAppender (LogUtils.java:warn(134)) - e50c69ec-4263-4416-9cef-9cb60973670d@group-6FD53671956A->64a8661b-c2d9-4df7-8ca1-1b29ef624e85-AppendLogResponseHandler: Failed appendEntries: org.apache.ratis.thirdparty.io.grpc.StatusRuntimeException: UNAVAILABLE: io exception
2019-09-19 08:26:33,563 [grpc-default-executor-12] INFO  impl.FollowerInfo (FollowerInfo.java:lambda$new$0(51)) - e50c69ec-4263-4416-9cef-9cb60973670d@group-6FD53671956A->64a8661b-c2d9-4df7-8ca1-1b29ef624e85: nextIndex: updateUnconditionally 0 -> 0
2019-09-19 08:26:33,737 [grpc-default-executor-14] WARN  server.GrpcLogAppender (LogUtils.java:warn(134)) - 830f5926-e6f3-4fc6-b48b-87b1008588b0@group-0B9F0340E072->64a8661b-c2d9-4df7-8ca1-1b29ef624e85-AppendLogResponseHandler: Failed appendEntries: org.apache.ratis.thirdparty.io.grpc.StatusRuntimeException: UNAVAILABLE: io exception
2019-09-19 08:26:33,737 [grpc-default-executor-14] INFO  impl.FollowerInfo (FollowerInfo.java:lambda$new$0(51)) - 830f5926-e6f3-4fc6-b48b-87b1008588b0@group-0B9F0340E072->64a8661b-c2d9-4df7-8ca1-1b29ef624e85: nextIndex: updateUnconditionally 0 -> 0
2019-09-19 08:26:33,802 [Thread-2090] INFO  impl.FollowerState (FollowerState.java:run(106)) - 830f5926-e6f3-4fc6-b48b-87b1008588b0:group-7A121B0D245D changes to CANDIDATE, lastRpcTime:1130, electionTimeout:1130ms
2019-09-19 08:26:33,802 [Thread-2090] INFO  impl.RoleInfo (RoleInfo.java:shutdownFollowerState(121)) - 830f5926-e6f3-4fc6-b48b-87b1008588b0: shutdown FollowerState
2019-09-19 08:26:33,802 [Thread-2090] INFO  impl.RaftServerImpl (RaftServerImpl.java:setRole(174)) - 830f5926-e6f3-4fc6-b48b-87b1008588b0@group-7A121B0D245D: changes role from  FOLLOWER to CANDIDATE at term 5 for changeToCandidate
2019-09-19 08:26:33,802 [Thread-2090] INFO  impl.RoleInfo (RoleInfo.java:updateAndGet(143)) - 830f5926-e6f3-4fc6-b48b-87b1008588b0: start LeaderElection
2019-09-19 08:26:33,822 [Thread-2089] INFO  impl.FollowerState (FollowerState.java:run(106)) - e50c69ec-4263-4416-9cef-9cb60973670d:group-7A121B0D245D changes to CANDIDATE, lastRpcTime:1152, electionTimeout:1152ms
2019-09-19 08:26:33,822 [Thread-2089] INFO  impl.RoleInfo (RoleInfo.java:shutdownFollowerState(121)) - e50c69ec-4263-4416-9cef-9cb60973670d: shutdown FollowerState
2019-09-19 08:26:33,822 [Thread-2089] INFO  impl.RaftServerImpl (RaftServerImpl.java:setRole(174)) - e50c69ec-4263-4416-9cef-9cb60973670d@group-7A121B0D245D: changes role from  FOLLOWER to CANDIDATE at term 5 for changeToCandidate
2019-09-19 08:26:33,822 [Thread-2089] INFO  impl.RoleInfo (RoleInfo.java:updateAndGet(143)) - e50c69ec-4263-4416-9cef-9cb60973670d: start LeaderElection
2019-09-19 08:26:33,884 [830f5926-e6f3-4fc6-b48b-87b1008588b0@group-7A121B0D245D:LeaderElection135] INFO  impl.LeaderElection (LeaderElection.java:askForVotes(182)) - 830f5926-e6f3-4fc6-b48b-87b1008588b0@group-7A121B0D245D:LeaderElection135: begin an election at term 6 for -1: [64a8661b-c2d9-4df7-8ca1-1b29ef624e85:192.168.36.85:38418, 830f5926-e6f3-4fc6-b48b-87b1008588b0:192.168.36.85:44294, e50c69ec-4263-4416-9cef-9cb60973670d:192.168.36.85:44827], old=null
2019-09-19 08:26:33,887 [830f5926-e6f3-4fc6-b48b-87b1008588b0@group-7A121B0D245D:LeaderElection135] INFO  impl.LeaderElection (LogUtils.java:infoOrTrace(149)) - 830f5926-e6f3-4fc6-b48b-87b1008588b0@group-7A121B0D245D:LeaderElection135 got exception when requesting votes: {}
java.util.concurrent.ExecutionException: org.apache.ratis.thirdparty.io.grpc.StatusRuntimeException: UNAVAILABLE: io exception
	at java.util.concurrent.FutureTask.report(FutureTask.java:122)
	at java.util.concurrent.FutureTask.get(FutureTask.java:192)
	at org.apache.ratis.server.impl.LeaderElection.waitForResults(LeaderElection.java:263)
	at org.apache.ratis.server.impl.LeaderElection.askForVotes(LeaderElection.java:201)
	at org.apache.ratis.server.impl.LeaderElection.run(LeaderElection.java:133)
	at java.lang.Thread.run(Thread.java:748)
Caused by: org.apache.ratis.thirdparty.io.grpc.StatusRuntimeException: UNAVAILABLE: io exception
	at org.apache.ratis.thirdparty.io.grpc.stub.ClientCalls.toStatusRuntimeException(ClientCalls.java:233)
	at org.apache.ratis.thirdparty.io.grpc.stub.ClientCalls.getUnchecked(ClientCalls.java:214)
	at org.apache.ratis.thirdparty.io.grpc.stub.ClientCalls.blockingUnaryCall(ClientCalls.java:139)
	at org.apache.ratis.proto.grpc.RaftServerProtocolServiceGrpc$RaftServerProtocolServiceBlockingStub.requestVote(RaftServerProtocolServiceGrpc.java:265)
	at org.apache.ratis.grpc.server.GrpcServerProtocolClient.requestVote(GrpcServerProtocolClient.java:90)
	at org.apache.ratis.grpc.server.GrpcService.requestVote(GrpcService.java:204)
	at org.apache.ratis.server.impl.LeaderElection.lambda$submitRequests$1(LeaderElection.java:238)
	at java.util.concurrent.FutureTask.run(FutureTask.java:266)
	at java.util.concurrent.Executors$RunnableAdapter.call(Executors.java:511)
	at java.util.concurrent.FutureTask.run(FutureTask.java:266)
	at java.util.concurrent.ThreadPoolExecutor.runWorker(ThreadPoolExecutor.java:1149)
	at java.util.concurrent.ThreadPoolExecutor$Worker.run(ThreadPoolExecutor.java:624)
	... 1 more
Caused by: org.apache.ratis.thirdparty.io.netty.channel.AbstractChannel$AnnotatedConnectException: Connection refused: /192.168.36.85:38418
	at sun.nio.ch.SocketChannelImpl.checkConnect(Native Method)
	at sun.nio.ch.SocketChannelImpl.finishConnect(SocketChannelImpl.java:717)
	at org.apache.ratis.thirdparty.io.netty.channel.socket.nio.NioSocketChannel.doFinishConnect(NioSocketChannel.java:327)
	at org.apache.ratis.thirdparty.io.netty.channel.nio.AbstractNioChannel$AbstractNioUnsafe.finishConnect(AbstractNioChannel.java:340)
	at org.apache.ratis.thirdparty.io.netty.channel.nio.NioEventLoop.processSelectedKey(NioEventLoop.java:632)
	at org.apache.ratis.thirdparty.io.netty.channel.nio.NioEventLoop.processSelectedKeysOptimized(NioEventLoop.java:579)
	at org.apache.ratis.thirdparty.io.netty.channel.nio.NioEventLoop.processSelectedKeys(NioEventLoop.java:496)
	at org.apache.ratis.thirdparty.io.netty.channel.nio.NioEventLoop.run(NioEventLoop.java:458)
	at org.apache.ratis.thirdparty.io.netty.util.concurrent.SingleThreadEventExecutor$5.run(SingleThreadEventExecutor.java:897)
	at org.apache.ratis.thirdparty.io.netty.util.concurrent.FastThreadLocalRunnable.run(FastThreadLocalRunnable.java:30)
	... 1 more
Caused by: java.net.ConnectException: Connection refused
	... 11 more
2019-09-19 08:26:33,901 [e50c69ec-4263-4416-9cef-9cb60973670d@group-7A121B0D245D:LeaderElection136] INFO  impl.LeaderElection (LeaderElection.java:askForVotes(182)) - e50c69ec-4263-4416-9cef-9cb60973670d@group-7A121B0D245D:LeaderElection136: begin an election at term 6 for -1: [64a8661b-c2d9-4df7-8ca1-1b29ef624e85:192.168.36.85:38418, 830f5926-e6f3-4fc6-b48b-87b1008588b0:192.168.36.85:44294, e50c69ec-4263-4416-9cef-9cb60973670d:192.168.36.85:44827], old=null
2019-09-19 08:26:33,902 [830f5926-e6f3-4fc6-b48b-87b1008588b0@group-7A121B0D245D:LeaderElection135] INFO  impl.LeaderElection (LeaderElection.java:logAndReturn(56)) - 830f5926-e6f3-4fc6-b48b-87b1008588b0@group-7A121B0D245D:LeaderElection135: Election REJECTED; received 1 response(s) [830f5926-e6f3-4fc6-b48b-87b1008588b0<-e50c69ec-4263-4416-9cef-9cb60973670d#0:FAIL-t6] and 1 exception(s); 830f5926-e6f3-4fc6-b48b-87b1008588b0@group-7A121B0D245D:t6, leader=null, voted=830f5926-e6f3-4fc6-b48b-87b1008588b0, raftlog=830f5926-e6f3-4fc6-b48b-87b1008588b0@group-7A121B0D245D-SegmentedRaftLog:OPENED:c-1,f-1,i0, conf=-1: [64a8661b-c2d9-4df7-8ca1-1b29ef624e85:192.168.36.85:38418, 830f5926-e6f3-4fc6-b48b-87b1008588b0:192.168.36.85:44294, e50c69ec-4263-4416-9cef-9cb60973670d:192.168.36.85:44827], old=null
2019-09-19 08:26:33,902 [830f5926-e6f3-4fc6-b48b-87b1008588b0@group-7A121B0D245D:LeaderElection135] INFO  impl.LeaderElection (LogUtils.java:infoOrTrace(149)) -   Exception 0: {}
java.util.concurrent.ExecutionException: org.apache.ratis.thirdparty.io.grpc.StatusRuntimeException: UNAVAILABLE: io exception
	at java.util.concurrent.FutureTask.report(FutureTask.java:122)
	at java.util.concurrent.FutureTask.get(FutureTask.java:192)
	at org.apache.ratis.server.impl.LeaderElection.waitForResults(LeaderElection.java:263)
	at org.apache.ratis.server.impl.LeaderElection.askForVotes(LeaderElection.java:201)
	at org.apache.ratis.server.impl.LeaderElection.run(LeaderElection.java:133)
	at java.lang.Thread.run(Thread.java:748)
Caused by: org.apache.ratis.thirdparty.io.grpc.StatusRuntimeException: UNAVAILABLE: io exception
	at org.apache.ratis.thirdparty.io.grpc.stub.ClientCalls.toStatusRuntimeException(ClientCalls.java:233)
	at org.apache.ratis.thirdparty.io.grpc.stub.ClientCalls.getUnchecked(ClientCalls.java:214)
	at org.apache.ratis.thirdparty.io.grpc.stub.ClientCalls.blockingUnaryCall(ClientCalls.java:139)
	at org.apache.ratis.proto.grpc.RaftServerProtocolServiceGrpc$RaftServerProtocolServiceBlockingStub.requestVote(RaftServerProtocolServiceGrpc.java:265)
	at org.apache.ratis.grpc.server.GrpcServerProtocolClient.requestVote(GrpcServerProtocolClient.java:90)
	at org.apache.ratis.grpc.server.GrpcService.requestVote(GrpcService.java:204)
	at org.apache.ratis.server.impl.LeaderElection.lambda$submitRequests$1(LeaderElection.java:238)
	at java.util.concurrent.FutureTask.run(FutureTask.java:266)
	at java.util.concurrent.Executors$RunnableAdapter.call(Executors.java:511)
	at java.util.concurrent.FutureTask.run(FutureTask.java:266)
	at java.util.concurrent.ThreadPoolExecutor.runWorker(ThreadPoolExecutor.java:1149)
	at java.util.concurrent.ThreadPoolExecutor$Worker.run(ThreadPoolExecutor.java:624)
	... 1 more
Caused by: org.apache.ratis.thirdparty.io.netty.channel.AbstractChannel$AnnotatedConnectException: Connection refused: /192.168.36.85:38418
	at sun.nio.ch.SocketChannelImpl.checkConnect(Native Method)
	at sun.nio.ch.SocketChannelImpl.finishConnect(SocketChannelImpl.java:717)
	at org.apache.ratis.thirdparty.io.netty.channel.socket.nio.NioSocketChannel.doFinishConnect(NioSocketChannel.java:327)
	at org.apache.ratis.thirdparty.io.netty.channel.nio.AbstractNioChannel$AbstractNioUnsafe.finishConnect(AbstractNioChannel.java:340)
	at org.apache.ratis.thirdparty.io.netty.channel.nio.NioEventLoop.processSelectedKey(NioEventLoop.java:632)
	at org.apache.ratis.thirdparty.io.netty.channel.nio.NioEventLoop.processSelectedKeysOptimized(NioEventLoop.java:579)
	at org.apache.ratis.thirdparty.io.netty.channel.nio.NioEventLoop.processSelectedKeys(NioEventLoop.java:496)
	at org.apache.ratis.thirdparty.io.netty.channel.nio.NioEventLoop.run(NioEventLoop.java:458)
	at org.apache.ratis.thirdparty.io.netty.util.concurrent.SingleThreadEventExecutor$5.run(SingleThreadEventExecutor.java:897)
	at org.apache.ratis.thirdparty.io.netty.util.concurrent.FastThreadLocalRunnable.run(FastThreadLocalRunnable.java:30)
	... 1 more
Caused by: java.net.ConnectException: Connection refused
	... 11 more
2019-09-19 08:26:33,902 [830f5926-e6f3-4fc6-b48b-87b1008588b0@group-7A121B0D245D:LeaderElection135] INFO  impl.RaftServerImpl (RaftServerImpl.java:setRole(174)) - 830f5926-e6f3-4fc6-b48b-87b1008588b0@group-7A121B0D245D: changes role from CANDIDATE to FOLLOWER at term 6 for DISCOVERED_A_NEW_TERM
2019-09-19 08:26:33,902 [830f5926-e6f3-4fc6-b48b-87b1008588b0@group-7A121B0D245D:LeaderElection135] INFO  impl.RoleInfo (RoleInfo.java:shutdownLeaderElection(134)) - 830f5926-e6f3-4fc6-b48b-87b1008588b0: shutdown LeaderElection
2019-09-19 08:26:33,902 [830f5926-e6f3-4fc6-b48b-87b1008588b0@group-7A121B0D245D:LeaderElection135] INFO  impl.RoleInfo (RoleInfo.java:updateAndGet(143)) - 830f5926-e6f3-4fc6-b48b-87b1008588b0: start FollowerState
2019-09-19 08:26:33,903 [e50c69ec-4263-4416-9cef-9cb60973670d@group-7A121B0D245D:LeaderElection136] INFO  impl.LeaderElection (LogUtils.java:infoOrTrace(149)) - e50c69ec-4263-4416-9cef-9cb60973670d@group-7A121B0D245D:LeaderElection136 got exception when requesting votes: {}
java.util.concurrent.ExecutionException: org.apache.ratis.thirdparty.io.grpc.StatusRuntimeException: UNAVAILABLE: io exception
	at java.util.concurrent.FutureTask.report(FutureTask.java:122)
	at java.util.concurrent.FutureTask.get(FutureTask.java:192)
	at org.apache.ratis.server.impl.LeaderElection.waitForResults(LeaderElection.java:263)
	at org.apache.ratis.server.impl.LeaderElection.askForVotes(LeaderElection.java:201)
	at org.apache.ratis.server.impl.LeaderElection.run(LeaderElection.java:133)
	at java.lang.Thread.run(Thread.java:748)
Caused by: org.apache.ratis.thirdparty.io.grpc.StatusRuntimeException: UNAVAILABLE: io exception
	at org.apache.ratis.thirdparty.io.grpc.stub.ClientCalls.toStatusRuntimeException(ClientCalls.java:233)
	at org.apache.ratis.thirdparty.io.grpc.stub.ClientCalls.getUnchecked(ClientCalls.java:214)
	at org.apache.ratis.thirdparty.io.grpc.stub.ClientCalls.blockingUnaryCall(ClientCalls.java:139)
	at org.apache.ratis.proto.grpc.RaftServerProtocolServiceGrpc$RaftServerProtocolServiceBlockingStub.requestVote(RaftServerProtocolServiceGrpc.java:265)
	at org.apache.ratis.grpc.server.GrpcServerProtocolClient.requestVote(GrpcServerProtocolClient.java:90)
	at org.apache.ratis.grpc.server.GrpcService.requestVote(GrpcService.java:204)
	at org.apache.ratis.server.impl.LeaderElection.lambda$submitRequests$1(LeaderElection.java:238)
	at java.util.concurrent.FutureTask.run(FutureTask.java:266)
	at java.util.concurrent.Executors$RunnableAdapter.call(Executors.java:511)
	at java.util.concurrent.FutureTask.run(FutureTask.java:266)
	at java.util.concurrent.ThreadPoolExecutor.runWorker(ThreadPoolExecutor.java:1149)
	at java.util.concurrent.ThreadPoolExecutor$Worker.run(ThreadPoolExecutor.java:624)
	... 1 more
Caused by: org.apache.ratis.thirdparty.io.netty.channel.AbstractChannel$AnnotatedConnectException: Connection refused: /192.168.36.85:38418
	at sun.nio.ch.SocketChannelImpl.checkConnect(Native Method)
	at sun.nio.ch.SocketChannelImpl.finishConnect(SocketChannelImpl.java:717)
	at org.apache.ratis.thirdparty.io.netty.channel.socket.nio.NioSocketChannel.doFinishConnect(NioSocketChannel.java:327)
	at org.apache.ratis.thirdparty.io.netty.channel.nio.AbstractNioChannel$AbstractNioUnsafe.finishConnect(AbstractNioChannel.java:340)
	at org.apache.ratis.thirdparty.io.netty.channel.nio.NioEventLoop.processSelectedKey(NioEventLoop.java:632)
	at org.apache.ratis.thirdparty.io.netty.channel.nio.NioEventLoop.processSelectedKeysOptimized(NioEventLoop.java:579)
	at org.apache.ratis.thirdparty.io.netty.channel.nio.NioEventLoop.processSelectedKeys(NioEventLoop.java:496)
	at org.apache.ratis.thirdparty.io.netty.channel.nio.NioEventLoop.run(NioEventLoop.java:458)
	at org.apache.ratis.thirdparty.io.netty.util.concurrent.SingleThreadEventExecutor$5.run(SingleThreadEventExecutor.java:897)
	at org.apache.ratis.thirdparty.io.netty.util.concurrent.FastThreadLocalRunnable.run(FastThreadLocalRunnable.java:30)
	... 1 more
Caused by: java.net.ConnectException: Connection refused
	... 11 more
2019-09-19 08:26:33,903 [e50c69ec-4263-4416-9cef-9cb60973670d@group-7A121B0D245D:LeaderElection136] INFO  impl.LeaderElection (LeaderElection.java:logAndReturn(56)) - e50c69ec-4263-4416-9cef-9cb60973670d@group-7A121B0D245D:LeaderElection136: Election REJECTED; received 1 response(s) [e50c69ec-4263-4416-9cef-9cb60973670d<-830f5926-e6f3-4fc6-b48b-87b1008588b0#0:FAIL-t6] and 1 exception(s); e50c69ec-4263-4416-9cef-9cb60973670d@group-7A121B0D245D:t6, leader=null, voted=e50c69ec-4263-4416-9cef-9cb60973670d, raftlog=e50c69ec-4263-4416-9cef-9cb60973670d@group-7A121B0D245D-SegmentedRaftLog:OPENED:c-1,f-1,i0, conf=-1: [64a8661b-c2d9-4df7-8ca1-1b29ef624e85:192.168.36.85:38418, 830f5926-e6f3-4fc6-b48b-87b1008588b0:192.168.36.85:44294, e50c69ec-4263-4416-9cef-9cb60973670d:192.168.36.85:44827], old=null
2019-09-19 08:26:33,903 [e50c69ec-4263-4416-9cef-9cb60973670d@group-7A121B0D245D:LeaderElection136] INFO  impl.LeaderElection (LogUtils.java:infoOrTrace(149)) -   Exception 0: {}
java.util.concurrent.ExecutionException: org.apache.ratis.thirdparty.io.grpc.StatusRuntimeException: UNAVAILABLE: io exception
	at java.util.concurrent.FutureTask.report(FutureTask.java:122)
	at java.util.concurrent.FutureTask.get(FutureTask.java:192)
	at org.apache.ratis.server.impl.LeaderElection.waitForResults(LeaderElection.java:263)
	at org.apache.ratis.server.impl.LeaderElection.askForVotes(LeaderElection.java:201)
	at org.apache.ratis.server.impl.LeaderElection.run(LeaderElection.java:133)
	at java.lang.Thread.run(Thread.java:748)
Caused by: org.apache.ratis.thirdparty.io.grpc.StatusRuntimeException: UNAVAILABLE: io exception
	at org.apache.ratis.thirdparty.io.grpc.stub.ClientCalls.toStatusRuntimeException(ClientCalls.java:233)
	at org.apache.ratis.thirdparty.io.grpc.stub.ClientCalls.getUnchecked(ClientCalls.java:214)
	at org.apache.ratis.thirdparty.io.grpc.stub.ClientCalls.blockingUnaryCall(ClientCalls.java:139)
	at org.apache.ratis.proto.grpc.RaftServerProtocolServiceGrpc$RaftServerProtocolServiceBlockingStub.requestVote(RaftServerProtocolServiceGrpc.java:265)
	at org.apache.ratis.grpc.server.GrpcServerProtocolClient.requestVote(GrpcServerProtocolClient.java:90)
	at org.apache.ratis.grpc.server.GrpcService.requestVote(GrpcService.java:204)
	at org.apache.ratis.server.impl.LeaderElection.lambda$submitRequests$1(LeaderElection.java:238)
	at java.util.concurrent.FutureTask.run(FutureTask.java:266)
	at java.util.concurrent.Executors$RunnableAdapter.call(Executors.java:511)
	at java.util.concurrent.FutureTask.run(FutureTask.java:266)
	at java.util.concurrent.ThreadPoolExecutor.runWorker(ThreadPoolExecutor.java:1149)
	at java.util.concurrent.ThreadPoolExecutor$Worker.run(ThreadPoolExecutor.java:624)
	... 1 more
Caused by: org.apache.ratis.thirdparty.io.netty.channel.AbstractChannel$AnnotatedConnectException: Connection refused: /192.168.36.85:38418
	at sun.nio.ch.SocketChannelImpl.checkConnect(Native Method)
	at sun.nio.ch.SocketChannelImpl.finishConnect(SocketChannelImpl.java:717)
	at org.apache.ratis.thirdparty.io.netty.channel.socket.nio.NioSocketChannel.doFinishConnect(NioSocketChannel.java:327)
	at org.apache.ratis.thirdparty.io.netty.channel.nio.AbstractNioChannel$AbstractNioUnsafe.finishConnect(AbstractNioChannel.java:340)
	at org.apache.ratis.thirdparty.io.netty.channel.nio.NioEventLoop.processSelectedKey(NioEventLoop.java:632)
	at org.apache.ratis.thirdparty.io.netty.channel.nio.NioEventLoop.processSelectedKeysOptimized(NioEventLoop.java:579)
	at org.apache.ratis.thirdparty.io.netty.channel.nio.NioEventLoop.processSelectedKeys(NioEventLoop.java:496)
	at org.apache.ratis.thirdparty.io.netty.channel.nio.NioEventLoop.run(NioEventLoop.java:458)
	at org.apache.ratis.thirdparty.io.netty.util.concurrent.SingleThreadEventExecutor$5.run(SingleThreadEventExecutor.java:897)
	at org.apache.ratis.thirdparty.io.netty.util.concurrent.FastThreadLocalRunnable.run(FastThreadLocalRunnable.java:30)
	... 1 more
Caused by: java.net.ConnectException: Connection refused
	... 11 more
2019-09-19 08:26:33,903 [e50c69ec-4263-4416-9cef-9cb60973670d@group-7A121B0D245D:LeaderElection136] INFO  impl.RaftServerImpl (RaftServerImpl.java:setRole(174)) - e50c69ec-4263-4416-9cef-9cb60973670d@group-7A121B0D245D: changes role from CANDIDATE to FOLLOWER at term 6 for DISCOVERED_A_NEW_TERM
2019-09-19 08:26:33,904 [e50c69ec-4263-4416-9cef-9cb60973670d@group-7A121B0D245D:LeaderElection136] INFO  impl.RoleInfo (RoleInfo.java:shutdownLeaderElection(134)) - e50c69ec-4263-4416-9cef-9cb60973670d: shutdown LeaderElection
2019-09-19 08:26:33,904 [e50c69ec-4263-4416-9cef-9cb60973670d@group-7A121B0D245D:LeaderElection136] INFO  impl.RoleInfo (RoleInfo.java:updateAndGet(143)) - e50c69ec-4263-4416-9cef-9cb60973670d: start FollowerState
2019-09-19 08:26:34,061 [grpc-default-executor-14] WARN  server.GrpcLogAppender (LogUtils.java:warn(134)) - e50c69ec-4263-4416-9cef-9cb60973670d@group-6FD53671956A->64a8661b-c2d9-4df7-8ca1-1b29ef624e85-AppendLogResponseHandler: Failed appendEntries: org.apache.ratis.thirdparty.io.grpc.StatusRuntimeException: UNAVAILABLE: io exception
2019-09-19 08:26:34,062 [grpc-default-executor-14] INFO  impl.FollowerInfo (FollowerInfo.java:lambda$new$0(51)) - e50c69ec-4263-4416-9cef-9cb60973670d@group-6FD53671956A->64a8661b-c2d9-4df7-8ca1-1b29ef624e85: nextIndex: updateUnconditionally 0 -> 0
2019-09-19 08:26:34,236 [grpc-default-executor-14] WARN  server.GrpcLogAppender (LogUtils.java:warn(134)) - 830f5926-e6f3-4fc6-b48b-87b1008588b0@group-0B9F0340E072->64a8661b-c2d9-4df7-8ca1-1b29ef624e85-AppendLogResponseHandler: Failed appendEntries: org.apache.ratis.thirdparty.io.grpc.StatusRuntimeException: UNAVAILABLE: io exception
2019-09-19 08:26:34,236 [grpc-default-executor-14] INFO  impl.FollowerInfo (FollowerInfo.java:lambda$new$0(51)) - 830f5926-e6f3-4fc6-b48b-87b1008588b0@group-0B9F0340E072->64a8661b-c2d9-4df7-8ca1-1b29ef624e85: nextIndex: updateUnconditionally 0 -> 0
2019-09-19 08:26:34,255 [ForkJoinPool.commonPool-worker-0] INFO  ozoneimpl.OzoneContainer (OzoneContainer.java:stop(231)) - Attempting to stop container services.
2019-09-19 08:26:34,255 [ForkJoinPool.commonPool-worker-0] INFO  impl.RaftServerProxy (RaftServerProxy.java:lambda$close$4(314)) - 59102106-84a0-4b08-8ab4-ebaea530287f: close
2019-09-19 08:26:34,258 [ForkJoinPool.commonPool-worker-0] INFO  server.GrpcService (GrpcService.java:closeImpl(164)) - 59102106-84a0-4b08-8ab4-ebaea530287f: shutdown server with port 34114 now
2019-09-19 08:26:34,258 [ForkJoinPool.commonPool-worker-0] INFO  server.GrpcService (GrpcService.java:closeImpl(172)) - 59102106-84a0-4b08-8ab4-ebaea530287f: shutdown server with port 34114 successfully
2019-09-19 08:26:34,261 [refreshUsed-/workdir/hadoop-ozone/integration-test/target/test-dir/MiniOzoneClusterImpl-6146c60c-cb8d-4aa2-a902-cb133a81267e/datanode-3/data/containers] WARN  fs.CachingGetSpaceUsed (CachingGetSpaceUsed.java:run(183)) - Thread Interrupted waiting to refresh disk information: sleep interrupted
2019-09-19 08:26:34,276 [ForkJoinPool.commonPool-worker-0] INFO  utils.BackgroundService (BackgroundService.java:shutdown(148)) - Shutting down service BlockDeletingService
2019-09-19 08:26:34,284 [ForkJoinPool.commonPool-worker-0] INFO  statemachine.DatanodeStateMachine (DatanodeStateMachine.java:stopDaemon(395)) - Ozone container server stopped.
2019-09-19 08:26:34,292 [ForkJoinPool.commonPool-worker-0] INFO  handler.ContextHandler (ContextHandler.java:doStop(910)) - Stopped o.e.j.w.WebAppContext@79a13920{/,null,UNAVAILABLE}{/hddsDatanode}
2019-09-19 08:26:34,293 [ForkJoinPool.commonPool-worker-0] INFO  server.AbstractConnector (AbstractConnector.java:doStop(318)) - Stopped ServerConnector@182e7eda{HTTP/1.1,[http/1.1]}{0.0.0.0:0}
2019-09-19 08:26:34,295 [ForkJoinPool.commonPool-worker-0] INFO  handler.ContextHandler (ContextHandler.java:doStop(910)) - Stopped o.e.j.s.ServletContextHandler@40c06358{/static,jar:file:/home/user/.m2/repository/org/apache/hadoop/hadoop-hdds-container-service/0.5.0-SNAPSHOT/hadoop-hdds-container-service-0.5.0-SNAPSHOT.jar!/webapps/static,UNAVAILABLE}
2019-09-19 08:26:34,297 [ForkJoinPool.commonPool-worker-0] INFO  handler.ContextHandler (ContextHandler.java:doStop(910)) - Stopped o.e.j.s.ServletContextHandler@bb25753{/logs,file:///workdir/hadoop-ozone/integration-test/target/log,UNAVAILABLE}
2019-09-19 08:26:34,564 [grpc-default-executor-9] WARN  server.GrpcLogAppender (LogUtils.java:warn(134)) - e50c69ec-4263-4416-9cef-9cb60973670d@group-6FD53671956A->64a8661b-c2d9-4df7-8ca1-1b29ef624e85-AppendLogResponseHandler: Failed appendEntries: org.apache.ratis.thirdparty.io.grpc.StatusRuntimeException: UNAVAILABLE: io exception
2019-09-19 08:26:34,564 [grpc-default-executor-9] INFO  impl.FollowerInfo (FollowerInfo.java:lambda$new$0(51)) - e50c69ec-4263-4416-9cef-9cb60973670d@group-6FD53671956A->64a8661b-c2d9-4df7-8ca1-1b29ef624e85: nextIndex: updateUnconditionally 0 -> 0
2019-09-19 08:26:34,739 [grpc-default-executor-9] WARN  server.GrpcLogAppender (LogUtils.java:warn(134)) - 830f5926-e6f3-4fc6-b48b-87b1008588b0@group-0B9F0340E072->64a8661b-c2d9-4df7-8ca1-1b29ef624e85-AppendLogResponseHandler: Failed appendEntries: org.apache.ratis.thirdparty.io.grpc.StatusRuntimeException: UNAVAILABLE: io exception
2019-09-19 08:26:34,739 [grpc-default-executor-9] INFO  impl.FollowerInfo (FollowerInfo.java:lambda$new$0(51)) - 830f5926-e6f3-4fc6-b48b-87b1008588b0@group-0B9F0340E072->64a8661b-c2d9-4df7-8ca1-1b29ef624e85: nextIndex: updateUnconditionally 0 -> 0
2019-09-19 08:26:34,930 [Thread-2102] INFO  impl.FollowerState (FollowerState.java:run(106)) - 830f5926-e6f3-4fc6-b48b-87b1008588b0:group-7A121B0D245D changes to CANDIDATE, lastRpcTime:1027, electionTimeout:1027ms
2019-09-19 08:26:34,930 [Thread-2102] INFO  impl.RoleInfo (RoleInfo.java:shutdownFollowerState(121)) - 830f5926-e6f3-4fc6-b48b-87b1008588b0: shutdown FollowerState
2019-09-19 08:26:34,930 [Thread-2102] INFO  impl.RaftServerImpl (RaftServerImpl.java:setRole(174)) - 830f5926-e6f3-4fc6-b48b-87b1008588b0@group-7A121B0D245D: changes role from  FOLLOWER to CANDIDATE at term 6 for changeToCandidate
2019-09-19 08:26:34,930 [Thread-2102] INFO  impl.RoleInfo (RoleInfo.java:updateAndGet(143)) - 830f5926-e6f3-4fc6-b48b-87b1008588b0: start LeaderElection
2019-09-19 08:26:34,946 [830f5926-e6f3-4fc6-b48b-87b1008588b0@group-7A121B0D245D:LeaderElection137] INFO  impl.LeaderElection (LeaderElection.java:askForVotes(182)) - 830f5926-e6f3-4fc6-b48b-87b1008588b0@group-7A121B0D245D:LeaderElection137: begin an election at term 7 for -1: [64a8661b-c2d9-4df7-8ca1-1b29ef624e85:192.168.36.85:38418, 830f5926-e6f3-4fc6-b48b-87b1008588b0:192.168.36.85:44294, e50c69ec-4263-4416-9cef-9cb60973670d:192.168.36.85:44827], old=null
2019-09-19 08:26:34,950 [grpc-default-executor-9] INFO  impl.RaftServerImpl (RaftServerImpl.java:setRole(174)) - e50c69ec-4263-4416-9cef-9cb60973670d@group-7A121B0D245D: changes role from  FOLLOWER to FOLLOWER at term 7 for recognizeCandidate:830f5926-e6f3-4fc6-b48b-87b1008588b0
2019-09-19 08:26:34,950 [830f5926-e6f3-4fc6-b48b-87b1008588b0@group-7A121B0D245D:LeaderElection137] INFO  impl.LeaderElection (LogUtils.java:infoOrTrace(149)) - 830f5926-e6f3-4fc6-b48b-87b1008588b0@group-7A121B0D245D:LeaderElection137 got exception when requesting votes: {}
java.util.concurrent.ExecutionException: org.apache.ratis.thirdparty.io.grpc.StatusRuntimeException: UNAVAILABLE: io exception
	at java.util.concurrent.FutureTask.report(FutureTask.java:122)
	at java.util.concurrent.FutureTask.get(FutureTask.java:192)
	at org.apache.ratis.server.impl.LeaderElection.waitForResults(LeaderElection.java:263)
	at org.apache.ratis.server.impl.LeaderElection.askForVotes(LeaderElection.java:201)
	at org.apache.ratis.server.impl.LeaderElection.run(LeaderElection.java:133)
	at java.lang.Thread.run(Thread.java:748)
Caused by: org.apache.ratis.thirdparty.io.grpc.StatusRuntimeException: UNAVAILABLE: io exception
	at org.apache.ratis.thirdparty.io.grpc.stub.ClientCalls.toStatusRuntimeException(ClientCalls.java:233)
	at org.apache.ratis.thirdparty.io.grpc.stub.ClientCalls.getUnchecked(ClientCalls.java:214)
	at org.apache.ratis.thirdparty.io.grpc.stub.ClientCalls.blockingUnaryCall(ClientCalls.java:139)
	at org.apache.ratis.proto.grpc.RaftServerProtocolServiceGrpc$RaftServerProtocolServiceBlockingStub.requestVote(RaftServerProtocolServiceGrpc.java:265)
	at org.apache.ratis.grpc.server.GrpcServerProtocolClient.requestVote(GrpcServerProtocolClient.java:90)
	at org.apache.ratis.grpc.server.GrpcService.requestVote(GrpcService.java:204)
	at org.apache.ratis.server.impl.LeaderElection.lambda$submitRequests$1(LeaderElection.java:238)
	at java.util.concurrent.FutureTask.run(FutureTask.java:266)
	at java.util.concurrent.Executors$RunnableAdapter.call(Executors.java:511)
	at java.util.concurrent.FutureTask.run(FutureTask.java:266)
	at java.util.concurrent.ThreadPoolExecutor.runWorker(ThreadPoolExecutor.java:1149)
	at java.util.concurrent.ThreadPoolExecutor$Worker.run(ThreadPoolExecutor.java:624)
	... 1 more
Caused by: org.apache.ratis.thirdparty.io.netty.channel.AbstractChannel$AnnotatedConnectException: Connection refused: /192.168.36.85:38418
	at sun.nio.ch.SocketChannelImpl.checkConnect(Native Method)
	at sun.nio.ch.SocketChannelImpl.finishConnect(SocketChannelImpl.java:717)
	at org.apache.ratis.thirdparty.io.netty.channel.socket.nio.NioSocketChannel.doFinishConnect(NioSocketChannel.java:327)
	at org.apache.ratis.thirdparty.io.netty.channel.nio.AbstractNioChannel$AbstractNioUnsafe.finishConnect(AbstractNioChannel.java:340)
	at org.apache.ratis.thirdparty.io.netty.channel.nio.NioEventLoop.processSelectedKey(NioEventLoop.java:632)
	at org.apache.ratis.thirdparty.io.netty.channel.nio.NioEventLoop.processSelectedKeysOptimized(NioEventLoop.java:579)
	at org.apache.ratis.thirdparty.io.netty.channel.nio.NioEventLoop.processSelectedKeys(NioEventLoop.java:496)
	at org.apache.ratis.thirdparty.io.netty.channel.nio.NioEventLoop.run(NioEventLoop.java:458)
	at org.apache.ratis.thirdparty.io.netty.util.concurrent.SingleThreadEventExecutor$5.run(SingleThreadEventExecutor.java:897)
	at org.apache.ratis.thirdparty.io.netty.util.concurrent.FastThreadLocalRunnable.run(FastThreadLocalRunnable.java:30)
	... 1 more
Caused by: java.net.ConnectException: Connection refused
	... 11 more
2019-09-19 08:26:34,950 [grpc-default-executor-9] INFO  impl.RoleInfo (RoleInfo.java:shutdownFollowerState(121)) - e50c69ec-4263-4416-9cef-9cb60973670d: shutdown FollowerState
2019-09-19 08:26:34,951 [grpc-default-executor-9] INFO  impl.RoleInfo (RoleInfo.java:updateAndGet(143)) - e50c69ec-4263-4416-9cef-9cb60973670d: start FollowerState
2019-09-19 08:26:34,951 [Thread-2103] INFO  impl.FollowerState (FollowerState.java:run(115)) - e50c69ec-4263-4416-9cef-9cb60973670d: FollowerState was interrupted: java.lang.InterruptedException: sleep interrupted
2019-09-19 08:26:34,965 [830f5926-e6f3-4fc6-b48b-87b1008588b0@group-7A121B0D245D:LeaderElection137] INFO  impl.LeaderElection (LeaderElection.java:logAndReturn(56)) - 830f5926-e6f3-4fc6-b48b-87b1008588b0@group-7A121B0D245D:LeaderElection137: Election PASSED; received 1 response(s) [830f5926-e6f3-4fc6-b48b-87b1008588b0<-e50c69ec-4263-4416-9cef-9cb60973670d#0:OK-t7] and 1 exception(s); 830f5926-e6f3-4fc6-b48b-87b1008588b0@group-7A121B0D245D:t7, leader=null, voted=830f5926-e6f3-4fc6-b48b-87b1008588b0, raftlog=830f5926-e6f3-4fc6-b48b-87b1008588b0@group-7A121B0D245D-SegmentedRaftLog:OPENED:c-1,f-1,i0, conf=-1: [64a8661b-c2d9-4df7-8ca1-1b29ef624e85:192.168.36.85:38418, 830f5926-e6f3-4fc6-b48b-87b1008588b0:192.168.36.85:44294, e50c69ec-4263-4416-9cef-9cb60973670d:192.168.36.85:44827], old=null
2019-09-19 08:26:34,965 [830f5926-e6f3-4fc6-b48b-87b1008588b0@group-7A121B0D245D:LeaderElection137] INFO  impl.LeaderElection (LogUtils.java:infoOrTrace(149)) -   Exception 0: {}
java.util.concurrent.ExecutionException: org.apache.ratis.thirdparty.io.grpc.StatusRuntimeException: UNAVAILABLE: io exception
	at java.util.concurrent.FutureTask.report(FutureTask.java:122)
	at java.util.concurrent.FutureTask.get(FutureTask.java:192)
	at org.apache.ratis.server.impl.LeaderElection.waitForResults(LeaderElection.java:263)
	at org.apache.ratis.server.impl.LeaderElection.askForVotes(LeaderElection.java:201)
	at org.apache.ratis.server.impl.LeaderElection.run(LeaderElection.java:133)
	at java.lang.Thread.run(Thread.java:748)
Caused by: org.apache.ratis.thirdparty.io.grpc.StatusRuntimeException: UNAVAILABLE: io exception
	at org.apache.ratis.thirdparty.io.grpc.stub.ClientCalls.toStatusRuntimeException(ClientCalls.java:233)
	at org.apache.ratis.thirdparty.io.grpc.stub.ClientCalls.getUnchecked(ClientCalls.java:214)
	at org.apache.ratis.thirdparty.io.grpc.stub.ClientCalls.blockingUnaryCall(ClientCalls.java:139)
	at org.apache.ratis.proto.grpc.RaftServerProtocolServiceGrpc$RaftServerProtocolServiceBlockingStub.requestVote(RaftServerProtocolServiceGrpc.java:265)
	at org.apache.ratis.grpc.server.GrpcServerProtocolClient.requestVote(GrpcServerProtocolClient.java:90)
	at org.apache.ratis.grpc.server.GrpcService.requestVote(GrpcService.java:204)
	at org.apache.ratis.server.impl.LeaderElection.lambda$submitRequests$1(LeaderElection.java:238)
	at java.util.concurrent.FutureTask.run(FutureTask.java:266)
	at java.util.concurrent.Executors$RunnableAdapter.call(Executors.java:511)
	at java.util.concurrent.FutureTask.run(FutureTask.java:266)
	at java.util.concurrent.ThreadPoolExecutor.runWorker(ThreadPoolExecutor.java:1149)
	at java.util.concurrent.ThreadPoolExecutor$Worker.run(ThreadPoolExecutor.java:624)
	... 1 more
Caused by: org.apache.ratis.thirdparty.io.netty.channel.AbstractChannel$AnnotatedConnectException: Connection refused: /192.168.36.85:38418
	at sun.nio.ch.SocketChannelImpl.checkConnect(Native Method)
	at sun.nio.ch.SocketChannelImpl.finishConnect(SocketChannelImpl.java:717)
	at org.apache.ratis.thirdparty.io.netty.channel.socket.nio.NioSocketChannel.doFinishConnect(NioSocketChannel.java:327)
	at org.apache.ratis.thirdparty.io.netty.channel.nio.AbstractNioChannel$AbstractNioUnsafe.finishConnect(AbstractNioChannel.java:340)
	at org.apache.ratis.thirdparty.io.netty.channel.nio.NioEventLoop.processSelectedKey(NioEventLoop.java:632)
	at org.apache.ratis.thirdparty.io.netty.channel.nio.NioEventLoop.processSelectedKeysOptimized(NioEventLoop.java:579)
	at org.apache.ratis.thirdparty.io.netty.channel.nio.NioEventLoop.processSelectedKeys(NioEventLoop.java:496)
	at org.apache.ratis.thirdparty.io.netty.channel.nio.NioEventLoop.run(NioEventLoop.java:458)
	at org.apache.ratis.thirdparty.io.netty.util.concurrent.SingleThreadEventExecutor$5.run(SingleThreadEventExecutor.java:897)
	at org.apache.ratis.thirdparty.io.netty.util.concurrent.FastThreadLocalRunnable.run(FastThreadLocalRunnable.java:30)
	... 1 more
Caused by: java.net.ConnectException: Connection refused
	... 11 more
2019-09-19 08:26:34,966 [830f5926-e6f3-4fc6-b48b-87b1008588b0@group-7A121B0D245D:LeaderElection137] INFO  impl.RoleInfo (RoleInfo.java:shutdownLeaderElection(134)) - 830f5926-e6f3-4fc6-b48b-87b1008588b0: shutdown LeaderElection
2019-09-19 08:26:34,966 [830f5926-e6f3-4fc6-b48b-87b1008588b0@group-7A121B0D245D:LeaderElection137] INFO  impl.RaftServerImpl (RaftServerImpl.java:setRole(174)) - 830f5926-e6f3-4fc6-b48b-87b1008588b0@group-7A121B0D245D: changes role from CANDIDATE to LEADER at term 7 for changeToLeader
2019-09-19 08:26:34,966 [830f5926-e6f3-4fc6-b48b-87b1008588b0@group-7A121B0D245D:LeaderElection137] INFO  impl.RaftServerImpl (ServerState.java:setLeader(253)) - 830f5926-e6f3-4fc6-b48b-87b1008588b0@group-7A121B0D245D: change Leader from null to 830f5926-e6f3-4fc6-b48b-87b1008588b0 at term 7 for becomeLeader, leader elected after 22670ms
2019-09-19 08:26:34,966 [830f5926-e6f3-4fc6-b48b-87b1008588b0@group-7A121B0D245D:LeaderElection137] INFO  server.RaftServerConfigKeys (ConfUtils.java:logGet(43)) - raft.server.staging.catchup.gap = 1000 (default)
2019-09-19 08:26:34,966 [830f5926-e6f3-4fc6-b48b-87b1008588b0@group-7A121B0D245D:LeaderElection137] INFO  server.RaftServerConfigKeys (ConfUtils.java:logGet(43)) - raft.server.rpc.sleep.time = 25ms (default)
2019-09-19 08:26:34,966 [830f5926-e6f3-4fc6-b48b-87b1008588b0@group-7A121B0D245D:LeaderElection137] INFO  server.RaftServerConfigKeys (ConfUtils.java:logGet(43)) - raft.server.write.element-limit = 4096 (default)
2019-09-19 08:26:34,966 [830f5926-e6f3-4fc6-b48b-87b1008588b0@group-7A121B0D245D:LeaderElection137] INFO  server.RaftServerConfigKeys (ConfUtils.java:logGet(43)) - raft.server.watch.timeout = 10s (default)
2019-09-19 08:26:34,967 [830f5926-e6f3-4fc6-b48b-87b1008588b0@group-7A121B0D245D:LeaderElection137] INFO  server.RaftServerConfigKeys (ConfUtils.java:logGet(43)) - raft.server.watch.timeout.denomination = 1s (default)
2019-09-19 08:26:34,967 [830f5926-e6f3-4fc6-b48b-87b1008588b0@group-7A121B0D245D:LeaderElection137] INFO  server.RaftServerConfigKeys (ConfUtils.java:logGet(43)) - raft.server.watch.element-limit = 65536 (default)
2019-09-19 08:26:34,968 [830f5926-e6f3-4fc6-b48b-87b1008588b0@group-7A121B0D245D:LeaderElection137] INFO  server.RaftServerConfigKeys (ConfUtils.java:logGet(43)) - raft.server.log.appender.snapshot.chunk.size.max = 16MB (=16777216) (default)
2019-09-19 08:26:34,969 [830f5926-e6f3-4fc6-b48b-87b1008588b0@group-7A121B0D245D:LeaderElection137] INFO  server.RaftServerConfigKeys (ConfUtils.java:logGet(43)) - raft.server.log.appender.buffer.byte-limit = 33554432 (custom)
2019-09-19 08:26:34,969 [830f5926-e6f3-4fc6-b48b-87b1008588b0@group-7A121B0D245D:LeaderElection137] INFO  server.RaftServerConfigKeys (ConfUtils.java:logGet(43)) - raft.server.log.appender.buffer.element-limit = 1 (custom)
2019-09-19 08:26:34,969 [830f5926-e6f3-4fc6-b48b-87b1008588b0@group-7A121B0D245D:LeaderElection137] INFO  grpc.GrpcConfigKeys$Server (ConfUtils.java:logGet(43)) - raft.grpc.server.leader.outstanding.appends.max = 128 (default)
2019-09-19 08:26:34,969 [830f5926-e6f3-4fc6-b48b-87b1008588b0@group-7A121B0D245D:LeaderElection137] INFO  server.RaftServerConfigKeys (ConfUtils.java:logGet(43)) - raft.server.rpc.request.timeout = 3000ms (default)
2019-09-19 08:26:34,969 [830f5926-e6f3-4fc6-b48b-87b1008588b0@group-7A121B0D245D:LeaderElection137] INFO  server.RaftServerConfigKeys (ConfUtils.java:logGet(43)) - raft.server.log.appender.install.snapshot.enabled = false (custom)
2019-09-19 08:26:34,969 [830f5926-e6f3-4fc6-b48b-87b1008588b0@group-7A121B0D245D:LeaderElection137] INFO  server.RaftServerConfigKeys (ConfUtils.java:logGet(43)) - raft.server.log.appender.snapshot.chunk.size.max = 16MB (=16777216) (default)
2019-09-19 08:26:34,969 [830f5926-e6f3-4fc6-b48b-87b1008588b0@group-7A121B0D245D:LeaderElection137] INFO  server.RaftServerConfigKeys (ConfUtils.java:logGet(43)) - raft.server.log.appender.buffer.byte-limit = 33554432 (custom)
2019-09-19 08:26:34,970 [830f5926-e6f3-4fc6-b48b-87b1008588b0@group-7A121B0D245D:LeaderElection137] INFO  server.RaftServerConfigKeys (ConfUtils.java:logGet(43)) - raft.server.log.appender.buffer.element-limit = 1 (custom)
2019-09-19 08:26:34,970 [830f5926-e6f3-4fc6-b48b-87b1008588b0@group-7A121B0D245D:LeaderElection137] INFO  grpc.GrpcConfigKeys$Server (ConfUtils.java:logGet(43)) - raft.grpc.server.leader.outstanding.appends.max = 128 (default)
2019-09-19 08:26:34,970 [830f5926-e6f3-4fc6-b48b-87b1008588b0@group-7A121B0D245D:LeaderElection137] INFO  server.RaftServerConfigKeys (ConfUtils.java:logGet(43)) - raft.server.rpc.request.timeout = 3000ms (default)
2019-09-19 08:26:34,970 [830f5926-e6f3-4fc6-b48b-87b1008588b0@group-7A121B0D245D:LeaderElection137] INFO  server.RaftServerConfigKeys (ConfUtils.java:logGet(43)) - raft.server.log.appender.install.snapshot.enabled = false (custom)
2019-09-19 08:26:34,970 [830f5926-e6f3-4fc6-b48b-87b1008588b0@group-7A121B0D245D:LeaderElection137] INFO  impl.RoleInfo (RoleInfo.java:updateAndGet(143)) - 830f5926-e6f3-4fc6-b48b-87b1008588b0: start LeaderState
2019-09-19 08:26:34,971 [830f5926-e6f3-4fc6-b48b-87b1008588b0@group-7A121B0D245D:LeaderElection137] INFO  segmented.SegmentedRaftLogWorker (SegmentedRaftLogWorker.java:startLogSegment(380)) - 830f5926-e6f3-4fc6-b48b-87b1008588b0@group-7A121B0D245D-SegmentedRaftLogWorker: Starting segment from index:0
2019-09-19 08:26:34,971 [830f5926-e6f3-4fc6-b48b-87b1008588b0@group-7A121B0D245D:LeaderElection137] INFO  impl.RaftServerImpl (ServerState.java:setRaftConf(354)) - 830f5926-e6f3-4fc6-b48b-87b1008588b0@group-7A121B0D245D: set configuration 0: [64a8661b-c2d9-4df7-8ca1-1b29ef624e85:192.168.36.85:38418, 830f5926-e6f3-4fc6-b48b-87b1008588b0:192.168.36.85:44294, e50c69ec-4263-4416-9cef-9cb60973670d:192.168.36.85:44827], old=null at 0
2019-09-19 08:26:35,001 [grpc-default-executor-9] WARN  server.GrpcLogAppender (LogUtils.java:warn(134)) - 830f5926-e6f3-4fc6-b48b-87b1008588b0@group-7A121B0D245D->64a8661b-c2d9-4df7-8ca1-1b29ef624e85-AppendLogResponseHandler: Failed appendEntries: org.apache.ratis.thirdparty.io.grpc.StatusRuntimeException: UNAVAILABLE: io exception
2019-09-19 08:26:35,001 [grpc-default-executor-9] INFO  impl.FollowerInfo (FollowerInfo.java:lambda$new$0(51)) - 830f5926-e6f3-4fc6-b48b-87b1008588b0@group-7A121B0D245D->64a8661b-c2d9-4df7-8ca1-1b29ef624e85: nextIndex: updateUnconditionally 0 -> 0
2019-09-19 08:26:35,002 [grpc-default-executor-9] INFO  impl.RaftServerImpl (ServerState.java:setLeader(253)) - e50c69ec-4263-4416-9cef-9cb60973670d@group-7A121B0D245D: change Leader from null to 830f5926-e6f3-4fc6-b48b-87b1008588b0 at term 7 for appendEntries, leader elected after 22706ms
2019-09-19 08:26:35,003 [grpc-default-executor-9] INFO  impl.RaftServerImpl (ServerState.java:setRaftConf(354)) - e50c69ec-4263-4416-9cef-9cb60973670d@group-7A121B0D245D: set configuration 0: [64a8661b-c2d9-4df7-8ca1-1b29ef624e85:192.168.36.85:38418, 830f5926-e6f3-4fc6-b48b-87b1008588b0:192.168.36.85:44294, e50c69ec-4263-4416-9cef-9cb60973670d:192.168.36.85:44827], old=null at 0
2019-09-19 08:26:35,003 [grpc-default-executor-9] INFO  segmented.SegmentedRaftLogWorker (SegmentedRaftLogWorker.java:startLogSegment(380)) - e50c69ec-4263-4416-9cef-9cb60973670d@group-7A121B0D245D-SegmentedRaftLogWorker: Starting segment from index:0
2019-09-19 08:26:35,014 [830f5926-e6f3-4fc6-b48b-87b1008588b0@group-7A121B0D245D-SegmentedRaftLogWorker] INFO  segmented.SegmentedRaftLogWorker (SegmentedRaftLogWorker.java:execute(569)) - 830f5926-e6f3-4fc6-b48b-87b1008588b0@group-7A121B0D245D-SegmentedRaftLogWorker: created new log segment /workdir/hadoop-ozone/integration-test/target/test-dir/MiniOzoneClusterImpl-6146c60c-cb8d-4aa2-a902-cb133a81267e/datanode-7/data/ratis/c6d9199d-7afb-436f-a08a-7a121b0d245d/current/log_inprogress_0
2019-09-19 08:26:35,017 [grpc-default-executor-12] WARN  server.GrpcLogAppender (LogUtils.java:warn(134)) - 830f5926-e6f3-4fc6-b48b-87b1008588b0@group-7A121B0D245D->64a8661b-c2d9-4df7-8ca1-1b29ef624e85-AppendLogResponseHandler: Failed appendEntries: org.apache.ratis.thirdparty.io.grpc.StatusRuntimeException: UNAVAILABLE: io exception
2019-09-19 08:26:35,017 [grpc-default-executor-12] INFO  impl.FollowerInfo (FollowerInfo.java:lambda$new$0(51)) - 830f5926-e6f3-4fc6-b48b-87b1008588b0@group-7A121B0D245D->64a8661b-c2d9-4df7-8ca1-1b29ef624e85: nextIndex: updateUnconditionally 1 -> 0
2019-09-19 08:26:35,046 [e50c69ec-4263-4416-9cef-9cb60973670d@group-7A121B0D245D-SegmentedRaftLogWorker] INFO  segmented.SegmentedRaftLogWorker (SegmentedRaftLogWorker.java:execute(569)) - e50c69ec-4263-4416-9cef-9cb60973670d@group-7A121B0D245D-SegmentedRaftLogWorker: created new log segment /workdir/hadoop-ozone/integration-test/target/test-dir/MiniOzoneClusterImpl-6146c60c-cb8d-4aa2-a902-cb133a81267e/datanode-9/data/ratis/c6d9199d-7afb-436f-a08a-7a121b0d245d/current/log_inprogress_0
2019-09-19 08:26:35,064 [grpc-default-executor-14] WARN  server.GrpcLogAppender (LogUtils.java:warn(134)) - e50c69ec-4263-4416-9cef-9cb60973670d@group-6FD53671956A->64a8661b-c2d9-4df7-8ca1-1b29ef624e85-AppendLogResponseHandler: Failed appendEntries: org.apache.ratis.thirdparty.io.grpc.StatusRuntimeException: UNAVAILABLE: io exception
2019-09-19 08:26:35,064 [grpc-default-executor-14] INFO  impl.FollowerInfo (FollowerInfo.java:lambda$new$0(51)) - e50c69ec-4263-4416-9cef-9cb60973670d@group-6FD53671956A->64a8661b-c2d9-4df7-8ca1-1b29ef624e85: nextIndex: updateUnconditionally 0 -> 0
2019-09-19 08:26:35,140 [Datanode State Machine Thread - 0] INFO  statemachine.DatanodeStateMachine (DatanodeStateMachine.java:lambda$startDaemon$0(350)) - Ozone container server started.
2019-09-19 08:26:35,238 [grpc-default-executor-9] WARN  server.GrpcLogAppender (LogUtils.java:warn(134)) - 830f5926-e6f3-4fc6-b48b-87b1008588b0@group-0B9F0340E072->64a8661b-c2d9-4df7-8ca1-1b29ef624e85-AppendLogResponseHandler: Failed appendEntries: org.apache.ratis.thirdparty.io.grpc.StatusRuntimeException: UNAVAILABLE: io exception
2019-09-19 08:26:35,239 [grpc-default-executor-9] INFO  impl.FollowerInfo (FollowerInfo.java:lambda$new$0(51)) - 830f5926-e6f3-4fc6-b48b-87b1008588b0@group-0B9F0340E072->64a8661b-c2d9-4df7-8ca1-1b29ef624e85: nextIndex: updateUnconditionally 0 -> 0
2019-09-19 08:26:35,518 [grpc-default-executor-9] WARN  server.GrpcLogAppender (LogUtils.java:warn(134)) - 830f5926-e6f3-4fc6-b48b-87b1008588b0@group-7A121B0D245D->64a8661b-c2d9-4df7-8ca1-1b29ef624e85-AppendLogResponseHandler: Failed appendEntries: org.apache.ratis.thirdparty.io.grpc.StatusRuntimeException: UNAVAILABLE: io exception
2019-09-19 08:26:35,518 [grpc-default-executor-9] INFO  impl.FollowerInfo (FollowerInfo.java:lambda$new$0(51)) - 830f5926-e6f3-4fc6-b48b-87b1008588b0@group-7A121B0D245D->64a8661b-c2d9-4df7-8ca1-1b29ef624e85: nextIndex: updateUnconditionally 0 -> 0
2019-09-19 08:26:35,565 [grpc-default-executor-12] WARN  server.GrpcLogAppender (LogUtils.java:warn(134)) - e50c69ec-4263-4416-9cef-9cb60973670d@group-6FD53671956A->64a8661b-c2d9-4df7-8ca1-1b29ef624e85-AppendLogResponseHandler: Failed appendEntries: org.apache.ratis.thirdparty.io.grpc.StatusRuntimeException: UNAVAILABLE: io exception
2019-09-19 08:26:35,565 [grpc-default-executor-12] INFO  impl.FollowerInfo (FollowerInfo.java:lambda$new$0(51)) - e50c69ec-4263-4416-9cef-9cb60973670d@group-6FD53671956A->64a8661b-c2d9-4df7-8ca1-1b29ef624e85: nextIndex: updateUnconditionally 0 -> 0
2019-09-19 08:26:35,740 [grpc-default-executor-14] WARN  server.GrpcLogAppender (LogUtils.java:warn(134)) - 830f5926-e6f3-4fc6-b48b-87b1008588b0@group-0B9F0340E072->64a8661b-c2d9-4df7-8ca1-1b29ef624e85-AppendLogResponseHandler: Failed appendEntries: org.apache.ratis.thirdparty.io.grpc.StatusRuntimeException: UNAVAILABLE: io exception
2019-09-19 08:26:35,740 [grpc-default-executor-14] INFO  impl.FollowerInfo (FollowerInfo.java:lambda$new$0(51)) - 830f5926-e6f3-4fc6-b48b-87b1008588b0@group-0B9F0340E072->64a8661b-c2d9-4df7-8ca1-1b29ef624e85: nextIndex: updateUnconditionally 0 -> 0
2019-09-19 08:26:36,019 [grpc-default-executor-9] WARN  server.GrpcLogAppender (LogUtils.java:warn(134)) - 830f5926-e6f3-4fc6-b48b-87b1008588b0@group-7A121B0D245D->64a8661b-c2d9-4df7-8ca1-1b29ef624e85-AppendLogResponseHandler: Failed appendEntries: org.apache.ratis.thirdparty.io.grpc.StatusRuntimeException: UNAVAILABLE: io exception
2019-09-19 08:26:36,019 [grpc-default-executor-9] INFO  impl.FollowerInfo (FollowerInfo.java:lambda$new$0(51)) - 830f5926-e6f3-4fc6-b48b-87b1008588b0@group-7A121B0D245D->64a8661b-c2d9-4df7-8ca1-1b29ef624e85: nextIndex: updateUnconditionally 0 -> 0
2019-09-19 08:26:36,066 [grpc-default-executor-12] WARN  server.GrpcLogAppender (LogUtils.java:warn(134)) - e50c69ec-4263-4416-9cef-9cb60973670d@group-6FD53671956A->64a8661b-c2d9-4df7-8ca1-1b29ef624e85-AppendLogResponseHandler: Failed appendEntries: org.apache.ratis.thirdparty.io.grpc.StatusRuntimeException: UNAVAILABLE: io exception
2019-09-19 08:26:36,066 [grpc-default-executor-12] INFO  impl.FollowerInfo (FollowerInfo.java:lambda$new$0(51)) - e50c69ec-4263-4416-9cef-9cb60973670d@group-6FD53671956A->64a8661b-c2d9-4df7-8ca1-1b29ef624e85: nextIndex: updateUnconditionally 0 -> 0
2019-09-19 08:26:36,241 [grpc-default-executor-14] WARN  server.GrpcLogAppender (LogUtils.java:warn(134)) - 830f5926-e6f3-4fc6-b48b-87b1008588b0@group-0B9F0340E072->64a8661b-c2d9-4df7-8ca1-1b29ef624e85-AppendLogResponseHandler: Failed appendEntries: org.apache.ratis.thirdparty.io.grpc.StatusRuntimeException: UNAVAILABLE: io exception
2019-09-19 08:26:36,241 [grpc-default-executor-14] INFO  impl.FollowerInfo (FollowerInfo.java:lambda$new$0(51)) - 830f5926-e6f3-4fc6-b48b-87b1008588b0@group-0B9F0340E072->64a8661b-c2d9-4df7-8ca1-1b29ef624e85: nextIndex: updateUnconditionally 0 -> 0
2019-09-19 08:26:36,520 [grpc-default-executor-9] WARN  server.GrpcLogAppender (LogUtils.java:warn(134)) - 830f5926-e6f3-4fc6-b48b-87b1008588b0@group-7A121B0D245D->64a8661b-c2d9-4df7-8ca1-1b29ef624e85-AppendLogResponseHandler: Failed appendEntries: org.apache.ratis.thirdparty.io.grpc.StatusRuntimeException: UNAVAILABLE: io exception
2019-09-19 08:26:36,520 [grpc-default-executor-9] INFO  impl.FollowerInfo (FollowerInfo.java:lambda$new$0(51)) - 830f5926-e6f3-4fc6-b48b-87b1008588b0@group-7A121B0D245D->64a8661b-c2d9-4df7-8ca1-1b29ef624e85: nextIndex: updateUnconditionally 0 -> 0
2019-09-19 08:26:36,566 [grpc-default-executor-14] WARN  server.GrpcLogAppender (LogUtils.java:warn(134)) - e50c69ec-4263-4416-9cef-9cb60973670d@group-6FD53671956A->64a8661b-c2d9-4df7-8ca1-1b29ef624e85-AppendLogResponseHandler: Failed appendEntries: org.apache.ratis.thirdparty.io.grpc.StatusRuntimeException: UNAVAILABLE: io exception
2019-09-19 08:26:36,567 [grpc-default-executor-14] INFO  impl.FollowerInfo (FollowerInfo.java:lambda$new$0(51)) - e50c69ec-4263-4416-9cef-9cb60973670d@group-6FD53671956A->64a8661b-c2d9-4df7-8ca1-1b29ef624e85: nextIndex: updateUnconditionally 0 -> 0
2019-09-19 08:26:36,740 [grpc-default-executor-12] WARN  server.GrpcLogAppender (LogUtils.java:warn(134)) - 830f5926-e6f3-4fc6-b48b-87b1008588b0@group-0B9F0340E072->64a8661b-c2d9-4df7-8ca1-1b29ef624e85-AppendLogResponseHandler: Failed appendEntries: org.apache.ratis.thirdparty.io.grpc.StatusRuntimeException: UNAVAILABLE: io exception
2019-09-19 08:26:36,741 [grpc-default-executor-12] INFO  impl.FollowerInfo (FollowerInfo.java:lambda$new$0(51)) - 830f5926-e6f3-4fc6-b48b-87b1008588b0@group-0B9F0340E072->64a8661b-c2d9-4df7-8ca1-1b29ef624e85: nextIndex: updateUnconditionally 0 -> 0
2019-09-19 08:26:37,020 [grpc-default-executor-9] WARN  server.GrpcLogAppender (LogUtils.java:warn(134)) - 830f5926-e6f3-4fc6-b48b-87b1008588b0@group-7A121B0D245D->64a8661b-c2d9-4df7-8ca1-1b29ef624e85-AppendLogResponseHandler: Failed appendEntries: org.apache.ratis.thirdparty.io.grpc.StatusRuntimeException: UNAVAILABLE: io exception
2019-09-19 08:26:37,021 [grpc-default-executor-9] INFO  impl.FollowerInfo (FollowerInfo.java:lambda$new$0(51)) - 830f5926-e6f3-4fc6-b48b-87b1008588b0@group-7A121B0D245D->64a8661b-c2d9-4df7-8ca1-1b29ef624e85: nextIndex: updateUnconditionally 0 -> 0
2019-09-19 08:26:37,067 [grpc-default-executor-12] WARN  server.GrpcLogAppender (LogUtils.java:warn(134)) - e50c69ec-4263-4416-9cef-9cb60973670d@group-6FD53671956A->64a8661b-c2d9-4df7-8ca1-1b29ef624e85-AppendLogResponseHandler: Failed appendEntries: org.apache.ratis.thirdparty.io.grpc.StatusRuntimeException: UNAVAILABLE: io exception
2019-09-19 08:26:37,067 [grpc-default-executor-12] INFO  impl.FollowerInfo (FollowerInfo.java:lambda$new$0(51)) - e50c69ec-4263-4416-9cef-9cb60973670d@group-6FD53671956A->64a8661b-c2d9-4df7-8ca1-1b29ef624e85: nextIndex: updateUnconditionally 0 -> 0
2019-09-19 08:26:37,241 [grpc-default-executor-14] WARN  server.GrpcLogAppender (LogUtils.java:warn(134)) - 830f5926-e6f3-4fc6-b48b-87b1008588b0@group-0B9F0340E072->64a8661b-c2d9-4df7-8ca1-1b29ef624e85-AppendLogResponseHandler: Failed appendEntries: org.apache.ratis.thirdparty.io.grpc.StatusRuntimeException: UNAVAILABLE: io exception
2019-09-19 08:26:37,242 [grpc-default-executor-14] INFO  impl.FollowerInfo (FollowerInfo.java:lambda$new$0(51)) - 830f5926-e6f3-4fc6-b48b-87b1008588b0@group-0B9F0340E072->64a8661b-c2d9-4df7-8ca1-1b29ef624e85: nextIndex: updateUnconditionally 0 -> 0
2019-09-19 08:26:37,362 [main] INFO  ozoneimpl.OzoneContainer (OzoneContainer.java:stop(231)) - Attempting to stop container services.
2019-09-19 08:26:37,363 [main] INFO  impl.RaftServerProxy (RaftServerProxy.java:lambda$close$4(314)) - e50c69ec-4263-4416-9cef-9cb60973670d: close
2019-09-19 08:26:37,363 [main] INFO  impl.RaftServerImpl (RaftServerImpl.java:lambda$shutdown$3(251)) - e50c69ec-4263-4416-9cef-9cb60973670d@group-0B9F0340E072: shutdown
2019-09-19 08:26:37,364 [main] INFO  util.JmxRegister (JmxRegister.java:unregister(73)) - Successfully un-registered JMX Bean with object name Ratis:service=RaftServer,group=group-0B9F0340E072,id=e50c69ec-4263-4416-9cef-9cb60973670d
2019-09-19 08:26:37,364 [main] INFO  impl.RoleInfo (RoleInfo.java:shutdownFollowerState(121)) - e50c69ec-4263-4416-9cef-9cb60973670d: shutdown FollowerState
2019-09-19 08:26:37,365 [main] INFO  impl.StateMachineUpdater (StateMachineUpdater.java:stopAndJoin(125)) - e50c69ec-4263-4416-9cef-9cb60973670d@group-0B9F0340E072-StateMachineUpdater: set stopIndex = 0
2019-09-19 08:26:37,365 [Thread-2076] INFO  impl.FollowerState (FollowerState.java:run(115)) - e50c69ec-4263-4416-9cef-9cb60973670d: FollowerState was interrupted: java.lang.InterruptedException: sleep interrupted
2019-09-19 08:26:37,365 [main] INFO  impl.RaftServerImpl (ServerState.java:close(385)) - e50c69ec-4263-4416-9cef-9cb60973670d@group-0B9F0340E072: closes. applyIndex: 0
2019-09-19 08:26:37,366 [e50c69ec-4263-4416-9cef-9cb60973670d@group-0B9F0340E072-SegmentedRaftLogWorker] INFO  segmented.SegmentedRaftLogWorker (SegmentedRaftLogWorker.java:run(313)) - e50c69ec-4263-4416-9cef-9cb60973670d@group-0B9F0340E072-SegmentedRaftLogWorker was interrupted, exiting. There are 0 tasks remaining in the queue.
2019-09-19 08:26:37,369 [main] INFO  segmented.SegmentedRaftLogWorker (SegmentedRaftLogWorker.java:close(228)) - e50c69ec-4263-4416-9cef-9cb60973670d@group-0B9F0340E072-SegmentedRaftLogWorker close()
2019-09-19 08:26:37,376 [main] INFO  impl.RaftServerImpl (RaftServerImpl.java:lambda$shutdown$3(251)) - e50c69ec-4263-4416-9cef-9cb60973670d@group-7A121B0D245D: shutdown
2019-09-19 08:26:37,376 [main] INFO  util.JmxRegister (JmxRegister.java:unregister(73)) - Successfully un-registered JMX Bean with object name Ratis:service=RaftServer,group=group-7A121B0D245D,id=e50c69ec-4263-4416-9cef-9cb60973670d
2019-09-19 08:26:37,377 [main] INFO  impl.RoleInfo (RoleInfo.java:shutdownFollowerState(121)) - e50c69ec-4263-4416-9cef-9cb60973670d: shutdown FollowerState
2019-09-19 08:26:37,377 [main] INFO  impl.StateMachineUpdater (StateMachineUpdater.java:stopAndJoin(125)) - e50c69ec-4263-4416-9cef-9cb60973670d@group-7A121B0D245D-StateMachineUpdater: set stopIndex = 0
2019-09-19 08:26:37,377 [Thread-2111] INFO  impl.FollowerState (FollowerState.java:run(115)) - e50c69ec-4263-4416-9cef-9cb60973670d: FollowerState was interrupted: java.lang.InterruptedException: sleep interrupted
2019-09-19 08:26:37,378 [main] INFO  impl.RaftServerImpl (ServerState.java:close(385)) - e50c69ec-4263-4416-9cef-9cb60973670d@group-7A121B0D245D: closes. applyIndex: 0
2019-09-19 08:26:37,378 [e50c69ec-4263-4416-9cef-9cb60973670d@group-7A121B0D245D-SegmentedRaftLogWorker] INFO  segmented.SegmentedRaftLogWorker (SegmentedRaftLogWorker.java:run(313)) - e50c69ec-4263-4416-9cef-9cb60973670d@group-7A121B0D245D-SegmentedRaftLogWorker was interrupted, exiting. There are 0 tasks remaining in the queue.
2019-09-19 08:26:37,381 [main] INFO  segmented.SegmentedRaftLogWorker (SegmentedRaftLogWorker.java:close(228)) - e50c69ec-4263-4416-9cef-9cb60973670d@group-7A121B0D245D-SegmentedRaftLogWorker close()
2019-09-19 08:26:37,385 [main] INFO  impl.RaftServerImpl (RaftServerImpl.java:lambda$shutdown$3(251)) - e50c69ec-4263-4416-9cef-9cb60973670d@group-6FD53671956A: shutdown
2019-09-19 08:26:37,385 [main] INFO  util.JmxRegister (JmxRegister.java:unregister(73)) - Successfully un-registered JMX Bean with object name Ratis:service=RaftServer,group=group-6FD53671956A,id=e50c69ec-4263-4416-9cef-9cb60973670d
2019-09-19 08:26:37,385 [main] INFO  impl.RoleInfo (RoleInfo.java:shutdownLeaderState(104)) - e50c69ec-4263-4416-9cef-9cb60973670d: shutdown LeaderState
2019-09-19 08:26:37,389 [org.apache.ratis.server.impl.LogAppender$AppenderDaemon$$Lambda$529/1476925113@5d794062] WARN  server.GrpcLogAppender (GrpcLogAppender.java:mayWait(143)) - e50c69ec-4263-4416-9cef-9cb60973670d@group-6FD53671956A->64a8661b-c2d9-4df7-8ca1-1b29ef624e85-GrpcLogAppender: Wait interrupted by java.lang.InterruptedException
2019-09-19 08:26:37,389 [org.apache.ratis.server.impl.LogAppender$AppenderDaemon$$Lambda$529/1476925113@185eeee0] WARN  server.GrpcLogAppender (GrpcLogAppender.java:mayWait(143)) - e50c69ec-4263-4416-9cef-9cb60973670d@group-6FD53671956A->830f5926-e6f3-4fc6-b48b-87b1008588b0-GrpcLogAppender: Wait interrupted by java.lang.InterruptedException
2019-09-19 08:26:37,389 [main] INFO  impl.PendingRequests (PendingRequests.java:sendNotLeaderResponses(202)) - e50c69ec-4263-4416-9cef-9cb60973670d-PendingRequests: sendNotLeaderResponses
2019-09-19 08:26:37,390 [main] INFO  impl.StateMachineUpdater (StateMachineUpdater.java:stopAndJoin(125)) - e50c69ec-4263-4416-9cef-9cb60973670d@group-6FD53671956A-StateMachineUpdater: set stopIndex = 0
2019-09-19 08:26:37,390 [main] INFO  impl.RaftServerImpl (ServerState.java:close(385)) - e50c69ec-4263-4416-9cef-9cb60973670d@group-6FD53671956A: closes. applyIndex: 0
2019-09-19 08:26:37,390 [grpc-default-executor-14] INFO  server.GrpcServerProtocolService (GrpcServerProtocolService.java:onCompleted(113)) - 830f5926-e6f3-4fc6-b48b-87b1008588b0: Completed APPEND_ENTRIES, lastRequest: e50c69ec-4263-4416-9cef-9cb60973670d->830f5926-e6f3-4fc6-b48b-87b1008588b0#12-t3, previous=(t:3, i:0), leaderCommit=0, initializing? false, entries: <empty>
2019-09-19 08:26:37,391 [e50c69ec-4263-4416-9cef-9cb60973670d@group-6FD53671956A-SegmentedRaftLogWorker] INFO  segmented.SegmentedRaftLogWorker (SegmentedRaftLogWorker.java:run(313)) - e50c69ec-4263-4416-9cef-9cb60973670d@group-6FD53671956A-SegmentedRaftLogWorker was interrupted, exiting. There are 0 tasks remaining in the queue.
2019-09-19 08:26:37,392 [main] INFO  segmented.SegmentedRaftLogWorker (SegmentedRaftLogWorker.java:close(228)) - e50c69ec-4263-4416-9cef-9cb60973670d@group-6FD53671956A-SegmentedRaftLogWorker close()
2019-09-19 08:26:37,393 [grpc-default-executor-14] INFO  server.GrpcLogAppender (GrpcLogAppender.java:onCompleted(293)) - e50c69ec-4263-4416-9cef-9cb60973670d@group-6FD53671956A->830f5926-e6f3-4fc6-b48b-87b1008588b0-AppendLogResponseHandler: follower responses appendEntries COMPLETED
2019-09-19 08:26:37,396 [main] INFO  server.GrpcService (GrpcService.java:closeImpl(164)) - e50c69ec-4263-4416-9cef-9cb60973670d: shutdown server with port 44827 now
2019-09-19 08:26:37,396 [grpc-default-executor-14] INFO  impl.FollowerInfo (FollowerInfo.java:lambda$new$0(51)) - e50c69ec-4263-4416-9cef-9cb60973670d@group-6FD53671956A->830f5926-e6f3-4fc6-b48b-87b1008588b0: nextIndex: updateUnconditionally 1 -> 0
2019-09-19 08:26:37,397 [grpc-default-executor-12] WARN  server.GrpcServerProtocolService (LogUtils.java:warn(134)) - e50c69ec-4263-4416-9cef-9cb60973670d: installSnapshot onError, lastRequest: 830f5926-e6f3-4fc6-b48b-87b1008588b0->e50c69ec-4263-4416-9cef-9cb60973670d#10-t4, previous=(t:4, i:0), leaderCommit=0, initializing? false, entries: <empty>: org.apache.ratis.thirdparty.io.grpc.StatusRuntimeException: CANCELLED: cancelled before receiving half close
2019-09-19 08:26:37,397 [grpc-default-executor-9] WARN  server.GrpcServerProtocolService (LogUtils.java:warn(134)) - e50c69ec-4263-4416-9cef-9cb60973670d: installSnapshot onError, lastRequest: 830f5926-e6f3-4fc6-b48b-87b1008588b0->e50c69ec-4263-4416-9cef-9cb60973670d#5-t7, previous=(t:7, i:0), leaderCommit=0, initializing? false, entries: <empty>: org.apache.ratis.thirdparty.io.grpc.StatusRuntimeException: CANCELLED: cancelled before receiving half close
2019-09-19 08:26:37,398 [main] INFO  server.GrpcService (GrpcService.java:closeImpl(172)) - e50c69ec-4263-4416-9cef-9cb60973670d: shutdown server with port 44827 successfully
2019-09-19 08:26:37,398 [grpc-default-executor-14] WARN  server.GrpcLogAppender (LogUtils.java:warn(134)) - 830f5926-e6f3-4fc6-b48b-87b1008588b0@group-0B9F0340E072->e50c69ec-4263-4416-9cef-9cb60973670d-AppendLogResponseHandler: Failed appendEntries: org.apache.ratis.thirdparty.io.grpc.StatusRuntimeException: CANCELLED: HTTP/2 error code: CANCEL
Received Rst Stream
2019-09-19 08:26:37,399 [grpc-default-executor-13] WARN  server.GrpcLogAppender (LogUtils.java:warn(134)) - 830f5926-e6f3-4fc6-b48b-87b1008588b0@group-7A121B0D245D->e50c69ec-4263-4416-9cef-9cb60973670d-AppendLogResponseHandler: Failed appendEntries: org.apache.ratis.thirdparty.io.grpc.StatusRuntimeException: CANCELLED: HTTP/2 error code: CANCEL
Received Rst Stream
2019-09-19 08:26:37,399 [grpc-default-executor-14] INFO  impl.FollowerInfo (FollowerInfo.java:lambda$new$0(51)) - 830f5926-e6f3-4fc6-b48b-87b1008588b0@group-0B9F0340E072->e50c69ec-4263-4416-9cef-9cb60973670d: nextIndex: updateUnconditionally 1 -> 0
2019-09-19 08:26:37,399 [grpc-default-executor-13] INFO  impl.FollowerInfo (FollowerInfo.java:lambda$new$0(51)) - 830f5926-e6f3-4fc6-b48b-87b1008588b0@group-7A121B0D245D->e50c69ec-4263-4416-9cef-9cb60973670d: nextIndex: updateUnconditionally 1 -> 0
2019-09-19 08:26:37,400 [refreshUsed-/workdir/hadoop-ozone/integration-test/target/test-dir/MiniOzoneClusterImpl-6146c60c-cb8d-4aa2-a902-cb133a81267e/datanode-9/data/containers] WARN  fs.CachingGetSpaceUsed (CachingGetSpaceUsed.java:run(183)) - Thread Interrupted waiting to refresh disk information: sleep interrupted
2019-09-19 08:26:37,412 [main] INFO  utils.BackgroundService (BackgroundService.java:shutdown(148)) - Shutting down service BlockDeletingService
2019-09-19 08:26:37,417 [main] INFO  statemachine.DatanodeStateMachine (DatanodeStateMachine.java:stopDaemon(395)) - Ozone container server stopped.
2019-09-19 08:26:37,418 [main] INFO  handler.ContextHandler (ContextHandler.java:doStop(910)) - Stopped o.e.j.w.WebAppContext@65c17e38{/,null,UNAVAILABLE}{/hddsDatanode}
2019-09-19 08:26:37,419 [main] INFO  server.AbstractConnector (AbstractConnector.java:doStop(318)) - Stopped ServerConnector@5e180aaf{HTTP/1.1,[http/1.1]}{0.0.0.0:0}
2019-09-19 08:26:37,419 [main] INFO  handler.ContextHandler (ContextHandler.java:doStop(910)) - Stopped o.e.j.s.ServletContextHandler@443a53df{/static,jar:file:/home/user/.m2/repository/org/apache/hadoop/hadoop-hdds-container-service/0.5.0-SNAPSHOT/hadoop-hdds-container-service-0.5.0-SNAPSHOT.jar!/webapps/static,UNAVAILABLE}
2019-09-19 08:26:37,419 [main] INFO  handler.ContextHandler (ContextHandler.java:doStop(910)) - Stopped o.e.j.s.ServletContextHandler@ce12fbb{/logs,file:///workdir/hadoop-ozone/integration-test/target/log,UNAVAILABLE}
2019-09-19 08:26:37,521 [grpc-default-executor-9] WARN  server.GrpcLogAppender (LogUtils.java:warn(134)) - 830f5926-e6f3-4fc6-b48b-87b1008588b0@group-7A121B0D245D->64a8661b-c2d9-4df7-8ca1-1b29ef624e85-AppendLogResponseHandler: Failed appendEntries: org.apache.ratis.thirdparty.io.grpc.StatusRuntimeException: UNAVAILABLE: io exception
2019-09-19 08:26:37,522 [grpc-default-executor-9] INFO  impl.FollowerInfo (FollowerInfo.java:lambda$new$0(51)) - 830f5926-e6f3-4fc6-b48b-87b1008588b0@group-7A121B0D245D->64a8661b-c2d9-4df7-8ca1-1b29ef624e85: nextIndex: updateUnconditionally 0 -> 0
2019-09-19 08:26:37,557 [grpc-default-executor-9] WARN  server.GrpcLogAppender (LogUtils.java:warn(134)) - 830f5926-e6f3-4fc6-b48b-87b1008588b0@group-7A121B0D245D->e50c69ec-4263-4416-9cef-9cb60973670d-AppendLogResponseHandler: Failed appendEntries: org.apache.ratis.thirdparty.io.grpc.StatusRuntimeException: UNAVAILABLE: io exception
2019-09-19 08:26:37,559 [grpc-default-executor-9] INFO  impl.FollowerInfo (FollowerInfo.java:lambda$new$0(51)) - 830f5926-e6f3-4fc6-b48b-87b1008588b0@group-7A121B0D245D->e50c69ec-4263-4416-9cef-9cb60973670d: nextIndex: updateUnconditionally 0 -> 0
2019-09-19 08:26:37,742 [grpc-default-executor-14] WARN  server.GrpcLogAppender (LogUtils.java:warn(134)) - 830f5926-e6f3-4fc6-b48b-87b1008588b0@group-0B9F0340E072->64a8661b-c2d9-4df7-8ca1-1b29ef624e85-AppendLogResponseHandler: Failed appendEntries: org.apache.ratis.thirdparty.io.grpc.StatusRuntimeException: UNAVAILABLE: io exception
2019-09-19 08:26:37,742 [grpc-default-executor-14] INFO  impl.FollowerInfo (FollowerInfo.java:lambda$new$0(51)) - 830f5926-e6f3-4fc6-b48b-87b1008588b0@group-0B9F0340E072->64a8661b-c2d9-4df7-8ca1-1b29ef624e85: nextIndex: updateUnconditionally 0 -> 0
2019-09-19 08:26:37,808 [grpc-default-executor-13] WARN  server.GrpcLogAppender (LogUtils.java:warn(134)) - 830f5926-e6f3-4fc6-b48b-87b1008588b0@group-0B9F0340E072->e50c69ec-4263-4416-9cef-9cb60973670d-AppendLogResponseHandler: Failed appendEntries: org.apache.ratis.thirdparty.io.grpc.StatusRuntimeException: UNAVAILABLE: io exception
2019-09-19 08:26:37,809 [grpc-default-executor-13] INFO  impl.FollowerInfo (FollowerInfo.java:lambda$new$0(51)) - 830f5926-e6f3-4fc6-b48b-87b1008588b0@group-0B9F0340E072->e50c69ec-4263-4416-9cef-9cb60973670d: nextIndex: updateUnconditionally 0 -> 0
2019-09-19 08:26:38,021 [grpc-default-executor-9] WARN  server.GrpcLogAppender (LogUtils.java:warn(134)) - 830f5926-e6f3-4fc6-b48b-87b1008588b0@group-7A121B0D245D->64a8661b-c2d9-4df7-8ca1-1b29ef624e85-AppendLogResponseHandler: Failed appendEntries: org.apache.ratis.thirdparty.io.grpc.StatusRuntimeException: UNAVAILABLE: io exception
2019-09-19 08:26:38,021 [grpc-default-executor-9] INFO  impl.FollowerInfo (FollowerInfo.java:lambda$new$0(51)) - 830f5926-e6f3-4fc6-b48b-87b1008588b0@group-7A121B0D245D->64a8661b-c2d9-4df7-8ca1-1b29ef624e85: nextIndex: updateUnconditionally 0 -> 0
2019-09-19 08:26:38,058 [grpc-default-executor-14] WARN  server.GrpcLogAppender (LogUtils.java:warn(134)) - 830f5926-e6f3-4fc6-b48b-87b1008588b0@group-7A121B0D245D->e50c69ec-4263-4416-9cef-9cb60973670d-AppendLogResponseHandler: Failed appendEntries: org.apache.ratis.thirdparty.io.grpc.StatusRuntimeException: UNAVAILABLE: io exception
2019-09-19 08:26:38,058 [grpc-default-executor-14] INFO  impl.FollowerInfo (FollowerInfo.java:lambda$new$0(51)) - 830f5926-e6f3-4fc6-b48b-87b1008588b0@group-7A121B0D245D->e50c69ec-4263-4416-9cef-9cb60973670d: nextIndex: updateUnconditionally 0 -> 0
2019-09-19 08:26:38,243 [grpc-default-executor-14] WARN  server.GrpcLogAppender (LogUtils.java:warn(134)) - 830f5926-e6f3-4fc6-b48b-87b1008588b0@group-0B9F0340E072->64a8661b-c2d9-4df7-8ca1-1b29ef624e85-AppendLogResponseHandler: Failed appendEntries: org.apache.ratis.thirdparty.io.grpc.StatusRuntimeException: UNAVAILABLE: io exception
2019-09-19 08:26:38,243 [grpc-default-executor-14] INFO  impl.FollowerInfo (FollowerInfo.java:lambda$new$0(51)) - 830f5926-e6f3-4fc6-b48b-87b1008588b0@group-0B9F0340E072->64a8661b-c2d9-4df7-8ca1-1b29ef624e85: nextIndex: updateUnconditionally 0 -> 0
2019-09-19 08:26:38,309 [grpc-default-executor-9] WARN  server.GrpcLogAppender (LogUtils.java:warn(134)) - 830f5926-e6f3-4fc6-b48b-87b1008588b0@group-0B9F0340E072->e50c69ec-4263-4416-9cef-9cb60973670d-AppendLogResponseHandler: Failed appendEntries: org.apache.ratis.thirdparty.io.grpc.StatusRuntimeException: UNAVAILABLE: io exception
2019-09-19 08:26:38,309 [grpc-default-executor-9] INFO  impl.FollowerInfo (FollowerInfo.java:lambda$new$0(51)) - 830f5926-e6f3-4fc6-b48b-87b1008588b0@group-0B9F0340E072->e50c69ec-4263-4416-9cef-9cb60973670d: nextIndex: updateUnconditionally 0 -> 0
2019-09-19 08:26:38,332 [Datanode State Machine Thread - 0] INFO  statemachine.DatanodeStateMachine (DatanodeStateMachine.java:lambda$startDaemon$0(350)) - Ozone container server started.
2019-09-19 08:26:38,522 [grpc-default-executor-9] WARN  server.GrpcLogAppender (LogUtils.java:warn(134)) - 830f5926-e6f3-4fc6-b48b-87b1008588b0@group-7A121B0D245D->64a8661b-c2d9-4df7-8ca1-1b29ef624e85-AppendLogResponseHandler: Failed appendEntries: org.apache.ratis.thirdparty.io.grpc.StatusRuntimeException: UNAVAILABLE: io exception
2019-09-19 08:26:38,523 [grpc-default-executor-9] INFO  impl.FollowerInfo (FollowerInfo.java:lambda$new$0(51)) - 830f5926-e6f3-4fc6-b48b-87b1008588b0@group-7A121B0D245D->64a8661b-c2d9-4df7-8ca1-1b29ef624e85: nextIndex: updateUnconditionally 0 -> 0
2019-09-19 08:26:38,559 [grpc-default-executor-9] WARN  server.GrpcLogAppender (LogUtils.java:warn(134)) - 830f5926-e6f3-4fc6-b48b-87b1008588b0@group-7A121B0D245D->e50c69ec-4263-4416-9cef-9cb60973670d-AppendLogResponseHandler: Failed appendEntries: org.apache.ratis.thirdparty.io.grpc.StatusRuntimeException: UNAVAILABLE: io exception
2019-09-19 08:26:38,559 [grpc-default-executor-9] INFO  impl.FollowerInfo (FollowerInfo.java:lambda$new$0(51)) - 830f5926-e6f3-4fc6-b48b-87b1008588b0@group-7A121B0D245D->e50c69ec-4263-4416-9cef-9cb60973670d: nextIndex: updateUnconditionally 0 -> 0
2019-09-19 08:26:38,744 [grpc-default-executor-13] WARN  server.GrpcLogAppender (LogUtils.java:warn(134)) - 830f5926-e6f3-4fc6-b48b-87b1008588b0@group-0B9F0340E072->64a8661b-c2d9-4df7-8ca1-1b29ef624e85-AppendLogResponseHandler: Failed appendEntries: org.apache.ratis.thirdparty.io.grpc.StatusRuntimeException: UNAVAILABLE: io exception
2019-09-19 08:26:38,744 [grpc-default-executor-13] INFO  impl.FollowerInfo (FollowerInfo.java:lambda$new$0(51)) - 830f5926-e6f3-4fc6-b48b-87b1008588b0@group-0B9F0340E072->64a8661b-c2d9-4df7-8ca1-1b29ef624e85: nextIndex: updateUnconditionally 0 -> 0
2019-09-19 08:26:38,810 [grpc-default-executor-13] WARN  server.GrpcLogAppender (LogUtils.java:warn(134)) - 830f5926-e6f3-4fc6-b48b-87b1008588b0@group-0B9F0340E072->e50c69ec-4263-4416-9cef-9cb60973670d-AppendLogResponseHandler: Failed appendEntries: org.apache.ratis.thirdparty.io.grpc.StatusRuntimeException: UNAVAILABLE: io exception
2019-09-19 08:26:38,810 [grpc-default-executor-13] INFO  impl.FollowerInfo (FollowerInfo.java:lambda$new$0(51)) - 830f5926-e6f3-4fc6-b48b-87b1008588b0@group-0B9F0340E072->e50c69ec-4263-4416-9cef-9cb60973670d: nextIndex: updateUnconditionally 0 -> 0
2019-09-19 08:26:39,023 [grpc-default-executor-9] WARN  server.GrpcLogAppender (LogUtils.java:warn(134)) - 830f5926-e6f3-4fc6-b48b-87b1008588b0@group-7A121B0D245D->64a8661b-c2d9-4df7-8ca1-1b29ef624e85-AppendLogResponseHandler: Failed appendEntries: org.apache.ratis.thirdparty.io.grpc.StatusRuntimeException: UNAVAILABLE: io exception
2019-09-19 08:26:39,024 [grpc-default-executor-9] INFO  impl.FollowerInfo (FollowerInfo.java:lambda$new$0(51)) - 830f5926-e6f3-4fc6-b48b-87b1008588b0@group-7A121B0D245D->64a8661b-c2d9-4df7-8ca1-1b29ef624e85: nextIndex: updateUnconditionally 0 -> 0
2019-09-19 08:26:39,059 [grpc-default-executor-9] WARN  server.GrpcLogAppender (LogUtils.java:warn(134)) - 830f5926-e6f3-4fc6-b48b-87b1008588b0@group-7A121B0D245D->e50c69ec-4263-4416-9cef-9cb60973670d-AppendLogResponseHandler: Failed appendEntries: org.apache.ratis.thirdparty.io.grpc.StatusRuntimeException: UNAVAILABLE: io exception
2019-09-19 08:26:39,060 [grpc-default-executor-9] INFO  impl.FollowerInfo (FollowerInfo.java:lambda$new$0(51)) - 830f5926-e6f3-4fc6-b48b-87b1008588b0@group-7A121B0D245D->e50c69ec-4263-4416-9cef-9cb60973670d: nextIndex: updateUnconditionally 0 -> 0
2019-09-19 08:26:39,244 [grpc-default-executor-9] WARN  server.GrpcLogAppender (LogUtils.java:warn(134)) - 830f5926-e6f3-4fc6-b48b-87b1008588b0@group-0B9F0340E072->64a8661b-c2d9-4df7-8ca1-1b29ef624e85-AppendLogResponseHandler: Failed appendEntries: org.apache.ratis.thirdparty.io.grpc.StatusRuntimeException: UNAVAILABLE: io exception
2019-09-19 08:26:39,245 [grpc-default-executor-9] INFO  impl.FollowerInfo (FollowerInfo.java:lambda$new$0(51)) - 830f5926-e6f3-4fc6-b48b-87b1008588b0@group-0B9F0340E072->64a8661b-c2d9-4df7-8ca1-1b29ef624e85: nextIndex: updateUnconditionally 0 -> 0
2019-09-19 08:26:39,270 [Thread-2047] INFO  impl.FollowerState (FollowerState.java:run(106)) - 830f5926-e6f3-4fc6-b48b-87b1008588b0:group-6FD53671956A changes to CANDIDATE, lastRpcTime:2165, electionTimeout:1198ms
2019-09-19 08:26:39,270 [Thread-2047] INFO  impl.RoleInfo (RoleInfo.java:shutdownFollowerState(121)) - 830f5926-e6f3-4fc6-b48b-87b1008588b0: shutdown FollowerState
2019-09-19 08:26:39,270 [Thread-2047] INFO  impl.RaftServerImpl (RaftServerImpl.java:setRole(174)) - 830f5926-e6f3-4fc6-b48b-87b1008588b0@group-6FD53671956A: changes role from  FOLLOWER to CANDIDATE at term 3 for changeToCandidate
2019-09-19 08:26:39,270 [Thread-2047] INFO  impl.RoleInfo (RoleInfo.java:updateAndGet(143)) - 830f5926-e6f3-4fc6-b48b-87b1008588b0: start LeaderElection
2019-09-19 08:26:39,271 [830f5926-e6f3-4fc6-b48b-87b1008588b0@group-6FD53671956A:LeaderElection138] INFO  impl.RaftServerImpl (ServerState.java:setLeader(253)) - 830f5926-e6f3-4fc6-b48b-87b1008588b0@group-6FD53671956A: change Leader from e50c69ec-4263-4416-9cef-9cb60973670d to null at term 3 for initElection
2019-09-19 08:26:39,299 [ForkJoinPool.commonPool-worker-0] INFO  ozoneimpl.OzoneContainer (OzoneContainer.java:stop(231)) - Attempting to stop container services.
2019-09-19 08:26:39,299 [ForkJoinPool.commonPool-worker-0] INFO  impl.RaftServerProxy (RaftServerProxy.java:lambda$close$4(314)) - 4f253f3b-7013-4e89-96d2-da55b6f5671c: close
2019-09-19 08:26:39,301 [ForkJoinPool.commonPool-worker-0] INFO  server.GrpcService (GrpcService.java:closeImpl(164)) - 4f253f3b-7013-4e89-96d2-da55b6f5671c: shutdown server with port 36216 now
2019-09-19 08:26:39,302 [ForkJoinPool.commonPool-worker-0] INFO  server.GrpcService (GrpcService.java:closeImpl(172)) - 4f253f3b-7013-4e89-96d2-da55b6f5671c: shutdown server with port 36216 successfully
2019-09-19 08:26:39,303 [refreshUsed-/workdir/hadoop-ozone/integration-test/target/test-dir/MiniOzoneClusterImpl-6146c60c-cb8d-4aa2-a902-cb133a81267e/datanode-4/data/containers] WARN  fs.CachingGetSpaceUsed (CachingGetSpaceUsed.java:run(183)) - Thread Interrupted waiting to refresh disk information: sleep interrupted
2019-09-19 08:26:39,310 [grpc-default-executor-14] WARN  server.GrpcLogAppender (LogUtils.java:warn(134)) - 830f5926-e6f3-4fc6-b48b-87b1008588b0@group-0B9F0340E072->e50c69ec-4263-4416-9cef-9cb60973670d-AppendLogResponseHandler: Failed appendEntries: org.apache.ratis.thirdparty.io.grpc.StatusRuntimeException: UNAVAILABLE: io exception
2019-09-19 08:26:39,311 [grpc-default-executor-14] INFO  impl.FollowerInfo (FollowerInfo.java:lambda$new$0(51)) - 830f5926-e6f3-4fc6-b48b-87b1008588b0@group-0B9F0340E072->e50c69ec-4263-4416-9cef-9cb60973670d: nextIndex: updateUnconditionally 0 -> 0
2019-09-19 08:26:39,319 [ForkJoinPool.commonPool-worker-0] INFO  utils.BackgroundService (BackgroundService.java:shutdown(148)) - Shutting down service BlockDeletingService
2019-09-19 08:26:39,323 [ForkJoinPool.commonPool-worker-0] INFO  statemachine.DatanodeStateMachine (DatanodeStateMachine.java:stopDaemon(395)) - Ozone container server stopped.
2019-09-19 08:26:39,327 [ForkJoinPool.commonPool-worker-0] INFO  handler.ContextHandler (ContextHandler.java:doStop(910)) - Stopped o.e.j.w.WebAppContext@2a8b33ba{/,null,UNAVAILABLE}{/hddsDatanode}
2019-09-19 08:26:39,328 [ForkJoinPool.commonPool-worker-0] INFO  server.AbstractConnector (AbstractConnector.java:doStop(318)) - Stopped ServerConnector@4e8b357d{HTTP/1.1,[http/1.1]}{0.0.0.0:0}
2019-09-19 08:26:39,329 [ForkJoinPool.commonPool-worker-0] INFO  handler.ContextHandler (ContextHandler.java:doStop(910)) - Stopped o.e.j.s.ServletContextHandler@733fb462{/static,jar:file:/home/user/.m2/repository/org/apache/hadoop/hadoop-hdds-container-service/0.5.0-SNAPSHOT/hadoop-hdds-container-service-0.5.0-SNAPSHOT.jar!/webapps/static,UNAVAILABLE}
2019-09-19 08:26:39,330 [ForkJoinPool.commonPool-worker-0] INFO  handler.ContextHandler (ContextHandler.java:doStop(910)) - Stopped o.e.j.s.ServletContextHandler@6c977dcf{/logs,file:///workdir/hadoop-ozone/integration-test/target/log,UNAVAILABLE}
2019-09-19 08:26:39,340 [830f5926-e6f3-4fc6-b48b-87b1008588b0@group-6FD53671956A:LeaderElection138] INFO  impl.LeaderElection (LeaderElection.java:askForVotes(182)) - 830f5926-e6f3-4fc6-b48b-87b1008588b0@group-6FD53671956A:LeaderElection138: begin an election at term 4 for 0: [64a8661b-c2d9-4df7-8ca1-1b29ef624e85:192.168.36.85:38418, 830f5926-e6f3-4fc6-b48b-87b1008588b0:192.168.36.85:44294, e50c69ec-4263-4416-9cef-9cb60973670d:192.168.36.85:44827], old=null
2019-09-19 08:26:39,343 [830f5926-e6f3-4fc6-b48b-87b1008588b0@group-6FD53671956A:LeaderElection138] INFO  impl.LeaderElection (LogUtils.java:infoOrTrace(149)) - 830f5926-e6f3-4fc6-b48b-87b1008588b0@group-6FD53671956A:LeaderElection138 got exception when requesting votes: {}
java.util.concurrent.ExecutionException: org.apache.ratis.thirdparty.io.grpc.StatusRuntimeException: UNAVAILABLE: io exception
	at java.util.concurrent.FutureTask.report(FutureTask.java:122)
	at java.util.concurrent.FutureTask.get(FutureTask.java:192)
	at org.apache.ratis.server.impl.LeaderElection.waitForResults(LeaderElection.java:263)
	at org.apache.ratis.server.impl.LeaderElection.askForVotes(LeaderElection.java:201)
	at org.apache.ratis.server.impl.LeaderElection.run(LeaderElection.java:133)
	at java.lang.Thread.run(Thread.java:748)
Caused by: org.apache.ratis.thirdparty.io.grpc.StatusRuntimeException: UNAVAILABLE: io exception
	at org.apache.ratis.thirdparty.io.grpc.stub.ClientCalls.toStatusRuntimeException(ClientCalls.java:233)
	at org.apache.ratis.thirdparty.io.grpc.stub.ClientCalls.getUnchecked(ClientCalls.java:214)
	at org.apache.ratis.thirdparty.io.grpc.stub.ClientCalls.blockingUnaryCall(ClientCalls.java:139)
	at org.apache.ratis.proto.grpc.RaftServerProtocolServiceGrpc$RaftServerProtocolServiceBlockingStub.requestVote(RaftServerProtocolServiceGrpc.java:265)
	at org.apache.ratis.grpc.server.GrpcServerProtocolClient.requestVote(GrpcServerProtocolClient.java:90)
	at org.apache.ratis.grpc.server.GrpcService.requestVote(GrpcService.java:204)
	at org.apache.ratis.server.impl.LeaderElection.lambda$submitRequests$1(LeaderElection.java:238)
	at java.util.concurrent.FutureTask.run(FutureTask.java:266)
	at java.util.concurrent.Executors$RunnableAdapter.call(Executors.java:511)
	at java.util.concurrent.FutureTask.run(FutureTask.java:266)
	at java.util.concurrent.ThreadPoolExecutor.runWorker(ThreadPoolExecutor.java:1149)
	at java.util.concurrent.ThreadPoolExecutor$Worker.run(ThreadPoolExecutor.java:624)
	... 1 more
Caused by: org.apache.ratis.thirdparty.io.netty.channel.AbstractChannel$AnnotatedConnectException: Connection refused: /192.168.36.85:38418
	at sun.nio.ch.SocketChannelImpl.checkConnect(Native Method)
	at sun.nio.ch.SocketChannelImpl.finishConnect(SocketChannelImpl.java:717)
	at org.apache.ratis.thirdparty.io.netty.channel.socket.nio.NioSocketChannel.doFinishConnect(NioSocketChannel.java:327)
	at org.apache.ratis.thirdparty.io.netty.channel.nio.AbstractNioChannel$AbstractNioUnsafe.finishConnect(AbstractNioChannel.java:340)
	at org.apache.ratis.thirdparty.io.netty.channel.nio.NioEventLoop.processSelectedKey(NioEventLoop.java:632)
	at org.apache.ratis.thirdparty.io.netty.channel.nio.NioEventLoop.processSelectedKeysOptimized(NioEventLoop.java:579)
	at org.apache.ratis.thirdparty.io.netty.channel.nio.NioEventLoop.processSelectedKeys(NioEventLoop.java:496)
	at org.apache.ratis.thirdparty.io.netty.channel.nio.NioEventLoop.run(NioEventLoop.java:458)
	at org.apache.ratis.thirdparty.io.netty.util.concurrent.SingleThreadEventExecutor$5.run(SingleThreadEventExecutor.java:897)
	at org.apache.ratis.thirdparty.io.netty.util.concurrent.FastThreadLocalRunnable.run(FastThreadLocalRunnable.java:30)
	... 1 more
Caused by: java.net.ConnectException: Connection refused
	... 11 more
2019-09-19 08:26:39,344 [830f5926-e6f3-4fc6-b48b-87b1008588b0@group-6FD53671956A:LeaderElection138] INFO  impl.LeaderElection (LogUtils.java:infoOrTrace(149)) - 830f5926-e6f3-4fc6-b48b-87b1008588b0@group-6FD53671956A:LeaderElection138 got exception when requesting votes: {}
java.util.concurrent.ExecutionException: org.apache.ratis.thirdparty.io.grpc.StatusRuntimeException: UNAVAILABLE: io exception
	at java.util.concurrent.FutureTask.report(FutureTask.java:122)
	at java.util.concurrent.FutureTask.get(FutureTask.java:192)
	at org.apache.ratis.server.impl.LeaderElection.waitForResults(LeaderElection.java:263)
	at org.apache.ratis.server.impl.LeaderElection.askForVotes(LeaderElection.java:201)
	at org.apache.ratis.server.impl.LeaderElection.run(LeaderElection.java:133)
	at java.lang.Thread.run(Thread.java:748)
Caused by: org.apache.ratis.thirdparty.io.grpc.StatusRuntimeException: UNAVAILABLE: io exception
	at org.apache.ratis.thirdparty.io.grpc.stub.ClientCalls.toStatusRuntimeException(ClientCalls.java:233)
	at org.apache.ratis.thirdparty.io.grpc.stub.ClientCalls.getUnchecked(ClientCalls.java:214)
	at org.apache.ratis.thirdparty.io.grpc.stub.ClientCalls.blockingUnaryCall(ClientCalls.java:139)
	at org.apache.ratis.proto.grpc.RaftServerProtocolServiceGrpc$RaftServerProtocolServiceBlockingStub.requestVote(RaftServerProtocolServiceGrpc.java:265)
	at org.apache.ratis.grpc.server.GrpcServerProtocolClient.requestVote(GrpcServerProtocolClient.java:90)
	at org.apache.ratis.grpc.server.GrpcService.requestVote(GrpcService.java:204)
	at org.apache.ratis.server.impl.LeaderElection.lambda$submitRequests$1(LeaderElection.java:238)
	at java.util.concurrent.FutureTask.run(FutureTask.java:266)
	at java.util.concurrent.Executors$RunnableAdapter.call(Executors.java:511)
	at java.util.concurrent.FutureTask.run(FutureTask.java:266)
	at java.util.concurrent.ThreadPoolExecutor.runWorker(ThreadPoolExecutor.java:1149)
	at java.util.concurrent.ThreadPoolExecutor$Worker.run(ThreadPoolExecutor.java:624)
	... 1 more
Caused by: org.apache.ratis.thirdparty.io.netty.channel.AbstractChannel$AnnotatedConnectException: Connection refused: /192.168.36.85:44827
	at sun.nio.ch.SocketChannelImpl.checkConnect(Native Method)
	at sun.nio.ch.SocketChannelImpl.finishConnect(SocketChannelImpl.java:717)
	at org.apache.ratis.thirdparty.io.netty.channel.socket.nio.NioSocketChannel.doFinishConnect(NioSocketChannel.java:327)
	at org.apache.ratis.thirdparty.io.netty.channel.nio.AbstractNioChannel$AbstractNioUnsafe.finishConnect(AbstractNioChannel.java:340)
	at org.apache.ratis.thirdparty.io.netty.channel.nio.NioEventLoop.processSelectedKey(NioEventLoop.java:632)
	at org.apache.ratis.thirdparty.io.netty.channel.nio.NioEventLoop.processSelectedKeysOptimized(NioEventLoop.java:579)
	at org.apache.ratis.thirdparty.io.netty.channel.nio.NioEventLoop.processSelectedKeys(NioEventLoop.java:496)
	at org.apache.ratis.thirdparty.io.netty.channel.nio.NioEventLoop.run(NioEventLoop.java:458)
	at org.apache.ratis.thirdparty.io.netty.util.concurrent.SingleThreadEventExecutor$5.run(SingleThreadEventExecutor.java:897)
	at org.apache.ratis.thirdparty.io.netty.util.concurrent.FastThreadLocalRunnable.run(FastThreadLocalRunnable.java:30)
	... 1 more
Caused by: java.net.ConnectException: Connection refused
	... 11 more
2019-09-19 08:26:39,344 [830f5926-e6f3-4fc6-b48b-87b1008588b0@group-6FD53671956A:LeaderElection138] INFO  impl.LeaderElection (LeaderElection.java:logAndReturn(56)) - 830f5926-e6f3-4fc6-b48b-87b1008588b0@group-6FD53671956A:LeaderElection138: Election REJECTED; received 0 response(s) [] and 2 exception(s); 830f5926-e6f3-4fc6-b48b-87b1008588b0@group-6FD53671956A:t4, leader=null, voted=830f5926-e6f3-4fc6-b48b-87b1008588b0, raftlog=830f5926-e6f3-4fc6-b48b-87b1008588b0@group-6FD53671956A-SegmentedRaftLog:OPENED:c0,f0,i0, conf=0: [64a8661b-c2d9-4df7-8ca1-1b29ef624e85:192.168.36.85:38418, 830f5926-e6f3-4fc6-b48b-87b1008588b0:192.168.36.85:44294, e50c69ec-4263-4416-9cef-9cb60973670d:192.168.36.85:44827], old=null
2019-09-19 08:26:39,344 [830f5926-e6f3-4fc6-b48b-87b1008588b0@group-6FD53671956A:LeaderElection138] INFO  impl.LeaderElection (LogUtils.java:infoOrTrace(149)) -   Exception 0: {}
java.util.concurrent.ExecutionException: org.apache.ratis.thirdparty.io.grpc.StatusRuntimeException: UNAVAILABLE: io exception
	at java.util.concurrent.FutureTask.report(FutureTask.java:122)
	at java.util.concurrent.FutureTask.get(FutureTask.java:192)
	at org.apache.ratis.server.impl.LeaderElection.waitForResults(LeaderElection.java:263)
	at org.apache.ratis.server.impl.LeaderElection.askForVotes(LeaderElection.java:201)
	at org.apache.ratis.server.impl.LeaderElection.run(LeaderElection.java:133)
	at java.lang.Thread.run(Thread.java:748)
Caused by: org.apache.ratis.thirdparty.io.grpc.StatusRuntimeException: UNAVAILABLE: io exception
	at org.apache.ratis.thirdparty.io.grpc.stub.ClientCalls.toStatusRuntimeException(ClientCalls.java:233)
	at org.apache.ratis.thirdparty.io.grpc.stub.ClientCalls.getUnchecked(ClientCalls.java:214)
	at org.apache.ratis.thirdparty.io.grpc.stub.ClientCalls.blockingUnaryCall(ClientCalls.java:139)
	at org.apache.ratis.proto.grpc.RaftServerProtocolServiceGrpc$RaftServerProtocolServiceBlockingStub.requestVote(RaftServerProtocolServiceGrpc.java:265)
	at org.apache.ratis.grpc.server.GrpcServerProtocolClient.requestVote(GrpcServerProtocolClient.java:90)
	at org.apache.ratis.grpc.server.GrpcService.requestVote(GrpcService.java:204)
	at org.apache.ratis.server.impl.LeaderElection.lambda$submitRequests$1(LeaderElection.java:238)
	at java.util.concurrent.FutureTask.run(FutureTask.java:266)
	at java.util.concurrent.Executors$RunnableAdapter.call(Executors.java:511)
	at java.util.concurrent.FutureTask.run(FutureTask.java:266)
	at java.util.concurrent.ThreadPoolExecutor.runWorker(ThreadPoolExecutor.java:1149)
	at java.util.concurrent.ThreadPoolExecutor$Worker.run(ThreadPoolExecutor.java:624)
	... 1 more
Caused by: org.apache.ratis.thirdparty.io.netty.channel.AbstractChannel$AnnotatedConnectException: Connection refused: /192.168.36.85:38418
	at sun.nio.ch.SocketChannelImpl.checkConnect(Native Method)
	at sun.nio.ch.SocketChannelImpl.finishConnect(SocketChannelImpl.java:717)
	at org.apache.ratis.thirdparty.io.netty.channel.socket.nio.NioSocketChannel.doFinishConnect(NioSocketChannel.java:327)
	at org.apache.ratis.thirdparty.io.netty.channel.nio.AbstractNioChannel$AbstractNioUnsafe.finishConnect(AbstractNioChannel.java:340)
	at org.apache.ratis.thirdparty.io.netty.channel.nio.NioEventLoop.processSelectedKey(NioEventLoop.java:632)
	at org.apache.ratis.thirdparty.io.netty.channel.nio.NioEventLoop.processSelectedKeysOptimized(NioEventLoop.java:579)
	at org.apache.ratis.thirdparty.io.netty.channel.nio.NioEventLoop.processSelectedKeys(NioEventLoop.java:496)
	at org.apache.ratis.thirdparty.io.netty.channel.nio.NioEventLoop.run(NioEventLoop.java:458)
	at org.apache.ratis.thirdparty.io.netty.util.concurrent.SingleThreadEventExecutor$5.run(SingleThreadEventExecutor.java:897)
	at org.apache.ratis.thirdparty.io.netty.util.concurrent.FastThreadLocalRunnable.run(FastThreadLocalRunnable.java:30)
	... 1 more
Caused by: java.net.ConnectException: Connection refused
	... 11 more
2019-09-19 08:26:39,345 [830f5926-e6f3-4fc6-b48b-87b1008588b0@group-6FD53671956A:LeaderElection138] INFO  impl.LeaderElection (LogUtils.java:infoOrTrace(149)) -   Exception 1: {}
java.util.concurrent.ExecutionException: org.apache.ratis.thirdparty.io.grpc.StatusRuntimeException: UNAVAILABLE: io exception
	at java.util.concurrent.FutureTask.report(FutureTask.java:122)
	at java.util.concurrent.FutureTask.get(FutureTask.java:192)
	at org.apache.ratis.server.impl.LeaderElection.waitForResults(LeaderElection.java:263)
	at org.apache.ratis.server.impl.LeaderElection.askForVotes(LeaderElection.java:201)
	at org.apache.ratis.server.impl.LeaderElection.run(LeaderElection.java:133)
	at java.lang.Thread.run(Thread.java:748)
Caused by: org.apache.ratis.thirdparty.io.grpc.StatusRuntimeException: UNAVAILABLE: io exception
	at org.apache.ratis.thirdparty.io.grpc.stub.ClientCalls.toStatusRuntimeException(ClientCalls.java:233)
	at org.apache.ratis.thirdparty.io.grpc.stub.ClientCalls.getUnchecked(ClientCalls.java:214)
	at org.apache.ratis.thirdparty.io.grpc.stub.ClientCalls.blockingUnaryCall(ClientCalls.java:139)
	at org.apache.ratis.proto.grpc.RaftServerProtocolServiceGrpc$RaftServerProtocolServiceBlockingStub.requestVote(RaftServerProtocolServiceGrpc.java:265)
	at org.apache.ratis.grpc.server.GrpcServerProtocolClient.requestVote(GrpcServerProtocolClient.java:90)
	at org.apache.ratis.grpc.server.GrpcService.requestVote(GrpcService.java:204)
	at org.apache.ratis.server.impl.LeaderElection.lambda$submitRequests$1(LeaderElection.java:238)
	at java.util.concurrent.FutureTask.run(FutureTask.java:266)
	at java.util.concurrent.Executors$RunnableAdapter.call(Executors.java:511)
	at java.util.concurrent.FutureTask.run(FutureTask.java:266)
	at java.util.concurrent.ThreadPoolExecutor.runWorker(ThreadPoolExecutor.java:1149)
	at java.util.concurrent.ThreadPoolExecutor$Worker.run(ThreadPoolExecutor.java:624)
	... 1 more
Caused by: org.apache.ratis.thirdparty.io.netty.channel.AbstractChannel$AnnotatedConnectException: Connection refused: /192.168.36.85:44827
	at sun.nio.ch.SocketChannelImpl.checkConnect(Native Method)
	at sun.nio.ch.SocketChannelImpl.finishConnect(SocketChannelImpl.java:717)
	at org.apache.ratis.thirdparty.io.netty.channel.socket.nio.NioSocketChannel.doFinishConnect(NioSocketChannel.java:327)
	at org.apache.ratis.thirdparty.io.netty.channel.nio.AbstractNioChannel$AbstractNioUnsafe.finishConnect(AbstractNioChannel.java:340)
	at org.apache.ratis.thirdparty.io.netty.channel.nio.NioEventLoop.processSelectedKey(NioEventLoop.java:632)
	at org.apache.ratis.thirdparty.io.netty.channel.nio.NioEventLoop.processSelectedKeysOptimized(NioEventLoop.java:579)
	at org.apache.ratis.thirdparty.io.netty.channel.nio.NioEventLoop.processSelectedKeys(NioEventLoop.java:496)
	at org.apache.ratis.thirdparty.io.netty.channel.nio.NioEventLoop.run(NioEventLoop.java:458)
	at org.apache.ratis.thirdparty.io.netty.util.concurrent.SingleThreadEventExecutor$5.run(SingleThreadEventExecutor.java:897)
	at org.apache.ratis.thirdparty.io.netty.util.concurrent.FastThreadLocalRunnable.run(FastThreadLocalRunnable.java:30)
	... 1 more
Caused by: java.net.ConnectException: Connection refused
	... 11 more
2019-09-19 08:26:39,345 [830f5926-e6f3-4fc6-b48b-87b1008588b0@group-6FD53671956A:LeaderElection138] INFO  impl.RaftServerImpl (RaftServerImpl.java:setRole(174)) - 830f5926-e6f3-4fc6-b48b-87b1008588b0@group-6FD53671956A: changes role from CANDIDATE to FOLLOWER at term 4 for DISCOVERED_A_NEW_TERM
2019-09-19 08:26:39,345 [830f5926-e6f3-4fc6-b48b-87b1008588b0@group-6FD53671956A:LeaderElection138] INFO  impl.RoleInfo (RoleInfo.java:shutdownLeaderElection(134)) - 830f5926-e6f3-4fc6-b48b-87b1008588b0: shutdown LeaderElection
2019-09-19 08:26:39,345 [830f5926-e6f3-4fc6-b48b-87b1008588b0@group-6FD53671956A:LeaderElection138] INFO  impl.RoleInfo (RoleInfo.java:updateAndGet(143)) - 830f5926-e6f3-4fc6-b48b-87b1008588b0: start FollowerState
2019-09-19 08:26:39,522 [grpc-default-executor-9] WARN  server.GrpcLogAppender (LogUtils.java:warn(134)) - 830f5926-e6f3-4fc6-b48b-87b1008588b0@group-7A121B0D245D->64a8661b-c2d9-4df7-8ca1-1b29ef624e85-AppendLogResponseHandler: Failed appendEntries: org.apache.ratis.thirdparty.io.grpc.StatusRuntimeException: UNAVAILABLE: io exception
2019-09-19 08:26:39,523 [grpc-default-executor-9] INFO  impl.FollowerInfo (FollowerInfo.java:lambda$new$0(51)) - 830f5926-e6f3-4fc6-b48b-87b1008588b0@group-7A121B0D245D->64a8661b-c2d9-4df7-8ca1-1b29ef624e85: nextIndex: updateUnconditionally 0 -> 0
2019-09-19 08:26:39,558 [grpc-default-executor-9] WARN  server.GrpcLogAppender (LogUtils.java:warn(134)) - 830f5926-e6f3-4fc6-b48b-87b1008588b0@group-7A121B0D245D->e50c69ec-4263-4416-9cef-9cb60973670d-AppendLogResponseHandler: Failed appendEntries: org.apache.ratis.thirdparty.io.grpc.StatusRuntimeException: UNAVAILABLE: io exception
2019-09-19 08:26:39,559 [grpc-default-executor-9] INFO  impl.FollowerInfo (FollowerInfo.java:lambda$new$0(51)) - 830f5926-e6f3-4fc6-b48b-87b1008588b0@group-7A121B0D245D->e50c69ec-4263-4416-9cef-9cb60973670d: nextIndex: updateUnconditionally 0 -> 0
2019-09-19 08:26:39,745 [grpc-default-executor-13] WARN  server.GrpcLogAppender (LogUtils.java:warn(134)) - 830f5926-e6f3-4fc6-b48b-87b1008588b0@group-0B9F0340E072->64a8661b-c2d9-4df7-8ca1-1b29ef624e85-AppendLogResponseHandler: Failed appendEntries: org.apache.ratis.thirdparty.io.grpc.StatusRuntimeException: UNAVAILABLE: io exception
2019-09-19 08:26:39,746 [grpc-default-executor-13] INFO  impl.FollowerInfo (FollowerInfo.java:lambda$new$0(51)) - 830f5926-e6f3-4fc6-b48b-87b1008588b0@group-0B9F0340E072->64a8661b-c2d9-4df7-8ca1-1b29ef624e85: nextIndex: updateUnconditionally 0 -> 0
2019-09-19 08:26:39,811 [grpc-default-executor-13] WARN  server.GrpcLogAppender (LogUtils.java:warn(134)) - 830f5926-e6f3-4fc6-b48b-87b1008588b0@group-0B9F0340E072->e50c69ec-4263-4416-9cef-9cb60973670d-AppendLogResponseHandler: Failed appendEntries: org.apache.ratis.thirdparty.io.grpc.StatusRuntimeException: UNAVAILABLE: io exception
2019-09-19 08:26:39,811 [grpc-default-executor-13] INFO  impl.FollowerInfo (FollowerInfo.java:lambda$new$0(51)) - 830f5926-e6f3-4fc6-b48b-87b1008588b0@group-0B9F0340E072->e50c69ec-4263-4416-9cef-9cb60973670d: nextIndex: updateUnconditionally 0 -> 0
2019-09-19 08:26:39,844 [Datanode State Machine Thread - 0] INFO  statemachine.DatanodeStateMachine (DatanodeStateMachine.java:lambda$startDaemon$0(350)) - Ozone container server started.
2019-09-19 08:26:40,025 [grpc-default-executor-13] WARN  server.GrpcLogAppender (LogUtils.java:warn(134)) - 830f5926-e6f3-4fc6-b48b-87b1008588b0@group-7A121B0D245D->64a8661b-c2d9-4df7-8ca1-1b29ef624e85-AppendLogResponseHandler: Failed appendEntries: org.apache.ratis.thirdparty.io.grpc.StatusRuntimeException: UNAVAILABLE: io exception
2019-09-19 08:26:40,025 [grpc-default-executor-13] INFO  impl.FollowerInfo (FollowerInfo.java:lambda$new$0(51)) - 830f5926-e6f3-4fc6-b48b-87b1008588b0@group-7A121B0D245D->64a8661b-c2d9-4df7-8ca1-1b29ef624e85: nextIndex: updateUnconditionally 0 -> 0
2019-09-19 08:26:40,060 [grpc-default-executor-13] WARN  server.GrpcLogAppender (LogUtils.java:warn(134)) - 830f5926-e6f3-4fc6-b48b-87b1008588b0@group-7A121B0D245D->e50c69ec-4263-4416-9cef-9cb60973670d-AppendLogResponseHandler: Failed appendEntries: org.apache.ratis.thirdparty.io.grpc.StatusRuntimeException: UNAVAILABLE: io exception
2019-09-19 08:26:40,061 [grpc-default-executor-13] INFO  impl.FollowerInfo (FollowerInfo.java:lambda$new$0(51)) - 830f5926-e6f3-4fc6-b48b-87b1008588b0@group-7A121B0D245D->e50c69ec-4263-4416-9cef-9cb60973670d: nextIndex: updateUnconditionally 0 -> 0
2019-09-19 08:26:40,247 [grpc-default-executor-14] WARN  server.GrpcLogAppender (LogUtils.java:warn(134)) - 830f5926-e6f3-4fc6-b48b-87b1008588b0@group-0B9F0340E072->64a8661b-c2d9-4df7-8ca1-1b29ef624e85-AppendLogResponseHandler: Failed appendEntries: org.apache.ratis.thirdparty.io.grpc.StatusRuntimeException: UNAVAILABLE: io exception
2019-09-19 08:26:40,247 [grpc-default-executor-14] INFO  impl.FollowerInfo (FollowerInfo.java:lambda$new$0(51)) - 830f5926-e6f3-4fc6-b48b-87b1008588b0@group-0B9F0340E072->64a8661b-c2d9-4df7-8ca1-1b29ef624e85: nextIndex: updateUnconditionally 0 -> 0
2019-09-19 08:26:40,312 [grpc-default-executor-13] WARN  server.GrpcLogAppender (LogUtils.java:warn(134)) - 830f5926-e6f3-4fc6-b48b-87b1008588b0@group-0B9F0340E072->e50c69ec-4263-4416-9cef-9cb60973670d-AppendLogResponseHandler: Failed appendEntries: org.apache.ratis.thirdparty.io.grpc.StatusRuntimeException: UNAVAILABLE: io exception
2019-09-19 08:26:40,313 [grpc-default-executor-13] INFO  impl.FollowerInfo (FollowerInfo.java:lambda$new$0(51)) - 830f5926-e6f3-4fc6-b48b-87b1008588b0@group-0B9F0340E072->e50c69ec-4263-4416-9cef-9cb60973670d: nextIndex: updateUnconditionally 0 -> 0
2019-09-19 08:26:40,392 [Thread-2136] INFO  impl.FollowerState (FollowerState.java:run(106)) - 830f5926-e6f3-4fc6-b48b-87b1008588b0:group-6FD53671956A changes to CANDIDATE, lastRpcTime:1046, electionTimeout:1046ms
2019-09-19 08:26:40,392 [Thread-2136] INFO  impl.RoleInfo (RoleInfo.java:shutdownFollowerState(121)) - 830f5926-e6f3-4fc6-b48b-87b1008588b0: shutdown FollowerState
2019-09-19 08:26:40,392 [Thread-2136] INFO  impl.RaftServerImpl (RaftServerImpl.java:setRole(174)) - 830f5926-e6f3-4fc6-b48b-87b1008588b0@group-6FD53671956A: changes role from  FOLLOWER to CANDIDATE at term 4 for changeToCandidate
2019-09-19 08:26:40,393 [Thread-2136] INFO  impl.RoleInfo (RoleInfo.java:updateAndGet(143)) - 830f5926-e6f3-4fc6-b48b-87b1008588b0: start LeaderElection
2019-09-19 08:26:40,407 [830f5926-e6f3-4fc6-b48b-87b1008588b0@group-6FD53671956A:LeaderElection139] INFO  impl.LeaderElection (LeaderElection.java:askForVotes(182)) - 830f5926-e6f3-4fc6-b48b-87b1008588b0@group-6FD53671956A:LeaderElection139: begin an election at term 5 for 0: [64a8661b-c2d9-4df7-8ca1-1b29ef624e85:192.168.36.85:38418, 830f5926-e6f3-4fc6-b48b-87b1008588b0:192.168.36.85:44294, e50c69ec-4263-4416-9cef-9cb60973670d:192.168.36.85:44827], old=null
2019-09-19 08:26:40,412 [830f5926-e6f3-4fc6-b48b-87b1008588b0@group-6FD53671956A:LeaderElection139] INFO  impl.LeaderElection (LogUtils.java:infoOrTrace(149)) - 830f5926-e6f3-4fc6-b48b-87b1008588b0@group-6FD53671956A:LeaderElection139 got exception when requesting votes: {}
java.util.concurrent.ExecutionException: org.apache.ratis.thirdparty.io.grpc.StatusRuntimeException: UNAVAILABLE: io exception
	at java.util.concurrent.FutureTask.report(FutureTask.java:122)
	at java.util.concurrent.FutureTask.get(FutureTask.java:192)
	at org.apache.ratis.server.impl.LeaderElection.waitForResults(LeaderElection.java:263)
	at org.apache.ratis.server.impl.LeaderElection.askForVotes(LeaderElection.java:201)
	at org.apache.ratis.server.impl.LeaderElection.run(LeaderElection.java:133)
	at java.lang.Thread.run(Thread.java:748)
Caused by: org.apache.ratis.thirdparty.io.grpc.StatusRuntimeException: UNAVAILABLE: io exception
	at org.apache.ratis.thirdparty.io.grpc.stub.ClientCalls.toStatusRuntimeException(ClientCalls.java:233)
	at org.apache.ratis.thirdparty.io.grpc.stub.ClientCalls.getUnchecked(ClientCalls.java:214)
	at org.apache.ratis.thirdparty.io.grpc.stub.ClientCalls.blockingUnaryCall(ClientCalls.java:139)
	at org.apache.ratis.proto.grpc.RaftServerProtocolServiceGrpc$RaftServerProtocolServiceBlockingStub.requestVote(RaftServerProtocolServiceGrpc.java:265)
	at org.apache.ratis.grpc.server.GrpcServerProtocolClient.requestVote(GrpcServerProtocolClient.java:90)
	at org.apache.ratis.grpc.server.GrpcService.requestVote(GrpcService.java:204)
	at org.apache.ratis.server.impl.LeaderElection.lambda$submitRequests$1(LeaderElection.java:238)
	at java.util.concurrent.FutureTask.run(FutureTask.java:266)
	at java.util.concurrent.Executors$RunnableAdapter.call(Executors.java:511)
	at java.util.concurrent.FutureTask.run(FutureTask.java:266)
	at java.util.concurrent.ThreadPoolExecutor.runWorker(ThreadPoolExecutor.java:1149)
	at java.util.concurrent.ThreadPoolExecutor$Worker.run(ThreadPoolExecutor.java:624)
	... 1 more
Caused by: org.apache.ratis.thirdparty.io.netty.channel.AbstractChannel$AnnotatedConnectException: Connection refused: /192.168.36.85:38418
	at sun.nio.ch.SocketChannelImpl.checkConnect(Native Method)
	at sun.nio.ch.SocketChannelImpl.finishConnect(SocketChannelImpl.java:717)
	at org.apache.ratis.thirdparty.io.netty.channel.socket.nio.NioSocketChannel.doFinishConnect(NioSocketChannel.java:327)
	at org.apache.ratis.thirdparty.io.netty.channel.nio.AbstractNioChannel$AbstractNioUnsafe.finishConnect(AbstractNioChannel.java:340)
	at org.apache.ratis.thirdparty.io.netty.channel.nio.NioEventLoop.processSelectedKey(NioEventLoop.java:632)
	at org.apache.ratis.thirdparty.io.netty.channel.nio.NioEventLoop.processSelectedKeysOptimized(NioEventLoop.java:579)
	at org.apache.ratis.thirdparty.io.netty.channel.nio.NioEventLoop.processSelectedKeys(NioEventLoop.java:496)
	at org.apache.ratis.thirdparty.io.netty.channel.nio.NioEventLoop.run(NioEventLoop.java:458)
	at org.apache.ratis.thirdparty.io.netty.util.concurrent.SingleThreadEventExecutor$5.run(SingleThreadEventExecutor.java:897)
	at org.apache.ratis.thirdparty.io.netty.util.concurrent.FastThreadLocalRunnable.run(FastThreadLocalRunnable.java:30)
	... 1 more
Caused by: java.net.ConnectException: Connection refused
	... 11 more
2019-09-19 08:26:40,413 [830f5926-e6f3-4fc6-b48b-87b1008588b0@group-6FD53671956A:LeaderElection139] INFO  impl.LeaderElection (LogUtils.java:infoOrTrace(149)) - 830f5926-e6f3-4fc6-b48b-87b1008588b0@group-6FD53671956A:LeaderElection139 got exception when requesting votes: {}
java.util.concurrent.ExecutionException: org.apache.ratis.thirdparty.io.grpc.StatusRuntimeException: UNAVAILABLE: io exception
	at java.util.concurrent.FutureTask.report(FutureTask.java:122)
	at java.util.concurrent.FutureTask.get(FutureTask.java:192)
	at org.apache.ratis.server.impl.LeaderElection.waitForResults(LeaderElection.java:263)
	at org.apache.ratis.server.impl.LeaderElection.askForVotes(LeaderElection.java:201)
	at org.apache.ratis.server.impl.LeaderElection.run(LeaderElection.java:133)
	at java.lang.Thread.run(Thread.java:748)
Caused by: org.apache.ratis.thirdparty.io.grpc.StatusRuntimeException: UNAVAILABLE: io exception
	at org.apache.ratis.thirdparty.io.grpc.stub.ClientCalls.toStatusRuntimeException(ClientCalls.java:233)
	at org.apache.ratis.thirdparty.io.grpc.stub.ClientCalls.getUnchecked(ClientCalls.java:214)
	at org.apache.ratis.thirdparty.io.grpc.stub.ClientCalls.blockingUnaryCall(ClientCalls.java:139)
	at org.apache.ratis.proto.grpc.RaftServerProtocolServiceGrpc$RaftServerProtocolServiceBlockingStub.requestVote(RaftServerProtocolServiceGrpc.java:265)
	at org.apache.ratis.grpc.server.GrpcServerProtocolClient.requestVote(GrpcServerProtocolClient.java:90)
	at org.apache.ratis.grpc.server.GrpcService.requestVote(GrpcService.java:204)
	at org.apache.ratis.server.impl.LeaderElection.lambda$submitRequests$1(LeaderElection.java:238)
	at java.util.concurrent.FutureTask.run(FutureTask.java:266)
	at java.util.concurrent.Executors$RunnableAdapter.call(Executors.java:511)
	at java.util.concurrent.FutureTask.run(FutureTask.java:266)
	at java.util.concurrent.ThreadPoolExecutor.runWorker(ThreadPoolExecutor.java:1149)
	at java.util.concurrent.ThreadPoolExecutor$Worker.run(ThreadPoolExecutor.java:624)
	... 1 more
Caused by: org.apache.ratis.thirdparty.io.netty.channel.AbstractChannel$AnnotatedConnectException: Connection refused: /192.168.36.85:44827
	at sun.nio.ch.SocketChannelImpl.checkConnect(Native Method)
	at sun.nio.ch.SocketChannelImpl.finishConnect(SocketChannelImpl.java:717)
	at org.apache.ratis.thirdparty.io.netty.channel.socket.nio.NioSocketChannel.doFinishConnect(NioSocketChannel.java:327)
	at org.apache.ratis.thirdparty.io.netty.channel.nio.AbstractNioChannel$AbstractNioUnsafe.finishConnect(AbstractNioChannel.java:340)
	at org.apache.ratis.thirdparty.io.netty.channel.nio.NioEventLoop.processSelectedKey(NioEventLoop.java:632)
	at org.apache.ratis.thirdparty.io.netty.channel.nio.NioEventLoop.processSelectedKeysOptimized(NioEventLoop.java:579)
	at org.apache.ratis.thirdparty.io.netty.channel.nio.NioEventLoop.processSelectedKeys(NioEventLoop.java:496)
	at org.apache.ratis.thirdparty.io.netty.channel.nio.NioEventLoop.run(NioEventLoop.java:458)
	at org.apache.ratis.thirdparty.io.netty.util.concurrent.SingleThreadEventExecutor$5.run(SingleThreadEventExecutor.java:897)
	at org.apache.ratis.thirdparty.io.netty.util.concurrent.FastThreadLocalRunnable.run(FastThreadLocalRunnable.java:30)
	... 1 more
Caused by: java.net.ConnectException: Connection refused
	... 11 more
2019-09-19 08:26:40,414 [830f5926-e6f3-4fc6-b48b-87b1008588b0@group-6FD53671956A:LeaderElection139] INFO  impl.LeaderElection (LeaderElection.java:logAndReturn(56)) - 830f5926-e6f3-4fc6-b48b-87b1008588b0@group-6FD53671956A:LeaderElection139: Election REJECTED; received 0 response(s) [] and 2 exception(s); 830f5926-e6f3-4fc6-b48b-87b1008588b0@group-6FD53671956A:t5, leader=null, voted=830f5926-e6f3-4fc6-b48b-87b1008588b0, raftlog=830f5926-e6f3-4fc6-b48b-87b1008588b0@group-6FD53671956A-SegmentedRaftLog:OPENED:c0,f0,i0, conf=0: [64a8661b-c2d9-4df7-8ca1-1b29ef624e85:192.168.36.85:38418, 830f5926-e6f3-4fc6-b48b-87b1008588b0:192.168.36.85:44294, e50c69ec-4263-4416-9cef-9cb60973670d:192.168.36.85:44827], old=null
2019-09-19 08:26:40,414 [830f5926-e6f3-4fc6-b48b-87b1008588b0@group-6FD53671956A:LeaderElection139] INFO  impl.LeaderElection (LogUtils.java:infoOrTrace(149)) -   Exception 0: {}
java.util.concurrent.ExecutionException: org.apache.ratis.thirdparty.io.grpc.StatusRuntimeException: UNAVAILABLE: io exception
	at java.util.concurrent.FutureTask.report(FutureTask.java:122)
	at java.util.concurrent.FutureTask.get(FutureTask.java:192)
	at org.apache.ratis.server.impl.LeaderElection.waitForResults(LeaderElection.java:263)
	at org.apache.ratis.server.impl.LeaderElection.askForVotes(LeaderElection.java:201)
	at org.apache.ratis.server.impl.LeaderElection.run(LeaderElection.java:133)
	at java.lang.Thread.run(Thread.java:748)
Caused by: org.apache.ratis.thirdparty.io.grpc.StatusRuntimeException: UNAVAILABLE: io exception
	at org.apache.ratis.thirdparty.io.grpc.stub.ClientCalls.toStatusRuntimeException(ClientCalls.java:233)
	at org.apache.ratis.thirdparty.io.grpc.stub.ClientCalls.getUnchecked(ClientCalls.java:214)
	at org.apache.ratis.thirdparty.io.grpc.stub.ClientCalls.blockingUnaryCall(ClientCalls.java:139)
	at org.apache.ratis.proto.grpc.RaftServerProtocolServiceGrpc$RaftServerProtocolServiceBlockingStub.requestVote(RaftServerProtocolServiceGrpc.java:265)
	at org.apache.ratis.grpc.server.GrpcServerProtocolClient.requestVote(GrpcServerProtocolClient.java:90)
	at org.apache.ratis.grpc.server.GrpcService.requestVote(GrpcService.java:204)
	at org.apache.ratis.server.impl.LeaderElection.lambda$submitRequests$1(LeaderElection.java:238)
	at java.util.concurrent.FutureTask.run(FutureTask.java:266)
	at java.util.concurrent.Executors$RunnableAdapter.call(Executors.java:511)
	at java.util.concurrent.FutureTask.run(FutureTask.java:266)
	at java.util.concurrent.ThreadPoolExecutor.runWorker(ThreadPoolExecutor.java:1149)
	at java.util.concurrent.ThreadPoolExecutor$Worker.run(ThreadPoolExecutor.java:624)
	... 1 more
Caused by: org.apache.ratis.thirdparty.io.netty.channel.AbstractChannel$AnnotatedConnectException: Connection refused: /192.168.36.85:38418
	at sun.nio.ch.SocketChannelImpl.checkConnect(Native Method)
	at sun.nio.ch.SocketChannelImpl.finishConnect(SocketChannelImpl.java:717)
	at org.apache.ratis.thirdparty.io.netty.channel.socket.nio.NioSocketChannel.doFinishConnect(NioSocketChannel.java:327)
	at org.apache.ratis.thirdparty.io.netty.channel.nio.AbstractNioChannel$AbstractNioUnsafe.finishConnect(AbstractNioChannel.java:340)
	at org.apache.ratis.thirdparty.io.netty.channel.nio.NioEventLoop.processSelectedKey(NioEventLoop.java:632)
	at org.apache.ratis.thirdparty.io.netty.channel.nio.NioEventLoop.processSelectedKeysOptimized(NioEventLoop.java:579)
	at org.apache.ratis.thirdparty.io.netty.channel.nio.NioEventLoop.processSelectedKeys(NioEventLoop.java:496)
	at org.apache.ratis.thirdparty.io.netty.channel.nio.NioEventLoop.run(NioEventLoop.java:458)
	at org.apache.ratis.thirdparty.io.netty.util.concurrent.SingleThreadEventExecutor$5.run(SingleThreadEventExecutor.java:897)
	at org.apache.ratis.thirdparty.io.netty.util.concurrent.FastThreadLocalRunnable.run(FastThreadLocalRunnable.java:30)
	... 1 more
Caused by: java.net.ConnectException: Connection refused
	... 11 more
2019-09-19 08:26:40,414 [830f5926-e6f3-4fc6-b48b-87b1008588b0@group-6FD53671956A:LeaderElection139] INFO  impl.LeaderElection (LogUtils.java:infoOrTrace(149)) -   Exception 1: {}
java.util.concurrent.ExecutionException: org.apache.ratis.thirdparty.io.grpc.StatusRuntimeException: UNAVAILABLE: io exception
	at java.util.concurrent.FutureTask.report(FutureTask.java:122)
	at java.util.concurrent.FutureTask.get(FutureTask.java:192)
	at org.apache.ratis.server.impl.LeaderElection.waitForResults(LeaderElection.java:263)
	at org.apache.ratis.server.impl.LeaderElection.askForVotes(LeaderElection.java:201)
	at org.apache.ratis.server.impl.LeaderElection.run(LeaderElection.java:133)
	at java.lang.Thread.run(Thread.java:748)
Caused by: org.apache.ratis.thirdparty.io.grpc.StatusRuntimeException: UNAVAILABLE: io exception
	at org.apache.ratis.thirdparty.io.grpc.stub.ClientCalls.toStatusRuntimeException(ClientCalls.java:233)
	at org.apache.ratis.thirdparty.io.grpc.stub.ClientCalls.getUnchecked(ClientCalls.java:214)
	at org.apache.ratis.thirdparty.io.grpc.stub.ClientCalls.blockingUnaryCall(ClientCalls.java:139)
	at org.apache.ratis.proto.grpc.RaftServerProtocolServiceGrpc$RaftServerProtocolServiceBlockingStub.requestVote(RaftServerProtocolServiceGrpc.java:265)
	at org.apache.ratis.grpc.server.GrpcServerProtocolClient.requestVote(GrpcServerProtocolClient.java:90)
	at org.apache.ratis.grpc.server.GrpcService.requestVote(GrpcService.java:204)
	at org.apache.ratis.server.impl.LeaderElection.lambda$submitRequests$1(LeaderElection.java:238)
	at java.util.concurrent.FutureTask.run(FutureTask.java:266)
	at java.util.concurrent.Executors$RunnableAdapter.call(Executors.java:511)
	at java.util.concurrent.FutureTask.run(FutureTask.java:266)
	at java.util.concurrent.ThreadPoolExecutor.runWorker(ThreadPoolExecutor.java:1149)
	at java.util.concurrent.ThreadPoolExecutor$Worker.run(ThreadPoolExecutor.java:624)
	... 1 more
Caused by: org.apache.ratis.thirdparty.io.netty.channel.AbstractChannel$AnnotatedConnectException: Connection refused: /192.168.36.85:44827
	at sun.nio.ch.SocketChannelImpl.checkConnect(Native Method)
	at sun.nio.ch.SocketChannelImpl.finishConnect(SocketChannelImpl.java:717)
	at org.apache.ratis.thirdparty.io.netty.channel.socket.nio.NioSocketChannel.doFinishConnect(NioSocketChannel.java:327)
	at org.apache.ratis.thirdparty.io.netty.channel.nio.AbstractNioChannel$AbstractNioUnsafe.finishConnect(AbstractNioChannel.java:340)
	at org.apache.ratis.thirdparty.io.netty.channel.nio.NioEventLoop.processSelectedKey(NioEventLoop.java:632)
	at org.apache.ratis.thirdparty.io.netty.channel.nio.NioEventLoop.processSelectedKeysOptimized(NioEventLoop.java:579)
	at org.apache.ratis.thirdparty.io.netty.channel.nio.NioEventLoop.processSelectedKeys(NioEventLoop.java:496)
	at org.apache.ratis.thirdparty.io.netty.channel.nio.NioEventLoop.run(NioEventLoop.java:458)
	at org.apache.ratis.thirdparty.io.netty.util.concurrent.SingleThreadEventExecutor$5.run(SingleThreadEventExecutor.java:897)
	at org.apache.ratis.thirdparty.io.netty.util.concurrent.FastThreadLocalRunnable.run(FastThreadLocalRunnable.java:30)
	... 1 more
Caused by: java.net.ConnectException: Connection refused
	... 11 more
2019-09-19 08:26:40,415 [830f5926-e6f3-4fc6-b48b-87b1008588b0@group-6FD53671956A:LeaderElection139] INFO  impl.RaftServerImpl (RaftServerImpl.java:setRole(174)) - 830f5926-e6f3-4fc6-b48b-87b1008588b0@group-6FD53671956A: changes role from CANDIDATE to FOLLOWER at term 5 for DISCOVERED_A_NEW_TERM
2019-09-19 08:26:40,416 [830f5926-e6f3-4fc6-b48b-87b1008588b0@group-6FD53671956A:LeaderElection139] INFO  impl.RoleInfo (RoleInfo.java:shutdownLeaderElection(134)) - 830f5926-e6f3-4fc6-b48b-87b1008588b0: shutdown LeaderElection
2019-09-19 08:26:40,416 [830f5926-e6f3-4fc6-b48b-87b1008588b0@group-6FD53671956A:LeaderElection139] INFO  impl.RoleInfo (RoleInfo.java:updateAndGet(143)) - 830f5926-e6f3-4fc6-b48b-87b1008588b0: start FollowerState
2019-09-19 08:26:40,523 [grpc-default-executor-13] WARN  server.GrpcLogAppender (LogUtils.java:warn(134)) - 830f5926-e6f3-4fc6-b48b-87b1008588b0@group-7A121B0D245D->64a8661b-c2d9-4df7-8ca1-1b29ef624e85-AppendLogResponseHandler: Failed appendEntries: org.apache.ratis.thirdparty.io.grpc.StatusRuntimeException: UNAVAILABLE: io exception
2019-09-19 08:26:40,524 [grpc-default-executor-13] INFO  impl.FollowerInfo (FollowerInfo.java:lambda$new$0(51)) - 830f5926-e6f3-4fc6-b48b-87b1008588b0@group-7A121B0D245D->64a8661b-c2d9-4df7-8ca1-1b29ef624e85: nextIndex: updateUnconditionally 0 -> 0
2019-09-19 08:26:40,559 [grpc-default-executor-13] WARN  server.GrpcLogAppender (LogUtils.java:warn(134)) - 830f5926-e6f3-4fc6-b48b-87b1008588b0@group-7A121B0D245D->e50c69ec-4263-4416-9cef-9cb60973670d-AppendLogResponseHandler: Failed appendEntries: org.apache.ratis.thirdparty.io.grpc.StatusRuntimeException: UNAVAILABLE: io exception
2019-09-19 08:26:40,560 [grpc-default-executor-13] INFO  impl.FollowerInfo (FollowerInfo.java:lambda$new$0(51)) - 830f5926-e6f3-4fc6-b48b-87b1008588b0@group-7A121B0D245D->e50c69ec-4263-4416-9cef-9cb60973670d: nextIndex: updateUnconditionally 0 -> 0
2019-09-19 08:26:40,747 [grpc-default-executor-9] WARN  server.GrpcLogAppender (LogUtils.java:warn(134)) - 830f5926-e6f3-4fc6-b48b-87b1008588b0@group-0B9F0340E072->64a8661b-c2d9-4df7-8ca1-1b29ef624e85-AppendLogResponseHandler: Failed appendEntries: org.apache.ratis.thirdparty.io.grpc.StatusRuntimeException: UNAVAILABLE: io exception
2019-09-19 08:26:40,747 [grpc-default-executor-9] INFO  impl.FollowerInfo (FollowerInfo.java:lambda$new$0(51)) - 830f5926-e6f3-4fc6-b48b-87b1008588b0@group-0B9F0340E072->64a8661b-c2d9-4df7-8ca1-1b29ef624e85: nextIndex: updateUnconditionally 0 -> 0
2019-09-19 08:26:40,813 [grpc-default-executor-14] WARN  server.GrpcLogAppender (LogUtils.java:warn(134)) - 830f5926-e6f3-4fc6-b48b-87b1008588b0@group-0B9F0340E072->e50c69ec-4263-4416-9cef-9cb60973670d-AppendLogResponseHandler: Failed appendEntries: org.apache.ratis.thirdparty.io.grpc.StatusRuntimeException: UNAVAILABLE: io exception
2019-09-19 08:26:40,814 [grpc-default-executor-14] INFO  impl.FollowerInfo (FollowerInfo.java:lambda$new$0(51)) - 830f5926-e6f3-4fc6-b48b-87b1008588b0@group-0B9F0340E072->e50c69ec-4263-4416-9cef-9cb60973670d: nextIndex: updateUnconditionally 0 -> 0
2019-09-19 08:26:41,026 [grpc-default-executor-13] WARN  server.GrpcLogAppender (LogUtils.java:warn(134)) - 830f5926-e6f3-4fc6-b48b-87b1008588b0@group-7A121B0D245D->64a8661b-c2d9-4df7-8ca1-1b29ef624e85-AppendLogResponseHandler: Failed appendEntries: org.apache.ratis.thirdparty.io.grpc.StatusRuntimeException: UNAVAILABLE: io exception
2019-09-19 08:26:41,026 [grpc-default-executor-13] INFO  impl.FollowerInfo (FollowerInfo.java:lambda$new$0(51)) - 830f5926-e6f3-4fc6-b48b-87b1008588b0@group-7A121B0D245D->64a8661b-c2d9-4df7-8ca1-1b29ef624e85: nextIndex: updateUnconditionally 0 -> 0
2019-09-19 08:26:41,061 [grpc-default-executor-9] WARN  server.GrpcLogAppender (LogUtils.java:warn(134)) - 830f5926-e6f3-4fc6-b48b-87b1008588b0@group-7A121B0D245D->e50c69ec-4263-4416-9cef-9cb60973670d-AppendLogResponseHandler: Failed appendEntries: org.apache.ratis.thirdparty.io.grpc.StatusRuntimeException: UNAVAILABLE: io exception
2019-09-19 08:26:41,061 [grpc-default-executor-9] INFO  impl.FollowerInfo (FollowerInfo.java:lambda$new$0(51)) - 830f5926-e6f3-4fc6-b48b-87b1008588b0@group-7A121B0D245D->e50c69ec-4263-4416-9cef-9cb60973670d: nextIndex: updateUnconditionally 0 -> 0
2019-09-19 08:26:41,248 [grpc-default-executor-13] WARN  server.GrpcLogAppender (LogUtils.java:warn(134)) - 830f5926-e6f3-4fc6-b48b-87b1008588b0@group-0B9F0340E072->64a8661b-c2d9-4df7-8ca1-1b29ef624e85-AppendLogResponseHandler: Failed appendEntries: org.apache.ratis.thirdparty.io.grpc.StatusRuntimeException: UNAVAILABLE: io exception
2019-09-19 08:26:41,248 [grpc-default-executor-13] INFO  impl.FollowerInfo (FollowerInfo.java:lambda$new$0(51)) - 830f5926-e6f3-4fc6-b48b-87b1008588b0@group-0B9F0340E072->64a8661b-c2d9-4df7-8ca1-1b29ef624e85: nextIndex: updateUnconditionally 0 -> 0
2019-09-19 08:26:41,314 [grpc-default-executor-13] WARN  server.GrpcLogAppender (LogUtils.java:warn(134)) - 830f5926-e6f3-4fc6-b48b-87b1008588b0@group-0B9F0340E072->e50c69ec-4263-4416-9cef-9cb60973670d-AppendLogResponseHandler: Failed appendEntries: org.apache.ratis.thirdparty.io.grpc.StatusRuntimeException: UNAVAILABLE: io exception
2019-09-19 08:26:41,314 [grpc-default-executor-13] INFO  impl.FollowerInfo (FollowerInfo.java:lambda$new$0(51)) - 830f5926-e6f3-4fc6-b48b-87b1008588b0@group-0B9F0340E072->e50c69ec-4263-4416-9cef-9cb60973670d: nextIndex: updateUnconditionally 0 -> 0
2019-09-19 08:26:41,465 [Thread-2140] INFO  impl.FollowerState (FollowerState.java:run(106)) - 830f5926-e6f3-4fc6-b48b-87b1008588b0:group-6FD53671956A changes to CANDIDATE, lastRpcTime:1048, electionTimeout:1048ms
2019-09-19 08:26:41,465 [Thread-2140] INFO  impl.RoleInfo (RoleInfo.java:shutdownFollowerState(121)) - 830f5926-e6f3-4fc6-b48b-87b1008588b0: shutdown FollowerState
2019-09-19 08:26:41,465 [Thread-2140] INFO  impl.RaftServerImpl (RaftServerImpl.java:setRole(174)) - 830f5926-e6f3-4fc6-b48b-87b1008588b0@group-6FD53671956A: changes role from  FOLLOWER to CANDIDATE at term 5 for changeToCandidate
2019-09-19 08:26:41,465 [Thread-2140] INFO  impl.RoleInfo (RoleInfo.java:updateAndGet(143)) - 830f5926-e6f3-4fc6-b48b-87b1008588b0: start LeaderElection
2019-09-19 08:26:41,521 [830f5926-e6f3-4fc6-b48b-87b1008588b0@group-6FD53671956A:LeaderElection140] INFO  impl.LeaderElection (LeaderElection.java:askForVotes(182)) - 830f5926-e6f3-4fc6-b48b-87b1008588b0@group-6FD53671956A:LeaderElection140: begin an election at term 6 for 0: [64a8661b-c2d9-4df7-8ca1-1b29ef624e85:192.168.36.85:38418, 830f5926-e6f3-4fc6-b48b-87b1008588b0:192.168.36.85:44294, e50c69ec-4263-4416-9cef-9cb60973670d:192.168.36.85:44827], old=null
2019-09-19 08:26:41,524 [830f5926-e6f3-4fc6-b48b-87b1008588b0@group-6FD53671956A:LeaderElection140] INFO  impl.LeaderElection (LogUtils.java:infoOrTrace(149)) - 830f5926-e6f3-4fc6-b48b-87b1008588b0@group-6FD53671956A:LeaderElection140 got exception when requesting votes: {}
java.util.concurrent.ExecutionException: org.apache.ratis.thirdparty.io.grpc.StatusRuntimeException: UNAVAILABLE: io exception
	at java.util.concurrent.FutureTask.report(FutureTask.java:122)
	at java.util.concurrent.FutureTask.get(FutureTask.java:192)
	at org.apache.ratis.server.impl.LeaderElection.waitForResults(LeaderElection.java:263)
	at org.apache.ratis.server.impl.LeaderElection.askForVotes(LeaderElection.java:201)
	at org.apache.ratis.server.impl.LeaderElection.run(LeaderElection.java:133)
	at java.lang.Thread.run(Thread.java:748)
Caused by: org.apache.ratis.thirdparty.io.grpc.StatusRuntimeException: UNAVAILABLE: io exception
	at org.apache.ratis.thirdparty.io.grpc.stub.ClientCalls.toStatusRuntimeException(ClientCalls.java:233)
	at org.apache.ratis.thirdparty.io.grpc.stub.ClientCalls.getUnchecked(ClientCalls.java:214)
	at org.apache.ratis.thirdparty.io.grpc.stub.ClientCalls.blockingUnaryCall(ClientCalls.java:139)
	at org.apache.ratis.proto.grpc.RaftServerProtocolServiceGrpc$RaftServerProtocolServiceBlockingStub.requestVote(RaftServerProtocolServiceGrpc.java:265)
	at org.apache.ratis.grpc.server.GrpcServerProtocolClient.requestVote(GrpcServerProtocolClient.java:90)
	at org.apache.ratis.grpc.server.GrpcService.requestVote(GrpcService.java:204)
	at org.apache.ratis.server.impl.LeaderElection.lambda$submitRequests$1(LeaderElection.java:238)
	at java.util.concurrent.FutureTask.run(FutureTask.java:266)
	at java.util.concurrent.Executors$RunnableAdapter.call(Executors.java:511)
	at java.util.concurrent.FutureTask.run(FutureTask.java:266)
	at java.util.concurrent.ThreadPoolExecutor.runWorker(ThreadPoolExecutor.java:1149)
	at java.util.concurrent.ThreadPoolExecutor$Worker.run(ThreadPoolExecutor.java:624)
	... 1 more
Caused by: org.apache.ratis.thirdparty.io.netty.channel.AbstractChannel$AnnotatedConnectException: Connection refused: /192.168.36.85:44827
	at sun.nio.ch.SocketChannelImpl.checkConnect(Native Method)
	at sun.nio.ch.SocketChannelImpl.finishConnect(SocketChannelImpl.java:717)
	at org.apache.ratis.thirdparty.io.netty.channel.socket.nio.NioSocketChannel.doFinishConnect(NioSocketChannel.java:327)
	at org.apache.ratis.thirdparty.io.netty.channel.nio.AbstractNioChannel$AbstractNioUnsafe.finishConnect(AbstractNioChannel.java:340)
	at org.apache.ratis.thirdparty.io.netty.channel.nio.NioEventLoop.processSelectedKey(NioEventLoop.java:632)
	at org.apache.ratis.thirdparty.io.netty.channel.nio.NioEventLoop.processSelectedKeysOptimized(NioEventLoop.java:579)
	at org.apache.ratis.thirdparty.io.netty.channel.nio.NioEventLoop.processSelectedKeys(NioEventLoop.java:496)
	at org.apache.ratis.thirdparty.io.netty.channel.nio.NioEventLoop.run(NioEventLoop.java:458)
	at org.apache.ratis.thirdparty.io.netty.util.concurrent.SingleThreadEventExecutor$5.run(SingleThreadEventExecutor.java:897)
	at org.apache.ratis.thirdparty.io.netty.util.concurrent.FastThreadLocalRunnable.run(FastThreadLocalRunnable.java:30)
	... 1 more
Caused by: java.net.ConnectException: Connection refused
	... 11 more
2019-09-19 08:26:41,524 [grpc-default-executor-13] WARN  server.GrpcLogAppender (LogUtils.java:warn(134)) - 830f5926-e6f3-4fc6-b48b-87b1008588b0@group-7A121B0D245D->64a8661b-c2d9-4df7-8ca1-1b29ef624e85-AppendLogResponseHandler: Failed appendEntries: org.apache.ratis.thirdparty.io.grpc.StatusRuntimeException: UNAVAILABLE: io exception
2019-09-19 08:26:41,525 [830f5926-e6f3-4fc6-b48b-87b1008588b0@group-6FD53671956A:LeaderElection140] INFO  impl.LeaderElection (LogUtils.java:infoOrTrace(149)) - 830f5926-e6f3-4fc6-b48b-87b1008588b0@group-6FD53671956A:LeaderElection140 got exception when requesting votes: {}
java.util.concurrent.ExecutionException: org.apache.ratis.thirdparty.io.grpc.StatusRuntimeException: UNAVAILABLE: io exception
	at java.util.concurrent.FutureTask.report(FutureTask.java:122)
	at java.util.concurrent.FutureTask.get(FutureTask.java:192)
	at org.apache.ratis.server.impl.LeaderElection.waitForResults(LeaderElection.java:263)
	at org.apache.ratis.server.impl.LeaderElection.askForVotes(LeaderElection.java:201)
	at org.apache.ratis.server.impl.LeaderElection.run(LeaderElection.java:133)
	at java.lang.Thread.run(Thread.java:748)
Caused by: org.apache.ratis.thirdparty.io.grpc.StatusRuntimeException: UNAVAILABLE: io exception
	at org.apache.ratis.thirdparty.io.grpc.stub.ClientCalls.toStatusRuntimeException(ClientCalls.java:233)
	at org.apache.ratis.thirdparty.io.grpc.stub.ClientCalls.getUnchecked(ClientCalls.java:214)
	at org.apache.ratis.thirdparty.io.grpc.stub.ClientCalls.blockingUnaryCall(ClientCalls.java:139)
	at org.apache.ratis.proto.grpc.RaftServerProtocolServiceGrpc$RaftServerProtocolServiceBlockingStub.requestVote(RaftServerProtocolServiceGrpc.java:265)
	at org.apache.ratis.grpc.server.GrpcServerProtocolClient.requestVote(GrpcServerProtocolClient.java:90)
	at org.apache.ratis.grpc.server.GrpcService.requestVote(GrpcService.java:204)
	at org.apache.ratis.server.impl.LeaderElection.lambda$submitRequests$1(LeaderElection.java:238)
	at java.util.concurrent.FutureTask.run(FutureTask.java:266)
	at java.util.concurrent.Executors$RunnableAdapter.call(Executors.java:511)
	at java.util.concurrent.FutureTask.run(FutureTask.java:266)
	at java.util.concurrent.ThreadPoolExecutor.runWorker(ThreadPoolExecutor.java:1149)
	at java.util.concurrent.ThreadPoolExecutor$Worker.run(ThreadPoolExecutor.java:624)
	... 1 more
Caused by: org.apache.ratis.thirdparty.io.netty.channel.AbstractChannel$AnnotatedConnectException: Connection refused: /192.168.36.85:38418
	at sun.nio.ch.SocketChannelImpl.checkConnect(Native Method)
	at sun.nio.ch.SocketChannelImpl.finishConnect(SocketChannelImpl.java:717)
	at org.apache.ratis.thirdparty.io.netty.channel.socket.nio.NioSocketChannel.doFinishConnect(NioSocketChannel.java:327)
	at org.apache.ratis.thirdparty.io.netty.channel.nio.AbstractNioChannel$AbstractNioUnsafe.finishConnect(AbstractNioChannel.java:340)
	at org.apache.ratis.thirdparty.io.netty.channel.nio.NioEventLoop.processSelectedKey(NioEventLoop.java:632)
	at org.apache.ratis.thirdparty.io.netty.channel.nio.NioEventLoop.processSelectedKeysOptimized(NioEventLoop.java:579)
	at org.apache.ratis.thirdparty.io.netty.channel.nio.NioEventLoop.processSelectedKeys(NioEventLoop.java:496)
	at org.apache.ratis.thirdparty.io.netty.channel.nio.NioEventLoop.run(NioEventLoop.java:458)
	at org.apache.ratis.thirdparty.io.netty.util.concurrent.SingleThreadEventExecutor$5.run(SingleThreadEventExecutor.java:897)
	at org.apache.ratis.thirdparty.io.netty.util.concurrent.FastThreadLocalRunnable.run(FastThreadLocalRunnable.java:30)
	... 1 more
Caused by: java.net.ConnectException: Connection refused
	... 11 more
2019-09-19 08:26:41,525 [grpc-default-executor-13] INFO  impl.FollowerInfo (FollowerInfo.java:lambda$new$0(51)) - 830f5926-e6f3-4fc6-b48b-87b1008588b0@group-7A121B0D245D->64a8661b-c2d9-4df7-8ca1-1b29ef624e85: nextIndex: updateUnconditionally 0 -> 0
2019-09-19 08:26:41,525 [830f5926-e6f3-4fc6-b48b-87b1008588b0@group-6FD53671956A:LeaderElection140] INFO  impl.LeaderElection (LeaderElection.java:logAndReturn(56)) - 830f5926-e6f3-4fc6-b48b-87b1008588b0@group-6FD53671956A:LeaderElection140: Election REJECTED; received 0 response(s) [] and 2 exception(s); 830f5926-e6f3-4fc6-b48b-87b1008588b0@group-6FD53671956A:t6, leader=null, voted=830f5926-e6f3-4fc6-b48b-87b1008588b0, raftlog=830f5926-e6f3-4fc6-b48b-87b1008588b0@group-6FD53671956A-SegmentedRaftLog:OPENED:c0,f0,i0, conf=0: [64a8661b-c2d9-4df7-8ca1-1b29ef624e85:192.168.36.85:38418, 830f5926-e6f3-4fc6-b48b-87b1008588b0:192.168.36.85:44294, e50c69ec-4263-4416-9cef-9cb60973670d:192.168.36.85:44827], old=null
2019-09-19 08:26:41,526 [830f5926-e6f3-4fc6-b48b-87b1008588b0@group-6FD53671956A:LeaderElection140] INFO  impl.LeaderElection (LogUtils.java:infoOrTrace(149)) -   Exception 0: {}
java.util.concurrent.ExecutionException: org.apache.ratis.thirdparty.io.grpc.StatusRuntimeException: UNAVAILABLE: io exception
	at java.util.concurrent.FutureTask.report(FutureTask.java:122)
	at java.util.concurrent.FutureTask.get(FutureTask.java:192)
	at org.apache.ratis.server.impl.LeaderElection.waitForResults(LeaderElection.java:263)
	at org.apache.ratis.server.impl.LeaderElection.askForVotes(LeaderElection.java:201)
	at org.apache.ratis.server.impl.LeaderElection.run(LeaderElection.java:133)
	at java.lang.Thread.run(Thread.java:748)
Caused by: org.apache.ratis.thirdparty.io.grpc.StatusRuntimeException: UNAVAILABLE: io exception
	at org.apache.ratis.thirdparty.io.grpc.stub.ClientCalls.toStatusRuntimeException(ClientCalls.java:233)
	at org.apache.ratis.thirdparty.io.grpc.stub.ClientCalls.getUnchecked(ClientCalls.java:214)
	at org.apache.ratis.thirdparty.io.grpc.stub.ClientCalls.blockingUnaryCall(ClientCalls.java:139)
	at org.apache.ratis.proto.grpc.RaftServerProtocolServiceGrpc$RaftServerProtocolServiceBlockingStub.requestVote(RaftServerProtocolServiceGrpc.java:265)
	at org.apache.ratis.grpc.server.GrpcServerProtocolClient.requestVote(GrpcServerProtocolClient.java:90)
	at org.apache.ratis.grpc.server.GrpcService.requestVote(GrpcService.java:204)
	at org.apache.ratis.server.impl.LeaderElection.lambda$submitRequests$1(LeaderElection.java:238)
	at java.util.concurrent.FutureTask.run(FutureTask.java:266)
	at java.util.concurrent.Executors$RunnableAdapter.call(Executors.java:511)
	at java.util.concurrent.FutureTask.run(FutureTask.java:266)
	at java.util.concurrent.ThreadPoolExecutor.runWorker(ThreadPoolExecutor.java:1149)
	at java.util.concurrent.ThreadPoolExecutor$Worker.run(ThreadPoolExecutor.java:624)
	... 1 more
Caused by: org.apache.ratis.thirdparty.io.netty.channel.AbstractChannel$AnnotatedConnectException: Connection refused: /192.168.36.85:44827
	at sun.nio.ch.SocketChannelImpl.checkConnect(Native Method)
	at sun.nio.ch.SocketChannelImpl.finishConnect(SocketChannelImpl.java:717)
	at org.apache.ratis.thirdparty.io.netty.channel.socket.nio.NioSocketChannel.doFinishConnect(NioSocketChannel.java:327)
	at org.apache.ratis.thirdparty.io.netty.channel.nio.AbstractNioChannel$AbstractNioUnsafe.finishConnect(AbstractNioChannel.java:340)
	at org.apache.ratis.thirdparty.io.netty.channel.nio.NioEventLoop.processSelectedKey(NioEventLoop.java:632)
	at org.apache.ratis.thirdparty.io.netty.channel.nio.NioEventLoop.processSelectedKeysOptimized(NioEventLoop.java:579)
	at org.apache.ratis.thirdparty.io.netty.channel.nio.NioEventLoop.processSelectedKeys(NioEventLoop.java:496)
	at org.apache.ratis.thirdparty.io.netty.channel.nio.NioEventLoop.run(NioEventLoop.java:458)
	at org.apache.ratis.thirdparty.io.netty.util.concurrent.SingleThreadEventExecutor$5.run(SingleThreadEventExecutor.java:897)
	at org.apache.ratis.thirdparty.io.netty.util.concurrent.FastThreadLocalRunnable.run(FastThreadLocalRunnable.java:30)
	... 1 more
Caused by: java.net.ConnectException: Connection refused
	... 11 more
2019-09-19 08:26:41,526 [830f5926-e6f3-4fc6-b48b-87b1008588b0@group-6FD53671956A:LeaderElection140] INFO  impl.LeaderElection (LogUtils.java:infoOrTrace(149)) -   Exception 1: {}
java.util.concurrent.ExecutionException: org.apache.ratis.thirdparty.io.grpc.StatusRuntimeException: UNAVAILABLE: io exception
	at java.util.concurrent.FutureTask.report(FutureTask.java:122)
	at java.util.concurrent.FutureTask.get(FutureTask.java:192)
	at org.apache.ratis.server.impl.LeaderElection.waitForResults(LeaderElection.java:263)
	at org.apache.ratis.server.impl.LeaderElection.askForVotes(LeaderElection.java:201)
	at org.apache.ratis.server.impl.LeaderElection.run(LeaderElection.java:133)
	at java.lang.Thread.run(Thread.java:748)
Caused by: org.apache.ratis.thirdparty.io.grpc.StatusRuntimeException: UNAVAILABLE: io exception
	at org.apache.ratis.thirdparty.io.grpc.stub.ClientCalls.toStatusRuntimeException(ClientCalls.java:233)
	at org.apache.ratis.thirdparty.io.grpc.stub.ClientCalls.getUnchecked(ClientCalls.java:214)
	at org.apache.ratis.thirdparty.io.grpc.stub.ClientCalls.blockingUnaryCall(ClientCalls.java:139)
	at org.apache.ratis.proto.grpc.RaftServerProtocolServiceGrpc$RaftServerProtocolServiceBlockingStub.requestVote(RaftServerProtocolServiceGrpc.java:265)
	at org.apache.ratis.grpc.server.GrpcServerProtocolClient.requestVote(GrpcServerProtocolClient.java:90)
	at org.apache.ratis.grpc.server.GrpcService.requestVote(GrpcService.java:204)
	at org.apache.ratis.server.impl.LeaderElection.lambda$submitRequests$1(LeaderElection.java:238)
	at java.util.concurrent.FutureTask.run(FutureTask.java:266)
	at java.util.concurrent.Executors$RunnableAdapter.call(Executors.java:511)
	at java.util.concurrent.FutureTask.run(FutureTask.java:266)
	at java.util.concurrent.ThreadPoolExecutor.runWorker(ThreadPoolExecutor.java:1149)
	at java.util.concurrent.ThreadPoolExecutor$Worker.run(ThreadPoolExecutor.java:624)
	... 1 more
Caused by: org.apache.ratis.thirdparty.io.netty.channel.AbstractChannel$AnnotatedConnectException: Connection refused: /192.168.36.85:38418
	at sun.nio.ch.SocketChannelImpl.checkConnect(Native Method)
	at sun.nio.ch.SocketChannelImpl.finishConnect(SocketChannelImpl.java:717)
	at org.apache.ratis.thirdparty.io.netty.channel.socket.nio.NioSocketChannel.doFinishConnect(NioSocketChannel.java:327)
	at org.apache.ratis.thirdparty.io.netty.channel.nio.AbstractNioChannel$AbstractNioUnsafe.finishConnect(AbstractNioChannel.java:340)
	at org.apache.ratis.thirdparty.io.netty.channel.nio.NioEventLoop.processSelectedKey(NioEventLoop.java:632)
	at org.apache.ratis.thirdparty.io.netty.channel.nio.NioEventLoop.processSelectedKeysOptimized(NioEventLoop.java:579)
	at org.apache.ratis.thirdparty.io.netty.channel.nio.NioEventLoop.processSelectedKeys(NioEventLoop.java:496)
	at org.apache.ratis.thirdparty.io.netty.channel.nio.NioEventLoop.run(NioEventLoop.java:458)
	at org.apache.ratis.thirdparty.io.netty.util.concurrent.SingleThreadEventExecutor$5.run(SingleThreadEventExecutor.java:897)
	at org.apache.ratis.thirdparty.io.netty.util.concurrent.FastThreadLocalRunnable.run(FastThreadLocalRunnable.java:30)
	... 1 more
Caused by: java.net.ConnectException: Connection refused
	... 11 more
2019-09-19 08:26:41,526 [830f5926-e6f3-4fc6-b48b-87b1008588b0@group-6FD53671956A:LeaderElection140] INFO  impl.RaftServerImpl (RaftServerImpl.java:setRole(174)) - 830f5926-e6f3-4fc6-b48b-87b1008588b0@group-6FD53671956A: changes role from CANDIDATE to FOLLOWER at term 6 for DISCOVERED_A_NEW_TERM
2019-09-19 08:26:41,527 [830f5926-e6f3-4fc6-b48b-87b1008588b0@group-6FD53671956A:LeaderElection140] INFO  impl.RoleInfo (RoleInfo.java:shutdownLeaderElection(134)) - 830f5926-e6f3-4fc6-b48b-87b1008588b0: shutdown LeaderElection
2019-09-19 08:26:41,527 [830f5926-e6f3-4fc6-b48b-87b1008588b0@group-6FD53671956A:LeaderElection140] INFO  impl.RoleInfo (RoleInfo.java:updateAndGet(143)) - 830f5926-e6f3-4fc6-b48b-87b1008588b0: start FollowerState
2019-09-19 08:26:41,560 [grpc-default-executor-13] WARN  server.GrpcLogAppender (LogUtils.java:warn(134)) - 830f5926-e6f3-4fc6-b48b-87b1008588b0@group-7A121B0D245D->e50c69ec-4263-4416-9cef-9cb60973670d-AppendLogResponseHandler: Failed appendEntries: org.apache.ratis.thirdparty.io.grpc.StatusRuntimeException: UNAVAILABLE: io exception
2019-09-19 08:26:41,561 [grpc-default-executor-13] INFO  impl.FollowerInfo (FollowerInfo.java:lambda$new$0(51)) - 830f5926-e6f3-4fc6-b48b-87b1008588b0@group-7A121B0D245D->e50c69ec-4263-4416-9cef-9cb60973670d: nextIndex: updateUnconditionally 0 -> 0
2019-09-19 08:26:41,749 [grpc-default-executor-13] WARN  server.GrpcLogAppender (LogUtils.java:warn(134)) - 830f5926-e6f3-4fc6-b48b-87b1008588b0@group-0B9F0340E072->64a8661b-c2d9-4df7-8ca1-1b29ef624e85-AppendLogResponseHandler: Failed appendEntries: org.apache.ratis.thirdparty.io.grpc.StatusRuntimeException: UNAVAILABLE: io exception
2019-09-19 08:26:41,749 [grpc-default-executor-13] INFO  impl.FollowerInfo (FollowerInfo.java:lambda$new$0(51)) - 830f5926-e6f3-4fc6-b48b-87b1008588b0@group-0B9F0340E072->64a8661b-c2d9-4df7-8ca1-1b29ef624e85: nextIndex: updateUnconditionally 0 -> 0
2019-09-19 08:26:41,814 [grpc-default-executor-9] WARN  server.GrpcLogAppender (LogUtils.java:warn(134)) - 830f5926-e6f3-4fc6-b48b-87b1008588b0@group-0B9F0340E072->e50c69ec-4263-4416-9cef-9cb60973670d-AppendLogResponseHandler: Failed appendEntries: org.apache.ratis.thirdparty.io.grpc.StatusRuntimeException: UNAVAILABLE: io exception
2019-09-19 08:26:41,815 [grpc-default-executor-9] INFO  impl.FollowerInfo (FollowerInfo.java:lambda$new$0(51)) - 830f5926-e6f3-4fc6-b48b-87b1008588b0@group-0B9F0340E072->e50c69ec-4263-4416-9cef-9cb60973670d: nextIndex: updateUnconditionally 0 -> 0
2019-09-19 08:26:42,027 [grpc-default-executor-9] WARN  server.GrpcLogAppender (LogUtils.java:warn(134)) - 830f5926-e6f3-4fc6-b48b-87b1008588b0@group-7A121B0D245D->64a8661b-c2d9-4df7-8ca1-1b29ef624e85-AppendLogResponseHandler: Failed appendEntries: org.apache.ratis.thirdparty.io.grpc.StatusRuntimeException: UNAVAILABLE: io exception
2019-09-19 08:26:42,027 [grpc-default-executor-9] INFO  impl.FollowerInfo (FollowerInfo.java:lambda$new$0(51)) - 830f5926-e6f3-4fc6-b48b-87b1008588b0@group-7A121B0D245D->64a8661b-c2d9-4df7-8ca1-1b29ef624e85: nextIndex: updateUnconditionally 0 -> 0
2019-09-19 08:26:42,062 [grpc-default-executor-13] WARN  server.GrpcLogAppender (LogUtils.java:warn(134)) - 830f5926-e6f3-4fc6-b48b-87b1008588b0@group-7A121B0D245D->e50c69ec-4263-4416-9cef-9cb60973670d-AppendLogResponseHandler: Failed appendEntries: org.apache.ratis.thirdparty.io.grpc.StatusRuntimeException: UNAVAILABLE: io exception
2019-09-19 08:26:42,062 [grpc-default-executor-13] INFO  impl.FollowerInfo (FollowerInfo.java:lambda$new$0(51)) - 830f5926-e6f3-4fc6-b48b-87b1008588b0@group-7A121B0D245D->e50c69ec-4263-4416-9cef-9cb60973670d: nextIndex: updateUnconditionally 0 -> 0
2019-09-19 08:26:42,249 [grpc-default-executor-13] WARN  server.GrpcLogAppender (LogUtils.java:warn(134)) - 830f5926-e6f3-4fc6-b48b-87b1008588b0@group-0B9F0340E072->64a8661b-c2d9-4df7-8ca1-1b29ef624e85-AppendLogResponseHandler: Failed appendEntries: org.apache.ratis.thirdparty.io.grpc.StatusRuntimeException: UNAVAILABLE: io exception
2019-09-19 08:26:42,250 [grpc-default-executor-13] INFO  impl.FollowerInfo (FollowerInfo.java:lambda$new$0(51)) - 830f5926-e6f3-4fc6-b48b-87b1008588b0@group-0B9F0340E072->64a8661b-c2d9-4df7-8ca1-1b29ef624e85: nextIndex: updateUnconditionally 0 -> 0
2019-09-19 08:26:42,315 [grpc-default-executor-14] WARN  server.GrpcLogAppender (LogUtils.java:warn(134)) - 830f5926-e6f3-4fc6-b48b-87b1008588b0@group-0B9F0340E072->e50c69ec-4263-4416-9cef-9cb60973670d-AppendLogResponseHandler: Failed appendEntries: org.apache.ratis.thirdparty.io.grpc.StatusRuntimeException: UNAVAILABLE: io exception
2019-09-19 08:26:42,315 [grpc-default-executor-14] INFO  impl.FollowerInfo (FollowerInfo.java:lambda$new$0(51)) - 830f5926-e6f3-4fc6-b48b-87b1008588b0@group-0B9F0340E072->e50c69ec-4263-4416-9cef-9cb60973670d: nextIndex: updateUnconditionally 0 -> 0
2019-09-19 08:26:42,423 [main] INFO  ozoneimpl.OzoneContainer (OzoneContainer.java:stop(231)) - Attempting to stop container services.
2019-09-19 08:26:42,424 [main] INFO  impl.RaftServerProxy (RaftServerProxy.java:lambda$close$4(314)) - 830f5926-e6f3-4fc6-b48b-87b1008588b0: close
2019-09-19 08:26:42,424 [main] INFO  impl.RaftServerImpl (RaftServerImpl.java:lambda$shutdown$3(251)) - 830f5926-e6f3-4fc6-b48b-87b1008588b0@group-0B9F0340E072: shutdown
2019-09-19 08:26:42,425 [main] INFO  util.JmxRegister (JmxRegister.java:unregister(73)) - Successfully un-registered JMX Bean with object name Ratis:service=RaftServer,group=group-0B9F0340E072,id=830f5926-e6f3-4fc6-b48b-87b1008588b0
2019-09-19 08:26:42,425 [main] INFO  impl.RoleInfo (RoleInfo.java:shutdownLeaderState(104)) - 830f5926-e6f3-4fc6-b48b-87b1008588b0: shutdown LeaderState
2019-09-19 08:26:42,432 [org.apache.ratis.server.impl.LogAppender$AppenderDaemon$$Lambda$529/1476925113@178446f] WARN  server.GrpcLogAppender (GrpcLogAppender.java:mayWait(143)) - 830f5926-e6f3-4fc6-b48b-87b1008588b0@group-0B9F0340E072->64a8661b-c2d9-4df7-8ca1-1b29ef624e85-GrpcLogAppender: Wait interrupted by java.lang.InterruptedException
2019-09-19 08:26:42,432 [main] INFO  impl.PendingRequests (PendingRequests.java:sendNotLeaderResponses(202)) - 830f5926-e6f3-4fc6-b48b-87b1008588b0-PendingRequests: sendNotLeaderResponses
2019-09-19 08:26:42,432 [org.apache.ratis.server.impl.LogAppender$AppenderDaemon$$Lambda$529/1476925113@7084b096] WARN  server.GrpcLogAppender (GrpcLogAppender.java:mayWait(143)) - 830f5926-e6f3-4fc6-b48b-87b1008588b0@group-0B9F0340E072->e50c69ec-4263-4416-9cef-9cb60973670d-GrpcLogAppender: Wait interrupted by java.lang.InterruptedException
2019-09-19 08:26:42,433 [main] INFO  impl.StateMachineUpdater (StateMachineUpdater.java:stopAndJoin(125)) - 830f5926-e6f3-4fc6-b48b-87b1008588b0@group-0B9F0340E072-StateMachineUpdater: set stopIndex = 0
2019-09-19 08:26:42,433 [main] INFO  impl.RaftServerImpl (ServerState.java:close(385)) - 830f5926-e6f3-4fc6-b48b-87b1008588b0@group-0B9F0340E072: closes. applyIndex: 0
2019-09-19 08:26:42,434 [830f5926-e6f3-4fc6-b48b-87b1008588b0@group-0B9F0340E072-SegmentedRaftLogWorker] INFO  segmented.SegmentedRaftLogWorker (SegmentedRaftLogWorker.java:run(313)) - 830f5926-e6f3-4fc6-b48b-87b1008588b0@group-0B9F0340E072-SegmentedRaftLogWorker was interrupted, exiting. There are 0 tasks remaining in the queue.
2019-09-19 08:26:42,435 [main] INFO  segmented.SegmentedRaftLogWorker (SegmentedRaftLogWorker.java:close(228)) - 830f5926-e6f3-4fc6-b48b-87b1008588b0@group-0B9F0340E072-SegmentedRaftLogWorker close()
2019-09-19 08:26:42,438 [main] INFO  impl.RaftServerImpl (RaftServerImpl.java:lambda$shutdown$3(251)) - 830f5926-e6f3-4fc6-b48b-87b1008588b0@group-7A121B0D245D: shutdown
2019-09-19 08:26:42,439 [main] INFO  util.JmxRegister (JmxRegister.java:unregister(73)) - Successfully un-registered JMX Bean with object name Ratis:service=RaftServer,group=group-7A121B0D245D,id=830f5926-e6f3-4fc6-b48b-87b1008588b0
2019-09-19 08:26:42,439 [main] INFO  impl.RoleInfo (RoleInfo.java:shutdownLeaderState(104)) - 830f5926-e6f3-4fc6-b48b-87b1008588b0: shutdown LeaderState
2019-09-19 08:26:42,439 [main] INFO  impl.PendingRequests (PendingRequests.java:sendNotLeaderResponses(202)) - 830f5926-e6f3-4fc6-b48b-87b1008588b0-PendingRequests: sendNotLeaderResponses
2019-09-19 08:26:42,439 [org.apache.ratis.server.impl.LogAppender$AppenderDaemon$$Lambda$529/1476925113@623041cc] WARN  server.GrpcLogAppender (GrpcLogAppender.java:mayWait(143)) - 830f5926-e6f3-4fc6-b48b-87b1008588b0@group-7A121B0D245D->e50c69ec-4263-4416-9cef-9cb60973670d-GrpcLogAppender: Wait interrupted by java.lang.InterruptedException
2019-09-19 08:26:42,439 [org.apache.ratis.server.impl.LogAppender$AppenderDaemon$$Lambda$529/1476925113@467d1d53] WARN  server.GrpcLogAppender (GrpcLogAppender.java:mayWait(143)) - 830f5926-e6f3-4fc6-b48b-87b1008588b0@group-7A121B0D245D->64a8661b-c2d9-4df7-8ca1-1b29ef624e85-GrpcLogAppender: Wait interrupted by java.lang.InterruptedException
2019-09-19 08:26:42,440 [main] INFO  impl.StateMachineUpdater (StateMachineUpdater.java:stopAndJoin(125)) - 830f5926-e6f3-4fc6-b48b-87b1008588b0@group-7A121B0D245D-StateMachineUpdater: set stopIndex = 0
2019-09-19 08:26:42,440 [main] INFO  impl.RaftServerImpl (ServerState.java:close(385)) - 830f5926-e6f3-4fc6-b48b-87b1008588b0@group-7A121B0D245D: closes. applyIndex: 0
2019-09-19 08:26:42,441 [830f5926-e6f3-4fc6-b48b-87b1008588b0@group-7A121B0D245D-SegmentedRaftLogWorker] INFO  segmented.SegmentedRaftLogWorker (SegmentedRaftLogWorker.java:run(313)) - 830f5926-e6f3-4fc6-b48b-87b1008588b0@group-7A121B0D245D-SegmentedRaftLogWorker was interrupted, exiting. There are 0 tasks remaining in the queue.
2019-09-19 08:26:42,443 [main] INFO  segmented.SegmentedRaftLogWorker (SegmentedRaftLogWorker.java:close(228)) - 830f5926-e6f3-4fc6-b48b-87b1008588b0@group-7A121B0D245D-SegmentedRaftLogWorker close()
2019-09-19 08:26:42,445 [main] INFO  impl.RaftServerImpl (RaftServerImpl.java:lambda$shutdown$3(251)) - 830f5926-e6f3-4fc6-b48b-87b1008588b0@group-6FD53671956A: shutdown
2019-09-19 08:26:42,446 [main] INFO  util.JmxRegister (JmxRegister.java:unregister(73)) - Successfully un-registered JMX Bean with object name Ratis:service=RaftServer,group=group-6FD53671956A,id=830f5926-e6f3-4fc6-b48b-87b1008588b0
2019-09-19 08:26:42,446 [main] INFO  impl.RoleInfo (RoleInfo.java:shutdownFollowerState(121)) - 830f5926-e6f3-4fc6-b48b-87b1008588b0: shutdown FollowerState
2019-09-19 08:26:42,447 [main] INFO  impl.StateMachineUpdater (StateMachineUpdater.java:stopAndJoin(125)) - 830f5926-e6f3-4fc6-b48b-87b1008588b0@group-6FD53671956A-StateMachineUpdater: set stopIndex = 0
2019-09-19 08:26:42,447 [Thread-2144] INFO  impl.FollowerState (FollowerState.java:run(115)) - 830f5926-e6f3-4fc6-b48b-87b1008588b0: FollowerState was interrupted: java.lang.InterruptedException: sleep interrupted
2019-09-19 08:26:42,447 [main] INFO  impl.RaftServerImpl (ServerState.java:close(385)) - 830f5926-e6f3-4fc6-b48b-87b1008588b0@group-6FD53671956A: closes. applyIndex: 0
2019-09-19 08:26:42,448 [830f5926-e6f3-4fc6-b48b-87b1008588b0@group-6FD53671956A-SegmentedRaftLogWorker] INFO  segmented.SegmentedRaftLogWorker (SegmentedRaftLogWorker.java:run(313)) - 830f5926-e6f3-4fc6-b48b-87b1008588b0@group-6FD53671956A-SegmentedRaftLogWorker was interrupted, exiting. There are 0 tasks remaining in the queue.
2019-09-19 08:26:42,449 [main] INFO  segmented.SegmentedRaftLogWorker (SegmentedRaftLogWorker.java:close(228)) - 830f5926-e6f3-4fc6-b48b-87b1008588b0@group-6FD53671956A-SegmentedRaftLogWorker close()
2019-09-19 08:26:42,452 [main] INFO  server.GrpcService (GrpcService.java:closeImpl(164)) - 830f5926-e6f3-4fc6-b48b-87b1008588b0: shutdown server with port 44294 now
2019-09-19 08:26:42,452 [main] INFO  server.GrpcService (GrpcService.java:closeImpl(172)) - 830f5926-e6f3-4fc6-b48b-87b1008588b0: shutdown server with port 44294 successfully
2019-09-19 08:26:42,455 [refreshUsed-/workdir/hadoop-ozone/integration-test/target/test-dir/MiniOzoneClusterImpl-6146c60c-cb8d-4aa2-a902-cb133a81267e/datanode-7/data/containers] WARN  fs.CachingGetSpaceUsed (CachingGetSpaceUsed.java:run(183)) - Thread Interrupted waiting to refresh disk information: sleep interrupted
2019-09-19 08:26:42,470 [main] INFO  utils.BackgroundService (BackgroundService.java:shutdown(148)) - Shutting down service BlockDeletingService
2019-09-19 08:26:42,475 [main] INFO  statemachine.DatanodeStateMachine (DatanodeStateMachine.java:stopDaemon(395)) - Ozone container server stopped.
2019-09-19 08:26:42,476 [main] INFO  handler.ContextHandler (ContextHandler.java:doStop(910)) - Stopped o.e.j.w.WebAppContext@653fb8d1{/,null,UNAVAILABLE}{/hddsDatanode}
2019-09-19 08:26:42,477 [main] INFO  server.AbstractConnector (AbstractConnector.java:doStop(318)) - Stopped ServerConnector@48581a3b{HTTP/1.1,[http/1.1]}{0.0.0.0:0}
2019-09-19 08:26:42,477 [main] INFO  handler.ContextHandler (ContextHandler.java:doStop(910)) - Stopped o.e.j.s.ServletContextHandler@54ffa561{/static,jar:file:/home/user/.m2/repository/org/apache/hadoop/hadoop-hdds-container-service/0.5.0-SNAPSHOT/hadoop-hdds-container-service-0.5.0-SNAPSHOT.jar!/webapps/static,UNAVAILABLE}
2019-09-19 08:26:42,477 [main] INFO  handler.ContextHandler (ContextHandler.java:doStop(910)) - Stopped o.e.j.s.ServletContextHandler@739e8b96{/logs,file:///workdir/hadoop-ozone/integration-test/target/log,UNAVAILABLE}
2019-09-19 08:26:44,332 [ForkJoinPool.commonPool-worker-0] INFO  ozoneimpl.OzoneContainer (OzoneContainer.java:stop(231)) - Attempting to stop container services.
2019-09-19 08:26:44,333 [ForkJoinPool.commonPool-worker-0] INFO  impl.RaftServerProxy (RaftServerProxy.java:lambda$close$4(314)) - ce2e2465-5c75-4f8a-9bb6-c0f94b905cef: close
2019-09-19 08:26:44,333 [ForkJoinPool.commonPool-worker-0] INFO  impl.RaftServerImpl (RaftServerImpl.java:lambda$shutdown$3(251)) - ce2e2465-5c75-4f8a-9bb6-c0f94b905cef@group-89CD0E65A131: shutdown
2019-09-19 08:26:44,334 [ForkJoinPool.commonPool-worker-0] INFO  util.JmxRegister (JmxRegister.java:unregister(73)) - Successfully un-registered JMX Bean with object name Ratis:service=RaftServer,group=group-89CD0E65A131,id=ce2e2465-5c75-4f8a-9bb6-c0f94b905cef
2019-09-19 08:26:44,334 [ForkJoinPool.commonPool-worker-0] INFO  impl.RoleInfo (RoleInfo.java:shutdownLeaderState(104)) - ce2e2465-5c75-4f8a-9bb6-c0f94b905cef: shutdown LeaderState
2019-09-19 08:26:44,334 [ForkJoinPool.commonPool-worker-0] INFO  impl.PendingRequests (PendingRequests.java:sendNotLeaderResponses(202)) - ce2e2465-5c75-4f8a-9bb6-c0f94b905cef-PendingRequests: sendNotLeaderResponses
2019-09-19 08:26:44,335 [ForkJoinPool.commonPool-worker-0] INFO  impl.StateMachineUpdater (StateMachineUpdater.java:stopAndJoin(125)) - ce2e2465-5c75-4f8a-9bb6-c0f94b905cef@group-89CD0E65A131-StateMachineUpdater: set stopIndex = 0
2019-09-19 08:26:44,335 [ForkJoinPool.commonPool-worker-0] INFO  impl.RaftServerImpl (ServerState.java:close(385)) - ce2e2465-5c75-4f8a-9bb6-c0f94b905cef@group-89CD0E65A131: closes. applyIndex: 0
2019-09-19 08:26:44,336 [ce2e2465-5c75-4f8a-9bb6-c0f94b905cef@group-89CD0E65A131-SegmentedRaftLogWorker] INFO  segmented.SegmentedRaftLogWorker (SegmentedRaftLogWorker.java:run(313)) - ce2e2465-5c75-4f8a-9bb6-c0f94b905cef@group-89CD0E65A131-SegmentedRaftLogWorker was interrupted, exiting. There are 0 tasks remaining in the queue.
2019-09-19 08:26:44,338 [ForkJoinPool.commonPool-worker-0] INFO  segmented.SegmentedRaftLogWorker (SegmentedRaftLogWorker.java:close(228)) - ce2e2465-5c75-4f8a-9bb6-c0f94b905cef@group-89CD0E65A131-SegmentedRaftLogWorker close()
2019-09-19 08:26:44,341 [ForkJoinPool.commonPool-worker-0] INFO  server.GrpcService (GrpcService.java:closeImpl(164)) - ce2e2465-5c75-4f8a-9bb6-c0f94b905cef: shutdown server with port 39645 now
2019-09-19 08:26:44,343 [ForkJoinPool.commonPool-worker-0] INFO  server.GrpcService (GrpcService.java:closeImpl(172)) - ce2e2465-5c75-4f8a-9bb6-c0f94b905cef: shutdown server with port 39645 successfully
2019-09-19 08:26:44,345 [refreshUsed-/workdir/hadoop-ozone/integration-test/target/test-dir/MiniOzoneClusterImpl-6146c60c-cb8d-4aa2-a902-cb133a81267e/datanode-0/data/containers] WARN  fs.CachingGetSpaceUsed (CachingGetSpaceUsed.java:run(183)) - Thread Interrupted waiting to refresh disk information: sleep interrupted
2019-09-19 08:26:44,361 [ForkJoinPool.commonPool-worker-0] INFO  utils.BackgroundService (BackgroundService.java:shutdown(148)) - Shutting down service BlockDeletingService
2019-09-19 08:26:44,366 [ForkJoinPool.commonPool-worker-0] INFO  statemachine.DatanodeStateMachine (DatanodeStateMachine.java:stopDaemon(395)) - Ozone container server stopped.
2019-09-19 08:26:44,370 [ForkJoinPool.commonPool-worker-0] INFO  handler.ContextHandler (ContextHandler.java:doStop(910)) - Stopped o.e.j.w.WebAppContext@3592c1c4{/,null,UNAVAILABLE}{/hddsDatanode}
2019-09-19 08:26:44,370 [ForkJoinPool.commonPool-worker-0] INFO  server.AbstractConnector (AbstractConnector.java:doStop(318)) - Stopped ServerConnector@322e49ee{HTTP/1.1,[http/1.1]}{0.0.0.0:0}
2019-09-19 08:26:44,372 [ForkJoinPool.commonPool-worker-0] INFO  handler.ContextHandler (ContextHandler.java:doStop(910)) - Stopped o.e.j.s.ServletContextHandler@5e593b08{/static,jar:file:/home/user/.m2/repository/org/apache/hadoop/hadoop-hdds-container-service/0.5.0-SNAPSHOT/hadoop-hdds-container-service-0.5.0-SNAPSHOT.jar!/webapps/static,UNAVAILABLE}
2019-09-19 08:26:44,373 [ForkJoinPool.commonPool-worker-0] INFO  handler.ContextHandler (ContextHandler.java:doStop(910)) - Stopped o.e.j.s.ServletContextHandler@d13960e{/logs,file:///workdir/hadoop-ozone/integration-test/target/log,UNAVAILABLE}
2019-09-19 08:26:44,931 [Datanode State Machine Thread - 0] INFO  statemachine.DatanodeStateMachine (DatanodeStateMachine.java:lambda$startDaemon$0(350)) - Ozone container server started.
2019-09-19 08:26:49,374 [ForkJoinPool.commonPool-worker-0] INFO  ozoneimpl.OzoneContainer (OzoneContainer.java:stop(231)) - Attempting to stop container services.
2019-09-19 08:26:49,375 [ForkJoinPool.commonPool-worker-0] INFO  impl.RaftServerProxy (RaftServerProxy.java:lambda$close$4(314)) - 1751588c-b83e-4ac7-9b49-fcc90a6ced66: close
2019-09-19 08:26:49,376 [ForkJoinPool.commonPool-worker-0] INFO  server.GrpcService (GrpcService.java:closeImpl(164)) - 1751588c-b83e-4ac7-9b49-fcc90a6ced66: shutdown server with port 33351 now
2019-09-19 08:26:49,377 [ForkJoinPool.commonPool-worker-0] INFO  server.GrpcService (GrpcService.java:closeImpl(172)) - 1751588c-b83e-4ac7-9b49-fcc90a6ced66: shutdown server with port 33351 successfully
2019-09-19 08:26:49,379 [refreshUsed-/workdir/hadoop-ozone/integration-test/target/test-dir/MiniOzoneClusterImpl-6146c60c-cb8d-4aa2-a902-cb133a81267e/datanode-1/data/containers] WARN  fs.CachingGetSpaceUsed (CachingGetSpaceUsed.java:run(183)) - Thread Interrupted waiting to refresh disk information: sleep interrupted
2019-09-19 08:26:49,394 [ForkJoinPool.commonPool-worker-0] INFO  utils.BackgroundService (BackgroundService.java:shutdown(148)) - Shutting down service BlockDeletingService
2019-09-19 08:26:49,398 [ForkJoinPool.commonPool-worker-0] INFO  statemachine.DatanodeStateMachine (DatanodeStateMachine.java:stopDaemon(395)) - Ozone container server stopped.
2019-09-19 08:26:49,401 [ForkJoinPool.commonPool-worker-0] INFO  handler.ContextHandler (ContextHandler.java:doStop(910)) - Stopped o.e.j.w.WebAppContext@317890ea{/,null,UNAVAILABLE}{/hddsDatanode}
2019-09-19 08:26:49,402 [ForkJoinPool.commonPool-worker-0] INFO  server.AbstractConnector (AbstractConnector.java:doStop(318)) - Stopped ServerConnector@2c719bd4{HTTP/1.1,[http/1.1]}{0.0.0.0:0}
2019-09-19 08:26:49,403 [ForkJoinPool.commonPool-worker-0] INFO  handler.ContextHandler (ContextHandler.java:doStop(910)) - Stopped o.e.j.s.ServletContextHandler@59838256{/static,jar:file:/home/user/.m2/repository/org/apache/hadoop/hadoop-hdds-container-service/0.5.0-SNAPSHOT/hadoop-hdds-container-service-0.5.0-SNAPSHOT.jar!/webapps/static,UNAVAILABLE}
2019-09-19 08:26:49,404 [ForkJoinPool.commonPool-worker-0] INFO  handler.ContextHandler (ContextHandler.java:doStop(910)) - Stopped o.e.j.s.ServletContextHandler@1c61eda5{/logs,file:///workdir/hadoop-ozone/integration-test/target/log,UNAVAILABLE}
2019-09-19 08:26:49,405 [main] INFO  ozone.MiniOzoneClusterImpl (MiniOzoneClusterImpl.java:stop(344)) - Stopping the StorageContainerManager
2019-09-19 08:26:49,405 [main] INFO  server.StorageContainerManager (StorageContainerManager.java:stop(801)) - Stopping Replication Manager Service.
2019-09-19 08:26:49,405 [main] INFO  container.ReplicationManager (ReplicationManager.java:stop(203)) - Stopping Replication Monitor Thread.
2019-09-19 08:26:49,406 [main] INFO  server.StorageContainerManager (StorageContainerManager.java:stop(808)) - Stopping Lease Manager of the command watchers
2019-09-19 08:26:49,406 [main] INFO  server.StorageContainerManager (StorageContainerManager.java:stop(815)) - Stopping datanode service RPC server
2019-09-19 08:26:49,406 [main] INFO  server.SCMDatanodeProtocolServer (SCMDatanodeProtocolServer.java:stop(367)) - Stopping the RPC server for DataNodes
2019-09-19 08:26:49,406 [main] INFO  ipc.Server (Server.java:stop(3082)) - Stopping server on 42782
2019-09-19 08:26:49,409 [IPC Server listener on 42782] INFO  ipc.Server (Server.java:run(1185)) - Stopping IPC Server listener on 42782
2019-09-19 08:26:49,409 [IPC Server Responder] INFO  ipc.Server (Server.java:run(1319)) - Stopping IPC Server Responder
2019-09-19 08:26:49,492 [SCM Heartbeat Processing Thread - 0] WARN  node.NodeStateManager (NodeStateManager.java:scheduleNextHealthCheck(646)) - Current Thread is interrupted, shutting down HB processing thread for Node Manager.
2019-09-19 08:26:49,492 [main] INFO  server.StorageContainerManager (StorageContainerManager.java:stop(823)) - Stopping block service RPC server
2019-09-19 08:26:49,492 [main] INFO  server.SCMBlockProtocolServer (SCMBlockProtocolServer.java:stop(155)) - Stopping the RPC server for Block Protocol
2019-09-19 08:26:49,492 [main] INFO  ipc.Server (Server.java:stop(3082)) - Stopping server on 32955
2019-09-19 08:26:49,495 [IPC Server listener on 32955] INFO  ipc.Server (Server.java:run(1185)) - Stopping IPC Server listener on 32955
2019-09-19 08:26:49,495 [main] INFO  server.StorageContainerManager (StorageContainerManager.java:stop(830)) - Stopping the StorageContainerLocationProtocol RPC server
2019-09-19 08:26:49,496 [main] INFO  server.SCMClientProtocolServer (SCMClientProtocolServer.java:stop(159)) - Stopping the RPC server for Client Protocol
2019-09-19 08:26:49,497 [main] INFO  ipc.Server (Server.java:stop(3082)) - Stopping server on 36245
2019-09-19 08:26:49,495 [IPC Server Responder] INFO  ipc.Server (Server.java:run(1319)) - Stopping IPC Server Responder
2019-09-19 08:26:49,499 [IPC Server listener on 36245] INFO  ipc.Server (Server.java:run(1185)) - Stopping IPC Server listener on 36245
2019-09-19 08:26:49,499 [main] INFO  server.StorageContainerManager (StorageContainerManager.java:stop(837)) - Stopping Storage Container Manager HTTP server.
2019-09-19 08:26:49,500 [IPC Server Responder] INFO  ipc.Server (Server.java:run(1319)) - Stopping IPC Server Responder
2019-09-19 08:26:49,501 [main] INFO  handler.ContextHandler (ContextHandler.java:doStop(910)) - Stopped o.e.j.w.WebAppContext@64b70f41{/,null,UNAVAILABLE}{/scm}
2019-09-19 08:26:49,502 [main] INFO  server.AbstractConnector (AbstractConnector.java:doStop(318)) - Stopped ServerConnector@5f8d9767{HTTP/1.1,[http/1.1]}{0.0.0.0:0}
2019-09-19 08:26:49,502 [main] INFO  handler.ContextHandler (ContextHandler.java:doStop(910)) - Stopped o.e.j.s.ServletContextHandler@4a1a256d{/static,file:///workdir/hadoop-ozone/integration-test/target/test-classes/webapps/static,UNAVAILABLE}
2019-09-19 08:26:49,502 [main] INFO  handler.ContextHandler (ContextHandler.java:doStop(910)) - Stopped o.e.j.s.ServletContextHandler@78910096{/logs,file:///workdir/hadoop-ozone/integration-test/target/log,UNAVAILABLE}
2019-09-19 08:26:49,503 [main] INFO  server.StorageContainerManager (StorageContainerManager.java:stop(848)) - Stopping Block Manager Service.
2019-09-19 08:26:49,503 [main] INFO  utils.BackgroundService (BackgroundService.java:shutdown(148)) - Shutting down service SCMBlockDeletingService
2019-09-19 08:26:49,504 [main] INFO  utils.BackgroundService (BackgroundService.java:shutdown(148)) - Shutting down service SCMBlockDeletingService
2019-09-19 08:26:49,504 [main] INFO  server.StorageContainerManager (StorageContainerManager.java:stop(870)) - Stopping SCM Event Queue.
2019-09-19 08:26:49,508 [main] INFO  impl.MetricsSystemImpl (MetricsSystemImpl.java:stop(210)) - Stopping HddsDatanode metrics system...
2019-09-19 08:26:49,528 [main] INFO  impl.MetricsSystemImpl (MetricsSystemImpl.java:stop(216)) - HddsDatanode metrics system stopped.
]]></system-out>
    <system-err><![CDATA[Exception in thread "64a8661b-c2d9-4df7-8ca1-1b29ef624e85@group-7A121B0D245D:LeaderElection125" java.lang.IllegalStateException: ILLEGAL TRANSITION: In 64a8661b-c2d9-4df7-8ca1-1b29ef624e85@group-7A121B0D245D:LeaderElection125, RUNNING -> CLOSED
	at org.apache.ratis.util.Preconditions.assertTrue(Preconditions.java:63)
	at org.apache.ratis.util.LifeCycle$State.validate(LifeCycle.java:123)
	at org.apache.ratis.util.LifeCycle.transition(LifeCycle.java:143)
	at org.apache.ratis.server.impl.LeaderElection.run(LeaderElection.java:155)
	at java.lang.Thread.run(Thread.java:748)
Exception in thread "64a8661b-c2d9-4df7-8ca1-1b29ef624e85@group-7A121B0D245D:LeaderElection130" java.lang.IllegalStateException: ILLEGAL TRANSITION: In 64a8661b-c2d9-4df7-8ca1-1b29ef624e85@group-7A121B0D245D:LeaderElection130, RUNNING -> CLOSED
	at org.apache.ratis.util.Preconditions.assertTrue(Preconditions.java:63)
	at org.apache.ratis.util.LifeCycle$State.validate(LifeCycle.java:123)
	at org.apache.ratis.util.LifeCycle.transition(LifeCycle.java:143)
	at org.apache.ratis.server.impl.LeaderElection.run(LeaderElection.java:155)
	at java.lang.Thread.run(Thread.java:748)
Sep 19, 2019 8:26:37 AM org.apache.ratis.thirdparty.io.grpc.internal.SerializingExecutor run
SEVERE: Exception while executing runnable org.apache.ratis.thirdparty.io.grpc.internal.ServerImpl$JumpToApplicationThreadServerStreamListener$1Closed@7c3359f
org.apache.ratis.thirdparty.io.grpc.StatusRuntimeException: CANCELLED: call already cancelled
	at org.apache.ratis.thirdparty.io.grpc.Status.asRuntimeException(Status.java:517)
	at org.apache.ratis.thirdparty.io.grpc.stub.ServerCalls$ServerCallStreamObserverImpl.onCompleted(ServerCalls.java:356)
	at org.apache.ratis.grpc.server.GrpcServerProtocolService$ServerRequestStreamObserver.onError(GrpcServerProtocolService.java:121)
	at org.apache.ratis.thirdparty.io.grpc.stub.ServerCalls$StreamingServerCallHandler$StreamingServerCallListener.onCancel(ServerCalls.java:269)
	at org.apache.ratis.thirdparty.io.grpc.internal.ServerCallImpl$ServerStreamListenerImpl.closed(ServerCallImpl.java:293)
	at org.apache.ratis.thirdparty.io.grpc.internal.ServerImpl$JumpToApplicationThreadServerStreamListener$1Closed.runInContext(ServerImpl.java:741)
	at org.apache.ratis.thirdparty.io.grpc.internal.ContextRunnable.run(ContextRunnable.java:37)
	at org.apache.ratis.thirdparty.io.grpc.internal.SerializingExecutor.run(SerializingExecutor.java:123)
	at java.util.concurrent.ThreadPoolExecutor.runWorker(ThreadPoolExecutor.java:1149)
	at java.util.concurrent.ThreadPoolExecutor$Worker.run(ThreadPoolExecutor.java:624)
	at java.lang.Thread.run(Thread.java:748)

Sep 19, 2019 8:26:37 AM org.apache.ratis.thirdparty.io.grpc.internal.SerializingExecutor run
SEVERE: Exception while executing runnable org.apache.ratis.thirdparty.io.grpc.internal.ServerImpl$JumpToApplicationThreadServerStreamListener$1Closed@6fce3d7b
org.apache.ratis.thirdparty.io.grpc.StatusRuntimeException: CANCELLED: call already cancelled
	at org.apache.ratis.thirdparty.io.grpc.Status.asRuntimeException(Status.java:517)
	at org.apache.ratis.thirdparty.io.grpc.stub.ServerCalls$ServerCallStreamObserverImpl.onCompleted(ServerCalls.java:356)
	at org.apache.ratis.grpc.server.GrpcServerProtocolService$ServerRequestStreamObserver.onError(GrpcServerProtocolService.java:121)
	at org.apache.ratis.thirdparty.io.grpc.stub.ServerCalls$StreamingServerCallHandler$StreamingServerCallListener.onCancel(ServerCalls.java:269)
	at org.apache.ratis.thirdparty.io.grpc.internal.ServerCallImpl$ServerStreamListenerImpl.closed(ServerCallImpl.java:293)
	at org.apache.ratis.thirdparty.io.grpc.internal.ServerImpl$JumpToApplicationThreadServerStreamListener$1Closed.runInContext(ServerImpl.java:741)
	at org.apache.ratis.thirdparty.io.grpc.internal.ContextRunnable.run(ContextRunnable.java:37)
	at org.apache.ratis.thirdparty.io.grpc.internal.SerializingExecutor.run(SerializingExecutor.java:123)
	at java.util.concurrent.ThreadPoolExecutor.runWorker(ThreadPoolExecutor.java:1149)
	at java.util.concurrent.ThreadPoolExecutor$Worker.run(ThreadPoolExecutor.java:624)
	at java.lang.Thread.run(Thread.java:748)

]]></system-err>
  </testcase>
  <testcase name="testBlockWritesWithDnFailures" classname="org.apache.hadoop.ozone.client.rpc.TestFailureHandlingByClient" time="48.449"/>
  <testcase name="testDatanodeExclusionWithMajorityCommit" classname="org.apache.hadoop.ozone.client.rpc.TestFailureHandlingByClient" time="56.073"/>
</testsuite>