<?xml version="1.0" encoding="UTF-8"?>
<testsuite xmlns:xsi="http://www.w3.org/2001/XMLSchema-instance" xsi:noNamespaceSchemaLocation="https://maven.apache.org/surefire/maven-surefire-plugin/xsd/surefire-test-report.xsd" name="org.apache.hadoop.ozone.freon.TestFreonWithPipelineDestroy" time="38.166" tests="1" errors="1" skipped="0" failures="0">
  <properties>
    <property name="awt.toolkit" value="sun.awt.X11.XToolkit"/>
    <property name="file.encoding.pkg" value="sun.io"/>
    <property name="java.specification.version" value="1.8"/>
    <property name="sun.cpu.isalist" value=""/>
    <property name="sun.jnu.encoding" value="UTF-8"/>
    <property name="java.class.path" value="/workdir/hadoop-ozone/tools/target/test-classes:/workdir/hadoop-ozone/tools/target/classes:/workdir/hadoop-ozone/ozone-manager/target/classes:/workdir/hadoop-hdds/docs/target/classes:/home/user/.m2/repository/org/bouncycastle/bcprov-jdk15on/1.60/bcprov-jdk15on-1.60.jar:/workdir/hadoop-ozone/common/target/classes:/home/user/.m2/repository/org/apache/commons/commons-compress/1.4.1/commons-compress-1.4.1.jar:/home/user/.m2/repository/org/tukaani/xz/1.0/xz-1.0.jar:/home/user/.m2/repository/org/apache/hadoop/hadoop-hdfs-client/3.2.0/hadoop-hdfs-client-3.2.0.jar:/home/user/.m2/repository/com/fasterxml/jackson/core/jackson-annotations/2.9.5/jackson-annotations-2.9.5.jar:/workdir/hadoop-hdds/common/target/classes:/workdir/hadoop-hdds/config/target/classes:/home/user/.m2/repository/javax/annotation/javax.annotation-api/1.2/javax.annotation-api-1.2.jar:/home/user/.m2/repository/org/apache/ratis/ratis-server/0.4.0-2337318-SNAPSHOT/ratis-server-0.4.0-2337318-SNAPSHOT.jar:/home/user/.m2/repository/org/apache/ratis/ratis-thirdparty-misc/0.2.0/ratis-thirdparty-misc-0.2.0.jar:/home/user/.m2/repository/org/apache/ratis/ratis-proto/0.4.0-2337318-SNAPSHOT/ratis-proto-0.4.0-2337318-SNAPSHOT.jar:/home/user/.m2/repository/org/apache/ratis/ratis-common/0.4.0-2337318-SNAPSHOT/ratis-common-0.4.0-2337318-SNAPSHOT.jar:/home/user/.m2/repository/org/apache/ratis/ratis-client/0.4.0-2337318-SNAPSHOT/ratis-client-0.4.0-2337318-SNAPSHOT.jar:/home/user/.m2/repository/org/apache/ratis/ratis-metrics/0.4.0-2337318-SNAPSHOT/ratis-metrics-0.4.0-2337318-SNAPSHOT.jar:/home/user/.m2/repository/org/apache/ratis/ratis-netty/0.4.0-2337318-SNAPSHOT/ratis-netty-0.4.0-2337318-SNAPSHOT.jar:/home/user/.m2/repository/org/apache/ratis/ratis-grpc/0.4.0-2337318-SNAPSHOT/ratis-grpc-0.4.0-2337318-SNAPSHOT.jar:/home/user/.m2/repository/org/rocksdb/rocksdbjni/6.0.1/rocksdbjni-6.0.1.jar:/home/user/.m2/repository/org/apache/logging/log4j/log4j-api/2.11.0/log4j-api-2.11.0.jar:/home/user/.m2/repository/org/apache/logging/log4j/log4j-core/2.11.0/log4j-core-2.11.0.jar:/home/user/.m2/repository/com/lmax/disruptor/3.4.2/disruptor-3.4.2.jar:/home/user/.m2/repository/org/apache/commons/commons-pool2/2.6.0/commons-pool2-2.6.0.jar:/home/user/.m2/repository/org/bouncycastle/bcpkix-jdk15on/1.60/bcpkix-jdk15on-1.60.jar:/home/user/.m2/repository/commons-validator/commons-validator/1.6/commons-validator-1.6.jar:/home/user/.m2/repository/commons-digester/commons-digester/1.8.1/commons-digester-1.8.1.jar:/home/user/.m2/repository/io/jaegertracing/jaeger-client/0.33.1/jaeger-client-0.33.1.jar:/home/user/.m2/repository/io/jaegertracing/jaeger-thrift/0.33.1/jaeger-thrift-0.33.1.jar:/home/user/.m2/repository/org/apache/thrift/libthrift/0.11.0/libthrift-0.11.0.jar:/home/user/.m2/repository/com/squareup/okhttp3/okhttp/3.9.0/okhttp-3.9.0.jar:/home/user/.m2/repository/com/squareup/okio/okio/1.13.0/okio-1.13.0.jar:/home/user/.m2/repository/io/jaegertracing/jaeger-core/0.33.1/jaeger-core-0.33.1.jar:/home/user/.m2/repository/io/jaegertracing/jaeger-tracerresolver/0.33.1/jaeger-tracerresolver-0.33.1.jar:/home/user/.m2/repository/io/opentracing/contrib/opentracing-tracerresolver/0.1.5/opentracing-tracerresolver-0.1.5.jar:/home/user/.m2/repository/io/opentracing/opentracing-util/0.31.0/opentracing-util-0.31.0.jar:/home/user/.m2/repository/io/opentracing/opentracing-api/0.31.0/opentracing-api-0.31.0.jar:/home/user/.m2/repository/io/opentracing/opentracing-noop/0.31.0/opentracing-noop-0.31.0.jar:/home/user/.m2/repository/org/yaml/snakeyaml/1.16/snakeyaml-1.16.jar:/workdir/hadoop-hdds/container-service/target/classes:/workdir/hadoop-hdds/client/target/classes:/workdir/hadoop-hdds/tools/target/classes:/home/user/.m2/repository/org/xerial/sqlite-jdbc/3.25.2/sqlite-jdbc-3.25.2.jar:/workdir/hadoop-hdds/server-scm/target/classes:/home/user/.m2/repository/org/hamcrest/hamcrest-all/1.3/hamcrest-all-1.3.jar:/home/user/.m2/repository/info/picocli/picocli/3.9.6/picocli-3.9.6.jar:/home/user/.m2/repository/com/google/protobuf/protobuf-java/2.5.0/protobuf-java-2.5.0.jar:/home/user/.m2/repository/com/google/guava/guava/11.0.2/guava-11.0.2.jar:/workdir/hadoop-ozone/client/target/classes:/home/user/.m2/repository/org/apache/hadoop/hadoop-ozone-filesystem/0.4.1-SNAPSHOT/hadoop-ozone-filesystem-0.4.1-SNAPSHOT.jar:/workdir/hadoop-hdds/framework/target/classes:/home/user/.m2/repository/org/apache/hadoop/hadoop-common/3.2.0/hadoop-common-3.2.0.jar:/home/user/.m2/repository/org/apache/hadoop/hadoop-annotations/3.2.0/hadoop-annotations-3.2.0.jar:/usr/lib/jvm/java-1.8-openjdk/jre/../lib/tools.jar:/home/user/.m2/repository/commons-cli/commons-cli/1.2/commons-cli-1.2.jar:/home/user/.m2/repository/org/apache/commons/commons-math3/3.1.1/commons-math3-3.1.1.jar:/home/user/.m2/repository/org/apache/httpcomponents/httpclient/4.5.2/httpclient-4.5.2.jar:/home/user/.m2/repository/org/apache/httpcomponents/httpcore/4.4.4/httpcore-4.4.4.jar:/home/user/.m2/repository/commons-codec/commons-codec/1.11/commons-codec-1.11.jar:/home/user/.m2/repository/commons-io/commons-io/2.5/commons-io-2.5.jar:/home/user/.m2/repository/commons-net/commons-net/3.6/commons-net-3.6.jar:/home/user/.m2/repository/commons-collections/commons-collections/3.2.2/commons-collections-3.2.2.jar:/home/user/.m2/repository/javax/servlet/javax.servlet-api/3.1.0/javax.servlet-api-3.1.0.jar:/home/user/.m2/repository/org/eclipse/jetty/jetty-server/9.3.24.v20180605/jetty-server-9.3.24.v20180605.jar:/home/user/.m2/repository/org/eclipse/jetty/jetty-http/9.3.24.v20180605/jetty-http-9.3.24.v20180605.jar:/home/user/.m2/repository/org/eclipse/jetty/jetty-io/9.3.24.v20180605/jetty-io-9.3.24.v20180605.jar:/home/user/.m2/repository/org/eclipse/jetty/jetty-util/9.3.24.v20180605/jetty-util-9.3.24.v20180605.jar:/home/user/.m2/repository/org/eclipse/jetty/jetty-servlet/9.3.24.v20180605/jetty-servlet-9.3.24.v20180605.jar:/home/user/.m2/repository/org/eclipse/jetty/jetty-security/9.3.24.v20180605/jetty-security-9.3.24.v20180605.jar:/home/user/.m2/repository/org/eclipse/jetty/jetty-webapp/9.3.24.v20180605/jetty-webapp-9.3.24.v20180605.jar:/home/user/.m2/repository/org/eclipse/jetty/jetty-xml/9.3.24.v20180605/jetty-xml-9.3.24.v20180605.jar:/home/user/.m2/repository/javax/servlet/jsp/jsp-api/2.1/jsp-api-2.1.jar:/home/user/.m2/repository/com/sun/jersey/jersey-core/1.19/jersey-core-1.19.jar:/home/user/.m2/repository/javax/ws/rs/jsr311-api/1.1.1/jsr311-api-1.1.1.jar:/home/user/.m2/repository/com/sun/jersey/jersey-servlet/1.19/jersey-servlet-1.19.jar:/home/user/.m2/repository/com/sun/jersey/jersey-json/1.19/jersey-json-1.19.jar:/home/user/.m2/repository/org/codehaus/jettison/jettison/1.1/jettison-1.1.jar:/home/user/.m2/repository/com/sun/xml/bind/jaxb-impl/2.3.0.1/jaxb-impl-2.3.0.1.jar:/home/user/.m2/repository/org/codehaus/jackson/jackson-core-asl/1.9.13/jackson-core-asl-1.9.13.jar:/home/user/.m2/repository/org/codehaus/jackson/jackson-mapper-asl/1.9.13/jackson-mapper-asl-1.9.13.jar:/home/user/.m2/repository/org/codehaus/jackson/jackson-jaxrs/1.9.13/jackson-jaxrs-1.9.13.jar:/home/user/.m2/repository/org/codehaus/jackson/jackson-xc/1.9.13/jackson-xc-1.9.13.jar:/home/user/.m2/repository/com/sun/jersey/jersey-server/1.19/jersey-server-1.19.jar:/home/user/.m2/repository/commons-logging/commons-logging/1.1.3/commons-logging-1.1.3.jar:/home/user/.m2/repository/log4j/log4j/1.2.17/log4j-1.2.17.jar:/home/user/.m2/repository/commons-beanutils/commons-beanutils/1.9.3/commons-beanutils-1.9.3.jar:/home/user/.m2/repository/org/apache/commons/commons-configuration2/2.1.1/commons-configuration2-2.1.1.jar:/home/user/.m2/repository/org/apache/commons/commons-lang3/3.7/commons-lang3-3.7.jar:/home/user/.m2/repository/org/apache/commons/commons-text/1.4/commons-text-1.4.jar:/home/user/.m2/repository/org/slf4j/slf4j-api/1.7.25/slf4j-api-1.7.25.jar:/home/user/.m2/repository/org/slf4j/slf4j-log4j12/1.7.25/slf4j-log4j12-1.7.25.jar:/home/user/.m2/repository/org/apache/avro/avro/1.7.7/avro-1.7.7.jar:/home/user/.m2/repository/com/thoughtworks/paranamer/paranamer/2.3/paranamer-2.3.jar:/home/user/.m2/repository/org/xerial/snappy/snappy-java/1.0.5/snappy-java-1.0.5.jar:/home/user/.m2/repository/com/google/re2j/re2j/1.1/re2j-1.1.jar:/home/user/.m2/repository/com/google/code/gson/gson/2.2.4/gson-2.2.4.jar:/home/user/.m2/repository/org/apache/hadoop/hadoop-auth/3.2.0/hadoop-auth-3.2.0.jar:/home/user/.m2/repository/com/nimbusds/nimbus-jose-jwt/4.41.1/nimbus-jose-jwt-4.41.1.jar:/home/user/.m2/repository/com/github/stephenc/jcip/jcip-annotations/1.0-1/jcip-annotations-1.0-1.jar:/home/user/.m2/repository/net/minidev/json-smart/2.3/json-smart-2.3.jar:/home/user/.m2/repository/net/minidev/accessors-smart/1.2/accessors-smart-1.2.jar:/home/user/.m2/repository/org/apache/curator/curator-framework/2.12.0/curator-framework-2.12.0.jar:/home/user/.m2/repository/com/jcraft/jsch/0.1.54/jsch-0.1.54.jar:/home/user/.m2/repository/org/apache/curator/curator-client/2.12.0/curator-client-2.12.0.jar:/home/user/.m2/repository/org/apache/curator/curator-recipes/2.12.0/curator-recipes-2.12.0.jar:/home/user/.m2/repository/com/google/code/findbugs/jsr305/3.0.0/jsr305-3.0.0.jar:/home/user/.m2/repository/org/apache/htrace/htrace-core4/4.1.0-incubating/htrace-core4-4.1.0-incubating.jar:/home/user/.m2/repository/org/apache/zookeeper/zookeeper/3.4.13/zookeeper-3.4.13.jar:/home/user/.m2/repository/org/apache/yetus/audience-annotations/0.5.0/audience-annotations-0.5.0.jar:/home/user/.m2/repository/org/apache/kerby/kerb-simplekdc/1.0.1/kerb-simplekdc-1.0.1.jar:/home/user/.m2/repository/org/apache/kerby/kerb-client/1.0.1/kerb-client-1.0.1.jar:/home/user/.m2/repository/org/apache/kerby/kerby-config/1.0.1/kerby-config-1.0.1.jar:/home/user/.m2/repository/org/apache/kerby/kerb-core/1.0.1/kerb-core-1.0.1.jar:/home/user/.m2/repository/org/apache/kerby/kerby-pkix/1.0.1/kerby-pkix-1.0.1.jar:/home/user/.m2/repository/org/apache/kerby/kerby-asn1/1.0.1/kerby-asn1-1.0.1.jar:/home/user/.m2/repository/org/apache/kerby/kerby-util/1.0.1/kerby-util-1.0.1.jar:/home/user/.m2/repository/org/apache/kerby/kerb-common/1.0.1/kerb-common-1.0.1.jar:/home/user/.m2/repository/org/apache/kerby/kerb-crypto/1.0.1/kerb-crypto-1.0.1.jar:/home/user/.m2/repository/org/apache/kerby/kerb-util/1.0.1/kerb-util-1.0.1.jar:/home/user/.m2/repository/org/apache/kerby/token-provider/1.0.1/token-provider-1.0.1.jar:/home/user/.m2/repository/org/apache/kerby/kerb-admin/1.0.1/kerb-admin-1.0.1.jar:/home/user/.m2/repository/org/apache/kerby/kerb-server/1.0.1/kerb-server-1.0.1.jar:/home/user/.m2/repository/org/apache/kerby/kerb-identity/1.0.1/kerb-identity-1.0.1.jar:/home/user/.m2/repository/org/apache/kerby/kerby-xdr/1.0.1/kerby-xdr-1.0.1.jar:/home/user/.m2/repository/com/fasterxml/jackson/core/jackson-databind/2.9.5/jackson-databind-2.9.5.jar:/home/user/.m2/repository/com/fasterxml/jackson/core/jackson-core/2.9.5/jackson-core-2.9.5.jar:/home/user/.m2/repository/org/codehaus/woodstox/stax2-api/3.1.4/stax2-api-3.1.4.jar:/home/user/.m2/repository/com/fasterxml/woodstox/woodstox-core/5.0.3/woodstox-core-5.0.3.jar:/home/user/.m2/repository/dnsjava/dnsjava/2.1.7/dnsjava-2.1.7.jar:/home/user/.m2/repository/org/apache/hadoop/hadoop-hdfs/3.2.0/hadoop-hdfs-3.2.0.jar:/home/user/.m2/repository/org/eclipse/jetty/jetty-util-ajax/9.3.24.v20180605/jetty-util-ajax-9.3.24.v20180605.jar:/home/user/.m2/repository/commons-daemon/commons-daemon/1.0.13/commons-daemon-1.0.13.jar:/home/user/.m2/repository/io/netty/netty/3.10.5.Final/netty-3.10.5.Final.jar:/home/user/.m2/repository/io/netty/netty-all/4.0.52.Final/netty-all-4.0.52.Final.jar:/home/user/.m2/repository/org/fusesource/leveldbjni/leveldbjni-all/1.8/leveldbjni-all-1.8.jar:/home/user/.m2/repository/com/sun/xml/bind/jaxb-core/2.3.0.1/jaxb-core-2.3.0.1.jar:/home/user/.m2/repository/javax/xml/bind/jaxb-api/2.3.0/jaxb-api-2.3.0.jar:/home/user/.m2/repository/javax/activation/activation/1.1.1/activation-1.1.1.jar:/home/user/.m2/repository/io/dropwizard/metrics/metrics-core/3.2.4/metrics-core-3.2.4.jar:/home/user/.m2/repository/org/openjdk/jmh/jmh-core/1.19/jmh-core-1.19.jar:/home/user/.m2/repository/net/sf/jopt-simple/jopt-simple/4.6/jopt-simple-4.6.jar:/home/user/.m2/repository/org/openjdk/jmh/jmh-generator-annprocess/1.19/jmh-generator-annprocess-1.19.jar:/home/user/.m2/repository/com/google/code/findbugs/findbugs/3.0.1/findbugs-3.0.1.jar:/home/user/.m2/repository/net/jcip/jcip-annotations/1.0/jcip-annotations-1.0.jar:/home/user/.m2/repository/com/google/code/findbugs/bcel-findbugs/6.0/bcel-findbugs-6.0.jar:/home/user/.m2/repository/com/google/code/findbugs/jFormatString/2.0.1/jFormatString-2.0.1.jar:/home/user/.m2/repository/dom4j/dom4j/1.6.1/dom4j-1.6.1.jar:/home/user/.m2/repository/xml-apis/xml-apis/1.0.b2/xml-apis-1.0.b2.jar:/home/user/.m2/repository/org/ow2/asm/asm-debug-all/5.0.2/asm-debug-all-5.0.2.jar:/home/user/.m2/repository/org/ow2/asm/asm-commons/5.0.2/asm-commons-5.0.2.jar:/home/user/.m2/repository/org/ow2/asm/asm-tree/5.0.2/asm-tree-5.0.2.jar:/home/user/.m2/repository/org/ow2/asm/asm/5.0.4/asm-5.0.4.jar:/home/user/.m2/repository/commons-lang/commons-lang/2.6/commons-lang-2.6.jar:/home/user/.m2/repository/com/apple/AppleJavaExtensions/1.4/AppleJavaExtensions-1.4.jar:/home/user/.m2/repository/jaxen/jaxen/1.1.6/jaxen-1.1.6.jar:/home/user/.m2/repository/junit/junit/4.11/junit-4.11.jar:/home/user/.m2/repository/org/hamcrest/hamcrest-core/1.3/hamcrest-core-1.3.jar:/home/user/.m2/repository/org/apache/hadoop/hadoop-common/3.2.0/hadoop-common-3.2.0-tests.jar:/home/user/.m2/repository/org/apache/hadoop/hadoop-ozone-integration-test/0.4.1-SNAPSHOT/hadoop-ozone-integration-test-0.4.1-SNAPSHOT-tests.jar:/workdir/hadoop-ozone/objectstore-service/target/classes:/workdir/hadoop-ozone/s3gateway/target/classes:/home/user/.m2/repository/org/jboss/weld/servlet/weld-servlet/2.4.7.Final/weld-servlet-2.4.7.Final.jar:/home/user/.m2/repository/org/glassfish/jersey/containers/jersey-container-servlet-core/2.27/jersey-container-servlet-core-2.27.jar:/home/user/.m2/repository/org/glassfish/hk2/external/javax.inject/2.5.0-b42/javax.inject-2.5.0-b42.jar:/home/user/.m2/repository/org/glassfish/jersey/core/jersey-common/2.27/jersey-common-2.27.jar:/home/user/.m2/repository/org/glassfish/hk2/osgi-resource-locator/1.0.1/osgi-resource-locator-1.0.1.jar:/home/user/.m2/repository/javax/ws/rs/javax.ws.rs-api/2.1/javax.ws.rs-api-2.1.jar:/home/user/.m2/repository/org/glassfish/jersey/ext/cdi/jersey-cdi1x/2.27/jersey-cdi1x-2.27.jar:/home/user/.m2/repository/org/glassfish/jersey/inject/jersey-hk2/2.27/jersey-hk2-2.27.jar:/home/user/.m2/repository/org/glassfish/hk2/hk2-locator/2.5.0-b42/hk2-locator-2.5.0-b42.jar:/home/user/.m2/repository/org/javassist/javassist/3.22.0-CR2/javassist-3.22.0-CR2.jar:/home/user/.m2/repository/org/glassfish/hk2/hk2-api/2.5.0/hk2-api-2.5.0.jar:/home/user/.m2/repository/org/glassfish/hk2/external/jakarta.inject/2.5.0/jakarta.inject-2.5.0.jar:/home/user/.m2/repository/org/glassfish/hk2/hk2-utils/2.5.0/hk2-utils-2.5.0.jar:/home/user/.m2/repository/jakarta/annotation/jakarta.annotation-api/1.3.4/jakarta.annotation-api-1.3.4.jar:/home/user/.m2/repository/org/glassfish/hk2/external/aopalliance-repackaged/2.5.0/aopalliance-repackaged-2.5.0.jar:/home/user/.m2/repository/com/fasterxml/jackson/dataformat/jackson-dataformat-xml/2.9.0/jackson-dataformat-xml-2.9.0.jar:/home/user/.m2/repository/com/fasterxml/jackson/module/jackson-module-jaxb-annotations/2.9.5/jackson-module-jaxb-annotations-2.9.5.jar:/home/user/.m2/repository/javax/enterprise/cdi-api/1.2/cdi-api-1.2.jar:/home/user/.m2/repository/javax/el/javax.el-api/3.0.0/javax.el-api-3.0.0.jar:/home/user/.m2/repository/javax/interceptor/javax.interceptor-api/1.2/javax.interceptor-api-1.2.jar:/home/user/.m2/repository/javax/inject/javax.inject/1/javax.inject-1.jar:/workdir/hadoop-ozone/csi/target/classes:/home/user/.m2/repository/com/google/protobuf/protobuf-java-util/3.5.1/protobuf-java-util-3.5.1.jar:/home/user/.m2/repository/io/grpc/grpc-netty/1.17.1/grpc-netty-1.17.1.jar:/home/user/.m2/repository/io/grpc/grpc-core/1.17.1/grpc-core-1.17.1.jar:/home/user/.m2/repository/io/grpc/grpc-context/1.17.1/grpc-context-1.17.1.jar:/home/user/.m2/repository/com/google/errorprone/error_prone_annotations/2.2.0/error_prone_annotations-2.2.0.jar:/home/user/.m2/repository/org/codehaus/mojo/animal-sniffer-annotations/1.17/animal-sniffer-annotations-1.17.jar:/home/user/.m2/repository/io/opencensus/opencensus-api/0.17.0/opencensus-api-0.17.0.jar:/home/user/.m2/repository/io/opencensus/opencensus-contrib-grpc-metrics/0.17.0/opencensus-contrib-grpc-metrics-0.17.0.jar:/home/user/.m2/repository/io/netty/netty-codec-http2/4.1.30.Final/netty-codec-http2-4.1.30.Final.jar:/home/user/.m2/repository/io/netty/netty-codec-http/4.1.30.Final/netty-codec-http-4.1.30.Final.jar:/home/user/.m2/repository/io/netty/netty-codec/4.1.30.Final/netty-codec-4.1.30.Final.jar:/home/user/.m2/repository/io/netty/netty-handler/4.1.30.Final/netty-handler-4.1.30.Final.jar:/home/user/.m2/repository/io/netty/netty-handler-proxy/4.1.30.Final/netty-handler-proxy-4.1.30.Final.jar:/home/user/.m2/repository/io/netty/netty-codec-socks/4.1.30.Final/netty-codec-socks-4.1.30.Final.jar:/home/user/.m2/repository/io/netty/netty-transport-native-epoll/4.1.30.Final/netty-transport-native-epoll-4.1.30.Final.jar:/home/user/.m2/repository/io/netty/netty-common/4.1.30.Final/netty-common-4.1.30.Final.jar:/home/user/.m2/repository/io/netty/netty-buffer/4.1.30.Final/netty-buffer-4.1.30.Final.jar:/home/user/.m2/repository/io/netty/netty-transport/4.1.30.Final/netty-transport-4.1.30.Final.jar:/home/user/.m2/repository/io/netty/netty-resolver/4.1.30.Final/netty-resolver-4.1.30.Final.jar:/home/user/.m2/repository/io/netty/netty-transport-native-unix-common/4.1.30.Final/netty-transport-native-unix-common-4.1.30.Final.jar:/home/user/.m2/repository/io/grpc/grpc-protobuf/1.17.1/grpc-protobuf-1.17.1.jar:/home/user/.m2/repository/com/google/api/grpc/proto-google-common-protos/1.0.0/proto-google-common-protos-1.0.0.jar:/home/user/.m2/repository/io/grpc/grpc-protobuf-lite/1.17.1/grpc-protobuf-lite-1.17.1.jar:/home/user/.m2/repository/io/grpc/grpc-stub/1.17.1/grpc-stub-1.17.1.jar:/workdir/hadoop-ozone/ozone-recon/target/classes:/workdir/hadoop-ozone/ozone-recon-codegen/target/classes:/home/user/.m2/repository/com/google/inject/extensions/guice-multibindings/4.0/guice-multibindings-4.0.jar:/home/user/.m2/repository/com/google/inject/guice/4.0/guice-4.0.jar:/home/user/.m2/repository/aopalliance/aopalliance/1.0/aopalliance-1.0.jar:/home/user/.m2/repository/com/google/inject/extensions/guice-servlet/4.0/guice-servlet-4.0.jar:/home/user/.m2/repository/org/glassfish/jersey/containers/jersey-container-servlet/2.27/jersey-container-servlet-2.27.jar:/home/user/.m2/repository/org/glassfish/hk2/guice-bridge/2.5.0/guice-bridge-2.5.0.jar:/home/user/.m2/repository/org/glassfish/jersey/core/jersey-server/2.27/jersey-server-2.27.jar:/home/user/.m2/repository/org/glassfish/jersey/core/jersey-client/2.27/jersey-client-2.27.jar:/home/user/.m2/repository/org/glassfish/jersey/media/jersey-media-jaxb/2.27/jersey-media-jaxb-2.27.jar:/home/user/.m2/repository/javax/validation/validation-api/1.1.0.Final/validation-api-1.1.0.Final.jar:/home/user/.m2/repository/org/glassfish/jersey/media/jersey-media-json-jackson/2.27/jersey-media-json-jackson-2.27.jar:/home/user/.m2/repository/org/glassfish/jersey/ext/jersey-entity-filtering/2.27/jersey-entity-filtering-2.27.jar:/home/user/.m2/repository/com/google/inject/extensions/guice-assistedinject/4.0/guice-assistedinject-4.0.jar:/home/user/.m2/repository/org/jooq/jooq/3.11.10/jooq-3.11.10.jar:/home/user/.m2/repository/org/jooq/jooq-meta/3.11.10/jooq-meta-3.11.10.jar:/home/user/.m2/repository/org/jooq/jooq-codegen/3.11.10/jooq-codegen-3.11.10.jar:/home/user/.m2/repository/com/jolbox/bonecp/0.8.0.RELEASE/bonecp-0.8.0.RELEASE.jar:/home/user/.m2/repository/org/springframework/spring-jdbc/5.1.3.RELEASE/spring-jdbc-5.1.3.RELEASE.jar:/home/user/.m2/repository/org/springframework/spring-beans/5.1.3.RELEASE/spring-beans-5.1.3.RELEASE.jar:/home/user/.m2/repository/org/springframework/spring-core/5.1.3.RELEASE/spring-core-5.1.3.RELEASE.jar:/home/user/.m2/repository/org/springframework/spring-jcl/5.1.3.RELEASE/spring-jcl-5.1.3.RELEASE.jar:/home/user/.m2/repository/org/springframework/spring-tx/5.1.3.RELEASE/spring-tx-5.1.3.RELEASE.jar:/home/user/.m2/repository/org/mockito/mockito-core/2.15.0/mockito-core-2.15.0.jar:/home/user/.m2/repository/net/bytebuddy/byte-buddy/1.7.9/byte-buddy-1.7.9.jar:/home/user/.m2/repository/net/bytebuddy/byte-buddy-agent/1.7.9/byte-buddy-agent-1.7.9.jar:/home/user/.m2/repository/org/objenesis/objenesis/1.0/objenesis-1.0.jar:"/>
    <property name="java.vm.vendor" value="IcedTea"/>
    <property name="sun.arch.data.model" value="64"/>
    <property name="test.build.dir" value="/workdir/hadoop-ozone/tools/target/test-dir"/>
    <property name="test.cache.data" value=""/>
    <property name="java.vendor.url" value="https://icedtea.classpath.org"/>
    <property name="user.timezone" value=""/>
    <property name="java.vm.specification.version" value="1.8"/>
    <property name="os.name" value="Linux"/>
    <property name="test.build.data" value="/workdir/hadoop-ozone/tools/target/test-dir"/>
    <property name="user.country" value="US"/>
    <property name="sun.java.launcher" value="SUN_STANDARD"/>
    <property name="sun.boot.library.path" value="/usr/lib/jvm/java-1.8-openjdk/jre/lib/amd64"/>
    <property name="sun.java.command" value="/workdir/hadoop-ozone/tools/target/surefire/surefirebooter3537798150086127659.jar /workdir/hadoop-ozone/tools/target/surefire 2019-07-30T21-42-35_602-jvmRun1 surefire2219030399665763690tmp surefire_1124836129857187298750tmp"/>
    <property name="surefire.test.class.path" value="/workdir/hadoop-ozone/tools/target/test-classes:/workdir/hadoop-ozone/tools/target/classes:/workdir/hadoop-ozone/ozone-manager/target/classes:/workdir/hadoop-hdds/docs/target/classes:/home/user/.m2/repository/org/bouncycastle/bcprov-jdk15on/1.60/bcprov-jdk15on-1.60.jar:/workdir/hadoop-ozone/common/target/classes:/home/user/.m2/repository/org/apache/commons/commons-compress/1.4.1/commons-compress-1.4.1.jar:/home/user/.m2/repository/org/tukaani/xz/1.0/xz-1.0.jar:/home/user/.m2/repository/org/apache/hadoop/hadoop-hdfs-client/3.2.0/hadoop-hdfs-client-3.2.0.jar:/home/user/.m2/repository/com/fasterxml/jackson/core/jackson-annotations/2.9.5/jackson-annotations-2.9.5.jar:/workdir/hadoop-hdds/common/target/classes:/workdir/hadoop-hdds/config/target/classes:/home/user/.m2/repository/javax/annotation/javax.annotation-api/1.2/javax.annotation-api-1.2.jar:/home/user/.m2/repository/org/apache/ratis/ratis-server/0.4.0-2337318-SNAPSHOT/ratis-server-0.4.0-2337318-SNAPSHOT.jar:/home/user/.m2/repository/org/apache/ratis/ratis-thirdparty-misc/0.2.0/ratis-thirdparty-misc-0.2.0.jar:/home/user/.m2/repository/org/apache/ratis/ratis-proto/0.4.0-2337318-SNAPSHOT/ratis-proto-0.4.0-2337318-SNAPSHOT.jar:/home/user/.m2/repository/org/apache/ratis/ratis-common/0.4.0-2337318-SNAPSHOT/ratis-common-0.4.0-2337318-SNAPSHOT.jar:/home/user/.m2/repository/org/apache/ratis/ratis-client/0.4.0-2337318-SNAPSHOT/ratis-client-0.4.0-2337318-SNAPSHOT.jar:/home/user/.m2/repository/org/apache/ratis/ratis-metrics/0.4.0-2337318-SNAPSHOT/ratis-metrics-0.4.0-2337318-SNAPSHOT.jar:/home/user/.m2/repository/org/apache/ratis/ratis-netty/0.4.0-2337318-SNAPSHOT/ratis-netty-0.4.0-2337318-SNAPSHOT.jar:/home/user/.m2/repository/org/apache/ratis/ratis-grpc/0.4.0-2337318-SNAPSHOT/ratis-grpc-0.4.0-2337318-SNAPSHOT.jar:/home/user/.m2/repository/org/rocksdb/rocksdbjni/6.0.1/rocksdbjni-6.0.1.jar:/home/user/.m2/repository/org/apache/logging/log4j/log4j-api/2.11.0/log4j-api-2.11.0.jar:/home/user/.m2/repository/org/apache/logging/log4j/log4j-core/2.11.0/log4j-core-2.11.0.jar:/home/user/.m2/repository/com/lmax/disruptor/3.4.2/disruptor-3.4.2.jar:/home/user/.m2/repository/org/apache/commons/commons-pool2/2.6.0/commons-pool2-2.6.0.jar:/home/user/.m2/repository/org/bouncycastle/bcpkix-jdk15on/1.60/bcpkix-jdk15on-1.60.jar:/home/user/.m2/repository/commons-validator/commons-validator/1.6/commons-validator-1.6.jar:/home/user/.m2/repository/commons-digester/commons-digester/1.8.1/commons-digester-1.8.1.jar:/home/user/.m2/repository/io/jaegertracing/jaeger-client/0.33.1/jaeger-client-0.33.1.jar:/home/user/.m2/repository/io/jaegertracing/jaeger-thrift/0.33.1/jaeger-thrift-0.33.1.jar:/home/user/.m2/repository/org/apache/thrift/libthrift/0.11.0/libthrift-0.11.0.jar:/home/user/.m2/repository/com/squareup/okhttp3/okhttp/3.9.0/okhttp-3.9.0.jar:/home/user/.m2/repository/com/squareup/okio/okio/1.13.0/okio-1.13.0.jar:/home/user/.m2/repository/io/jaegertracing/jaeger-core/0.33.1/jaeger-core-0.33.1.jar:/home/user/.m2/repository/io/jaegertracing/jaeger-tracerresolver/0.33.1/jaeger-tracerresolver-0.33.1.jar:/home/user/.m2/repository/io/opentracing/contrib/opentracing-tracerresolver/0.1.5/opentracing-tracerresolver-0.1.5.jar:/home/user/.m2/repository/io/opentracing/opentracing-util/0.31.0/opentracing-util-0.31.0.jar:/home/user/.m2/repository/io/opentracing/opentracing-api/0.31.0/opentracing-api-0.31.0.jar:/home/user/.m2/repository/io/opentracing/opentracing-noop/0.31.0/opentracing-noop-0.31.0.jar:/home/user/.m2/repository/org/yaml/snakeyaml/1.16/snakeyaml-1.16.jar:/workdir/hadoop-hdds/container-service/target/classes:/workdir/hadoop-hdds/client/target/classes:/workdir/hadoop-hdds/tools/target/classes:/home/user/.m2/repository/org/xerial/sqlite-jdbc/3.25.2/sqlite-jdbc-3.25.2.jar:/workdir/hadoop-hdds/server-scm/target/classes:/home/user/.m2/repository/org/hamcrest/hamcrest-all/1.3/hamcrest-all-1.3.jar:/home/user/.m2/repository/info/picocli/picocli/3.9.6/picocli-3.9.6.jar:/home/user/.m2/repository/com/google/protobuf/protobuf-java/2.5.0/protobuf-java-2.5.0.jar:/home/user/.m2/repository/com/google/guava/guava/11.0.2/guava-11.0.2.jar:/workdir/hadoop-ozone/client/target/classes:/home/user/.m2/repository/org/apache/hadoop/hadoop-ozone-filesystem/0.4.1-SNAPSHOT/hadoop-ozone-filesystem-0.4.1-SNAPSHOT.jar:/workdir/hadoop-hdds/framework/target/classes:/home/user/.m2/repository/org/apache/hadoop/hadoop-common/3.2.0/hadoop-common-3.2.0.jar:/home/user/.m2/repository/org/apache/hadoop/hadoop-annotations/3.2.0/hadoop-annotations-3.2.0.jar:/usr/lib/jvm/java-1.8-openjdk/jre/../lib/tools.jar:/home/user/.m2/repository/commons-cli/commons-cli/1.2/commons-cli-1.2.jar:/home/user/.m2/repository/org/apache/commons/commons-math3/3.1.1/commons-math3-3.1.1.jar:/home/user/.m2/repository/org/apache/httpcomponents/httpclient/4.5.2/httpclient-4.5.2.jar:/home/user/.m2/repository/org/apache/httpcomponents/httpcore/4.4.4/httpcore-4.4.4.jar:/home/user/.m2/repository/commons-codec/commons-codec/1.11/commons-codec-1.11.jar:/home/user/.m2/repository/commons-io/commons-io/2.5/commons-io-2.5.jar:/home/user/.m2/repository/commons-net/commons-net/3.6/commons-net-3.6.jar:/home/user/.m2/repository/commons-collections/commons-collections/3.2.2/commons-collections-3.2.2.jar:/home/user/.m2/repository/javax/servlet/javax.servlet-api/3.1.0/javax.servlet-api-3.1.0.jar:/home/user/.m2/repository/org/eclipse/jetty/jetty-server/9.3.24.v20180605/jetty-server-9.3.24.v20180605.jar:/home/user/.m2/repository/org/eclipse/jetty/jetty-http/9.3.24.v20180605/jetty-http-9.3.24.v20180605.jar:/home/user/.m2/repository/org/eclipse/jetty/jetty-io/9.3.24.v20180605/jetty-io-9.3.24.v20180605.jar:/home/user/.m2/repository/org/eclipse/jetty/jetty-util/9.3.24.v20180605/jetty-util-9.3.24.v20180605.jar:/home/user/.m2/repository/org/eclipse/jetty/jetty-servlet/9.3.24.v20180605/jetty-servlet-9.3.24.v20180605.jar:/home/user/.m2/repository/org/eclipse/jetty/jetty-security/9.3.24.v20180605/jetty-security-9.3.24.v20180605.jar:/home/user/.m2/repository/org/eclipse/jetty/jetty-webapp/9.3.24.v20180605/jetty-webapp-9.3.24.v20180605.jar:/home/user/.m2/repository/org/eclipse/jetty/jetty-xml/9.3.24.v20180605/jetty-xml-9.3.24.v20180605.jar:/home/user/.m2/repository/javax/servlet/jsp/jsp-api/2.1/jsp-api-2.1.jar:/home/user/.m2/repository/com/sun/jersey/jersey-core/1.19/jersey-core-1.19.jar:/home/user/.m2/repository/javax/ws/rs/jsr311-api/1.1.1/jsr311-api-1.1.1.jar:/home/user/.m2/repository/com/sun/jersey/jersey-servlet/1.19/jersey-servlet-1.19.jar:/home/user/.m2/repository/com/sun/jersey/jersey-json/1.19/jersey-json-1.19.jar:/home/user/.m2/repository/org/codehaus/jettison/jettison/1.1/jettison-1.1.jar:/home/user/.m2/repository/com/sun/xml/bind/jaxb-impl/2.3.0.1/jaxb-impl-2.3.0.1.jar:/home/user/.m2/repository/org/codehaus/jackson/jackson-core-asl/1.9.13/jackson-core-asl-1.9.13.jar:/home/user/.m2/repository/org/codehaus/jackson/jackson-mapper-asl/1.9.13/jackson-mapper-asl-1.9.13.jar:/home/user/.m2/repository/org/codehaus/jackson/jackson-jaxrs/1.9.13/jackson-jaxrs-1.9.13.jar:/home/user/.m2/repository/org/codehaus/jackson/jackson-xc/1.9.13/jackson-xc-1.9.13.jar:/home/user/.m2/repository/com/sun/jersey/jersey-server/1.19/jersey-server-1.19.jar:/home/user/.m2/repository/commons-logging/commons-logging/1.1.3/commons-logging-1.1.3.jar:/home/user/.m2/repository/log4j/log4j/1.2.17/log4j-1.2.17.jar:/home/user/.m2/repository/commons-beanutils/commons-beanutils/1.9.3/commons-beanutils-1.9.3.jar:/home/user/.m2/repository/org/apache/commons/commons-configuration2/2.1.1/commons-configuration2-2.1.1.jar:/home/user/.m2/repository/org/apache/commons/commons-lang3/3.7/commons-lang3-3.7.jar:/home/user/.m2/repository/org/apache/commons/commons-text/1.4/commons-text-1.4.jar:/home/user/.m2/repository/org/slf4j/slf4j-api/1.7.25/slf4j-api-1.7.25.jar:/home/user/.m2/repository/org/slf4j/slf4j-log4j12/1.7.25/slf4j-log4j12-1.7.25.jar:/home/user/.m2/repository/org/apache/avro/avro/1.7.7/avro-1.7.7.jar:/home/user/.m2/repository/com/thoughtworks/paranamer/paranamer/2.3/paranamer-2.3.jar:/home/user/.m2/repository/org/xerial/snappy/snappy-java/1.0.5/snappy-java-1.0.5.jar:/home/user/.m2/repository/com/google/re2j/re2j/1.1/re2j-1.1.jar:/home/user/.m2/repository/com/google/code/gson/gson/2.2.4/gson-2.2.4.jar:/home/user/.m2/repository/org/apache/hadoop/hadoop-auth/3.2.0/hadoop-auth-3.2.0.jar:/home/user/.m2/repository/com/nimbusds/nimbus-jose-jwt/4.41.1/nimbus-jose-jwt-4.41.1.jar:/home/user/.m2/repository/com/github/stephenc/jcip/jcip-annotations/1.0-1/jcip-annotations-1.0-1.jar:/home/user/.m2/repository/net/minidev/json-smart/2.3/json-smart-2.3.jar:/home/user/.m2/repository/net/minidev/accessors-smart/1.2/accessors-smart-1.2.jar:/home/user/.m2/repository/org/apache/curator/curator-framework/2.12.0/curator-framework-2.12.0.jar:/home/user/.m2/repository/com/jcraft/jsch/0.1.54/jsch-0.1.54.jar:/home/user/.m2/repository/org/apache/curator/curator-client/2.12.0/curator-client-2.12.0.jar:/home/user/.m2/repository/org/apache/curator/curator-recipes/2.12.0/curator-recipes-2.12.0.jar:/home/user/.m2/repository/com/google/code/findbugs/jsr305/3.0.0/jsr305-3.0.0.jar:/home/user/.m2/repository/org/apache/htrace/htrace-core4/4.1.0-incubating/htrace-core4-4.1.0-incubating.jar:/home/user/.m2/repository/org/apache/zookeeper/zookeeper/3.4.13/zookeeper-3.4.13.jar:/home/user/.m2/repository/org/apache/yetus/audience-annotations/0.5.0/audience-annotations-0.5.0.jar:/home/user/.m2/repository/org/apache/kerby/kerb-simplekdc/1.0.1/kerb-simplekdc-1.0.1.jar:/home/user/.m2/repository/org/apache/kerby/kerb-client/1.0.1/kerb-client-1.0.1.jar:/home/user/.m2/repository/org/apache/kerby/kerby-config/1.0.1/kerby-config-1.0.1.jar:/home/user/.m2/repository/org/apache/kerby/kerb-core/1.0.1/kerb-core-1.0.1.jar:/home/user/.m2/repository/org/apache/kerby/kerby-pkix/1.0.1/kerby-pkix-1.0.1.jar:/home/user/.m2/repository/org/apache/kerby/kerby-asn1/1.0.1/kerby-asn1-1.0.1.jar:/home/user/.m2/repository/org/apache/kerby/kerby-util/1.0.1/kerby-util-1.0.1.jar:/home/user/.m2/repository/org/apache/kerby/kerb-common/1.0.1/kerb-common-1.0.1.jar:/home/user/.m2/repository/org/apache/kerby/kerb-crypto/1.0.1/kerb-crypto-1.0.1.jar:/home/user/.m2/repository/org/apache/kerby/kerb-util/1.0.1/kerb-util-1.0.1.jar:/home/user/.m2/repository/org/apache/kerby/token-provider/1.0.1/token-provider-1.0.1.jar:/home/user/.m2/repository/org/apache/kerby/kerb-admin/1.0.1/kerb-admin-1.0.1.jar:/home/user/.m2/repository/org/apache/kerby/kerb-server/1.0.1/kerb-server-1.0.1.jar:/home/user/.m2/repository/org/apache/kerby/kerb-identity/1.0.1/kerb-identity-1.0.1.jar:/home/user/.m2/repository/org/apache/kerby/kerby-xdr/1.0.1/kerby-xdr-1.0.1.jar:/home/user/.m2/repository/com/fasterxml/jackson/core/jackson-databind/2.9.5/jackson-databind-2.9.5.jar:/home/user/.m2/repository/com/fasterxml/jackson/core/jackson-core/2.9.5/jackson-core-2.9.5.jar:/home/user/.m2/repository/org/codehaus/woodstox/stax2-api/3.1.4/stax2-api-3.1.4.jar:/home/user/.m2/repository/com/fasterxml/woodstox/woodstox-core/5.0.3/woodstox-core-5.0.3.jar:/home/user/.m2/repository/dnsjava/dnsjava/2.1.7/dnsjava-2.1.7.jar:/home/user/.m2/repository/org/apache/hadoop/hadoop-hdfs/3.2.0/hadoop-hdfs-3.2.0.jar:/home/user/.m2/repository/org/eclipse/jetty/jetty-util-ajax/9.3.24.v20180605/jetty-util-ajax-9.3.24.v20180605.jar:/home/user/.m2/repository/commons-daemon/commons-daemon/1.0.13/commons-daemon-1.0.13.jar:/home/user/.m2/repository/io/netty/netty/3.10.5.Final/netty-3.10.5.Final.jar:/home/user/.m2/repository/io/netty/netty-all/4.0.52.Final/netty-all-4.0.52.Final.jar:/home/user/.m2/repository/org/fusesource/leveldbjni/leveldbjni-all/1.8/leveldbjni-all-1.8.jar:/home/user/.m2/repository/com/sun/xml/bind/jaxb-core/2.3.0.1/jaxb-core-2.3.0.1.jar:/home/user/.m2/repository/javax/xml/bind/jaxb-api/2.3.0/jaxb-api-2.3.0.jar:/home/user/.m2/repository/javax/activation/activation/1.1.1/activation-1.1.1.jar:/home/user/.m2/repository/io/dropwizard/metrics/metrics-core/3.2.4/metrics-core-3.2.4.jar:/home/user/.m2/repository/org/openjdk/jmh/jmh-core/1.19/jmh-core-1.19.jar:/home/user/.m2/repository/net/sf/jopt-simple/jopt-simple/4.6/jopt-simple-4.6.jar:/home/user/.m2/repository/org/openjdk/jmh/jmh-generator-annprocess/1.19/jmh-generator-annprocess-1.19.jar:/home/user/.m2/repository/com/google/code/findbugs/findbugs/3.0.1/findbugs-3.0.1.jar:/home/user/.m2/repository/net/jcip/jcip-annotations/1.0/jcip-annotations-1.0.jar:/home/user/.m2/repository/com/google/code/findbugs/bcel-findbugs/6.0/bcel-findbugs-6.0.jar:/home/user/.m2/repository/com/google/code/findbugs/jFormatString/2.0.1/jFormatString-2.0.1.jar:/home/user/.m2/repository/dom4j/dom4j/1.6.1/dom4j-1.6.1.jar:/home/user/.m2/repository/xml-apis/xml-apis/1.0.b2/xml-apis-1.0.b2.jar:/home/user/.m2/repository/org/ow2/asm/asm-debug-all/5.0.2/asm-debug-all-5.0.2.jar:/home/user/.m2/repository/org/ow2/asm/asm-commons/5.0.2/asm-commons-5.0.2.jar:/home/user/.m2/repository/org/ow2/asm/asm-tree/5.0.2/asm-tree-5.0.2.jar:/home/user/.m2/repository/org/ow2/asm/asm/5.0.4/asm-5.0.4.jar:/home/user/.m2/repository/commons-lang/commons-lang/2.6/commons-lang-2.6.jar:/home/user/.m2/repository/com/apple/AppleJavaExtensions/1.4/AppleJavaExtensions-1.4.jar:/home/user/.m2/repository/jaxen/jaxen/1.1.6/jaxen-1.1.6.jar:/home/user/.m2/repository/junit/junit/4.11/junit-4.11.jar:/home/user/.m2/repository/org/hamcrest/hamcrest-core/1.3/hamcrest-core-1.3.jar:/home/user/.m2/repository/org/apache/hadoop/hadoop-common/3.2.0/hadoop-common-3.2.0-tests.jar:/home/user/.m2/repository/org/apache/hadoop/hadoop-ozone-integration-test/0.4.1-SNAPSHOT/hadoop-ozone-integration-test-0.4.1-SNAPSHOT-tests.jar:/workdir/hadoop-ozone/objectstore-service/target/classes:/workdir/hadoop-ozone/s3gateway/target/classes:/home/user/.m2/repository/org/jboss/weld/servlet/weld-servlet/2.4.7.Final/weld-servlet-2.4.7.Final.jar:/home/user/.m2/repository/org/glassfish/jersey/containers/jersey-container-servlet-core/2.27/jersey-container-servlet-core-2.27.jar:/home/user/.m2/repository/org/glassfish/hk2/external/javax.inject/2.5.0-b42/javax.inject-2.5.0-b42.jar:/home/user/.m2/repository/org/glassfish/jersey/core/jersey-common/2.27/jersey-common-2.27.jar:/home/user/.m2/repository/org/glassfish/hk2/osgi-resource-locator/1.0.1/osgi-resource-locator-1.0.1.jar:/home/user/.m2/repository/javax/ws/rs/javax.ws.rs-api/2.1/javax.ws.rs-api-2.1.jar:/home/user/.m2/repository/org/glassfish/jersey/ext/cdi/jersey-cdi1x/2.27/jersey-cdi1x-2.27.jar:/home/user/.m2/repository/org/glassfish/jersey/inject/jersey-hk2/2.27/jersey-hk2-2.27.jar:/home/user/.m2/repository/org/glassfish/hk2/hk2-locator/2.5.0-b42/hk2-locator-2.5.0-b42.jar:/home/user/.m2/repository/org/javassist/javassist/3.22.0-CR2/javassist-3.22.0-CR2.jar:/home/user/.m2/repository/org/glassfish/hk2/hk2-api/2.5.0/hk2-api-2.5.0.jar:/home/user/.m2/repository/org/glassfish/hk2/external/jakarta.inject/2.5.0/jakarta.inject-2.5.0.jar:/home/user/.m2/repository/org/glassfish/hk2/hk2-utils/2.5.0/hk2-utils-2.5.0.jar:/home/user/.m2/repository/jakarta/annotation/jakarta.annotation-api/1.3.4/jakarta.annotation-api-1.3.4.jar:/home/user/.m2/repository/org/glassfish/hk2/external/aopalliance-repackaged/2.5.0/aopalliance-repackaged-2.5.0.jar:/home/user/.m2/repository/com/fasterxml/jackson/dataformat/jackson-dataformat-xml/2.9.0/jackson-dataformat-xml-2.9.0.jar:/home/user/.m2/repository/com/fasterxml/jackson/module/jackson-module-jaxb-annotations/2.9.5/jackson-module-jaxb-annotations-2.9.5.jar:/home/user/.m2/repository/javax/enterprise/cdi-api/1.2/cdi-api-1.2.jar:/home/user/.m2/repository/javax/el/javax.el-api/3.0.0/javax.el-api-3.0.0.jar:/home/user/.m2/repository/javax/interceptor/javax.interceptor-api/1.2/javax.interceptor-api-1.2.jar:/home/user/.m2/repository/javax/inject/javax.inject/1/javax.inject-1.jar:/workdir/hadoop-ozone/csi/target/classes:/home/user/.m2/repository/com/google/protobuf/protobuf-java-util/3.5.1/protobuf-java-util-3.5.1.jar:/home/user/.m2/repository/io/grpc/grpc-netty/1.17.1/grpc-netty-1.17.1.jar:/home/user/.m2/repository/io/grpc/grpc-core/1.17.1/grpc-core-1.17.1.jar:/home/user/.m2/repository/io/grpc/grpc-context/1.17.1/grpc-context-1.17.1.jar:/home/user/.m2/repository/com/google/errorprone/error_prone_annotations/2.2.0/error_prone_annotations-2.2.0.jar:/home/user/.m2/repository/org/codehaus/mojo/animal-sniffer-annotations/1.17/animal-sniffer-annotations-1.17.jar:/home/user/.m2/repository/io/opencensus/opencensus-api/0.17.0/opencensus-api-0.17.0.jar:/home/user/.m2/repository/io/opencensus/opencensus-contrib-grpc-metrics/0.17.0/opencensus-contrib-grpc-metrics-0.17.0.jar:/home/user/.m2/repository/io/netty/netty-codec-http2/4.1.30.Final/netty-codec-http2-4.1.30.Final.jar:/home/user/.m2/repository/io/netty/netty-codec-http/4.1.30.Final/netty-codec-http-4.1.30.Final.jar:/home/user/.m2/repository/io/netty/netty-codec/4.1.30.Final/netty-codec-4.1.30.Final.jar:/home/user/.m2/repository/io/netty/netty-handler/4.1.30.Final/netty-handler-4.1.30.Final.jar:/home/user/.m2/repository/io/netty/netty-handler-proxy/4.1.30.Final/netty-handler-proxy-4.1.30.Final.jar:/home/user/.m2/repository/io/netty/netty-codec-socks/4.1.30.Final/netty-codec-socks-4.1.30.Final.jar:/home/user/.m2/repository/io/netty/netty-transport-native-epoll/4.1.30.Final/netty-transport-native-epoll-4.1.30.Final.jar:/home/user/.m2/repository/io/netty/netty-common/4.1.30.Final/netty-common-4.1.30.Final.jar:/home/user/.m2/repository/io/netty/netty-buffer/4.1.30.Final/netty-buffer-4.1.30.Final.jar:/home/user/.m2/repository/io/netty/netty-transport/4.1.30.Final/netty-transport-4.1.30.Final.jar:/home/user/.m2/repository/io/netty/netty-resolver/4.1.30.Final/netty-resolver-4.1.30.Final.jar:/home/user/.m2/repository/io/netty/netty-transport-native-unix-common/4.1.30.Final/netty-transport-native-unix-common-4.1.30.Final.jar:/home/user/.m2/repository/io/grpc/grpc-protobuf/1.17.1/grpc-protobuf-1.17.1.jar:/home/user/.m2/repository/com/google/api/grpc/proto-google-common-protos/1.0.0/proto-google-common-protos-1.0.0.jar:/home/user/.m2/repository/io/grpc/grpc-protobuf-lite/1.17.1/grpc-protobuf-lite-1.17.1.jar:/home/user/.m2/repository/io/grpc/grpc-stub/1.17.1/grpc-stub-1.17.1.jar:/workdir/hadoop-ozone/ozone-recon/target/classes:/workdir/hadoop-ozone/ozone-recon-codegen/target/classes:/home/user/.m2/repository/com/google/inject/extensions/guice-multibindings/4.0/guice-multibindings-4.0.jar:/home/user/.m2/repository/com/google/inject/guice/4.0/guice-4.0.jar:/home/user/.m2/repository/aopalliance/aopalliance/1.0/aopalliance-1.0.jar:/home/user/.m2/repository/com/google/inject/extensions/guice-servlet/4.0/guice-servlet-4.0.jar:/home/user/.m2/repository/org/glassfish/jersey/containers/jersey-container-servlet/2.27/jersey-container-servlet-2.27.jar:/home/user/.m2/repository/org/glassfish/hk2/guice-bridge/2.5.0/guice-bridge-2.5.0.jar:/home/user/.m2/repository/org/glassfish/jersey/core/jersey-server/2.27/jersey-server-2.27.jar:/home/user/.m2/repository/org/glassfish/jersey/core/jersey-client/2.27/jersey-client-2.27.jar:/home/user/.m2/repository/org/glassfish/jersey/media/jersey-media-jaxb/2.27/jersey-media-jaxb-2.27.jar:/home/user/.m2/repository/javax/validation/validation-api/1.1.0.Final/validation-api-1.1.0.Final.jar:/home/user/.m2/repository/org/glassfish/jersey/media/jersey-media-json-jackson/2.27/jersey-media-json-jackson-2.27.jar:/home/user/.m2/repository/org/glassfish/jersey/ext/jersey-entity-filtering/2.27/jersey-entity-filtering-2.27.jar:/home/user/.m2/repository/com/google/inject/extensions/guice-assistedinject/4.0/guice-assistedinject-4.0.jar:/home/user/.m2/repository/org/jooq/jooq/3.11.10/jooq-3.11.10.jar:/home/user/.m2/repository/org/jooq/jooq-meta/3.11.10/jooq-meta-3.11.10.jar:/home/user/.m2/repository/org/jooq/jooq-codegen/3.11.10/jooq-codegen-3.11.10.jar:/home/user/.m2/repository/com/jolbox/bonecp/0.8.0.RELEASE/bonecp-0.8.0.RELEASE.jar:/home/user/.m2/repository/org/springframework/spring-jdbc/5.1.3.RELEASE/spring-jdbc-5.1.3.RELEASE.jar:/home/user/.m2/repository/org/springframework/spring-beans/5.1.3.RELEASE/spring-beans-5.1.3.RELEASE.jar:/home/user/.m2/repository/org/springframework/spring-core/5.1.3.RELEASE/spring-core-5.1.3.RELEASE.jar:/home/user/.m2/repository/org/springframework/spring-jcl/5.1.3.RELEASE/spring-jcl-5.1.3.RELEASE.jar:/home/user/.m2/repository/org/springframework/spring-tx/5.1.3.RELEASE/spring-tx-5.1.3.RELEASE.jar:/home/user/.m2/repository/org/mockito/mockito-core/2.15.0/mockito-core-2.15.0.jar:/home/user/.m2/repository/net/bytebuddy/byte-buddy/1.7.9/byte-buddy-1.7.9.jar:/home/user/.m2/repository/net/bytebuddy/byte-buddy-agent/1.7.9/byte-buddy-agent-1.7.9.jar:/home/user/.m2/repository/org/objenesis/objenesis/1.0/objenesis-1.0.jar:"/>
    <property name="sun.cpu.endian" value="little"/>
    <property name="user.home" value="/home/user"/>
    <property name="user.language" value="en"/>
    <property name="java.specification.vendor" value="Oracle Corporation"/>
    <property name="java.home" value="/usr/lib/jvm/java-1.8-openjdk/jre"/>
    <property name="java.security.krb5.conf" value="/workdir/hadoop-ozone/tools/target/test-classes/krb5.conf"/>
    <property name="basedir" value="/workdir/hadoop-ozone/tools"/>
    <property name="file.separator" value="/"/>
    <property name="line.separator" value="&#10;"/>
    <property name="java.vm.specification.vendor" value="Oracle Corporation"/>
    <property name="java.specification.name" value="Java Platform API Specification"/>
    <property name="java.awt.graphicsenv" value="sun.awt.X11GraphicsEnvironment"/>
    <property name="surefire.real.class.path" value="/workdir/hadoop-ozone/tools/target/surefire/surefirebooter3537798150086127659.jar"/>
    <property name="hadoop.log.dir" value="/workdir/hadoop-ozone/tools/target/log"/>
    <property name="sun.boot.class.path" value="/usr/lib/jvm/java-1.8-openjdk/jre/lib/resources.jar:/usr/lib/jvm/java-1.8-openjdk/jre/lib/rt.jar:/usr/lib/jvm/java-1.8-openjdk/jre/lib/sunrsasign.jar:/usr/lib/jvm/java-1.8-openjdk/jre/lib/jsse.jar:/usr/lib/jvm/java-1.8-openjdk/jre/lib/jce.jar:/usr/lib/jvm/java-1.8-openjdk/jre/lib/charsets.jar:/usr/lib/jvm/java-1.8-openjdk/jre/lib/jfr.jar:/usr/lib/jvm/java-1.8-openjdk/jre/classes"/>
    <property name="sun.management.compiler" value="HotSpot 64-Bit Tiered Compilers"/>
    <property name="java.runtime.version" value="1.8.0_212-b04"/>
    <property name="java.net.preferIPv4Stack" value="true"/>
    <property name="user.name" value="jenkins1000"/>
    <property name="path.separator" value=":"/>
    <property name="java.security.egd" value="file:///dev/urandom"/>
    <property name="os.version" value="3.10.0-957.12.2.el7.x86_64"/>
    <property name="java.endorsed.dirs" value="/usr/lib/jvm/java-1.8-openjdk/jre/lib/endorsed"/>
    <property name="java.runtime.name" value="OpenJDK Runtime Environment"/>
    <property name="file.encoding" value="UTF-8"/>
    <property name="java.vm.name" value="OpenJDK 64-Bit Server VM"/>
    <property name="test.build.webapps" value=""/>
    <property name="localRepository" value="/home/user/.m2/repository"/>
    <property name="java.vendor.url.bug" value="https://icedtea.classpath.org/bugzilla"/>
    <property name="java.io.tmpdir" value="/tmp"/>
    <property name="require.test.libhadoop" value=""/>
    <property name="java.version" value="1.8.0_212"/>
    <property name="user.dir" value="/workdir/hadoop-ozone/tools"/>
    <property name="os.arch" value="amd64"/>
    <property name="java.vm.specification.name" value="Java Virtual Machine Specification"/>
    <property name="test.build.classes" value="/workdir/hadoop-ozone/tools/target/test-classes"/>
    <property name="java.awt.printerjob" value="sun.print.PSPrinterJob"/>
    <property name="sun.os.patch.level" value="unknown"/>
    <property name="hadoop.tmp.dir" value="/workdir/hadoop-ozone/tools/target/tmp"/>
    <property name="java.library.path" value="/usr/lib/jvm/java-1.8-openjdk/jre/lib/amd64/server:/usr/lib/jvm/java-1.8-openjdk/jre/lib/amd64:/usr/lib/jvm/java-1.8-openjdk/jre/../lib/amd64:/workdir/hadoop-ozone/tools/target/native/target/usr/local/lib:/workdir/hadoop-ozone/tools/../../hadoop-common-project/hadoop-common/target/native/target/usr/local/lib:/usr/java/packages/lib/amd64:/usr/lib64:/lib64:/lib:/usr/lib"/>
    <property name="java.vm.info" value="mixed mode"/>
    <property name="java.vendor" value="IcedTea"/>
    <property name="java.vm.version" value="25.212-b04"/>
    <property name="java.ext.dirs" value="/usr/lib/jvm/java-1.8-openjdk/jre/lib/ext:/usr/java/packages/lib/ext"/>
    <property name="sun.io.unicode.encoding" value="UnicodeLittle"/>
    <property name="java.class.version" value="52.0"/>
  </properties>
  <testcase name="testRestart" classname="org.apache.hadoop.ozone.freon.TestFreonWithPipelineDestroy" time="15.456">
    <error message="Unexpected Storage Container Exception: org.apache.hadoop.hdds.scm.container.common.helpers.StorageContainerException: ContainerID 3 does not exist" type="java.io.IOException">java.io.IOException: Unexpected Storage Container Exception: org.apache.hadoop.hdds.scm.container.common.helpers.StorageContainerException: ContainerID 3 does not exist
	at org.apache.hadoop.hdds.scm.storage.BlockOutputStream.setIoException(BlockOutputStream.java:541)
	at org.apache.hadoop.hdds.scm.storage.BlockOutputStream.validateResponse(BlockOutputStream.java:532)
	at org.apache.hadoop.hdds.scm.storage.BlockOutputStream.lambda$writeChunkToContainer$2(BlockOutputStream.java:606)
	at java.util.concurrent.CompletableFuture.uniApply(CompletableFuture.java:602)
	at java.util.concurrent.CompletableFuture$UniApply.tryFire(CompletableFuture.java:577)
	at java.util.concurrent.CompletableFuture$Completion.run(CompletableFuture.java:442)
	at java.util.concurrent.ThreadPoolExecutor.runWorker(ThreadPoolExecutor.java:1149)
	at java.util.concurrent.ThreadPoolExecutor$Worker.run(ThreadPoolExecutor.java:624)
	at java.lang.Thread.run(Thread.java:748)
Caused by: org.apache.hadoop.hdds.scm.container.common.helpers.StorageContainerException: ContainerID 3 does not exist
	at org.apache.hadoop.hdds.scm.storage.ContainerProtocolCalls.validateContainerResponse(ContainerProtocolCalls.java:536)
	at org.apache.hadoop.hdds.scm.storage.BlockOutputStream.validateResponse(BlockOutputStream.java:529)
	... 7 more
</error>
    <system-out><![CDATA[2019-07-30 21:54:10,749 WARN  server.ServerUtils (ServerUtils.java:getScmDbDir(145)) - ozone.scm.db.dirs is not configured. We recommend adding this setting. Falling back to ozone.metadata.dirs instead.
2019-07-30 21:54:10,867 WARN  server.ServerUtils (ServerUtils.java:getScmDbDir(145)) - ozone.scm.db.dirs is not configured. We recommend adding this setting. Falling back to ozone.metadata.dirs instead.
2019-07-30 21:54:10,870 WARN  server.ServerUtils (ServerUtils.java:getScmDbDir(145)) - ozone.scm.db.dirs is not configured. We recommend adding this setting. Falling back to ozone.metadata.dirs instead.
2019-07-30 21:54:10,887 INFO  util.log (Log.java:initialized(192)) - Logging initialized @851ms
2019-07-30 21:54:10,987 INFO  db.DBStoreBuilder (DBStoreBuilder.java:addTable(110)) - using custom profile for table: deletedBlocks
2019-07-30 21:54:10,987 INFO  db.DBStoreBuilder (DBStoreBuilder.java:processTables(161)) - Using default column profile:DBProfile.DISK for Table:deletedBlocks
2019-07-30 21:54:10,987 INFO  db.DBStoreBuilder (DBStoreBuilder.java:addTable(110)) - using custom profile for table: validCerts
2019-07-30 21:54:10,988 INFO  db.DBStoreBuilder (DBStoreBuilder.java:processTables(161)) - Using default column profile:DBProfile.DISK for Table:validCerts
2019-07-30 21:54:10,988 INFO  db.DBStoreBuilder (DBStoreBuilder.java:addTable(110)) - using custom profile for table: revokedCerts
2019-07-30 21:54:10,988 INFO  db.DBStoreBuilder (DBStoreBuilder.java:processTables(161)) - Using default column profile:DBProfile.DISK for Table:revokedCerts
2019-07-30 21:54:11,001 INFO  db.DBStoreBuilder (DBStoreBuilder.java:addTable(110)) - using custom profile for table: default
2019-07-30 21:54:11,001 INFO  db.DBStoreBuilder (DBStoreBuilder.java:processTables(167)) - Using default column profile:DBProfile.DISK for Table:default
2019-07-30 21:54:11,002 INFO  db.DBStoreBuilder (DBStoreBuilder.java:getDbProfile(198)) - Using default options. DBProfile.DISK
2019-07-30 21:54:11,204 INFO  net.NodeSchemaLoader (NodeSchemaLoader.java:loadSchemaFromFile(125)) - Loading file from sun.misc.CompoundEnumeration@12b0404f
2019-07-30 21:54:11,212 INFO  net.NodeSchemaLoader (NodeSchemaLoader.java:loadSchema(171)) - Loading network topology layer schema file
2019-07-30 21:54:11,290 INFO  node.SCMNodeManager (SCMNodeManager.java:<init>(121)) - Entering startup safe mode.
2019-07-30 21:54:11,374 WARN  server.ServerUtils (ServerUtils.java:getScmDbDir(145)) - ozone.scm.db.dirs is not configured. We recommend adding this setting. Falling back to ozone.metadata.dirs instead.
2019-07-30 21:54:11,437 INFO  pipeline.SCMPipelineManager (SCMPipelineManager.java:initializePipelineState(126)) - No pipeline exists in current db
2019-07-30 21:54:11,440 WARN  server.ServerUtils (ServerUtils.java:getScmDbDir(145)) - ozone.scm.db.dirs is not configured. We recommend adding this setting. Falling back to ozone.metadata.dirs instead.
2019-07-30 21:54:11,555 WARN  events.EventQueue (EventQueue.java:fireEvent(175)) - No event handler registered for event TypedEvent{payloadType=SafeModeStatus, name='SafeModeStatus'}
2019-07-30 21:54:11,911 INFO  ipc.CallQueueManager (CallQueueManager.java:<init>(84)) - Using callQueue: class java.util.concurrent.LinkedBlockingQueue, queueCapacity: 2000, scheduler: class org.apache.hadoop.ipc.DefaultRpcScheduler, ipcBackoff: false.
2019-07-30 21:54:11,940 INFO  ipc.Server (Server.java:run(1074)) - Starting Socket Reader #1 for port 39286
2019-07-30 21:54:11,964 INFO  ipc.CallQueueManager (CallQueueManager.java:<init>(84)) - Using callQueue: class java.util.concurrent.LinkedBlockingQueue, queueCapacity: 2000, scheduler: class org.apache.hadoop.ipc.DefaultRpcScheduler, ipcBackoff: false.
2019-07-30 21:54:11,965 INFO  ipc.Server (Server.java:run(1074)) - Starting Socket Reader #1 for port 44647
2019-07-30 21:54:11,971 INFO  ipc.CallQueueManager (CallQueueManager.java:<init>(84)) - Using callQueue: class java.util.concurrent.LinkedBlockingQueue, queueCapacity: 2000, scheduler: class org.apache.hadoop.ipc.DefaultRpcScheduler, ipcBackoff: false.
2019-07-30 21:54:11,973 INFO  ipc.Server (Server.java:run(1074)) - Starting Socket Reader #1 for port 43070
2019-07-30 21:54:12,102 INFO  hdfs.DFSUtil (DFSUtil.java:httpServerTemplateForNNAndJN(1641)) - Starting Web-server for scm at: http://0.0.0.0:0
2019-07-30 21:54:12,273 INFO  server.AuthenticationFilter (AuthenticationFilter.java:constructSecretProvider(240)) - Unable to initialize FileSignerSecretProvider, falling back to use random secrets.
2019-07-30 21:54:12,290 WARN  http.HttpRequestLog (HttpRequestLog.java:getRequestLog(97)) - Jetty request log can only be enabled using Log4j
2019-07-30 21:54:12,298 INFO  http.HttpServer2 (HttpServer2.java:addGlobalFilter(975)) - Added global filter 'safety' (class=org.apache.hadoop.http.HttpServer2$QuotingInputFilter)
2019-07-30 21:54:12,301 INFO  http.HttpServer2 (HttpServer2.java:addFilter(948)) - Added filter static_user_filter (class=org.apache.hadoop.http.lib.StaticUserWebFilter$StaticUserFilter) to context scm
2019-07-30 21:54:12,301 INFO  http.HttpServer2 (HttpServer2.java:addFilter(958)) - Added filter static_user_filter (class=org.apache.hadoop.http.lib.StaticUserWebFilter$StaticUserFilter) to context logs
2019-07-30 21:54:12,301 INFO  http.HttpServer2 (HttpServer2.java:addFilter(958)) - Added filter static_user_filter (class=org.apache.hadoop.http.lib.StaticUserWebFilter$StaticUserFilter) to context static
2019-07-30 21:54:12,327 INFO  server.StorageContainerManager (StorageContainerManager.java:start(758)) - StorageContainerLocationProtocol RPC server is listening at /0.0.0.0:43070
2019-07-30 21:54:12,382 WARN  impl.MetricsConfig (MetricsConfig.java:loadFirst(134)) - Cannot locate configuration: tried hadoop-metrics2-storagecontainermanager.properties,hadoop-metrics2.properties
2019-07-30 21:54:12,395 INFO  impl.MetricsSystemImpl (MetricsSystemImpl.java:startTimer(374)) - Scheduled Metric snapshot period at 10 second(s).
2019-07-30 21:54:12,395 INFO  impl.MetricsSystemImpl (MetricsSystemImpl.java:start(191)) - StorageContainerManager metrics system started
2019-07-30 21:54:12,677 INFO  server.SCMClientProtocolServer (SCMClientProtocolServer.java:start(151)) - RPC server for Client  is listening at /0.0.0.0:43070
2019-07-30 21:54:12,678 INFO  ipc.Server (Server.java:run(1314)) - IPC Server Responder: starting
2019-07-30 21:54:12,678 INFO  ipc.Server (Server.java:run(1153)) - IPC Server listener on 43070: starting
2019-07-30 21:54:12,682 INFO  server.StorageContainerManager (StorageContainerManager.java:start(768)) - ScmBlockLocationProtocol RPC server is listening at /0.0.0.0:44647
2019-07-30 21:54:12,682 INFO  server.SCMBlockProtocolServer (SCMBlockProtocolServer.java:start(140)) - RPC server for Block Protocol is listening at /0.0.0.0:44647
2019-07-30 21:54:12,684 INFO  ipc.Server (Server.java:run(1314)) - IPC Server Responder: starting
2019-07-30 21:54:12,685 INFO  ipc.Server (Server.java:run(1153)) - IPC Server listener on 44647: starting
2019-07-30 21:54:12,696 INFO  server.StorageContainerManager (StorageContainerManager.java:start(772)) - ScmDatanodeProtocl RPC server is listening at /0.0.0.0:39286
2019-07-30 21:54:12,697 INFO  server.SCMDatanodeProtocolServer (SCMDatanodeProtocolServer.java:start(191)) - RPC server for DataNodes is listening at /0.0.0.0:39286
2019-07-30 21:54:12,699 INFO  ipc.Server (Server.java:run(1314)) - IPC Server Responder: starting
2019-07-30 21:54:12,700 INFO  ipc.Server (Server.java:run(1153)) - IPC Server listener on 39286: starting
2019-07-30 21:54:12,715 INFO  http.HttpServer2 (HttpServer2.java:bindListener(1191)) - Jetty bound to port 38284
2019-07-30 21:54:12,717 INFO  server.Server (Server.java:doStart(351)) - jetty-9.3.24.v20180605, build timestamp: 2018-06-05T17:11:56Z, git hash: 84205aa28f11a4f31f2a3b86d1bba2cc8ab69827
2019-07-30 21:54:12,755 INFO  handler.ContextHandler (ContextHandler.java:doStart(781)) - Started o.e.j.s.ServletContextHandler@413f69cc{/logs,file:///workdir/hadoop-ozone/tools/target/log,AVAILABLE}
2019-07-30 21:54:12,756 INFO  handler.ContextHandler (ContextHandler.java:doStart(781)) - Started o.e.j.s.ServletContextHandler@1b75c2e3{/static,file:///workdir/hadoop-hdds/server-scm/target/classes/webapps/static/,AVAILABLE}
2019-07-30 21:54:12,785 INFO  handler.ContextHandler (ContextHandler.java:doStart(781)) - Started o.e.j.w.WebAppContext@30f5a68a{/,file:///workdir/hadoop-hdds/server-scm/target/classes/webapps/scm/,AVAILABLE}{/scm}
2019-07-30 21:54:12,790 INFO  server.AbstractConnector (AbstractConnector.java:doStart(278)) - Started ServerConnector@7a8fa663{HTTP/1.1,[http/1.1]}{0.0.0.0:38284}
2019-07-30 21:54:12,791 INFO  server.Server (Server.java:doStart(419)) - Started @2755ms
2019-07-30 21:54:12,793 INFO  server.BaseHttpServer (BaseHttpServer.java:updateConnectorAddress(207)) - HTTP server of SCM is listening at http://0.0.0.0:38284
2019-07-30 21:54:12,804 INFO  util.JvmPauseMonitor (JvmPauseMonitor.java:run(188)) - Starting JVM pause monitor
2019-07-30 21:54:12,807 WARN  server.ServerUtils (ServerUtils.java:getDBPath(222)) - ozone.om.db.dirs is not configured. We recommend adding this setting. Falling back to ozone.metadata.dirs instead.
2019-07-30 21:54:12,924 WARN  server.ServerUtils (ServerUtils.java:getDBPath(222)) - ozone.om.db.dirs is not configured. We recommend adding this setting. Falling back to ozone.metadata.dirs instead.
2019-07-30 21:54:12,924 WARN  server.ServerUtils (ServerUtils.java:getDBPath(222)) - ozone.om.db.dirs is not configured. We recommend adding this setting. Falling back to ozone.metadata.dirs instead.
2019-07-30 21:54:12,925 INFO  om.OzoneManager (OzoneManager.java:setOMNodeDetails(644)) - OM Service ID is not set. Setting it to the default ID: omServiceIdDefault
2019-07-30 21:54:12,926 INFO  om.OzoneManager (OzoneManager.java:setOMNodeDetails(650)) - OM Node ID is not set. Setting it to the OmStorage's OmID: 541dde44-7b7f-4fe1-8531-9906c79e1215
2019-07-30 21:54:12,927 INFO  om.OzoneManager (OzoneManager.java:loadOMHAConfigs(601)) - Found matching OM address with OMServiceId: null, OMNodeId: null, RPC Address: localhost:0 and Ratis port: 9872
2019-07-30 21:54:13,639 WARN  server.ServerUtils (ServerUtils.java:getDBPath(222)) - ozone.om.db.dirs is not configured. We recommend adding this setting. Falling back to ozone.metadata.dirs instead.
2019-07-30 21:54:13,647 INFO  db.DBStoreBuilder (DBStoreBuilder.java:addTable(110)) - using custom profile for table: userTable
2019-07-30 21:54:13,647 INFO  db.DBStoreBuilder (DBStoreBuilder.java:processTables(161)) - Using default column profile:DBProfile.DISK for Table:userTable
2019-07-30 21:54:13,647 INFO  db.DBStoreBuilder (DBStoreBuilder.java:addTable(110)) - using custom profile for table: volumeTable
2019-07-30 21:54:13,647 INFO  db.DBStoreBuilder (DBStoreBuilder.java:processTables(161)) - Using default column profile:DBProfile.DISK for Table:volumeTable
2019-07-30 21:54:13,648 INFO  db.DBStoreBuilder (DBStoreBuilder.java:addTable(110)) - using custom profile for table: bucketTable
2019-07-30 21:54:13,648 INFO  db.DBStoreBuilder (DBStoreBuilder.java:processTables(161)) - Using default column profile:DBProfile.DISK for Table:bucketTable
2019-07-30 21:54:13,648 INFO  db.DBStoreBuilder (DBStoreBuilder.java:addTable(110)) - using custom profile for table: keyTable
2019-07-30 21:54:13,648 INFO  db.DBStoreBuilder (DBStoreBuilder.java:processTables(161)) - Using default column profile:DBProfile.DISK for Table:keyTable
2019-07-30 21:54:13,649 INFO  db.DBStoreBuilder (DBStoreBuilder.java:addTable(110)) - using custom profile for table: deletedTable
2019-07-30 21:54:13,649 INFO  db.DBStoreBuilder (DBStoreBuilder.java:processTables(161)) - Using default column profile:DBProfile.DISK for Table:deletedTable
2019-07-30 21:54:13,649 INFO  db.DBStoreBuilder (DBStoreBuilder.java:addTable(110)) - using custom profile for table: openKeyTable
2019-07-30 21:54:13,649 INFO  db.DBStoreBuilder (DBStoreBuilder.java:processTables(161)) - Using default column profile:DBProfile.DISK for Table:openKeyTable
2019-07-30 21:54:13,650 INFO  db.DBStoreBuilder (DBStoreBuilder.java:addTable(110)) - using custom profile for table: s3Table
2019-07-30 21:54:13,650 INFO  db.DBStoreBuilder (DBStoreBuilder.java:processTables(161)) - Using default column profile:DBProfile.DISK for Table:s3Table
2019-07-30 21:54:13,650 INFO  db.DBStoreBuilder (DBStoreBuilder.java:addTable(110)) - using custom profile for table: multipartInfoTable
2019-07-30 21:54:13,650 INFO  db.DBStoreBuilder (DBStoreBuilder.java:processTables(161)) - Using default column profile:DBProfile.DISK for Table:multipartInfoTable
2019-07-30 21:54:13,651 INFO  db.DBStoreBuilder (DBStoreBuilder.java:addTable(110)) - using custom profile for table: dTokenTable
2019-07-30 21:54:13,651 INFO  db.DBStoreBuilder (DBStoreBuilder.java:processTables(161)) - Using default column profile:DBProfile.DISK for Table:dTokenTable
2019-07-30 21:54:13,651 INFO  db.DBStoreBuilder (DBStoreBuilder.java:addTable(110)) - using custom profile for table: s3SecretTable
2019-07-30 21:54:13,651 INFO  db.DBStoreBuilder (DBStoreBuilder.java:processTables(161)) - Using default column profile:DBProfile.DISK for Table:s3SecretTable
2019-07-30 21:54:13,652 INFO  db.DBStoreBuilder (DBStoreBuilder.java:addTable(110)) - using custom profile for table: prefixTable
2019-07-30 21:54:13,652 INFO  db.DBStoreBuilder (DBStoreBuilder.java:processTables(161)) - Using default column profile:DBProfile.DISK for Table:prefixTable
2019-07-30 21:54:13,652 INFO  db.DBStoreBuilder (DBStoreBuilder.java:addTable(110)) - using custom profile for table: default
2019-07-30 21:54:13,652 INFO  db.DBStoreBuilder (DBStoreBuilder.java:processTables(167)) - Using default column profile:DBProfile.DISK for Table:default
2019-07-30 21:54:13,652 INFO  db.DBStoreBuilder (DBStoreBuilder.java:getDbProfile(198)) - Using default options. DBProfile.DISK
2019-07-30 21:54:14,182 INFO  ipc.CallQueueManager (CallQueueManager.java:<init>(84)) - Using callQueue: class java.util.concurrent.LinkedBlockingQueue, queueCapacity: 2000, scheduler: class org.apache.hadoop.ipc.DefaultRpcScheduler, ipcBackoff: false.
2019-07-30 21:54:14,184 INFO  ipc.Server (Server.java:run(1074)) - Starting Socket Reader #1 for port 34214
2019-07-30 21:54:14,204 INFO  om.OzoneManager (OzoneManager.java:start(1255)) - OzoneManager RPC server is listening at localhost/127.0.0.1:34214
2019-07-30 21:54:14,204 INFO  impl.MetricsSystemImpl (MetricsSystemImpl.java:init(158)) - OzoneManager metrics system started (again)
2019-07-30 21:54:14,209 INFO  ipc.Server (Server.java:run(1314)) - IPC Server Responder: starting
2019-07-30 21:54:14,210 INFO  ipc.Server (Server.java:run(1153)) - IPC Server listener on 34214: starting
2019-07-30 21:54:14,225 INFO  hdfs.DFSUtil (DFSUtil.java:httpServerTemplateForNNAndJN(1641)) - Starting Web-server for ozoneManager at: http://0.0.0.0:0
2019-07-30 21:54:14,228 INFO  server.AuthenticationFilter (AuthenticationFilter.java:constructSecretProvider(240)) - Unable to initialize FileSignerSecretProvider, falling back to use random secrets.
2019-07-30 21:54:14,229 WARN  http.HttpRequestLog (HttpRequestLog.java:getRequestLog(97)) - Jetty request log can only be enabled using Log4j
2019-07-30 21:54:14,233 INFO  http.HttpServer2 (HttpServer2.java:addGlobalFilter(975)) - Added global filter 'safety' (class=org.apache.hadoop.http.HttpServer2$QuotingInputFilter)
2019-07-30 21:54:14,234 INFO  http.HttpServer2 (HttpServer2.java:addFilter(948)) - Added filter static_user_filter (class=org.apache.hadoop.http.lib.StaticUserWebFilter$StaticUserFilter) to context ozoneManager
2019-07-30 21:54:14,235 INFO  http.HttpServer2 (HttpServer2.java:addFilter(958)) - Added filter static_user_filter (class=org.apache.hadoop.http.lib.StaticUserWebFilter$StaticUserFilter) to context logs
2019-07-30 21:54:14,235 INFO  http.HttpServer2 (HttpServer2.java:addFilter(958)) - Added filter static_user_filter (class=org.apache.hadoop.http.lib.StaticUserWebFilter$StaticUserFilter) to context static
2019-07-30 21:54:14,239 INFO  http.HttpServer2 (HttpServer2.java:bindListener(1191)) - Jetty bound to port 42200
2019-07-30 21:54:14,239 INFO  server.Server (Server.java:doStart(351)) - jetty-9.3.24.v20180605, build timestamp: 2018-06-05T17:11:56Z, git hash: 84205aa28f11a4f31f2a3b86d1bba2cc8ab69827
2019-07-30 21:54:14,242 INFO  handler.ContextHandler (ContextHandler.java:doStart(781)) - Started o.e.j.s.ServletContextHandler@126be319{/logs,file:///workdir/hadoop-ozone/tools/target/log,AVAILABLE}
2019-07-30 21:54:14,243 INFO  handler.ContextHandler (ContextHandler.java:doStart(781)) - Started o.e.j.s.ServletContextHandler@5c371e13{/static,file:///workdir/hadoop-ozone/ozone-manager/target/classes/webapps/static/,AVAILABLE}
2019-07-30 21:54:14,251 INFO  handler.ContextHandler (ContextHandler.java:doStart(781)) - Started o.e.j.w.WebAppContext@27f0ad19{/,file:///workdir/hadoop-ozone/ozone-manager/target/classes/webapps/ozoneManager/,AVAILABLE}{/ozoneManager}
2019-07-30 21:54:14,253 INFO  server.AbstractConnector (AbstractConnector.java:doStart(278)) - Started ServerConnector@54e81b21{HTTP/1.1,[http/1.1]}{0.0.0.0:42200}
2019-07-30 21:54:14,254 INFO  server.Server (Server.java:doStart(419)) - Started @4218ms
2019-07-30 21:54:14,255 INFO  server.BaseHttpServer (BaseHttpServer.java:updateConnectorAddress(207)) - HTTP server of OZONEMANAGER is listening at http://0.0.0.0:42200
2019-07-30 21:54:14,580 INFO  impl.MetricsSystemImpl (MetricsSystemImpl.java:init(158)) - HddsDatanode metrics system started (again)
2019-07-30 21:54:14,683 INFO  ozone.HddsDatanodeService (HddsDatanodeService.java:start(184)) - HddsDatanodeService host:byscane-nightly-mnz8h-2580798830 ip:192.168.69.72
2019-07-30 21:54:14,725 INFO  volume.HddsVolume (HddsVolume.java:<init>(176)) - Creating Volume: /workdir/hadoop-ozone/tools/target/test-dir/MiniOzoneClusterImpl-b950161b-6247-4595-ac2c-184dfc434482/datanode-0/data/containers/hdds of  storage type : DISK and capacity : 52710309888
2019-07-30 21:54:14,727 INFO  volume.VolumeSet (VolumeSet.java:initializeVolumeSet(170)) - Added Volume : /workdir/hadoop-ozone/tools/target/test-dir/MiniOzoneClusterImpl-b950161b-6247-4595-ac2c-184dfc434482/datanode-0/data/containers/hdds to VolumeSet
2019-07-30 21:54:14,731 INFO  volume.ThrottledAsyncChecker (ThrottledAsyncChecker.java:schedule(140)) - Scheduling a check for org.apache.hadoop.ozone.container.common.volume.HddsVolume@43b0ade
2019-07-30 21:54:14,753 INFO  volume.HddsVolumeChecker (HddsVolumeChecker.java:checkAllVolumes(203)) - Scheduled health check for volume org.apache.hadoop.ozone.container.common.volume.HddsVolume@43b0ade
2019-07-30 21:54:14,883 INFO  impl.RaftServerProxy (ConfUtils.java:logGet(43)) - raft.rpc.type = GRPC (default)
2019-07-30 21:54:14,955 INFO  grpc.GrpcFactory (GrpcFactory.java:checkPooledByteBufAllocatorUseCacheForAllThreads(45)) - PERFORMANCE WARNING: useCacheForAllThreads is true that may cause Netty to create a lot garbage objects and, as a result, trigger GC.
	It is recommended to disable useCacheForAllThreads by setting -Dorg.apache.ratis.thirdparty.io.netty.allocator.useCacheForAllThreads=false in command line.
2019-07-30 21:54:14,960 INFO  grpc.GrpcConfigKeys$Server (ConfUtils.java:logGet(43)) - raft.grpc.server.port = 0 (default)
2019-07-30 21:54:14,961 INFO  server.GrpcService (ConfUtils.java:logGet(43)) - raft.grpc.message.size.max = 33570816 (custom)
2019-07-30 21:54:14,962 INFO  server.RaftServerConfigKeys (ConfUtils.java:logGet(43)) - raft.server.log.appender.buffer.byte-limit = 33554432 (custom)
2019-07-30 21:54:14,963 INFO  server.GrpcService (ConfUtils.java:logGet(43)) - raft.grpc.flow.control.window = 1MB (=1048576) (default)
2019-07-30 21:54:14,964 INFO  server.RaftServerConfigKeys (ConfUtils.java:logGet(43)) - raft.server.rpc.request.timeout = 3000ms (default)
2019-07-30 21:54:15,153 INFO  server.RaftServerConfigKeys (ConfUtils.java:logGet(43)) - raft.server.storage.dir = [/workdir/hadoop-ozone/tools/target/test-dir/MiniOzoneClusterImpl-b950161b-6247-4595-ac2c-184dfc434482/datanode-0/data/ratis] (custom)
2019-07-30 21:54:15,191 INFO  replication.SimpleContainerDownloader (SimpleContainerDownloader.java:<init>(72)) - Starting container downloader service to copy containers to replicate.
2019-07-30 21:54:15,205 INFO  hdfs.DFSUtil (DFSUtil.java:httpServerTemplateForNNAndJN(1641)) - Starting Web-server for hddsDatanode at: http://0.0.0.0:0
2019-07-30 21:54:15,209 INFO  server.AuthenticationFilter (AuthenticationFilter.java:constructSecretProvider(240)) - Unable to initialize FileSignerSecretProvider, falling back to use random secrets.
2019-07-30 21:54:15,211 WARN  http.HttpRequestLog (HttpRequestLog.java:getRequestLog(97)) - Jetty request log can only be enabled using Log4j
2019-07-30 21:54:15,215 INFO  http.HttpServer2 (HttpServer2.java:addGlobalFilter(975)) - Added global filter 'safety' (class=org.apache.hadoop.http.HttpServer2$QuotingInputFilter)
2019-07-30 21:54:15,217 INFO  http.HttpServer2 (HttpServer2.java:addFilter(948)) - Added filter static_user_filter (class=org.apache.hadoop.http.lib.StaticUserWebFilter$StaticUserFilter) to context hddsDatanode
2019-07-30 21:54:15,217 INFO  http.HttpServer2 (HttpServer2.java:addFilter(958)) - Added filter static_user_filter (class=org.apache.hadoop.http.lib.StaticUserWebFilter$StaticUserFilter) to context static
2019-07-30 21:54:15,217 INFO  http.HttpServer2 (HttpServer2.java:addFilter(958)) - Added filter static_user_filter (class=org.apache.hadoop.http.lib.StaticUserWebFilter$StaticUserFilter) to context logs
2019-07-30 21:54:15,220 INFO  http.HttpServer2 (HttpServer2.java:bindListener(1191)) - Jetty bound to port 41701
2019-07-30 21:54:15,220 INFO  server.Server (Server.java:doStart(351)) - jetty-9.3.24.v20180605, build timestamp: 2018-06-05T17:11:56Z, git hash: 84205aa28f11a4f31f2a3b86d1bba2cc8ab69827
2019-07-30 21:54:15,224 INFO  handler.ContextHandler (ContextHandler.java:doStart(781)) - Started o.e.j.s.ServletContextHandler@455824ad{/logs,file:///workdir/hadoop-ozone/tools/target/log,AVAILABLE}
2019-07-30 21:54:15,225 INFO  handler.ContextHandler (ContextHandler.java:doStart(781)) - Started o.e.j.s.ServletContextHandler@70f31322{/static,file:///workdir/hadoop-hdds/container-service/target/classes/webapps/static,AVAILABLE}
2019-07-30 21:54:15,233 INFO  handler.ContextHandler (ContextHandler.java:doStart(781)) - Started o.e.j.w.WebAppContext@99407c2{/,file:///workdir/hadoop-hdds/container-service/target/classes/webapps/hddsDatanode/,AVAILABLE}{/hddsDatanode}
2019-07-30 21:54:15,237 INFO  server.AbstractConnector (AbstractConnector.java:doStart(278)) - Started ServerConnector@6c796cc1{HTTP/1.1,[http/1.1]}{0.0.0.0:41701}
2019-07-30 21:54:15,238 INFO  server.Server (Server.java:doStart(419)) - Started @5202ms
2019-07-30 21:54:15,239 INFO  server.BaseHttpServer (BaseHttpServer.java:updateConnectorAddress(207)) - HTTP server of HDDSDATANODE is listening at http://0.0.0.0:41701
2019-07-30 21:54:16,340 INFO  ozone.HddsDatanodeService (HddsDatanodeService.java:startPlugins(395)) - Started plug-in org.apache.hadoop.ozone.web.OzoneHddsDatanodeService@40fa8766
2019-07-30 21:54:16,343 INFO  impl.MetricsSystemImpl (MetricsSystemImpl.java:init(158)) - HddsDatanode metrics system started (again)
2019-07-30 21:54:16,347 INFO  ozone.HddsDatanodeService (HddsDatanodeService.java:start(184)) - HddsDatanodeService host:byscane-nightly-mnz8h-2580798830 ip:192.168.69.72
2019-07-30 21:54:16,352 INFO  util.JvmPauseMonitor (JvmPauseMonitor.java:run(188)) - Starting JVM pause monitor
2019-07-30 21:54:16,359 INFO  volume.HddsVolume (HddsVolume.java:<init>(176)) - Creating Volume: /workdir/hadoop-ozone/tools/target/test-dir/MiniOzoneClusterImpl-b950161b-6247-4595-ac2c-184dfc434482/datanode-1/data/containers/hdds of  storage type : DISK and capacity : 52710309888
2019-07-30 21:54:16,360 INFO  volume.VolumeSet (VolumeSet.java:initializeVolumeSet(170)) - Added Volume : /workdir/hadoop-ozone/tools/target/test-dir/MiniOzoneClusterImpl-b950161b-6247-4595-ac2c-184dfc434482/datanode-1/data/containers/hdds to VolumeSet
2019-07-30 21:54:16,360 INFO  volume.ThrottledAsyncChecker (ThrottledAsyncChecker.java:schedule(140)) - Scheduling a check for org.apache.hadoop.ozone.container.common.volume.HddsVolume@5eea5627
2019-07-30 21:54:16,361 INFO  volume.HddsVolumeChecker (HddsVolumeChecker.java:checkAllVolumes(203)) - Scheduled health check for volume org.apache.hadoop.ozone.container.common.volume.HddsVolume@5eea5627
2019-07-30 21:54:16,382 INFO  impl.RaftServerProxy (ConfUtils.java:logGet(43)) - raft.rpc.type = GRPC (default)
2019-07-30 21:54:16,382 INFO  grpc.GrpcFactory (GrpcFactory.java:checkPooledByteBufAllocatorUseCacheForAllThreads(45)) - PERFORMANCE WARNING: useCacheForAllThreads is true that may cause Netty to create a lot garbage objects and, as a result, trigger GC.
	It is recommended to disable useCacheForAllThreads by setting -Dorg.apache.ratis.thirdparty.io.netty.allocator.useCacheForAllThreads=false in command line.
2019-07-30 21:54:16,383 INFO  grpc.GrpcConfigKeys$Server (ConfUtils.java:logGet(43)) - raft.grpc.server.port = 0 (default)
2019-07-30 21:54:16,383 INFO  server.GrpcService (ConfUtils.java:logGet(43)) - raft.grpc.message.size.max = 33570816 (custom)
2019-07-30 21:54:16,383 INFO  server.RaftServerConfigKeys (ConfUtils.java:logGet(43)) - raft.server.log.appender.buffer.byte-limit = 33554432 (custom)
2019-07-30 21:54:16,383 INFO  server.GrpcService (ConfUtils.java:logGet(43)) - raft.grpc.flow.control.window = 1MB (=1048576) (default)
2019-07-30 21:54:16,384 INFO  server.RaftServerConfigKeys (ConfUtils.java:logGet(43)) - raft.server.rpc.request.timeout = 3000ms (default)
2019-07-30 21:54:16,384 INFO  server.RaftServerConfigKeys (ConfUtils.java:logGet(43)) - raft.server.storage.dir = [/workdir/hadoop-ozone/tools/target/test-dir/MiniOzoneClusterImpl-b950161b-6247-4595-ac2c-184dfc434482/datanode-1/data/ratis] (custom)
2019-07-30 21:54:16,385 INFO  replication.SimpleContainerDownloader (SimpleContainerDownloader.java:<init>(72)) - Starting container downloader service to copy containers to replicate.
2019-07-30 21:54:16,387 INFO  hdfs.DFSUtil (DFSUtil.java:httpServerTemplateForNNAndJN(1641)) - Starting Web-server for hddsDatanode at: http://0.0.0.0:0
2019-07-30 21:54:16,390 INFO  server.AuthenticationFilter (AuthenticationFilter.java:constructSecretProvider(240)) - Unable to initialize FileSignerSecretProvider, falling back to use random secrets.
2019-07-30 21:54:16,392 WARN  http.HttpRequestLog (HttpRequestLog.java:getRequestLog(97)) - Jetty request log can only be enabled using Log4j
2019-07-30 21:54:16,395 INFO  http.HttpServer2 (HttpServer2.java:addGlobalFilter(975)) - Added global filter 'safety' (class=org.apache.hadoop.http.HttpServer2$QuotingInputFilter)
2019-07-30 21:54:16,397 INFO  http.HttpServer2 (HttpServer2.java:addFilter(948)) - Added filter static_user_filter (class=org.apache.hadoop.http.lib.StaticUserWebFilter$StaticUserFilter) to context hddsDatanode
2019-07-30 21:54:16,397 INFO  http.HttpServer2 (HttpServer2.java:addFilter(958)) - Added filter static_user_filter (class=org.apache.hadoop.http.lib.StaticUserWebFilter$StaticUserFilter) to context logs
2019-07-30 21:54:16,397 INFO  http.HttpServer2 (HttpServer2.java:addFilter(958)) - Added filter static_user_filter (class=org.apache.hadoop.http.lib.StaticUserWebFilter$StaticUserFilter) to context static
2019-07-30 21:54:16,399 INFO  http.HttpServer2 (HttpServer2.java:bindListener(1191)) - Jetty bound to port 41480
2019-07-30 21:54:16,399 INFO  server.Server (Server.java:doStart(351)) - jetty-9.3.24.v20180605, build timestamp: 2018-06-05T17:11:56Z, git hash: 84205aa28f11a4f31f2a3b86d1bba2cc8ab69827
2019-07-30 21:54:16,403 INFO  handler.ContextHandler (ContextHandler.java:doStart(781)) - Started o.e.j.s.ServletContextHandler@37e69c43{/logs,file:///workdir/hadoop-ozone/tools/target/log,AVAILABLE}
2019-07-30 21:54:16,404 INFO  handler.ContextHandler (ContextHandler.java:doStart(781)) - Started o.e.j.s.ServletContextHandler@345d053b{/static,file:///workdir/hadoop-hdds/container-service/target/classes/webapps/static,AVAILABLE}
2019-07-30 21:54:16,410 INFO  handler.ContextHandler (ContextHandler.java:doStart(781)) - Started o.e.j.w.WebAppContext@465b38e6{/,file:///workdir/hadoop-hdds/container-service/target/classes/webapps/hddsDatanode/,AVAILABLE}{/hddsDatanode}
2019-07-30 21:54:16,411 INFO  server.AbstractConnector (AbstractConnector.java:doStart(278)) - Started ServerConnector@4b960b5b{HTTP/1.1,[http/1.1]}{0.0.0.0:41480}
2019-07-30 21:54:16,412 INFO  server.Server (Server.java:doStart(419)) - Started @6376ms
2019-07-30 21:54:16,413 INFO  server.BaseHttpServer (BaseHttpServer.java:updateConnectorAddress(207)) - HTTP server of HDDSDATANODE is listening at http://0.0.0.0:41480
2019-07-30 21:54:16,477 INFO  datanode.InitDatanodeState (InitDatanodeState.java:persistContainerDatanodeDetails(140)) - DatanodeDetails is persisted to /workdir/hadoop-ozone/tools/target/test-dir/MiniOzoneClusterImpl-b950161b-6247-4595-ac2c-184dfc434482/datanode-0/meta/datanode.id
2019-07-30 21:54:16,570 INFO  ozone.HddsDatanodeService (HddsDatanodeService.java:startPlugins(395)) - Started plug-in org.apache.hadoop.ozone.web.OzoneHddsDatanodeService@6a1d526c
2019-07-30 21:54:16,570 INFO  impl.MetricsSystemImpl (MetricsSystemImpl.java:init(158)) - HddsDatanode metrics system started (again)
2019-07-30 21:54:16,574 INFO  ozone.HddsDatanodeService (HddsDatanodeService.java:start(184)) - HddsDatanodeService host:byscane-nightly-mnz8h-2580798830 ip:192.168.69.72
2019-07-30 21:54:16,574 INFO  util.JvmPauseMonitor (JvmPauseMonitor.java:run(188)) - Starting JVM pause monitor
2019-07-30 21:54:16,582 INFO  volume.HddsVolume (HddsVolume.java:<init>(176)) - Creating Volume: /workdir/hadoop-ozone/tools/target/test-dir/MiniOzoneClusterImpl-b950161b-6247-4595-ac2c-184dfc434482/datanode-2/data/containers/hdds of  storage type : DISK and capacity : 52710309888
2019-07-30 21:54:16,582 INFO  volume.VolumeSet (VolumeSet.java:initializeVolumeSet(170)) - Added Volume : /workdir/hadoop-ozone/tools/target/test-dir/MiniOzoneClusterImpl-b950161b-6247-4595-ac2c-184dfc434482/datanode-2/data/containers/hdds to VolumeSet
2019-07-30 21:54:16,583 INFO  volume.ThrottledAsyncChecker (ThrottledAsyncChecker.java:schedule(140)) - Scheduling a check for org.apache.hadoop.ozone.container.common.volume.HddsVolume@796f632b
2019-07-30 21:54:16,583 INFO  datanode.InitDatanodeState (InitDatanodeState.java:persistContainerDatanodeDetails(140)) - DatanodeDetails is persisted to /workdir/hadoop-ozone/tools/target/test-dir/MiniOzoneClusterImpl-b950161b-6247-4595-ac2c-184dfc434482/datanode-1/meta/datanode.id
2019-07-30 21:54:16,584 INFO  volume.HddsVolumeChecker (HddsVolumeChecker.java:checkAllVolumes(203)) - Scheduled health check for volume org.apache.hadoop.ozone.container.common.volume.HddsVolume@796f632b
2019-07-30 21:54:16,607 INFO  impl.RaftServerProxy (ConfUtils.java:logGet(43)) - raft.rpc.type = GRPC (default)
2019-07-30 21:54:16,607 INFO  grpc.GrpcFactory (GrpcFactory.java:checkPooledByteBufAllocatorUseCacheForAllThreads(45)) - PERFORMANCE WARNING: useCacheForAllThreads is true that may cause Netty to create a lot garbage objects and, as a result, trigger GC.
	It is recommended to disable useCacheForAllThreads by setting -Dorg.apache.ratis.thirdparty.io.netty.allocator.useCacheForAllThreads=false in command line.
2019-07-30 21:54:16,607 INFO  grpc.GrpcConfigKeys$Server (ConfUtils.java:logGet(43)) - raft.grpc.server.port = 0 (default)
2019-07-30 21:54:16,608 INFO  server.GrpcService (ConfUtils.java:logGet(43)) - raft.grpc.message.size.max = 33570816 (custom)
2019-07-30 21:54:16,608 INFO  server.RaftServerConfigKeys (ConfUtils.java:logGet(43)) - raft.server.log.appender.buffer.byte-limit = 33554432 (custom)
2019-07-30 21:54:16,608 INFO  server.GrpcService (ConfUtils.java:logGet(43)) - raft.grpc.flow.control.window = 1MB (=1048576) (default)
2019-07-30 21:54:16,609 INFO  server.RaftServerConfigKeys (ConfUtils.java:logGet(43)) - raft.server.rpc.request.timeout = 3000ms (default)
2019-07-30 21:54:16,609 INFO  server.RaftServerConfigKeys (ConfUtils.java:logGet(43)) - raft.server.storage.dir = [/workdir/hadoop-ozone/tools/target/test-dir/MiniOzoneClusterImpl-b950161b-6247-4595-ac2c-184dfc434482/datanode-2/data/ratis] (custom)
2019-07-30 21:54:16,610 INFO  replication.SimpleContainerDownloader (SimpleContainerDownloader.java:<init>(72)) - Starting container downloader service to copy containers to replicate.
2019-07-30 21:54:16,612 INFO  hdfs.DFSUtil (DFSUtil.java:httpServerTemplateForNNAndJN(1641)) - Starting Web-server for hddsDatanode at: http://0.0.0.0:0
2019-07-30 21:54:16,613 INFO  server.AuthenticationFilter (AuthenticationFilter.java:constructSecretProvider(240)) - Unable to initialize FileSignerSecretProvider, falling back to use random secrets.
2019-07-30 21:54:16,614 WARN  http.HttpRequestLog (HttpRequestLog.java:getRequestLog(97)) - Jetty request log can only be enabled using Log4j
2019-07-30 21:54:16,615 INFO  http.HttpServer2 (HttpServer2.java:addGlobalFilter(975)) - Added global filter 'safety' (class=org.apache.hadoop.http.HttpServer2$QuotingInputFilter)
2019-07-30 21:54:16,616 INFO  http.HttpServer2 (HttpServer2.java:addFilter(948)) - Added filter static_user_filter (class=org.apache.hadoop.http.lib.StaticUserWebFilter$StaticUserFilter) to context hddsDatanode
2019-07-30 21:54:16,616 INFO  http.HttpServer2 (HttpServer2.java:addFilter(958)) - Added filter static_user_filter (class=org.apache.hadoop.http.lib.StaticUserWebFilter$StaticUserFilter) to context logs
2019-07-30 21:54:16,616 INFO  http.HttpServer2 (HttpServer2.java:addFilter(958)) - Added filter static_user_filter (class=org.apache.hadoop.http.lib.StaticUserWebFilter$StaticUserFilter) to context static
2019-07-30 21:54:16,617 INFO  http.HttpServer2 (HttpServer2.java:bindListener(1191)) - Jetty bound to port 35504
2019-07-30 21:54:16,617 INFO  server.Server (Server.java:doStart(351)) - jetty-9.3.24.v20180605, build timestamp: 2018-06-05T17:11:56Z, git hash: 84205aa28f11a4f31f2a3b86d1bba2cc8ab69827
2019-07-30 21:54:16,619 INFO  handler.ContextHandler (ContextHandler.java:doStart(781)) - Started o.e.j.s.ServletContextHandler@2b6a0ea9{/logs,file:///workdir/hadoop-ozone/tools/target/log,AVAILABLE}
2019-07-30 21:54:16,619 INFO  handler.ContextHandler (ContextHandler.java:doStart(781)) - Started o.e.j.s.ServletContextHandler@4887de2b{/static,file:///workdir/hadoop-hdds/container-service/target/classes/webapps/static,AVAILABLE}
2019-07-30 21:54:16,623 INFO  handler.ContextHandler (ContextHandler.java:doStart(781)) - Started o.e.j.w.WebAppContext@7ae0cc89{/,file:///workdir/hadoop-hdds/container-service/target/classes/webapps/hddsDatanode/,AVAILABLE}{/hddsDatanode}
2019-07-30 21:54:16,624 INFO  server.AbstractConnector (AbstractConnector.java:doStart(278)) - Started ServerConnector@de7e193{HTTP/1.1,[http/1.1]}{0.0.0.0:35504}
2019-07-30 21:54:16,625 INFO  server.Server (Server.java:doStart(419)) - Started @6589ms
2019-07-30 21:54:16,626 INFO  server.BaseHttpServer (BaseHttpServer.java:updateConnectorAddress(207)) - HTTP server of HDDSDATANODE is listening at http://0.0.0.0:35504
2019-07-30 21:54:16,816 INFO  ozone.HddsDatanodeService (HddsDatanodeService.java:startPlugins(395)) - Started plug-in org.apache.hadoop.ozone.web.OzoneHddsDatanodeService@64387c17
2019-07-30 21:54:16,818 INFO  ozone.MiniOzoneClusterImpl (MiniOzoneClusterImpl.java:lambda$waitForClusterToBeReady$0(142)) - Waiting for cluster to be ready. Got 0 of 3 DN Heartbeats.
2019-07-30 21:54:16,819 INFO  util.JvmPauseMonitor (JvmPauseMonitor.java:run(188)) - Starting JVM pause monitor
2019-07-30 21:54:16,823 INFO  datanode.InitDatanodeState (InitDatanodeState.java:persistContainerDatanodeDetails(140)) - DatanodeDetails is persisted to /workdir/hadoop-ozone/tools/target/test-dir/MiniOzoneClusterImpl-b950161b-6247-4595-ac2c-184dfc434482/datanode-2/meta/datanode.id
2019-07-30 21:54:17,819 INFO  ozone.MiniOzoneClusterImpl (MiniOzoneClusterImpl.java:lambda$waitForClusterToBeReady$0(142)) - Waiting for cluster to be ready. Got 0 of 3 DN Heartbeats.
2019-07-30 21:54:18,410 INFO  ozoneimpl.OzoneContainer (OzoneContainer.java:start(186)) - Attempting to start container services.
2019-07-30 21:54:18,412 INFO  ozoneimpl.OzoneContainer (OzoneContainer.java:startContainerScrub(160)) - Background container scrubber has been disabled by hdds.containerscrub.enabled
2019-07-30 21:54:18,412 INFO  ratis.XceiverServerRatis (XceiverServerRatis.java:start(404)) - Starting XceiverServerRatis 46126ab3-6eb4-4f8e-a14c-d1a46877e24b at port 0
2019-07-30 21:54:18,440 INFO  impl.RaftServerProxy (RaftServerProxy.java:lambda$start$3(299)) - 46126ab3-6eb4-4f8e-a14c-d1a46877e24b: start RPC server
2019-07-30 21:54:18,571 INFO  server.GrpcService (GrpcService.java:startImpl(149)) - 46126ab3-6eb4-4f8e-a14c-d1a46877e24b: GrpcService started, listening on 0.0.0.0/0.0.0.0:36331
2019-07-30 21:54:18,572 INFO  ratis.XceiverServerRatis (XceiverServerRatis.java:start(414)) - XceiverServerRatis 46126ab3-6eb4-4f8e-a14c-d1a46877e24b is started using port 36331
2019-07-30 21:54:18,574 INFO  server.XceiverServerGrpc (XceiverServerGrpc.java:start(161)) - XceiverServerGrpc 46126ab3-6eb4-4f8e-a14c-d1a46877e24b is started using port 39498
2019-07-30 21:54:18,603 INFO  ozoneimpl.OzoneContainer (OzoneContainer.java:start(186)) - Attempting to start container services.
2019-07-30 21:54:18,606 INFO  ozoneimpl.OzoneContainer (OzoneContainer.java:startContainerScrub(160)) - Background container scrubber has been disabled by hdds.containerscrub.enabled
2019-07-30 21:54:18,606 INFO  ratis.XceiverServerRatis (XceiverServerRatis.java:start(404)) - Starting XceiverServerRatis f8347db9-7784-4f20-99ad-01586558e65b at port 0
2019-07-30 21:54:18,621 INFO  impl.RaftServerProxy (RaftServerProxy.java:lambda$start$3(299)) - f8347db9-7784-4f20-99ad-01586558e65b: start RPC server
2019-07-30 21:54:18,624 INFO  server.GrpcService (GrpcService.java:startImpl(149)) - f8347db9-7784-4f20-99ad-01586558e65b: GrpcService started, listening on 0.0.0.0/0.0.0.0:37541
2019-07-30 21:54:18,625 INFO  ratis.XceiverServerRatis (XceiverServerRatis.java:start(414)) - XceiverServerRatis f8347db9-7784-4f20-99ad-01586558e65b is started using port 37541
2019-07-30 21:54:18,627 INFO  server.XceiverServerGrpc (XceiverServerGrpc.java:start(161)) - XceiverServerGrpc f8347db9-7784-4f20-99ad-01586558e65b is started using port 42224
2019-07-30 21:54:18,819 INFO  ozone.MiniOzoneClusterImpl (MiniOzoneClusterImpl.java:lambda$waitForClusterToBeReady$0(142)) - Waiting for cluster to be ready. Got 0 of 3 DN Heartbeats.
2019-07-30 21:54:18,837 INFO  ozoneimpl.OzoneContainer (OzoneContainer.java:start(186)) - Attempting to start container services.
2019-07-30 21:54:18,839 INFO  ozoneimpl.OzoneContainer (OzoneContainer.java:startContainerScrub(160)) - Background container scrubber has been disabled by hdds.containerscrub.enabled
2019-07-30 21:54:18,840 INFO  ratis.XceiverServerRatis (XceiverServerRatis.java:start(404)) - Starting XceiverServerRatis 50887fa7-a02d-4c77-afe3-05cf6673ad8b at port 0
2019-07-30 21:54:18,901 INFO  impl.RaftServerProxy (RaftServerProxy.java:lambda$start$3(299)) - 50887fa7-a02d-4c77-afe3-05cf6673ad8b: start RPC server
2019-07-30 21:54:18,905 INFO  server.GrpcService (GrpcService.java:startImpl(149)) - 50887fa7-a02d-4c77-afe3-05cf6673ad8b: GrpcService started, listening on 0.0.0.0/0.0.0.0:44594
2019-07-30 21:54:18,905 INFO  ratis.XceiverServerRatis (XceiverServerRatis.java:start(414)) - XceiverServerRatis 50887fa7-a02d-4c77-afe3-05cf6673ad8b is started using port 44594
2019-07-30 21:54:18,909 INFO  server.XceiverServerGrpc (XceiverServerGrpc.java:start(161)) - XceiverServerGrpc 50887fa7-a02d-4c77-afe3-05cf6673ad8b is started using port 44546
2019-07-30 21:54:19,820 INFO  ozone.MiniOzoneClusterImpl (MiniOzoneClusterImpl.java:lambda$waitForClusterToBeReady$0(142)) - Waiting for cluster to be ready. Got 0 of 3 DN Heartbeats.
2019-07-30 21:54:20,398 INFO  net.NetworkTopology (NetworkTopologyImpl.java:add(110)) - Added a new node: /default-rack/46126ab3-6eb4-4f8e-a14c-d1a46877e24b
2019-07-30 21:54:20,398 INFO  node.SCMNodeManager (SCMNodeManager.java:register(273)) - Registered Data node : 46126ab3-6eb4-4f8e-a14c-d1a46877e24b{ip: 192.168.69.72, host: byscane-nightly-mnz8h-2580798830, networkLocation: /default-rack, certSerialId: null}
2019-07-30 21:54:20,403 INFO  safemode.SCMSafeModeManager (DataNodeSafeModeRule.java:process(71)) - SCM in safe mode. 1 DataNodes registered, 1 required.
2019-07-30 21:54:20,404 INFO  safemode.SCMSafeModeManager (SCMSafeModeManager.java:validateSafeModeExitRules(177)) - ScmSafeModeManager, all rules are successfully validated
2019-07-30 21:54:20,404 INFO  safemode.SCMSafeModeManager (SCMSafeModeManager.java:exitSafeMode(193)) - SCM exiting safe mode.
2019-07-30 21:54:20,578 INFO  net.NetworkTopology (NetworkTopologyImpl.java:add(110)) - Added a new node: /default-rack/f8347db9-7784-4f20-99ad-01586558e65b
2019-07-30 21:54:20,578 INFO  node.SCMNodeManager (SCMNodeManager.java:register(273)) - Registered Data node : f8347db9-7784-4f20-99ad-01586558e65b{ip: 192.168.69.72, host: byscane-nightly-mnz8h-2580798830, networkLocation: /default-rack, certSerialId: null}
2019-07-30 21:54:20,822 INFO  ozone.MiniOzoneClusterImpl (MiniOzoneClusterImpl.java:lambda$waitForClusterToBeReady$0(142)) - Waiting for cluster to be ready. Got 2 of 3 DN Heartbeats.
2019-07-30 21:54:20,825 INFO  net.NetworkTopology (NetworkTopologyImpl.java:add(110)) - Added a new node: /default-rack/50887fa7-a02d-4c77-afe3-05cf6673ad8b
2019-07-30 21:54:20,825 INFO  node.SCMNodeManager (SCMNodeManager.java:register(273)) - Registered Data node : 50887fa7-a02d-4c77-afe3-05cf6673ad8b{ip: 192.168.69.72, host: byscane-nightly-mnz8h-2580798830, networkLocation: /default-rack, certSerialId: null}
2019-07-30 21:54:20,979 INFO  impl.RaftServerProxy (RaftServerProxy.java:addNew(89)) - 46126ab3-6eb4-4f8e-a14c-d1a46877e24b: addNew group-4B5B58A79AC3:[46126ab3-6eb4-4f8e-a14c-d1a46877e24b:192.168.69.72:36331] returns group-4B5B58A79AC3:java.util.concurrent.CompletableFuture@54c094a3[Not completed]
2019-07-30 21:54:21,000 INFO  impl.RaftServerImpl (RaftServerImpl.java:<init>(93)) - 46126ab3-6eb4-4f8e-a14c-d1a46877e24b: new RaftServerImpl for group-4B5B58A79AC3:[46126ab3-6eb4-4f8e-a14c-d1a46877e24b:192.168.69.72:36331] with ContainerStateMachine:uninitialized
2019-07-30 21:54:21,003 INFO  server.RaftServerConfigKeys (ConfUtils.java:logGet(43)) - raft.server.rpc.timeout.min = 5s (custom)
2019-07-30 21:54:21,004 INFO  server.RaftServerConfigKeys (ConfUtils.java:logGet(43)) - raft.server.rpc.timeout.max = 5200ms (custom)
2019-07-30 21:54:21,005 INFO  server.RaftServerConfigKeys (ConfUtils.java:logGet(43)) - raft.server.rpcslowness.timeout = 120s (custom)
2019-07-30 21:54:21,006 INFO  server.RaftServerConfigKeys (ConfUtils.java:logGet(43)) - raft.server.sleep.deviation.threshold = 300 (default)
2019-07-30 21:54:21,007 INFO  server.RaftServerConfigKeys (ConfUtils.java:logGet(43)) - raft.server.log.appender.install.snapshot.enabled = false (custom)
2019-07-30 21:54:21,017 INFO  impl.RaftServerImpl (ServerState.java:<init>(105)) - 46126ab3-6eb4-4f8e-a14c-d1a46877e24b:group-4B5B58A79AC3 ConfigurationManager, init=-1: [46126ab3-6eb4-4f8e-a14c-d1a46877e24b:192.168.69.72:36331], old=null, confs=<EMPTY_MAP>
2019-07-30 21:54:21,017 INFO  server.RaftServerConfigKeys (ConfUtils.java:logGet(43)) - raft.server.storage.dir = [/workdir/hadoop-ozone/tools/target/test-dir/MiniOzoneClusterImpl-b950161b-6247-4595-ac2c-184dfc434482/datanode-0/data/ratis] (custom)
2019-07-30 21:54:21,027 INFO  storage.RaftStorageDirectory (RaftStorageDirectory.java:analyzeStorage(246)) - The storage directory /workdir/hadoop-ozone/tools/target/test-dir/MiniOzoneClusterImpl-b950161b-6247-4595-ac2c-184dfc434482/datanode-0/data/ratis/6afe7690-7999-4df2-9730-4b5b58a79ac3 does not exist. Creating ...
2019-07-30 21:54:21,045 INFO  storage.RaftStorageDirectory (RaftStorageDirectory.java:tryLock(328)) - Lock on /workdir/hadoop-ozone/tools/target/test-dir/MiniOzoneClusterImpl-b950161b-6247-4595-ac2c-184dfc434482/datanode-0/data/ratis/6afe7690-7999-4df2-9730-4b5b58a79ac3/in_use.lock acquired by nodename 22558@byscane-nightly-mnz8h-2580798830
2019-07-30 21:54:21,060 INFO  storage.RaftStorage (RaftStorage.java:format(72)) - Storage directory /workdir/hadoop-ozone/tools/target/test-dir/MiniOzoneClusterImpl-b950161b-6247-4595-ac2c-184dfc434482/datanode-0/data/ratis/6afe7690-7999-4df2-9730-4b5b58a79ac3 has been successfully formatted.
2019-07-30 21:54:21,063 INFO  ratis.ContainerStateMachine (ContainerStateMachine.java:loadSnapshot(213)) - group-4B5B58A79AC3: The snapshot info is null. Setting the last applied indexto:(t:0, i:~)
2019-07-30 21:54:21,063 INFO  server.RaftServerConfigKeys (ConfUtils.java:logGet(43)) - raft.server.leader.election.timeout = 120s (custom)
2019-07-30 21:54:21,066 INFO  server.RaftServerConfigKeys (ConfUtils.java:logGet(43)) - raft.server.log.use.memory = false (default)
2019-07-30 21:54:21,072 INFO  server.RaftServerConfigKeys (ConfUtils.java:logGet(43)) - raft.server.log.purge.gap = 1000000000 (custom)
2019-07-30 21:54:21,073 INFO  server.RaftServerConfigKeys (ConfUtils.java:logGet(43)) - raft.server.log.appender.buffer.byte-limit = 33554432 (custom)
2019-07-30 21:54:21,075 INFO  server.RaftServerConfigKeys (ConfUtils.java:logGet(43)) - raft.server.log.segment.size.max = 1048576 (custom)
2019-07-30 21:54:21,080 INFO  server.RaftServerConfigKeys (ConfUtils.java:logGet(43)) - raft.server.log.segment.cache.num.max = 2 (custom)
2019-07-30 21:54:21,087 INFO  segmented.SegmentedRaftLogWorker (SegmentedRaftLogWorker.java:<init>(172)) - new 46126ab3-6eb4-4f8e-a14c-d1a46877e24b-SegmentedRaftLogWorker:Storage Directory /workdir/hadoop-ozone/tools/target/test-dir/MiniOzoneClusterImpl-b950161b-6247-4595-ac2c-184dfc434482/datanode-0/data/ratis/6afe7690-7999-4df2-9730-4b5b58a79ac3 for RaftStorage:Storage Directory /workdir/hadoop-ozone/tools/target/test-dir/MiniOzoneClusterImpl-b950161b-6247-4595-ac2c-184dfc434482/datanode-0/data/ratis/6afe7690-7999-4df2-9730-4b5b58a79ac3
2019-07-30 21:54:21,103 INFO  server.RaftServerConfigKeys (ConfUtils.java:logGet(43)) - raft.server.log.queue.byte-limit = 2147483647 (custom)
2019-07-30 21:54:21,103 INFO  server.RaftServerConfigKeys (ConfUtils.java:logGet(43)) - raft.server.log.queue.element-limit = 1024 (custom)
2019-07-30 21:54:21,109 INFO  server.RaftServerConfigKeys (ConfUtils.java:logGet(43)) - raft.server.log.segment.size.max = 1048576 (custom)
2019-07-30 21:54:21,110 INFO  server.RaftServerConfigKeys (ConfUtils.java:logGet(43)) - raft.server.log.preallocated.size = 16384 (custom)
2019-07-30 21:54:21,110 INFO  server.RaftServerConfigKeys (ConfUtils.java:logGet(43)) - raft.server.log.write.buffer.size = 33554432 (custom)
2019-07-30 21:54:21,111 INFO  server.RaftServerConfigKeys (ConfUtils.java:logGet(43)) - raft.server.log.force.sync.num = 128 (default)
2019-07-30 21:54:21,112 INFO  server.RaftServerConfigKeys (ConfUtils.java:logGet(43)) - raft.server.log.statemachine.data.sync = true (default)
2019-07-30 21:54:21,112 INFO  server.RaftServerConfigKeys (ConfUtils.java:logGet(43)) - raft.server.log.statemachine.data.sync.timeout = 10s (default)
2019-07-30 21:54:21,112 INFO  server.RaftServerConfigKeys (ConfUtils.java:logGet(43)) - raft.server.log.statemachine.data.sync.timeout.retry = -1 (default)
2019-07-30 21:54:21,123 INFO  server.RaftServerConfigKeys (ConfUtils.java:logGet(43)) - raft.server.log.statemachine.data.caching.enabled = true (custom)
2019-07-30 21:54:21,127 INFO  segmented.SegmentedRaftLogWorker (SegmentedRaftLogWorker.java:lambda$new$0(132)) - 46126ab3-6eb4-4f8e-a14c-d1a46877e24b-SegmentedRaftLogWorker:Storage Directory /workdir/hadoop-ozone/tools/target/test-dir/MiniOzoneClusterImpl-b950161b-6247-4595-ac2c-184dfc434482/datanode-0/data/ratis/6afe7690-7999-4df2-9730-4b5b58a79ac3: flushIndex: setUnconditionally 0 -> -1
2019-07-30 21:54:21,433 INFO  server.RaftServerConfigKeys (ConfUtils.java:logGet(43)) - raft.server.snapshot.auto.trigger.enabled = true (custom)
2019-07-30 21:54:21,435 INFO  server.RaftServerConfigKeys (ConfUtils.java:logGet(43)) - raft.server.snapshot.auto.trigger.threshold = 10000 (custom)
2019-07-30 21:54:21,436 INFO  server.RaftServerConfigKeys (ConfUtils.java:logGet(43)) - raft.server.retrycache.expirytime = 600000ms (custom)
2019-07-30 21:54:21,470 INFO  impl.RaftServerImpl (RaftServerImpl.java:start(180)) - 46126ab3-6eb4-4f8e-a14c-d1a46877e24b: start group-4B5B58A79AC3
2019-07-30 21:54:21,472 INFO  impl.RaftServerImpl (RaftServerImpl.java:setRole(171)) - 46126ab3-6eb4-4f8e-a14c-d1a46877e24b:group-4B5B58A79AC3 changes role from null to FOLLOWER at term 0 for startAsFollower
2019-07-30 21:54:21,473 INFO  impl.RoleInfo (RoleInfo.java:updateAndGet(143)) - 46126ab3-6eb4-4f8e-a14c-d1a46877e24b: start FollowerState
2019-07-30 21:54:21,476 INFO  util.JmxRegister (JmxRegister.java:tryRegister(44)) - Successfully registered JMX Bean with object name Ratis:service=RaftServer,group=group-4B5B58A79AC3,id=46126ab3-6eb4-4f8e-a14c-d1a46877e24b
2019-07-30 21:54:21,549 INFO  pipeline.PipelineStateManager (PipelineStateManager.java:addPipeline(56)) - Created pipeline Pipeline[ Id: 6afe7690-7999-4df2-9730-4b5b58a79ac3, Nodes: 46126ab3-6eb4-4f8e-a14c-d1a46877e24b{ip: 192.168.69.72, host: byscane-nightly-mnz8h-2580798830, networkLocation: /default-rack, certSerialId: null}, Type:RATIS, Factor:ONE, State:OPEN]
2019-07-30 21:54:21,576 INFO  impl.RaftServerProxy (RaftServerProxy.java:addNew(89)) - 50887fa7-a02d-4c77-afe3-05cf6673ad8b: addNew group-70CBACD7ED46:[50887fa7-a02d-4c77-afe3-05cf6673ad8b:192.168.69.72:44594] returns group-70CBACD7ED46:java.util.concurrent.CompletableFuture@d75703e[Not completed]
2019-07-30 21:54:21,611 INFO  impl.RaftServerImpl (RaftServerImpl.java:<init>(93)) - 50887fa7-a02d-4c77-afe3-05cf6673ad8b: new RaftServerImpl for group-70CBACD7ED46:[50887fa7-a02d-4c77-afe3-05cf6673ad8b:192.168.69.72:44594] with ContainerStateMachine:uninitialized
2019-07-30 21:54:21,613 INFO  server.RaftServerConfigKeys (ConfUtils.java:logGet(43)) - raft.server.rpc.timeout.min = 5s (custom)
2019-07-30 21:54:21,613 INFO  server.RaftServerConfigKeys (ConfUtils.java:logGet(43)) - raft.server.rpc.timeout.max = 5200ms (custom)
2019-07-30 21:54:21,613 INFO  server.RaftServerConfigKeys (ConfUtils.java:logGet(43)) - raft.server.rpcslowness.timeout = 120s (custom)
2019-07-30 21:54:21,614 INFO  server.RaftServerConfigKeys (ConfUtils.java:logGet(43)) - raft.server.sleep.deviation.threshold = 300 (default)
2019-07-30 21:54:21,614 INFO  server.RaftServerConfigKeys (ConfUtils.java:logGet(43)) - raft.server.log.appender.install.snapshot.enabled = false (custom)
2019-07-30 21:54:21,614 INFO  impl.RaftServerImpl (ServerState.java:<init>(105)) - 50887fa7-a02d-4c77-afe3-05cf6673ad8b:group-70CBACD7ED46 ConfigurationManager, init=-1: [50887fa7-a02d-4c77-afe3-05cf6673ad8b:192.168.69.72:44594], old=null, confs=<EMPTY_MAP>
2019-07-30 21:54:21,614 INFO  server.RaftServerConfigKeys (ConfUtils.java:logGet(43)) - raft.server.storage.dir = [/workdir/hadoop-ozone/tools/target/test-dir/MiniOzoneClusterImpl-b950161b-6247-4595-ac2c-184dfc434482/datanode-2/data/ratis] (custom)
2019-07-30 21:54:21,615 INFO  storage.RaftStorageDirectory (RaftStorageDirectory.java:analyzeStorage(246)) - The storage directory /workdir/hadoop-ozone/tools/target/test-dir/MiniOzoneClusterImpl-b950161b-6247-4595-ac2c-184dfc434482/datanode-2/data/ratis/2458cfd7-8d8f-4978-a7da-70cbacd7ed46 does not exist. Creating ...
2019-07-30 21:54:21,637 INFO  storage.RaftStorageDirectory (RaftStorageDirectory.java:tryLock(328)) - Lock on /workdir/hadoop-ozone/tools/target/test-dir/MiniOzoneClusterImpl-b950161b-6247-4595-ac2c-184dfc434482/datanode-2/data/ratis/2458cfd7-8d8f-4978-a7da-70cbacd7ed46/in_use.lock acquired by nodename 22558@byscane-nightly-mnz8h-2580798830
2019-07-30 21:54:21,651 INFO  storage.RaftStorage (RaftStorage.java:format(72)) - Storage directory /workdir/hadoop-ozone/tools/target/test-dir/MiniOzoneClusterImpl-b950161b-6247-4595-ac2c-184dfc434482/datanode-2/data/ratis/2458cfd7-8d8f-4978-a7da-70cbacd7ed46 has been successfully formatted.
2019-07-30 21:54:21,652 INFO  ratis.ContainerStateMachine (ContainerStateMachine.java:loadSnapshot(213)) - group-70CBACD7ED46: The snapshot info is null. Setting the last applied indexto:(t:0, i:~)
2019-07-30 21:54:21,653 INFO  server.RaftServerConfigKeys (ConfUtils.java:logGet(43)) - raft.server.leader.election.timeout = 120s (custom)
2019-07-30 21:54:21,653 INFO  server.RaftServerConfigKeys (ConfUtils.java:logGet(43)) - raft.server.log.use.memory = false (default)
2019-07-30 21:54:21,654 INFO  server.RaftServerConfigKeys (ConfUtils.java:logGet(43)) - raft.server.log.purge.gap = 1000000000 (custom)
2019-07-30 21:54:21,654 INFO  server.RaftServerConfigKeys (ConfUtils.java:logGet(43)) - raft.server.log.appender.buffer.byte-limit = 33554432 (custom)
2019-07-30 21:54:21,654 INFO  server.RaftServerConfigKeys (ConfUtils.java:logGet(43)) - raft.server.log.segment.size.max = 1048576 (custom)
2019-07-30 21:54:21,654 INFO  server.RaftServerConfigKeys (ConfUtils.java:logGet(43)) - raft.server.log.segment.cache.num.max = 2 (custom)
2019-07-30 21:54:21,655 INFO  segmented.SegmentedRaftLogWorker (SegmentedRaftLogWorker.java:<init>(172)) - new 50887fa7-a02d-4c77-afe3-05cf6673ad8b-SegmentedRaftLogWorker:Storage Directory /workdir/hadoop-ozone/tools/target/test-dir/MiniOzoneClusterImpl-b950161b-6247-4595-ac2c-184dfc434482/datanode-2/data/ratis/2458cfd7-8d8f-4978-a7da-70cbacd7ed46 for RaftStorage:Storage Directory /workdir/hadoop-ozone/tools/target/test-dir/MiniOzoneClusterImpl-b950161b-6247-4595-ac2c-184dfc434482/datanode-2/data/ratis/2458cfd7-8d8f-4978-a7da-70cbacd7ed46
2019-07-30 21:54:21,656 INFO  server.RaftServerConfigKeys (ConfUtils.java:logGet(43)) - raft.server.log.queue.byte-limit = 2147483647 (custom)
2019-07-30 21:54:21,656 INFO  server.RaftServerConfigKeys (ConfUtils.java:logGet(43)) - raft.server.log.queue.element-limit = 1024 (custom)
2019-07-30 21:54:21,656 INFO  server.RaftServerConfigKeys (ConfUtils.java:logGet(43)) - raft.server.log.segment.size.max = 1048576 (custom)
2019-07-30 21:54:21,657 INFO  server.RaftServerConfigKeys (ConfUtils.java:logGet(43)) - raft.server.log.preallocated.size = 16384 (custom)
2019-07-30 21:54:21,657 INFO  server.RaftServerConfigKeys (ConfUtils.java:logGet(43)) - raft.server.log.write.buffer.size = 33554432 (custom)
2019-07-30 21:54:21,657 INFO  server.RaftServerConfigKeys (ConfUtils.java:logGet(43)) - raft.server.log.force.sync.num = 128 (default)
2019-07-30 21:54:21,657 INFO  server.RaftServerConfigKeys (ConfUtils.java:logGet(43)) - raft.server.log.statemachine.data.sync = true (default)
2019-07-30 21:54:21,658 INFO  server.RaftServerConfigKeys (ConfUtils.java:logGet(43)) - raft.server.log.statemachine.data.sync.timeout = 10s (default)
2019-07-30 21:54:21,658 INFO  server.RaftServerConfigKeys (ConfUtils.java:logGet(43)) - raft.server.log.statemachine.data.sync.timeout.retry = -1 (default)
2019-07-30 21:54:21,658 INFO  server.RaftServerConfigKeys (ConfUtils.java:logGet(43)) - raft.server.log.statemachine.data.caching.enabled = true (custom)
2019-07-30 21:54:21,659 INFO  segmented.SegmentedRaftLogWorker (SegmentedRaftLogWorker.java:lambda$new$0(132)) - 50887fa7-a02d-4c77-afe3-05cf6673ad8b-SegmentedRaftLogWorker:Storage Directory /workdir/hadoop-ozone/tools/target/test-dir/MiniOzoneClusterImpl-b950161b-6247-4595-ac2c-184dfc434482/datanode-2/data/ratis/2458cfd7-8d8f-4978-a7da-70cbacd7ed46: flushIndex: setUnconditionally 0 -> -1
2019-07-30 21:54:21,659 INFO  server.RaftServerConfigKeys (ConfUtils.java:logGet(43)) - raft.server.snapshot.auto.trigger.enabled = true (custom)
2019-07-30 21:54:21,659 INFO  server.RaftServerConfigKeys (ConfUtils.java:logGet(43)) - raft.server.snapshot.auto.trigger.threshold = 10000 (custom)
2019-07-30 21:54:21,660 INFO  server.RaftServerConfigKeys (ConfUtils.java:logGet(43)) - raft.server.retrycache.expirytime = 600000ms (custom)
2019-07-30 21:54:21,660 INFO  impl.RaftServerImpl (RaftServerImpl.java:start(180)) - 50887fa7-a02d-4c77-afe3-05cf6673ad8b: start group-70CBACD7ED46
2019-07-30 21:54:21,660 INFO  impl.RaftServerImpl (RaftServerImpl.java:setRole(171)) - 50887fa7-a02d-4c77-afe3-05cf6673ad8b:group-70CBACD7ED46 changes role from null to FOLLOWER at term 0 for startAsFollower
2019-07-30 21:54:21,660 INFO  impl.RoleInfo (RoleInfo.java:updateAndGet(143)) - 50887fa7-a02d-4c77-afe3-05cf6673ad8b: start FollowerState
2019-07-30 21:54:21,662 INFO  util.JmxRegister (JmxRegister.java:tryRegister(44)) - Successfully registered JMX Bean with object name Ratis:service=RaftServer,group=group-70CBACD7ED46,id=50887fa7-a02d-4c77-afe3-05cf6673ad8b
2019-07-30 21:54:21,678 INFO  pipeline.PipelineStateManager (PipelineStateManager.java:addPipeline(56)) - Created pipeline Pipeline[ Id: 2458cfd7-8d8f-4978-a7da-70cbacd7ed46, Nodes: 50887fa7-a02d-4c77-afe3-05cf6673ad8b{ip: 192.168.69.72, host: byscane-nightly-mnz8h-2580798830, networkLocation: /default-rack, certSerialId: null}, Type:RATIS, Factor:ONE, State:OPEN]
2019-07-30 21:54:21,699 INFO  impl.RaftServerProxy (RaftServerProxy.java:addNew(89)) - f8347db9-7784-4f20-99ad-01586558e65b: addNew group-E050F8C95D8D:[f8347db9-7784-4f20-99ad-01586558e65b:192.168.69.72:37541] returns group-E050F8C95D8D:java.util.concurrent.CompletableFuture@11e37712[Not completed]
2019-07-30 21:54:21,707 INFO  impl.RaftServerImpl (RaftServerImpl.java:<init>(93)) - f8347db9-7784-4f20-99ad-01586558e65b: new RaftServerImpl for group-E050F8C95D8D:[f8347db9-7784-4f20-99ad-01586558e65b:192.168.69.72:37541] with ContainerStateMachine:uninitialized
2019-07-30 21:54:21,708 INFO  server.RaftServerConfigKeys (ConfUtils.java:logGet(43)) - raft.server.rpc.timeout.min = 5s (custom)
2019-07-30 21:54:21,709 INFO  server.RaftServerConfigKeys (ConfUtils.java:logGet(43)) - raft.server.rpc.timeout.max = 5200ms (custom)
2019-07-30 21:54:21,709 INFO  server.RaftServerConfigKeys (ConfUtils.java:logGet(43)) - raft.server.rpcslowness.timeout = 120s (custom)
2019-07-30 21:54:21,709 INFO  server.RaftServerConfigKeys (ConfUtils.java:logGet(43)) - raft.server.sleep.deviation.threshold = 300 (default)
2019-07-30 21:54:21,709 INFO  server.RaftServerConfigKeys (ConfUtils.java:logGet(43)) - raft.server.log.appender.install.snapshot.enabled = false (custom)
2019-07-30 21:54:21,709 INFO  impl.RaftServerImpl (ServerState.java:<init>(105)) - f8347db9-7784-4f20-99ad-01586558e65b:group-E050F8C95D8D ConfigurationManager, init=-1: [f8347db9-7784-4f20-99ad-01586558e65b:192.168.69.72:37541], old=null, confs=<EMPTY_MAP>
2019-07-30 21:54:21,710 INFO  server.RaftServerConfigKeys (ConfUtils.java:logGet(43)) - raft.server.storage.dir = [/workdir/hadoop-ozone/tools/target/test-dir/MiniOzoneClusterImpl-b950161b-6247-4595-ac2c-184dfc434482/datanode-1/data/ratis] (custom)
2019-07-30 21:54:21,710 INFO  storage.RaftStorageDirectory (RaftStorageDirectory.java:analyzeStorage(246)) - The storage directory /workdir/hadoop-ozone/tools/target/test-dir/MiniOzoneClusterImpl-b950161b-6247-4595-ac2c-184dfc434482/datanode-1/data/ratis/1be18476-634e-40b4-9145-e050f8c95d8d does not exist. Creating ...
2019-07-30 21:54:21,723 INFO  storage.RaftStorageDirectory (RaftStorageDirectory.java:tryLock(328)) - Lock on /workdir/hadoop-ozone/tools/target/test-dir/MiniOzoneClusterImpl-b950161b-6247-4595-ac2c-184dfc434482/datanode-1/data/ratis/1be18476-634e-40b4-9145-e050f8c95d8d/in_use.lock acquired by nodename 22558@byscane-nightly-mnz8h-2580798830
2019-07-30 21:54:21,736 INFO  storage.RaftStorage (RaftStorage.java:format(72)) - Storage directory /workdir/hadoop-ozone/tools/target/test-dir/MiniOzoneClusterImpl-b950161b-6247-4595-ac2c-184dfc434482/datanode-1/data/ratis/1be18476-634e-40b4-9145-e050f8c95d8d has been successfully formatted.
2019-07-30 21:54:21,736 INFO  ratis.ContainerStateMachine (ContainerStateMachine.java:loadSnapshot(213)) - group-E050F8C95D8D: The snapshot info is null. Setting the last applied indexto:(t:0, i:~)
2019-07-30 21:54:21,737 INFO  server.RaftServerConfigKeys (ConfUtils.java:logGet(43)) - raft.server.leader.election.timeout = 120s (custom)
2019-07-30 21:54:21,737 INFO  server.RaftServerConfigKeys (ConfUtils.java:logGet(43)) - raft.server.log.use.memory = false (default)
2019-07-30 21:54:21,737 INFO  server.RaftServerConfigKeys (ConfUtils.java:logGet(43)) - raft.server.log.purge.gap = 1000000000 (custom)
2019-07-30 21:54:21,737 INFO  server.RaftServerConfigKeys (ConfUtils.java:logGet(43)) - raft.server.log.appender.buffer.byte-limit = 33554432 (custom)
2019-07-30 21:54:21,737 INFO  server.RaftServerConfigKeys (ConfUtils.java:logGet(43)) - raft.server.log.segment.size.max = 1048576 (custom)
2019-07-30 21:54:21,738 INFO  server.RaftServerConfigKeys (ConfUtils.java:logGet(43)) - raft.server.log.segment.cache.num.max = 2 (custom)
2019-07-30 21:54:21,738 INFO  segmented.SegmentedRaftLogWorker (SegmentedRaftLogWorker.java:<init>(172)) - new f8347db9-7784-4f20-99ad-01586558e65b-SegmentedRaftLogWorker:Storage Directory /workdir/hadoop-ozone/tools/target/test-dir/MiniOzoneClusterImpl-b950161b-6247-4595-ac2c-184dfc434482/datanode-1/data/ratis/1be18476-634e-40b4-9145-e050f8c95d8d for RaftStorage:Storage Directory /workdir/hadoop-ozone/tools/target/test-dir/MiniOzoneClusterImpl-b950161b-6247-4595-ac2c-184dfc434482/datanode-1/data/ratis/1be18476-634e-40b4-9145-e050f8c95d8d
2019-07-30 21:54:21,738 INFO  server.RaftServerConfigKeys (ConfUtils.java:logGet(43)) - raft.server.log.queue.byte-limit = 2147483647 (custom)
2019-07-30 21:54:21,738 INFO  server.RaftServerConfigKeys (ConfUtils.java:logGet(43)) - raft.server.log.queue.element-limit = 1024 (custom)
2019-07-30 21:54:21,739 INFO  server.RaftServerConfigKeys (ConfUtils.java:logGet(43)) - raft.server.log.segment.size.max = 1048576 (custom)
2019-07-30 21:54:21,739 INFO  server.RaftServerConfigKeys (ConfUtils.java:logGet(43)) - raft.server.log.preallocated.size = 16384 (custom)
2019-07-30 21:54:21,739 INFO  server.RaftServerConfigKeys (ConfUtils.java:logGet(43)) - raft.server.log.write.buffer.size = 33554432 (custom)
2019-07-30 21:54:21,739 INFO  server.RaftServerConfigKeys (ConfUtils.java:logGet(43)) - raft.server.log.force.sync.num = 128 (default)
2019-07-30 21:54:21,739 INFO  server.RaftServerConfigKeys (ConfUtils.java:logGet(43)) - raft.server.log.statemachine.data.sync = true (default)
2019-07-30 21:54:21,740 INFO  server.RaftServerConfigKeys (ConfUtils.java:logGet(43)) - raft.server.log.statemachine.data.sync.timeout = 10s (default)
2019-07-30 21:54:21,740 INFO  server.RaftServerConfigKeys (ConfUtils.java:logGet(43)) - raft.server.log.statemachine.data.sync.timeout.retry = -1 (default)
2019-07-30 21:54:21,740 INFO  server.RaftServerConfigKeys (ConfUtils.java:logGet(43)) - raft.server.log.statemachine.data.caching.enabled = true (custom)
2019-07-30 21:54:21,741 INFO  segmented.SegmentedRaftLogWorker (SegmentedRaftLogWorker.java:lambda$new$0(132)) - f8347db9-7784-4f20-99ad-01586558e65b-SegmentedRaftLogWorker:Storage Directory /workdir/hadoop-ozone/tools/target/test-dir/MiniOzoneClusterImpl-b950161b-6247-4595-ac2c-184dfc434482/datanode-1/data/ratis/1be18476-634e-40b4-9145-e050f8c95d8d: flushIndex: setUnconditionally 0 -> -1
2019-07-30 21:54:21,741 INFO  server.RaftServerConfigKeys (ConfUtils.java:logGet(43)) - raft.server.snapshot.auto.trigger.enabled = true (custom)
2019-07-30 21:54:21,741 INFO  server.RaftServerConfigKeys (ConfUtils.java:logGet(43)) - raft.server.snapshot.auto.trigger.threshold = 10000 (custom)
2019-07-30 21:54:21,742 INFO  server.RaftServerConfigKeys (ConfUtils.java:logGet(43)) - raft.server.retrycache.expirytime = 600000ms (custom)
2019-07-30 21:54:21,742 INFO  impl.RaftServerImpl (RaftServerImpl.java:start(180)) - f8347db9-7784-4f20-99ad-01586558e65b: start group-E050F8C95D8D
2019-07-30 21:54:21,742 INFO  impl.RaftServerImpl (RaftServerImpl.java:setRole(171)) - f8347db9-7784-4f20-99ad-01586558e65b:group-E050F8C95D8D changes role from null to FOLLOWER at term 0 for startAsFollower
2019-07-30 21:54:21,742 INFO  impl.RoleInfo (RoleInfo.java:updateAndGet(143)) - f8347db9-7784-4f20-99ad-01586558e65b: start FollowerState
2019-07-30 21:54:21,743 INFO  util.JmxRegister (JmxRegister.java:tryRegister(44)) - Successfully registered JMX Bean with object name Ratis:service=RaftServer,group=group-E050F8C95D8D,id=f8347db9-7784-4f20-99ad-01586558e65b
2019-07-30 21:54:21,754 INFO  pipeline.PipelineStateManager (PipelineStateManager.java:addPipeline(56)) - Created pipeline Pipeline[ Id: 1be18476-634e-40b4-9145-e050f8c95d8d, Nodes: f8347db9-7784-4f20-99ad-01586558e65b{ip: 192.168.69.72, host: byscane-nightly-mnz8h-2580798830, networkLocation: /default-rack, certSerialId: null}, Type:RATIS, Factor:ONE, State:OPEN]
2019-07-30 21:54:21,792 INFO  impl.RaftServerProxy (RaftServerProxy.java:addNew(89)) - f8347db9-7784-4f20-99ad-01586558e65b: addNew group-5307A88AF6C4:[f8347db9-7784-4f20-99ad-01586558e65b:192.168.69.72:37541, 50887fa7-a02d-4c77-afe3-05cf6673ad8b:192.168.69.72:44594, 46126ab3-6eb4-4f8e-a14c-d1a46877e24b:192.168.69.72:36331] returns group-5307A88AF6C4:java.util.concurrent.CompletableFuture@627b56e8[Not completed]
2019-07-30 21:54:21,793 INFO  impl.RaftServerProxy (RaftServerProxy.java:addNew(89)) - 50887fa7-a02d-4c77-afe3-05cf6673ad8b: addNew group-5307A88AF6C4:[f8347db9-7784-4f20-99ad-01586558e65b:192.168.69.72:37541, 50887fa7-a02d-4c77-afe3-05cf6673ad8b:192.168.69.72:44594, 46126ab3-6eb4-4f8e-a14c-d1a46877e24b:192.168.69.72:36331] returns group-5307A88AF6C4:java.util.concurrent.CompletableFuture@25657a61[Not completed]
2019-07-30 21:54:21,794 INFO  impl.RaftServerProxy (RaftServerProxy.java:addNew(89)) - 46126ab3-6eb4-4f8e-a14c-d1a46877e24b: addNew group-5307A88AF6C4:[f8347db9-7784-4f20-99ad-01586558e65b:192.168.69.72:37541, 50887fa7-a02d-4c77-afe3-05cf6673ad8b:192.168.69.72:44594, 46126ab3-6eb4-4f8e-a14c-d1a46877e24b:192.168.69.72:36331] returns group-5307A88AF6C4:java.util.concurrent.CompletableFuture@2779c4c3[Not completed]
2019-07-30 21:54:21,796 INFO  impl.RaftServerImpl (RaftServerImpl.java:<init>(93)) - f8347db9-7784-4f20-99ad-01586558e65b: new RaftServerImpl for group-5307A88AF6C4:[f8347db9-7784-4f20-99ad-01586558e65b:192.168.69.72:37541, 50887fa7-a02d-4c77-afe3-05cf6673ad8b:192.168.69.72:44594, 46126ab3-6eb4-4f8e-a14c-d1a46877e24b:192.168.69.72:36331] with ContainerStateMachine:uninitialized
2019-07-30 21:54:21,796 INFO  server.RaftServerConfigKeys (ConfUtils.java:logGet(43)) - raft.server.rpc.timeout.min = 5s (custom)
2019-07-30 21:54:21,796 INFO  server.RaftServerConfigKeys (ConfUtils.java:logGet(43)) - raft.server.rpc.timeout.max = 5200ms (custom)
2019-07-30 21:54:21,796 INFO  server.RaftServerConfigKeys (ConfUtils.java:logGet(43)) - raft.server.rpcslowness.timeout = 120s (custom)
2019-07-30 21:54:21,797 INFO  server.RaftServerConfigKeys (ConfUtils.java:logGet(43)) - raft.server.sleep.deviation.threshold = 300 (default)
2019-07-30 21:54:21,797 INFO  impl.RaftServerImpl (RaftServerImpl.java:<init>(93)) - 46126ab3-6eb4-4f8e-a14c-d1a46877e24b: new RaftServerImpl for group-5307A88AF6C4:[f8347db9-7784-4f20-99ad-01586558e65b:192.168.69.72:37541, 50887fa7-a02d-4c77-afe3-05cf6673ad8b:192.168.69.72:44594, 46126ab3-6eb4-4f8e-a14c-d1a46877e24b:192.168.69.72:36331] with ContainerStateMachine:uninitialized
2019-07-30 21:54:21,797 INFO  server.RaftServerConfigKeys (ConfUtils.java:logGet(43)) - raft.server.log.appender.install.snapshot.enabled = false (custom)
2019-07-30 21:54:21,797 INFO  server.RaftServerConfigKeys (ConfUtils.java:logGet(43)) - raft.server.rpc.timeout.min = 5s (custom)
2019-07-30 21:54:21,797 INFO  impl.RaftServerImpl (ServerState.java:<init>(105)) - f8347db9-7784-4f20-99ad-01586558e65b:group-5307A88AF6C4 ConfigurationManager, init=-1: [f8347db9-7784-4f20-99ad-01586558e65b:192.168.69.72:37541, 50887fa7-a02d-4c77-afe3-05cf6673ad8b:192.168.69.72:44594, 46126ab3-6eb4-4f8e-a14c-d1a46877e24b:192.168.69.72:36331], old=null, confs=<EMPTY_MAP>
2019-07-30 21:54:21,797 INFO  server.RaftServerConfigKeys (ConfUtils.java:logGet(43)) - raft.server.rpc.timeout.max = 5200ms (custom)
2019-07-30 21:54:21,797 INFO  impl.RaftServerImpl (RaftServerImpl.java:<init>(93)) - 50887fa7-a02d-4c77-afe3-05cf6673ad8b: new RaftServerImpl for group-5307A88AF6C4:[f8347db9-7784-4f20-99ad-01586558e65b:192.168.69.72:37541, 50887fa7-a02d-4c77-afe3-05cf6673ad8b:192.168.69.72:44594, 46126ab3-6eb4-4f8e-a14c-d1a46877e24b:192.168.69.72:36331] with ContainerStateMachine:uninitialized
2019-07-30 21:54:21,798 INFO  server.RaftServerConfigKeys (ConfUtils.java:logGet(43)) - raft.server.rpcslowness.timeout = 120s (custom)
2019-07-30 21:54:21,797 INFO  server.RaftServerConfigKeys (ConfUtils.java:logGet(43)) - raft.server.storage.dir = [/workdir/hadoop-ozone/tools/target/test-dir/MiniOzoneClusterImpl-b950161b-6247-4595-ac2c-184dfc434482/datanode-1/data/ratis] (custom)
2019-07-30 21:54:21,798 INFO  server.RaftServerConfigKeys (ConfUtils.java:logGet(43)) - raft.server.sleep.deviation.threshold = 300 (default)
2019-07-30 21:54:21,798 INFO  server.RaftServerConfigKeys (ConfUtils.java:logGet(43)) - raft.server.rpc.timeout.min = 5s (custom)
2019-07-30 21:54:21,798 INFO  server.RaftServerConfigKeys (ConfUtils.java:logGet(43)) - raft.server.log.appender.install.snapshot.enabled = false (custom)
2019-07-30 21:54:21,798 INFO  storage.RaftStorageDirectory (RaftStorageDirectory.java:analyzeStorage(246)) - The storage directory /workdir/hadoop-ozone/tools/target/test-dir/MiniOzoneClusterImpl-b950161b-6247-4595-ac2c-184dfc434482/datanode-1/data/ratis/1088eb09-40b9-4eca-9b7f-5307a88af6c4 does not exist. Creating ...
2019-07-30 21:54:21,798 INFO  server.RaftServerConfigKeys (ConfUtils.java:logGet(43)) - raft.server.rpc.timeout.max = 5200ms (custom)
2019-07-30 21:54:21,798 INFO  impl.RaftServerImpl (ServerState.java:<init>(105)) - 46126ab3-6eb4-4f8e-a14c-d1a46877e24b:group-5307A88AF6C4 ConfigurationManager, init=-1: [f8347db9-7784-4f20-99ad-01586558e65b:192.168.69.72:37541, 50887fa7-a02d-4c77-afe3-05cf6673ad8b:192.168.69.72:44594, 46126ab3-6eb4-4f8e-a14c-d1a46877e24b:192.168.69.72:36331], old=null, confs=<EMPTY_MAP>
2019-07-30 21:54:21,799 INFO  server.RaftServerConfigKeys (ConfUtils.java:logGet(43)) - raft.server.rpcslowness.timeout = 120s (custom)
2019-07-30 21:54:21,799 INFO  server.RaftServerConfigKeys (ConfUtils.java:logGet(43)) - raft.server.storage.dir = [/workdir/hadoop-ozone/tools/target/test-dir/MiniOzoneClusterImpl-b950161b-6247-4595-ac2c-184dfc434482/datanode-0/data/ratis] (custom)
2019-07-30 21:54:21,799 INFO  server.RaftServerConfigKeys (ConfUtils.java:logGet(43)) - raft.server.sleep.deviation.threshold = 300 (default)
2019-07-30 21:54:21,800 INFO  server.RaftServerConfigKeys (ConfUtils.java:logGet(43)) - raft.server.log.appender.install.snapshot.enabled = false (custom)
2019-07-30 21:54:21,800 INFO  storage.RaftStorageDirectory (RaftStorageDirectory.java:analyzeStorage(246)) - The storage directory /workdir/hadoop-ozone/tools/target/test-dir/MiniOzoneClusterImpl-b950161b-6247-4595-ac2c-184dfc434482/datanode-0/data/ratis/1088eb09-40b9-4eca-9b7f-5307a88af6c4 does not exist. Creating ...
2019-07-30 21:54:21,800 INFO  impl.RaftServerImpl (ServerState.java:<init>(105)) - 50887fa7-a02d-4c77-afe3-05cf6673ad8b:group-5307A88AF6C4 ConfigurationManager, init=-1: [f8347db9-7784-4f20-99ad-01586558e65b:192.168.69.72:37541, 50887fa7-a02d-4c77-afe3-05cf6673ad8b:192.168.69.72:44594, 46126ab3-6eb4-4f8e-a14c-d1a46877e24b:192.168.69.72:36331], old=null, confs=<EMPTY_MAP>
2019-07-30 21:54:21,800 INFO  server.RaftServerConfigKeys (ConfUtils.java:logGet(43)) - raft.server.storage.dir = [/workdir/hadoop-ozone/tools/target/test-dir/MiniOzoneClusterImpl-b950161b-6247-4595-ac2c-184dfc434482/datanode-2/data/ratis] (custom)
2019-07-30 21:54:21,801 INFO  storage.RaftStorageDirectory (RaftStorageDirectory.java:analyzeStorage(246)) - The storage directory /workdir/hadoop-ozone/tools/target/test-dir/MiniOzoneClusterImpl-b950161b-6247-4595-ac2c-184dfc434482/datanode-2/data/ratis/1088eb09-40b9-4eca-9b7f-5307a88af6c4 does not exist. Creating ...
2019-07-30 21:54:21,812 INFO  storage.RaftStorageDirectory (RaftStorageDirectory.java:tryLock(328)) - Lock on /workdir/hadoop-ozone/tools/target/test-dir/MiniOzoneClusterImpl-b950161b-6247-4595-ac2c-184dfc434482/datanode-2/data/ratis/1088eb09-40b9-4eca-9b7f-5307a88af6c4/in_use.lock acquired by nodename 22558@byscane-nightly-mnz8h-2580798830
2019-07-30 21:54:21,812 INFO  storage.RaftStorageDirectory (RaftStorageDirectory.java:tryLock(328)) - Lock on /workdir/hadoop-ozone/tools/target/test-dir/MiniOzoneClusterImpl-b950161b-6247-4595-ac2c-184dfc434482/datanode-0/data/ratis/1088eb09-40b9-4eca-9b7f-5307a88af6c4/in_use.lock acquired by nodename 22558@byscane-nightly-mnz8h-2580798830
2019-07-30 21:54:21,812 INFO  storage.RaftStorageDirectory (RaftStorageDirectory.java:tryLock(328)) - Lock on /workdir/hadoop-ozone/tools/target/test-dir/MiniOzoneClusterImpl-b950161b-6247-4595-ac2c-184dfc434482/datanode-1/data/ratis/1088eb09-40b9-4eca-9b7f-5307a88af6c4/in_use.lock acquired by nodename 22558@byscane-nightly-mnz8h-2580798830
2019-07-30 21:54:21,824 INFO  ozone.MiniOzoneClusterImpl (MiniOzoneClusterImpl.java:lambda$waitForClusterToBeReady$0(142)) - Cluster is ready. Got 3 of 3 DN Heartbeats.
2019-07-30 21:54:21,826 INFO  storage.RaftStorage (RaftStorage.java:format(72)) - Storage directory /workdir/hadoop-ozone/tools/target/test-dir/MiniOzoneClusterImpl-b950161b-6247-4595-ac2c-184dfc434482/datanode-0/data/ratis/1088eb09-40b9-4eca-9b7f-5307a88af6c4 has been successfully formatted.
2019-07-30 21:54:21,826 INFO  storage.RaftStorage (RaftStorage.java:format(72)) - Storage directory /workdir/hadoop-ozone/tools/target/test-dir/MiniOzoneClusterImpl-b950161b-6247-4595-ac2c-184dfc434482/datanode-2/data/ratis/1088eb09-40b9-4eca-9b7f-5307a88af6c4 has been successfully formatted.
2019-07-30 21:54:21,826 INFO  ratis.ContainerStateMachine (ContainerStateMachine.java:loadSnapshot(213)) - group-5307A88AF6C4: The snapshot info is null. Setting the last applied indexto:(t:0, i:~)
2019-07-30 21:54:21,826 INFO  storage.RaftStorage (RaftStorage.java:format(72)) - Storage directory /workdir/hadoop-ozone/tools/target/test-dir/MiniOzoneClusterImpl-b950161b-6247-4595-ac2c-184dfc434482/datanode-1/data/ratis/1088eb09-40b9-4eca-9b7f-5307a88af6c4 has been successfully formatted.
2019-07-30 21:54:21,826 INFO  server.RaftServerConfigKeys (ConfUtils.java:logGet(43)) - raft.server.leader.election.timeout = 120s (custom)
2019-07-30 21:54:21,826 INFO  ratis.ContainerStateMachine (ContainerStateMachine.java:loadSnapshot(213)) - group-5307A88AF6C4: The snapshot info is null. Setting the last applied indexto:(t:0, i:~)
2019-07-30 21:54:21,827 INFO  ratis.ContainerStateMachine (ContainerStateMachine.java:loadSnapshot(213)) - group-5307A88AF6C4: The snapshot info is null. Setting the last applied indexto:(t:0, i:~)
2019-07-30 21:54:21,827 INFO  server.RaftServerConfigKeys (ConfUtils.java:logGet(43)) - raft.server.log.use.memory = false (default)
2019-07-30 21:54:21,827 INFO  server.RaftServerConfigKeys (ConfUtils.java:logGet(43)) - raft.server.leader.election.timeout = 120s (custom)
2019-07-30 21:54:21,827 INFO  server.RaftServerConfigKeys (ConfUtils.java:logGet(43)) - raft.server.leader.election.timeout = 120s (custom)
2019-07-30 21:54:21,827 INFO  server.RaftServerConfigKeys (ConfUtils.java:logGet(43)) - raft.server.log.use.memory = false (default)
2019-07-30 21:54:21,827 INFO  server.RaftServerConfigKeys (ConfUtils.java:logGet(43)) - raft.server.log.purge.gap = 1000000000 (custom)
2019-07-30 21:54:21,828 INFO  server.RaftServerConfigKeys (ConfUtils.java:logGet(43)) - raft.server.log.purge.gap = 1000000000 (custom)
2019-07-30 21:54:21,827 INFO  server.RaftServerConfigKeys (ConfUtils.java:logGet(43)) - raft.server.log.use.memory = false (default)
2019-07-30 21:54:21,828 INFO  server.RaftServerConfigKeys (ConfUtils.java:logGet(43)) - raft.server.log.appender.buffer.byte-limit = 33554432 (custom)
2019-07-30 21:54:21,828 INFO  server.RaftServerConfigKeys (ConfUtils.java:logGet(43)) - raft.server.log.appender.buffer.byte-limit = 33554432 (custom)
2019-07-30 21:54:21,828 INFO  server.RaftServerConfigKeys (ConfUtils.java:logGet(43)) - raft.server.log.segment.size.max = 1048576 (custom)
2019-07-30 21:54:21,828 INFO  server.RaftServerConfigKeys (ConfUtils.java:logGet(43)) - raft.server.log.purge.gap = 1000000000 (custom)
2019-07-30 21:54:21,829 INFO  server.RaftServerConfigKeys (ConfUtils.java:logGet(43)) - raft.server.log.segment.cache.num.max = 2 (custom)
2019-07-30 21:54:21,829 INFO  server.RaftServerConfigKeys (ConfUtils.java:logGet(43)) - raft.server.log.segment.size.max = 1048576 (custom)
2019-07-30 21:54:21,829 INFO  segmented.SegmentedRaftLogWorker (SegmentedRaftLogWorker.java:<init>(172)) - new f8347db9-7784-4f20-99ad-01586558e65b-SegmentedRaftLogWorker:Storage Directory /workdir/hadoop-ozone/tools/target/test-dir/MiniOzoneClusterImpl-b950161b-6247-4595-ac2c-184dfc434482/datanode-1/data/ratis/1088eb09-40b9-4eca-9b7f-5307a88af6c4 for RaftStorage:Storage Directory /workdir/hadoop-ozone/tools/target/test-dir/MiniOzoneClusterImpl-b950161b-6247-4595-ac2c-184dfc434482/datanode-1/data/ratis/1088eb09-40b9-4eca-9b7f-5307a88af6c4
2019-07-30 21:54:21,829 INFO  server.RaftServerConfigKeys (ConfUtils.java:logGet(43)) - raft.server.log.appender.buffer.byte-limit = 33554432 (custom)
2019-07-30 21:54:21,830 INFO  server.RaftServerConfigKeys (ConfUtils.java:logGet(43)) - raft.server.log.queue.byte-limit = 2147483647 (custom)
2019-07-30 21:54:21,829 INFO  server.RaftServerConfigKeys (ConfUtils.java:logGet(43)) - raft.server.log.segment.cache.num.max = 2 (custom)
2019-07-30 21:54:21,831 INFO  server.RaftServerConfigKeys (ConfUtils.java:logGet(43)) - raft.server.log.queue.element-limit = 1024 (custom)
2019-07-30 21:54:21,830 INFO  server.RaftServerConfigKeys (ConfUtils.java:logGet(43)) - raft.server.log.segment.size.max = 1048576 (custom)
2019-07-30 21:54:21,832 INFO  server.RaftServerConfigKeys (ConfUtils.java:logGet(43)) - raft.server.log.segment.size.max = 1048576 (custom)
2019-07-30 21:54:21,831 INFO  segmented.SegmentedRaftLogWorker (SegmentedRaftLogWorker.java:<init>(172)) - new 46126ab3-6eb4-4f8e-a14c-d1a46877e24b-SegmentedRaftLogWorker:Storage Directory /workdir/hadoop-ozone/tools/target/test-dir/MiniOzoneClusterImpl-b950161b-6247-4595-ac2c-184dfc434482/datanode-0/data/ratis/1088eb09-40b9-4eca-9b7f-5307a88af6c4 for RaftStorage:Storage Directory /workdir/hadoop-ozone/tools/target/test-dir/MiniOzoneClusterImpl-b950161b-6247-4595-ac2c-184dfc434482/datanode-0/data/ratis/1088eb09-40b9-4eca-9b7f-5307a88af6c4
2019-07-30 21:54:21,832 INFO  server.RaftServerConfigKeys (ConfUtils.java:logGet(43)) - raft.server.log.preallocated.size = 16384 (custom)
2019-07-30 21:54:21,832 INFO  server.RaftServerConfigKeys (ConfUtils.java:logGet(43)) - raft.server.log.segment.cache.num.max = 2 (custom)
2019-07-30 21:54:21,833 INFO  server.RaftServerConfigKeys (ConfUtils.java:logGet(43)) - raft.server.log.write.buffer.size = 33554432 (custom)
2019-07-30 21:54:21,832 INFO  server.RaftServerConfigKeys (ConfUtils.java:logGet(43)) - raft.server.log.queue.byte-limit = 2147483647 (custom)
2019-07-30 21:54:21,834 INFO  server.RaftServerConfigKeys (ConfUtils.java:logGet(43)) - raft.server.log.force.sync.num = 128 (default)
2019-07-30 21:54:21,834 INFO  segmented.SegmentedRaftLogWorker (SegmentedRaftLogWorker.java:<init>(172)) - new 50887fa7-a02d-4c77-afe3-05cf6673ad8b-SegmentedRaftLogWorker:Storage Directory /workdir/hadoop-ozone/tools/target/test-dir/MiniOzoneClusterImpl-b950161b-6247-4595-ac2c-184dfc434482/datanode-2/data/ratis/1088eb09-40b9-4eca-9b7f-5307a88af6c4 for RaftStorage:Storage Directory /workdir/hadoop-ozone/tools/target/test-dir/MiniOzoneClusterImpl-b950161b-6247-4595-ac2c-184dfc434482/datanode-2/data/ratis/1088eb09-40b9-4eca-9b7f-5307a88af6c4
2019-07-30 21:54:21,834 INFO  server.RaftServerConfigKeys (ConfUtils.java:logGet(43)) - raft.server.log.statemachine.data.sync = true (default)
2019-07-30 21:54:21,834 INFO  server.RaftServerConfigKeys (ConfUtils.java:logGet(43)) - raft.server.log.queue.element-limit = 1024 (custom)
2019-07-30 21:54:21,836 INFO  server.RaftServerConfigKeys (ConfUtils.java:logGet(43)) - raft.server.log.statemachine.data.sync.timeout = 10s (default)
2019-07-30 21:54:21,834 INFO  server.RaftServerConfigKeys (ConfUtils.java:logGet(43)) - raft.server.log.queue.byte-limit = 2147483647 (custom)
2019-07-30 21:54:21,836 INFO  server.RaftServerConfigKeys (ConfUtils.java:logGet(43)) - raft.server.log.statemachine.data.sync.timeout.retry = -1 (default)
2019-07-30 21:54:21,836 INFO  server.RaftServerConfigKeys (ConfUtils.java:logGet(43)) - raft.server.log.segment.size.max = 1048576 (custom)
2019-07-30 21:54:21,836 INFO  server.RaftServerConfigKeys (ConfUtils.java:logGet(43)) - raft.server.log.statemachine.data.caching.enabled = true (custom)
2019-07-30 21:54:21,836 INFO  server.RaftServerConfigKeys (ConfUtils.java:logGet(43)) - raft.server.log.queue.element-limit = 1024 (custom)
2019-07-30 21:54:21,837 INFO  server.RaftServerConfigKeys (ConfUtils.java:logGet(43)) - raft.server.log.preallocated.size = 16384 (custom)
2019-07-30 21:54:21,837 INFO  segmented.SegmentedRaftLogWorker (SegmentedRaftLogWorker.java:lambda$new$0(132)) - f8347db9-7784-4f20-99ad-01586558e65b-SegmentedRaftLogWorker:Storage Directory /workdir/hadoop-ozone/tools/target/test-dir/MiniOzoneClusterImpl-b950161b-6247-4595-ac2c-184dfc434482/datanode-1/data/ratis/1088eb09-40b9-4eca-9b7f-5307a88af6c4: flushIndex: setUnconditionally 0 -> -1
2019-07-30 21:54:21,837 INFO  server.RaftServerConfigKeys (ConfUtils.java:logGet(43)) - raft.server.log.segment.size.max = 1048576 (custom)
2019-07-30 21:54:21,837 INFO  server.RaftServerConfigKeys (ConfUtils.java:logGet(43)) - raft.server.log.write.buffer.size = 33554432 (custom)
2019-07-30 21:54:21,837 INFO  server.RaftServerConfigKeys (ConfUtils.java:logGet(43)) - raft.server.snapshot.auto.trigger.enabled = true (custom)
2019-07-30 21:54:21,837 INFO  server.RaftServerConfigKeys (ConfUtils.java:logGet(43)) - raft.server.log.preallocated.size = 16384 (custom)
2019-07-30 21:54:21,838 INFO  server.RaftServerConfigKeys (ConfUtils.java:logGet(43)) - raft.server.snapshot.auto.trigger.threshold = 10000 (custom)
2019-07-30 21:54:21,837 INFO  server.RaftServerConfigKeys (ConfUtils.java:logGet(43)) - raft.server.log.force.sync.num = 128 (default)
2019-07-30 21:54:21,838 INFO  server.RaftServerConfigKeys (ConfUtils.java:logGet(43)) - raft.server.retrycache.expirytime = 600000ms (custom)
2019-07-30 21:54:21,838 INFO  server.RaftServerConfigKeys (ConfUtils.java:logGet(43)) - raft.server.log.write.buffer.size = 33554432 (custom)
2019-07-30 21:54:21,838 INFO  impl.RaftServerImpl (RaftServerImpl.java:start(180)) - f8347db9-7784-4f20-99ad-01586558e65b: start group-5307A88AF6C4
2019-07-30 21:54:21,838 INFO  server.RaftServerConfigKeys (ConfUtils.java:logGet(43)) - raft.server.log.statemachine.data.sync = true (default)
2019-07-30 21:54:21,839 INFO  impl.RaftServerImpl (RaftServerImpl.java:setRole(171)) - f8347db9-7784-4f20-99ad-01586558e65b:group-5307A88AF6C4 changes role from null to FOLLOWER at term 0 for startAsFollower
2019-07-30 21:54:21,838 INFO  server.RaftServerConfigKeys (ConfUtils.java:logGet(43)) - raft.server.log.force.sync.num = 128 (default)
2019-07-30 21:54:21,839 INFO  impl.RoleInfo (RoleInfo.java:updateAndGet(143)) - f8347db9-7784-4f20-99ad-01586558e65b: start FollowerState
2019-07-30 21:54:21,839 INFO  server.RaftServerConfigKeys (ConfUtils.java:logGet(43)) - raft.server.log.statemachine.data.sync.timeout = 10s (default)
2019-07-30 21:54:21,839 INFO  server.RaftServerConfigKeys (ConfUtils.java:logGet(43)) - raft.server.log.statemachine.data.sync = true (default)
2019-07-30 21:54:21,840 INFO  util.JmxRegister (JmxRegister.java:tryRegister(44)) - Successfully registered JMX Bean with object name Ratis:service=RaftServer,group=group-5307A88AF6C4,id=f8347db9-7784-4f20-99ad-01586558e65b
2019-07-30 21:54:21,840 INFO  server.RaftServerConfigKeys (ConfUtils.java:logGet(43)) - raft.server.log.statemachine.data.sync.timeout = 10s (default)
2019-07-30 21:54:21,839 INFO  server.RaftServerConfigKeys (ConfUtils.java:logGet(43)) - raft.server.log.statemachine.data.sync.timeout.retry = -1 (default)
2019-07-30 21:54:21,840 INFO  server.RaftServerConfigKeys (ConfUtils.java:logGet(43)) - raft.server.log.statemachine.data.sync.timeout.retry = -1 (default)
2019-07-30 21:54:21,840 INFO  server.RaftServerConfigKeys (ConfUtils.java:logGet(43)) - raft.server.log.statemachine.data.caching.enabled = true (custom)
2019-07-30 21:54:21,840 INFO  server.RaftServerConfigKeys (ConfUtils.java:logGet(43)) - raft.server.log.statemachine.data.caching.enabled = true (custom)
2019-07-30 21:54:21,841 INFO  segmented.SegmentedRaftLogWorker (SegmentedRaftLogWorker.java:lambda$new$0(132)) - 46126ab3-6eb4-4f8e-a14c-d1a46877e24b-SegmentedRaftLogWorker:Storage Directory /workdir/hadoop-ozone/tools/target/test-dir/MiniOzoneClusterImpl-b950161b-6247-4595-ac2c-184dfc434482/datanode-0/data/ratis/1088eb09-40b9-4eca-9b7f-5307a88af6c4: flushIndex: setUnconditionally 0 -> -1
2019-07-30 21:54:21,841 INFO  segmented.SegmentedRaftLogWorker (SegmentedRaftLogWorker.java:lambda$new$0(132)) - 50887fa7-a02d-4c77-afe3-05cf6673ad8b-SegmentedRaftLogWorker:Storage Directory /workdir/hadoop-ozone/tools/target/test-dir/MiniOzoneClusterImpl-b950161b-6247-4595-ac2c-184dfc434482/datanode-2/data/ratis/1088eb09-40b9-4eca-9b7f-5307a88af6c4: flushIndex: setUnconditionally 0 -> -1
2019-07-30 21:54:21,842 INFO  server.RaftServerConfigKeys (ConfUtils.java:logGet(43)) - raft.server.snapshot.auto.trigger.enabled = true (custom)
2019-07-30 21:54:21,842 INFO  server.RaftServerConfigKeys (ConfUtils.java:logGet(43)) - raft.server.snapshot.auto.trigger.enabled = true (custom)
2019-07-30 21:54:21,844 INFO  server.RaftServerConfigKeys (ConfUtils.java:logGet(43)) - raft.server.snapshot.auto.trigger.threshold = 10000 (custom)
2019-07-30 21:54:21,844 INFO  server.RaftServerConfigKeys (ConfUtils.java:logGet(43)) - raft.server.snapshot.auto.trigger.threshold = 10000 (custom)
2019-07-30 21:54:21,844 INFO  server.RaftServerConfigKeys (ConfUtils.java:logGet(43)) - raft.server.retrycache.expirytime = 600000ms (custom)
2019-07-30 21:54:21,844 INFO  server.RaftServerConfigKeys (ConfUtils.java:logGet(43)) - raft.server.retrycache.expirytime = 600000ms (custom)
2019-07-30 21:54:21,844 INFO  impl.RaftServerImpl (RaftServerImpl.java:start(180)) - 46126ab3-6eb4-4f8e-a14c-d1a46877e24b: start group-5307A88AF6C4
2019-07-30 21:54:21,844 INFO  impl.RaftServerImpl (RaftServerImpl.java:start(180)) - 50887fa7-a02d-4c77-afe3-05cf6673ad8b: start group-5307A88AF6C4
2019-07-30 21:54:21,845 INFO  impl.RaftServerImpl (RaftServerImpl.java:setRole(171)) - 46126ab3-6eb4-4f8e-a14c-d1a46877e24b:group-5307A88AF6C4 changes role from null to FOLLOWER at term 0 for startAsFollower
2019-07-30 21:54:21,845 INFO  impl.RaftServerImpl (RaftServerImpl.java:setRole(171)) - 50887fa7-a02d-4c77-afe3-05cf6673ad8b:group-5307A88AF6C4 changes role from null to FOLLOWER at term 0 for startAsFollower
2019-07-30 21:54:21,845 INFO  impl.RoleInfo (RoleInfo.java:updateAndGet(143)) - 46126ab3-6eb4-4f8e-a14c-d1a46877e24b: start FollowerState
2019-07-30 21:54:21,846 INFO  impl.RoleInfo (RoleInfo.java:updateAndGet(143)) - 50887fa7-a02d-4c77-afe3-05cf6673ad8b: start FollowerState
2019-07-30 21:54:21,848 INFO  util.JmxRegister (JmxRegister.java:tryRegister(44)) - Successfully registered JMX Bean with object name Ratis:service=RaftServer,group=group-5307A88AF6C4,id=50887fa7-a02d-4c77-afe3-05cf6673ad8b
2019-07-30 21:54:21,848 INFO  util.JmxRegister (JmxRegister.java:tryRegister(44)) - Successfully registered JMX Bean with object name Ratis:service=RaftServer,group=group-5307A88AF6C4,id=46126ab3-6eb4-4f8e-a14c-d1a46877e24b
2019-07-30 21:54:21,868 INFO  pipeline.PipelineStateManager (PipelineStateManager.java:addPipeline(56)) - Created pipeline Pipeline[ Id: 1088eb09-40b9-4eca-9b7f-5307a88af6c4, Nodes: 50887fa7-a02d-4c77-afe3-05cf6673ad8b{ip: 192.168.69.72, host: byscane-nightly-mnz8h-2580798830, networkLocation: /default-rack, certSerialId: null}46126ab3-6eb4-4f8e-a14c-d1a46877e24b{ip: 192.168.69.72, host: byscane-nightly-mnz8h-2580798830, networkLocation: /default-rack, certSerialId: null}f8347db9-7784-4f20-99ad-01586558e65b{ip: 192.168.69.72, host: byscane-nightly-mnz8h-2580798830, networkLocation: /default-rack, certSerialId: null}, Type:RATIS, Factor:THREE, State:OPEN]
2019-07-30 21:54:22,247 INFO  freon.RandomKeyGenerator (RandomKeyGenerator.java:call(278)) - Number of Threads: 10
2019-07-30 21:54:22,249 INFO  freon.RandomKeyGenerator (RandomKeyGenerator.java:call(283)) - Number of Volumes: 1.
2019-07-30 21:54:22,249 INFO  freon.RandomKeyGenerator (RandomKeyGenerator.java:call(284)) - Number of Buckets per Volume: 1.
2019-07-30 21:54:22,249 INFO  freon.RandomKeyGenerator (RandomKeyGenerator.java:call(285)) - Number of Keys per Bucket: 1.
2019-07-30 21:54:22,249 INFO  freon.RandomKeyGenerator (RandomKeyGenerator.java:call(286)) - Key size: 20971520 bytes
2019-07-30 21:54:22,249 INFO  freon.RandomKeyGenerator (RandomKeyGenerator.java:call(287)) - Buffer size: 4096 bytes
2019-07-30 21:54:22,253 INFO  freon.RandomKeyGenerator (RandomKeyGenerator.java:call(301)) - Data validation is enabled.
2019-07-30 21:54:22,255 INFO  freon.RandomKeyGenerator (RandomKeyGenerator.java:call(307)) - Starting progress bar Thread.

 0.00% |█                                                                                                    |  0/1 Time: 0:00:002019-07-30 21:54:22,282 INFO  rpc.RpcClient (RpcClient.java:createVolume(288)) - Creating Volume: vol-0-41452, with jenkins1000 as owner.
2019-07-30 21:54:22,336 INFO  rpc.RpcClient (RpcClient.java:createBucket(425)) - Creating Bucket: vol-0-41452/bucket-0-70921, with Versioning false and Storage Type set to DISK and Encryption set to false 
2019-07-30 21:54:22,528 INFO  impl.MetricsSystemImpl (MetricsSystemImpl.java:init(158)) - XceiverClientMetrics metrics system started (again)
2019-07-30 21:54:22,676 INFO  client.GrpcClientProtocolClient (GrpcClientProtocolClient.java:onNext(255)) - client-A25604517962->50887fa7-a02d-4c77-afe3-05cf6673ad8b: receive RaftClientReply:client-A25604517962->50887fa7-a02d-4c77-afe3-05cf6673ad8b@group-5307A88AF6C4, cid=6, FAILED org.apache.ratis.protocol.NotLeaderException: Server 50887fa7-a02d-4c77-afe3-05cf6673ad8b is not the leader (null). Request must be sent to leader., logIndex=0, commits[50887fa7-a02d-4c77-afe3-05cf6673ad8b:c-1]
 0.00% |█                                                                                                    |  0/1 Time: 0:00:012019-07-30 21:54:23,406 INFO  container.ReplicationManager (ReplicationManager.java:start(155)) - Starting Replication Monitor Thread.
2019-07-30 21:54:23,409 INFO  container.ReplicationManager (ReplicationManager.java:run(207)) - Replication Monitor Thread took 1 milliseconds for processing 3 containers.
2019-07-30 21:54:23,726 INFO  client.GrpcClientProtocolClient (GrpcClientProtocolClient.java:onNext(255)) - client-A25604517962->46126ab3-6eb4-4f8e-a14c-d1a46877e24b: receive RaftClientReply:client-A25604517962->46126ab3-6eb4-4f8e-a14c-d1a46877e24b@group-5307A88AF6C4, cid=6, FAILED org.apache.ratis.protocol.NotLeaderException: Server 46126ab3-6eb4-4f8e-a14c-d1a46877e24b is not the leader (null). Request must be sent to leader., logIndex=0, commits[46126ab3-6eb4-4f8e-a14c-d1a46877e24b:c-1]
 0.00% |█                                                                                                    |  0/1 Time: 0:00:022019-07-30 21:54:24,767 INFO  client.GrpcClientProtocolClient (GrpcClientProtocolClient.java:onNext(255)) - client-A25604517962->50887fa7-a02d-4c77-afe3-05cf6673ad8b: receive RaftClientReply:client-A25604517962->50887fa7-a02d-4c77-afe3-05cf6673ad8b@group-5307A88AF6C4, cid=6, FAILED org.apache.ratis.protocol.NotLeaderException: Server 50887fa7-a02d-4c77-afe3-05cf6673ad8b is not the leader (null). Request must be sent to leader., logIndex=0, commits[50887fa7-a02d-4c77-afe3-05cf6673ad8b:c-1]
 0.00% |█                                                                                                    |  0/1 Time: 0:00:032019-07-30 21:54:25,804 INFO  client.GrpcClientProtocolClient (GrpcClientProtocolClient.java:onNext(255)) - client-A25604517962->46126ab3-6eb4-4f8e-a14c-d1a46877e24b: receive RaftClientReply:client-A25604517962->46126ab3-6eb4-4f8e-a14c-d1a46877e24b@group-5307A88AF6C4, cid=6, FAILED org.apache.ratis.protocol.NotLeaderException: Server 46126ab3-6eb4-4f8e-a14c-d1a46877e24b is not the leader (null). Request must be sent to leader., logIndex=0, commits[46126ab3-6eb4-4f8e-a14c-d1a46877e24b:c-1]
 0.00% |█                                                                                                    |  0/1 Time: 0:00:042019-07-30 21:54:26,632 INFO  impl.FollowerState (FollowerState.java:run(106)) - 46126ab3-6eb4-4f8e-a14c-d1a46877e24b:group-4B5B58A79AC3 changes to CANDIDATE, lastRpcTime:5159, electionTimeout:5158ms
2019-07-30 21:54:26,633 INFO  impl.RoleInfo (RoleInfo.java:shutdownFollowerState(121)) - 46126ab3-6eb4-4f8e-a14c-d1a46877e24b: shutdown FollowerState
2019-07-30 21:54:26,633 INFO  impl.RaftServerImpl (RaftServerImpl.java:setRole(171)) - 46126ab3-6eb4-4f8e-a14c-d1a46877e24b:group-4B5B58A79AC3 changes role from FOLLOWER to CANDIDATE at term 0 for changeToCandidate
2019-07-30 21:54:26,639 INFO  impl.RoleInfo (RoleInfo.java:updateAndGet(143)) - 46126ab3-6eb4-4f8e-a14c-d1a46877e24b: start LeaderElection
2019-07-30 21:54:26,658 INFO  impl.LeaderElection (LeaderElection.java:askForVotes(181)) - 46126ab3-6eb4-4f8e-a14c-d1a46877e24b:group-4B5B58A79AC3:LeaderElection1: begin an election at term 1 for -1: [46126ab3-6eb4-4f8e-a14c-d1a46877e24b:192.168.69.72:36331], old=null
2019-07-30 21:54:26,660 INFO  impl.RoleInfo (RoleInfo.java:shutdownLeaderElection(134)) - 46126ab3-6eb4-4f8e-a14c-d1a46877e24b: shutdown LeaderElection
2019-07-30 21:54:26,661 INFO  impl.RaftServerImpl (RaftServerImpl.java:setRole(171)) - 46126ab3-6eb4-4f8e-a14c-d1a46877e24b:group-4B5B58A79AC3 changes role from CANDIDATE to LEADER at term 1 for changeToLeader
2019-07-30 21:54:26,661 INFO  impl.RaftServerImpl (ServerState.java:setLeader(263)) - 46126ab3-6eb4-4f8e-a14c-d1a46877e24b:group-4B5B58A79AC3 change Leader from null to 46126ab3-6eb4-4f8e-a14c-d1a46877e24b at term 1 for becomeLeader, leader elected after 5597ms
2019-07-30 21:54:26,669 INFO  server.RaftServerConfigKeys (ConfUtils.java:logGet(43)) - raft.server.staging.catchup.gap = 1000 (default)
2019-07-30 21:54:26,669 INFO  server.RaftServerConfigKeys (ConfUtils.java:logGet(43)) - raft.server.rpc.sleep.time = 25ms (default)
2019-07-30 21:54:26,672 INFO  server.RaftServerConfigKeys (ConfUtils.java:logGet(43)) - raft.server.write.element-limit = 4096 (default)
2019-07-30 21:54:26,676 INFO  server.RaftServerConfigKeys (ConfUtils.java:logGet(43)) - raft.server.watch.timeout = 10s (default)
2019-07-30 21:54:26,676 INFO  server.RaftServerConfigKeys (ConfUtils.java:logGet(43)) - raft.server.watch.timeout.denomination = 1s (default)
2019-07-30 21:54:26,677 INFO  server.RaftServerConfigKeys (ConfUtils.java:logGet(43)) - raft.server.watch.element-limit = 65536 (default)
2019-07-30 21:54:26,688 INFO  impl.RoleInfo (RoleInfo.java:updateAndGet(143)) - 46126ab3-6eb4-4f8e-a14c-d1a46877e24b: start LeaderState
2019-07-30 21:54:26,712 INFO  segmented.SegmentedRaftLogWorker (SegmentedRaftLogWorker.java:startLogSegment(380)) - 46126ab3-6eb4-4f8e-a14c-d1a46877e24b-SegmentedRaftLogWorker:Storage Directory /workdir/hadoop-ozone/tools/target/test-dir/MiniOzoneClusterImpl-b950161b-6247-4595-ac2c-184dfc434482/datanode-0/data/ratis/6afe7690-7999-4df2-9730-4b5b58a79ac3: Starting segment from index:0
2019-07-30 21:54:26,720 INFO  impl.RaftServerImpl (ServerState.java:setRaftConf(361)) - 46126ab3-6eb4-4f8e-a14c-d1a46877e24b:group-4B5B58A79AC3 set configuration 0: [46126ab3-6eb4-4f8e-a14c-d1a46877e24b:192.168.69.72:36331], old=null at 0
2019-07-30 21:54:26,823 INFO  impl.FollowerState (FollowerState.java:run(106)) - 50887fa7-a02d-4c77-afe3-05cf6673ad8b:group-70CBACD7ED46 changes to CANDIDATE, lastRpcTime:5162, electionTimeout:5161ms
2019-07-30 21:54:26,824 INFO  impl.RoleInfo (RoleInfo.java:shutdownFollowerState(121)) - 50887fa7-a02d-4c77-afe3-05cf6673ad8b: shutdown FollowerState
2019-07-30 21:54:26,824 INFO  impl.RaftServerImpl (RaftServerImpl.java:setRole(171)) - 50887fa7-a02d-4c77-afe3-05cf6673ad8b:group-70CBACD7ED46 changes role from FOLLOWER to CANDIDATE at term 0 for changeToCandidate
2019-07-30 21:54:26,825 INFO  impl.RoleInfo (RoleInfo.java:updateAndGet(143)) - 50887fa7-a02d-4c77-afe3-05cf6673ad8b: start LeaderElection
2019-07-30 21:54:26,842 INFO  impl.LeaderElection (LeaderElection.java:askForVotes(181)) - 50887fa7-a02d-4c77-afe3-05cf6673ad8b:group-70CBACD7ED46:LeaderElection2: begin an election at term 1 for -1: [50887fa7-a02d-4c77-afe3-05cf6673ad8b:192.168.69.72:44594], old=null
2019-07-30 21:54:26,843 INFO  impl.RoleInfo (RoleInfo.java:shutdownLeaderElection(134)) - 50887fa7-a02d-4c77-afe3-05cf6673ad8b: shutdown LeaderElection
2019-07-30 21:54:26,844 INFO  impl.RaftServerImpl (RaftServerImpl.java:setRole(171)) - 50887fa7-a02d-4c77-afe3-05cf6673ad8b:group-70CBACD7ED46 changes role from CANDIDATE to LEADER at term 1 for changeToLeader
2019-07-30 21:54:26,844 INFO  client.GrpcClientProtocolClient (GrpcClientProtocolClient.java:onNext(255)) - client-A25604517962->f8347db9-7784-4f20-99ad-01586558e65b: receive RaftClientReply:client-A25604517962->f8347db9-7784-4f20-99ad-01586558e65b@group-5307A88AF6C4, cid=6, FAILED org.apache.ratis.protocol.NotLeaderException: Server f8347db9-7784-4f20-99ad-01586558e65b is not the leader (null). Request must be sent to leader., logIndex=0, commits[f8347db9-7784-4f20-99ad-01586558e65b:c-1]
2019-07-30 21:54:26,844 INFO  impl.RaftServerImpl (ServerState.java:setLeader(263)) - 50887fa7-a02d-4c77-afe3-05cf6673ad8b:group-70CBACD7ED46 change Leader from null to 50887fa7-a02d-4c77-afe3-05cf6673ad8b at term 1 for becomeLeader, leader elected after 5190ms
2019-07-30 21:54:26,848 INFO  server.RaftServerConfigKeys (ConfUtils.java:logGet(43)) - raft.server.staging.catchup.gap = 1000 (default)
2019-07-30 21:54:26,849 INFO  impl.FollowerState (FollowerState.java:run(106)) - f8347db9-7784-4f20-99ad-01586558e65b:group-E050F8C95D8D changes to CANDIDATE, lastRpcTime:5106, electionTimeout:5106ms
2019-07-30 21:54:26,849 INFO  server.RaftServerConfigKeys (ConfUtils.java:logGet(43)) - raft.server.rpc.sleep.time = 25ms (default)
2019-07-30 21:54:26,849 INFO  impl.RoleInfo (RoleInfo.java:shutdownFollowerState(121)) - f8347db9-7784-4f20-99ad-01586558e65b: shutdown FollowerState
2019-07-30 21:54:26,849 INFO  server.RaftServerConfigKeys (ConfUtils.java:logGet(43)) - raft.server.write.element-limit = 4096 (default)
2019-07-30 21:54:26,850 INFO  impl.RaftServerImpl (RaftServerImpl.java:setRole(171)) - f8347db9-7784-4f20-99ad-01586558e65b:group-E050F8C95D8D changes role from FOLLOWER to CANDIDATE at term 0 for changeToCandidate
2019-07-30 21:54:26,851 INFO  server.RaftServerConfigKeys (ConfUtils.java:logGet(43)) - raft.server.watch.timeout = 10s (default)
2019-07-30 21:54:26,851 INFO  impl.RoleInfo (RoleInfo.java:updateAndGet(143)) - f8347db9-7784-4f20-99ad-01586558e65b: start LeaderElection
2019-07-30 21:54:26,851 INFO  server.RaftServerConfigKeys (ConfUtils.java:logGet(43)) - raft.server.watch.timeout.denomination = 1s (default)
2019-07-30 21:54:26,852 INFO  server.RaftServerConfigKeys (ConfUtils.java:logGet(43)) - raft.server.watch.element-limit = 65536 (default)
2019-07-30 21:54:26,856 INFO  impl.RoleInfo (RoleInfo.java:updateAndGet(143)) - 50887fa7-a02d-4c77-afe3-05cf6673ad8b: start LeaderState
2019-07-30 21:54:26,856 INFO  segmented.SegmentedRaftLogWorker (SegmentedRaftLogWorker.java:startLogSegment(380)) - 50887fa7-a02d-4c77-afe3-05cf6673ad8b-SegmentedRaftLogWorker:Storage Directory /workdir/hadoop-ozone/tools/target/test-dir/MiniOzoneClusterImpl-b950161b-6247-4595-ac2c-184dfc434482/datanode-2/data/ratis/2458cfd7-8d8f-4978-a7da-70cbacd7ed46: Starting segment from index:0
2019-07-30 21:54:26,857 INFO  impl.RaftServerImpl (ServerState.java:setRaftConf(361)) - 50887fa7-a02d-4c77-afe3-05cf6673ad8b:group-70CBACD7ED46 set configuration 0: [50887fa7-a02d-4c77-afe3-05cf6673ad8b:192.168.69.72:44594], old=null at 0
2019-07-30 21:54:26,869 INFO  impl.LeaderElection (LeaderElection.java:askForVotes(181)) - f8347db9-7784-4f20-99ad-01586558e65b:group-E050F8C95D8D:LeaderElection3: begin an election at term 1 for -1: [f8347db9-7784-4f20-99ad-01586558e65b:192.168.69.72:37541], old=null
2019-07-30 21:54:26,869 INFO  impl.RoleInfo (RoleInfo.java:shutdownLeaderElection(134)) - f8347db9-7784-4f20-99ad-01586558e65b: shutdown LeaderElection
2019-07-30 21:54:26,869 INFO  impl.RaftServerImpl (RaftServerImpl.java:setRole(171)) - f8347db9-7784-4f20-99ad-01586558e65b:group-E050F8C95D8D changes role from CANDIDATE to LEADER at term 1 for changeToLeader
2019-07-30 21:54:26,870 INFO  impl.RaftServerImpl (ServerState.java:setLeader(263)) - f8347db9-7784-4f20-99ad-01586558e65b:group-E050F8C95D8D change Leader from null to f8347db9-7784-4f20-99ad-01586558e65b at term 1 for becomeLeader, leader elected after 5133ms
2019-07-30 21:54:26,870 INFO  server.RaftServerConfigKeys (ConfUtils.java:logGet(43)) - raft.server.staging.catchup.gap = 1000 (default)
2019-07-30 21:54:26,870 INFO  server.RaftServerConfigKeys (ConfUtils.java:logGet(43)) - raft.server.rpc.sleep.time = 25ms (default)
2019-07-30 21:54:26,870 INFO  server.RaftServerConfigKeys (ConfUtils.java:logGet(43)) - raft.server.write.element-limit = 4096 (default)
2019-07-30 21:54:26,870 INFO  server.RaftServerConfigKeys (ConfUtils.java:logGet(43)) - raft.server.watch.timeout = 10s (default)
2019-07-30 21:54:26,871 INFO  server.RaftServerConfigKeys (ConfUtils.java:logGet(43)) - raft.server.watch.timeout.denomination = 1s (default)
2019-07-30 21:54:26,871 INFO  server.RaftServerConfigKeys (ConfUtils.java:logGet(43)) - raft.server.watch.element-limit = 65536 (default)
2019-07-30 21:54:26,871 INFO  impl.RoleInfo (RoleInfo.java:updateAndGet(143)) - f8347db9-7784-4f20-99ad-01586558e65b: start LeaderState
2019-07-30 21:54:26,871 INFO  segmented.SegmentedRaftLogWorker (SegmentedRaftLogWorker.java:startLogSegment(380)) - f8347db9-7784-4f20-99ad-01586558e65b-SegmentedRaftLogWorker:Storage Directory /workdir/hadoop-ozone/tools/target/test-dir/MiniOzoneClusterImpl-b950161b-6247-4595-ac2c-184dfc434482/datanode-1/data/ratis/1be18476-634e-40b4-9145-e050f8c95d8d: Starting segment from index:0
2019-07-30 21:54:26,872 INFO  impl.RaftServerImpl (ServerState.java:setRaftConf(361)) - f8347db9-7784-4f20-99ad-01586558e65b:group-E050F8C95D8D set configuration 0: [f8347db9-7784-4f20-99ad-01586558e65b:192.168.69.72:37541], old=null at 0
2019-07-30 21:54:26,932 INFO  segmented.SegmentedRaftLogWorker (SegmentedRaftLogWorker.java:execute(569)) - 50887fa7-a02d-4c77-afe3-05cf6673ad8b-SegmentedRaftLogWorker:Storage Directory /workdir/hadoop-ozone/tools/target/test-dir/MiniOzoneClusterImpl-b950161b-6247-4595-ac2c-184dfc434482/datanode-2/data/ratis/2458cfd7-8d8f-4978-a7da-70cbacd7ed46: created new log segment /workdir/hadoop-ozone/tools/target/test-dir/MiniOzoneClusterImpl-b950161b-6247-4595-ac2c-184dfc434482/datanode-2/data/ratis/2458cfd7-8d8f-4978-a7da-70cbacd7ed46/current/log_inprogress_0
2019-07-30 21:54:26,932 INFO  segmented.SegmentedRaftLogWorker (SegmentedRaftLogWorker.java:execute(569)) - 46126ab3-6eb4-4f8e-a14c-d1a46877e24b-SegmentedRaftLogWorker:Storage Directory /workdir/hadoop-ozone/tools/target/test-dir/MiniOzoneClusterImpl-b950161b-6247-4595-ac2c-184dfc434482/datanode-0/data/ratis/6afe7690-7999-4df2-9730-4b5b58a79ac3: created new log segment /workdir/hadoop-ozone/tools/target/test-dir/MiniOzoneClusterImpl-b950161b-6247-4595-ac2c-184dfc434482/datanode-0/data/ratis/6afe7690-7999-4df2-9730-4b5b58a79ac3/current/log_inprogress_0
2019-07-30 21:54:26,932 INFO  segmented.SegmentedRaftLogWorker (SegmentedRaftLogWorker.java:execute(569)) - f8347db9-7784-4f20-99ad-01586558e65b-SegmentedRaftLogWorker:Storage Directory /workdir/hadoop-ozone/tools/target/test-dir/MiniOzoneClusterImpl-b950161b-6247-4595-ac2c-184dfc434482/datanode-1/data/ratis/1be18476-634e-40b4-9145-e050f8c95d8d: created new log segment /workdir/hadoop-ozone/tools/target/test-dir/MiniOzoneClusterImpl-b950161b-6247-4595-ac2c-184dfc434482/datanode-1/data/ratis/1be18476-634e-40b4-9145-e050f8c95d8d/current/log_inprogress_0
2019-07-30 21:54:26,944 INFO  impl.FollowerState (FollowerState.java:run(106)) - f8347db9-7784-4f20-99ad-01586558e65b:group-5307A88AF6C4 changes to CANDIDATE, lastRpcTime:5104, electionTimeout:5104ms
2019-07-30 21:54:26,945 INFO  impl.FollowerState (FollowerState.java:run(106)) - 50887fa7-a02d-4c77-afe3-05cf6673ad8b:group-5307A88AF6C4 changes to CANDIDATE, lastRpcTime:5098, electionTimeout:5096ms
2019-07-30 21:54:26,945 INFO  impl.RoleInfo (RoleInfo.java:shutdownFollowerState(121)) - f8347db9-7784-4f20-99ad-01586558e65b: shutdown FollowerState
2019-07-30 21:54:26,946 INFO  impl.RoleInfo (RoleInfo.java:shutdownFollowerState(121)) - 50887fa7-a02d-4c77-afe3-05cf6673ad8b: shutdown FollowerState
2019-07-30 21:54:26,946 INFO  impl.RaftServerImpl (RaftServerImpl.java:setRole(171)) - f8347db9-7784-4f20-99ad-01586558e65b:group-5307A88AF6C4 changes role from FOLLOWER to CANDIDATE at term 0 for changeToCandidate
2019-07-30 21:54:26,946 INFO  impl.RaftServerImpl (RaftServerImpl.java:setRole(171)) - 50887fa7-a02d-4c77-afe3-05cf6673ad8b:group-5307A88AF6C4 changes role from FOLLOWER to CANDIDATE at term 0 for changeToCandidate
2019-07-30 21:54:26,947 INFO  impl.RoleInfo (RoleInfo.java:updateAndGet(143)) - f8347db9-7784-4f20-99ad-01586558e65b: start LeaderElection
2019-07-30 21:54:26,947 INFO  impl.RoleInfo (RoleInfo.java:updateAndGet(143)) - 50887fa7-a02d-4c77-afe3-05cf6673ad8b: start LeaderElection
2019-07-30 21:54:26,966 INFO  impl.LeaderElection (LeaderElection.java:askForVotes(181)) - f8347db9-7784-4f20-99ad-01586558e65b:group-5307A88AF6C4:LeaderElection4: begin an election at term 1 for -1: [f8347db9-7784-4f20-99ad-01586558e65b:192.168.69.72:37541, 50887fa7-a02d-4c77-afe3-05cf6673ad8b:192.168.69.72:44594, 46126ab3-6eb4-4f8e-a14c-d1a46877e24b:192.168.69.72:36331], old=null
2019-07-30 21:54:26,966 INFO  impl.LeaderElection (LeaderElection.java:askForVotes(181)) - 50887fa7-a02d-4c77-afe3-05cf6673ad8b:group-5307A88AF6C4:LeaderElection5: begin an election at term 1 for -1: [f8347db9-7784-4f20-99ad-01586558e65b:192.168.69.72:37541, 50887fa7-a02d-4c77-afe3-05cf6673ad8b:192.168.69.72:44594, 46126ab3-6eb4-4f8e-a14c-d1a46877e24b:192.168.69.72:36331], old=null
2019-07-30 21:54:26,999 INFO  impl.RaftServerImpl (RaftServerImpl.java:setRole(171)) - 46126ab3-6eb4-4f8e-a14c-d1a46877e24b:group-5307A88AF6C4 changes role from FOLLOWER to FOLLOWER at term 1 for recognizeCandidate:50887fa7-a02d-4c77-afe3-05cf6673ad8b
2019-07-30 21:54:27,001 INFO  impl.RoleInfo (RoleInfo.java:shutdownFollowerState(121)) - 46126ab3-6eb4-4f8e-a14c-d1a46877e24b: shutdown FollowerState
2019-07-30 21:54:27,001 INFO  impl.RoleInfo (RoleInfo.java:updateAndGet(143)) - 46126ab3-6eb4-4f8e-a14c-d1a46877e24b: start FollowerState
2019-07-30 21:54:27,003 INFO  impl.FollowerState (FollowerState.java:run(114)) - 46126ab3-6eb4-4f8e-a14c-d1a46877e24b: FollowerState was interrupted: java.lang.InterruptedException: sleep interrupted
2019-07-30 21:54:27,033 INFO  impl.LeaderElection (LeaderElection.java:logAndReturn(56)) - 50887fa7-a02d-4c77-afe3-05cf6673ad8b:group-5307A88AF6C4:LeaderElection5: Election PASSED; received 2 response(s) [50887fa7-a02d-4c77-afe3-05cf6673ad8b<-f8347db9-7784-4f20-99ad-01586558e65b#0:FAIL-t1, 50887fa7-a02d-4c77-afe3-05cf6673ad8b<-46126ab3-6eb4-4f8e-a14c-d1a46877e24b#0:OK-t1] and 0 exception(s); 50887fa7-a02d-4c77-afe3-05cf6673ad8b:t1, leader=null, voted=50887fa7-a02d-4c77-afe3-05cf6673ad8b, raftlog=50887fa7-a02d-4c77-afe3-05cf6673ad8b-SegmentedRaftLog:OPENED:c-1,f-1,i0, conf=-1: [f8347db9-7784-4f20-99ad-01586558e65b:192.168.69.72:37541, 50887fa7-a02d-4c77-afe3-05cf6673ad8b:192.168.69.72:44594, 46126ab3-6eb4-4f8e-a14c-d1a46877e24b:192.168.69.72:36331], old=null
2019-07-30 21:54:27,033 INFO  impl.LeaderElection (LeaderElection.java:logAndReturn(56)) - f8347db9-7784-4f20-99ad-01586558e65b:group-5307A88AF6C4:LeaderElection4: Election REJECTED; received 2 response(s) [f8347db9-7784-4f20-99ad-01586558e65b<-50887fa7-a02d-4c77-afe3-05cf6673ad8b#0:FAIL-t1, f8347db9-7784-4f20-99ad-01586558e65b<-46126ab3-6eb4-4f8e-a14c-d1a46877e24b#0:FAIL-t1] and 0 exception(s); f8347db9-7784-4f20-99ad-01586558e65b:t1, leader=null, voted=f8347db9-7784-4f20-99ad-01586558e65b, raftlog=f8347db9-7784-4f20-99ad-01586558e65b-SegmentedRaftLog:OPENED:c-1,f-1,i0, conf=-1: [f8347db9-7784-4f20-99ad-01586558e65b:192.168.69.72:37541, 50887fa7-a02d-4c77-afe3-05cf6673ad8b:192.168.69.72:44594, 46126ab3-6eb4-4f8e-a14c-d1a46877e24b:192.168.69.72:36331], old=null
2019-07-30 21:54:27,033 INFO  impl.RoleInfo (RoleInfo.java:shutdownLeaderElection(134)) - 50887fa7-a02d-4c77-afe3-05cf6673ad8b: shutdown LeaderElection
2019-07-30 21:54:27,035 INFO  impl.RaftServerImpl (RaftServerImpl.java:setRole(171)) - f8347db9-7784-4f20-99ad-01586558e65b:group-5307A88AF6C4 changes role from CANDIDATE to FOLLOWER at term 1 for DISCOVERED_A_NEW_TERM
2019-07-30 21:54:27,035 INFO  impl.RaftServerImpl (RaftServerImpl.java:setRole(171)) - 50887fa7-a02d-4c77-afe3-05cf6673ad8b:group-5307A88AF6C4 changes role from CANDIDATE to LEADER at term 1 for changeToLeader
2019-07-30 21:54:27,039 INFO  impl.RoleInfo (RoleInfo.java:shutdownLeaderElection(134)) - f8347db9-7784-4f20-99ad-01586558e65b: shutdown LeaderElection
2019-07-30 21:54:27,039 INFO  impl.RaftServerImpl (ServerState.java:setLeader(263)) - 50887fa7-a02d-4c77-afe3-05cf6673ad8b:group-5307A88AF6C4 change Leader from null to 50887fa7-a02d-4c77-afe3-05cf6673ad8b at term 1 for becomeLeader, leader elected after 5211ms
2019-07-30 21:54:27,039 INFO  impl.RoleInfo (RoleInfo.java:updateAndGet(143)) - f8347db9-7784-4f20-99ad-01586558e65b: start FollowerState
2019-07-30 21:54:27,039 INFO  server.RaftServerConfigKeys (ConfUtils.java:logGet(43)) - raft.server.staging.catchup.gap = 1000 (default)
2019-07-30 21:54:27,039 INFO  server.RaftServerConfigKeys (ConfUtils.java:logGet(43)) - raft.server.rpc.sleep.time = 25ms (default)
2019-07-30 21:54:27,041 INFO  server.RaftServerConfigKeys (ConfUtils.java:logGet(43)) - raft.server.write.element-limit = 4096 (default)
2019-07-30 21:54:27,041 INFO  server.RaftServerConfigKeys (ConfUtils.java:logGet(43)) - raft.server.watch.timeout = 10s (default)
2019-07-30 21:54:27,041 INFO  server.RaftServerConfigKeys (ConfUtils.java:logGet(43)) - raft.server.watch.timeout.denomination = 1s (default)
2019-07-30 21:54:27,042 INFO  server.RaftServerConfigKeys (ConfUtils.java:logGet(43)) - raft.server.watch.element-limit = 65536 (default)
2019-07-30 21:54:27,045 INFO  server.RaftServerConfigKeys (ConfUtils.java:logGet(43)) - raft.server.log.appender.snapshot.chunk.size.max = 16MB (=16777216) (default)
2019-07-30 21:54:27,045 INFO  server.RaftServerConfigKeys (ConfUtils.java:logGet(43)) - raft.server.log.appender.buffer.byte-limit = 33554432 (custom)
2019-07-30 21:54:27,046 INFO  server.RaftServerConfigKeys (ConfUtils.java:logGet(43)) - raft.server.log.appender.buffer.element-limit = 1 (custom)
2019-07-30 21:54:27,049 INFO  grpc.GrpcConfigKeys$Server (ConfUtils.java:logGet(43)) - raft.grpc.server.leader.outstanding.appends.max = 128 (default)
2019-07-30 21:54:27,051 INFO  server.RaftServerConfigKeys (ConfUtils.java:logGet(43)) - raft.server.rpc.request.timeout = 3000ms (default)
2019-07-30 21:54:27,051 INFO  server.RaftServerConfigKeys (ConfUtils.java:logGet(43)) - raft.server.log.appender.install.snapshot.enabled = false (custom)
2019-07-30 21:54:27,051 INFO  server.RaftServerConfigKeys (ConfUtils.java:logGet(43)) - raft.server.log.appender.snapshot.chunk.size.max = 16MB (=16777216) (default)
2019-07-30 21:54:27,052 INFO  server.RaftServerConfigKeys (ConfUtils.java:logGet(43)) - raft.server.log.appender.buffer.byte-limit = 33554432 (custom)
2019-07-30 21:54:27,052 INFO  server.RaftServerConfigKeys (ConfUtils.java:logGet(43)) - raft.server.log.appender.buffer.element-limit = 1 (custom)
2019-07-30 21:54:27,052 INFO  grpc.GrpcConfigKeys$Server (ConfUtils.java:logGet(43)) - raft.grpc.server.leader.outstanding.appends.max = 128 (default)
2019-07-30 21:54:27,052 INFO  server.RaftServerConfigKeys (ConfUtils.java:logGet(43)) - raft.server.rpc.request.timeout = 3000ms (default)
2019-07-30 21:54:27,053 INFO  server.RaftServerConfigKeys (ConfUtils.java:logGet(43)) - raft.server.log.appender.install.snapshot.enabled = false (custom)
2019-07-30 21:54:27,054 INFO  impl.RoleInfo (RoleInfo.java:updateAndGet(143)) - 50887fa7-a02d-4c77-afe3-05cf6673ad8b: start LeaderState
2019-07-30 21:54:27,055 INFO  segmented.SegmentedRaftLogWorker (SegmentedRaftLogWorker.java:startLogSegment(380)) - 50887fa7-a02d-4c77-afe3-05cf6673ad8b-SegmentedRaftLogWorker:Storage Directory /workdir/hadoop-ozone/tools/target/test-dir/MiniOzoneClusterImpl-b950161b-6247-4595-ac2c-184dfc434482/datanode-2/data/ratis/1088eb09-40b9-4eca-9b7f-5307a88af6c4: Starting segment from index:0
2019-07-30 21:54:27,056 INFO  impl.RaftServerImpl (ServerState.java:setRaftConf(361)) - 50887fa7-a02d-4c77-afe3-05cf6673ad8b:group-5307A88AF6C4 set configuration 0: [f8347db9-7784-4f20-99ad-01586558e65b:192.168.69.72:37541, 50887fa7-a02d-4c77-afe3-05cf6673ad8b:192.168.69.72:44594, 46126ab3-6eb4-4f8e-a14c-d1a46877e24b:192.168.69.72:36331], old=null at 0
2019-07-30 21:54:27,096 INFO  impl.RaftServerImpl (ServerState.java:setLeader(263)) - 46126ab3-6eb4-4f8e-a14c-d1a46877e24b:group-5307A88AF6C4 change Leader from null to 50887fa7-a02d-4c77-afe3-05cf6673ad8b at term 1 for appendEntries, leader elected after 5269ms
2019-07-30 21:54:27,096 INFO  impl.RaftServerImpl (ServerState.java:setLeader(263)) - f8347db9-7784-4f20-99ad-01586558e65b:group-5307A88AF6C4 change Leader from null to 50887fa7-a02d-4c77-afe3-05cf6673ad8b at term 1 for appendEntries, leader elected after 5268ms
2019-07-30 21:54:27,098 INFO  segmented.SegmentedRaftLogWorker (SegmentedRaftLogWorker.java:execute(569)) - 50887fa7-a02d-4c77-afe3-05cf6673ad8b-SegmentedRaftLogWorker:Storage Directory /workdir/hadoop-ozone/tools/target/test-dir/MiniOzoneClusterImpl-b950161b-6247-4595-ac2c-184dfc434482/datanode-2/data/ratis/1088eb09-40b9-4eca-9b7f-5307a88af6c4: created new log segment /workdir/hadoop-ozone/tools/target/test-dir/MiniOzoneClusterImpl-b950161b-6247-4595-ac2c-184dfc434482/datanode-2/data/ratis/1088eb09-40b9-4eca-9b7f-5307a88af6c4/current/log_inprogress_0
2019-07-30 21:54:27,126 INFO  impl.RaftServerImpl (ServerState.java:setRaftConf(361)) - f8347db9-7784-4f20-99ad-01586558e65b:group-5307A88AF6C4 set configuration 0: [f8347db9-7784-4f20-99ad-01586558e65b:192.168.69.72:37541, 50887fa7-a02d-4c77-afe3-05cf6673ad8b:192.168.69.72:44594, 46126ab3-6eb4-4f8e-a14c-d1a46877e24b:192.168.69.72:36331], old=null at 0
2019-07-30 21:54:27,126 INFO  impl.RaftServerImpl (ServerState.java:setRaftConf(361)) - 46126ab3-6eb4-4f8e-a14c-d1a46877e24b:group-5307A88AF6C4 set configuration 0: [f8347db9-7784-4f20-99ad-01586558e65b:192.168.69.72:37541, 50887fa7-a02d-4c77-afe3-05cf6673ad8b:192.168.69.72:44594, 46126ab3-6eb4-4f8e-a14c-d1a46877e24b:192.168.69.72:36331], old=null at 0
2019-07-30 21:54:27,127 INFO  segmented.SegmentedRaftLogWorker (SegmentedRaftLogWorker.java:startLogSegment(380)) - f8347db9-7784-4f20-99ad-01586558e65b-SegmentedRaftLogWorker:Storage Directory /workdir/hadoop-ozone/tools/target/test-dir/MiniOzoneClusterImpl-b950161b-6247-4595-ac2c-184dfc434482/datanode-1/data/ratis/1088eb09-40b9-4eca-9b7f-5307a88af6c4: Starting segment from index:0
2019-07-30 21:54:27,127 INFO  segmented.SegmentedRaftLogWorker (SegmentedRaftLogWorker.java:startLogSegment(380)) - 46126ab3-6eb4-4f8e-a14c-d1a46877e24b-SegmentedRaftLogWorker:Storage Directory /workdir/hadoop-ozone/tools/target/test-dir/MiniOzoneClusterImpl-b950161b-6247-4595-ac2c-184dfc434482/datanode-0/data/ratis/1088eb09-40b9-4eca-9b7f-5307a88af6c4: Starting segment from index:0
2019-07-30 21:54:27,157 INFO  segmented.SegmentedRaftLogWorker (SegmentedRaftLogWorker.java:execute(569)) - f8347db9-7784-4f20-99ad-01586558e65b-SegmentedRaftLogWorker:Storage Directory /workdir/hadoop-ozone/tools/target/test-dir/MiniOzoneClusterImpl-b950161b-6247-4595-ac2c-184dfc434482/datanode-1/data/ratis/1088eb09-40b9-4eca-9b7f-5307a88af6c4: created new log segment /workdir/hadoop-ozone/tools/target/test-dir/MiniOzoneClusterImpl-b950161b-6247-4595-ac2c-184dfc434482/datanode-1/data/ratis/1088eb09-40b9-4eca-9b7f-5307a88af6c4/current/log_inprogress_0
2019-07-30 21:54:27,157 INFO  segmented.SegmentedRaftLogWorker (SegmentedRaftLogWorker.java:execute(569)) - 46126ab3-6eb4-4f8e-a14c-d1a46877e24b-SegmentedRaftLogWorker:Storage Directory /workdir/hadoop-ozone/tools/target/test-dir/MiniOzoneClusterImpl-b950161b-6247-4595-ac2c-184dfc434482/datanode-0/data/ratis/1088eb09-40b9-4eca-9b7f-5307a88af6c4: created new log segment /workdir/hadoop-ozone/tools/target/test-dir/MiniOzoneClusterImpl-b950161b-6247-4595-ac2c-184dfc434482/datanode-0/data/ratis/1088eb09-40b9-4eca-9b7f-5307a88af6c4/current/log_inprogress_0
 0.00% |█                                                                                                    |  0/1 Time: 0:00:052019-07-30 21:54:28,143 INFO  client.GrpcClientProtocolClient (GrpcClientProtocolClient.java:onNext(255)) - client-A25604517962->50887fa7-a02d-4c77-afe3-05cf6673ad8b: receive RaftClientReply:client-A25604517962->50887fa7-a02d-4c77-afe3-05cf6673ad8b@group-5307A88AF6C4, cid=6, SUCCESS, logIndex=1, commits[50887fa7-a02d-4c77-afe3-05cf6673ad8b:c1, f8347db9-7784-4f20-99ad-01586558e65b:c0, 46126ab3-6eb4-4f8e-a14c-d1a46877e24b:c0]
2019-07-30 21:54:28,248 INFO  client.GrpcClientProtocolClient (GrpcClientProtocolClient.java:onNext(255)) - client-A25604517962->50887fa7-a02d-4c77-afe3-05cf6673ad8b: receive RaftClientReply:client-A25604517962->50887fa7-a02d-4c77-afe3-05cf6673ad8b@group-5307A88AF6C4, cid=7, SUCCESS, logIndex=3, commits[50887fa7-a02d-4c77-afe3-05cf6673ad8b:c8, f8347db9-7784-4f20-99ad-01586558e65b:c6, 46126ab3-6eb4-4f8e-a14c-d1a46877e24b:c6]
2019-07-30 21:54:28,251 INFO  client.GrpcClientProtocolClient (GrpcClientProtocolClient.java:onNext(255)) - client-A25604517962->50887fa7-a02d-4c77-afe3-05cf6673ad8b: receive RaftClientReply:client-A25604517962->50887fa7-a02d-4c77-afe3-05cf6673ad8b@group-5307A88AF6C4, cid=8, SUCCESS, logIndex=4, commits[50887fa7-a02d-4c77-afe3-05cf6673ad8b:c8, f8347db9-7784-4f20-99ad-01586558e65b:c6, 46126ab3-6eb4-4f8e-a14c-d1a46877e24b:c6]
 0.00% |█                                                                                                    |  0/1 Time: 0:00:062019-07-30 21:54:28,329 INFO  client.GrpcClientProtocolClient (GrpcClientProtocolClient.java:onNext(255)) - client-A25604517962->50887fa7-a02d-4c77-afe3-05cf6673ad8b: receive RaftClientReply:client-A25604517962->50887fa7-a02d-4c77-afe3-05cf6673ad8b@group-5307A88AF6C4, cid=9, SUCCESS, logIndex=5, commits[50887fa7-a02d-4c77-afe3-05cf6673ad8b:c8, f8347db9-7784-4f20-99ad-01586558e65b:c6, 46126ab3-6eb4-4f8e-a14c-d1a46877e24b:c6]
2019-07-30 21:54:28,387 INFO  client.GrpcClientProtocolClient (GrpcClientProtocolClient.java:onNext(255)) - client-A25604517962->50887fa7-a02d-4c77-afe3-05cf6673ad8b: receive RaftClientReply:client-A25604517962->50887fa7-a02d-4c77-afe3-05cf6673ad8b@group-5307A88AF6C4, cid=10, SUCCESS, logIndex=9, commits[50887fa7-a02d-4c77-afe3-05cf6673ad8b:c10, f8347db9-7784-4f20-99ad-01586558e65b:c8, 46126ab3-6eb4-4f8e-a14c-d1a46877e24b:c8]
2019-07-30 21:54:28,390 INFO  client.GrpcClientProtocolClient (GrpcClientProtocolClient.java:onNext(255)) - client-A25604517962->50887fa7-a02d-4c77-afe3-05cf6673ad8b: receive RaftClientReply:client-A25604517962->50887fa7-a02d-4c77-afe3-05cf6673ad8b@group-5307A88AF6C4, cid=11, SUCCESS, logIndex=10, commits[50887fa7-a02d-4c77-afe3-05cf6673ad8b:c10, f8347db9-7784-4f20-99ad-01586558e65b:c8, 46126ab3-6eb4-4f8e-a14c-d1a46877e24b:c8]
2019-07-30 21:54:28,399 INFO  client.GrpcClientProtocolClient (GrpcClientProtocolClient.java:onNext(255)) - client-A25604517962->50887fa7-a02d-4c77-afe3-05cf6673ad8b: receive RaftClientReply:client-A25604517962->50887fa7-a02d-4c77-afe3-05cf6673ad8b@group-5307A88AF6C4, cid=12, SUCCESS, logIndex=11, commits[50887fa7-a02d-4c77-afe3-05cf6673ad8b:c12, f8347db9-7784-4f20-99ad-01586558e65b:c8, 46126ab3-6eb4-4f8e-a14c-d1a46877e24b:c8]
2019-07-30 21:54:28,400 INFO  client.GrpcClientProtocolClient (GrpcClientProtocolClient.java:onNext(255)) - client-A25604517962->50887fa7-a02d-4c77-afe3-05cf6673ad8b: receive RaftClientReply:client-A25604517962->50887fa7-a02d-4c77-afe3-05cf6673ad8b@group-5307A88AF6C4, cid=13, SUCCESS, logIndex=12, commits[50887fa7-a02d-4c77-afe3-05cf6673ad8b:c14, f8347db9-7784-4f20-99ad-01586558e65b:c10, 46126ab3-6eb4-4f8e-a14c-d1a46877e24b:c8]
2019-07-30 21:54:28,424 INFO  client.GrpcClientProtocolClient (GrpcClientProtocolClient.java:onNext(255)) - client-A25604517962->50887fa7-a02d-4c77-afe3-05cf6673ad8b: receive RaftClientReply:client-A25604517962->50887fa7-a02d-4c77-afe3-05cf6673ad8b@group-5307A88AF6C4, cid=14, SUCCESS, logIndex=0, commits[50887fa7-a02d-4c77-afe3-05cf6673ad8b:c16, f8347db9-7784-4f20-99ad-01586558e65b:c12, 46126ab3-6eb4-4f8e-a14c-d1a46877e24b:c12]
2019-07-30 21:54:28,430 INFO  client.GrpcClientProtocolClient (GrpcClientProtocolClient.java:onNext(255)) - client-A25604517962->50887fa7-a02d-4c77-afe3-05cf6673ad8b: receive RaftClientReply:client-A25604517962->50887fa7-a02d-4c77-afe3-05cf6673ad8b@group-5307A88AF6C4, cid=15, SUCCESS, logIndex=0, commits[50887fa7-a02d-4c77-afe3-05cf6673ad8b:c16, f8347db9-7784-4f20-99ad-01586558e65b:c12, 46126ab3-6eb4-4f8e-a14c-d1a46877e24b:c12]
2019-07-30 21:54:28,560 INFO  client.GrpcClientProtocolClient (GrpcClientProtocolClient.java:onNext(255)) - client-A25604517962->50887fa7-a02d-4c77-afe3-05cf6673ad8b: receive RaftClientReply:client-A25604517962->50887fa7-a02d-4c77-afe3-05cf6673ad8b@group-5307A88AF6C4, cid=16, SUCCESS, logIndex=17, commits[50887fa7-a02d-4c77-afe3-05cf6673ad8b:c20, f8347db9-7784-4f20-99ad-01586558e65b:c12, 46126ab3-6eb4-4f8e-a14c-d1a46877e24b:c16]
2019-07-30 21:54:28,610 INFO  client.GrpcClientProtocolClient (GrpcClientProtocolClient.java:onNext(255)) - client-A25604517962->50887fa7-a02d-4c77-afe3-05cf6673ad8b: receive RaftClientReply:client-A25604517962->50887fa7-a02d-4c77-afe3-05cf6673ad8b@group-5307A88AF6C4, cid=17, SUCCESS, logIndex=18, commits[50887fa7-a02d-4c77-afe3-05cf6673ad8b:c23, f8347db9-7784-4f20-99ad-01586558e65b:c20, 46126ab3-6eb4-4f8e-a14c-d1a46877e24b:c20]
2019-07-30 21:54:28,611 INFO  client.GrpcClientProtocolClient (GrpcClientProtocolClient.java:onNext(255)) - client-A25604517962->50887fa7-a02d-4c77-afe3-05cf6673ad8b: receive RaftClientReply:client-A25604517962->50887fa7-a02d-4c77-afe3-05cf6673ad8b@group-5307A88AF6C4, cid=18, SUCCESS, logIndex=19, commits[50887fa7-a02d-4c77-afe3-05cf6673ad8b:c23, f8347db9-7784-4f20-99ad-01586558e65b:c20, 46126ab3-6eb4-4f8e-a14c-d1a46877e24b:c20]
2019-07-30 21:54:28,741 INFO  client.GrpcClientProtocolClient (GrpcClientProtocolClient.java:onNext(255)) - client-A25604517962->50887fa7-a02d-4c77-afe3-05cf6673ad8b: receive RaftClientReply:client-A25604517962->50887fa7-a02d-4c77-afe3-05cf6673ad8b@group-5307A88AF6C4, cid=19, SUCCESS, logIndex=20, commits[50887fa7-a02d-4c77-afe3-05cf6673ad8b:c23, f8347db9-7784-4f20-99ad-01586558e65b:c20, 46126ab3-6eb4-4f8e-a14c-d1a46877e24b:c20]
2019-07-30 21:54:28,776 INFO  client.GrpcClientProtocolClient (GrpcClientProtocolClient.java:onNext(255)) - client-A25604517962->50887fa7-a02d-4c77-afe3-05cf6673ad8b: receive RaftClientReply:client-A25604517962->50887fa7-a02d-4c77-afe3-05cf6673ad8b@group-5307A88AF6C4, cid=20, SUCCESS, logIndex=24, commits[50887fa7-a02d-4c77-afe3-05cf6673ad8b:c25, f8347db9-7784-4f20-99ad-01586558e65b:c23, 46126ab3-6eb4-4f8e-a14c-d1a46877e24b:c23]
2019-07-30 21:54:28,780 INFO  client.GrpcClientProtocolClient (GrpcClientProtocolClient.java:onNext(255)) - client-A25604517962->50887fa7-a02d-4c77-afe3-05cf6673ad8b: receive RaftClientReply:client-A25604517962->50887fa7-a02d-4c77-afe3-05cf6673ad8b@group-5307A88AF6C4, cid=21, SUCCESS, logIndex=25, commits[50887fa7-a02d-4c77-afe3-05cf6673ad8b:c25, f8347db9-7784-4f20-99ad-01586558e65b:c23, 46126ab3-6eb4-4f8e-a14c-d1a46877e24b:c23]
2019-07-30 21:54:28,789 INFO  client.GrpcClientProtocolClient (GrpcClientProtocolClient.java:onNext(255)) - client-A25604517962->50887fa7-a02d-4c77-afe3-05cf6673ad8b: receive RaftClientReply:client-A25604517962->50887fa7-a02d-4c77-afe3-05cf6673ad8b@group-5307A88AF6C4, cid=22, SUCCESS, logIndex=26, commits[50887fa7-a02d-4c77-afe3-05cf6673ad8b:c27, f8347db9-7784-4f20-99ad-01586558e65b:c23, 46126ab3-6eb4-4f8e-a14c-d1a46877e24b:c23]
2019-07-30 21:54:28,789 INFO  client.GrpcClientProtocolClient (GrpcClientProtocolClient.java:onNext(255)) - client-A25604517962->50887fa7-a02d-4c77-afe3-05cf6673ad8b: receive RaftClientReply:client-A25604517962->50887fa7-a02d-4c77-afe3-05cf6673ad8b@group-5307A88AF6C4, cid=23, SUCCESS, logIndex=27, commits[50887fa7-a02d-4c77-afe3-05cf6673ad8b:c29, f8347db9-7784-4f20-99ad-01586558e65b:c24, 46126ab3-6eb4-4f8e-a14c-d1a46877e24b:c25]
2019-07-30 21:54:28,792 INFO  client.GrpcClientProtocolClient (GrpcClientProtocolClient.java:onNext(255)) - client-A25604517962->50887fa7-a02d-4c77-afe3-05cf6673ad8b: receive RaftClientReply:client-A25604517962->50887fa7-a02d-4c77-afe3-05cf6673ad8b@group-5307A88AF6C4, cid=24, SUCCESS, logIndex=0, commits[50887fa7-a02d-4c77-afe3-05cf6673ad8b:c29, f8347db9-7784-4f20-99ad-01586558e65b:c25, 46126ab3-6eb4-4f8e-a14c-d1a46877e24b:c25]
2019-07-30 21:54:28,806 INFO  client.GrpcClientProtocolClient (GrpcClientProtocolClient.java:onNext(255)) - client-A25604517962->50887fa7-a02d-4c77-afe3-05cf6673ad8b: receive RaftClientReply:client-A25604517962->50887fa7-a02d-4c77-afe3-05cf6673ad8b@group-5307A88AF6C4, cid=25, SUCCESS, logIndex=0, commits[50887fa7-a02d-4c77-afe3-05cf6673ad8b:c31, f8347db9-7784-4f20-99ad-01586558e65b:c27, 46126ab3-6eb4-4f8e-a14c-d1a46877e24b:c27]
2019-07-30 21:54:28,816 INFO  keyvalue.KeyValueHandler (ContainerUtils.java:logAndReturnError(146)) - Operation: CreateContainer : Trace ID: 5f115565eba7bb18:ae947db0bfc4a4c4:e62f31cbd70ae3dd:0 : Message: Container creation failed, due to disk out of space : Result: DISK_OUT_OF_SPACE
2019-07-30 21:54:28,822 INFO  keyvalue.KeyValueHandler (ContainerUtils.java:logAndReturnError(146)) - Operation: CreateContainer : Trace ID: 5f115565eba7bb18:61d9d3cf269d43c0:e62f31cbd70ae3dd:0 : Message: Container creation failed, due to disk out of space : Result: DISK_OUT_OF_SPACE
2019-07-30 21:54:28,830 INFO  keyvalue.KeyValueHandler (ContainerUtils.java:logAndReturnError(146)) - Operation: CreateContainer : Trace ID: 5f115565eba7bb18:ae947db0bfc4a4c4:e62f31cbd70ae3dd:0 : Message: Container creation failed, due to disk out of space : Result: DISK_OUT_OF_SPACE
2019-07-30 21:54:28,835 INFO  keyvalue.KeyValueHandler (ContainerUtils.java:logAndReturnError(146)) - Operation: CreateContainer : Trace ID: 5f115565eba7bb18:ae947db0bfc4a4c4:e62f31cbd70ae3dd:0 : Message: Container creation failed, due to disk out of space : Result: DISK_OUT_OF_SPACE
2019-07-30 21:54:28,836 INFO  keyvalue.KeyValueHandler (ContainerUtils.java:logAndReturnError(146)) - Operation: CreateContainer : Trace ID: 5f115565eba7bb18:61d9d3cf269d43c0:e62f31cbd70ae3dd:0 : Message: Container creation failed, due to disk out of space : Result: DISK_OUT_OF_SPACE
21:54:28.837 [pool-26-thread-10] ERROR DNAudit - user=null | ip=null | op=WRITE_CHUNK {blockData=conID: 3 locID: 102532622741733379 bcsId: 0} | ret=FAILURE
org.apache.hadoop.hdds.scm.container.common.helpers.StorageContainerException: ContainerID 3 creation failed
	at org.apache.hadoop.ozone.container.common.impl.HddsDispatcher.dispatchRequest(HddsDispatcher.java:227) ~[classes/:?]
	at org.apache.hadoop.ozone.container.common.impl.HddsDispatcher.dispatch(HddsDispatcher.java:148) ~[classes/:?]
	at org.apache.hadoop.ozone.container.common.transport.server.ratis.ContainerStateMachine.dispatchCommand(ContainerStateMachine.java:374) ~[classes/:?]
	at org.apache.hadoop.ozone.container.common.transport.server.ratis.ContainerStateMachine.runCommand(ContainerStateMachine.java:381) ~[classes/:?]
	at org.apache.hadoop.ozone.container.common.transport.server.ratis.ContainerStateMachine.lambda$handleWriteChunk$1(ContainerStateMachine.java:412) ~[classes/:?]
	at java.util.concurrent.CompletableFuture$AsyncSupply.run(CompletableFuture.java:1590) [?:1.8.0_212]
	at java.util.concurrent.ThreadPoolExecutor.runWorker(ThreadPoolExecutor.java:1149) [?:1.8.0_212]
	at java.util.concurrent.ThreadPoolExecutor$Worker.run(ThreadPoolExecutor.java:624) [?:1.8.0_212]
	at java.lang.Thread.run(Thread.java:748) [?:1.8.0_212]
21:54:28.835 [pool-37-thread-9] ERROR DNAudit - user=null | ip=null | op=WRITE_CHUNK {blockData=conID: 3 locID: 102532622741733379 bcsId: 0} | ret=FAILURE
org.apache.hadoop.hdds.scm.container.common.helpers.StorageContainerException: ContainerID 3 creation failed
	at org.apache.hadoop.ozone.container.common.impl.HddsDispatcher.dispatchRequest(HddsDispatcher.java:227) ~[classes/:?]
	at org.apache.hadoop.ozone.container.common.impl.HddsDispatcher.dispatch(HddsDispatcher.java:148) ~[classes/:?]
	at org.apache.hadoop.ozone.container.common.transport.server.ratis.ContainerStateMachine.dispatchCommand(ContainerStateMachine.java:374) ~[classes/:?]
	at org.apache.hadoop.ozone.container.common.transport.server.ratis.ContainerStateMachine.runCommand(ContainerStateMachine.java:381) ~[classes/:?]
	at org.apache.hadoop.ozone.container.common.transport.server.ratis.ContainerStateMachine.lambda$handleWriteChunk$1(ContainerStateMachine.java:412) ~[classes/:?]
	at java.util.concurrent.CompletableFuture$AsyncSupply.run(CompletableFuture.java:1590) [?:1.8.0_212]
	at java.util.concurrent.ThreadPoolExecutor.runWorker(ThreadPoolExecutor.java:1149) [?:1.8.0_212]
	at java.util.concurrent.ThreadPoolExecutor$Worker.run(ThreadPoolExecutor.java:624) [?:1.8.0_212]
	at java.lang.Thread.run(Thread.java:748) [?:1.8.0_212]
21:54:28.820 [pool-48-thread-25] ERROR DNAudit - user=null | ip=null | op=WRITE_CHUNK {blockData=conID: 3 locID: 102532622741733379 bcsId: 0} | ret=FAILURE
org.apache.hadoop.hdds.scm.container.common.helpers.StorageContainerException: ContainerID 3 creation failed
	at org.apache.hadoop.ozone.container.common.impl.HddsDispatcher.dispatchRequest(HddsDispatcher.java:227) ~[classes/:?]
	at org.apache.hadoop.ozone.container.common.impl.HddsDispatcher.dispatch(HddsDispatcher.java:148) ~[classes/:?]
	at org.apache.hadoop.ozone.container.common.transport.server.ratis.ContainerStateMachine.dispatchCommand(ContainerStateMachine.java:374) ~[classes/:?]
	at org.apache.hadoop.ozone.container.common.transport.server.ratis.ContainerStateMachine.runCommand(ContainerStateMachine.java:381) ~[classes/:?]
	at org.apache.hadoop.ozone.container.common.transport.server.ratis.ContainerStateMachine.lambda$handleWriteChunk$1(ContainerStateMachine.java:412) ~[classes/:?]
	at java.util.concurrent.CompletableFuture$AsyncSupply.run(CompletableFuture.java:1590) [?:1.8.0_212]
	at java.util.concurrent.ThreadPoolExecutor.runWorker(ThreadPoolExecutor.java:1149) [?:1.8.0_212]
	at java.util.concurrent.ThreadPoolExecutor$Worker.run(ThreadPoolExecutor.java:624) [?:1.8.0_212]
	at java.lang.Thread.run(Thread.java:748) [?:1.8.0_212]
21:54:28.831 [pool-48-thread-28] ERROR DNAudit - user=null | ip=null | op=WRITE_CHUNK {blockData=conID: 3 locID: 102532622741733379 bcsId: 0} | ret=FAILURE
org.apache.hadoop.hdds.scm.container.common.helpers.StorageContainerException: ContainerID 3 creation failed
	at org.apache.hadoop.ozone.container.common.impl.HddsDispatcher.dispatchRequest(HddsDispatcher.java:227) ~[classes/:?]
	at org.apache.hadoop.ozone.container.common.impl.HddsDispatcher.dispatch(HddsDispatcher.java:148) ~[classes/:?]
	at org.apache.hadoop.ozone.container.common.transport.server.ratis.ContainerStateMachine.dispatchCommand(ContainerStateMachine.java:374) ~[classes/:?]
	at org.apache.hadoop.ozone.container.common.transport.server.ratis.ContainerStateMachine.runCommand(ContainerStateMachine.java:381) ~[classes/:?]
	at org.apache.hadoop.ozone.container.common.transport.server.ratis.ContainerStateMachine.lambda$handleWriteChunk$1(ContainerStateMachine.java:412) ~[classes/:?]
	at java.util.concurrent.CompletableFuture$AsyncSupply.run(CompletableFuture.java:1590) [?:1.8.0_212]
	at java.util.concurrent.ThreadPoolExecutor.runWorker(ThreadPoolExecutor.java:1149) [?:1.8.0_212]
	at java.util.concurrent.ThreadPoolExecutor$Worker.run(ThreadPoolExecutor.java:624) [?:1.8.0_212]
	at java.lang.Thread.run(Thread.java:748) [?:1.8.0_212]
21:54:28.832 [pool-26-thread-9] ERROR DNAudit - user=null | ip=null | op=WRITE_CHUNK {blockData=conID: 3 locID: 102532622741733379 bcsId: 0} | ret=FAILURE
org.apache.hadoop.hdds.scm.container.common.helpers.StorageContainerException: ContainerID 3 creation failed
	at org.apache.hadoop.ozone.container.common.impl.HddsDispatcher.dispatchRequest(HddsDispatcher.java:227) ~[classes/:?]
	at org.apache.hadoop.ozone.container.common.impl.HddsDispatcher.dispatch(HddsDispatcher.java:148) ~[classes/:?]
	at org.apache.hadoop.ozone.container.common.transport.server.ratis.ContainerStateMachine.dispatchCommand(ContainerStateMachine.java:374) ~[classes/:?]
	at org.apache.hadoop.ozone.container.common.transport.server.ratis.ContainerStateMachine.runCommand(ContainerStateMachine.java:381) ~[classes/:?]
	at org.apache.hadoop.ozone.container.common.transport.server.ratis.ContainerStateMachine.lambda$handleWriteChunk$1(ContainerStateMachine.java:412) ~[classes/:?]
	at java.util.concurrent.CompletableFuture$AsyncSupply.run(CompletableFuture.java:1590) [?:1.8.0_212]
	at java.util.concurrent.ThreadPoolExecutor.runWorker(ThreadPoolExecutor.java:1149) [?:1.8.0_212]
	at java.util.concurrent.ThreadPoolExecutor$Worker.run(ThreadPoolExecutor.java:624) [?:1.8.0_212]
	at java.lang.Thread.run(Thread.java:748) [?:1.8.0_212]
2019-07-30 21:54:28,840 INFO  keyvalue.KeyValueHandler (ContainerUtils.java:logAndReturnError(146)) - Operation: CreateContainer : Trace ID: 5f115565eba7bb18:61d9d3cf269d43c0:e62f31cbd70ae3dd:0 : Message: Container creation failed, due to disk out of space : Result: DISK_OUT_OF_SPACE
21:54:28.841 [pool-37-thread-10] ERROR DNAudit - user=null | ip=null | op=WRITE_CHUNK {blockData=conID: 3 locID: 102532622741733379 bcsId: 0} | ret=FAILURE
org.apache.hadoop.hdds.scm.container.common.helpers.StorageContainerException: ContainerID 3 creation failed
	at org.apache.hadoop.ozone.container.common.impl.HddsDispatcher.dispatchRequest(HddsDispatcher.java:227) ~[classes/:?]
	at org.apache.hadoop.ozone.container.common.impl.HddsDispatcher.dispatch(HddsDispatcher.java:148) ~[classes/:?]
	at org.apache.hadoop.ozone.container.common.transport.server.ratis.ContainerStateMachine.dispatchCommand(ContainerStateMachine.java:374) ~[classes/:?]
	at org.apache.hadoop.ozone.container.common.transport.server.ratis.ContainerStateMachine.runCommand(ContainerStateMachine.java:381) ~[classes/:?]
	at org.apache.hadoop.ozone.container.common.transport.server.ratis.ContainerStateMachine.lambda$handleWriteChunk$1(ContainerStateMachine.java:412) ~[classes/:?]
	at java.util.concurrent.CompletableFuture$AsyncSupply.run(CompletableFuture.java:1590) [?:1.8.0_212]
	at java.util.concurrent.ThreadPoolExecutor.runWorker(ThreadPoolExecutor.java:1149) [?:1.8.0_212]
	at java.util.concurrent.ThreadPoolExecutor$Worker.run(ThreadPoolExecutor.java:624) [?:1.8.0_212]
	at java.lang.Thread.run(Thread.java:748) [?:1.8.0_212]
2019-07-30 21:54:28,843 INFO  impl.HddsDispatcher (ContainerUtils.java:logAndReturnError(146)) - Operation: WriteChunk : Trace ID: 5f115565eba7bb18:61d9d3cf269d43c0:e62f31cbd70ae3dd:0 : Message: ContainerID 3 creation failed : Result: DISK_OUT_OF_SPACE
2019-07-30 21:54:28,844 INFO  impl.HddsDispatcher (ContainerUtils.java:logAndReturnError(146)) - Operation: WriteChunk : Trace ID: 5f115565eba7bb18:ae947db0bfc4a4c4:e62f31cbd70ae3dd:0 : Message: ContainerID 3 creation failed : Result: DISK_OUT_OF_SPACE
2019-07-30 21:54:28,845 INFO  impl.HddsDispatcher (ContainerUtils.java:logAndReturnError(146)) - Operation: WriteChunk : Trace ID: 5f115565eba7bb18:ae947db0bfc4a4c4:e62f31cbd70ae3dd:0 : Message: ContainerID 3 creation failed : Result: DISK_OUT_OF_SPACE
2019-07-30 21:54:28,845 INFO  impl.HddsDispatcher (ContainerUtils.java:logAndReturnError(146)) - Operation: WriteChunk : Trace ID: 5f115565eba7bb18:61d9d3cf269d43c0:e62f31cbd70ae3dd:0 : Message: ContainerID 3 creation failed : Result: DISK_OUT_OF_SPACE
2019-07-30 21:54:28,845 INFO  impl.HddsDispatcher (ContainerUtils.java:logAndReturnError(146)) - Operation: WriteChunk : Trace ID: 5f115565eba7bb18:61d9d3cf269d43c0:e62f31cbd70ae3dd:0 : Message: ContainerID 3 creation failed : Result: DISK_OUT_OF_SPACE
2019-07-30 21:54:28,844 INFO  impl.HddsDispatcher (ContainerUtils.java:logAndReturnError(146)) - Operation: WriteChunk : Trace ID: 5f115565eba7bb18:ae947db0bfc4a4c4:e62f31cbd70ae3dd:0 : Message: ContainerID 3 creation failed : Result: DISK_OUT_OF_SPACE
21:54:28.859 [RatisApplyTransactionExecutor 3] ERROR DNAudit - user=null | ip=null | op=WRITE_CHUNK {blockData=conID: 3 locID: 102532622741733379 bcsId: 0} | ret=FAILURE
org.apache.hadoop.hdds.scm.container.common.helpers.StorageContainerException: ContainerID 3 does not exist
	at org.apache.hadoop.ozone.container.common.impl.HddsDispatcher.dispatchRequest(HddsDispatcher.java:242) ~[classes/:?]
	at org.apache.hadoop.ozone.container.common.impl.HddsDispatcher.dispatch(HddsDispatcher.java:148) ~[classes/:?]
	at org.apache.hadoop.ozone.container.common.transport.server.ratis.ContainerStateMachine.dispatchCommand(ContainerStateMachine.java:374) ~[classes/:?]
	at org.apache.hadoop.ozone.container.common.transport.server.ratis.ContainerStateMachine.runCommand(ContainerStateMachine.java:381) ~[classes/:?]
	at org.apache.hadoop.ozone.container.common.transport.server.ratis.ContainerStateMachine.lambda$applyTransaction$6(ContainerStateMachine.java:647) ~[classes/:?]
	at java.util.concurrent.CompletableFuture$AsyncSupply.run(CompletableFuture.java:1590) [?:1.8.0_212]
	at java.util.concurrent.ThreadPoolExecutor.runWorker(ThreadPoolExecutor.java:1149) [?:1.8.0_212]
	at java.util.concurrent.ThreadPoolExecutor$Worker.run(ThreadPoolExecutor.java:624) [?:1.8.0_212]
	at java.lang.Thread.run(Thread.java:748) [?:1.8.0_212]
2019-07-30 21:54:28,860 INFO  impl.HddsDispatcher (ContainerUtils.java:logAndReturnError(146)) - Operation: WriteChunk : Trace ID: 5f115565eba7bb18:ae947db0bfc4a4c4:e62f31cbd70ae3dd:0 : Message: ContainerID 3 does not exist : Result: CONTAINER_NOT_FOUND
21:54:28.861 [RatisApplyTransactionExecutor 3] ERROR DNAudit - user=null | ip=null | op=PUT_BLOCK {blockData=[blockId=conID: 3 locID: 102532622741733379 bcsId: 0,size=1048576]} | ret=FAILURE
org.apache.hadoop.hdds.scm.container.common.helpers.StorageContainerException: ContainerID 3 does not exist
	at org.apache.hadoop.ozone.container.common.impl.HddsDispatcher.dispatchRequest(HddsDispatcher.java:242) ~[classes/:?]
	at org.apache.hadoop.ozone.container.common.impl.HddsDispatcher.dispatch(HddsDispatcher.java:148) ~[classes/:?]
	at org.apache.hadoop.ozone.container.common.transport.server.ratis.ContainerStateMachine.dispatchCommand(ContainerStateMachine.java:374) ~[classes/:?]
	at org.apache.hadoop.ozone.container.common.transport.server.ratis.ContainerStateMachine.runCommand(ContainerStateMachine.java:381) ~[classes/:?]
	at org.apache.hadoop.ozone.container.common.transport.server.ratis.ContainerStateMachine.lambda$applyTransaction$6(ContainerStateMachine.java:647) ~[classes/:?]
	at java.util.concurrent.CompletableFuture$AsyncSupply.run(CompletableFuture.java:1590) [?:1.8.0_212]
	at java.util.concurrent.ThreadPoolExecutor.runWorker(ThreadPoolExecutor.java:1149) [?:1.8.0_212]
	at java.util.concurrent.ThreadPoolExecutor$Worker.run(ThreadPoolExecutor.java:624) [?:1.8.0_212]
	at java.lang.Thread.run(Thread.java:748) [?:1.8.0_212]
2019-07-30 21:54:28,862 INFO  impl.HddsDispatcher (ContainerUtils.java:logAndReturnError(146)) - Operation: PutBlock : Trace ID: 5f115565eba7bb18:5acc0a56131088dc:e62f31cbd70ae3dd:0 : Message: ContainerID 3 does not exist : Result: CONTAINER_NOT_FOUND
2019-07-30 21:54:28,862 INFO  client.GrpcClientProtocolClient (GrpcClientProtocolClient.java:onNext(255)) - client-A25604517962->50887fa7-a02d-4c77-afe3-05cf6673ad8b: receive RaftClientReply:client-A25604517962->50887fa7-a02d-4c77-afe3-05cf6673ad8b@group-5307A88AF6C4, cid=26, SUCCESS, logIndex=32, commits[50887fa7-a02d-4c77-afe3-05cf6673ad8b:c35, f8347db9-7784-4f20-99ad-01586558e65b:c31, 46126ab3-6eb4-4f8e-a14c-d1a46877e24b:c31]
21:54:28.862 [RatisApplyTransactionExecutor 3] ERROR DNAudit - user=null | ip=null | op=WRITE_CHUNK {blockData=conID: 3 locID: 102532622741733379 bcsId: 0} | ret=FAILURE
org.apache.hadoop.hdds.scm.container.common.helpers.StorageContainerException: ContainerID 3 does not exist
	at org.apache.hadoop.ozone.container.common.impl.HddsDispatcher.dispatchRequest(HddsDispatcher.java:242) ~[classes/:?]
	at org.apache.hadoop.ozone.container.common.impl.HddsDispatcher.dispatch(HddsDispatcher.java:148) ~[classes/:?]
	at org.apache.hadoop.ozone.container.common.transport.server.ratis.ContainerStateMachine.dispatchCommand(ContainerStateMachine.java:374) ~[classes/:?]
	at org.apache.hadoop.ozone.container.common.transport.server.ratis.ContainerStateMachine.runCommand(ContainerStateMachine.java:381) ~[classes/:?]
	at org.apache.hadoop.ozone.container.common.transport.server.ratis.ContainerStateMachine.lambda$applyTransaction$6(ContainerStateMachine.java:647) ~[classes/:?]
	at java.util.concurrent.CompletableFuture$AsyncSupply.run(CompletableFuture.java:1590) [?:1.8.0_212]
	at java.util.concurrent.ThreadPoolExecutor.runWorker(ThreadPoolExecutor.java:1149) [?:1.8.0_212]
	at java.util.concurrent.ThreadPoolExecutor$Worker.run(ThreadPoolExecutor.java:624) [?:1.8.0_212]
	at java.lang.Thread.run(Thread.java:748) [?:1.8.0_212]
2019-07-30 21:54:28,863 INFO  impl.HddsDispatcher (ContainerUtils.java:logAndReturnError(146)) - Operation: WriteChunk : Trace ID: 5f115565eba7bb18:61d9d3cf269d43c0:e62f31cbd70ae3dd:0 : Message: ContainerID 3 does not exist : Result: CONTAINER_NOT_FOUND
21:54:28.864 [RatisApplyTransactionExecutor 3] ERROR DNAudit - user=null | ip=null | op=PUT_BLOCK {blockData=[blockId=conID: 3 locID: 102532622741733379 bcsId: 0,size=2097152]} | ret=FAILURE
org.apache.hadoop.hdds.scm.container.common.helpers.StorageContainerException: ContainerID 3 does not exist
	at org.apache.hadoop.ozone.container.common.impl.HddsDispatcher.dispatchRequest(HddsDispatcher.java:242) ~[classes/:?]
	at org.apache.hadoop.ozone.container.common.impl.HddsDispatcher.dispatch(HddsDispatcher.java:148) ~[classes/:?]
	at org.apache.hadoop.ozone.container.common.transport.server.ratis.ContainerStateMachine.dispatchCommand(ContainerStateMachine.java:374) ~[classes/:?]
	at org.apache.hadoop.ozone.container.common.transport.server.ratis.ContainerStateMachine.runCommand(ContainerStateMachine.java:381) ~[classes/:?]
	at org.apache.hadoop.ozone.container.common.transport.server.ratis.ContainerStateMachine.lambda$applyTransaction$6(ContainerStateMachine.java:647) ~[classes/:?]
	at java.util.concurrent.CompletableFuture$AsyncSupply.run(CompletableFuture.java:1590) [?:1.8.0_212]
	at java.util.concurrent.ThreadPoolExecutor.runWorker(ThreadPoolExecutor.java:1149) [?:1.8.0_212]
	at java.util.concurrent.ThreadPoolExecutor$Worker.run(ThreadPoolExecutor.java:624) [?:1.8.0_212]
	at java.lang.Thread.run(Thread.java:748) [?:1.8.0_212]
2019-07-30 21:54:28,863 ERROR storage.BlockOutputStream (BlockOutputStream.java:validateResponse(531)) - Unexpected Storage Container Exception: 
org.apache.hadoop.hdds.scm.container.common.helpers.StorageContainerException: ContainerID 3 does not exist
	at org.apache.hadoop.hdds.scm.storage.ContainerProtocolCalls.validateContainerResponse(ContainerProtocolCalls.java:536)
	at org.apache.hadoop.hdds.scm.storage.BlockOutputStream.validateResponse(BlockOutputStream.java:529)
	at org.apache.hadoop.hdds.scm.storage.BlockOutputStream.lambda$writeChunkToContainer$2(BlockOutputStream.java:606)
	at java.util.concurrent.CompletableFuture.uniApply(CompletableFuture.java:602)
	at java.util.concurrent.CompletableFuture$UniApply.tryFire(CompletableFuture.java:577)
	at java.util.concurrent.CompletableFuture$Completion.run(CompletableFuture.java:442)
	at java.util.concurrent.ThreadPoolExecutor.runWorker(ThreadPoolExecutor.java:1149)
	at java.util.concurrent.ThreadPoolExecutor$Worker.run(ThreadPoolExecutor.java:624)
	at java.lang.Thread.run(Thread.java:748)
2019-07-30 21:54:28,864 INFO  impl.HddsDispatcher (ContainerUtils.java:logAndReturnError(146)) - Operation: PutBlock : Trace ID: 5f115565eba7bb18:9268cb740448df68:e62f31cbd70ae3dd:0 : Message: ContainerID 3 does not exist : Result: CONTAINER_NOT_FOUND
2019-07-30 21:54:28,863 INFO  client.GrpcClientProtocolClient (GrpcClientProtocolClient.java:onNext(255)) - client-A25604517962->50887fa7-a02d-4c77-afe3-05cf6673ad8b: receive RaftClientReply:client-A25604517962->50887fa7-a02d-4c77-afe3-05cf6673ad8b@group-5307A88AF6C4, cid=27, SUCCESS, logIndex=33, commits[50887fa7-a02d-4c77-afe3-05cf6673ad8b:c35, f8347db9-7784-4f20-99ad-01586558e65b:c31, 46126ab3-6eb4-4f8e-a14c-d1a46877e24b:c31]
2019-07-30 21:54:28,866 INFO  client.GrpcClientProtocolClient (GrpcClientProtocolClient.java:onNext(255)) - client-A25604517962->50887fa7-a02d-4c77-afe3-05cf6673ad8b: receive RaftClientReply:client-A25604517962->50887fa7-a02d-4c77-afe3-05cf6673ad8b@group-5307A88AF6C4, cid=28, SUCCESS, logIndex=34, commits[50887fa7-a02d-4c77-afe3-05cf6673ad8b:c35, f8347db9-7784-4f20-99ad-01586558e65b:c31, 46126ab3-6eb4-4f8e-a14c-d1a46877e24b:c31]
2019-07-30 21:54:28,866 INFO  client.GrpcClientProtocolClient (GrpcClientProtocolClient.java:onNext(255)) - client-A25604517962->50887fa7-a02d-4c77-afe3-05cf6673ad8b: receive RaftClientReply:client-A25604517962->50887fa7-a02d-4c77-afe3-05cf6673ad8b@group-5307A88AF6C4, cid=29, SUCCESS, logIndex=35, commits[50887fa7-a02d-4c77-afe3-05cf6673ad8b:c35, f8347db9-7784-4f20-99ad-01586558e65b:c31, 46126ab3-6eb4-4f8e-a14c-d1a46877e24b:c31]
2019-07-30 21:54:28,869 ERROR freon.RandomKeyGenerator (RandomKeyGenerator.java:createKey(730)) - Exception while adding key: key-0-41070 in bucket: bucket-0-70921 of volume: vol-0-41452.
java.io.IOException: Unexpected Storage Container Exception: org.apache.hadoop.hdds.scm.container.common.helpers.StorageContainerException: ContainerID 3 does not exist
	at org.apache.hadoop.hdds.scm.storage.BlockOutputStream.setIoException(BlockOutputStream.java:541)
	at org.apache.hadoop.hdds.scm.storage.BlockOutputStream.validateResponse(BlockOutputStream.java:532)
	at org.apache.hadoop.hdds.scm.storage.BlockOutputStream.lambda$writeChunkToContainer$2(BlockOutputStream.java:606)
	at java.util.concurrent.CompletableFuture.uniApply(CompletableFuture.java:602)
	at java.util.concurrent.CompletableFuture$UniApply.tryFire(CompletableFuture.java:577)
	at java.util.concurrent.CompletableFuture$Completion.run(CompletableFuture.java:442)
	at java.util.concurrent.ThreadPoolExecutor.runWorker(ThreadPoolExecutor.java:1149)
	at java.util.concurrent.ThreadPoolExecutor$Worker.run(ThreadPoolExecutor.java:624)
	at java.lang.Thread.run(Thread.java:748)
Caused by: org.apache.hadoop.hdds.scm.container.common.helpers.StorageContainerException: ContainerID 3 does not exist
	at org.apache.hadoop.hdds.scm.storage.ContainerProtocolCalls.validateContainerResponse(ContainerProtocolCalls.java:536)
	at org.apache.hadoop.hdds.scm.storage.BlockOutputStream.validateResponse(BlockOutputStream.java:529)
	... 7 more
21:54:28.872 [RatisApplyTransactionExecutor 3] ERROR DNAudit - user=null | ip=null | op=WRITE_CHUNK {blockData=conID: 3 locID: 102532622741733379 bcsId: 0} | ret=FAILURE
org.apache.hadoop.hdds.scm.container.common.helpers.StorageContainerException: ContainerID 3 does not exist
	at org.apache.hadoop.ozone.container.common.impl.HddsDispatcher.dispatchRequest(HddsDispatcher.java:242) ~[classes/:?]
	at org.apache.hadoop.ozone.container.common.impl.HddsDispatcher.dispatch(HddsDispatcher.java:148) ~[classes/:?]
	at org.apache.hadoop.ozone.container.common.transport.server.ratis.ContainerStateMachine.dispatchCommand(ContainerStateMachine.java:374) ~[classes/:?]
	at org.apache.hadoop.ozone.container.common.transport.server.ratis.ContainerStateMachine.runCommand(ContainerStateMachine.java:381) ~[classes/:?]
	at org.apache.hadoop.ozone.container.common.transport.server.ratis.ContainerStateMachine.lambda$applyTransaction$6(ContainerStateMachine.java:647) ~[classes/:?]
	at java.util.concurrent.CompletableFuture$AsyncSupply.run(CompletableFuture.java:1590) [?:1.8.0_212]
	at java.util.concurrent.ThreadPoolExecutor.runWorker(ThreadPoolExecutor.java:1149) [?:1.8.0_212]
	at java.util.concurrent.ThreadPoolExecutor$Worker.run(ThreadPoolExecutor.java:624) [?:1.8.0_212]
	at java.lang.Thread.run(Thread.java:748) [?:1.8.0_212]
21:54:28.872 [RatisApplyTransactionExecutor 3] ERROR DNAudit - user=null | ip=null | op=WRITE_CHUNK {blockData=conID: 3 locID: 102532622741733379 bcsId: 0} | ret=FAILURE
org.apache.hadoop.hdds.scm.container.common.helpers.StorageContainerException: ContainerID 3 does not exist
	at org.apache.hadoop.ozone.container.common.impl.HddsDispatcher.dispatchRequest(HddsDispatcher.java:242) ~[classes/:?]
	at org.apache.hadoop.ozone.container.common.impl.HddsDispatcher.dispatch(HddsDispatcher.java:148) ~[classes/:?]
	at org.apache.hadoop.ozone.container.common.transport.server.ratis.ContainerStateMachine.dispatchCommand(ContainerStateMachine.java:374) ~[classes/:?]
	at org.apache.hadoop.ozone.container.common.transport.server.ratis.ContainerStateMachine.runCommand(ContainerStateMachine.java:381) ~[classes/:?]
	at org.apache.hadoop.ozone.container.common.transport.server.ratis.ContainerStateMachine.lambda$applyTransaction$6(ContainerStateMachine.java:647) ~[classes/:?]
	at java.util.concurrent.CompletableFuture$AsyncSupply.run(CompletableFuture.java:1590) [?:1.8.0_212]
	at java.util.concurrent.ThreadPoolExecutor.runWorker(ThreadPoolExecutor.java:1149) [?:1.8.0_212]
	at java.util.concurrent.ThreadPoolExecutor$Worker.run(ThreadPoolExecutor.java:624) [?:1.8.0_212]
	at java.lang.Thread.run(Thread.java:748) [?:1.8.0_212]
2019-07-30 21:54:28,873 INFO  impl.HddsDispatcher (ContainerUtils.java:logAndReturnError(146)) - Operation: WriteChunk : Trace ID: 5f115565eba7bb18:ae947db0bfc4a4c4:e62f31cbd70ae3dd:0 : Message: ContainerID 3 does not exist : Result: CONTAINER_NOT_FOUND
2019-07-30 21:54:28,873 INFO  impl.HddsDispatcher (ContainerUtils.java:logAndReturnError(146)) - Operation: WriteChunk : Trace ID: 5f115565eba7bb18:ae947db0bfc4a4c4:e62f31cbd70ae3dd:0 : Message: ContainerID 3 does not exist : Result: CONTAINER_NOT_FOUND
21:54:28.873 [RatisApplyTransactionExecutor 3] ERROR DNAudit - user=null | ip=null | op=PUT_BLOCK {blockData=[blockId=conID: 3 locID: 102532622741733379 bcsId: 0,size=1048576]} | ret=FAILURE
org.apache.hadoop.hdds.scm.container.common.helpers.StorageContainerException: ContainerID 3 does not exist
	at org.apache.hadoop.ozone.container.common.impl.HddsDispatcher.dispatchRequest(HddsDispatcher.java:242) ~[classes/:?]
	at org.apache.hadoop.ozone.container.common.impl.HddsDispatcher.dispatch(HddsDispatcher.java:148) ~[classes/:?]
	at org.apache.hadoop.ozone.container.common.transport.server.ratis.ContainerStateMachine.dispatchCommand(ContainerStateMachine.java:374) ~[classes/:?]
	at org.apache.hadoop.ozone.container.common.transport.server.ratis.ContainerStateMachine.runCommand(ContainerStateMachine.java:381) ~[classes/:?]
	at org.apache.hadoop.ozone.container.common.transport.server.ratis.ContainerStateMachine.lambda$applyTransaction$6(ContainerStateMachine.java:647) ~[classes/:?]
	at java.util.concurrent.CompletableFuture$AsyncSupply.run(CompletableFuture.java:1590) [?:1.8.0_212]
	at java.util.concurrent.ThreadPoolExecutor.runWorker(ThreadPoolExecutor.java:1149) [?:1.8.0_212]
	at java.util.concurrent.ThreadPoolExecutor$Worker.run(ThreadPoolExecutor.java:624) [?:1.8.0_212]
	at java.lang.Thread.run(Thread.java:748) [?:1.8.0_212]
2019-07-30 21:54:28,873 INFO  impl.HddsDispatcher (ContainerUtils.java:logAndReturnError(146)) - Operation: PutBlock : Trace ID: 5f115565eba7bb18:5acc0a56131088dc:e62f31cbd70ae3dd:0 : Message: ContainerID 3 does not exist : Result: CONTAINER_NOT_FOUND
21:54:28.874 [RatisApplyTransactionExecutor 3] ERROR DNAudit - user=null | ip=null | op=PUT_BLOCK {blockData=[blockId=conID: 3 locID: 102532622741733379 bcsId: 0,size=1048576]} | ret=FAILURE
org.apache.hadoop.hdds.scm.container.common.helpers.StorageContainerException: ContainerID 3 does not exist
	at org.apache.hadoop.ozone.container.common.impl.HddsDispatcher.dispatchRequest(HddsDispatcher.java:242) ~[classes/:?]
	at org.apache.hadoop.ozone.container.common.impl.HddsDispatcher.dispatch(HddsDispatcher.java:148) ~[classes/:?]
	at org.apache.hadoop.ozone.container.common.transport.server.ratis.ContainerStateMachine.dispatchCommand(ContainerStateMachine.java:374) ~[classes/:?]
	at org.apache.hadoop.ozone.container.common.transport.server.ratis.ContainerStateMachine.runCommand(ContainerStateMachine.java:381) ~[classes/:?]
	at org.apache.hadoop.ozone.container.common.transport.server.ratis.ContainerStateMachine.lambda$applyTransaction$6(ContainerStateMachine.java:647) ~[classes/:?]
	at java.util.concurrent.CompletableFuture$AsyncSupply.run(CompletableFuture.java:1590) [?:1.8.0_212]
	at java.util.concurrent.ThreadPoolExecutor.runWorker(ThreadPoolExecutor.java:1149) [?:1.8.0_212]
	at java.util.concurrent.ThreadPoolExecutor$Worker.run(ThreadPoolExecutor.java:624) [?:1.8.0_212]
	at java.lang.Thread.run(Thread.java:748) [?:1.8.0_212]
2019-07-30 21:54:28,874 INFO  impl.HddsDispatcher (ContainerUtils.java:logAndReturnError(146)) - Operation: PutBlock : Trace ID: 5f115565eba7bb18:5acc0a56131088dc:e62f31cbd70ae3dd:0 : Message: ContainerID 3 does not exist : Result: CONTAINER_NOT_FOUND
21:54:28.874 [RatisApplyTransactionExecutor 3] ERROR DNAudit - user=null | ip=null | op=WRITE_CHUNK {blockData=conID: 3 locID: 102532622741733379 bcsId: 0} | ret=FAILURE
org.apache.hadoop.hdds.scm.container.common.helpers.StorageContainerException: ContainerID 3 does not exist
	at org.apache.hadoop.ozone.container.common.impl.HddsDispatcher.dispatchRequest(HddsDispatcher.java:242) ~[classes/:?]
	at org.apache.hadoop.ozone.container.common.impl.HddsDispatcher.dispatch(HddsDispatcher.java:148) ~[classes/:?]
	at org.apache.hadoop.ozone.container.common.transport.server.ratis.ContainerStateMachine.dispatchCommand(ContainerStateMachine.java:374) ~[classes/:?]
	at org.apache.hadoop.ozone.container.common.transport.server.ratis.ContainerStateMachine.runCommand(ContainerStateMachine.java:381) ~[classes/:?]
	at org.apache.hadoop.ozone.container.common.transport.server.ratis.ContainerStateMachine.lambda$applyTransaction$6(ContainerStateMachine.java:647) ~[classes/:?]
	at java.util.concurrent.CompletableFuture$AsyncSupply.run(CompletableFuture.java:1590) [?:1.8.0_212]
	at java.util.concurrent.ThreadPoolExecutor.runWorker(ThreadPoolExecutor.java:1149) [?:1.8.0_212]
	at java.util.concurrent.ThreadPoolExecutor$Worker.run(ThreadPoolExecutor.java:624) [?:1.8.0_212]
	at java.lang.Thread.run(Thread.java:748) [?:1.8.0_212]
2019-07-30 21:54:28,874 INFO  impl.HddsDispatcher (ContainerUtils.java:logAndReturnError(146)) - Operation: WriteChunk : Trace ID: 5f115565eba7bb18:61d9d3cf269d43c0:e62f31cbd70ae3dd:0 : Message: ContainerID 3 does not exist : Result: CONTAINER_NOT_FOUND
21:54:28.874 [RatisApplyTransactionExecutor 3] ERROR DNAudit - user=null | ip=null | op=WRITE_CHUNK {blockData=conID: 3 locID: 102532622741733379 bcsId: 0} | ret=FAILURE
org.apache.hadoop.hdds.scm.container.common.helpers.StorageContainerException: ContainerID 3 does not exist
	at org.apache.hadoop.ozone.container.common.impl.HddsDispatcher.dispatchRequest(HddsDispatcher.java:242) ~[classes/:?]
	at org.apache.hadoop.ozone.container.common.impl.HddsDispatcher.dispatch(HddsDispatcher.java:148) ~[classes/:?]
	at org.apache.hadoop.ozone.container.common.transport.server.ratis.ContainerStateMachine.dispatchCommand(ContainerStateMachine.java:374) ~[classes/:?]
	at org.apache.hadoop.ozone.container.common.transport.server.ratis.ContainerStateMachine.runCommand(ContainerStateMachine.java:381) ~[classes/:?]
	at org.apache.hadoop.ozone.container.common.transport.server.ratis.ContainerStateMachine.lambda$applyTransaction$6(ContainerStateMachine.java:647) ~[classes/:?]
	at java.util.concurrent.CompletableFuture$AsyncSupply.run(CompletableFuture.java:1590) [?:1.8.0_212]
	at java.util.concurrent.ThreadPoolExecutor.runWorker(ThreadPoolExecutor.java:1149) [?:1.8.0_212]
	at java.util.concurrent.ThreadPoolExecutor$Worker.run(ThreadPoolExecutor.java:624) [?:1.8.0_212]
	at java.lang.Thread.run(Thread.java:748) [?:1.8.0_212]
2019-07-30 21:54:28,875 INFO  impl.HddsDispatcher (ContainerUtils.java:logAndReturnError(146)) - Operation: WriteChunk : Trace ID: 5f115565eba7bb18:61d9d3cf269d43c0:e62f31cbd70ae3dd:0 : Message: ContainerID 3 does not exist : Result: CONTAINER_NOT_FOUND
21:54:28.875 [RatisApplyTransactionExecutor 3] ERROR DNAudit - user=null | ip=null | op=PUT_BLOCK {blockData=[blockId=conID: 3 locID: 102532622741733379 bcsId: 0,size=2097152]} | ret=FAILURE
org.apache.hadoop.hdds.scm.container.common.helpers.StorageContainerException: ContainerID 3 does not exist
	at org.apache.hadoop.ozone.container.common.impl.HddsDispatcher.dispatchRequest(HddsDispatcher.java:242) ~[classes/:?]
	at org.apache.hadoop.ozone.container.common.impl.HddsDispatcher.dispatch(HddsDispatcher.java:148) ~[classes/:?]
	at org.apache.hadoop.ozone.container.common.transport.server.ratis.ContainerStateMachine.dispatchCommand(ContainerStateMachine.java:374) ~[classes/:?]
	at org.apache.hadoop.ozone.container.common.transport.server.ratis.ContainerStateMachine.runCommand(ContainerStateMachine.java:381) ~[classes/:?]
	at org.apache.hadoop.ozone.container.common.transport.server.ratis.ContainerStateMachine.lambda$applyTransaction$6(ContainerStateMachine.java:647) ~[classes/:?]
	at java.util.concurrent.CompletableFuture$AsyncSupply.run(CompletableFuture.java:1590) [?:1.8.0_212]
	at java.util.concurrent.ThreadPoolExecutor.runWorker(ThreadPoolExecutor.java:1149) [?:1.8.0_212]
	at java.util.concurrent.ThreadPoolExecutor$Worker.run(ThreadPoolExecutor.java:624) [?:1.8.0_212]
	at java.lang.Thread.run(Thread.java:748) [?:1.8.0_212]
2019-07-30 21:54:28,875 INFO  impl.HddsDispatcher (ContainerUtils.java:logAndReturnError(146)) - Operation: PutBlock : Trace ID: 5f115565eba7bb18:9268cb740448df68:e62f31cbd70ae3dd:0 : Message: ContainerID 3 does not exist : Result: CONTAINER_NOT_FOUND
21:54:28.875 [RatisApplyTransactionExecutor 3] ERROR DNAudit - user=null | ip=null | op=PUT_BLOCK {blockData=[blockId=conID: 3 locID: 102532622741733379 bcsId: 0,size=2097152]} | ret=FAILURE
org.apache.hadoop.hdds.scm.container.common.helpers.StorageContainerException: ContainerID 3 does not exist
	at org.apache.hadoop.ozone.container.common.impl.HddsDispatcher.dispatchRequest(HddsDispatcher.java:242) ~[classes/:?]
	at org.apache.hadoop.ozone.container.common.impl.HddsDispatcher.dispatch(HddsDispatcher.java:148) ~[classes/:?]
	at org.apache.hadoop.ozone.container.common.transport.server.ratis.ContainerStateMachine.dispatchCommand(ContainerStateMachine.java:374) ~[classes/:?]
	at org.apache.hadoop.ozone.container.common.transport.server.ratis.ContainerStateMachine.runCommand(ContainerStateMachine.java:381) ~[classes/:?]
	at org.apache.hadoop.ozone.container.common.transport.server.ratis.ContainerStateMachine.lambda$applyTransaction$6(ContainerStateMachine.java:647) ~[classes/:?]
	at java.util.concurrent.CompletableFuture$AsyncSupply.run(CompletableFuture.java:1590) [?:1.8.0_212]
	at java.util.concurrent.ThreadPoolExecutor.runWorker(ThreadPoolExecutor.java:1149) [?:1.8.0_212]
	at java.util.concurrent.ThreadPoolExecutor$Worker.run(ThreadPoolExecutor.java:624) [?:1.8.0_212]
	at java.lang.Thread.run(Thread.java:748) [?:1.8.0_212]
2019-07-30 21:54:28,875 INFO  impl.HddsDispatcher (ContainerUtils.java:logAndReturnError(146)) - Operation: PutBlock : Trace ID: 5f115565eba7bb18:9268cb740448df68:e62f31cbd70ae3dd:0 : Message: ContainerID 3 does not exist : Result: CONTAINER_NOT_FOUND
 0.00% |█                                                                                                    |  0/1 Time: 0:00:07 0.00% |█                                                                                                    |  0/1 Time: 0:00:08 0.00% |█                                                                                                    |  0/1 Time: 0:00:09 100.00% |█████████████████████████████████████████████████████████████████████████████████████████████████████|  1/1 Time: 0:00:10
]]></system-out>
    <system-err><![CDATA[ERROR StatusLogger No Log4j 2 configuration file found. Using default configuration (logging only errors to the console), or user programmatically provided configurations. Set system property 'log4j2.debug' to show Log4j 2 internal initialization logging. See https://logging.apache.org/log4j/2.x/manual/configuration.html for instructions on how to configure Log4j 2
Jul 30, 2019 9:54:15 PM com.sun.jersey.server.impl.application.WebApplicationImpl _initiate
INFO: Initiating Jersey application, version 'Jersey: 1.19 02/11/2015 03:25 AM'
Jul 30, 2019 9:54:16 PM com.sun.jersey.server.impl.application.WebApplicationImpl _initiate
INFO: Initiating Jersey application, version 'Jersey: 1.19 02/11/2015 03:25 AM'
Jul 30, 2019 9:54:16 PM com.sun.jersey.server.impl.application.WebApplicationImpl _initiate
INFO: Initiating Jersey application, version 'Jersey: 1.19 02/11/2015 03:25 AM'
]]></system-err>
  </testcase>
</testsuite>