<?xml version="1.0" encoding="UTF-8"?>
<testsuite xmlns:xsi="http://www.w3.org/2001/XMLSchema-instance" xsi:noNamespaceSchemaLocation="https://maven.apache.org/surefire/maven-surefire-plugin/xsd/surefire-test-report.xsd" name="org.apache.hadoop.ozone.client.rpc.TestCommitWatcher" time="49.631" tests="2" errors="0" skipped="0" failures="1">
  <properties>
    <property name="awt.toolkit" value="sun.awt.X11.XToolkit"/>
    <property name="file.encoding.pkg" value="sun.io"/>
    <property name="java.specification.version" value="1.8"/>
    <property name="sun.cpu.isalist" value=""/>
    <property name="sun.jnu.encoding" value="UTF-8"/>
    <property name="java.class.path" value="/workdir/hadoop-ozone/integration-test/target/test-classes:/workdir/hadoop-ozone/integration-test/target/classes:/home/user/.m2/repository/org/apache/hadoop/hadoop-ozone-common/0.5.0-SNAPSHOT/hadoop-ozone-common-0.5.0-SNAPSHOT.jar:/home/user/.m2/repository/org/apache/commons/commons-compress/1.4.1/commons-compress-1.4.1.jar:/home/user/.m2/repository/org/tukaani/xz/1.0/xz-1.0.jar:/home/user/.m2/repository/org/apache/hadoop/hadoop-common/3.2.0/hadoop-common-3.2.0.jar:/home/user/.m2/repository/org/apache/hadoop/hadoop-hdfs/3.2.0/hadoop-hdfs-3.2.0.jar:/home/user/.m2/repository/org/apache/hadoop/hadoop-hdfs-client/3.2.0/hadoop-hdfs-client-3.2.0.jar:/home/user/.m2/repository/com/fasterxml/jackson/core/jackson-annotations/2.9.5/jackson-annotations-2.9.5.jar:/home/user/.m2/repository/org/apache/hadoop/hadoop-hdds-common/0.5.0-SNAPSHOT/hadoop-hdds-common-0.5.0-SNAPSHOT.jar:/home/user/.m2/repository/javax/annotation/javax.annotation-api/1.2/javax.annotation-api-1.2.jar:/home/user/.m2/repository/org/apache/ratis/ratis-server/0.4.0-2337318-SNAPSHOT/ratis-server-0.4.0-2337318-SNAPSHOT.jar:/home/user/.m2/repository/org/apache/ratis/ratis-thirdparty-misc/0.2.0/ratis-thirdparty-misc-0.2.0.jar:/home/user/.m2/repository/org/apache/ratis/ratis-proto/0.4.0-2337318-SNAPSHOT/ratis-proto-0.4.0-2337318-SNAPSHOT.jar:/home/user/.m2/repository/org/apache/ratis/ratis-common/0.4.0-2337318-SNAPSHOT/ratis-common-0.4.0-2337318-SNAPSHOT.jar:/home/user/.m2/repository/org/apache/ratis/ratis-client/0.4.0-2337318-SNAPSHOT/ratis-client-0.4.0-2337318-SNAPSHOT.jar:/home/user/.m2/repository/org/apache/ratis/ratis-metrics/0.4.0-2337318-SNAPSHOT/ratis-metrics-0.4.0-2337318-SNAPSHOT.jar:/home/user/.m2/repository/org/apache/ratis/ratis-netty/0.4.0-2337318-SNAPSHOT/ratis-netty-0.4.0-2337318-SNAPSHOT.jar:/home/user/.m2/repository/org/apache/ratis/ratis-grpc/0.4.0-2337318-SNAPSHOT/ratis-grpc-0.4.0-2337318-SNAPSHOT.jar:/home/user/.m2/repository/org/rocksdb/rocksdbjni/6.0.1/rocksdbjni-6.0.1.jar:/home/user/.m2/repository/org/apache/logging/log4j/log4j-api/2.11.0/log4j-api-2.11.0.jar:/home/user/.m2/repository/org/apache/logging/log4j/log4j-core/2.11.0/log4j-core-2.11.0.jar:/home/user/.m2/repository/com/lmax/disruptor/3.4.2/disruptor-3.4.2.jar:/home/user/.m2/repository/org/apache/commons/commons-pool2/2.6.0/commons-pool2-2.6.0.jar:/home/user/.m2/repository/org/bouncycastle/bcpkix-jdk15on/1.60/bcpkix-jdk15on-1.60.jar:/home/user/.m2/repository/commons-validator/commons-validator/1.6/commons-validator-1.6.jar:/home/user/.m2/repository/commons-digester/commons-digester/1.8.1/commons-digester-1.8.1.jar:/home/user/.m2/repository/io/jaegertracing/jaeger-client/0.33.1/jaeger-client-0.33.1.jar:/home/user/.m2/repository/io/jaegertracing/jaeger-thrift/0.33.1/jaeger-thrift-0.33.1.jar:/home/user/.m2/repository/org/apache/thrift/libthrift/0.11.0/libthrift-0.11.0.jar:/home/user/.m2/repository/com/squareup/okhttp3/okhttp/3.9.0/okhttp-3.9.0.jar:/home/user/.m2/repository/com/squareup/okio/okio/1.13.0/okio-1.13.0.jar:/home/user/.m2/repository/io/jaegertracing/jaeger-core/0.33.1/jaeger-core-0.33.1.jar:/home/user/.m2/repository/io/jaegertracing/jaeger-tracerresolver/0.33.1/jaeger-tracerresolver-0.33.1.jar:/home/user/.m2/repository/io/opentracing/contrib/opentracing-tracerresolver/0.1.5/opentracing-tracerresolver-0.1.5.jar:/home/user/.m2/repository/io/opentracing/opentracing-util/0.31.0/opentracing-util-0.31.0.jar:/home/user/.m2/repository/io/opentracing/opentracing-api/0.31.0/opentracing-api-0.31.0.jar:/home/user/.m2/repository/io/opentracing/opentracing-noop/0.31.0/opentracing-noop-0.31.0.jar:/home/user/.m2/repository/org/apache/hadoop/hadoop-hdds-server-framework/0.5.0-SNAPSHOT/hadoop-hdds-server-framework-0.5.0-SNAPSHOT.jar:/home/user/.m2/repository/org/apache/hadoop/hadoop-hdds-container-service/0.5.0-SNAPSHOT/hadoop-hdds-container-service-0.5.0-SNAPSHOT.jar:/home/user/.m2/repository/org/apache/hadoop/hadoop-hdds-client/0.5.0-SNAPSHOT/hadoop-hdds-client-0.5.0-SNAPSHOT.jar:/home/user/.m2/repository/org/apache/hadoop/hadoop-hdds-tools/0.5.0-SNAPSHOT/hadoop-hdds-tools-0.5.0-SNAPSHOT.jar:/home/user/.m2/repository/org/apache/hadoop/hadoop-hdds-server-scm/0.5.0-SNAPSHOT/hadoop-hdds-server-scm-0.5.0-SNAPSHOT.jar:/home/user/.m2/repository/org/apache/hadoop/hadoop-hdds-docs/0.5.0-SNAPSHOT/hadoop-hdds-docs-0.5.0-SNAPSHOT.jar:/home/user/.m2/repository/io/dropwizard/metrics/metrics-core/3.2.4/metrics-core-3.2.4.jar:/home/user/.m2/repository/org/hamcrest/hamcrest-all/1.3/hamcrest-all-1.3.jar:/home/user/.m2/repository/org/bouncycastle/bcprov-jdk15on/1.60/bcprov-jdk15on-1.60.jar:/home/user/.m2/repository/info/picocli/picocli/3.9.6/picocli-3.9.6.jar:/home/user/.m2/repository/com/google/protobuf/protobuf-java/2.5.0/protobuf-java-2.5.0.jar:/home/user/.m2/repository/com/google/guava/guava/11.0.2/guava-11.0.2.jar:/home/user/.m2/repository/org/apache/hadoop/hadoop-ozone-ozone-manager/0.5.0-SNAPSHOT/hadoop-ozone-ozone-manager-0.5.0-SNAPSHOT.jar:/home/user/.m2/repository/org/apache/hadoop/hadoop-minikdc/3.2.0/hadoop-minikdc-3.2.0.jar:/home/user/.m2/repository/commons-io/commons-io/2.5/commons-io-2.5.jar:/home/user/.m2/repository/org/apache/kerby/kerb-simplekdc/1.0.1/kerb-simplekdc-1.0.1.jar:/home/user/.m2/repository/org/apache/kerby/kerb-client/1.0.1/kerb-client-1.0.1.jar:/home/user/.m2/repository/org/apache/kerby/kerby-config/1.0.1/kerby-config-1.0.1.jar:/home/user/.m2/repository/org/apache/kerby/kerb-core/1.0.1/kerb-core-1.0.1.jar:/home/user/.m2/repository/org/apache/kerby/kerby-pkix/1.0.1/kerby-pkix-1.0.1.jar:/home/user/.m2/repository/org/apache/kerby/kerby-asn1/1.0.1/kerby-asn1-1.0.1.jar:/home/user/.m2/repository/org/apache/kerby/kerby-util/1.0.1/kerby-util-1.0.1.jar:/home/user/.m2/repository/org/apache/kerby/kerb-common/1.0.1/kerb-common-1.0.1.jar:/home/user/.m2/repository/org/apache/kerby/kerb-crypto/1.0.1/kerb-crypto-1.0.1.jar:/home/user/.m2/repository/org/apache/kerby/kerb-util/1.0.1/kerb-util-1.0.1.jar:/home/user/.m2/repository/org/apache/kerby/token-provider/1.0.1/token-provider-1.0.1.jar:/home/user/.m2/repository/org/apache/kerby/kerb-admin/1.0.1/kerb-admin-1.0.1.jar:/home/user/.m2/repository/org/apache/kerby/kerb-server/1.0.1/kerb-server-1.0.1.jar:/home/user/.m2/repository/org/apache/kerby/kerb-identity/1.0.1/kerb-identity-1.0.1.jar:/home/user/.m2/repository/org/apache/kerby/kerby-xdr/1.0.1/kerby-xdr-1.0.1.jar:/home/user/.m2/repository/org/slf4j/slf4j-log4j12/1.7.25/slf4j-log4j12-1.7.25.jar:/home/user/.m2/repository/org/apache/hadoop/hadoop-ozone-objectstore-service/0.5.0-SNAPSHOT/hadoop-ozone-objectstore-service-0.5.0-SNAPSHOT.jar:/home/user/.m2/repository/org/apache/hadoop/hadoop-ozone-s3gateway/0.5.0-SNAPSHOT/hadoop-ozone-s3gateway-0.5.0-SNAPSHOT.jar:/home/user/.m2/repository/org/jboss/weld/servlet/weld-servlet/2.4.7.Final/weld-servlet-2.4.7.Final.jar:/home/user/.m2/repository/org/glassfish/jersey/containers/jersey-container-servlet-core/2.27/jersey-container-servlet-core-2.27.jar:/home/user/.m2/repository/org/glassfish/hk2/external/javax.inject/2.5.0-b42/javax.inject-2.5.0-b42.jar:/home/user/.m2/repository/org/glassfish/jersey/core/jersey-common/2.27/jersey-common-2.27.jar:/home/user/.m2/repository/org/glassfish/hk2/osgi-resource-locator/1.0.1/osgi-resource-locator-1.0.1.jar:/home/user/.m2/repository/javax/ws/rs/javax.ws.rs-api/2.1/javax.ws.rs-api-2.1.jar:/home/user/.m2/repository/org/glassfish/jersey/ext/cdi/jersey-cdi1x/2.27/jersey-cdi1x-2.27.jar:/home/user/.m2/repository/org/glassfish/jersey/inject/jersey-hk2/2.27/jersey-hk2-2.27.jar:/home/user/.m2/repository/org/glassfish/hk2/hk2-locator/2.5.0-b42/hk2-locator-2.5.0-b42.jar:/home/user/.m2/repository/org/javassist/javassist/3.22.0-CR2/javassist-3.22.0-CR2.jar:/home/user/.m2/repository/org/glassfish/hk2/hk2-api/2.5.0/hk2-api-2.5.0.jar:/home/user/.m2/repository/org/glassfish/hk2/external/jakarta.inject/2.5.0/jakarta.inject-2.5.0.jar:/home/user/.m2/repository/org/glassfish/hk2/hk2-utils/2.5.0/hk2-utils-2.5.0.jar:/home/user/.m2/repository/jakarta/annotation/jakarta.annotation-api/1.3.4/jakarta.annotation-api-1.3.4.jar:/home/user/.m2/repository/org/glassfish/hk2/external/aopalliance-repackaged/2.5.0/aopalliance-repackaged-2.5.0.jar:/home/user/.m2/repository/com/fasterxml/jackson/dataformat/jackson-dataformat-xml/2.9.0/jackson-dataformat-xml-2.9.0.jar:/home/user/.m2/repository/com/fasterxml/jackson/core/jackson-core/2.9.5/jackson-core-2.9.5.jar:/home/user/.m2/repository/com/fasterxml/jackson/module/jackson-module-jaxb-annotations/2.9.5/jackson-module-jaxb-annotations-2.9.5.jar:/home/user/.m2/repository/javax/enterprise/cdi-api/1.2/cdi-api-1.2.jar:/home/user/.m2/repository/javax/el/javax.el-api/3.0.0/javax.el-api-3.0.0.jar:/home/user/.m2/repository/javax/interceptor/javax.interceptor-api/1.2/javax.interceptor-api-1.2.jar:/home/user/.m2/repository/javax/inject/javax.inject/1/javax.inject-1.jar:/home/user/.m2/repository/com/sun/xml/bind/jaxb-impl/2.3.0.1/jaxb-impl-2.3.0.1.jar:/home/user/.m2/repository/com/sun/xml/bind/jaxb-core/2.3.0.1/jaxb-core-2.3.0.1.jar:/home/user/.m2/repository/javax/xml/bind/jaxb-api/2.3.0/jaxb-api-2.3.0.jar:/home/user/.m2/repository/javax/activation/activation/1.1.1/activation-1.1.1.jar:/home/user/.m2/repository/org/apache/hadoop/hadoop-ozone-csi/0.5.0-SNAPSHOT/hadoop-ozone-csi-0.5.0-SNAPSHOT.jar:/home/user/.m2/repository/com/google/protobuf/protobuf-java-util/3.5.1/protobuf-java-util-3.5.1.jar:/home/user/.m2/repository/org/apache/hadoop/hadoop-hdds-config/0.5.0-SNAPSHOT/hadoop-hdds-config-0.5.0-SNAPSHOT.jar:/home/user/.m2/repository/io/grpc/grpc-netty/1.17.1/grpc-netty-1.17.1.jar:/home/user/.m2/repository/io/grpc/grpc-core/1.17.1/grpc-core-1.17.1.jar:/home/user/.m2/repository/io/grpc/grpc-context/1.17.1/grpc-context-1.17.1.jar:/home/user/.m2/repository/com/google/errorprone/error_prone_annotations/2.2.0/error_prone_annotations-2.2.0.jar:/home/user/.m2/repository/org/codehaus/mojo/animal-sniffer-annotations/1.17/animal-sniffer-annotations-1.17.jar:/home/user/.m2/repository/io/opencensus/opencensus-api/0.17.0/opencensus-api-0.17.0.jar:/home/user/.m2/repository/io/opencensus/opencensus-contrib-grpc-metrics/0.17.0/opencensus-contrib-grpc-metrics-0.17.0.jar:/home/user/.m2/repository/io/netty/netty-codec-http2/4.1.30.Final/netty-codec-http2-4.1.30.Final.jar:/home/user/.m2/repository/io/netty/netty-codec-http/4.1.30.Final/netty-codec-http-4.1.30.Final.jar:/home/user/.m2/repository/io/netty/netty-codec/4.1.30.Final/netty-codec-4.1.30.Final.jar:/home/user/.m2/repository/io/netty/netty-handler/4.1.30.Final/netty-handler-4.1.30.Final.jar:/home/user/.m2/repository/io/netty/netty-handler-proxy/4.1.30.Final/netty-handler-proxy-4.1.30.Final.jar:/home/user/.m2/repository/io/netty/netty-codec-socks/4.1.30.Final/netty-codec-socks-4.1.30.Final.jar:/home/user/.m2/repository/io/netty/netty-transport-native-epoll/4.1.30.Final/netty-transport-native-epoll-4.1.30.Final.jar:/home/user/.m2/repository/io/netty/netty-common/4.1.30.Final/netty-common-4.1.30.Final.jar:/home/user/.m2/repository/io/netty/netty-buffer/4.1.30.Final/netty-buffer-4.1.30.Final.jar:/home/user/.m2/repository/io/netty/netty-transport/4.1.30.Final/netty-transport-4.1.30.Final.jar:/home/user/.m2/repository/io/netty/netty-resolver/4.1.30.Final/netty-resolver-4.1.30.Final.jar:/home/user/.m2/repository/io/netty/netty-transport-native-unix-common/4.1.30.Final/netty-transport-native-unix-common-4.1.30.Final.jar:/home/user/.m2/repository/io/grpc/grpc-protobuf/1.17.1/grpc-protobuf-1.17.1.jar:/home/user/.m2/repository/com/google/api/grpc/proto-google-common-protos/1.0.0/proto-google-common-protos-1.0.0.jar:/home/user/.m2/repository/io/grpc/grpc-protobuf-lite/1.17.1/grpc-protobuf-lite-1.17.1.jar:/home/user/.m2/repository/io/grpc/grpc-stub/1.17.1/grpc-stub-1.17.1.jar:/home/user/.m2/repository/org/apache/hadoop/hadoop-ozone-recon/0.5.0-SNAPSHOT/hadoop-ozone-recon-0.5.0-SNAPSHOT.jar:/home/user/.m2/repository/org/apache/hadoop/hadoop-ozone-reconcodegen/0.5.0-SNAPSHOT/hadoop-ozone-reconcodegen-0.5.0-SNAPSHOT.jar:/home/user/.m2/repository/com/google/inject/extensions/guice-multibindings/4.0/guice-multibindings-4.0.jar:/home/user/.m2/repository/com/google/inject/guice/4.0/guice-4.0.jar:/home/user/.m2/repository/aopalliance/aopalliance/1.0/aopalliance-1.0.jar:/home/user/.m2/repository/com/google/inject/extensions/guice-servlet/4.0/guice-servlet-4.0.jar:/home/user/.m2/repository/org/glassfish/jersey/containers/jersey-container-servlet/2.27/jersey-container-servlet-2.27.jar:/home/user/.m2/repository/org/glassfish/hk2/guice-bridge/2.5.0/guice-bridge-2.5.0.jar:/home/user/.m2/repository/org/glassfish/jersey/core/jersey-server/2.27/jersey-server-2.27.jar:/home/user/.m2/repository/org/glassfish/jersey/core/jersey-client/2.27/jersey-client-2.27.jar:/home/user/.m2/repository/org/glassfish/jersey/media/jersey-media-jaxb/2.27/jersey-media-jaxb-2.27.jar:/home/user/.m2/repository/javax/validation/validation-api/1.1.0.Final/validation-api-1.1.0.Final.jar:/home/user/.m2/repository/org/glassfish/jersey/media/jersey-media-json-jackson/2.27/jersey-media-json-jackson-2.27.jar:/home/user/.m2/repository/org/glassfish/jersey/ext/jersey-entity-filtering/2.27/jersey-entity-filtering-2.27.jar:/home/user/.m2/repository/com/google/inject/extensions/guice-assistedinject/4.0/guice-assistedinject-4.0.jar:/home/user/.m2/repository/org/jooq/jooq/3.11.10/jooq-3.11.10.jar:/home/user/.m2/repository/org/jooq/jooq-meta/3.11.10/jooq-meta-3.11.10.jar:/home/user/.m2/repository/org/jooq/jooq-codegen/3.11.10/jooq-codegen-3.11.10.jar:/home/user/.m2/repository/com/jolbox/bonecp/0.8.0.RELEASE/bonecp-0.8.0.RELEASE.jar:/home/user/.m2/repository/org/xerial/sqlite-jdbc/3.25.2/sqlite-jdbc-3.25.2.jar:/home/user/.m2/repository/org/springframework/spring-jdbc/5.1.3.RELEASE/spring-jdbc-5.1.3.RELEASE.jar:/home/user/.m2/repository/org/springframework/spring-beans/5.1.3.RELEASE/spring-beans-5.1.3.RELEASE.jar:/home/user/.m2/repository/org/springframework/spring-core/5.1.3.RELEASE/spring-core-5.1.3.RELEASE.jar:/home/user/.m2/repository/org/springframework/spring-jcl/5.1.3.RELEASE/spring-jcl-5.1.3.RELEASE.jar:/home/user/.m2/repository/org/springframework/spring-tx/5.1.3.RELEASE/spring-tx-5.1.3.RELEASE.jar:/home/user/.m2/repository/org/apache/hadoop/hadoop-ozone-client/0.5.0-SNAPSHOT/hadoop-ozone-client-0.5.0-SNAPSHOT.jar:/home/user/.m2/repository/commons-lang/commons-lang/2.6/commons-lang-2.6.jar:/home/user/.m2/repository/org/apache/hadoop/hadoop-ozone-ozone-manager/0.5.0-SNAPSHOT/hadoop-ozone-ozone-manager-0.5.0-SNAPSHOT-tests.jar:/home/user/.m2/repository/junit/junit/4.11/junit-4.11.jar:/home/user/.m2/repository/org/hamcrest/hamcrest-core/1.3/hamcrest-core-1.3.jar:/home/user/.m2/repository/org/openjdk/jmh/jmh-core/1.19/jmh-core-1.19.jar:/home/user/.m2/repository/net/sf/jopt-simple/jopt-simple/4.6/jopt-simple-4.6.jar:/home/user/.m2/repository/org/apache/commons/commons-math3/3.1.1/commons-math3-3.1.1.jar:/home/user/.m2/repository/org/openjdk/jmh/jmh-generator-annprocess/1.19/jmh-generator-annprocess-1.19.jar:/home/user/.m2/repository/org/mockito/mockito-all/1.8.5/mockito-all-1.8.5.jar:/home/user/.m2/repository/org/apache/hadoop/hadoop-kms/3.2.0/hadoop-kms-3.2.0.jar:/home/user/.m2/repository/org/apache/hadoop/hadoop-auth/3.2.0/hadoop-auth-3.2.0.jar:/home/user/.m2/repository/com/nimbusds/nimbus-jose-jwt/4.41.1/nimbus-jose-jwt-4.41.1.jar:/home/user/.m2/repository/com/github/stephenc/jcip/jcip-annotations/1.0-1/jcip-annotations-1.0-1.jar:/home/user/.m2/repository/net/minidev/json-smart/2.3/json-smart-2.3.jar:/home/user/.m2/repository/net/minidev/accessors-smart/1.2/accessors-smart-1.2.jar:/home/user/.m2/repository/org/ow2/asm/asm/5.0.4/asm-5.0.4.jar:/home/user/.m2/repository/org/apache/curator/curator-framework/2.12.0/curator-framework-2.12.0.jar:/home/user/.m2/repository/com/sun/jersey/jersey-core/1.19/jersey-core-1.19.jar:/home/user/.m2/repository/javax/ws/rs/jsr311-api/1.1.1/jsr311-api-1.1.1.jar:/home/user/.m2/repository/com/sun/jersey/jersey-server/1.19/jersey-server-1.19.jar:/home/user/.m2/repository/javax/servlet/javax.servlet-api/3.1.0/javax.servlet-api-3.1.0.jar:/home/user/.m2/repository/org/eclipse/jetty/jetty-server/9.3.24.v20180605/jetty-server-9.3.24.v20180605.jar:/home/user/.m2/repository/org/eclipse/jetty/jetty-http/9.3.24.v20180605/jetty-http-9.3.24.v20180605.jar:/home/user/.m2/repository/org/eclipse/jetty/jetty-io/9.3.24.v20180605/jetty-io-9.3.24.v20180605.jar:/home/user/.m2/repository/org/eclipse/jetty/jetty-webapp/9.3.24.v20180605/jetty-webapp-9.3.24.v20180605.jar:/home/user/.m2/repository/org/eclipse/jetty/jetty-xml/9.3.24.v20180605/jetty-xml-9.3.24.v20180605.jar:/home/user/.m2/repository/log4j/log4j/1.2.17/log4j-1.2.17.jar:/home/user/.m2/repository/org/slf4j/slf4j-api/1.7.25/slf4j-api-1.7.25.jar:/home/user/.m2/repository/org/slf4j/jul-to-slf4j/1.7.25/jul-to-slf4j-1.7.25.jar:/home/user/.m2/repository/org/eclipse/jetty/jetty-util/9.3.24.v20180605/jetty-util-9.3.24.v20180605.jar:/home/user/.m2/repository/com/fasterxml/jackson/core/jackson-databind/2.9.5/jackson-databind-2.9.5.jar:/home/user/.m2/repository/org/apache/hadoop/hadoop-kms/3.2.0/hadoop-kms-3.2.0-tests.jar:/home/user/.m2/repository/org/apache/hadoop/hadoop-hdds-server-scm/0.5.0-SNAPSHOT/hadoop-hdds-server-scm-0.5.0-SNAPSHOT-tests.jar:/home/user/.m2/repository/org/apache/hadoop/hadoop-hdds-container-service/0.5.0-SNAPSHOT/hadoop-hdds-container-service-0.5.0-SNAPSHOT-tests.jar:/home/user/.m2/repository/org/yaml/snakeyaml/1.16/snakeyaml-1.16.jar:/home/user/.m2/repository/org/apache/hadoop/hadoop-common/3.2.0/hadoop-common-3.2.0-tests.jar:/home/user/.m2/repository/org/apache/hadoop/hadoop-annotations/3.2.0/hadoop-annotations-3.2.0.jar:/usr/lib/jvm/java-1.8-openjdk/jre/../lib/tools.jar:/home/user/.m2/repository/commons-cli/commons-cli/1.2/commons-cli-1.2.jar:/home/user/.m2/repository/org/apache/httpcomponents/httpclient/4.5.2/httpclient-4.5.2.jar:/home/user/.m2/repository/org/apache/httpcomponents/httpcore/4.4.4/httpcore-4.4.4.jar:/home/user/.m2/repository/commons-codec/commons-codec/1.11/commons-codec-1.11.jar:/home/user/.m2/repository/commons-net/commons-net/3.6/commons-net-3.6.jar:/home/user/.m2/repository/commons-collections/commons-collections/3.2.2/commons-collections-3.2.2.jar:/home/user/.m2/repository/org/eclipse/jetty/jetty-servlet/9.3.24.v20180605/jetty-servlet-9.3.24.v20180605.jar:/home/user/.m2/repository/org/eclipse/jetty/jetty-security/9.3.24.v20180605/jetty-security-9.3.24.v20180605.jar:/home/user/.m2/repository/javax/servlet/jsp/jsp-api/2.1/jsp-api-2.1.jar:/home/user/.m2/repository/com/sun/jersey/jersey-servlet/1.19/jersey-servlet-1.19.jar:/home/user/.m2/repository/com/sun/jersey/jersey-json/1.19/jersey-json-1.19.jar:/home/user/.m2/repository/org/codehaus/jettison/jettison/1.1/jettison-1.1.jar:/home/user/.m2/repository/org/codehaus/jackson/jackson-core-asl/1.9.13/jackson-core-asl-1.9.13.jar:/home/user/.m2/repository/org/codehaus/jackson/jackson-mapper-asl/1.9.13/jackson-mapper-asl-1.9.13.jar:/home/user/.m2/repository/org/codehaus/jackson/jackson-jaxrs/1.9.13/jackson-jaxrs-1.9.13.jar:/home/user/.m2/repository/org/codehaus/jackson/jackson-xc/1.9.13/jackson-xc-1.9.13.jar:/home/user/.m2/repository/commons-logging/commons-logging/1.1.3/commons-logging-1.1.3.jar:/home/user/.m2/repository/commons-beanutils/commons-beanutils/1.9.3/commons-beanutils-1.9.3.jar:/home/user/.m2/repository/org/apache/commons/commons-configuration2/2.1.1/commons-configuration2-2.1.1.jar:/home/user/.m2/repository/org/apache/commons/commons-lang3/3.7/commons-lang3-3.7.jar:/home/user/.m2/repository/org/apache/commons/commons-text/1.4/commons-text-1.4.jar:/home/user/.m2/repository/org/apache/avro/avro/1.7.7/avro-1.7.7.jar:/home/user/.m2/repository/com/thoughtworks/paranamer/paranamer/2.3/paranamer-2.3.jar:/home/user/.m2/repository/org/xerial/snappy/snappy-java/1.0.5/snappy-java-1.0.5.jar:/home/user/.m2/repository/com/google/re2j/re2j/1.1/re2j-1.1.jar:/home/user/.m2/repository/com/google/code/gson/gson/2.2.4/gson-2.2.4.jar:/home/user/.m2/repository/com/jcraft/jsch/0.1.54/jsch-0.1.54.jar:/home/user/.m2/repository/org/apache/curator/curator-client/2.12.0/curator-client-2.12.0.jar:/home/user/.m2/repository/org/apache/curator/curator-recipes/2.12.0/curator-recipes-2.12.0.jar:/home/user/.m2/repository/com/google/code/findbugs/jsr305/3.0.0/jsr305-3.0.0.jar:/home/user/.m2/repository/org/apache/htrace/htrace-core4/4.1.0-incubating/htrace-core4-4.1.0-incubating.jar:/home/user/.m2/repository/org/apache/zookeeper/zookeeper/3.4.13/zookeeper-3.4.13.jar:/home/user/.m2/repository/org/apache/yetus/audience-annotations/0.5.0/audience-annotations-0.5.0.jar:/home/user/.m2/repository/org/codehaus/woodstox/stax2-api/3.1.4/stax2-api-3.1.4.jar:/home/user/.m2/repository/com/fasterxml/woodstox/woodstox-core/5.0.3/woodstox-core-5.0.3.jar:/home/user/.m2/repository/dnsjava/dnsjava/2.1.7/dnsjava-2.1.7.jar:/home/user/.m2/repository/org/apache/hadoop/hadoop-hdfs/3.2.0/hadoop-hdfs-3.2.0-tests.jar:/home/user/.m2/repository/org/eclipse/jetty/jetty-util-ajax/9.3.24.v20180605/jetty-util-ajax-9.3.24.v20180605.jar:/home/user/.m2/repository/commons-daemon/commons-daemon/1.0.13/commons-daemon-1.0.13.jar:/home/user/.m2/repository/io/netty/netty/3.10.5.Final/netty-3.10.5.Final.jar:/home/user/.m2/repository/io/netty/netty-all/4.0.52.Final/netty-all-4.0.52.Final.jar:/home/user/.m2/repository/org/fusesource/leveldbjni/leveldbjni-all/1.8/leveldbjni-all-1.8.jar:"/>
    <property name="java.vm.vendor" value="IcedTea"/>
    <property name="sun.arch.data.model" value="64"/>
    <property name="test.build.dir" value="/workdir/hadoop-ozone/integration-test/target/test-dir"/>
    <property name="test.cache.data" value=""/>
    <property name="java.vendor.url" value="https://icedtea.classpath.org"/>
    <property name="user.timezone" value=""/>
    <property name="java.vm.specification.version" value="1.8"/>
    <property name="os.name" value="Linux"/>
    <property name="test.build.data" value="/workdir/hadoop-ozone/integration-test/target/test-dir"/>
    <property name="user.country" value="US"/>
    <property name="sun.java.launcher" value="SUN_STANDARD"/>
    <property name="sun.boot.library.path" value="/usr/lib/jvm/java-1.8-openjdk/jre/lib/amd64"/>
    <property name="sun.java.command" value="/workdir/hadoop-ozone/integration-test/target/surefire/surefirebooter532434452100718802.jar /workdir/hadoop-ozone/integration-test/target/surefire 2019-08-28T15-00-22_852-jvmRun1 surefire3315788310675452780tmp surefire_258701279427524174883tmp"/>
    <property name="test" value="!TestMiniChaosOzoneCluster"/>
    <property name="surefire.test.class.path" value="/workdir/hadoop-ozone/integration-test/target/test-classes:/workdir/hadoop-ozone/integration-test/target/classes:/home/user/.m2/repository/org/apache/hadoop/hadoop-ozone-common/0.5.0-SNAPSHOT/hadoop-ozone-common-0.5.0-SNAPSHOT.jar:/home/user/.m2/repository/org/apache/commons/commons-compress/1.4.1/commons-compress-1.4.1.jar:/home/user/.m2/repository/org/tukaani/xz/1.0/xz-1.0.jar:/home/user/.m2/repository/org/apache/hadoop/hadoop-common/3.2.0/hadoop-common-3.2.0.jar:/home/user/.m2/repository/org/apache/hadoop/hadoop-hdfs/3.2.0/hadoop-hdfs-3.2.0.jar:/home/user/.m2/repository/org/apache/hadoop/hadoop-hdfs-client/3.2.0/hadoop-hdfs-client-3.2.0.jar:/home/user/.m2/repository/com/fasterxml/jackson/core/jackson-annotations/2.9.5/jackson-annotations-2.9.5.jar:/home/user/.m2/repository/org/apache/hadoop/hadoop-hdds-common/0.5.0-SNAPSHOT/hadoop-hdds-common-0.5.0-SNAPSHOT.jar:/home/user/.m2/repository/javax/annotation/javax.annotation-api/1.2/javax.annotation-api-1.2.jar:/home/user/.m2/repository/org/apache/ratis/ratis-server/0.4.0-2337318-SNAPSHOT/ratis-server-0.4.0-2337318-SNAPSHOT.jar:/home/user/.m2/repository/org/apache/ratis/ratis-thirdparty-misc/0.2.0/ratis-thirdparty-misc-0.2.0.jar:/home/user/.m2/repository/org/apache/ratis/ratis-proto/0.4.0-2337318-SNAPSHOT/ratis-proto-0.4.0-2337318-SNAPSHOT.jar:/home/user/.m2/repository/org/apache/ratis/ratis-common/0.4.0-2337318-SNAPSHOT/ratis-common-0.4.0-2337318-SNAPSHOT.jar:/home/user/.m2/repository/org/apache/ratis/ratis-client/0.4.0-2337318-SNAPSHOT/ratis-client-0.4.0-2337318-SNAPSHOT.jar:/home/user/.m2/repository/org/apache/ratis/ratis-metrics/0.4.0-2337318-SNAPSHOT/ratis-metrics-0.4.0-2337318-SNAPSHOT.jar:/home/user/.m2/repository/org/apache/ratis/ratis-netty/0.4.0-2337318-SNAPSHOT/ratis-netty-0.4.0-2337318-SNAPSHOT.jar:/home/user/.m2/repository/org/apache/ratis/ratis-grpc/0.4.0-2337318-SNAPSHOT/ratis-grpc-0.4.0-2337318-SNAPSHOT.jar:/home/user/.m2/repository/org/rocksdb/rocksdbjni/6.0.1/rocksdbjni-6.0.1.jar:/home/user/.m2/repository/org/apache/logging/log4j/log4j-api/2.11.0/log4j-api-2.11.0.jar:/home/user/.m2/repository/org/apache/logging/log4j/log4j-core/2.11.0/log4j-core-2.11.0.jar:/home/user/.m2/repository/com/lmax/disruptor/3.4.2/disruptor-3.4.2.jar:/home/user/.m2/repository/org/apache/commons/commons-pool2/2.6.0/commons-pool2-2.6.0.jar:/home/user/.m2/repository/org/bouncycastle/bcpkix-jdk15on/1.60/bcpkix-jdk15on-1.60.jar:/home/user/.m2/repository/commons-validator/commons-validator/1.6/commons-validator-1.6.jar:/home/user/.m2/repository/commons-digester/commons-digester/1.8.1/commons-digester-1.8.1.jar:/home/user/.m2/repository/io/jaegertracing/jaeger-client/0.33.1/jaeger-client-0.33.1.jar:/home/user/.m2/repository/io/jaegertracing/jaeger-thrift/0.33.1/jaeger-thrift-0.33.1.jar:/home/user/.m2/repository/org/apache/thrift/libthrift/0.11.0/libthrift-0.11.0.jar:/home/user/.m2/repository/com/squareup/okhttp3/okhttp/3.9.0/okhttp-3.9.0.jar:/home/user/.m2/repository/com/squareup/okio/okio/1.13.0/okio-1.13.0.jar:/home/user/.m2/repository/io/jaegertracing/jaeger-core/0.33.1/jaeger-core-0.33.1.jar:/home/user/.m2/repository/io/jaegertracing/jaeger-tracerresolver/0.33.1/jaeger-tracerresolver-0.33.1.jar:/home/user/.m2/repository/io/opentracing/contrib/opentracing-tracerresolver/0.1.5/opentracing-tracerresolver-0.1.5.jar:/home/user/.m2/repository/io/opentracing/opentracing-util/0.31.0/opentracing-util-0.31.0.jar:/home/user/.m2/repository/io/opentracing/opentracing-api/0.31.0/opentracing-api-0.31.0.jar:/home/user/.m2/repository/io/opentracing/opentracing-noop/0.31.0/opentracing-noop-0.31.0.jar:/home/user/.m2/repository/org/apache/hadoop/hadoop-hdds-server-framework/0.5.0-SNAPSHOT/hadoop-hdds-server-framework-0.5.0-SNAPSHOT.jar:/home/user/.m2/repository/org/apache/hadoop/hadoop-hdds-container-service/0.5.0-SNAPSHOT/hadoop-hdds-container-service-0.5.0-SNAPSHOT.jar:/home/user/.m2/repository/org/apache/hadoop/hadoop-hdds-client/0.5.0-SNAPSHOT/hadoop-hdds-client-0.5.0-SNAPSHOT.jar:/home/user/.m2/repository/org/apache/hadoop/hadoop-hdds-tools/0.5.0-SNAPSHOT/hadoop-hdds-tools-0.5.0-SNAPSHOT.jar:/home/user/.m2/repository/org/apache/hadoop/hadoop-hdds-server-scm/0.5.0-SNAPSHOT/hadoop-hdds-server-scm-0.5.0-SNAPSHOT.jar:/home/user/.m2/repository/org/apache/hadoop/hadoop-hdds-docs/0.5.0-SNAPSHOT/hadoop-hdds-docs-0.5.0-SNAPSHOT.jar:/home/user/.m2/repository/io/dropwizard/metrics/metrics-core/3.2.4/metrics-core-3.2.4.jar:/home/user/.m2/repository/org/hamcrest/hamcrest-all/1.3/hamcrest-all-1.3.jar:/home/user/.m2/repository/org/bouncycastle/bcprov-jdk15on/1.60/bcprov-jdk15on-1.60.jar:/home/user/.m2/repository/info/picocli/picocli/3.9.6/picocli-3.9.6.jar:/home/user/.m2/repository/com/google/protobuf/protobuf-java/2.5.0/protobuf-java-2.5.0.jar:/home/user/.m2/repository/com/google/guava/guava/11.0.2/guava-11.0.2.jar:/home/user/.m2/repository/org/apache/hadoop/hadoop-ozone-ozone-manager/0.5.0-SNAPSHOT/hadoop-ozone-ozone-manager-0.5.0-SNAPSHOT.jar:/home/user/.m2/repository/org/apache/hadoop/hadoop-minikdc/3.2.0/hadoop-minikdc-3.2.0.jar:/home/user/.m2/repository/commons-io/commons-io/2.5/commons-io-2.5.jar:/home/user/.m2/repository/org/apache/kerby/kerb-simplekdc/1.0.1/kerb-simplekdc-1.0.1.jar:/home/user/.m2/repository/org/apache/kerby/kerb-client/1.0.1/kerb-client-1.0.1.jar:/home/user/.m2/repository/org/apache/kerby/kerby-config/1.0.1/kerby-config-1.0.1.jar:/home/user/.m2/repository/org/apache/kerby/kerb-core/1.0.1/kerb-core-1.0.1.jar:/home/user/.m2/repository/org/apache/kerby/kerby-pkix/1.0.1/kerby-pkix-1.0.1.jar:/home/user/.m2/repository/org/apache/kerby/kerby-asn1/1.0.1/kerby-asn1-1.0.1.jar:/home/user/.m2/repository/org/apache/kerby/kerby-util/1.0.1/kerby-util-1.0.1.jar:/home/user/.m2/repository/org/apache/kerby/kerb-common/1.0.1/kerb-common-1.0.1.jar:/home/user/.m2/repository/org/apache/kerby/kerb-crypto/1.0.1/kerb-crypto-1.0.1.jar:/home/user/.m2/repository/org/apache/kerby/kerb-util/1.0.1/kerb-util-1.0.1.jar:/home/user/.m2/repository/org/apache/kerby/token-provider/1.0.1/token-provider-1.0.1.jar:/home/user/.m2/repository/org/apache/kerby/kerb-admin/1.0.1/kerb-admin-1.0.1.jar:/home/user/.m2/repository/org/apache/kerby/kerb-server/1.0.1/kerb-server-1.0.1.jar:/home/user/.m2/repository/org/apache/kerby/kerb-identity/1.0.1/kerb-identity-1.0.1.jar:/home/user/.m2/repository/org/apache/kerby/kerby-xdr/1.0.1/kerby-xdr-1.0.1.jar:/home/user/.m2/repository/org/slf4j/slf4j-log4j12/1.7.25/slf4j-log4j12-1.7.25.jar:/home/user/.m2/repository/org/apache/hadoop/hadoop-ozone-objectstore-service/0.5.0-SNAPSHOT/hadoop-ozone-objectstore-service-0.5.0-SNAPSHOT.jar:/home/user/.m2/repository/org/apache/hadoop/hadoop-ozone-s3gateway/0.5.0-SNAPSHOT/hadoop-ozone-s3gateway-0.5.0-SNAPSHOT.jar:/home/user/.m2/repository/org/jboss/weld/servlet/weld-servlet/2.4.7.Final/weld-servlet-2.4.7.Final.jar:/home/user/.m2/repository/org/glassfish/jersey/containers/jersey-container-servlet-core/2.27/jersey-container-servlet-core-2.27.jar:/home/user/.m2/repository/org/glassfish/hk2/external/javax.inject/2.5.0-b42/javax.inject-2.5.0-b42.jar:/home/user/.m2/repository/org/glassfish/jersey/core/jersey-common/2.27/jersey-common-2.27.jar:/home/user/.m2/repository/org/glassfish/hk2/osgi-resource-locator/1.0.1/osgi-resource-locator-1.0.1.jar:/home/user/.m2/repository/javax/ws/rs/javax.ws.rs-api/2.1/javax.ws.rs-api-2.1.jar:/home/user/.m2/repository/org/glassfish/jersey/ext/cdi/jersey-cdi1x/2.27/jersey-cdi1x-2.27.jar:/home/user/.m2/repository/org/glassfish/jersey/inject/jersey-hk2/2.27/jersey-hk2-2.27.jar:/home/user/.m2/repository/org/glassfish/hk2/hk2-locator/2.5.0-b42/hk2-locator-2.5.0-b42.jar:/home/user/.m2/repository/org/javassist/javassist/3.22.0-CR2/javassist-3.22.0-CR2.jar:/home/user/.m2/repository/org/glassfish/hk2/hk2-api/2.5.0/hk2-api-2.5.0.jar:/home/user/.m2/repository/org/glassfish/hk2/external/jakarta.inject/2.5.0/jakarta.inject-2.5.0.jar:/home/user/.m2/repository/org/glassfish/hk2/hk2-utils/2.5.0/hk2-utils-2.5.0.jar:/home/user/.m2/repository/jakarta/annotation/jakarta.annotation-api/1.3.4/jakarta.annotation-api-1.3.4.jar:/home/user/.m2/repository/org/glassfish/hk2/external/aopalliance-repackaged/2.5.0/aopalliance-repackaged-2.5.0.jar:/home/user/.m2/repository/com/fasterxml/jackson/dataformat/jackson-dataformat-xml/2.9.0/jackson-dataformat-xml-2.9.0.jar:/home/user/.m2/repository/com/fasterxml/jackson/core/jackson-core/2.9.5/jackson-core-2.9.5.jar:/home/user/.m2/repository/com/fasterxml/jackson/module/jackson-module-jaxb-annotations/2.9.5/jackson-module-jaxb-annotations-2.9.5.jar:/home/user/.m2/repository/javax/enterprise/cdi-api/1.2/cdi-api-1.2.jar:/home/user/.m2/repository/javax/el/javax.el-api/3.0.0/javax.el-api-3.0.0.jar:/home/user/.m2/repository/javax/interceptor/javax.interceptor-api/1.2/javax.interceptor-api-1.2.jar:/home/user/.m2/repository/javax/inject/javax.inject/1/javax.inject-1.jar:/home/user/.m2/repository/com/sun/xml/bind/jaxb-impl/2.3.0.1/jaxb-impl-2.3.0.1.jar:/home/user/.m2/repository/com/sun/xml/bind/jaxb-core/2.3.0.1/jaxb-core-2.3.0.1.jar:/home/user/.m2/repository/javax/xml/bind/jaxb-api/2.3.0/jaxb-api-2.3.0.jar:/home/user/.m2/repository/javax/activation/activation/1.1.1/activation-1.1.1.jar:/home/user/.m2/repository/org/apache/hadoop/hadoop-ozone-csi/0.5.0-SNAPSHOT/hadoop-ozone-csi-0.5.0-SNAPSHOT.jar:/home/user/.m2/repository/com/google/protobuf/protobuf-java-util/3.5.1/protobuf-java-util-3.5.1.jar:/home/user/.m2/repository/org/apache/hadoop/hadoop-hdds-config/0.5.0-SNAPSHOT/hadoop-hdds-config-0.5.0-SNAPSHOT.jar:/home/user/.m2/repository/io/grpc/grpc-netty/1.17.1/grpc-netty-1.17.1.jar:/home/user/.m2/repository/io/grpc/grpc-core/1.17.1/grpc-core-1.17.1.jar:/home/user/.m2/repository/io/grpc/grpc-context/1.17.1/grpc-context-1.17.1.jar:/home/user/.m2/repository/com/google/errorprone/error_prone_annotations/2.2.0/error_prone_annotations-2.2.0.jar:/home/user/.m2/repository/org/codehaus/mojo/animal-sniffer-annotations/1.17/animal-sniffer-annotations-1.17.jar:/home/user/.m2/repository/io/opencensus/opencensus-api/0.17.0/opencensus-api-0.17.0.jar:/home/user/.m2/repository/io/opencensus/opencensus-contrib-grpc-metrics/0.17.0/opencensus-contrib-grpc-metrics-0.17.0.jar:/home/user/.m2/repository/io/netty/netty-codec-http2/4.1.30.Final/netty-codec-http2-4.1.30.Final.jar:/home/user/.m2/repository/io/netty/netty-codec-http/4.1.30.Final/netty-codec-http-4.1.30.Final.jar:/home/user/.m2/repository/io/netty/netty-codec/4.1.30.Final/netty-codec-4.1.30.Final.jar:/home/user/.m2/repository/io/netty/netty-handler/4.1.30.Final/netty-handler-4.1.30.Final.jar:/home/user/.m2/repository/io/netty/netty-handler-proxy/4.1.30.Final/netty-handler-proxy-4.1.30.Final.jar:/home/user/.m2/repository/io/netty/netty-codec-socks/4.1.30.Final/netty-codec-socks-4.1.30.Final.jar:/home/user/.m2/repository/io/netty/netty-transport-native-epoll/4.1.30.Final/netty-transport-native-epoll-4.1.30.Final.jar:/home/user/.m2/repository/io/netty/netty-common/4.1.30.Final/netty-common-4.1.30.Final.jar:/home/user/.m2/repository/io/netty/netty-buffer/4.1.30.Final/netty-buffer-4.1.30.Final.jar:/home/user/.m2/repository/io/netty/netty-transport/4.1.30.Final/netty-transport-4.1.30.Final.jar:/home/user/.m2/repository/io/netty/netty-resolver/4.1.30.Final/netty-resolver-4.1.30.Final.jar:/home/user/.m2/repository/io/netty/netty-transport-native-unix-common/4.1.30.Final/netty-transport-native-unix-common-4.1.30.Final.jar:/home/user/.m2/repository/io/grpc/grpc-protobuf/1.17.1/grpc-protobuf-1.17.1.jar:/home/user/.m2/repository/com/google/api/grpc/proto-google-common-protos/1.0.0/proto-google-common-protos-1.0.0.jar:/home/user/.m2/repository/io/grpc/grpc-protobuf-lite/1.17.1/grpc-protobuf-lite-1.17.1.jar:/home/user/.m2/repository/io/grpc/grpc-stub/1.17.1/grpc-stub-1.17.1.jar:/home/user/.m2/repository/org/apache/hadoop/hadoop-ozone-recon/0.5.0-SNAPSHOT/hadoop-ozone-recon-0.5.0-SNAPSHOT.jar:/home/user/.m2/repository/org/apache/hadoop/hadoop-ozone-reconcodegen/0.5.0-SNAPSHOT/hadoop-ozone-reconcodegen-0.5.0-SNAPSHOT.jar:/home/user/.m2/repository/com/google/inject/extensions/guice-multibindings/4.0/guice-multibindings-4.0.jar:/home/user/.m2/repository/com/google/inject/guice/4.0/guice-4.0.jar:/home/user/.m2/repository/aopalliance/aopalliance/1.0/aopalliance-1.0.jar:/home/user/.m2/repository/com/google/inject/extensions/guice-servlet/4.0/guice-servlet-4.0.jar:/home/user/.m2/repository/org/glassfish/jersey/containers/jersey-container-servlet/2.27/jersey-container-servlet-2.27.jar:/home/user/.m2/repository/org/glassfish/hk2/guice-bridge/2.5.0/guice-bridge-2.5.0.jar:/home/user/.m2/repository/org/glassfish/jersey/core/jersey-server/2.27/jersey-server-2.27.jar:/home/user/.m2/repository/org/glassfish/jersey/core/jersey-client/2.27/jersey-client-2.27.jar:/home/user/.m2/repository/org/glassfish/jersey/media/jersey-media-jaxb/2.27/jersey-media-jaxb-2.27.jar:/home/user/.m2/repository/javax/validation/validation-api/1.1.0.Final/validation-api-1.1.0.Final.jar:/home/user/.m2/repository/org/glassfish/jersey/media/jersey-media-json-jackson/2.27/jersey-media-json-jackson-2.27.jar:/home/user/.m2/repository/org/glassfish/jersey/ext/jersey-entity-filtering/2.27/jersey-entity-filtering-2.27.jar:/home/user/.m2/repository/com/google/inject/extensions/guice-assistedinject/4.0/guice-assistedinject-4.0.jar:/home/user/.m2/repository/org/jooq/jooq/3.11.10/jooq-3.11.10.jar:/home/user/.m2/repository/org/jooq/jooq-meta/3.11.10/jooq-meta-3.11.10.jar:/home/user/.m2/repository/org/jooq/jooq-codegen/3.11.10/jooq-codegen-3.11.10.jar:/home/user/.m2/repository/com/jolbox/bonecp/0.8.0.RELEASE/bonecp-0.8.0.RELEASE.jar:/home/user/.m2/repository/org/xerial/sqlite-jdbc/3.25.2/sqlite-jdbc-3.25.2.jar:/home/user/.m2/repository/org/springframework/spring-jdbc/5.1.3.RELEASE/spring-jdbc-5.1.3.RELEASE.jar:/home/user/.m2/repository/org/springframework/spring-beans/5.1.3.RELEASE/spring-beans-5.1.3.RELEASE.jar:/home/user/.m2/repository/org/springframework/spring-core/5.1.3.RELEASE/spring-core-5.1.3.RELEASE.jar:/home/user/.m2/repository/org/springframework/spring-jcl/5.1.3.RELEASE/spring-jcl-5.1.3.RELEASE.jar:/home/user/.m2/repository/org/springframework/spring-tx/5.1.3.RELEASE/spring-tx-5.1.3.RELEASE.jar:/home/user/.m2/repository/org/apache/hadoop/hadoop-ozone-client/0.5.0-SNAPSHOT/hadoop-ozone-client-0.5.0-SNAPSHOT.jar:/home/user/.m2/repository/commons-lang/commons-lang/2.6/commons-lang-2.6.jar:/home/user/.m2/repository/org/apache/hadoop/hadoop-ozone-ozone-manager/0.5.0-SNAPSHOT/hadoop-ozone-ozone-manager-0.5.0-SNAPSHOT-tests.jar:/home/user/.m2/repository/junit/junit/4.11/junit-4.11.jar:/home/user/.m2/repository/org/hamcrest/hamcrest-core/1.3/hamcrest-core-1.3.jar:/home/user/.m2/repository/org/openjdk/jmh/jmh-core/1.19/jmh-core-1.19.jar:/home/user/.m2/repository/net/sf/jopt-simple/jopt-simple/4.6/jopt-simple-4.6.jar:/home/user/.m2/repository/org/apache/commons/commons-math3/3.1.1/commons-math3-3.1.1.jar:/home/user/.m2/repository/org/openjdk/jmh/jmh-generator-annprocess/1.19/jmh-generator-annprocess-1.19.jar:/home/user/.m2/repository/org/mockito/mockito-all/1.8.5/mockito-all-1.8.5.jar:/home/user/.m2/repository/org/apache/hadoop/hadoop-kms/3.2.0/hadoop-kms-3.2.0.jar:/home/user/.m2/repository/org/apache/hadoop/hadoop-auth/3.2.0/hadoop-auth-3.2.0.jar:/home/user/.m2/repository/com/nimbusds/nimbus-jose-jwt/4.41.1/nimbus-jose-jwt-4.41.1.jar:/home/user/.m2/repository/com/github/stephenc/jcip/jcip-annotations/1.0-1/jcip-annotations-1.0-1.jar:/home/user/.m2/repository/net/minidev/json-smart/2.3/json-smart-2.3.jar:/home/user/.m2/repository/net/minidev/accessors-smart/1.2/accessors-smart-1.2.jar:/home/user/.m2/repository/org/ow2/asm/asm/5.0.4/asm-5.0.4.jar:/home/user/.m2/repository/org/apache/curator/curator-framework/2.12.0/curator-framework-2.12.0.jar:/home/user/.m2/repository/com/sun/jersey/jersey-core/1.19/jersey-core-1.19.jar:/home/user/.m2/repository/javax/ws/rs/jsr311-api/1.1.1/jsr311-api-1.1.1.jar:/home/user/.m2/repository/com/sun/jersey/jersey-server/1.19/jersey-server-1.19.jar:/home/user/.m2/repository/javax/servlet/javax.servlet-api/3.1.0/javax.servlet-api-3.1.0.jar:/home/user/.m2/repository/org/eclipse/jetty/jetty-server/9.3.24.v20180605/jetty-server-9.3.24.v20180605.jar:/home/user/.m2/repository/org/eclipse/jetty/jetty-http/9.3.24.v20180605/jetty-http-9.3.24.v20180605.jar:/home/user/.m2/repository/org/eclipse/jetty/jetty-io/9.3.24.v20180605/jetty-io-9.3.24.v20180605.jar:/home/user/.m2/repository/org/eclipse/jetty/jetty-webapp/9.3.24.v20180605/jetty-webapp-9.3.24.v20180605.jar:/home/user/.m2/repository/org/eclipse/jetty/jetty-xml/9.3.24.v20180605/jetty-xml-9.3.24.v20180605.jar:/home/user/.m2/repository/log4j/log4j/1.2.17/log4j-1.2.17.jar:/home/user/.m2/repository/org/slf4j/slf4j-api/1.7.25/slf4j-api-1.7.25.jar:/home/user/.m2/repository/org/slf4j/jul-to-slf4j/1.7.25/jul-to-slf4j-1.7.25.jar:/home/user/.m2/repository/org/eclipse/jetty/jetty-util/9.3.24.v20180605/jetty-util-9.3.24.v20180605.jar:/home/user/.m2/repository/com/fasterxml/jackson/core/jackson-databind/2.9.5/jackson-databind-2.9.5.jar:/home/user/.m2/repository/org/apache/hadoop/hadoop-kms/3.2.0/hadoop-kms-3.2.0-tests.jar:/home/user/.m2/repository/org/apache/hadoop/hadoop-hdds-server-scm/0.5.0-SNAPSHOT/hadoop-hdds-server-scm-0.5.0-SNAPSHOT-tests.jar:/home/user/.m2/repository/org/apache/hadoop/hadoop-hdds-container-service/0.5.0-SNAPSHOT/hadoop-hdds-container-service-0.5.0-SNAPSHOT-tests.jar:/home/user/.m2/repository/org/yaml/snakeyaml/1.16/snakeyaml-1.16.jar:/home/user/.m2/repository/org/apache/hadoop/hadoop-common/3.2.0/hadoop-common-3.2.0-tests.jar:/home/user/.m2/repository/org/apache/hadoop/hadoop-annotations/3.2.0/hadoop-annotations-3.2.0.jar:/usr/lib/jvm/java-1.8-openjdk/jre/../lib/tools.jar:/home/user/.m2/repository/commons-cli/commons-cli/1.2/commons-cli-1.2.jar:/home/user/.m2/repository/org/apache/httpcomponents/httpclient/4.5.2/httpclient-4.5.2.jar:/home/user/.m2/repository/org/apache/httpcomponents/httpcore/4.4.4/httpcore-4.4.4.jar:/home/user/.m2/repository/commons-codec/commons-codec/1.11/commons-codec-1.11.jar:/home/user/.m2/repository/commons-net/commons-net/3.6/commons-net-3.6.jar:/home/user/.m2/repository/commons-collections/commons-collections/3.2.2/commons-collections-3.2.2.jar:/home/user/.m2/repository/org/eclipse/jetty/jetty-servlet/9.3.24.v20180605/jetty-servlet-9.3.24.v20180605.jar:/home/user/.m2/repository/org/eclipse/jetty/jetty-security/9.3.24.v20180605/jetty-security-9.3.24.v20180605.jar:/home/user/.m2/repository/javax/servlet/jsp/jsp-api/2.1/jsp-api-2.1.jar:/home/user/.m2/repository/com/sun/jersey/jersey-servlet/1.19/jersey-servlet-1.19.jar:/home/user/.m2/repository/com/sun/jersey/jersey-json/1.19/jersey-json-1.19.jar:/home/user/.m2/repository/org/codehaus/jettison/jettison/1.1/jettison-1.1.jar:/home/user/.m2/repository/org/codehaus/jackson/jackson-core-asl/1.9.13/jackson-core-asl-1.9.13.jar:/home/user/.m2/repository/org/codehaus/jackson/jackson-mapper-asl/1.9.13/jackson-mapper-asl-1.9.13.jar:/home/user/.m2/repository/org/codehaus/jackson/jackson-jaxrs/1.9.13/jackson-jaxrs-1.9.13.jar:/home/user/.m2/repository/org/codehaus/jackson/jackson-xc/1.9.13/jackson-xc-1.9.13.jar:/home/user/.m2/repository/commons-logging/commons-logging/1.1.3/commons-logging-1.1.3.jar:/home/user/.m2/repository/commons-beanutils/commons-beanutils/1.9.3/commons-beanutils-1.9.3.jar:/home/user/.m2/repository/org/apache/commons/commons-configuration2/2.1.1/commons-configuration2-2.1.1.jar:/home/user/.m2/repository/org/apache/commons/commons-lang3/3.7/commons-lang3-3.7.jar:/home/user/.m2/repository/org/apache/commons/commons-text/1.4/commons-text-1.4.jar:/home/user/.m2/repository/org/apache/avro/avro/1.7.7/avro-1.7.7.jar:/home/user/.m2/repository/com/thoughtworks/paranamer/paranamer/2.3/paranamer-2.3.jar:/home/user/.m2/repository/org/xerial/snappy/snappy-java/1.0.5/snappy-java-1.0.5.jar:/home/user/.m2/repository/com/google/re2j/re2j/1.1/re2j-1.1.jar:/home/user/.m2/repository/com/google/code/gson/gson/2.2.4/gson-2.2.4.jar:/home/user/.m2/repository/com/jcraft/jsch/0.1.54/jsch-0.1.54.jar:/home/user/.m2/repository/org/apache/curator/curator-client/2.12.0/curator-client-2.12.0.jar:/home/user/.m2/repository/org/apache/curator/curator-recipes/2.12.0/curator-recipes-2.12.0.jar:/home/user/.m2/repository/com/google/code/findbugs/jsr305/3.0.0/jsr305-3.0.0.jar:/home/user/.m2/repository/org/apache/htrace/htrace-core4/4.1.0-incubating/htrace-core4-4.1.0-incubating.jar:/home/user/.m2/repository/org/apache/zookeeper/zookeeper/3.4.13/zookeeper-3.4.13.jar:/home/user/.m2/repository/org/apache/yetus/audience-annotations/0.5.0/audience-annotations-0.5.0.jar:/home/user/.m2/repository/org/codehaus/woodstox/stax2-api/3.1.4/stax2-api-3.1.4.jar:/home/user/.m2/repository/com/fasterxml/woodstox/woodstox-core/5.0.3/woodstox-core-5.0.3.jar:/home/user/.m2/repository/dnsjava/dnsjava/2.1.7/dnsjava-2.1.7.jar:/home/user/.m2/repository/org/apache/hadoop/hadoop-hdfs/3.2.0/hadoop-hdfs-3.2.0-tests.jar:/home/user/.m2/repository/org/eclipse/jetty/jetty-util-ajax/9.3.24.v20180605/jetty-util-ajax-9.3.24.v20180605.jar:/home/user/.m2/repository/commons-daemon/commons-daemon/1.0.13/commons-daemon-1.0.13.jar:/home/user/.m2/repository/io/netty/netty/3.10.5.Final/netty-3.10.5.Final.jar:/home/user/.m2/repository/io/netty/netty-all/4.0.52.Final/netty-all-4.0.52.Final.jar:/home/user/.m2/repository/org/fusesource/leveldbjni/leveldbjni-all/1.8/leveldbjni-all-1.8.jar:"/>
    <property name="sun.cpu.endian" value="little"/>
    <property name="user.home" value="/home/user"/>
    <property name="user.language" value="en"/>
    <property name="java.specification.vendor" value="Oracle Corporation"/>
    <property name="java.home" value="/usr/lib/jvm/java-1.8-openjdk/jre"/>
    <property name="java.security.krb5.conf" value="/workdir/hadoop-ozone/integration-test/target/test-classes/krb5.conf"/>
    <property name="basedir" value="/workdir/hadoop-ozone/integration-test"/>
    <property name="file.separator" value="/"/>
    <property name="line.separator" value="&#10;"/>
    <property name="java.vm.specification.vendor" value="Oracle Corporation"/>
    <property name="java.specification.name" value="Java Platform API Specification"/>
    <property name="java.awt.graphicsenv" value="sun.awt.X11GraphicsEnvironment"/>
    <property name="surefire.real.class.path" value="/workdir/hadoop-ozone/integration-test/target/surefire/surefirebooter532434452100718802.jar"/>
    <property name="hadoop.log.dir" value="/workdir/hadoop-ozone/integration-test/target/log"/>
    <property name="sun.boot.class.path" value="/usr/lib/jvm/java-1.8-openjdk/jre/lib/resources.jar:/usr/lib/jvm/java-1.8-openjdk/jre/lib/rt.jar:/usr/lib/jvm/java-1.8-openjdk/jre/lib/sunrsasign.jar:/usr/lib/jvm/java-1.8-openjdk/jre/lib/jsse.jar:/usr/lib/jvm/java-1.8-openjdk/jre/lib/jce.jar:/usr/lib/jvm/java-1.8-openjdk/jre/lib/charsets.jar:/usr/lib/jvm/java-1.8-openjdk/jre/lib/jfr.jar:/usr/lib/jvm/java-1.8-openjdk/jre/classes"/>
    <property name="sun.management.compiler" value="HotSpot 64-Bit Tiered Compilers"/>
    <property name="java.runtime.version" value="1.8.0_212-b04"/>
    <property name="java.net.preferIPv4Stack" value="true"/>
    <property name="user.name" value="jenkins1000"/>
    <property name="path.separator" value=":"/>
    <property name="java.security.egd" value="file:///dev/urandom"/>
    <property name="os.version" value="3.10.0-957.12.2.el7.x86_64"/>
    <property name="java.endorsed.dirs" value="/usr/lib/jvm/java-1.8-openjdk/jre/lib/endorsed"/>
    <property name="java.runtime.name" value="OpenJDK Runtime Environment"/>
    <property name="file.encoding" value="UTF-8"/>
    <property name="java.vm.name" value="OpenJDK 64-Bit Server VM"/>
    <property name="test.build.webapps" value=""/>
    <property name="localRepository" value="/home/user/.m2/repository"/>
    <property name="java.vendor.url.bug" value="https://icedtea.classpath.org/bugzilla"/>
    <property name="java.io.tmpdir" value="/tmp"/>
    <property name="require.test.libhadoop" value=""/>
    <property name="java.version" value="1.8.0_212"/>
    <property name="user.dir" value="/workdir/hadoop-ozone/integration-test"/>
    <property name="os.arch" value="amd64"/>
    <property name="java.vm.specification.name" value="Java Virtual Machine Specification"/>
    <property name="test.build.classes" value="/workdir/hadoop-ozone/integration-test/target/test-classes"/>
    <property name="java.awt.printerjob" value="sun.print.PSPrinterJob"/>
    <property name="sun.os.patch.level" value="unknown"/>
    <property name="hadoop.tmp.dir" value="/workdir/hadoop-ozone/integration-test/target/tmp"/>
    <property name="java.library.path" value="/usr/lib/jvm/java-1.8-openjdk/jre/lib/amd64/server:/usr/lib/jvm/java-1.8-openjdk/jre/lib/amd64:/usr/lib/jvm/java-1.8-openjdk/jre/../lib/amd64:/workdir/hadoop-ozone/integration-test/target/native/target/usr/local/lib:/workdir/hadoop-ozone/integration-test/../../hadoop-common-project/hadoop-common/target/native/target/usr/local/lib:/usr/java/packages/lib/amd64:/usr/lib64:/lib64:/lib:/usr/lib"/>
    <property name="java.vm.info" value="mixed mode"/>
    <property name="java.vendor" value="IcedTea"/>
    <property name="java.vm.version" value="25.212-b04"/>
    <property name="java.ext.dirs" value="/usr/lib/jvm/java-1.8-openjdk/jre/lib/ext:/usr/java/packages/lib/ext"/>
    <property name="sun.io.unicode.encoding" value="UnicodeLittle"/>
    <property name="java.class.version" value="52.0"/>
  </properties>
  <testcase name="testReleaseBuffers" classname="org.apache.hadoop.ozone.client.rpc.TestCommitWatcher" time="11.128"/>
  <testcase name="testReleaseBuffersOnException" classname="org.apache.hadoop.ozone.client.rpc.TestCommitWatcher" time="10.521">
    <failure type="java.lang.AssertionError">java.lang.AssertionError
	at org.junit.Assert.fail(Assert.java:86)
	at org.junit.Assert.assertTrue(Assert.java:41)
	at org.junit.Assert.assertTrue(Assert.java:52)
	at org.apache.hadoop.ozone.client.rpc.TestCommitWatcher.testReleaseBuffersOnException(TestCommitWatcher.java:284)
	at sun.reflect.NativeMethodAccessorImpl.invoke0(Native Method)
	at sun.reflect.NativeMethodAccessorImpl.invoke(NativeMethodAccessorImpl.java:62)
	at sun.reflect.DelegatingMethodAccessorImpl.invoke(DelegatingMethodAccessorImpl.java:43)
	at java.lang.reflect.Method.invoke(Method.java:498)
	at org.junit.runners.model.FrameworkMethod$1.runReflectiveCall(FrameworkMethod.java:47)
	at org.junit.internal.runners.model.ReflectiveCallable.run(ReflectiveCallable.java:12)
	at org.junit.runners.model.FrameworkMethod.invokeExplosively(FrameworkMethod.java:44)
	at org.junit.internal.runners.statements.InvokeMethod.evaluate(InvokeMethod.java:17)
	at org.junit.runners.ParentRunner.runLeaf(ParentRunner.java:271)
	at org.junit.runners.BlockJUnit4ClassRunner.runChild(BlockJUnit4ClassRunner.java:70)
	at org.junit.runners.BlockJUnit4ClassRunner.runChild(BlockJUnit4ClassRunner.java:50)
	at org.junit.runners.ParentRunner$3.run(ParentRunner.java:238)
	at org.junit.runners.ParentRunner$1.schedule(ParentRunner.java:63)
	at org.junit.runners.ParentRunner.runChildren(ParentRunner.java:236)
	at org.junit.runners.ParentRunner.access$000(ParentRunner.java:53)
	at org.junit.runners.ParentRunner$2.evaluate(ParentRunner.java:229)
	at org.junit.internal.runners.statements.RunBefores.evaluate(RunBefores.java:26)
	at org.junit.internal.runners.statements.RunAfters.evaluate(RunAfters.java:27)
	at org.junit.runners.ParentRunner.run(ParentRunner.java:309)
	at org.apache.maven.surefire.junit4.JUnit4Provider.execute(JUnit4Provider.java:365)
	at org.apache.maven.surefire.junit4.JUnit4Provider.executeWithRerun(JUnit4Provider.java:273)
	at org.apache.maven.surefire.junit4.JUnit4Provider.executeTestSet(JUnit4Provider.java:238)
	at org.apache.maven.surefire.junit4.JUnit4Provider.invoke(JUnit4Provider.java:159)
	at org.apache.maven.surefire.booter.ForkedBooter.invokeProviderInSameClassLoader(ForkedBooter.java:384)
	at org.apache.maven.surefire.booter.ForkedBooter.runSuitesInProcess(ForkedBooter.java:345)
	at org.apache.maven.surefire.booter.ForkedBooter.execute(ForkedBooter.java:126)
	at org.apache.maven.surefire.booter.ForkedBooter.main(ForkedBooter.java:418)
</failure>
    <system-out><![CDATA[2019-08-28 15:38:03,528 | INFO  | SCMAudit | user=jenkins1000 | ip=192.168.5.160 | op=SEND_HEARTBEAT {datanodeUUID=cbcdb393-d29b-4c9b-b927-775ed7ad7562, command=[]} | ret=SUCCESS |  
2019-08-28 15:38:03,578 [grpc-default-executor-0] INFO  client.GrpcClientProtocolClient (GrpcClientProtocolClient.java:onNext(255)) - client-C616EE16565B->cbcdb393-d29b-4c9b-b927-775ed7ad7562: receive RaftClientReply:client-C616EE16565B->cbcdb393-d29b-4c9b-b927-775ed7ad7562@group-852D9CADBD1C, cid=17, FAILED org.apache.ratis.protocol.NotLeaderException: Server cbcdb393-d29b-4c9b-b927-775ed7ad7562 is not the leader (168d0393-25c1-4434-8d27-e2deb21e39b2:192.168.5.160:44586). Request must be sent to leader., logIndex=0, commits[cbcdb393-d29b-4c9b-b927-775ed7ad7562:c0, 219013ad-c087-4fab-a584-70799b0ddafe:c0, 168d0393-25c1-4434-8d27-e2deb21e39b2:c0]
2019-08-28 15:38:03,696 | INFO  | SCMAudit | user=jenkins1000 | ip=192.168.5.160 | op=SEND_HEARTBEAT {datanodeUUID=cbcdb393-d29b-4c9b-b927-775ed7ad7562, command=[]} | ret=SUCCESS |  
2019-08-28 15:38:03,699 | INFO  | DNAudit | user=null | ip=null | op=WRITE_CHUNK {blockData=conID: 2 locID: 1567006683534 bcsId: 0} | ret=SUCCESS |  
2019-08-28 15:38:03,712 | INFO  | SCMAudit | user=jenkins1000 | ip=192.168.5.160 | op=SEND_HEARTBEAT {datanodeUUID=168d0393-25c1-4434-8d27-e2deb21e39b2, command=[]} | ret=SUCCESS |  
2019-08-28 15:38:03,712 | INFO  | SCMAudit | user=jenkins1000 | ip=192.168.5.160 | op=SEND_HEARTBEAT {datanodeUUID=219013ad-c087-4fab-a584-70799b0ddafe, command=[]} | ret=SUCCESS |  
2019-08-28 15:38:03,716 | INFO  | DNAudit | user=null | ip=null | op=WRITE_CHUNK {blockData=conID: 2 locID: 1567006683534 bcsId: 0} | ret=SUCCESS |  
2019-08-28 15:38:03,716 | INFO  | DNAudit | user=null | ip=null | op=WRITE_CHUNK {blockData=conID: 2 locID: 1567006683534 bcsId: 0} | ret=SUCCESS |  
2019-08-28 15:38:03,722 | INFO  | DNAudit | user=null | ip=null | op=WRITE_CHUNK {blockData=conID: 2 locID: 1567006683534 bcsId: 0} | ret=SUCCESS |  
2019-08-28 15:38:03,729 [grpc-default-executor-3] INFO  client.GrpcClientProtocolClient (GrpcClientProtocolClient.java:onNext(255)) - client-C616EE16565B->168d0393-25c1-4434-8d27-e2deb21e39b2: receive RaftClientReply:client-C616EE16565B->168d0393-25c1-4434-8d27-e2deb21e39b2@group-852D9CADBD1C, cid=17, SUCCESS, logIndex=1, commits[168d0393-25c1-4434-8d27-e2deb21e39b2:c1, 219013ad-c087-4fab-a584-70799b0ddafe:c0, cbcdb393-d29b-4c9b-b927-775ed7ad7562:c0]
2019-08-28 15:38:03,736 | INFO  | DNAudit | user=null | ip=null | op=WRITE_CHUNK {blockData=conID: 2 locID: 1567006683534 bcsId: 0} | ret=SUCCESS |  
2019-08-28 15:38:03,736 | INFO  | DNAudit | user=null | ip=null | op=WRITE_CHUNK {blockData=conID: 2 locID: 1567006683534 bcsId: 0} | ret=SUCCESS |  
2019-08-28 15:38:03,742 [pool-92-thread-4] WARN  impl.ChunkManagerImpl (ChunkUtils.java:validateChunkForOverwrite(218)) - Duplicate write chunk request. Chunk overwrite without explicit request. ChunkInfo{chunkName='1567006683534.data.0, offset=0, len=1048576}
2019-08-28 15:38:03,742 [pool-92-thread-4] WARN  impl.ChunkManagerImpl (ChunkManagerImpl.java:writeChunk(111)) - ChunkFile already exists/workdir/hadoop-ozone/integration-test/target/test-dir/MiniOzoneClusterImpl-a8fba89a-ac82-477c-9fb1-63b260b14180/datanode-6/data/containers/hdds/fb3ea4db-b330-4c23-8486-c1f12e8e3337/current/containerDir0/2/chunks/1567006683534.data.0.Deleting it.
2019-08-28 15:38:03,746 | INFO  | DNAudit | user=null | ip=null | op=WRITE_CHUNK {blockData=conID: 2 locID: 1567006683534 bcsId: 0} | ret=SUCCESS |  
2019-08-28 15:38:03,750 [pool-81-thread-3] WARN  impl.ChunkManagerImpl (ChunkUtils.java:validateChunkForOverwrite(218)) - Duplicate write chunk request. Chunk overwrite without explicit request. ChunkInfo{chunkName='1567006683534.data.0, offset=0, len=1048576}
2019-08-28 15:38:03,750 [pool-81-thread-3] WARN  impl.ChunkManagerImpl (ChunkManagerImpl.java:writeChunk(111)) - ChunkFile already exists/workdir/hadoop-ozone/integration-test/target/test-dir/MiniOzoneClusterImpl-a8fba89a-ac82-477c-9fb1-63b260b14180/datanode-5/data/containers/hdds/fb3ea4db-b330-4c23-8486-c1f12e8e3337/current/containerDir0/2/chunks/1567006683534.data.0.Deleting it.
2019-08-28 15:38:03,750 [pool-26-thread-2] WARN  impl.ChunkManagerImpl (ChunkUtils.java:validateChunkForOverwrite(218)) - Duplicate write chunk request. Chunk overwrite without explicit request. ChunkInfo{chunkName='1567006683534.data.0, offset=0, len=1048576}
2019-08-28 15:38:03,750 [pool-26-thread-2] WARN  impl.ChunkManagerImpl (ChunkManagerImpl.java:writeChunk(111)) - ChunkFile already exists/workdir/hadoop-ozone/integration-test/target/test-dir/MiniOzoneClusterImpl-a8fba89a-ac82-477c-9fb1-63b260b14180/datanode-0/data/containers/hdds/fb3ea4db-b330-4c23-8486-c1f12e8e3337/current/containerDir0/2/chunks/1567006683534.data.0.Deleting it.
2019-08-28 15:38:03,752 | INFO  | DNAudit | user=null | ip=null | op=WRITE_CHUNK {blockData=conID: 2 locID: 1567006683534 bcsId: 0} | ret=SUCCESS |  
2019-08-28 15:38:03,754 | INFO  | DNAudit | user=null | ip=null | op=WRITE_CHUNK {blockData=conID: 2 locID: 1567006683534 bcsId: 0} | ret=SUCCESS |  
2019-08-28 15:38:03,778 | INFO  | DNAudit | user=null | ip=null | op=PUT_BLOCK {blockData=[blockId=conID: 2 locID: 1567006683534 bcsId: 0,size=1048576]} | ret=SUCCESS |  
2019-08-28 15:38:03,789 | INFO  | DNAudit | user=null | ip=null | op=WRITE_CHUNK {blockData=conID: 2 locID: 1567006683534 bcsId: 0} | ret=SUCCESS |  
2019-08-28 15:38:03,789 [grpc-default-executor-1] INFO  client.GrpcClientProtocolClient (GrpcClientProtocolClient.java:onNext(255)) - client-C616EE16565B->168d0393-25c1-4434-8d27-e2deb21e39b2: receive RaftClientReply:client-C616EE16565B->168d0393-25c1-4434-8d27-e2deb21e39b2@group-852D9CADBD1C, cid=18, SUCCESS, logIndex=3, commits[168d0393-25c1-4434-8d27-e2deb21e39b2:c8, 219013ad-c087-4fab-a584-70799b0ddafe:c6, cbcdb393-d29b-4c9b-b927-775ed7ad7562:c6]
2019-08-28 15:38:03,790 [grpc-default-executor-1] INFO  client.GrpcClientProtocolClient (GrpcClientProtocolClient.java:onNext(255)) - client-C616EE16565B->168d0393-25c1-4434-8d27-e2deb21e39b2: receive RaftClientReply:client-C616EE16565B->168d0393-25c1-4434-8d27-e2deb21e39b2@group-852D9CADBD1C, cid=19, SUCCESS, logIndex=4, commits[168d0393-25c1-4434-8d27-e2deb21e39b2:c8, 219013ad-c087-4fab-a584-70799b0ddafe:c6, cbcdb393-d29b-4c9b-b927-775ed7ad7562:c6]
2019-08-28 15:38:03,803 | INFO  | DNAudit | user=null | ip=null | op=PUT_BLOCK {blockData=[blockId=conID: 2 locID: 1567006683534 bcsId: 0,size=1048576]} | ret=SUCCESS |  
2019-08-28 15:38:03,804 | INFO  | DNAudit | user=null | ip=null | op=WRITE_CHUNK {blockData=conID: 2 locID: 1567006683534 bcsId: 0} | ret=SUCCESS |  
2019-08-28 15:38:03,828 | INFO  | DNAudit | user=null | ip=null | op=PUT_BLOCK {blockData=[blockId=conID: 2 locID: 1567006683534 bcsId: 0,size=1048576]} | ret=SUCCESS |  
2019-08-28 15:38:03,828 | INFO  | DNAudit | user=null | ip=null | op=PUT_BLOCK {blockData=[blockId=conID: 2 locID: 1567006683534 bcsId: 0,size=1048576]} | ret=SUCCESS |  
2019-08-28 15:38:03,828 | INFO  | DNAudit | user=null | ip=null | op=PUT_BLOCK {blockData=[blockId=conID: 2 locID: 1567006683534 bcsId: 0,size=1048576]} | ret=SUCCESS |  
2019-08-28 15:38:03,833 | INFO  | DNAudit | user=null | ip=null | op=WRITE_CHUNK {blockData=conID: 2 locID: 1567006683534 bcsId: 0} | ret=SUCCESS |  
2019-08-28 15:38:03,834 | INFO  | DNAudit | user=null | ip=null | op=PUT_BLOCK {blockData=[blockId=conID: 2 locID: 1567006683534 bcsId: 0,size=1048576]} | ret=SUCCESS |  
2019-08-28 15:38:03,836 [grpc-default-executor-1] INFO  client.GrpcClientProtocolClient (GrpcClientProtocolClient.java:onNext(255)) - client-C616EE16565B->168d0393-25c1-4434-8d27-e2deb21e39b2: receive RaftClientReply:client-C616EE16565B->168d0393-25c1-4434-8d27-e2deb21e39b2@group-852D9CADBD1C, cid=20, SUCCESS, logIndex=5, commits[168d0393-25c1-4434-8d27-e2deb21e39b2:c8, 219013ad-c087-4fab-a584-70799b0ddafe:c6, cbcdb393-d29b-4c9b-b927-775ed7ad7562:c6]
2019-08-28 15:38:03,837 [main] INFO  datanode.ObjectStoreHandler (ObjectStoreHandler.java:close(155)) - Closing ObjectStoreHandler.
2019-08-28 15:38:03,838 [main] INFO  ozone.HddsDatanodeService (HddsDatanodeService.java:stop(451)) - Stopped plug-in org.apache.hadoop.ozone.web.OzoneHddsDatanodeService@75ad30c1
2019-08-28 15:38:04,213 | INFO  | SCMAudit | user=jenkins1000 | ip=192.168.5.160 | op=SEND_HEARTBEAT {datanodeUUID=578ea7e0-3ff0-4cd3-beda-6082c5b51256, command=[]} | ret=SUCCESS |  
2019-08-28 15:38:04,279 | INFO  | SCMAudit | user=jenkins1000 | ip=192.168.5.160 | op=SEND_HEARTBEAT {datanodeUUID=976e947a-6f22-43cd-add3-f531de7d8b76, command=[]} | ret=SUCCESS |  
2019-08-28 15:38:04,279 | INFO  | SCMAudit | user=jenkins1000 | ip=192.168.5.160 | op=SEND_HEARTBEAT {datanodeUUID=3e91c9a4-de4c-4d5e-8713-4bbb2c72fd2d, command=[]} | ret=SUCCESS |  
2019-08-28 15:38:04,408 | INFO  | SCMAudit | user=jenkins1000 | ip=192.168.5.160 | op=SEND_HEARTBEAT {datanodeUUID=4a62ecd0-042b-43a1-8910-41a77c87c527, command=[]} | ret=SUCCESS |  
2019-08-28 15:38:04,695 [Datanode State Machine Thread - 0] INFO  statemachine.DatanodeStateMachine (DatanodeStateMachine.java:lambda$startDaemon$0(350)) - Ozone container server started.
2019-08-28 15:38:04,712 | INFO  | SCMAudit | user=jenkins1000 | ip=192.168.5.160 | op=SEND_HEARTBEAT {datanodeUUID=219013ad-c087-4fab-a584-70799b0ddafe, command=[]} | ret=SUCCESS |  
2019-08-28 15:38:04,712 | INFO  | SCMAudit | user=jenkins1000 | ip=192.168.5.160 | op=SEND_HEARTBEAT {datanodeUUID=168d0393-25c1-4434-8d27-e2deb21e39b2, command=[]} | ret=SUCCESS |  
2019-08-28 15:38:05,213 | INFO  | SCMAudit | user=jenkins1000 | ip=192.168.5.160 | op=SEND_HEARTBEAT {datanodeUUID=578ea7e0-3ff0-4cd3-beda-6082c5b51256, command=[]} | ret=SUCCESS |  
2019-08-28 15:38:05,279 | INFO  | SCMAudit | user=jenkins1000 | ip=192.168.5.160 | op=SEND_HEARTBEAT {datanodeUUID=3e91c9a4-de4c-4d5e-8713-4bbb2c72fd2d, command=[]} | ret=SUCCESS |  
2019-08-28 15:38:05,279 | INFO  | SCMAudit | user=jenkins1000 | ip=192.168.5.160 | op=SEND_HEARTBEAT {datanodeUUID=976e947a-6f22-43cd-add3-f531de7d8b76, command=[]} | ret=SUCCESS |  
2019-08-28 15:38:05,407 | INFO  | SCMAudit | user=jenkins1000 | ip=192.168.5.160 | op=SEND_HEARTBEAT {datanodeUUID=4a62ecd0-042b-43a1-8910-41a77c87c527, command=[]} | ret=SUCCESS |  
2019-08-28 15:38:05,712 | INFO  | SCMAudit | user=jenkins1000 | ip=192.168.5.160 | op=SEND_HEARTBEAT {datanodeUUID=168d0393-25c1-4434-8d27-e2deb21e39b2, command=[]} | ret=SUCCESS |  
2019-08-28 15:38:05,712 | INFO  | SCMAudit | user=jenkins1000 | ip=192.168.5.160 | op=SEND_HEARTBEAT {datanodeUUID=219013ad-c087-4fab-a584-70799b0ddafe, command=[]} | ret=SUCCESS |  
2019-08-28 15:38:06,213 | INFO  | SCMAudit | user=jenkins1000 | ip=192.168.5.160 | op=SEND_HEARTBEAT {datanodeUUID=578ea7e0-3ff0-4cd3-beda-6082c5b51256, command=[]} | ret=SUCCESS |  
2019-08-28 15:38:06,279 | INFO  | SCMAudit | user=jenkins1000 | ip=192.168.5.160 | op=SEND_HEARTBEAT {datanodeUUID=976e947a-6f22-43cd-add3-f531de7d8b76, command=[]} | ret=SUCCESS |  
2019-08-28 15:38:06,279 | INFO  | SCMAudit | user=jenkins1000 | ip=192.168.5.160 | op=SEND_HEARTBEAT {datanodeUUID=3e91c9a4-de4c-4d5e-8713-4bbb2c72fd2d, command=[]} | ret=SUCCESS |  
2019-08-28 15:38:06,408 | INFO  | SCMAudit | user=jenkins1000 | ip=192.168.5.160 | op=SEND_HEARTBEAT {datanodeUUID=4a62ecd0-042b-43a1-8910-41a77c87c527, command=[]} | ret=SUCCESS |  
2019-08-28 15:38:06,712 | INFO  | SCMAudit | user=jenkins1000 | ip=192.168.5.160 | op=SEND_HEARTBEAT {datanodeUUID=219013ad-c087-4fab-a584-70799b0ddafe, command=[]} | ret=SUCCESS |  
2019-08-28 15:38:06,712 | INFO  | SCMAudit | user=jenkins1000 | ip=192.168.5.160 | op=SEND_HEARTBEAT {datanodeUUID=168d0393-25c1-4434-8d27-e2deb21e39b2, command=[]} | ret=SUCCESS |  
2019-08-28 15:38:06,750 [EventQueue-StaleNodeForStaleNodeHandler] INFO  node.StaleNodeHandler (StaleNodeHandler.java:onMessage(58)) - Datanode cbcdb393-d29b-4c9b-b927-775ed7ad7562{ip: 192.168.5.160, host: pr-hdds-1950-8p5ww-60544353, networkLocation: /default-rack, certSerialId: null} moved to stale state. Finalizing its pipelines [PipelineID=6b4b3046-e3e2-47a3-ba17-890440756602, PipelineID=06ad5eeb-7c1b-43db-ae70-852d9cadbd1c]
2019-08-28 15:38:06,751 [EventQueue-StaleNodeForStaleNodeHandler] INFO  pipeline.SCMPipelineManager (SCMPipelineManager.java:finalizeAndDestroyPipeline(309)) - destroying pipeline:Pipeline[ Id: 6b4b3046-e3e2-47a3-ba17-890440756602, Nodes: cbcdb393-d29b-4c9b-b927-775ed7ad7562{ip: 192.168.5.160, host: pr-hdds-1950-8p5ww-60544353, networkLocation: /default-rack, certSerialId: null}, Type:RATIS, Factor:ONE, State:OPEN]
2019-08-28 15:38:06,752 [EventQueue-StaleNodeForStaleNodeHandler] INFO  pipeline.PipelineStateManager (PipelineStateManager.java:finalizePipeline(123)) - Pipeline Pipeline[ Id: 6b4b3046-e3e2-47a3-ba17-890440756602, Nodes: cbcdb393-d29b-4c9b-b927-775ed7ad7562{ip: 192.168.5.160, host: pr-hdds-1950-8p5ww-60544353, networkLocation: /default-rack, certSerialId: null}, Type:RATIS, Factor:ONE, State:CLOSED] moved to CLOSED state
2019-08-28 15:38:06,754 [EventQueue-StaleNodeForStaleNodeHandler] INFO  pipeline.SCMPipelineManager (SCMPipelineManager.java:finalizeAndDestroyPipeline(309)) - destroying pipeline:Pipeline[ Id: 06ad5eeb-7c1b-43db-ae70-852d9cadbd1c, Nodes: cbcdb393-d29b-4c9b-b927-775ed7ad7562{ip: 192.168.5.160, host: pr-hdds-1950-8p5ww-60544353, networkLocation: /default-rack, certSerialId: null}168d0393-25c1-4434-8d27-e2deb21e39b2{ip: 192.168.5.160, host: pr-hdds-1950-8p5ww-60544353, networkLocation: /default-rack, certSerialId: null}219013ad-c087-4fab-a584-70799b0ddafe{ip: 192.168.5.160, host: pr-hdds-1950-8p5ww-60544353, networkLocation: /default-rack, certSerialId: null}, Type:RATIS, Factor:THREE, State:OPEN]
2019-08-28 15:38:06,754 [EventQueue-StaleNodeForStaleNodeHandler] INFO  pipeline.PipelineStateManager (PipelineStateManager.java:finalizePipeline(123)) - Pipeline Pipeline[ Id: 06ad5eeb-7c1b-43db-ae70-852d9cadbd1c, Nodes: cbcdb393-d29b-4c9b-b927-775ed7ad7562{ip: 192.168.5.160, host: pr-hdds-1950-8p5ww-60544353, networkLocation: /default-rack, certSerialId: null}168d0393-25c1-4434-8d27-e2deb21e39b2{ip: 192.168.5.160, host: pr-hdds-1950-8p5ww-60544353, networkLocation: /default-rack, certSerialId: null}219013ad-c087-4fab-a584-70799b0ddafe{ip: 192.168.5.160, host: pr-hdds-1950-8p5ww-60544353, networkLocation: /default-rack, certSerialId: null}, Type:RATIS, Factor:THREE, State:CLOSED] moved to CLOSED state
2019-08-28 15:38:06,755 [EventQueue-CloseContainerForCloseContainerEventHandler] INFO  container.CloseContainerEventHandler (CloseContainerEventHandler.java:onMessage(61)) - Close container Event triggered for container : #2
2019-08-28 15:38:07,214 | INFO  | SCMAudit | user=jenkins1000 | ip=192.168.5.160 | op=SEND_HEARTBEAT {datanodeUUID=578ea7e0-3ff0-4cd3-beda-6082c5b51256, command=[]} | ret=SUCCESS |  
2019-08-28 15:38:07,279 | INFO  | SCMAudit | user=jenkins1000 | ip=192.168.5.160 | op=SEND_HEARTBEAT {datanodeUUID=3e91c9a4-de4c-4d5e-8713-4bbb2c72fd2d, command=[]} | ret=SUCCESS |  
2019-08-28 15:38:07,279 | INFO  | SCMAudit | user=jenkins1000 | ip=192.168.5.160 | op=SEND_HEARTBEAT {datanodeUUID=976e947a-6f22-43cd-add3-f531de7d8b76, command=[]} | ret=SUCCESS |  
2019-08-28 15:38:07,409 | INFO  | SCMAudit | user=jenkins1000 | ip=192.168.5.160 | op=SEND_HEARTBEAT {datanodeUUID=4a62ecd0-042b-43a1-8910-41a77c87c527, command=[]} | ret=SUCCESS |  
2019-08-28 15:38:07,754 | INFO  | SCMAudit | user=jenkins1000 | ip=192.168.5.160 | op=SEND_HEARTBEAT {datanodeUUID=168d0393-25c1-4434-8d27-e2deb21e39b2, command=[commandType: closeContainerCommand closeContainerCommandProto { containerID: 2 pipelineID { id: "06ad5eeb-7c1b-43db-ae70-852d9cadbd1c" } cmdId: 2 force: false } ]} | ret=SUCCESS |  
2019-08-28 15:38:07,754 | INFO  | SCMAudit | user=jenkins1000 | ip=192.168.5.160 | op=SEND_HEARTBEAT {datanodeUUID=219013ad-c087-4fab-a584-70799b0ddafe, command=[commandType: closeContainerCommand closeContainerCommandProto { containerID: 2 pipelineID { id: "06ad5eeb-7c1b-43db-ae70-852d9cadbd1c" } cmdId: 2 force: false } ]} | ret=SUCCESS |  
2019-08-28 15:38:08,214 | INFO  | SCMAudit | user=jenkins1000 | ip=192.168.5.160 | op=SEND_HEARTBEAT {datanodeUUID=578ea7e0-3ff0-4cd3-beda-6082c5b51256, command=[]} | ret=SUCCESS |  
2019-08-28 15:38:08,280 | INFO  | SCMAudit | user=jenkins1000 | ip=192.168.5.160 | op=SEND_HEARTBEAT {datanodeUUID=976e947a-6f22-43cd-add3-f531de7d8b76, command=[]} | ret=SUCCESS |  
2019-08-28 15:38:08,280 | INFO  | SCMAudit | user=jenkins1000 | ip=192.168.5.160 | op=SEND_HEARTBEAT {datanodeUUID=3e91c9a4-de4c-4d5e-8713-4bbb2c72fd2d, command=[]} | ret=SUCCESS |  
2019-08-28 15:38:08,409 | INFO  | SCMAudit | user=jenkins1000 | ip=192.168.5.160 | op=SEND_HEARTBEAT {datanodeUUID=4a62ecd0-042b-43a1-8910-41a77c87c527, command=[]} | ret=SUCCESS |  
2019-08-28 15:38:08,712 | INFO  | SCMAudit | user=jenkins1000 | ip=192.168.5.160 | op=SEND_HEARTBEAT {datanodeUUID=219013ad-c087-4fab-a584-70799b0ddafe, command=[]} | ret=SUCCESS |  
2019-08-28 15:38:08,712 | INFO  | SCMAudit | user=jenkins1000 | ip=192.168.5.160 | op=SEND_HEARTBEAT {datanodeUUID=168d0393-25c1-4434-8d27-e2deb21e39b2, command=[]} | ret=SUCCESS |  
2019-08-28 15:38:08,834 | INFO  | SCMAudit | user=jenkins1000 | ip=192.168.5.160 | op=SEND_HEARTBEAT {datanodeUUID=168d0393-25c1-4434-8d27-e2deb21e39b2, command=[]} | ret=SUCCESS |  
2019-08-28 15:38:08,834 | INFO  | SCMAudit | user=jenkins1000 | ip=192.168.5.160 | op=SEND_HEARTBEAT {datanodeUUID=219013ad-c087-4fab-a584-70799b0ddafe, command=[]} | ret=SUCCESS |  
2019-08-28 15:38:08,840 [main] INFO  ozoneimpl.OzoneContainer (OzoneContainer.java:stop(199)) - Attempting to stop container services.
2019-08-28 15:38:08,841 [main] INFO  impl.RaftServerProxy (RaftServerProxy.java:lambda$close$4(314)) - cbcdb393-d29b-4c9b-b927-775ed7ad7562: close
2019-08-28 15:38:08,842 [main] INFO  impl.RaftServerImpl (RaftServerImpl.java:lambda$shutdown$3(245)) - cbcdb393-d29b-4c9b-b927-775ed7ad7562: shutdown group-890440756602
2019-08-28 15:38:08,843 [main] INFO  util.JmxRegister (JmxRegister.java:unregister(73)) - Successfully un-registered JMX Bean with object name Ratis:service=RaftServer,group=group-890440756602,id=cbcdb393-d29b-4c9b-b927-775ed7ad7562
2019-08-28 15:38:08,843 [main] INFO  impl.RoleInfo (RoleInfo.java:shutdownLeaderState(104)) - cbcdb393-d29b-4c9b-b927-775ed7ad7562: shutdown LeaderState
2019-08-28 15:38:08,844 [main] INFO  impl.PendingRequests (PendingRequests.java:sendNotLeaderResponses(202)) - cbcdb393-d29b-4c9b-b927-775ed7ad7562-PendingRequests: sendNotLeaderResponses
2019-08-28 15:38:08,845 [main] INFO  impl.StateMachineUpdater (StateMachineUpdater.java:stopAndJoin(115)) - StateMachineUpdater:cbcdb393-d29b-4c9b-b927-775ed7ad7562:group-890440756602: set stopIndex = 0
2019-08-28 15:38:08,846 [main] INFO  impl.RaftServerImpl (ServerState.java:close(394)) - cbcdb393-d29b-4c9b-b927-775ed7ad7562:group-890440756602 closes. The last applied log index is 0
2019-08-28 15:38:08,847 [cbcdb393-d29b-4c9b-b927-775ed7ad7562-SegmentedRaftLogWorker:Storage Directory /workdir/hadoop-ozone/integration-test/target/test-dir/MiniOzoneClusterImpl-a8fba89a-ac82-477c-9fb1-63b260b14180/datanode-5/data/ratis/6b4b3046-e3e2-47a3-ba17-890440756602] INFO  segmented.SegmentedRaftLogWorker (SegmentedRaftLogWorker.java:run(313)) - cbcdb393-d29b-4c9b-b927-775ed7ad7562-SegmentedRaftLogWorker:Storage Directory /workdir/hadoop-ozone/integration-test/target/test-dir/MiniOzoneClusterImpl-a8fba89a-ac82-477c-9fb1-63b260b14180/datanode-5/data/ratis/6b4b3046-e3e2-47a3-ba17-890440756602 was interrupted, exiting. There are 0 tasks remaining in the queue.
2019-08-28 15:38:08,851 [main] INFO  segmented.SegmentedRaftLogWorker (SegmentedRaftLogWorker.java:close(228)) - cbcdb393-d29b-4c9b-b927-775ed7ad7562-SegmentedRaftLogWorker:Storage Directory /workdir/hadoop-ozone/integration-test/target/test-dir/MiniOzoneClusterImpl-a8fba89a-ac82-477c-9fb1-63b260b14180/datanode-5/data/ratis/6b4b3046-e3e2-47a3-ba17-890440756602 close()
2019-08-28 15:38:08,858 [main] INFO  impl.RaftServerImpl (RaftServerImpl.java:lambda$shutdown$3(245)) - cbcdb393-d29b-4c9b-b927-775ed7ad7562: shutdown group-852D9CADBD1C
2019-08-28 15:38:08,858 [main] INFO  util.JmxRegister (JmxRegister.java:unregister(73)) - Successfully un-registered JMX Bean with object name Ratis:service=RaftServer,group=group-852D9CADBD1C,id=cbcdb393-d29b-4c9b-b927-775ed7ad7562
2019-08-28 15:38:08,858 [main] INFO  impl.RoleInfo (RoleInfo.java:shutdownFollowerState(121)) - cbcdb393-d29b-4c9b-b927-775ed7ad7562: shutdown FollowerState
2019-08-28 15:38:08,858 [main] INFO  impl.StateMachineUpdater (StateMachineUpdater.java:stopAndJoin(115)) - StateMachineUpdater:cbcdb393-d29b-4c9b-b927-775ed7ad7562:group-852D9CADBD1C: set stopIndex = 8
2019-08-28 15:38:08,859 [Thread-325] INFO  impl.FollowerState (FollowerState.java:run(114)) - cbcdb393-d29b-4c9b-b927-775ed7ad7562: FollowerState was interrupted: java.lang.InterruptedException: sleep interrupted
2019-08-28 15:38:08,859 [StateMachineUpdater:cbcdb393-d29b-4c9b-b927-775ed7ad7562:group-852D9CADBD1C] INFO  ratis.ContainerStateMachine (ContainerStateMachine.java:takeSnapshot(283)) - group-852D9CADBD1C: Taking a snapshot at:(t:1, i:6) file /workdir/hadoop-ozone/integration-test/target/test-dir/MiniOzoneClusterImpl-a8fba89a-ac82-477c-9fb1-63b260b14180/datanode-5/data/ratis/06ad5eeb-7c1b-43db-ae70-852d9cadbd1c/sm/snapshot.1_6
2019-08-28 15:38:08,870 [RatisApplyTransactionExecutor 2] INFO  interfaces.Container (KeyValueContainer.java:flushAndSyncDB(382)) - Container 2 is synced with bcsId 5.
2019-08-28 15:38:08,870 [RatisApplyTransactionExecutor 2] INFO  interfaces.Container (KeyValueContainer.java:flushAndSyncDB(382)) - Container 2 is synced with bcsId 5.
2019-08-28 15:38:08,879 [RatisApplyTransactionExecutor 2] INFO  interfaces.Container (KeyValueContainer.java:flushAndSyncDB(382)) - Container 2 is synced with bcsId 5.
2019-08-28 15:38:08,887 [StateMachineUpdater:cbcdb393-d29b-4c9b-b927-775ed7ad7562:group-852D9CADBD1C] INFO  ratis.ContainerStateMachine (ContainerStateMachine.java:takeSnapshot(294)) - group-852D9CADBD1C: Finished taking a snapshot at:(t:1, i:6) file:/workdir/hadoop-ozone/integration-test/target/test-dir/MiniOzoneClusterImpl-a8fba89a-ac82-477c-9fb1-63b260b14180/datanode-5/data/ratis/06ad5eeb-7c1b-43db-ae70-852d9cadbd1c/sm/snapshot.1_6 time:29
2019-08-28 15:38:08,887 [RatisApplyTransactionExecutor 2] INFO  interfaces.Container (KeyValueContainer.java:flushAndSyncDB(382)) - Container 2 is synced with bcsId 5.
2019-08-28 15:38:08,887 [StateMachineUpdater:cbcdb393-d29b-4c9b-b927-775ed7ad7562:group-852D9CADBD1C] INFO  impl.StateMachineUpdater (StateMachineUpdater.java:takeSnapshot(242)) - StateMachineUpdater:cbcdb393-d29b-4c9b-b927-775ed7ad7562:group-852D9CADBD1C: Took a snapshot at index 6
2019-08-28 15:38:08,888 | INFO  | DNAudit | user=null | ip=null | op=CLOSE_CONTAINER {containerID=2} | ret=SUCCESS |  
2019-08-28 15:38:08,888 [StateMachineUpdater:cbcdb393-d29b-4c9b-b927-775ed7ad7562:group-852D9CADBD1C] INFO  impl.StateMachineUpdater (StateMachineUpdater.java:lambda$new$0(80)) - StateMachineUpdater:cbcdb393-d29b-4c9b-b927-775ed7ad7562:group-852D9CADBD1C: snapshotIndex: updateIncreasingly -1 -> 6
2019-08-28 15:38:08,889 | INFO  | SCMAudit | user=jenkins1000 | ip=192.168.5.160 | op=SEND_HEARTBEAT {datanodeUUID=168d0393-25c1-4434-8d27-e2deb21e39b2, command=[]} | ret=SUCCESS |  
2019-08-28 15:38:08,889 [EventQueue-IncrementalContainerReportForIncrementalContainerReportHandler] INFO  container.IncrementalContainerReportHandler (AbstractContainerReportHandler.java:updateContainerState(176)) - Moving container #2 to CLOSED state, datanode 168d0393-25c1-4434-8d27-e2deb21e39b2{ip: 192.168.5.160, host: pr-hdds-1950-8p5ww-60544353, networkLocation: /default-rack, certSerialId: null} reported CLOSED replica.
2019-08-28 15:38:08,892 [main] INFO  impl.RaftServerImpl (ServerState.java:close(394)) - cbcdb393-d29b-4c9b-b927-775ed7ad7562:group-852D9CADBD1C closes. The last applied log index is 8
2019-08-28 15:38:08,892 [cbcdb393-d29b-4c9b-b927-775ed7ad7562-SegmentedRaftLogWorker:Storage Directory /workdir/hadoop-ozone/integration-test/target/test-dir/MiniOzoneClusterImpl-a8fba89a-ac82-477c-9fb1-63b260b14180/datanode-5/data/ratis/06ad5eeb-7c1b-43db-ae70-852d9cadbd1c] INFO  segmented.SegmentedRaftLogWorker (SegmentedRaftLogWorker.java:run(313)) - cbcdb393-d29b-4c9b-b927-775ed7ad7562-SegmentedRaftLogWorker:Storage Directory /workdir/hadoop-ozone/integration-test/target/test-dir/MiniOzoneClusterImpl-a8fba89a-ac82-477c-9fb1-63b260b14180/datanode-5/data/ratis/06ad5eeb-7c1b-43db-ae70-852d9cadbd1c was interrupted, exiting. There are 0 tasks remaining in the queue.
2019-08-28 15:38:08,895 [main] INFO  segmented.SegmentedRaftLogWorker (SegmentedRaftLogWorker.java:close(228)) - cbcdb393-d29b-4c9b-b927-775ed7ad7562-SegmentedRaftLogWorker:Storage Directory /workdir/hadoop-ozone/integration-test/target/test-dir/MiniOzoneClusterImpl-a8fba89a-ac82-477c-9fb1-63b260b14180/datanode-5/data/ratis/06ad5eeb-7c1b-43db-ae70-852d9cadbd1c close()
2019-08-28 15:38:08,899 [main] INFO  server.GrpcService (GrpcService.java:closeImpl(155)) - cbcdb393-d29b-4c9b-b927-775ed7ad7562: shutdown server with port 40706 now
2019-08-28 15:38:08,901 | INFO  | DNAudit | user=null | ip=null | op=CLOSE_CONTAINER {containerID=2} | ret=SUCCESS |  
2019-08-28 15:38:08,902 | INFO  | SCMAudit | user=jenkins1000 | ip=192.168.5.160 | op=SEND_HEARTBEAT {datanodeUUID=219013ad-c087-4fab-a584-70799b0ddafe, command=[]} | ret=SUCCESS |  
2019-08-28 15:38:08,906 [main] INFO  server.GrpcService (GrpcService.java:closeImpl(163)) - cbcdb393-d29b-4c9b-b927-775ed7ad7562: shutdown server with port 40706 successfully
2019-08-28 15:38:08,906 [grpc-default-executor-1] WARN  server.GrpcServerProtocolService (LogUtils.java:warn(134)) - cbcdb393-d29b-4c9b-b927-775ed7ad7562: appendEntries onError: org.apache.ratis.thirdparty.io.grpc.StatusRuntimeException: CANCELLED: cancelled before receiving half close
2019-08-28 15:38:08,907 [grpc-default-executor-1] WARN  server.GrpcLogAppender (LogUtils.java:warn(134)) - 168d0393-25c1-4434-8d27-e2deb21e39b2->cbcdb393-d29b-4c9b-b927-775ed7ad7562: Failed appendEntries: org.apache.ratis.thirdparty.io.grpc.StatusRuntimeException: CANCELLED: HTTP/2 error code: CANCEL
Received Rst Stream
2019-08-28 15:38:08,911 [grpc-default-executor-1] INFO  impl.FollowerInfo (FollowerInfo.java:lambda$new$0(50)) - 168d0393-25c1-4434-8d27-e2deb21e39b2->cbcdb393-d29b-4c9b-b927-775ed7ad7562: nextIndex: updateUnconditionally 11 -> 10
2019-08-28 15:38:08,911 [main] INFO  utils.BackgroundService (BackgroundService.java:shutdown(148)) - Shutting down service BlockDeletingService
2019-08-28 15:38:08,914 [refreshUsed-/workdir/hadoop-ozone/integration-test/target/test-dir/MiniOzoneClusterImpl-a8fba89a-ac82-477c-9fb1-63b260b14180/datanode-5/data/containers] WARN  fs.CachingGetSpaceUsed (CachingGetSpaceUsed.java:run(183)) - Thread Interrupted waiting to refresh disk information: sleep interrupted
2019-08-28 15:38:08,932 [main] INFO  statemachine.DatanodeStateMachine (DatanodeStateMachine.java:stopDaemon(395)) - Ozone container server stopped.
2019-08-28 15:38:08,936 [main] INFO  handler.ContextHandler (ContextHandler.java:doStop(910)) - Stopped o.e.j.w.WebAppContext@4af7dd6a{/,null,UNAVAILABLE}{/hddsDatanode}
2019-08-28 15:38:08,943 [main] INFO  server.AbstractConnector (AbstractConnector.java:doStop(318)) - Stopped ServerConnector@4607d78b{HTTP/1.1,[http/1.1]}{0.0.0.0:0}
2019-08-28 15:38:08,944 [main] INFO  handler.ContextHandler (ContextHandler.java:doStop(910)) - Stopped o.e.j.s.ServletContextHandler@13e00016{/static,jar:file:/home/user/.m2/repository/org/apache/hadoop/hadoop-hdds-container-service/0.5.0-SNAPSHOT/hadoop-hdds-container-service-0.5.0-SNAPSHOT.jar!/webapps/static,UNAVAILABLE}
2019-08-28 15:38:08,944 [main] INFO  handler.ContextHandler (ContextHandler.java:doStop(910)) - Stopped o.e.j.s.ServletContextHandler@6d6039df{/logs,file:///workdir/hadoop-ozone/integration-test/target/log,UNAVAILABLE}
2019-08-28 15:38:08,946 [main] INFO  datanode.ObjectStoreHandler (ObjectStoreHandler.java:close(155)) - Closing ObjectStoreHandler.
2019-08-28 15:38:08,946 [main] INFO  ozone.HddsDatanodeService (HddsDatanodeService.java:stop(451)) - Stopped plug-in org.apache.hadoop.ozone.web.OzoneHddsDatanodeService@7eee6c13
2019-08-28 15:38:09,213 | INFO  | SCMAudit | user=jenkins1000 | ip=192.168.5.160 | op=SEND_HEARTBEAT {datanodeUUID=578ea7e0-3ff0-4cd3-beda-6082c5b51256, command=[]} | ret=SUCCESS |  
2019-08-28 15:38:09,279 | INFO  | SCMAudit | user=jenkins1000 | ip=192.168.5.160 | op=SEND_HEARTBEAT {datanodeUUID=3e91c9a4-de4c-4d5e-8713-4bbb2c72fd2d, command=[]} | ret=SUCCESS |  
2019-08-28 15:38:09,279 | INFO  | SCMAudit | user=jenkins1000 | ip=192.168.5.160 | op=SEND_HEARTBEAT {datanodeUUID=976e947a-6f22-43cd-add3-f531de7d8b76, command=[]} | ret=SUCCESS |  
2019-08-28 15:38:09,409 | INFO  | SCMAudit | user=jenkins1000 | ip=192.168.5.160 | op=SEND_HEARTBEAT {datanodeUUID=4a62ecd0-042b-43a1-8910-41a77c87c527, command=[]} | ret=SUCCESS |  
2019-08-28 15:38:09,887 [Datanode State Machine Thread - 0] INFO  statemachine.DatanodeStateMachine (DatanodeStateMachine.java:lambda$startDaemon$0(350)) - Ozone container server started.
2019-08-28 15:38:09,901 | INFO  | SCMAudit | user=jenkins1000 | ip=192.168.5.160 | op=SEND_HEARTBEAT {datanodeUUID=219013ad-c087-4fab-a584-70799b0ddafe, command=[]} | ret=SUCCESS |  
2019-08-28 15:38:10,213 | INFO  | SCMAudit | user=jenkins1000 | ip=192.168.5.160 | op=SEND_HEARTBEAT {datanodeUUID=578ea7e0-3ff0-4cd3-beda-6082c5b51256, command=[]} | ret=SUCCESS |  
2019-08-28 15:38:10,280 | INFO  | SCMAudit | user=jenkins1000 | ip=192.168.5.160 | op=SEND_HEARTBEAT {datanodeUUID=3e91c9a4-de4c-4d5e-8713-4bbb2c72fd2d, command=[]} | ret=SUCCESS |  
2019-08-28 15:38:10,280 | INFO  | SCMAudit | user=jenkins1000 | ip=192.168.5.160 | op=SEND_HEARTBEAT {datanodeUUID=976e947a-6f22-43cd-add3-f531de7d8b76, command=[]} | ret=SUCCESS |  
2019-08-28 15:38:10,410 | INFO  | SCMAudit | user=jenkins1000 | ip=192.168.5.160 | op=SEND_HEARTBEAT {datanodeUUID=4a62ecd0-042b-43a1-8910-41a77c87c527, command=[]} | ret=SUCCESS |  
2019-08-28 15:38:10,901 | INFO  | SCMAudit | user=jenkins1000 | ip=192.168.5.160 | op=SEND_HEARTBEAT {datanodeUUID=219013ad-c087-4fab-a584-70799b0ddafe, command=[]} | ret=SUCCESS |  
2019-08-28 15:38:11,214 | INFO  | SCMAudit | user=jenkins1000 | ip=192.168.5.160 | op=SEND_HEARTBEAT {datanodeUUID=578ea7e0-3ff0-4cd3-beda-6082c5b51256, command=[]} | ret=SUCCESS |  
2019-08-28 15:38:11,279 | INFO  | SCMAudit | user=jenkins1000 | ip=192.168.5.160 | op=SEND_HEARTBEAT {datanodeUUID=3e91c9a4-de4c-4d5e-8713-4bbb2c72fd2d, command=[]} | ret=SUCCESS |  
2019-08-28 15:38:11,280 | INFO  | SCMAudit | user=jenkins1000 | ip=192.168.5.160 | op=SEND_HEARTBEAT {datanodeUUID=976e947a-6f22-43cd-add3-f531de7d8b76, command=[]} | ret=SUCCESS |  
2019-08-28 15:38:11,377 [grpc-default-executor-1] WARN  server.GrpcLogAppender (LogUtils.java:warn(134)) - 168d0393-25c1-4434-8d27-e2deb21e39b2->cbcdb393-d29b-4c9b-b927-775ed7ad7562: Failed appendEntries: org.apache.ratis.thirdparty.io.grpc.StatusRuntimeException: UNAVAILABLE: io exception
2019-08-28 15:38:11,379 [grpc-default-executor-1] INFO  impl.FollowerInfo (FollowerInfo.java:lambda$new$0(50)) - 168d0393-25c1-4434-8d27-e2deb21e39b2->cbcdb393-d29b-4c9b-b927-775ed7ad7562: nextIndex: updateUnconditionally 10 -> 9
2019-08-28 15:38:11,409 | INFO  | SCMAudit | user=jenkins1000 | ip=192.168.5.160 | op=SEND_HEARTBEAT {datanodeUUID=4a62ecd0-042b-43a1-8910-41a77c87c527, command=[]} | ret=SUCCESS |  
2019-08-28 15:38:11,901 | INFO  | SCMAudit | user=jenkins1000 | ip=192.168.5.160 | op=SEND_HEARTBEAT {datanodeUUID=219013ad-c087-4fab-a584-70799b0ddafe, command=[]} | ret=SUCCESS |  
2019-08-28 15:38:11,962 [EventQueue-StaleNodeForStaleNodeHandler] INFO  node.StaleNodeHandler (StaleNodeHandler.java:onMessage(58)) - Datanode 168d0393-25c1-4434-8d27-e2deb21e39b2{ip: 192.168.5.160, host: pr-hdds-1950-8p5ww-60544353, networkLocation: /default-rack, certSerialId: null} moved to stale state. Finalizing its pipelines [PipelineID=d3c33521-f20a-44de-b810-5aba00a22738, PipelineID=06ad5eeb-7c1b-43db-ae70-852d9cadbd1c]
2019-08-28 15:38:11,963 [EventQueue-StaleNodeForStaleNodeHandler] INFO  pipeline.SCMPipelineManager (SCMPipelineManager.java:finalizeAndDestroyPipeline(309)) - destroying pipeline:Pipeline[ Id: d3c33521-f20a-44de-b810-5aba00a22738, Nodes: 168d0393-25c1-4434-8d27-e2deb21e39b2{ip: 192.168.5.160, host: pr-hdds-1950-8p5ww-60544353, networkLocation: /default-rack, certSerialId: null}, Type:RATIS, Factor:ONE, State:OPEN]
2019-08-28 15:38:11,963 [EventQueue-StaleNodeForStaleNodeHandler] INFO  pipeline.PipelineStateManager (PipelineStateManager.java:finalizePipeline(123)) - Pipeline Pipeline[ Id: d3c33521-f20a-44de-b810-5aba00a22738, Nodes: 168d0393-25c1-4434-8d27-e2deb21e39b2{ip: 192.168.5.160, host: pr-hdds-1950-8p5ww-60544353, networkLocation: /default-rack, certSerialId: null}, Type:RATIS, Factor:ONE, State:CLOSED] moved to CLOSED state
2019-08-28 15:38:11,963 [EventQueue-StaleNodeForStaleNodeHandler] INFO  pipeline.SCMPipelineManager (SCMPipelineManager.java:finalizeAndDestroyPipeline(309)) - destroying pipeline:Pipeline[ Id: 06ad5eeb-7c1b-43db-ae70-852d9cadbd1c, Nodes: cbcdb393-d29b-4c9b-b927-775ed7ad7562{ip: 192.168.5.160, host: pr-hdds-1950-8p5ww-60544353, networkLocation: /default-rack, certSerialId: null}168d0393-25c1-4434-8d27-e2deb21e39b2{ip: 192.168.5.160, host: pr-hdds-1950-8p5ww-60544353, networkLocation: /default-rack, certSerialId: null}219013ad-c087-4fab-a584-70799b0ddafe{ip: 192.168.5.160, host: pr-hdds-1950-8p5ww-60544353, networkLocation: /default-rack, certSerialId: null}, Type:RATIS, Factor:THREE, State:CLOSED]
2019-08-28 15:38:12,213 | INFO  | SCMAudit | user=jenkins1000 | ip=192.168.5.160 | op=SEND_HEARTBEAT {datanodeUUID=578ea7e0-3ff0-4cd3-beda-6082c5b51256, command=[]} | ret=SUCCESS |  
2019-08-28 15:38:12,280 | INFO  | SCMAudit | user=jenkins1000 | ip=192.168.5.160 | op=SEND_HEARTBEAT {datanodeUUID=3e91c9a4-de4c-4d5e-8713-4bbb2c72fd2d, command=[]} | ret=SUCCESS |  
2019-08-28 15:38:12,280 | INFO  | SCMAudit | user=jenkins1000 | ip=192.168.5.160 | op=SEND_HEARTBEAT {datanodeUUID=976e947a-6f22-43cd-add3-f531de7d8b76, command=[]} | ret=SUCCESS |  
2019-08-28 15:38:12,409 | INFO  | SCMAudit | user=jenkins1000 | ip=192.168.5.160 | op=SEND_HEARTBEAT {datanodeUUID=4a62ecd0-042b-43a1-8910-41a77c87c527, command=[]} | ret=SUCCESS |  
2019-08-28 15:38:12,901 | INFO  | SCMAudit | user=jenkins1000 | ip=192.168.5.160 | op=SEND_HEARTBEAT {datanodeUUID=219013ad-c087-4fab-a584-70799b0ddafe, command=[]} | ret=SUCCESS |  
2019-08-28 15:38:13,213 | INFO  | SCMAudit | user=jenkins1000 | ip=192.168.5.160 | op=SEND_HEARTBEAT {datanodeUUID=578ea7e0-3ff0-4cd3-beda-6082c5b51256, command=[]} | ret=SUCCESS |  
2019-08-28 15:38:13,280 | INFO  | SCMAudit | user=jenkins1000 | ip=192.168.5.160 | op=SEND_HEARTBEAT {datanodeUUID=3e91c9a4-de4c-4d5e-8713-4bbb2c72fd2d, command=[]} | ret=SUCCESS |  
2019-08-28 15:38:13,280 | INFO  | SCMAudit | user=jenkins1000 | ip=192.168.5.160 | op=SEND_HEARTBEAT {datanodeUUID=976e947a-6f22-43cd-add3-f531de7d8b76, command=[]} | ret=SUCCESS |  
2019-08-28 15:38:13,409 | INFO  | SCMAudit | user=jenkins1000 | ip=192.168.5.160 | op=SEND_HEARTBEAT {datanodeUUID=4a62ecd0-042b-43a1-8910-41a77c87c527, command=[]} | ret=SUCCESS |  
2019-08-28 15:38:13,876 [grpc-default-executor-2] WARN  server.GrpcLogAppender (LogUtils.java:warn(134)) - 168d0393-25c1-4434-8d27-e2deb21e39b2->cbcdb393-d29b-4c9b-b927-775ed7ad7562: Failed appendEntries: org.apache.ratis.thirdparty.io.grpc.StatusRuntimeException: UNAVAILABLE: io exception
2019-08-28 15:38:13,882 [grpc-default-executor-2] INFO  impl.FollowerInfo (FollowerInfo.java:lambda$new$0(50)) - 168d0393-25c1-4434-8d27-e2deb21e39b2->cbcdb393-d29b-4c9b-b927-775ed7ad7562: nextIndex: updateUnconditionally 9 -> 8
2019-08-28 15:38:13,902 | INFO  | SCMAudit | user=jenkins1000 | ip=192.168.5.160 | op=SEND_HEARTBEAT {datanodeUUID=219013ad-c087-4fab-a584-70799b0ddafe, command=[]} | ret=SUCCESS |  
2019-08-28 15:38:13,947 [main] INFO  ozoneimpl.OzoneContainer (OzoneContainer.java:stop(199)) - Attempting to stop container services.
2019-08-28 15:38:13,948 [main] INFO  impl.RaftServerProxy (RaftServerProxy.java:lambda$close$4(314)) - 168d0393-25c1-4434-8d27-e2deb21e39b2: close
2019-08-28 15:38:13,948 [main] INFO  impl.RaftServerImpl (RaftServerImpl.java:lambda$shutdown$3(245)) - 168d0393-25c1-4434-8d27-e2deb21e39b2: shutdown group-5ABA00A22738
2019-08-28 15:38:13,948 [ForkJoinPool.commonPool-worker-0] INFO  impl.RaftServerImpl (RaftServerImpl.java:lambda$shutdown$3(245)) - 168d0393-25c1-4434-8d27-e2deb21e39b2: shutdown group-852D9CADBD1C
2019-08-28 15:38:13,948 [main] INFO  util.JmxRegister (JmxRegister.java:unregister(73)) - Successfully un-registered JMX Bean with object name Ratis:service=RaftServer,group=group-5ABA00A22738,id=168d0393-25c1-4434-8d27-e2deb21e39b2
2019-08-28 15:38:13,949 [ForkJoinPool.commonPool-worker-0] INFO  util.JmxRegister (JmxRegister.java:unregister(73)) - Successfully un-registered JMX Bean with object name Ratis:service=RaftServer,group=group-852D9CADBD1C,id=168d0393-25c1-4434-8d27-e2deb21e39b2
2019-08-28 15:38:13,949 [main] INFO  impl.RoleInfo (RoleInfo.java:shutdownLeaderState(104)) - 168d0393-25c1-4434-8d27-e2deb21e39b2: shutdown LeaderState
2019-08-28 15:38:13,949 [ForkJoinPool.commonPool-worker-0] INFO  impl.RoleInfo (RoleInfo.java:shutdownLeaderState(104)) - 168d0393-25c1-4434-8d27-e2deb21e39b2: shutdown LeaderState
2019-08-28 15:38:13,949 [main] INFO  impl.PendingRequests (PendingRequests.java:sendNotLeaderResponses(202)) - 168d0393-25c1-4434-8d27-e2deb21e39b2-PendingRequests: sendNotLeaderResponses
2019-08-28 15:38:13,955 [ForkJoinPool.commonPool-worker-0] INFO  impl.PendingRequests (PendingRequests.java:sendNotLeaderResponses(202)) - 168d0393-25c1-4434-8d27-e2deb21e39b2-PendingRequests: sendNotLeaderResponses
2019-08-28 15:38:13,958 [org.apache.ratis.server.impl.LogAppender$AppenderDaemon$$Lambda$485/1425188612@2adaec74] WARN  server.GrpcLogAppender (GrpcLogAppender.java:mayWait(143)) - GrpcLogAppender(168d0393-25c1-4434-8d27-e2deb21e39b2->219013ad-c087-4fab-a584-70799b0ddafe): Wait interrupted by java.lang.InterruptedException
2019-08-28 15:38:13,958 [org.apache.ratis.server.impl.LogAppender$AppenderDaemon$$Lambda$485/1425188612@500da0d4] WARN  server.GrpcLogAppender (GrpcLogAppender.java:mayWait(143)) - GrpcLogAppender(168d0393-25c1-4434-8d27-e2deb21e39b2->cbcdb393-d29b-4c9b-b927-775ed7ad7562): Wait interrupted by java.lang.InterruptedException
2019-08-28 15:38:13,958 [main] INFO  impl.StateMachineUpdater (StateMachineUpdater.java:stopAndJoin(115)) - StateMachineUpdater:168d0393-25c1-4434-8d27-e2deb21e39b2:group-5ABA00A22738: set stopIndex = 0
2019-08-28 15:38:13,961 [main] INFO  impl.RaftServerImpl (ServerState.java:close(394)) - 168d0393-25c1-4434-8d27-e2deb21e39b2:group-5ABA00A22738 closes. The last applied log index is 0
2019-08-28 15:38:13,962 [168d0393-25c1-4434-8d27-e2deb21e39b2-SegmentedRaftLogWorker:Storage Directory /workdir/hadoop-ozone/integration-test/target/test-dir/MiniOzoneClusterImpl-a8fba89a-ac82-477c-9fb1-63b260b14180/datanode-6/data/ratis/d3c33521-f20a-44de-b810-5aba00a22738] INFO  segmented.SegmentedRaftLogWorker (SegmentedRaftLogWorker.java:run(313)) - 168d0393-25c1-4434-8d27-e2deb21e39b2-SegmentedRaftLogWorker:Storage Directory /workdir/hadoop-ozone/integration-test/target/test-dir/MiniOzoneClusterImpl-a8fba89a-ac82-477c-9fb1-63b260b14180/datanode-6/data/ratis/d3c33521-f20a-44de-b810-5aba00a22738 was interrupted, exiting. There are 0 tasks remaining in the queue.
2019-08-28 15:38:13,964 [grpc-default-executor-0] INFO  server.GrpcServerProtocolService (GrpcServerProtocolService.java:onCompleted(104)) - 219013ad-c087-4fab-a584-70799b0ddafe: appendEntries completed
2019-08-28 15:38:13,975 [main] INFO  segmented.SegmentedRaftLogWorker (SegmentedRaftLogWorker.java:close(228)) - 168d0393-25c1-4434-8d27-e2deb21e39b2-SegmentedRaftLogWorker:Storage Directory /workdir/hadoop-ozone/integration-test/target/test-dir/MiniOzoneClusterImpl-a8fba89a-ac82-477c-9fb1-63b260b14180/datanode-6/data/ratis/d3c33521-f20a-44de-b810-5aba00a22738 close()
2019-08-28 15:38:13,985 [grpc-default-executor-0] INFO  server.GrpcLogAppender (GrpcLogAppender.java:onCompleted(292)) - 168d0393-25c1-4434-8d27-e2deb21e39b2->219013ad-c087-4fab-a584-70799b0ddafe: follower responses appendEntries COMPLETED
2019-08-28 15:38:13,988 [grpc-default-executor-0] INFO  impl.FollowerInfo (FollowerInfo.java:lambda$new$0(50)) - 168d0393-25c1-4434-8d27-e2deb21e39b2->219013ad-c087-4fab-a584-70799b0ddafe: nextIndex: updateUnconditionally 11 -> 10
2019-08-28 15:38:13,988 [StateMachineUpdater:168d0393-25c1-4434-8d27-e2deb21e39b2:group-852D9CADBD1C] INFO  ratis.ContainerStateMachine (ContainerStateMachine.java:takeSnapshot(283)) - group-852D9CADBD1C: Taking a snapshot at:(t:1, i:10) file /workdir/hadoop-ozone/integration-test/target/test-dir/MiniOzoneClusterImpl-a8fba89a-ac82-477c-9fb1-63b260b14180/datanode-6/data/ratis/06ad5eeb-7c1b-43db-ae70-852d9cadbd1c/sm/snapshot.1_10
2019-08-28 15:38:13,988 [ForkJoinPool.commonPool-worker-0] INFO  impl.StateMachineUpdater (StateMachineUpdater.java:stopAndJoin(115)) - StateMachineUpdater:168d0393-25c1-4434-8d27-e2deb21e39b2:group-852D9CADBD1C: set stopIndex = 10
2019-08-28 15:38:13,995 [StateMachineUpdater:168d0393-25c1-4434-8d27-e2deb21e39b2:group-852D9CADBD1C] INFO  ratis.ContainerStateMachine (ContainerStateMachine.java:takeSnapshot(294)) - group-852D9CADBD1C: Finished taking a snapshot at:(t:1, i:10) file:/workdir/hadoop-ozone/integration-test/target/test-dir/MiniOzoneClusterImpl-a8fba89a-ac82-477c-9fb1-63b260b14180/datanode-6/data/ratis/06ad5eeb-7c1b-43db-ae70-852d9cadbd1c/sm/snapshot.1_10 time:6
2019-08-28 15:38:13,995 [StateMachineUpdater:168d0393-25c1-4434-8d27-e2deb21e39b2:group-852D9CADBD1C] INFO  impl.StateMachineUpdater (StateMachineUpdater.java:takeSnapshot(242)) - StateMachineUpdater:168d0393-25c1-4434-8d27-e2deb21e39b2:group-852D9CADBD1C: Took a snapshot at index 10
2019-08-28 15:38:13,995 [StateMachineUpdater:168d0393-25c1-4434-8d27-e2deb21e39b2:group-852D9CADBD1C] INFO  impl.StateMachineUpdater (StateMachineUpdater.java:lambda$new$0(80)) - StateMachineUpdater:168d0393-25c1-4434-8d27-e2deb21e39b2:group-852D9CADBD1C: snapshotIndex: updateIncreasingly -1 -> 10
2019-08-28 15:38:13,996 [ForkJoinPool.commonPool-worker-0] INFO  impl.RaftServerImpl (ServerState.java:close(394)) - 168d0393-25c1-4434-8d27-e2deb21e39b2:group-852D9CADBD1C closes. The last applied log index is 10
2019-08-28 15:38:13,996 [168d0393-25c1-4434-8d27-e2deb21e39b2-SegmentedRaftLogWorker:Storage Directory /workdir/hadoop-ozone/integration-test/target/test-dir/MiniOzoneClusterImpl-a8fba89a-ac82-477c-9fb1-63b260b14180/datanode-6/data/ratis/06ad5eeb-7c1b-43db-ae70-852d9cadbd1c] INFO  segmented.SegmentedRaftLogWorker (SegmentedRaftLogWorker.java:run(313)) - 168d0393-25c1-4434-8d27-e2deb21e39b2-SegmentedRaftLogWorker:Storage Directory /workdir/hadoop-ozone/integration-test/target/test-dir/MiniOzoneClusterImpl-a8fba89a-ac82-477c-9fb1-63b260b14180/datanode-6/data/ratis/06ad5eeb-7c1b-43db-ae70-852d9cadbd1c was interrupted, exiting. There are 0 tasks remaining in the queue.
2019-08-28 15:38:13,999 [ForkJoinPool.commonPool-worker-0] INFO  segmented.SegmentedRaftLogWorker (SegmentedRaftLogWorker.java:close(228)) - 168d0393-25c1-4434-8d27-e2deb21e39b2-SegmentedRaftLogWorker:Storage Directory /workdir/hadoop-ozone/integration-test/target/test-dir/MiniOzoneClusterImpl-a8fba89a-ac82-477c-9fb1-63b260b14180/datanode-6/data/ratis/06ad5eeb-7c1b-43db-ae70-852d9cadbd1c close()
2019-08-28 15:38:14,004 [main] INFO  server.GrpcService (GrpcService.java:closeImpl(155)) - 168d0393-25c1-4434-8d27-e2deb21e39b2: shutdown server with port 44586 now
2019-08-28 15:38:14,005 [main] INFO  server.GrpcService (GrpcService.java:closeImpl(163)) - 168d0393-25c1-4434-8d27-e2deb21e39b2: shutdown server with port 44586 successfully
2019-08-28 15:38:14,008 [main] INFO  utils.BackgroundService (BackgroundService.java:shutdown(148)) - Shutting down service BlockDeletingService
2019-08-28 15:38:14,011 [refreshUsed-/workdir/hadoop-ozone/integration-test/target/test-dir/MiniOzoneClusterImpl-a8fba89a-ac82-477c-9fb1-63b260b14180/datanode-6/data/containers] WARN  fs.CachingGetSpaceUsed (CachingGetSpaceUsed.java:run(183)) - Thread Interrupted waiting to refresh disk information: sleep interrupted
2019-08-28 15:38:14,027 [main] INFO  statemachine.DatanodeStateMachine (DatanodeStateMachine.java:stopDaemon(395)) - Ozone container server stopped.
2019-08-28 15:38:14,031 [main] INFO  handler.ContextHandler (ContextHandler.java:doStop(910)) - Stopped o.e.j.w.WebAppContext@6def0632{/,null,UNAVAILABLE}{/hddsDatanode}
2019-08-28 15:38:14,032 [main] INFO  server.AbstractConnector (AbstractConnector.java:doStop(318)) - Stopped ServerConnector@49038f97{HTTP/1.1,[http/1.1]}{0.0.0.0:0}
2019-08-28 15:38:14,032 [main] INFO  handler.ContextHandler (ContextHandler.java:doStop(910)) - Stopped o.e.j.s.ServletContextHandler@5e69cf07{/static,jar:file:/home/user/.m2/repository/org/apache/hadoop/hadoop-hdds-container-service/0.5.0-SNAPSHOT/hadoop-hdds-container-service-0.5.0-SNAPSHOT.jar!/webapps/static,UNAVAILABLE}
2019-08-28 15:38:14,033 [main] INFO  handler.ContextHandler (ContextHandler.java:doStop(910)) - Stopped o.e.j.s.ServletContextHandler@1a7163e3{/logs,file:///workdir/hadoop-ozone/integration-test/target/log,UNAVAILABLE}
]]></system-out>
  </testcase>
</testsuite>